<?xml version="1.0" encoding="UTF-8"?>
<testsuite xmlns:xsi="http://www.w3.org/2001/XMLSchema-instance" xsi:noNamespaceSchemaLocation="https://maven.apache.org/surefire/maven-surefire-plugin/xsd/surefire-test-report.xsd" name="org.apache.hadoop.fs.ozone.TestOzoneFSInputStream" time="47.46" tests="1" errors="1" skipped="0" failures="0">
  <properties>
    <property name="awt.toolkit" value="sun.awt.X11.XToolkit"/>
    <property name="file.encoding.pkg" value="sun.io"/>
    <property name="java.specification.version" value="1.8"/>
    <property name="sun.cpu.isalist" value=""/>
    <property name="sun.jnu.encoding" value="UTF-8"/>
    <property name="java.class.path" value="/workdir/hadoop-ozone/ozonefs/target/test-classes:/workdir/hadoop-ozone/ozonefs/target/classes:/home/user/.m2/repository/org/apache/hadoop/hadoop-common/3.2.0/hadoop-common-3.2.0.jar:/home/user/.m2/repository/org/apache/hadoop/hadoop-annotations/3.2.0/hadoop-annotations-3.2.0.jar:/usr/lib/jvm/java-1.8-openjdk/jre/../lib/tools.jar:/home/user/.m2/repository/com/google/guava/guava/11.0.2/guava-11.0.2.jar:/home/user/.m2/repository/commons-cli/commons-cli/1.2/commons-cli-1.2.jar:/home/user/.m2/repository/org/apache/commons/commons-math3/3.1.1/commons-math3-3.1.1.jar:/home/user/.m2/repository/org/apache/httpcomponents/httpclient/4.5.2/httpclient-4.5.2.jar:/home/user/.m2/repository/org/apache/httpcomponents/httpcore/4.4.4/httpcore-4.4.4.jar:/home/user/.m2/repository/commons-codec/commons-codec/1.11/commons-codec-1.11.jar:/home/user/.m2/repository/commons-io/commons-io/2.5/commons-io-2.5.jar:/home/user/.m2/repository/commons-net/commons-net/3.6/commons-net-3.6.jar:/home/user/.m2/repository/commons-collections/commons-collections/3.2.2/commons-collections-3.2.2.jar:/home/user/.m2/repository/javax/servlet/javax.servlet-api/3.1.0/javax.servlet-api-3.1.0.jar:/home/user/.m2/repository/org/eclipse/jetty/jetty-server/9.3.25.v20180904/jetty-server-9.3.25.v20180904.jar:/home/user/.m2/repository/org/eclipse/jetty/jetty-http/9.3.25.v20180904/jetty-http-9.3.25.v20180904.jar:/home/user/.m2/repository/org/eclipse/jetty/jetty-io/9.3.25.v20180904/jetty-io-9.3.25.v20180904.jar:/home/user/.m2/repository/org/eclipse/jetty/jetty-util/9.3.25.v20180904/jetty-util-9.3.25.v20180904.jar:/home/user/.m2/repository/org/eclipse/jetty/jetty-servlet/9.3.25.v20180904/jetty-servlet-9.3.25.v20180904.jar:/home/user/.m2/repository/org/eclipse/jetty/jetty-security/9.3.25.v20180904/jetty-security-9.3.25.v20180904.jar:/home/user/.m2/repository/org/eclipse/jetty/jetty-webapp/9.3.25.v20180904/jetty-webapp-9.3.25.v20180904.jar:/home/user/.m2/repository/org/eclipse/jetty/jetty-xml/9.3.25.v20180904/jetty-xml-9.3.25.v20180904.jar:/home/user/.m2/repository/javax/servlet/jsp/jsp-api/2.1/jsp-api-2.1.jar:/home/user/.m2/repository/com/sun/jersey/jersey-core/1.19/jersey-core-1.19.jar:/home/user/.m2/repository/javax/ws/rs/jsr311-api/1.1.1/jsr311-api-1.1.1.jar:/home/user/.m2/repository/com/sun/jersey/jersey-servlet/1.19/jersey-servlet-1.19.jar:/home/user/.m2/repository/com/sun/jersey/jersey-json/1.19/jersey-json-1.19.jar:/home/user/.m2/repository/org/codehaus/jettison/jettison/1.1/jettison-1.1.jar:/home/user/.m2/repository/com/sun/xml/bind/jaxb-impl/2.3.0.1/jaxb-impl-2.3.0.1.jar:/home/user/.m2/repository/org/codehaus/jackson/jackson-core-asl/1.9.13/jackson-core-asl-1.9.13.jar:/home/user/.m2/repository/org/codehaus/jackson/jackson-mapper-asl/1.9.13/jackson-mapper-asl-1.9.13.jar:/home/user/.m2/repository/org/codehaus/jackson/jackson-jaxrs/1.9.13/jackson-jaxrs-1.9.13.jar:/home/user/.m2/repository/org/codehaus/jackson/jackson-xc/1.9.13/jackson-xc-1.9.13.jar:/home/user/.m2/repository/com/sun/jersey/jersey-server/1.19/jersey-server-1.19.jar:/home/user/.m2/repository/commons-logging/commons-logging/1.1.3/commons-logging-1.1.3.jar:/home/user/.m2/repository/log4j/log4j/1.2.17/log4j-1.2.17.jar:/home/user/.m2/repository/commons-beanutils/commons-beanutils/1.9.4/commons-beanutils-1.9.4.jar:/home/user/.m2/repository/org/apache/commons/commons-configuration2/2.1.1/commons-configuration2-2.1.1.jar:/home/user/.m2/repository/org/apache/commons/commons-lang3/3.7/commons-lang3-3.7.jar:/home/user/.m2/repository/org/apache/commons/commons-text/1.4/commons-text-1.4.jar:/home/user/.m2/repository/org/slf4j/slf4j-api/1.7.25/slf4j-api-1.7.25.jar:/home/user/.m2/repository/org/slf4j/slf4j-log4j12/1.7.25/slf4j-log4j12-1.7.25.jar:/home/user/.m2/repository/org/apache/avro/avro/1.7.7/avro-1.7.7.jar:/home/user/.m2/repository/com/thoughtworks/paranamer/paranamer/2.3/paranamer-2.3.jar:/home/user/.m2/repository/org/xerial/snappy/snappy-java/1.0.5/snappy-java-1.0.5.jar:/home/user/.m2/repository/com/google/re2j/re2j/1.1/re2j-1.1.jar:/home/user/.m2/repository/com/google/protobuf/protobuf-java/2.5.0/protobuf-java-2.5.0.jar:/home/user/.m2/repository/com/google/code/gson/gson/2.2.4/gson-2.2.4.jar:/home/user/.m2/repository/org/apache/hadoop/hadoop-auth/3.2.0/hadoop-auth-3.2.0.jar:/home/user/.m2/repository/com/nimbusds/nimbus-jose-jwt/4.41.1/nimbus-jose-jwt-4.41.1.jar:/home/user/.m2/repository/com/github/stephenc/jcip/jcip-annotations/1.0-1/jcip-annotations-1.0-1.jar:/home/user/.m2/repository/net/minidev/json-smart/2.3/json-smart-2.3.jar:/home/user/.m2/repository/net/minidev/accessors-smart/1.2/accessors-smart-1.2.jar:/home/user/.m2/repository/org/apache/curator/curator-framework/2.12.0/curator-framework-2.12.0.jar:/home/user/.m2/repository/com/jcraft/jsch/0.1.54/jsch-0.1.54.jar:/home/user/.m2/repository/org/apache/curator/curator-client/2.12.0/curator-client-2.12.0.jar:/home/user/.m2/repository/org/apache/curator/curator-recipes/2.12.0/curator-recipes-2.12.0.jar:/home/user/.m2/repository/com/google/code/findbugs/jsr305/3.0.0/jsr305-3.0.0.jar:/home/user/.m2/repository/org/apache/htrace/htrace-core4/4.1.0-incubating/htrace-core4-4.1.0-incubating.jar:/home/user/.m2/repository/org/apache/zookeeper/zookeeper/3.4.13/zookeeper-3.4.13.jar:/home/user/.m2/repository/jline/jline/0.9.94/jline-0.9.94.jar:/home/user/.m2/repository/org/apache/yetus/audience-annotations/0.5.0/audience-annotations-0.5.0.jar:/home/user/.m2/repository/org/apache/commons/commons-compress/1.4.1/commons-compress-1.4.1.jar:/home/user/.m2/repository/org/tukaani/xz/1.0/xz-1.0.jar:/home/user/.m2/repository/org/apache/kerby/kerb-simplekdc/1.0.1/kerb-simplekdc-1.0.1.jar:/home/user/.m2/repository/org/apache/kerby/kerb-client/1.0.1/kerb-client-1.0.1.jar:/home/user/.m2/repository/org/apache/kerby/kerby-config/1.0.1/kerby-config-1.0.1.jar:/home/user/.m2/repository/org/apache/kerby/kerb-core/1.0.1/kerb-core-1.0.1.jar:/home/user/.m2/repository/org/apache/kerby/kerby-pkix/1.0.1/kerby-pkix-1.0.1.jar:/home/user/.m2/repository/org/apache/kerby/kerby-asn1/1.0.1/kerby-asn1-1.0.1.jar:/home/user/.m2/repository/org/apache/kerby/kerby-util/1.0.1/kerby-util-1.0.1.jar:/home/user/.m2/repository/org/apache/kerby/kerb-common/1.0.1/kerb-common-1.0.1.jar:/home/user/.m2/repository/org/apache/kerby/kerb-crypto/1.0.1/kerb-crypto-1.0.1.jar:/home/user/.m2/repository/org/apache/kerby/kerb-util/1.0.1/kerb-util-1.0.1.jar:/home/user/.m2/repository/org/apache/kerby/token-provider/1.0.1/token-provider-1.0.1.jar:/home/user/.m2/repository/org/apache/kerby/kerb-admin/1.0.1/kerb-admin-1.0.1.jar:/home/user/.m2/repository/org/apache/kerby/kerb-server/1.0.1/kerb-server-1.0.1.jar:/home/user/.m2/repository/org/apache/kerby/kerb-identity/1.0.1/kerb-identity-1.0.1.jar:/home/user/.m2/repository/org/apache/kerby/kerby-xdr/1.0.1/kerby-xdr-1.0.1.jar:/home/user/.m2/repository/com/fasterxml/jackson/core/jackson-databind/2.9.9/jackson-databind-2.9.9.jar:/home/user/.m2/repository/com/fasterxml/jackson/core/jackson-annotations/2.9.9/jackson-annotations-2.9.9.jar:/home/user/.m2/repository/com/fasterxml/jackson/core/jackson-core/2.9.9/jackson-core-2.9.9.jar:/home/user/.m2/repository/org/codehaus/woodstox/stax2-api/3.1.4/stax2-api-3.1.4.jar:/home/user/.m2/repository/com/fasterxml/woodstox/woodstox-core/5.0.3/woodstox-core-5.0.3.jar:/home/user/.m2/repository/dnsjava/dnsjava/2.1.7/dnsjava-2.1.7.jar:/home/user/.m2/repository/org/apache/hadoop/hadoop-hdfs/3.2.0/hadoop-hdfs-3.2.0.jar:/home/user/.m2/repository/org/eclipse/jetty/jetty-util-ajax/9.3.25.v20180904/jetty-util-ajax-9.3.25.v20180904.jar:/home/user/.m2/repository/commons-daemon/commons-daemon/1.0.13/commons-daemon-1.0.13.jar:/home/user/.m2/repository/io/netty/netty/3.10.5.Final/netty-3.10.5.Final.jar:/home/user/.m2/repository/io/netty/netty-all/4.0.52.Final/netty-all-4.0.52.Final.jar:/home/user/.m2/repository/org/fusesource/leveldbjni/leveldbjni-all/1.8/leveldbjni-all-1.8.jar:/home/user/.m2/repository/org/apache/hadoop/hadoop-hdds-common/0.5.0-SNAPSHOT/hadoop-hdds-common-0.5.0-SNAPSHOT.jar:/home/user/.m2/repository/org/apache/hadoop/hadoop-hdds-config/0.5.0-SNAPSHOT/hadoop-hdds-config-0.5.0-SNAPSHOT.jar:/home/user/.m2/repository/javax/annotation/javax.annotation-api/1.2/javax.annotation-api-1.2.jar:/home/user/.m2/repository/org/apache/ratis/ratis-server/0.4.0/ratis-server-0.4.0.jar:/home/user/.m2/repository/org/apache/ratis/ratis-thirdparty-misc/0.2.0/ratis-thirdparty-misc-0.2.0.jar:/home/user/.m2/repository/org/apache/ratis/ratis-proto/0.4.0/ratis-proto-0.4.0.jar:/home/user/.m2/repository/org/apache/ratis/ratis-common/0.4.0/ratis-common-0.4.0.jar:/home/user/.m2/repository/org/apache/ratis/ratis-client/0.4.0/ratis-client-0.4.0.jar:/home/user/.m2/repository/org/apache/ratis/ratis-metrics/0.4.0/ratis-metrics-0.4.0.jar:/home/user/.m2/repository/com/github/joshelser/dropwizard-metrics-hadoop-metrics2-reporter/0.1.2/dropwizard-metrics-hadoop-metrics2-reporter-0.1.2.jar:/home/user/.m2/repository/io/dropwizard/metrics/metrics-jvm/3.2.5/metrics-jvm-3.2.5.jar:/home/user/.m2/repository/io/dropwizard/metrics/metrics-ganglia/3.2.5/metrics-ganglia-3.2.5.jar:/home/user/.m2/repository/info/ganglia/gmetric4j/gmetric4j/1.0.7/gmetric4j-1.0.7.jar:/home/user/.m2/repository/org/apache/ratis/ratis-netty/0.4.0/ratis-netty-0.4.0.jar:/home/user/.m2/repository/org/apache/ratis/ratis-grpc/0.4.0/ratis-grpc-0.4.0.jar:/home/user/.m2/repository/org/rocksdb/rocksdbjni/6.0.1/rocksdbjni-6.0.1.jar:/home/user/.m2/repository/org/apache/logging/log4j/log4j-api/2.11.0/log4j-api-2.11.0.jar:/home/user/.m2/repository/org/apache/logging/log4j/log4j-core/2.11.0/log4j-core-2.11.0.jar:/home/user/.m2/repository/com/lmax/disruptor/3.4.2/disruptor-3.4.2.jar:/home/user/.m2/repository/org/apache/commons/commons-pool2/2.6.0/commons-pool2-2.6.0.jar:/home/user/.m2/repository/org/bouncycastle/bcpkix-jdk15on/1.60/bcpkix-jdk15on-1.60.jar:/home/user/.m2/repository/commons-validator/commons-validator/1.6/commons-validator-1.6.jar:/home/user/.m2/repository/commons-digester/commons-digester/1.8.1/commons-digester-1.8.1.jar:/home/user/.m2/repository/io/jaegertracing/jaeger-client/0.34.0/jaeger-client-0.34.0.jar:/home/user/.m2/repository/io/jaegertracing/jaeger-thrift/0.34.0/jaeger-thrift-0.34.0.jar:/home/user/.m2/repository/org/apache/thrift/libthrift/0.12.0/libthrift-0.12.0.jar:/home/user/.m2/repository/com/squareup/okhttp3/okhttp/3.9.0/okhttp-3.9.0.jar:/home/user/.m2/repository/com/squareup/okio/okio/1.13.0/okio-1.13.0.jar:/home/user/.m2/repository/io/jaegertracing/jaeger-core/0.34.0/jaeger-core-0.34.0.jar:/home/user/.m2/repository/io/jaegertracing/jaeger-tracerresolver/0.34.0/jaeger-tracerresolver-0.34.0.jar:/home/user/.m2/repository/io/opentracing/contrib/opentracing-tracerresolver/0.1.5/opentracing-tracerresolver-0.1.5.jar:/home/user/.m2/repository/io/opentracing/opentracing-util/0.31.0/opentracing-util-0.31.0.jar:/home/user/.m2/repository/io/opentracing/opentracing-api/0.31.0/opentracing-api-0.31.0.jar:/home/user/.m2/repository/io/opentracing/opentracing-noop/0.31.0/opentracing-noop-0.31.0.jar:/home/user/.m2/repository/org/yaml/snakeyaml/1.16/snakeyaml-1.16.jar:/home/user/.m2/repository/org/apache/hadoop/hadoop-hdfs-client/3.2.0/hadoop-hdfs-client-3.2.0.jar:/home/user/.m2/repository/info/picocli/picocli/3.9.6/picocli-3.9.6.jar:/home/user/.m2/repository/org/apache/hadoop/hadoop-hdds-server-scm/0.5.0-SNAPSHOT/hadoop-hdds-server-scm-0.5.0-SNAPSHOT.jar:/home/user/.m2/repository/org/apache/hadoop/hadoop-hdds-docs/0.5.0-SNAPSHOT/hadoop-hdds-docs-0.5.0-SNAPSHOT.jar:/home/user/.m2/repository/io/dropwizard/metrics/metrics-core/3.2.4/metrics-core-3.2.4.jar:/home/user/.m2/repository/org/hamcrest/hamcrest-all/1.3/hamcrest-all-1.3.jar:/home/user/.m2/repository/org/bouncycastle/bcprov-jdk15on/1.60/bcprov-jdk15on-1.60.jar:/home/user/.m2/repository/org/apache/hadoop/hadoop-hdds-server-framework/0.5.0-SNAPSHOT/hadoop-hdds-server-framework-0.5.0-SNAPSHOT.jar:/home/user/.m2/repository/org/apache/hadoop/hadoop-ozone-ozone-manager/0.5.0-SNAPSHOT/hadoop-ozone-ozone-manager-0.5.0-SNAPSHOT.jar:/home/user/.m2/repository/org/apache/hadoop/hadoop-hdds-container-service/0.5.0-SNAPSHOT/hadoop-hdds-container-service-0.5.0-SNAPSHOT.jar:/home/user/.m2/repository/org/apache/hadoop/hadoop-hdds-client/0.5.0-SNAPSHOT/hadoop-hdds-client-0.5.0-SNAPSHOT.jar:/home/user/.m2/repository/org/apache/hadoop/hadoop-ozone-common/0.5.0-SNAPSHOT/hadoop-ozone-common-0.5.0-SNAPSHOT.jar:/home/user/.m2/repository/org/apache/hadoop/hadoop-hdds-tools/0.5.0-SNAPSHOT/hadoop-hdds-tools-0.5.0-SNAPSHOT.jar:/home/user/.m2/repository/org/xerial/sqlite-jdbc/3.25.2/sqlite-jdbc-3.25.2.jar:/home/user/.m2/repository/com/google/code/findbugs/findbugs/3.0.1/findbugs-3.0.1.jar:/home/user/.m2/repository/net/jcip/jcip-annotations/1.0/jcip-annotations-1.0.jar:/home/user/.m2/repository/com/google/code/findbugs/bcel-findbugs/6.0/bcel-findbugs-6.0.jar:/home/user/.m2/repository/com/google/code/findbugs/jFormatString/2.0.1/jFormatString-2.0.1.jar:/home/user/.m2/repository/dom4j/dom4j/1.6.1/dom4j-1.6.1.jar:/home/user/.m2/repository/xml-apis/xml-apis/1.0.b2/xml-apis-1.0.b2.jar:/home/user/.m2/repository/org/ow2/asm/asm-debug-all/5.0.2/asm-debug-all-5.0.2.jar:/home/user/.m2/repository/org/ow2/asm/asm-commons/5.0.2/asm-commons-5.0.2.jar:/home/user/.m2/repository/org/ow2/asm/asm-tree/5.0.2/asm-tree-5.0.2.jar:/home/user/.m2/repository/org/ow2/asm/asm/5.0.4/asm-5.0.4.jar:/home/user/.m2/repository/commons-lang/commons-lang/2.6/commons-lang-2.6.jar:/home/user/.m2/repository/com/apple/AppleJavaExtensions/1.4/AppleJavaExtensions-1.4.jar:/home/user/.m2/repository/jaxen/jaxen/1.1.6/jaxen-1.1.6.jar:/home/user/.m2/repository/org/apache/hadoop/hadoop-common/3.2.0/hadoop-common-3.2.0-tests.jar:/home/user/.m2/repository/org/apache/hadoop/hadoop-ozone-client/0.5.0-SNAPSHOT/hadoop-ozone-client-0.5.0-SNAPSHOT.jar:/home/user/.m2/repository/org/apache/hadoop/hadoop-hdfs/3.2.0/hadoop-hdfs-3.2.0-tests.jar:/workdir/hadoop-ozone/integration-test/target/test-classes:/home/user/.m2/repository/org/apache/hadoop/hadoop-ozone-s3gateway/0.5.0-SNAPSHOT/hadoop-ozone-s3gateway-0.5.0-SNAPSHOT.jar:/home/user/.m2/repository/org/jboss/weld/servlet/weld-servlet/2.4.7.Final/weld-servlet-2.4.7.Final.jar:/home/user/.m2/repository/org/glassfish/jersey/containers/jersey-container-servlet-core/2.27/jersey-container-servlet-core-2.27.jar:/home/user/.m2/repository/org/glassfish/hk2/external/javax.inject/2.5.0-b42/javax.inject-2.5.0-b42.jar:/home/user/.m2/repository/org/glassfish/jersey/core/jersey-common/2.27/jersey-common-2.27.jar:/home/user/.m2/repository/org/glassfish/hk2/osgi-resource-locator/1.0.1/osgi-resource-locator-1.0.1.jar:/home/user/.m2/repository/javax/ws/rs/javax.ws.rs-api/2.1/javax.ws.rs-api-2.1.jar:/home/user/.m2/repository/org/glassfish/jersey/ext/cdi/jersey-cdi1x/2.27/jersey-cdi1x-2.27.jar:/home/user/.m2/repository/org/glassfish/jersey/inject/jersey-hk2/2.27/jersey-hk2-2.27.jar:/home/user/.m2/repository/org/glassfish/hk2/hk2-locator/2.5.0-b42/hk2-locator-2.5.0-b42.jar:/home/user/.m2/repository/org/javassist/javassist/3.22.0-CR2/javassist-3.22.0-CR2.jar:/home/user/.m2/repository/org/glassfish/hk2/hk2-api/2.5.0/hk2-api-2.5.0.jar:/home/user/.m2/repository/org/glassfish/hk2/external/jakarta.inject/2.5.0/jakarta.inject-2.5.0.jar:/home/user/.m2/repository/org/glassfish/hk2/hk2-utils/2.5.0/hk2-utils-2.5.0.jar:/home/user/.m2/repository/jakarta/annotation/jakarta.annotation-api/1.3.4/jakarta.annotation-api-1.3.4.jar:/home/user/.m2/repository/org/glassfish/hk2/external/aopalliance-repackaged/2.5.0/aopalliance-repackaged-2.5.0.jar:/home/user/.m2/repository/com/fasterxml/jackson/dataformat/jackson-dataformat-xml/2.9.0/jackson-dataformat-xml-2.9.0.jar:/home/user/.m2/repository/com/fasterxml/jackson/module/jackson-module-jaxb-annotations/2.9.9/jackson-module-jaxb-annotations-2.9.9.jar:/home/user/.m2/repository/javax/enterprise/cdi-api/1.2/cdi-api-1.2.jar:/home/user/.m2/repository/javax/el/javax.el-api/3.0.0/javax.el-api-3.0.0.jar:/home/user/.m2/repository/javax/interceptor/javax.interceptor-api/1.2/javax.interceptor-api-1.2.jar:/home/user/.m2/repository/javax/inject/javax.inject/1/javax.inject-1.jar:/home/user/.m2/repository/com/sun/xml/bind/jaxb-core/2.3.0.1/jaxb-core-2.3.0.1.jar:/home/user/.m2/repository/javax/xml/bind/jaxb-api/2.3.0/jaxb-api-2.3.0.jar:/home/user/.m2/repository/javax/activation/activation/1.1.1/activation-1.1.1.jar:/home/user/.m2/repository/org/apache/hadoop/hadoop-ozone-csi/0.5.0-SNAPSHOT/hadoop-ozone-csi-0.5.0-SNAPSHOT.jar:/home/user/.m2/repository/com/google/protobuf/protobuf-java-util/3.5.1/protobuf-java-util-3.5.1.jar:/home/user/.m2/repository/io/grpc/grpc-netty/1.17.1/grpc-netty-1.17.1.jar:/home/user/.m2/repository/io/grpc/grpc-core/1.17.1/grpc-core-1.17.1.jar:/home/user/.m2/repository/io/grpc/grpc-context/1.17.1/grpc-context-1.17.1.jar:/home/user/.m2/repository/com/google/errorprone/error_prone_annotations/2.2.0/error_prone_annotations-2.2.0.jar:/home/user/.m2/repository/org/codehaus/mojo/animal-sniffer-annotations/1.17/animal-sniffer-annotations-1.17.jar:/home/user/.m2/repository/io/opencensus/opencensus-api/0.17.0/opencensus-api-0.17.0.jar:/home/user/.m2/repository/io/opencensus/opencensus-contrib-grpc-metrics/0.17.0/opencensus-contrib-grpc-metrics-0.17.0.jar:/home/user/.m2/repository/io/netty/netty-codec-http2/4.1.30.Final/netty-codec-http2-4.1.30.Final.jar:/home/user/.m2/repository/io/netty/netty-codec-http/4.1.30.Final/netty-codec-http-4.1.30.Final.jar:/home/user/.m2/repository/io/netty/netty-codec/4.1.30.Final/netty-codec-4.1.30.Final.jar:/home/user/.m2/repository/io/netty/netty-handler/4.1.30.Final/netty-handler-4.1.30.Final.jar:/home/user/.m2/repository/io/netty/netty-handler-proxy/4.1.30.Final/netty-handler-proxy-4.1.30.Final.jar:/home/user/.m2/repository/io/netty/netty-codec-socks/4.1.30.Final/netty-codec-socks-4.1.30.Final.jar:/home/user/.m2/repository/io/netty/netty-transport-native-epoll/4.1.30.Final/netty-transport-native-epoll-4.1.30.Final.jar:/home/user/.m2/repository/io/netty/netty-common/4.1.30.Final/netty-common-4.1.30.Final.jar:/home/user/.m2/repository/io/netty/netty-buffer/4.1.30.Final/netty-buffer-4.1.30.Final.jar:/home/user/.m2/repository/io/netty/netty-transport/4.1.30.Final/netty-transport-4.1.30.Final.jar:/home/user/.m2/repository/io/netty/netty-resolver/4.1.30.Final/netty-resolver-4.1.30.Final.jar:/home/user/.m2/repository/io/netty/netty-transport-native-unix-common/4.1.30.Final/netty-transport-native-unix-common-4.1.30.Final.jar:/home/user/.m2/repository/io/grpc/grpc-protobuf/1.17.1/grpc-protobuf-1.17.1.jar:/home/user/.m2/repository/com/google/api/grpc/proto-google-common-protos/1.0.0/proto-google-common-protos-1.0.0.jar:/home/user/.m2/repository/io/grpc/grpc-protobuf-lite/1.17.1/grpc-protobuf-lite-1.17.1.jar:/home/user/.m2/repository/io/grpc/grpc-stub/1.17.1/grpc-stub-1.17.1.jar:/home/user/.m2/repository/org/apache/hadoop/hadoop-ozone-recon/0.5.0-SNAPSHOT/hadoop-ozone-recon-0.5.0-SNAPSHOT.jar:/home/user/.m2/repository/org/apache/hadoop/hadoop-ozone-reconcodegen/0.5.0-SNAPSHOT/hadoop-ozone-reconcodegen-0.5.0-SNAPSHOT.jar:/home/user/.m2/repository/com/google/inject/extensions/guice-multibindings/4.0/guice-multibindings-4.0.jar:/home/user/.m2/repository/com/google/inject/guice/4.0/guice-4.0.jar:/home/user/.m2/repository/aopalliance/aopalliance/1.0/aopalliance-1.0.jar:/home/user/.m2/repository/org/glassfish/jersey/containers/jersey-container-servlet/2.27/jersey-container-servlet-2.27.jar:/home/user/.m2/repository/org/glassfish/hk2/guice-bridge/2.5.0/guice-bridge-2.5.0.jar:/home/user/.m2/repository/org/glassfish/jersey/core/jersey-server/2.27/jersey-server-2.27.jar:/home/user/.m2/repository/org/glassfish/jersey/core/jersey-client/2.27/jersey-client-2.27.jar:/home/user/.m2/repository/org/glassfish/jersey/media/jersey-media-jaxb/2.27/jersey-media-jaxb-2.27.jar:/home/user/.m2/repository/javax/validation/validation-api/1.1.0.Final/validation-api-1.1.0.Final.jar:/home/user/.m2/repository/org/glassfish/jersey/media/jersey-media-json-jackson/2.27/jersey-media-json-jackson-2.27.jar:/home/user/.m2/repository/org/glassfish/jersey/ext/jersey-entity-filtering/2.27/jersey-entity-filtering-2.27.jar:/home/user/.m2/repository/com/google/inject/extensions/guice-assistedinject/4.0/guice-assistedinject-4.0.jar:/home/user/.m2/repository/org/jooq/jooq/3.11.10/jooq-3.11.10.jar:/home/user/.m2/repository/org/jooq/jooq-meta/3.11.10/jooq-meta-3.11.10.jar:/home/user/.m2/repository/org/jooq/jooq-codegen/3.11.10/jooq-codegen-3.11.10.jar:/home/user/.m2/repository/com/jolbox/bonecp/0.8.0.RELEASE/bonecp-0.8.0.RELEASE.jar:/home/user/.m2/repository/org/springframework/spring-jdbc/5.1.3.RELEASE/spring-jdbc-5.1.3.RELEASE.jar:/home/user/.m2/repository/org/springframework/spring-beans/5.1.3.RELEASE/spring-beans-5.1.3.RELEASE.jar:/home/user/.m2/repository/org/springframework/spring-core/5.1.3.RELEASE/spring-core-5.1.3.RELEASE.jar:/home/user/.m2/repository/org/springframework/spring-jcl/5.1.3.RELEASE/spring-jcl-5.1.3.RELEASE.jar:/home/user/.m2/repository/org/springframework/spring-tx/5.1.3.RELEASE/spring-tx-5.1.3.RELEASE.jar:/home/user/.m2/repository/org/mockito/mockito-all/1.10.19/mockito-all-1.10.19.jar:/home/user/.m2/repository/junit/junit/4.11/junit-4.11.jar:/home/user/.m2/repository/org/hamcrest/hamcrest-core/1.3/hamcrest-core-1.3.jar:/home/user/.m2/repository/org/apache/hadoop/hadoop-distcp/3.2.0/hadoop-distcp-3.2.0.jar:/home/user/.m2/repository/org/apache/hadoop/hadoop-distcp/3.2.0/hadoop-distcp-3.2.0-tests.jar:/home/user/.m2/repository/org/apache/hadoop/hadoop-mapreduce-client-jobclient/3.2.0/hadoop-mapreduce-client-jobclient-3.2.0.jar:/home/user/.m2/repository/org/apache/hadoop/hadoop-mapreduce-client-common/3.2.0/hadoop-mapreduce-client-common-3.2.0.jar:/home/user/.m2/repository/org/apache/hadoop/hadoop-yarn-common/3.2.0/hadoop-yarn-common-3.2.0.jar:/home/user/.m2/repository/org/apache/hadoop/hadoop-yarn-api/3.2.0/hadoop-yarn-api-3.2.0.jar:/home/user/.m2/repository/com/sun/jersey/jersey-client/1.19/jersey-client-1.19.jar:/home/user/.m2/repository/com/sun/jersey/contribs/jersey-guice/1.19/jersey-guice-1.19.jar:/home/user/.m2/repository/com/fasterxml/jackson/jaxrs/jackson-jaxrs-json-provider/2.9.9/jackson-jaxrs-json-provider-2.9.9.jar:/home/user/.m2/repository/com/fasterxml/jackson/jaxrs/jackson-jaxrs-base/2.9.9/jackson-jaxrs-base-2.9.9.jar:/home/user/.m2/repository/org/apache/hadoop/hadoop-yarn-client/3.2.0/hadoop-yarn-client-3.2.0.jar:/home/user/.m2/repository/org/apache/hadoop/hadoop-mapreduce-client-core/3.2.0/hadoop-mapreduce-client-core-3.2.0.jar:/home/user/.m2/repository/com/google/inject/extensions/guice-servlet/4.0/guice-servlet-4.0.jar:/home/user/.m2/repository/org/powermock/powermock-module-junit4/1.6.5/powermock-module-junit4-1.6.5.jar:/home/user/.m2/repository/org/powermock/powermock-module-junit4-common/1.6.5/powermock-module-junit4-common-1.6.5.jar:/home/user/.m2/repository/org/powermock/powermock-core/1.6.5/powermock-core-1.6.5.jar:/home/user/.m2/repository/org/powermock/powermock-reflect/1.6.5/powermock-reflect-1.6.5.jar:/home/user/.m2/repository/org/powermock/powermock-api-mockito/1.6.5/powermock-api-mockito-1.6.5.jar:/home/user/.m2/repository/org/mockito/mockito-core/1.10.19/mockito-core-1.10.19.jar:/home/user/.m2/repository/org/objenesis/objenesis/1.0/objenesis-1.0.jar:/home/user/.m2/repository/org/powermock/powermock-api-mockito-common/1.6.5/powermock-api-mockito-common-1.6.5.jar:/home/user/.m2/repository/org/powermock/powermock-api-support/1.6.5/powermock-api-support-1.6.5.jar:"/>
    <property name="java.vm.vendor" value="IcedTea"/>
    <property name="sun.arch.data.model" value="64"/>
    <property name="test.build.dir" value="/workdir/hadoop-ozone/ozonefs/target/test-dir"/>
    <property name="test.cache.data" value=""/>
    <property name="java.vendor.url" value="https://icedtea.classpath.org"/>
    <property name="user.timezone" value=""/>
    <property name="java.vm.specification.version" value="1.8"/>
    <property name="os.name" value="Linux"/>
    <property name="test.build.data" value="/workdir/hadoop-ozone/ozonefs/target/test-dir"/>
    <property name="user.country" value="US"/>
    <property name="sun.java.launcher" value="SUN_STANDARD"/>
    <property name="sun.boot.library.path" value="/usr/lib/jvm/java-1.8-openjdk/jre/lib/amd64"/>
    <property name="sun.java.command" value="/workdir/hadoop-ozone/ozonefs/target/surefire/surefirebooter4428322577139150608.jar /workdir/hadoop-ozone/ozonefs/target/surefire 2019-09-25T03-07-58_965-jvmRun1 surefire4111006644368507273tmp surefire_966304601431402206772tmp"/>
    <property name="test" value="!TestMiniChaosOzoneCluster"/>
    <property name="surefire.test.class.path" value="/workdir/hadoop-ozone/ozonefs/target/test-classes:/workdir/hadoop-ozone/ozonefs/target/classes:/home/user/.m2/repository/org/apache/hadoop/hadoop-common/3.2.0/hadoop-common-3.2.0.jar:/home/user/.m2/repository/org/apache/hadoop/hadoop-annotations/3.2.0/hadoop-annotations-3.2.0.jar:/usr/lib/jvm/java-1.8-openjdk/jre/../lib/tools.jar:/home/user/.m2/repository/com/google/guava/guava/11.0.2/guava-11.0.2.jar:/home/user/.m2/repository/commons-cli/commons-cli/1.2/commons-cli-1.2.jar:/home/user/.m2/repository/org/apache/commons/commons-math3/3.1.1/commons-math3-3.1.1.jar:/home/user/.m2/repository/org/apache/httpcomponents/httpclient/4.5.2/httpclient-4.5.2.jar:/home/user/.m2/repository/org/apache/httpcomponents/httpcore/4.4.4/httpcore-4.4.4.jar:/home/user/.m2/repository/commons-codec/commons-codec/1.11/commons-codec-1.11.jar:/home/user/.m2/repository/commons-io/commons-io/2.5/commons-io-2.5.jar:/home/user/.m2/repository/commons-net/commons-net/3.6/commons-net-3.6.jar:/home/user/.m2/repository/commons-collections/commons-collections/3.2.2/commons-collections-3.2.2.jar:/home/user/.m2/repository/javax/servlet/javax.servlet-api/3.1.0/javax.servlet-api-3.1.0.jar:/home/user/.m2/repository/org/eclipse/jetty/jetty-server/9.3.25.v20180904/jetty-server-9.3.25.v20180904.jar:/home/user/.m2/repository/org/eclipse/jetty/jetty-http/9.3.25.v20180904/jetty-http-9.3.25.v20180904.jar:/home/user/.m2/repository/org/eclipse/jetty/jetty-io/9.3.25.v20180904/jetty-io-9.3.25.v20180904.jar:/home/user/.m2/repository/org/eclipse/jetty/jetty-util/9.3.25.v20180904/jetty-util-9.3.25.v20180904.jar:/home/user/.m2/repository/org/eclipse/jetty/jetty-servlet/9.3.25.v20180904/jetty-servlet-9.3.25.v20180904.jar:/home/user/.m2/repository/org/eclipse/jetty/jetty-security/9.3.25.v20180904/jetty-security-9.3.25.v20180904.jar:/home/user/.m2/repository/org/eclipse/jetty/jetty-webapp/9.3.25.v20180904/jetty-webapp-9.3.25.v20180904.jar:/home/user/.m2/repository/org/eclipse/jetty/jetty-xml/9.3.25.v20180904/jetty-xml-9.3.25.v20180904.jar:/home/user/.m2/repository/javax/servlet/jsp/jsp-api/2.1/jsp-api-2.1.jar:/home/user/.m2/repository/com/sun/jersey/jersey-core/1.19/jersey-core-1.19.jar:/home/user/.m2/repository/javax/ws/rs/jsr311-api/1.1.1/jsr311-api-1.1.1.jar:/home/user/.m2/repository/com/sun/jersey/jersey-servlet/1.19/jersey-servlet-1.19.jar:/home/user/.m2/repository/com/sun/jersey/jersey-json/1.19/jersey-json-1.19.jar:/home/user/.m2/repository/org/codehaus/jettison/jettison/1.1/jettison-1.1.jar:/home/user/.m2/repository/com/sun/xml/bind/jaxb-impl/2.3.0.1/jaxb-impl-2.3.0.1.jar:/home/user/.m2/repository/org/codehaus/jackson/jackson-core-asl/1.9.13/jackson-core-asl-1.9.13.jar:/home/user/.m2/repository/org/codehaus/jackson/jackson-mapper-asl/1.9.13/jackson-mapper-asl-1.9.13.jar:/home/user/.m2/repository/org/codehaus/jackson/jackson-jaxrs/1.9.13/jackson-jaxrs-1.9.13.jar:/home/user/.m2/repository/org/codehaus/jackson/jackson-xc/1.9.13/jackson-xc-1.9.13.jar:/home/user/.m2/repository/com/sun/jersey/jersey-server/1.19/jersey-server-1.19.jar:/home/user/.m2/repository/commons-logging/commons-logging/1.1.3/commons-logging-1.1.3.jar:/home/user/.m2/repository/log4j/log4j/1.2.17/log4j-1.2.17.jar:/home/user/.m2/repository/commons-beanutils/commons-beanutils/1.9.4/commons-beanutils-1.9.4.jar:/home/user/.m2/repository/org/apache/commons/commons-configuration2/2.1.1/commons-configuration2-2.1.1.jar:/home/user/.m2/repository/org/apache/commons/commons-lang3/3.7/commons-lang3-3.7.jar:/home/user/.m2/repository/org/apache/commons/commons-text/1.4/commons-text-1.4.jar:/home/user/.m2/repository/org/slf4j/slf4j-api/1.7.25/slf4j-api-1.7.25.jar:/home/user/.m2/repository/org/slf4j/slf4j-log4j12/1.7.25/slf4j-log4j12-1.7.25.jar:/home/user/.m2/repository/org/apache/avro/avro/1.7.7/avro-1.7.7.jar:/home/user/.m2/repository/com/thoughtworks/paranamer/paranamer/2.3/paranamer-2.3.jar:/home/user/.m2/repository/org/xerial/snappy/snappy-java/1.0.5/snappy-java-1.0.5.jar:/home/user/.m2/repository/com/google/re2j/re2j/1.1/re2j-1.1.jar:/home/user/.m2/repository/com/google/protobuf/protobuf-java/2.5.0/protobuf-java-2.5.0.jar:/home/user/.m2/repository/com/google/code/gson/gson/2.2.4/gson-2.2.4.jar:/home/user/.m2/repository/org/apache/hadoop/hadoop-auth/3.2.0/hadoop-auth-3.2.0.jar:/home/user/.m2/repository/com/nimbusds/nimbus-jose-jwt/4.41.1/nimbus-jose-jwt-4.41.1.jar:/home/user/.m2/repository/com/github/stephenc/jcip/jcip-annotations/1.0-1/jcip-annotations-1.0-1.jar:/home/user/.m2/repository/net/minidev/json-smart/2.3/json-smart-2.3.jar:/home/user/.m2/repository/net/minidev/accessors-smart/1.2/accessors-smart-1.2.jar:/home/user/.m2/repository/org/apache/curator/curator-framework/2.12.0/curator-framework-2.12.0.jar:/home/user/.m2/repository/com/jcraft/jsch/0.1.54/jsch-0.1.54.jar:/home/user/.m2/repository/org/apache/curator/curator-client/2.12.0/curator-client-2.12.0.jar:/home/user/.m2/repository/org/apache/curator/curator-recipes/2.12.0/curator-recipes-2.12.0.jar:/home/user/.m2/repository/com/google/code/findbugs/jsr305/3.0.0/jsr305-3.0.0.jar:/home/user/.m2/repository/org/apache/htrace/htrace-core4/4.1.0-incubating/htrace-core4-4.1.0-incubating.jar:/home/user/.m2/repository/org/apache/zookeeper/zookeeper/3.4.13/zookeeper-3.4.13.jar:/home/user/.m2/repository/jline/jline/0.9.94/jline-0.9.94.jar:/home/user/.m2/repository/org/apache/yetus/audience-annotations/0.5.0/audience-annotations-0.5.0.jar:/home/user/.m2/repository/org/apache/commons/commons-compress/1.4.1/commons-compress-1.4.1.jar:/home/user/.m2/repository/org/tukaani/xz/1.0/xz-1.0.jar:/home/user/.m2/repository/org/apache/kerby/kerb-simplekdc/1.0.1/kerb-simplekdc-1.0.1.jar:/home/user/.m2/repository/org/apache/kerby/kerb-client/1.0.1/kerb-client-1.0.1.jar:/home/user/.m2/repository/org/apache/kerby/kerby-config/1.0.1/kerby-config-1.0.1.jar:/home/user/.m2/repository/org/apache/kerby/kerb-core/1.0.1/kerb-core-1.0.1.jar:/home/user/.m2/repository/org/apache/kerby/kerby-pkix/1.0.1/kerby-pkix-1.0.1.jar:/home/user/.m2/repository/org/apache/kerby/kerby-asn1/1.0.1/kerby-asn1-1.0.1.jar:/home/user/.m2/repository/org/apache/kerby/kerby-util/1.0.1/kerby-util-1.0.1.jar:/home/user/.m2/repository/org/apache/kerby/kerb-common/1.0.1/kerb-common-1.0.1.jar:/home/user/.m2/repository/org/apache/kerby/kerb-crypto/1.0.1/kerb-crypto-1.0.1.jar:/home/user/.m2/repository/org/apache/kerby/kerb-util/1.0.1/kerb-util-1.0.1.jar:/home/user/.m2/repository/org/apache/kerby/token-provider/1.0.1/token-provider-1.0.1.jar:/home/user/.m2/repository/org/apache/kerby/kerb-admin/1.0.1/kerb-admin-1.0.1.jar:/home/user/.m2/repository/org/apache/kerby/kerb-server/1.0.1/kerb-server-1.0.1.jar:/home/user/.m2/repository/org/apache/kerby/kerb-identity/1.0.1/kerb-identity-1.0.1.jar:/home/user/.m2/repository/org/apache/kerby/kerby-xdr/1.0.1/kerby-xdr-1.0.1.jar:/home/user/.m2/repository/com/fasterxml/jackson/core/jackson-databind/2.9.9/jackson-databind-2.9.9.jar:/home/user/.m2/repository/com/fasterxml/jackson/core/jackson-annotations/2.9.9/jackson-annotations-2.9.9.jar:/home/user/.m2/repository/com/fasterxml/jackson/core/jackson-core/2.9.9/jackson-core-2.9.9.jar:/home/user/.m2/repository/org/codehaus/woodstox/stax2-api/3.1.4/stax2-api-3.1.4.jar:/home/user/.m2/repository/com/fasterxml/woodstox/woodstox-core/5.0.3/woodstox-core-5.0.3.jar:/home/user/.m2/repository/dnsjava/dnsjava/2.1.7/dnsjava-2.1.7.jar:/home/user/.m2/repository/org/apache/hadoop/hadoop-hdfs/3.2.0/hadoop-hdfs-3.2.0.jar:/home/user/.m2/repository/org/eclipse/jetty/jetty-util-ajax/9.3.25.v20180904/jetty-util-ajax-9.3.25.v20180904.jar:/home/user/.m2/repository/commons-daemon/commons-daemon/1.0.13/commons-daemon-1.0.13.jar:/home/user/.m2/repository/io/netty/netty/3.10.5.Final/netty-3.10.5.Final.jar:/home/user/.m2/repository/io/netty/netty-all/4.0.52.Final/netty-all-4.0.52.Final.jar:/home/user/.m2/repository/org/fusesource/leveldbjni/leveldbjni-all/1.8/leveldbjni-all-1.8.jar:/home/user/.m2/repository/org/apache/hadoop/hadoop-hdds-common/0.5.0-SNAPSHOT/hadoop-hdds-common-0.5.0-SNAPSHOT.jar:/home/user/.m2/repository/org/apache/hadoop/hadoop-hdds-config/0.5.0-SNAPSHOT/hadoop-hdds-config-0.5.0-SNAPSHOT.jar:/home/user/.m2/repository/javax/annotation/javax.annotation-api/1.2/javax.annotation-api-1.2.jar:/home/user/.m2/repository/org/apache/ratis/ratis-server/0.4.0/ratis-server-0.4.0.jar:/home/user/.m2/repository/org/apache/ratis/ratis-thirdparty-misc/0.2.0/ratis-thirdparty-misc-0.2.0.jar:/home/user/.m2/repository/org/apache/ratis/ratis-proto/0.4.0/ratis-proto-0.4.0.jar:/home/user/.m2/repository/org/apache/ratis/ratis-common/0.4.0/ratis-common-0.4.0.jar:/home/user/.m2/repository/org/apache/ratis/ratis-client/0.4.0/ratis-client-0.4.0.jar:/home/user/.m2/repository/org/apache/ratis/ratis-metrics/0.4.0/ratis-metrics-0.4.0.jar:/home/user/.m2/repository/com/github/joshelser/dropwizard-metrics-hadoop-metrics2-reporter/0.1.2/dropwizard-metrics-hadoop-metrics2-reporter-0.1.2.jar:/home/user/.m2/repository/io/dropwizard/metrics/metrics-jvm/3.2.5/metrics-jvm-3.2.5.jar:/home/user/.m2/repository/io/dropwizard/metrics/metrics-ganglia/3.2.5/metrics-ganglia-3.2.5.jar:/home/user/.m2/repository/info/ganglia/gmetric4j/gmetric4j/1.0.7/gmetric4j-1.0.7.jar:/home/user/.m2/repository/org/apache/ratis/ratis-netty/0.4.0/ratis-netty-0.4.0.jar:/home/user/.m2/repository/org/apache/ratis/ratis-grpc/0.4.0/ratis-grpc-0.4.0.jar:/home/user/.m2/repository/org/rocksdb/rocksdbjni/6.0.1/rocksdbjni-6.0.1.jar:/home/user/.m2/repository/org/apache/logging/log4j/log4j-api/2.11.0/log4j-api-2.11.0.jar:/home/user/.m2/repository/org/apache/logging/log4j/log4j-core/2.11.0/log4j-core-2.11.0.jar:/home/user/.m2/repository/com/lmax/disruptor/3.4.2/disruptor-3.4.2.jar:/home/user/.m2/repository/org/apache/commons/commons-pool2/2.6.0/commons-pool2-2.6.0.jar:/home/user/.m2/repository/org/bouncycastle/bcpkix-jdk15on/1.60/bcpkix-jdk15on-1.60.jar:/home/user/.m2/repository/commons-validator/commons-validator/1.6/commons-validator-1.6.jar:/home/user/.m2/repository/commons-digester/commons-digester/1.8.1/commons-digester-1.8.1.jar:/home/user/.m2/repository/io/jaegertracing/jaeger-client/0.34.0/jaeger-client-0.34.0.jar:/home/user/.m2/repository/io/jaegertracing/jaeger-thrift/0.34.0/jaeger-thrift-0.34.0.jar:/home/user/.m2/repository/org/apache/thrift/libthrift/0.12.0/libthrift-0.12.0.jar:/home/user/.m2/repository/com/squareup/okhttp3/okhttp/3.9.0/okhttp-3.9.0.jar:/home/user/.m2/repository/com/squareup/okio/okio/1.13.0/okio-1.13.0.jar:/home/user/.m2/repository/io/jaegertracing/jaeger-core/0.34.0/jaeger-core-0.34.0.jar:/home/user/.m2/repository/io/jaegertracing/jaeger-tracerresolver/0.34.0/jaeger-tracerresolver-0.34.0.jar:/home/user/.m2/repository/io/opentracing/contrib/opentracing-tracerresolver/0.1.5/opentracing-tracerresolver-0.1.5.jar:/home/user/.m2/repository/io/opentracing/opentracing-util/0.31.0/opentracing-util-0.31.0.jar:/home/user/.m2/repository/io/opentracing/opentracing-api/0.31.0/opentracing-api-0.31.0.jar:/home/user/.m2/repository/io/opentracing/opentracing-noop/0.31.0/opentracing-noop-0.31.0.jar:/home/user/.m2/repository/org/yaml/snakeyaml/1.16/snakeyaml-1.16.jar:/home/user/.m2/repository/org/apache/hadoop/hadoop-hdfs-client/3.2.0/hadoop-hdfs-client-3.2.0.jar:/home/user/.m2/repository/info/picocli/picocli/3.9.6/picocli-3.9.6.jar:/home/user/.m2/repository/org/apache/hadoop/hadoop-hdds-server-scm/0.5.0-SNAPSHOT/hadoop-hdds-server-scm-0.5.0-SNAPSHOT.jar:/home/user/.m2/repository/org/apache/hadoop/hadoop-hdds-docs/0.5.0-SNAPSHOT/hadoop-hdds-docs-0.5.0-SNAPSHOT.jar:/home/user/.m2/repository/io/dropwizard/metrics/metrics-core/3.2.4/metrics-core-3.2.4.jar:/home/user/.m2/repository/org/hamcrest/hamcrest-all/1.3/hamcrest-all-1.3.jar:/home/user/.m2/repository/org/bouncycastle/bcprov-jdk15on/1.60/bcprov-jdk15on-1.60.jar:/home/user/.m2/repository/org/apache/hadoop/hadoop-hdds-server-framework/0.5.0-SNAPSHOT/hadoop-hdds-server-framework-0.5.0-SNAPSHOT.jar:/home/user/.m2/repository/org/apache/hadoop/hadoop-ozone-ozone-manager/0.5.0-SNAPSHOT/hadoop-ozone-ozone-manager-0.5.0-SNAPSHOT.jar:/home/user/.m2/repository/org/apache/hadoop/hadoop-hdds-container-service/0.5.0-SNAPSHOT/hadoop-hdds-container-service-0.5.0-SNAPSHOT.jar:/home/user/.m2/repository/org/apache/hadoop/hadoop-hdds-client/0.5.0-SNAPSHOT/hadoop-hdds-client-0.5.0-SNAPSHOT.jar:/home/user/.m2/repository/org/apache/hadoop/hadoop-ozone-common/0.5.0-SNAPSHOT/hadoop-ozone-common-0.5.0-SNAPSHOT.jar:/home/user/.m2/repository/org/apache/hadoop/hadoop-hdds-tools/0.5.0-SNAPSHOT/hadoop-hdds-tools-0.5.0-SNAPSHOT.jar:/home/user/.m2/repository/org/xerial/sqlite-jdbc/3.25.2/sqlite-jdbc-3.25.2.jar:/home/user/.m2/repository/com/google/code/findbugs/findbugs/3.0.1/findbugs-3.0.1.jar:/home/user/.m2/repository/net/jcip/jcip-annotations/1.0/jcip-annotations-1.0.jar:/home/user/.m2/repository/com/google/code/findbugs/bcel-findbugs/6.0/bcel-findbugs-6.0.jar:/home/user/.m2/repository/com/google/code/findbugs/jFormatString/2.0.1/jFormatString-2.0.1.jar:/home/user/.m2/repository/dom4j/dom4j/1.6.1/dom4j-1.6.1.jar:/home/user/.m2/repository/xml-apis/xml-apis/1.0.b2/xml-apis-1.0.b2.jar:/home/user/.m2/repository/org/ow2/asm/asm-debug-all/5.0.2/asm-debug-all-5.0.2.jar:/home/user/.m2/repository/org/ow2/asm/asm-commons/5.0.2/asm-commons-5.0.2.jar:/home/user/.m2/repository/org/ow2/asm/asm-tree/5.0.2/asm-tree-5.0.2.jar:/home/user/.m2/repository/org/ow2/asm/asm/5.0.4/asm-5.0.4.jar:/home/user/.m2/repository/commons-lang/commons-lang/2.6/commons-lang-2.6.jar:/home/user/.m2/repository/com/apple/AppleJavaExtensions/1.4/AppleJavaExtensions-1.4.jar:/home/user/.m2/repository/jaxen/jaxen/1.1.6/jaxen-1.1.6.jar:/home/user/.m2/repository/org/apache/hadoop/hadoop-common/3.2.0/hadoop-common-3.2.0-tests.jar:/home/user/.m2/repository/org/apache/hadoop/hadoop-ozone-client/0.5.0-SNAPSHOT/hadoop-ozone-client-0.5.0-SNAPSHOT.jar:/home/user/.m2/repository/org/apache/hadoop/hadoop-hdfs/3.2.0/hadoop-hdfs-3.2.0-tests.jar:/workdir/hadoop-ozone/integration-test/target/test-classes:/home/user/.m2/repository/org/apache/hadoop/hadoop-ozone-s3gateway/0.5.0-SNAPSHOT/hadoop-ozone-s3gateway-0.5.0-SNAPSHOT.jar:/home/user/.m2/repository/org/jboss/weld/servlet/weld-servlet/2.4.7.Final/weld-servlet-2.4.7.Final.jar:/home/user/.m2/repository/org/glassfish/jersey/containers/jersey-container-servlet-core/2.27/jersey-container-servlet-core-2.27.jar:/home/user/.m2/repository/org/glassfish/hk2/external/javax.inject/2.5.0-b42/javax.inject-2.5.0-b42.jar:/home/user/.m2/repository/org/glassfish/jersey/core/jersey-common/2.27/jersey-common-2.27.jar:/home/user/.m2/repository/org/glassfish/hk2/osgi-resource-locator/1.0.1/osgi-resource-locator-1.0.1.jar:/home/user/.m2/repository/javax/ws/rs/javax.ws.rs-api/2.1/javax.ws.rs-api-2.1.jar:/home/user/.m2/repository/org/glassfish/jersey/ext/cdi/jersey-cdi1x/2.27/jersey-cdi1x-2.27.jar:/home/user/.m2/repository/org/glassfish/jersey/inject/jersey-hk2/2.27/jersey-hk2-2.27.jar:/home/user/.m2/repository/org/glassfish/hk2/hk2-locator/2.5.0-b42/hk2-locator-2.5.0-b42.jar:/home/user/.m2/repository/org/javassist/javassist/3.22.0-CR2/javassist-3.22.0-CR2.jar:/home/user/.m2/repository/org/glassfish/hk2/hk2-api/2.5.0/hk2-api-2.5.0.jar:/home/user/.m2/repository/org/glassfish/hk2/external/jakarta.inject/2.5.0/jakarta.inject-2.5.0.jar:/home/user/.m2/repository/org/glassfish/hk2/hk2-utils/2.5.0/hk2-utils-2.5.0.jar:/home/user/.m2/repository/jakarta/annotation/jakarta.annotation-api/1.3.4/jakarta.annotation-api-1.3.4.jar:/home/user/.m2/repository/org/glassfish/hk2/external/aopalliance-repackaged/2.5.0/aopalliance-repackaged-2.5.0.jar:/home/user/.m2/repository/com/fasterxml/jackson/dataformat/jackson-dataformat-xml/2.9.0/jackson-dataformat-xml-2.9.0.jar:/home/user/.m2/repository/com/fasterxml/jackson/module/jackson-module-jaxb-annotations/2.9.9/jackson-module-jaxb-annotations-2.9.9.jar:/home/user/.m2/repository/javax/enterprise/cdi-api/1.2/cdi-api-1.2.jar:/home/user/.m2/repository/javax/el/javax.el-api/3.0.0/javax.el-api-3.0.0.jar:/home/user/.m2/repository/javax/interceptor/javax.interceptor-api/1.2/javax.interceptor-api-1.2.jar:/home/user/.m2/repository/javax/inject/javax.inject/1/javax.inject-1.jar:/home/user/.m2/repository/com/sun/xml/bind/jaxb-core/2.3.0.1/jaxb-core-2.3.0.1.jar:/home/user/.m2/repository/javax/xml/bind/jaxb-api/2.3.0/jaxb-api-2.3.0.jar:/home/user/.m2/repository/javax/activation/activation/1.1.1/activation-1.1.1.jar:/home/user/.m2/repository/org/apache/hadoop/hadoop-ozone-csi/0.5.0-SNAPSHOT/hadoop-ozone-csi-0.5.0-SNAPSHOT.jar:/home/user/.m2/repository/com/google/protobuf/protobuf-java-util/3.5.1/protobuf-java-util-3.5.1.jar:/home/user/.m2/repository/io/grpc/grpc-netty/1.17.1/grpc-netty-1.17.1.jar:/home/user/.m2/repository/io/grpc/grpc-core/1.17.1/grpc-core-1.17.1.jar:/home/user/.m2/repository/io/grpc/grpc-context/1.17.1/grpc-context-1.17.1.jar:/home/user/.m2/repository/com/google/errorprone/error_prone_annotations/2.2.0/error_prone_annotations-2.2.0.jar:/home/user/.m2/repository/org/codehaus/mojo/animal-sniffer-annotations/1.17/animal-sniffer-annotations-1.17.jar:/home/user/.m2/repository/io/opencensus/opencensus-api/0.17.0/opencensus-api-0.17.0.jar:/home/user/.m2/repository/io/opencensus/opencensus-contrib-grpc-metrics/0.17.0/opencensus-contrib-grpc-metrics-0.17.0.jar:/home/user/.m2/repository/io/netty/netty-codec-http2/4.1.30.Final/netty-codec-http2-4.1.30.Final.jar:/home/user/.m2/repository/io/netty/netty-codec-http/4.1.30.Final/netty-codec-http-4.1.30.Final.jar:/home/user/.m2/repository/io/netty/netty-codec/4.1.30.Final/netty-codec-4.1.30.Final.jar:/home/user/.m2/repository/io/netty/netty-handler/4.1.30.Final/netty-handler-4.1.30.Final.jar:/home/user/.m2/repository/io/netty/netty-handler-proxy/4.1.30.Final/netty-handler-proxy-4.1.30.Final.jar:/home/user/.m2/repository/io/netty/netty-codec-socks/4.1.30.Final/netty-codec-socks-4.1.30.Final.jar:/home/user/.m2/repository/io/netty/netty-transport-native-epoll/4.1.30.Final/netty-transport-native-epoll-4.1.30.Final.jar:/home/user/.m2/repository/io/netty/netty-common/4.1.30.Final/netty-common-4.1.30.Final.jar:/home/user/.m2/repository/io/netty/netty-buffer/4.1.30.Final/netty-buffer-4.1.30.Final.jar:/home/user/.m2/repository/io/netty/netty-transport/4.1.30.Final/netty-transport-4.1.30.Final.jar:/home/user/.m2/repository/io/netty/netty-resolver/4.1.30.Final/netty-resolver-4.1.30.Final.jar:/home/user/.m2/repository/io/netty/netty-transport-native-unix-common/4.1.30.Final/netty-transport-native-unix-common-4.1.30.Final.jar:/home/user/.m2/repository/io/grpc/grpc-protobuf/1.17.1/grpc-protobuf-1.17.1.jar:/home/user/.m2/repository/com/google/api/grpc/proto-google-common-protos/1.0.0/proto-google-common-protos-1.0.0.jar:/home/user/.m2/repository/io/grpc/grpc-protobuf-lite/1.17.1/grpc-protobuf-lite-1.17.1.jar:/home/user/.m2/repository/io/grpc/grpc-stub/1.17.1/grpc-stub-1.17.1.jar:/home/user/.m2/repository/org/apache/hadoop/hadoop-ozone-recon/0.5.0-SNAPSHOT/hadoop-ozone-recon-0.5.0-SNAPSHOT.jar:/home/user/.m2/repository/org/apache/hadoop/hadoop-ozone-reconcodegen/0.5.0-SNAPSHOT/hadoop-ozone-reconcodegen-0.5.0-SNAPSHOT.jar:/home/user/.m2/repository/com/google/inject/extensions/guice-multibindings/4.0/guice-multibindings-4.0.jar:/home/user/.m2/repository/com/google/inject/guice/4.0/guice-4.0.jar:/home/user/.m2/repository/aopalliance/aopalliance/1.0/aopalliance-1.0.jar:/home/user/.m2/repository/org/glassfish/jersey/containers/jersey-container-servlet/2.27/jersey-container-servlet-2.27.jar:/home/user/.m2/repository/org/glassfish/hk2/guice-bridge/2.5.0/guice-bridge-2.5.0.jar:/home/user/.m2/repository/org/glassfish/jersey/core/jersey-server/2.27/jersey-server-2.27.jar:/home/user/.m2/repository/org/glassfish/jersey/core/jersey-client/2.27/jersey-client-2.27.jar:/home/user/.m2/repository/org/glassfish/jersey/media/jersey-media-jaxb/2.27/jersey-media-jaxb-2.27.jar:/home/user/.m2/repository/javax/validation/validation-api/1.1.0.Final/validation-api-1.1.0.Final.jar:/home/user/.m2/repository/org/glassfish/jersey/media/jersey-media-json-jackson/2.27/jersey-media-json-jackson-2.27.jar:/home/user/.m2/repository/org/glassfish/jersey/ext/jersey-entity-filtering/2.27/jersey-entity-filtering-2.27.jar:/home/user/.m2/repository/com/google/inject/extensions/guice-assistedinject/4.0/guice-assistedinject-4.0.jar:/home/user/.m2/repository/org/jooq/jooq/3.11.10/jooq-3.11.10.jar:/home/user/.m2/repository/org/jooq/jooq-meta/3.11.10/jooq-meta-3.11.10.jar:/home/user/.m2/repository/org/jooq/jooq-codegen/3.11.10/jooq-codegen-3.11.10.jar:/home/user/.m2/repository/com/jolbox/bonecp/0.8.0.RELEASE/bonecp-0.8.0.RELEASE.jar:/home/user/.m2/repository/org/springframework/spring-jdbc/5.1.3.RELEASE/spring-jdbc-5.1.3.RELEASE.jar:/home/user/.m2/repository/org/springframework/spring-beans/5.1.3.RELEASE/spring-beans-5.1.3.RELEASE.jar:/home/user/.m2/repository/org/springframework/spring-core/5.1.3.RELEASE/spring-core-5.1.3.RELEASE.jar:/home/user/.m2/repository/org/springframework/spring-jcl/5.1.3.RELEASE/spring-jcl-5.1.3.RELEASE.jar:/home/user/.m2/repository/org/springframework/spring-tx/5.1.3.RELEASE/spring-tx-5.1.3.RELEASE.jar:/home/user/.m2/repository/org/mockito/mockito-all/1.10.19/mockito-all-1.10.19.jar:/home/user/.m2/repository/junit/junit/4.11/junit-4.11.jar:/home/user/.m2/repository/org/hamcrest/hamcrest-core/1.3/hamcrest-core-1.3.jar:/home/user/.m2/repository/org/apache/hadoop/hadoop-distcp/3.2.0/hadoop-distcp-3.2.0.jar:/home/user/.m2/repository/org/apache/hadoop/hadoop-distcp/3.2.0/hadoop-distcp-3.2.0-tests.jar:/home/user/.m2/repository/org/apache/hadoop/hadoop-mapreduce-client-jobclient/3.2.0/hadoop-mapreduce-client-jobclient-3.2.0.jar:/home/user/.m2/repository/org/apache/hadoop/hadoop-mapreduce-client-common/3.2.0/hadoop-mapreduce-client-common-3.2.0.jar:/home/user/.m2/repository/org/apache/hadoop/hadoop-yarn-common/3.2.0/hadoop-yarn-common-3.2.0.jar:/home/user/.m2/repository/org/apache/hadoop/hadoop-yarn-api/3.2.0/hadoop-yarn-api-3.2.0.jar:/home/user/.m2/repository/com/sun/jersey/jersey-client/1.19/jersey-client-1.19.jar:/home/user/.m2/repository/com/sun/jersey/contribs/jersey-guice/1.19/jersey-guice-1.19.jar:/home/user/.m2/repository/com/fasterxml/jackson/jaxrs/jackson-jaxrs-json-provider/2.9.9/jackson-jaxrs-json-provider-2.9.9.jar:/home/user/.m2/repository/com/fasterxml/jackson/jaxrs/jackson-jaxrs-base/2.9.9/jackson-jaxrs-base-2.9.9.jar:/home/user/.m2/repository/org/apache/hadoop/hadoop-yarn-client/3.2.0/hadoop-yarn-client-3.2.0.jar:/home/user/.m2/repository/org/apache/hadoop/hadoop-mapreduce-client-core/3.2.0/hadoop-mapreduce-client-core-3.2.0.jar:/home/user/.m2/repository/com/google/inject/extensions/guice-servlet/4.0/guice-servlet-4.0.jar:/home/user/.m2/repository/org/powermock/powermock-module-junit4/1.6.5/powermock-module-junit4-1.6.5.jar:/home/user/.m2/repository/org/powermock/powermock-module-junit4-common/1.6.5/powermock-module-junit4-common-1.6.5.jar:/home/user/.m2/repository/org/powermock/powermock-core/1.6.5/powermock-core-1.6.5.jar:/home/user/.m2/repository/org/powermock/powermock-reflect/1.6.5/powermock-reflect-1.6.5.jar:/home/user/.m2/repository/org/powermock/powermock-api-mockito/1.6.5/powermock-api-mockito-1.6.5.jar:/home/user/.m2/repository/org/mockito/mockito-core/1.10.19/mockito-core-1.10.19.jar:/home/user/.m2/repository/org/objenesis/objenesis/1.0/objenesis-1.0.jar:/home/user/.m2/repository/org/powermock/powermock-api-mockito-common/1.6.5/powermock-api-mockito-common-1.6.5.jar:/home/user/.m2/repository/org/powermock/powermock-api-support/1.6.5/powermock-api-support-1.6.5.jar:"/>
    <property name="sun.cpu.endian" value="little"/>
    <property name="user.home" value="/home/user"/>
    <property name="user.language" value="en"/>
    <property name="java.specification.vendor" value="Oracle Corporation"/>
    <property name="java.home" value="/usr/lib/jvm/java-1.8-openjdk/jre"/>
    <property name="java.security.krb5.conf" value="/workdir/hadoop-ozone/ozonefs/target/test-classes/krb5.conf"/>
    <property name="basedir" value="/workdir/hadoop-ozone/ozonefs"/>
    <property name="file.separator" value="/"/>
    <property name="line.separator" value="&#10;"/>
    <property name="java.vm.specification.vendor" value="Oracle Corporation"/>
    <property name="java.specification.name" value="Java Platform API Specification"/>
    <property name="java.awt.graphicsenv" value="sun.awt.X11GraphicsEnvironment"/>
    <property name="surefire.real.class.path" value="/workdir/hadoop-ozone/ozonefs/target/surefire/surefirebooter4428322577139150608.jar"/>
    <property name="hadoop.log.dir" value="/workdir/hadoop-ozone/ozonefs/target/log"/>
    <property name="sun.boot.class.path" value="/usr/lib/jvm/java-1.8-openjdk/jre/lib/resources.jar:/usr/lib/jvm/java-1.8-openjdk/jre/lib/rt.jar:/usr/lib/jvm/java-1.8-openjdk/jre/lib/sunrsasign.jar:/usr/lib/jvm/java-1.8-openjdk/jre/lib/jsse.jar:/usr/lib/jvm/java-1.8-openjdk/jre/lib/jce.jar:/usr/lib/jvm/java-1.8-openjdk/jre/lib/charsets.jar:/usr/lib/jvm/java-1.8-openjdk/jre/lib/jfr.jar:/usr/lib/jvm/java-1.8-openjdk/jre/classes"/>
    <property name="sun.management.compiler" value="HotSpot 64-Bit Tiered Compilers"/>
    <property name="java.runtime.version" value="1.8.0_212-b04"/>
    <property name="java.net.preferIPv4Stack" value="true"/>
    <property name="user.name" value="jenkins1000"/>
    <property name="path.separator" value=":"/>
    <property name="java.security.egd" value="file:///dev/urandom"/>
    <property name="os.version" value="3.10.0-957.12.2.el7.x86_64"/>
    <property name="java.endorsed.dirs" value="/usr/lib/jvm/java-1.8-openjdk/jre/lib/endorsed"/>
    <property name="java.runtime.name" value="OpenJDK Runtime Environment"/>
    <property name="file.encoding" value="UTF-8"/>
    <property name="java.vm.name" value="OpenJDK 64-Bit Server VM"/>
    <property name="test.build.webapps" value=""/>
    <property name="localRepository" value="/home/user/.m2/repository"/>
    <property name="java.vendor.url.bug" value="https://icedtea.classpath.org/bugzilla"/>
    <property name="java.io.tmpdir" value="/tmp"/>
    <property name="require.test.libhadoop" value=""/>
    <property name="java.version" value="1.8.0_212"/>
    <property name="user.dir" value="/workdir/hadoop-ozone/ozonefs"/>
    <property name="os.arch" value="amd64"/>
    <property name="java.vm.specification.name" value="Java Virtual Machine Specification"/>
    <property name="test.build.classes" value="/workdir/hadoop-ozone/ozonefs/target/test-classes"/>
    <property name="java.awt.printerjob" value="sun.print.PSPrinterJob"/>
    <property name="sun.os.patch.level" value="unknown"/>
    <property name="hadoop.tmp.dir" value="/workdir/hadoop-ozone/ozonefs/target/tmp"/>
    <property name="java.library.path" value="/usr/lib/jvm/java-1.8-openjdk/jre/lib/amd64/server:/usr/lib/jvm/java-1.8-openjdk/jre/lib/amd64:/usr/lib/jvm/java-1.8-openjdk/jre/../lib/amd64:/workdir/hadoop-ozone/ozonefs/target/native/target/usr/local/lib:/workdir/hadoop-ozone/ozonefs/../../hadoop-common-project/hadoop-common/target/native/target/usr/local/lib:/usr/java/packages/lib/amd64:/usr/lib64:/lib64:/lib:/usr/lib"/>
    <property name="java.vm.info" value="mixed mode"/>
    <property name="java.vendor" value="IcedTea"/>
    <property name="java.vm.version" value="25.212-b04"/>
    <property name="java.ext.dirs" value="/usr/lib/jvm/java-1.8-openjdk/jre/lib/ext:/usr/java/packages/lib/ext"/>
    <property name="sun.io.unicode.encoding" value="UnicodeLittle"/>
    <property name="java.class.version" value="52.0"/>
  </properties>
  <testcase name="org.apache.hadoop.fs.ozone.TestOzoneFSInputStream" classname="org.apache.hadoop.fs.ozone.TestOzoneFSInputStream" time="47.46">
    <error message="Allocated 0 blocks. Requested 1 blocks" type="INTERNAL_ERROR org.apache.hadoop.ozone.om.exceptions.OMException">INTERNAL_ERROR org.apache.hadoop.ozone.om.exceptions.OMException: Allocated 0 blocks. Requested 1 blocks
	at org.apache.hadoop.ozone.om.protocolPB.OzoneManagerProtocolClientSideTranslatorPB.handleError(OzoneManagerProtocolClientSideTranslatorPB.java:732)
	at org.apache.hadoop.ozone.om.protocolPB.OzoneManagerProtocolClientSideTranslatorPB.createFile(OzoneManagerProtocolClientSideTranslatorPB.java:1536)
	at sun.reflect.NativeMethodAccessorImpl.invoke0(Native Method)
	at sun.reflect.NativeMethodAccessorImpl.invoke(NativeMethodAccessorImpl.java:62)
	at sun.reflect.DelegatingMethodAccessorImpl.invoke(DelegatingMethodAccessorImpl.java:43)
	at java.lang.reflect.Method.invoke(Method.java:498)
	at org.apache.hadoop.hdds.tracing.TraceAllMethod.invoke(TraceAllMethod.java:66)
	at com.sun.proxy.$Proxy37.createFile(Unknown Source)
	at org.apache.hadoop.ozone.client.rpc.RpcClient.createFile(RpcClient.java:1006)
	at org.apache.hadoop.ozone.client.OzoneBucket.createFile(OzoneBucket.java:537)
	at org.apache.hadoop.fs.ozone.BasicOzoneClientAdapterImpl.createFile(BasicOzoneClientAdapterImpl.java:205)
	at org.apache.hadoop.fs.ozone.BasicOzoneFileSystem.createOutputStream(BasicOzoneFileSystem.java:250)
	at org.apache.hadoop.fs.ozone.BasicOzoneFileSystem.create(BasicOzoneFileSystem.java:231)
	at org.apache.hadoop.fs.FileSystem.create(FileSystem.java:1118)
	at org.apache.hadoop.fs.FileSystem.create(FileSystem.java:1098)
	at org.apache.hadoop.fs.FileSystem.create(FileSystem.java:987)
	at org.apache.hadoop.fs.FileSystem.create(FileSystem.java:975)
	at org.apache.hadoop.fs.ozone.TestOzoneFSInputStream.init(TestOzoneFSInputStream.java:86)
	at sun.reflect.NativeMethodAccessorImpl.invoke0(Native Method)
	at sun.reflect.NativeMethodAccessorImpl.invoke(NativeMethodAccessorImpl.java:62)
	at sun.reflect.DelegatingMethodAccessorImpl.invoke(DelegatingMethodAccessorImpl.java:43)
	at java.lang.reflect.Method.invoke(Method.java:498)
	at org.junit.runners.model.FrameworkMethod$1.runReflectiveCall(FrameworkMethod.java:47)
	at org.junit.internal.runners.model.ReflectiveCallable.run(ReflectiveCallable.java:12)
	at org.junit.runners.model.FrameworkMethod.invokeExplosively(FrameworkMethod.java:44)
	at org.junit.internal.runners.statements.RunBefores.evaluate(RunBefores.java:24)
	at org.junit.internal.runners.statements.RunAfters.evaluate(RunAfters.java:27)
	at org.junit.runners.ParentRunner.run(ParentRunner.java:309)
	at org.apache.maven.surefire.junit4.JUnit4Provider.execute(JUnit4Provider.java:365)
	at org.apache.maven.surefire.junit4.JUnit4Provider.executeWithRerun(JUnit4Provider.java:273)
	at org.apache.maven.surefire.junit4.JUnit4Provider.executeTestSet(JUnit4Provider.java:238)
	at org.apache.maven.surefire.junit4.JUnit4Provider.invoke(JUnit4Provider.java:159)
	at org.apache.maven.surefire.booter.ForkedBooter.invokeProviderInSameClassLoader(ForkedBooter.java:384)
	at org.apache.maven.surefire.booter.ForkedBooter.runSuitesInProcess(ForkedBooter.java:345)
	at org.apache.maven.surefire.booter.ForkedBooter.execute(ForkedBooter.java:126)
	at org.apache.maven.surefire.booter.ForkedBooter.main(ForkedBooter.java:418)
</error>
    <system-out><![CDATA[2019-09-25 07:20:49,308 [main] WARN  server.ServerUtils (ServerUtils.java:getScmDbDir(145)) - ozone.scm.db.dirs is not configured. We recommend adding this setting. Falling back to ozone.metadata.dirs instead.
2019-09-25 07:20:49,432 [main] WARN  server.ServerUtils (ServerUtils.java:getScmDbDir(145)) - ozone.scm.db.dirs is not configured. We recommend adding this setting. Falling back to ozone.metadata.dirs instead.
2019-09-25 07:20:49,436 [main] WARN  server.ServerUtils (ServerUtils.java:getScmDbDir(145)) - ozone.scm.db.dirs is not configured. We recommend adding this setting. Falling back to ozone.metadata.dirs instead.
2019-09-25 07:20:49,454 [main] INFO  util.log (Log.java:initialized(192)) - Logging initialized @911ms
2019-09-25 07:20:49,569 [main] INFO  db.DBStoreBuilder (DBStoreBuilder.java:addTable(110)) - using custom profile for table: deletedBlocks
2019-09-25 07:20:49,570 [main] INFO  db.DBStoreBuilder (DBStoreBuilder.java:processTables(161)) - Using default column profile:DBProfile.DISK for Table:deletedBlocks
2019-09-25 07:20:49,570 [main] INFO  db.DBStoreBuilder (DBStoreBuilder.java:addTable(110)) - using custom profile for table: validCerts
2019-09-25 07:20:49,570 [main] INFO  db.DBStoreBuilder (DBStoreBuilder.java:processTables(161)) - Using default column profile:DBProfile.DISK for Table:validCerts
2019-09-25 07:20:49,571 [main] INFO  db.DBStoreBuilder (DBStoreBuilder.java:addTable(110)) - using custom profile for table: revokedCerts
2019-09-25 07:20:49,571 [main] INFO  db.DBStoreBuilder (DBStoreBuilder.java:processTables(161)) - Using default column profile:DBProfile.DISK for Table:revokedCerts
2019-09-25 07:20:49,582 [main] INFO  db.DBStoreBuilder (DBStoreBuilder.java:addTable(110)) - using custom profile for table: default
2019-09-25 07:20:49,583 [main] INFO  db.DBStoreBuilder (DBStoreBuilder.java:processTables(167)) - Using default column profile:DBProfile.DISK for Table:default
2019-09-25 07:20:49,584 [main] INFO  db.DBStoreBuilder (DBStoreBuilder.java:getDbProfile(198)) - Using default options. DBProfile.DISK
2019-09-25 07:20:49,940 [main] INFO  net.NodeSchemaLoader (NodeSchemaLoader.java:loadSchemaFromFile(125)) - Loading file from sun.misc.CompoundEnumeration@6771beb3
2019-09-25 07:20:49,942 [main] INFO  net.NodeSchemaLoader (NodeSchemaLoader.java:loadSchema(171)) - Loading network topology layer schema file
2019-09-25 07:20:50,020 [main] WARN  server.ServerUtils (ServerUtils.java:sanitizeUserArgs(70)) - ozone.scm.stale.node.interval value = 300000 is larger than max = 100000 based on the key value of ozone.scm.heartbeat.thread.interval, reset to the max value 100000.
2019-09-25 07:20:50,021 [main] WARN  server.ServerUtils (ServerUtils.java:sanitizeUserArgs(70)) - ozone.scm.stale.node.interval value = 300000 is larger than max = 100000 based on the key value of ozone.scm.heartbeat.thread.interval, reset to the max value 100000.
2019-09-25 07:20:50,024 [main] INFO  node.SCMNodeManager (SCMNodeManager.java:<init>(114)) - Entering startup safe mode.
2019-09-25 07:20:50,157 [main] INFO  algorithms.ContainerPlacementPolicyFactory (ContainerPlacementPolicyFactory.java:getPolicy(59)) - Create container placement policy of type org.apache.hadoop.hdds.scm.container.placement.algorithms.SCMContainerPlacementRandom
2019-09-25 07:20:50,172 [main] WARN  server.ServerUtils (ServerUtils.java:getScmDbDir(145)) - ozone.scm.db.dirs is not configured. We recommend adding this setting. Falling back to ozone.metadata.dirs instead.
2019-09-25 07:20:50,236 [main] INFO  pipeline.SCMPipelineManager (SCMPipelineManager.java:initializePipelineState(132)) - No pipeline exists in current db
2019-09-25 07:20:50,239 [main] WARN  server.ServerUtils (ServerUtils.java:getScmDbDir(145)) - ozone.scm.db.dirs is not configured. We recommend adding this setting. Falling back to ozone.metadata.dirs instead.
2019-09-25 07:20:50,408 [main] WARN  events.EventQueue (EventQueue.java:fireEvent(183)) - No event handler registered for event TypedEvent{payloadType=SafeModeStatus, name='SafeModeStatus'}
2019-09-25 07:20:50,848 [main] INFO  ipc.CallQueueManager (CallQueueManager.java:<init>(84)) - Using callQueue: class java.util.concurrent.LinkedBlockingQueue, queueCapacity: 2000, scheduler: class org.apache.hadoop.ipc.DefaultRpcScheduler, ipcBackoff: false.
2019-09-25 07:20:50,990 [Socket Reader #1 for port 40047] INFO  ipc.Server (Server.java:run(1074)) - Starting Socket Reader #1 for port 40047
2019-09-25 07:20:51,018 [main] INFO  ipc.CallQueueManager (CallQueueManager.java:<init>(84)) - Using callQueue: class java.util.concurrent.LinkedBlockingQueue, queueCapacity: 2000, scheduler: class org.apache.hadoop.ipc.DefaultRpcScheduler, ipcBackoff: false.
2019-09-25 07:20:51,019 [Socket Reader #1 for port 46020] INFO  ipc.Server (Server.java:run(1074)) - Starting Socket Reader #1 for port 46020
2019-09-25 07:20:51,027 [main] INFO  ipc.CallQueueManager (CallQueueManager.java:<init>(84)) - Using callQueue: class java.util.concurrent.LinkedBlockingQueue, queueCapacity: 2000, scheduler: class org.apache.hadoop.ipc.DefaultRpcScheduler, ipcBackoff: false.
2019-09-25 07:20:51,028 [Socket Reader #1 for port 41483] INFO  ipc.Server (Server.java:run(1074)) - Starting Socket Reader #1 for port 41483
2019-09-25 07:20:51,050 [main] INFO  hdfs.DFSUtil (DFSUtil.java:httpServerTemplateForNNAndJN(1641)) - Starting Web-server for scm at: http://0.0.0.0:0
2019-09-25 07:20:51,182 [main] INFO  server.AuthenticationFilter (AuthenticationFilter.java:constructSecretProvider(240)) - Unable to initialize FileSignerSecretProvider, falling back to use random secrets.
2019-09-25 07:20:51,197 [main] WARN  http.HttpRequestLog (HttpRequestLog.java:getRequestLog(97)) - Jetty request log can only be enabled using Log4j
2019-09-25 07:20:51,209 [main] INFO  http.HttpServer2 (HttpServer2.java:addGlobalFilter(975)) - Added global filter 'safety' (class=org.apache.hadoop.http.HttpServer2$QuotingInputFilter)
2019-09-25 07:20:51,212 [main] INFO  http.HttpServer2 (HttpServer2.java:addFilter(948)) - Added filter static_user_filter (class=org.apache.hadoop.http.lib.StaticUserWebFilter$StaticUserFilter) to context scm
2019-09-25 07:20:51,212 [main] INFO  http.HttpServer2 (HttpServer2.java:addFilter(958)) - Added filter static_user_filter (class=org.apache.hadoop.http.lib.StaticUserWebFilter$StaticUserFilter) to context logs
2019-09-25 07:20:51,212 [main] INFO  http.HttpServer2 (HttpServer2.java:addFilter(958)) - Added filter static_user_filter (class=org.apache.hadoop.http.lib.StaticUserWebFilter$StaticUserFilter) to context static
2019-09-25 07:20:51,238 [main] INFO  server.StorageContainerManager (StorageContainerManager.java:start(770)) - StorageContainerLocationProtocol RPC server is listening at /0.0.0.0:41483
2019-09-25 07:20:51,284 [main] WARN  impl.MetricsConfig (MetricsConfig.java:loadFirst(134)) - Cannot locate configuration: tried hadoop-metrics2-storagecontainermanager.properties,hadoop-metrics2.properties
2019-09-25 07:20:51,296 [main] INFO  impl.MetricsSystemImpl (MetricsSystemImpl.java:startTimer(374)) - Scheduled Metric snapshot period at 10 second(s).
2019-09-25 07:20:51,297 [main] INFO  impl.MetricsSystemImpl (MetricsSystemImpl.java:start(191)) - StorageContainerManager metrics system started
2019-09-25 07:20:51,521 [main] INFO  server.SCMClientProtocolServer (SCMClientProtocolServer.java:start(151)) - RPC server for Client  is listening at /0.0.0.0:41483
2019-09-25 07:20:51,522 [IPC Server Responder] INFO  ipc.Server (Server.java:run(1314)) - IPC Server Responder: starting
2019-09-25 07:20:51,522 [IPC Server listener on 41483] INFO  ipc.Server (Server.java:run(1153)) - IPC Server listener on 41483: starting
2019-09-25 07:20:51,527 [main] INFO  server.StorageContainerManager (StorageContainerManager.java:start(780)) - ScmBlockLocationProtocol RPC server is listening at /0.0.0.0:46020
2019-09-25 07:20:51,529 [main] INFO  server.SCMBlockProtocolServer (SCMBlockProtocolServer.java:start(146)) - RPC server for Block Protocol is listening at /0.0.0.0:46020
2019-09-25 07:20:51,529 [IPC Server Responder] INFO  ipc.Server (Server.java:run(1314)) - IPC Server Responder: starting
2019-09-25 07:20:51,530 [IPC Server listener on 46020] INFO  ipc.Server (Server.java:run(1153)) - IPC Server listener on 46020: starting
2019-09-25 07:20:51,534 [main] INFO  server.StorageContainerManager (StorageContainerManager.java:start(784)) - ScmDatanodeProtocl RPC server is listening at /0.0.0.0:40047
2019-09-25 07:20:51,535 [main] INFO  server.SCMDatanodeProtocolServer (SCMDatanodeProtocolServer.java:start(191)) - RPC server for DataNodes is listening at /0.0.0.0:40047
2019-09-25 07:20:51,536 [IPC Server Responder] INFO  ipc.Server (Server.java:run(1314)) - IPC Server Responder: starting
2019-09-25 07:20:51,536 [IPC Server listener on 40047] INFO  ipc.Server (Server.java:run(1153)) - IPC Server listener on 40047: starting
2019-09-25 07:20:51,546 [main] INFO  http.HttpServer2 (HttpServer2.java:bindListener(1191)) - Jetty bound to port 40482
2019-09-25 07:20:51,548 [main] INFO  server.Server (Server.java:doStart(351)) - jetty-9.3.25.v20180904, build timestamp: 2018-09-04T21:11:46Z, git hash: 3ce520221d0240229c862b122d2b06c12a625732
2019-09-25 07:20:51,584 [main] INFO  handler.ContextHandler (ContextHandler.java:doStart(781)) - Started o.e.j.s.ServletContextHandler@68fa0ba8{/logs,file:///workdir/hadoop-ozone/ozonefs/target/log,AVAILABLE}
2019-09-25 07:20:51,584 [main] INFO  handler.ContextHandler (ContextHandler.java:doStart(781)) - Started o.e.j.s.ServletContextHandler@5c10f1c3{/static,jar:file:/home/user/.m2/repository/org/apache/hadoop/hadoop-hdds-server-scm/0.5.0-SNAPSHOT/hadoop-hdds-server-scm-0.5.0-SNAPSHOT.jar!/webapps/static,AVAILABLE}
2019-09-25 07:20:51,652 [main] INFO  handler.ContextHandler (ContextHandler.java:doStart(781)) - Started o.e.j.w.WebAppContext@5a021cb9{/,file:///tmp/jetty-0.0.0.0-40482-scm-_-any-2832347267054789235.dir/webapp/,AVAILABLE}{/scm}
2019-09-25 07:20:51,657 [main] INFO  server.AbstractConnector (AbstractConnector.java:doStart(278)) - Started ServerConnector@287f94b1{HTTP/1.1,[http/1.1]}{0.0.0.0:40482}
2019-09-25 07:20:51,657 [main] INFO  server.Server (Server.java:doStart(419)) - Started @3114ms
2019-09-25 07:20:51,659 [main] INFO  impl.MetricsSinkAdapter (MetricsSinkAdapter.java:start(204)) - Sink prometheus started
2019-09-25 07:20:51,659 [main] INFO  impl.MetricsSystemImpl (MetricsSystemImpl.java:registerSink(301)) - Registered sink prometheus
2019-09-25 07:20:51,661 [main] INFO  server.BaseHttpServer (BaseHttpServer.java:updateConnectorAddress(215)) - HTTP server of SCM is listening at http://0.0.0.0:40482
2019-09-25 07:20:51,671 [org.apache.hadoop.util.JvmPauseMonitor$Monitor@324c64cd] INFO  util.JvmPauseMonitor (JvmPauseMonitor.java:run(188)) - Starting JVM pause monitor
2019-09-25 07:20:51,676 [main] WARN  server.ServerUtils (ServerUtils.java:getDBPath(222)) - ozone.om.db.dirs is not configured. We recommend adding this setting. Falling back to ozone.metadata.dirs instead.
2019-09-25 07:20:51,808 [main] WARN  server.ServerUtils (ServerUtils.java:getDBPath(222)) - ozone.om.db.dirs is not configured. We recommend adding this setting. Falling back to ozone.metadata.dirs instead.
2019-09-25 07:20:51,809 [main] WARN  server.ServerUtils (ServerUtils.java:getDBPath(222)) - ozone.om.db.dirs is not configured. We recommend adding this setting. Falling back to ozone.metadata.dirs instead.
2019-09-25 07:20:51,810 [main] INFO  om.OzoneManager (OzoneManager.java:setOMNodeDetails(652)) - OM Service ID is not set. Setting it to the default ID: omServiceIdDefault
2019-09-25 07:20:51,810 [main] INFO  om.OzoneManager (OzoneManager.java:setOMNodeDetails(658)) - OM Node ID is not set. Setting it to the OmStorage's OmID: 3565cae5-a279-45cd-aecc-efc5bf539488
2019-09-25 07:20:51,811 [main] INFO  om.OzoneManager (OzoneManager.java:loadOMHAConfigs(609)) - Found matching OM address with OMServiceId: null, OMNodeId: null, RPC Address: localhost:0 and Ratis port: 9872
2019-09-25 07:20:52,634 [main] WARN  server.ServerUtils (ServerUtils.java:getDBPath(222)) - ozone.om.db.dirs is not configured. We recommend adding this setting. Falling back to ozone.metadata.dirs instead.
2019-09-25 07:20:52,645 [main] INFO  db.DBStoreBuilder (DBStoreBuilder.java:addTable(110)) - using custom profile for table: userTable
2019-09-25 07:20:52,645 [main] INFO  db.DBStoreBuilder (DBStoreBuilder.java:processTables(161)) - Using default column profile:DBProfile.DISK for Table:userTable
2019-09-25 07:20:52,645 [main] INFO  db.DBStoreBuilder (DBStoreBuilder.java:addTable(110)) - using custom profile for table: volumeTable
2019-09-25 07:20:52,645 [main] INFO  db.DBStoreBuilder (DBStoreBuilder.java:processTables(161)) - Using default column profile:DBProfile.DISK for Table:volumeTable
2019-09-25 07:20:52,646 [main] INFO  db.DBStoreBuilder (DBStoreBuilder.java:addTable(110)) - using custom profile for table: bucketTable
2019-09-25 07:20:52,646 [main] INFO  db.DBStoreBuilder (DBStoreBuilder.java:processTables(161)) - Using default column profile:DBProfile.DISK for Table:bucketTable
2019-09-25 07:20:52,646 [main] INFO  db.DBStoreBuilder (DBStoreBuilder.java:addTable(110)) - using custom profile for table: keyTable
2019-09-25 07:20:52,646 [main] INFO  db.DBStoreBuilder (DBStoreBuilder.java:processTables(161)) - Using default column profile:DBProfile.DISK for Table:keyTable
2019-09-25 07:20:52,647 [main] INFO  db.DBStoreBuilder (DBStoreBuilder.java:addTable(110)) - using custom profile for table: deletedTable
2019-09-25 07:20:52,647 [main] INFO  db.DBStoreBuilder (DBStoreBuilder.java:processTables(161)) - Using default column profile:DBProfile.DISK for Table:deletedTable
2019-09-25 07:20:52,647 [main] INFO  db.DBStoreBuilder (DBStoreBuilder.java:addTable(110)) - using custom profile for table: openKeyTable
2019-09-25 07:20:52,647 [main] INFO  db.DBStoreBuilder (DBStoreBuilder.java:processTables(161)) - Using default column profile:DBProfile.DISK for Table:openKeyTable
2019-09-25 07:20:52,648 [main] INFO  db.DBStoreBuilder (DBStoreBuilder.java:addTable(110)) - using custom profile for table: s3Table
2019-09-25 07:20:52,648 [main] INFO  db.DBStoreBuilder (DBStoreBuilder.java:processTables(161)) - Using default column profile:DBProfile.DISK for Table:s3Table
2019-09-25 07:20:52,648 [main] INFO  db.DBStoreBuilder (DBStoreBuilder.java:addTable(110)) - using custom profile for table: multipartInfoTable
2019-09-25 07:20:52,648 [main] INFO  db.DBStoreBuilder (DBStoreBuilder.java:processTables(161)) - Using default column profile:DBProfile.DISK for Table:multipartInfoTable
2019-09-25 07:20:52,649 [main] INFO  db.DBStoreBuilder (DBStoreBuilder.java:addTable(110)) - using custom profile for table: dTokenTable
2019-09-25 07:20:52,649 [main] INFO  db.DBStoreBuilder (DBStoreBuilder.java:processTables(161)) - Using default column profile:DBProfile.DISK for Table:dTokenTable
2019-09-25 07:20:52,649 [main] INFO  db.DBStoreBuilder (DBStoreBuilder.java:addTable(110)) - using custom profile for table: s3SecretTable
2019-09-25 07:20:52,649 [main] INFO  db.DBStoreBuilder (DBStoreBuilder.java:processTables(161)) - Using default column profile:DBProfile.DISK for Table:s3SecretTable
2019-09-25 07:20:52,650 [main] INFO  db.DBStoreBuilder (DBStoreBuilder.java:addTable(110)) - using custom profile for table: prefixTable
2019-09-25 07:20:52,650 [main] INFO  db.DBStoreBuilder (DBStoreBuilder.java:processTables(161)) - Using default column profile:DBProfile.DISK for Table:prefixTable
2019-09-25 07:20:52,650 [main] INFO  db.DBStoreBuilder (DBStoreBuilder.java:addTable(110)) - using custom profile for table: default
2019-09-25 07:20:52,650 [main] INFO  db.DBStoreBuilder (DBStoreBuilder.java:processTables(167)) - Using default column profile:DBProfile.DISK for Table:default
2019-09-25 07:20:52,650 [main] INFO  db.DBStoreBuilder (DBStoreBuilder.java:getDbProfile(198)) - Using default options. DBProfile.DISK
2019-09-25 07:20:52,964 [main] INFO  ipc.CallQueueManager (CallQueueManager.java:<init>(84)) - Using callQueue: class java.util.concurrent.LinkedBlockingQueue, queueCapacity: 2000, scheduler: class org.apache.hadoop.ipc.DefaultRpcScheduler, ipcBackoff: false.
2019-09-25 07:20:52,965 [Socket Reader #1 for port 32814] INFO  ipc.Server (Server.java:run(1074)) - Starting Socket Reader #1 for port 32814
2019-09-25 07:20:52,994 [main] INFO  om.OzoneManager (OzoneManager.java:start(1243)) - OzoneManager RPC server is listening at localhost/127.0.0.1:32814
2019-09-25 07:20:52,995 [main] INFO  impl.MetricsSystemImpl (MetricsSystemImpl.java:init(158)) - OzoneManager metrics system started (again)
2019-09-25 07:20:52,996 [IPC Server Responder] INFO  ipc.Server (Server.java:run(1314)) - IPC Server Responder: starting
2019-09-25 07:20:52,996 [IPC Server listener on 32814] INFO  ipc.Server (Server.java:run(1153)) - IPC Server listener on 32814: starting
2019-09-25 07:20:53,003 [main] INFO  hdfs.DFSUtil (DFSUtil.java:httpServerTemplateForNNAndJN(1641)) - Starting Web-server for ozoneManager at: http://0.0.0.0:0
2019-09-25 07:20:53,008 [main] INFO  server.AuthenticationFilter (AuthenticationFilter.java:constructSecretProvider(240)) - Unable to initialize FileSignerSecretProvider, falling back to use random secrets.
2019-09-25 07:20:53,009 [main] WARN  http.HttpRequestLog (HttpRequestLog.java:getRequestLog(97)) - Jetty request log can only be enabled using Log4j
2019-09-25 07:20:53,013 [main] INFO  http.HttpServer2 (HttpServer2.java:addGlobalFilter(975)) - Added global filter 'safety' (class=org.apache.hadoop.http.HttpServer2$QuotingInputFilter)
2019-09-25 07:20:53,015 [main] INFO  http.HttpServer2 (HttpServer2.java:addFilter(948)) - Added filter static_user_filter (class=org.apache.hadoop.http.lib.StaticUserWebFilter$StaticUserFilter) to context ozoneManager
2019-09-25 07:20:53,016 [main] INFO  http.HttpServer2 (HttpServer2.java:addFilter(958)) - Added filter static_user_filter (class=org.apache.hadoop.http.lib.StaticUserWebFilter$StaticUserFilter) to context logs
2019-09-25 07:20:53,016 [main] INFO  http.HttpServer2 (HttpServer2.java:addFilter(958)) - Added filter static_user_filter (class=org.apache.hadoop.http.lib.StaticUserWebFilter$StaticUserFilter) to context static
2019-09-25 07:20:53,019 [main] INFO  http.HttpServer2 (HttpServer2.java:bindListener(1191)) - Jetty bound to port 34663
2019-09-25 07:20:53,019 [main] INFO  server.Server (Server.java:doStart(351)) - jetty-9.3.25.v20180904, build timestamp: 2018-09-04T21:11:46Z, git hash: 3ce520221d0240229c862b122d2b06c12a625732
2019-09-25 07:20:53,022 [main] INFO  handler.ContextHandler (ContextHandler.java:doStart(781)) - Started o.e.j.s.ServletContextHandler@56303475{/logs,file:///workdir/hadoop-ozone/ozonefs/target/log,AVAILABLE}
2019-09-25 07:20:53,023 [main] INFO  handler.ContextHandler (ContextHandler.java:doStart(781)) - Started o.e.j.s.ServletContextHandler@1dcca8d3{/static,jar:file:/home/user/.m2/repository/org/apache/hadoop/hadoop-ozone-ozone-manager/0.5.0-SNAPSHOT/hadoop-ozone-ozone-manager-0.5.0-SNAPSHOT.jar!/webapps/static,AVAILABLE}
2019-09-25 07:20:53,086 [main] INFO  handler.ContextHandler (ContextHandler.java:doStart(781)) - Started o.e.j.w.WebAppContext@298d9a05{/,file:///tmp/jetty-0.0.0.0-34663-ozoneManager-_-any-1311555930170672625.dir/webapp/,AVAILABLE}{/ozoneManager}
2019-09-25 07:20:53,087 [main] INFO  server.AbstractConnector (AbstractConnector.java:doStart(278)) - Started ServerConnector@58399d82{HTTP/1.1,[http/1.1]}{0.0.0.0:34663}
2019-09-25 07:20:53,087 [main] INFO  server.Server (Server.java:doStart(419)) - Started @4544ms
2019-09-25 07:20:53,088 [main] WARN  impl.MetricsSystemImpl (MetricsSystemImpl.java:register(276)) - Sink prometheus already exists!
2019-09-25 07:20:53,089 [main] INFO  server.BaseHttpServer (BaseHttpServer.java:updateConnectorAddress(215)) - HTTP server of OZONEMANAGER is listening at http://0.0.0.0:34663
2019-09-25 07:20:53,434 [main] INFO  impl.MetricsSystemImpl (MetricsSystemImpl.java:init(158)) - HddsDatanode metrics system started (again)
2019-09-25 07:20:53,503 [main] INFO  ozone.HddsDatanodeService (HddsDatanodeService.java:start(184)) - HddsDatanodeService host:pr-hdds-1569-s62bp-3040748787 ip:192.168.30.10
2019-09-25 07:20:53,567 [main] INFO  volume.HddsVolume (HddsVolume.java:<init>(176)) - Creating Volume: /workdir/hadoop-ozone/ozonefs/target/test-dir/MiniOzoneClusterImpl-48169ae4-fc36-4fd4-bc0e-7a80f7e832d4/datanode-0/data/containers/hdds of  storage type : DISK and capacity : 1482555576320
2019-09-25 07:20:53,570 [main] INFO  volume.VolumeSet (VolumeSet.java:initializeVolumeSet(170)) - Added Volume : /workdir/hadoop-ozone/ozonefs/target/test-dir/MiniOzoneClusterImpl-48169ae4-fc36-4fd4-bc0e-7a80f7e832d4/datanode-0/data/containers/hdds to VolumeSet
2019-09-25 07:20:53,574 [main] INFO  volume.ThrottledAsyncChecker (ThrottledAsyncChecker.java:schedule(139)) - Scheduling a check for org.apache.hadoop.ozone.container.common.volume.HddsVolume@4ba380c7
2019-09-25 07:20:53,595 [main] INFO  volume.HddsVolumeChecker (HddsVolumeChecker.java:checkAllVolumes(202)) - Scheduled health check for volume org.apache.hadoop.ozone.container.common.volume.HddsVolume@4ba380c7
2019-09-25 07:20:53,730 [main] INFO  impl.RaftServerProxy (ConfUtils.java:logGet(43)) - raft.rpc.type = GRPC (default)
2019-09-25 07:20:53,828 [main] INFO  grpc.GrpcFactory (GrpcFactory.java:checkPooledByteBufAllocatorUseCacheForAllThreads(45)) - PERFORMANCE WARNING: useCacheForAllThreads is true that may cause Netty to create a lot garbage objects and, as a result, trigger GC.
	It is recommended to disable useCacheForAllThreads by setting -Dorg.apache.ratis.thirdparty.io.netty.allocator.useCacheForAllThreads=false in command line.
2019-09-25 07:20:53,834 [main] INFO  grpc.GrpcConfigKeys$Server (ConfUtils.java:logGet(43)) - raft.grpc.server.port = 0 (default)
2019-09-25 07:20:53,835 [main] INFO  server.GrpcService (ConfUtils.java:logGet(43)) - raft.grpc.message.size.max = 33570816 (custom)
2019-09-25 07:20:53,836 [main] INFO  server.RaftServerConfigKeys (ConfUtils.java:logGet(43)) - raft.server.log.appender.buffer.byte-limit = 33554432 (custom)
2019-09-25 07:20:53,837 [main] INFO  server.GrpcService (ConfUtils.java:logGet(43)) - raft.grpc.flow.control.window = 1MB (=1048576) (default)
2019-09-25 07:20:53,838 [main] INFO  server.RaftServerConfigKeys (ConfUtils.java:logGet(43)) - raft.server.rpc.request.timeout = 3000ms (default)
2019-09-25 07:20:54,049 [main] INFO  server.RaftServerConfigKeys (ConfUtils.java:logGet(43)) - raft.server.storage.dir = [/workdir/hadoop-ozone/ozonefs/target/test-dir/MiniOzoneClusterImpl-48169ae4-fc36-4fd4-bc0e-7a80f7e832d4/datanode-0/data/ratis] (custom)
2019-09-25 07:20:54,111 [main] INFO  hdfs.DFSUtil (DFSUtil.java:httpServerTemplateForNNAndJN(1641)) - Starting Web-server for hddsDatanode at: http://0.0.0.0:0
2019-09-25 07:20:54,115 [main] INFO  server.AuthenticationFilter (AuthenticationFilter.java:constructSecretProvider(240)) - Unable to initialize FileSignerSecretProvider, falling back to use random secrets.
2019-09-25 07:20:54,116 [main] WARN  http.HttpRequestLog (HttpRequestLog.java:getRequestLog(97)) - Jetty request log can only be enabled using Log4j
2019-09-25 07:20:54,119 [main] INFO  http.HttpServer2 (HttpServer2.java:addGlobalFilter(975)) - Added global filter 'safety' (class=org.apache.hadoop.http.HttpServer2$QuotingInputFilter)
2019-09-25 07:20:54,120 [main] INFO  http.HttpServer2 (HttpServer2.java:addFilter(948)) - Added filter static_user_filter (class=org.apache.hadoop.http.lib.StaticUserWebFilter$StaticUserFilter) to context hddsDatanode
2019-09-25 07:20:54,121 [main] INFO  http.HttpServer2 (HttpServer2.java:addFilter(958)) - Added filter static_user_filter (class=org.apache.hadoop.http.lib.StaticUserWebFilter$StaticUserFilter) to context logs
2019-09-25 07:20:54,121 [main] INFO  http.HttpServer2 (HttpServer2.java:addFilter(958)) - Added filter static_user_filter (class=org.apache.hadoop.http.lib.StaticUserWebFilter$StaticUserFilter) to context static
2019-09-25 07:20:54,123 [main] INFO  http.HttpServer2 (HttpServer2.java:bindListener(1191)) - Jetty bound to port 38302
2019-09-25 07:20:54,123 [main] INFO  server.Server (Server.java:doStart(351)) - jetty-9.3.25.v20180904, build timestamp: 2018-09-04T21:11:46Z, git hash: 3ce520221d0240229c862b122d2b06c12a625732
2019-09-25 07:20:54,126 [main] INFO  handler.ContextHandler (ContextHandler.java:doStart(781)) - Started o.e.j.s.ServletContextHandler@1981d861{/logs,file:///workdir/hadoop-ozone/ozonefs/target/log,AVAILABLE}
2019-09-25 07:20:54,127 [main] INFO  handler.ContextHandler (ContextHandler.java:doStart(781)) - Started o.e.j.s.ServletContextHandler@53f4c1e6{/static,jar:file:/home/user/.m2/repository/org/apache/hadoop/hadoop-hdds-container-service/0.5.0-SNAPSHOT/hadoop-hdds-container-service-0.5.0-SNAPSHOT.jar!/webapps/static,AVAILABLE}
2019-09-25 07:20:54,171 [main] INFO  handler.ContextHandler (ContextHandler.java:doStart(781)) - Started o.e.j.w.WebAppContext@5e7c141d{/,file:///tmp/jetty-0.0.0.0-38302-hddsDatanode-_-any-1876290543124501682.dir/webapp/,AVAILABLE}{/hddsDatanode}
2019-09-25 07:20:54,173 [main] INFO  server.AbstractConnector (AbstractConnector.java:doStart(278)) - Started ServerConnector@43af351a{HTTP/1.1,[http/1.1]}{0.0.0.0:38302}
2019-09-25 07:20:54,175 [main] INFO  server.Server (Server.java:doStart(419)) - Started @5631ms
2019-09-25 07:20:54,175 [main] WARN  impl.MetricsSystemImpl (MetricsSystemImpl.java:register(276)) - Sink prometheus already exists!
2019-09-25 07:20:54,176 [main] INFO  server.BaseHttpServer (BaseHttpServer.java:updateConnectorAddress(215)) - HTTP server of HDDSDATANODE is listening at http://0.0.0.0:38302
2019-09-25 07:20:54,178 [main] INFO  impl.MetricsSystemImpl (MetricsSystemImpl.java:init(158)) - HddsDatanode metrics system started (again)
2019-09-25 07:20:54,182 [main] INFO  ozone.HddsDatanodeService (HddsDatanodeService.java:start(184)) - HddsDatanodeService host:pr-hdds-1569-s62bp-3040748787 ip:192.168.30.10
2019-09-25 07:20:54,184 [org.apache.hadoop.util.JvmPauseMonitor$Monitor@3aec636e] INFO  util.JvmPauseMonitor (JvmPauseMonitor.java:run(188)) - Starting JVM pause monitor
2019-09-25 07:20:54,194 [main] INFO  volume.HddsVolume (HddsVolume.java:<init>(176)) - Creating Volume: /workdir/hadoop-ozone/ozonefs/target/test-dir/MiniOzoneClusterImpl-48169ae4-fc36-4fd4-bc0e-7a80f7e832d4/datanode-1/data/containers/hdds of  storage type : DISK and capacity : 1482555576320
2019-09-25 07:20:54,194 [main] INFO  volume.VolumeSet (VolumeSet.java:initializeVolumeSet(170)) - Added Volume : /workdir/hadoop-ozone/ozonefs/target/test-dir/MiniOzoneClusterImpl-48169ae4-fc36-4fd4-bc0e-7a80f7e832d4/datanode-1/data/containers/hdds to VolumeSet
2019-09-25 07:20:54,195 [main] INFO  volume.ThrottledAsyncChecker (ThrottledAsyncChecker.java:schedule(139)) - Scheduling a check for org.apache.hadoop.ozone.container.common.volume.HddsVolume@698fee9a
2019-09-25 07:20:54,196 [main] INFO  volume.HddsVolumeChecker (HddsVolumeChecker.java:checkAllVolumes(202)) - Scheduled health check for volume org.apache.hadoop.ozone.container.common.volume.HddsVolume@698fee9a
2019-09-25 07:20:54,229 [main] INFO  impl.RaftServerProxy (ConfUtils.java:logGet(43)) - raft.rpc.type = GRPC (default)
2019-09-25 07:20:54,229 [main] INFO  grpc.GrpcFactory (GrpcFactory.java:checkPooledByteBufAllocatorUseCacheForAllThreads(45)) - PERFORMANCE WARNING: useCacheForAllThreads is true that may cause Netty to create a lot garbage objects and, as a result, trigger GC.
	It is recommended to disable useCacheForAllThreads by setting -Dorg.apache.ratis.thirdparty.io.netty.allocator.useCacheForAllThreads=false in command line.
2019-09-25 07:20:54,230 [main] INFO  grpc.GrpcConfigKeys$Server (ConfUtils.java:logGet(43)) - raft.grpc.server.port = 0 (default)
2019-09-25 07:20:54,230 [main] INFO  server.GrpcService (ConfUtils.java:logGet(43)) - raft.grpc.message.size.max = 33570816 (custom)
2019-09-25 07:20:54,230 [main] INFO  server.RaftServerConfigKeys (ConfUtils.java:logGet(43)) - raft.server.log.appender.buffer.byte-limit = 33554432 (custom)
2019-09-25 07:20:54,231 [main] INFO  server.GrpcService (ConfUtils.java:logGet(43)) - raft.grpc.flow.control.window = 1MB (=1048576) (default)
2019-09-25 07:20:54,231 [main] INFO  server.RaftServerConfigKeys (ConfUtils.java:logGet(43)) - raft.server.rpc.request.timeout = 3000ms (default)
2019-09-25 07:20:54,232 [main] INFO  server.RaftServerConfigKeys (ConfUtils.java:logGet(43)) - raft.server.storage.dir = [/workdir/hadoop-ozone/ozonefs/target/test-dir/MiniOzoneClusterImpl-48169ae4-fc36-4fd4-bc0e-7a80f7e832d4/datanode-1/data/ratis] (custom)
2019-09-25 07:20:54,233 [main] INFO  hdfs.DFSUtil (DFSUtil.java:httpServerTemplateForNNAndJN(1641)) - Starting Web-server for hddsDatanode at: http://0.0.0.0:0
2019-09-25 07:20:54,235 [main] INFO  server.AuthenticationFilter (AuthenticationFilter.java:constructSecretProvider(240)) - Unable to initialize FileSignerSecretProvider, falling back to use random secrets.
2019-09-25 07:20:54,236 [main] WARN  http.HttpRequestLog (HttpRequestLog.java:getRequestLog(97)) - Jetty request log can only be enabled using Log4j
2019-09-25 07:20:54,239 [main] INFO  http.HttpServer2 (HttpServer2.java:addGlobalFilter(975)) - Added global filter 'safety' (class=org.apache.hadoop.http.HttpServer2$QuotingInputFilter)
2019-09-25 07:20:54,239 [main] INFO  http.HttpServer2 (HttpServer2.java:addFilter(948)) - Added filter static_user_filter (class=org.apache.hadoop.http.lib.StaticUserWebFilter$StaticUserFilter) to context hddsDatanode
2019-09-25 07:20:54,240 [main] INFO  http.HttpServer2 (HttpServer2.java:addFilter(958)) - Added filter static_user_filter (class=org.apache.hadoop.http.lib.StaticUserWebFilter$StaticUserFilter) to context static
2019-09-25 07:20:54,240 [main] INFO  http.HttpServer2 (HttpServer2.java:addFilter(958)) - Added filter static_user_filter (class=org.apache.hadoop.http.lib.StaticUserWebFilter$StaticUserFilter) to context logs
2019-09-25 07:20:54,241 [main] INFO  http.HttpServer2 (HttpServer2.java:bindListener(1191)) - Jetty bound to port 38305
2019-09-25 07:20:54,241 [main] INFO  server.Server (Server.java:doStart(351)) - jetty-9.3.25.v20180904, build timestamp: 2018-09-04T21:11:46Z, git hash: 3ce520221d0240229c862b122d2b06c12a625732
2019-09-25 07:20:54,245 [main] INFO  handler.ContextHandler (ContextHandler.java:doStart(781)) - Started o.e.j.s.ServletContextHandler@2f897dab{/logs,file:///workdir/hadoop-ozone/ozonefs/target/log,AVAILABLE}
2019-09-25 07:20:54,245 [main] INFO  handler.ContextHandler (ContextHandler.java:doStart(781)) - Started o.e.j.s.ServletContextHandler@242b6e1a{/static,jar:file:/home/user/.m2/repository/org/apache/hadoop/hadoop-hdds-container-service/0.5.0-SNAPSHOT/hadoop-hdds-container-service-0.5.0-SNAPSHOT.jar!/webapps/static,AVAILABLE}
2019-09-25 07:20:54,277 [main] INFO  handler.ContextHandler (ContextHandler.java:doStart(781)) - Started o.e.j.w.WebAppContext@2a369e14{/,file:///tmp/jetty-0.0.0.0-38305-hddsDatanode-_-any-6869403951840945415.dir/webapp/,AVAILABLE}{/hddsDatanode}
2019-09-25 07:20:54,278 [main] INFO  server.AbstractConnector (AbstractConnector.java:doStart(278)) - Started ServerConnector@25aeb5ac{HTTP/1.1,[http/1.1]}{0.0.0.0:38305}
2019-09-25 07:20:54,280 [main] INFO  server.Server (Server.java:doStart(419)) - Started @5737ms
2019-09-25 07:20:54,280 [main] WARN  impl.MetricsSystemImpl (MetricsSystemImpl.java:register(276)) - Sink prometheus already exists!
2019-09-25 07:20:54,281 [main] INFO  server.BaseHttpServer (BaseHttpServer.java:updateConnectorAddress(215)) - HTTP server of HDDSDATANODE is listening at http://0.0.0.0:38305
2019-09-25 07:20:54,282 [main] INFO  impl.MetricsSystemImpl (MetricsSystemImpl.java:init(158)) - HddsDatanode metrics system started (again)
2019-09-25 07:20:54,285 [org.apache.hadoop.util.JvmPauseMonitor$Monitor@41ca9416] INFO  util.JvmPauseMonitor (JvmPauseMonitor.java:run(188)) - Starting JVM pause monitor
2019-09-25 07:20:54,287 [main] INFO  ozone.HddsDatanodeService (HddsDatanodeService.java:start(184)) - HddsDatanodeService host:pr-hdds-1569-s62bp-3040748787 ip:192.168.30.10
2019-09-25 07:20:54,294 [main] INFO  volume.HddsVolume (HddsVolume.java:<init>(176)) - Creating Volume: /workdir/hadoop-ozone/ozonefs/target/test-dir/MiniOzoneClusterImpl-48169ae4-fc36-4fd4-bc0e-7a80f7e832d4/datanode-2/data/containers/hdds of  storage type : DISK and capacity : 1482555576320
2019-09-25 07:20:54,295 [main] INFO  volume.VolumeSet (VolumeSet.java:initializeVolumeSet(170)) - Added Volume : /workdir/hadoop-ozone/ozonefs/target/test-dir/MiniOzoneClusterImpl-48169ae4-fc36-4fd4-bc0e-7a80f7e832d4/datanode-2/data/containers/hdds to VolumeSet
2019-09-25 07:20:54,295 [main] INFO  volume.ThrottledAsyncChecker (ThrottledAsyncChecker.java:schedule(139)) - Scheduling a check for org.apache.hadoop.ozone.container.common.volume.HddsVolume@1d9bd4da
2019-09-25 07:20:54,296 [main] INFO  volume.HddsVolumeChecker (HddsVolumeChecker.java:checkAllVolumes(202)) - Scheduled health check for volume org.apache.hadoop.ozone.container.common.volume.HddsVolume@1d9bd4da
2019-09-25 07:20:54,316 [Datanode State Machine Thread - 0] INFO  datanode.InitDatanodeState (InitDatanodeState.java:persistContainerDatanodeDetails(140)) - DatanodeDetails is persisted to /workdir/hadoop-ozone/ozonefs/target/test-dir/MiniOzoneClusterImpl-48169ae4-fc36-4fd4-bc0e-7a80f7e832d4/datanode-0/meta/datanode.id
2019-09-25 07:20:54,320 [Datanode State Machine Thread - 0] INFO  datanode.InitDatanodeState (InitDatanodeState.java:persistContainerDatanodeDetails(140)) - DatanodeDetails is persisted to /workdir/hadoop-ozone/ozonefs/target/test-dir/MiniOzoneClusterImpl-48169ae4-fc36-4fd4-bc0e-7a80f7e832d4/datanode-1/meta/datanode.id
2019-09-25 07:20:54,328 [main] INFO  impl.RaftServerProxy (ConfUtils.java:logGet(43)) - raft.rpc.type = GRPC (default)
2019-09-25 07:20:54,329 [main] INFO  grpc.GrpcFactory (GrpcFactory.java:checkPooledByteBufAllocatorUseCacheForAllThreads(45)) - PERFORMANCE WARNING: useCacheForAllThreads is true that may cause Netty to create a lot garbage objects and, as a result, trigger GC.
	It is recommended to disable useCacheForAllThreads by setting -Dorg.apache.ratis.thirdparty.io.netty.allocator.useCacheForAllThreads=false in command line.
2019-09-25 07:20:54,329 [main] INFO  grpc.GrpcConfigKeys$Server (ConfUtils.java:logGet(43)) - raft.grpc.server.port = 0 (default)
2019-09-25 07:20:54,329 [main] INFO  server.GrpcService (ConfUtils.java:logGet(43)) - raft.grpc.message.size.max = 33570816 (custom)
2019-09-25 07:20:54,329 [main] INFO  server.RaftServerConfigKeys (ConfUtils.java:logGet(43)) - raft.server.log.appender.buffer.byte-limit = 33554432 (custom)
2019-09-25 07:20:54,330 [main] INFO  server.GrpcService (ConfUtils.java:logGet(43)) - raft.grpc.flow.control.window = 1MB (=1048576) (default)
2019-09-25 07:20:54,330 [main] INFO  server.RaftServerConfigKeys (ConfUtils.java:logGet(43)) - raft.server.rpc.request.timeout = 3000ms (default)
2019-09-25 07:20:54,330 [main] INFO  server.RaftServerConfigKeys (ConfUtils.java:logGet(43)) - raft.server.storage.dir = [/workdir/hadoop-ozone/ozonefs/target/test-dir/MiniOzoneClusterImpl-48169ae4-fc36-4fd4-bc0e-7a80f7e832d4/datanode-2/data/ratis] (custom)
2019-09-25 07:20:54,333 [main] INFO  hdfs.DFSUtil (DFSUtil.java:httpServerTemplateForNNAndJN(1641)) - Starting Web-server for hddsDatanode at: http://0.0.0.0:0
2019-09-25 07:20:54,335 [main] INFO  server.AuthenticationFilter (AuthenticationFilter.java:constructSecretProvider(240)) - Unable to initialize FileSignerSecretProvider, falling back to use random secrets.
2019-09-25 07:20:54,335 [main] WARN  http.HttpRequestLog (HttpRequestLog.java:getRequestLog(97)) - Jetty request log can only be enabled using Log4j
2019-09-25 07:20:54,337 [main] INFO  http.HttpServer2 (HttpServer2.java:addGlobalFilter(975)) - Added global filter 'safety' (class=org.apache.hadoop.http.HttpServer2$QuotingInputFilter)
2019-09-25 07:20:54,338 [main] INFO  http.HttpServer2 (HttpServer2.java:addFilter(948)) - Added filter static_user_filter (class=org.apache.hadoop.http.lib.StaticUserWebFilter$StaticUserFilter) to context hddsDatanode
2019-09-25 07:20:54,338 [main] INFO  http.HttpServer2 (HttpServer2.java:addFilter(958)) - Added filter static_user_filter (class=org.apache.hadoop.http.lib.StaticUserWebFilter$StaticUserFilter) to context static
2019-09-25 07:20:54,338 [main] INFO  http.HttpServer2 (HttpServer2.java:addFilter(958)) - Added filter static_user_filter (class=org.apache.hadoop.http.lib.StaticUserWebFilter$StaticUserFilter) to context logs
2019-09-25 07:20:54,339 [main] INFO  http.HttpServer2 (HttpServer2.java:bindListener(1191)) - Jetty bound to port 44836
2019-09-25 07:20:54,339 [main] INFO  server.Server (Server.java:doStart(351)) - jetty-9.3.25.v20180904, build timestamp: 2018-09-04T21:11:46Z, git hash: 3ce520221d0240229c862b122d2b06c12a625732
2019-09-25 07:20:54,341 [main] INFO  handler.ContextHandler (ContextHandler.java:doStart(781)) - Started o.e.j.s.ServletContextHandler@32130e61{/logs,file:///workdir/hadoop-ozone/ozonefs/target/log,AVAILABLE}
2019-09-25 07:20:54,342 [main] INFO  handler.ContextHandler (ContextHandler.java:doStart(781)) - Started o.e.j.s.ServletContextHandler@4996c99{/static,jar:file:/home/user/.m2/repository/org/apache/hadoop/hadoop-hdds-container-service/0.5.0-SNAPSHOT/hadoop-hdds-container-service-0.5.0-SNAPSHOT.jar!/webapps/static,AVAILABLE}
2019-09-25 07:20:54,371 [main] INFO  handler.ContextHandler (ContextHandler.java:doStart(781)) - Started o.e.j.w.WebAppContext@26586b74{/,file:///tmp/jetty-0.0.0.0-44836-hddsDatanode-_-any-101424529374860225.dir/webapp/,AVAILABLE}{/hddsDatanode}
2019-09-25 07:20:54,372 [main] INFO  server.AbstractConnector (AbstractConnector.java:doStart(278)) - Started ServerConnector@52f57666{HTTP/1.1,[http/1.1]}{0.0.0.0:44836}
2019-09-25 07:20:54,372 [main] INFO  server.Server (Server.java:doStart(419)) - Started @5829ms
2019-09-25 07:20:54,373 [main] WARN  impl.MetricsSystemImpl (MetricsSystemImpl.java:register(276)) - Sink prometheus already exists!
2019-09-25 07:20:54,374 [main] INFO  server.BaseHttpServer (BaseHttpServer.java:updateConnectorAddress(215)) - HTTP server of HDDSDATANODE is listening at http://0.0.0.0:44836
2019-09-25 07:20:54,374 [main] INFO  impl.MetricsSystemImpl (MetricsSystemImpl.java:init(158)) - HddsDatanode metrics system started (again)
2019-09-25 07:20:54,377 [main] INFO  ozone.HddsDatanodeService (HddsDatanodeService.java:start(184)) - HddsDatanodeService host:pr-hdds-1569-s62bp-3040748787 ip:192.168.30.10
2019-09-25 07:20:54,377 [org.apache.hadoop.util.JvmPauseMonitor$Monitor@8f1fbc8] INFO  util.JvmPauseMonitor (JvmPauseMonitor.java:run(188)) - Starting JVM pause monitor
2019-09-25 07:20:54,380 [Datanode State Machine Thread - 0] INFO  datanode.InitDatanodeState (InitDatanodeState.java:persistContainerDatanodeDetails(140)) - DatanodeDetails is persisted to /workdir/hadoop-ozone/ozonefs/target/test-dir/MiniOzoneClusterImpl-48169ae4-fc36-4fd4-bc0e-7a80f7e832d4/datanode-2/meta/datanode.id
2019-09-25 07:20:54,385 [main] INFO  volume.HddsVolume (HddsVolume.java:<init>(176)) - Creating Volume: /workdir/hadoop-ozone/ozonefs/target/test-dir/MiniOzoneClusterImpl-48169ae4-fc36-4fd4-bc0e-7a80f7e832d4/datanode-3/data/containers/hdds of  storage type : DISK and capacity : 1482555576320
2019-09-25 07:20:54,386 [main] INFO  volume.VolumeSet (VolumeSet.java:initializeVolumeSet(170)) - Added Volume : /workdir/hadoop-ozone/ozonefs/target/test-dir/MiniOzoneClusterImpl-48169ae4-fc36-4fd4-bc0e-7a80f7e832d4/datanode-3/data/containers/hdds to VolumeSet
2019-09-25 07:20:54,386 [main] INFO  volume.ThrottledAsyncChecker (ThrottledAsyncChecker.java:schedule(139)) - Scheduling a check for org.apache.hadoop.ozone.container.common.volume.HddsVolume@10f7918f
2019-09-25 07:20:54,386 [main] INFO  volume.HddsVolumeChecker (HddsVolumeChecker.java:checkAllVolumes(202)) - Scheduled health check for volume org.apache.hadoop.ozone.container.common.volume.HddsVolume@10f7918f
2019-09-25 07:20:54,409 [main] INFO  impl.RaftServerProxy (ConfUtils.java:logGet(43)) - raft.rpc.type = GRPC (default)
2019-09-25 07:20:54,410 [main] INFO  grpc.GrpcFactory (GrpcFactory.java:checkPooledByteBufAllocatorUseCacheForAllThreads(45)) - PERFORMANCE WARNING: useCacheForAllThreads is true that may cause Netty to create a lot garbage objects and, as a result, trigger GC.
	It is recommended to disable useCacheForAllThreads by setting -Dorg.apache.ratis.thirdparty.io.netty.allocator.useCacheForAllThreads=false in command line.
2019-09-25 07:20:54,410 [main] INFO  grpc.GrpcConfigKeys$Server (ConfUtils.java:logGet(43)) - raft.grpc.server.port = 0 (default)
2019-09-25 07:20:54,410 [main] INFO  server.GrpcService (ConfUtils.java:logGet(43)) - raft.grpc.message.size.max = 33570816 (custom)
2019-09-25 07:20:54,410 [main] INFO  server.RaftServerConfigKeys (ConfUtils.java:logGet(43)) - raft.server.log.appender.buffer.byte-limit = 33554432 (custom)
2019-09-25 07:20:54,411 [main] INFO  server.GrpcService (ConfUtils.java:logGet(43)) - raft.grpc.flow.control.window = 1MB (=1048576) (default)
2019-09-25 07:20:54,411 [main] INFO  server.RaftServerConfigKeys (ConfUtils.java:logGet(43)) - raft.server.rpc.request.timeout = 3000ms (default)
2019-09-25 07:20:54,411 [main] INFO  server.RaftServerConfigKeys (ConfUtils.java:logGet(43)) - raft.server.storage.dir = [/workdir/hadoop-ozone/ozonefs/target/test-dir/MiniOzoneClusterImpl-48169ae4-fc36-4fd4-bc0e-7a80f7e832d4/datanode-3/data/ratis] (custom)
2019-09-25 07:20:54,413 [main] INFO  hdfs.DFSUtil (DFSUtil.java:httpServerTemplateForNNAndJN(1641)) - Starting Web-server for hddsDatanode at: http://0.0.0.0:0
2019-09-25 07:20:54,415 [main] INFO  server.AuthenticationFilter (AuthenticationFilter.java:constructSecretProvider(240)) - Unable to initialize FileSignerSecretProvider, falling back to use random secrets.
2019-09-25 07:20:54,415 [main] WARN  http.HttpRequestLog (HttpRequestLog.java:getRequestLog(97)) - Jetty request log can only be enabled using Log4j
2019-09-25 07:20:54,417 [main] INFO  http.HttpServer2 (HttpServer2.java:addGlobalFilter(975)) - Added global filter 'safety' (class=org.apache.hadoop.http.HttpServer2$QuotingInputFilter)
2019-09-25 07:20:54,418 [main] INFO  http.HttpServer2 (HttpServer2.java:addFilter(948)) - Added filter static_user_filter (class=org.apache.hadoop.http.lib.StaticUserWebFilter$StaticUserFilter) to context hddsDatanode
2019-09-25 07:20:54,418 [main] INFO  http.HttpServer2 (HttpServer2.java:addFilter(958)) - Added filter static_user_filter (class=org.apache.hadoop.http.lib.StaticUserWebFilter$StaticUserFilter) to context logs
2019-09-25 07:20:54,418 [main] INFO  http.HttpServer2 (HttpServer2.java:addFilter(958)) - Added filter static_user_filter (class=org.apache.hadoop.http.lib.StaticUserWebFilter$StaticUserFilter) to context static
2019-09-25 07:20:54,419 [main] INFO  http.HttpServer2 (HttpServer2.java:bindListener(1191)) - Jetty bound to port 38684
2019-09-25 07:20:54,419 [main] INFO  server.Server (Server.java:doStart(351)) - jetty-9.3.25.v20180904, build timestamp: 2018-09-04T21:11:46Z, git hash: 3ce520221d0240229c862b122d2b06c12a625732
2019-09-25 07:20:54,424 [main] INFO  handler.ContextHandler (ContextHandler.java:doStart(781)) - Started o.e.j.s.ServletContextHandler@1a22e0ef{/logs,file:///workdir/hadoop-ozone/ozonefs/target/log,AVAILABLE}
2019-09-25 07:20:54,424 [main] INFO  handler.ContextHandler (ContextHandler.java:doStart(781)) - Started o.e.j.s.ServletContextHandler@3b920bdc{/static,jar:file:/home/user/.m2/repository/org/apache/hadoop/hadoop-hdds-container-service/0.5.0-SNAPSHOT/hadoop-hdds-container-service-0.5.0-SNAPSHOT.jar!/webapps/static,AVAILABLE}
2019-09-25 07:20:54,453 [main] INFO  handler.ContextHandler (ContextHandler.java:doStart(781)) - Started o.e.j.w.WebAppContext@6e4c0d8c{/,file:///tmp/jetty-0.0.0.0-38684-hddsDatanode-_-any-5153914108894921362.dir/webapp/,AVAILABLE}{/hddsDatanode}
2019-09-25 07:20:54,453 [main] INFO  server.AbstractConnector (AbstractConnector.java:doStart(278)) - Started ServerConnector@3e3315d9{HTTP/1.1,[http/1.1]}{0.0.0.0:38684}
2019-09-25 07:20:54,455 [main] INFO  server.Server (Server.java:doStart(419)) - Started @5911ms
2019-09-25 07:20:54,455 [main] WARN  impl.MetricsSystemImpl (MetricsSystemImpl.java:register(276)) - Sink prometheus already exists!
2019-09-25 07:20:54,455 [main] INFO  server.BaseHttpServer (BaseHttpServer.java:updateConnectorAddress(215)) - HTTP server of HDDSDATANODE is listening at http://0.0.0.0:38684
2019-09-25 07:20:54,456 [main] INFO  impl.MetricsSystemImpl (MetricsSystemImpl.java:init(158)) - HddsDatanode metrics system started (again)
2019-09-25 07:20:54,459 [main] INFO  ozone.HddsDatanodeService (HddsDatanodeService.java:start(184)) - HddsDatanodeService host:pr-hdds-1569-s62bp-3040748787 ip:192.168.30.10
2019-09-25 07:20:54,459 [org.apache.hadoop.util.JvmPauseMonitor$Monitor@1a455b5] INFO  util.JvmPauseMonitor (JvmPauseMonitor.java:run(188)) - Starting JVM pause monitor
2019-09-25 07:20:54,463 [Datanode State Machine Thread - 0] INFO  datanode.InitDatanodeState (InitDatanodeState.java:persistContainerDatanodeDetails(140)) - DatanodeDetails is persisted to /workdir/hadoop-ozone/ozonefs/target/test-dir/MiniOzoneClusterImpl-48169ae4-fc36-4fd4-bc0e-7a80f7e832d4/datanode-3/meta/datanode.id
2019-09-25 07:20:54,467 [main] INFO  volume.HddsVolume (HddsVolume.java:<init>(176)) - Creating Volume: /workdir/hadoop-ozone/ozonefs/target/test-dir/MiniOzoneClusterImpl-48169ae4-fc36-4fd4-bc0e-7a80f7e832d4/datanode-4/data/containers/hdds of  storage type : DISK and capacity : 1482555576320
2019-09-25 07:20:54,468 [main] INFO  volume.VolumeSet (VolumeSet.java:initializeVolumeSet(170)) - Added Volume : /workdir/hadoop-ozone/ozonefs/target/test-dir/MiniOzoneClusterImpl-48169ae4-fc36-4fd4-bc0e-7a80f7e832d4/datanode-4/data/containers/hdds to VolumeSet
2019-09-25 07:20:54,468 [main] INFO  volume.ThrottledAsyncChecker (ThrottledAsyncChecker.java:schedule(139)) - Scheduling a check for org.apache.hadoop.ozone.container.common.volume.HddsVolume@43f1bb92
2019-09-25 07:20:54,468 [main] INFO  volume.HddsVolumeChecker (HddsVolumeChecker.java:checkAllVolumes(202)) - Scheduled health check for volume org.apache.hadoop.ozone.container.common.volume.HddsVolume@43f1bb92
2019-09-25 07:20:54,505 [main] INFO  impl.RaftServerProxy (ConfUtils.java:logGet(43)) - raft.rpc.type = GRPC (default)
2019-09-25 07:20:54,505 [main] INFO  grpc.GrpcFactory (GrpcFactory.java:checkPooledByteBufAllocatorUseCacheForAllThreads(45)) - PERFORMANCE WARNING: useCacheForAllThreads is true that may cause Netty to create a lot garbage objects and, as a result, trigger GC.
	It is recommended to disable useCacheForAllThreads by setting -Dorg.apache.ratis.thirdparty.io.netty.allocator.useCacheForAllThreads=false in command line.
2019-09-25 07:20:54,505 [main] INFO  grpc.GrpcConfigKeys$Server (ConfUtils.java:logGet(43)) - raft.grpc.server.port = 0 (default)
2019-09-25 07:20:54,506 [main] INFO  server.GrpcService (ConfUtils.java:logGet(43)) - raft.grpc.message.size.max = 33570816 (custom)
2019-09-25 07:20:54,506 [main] INFO  server.RaftServerConfigKeys (ConfUtils.java:logGet(43)) - raft.server.log.appender.buffer.byte-limit = 33554432 (custom)
2019-09-25 07:20:54,506 [main] INFO  server.GrpcService (ConfUtils.java:logGet(43)) - raft.grpc.flow.control.window = 1MB (=1048576) (default)
2019-09-25 07:20:54,507 [main] INFO  server.RaftServerConfigKeys (ConfUtils.java:logGet(43)) - raft.server.rpc.request.timeout = 3000ms (default)
2019-09-25 07:20:54,507 [main] INFO  server.RaftServerConfigKeys (ConfUtils.java:logGet(43)) - raft.server.storage.dir = [/workdir/hadoop-ozone/ozonefs/target/test-dir/MiniOzoneClusterImpl-48169ae4-fc36-4fd4-bc0e-7a80f7e832d4/datanode-4/data/ratis] (custom)
2019-09-25 07:20:54,510 [main] INFO  hdfs.DFSUtil (DFSUtil.java:httpServerTemplateForNNAndJN(1641)) - Starting Web-server for hddsDatanode at: http://0.0.0.0:0
2019-09-25 07:20:54,512 [main] INFO  server.AuthenticationFilter (AuthenticationFilter.java:constructSecretProvider(240)) - Unable to initialize FileSignerSecretProvider, falling back to use random secrets.
2019-09-25 07:20:54,513 [main] WARN  http.HttpRequestLog (HttpRequestLog.java:getRequestLog(97)) - Jetty request log can only be enabled using Log4j
2019-09-25 07:20:54,516 [main] INFO  http.HttpServer2 (HttpServer2.java:addGlobalFilter(975)) - Added global filter 'safety' (class=org.apache.hadoop.http.HttpServer2$QuotingInputFilter)
2019-09-25 07:20:54,517 [main] INFO  http.HttpServer2 (HttpServer2.java:addFilter(948)) - Added filter static_user_filter (class=org.apache.hadoop.http.lib.StaticUserWebFilter$StaticUserFilter) to context hddsDatanode
2019-09-25 07:20:54,517 [main] INFO  http.HttpServer2 (HttpServer2.java:addFilter(958)) - Added filter static_user_filter (class=org.apache.hadoop.http.lib.StaticUserWebFilter$StaticUserFilter) to context logs
2019-09-25 07:20:54,518 [main] INFO  http.HttpServer2 (HttpServer2.java:addFilter(958)) - Added filter static_user_filter (class=org.apache.hadoop.http.lib.StaticUserWebFilter$StaticUserFilter) to context static
2019-09-25 07:20:54,519 [main] INFO  http.HttpServer2 (HttpServer2.java:bindListener(1191)) - Jetty bound to port 46672
2019-09-25 07:20:54,519 [main] INFO  server.Server (Server.java:doStart(351)) - jetty-9.3.25.v20180904, build timestamp: 2018-09-04T21:11:46Z, git hash: 3ce520221d0240229c862b122d2b06c12a625732
2019-09-25 07:20:54,522 [main] INFO  handler.ContextHandler (ContextHandler.java:doStart(781)) - Started o.e.j.s.ServletContextHandler@1b1c538d{/logs,file:///workdir/hadoop-ozone/ozonefs/target/log,AVAILABLE}
2019-09-25 07:20:54,523 [main] INFO  handler.ContextHandler (ContextHandler.java:doStart(781)) - Started o.e.j.s.ServletContextHandler@6325f352{/static,jar:file:/home/user/.m2/repository/org/apache/hadoop/hadoop-hdds-container-service/0.5.0-SNAPSHOT/hadoop-hdds-container-service-0.5.0-SNAPSHOT.jar!/webapps/static,AVAILABLE}
2019-09-25 07:20:54,555 [main] INFO  handler.ContextHandler (ContextHandler.java:doStart(781)) - Started o.e.j.w.WebAppContext@340a8894{/,file:///tmp/jetty-0.0.0.0-46672-hddsDatanode-_-any-2854754654637343134.dir/webapp/,AVAILABLE}{/hddsDatanode}
2019-09-25 07:20:54,557 [main] INFO  server.AbstractConnector (AbstractConnector.java:doStart(278)) - Started ServerConnector@7a8b9166{HTTP/1.1,[http/1.1]}{0.0.0.0:46672}
2019-09-25 07:20:54,558 [main] INFO  server.Server (Server.java:doStart(419)) - Started @6014ms
2019-09-25 07:20:54,558 [main] WARN  impl.MetricsSystemImpl (MetricsSystemImpl.java:register(276)) - Sink prometheus already exists!
2019-09-25 07:20:54,559 [main] INFO  server.BaseHttpServer (BaseHttpServer.java:updateConnectorAddress(215)) - HTTP server of HDDSDATANODE is listening at http://0.0.0.0:46672
2019-09-25 07:20:54,559 [main] INFO  impl.MetricsSystemImpl (MetricsSystemImpl.java:init(158)) - HddsDatanode metrics system started (again)
2019-09-25 07:20:54,566 [org.apache.hadoop.util.JvmPauseMonitor$Monitor@56cf825d] INFO  util.JvmPauseMonitor (JvmPauseMonitor.java:run(188)) - Starting JVM pause monitor
2019-09-25 07:20:54,567 [main] INFO  ozone.HddsDatanodeService (HddsDatanodeService.java:start(184)) - HddsDatanodeService host:pr-hdds-1569-s62bp-3040748787 ip:192.168.30.10
2019-09-25 07:20:54,573 [Datanode State Machine Thread - 0] INFO  datanode.InitDatanodeState (InitDatanodeState.java:persistContainerDatanodeDetails(140)) - DatanodeDetails is persisted to /workdir/hadoop-ozone/ozonefs/target/test-dir/MiniOzoneClusterImpl-48169ae4-fc36-4fd4-bc0e-7a80f7e832d4/datanode-4/meta/datanode.id
2019-09-25 07:20:54,579 [main] INFO  volume.HddsVolume (HddsVolume.java:<init>(176)) - Creating Volume: /workdir/hadoop-ozone/ozonefs/target/test-dir/MiniOzoneClusterImpl-48169ae4-fc36-4fd4-bc0e-7a80f7e832d4/datanode-5/data/containers/hdds of  storage type : DISK and capacity : 1482555576320
2019-09-25 07:20:54,579 [main] INFO  volume.VolumeSet (VolumeSet.java:initializeVolumeSet(170)) - Added Volume : /workdir/hadoop-ozone/ozonefs/target/test-dir/MiniOzoneClusterImpl-48169ae4-fc36-4fd4-bc0e-7a80f7e832d4/datanode-5/data/containers/hdds to VolumeSet
2019-09-25 07:20:54,580 [main] INFO  volume.ThrottledAsyncChecker (ThrottledAsyncChecker.java:schedule(139)) - Scheduling a check for org.apache.hadoop.ozone.container.common.volume.HddsVolume@2264ea32
2019-09-25 07:20:54,580 [main] INFO  volume.HddsVolumeChecker (HddsVolumeChecker.java:checkAllVolumes(202)) - Scheduled health check for volume org.apache.hadoop.ozone.container.common.volume.HddsVolume@2264ea32
2019-09-25 07:20:54,604 [main] INFO  impl.RaftServerProxy (ConfUtils.java:logGet(43)) - raft.rpc.type = GRPC (default)
2019-09-25 07:20:54,604 [main] INFO  grpc.GrpcFactory (GrpcFactory.java:checkPooledByteBufAllocatorUseCacheForAllThreads(45)) - PERFORMANCE WARNING: useCacheForAllThreads is true that may cause Netty to create a lot garbage objects and, as a result, trigger GC.
	It is recommended to disable useCacheForAllThreads by setting -Dorg.apache.ratis.thirdparty.io.netty.allocator.useCacheForAllThreads=false in command line.
2019-09-25 07:20:54,604 [main] INFO  grpc.GrpcConfigKeys$Server (ConfUtils.java:logGet(43)) - raft.grpc.server.port = 0 (default)
2019-09-25 07:20:54,604 [main] INFO  server.GrpcService (ConfUtils.java:logGet(43)) - raft.grpc.message.size.max = 33570816 (custom)
2019-09-25 07:20:54,605 [main] INFO  server.RaftServerConfigKeys (ConfUtils.java:logGet(43)) - raft.server.log.appender.buffer.byte-limit = 33554432 (custom)
2019-09-25 07:20:54,605 [main] INFO  server.GrpcService (ConfUtils.java:logGet(43)) - raft.grpc.flow.control.window = 1MB (=1048576) (default)
2019-09-25 07:20:54,605 [main] INFO  server.RaftServerConfigKeys (ConfUtils.java:logGet(43)) - raft.server.rpc.request.timeout = 3000ms (default)
2019-09-25 07:20:54,606 [main] INFO  server.RaftServerConfigKeys (ConfUtils.java:logGet(43)) - raft.server.storage.dir = [/workdir/hadoop-ozone/ozonefs/target/test-dir/MiniOzoneClusterImpl-48169ae4-fc36-4fd4-bc0e-7a80f7e832d4/datanode-5/data/ratis] (custom)
2019-09-25 07:20:54,607 [main] INFO  hdfs.DFSUtil (DFSUtil.java:httpServerTemplateForNNAndJN(1641)) - Starting Web-server for hddsDatanode at: http://0.0.0.0:0
2019-09-25 07:20:54,609 [main] INFO  server.AuthenticationFilter (AuthenticationFilter.java:constructSecretProvider(240)) - Unable to initialize FileSignerSecretProvider, falling back to use random secrets.
2019-09-25 07:20:54,610 [main] WARN  http.HttpRequestLog (HttpRequestLog.java:getRequestLog(97)) - Jetty request log can only be enabled using Log4j
2019-09-25 07:20:54,611 [main] INFO  http.HttpServer2 (HttpServer2.java:addGlobalFilter(975)) - Added global filter 'safety' (class=org.apache.hadoop.http.HttpServer2$QuotingInputFilter)
2019-09-25 07:20:54,612 [main] INFO  http.HttpServer2 (HttpServer2.java:addFilter(948)) - Added filter static_user_filter (class=org.apache.hadoop.http.lib.StaticUserWebFilter$StaticUserFilter) to context hddsDatanode
2019-09-25 07:20:54,612 [main] INFO  http.HttpServer2 (HttpServer2.java:addFilter(958)) - Added filter static_user_filter (class=org.apache.hadoop.http.lib.StaticUserWebFilter$StaticUserFilter) to context logs
2019-09-25 07:20:54,613 [main] INFO  http.HttpServer2 (HttpServer2.java:addFilter(958)) - Added filter static_user_filter (class=org.apache.hadoop.http.lib.StaticUserWebFilter$StaticUserFilter) to context static
2019-09-25 07:20:54,613 [main] INFO  http.HttpServer2 (HttpServer2.java:bindListener(1191)) - Jetty bound to port 41607
2019-09-25 07:20:54,613 [main] INFO  server.Server (Server.java:doStart(351)) - jetty-9.3.25.v20180904, build timestamp: 2018-09-04T21:11:46Z, git hash: 3ce520221d0240229c862b122d2b06c12a625732
2019-09-25 07:20:54,615 [main] INFO  handler.ContextHandler (ContextHandler.java:doStart(781)) - Started o.e.j.s.ServletContextHandler@37468787{/logs,file:///workdir/hadoop-ozone/ozonefs/target/log,AVAILABLE}
2019-09-25 07:20:54,616 [main] INFO  handler.ContextHandler (ContextHandler.java:doStart(781)) - Started o.e.j.s.ServletContextHandler@714f3da4{/static,jar:file:/home/user/.m2/repository/org/apache/hadoop/hadoop-hdds-container-service/0.5.0-SNAPSHOT/hadoop-hdds-container-service-0.5.0-SNAPSHOT.jar!/webapps/static,AVAILABLE}
2019-09-25 07:20:54,641 [main] INFO  handler.ContextHandler (ContextHandler.java:doStart(781)) - Started o.e.j.w.WebAppContext@3722c145{/,file:///tmp/jetty-0.0.0.0-41607-hddsDatanode-_-any-6857708088300016555.dir/webapp/,AVAILABLE}{/hddsDatanode}
2019-09-25 07:20:54,641 [main] INFO  server.AbstractConnector (AbstractConnector.java:doStart(278)) - Started ServerConnector@4cbc2e3b{HTTP/1.1,[http/1.1]}{0.0.0.0:41607}
2019-09-25 07:20:54,642 [main] INFO  server.Server (Server.java:doStart(419)) - Started @6099ms
2019-09-25 07:20:54,642 [main] WARN  impl.MetricsSystemImpl (MetricsSystemImpl.java:register(276)) - Sink prometheus already exists!
2019-09-25 07:20:54,643 [main] INFO  server.BaseHttpServer (BaseHttpServer.java:updateConnectorAddress(215)) - HTTP server of HDDSDATANODE is listening at http://0.0.0.0:41607
2019-09-25 07:20:54,643 [main] INFO  impl.MetricsSystemImpl (MetricsSystemImpl.java:init(158)) - HddsDatanode metrics system started (again)
2019-09-25 07:20:54,646 [org.apache.hadoop.util.JvmPauseMonitor$Monitor@d1bcc09] INFO  util.JvmPauseMonitor (JvmPauseMonitor.java:run(188)) - Starting JVM pause monitor
2019-09-25 07:20:54,646 [main] INFO  ozone.HddsDatanodeService (HddsDatanodeService.java:start(184)) - HddsDatanodeService host:pr-hdds-1569-s62bp-3040748787 ip:192.168.30.10
2019-09-25 07:20:54,649 [Datanode State Machine Thread - 0] INFO  datanode.InitDatanodeState (InitDatanodeState.java:persistContainerDatanodeDetails(140)) - DatanodeDetails is persisted to /workdir/hadoop-ozone/ozonefs/target/test-dir/MiniOzoneClusterImpl-48169ae4-fc36-4fd4-bc0e-7a80f7e832d4/datanode-5/meta/datanode.id
2019-09-25 07:20:54,655 [main] INFO  volume.HddsVolume (HddsVolume.java:<init>(176)) - Creating Volume: /workdir/hadoop-ozone/ozonefs/target/test-dir/MiniOzoneClusterImpl-48169ae4-fc36-4fd4-bc0e-7a80f7e832d4/datanode-6/data/containers/hdds of  storage type : DISK and capacity : 1482555576320
2019-09-25 07:20:54,655 [main] INFO  volume.VolumeSet (VolumeSet.java:initializeVolumeSet(170)) - Added Volume : /workdir/hadoop-ozone/ozonefs/target/test-dir/MiniOzoneClusterImpl-48169ae4-fc36-4fd4-bc0e-7a80f7e832d4/datanode-6/data/containers/hdds to VolumeSet
2019-09-25 07:20:54,655 [main] INFO  volume.ThrottledAsyncChecker (ThrottledAsyncChecker.java:schedule(139)) - Scheduling a check for org.apache.hadoop.ozone.container.common.volume.HddsVolume@4d18b73a
2019-09-25 07:20:54,656 [main] INFO  volume.HddsVolumeChecker (HddsVolumeChecker.java:checkAllVolumes(202)) - Scheduled health check for volume org.apache.hadoop.ozone.container.common.volume.HddsVolume@4d18b73a
2019-09-25 07:20:54,676 [main] INFO  impl.RaftServerProxy (ConfUtils.java:logGet(43)) - raft.rpc.type = GRPC (default)
2019-09-25 07:20:54,676 [main] INFO  grpc.GrpcFactory (GrpcFactory.java:checkPooledByteBufAllocatorUseCacheForAllThreads(45)) - PERFORMANCE WARNING: useCacheForAllThreads is true that may cause Netty to create a lot garbage objects and, as a result, trigger GC.
	It is recommended to disable useCacheForAllThreads by setting -Dorg.apache.ratis.thirdparty.io.netty.allocator.useCacheForAllThreads=false in command line.
2019-09-25 07:20:54,677 [main] INFO  grpc.GrpcConfigKeys$Server (ConfUtils.java:logGet(43)) - raft.grpc.server.port = 0 (default)
2019-09-25 07:20:54,677 [main] INFO  server.GrpcService (ConfUtils.java:logGet(43)) - raft.grpc.message.size.max = 33570816 (custom)
2019-09-25 07:20:54,677 [main] INFO  server.RaftServerConfigKeys (ConfUtils.java:logGet(43)) - raft.server.log.appender.buffer.byte-limit = 33554432 (custom)
2019-09-25 07:20:54,677 [main] INFO  server.GrpcService (ConfUtils.java:logGet(43)) - raft.grpc.flow.control.window = 1MB (=1048576) (default)
2019-09-25 07:20:54,677 [main] INFO  server.RaftServerConfigKeys (ConfUtils.java:logGet(43)) - raft.server.rpc.request.timeout = 3000ms (default)
2019-09-25 07:20:54,678 [main] INFO  server.RaftServerConfigKeys (ConfUtils.java:logGet(43)) - raft.server.storage.dir = [/workdir/hadoop-ozone/ozonefs/target/test-dir/MiniOzoneClusterImpl-48169ae4-fc36-4fd4-bc0e-7a80f7e832d4/datanode-6/data/ratis] (custom)
2019-09-25 07:20:54,679 [main] INFO  hdfs.DFSUtil (DFSUtil.java:httpServerTemplateForNNAndJN(1641)) - Starting Web-server for hddsDatanode at: http://0.0.0.0:0
2019-09-25 07:20:54,681 [main] INFO  server.AuthenticationFilter (AuthenticationFilter.java:constructSecretProvider(240)) - Unable to initialize FileSignerSecretProvider, falling back to use random secrets.
2019-09-25 07:20:54,681 [main] WARN  http.HttpRequestLog (HttpRequestLog.java:getRequestLog(97)) - Jetty request log can only be enabled using Log4j
2019-09-25 07:20:54,682 [main] INFO  http.HttpServer2 (HttpServer2.java:addGlobalFilter(975)) - Added global filter 'safety' (class=org.apache.hadoop.http.HttpServer2$QuotingInputFilter)
2019-09-25 07:20:54,683 [main] INFO  http.HttpServer2 (HttpServer2.java:addFilter(948)) - Added filter static_user_filter (class=org.apache.hadoop.http.lib.StaticUserWebFilter$StaticUserFilter) to context hddsDatanode
2019-09-25 07:20:54,683 [main] INFO  http.HttpServer2 (HttpServer2.java:addFilter(958)) - Added filter static_user_filter (class=org.apache.hadoop.http.lib.StaticUserWebFilter$StaticUserFilter) to context logs
2019-09-25 07:20:54,683 [main] INFO  http.HttpServer2 (HttpServer2.java:addFilter(958)) - Added filter static_user_filter (class=org.apache.hadoop.http.lib.StaticUserWebFilter$StaticUserFilter) to context static
2019-09-25 07:20:54,684 [main] INFO  http.HttpServer2 (HttpServer2.java:bindListener(1191)) - Jetty bound to port 39603
2019-09-25 07:20:54,684 [main] INFO  server.Server (Server.java:doStart(351)) - jetty-9.3.25.v20180904, build timestamp: 2018-09-04T21:11:46Z, git hash: 3ce520221d0240229c862b122d2b06c12a625732
2019-09-25 07:20:54,686 [main] INFO  handler.ContextHandler (ContextHandler.java:doStart(781)) - Started o.e.j.s.ServletContextHandler@ed91d8d{/logs,file:///workdir/hadoop-ozone/ozonefs/target/log,AVAILABLE}
2019-09-25 07:20:54,686 [main] INFO  handler.ContextHandler (ContextHandler.java:doStart(781)) - Started o.e.j.s.ServletContextHandler@429f7919{/static,jar:file:/home/user/.m2/repository/org/apache/hadoop/hadoop-hdds-container-service/0.5.0-SNAPSHOT/hadoop-hdds-container-service-0.5.0-SNAPSHOT.jar!/webapps/static,AVAILABLE}
2019-09-25 07:20:54,711 [main] INFO  handler.ContextHandler (ContextHandler.java:doStart(781)) - Started o.e.j.w.WebAppContext@fd53053{/,file:///tmp/jetty-0.0.0.0-39603-hddsDatanode-_-any-7991058869722693132.dir/webapp/,AVAILABLE}{/hddsDatanode}
2019-09-25 07:20:54,711 [main] INFO  server.AbstractConnector (AbstractConnector.java:doStart(278)) - Started ServerConnector@4527f70a{HTTP/1.1,[http/1.1]}{0.0.0.0:39603}
2019-09-25 07:20:54,713 [main] INFO  server.Server (Server.java:doStart(419)) - Started @6169ms
2019-09-25 07:20:54,713 [main] WARN  impl.MetricsSystemImpl (MetricsSystemImpl.java:register(276)) - Sink prometheus already exists!
2019-09-25 07:20:54,713 [main] INFO  server.BaseHttpServer (BaseHttpServer.java:updateConnectorAddress(215)) - HTTP server of HDDSDATANODE is listening at http://0.0.0.0:39603
2019-09-25 07:20:54,714 [main] INFO  impl.MetricsSystemImpl (MetricsSystemImpl.java:init(158)) - HddsDatanode metrics system started (again)
2019-09-25 07:20:54,718 [main] INFO  ozone.HddsDatanodeService (HddsDatanodeService.java:start(184)) - HddsDatanodeService host:pr-hdds-1569-s62bp-3040748787 ip:192.168.30.10
2019-09-25 07:20:54,718 [org.apache.hadoop.util.JvmPauseMonitor$Monitor@5676499d] INFO  util.JvmPauseMonitor (JvmPauseMonitor.java:run(188)) - Starting JVM pause monitor
2019-09-25 07:20:54,721 [Datanode State Machine Thread - 0] INFO  datanode.InitDatanodeState (InitDatanodeState.java:persistContainerDatanodeDetails(140)) - DatanodeDetails is persisted to /workdir/hadoop-ozone/ozonefs/target/test-dir/MiniOzoneClusterImpl-48169ae4-fc36-4fd4-bc0e-7a80f7e832d4/datanode-6/meta/datanode.id
2019-09-25 07:20:54,725 [main] INFO  volume.HddsVolume (HddsVolume.java:<init>(176)) - Creating Volume: /workdir/hadoop-ozone/ozonefs/target/test-dir/MiniOzoneClusterImpl-48169ae4-fc36-4fd4-bc0e-7a80f7e832d4/datanode-7/data/containers/hdds of  storage type : DISK and capacity : 1482555576320
2019-09-25 07:20:54,726 [main] INFO  volume.VolumeSet (VolumeSet.java:initializeVolumeSet(170)) - Added Volume : /workdir/hadoop-ozone/ozonefs/target/test-dir/MiniOzoneClusterImpl-48169ae4-fc36-4fd4-bc0e-7a80f7e832d4/datanode-7/data/containers/hdds to VolumeSet
2019-09-25 07:20:54,726 [main] INFO  volume.ThrottledAsyncChecker (ThrottledAsyncChecker.java:schedule(139)) - Scheduling a check for org.apache.hadoop.ozone.container.common.volume.HddsVolume@366d8b97
2019-09-25 07:20:54,726 [main] INFO  volume.HddsVolumeChecker (HddsVolumeChecker.java:checkAllVolumes(202)) - Scheduled health check for volume org.apache.hadoop.ozone.container.common.volume.HddsVolume@366d8b97
2019-09-25 07:20:54,746 [main] INFO  impl.RaftServerProxy (ConfUtils.java:logGet(43)) - raft.rpc.type = GRPC (default)
2019-09-25 07:20:54,746 [main] INFO  grpc.GrpcFactory (GrpcFactory.java:checkPooledByteBufAllocatorUseCacheForAllThreads(45)) - PERFORMANCE WARNING: useCacheForAllThreads is true that may cause Netty to create a lot garbage objects and, as a result, trigger GC.
	It is recommended to disable useCacheForAllThreads by setting -Dorg.apache.ratis.thirdparty.io.netty.allocator.useCacheForAllThreads=false in command line.
2019-09-25 07:20:54,746 [main] INFO  grpc.GrpcConfigKeys$Server (ConfUtils.java:logGet(43)) - raft.grpc.server.port = 0 (default)
2019-09-25 07:20:54,747 [main] INFO  server.GrpcService (ConfUtils.java:logGet(43)) - raft.grpc.message.size.max = 33570816 (custom)
2019-09-25 07:20:54,747 [main] INFO  server.RaftServerConfigKeys (ConfUtils.java:logGet(43)) - raft.server.log.appender.buffer.byte-limit = 33554432 (custom)
2019-09-25 07:20:54,747 [main] INFO  server.GrpcService (ConfUtils.java:logGet(43)) - raft.grpc.flow.control.window = 1MB (=1048576) (default)
2019-09-25 07:20:54,747 [main] INFO  server.RaftServerConfigKeys (ConfUtils.java:logGet(43)) - raft.server.rpc.request.timeout = 3000ms (default)
2019-09-25 07:20:54,748 [main] INFO  server.RaftServerConfigKeys (ConfUtils.java:logGet(43)) - raft.server.storage.dir = [/workdir/hadoop-ozone/ozonefs/target/test-dir/MiniOzoneClusterImpl-48169ae4-fc36-4fd4-bc0e-7a80f7e832d4/datanode-7/data/ratis] (custom)
2019-09-25 07:20:54,749 [main] INFO  hdfs.DFSUtil (DFSUtil.java:httpServerTemplateForNNAndJN(1641)) - Starting Web-server for hddsDatanode at: http://0.0.0.0:0
2019-09-25 07:20:54,751 [main] INFO  server.AuthenticationFilter (AuthenticationFilter.java:constructSecretProvider(240)) - Unable to initialize FileSignerSecretProvider, falling back to use random secrets.
2019-09-25 07:20:54,752 [main] WARN  http.HttpRequestLog (HttpRequestLog.java:getRequestLog(97)) - Jetty request log can only be enabled using Log4j
2019-09-25 07:20:54,755 [main] INFO  http.HttpServer2 (HttpServer2.java:addGlobalFilter(975)) - Added global filter 'safety' (class=org.apache.hadoop.http.HttpServer2$QuotingInputFilter)
2019-09-25 07:20:54,756 [main] INFO  http.HttpServer2 (HttpServer2.java:addFilter(948)) - Added filter static_user_filter (class=org.apache.hadoop.http.lib.StaticUserWebFilter$StaticUserFilter) to context hddsDatanode
2019-09-25 07:20:54,757 [main] INFO  http.HttpServer2 (HttpServer2.java:addFilter(958)) - Added filter static_user_filter (class=org.apache.hadoop.http.lib.StaticUserWebFilter$StaticUserFilter) to context static
2019-09-25 07:20:54,757 [main] INFO  http.HttpServer2 (HttpServer2.java:addFilter(958)) - Added filter static_user_filter (class=org.apache.hadoop.http.lib.StaticUserWebFilter$StaticUserFilter) to context logs
2019-09-25 07:20:54,759 [main] INFO  http.HttpServer2 (HttpServer2.java:bindListener(1191)) - Jetty bound to port 43431
2019-09-25 07:20:54,759 [main] INFO  server.Server (Server.java:doStart(351)) - jetty-9.3.25.v20180904, build timestamp: 2018-09-04T21:11:46Z, git hash: 3ce520221d0240229c862b122d2b06c12a625732
2019-09-25 07:20:54,761 [main] INFO  handler.ContextHandler (ContextHandler.java:doStart(781)) - Started o.e.j.s.ServletContextHandler@1886991b{/logs,file:///workdir/hadoop-ozone/ozonefs/target/log,AVAILABLE}
2019-09-25 07:20:54,762 [main] INFO  handler.ContextHandler (ContextHandler.java:doStart(781)) - Started o.e.j.s.ServletContextHandler@1f03fba0{/static,jar:file:/home/user/.m2/repository/org/apache/hadoop/hadoop-hdds-container-service/0.5.0-SNAPSHOT/hadoop-hdds-container-service-0.5.0-SNAPSHOT.jar!/webapps/static,AVAILABLE}
2019-09-25 07:20:54,809 [main] INFO  handler.ContextHandler (ContextHandler.java:doStart(781)) - Started o.e.j.w.WebAppContext@354e7004{/,file:///tmp/jetty-0.0.0.0-43431-hddsDatanode-_-any-1260732090001588609.dir/webapp/,AVAILABLE}{/hddsDatanode}
2019-09-25 07:20:54,810 [main] INFO  server.AbstractConnector (AbstractConnector.java:doStart(278)) - Started ServerConnector@22ebccb9{HTTP/1.1,[http/1.1]}{0.0.0.0:43431}
2019-09-25 07:20:54,811 [main] INFO  server.Server (Server.java:doStart(419)) - Started @6268ms
2019-09-25 07:20:54,811 [main] WARN  impl.MetricsSystemImpl (MetricsSystemImpl.java:register(276)) - Sink prometheus already exists!
2019-09-25 07:20:54,812 [main] INFO  server.BaseHttpServer (BaseHttpServer.java:updateConnectorAddress(215)) - HTTP server of HDDSDATANODE is listening at http://0.0.0.0:43431
2019-09-25 07:20:54,813 [main] INFO  impl.MetricsSystemImpl (MetricsSystemImpl.java:init(158)) - HddsDatanode metrics system started (again)
2019-09-25 07:20:54,818 [org.apache.hadoop.util.JvmPauseMonitor$Monitor@65e93ce1] INFO  util.JvmPauseMonitor (JvmPauseMonitor.java:run(188)) - Starting JVM pause monitor
2019-09-25 07:20:54,820 [main] INFO  ozone.HddsDatanodeService (HddsDatanodeService.java:start(184)) - HddsDatanodeService host:pr-hdds-1569-s62bp-3040748787 ip:192.168.30.10
2019-09-25 07:20:54,822 [Datanode State Machine Thread - 0] INFO  datanode.InitDatanodeState (InitDatanodeState.java:persistContainerDatanodeDetails(140)) - DatanodeDetails is persisted to /workdir/hadoop-ozone/ozonefs/target/test-dir/MiniOzoneClusterImpl-48169ae4-fc36-4fd4-bc0e-7a80f7e832d4/datanode-7/meta/datanode.id
2019-09-25 07:20:54,832 [main] INFO  volume.HddsVolume (HddsVolume.java:<init>(176)) - Creating Volume: /workdir/hadoop-ozone/ozonefs/target/test-dir/MiniOzoneClusterImpl-48169ae4-fc36-4fd4-bc0e-7a80f7e832d4/datanode-8/data/containers/hdds of  storage type : DISK and capacity : 1482555576320
2019-09-25 07:20:54,833 [main] INFO  volume.VolumeSet (VolumeSet.java:initializeVolumeSet(170)) - Added Volume : /workdir/hadoop-ozone/ozonefs/target/test-dir/MiniOzoneClusterImpl-48169ae4-fc36-4fd4-bc0e-7a80f7e832d4/datanode-8/data/containers/hdds to VolumeSet
2019-09-25 07:20:54,833 [main] INFO  volume.ThrottledAsyncChecker (ThrottledAsyncChecker.java:schedule(139)) - Scheduling a check for org.apache.hadoop.ozone.container.common.volume.HddsVolume@63dfada0
2019-09-25 07:20:54,834 [main] INFO  volume.HddsVolumeChecker (HddsVolumeChecker.java:checkAllVolumes(202)) - Scheduled health check for volume org.apache.hadoop.ozone.container.common.volume.HddsVolume@63dfada0
2019-09-25 07:20:54,863 [main] INFO  impl.RaftServerProxy (ConfUtils.java:logGet(43)) - raft.rpc.type = GRPC (default)
2019-09-25 07:20:54,864 [main] INFO  grpc.GrpcFactory (GrpcFactory.java:checkPooledByteBufAllocatorUseCacheForAllThreads(45)) - PERFORMANCE WARNING: useCacheForAllThreads is true that may cause Netty to create a lot garbage objects and, as a result, trigger GC.
	It is recommended to disable useCacheForAllThreads by setting -Dorg.apache.ratis.thirdparty.io.netty.allocator.useCacheForAllThreads=false in command line.
2019-09-25 07:20:54,864 [main] INFO  grpc.GrpcConfigKeys$Server (ConfUtils.java:logGet(43)) - raft.grpc.server.port = 0 (default)
2019-09-25 07:20:54,864 [main] INFO  server.GrpcService (ConfUtils.java:logGet(43)) - raft.grpc.message.size.max = 33570816 (custom)
2019-09-25 07:20:54,864 [main] INFO  server.RaftServerConfigKeys (ConfUtils.java:logGet(43)) - raft.server.log.appender.buffer.byte-limit = 33554432 (custom)
2019-09-25 07:20:54,865 [main] INFO  server.GrpcService (ConfUtils.java:logGet(43)) - raft.grpc.flow.control.window = 1MB (=1048576) (default)
2019-09-25 07:20:54,865 [main] INFO  server.RaftServerConfigKeys (ConfUtils.java:logGet(43)) - raft.server.rpc.request.timeout = 3000ms (default)
2019-09-25 07:20:54,866 [main] INFO  server.RaftServerConfigKeys (ConfUtils.java:logGet(43)) - raft.server.storage.dir = [/workdir/hadoop-ozone/ozonefs/target/test-dir/MiniOzoneClusterImpl-48169ae4-fc36-4fd4-bc0e-7a80f7e832d4/datanode-8/data/ratis] (custom)
2019-09-25 07:20:54,869 [main] INFO  hdfs.DFSUtil (DFSUtil.java:httpServerTemplateForNNAndJN(1641)) - Starting Web-server for hddsDatanode at: http://0.0.0.0:0
2019-09-25 07:20:54,871 [main] INFO  server.AuthenticationFilter (AuthenticationFilter.java:constructSecretProvider(240)) - Unable to initialize FileSignerSecretProvider, falling back to use random secrets.
2019-09-25 07:20:54,872 [main] WARN  http.HttpRequestLog (HttpRequestLog.java:getRequestLog(97)) - Jetty request log can only be enabled using Log4j
2019-09-25 07:20:54,874 [main] INFO  http.HttpServer2 (HttpServer2.java:addGlobalFilter(975)) - Added global filter 'safety' (class=org.apache.hadoop.http.HttpServer2$QuotingInputFilter)
2019-09-25 07:20:54,875 [main] INFO  http.HttpServer2 (HttpServer2.java:addFilter(948)) - Added filter static_user_filter (class=org.apache.hadoop.http.lib.StaticUserWebFilter$StaticUserFilter) to context hddsDatanode
2019-09-25 07:20:54,875 [main] INFO  http.HttpServer2 (HttpServer2.java:addFilter(958)) - Added filter static_user_filter (class=org.apache.hadoop.http.lib.StaticUserWebFilter$StaticUserFilter) to context logs
2019-09-25 07:20:54,875 [main] INFO  http.HttpServer2 (HttpServer2.java:addFilter(958)) - Added filter static_user_filter (class=org.apache.hadoop.http.lib.StaticUserWebFilter$StaticUserFilter) to context static
2019-09-25 07:20:54,876 [main] INFO  http.HttpServer2 (HttpServer2.java:bindListener(1191)) - Jetty bound to port 41971
2019-09-25 07:20:54,877 [main] INFO  server.Server (Server.java:doStart(351)) - jetty-9.3.25.v20180904, build timestamp: 2018-09-04T21:11:46Z, git hash: 3ce520221d0240229c862b122d2b06c12a625732
2019-09-25 07:20:54,879 [main] INFO  handler.ContextHandler (ContextHandler.java:doStart(781)) - Started o.e.j.s.ServletContextHandler@376c7d7d{/logs,file:///workdir/hadoop-ozone/ozonefs/target/log,AVAILABLE}
2019-09-25 07:20:54,880 [main] INFO  handler.ContextHandler (ContextHandler.java:doStart(781)) - Started o.e.j.s.ServletContextHandler@3fba233d{/static,jar:file:/home/user/.m2/repository/org/apache/hadoop/hadoop-hdds-container-service/0.5.0-SNAPSHOT/hadoop-hdds-container-service-0.5.0-SNAPSHOT.jar!/webapps/static,AVAILABLE}
2019-09-25 07:20:54,917 [main] INFO  handler.ContextHandler (ContextHandler.java:doStart(781)) - Started o.e.j.w.WebAppContext@6732726{/,file:///tmp/jetty-0.0.0.0-41971-hddsDatanode-_-any-5087633610249390359.dir/webapp/,AVAILABLE}{/hddsDatanode}
2019-09-25 07:20:54,918 [main] INFO  server.AbstractConnector (AbstractConnector.java:doStart(278)) - Started ServerConnector@474821de{HTTP/1.1,[http/1.1]}{0.0.0.0:41971}
2019-09-25 07:20:54,919 [main] INFO  server.Server (Server.java:doStart(419)) - Started @6376ms
2019-09-25 07:20:54,919 [main] WARN  impl.MetricsSystemImpl (MetricsSystemImpl.java:register(276)) - Sink prometheus already exists!
2019-09-25 07:20:54,920 [main] INFO  server.BaseHttpServer (BaseHttpServer.java:updateConnectorAddress(215)) - HTTP server of HDDSDATANODE is listening at http://0.0.0.0:41971
2019-09-25 07:20:54,920 [main] INFO  impl.MetricsSystemImpl (MetricsSystemImpl.java:init(158)) - HddsDatanode metrics system started (again)
2019-09-25 07:20:54,925 [org.apache.hadoop.util.JvmPauseMonitor$Monitor@513b2a04] INFO  util.JvmPauseMonitor (JvmPauseMonitor.java:run(188)) - Starting JVM pause monitor
2019-09-25 07:20:54,926 [main] INFO  ozone.HddsDatanodeService (HddsDatanodeService.java:start(184)) - HddsDatanodeService host:pr-hdds-1569-s62bp-3040748787 ip:192.168.30.10
2019-09-25 07:20:54,929 [Datanode State Machine Thread - 0] INFO  datanode.InitDatanodeState (InitDatanodeState.java:persistContainerDatanodeDetails(140)) - DatanodeDetails is persisted to /workdir/hadoop-ozone/ozonefs/target/test-dir/MiniOzoneClusterImpl-48169ae4-fc36-4fd4-bc0e-7a80f7e832d4/datanode-8/meta/datanode.id
2019-09-25 07:20:54,936 [main] INFO  volume.HddsVolume (HddsVolume.java:<init>(176)) - Creating Volume: /workdir/hadoop-ozone/ozonefs/target/test-dir/MiniOzoneClusterImpl-48169ae4-fc36-4fd4-bc0e-7a80f7e832d4/datanode-9/data/containers/hdds of  storage type : DISK and capacity : 1482555576320
2019-09-25 07:20:54,936 [main] INFO  volume.VolumeSet (VolumeSet.java:initializeVolumeSet(170)) - Added Volume : /workdir/hadoop-ozone/ozonefs/target/test-dir/MiniOzoneClusterImpl-48169ae4-fc36-4fd4-bc0e-7a80f7e832d4/datanode-9/data/containers/hdds to VolumeSet
2019-09-25 07:20:54,937 [main] INFO  volume.ThrottledAsyncChecker (ThrottledAsyncChecker.java:schedule(139)) - Scheduling a check for org.apache.hadoop.ozone.container.common.volume.HddsVolume@2cde651b
2019-09-25 07:20:54,937 [main] INFO  volume.HddsVolumeChecker (HddsVolumeChecker.java:checkAllVolumes(202)) - Scheduled health check for volume org.apache.hadoop.ozone.container.common.volume.HddsVolume@2cde651b
2019-09-25 07:20:54,955 [main] INFO  impl.RaftServerProxy (ConfUtils.java:logGet(43)) - raft.rpc.type = GRPC (default)
2019-09-25 07:20:54,956 [main] INFO  grpc.GrpcFactory (GrpcFactory.java:checkPooledByteBufAllocatorUseCacheForAllThreads(45)) - PERFORMANCE WARNING: useCacheForAllThreads is true that may cause Netty to create a lot garbage objects and, as a result, trigger GC.
	It is recommended to disable useCacheForAllThreads by setting -Dorg.apache.ratis.thirdparty.io.netty.allocator.useCacheForAllThreads=false in command line.
2019-09-25 07:20:54,956 [main] INFO  grpc.GrpcConfigKeys$Server (ConfUtils.java:logGet(43)) - raft.grpc.server.port = 0 (default)
2019-09-25 07:20:54,956 [main] INFO  server.GrpcService (ConfUtils.java:logGet(43)) - raft.grpc.message.size.max = 33570816 (custom)
2019-09-25 07:20:54,956 [main] INFO  server.RaftServerConfigKeys (ConfUtils.java:logGet(43)) - raft.server.log.appender.buffer.byte-limit = 33554432 (custom)
2019-09-25 07:20:54,956 [main] INFO  server.GrpcService (ConfUtils.java:logGet(43)) - raft.grpc.flow.control.window = 1MB (=1048576) (default)
2019-09-25 07:20:54,957 [main] INFO  server.RaftServerConfigKeys (ConfUtils.java:logGet(43)) - raft.server.rpc.request.timeout = 3000ms (default)
2019-09-25 07:20:54,957 [main] INFO  server.RaftServerConfigKeys (ConfUtils.java:logGet(43)) - raft.server.storage.dir = [/workdir/hadoop-ozone/ozonefs/target/test-dir/MiniOzoneClusterImpl-48169ae4-fc36-4fd4-bc0e-7a80f7e832d4/datanode-9/data/ratis] (custom)
2019-09-25 07:20:54,959 [main] INFO  hdfs.DFSUtil (DFSUtil.java:httpServerTemplateForNNAndJN(1641)) - Starting Web-server for hddsDatanode at: http://0.0.0.0:0
2019-09-25 07:20:54,960 [main] INFO  server.AuthenticationFilter (AuthenticationFilter.java:constructSecretProvider(240)) - Unable to initialize FileSignerSecretProvider, falling back to use random secrets.
2019-09-25 07:20:54,961 [main] WARN  http.HttpRequestLog (HttpRequestLog.java:getRequestLog(97)) - Jetty request log can only be enabled using Log4j
2019-09-25 07:20:54,962 [main] INFO  http.HttpServer2 (HttpServer2.java:addGlobalFilter(975)) - Added global filter 'safety' (class=org.apache.hadoop.http.HttpServer2$QuotingInputFilter)
2019-09-25 07:20:54,963 [main] INFO  http.HttpServer2 (HttpServer2.java:addFilter(948)) - Added filter static_user_filter (class=org.apache.hadoop.http.lib.StaticUserWebFilter$StaticUserFilter) to context hddsDatanode
2019-09-25 07:20:54,963 [main] INFO  http.HttpServer2 (HttpServer2.java:addFilter(958)) - Added filter static_user_filter (class=org.apache.hadoop.http.lib.StaticUserWebFilter$StaticUserFilter) to context static
2019-09-25 07:20:54,963 [main] INFO  http.HttpServer2 (HttpServer2.java:addFilter(958)) - Added filter static_user_filter (class=org.apache.hadoop.http.lib.StaticUserWebFilter$StaticUserFilter) to context logs
2019-09-25 07:20:54,964 [main] INFO  http.HttpServer2 (HttpServer2.java:bindListener(1191)) - Jetty bound to port 35179
2019-09-25 07:20:54,964 [main] INFO  server.Server (Server.java:doStart(351)) - jetty-9.3.25.v20180904, build timestamp: 2018-09-04T21:11:46Z, git hash: 3ce520221d0240229c862b122d2b06c12a625732
2019-09-25 07:20:54,966 [main] INFO  handler.ContextHandler (ContextHandler.java:doStart(781)) - Started o.e.j.s.ServletContextHandler@6a2c717f{/logs,file:///workdir/hadoop-ozone/ozonefs/target/log,AVAILABLE}
2019-09-25 07:20:54,966 [main] INFO  handler.ContextHandler (ContextHandler.java:doStart(781)) - Started o.e.j.s.ServletContextHandler@60d40ff4{/static,jar:file:/home/user/.m2/repository/org/apache/hadoop/hadoop-hdds-container-service/0.5.0-SNAPSHOT/hadoop-hdds-container-service-0.5.0-SNAPSHOT.jar!/webapps/static,AVAILABLE}
2019-09-25 07:20:55,008 [main] INFO  handler.ContextHandler (ContextHandler.java:doStart(781)) - Started o.e.j.w.WebAppContext@46a488c2{/,file:///tmp/jetty-0.0.0.0-35179-hddsDatanode-_-any-2385638368360851044.dir/webapp/,AVAILABLE}{/hddsDatanode}
2019-09-25 07:20:55,010 [main] INFO  server.AbstractConnector (AbstractConnector.java:doStart(278)) - Started ServerConnector@6242ae3b{HTTP/1.1,[http/1.1]}{0.0.0.0:35179}
2019-09-25 07:20:55,011 [main] INFO  server.Server (Server.java:doStart(419)) - Started @6467ms
2019-09-25 07:20:55,011 [main] WARN  impl.MetricsSystemImpl (MetricsSystemImpl.java:register(276)) - Sink prometheus already exists!
2019-09-25 07:20:55,012 [main] INFO  server.BaseHttpServer (BaseHttpServer.java:updateConnectorAddress(215)) - HTTP server of HDDSDATANODE is listening at http://0.0.0.0:35179
2019-09-25 07:20:55,016 [main] INFO  ozone.MiniOzoneClusterImpl (MiniOzoneClusterImpl.java:lambda$waitForClusterToBeReady$0(147)) - Waiting for cluster to be ready. Got 0 of 10 DN Heartbeats.
2019-09-25 07:20:55,017 [org.apache.hadoop.util.JvmPauseMonitor$Monitor@5d975a7c] INFO  util.JvmPauseMonitor (JvmPauseMonitor.java:run(188)) - Starting JVM pause monitor
2019-09-25 07:20:55,021 [Datanode State Machine Thread - 0] INFO  datanode.InitDatanodeState (InitDatanodeState.java:persistContainerDatanodeDetails(140)) - DatanodeDetails is persisted to /workdir/hadoop-ozone/ozonefs/target/test-dir/MiniOzoneClusterImpl-48169ae4-fc36-4fd4-bc0e-7a80f7e832d4/datanode-9/meta/datanode.id
2019-09-25 07:20:56,017 [main] INFO  ozone.MiniOzoneClusterImpl (MiniOzoneClusterImpl.java:lambda$waitForClusterToBeReady$0(147)) - Waiting for cluster to be ready. Got 0 of 10 DN Heartbeats.
2019-09-25 07:20:56,274 [Datanode State Machine Thread - 0] INFO  ozoneimpl.OzoneContainer (OzoneContainer.java:start(217)) - Attempting to start container services.
2019-09-25 07:20:56,277 [Datanode State Machine Thread - 0] INFO  ozoneimpl.OzoneContainer (OzoneContainer.java:startContainerScrub(179)) - Background container scanner has been disabled.
2019-09-25 07:20:56,277 [Datanode State Machine Thread - 0] INFO  ratis.XceiverServerRatis (XceiverServerRatis.java:start(411)) - Starting XceiverServerRatis b05de815-ed09-4765-b576-c9e1c2f65196 at port 0
2019-09-25 07:20:56,304 [Datanode State Machine Thread - 0] INFO  impl.RaftServerProxy (RaftServerProxy.java:lambda$start$3(299)) - b05de815-ed09-4765-b576-c9e1c2f65196: start RPC server
2019-09-25 07:20:56,316 [Datanode State Machine Thread - 0] INFO  ozoneimpl.OzoneContainer (OzoneContainer.java:start(217)) - Attempting to start container services.
2019-09-25 07:20:56,323 [Datanode State Machine Thread - 0] INFO  ozoneimpl.OzoneContainer (OzoneContainer.java:startContainerScrub(179)) - Background container scanner has been disabled.
2019-09-25 07:20:56,323 [Datanode State Machine Thread - 0] INFO  ratis.XceiverServerRatis (XceiverServerRatis.java:start(411)) - Starting XceiverServerRatis f5d629fd-ecfe-43ee-9421-b64933e3fd75 at port 0
2019-09-25 07:20:56,333 [Datanode State Machine Thread - 0] INFO  impl.RaftServerProxy (RaftServerProxy.java:lambda$start$3(299)) - f5d629fd-ecfe-43ee-9421-b64933e3fd75: start RPC server
2019-09-25 07:20:56,394 [Datanode State Machine Thread - 0] INFO  ozoneimpl.OzoneContainer (OzoneContainer.java:start(217)) - Attempting to start container services.
2019-09-25 07:20:56,395 [Datanode State Machine Thread - 0] INFO  ozoneimpl.OzoneContainer (OzoneContainer.java:startContainerScrub(179)) - Background container scanner has been disabled.
2019-09-25 07:20:56,395 [Datanode State Machine Thread - 0] INFO  ratis.XceiverServerRatis (XceiverServerRatis.java:start(411)) - Starting XceiverServerRatis 46f08633-29b5-4547-ba27-3aefda386aa8 at port 0
2019-09-25 07:20:56,407 [Datanode State Machine Thread - 0] INFO  impl.RaftServerProxy (RaftServerProxy.java:lambda$start$3(299)) - 46f08633-29b5-4547-ba27-3aefda386aa8: start RPC server
2019-09-25 07:20:56,476 [Datanode State Machine Thread - 0] INFO  ozoneimpl.OzoneContainer (OzoneContainer.java:start(217)) - Attempting to start container services.
2019-09-25 07:20:56,476 [Datanode State Machine Thread - 0] INFO  ozoneimpl.OzoneContainer (OzoneContainer.java:startContainerScrub(179)) - Background container scanner has been disabled.
2019-09-25 07:20:56,476 [Datanode State Machine Thread - 0] INFO  ratis.XceiverServerRatis (XceiverServerRatis.java:start(411)) - Starting XceiverServerRatis 790994da-c556-4bb6-9860-e4bcd35fb518 at port 0
2019-09-25 07:20:56,481 [Datanode State Machine Thread - 0] INFO  server.GrpcService (GrpcService.java:startImpl(158)) - 46f08633-29b5-4547-ba27-3aefda386aa8: GrpcService started, listening on 0.0.0.0/0.0.0.0:40516
2019-09-25 07:20:56,481 [Datanode State Machine Thread - 0] INFO  server.GrpcService (GrpcService.java:startImpl(158)) - f5d629fd-ecfe-43ee-9421-b64933e3fd75: GrpcService started, listening on 0.0.0.0/0.0.0.0:37985
2019-09-25 07:20:56,481 [Datanode State Machine Thread - 0] INFO  server.GrpcService (GrpcService.java:startImpl(158)) - b05de815-ed09-4765-b576-c9e1c2f65196: GrpcService started, listening on 0.0.0.0/0.0.0.0:36348
2019-09-25 07:20:56,483 [Datanode State Machine Thread - 0] INFO  ratis.XceiverServerRatis (XceiverServerRatis.java:start(421)) - XceiverServerRatis f5d629fd-ecfe-43ee-9421-b64933e3fd75 is started using port 37985
2019-09-25 07:20:56,483 [Datanode State Machine Thread - 0] INFO  ratis.XceiverServerRatis (XceiverServerRatis.java:start(421)) - XceiverServerRatis 46f08633-29b5-4547-ba27-3aefda386aa8 is started using port 40516
2019-09-25 07:20:56,483 [Datanode State Machine Thread - 0] INFO  ratis.XceiverServerRatis (XceiverServerRatis.java:start(421)) - XceiverServerRatis b05de815-ed09-4765-b576-c9e1c2f65196 is started using port 36348
2019-09-25 07:20:56,498 [Datanode State Machine Thread - 0] INFO  server.XceiverServerGrpc (XceiverServerGrpc.java:start(149)) - XceiverServerGrpc f5d629fd-ecfe-43ee-9421-b64933e3fd75 is started using port 34408
2019-09-25 07:20:56,498 [Datanode State Machine Thread - 0] INFO  server.XceiverServerGrpc (XceiverServerGrpc.java:start(149)) - XceiverServerGrpc b05de815-ed09-4765-b576-c9e1c2f65196 is started using port 35351
2019-09-25 07:20:56,499 [Datanode State Machine Thread - 0] INFO  server.XceiverServerGrpc (XceiverServerGrpc.java:start(149)) - XceiverServerGrpc 46f08633-29b5-4547-ba27-3aefda386aa8 is started using port 41553
2019-09-25 07:20:56,501 [Datanode State Machine Thread - 0] INFO  impl.RaftServerProxy (RaftServerProxy.java:lambda$start$3(299)) - 790994da-c556-4bb6-9860-e4bcd35fb518: start RPC server
2019-09-25 07:20:56,503 [Datanode State Machine Thread - 0] INFO  server.GrpcService (GrpcService.java:startImpl(158)) - 790994da-c556-4bb6-9860-e4bcd35fb518: GrpcService started, listening on 0.0.0.0/0.0.0.0:42560
2019-09-25 07:20:56,504 [Datanode State Machine Thread - 0] INFO  ratis.XceiverServerRatis (XceiverServerRatis.java:start(421)) - XceiverServerRatis 790994da-c556-4bb6-9860-e4bcd35fb518 is started using port 42560
2019-09-25 07:20:56,506 [Datanode State Machine Thread - 0] INFO  server.XceiverServerGrpc (XceiverServerGrpc.java:start(149)) - XceiverServerGrpc 790994da-c556-4bb6-9860-e4bcd35fb518 is started using port 46664
2019-09-25 07:20:56,595 [Datanode State Machine Thread - 0] INFO  ozoneimpl.OzoneContainer (OzoneContainer.java:start(217)) - Attempting to start container services.
2019-09-25 07:20:56,596 [Datanode State Machine Thread - 0] INFO  ozoneimpl.OzoneContainer (OzoneContainer.java:startContainerScrub(179)) - Background container scanner has been disabled.
2019-09-25 07:20:56,596 [Datanode State Machine Thread - 0] INFO  ratis.XceiverServerRatis (XceiverServerRatis.java:start(411)) - Starting XceiverServerRatis 8c621658-b0ee-4cf2-b145-27cf4e621fee at port 0
2019-09-25 07:20:56,605 [Datanode State Machine Thread - 0] INFO  impl.RaftServerProxy (RaftServerProxy.java:lambda$start$3(299)) - 8c621658-b0ee-4cf2-b145-27cf4e621fee: start RPC server
2019-09-25 07:20:56,610 [Datanode State Machine Thread - 0] INFO  server.GrpcService (GrpcService.java:startImpl(158)) - 8c621658-b0ee-4cf2-b145-27cf4e621fee: GrpcService started, listening on 0.0.0.0/0.0.0.0:39467
2019-09-25 07:20:56,610 [Datanode State Machine Thread - 0] INFO  ratis.XceiverServerRatis (XceiverServerRatis.java:start(421)) - XceiverServerRatis 8c621658-b0ee-4cf2-b145-27cf4e621fee is started using port 39467
2019-09-25 07:20:56,614 [Datanode State Machine Thread - 0] INFO  server.XceiverServerGrpc (XceiverServerGrpc.java:start(149)) - XceiverServerGrpc 8c621658-b0ee-4cf2-b145-27cf4e621fee is started using port 34492
2019-09-25 07:20:56,665 [Datanode State Machine Thread - 0] INFO  ozoneimpl.OzoneContainer (OzoneContainer.java:start(217)) - Attempting to start container services.
2019-09-25 07:20:56,666 [Datanode State Machine Thread - 0] INFO  ozoneimpl.OzoneContainer (OzoneContainer.java:startContainerScrub(179)) - Background container scanner has been disabled.
2019-09-25 07:20:56,666 [Datanode State Machine Thread - 0] INFO  ratis.XceiverServerRatis (XceiverServerRatis.java:start(411)) - Starting XceiverServerRatis 6bc56785-b354-47d6-aaaa-aea62bb8d052 at port 0
2019-09-25 07:20:56,673 [Datanode State Machine Thread - 0] INFO  impl.RaftServerProxy (RaftServerProxy.java:lambda$start$3(299)) - 6bc56785-b354-47d6-aaaa-aea62bb8d052: start RPC server
2019-09-25 07:20:56,678 [Datanode State Machine Thread - 0] INFO  server.GrpcService (GrpcService.java:startImpl(158)) - 6bc56785-b354-47d6-aaaa-aea62bb8d052: GrpcService started, listening on 0.0.0.0/0.0.0.0:40140
2019-09-25 07:20:56,679 [Datanode State Machine Thread - 0] INFO  ratis.XceiverServerRatis (XceiverServerRatis.java:start(421)) - XceiverServerRatis 6bc56785-b354-47d6-aaaa-aea62bb8d052 is started using port 40140
2019-09-25 07:20:56,683 [Datanode State Machine Thread - 0] INFO  server.XceiverServerGrpc (XceiverServerGrpc.java:start(149)) - XceiverServerGrpc 6bc56785-b354-47d6-aaaa-aea62bb8d052 is started using port 42991
2019-09-25 07:20:56,735 [Datanode State Machine Thread - 0] INFO  ozoneimpl.OzoneContainer (OzoneContainer.java:start(217)) - Attempting to start container services.
2019-09-25 07:20:56,736 [Datanode State Machine Thread - 0] INFO  ozoneimpl.OzoneContainer (OzoneContainer.java:startContainerScrub(179)) - Background container scanner has been disabled.
2019-09-25 07:20:56,736 [Datanode State Machine Thread - 0] INFO  ratis.XceiverServerRatis (XceiverServerRatis.java:start(411)) - Starting XceiverServerRatis 3176e44e-2b1b-466b-9a7b-9faa8a8c6db1 at port 0
2019-09-25 07:20:56,744 [Datanode State Machine Thread - 0] INFO  impl.RaftServerProxy (RaftServerProxy.java:lambda$start$3(299)) - 3176e44e-2b1b-466b-9a7b-9faa8a8c6db1: start RPC server
2019-09-25 07:20:56,749 [Datanode State Machine Thread - 0] INFO  server.GrpcService (GrpcService.java:startImpl(158)) - 3176e44e-2b1b-466b-9a7b-9faa8a8c6db1: GrpcService started, listening on 0.0.0.0/0.0.0.0:43320
2019-09-25 07:20:56,750 [Datanode State Machine Thread - 0] INFO  ratis.XceiverServerRatis (XceiverServerRatis.java:start(421)) - XceiverServerRatis 3176e44e-2b1b-466b-9a7b-9faa8a8c6db1 is started using port 43320
2019-09-25 07:20:56,756 [Datanode State Machine Thread - 0] INFO  server.XceiverServerGrpc (XceiverServerGrpc.java:start(149)) - XceiverServerGrpc 3176e44e-2b1b-466b-9a7b-9faa8a8c6db1 is started using port 41410
2019-09-25 07:20:56,836 [Datanode State Machine Thread - 0] INFO  ozoneimpl.OzoneContainer (OzoneContainer.java:start(217)) - Attempting to start container services.
2019-09-25 07:20:56,836 [Datanode State Machine Thread - 0] INFO  ozoneimpl.OzoneContainer (OzoneContainer.java:startContainerScrub(179)) - Background container scanner has been disabled.
2019-09-25 07:20:56,837 [Datanode State Machine Thread - 0] INFO  ratis.XceiverServerRatis (XceiverServerRatis.java:start(411)) - Starting XceiverServerRatis 3ed290a7-a21d-4e57-957f-efca320df8bc at port 0
2019-09-25 07:20:56,846 [Datanode State Machine Thread - 0] INFO  impl.RaftServerProxy (RaftServerProxy.java:lambda$start$3(299)) - 3ed290a7-a21d-4e57-957f-efca320df8bc: start RPC server
2019-09-25 07:20:56,852 [Datanode State Machine Thread - 0] INFO  server.GrpcService (GrpcService.java:startImpl(158)) - 3ed290a7-a21d-4e57-957f-efca320df8bc: GrpcService started, listening on 0.0.0.0/0.0.0.0:43596
2019-09-25 07:20:56,852 [Datanode State Machine Thread - 0] INFO  ratis.XceiverServerRatis (XceiverServerRatis.java:start(421)) - XceiverServerRatis 3ed290a7-a21d-4e57-957f-efca320df8bc is started using port 43596
2019-09-25 07:20:56,857 [Datanode State Machine Thread - 0] INFO  server.XceiverServerGrpc (XceiverServerGrpc.java:start(149)) - XceiverServerGrpc 3ed290a7-a21d-4e57-957f-efca320df8bc is started using port 44324
2019-09-25 07:20:56,942 [Datanode State Machine Thread - 0] INFO  ozoneimpl.OzoneContainer (OzoneContainer.java:start(217)) - Attempting to start container services.
2019-09-25 07:20:56,943 [Datanode State Machine Thread - 0] INFO  ozoneimpl.OzoneContainer (OzoneContainer.java:startContainerScrub(179)) - Background container scanner has been disabled.
2019-09-25 07:20:56,943 [Datanode State Machine Thread - 0] INFO  ratis.XceiverServerRatis (XceiverServerRatis.java:start(411)) - Starting XceiverServerRatis 988e4f02-2728-4d94-a25f-5554bec3cdd7 at port 0
2019-09-25 07:20:56,952 [Datanode State Machine Thread - 0] INFO  impl.RaftServerProxy (RaftServerProxy.java:lambda$start$3(299)) - 988e4f02-2728-4d94-a25f-5554bec3cdd7: start RPC server
2019-09-25 07:20:56,960 [Datanode State Machine Thread - 0] INFO  server.GrpcService (GrpcService.java:startImpl(158)) - 988e4f02-2728-4d94-a25f-5554bec3cdd7: GrpcService started, listening on 0.0.0.0/0.0.0.0:32885
2019-09-25 07:20:56,961 [Datanode State Machine Thread - 0] INFO  ratis.XceiverServerRatis (XceiverServerRatis.java:start(421)) - XceiverServerRatis 988e4f02-2728-4d94-a25f-5554bec3cdd7 is started using port 32885
2019-09-25 07:20:56,974 [Datanode State Machine Thread - 0] INFO  server.XceiverServerGrpc (XceiverServerGrpc.java:start(149)) - XceiverServerGrpc 988e4f02-2728-4d94-a25f-5554bec3cdd7 is started using port 37699
2019-09-25 07:20:57,017 [main] INFO  ozone.MiniOzoneClusterImpl (MiniOzoneClusterImpl.java:lambda$waitForClusterToBeReady$0(147)) - Waiting for cluster to be ready. Got 0 of 10 DN Heartbeats.
2019-09-25 07:20:57,037 [Datanode State Machine Thread - 0] INFO  ozoneimpl.OzoneContainer (OzoneContainer.java:start(217)) - Attempting to start container services.
2019-09-25 07:20:57,037 [Datanode State Machine Thread - 0] INFO  ozoneimpl.OzoneContainer (OzoneContainer.java:startContainerScrub(179)) - Background container scanner has been disabled.
2019-09-25 07:20:57,037 [Datanode State Machine Thread - 0] INFO  ratis.XceiverServerRatis (XceiverServerRatis.java:start(411)) - Starting XceiverServerRatis f368be67-619a-45f1-9208-8e0055b252cf at port 0
2019-09-25 07:20:57,114 [Datanode State Machine Thread - 0] INFO  impl.RaftServerProxy (RaftServerProxy.java:lambda$start$3(299)) - f368be67-619a-45f1-9208-8e0055b252cf: start RPC server
2019-09-25 07:20:57,123 [Datanode State Machine Thread - 0] INFO  server.GrpcService (GrpcService.java:startImpl(158)) - f368be67-619a-45f1-9208-8e0055b252cf: GrpcService started, listening on 0.0.0.0/0.0.0.0:40542
2019-09-25 07:20:57,123 [Datanode State Machine Thread - 0] INFO  ratis.XceiverServerRatis (XceiverServerRatis.java:start(421)) - XceiverServerRatis f368be67-619a-45f1-9208-8e0055b252cf is started using port 40542
2019-09-25 07:20:57,180 [Datanode State Machine Thread - 0] INFO  server.XceiverServerGrpc (XceiverServerGrpc.java:start(149)) - XceiverServerGrpc f368be67-619a-45f1-9208-8e0055b252cf is started using port 35340
2019-09-25 07:20:58,021 [main] INFO  ozone.MiniOzoneClusterImpl (MiniOzoneClusterImpl.java:lambda$waitForClusterToBeReady$0(147)) - Waiting for cluster to be ready. Got 0 of 10 DN Heartbeats.
2019-09-25 07:20:58,236 [IPC Server handler 6 on 40047] INFO  net.NetworkTopology (NetworkTopologyImpl.java:add(111)) - Added a new node: /default-rack/b05de815-ed09-4765-b576-c9e1c2f65196
2019-09-25 07:20:58,236 [IPC Server handler 6 on 40047] INFO  node.SCMNodeManager (SCMNodeManager.java:register(266)) - Registered Data node : b05de815-ed09-4765-b576-c9e1c2f65196{ip: 192.168.30.10, host: pr-hdds-1569-s62bp-3040748787, networkLocation: /default-rack, certSerialId: null}
2019-09-25 07:20:58,243 [EventQueue-NodeRegistrationContainerReportForDataNodeSafeModeRule] INFO  safemode.SCMSafeModeManager (DataNodeSafeModeRule.java:process(71)) - SCM in safe mode. 1 DataNodes registered, 1 required.
2019-09-25 07:20:58,244 [EventQueue-NodeRegistrationContainerReportForDataNodeSafeModeRule] INFO  safemode.SCMSafeModeManager (SCMSafeModeManager.java:validateSafeModeExitRules(177)) - ScmSafeModeManager, all rules are successfully validated
2019-09-25 07:20:58,244 [EventQueue-NodeRegistrationContainerReportForDataNodeSafeModeRule] INFO  safemode.SCMSafeModeManager (SCMSafeModeManager.java:exitSafeMode(193)) - SCM exiting safe mode.
2019-09-25 07:20:58,295 [IPC Server handler 7 on 40047] INFO  net.NetworkTopology (NetworkTopologyImpl.java:add(111)) - Added a new node: /default-rack/f5d629fd-ecfe-43ee-9421-b64933e3fd75
2019-09-25 07:20:58,295 [IPC Server handler 7 on 40047] INFO  node.SCMNodeManager (SCMNodeManager.java:register(266)) - Registered Data node : f5d629fd-ecfe-43ee-9421-b64933e3fd75{ip: 192.168.30.10, host: pr-hdds-1569-s62bp-3040748787, networkLocation: /default-rack, certSerialId: null}
2019-09-25 07:20:58,382 [IPC Server handler 8 on 40047] INFO  net.NetworkTopology (NetworkTopologyImpl.java:add(111)) - Added a new node: /default-rack/46f08633-29b5-4547-ba27-3aefda386aa8
2019-09-25 07:20:58,382 [IPC Server handler 8 on 40047] INFO  node.SCMNodeManager (SCMNodeManager.java:register(266)) - Registered Data node : 46f08633-29b5-4547-ba27-3aefda386aa8{ip: 192.168.30.10, host: pr-hdds-1569-s62bp-3040748787, networkLocation: /default-rack, certSerialId: null}
2019-09-25 07:20:58,465 [IPC Server handler 9 on 40047] INFO  net.NetworkTopology (NetworkTopologyImpl.java:add(111)) - Added a new node: /default-rack/790994da-c556-4bb6-9860-e4bcd35fb518
2019-09-25 07:20:58,465 [IPC Server handler 9 on 40047] INFO  node.SCMNodeManager (SCMNodeManager.java:register(266)) - Registered Data node : 790994da-c556-4bb6-9860-e4bcd35fb518{ip: 192.168.30.10, host: pr-hdds-1569-s62bp-3040748787, networkLocation: /default-rack, certSerialId: null}
2019-09-25 07:20:58,572 [IPC Server handler 1 on 40047] INFO  net.NetworkTopology (NetworkTopologyImpl.java:add(111)) - Added a new node: /default-rack/8c621658-b0ee-4cf2-b145-27cf4e621fee
2019-09-25 07:20:58,572 [IPC Server handler 1 on 40047] INFO  node.SCMNodeManager (SCMNodeManager.java:register(266)) - Registered Data node : 8c621658-b0ee-4cf2-b145-27cf4e621fee{ip: 192.168.30.10, host: pr-hdds-1569-s62bp-3040748787, networkLocation: /default-rack, certSerialId: null}
2019-09-25 07:20:58,652 [IPC Server handler 2 on 40047] INFO  net.NetworkTopology (NetworkTopologyImpl.java:add(111)) - Added a new node: /default-rack/6bc56785-b354-47d6-aaaa-aea62bb8d052
2019-09-25 07:20:58,653 [IPC Server handler 2 on 40047] INFO  node.SCMNodeManager (SCMNodeManager.java:register(266)) - Registered Data node : 6bc56785-b354-47d6-aaaa-aea62bb8d052{ip: 192.168.30.10, host: pr-hdds-1569-s62bp-3040748787, networkLocation: /default-rack, certSerialId: null}
2019-09-25 07:20:58,741 [IPC Server handler 3 on 40047] INFO  net.NetworkTopology (NetworkTopologyImpl.java:add(111)) - Added a new node: /default-rack/3176e44e-2b1b-466b-9a7b-9faa8a8c6db1
2019-09-25 07:20:58,742 [IPC Server handler 3 on 40047] INFO  node.SCMNodeManager (SCMNodeManager.java:register(266)) - Registered Data node : 3176e44e-2b1b-466b-9a7b-9faa8a8c6db1{ip: 192.168.30.10, host: pr-hdds-1569-s62bp-3040748787, networkLocation: /default-rack, certSerialId: null}
2019-09-25 07:20:58,823 [IPC Server handler 4 on 40047] INFO  net.NetworkTopology (NetworkTopologyImpl.java:add(111)) - Added a new node: /default-rack/3ed290a7-a21d-4e57-957f-efca320df8bc
2019-09-25 07:20:58,823 [IPC Server handler 4 on 40047] INFO  node.SCMNodeManager (SCMNodeManager.java:register(266)) - Registered Data node : 3ed290a7-a21d-4e57-957f-efca320df8bc{ip: 192.168.30.10, host: pr-hdds-1569-s62bp-3040748787, networkLocation: /default-rack, certSerialId: null}
2019-09-25 07:20:58,930 [IPC Server handler 5 on 40047] INFO  net.NetworkTopology (NetworkTopologyImpl.java:add(111)) - Added a new node: /default-rack/988e4f02-2728-4d94-a25f-5554bec3cdd7
2019-09-25 07:20:58,930 [IPC Server handler 5 on 40047] INFO  node.SCMNodeManager (SCMNodeManager.java:register(266)) - Registered Data node : 988e4f02-2728-4d94-a25f-5554bec3cdd7{ip: 192.168.30.10, host: pr-hdds-1569-s62bp-3040748787, networkLocation: /default-rack, certSerialId: null}
2019-09-25 07:20:58,947 [grpc-default-executor-0] INFO  impl.RaftServerProxy (RaftServerProxy.java:addNew(89)) - b05de815-ed09-4765-b576-c9e1c2f65196: addNew group-A1930925C671:[b05de815-ed09-4765-b576-c9e1c2f65196:192.168.30.10:36348] returns group-A1930925C671:java.util.concurrent.CompletableFuture@726629d5[Not completed]
2019-09-25 07:20:59,000 [pool-27-thread-1] INFO  impl.RaftServerImpl (RaftServerImpl.java:<init>(95)) - b05de815-ed09-4765-b576-c9e1c2f65196: new RaftServerImpl for group-A1930925C671:[b05de815-ed09-4765-b576-c9e1c2f65196:192.168.30.10:36348] with ContainerStateMachine:uninitialized
2019-09-25 07:20:59,003 [pool-27-thread-1] INFO  server.RaftServerConfigKeys (ConfUtils.java:logGet(43)) - raft.server.rpc.timeout.min = 5s (custom)
2019-09-25 07:20:59,006 [pool-27-thread-1] INFO  server.RaftServerConfigKeys (ConfUtils.java:logGet(43)) - raft.server.rpc.timeout.max = 5200ms (custom)
2019-09-25 07:20:59,006 [pool-27-thread-1] INFO  server.RaftServerConfigKeys (ConfUtils.java:logGet(43)) - raft.server.rpcslowness.timeout = 120s (custom)
2019-09-25 07:20:59,007 [pool-27-thread-1] INFO  server.RaftServerConfigKeys (ConfUtils.java:logGet(43)) - raft.server.sleep.deviation.threshold = 300 (default)
2019-09-25 07:20:59,007 [pool-27-thread-1] INFO  server.RaftServerConfigKeys (ConfUtils.java:logGet(43)) - raft.server.log.appender.install.snapshot.enabled = false (custom)
2019-09-25 07:20:59,027 [main] INFO  ozone.MiniOzoneClusterImpl (MiniOzoneClusterImpl.java:lambda$waitForClusterToBeReady$0(147)) - Waiting for cluster to be ready. Got 9 of 10 DN Heartbeats.
2019-09-25 07:20:59,045 [IPC Server handler 6 on 40047] INFO  net.NetworkTopology (NetworkTopologyImpl.java:add(111)) - Added a new node: /default-rack/f368be67-619a-45f1-9208-8e0055b252cf
2019-09-25 07:20:59,045 [IPC Server handler 6 on 40047] INFO  node.SCMNodeManager (SCMNodeManager.java:register(266)) - Registered Data node : f368be67-619a-45f1-9208-8e0055b252cf{ip: 192.168.30.10, host: pr-hdds-1569-s62bp-3040748787, networkLocation: /default-rack, certSerialId: null}
2019-09-25 07:20:59,045 [pool-27-thread-1] INFO  impl.RaftServerImpl (ServerState.java:<init>(103)) - b05de815-ed09-4765-b576-c9e1c2f65196@group-A1930925C671: ConfigurationManager, init=-1: [b05de815-ed09-4765-b576-c9e1c2f65196:192.168.30.10:36348], old=null, confs=<EMPTY_MAP>
2019-09-25 07:20:59,045 [pool-27-thread-1] INFO  server.RaftServerConfigKeys (ConfUtils.java:logGet(43)) - raft.server.storage.dir = [/workdir/hadoop-ozone/ozonefs/target/test-dir/MiniOzoneClusterImpl-48169ae4-fc36-4fd4-bc0e-7a80f7e832d4/datanode-0/data/ratis] (custom)
2019-09-25 07:20:59,055 [pool-27-thread-1] INFO  storage.RaftStorageDirectory (RaftStorageDirectory.java:analyzeStorage(246)) - The storage directory /workdir/hadoop-ozone/ozonefs/target/test-dir/MiniOzoneClusterImpl-48169ae4-fc36-4fd4-bc0e-7a80f7e832d4/datanode-0/data/ratis/b17bfc12-78ee-44e4-aa8b-a1930925c671 does not exist. Creating ...
2019-09-25 07:20:59,075 [pool-27-thread-1] INFO  storage.RaftStorageDirectory (RaftStorageDirectory.java:tryLock(328)) - Lock on /workdir/hadoop-ozone/ozonefs/target/test-dir/MiniOzoneClusterImpl-48169ae4-fc36-4fd4-bc0e-7a80f7e832d4/datanode-0/data/ratis/b17bfc12-78ee-44e4-aa8b-a1930925c671/in_use.lock acquired by nodename 26726@pr-hdds-1569-s62bp-3040748787
2019-09-25 07:20:59,103 [pool-27-thread-1] INFO  storage.RaftStorage (RaftStorage.java:format(72)) - Storage directory /workdir/hadoop-ozone/ozonefs/target/test-dir/MiniOzoneClusterImpl-48169ae4-fc36-4fd4-bc0e-7a80f7e832d4/datanode-0/data/ratis/b17bfc12-78ee-44e4-aa8b-a1930925c671 has been successfully formatted.
2019-09-25 07:20:59,108 [pool-27-thread-1] INFO  ratis.ContainerStateMachine (ContainerStateMachine.java:loadSnapshot(230)) - group-A1930925C671: The snapshot info is null. Setting the last applied indexto:(t:0, i:~)
2019-09-25 07:20:59,108 [pool-27-thread-1] INFO  server.RaftServerConfigKeys (ConfUtils.java:logGet(43)) - raft.server.notification.no-leader.timeout = 120s (custom)
2019-09-25 07:20:59,112 [pool-27-thread-1] INFO  server.RaftServerConfigKeys (ConfUtils.java:logGet(43)) - raft.server.log.use.memory = false (default)
2019-09-25 07:20:59,121 [pool-27-thread-1] INFO  server.RaftServerConfigKeys (ConfUtils.java:logGet(43)) - raft.server.log.purge.gap = 1000000 (custom)
2019-09-25 07:20:59,121 [pool-27-thread-1] INFO  server.RaftServerConfigKeys (ConfUtils.java:logGet(43)) - raft.server.log.appender.buffer.byte-limit = 33554432 (custom)
2019-09-25 07:20:59,125 [pool-27-thread-1] INFO  server.RaftServerConfigKeys (ConfUtils.java:logGet(43)) - raft.server.log.segment.size.max = 1048576 (custom)
2019-09-25 07:20:59,132 [pool-27-thread-1] INFO  server.RaftServerConfigKeys (ConfUtils.java:logGet(43)) - raft.server.log.segment.cache.num.max = 2 (custom)
2019-09-25 07:20:59,139 [pool-27-thread-1] INFO  segmented.SegmentedRaftLogWorker (SegmentedRaftLogWorker.java:<init>(172)) - new b05de815-ed09-4765-b576-c9e1c2f65196@group-A1930925C671-SegmentedRaftLogWorker for RaftStorage:Storage Directory /workdir/hadoop-ozone/ozonefs/target/test-dir/MiniOzoneClusterImpl-48169ae4-fc36-4fd4-bc0e-7a80f7e832d4/datanode-0/data/ratis/b17bfc12-78ee-44e4-aa8b-a1930925c671
2019-09-25 07:20:59,141 [pool-27-thread-1] INFO  impl.MetricsSystemImpl (MetricsSystemImpl.java:init(158)) - ratis metrics system started (again)
2019-09-25 07:20:59,150 [pool-27-thread-1] INFO  metrics.MetricRegistries (MetricRegistriesLoader.java:load(64)) - Loaded MetricRegistries class org.apache.ratis.metrics.impl.MetricRegistriesImpl
2019-09-25 07:20:59,188 [pool-27-thread-1] INFO  server.RaftServerConfigKeys (ConfUtils.java:logGet(43)) - raft.server.log.queue.byte-limit = 2147483647 (custom)
2019-09-25 07:20:59,189 [pool-27-thread-1] INFO  server.RaftServerConfigKeys (ConfUtils.java:logGet(43)) - raft.server.log.queue.element-limit = 1024 (custom)
2019-09-25 07:20:59,194 [pool-27-thread-1] INFO  server.RaftServerConfigKeys (ConfUtils.java:logGet(43)) - raft.server.log.segment.size.max = 1048576 (custom)
2019-09-25 07:20:59,195 [pool-27-thread-1] INFO  server.RaftServerConfigKeys (ConfUtils.java:logGet(43)) - raft.server.log.preallocated.size = 16384 (custom)
2019-09-25 07:20:59,195 [pool-27-thread-1] INFO  server.RaftServerConfigKeys (ConfUtils.java:logGet(43)) - raft.server.log.write.buffer.size = 33554432 (custom)
2019-09-25 07:20:59,196 [pool-27-thread-1] INFO  server.RaftServerConfigKeys (ConfUtils.java:logGet(43)) - raft.server.log.force.sync.num = 128 (default)
2019-09-25 07:20:59,197 [pool-27-thread-1] INFO  server.RaftServerConfigKeys (ConfUtils.java:logGet(43)) - raft.server.log.statemachine.data.sync = true (default)
2019-09-25 07:20:59,197 [pool-27-thread-1] INFO  server.RaftServerConfigKeys (ConfUtils.java:logGet(43)) - raft.server.log.statemachine.data.sync.timeout = 10s (default)
2019-09-25 07:20:59,198 [pool-27-thread-1] INFO  server.RaftServerConfigKeys (ConfUtils.java:logGet(43)) - raft.server.log.statemachine.data.sync.timeout.retry = -1 (default)
2019-09-25 07:20:59,211 [pool-27-thread-1] INFO  server.RaftServerConfigKeys (ConfUtils.java:logGet(43)) - raft.server.log.statemachine.data.caching.enabled = true (custom)
2019-09-25 07:20:59,217 [pool-27-thread-1] INFO  segmented.SegmentedRaftLogWorker (SegmentedRaftLogWorker.java:lambda$new$0(132)) - b05de815-ed09-4765-b576-c9e1c2f65196@group-A1930925C671-SegmentedRaftLogWorker: flushIndex: setUnconditionally 0 -> -1
2019-09-25 07:20:59,222 [pool-27-thread-1] INFO  server.RaftServerConfigKeys (ConfUtils.java:logGet(43)) - raft.server.snapshot.auto.trigger.enabled = true (custom)
2019-09-25 07:20:59,223 [pool-27-thread-1] INFO  server.RaftServerConfigKeys (ConfUtils.java:logGet(43)) - raft.server.snapshot.auto.trigger.threshold = 10000 (custom)
2019-09-25 07:20:59,224 [pool-27-thread-1] INFO  server.RaftServerConfigKeys (ConfUtils.java:logGet(43)) - raft.server.snapshot.retention.num.files = 5 (custom)
2019-09-25 07:20:59,224 [pool-27-thread-1] INFO  server.RaftServerConfigKeys (ConfUtils.java:logGet(43)) - raft.server.retrycache.expirytime = 600000ms (custom)
2019-09-25 07:20:59,254 [pool-27-thread-1] INFO  impl.RaftServerImpl (RaftServerImpl.java:start(185)) - b05de815-ed09-4765-b576-c9e1c2f65196@group-A1930925C671: start as a follower, conf=-1: [b05de815-ed09-4765-b576-c9e1c2f65196:192.168.30.10:36348], old=null
2019-09-25 07:20:59,255 [pool-27-thread-1] INFO  impl.RaftServerImpl (RaftServerImpl.java:setRole(174)) - b05de815-ed09-4765-b576-c9e1c2f65196@group-A1930925C671: changes role from      null to FOLLOWER at term 0 for startAsFollower
2019-09-25 07:20:59,256 [pool-27-thread-1] INFO  impl.RoleInfo (RoleInfo.java:updateAndGet(143)) - b05de815-ed09-4765-b576-c9e1c2f65196: start FollowerState
2019-09-25 07:20:59,258 [pool-27-thread-1] INFO  util.JmxRegister (JmxRegister.java:tryRegister(44)) - Successfully registered JMX Bean with object name Ratis:service=RaftServer,group=group-A1930925C671,id=b05de815-ed09-4765-b576-c9e1c2f65196
2019-09-25 07:20:59,335 [RatisPipelineUtilsThread] INFO  pipeline.PipelineStateManager (PipelineStateManager.java:addPipeline(56)) - Created pipeline Pipeline[ Id: b17bfc12-78ee-44e4-aa8b-a1930925c671, Nodes: b05de815-ed09-4765-b576-c9e1c2f65196{ip: 192.168.30.10, host: pr-hdds-1569-s62bp-3040748787, networkLocation: /default-rack, certSerialId: null}, Type:RATIS, Factor:ONE, State:OPEN]
2019-09-25 07:20:59,368 [grpc-default-executor-0] INFO  impl.RaftServerProxy (RaftServerProxy.java:addNew(89)) - 6bc56785-b354-47d6-aaaa-aea62bb8d052: addNew group-D1B4DEBC162C:[6bc56785-b354-47d6-aaaa-aea62bb8d052:192.168.30.10:40140] returns group-D1B4DEBC162C:java.util.concurrent.CompletableFuture@76a00cc4[Not completed]
2019-09-25 07:20:59,432 [pool-77-thread-1] INFO  impl.RaftServerImpl (RaftServerImpl.java:<init>(95)) - 6bc56785-b354-47d6-aaaa-aea62bb8d052: new RaftServerImpl for group-D1B4DEBC162C:[6bc56785-b354-47d6-aaaa-aea62bb8d052:192.168.30.10:40140] with ContainerStateMachine:uninitialized
2019-09-25 07:20:59,434 [pool-77-thread-1] INFO  server.RaftServerConfigKeys (ConfUtils.java:logGet(43)) - raft.server.rpc.timeout.min = 5s (custom)
2019-09-25 07:20:59,434 [pool-77-thread-1] INFO  server.RaftServerConfigKeys (ConfUtils.java:logGet(43)) - raft.server.rpc.timeout.max = 5200ms (custom)
2019-09-25 07:20:59,434 [pool-77-thread-1] INFO  server.RaftServerConfigKeys (ConfUtils.java:logGet(43)) - raft.server.rpcslowness.timeout = 120s (custom)
2019-09-25 07:20:59,434 [pool-77-thread-1] INFO  server.RaftServerConfigKeys (ConfUtils.java:logGet(43)) - raft.server.sleep.deviation.threshold = 300 (default)
2019-09-25 07:20:59,434 [pool-77-thread-1] INFO  server.RaftServerConfigKeys (ConfUtils.java:logGet(43)) - raft.server.log.appender.install.snapshot.enabled = false (custom)
2019-09-25 07:20:59,435 [pool-77-thread-1] INFO  impl.RaftServerImpl (ServerState.java:<init>(103)) - 6bc56785-b354-47d6-aaaa-aea62bb8d052@group-D1B4DEBC162C: ConfigurationManager, init=-1: [6bc56785-b354-47d6-aaaa-aea62bb8d052:192.168.30.10:40140], old=null, confs=<EMPTY_MAP>
2019-09-25 07:20:59,435 [pool-77-thread-1] INFO  server.RaftServerConfigKeys (ConfUtils.java:logGet(43)) - raft.server.storage.dir = [/workdir/hadoop-ozone/ozonefs/target/test-dir/MiniOzoneClusterImpl-48169ae4-fc36-4fd4-bc0e-7a80f7e832d4/datanode-5/data/ratis] (custom)
2019-09-25 07:20:59,435 [pool-77-thread-1] INFO  storage.RaftStorageDirectory (RaftStorageDirectory.java:analyzeStorage(246)) - The storage directory /workdir/hadoop-ozone/ozonefs/target/test-dir/MiniOzoneClusterImpl-48169ae4-fc36-4fd4-bc0e-7a80f7e832d4/datanode-5/data/ratis/5424e7fc-1aeb-44de-845e-d1b4debc162c does not exist. Creating ...
2019-09-25 07:20:59,462 [pool-77-thread-1] INFO  storage.RaftStorageDirectory (RaftStorageDirectory.java:tryLock(328)) - Lock on /workdir/hadoop-ozone/ozonefs/target/test-dir/MiniOzoneClusterImpl-48169ae4-fc36-4fd4-bc0e-7a80f7e832d4/datanode-5/data/ratis/5424e7fc-1aeb-44de-845e-d1b4debc162c/in_use.lock acquired by nodename 26726@pr-hdds-1569-s62bp-3040748787
2019-09-25 07:20:59,475 [pool-77-thread-1] INFO  storage.RaftStorage (RaftStorage.java:format(72)) - Storage directory /workdir/hadoop-ozone/ozonefs/target/test-dir/MiniOzoneClusterImpl-48169ae4-fc36-4fd4-bc0e-7a80f7e832d4/datanode-5/data/ratis/5424e7fc-1aeb-44de-845e-d1b4debc162c has been successfully formatted.
2019-09-25 07:20:59,478 [pool-77-thread-1] INFO  ratis.ContainerStateMachine (ContainerStateMachine.java:loadSnapshot(230)) - group-D1B4DEBC162C: The snapshot info is null. Setting the last applied indexto:(t:0, i:~)
2019-09-25 07:20:59,480 [pool-77-thread-1] INFO  server.RaftServerConfigKeys (ConfUtils.java:logGet(43)) - raft.server.notification.no-leader.timeout = 120s (custom)
2019-09-25 07:20:59,480 [pool-77-thread-1] INFO  server.RaftServerConfigKeys (ConfUtils.java:logGet(43)) - raft.server.log.use.memory = false (default)
2019-09-25 07:20:59,480 [pool-77-thread-1] INFO  server.RaftServerConfigKeys (ConfUtils.java:logGet(43)) - raft.server.log.purge.gap = 1000000 (custom)
2019-09-25 07:20:59,480 [pool-77-thread-1] INFO  server.RaftServerConfigKeys (ConfUtils.java:logGet(43)) - raft.server.log.appender.buffer.byte-limit = 33554432 (custom)
2019-09-25 07:20:59,481 [pool-77-thread-1] INFO  server.RaftServerConfigKeys (ConfUtils.java:logGet(43)) - raft.server.log.segment.size.max = 1048576 (custom)
2019-09-25 07:20:59,481 [pool-77-thread-1] INFO  server.RaftServerConfigKeys (ConfUtils.java:logGet(43)) - raft.server.log.segment.cache.num.max = 2 (custom)
2019-09-25 07:20:59,481 [pool-77-thread-1] INFO  segmented.SegmentedRaftLogWorker (SegmentedRaftLogWorker.java:<init>(172)) - new 6bc56785-b354-47d6-aaaa-aea62bb8d052@group-D1B4DEBC162C-SegmentedRaftLogWorker for RaftStorage:Storage Directory /workdir/hadoop-ozone/ozonefs/target/test-dir/MiniOzoneClusterImpl-48169ae4-fc36-4fd4-bc0e-7a80f7e832d4/datanode-5/data/ratis/5424e7fc-1aeb-44de-845e-d1b4debc162c
2019-09-25 07:20:59,490 [pool-77-thread-1] INFO  server.RaftServerConfigKeys (ConfUtils.java:logGet(43)) - raft.server.log.queue.byte-limit = 2147483647 (custom)
2019-09-25 07:20:59,490 [pool-77-thread-1] INFO  server.RaftServerConfigKeys (ConfUtils.java:logGet(43)) - raft.server.log.queue.element-limit = 1024 (custom)
2019-09-25 07:20:59,490 [pool-77-thread-1] INFO  server.RaftServerConfigKeys (ConfUtils.java:logGet(43)) - raft.server.log.segment.size.max = 1048576 (custom)
2019-09-25 07:20:59,491 [pool-77-thread-1] INFO  server.RaftServerConfigKeys (ConfUtils.java:logGet(43)) - raft.server.log.preallocated.size = 16384 (custom)
2019-09-25 07:20:59,491 [pool-77-thread-1] INFO  server.RaftServerConfigKeys (ConfUtils.java:logGet(43)) - raft.server.log.write.buffer.size = 33554432 (custom)
2019-09-25 07:20:59,491 [pool-77-thread-1] INFO  server.RaftServerConfigKeys (ConfUtils.java:logGet(43)) - raft.server.log.force.sync.num = 128 (default)
2019-09-25 07:20:59,491 [pool-77-thread-1] INFO  server.RaftServerConfigKeys (ConfUtils.java:logGet(43)) - raft.server.log.statemachine.data.sync = true (default)
2019-09-25 07:20:59,491 [pool-77-thread-1] INFO  server.RaftServerConfigKeys (ConfUtils.java:logGet(43)) - raft.server.log.statemachine.data.sync.timeout = 10s (default)
2019-09-25 07:20:59,492 [pool-77-thread-1] INFO  server.RaftServerConfigKeys (ConfUtils.java:logGet(43)) - raft.server.log.statemachine.data.sync.timeout.retry = -1 (default)
2019-09-25 07:20:59,492 [pool-77-thread-1] INFO  server.RaftServerConfigKeys (ConfUtils.java:logGet(43)) - raft.server.log.statemachine.data.caching.enabled = true (custom)
2019-09-25 07:20:59,492 [pool-77-thread-1] INFO  segmented.SegmentedRaftLogWorker (SegmentedRaftLogWorker.java:lambda$new$0(132)) - 6bc56785-b354-47d6-aaaa-aea62bb8d052@group-D1B4DEBC162C-SegmentedRaftLogWorker: flushIndex: setUnconditionally 0 -> -1
2019-09-25 07:20:59,493 [pool-77-thread-1] INFO  server.RaftServerConfigKeys (ConfUtils.java:logGet(43)) - raft.server.snapshot.auto.trigger.enabled = true (custom)
2019-09-25 07:20:59,493 [pool-77-thread-1] INFO  server.RaftServerConfigKeys (ConfUtils.java:logGet(43)) - raft.server.snapshot.auto.trigger.threshold = 10000 (custom)
2019-09-25 07:20:59,493 [pool-77-thread-1] INFO  server.RaftServerConfigKeys (ConfUtils.java:logGet(43)) - raft.server.snapshot.retention.num.files = 5 (custom)
2019-09-25 07:20:59,493 [pool-77-thread-1] INFO  server.RaftServerConfigKeys (ConfUtils.java:logGet(43)) - raft.server.retrycache.expirytime = 600000ms (custom)
2019-09-25 07:20:59,500 [pool-77-thread-1] INFO  impl.RaftServerImpl (RaftServerImpl.java:start(185)) - 6bc56785-b354-47d6-aaaa-aea62bb8d052@group-D1B4DEBC162C: start as a follower, conf=-1: [6bc56785-b354-47d6-aaaa-aea62bb8d052:192.168.30.10:40140], old=null
2019-09-25 07:20:59,500 [pool-77-thread-1] INFO  impl.RaftServerImpl (RaftServerImpl.java:setRole(174)) - 6bc56785-b354-47d6-aaaa-aea62bb8d052@group-D1B4DEBC162C: changes role from      null to FOLLOWER at term 0 for startAsFollower
2019-09-25 07:20:59,500 [pool-77-thread-1] INFO  impl.RoleInfo (RoleInfo.java:updateAndGet(143)) - 6bc56785-b354-47d6-aaaa-aea62bb8d052: start FollowerState
2019-09-25 07:20:59,502 [pool-77-thread-1] INFO  util.JmxRegister (JmxRegister.java:tryRegister(44)) - Successfully registered JMX Bean with object name Ratis:service=RaftServer,group=group-D1B4DEBC162C,id=6bc56785-b354-47d6-aaaa-aea62bb8d052
2019-09-25 07:20:59,522 [RatisPipelineUtilsThread] INFO  pipeline.PipelineStateManager (PipelineStateManager.java:addPipeline(56)) - Created pipeline Pipeline[ Id: 5424e7fc-1aeb-44de-845e-d1b4debc162c, Nodes: 6bc56785-b354-47d6-aaaa-aea62bb8d052{ip: 192.168.30.10, host: pr-hdds-1569-s62bp-3040748787, networkLocation: /default-rack, certSerialId: null}, Type:RATIS, Factor:ONE, State:OPEN]
2019-09-25 07:20:59,545 [grpc-default-executor-0] INFO  impl.RaftServerProxy (RaftServerProxy.java:addNew(89)) - 46f08633-29b5-4547-ba27-3aefda386aa8: addNew group-740AC12B3BE6:[46f08633-29b5-4547-ba27-3aefda386aa8:192.168.30.10:40516] returns group-740AC12B3BE6:java.util.concurrent.CompletableFuture@1d71e16d[Not completed]
2019-09-25 07:20:59,577 [pool-47-thread-1] INFO  impl.RaftServerImpl (RaftServerImpl.java:<init>(95)) - 46f08633-29b5-4547-ba27-3aefda386aa8: new RaftServerImpl for group-740AC12B3BE6:[46f08633-29b5-4547-ba27-3aefda386aa8:192.168.30.10:40516] with ContainerStateMachine:uninitialized
2019-09-25 07:20:59,577 [pool-47-thread-1] INFO  server.RaftServerConfigKeys (ConfUtils.java:logGet(43)) - raft.server.rpc.timeout.min = 5s (custom)
2019-09-25 07:20:59,577 [pool-47-thread-1] INFO  server.RaftServerConfigKeys (ConfUtils.java:logGet(43)) - raft.server.rpc.timeout.max = 5200ms (custom)
2019-09-25 07:20:59,578 [pool-47-thread-1] INFO  server.RaftServerConfigKeys (ConfUtils.java:logGet(43)) - raft.server.rpcslowness.timeout = 120s (custom)
2019-09-25 07:20:59,578 [pool-47-thread-1] INFO  server.RaftServerConfigKeys (ConfUtils.java:logGet(43)) - raft.server.sleep.deviation.threshold = 300 (default)
2019-09-25 07:20:59,578 [pool-47-thread-1] INFO  server.RaftServerConfigKeys (ConfUtils.java:logGet(43)) - raft.server.log.appender.install.snapshot.enabled = false (custom)
2019-09-25 07:20:59,578 [pool-47-thread-1] INFO  impl.RaftServerImpl (ServerState.java:<init>(103)) - 46f08633-29b5-4547-ba27-3aefda386aa8@group-740AC12B3BE6: ConfigurationManager, init=-1: [46f08633-29b5-4547-ba27-3aefda386aa8:192.168.30.10:40516], old=null, confs=<EMPTY_MAP>
2019-09-25 07:20:59,578 [pool-47-thread-1] INFO  server.RaftServerConfigKeys (ConfUtils.java:logGet(43)) - raft.server.storage.dir = [/workdir/hadoop-ozone/ozonefs/target/test-dir/MiniOzoneClusterImpl-48169ae4-fc36-4fd4-bc0e-7a80f7e832d4/datanode-2/data/ratis] (custom)
2019-09-25 07:20:59,579 [pool-47-thread-1] INFO  storage.RaftStorageDirectory (RaftStorageDirectory.java:analyzeStorage(246)) - The storage directory /workdir/hadoop-ozone/ozonefs/target/test-dir/MiniOzoneClusterImpl-48169ae4-fc36-4fd4-bc0e-7a80f7e832d4/datanode-2/data/ratis/be43aa0e-15a0-4e64-b428-740ac12b3be6 does not exist. Creating ...
2019-09-25 07:20:59,592 [pool-47-thread-1] INFO  storage.RaftStorageDirectory (RaftStorageDirectory.java:tryLock(328)) - Lock on /workdir/hadoop-ozone/ozonefs/target/test-dir/MiniOzoneClusterImpl-48169ae4-fc36-4fd4-bc0e-7a80f7e832d4/datanode-2/data/ratis/be43aa0e-15a0-4e64-b428-740ac12b3be6/in_use.lock acquired by nodename 26726@pr-hdds-1569-s62bp-3040748787
2019-09-25 07:20:59,607 [pool-47-thread-1] INFO  storage.RaftStorage (RaftStorage.java:format(72)) - Storage directory /workdir/hadoop-ozone/ozonefs/target/test-dir/MiniOzoneClusterImpl-48169ae4-fc36-4fd4-bc0e-7a80f7e832d4/datanode-2/data/ratis/be43aa0e-15a0-4e64-b428-740ac12b3be6 has been successfully formatted.
2019-09-25 07:20:59,607 [pool-47-thread-1] INFO  ratis.ContainerStateMachine (ContainerStateMachine.java:loadSnapshot(230)) - group-740AC12B3BE6: The snapshot info is null. Setting the last applied indexto:(t:0, i:~)
2019-09-25 07:20:59,607 [pool-47-thread-1] INFO  server.RaftServerConfigKeys (ConfUtils.java:logGet(43)) - raft.server.notification.no-leader.timeout = 120s (custom)
2019-09-25 07:20:59,607 [pool-47-thread-1] INFO  server.RaftServerConfigKeys (ConfUtils.java:logGet(43)) - raft.server.log.use.memory = false (default)
2019-09-25 07:20:59,608 [pool-47-thread-1] INFO  server.RaftServerConfigKeys (ConfUtils.java:logGet(43)) - raft.server.log.purge.gap = 1000000 (custom)
2019-09-25 07:20:59,608 [pool-47-thread-1] INFO  server.RaftServerConfigKeys (ConfUtils.java:logGet(43)) - raft.server.log.appender.buffer.byte-limit = 33554432 (custom)
2019-09-25 07:20:59,608 [pool-47-thread-1] INFO  server.RaftServerConfigKeys (ConfUtils.java:logGet(43)) - raft.server.log.segment.size.max = 1048576 (custom)
2019-09-25 07:20:59,608 [pool-47-thread-1] INFO  server.RaftServerConfigKeys (ConfUtils.java:logGet(43)) - raft.server.log.segment.cache.num.max = 2 (custom)
2019-09-25 07:20:59,608 [pool-47-thread-1] INFO  segmented.SegmentedRaftLogWorker (SegmentedRaftLogWorker.java:<init>(172)) - new 46f08633-29b5-4547-ba27-3aefda386aa8@group-740AC12B3BE6-SegmentedRaftLogWorker for RaftStorage:Storage Directory /workdir/hadoop-ozone/ozonefs/target/test-dir/MiniOzoneClusterImpl-48169ae4-fc36-4fd4-bc0e-7a80f7e832d4/datanode-2/data/ratis/be43aa0e-15a0-4e64-b428-740ac12b3be6
2019-09-25 07:20:59,650 [pool-47-thread-1] INFO  server.RaftServerConfigKeys (ConfUtils.java:logGet(43)) - raft.server.log.queue.byte-limit = 2147483647 (custom)
2019-09-25 07:20:59,651 [pool-47-thread-1] INFO  server.RaftServerConfigKeys (ConfUtils.java:logGet(43)) - raft.server.log.queue.element-limit = 1024 (custom)
2019-09-25 07:20:59,651 [pool-47-thread-1] INFO  server.RaftServerConfigKeys (ConfUtils.java:logGet(43)) - raft.server.log.segment.size.max = 1048576 (custom)
2019-09-25 07:20:59,651 [pool-47-thread-1] INFO  server.RaftServerConfigKeys (ConfUtils.java:logGet(43)) - raft.server.log.preallocated.size = 16384 (custom)
2019-09-25 07:20:59,651 [pool-47-thread-1] INFO  server.RaftServerConfigKeys (ConfUtils.java:logGet(43)) - raft.server.log.write.buffer.size = 33554432 (custom)
2019-09-25 07:20:59,651 [pool-47-thread-1] INFO  server.RaftServerConfigKeys (ConfUtils.java:logGet(43)) - raft.server.log.force.sync.num = 128 (default)
2019-09-25 07:20:59,651 [pool-47-thread-1] INFO  server.RaftServerConfigKeys (ConfUtils.java:logGet(43)) - raft.server.log.statemachine.data.sync = true (default)
2019-09-25 07:20:59,652 [pool-47-thread-1] INFO  server.RaftServerConfigKeys (ConfUtils.java:logGet(43)) - raft.server.log.statemachine.data.sync.timeout = 10s (default)
2019-09-25 07:20:59,652 [pool-47-thread-1] INFO  server.RaftServerConfigKeys (ConfUtils.java:logGet(43)) - raft.server.log.statemachine.data.sync.timeout.retry = -1 (default)
2019-09-25 07:20:59,652 [pool-47-thread-1] INFO  server.RaftServerConfigKeys (ConfUtils.java:logGet(43)) - raft.server.log.statemachine.data.caching.enabled = true (custom)
2019-09-25 07:20:59,653 [pool-47-thread-1] INFO  segmented.SegmentedRaftLogWorker (SegmentedRaftLogWorker.java:lambda$new$0(132)) - 46f08633-29b5-4547-ba27-3aefda386aa8@group-740AC12B3BE6-SegmentedRaftLogWorker: flushIndex: setUnconditionally 0 -> -1
2019-09-25 07:20:59,653 [pool-47-thread-1] INFO  server.RaftServerConfigKeys (ConfUtils.java:logGet(43)) - raft.server.snapshot.auto.trigger.enabled = true (custom)
2019-09-25 07:20:59,653 [pool-47-thread-1] INFO  server.RaftServerConfigKeys (ConfUtils.java:logGet(43)) - raft.server.snapshot.auto.trigger.threshold = 10000 (custom)
2019-09-25 07:20:59,653 [pool-47-thread-1] INFO  server.RaftServerConfigKeys (ConfUtils.java:logGet(43)) - raft.server.snapshot.retention.num.files = 5 (custom)
2019-09-25 07:20:59,653 [pool-47-thread-1] INFO  server.RaftServerConfigKeys (ConfUtils.java:logGet(43)) - raft.server.retrycache.expirytime = 600000ms (custom)
2019-09-25 07:20:59,658 [pool-47-thread-1] INFO  impl.RaftServerImpl (RaftServerImpl.java:start(185)) - 46f08633-29b5-4547-ba27-3aefda386aa8@group-740AC12B3BE6: start as a follower, conf=-1: [46f08633-29b5-4547-ba27-3aefda386aa8:192.168.30.10:40516], old=null
2019-09-25 07:20:59,658 [pool-47-thread-1] INFO  impl.RaftServerImpl (RaftServerImpl.java:setRole(174)) - 46f08633-29b5-4547-ba27-3aefda386aa8@group-740AC12B3BE6: changes role from      null to FOLLOWER at term 0 for startAsFollower
2019-09-25 07:20:59,658 [pool-47-thread-1] INFO  impl.RoleInfo (RoleInfo.java:updateAndGet(143)) - 46f08633-29b5-4547-ba27-3aefda386aa8: start FollowerState
2019-09-25 07:20:59,658 [pool-47-thread-1] INFO  util.JmxRegister (JmxRegister.java:tryRegister(44)) - Successfully registered JMX Bean with object name Ratis:service=RaftServer,group=group-740AC12B3BE6,id=46f08633-29b5-4547-ba27-3aefda386aa8
2019-09-25 07:20:59,673 [RatisPipelineUtilsThread] INFO  pipeline.PipelineStateManager (PipelineStateManager.java:addPipeline(56)) - Created pipeline Pipeline[ Id: be43aa0e-15a0-4e64-b428-740ac12b3be6, Nodes: 46f08633-29b5-4547-ba27-3aefda386aa8{ip: 192.168.30.10, host: pr-hdds-1569-s62bp-3040748787, networkLocation: /default-rack, certSerialId: null}, Type:RATIS, Factor:ONE, State:OPEN]
2019-09-25 07:20:59,699 [grpc-default-executor-0] INFO  impl.RaftServerProxy (RaftServerProxy.java:addNew(89)) - b05de815-ed09-4765-b576-c9e1c2f65196: addNew group-BCF6A4D213E2:[b05de815-ed09-4765-b576-c9e1c2f65196:192.168.30.10:36348] returns group-BCF6A4D213E2:java.util.concurrent.CompletableFuture@1fdcb93[Not completed]
2019-09-25 07:20:59,701 [pool-27-thread-1] INFO  impl.RaftServerImpl (RaftServerImpl.java:<init>(95)) - b05de815-ed09-4765-b576-c9e1c2f65196: new RaftServerImpl for group-BCF6A4D213E2:[b05de815-ed09-4765-b576-c9e1c2f65196:192.168.30.10:36348] with ContainerStateMachine:uninitialized
2019-09-25 07:20:59,701 [pool-27-thread-1] INFO  server.RaftServerConfigKeys (ConfUtils.java:logGet(43)) - raft.server.rpc.timeout.min = 5s (custom)
2019-09-25 07:20:59,701 [pool-27-thread-1] INFO  server.RaftServerConfigKeys (ConfUtils.java:logGet(43)) - raft.server.rpc.timeout.max = 5200ms (custom)
2019-09-25 07:20:59,701 [pool-27-thread-1] INFO  server.RaftServerConfigKeys (ConfUtils.java:logGet(43)) - raft.server.rpcslowness.timeout = 120s (custom)
2019-09-25 07:20:59,702 [pool-27-thread-1] INFO  server.RaftServerConfigKeys (ConfUtils.java:logGet(43)) - raft.server.sleep.deviation.threshold = 300 (default)
2019-09-25 07:20:59,702 [pool-27-thread-1] INFO  server.RaftServerConfigKeys (ConfUtils.java:logGet(43)) - raft.server.log.appender.install.snapshot.enabled = false (custom)
2019-09-25 07:20:59,702 [pool-27-thread-1] INFO  impl.RaftServerImpl (ServerState.java:<init>(103)) - b05de815-ed09-4765-b576-c9e1c2f65196@group-BCF6A4D213E2: ConfigurationManager, init=-1: [b05de815-ed09-4765-b576-c9e1c2f65196:192.168.30.10:36348], old=null, confs=<EMPTY_MAP>
2019-09-25 07:20:59,702 [pool-27-thread-1] INFO  server.RaftServerConfigKeys (ConfUtils.java:logGet(43)) - raft.server.storage.dir = [/workdir/hadoop-ozone/ozonefs/target/test-dir/MiniOzoneClusterImpl-48169ae4-fc36-4fd4-bc0e-7a80f7e832d4/datanode-0/data/ratis] (custom)
2019-09-25 07:20:59,702 [pool-27-thread-1] INFO  storage.RaftStorageDirectory (RaftStorageDirectory.java:analyzeStorage(246)) - The storage directory /workdir/hadoop-ozone/ozonefs/target/test-dir/MiniOzoneClusterImpl-48169ae4-fc36-4fd4-bc0e-7a80f7e832d4/datanode-0/data/ratis/4d37bd0e-2123-4104-b896-bcf6a4d213e2 does not exist. Creating ...
2019-09-25 07:20:59,717 [pool-27-thread-1] INFO  storage.RaftStorageDirectory (RaftStorageDirectory.java:tryLock(328)) - Lock on /workdir/hadoop-ozone/ozonefs/target/test-dir/MiniOzoneClusterImpl-48169ae4-fc36-4fd4-bc0e-7a80f7e832d4/datanode-0/data/ratis/4d37bd0e-2123-4104-b896-bcf6a4d213e2/in_use.lock acquired by nodename 26726@pr-hdds-1569-s62bp-3040748787
2019-09-25 07:20:59,729 [pool-27-thread-1] INFO  storage.RaftStorage (RaftStorage.java:format(72)) - Storage directory /workdir/hadoop-ozone/ozonefs/target/test-dir/MiniOzoneClusterImpl-48169ae4-fc36-4fd4-bc0e-7a80f7e832d4/datanode-0/data/ratis/4d37bd0e-2123-4104-b896-bcf6a4d213e2 has been successfully formatted.
2019-09-25 07:20:59,729 [pool-27-thread-1] INFO  ratis.ContainerStateMachine (ContainerStateMachine.java:loadSnapshot(230)) - group-BCF6A4D213E2: The snapshot info is null. Setting the last applied indexto:(t:0, i:~)
2019-09-25 07:20:59,730 [pool-27-thread-1] INFO  server.RaftServerConfigKeys (ConfUtils.java:logGet(43)) - raft.server.notification.no-leader.timeout = 120s (custom)
2019-09-25 07:20:59,730 [pool-27-thread-1] INFO  server.RaftServerConfigKeys (ConfUtils.java:logGet(43)) - raft.server.log.use.memory = false (default)
2019-09-25 07:20:59,730 [pool-27-thread-1] INFO  server.RaftServerConfigKeys (ConfUtils.java:logGet(43)) - raft.server.log.purge.gap = 1000000 (custom)
2019-09-25 07:20:59,730 [pool-27-thread-1] INFO  server.RaftServerConfigKeys (ConfUtils.java:logGet(43)) - raft.server.log.appender.buffer.byte-limit = 33554432 (custom)
2019-09-25 07:20:59,730 [pool-27-thread-1] INFO  server.RaftServerConfigKeys (ConfUtils.java:logGet(43)) - raft.server.log.segment.size.max = 1048576 (custom)
2019-09-25 07:20:59,730 [pool-27-thread-1] INFO  server.RaftServerConfigKeys (ConfUtils.java:logGet(43)) - raft.server.log.segment.cache.num.max = 2 (custom)
2019-09-25 07:20:59,731 [pool-27-thread-1] INFO  segmented.SegmentedRaftLogWorker (SegmentedRaftLogWorker.java:<init>(172)) - new b05de815-ed09-4765-b576-c9e1c2f65196@group-BCF6A4D213E2-SegmentedRaftLogWorker for RaftStorage:Storage Directory /workdir/hadoop-ozone/ozonefs/target/test-dir/MiniOzoneClusterImpl-48169ae4-fc36-4fd4-bc0e-7a80f7e832d4/datanode-0/data/ratis/4d37bd0e-2123-4104-b896-bcf6a4d213e2
2019-09-25 07:20:59,731 [pool-27-thread-1] INFO  server.RaftServerConfigKeys (ConfUtils.java:logGet(43)) - raft.server.log.queue.byte-limit = 2147483647 (custom)
2019-09-25 07:20:59,731 [pool-27-thread-1] INFO  server.RaftServerConfigKeys (ConfUtils.java:logGet(43)) - raft.server.log.queue.element-limit = 1024 (custom)
2019-09-25 07:20:59,731 [pool-27-thread-1] INFO  server.RaftServerConfigKeys (ConfUtils.java:logGet(43)) - raft.server.log.segment.size.max = 1048576 (custom)
2019-09-25 07:20:59,731 [pool-27-thread-1] INFO  server.RaftServerConfigKeys (ConfUtils.java:logGet(43)) - raft.server.log.preallocated.size = 16384 (custom)
2019-09-25 07:20:59,731 [pool-27-thread-1] INFO  server.RaftServerConfigKeys (ConfUtils.java:logGet(43)) - raft.server.log.write.buffer.size = 33554432 (custom)
2019-09-25 07:20:59,731 [pool-27-thread-1] INFO  server.RaftServerConfigKeys (ConfUtils.java:logGet(43)) - raft.server.log.force.sync.num = 128 (default)
2019-09-25 07:20:59,731 [pool-27-thread-1] INFO  server.RaftServerConfigKeys (ConfUtils.java:logGet(43)) - raft.server.log.statemachine.data.sync = true (default)
2019-09-25 07:20:59,732 [pool-27-thread-1] INFO  server.RaftServerConfigKeys (ConfUtils.java:logGet(43)) - raft.server.log.statemachine.data.sync.timeout = 10s (default)
2019-09-25 07:20:59,732 [pool-27-thread-1] INFO  server.RaftServerConfigKeys (ConfUtils.java:logGet(43)) - raft.server.log.statemachine.data.sync.timeout.retry = -1 (default)
2019-09-25 07:20:59,732 [pool-27-thread-1] INFO  server.RaftServerConfigKeys (ConfUtils.java:logGet(43)) - raft.server.log.statemachine.data.caching.enabled = true (custom)
2019-09-25 07:20:59,732 [pool-27-thread-1] INFO  segmented.SegmentedRaftLogWorker (SegmentedRaftLogWorker.java:lambda$new$0(132)) - b05de815-ed09-4765-b576-c9e1c2f65196@group-BCF6A4D213E2-SegmentedRaftLogWorker: flushIndex: setUnconditionally 0 -> -1
2019-09-25 07:20:59,733 [pool-27-thread-1] INFO  server.RaftServerConfigKeys (ConfUtils.java:logGet(43)) - raft.server.snapshot.auto.trigger.enabled = true (custom)
2019-09-25 07:20:59,733 [pool-27-thread-1] INFO  server.RaftServerConfigKeys (ConfUtils.java:logGet(43)) - raft.server.snapshot.auto.trigger.threshold = 10000 (custom)
2019-09-25 07:20:59,733 [pool-27-thread-1] INFO  server.RaftServerConfigKeys (ConfUtils.java:logGet(43)) - raft.server.snapshot.retention.num.files = 5 (custom)
2019-09-25 07:20:59,733 [pool-27-thread-1] INFO  server.RaftServerConfigKeys (ConfUtils.java:logGet(43)) - raft.server.retrycache.expirytime = 600000ms (custom)
2019-09-25 07:20:59,737 [pool-27-thread-1] INFO  impl.RaftServerImpl (RaftServerImpl.java:start(185)) - b05de815-ed09-4765-b576-c9e1c2f65196@group-BCF6A4D213E2: start as a follower, conf=-1: [b05de815-ed09-4765-b576-c9e1c2f65196:192.168.30.10:36348], old=null
2019-09-25 07:20:59,737 [pool-27-thread-1] INFO  impl.RaftServerImpl (RaftServerImpl.java:setRole(174)) - b05de815-ed09-4765-b576-c9e1c2f65196@group-BCF6A4D213E2: changes role from      null to FOLLOWER at term 0 for startAsFollower
2019-09-25 07:20:59,738 [pool-27-thread-1] INFO  impl.RoleInfo (RoleInfo.java:updateAndGet(143)) - b05de815-ed09-4765-b576-c9e1c2f65196: start FollowerState
2019-09-25 07:20:59,738 [pool-27-thread-1] INFO  util.JmxRegister (JmxRegister.java:tryRegister(44)) - Successfully registered JMX Bean with object name Ratis:service=RaftServer,group=group-BCF6A4D213E2,id=b05de815-ed09-4765-b576-c9e1c2f65196
2019-09-25 07:20:59,768 [RatisPipelineUtilsThread] INFO  pipeline.PipelineStateManager (PipelineStateManager.java:addPipeline(56)) - Created pipeline Pipeline[ Id: 4d37bd0e-2123-4104-b896-bcf6a4d213e2, Nodes: b05de815-ed09-4765-b576-c9e1c2f65196{ip: 192.168.30.10, host: pr-hdds-1569-s62bp-3040748787, networkLocation: /default-rack, certSerialId: null}, Type:RATIS, Factor:ONE, State:OPEN]
2019-09-25 07:20:59,788 [grpc-default-executor-1] INFO  impl.RaftServerProxy (RaftServerProxy.java:addNew(89)) - f368be67-619a-45f1-9208-8e0055b252cf: addNew group-0DE6A3156899:[f368be67-619a-45f1-9208-8e0055b252cf:192.168.30.10:40542] returns group-0DE6A3156899:java.util.concurrent.CompletableFuture@603d322f[Not completed]
2019-09-25 07:20:59,795 [pool-117-thread-1] INFO  impl.RaftServerImpl (RaftServerImpl.java:<init>(95)) - f368be67-619a-45f1-9208-8e0055b252cf: new RaftServerImpl for group-0DE6A3156899:[f368be67-619a-45f1-9208-8e0055b252cf:192.168.30.10:40542] with ContainerStateMachine:uninitialized
2019-09-25 07:20:59,795 [pool-117-thread-1] INFO  server.RaftServerConfigKeys (ConfUtils.java:logGet(43)) - raft.server.rpc.timeout.min = 5s (custom)
2019-09-25 07:20:59,795 [pool-117-thread-1] INFO  server.RaftServerConfigKeys (ConfUtils.java:logGet(43)) - raft.server.rpc.timeout.max = 5200ms (custom)
2019-09-25 07:20:59,795 [pool-117-thread-1] INFO  server.RaftServerConfigKeys (ConfUtils.java:logGet(43)) - raft.server.rpcslowness.timeout = 120s (custom)
2019-09-25 07:20:59,796 [pool-117-thread-1] INFO  server.RaftServerConfigKeys (ConfUtils.java:logGet(43)) - raft.server.sleep.deviation.threshold = 300 (default)
2019-09-25 07:20:59,796 [pool-117-thread-1] INFO  server.RaftServerConfigKeys (ConfUtils.java:logGet(43)) - raft.server.log.appender.install.snapshot.enabled = false (custom)
2019-09-25 07:20:59,796 [pool-117-thread-1] INFO  impl.RaftServerImpl (ServerState.java:<init>(103)) - f368be67-619a-45f1-9208-8e0055b252cf@group-0DE6A3156899: ConfigurationManager, init=-1: [f368be67-619a-45f1-9208-8e0055b252cf:192.168.30.10:40542], old=null, confs=<EMPTY_MAP>
2019-09-25 07:20:59,796 [pool-117-thread-1] INFO  server.RaftServerConfigKeys (ConfUtils.java:logGet(43)) - raft.server.storage.dir = [/workdir/hadoop-ozone/ozonefs/target/test-dir/MiniOzoneClusterImpl-48169ae4-fc36-4fd4-bc0e-7a80f7e832d4/datanode-9/data/ratis] (custom)
2019-09-25 07:20:59,797 [pool-117-thread-1] INFO  storage.RaftStorageDirectory (RaftStorageDirectory.java:analyzeStorage(246)) - The storage directory /workdir/hadoop-ozone/ozonefs/target/test-dir/MiniOzoneClusterImpl-48169ae4-fc36-4fd4-bc0e-7a80f7e832d4/datanode-9/data/ratis/10eec2e2-8041-4004-9ce9-0de6a3156899 does not exist. Creating ...
2019-09-25 07:20:59,810 [pool-117-thread-1] INFO  storage.RaftStorageDirectory (RaftStorageDirectory.java:tryLock(328)) - Lock on /workdir/hadoop-ozone/ozonefs/target/test-dir/MiniOzoneClusterImpl-48169ae4-fc36-4fd4-bc0e-7a80f7e832d4/datanode-9/data/ratis/10eec2e2-8041-4004-9ce9-0de6a3156899/in_use.lock acquired by nodename 26726@pr-hdds-1569-s62bp-3040748787
2019-09-25 07:20:59,837 [pool-117-thread-1] INFO  storage.RaftStorage (RaftStorage.java:format(72)) - Storage directory /workdir/hadoop-ozone/ozonefs/target/test-dir/MiniOzoneClusterImpl-48169ae4-fc36-4fd4-bc0e-7a80f7e832d4/datanode-9/data/ratis/10eec2e2-8041-4004-9ce9-0de6a3156899 has been successfully formatted.
2019-09-25 07:20:59,838 [pool-117-thread-1] INFO  ratis.ContainerStateMachine (ContainerStateMachine.java:loadSnapshot(230)) - group-0DE6A3156899: The snapshot info is null. Setting the last applied indexto:(t:0, i:~)
2019-09-25 07:20:59,838 [pool-117-thread-1] INFO  server.RaftServerConfigKeys (ConfUtils.java:logGet(43)) - raft.server.notification.no-leader.timeout = 120s (custom)
2019-09-25 07:20:59,838 [pool-117-thread-1] INFO  server.RaftServerConfigKeys (ConfUtils.java:logGet(43)) - raft.server.log.use.memory = false (default)
2019-09-25 07:20:59,838 [pool-117-thread-1] INFO  server.RaftServerConfigKeys (ConfUtils.java:logGet(43)) - raft.server.log.purge.gap = 1000000 (custom)
2019-09-25 07:20:59,838 [pool-117-thread-1] INFO  server.RaftServerConfigKeys (ConfUtils.java:logGet(43)) - raft.server.log.appender.buffer.byte-limit = 33554432 (custom)
2019-09-25 07:20:59,839 [pool-117-thread-1] INFO  server.RaftServerConfigKeys (ConfUtils.java:logGet(43)) - raft.server.log.segment.size.max = 1048576 (custom)
2019-09-25 07:20:59,839 [pool-117-thread-1] INFO  server.RaftServerConfigKeys (ConfUtils.java:logGet(43)) - raft.server.log.segment.cache.num.max = 2 (custom)
2019-09-25 07:20:59,839 [pool-117-thread-1] INFO  segmented.SegmentedRaftLogWorker (SegmentedRaftLogWorker.java:<init>(172)) - new f368be67-619a-45f1-9208-8e0055b252cf@group-0DE6A3156899-SegmentedRaftLogWorker for RaftStorage:Storage Directory /workdir/hadoop-ozone/ozonefs/target/test-dir/MiniOzoneClusterImpl-48169ae4-fc36-4fd4-bc0e-7a80f7e832d4/datanode-9/data/ratis/10eec2e2-8041-4004-9ce9-0de6a3156899
2019-09-25 07:20:59,845 [pool-117-thread-1] INFO  server.RaftServerConfigKeys (ConfUtils.java:logGet(43)) - raft.server.log.queue.byte-limit = 2147483647 (custom)
2019-09-25 07:20:59,845 [pool-117-thread-1] INFO  server.RaftServerConfigKeys (ConfUtils.java:logGet(43)) - raft.server.log.queue.element-limit = 1024 (custom)
2019-09-25 07:20:59,845 [pool-117-thread-1] INFO  server.RaftServerConfigKeys (ConfUtils.java:logGet(43)) - raft.server.log.segment.size.max = 1048576 (custom)
2019-09-25 07:20:59,845 [pool-117-thread-1] INFO  server.RaftServerConfigKeys (ConfUtils.java:logGet(43)) - raft.server.log.preallocated.size = 16384 (custom)
2019-09-25 07:20:59,845 [pool-117-thread-1] INFO  server.RaftServerConfigKeys (ConfUtils.java:logGet(43)) - raft.server.log.write.buffer.size = 33554432 (custom)
2019-09-25 07:20:59,846 [pool-117-thread-1] INFO  server.RaftServerConfigKeys (ConfUtils.java:logGet(43)) - raft.server.log.force.sync.num = 128 (default)
2019-09-25 07:20:59,846 [pool-117-thread-1] INFO  server.RaftServerConfigKeys (ConfUtils.java:logGet(43)) - raft.server.log.statemachine.data.sync = true (default)
2019-09-25 07:20:59,846 [pool-117-thread-1] INFO  server.RaftServerConfigKeys (ConfUtils.java:logGet(43)) - raft.server.log.statemachine.data.sync.timeout = 10s (default)
2019-09-25 07:20:59,846 [pool-117-thread-1] INFO  server.RaftServerConfigKeys (ConfUtils.java:logGet(43)) - raft.server.log.statemachine.data.sync.timeout.retry = -1 (default)
2019-09-25 07:20:59,847 [pool-117-thread-1] INFO  server.RaftServerConfigKeys (ConfUtils.java:logGet(43)) - raft.server.log.statemachine.data.caching.enabled = true (custom)
2019-09-25 07:20:59,847 [pool-117-thread-1] INFO  segmented.SegmentedRaftLogWorker (SegmentedRaftLogWorker.java:lambda$new$0(132)) - f368be67-619a-45f1-9208-8e0055b252cf@group-0DE6A3156899-SegmentedRaftLogWorker: flushIndex: setUnconditionally 0 -> -1
2019-09-25 07:20:59,847 [pool-117-thread-1] INFO  server.RaftServerConfigKeys (ConfUtils.java:logGet(43)) - raft.server.snapshot.auto.trigger.enabled = true (custom)
2019-09-25 07:20:59,848 [pool-117-thread-1] INFO  server.RaftServerConfigKeys (ConfUtils.java:logGet(43)) - raft.server.snapshot.auto.trigger.threshold = 10000 (custom)
2019-09-25 07:20:59,848 [pool-117-thread-1] INFO  server.RaftServerConfigKeys (ConfUtils.java:logGet(43)) - raft.server.snapshot.retention.num.files = 5 (custom)
2019-09-25 07:20:59,848 [pool-117-thread-1] INFO  server.RaftServerConfigKeys (ConfUtils.java:logGet(43)) - raft.server.retrycache.expirytime = 600000ms (custom)
2019-09-25 07:20:59,853 [pool-117-thread-1] INFO  impl.RaftServerImpl (RaftServerImpl.java:start(185)) - f368be67-619a-45f1-9208-8e0055b252cf@group-0DE6A3156899: start as a follower, conf=-1: [f368be67-619a-45f1-9208-8e0055b252cf:192.168.30.10:40542], old=null
2019-09-25 07:20:59,853 [pool-117-thread-1] INFO  impl.RaftServerImpl (RaftServerImpl.java:setRole(174)) - f368be67-619a-45f1-9208-8e0055b252cf@group-0DE6A3156899: changes role from      null to FOLLOWER at term 0 for startAsFollower
2019-09-25 07:20:59,853 [pool-117-thread-1] INFO  impl.RoleInfo (RoleInfo.java:updateAndGet(143)) - f368be67-619a-45f1-9208-8e0055b252cf: start FollowerState
2019-09-25 07:20:59,854 [pool-117-thread-1] INFO  util.JmxRegister (JmxRegister.java:tryRegister(44)) - Successfully registered JMX Bean with object name Ratis:service=RaftServer,group=group-0DE6A3156899,id=f368be67-619a-45f1-9208-8e0055b252cf
2019-09-25 07:20:59,870 [RatisPipelineUtilsThread] INFO  pipeline.PipelineStateManager (PipelineStateManager.java:addPipeline(56)) - Created pipeline Pipeline[ Id: 10eec2e2-8041-4004-9ce9-0de6a3156899, Nodes: f368be67-619a-45f1-9208-8e0055b252cf{ip: 192.168.30.10, host: pr-hdds-1569-s62bp-3040748787, networkLocation: /default-rack, certSerialId: null}, Type:RATIS, Factor:ONE, State:OPEN]
2019-09-25 07:20:59,889 [grpc-default-executor-1] INFO  impl.RaftServerProxy (RaftServerProxy.java:addNew(89)) - 46f08633-29b5-4547-ba27-3aefda386aa8: addNew group-4C97708F04BB:[46f08633-29b5-4547-ba27-3aefda386aa8:192.168.30.10:40516] returns group-4C97708F04BB:java.util.concurrent.CompletableFuture@21003814[Not completed]
2019-09-25 07:20:59,891 [pool-47-thread-1] INFO  impl.RaftServerImpl (RaftServerImpl.java:<init>(95)) - 46f08633-29b5-4547-ba27-3aefda386aa8: new RaftServerImpl for group-4C97708F04BB:[46f08633-29b5-4547-ba27-3aefda386aa8:192.168.30.10:40516] with ContainerStateMachine:uninitialized
2019-09-25 07:20:59,891 [pool-47-thread-1] INFO  server.RaftServerConfigKeys (ConfUtils.java:logGet(43)) - raft.server.rpc.timeout.min = 5s (custom)
2019-09-25 07:20:59,891 [pool-47-thread-1] INFO  server.RaftServerConfigKeys (ConfUtils.java:logGet(43)) - raft.server.rpc.timeout.max = 5200ms (custom)
2019-09-25 07:20:59,891 [pool-47-thread-1] INFO  server.RaftServerConfigKeys (ConfUtils.java:logGet(43)) - raft.server.rpcslowness.timeout = 120s (custom)
2019-09-25 07:20:59,892 [pool-47-thread-1] INFO  server.RaftServerConfigKeys (ConfUtils.java:logGet(43)) - raft.server.sleep.deviation.threshold = 300 (default)
2019-09-25 07:20:59,892 [pool-47-thread-1] INFO  server.RaftServerConfigKeys (ConfUtils.java:logGet(43)) - raft.server.log.appender.install.snapshot.enabled = false (custom)
2019-09-25 07:20:59,892 [pool-47-thread-1] INFO  impl.RaftServerImpl (ServerState.java:<init>(103)) - 46f08633-29b5-4547-ba27-3aefda386aa8@group-4C97708F04BB: ConfigurationManager, init=-1: [46f08633-29b5-4547-ba27-3aefda386aa8:192.168.30.10:40516], old=null, confs=<EMPTY_MAP>
2019-09-25 07:20:59,892 [pool-47-thread-1] INFO  server.RaftServerConfigKeys (ConfUtils.java:logGet(43)) - raft.server.storage.dir = [/workdir/hadoop-ozone/ozonefs/target/test-dir/MiniOzoneClusterImpl-48169ae4-fc36-4fd4-bc0e-7a80f7e832d4/datanode-2/data/ratis] (custom)
2019-09-25 07:20:59,892 [pool-47-thread-1] INFO  storage.RaftStorageDirectory (RaftStorageDirectory.java:analyzeStorage(246)) - The storage directory /workdir/hadoop-ozone/ozonefs/target/test-dir/MiniOzoneClusterImpl-48169ae4-fc36-4fd4-bc0e-7a80f7e832d4/datanode-2/data/ratis/2e2d2102-7eb5-40d5-8cfd-4c97708f04bb does not exist. Creating ...
2019-09-25 07:20:59,917 [pool-47-thread-1] INFO  storage.RaftStorageDirectory (RaftStorageDirectory.java:tryLock(328)) - Lock on /workdir/hadoop-ozone/ozonefs/target/test-dir/MiniOzoneClusterImpl-48169ae4-fc36-4fd4-bc0e-7a80f7e832d4/datanode-2/data/ratis/2e2d2102-7eb5-40d5-8cfd-4c97708f04bb/in_use.lock acquired by nodename 26726@pr-hdds-1569-s62bp-3040748787
2019-09-25 07:20:59,930 [pool-47-thread-1] INFO  storage.RaftStorage (RaftStorage.java:format(72)) - Storage directory /workdir/hadoop-ozone/ozonefs/target/test-dir/MiniOzoneClusterImpl-48169ae4-fc36-4fd4-bc0e-7a80f7e832d4/datanode-2/data/ratis/2e2d2102-7eb5-40d5-8cfd-4c97708f04bb has been successfully formatted.
2019-09-25 07:20:59,931 [pool-47-thread-1] INFO  ratis.ContainerStateMachine (ContainerStateMachine.java:loadSnapshot(230)) - group-4C97708F04BB: The snapshot info is null. Setting the last applied indexto:(t:0, i:~)
2019-09-25 07:20:59,931 [pool-47-thread-1] INFO  server.RaftServerConfigKeys (ConfUtils.java:logGet(43)) - raft.server.notification.no-leader.timeout = 120s (custom)
2019-09-25 07:20:59,931 [pool-47-thread-1] INFO  server.RaftServerConfigKeys (ConfUtils.java:logGet(43)) - raft.server.log.use.memory = false (default)
2019-09-25 07:20:59,931 [pool-47-thread-1] INFO  server.RaftServerConfigKeys (ConfUtils.java:logGet(43)) - raft.server.log.purge.gap = 1000000 (custom)
2019-09-25 07:20:59,931 [pool-47-thread-1] INFO  server.RaftServerConfigKeys (ConfUtils.java:logGet(43)) - raft.server.log.appender.buffer.byte-limit = 33554432 (custom)
2019-09-25 07:20:59,932 [pool-47-thread-1] INFO  server.RaftServerConfigKeys (ConfUtils.java:logGet(43)) - raft.server.log.segment.size.max = 1048576 (custom)
2019-09-25 07:20:59,932 [pool-47-thread-1] INFO  server.RaftServerConfigKeys (ConfUtils.java:logGet(43)) - raft.server.log.segment.cache.num.max = 2 (custom)
2019-09-25 07:20:59,932 [pool-47-thread-1] INFO  segmented.SegmentedRaftLogWorker (SegmentedRaftLogWorker.java:<init>(172)) - new 46f08633-29b5-4547-ba27-3aefda386aa8@group-4C97708F04BB-SegmentedRaftLogWorker for RaftStorage:Storage Directory /workdir/hadoop-ozone/ozonefs/target/test-dir/MiniOzoneClusterImpl-48169ae4-fc36-4fd4-bc0e-7a80f7e832d4/datanode-2/data/ratis/2e2d2102-7eb5-40d5-8cfd-4c97708f04bb
2019-09-25 07:20:59,932 [pool-47-thread-1] INFO  server.RaftServerConfigKeys (ConfUtils.java:logGet(43)) - raft.server.log.queue.byte-limit = 2147483647 (custom)
2019-09-25 07:20:59,932 [pool-47-thread-1] INFO  server.RaftServerConfigKeys (ConfUtils.java:logGet(43)) - raft.server.log.queue.element-limit = 1024 (custom)
2019-09-25 07:20:59,932 [pool-47-thread-1] INFO  server.RaftServerConfigKeys (ConfUtils.java:logGet(43)) - raft.server.log.segment.size.max = 1048576 (custom)
2019-09-25 07:20:59,932 [pool-47-thread-1] INFO  server.RaftServerConfigKeys (ConfUtils.java:logGet(43)) - raft.server.log.preallocated.size = 16384 (custom)
2019-09-25 07:20:59,932 [pool-47-thread-1] INFO  server.RaftServerConfigKeys (ConfUtils.java:logGet(43)) - raft.server.log.write.buffer.size = 33554432 (custom)
2019-09-25 07:20:59,932 [pool-47-thread-1] INFO  server.RaftServerConfigKeys (ConfUtils.java:logGet(43)) - raft.server.log.force.sync.num = 128 (default)
2019-09-25 07:20:59,933 [pool-47-thread-1] INFO  server.RaftServerConfigKeys (ConfUtils.java:logGet(43)) - raft.server.log.statemachine.data.sync = true (default)
2019-09-25 07:20:59,933 [pool-47-thread-1] INFO  server.RaftServerConfigKeys (ConfUtils.java:logGet(43)) - raft.server.log.statemachine.data.sync.timeout = 10s (default)
2019-09-25 07:20:59,933 [pool-47-thread-1] INFO  server.RaftServerConfigKeys (ConfUtils.java:logGet(43)) - raft.server.log.statemachine.data.sync.timeout.retry = -1 (default)
2019-09-25 07:20:59,933 [pool-47-thread-1] INFO  server.RaftServerConfigKeys (ConfUtils.java:logGet(43)) - raft.server.log.statemachine.data.caching.enabled = true (custom)
2019-09-25 07:20:59,934 [pool-47-thread-1] INFO  segmented.SegmentedRaftLogWorker (SegmentedRaftLogWorker.java:lambda$new$0(132)) - 46f08633-29b5-4547-ba27-3aefda386aa8@group-4C97708F04BB-SegmentedRaftLogWorker: flushIndex: setUnconditionally 0 -> -1
2019-09-25 07:20:59,934 [pool-47-thread-1] INFO  server.RaftServerConfigKeys (ConfUtils.java:logGet(43)) - raft.server.snapshot.auto.trigger.enabled = true (custom)
2019-09-25 07:20:59,934 [pool-47-thread-1] INFO  server.RaftServerConfigKeys (ConfUtils.java:logGet(43)) - raft.server.snapshot.auto.trigger.threshold = 10000 (custom)
2019-09-25 07:20:59,934 [pool-47-thread-1] INFO  server.RaftServerConfigKeys (ConfUtils.java:logGet(43)) - raft.server.snapshot.retention.num.files = 5 (custom)
2019-09-25 07:20:59,935 [pool-47-thread-1] INFO  server.RaftServerConfigKeys (ConfUtils.java:logGet(43)) - raft.server.retrycache.expirytime = 600000ms (custom)
2019-09-25 07:20:59,940 [pool-47-thread-1] INFO  impl.RaftServerImpl (RaftServerImpl.java:start(185)) - 46f08633-29b5-4547-ba27-3aefda386aa8@group-4C97708F04BB: start as a follower, conf=-1: [46f08633-29b5-4547-ba27-3aefda386aa8:192.168.30.10:40516], old=null
2019-09-25 07:20:59,940 [pool-47-thread-1] INFO  impl.RaftServerImpl (RaftServerImpl.java:setRole(174)) - 46f08633-29b5-4547-ba27-3aefda386aa8@group-4C97708F04BB: changes role from      null to FOLLOWER at term 0 for startAsFollower
2019-09-25 07:20:59,940 [pool-47-thread-1] INFO  impl.RoleInfo (RoleInfo.java:updateAndGet(143)) - 46f08633-29b5-4547-ba27-3aefda386aa8: start FollowerState
2019-09-25 07:20:59,941 [pool-47-thread-1] INFO  util.JmxRegister (JmxRegister.java:tryRegister(44)) - Successfully registered JMX Bean with object name Ratis:service=RaftServer,group=group-4C97708F04BB,id=46f08633-29b5-4547-ba27-3aefda386aa8
2019-09-25 07:20:59,959 [RatisPipelineUtilsThread] INFO  pipeline.PipelineStateManager (PipelineStateManager.java:addPipeline(56)) - Created pipeline Pipeline[ Id: 2e2d2102-7eb5-40d5-8cfd-4c97708f04bb, Nodes: 46f08633-29b5-4547-ba27-3aefda386aa8{ip: 192.168.30.10, host: pr-hdds-1569-s62bp-3040748787, networkLocation: /default-rack, certSerialId: null}, Type:RATIS, Factor:ONE, State:OPEN]
2019-09-25 07:20:59,979 [grpc-default-executor-1] INFO  impl.RaftServerProxy (RaftServerProxy.java:addNew(89)) - 988e4f02-2728-4d94-a25f-5554bec3cdd7: addNew group-2BCE8BFE1E7B:[988e4f02-2728-4d94-a25f-5554bec3cdd7:192.168.30.10:32885] returns group-2BCE8BFE1E7B:java.util.concurrent.CompletableFuture@614f83fe[Not completed]
2019-09-25 07:20:59,988 [pool-107-thread-1] INFO  impl.RaftServerImpl (RaftServerImpl.java:<init>(95)) - 988e4f02-2728-4d94-a25f-5554bec3cdd7: new RaftServerImpl for group-2BCE8BFE1E7B:[988e4f02-2728-4d94-a25f-5554bec3cdd7:192.168.30.10:32885] with ContainerStateMachine:uninitialized
2019-09-25 07:20:59,988 [pool-107-thread-1] INFO  server.RaftServerConfigKeys (ConfUtils.java:logGet(43)) - raft.server.rpc.timeout.min = 5s (custom)
2019-09-25 07:20:59,989 [pool-107-thread-1] INFO  server.RaftServerConfigKeys (ConfUtils.java:logGet(43)) - raft.server.rpc.timeout.max = 5200ms (custom)
2019-09-25 07:20:59,989 [pool-107-thread-1] INFO  server.RaftServerConfigKeys (ConfUtils.java:logGet(43)) - raft.server.rpcslowness.timeout = 120s (custom)
2019-09-25 07:20:59,989 [pool-107-thread-1] INFO  server.RaftServerConfigKeys (ConfUtils.java:logGet(43)) - raft.server.sleep.deviation.threshold = 300 (default)
2019-09-25 07:20:59,989 [pool-107-thread-1] INFO  server.RaftServerConfigKeys (ConfUtils.java:logGet(43)) - raft.server.log.appender.install.snapshot.enabled = false (custom)
2019-09-25 07:20:59,989 [pool-107-thread-1] INFO  impl.RaftServerImpl (ServerState.java:<init>(103)) - 988e4f02-2728-4d94-a25f-5554bec3cdd7@group-2BCE8BFE1E7B: ConfigurationManager, init=-1: [988e4f02-2728-4d94-a25f-5554bec3cdd7:192.168.30.10:32885], old=null, confs=<EMPTY_MAP>
2019-09-25 07:20:59,990 [pool-107-thread-1] INFO  server.RaftServerConfigKeys (ConfUtils.java:logGet(43)) - raft.server.storage.dir = [/workdir/hadoop-ozone/ozonefs/target/test-dir/MiniOzoneClusterImpl-48169ae4-fc36-4fd4-bc0e-7a80f7e832d4/datanode-8/data/ratis] (custom)
2019-09-25 07:20:59,990 [pool-107-thread-1] INFO  storage.RaftStorageDirectory (RaftStorageDirectory.java:analyzeStorage(246)) - The storage directory /workdir/hadoop-ozone/ozonefs/target/test-dir/MiniOzoneClusterImpl-48169ae4-fc36-4fd4-bc0e-7a80f7e832d4/datanode-8/data/ratis/932f9d05-f80a-476f-afc3-2bce8bfe1e7b does not exist. Creating ...
2019-09-25 07:21:00,005 [pool-107-thread-1] INFO  storage.RaftStorageDirectory (RaftStorageDirectory.java:tryLock(328)) - Lock on /workdir/hadoop-ozone/ozonefs/target/test-dir/MiniOzoneClusterImpl-48169ae4-fc36-4fd4-bc0e-7a80f7e832d4/datanode-8/data/ratis/932f9d05-f80a-476f-afc3-2bce8bfe1e7b/in_use.lock acquired by nodename 26726@pr-hdds-1569-s62bp-3040748787
2019-09-25 07:21:00,018 [pool-107-thread-1] INFO  storage.RaftStorage (RaftStorage.java:format(72)) - Storage directory /workdir/hadoop-ozone/ozonefs/target/test-dir/MiniOzoneClusterImpl-48169ae4-fc36-4fd4-bc0e-7a80f7e832d4/datanode-8/data/ratis/932f9d05-f80a-476f-afc3-2bce8bfe1e7b has been successfully formatted.
2019-09-25 07:21:00,019 [pool-107-thread-1] INFO  ratis.ContainerStateMachine (ContainerStateMachine.java:loadSnapshot(230)) - group-2BCE8BFE1E7B: The snapshot info is null. Setting the last applied indexto:(t:0, i:~)
2019-09-25 07:21:00,019 [pool-107-thread-1] INFO  server.RaftServerConfigKeys (ConfUtils.java:logGet(43)) - raft.server.notification.no-leader.timeout = 120s (custom)
2019-09-25 07:21:00,019 [pool-107-thread-1] INFO  server.RaftServerConfigKeys (ConfUtils.java:logGet(43)) - raft.server.log.use.memory = false (default)
2019-09-25 07:21:00,019 [pool-107-thread-1] INFO  server.RaftServerConfigKeys (ConfUtils.java:logGet(43)) - raft.server.log.purge.gap = 1000000 (custom)
2019-09-25 07:21:00,019 [pool-107-thread-1] INFO  server.RaftServerConfigKeys (ConfUtils.java:logGet(43)) - raft.server.log.appender.buffer.byte-limit = 33554432 (custom)
2019-09-25 07:21:00,020 [pool-107-thread-1] INFO  server.RaftServerConfigKeys (ConfUtils.java:logGet(43)) - raft.server.log.segment.size.max = 1048576 (custom)
2019-09-25 07:21:00,020 [pool-107-thread-1] INFO  server.RaftServerConfigKeys (ConfUtils.java:logGet(43)) - raft.server.log.segment.cache.num.max = 2 (custom)
2019-09-25 07:21:00,020 [pool-107-thread-1] INFO  segmented.SegmentedRaftLogWorker (SegmentedRaftLogWorker.java:<init>(172)) - new 988e4f02-2728-4d94-a25f-5554bec3cdd7@group-2BCE8BFE1E7B-SegmentedRaftLogWorker for RaftStorage:Storage Directory /workdir/hadoop-ozone/ozonefs/target/test-dir/MiniOzoneClusterImpl-48169ae4-fc36-4fd4-bc0e-7a80f7e832d4/datanode-8/data/ratis/932f9d05-f80a-476f-afc3-2bce8bfe1e7b
2019-09-25 07:21:00,024 [pool-107-thread-1] INFO  server.RaftServerConfigKeys (ConfUtils.java:logGet(43)) - raft.server.log.queue.byte-limit = 2147483647 (custom)
2019-09-25 07:21:00,024 [pool-107-thread-1] INFO  server.RaftServerConfigKeys (ConfUtils.java:logGet(43)) - raft.server.log.queue.element-limit = 1024 (custom)
2019-09-25 07:21:00,024 [pool-107-thread-1] INFO  server.RaftServerConfigKeys (ConfUtils.java:logGet(43)) - raft.server.log.segment.size.max = 1048576 (custom)
2019-09-25 07:21:00,024 [pool-107-thread-1] INFO  server.RaftServerConfigKeys (ConfUtils.java:logGet(43)) - raft.server.log.preallocated.size = 16384 (custom)
2019-09-25 07:21:00,025 [pool-107-thread-1] INFO  server.RaftServerConfigKeys (ConfUtils.java:logGet(43)) - raft.server.log.write.buffer.size = 33554432 (custom)
2019-09-25 07:21:00,025 [pool-107-thread-1] INFO  server.RaftServerConfigKeys (ConfUtils.java:logGet(43)) - raft.server.log.force.sync.num = 128 (default)
2019-09-25 07:21:00,025 [pool-107-thread-1] INFO  server.RaftServerConfigKeys (ConfUtils.java:logGet(43)) - raft.server.log.statemachine.data.sync = true (default)
2019-09-25 07:21:00,025 [pool-107-thread-1] INFO  server.RaftServerConfigKeys (ConfUtils.java:logGet(43)) - raft.server.log.statemachine.data.sync.timeout = 10s (default)
2019-09-25 07:21:00,025 [pool-107-thread-1] INFO  server.RaftServerConfigKeys (ConfUtils.java:logGet(43)) - raft.server.log.statemachine.data.sync.timeout.retry = -1 (default)
2019-09-25 07:21:00,026 [pool-107-thread-1] INFO  server.RaftServerConfigKeys (ConfUtils.java:logGet(43)) - raft.server.log.statemachine.data.caching.enabled = true (custom)
2019-09-25 07:21:00,026 [pool-107-thread-1] INFO  segmented.SegmentedRaftLogWorker (SegmentedRaftLogWorker.java:lambda$new$0(132)) - 988e4f02-2728-4d94-a25f-5554bec3cdd7@group-2BCE8BFE1E7B-SegmentedRaftLogWorker: flushIndex: setUnconditionally 0 -> -1
2019-09-25 07:21:00,026 [pool-107-thread-1] INFO  server.RaftServerConfigKeys (ConfUtils.java:logGet(43)) - raft.server.snapshot.auto.trigger.enabled = true (custom)
2019-09-25 07:21:00,027 [pool-107-thread-1] INFO  server.RaftServerConfigKeys (ConfUtils.java:logGet(43)) - raft.server.snapshot.auto.trigger.threshold = 10000 (custom)
2019-09-25 07:21:00,027 [pool-107-thread-1] INFO  server.RaftServerConfigKeys (ConfUtils.java:logGet(43)) - raft.server.snapshot.retention.num.files = 5 (custom)
2019-09-25 07:21:00,027 [pool-107-thread-1] INFO  server.RaftServerConfigKeys (ConfUtils.java:logGet(43)) - raft.server.retrycache.expirytime = 600000ms (custom)
2019-09-25 07:21:00,030 [pool-107-thread-1] INFO  impl.RaftServerImpl (RaftServerImpl.java:start(185)) - 988e4f02-2728-4d94-a25f-5554bec3cdd7@group-2BCE8BFE1E7B: start as a follower, conf=-1: [988e4f02-2728-4d94-a25f-5554bec3cdd7:192.168.30.10:32885], old=null
2019-09-25 07:21:00,031 [pool-107-thread-1] INFO  impl.RaftServerImpl (RaftServerImpl.java:setRole(174)) - 988e4f02-2728-4d94-a25f-5554bec3cdd7@group-2BCE8BFE1E7B: changes role from      null to FOLLOWER at term 0 for startAsFollower
2019-09-25 07:21:00,031 [pool-107-thread-1] INFO  impl.RoleInfo (RoleInfo.java:updateAndGet(143)) - 988e4f02-2728-4d94-a25f-5554bec3cdd7: start FollowerState
2019-09-25 07:21:00,031 [pool-107-thread-1] INFO  util.JmxRegister (JmxRegister.java:tryRegister(44)) - Successfully registered JMX Bean with object name Ratis:service=RaftServer,group=group-2BCE8BFE1E7B,id=988e4f02-2728-4d94-a25f-5554bec3cdd7
2019-09-25 07:21:00,058 [main] INFO  ozone.MiniOzoneClusterImpl (MiniOzoneClusterImpl.java:lambda$waitForClusterToBeReady$0(147)) - Cluster is ready. Got 10 of 10 DN Heartbeats.
2019-09-25 07:21:00,058 [RatisPipelineUtilsThread] INFO  pipeline.PipelineStateManager (PipelineStateManager.java:addPipeline(56)) - Created pipeline Pipeline[ Id: 932f9d05-f80a-476f-afc3-2bce8bfe1e7b, Nodes: 988e4f02-2728-4d94-a25f-5554bec3cdd7{ip: 192.168.30.10, host: pr-hdds-1569-s62bp-3040748787, networkLocation: /default-rack, certSerialId: null}, Type:RATIS, Factor:ONE, State:OPEN]
2019-09-25 07:21:00,081 [grpc-default-executor-1] INFO  impl.RaftServerProxy (RaftServerProxy.java:addNew(89)) - b05de815-ed09-4765-b576-c9e1c2f65196: addNew group-19FFA3EC08C1:[b05de815-ed09-4765-b576-c9e1c2f65196:192.168.30.10:36348] returns group-19FFA3EC08C1:java.util.concurrent.CompletableFuture@28d3e9b8[Not completed]
2019-09-25 07:21:00,092 [pool-27-thread-1] INFO  impl.RaftServerImpl (RaftServerImpl.java:<init>(95)) - b05de815-ed09-4765-b576-c9e1c2f65196: new RaftServerImpl for group-19FFA3EC08C1:[b05de815-ed09-4765-b576-c9e1c2f65196:192.168.30.10:36348] with ContainerStateMachine:uninitialized
2019-09-25 07:21:00,092 [pool-27-thread-1] INFO  server.RaftServerConfigKeys (ConfUtils.java:logGet(43)) - raft.server.rpc.timeout.min = 5s (custom)
2019-09-25 07:21:00,092 [pool-27-thread-1] INFO  server.RaftServerConfigKeys (ConfUtils.java:logGet(43)) - raft.server.rpc.timeout.max = 5200ms (custom)
2019-09-25 07:21:00,092 [pool-27-thread-1] INFO  server.RaftServerConfigKeys (ConfUtils.java:logGet(43)) - raft.server.rpcslowness.timeout = 120s (custom)
2019-09-25 07:21:00,092 [pool-27-thread-1] INFO  server.RaftServerConfigKeys (ConfUtils.java:logGet(43)) - raft.server.sleep.deviation.threshold = 300 (default)
2019-09-25 07:21:00,093 [pool-27-thread-1] INFO  server.RaftServerConfigKeys (ConfUtils.java:logGet(43)) - raft.server.log.appender.install.snapshot.enabled = false (custom)
2019-09-25 07:21:00,093 [pool-27-thread-1] INFO  impl.RaftServerImpl (ServerState.java:<init>(103)) - b05de815-ed09-4765-b576-c9e1c2f65196@group-19FFA3EC08C1: ConfigurationManager, init=-1: [b05de815-ed09-4765-b576-c9e1c2f65196:192.168.30.10:36348], old=null, confs=<EMPTY_MAP>
2019-09-25 07:21:00,093 [pool-27-thread-1] INFO  server.RaftServerConfigKeys (ConfUtils.java:logGet(43)) - raft.server.storage.dir = [/workdir/hadoop-ozone/ozonefs/target/test-dir/MiniOzoneClusterImpl-48169ae4-fc36-4fd4-bc0e-7a80f7e832d4/datanode-0/data/ratis] (custom)
2019-09-25 07:21:00,093 [pool-27-thread-1] INFO  storage.RaftStorageDirectory (RaftStorageDirectory.java:analyzeStorage(246)) - The storage directory /workdir/hadoop-ozone/ozonefs/target/test-dir/MiniOzoneClusterImpl-48169ae4-fc36-4fd4-bc0e-7a80f7e832d4/datanode-0/data/ratis/30d5d6de-7f94-4240-bdbb-19ffa3ec08c1 does not exist. Creating ...
2019-09-25 07:21:00,126 [pool-27-thread-1] INFO  storage.RaftStorageDirectory (RaftStorageDirectory.java:tryLock(328)) - Lock on /workdir/hadoop-ozone/ozonefs/target/test-dir/MiniOzoneClusterImpl-48169ae4-fc36-4fd4-bc0e-7a80f7e832d4/datanode-0/data/ratis/30d5d6de-7f94-4240-bdbb-19ffa3ec08c1/in_use.lock acquired by nodename 26726@pr-hdds-1569-s62bp-3040748787
2019-09-25 07:21:00,138 [pool-27-thread-1] INFO  storage.RaftStorage (RaftStorage.java:format(72)) - Storage directory /workdir/hadoop-ozone/ozonefs/target/test-dir/MiniOzoneClusterImpl-48169ae4-fc36-4fd4-bc0e-7a80f7e832d4/datanode-0/data/ratis/30d5d6de-7f94-4240-bdbb-19ffa3ec08c1 has been successfully formatted.
2019-09-25 07:21:00,139 [pool-27-thread-1] INFO  ratis.ContainerStateMachine (ContainerStateMachine.java:loadSnapshot(230)) - group-19FFA3EC08C1: The snapshot info is null. Setting the last applied indexto:(t:0, i:~)
2019-09-25 07:21:00,139 [pool-27-thread-1] INFO  server.RaftServerConfigKeys (ConfUtils.java:logGet(43)) - raft.server.notification.no-leader.timeout = 120s (custom)
2019-09-25 07:21:00,139 [pool-27-thread-1] INFO  server.RaftServerConfigKeys (ConfUtils.java:logGet(43)) - raft.server.log.use.memory = false (default)
2019-09-25 07:21:00,139 [pool-27-thread-1] INFO  server.RaftServerConfigKeys (ConfUtils.java:logGet(43)) - raft.server.log.purge.gap = 1000000 (custom)
2019-09-25 07:21:00,140 [pool-27-thread-1] INFO  server.RaftServerConfigKeys (ConfUtils.java:logGet(43)) - raft.server.log.appender.buffer.byte-limit = 33554432 (custom)
2019-09-25 07:21:00,140 [pool-27-thread-1] INFO  server.RaftServerConfigKeys (ConfUtils.java:logGet(43)) - raft.server.log.segment.size.max = 1048576 (custom)
2019-09-25 07:21:00,140 [pool-27-thread-1] INFO  server.RaftServerConfigKeys (ConfUtils.java:logGet(43)) - raft.server.log.segment.cache.num.max = 2 (custom)
2019-09-25 07:21:00,140 [pool-27-thread-1] INFO  segmented.SegmentedRaftLogWorker (SegmentedRaftLogWorker.java:<init>(172)) - new b05de815-ed09-4765-b576-c9e1c2f65196@group-19FFA3EC08C1-SegmentedRaftLogWorker for RaftStorage:Storage Directory /workdir/hadoop-ozone/ozonefs/target/test-dir/MiniOzoneClusterImpl-48169ae4-fc36-4fd4-bc0e-7a80f7e832d4/datanode-0/data/ratis/30d5d6de-7f94-4240-bdbb-19ffa3ec08c1
2019-09-25 07:21:00,140 [pool-27-thread-1] INFO  server.RaftServerConfigKeys (ConfUtils.java:logGet(43)) - raft.server.log.queue.byte-limit = 2147483647 (custom)
2019-09-25 07:21:00,141 [pool-27-thread-1] INFO  server.RaftServerConfigKeys (ConfUtils.java:logGet(43)) - raft.server.log.queue.element-limit = 1024 (custom)
2019-09-25 07:21:00,141 [pool-27-thread-1] INFO  server.RaftServerConfigKeys (ConfUtils.java:logGet(43)) - raft.server.log.segment.size.max = 1048576 (custom)
2019-09-25 07:21:00,141 [pool-27-thread-1] INFO  server.RaftServerConfigKeys (ConfUtils.java:logGet(43)) - raft.server.log.preallocated.size = 16384 (custom)
2019-09-25 07:21:00,141 [pool-27-thread-1] INFO  server.RaftServerConfigKeys (ConfUtils.java:logGet(43)) - raft.server.log.write.buffer.size = 33554432 (custom)
2019-09-25 07:21:00,141 [pool-27-thread-1] INFO  server.RaftServerConfigKeys (ConfUtils.java:logGet(43)) - raft.server.log.force.sync.num = 128 (default)
2019-09-25 07:21:00,141 [pool-27-thread-1] INFO  server.RaftServerConfigKeys (ConfUtils.java:logGet(43)) - raft.server.log.statemachine.data.sync = true (default)
2019-09-25 07:21:00,142 [pool-27-thread-1] INFO  server.RaftServerConfigKeys (ConfUtils.java:logGet(43)) - raft.server.log.statemachine.data.sync.timeout = 10s (default)
2019-09-25 07:21:00,142 [pool-27-thread-1] INFO  server.RaftServerConfigKeys (ConfUtils.java:logGet(43)) - raft.server.log.statemachine.data.sync.timeout.retry = -1 (default)
2019-09-25 07:21:00,142 [pool-27-thread-1] INFO  server.RaftServerConfigKeys (ConfUtils.java:logGet(43)) - raft.server.log.statemachine.data.caching.enabled = true (custom)
2019-09-25 07:21:00,142 [pool-27-thread-1] INFO  segmented.SegmentedRaftLogWorker (SegmentedRaftLogWorker.java:lambda$new$0(132)) - b05de815-ed09-4765-b576-c9e1c2f65196@group-19FFA3EC08C1-SegmentedRaftLogWorker: flushIndex: setUnconditionally 0 -> -1
2019-09-25 07:21:00,143 [pool-27-thread-1] INFO  server.RaftServerConfigKeys (ConfUtils.java:logGet(43)) - raft.server.snapshot.auto.trigger.enabled = true (custom)
2019-09-25 07:21:00,143 [pool-27-thread-1] INFO  server.RaftServerConfigKeys (ConfUtils.java:logGet(43)) - raft.server.snapshot.auto.trigger.threshold = 10000 (custom)
2019-09-25 07:21:00,143 [pool-27-thread-1] INFO  server.RaftServerConfigKeys (ConfUtils.java:logGet(43)) - raft.server.snapshot.retention.num.files = 5 (custom)
2019-09-25 07:21:00,143 [pool-27-thread-1] INFO  server.RaftServerConfigKeys (ConfUtils.java:logGet(43)) - raft.server.retrycache.expirytime = 600000ms (custom)
2019-09-25 07:21:00,151 [pool-27-thread-1] INFO  impl.RaftServerImpl (RaftServerImpl.java:start(185)) - b05de815-ed09-4765-b576-c9e1c2f65196@group-19FFA3EC08C1: start as a follower, conf=-1: [b05de815-ed09-4765-b576-c9e1c2f65196:192.168.30.10:36348], old=null
2019-09-25 07:21:00,152 [pool-27-thread-1] INFO  impl.RaftServerImpl (RaftServerImpl.java:setRole(174)) - b05de815-ed09-4765-b576-c9e1c2f65196@group-19FFA3EC08C1: changes role from      null to FOLLOWER at term 0 for startAsFollower
2019-09-25 07:21:00,152 [pool-27-thread-1] INFO  impl.RoleInfo (RoleInfo.java:updateAndGet(143)) - b05de815-ed09-4765-b576-c9e1c2f65196: start FollowerState
2019-09-25 07:21:00,152 [pool-27-thread-1] INFO  util.JmxRegister (JmxRegister.java:tryRegister(44)) - Successfully registered JMX Bean with object name Ratis:service=RaftServer,group=group-19FFA3EC08C1,id=b05de815-ed09-4765-b576-c9e1c2f65196
2019-09-25 07:21:00,179 [RatisPipelineUtilsThread] INFO  pipeline.PipelineStateManager (PipelineStateManager.java:addPipeline(56)) - Created pipeline Pipeline[ Id: 30d5d6de-7f94-4240-bdbb-19ffa3ec08c1, Nodes: b05de815-ed09-4765-b576-c9e1c2f65196{ip: 192.168.30.10, host: pr-hdds-1569-s62bp-3040748787, networkLocation: /default-rack, certSerialId: null}, Type:RATIS, Factor:ONE, State:OPEN]
2019-09-25 07:21:00,200 [grpc-default-executor-1] INFO  impl.RaftServerProxy (RaftServerProxy.java:addNew(89)) - 6bc56785-b354-47d6-aaaa-aea62bb8d052: addNew group-692C979013B2:[6bc56785-b354-47d6-aaaa-aea62bb8d052:192.168.30.10:40140] returns group-692C979013B2:java.util.concurrent.CompletableFuture@7a4befd0[Not completed]
2019-09-25 07:21:00,205 [pool-77-thread-1] INFO  impl.RaftServerImpl (RaftServerImpl.java:<init>(95)) - 6bc56785-b354-47d6-aaaa-aea62bb8d052: new RaftServerImpl for group-692C979013B2:[6bc56785-b354-47d6-aaaa-aea62bb8d052:192.168.30.10:40140] with ContainerStateMachine:uninitialized
2019-09-25 07:21:00,205 [pool-77-thread-1] INFO  server.RaftServerConfigKeys (ConfUtils.java:logGet(43)) - raft.server.rpc.timeout.min = 5s (custom)
2019-09-25 07:21:00,205 [pool-77-thread-1] INFO  server.RaftServerConfigKeys (ConfUtils.java:logGet(43)) - raft.server.rpc.timeout.max = 5200ms (custom)
2019-09-25 07:21:00,205 [pool-77-thread-1] INFO  server.RaftServerConfigKeys (ConfUtils.java:logGet(43)) - raft.server.rpcslowness.timeout = 120s (custom)
2019-09-25 07:21:00,206 [pool-77-thread-1] INFO  server.RaftServerConfigKeys (ConfUtils.java:logGet(43)) - raft.server.sleep.deviation.threshold = 300 (default)
2019-09-25 07:21:00,206 [pool-77-thread-1] INFO  server.RaftServerConfigKeys (ConfUtils.java:logGet(43)) - raft.server.log.appender.install.snapshot.enabled = false (custom)
2019-09-25 07:21:00,206 [pool-77-thread-1] INFO  impl.RaftServerImpl (ServerState.java:<init>(103)) - 6bc56785-b354-47d6-aaaa-aea62bb8d052@group-692C979013B2: ConfigurationManager, init=-1: [6bc56785-b354-47d6-aaaa-aea62bb8d052:192.168.30.10:40140], old=null, confs=<EMPTY_MAP>
2019-09-25 07:21:00,206 [pool-77-thread-1] INFO  server.RaftServerConfigKeys (ConfUtils.java:logGet(43)) - raft.server.storage.dir = [/workdir/hadoop-ozone/ozonefs/target/test-dir/MiniOzoneClusterImpl-48169ae4-fc36-4fd4-bc0e-7a80f7e832d4/datanode-5/data/ratis] (custom)
2019-09-25 07:21:00,207 [pool-77-thread-1] INFO  storage.RaftStorageDirectory (RaftStorageDirectory.java:analyzeStorage(246)) - The storage directory /workdir/hadoop-ozone/ozonefs/target/test-dir/MiniOzoneClusterImpl-48169ae4-fc36-4fd4-bc0e-7a80f7e832d4/datanode-5/data/ratis/e4e15273-c773-4f96-91e7-692c979013b2 does not exist. Creating ...
2019-09-25 07:21:00,219 [pool-77-thread-1] INFO  storage.RaftStorageDirectory (RaftStorageDirectory.java:tryLock(328)) - Lock on /workdir/hadoop-ozone/ozonefs/target/test-dir/MiniOzoneClusterImpl-48169ae4-fc36-4fd4-bc0e-7a80f7e832d4/datanode-5/data/ratis/e4e15273-c773-4f96-91e7-692c979013b2/in_use.lock acquired by nodename 26726@pr-hdds-1569-s62bp-3040748787
2019-09-25 07:21:00,233 [pool-77-thread-1] INFO  storage.RaftStorage (RaftStorage.java:format(72)) - Storage directory /workdir/hadoop-ozone/ozonefs/target/test-dir/MiniOzoneClusterImpl-48169ae4-fc36-4fd4-bc0e-7a80f7e832d4/datanode-5/data/ratis/e4e15273-c773-4f96-91e7-692c979013b2 has been successfully formatted.
2019-09-25 07:21:00,233 [pool-77-thread-1] INFO  ratis.ContainerStateMachine (ContainerStateMachine.java:loadSnapshot(230)) - group-692C979013B2: The snapshot info is null. Setting the last applied indexto:(t:0, i:~)
2019-09-25 07:21:00,233 [pool-77-thread-1] INFO  server.RaftServerConfigKeys (ConfUtils.java:logGet(43)) - raft.server.notification.no-leader.timeout = 120s (custom)
2019-09-25 07:21:00,233 [pool-77-thread-1] INFO  server.RaftServerConfigKeys (ConfUtils.java:logGet(43)) - raft.server.log.use.memory = false (default)
2019-09-25 07:21:00,233 [pool-77-thread-1] INFO  server.RaftServerConfigKeys (ConfUtils.java:logGet(43)) - raft.server.log.purge.gap = 1000000 (custom)
2019-09-25 07:21:00,234 [pool-77-thread-1] INFO  server.RaftServerConfigKeys (ConfUtils.java:logGet(43)) - raft.server.log.appender.buffer.byte-limit = 33554432 (custom)
2019-09-25 07:21:00,234 [pool-77-thread-1] INFO  server.RaftServerConfigKeys (ConfUtils.java:logGet(43)) - raft.server.log.segment.size.max = 1048576 (custom)
2019-09-25 07:21:00,234 [pool-77-thread-1] INFO  server.RaftServerConfigKeys (ConfUtils.java:logGet(43)) - raft.server.log.segment.cache.num.max = 2 (custom)
2019-09-25 07:21:00,238 [pool-77-thread-1] INFO  segmented.SegmentedRaftLogWorker (SegmentedRaftLogWorker.java:<init>(172)) - new 6bc56785-b354-47d6-aaaa-aea62bb8d052@group-692C979013B2-SegmentedRaftLogWorker for RaftStorage:Storage Directory /workdir/hadoop-ozone/ozonefs/target/test-dir/MiniOzoneClusterImpl-48169ae4-fc36-4fd4-bc0e-7a80f7e832d4/datanode-5/data/ratis/e4e15273-c773-4f96-91e7-692c979013b2
2019-09-25 07:21:00,238 [pool-77-thread-1] INFO  server.RaftServerConfigKeys (ConfUtils.java:logGet(43)) - raft.server.log.queue.byte-limit = 2147483647 (custom)
2019-09-25 07:21:00,239 [pool-77-thread-1] INFO  server.RaftServerConfigKeys (ConfUtils.java:logGet(43)) - raft.server.log.queue.element-limit = 1024 (custom)
2019-09-25 07:21:00,239 [pool-77-thread-1] INFO  server.RaftServerConfigKeys (ConfUtils.java:logGet(43)) - raft.server.log.segment.size.max = 1048576 (custom)
2019-09-25 07:21:00,239 [pool-77-thread-1] INFO  server.RaftServerConfigKeys (ConfUtils.java:logGet(43)) - raft.server.log.preallocated.size = 16384 (custom)
2019-09-25 07:21:00,239 [pool-77-thread-1] INFO  server.RaftServerConfigKeys (ConfUtils.java:logGet(43)) - raft.server.log.write.buffer.size = 33554432 (custom)
2019-09-25 07:21:00,239 [pool-77-thread-1] INFO  server.RaftServerConfigKeys (ConfUtils.java:logGet(43)) - raft.server.log.force.sync.num = 128 (default)
2019-09-25 07:21:00,240 [pool-77-thread-1] INFO  server.RaftServerConfigKeys (ConfUtils.java:logGet(43)) - raft.server.log.statemachine.data.sync = true (default)
2019-09-25 07:21:00,240 [pool-77-thread-1] INFO  server.RaftServerConfigKeys (ConfUtils.java:logGet(43)) - raft.server.log.statemachine.data.sync.timeout = 10s (default)
2019-09-25 07:21:00,240 [pool-77-thread-1] INFO  server.RaftServerConfigKeys (ConfUtils.java:logGet(43)) - raft.server.log.statemachine.data.sync.timeout.retry = -1 (default)
2019-09-25 07:21:00,240 [pool-77-thread-1] INFO  server.RaftServerConfigKeys (ConfUtils.java:logGet(43)) - raft.server.log.statemachine.data.caching.enabled = true (custom)
2019-09-25 07:21:00,241 [pool-77-thread-1] INFO  segmented.SegmentedRaftLogWorker (SegmentedRaftLogWorker.java:lambda$new$0(132)) - 6bc56785-b354-47d6-aaaa-aea62bb8d052@group-692C979013B2-SegmentedRaftLogWorker: flushIndex: setUnconditionally 0 -> -1
2019-09-25 07:21:00,241 [pool-77-thread-1] INFO  server.RaftServerConfigKeys (ConfUtils.java:logGet(43)) - raft.server.snapshot.auto.trigger.enabled = true (custom)
2019-09-25 07:21:00,241 [pool-77-thread-1] INFO  server.RaftServerConfigKeys (ConfUtils.java:logGet(43)) - raft.server.snapshot.auto.trigger.threshold = 10000 (custom)
2019-09-25 07:21:00,241 [pool-77-thread-1] INFO  server.RaftServerConfigKeys (ConfUtils.java:logGet(43)) - raft.server.snapshot.retention.num.files = 5 (custom)
2019-09-25 07:21:00,242 [pool-77-thread-1] INFO  server.RaftServerConfigKeys (ConfUtils.java:logGet(43)) - raft.server.retrycache.expirytime = 600000ms (custom)
2019-09-25 07:21:00,245 [pool-77-thread-1] INFO  impl.RaftServerImpl (RaftServerImpl.java:start(185)) - 6bc56785-b354-47d6-aaaa-aea62bb8d052@group-692C979013B2: start as a follower, conf=-1: [6bc56785-b354-47d6-aaaa-aea62bb8d052:192.168.30.10:40140], old=null
2019-09-25 07:21:00,245 [pool-77-thread-1] INFO  impl.RaftServerImpl (RaftServerImpl.java:setRole(174)) - 6bc56785-b354-47d6-aaaa-aea62bb8d052@group-692C979013B2: changes role from      null to FOLLOWER at term 0 for startAsFollower
2019-09-25 07:21:00,245 [pool-77-thread-1] INFO  impl.RoleInfo (RoleInfo.java:updateAndGet(143)) - 6bc56785-b354-47d6-aaaa-aea62bb8d052: start FollowerState
2019-09-25 07:21:00,246 [pool-77-thread-1] INFO  util.JmxRegister (JmxRegister.java:tryRegister(44)) - Successfully registered JMX Bean with object name Ratis:service=RaftServer,group=group-692C979013B2,id=6bc56785-b354-47d6-aaaa-aea62bb8d052
2019-09-25 07:21:00,264 [RatisPipelineUtilsThread] INFO  pipeline.PipelineStateManager (PipelineStateManager.java:addPipeline(56)) - Created pipeline Pipeline[ Id: e4e15273-c773-4f96-91e7-692c979013b2, Nodes: 6bc56785-b354-47d6-aaaa-aea62bb8d052{ip: 192.168.30.10, host: pr-hdds-1569-s62bp-3040748787, networkLocation: /default-rack, certSerialId: null}, Type:RATIS, Factor:ONE, State:OPEN]
2019-09-25 07:21:00,293 [grpc-default-executor-1] INFO  impl.RaftServerProxy (RaftServerProxy.java:addNew(89)) - f368be67-619a-45f1-9208-8e0055b252cf: addNew group-9F1367A71306:[f368be67-619a-45f1-9208-8e0055b252cf:192.168.30.10:40542] returns group-9F1367A71306:java.util.concurrent.CompletableFuture@724855e0[Not completed]
2019-09-25 07:21:00,296 [pool-117-thread-1] INFO  impl.RaftServerImpl (RaftServerImpl.java:<init>(95)) - f368be67-619a-45f1-9208-8e0055b252cf: new RaftServerImpl for group-9F1367A71306:[f368be67-619a-45f1-9208-8e0055b252cf:192.168.30.10:40542] with ContainerStateMachine:uninitialized
2019-09-25 07:21:00,297 [pool-117-thread-1] INFO  server.RaftServerConfigKeys (ConfUtils.java:logGet(43)) - raft.server.rpc.timeout.min = 5s (custom)
2019-09-25 07:21:00,297 [pool-117-thread-1] INFO  server.RaftServerConfigKeys (ConfUtils.java:logGet(43)) - raft.server.rpc.timeout.max = 5200ms (custom)
2019-09-25 07:21:00,297 [pool-117-thread-1] INFO  server.RaftServerConfigKeys (ConfUtils.java:logGet(43)) - raft.server.rpcslowness.timeout = 120s (custom)
2019-09-25 07:21:00,297 [pool-117-thread-1] INFO  server.RaftServerConfigKeys (ConfUtils.java:logGet(43)) - raft.server.sleep.deviation.threshold = 300 (default)
2019-09-25 07:21:00,297 [pool-117-thread-1] INFO  server.RaftServerConfigKeys (ConfUtils.java:logGet(43)) - raft.server.log.appender.install.snapshot.enabled = false (custom)
2019-09-25 07:21:00,298 [pool-117-thread-1] INFO  impl.RaftServerImpl (ServerState.java:<init>(103)) - f368be67-619a-45f1-9208-8e0055b252cf@group-9F1367A71306: ConfigurationManager, init=-1: [f368be67-619a-45f1-9208-8e0055b252cf:192.168.30.10:40542], old=null, confs=<EMPTY_MAP>
2019-09-25 07:21:00,298 [pool-117-thread-1] INFO  server.RaftServerConfigKeys (ConfUtils.java:logGet(43)) - raft.server.storage.dir = [/workdir/hadoop-ozone/ozonefs/target/test-dir/MiniOzoneClusterImpl-48169ae4-fc36-4fd4-bc0e-7a80f7e832d4/datanode-9/data/ratis] (custom)
2019-09-25 07:21:00,298 [pool-117-thread-1] INFO  storage.RaftStorageDirectory (RaftStorageDirectory.java:analyzeStorage(246)) - The storage directory /workdir/hadoop-ozone/ozonefs/target/test-dir/MiniOzoneClusterImpl-48169ae4-fc36-4fd4-bc0e-7a80f7e832d4/datanode-9/data/ratis/b7688251-cd96-4cb5-a85a-9f1367a71306 does not exist. Creating ...
2019-09-25 07:21:00,313 [pool-117-thread-1] INFO  storage.RaftStorageDirectory (RaftStorageDirectory.java:tryLock(328)) - Lock on /workdir/hadoop-ozone/ozonefs/target/test-dir/MiniOzoneClusterImpl-48169ae4-fc36-4fd4-bc0e-7a80f7e832d4/datanode-9/data/ratis/b7688251-cd96-4cb5-a85a-9f1367a71306/in_use.lock acquired by nodename 26726@pr-hdds-1569-s62bp-3040748787
2019-09-25 07:21:00,326 [pool-117-thread-1] INFO  storage.RaftStorage (RaftStorage.java:format(72)) - Storage directory /workdir/hadoop-ozone/ozonefs/target/test-dir/MiniOzoneClusterImpl-48169ae4-fc36-4fd4-bc0e-7a80f7e832d4/datanode-9/data/ratis/b7688251-cd96-4cb5-a85a-9f1367a71306 has been successfully formatted.
2019-09-25 07:21:00,327 [pool-117-thread-1] INFO  ratis.ContainerStateMachine (ContainerStateMachine.java:loadSnapshot(230)) - group-9F1367A71306: The snapshot info is null. Setting the last applied indexto:(t:0, i:~)
2019-09-25 07:21:00,327 [pool-117-thread-1] INFO  server.RaftServerConfigKeys (ConfUtils.java:logGet(43)) - raft.server.notification.no-leader.timeout = 120s (custom)
2019-09-25 07:21:00,327 [pool-117-thread-1] INFO  server.RaftServerConfigKeys (ConfUtils.java:logGet(43)) - raft.server.log.use.memory = false (default)
2019-09-25 07:21:00,327 [pool-117-thread-1] INFO  server.RaftServerConfigKeys (ConfUtils.java:logGet(43)) - raft.server.log.purge.gap = 1000000 (custom)
2019-09-25 07:21:00,327 [pool-117-thread-1] INFO  server.RaftServerConfigKeys (ConfUtils.java:logGet(43)) - raft.server.log.appender.buffer.byte-limit = 33554432 (custom)
2019-09-25 07:21:00,328 [pool-117-thread-1] INFO  server.RaftServerConfigKeys (ConfUtils.java:logGet(43)) - raft.server.log.segment.size.max = 1048576 (custom)
2019-09-25 07:21:00,328 [pool-117-thread-1] INFO  server.RaftServerConfigKeys (ConfUtils.java:logGet(43)) - raft.server.log.segment.cache.num.max = 2 (custom)
2019-09-25 07:21:00,328 [pool-117-thread-1] INFO  segmented.SegmentedRaftLogWorker (SegmentedRaftLogWorker.java:<init>(172)) - new f368be67-619a-45f1-9208-8e0055b252cf@group-9F1367A71306-SegmentedRaftLogWorker for RaftStorage:Storage Directory /workdir/hadoop-ozone/ozonefs/target/test-dir/MiniOzoneClusterImpl-48169ae4-fc36-4fd4-bc0e-7a80f7e832d4/datanode-9/data/ratis/b7688251-cd96-4cb5-a85a-9f1367a71306
2019-09-25 07:21:00,328 [pool-117-thread-1] INFO  server.RaftServerConfigKeys (ConfUtils.java:logGet(43)) - raft.server.log.queue.byte-limit = 2147483647 (custom)
2019-09-25 07:21:00,328 [pool-117-thread-1] INFO  server.RaftServerConfigKeys (ConfUtils.java:logGet(43)) - raft.server.log.queue.element-limit = 1024 (custom)
2019-09-25 07:21:00,329 [pool-117-thread-1] INFO  server.RaftServerConfigKeys (ConfUtils.java:logGet(43)) - raft.server.log.segment.size.max = 1048576 (custom)
2019-09-25 07:21:00,329 [pool-117-thread-1] INFO  server.RaftServerConfigKeys (ConfUtils.java:logGet(43)) - raft.server.log.preallocated.size = 16384 (custom)
2019-09-25 07:21:00,329 [pool-117-thread-1] INFO  server.RaftServerConfigKeys (ConfUtils.java:logGet(43)) - raft.server.log.write.buffer.size = 33554432 (custom)
2019-09-25 07:21:00,329 [pool-117-thread-1] INFO  server.RaftServerConfigKeys (ConfUtils.java:logGet(43)) - raft.server.log.force.sync.num = 128 (default)
2019-09-25 07:21:00,329 [pool-117-thread-1] INFO  server.RaftServerConfigKeys (ConfUtils.java:logGet(43)) - raft.server.log.statemachine.data.sync = true (default)
2019-09-25 07:21:00,329 [pool-117-thread-1] INFO  server.RaftServerConfigKeys (ConfUtils.java:logGet(43)) - raft.server.log.statemachine.data.sync.timeout = 10s (default)
2019-09-25 07:21:00,330 [pool-117-thread-1] INFO  server.RaftServerConfigKeys (ConfUtils.java:logGet(43)) - raft.server.log.statemachine.data.sync.timeout.retry = -1 (default)
2019-09-25 07:21:00,330 [pool-117-thread-1] INFO  server.RaftServerConfigKeys (ConfUtils.java:logGet(43)) - raft.server.log.statemachine.data.caching.enabled = true (custom)
2019-09-25 07:21:00,330 [pool-117-thread-1] INFO  segmented.SegmentedRaftLogWorker (SegmentedRaftLogWorker.java:lambda$new$0(132)) - f368be67-619a-45f1-9208-8e0055b252cf@group-9F1367A71306-SegmentedRaftLogWorker: flushIndex: setUnconditionally 0 -> -1
2019-09-25 07:21:00,331 [pool-117-thread-1] INFO  server.RaftServerConfigKeys (ConfUtils.java:logGet(43)) - raft.server.snapshot.auto.trigger.enabled = true (custom)
2019-09-25 07:21:00,331 [pool-117-thread-1] INFO  server.RaftServerConfigKeys (ConfUtils.java:logGet(43)) - raft.server.snapshot.auto.trigger.threshold = 10000 (custom)
2019-09-25 07:21:00,331 [pool-117-thread-1] INFO  server.RaftServerConfigKeys (ConfUtils.java:logGet(43)) - raft.server.snapshot.retention.num.files = 5 (custom)
2019-09-25 07:21:00,331 [pool-117-thread-1] INFO  server.RaftServerConfigKeys (ConfUtils.java:logGet(43)) - raft.server.retrycache.expirytime = 600000ms (custom)
2019-09-25 07:21:00,335 [pool-117-thread-1] INFO  impl.RaftServerImpl (RaftServerImpl.java:start(185)) - f368be67-619a-45f1-9208-8e0055b252cf@group-9F1367A71306: start as a follower, conf=-1: [f368be67-619a-45f1-9208-8e0055b252cf:192.168.30.10:40542], old=null
2019-09-25 07:21:00,335 [pool-117-thread-1] INFO  impl.RaftServerImpl (RaftServerImpl.java:setRole(174)) - f368be67-619a-45f1-9208-8e0055b252cf@group-9F1367A71306: changes role from      null to FOLLOWER at term 0 for startAsFollower
2019-09-25 07:21:00,335 [pool-117-thread-1] INFO  impl.RoleInfo (RoleInfo.java:updateAndGet(143)) - f368be67-619a-45f1-9208-8e0055b252cf: start FollowerState
2019-09-25 07:21:00,336 [pool-117-thread-1] INFO  util.JmxRegister (JmxRegister.java:tryRegister(44)) - Successfully registered JMX Bean with object name Ratis:service=RaftServer,group=group-9F1367A71306,id=f368be67-619a-45f1-9208-8e0055b252cf
2019-09-25 07:21:00,355 [RatisPipelineUtilsThread] INFO  pipeline.PipelineStateManager (PipelineStateManager.java:addPipeline(56)) - Created pipeline Pipeline[ Id: b7688251-cd96-4cb5-a85a-9f1367a71306, Nodes: f368be67-619a-45f1-9208-8e0055b252cf{ip: 192.168.30.10, host: pr-hdds-1569-s62bp-3040748787, networkLocation: /default-rack, certSerialId: null}, Type:RATIS, Factor:ONE, State:OPEN]
2019-09-25 07:21:00,370 [grpc-default-executor-0] INFO  impl.RaftServerProxy (RaftServerProxy.java:addNew(89)) - 790994da-c556-4bb6-9860-e4bcd35fb518: addNew group-F73AFE221D21:[790994da-c556-4bb6-9860-e4bcd35fb518:192.168.30.10:42560] returns group-F73AFE221D21:java.util.concurrent.CompletableFuture@1dce5d36[Not completed]
2019-09-25 07:21:00,376 [pool-57-thread-1] INFO  impl.RaftServerImpl (RaftServerImpl.java:<init>(95)) - 790994da-c556-4bb6-9860-e4bcd35fb518: new RaftServerImpl for group-F73AFE221D21:[790994da-c556-4bb6-9860-e4bcd35fb518:192.168.30.10:42560] with ContainerStateMachine:uninitialized
2019-09-25 07:21:00,377 [pool-57-thread-1] INFO  server.RaftServerConfigKeys (ConfUtils.java:logGet(43)) - raft.server.rpc.timeout.min = 5s (custom)
2019-09-25 07:21:00,377 [pool-57-thread-1] INFO  server.RaftServerConfigKeys (ConfUtils.java:logGet(43)) - raft.server.rpc.timeout.max = 5200ms (custom)
2019-09-25 07:21:00,377 [pool-57-thread-1] INFO  server.RaftServerConfigKeys (ConfUtils.java:logGet(43)) - raft.server.rpcslowness.timeout = 120s (custom)
2019-09-25 07:21:00,377 [pool-57-thread-1] INFO  server.RaftServerConfigKeys (ConfUtils.java:logGet(43)) - raft.server.sleep.deviation.threshold = 300 (default)
2019-09-25 07:21:00,377 [pool-57-thread-1] INFO  server.RaftServerConfigKeys (ConfUtils.java:logGet(43)) - raft.server.log.appender.install.snapshot.enabled = false (custom)
2019-09-25 07:21:00,378 [pool-57-thread-1] INFO  impl.RaftServerImpl (ServerState.java:<init>(103)) - 790994da-c556-4bb6-9860-e4bcd35fb518@group-F73AFE221D21: ConfigurationManager, init=-1: [790994da-c556-4bb6-9860-e4bcd35fb518:192.168.30.10:42560], old=null, confs=<EMPTY_MAP>
2019-09-25 07:21:00,378 [pool-57-thread-1] INFO  server.RaftServerConfigKeys (ConfUtils.java:logGet(43)) - raft.server.storage.dir = [/workdir/hadoop-ozone/ozonefs/target/test-dir/MiniOzoneClusterImpl-48169ae4-fc36-4fd4-bc0e-7a80f7e832d4/datanode-3/data/ratis] (custom)
2019-09-25 07:21:00,378 [pool-57-thread-1] INFO  storage.RaftStorageDirectory (RaftStorageDirectory.java:analyzeStorage(246)) - The storage directory /workdir/hadoop-ozone/ozonefs/target/test-dir/MiniOzoneClusterImpl-48169ae4-fc36-4fd4-bc0e-7a80f7e832d4/datanode-3/data/ratis/37557be9-b1ad-4229-9e44-f73afe221d21 does not exist. Creating ...
2019-09-25 07:21:00,391 [pool-57-thread-1] INFO  storage.RaftStorageDirectory (RaftStorageDirectory.java:tryLock(328)) - Lock on /workdir/hadoop-ozone/ozonefs/target/test-dir/MiniOzoneClusterImpl-48169ae4-fc36-4fd4-bc0e-7a80f7e832d4/datanode-3/data/ratis/37557be9-b1ad-4229-9e44-f73afe221d21/in_use.lock acquired by nodename 26726@pr-hdds-1569-s62bp-3040748787
2019-09-25 07:21:00,425 [pool-57-thread-1] INFO  storage.RaftStorage (RaftStorage.java:format(72)) - Storage directory /workdir/hadoop-ozone/ozonefs/target/test-dir/MiniOzoneClusterImpl-48169ae4-fc36-4fd4-bc0e-7a80f7e832d4/datanode-3/data/ratis/37557be9-b1ad-4229-9e44-f73afe221d21 has been successfully formatted.
2019-09-25 07:21:00,430 [pool-57-thread-1] INFO  ratis.ContainerStateMachine (ContainerStateMachine.java:loadSnapshot(230)) - group-F73AFE221D21: The snapshot info is null. Setting the last applied indexto:(t:0, i:~)
2019-09-25 07:21:00,430 [pool-57-thread-1] INFO  server.RaftServerConfigKeys (ConfUtils.java:logGet(43)) - raft.server.notification.no-leader.timeout = 120s (custom)
2019-09-25 07:21:00,430 [pool-57-thread-1] INFO  server.RaftServerConfigKeys (ConfUtils.java:logGet(43)) - raft.server.log.use.memory = false (default)
2019-09-25 07:21:00,431 [pool-57-thread-1] INFO  server.RaftServerConfigKeys (ConfUtils.java:logGet(43)) - raft.server.log.purge.gap = 1000000 (custom)
2019-09-25 07:21:00,431 [pool-57-thread-1] INFO  server.RaftServerConfigKeys (ConfUtils.java:logGet(43)) - raft.server.log.appender.buffer.byte-limit = 33554432 (custom)
2019-09-25 07:21:00,431 [pool-57-thread-1] INFO  server.RaftServerConfigKeys (ConfUtils.java:logGet(43)) - raft.server.log.segment.size.max = 1048576 (custom)
2019-09-25 07:21:00,431 [pool-57-thread-1] INFO  server.RaftServerConfigKeys (ConfUtils.java:logGet(43)) - raft.server.log.segment.cache.num.max = 2 (custom)
2019-09-25 07:21:00,431 [pool-57-thread-1] INFO  segmented.SegmentedRaftLogWorker (SegmentedRaftLogWorker.java:<init>(172)) - new 790994da-c556-4bb6-9860-e4bcd35fb518@group-F73AFE221D21-SegmentedRaftLogWorker for RaftStorage:Storage Directory /workdir/hadoop-ozone/ozonefs/target/test-dir/MiniOzoneClusterImpl-48169ae4-fc36-4fd4-bc0e-7a80f7e832d4/datanode-3/data/ratis/37557be9-b1ad-4229-9e44-f73afe221d21
2019-09-25 07:21:00,433 [pool-57-thread-1] INFO  server.RaftServerConfigKeys (ConfUtils.java:logGet(43)) - raft.server.log.queue.byte-limit = 2147483647 (custom)
2019-09-25 07:21:00,433 [pool-57-thread-1] INFO  server.RaftServerConfigKeys (ConfUtils.java:logGet(43)) - raft.server.log.queue.element-limit = 1024 (custom)
2019-09-25 07:21:00,434 [pool-57-thread-1] INFO  server.RaftServerConfigKeys (ConfUtils.java:logGet(43)) - raft.server.log.segment.size.max = 1048576 (custom)
2019-09-25 07:21:00,434 [pool-57-thread-1] INFO  server.RaftServerConfigKeys (ConfUtils.java:logGet(43)) - raft.server.log.preallocated.size = 16384 (custom)
2019-09-25 07:21:00,434 [pool-57-thread-1] INFO  server.RaftServerConfigKeys (ConfUtils.java:logGet(43)) - raft.server.log.write.buffer.size = 33554432 (custom)
2019-09-25 07:21:00,434 [pool-57-thread-1] INFO  server.RaftServerConfigKeys (ConfUtils.java:logGet(43)) - raft.server.log.force.sync.num = 128 (default)
2019-09-25 07:21:00,434 [pool-57-thread-1] INFO  server.RaftServerConfigKeys (ConfUtils.java:logGet(43)) - raft.server.log.statemachine.data.sync = true (default)
2019-09-25 07:21:00,434 [pool-57-thread-1] INFO  server.RaftServerConfigKeys (ConfUtils.java:logGet(43)) - raft.server.log.statemachine.data.sync.timeout = 10s (default)
2019-09-25 07:21:00,434 [pool-57-thread-1] INFO  server.RaftServerConfigKeys (ConfUtils.java:logGet(43)) - raft.server.log.statemachine.data.sync.timeout.retry = -1 (default)
2019-09-25 07:21:00,435 [pool-57-thread-1] INFO  server.RaftServerConfigKeys (ConfUtils.java:logGet(43)) - raft.server.log.statemachine.data.caching.enabled = true (custom)
2019-09-25 07:21:00,435 [pool-57-thread-1] INFO  segmented.SegmentedRaftLogWorker (SegmentedRaftLogWorker.java:lambda$new$0(132)) - 790994da-c556-4bb6-9860-e4bcd35fb518@group-F73AFE221D21-SegmentedRaftLogWorker: flushIndex: setUnconditionally 0 -> -1
2019-09-25 07:21:00,435 [pool-57-thread-1] INFO  server.RaftServerConfigKeys (ConfUtils.java:logGet(43)) - raft.server.snapshot.auto.trigger.enabled = true (custom)
2019-09-25 07:21:00,435 [pool-57-thread-1] INFO  server.RaftServerConfigKeys (ConfUtils.java:logGet(43)) - raft.server.snapshot.auto.trigger.threshold = 10000 (custom)
2019-09-25 07:21:00,436 [pool-57-thread-1] INFO  server.RaftServerConfigKeys (ConfUtils.java:logGet(43)) - raft.server.snapshot.retention.num.files = 5 (custom)
2019-09-25 07:21:00,436 [pool-57-thread-1] INFO  server.RaftServerConfigKeys (ConfUtils.java:logGet(43)) - raft.server.retrycache.expirytime = 600000ms (custom)
2019-09-25 07:21:00,440 [pool-57-thread-1] INFO  impl.RaftServerImpl (RaftServerImpl.java:start(185)) - 790994da-c556-4bb6-9860-e4bcd35fb518@group-F73AFE221D21: start as a follower, conf=-1: [790994da-c556-4bb6-9860-e4bcd35fb518:192.168.30.10:42560], old=null
2019-09-25 07:21:00,440 [pool-57-thread-1] INFO  impl.RaftServerImpl (RaftServerImpl.java:setRole(174)) - 790994da-c556-4bb6-9860-e4bcd35fb518@group-F73AFE221D21: changes role from      null to FOLLOWER at term 0 for startAsFollower
2019-09-25 07:21:00,440 [pool-57-thread-1] INFO  impl.RoleInfo (RoleInfo.java:updateAndGet(143)) - 790994da-c556-4bb6-9860-e4bcd35fb518: start FollowerState
2019-09-25 07:21:00,441 [pool-57-thread-1] INFO  util.JmxRegister (JmxRegister.java:tryRegister(44)) - Successfully registered JMX Bean with object name Ratis:service=RaftServer,group=group-F73AFE221D21,id=790994da-c556-4bb6-9860-e4bcd35fb518
2019-09-25 07:21:00,453 [RatisPipelineUtilsThread] INFO  pipeline.PipelineStateManager (PipelineStateManager.java:addPipeline(56)) - Created pipeline Pipeline[ Id: 37557be9-b1ad-4229-9e44-f73afe221d21, Nodes: 790994da-c556-4bb6-9860-e4bcd35fb518{ip: 192.168.30.10, host: pr-hdds-1569-s62bp-3040748787, networkLocation: /default-rack, certSerialId: null}, Type:RATIS, Factor:ONE, State:OPEN]
2019-09-25 07:21:00,465 [grpc-default-executor-0] INFO  impl.RaftServerProxy (RaftServerProxy.java:addNew(89)) - 988e4f02-2728-4d94-a25f-5554bec3cdd7: addNew group-A97073498CA2:[988e4f02-2728-4d94-a25f-5554bec3cdd7:192.168.30.10:32885] returns group-A97073498CA2:java.util.concurrent.CompletableFuture@3565dc27[Not completed]
2019-09-25 07:21:00,466 [pool-107-thread-1] INFO  impl.RaftServerImpl (RaftServerImpl.java:<init>(95)) - 988e4f02-2728-4d94-a25f-5554bec3cdd7: new RaftServerImpl for group-A97073498CA2:[988e4f02-2728-4d94-a25f-5554bec3cdd7:192.168.30.10:32885] with ContainerStateMachine:uninitialized
2019-09-25 07:21:00,467 [pool-107-thread-1] INFO  server.RaftServerConfigKeys (ConfUtils.java:logGet(43)) - raft.server.rpc.timeout.min = 5s (custom)
2019-09-25 07:21:00,467 [pool-107-thread-1] INFO  server.RaftServerConfigKeys (ConfUtils.java:logGet(43)) - raft.server.rpc.timeout.max = 5200ms (custom)
2019-09-25 07:21:00,467 [pool-107-thread-1] INFO  server.RaftServerConfigKeys (ConfUtils.java:logGet(43)) - raft.server.rpcslowness.timeout = 120s (custom)
2019-09-25 07:21:00,467 [pool-107-thread-1] INFO  server.RaftServerConfigKeys (ConfUtils.java:logGet(43)) - raft.server.sleep.deviation.threshold = 300 (default)
2019-09-25 07:21:00,467 [pool-107-thread-1] INFO  server.RaftServerConfigKeys (ConfUtils.java:logGet(43)) - raft.server.log.appender.install.snapshot.enabled = false (custom)
2019-09-25 07:21:00,467 [pool-107-thread-1] INFO  impl.RaftServerImpl (ServerState.java:<init>(103)) - 988e4f02-2728-4d94-a25f-5554bec3cdd7@group-A97073498CA2: ConfigurationManager, init=-1: [988e4f02-2728-4d94-a25f-5554bec3cdd7:192.168.30.10:32885], old=null, confs=<EMPTY_MAP>
2019-09-25 07:21:00,467 [pool-107-thread-1] INFO  server.RaftServerConfigKeys (ConfUtils.java:logGet(43)) - raft.server.storage.dir = [/workdir/hadoop-ozone/ozonefs/target/test-dir/MiniOzoneClusterImpl-48169ae4-fc36-4fd4-bc0e-7a80f7e832d4/datanode-8/data/ratis] (custom)
2019-09-25 07:21:00,468 [pool-107-thread-1] INFO  storage.RaftStorageDirectory (RaftStorageDirectory.java:analyzeStorage(246)) - The storage directory /workdir/hadoop-ozone/ozonefs/target/test-dir/MiniOzoneClusterImpl-48169ae4-fc36-4fd4-bc0e-7a80f7e832d4/datanode-8/data/ratis/8ee3416f-eb59-43f5-9e9d-a97073498ca2 does not exist. Creating ...
2019-09-25 07:21:00,480 [pool-107-thread-1] INFO  storage.RaftStorageDirectory (RaftStorageDirectory.java:tryLock(328)) - Lock on /workdir/hadoop-ozone/ozonefs/target/test-dir/MiniOzoneClusterImpl-48169ae4-fc36-4fd4-bc0e-7a80f7e832d4/datanode-8/data/ratis/8ee3416f-eb59-43f5-9e9d-a97073498ca2/in_use.lock acquired by nodename 26726@pr-hdds-1569-s62bp-3040748787
2019-09-25 07:21:00,493 [pool-107-thread-1] INFO  storage.RaftStorage (RaftStorage.java:format(72)) - Storage directory /workdir/hadoop-ozone/ozonefs/target/test-dir/MiniOzoneClusterImpl-48169ae4-fc36-4fd4-bc0e-7a80f7e832d4/datanode-8/data/ratis/8ee3416f-eb59-43f5-9e9d-a97073498ca2 has been successfully formatted.
2019-09-25 07:21:00,493 [pool-107-thread-1] INFO  ratis.ContainerStateMachine (ContainerStateMachine.java:loadSnapshot(230)) - group-A97073498CA2: The snapshot info is null. Setting the last applied indexto:(t:0, i:~)
2019-09-25 07:21:00,493 [pool-107-thread-1] INFO  server.RaftServerConfigKeys (ConfUtils.java:logGet(43)) - raft.server.notification.no-leader.timeout = 120s (custom)
2019-09-25 07:21:00,493 [pool-107-thread-1] INFO  server.RaftServerConfigKeys (ConfUtils.java:logGet(43)) - raft.server.log.use.memory = false (default)
2019-09-25 07:21:00,493 [pool-107-thread-1] INFO  server.RaftServerConfigKeys (ConfUtils.java:logGet(43)) - raft.server.log.purge.gap = 1000000 (custom)
2019-09-25 07:21:00,494 [pool-107-thread-1] INFO  server.RaftServerConfigKeys (ConfUtils.java:logGet(43)) - raft.server.log.appender.buffer.byte-limit = 33554432 (custom)
2019-09-25 07:21:00,494 [pool-107-thread-1] INFO  server.RaftServerConfigKeys (ConfUtils.java:logGet(43)) - raft.server.log.segment.size.max = 1048576 (custom)
2019-09-25 07:21:00,494 [pool-107-thread-1] INFO  server.RaftServerConfigKeys (ConfUtils.java:logGet(43)) - raft.server.log.segment.cache.num.max = 2 (custom)
2019-09-25 07:21:00,494 [pool-107-thread-1] INFO  segmented.SegmentedRaftLogWorker (SegmentedRaftLogWorker.java:<init>(172)) - new 988e4f02-2728-4d94-a25f-5554bec3cdd7@group-A97073498CA2-SegmentedRaftLogWorker for RaftStorage:Storage Directory /workdir/hadoop-ozone/ozonefs/target/test-dir/MiniOzoneClusterImpl-48169ae4-fc36-4fd4-bc0e-7a80f7e832d4/datanode-8/data/ratis/8ee3416f-eb59-43f5-9e9d-a97073498ca2
2019-09-25 07:21:00,494 [pool-107-thread-1] INFO  server.RaftServerConfigKeys (ConfUtils.java:logGet(43)) - raft.server.log.queue.byte-limit = 2147483647 (custom)
2019-09-25 07:21:00,494 [pool-107-thread-1] INFO  server.RaftServerConfigKeys (ConfUtils.java:logGet(43)) - raft.server.log.queue.element-limit = 1024 (custom)
2019-09-25 07:21:00,494 [pool-107-thread-1] INFO  server.RaftServerConfigKeys (ConfUtils.java:logGet(43)) - raft.server.log.segment.size.max = 1048576 (custom)
2019-09-25 07:21:00,494 [pool-107-thread-1] INFO  server.RaftServerConfigKeys (ConfUtils.java:logGet(43)) - raft.server.log.preallocated.size = 16384 (custom)
2019-09-25 07:21:00,495 [pool-107-thread-1] INFO  server.RaftServerConfigKeys (ConfUtils.java:logGet(43)) - raft.server.log.write.buffer.size = 33554432 (custom)
2019-09-25 07:21:00,495 [pool-107-thread-1] INFO  server.RaftServerConfigKeys (ConfUtils.java:logGet(43)) - raft.server.log.force.sync.num = 128 (default)
2019-09-25 07:21:00,495 [pool-107-thread-1] INFO  server.RaftServerConfigKeys (ConfUtils.java:logGet(43)) - raft.server.log.statemachine.data.sync = true (default)
2019-09-25 07:21:00,495 [pool-107-thread-1] INFO  server.RaftServerConfigKeys (ConfUtils.java:logGet(43)) - raft.server.log.statemachine.data.sync.timeout = 10s (default)
2019-09-25 07:21:00,495 [pool-107-thread-1] INFO  server.RaftServerConfigKeys (ConfUtils.java:logGet(43)) - raft.server.log.statemachine.data.sync.timeout.retry = -1 (default)
2019-09-25 07:21:00,495 [pool-107-thread-1] INFO  server.RaftServerConfigKeys (ConfUtils.java:logGet(43)) - raft.server.log.statemachine.data.caching.enabled = true (custom)
2019-09-25 07:21:00,496 [pool-107-thread-1] INFO  segmented.SegmentedRaftLogWorker (SegmentedRaftLogWorker.java:lambda$new$0(132)) - 988e4f02-2728-4d94-a25f-5554bec3cdd7@group-A97073498CA2-SegmentedRaftLogWorker: flushIndex: setUnconditionally 0 -> -1
2019-09-25 07:21:00,496 [pool-107-thread-1] INFO  server.RaftServerConfigKeys (ConfUtils.java:logGet(43)) - raft.server.snapshot.auto.trigger.enabled = true (custom)
2019-09-25 07:21:00,496 [pool-107-thread-1] INFO  server.RaftServerConfigKeys (ConfUtils.java:logGet(43)) - raft.server.snapshot.auto.trigger.threshold = 10000 (custom)
2019-09-25 07:21:00,496 [pool-107-thread-1] INFO  server.RaftServerConfigKeys (ConfUtils.java:logGet(43)) - raft.server.snapshot.retention.num.files = 5 (custom)
2019-09-25 07:21:00,496 [pool-107-thread-1] INFO  server.RaftServerConfigKeys (ConfUtils.java:logGet(43)) - raft.server.retrycache.expirytime = 600000ms (custom)
2019-09-25 07:21:00,498 [pool-107-thread-1] INFO  impl.RaftServerImpl (RaftServerImpl.java:start(185)) - 988e4f02-2728-4d94-a25f-5554bec3cdd7@group-A97073498CA2: start as a follower, conf=-1: [988e4f02-2728-4d94-a25f-5554bec3cdd7:192.168.30.10:32885], old=null
2019-09-25 07:21:00,499 [pool-107-thread-1] INFO  impl.RaftServerImpl (RaftServerImpl.java:setRole(174)) - 988e4f02-2728-4d94-a25f-5554bec3cdd7@group-A97073498CA2: changes role from      null to FOLLOWER at term 0 for startAsFollower
2019-09-25 07:21:00,499 [pool-107-thread-1] INFO  impl.RoleInfo (RoleInfo.java:updateAndGet(143)) - 988e4f02-2728-4d94-a25f-5554bec3cdd7: start FollowerState
2019-09-25 07:21:00,499 [pool-107-thread-1] INFO  util.JmxRegister (JmxRegister.java:tryRegister(44)) - Successfully registered JMX Bean with object name Ratis:service=RaftServer,group=group-A97073498CA2,id=988e4f02-2728-4d94-a25f-5554bec3cdd7
2019-09-25 07:21:00,510 [RatisPipelineUtilsThread] INFO  pipeline.PipelineStateManager (PipelineStateManager.java:addPipeline(56)) - Created pipeline Pipeline[ Id: 8ee3416f-eb59-43f5-9e9d-a97073498ca2, Nodes: 988e4f02-2728-4d94-a25f-5554bec3cdd7{ip: 192.168.30.10, host: pr-hdds-1569-s62bp-3040748787, networkLocation: /default-rack, certSerialId: null}, Type:RATIS, Factor:ONE, State:OPEN]
2019-09-25 07:21:00,527 [grpc-default-executor-0] INFO  impl.RaftServerProxy (RaftServerProxy.java:addNew(89)) - 3176e44e-2b1b-466b-9a7b-9faa8a8c6db1: addNew group-69AA3BF79362:[3176e44e-2b1b-466b-9a7b-9faa8a8c6db1:192.168.30.10:43320] returns group-69AA3BF79362:java.util.concurrent.CompletableFuture@3f93c078[Not completed]
2019-09-25 07:21:00,531 [pool-87-thread-1] INFO  impl.RaftServerImpl (RaftServerImpl.java:<init>(95)) - 3176e44e-2b1b-466b-9a7b-9faa8a8c6db1: new RaftServerImpl for group-69AA3BF79362:[3176e44e-2b1b-466b-9a7b-9faa8a8c6db1:192.168.30.10:43320] with ContainerStateMachine:uninitialized
2019-09-25 07:21:00,531 [pool-87-thread-1] INFO  server.RaftServerConfigKeys (ConfUtils.java:logGet(43)) - raft.server.rpc.timeout.min = 5s (custom)
2019-09-25 07:21:00,533 [pool-87-thread-1] INFO  server.RaftServerConfigKeys (ConfUtils.java:logGet(43)) - raft.server.rpc.timeout.max = 5200ms (custom)
2019-09-25 07:21:00,533 [pool-87-thread-1] INFO  server.RaftServerConfigKeys (ConfUtils.java:logGet(43)) - raft.server.rpcslowness.timeout = 120s (custom)
2019-09-25 07:21:00,533 [pool-87-thread-1] INFO  server.RaftServerConfigKeys (ConfUtils.java:logGet(43)) - raft.server.sleep.deviation.threshold = 300 (default)
2019-09-25 07:21:00,533 [pool-87-thread-1] INFO  server.RaftServerConfigKeys (ConfUtils.java:logGet(43)) - raft.server.log.appender.install.snapshot.enabled = false (custom)
2019-09-25 07:21:00,533 [pool-87-thread-1] INFO  impl.RaftServerImpl (ServerState.java:<init>(103)) - 3176e44e-2b1b-466b-9a7b-9faa8a8c6db1@group-69AA3BF79362: ConfigurationManager, init=-1: [3176e44e-2b1b-466b-9a7b-9faa8a8c6db1:192.168.30.10:43320], old=null, confs=<EMPTY_MAP>
2019-09-25 07:21:00,533 [pool-87-thread-1] INFO  server.RaftServerConfigKeys (ConfUtils.java:logGet(43)) - raft.server.storage.dir = [/workdir/hadoop-ozone/ozonefs/target/test-dir/MiniOzoneClusterImpl-48169ae4-fc36-4fd4-bc0e-7a80f7e832d4/datanode-6/data/ratis] (custom)
2019-09-25 07:21:00,534 [pool-87-thread-1] INFO  storage.RaftStorageDirectory (RaftStorageDirectory.java:analyzeStorage(246)) - The storage directory /workdir/hadoop-ozone/ozonefs/target/test-dir/MiniOzoneClusterImpl-48169ae4-fc36-4fd4-bc0e-7a80f7e832d4/datanode-6/data/ratis/1037bee3-04c0-47e5-8541-69aa3bf79362 does not exist. Creating ...
2019-09-25 07:21:00,546 [pool-87-thread-1] INFO  storage.RaftStorageDirectory (RaftStorageDirectory.java:tryLock(328)) - Lock on /workdir/hadoop-ozone/ozonefs/target/test-dir/MiniOzoneClusterImpl-48169ae4-fc36-4fd4-bc0e-7a80f7e832d4/datanode-6/data/ratis/1037bee3-04c0-47e5-8541-69aa3bf79362/in_use.lock acquired by nodename 26726@pr-hdds-1569-s62bp-3040748787
2019-09-25 07:21:00,559 [pool-87-thread-1] INFO  storage.RaftStorage (RaftStorage.java:format(72)) - Storage directory /workdir/hadoop-ozone/ozonefs/target/test-dir/MiniOzoneClusterImpl-48169ae4-fc36-4fd4-bc0e-7a80f7e832d4/datanode-6/data/ratis/1037bee3-04c0-47e5-8541-69aa3bf79362 has been successfully formatted.
2019-09-25 07:21:00,559 [pool-87-thread-1] INFO  ratis.ContainerStateMachine (ContainerStateMachine.java:loadSnapshot(230)) - group-69AA3BF79362: The snapshot info is null. Setting the last applied indexto:(t:0, i:~)
2019-09-25 07:21:00,559 [pool-87-thread-1] INFO  server.RaftServerConfigKeys (ConfUtils.java:logGet(43)) - raft.server.notification.no-leader.timeout = 120s (custom)
2019-09-25 07:21:00,560 [pool-87-thread-1] INFO  server.RaftServerConfigKeys (ConfUtils.java:logGet(43)) - raft.server.log.use.memory = false (default)
2019-09-25 07:21:00,560 [pool-87-thread-1] INFO  server.RaftServerConfigKeys (ConfUtils.java:logGet(43)) - raft.server.log.purge.gap = 1000000 (custom)
2019-09-25 07:21:00,560 [pool-87-thread-1] INFO  server.RaftServerConfigKeys (ConfUtils.java:logGet(43)) - raft.server.log.appender.buffer.byte-limit = 33554432 (custom)
2019-09-25 07:21:00,560 [pool-87-thread-1] INFO  server.RaftServerConfigKeys (ConfUtils.java:logGet(43)) - raft.server.log.segment.size.max = 1048576 (custom)
2019-09-25 07:21:00,560 [pool-87-thread-1] INFO  server.RaftServerConfigKeys (ConfUtils.java:logGet(43)) - raft.server.log.segment.cache.num.max = 2 (custom)
2019-09-25 07:21:00,560 [pool-87-thread-1] INFO  segmented.SegmentedRaftLogWorker (SegmentedRaftLogWorker.java:<init>(172)) - new 3176e44e-2b1b-466b-9a7b-9faa8a8c6db1@group-69AA3BF79362-SegmentedRaftLogWorker for RaftStorage:Storage Directory /workdir/hadoop-ozone/ozonefs/target/test-dir/MiniOzoneClusterImpl-48169ae4-fc36-4fd4-bc0e-7a80f7e832d4/datanode-6/data/ratis/1037bee3-04c0-47e5-8541-69aa3bf79362
2019-09-25 07:21:00,563 [pool-87-thread-1] INFO  server.RaftServerConfigKeys (ConfUtils.java:logGet(43)) - raft.server.log.queue.byte-limit = 2147483647 (custom)
2019-09-25 07:21:00,563 [pool-87-thread-1] INFO  server.RaftServerConfigKeys (ConfUtils.java:logGet(43)) - raft.server.log.queue.element-limit = 1024 (custom)
2019-09-25 07:21:00,563 [pool-87-thread-1] INFO  server.RaftServerConfigKeys (ConfUtils.java:logGet(43)) - raft.server.log.segment.size.max = 1048576 (custom)
2019-09-25 07:21:00,563 [pool-87-thread-1] INFO  server.RaftServerConfigKeys (ConfUtils.java:logGet(43)) - raft.server.log.preallocated.size = 16384 (custom)
2019-09-25 07:21:00,563 [pool-87-thread-1] INFO  server.RaftServerConfigKeys (ConfUtils.java:logGet(43)) - raft.server.log.write.buffer.size = 33554432 (custom)
2019-09-25 07:21:00,563 [pool-87-thread-1] INFO  server.RaftServerConfigKeys (ConfUtils.java:logGet(43)) - raft.server.log.force.sync.num = 128 (default)
2019-09-25 07:21:00,563 [pool-87-thread-1] INFO  server.RaftServerConfigKeys (ConfUtils.java:logGet(43)) - raft.server.log.statemachine.data.sync = true (default)
2019-09-25 07:21:00,563 [pool-87-thread-1] INFO  server.RaftServerConfigKeys (ConfUtils.java:logGet(43)) - raft.server.log.statemachine.data.sync.timeout = 10s (default)
2019-09-25 07:21:00,563 [pool-87-thread-1] INFO  server.RaftServerConfigKeys (ConfUtils.java:logGet(43)) - raft.server.log.statemachine.data.sync.timeout.retry = -1 (default)
2019-09-25 07:21:00,564 [pool-87-thread-1] INFO  server.RaftServerConfigKeys (ConfUtils.java:logGet(43)) - raft.server.log.statemachine.data.caching.enabled = true (custom)
2019-09-25 07:21:00,564 [pool-87-thread-1] INFO  segmented.SegmentedRaftLogWorker (SegmentedRaftLogWorker.java:lambda$new$0(132)) - 3176e44e-2b1b-466b-9a7b-9faa8a8c6db1@group-69AA3BF79362-SegmentedRaftLogWorker: flushIndex: setUnconditionally 0 -> -1
2019-09-25 07:21:00,564 [pool-87-thread-1] INFO  server.RaftServerConfigKeys (ConfUtils.java:logGet(43)) - raft.server.snapshot.auto.trigger.enabled = true (custom)
2019-09-25 07:21:00,564 [pool-87-thread-1] INFO  server.RaftServerConfigKeys (ConfUtils.java:logGet(43)) - raft.server.snapshot.auto.trigger.threshold = 10000 (custom)
2019-09-25 07:21:00,565 [pool-87-thread-1] INFO  server.RaftServerConfigKeys (ConfUtils.java:logGet(43)) - raft.server.snapshot.retention.num.files = 5 (custom)
2019-09-25 07:21:00,565 [pool-87-thread-1] INFO  server.RaftServerConfigKeys (ConfUtils.java:logGet(43)) - raft.server.retrycache.expirytime = 600000ms (custom)
2019-09-25 07:21:00,569 [pool-87-thread-1] INFO  impl.RaftServerImpl (RaftServerImpl.java:start(185)) - 3176e44e-2b1b-466b-9a7b-9faa8a8c6db1@group-69AA3BF79362: start as a follower, conf=-1: [3176e44e-2b1b-466b-9a7b-9faa8a8c6db1:192.168.30.10:43320], old=null
2019-09-25 07:21:00,570 [pool-87-thread-1] INFO  impl.RaftServerImpl (RaftServerImpl.java:setRole(174)) - 3176e44e-2b1b-466b-9a7b-9faa8a8c6db1@group-69AA3BF79362: changes role from      null to FOLLOWER at term 0 for startAsFollower
2019-09-25 07:21:00,570 [pool-87-thread-1] INFO  impl.RoleInfo (RoleInfo.java:updateAndGet(143)) - 3176e44e-2b1b-466b-9a7b-9faa8a8c6db1: start FollowerState
2019-09-25 07:21:00,570 [pool-87-thread-1] INFO  util.JmxRegister (JmxRegister.java:tryRegister(44)) - Successfully registered JMX Bean with object name Ratis:service=RaftServer,group=group-69AA3BF79362,id=3176e44e-2b1b-466b-9a7b-9faa8a8c6db1
2019-09-25 07:21:00,584 [RatisPipelineUtilsThread] INFO  pipeline.PipelineStateManager (PipelineStateManager.java:addPipeline(56)) - Created pipeline Pipeline[ Id: 1037bee3-04c0-47e5-8541-69aa3bf79362, Nodes: 3176e44e-2b1b-466b-9a7b-9faa8a8c6db1{ip: 192.168.30.10, host: pr-hdds-1569-s62bp-3040748787, networkLocation: /default-rack, certSerialId: null}, Type:RATIS, Factor:ONE, State:OPEN]
2019-09-25 07:21:00,596 [grpc-default-executor-0] INFO  impl.RaftServerProxy (RaftServerProxy.java:addNew(89)) - 790994da-c556-4bb6-9860-e4bcd35fb518: addNew group-E0F477211544:[790994da-c556-4bb6-9860-e4bcd35fb518:192.168.30.10:42560] returns group-E0F477211544:java.util.concurrent.CompletableFuture@761e5a20[Not completed]
2019-09-25 07:21:00,597 [pool-57-thread-1] INFO  impl.RaftServerImpl (RaftServerImpl.java:<init>(95)) - 790994da-c556-4bb6-9860-e4bcd35fb518: new RaftServerImpl for group-E0F477211544:[790994da-c556-4bb6-9860-e4bcd35fb518:192.168.30.10:42560] with ContainerStateMachine:uninitialized
2019-09-25 07:21:00,597 [pool-57-thread-1] INFO  server.RaftServerConfigKeys (ConfUtils.java:logGet(43)) - raft.server.rpc.timeout.min = 5s (custom)
2019-09-25 07:21:00,598 [pool-57-thread-1] INFO  server.RaftServerConfigKeys (ConfUtils.java:logGet(43)) - raft.server.rpc.timeout.max = 5200ms (custom)
2019-09-25 07:21:00,598 [pool-57-thread-1] INFO  server.RaftServerConfigKeys (ConfUtils.java:logGet(43)) - raft.server.rpcslowness.timeout = 120s (custom)
2019-09-25 07:21:00,598 [pool-57-thread-1] INFO  server.RaftServerConfigKeys (ConfUtils.java:logGet(43)) - raft.server.sleep.deviation.threshold = 300 (default)
2019-09-25 07:21:00,598 [pool-57-thread-1] INFO  server.RaftServerConfigKeys (ConfUtils.java:logGet(43)) - raft.server.log.appender.install.snapshot.enabled = false (custom)
2019-09-25 07:21:00,598 [pool-57-thread-1] INFO  impl.RaftServerImpl (ServerState.java:<init>(103)) - 790994da-c556-4bb6-9860-e4bcd35fb518@group-E0F477211544: ConfigurationManager, init=-1: [790994da-c556-4bb6-9860-e4bcd35fb518:192.168.30.10:42560], old=null, confs=<EMPTY_MAP>
2019-09-25 07:21:00,598 [pool-57-thread-1] INFO  server.RaftServerConfigKeys (ConfUtils.java:logGet(43)) - raft.server.storage.dir = [/workdir/hadoop-ozone/ozonefs/target/test-dir/MiniOzoneClusterImpl-48169ae4-fc36-4fd4-bc0e-7a80f7e832d4/datanode-3/data/ratis] (custom)
2019-09-25 07:21:00,598 [pool-57-thread-1] INFO  storage.RaftStorageDirectory (RaftStorageDirectory.java:analyzeStorage(246)) - The storage directory /workdir/hadoop-ozone/ozonefs/target/test-dir/MiniOzoneClusterImpl-48169ae4-fc36-4fd4-bc0e-7a80f7e832d4/datanode-3/data/ratis/7302b600-7f30-4881-a383-e0f477211544 does not exist. Creating ...
2019-09-25 07:21:00,611 [pool-57-thread-1] INFO  storage.RaftStorageDirectory (RaftStorageDirectory.java:tryLock(328)) - Lock on /workdir/hadoop-ozone/ozonefs/target/test-dir/MiniOzoneClusterImpl-48169ae4-fc36-4fd4-bc0e-7a80f7e832d4/datanode-3/data/ratis/7302b600-7f30-4881-a383-e0f477211544/in_use.lock acquired by nodename 26726@pr-hdds-1569-s62bp-3040748787
2019-09-25 07:21:00,625 [pool-57-thread-1] INFO  storage.RaftStorage (RaftStorage.java:format(72)) - Storage directory /workdir/hadoop-ozone/ozonefs/target/test-dir/MiniOzoneClusterImpl-48169ae4-fc36-4fd4-bc0e-7a80f7e832d4/datanode-3/data/ratis/7302b600-7f30-4881-a383-e0f477211544 has been successfully formatted.
2019-09-25 07:21:00,625 [pool-57-thread-1] INFO  ratis.ContainerStateMachine (ContainerStateMachine.java:loadSnapshot(230)) - group-E0F477211544: The snapshot info is null. Setting the last applied indexto:(t:0, i:~)
2019-09-25 07:21:00,625 [pool-57-thread-1] INFO  server.RaftServerConfigKeys (ConfUtils.java:logGet(43)) - raft.server.notification.no-leader.timeout = 120s (custom)
2019-09-25 07:21:00,625 [pool-57-thread-1] INFO  server.RaftServerConfigKeys (ConfUtils.java:logGet(43)) - raft.server.log.use.memory = false (default)
2019-09-25 07:21:00,625 [pool-57-thread-1] INFO  server.RaftServerConfigKeys (ConfUtils.java:logGet(43)) - raft.server.log.purge.gap = 1000000 (custom)
2019-09-25 07:21:00,625 [pool-57-thread-1] INFO  server.RaftServerConfigKeys (ConfUtils.java:logGet(43)) - raft.server.log.appender.buffer.byte-limit = 33554432 (custom)
2019-09-25 07:21:00,626 [pool-57-thread-1] INFO  server.RaftServerConfigKeys (ConfUtils.java:logGet(43)) - raft.server.log.segment.size.max = 1048576 (custom)
2019-09-25 07:21:00,626 [pool-57-thread-1] INFO  server.RaftServerConfigKeys (ConfUtils.java:logGet(43)) - raft.server.log.segment.cache.num.max = 2 (custom)
2019-09-25 07:21:00,626 [pool-57-thread-1] INFO  segmented.SegmentedRaftLogWorker (SegmentedRaftLogWorker.java:<init>(172)) - new 790994da-c556-4bb6-9860-e4bcd35fb518@group-E0F477211544-SegmentedRaftLogWorker for RaftStorage:Storage Directory /workdir/hadoop-ozone/ozonefs/target/test-dir/MiniOzoneClusterImpl-48169ae4-fc36-4fd4-bc0e-7a80f7e832d4/datanode-3/data/ratis/7302b600-7f30-4881-a383-e0f477211544
2019-09-25 07:21:00,626 [pool-57-thread-1] INFO  server.RaftServerConfigKeys (ConfUtils.java:logGet(43)) - raft.server.log.queue.byte-limit = 2147483647 (custom)
2019-09-25 07:21:00,626 [pool-57-thread-1] INFO  server.RaftServerConfigKeys (ConfUtils.java:logGet(43)) - raft.server.log.queue.element-limit = 1024 (custom)
2019-09-25 07:21:00,626 [pool-57-thread-1] INFO  server.RaftServerConfigKeys (ConfUtils.java:logGet(43)) - raft.server.log.segment.size.max = 1048576 (custom)
2019-09-25 07:21:00,626 [pool-57-thread-1] INFO  server.RaftServerConfigKeys (ConfUtils.java:logGet(43)) - raft.server.log.preallocated.size = 16384 (custom)
2019-09-25 07:21:00,626 [pool-57-thread-1] INFO  server.RaftServerConfigKeys (ConfUtils.java:logGet(43)) - raft.server.log.write.buffer.size = 33554432 (custom)
2019-09-25 07:21:00,626 [pool-57-thread-1] INFO  server.RaftServerConfigKeys (ConfUtils.java:logGet(43)) - raft.server.log.force.sync.num = 128 (default)
2019-09-25 07:21:00,627 [pool-57-thread-1] INFO  server.RaftServerConfigKeys (ConfUtils.java:logGet(43)) - raft.server.log.statemachine.data.sync = true (default)
2019-09-25 07:21:00,627 [pool-57-thread-1] INFO  server.RaftServerConfigKeys (ConfUtils.java:logGet(43)) - raft.server.log.statemachine.data.sync.timeout = 10s (default)
2019-09-25 07:21:00,627 [pool-57-thread-1] INFO  server.RaftServerConfigKeys (ConfUtils.java:logGet(43)) - raft.server.log.statemachine.data.sync.timeout.retry = -1 (default)
2019-09-25 07:21:00,627 [pool-57-thread-1] INFO  server.RaftServerConfigKeys (ConfUtils.java:logGet(43)) - raft.server.log.statemachine.data.caching.enabled = true (custom)
2019-09-25 07:21:00,627 [pool-57-thread-1] INFO  segmented.SegmentedRaftLogWorker (SegmentedRaftLogWorker.java:lambda$new$0(132)) - 790994da-c556-4bb6-9860-e4bcd35fb518@group-E0F477211544-SegmentedRaftLogWorker: flushIndex: setUnconditionally 0 -> -1
2019-09-25 07:21:00,628 [pool-57-thread-1] INFO  server.RaftServerConfigKeys (ConfUtils.java:logGet(43)) - raft.server.snapshot.auto.trigger.enabled = true (custom)
2019-09-25 07:21:00,628 [pool-57-thread-1] INFO  server.RaftServerConfigKeys (ConfUtils.java:logGet(43)) - raft.server.snapshot.auto.trigger.threshold = 10000 (custom)
2019-09-25 07:21:00,628 [pool-57-thread-1] INFO  server.RaftServerConfigKeys (ConfUtils.java:logGet(43)) - raft.server.snapshot.retention.num.files = 5 (custom)
2019-09-25 07:21:00,628 [pool-57-thread-1] INFO  server.RaftServerConfigKeys (ConfUtils.java:logGet(43)) - raft.server.retrycache.expirytime = 600000ms (custom)
2019-09-25 07:21:00,630 [pool-57-thread-1] INFO  impl.RaftServerImpl (RaftServerImpl.java:start(185)) - 790994da-c556-4bb6-9860-e4bcd35fb518@group-E0F477211544: start as a follower, conf=-1: [790994da-c556-4bb6-9860-e4bcd35fb518:192.168.30.10:42560], old=null
2019-09-25 07:21:00,630 [pool-57-thread-1] INFO  impl.RaftServerImpl (RaftServerImpl.java:setRole(174)) - 790994da-c556-4bb6-9860-e4bcd35fb518@group-E0F477211544: changes role from      null to FOLLOWER at term 0 for startAsFollower
2019-09-25 07:21:00,631 [pool-57-thread-1] INFO  impl.RoleInfo (RoleInfo.java:updateAndGet(143)) - 790994da-c556-4bb6-9860-e4bcd35fb518: start FollowerState
2019-09-25 07:21:00,631 [pool-57-thread-1] INFO  util.JmxRegister (JmxRegister.java:tryRegister(44)) - Successfully registered JMX Bean with object name Ratis:service=RaftServer,group=group-E0F477211544,id=790994da-c556-4bb6-9860-e4bcd35fb518
2019-09-25 07:21:00,650 [RatisPipelineUtilsThread] INFO  pipeline.PipelineStateManager (PipelineStateManager.java:addPipeline(56)) - Created pipeline Pipeline[ Id: 7302b600-7f30-4881-a383-e0f477211544, Nodes: 790994da-c556-4bb6-9860-e4bcd35fb518{ip: 192.168.30.10, host: pr-hdds-1569-s62bp-3040748787, networkLocation: /default-rack, certSerialId: null}, Type:RATIS, Factor:ONE, State:OPEN]
2019-09-25 07:21:00,670 [grpc-default-executor-0] INFO  impl.RaftServerProxy (RaftServerProxy.java:addNew(89)) - f5d629fd-ecfe-43ee-9421-b64933e3fd75: addNew group-A499E8934B07:[f5d629fd-ecfe-43ee-9421-b64933e3fd75:192.168.30.10:37985] returns group-A499E8934B07:java.util.concurrent.CompletableFuture@6dda978f[Not completed]
2019-09-25 07:21:00,674 [pool-37-thread-1] INFO  impl.RaftServerImpl (RaftServerImpl.java:<init>(95)) - f5d629fd-ecfe-43ee-9421-b64933e3fd75: new RaftServerImpl for group-A499E8934B07:[f5d629fd-ecfe-43ee-9421-b64933e3fd75:192.168.30.10:37985] with ContainerStateMachine:uninitialized
2019-09-25 07:21:00,675 [pool-37-thread-1] INFO  server.RaftServerConfigKeys (ConfUtils.java:logGet(43)) - raft.server.rpc.timeout.min = 5s (custom)
2019-09-25 07:21:00,675 [pool-37-thread-1] INFO  server.RaftServerConfigKeys (ConfUtils.java:logGet(43)) - raft.server.rpc.timeout.max = 5200ms (custom)
2019-09-25 07:21:00,675 [pool-37-thread-1] INFO  server.RaftServerConfigKeys (ConfUtils.java:logGet(43)) - raft.server.rpcslowness.timeout = 120s (custom)
2019-09-25 07:21:00,675 [pool-37-thread-1] INFO  server.RaftServerConfigKeys (ConfUtils.java:logGet(43)) - raft.server.sleep.deviation.threshold = 300 (default)
2019-09-25 07:21:00,675 [pool-37-thread-1] INFO  server.RaftServerConfigKeys (ConfUtils.java:logGet(43)) - raft.server.log.appender.install.snapshot.enabled = false (custom)
2019-09-25 07:21:00,675 [pool-37-thread-1] INFO  impl.RaftServerImpl (ServerState.java:<init>(103)) - f5d629fd-ecfe-43ee-9421-b64933e3fd75@group-A499E8934B07: ConfigurationManager, init=-1: [f5d629fd-ecfe-43ee-9421-b64933e3fd75:192.168.30.10:37985], old=null, confs=<EMPTY_MAP>
2019-09-25 07:21:00,675 [pool-37-thread-1] INFO  server.RaftServerConfigKeys (ConfUtils.java:logGet(43)) - raft.server.storage.dir = [/workdir/hadoop-ozone/ozonefs/target/test-dir/MiniOzoneClusterImpl-48169ae4-fc36-4fd4-bc0e-7a80f7e832d4/datanode-1/data/ratis] (custom)
2019-09-25 07:21:00,676 [pool-37-thread-1] INFO  storage.RaftStorageDirectory (RaftStorageDirectory.java:analyzeStorage(246)) - The storage directory /workdir/hadoop-ozone/ozonefs/target/test-dir/MiniOzoneClusterImpl-48169ae4-fc36-4fd4-bc0e-7a80f7e832d4/datanode-1/data/ratis/6bc6aa4d-e3c4-4953-b7df-a499e8934b07 does not exist. Creating ...
2019-09-25 07:21:00,688 [pool-37-thread-1] INFO  storage.RaftStorageDirectory (RaftStorageDirectory.java:tryLock(328)) - Lock on /workdir/hadoop-ozone/ozonefs/target/test-dir/MiniOzoneClusterImpl-48169ae4-fc36-4fd4-bc0e-7a80f7e832d4/datanode-1/data/ratis/6bc6aa4d-e3c4-4953-b7df-a499e8934b07/in_use.lock acquired by nodename 26726@pr-hdds-1569-s62bp-3040748787
2019-09-25 07:21:00,702 [pool-37-thread-1] INFO  storage.RaftStorage (RaftStorage.java:format(72)) - Storage directory /workdir/hadoop-ozone/ozonefs/target/test-dir/MiniOzoneClusterImpl-48169ae4-fc36-4fd4-bc0e-7a80f7e832d4/datanode-1/data/ratis/6bc6aa4d-e3c4-4953-b7df-a499e8934b07 has been successfully formatted.
2019-09-25 07:21:00,703 [pool-37-thread-1] INFO  ratis.ContainerStateMachine (ContainerStateMachine.java:loadSnapshot(230)) - group-A499E8934B07: The snapshot info is null. Setting the last applied indexto:(t:0, i:~)
2019-09-25 07:21:00,703 [pool-37-thread-1] INFO  server.RaftServerConfigKeys (ConfUtils.java:logGet(43)) - raft.server.notification.no-leader.timeout = 120s (custom)
2019-09-25 07:21:00,703 [pool-37-thread-1] INFO  server.RaftServerConfigKeys (ConfUtils.java:logGet(43)) - raft.server.log.use.memory = false (default)
2019-09-25 07:21:00,703 [pool-37-thread-1] INFO  server.RaftServerConfigKeys (ConfUtils.java:logGet(43)) - raft.server.log.purge.gap = 1000000 (custom)
2019-09-25 07:21:00,703 [pool-37-thread-1] INFO  server.RaftServerConfigKeys (ConfUtils.java:logGet(43)) - raft.server.log.appender.buffer.byte-limit = 33554432 (custom)
2019-09-25 07:21:00,704 [pool-37-thread-1] INFO  server.RaftServerConfigKeys (ConfUtils.java:logGet(43)) - raft.server.log.segment.size.max = 1048576 (custom)
2019-09-25 07:21:00,704 [pool-37-thread-1] INFO  server.RaftServerConfigKeys (ConfUtils.java:logGet(43)) - raft.server.log.segment.cache.num.max = 2 (custom)
2019-09-25 07:21:00,704 [pool-37-thread-1] INFO  segmented.SegmentedRaftLogWorker (SegmentedRaftLogWorker.java:<init>(172)) - new f5d629fd-ecfe-43ee-9421-b64933e3fd75@group-A499E8934B07-SegmentedRaftLogWorker for RaftStorage:Storage Directory /workdir/hadoop-ozone/ozonefs/target/test-dir/MiniOzoneClusterImpl-48169ae4-fc36-4fd4-bc0e-7a80f7e832d4/datanode-1/data/ratis/6bc6aa4d-e3c4-4953-b7df-a499e8934b07
2019-09-25 07:21:00,717 [pool-37-thread-1] INFO  server.RaftServerConfigKeys (ConfUtils.java:logGet(43)) - raft.server.log.queue.byte-limit = 2147483647 (custom)
2019-09-25 07:21:00,720 [pool-37-thread-1] INFO  server.RaftServerConfigKeys (ConfUtils.java:logGet(43)) - raft.server.log.queue.element-limit = 1024 (custom)
2019-09-25 07:21:00,725 [pool-37-thread-1] INFO  server.RaftServerConfigKeys (ConfUtils.java:logGet(43)) - raft.server.log.segment.size.max = 1048576 (custom)
2019-09-25 07:21:00,725 [pool-37-thread-1] INFO  server.RaftServerConfigKeys (ConfUtils.java:logGet(43)) - raft.server.log.preallocated.size = 16384 (custom)
2019-09-25 07:21:00,725 [pool-37-thread-1] INFO  server.RaftServerConfigKeys (ConfUtils.java:logGet(43)) - raft.server.log.write.buffer.size = 33554432 (custom)
2019-09-25 07:21:00,725 [pool-37-thread-1] INFO  server.RaftServerConfigKeys (ConfUtils.java:logGet(43)) - raft.server.log.force.sync.num = 128 (default)
2019-09-25 07:21:00,725 [pool-37-thread-1] INFO  server.RaftServerConfigKeys (ConfUtils.java:logGet(43)) - raft.server.log.statemachine.data.sync = true (default)
2019-09-25 07:21:00,725 [pool-37-thread-1] INFO  server.RaftServerConfigKeys (ConfUtils.java:logGet(43)) - raft.server.log.statemachine.data.sync.timeout = 10s (default)
2019-09-25 07:21:00,726 [pool-37-thread-1] INFO  server.RaftServerConfigKeys (ConfUtils.java:logGet(43)) - raft.server.log.statemachine.data.sync.timeout.retry = -1 (default)
2019-09-25 07:21:00,726 [pool-37-thread-1] INFO  server.RaftServerConfigKeys (ConfUtils.java:logGet(43)) - raft.server.log.statemachine.data.caching.enabled = true (custom)
2019-09-25 07:21:00,727 [pool-37-thread-1] INFO  segmented.SegmentedRaftLogWorker (SegmentedRaftLogWorker.java:lambda$new$0(132)) - f5d629fd-ecfe-43ee-9421-b64933e3fd75@group-A499E8934B07-SegmentedRaftLogWorker: flushIndex: setUnconditionally 0 -> -1
2019-09-25 07:21:00,727 [pool-37-thread-1] INFO  server.RaftServerConfigKeys (ConfUtils.java:logGet(43)) - raft.server.snapshot.auto.trigger.enabled = true (custom)
2019-09-25 07:21:00,727 [pool-37-thread-1] INFO  server.RaftServerConfigKeys (ConfUtils.java:logGet(43)) - raft.server.snapshot.auto.trigger.threshold = 10000 (custom)
2019-09-25 07:21:00,727 [pool-37-thread-1] INFO  server.RaftServerConfigKeys (ConfUtils.java:logGet(43)) - raft.server.snapshot.retention.num.files = 5 (custom)
2019-09-25 07:21:00,727 [pool-37-thread-1] INFO  server.RaftServerConfigKeys (ConfUtils.java:logGet(43)) - raft.server.retrycache.expirytime = 600000ms (custom)
2019-09-25 07:21:00,731 [pool-37-thread-1] INFO  impl.RaftServerImpl (RaftServerImpl.java:start(185)) - f5d629fd-ecfe-43ee-9421-b64933e3fd75@group-A499E8934B07: start as a follower, conf=-1: [f5d629fd-ecfe-43ee-9421-b64933e3fd75:192.168.30.10:37985], old=null
2019-09-25 07:21:00,731 [pool-37-thread-1] INFO  impl.RaftServerImpl (RaftServerImpl.java:setRole(174)) - f5d629fd-ecfe-43ee-9421-b64933e3fd75@group-A499E8934B07: changes role from      null to FOLLOWER at term 0 for startAsFollower
2019-09-25 07:21:00,731 [pool-37-thread-1] INFO  impl.RoleInfo (RoleInfo.java:updateAndGet(143)) - f5d629fd-ecfe-43ee-9421-b64933e3fd75: start FollowerState
2019-09-25 07:21:00,732 [pool-37-thread-1] INFO  util.JmxRegister (JmxRegister.java:tryRegister(44)) - Successfully registered JMX Bean with object name Ratis:service=RaftServer,group=group-A499E8934B07,id=f5d629fd-ecfe-43ee-9421-b64933e3fd75
2019-09-25 07:21:00,741 [RatisPipelineUtilsThread] INFO  pipeline.PipelineStateManager (PipelineStateManager.java:addPipeline(56)) - Created pipeline Pipeline[ Id: 6bc6aa4d-e3c4-4953-b7df-a499e8934b07, Nodes: f5d629fd-ecfe-43ee-9421-b64933e3fd75{ip: 192.168.30.10, host: pr-hdds-1569-s62bp-3040748787, networkLocation: /default-rack, certSerialId: null}, Type:RATIS, Factor:ONE, State:OPEN]
2019-09-25 07:21:00,759 [grpc-default-executor-0] INFO  impl.RaftServerProxy (RaftServerProxy.java:addNew(89)) - 6bc56785-b354-47d6-aaaa-aea62bb8d052: addNew group-A4047CC05F37:[6bc56785-b354-47d6-aaaa-aea62bb8d052:192.168.30.10:40140] returns group-A4047CC05F37:java.util.concurrent.CompletableFuture@7ddc65c8[Not completed]
2019-09-25 07:21:00,761 [pool-77-thread-1] INFO  impl.RaftServerImpl (RaftServerImpl.java:<init>(95)) - 6bc56785-b354-47d6-aaaa-aea62bb8d052: new RaftServerImpl for group-A4047CC05F37:[6bc56785-b354-47d6-aaaa-aea62bb8d052:192.168.30.10:40140] with ContainerStateMachine:uninitialized
2019-09-25 07:21:00,761 [pool-77-thread-1] INFO  server.RaftServerConfigKeys (ConfUtils.java:logGet(43)) - raft.server.rpc.timeout.min = 5s (custom)
2019-09-25 07:21:00,761 [pool-77-thread-1] INFO  server.RaftServerConfigKeys (ConfUtils.java:logGet(43)) - raft.server.rpc.timeout.max = 5200ms (custom)
2019-09-25 07:21:00,761 [pool-77-thread-1] INFO  server.RaftServerConfigKeys (ConfUtils.java:logGet(43)) - raft.server.rpcslowness.timeout = 120s (custom)
2019-09-25 07:21:00,761 [pool-77-thread-1] INFO  server.RaftServerConfigKeys (ConfUtils.java:logGet(43)) - raft.server.sleep.deviation.threshold = 300 (default)
2019-09-25 07:21:00,761 [pool-77-thread-1] INFO  server.RaftServerConfigKeys (ConfUtils.java:logGet(43)) - raft.server.log.appender.install.snapshot.enabled = false (custom)
2019-09-25 07:21:00,761 [pool-77-thread-1] INFO  impl.RaftServerImpl (ServerState.java:<init>(103)) - 6bc56785-b354-47d6-aaaa-aea62bb8d052@group-A4047CC05F37: ConfigurationManager, init=-1: [6bc56785-b354-47d6-aaaa-aea62bb8d052:192.168.30.10:40140], old=null, confs=<EMPTY_MAP>
2019-09-25 07:21:00,762 [pool-77-thread-1] INFO  server.RaftServerConfigKeys (ConfUtils.java:logGet(43)) - raft.server.storage.dir = [/workdir/hadoop-ozone/ozonefs/target/test-dir/MiniOzoneClusterImpl-48169ae4-fc36-4fd4-bc0e-7a80f7e832d4/datanode-5/data/ratis] (custom)
2019-09-25 07:21:00,762 [pool-77-thread-1] INFO  storage.RaftStorageDirectory (RaftStorageDirectory.java:analyzeStorage(246)) - The storage directory /workdir/hadoop-ozone/ozonefs/target/test-dir/MiniOzoneClusterImpl-48169ae4-fc36-4fd4-bc0e-7a80f7e832d4/datanode-5/data/ratis/75a4dd64-52a3-45de-9d12-a4047cc05f37 does not exist. Creating ...
2019-09-25 07:21:00,789 [pool-77-thread-1] INFO  storage.RaftStorageDirectory (RaftStorageDirectory.java:tryLock(328)) - Lock on /workdir/hadoop-ozone/ozonefs/target/test-dir/MiniOzoneClusterImpl-48169ae4-fc36-4fd4-bc0e-7a80f7e832d4/datanode-5/data/ratis/75a4dd64-52a3-45de-9d12-a4047cc05f37/in_use.lock acquired by nodename 26726@pr-hdds-1569-s62bp-3040748787
2019-09-25 07:21:00,801 [pool-77-thread-1] INFO  storage.RaftStorage (RaftStorage.java:format(72)) - Storage directory /workdir/hadoop-ozone/ozonefs/target/test-dir/MiniOzoneClusterImpl-48169ae4-fc36-4fd4-bc0e-7a80f7e832d4/datanode-5/data/ratis/75a4dd64-52a3-45de-9d12-a4047cc05f37 has been successfully formatted.
2019-09-25 07:21:00,802 [pool-77-thread-1] INFO  ratis.ContainerStateMachine (ContainerStateMachine.java:loadSnapshot(230)) - group-A4047CC05F37: The snapshot info is null. Setting the last applied indexto:(t:0, i:~)
2019-09-25 07:21:00,802 [pool-77-thread-1] INFO  server.RaftServerConfigKeys (ConfUtils.java:logGet(43)) - raft.server.notification.no-leader.timeout = 120s (custom)
2019-09-25 07:21:00,802 [pool-77-thread-1] INFO  server.RaftServerConfigKeys (ConfUtils.java:logGet(43)) - raft.server.log.use.memory = false (default)
2019-09-25 07:21:00,802 [pool-77-thread-1] INFO  server.RaftServerConfigKeys (ConfUtils.java:logGet(43)) - raft.server.log.purge.gap = 1000000 (custom)
2019-09-25 07:21:00,802 [pool-77-thread-1] INFO  server.RaftServerConfigKeys (ConfUtils.java:logGet(43)) - raft.server.log.appender.buffer.byte-limit = 33554432 (custom)
2019-09-25 07:21:00,802 [pool-77-thread-1] INFO  server.RaftServerConfigKeys (ConfUtils.java:logGet(43)) - raft.server.log.segment.size.max = 1048576 (custom)
2019-09-25 07:21:00,803 [pool-77-thread-1] INFO  server.RaftServerConfigKeys (ConfUtils.java:logGet(43)) - raft.server.log.segment.cache.num.max = 2 (custom)
2019-09-25 07:21:00,803 [pool-77-thread-1] INFO  segmented.SegmentedRaftLogWorker (SegmentedRaftLogWorker.java:<init>(172)) - new 6bc56785-b354-47d6-aaaa-aea62bb8d052@group-A4047CC05F37-SegmentedRaftLogWorker for RaftStorage:Storage Directory /workdir/hadoop-ozone/ozonefs/target/test-dir/MiniOzoneClusterImpl-48169ae4-fc36-4fd4-bc0e-7a80f7e832d4/datanode-5/data/ratis/75a4dd64-52a3-45de-9d12-a4047cc05f37
2019-09-25 07:21:00,803 [pool-77-thread-1] INFO  server.RaftServerConfigKeys (ConfUtils.java:logGet(43)) - raft.server.log.queue.byte-limit = 2147483647 (custom)
2019-09-25 07:21:00,803 [pool-77-thread-1] INFO  server.RaftServerConfigKeys (ConfUtils.java:logGet(43)) - raft.server.log.queue.element-limit = 1024 (custom)
2019-09-25 07:21:00,803 [pool-77-thread-1] INFO  server.RaftServerConfigKeys (ConfUtils.java:logGet(43)) - raft.server.log.segment.size.max = 1048576 (custom)
2019-09-25 07:21:00,803 [pool-77-thread-1] INFO  server.RaftServerConfigKeys (ConfUtils.java:logGet(43)) - raft.server.log.preallocated.size = 16384 (custom)
2019-09-25 07:21:00,803 [pool-77-thread-1] INFO  server.RaftServerConfigKeys (ConfUtils.java:logGet(43)) - raft.server.log.write.buffer.size = 33554432 (custom)
2019-09-25 07:21:00,803 [pool-77-thread-1] INFO  server.RaftServerConfigKeys (ConfUtils.java:logGet(43)) - raft.server.log.force.sync.num = 128 (default)
2019-09-25 07:21:00,803 [pool-77-thread-1] INFO  server.RaftServerConfigKeys (ConfUtils.java:logGet(43)) - raft.server.log.statemachine.data.sync = true (default)
2019-09-25 07:21:00,803 [pool-77-thread-1] INFO  server.RaftServerConfigKeys (ConfUtils.java:logGet(43)) - raft.server.log.statemachine.data.sync.timeout = 10s (default)
2019-09-25 07:21:00,804 [pool-77-thread-1] INFO  server.RaftServerConfigKeys (ConfUtils.java:logGet(43)) - raft.server.log.statemachine.data.sync.timeout.retry = -1 (default)
2019-09-25 07:21:00,804 [pool-77-thread-1] INFO  server.RaftServerConfigKeys (ConfUtils.java:logGet(43)) - raft.server.log.statemachine.data.caching.enabled = true (custom)
2019-09-25 07:21:00,804 [pool-77-thread-1] INFO  segmented.SegmentedRaftLogWorker (SegmentedRaftLogWorker.java:lambda$new$0(132)) - 6bc56785-b354-47d6-aaaa-aea62bb8d052@group-A4047CC05F37-SegmentedRaftLogWorker: flushIndex: setUnconditionally 0 -> -1
2019-09-25 07:21:00,804 [pool-77-thread-1] INFO  server.RaftServerConfigKeys (ConfUtils.java:logGet(43)) - raft.server.snapshot.auto.trigger.enabled = true (custom)
2019-09-25 07:21:00,804 [pool-77-thread-1] INFO  server.RaftServerConfigKeys (ConfUtils.java:logGet(43)) - raft.server.snapshot.auto.trigger.threshold = 10000 (custom)
2019-09-25 07:21:00,805 [pool-77-thread-1] INFO  server.RaftServerConfigKeys (ConfUtils.java:logGet(43)) - raft.server.snapshot.retention.num.files = 5 (custom)
2019-09-25 07:21:00,805 [pool-77-thread-1] INFO  server.RaftServerConfigKeys (ConfUtils.java:logGet(43)) - raft.server.retrycache.expirytime = 600000ms (custom)
2019-09-25 07:21:00,807 [pool-77-thread-1] INFO  impl.RaftServerImpl (RaftServerImpl.java:start(185)) - 6bc56785-b354-47d6-aaaa-aea62bb8d052@group-A4047CC05F37: start as a follower, conf=-1: [6bc56785-b354-47d6-aaaa-aea62bb8d052:192.168.30.10:40140], old=null
2019-09-25 07:21:00,807 [pool-77-thread-1] INFO  impl.RaftServerImpl (RaftServerImpl.java:setRole(174)) - 6bc56785-b354-47d6-aaaa-aea62bb8d052@group-A4047CC05F37: changes role from      null to FOLLOWER at term 0 for startAsFollower
2019-09-25 07:21:00,807 [pool-77-thread-1] INFO  impl.RoleInfo (RoleInfo.java:updateAndGet(143)) - 6bc56785-b354-47d6-aaaa-aea62bb8d052: start FollowerState
2019-09-25 07:21:00,807 [pool-77-thread-1] INFO  util.JmxRegister (JmxRegister.java:tryRegister(44)) - Successfully registered JMX Bean with object name Ratis:service=RaftServer,group=group-A4047CC05F37,id=6bc56785-b354-47d6-aaaa-aea62bb8d052
2019-09-25 07:21:00,814 [RatisPipelineUtilsThread] INFO  pipeline.PipelineStateManager (PipelineStateManager.java:addPipeline(56)) - Created pipeline Pipeline[ Id: 75a4dd64-52a3-45de-9d12-a4047cc05f37, Nodes: 6bc56785-b354-47d6-aaaa-aea62bb8d052{ip: 192.168.30.10, host: pr-hdds-1569-s62bp-3040748787, networkLocation: /default-rack, certSerialId: null}, Type:RATIS, Factor:ONE, State:OPEN]
2019-09-25 07:21:00,827 [grpc-default-executor-0] INFO  impl.RaftServerProxy (RaftServerProxy.java:addNew(89)) - b05de815-ed09-4765-b576-c9e1c2f65196: addNew group-99FA824DF767:[b05de815-ed09-4765-b576-c9e1c2f65196:192.168.30.10:36348] returns group-99FA824DF767:java.util.concurrent.CompletableFuture@33b7d456[Not completed]
2019-09-25 07:21:00,828 [pool-27-thread-1] INFO  impl.RaftServerImpl (RaftServerImpl.java:<init>(95)) - b05de815-ed09-4765-b576-c9e1c2f65196: new RaftServerImpl for group-99FA824DF767:[b05de815-ed09-4765-b576-c9e1c2f65196:192.168.30.10:36348] with ContainerStateMachine:uninitialized
2019-09-25 07:21:00,828 [pool-27-thread-1] INFO  server.RaftServerConfigKeys (ConfUtils.java:logGet(43)) - raft.server.rpc.timeout.min = 5s (custom)
2019-09-25 07:21:00,829 [pool-27-thread-1] INFO  server.RaftServerConfigKeys (ConfUtils.java:logGet(43)) - raft.server.rpc.timeout.max = 5200ms (custom)
2019-09-25 07:21:00,829 [pool-27-thread-1] INFO  server.RaftServerConfigKeys (ConfUtils.java:logGet(43)) - raft.server.rpcslowness.timeout = 120s (custom)
2019-09-25 07:21:00,829 [pool-27-thread-1] INFO  server.RaftServerConfigKeys (ConfUtils.java:logGet(43)) - raft.server.sleep.deviation.threshold = 300 (default)
2019-09-25 07:21:00,829 [pool-27-thread-1] INFO  server.RaftServerConfigKeys (ConfUtils.java:logGet(43)) - raft.server.log.appender.install.snapshot.enabled = false (custom)
2019-09-25 07:21:00,829 [pool-27-thread-1] INFO  impl.RaftServerImpl (ServerState.java:<init>(103)) - b05de815-ed09-4765-b576-c9e1c2f65196@group-99FA824DF767: ConfigurationManager, init=-1: [b05de815-ed09-4765-b576-c9e1c2f65196:192.168.30.10:36348], old=null, confs=<EMPTY_MAP>
2019-09-25 07:21:00,829 [pool-27-thread-1] INFO  server.RaftServerConfigKeys (ConfUtils.java:logGet(43)) - raft.server.storage.dir = [/workdir/hadoop-ozone/ozonefs/target/test-dir/MiniOzoneClusterImpl-48169ae4-fc36-4fd4-bc0e-7a80f7e832d4/datanode-0/data/ratis] (custom)
2019-09-25 07:21:00,830 [pool-27-thread-1] INFO  storage.RaftStorageDirectory (RaftStorageDirectory.java:analyzeStorage(246)) - The storage directory /workdir/hadoop-ozone/ozonefs/target/test-dir/MiniOzoneClusterImpl-48169ae4-fc36-4fd4-bc0e-7a80f7e832d4/datanode-0/data/ratis/928df348-ecba-4bc9-bf97-99fa824df767 does not exist. Creating ...
2019-09-25 07:21:00,845 [pool-27-thread-1] INFO  storage.RaftStorageDirectory (RaftStorageDirectory.java:tryLock(328)) - Lock on /workdir/hadoop-ozone/ozonefs/target/test-dir/MiniOzoneClusterImpl-48169ae4-fc36-4fd4-bc0e-7a80f7e832d4/datanode-0/data/ratis/928df348-ecba-4bc9-bf97-99fa824df767/in_use.lock acquired by nodename 26726@pr-hdds-1569-s62bp-3040748787
2019-09-25 07:21:00,854 [main] INFO  rpc.RpcClient (RpcClient.java:createVolume(276)) - Creating Volume: volume23667, with user81493 as owner.
2019-09-25 07:21:00,863 [pool-27-thread-1] INFO  storage.RaftStorage (RaftStorage.java:format(72)) - Storage directory /workdir/hadoop-ozone/ozonefs/target/test-dir/MiniOzoneClusterImpl-48169ae4-fc36-4fd4-bc0e-7a80f7e832d4/datanode-0/data/ratis/928df348-ecba-4bc9-bf97-99fa824df767 has been successfully formatted.
2019-09-25 07:21:00,863 [pool-27-thread-1] INFO  ratis.ContainerStateMachine (ContainerStateMachine.java:loadSnapshot(230)) - group-99FA824DF767: The snapshot info is null. Setting the last applied indexto:(t:0, i:~)
2019-09-25 07:21:00,863 [pool-27-thread-1] INFO  server.RaftServerConfigKeys (ConfUtils.java:logGet(43)) - raft.server.notification.no-leader.timeout = 120s (custom)
2019-09-25 07:21:00,863 [pool-27-thread-1] INFO  server.RaftServerConfigKeys (ConfUtils.java:logGet(43)) - raft.server.log.use.memory = false (default)
2019-09-25 07:21:00,863 [pool-27-thread-1] INFO  server.RaftServerConfigKeys (ConfUtils.java:logGet(43)) - raft.server.log.purge.gap = 1000000 (custom)
2019-09-25 07:21:00,864 [pool-27-thread-1] INFO  server.RaftServerConfigKeys (ConfUtils.java:logGet(43)) - raft.server.log.appender.buffer.byte-limit = 33554432 (custom)
2019-09-25 07:21:00,864 [pool-27-thread-1] INFO  server.RaftServerConfigKeys (ConfUtils.java:logGet(43)) - raft.server.log.segment.size.max = 1048576 (custom)
2019-09-25 07:21:00,864 [pool-27-thread-1] INFO  server.RaftServerConfigKeys (ConfUtils.java:logGet(43)) - raft.server.log.segment.cache.num.max = 2 (custom)
2019-09-25 07:21:00,864 [pool-27-thread-1] INFO  segmented.SegmentedRaftLogWorker (SegmentedRaftLogWorker.java:<init>(172)) - new b05de815-ed09-4765-b576-c9e1c2f65196@group-99FA824DF767-SegmentedRaftLogWorker for RaftStorage:Storage Directory /workdir/hadoop-ozone/ozonefs/target/test-dir/MiniOzoneClusterImpl-48169ae4-fc36-4fd4-bc0e-7a80f7e832d4/datanode-0/data/ratis/928df348-ecba-4bc9-bf97-99fa824df767
2019-09-25 07:21:00,864 [pool-27-thread-1] INFO  server.RaftServerConfigKeys (ConfUtils.java:logGet(43)) - raft.server.log.queue.byte-limit = 2147483647 (custom)
2019-09-25 07:21:00,864 [pool-27-thread-1] INFO  server.RaftServerConfigKeys (ConfUtils.java:logGet(43)) - raft.server.log.queue.element-limit = 1024 (custom)
2019-09-25 07:21:00,864 [pool-27-thread-1] INFO  server.RaftServerConfigKeys (ConfUtils.java:logGet(43)) - raft.server.log.segment.size.max = 1048576 (custom)
2019-09-25 07:21:00,865 [pool-27-thread-1] INFO  server.RaftServerConfigKeys (ConfUtils.java:logGet(43)) - raft.server.log.preallocated.size = 16384 (custom)
2019-09-25 07:21:00,865 [pool-27-thread-1] INFO  server.RaftServerConfigKeys (ConfUtils.java:logGet(43)) - raft.server.log.write.buffer.size = 33554432 (custom)
2019-09-25 07:21:00,865 [pool-27-thread-1] INFO  server.RaftServerConfigKeys (ConfUtils.java:logGet(43)) - raft.server.log.force.sync.num = 128 (default)
2019-09-25 07:21:00,865 [pool-27-thread-1] INFO  server.RaftServerConfigKeys (ConfUtils.java:logGet(43)) - raft.server.log.statemachine.data.sync = true (default)
2019-09-25 07:21:00,865 [pool-27-thread-1] INFO  server.RaftServerConfigKeys (ConfUtils.java:logGet(43)) - raft.server.log.statemachine.data.sync.timeout = 10s (default)
2019-09-25 07:21:00,865 [pool-27-thread-1] INFO  server.RaftServerConfigKeys (ConfUtils.java:logGet(43)) - raft.server.log.statemachine.data.sync.timeout.retry = -1 (default)
2019-09-25 07:21:00,866 [pool-27-thread-1] INFO  server.RaftServerConfigKeys (ConfUtils.java:logGet(43)) - raft.server.log.statemachine.data.caching.enabled = true (custom)
2019-09-25 07:21:00,866 [pool-27-thread-1] INFO  segmented.SegmentedRaftLogWorker (SegmentedRaftLogWorker.java:lambda$new$0(132)) - b05de815-ed09-4765-b576-c9e1c2f65196@group-99FA824DF767-SegmentedRaftLogWorker: flushIndex: setUnconditionally 0 -> -1
2019-09-25 07:21:00,866 [pool-27-thread-1] INFO  server.RaftServerConfigKeys (ConfUtils.java:logGet(43)) - raft.server.snapshot.auto.trigger.enabled = true (custom)
2019-09-25 07:21:00,866 [pool-27-thread-1] INFO  server.RaftServerConfigKeys (ConfUtils.java:logGet(43)) - raft.server.snapshot.auto.trigger.threshold = 10000 (custom)
2019-09-25 07:21:00,866 [pool-27-thread-1] INFO  server.RaftServerConfigKeys (ConfUtils.java:logGet(43)) - raft.server.snapshot.retention.num.files = 5 (custom)
2019-09-25 07:21:00,867 [pool-27-thread-1] INFO  server.RaftServerConfigKeys (ConfUtils.java:logGet(43)) - raft.server.retrycache.expirytime = 600000ms (custom)
2019-09-25 07:21:00,870 [pool-27-thread-1] INFO  impl.RaftServerImpl (RaftServerImpl.java:start(185)) - b05de815-ed09-4765-b576-c9e1c2f65196@group-99FA824DF767: start as a follower, conf=-1: [b05de815-ed09-4765-b576-c9e1c2f65196:192.168.30.10:36348], old=null
2019-09-25 07:21:00,870 [pool-27-thread-1] INFO  impl.RaftServerImpl (RaftServerImpl.java:setRole(174)) - b05de815-ed09-4765-b576-c9e1c2f65196@group-99FA824DF767: changes role from      null to FOLLOWER at term 0 for startAsFollower
2019-09-25 07:21:00,870 [pool-27-thread-1] INFO  impl.RoleInfo (RoleInfo.java:updateAndGet(143)) - b05de815-ed09-4765-b576-c9e1c2f65196: start FollowerState
2019-09-25 07:21:00,870 [pool-27-thread-1] INFO  util.JmxRegister (JmxRegister.java:tryRegister(44)) - Successfully registered JMX Bean with object name Ratis:service=RaftServer,group=group-99FA824DF767,id=b05de815-ed09-4765-b576-c9e1c2f65196
2019-09-25 07:21:00,877 [RatisPipelineUtilsThread] INFO  pipeline.PipelineStateManager (PipelineStateManager.java:addPipeline(56)) - Created pipeline Pipeline[ Id: 928df348-ecba-4bc9-bf97-99fa824df767, Nodes: b05de815-ed09-4765-b576-c9e1c2f65196{ip: 192.168.30.10, host: pr-hdds-1569-s62bp-3040748787, networkLocation: /default-rack, certSerialId: null}, Type:RATIS, Factor:ONE, State:OPEN]
2019-09-25 07:21:00,889 [grpc-default-executor-0] INFO  impl.RaftServerProxy (RaftServerProxy.java:addNew(89)) - 988e4f02-2728-4d94-a25f-5554bec3cdd7: addNew group-C7A8CD8B5DD5:[988e4f02-2728-4d94-a25f-5554bec3cdd7:192.168.30.10:32885] returns group-C7A8CD8B5DD5:java.util.concurrent.CompletableFuture@76228e58[Not completed]
2019-09-25 07:21:00,891 [pool-107-thread-1] INFO  impl.RaftServerImpl (RaftServerImpl.java:<init>(95)) - 988e4f02-2728-4d94-a25f-5554bec3cdd7: new RaftServerImpl for group-C7A8CD8B5DD5:[988e4f02-2728-4d94-a25f-5554bec3cdd7:192.168.30.10:32885] with ContainerStateMachine:uninitialized
2019-09-25 07:21:00,892 [pool-107-thread-1] INFO  server.RaftServerConfigKeys (ConfUtils.java:logGet(43)) - raft.server.rpc.timeout.min = 5s (custom)
2019-09-25 07:21:00,892 [pool-107-thread-1] INFO  server.RaftServerConfigKeys (ConfUtils.java:logGet(43)) - raft.server.rpc.timeout.max = 5200ms (custom)
2019-09-25 07:21:00,892 [pool-107-thread-1] INFO  server.RaftServerConfigKeys (ConfUtils.java:logGet(43)) - raft.server.rpcslowness.timeout = 120s (custom)
2019-09-25 07:21:00,892 [pool-107-thread-1] INFO  server.RaftServerConfigKeys (ConfUtils.java:logGet(43)) - raft.server.sleep.deviation.threshold = 300 (default)
2019-09-25 07:21:00,892 [pool-107-thread-1] INFO  server.RaftServerConfigKeys (ConfUtils.java:logGet(43)) - raft.server.log.appender.install.snapshot.enabled = false (custom)
2019-09-25 07:21:00,892 [pool-107-thread-1] INFO  impl.RaftServerImpl (ServerState.java:<init>(103)) - 988e4f02-2728-4d94-a25f-5554bec3cdd7@group-C7A8CD8B5DD5: ConfigurationManager, init=-1: [988e4f02-2728-4d94-a25f-5554bec3cdd7:192.168.30.10:32885], old=null, confs=<EMPTY_MAP>
2019-09-25 07:21:00,893 [pool-107-thread-1] INFO  server.RaftServerConfigKeys (ConfUtils.java:logGet(43)) - raft.server.storage.dir = [/workdir/hadoop-ozone/ozonefs/target/test-dir/MiniOzoneClusterImpl-48169ae4-fc36-4fd4-bc0e-7a80f7e832d4/datanode-8/data/ratis] (custom)
2019-09-25 07:21:00,893 [pool-107-thread-1] INFO  storage.RaftStorageDirectory (RaftStorageDirectory.java:analyzeStorage(246)) - The storage directory /workdir/hadoop-ozone/ozonefs/target/test-dir/MiniOzoneClusterImpl-48169ae4-fc36-4fd4-bc0e-7a80f7e832d4/datanode-8/data/ratis/a4b15d24-d470-45c1-be50-c7a8cd8b5dd5 does not exist. Creating ...
2019-09-25 07:21:00,905 [pool-107-thread-1] INFO  storage.RaftStorageDirectory (RaftStorageDirectory.java:tryLock(328)) - Lock on /workdir/hadoop-ozone/ozonefs/target/test-dir/MiniOzoneClusterImpl-48169ae4-fc36-4fd4-bc0e-7a80f7e832d4/datanode-8/data/ratis/a4b15d24-d470-45c1-be50-c7a8cd8b5dd5/in_use.lock acquired by nodename 26726@pr-hdds-1569-s62bp-3040748787
2019-09-25 07:21:00,952 [pool-107-thread-1] INFO  storage.RaftStorage (RaftStorage.java:format(72)) - Storage directory /workdir/hadoop-ozone/ozonefs/target/test-dir/MiniOzoneClusterImpl-48169ae4-fc36-4fd4-bc0e-7a80f7e832d4/datanode-8/data/ratis/a4b15d24-d470-45c1-be50-c7a8cd8b5dd5 has been successfully formatted.
2019-09-25 07:21:00,952 [pool-107-thread-1] INFO  ratis.ContainerStateMachine (ContainerStateMachine.java:loadSnapshot(230)) - group-C7A8CD8B5DD5: The snapshot info is null. Setting the last applied indexto:(t:0, i:~)
2019-09-25 07:21:00,952 [pool-107-thread-1] INFO  server.RaftServerConfigKeys (ConfUtils.java:logGet(43)) - raft.server.notification.no-leader.timeout = 120s (custom)
2019-09-25 07:21:00,952 [pool-107-thread-1] INFO  server.RaftServerConfigKeys (ConfUtils.java:logGet(43)) - raft.server.log.use.memory = false (default)
2019-09-25 07:21:00,953 [pool-107-thread-1] INFO  server.RaftServerConfigKeys (ConfUtils.java:logGet(43)) - raft.server.log.purge.gap = 1000000 (custom)
2019-09-25 07:21:00,953 [pool-107-thread-1] INFO  server.RaftServerConfigKeys (ConfUtils.java:logGet(43)) - raft.server.log.appender.buffer.byte-limit = 33554432 (custom)
2019-09-25 07:21:00,953 [pool-107-thread-1] INFO  server.RaftServerConfigKeys (ConfUtils.java:logGet(43)) - raft.server.log.segment.size.max = 1048576 (custom)
2019-09-25 07:21:00,953 [pool-107-thread-1] INFO  server.RaftServerConfigKeys (ConfUtils.java:logGet(43)) - raft.server.log.segment.cache.num.max = 2 (custom)
2019-09-25 07:21:00,953 [pool-107-thread-1] INFO  segmented.SegmentedRaftLogWorker (SegmentedRaftLogWorker.java:<init>(172)) - new 988e4f02-2728-4d94-a25f-5554bec3cdd7@group-C7A8CD8B5DD5-SegmentedRaftLogWorker for RaftStorage:Storage Directory /workdir/hadoop-ozone/ozonefs/target/test-dir/MiniOzoneClusterImpl-48169ae4-fc36-4fd4-bc0e-7a80f7e832d4/datanode-8/data/ratis/a4b15d24-d470-45c1-be50-c7a8cd8b5dd5
2019-09-25 07:21:00,954 [pool-107-thread-1] INFO  server.RaftServerConfigKeys (ConfUtils.java:logGet(43)) - raft.server.log.queue.byte-limit = 2147483647 (custom)
2019-09-25 07:21:00,954 [pool-107-thread-1] INFO  server.RaftServerConfigKeys (ConfUtils.java:logGet(43)) - raft.server.log.queue.element-limit = 1024 (custom)
2019-09-25 07:21:00,954 [pool-107-thread-1] INFO  server.RaftServerConfigKeys (ConfUtils.java:logGet(43)) - raft.server.log.segment.size.max = 1048576 (custom)
2019-09-25 07:21:00,954 [pool-107-thread-1] INFO  server.RaftServerConfigKeys (ConfUtils.java:logGet(43)) - raft.server.log.preallocated.size = 16384 (custom)
2019-09-25 07:21:00,954 [pool-107-thread-1] INFO  server.RaftServerConfigKeys (ConfUtils.java:logGet(43)) - raft.server.log.write.buffer.size = 33554432 (custom)
2019-09-25 07:21:00,954 [pool-107-thread-1] INFO  server.RaftServerConfigKeys (ConfUtils.java:logGet(43)) - raft.server.log.force.sync.num = 128 (default)
2019-09-25 07:21:00,955 [pool-107-thread-1] INFO  server.RaftServerConfigKeys (ConfUtils.java:logGet(43)) - raft.server.log.statemachine.data.sync = true (default)
2019-09-25 07:21:00,955 [pool-107-thread-1] INFO  server.RaftServerConfigKeys (ConfUtils.java:logGet(43)) - raft.server.log.statemachine.data.sync.timeout = 10s (default)
2019-09-25 07:21:00,955 [pool-107-thread-1] INFO  server.RaftServerConfigKeys (ConfUtils.java:logGet(43)) - raft.server.log.statemachine.data.sync.timeout.retry = -1 (default)
2019-09-25 07:21:00,955 [pool-107-thread-1] INFO  server.RaftServerConfigKeys (ConfUtils.java:logGet(43)) - raft.server.log.statemachine.data.caching.enabled = true (custom)
2019-09-25 07:21:00,955 [pool-107-thread-1] INFO  segmented.SegmentedRaftLogWorker (SegmentedRaftLogWorker.java:lambda$new$0(132)) - 988e4f02-2728-4d94-a25f-5554bec3cdd7@group-C7A8CD8B5DD5-SegmentedRaftLogWorker: flushIndex: setUnconditionally 0 -> -1
2019-09-25 07:21:00,956 [pool-107-thread-1] INFO  server.RaftServerConfigKeys (ConfUtils.java:logGet(43)) - raft.server.snapshot.auto.trigger.enabled = true (custom)
2019-09-25 07:21:00,956 [pool-107-thread-1] INFO  server.RaftServerConfigKeys (ConfUtils.java:logGet(43)) - raft.server.snapshot.auto.trigger.threshold = 10000 (custom)
2019-09-25 07:21:00,956 [pool-107-thread-1] INFO  server.RaftServerConfigKeys (ConfUtils.java:logGet(43)) - raft.server.snapshot.retention.num.files = 5 (custom)
2019-09-25 07:21:00,956 [pool-107-thread-1] INFO  server.RaftServerConfigKeys (ConfUtils.java:logGet(43)) - raft.server.retrycache.expirytime = 600000ms (custom)
2019-09-25 07:21:00,960 [pool-107-thread-1] INFO  impl.RaftServerImpl (RaftServerImpl.java:start(185)) - 988e4f02-2728-4d94-a25f-5554bec3cdd7@group-C7A8CD8B5DD5: start as a follower, conf=-1: [988e4f02-2728-4d94-a25f-5554bec3cdd7:192.168.30.10:32885], old=null
2019-09-25 07:21:00,960 [pool-107-thread-1] INFO  impl.RaftServerImpl (RaftServerImpl.java:setRole(174)) - 988e4f02-2728-4d94-a25f-5554bec3cdd7@group-C7A8CD8B5DD5: changes role from      null to FOLLOWER at term 0 for startAsFollower
2019-09-25 07:21:00,960 [pool-107-thread-1] INFO  impl.RoleInfo (RoleInfo.java:updateAndGet(143)) - 988e4f02-2728-4d94-a25f-5554bec3cdd7: start FollowerState
2019-09-25 07:21:00,960 [pool-107-thread-1] INFO  util.JmxRegister (JmxRegister.java:tryRegister(44)) - Successfully registered JMX Bean with object name Ratis:service=RaftServer,group=group-C7A8CD8B5DD5,id=988e4f02-2728-4d94-a25f-5554bec3cdd7
2019-09-25 07:21:00,967 [RatisPipelineUtilsThread] INFO  pipeline.PipelineStateManager (PipelineStateManager.java:addPipeline(56)) - Created pipeline Pipeline[ Id: a4b15d24-d470-45c1-be50-c7a8cd8b5dd5, Nodes: 988e4f02-2728-4d94-a25f-5554bec3cdd7{ip: 192.168.30.10, host: pr-hdds-1569-s62bp-3040748787, networkLocation: /default-rack, certSerialId: null}, Type:RATIS, Factor:ONE, State:OPEN]
2019-09-25 07:21:00,979 [grpc-default-executor-0] INFO  impl.RaftServerProxy (RaftServerProxy.java:addNew(89)) - 790994da-c556-4bb6-9860-e4bcd35fb518: addNew group-862BA68E5CD4:[790994da-c556-4bb6-9860-e4bcd35fb518:192.168.30.10:42560] returns group-862BA68E5CD4:java.util.concurrent.CompletableFuture@54b1b0a7[Not completed]
2019-09-25 07:21:00,980 [pool-57-thread-1] INFO  impl.RaftServerImpl (RaftServerImpl.java:<init>(95)) - 790994da-c556-4bb6-9860-e4bcd35fb518: new RaftServerImpl for group-862BA68E5CD4:[790994da-c556-4bb6-9860-e4bcd35fb518:192.168.30.10:42560] with ContainerStateMachine:uninitialized
2019-09-25 07:21:00,981 [pool-57-thread-1] INFO  server.RaftServerConfigKeys (ConfUtils.java:logGet(43)) - raft.server.rpc.timeout.min = 5s (custom)
2019-09-25 07:21:00,981 [pool-57-thread-1] INFO  server.RaftServerConfigKeys (ConfUtils.java:logGet(43)) - raft.server.rpc.timeout.max = 5200ms (custom)
2019-09-25 07:21:00,981 [pool-57-thread-1] INFO  server.RaftServerConfigKeys (ConfUtils.java:logGet(43)) - raft.server.rpcslowness.timeout = 120s (custom)
2019-09-25 07:21:00,981 [pool-57-thread-1] INFO  server.RaftServerConfigKeys (ConfUtils.java:logGet(43)) - raft.server.sleep.deviation.threshold = 300 (default)
2019-09-25 07:21:00,981 [pool-57-thread-1] INFO  server.RaftServerConfigKeys (ConfUtils.java:logGet(43)) - raft.server.log.appender.install.snapshot.enabled = false (custom)
2019-09-25 07:21:00,981 [pool-57-thread-1] INFO  impl.RaftServerImpl (ServerState.java:<init>(103)) - 790994da-c556-4bb6-9860-e4bcd35fb518@group-862BA68E5CD4: ConfigurationManager, init=-1: [790994da-c556-4bb6-9860-e4bcd35fb518:192.168.30.10:42560], old=null, confs=<EMPTY_MAP>
2019-09-25 07:21:00,981 [pool-57-thread-1] INFO  server.RaftServerConfigKeys (ConfUtils.java:logGet(43)) - raft.server.storage.dir = [/workdir/hadoop-ozone/ozonefs/target/test-dir/MiniOzoneClusterImpl-48169ae4-fc36-4fd4-bc0e-7a80f7e832d4/datanode-3/data/ratis] (custom)
2019-09-25 07:21:00,982 [pool-57-thread-1] INFO  storage.RaftStorageDirectory (RaftStorageDirectory.java:analyzeStorage(246)) - The storage directory /workdir/hadoop-ozone/ozonefs/target/test-dir/MiniOzoneClusterImpl-48169ae4-fc36-4fd4-bc0e-7a80f7e832d4/datanode-3/data/ratis/7041041e-56b2-4367-b64f-862ba68e5cd4 does not exist. Creating ...
2019-09-25 07:21:00,983 [IPC Server handler 2 on 32814] INFO  volume.OMVolumeCreateRequest (OMVolumeCreateRequest.java:validateAndUpdateCache(189)) - created volume:volume23667 for user:user81493
2019-09-25 07:21:00,995 [pool-57-thread-1] INFO  storage.RaftStorageDirectory (RaftStorageDirectory.java:tryLock(328)) - Lock on /workdir/hadoop-ozone/ozonefs/target/test-dir/MiniOzoneClusterImpl-48169ae4-fc36-4fd4-bc0e-7a80f7e832d4/datanode-3/data/ratis/7041041e-56b2-4367-b64f-862ba68e5cd4/in_use.lock acquired by nodename 26726@pr-hdds-1569-s62bp-3040748787
2019-09-25 07:21:01,009 [pool-57-thread-1] INFO  storage.RaftStorage (RaftStorage.java:format(72)) - Storage directory /workdir/hadoop-ozone/ozonefs/target/test-dir/MiniOzoneClusterImpl-48169ae4-fc36-4fd4-bc0e-7a80f7e832d4/datanode-3/data/ratis/7041041e-56b2-4367-b64f-862ba68e5cd4 has been successfully formatted.
2019-09-25 07:21:01,010 [pool-57-thread-1] INFO  ratis.ContainerStateMachine (ContainerStateMachine.java:loadSnapshot(230)) - group-862BA68E5CD4: The snapshot info is null. Setting the last applied indexto:(t:0, i:~)
2019-09-25 07:21:01,010 [pool-57-thread-1] INFO  server.RaftServerConfigKeys (ConfUtils.java:logGet(43)) - raft.server.notification.no-leader.timeout = 120s (custom)
2019-09-25 07:21:01,010 [pool-57-thread-1] INFO  server.RaftServerConfigKeys (ConfUtils.java:logGet(43)) - raft.server.log.use.memory = false (default)
2019-09-25 07:21:01,010 [pool-57-thread-1] INFO  server.RaftServerConfigKeys (ConfUtils.java:logGet(43)) - raft.server.log.purge.gap = 1000000 (custom)
2019-09-25 07:21:01,010 [pool-57-thread-1] INFO  server.RaftServerConfigKeys (ConfUtils.java:logGet(43)) - raft.server.log.appender.buffer.byte-limit = 33554432 (custom)
2019-09-25 07:21:01,010 [pool-57-thread-1] INFO  server.RaftServerConfigKeys (ConfUtils.java:logGet(43)) - raft.server.log.segment.size.max = 1048576 (custom)
2019-09-25 07:21:01,010 [pool-57-thread-1] INFO  server.RaftServerConfigKeys (ConfUtils.java:logGet(43)) - raft.server.log.segment.cache.num.max = 2 (custom)
2019-09-25 07:21:01,011 [pool-57-thread-1] INFO  segmented.SegmentedRaftLogWorker (SegmentedRaftLogWorker.java:<init>(172)) - new 790994da-c556-4bb6-9860-e4bcd35fb518@group-862BA68E5CD4-SegmentedRaftLogWorker for RaftStorage:Storage Directory /workdir/hadoop-ozone/ozonefs/target/test-dir/MiniOzoneClusterImpl-48169ae4-fc36-4fd4-bc0e-7a80f7e832d4/datanode-3/data/ratis/7041041e-56b2-4367-b64f-862ba68e5cd4
2019-09-25 07:21:01,011 [pool-57-thread-1] INFO  server.RaftServerConfigKeys (ConfUtils.java:logGet(43)) - raft.server.log.queue.byte-limit = 2147483647 (custom)
2019-09-25 07:21:01,011 [pool-57-thread-1] INFO  server.RaftServerConfigKeys (ConfUtils.java:logGet(43)) - raft.server.log.queue.element-limit = 1024 (custom)
2019-09-25 07:21:01,011 [pool-57-thread-1] INFO  server.RaftServerConfigKeys (ConfUtils.java:logGet(43)) - raft.server.log.segment.size.max = 1048576 (custom)
2019-09-25 07:21:01,011 [pool-57-thread-1] INFO  server.RaftServerConfigKeys (ConfUtils.java:logGet(43)) - raft.server.log.preallocated.size = 16384 (custom)
2019-09-25 07:21:01,011 [pool-57-thread-1] INFO  server.RaftServerConfigKeys (ConfUtils.java:logGet(43)) - raft.server.log.write.buffer.size = 33554432 (custom)
2019-09-25 07:21:01,011 [pool-57-thread-1] INFO  server.RaftServerConfigKeys (ConfUtils.java:logGet(43)) - raft.server.log.force.sync.num = 128 (default)
2019-09-25 07:21:01,011 [pool-57-thread-1] INFO  server.RaftServerConfigKeys (ConfUtils.java:logGet(43)) - raft.server.log.statemachine.data.sync = true (default)
2019-09-25 07:21:01,011 [pool-57-thread-1] INFO  server.RaftServerConfigKeys (ConfUtils.java:logGet(43)) - raft.server.log.statemachine.data.sync.timeout = 10s (default)
2019-09-25 07:21:01,012 [pool-57-thread-1] INFO  server.RaftServerConfigKeys (ConfUtils.java:logGet(43)) - raft.server.log.statemachine.data.sync.timeout.retry = -1 (default)
2019-09-25 07:21:01,012 [pool-57-thread-1] INFO  server.RaftServerConfigKeys (ConfUtils.java:logGet(43)) - raft.server.log.statemachine.data.caching.enabled = true (custom)
2019-09-25 07:21:01,012 [pool-57-thread-1] INFO  segmented.SegmentedRaftLogWorker (SegmentedRaftLogWorker.java:lambda$new$0(132)) - 790994da-c556-4bb6-9860-e4bcd35fb518@group-862BA68E5CD4-SegmentedRaftLogWorker: flushIndex: setUnconditionally 0 -> -1
2019-09-25 07:21:01,012 [pool-57-thread-1] INFO  server.RaftServerConfigKeys (ConfUtils.java:logGet(43)) - raft.server.snapshot.auto.trigger.enabled = true (custom)
2019-09-25 07:21:01,012 [pool-57-thread-1] INFO  server.RaftServerConfigKeys (ConfUtils.java:logGet(43)) - raft.server.snapshot.auto.trigger.threshold = 10000 (custom)
2019-09-25 07:21:01,013 [pool-57-thread-1] INFO  server.RaftServerConfigKeys (ConfUtils.java:logGet(43)) - raft.server.snapshot.retention.num.files = 5 (custom)
2019-09-25 07:21:01,013 [pool-57-thread-1] INFO  server.RaftServerConfigKeys (ConfUtils.java:logGet(43)) - raft.server.retrycache.expirytime = 600000ms (custom)
2019-09-25 07:21:01,015 [pool-57-thread-1] INFO  impl.RaftServerImpl (RaftServerImpl.java:start(185)) - 790994da-c556-4bb6-9860-e4bcd35fb518@group-862BA68E5CD4: start as a follower, conf=-1: [790994da-c556-4bb6-9860-e4bcd35fb518:192.168.30.10:42560], old=null
2019-09-25 07:21:01,015 [pool-57-thread-1] INFO  impl.RaftServerImpl (RaftServerImpl.java:setRole(174)) - 790994da-c556-4bb6-9860-e4bcd35fb518@group-862BA68E5CD4: changes role from      null to FOLLOWER at term 0 for startAsFollower
2019-09-25 07:21:01,015 [pool-57-thread-1] INFO  impl.RoleInfo (RoleInfo.java:updateAndGet(143)) - 790994da-c556-4bb6-9860-e4bcd35fb518: start FollowerState
2019-09-25 07:21:01,015 [pool-57-thread-1] INFO  util.JmxRegister (JmxRegister.java:tryRegister(44)) - Successfully registered JMX Bean with object name Ratis:service=RaftServer,group=group-862BA68E5CD4,id=790994da-c556-4bb6-9860-e4bcd35fb518
2019-09-25 07:21:01,044 [RatisPipelineUtilsThread] INFO  pipeline.PipelineStateManager (PipelineStateManager.java:addPipeline(56)) - Created pipeline Pipeline[ Id: 7041041e-56b2-4367-b64f-862ba68e5cd4, Nodes: 790994da-c556-4bb6-9860-e4bcd35fb518{ip: 192.168.30.10, host: pr-hdds-1569-s62bp-3040748787, networkLocation: /default-rack, certSerialId: null}, Type:RATIS, Factor:ONE, State:OPEN]
2019-09-25 07:21:01,052 [main] INFO  rpc.RpcClient (RpcClient.java:createBucket(415)) - Creating Bucket: volume23667/bucket80545, with Versioning false and Storage Type set to DISK and Encryption set to false 
2019-09-25 07:21:01,591 [grpc-default-executor-0] INFO  impl.RaftServerProxy (RaftServerProxy.java:addNew(89)) - 3ed290a7-a21d-4e57-957f-efca320df8bc: addNew group-AC8169398F05:[3ed290a7-a21d-4e57-957f-efca320df8bc:192.168.30.10:43596] returns group-AC8169398F05:java.util.concurrent.CompletableFuture@3b994193[Not completed]
2019-09-25 07:21:01,955 [pool-97-thread-1] INFO  impl.RaftServerImpl (RaftServerImpl.java:<init>(95)) - 3ed290a7-a21d-4e57-957f-efca320df8bc: new RaftServerImpl for group-AC8169398F05:[3ed290a7-a21d-4e57-957f-efca320df8bc:192.168.30.10:43596] with ContainerStateMachine:uninitialized
2019-09-25 07:21:01,955 [pool-97-thread-1] INFO  server.RaftServerConfigKeys (ConfUtils.java:logGet(43)) - raft.server.rpc.timeout.min = 5s (custom)
2019-09-25 07:21:01,955 [pool-97-thread-1] INFO  server.RaftServerConfigKeys (ConfUtils.java:logGet(43)) - raft.server.rpc.timeout.max = 5200ms (custom)
2019-09-25 07:21:01,955 [pool-97-thread-1] INFO  server.RaftServerConfigKeys (ConfUtils.java:logGet(43)) - raft.server.rpcslowness.timeout = 120s (custom)
2019-09-25 07:21:01,956 [pool-97-thread-1] INFO  server.RaftServerConfigKeys (ConfUtils.java:logGet(43)) - raft.server.sleep.deviation.threshold = 300 (default)
2019-09-25 07:21:01,956 [pool-97-thread-1] INFO  server.RaftServerConfigKeys (ConfUtils.java:logGet(43)) - raft.server.log.appender.install.snapshot.enabled = false (custom)
2019-09-25 07:21:01,956 [pool-97-thread-1] INFO  impl.RaftServerImpl (ServerState.java:<init>(103)) - 3ed290a7-a21d-4e57-957f-efca320df8bc@group-AC8169398F05: ConfigurationManager, init=-1: [3ed290a7-a21d-4e57-957f-efca320df8bc:192.168.30.10:43596], old=null, confs=<EMPTY_MAP>
2019-09-25 07:21:01,956 [pool-97-thread-1] INFO  server.RaftServerConfigKeys (ConfUtils.java:logGet(43)) - raft.server.storage.dir = [/workdir/hadoop-ozone/ozonefs/target/test-dir/MiniOzoneClusterImpl-48169ae4-fc36-4fd4-bc0e-7a80f7e832d4/datanode-7/data/ratis] (custom)
2019-09-25 07:21:01,957 [pool-97-thread-1] INFO  storage.RaftStorageDirectory (RaftStorageDirectory.java:analyzeStorage(246)) - The storage directory /workdir/hadoop-ozone/ozonefs/target/test-dir/MiniOzoneClusterImpl-48169ae4-fc36-4fd4-bc0e-7a80f7e832d4/datanode-7/data/ratis/444c23cf-8bef-462f-9bf0-ac8169398f05 does not exist. Creating ...
2019-09-25 07:21:01,958 [Thread-283] INFO  container.ReplicationManager (ReplicationManager.java:start(163)) - Starting Replication Monitor Thread.
2019-09-25 07:21:01,960 [ReplicationMonitor] INFO  container.ReplicationManager (ReplicationManager.java:run(226)) - Replication Monitor Thread took 0 milliseconds for processing 0 containers.
2019-09-25 07:21:01,970 [pool-97-thread-1] INFO  storage.RaftStorageDirectory (RaftStorageDirectory.java:tryLock(328)) - Lock on /workdir/hadoop-ozone/ozonefs/target/test-dir/MiniOzoneClusterImpl-48169ae4-fc36-4fd4-bc0e-7a80f7e832d4/datanode-7/data/ratis/444c23cf-8bef-462f-9bf0-ac8169398f05/in_use.lock acquired by nodename 26726@pr-hdds-1569-s62bp-3040748787
2019-09-25 07:21:01,985 [pool-97-thread-1] INFO  storage.RaftStorage (RaftStorage.java:format(72)) - Storage directory /workdir/hadoop-ozone/ozonefs/target/test-dir/MiniOzoneClusterImpl-48169ae4-fc36-4fd4-bc0e-7a80f7e832d4/datanode-7/data/ratis/444c23cf-8bef-462f-9bf0-ac8169398f05 has been successfully formatted.
2019-09-25 07:21:01,985 [pool-97-thread-1] INFO  ratis.ContainerStateMachine (ContainerStateMachine.java:loadSnapshot(230)) - group-AC8169398F05: The snapshot info is null. Setting the last applied indexto:(t:0, i:~)
2019-09-25 07:21:01,985 [pool-97-thread-1] INFO  server.RaftServerConfigKeys (ConfUtils.java:logGet(43)) - raft.server.notification.no-leader.timeout = 120s (custom)
2019-09-25 07:21:01,986 [pool-97-thread-1] INFO  server.RaftServerConfigKeys (ConfUtils.java:logGet(43)) - raft.server.log.use.memory = false (default)
2019-09-25 07:21:01,986 [pool-97-thread-1] INFO  server.RaftServerConfigKeys (ConfUtils.java:logGet(43)) - raft.server.log.purge.gap = 1000000 (custom)
2019-09-25 07:21:01,986 [pool-97-thread-1] INFO  server.RaftServerConfigKeys (ConfUtils.java:logGet(43)) - raft.server.log.appender.buffer.byte-limit = 33554432 (custom)
2019-09-25 07:21:01,986 [pool-97-thread-1] INFO  server.RaftServerConfigKeys (ConfUtils.java:logGet(43)) - raft.server.log.segment.size.max = 1048576 (custom)
2019-09-25 07:21:01,986 [pool-97-thread-1] INFO  server.RaftServerConfigKeys (ConfUtils.java:logGet(43)) - raft.server.log.segment.cache.num.max = 2 (custom)
2019-09-25 07:21:01,987 [pool-97-thread-1] INFO  segmented.SegmentedRaftLogWorker (SegmentedRaftLogWorker.java:<init>(172)) - new 3ed290a7-a21d-4e57-957f-efca320df8bc@group-AC8169398F05-SegmentedRaftLogWorker for RaftStorage:Storage Directory /workdir/hadoop-ozone/ozonefs/target/test-dir/MiniOzoneClusterImpl-48169ae4-fc36-4fd4-bc0e-7a80f7e832d4/datanode-7/data/ratis/444c23cf-8bef-462f-9bf0-ac8169398f05
2019-09-25 07:21:01,990 [pool-97-thread-1] INFO  server.RaftServerConfigKeys (ConfUtils.java:logGet(43)) - raft.server.log.queue.byte-limit = 2147483647 (custom)
2019-09-25 07:21:01,990 [pool-97-thread-1] INFO  server.RaftServerConfigKeys (ConfUtils.java:logGet(43)) - raft.server.log.queue.element-limit = 1024 (custom)
2019-09-25 07:21:01,990 [pool-97-thread-1] INFO  server.RaftServerConfigKeys (ConfUtils.java:logGet(43)) - raft.server.log.segment.size.max = 1048576 (custom)
2019-09-25 07:21:01,990 [pool-97-thread-1] INFO  server.RaftServerConfigKeys (ConfUtils.java:logGet(43)) - raft.server.log.preallocated.size = 16384 (custom)
2019-09-25 07:21:01,990 [pool-97-thread-1] INFO  server.RaftServerConfigKeys (ConfUtils.java:logGet(43)) - raft.server.log.write.buffer.size = 33554432 (custom)
2019-09-25 07:21:01,991 [pool-97-thread-1] INFO  server.RaftServerConfigKeys (ConfUtils.java:logGet(43)) - raft.server.log.force.sync.num = 128 (default)
2019-09-25 07:21:01,991 [pool-97-thread-1] INFO  server.RaftServerConfigKeys (ConfUtils.java:logGet(43)) - raft.server.log.statemachine.data.sync = true (default)
2019-09-25 07:21:01,991 [pool-97-thread-1] INFO  server.RaftServerConfigKeys (ConfUtils.java:logGet(43)) - raft.server.log.statemachine.data.sync.timeout = 10s (default)
2019-09-25 07:21:01,991 [pool-97-thread-1] INFO  server.RaftServerConfigKeys (ConfUtils.java:logGet(43)) - raft.server.log.statemachine.data.sync.timeout.retry = -1 (default)
2019-09-25 07:21:01,991 [pool-97-thread-1] INFO  server.RaftServerConfigKeys (ConfUtils.java:logGet(43)) - raft.server.log.statemachine.data.caching.enabled = true (custom)
2019-09-25 07:21:01,992 [pool-97-thread-1] INFO  segmented.SegmentedRaftLogWorker (SegmentedRaftLogWorker.java:lambda$new$0(132)) - 3ed290a7-a21d-4e57-957f-efca320df8bc@group-AC8169398F05-SegmentedRaftLogWorker: flushIndex: setUnconditionally 0 -> -1
2019-09-25 07:21:01,992 [pool-97-thread-1] INFO  server.RaftServerConfigKeys (ConfUtils.java:logGet(43)) - raft.server.snapshot.auto.trigger.enabled = true (custom)
2019-09-25 07:21:01,992 [pool-97-thread-1] INFO  server.RaftServerConfigKeys (ConfUtils.java:logGet(43)) - raft.server.snapshot.auto.trigger.threshold = 10000 (custom)
2019-09-25 07:21:01,993 [pool-97-thread-1] INFO  server.RaftServerConfigKeys (ConfUtils.java:logGet(43)) - raft.server.snapshot.retention.num.files = 5 (custom)
2019-09-25 07:21:01,993 [pool-97-thread-1] INFO  server.RaftServerConfigKeys (ConfUtils.java:logGet(43)) - raft.server.retrycache.expirytime = 600000ms (custom)
2019-09-25 07:21:01,996 [pool-97-thread-1] INFO  impl.RaftServerImpl (RaftServerImpl.java:start(185)) - 3ed290a7-a21d-4e57-957f-efca320df8bc@group-AC8169398F05: start as a follower, conf=-1: [3ed290a7-a21d-4e57-957f-efca320df8bc:192.168.30.10:43596], old=null
2019-09-25 07:21:01,996 [pool-97-thread-1] INFO  impl.RaftServerImpl (RaftServerImpl.java:setRole(174)) - 3ed290a7-a21d-4e57-957f-efca320df8bc@group-AC8169398F05: changes role from      null to FOLLOWER at term 0 for startAsFollower
2019-09-25 07:21:01,996 [pool-97-thread-1] INFO  impl.RoleInfo (RoleInfo.java:updateAndGet(143)) - 3ed290a7-a21d-4e57-957f-efca320df8bc: start FollowerState
2019-09-25 07:21:02,006 [pool-97-thread-1] INFO  util.JmxRegister (JmxRegister.java:tryRegister(44)) - Successfully registered JMX Bean with object name Ratis:service=RaftServer,group=group-AC8169398F05,id=3ed290a7-a21d-4e57-957f-efca320df8bc
2019-09-25 07:21:02,032 [RatisPipelineUtilsThread] INFO  pipeline.PipelineStateManager (PipelineStateManager.java:addPipeline(56)) - Created pipeline Pipeline[ Id: 444c23cf-8bef-462f-9bf0-ac8169398f05, Nodes: 3ed290a7-a21d-4e57-957f-efca320df8bc{ip: 192.168.30.10, host: pr-hdds-1569-s62bp-3040748787, networkLocation: /default-rack, certSerialId: null}, Type:RATIS, Factor:ONE, State:OPEN]
2019-09-25 07:21:02,043 [grpc-default-executor-0] INFO  impl.RaftServerProxy (RaftServerProxy.java:addNew(89)) - 3ed290a7-a21d-4e57-957f-efca320df8bc: addNew group-9C401E06E3E1:[3ed290a7-a21d-4e57-957f-efca320df8bc:192.168.30.10:43596] returns group-9C401E06E3E1:java.util.concurrent.CompletableFuture@2fd43685[Not completed]
2019-09-25 07:21:02,044 [pool-97-thread-1] INFO  impl.RaftServerImpl (RaftServerImpl.java:<init>(95)) - 3ed290a7-a21d-4e57-957f-efca320df8bc: new RaftServerImpl for group-9C401E06E3E1:[3ed290a7-a21d-4e57-957f-efca320df8bc:192.168.30.10:43596] with ContainerStateMachine:uninitialized
2019-09-25 07:21:02,044 [pool-97-thread-1] INFO  server.RaftServerConfigKeys (ConfUtils.java:logGet(43)) - raft.server.rpc.timeout.min = 5s (custom)
2019-09-25 07:21:02,045 [pool-97-thread-1] INFO  server.RaftServerConfigKeys (ConfUtils.java:logGet(43)) - raft.server.rpc.timeout.max = 5200ms (custom)
2019-09-25 07:21:02,045 [pool-97-thread-1] INFO  server.RaftServerConfigKeys (ConfUtils.java:logGet(43)) - raft.server.rpcslowness.timeout = 120s (custom)
2019-09-25 07:21:02,045 [pool-97-thread-1] INFO  server.RaftServerConfigKeys (ConfUtils.java:logGet(43)) - raft.server.sleep.deviation.threshold = 300 (default)
2019-09-25 07:21:02,045 [pool-97-thread-1] INFO  server.RaftServerConfigKeys (ConfUtils.java:logGet(43)) - raft.server.log.appender.install.snapshot.enabled = false (custom)
2019-09-25 07:21:02,045 [pool-97-thread-1] INFO  impl.RaftServerImpl (ServerState.java:<init>(103)) - 3ed290a7-a21d-4e57-957f-efca320df8bc@group-9C401E06E3E1: ConfigurationManager, init=-1: [3ed290a7-a21d-4e57-957f-efca320df8bc:192.168.30.10:43596], old=null, confs=<EMPTY_MAP>
2019-09-25 07:21:02,045 [pool-97-thread-1] INFO  server.RaftServerConfigKeys (ConfUtils.java:logGet(43)) - raft.server.storage.dir = [/workdir/hadoop-ozone/ozonefs/target/test-dir/MiniOzoneClusterImpl-48169ae4-fc36-4fd4-bc0e-7a80f7e832d4/datanode-7/data/ratis] (custom)
2019-09-25 07:21:02,046 [pool-97-thread-1] INFO  storage.RaftStorageDirectory (RaftStorageDirectory.java:analyzeStorage(246)) - The storage directory /workdir/hadoop-ozone/ozonefs/target/test-dir/MiniOzoneClusterImpl-48169ae4-fc36-4fd4-bc0e-7a80f7e832d4/datanode-7/data/ratis/92337bc2-6028-4d1c-bd77-9c401e06e3e1 does not exist. Creating ...
2019-09-25 07:21:02,059 [pool-97-thread-1] INFO  storage.RaftStorageDirectory (RaftStorageDirectory.java:tryLock(328)) - Lock on /workdir/hadoop-ozone/ozonefs/target/test-dir/MiniOzoneClusterImpl-48169ae4-fc36-4fd4-bc0e-7a80f7e832d4/datanode-7/data/ratis/92337bc2-6028-4d1c-bd77-9c401e06e3e1/in_use.lock acquired by nodename 26726@pr-hdds-1569-s62bp-3040748787
2019-09-25 07:21:02,075 [pool-97-thread-1] INFO  storage.RaftStorage (RaftStorage.java:format(72)) - Storage directory /workdir/hadoop-ozone/ozonefs/target/test-dir/MiniOzoneClusterImpl-48169ae4-fc36-4fd4-bc0e-7a80f7e832d4/datanode-7/data/ratis/92337bc2-6028-4d1c-bd77-9c401e06e3e1 has been successfully formatted.
2019-09-25 07:21:02,075 [pool-97-thread-1] INFO  ratis.ContainerStateMachine (ContainerStateMachine.java:loadSnapshot(230)) - group-9C401E06E3E1: The snapshot info is null. Setting the last applied indexto:(t:0, i:~)
2019-09-25 07:21:02,076 [pool-97-thread-1] INFO  server.RaftServerConfigKeys (ConfUtils.java:logGet(43)) - raft.server.notification.no-leader.timeout = 120s (custom)
2019-09-25 07:21:02,076 [pool-97-thread-1] INFO  server.RaftServerConfigKeys (ConfUtils.java:logGet(43)) - raft.server.log.use.memory = false (default)
2019-09-25 07:21:02,076 [pool-97-thread-1] INFO  server.RaftServerConfigKeys (ConfUtils.java:logGet(43)) - raft.server.log.purge.gap = 1000000 (custom)
2019-09-25 07:21:02,076 [pool-97-thread-1] INFO  server.RaftServerConfigKeys (ConfUtils.java:logGet(43)) - raft.server.log.appender.buffer.byte-limit = 33554432 (custom)
2019-09-25 07:21:02,076 [pool-97-thread-1] INFO  server.RaftServerConfigKeys (ConfUtils.java:logGet(43)) - raft.server.log.segment.size.max = 1048576 (custom)
2019-09-25 07:21:02,076 [pool-97-thread-1] INFO  server.RaftServerConfigKeys (ConfUtils.java:logGet(43)) - raft.server.log.segment.cache.num.max = 2 (custom)
2019-09-25 07:21:02,077 [pool-97-thread-1] INFO  segmented.SegmentedRaftLogWorker (SegmentedRaftLogWorker.java:<init>(172)) - new 3ed290a7-a21d-4e57-957f-efca320df8bc@group-9C401E06E3E1-SegmentedRaftLogWorker for RaftStorage:Storage Directory /workdir/hadoop-ozone/ozonefs/target/test-dir/MiniOzoneClusterImpl-48169ae4-fc36-4fd4-bc0e-7a80f7e832d4/datanode-7/data/ratis/92337bc2-6028-4d1c-bd77-9c401e06e3e1
2019-09-25 07:21:02,077 [pool-97-thread-1] INFO  server.RaftServerConfigKeys (ConfUtils.java:logGet(43)) - raft.server.log.queue.byte-limit = 2147483647 (custom)
2019-09-25 07:21:02,077 [pool-97-thread-1] INFO  server.RaftServerConfigKeys (ConfUtils.java:logGet(43)) - raft.server.log.queue.element-limit = 1024 (custom)
2019-09-25 07:21:02,077 [pool-97-thread-1] INFO  server.RaftServerConfigKeys (ConfUtils.java:logGet(43)) - raft.server.log.segment.size.max = 1048576 (custom)
2019-09-25 07:21:02,077 [pool-97-thread-1] INFO  server.RaftServerConfigKeys (ConfUtils.java:logGet(43)) - raft.server.log.preallocated.size = 16384 (custom)
2019-09-25 07:21:02,077 [pool-97-thread-1] INFO  server.RaftServerConfigKeys (ConfUtils.java:logGet(43)) - raft.server.log.write.buffer.size = 33554432 (custom)
2019-09-25 07:21:02,078 [pool-97-thread-1] INFO  server.RaftServerConfigKeys (ConfUtils.java:logGet(43)) - raft.server.log.force.sync.num = 128 (default)
2019-09-25 07:21:02,078 [pool-97-thread-1] INFO  server.RaftServerConfigKeys (ConfUtils.java:logGet(43)) - raft.server.log.statemachine.data.sync = true (default)
2019-09-25 07:21:02,078 [pool-97-thread-1] INFO  server.RaftServerConfigKeys (ConfUtils.java:logGet(43)) - raft.server.log.statemachine.data.sync.timeout = 10s (default)
2019-09-25 07:21:02,078 [pool-97-thread-1] INFO  server.RaftServerConfigKeys (ConfUtils.java:logGet(43)) - raft.server.log.statemachine.data.sync.timeout.retry = -1 (default)
2019-09-25 07:21:02,078 [pool-97-thread-1] INFO  server.RaftServerConfigKeys (ConfUtils.java:logGet(43)) - raft.server.log.statemachine.data.caching.enabled = true (custom)
2019-09-25 07:21:02,079 [pool-97-thread-1] INFO  segmented.SegmentedRaftLogWorker (SegmentedRaftLogWorker.java:lambda$new$0(132)) - 3ed290a7-a21d-4e57-957f-efca320df8bc@group-9C401E06E3E1-SegmentedRaftLogWorker: flushIndex: setUnconditionally 0 -> -1
2019-09-25 07:21:02,079 [pool-97-thread-1] INFO  server.RaftServerConfigKeys (ConfUtils.java:logGet(43)) - raft.server.snapshot.auto.trigger.enabled = true (custom)
2019-09-25 07:21:02,079 [pool-97-thread-1] INFO  server.RaftServerConfigKeys (ConfUtils.java:logGet(43)) - raft.server.snapshot.auto.trigger.threshold = 10000 (custom)
2019-09-25 07:21:02,079 [pool-97-thread-1] INFO  server.RaftServerConfigKeys (ConfUtils.java:logGet(43)) - raft.server.snapshot.retention.num.files = 5 (custom)
2019-09-25 07:21:02,080 [pool-97-thread-1] INFO  server.RaftServerConfigKeys (ConfUtils.java:logGet(43)) - raft.server.retrycache.expirytime = 600000ms (custom)
2019-09-25 07:21:02,082 [pool-97-thread-1] INFO  impl.RaftServerImpl (RaftServerImpl.java:start(185)) - 3ed290a7-a21d-4e57-957f-efca320df8bc@group-9C401E06E3E1: start as a follower, conf=-1: [3ed290a7-a21d-4e57-957f-efca320df8bc:192.168.30.10:43596], old=null
2019-09-25 07:21:02,083 [pool-97-thread-1] INFO  impl.RaftServerImpl (RaftServerImpl.java:setRole(174)) - 3ed290a7-a21d-4e57-957f-efca320df8bc@group-9C401E06E3E1: changes role from      null to FOLLOWER at term 0 for startAsFollower
2019-09-25 07:21:02,083 [pool-97-thread-1] INFO  impl.RoleInfo (RoleInfo.java:updateAndGet(143)) - 3ed290a7-a21d-4e57-957f-efca320df8bc: start FollowerState
2019-09-25 07:21:02,083 [pool-97-thread-1] INFO  util.JmxRegister (JmxRegister.java:tryRegister(44)) - Successfully registered JMX Bean with object name Ratis:service=RaftServer,group=group-9C401E06E3E1,id=3ed290a7-a21d-4e57-957f-efca320df8bc
2019-09-25 07:21:02,090 [RatisPipelineUtilsThread] INFO  pipeline.PipelineStateManager (PipelineStateManager.java:addPipeline(56)) - Created pipeline Pipeline[ Id: 92337bc2-6028-4d1c-bd77-9c401e06e3e1, Nodes: 3ed290a7-a21d-4e57-957f-efca320df8bc{ip: 192.168.30.10, host: pr-hdds-1569-s62bp-3040748787, networkLocation: /default-rack, certSerialId: null}, Type:RATIS, Factor:ONE, State:OPEN]
2019-09-25 07:21:02,102 [grpc-default-executor-0] INFO  impl.RaftServerProxy (RaftServerProxy.java:addNew(89)) - f5d629fd-ecfe-43ee-9421-b64933e3fd75: addNew group-4F39C7A548F4:[f5d629fd-ecfe-43ee-9421-b64933e3fd75:192.168.30.10:37985] returns group-4F39C7A548F4:java.util.concurrent.CompletableFuture@61ee4699[Not completed]
2019-09-25 07:21:02,103 [pool-37-thread-1] INFO  impl.RaftServerImpl (RaftServerImpl.java:<init>(95)) - f5d629fd-ecfe-43ee-9421-b64933e3fd75: new RaftServerImpl for group-4F39C7A548F4:[f5d629fd-ecfe-43ee-9421-b64933e3fd75:192.168.30.10:37985] with ContainerStateMachine:uninitialized
2019-09-25 07:21:02,103 [pool-37-thread-1] INFO  server.RaftServerConfigKeys (ConfUtils.java:logGet(43)) - raft.server.rpc.timeout.min = 5s (custom)
2019-09-25 07:21:02,103 [pool-37-thread-1] INFO  server.RaftServerConfigKeys (ConfUtils.java:logGet(43)) - raft.server.rpc.timeout.max = 5200ms (custom)
2019-09-25 07:21:02,103 [pool-37-thread-1] INFO  server.RaftServerConfigKeys (ConfUtils.java:logGet(43)) - raft.server.rpcslowness.timeout = 120s (custom)
2019-09-25 07:21:02,103 [pool-37-thread-1] INFO  server.RaftServerConfigKeys (ConfUtils.java:logGet(43)) - raft.server.sleep.deviation.threshold = 300 (default)
2019-09-25 07:21:02,103 [pool-37-thread-1] INFO  server.RaftServerConfigKeys (ConfUtils.java:logGet(43)) - raft.server.log.appender.install.snapshot.enabled = false (custom)
2019-09-25 07:21:02,103 [pool-37-thread-1] INFO  impl.RaftServerImpl (ServerState.java:<init>(103)) - f5d629fd-ecfe-43ee-9421-b64933e3fd75@group-4F39C7A548F4: ConfigurationManager, init=-1: [f5d629fd-ecfe-43ee-9421-b64933e3fd75:192.168.30.10:37985], old=null, confs=<EMPTY_MAP>
2019-09-25 07:21:02,103 [pool-37-thread-1] INFO  server.RaftServerConfigKeys (ConfUtils.java:logGet(43)) - raft.server.storage.dir = [/workdir/hadoop-ozone/ozonefs/target/test-dir/MiniOzoneClusterImpl-48169ae4-fc36-4fd4-bc0e-7a80f7e832d4/datanode-1/data/ratis] (custom)
2019-09-25 07:21:02,104 [pool-37-thread-1] INFO  storage.RaftStorageDirectory (RaftStorageDirectory.java:analyzeStorage(246)) - The storage directory /workdir/hadoop-ozone/ozonefs/target/test-dir/MiniOzoneClusterImpl-48169ae4-fc36-4fd4-bc0e-7a80f7e832d4/datanode-1/data/ratis/bc682c28-20cc-4761-b4dd-4f39c7a548f4 does not exist. Creating ...
2019-09-25 07:21:02,117 [pool-37-thread-1] INFO  storage.RaftStorageDirectory (RaftStorageDirectory.java:tryLock(328)) - Lock on /workdir/hadoop-ozone/ozonefs/target/test-dir/MiniOzoneClusterImpl-48169ae4-fc36-4fd4-bc0e-7a80f7e832d4/datanode-1/data/ratis/bc682c28-20cc-4761-b4dd-4f39c7a548f4/in_use.lock acquired by nodename 26726@pr-hdds-1569-s62bp-3040748787
2019-09-25 07:21:02,131 [pool-37-thread-1] INFO  storage.RaftStorage (RaftStorage.java:format(72)) - Storage directory /workdir/hadoop-ozone/ozonefs/target/test-dir/MiniOzoneClusterImpl-48169ae4-fc36-4fd4-bc0e-7a80f7e832d4/datanode-1/data/ratis/bc682c28-20cc-4761-b4dd-4f39c7a548f4 has been successfully formatted.
2019-09-25 07:21:02,132 [pool-37-thread-1] INFO  ratis.ContainerStateMachine (ContainerStateMachine.java:loadSnapshot(230)) - group-4F39C7A548F4: The snapshot info is null. Setting the last applied indexto:(t:0, i:~)
2019-09-25 07:21:02,132 [pool-37-thread-1] INFO  server.RaftServerConfigKeys (ConfUtils.java:logGet(43)) - raft.server.notification.no-leader.timeout = 120s (custom)
2019-09-25 07:21:02,132 [pool-37-thread-1] INFO  server.RaftServerConfigKeys (ConfUtils.java:logGet(43)) - raft.server.log.use.memory = false (default)
2019-09-25 07:21:02,132 [pool-37-thread-1] INFO  server.RaftServerConfigKeys (ConfUtils.java:logGet(43)) - raft.server.log.purge.gap = 1000000 (custom)
2019-09-25 07:21:02,132 [pool-37-thread-1] INFO  server.RaftServerConfigKeys (ConfUtils.java:logGet(43)) - raft.server.log.appender.buffer.byte-limit = 33554432 (custom)
2019-09-25 07:21:02,132 [pool-37-thread-1] INFO  server.RaftServerConfigKeys (ConfUtils.java:logGet(43)) - raft.server.log.segment.size.max = 1048576 (custom)
2019-09-25 07:21:02,132 [pool-37-thread-1] INFO  server.RaftServerConfigKeys (ConfUtils.java:logGet(43)) - raft.server.log.segment.cache.num.max = 2 (custom)
2019-09-25 07:21:02,132 [pool-37-thread-1] INFO  segmented.SegmentedRaftLogWorker (SegmentedRaftLogWorker.java:<init>(172)) - new f5d629fd-ecfe-43ee-9421-b64933e3fd75@group-4F39C7A548F4-SegmentedRaftLogWorker for RaftStorage:Storage Directory /workdir/hadoop-ozone/ozonefs/target/test-dir/MiniOzoneClusterImpl-48169ae4-fc36-4fd4-bc0e-7a80f7e832d4/datanode-1/data/ratis/bc682c28-20cc-4761-b4dd-4f39c7a548f4
2019-09-25 07:21:02,133 [pool-37-thread-1] INFO  server.RaftServerConfigKeys (ConfUtils.java:logGet(43)) - raft.server.log.queue.byte-limit = 2147483647 (custom)
2019-09-25 07:21:02,133 [pool-37-thread-1] INFO  server.RaftServerConfigKeys (ConfUtils.java:logGet(43)) - raft.server.log.queue.element-limit = 1024 (custom)
2019-09-25 07:21:02,133 [pool-37-thread-1] INFO  server.RaftServerConfigKeys (ConfUtils.java:logGet(43)) - raft.server.log.segment.size.max = 1048576 (custom)
2019-09-25 07:21:02,133 [pool-37-thread-1] INFO  server.RaftServerConfigKeys (ConfUtils.java:logGet(43)) - raft.server.log.preallocated.size = 16384 (custom)
2019-09-25 07:21:02,133 [pool-37-thread-1] INFO  server.RaftServerConfigKeys (ConfUtils.java:logGet(43)) - raft.server.log.write.buffer.size = 33554432 (custom)
2019-09-25 07:21:02,133 [pool-37-thread-1] INFO  server.RaftServerConfigKeys (ConfUtils.java:logGet(43)) - raft.server.log.force.sync.num = 128 (default)
2019-09-25 07:21:02,133 [pool-37-thread-1] INFO  server.RaftServerConfigKeys (ConfUtils.java:logGet(43)) - raft.server.log.statemachine.data.sync = true (default)
2019-09-25 07:21:02,133 [pool-37-thread-1] INFO  server.RaftServerConfigKeys (ConfUtils.java:logGet(43)) - raft.server.log.statemachine.data.sync.timeout = 10s (default)
2019-09-25 07:21:02,133 [pool-37-thread-1] INFO  server.RaftServerConfigKeys (ConfUtils.java:logGet(43)) - raft.server.log.statemachine.data.sync.timeout.retry = -1 (default)
2019-09-25 07:21:02,133 [pool-37-thread-1] INFO  server.RaftServerConfigKeys (ConfUtils.java:logGet(43)) - raft.server.log.statemachine.data.caching.enabled = true (custom)
2019-09-25 07:21:02,134 [pool-37-thread-1] INFO  segmented.SegmentedRaftLogWorker (SegmentedRaftLogWorker.java:lambda$new$0(132)) - f5d629fd-ecfe-43ee-9421-b64933e3fd75@group-4F39C7A548F4-SegmentedRaftLogWorker: flushIndex: setUnconditionally 0 -> -1
2019-09-25 07:21:02,134 [pool-37-thread-1] INFO  server.RaftServerConfigKeys (ConfUtils.java:logGet(43)) - raft.server.snapshot.auto.trigger.enabled = true (custom)
2019-09-25 07:21:02,134 [pool-37-thread-1] INFO  server.RaftServerConfigKeys (ConfUtils.java:logGet(43)) - raft.server.snapshot.auto.trigger.threshold = 10000 (custom)
2019-09-25 07:21:02,134 [pool-37-thread-1] INFO  server.RaftServerConfigKeys (ConfUtils.java:logGet(43)) - raft.server.snapshot.retention.num.files = 5 (custom)
2019-09-25 07:21:02,134 [pool-37-thread-1] INFO  server.RaftServerConfigKeys (ConfUtils.java:logGet(43)) - raft.server.retrycache.expirytime = 600000ms (custom)
2019-09-25 07:21:02,136 [pool-37-thread-1] INFO  impl.RaftServerImpl (RaftServerImpl.java:start(185)) - f5d629fd-ecfe-43ee-9421-b64933e3fd75@group-4F39C7A548F4: start as a follower, conf=-1: [f5d629fd-ecfe-43ee-9421-b64933e3fd75:192.168.30.10:37985], old=null
2019-09-25 07:21:02,136 [pool-37-thread-1] INFO  impl.RaftServerImpl (RaftServerImpl.java:setRole(174)) - f5d629fd-ecfe-43ee-9421-b64933e3fd75@group-4F39C7A548F4: changes role from      null to FOLLOWER at term 0 for startAsFollower
2019-09-25 07:21:02,136 [pool-37-thread-1] INFO  impl.RoleInfo (RoleInfo.java:updateAndGet(143)) - f5d629fd-ecfe-43ee-9421-b64933e3fd75: start FollowerState
2019-09-25 07:21:02,137 [pool-37-thread-1] INFO  util.JmxRegister (JmxRegister.java:tryRegister(44)) - Successfully registered JMX Bean with object name Ratis:service=RaftServer,group=group-4F39C7A548F4,id=f5d629fd-ecfe-43ee-9421-b64933e3fd75
2019-09-25 07:21:02,143 [RatisPipelineUtilsThread] INFO  pipeline.PipelineStateManager (PipelineStateManager.java:addPipeline(56)) - Created pipeline Pipeline[ Id: bc682c28-20cc-4761-b4dd-4f39c7a548f4, Nodes: f5d629fd-ecfe-43ee-9421-b64933e3fd75{ip: 192.168.30.10, host: pr-hdds-1569-s62bp-3040748787, networkLocation: /default-rack, certSerialId: null}, Type:RATIS, Factor:ONE, State:OPEN]
2019-09-25 07:21:02,155 [grpc-default-executor-0] INFO  impl.RaftServerProxy (RaftServerProxy.java:addNew(89)) - 8c621658-b0ee-4cf2-b145-27cf4e621fee: addNew group-146203E33581:[8c621658-b0ee-4cf2-b145-27cf4e621fee:192.168.30.10:39467] returns group-146203E33581:java.util.concurrent.CompletableFuture@6a6b4165[Not completed]
2019-09-25 07:21:02,157 [pool-67-thread-1] INFO  impl.RaftServerImpl (RaftServerImpl.java:<init>(95)) - 8c621658-b0ee-4cf2-b145-27cf4e621fee: new RaftServerImpl for group-146203E33581:[8c621658-b0ee-4cf2-b145-27cf4e621fee:192.168.30.10:39467] with ContainerStateMachine:uninitialized
2019-09-25 07:21:02,157 [pool-67-thread-1] INFO  server.RaftServerConfigKeys (ConfUtils.java:logGet(43)) - raft.server.rpc.timeout.min = 5s (custom)
2019-09-25 07:21:02,157 [pool-67-thread-1] INFO  server.RaftServerConfigKeys (ConfUtils.java:logGet(43)) - raft.server.rpc.timeout.max = 5200ms (custom)
2019-09-25 07:21:02,157 [pool-67-thread-1] INFO  server.RaftServerConfigKeys (ConfUtils.java:logGet(43)) - raft.server.rpcslowness.timeout = 120s (custom)
2019-09-25 07:21:02,157 [pool-67-thread-1] INFO  server.RaftServerConfigKeys (ConfUtils.java:logGet(43)) - raft.server.sleep.deviation.threshold = 300 (default)
2019-09-25 07:21:02,157 [pool-67-thread-1] INFO  server.RaftServerConfigKeys (ConfUtils.java:logGet(43)) - raft.server.log.appender.install.snapshot.enabled = false (custom)
2019-09-25 07:21:02,158 [pool-67-thread-1] INFO  impl.RaftServerImpl (ServerState.java:<init>(103)) - 8c621658-b0ee-4cf2-b145-27cf4e621fee@group-146203E33581: ConfigurationManager, init=-1: [8c621658-b0ee-4cf2-b145-27cf4e621fee:192.168.30.10:39467], old=null, confs=<EMPTY_MAP>
2019-09-25 07:21:02,158 [pool-67-thread-1] INFO  server.RaftServerConfigKeys (ConfUtils.java:logGet(43)) - raft.server.storage.dir = [/workdir/hadoop-ozone/ozonefs/target/test-dir/MiniOzoneClusterImpl-48169ae4-fc36-4fd4-bc0e-7a80f7e832d4/datanode-4/data/ratis] (custom)
2019-09-25 07:21:02,158 [pool-67-thread-1] INFO  storage.RaftStorageDirectory (RaftStorageDirectory.java:analyzeStorage(246)) - The storage directory /workdir/hadoop-ozone/ozonefs/target/test-dir/MiniOzoneClusterImpl-48169ae4-fc36-4fd4-bc0e-7a80f7e832d4/datanode-4/data/ratis/01f36b47-79b2-493e-932c-146203e33581 does not exist. Creating ...
2019-09-25 07:21:02,171 [pool-67-thread-1] INFO  storage.RaftStorageDirectory (RaftStorageDirectory.java:tryLock(328)) - Lock on /workdir/hadoop-ozone/ozonefs/target/test-dir/MiniOzoneClusterImpl-48169ae4-fc36-4fd4-bc0e-7a80f7e832d4/datanode-4/data/ratis/01f36b47-79b2-493e-932c-146203e33581/in_use.lock acquired by nodename 26726@pr-hdds-1569-s62bp-3040748787
2019-09-25 07:21:02,185 [pool-67-thread-1] INFO  storage.RaftStorage (RaftStorage.java:format(72)) - Storage directory /workdir/hadoop-ozone/ozonefs/target/test-dir/MiniOzoneClusterImpl-48169ae4-fc36-4fd4-bc0e-7a80f7e832d4/datanode-4/data/ratis/01f36b47-79b2-493e-932c-146203e33581 has been successfully formatted.
2019-09-25 07:21:02,185 [pool-67-thread-1] INFO  ratis.ContainerStateMachine (ContainerStateMachine.java:loadSnapshot(230)) - group-146203E33581: The snapshot info is null. Setting the last applied indexto:(t:0, i:~)
2019-09-25 07:21:02,185 [pool-67-thread-1] INFO  server.RaftServerConfigKeys (ConfUtils.java:logGet(43)) - raft.server.notification.no-leader.timeout = 120s (custom)
2019-09-25 07:21:02,185 [pool-67-thread-1] INFO  server.RaftServerConfigKeys (ConfUtils.java:logGet(43)) - raft.server.log.use.memory = false (default)
2019-09-25 07:21:02,185 [pool-67-thread-1] INFO  server.RaftServerConfigKeys (ConfUtils.java:logGet(43)) - raft.server.log.purge.gap = 1000000 (custom)
2019-09-25 07:21:02,185 [pool-67-thread-1] INFO  server.RaftServerConfigKeys (ConfUtils.java:logGet(43)) - raft.server.log.appender.buffer.byte-limit = 33554432 (custom)
2019-09-25 07:21:02,186 [pool-67-thread-1] INFO  server.RaftServerConfigKeys (ConfUtils.java:logGet(43)) - raft.server.log.segment.size.max = 1048576 (custom)
2019-09-25 07:21:02,186 [pool-67-thread-1] INFO  server.RaftServerConfigKeys (ConfUtils.java:logGet(43)) - raft.server.log.segment.cache.num.max = 2 (custom)
2019-09-25 07:21:02,186 [pool-67-thread-1] INFO  segmented.SegmentedRaftLogWorker (SegmentedRaftLogWorker.java:<init>(172)) - new 8c621658-b0ee-4cf2-b145-27cf4e621fee@group-146203E33581-SegmentedRaftLogWorker for RaftStorage:Storage Directory /workdir/hadoop-ozone/ozonefs/target/test-dir/MiniOzoneClusterImpl-48169ae4-fc36-4fd4-bc0e-7a80f7e832d4/datanode-4/data/ratis/01f36b47-79b2-493e-932c-146203e33581
2019-09-25 07:21:02,188 [pool-67-thread-1] INFO  server.RaftServerConfigKeys (ConfUtils.java:logGet(43)) - raft.server.log.queue.byte-limit = 2147483647 (custom)
2019-09-25 07:21:02,189 [pool-67-thread-1] INFO  server.RaftServerConfigKeys (ConfUtils.java:logGet(43)) - raft.server.log.queue.element-limit = 1024 (custom)
2019-09-25 07:21:02,189 [pool-67-thread-1] INFO  server.RaftServerConfigKeys (ConfUtils.java:logGet(43)) - raft.server.log.segment.size.max = 1048576 (custom)
2019-09-25 07:21:02,189 [pool-67-thread-1] INFO  server.RaftServerConfigKeys (ConfUtils.java:logGet(43)) - raft.server.log.preallocated.size = 16384 (custom)
2019-09-25 07:21:02,189 [pool-67-thread-1] INFO  server.RaftServerConfigKeys (ConfUtils.java:logGet(43)) - raft.server.log.write.buffer.size = 33554432 (custom)
2019-09-25 07:21:02,189 [pool-67-thread-1] INFO  server.RaftServerConfigKeys (ConfUtils.java:logGet(43)) - raft.server.log.force.sync.num = 128 (default)
2019-09-25 07:21:02,189 [pool-67-thread-1] INFO  server.RaftServerConfigKeys (ConfUtils.java:logGet(43)) - raft.server.log.statemachine.data.sync = true (default)
2019-09-25 07:21:02,189 [pool-67-thread-1] INFO  server.RaftServerConfigKeys (ConfUtils.java:logGet(43)) - raft.server.log.statemachine.data.sync.timeout = 10s (default)
2019-09-25 07:21:02,190 [pool-67-thread-1] INFO  server.RaftServerConfigKeys (ConfUtils.java:logGet(43)) - raft.server.log.statemachine.data.sync.timeout.retry = -1 (default)
2019-09-25 07:21:02,190 [pool-67-thread-1] INFO  server.RaftServerConfigKeys (ConfUtils.java:logGet(43)) - raft.server.log.statemachine.data.caching.enabled = true (custom)
2019-09-25 07:21:02,190 [pool-67-thread-1] INFO  segmented.SegmentedRaftLogWorker (SegmentedRaftLogWorker.java:lambda$new$0(132)) - 8c621658-b0ee-4cf2-b145-27cf4e621fee@group-146203E33581-SegmentedRaftLogWorker: flushIndex: setUnconditionally 0 -> -1
2019-09-25 07:21:02,190 [pool-67-thread-1] INFO  server.RaftServerConfigKeys (ConfUtils.java:logGet(43)) - raft.server.snapshot.auto.trigger.enabled = true (custom)
2019-09-25 07:21:02,191 [pool-67-thread-1] INFO  server.RaftServerConfigKeys (ConfUtils.java:logGet(43)) - raft.server.snapshot.auto.trigger.threshold = 10000 (custom)
2019-09-25 07:21:02,191 [pool-67-thread-1] INFO  server.RaftServerConfigKeys (ConfUtils.java:logGet(43)) - raft.server.snapshot.retention.num.files = 5 (custom)
2019-09-25 07:21:02,191 [pool-67-thread-1] INFO  server.RaftServerConfigKeys (ConfUtils.java:logGet(43)) - raft.server.retrycache.expirytime = 600000ms (custom)
2019-09-25 07:21:02,193 [pool-67-thread-1] INFO  impl.RaftServerImpl (RaftServerImpl.java:start(185)) - 8c621658-b0ee-4cf2-b145-27cf4e621fee@group-146203E33581: start as a follower, conf=-1: [8c621658-b0ee-4cf2-b145-27cf4e621fee:192.168.30.10:39467], old=null
2019-09-25 07:21:02,194 [pool-67-thread-1] INFO  impl.RaftServerImpl (RaftServerImpl.java:setRole(174)) - 8c621658-b0ee-4cf2-b145-27cf4e621fee@group-146203E33581: changes role from      null to FOLLOWER at term 0 for startAsFollower
2019-09-25 07:21:02,194 [pool-67-thread-1] INFO  impl.RoleInfo (RoleInfo.java:updateAndGet(143)) - 8c621658-b0ee-4cf2-b145-27cf4e621fee: start FollowerState
2019-09-25 07:21:02,194 [pool-67-thread-1] INFO  util.JmxRegister (JmxRegister.java:tryRegister(44)) - Successfully registered JMX Bean with object name Ratis:service=RaftServer,group=group-146203E33581,id=8c621658-b0ee-4cf2-b145-27cf4e621fee
2019-09-25 07:21:02,200 [RatisPipelineUtilsThread] INFO  pipeline.PipelineStateManager (PipelineStateManager.java:addPipeline(56)) - Created pipeline Pipeline[ Id: 01f36b47-79b2-493e-932c-146203e33581, Nodes: 8c621658-b0ee-4cf2-b145-27cf4e621fee{ip: 192.168.30.10, host: pr-hdds-1569-s62bp-3040748787, networkLocation: /default-rack, certSerialId: null}, Type:RATIS, Factor:ONE, State:OPEN]
2019-09-25 07:21:02,211 [grpc-default-executor-0] INFO  impl.RaftServerProxy (RaftServerProxy.java:addNew(89)) - 8c621658-b0ee-4cf2-b145-27cf4e621fee: addNew group-BB0EB582C352:[8c621658-b0ee-4cf2-b145-27cf4e621fee:192.168.30.10:39467] returns group-BB0EB582C352:java.util.concurrent.CompletableFuture@16936bc0[Not completed]
2019-09-25 07:21:02,212 [pool-67-thread-1] INFO  impl.RaftServerImpl (RaftServerImpl.java:<init>(95)) - 8c621658-b0ee-4cf2-b145-27cf4e621fee: new RaftServerImpl for group-BB0EB582C352:[8c621658-b0ee-4cf2-b145-27cf4e621fee:192.168.30.10:39467] with ContainerStateMachine:uninitialized
2019-09-25 07:21:02,213 [pool-67-thread-1] INFO  server.RaftServerConfigKeys (ConfUtils.java:logGet(43)) - raft.server.rpc.timeout.min = 5s (custom)
2019-09-25 07:21:02,213 [pool-67-thread-1] INFO  server.RaftServerConfigKeys (ConfUtils.java:logGet(43)) - raft.server.rpc.timeout.max = 5200ms (custom)
2019-09-25 07:21:02,213 [pool-67-thread-1] INFO  server.RaftServerConfigKeys (ConfUtils.java:logGet(43)) - raft.server.rpcslowness.timeout = 120s (custom)
2019-09-25 07:21:02,213 [pool-67-thread-1] INFO  server.RaftServerConfigKeys (ConfUtils.java:logGet(43)) - raft.server.sleep.deviation.threshold = 300 (default)
2019-09-25 07:21:02,213 [pool-67-thread-1] INFO  server.RaftServerConfigKeys (ConfUtils.java:logGet(43)) - raft.server.log.appender.install.snapshot.enabled = false (custom)
2019-09-25 07:21:02,213 [pool-67-thread-1] INFO  impl.RaftServerImpl (ServerState.java:<init>(103)) - 8c621658-b0ee-4cf2-b145-27cf4e621fee@group-BB0EB582C352: ConfigurationManager, init=-1: [8c621658-b0ee-4cf2-b145-27cf4e621fee:192.168.30.10:39467], old=null, confs=<EMPTY_MAP>
2019-09-25 07:21:02,213 [pool-67-thread-1] INFO  server.RaftServerConfigKeys (ConfUtils.java:logGet(43)) - raft.server.storage.dir = [/workdir/hadoop-ozone/ozonefs/target/test-dir/MiniOzoneClusterImpl-48169ae4-fc36-4fd4-bc0e-7a80f7e832d4/datanode-4/data/ratis] (custom)
2019-09-25 07:21:02,214 [pool-67-thread-1] INFO  storage.RaftStorageDirectory (RaftStorageDirectory.java:analyzeStorage(246)) - The storage directory /workdir/hadoop-ozone/ozonefs/target/test-dir/MiniOzoneClusterImpl-48169ae4-fc36-4fd4-bc0e-7a80f7e832d4/datanode-4/data/ratis/f9519843-c8f7-4b90-8e00-bb0eb582c352 does not exist. Creating ...
2019-09-25 07:21:02,229 [pool-67-thread-1] INFO  storage.RaftStorageDirectory (RaftStorageDirectory.java:tryLock(328)) - Lock on /workdir/hadoop-ozone/ozonefs/target/test-dir/MiniOzoneClusterImpl-48169ae4-fc36-4fd4-bc0e-7a80f7e832d4/datanode-4/data/ratis/f9519843-c8f7-4b90-8e00-bb0eb582c352/in_use.lock acquired by nodename 26726@pr-hdds-1569-s62bp-3040748787
2019-09-25 07:21:02,242 [pool-67-thread-1] INFO  storage.RaftStorage (RaftStorage.java:format(72)) - Storage directory /workdir/hadoop-ozone/ozonefs/target/test-dir/MiniOzoneClusterImpl-48169ae4-fc36-4fd4-bc0e-7a80f7e832d4/datanode-4/data/ratis/f9519843-c8f7-4b90-8e00-bb0eb582c352 has been successfully formatted.
2019-09-25 07:21:02,243 [pool-67-thread-1] INFO  ratis.ContainerStateMachine (ContainerStateMachine.java:loadSnapshot(230)) - group-BB0EB582C352: The snapshot info is null. Setting the last applied indexto:(t:0, i:~)
2019-09-25 07:21:02,243 [pool-67-thread-1] INFO  server.RaftServerConfigKeys (ConfUtils.java:logGet(43)) - raft.server.notification.no-leader.timeout = 120s (custom)
2019-09-25 07:21:02,243 [pool-67-thread-1] INFO  server.RaftServerConfigKeys (ConfUtils.java:logGet(43)) - raft.server.log.use.memory = false (default)
2019-09-25 07:21:02,243 [pool-67-thread-1] INFO  server.RaftServerConfigKeys (ConfUtils.java:logGet(43)) - raft.server.log.purge.gap = 1000000 (custom)
2019-09-25 07:21:02,243 [pool-67-thread-1] INFO  server.RaftServerConfigKeys (ConfUtils.java:logGet(43)) - raft.server.log.appender.buffer.byte-limit = 33554432 (custom)
2019-09-25 07:21:02,243 [pool-67-thread-1] INFO  server.RaftServerConfigKeys (ConfUtils.java:logGet(43)) - raft.server.log.segment.size.max = 1048576 (custom)
2019-09-25 07:21:02,244 [pool-67-thread-1] INFO  server.RaftServerConfigKeys (ConfUtils.java:logGet(43)) - raft.server.log.segment.cache.num.max = 2 (custom)
2019-09-25 07:21:02,244 [pool-67-thread-1] INFO  segmented.SegmentedRaftLogWorker (SegmentedRaftLogWorker.java:<init>(172)) - new 8c621658-b0ee-4cf2-b145-27cf4e621fee@group-BB0EB582C352-SegmentedRaftLogWorker for RaftStorage:Storage Directory /workdir/hadoop-ozone/ozonefs/target/test-dir/MiniOzoneClusterImpl-48169ae4-fc36-4fd4-bc0e-7a80f7e832d4/datanode-4/data/ratis/f9519843-c8f7-4b90-8e00-bb0eb582c352
2019-09-25 07:21:02,244 [pool-67-thread-1] INFO  server.RaftServerConfigKeys (ConfUtils.java:logGet(43)) - raft.server.log.queue.byte-limit = 2147483647 (custom)
2019-09-25 07:21:02,244 [pool-67-thread-1] INFO  server.RaftServerConfigKeys (ConfUtils.java:logGet(43)) - raft.server.log.queue.element-limit = 1024 (custom)
2019-09-25 07:21:02,244 [pool-67-thread-1] INFO  server.RaftServerConfigKeys (ConfUtils.java:logGet(43)) - raft.server.log.segment.size.max = 1048576 (custom)
2019-09-25 07:21:02,244 [pool-67-thread-1] INFO  server.RaftServerConfigKeys (ConfUtils.java:logGet(43)) - raft.server.log.preallocated.size = 16384 (custom)
2019-09-25 07:21:02,244 [pool-67-thread-1] INFO  server.RaftServerConfigKeys (ConfUtils.java:logGet(43)) - raft.server.log.write.buffer.size = 33554432 (custom)
2019-09-25 07:21:02,245 [pool-67-thread-1] INFO  server.RaftServerConfigKeys (ConfUtils.java:logGet(43)) - raft.server.log.force.sync.num = 128 (default)
2019-09-25 07:21:02,245 [pool-67-thread-1] INFO  server.RaftServerConfigKeys (ConfUtils.java:logGet(43)) - raft.server.log.statemachine.data.sync = true (default)
2019-09-25 07:21:02,245 [pool-67-thread-1] INFO  server.RaftServerConfigKeys (ConfUtils.java:logGet(43)) - raft.server.log.statemachine.data.sync.timeout = 10s (default)
2019-09-25 07:21:02,245 [pool-67-thread-1] INFO  server.RaftServerConfigKeys (ConfUtils.java:logGet(43)) - raft.server.log.statemachine.data.sync.timeout.retry = -1 (default)
2019-09-25 07:21:02,245 [pool-67-thread-1] INFO  server.RaftServerConfigKeys (ConfUtils.java:logGet(43)) - raft.server.log.statemachine.data.caching.enabled = true (custom)
2019-09-25 07:21:02,246 [pool-67-thread-1] INFO  segmented.SegmentedRaftLogWorker (SegmentedRaftLogWorker.java:lambda$new$0(132)) - 8c621658-b0ee-4cf2-b145-27cf4e621fee@group-BB0EB582C352-SegmentedRaftLogWorker: flushIndex: setUnconditionally 0 -> -1
2019-09-25 07:21:02,246 [pool-67-thread-1] INFO  server.RaftServerConfigKeys (ConfUtils.java:logGet(43)) - raft.server.snapshot.auto.trigger.enabled = true (custom)
2019-09-25 07:21:02,246 [pool-67-thread-1] INFO  server.RaftServerConfigKeys (ConfUtils.java:logGet(43)) - raft.server.snapshot.auto.trigger.threshold = 10000 (custom)
2019-09-25 07:21:02,246 [pool-67-thread-1] INFO  server.RaftServerConfigKeys (ConfUtils.java:logGet(43)) - raft.server.snapshot.retention.num.files = 5 (custom)
2019-09-25 07:21:02,246 [pool-67-thread-1] INFO  server.RaftServerConfigKeys (ConfUtils.java:logGet(43)) - raft.server.retrycache.expirytime = 600000ms (custom)
2019-09-25 07:21:02,249 [pool-67-thread-1] INFO  impl.RaftServerImpl (RaftServerImpl.java:start(185)) - 8c621658-b0ee-4cf2-b145-27cf4e621fee@group-BB0EB582C352: start as a follower, conf=-1: [8c621658-b0ee-4cf2-b145-27cf4e621fee:192.168.30.10:39467], old=null
2019-09-25 07:21:02,249 [pool-67-thread-1] INFO  impl.RaftServerImpl (RaftServerImpl.java:setRole(174)) - 8c621658-b0ee-4cf2-b145-27cf4e621fee@group-BB0EB582C352: changes role from      null to FOLLOWER at term 0 for startAsFollower
2019-09-25 07:21:02,249 [pool-67-thread-1] INFO  impl.RoleInfo (RoleInfo.java:updateAndGet(143)) - 8c621658-b0ee-4cf2-b145-27cf4e621fee: start FollowerState
2019-09-25 07:21:02,250 [pool-67-thread-1] INFO  util.JmxRegister (JmxRegister.java:tryRegister(44)) - Successfully registered JMX Bean with object name Ratis:service=RaftServer,group=group-BB0EB582C352,id=8c621658-b0ee-4cf2-b145-27cf4e621fee
2019-09-25 07:21:02,256 [RatisPipelineUtilsThread] INFO  pipeline.PipelineStateManager (PipelineStateManager.java:addPipeline(56)) - Created pipeline Pipeline[ Id: f9519843-c8f7-4b90-8e00-bb0eb582c352, Nodes: 8c621658-b0ee-4cf2-b145-27cf4e621fee{ip: 192.168.30.10, host: pr-hdds-1569-s62bp-3040748787, networkLocation: /default-rack, certSerialId: null}, Type:RATIS, Factor:ONE, State:OPEN]
2019-09-25 07:21:02,266 [grpc-default-executor-0] INFO  impl.RaftServerProxy (RaftServerProxy.java:addNew(89)) - 8c621658-b0ee-4cf2-b145-27cf4e621fee: addNew group-1F7F0FE24AB4:[8c621658-b0ee-4cf2-b145-27cf4e621fee:192.168.30.10:39467] returns group-1F7F0FE24AB4:java.util.concurrent.CompletableFuture@343198e9[Not completed]
2019-09-25 07:21:02,267 [pool-67-thread-1] INFO  impl.RaftServerImpl (RaftServerImpl.java:<init>(95)) - 8c621658-b0ee-4cf2-b145-27cf4e621fee: new RaftServerImpl for group-1F7F0FE24AB4:[8c621658-b0ee-4cf2-b145-27cf4e621fee:192.168.30.10:39467] with ContainerStateMachine:uninitialized
2019-09-25 07:21:02,268 [pool-67-thread-1] INFO  server.RaftServerConfigKeys (ConfUtils.java:logGet(43)) - raft.server.rpc.timeout.min = 5s (custom)
2019-09-25 07:21:02,268 [pool-67-thread-1] INFO  server.RaftServerConfigKeys (ConfUtils.java:logGet(43)) - raft.server.rpc.timeout.max = 5200ms (custom)
2019-09-25 07:21:02,268 [pool-67-thread-1] INFO  server.RaftServerConfigKeys (ConfUtils.java:logGet(43)) - raft.server.rpcslowness.timeout = 120s (custom)
2019-09-25 07:21:02,268 [pool-67-thread-1] INFO  server.RaftServerConfigKeys (ConfUtils.java:logGet(43)) - raft.server.sleep.deviation.threshold = 300 (default)
2019-09-25 07:21:02,268 [pool-67-thread-1] INFO  server.RaftServerConfigKeys (ConfUtils.java:logGet(43)) - raft.server.log.appender.install.snapshot.enabled = false (custom)
2019-09-25 07:21:02,268 [pool-67-thread-1] INFO  impl.RaftServerImpl (ServerState.java:<init>(103)) - 8c621658-b0ee-4cf2-b145-27cf4e621fee@group-1F7F0FE24AB4: ConfigurationManager, init=-1: [8c621658-b0ee-4cf2-b145-27cf4e621fee:192.168.30.10:39467], old=null, confs=<EMPTY_MAP>
2019-09-25 07:21:02,268 [pool-67-thread-1] INFO  server.RaftServerConfigKeys (ConfUtils.java:logGet(43)) - raft.server.storage.dir = [/workdir/hadoop-ozone/ozonefs/target/test-dir/MiniOzoneClusterImpl-48169ae4-fc36-4fd4-bc0e-7a80f7e832d4/datanode-4/data/ratis] (custom)
2019-09-25 07:21:02,269 [pool-67-thread-1] INFO  storage.RaftStorageDirectory (RaftStorageDirectory.java:analyzeStorage(246)) - The storage directory /workdir/hadoop-ozone/ozonefs/target/test-dir/MiniOzoneClusterImpl-48169ae4-fc36-4fd4-bc0e-7a80f7e832d4/datanode-4/data/ratis/ada6d7b1-bd4c-413b-8d64-1f7f0fe24ab4 does not exist. Creating ...
2019-09-25 07:21:02,281 [pool-67-thread-1] INFO  storage.RaftStorageDirectory (RaftStorageDirectory.java:tryLock(328)) - Lock on /workdir/hadoop-ozone/ozonefs/target/test-dir/MiniOzoneClusterImpl-48169ae4-fc36-4fd4-bc0e-7a80f7e832d4/datanode-4/data/ratis/ada6d7b1-bd4c-413b-8d64-1f7f0fe24ab4/in_use.lock acquired by nodename 26726@pr-hdds-1569-s62bp-3040748787
2019-09-25 07:21:02,294 [pool-67-thread-1] INFO  storage.RaftStorage (RaftStorage.java:format(72)) - Storage directory /workdir/hadoop-ozone/ozonefs/target/test-dir/MiniOzoneClusterImpl-48169ae4-fc36-4fd4-bc0e-7a80f7e832d4/datanode-4/data/ratis/ada6d7b1-bd4c-413b-8d64-1f7f0fe24ab4 has been successfully formatted.
2019-09-25 07:21:02,294 [pool-67-thread-1] INFO  ratis.ContainerStateMachine (ContainerStateMachine.java:loadSnapshot(230)) - group-1F7F0FE24AB4: The snapshot info is null. Setting the last applied indexto:(t:0, i:~)
2019-09-25 07:21:02,294 [pool-67-thread-1] INFO  server.RaftServerConfigKeys (ConfUtils.java:logGet(43)) - raft.server.notification.no-leader.timeout = 120s (custom)
2019-09-25 07:21:02,295 [pool-67-thread-1] INFO  server.RaftServerConfigKeys (ConfUtils.java:logGet(43)) - raft.server.log.use.memory = false (default)
2019-09-25 07:21:02,295 [pool-67-thread-1] INFO  server.RaftServerConfigKeys (ConfUtils.java:logGet(43)) - raft.server.log.purge.gap = 1000000 (custom)
2019-09-25 07:21:02,295 [pool-67-thread-1] INFO  server.RaftServerConfigKeys (ConfUtils.java:logGet(43)) - raft.server.log.appender.buffer.byte-limit = 33554432 (custom)
2019-09-25 07:21:02,295 [pool-67-thread-1] INFO  server.RaftServerConfigKeys (ConfUtils.java:logGet(43)) - raft.server.log.segment.size.max = 1048576 (custom)
2019-09-25 07:21:02,295 [pool-67-thread-1] INFO  server.RaftServerConfigKeys (ConfUtils.java:logGet(43)) - raft.server.log.segment.cache.num.max = 2 (custom)
2019-09-25 07:21:02,295 [pool-67-thread-1] INFO  segmented.SegmentedRaftLogWorker (SegmentedRaftLogWorker.java:<init>(172)) - new 8c621658-b0ee-4cf2-b145-27cf4e621fee@group-1F7F0FE24AB4-SegmentedRaftLogWorker for RaftStorage:Storage Directory /workdir/hadoop-ozone/ozonefs/target/test-dir/MiniOzoneClusterImpl-48169ae4-fc36-4fd4-bc0e-7a80f7e832d4/datanode-4/data/ratis/ada6d7b1-bd4c-413b-8d64-1f7f0fe24ab4
2019-09-25 07:21:02,295 [pool-67-thread-1] INFO  server.RaftServerConfigKeys (ConfUtils.java:logGet(43)) - raft.server.log.queue.byte-limit = 2147483647 (custom)
2019-09-25 07:21:02,296 [pool-67-thread-1] INFO  server.RaftServerConfigKeys (ConfUtils.java:logGet(43)) - raft.server.log.queue.element-limit = 1024 (custom)
2019-09-25 07:21:02,296 [pool-67-thread-1] INFO  server.RaftServerConfigKeys (ConfUtils.java:logGet(43)) - raft.server.log.segment.size.max = 1048576 (custom)
2019-09-25 07:21:02,296 [pool-67-thread-1] INFO  server.RaftServerConfigKeys (ConfUtils.java:logGet(43)) - raft.server.log.preallocated.size = 16384 (custom)
2019-09-25 07:21:02,296 [pool-67-thread-1] INFO  server.RaftServerConfigKeys (ConfUtils.java:logGet(43)) - raft.server.log.write.buffer.size = 33554432 (custom)
2019-09-25 07:21:02,296 [pool-67-thread-1] INFO  server.RaftServerConfigKeys (ConfUtils.java:logGet(43)) - raft.server.log.force.sync.num = 128 (default)
2019-09-25 07:21:02,296 [pool-67-thread-1] INFO  server.RaftServerConfigKeys (ConfUtils.java:logGet(43)) - raft.server.log.statemachine.data.sync = true (default)
2019-09-25 07:21:02,296 [pool-67-thread-1] INFO  server.RaftServerConfigKeys (ConfUtils.java:logGet(43)) - raft.server.log.statemachine.data.sync.timeout = 10s (default)
2019-09-25 07:21:02,296 [pool-67-thread-1] INFO  server.RaftServerConfigKeys (ConfUtils.java:logGet(43)) - raft.server.log.statemachine.data.sync.timeout.retry = -1 (default)
2019-09-25 07:21:02,297 [pool-67-thread-1] INFO  server.RaftServerConfigKeys (ConfUtils.java:logGet(43)) - raft.server.log.statemachine.data.caching.enabled = true (custom)
2019-09-25 07:21:02,297 [pool-67-thread-1] INFO  segmented.SegmentedRaftLogWorker (SegmentedRaftLogWorker.java:lambda$new$0(132)) - 8c621658-b0ee-4cf2-b145-27cf4e621fee@group-1F7F0FE24AB4-SegmentedRaftLogWorker: flushIndex: setUnconditionally 0 -> -1
2019-09-25 07:21:02,297 [pool-67-thread-1] INFO  server.RaftServerConfigKeys (ConfUtils.java:logGet(43)) - raft.server.snapshot.auto.trigger.enabled = true (custom)
2019-09-25 07:21:02,297 [pool-67-thread-1] INFO  server.RaftServerConfigKeys (ConfUtils.java:logGet(43)) - raft.server.snapshot.auto.trigger.threshold = 10000 (custom)
2019-09-25 07:21:02,297 [pool-67-thread-1] INFO  server.RaftServerConfigKeys (ConfUtils.java:logGet(43)) - raft.server.snapshot.retention.num.files = 5 (custom)
2019-09-25 07:21:02,298 [pool-67-thread-1] INFO  server.RaftServerConfigKeys (ConfUtils.java:logGet(43)) - raft.server.retrycache.expirytime = 600000ms (custom)
2019-09-25 07:21:02,300 [pool-67-thread-1] INFO  impl.RaftServerImpl (RaftServerImpl.java:start(185)) - 8c621658-b0ee-4cf2-b145-27cf4e621fee@group-1F7F0FE24AB4: start as a follower, conf=-1: [8c621658-b0ee-4cf2-b145-27cf4e621fee:192.168.30.10:39467], old=null
2019-09-25 07:21:02,300 [pool-67-thread-1] INFO  impl.RaftServerImpl (RaftServerImpl.java:setRole(174)) - 8c621658-b0ee-4cf2-b145-27cf4e621fee@group-1F7F0FE24AB4: changes role from      null to FOLLOWER at term 0 for startAsFollower
2019-09-25 07:21:02,300 [pool-67-thread-1] INFO  impl.RoleInfo (RoleInfo.java:updateAndGet(143)) - 8c621658-b0ee-4cf2-b145-27cf4e621fee: start FollowerState
2019-09-25 07:21:02,300 [pool-67-thread-1] INFO  util.JmxRegister (JmxRegister.java:tryRegister(44)) - Successfully registered JMX Bean with object name Ratis:service=RaftServer,group=group-1F7F0FE24AB4,id=8c621658-b0ee-4cf2-b145-27cf4e621fee
2019-09-25 07:21:02,307 [RatisPipelineUtilsThread] INFO  pipeline.PipelineStateManager (PipelineStateManager.java:addPipeline(56)) - Created pipeline Pipeline[ Id: ada6d7b1-bd4c-413b-8d64-1f7f0fe24ab4, Nodes: 8c621658-b0ee-4cf2-b145-27cf4e621fee{ip: 192.168.30.10, host: pr-hdds-1569-s62bp-3040748787, networkLocation: /default-rack, certSerialId: null}, Type:RATIS, Factor:ONE, State:OPEN]
2019-09-25 07:21:02,319 [grpc-default-executor-0] INFO  impl.RaftServerProxy (RaftServerProxy.java:addNew(89)) - 3176e44e-2b1b-466b-9a7b-9faa8a8c6db1: addNew group-FCE65E90CF68:[3176e44e-2b1b-466b-9a7b-9faa8a8c6db1:192.168.30.10:43320] returns group-FCE65E90CF68:java.util.concurrent.CompletableFuture@507bb0bc[Not completed]
2019-09-25 07:21:02,320 [pool-87-thread-1] INFO  impl.RaftServerImpl (RaftServerImpl.java:<init>(95)) - 3176e44e-2b1b-466b-9a7b-9faa8a8c6db1: new RaftServerImpl for group-FCE65E90CF68:[3176e44e-2b1b-466b-9a7b-9faa8a8c6db1:192.168.30.10:43320] with ContainerStateMachine:uninitialized
2019-09-25 07:21:02,320 [pool-87-thread-1] INFO  server.RaftServerConfigKeys (ConfUtils.java:logGet(43)) - raft.server.rpc.timeout.min = 5s (custom)
2019-09-25 07:21:02,320 [pool-87-thread-1] INFO  server.RaftServerConfigKeys (ConfUtils.java:logGet(43)) - raft.server.rpc.timeout.max = 5200ms (custom)
2019-09-25 07:21:02,320 [pool-87-thread-1] INFO  server.RaftServerConfigKeys (ConfUtils.java:logGet(43)) - raft.server.rpcslowness.timeout = 120s (custom)
2019-09-25 07:21:02,320 [pool-87-thread-1] INFO  server.RaftServerConfigKeys (ConfUtils.java:logGet(43)) - raft.server.sleep.deviation.threshold = 300 (default)
2019-09-25 07:21:02,320 [pool-87-thread-1] INFO  server.RaftServerConfigKeys (ConfUtils.java:logGet(43)) - raft.server.log.appender.install.snapshot.enabled = false (custom)
2019-09-25 07:21:02,320 [pool-87-thread-1] INFO  impl.RaftServerImpl (ServerState.java:<init>(103)) - 3176e44e-2b1b-466b-9a7b-9faa8a8c6db1@group-FCE65E90CF68: ConfigurationManager, init=-1: [3176e44e-2b1b-466b-9a7b-9faa8a8c6db1:192.168.30.10:43320], old=null, confs=<EMPTY_MAP>
2019-09-25 07:21:02,321 [pool-87-thread-1] INFO  server.RaftServerConfigKeys (ConfUtils.java:logGet(43)) - raft.server.storage.dir = [/workdir/hadoop-ozone/ozonefs/target/test-dir/MiniOzoneClusterImpl-48169ae4-fc36-4fd4-bc0e-7a80f7e832d4/datanode-6/data/ratis] (custom)
2019-09-25 07:21:02,321 [pool-87-thread-1] INFO  storage.RaftStorageDirectory (RaftStorageDirectory.java:analyzeStorage(246)) - The storage directory /workdir/hadoop-ozone/ozonefs/target/test-dir/MiniOzoneClusterImpl-48169ae4-fc36-4fd4-bc0e-7a80f7e832d4/datanode-6/data/ratis/cb730385-da39-44a8-8744-fce65e90cf68 does not exist. Creating ...
2019-09-25 07:21:02,333 [pool-87-thread-1] INFO  storage.RaftStorageDirectory (RaftStorageDirectory.java:tryLock(328)) - Lock on /workdir/hadoop-ozone/ozonefs/target/test-dir/MiniOzoneClusterImpl-48169ae4-fc36-4fd4-bc0e-7a80f7e832d4/datanode-6/data/ratis/cb730385-da39-44a8-8744-fce65e90cf68/in_use.lock acquired by nodename 26726@pr-hdds-1569-s62bp-3040748787
2019-09-25 07:21:02,350 [pool-87-thread-1] INFO  storage.RaftStorage (RaftStorage.java:format(72)) - Storage directory /workdir/hadoop-ozone/ozonefs/target/test-dir/MiniOzoneClusterImpl-48169ae4-fc36-4fd4-bc0e-7a80f7e832d4/datanode-6/data/ratis/cb730385-da39-44a8-8744-fce65e90cf68 has been successfully formatted.
2019-09-25 07:21:02,351 [pool-87-thread-1] INFO  ratis.ContainerStateMachine (ContainerStateMachine.java:loadSnapshot(230)) - group-FCE65E90CF68: The snapshot info is null. Setting the last applied indexto:(t:0, i:~)
2019-09-25 07:21:02,351 [pool-87-thread-1] INFO  server.RaftServerConfigKeys (ConfUtils.java:logGet(43)) - raft.server.notification.no-leader.timeout = 120s (custom)
2019-09-25 07:21:02,351 [pool-87-thread-1] INFO  server.RaftServerConfigKeys (ConfUtils.java:logGet(43)) - raft.server.log.use.memory = false (default)
2019-09-25 07:21:02,351 [pool-87-thread-1] INFO  server.RaftServerConfigKeys (ConfUtils.java:logGet(43)) - raft.server.log.purge.gap = 1000000 (custom)
2019-09-25 07:21:02,351 [pool-87-thread-1] INFO  server.RaftServerConfigKeys (ConfUtils.java:logGet(43)) - raft.server.log.appender.buffer.byte-limit = 33554432 (custom)
2019-09-25 07:21:02,351 [pool-87-thread-1] INFO  server.RaftServerConfigKeys (ConfUtils.java:logGet(43)) - raft.server.log.segment.size.max = 1048576 (custom)
2019-09-25 07:21:02,351 [pool-87-thread-1] INFO  server.RaftServerConfigKeys (ConfUtils.java:logGet(43)) - raft.server.log.segment.cache.num.max = 2 (custom)
2019-09-25 07:21:02,352 [pool-87-thread-1] INFO  segmented.SegmentedRaftLogWorker (SegmentedRaftLogWorker.java:<init>(172)) - new 3176e44e-2b1b-466b-9a7b-9faa8a8c6db1@group-FCE65E90CF68-SegmentedRaftLogWorker for RaftStorage:Storage Directory /workdir/hadoop-ozone/ozonefs/target/test-dir/MiniOzoneClusterImpl-48169ae4-fc36-4fd4-bc0e-7a80f7e832d4/datanode-6/data/ratis/cb730385-da39-44a8-8744-fce65e90cf68
2019-09-25 07:21:02,352 [pool-87-thread-1] INFO  server.RaftServerConfigKeys (ConfUtils.java:logGet(43)) - raft.server.log.queue.byte-limit = 2147483647 (custom)
2019-09-25 07:21:02,352 [pool-87-thread-1] INFO  server.RaftServerConfigKeys (ConfUtils.java:logGet(43)) - raft.server.log.queue.element-limit = 1024 (custom)
2019-09-25 07:21:02,352 [pool-87-thread-1] INFO  server.RaftServerConfigKeys (ConfUtils.java:logGet(43)) - raft.server.log.segment.size.max = 1048576 (custom)
2019-09-25 07:21:02,352 [pool-87-thread-1] INFO  server.RaftServerConfigKeys (ConfUtils.java:logGet(43)) - raft.server.log.preallocated.size = 16384 (custom)
2019-09-25 07:21:02,352 [pool-87-thread-1] INFO  server.RaftServerConfigKeys (ConfUtils.java:logGet(43)) - raft.server.log.write.buffer.size = 33554432 (custom)
2019-09-25 07:21:02,352 [pool-87-thread-1] INFO  server.RaftServerConfigKeys (ConfUtils.java:logGet(43)) - raft.server.log.force.sync.num = 128 (default)
2019-09-25 07:21:02,352 [pool-87-thread-1] INFO  server.RaftServerConfigKeys (ConfUtils.java:logGet(43)) - raft.server.log.statemachine.data.sync = true (default)
2019-09-25 07:21:02,353 [pool-87-thread-1] INFO  server.RaftServerConfigKeys (ConfUtils.java:logGet(43)) - raft.server.log.statemachine.data.sync.timeout = 10s (default)
2019-09-25 07:21:02,353 [pool-87-thread-1] INFO  server.RaftServerConfigKeys (ConfUtils.java:logGet(43)) - raft.server.log.statemachine.data.sync.timeout.retry = -1 (default)
2019-09-25 07:21:02,353 [pool-87-thread-1] INFO  server.RaftServerConfigKeys (ConfUtils.java:logGet(43)) - raft.server.log.statemachine.data.caching.enabled = true (custom)
2019-09-25 07:21:02,353 [pool-87-thread-1] INFO  segmented.SegmentedRaftLogWorker (SegmentedRaftLogWorker.java:lambda$new$0(132)) - 3176e44e-2b1b-466b-9a7b-9faa8a8c6db1@group-FCE65E90CF68-SegmentedRaftLogWorker: flushIndex: setUnconditionally 0 -> -1
2019-09-25 07:21:02,353 [pool-87-thread-1] INFO  server.RaftServerConfigKeys (ConfUtils.java:logGet(43)) - raft.server.snapshot.auto.trigger.enabled = true (custom)
2019-09-25 07:21:02,354 [pool-87-thread-1] INFO  server.RaftServerConfigKeys (ConfUtils.java:logGet(43)) - raft.server.snapshot.auto.trigger.threshold = 10000 (custom)
2019-09-25 07:21:02,354 [pool-87-thread-1] INFO  server.RaftServerConfigKeys (ConfUtils.java:logGet(43)) - raft.server.snapshot.retention.num.files = 5 (custom)
2019-09-25 07:21:02,354 [pool-87-thread-1] INFO  server.RaftServerConfigKeys (ConfUtils.java:logGet(43)) - raft.server.retrycache.expirytime = 600000ms (custom)
2019-09-25 07:21:02,356 [pool-87-thread-1] INFO  impl.RaftServerImpl (RaftServerImpl.java:start(185)) - 3176e44e-2b1b-466b-9a7b-9faa8a8c6db1@group-FCE65E90CF68: start as a follower, conf=-1: [3176e44e-2b1b-466b-9a7b-9faa8a8c6db1:192.168.30.10:43320], old=null
2019-09-25 07:21:02,356 [pool-87-thread-1] INFO  impl.RaftServerImpl (RaftServerImpl.java:setRole(174)) - 3176e44e-2b1b-466b-9a7b-9faa8a8c6db1@group-FCE65E90CF68: changes role from      null to FOLLOWER at term 0 for startAsFollower
2019-09-25 07:21:02,356 [pool-87-thread-1] INFO  impl.RoleInfo (RoleInfo.java:updateAndGet(143)) - 3176e44e-2b1b-466b-9a7b-9faa8a8c6db1: start FollowerState
2019-09-25 07:21:02,356 [pool-87-thread-1] INFO  util.JmxRegister (JmxRegister.java:tryRegister(44)) - Successfully registered JMX Bean with object name Ratis:service=RaftServer,group=group-FCE65E90CF68,id=3176e44e-2b1b-466b-9a7b-9faa8a8c6db1
2019-09-25 07:21:02,363 [RatisPipelineUtilsThread] INFO  pipeline.PipelineStateManager (PipelineStateManager.java:addPipeline(56)) - Created pipeline Pipeline[ Id: cb730385-da39-44a8-8744-fce65e90cf68, Nodes: 3176e44e-2b1b-466b-9a7b-9faa8a8c6db1{ip: 192.168.30.10, host: pr-hdds-1569-s62bp-3040748787, networkLocation: /default-rack, certSerialId: null}, Type:RATIS, Factor:ONE, State:OPEN]
2019-09-25 07:21:02,376 [grpc-default-executor-0] INFO  impl.RaftServerProxy (RaftServerProxy.java:addNew(89)) - 46f08633-29b5-4547-ba27-3aefda386aa8: addNew group-5FC5933E05B1:[46f08633-29b5-4547-ba27-3aefda386aa8:192.168.30.10:40516] returns group-5FC5933E05B1:java.util.concurrent.CompletableFuture@60572439[Not completed]
2019-09-25 07:21:02,376 [pool-47-thread-1] INFO  impl.RaftServerImpl (RaftServerImpl.java:<init>(95)) - 46f08633-29b5-4547-ba27-3aefda386aa8: new RaftServerImpl for group-5FC5933E05B1:[46f08633-29b5-4547-ba27-3aefda386aa8:192.168.30.10:40516] with ContainerStateMachine:uninitialized
2019-09-25 07:21:02,377 [pool-47-thread-1] INFO  server.RaftServerConfigKeys (ConfUtils.java:logGet(43)) - raft.server.rpc.timeout.min = 5s (custom)
2019-09-25 07:21:02,377 [pool-47-thread-1] INFO  server.RaftServerConfigKeys (ConfUtils.java:logGet(43)) - raft.server.rpc.timeout.max = 5200ms (custom)
2019-09-25 07:21:02,377 [pool-47-thread-1] INFO  server.RaftServerConfigKeys (ConfUtils.java:logGet(43)) - raft.server.rpcslowness.timeout = 120s (custom)
2019-09-25 07:21:02,377 [pool-47-thread-1] INFO  server.RaftServerConfigKeys (ConfUtils.java:logGet(43)) - raft.server.sleep.deviation.threshold = 300 (default)
2019-09-25 07:21:02,377 [pool-47-thread-1] INFO  server.RaftServerConfigKeys (ConfUtils.java:logGet(43)) - raft.server.log.appender.install.snapshot.enabled = false (custom)
2019-09-25 07:21:02,377 [pool-47-thread-1] INFO  impl.RaftServerImpl (ServerState.java:<init>(103)) - 46f08633-29b5-4547-ba27-3aefda386aa8@group-5FC5933E05B1: ConfigurationManager, init=-1: [46f08633-29b5-4547-ba27-3aefda386aa8:192.168.30.10:40516], old=null, confs=<EMPTY_MAP>
2019-09-25 07:21:02,377 [pool-47-thread-1] INFO  server.RaftServerConfigKeys (ConfUtils.java:logGet(43)) - raft.server.storage.dir = [/workdir/hadoop-ozone/ozonefs/target/test-dir/MiniOzoneClusterImpl-48169ae4-fc36-4fd4-bc0e-7a80f7e832d4/datanode-2/data/ratis] (custom)
2019-09-25 07:21:02,378 [pool-47-thread-1] INFO  storage.RaftStorageDirectory (RaftStorageDirectory.java:analyzeStorage(246)) - The storage directory /workdir/hadoop-ozone/ozonefs/target/test-dir/MiniOzoneClusterImpl-48169ae4-fc36-4fd4-bc0e-7a80f7e832d4/datanode-2/data/ratis/db2d3313-d022-4d2d-96de-5fc5933e05b1 does not exist. Creating ...
2019-09-25 07:21:02,391 [pool-47-thread-1] INFO  storage.RaftStorageDirectory (RaftStorageDirectory.java:tryLock(328)) - Lock on /workdir/hadoop-ozone/ozonefs/target/test-dir/MiniOzoneClusterImpl-48169ae4-fc36-4fd4-bc0e-7a80f7e832d4/datanode-2/data/ratis/db2d3313-d022-4d2d-96de-5fc5933e05b1/in_use.lock acquired by nodename 26726@pr-hdds-1569-s62bp-3040748787
2019-09-25 07:21:02,412 [pool-47-thread-1] INFO  storage.RaftStorage (RaftStorage.java:format(72)) - Storage directory /workdir/hadoop-ozone/ozonefs/target/test-dir/MiniOzoneClusterImpl-48169ae4-fc36-4fd4-bc0e-7a80f7e832d4/datanode-2/data/ratis/db2d3313-d022-4d2d-96de-5fc5933e05b1 has been successfully formatted.
2019-09-25 07:21:02,412 [pool-47-thread-1] INFO  ratis.ContainerStateMachine (ContainerStateMachine.java:loadSnapshot(230)) - group-5FC5933E05B1: The snapshot info is null. Setting the last applied indexto:(t:0, i:~)
2019-09-25 07:21:02,412 [pool-47-thread-1] INFO  server.RaftServerConfigKeys (ConfUtils.java:logGet(43)) - raft.server.notification.no-leader.timeout = 120s (custom)
2019-09-25 07:21:02,413 [pool-47-thread-1] INFO  server.RaftServerConfigKeys (ConfUtils.java:logGet(43)) - raft.server.log.use.memory = false (default)
2019-09-25 07:21:02,413 [pool-47-thread-1] INFO  server.RaftServerConfigKeys (ConfUtils.java:logGet(43)) - raft.server.log.purge.gap = 1000000 (custom)
2019-09-25 07:21:02,413 [pool-47-thread-1] INFO  server.RaftServerConfigKeys (ConfUtils.java:logGet(43)) - raft.server.log.appender.buffer.byte-limit = 33554432 (custom)
2019-09-25 07:21:02,413 [pool-47-thread-1] INFO  server.RaftServerConfigKeys (ConfUtils.java:logGet(43)) - raft.server.log.segment.size.max = 1048576 (custom)
2019-09-25 07:21:02,413 [pool-47-thread-1] INFO  server.RaftServerConfigKeys (ConfUtils.java:logGet(43)) - raft.server.log.segment.cache.num.max = 2 (custom)
2019-09-25 07:21:02,413 [pool-47-thread-1] INFO  segmented.SegmentedRaftLogWorker (SegmentedRaftLogWorker.java:<init>(172)) - new 46f08633-29b5-4547-ba27-3aefda386aa8@group-5FC5933E05B1-SegmentedRaftLogWorker for RaftStorage:Storage Directory /workdir/hadoop-ozone/ozonefs/target/test-dir/MiniOzoneClusterImpl-48169ae4-fc36-4fd4-bc0e-7a80f7e832d4/datanode-2/data/ratis/db2d3313-d022-4d2d-96de-5fc5933e05b1
2019-09-25 07:21:02,413 [pool-47-thread-1] INFO  server.RaftServerConfigKeys (ConfUtils.java:logGet(43)) - raft.server.log.queue.byte-limit = 2147483647 (custom)
2019-09-25 07:21:02,413 [pool-47-thread-1] INFO  server.RaftServerConfigKeys (ConfUtils.java:logGet(43)) - raft.server.log.queue.element-limit = 1024 (custom)
2019-09-25 07:21:02,414 [pool-47-thread-1] INFO  server.RaftServerConfigKeys (ConfUtils.java:logGet(43)) - raft.server.log.segment.size.max = 1048576 (custom)
2019-09-25 07:21:02,414 [pool-47-thread-1] INFO  server.RaftServerConfigKeys (ConfUtils.java:logGet(43)) - raft.server.log.preallocated.size = 16384 (custom)
2019-09-25 07:21:02,414 [pool-47-thread-1] INFO  server.RaftServerConfigKeys (ConfUtils.java:logGet(43)) - raft.server.log.write.buffer.size = 33554432 (custom)
2019-09-25 07:21:02,414 [pool-47-thread-1] INFO  server.RaftServerConfigKeys (ConfUtils.java:logGet(43)) - raft.server.log.force.sync.num = 128 (default)
2019-09-25 07:21:02,414 [pool-47-thread-1] INFO  server.RaftServerConfigKeys (ConfUtils.java:logGet(43)) - raft.server.log.statemachine.data.sync = true (default)
2019-09-25 07:21:02,414 [pool-47-thread-1] INFO  server.RaftServerConfigKeys (ConfUtils.java:logGet(43)) - raft.server.log.statemachine.data.sync.timeout = 10s (default)
2019-09-25 07:21:02,414 [pool-47-thread-1] INFO  server.RaftServerConfigKeys (ConfUtils.java:logGet(43)) - raft.server.log.statemachine.data.sync.timeout.retry = -1 (default)
2019-09-25 07:21:02,414 [pool-47-thread-1] INFO  server.RaftServerConfigKeys (ConfUtils.java:logGet(43)) - raft.server.log.statemachine.data.caching.enabled = true (custom)
2019-09-25 07:21:02,415 [pool-47-thread-1] INFO  segmented.SegmentedRaftLogWorker (SegmentedRaftLogWorker.java:lambda$new$0(132)) - 46f08633-29b5-4547-ba27-3aefda386aa8@group-5FC5933E05B1-SegmentedRaftLogWorker: flushIndex: setUnconditionally 0 -> -1
2019-09-25 07:21:02,415 [pool-47-thread-1] INFO  server.RaftServerConfigKeys (ConfUtils.java:logGet(43)) - raft.server.snapshot.auto.trigger.enabled = true (custom)
2019-09-25 07:21:02,415 [pool-47-thread-1] INFO  server.RaftServerConfigKeys (ConfUtils.java:logGet(43)) - raft.server.snapshot.auto.trigger.threshold = 10000 (custom)
2019-09-25 07:21:02,415 [pool-47-thread-1] INFO  server.RaftServerConfigKeys (ConfUtils.java:logGet(43)) - raft.server.snapshot.retention.num.files = 5 (custom)
2019-09-25 07:21:02,415 [pool-47-thread-1] INFO  server.RaftServerConfigKeys (ConfUtils.java:logGet(43)) - raft.server.retrycache.expirytime = 600000ms (custom)
2019-09-25 07:21:02,417 [pool-47-thread-1] INFO  impl.RaftServerImpl (RaftServerImpl.java:start(185)) - 46f08633-29b5-4547-ba27-3aefda386aa8@group-5FC5933E05B1: start as a follower, conf=-1: [46f08633-29b5-4547-ba27-3aefda386aa8:192.168.30.10:40516], old=null
2019-09-25 07:21:02,417 [pool-47-thread-1] INFO  impl.RaftServerImpl (RaftServerImpl.java:setRole(174)) - 46f08633-29b5-4547-ba27-3aefda386aa8@group-5FC5933E05B1: changes role from      null to FOLLOWER at term 0 for startAsFollower
2019-09-25 07:21:02,417 [pool-47-thread-1] INFO  impl.RoleInfo (RoleInfo.java:updateAndGet(143)) - 46f08633-29b5-4547-ba27-3aefda386aa8: start FollowerState
2019-09-25 07:21:02,418 [pool-47-thread-1] INFO  util.JmxRegister (JmxRegister.java:tryRegister(44)) - Successfully registered JMX Bean with object name Ratis:service=RaftServer,group=group-5FC5933E05B1,id=46f08633-29b5-4547-ba27-3aefda386aa8
2019-09-25 07:21:02,424 [RatisPipelineUtilsThread] INFO  pipeline.PipelineStateManager (PipelineStateManager.java:addPipeline(56)) - Created pipeline Pipeline[ Id: db2d3313-d022-4d2d-96de-5fc5933e05b1, Nodes: 46f08633-29b5-4547-ba27-3aefda386aa8{ip: 192.168.30.10, host: pr-hdds-1569-s62bp-3040748787, networkLocation: /default-rack, certSerialId: null}, Type:RATIS, Factor:ONE, State:OPEN]
2019-09-25 07:21:02,435 [grpc-default-executor-0] INFO  impl.RaftServerProxy (RaftServerProxy.java:addNew(89)) - f368be67-619a-45f1-9208-8e0055b252cf: addNew group-DB4A583408BA:[f368be67-619a-45f1-9208-8e0055b252cf:192.168.30.10:40542] returns group-DB4A583408BA:java.util.concurrent.CompletableFuture@68775142[Not completed]
2019-09-25 07:21:02,436 [pool-117-thread-1] INFO  impl.RaftServerImpl (RaftServerImpl.java:<init>(95)) - f368be67-619a-45f1-9208-8e0055b252cf: new RaftServerImpl for group-DB4A583408BA:[f368be67-619a-45f1-9208-8e0055b252cf:192.168.30.10:40542] with ContainerStateMachine:uninitialized
2019-09-25 07:21:02,436 [pool-117-thread-1] INFO  server.RaftServerConfigKeys (ConfUtils.java:logGet(43)) - raft.server.rpc.timeout.min = 5s (custom)
2019-09-25 07:21:02,436 [pool-117-thread-1] INFO  server.RaftServerConfigKeys (ConfUtils.java:logGet(43)) - raft.server.rpc.timeout.max = 5200ms (custom)
2019-09-25 07:21:02,436 [pool-117-thread-1] INFO  server.RaftServerConfigKeys (ConfUtils.java:logGet(43)) - raft.server.rpcslowness.timeout = 120s (custom)
2019-09-25 07:21:02,437 [pool-117-thread-1] INFO  server.RaftServerConfigKeys (ConfUtils.java:logGet(43)) - raft.server.sleep.deviation.threshold = 300 (default)
2019-09-25 07:21:02,437 [pool-117-thread-1] INFO  server.RaftServerConfigKeys (ConfUtils.java:logGet(43)) - raft.server.log.appender.install.snapshot.enabled = false (custom)
2019-09-25 07:21:02,437 [pool-117-thread-1] INFO  impl.RaftServerImpl (ServerState.java:<init>(103)) - f368be67-619a-45f1-9208-8e0055b252cf@group-DB4A583408BA: ConfigurationManager, init=-1: [f368be67-619a-45f1-9208-8e0055b252cf:192.168.30.10:40542], old=null, confs=<EMPTY_MAP>
2019-09-25 07:21:02,437 [pool-117-thread-1] INFO  server.RaftServerConfigKeys (ConfUtils.java:logGet(43)) - raft.server.storage.dir = [/workdir/hadoop-ozone/ozonefs/target/test-dir/MiniOzoneClusterImpl-48169ae4-fc36-4fd4-bc0e-7a80f7e832d4/datanode-9/data/ratis] (custom)
2019-09-25 07:21:02,437 [pool-117-thread-1] INFO  storage.RaftStorageDirectory (RaftStorageDirectory.java:analyzeStorage(246)) - The storage directory /workdir/hadoop-ozone/ozonefs/target/test-dir/MiniOzoneClusterImpl-48169ae4-fc36-4fd4-bc0e-7a80f7e832d4/datanode-9/data/ratis/2a30ef1a-2144-456b-993e-db4a583408ba does not exist. Creating ...
2019-09-25 07:21:02,458 [pool-117-thread-1] INFO  storage.RaftStorageDirectory (RaftStorageDirectory.java:tryLock(328)) - Lock on /workdir/hadoop-ozone/ozonefs/target/test-dir/MiniOzoneClusterImpl-48169ae4-fc36-4fd4-bc0e-7a80f7e832d4/datanode-9/data/ratis/2a30ef1a-2144-456b-993e-db4a583408ba/in_use.lock acquired by nodename 26726@pr-hdds-1569-s62bp-3040748787
2019-09-25 07:21:02,471 [pool-117-thread-1] INFO  storage.RaftStorage (RaftStorage.java:format(72)) - Storage directory /workdir/hadoop-ozone/ozonefs/target/test-dir/MiniOzoneClusterImpl-48169ae4-fc36-4fd4-bc0e-7a80f7e832d4/datanode-9/data/ratis/2a30ef1a-2144-456b-993e-db4a583408ba has been successfully formatted.
2019-09-25 07:21:02,471 [pool-117-thread-1] INFO  ratis.ContainerStateMachine (ContainerStateMachine.java:loadSnapshot(230)) - group-DB4A583408BA: The snapshot info is null. Setting the last applied indexto:(t:0, i:~)
2019-09-25 07:21:02,471 [pool-117-thread-1] INFO  server.RaftServerConfigKeys (ConfUtils.java:logGet(43)) - raft.server.notification.no-leader.timeout = 120s (custom)
2019-09-25 07:21:02,471 [pool-117-thread-1] INFO  server.RaftServerConfigKeys (ConfUtils.java:logGet(43)) - raft.server.log.use.memory = false (default)
2019-09-25 07:21:02,471 [pool-117-thread-1] INFO  server.RaftServerConfigKeys (ConfUtils.java:logGet(43)) - raft.server.log.purge.gap = 1000000 (custom)
2019-09-25 07:21:02,471 [pool-117-thread-1] INFO  server.RaftServerConfigKeys (ConfUtils.java:logGet(43)) - raft.server.log.appender.buffer.byte-limit = 33554432 (custom)
2019-09-25 07:21:02,471 [pool-117-thread-1] INFO  server.RaftServerConfigKeys (ConfUtils.java:logGet(43)) - raft.server.log.segment.size.max = 1048576 (custom)
2019-09-25 07:21:02,471 [pool-117-thread-1] INFO  server.RaftServerConfigKeys (ConfUtils.java:logGet(43)) - raft.server.log.segment.cache.num.max = 2 (custom)
2019-09-25 07:21:02,472 [pool-117-thread-1] INFO  segmented.SegmentedRaftLogWorker (SegmentedRaftLogWorker.java:<init>(172)) - new f368be67-619a-45f1-9208-8e0055b252cf@group-DB4A583408BA-SegmentedRaftLogWorker for RaftStorage:Storage Directory /workdir/hadoop-ozone/ozonefs/target/test-dir/MiniOzoneClusterImpl-48169ae4-fc36-4fd4-bc0e-7a80f7e832d4/datanode-9/data/ratis/2a30ef1a-2144-456b-993e-db4a583408ba
2019-09-25 07:21:02,472 [pool-117-thread-1] INFO  server.RaftServerConfigKeys (ConfUtils.java:logGet(43)) - raft.server.log.queue.byte-limit = 2147483647 (custom)
2019-09-25 07:21:02,472 [pool-117-thread-1] INFO  server.RaftServerConfigKeys (ConfUtils.java:logGet(43)) - raft.server.log.queue.element-limit = 1024 (custom)
2019-09-25 07:21:02,472 [pool-117-thread-1] INFO  server.RaftServerConfigKeys (ConfUtils.java:logGet(43)) - raft.server.log.segment.size.max = 1048576 (custom)
2019-09-25 07:21:02,472 [pool-117-thread-1] INFO  server.RaftServerConfigKeys (ConfUtils.java:logGet(43)) - raft.server.log.preallocated.size = 16384 (custom)
2019-09-25 07:21:02,472 [pool-117-thread-1] INFO  server.RaftServerConfigKeys (ConfUtils.java:logGet(43)) - raft.server.log.write.buffer.size = 33554432 (custom)
2019-09-25 07:21:02,472 [pool-117-thread-1] INFO  server.RaftServerConfigKeys (ConfUtils.java:logGet(43)) - raft.server.log.force.sync.num = 128 (default)
2019-09-25 07:21:02,472 [pool-117-thread-1] INFO  server.RaftServerConfigKeys (ConfUtils.java:logGet(43)) - raft.server.log.statemachine.data.sync = true (default)
2019-09-25 07:21:02,472 [pool-117-thread-1] INFO  server.RaftServerConfigKeys (ConfUtils.java:logGet(43)) - raft.server.log.statemachine.data.sync.timeout = 10s (default)
2019-09-25 07:21:02,473 [pool-117-thread-1] INFO  server.RaftServerConfigKeys (ConfUtils.java:logGet(43)) - raft.server.log.statemachine.data.sync.timeout.retry = -1 (default)
2019-09-25 07:21:02,473 [pool-117-thread-1] INFO  server.RaftServerConfigKeys (ConfUtils.java:logGet(43)) - raft.server.log.statemachine.data.caching.enabled = true (custom)
2019-09-25 07:21:02,473 [pool-117-thread-1] INFO  segmented.SegmentedRaftLogWorker (SegmentedRaftLogWorker.java:lambda$new$0(132)) - f368be67-619a-45f1-9208-8e0055b252cf@group-DB4A583408BA-SegmentedRaftLogWorker: flushIndex: setUnconditionally 0 -> -1
2019-09-25 07:21:02,473 [pool-117-thread-1] INFO  server.RaftServerConfigKeys (ConfUtils.java:logGet(43)) - raft.server.snapshot.auto.trigger.enabled = true (custom)
2019-09-25 07:21:02,473 [pool-117-thread-1] INFO  server.RaftServerConfigKeys (ConfUtils.java:logGet(43)) - raft.server.snapshot.auto.trigger.threshold = 10000 (custom)
2019-09-25 07:21:02,473 [pool-117-thread-1] INFO  server.RaftServerConfigKeys (ConfUtils.java:logGet(43)) - raft.server.snapshot.retention.num.files = 5 (custom)
2019-09-25 07:21:02,473 [pool-117-thread-1] INFO  server.RaftServerConfigKeys (ConfUtils.java:logGet(43)) - raft.server.retrycache.expirytime = 600000ms (custom)
2019-09-25 07:21:02,478 [pool-117-thread-1] INFO  impl.RaftServerImpl (RaftServerImpl.java:start(185)) - f368be67-619a-45f1-9208-8e0055b252cf@group-DB4A583408BA: start as a follower, conf=-1: [f368be67-619a-45f1-9208-8e0055b252cf:192.168.30.10:40542], old=null
2019-09-25 07:21:02,478 [pool-117-thread-1] INFO  impl.RaftServerImpl (RaftServerImpl.java:setRole(174)) - f368be67-619a-45f1-9208-8e0055b252cf@group-DB4A583408BA: changes role from      null to FOLLOWER at term 0 for startAsFollower
2019-09-25 07:21:02,478 [pool-117-thread-1] INFO  impl.RoleInfo (RoleInfo.java:updateAndGet(143)) - f368be67-619a-45f1-9208-8e0055b252cf: start FollowerState
2019-09-25 07:21:02,478 [pool-117-thread-1] INFO  util.JmxRegister (JmxRegister.java:tryRegister(44)) - Successfully registered JMX Bean with object name Ratis:service=RaftServer,group=group-DB4A583408BA,id=f368be67-619a-45f1-9208-8e0055b252cf
2019-09-25 07:21:02,492 [RatisPipelineUtilsThread] INFO  pipeline.PipelineStateManager (PipelineStateManager.java:addPipeline(56)) - Created pipeline Pipeline[ Id: 2a30ef1a-2144-456b-993e-db4a583408ba, Nodes: f368be67-619a-45f1-9208-8e0055b252cf{ip: 192.168.30.10, host: pr-hdds-1569-s62bp-3040748787, networkLocation: /default-rack, certSerialId: null}, Type:RATIS, Factor:ONE, State:OPEN]
2019-09-25 07:21:02,507 [grpc-default-executor-0] INFO  impl.RaftServerProxy (RaftServerProxy.java:addNew(89)) - f5d629fd-ecfe-43ee-9421-b64933e3fd75: addNew group-8534DD67A811:[f5d629fd-ecfe-43ee-9421-b64933e3fd75:192.168.30.10:37985] returns group-8534DD67A811:java.util.concurrent.CompletableFuture@2119190d[Not completed]
2019-09-25 07:21:02,508 [pool-37-thread-1] INFO  impl.RaftServerImpl (RaftServerImpl.java:<init>(95)) - f5d629fd-ecfe-43ee-9421-b64933e3fd75: new RaftServerImpl for group-8534DD67A811:[f5d629fd-ecfe-43ee-9421-b64933e3fd75:192.168.30.10:37985] with ContainerStateMachine:uninitialized
2019-09-25 07:21:02,508 [pool-37-thread-1] INFO  server.RaftServerConfigKeys (ConfUtils.java:logGet(43)) - raft.server.rpc.timeout.min = 5s (custom)
2019-09-25 07:21:02,509 [pool-37-thread-1] INFO  server.RaftServerConfigKeys (ConfUtils.java:logGet(43)) - raft.server.rpc.timeout.max = 5200ms (custom)
2019-09-25 07:21:02,509 [pool-37-thread-1] INFO  server.RaftServerConfigKeys (ConfUtils.java:logGet(43)) - raft.server.rpcslowness.timeout = 120s (custom)
2019-09-25 07:21:02,509 [pool-37-thread-1] INFO  server.RaftServerConfigKeys (ConfUtils.java:logGet(43)) - raft.server.sleep.deviation.threshold = 300 (default)
2019-09-25 07:21:02,509 [pool-37-thread-1] INFO  server.RaftServerConfigKeys (ConfUtils.java:logGet(43)) - raft.server.log.appender.install.snapshot.enabled = false (custom)
2019-09-25 07:21:02,509 [pool-37-thread-1] INFO  impl.RaftServerImpl (ServerState.java:<init>(103)) - f5d629fd-ecfe-43ee-9421-b64933e3fd75@group-8534DD67A811: ConfigurationManager, init=-1: [f5d629fd-ecfe-43ee-9421-b64933e3fd75:192.168.30.10:37985], old=null, confs=<EMPTY_MAP>
2019-09-25 07:21:02,509 [pool-37-thread-1] INFO  server.RaftServerConfigKeys (ConfUtils.java:logGet(43)) - raft.server.storage.dir = [/workdir/hadoop-ozone/ozonefs/target/test-dir/MiniOzoneClusterImpl-48169ae4-fc36-4fd4-bc0e-7a80f7e832d4/datanode-1/data/ratis] (custom)
2019-09-25 07:21:02,509 [pool-37-thread-1] INFO  storage.RaftStorageDirectory (RaftStorageDirectory.java:analyzeStorage(246)) - The storage directory /workdir/hadoop-ozone/ozonefs/target/test-dir/MiniOzoneClusterImpl-48169ae4-fc36-4fd4-bc0e-7a80f7e832d4/datanode-1/data/ratis/41efefee-a36a-46c0-887a-8534dd67a811 does not exist. Creating ...
2019-09-25 07:21:02,522 [pool-37-thread-1] INFO  storage.RaftStorageDirectory (RaftStorageDirectory.java:tryLock(328)) - Lock on /workdir/hadoop-ozone/ozonefs/target/test-dir/MiniOzoneClusterImpl-48169ae4-fc36-4fd4-bc0e-7a80f7e832d4/datanode-1/data/ratis/41efefee-a36a-46c0-887a-8534dd67a811/in_use.lock acquired by nodename 26726@pr-hdds-1569-s62bp-3040748787
2019-09-25 07:21:02,534 [pool-37-thread-1] INFO  storage.RaftStorage (RaftStorage.java:format(72)) - Storage directory /workdir/hadoop-ozone/ozonefs/target/test-dir/MiniOzoneClusterImpl-48169ae4-fc36-4fd4-bc0e-7a80f7e832d4/datanode-1/data/ratis/41efefee-a36a-46c0-887a-8534dd67a811 has been successfully formatted.
2019-09-25 07:21:02,534 [pool-37-thread-1] INFO  ratis.ContainerStateMachine (ContainerStateMachine.java:loadSnapshot(230)) - group-8534DD67A811: The snapshot info is null. Setting the last applied indexto:(t:0, i:~)
2019-09-25 07:21:02,534 [pool-37-thread-1] INFO  server.RaftServerConfigKeys (ConfUtils.java:logGet(43)) - raft.server.notification.no-leader.timeout = 120s (custom)
2019-09-25 07:21:02,534 [pool-37-thread-1] INFO  server.RaftServerConfigKeys (ConfUtils.java:logGet(43)) - raft.server.log.use.memory = false (default)
2019-09-25 07:21:02,534 [pool-37-thread-1] INFO  server.RaftServerConfigKeys (ConfUtils.java:logGet(43)) - raft.server.log.purge.gap = 1000000 (custom)
2019-09-25 07:21:02,535 [pool-37-thread-1] INFO  server.RaftServerConfigKeys (ConfUtils.java:logGet(43)) - raft.server.log.appender.buffer.byte-limit = 33554432 (custom)
2019-09-25 07:21:02,535 [pool-37-thread-1] INFO  server.RaftServerConfigKeys (ConfUtils.java:logGet(43)) - raft.server.log.segment.size.max = 1048576 (custom)
2019-09-25 07:21:02,535 [pool-37-thread-1] INFO  server.RaftServerConfigKeys (ConfUtils.java:logGet(43)) - raft.server.log.segment.cache.num.max = 2 (custom)
2019-09-25 07:21:02,535 [pool-37-thread-1] INFO  segmented.SegmentedRaftLogWorker (SegmentedRaftLogWorker.java:<init>(172)) - new f5d629fd-ecfe-43ee-9421-b64933e3fd75@group-8534DD67A811-SegmentedRaftLogWorker for RaftStorage:Storage Directory /workdir/hadoop-ozone/ozonefs/target/test-dir/MiniOzoneClusterImpl-48169ae4-fc36-4fd4-bc0e-7a80f7e832d4/datanode-1/data/ratis/41efefee-a36a-46c0-887a-8534dd67a811
2019-09-25 07:21:02,535 [pool-37-thread-1] INFO  server.RaftServerConfigKeys (ConfUtils.java:logGet(43)) - raft.server.log.queue.byte-limit = 2147483647 (custom)
2019-09-25 07:21:02,535 [pool-37-thread-1] INFO  server.RaftServerConfigKeys (ConfUtils.java:logGet(43)) - raft.server.log.queue.element-limit = 1024 (custom)
2019-09-25 07:21:02,535 [pool-37-thread-1] INFO  server.RaftServerConfigKeys (ConfUtils.java:logGet(43)) - raft.server.log.segment.size.max = 1048576 (custom)
2019-09-25 07:21:02,535 [pool-37-thread-1] INFO  server.RaftServerConfigKeys (ConfUtils.java:logGet(43)) - raft.server.log.preallocated.size = 16384 (custom)
2019-09-25 07:21:02,535 [pool-37-thread-1] INFO  server.RaftServerConfigKeys (ConfUtils.java:logGet(43)) - raft.server.log.write.buffer.size = 33554432 (custom)
2019-09-25 07:21:02,536 [pool-37-thread-1] INFO  server.RaftServerConfigKeys (ConfUtils.java:logGet(43)) - raft.server.log.force.sync.num = 128 (default)
2019-09-25 07:21:02,536 [pool-37-thread-1] INFO  server.RaftServerConfigKeys (ConfUtils.java:logGet(43)) - raft.server.log.statemachine.data.sync = true (default)
2019-09-25 07:21:02,536 [pool-37-thread-1] INFO  server.RaftServerConfigKeys (ConfUtils.java:logGet(43)) - raft.server.log.statemachine.data.sync.timeout = 10s (default)
2019-09-25 07:21:02,536 [pool-37-thread-1] INFO  server.RaftServerConfigKeys (ConfUtils.java:logGet(43)) - raft.server.log.statemachine.data.sync.timeout.retry = -1 (default)
2019-09-25 07:21:02,536 [pool-37-thread-1] INFO  server.RaftServerConfigKeys (ConfUtils.java:logGet(43)) - raft.server.log.statemachine.data.caching.enabled = true (custom)
2019-09-25 07:21:02,536 [pool-37-thread-1] INFO  segmented.SegmentedRaftLogWorker (SegmentedRaftLogWorker.java:lambda$new$0(132)) - f5d629fd-ecfe-43ee-9421-b64933e3fd75@group-8534DD67A811-SegmentedRaftLogWorker: flushIndex: setUnconditionally 0 -> -1
2019-09-25 07:21:02,537 [pool-37-thread-1] INFO  server.RaftServerConfigKeys (ConfUtils.java:logGet(43)) - raft.server.snapshot.auto.trigger.enabled = true (custom)
2019-09-25 07:21:02,537 [pool-37-thread-1] INFO  server.RaftServerConfigKeys (ConfUtils.java:logGet(43)) - raft.server.snapshot.auto.trigger.threshold = 10000 (custom)
2019-09-25 07:21:02,537 [pool-37-thread-1] INFO  server.RaftServerConfigKeys (ConfUtils.java:logGet(43)) - raft.server.snapshot.retention.num.files = 5 (custom)
2019-09-25 07:21:02,537 [pool-37-thread-1] INFO  server.RaftServerConfigKeys (ConfUtils.java:logGet(43)) - raft.server.retrycache.expirytime = 600000ms (custom)
2019-09-25 07:21:02,539 [pool-37-thread-1] INFO  impl.RaftServerImpl (RaftServerImpl.java:start(185)) - f5d629fd-ecfe-43ee-9421-b64933e3fd75@group-8534DD67A811: start as a follower, conf=-1: [f5d629fd-ecfe-43ee-9421-b64933e3fd75:192.168.30.10:37985], old=null
2019-09-25 07:21:02,539 [pool-37-thread-1] INFO  impl.RaftServerImpl (RaftServerImpl.java:setRole(174)) - f5d629fd-ecfe-43ee-9421-b64933e3fd75@group-8534DD67A811: changes role from      null to FOLLOWER at term 0 for startAsFollower
2019-09-25 07:21:02,539 [pool-37-thread-1] INFO  impl.RoleInfo (RoleInfo.java:updateAndGet(143)) - f5d629fd-ecfe-43ee-9421-b64933e3fd75: start FollowerState
2019-09-25 07:21:02,539 [pool-37-thread-1] INFO  util.JmxRegister (JmxRegister.java:tryRegister(44)) - Successfully registered JMX Bean with object name Ratis:service=RaftServer,group=group-8534DD67A811,id=f5d629fd-ecfe-43ee-9421-b64933e3fd75
2019-09-25 07:21:02,545 [RatisPipelineUtilsThread] INFO  pipeline.PipelineStateManager (PipelineStateManager.java:addPipeline(56)) - Created pipeline Pipeline[ Id: 41efefee-a36a-46c0-887a-8534dd67a811, Nodes: f5d629fd-ecfe-43ee-9421-b64933e3fd75{ip: 192.168.30.10, host: pr-hdds-1569-s62bp-3040748787, networkLocation: /default-rack, certSerialId: null}, Type:RATIS, Factor:ONE, State:OPEN]
2019-09-25 07:21:02,556 [grpc-default-executor-0] INFO  impl.RaftServerProxy (RaftServerProxy.java:addNew(89)) - 3176e44e-2b1b-466b-9a7b-9faa8a8c6db1: addNew group-575728AC402B:[3176e44e-2b1b-466b-9a7b-9faa8a8c6db1:192.168.30.10:43320] returns group-575728AC402B:java.util.concurrent.CompletableFuture@31e832c8[Not completed]
2019-09-25 07:21:02,558 [pool-87-thread-1] INFO  impl.RaftServerImpl (RaftServerImpl.java:<init>(95)) - 3176e44e-2b1b-466b-9a7b-9faa8a8c6db1: new RaftServerImpl for group-575728AC402B:[3176e44e-2b1b-466b-9a7b-9faa8a8c6db1:192.168.30.10:43320] with ContainerStateMachine:uninitialized
2019-09-25 07:21:02,558 [pool-87-thread-1] INFO  server.RaftServerConfigKeys (ConfUtils.java:logGet(43)) - raft.server.rpc.timeout.min = 5s (custom)
2019-09-25 07:21:02,558 [pool-87-thread-1] INFO  server.RaftServerConfigKeys (ConfUtils.java:logGet(43)) - raft.server.rpc.timeout.max = 5200ms (custom)
2019-09-25 07:21:02,558 [pool-87-thread-1] INFO  server.RaftServerConfigKeys (ConfUtils.java:logGet(43)) - raft.server.rpcslowness.timeout = 120s (custom)
2019-09-25 07:21:02,558 [pool-87-thread-1] INFO  server.RaftServerConfigKeys (ConfUtils.java:logGet(43)) - raft.server.sleep.deviation.threshold = 300 (default)
2019-09-25 07:21:02,558 [pool-87-thread-1] INFO  server.RaftServerConfigKeys (ConfUtils.java:logGet(43)) - raft.server.log.appender.install.snapshot.enabled = false (custom)
2019-09-25 07:21:02,558 [pool-87-thread-1] INFO  impl.RaftServerImpl (ServerState.java:<init>(103)) - 3176e44e-2b1b-466b-9a7b-9faa8a8c6db1@group-575728AC402B: ConfigurationManager, init=-1: [3176e44e-2b1b-466b-9a7b-9faa8a8c6db1:192.168.30.10:43320], old=null, confs=<EMPTY_MAP>
2019-09-25 07:21:02,558 [pool-87-thread-1] INFO  server.RaftServerConfigKeys (ConfUtils.java:logGet(43)) - raft.server.storage.dir = [/workdir/hadoop-ozone/ozonefs/target/test-dir/MiniOzoneClusterImpl-48169ae4-fc36-4fd4-bc0e-7a80f7e832d4/datanode-6/data/ratis] (custom)
2019-09-25 07:21:02,559 [pool-87-thread-1] INFO  storage.RaftStorageDirectory (RaftStorageDirectory.java:analyzeStorage(246)) - The storage directory /workdir/hadoop-ozone/ozonefs/target/test-dir/MiniOzoneClusterImpl-48169ae4-fc36-4fd4-bc0e-7a80f7e832d4/datanode-6/data/ratis/63370f9e-6414-4c34-8ef8-575728ac402b does not exist. Creating ...
2019-09-25 07:21:02,571 [pool-87-thread-1] INFO  storage.RaftStorageDirectory (RaftStorageDirectory.java:tryLock(328)) - Lock on /workdir/hadoop-ozone/ozonefs/target/test-dir/MiniOzoneClusterImpl-48169ae4-fc36-4fd4-bc0e-7a80f7e832d4/datanode-6/data/ratis/63370f9e-6414-4c34-8ef8-575728ac402b/in_use.lock acquired by nodename 26726@pr-hdds-1569-s62bp-3040748787
2019-09-25 07:21:02,584 [pool-87-thread-1] INFO  storage.RaftStorage (RaftStorage.java:format(72)) - Storage directory /workdir/hadoop-ozone/ozonefs/target/test-dir/MiniOzoneClusterImpl-48169ae4-fc36-4fd4-bc0e-7a80f7e832d4/datanode-6/data/ratis/63370f9e-6414-4c34-8ef8-575728ac402b has been successfully formatted.
2019-09-25 07:21:02,584 [pool-87-thread-1] INFO  ratis.ContainerStateMachine (ContainerStateMachine.java:loadSnapshot(230)) - group-575728AC402B: The snapshot info is null. Setting the last applied indexto:(t:0, i:~)
2019-09-25 07:21:02,584 [pool-87-thread-1] INFO  server.RaftServerConfigKeys (ConfUtils.java:logGet(43)) - raft.server.notification.no-leader.timeout = 120s (custom)
2019-09-25 07:21:02,584 [pool-87-thread-1] INFO  server.RaftServerConfigKeys (ConfUtils.java:logGet(43)) - raft.server.log.use.memory = false (default)
2019-09-25 07:21:02,584 [pool-87-thread-1] INFO  server.RaftServerConfigKeys (ConfUtils.java:logGet(43)) - raft.server.log.purge.gap = 1000000 (custom)
2019-09-25 07:21:02,585 [pool-87-thread-1] INFO  server.RaftServerConfigKeys (ConfUtils.java:logGet(43)) - raft.server.log.appender.buffer.byte-limit = 33554432 (custom)
2019-09-25 07:21:02,585 [pool-87-thread-1] INFO  server.RaftServerConfigKeys (ConfUtils.java:logGet(43)) - raft.server.log.segment.size.max = 1048576 (custom)
2019-09-25 07:21:02,585 [pool-87-thread-1] INFO  server.RaftServerConfigKeys (ConfUtils.java:logGet(43)) - raft.server.log.segment.cache.num.max = 2 (custom)
2019-09-25 07:21:02,585 [pool-87-thread-1] INFO  segmented.SegmentedRaftLogWorker (SegmentedRaftLogWorker.java:<init>(172)) - new 3176e44e-2b1b-466b-9a7b-9faa8a8c6db1@group-575728AC402B-SegmentedRaftLogWorker for RaftStorage:Storage Directory /workdir/hadoop-ozone/ozonefs/target/test-dir/MiniOzoneClusterImpl-48169ae4-fc36-4fd4-bc0e-7a80f7e832d4/datanode-6/data/ratis/63370f9e-6414-4c34-8ef8-575728ac402b
2019-09-25 07:21:02,585 [pool-87-thread-1] INFO  server.RaftServerConfigKeys (ConfUtils.java:logGet(43)) - raft.server.log.queue.byte-limit = 2147483647 (custom)
2019-09-25 07:21:02,585 [pool-87-thread-1] INFO  server.RaftServerConfigKeys (ConfUtils.java:logGet(43)) - raft.server.log.queue.element-limit = 1024 (custom)
2019-09-25 07:21:02,585 [pool-87-thread-1] INFO  server.RaftServerConfigKeys (ConfUtils.java:logGet(43)) - raft.server.log.segment.size.max = 1048576 (custom)
2019-09-25 07:21:02,585 [pool-87-thread-1] INFO  server.RaftServerConfigKeys (ConfUtils.java:logGet(43)) - raft.server.log.preallocated.size = 16384 (custom)
2019-09-25 07:21:02,585 [pool-87-thread-1] INFO  server.RaftServerConfigKeys (ConfUtils.java:logGet(43)) - raft.server.log.write.buffer.size = 33554432 (custom)
2019-09-25 07:21:02,586 [pool-87-thread-1] INFO  server.RaftServerConfigKeys (ConfUtils.java:logGet(43)) - raft.server.log.force.sync.num = 128 (default)
2019-09-25 07:21:02,586 [pool-87-thread-1] INFO  server.RaftServerConfigKeys (ConfUtils.java:logGet(43)) - raft.server.log.statemachine.data.sync = true (default)
2019-09-25 07:21:02,586 [pool-87-thread-1] INFO  server.RaftServerConfigKeys (ConfUtils.java:logGet(43)) - raft.server.log.statemachine.data.sync.timeout = 10s (default)
2019-09-25 07:21:02,586 [pool-87-thread-1] INFO  server.RaftServerConfigKeys (ConfUtils.java:logGet(43)) - raft.server.log.statemachine.data.sync.timeout.retry = -1 (default)
2019-09-25 07:21:02,586 [pool-87-thread-1] INFO  server.RaftServerConfigKeys (ConfUtils.java:logGet(43)) - raft.server.log.statemachine.data.caching.enabled = true (custom)
2019-09-25 07:21:02,586 [pool-87-thread-1] INFO  segmented.SegmentedRaftLogWorker (SegmentedRaftLogWorker.java:lambda$new$0(132)) - 3176e44e-2b1b-466b-9a7b-9faa8a8c6db1@group-575728AC402B-SegmentedRaftLogWorker: flushIndex: setUnconditionally 0 -> -1
2019-09-25 07:21:02,587 [pool-87-thread-1] INFO  server.RaftServerConfigKeys (ConfUtils.java:logGet(43)) - raft.server.snapshot.auto.trigger.enabled = true (custom)
2019-09-25 07:21:02,587 [pool-87-thread-1] INFO  server.RaftServerConfigKeys (ConfUtils.java:logGet(43)) - raft.server.snapshot.auto.trigger.threshold = 10000 (custom)
2019-09-25 07:21:02,587 [pool-87-thread-1] INFO  server.RaftServerConfigKeys (ConfUtils.java:logGet(43)) - raft.server.snapshot.retention.num.files = 5 (custom)
2019-09-25 07:21:02,587 [pool-87-thread-1] INFO  server.RaftServerConfigKeys (ConfUtils.java:logGet(43)) - raft.server.retrycache.expirytime = 600000ms (custom)
2019-09-25 07:21:02,589 [pool-87-thread-1] INFO  impl.RaftServerImpl (RaftServerImpl.java:start(185)) - 3176e44e-2b1b-466b-9a7b-9faa8a8c6db1@group-575728AC402B: start as a follower, conf=-1: [3176e44e-2b1b-466b-9a7b-9faa8a8c6db1:192.168.30.10:43320], old=null
2019-09-25 07:21:02,589 [pool-87-thread-1] INFO  impl.RaftServerImpl (RaftServerImpl.java:setRole(174)) - 3176e44e-2b1b-466b-9a7b-9faa8a8c6db1@group-575728AC402B: changes role from      null to FOLLOWER at term 0 for startAsFollower
2019-09-25 07:21:02,589 [pool-87-thread-1] INFO  impl.RoleInfo (RoleInfo.java:updateAndGet(143)) - 3176e44e-2b1b-466b-9a7b-9faa8a8c6db1: start FollowerState
2019-09-25 07:21:02,590 [pool-87-thread-1] INFO  util.JmxRegister (JmxRegister.java:tryRegister(44)) - Successfully registered JMX Bean with object name Ratis:service=RaftServer,group=group-575728AC402B,id=3176e44e-2b1b-466b-9a7b-9faa8a8c6db1
2019-09-25 07:21:02,595 [RatisPipelineUtilsThread] INFO  pipeline.PipelineStateManager (PipelineStateManager.java:addPipeline(56)) - Created pipeline Pipeline[ Id: 63370f9e-6414-4c34-8ef8-575728ac402b, Nodes: 3176e44e-2b1b-466b-9a7b-9faa8a8c6db1{ip: 192.168.30.10, host: pr-hdds-1569-s62bp-3040748787, networkLocation: /default-rack, certSerialId: null}, Type:RATIS, Factor:ONE, State:OPEN]
2019-09-25 07:21:02,605 [grpc-default-executor-0] INFO  impl.RaftServerProxy (RaftServerProxy.java:addNew(89)) - 46f08633-29b5-4547-ba27-3aefda386aa8: addNew group-AED539C55F27:[46f08633-29b5-4547-ba27-3aefda386aa8:192.168.30.10:40516] returns group-AED539C55F27:java.util.concurrent.CompletableFuture@144ca785[Not completed]
2019-09-25 07:21:02,606 [pool-47-thread-1] INFO  impl.RaftServerImpl (RaftServerImpl.java:<init>(95)) - 46f08633-29b5-4547-ba27-3aefda386aa8: new RaftServerImpl for group-AED539C55F27:[46f08633-29b5-4547-ba27-3aefda386aa8:192.168.30.10:40516] with ContainerStateMachine:uninitialized
2019-09-25 07:21:02,606 [pool-47-thread-1] INFO  server.RaftServerConfigKeys (ConfUtils.java:logGet(43)) - raft.server.rpc.timeout.min = 5s (custom)
2019-09-25 07:21:02,606 [pool-47-thread-1] INFO  server.RaftServerConfigKeys (ConfUtils.java:logGet(43)) - raft.server.rpc.timeout.max = 5200ms (custom)
2019-09-25 07:21:02,607 [pool-47-thread-1] INFO  server.RaftServerConfigKeys (ConfUtils.java:logGet(43)) - raft.server.rpcslowness.timeout = 120s (custom)
2019-09-25 07:21:02,607 [pool-47-thread-1] INFO  server.RaftServerConfigKeys (ConfUtils.java:logGet(43)) - raft.server.sleep.deviation.threshold = 300 (default)
2019-09-25 07:21:02,607 [pool-47-thread-1] INFO  server.RaftServerConfigKeys (ConfUtils.java:logGet(43)) - raft.server.log.appender.install.snapshot.enabled = false (custom)
2019-09-25 07:21:02,607 [pool-47-thread-1] INFO  impl.RaftServerImpl (ServerState.java:<init>(103)) - 46f08633-29b5-4547-ba27-3aefda386aa8@group-AED539C55F27: ConfigurationManager, init=-1: [46f08633-29b5-4547-ba27-3aefda386aa8:192.168.30.10:40516], old=null, confs=<EMPTY_MAP>
2019-09-25 07:21:02,607 [pool-47-thread-1] INFO  server.RaftServerConfigKeys (ConfUtils.java:logGet(43)) - raft.server.storage.dir = [/workdir/hadoop-ozone/ozonefs/target/test-dir/MiniOzoneClusterImpl-48169ae4-fc36-4fd4-bc0e-7a80f7e832d4/datanode-2/data/ratis] (custom)
2019-09-25 07:21:02,607 [pool-47-thread-1] INFO  storage.RaftStorageDirectory (RaftStorageDirectory.java:analyzeStorage(246)) - The storage directory /workdir/hadoop-ozone/ozonefs/target/test-dir/MiniOzoneClusterImpl-48169ae4-fc36-4fd4-bc0e-7a80f7e832d4/datanode-2/data/ratis/c0033a5e-43c0-4bd2-a32e-aed539c55f27 does not exist. Creating ...
2019-09-25 07:21:02,628 [pool-47-thread-1] INFO  storage.RaftStorageDirectory (RaftStorageDirectory.java:tryLock(328)) - Lock on /workdir/hadoop-ozone/ozonefs/target/test-dir/MiniOzoneClusterImpl-48169ae4-fc36-4fd4-bc0e-7a80f7e832d4/datanode-2/data/ratis/c0033a5e-43c0-4bd2-a32e-aed539c55f27/in_use.lock acquired by nodename 26726@pr-hdds-1569-s62bp-3040748787
2019-09-25 07:21:02,662 [pool-47-thread-1] INFO  storage.RaftStorage (RaftStorage.java:format(72)) - Storage directory /workdir/hadoop-ozone/ozonefs/target/test-dir/MiniOzoneClusterImpl-48169ae4-fc36-4fd4-bc0e-7a80f7e832d4/datanode-2/data/ratis/c0033a5e-43c0-4bd2-a32e-aed539c55f27 has been successfully formatted.
2019-09-25 07:21:02,662 [pool-47-thread-1] INFO  ratis.ContainerStateMachine (ContainerStateMachine.java:loadSnapshot(230)) - group-AED539C55F27: The snapshot info is null. Setting the last applied indexto:(t:0, i:~)
2019-09-25 07:21:02,662 [pool-47-thread-1] INFO  server.RaftServerConfigKeys (ConfUtils.java:logGet(43)) - raft.server.notification.no-leader.timeout = 120s (custom)
2019-09-25 07:21:02,662 [pool-47-thread-1] INFO  server.RaftServerConfigKeys (ConfUtils.java:logGet(43)) - raft.server.log.use.memory = false (default)
2019-09-25 07:21:02,662 [pool-47-thread-1] INFO  server.RaftServerConfigKeys (ConfUtils.java:logGet(43)) - raft.server.log.purge.gap = 1000000 (custom)
2019-09-25 07:21:02,663 [pool-47-thread-1] INFO  server.RaftServerConfigKeys (ConfUtils.java:logGet(43)) - raft.server.log.appender.buffer.byte-limit = 33554432 (custom)
2019-09-25 07:21:02,663 [pool-47-thread-1] INFO  server.RaftServerConfigKeys (ConfUtils.java:logGet(43)) - raft.server.log.segment.size.max = 1048576 (custom)
2019-09-25 07:21:02,663 [pool-47-thread-1] INFO  server.RaftServerConfigKeys (ConfUtils.java:logGet(43)) - raft.server.log.segment.cache.num.max = 2 (custom)
2019-09-25 07:21:02,663 [pool-47-thread-1] INFO  segmented.SegmentedRaftLogWorker (SegmentedRaftLogWorker.java:<init>(172)) - new 46f08633-29b5-4547-ba27-3aefda386aa8@group-AED539C55F27-SegmentedRaftLogWorker for RaftStorage:Storage Directory /workdir/hadoop-ozone/ozonefs/target/test-dir/MiniOzoneClusterImpl-48169ae4-fc36-4fd4-bc0e-7a80f7e832d4/datanode-2/data/ratis/c0033a5e-43c0-4bd2-a32e-aed539c55f27
2019-09-25 07:21:02,663 [pool-47-thread-1] INFO  server.RaftServerConfigKeys (ConfUtils.java:logGet(43)) - raft.server.log.queue.byte-limit = 2147483647 (custom)
2019-09-25 07:21:02,663 [pool-47-thread-1] INFO  server.RaftServerConfigKeys (ConfUtils.java:logGet(43)) - raft.server.log.queue.element-limit = 1024 (custom)
2019-09-25 07:21:02,663 [pool-47-thread-1] INFO  server.RaftServerConfigKeys (ConfUtils.java:logGet(43)) - raft.server.log.segment.size.max = 1048576 (custom)
2019-09-25 07:21:02,663 [pool-47-thread-1] INFO  server.RaftServerConfigKeys (ConfUtils.java:logGet(43)) - raft.server.log.preallocated.size = 16384 (custom)
2019-09-25 07:21:02,663 [pool-47-thread-1] INFO  server.RaftServerConfigKeys (ConfUtils.java:logGet(43)) - raft.server.log.write.buffer.size = 33554432 (custom)
2019-09-25 07:21:02,663 [pool-47-thread-1] INFO  server.RaftServerConfigKeys (ConfUtils.java:logGet(43)) - raft.server.log.force.sync.num = 128 (default)
2019-09-25 07:21:02,664 [pool-47-thread-1] INFO  server.RaftServerConfigKeys (ConfUtils.java:logGet(43)) - raft.server.log.statemachine.data.sync = true (default)
2019-09-25 07:21:02,664 [pool-47-thread-1] INFO  server.RaftServerConfigKeys (ConfUtils.java:logGet(43)) - raft.server.log.statemachine.data.sync.timeout = 10s (default)
2019-09-25 07:21:02,664 [pool-47-thread-1] INFO  server.RaftServerConfigKeys (ConfUtils.java:logGet(43)) - raft.server.log.statemachine.data.sync.timeout.retry = -1 (default)
2019-09-25 07:21:02,664 [pool-47-thread-1] INFO  server.RaftServerConfigKeys (ConfUtils.java:logGet(43)) - raft.server.log.statemachine.data.caching.enabled = true (custom)
2019-09-25 07:21:02,664 [pool-47-thread-1] INFO  segmented.SegmentedRaftLogWorker (SegmentedRaftLogWorker.java:lambda$new$0(132)) - 46f08633-29b5-4547-ba27-3aefda386aa8@group-AED539C55F27-SegmentedRaftLogWorker: flushIndex: setUnconditionally 0 -> -1
2019-09-25 07:21:02,664 [pool-47-thread-1] INFO  server.RaftServerConfigKeys (ConfUtils.java:logGet(43)) - raft.server.snapshot.auto.trigger.enabled = true (custom)
2019-09-25 07:21:02,665 [pool-47-thread-1] INFO  server.RaftServerConfigKeys (ConfUtils.java:logGet(43)) - raft.server.snapshot.auto.trigger.threshold = 10000 (custom)
2019-09-25 07:21:02,665 [pool-47-thread-1] INFO  server.RaftServerConfigKeys (ConfUtils.java:logGet(43)) - raft.server.snapshot.retention.num.files = 5 (custom)
2019-09-25 07:21:02,665 [pool-47-thread-1] INFO  server.RaftServerConfigKeys (ConfUtils.java:logGet(43)) - raft.server.retrycache.expirytime = 600000ms (custom)
2019-09-25 07:21:02,667 [pool-47-thread-1] INFO  impl.RaftServerImpl (RaftServerImpl.java:start(185)) - 46f08633-29b5-4547-ba27-3aefda386aa8@group-AED539C55F27: start as a follower, conf=-1: [46f08633-29b5-4547-ba27-3aefda386aa8:192.168.30.10:40516], old=null
2019-09-25 07:21:02,667 [pool-47-thread-1] INFO  impl.RaftServerImpl (RaftServerImpl.java:setRole(174)) - 46f08633-29b5-4547-ba27-3aefda386aa8@group-AED539C55F27: changes role from      null to FOLLOWER at term 0 for startAsFollower
2019-09-25 07:21:02,667 [pool-47-thread-1] INFO  impl.RoleInfo (RoleInfo.java:updateAndGet(143)) - 46f08633-29b5-4547-ba27-3aefda386aa8: start FollowerState
2019-09-25 07:21:02,667 [pool-47-thread-1] INFO  util.JmxRegister (JmxRegister.java:tryRegister(44)) - Successfully registered JMX Bean with object name Ratis:service=RaftServer,group=group-AED539C55F27,id=46f08633-29b5-4547-ba27-3aefda386aa8
2019-09-25 07:21:02,673 [RatisPipelineUtilsThread] INFO  pipeline.PipelineStateManager (PipelineStateManager.java:addPipeline(56)) - Created pipeline Pipeline[ Id: c0033a5e-43c0-4bd2-a32e-aed539c55f27, Nodes: 46f08633-29b5-4547-ba27-3aefda386aa8{ip: 192.168.30.10, host: pr-hdds-1569-s62bp-3040748787, networkLocation: /default-rack, certSerialId: null}, Type:RATIS, Factor:ONE, State:OPEN]
2019-09-25 07:21:02,684 [grpc-default-executor-0] INFO  impl.RaftServerProxy (RaftServerProxy.java:addNew(89)) - 8c621658-b0ee-4cf2-b145-27cf4e621fee: addNew group-2C2DE4B2F63F:[8c621658-b0ee-4cf2-b145-27cf4e621fee:192.168.30.10:39467] returns group-2C2DE4B2F63F:java.util.concurrent.CompletableFuture@3bcfe877[Not completed]
2019-09-25 07:21:02,685 [pool-67-thread-1] INFO  impl.RaftServerImpl (RaftServerImpl.java:<init>(95)) - 8c621658-b0ee-4cf2-b145-27cf4e621fee: new RaftServerImpl for group-2C2DE4B2F63F:[8c621658-b0ee-4cf2-b145-27cf4e621fee:192.168.30.10:39467] with ContainerStateMachine:uninitialized
2019-09-25 07:21:02,686 [pool-67-thread-1] INFO  server.RaftServerConfigKeys (ConfUtils.java:logGet(43)) - raft.server.rpc.timeout.min = 5s (custom)
2019-09-25 07:21:02,686 [pool-67-thread-1] INFO  server.RaftServerConfigKeys (ConfUtils.java:logGet(43)) - raft.server.rpc.timeout.max = 5200ms (custom)
2019-09-25 07:21:02,686 [pool-67-thread-1] INFO  server.RaftServerConfigKeys (ConfUtils.java:logGet(43)) - raft.server.rpcslowness.timeout = 120s (custom)
2019-09-25 07:21:02,686 [pool-67-thread-1] INFO  server.RaftServerConfigKeys (ConfUtils.java:logGet(43)) - raft.server.sleep.deviation.threshold = 300 (default)
2019-09-25 07:21:02,686 [pool-67-thread-1] INFO  server.RaftServerConfigKeys (ConfUtils.java:logGet(43)) - raft.server.log.appender.install.snapshot.enabled = false (custom)
2019-09-25 07:21:02,686 [pool-67-thread-1] INFO  impl.RaftServerImpl (ServerState.java:<init>(103)) - 8c621658-b0ee-4cf2-b145-27cf4e621fee@group-2C2DE4B2F63F: ConfigurationManager, init=-1: [8c621658-b0ee-4cf2-b145-27cf4e621fee:192.168.30.10:39467], old=null, confs=<EMPTY_MAP>
2019-09-25 07:21:02,686 [pool-67-thread-1] INFO  server.RaftServerConfigKeys (ConfUtils.java:logGet(43)) - raft.server.storage.dir = [/workdir/hadoop-ozone/ozonefs/target/test-dir/MiniOzoneClusterImpl-48169ae4-fc36-4fd4-bc0e-7a80f7e832d4/datanode-4/data/ratis] (custom)
2019-09-25 07:21:02,686 [pool-67-thread-1] INFO  storage.RaftStorageDirectory (RaftStorageDirectory.java:analyzeStorage(246)) - The storage directory /workdir/hadoop-ozone/ozonefs/target/test-dir/MiniOzoneClusterImpl-48169ae4-fc36-4fd4-bc0e-7a80f7e832d4/datanode-4/data/ratis/f99d736b-02ea-48d9-aa94-2c2de4b2f63f does not exist. Creating ...
2019-09-25 07:21:02,701 [pool-67-thread-1] INFO  storage.RaftStorageDirectory (RaftStorageDirectory.java:tryLock(328)) - Lock on /workdir/hadoop-ozone/ozonefs/target/test-dir/MiniOzoneClusterImpl-48169ae4-fc36-4fd4-bc0e-7a80f7e832d4/datanode-4/data/ratis/f99d736b-02ea-48d9-aa94-2c2de4b2f63f/in_use.lock acquired by nodename 26726@pr-hdds-1569-s62bp-3040748787
2019-09-25 07:21:02,714 [pool-67-thread-1] INFO  storage.RaftStorage (RaftStorage.java:format(72)) - Storage directory /workdir/hadoop-ozone/ozonefs/target/test-dir/MiniOzoneClusterImpl-48169ae4-fc36-4fd4-bc0e-7a80f7e832d4/datanode-4/data/ratis/f99d736b-02ea-48d9-aa94-2c2de4b2f63f has been successfully formatted.
2019-09-25 07:21:02,714 [pool-67-thread-1] INFO  ratis.ContainerStateMachine (ContainerStateMachine.java:loadSnapshot(230)) - group-2C2DE4B2F63F: The snapshot info is null. Setting the last applied indexto:(t:0, i:~)
2019-09-25 07:21:02,715 [pool-67-thread-1] INFO  server.RaftServerConfigKeys (ConfUtils.java:logGet(43)) - raft.server.notification.no-leader.timeout = 120s (custom)
2019-09-25 07:21:02,715 [pool-67-thread-1] INFO  server.RaftServerConfigKeys (ConfUtils.java:logGet(43)) - raft.server.log.use.memory = false (default)
2019-09-25 07:21:02,715 [pool-67-thread-1] INFO  server.RaftServerConfigKeys (ConfUtils.java:logGet(43)) - raft.server.log.purge.gap = 1000000 (custom)
2019-09-25 07:21:02,715 [pool-67-thread-1] INFO  server.RaftServerConfigKeys (ConfUtils.java:logGet(43)) - raft.server.log.appender.buffer.byte-limit = 33554432 (custom)
2019-09-25 07:21:02,715 [pool-67-thread-1] INFO  server.RaftServerConfigKeys (ConfUtils.java:logGet(43)) - raft.server.log.segment.size.max = 1048576 (custom)
2019-09-25 07:21:02,715 [pool-67-thread-1] INFO  server.RaftServerConfigKeys (ConfUtils.java:logGet(43)) - raft.server.log.segment.cache.num.max = 2 (custom)
2019-09-25 07:21:02,715 [pool-67-thread-1] INFO  segmented.SegmentedRaftLogWorker (SegmentedRaftLogWorker.java:<init>(172)) - new 8c621658-b0ee-4cf2-b145-27cf4e621fee@group-2C2DE4B2F63F-SegmentedRaftLogWorker for RaftStorage:Storage Directory /workdir/hadoop-ozone/ozonefs/target/test-dir/MiniOzoneClusterImpl-48169ae4-fc36-4fd4-bc0e-7a80f7e832d4/datanode-4/data/ratis/f99d736b-02ea-48d9-aa94-2c2de4b2f63f
2019-09-25 07:21:02,715 [pool-67-thread-1] INFO  server.RaftServerConfigKeys (ConfUtils.java:logGet(43)) - raft.server.log.queue.byte-limit = 2147483647 (custom)
2019-09-25 07:21:02,716 [pool-67-thread-1] INFO  server.RaftServerConfigKeys (ConfUtils.java:logGet(43)) - raft.server.log.queue.element-limit = 1024 (custom)
2019-09-25 07:21:02,716 [pool-67-thread-1] INFO  server.RaftServerConfigKeys (ConfUtils.java:logGet(43)) - raft.server.log.segment.size.max = 1048576 (custom)
2019-09-25 07:21:02,716 [pool-67-thread-1] INFO  server.RaftServerConfigKeys (ConfUtils.java:logGet(43)) - raft.server.log.preallocated.size = 16384 (custom)
2019-09-25 07:21:02,716 [pool-67-thread-1] INFO  server.RaftServerConfigKeys (ConfUtils.java:logGet(43)) - raft.server.log.write.buffer.size = 33554432 (custom)
2019-09-25 07:21:02,716 [pool-67-thread-1] INFO  server.RaftServerConfigKeys (ConfUtils.java:logGet(43)) - raft.server.log.force.sync.num = 128 (default)
2019-09-25 07:21:02,716 [pool-67-thread-1] INFO  server.RaftServerConfigKeys (ConfUtils.java:logGet(43)) - raft.server.log.statemachine.data.sync = true (default)
2019-09-25 07:21:02,716 [pool-67-thread-1] INFO  server.RaftServerConfigKeys (ConfUtils.java:logGet(43)) - raft.server.log.statemachine.data.sync.timeout = 10s (default)
2019-09-25 07:21:02,716 [pool-67-thread-1] INFO  server.RaftServerConfigKeys (ConfUtils.java:logGet(43)) - raft.server.log.statemachine.data.sync.timeout.retry = -1 (default)
2019-09-25 07:21:02,716 [pool-67-thread-1] INFO  server.RaftServerConfigKeys (ConfUtils.java:logGet(43)) - raft.server.log.statemachine.data.caching.enabled = true (custom)
2019-09-25 07:21:02,717 [pool-67-thread-1] INFO  segmented.SegmentedRaftLogWorker (SegmentedRaftLogWorker.java:lambda$new$0(132)) - 8c621658-b0ee-4cf2-b145-27cf4e621fee@group-2C2DE4B2F63F-SegmentedRaftLogWorker: flushIndex: setUnconditionally 0 -> -1
2019-09-25 07:21:02,717 [pool-67-thread-1] INFO  server.RaftServerConfigKeys (ConfUtils.java:logGet(43)) - raft.server.snapshot.auto.trigger.enabled = true (custom)
2019-09-25 07:21:02,717 [pool-67-thread-1] INFO  server.RaftServerConfigKeys (ConfUtils.java:logGet(43)) - raft.server.snapshot.auto.trigger.threshold = 10000 (custom)
2019-09-25 07:21:02,717 [pool-67-thread-1] INFO  server.RaftServerConfigKeys (ConfUtils.java:logGet(43)) - raft.server.snapshot.retention.num.files = 5 (custom)
2019-09-25 07:21:02,717 [pool-67-thread-1] INFO  server.RaftServerConfigKeys (ConfUtils.java:logGet(43)) - raft.server.retrycache.expirytime = 600000ms (custom)
2019-09-25 07:21:02,719 [pool-67-thread-1] INFO  impl.RaftServerImpl (RaftServerImpl.java:start(185)) - 8c621658-b0ee-4cf2-b145-27cf4e621fee@group-2C2DE4B2F63F: start as a follower, conf=-1: [8c621658-b0ee-4cf2-b145-27cf4e621fee:192.168.30.10:39467], old=null
2019-09-25 07:21:02,719 [pool-67-thread-1] INFO  impl.RaftServerImpl (RaftServerImpl.java:setRole(174)) - 8c621658-b0ee-4cf2-b145-27cf4e621fee@group-2C2DE4B2F63F: changes role from      null to FOLLOWER at term 0 for startAsFollower
2019-09-25 07:21:02,720 [pool-67-thread-1] INFO  impl.RoleInfo (RoleInfo.java:updateAndGet(143)) - 8c621658-b0ee-4cf2-b145-27cf4e621fee: start FollowerState
2019-09-25 07:21:02,720 [pool-67-thread-1] INFO  util.JmxRegister (JmxRegister.java:tryRegister(44)) - Successfully registered JMX Bean with object name Ratis:service=RaftServer,group=group-2C2DE4B2F63F,id=8c621658-b0ee-4cf2-b145-27cf4e621fee
2019-09-25 07:21:02,725 [RatisPipelineUtilsThread] INFO  pipeline.PipelineStateManager (PipelineStateManager.java:addPipeline(56)) - Created pipeline Pipeline[ Id: f99d736b-02ea-48d9-aa94-2c2de4b2f63f, Nodes: 8c621658-b0ee-4cf2-b145-27cf4e621fee{ip: 192.168.30.10, host: pr-hdds-1569-s62bp-3040748787, networkLocation: /default-rack, certSerialId: null}, Type:RATIS, Factor:ONE, State:OPEN]
2019-09-25 07:21:02,734 [grpc-default-executor-0] INFO  impl.RaftServerProxy (RaftServerProxy.java:addNew(89)) - 6bc56785-b354-47d6-aaaa-aea62bb8d052: addNew group-3D2EE3C06F68:[6bc56785-b354-47d6-aaaa-aea62bb8d052:192.168.30.10:40140] returns group-3D2EE3C06F68:java.util.concurrent.CompletableFuture@17250a37[Not completed]
2019-09-25 07:21:02,736 [pool-77-thread-1] INFO  impl.RaftServerImpl (RaftServerImpl.java:<init>(95)) - 6bc56785-b354-47d6-aaaa-aea62bb8d052: new RaftServerImpl for group-3D2EE3C06F68:[6bc56785-b354-47d6-aaaa-aea62bb8d052:192.168.30.10:40140] with ContainerStateMachine:uninitialized
2019-09-25 07:21:02,736 [pool-77-thread-1] INFO  server.RaftServerConfigKeys (ConfUtils.java:logGet(43)) - raft.server.rpc.timeout.min = 5s (custom)
2019-09-25 07:21:02,736 [pool-77-thread-1] INFO  server.RaftServerConfigKeys (ConfUtils.java:logGet(43)) - raft.server.rpc.timeout.max = 5200ms (custom)
2019-09-25 07:21:02,736 [pool-77-thread-1] INFO  server.RaftServerConfigKeys (ConfUtils.java:logGet(43)) - raft.server.rpcslowness.timeout = 120s (custom)
2019-09-25 07:21:02,736 [pool-77-thread-1] INFO  server.RaftServerConfigKeys (ConfUtils.java:logGet(43)) - raft.server.sleep.deviation.threshold = 300 (default)
2019-09-25 07:21:02,736 [pool-77-thread-1] INFO  server.RaftServerConfigKeys (ConfUtils.java:logGet(43)) - raft.server.log.appender.install.snapshot.enabled = false (custom)
2019-09-25 07:21:02,737 [pool-77-thread-1] INFO  impl.RaftServerImpl (ServerState.java:<init>(103)) - 6bc56785-b354-47d6-aaaa-aea62bb8d052@group-3D2EE3C06F68: ConfigurationManager, init=-1: [6bc56785-b354-47d6-aaaa-aea62bb8d052:192.168.30.10:40140], old=null, confs=<EMPTY_MAP>
2019-09-25 07:21:02,737 [pool-77-thread-1] INFO  server.RaftServerConfigKeys (ConfUtils.java:logGet(43)) - raft.server.storage.dir = [/workdir/hadoop-ozone/ozonefs/target/test-dir/MiniOzoneClusterImpl-48169ae4-fc36-4fd4-bc0e-7a80f7e832d4/datanode-5/data/ratis] (custom)
2019-09-25 07:21:02,737 [pool-77-thread-1] INFO  storage.RaftStorageDirectory (RaftStorageDirectory.java:analyzeStorage(246)) - The storage directory /workdir/hadoop-ozone/ozonefs/target/test-dir/MiniOzoneClusterImpl-48169ae4-fc36-4fd4-bc0e-7a80f7e832d4/datanode-5/data/ratis/c7be329b-fa2a-43ae-9e9e-3d2ee3c06f68 does not exist. Creating ...
2019-09-25 07:21:02,750 [pool-77-thread-1] INFO  storage.RaftStorageDirectory (RaftStorageDirectory.java:tryLock(328)) - Lock on /workdir/hadoop-ozone/ozonefs/target/test-dir/MiniOzoneClusterImpl-48169ae4-fc36-4fd4-bc0e-7a80f7e832d4/datanode-5/data/ratis/c7be329b-fa2a-43ae-9e9e-3d2ee3c06f68/in_use.lock acquired by nodename 26726@pr-hdds-1569-s62bp-3040748787
2019-09-25 07:21:02,763 [pool-77-thread-1] INFO  storage.RaftStorage (RaftStorage.java:format(72)) - Storage directory /workdir/hadoop-ozone/ozonefs/target/test-dir/MiniOzoneClusterImpl-48169ae4-fc36-4fd4-bc0e-7a80f7e832d4/datanode-5/data/ratis/c7be329b-fa2a-43ae-9e9e-3d2ee3c06f68 has been successfully formatted.
2019-09-25 07:21:02,763 [pool-77-thread-1] INFO  ratis.ContainerStateMachine (ContainerStateMachine.java:loadSnapshot(230)) - group-3D2EE3C06F68: The snapshot info is null. Setting the last applied indexto:(t:0, i:~)
2019-09-25 07:21:02,764 [pool-77-thread-1] INFO  server.RaftServerConfigKeys (ConfUtils.java:logGet(43)) - raft.server.notification.no-leader.timeout = 120s (custom)
2019-09-25 07:21:02,764 [pool-77-thread-1] INFO  server.RaftServerConfigKeys (ConfUtils.java:logGet(43)) - raft.server.log.use.memory = false (default)
2019-09-25 07:21:02,764 [pool-77-thread-1] INFO  server.RaftServerConfigKeys (ConfUtils.java:logGet(43)) - raft.server.log.purge.gap = 1000000 (custom)
2019-09-25 07:21:02,764 [pool-77-thread-1] INFO  server.RaftServerConfigKeys (ConfUtils.java:logGet(43)) - raft.server.log.appender.buffer.byte-limit = 33554432 (custom)
2019-09-25 07:21:02,764 [pool-77-thread-1] INFO  server.RaftServerConfigKeys (ConfUtils.java:logGet(43)) - raft.server.log.segment.size.max = 1048576 (custom)
2019-09-25 07:21:02,764 [pool-77-thread-1] INFO  server.RaftServerConfigKeys (ConfUtils.java:logGet(43)) - raft.server.log.segment.cache.num.max = 2 (custom)
2019-09-25 07:21:02,765 [pool-77-thread-1] INFO  segmented.SegmentedRaftLogWorker (SegmentedRaftLogWorker.java:<init>(172)) - new 6bc56785-b354-47d6-aaaa-aea62bb8d052@group-3D2EE3C06F68-SegmentedRaftLogWorker for RaftStorage:Storage Directory /workdir/hadoop-ozone/ozonefs/target/test-dir/MiniOzoneClusterImpl-48169ae4-fc36-4fd4-bc0e-7a80f7e832d4/datanode-5/data/ratis/c7be329b-fa2a-43ae-9e9e-3d2ee3c06f68
2019-09-25 07:21:02,765 [pool-77-thread-1] INFO  server.RaftServerConfigKeys (ConfUtils.java:logGet(43)) - raft.server.log.queue.byte-limit = 2147483647 (custom)
2019-09-25 07:21:02,765 [pool-77-thread-1] INFO  server.RaftServerConfigKeys (ConfUtils.java:logGet(43)) - raft.server.log.queue.element-limit = 1024 (custom)
2019-09-25 07:21:02,765 [pool-77-thread-1] INFO  server.RaftServerConfigKeys (ConfUtils.java:logGet(43)) - raft.server.log.segment.size.max = 1048576 (custom)
2019-09-25 07:21:02,765 [pool-77-thread-1] INFO  server.RaftServerConfigKeys (ConfUtils.java:logGet(43)) - raft.server.log.preallocated.size = 16384 (custom)
2019-09-25 07:21:02,765 [pool-77-thread-1] INFO  server.RaftServerConfigKeys (ConfUtils.java:logGet(43)) - raft.server.log.write.buffer.size = 33554432 (custom)
2019-09-25 07:21:02,765 [pool-77-thread-1] INFO  server.RaftServerConfigKeys (ConfUtils.java:logGet(43)) - raft.server.log.force.sync.num = 128 (default)
2019-09-25 07:21:02,766 [pool-77-thread-1] INFO  server.RaftServerConfigKeys (ConfUtils.java:logGet(43)) - raft.server.log.statemachine.data.sync = true (default)
2019-09-25 07:21:02,766 [pool-77-thread-1] INFO  server.RaftServerConfigKeys (ConfUtils.java:logGet(43)) - raft.server.log.statemachine.data.sync.timeout = 10s (default)
2019-09-25 07:21:02,766 [pool-77-thread-1] INFO  server.RaftServerConfigKeys (ConfUtils.java:logGet(43)) - raft.server.log.statemachine.data.sync.timeout.retry = -1 (default)
2019-09-25 07:21:02,766 [pool-77-thread-1] INFO  server.RaftServerConfigKeys (ConfUtils.java:logGet(43)) - raft.server.log.statemachine.data.caching.enabled = true (custom)
2019-09-25 07:21:02,766 [pool-77-thread-1] INFO  segmented.SegmentedRaftLogWorker (SegmentedRaftLogWorker.java:lambda$new$0(132)) - 6bc56785-b354-47d6-aaaa-aea62bb8d052@group-3D2EE3C06F68-SegmentedRaftLogWorker: flushIndex: setUnconditionally 0 -> -1
2019-09-25 07:21:02,767 [pool-77-thread-1] INFO  server.RaftServerConfigKeys (ConfUtils.java:logGet(43)) - raft.server.snapshot.auto.trigger.enabled = true (custom)
2019-09-25 07:21:02,767 [pool-77-thread-1] INFO  server.RaftServerConfigKeys (ConfUtils.java:logGet(43)) - raft.server.snapshot.auto.trigger.threshold = 10000 (custom)
2019-09-25 07:21:02,767 [pool-77-thread-1] INFO  server.RaftServerConfigKeys (ConfUtils.java:logGet(43)) - raft.server.snapshot.retention.num.files = 5 (custom)
2019-09-25 07:21:02,767 [pool-77-thread-1] INFO  server.RaftServerConfigKeys (ConfUtils.java:logGet(43)) - raft.server.retrycache.expirytime = 600000ms (custom)
2019-09-25 07:21:02,770 [pool-77-thread-1] INFO  impl.RaftServerImpl (RaftServerImpl.java:start(185)) - 6bc56785-b354-47d6-aaaa-aea62bb8d052@group-3D2EE3C06F68: start as a follower, conf=-1: [6bc56785-b354-47d6-aaaa-aea62bb8d052:192.168.30.10:40140], old=null
2019-09-25 07:21:02,770 [pool-77-thread-1] INFO  impl.RaftServerImpl (RaftServerImpl.java:setRole(174)) - 6bc56785-b354-47d6-aaaa-aea62bb8d052@group-3D2EE3C06F68: changes role from      null to FOLLOWER at term 0 for startAsFollower
2019-09-25 07:21:02,770 [pool-77-thread-1] INFO  impl.RoleInfo (RoleInfo.java:updateAndGet(143)) - 6bc56785-b354-47d6-aaaa-aea62bb8d052: start FollowerState
2019-09-25 07:21:02,771 [pool-77-thread-1] INFO  util.JmxRegister (JmxRegister.java:tryRegister(44)) - Successfully registered JMX Bean with object name Ratis:service=RaftServer,group=group-3D2EE3C06F68,id=6bc56785-b354-47d6-aaaa-aea62bb8d052
2019-09-25 07:21:02,776 [RatisPipelineUtilsThread] INFO  pipeline.PipelineStateManager (PipelineStateManager.java:addPipeline(56)) - Created pipeline Pipeline[ Id: c7be329b-fa2a-43ae-9e9e-3d2ee3c06f68, Nodes: 6bc56785-b354-47d6-aaaa-aea62bb8d052{ip: 192.168.30.10, host: pr-hdds-1569-s62bp-3040748787, networkLocation: /default-rack, certSerialId: null}, Type:RATIS, Factor:ONE, State:OPEN]
2019-09-25 07:21:02,786 [grpc-default-executor-0] INFO  impl.RaftServerProxy (RaftServerProxy.java:addNew(89)) - 988e4f02-2728-4d94-a25f-5554bec3cdd7: addNew group-561C9EE0A7FE:[988e4f02-2728-4d94-a25f-5554bec3cdd7:192.168.30.10:32885] returns group-561C9EE0A7FE:java.util.concurrent.CompletableFuture@1785b76d[Not completed]
2019-09-25 07:21:02,787 [pool-107-thread-1] INFO  impl.RaftServerImpl (RaftServerImpl.java:<init>(95)) - 988e4f02-2728-4d94-a25f-5554bec3cdd7: new RaftServerImpl for group-561C9EE0A7FE:[988e4f02-2728-4d94-a25f-5554bec3cdd7:192.168.30.10:32885] with ContainerStateMachine:uninitialized
2019-09-25 07:21:02,787 [pool-107-thread-1] INFO  server.RaftServerConfigKeys (ConfUtils.java:logGet(43)) - raft.server.rpc.timeout.min = 5s (custom)
2019-09-25 07:21:02,788 [pool-107-thread-1] INFO  server.RaftServerConfigKeys (ConfUtils.java:logGet(43)) - raft.server.rpc.timeout.max = 5200ms (custom)
2019-09-25 07:21:02,788 [pool-107-thread-1] INFO  server.RaftServerConfigKeys (ConfUtils.java:logGet(43)) - raft.server.rpcslowness.timeout = 120s (custom)
2019-09-25 07:21:02,788 [pool-107-thread-1] INFO  server.RaftServerConfigKeys (ConfUtils.java:logGet(43)) - raft.server.sleep.deviation.threshold = 300 (default)
2019-09-25 07:21:02,788 [pool-107-thread-1] INFO  server.RaftServerConfigKeys (ConfUtils.java:logGet(43)) - raft.server.log.appender.install.snapshot.enabled = false (custom)
2019-09-25 07:21:02,788 [pool-107-thread-1] INFO  impl.RaftServerImpl (ServerState.java:<init>(103)) - 988e4f02-2728-4d94-a25f-5554bec3cdd7@group-561C9EE0A7FE: ConfigurationManager, init=-1: [988e4f02-2728-4d94-a25f-5554bec3cdd7:192.168.30.10:32885], old=null, confs=<EMPTY_MAP>
2019-09-25 07:21:02,788 [pool-107-thread-1] INFO  server.RaftServerConfigKeys (ConfUtils.java:logGet(43)) - raft.server.storage.dir = [/workdir/hadoop-ozone/ozonefs/target/test-dir/MiniOzoneClusterImpl-48169ae4-fc36-4fd4-bc0e-7a80f7e832d4/datanode-8/data/ratis] (custom)
2019-09-25 07:21:02,788 [pool-107-thread-1] INFO  storage.RaftStorageDirectory (RaftStorageDirectory.java:analyzeStorage(246)) - The storage directory /workdir/hadoop-ozone/ozonefs/target/test-dir/MiniOzoneClusterImpl-48169ae4-fc36-4fd4-bc0e-7a80f7e832d4/datanode-8/data/ratis/95b725eb-98a8-44a1-9bb7-561c9ee0a7fe does not exist. Creating ...
2019-09-25 07:21:02,801 [pool-107-thread-1] INFO  storage.RaftStorageDirectory (RaftStorageDirectory.java:tryLock(328)) - Lock on /workdir/hadoop-ozone/ozonefs/target/test-dir/MiniOzoneClusterImpl-48169ae4-fc36-4fd4-bc0e-7a80f7e832d4/datanode-8/data/ratis/95b725eb-98a8-44a1-9bb7-561c9ee0a7fe/in_use.lock acquired by nodename 26726@pr-hdds-1569-s62bp-3040748787
2019-09-25 07:21:02,814 [pool-107-thread-1] INFO  storage.RaftStorage (RaftStorage.java:format(72)) - Storage directory /workdir/hadoop-ozone/ozonefs/target/test-dir/MiniOzoneClusterImpl-48169ae4-fc36-4fd4-bc0e-7a80f7e832d4/datanode-8/data/ratis/95b725eb-98a8-44a1-9bb7-561c9ee0a7fe has been successfully formatted.
2019-09-25 07:21:02,815 [pool-107-thread-1] INFO  ratis.ContainerStateMachine (ContainerStateMachine.java:loadSnapshot(230)) - group-561C9EE0A7FE: The snapshot info is null. Setting the last applied indexto:(t:0, i:~)
2019-09-25 07:21:02,815 [pool-107-thread-1] INFO  server.RaftServerConfigKeys (ConfUtils.java:logGet(43)) - raft.server.notification.no-leader.timeout = 120s (custom)
2019-09-25 07:21:02,815 [pool-107-thread-1] INFO  server.RaftServerConfigKeys (ConfUtils.java:logGet(43)) - raft.server.log.use.memory = false (default)
2019-09-25 07:21:02,815 [pool-107-thread-1] INFO  server.RaftServerConfigKeys (ConfUtils.java:logGet(43)) - raft.server.log.purge.gap = 1000000 (custom)
2019-09-25 07:21:02,816 [pool-107-thread-1] INFO  server.RaftServerConfigKeys (ConfUtils.java:logGet(43)) - raft.server.log.appender.buffer.byte-limit = 33554432 (custom)
2019-09-25 07:21:02,816 [pool-107-thread-1] INFO  server.RaftServerConfigKeys (ConfUtils.java:logGet(43)) - raft.server.log.segment.size.max = 1048576 (custom)
2019-09-25 07:21:02,816 [pool-107-thread-1] INFO  server.RaftServerConfigKeys (ConfUtils.java:logGet(43)) - raft.server.log.segment.cache.num.max = 2 (custom)
2019-09-25 07:21:02,816 [pool-107-thread-1] INFO  segmented.SegmentedRaftLogWorker (SegmentedRaftLogWorker.java:<init>(172)) - new 988e4f02-2728-4d94-a25f-5554bec3cdd7@group-561C9EE0A7FE-SegmentedRaftLogWorker for RaftStorage:Storage Directory /workdir/hadoop-ozone/ozonefs/target/test-dir/MiniOzoneClusterImpl-48169ae4-fc36-4fd4-bc0e-7a80f7e832d4/datanode-8/data/ratis/95b725eb-98a8-44a1-9bb7-561c9ee0a7fe
2019-09-25 07:21:02,816 [pool-107-thread-1] INFO  server.RaftServerConfigKeys (ConfUtils.java:logGet(43)) - raft.server.log.queue.byte-limit = 2147483647 (custom)
2019-09-25 07:21:02,816 [pool-107-thread-1] INFO  server.RaftServerConfigKeys (ConfUtils.java:logGet(43)) - raft.server.log.queue.element-limit = 1024 (custom)
2019-09-25 07:21:02,816 [pool-107-thread-1] INFO  server.RaftServerConfigKeys (ConfUtils.java:logGet(43)) - raft.server.log.segment.size.max = 1048576 (custom)
2019-09-25 07:21:02,817 [pool-107-thread-1] INFO  server.RaftServerConfigKeys (ConfUtils.java:logGet(43)) - raft.server.log.preallocated.size = 16384 (custom)
2019-09-25 07:21:02,817 [pool-107-thread-1] INFO  server.RaftServerConfigKeys (ConfUtils.java:logGet(43)) - raft.server.log.write.buffer.size = 33554432 (custom)
2019-09-25 07:21:02,817 [pool-107-thread-1] INFO  server.RaftServerConfigKeys (ConfUtils.java:logGet(43)) - raft.server.log.force.sync.num = 128 (default)
2019-09-25 07:21:02,817 [pool-107-thread-1] INFO  server.RaftServerConfigKeys (ConfUtils.java:logGet(43)) - raft.server.log.statemachine.data.sync = true (default)
2019-09-25 07:21:02,817 [pool-107-thread-1] INFO  server.RaftServerConfigKeys (ConfUtils.java:logGet(43)) - raft.server.log.statemachine.data.sync.timeout = 10s (default)
2019-09-25 07:21:02,817 [pool-107-thread-1] INFO  server.RaftServerConfigKeys (ConfUtils.java:logGet(43)) - raft.server.log.statemachine.data.sync.timeout.retry = -1 (default)
2019-09-25 07:21:02,817 [pool-107-thread-1] INFO  server.RaftServerConfigKeys (ConfUtils.java:logGet(43)) - raft.server.log.statemachine.data.caching.enabled = true (custom)
2019-09-25 07:21:02,818 [pool-107-thread-1] INFO  segmented.SegmentedRaftLogWorker (SegmentedRaftLogWorker.java:lambda$new$0(132)) - 988e4f02-2728-4d94-a25f-5554bec3cdd7@group-561C9EE0A7FE-SegmentedRaftLogWorker: flushIndex: setUnconditionally 0 -> -1
2019-09-25 07:21:02,818 [pool-107-thread-1] INFO  server.RaftServerConfigKeys (ConfUtils.java:logGet(43)) - raft.server.snapshot.auto.trigger.enabled = true (custom)
2019-09-25 07:21:02,818 [pool-107-thread-1] INFO  server.RaftServerConfigKeys (ConfUtils.java:logGet(43)) - raft.server.snapshot.auto.trigger.threshold = 10000 (custom)
2019-09-25 07:21:02,818 [pool-107-thread-1] INFO  server.RaftServerConfigKeys (ConfUtils.java:logGet(43)) - raft.server.snapshot.retention.num.files = 5 (custom)
2019-09-25 07:21:02,819 [pool-107-thread-1] INFO  server.RaftServerConfigKeys (ConfUtils.java:logGet(43)) - raft.server.retrycache.expirytime = 600000ms (custom)
2019-09-25 07:21:02,821 [pool-107-thread-1] INFO  impl.RaftServerImpl (RaftServerImpl.java:start(185)) - 988e4f02-2728-4d94-a25f-5554bec3cdd7@group-561C9EE0A7FE: start as a follower, conf=-1: [988e4f02-2728-4d94-a25f-5554bec3cdd7:192.168.30.10:32885], old=null
2019-09-25 07:21:02,821 [pool-107-thread-1] INFO  impl.RaftServerImpl (RaftServerImpl.java:setRole(174)) - 988e4f02-2728-4d94-a25f-5554bec3cdd7@group-561C9EE0A7FE: changes role from      null to FOLLOWER at term 0 for startAsFollower
2019-09-25 07:21:02,821 [pool-107-thread-1] INFO  impl.RoleInfo (RoleInfo.java:updateAndGet(143)) - 988e4f02-2728-4d94-a25f-5554bec3cdd7: start FollowerState
2019-09-25 07:21:02,822 [pool-107-thread-1] INFO  util.JmxRegister (JmxRegister.java:tryRegister(44)) - Successfully registered JMX Bean with object name Ratis:service=RaftServer,group=group-561C9EE0A7FE,id=988e4f02-2728-4d94-a25f-5554bec3cdd7
2019-09-25 07:21:02,827 [RatisPipelineUtilsThread] INFO  pipeline.PipelineStateManager (PipelineStateManager.java:addPipeline(56)) - Created pipeline Pipeline[ Id: 95b725eb-98a8-44a1-9bb7-561c9ee0a7fe, Nodes: 988e4f02-2728-4d94-a25f-5554bec3cdd7{ip: 192.168.30.10, host: pr-hdds-1569-s62bp-3040748787, networkLocation: /default-rack, certSerialId: null}, Type:RATIS, Factor:ONE, State:OPEN]
2019-09-25 07:21:02,838 [grpc-default-executor-0] INFO  impl.RaftServerProxy (RaftServerProxy.java:addNew(89)) - 6bc56785-b354-47d6-aaaa-aea62bb8d052: addNew group-222DDEDDA9D8:[6bc56785-b354-47d6-aaaa-aea62bb8d052:192.168.30.10:40140] returns group-222DDEDDA9D8:java.util.concurrent.CompletableFuture@69e42305[Not completed]
2019-09-25 07:21:02,839 [pool-77-thread-1] INFO  impl.RaftServerImpl (RaftServerImpl.java:<init>(95)) - 6bc56785-b354-47d6-aaaa-aea62bb8d052: new RaftServerImpl for group-222DDEDDA9D8:[6bc56785-b354-47d6-aaaa-aea62bb8d052:192.168.30.10:40140] with ContainerStateMachine:uninitialized
2019-09-25 07:21:02,840 [pool-77-thread-1] INFO  server.RaftServerConfigKeys (ConfUtils.java:logGet(43)) - raft.server.rpc.timeout.min = 5s (custom)
2019-09-25 07:21:02,840 [pool-77-thread-1] INFO  server.RaftServerConfigKeys (ConfUtils.java:logGet(43)) - raft.server.rpc.timeout.max = 5200ms (custom)
2019-09-25 07:21:02,840 [pool-77-thread-1] INFO  server.RaftServerConfigKeys (ConfUtils.java:logGet(43)) - raft.server.rpcslowness.timeout = 120s (custom)
2019-09-25 07:21:02,840 [pool-77-thread-1] INFO  server.RaftServerConfigKeys (ConfUtils.java:logGet(43)) - raft.server.sleep.deviation.threshold = 300 (default)
2019-09-25 07:21:02,840 [pool-77-thread-1] INFO  server.RaftServerConfigKeys (ConfUtils.java:logGet(43)) - raft.server.log.appender.install.snapshot.enabled = false (custom)
2019-09-25 07:21:02,840 [pool-77-thread-1] INFO  impl.RaftServerImpl (ServerState.java:<init>(103)) - 6bc56785-b354-47d6-aaaa-aea62bb8d052@group-222DDEDDA9D8: ConfigurationManager, init=-1: [6bc56785-b354-47d6-aaaa-aea62bb8d052:192.168.30.10:40140], old=null, confs=<EMPTY_MAP>
2019-09-25 07:21:02,841 [pool-77-thread-1] INFO  server.RaftServerConfigKeys (ConfUtils.java:logGet(43)) - raft.server.storage.dir = [/workdir/hadoop-ozone/ozonefs/target/test-dir/MiniOzoneClusterImpl-48169ae4-fc36-4fd4-bc0e-7a80f7e832d4/datanode-5/data/ratis] (custom)
2019-09-25 07:21:02,841 [pool-77-thread-1] INFO  storage.RaftStorageDirectory (RaftStorageDirectory.java:analyzeStorage(246)) - The storage directory /workdir/hadoop-ozone/ozonefs/target/test-dir/MiniOzoneClusterImpl-48169ae4-fc36-4fd4-bc0e-7a80f7e832d4/datanode-5/data/ratis/6676c155-f943-429d-9b36-222ddedda9d8 does not exist. Creating ...
2019-09-25 07:21:02,868 [pool-77-thread-1] INFO  storage.RaftStorageDirectory (RaftStorageDirectory.java:tryLock(328)) - Lock on /workdir/hadoop-ozone/ozonefs/target/test-dir/MiniOzoneClusterImpl-48169ae4-fc36-4fd4-bc0e-7a80f7e832d4/datanode-5/data/ratis/6676c155-f943-429d-9b36-222ddedda9d8/in_use.lock acquired by nodename 26726@pr-hdds-1569-s62bp-3040748787
2019-09-25 07:21:02,893 [pool-77-thread-1] INFO  storage.RaftStorage (RaftStorage.java:format(72)) - Storage directory /workdir/hadoop-ozone/ozonefs/target/test-dir/MiniOzoneClusterImpl-48169ae4-fc36-4fd4-bc0e-7a80f7e832d4/datanode-5/data/ratis/6676c155-f943-429d-9b36-222ddedda9d8 has been successfully formatted.
2019-09-25 07:21:02,893 [pool-77-thread-1] INFO  ratis.ContainerStateMachine (ContainerStateMachine.java:loadSnapshot(230)) - group-222DDEDDA9D8: The snapshot info is null. Setting the last applied indexto:(t:0, i:~)
2019-09-25 07:21:02,894 [pool-77-thread-1] INFO  server.RaftServerConfigKeys (ConfUtils.java:logGet(43)) - raft.server.notification.no-leader.timeout = 120s (custom)
2019-09-25 07:21:02,894 [pool-77-thread-1] INFO  server.RaftServerConfigKeys (ConfUtils.java:logGet(43)) - raft.server.log.use.memory = false (default)
2019-09-25 07:21:02,894 [pool-77-thread-1] INFO  server.RaftServerConfigKeys (ConfUtils.java:logGet(43)) - raft.server.log.purge.gap = 1000000 (custom)
2019-09-25 07:21:02,894 [pool-77-thread-1] INFO  server.RaftServerConfigKeys (ConfUtils.java:logGet(43)) - raft.server.log.appender.buffer.byte-limit = 33554432 (custom)
2019-09-25 07:21:02,894 [pool-77-thread-1] INFO  server.RaftServerConfigKeys (ConfUtils.java:logGet(43)) - raft.server.log.segment.size.max = 1048576 (custom)
2019-09-25 07:21:02,895 [pool-77-thread-1] INFO  server.RaftServerConfigKeys (ConfUtils.java:logGet(43)) - raft.server.log.segment.cache.num.max = 2 (custom)
2019-09-25 07:21:02,895 [pool-77-thread-1] INFO  segmented.SegmentedRaftLogWorker (SegmentedRaftLogWorker.java:<init>(172)) - new 6bc56785-b354-47d6-aaaa-aea62bb8d052@group-222DDEDDA9D8-SegmentedRaftLogWorker for RaftStorage:Storage Directory /workdir/hadoop-ozone/ozonefs/target/test-dir/MiniOzoneClusterImpl-48169ae4-fc36-4fd4-bc0e-7a80f7e832d4/datanode-5/data/ratis/6676c155-f943-429d-9b36-222ddedda9d8
2019-09-25 07:21:02,895 [pool-77-thread-1] INFO  server.RaftServerConfigKeys (ConfUtils.java:logGet(43)) - raft.server.log.queue.byte-limit = 2147483647 (custom)
2019-09-25 07:21:02,895 [pool-77-thread-1] INFO  server.RaftServerConfigKeys (ConfUtils.java:logGet(43)) - raft.server.log.queue.element-limit = 1024 (custom)
2019-09-25 07:21:02,895 [pool-77-thread-1] INFO  server.RaftServerConfigKeys (ConfUtils.java:logGet(43)) - raft.server.log.segment.size.max = 1048576 (custom)
2019-09-25 07:21:02,895 [pool-77-thread-1] INFO  server.RaftServerConfigKeys (ConfUtils.java:logGet(43)) - raft.server.log.preallocated.size = 16384 (custom)
2019-09-25 07:21:02,896 [pool-77-thread-1] INFO  server.RaftServerConfigKeys (ConfUtils.java:logGet(43)) - raft.server.log.write.buffer.size = 33554432 (custom)
2019-09-25 07:21:02,896 [pool-77-thread-1] INFO  server.RaftServerConfigKeys (ConfUtils.java:logGet(43)) - raft.server.log.force.sync.num = 128 (default)
2019-09-25 07:21:02,896 [pool-77-thread-1] INFO  server.RaftServerConfigKeys (ConfUtils.java:logGet(43)) - raft.server.log.statemachine.data.sync = true (default)
2019-09-25 07:21:02,896 [pool-77-thread-1] INFO  server.RaftServerConfigKeys (ConfUtils.java:logGet(43)) - raft.server.log.statemachine.data.sync.timeout = 10s (default)
2019-09-25 07:21:02,896 [pool-77-thread-1] INFO  server.RaftServerConfigKeys (ConfUtils.java:logGet(43)) - raft.server.log.statemachine.data.sync.timeout.retry = -1 (default)
2019-09-25 07:21:02,896 [pool-77-thread-1] INFO  server.RaftServerConfigKeys (ConfUtils.java:logGet(43)) - raft.server.log.statemachine.data.caching.enabled = true (custom)
2019-09-25 07:21:02,897 [pool-77-thread-1] INFO  segmented.SegmentedRaftLogWorker (SegmentedRaftLogWorker.java:lambda$new$0(132)) - 6bc56785-b354-47d6-aaaa-aea62bb8d052@group-222DDEDDA9D8-SegmentedRaftLogWorker: flushIndex: setUnconditionally 0 -> -1
2019-09-25 07:21:02,897 [pool-77-thread-1] INFO  server.RaftServerConfigKeys (ConfUtils.java:logGet(43)) - raft.server.snapshot.auto.trigger.enabled = true (custom)
2019-09-25 07:21:02,897 [pool-77-thread-1] INFO  server.RaftServerConfigKeys (ConfUtils.java:logGet(43)) - raft.server.snapshot.auto.trigger.threshold = 10000 (custom)
2019-09-25 07:21:02,898 [pool-77-thread-1] INFO  server.RaftServerConfigKeys (ConfUtils.java:logGet(43)) - raft.server.snapshot.retention.num.files = 5 (custom)
2019-09-25 07:21:02,898 [pool-77-thread-1] INFO  server.RaftServerConfigKeys (ConfUtils.java:logGet(43)) - raft.server.retrycache.expirytime = 600000ms (custom)
2019-09-25 07:21:02,901 [pool-77-thread-1] INFO  impl.RaftServerImpl (RaftServerImpl.java:start(185)) - 6bc56785-b354-47d6-aaaa-aea62bb8d052@group-222DDEDDA9D8: start as a follower, conf=-1: [6bc56785-b354-47d6-aaaa-aea62bb8d052:192.168.30.10:40140], old=null
2019-09-25 07:21:02,901 [pool-77-thread-1] INFO  impl.RaftServerImpl (RaftServerImpl.java:setRole(174)) - 6bc56785-b354-47d6-aaaa-aea62bb8d052@group-222DDEDDA9D8: changes role from      null to FOLLOWER at term 0 for startAsFollower
2019-09-25 07:21:02,901 [pool-77-thread-1] INFO  impl.RoleInfo (RoleInfo.java:updateAndGet(143)) - 6bc56785-b354-47d6-aaaa-aea62bb8d052: start FollowerState
2019-09-25 07:21:02,902 [pool-77-thread-1] INFO  util.JmxRegister (JmxRegister.java:tryRegister(44)) - Successfully registered JMX Bean with object name Ratis:service=RaftServer,group=group-222DDEDDA9D8,id=6bc56785-b354-47d6-aaaa-aea62bb8d052
2019-09-25 07:21:02,910 [RatisPipelineUtilsThread] INFO  pipeline.PipelineStateManager (PipelineStateManager.java:addPipeline(56)) - Created pipeline Pipeline[ Id: 6676c155-f943-429d-9b36-222ddedda9d8, Nodes: 6bc56785-b354-47d6-aaaa-aea62bb8d052{ip: 192.168.30.10, host: pr-hdds-1569-s62bp-3040748787, networkLocation: /default-rack, certSerialId: null}, Type:RATIS, Factor:ONE, State:OPEN]
2019-09-25 07:21:02,928 [grpc-default-executor-0] INFO  impl.RaftServerProxy (RaftServerProxy.java:addNew(89)) - 3176e44e-2b1b-466b-9a7b-9faa8a8c6db1: addNew group-6AC3D9BA4DAD:[3176e44e-2b1b-466b-9a7b-9faa8a8c6db1:192.168.30.10:43320] returns group-6AC3D9BA4DAD:java.util.concurrent.CompletableFuture@6b9cf862[Not completed]
2019-09-25 07:21:02,930 [pool-87-thread-1] INFO  impl.RaftServerImpl (RaftServerImpl.java:<init>(95)) - 3176e44e-2b1b-466b-9a7b-9faa8a8c6db1: new RaftServerImpl for group-6AC3D9BA4DAD:[3176e44e-2b1b-466b-9a7b-9faa8a8c6db1:192.168.30.10:43320] with ContainerStateMachine:uninitialized
2019-09-25 07:21:02,930 [pool-87-thread-1] INFO  server.RaftServerConfigKeys (ConfUtils.java:logGet(43)) - raft.server.rpc.timeout.min = 5s (custom)
2019-09-25 07:21:02,930 [pool-87-thread-1] INFO  server.RaftServerConfigKeys (ConfUtils.java:logGet(43)) - raft.server.rpc.timeout.max = 5200ms (custom)
2019-09-25 07:21:02,930 [pool-87-thread-1] INFO  server.RaftServerConfigKeys (ConfUtils.java:logGet(43)) - raft.server.rpcslowness.timeout = 120s (custom)
2019-09-25 07:21:02,930 [pool-87-thread-1] INFO  server.RaftServerConfigKeys (ConfUtils.java:logGet(43)) - raft.server.sleep.deviation.threshold = 300 (default)
2019-09-25 07:21:02,930 [pool-87-thread-1] INFO  server.RaftServerConfigKeys (ConfUtils.java:logGet(43)) - raft.server.log.appender.install.snapshot.enabled = false (custom)
2019-09-25 07:21:02,931 [pool-87-thread-1] INFO  impl.RaftServerImpl (ServerState.java:<init>(103)) - 3176e44e-2b1b-466b-9a7b-9faa8a8c6db1@group-6AC3D9BA4DAD: ConfigurationManager, init=-1: [3176e44e-2b1b-466b-9a7b-9faa8a8c6db1:192.168.30.10:43320], old=null, confs=<EMPTY_MAP>
2019-09-25 07:21:02,931 [pool-87-thread-1] INFO  server.RaftServerConfigKeys (ConfUtils.java:logGet(43)) - raft.server.storage.dir = [/workdir/hadoop-ozone/ozonefs/target/test-dir/MiniOzoneClusterImpl-48169ae4-fc36-4fd4-bc0e-7a80f7e832d4/datanode-6/data/ratis] (custom)
2019-09-25 07:21:02,932 [pool-87-thread-1] INFO  storage.RaftStorageDirectory (RaftStorageDirectory.java:analyzeStorage(246)) - The storage directory /workdir/hadoop-ozone/ozonefs/target/test-dir/MiniOzoneClusterImpl-48169ae4-fc36-4fd4-bc0e-7a80f7e832d4/datanode-6/data/ratis/fb043308-7616-4188-a250-6ac3d9ba4dad does not exist. Creating ...
2019-09-25 07:21:02,945 [pool-87-thread-1] INFO  storage.RaftStorageDirectory (RaftStorageDirectory.java:tryLock(328)) - Lock on /workdir/hadoop-ozone/ozonefs/target/test-dir/MiniOzoneClusterImpl-48169ae4-fc36-4fd4-bc0e-7a80f7e832d4/datanode-6/data/ratis/fb043308-7616-4188-a250-6ac3d9ba4dad/in_use.lock acquired by nodename 26726@pr-hdds-1569-s62bp-3040748787
2019-09-25 07:21:02,958 [pool-87-thread-1] INFO  storage.RaftStorage (RaftStorage.java:format(72)) - Storage directory /workdir/hadoop-ozone/ozonefs/target/test-dir/MiniOzoneClusterImpl-48169ae4-fc36-4fd4-bc0e-7a80f7e832d4/datanode-6/data/ratis/fb043308-7616-4188-a250-6ac3d9ba4dad has been successfully formatted.
2019-09-25 07:21:02,958 [pool-87-thread-1] INFO  ratis.ContainerStateMachine (ContainerStateMachine.java:loadSnapshot(230)) - group-6AC3D9BA4DAD: The snapshot info is null. Setting the last applied indexto:(t:0, i:~)
2019-09-25 07:21:02,959 [pool-87-thread-1] INFO  server.RaftServerConfigKeys (ConfUtils.java:logGet(43)) - raft.server.notification.no-leader.timeout = 120s (custom)
2019-09-25 07:21:02,959 [pool-87-thread-1] INFO  server.RaftServerConfigKeys (ConfUtils.java:logGet(43)) - raft.server.log.use.memory = false (default)
2019-09-25 07:21:02,959 [pool-87-thread-1] INFO  server.RaftServerConfigKeys (ConfUtils.java:logGet(43)) - raft.server.log.purge.gap = 1000000 (custom)
2019-09-25 07:21:02,959 [pool-87-thread-1] INFO  server.RaftServerConfigKeys (ConfUtils.java:logGet(43)) - raft.server.log.appender.buffer.byte-limit = 33554432 (custom)
2019-09-25 07:21:02,960 [pool-87-thread-1] INFO  server.RaftServerConfigKeys (ConfUtils.java:logGet(43)) - raft.server.log.segment.size.max = 1048576 (custom)
2019-09-25 07:21:02,960 [pool-87-thread-1] INFO  server.RaftServerConfigKeys (ConfUtils.java:logGet(43)) - raft.server.log.segment.cache.num.max = 2 (custom)
2019-09-25 07:21:02,960 [pool-87-thread-1] INFO  segmented.SegmentedRaftLogWorker (SegmentedRaftLogWorker.java:<init>(172)) - new 3176e44e-2b1b-466b-9a7b-9faa8a8c6db1@group-6AC3D9BA4DAD-SegmentedRaftLogWorker for RaftStorage:Storage Directory /workdir/hadoop-ozone/ozonefs/target/test-dir/MiniOzoneClusterImpl-48169ae4-fc36-4fd4-bc0e-7a80f7e832d4/datanode-6/data/ratis/fb043308-7616-4188-a250-6ac3d9ba4dad
2019-09-25 07:21:02,960 [pool-87-thread-1] INFO  server.RaftServerConfigKeys (ConfUtils.java:logGet(43)) - raft.server.log.queue.byte-limit = 2147483647 (custom)
2019-09-25 07:21:02,960 [pool-87-thread-1] INFO  server.RaftServerConfigKeys (ConfUtils.java:logGet(43)) - raft.server.log.queue.element-limit = 1024 (custom)
2019-09-25 07:21:02,961 [pool-87-thread-1] INFO  server.RaftServerConfigKeys (ConfUtils.java:logGet(43)) - raft.server.log.segment.size.max = 1048576 (custom)
2019-09-25 07:21:02,961 [pool-87-thread-1] INFO  server.RaftServerConfigKeys (ConfUtils.java:logGet(43)) - raft.server.log.preallocated.size = 16384 (custom)
2019-09-25 07:21:02,961 [pool-87-thread-1] INFO  server.RaftServerConfigKeys (ConfUtils.java:logGet(43)) - raft.server.log.write.buffer.size = 33554432 (custom)
2019-09-25 07:21:02,961 [pool-87-thread-1] INFO  server.RaftServerConfigKeys (ConfUtils.java:logGet(43)) - raft.server.log.force.sync.num = 128 (default)
2019-09-25 07:21:02,961 [pool-87-thread-1] INFO  server.RaftServerConfigKeys (ConfUtils.java:logGet(43)) - raft.server.log.statemachine.data.sync = true (default)
2019-09-25 07:21:02,961 [pool-87-thread-1] INFO  server.RaftServerConfigKeys (ConfUtils.java:logGet(43)) - raft.server.log.statemachine.data.sync.timeout = 10s (default)
2019-09-25 07:21:02,961 [pool-87-thread-1] INFO  server.RaftServerConfigKeys (ConfUtils.java:logGet(43)) - raft.server.log.statemachine.data.sync.timeout.retry = -1 (default)
2019-09-25 07:21:02,962 [pool-87-thread-1] INFO  server.RaftServerConfigKeys (ConfUtils.java:logGet(43)) - raft.server.log.statemachine.data.caching.enabled = true (custom)
2019-09-25 07:21:02,962 [pool-87-thread-1] INFO  segmented.SegmentedRaftLogWorker (SegmentedRaftLogWorker.java:lambda$new$0(132)) - 3176e44e-2b1b-466b-9a7b-9faa8a8c6db1@group-6AC3D9BA4DAD-SegmentedRaftLogWorker: flushIndex: setUnconditionally 0 -> -1
2019-09-25 07:21:02,962 [pool-87-thread-1] INFO  server.RaftServerConfigKeys (ConfUtils.java:logGet(43)) - raft.server.snapshot.auto.trigger.enabled = true (custom)
2019-09-25 07:21:02,962 [pool-87-thread-1] INFO  server.RaftServerConfigKeys (ConfUtils.java:logGet(43)) - raft.server.snapshot.auto.trigger.threshold = 10000 (custom)
2019-09-25 07:21:02,962 [pool-87-thread-1] INFO  server.RaftServerConfigKeys (ConfUtils.java:logGet(43)) - raft.server.snapshot.retention.num.files = 5 (custom)
2019-09-25 07:21:02,963 [pool-87-thread-1] INFO  server.RaftServerConfigKeys (ConfUtils.java:logGet(43)) - raft.server.retrycache.expirytime = 600000ms (custom)
2019-09-25 07:21:02,965 [pool-87-thread-1] INFO  impl.RaftServerImpl (RaftServerImpl.java:start(185)) - 3176e44e-2b1b-466b-9a7b-9faa8a8c6db1@group-6AC3D9BA4DAD: start as a follower, conf=-1: [3176e44e-2b1b-466b-9a7b-9faa8a8c6db1:192.168.30.10:43320], old=null
2019-09-25 07:21:02,965 [pool-87-thread-1] INFO  impl.RaftServerImpl (RaftServerImpl.java:setRole(174)) - 3176e44e-2b1b-466b-9a7b-9faa8a8c6db1@group-6AC3D9BA4DAD: changes role from      null to FOLLOWER at term 0 for startAsFollower
2019-09-25 07:21:02,965 [pool-87-thread-1] INFO  impl.RoleInfo (RoleInfo.java:updateAndGet(143)) - 3176e44e-2b1b-466b-9a7b-9faa8a8c6db1: start FollowerState
2019-09-25 07:21:02,965 [pool-87-thread-1] INFO  util.JmxRegister (JmxRegister.java:tryRegister(44)) - Successfully registered JMX Bean with object name Ratis:service=RaftServer,group=group-6AC3D9BA4DAD,id=3176e44e-2b1b-466b-9a7b-9faa8a8c6db1
2019-09-25 07:21:02,973 [RatisPipelineUtilsThread] INFO  pipeline.PipelineStateManager (PipelineStateManager.java:addPipeline(56)) - Created pipeline Pipeline[ Id: fb043308-7616-4188-a250-6ac3d9ba4dad, Nodes: 3176e44e-2b1b-466b-9a7b-9faa8a8c6db1{ip: 192.168.30.10, host: pr-hdds-1569-s62bp-3040748787, networkLocation: /default-rack, certSerialId: null}, Type:RATIS, Factor:ONE, State:OPEN]
2019-09-25 07:21:02,987 [grpc-default-executor-0] INFO  impl.RaftServerProxy (RaftServerProxy.java:addNew(89)) - 8c621658-b0ee-4cf2-b145-27cf4e621fee: addNew group-9E47BA958D21:[8c621658-b0ee-4cf2-b145-27cf4e621fee:192.168.30.10:39467] returns group-9E47BA958D21:java.util.concurrent.CompletableFuture@ad498c1[Not completed]
2019-09-25 07:21:02,989 [pool-67-thread-1] INFO  impl.RaftServerImpl (RaftServerImpl.java:<init>(95)) - 8c621658-b0ee-4cf2-b145-27cf4e621fee: new RaftServerImpl for group-9E47BA958D21:[8c621658-b0ee-4cf2-b145-27cf4e621fee:192.168.30.10:39467] with ContainerStateMachine:uninitialized
2019-09-25 07:21:02,989 [pool-67-thread-1] INFO  server.RaftServerConfigKeys (ConfUtils.java:logGet(43)) - raft.server.rpc.timeout.min = 5s (custom)
2019-09-25 07:21:02,989 [pool-67-thread-1] INFO  server.RaftServerConfigKeys (ConfUtils.java:logGet(43)) - raft.server.rpc.timeout.max = 5200ms (custom)
2019-09-25 07:21:02,989 [pool-67-thread-1] INFO  server.RaftServerConfigKeys (ConfUtils.java:logGet(43)) - raft.server.rpcslowness.timeout = 120s (custom)
2019-09-25 07:21:02,989 [pool-67-thread-1] INFO  server.RaftServerConfigKeys (ConfUtils.java:logGet(43)) - raft.server.sleep.deviation.threshold = 300 (default)
2019-09-25 07:21:02,989 [pool-67-thread-1] INFO  server.RaftServerConfigKeys (ConfUtils.java:logGet(43)) - raft.server.log.appender.install.snapshot.enabled = false (custom)
2019-09-25 07:21:02,989 [pool-67-thread-1] INFO  impl.RaftServerImpl (ServerState.java:<init>(103)) - 8c621658-b0ee-4cf2-b145-27cf4e621fee@group-9E47BA958D21: ConfigurationManager, init=-1: [8c621658-b0ee-4cf2-b145-27cf4e621fee:192.168.30.10:39467], old=null, confs=<EMPTY_MAP>
2019-09-25 07:21:02,989 [pool-67-thread-1] INFO  server.RaftServerConfigKeys (ConfUtils.java:logGet(43)) - raft.server.storage.dir = [/workdir/hadoop-ozone/ozonefs/target/test-dir/MiniOzoneClusterImpl-48169ae4-fc36-4fd4-bc0e-7a80f7e832d4/datanode-4/data/ratis] (custom)
2019-09-25 07:21:02,990 [pool-67-thread-1] INFO  storage.RaftStorageDirectory (RaftStorageDirectory.java:analyzeStorage(246)) - The storage directory /workdir/hadoop-ozone/ozonefs/target/test-dir/MiniOzoneClusterImpl-48169ae4-fc36-4fd4-bc0e-7a80f7e832d4/datanode-4/data/ratis/56ea14b7-61ba-4bc3-9d65-9e47ba958d21 does not exist. Creating ...
2019-09-25 07:21:03,005 [pool-67-thread-1] INFO  storage.RaftStorageDirectory (RaftStorageDirectory.java:tryLock(328)) - Lock on /workdir/hadoop-ozone/ozonefs/target/test-dir/MiniOzoneClusterImpl-48169ae4-fc36-4fd4-bc0e-7a80f7e832d4/datanode-4/data/ratis/56ea14b7-61ba-4bc3-9d65-9e47ba958d21/in_use.lock acquired by nodename 26726@pr-hdds-1569-s62bp-3040748787
2019-09-25 07:21:03,018 [pool-67-thread-1] INFO  storage.RaftStorage (RaftStorage.java:format(72)) - Storage directory /workdir/hadoop-ozone/ozonefs/target/test-dir/MiniOzoneClusterImpl-48169ae4-fc36-4fd4-bc0e-7a80f7e832d4/datanode-4/data/ratis/56ea14b7-61ba-4bc3-9d65-9e47ba958d21 has been successfully formatted.
2019-09-25 07:21:03,018 [pool-67-thread-1] INFO  ratis.ContainerStateMachine (ContainerStateMachine.java:loadSnapshot(230)) - group-9E47BA958D21: The snapshot info is null. Setting the last applied indexto:(t:0, i:~)
2019-09-25 07:21:03,018 [pool-67-thread-1] INFO  server.RaftServerConfigKeys (ConfUtils.java:logGet(43)) - raft.server.notification.no-leader.timeout = 120s (custom)
2019-09-25 07:21:03,018 [pool-67-thread-1] INFO  server.RaftServerConfigKeys (ConfUtils.java:logGet(43)) - raft.server.log.use.memory = false (default)
2019-09-25 07:21:03,019 [pool-67-thread-1] INFO  server.RaftServerConfigKeys (ConfUtils.java:logGet(43)) - raft.server.log.purge.gap = 1000000 (custom)
2019-09-25 07:21:03,019 [pool-67-thread-1] INFO  server.RaftServerConfigKeys (ConfUtils.java:logGet(43)) - raft.server.log.appender.buffer.byte-limit = 33554432 (custom)
2019-09-25 07:21:03,019 [pool-67-thread-1] INFO  server.RaftServerConfigKeys (ConfUtils.java:logGet(43)) - raft.server.log.segment.size.max = 1048576 (custom)
2019-09-25 07:21:03,019 [pool-67-thread-1] INFO  server.RaftServerConfigKeys (ConfUtils.java:logGet(43)) - raft.server.log.segment.cache.num.max = 2 (custom)
2019-09-25 07:21:03,019 [pool-67-thread-1] INFO  segmented.SegmentedRaftLogWorker (SegmentedRaftLogWorker.java:<init>(172)) - new 8c621658-b0ee-4cf2-b145-27cf4e621fee@group-9E47BA958D21-SegmentedRaftLogWorker for RaftStorage:Storage Directory /workdir/hadoop-ozone/ozonefs/target/test-dir/MiniOzoneClusterImpl-48169ae4-fc36-4fd4-bc0e-7a80f7e832d4/datanode-4/data/ratis/56ea14b7-61ba-4bc3-9d65-9e47ba958d21
2019-09-25 07:21:03,019 [pool-67-thread-1] INFO  server.RaftServerConfigKeys (ConfUtils.java:logGet(43)) - raft.server.log.queue.byte-limit = 2147483647 (custom)
2019-09-25 07:21:03,019 [pool-67-thread-1] INFO  server.RaftServerConfigKeys (ConfUtils.java:logGet(43)) - raft.server.log.queue.element-limit = 1024 (custom)
2019-09-25 07:21:03,019 [pool-67-thread-1] INFO  server.RaftServerConfigKeys (ConfUtils.java:logGet(43)) - raft.server.log.segment.size.max = 1048576 (custom)
2019-09-25 07:21:03,020 [pool-67-thread-1] INFO  server.RaftServerConfigKeys (ConfUtils.java:logGet(43)) - raft.server.log.preallocated.size = 16384 (custom)
2019-09-25 07:21:03,020 [pool-67-thread-1] INFO  server.RaftServerConfigKeys (ConfUtils.java:logGet(43)) - raft.server.log.write.buffer.size = 33554432 (custom)
2019-09-25 07:21:03,020 [pool-67-thread-1] INFO  server.RaftServerConfigKeys (ConfUtils.java:logGet(43)) - raft.server.log.force.sync.num = 128 (default)
2019-09-25 07:21:03,020 [pool-67-thread-1] INFO  server.RaftServerConfigKeys (ConfUtils.java:logGet(43)) - raft.server.log.statemachine.data.sync = true (default)
2019-09-25 07:21:03,020 [pool-67-thread-1] INFO  server.RaftServerConfigKeys (ConfUtils.java:logGet(43)) - raft.server.log.statemachine.data.sync.timeout = 10s (default)
2019-09-25 07:21:03,020 [pool-67-thread-1] INFO  server.RaftServerConfigKeys (ConfUtils.java:logGet(43)) - raft.server.log.statemachine.data.sync.timeout.retry = -1 (default)
2019-09-25 07:21:03,020 [pool-67-thread-1] INFO  server.RaftServerConfigKeys (ConfUtils.java:logGet(43)) - raft.server.log.statemachine.data.caching.enabled = true (custom)
2019-09-25 07:21:03,021 [pool-67-thread-1] INFO  segmented.SegmentedRaftLogWorker (SegmentedRaftLogWorker.java:lambda$new$0(132)) - 8c621658-b0ee-4cf2-b145-27cf4e621fee@group-9E47BA958D21-SegmentedRaftLogWorker: flushIndex: setUnconditionally 0 -> -1
2019-09-25 07:21:03,021 [pool-67-thread-1] INFO  server.RaftServerConfigKeys (ConfUtils.java:logGet(43)) - raft.server.snapshot.auto.trigger.enabled = true (custom)
2019-09-25 07:21:03,021 [pool-67-thread-1] INFO  server.RaftServerConfigKeys (ConfUtils.java:logGet(43)) - raft.server.snapshot.auto.trigger.threshold = 10000 (custom)
2019-09-25 07:21:03,021 [pool-67-thread-1] INFO  server.RaftServerConfigKeys (ConfUtils.java:logGet(43)) - raft.server.snapshot.retention.num.files = 5 (custom)
2019-09-25 07:21:03,021 [pool-67-thread-1] INFO  server.RaftServerConfigKeys (ConfUtils.java:logGet(43)) - raft.server.retrycache.expirytime = 600000ms (custom)
2019-09-25 07:21:03,023 [pool-67-thread-1] INFO  impl.RaftServerImpl (RaftServerImpl.java:start(185)) - 8c621658-b0ee-4cf2-b145-27cf4e621fee@group-9E47BA958D21: start as a follower, conf=-1: [8c621658-b0ee-4cf2-b145-27cf4e621fee:192.168.30.10:39467], old=null
2019-09-25 07:21:03,023 [pool-67-thread-1] INFO  impl.RaftServerImpl (RaftServerImpl.java:setRole(174)) - 8c621658-b0ee-4cf2-b145-27cf4e621fee@group-9E47BA958D21: changes role from      null to FOLLOWER at term 0 for startAsFollower
2019-09-25 07:21:03,023 [pool-67-thread-1] INFO  impl.RoleInfo (RoleInfo.java:updateAndGet(143)) - 8c621658-b0ee-4cf2-b145-27cf4e621fee: start FollowerState
2019-09-25 07:21:03,024 [pool-67-thread-1] INFO  util.JmxRegister (JmxRegister.java:tryRegister(44)) - Successfully registered JMX Bean with object name Ratis:service=RaftServer,group=group-9E47BA958D21,id=8c621658-b0ee-4cf2-b145-27cf4e621fee
2019-09-25 07:21:03,031 [RatisPipelineUtilsThread] INFO  pipeline.PipelineStateManager (PipelineStateManager.java:addPipeline(56)) - Created pipeline Pipeline[ Id: 56ea14b7-61ba-4bc3-9d65-9e47ba958d21, Nodes: 8c621658-b0ee-4cf2-b145-27cf4e621fee{ip: 192.168.30.10, host: pr-hdds-1569-s62bp-3040748787, networkLocation: /default-rack, certSerialId: null}, Type:RATIS, Factor:ONE, State:OPEN]
2019-09-25 07:21:03,056 [grpc-default-executor-1] INFO  impl.RaftServerProxy (RaftServerProxy.java:addNew(89)) - 46f08633-29b5-4547-ba27-3aefda386aa8: addNew group-C5EB6D5487F6:[46f08633-29b5-4547-ba27-3aefda386aa8:192.168.30.10:40516] returns group-C5EB6D5487F6:java.util.concurrent.CompletableFuture@60a2e60[Not completed]
2019-09-25 07:21:03,058 [pool-47-thread-1] INFO  impl.RaftServerImpl (RaftServerImpl.java:<init>(95)) - 46f08633-29b5-4547-ba27-3aefda386aa8: new RaftServerImpl for group-C5EB6D5487F6:[46f08633-29b5-4547-ba27-3aefda386aa8:192.168.30.10:40516] with ContainerStateMachine:uninitialized
2019-09-25 07:21:03,058 [pool-47-thread-1] INFO  server.RaftServerConfigKeys (ConfUtils.java:logGet(43)) - raft.server.rpc.timeout.min = 5s (custom)
2019-09-25 07:21:03,058 [pool-47-thread-1] INFO  server.RaftServerConfigKeys (ConfUtils.java:logGet(43)) - raft.server.rpc.timeout.max = 5200ms (custom)
2019-09-25 07:21:03,058 [pool-47-thread-1] INFO  server.RaftServerConfigKeys (ConfUtils.java:logGet(43)) - raft.server.rpcslowness.timeout = 120s (custom)
2019-09-25 07:21:03,058 [pool-47-thread-1] INFO  server.RaftServerConfigKeys (ConfUtils.java:logGet(43)) - raft.server.sleep.deviation.threshold = 300 (default)
2019-09-25 07:21:03,058 [pool-47-thread-1] INFO  server.RaftServerConfigKeys (ConfUtils.java:logGet(43)) - raft.server.log.appender.install.snapshot.enabled = false (custom)
2019-09-25 07:21:03,059 [pool-47-thread-1] INFO  impl.RaftServerImpl (ServerState.java:<init>(103)) - 46f08633-29b5-4547-ba27-3aefda386aa8@group-C5EB6D5487F6: ConfigurationManager, init=-1: [46f08633-29b5-4547-ba27-3aefda386aa8:192.168.30.10:40516], old=null, confs=<EMPTY_MAP>
2019-09-25 07:21:03,059 [pool-47-thread-1] INFO  server.RaftServerConfigKeys (ConfUtils.java:logGet(43)) - raft.server.storage.dir = [/workdir/hadoop-ozone/ozonefs/target/test-dir/MiniOzoneClusterImpl-48169ae4-fc36-4fd4-bc0e-7a80f7e832d4/datanode-2/data/ratis] (custom)
2019-09-25 07:21:03,059 [pool-47-thread-1] INFO  storage.RaftStorageDirectory (RaftStorageDirectory.java:analyzeStorage(246)) - The storage directory /workdir/hadoop-ozone/ozonefs/target/test-dir/MiniOzoneClusterImpl-48169ae4-fc36-4fd4-bc0e-7a80f7e832d4/datanode-2/data/ratis/c542ed13-5537-46f0-9abf-c5eb6d5487f6 does not exist. Creating ...
2019-09-25 07:21:03,074 [pool-47-thread-1] INFO  storage.RaftStorageDirectory (RaftStorageDirectory.java:tryLock(328)) - Lock on /workdir/hadoop-ozone/ozonefs/target/test-dir/MiniOzoneClusterImpl-48169ae4-fc36-4fd4-bc0e-7a80f7e832d4/datanode-2/data/ratis/c542ed13-5537-46f0-9abf-c5eb6d5487f6/in_use.lock acquired by nodename 26726@pr-hdds-1569-s62bp-3040748787
2019-09-25 07:21:03,087 [pool-47-thread-1] INFO  storage.RaftStorage (RaftStorage.java:format(72)) - Storage directory /workdir/hadoop-ozone/ozonefs/target/test-dir/MiniOzoneClusterImpl-48169ae4-fc36-4fd4-bc0e-7a80f7e832d4/datanode-2/data/ratis/c542ed13-5537-46f0-9abf-c5eb6d5487f6 has been successfully formatted.
2019-09-25 07:21:03,087 [pool-47-thread-1] INFO  ratis.ContainerStateMachine (ContainerStateMachine.java:loadSnapshot(230)) - group-C5EB6D5487F6: The snapshot info is null. Setting the last applied indexto:(t:0, i:~)
2019-09-25 07:21:03,087 [pool-47-thread-1] INFO  server.RaftServerConfigKeys (ConfUtils.java:logGet(43)) - raft.server.notification.no-leader.timeout = 120s (custom)
2019-09-25 07:21:03,088 [pool-47-thread-1] INFO  server.RaftServerConfigKeys (ConfUtils.java:logGet(43)) - raft.server.log.use.memory = false (default)
2019-09-25 07:21:03,088 [pool-47-thread-1] INFO  server.RaftServerConfigKeys (ConfUtils.java:logGet(43)) - raft.server.log.purge.gap = 1000000 (custom)
2019-09-25 07:21:03,088 [pool-47-thread-1] INFO  server.RaftServerConfigKeys (ConfUtils.java:logGet(43)) - raft.server.log.appender.buffer.byte-limit = 33554432 (custom)
2019-09-25 07:21:03,088 [pool-47-thread-1] INFO  server.RaftServerConfigKeys (ConfUtils.java:logGet(43)) - raft.server.log.segment.size.max = 1048576 (custom)
2019-09-25 07:21:03,088 [pool-47-thread-1] INFO  server.RaftServerConfigKeys (ConfUtils.java:logGet(43)) - raft.server.log.segment.cache.num.max = 2 (custom)
2019-09-25 07:21:03,088 [pool-47-thread-1] INFO  segmented.SegmentedRaftLogWorker (SegmentedRaftLogWorker.java:<init>(172)) - new 46f08633-29b5-4547-ba27-3aefda386aa8@group-C5EB6D5487F6-SegmentedRaftLogWorker for RaftStorage:Storage Directory /workdir/hadoop-ozone/ozonefs/target/test-dir/MiniOzoneClusterImpl-48169ae4-fc36-4fd4-bc0e-7a80f7e832d4/datanode-2/data/ratis/c542ed13-5537-46f0-9abf-c5eb6d5487f6
2019-09-25 07:21:03,088 [pool-47-thread-1] INFO  server.RaftServerConfigKeys (ConfUtils.java:logGet(43)) - raft.server.log.queue.byte-limit = 2147483647 (custom)
2019-09-25 07:21:03,089 [pool-47-thread-1] INFO  server.RaftServerConfigKeys (ConfUtils.java:logGet(43)) - raft.server.log.queue.element-limit = 1024 (custom)
2019-09-25 07:21:03,089 [pool-47-thread-1] INFO  server.RaftServerConfigKeys (ConfUtils.java:logGet(43)) - raft.server.log.segment.size.max = 1048576 (custom)
2019-09-25 07:21:03,089 [pool-47-thread-1] INFO  server.RaftServerConfigKeys (ConfUtils.java:logGet(43)) - raft.server.log.preallocated.size = 16384 (custom)
2019-09-25 07:21:03,089 [pool-47-thread-1] INFO  server.RaftServerConfigKeys (ConfUtils.java:logGet(43)) - raft.server.log.write.buffer.size = 33554432 (custom)
2019-09-25 07:21:03,089 [pool-47-thread-1] INFO  server.RaftServerConfigKeys (ConfUtils.java:logGet(43)) - raft.server.log.force.sync.num = 128 (default)
2019-09-25 07:21:03,089 [pool-47-thread-1] INFO  server.RaftServerConfigKeys (ConfUtils.java:logGet(43)) - raft.server.log.statemachine.data.sync = true (default)
2019-09-25 07:21:03,089 [pool-47-thread-1] INFO  server.RaftServerConfigKeys (ConfUtils.java:logGet(43)) - raft.server.log.statemachine.data.sync.timeout = 10s (default)
2019-09-25 07:21:03,090 [pool-47-thread-1] INFO  server.RaftServerConfigKeys (ConfUtils.java:logGet(43)) - raft.server.log.statemachine.data.sync.timeout.retry = -1 (default)
2019-09-25 07:21:03,090 [pool-47-thread-1] INFO  server.RaftServerConfigKeys (ConfUtils.java:logGet(43)) - raft.server.log.statemachine.data.caching.enabled = true (custom)
2019-09-25 07:21:03,090 [pool-47-thread-1] INFO  segmented.SegmentedRaftLogWorker (SegmentedRaftLogWorker.java:lambda$new$0(132)) - 46f08633-29b5-4547-ba27-3aefda386aa8@group-C5EB6D5487F6-SegmentedRaftLogWorker: flushIndex: setUnconditionally 0 -> -1
2019-09-25 07:21:03,090 [pool-47-thread-1] INFO  server.RaftServerConfigKeys (ConfUtils.java:logGet(43)) - raft.server.snapshot.auto.trigger.enabled = true (custom)
2019-09-25 07:21:03,091 [pool-47-thread-1] INFO  server.RaftServerConfigKeys (ConfUtils.java:logGet(43)) - raft.server.snapshot.auto.trigger.threshold = 10000 (custom)
2019-09-25 07:21:03,091 [pool-47-thread-1] INFO  server.RaftServerConfigKeys (ConfUtils.java:logGet(43)) - raft.server.snapshot.retention.num.files = 5 (custom)
2019-09-25 07:21:03,091 [pool-47-thread-1] INFO  server.RaftServerConfigKeys (ConfUtils.java:logGet(43)) - raft.server.retrycache.expirytime = 600000ms (custom)
2019-09-25 07:21:03,093 [pool-47-thread-1] INFO  impl.RaftServerImpl (RaftServerImpl.java:start(185)) - 46f08633-29b5-4547-ba27-3aefda386aa8@group-C5EB6D5487F6: start as a follower, conf=-1: [46f08633-29b5-4547-ba27-3aefda386aa8:192.168.30.10:40516], old=null
2019-09-25 07:21:03,094 [pool-47-thread-1] INFO  impl.RaftServerImpl (RaftServerImpl.java:setRole(174)) - 46f08633-29b5-4547-ba27-3aefda386aa8@group-C5EB6D5487F6: changes role from      null to FOLLOWER at term 0 for startAsFollower
2019-09-25 07:21:03,094 [pool-47-thread-1] INFO  impl.RoleInfo (RoleInfo.java:updateAndGet(143)) - 46f08633-29b5-4547-ba27-3aefda386aa8: start FollowerState
2019-09-25 07:21:03,094 [pool-47-thread-1] INFO  util.JmxRegister (JmxRegister.java:tryRegister(44)) - Successfully registered JMX Bean with object name Ratis:service=RaftServer,group=group-C5EB6D5487F6,id=46f08633-29b5-4547-ba27-3aefda386aa8
2019-09-25 07:21:03,102 [RatisPipelineUtilsThread] INFO  pipeline.PipelineStateManager (PipelineStateManager.java:addPipeline(56)) - Created pipeline Pipeline[ Id: c542ed13-5537-46f0-9abf-c5eb6d5487f6, Nodes: 46f08633-29b5-4547-ba27-3aefda386aa8{ip: 192.168.30.10, host: pr-hdds-1569-s62bp-3040748787, networkLocation: /default-rack, certSerialId: null}, Type:RATIS, Factor:ONE, State:OPEN]
2019-09-25 07:21:03,126 [grpc-default-executor-1] INFO  impl.RaftServerProxy (RaftServerProxy.java:addNew(89)) - 3176e44e-2b1b-466b-9a7b-9faa8a8c6db1: addNew group-BF8AC4D70D10:[3176e44e-2b1b-466b-9a7b-9faa8a8c6db1:192.168.30.10:43320] returns group-BF8AC4D70D10:java.util.concurrent.CompletableFuture@7ca02055[Not completed]
2019-09-25 07:21:03,127 [pool-87-thread-1] INFO  impl.RaftServerImpl (RaftServerImpl.java:<init>(95)) - 3176e44e-2b1b-466b-9a7b-9faa8a8c6db1: new RaftServerImpl for group-BF8AC4D70D10:[3176e44e-2b1b-466b-9a7b-9faa8a8c6db1:192.168.30.10:43320] with ContainerStateMachine:uninitialized
2019-09-25 07:21:03,128 [pool-87-thread-1] INFO  server.RaftServerConfigKeys (ConfUtils.java:logGet(43)) - raft.server.rpc.timeout.min = 5s (custom)
2019-09-25 07:21:03,128 [pool-87-thread-1] INFO  server.RaftServerConfigKeys (ConfUtils.java:logGet(43)) - raft.server.rpc.timeout.max = 5200ms (custom)
2019-09-25 07:21:03,128 [pool-87-thread-1] INFO  server.RaftServerConfigKeys (ConfUtils.java:logGet(43)) - raft.server.rpcslowness.timeout = 120s (custom)
2019-09-25 07:21:03,128 [pool-87-thread-1] INFO  server.RaftServerConfigKeys (ConfUtils.java:logGet(43)) - raft.server.sleep.deviation.threshold = 300 (default)
2019-09-25 07:21:03,128 [pool-87-thread-1] INFO  server.RaftServerConfigKeys (ConfUtils.java:logGet(43)) - raft.server.log.appender.install.snapshot.enabled = false (custom)
2019-09-25 07:21:03,128 [pool-87-thread-1] INFO  impl.RaftServerImpl (ServerState.java:<init>(103)) - 3176e44e-2b1b-466b-9a7b-9faa8a8c6db1@group-BF8AC4D70D10: ConfigurationManager, init=-1: [3176e44e-2b1b-466b-9a7b-9faa8a8c6db1:192.168.30.10:43320], old=null, confs=<EMPTY_MAP>
2019-09-25 07:21:03,128 [pool-87-thread-1] INFO  server.RaftServerConfigKeys (ConfUtils.java:logGet(43)) - raft.server.storage.dir = [/workdir/hadoop-ozone/ozonefs/target/test-dir/MiniOzoneClusterImpl-48169ae4-fc36-4fd4-bc0e-7a80f7e832d4/datanode-6/data/ratis] (custom)
2019-09-25 07:21:03,129 [pool-87-thread-1] INFO  storage.RaftStorageDirectory (RaftStorageDirectory.java:analyzeStorage(246)) - The storage directory /workdir/hadoop-ozone/ozonefs/target/test-dir/MiniOzoneClusterImpl-48169ae4-fc36-4fd4-bc0e-7a80f7e832d4/datanode-6/data/ratis/0d37271c-3b42-45fd-ada2-bf8ac4d70d10 does not exist. Creating ...
2019-09-25 07:21:03,144 [pool-87-thread-1] INFO  storage.RaftStorageDirectory (RaftStorageDirectory.java:tryLock(328)) - Lock on /workdir/hadoop-ozone/ozonefs/target/test-dir/MiniOzoneClusterImpl-48169ae4-fc36-4fd4-bc0e-7a80f7e832d4/datanode-6/data/ratis/0d37271c-3b42-45fd-ada2-bf8ac4d70d10/in_use.lock acquired by nodename 26726@pr-hdds-1569-s62bp-3040748787
2019-09-25 07:21:03,159 [pool-87-thread-1] INFO  storage.RaftStorage (RaftStorage.java:format(72)) - Storage directory /workdir/hadoop-ozone/ozonefs/target/test-dir/MiniOzoneClusterImpl-48169ae4-fc36-4fd4-bc0e-7a80f7e832d4/datanode-6/data/ratis/0d37271c-3b42-45fd-ada2-bf8ac4d70d10 has been successfully formatted.
2019-09-25 07:21:03,164 [pool-87-thread-1] INFO  ratis.ContainerStateMachine (ContainerStateMachine.java:loadSnapshot(230)) - group-BF8AC4D70D10: The snapshot info is null. Setting the last applied indexto:(t:0, i:~)
2019-09-25 07:21:03,164 [pool-87-thread-1] INFO  server.RaftServerConfigKeys (ConfUtils.java:logGet(43)) - raft.server.notification.no-leader.timeout = 120s (custom)
2019-09-25 07:21:03,164 [pool-87-thread-1] INFO  server.RaftServerConfigKeys (ConfUtils.java:logGet(43)) - raft.server.log.use.memory = false (default)
2019-09-25 07:21:03,164 [pool-87-thread-1] INFO  server.RaftServerConfigKeys (ConfUtils.java:logGet(43)) - raft.server.log.purge.gap = 1000000 (custom)
2019-09-25 07:21:03,164 [pool-87-thread-1] INFO  server.RaftServerConfigKeys (ConfUtils.java:logGet(43)) - raft.server.log.appender.buffer.byte-limit = 33554432 (custom)
2019-09-25 07:21:03,164 [pool-87-thread-1] INFO  server.RaftServerConfigKeys (ConfUtils.java:logGet(43)) - raft.server.log.segment.size.max = 1048576 (custom)
2019-09-25 07:21:03,165 [pool-87-thread-1] INFO  server.RaftServerConfigKeys (ConfUtils.java:logGet(43)) - raft.server.log.segment.cache.num.max = 2 (custom)
2019-09-25 07:21:03,165 [pool-87-thread-1] INFO  segmented.SegmentedRaftLogWorker (SegmentedRaftLogWorker.java:<init>(172)) - new 3176e44e-2b1b-466b-9a7b-9faa8a8c6db1@group-BF8AC4D70D10-SegmentedRaftLogWorker for RaftStorage:Storage Directory /workdir/hadoop-ozone/ozonefs/target/test-dir/MiniOzoneClusterImpl-48169ae4-fc36-4fd4-bc0e-7a80f7e832d4/datanode-6/data/ratis/0d37271c-3b42-45fd-ada2-bf8ac4d70d10
2019-09-25 07:21:03,165 [pool-87-thread-1] INFO  server.RaftServerConfigKeys (ConfUtils.java:logGet(43)) - raft.server.log.queue.byte-limit = 2147483647 (custom)
2019-09-25 07:21:03,165 [pool-87-thread-1] INFO  server.RaftServerConfigKeys (ConfUtils.java:logGet(43)) - raft.server.log.queue.element-limit = 1024 (custom)
2019-09-25 07:21:03,165 [pool-87-thread-1] INFO  server.RaftServerConfigKeys (ConfUtils.java:logGet(43)) - raft.server.log.segment.size.max = 1048576 (custom)
2019-09-25 07:21:03,165 [pool-87-thread-1] INFO  server.RaftServerConfigKeys (ConfUtils.java:logGet(43)) - raft.server.log.preallocated.size = 16384 (custom)
2019-09-25 07:21:03,165 [pool-87-thread-1] INFO  server.RaftServerConfigKeys (ConfUtils.java:logGet(43)) - raft.server.log.write.buffer.size = 33554432 (custom)
2019-09-25 07:21:03,165 [pool-87-thread-1] INFO  server.RaftServerConfigKeys (ConfUtils.java:logGet(43)) - raft.server.log.force.sync.num = 128 (default)
2019-09-25 07:21:03,166 [pool-87-thread-1] INFO  server.RaftServerConfigKeys (ConfUtils.java:logGet(43)) - raft.server.log.statemachine.data.sync = true (default)
2019-09-25 07:21:03,166 [pool-87-thread-1] INFO  server.RaftServerConfigKeys (ConfUtils.java:logGet(43)) - raft.server.log.statemachine.data.sync.timeout = 10s (default)
2019-09-25 07:21:03,166 [pool-87-thread-1] INFO  server.RaftServerConfigKeys (ConfUtils.java:logGet(43)) - raft.server.log.statemachine.data.sync.timeout.retry = -1 (default)
2019-09-25 07:21:03,166 [pool-87-thread-1] INFO  server.RaftServerConfigKeys (ConfUtils.java:logGet(43)) - raft.server.log.statemachine.data.caching.enabled = true (custom)
2019-09-25 07:21:03,166 [pool-87-thread-1] INFO  segmented.SegmentedRaftLogWorker (SegmentedRaftLogWorker.java:lambda$new$0(132)) - 3176e44e-2b1b-466b-9a7b-9faa8a8c6db1@group-BF8AC4D70D10-SegmentedRaftLogWorker: flushIndex: setUnconditionally 0 -> -1
2019-09-25 07:21:03,167 [pool-87-thread-1] INFO  server.RaftServerConfigKeys (ConfUtils.java:logGet(43)) - raft.server.snapshot.auto.trigger.enabled = true (custom)
2019-09-25 07:21:03,167 [pool-87-thread-1] INFO  server.RaftServerConfigKeys (ConfUtils.java:logGet(43)) - raft.server.snapshot.auto.trigger.threshold = 10000 (custom)
2019-09-25 07:21:03,167 [pool-87-thread-1] INFO  server.RaftServerConfigKeys (ConfUtils.java:logGet(43)) - raft.server.snapshot.retention.num.files = 5 (custom)
2019-09-25 07:21:03,167 [pool-87-thread-1] INFO  server.RaftServerConfigKeys (ConfUtils.java:logGet(43)) - raft.server.retrycache.expirytime = 600000ms (custom)
2019-09-25 07:21:03,169 [pool-87-thread-1] INFO  impl.RaftServerImpl (RaftServerImpl.java:start(185)) - 3176e44e-2b1b-466b-9a7b-9faa8a8c6db1@group-BF8AC4D70D10: start as a follower, conf=-1: [3176e44e-2b1b-466b-9a7b-9faa8a8c6db1:192.168.30.10:43320], old=null
2019-09-25 07:21:03,169 [pool-87-thread-1] INFO  impl.RaftServerImpl (RaftServerImpl.java:setRole(174)) - 3176e44e-2b1b-466b-9a7b-9faa8a8c6db1@group-BF8AC4D70D10: changes role from      null to FOLLOWER at term 0 for startAsFollower
2019-09-25 07:21:03,170 [pool-87-thread-1] INFO  impl.RoleInfo (RoleInfo.java:updateAndGet(143)) - 3176e44e-2b1b-466b-9a7b-9faa8a8c6db1: start FollowerState
2019-09-25 07:21:03,170 [pool-87-thread-1] INFO  util.JmxRegister (JmxRegister.java:tryRegister(44)) - Successfully registered JMX Bean with object name Ratis:service=RaftServer,group=group-BF8AC4D70D10,id=3176e44e-2b1b-466b-9a7b-9faa8a8c6db1
2019-09-25 07:21:03,178 [RatisPipelineUtilsThread] INFO  pipeline.PipelineStateManager (PipelineStateManager.java:addPipeline(56)) - Created pipeline Pipeline[ Id: 0d37271c-3b42-45fd-ada2-bf8ac4d70d10, Nodes: 3176e44e-2b1b-466b-9a7b-9faa8a8c6db1{ip: 192.168.30.10, host: pr-hdds-1569-s62bp-3040748787, networkLocation: /default-rack, certSerialId: null}, Type:RATIS, Factor:ONE, State:OPEN]
2019-09-25 07:21:03,210 [grpc-default-executor-1] INFO  impl.RaftServerProxy (RaftServerProxy.java:addNew(89)) - f368be67-619a-45f1-9208-8e0055b252cf: addNew group-FF616E4167AB:[f368be67-619a-45f1-9208-8e0055b252cf:192.168.30.10:40542] returns group-FF616E4167AB:java.util.concurrent.CompletableFuture@5be166ba[Not completed]
2019-09-25 07:21:03,212 [pool-117-thread-1] INFO  impl.RaftServerImpl (RaftServerImpl.java:<init>(95)) - f368be67-619a-45f1-9208-8e0055b252cf: new RaftServerImpl for group-FF616E4167AB:[f368be67-619a-45f1-9208-8e0055b252cf:192.168.30.10:40542] with ContainerStateMachine:uninitialized
2019-09-25 07:21:03,212 [pool-117-thread-1] INFO  server.RaftServerConfigKeys (ConfUtils.java:logGet(43)) - raft.server.rpc.timeout.min = 5s (custom)
2019-09-25 07:21:03,213 [pool-117-thread-1] INFO  server.RaftServerConfigKeys (ConfUtils.java:logGet(43)) - raft.server.rpc.timeout.max = 5200ms (custom)
2019-09-25 07:21:03,213 [pool-117-thread-1] INFO  server.RaftServerConfigKeys (ConfUtils.java:logGet(43)) - raft.server.rpcslowness.timeout = 120s (custom)
2019-09-25 07:21:03,213 [pool-117-thread-1] INFO  server.RaftServerConfigKeys (ConfUtils.java:logGet(43)) - raft.server.sleep.deviation.threshold = 300 (default)
2019-09-25 07:21:03,213 [pool-117-thread-1] INFO  server.RaftServerConfigKeys (ConfUtils.java:logGet(43)) - raft.server.log.appender.install.snapshot.enabled = false (custom)
2019-09-25 07:21:03,213 [pool-117-thread-1] INFO  impl.RaftServerImpl (ServerState.java:<init>(103)) - f368be67-619a-45f1-9208-8e0055b252cf@group-FF616E4167AB: ConfigurationManager, init=-1: [f368be67-619a-45f1-9208-8e0055b252cf:192.168.30.10:40542], old=null, confs=<EMPTY_MAP>
2019-09-25 07:21:03,214 [pool-117-thread-1] INFO  server.RaftServerConfigKeys (ConfUtils.java:logGet(43)) - raft.server.storage.dir = [/workdir/hadoop-ozone/ozonefs/target/test-dir/MiniOzoneClusterImpl-48169ae4-fc36-4fd4-bc0e-7a80f7e832d4/datanode-9/data/ratis] (custom)
2019-09-25 07:21:03,214 [pool-117-thread-1] INFO  storage.RaftStorageDirectory (RaftStorageDirectory.java:analyzeStorage(246)) - The storage directory /workdir/hadoop-ozone/ozonefs/target/test-dir/MiniOzoneClusterImpl-48169ae4-fc36-4fd4-bc0e-7a80f7e832d4/datanode-9/data/ratis/28b608d9-91ed-426b-addb-ff616e4167ab does not exist. Creating ...
2019-09-25 07:21:03,229 [pool-117-thread-1] INFO  storage.RaftStorageDirectory (RaftStorageDirectory.java:tryLock(328)) - Lock on /workdir/hadoop-ozone/ozonefs/target/test-dir/MiniOzoneClusterImpl-48169ae4-fc36-4fd4-bc0e-7a80f7e832d4/datanode-9/data/ratis/28b608d9-91ed-426b-addb-ff616e4167ab/in_use.lock acquired by nodename 26726@pr-hdds-1569-s62bp-3040748787
2019-09-25 07:21:03,242 [pool-117-thread-1] INFO  storage.RaftStorage (RaftStorage.java:format(72)) - Storage directory /workdir/hadoop-ozone/ozonefs/target/test-dir/MiniOzoneClusterImpl-48169ae4-fc36-4fd4-bc0e-7a80f7e832d4/datanode-9/data/ratis/28b608d9-91ed-426b-addb-ff616e4167ab has been successfully formatted.
2019-09-25 07:21:03,242 [pool-117-thread-1] INFO  ratis.ContainerStateMachine (ContainerStateMachine.java:loadSnapshot(230)) - group-FF616E4167AB: The snapshot info is null. Setting the last applied indexto:(t:0, i:~)
2019-09-25 07:21:03,242 [pool-117-thread-1] INFO  server.RaftServerConfigKeys (ConfUtils.java:logGet(43)) - raft.server.notification.no-leader.timeout = 120s (custom)
2019-09-25 07:21:03,243 [pool-117-thread-1] INFO  server.RaftServerConfigKeys (ConfUtils.java:logGet(43)) - raft.server.log.use.memory = false (default)
2019-09-25 07:21:03,243 [pool-117-thread-1] INFO  server.RaftServerConfigKeys (ConfUtils.java:logGet(43)) - raft.server.log.purge.gap = 1000000 (custom)
2019-09-25 07:21:03,243 [pool-117-thread-1] INFO  server.RaftServerConfigKeys (ConfUtils.java:logGet(43)) - raft.server.log.appender.buffer.byte-limit = 33554432 (custom)
2019-09-25 07:21:03,243 [pool-117-thread-1] INFO  server.RaftServerConfigKeys (ConfUtils.java:logGet(43)) - raft.server.log.segment.size.max = 1048576 (custom)
2019-09-25 07:21:03,243 [pool-117-thread-1] INFO  server.RaftServerConfigKeys (ConfUtils.java:logGet(43)) - raft.server.log.segment.cache.num.max = 2 (custom)
2019-09-25 07:21:03,244 [pool-117-thread-1] INFO  segmented.SegmentedRaftLogWorker (SegmentedRaftLogWorker.java:<init>(172)) - new f368be67-619a-45f1-9208-8e0055b252cf@group-FF616E4167AB-SegmentedRaftLogWorker for RaftStorage:Storage Directory /workdir/hadoop-ozone/ozonefs/target/test-dir/MiniOzoneClusterImpl-48169ae4-fc36-4fd4-bc0e-7a80f7e832d4/datanode-9/data/ratis/28b608d9-91ed-426b-addb-ff616e4167ab
2019-09-25 07:21:03,244 [pool-117-thread-1] INFO  server.RaftServerConfigKeys (ConfUtils.java:logGet(43)) - raft.server.log.queue.byte-limit = 2147483647 (custom)
2019-09-25 07:21:03,244 [pool-117-thread-1] INFO  server.RaftServerConfigKeys (ConfUtils.java:logGet(43)) - raft.server.log.queue.element-limit = 1024 (custom)
2019-09-25 07:21:03,244 [pool-117-thread-1] INFO  server.RaftServerConfigKeys (ConfUtils.java:logGet(43)) - raft.server.log.segment.size.max = 1048576 (custom)
2019-09-25 07:21:03,244 [pool-117-thread-1] INFO  server.RaftServerConfigKeys (ConfUtils.java:logGet(43)) - raft.server.log.preallocated.size = 16384 (custom)
2019-09-25 07:21:03,244 [pool-117-thread-1] INFO  server.RaftServerConfigKeys (ConfUtils.java:logGet(43)) - raft.server.log.write.buffer.size = 33554432 (custom)
2019-09-25 07:21:03,245 [pool-117-thread-1] INFO  server.RaftServerConfigKeys (ConfUtils.java:logGet(43)) - raft.server.log.force.sync.num = 128 (default)
2019-09-25 07:21:03,245 [pool-117-thread-1] INFO  server.RaftServerConfigKeys (ConfUtils.java:logGet(43)) - raft.server.log.statemachine.data.sync = true (default)
2019-09-25 07:21:03,245 [pool-117-thread-1] INFO  server.RaftServerConfigKeys (ConfUtils.java:logGet(43)) - raft.server.log.statemachine.data.sync.timeout = 10s (default)
2019-09-25 07:21:03,245 [pool-117-thread-1] INFO  server.RaftServerConfigKeys (ConfUtils.java:logGet(43)) - raft.server.log.statemachine.data.sync.timeout.retry = -1 (default)
2019-09-25 07:21:03,245 [pool-117-thread-1] INFO  server.RaftServerConfigKeys (ConfUtils.java:logGet(43)) - raft.server.log.statemachine.data.caching.enabled = true (custom)
2019-09-25 07:21:03,246 [pool-117-thread-1] INFO  segmented.SegmentedRaftLogWorker (SegmentedRaftLogWorker.java:lambda$new$0(132)) - f368be67-619a-45f1-9208-8e0055b252cf@group-FF616E4167AB-SegmentedRaftLogWorker: flushIndex: setUnconditionally 0 -> -1
2019-09-25 07:21:03,246 [pool-117-thread-1] INFO  server.RaftServerConfigKeys (ConfUtils.java:logGet(43)) - raft.server.snapshot.auto.trigger.enabled = true (custom)
2019-09-25 07:21:03,246 [pool-117-thread-1] INFO  server.RaftServerConfigKeys (ConfUtils.java:logGet(43)) - raft.server.snapshot.auto.trigger.threshold = 10000 (custom)
2019-09-25 07:21:03,246 [pool-117-thread-1] INFO  server.RaftServerConfigKeys (ConfUtils.java:logGet(43)) - raft.server.snapshot.retention.num.files = 5 (custom)
2019-09-25 07:21:03,247 [pool-117-thread-1] INFO  server.RaftServerConfigKeys (ConfUtils.java:logGet(43)) - raft.server.retrycache.expirytime = 600000ms (custom)
2019-09-25 07:21:03,250 [pool-117-thread-1] INFO  impl.RaftServerImpl (RaftServerImpl.java:start(185)) - f368be67-619a-45f1-9208-8e0055b252cf@group-FF616E4167AB: start as a follower, conf=-1: [f368be67-619a-45f1-9208-8e0055b252cf:192.168.30.10:40542], old=null
2019-09-25 07:21:03,250 [pool-117-thread-1] INFO  impl.RaftServerImpl (RaftServerImpl.java:setRole(174)) - f368be67-619a-45f1-9208-8e0055b252cf@group-FF616E4167AB: changes role from      null to FOLLOWER at term 0 for startAsFollower
2019-09-25 07:21:03,250 [pool-117-thread-1] INFO  impl.RoleInfo (RoleInfo.java:updateAndGet(143)) - f368be67-619a-45f1-9208-8e0055b252cf: start FollowerState
2019-09-25 07:21:03,264 [pool-117-thread-1] INFO  util.JmxRegister (JmxRegister.java:tryRegister(44)) - Successfully registered JMX Bean with object name Ratis:service=RaftServer,group=group-FF616E4167AB,id=f368be67-619a-45f1-9208-8e0055b252cf
2019-09-25 07:21:03,290 [RatisPipelineUtilsThread] INFO  pipeline.PipelineStateManager (PipelineStateManager.java:addPipeline(56)) - Created pipeline Pipeline[ Id: 28b608d9-91ed-426b-addb-ff616e4167ab, Nodes: f368be67-619a-45f1-9208-8e0055b252cf{ip: 192.168.30.10, host: pr-hdds-1569-s62bp-3040748787, networkLocation: /default-rack, certSerialId: null}, Type:RATIS, Factor:ONE, State:OPEN]
2019-09-25 07:21:03,296 [grpc-default-executor-1] INFO  impl.RaftServerProxy (RaftServerProxy.java:addNew(89)) - 3176e44e-2b1b-466b-9a7b-9faa8a8c6db1: addNew group-4E9630327F99:[3176e44e-2b1b-466b-9a7b-9faa8a8c6db1:192.168.30.10:43320] returns group-4E9630327F99:java.util.concurrent.CompletableFuture@566215e9[Not completed]
2019-09-25 07:21:03,298 [pool-87-thread-1] INFO  impl.RaftServerImpl (RaftServerImpl.java:<init>(95)) - 3176e44e-2b1b-466b-9a7b-9faa8a8c6db1: new RaftServerImpl for group-4E9630327F99:[3176e44e-2b1b-466b-9a7b-9faa8a8c6db1:192.168.30.10:43320] with ContainerStateMachine:uninitialized
2019-09-25 07:21:03,299 [pool-87-thread-1] INFO  server.RaftServerConfigKeys (ConfUtils.java:logGet(43)) - raft.server.rpc.timeout.min = 5s (custom)
2019-09-25 07:21:03,299 [pool-87-thread-1] INFO  server.RaftServerConfigKeys (ConfUtils.java:logGet(43)) - raft.server.rpc.timeout.max = 5200ms (custom)
2019-09-25 07:21:03,299 [pool-87-thread-1] INFO  server.RaftServerConfigKeys (ConfUtils.java:logGet(43)) - raft.server.rpcslowness.timeout = 120s (custom)
2019-09-25 07:21:03,299 [pool-87-thread-1] INFO  server.RaftServerConfigKeys (ConfUtils.java:logGet(43)) - raft.server.sleep.deviation.threshold = 300 (default)
2019-09-25 07:21:03,299 [pool-87-thread-1] INFO  server.RaftServerConfigKeys (ConfUtils.java:logGet(43)) - raft.server.log.appender.install.snapshot.enabled = false (custom)
2019-09-25 07:21:03,299 [pool-87-thread-1] INFO  impl.RaftServerImpl (ServerState.java:<init>(103)) - 3176e44e-2b1b-466b-9a7b-9faa8a8c6db1@group-4E9630327F99: ConfigurationManager, init=-1: [3176e44e-2b1b-466b-9a7b-9faa8a8c6db1:192.168.30.10:43320], old=null, confs=<EMPTY_MAP>
2019-09-25 07:21:03,300 [pool-87-thread-1] INFO  server.RaftServerConfigKeys (ConfUtils.java:logGet(43)) - raft.server.storage.dir = [/workdir/hadoop-ozone/ozonefs/target/test-dir/MiniOzoneClusterImpl-48169ae4-fc36-4fd4-bc0e-7a80f7e832d4/datanode-6/data/ratis] (custom)
2019-09-25 07:21:03,300 [pool-87-thread-1] INFO  storage.RaftStorageDirectory (RaftStorageDirectory.java:analyzeStorage(246)) - The storage directory /workdir/hadoop-ozone/ozonefs/target/test-dir/MiniOzoneClusterImpl-48169ae4-fc36-4fd4-bc0e-7a80f7e832d4/datanode-6/data/ratis/733b8e3d-5d5c-4c49-8506-4e9630327f99 does not exist. Creating ...
2019-09-25 07:21:03,313 [pool-87-thread-1] INFO  storage.RaftStorageDirectory (RaftStorageDirectory.java:tryLock(328)) - Lock on /workdir/hadoop-ozone/ozonefs/target/test-dir/MiniOzoneClusterImpl-48169ae4-fc36-4fd4-bc0e-7a80f7e832d4/datanode-6/data/ratis/733b8e3d-5d5c-4c49-8506-4e9630327f99/in_use.lock acquired by nodename 26726@pr-hdds-1569-s62bp-3040748787
2019-09-25 07:21:03,327 [pool-87-thread-1] INFO  storage.RaftStorage (RaftStorage.java:format(72)) - Storage directory /workdir/hadoop-ozone/ozonefs/target/test-dir/MiniOzoneClusterImpl-48169ae4-fc36-4fd4-bc0e-7a80f7e832d4/datanode-6/data/ratis/733b8e3d-5d5c-4c49-8506-4e9630327f99 has been successfully formatted.
2019-09-25 07:21:03,327 [pool-87-thread-1] INFO  ratis.ContainerStateMachine (ContainerStateMachine.java:loadSnapshot(230)) - group-4E9630327F99: The snapshot info is null. Setting the last applied indexto:(t:0, i:~)
2019-09-25 07:21:03,327 [pool-87-thread-1] INFO  server.RaftServerConfigKeys (ConfUtils.java:logGet(43)) - raft.server.notification.no-leader.timeout = 120s (custom)
2019-09-25 07:21:03,327 [pool-87-thread-1] INFO  server.RaftServerConfigKeys (ConfUtils.java:logGet(43)) - raft.server.log.use.memory = false (default)
2019-09-25 07:21:03,327 [pool-87-thread-1] INFO  server.RaftServerConfigKeys (ConfUtils.java:logGet(43)) - raft.server.log.purge.gap = 1000000 (custom)
2019-09-25 07:21:03,328 [pool-87-thread-1] INFO  server.RaftServerConfigKeys (ConfUtils.java:logGet(43)) - raft.server.log.appender.buffer.byte-limit = 33554432 (custom)
2019-09-25 07:21:03,328 [pool-87-thread-1] INFO  server.RaftServerConfigKeys (ConfUtils.java:logGet(43)) - raft.server.log.segment.size.max = 1048576 (custom)
2019-09-25 07:21:03,328 [pool-87-thread-1] INFO  server.RaftServerConfigKeys (ConfUtils.java:logGet(43)) - raft.server.log.segment.cache.num.max = 2 (custom)
2019-09-25 07:21:03,328 [pool-87-thread-1] INFO  segmented.SegmentedRaftLogWorker (SegmentedRaftLogWorker.java:<init>(172)) - new 3176e44e-2b1b-466b-9a7b-9faa8a8c6db1@group-4E9630327F99-SegmentedRaftLogWorker for RaftStorage:Storage Directory /workdir/hadoop-ozone/ozonefs/target/test-dir/MiniOzoneClusterImpl-48169ae4-fc36-4fd4-bc0e-7a80f7e832d4/datanode-6/data/ratis/733b8e3d-5d5c-4c49-8506-4e9630327f99
2019-09-25 07:21:03,328 [pool-87-thread-1] INFO  server.RaftServerConfigKeys (ConfUtils.java:logGet(43)) - raft.server.log.queue.byte-limit = 2147483647 (custom)
2019-09-25 07:21:03,329 [pool-87-thread-1] INFO  server.RaftServerConfigKeys (ConfUtils.java:logGet(43)) - raft.server.log.queue.element-limit = 1024 (custom)
2019-09-25 07:21:03,329 [pool-87-thread-1] INFO  server.RaftServerConfigKeys (ConfUtils.java:logGet(43)) - raft.server.log.segment.size.max = 1048576 (custom)
2019-09-25 07:21:03,329 [pool-87-thread-1] INFO  server.RaftServerConfigKeys (ConfUtils.java:logGet(43)) - raft.server.log.preallocated.size = 16384 (custom)
2019-09-25 07:21:03,329 [pool-87-thread-1] INFO  server.RaftServerConfigKeys (ConfUtils.java:logGet(43)) - raft.server.log.write.buffer.size = 33554432 (custom)
2019-09-25 07:21:03,329 [pool-87-thread-1] INFO  server.RaftServerConfigKeys (ConfUtils.java:logGet(43)) - raft.server.log.force.sync.num = 128 (default)
2019-09-25 07:21:03,329 [pool-87-thread-1] INFO  server.RaftServerConfigKeys (ConfUtils.java:logGet(43)) - raft.server.log.statemachine.data.sync = true (default)
2019-09-25 07:21:03,330 [pool-87-thread-1] INFO  server.RaftServerConfigKeys (ConfUtils.java:logGet(43)) - raft.server.log.statemachine.data.sync.timeout = 10s (default)
2019-09-25 07:21:03,330 [pool-87-thread-1] INFO  server.RaftServerConfigKeys (ConfUtils.java:logGet(43)) - raft.server.log.statemachine.data.sync.timeout.retry = -1 (default)
2019-09-25 07:21:03,330 [pool-87-thread-1] INFO  server.RaftServerConfigKeys (ConfUtils.java:logGet(43)) - raft.server.log.statemachine.data.caching.enabled = true (custom)
2019-09-25 07:21:03,330 [pool-87-thread-1] INFO  segmented.SegmentedRaftLogWorker (SegmentedRaftLogWorker.java:lambda$new$0(132)) - 3176e44e-2b1b-466b-9a7b-9faa8a8c6db1@group-4E9630327F99-SegmentedRaftLogWorker: flushIndex: setUnconditionally 0 -> -1
2019-09-25 07:21:03,331 [pool-87-thread-1] INFO  server.RaftServerConfigKeys (ConfUtils.java:logGet(43)) - raft.server.snapshot.auto.trigger.enabled = true (custom)
2019-09-25 07:21:03,331 [pool-87-thread-1] INFO  server.RaftServerConfigKeys (ConfUtils.java:logGet(43)) - raft.server.snapshot.auto.trigger.threshold = 10000 (custom)
2019-09-25 07:21:03,331 [pool-87-thread-1] INFO  server.RaftServerConfigKeys (ConfUtils.java:logGet(43)) - raft.server.snapshot.retention.num.files = 5 (custom)
2019-09-25 07:21:03,331 [pool-87-thread-1] INFO  server.RaftServerConfigKeys (ConfUtils.java:logGet(43)) - raft.server.retrycache.expirytime = 600000ms (custom)
2019-09-25 07:21:03,334 [pool-87-thread-1] INFO  impl.RaftServerImpl (RaftServerImpl.java:start(185)) - 3176e44e-2b1b-466b-9a7b-9faa8a8c6db1@group-4E9630327F99: start as a follower, conf=-1: [3176e44e-2b1b-466b-9a7b-9faa8a8c6db1:192.168.30.10:43320], old=null
2019-09-25 07:21:03,335 [pool-87-thread-1] INFO  impl.RaftServerImpl (RaftServerImpl.java:setRole(174)) - 3176e44e-2b1b-466b-9a7b-9faa8a8c6db1@group-4E9630327F99: changes role from      null to FOLLOWER at term 0 for startAsFollower
2019-09-25 07:21:03,335 [pool-87-thread-1] INFO  impl.RoleInfo (RoleInfo.java:updateAndGet(143)) - 3176e44e-2b1b-466b-9a7b-9faa8a8c6db1: start FollowerState
2019-09-25 07:21:03,335 [pool-87-thread-1] INFO  util.JmxRegister (JmxRegister.java:tryRegister(44)) - Successfully registered JMX Bean with object name Ratis:service=RaftServer,group=group-4E9630327F99,id=3176e44e-2b1b-466b-9a7b-9faa8a8c6db1
2019-09-25 07:21:03,339 [RatisPipelineUtilsThread] INFO  pipeline.PipelineStateManager (PipelineStateManager.java:addPipeline(56)) - Created pipeline Pipeline[ Id: 733b8e3d-5d5c-4c49-8506-4e9630327f99, Nodes: 3176e44e-2b1b-466b-9a7b-9faa8a8c6db1{ip: 192.168.30.10, host: pr-hdds-1569-s62bp-3040748787, networkLocation: /default-rack, certSerialId: null}, Type:RATIS, Factor:ONE, State:OPEN]
2019-09-25 07:21:03,339 [RatisPipelineUtilsThread] INFO  pipeline.PipelinePlacementPolicy (PipelinePlacementPolicy.java:meetCriteria(91)) - Pipeline Placement: Doesn't meet the criteria to be viable node： 3176e44e-2b1b-466b-9a7b-9faa8a8c6db1 Heaviness: 6 limit: 5
2019-09-25 07:21:03,345 [grpc-default-executor-1] INFO  impl.RaftServerProxy (RaftServerProxy.java:addNew(89)) - b05de815-ed09-4765-b576-c9e1c2f65196: addNew group-84EC0D41BB0F:[b05de815-ed09-4765-b576-c9e1c2f65196:192.168.30.10:36348] returns group-84EC0D41BB0F:java.util.concurrent.CompletableFuture@735fede7[Not completed]
2019-09-25 07:21:03,346 [pool-27-thread-1] INFO  impl.RaftServerImpl (RaftServerImpl.java:<init>(95)) - b05de815-ed09-4765-b576-c9e1c2f65196: new RaftServerImpl for group-84EC0D41BB0F:[b05de815-ed09-4765-b576-c9e1c2f65196:192.168.30.10:36348] with ContainerStateMachine:uninitialized
2019-09-25 07:21:03,347 [pool-27-thread-1] INFO  server.RaftServerConfigKeys (ConfUtils.java:logGet(43)) - raft.server.rpc.timeout.min = 5s (custom)
2019-09-25 07:21:03,347 [pool-27-thread-1] INFO  server.RaftServerConfigKeys (ConfUtils.java:logGet(43)) - raft.server.rpc.timeout.max = 5200ms (custom)
2019-09-25 07:21:03,347 [pool-27-thread-1] INFO  server.RaftServerConfigKeys (ConfUtils.java:logGet(43)) - raft.server.rpcslowness.timeout = 120s (custom)
2019-09-25 07:21:03,347 [pool-27-thread-1] INFO  server.RaftServerConfigKeys (ConfUtils.java:logGet(43)) - raft.server.sleep.deviation.threshold = 300 (default)
2019-09-25 07:21:03,347 [pool-27-thread-1] INFO  server.RaftServerConfigKeys (ConfUtils.java:logGet(43)) - raft.server.log.appender.install.snapshot.enabled = false (custom)
2019-09-25 07:21:03,347 [pool-27-thread-1] INFO  impl.RaftServerImpl (ServerState.java:<init>(103)) - b05de815-ed09-4765-b576-c9e1c2f65196@group-84EC0D41BB0F: ConfigurationManager, init=-1: [b05de815-ed09-4765-b576-c9e1c2f65196:192.168.30.10:36348], old=null, confs=<EMPTY_MAP>
2019-09-25 07:21:03,348 [pool-27-thread-1] INFO  server.RaftServerConfigKeys (ConfUtils.java:logGet(43)) - raft.server.storage.dir = [/workdir/hadoop-ozone/ozonefs/target/test-dir/MiniOzoneClusterImpl-48169ae4-fc36-4fd4-bc0e-7a80f7e832d4/datanode-0/data/ratis] (custom)
2019-09-25 07:21:03,348 [pool-27-thread-1] INFO  storage.RaftStorageDirectory (RaftStorageDirectory.java:analyzeStorage(246)) - The storage directory /workdir/hadoop-ozone/ozonefs/target/test-dir/MiniOzoneClusterImpl-48169ae4-fc36-4fd4-bc0e-7a80f7e832d4/datanode-0/data/ratis/b7070f91-e8cb-490e-bf9a-84ec0d41bb0f does not exist. Creating ...
2019-09-25 07:21:03,361 [pool-27-thread-1] INFO  storage.RaftStorageDirectory (RaftStorageDirectory.java:tryLock(328)) - Lock on /workdir/hadoop-ozone/ozonefs/target/test-dir/MiniOzoneClusterImpl-48169ae4-fc36-4fd4-bc0e-7a80f7e832d4/datanode-0/data/ratis/b7070f91-e8cb-490e-bf9a-84ec0d41bb0f/in_use.lock acquired by nodename 26726@pr-hdds-1569-s62bp-3040748787
2019-09-25 07:21:03,383 [pool-27-thread-1] INFO  storage.RaftStorage (RaftStorage.java:format(72)) - Storage directory /workdir/hadoop-ozone/ozonefs/target/test-dir/MiniOzoneClusterImpl-48169ae4-fc36-4fd4-bc0e-7a80f7e832d4/datanode-0/data/ratis/b7070f91-e8cb-490e-bf9a-84ec0d41bb0f has been successfully formatted.
2019-09-25 07:21:03,383 [pool-27-thread-1] INFO  ratis.ContainerStateMachine (ContainerStateMachine.java:loadSnapshot(230)) - group-84EC0D41BB0F: The snapshot info is null. Setting the last applied indexto:(t:0, i:~)
2019-09-25 07:21:03,383 [pool-27-thread-1] INFO  server.RaftServerConfigKeys (ConfUtils.java:logGet(43)) - raft.server.notification.no-leader.timeout = 120s (custom)
2019-09-25 07:21:03,384 [pool-27-thread-1] INFO  server.RaftServerConfigKeys (ConfUtils.java:logGet(43)) - raft.server.log.use.memory = false (default)
2019-09-25 07:21:03,384 [pool-27-thread-1] INFO  server.RaftServerConfigKeys (ConfUtils.java:logGet(43)) - raft.server.log.purge.gap = 1000000 (custom)
2019-09-25 07:21:03,384 [pool-27-thread-1] INFO  server.RaftServerConfigKeys (ConfUtils.java:logGet(43)) - raft.server.log.appender.buffer.byte-limit = 33554432 (custom)
2019-09-25 07:21:03,384 [pool-27-thread-1] INFO  server.RaftServerConfigKeys (ConfUtils.java:logGet(43)) - raft.server.log.segment.size.max = 1048576 (custom)
2019-09-25 07:21:03,384 [pool-27-thread-1] INFO  server.RaftServerConfigKeys (ConfUtils.java:logGet(43)) - raft.server.log.segment.cache.num.max = 2 (custom)
2019-09-25 07:21:03,384 [pool-27-thread-1] INFO  segmented.SegmentedRaftLogWorker (SegmentedRaftLogWorker.java:<init>(172)) - new b05de815-ed09-4765-b576-c9e1c2f65196@group-84EC0D41BB0F-SegmentedRaftLogWorker for RaftStorage:Storage Directory /workdir/hadoop-ozone/ozonefs/target/test-dir/MiniOzoneClusterImpl-48169ae4-fc36-4fd4-bc0e-7a80f7e832d4/datanode-0/data/ratis/b7070f91-e8cb-490e-bf9a-84ec0d41bb0f
2019-09-25 07:21:03,385 [pool-27-thread-1] INFO  server.RaftServerConfigKeys (ConfUtils.java:logGet(43)) - raft.server.log.queue.byte-limit = 2147483647 (custom)
2019-09-25 07:21:03,385 [pool-27-thread-1] INFO  server.RaftServerConfigKeys (ConfUtils.java:logGet(43)) - raft.server.log.queue.element-limit = 1024 (custom)
2019-09-25 07:21:03,385 [pool-27-thread-1] INFO  server.RaftServerConfigKeys (ConfUtils.java:logGet(43)) - raft.server.log.segment.size.max = 1048576 (custom)
2019-09-25 07:21:03,385 [pool-27-thread-1] INFO  server.RaftServerConfigKeys (ConfUtils.java:logGet(43)) - raft.server.log.preallocated.size = 16384 (custom)
2019-09-25 07:21:03,385 [pool-27-thread-1] INFO  server.RaftServerConfigKeys (ConfUtils.java:logGet(43)) - raft.server.log.write.buffer.size = 33554432 (custom)
2019-09-25 07:21:03,385 [pool-27-thread-1] INFO  server.RaftServerConfigKeys (ConfUtils.java:logGet(43)) - raft.server.log.force.sync.num = 128 (default)
2019-09-25 07:21:03,385 [pool-27-thread-1] INFO  server.RaftServerConfigKeys (ConfUtils.java:logGet(43)) - raft.server.log.statemachine.data.sync = true (default)
2019-09-25 07:21:03,386 [pool-27-thread-1] INFO  server.RaftServerConfigKeys (ConfUtils.java:logGet(43)) - raft.server.log.statemachine.data.sync.timeout = 10s (default)
2019-09-25 07:21:03,386 [pool-27-thread-1] INFO  server.RaftServerConfigKeys (ConfUtils.java:logGet(43)) - raft.server.log.statemachine.data.sync.timeout.retry = -1 (default)
2019-09-25 07:21:03,386 [pool-27-thread-1] INFO  server.RaftServerConfigKeys (ConfUtils.java:logGet(43)) - raft.server.log.statemachine.data.caching.enabled = true (custom)
2019-09-25 07:21:03,386 [pool-27-thread-1] INFO  segmented.SegmentedRaftLogWorker (SegmentedRaftLogWorker.java:lambda$new$0(132)) - b05de815-ed09-4765-b576-c9e1c2f65196@group-84EC0D41BB0F-SegmentedRaftLogWorker: flushIndex: setUnconditionally 0 -> -1
2019-09-25 07:21:03,387 [pool-27-thread-1] INFO  server.RaftServerConfigKeys (ConfUtils.java:logGet(43)) - raft.server.snapshot.auto.trigger.enabled = true (custom)
2019-09-25 07:21:03,387 [pool-27-thread-1] INFO  server.RaftServerConfigKeys (ConfUtils.java:logGet(43)) - raft.server.snapshot.auto.trigger.threshold = 10000 (custom)
2019-09-25 07:21:03,387 [pool-27-thread-1] INFO  server.RaftServerConfigKeys (ConfUtils.java:logGet(43)) - raft.server.snapshot.retention.num.files = 5 (custom)
2019-09-25 07:21:03,387 [pool-27-thread-1] INFO  server.RaftServerConfigKeys (ConfUtils.java:logGet(43)) - raft.server.retrycache.expirytime = 600000ms (custom)
2019-09-25 07:21:03,390 [pool-27-thread-1] INFO  impl.RaftServerImpl (RaftServerImpl.java:start(185)) - b05de815-ed09-4765-b576-c9e1c2f65196@group-84EC0D41BB0F: start as a follower, conf=-1: [b05de815-ed09-4765-b576-c9e1c2f65196:192.168.30.10:36348], old=null
2019-09-25 07:21:03,390 [pool-27-thread-1] INFO  impl.RaftServerImpl (RaftServerImpl.java:setRole(174)) - b05de815-ed09-4765-b576-c9e1c2f65196@group-84EC0D41BB0F: changes role from      null to FOLLOWER at term 0 for startAsFollower
2019-09-25 07:21:03,390 [pool-27-thread-1] INFO  impl.RoleInfo (RoleInfo.java:updateAndGet(143)) - b05de815-ed09-4765-b576-c9e1c2f65196: start FollowerState
2019-09-25 07:21:03,391 [pool-27-thread-1] INFO  util.JmxRegister (JmxRegister.java:tryRegister(44)) - Successfully registered JMX Bean with object name Ratis:service=RaftServer,group=group-84EC0D41BB0F,id=b05de815-ed09-4765-b576-c9e1c2f65196
2019-09-25 07:21:03,393 [RatisPipelineUtilsThread] INFO  pipeline.PipelineStateManager (PipelineStateManager.java:addPipeline(56)) - Created pipeline Pipeline[ Id: b7070f91-e8cb-490e-bf9a-84ec0d41bb0f, Nodes: b05de815-ed09-4765-b576-c9e1c2f65196{ip: 192.168.30.10, host: pr-hdds-1569-s62bp-3040748787, networkLocation: /default-rack, certSerialId: null}, Type:RATIS, Factor:ONE, State:OPEN]
2019-09-25 07:21:03,394 [RatisPipelineUtilsThread] INFO  pipeline.PipelinePlacementPolicy (PipelinePlacementPolicy.java:meetCriteria(91)) - Pipeline Placement: Doesn't meet the criteria to be viable node： 3176e44e-2b1b-466b-9a7b-9faa8a8c6db1 Heaviness: 6 limit: 5
2019-09-25 07:21:03,400 [grpc-default-executor-1] INFO  impl.RaftServerProxy (RaftServerProxy.java:addNew(89)) - 3ed290a7-a21d-4e57-957f-efca320df8bc: addNew group-77F5BBED0080:[3ed290a7-a21d-4e57-957f-efca320df8bc:192.168.30.10:43596] returns group-77F5BBED0080:java.util.concurrent.CompletableFuture@77f9a877[Not completed]
2019-09-25 07:21:03,402 [pool-97-thread-1] INFO  impl.RaftServerImpl (RaftServerImpl.java:<init>(95)) - 3ed290a7-a21d-4e57-957f-efca320df8bc: new RaftServerImpl for group-77F5BBED0080:[3ed290a7-a21d-4e57-957f-efca320df8bc:192.168.30.10:43596] with ContainerStateMachine:uninitialized
2019-09-25 07:21:03,402 [pool-97-thread-1] INFO  server.RaftServerConfigKeys (ConfUtils.java:logGet(43)) - raft.server.rpc.timeout.min = 5s (custom)
2019-09-25 07:21:03,402 [pool-97-thread-1] INFO  server.RaftServerConfigKeys (ConfUtils.java:logGet(43)) - raft.server.rpc.timeout.max = 5200ms (custom)
2019-09-25 07:21:03,403 [pool-97-thread-1] INFO  server.RaftServerConfigKeys (ConfUtils.java:logGet(43)) - raft.server.rpcslowness.timeout = 120s (custom)
2019-09-25 07:21:03,403 [pool-97-thread-1] INFO  server.RaftServerConfigKeys (ConfUtils.java:logGet(43)) - raft.server.sleep.deviation.threshold = 300 (default)
2019-09-25 07:21:03,403 [pool-97-thread-1] INFO  server.RaftServerConfigKeys (ConfUtils.java:logGet(43)) - raft.server.log.appender.install.snapshot.enabled = false (custom)
2019-09-25 07:21:03,403 [pool-97-thread-1] INFO  impl.RaftServerImpl (ServerState.java:<init>(103)) - 3ed290a7-a21d-4e57-957f-efca320df8bc@group-77F5BBED0080: ConfigurationManager, init=-1: [3ed290a7-a21d-4e57-957f-efca320df8bc:192.168.30.10:43596], old=null, confs=<EMPTY_MAP>
2019-09-25 07:21:03,404 [pool-97-thread-1] INFO  server.RaftServerConfigKeys (ConfUtils.java:logGet(43)) - raft.server.storage.dir = [/workdir/hadoop-ozone/ozonefs/target/test-dir/MiniOzoneClusterImpl-48169ae4-fc36-4fd4-bc0e-7a80f7e832d4/datanode-7/data/ratis] (custom)
2019-09-25 07:21:03,404 [pool-97-thread-1] INFO  storage.RaftStorageDirectory (RaftStorageDirectory.java:analyzeStorage(246)) - The storage directory /workdir/hadoop-ozone/ozonefs/target/test-dir/MiniOzoneClusterImpl-48169ae4-fc36-4fd4-bc0e-7a80f7e832d4/datanode-7/data/ratis/8bdb03d6-7981-48b6-84be-77f5bbed0080 does not exist. Creating ...
2019-09-25 07:21:03,417 [pool-97-thread-1] INFO  storage.RaftStorageDirectory (RaftStorageDirectory.java:tryLock(328)) - Lock on /workdir/hadoop-ozone/ozonefs/target/test-dir/MiniOzoneClusterImpl-48169ae4-fc36-4fd4-bc0e-7a80f7e832d4/datanode-7/data/ratis/8bdb03d6-7981-48b6-84be-77f5bbed0080/in_use.lock acquired by nodename 26726@pr-hdds-1569-s62bp-3040748787
2019-09-25 07:21:03,443 [pool-97-thread-1] INFO  storage.RaftStorage (RaftStorage.java:format(72)) - Storage directory /workdir/hadoop-ozone/ozonefs/target/test-dir/MiniOzoneClusterImpl-48169ae4-fc36-4fd4-bc0e-7a80f7e832d4/datanode-7/data/ratis/8bdb03d6-7981-48b6-84be-77f5bbed0080 has been successfully formatted.
2019-09-25 07:21:03,444 [pool-97-thread-1] INFO  ratis.ContainerStateMachine (ContainerStateMachine.java:loadSnapshot(230)) - group-77F5BBED0080: The snapshot info is null. Setting the last applied indexto:(t:0, i:~)
2019-09-25 07:21:03,444 [pool-97-thread-1] INFO  server.RaftServerConfigKeys (ConfUtils.java:logGet(43)) - raft.server.notification.no-leader.timeout = 120s (custom)
2019-09-25 07:21:03,444 [pool-97-thread-1] INFO  server.RaftServerConfigKeys (ConfUtils.java:logGet(43)) - raft.server.log.use.memory = false (default)
2019-09-25 07:21:03,444 [pool-97-thread-1] INFO  server.RaftServerConfigKeys (ConfUtils.java:logGet(43)) - raft.server.log.purge.gap = 1000000 (custom)
2019-09-25 07:21:03,444 [pool-97-thread-1] INFO  server.RaftServerConfigKeys (ConfUtils.java:logGet(43)) - raft.server.log.appender.buffer.byte-limit = 33554432 (custom)
2019-09-25 07:21:03,444 [pool-97-thread-1] INFO  server.RaftServerConfigKeys (ConfUtils.java:logGet(43)) - raft.server.log.segment.size.max = 1048576 (custom)
2019-09-25 07:21:03,445 [pool-97-thread-1] INFO  server.RaftServerConfigKeys (ConfUtils.java:logGet(43)) - raft.server.log.segment.cache.num.max = 2 (custom)
2019-09-25 07:21:03,445 [pool-97-thread-1] INFO  segmented.SegmentedRaftLogWorker (SegmentedRaftLogWorker.java:<init>(172)) - new 3ed290a7-a21d-4e57-957f-efca320df8bc@group-77F5BBED0080-SegmentedRaftLogWorker for RaftStorage:Storage Directory /workdir/hadoop-ozone/ozonefs/target/test-dir/MiniOzoneClusterImpl-48169ae4-fc36-4fd4-bc0e-7a80f7e832d4/datanode-7/data/ratis/8bdb03d6-7981-48b6-84be-77f5bbed0080
2019-09-25 07:21:03,445 [pool-97-thread-1] INFO  server.RaftServerConfigKeys (ConfUtils.java:logGet(43)) - raft.server.log.queue.byte-limit = 2147483647 (custom)
2019-09-25 07:21:03,445 [pool-97-thread-1] INFO  server.RaftServerConfigKeys (ConfUtils.java:logGet(43)) - raft.server.log.queue.element-limit = 1024 (custom)
2019-09-25 07:21:03,445 [pool-97-thread-1] INFO  server.RaftServerConfigKeys (ConfUtils.java:logGet(43)) - raft.server.log.segment.size.max = 1048576 (custom)
2019-09-25 07:21:03,445 [pool-97-thread-1] INFO  server.RaftServerConfigKeys (ConfUtils.java:logGet(43)) - raft.server.log.preallocated.size = 16384 (custom)
2019-09-25 07:21:03,445 [pool-97-thread-1] INFO  server.RaftServerConfigKeys (ConfUtils.java:logGet(43)) - raft.server.log.write.buffer.size = 33554432 (custom)
2019-09-25 07:21:03,446 [pool-97-thread-1] INFO  server.RaftServerConfigKeys (ConfUtils.java:logGet(43)) - raft.server.log.force.sync.num = 128 (default)
2019-09-25 07:21:03,446 [pool-97-thread-1] INFO  server.RaftServerConfigKeys (ConfUtils.java:logGet(43)) - raft.server.log.statemachine.data.sync = true (default)
2019-09-25 07:21:03,446 [pool-97-thread-1] INFO  server.RaftServerConfigKeys (ConfUtils.java:logGet(43)) - raft.server.log.statemachine.data.sync.timeout = 10s (default)
2019-09-25 07:21:03,446 [pool-97-thread-1] INFO  server.RaftServerConfigKeys (ConfUtils.java:logGet(43)) - raft.server.log.statemachine.data.sync.timeout.retry = -1 (default)
2019-09-25 07:21:03,446 [pool-97-thread-1] INFO  server.RaftServerConfigKeys (ConfUtils.java:logGet(43)) - raft.server.log.statemachine.data.caching.enabled = true (custom)
2019-09-25 07:21:03,447 [pool-97-thread-1] INFO  segmented.SegmentedRaftLogWorker (SegmentedRaftLogWorker.java:lambda$new$0(132)) - 3ed290a7-a21d-4e57-957f-efca320df8bc@group-77F5BBED0080-SegmentedRaftLogWorker: flushIndex: setUnconditionally 0 -> -1
2019-09-25 07:21:03,447 [pool-97-thread-1] INFO  server.RaftServerConfigKeys (ConfUtils.java:logGet(43)) - raft.server.snapshot.auto.trigger.enabled = true (custom)
2019-09-25 07:21:03,447 [pool-97-thread-1] INFO  server.RaftServerConfigKeys (ConfUtils.java:logGet(43)) - raft.server.snapshot.auto.trigger.threshold = 10000 (custom)
2019-09-25 07:21:03,447 [pool-97-thread-1] INFO  server.RaftServerConfigKeys (ConfUtils.java:logGet(43)) - raft.server.snapshot.retention.num.files = 5 (custom)
2019-09-25 07:21:03,447 [pool-97-thread-1] INFO  server.RaftServerConfigKeys (ConfUtils.java:logGet(43)) - raft.server.retrycache.expirytime = 600000ms (custom)
2019-09-25 07:21:03,450 [pool-97-thread-1] INFO  impl.RaftServerImpl (RaftServerImpl.java:start(185)) - 3ed290a7-a21d-4e57-957f-efca320df8bc@group-77F5BBED0080: start as a follower, conf=-1: [3ed290a7-a21d-4e57-957f-efca320df8bc:192.168.30.10:43596], old=null
2019-09-25 07:21:03,450 [pool-97-thread-1] INFO  impl.RaftServerImpl (RaftServerImpl.java:setRole(174)) - 3ed290a7-a21d-4e57-957f-efca320df8bc@group-77F5BBED0080: changes role from      null to FOLLOWER at term 0 for startAsFollower
2019-09-25 07:21:03,450 [pool-97-thread-1] INFO  impl.RoleInfo (RoleInfo.java:updateAndGet(143)) - 3ed290a7-a21d-4e57-957f-efca320df8bc: start FollowerState
2019-09-25 07:21:03,451 [pool-97-thread-1] INFO  util.JmxRegister (JmxRegister.java:tryRegister(44)) - Successfully registered JMX Bean with object name Ratis:service=RaftServer,group=group-77F5BBED0080,id=3ed290a7-a21d-4e57-957f-efca320df8bc
2019-09-25 07:21:03,454 [RatisPipelineUtilsThread] INFO  pipeline.PipelineStateManager (PipelineStateManager.java:addPipeline(56)) - Created pipeline Pipeline[ Id: 8bdb03d6-7981-48b6-84be-77f5bbed0080, Nodes: 3ed290a7-a21d-4e57-957f-efca320df8bc{ip: 192.168.30.10, host: pr-hdds-1569-s62bp-3040748787, networkLocation: /default-rack, certSerialId: null}, Type:RATIS, Factor:ONE, State:OPEN]
2019-09-25 07:21:03,454 [RatisPipelineUtilsThread] INFO  pipeline.PipelinePlacementPolicy (PipelinePlacementPolicy.java:meetCriteria(91)) - Pipeline Placement: Doesn't meet the criteria to be viable node： 3176e44e-2b1b-466b-9a7b-9faa8a8c6db1 Heaviness: 6 limit: 5
2019-09-25 07:21:03,460 [grpc-default-executor-1] INFO  impl.RaftServerProxy (RaftServerProxy.java:addNew(89)) - f5d629fd-ecfe-43ee-9421-b64933e3fd75: addNew group-4A287AF05AE2:[f5d629fd-ecfe-43ee-9421-b64933e3fd75:192.168.30.10:37985] returns group-4A287AF05AE2:java.util.concurrent.CompletableFuture@43dde31[Not completed]
2019-09-25 07:21:03,461 [pool-37-thread-1] INFO  impl.RaftServerImpl (RaftServerImpl.java:<init>(95)) - f5d629fd-ecfe-43ee-9421-b64933e3fd75: new RaftServerImpl for group-4A287AF05AE2:[f5d629fd-ecfe-43ee-9421-b64933e3fd75:192.168.30.10:37985] with ContainerStateMachine:uninitialized
2019-09-25 07:21:03,462 [pool-37-thread-1] INFO  server.RaftServerConfigKeys (ConfUtils.java:logGet(43)) - raft.server.rpc.timeout.min = 5s (custom)
2019-09-25 07:21:03,462 [pool-37-thread-1] INFO  server.RaftServerConfigKeys (ConfUtils.java:logGet(43)) - raft.server.rpc.timeout.max = 5200ms (custom)
2019-09-25 07:21:03,462 [pool-37-thread-1] INFO  server.RaftServerConfigKeys (ConfUtils.java:logGet(43)) - raft.server.rpcslowness.timeout = 120s (custom)
2019-09-25 07:21:03,462 [pool-37-thread-1] INFO  server.RaftServerConfigKeys (ConfUtils.java:logGet(43)) - raft.server.sleep.deviation.threshold = 300 (default)
2019-09-25 07:21:03,462 [pool-37-thread-1] INFO  server.RaftServerConfigKeys (ConfUtils.java:logGet(43)) - raft.server.log.appender.install.snapshot.enabled = false (custom)
2019-09-25 07:21:03,462 [pool-37-thread-1] INFO  impl.RaftServerImpl (ServerState.java:<init>(103)) - f5d629fd-ecfe-43ee-9421-b64933e3fd75@group-4A287AF05AE2: ConfigurationManager, init=-1: [f5d629fd-ecfe-43ee-9421-b64933e3fd75:192.168.30.10:37985], old=null, confs=<EMPTY_MAP>
2019-09-25 07:21:03,463 [pool-37-thread-1] INFO  server.RaftServerConfigKeys (ConfUtils.java:logGet(43)) - raft.server.storage.dir = [/workdir/hadoop-ozone/ozonefs/target/test-dir/MiniOzoneClusterImpl-48169ae4-fc36-4fd4-bc0e-7a80f7e832d4/datanode-1/data/ratis] (custom)
2019-09-25 07:21:03,463 [pool-37-thread-1] INFO  storage.RaftStorageDirectory (RaftStorageDirectory.java:analyzeStorage(246)) - The storage directory /workdir/hadoop-ozone/ozonefs/target/test-dir/MiniOzoneClusterImpl-48169ae4-fc36-4fd4-bc0e-7a80f7e832d4/datanode-1/data/ratis/f610ef4a-261a-4ecc-b475-4a287af05ae2 does not exist. Creating ...
2019-09-25 07:21:03,478 [pool-37-thread-1] INFO  storage.RaftStorageDirectory (RaftStorageDirectory.java:tryLock(328)) - Lock on /workdir/hadoop-ozone/ozonefs/target/test-dir/MiniOzoneClusterImpl-48169ae4-fc36-4fd4-bc0e-7a80f7e832d4/datanode-1/data/ratis/f610ef4a-261a-4ecc-b475-4a287af05ae2/in_use.lock acquired by nodename 26726@pr-hdds-1569-s62bp-3040748787
2019-09-25 07:21:03,491 [pool-37-thread-1] INFO  storage.RaftStorage (RaftStorage.java:format(72)) - Storage directory /workdir/hadoop-ozone/ozonefs/target/test-dir/MiniOzoneClusterImpl-48169ae4-fc36-4fd4-bc0e-7a80f7e832d4/datanode-1/data/ratis/f610ef4a-261a-4ecc-b475-4a287af05ae2 has been successfully formatted.
2019-09-25 07:21:03,491 [pool-37-thread-1] INFO  ratis.ContainerStateMachine (ContainerStateMachine.java:loadSnapshot(230)) - group-4A287AF05AE2: The snapshot info is null. Setting the last applied indexto:(t:0, i:~)
2019-09-25 07:21:03,491 [pool-37-thread-1] INFO  server.RaftServerConfigKeys (ConfUtils.java:logGet(43)) - raft.server.notification.no-leader.timeout = 120s (custom)
2019-09-25 07:21:03,492 [pool-37-thread-1] INFO  server.RaftServerConfigKeys (ConfUtils.java:logGet(43)) - raft.server.log.use.memory = false (default)
2019-09-25 07:21:03,492 [pool-37-thread-1] INFO  server.RaftServerConfigKeys (ConfUtils.java:logGet(43)) - raft.server.log.purge.gap = 1000000 (custom)
2019-09-25 07:21:03,492 [pool-37-thread-1] INFO  server.RaftServerConfigKeys (ConfUtils.java:logGet(43)) - raft.server.log.appender.buffer.byte-limit = 33554432 (custom)
2019-09-25 07:21:03,492 [pool-37-thread-1] INFO  server.RaftServerConfigKeys (ConfUtils.java:logGet(43)) - raft.server.log.segment.size.max = 1048576 (custom)
2019-09-25 07:21:03,492 [pool-37-thread-1] INFO  server.RaftServerConfigKeys (ConfUtils.java:logGet(43)) - raft.server.log.segment.cache.num.max = 2 (custom)
2019-09-25 07:21:03,492 [pool-37-thread-1] INFO  segmented.SegmentedRaftLogWorker (SegmentedRaftLogWorker.java:<init>(172)) - new f5d629fd-ecfe-43ee-9421-b64933e3fd75@group-4A287AF05AE2-SegmentedRaftLogWorker for RaftStorage:Storage Directory /workdir/hadoop-ozone/ozonefs/target/test-dir/MiniOzoneClusterImpl-48169ae4-fc36-4fd4-bc0e-7a80f7e832d4/datanode-1/data/ratis/f610ef4a-261a-4ecc-b475-4a287af05ae2
2019-09-25 07:21:03,493 [pool-37-thread-1] INFO  server.RaftServerConfigKeys (ConfUtils.java:logGet(43)) - raft.server.log.queue.byte-limit = 2147483647 (custom)
2019-09-25 07:21:03,493 [pool-37-thread-1] INFO  server.RaftServerConfigKeys (ConfUtils.java:logGet(43)) - raft.server.log.queue.element-limit = 1024 (custom)
2019-09-25 07:21:03,493 [pool-37-thread-1] INFO  server.RaftServerConfigKeys (ConfUtils.java:logGet(43)) - raft.server.log.segment.size.max = 1048576 (custom)
2019-09-25 07:21:03,493 [pool-37-thread-1] INFO  server.RaftServerConfigKeys (ConfUtils.java:logGet(43)) - raft.server.log.preallocated.size = 16384 (custom)
2019-09-25 07:21:03,493 [pool-37-thread-1] INFO  server.RaftServerConfigKeys (ConfUtils.java:logGet(43)) - raft.server.log.write.buffer.size = 33554432 (custom)
2019-09-25 07:21:03,493 [pool-37-thread-1] INFO  server.RaftServerConfigKeys (ConfUtils.java:logGet(43)) - raft.server.log.force.sync.num = 128 (default)
2019-09-25 07:21:03,494 [pool-37-thread-1] INFO  server.RaftServerConfigKeys (ConfUtils.java:logGet(43)) - raft.server.log.statemachine.data.sync = true (default)
2019-09-25 07:21:03,494 [pool-37-thread-1] INFO  server.RaftServerConfigKeys (ConfUtils.java:logGet(43)) - raft.server.log.statemachine.data.sync.timeout = 10s (default)
2019-09-25 07:21:03,494 [pool-37-thread-1] INFO  server.RaftServerConfigKeys (ConfUtils.java:logGet(43)) - raft.server.log.statemachine.data.sync.timeout.retry = -1 (default)
2019-09-25 07:21:03,494 [pool-37-thread-1] INFO  server.RaftServerConfigKeys (ConfUtils.java:logGet(43)) - raft.server.log.statemachine.data.caching.enabled = true (custom)
2019-09-25 07:21:03,494 [pool-37-thread-1] INFO  segmented.SegmentedRaftLogWorker (SegmentedRaftLogWorker.java:lambda$new$0(132)) - f5d629fd-ecfe-43ee-9421-b64933e3fd75@group-4A287AF05AE2-SegmentedRaftLogWorker: flushIndex: setUnconditionally 0 -> -1
2019-09-25 07:21:03,495 [pool-37-thread-1] INFO  server.RaftServerConfigKeys (ConfUtils.java:logGet(43)) - raft.server.snapshot.auto.trigger.enabled = true (custom)
2019-09-25 07:21:03,495 [pool-37-thread-1] INFO  server.RaftServerConfigKeys (ConfUtils.java:logGet(43)) - raft.server.snapshot.auto.trigger.threshold = 10000 (custom)
2019-09-25 07:21:03,495 [pool-37-thread-1] INFO  server.RaftServerConfigKeys (ConfUtils.java:logGet(43)) - raft.server.snapshot.retention.num.files = 5 (custom)
2019-09-25 07:21:03,495 [pool-37-thread-1] INFO  server.RaftServerConfigKeys (ConfUtils.java:logGet(43)) - raft.server.retrycache.expirytime = 600000ms (custom)
2019-09-25 07:21:03,498 [pool-37-thread-1] INFO  impl.RaftServerImpl (RaftServerImpl.java:start(185)) - f5d629fd-ecfe-43ee-9421-b64933e3fd75@group-4A287AF05AE2: start as a follower, conf=-1: [f5d629fd-ecfe-43ee-9421-b64933e3fd75:192.168.30.10:37985], old=null
2019-09-25 07:21:03,498 [pool-37-thread-1] INFO  impl.RaftServerImpl (RaftServerImpl.java:setRole(174)) - f5d629fd-ecfe-43ee-9421-b64933e3fd75@group-4A287AF05AE2: changes role from      null to FOLLOWER at term 0 for startAsFollower
2019-09-25 07:21:03,498 [pool-37-thread-1] INFO  impl.RoleInfo (RoleInfo.java:updateAndGet(143)) - f5d629fd-ecfe-43ee-9421-b64933e3fd75: start FollowerState
2019-09-25 07:21:03,499 [pool-37-thread-1] INFO  util.JmxRegister (JmxRegister.java:tryRegister(44)) - Successfully registered JMX Bean with object name Ratis:service=RaftServer,group=group-4A287AF05AE2,id=f5d629fd-ecfe-43ee-9421-b64933e3fd75
2019-09-25 07:21:03,502 [RatisPipelineUtilsThread] INFO  pipeline.PipelineStateManager (PipelineStateManager.java:addPipeline(56)) - Created pipeline Pipeline[ Id: f610ef4a-261a-4ecc-b475-4a287af05ae2, Nodes: f5d629fd-ecfe-43ee-9421-b64933e3fd75{ip: 192.168.30.10, host: pr-hdds-1569-s62bp-3040748787, networkLocation: /default-rack, certSerialId: null}, Type:RATIS, Factor:ONE, State:OPEN]
2019-09-25 07:21:03,502 [RatisPipelineUtilsThread] INFO  pipeline.PipelinePlacementPolicy (PipelinePlacementPolicy.java:meetCriteria(91)) - Pipeline Placement: Doesn't meet the criteria to be viable node： 3176e44e-2b1b-466b-9a7b-9faa8a8c6db1 Heaviness: 6 limit: 5
2019-09-25 07:21:03,508 [grpc-default-executor-1] INFO  impl.RaftServerProxy (RaftServerProxy.java:addNew(89)) - 6bc56785-b354-47d6-aaaa-aea62bb8d052: addNew group-5AA42C938A01:[6bc56785-b354-47d6-aaaa-aea62bb8d052:192.168.30.10:40140] returns group-5AA42C938A01:java.util.concurrent.CompletableFuture@1e18b369[Not completed]
2019-09-25 07:21:03,509 [pool-77-thread-1] INFO  impl.RaftServerImpl (RaftServerImpl.java:<init>(95)) - 6bc56785-b354-47d6-aaaa-aea62bb8d052: new RaftServerImpl for group-5AA42C938A01:[6bc56785-b354-47d6-aaaa-aea62bb8d052:192.168.30.10:40140] with ContainerStateMachine:uninitialized
2019-09-25 07:21:03,509 [pool-77-thread-1] INFO  server.RaftServerConfigKeys (ConfUtils.java:logGet(43)) - raft.server.rpc.timeout.min = 5s (custom)
2019-09-25 07:21:03,510 [pool-77-thread-1] INFO  server.RaftServerConfigKeys (ConfUtils.java:logGet(43)) - raft.server.rpc.timeout.max = 5200ms (custom)
2019-09-25 07:21:03,510 [pool-77-thread-1] INFO  server.RaftServerConfigKeys (ConfUtils.java:logGet(43)) - raft.server.rpcslowness.timeout = 120s (custom)
2019-09-25 07:21:03,510 [pool-77-thread-1] INFO  server.RaftServerConfigKeys (ConfUtils.java:logGet(43)) - raft.server.sleep.deviation.threshold = 300 (default)
2019-09-25 07:21:03,510 [pool-77-thread-1] INFO  server.RaftServerConfigKeys (ConfUtils.java:logGet(43)) - raft.server.log.appender.install.snapshot.enabled = false (custom)
2019-09-25 07:21:03,510 [pool-77-thread-1] INFO  impl.RaftServerImpl (ServerState.java:<init>(103)) - 6bc56785-b354-47d6-aaaa-aea62bb8d052@group-5AA42C938A01: ConfigurationManager, init=-1: [6bc56785-b354-47d6-aaaa-aea62bb8d052:192.168.30.10:40140], old=null, confs=<EMPTY_MAP>
2019-09-25 07:21:03,510 [pool-77-thread-1] INFO  server.RaftServerConfigKeys (ConfUtils.java:logGet(43)) - raft.server.storage.dir = [/workdir/hadoop-ozone/ozonefs/target/test-dir/MiniOzoneClusterImpl-48169ae4-fc36-4fd4-bc0e-7a80f7e832d4/datanode-5/data/ratis] (custom)
2019-09-25 07:21:03,511 [pool-77-thread-1] INFO  storage.RaftStorageDirectory (RaftStorageDirectory.java:analyzeStorage(246)) - The storage directory /workdir/hadoop-ozone/ozonefs/target/test-dir/MiniOzoneClusterImpl-48169ae4-fc36-4fd4-bc0e-7a80f7e832d4/datanode-5/data/ratis/815ff00e-4234-4151-b739-5aa42c938a01 does not exist. Creating ...
2019-09-25 07:21:03,523 [pool-77-thread-1] INFO  storage.RaftStorageDirectory (RaftStorageDirectory.java:tryLock(328)) - Lock on /workdir/hadoop-ozone/ozonefs/target/test-dir/MiniOzoneClusterImpl-48169ae4-fc36-4fd4-bc0e-7a80f7e832d4/datanode-5/data/ratis/815ff00e-4234-4151-b739-5aa42c938a01/in_use.lock acquired by nodename 26726@pr-hdds-1569-s62bp-3040748787
2019-09-25 07:21:03,540 [pool-77-thread-1] INFO  storage.RaftStorage (RaftStorage.java:format(72)) - Storage directory /workdir/hadoop-ozone/ozonefs/target/test-dir/MiniOzoneClusterImpl-48169ae4-fc36-4fd4-bc0e-7a80f7e832d4/datanode-5/data/ratis/815ff00e-4234-4151-b739-5aa42c938a01 has been successfully formatted.
2019-09-25 07:21:03,540 [pool-77-thread-1] INFO  ratis.ContainerStateMachine (ContainerStateMachine.java:loadSnapshot(230)) - group-5AA42C938A01: The snapshot info is null. Setting the last applied indexto:(t:0, i:~)
2019-09-25 07:21:03,540 [pool-77-thread-1] INFO  server.RaftServerConfigKeys (ConfUtils.java:logGet(43)) - raft.server.notification.no-leader.timeout = 120s (custom)
2019-09-25 07:21:03,540 [pool-77-thread-1] INFO  server.RaftServerConfigKeys (ConfUtils.java:logGet(43)) - raft.server.log.use.memory = false (default)
2019-09-25 07:21:03,540 [pool-77-thread-1] INFO  server.RaftServerConfigKeys (ConfUtils.java:logGet(43)) - raft.server.log.purge.gap = 1000000 (custom)
2019-09-25 07:21:03,540 [pool-77-thread-1] INFO  server.RaftServerConfigKeys (ConfUtils.java:logGet(43)) - raft.server.log.appender.buffer.byte-limit = 33554432 (custom)
2019-09-25 07:21:03,541 [pool-77-thread-1] INFO  server.RaftServerConfigKeys (ConfUtils.java:logGet(43)) - raft.server.log.segment.size.max = 1048576 (custom)
2019-09-25 07:21:03,541 [pool-77-thread-1] INFO  server.RaftServerConfigKeys (ConfUtils.java:logGet(43)) - raft.server.log.segment.cache.num.max = 2 (custom)
2019-09-25 07:21:03,541 [pool-77-thread-1] INFO  segmented.SegmentedRaftLogWorker (SegmentedRaftLogWorker.java:<init>(172)) - new 6bc56785-b354-47d6-aaaa-aea62bb8d052@group-5AA42C938A01-SegmentedRaftLogWorker for RaftStorage:Storage Directory /workdir/hadoop-ozone/ozonefs/target/test-dir/MiniOzoneClusterImpl-48169ae4-fc36-4fd4-bc0e-7a80f7e832d4/datanode-5/data/ratis/815ff00e-4234-4151-b739-5aa42c938a01
2019-09-25 07:21:03,541 [pool-77-thread-1] INFO  server.RaftServerConfigKeys (ConfUtils.java:logGet(43)) - raft.server.log.queue.byte-limit = 2147483647 (custom)
2019-09-25 07:21:03,541 [pool-77-thread-1] INFO  server.RaftServerConfigKeys (ConfUtils.java:logGet(43)) - raft.server.log.queue.element-limit = 1024 (custom)
2019-09-25 07:21:03,541 [pool-77-thread-1] INFO  server.RaftServerConfigKeys (ConfUtils.java:logGet(43)) - raft.server.log.segment.size.max = 1048576 (custom)
2019-09-25 07:21:03,542 [pool-77-thread-1] INFO  server.RaftServerConfigKeys (ConfUtils.java:logGet(43)) - raft.server.log.preallocated.size = 16384 (custom)
2019-09-25 07:21:03,542 [pool-77-thread-1] INFO  server.RaftServerConfigKeys (ConfUtils.java:logGet(43)) - raft.server.log.write.buffer.size = 33554432 (custom)
2019-09-25 07:21:03,542 [pool-77-thread-1] INFO  server.RaftServerConfigKeys (ConfUtils.java:logGet(43)) - raft.server.log.force.sync.num = 128 (default)
2019-09-25 07:21:03,542 [pool-77-thread-1] INFO  server.RaftServerConfigKeys (ConfUtils.java:logGet(43)) - raft.server.log.statemachine.data.sync = true (default)
2019-09-25 07:21:03,542 [pool-77-thread-1] INFO  server.RaftServerConfigKeys (ConfUtils.java:logGet(43)) - raft.server.log.statemachine.data.sync.timeout = 10s (default)
2019-09-25 07:21:03,542 [pool-77-thread-1] INFO  server.RaftServerConfigKeys (ConfUtils.java:logGet(43)) - raft.server.log.statemachine.data.sync.timeout.retry = -1 (default)
2019-09-25 07:21:03,543 [pool-77-thread-1] INFO  server.RaftServerConfigKeys (ConfUtils.java:logGet(43)) - raft.server.log.statemachine.data.caching.enabled = true (custom)
2019-09-25 07:21:03,543 [pool-77-thread-1] INFO  segmented.SegmentedRaftLogWorker (SegmentedRaftLogWorker.java:lambda$new$0(132)) - 6bc56785-b354-47d6-aaaa-aea62bb8d052@group-5AA42C938A01-SegmentedRaftLogWorker: flushIndex: setUnconditionally 0 -> -1
2019-09-25 07:21:03,543 [pool-77-thread-1] INFO  server.RaftServerConfigKeys (ConfUtils.java:logGet(43)) - raft.server.snapshot.auto.trigger.enabled = true (custom)
2019-09-25 07:21:03,544 [pool-77-thread-1] INFO  server.RaftServerConfigKeys (ConfUtils.java:logGet(43)) - raft.server.snapshot.auto.trigger.threshold = 10000 (custom)
2019-09-25 07:21:03,544 [pool-77-thread-1] INFO  server.RaftServerConfigKeys (ConfUtils.java:logGet(43)) - raft.server.snapshot.retention.num.files = 5 (custom)
2019-09-25 07:21:03,544 [pool-77-thread-1] INFO  server.RaftServerConfigKeys (ConfUtils.java:logGet(43)) - raft.server.retrycache.expirytime = 600000ms (custom)
2019-09-25 07:21:03,547 [pool-77-thread-1] INFO  impl.RaftServerImpl (RaftServerImpl.java:start(185)) - 6bc56785-b354-47d6-aaaa-aea62bb8d052@group-5AA42C938A01: start as a follower, conf=-1: [6bc56785-b354-47d6-aaaa-aea62bb8d052:192.168.30.10:40140], old=null
2019-09-25 07:21:03,547 [pool-77-thread-1] INFO  impl.RaftServerImpl (RaftServerImpl.java:setRole(174)) - 6bc56785-b354-47d6-aaaa-aea62bb8d052@group-5AA42C938A01: changes role from      null to FOLLOWER at term 0 for startAsFollower
2019-09-25 07:21:03,547 [pool-77-thread-1] INFO  impl.RoleInfo (RoleInfo.java:updateAndGet(143)) - 6bc56785-b354-47d6-aaaa-aea62bb8d052: start FollowerState
2019-09-25 07:21:03,547 [pool-77-thread-1] INFO  util.JmxRegister (JmxRegister.java:tryRegister(44)) - Successfully registered JMX Bean with object name Ratis:service=RaftServer,group=group-5AA42C938A01,id=6bc56785-b354-47d6-aaaa-aea62bb8d052
2019-09-25 07:21:03,550 [RatisPipelineUtilsThread] INFO  pipeline.PipelineStateManager (PipelineStateManager.java:addPipeline(56)) - Created pipeline Pipeline[ Id: 815ff00e-4234-4151-b739-5aa42c938a01, Nodes: 6bc56785-b354-47d6-aaaa-aea62bb8d052{ip: 192.168.30.10, host: pr-hdds-1569-s62bp-3040748787, networkLocation: /default-rack, certSerialId: null}, Type:RATIS, Factor:ONE, State:OPEN]
2019-09-25 07:21:03,551 [RatisPipelineUtilsThread] INFO  pipeline.PipelinePlacementPolicy (PipelinePlacementPolicy.java:meetCriteria(91)) - Pipeline Placement: Doesn't meet the criteria to be viable node： 6bc56785-b354-47d6-aaaa-aea62bb8d052 Heaviness: 6 limit: 5
2019-09-25 07:21:03,551 [RatisPipelineUtilsThread] INFO  pipeline.PipelinePlacementPolicy (PipelinePlacementPolicy.java:meetCriteria(91)) - Pipeline Placement: Doesn't meet the criteria to be viable node： 3176e44e-2b1b-466b-9a7b-9faa8a8c6db1 Heaviness: 6 limit: 5
2019-09-25 07:21:03,557 [grpc-default-executor-1] INFO  impl.RaftServerProxy (RaftServerProxy.java:addNew(89)) - 988e4f02-2728-4d94-a25f-5554bec3cdd7: addNew group-B6AAD5FC39DC:[988e4f02-2728-4d94-a25f-5554bec3cdd7:192.168.30.10:32885] returns group-B6AAD5FC39DC:java.util.concurrent.CompletableFuture@75eeda95[Not completed]
2019-09-25 07:21:03,558 [pool-107-thread-1] INFO  impl.RaftServerImpl (RaftServerImpl.java:<init>(95)) - 988e4f02-2728-4d94-a25f-5554bec3cdd7: new RaftServerImpl for group-B6AAD5FC39DC:[988e4f02-2728-4d94-a25f-5554bec3cdd7:192.168.30.10:32885] with ContainerStateMachine:uninitialized
2019-09-25 07:21:03,558 [pool-107-thread-1] INFO  server.RaftServerConfigKeys (ConfUtils.java:logGet(43)) - raft.server.rpc.timeout.min = 5s (custom)
2019-09-25 07:21:03,558 [pool-107-thread-1] INFO  server.RaftServerConfigKeys (ConfUtils.java:logGet(43)) - raft.server.rpc.timeout.max = 5200ms (custom)
2019-09-25 07:21:03,559 [pool-107-thread-1] INFO  server.RaftServerConfigKeys (ConfUtils.java:logGet(43)) - raft.server.rpcslowness.timeout = 120s (custom)
2019-09-25 07:21:03,559 [pool-107-thread-1] INFO  server.RaftServerConfigKeys (ConfUtils.java:logGet(43)) - raft.server.sleep.deviation.threshold = 300 (default)
2019-09-25 07:21:03,559 [pool-107-thread-1] INFO  server.RaftServerConfigKeys (ConfUtils.java:logGet(43)) - raft.server.log.appender.install.snapshot.enabled = false (custom)
2019-09-25 07:21:03,559 [pool-107-thread-1] INFO  impl.RaftServerImpl (ServerState.java:<init>(103)) - 988e4f02-2728-4d94-a25f-5554bec3cdd7@group-B6AAD5FC39DC: ConfigurationManager, init=-1: [988e4f02-2728-4d94-a25f-5554bec3cdd7:192.168.30.10:32885], old=null, confs=<EMPTY_MAP>
2019-09-25 07:21:03,559 [pool-107-thread-1] INFO  server.RaftServerConfigKeys (ConfUtils.java:logGet(43)) - raft.server.storage.dir = [/workdir/hadoop-ozone/ozonefs/target/test-dir/MiniOzoneClusterImpl-48169ae4-fc36-4fd4-bc0e-7a80f7e832d4/datanode-8/data/ratis] (custom)
2019-09-25 07:21:03,560 [pool-107-thread-1] INFO  storage.RaftStorageDirectory (RaftStorageDirectory.java:analyzeStorage(246)) - The storage directory /workdir/hadoop-ozone/ozonefs/target/test-dir/MiniOzoneClusterImpl-48169ae4-fc36-4fd4-bc0e-7a80f7e832d4/datanode-8/data/ratis/2d866f38-9a76-4da7-a176-b6aad5fc39dc does not exist. Creating ...
2019-09-25 07:21:03,572 [pool-107-thread-1] INFO  storage.RaftStorageDirectory (RaftStorageDirectory.java:tryLock(328)) - Lock on /workdir/hadoop-ozone/ozonefs/target/test-dir/MiniOzoneClusterImpl-48169ae4-fc36-4fd4-bc0e-7a80f7e832d4/datanode-8/data/ratis/2d866f38-9a76-4da7-a176-b6aad5fc39dc/in_use.lock acquired by nodename 26726@pr-hdds-1569-s62bp-3040748787
2019-09-25 07:21:03,585 [pool-107-thread-1] INFO  storage.RaftStorage (RaftStorage.java:format(72)) - Storage directory /workdir/hadoop-ozone/ozonefs/target/test-dir/MiniOzoneClusterImpl-48169ae4-fc36-4fd4-bc0e-7a80f7e832d4/datanode-8/data/ratis/2d866f38-9a76-4da7-a176-b6aad5fc39dc has been successfully formatted.
2019-09-25 07:21:03,585 [pool-107-thread-1] INFO  ratis.ContainerStateMachine (ContainerStateMachine.java:loadSnapshot(230)) - group-B6AAD5FC39DC: The snapshot info is null. Setting the last applied indexto:(t:0, i:~)
2019-09-25 07:21:03,586 [pool-107-thread-1] INFO  server.RaftServerConfigKeys (ConfUtils.java:logGet(43)) - raft.server.notification.no-leader.timeout = 120s (custom)
2019-09-25 07:21:03,586 [pool-107-thread-1] INFO  server.RaftServerConfigKeys (ConfUtils.java:logGet(43)) - raft.server.log.use.memory = false (default)
2019-09-25 07:21:03,586 [pool-107-thread-1] INFO  server.RaftServerConfigKeys (ConfUtils.java:logGet(43)) - raft.server.log.purge.gap = 1000000 (custom)
2019-09-25 07:21:03,586 [pool-107-thread-1] INFO  server.RaftServerConfigKeys (ConfUtils.java:logGet(43)) - raft.server.log.appender.buffer.byte-limit = 33554432 (custom)
2019-09-25 07:21:03,586 [pool-107-thread-1] INFO  server.RaftServerConfigKeys (ConfUtils.java:logGet(43)) - raft.server.log.segment.size.max = 1048576 (custom)
2019-09-25 07:21:03,586 [pool-107-thread-1] INFO  server.RaftServerConfigKeys (ConfUtils.java:logGet(43)) - raft.server.log.segment.cache.num.max = 2 (custom)
2019-09-25 07:21:03,586 [pool-107-thread-1] INFO  segmented.SegmentedRaftLogWorker (SegmentedRaftLogWorker.java:<init>(172)) - new 988e4f02-2728-4d94-a25f-5554bec3cdd7@group-B6AAD5FC39DC-SegmentedRaftLogWorker for RaftStorage:Storage Directory /workdir/hadoop-ozone/ozonefs/target/test-dir/MiniOzoneClusterImpl-48169ae4-fc36-4fd4-bc0e-7a80f7e832d4/datanode-8/data/ratis/2d866f38-9a76-4da7-a176-b6aad5fc39dc
2019-09-25 07:21:03,587 [pool-107-thread-1] INFO  server.RaftServerConfigKeys (ConfUtils.java:logGet(43)) - raft.server.log.queue.byte-limit = 2147483647 (custom)
2019-09-25 07:21:03,587 [pool-107-thread-1] INFO  server.RaftServerConfigKeys (ConfUtils.java:logGet(43)) - raft.server.log.queue.element-limit = 1024 (custom)
2019-09-25 07:21:03,587 [pool-107-thread-1] INFO  server.RaftServerConfigKeys (ConfUtils.java:logGet(43)) - raft.server.log.segment.size.max = 1048576 (custom)
2019-09-25 07:21:03,587 [pool-107-thread-1] INFO  server.RaftServerConfigKeys (ConfUtils.java:logGet(43)) - raft.server.log.preallocated.size = 16384 (custom)
2019-09-25 07:21:03,587 [pool-107-thread-1] INFO  server.RaftServerConfigKeys (ConfUtils.java:logGet(43)) - raft.server.log.write.buffer.size = 33554432 (custom)
2019-09-25 07:21:03,587 [pool-107-thread-1] INFO  server.RaftServerConfigKeys (ConfUtils.java:logGet(43)) - raft.server.log.force.sync.num = 128 (default)
2019-09-25 07:21:03,587 [pool-107-thread-1] INFO  server.RaftServerConfigKeys (ConfUtils.java:logGet(43)) - raft.server.log.statemachine.data.sync = true (default)
2019-09-25 07:21:03,587 [pool-107-thread-1] INFO  server.RaftServerConfigKeys (ConfUtils.java:logGet(43)) - raft.server.log.statemachine.data.sync.timeout = 10s (default)
2019-09-25 07:21:03,588 [pool-107-thread-1] INFO  server.RaftServerConfigKeys (ConfUtils.java:logGet(43)) - raft.server.log.statemachine.data.sync.timeout.retry = -1 (default)
2019-09-25 07:21:03,588 [pool-107-thread-1] INFO  server.RaftServerConfigKeys (ConfUtils.java:logGet(43)) - raft.server.log.statemachine.data.caching.enabled = true (custom)
2019-09-25 07:21:03,588 [pool-107-thread-1] INFO  segmented.SegmentedRaftLogWorker (SegmentedRaftLogWorker.java:lambda$new$0(132)) - 988e4f02-2728-4d94-a25f-5554bec3cdd7@group-B6AAD5FC39DC-SegmentedRaftLogWorker: flushIndex: setUnconditionally 0 -> -1
2019-09-25 07:21:03,588 [pool-107-thread-1] INFO  server.RaftServerConfigKeys (ConfUtils.java:logGet(43)) - raft.server.snapshot.auto.trigger.enabled = true (custom)
2019-09-25 07:21:03,588 [pool-107-thread-1] INFO  server.RaftServerConfigKeys (ConfUtils.java:logGet(43)) - raft.server.snapshot.auto.trigger.threshold = 10000 (custom)
2019-09-25 07:21:03,589 [pool-107-thread-1] INFO  server.RaftServerConfigKeys (ConfUtils.java:logGet(43)) - raft.server.snapshot.retention.num.files = 5 (custom)
2019-09-25 07:21:03,589 [pool-107-thread-1] INFO  server.RaftServerConfigKeys (ConfUtils.java:logGet(43)) - raft.server.retrycache.expirytime = 600000ms (custom)
2019-09-25 07:21:03,591 [pool-107-thread-1] INFO  impl.RaftServerImpl (RaftServerImpl.java:start(185)) - 988e4f02-2728-4d94-a25f-5554bec3cdd7@group-B6AAD5FC39DC: start as a follower, conf=-1: [988e4f02-2728-4d94-a25f-5554bec3cdd7:192.168.30.10:32885], old=null
2019-09-25 07:21:03,591 [pool-107-thread-1] INFO  impl.RaftServerImpl (RaftServerImpl.java:setRole(174)) - 988e4f02-2728-4d94-a25f-5554bec3cdd7@group-B6AAD5FC39DC: changes role from      null to FOLLOWER at term 0 for startAsFollower
2019-09-25 07:21:03,591 [pool-107-thread-1] INFO  impl.RoleInfo (RoleInfo.java:updateAndGet(143)) - 988e4f02-2728-4d94-a25f-5554bec3cdd7: start FollowerState
2019-09-25 07:21:03,591 [pool-107-thread-1] INFO  util.JmxRegister (JmxRegister.java:tryRegister(44)) - Successfully registered JMX Bean with object name Ratis:service=RaftServer,group=group-B6AAD5FC39DC,id=988e4f02-2728-4d94-a25f-5554bec3cdd7
2019-09-25 07:21:03,594 [RatisPipelineUtilsThread] INFO  pipeline.PipelineStateManager (PipelineStateManager.java:addPipeline(56)) - Created pipeline Pipeline[ Id: 2d866f38-9a76-4da7-a176-b6aad5fc39dc, Nodes: 988e4f02-2728-4d94-a25f-5554bec3cdd7{ip: 192.168.30.10, host: pr-hdds-1569-s62bp-3040748787, networkLocation: /default-rack, certSerialId: null}, Type:RATIS, Factor:ONE, State:OPEN]
2019-09-25 07:21:03,595 [RatisPipelineUtilsThread] INFO  pipeline.PipelinePlacementPolicy (PipelinePlacementPolicy.java:meetCriteria(91)) - Pipeline Placement: Doesn't meet the criteria to be viable node： 6bc56785-b354-47d6-aaaa-aea62bb8d052 Heaviness: 6 limit: 5
2019-09-25 07:21:03,595 [RatisPipelineUtilsThread] INFO  pipeline.PipelinePlacementPolicy (PipelinePlacementPolicy.java:meetCriteria(91)) - Pipeline Placement: Doesn't meet the criteria to be viable node： 3176e44e-2b1b-466b-9a7b-9faa8a8c6db1 Heaviness: 6 limit: 5
2019-09-25 07:21:03,601 [grpc-default-executor-1] INFO  impl.RaftServerProxy (RaftServerProxy.java:addNew(89)) - 790994da-c556-4bb6-9860-e4bcd35fb518: addNew group-D3E4F26F1BA5:[790994da-c556-4bb6-9860-e4bcd35fb518:192.168.30.10:42560] returns group-D3E4F26F1BA5:java.util.concurrent.CompletableFuture@4a263ffd[Not completed]
2019-09-25 07:21:03,602 [pool-57-thread-1] INFO  impl.RaftServerImpl (RaftServerImpl.java:<init>(95)) - 790994da-c556-4bb6-9860-e4bcd35fb518: new RaftServerImpl for group-D3E4F26F1BA5:[790994da-c556-4bb6-9860-e4bcd35fb518:192.168.30.10:42560] with ContainerStateMachine:uninitialized
2019-09-25 07:21:03,602 [pool-57-thread-1] INFO  server.RaftServerConfigKeys (ConfUtils.java:logGet(43)) - raft.server.rpc.timeout.min = 5s (custom)
2019-09-25 07:21:03,603 [pool-57-thread-1] INFO  server.RaftServerConfigKeys (ConfUtils.java:logGet(43)) - raft.server.rpc.timeout.max = 5200ms (custom)
2019-09-25 07:21:03,603 [pool-57-thread-1] INFO  server.RaftServerConfigKeys (ConfUtils.java:logGet(43)) - raft.server.rpcslowness.timeout = 120s (custom)
2019-09-25 07:21:03,603 [pool-57-thread-1] INFO  server.RaftServerConfigKeys (ConfUtils.java:logGet(43)) - raft.server.sleep.deviation.threshold = 300 (default)
2019-09-25 07:21:03,603 [pool-57-thread-1] INFO  server.RaftServerConfigKeys (ConfUtils.java:logGet(43)) - raft.server.log.appender.install.snapshot.enabled = false (custom)
2019-09-25 07:21:03,603 [pool-57-thread-1] INFO  impl.RaftServerImpl (ServerState.java:<init>(103)) - 790994da-c556-4bb6-9860-e4bcd35fb518@group-D3E4F26F1BA5: ConfigurationManager, init=-1: [790994da-c556-4bb6-9860-e4bcd35fb518:192.168.30.10:42560], old=null, confs=<EMPTY_MAP>
2019-09-25 07:21:03,604 [pool-57-thread-1] INFO  server.RaftServerConfigKeys (ConfUtils.java:logGet(43)) - raft.server.storage.dir = [/workdir/hadoop-ozone/ozonefs/target/test-dir/MiniOzoneClusterImpl-48169ae4-fc36-4fd4-bc0e-7a80f7e832d4/datanode-3/data/ratis] (custom)
2019-09-25 07:21:03,604 [pool-57-thread-1] INFO  storage.RaftStorageDirectory (RaftStorageDirectory.java:analyzeStorage(246)) - The storage directory /workdir/hadoop-ozone/ozonefs/target/test-dir/MiniOzoneClusterImpl-48169ae4-fc36-4fd4-bc0e-7a80f7e832d4/datanode-3/data/ratis/f5ca92ba-5059-4420-8a44-d3e4f26f1ba5 does not exist. Creating ...
2019-09-25 07:21:03,617 [pool-57-thread-1] INFO  storage.RaftStorageDirectory (RaftStorageDirectory.java:tryLock(328)) - Lock on /workdir/hadoop-ozone/ozonefs/target/test-dir/MiniOzoneClusterImpl-48169ae4-fc36-4fd4-bc0e-7a80f7e832d4/datanode-3/data/ratis/f5ca92ba-5059-4420-8a44-d3e4f26f1ba5/in_use.lock acquired by nodename 26726@pr-hdds-1569-s62bp-3040748787
2019-09-25 07:21:03,645 [pool-57-thread-1] INFO  storage.RaftStorage (RaftStorage.java:format(72)) - Storage directory /workdir/hadoop-ozone/ozonefs/target/test-dir/MiniOzoneClusterImpl-48169ae4-fc36-4fd4-bc0e-7a80f7e832d4/datanode-3/data/ratis/f5ca92ba-5059-4420-8a44-d3e4f26f1ba5 has been successfully formatted.
2019-09-25 07:21:03,645 [pool-57-thread-1] INFO  ratis.ContainerStateMachine (ContainerStateMachine.java:loadSnapshot(230)) - group-D3E4F26F1BA5: The snapshot info is null. Setting the last applied indexto:(t:0, i:~)
2019-09-25 07:21:03,645 [pool-57-thread-1] INFO  server.RaftServerConfigKeys (ConfUtils.java:logGet(43)) - raft.server.notification.no-leader.timeout = 120s (custom)
2019-09-25 07:21:03,645 [pool-57-thread-1] INFO  server.RaftServerConfigKeys (ConfUtils.java:logGet(43)) - raft.server.log.use.memory = false (default)
2019-09-25 07:21:03,646 [pool-57-thread-1] INFO  server.RaftServerConfigKeys (ConfUtils.java:logGet(43)) - raft.server.log.purge.gap = 1000000 (custom)
2019-09-25 07:21:03,646 [pool-57-thread-1] INFO  server.RaftServerConfigKeys (ConfUtils.java:logGet(43)) - raft.server.log.appender.buffer.byte-limit = 33554432 (custom)
2019-09-25 07:21:03,646 [pool-57-thread-1] INFO  server.RaftServerConfigKeys (ConfUtils.java:logGet(43)) - raft.server.log.segment.size.max = 1048576 (custom)
2019-09-25 07:21:03,646 [pool-57-thread-1] INFO  server.RaftServerConfigKeys (ConfUtils.java:logGet(43)) - raft.server.log.segment.cache.num.max = 2 (custom)
2019-09-25 07:21:03,646 [pool-57-thread-1] INFO  segmented.SegmentedRaftLogWorker (SegmentedRaftLogWorker.java:<init>(172)) - new 790994da-c556-4bb6-9860-e4bcd35fb518@group-D3E4F26F1BA5-SegmentedRaftLogWorker for RaftStorage:Storage Directory /workdir/hadoop-ozone/ozonefs/target/test-dir/MiniOzoneClusterImpl-48169ae4-fc36-4fd4-bc0e-7a80f7e832d4/datanode-3/data/ratis/f5ca92ba-5059-4420-8a44-d3e4f26f1ba5
2019-09-25 07:21:03,646 [pool-57-thread-1] INFO  server.RaftServerConfigKeys (ConfUtils.java:logGet(43)) - raft.server.log.queue.byte-limit = 2147483647 (custom)
2019-09-25 07:21:03,646 [pool-57-thread-1] INFO  server.RaftServerConfigKeys (ConfUtils.java:logGet(43)) - raft.server.log.queue.element-limit = 1024 (custom)
2019-09-25 07:21:03,647 [pool-57-thread-1] INFO  server.RaftServerConfigKeys (ConfUtils.java:logGet(43)) - raft.server.log.segment.size.max = 1048576 (custom)
2019-09-25 07:21:03,647 [pool-57-thread-1] INFO  server.RaftServerConfigKeys (ConfUtils.java:logGet(43)) - raft.server.log.preallocated.size = 16384 (custom)
2019-09-25 07:21:03,647 [pool-57-thread-1] INFO  server.RaftServerConfigKeys (ConfUtils.java:logGet(43)) - raft.server.log.write.buffer.size = 33554432 (custom)
2019-09-25 07:21:03,647 [pool-57-thread-1] INFO  server.RaftServerConfigKeys (ConfUtils.java:logGet(43)) - raft.server.log.force.sync.num = 128 (default)
2019-09-25 07:21:03,647 [pool-57-thread-1] INFO  server.RaftServerConfigKeys (ConfUtils.java:logGet(43)) - raft.server.log.statemachine.data.sync = true (default)
2019-09-25 07:21:03,647 [pool-57-thread-1] INFO  server.RaftServerConfigKeys (ConfUtils.java:logGet(43)) - raft.server.log.statemachine.data.sync.timeout = 10s (default)
2019-09-25 07:21:03,648 [pool-57-thread-1] INFO  server.RaftServerConfigKeys (ConfUtils.java:logGet(43)) - raft.server.log.statemachine.data.sync.timeout.retry = -1 (default)
2019-09-25 07:21:03,648 [pool-57-thread-1] INFO  server.RaftServerConfigKeys (ConfUtils.java:logGet(43)) - raft.server.log.statemachine.data.caching.enabled = true (custom)
2019-09-25 07:21:03,648 [pool-57-thread-1] INFO  segmented.SegmentedRaftLogWorker (SegmentedRaftLogWorker.java:lambda$new$0(132)) - 790994da-c556-4bb6-9860-e4bcd35fb518@group-D3E4F26F1BA5-SegmentedRaftLogWorker: flushIndex: setUnconditionally 0 -> -1
2019-09-25 07:21:03,648 [pool-57-thread-1] INFO  server.RaftServerConfigKeys (ConfUtils.java:logGet(43)) - raft.server.snapshot.auto.trigger.enabled = true (custom)
2019-09-25 07:21:03,649 [pool-57-thread-1] INFO  server.RaftServerConfigKeys (ConfUtils.java:logGet(43)) - raft.server.snapshot.auto.trigger.threshold = 10000 (custom)
2019-09-25 07:21:03,649 [pool-57-thread-1] INFO  server.RaftServerConfigKeys (ConfUtils.java:logGet(43)) - raft.server.snapshot.retention.num.files = 5 (custom)
2019-09-25 07:21:03,649 [pool-57-thread-1] INFO  server.RaftServerConfigKeys (ConfUtils.java:logGet(43)) - raft.server.retrycache.expirytime = 600000ms (custom)
2019-09-25 07:21:03,652 [pool-57-thread-1] INFO  impl.RaftServerImpl (RaftServerImpl.java:start(185)) - 790994da-c556-4bb6-9860-e4bcd35fb518@group-D3E4F26F1BA5: start as a follower, conf=-1: [790994da-c556-4bb6-9860-e4bcd35fb518:192.168.30.10:42560], old=null
2019-09-25 07:21:03,652 [pool-57-thread-1] INFO  impl.RaftServerImpl (RaftServerImpl.java:setRole(174)) - 790994da-c556-4bb6-9860-e4bcd35fb518@group-D3E4F26F1BA5: changes role from      null to FOLLOWER at term 0 for startAsFollower
2019-09-25 07:21:03,652 [pool-57-thread-1] INFO  impl.RoleInfo (RoleInfo.java:updateAndGet(143)) - 790994da-c556-4bb6-9860-e4bcd35fb518: start FollowerState
2019-09-25 07:21:03,653 [pool-57-thread-1] INFO  util.JmxRegister (JmxRegister.java:tryRegister(44)) - Successfully registered JMX Bean with object name Ratis:service=RaftServer,group=group-D3E4F26F1BA5,id=790994da-c556-4bb6-9860-e4bcd35fb518
2019-09-25 07:21:03,656 [RatisPipelineUtilsThread] INFO  pipeline.PipelineStateManager (PipelineStateManager.java:addPipeline(56)) - Created pipeline Pipeline[ Id: f5ca92ba-5059-4420-8a44-d3e4f26f1ba5, Nodes: 790994da-c556-4bb6-9860-e4bcd35fb518{ip: 192.168.30.10, host: pr-hdds-1569-s62bp-3040748787, networkLocation: /default-rack, certSerialId: null}, Type:RATIS, Factor:ONE, State:OPEN]
2019-09-25 07:21:03,656 [RatisPipelineUtilsThread] INFO  pipeline.PipelinePlacementPolicy (PipelinePlacementPolicy.java:meetCriteria(91)) - Pipeline Placement: Doesn't meet the criteria to be viable node： 6bc56785-b354-47d6-aaaa-aea62bb8d052 Heaviness: 6 limit: 5
2019-09-25 07:21:03,657 [RatisPipelineUtilsThread] INFO  pipeline.PipelinePlacementPolicy (PipelinePlacementPolicy.java:meetCriteria(91)) - Pipeline Placement: Doesn't meet the criteria to be viable node： 3176e44e-2b1b-466b-9a7b-9faa8a8c6db1 Heaviness: 6 limit: 5
2019-09-25 07:21:03,663 [grpc-default-executor-1] INFO  impl.RaftServerProxy (RaftServerProxy.java:addNew(89)) - 46f08633-29b5-4547-ba27-3aefda386aa8: addNew group-4854031FBEFE:[46f08633-29b5-4547-ba27-3aefda386aa8:192.168.30.10:40516] returns group-4854031FBEFE:java.util.concurrent.CompletableFuture@1412b73b[Not completed]
2019-09-25 07:21:03,664 [pool-47-thread-1] INFO  impl.RaftServerImpl (RaftServerImpl.java:<init>(95)) - 46f08633-29b5-4547-ba27-3aefda386aa8: new RaftServerImpl for group-4854031FBEFE:[46f08633-29b5-4547-ba27-3aefda386aa8:192.168.30.10:40516] with ContainerStateMachine:uninitialized
2019-09-25 07:21:03,664 [pool-47-thread-1] INFO  server.RaftServerConfigKeys (ConfUtils.java:logGet(43)) - raft.server.rpc.timeout.min = 5s (custom)
2019-09-25 07:21:03,664 [pool-47-thread-1] INFO  server.RaftServerConfigKeys (ConfUtils.java:logGet(43)) - raft.server.rpc.timeout.max = 5200ms (custom)
2019-09-25 07:21:03,664 [pool-47-thread-1] INFO  server.RaftServerConfigKeys (ConfUtils.java:logGet(43)) - raft.server.rpcslowness.timeout = 120s (custom)
2019-09-25 07:21:03,665 [pool-47-thread-1] INFO  server.RaftServerConfigKeys (ConfUtils.java:logGet(43)) - raft.server.sleep.deviation.threshold = 300 (default)
2019-09-25 07:21:03,665 [pool-47-thread-1] INFO  server.RaftServerConfigKeys (ConfUtils.java:logGet(43)) - raft.server.log.appender.install.snapshot.enabled = false (custom)
2019-09-25 07:21:03,665 [pool-47-thread-1] INFO  impl.RaftServerImpl (ServerState.java:<init>(103)) - 46f08633-29b5-4547-ba27-3aefda386aa8@group-4854031FBEFE: ConfigurationManager, init=-1: [46f08633-29b5-4547-ba27-3aefda386aa8:192.168.30.10:40516], old=null, confs=<EMPTY_MAP>
2019-09-25 07:21:03,665 [pool-47-thread-1] INFO  server.RaftServerConfigKeys (ConfUtils.java:logGet(43)) - raft.server.storage.dir = [/workdir/hadoop-ozone/ozonefs/target/test-dir/MiniOzoneClusterImpl-48169ae4-fc36-4fd4-bc0e-7a80f7e832d4/datanode-2/data/ratis] (custom)
2019-09-25 07:21:03,665 [pool-47-thread-1] INFO  storage.RaftStorageDirectory (RaftStorageDirectory.java:analyzeStorage(246)) - The storage directory /workdir/hadoop-ozone/ozonefs/target/test-dir/MiniOzoneClusterImpl-48169ae4-fc36-4fd4-bc0e-7a80f7e832d4/datanode-2/data/ratis/cc9cc859-e24d-4a0c-952d-4854031fbefe does not exist. Creating ...
2019-09-25 07:21:03,679 [pool-47-thread-1] INFO  storage.RaftStorageDirectory (RaftStorageDirectory.java:tryLock(328)) - Lock on /workdir/hadoop-ozone/ozonefs/target/test-dir/MiniOzoneClusterImpl-48169ae4-fc36-4fd4-bc0e-7a80f7e832d4/datanode-2/data/ratis/cc9cc859-e24d-4a0c-952d-4854031fbefe/in_use.lock acquired by nodename 26726@pr-hdds-1569-s62bp-3040748787
2019-09-25 07:21:03,693 [pool-47-thread-1] INFO  storage.RaftStorage (RaftStorage.java:format(72)) - Storage directory /workdir/hadoop-ozone/ozonefs/target/test-dir/MiniOzoneClusterImpl-48169ae4-fc36-4fd4-bc0e-7a80f7e832d4/datanode-2/data/ratis/cc9cc859-e24d-4a0c-952d-4854031fbefe has been successfully formatted.
2019-09-25 07:21:03,693 [pool-47-thread-1] INFO  ratis.ContainerStateMachine (ContainerStateMachine.java:loadSnapshot(230)) - group-4854031FBEFE: The snapshot info is null. Setting the last applied indexto:(t:0, i:~)
2019-09-25 07:21:03,693 [pool-47-thread-1] INFO  server.RaftServerConfigKeys (ConfUtils.java:logGet(43)) - raft.server.notification.no-leader.timeout = 120s (custom)
2019-09-25 07:21:03,693 [pool-47-thread-1] INFO  server.RaftServerConfigKeys (ConfUtils.java:logGet(43)) - raft.server.log.use.memory = false (default)
2019-09-25 07:21:03,693 [pool-47-thread-1] INFO  server.RaftServerConfigKeys (ConfUtils.java:logGet(43)) - raft.server.log.purge.gap = 1000000 (custom)
2019-09-25 07:21:03,694 [pool-47-thread-1] INFO  server.RaftServerConfigKeys (ConfUtils.java:logGet(43)) - raft.server.log.appender.buffer.byte-limit = 33554432 (custom)
2019-09-25 07:21:03,694 [pool-47-thread-1] INFO  server.RaftServerConfigKeys (ConfUtils.java:logGet(43)) - raft.server.log.segment.size.max = 1048576 (custom)
2019-09-25 07:21:03,694 [pool-47-thread-1] INFO  server.RaftServerConfigKeys (ConfUtils.java:logGet(43)) - raft.server.log.segment.cache.num.max = 2 (custom)
2019-09-25 07:21:03,694 [pool-47-thread-1] INFO  segmented.SegmentedRaftLogWorker (SegmentedRaftLogWorker.java:<init>(172)) - new 46f08633-29b5-4547-ba27-3aefda386aa8@group-4854031FBEFE-SegmentedRaftLogWorker for RaftStorage:Storage Directory /workdir/hadoop-ozone/ozonefs/target/test-dir/MiniOzoneClusterImpl-48169ae4-fc36-4fd4-bc0e-7a80f7e832d4/datanode-2/data/ratis/cc9cc859-e24d-4a0c-952d-4854031fbefe
2019-09-25 07:21:03,694 [pool-47-thread-1] INFO  server.RaftServerConfigKeys (ConfUtils.java:logGet(43)) - raft.server.log.queue.byte-limit = 2147483647 (custom)
2019-09-25 07:21:03,694 [pool-47-thread-1] INFO  server.RaftServerConfigKeys (ConfUtils.java:logGet(43)) - raft.server.log.queue.element-limit = 1024 (custom)
2019-09-25 07:21:03,694 [pool-47-thread-1] INFO  server.RaftServerConfigKeys (ConfUtils.java:logGet(43)) - raft.server.log.segment.size.max = 1048576 (custom)
2019-09-25 07:21:03,695 [pool-47-thread-1] INFO  server.RaftServerConfigKeys (ConfUtils.java:logGet(43)) - raft.server.log.preallocated.size = 16384 (custom)
2019-09-25 07:21:03,695 [pool-47-thread-1] INFO  server.RaftServerConfigKeys (ConfUtils.java:logGet(43)) - raft.server.log.write.buffer.size = 33554432 (custom)
2019-09-25 07:21:03,695 [pool-47-thread-1] INFO  server.RaftServerConfigKeys (ConfUtils.java:logGet(43)) - raft.server.log.force.sync.num = 128 (default)
2019-09-25 07:21:03,695 [pool-47-thread-1] INFO  server.RaftServerConfigKeys (ConfUtils.java:logGet(43)) - raft.server.log.statemachine.data.sync = true (default)
2019-09-25 07:21:03,695 [pool-47-thread-1] INFO  server.RaftServerConfigKeys (ConfUtils.java:logGet(43)) - raft.server.log.statemachine.data.sync.timeout = 10s (default)
2019-09-25 07:21:03,695 [pool-47-thread-1] INFO  server.RaftServerConfigKeys (ConfUtils.java:logGet(43)) - raft.server.log.statemachine.data.sync.timeout.retry = -1 (default)
2019-09-25 07:21:03,695 [pool-47-thread-1] INFO  server.RaftServerConfigKeys (ConfUtils.java:logGet(43)) - raft.server.log.statemachine.data.caching.enabled = true (custom)
2019-09-25 07:21:03,696 [pool-47-thread-1] INFO  segmented.SegmentedRaftLogWorker (SegmentedRaftLogWorker.java:lambda$new$0(132)) - 46f08633-29b5-4547-ba27-3aefda386aa8@group-4854031FBEFE-SegmentedRaftLogWorker: flushIndex: setUnconditionally 0 -> -1
2019-09-25 07:21:03,696 [pool-47-thread-1] INFO  server.RaftServerConfigKeys (ConfUtils.java:logGet(43)) - raft.server.snapshot.auto.trigger.enabled = true (custom)
2019-09-25 07:21:03,696 [pool-47-thread-1] INFO  server.RaftServerConfigKeys (ConfUtils.java:logGet(43)) - raft.server.snapshot.auto.trigger.threshold = 10000 (custom)
2019-09-25 07:21:03,696 [pool-47-thread-1] INFO  server.RaftServerConfigKeys (ConfUtils.java:logGet(43)) - raft.server.snapshot.retention.num.files = 5 (custom)
2019-09-25 07:21:03,697 [pool-47-thread-1] INFO  server.RaftServerConfigKeys (ConfUtils.java:logGet(43)) - raft.server.retrycache.expirytime = 600000ms (custom)
2019-09-25 07:21:03,699 [pool-47-thread-1] INFO  impl.RaftServerImpl (RaftServerImpl.java:start(185)) - 46f08633-29b5-4547-ba27-3aefda386aa8@group-4854031FBEFE: start as a follower, conf=-1: [46f08633-29b5-4547-ba27-3aefda386aa8:192.168.30.10:40516], old=null
2019-09-25 07:21:03,699 [pool-47-thread-1] INFO  impl.RaftServerImpl (RaftServerImpl.java:setRole(174)) - 46f08633-29b5-4547-ba27-3aefda386aa8@group-4854031FBEFE: changes role from      null to FOLLOWER at term 0 for startAsFollower
2019-09-25 07:21:03,699 [pool-47-thread-1] INFO  impl.RoleInfo (RoleInfo.java:updateAndGet(143)) - 46f08633-29b5-4547-ba27-3aefda386aa8: start FollowerState
2019-09-25 07:21:03,700 [pool-47-thread-1] INFO  util.JmxRegister (JmxRegister.java:tryRegister(44)) - Successfully registered JMX Bean with object name Ratis:service=RaftServer,group=group-4854031FBEFE,id=46f08633-29b5-4547-ba27-3aefda386aa8
2019-09-25 07:21:03,703 [RatisPipelineUtilsThread] INFO  pipeline.PipelineStateManager (PipelineStateManager.java:addPipeline(56)) - Created pipeline Pipeline[ Id: cc9cc859-e24d-4a0c-952d-4854031fbefe, Nodes: 46f08633-29b5-4547-ba27-3aefda386aa8{ip: 192.168.30.10, host: pr-hdds-1569-s62bp-3040748787, networkLocation: /default-rack, certSerialId: null}, Type:RATIS, Factor:ONE, State:OPEN]
2019-09-25 07:21:03,703 [RatisPipelineUtilsThread] INFO  pipeline.PipelinePlacementPolicy (PipelinePlacementPolicy.java:meetCriteria(91)) - Pipeline Placement: Doesn't meet the criteria to be viable node： 6bc56785-b354-47d6-aaaa-aea62bb8d052 Heaviness: 6 limit: 5
2019-09-25 07:21:03,703 [RatisPipelineUtilsThread] INFO  pipeline.PipelinePlacementPolicy (PipelinePlacementPolicy.java:meetCriteria(91)) - Pipeline Placement: Doesn't meet the criteria to be viable node： 3176e44e-2b1b-466b-9a7b-9faa8a8c6db1 Heaviness: 6 limit: 5
2019-09-25 07:21:03,703 [RatisPipelineUtilsThread] INFO  pipeline.PipelinePlacementPolicy (PipelinePlacementPolicy.java:meetCriteria(91)) - Pipeline Placement: Doesn't meet the criteria to be viable node： 46f08633-29b5-4547-ba27-3aefda386aa8 Heaviness: 6 limit: 5
2019-09-25 07:21:03,709 [grpc-default-executor-1] INFO  impl.RaftServerProxy (RaftServerProxy.java:addNew(89)) - b05de815-ed09-4765-b576-c9e1c2f65196: addNew group-88B7FFB0E360:[b05de815-ed09-4765-b576-c9e1c2f65196:192.168.30.10:36348] returns group-88B7FFB0E360:java.util.concurrent.CompletableFuture@c073472[Not completed]
2019-09-25 07:21:03,710 [pool-27-thread-1] INFO  impl.RaftServerImpl (RaftServerImpl.java:<init>(95)) - b05de815-ed09-4765-b576-c9e1c2f65196: new RaftServerImpl for group-88B7FFB0E360:[b05de815-ed09-4765-b576-c9e1c2f65196:192.168.30.10:36348] with ContainerStateMachine:uninitialized
2019-09-25 07:21:03,710 [pool-27-thread-1] INFO  server.RaftServerConfigKeys (ConfUtils.java:logGet(43)) - raft.server.rpc.timeout.min = 5s (custom)
2019-09-25 07:21:03,710 [pool-27-thread-1] INFO  server.RaftServerConfigKeys (ConfUtils.java:logGet(43)) - raft.server.rpc.timeout.max = 5200ms (custom)
2019-09-25 07:21:03,711 [pool-27-thread-1] INFO  server.RaftServerConfigKeys (ConfUtils.java:logGet(43)) - raft.server.rpcslowness.timeout = 120s (custom)
2019-09-25 07:21:03,711 [pool-27-thread-1] INFO  server.RaftServerConfigKeys (ConfUtils.java:logGet(43)) - raft.server.sleep.deviation.threshold = 300 (default)
2019-09-25 07:21:03,711 [pool-27-thread-1] INFO  server.RaftServerConfigKeys (ConfUtils.java:logGet(43)) - raft.server.log.appender.install.snapshot.enabled = false (custom)
2019-09-25 07:21:03,711 [pool-27-thread-1] INFO  impl.RaftServerImpl (ServerState.java:<init>(103)) - b05de815-ed09-4765-b576-c9e1c2f65196@group-88B7FFB0E360: ConfigurationManager, init=-1: [b05de815-ed09-4765-b576-c9e1c2f65196:192.168.30.10:36348], old=null, confs=<EMPTY_MAP>
2019-09-25 07:21:03,711 [pool-27-thread-1] INFO  server.RaftServerConfigKeys (ConfUtils.java:logGet(43)) - raft.server.storage.dir = [/workdir/hadoop-ozone/ozonefs/target/test-dir/MiniOzoneClusterImpl-48169ae4-fc36-4fd4-bc0e-7a80f7e832d4/datanode-0/data/ratis] (custom)
2019-09-25 07:21:03,711 [pool-27-thread-1] INFO  storage.RaftStorageDirectory (RaftStorageDirectory.java:analyzeStorage(246)) - The storage directory /workdir/hadoop-ozone/ozonefs/target/test-dir/MiniOzoneClusterImpl-48169ae4-fc36-4fd4-bc0e-7a80f7e832d4/datanode-0/data/ratis/fc5dfb3d-2b46-4ae4-9ac1-88b7ffb0e360 does not exist. Creating ...
2019-09-25 07:21:03,725 [pool-27-thread-1] INFO  storage.RaftStorageDirectory (RaftStorageDirectory.java:tryLock(328)) - Lock on /workdir/hadoop-ozone/ozonefs/target/test-dir/MiniOzoneClusterImpl-48169ae4-fc36-4fd4-bc0e-7a80f7e832d4/datanode-0/data/ratis/fc5dfb3d-2b46-4ae4-9ac1-88b7ffb0e360/in_use.lock acquired by nodename 26726@pr-hdds-1569-s62bp-3040748787
2019-09-25 07:21:03,737 [pool-27-thread-1] INFO  storage.RaftStorage (RaftStorage.java:format(72)) - Storage directory /workdir/hadoop-ozone/ozonefs/target/test-dir/MiniOzoneClusterImpl-48169ae4-fc36-4fd4-bc0e-7a80f7e832d4/datanode-0/data/ratis/fc5dfb3d-2b46-4ae4-9ac1-88b7ffb0e360 has been successfully formatted.
2019-09-25 07:21:03,737 [pool-27-thread-1] INFO  ratis.ContainerStateMachine (ContainerStateMachine.java:loadSnapshot(230)) - group-88B7FFB0E360: The snapshot info is null. Setting the last applied indexto:(t:0, i:~)
2019-09-25 07:21:03,737 [pool-27-thread-1] INFO  server.RaftServerConfigKeys (ConfUtils.java:logGet(43)) - raft.server.notification.no-leader.timeout = 120s (custom)
2019-09-25 07:21:03,737 [pool-27-thread-1] INFO  server.RaftServerConfigKeys (ConfUtils.java:logGet(43)) - raft.server.log.use.memory = false (default)
2019-09-25 07:21:03,738 [pool-27-thread-1] INFO  server.RaftServerConfigKeys (ConfUtils.java:logGet(43)) - raft.server.log.purge.gap = 1000000 (custom)
2019-09-25 07:21:03,738 [pool-27-thread-1] INFO  server.RaftServerConfigKeys (ConfUtils.java:logGet(43)) - raft.server.log.appender.buffer.byte-limit = 33554432 (custom)
2019-09-25 07:21:03,738 [pool-27-thread-1] INFO  server.RaftServerConfigKeys (ConfUtils.java:logGet(43)) - raft.server.log.segment.size.max = 1048576 (custom)
2019-09-25 07:21:03,738 [pool-27-thread-1] INFO  server.RaftServerConfigKeys (ConfUtils.java:logGet(43)) - raft.server.log.segment.cache.num.max = 2 (custom)
2019-09-25 07:21:03,738 [pool-27-thread-1] INFO  segmented.SegmentedRaftLogWorker (SegmentedRaftLogWorker.java:<init>(172)) - new b05de815-ed09-4765-b576-c9e1c2f65196@group-88B7FFB0E360-SegmentedRaftLogWorker for RaftStorage:Storage Directory /workdir/hadoop-ozone/ozonefs/target/test-dir/MiniOzoneClusterImpl-48169ae4-fc36-4fd4-bc0e-7a80f7e832d4/datanode-0/data/ratis/fc5dfb3d-2b46-4ae4-9ac1-88b7ffb0e360
2019-09-25 07:21:03,738 [pool-27-thread-1] INFO  server.RaftServerConfigKeys (ConfUtils.java:logGet(43)) - raft.server.log.queue.byte-limit = 2147483647 (custom)
2019-09-25 07:21:03,738 [pool-27-thread-1] INFO  server.RaftServerConfigKeys (ConfUtils.java:logGet(43)) - raft.server.log.queue.element-limit = 1024 (custom)
2019-09-25 07:21:03,738 [pool-27-thread-1] INFO  server.RaftServerConfigKeys (ConfUtils.java:logGet(43)) - raft.server.log.segment.size.max = 1048576 (custom)
2019-09-25 07:21:03,739 [pool-27-thread-1] INFO  server.RaftServerConfigKeys (ConfUtils.java:logGet(43)) - raft.server.log.preallocated.size = 16384 (custom)
2019-09-25 07:21:03,739 [pool-27-thread-1] INFO  server.RaftServerConfigKeys (ConfUtils.java:logGet(43)) - raft.server.log.write.buffer.size = 33554432 (custom)
2019-09-25 07:21:03,739 [pool-27-thread-1] INFO  server.RaftServerConfigKeys (ConfUtils.java:logGet(43)) - raft.server.log.force.sync.num = 128 (default)
2019-09-25 07:21:03,739 [pool-27-thread-1] INFO  server.RaftServerConfigKeys (ConfUtils.java:logGet(43)) - raft.server.log.statemachine.data.sync = true (default)
2019-09-25 07:21:03,739 [pool-27-thread-1] INFO  server.RaftServerConfigKeys (ConfUtils.java:logGet(43)) - raft.server.log.statemachine.data.sync.timeout = 10s (default)
2019-09-25 07:21:03,739 [pool-27-thread-1] INFO  server.RaftServerConfigKeys (ConfUtils.java:logGet(43)) - raft.server.log.statemachine.data.sync.timeout.retry = -1 (default)
2019-09-25 07:21:03,739 [pool-27-thread-1] INFO  server.RaftServerConfigKeys (ConfUtils.java:logGet(43)) - raft.server.log.statemachine.data.caching.enabled = true (custom)
2019-09-25 07:21:03,740 [pool-27-thread-1] INFO  segmented.SegmentedRaftLogWorker (SegmentedRaftLogWorker.java:lambda$new$0(132)) - b05de815-ed09-4765-b576-c9e1c2f65196@group-88B7FFB0E360-SegmentedRaftLogWorker: flushIndex: setUnconditionally 0 -> -1
2019-09-25 07:21:03,740 [pool-27-thread-1] INFO  server.RaftServerConfigKeys (ConfUtils.java:logGet(43)) - raft.server.snapshot.auto.trigger.enabled = true (custom)
2019-09-25 07:21:03,740 [pool-27-thread-1] INFO  server.RaftServerConfigKeys (ConfUtils.java:logGet(43)) - raft.server.snapshot.auto.trigger.threshold = 10000 (custom)
2019-09-25 07:21:03,740 [pool-27-thread-1] INFO  server.RaftServerConfigKeys (ConfUtils.java:logGet(43)) - raft.server.snapshot.retention.num.files = 5 (custom)
2019-09-25 07:21:03,740 [pool-27-thread-1] INFO  server.RaftServerConfigKeys (ConfUtils.java:logGet(43)) - raft.server.retrycache.expirytime = 600000ms (custom)
2019-09-25 07:21:03,743 [pool-27-thread-1] INFO  impl.RaftServerImpl (RaftServerImpl.java:start(185)) - b05de815-ed09-4765-b576-c9e1c2f65196@group-88B7FFB0E360: start as a follower, conf=-1: [b05de815-ed09-4765-b576-c9e1c2f65196:192.168.30.10:36348], old=null
2019-09-25 07:21:03,743 [pool-27-thread-1] INFO  impl.RaftServerImpl (RaftServerImpl.java:setRole(174)) - b05de815-ed09-4765-b576-c9e1c2f65196@group-88B7FFB0E360: changes role from      null to FOLLOWER at term 0 for startAsFollower
2019-09-25 07:21:03,743 [pool-27-thread-1] INFO  impl.RoleInfo (RoleInfo.java:updateAndGet(143)) - b05de815-ed09-4765-b576-c9e1c2f65196: start FollowerState
2019-09-25 07:21:03,743 [pool-27-thread-1] INFO  util.JmxRegister (JmxRegister.java:tryRegister(44)) - Successfully registered JMX Bean with object name Ratis:service=RaftServer,group=group-88B7FFB0E360,id=b05de815-ed09-4765-b576-c9e1c2f65196
2019-09-25 07:21:03,746 [RatisPipelineUtilsThread] INFO  pipeline.PipelineStateManager (PipelineStateManager.java:addPipeline(56)) - Created pipeline Pipeline[ Id: fc5dfb3d-2b46-4ae4-9ac1-88b7ffb0e360, Nodes: b05de815-ed09-4765-b576-c9e1c2f65196{ip: 192.168.30.10, host: pr-hdds-1569-s62bp-3040748787, networkLocation: /default-rack, certSerialId: null}, Type:RATIS, Factor:ONE, State:OPEN]
2019-09-25 07:21:03,746 [RatisPipelineUtilsThread] INFO  pipeline.PipelinePlacementPolicy (PipelinePlacementPolicy.java:meetCriteria(91)) - Pipeline Placement: Doesn't meet the criteria to be viable node： b05de815-ed09-4765-b576-c9e1c2f65196 Heaviness: 6 limit: 5
2019-09-25 07:21:03,746 [RatisPipelineUtilsThread] INFO  pipeline.PipelinePlacementPolicy (PipelinePlacementPolicy.java:meetCriteria(91)) - Pipeline Placement: Doesn't meet the criteria to be viable node： 6bc56785-b354-47d6-aaaa-aea62bb8d052 Heaviness: 6 limit: 5
2019-09-25 07:21:03,747 [RatisPipelineUtilsThread] INFO  pipeline.PipelinePlacementPolicy (PipelinePlacementPolicy.java:meetCriteria(91)) - Pipeline Placement: Doesn't meet the criteria to be viable node： 3176e44e-2b1b-466b-9a7b-9faa8a8c6db1 Heaviness: 6 limit: 5
2019-09-25 07:21:03,747 [RatisPipelineUtilsThread] INFO  pipeline.PipelinePlacementPolicy (PipelinePlacementPolicy.java:meetCriteria(91)) - Pipeline Placement: Doesn't meet the criteria to be viable node： 46f08633-29b5-4547-ba27-3aefda386aa8 Heaviness: 6 limit: 5
2019-09-25 07:21:03,752 [grpc-default-executor-1] INFO  impl.RaftServerProxy (RaftServerProxy.java:addNew(89)) - 3ed290a7-a21d-4e57-957f-efca320df8bc: addNew group-7E28273D69AA:[3ed290a7-a21d-4e57-957f-efca320df8bc:192.168.30.10:43596] returns group-7E28273D69AA:java.util.concurrent.CompletableFuture@45a70e3b[Not completed]
2019-09-25 07:21:03,753 [pool-97-thread-1] INFO  impl.RaftServerImpl (RaftServerImpl.java:<init>(95)) - 3ed290a7-a21d-4e57-957f-efca320df8bc: new RaftServerImpl for group-7E28273D69AA:[3ed290a7-a21d-4e57-957f-efca320df8bc:192.168.30.10:43596] with ContainerStateMachine:uninitialized
2019-09-25 07:21:03,753 [pool-97-thread-1] INFO  server.RaftServerConfigKeys (ConfUtils.java:logGet(43)) - raft.server.rpc.timeout.min = 5s (custom)
2019-09-25 07:21:03,753 [pool-97-thread-1] INFO  server.RaftServerConfigKeys (ConfUtils.java:logGet(43)) - raft.server.rpc.timeout.max = 5200ms (custom)
2019-09-25 07:21:03,753 [pool-97-thread-1] INFO  server.RaftServerConfigKeys (ConfUtils.java:logGet(43)) - raft.server.rpcslowness.timeout = 120s (custom)
2019-09-25 07:21:03,754 [pool-97-thread-1] INFO  server.RaftServerConfigKeys (ConfUtils.java:logGet(43)) - raft.server.sleep.deviation.threshold = 300 (default)
2019-09-25 07:21:03,754 [pool-97-thread-1] INFO  server.RaftServerConfigKeys (ConfUtils.java:logGet(43)) - raft.server.log.appender.install.snapshot.enabled = false (custom)
2019-09-25 07:21:03,754 [pool-97-thread-1] INFO  impl.RaftServerImpl (ServerState.java:<init>(103)) - 3ed290a7-a21d-4e57-957f-efca320df8bc@group-7E28273D69AA: ConfigurationManager, init=-1: [3ed290a7-a21d-4e57-957f-efca320df8bc:192.168.30.10:43596], old=null, confs=<EMPTY_MAP>
2019-09-25 07:21:03,754 [pool-97-thread-1] INFO  server.RaftServerConfigKeys (ConfUtils.java:logGet(43)) - raft.server.storage.dir = [/workdir/hadoop-ozone/ozonefs/target/test-dir/MiniOzoneClusterImpl-48169ae4-fc36-4fd4-bc0e-7a80f7e832d4/datanode-7/data/ratis] (custom)
2019-09-25 07:21:03,754 [pool-97-thread-1] INFO  storage.RaftStorageDirectory (RaftStorageDirectory.java:analyzeStorage(246)) - The storage directory /workdir/hadoop-ozone/ozonefs/target/test-dir/MiniOzoneClusterImpl-48169ae4-fc36-4fd4-bc0e-7a80f7e832d4/datanode-7/data/ratis/58321598-0580-4a4a-beeb-7e28273d69aa does not exist. Creating ...
2019-09-25 07:21:03,766 [pool-97-thread-1] INFO  storage.RaftStorageDirectory (RaftStorageDirectory.java:tryLock(328)) - Lock on /workdir/hadoop-ozone/ozonefs/target/test-dir/MiniOzoneClusterImpl-48169ae4-fc36-4fd4-bc0e-7a80f7e832d4/datanode-7/data/ratis/58321598-0580-4a4a-beeb-7e28273d69aa/in_use.lock acquired by nodename 26726@pr-hdds-1569-s62bp-3040748787
2019-09-25 07:21:03,779 [pool-97-thread-1] INFO  storage.RaftStorage (RaftStorage.java:format(72)) - Storage directory /workdir/hadoop-ozone/ozonefs/target/test-dir/MiniOzoneClusterImpl-48169ae4-fc36-4fd4-bc0e-7a80f7e832d4/datanode-7/data/ratis/58321598-0580-4a4a-beeb-7e28273d69aa has been successfully formatted.
2019-09-25 07:21:03,779 [pool-97-thread-1] INFO  ratis.ContainerStateMachine (ContainerStateMachine.java:loadSnapshot(230)) - group-7E28273D69AA: The snapshot info is null. Setting the last applied indexto:(t:0, i:~)
2019-09-25 07:21:03,779 [pool-97-thread-1] INFO  server.RaftServerConfigKeys (ConfUtils.java:logGet(43)) - raft.server.notification.no-leader.timeout = 120s (custom)
2019-09-25 07:21:03,779 [pool-97-thread-1] INFO  server.RaftServerConfigKeys (ConfUtils.java:logGet(43)) - raft.server.log.use.memory = false (default)
2019-09-25 07:21:03,779 [pool-97-thread-1] INFO  server.RaftServerConfigKeys (ConfUtils.java:logGet(43)) - raft.server.log.purge.gap = 1000000 (custom)
2019-09-25 07:21:03,779 [pool-97-thread-1] INFO  server.RaftServerConfigKeys (ConfUtils.java:logGet(43)) - raft.server.log.appender.buffer.byte-limit = 33554432 (custom)
2019-09-25 07:21:03,779 [pool-97-thread-1] INFO  server.RaftServerConfigKeys (ConfUtils.java:logGet(43)) - raft.server.log.segment.size.max = 1048576 (custom)
2019-09-25 07:21:03,780 [pool-97-thread-1] INFO  server.RaftServerConfigKeys (ConfUtils.java:logGet(43)) - raft.server.log.segment.cache.num.max = 2 (custom)
2019-09-25 07:21:03,780 [pool-97-thread-1] INFO  segmented.SegmentedRaftLogWorker (SegmentedRaftLogWorker.java:<init>(172)) - new 3ed290a7-a21d-4e57-957f-efca320df8bc@group-7E28273D69AA-SegmentedRaftLogWorker for RaftStorage:Storage Directory /workdir/hadoop-ozone/ozonefs/target/test-dir/MiniOzoneClusterImpl-48169ae4-fc36-4fd4-bc0e-7a80f7e832d4/datanode-7/data/ratis/58321598-0580-4a4a-beeb-7e28273d69aa
2019-09-25 07:21:03,780 [pool-97-thread-1] INFO  server.RaftServerConfigKeys (ConfUtils.java:logGet(43)) - raft.server.log.queue.byte-limit = 2147483647 (custom)
2019-09-25 07:21:03,780 [pool-97-thread-1] INFO  server.RaftServerConfigKeys (ConfUtils.java:logGet(43)) - raft.server.log.queue.element-limit = 1024 (custom)
2019-09-25 07:21:03,780 [pool-97-thread-1] INFO  server.RaftServerConfigKeys (ConfUtils.java:logGet(43)) - raft.server.log.segment.size.max = 1048576 (custom)
2019-09-25 07:21:03,780 [pool-97-thread-1] INFO  server.RaftServerConfigKeys (ConfUtils.java:logGet(43)) - raft.server.log.preallocated.size = 16384 (custom)
2019-09-25 07:21:03,780 [pool-97-thread-1] INFO  server.RaftServerConfigKeys (ConfUtils.java:logGet(43)) - raft.server.log.write.buffer.size = 33554432 (custom)
2019-09-25 07:21:03,780 [pool-97-thread-1] INFO  server.RaftServerConfigKeys (ConfUtils.java:logGet(43)) - raft.server.log.force.sync.num = 128 (default)
2019-09-25 07:21:03,780 [pool-97-thread-1] INFO  server.RaftServerConfigKeys (ConfUtils.java:logGet(43)) - raft.server.log.statemachine.data.sync = true (default)
2019-09-25 07:21:03,780 [pool-97-thread-1] INFO  server.RaftServerConfigKeys (ConfUtils.java:logGet(43)) - raft.server.log.statemachine.data.sync.timeout = 10s (default)
2019-09-25 07:21:03,781 [pool-97-thread-1] INFO  server.RaftServerConfigKeys (ConfUtils.java:logGet(43)) - raft.server.log.statemachine.data.sync.timeout.retry = -1 (default)
2019-09-25 07:21:03,781 [pool-97-thread-1] INFO  server.RaftServerConfigKeys (ConfUtils.java:logGet(43)) - raft.server.log.statemachine.data.caching.enabled = true (custom)
2019-09-25 07:21:03,781 [pool-97-thread-1] INFO  segmented.SegmentedRaftLogWorker (SegmentedRaftLogWorker.java:lambda$new$0(132)) - 3ed290a7-a21d-4e57-957f-efca320df8bc@group-7E28273D69AA-SegmentedRaftLogWorker: flushIndex: setUnconditionally 0 -> -1
2019-09-25 07:21:03,781 [pool-97-thread-1] INFO  server.RaftServerConfigKeys (ConfUtils.java:logGet(43)) - raft.server.snapshot.auto.trigger.enabled = true (custom)
2019-09-25 07:21:03,781 [pool-97-thread-1] INFO  server.RaftServerConfigKeys (ConfUtils.java:logGet(43)) - raft.server.snapshot.auto.trigger.threshold = 10000 (custom)
2019-09-25 07:21:03,781 [pool-97-thread-1] INFO  server.RaftServerConfigKeys (ConfUtils.java:logGet(43)) - raft.server.snapshot.retention.num.files = 5 (custom)
2019-09-25 07:21:03,781 [pool-97-thread-1] INFO  server.RaftServerConfigKeys (ConfUtils.java:logGet(43)) - raft.server.retrycache.expirytime = 600000ms (custom)
2019-09-25 07:21:03,783 [pool-97-thread-1] INFO  impl.RaftServerImpl (RaftServerImpl.java:start(185)) - 3ed290a7-a21d-4e57-957f-efca320df8bc@group-7E28273D69AA: start as a follower, conf=-1: [3ed290a7-a21d-4e57-957f-efca320df8bc:192.168.30.10:43596], old=null
2019-09-25 07:21:03,783 [pool-97-thread-1] INFO  impl.RaftServerImpl (RaftServerImpl.java:setRole(174)) - 3ed290a7-a21d-4e57-957f-efca320df8bc@group-7E28273D69AA: changes role from      null to FOLLOWER at term 0 for startAsFollower
2019-09-25 07:21:03,783 [pool-97-thread-1] INFO  impl.RoleInfo (RoleInfo.java:updateAndGet(143)) - 3ed290a7-a21d-4e57-957f-efca320df8bc: start FollowerState
2019-09-25 07:21:03,783 [pool-97-thread-1] INFO  util.JmxRegister (JmxRegister.java:tryRegister(44)) - Successfully registered JMX Bean with object name Ratis:service=RaftServer,group=group-7E28273D69AA,id=3ed290a7-a21d-4e57-957f-efca320df8bc
2019-09-25 07:21:03,786 [RatisPipelineUtilsThread] INFO  pipeline.PipelineStateManager (PipelineStateManager.java:addPipeline(56)) - Created pipeline Pipeline[ Id: 58321598-0580-4a4a-beeb-7e28273d69aa, Nodes: 3ed290a7-a21d-4e57-957f-efca320df8bc{ip: 192.168.30.10, host: pr-hdds-1569-s62bp-3040748787, networkLocation: /default-rack, certSerialId: null}, Type:RATIS, Factor:ONE, State:OPEN]
2019-09-25 07:21:03,786 [RatisPipelineUtilsThread] INFO  pipeline.PipelinePlacementPolicy (PipelinePlacementPolicy.java:meetCriteria(91)) - Pipeline Placement: Doesn't meet the criteria to be viable node： b05de815-ed09-4765-b576-c9e1c2f65196 Heaviness: 6 limit: 5
2019-09-25 07:21:03,786 [RatisPipelineUtilsThread] INFO  pipeline.PipelinePlacementPolicy (PipelinePlacementPolicy.java:meetCriteria(91)) - Pipeline Placement: Doesn't meet the criteria to be viable node： 6bc56785-b354-47d6-aaaa-aea62bb8d052 Heaviness: 6 limit: 5
2019-09-25 07:21:03,787 [RatisPipelineUtilsThread] INFO  pipeline.PipelinePlacementPolicy (PipelinePlacementPolicy.java:meetCriteria(91)) - Pipeline Placement: Doesn't meet the criteria to be viable node： 3176e44e-2b1b-466b-9a7b-9faa8a8c6db1 Heaviness: 6 limit: 5
2019-09-25 07:21:03,787 [RatisPipelineUtilsThread] INFO  pipeline.PipelinePlacementPolicy (PipelinePlacementPolicy.java:meetCriteria(91)) - Pipeline Placement: Doesn't meet the criteria to be viable node： 46f08633-29b5-4547-ba27-3aefda386aa8 Heaviness: 6 limit: 5
2019-09-25 07:21:03,792 [grpc-default-executor-1] INFO  impl.RaftServerProxy (RaftServerProxy.java:addNew(89)) - f5d629fd-ecfe-43ee-9421-b64933e3fd75: addNew group-52AF42B83BA9:[f5d629fd-ecfe-43ee-9421-b64933e3fd75:192.168.30.10:37985] returns group-52AF42B83BA9:java.util.concurrent.CompletableFuture@2e6851de[Not completed]
2019-09-25 07:21:03,794 [pool-37-thread-1] INFO  impl.RaftServerImpl (RaftServerImpl.java:<init>(95)) - f5d629fd-ecfe-43ee-9421-b64933e3fd75: new RaftServerImpl for group-52AF42B83BA9:[f5d629fd-ecfe-43ee-9421-b64933e3fd75:192.168.30.10:37985] with ContainerStateMachine:uninitialized
2019-09-25 07:21:03,794 [pool-37-thread-1] INFO  server.RaftServerConfigKeys (ConfUtils.java:logGet(43)) - raft.server.rpc.timeout.min = 5s (custom)
2019-09-25 07:21:03,794 [pool-37-thread-1] INFO  server.RaftServerConfigKeys (ConfUtils.java:logGet(43)) - raft.server.rpc.timeout.max = 5200ms (custom)
2019-09-25 07:21:03,794 [pool-37-thread-1] INFO  server.RaftServerConfigKeys (ConfUtils.java:logGet(43)) - raft.server.rpcslowness.timeout = 120s (custom)
2019-09-25 07:21:03,794 [pool-37-thread-1] INFO  server.RaftServerConfigKeys (ConfUtils.java:logGet(43)) - raft.server.sleep.deviation.threshold = 300 (default)
2019-09-25 07:21:03,794 [pool-37-thread-1] INFO  server.RaftServerConfigKeys (ConfUtils.java:logGet(43)) - raft.server.log.appender.install.snapshot.enabled = false (custom)
2019-09-25 07:21:03,795 [pool-37-thread-1] INFO  impl.RaftServerImpl (ServerState.java:<init>(103)) - f5d629fd-ecfe-43ee-9421-b64933e3fd75@group-52AF42B83BA9: ConfigurationManager, init=-1: [f5d629fd-ecfe-43ee-9421-b64933e3fd75:192.168.30.10:37985], old=null, confs=<EMPTY_MAP>
2019-09-25 07:21:03,795 [pool-37-thread-1] INFO  server.RaftServerConfigKeys (ConfUtils.java:logGet(43)) - raft.server.storage.dir = [/workdir/hadoop-ozone/ozonefs/target/test-dir/MiniOzoneClusterImpl-48169ae4-fc36-4fd4-bc0e-7a80f7e832d4/datanode-1/data/ratis] (custom)
2019-09-25 07:21:03,795 [pool-37-thread-1] INFO  storage.RaftStorageDirectory (RaftStorageDirectory.java:analyzeStorage(246)) - The storage directory /workdir/hadoop-ozone/ozonefs/target/test-dir/MiniOzoneClusterImpl-48169ae4-fc36-4fd4-bc0e-7a80f7e832d4/datanode-1/data/ratis/e6e728e4-aa87-49e0-bd74-52af42b83ba9 does not exist. Creating ...
2019-09-25 07:21:03,808 [pool-37-thread-1] INFO  storage.RaftStorageDirectory (RaftStorageDirectory.java:tryLock(328)) - Lock on /workdir/hadoop-ozone/ozonefs/target/test-dir/MiniOzoneClusterImpl-48169ae4-fc36-4fd4-bc0e-7a80f7e832d4/datanode-1/data/ratis/e6e728e4-aa87-49e0-bd74-52af42b83ba9/in_use.lock acquired by nodename 26726@pr-hdds-1569-s62bp-3040748787
2019-09-25 07:21:03,821 [pool-37-thread-1] INFO  storage.RaftStorage (RaftStorage.java:format(72)) - Storage directory /workdir/hadoop-ozone/ozonefs/target/test-dir/MiniOzoneClusterImpl-48169ae4-fc36-4fd4-bc0e-7a80f7e832d4/datanode-1/data/ratis/e6e728e4-aa87-49e0-bd74-52af42b83ba9 has been successfully formatted.
2019-09-25 07:21:03,821 [pool-37-thread-1] INFO  ratis.ContainerStateMachine (ContainerStateMachine.java:loadSnapshot(230)) - group-52AF42B83BA9: The snapshot info is null. Setting the last applied indexto:(t:0, i:~)
2019-09-25 07:21:03,821 [pool-37-thread-1] INFO  server.RaftServerConfigKeys (ConfUtils.java:logGet(43)) - raft.server.notification.no-leader.timeout = 120s (custom)
2019-09-25 07:21:03,821 [pool-37-thread-1] INFO  server.RaftServerConfigKeys (ConfUtils.java:logGet(43)) - raft.server.log.use.memory = false (default)
2019-09-25 07:21:03,822 [pool-37-thread-1] INFO  server.RaftServerConfigKeys (ConfUtils.java:logGet(43)) - raft.server.log.purge.gap = 1000000 (custom)
2019-09-25 07:21:03,822 [pool-37-thread-1] INFO  server.RaftServerConfigKeys (ConfUtils.java:logGet(43)) - raft.server.log.appender.buffer.byte-limit = 33554432 (custom)
2019-09-25 07:21:03,822 [pool-37-thread-1] INFO  server.RaftServerConfigKeys (ConfUtils.java:logGet(43)) - raft.server.log.segment.size.max = 1048576 (custom)
2019-09-25 07:21:03,822 [pool-37-thread-1] INFO  server.RaftServerConfigKeys (ConfUtils.java:logGet(43)) - raft.server.log.segment.cache.num.max = 2 (custom)
2019-09-25 07:21:03,822 [pool-37-thread-1] INFO  segmented.SegmentedRaftLogWorker (SegmentedRaftLogWorker.java:<init>(172)) - new f5d629fd-ecfe-43ee-9421-b64933e3fd75@group-52AF42B83BA9-SegmentedRaftLogWorker for RaftStorage:Storage Directory /workdir/hadoop-ozone/ozonefs/target/test-dir/MiniOzoneClusterImpl-48169ae4-fc36-4fd4-bc0e-7a80f7e832d4/datanode-1/data/ratis/e6e728e4-aa87-49e0-bd74-52af42b83ba9
2019-09-25 07:21:03,822 [pool-37-thread-1] INFO  server.RaftServerConfigKeys (ConfUtils.java:logGet(43)) - raft.server.log.queue.byte-limit = 2147483647 (custom)
2019-09-25 07:21:03,822 [pool-37-thread-1] INFO  server.RaftServerConfigKeys (ConfUtils.java:logGet(43)) - raft.server.log.queue.element-limit = 1024 (custom)
2019-09-25 07:21:03,822 [pool-37-thread-1] INFO  server.RaftServerConfigKeys (ConfUtils.java:logGet(43)) - raft.server.log.segment.size.max = 1048576 (custom)
2019-09-25 07:21:03,822 [pool-37-thread-1] INFO  server.RaftServerConfigKeys (ConfUtils.java:logGet(43)) - raft.server.log.preallocated.size = 16384 (custom)
2019-09-25 07:21:03,822 [pool-37-thread-1] INFO  server.RaftServerConfigKeys (ConfUtils.java:logGet(43)) - raft.server.log.write.buffer.size = 33554432 (custom)
2019-09-25 07:21:03,822 [pool-37-thread-1] INFO  server.RaftServerConfigKeys (ConfUtils.java:logGet(43)) - raft.server.log.force.sync.num = 128 (default)
2019-09-25 07:21:03,823 [pool-37-thread-1] INFO  server.RaftServerConfigKeys (ConfUtils.java:logGet(43)) - raft.server.log.statemachine.data.sync = true (default)
2019-09-25 07:21:03,823 [pool-37-thread-1] INFO  server.RaftServerConfigKeys (ConfUtils.java:logGet(43)) - raft.server.log.statemachine.data.sync.timeout = 10s (default)
2019-09-25 07:21:03,823 [pool-37-thread-1] INFO  server.RaftServerConfigKeys (ConfUtils.java:logGet(43)) - raft.server.log.statemachine.data.sync.timeout.retry = -1 (default)
2019-09-25 07:21:03,823 [pool-37-thread-1] INFO  server.RaftServerConfigKeys (ConfUtils.java:logGet(43)) - raft.server.log.statemachine.data.caching.enabled = true (custom)
2019-09-25 07:21:03,823 [pool-37-thread-1] INFO  segmented.SegmentedRaftLogWorker (SegmentedRaftLogWorker.java:lambda$new$0(132)) - f5d629fd-ecfe-43ee-9421-b64933e3fd75@group-52AF42B83BA9-SegmentedRaftLogWorker: flushIndex: setUnconditionally 0 -> -1
2019-09-25 07:21:03,823 [pool-37-thread-1] INFO  server.RaftServerConfigKeys (ConfUtils.java:logGet(43)) - raft.server.snapshot.auto.trigger.enabled = true (custom)
2019-09-25 07:21:03,823 [pool-37-thread-1] INFO  server.RaftServerConfigKeys (ConfUtils.java:logGet(43)) - raft.server.snapshot.auto.trigger.threshold = 10000 (custom)
2019-09-25 07:21:03,824 [pool-37-thread-1] INFO  server.RaftServerConfigKeys (ConfUtils.java:logGet(43)) - raft.server.snapshot.retention.num.files = 5 (custom)
2019-09-25 07:21:03,824 [pool-37-thread-1] INFO  server.RaftServerConfigKeys (ConfUtils.java:logGet(43)) - raft.server.retrycache.expirytime = 600000ms (custom)
2019-09-25 07:21:03,825 [pool-37-thread-1] INFO  impl.RaftServerImpl (RaftServerImpl.java:start(185)) - f5d629fd-ecfe-43ee-9421-b64933e3fd75@group-52AF42B83BA9: start as a follower, conf=-1: [f5d629fd-ecfe-43ee-9421-b64933e3fd75:192.168.30.10:37985], old=null
2019-09-25 07:21:03,825 [pool-37-thread-1] INFO  impl.RaftServerImpl (RaftServerImpl.java:setRole(174)) - f5d629fd-ecfe-43ee-9421-b64933e3fd75@group-52AF42B83BA9: changes role from      null to FOLLOWER at term 0 for startAsFollower
2019-09-25 07:21:03,826 [pool-37-thread-1] INFO  impl.RoleInfo (RoleInfo.java:updateAndGet(143)) - f5d629fd-ecfe-43ee-9421-b64933e3fd75: start FollowerState
2019-09-25 07:21:03,826 [pool-37-thread-1] INFO  util.JmxRegister (JmxRegister.java:tryRegister(44)) - Successfully registered JMX Bean with object name Ratis:service=RaftServer,group=group-52AF42B83BA9,id=f5d629fd-ecfe-43ee-9421-b64933e3fd75
2019-09-25 07:21:03,829 [RatisPipelineUtilsThread] INFO  pipeline.PipelineStateManager (PipelineStateManager.java:addPipeline(56)) - Created pipeline Pipeline[ Id: e6e728e4-aa87-49e0-bd74-52af42b83ba9, Nodes: f5d629fd-ecfe-43ee-9421-b64933e3fd75{ip: 192.168.30.10, host: pr-hdds-1569-s62bp-3040748787, networkLocation: /default-rack, certSerialId: null}, Type:RATIS, Factor:ONE, State:OPEN]
2019-09-25 07:21:03,829 [RatisPipelineUtilsThread] INFO  pipeline.PipelinePlacementPolicy (PipelinePlacementPolicy.java:meetCriteria(91)) - Pipeline Placement: Doesn't meet the criteria to be viable node： b05de815-ed09-4765-b576-c9e1c2f65196 Heaviness: 6 limit: 5
2019-09-25 07:21:03,829 [RatisPipelineUtilsThread] INFO  pipeline.PipelinePlacementPolicy (PipelinePlacementPolicy.java:meetCriteria(91)) - Pipeline Placement: Doesn't meet the criteria to be viable node： 6bc56785-b354-47d6-aaaa-aea62bb8d052 Heaviness: 6 limit: 5
2019-09-25 07:21:03,829 [RatisPipelineUtilsThread] INFO  pipeline.PipelinePlacementPolicy (PipelinePlacementPolicy.java:meetCriteria(91)) - Pipeline Placement: Doesn't meet the criteria to be viable node： 3176e44e-2b1b-466b-9a7b-9faa8a8c6db1 Heaviness: 6 limit: 5
2019-09-25 07:21:03,829 [RatisPipelineUtilsThread] INFO  pipeline.PipelinePlacementPolicy (PipelinePlacementPolicy.java:meetCriteria(91)) - Pipeline Placement: Doesn't meet the criteria to be viable node： 46f08633-29b5-4547-ba27-3aefda386aa8 Heaviness: 6 limit: 5
2019-09-25 07:21:03,835 [grpc-default-executor-1] INFO  impl.RaftServerProxy (RaftServerProxy.java:addNew(89)) - 8c621658-b0ee-4cf2-b145-27cf4e621fee: addNew group-ACE34E863572:[8c621658-b0ee-4cf2-b145-27cf4e621fee:192.168.30.10:39467] returns group-ACE34E863572:java.util.concurrent.CompletableFuture@79f3fca9[Not completed]
2019-09-25 07:21:03,836 [pool-67-thread-1] INFO  impl.RaftServerImpl (RaftServerImpl.java:<init>(95)) - 8c621658-b0ee-4cf2-b145-27cf4e621fee: new RaftServerImpl for group-ACE34E863572:[8c621658-b0ee-4cf2-b145-27cf4e621fee:192.168.30.10:39467] with ContainerStateMachine:uninitialized
2019-09-25 07:21:03,836 [pool-67-thread-1] INFO  server.RaftServerConfigKeys (ConfUtils.java:logGet(43)) - raft.server.rpc.timeout.min = 5s (custom)
2019-09-25 07:21:03,837 [pool-67-thread-1] INFO  server.RaftServerConfigKeys (ConfUtils.java:logGet(43)) - raft.server.rpc.timeout.max = 5200ms (custom)
2019-09-25 07:21:03,837 [pool-67-thread-1] INFO  server.RaftServerConfigKeys (ConfUtils.java:logGet(43)) - raft.server.rpcslowness.timeout = 120s (custom)
2019-09-25 07:21:03,837 [pool-67-thread-1] INFO  server.RaftServerConfigKeys (ConfUtils.java:logGet(43)) - raft.server.sleep.deviation.threshold = 300 (default)
2019-09-25 07:21:03,837 [pool-67-thread-1] INFO  server.RaftServerConfigKeys (ConfUtils.java:logGet(43)) - raft.server.log.appender.install.snapshot.enabled = false (custom)
2019-09-25 07:21:03,837 [pool-67-thread-1] INFO  impl.RaftServerImpl (ServerState.java:<init>(103)) - 8c621658-b0ee-4cf2-b145-27cf4e621fee@group-ACE34E863572: ConfigurationManager, init=-1: [8c621658-b0ee-4cf2-b145-27cf4e621fee:192.168.30.10:39467], old=null, confs=<EMPTY_MAP>
2019-09-25 07:21:03,837 [pool-67-thread-1] INFO  server.RaftServerConfigKeys (ConfUtils.java:logGet(43)) - raft.server.storage.dir = [/workdir/hadoop-ozone/ozonefs/target/test-dir/MiniOzoneClusterImpl-48169ae4-fc36-4fd4-bc0e-7a80f7e832d4/datanode-4/data/ratis] (custom)
2019-09-25 07:21:03,837 [pool-67-thread-1] INFO  storage.RaftStorageDirectory (RaftStorageDirectory.java:analyzeStorage(246)) - The storage directory /workdir/hadoop-ozone/ozonefs/target/test-dir/MiniOzoneClusterImpl-48169ae4-fc36-4fd4-bc0e-7a80f7e832d4/datanode-4/data/ratis/ef7f5a18-377b-4a2d-bc4c-ace34e863572 does not exist. Creating ...
2019-09-25 07:21:03,850 [pool-67-thread-1] INFO  storage.RaftStorageDirectory (RaftStorageDirectory.java:tryLock(328)) - Lock on /workdir/hadoop-ozone/ozonefs/target/test-dir/MiniOzoneClusterImpl-48169ae4-fc36-4fd4-bc0e-7a80f7e832d4/datanode-4/data/ratis/ef7f5a18-377b-4a2d-bc4c-ace34e863572/in_use.lock acquired by nodename 26726@pr-hdds-1569-s62bp-3040748787
2019-09-25 07:21:03,863 [pool-67-thread-1] INFO  storage.RaftStorage (RaftStorage.java:format(72)) - Storage directory /workdir/hadoop-ozone/ozonefs/target/test-dir/MiniOzoneClusterImpl-48169ae4-fc36-4fd4-bc0e-7a80f7e832d4/datanode-4/data/ratis/ef7f5a18-377b-4a2d-bc4c-ace34e863572 has been successfully formatted.
2019-09-25 07:21:03,863 [pool-67-thread-1] INFO  ratis.ContainerStateMachine (ContainerStateMachine.java:loadSnapshot(230)) - group-ACE34E863572: The snapshot info is null. Setting the last applied indexto:(t:0, i:~)
2019-09-25 07:21:03,863 [pool-67-thread-1] INFO  server.RaftServerConfigKeys (ConfUtils.java:logGet(43)) - raft.server.notification.no-leader.timeout = 120s (custom)
2019-09-25 07:21:03,864 [pool-67-thread-1] INFO  server.RaftServerConfigKeys (ConfUtils.java:logGet(43)) - raft.server.log.use.memory = false (default)
2019-09-25 07:21:03,864 [pool-67-thread-1] INFO  server.RaftServerConfigKeys (ConfUtils.java:logGet(43)) - raft.server.log.purge.gap = 1000000 (custom)
2019-09-25 07:21:03,864 [pool-67-thread-1] INFO  server.RaftServerConfigKeys (ConfUtils.java:logGet(43)) - raft.server.log.appender.buffer.byte-limit = 33554432 (custom)
2019-09-25 07:21:03,864 [pool-67-thread-1] INFO  server.RaftServerConfigKeys (ConfUtils.java:logGet(43)) - raft.server.log.segment.size.max = 1048576 (custom)
2019-09-25 07:21:03,864 [pool-67-thread-1] INFO  server.RaftServerConfigKeys (ConfUtils.java:logGet(43)) - raft.server.log.segment.cache.num.max = 2 (custom)
2019-09-25 07:21:03,864 [pool-67-thread-1] INFO  segmented.SegmentedRaftLogWorker (SegmentedRaftLogWorker.java:<init>(172)) - new 8c621658-b0ee-4cf2-b145-27cf4e621fee@group-ACE34E863572-SegmentedRaftLogWorker for RaftStorage:Storage Directory /workdir/hadoop-ozone/ozonefs/target/test-dir/MiniOzoneClusterImpl-48169ae4-fc36-4fd4-bc0e-7a80f7e832d4/datanode-4/data/ratis/ef7f5a18-377b-4a2d-bc4c-ace34e863572
2019-09-25 07:21:03,864 [pool-67-thread-1] INFO  server.RaftServerConfigKeys (ConfUtils.java:logGet(43)) - raft.server.log.queue.byte-limit = 2147483647 (custom)
2019-09-25 07:21:03,864 [pool-67-thread-1] INFO  server.RaftServerConfigKeys (ConfUtils.java:logGet(43)) - raft.server.log.queue.element-limit = 1024 (custom)
2019-09-25 07:21:03,864 [pool-67-thread-1] INFO  server.RaftServerConfigKeys (ConfUtils.java:logGet(43)) - raft.server.log.segment.size.max = 1048576 (custom)
2019-09-25 07:21:03,864 [pool-67-thread-1] INFO  server.RaftServerConfigKeys (ConfUtils.java:logGet(43)) - raft.server.log.preallocated.size = 16384 (custom)
2019-09-25 07:21:03,864 [pool-67-thread-1] INFO  server.RaftServerConfigKeys (ConfUtils.java:logGet(43)) - raft.server.log.write.buffer.size = 33554432 (custom)
2019-09-25 07:21:03,865 [pool-67-thread-1] INFO  server.RaftServerConfigKeys (ConfUtils.java:logGet(43)) - raft.server.log.force.sync.num = 128 (default)
2019-09-25 07:21:03,865 [pool-67-thread-1] INFO  server.RaftServerConfigKeys (ConfUtils.java:logGet(43)) - raft.server.log.statemachine.data.sync = true (default)
2019-09-25 07:21:03,865 [pool-67-thread-1] INFO  server.RaftServerConfigKeys (ConfUtils.java:logGet(43)) - raft.server.log.statemachine.data.sync.timeout = 10s (default)
2019-09-25 07:21:03,865 [pool-67-thread-1] INFO  server.RaftServerConfigKeys (ConfUtils.java:logGet(43)) - raft.server.log.statemachine.data.sync.timeout.retry = -1 (default)
2019-09-25 07:21:03,865 [pool-67-thread-1] INFO  server.RaftServerConfigKeys (ConfUtils.java:logGet(43)) - raft.server.log.statemachine.data.caching.enabled = true (custom)
2019-09-25 07:21:03,865 [pool-67-thread-1] INFO  segmented.SegmentedRaftLogWorker (SegmentedRaftLogWorker.java:lambda$new$0(132)) - 8c621658-b0ee-4cf2-b145-27cf4e621fee@group-ACE34E863572-SegmentedRaftLogWorker: flushIndex: setUnconditionally 0 -> -1
2019-09-25 07:21:03,865 [pool-67-thread-1] INFO  server.RaftServerConfigKeys (ConfUtils.java:logGet(43)) - raft.server.snapshot.auto.trigger.enabled = true (custom)
2019-09-25 07:21:03,866 [pool-67-thread-1] INFO  server.RaftServerConfigKeys (ConfUtils.java:logGet(43)) - raft.server.snapshot.auto.trigger.threshold = 10000 (custom)
2019-09-25 07:21:03,866 [pool-67-thread-1] INFO  server.RaftServerConfigKeys (ConfUtils.java:logGet(43)) - raft.server.snapshot.retention.num.files = 5 (custom)
2019-09-25 07:21:03,866 [pool-67-thread-1] INFO  server.RaftServerConfigKeys (ConfUtils.java:logGet(43)) - raft.server.retrycache.expirytime = 600000ms (custom)
2019-09-25 07:21:03,867 [pool-67-thread-1] INFO  impl.RaftServerImpl (RaftServerImpl.java:start(185)) - 8c621658-b0ee-4cf2-b145-27cf4e621fee@group-ACE34E863572: start as a follower, conf=-1: [8c621658-b0ee-4cf2-b145-27cf4e621fee:192.168.30.10:39467], old=null
2019-09-25 07:21:03,868 [pool-67-thread-1] INFO  impl.RaftServerImpl (RaftServerImpl.java:setRole(174)) - 8c621658-b0ee-4cf2-b145-27cf4e621fee@group-ACE34E863572: changes role from      null to FOLLOWER at term 0 for startAsFollower
2019-09-25 07:21:03,868 [pool-67-thread-1] INFO  impl.RoleInfo (RoleInfo.java:updateAndGet(143)) - 8c621658-b0ee-4cf2-b145-27cf4e621fee: start FollowerState
2019-09-25 07:21:03,868 [pool-67-thread-1] INFO  util.JmxRegister (JmxRegister.java:tryRegister(44)) - Successfully registered JMX Bean with object name Ratis:service=RaftServer,group=group-ACE34E863572,id=8c621658-b0ee-4cf2-b145-27cf4e621fee
2019-09-25 07:21:03,871 [RatisPipelineUtilsThread] INFO  pipeline.PipelineStateManager (PipelineStateManager.java:addPipeline(56)) - Created pipeline Pipeline[ Id: ef7f5a18-377b-4a2d-bc4c-ace34e863572, Nodes: 8c621658-b0ee-4cf2-b145-27cf4e621fee{ip: 192.168.30.10, host: pr-hdds-1569-s62bp-3040748787, networkLocation: /default-rack, certSerialId: null}, Type:RATIS, Factor:ONE, State:OPEN]
2019-09-25 07:21:03,872 [RatisPipelineUtilsThread] INFO  pipeline.PipelinePlacementPolicy (PipelinePlacementPolicy.java:meetCriteria(91)) - Pipeline Placement: Doesn't meet the criteria to be viable node： 8c621658-b0ee-4cf2-b145-27cf4e621fee Heaviness: 6 limit: 5
2019-09-25 07:21:03,872 [RatisPipelineUtilsThread] INFO  pipeline.PipelinePlacementPolicy (PipelinePlacementPolicy.java:meetCriteria(91)) - Pipeline Placement: Doesn't meet the criteria to be viable node： b05de815-ed09-4765-b576-c9e1c2f65196 Heaviness: 6 limit: 5
2019-09-25 07:21:03,872 [RatisPipelineUtilsThread] INFO  pipeline.PipelinePlacementPolicy (PipelinePlacementPolicy.java:meetCriteria(91)) - Pipeline Placement: Doesn't meet the criteria to be viable node： 6bc56785-b354-47d6-aaaa-aea62bb8d052 Heaviness: 6 limit: 5
2019-09-25 07:21:03,872 [RatisPipelineUtilsThread] INFO  pipeline.PipelinePlacementPolicy (PipelinePlacementPolicy.java:meetCriteria(91)) - Pipeline Placement: Doesn't meet the criteria to be viable node： 3176e44e-2b1b-466b-9a7b-9faa8a8c6db1 Heaviness: 6 limit: 5
2019-09-25 07:21:03,872 [RatisPipelineUtilsThread] INFO  pipeline.PipelinePlacementPolicy (PipelinePlacementPolicy.java:meetCriteria(91)) - Pipeline Placement: Doesn't meet the criteria to be viable node： 46f08633-29b5-4547-ba27-3aefda386aa8 Heaviness: 6 limit: 5
2019-09-25 07:21:03,877 [grpc-default-executor-1] INFO  impl.RaftServerProxy (RaftServerProxy.java:addNew(89)) - f5d629fd-ecfe-43ee-9421-b64933e3fd75: addNew group-AD205E83DA80:[f5d629fd-ecfe-43ee-9421-b64933e3fd75:192.168.30.10:37985] returns group-AD205E83DA80:java.util.concurrent.CompletableFuture@4442a16c[Not completed]
2019-09-25 07:21:03,878 [pool-37-thread-1] INFO  impl.RaftServerImpl (RaftServerImpl.java:<init>(95)) - f5d629fd-ecfe-43ee-9421-b64933e3fd75: new RaftServerImpl for group-AD205E83DA80:[f5d629fd-ecfe-43ee-9421-b64933e3fd75:192.168.30.10:37985] with ContainerStateMachine:uninitialized
2019-09-25 07:21:03,878 [pool-37-thread-1] INFO  server.RaftServerConfigKeys (ConfUtils.java:logGet(43)) - raft.server.rpc.timeout.min = 5s (custom)
2019-09-25 07:21:03,878 [pool-37-thread-1] INFO  server.RaftServerConfigKeys (ConfUtils.java:logGet(43)) - raft.server.rpc.timeout.max = 5200ms (custom)
2019-09-25 07:21:03,879 [pool-37-thread-1] INFO  server.RaftServerConfigKeys (ConfUtils.java:logGet(43)) - raft.server.rpcslowness.timeout = 120s (custom)
2019-09-25 07:21:03,879 [pool-37-thread-1] INFO  server.RaftServerConfigKeys (ConfUtils.java:logGet(43)) - raft.server.sleep.deviation.threshold = 300 (default)
2019-09-25 07:21:03,879 [pool-37-thread-1] INFO  server.RaftServerConfigKeys (ConfUtils.java:logGet(43)) - raft.server.log.appender.install.snapshot.enabled = false (custom)
2019-09-25 07:21:03,879 [pool-37-thread-1] INFO  impl.RaftServerImpl (ServerState.java:<init>(103)) - f5d629fd-ecfe-43ee-9421-b64933e3fd75@group-AD205E83DA80: ConfigurationManager, init=-1: [f5d629fd-ecfe-43ee-9421-b64933e3fd75:192.168.30.10:37985], old=null, confs=<EMPTY_MAP>
2019-09-25 07:21:03,879 [pool-37-thread-1] INFO  server.RaftServerConfigKeys (ConfUtils.java:logGet(43)) - raft.server.storage.dir = [/workdir/hadoop-ozone/ozonefs/target/test-dir/MiniOzoneClusterImpl-48169ae4-fc36-4fd4-bc0e-7a80f7e832d4/datanode-1/data/ratis] (custom)
2019-09-25 07:21:03,879 [pool-37-thread-1] INFO  storage.RaftStorageDirectory (RaftStorageDirectory.java:analyzeStorage(246)) - The storage directory /workdir/hadoop-ozone/ozonefs/target/test-dir/MiniOzoneClusterImpl-48169ae4-fc36-4fd4-bc0e-7a80f7e832d4/datanode-1/data/ratis/a52b942c-30a8-4ff3-b3aa-ad205e83da80 does not exist. Creating ...
2019-09-25 07:21:03,927 [pool-37-thread-1] INFO  storage.RaftStorageDirectory (RaftStorageDirectory.java:tryLock(328)) - Lock on /workdir/hadoop-ozone/ozonefs/target/test-dir/MiniOzoneClusterImpl-48169ae4-fc36-4fd4-bc0e-7a80f7e832d4/datanode-1/data/ratis/a52b942c-30a8-4ff3-b3aa-ad205e83da80/in_use.lock acquired by nodename 26726@pr-hdds-1569-s62bp-3040748787
2019-09-25 07:21:03,941 [pool-37-thread-1] INFO  storage.RaftStorage (RaftStorage.java:format(72)) - Storage directory /workdir/hadoop-ozone/ozonefs/target/test-dir/MiniOzoneClusterImpl-48169ae4-fc36-4fd4-bc0e-7a80f7e832d4/datanode-1/data/ratis/a52b942c-30a8-4ff3-b3aa-ad205e83da80 has been successfully formatted.
2019-09-25 07:21:03,941 [pool-37-thread-1] INFO  ratis.ContainerStateMachine (ContainerStateMachine.java:loadSnapshot(230)) - group-AD205E83DA80: The snapshot info is null. Setting the last applied indexto:(t:0, i:~)
2019-09-25 07:21:03,942 [pool-37-thread-1] INFO  server.RaftServerConfigKeys (ConfUtils.java:logGet(43)) - raft.server.notification.no-leader.timeout = 120s (custom)
2019-09-25 07:21:03,942 [pool-37-thread-1] INFO  server.RaftServerConfigKeys (ConfUtils.java:logGet(43)) - raft.server.log.use.memory = false (default)
2019-09-25 07:21:03,942 [pool-37-thread-1] INFO  server.RaftServerConfigKeys (ConfUtils.java:logGet(43)) - raft.server.log.purge.gap = 1000000 (custom)
2019-09-25 07:21:03,942 [pool-37-thread-1] INFO  server.RaftServerConfigKeys (ConfUtils.java:logGet(43)) - raft.server.log.appender.buffer.byte-limit = 33554432 (custom)
2019-09-25 07:21:03,942 [pool-37-thread-1] INFO  server.RaftServerConfigKeys (ConfUtils.java:logGet(43)) - raft.server.log.segment.size.max = 1048576 (custom)
2019-09-25 07:21:03,942 [pool-37-thread-1] INFO  server.RaftServerConfigKeys (ConfUtils.java:logGet(43)) - raft.server.log.segment.cache.num.max = 2 (custom)
2019-09-25 07:21:03,942 [pool-37-thread-1] INFO  segmented.SegmentedRaftLogWorker (SegmentedRaftLogWorker.java:<init>(172)) - new f5d629fd-ecfe-43ee-9421-b64933e3fd75@group-AD205E83DA80-SegmentedRaftLogWorker for RaftStorage:Storage Directory /workdir/hadoop-ozone/ozonefs/target/test-dir/MiniOzoneClusterImpl-48169ae4-fc36-4fd4-bc0e-7a80f7e832d4/datanode-1/data/ratis/a52b942c-30a8-4ff3-b3aa-ad205e83da80
2019-09-25 07:21:03,942 [pool-37-thread-1] INFO  server.RaftServerConfigKeys (ConfUtils.java:logGet(43)) - raft.server.log.queue.byte-limit = 2147483647 (custom)
2019-09-25 07:21:03,943 [pool-37-thread-1] INFO  server.RaftServerConfigKeys (ConfUtils.java:logGet(43)) - raft.server.log.queue.element-limit = 1024 (custom)
2019-09-25 07:21:03,943 [pool-37-thread-1] INFO  server.RaftServerConfigKeys (ConfUtils.java:logGet(43)) - raft.server.log.segment.size.max = 1048576 (custom)
2019-09-25 07:21:03,943 [pool-37-thread-1] INFO  server.RaftServerConfigKeys (ConfUtils.java:logGet(43)) - raft.server.log.preallocated.size = 16384 (custom)
2019-09-25 07:21:03,943 [pool-37-thread-1] INFO  server.RaftServerConfigKeys (ConfUtils.java:logGet(43)) - raft.server.log.write.buffer.size = 33554432 (custom)
2019-09-25 07:21:03,943 [pool-37-thread-1] INFO  server.RaftServerConfigKeys (ConfUtils.java:logGet(43)) - raft.server.log.force.sync.num = 128 (default)
2019-09-25 07:21:03,943 [pool-37-thread-1] INFO  server.RaftServerConfigKeys (ConfUtils.java:logGet(43)) - raft.server.log.statemachine.data.sync = true (default)
2019-09-25 07:21:03,943 [pool-37-thread-1] INFO  server.RaftServerConfigKeys (ConfUtils.java:logGet(43)) - raft.server.log.statemachine.data.sync.timeout = 10s (default)
2019-09-25 07:21:03,944 [pool-37-thread-1] INFO  server.RaftServerConfigKeys (ConfUtils.java:logGet(43)) - raft.server.log.statemachine.data.sync.timeout.retry = -1 (default)
2019-09-25 07:21:03,944 [pool-37-thread-1] INFO  server.RaftServerConfigKeys (ConfUtils.java:logGet(43)) - raft.server.log.statemachine.data.caching.enabled = true (custom)
2019-09-25 07:21:03,944 [pool-37-thread-1] INFO  segmented.SegmentedRaftLogWorker (SegmentedRaftLogWorker.java:lambda$new$0(132)) - f5d629fd-ecfe-43ee-9421-b64933e3fd75@group-AD205E83DA80-SegmentedRaftLogWorker: flushIndex: setUnconditionally 0 -> -1
2019-09-25 07:21:03,944 [pool-37-thread-1] INFO  server.RaftServerConfigKeys (ConfUtils.java:logGet(43)) - raft.server.snapshot.auto.trigger.enabled = true (custom)
2019-09-25 07:21:03,945 [pool-37-thread-1] INFO  server.RaftServerConfigKeys (ConfUtils.java:logGet(43)) - raft.server.snapshot.auto.trigger.threshold = 10000 (custom)
2019-09-25 07:21:03,945 [pool-37-thread-1] INFO  server.RaftServerConfigKeys (ConfUtils.java:logGet(43)) - raft.server.snapshot.retention.num.files = 5 (custom)
2019-09-25 07:21:03,945 [pool-37-thread-1] INFO  server.RaftServerConfigKeys (ConfUtils.java:logGet(43)) - raft.server.retrycache.expirytime = 600000ms (custom)
2019-09-25 07:21:03,947 [pool-37-thread-1] INFO  impl.RaftServerImpl (RaftServerImpl.java:start(185)) - f5d629fd-ecfe-43ee-9421-b64933e3fd75@group-AD205E83DA80: start as a follower, conf=-1: [f5d629fd-ecfe-43ee-9421-b64933e3fd75:192.168.30.10:37985], old=null
2019-09-25 07:21:03,947 [pool-37-thread-1] INFO  impl.RaftServerImpl (RaftServerImpl.java:setRole(174)) - f5d629fd-ecfe-43ee-9421-b64933e3fd75@group-AD205E83DA80: changes role from      null to FOLLOWER at term 0 for startAsFollower
2019-09-25 07:21:03,947 [pool-37-thread-1] INFO  impl.RoleInfo (RoleInfo.java:updateAndGet(143)) - f5d629fd-ecfe-43ee-9421-b64933e3fd75: start FollowerState
2019-09-25 07:21:03,948 [pool-37-thread-1] INFO  util.JmxRegister (JmxRegister.java:tryRegister(44)) - Successfully registered JMX Bean with object name Ratis:service=RaftServer,group=group-AD205E83DA80,id=f5d629fd-ecfe-43ee-9421-b64933e3fd75
2019-09-25 07:21:03,951 [RatisPipelineUtilsThread] INFO  pipeline.PipelineStateManager (PipelineStateManager.java:addPipeline(56)) - Created pipeline Pipeline[ Id: a52b942c-30a8-4ff3-b3aa-ad205e83da80, Nodes: f5d629fd-ecfe-43ee-9421-b64933e3fd75{ip: 192.168.30.10, host: pr-hdds-1569-s62bp-3040748787, networkLocation: /default-rack, certSerialId: null}, Type:RATIS, Factor:ONE, State:OPEN]
2019-09-25 07:21:03,951 [RatisPipelineUtilsThread] INFO  pipeline.PipelinePlacementPolicy (PipelinePlacementPolicy.java:meetCriteria(91)) - Pipeline Placement: Doesn't meet the criteria to be viable node： 8c621658-b0ee-4cf2-b145-27cf4e621fee Heaviness: 6 limit: 5
2019-09-25 07:21:03,952 [RatisPipelineUtilsThread] INFO  pipeline.PipelinePlacementPolicy (PipelinePlacementPolicy.java:meetCriteria(91)) - Pipeline Placement: Doesn't meet the criteria to be viable node： b05de815-ed09-4765-b576-c9e1c2f65196 Heaviness: 6 limit: 5
2019-09-25 07:21:03,952 [RatisPipelineUtilsThread] INFO  pipeline.PipelinePlacementPolicy (PipelinePlacementPolicy.java:meetCriteria(91)) - Pipeline Placement: Doesn't meet the criteria to be viable node： 6bc56785-b354-47d6-aaaa-aea62bb8d052 Heaviness: 6 limit: 5
2019-09-25 07:21:03,952 [RatisPipelineUtilsThread] INFO  pipeline.PipelinePlacementPolicy (PipelinePlacementPolicy.java:meetCriteria(91)) - Pipeline Placement: Doesn't meet the criteria to be viable node： 3176e44e-2b1b-466b-9a7b-9faa8a8c6db1 Heaviness: 6 limit: 5
2019-09-25 07:21:03,952 [RatisPipelineUtilsThread] INFO  pipeline.PipelinePlacementPolicy (PipelinePlacementPolicy.java:meetCriteria(91)) - Pipeline Placement: Doesn't meet the criteria to be viable node： f5d629fd-ecfe-43ee-9421-b64933e3fd75 Heaviness: 6 limit: 5
2019-09-25 07:21:03,952 [RatisPipelineUtilsThread] INFO  pipeline.PipelinePlacementPolicy (PipelinePlacementPolicy.java:meetCriteria(91)) - Pipeline Placement: Doesn't meet the criteria to be viable node： 46f08633-29b5-4547-ba27-3aefda386aa8 Heaviness: 6 limit: 5
2019-09-25 07:21:03,958 [grpc-default-executor-1] INFO  impl.RaftServerProxy (RaftServerProxy.java:addNew(89)) - f368be67-619a-45f1-9208-8e0055b252cf: addNew group-5178B0C4714B:[f368be67-619a-45f1-9208-8e0055b252cf:192.168.30.10:40542] returns group-5178B0C4714B:java.util.concurrent.CompletableFuture@614fa1c5[Not completed]
2019-09-25 07:21:03,959 [pool-117-thread-1] INFO  impl.RaftServerImpl (RaftServerImpl.java:<init>(95)) - f368be67-619a-45f1-9208-8e0055b252cf: new RaftServerImpl for group-5178B0C4714B:[f368be67-619a-45f1-9208-8e0055b252cf:192.168.30.10:40542] with ContainerStateMachine:uninitialized
2019-09-25 07:21:03,960 [pool-117-thread-1] INFO  server.RaftServerConfigKeys (ConfUtils.java:logGet(43)) - raft.server.rpc.timeout.min = 5s (custom)
2019-09-25 07:21:03,960 [pool-117-thread-1] INFO  server.RaftServerConfigKeys (ConfUtils.java:logGet(43)) - raft.server.rpc.timeout.max = 5200ms (custom)
2019-09-25 07:21:03,960 [pool-117-thread-1] INFO  server.RaftServerConfigKeys (ConfUtils.java:logGet(43)) - raft.server.rpcslowness.timeout = 120s (custom)
2019-09-25 07:21:03,960 [pool-117-thread-1] INFO  server.RaftServerConfigKeys (ConfUtils.java:logGet(43)) - raft.server.sleep.deviation.threshold = 300 (default)
2019-09-25 07:21:03,960 [pool-117-thread-1] INFO  server.RaftServerConfigKeys (ConfUtils.java:logGet(43)) - raft.server.log.appender.install.snapshot.enabled = false (custom)
2019-09-25 07:21:03,960 [pool-117-thread-1] INFO  impl.RaftServerImpl (ServerState.java:<init>(103)) - f368be67-619a-45f1-9208-8e0055b252cf@group-5178B0C4714B: ConfigurationManager, init=-1: [f368be67-619a-45f1-9208-8e0055b252cf:192.168.30.10:40542], old=null, confs=<EMPTY_MAP>
2019-09-25 07:21:03,961 [pool-117-thread-1] INFO  server.RaftServerConfigKeys (ConfUtils.java:logGet(43)) - raft.server.storage.dir = [/workdir/hadoop-ozone/ozonefs/target/test-dir/MiniOzoneClusterImpl-48169ae4-fc36-4fd4-bc0e-7a80f7e832d4/datanode-9/data/ratis] (custom)
2019-09-25 07:21:03,961 [pool-117-thread-1] INFO  storage.RaftStorageDirectory (RaftStorageDirectory.java:analyzeStorage(246)) - The storage directory /workdir/hadoop-ozone/ozonefs/target/test-dir/MiniOzoneClusterImpl-48169ae4-fc36-4fd4-bc0e-7a80f7e832d4/datanode-9/data/ratis/1f2a7225-f388-4306-9107-5178b0c4714b does not exist. Creating ...
2019-09-25 07:21:03,974 [pool-117-thread-1] INFO  storage.RaftStorageDirectory (RaftStorageDirectory.java:tryLock(328)) - Lock on /workdir/hadoop-ozone/ozonefs/target/test-dir/MiniOzoneClusterImpl-48169ae4-fc36-4fd4-bc0e-7a80f7e832d4/datanode-9/data/ratis/1f2a7225-f388-4306-9107-5178b0c4714b/in_use.lock acquired by nodename 26726@pr-hdds-1569-s62bp-3040748787
2019-09-25 07:21:03,987 [pool-117-thread-1] INFO  storage.RaftStorage (RaftStorage.java:format(72)) - Storage directory /workdir/hadoop-ozone/ozonefs/target/test-dir/MiniOzoneClusterImpl-48169ae4-fc36-4fd4-bc0e-7a80f7e832d4/datanode-9/data/ratis/1f2a7225-f388-4306-9107-5178b0c4714b has been successfully formatted.
2019-09-25 07:21:03,988 [pool-117-thread-1] INFO  ratis.ContainerStateMachine (ContainerStateMachine.java:loadSnapshot(230)) - group-5178B0C4714B: The snapshot info is null. Setting the last applied indexto:(t:0, i:~)
2019-09-25 07:21:03,988 [pool-117-thread-1] INFO  server.RaftServerConfigKeys (ConfUtils.java:logGet(43)) - raft.server.notification.no-leader.timeout = 120s (custom)
2019-09-25 07:21:03,988 [pool-117-thread-1] INFO  server.RaftServerConfigKeys (ConfUtils.java:logGet(43)) - raft.server.log.use.memory = false (default)
2019-09-25 07:21:03,988 [pool-117-thread-1] INFO  server.RaftServerConfigKeys (ConfUtils.java:logGet(43)) - raft.server.log.purge.gap = 1000000 (custom)
2019-09-25 07:21:03,988 [pool-117-thread-1] INFO  server.RaftServerConfigKeys (ConfUtils.java:logGet(43)) - raft.server.log.appender.buffer.byte-limit = 33554432 (custom)
2019-09-25 07:21:03,988 [pool-117-thread-1] INFO  server.RaftServerConfigKeys (ConfUtils.java:logGet(43)) - raft.server.log.segment.size.max = 1048576 (custom)
2019-09-25 07:21:03,989 [pool-117-thread-1] INFO  server.RaftServerConfigKeys (ConfUtils.java:logGet(43)) - raft.server.log.segment.cache.num.max = 2 (custom)
2019-09-25 07:21:03,989 [pool-117-thread-1] INFO  segmented.SegmentedRaftLogWorker (SegmentedRaftLogWorker.java:<init>(172)) - new f368be67-619a-45f1-9208-8e0055b252cf@group-5178B0C4714B-SegmentedRaftLogWorker for RaftStorage:Storage Directory /workdir/hadoop-ozone/ozonefs/target/test-dir/MiniOzoneClusterImpl-48169ae4-fc36-4fd4-bc0e-7a80f7e832d4/datanode-9/data/ratis/1f2a7225-f388-4306-9107-5178b0c4714b
2019-09-25 07:21:03,989 [pool-117-thread-1] INFO  server.RaftServerConfigKeys (ConfUtils.java:logGet(43)) - raft.server.log.queue.byte-limit = 2147483647 (custom)
2019-09-25 07:21:03,989 [pool-117-thread-1] INFO  server.RaftServerConfigKeys (ConfUtils.java:logGet(43)) - raft.server.log.queue.element-limit = 1024 (custom)
2019-09-25 07:21:03,989 [pool-117-thread-1] INFO  server.RaftServerConfigKeys (ConfUtils.java:logGet(43)) - raft.server.log.segment.size.max = 1048576 (custom)
2019-09-25 07:21:03,989 [pool-117-thread-1] INFO  server.RaftServerConfigKeys (ConfUtils.java:logGet(43)) - raft.server.log.preallocated.size = 16384 (custom)
2019-09-25 07:21:03,989 [pool-117-thread-1] INFO  server.RaftServerConfigKeys (ConfUtils.java:logGet(43)) - raft.server.log.write.buffer.size = 33554432 (custom)
2019-09-25 07:21:03,990 [pool-117-thread-1] INFO  server.RaftServerConfigKeys (ConfUtils.java:logGet(43)) - raft.server.log.force.sync.num = 128 (default)
2019-09-25 07:21:03,990 [pool-117-thread-1] INFO  server.RaftServerConfigKeys (ConfUtils.java:logGet(43)) - raft.server.log.statemachine.data.sync = true (default)
2019-09-25 07:21:03,990 [pool-117-thread-1] INFO  server.RaftServerConfigKeys (ConfUtils.java:logGet(43)) - raft.server.log.statemachine.data.sync.timeout = 10s (default)
2019-09-25 07:21:03,990 [pool-117-thread-1] INFO  server.RaftServerConfigKeys (ConfUtils.java:logGet(43)) - raft.server.log.statemachine.data.sync.timeout.retry = -1 (default)
2019-09-25 07:21:03,990 [pool-117-thread-1] INFO  server.RaftServerConfigKeys (ConfUtils.java:logGet(43)) - raft.server.log.statemachine.data.caching.enabled = true (custom)
2019-09-25 07:21:03,990 [pool-117-thread-1] INFO  segmented.SegmentedRaftLogWorker (SegmentedRaftLogWorker.java:lambda$new$0(132)) - f368be67-619a-45f1-9208-8e0055b252cf@group-5178B0C4714B-SegmentedRaftLogWorker: flushIndex: setUnconditionally 0 -> -1
2019-09-25 07:21:03,991 [pool-117-thread-1] INFO  server.RaftServerConfigKeys (ConfUtils.java:logGet(43)) - raft.server.snapshot.auto.trigger.enabled = true (custom)
2019-09-25 07:21:03,991 [pool-117-thread-1] INFO  server.RaftServerConfigKeys (ConfUtils.java:logGet(43)) - raft.server.snapshot.auto.trigger.threshold = 10000 (custom)
2019-09-25 07:21:03,991 [pool-117-thread-1] INFO  server.RaftServerConfigKeys (ConfUtils.java:logGet(43)) - raft.server.snapshot.retention.num.files = 5 (custom)
2019-09-25 07:21:03,991 [pool-117-thread-1] INFO  server.RaftServerConfigKeys (ConfUtils.java:logGet(43)) - raft.server.retrycache.expirytime = 600000ms (custom)
2019-09-25 07:21:03,993 [pool-117-thread-1] INFO  impl.RaftServerImpl (RaftServerImpl.java:start(185)) - f368be67-619a-45f1-9208-8e0055b252cf@group-5178B0C4714B: start as a follower, conf=-1: [f368be67-619a-45f1-9208-8e0055b252cf:192.168.30.10:40542], old=null
2019-09-25 07:21:03,994 [pool-117-thread-1] INFO  impl.RaftServerImpl (RaftServerImpl.java:setRole(174)) - f368be67-619a-45f1-9208-8e0055b252cf@group-5178B0C4714B: changes role from      null to FOLLOWER at term 0 for startAsFollower
2019-09-25 07:21:03,994 [pool-117-thread-1] INFO  impl.RoleInfo (RoleInfo.java:updateAndGet(143)) - f368be67-619a-45f1-9208-8e0055b252cf: start FollowerState
2019-09-25 07:21:03,994 [pool-117-thread-1] INFO  util.JmxRegister (JmxRegister.java:tryRegister(44)) - Successfully registered JMX Bean with object name Ratis:service=RaftServer,group=group-5178B0C4714B,id=f368be67-619a-45f1-9208-8e0055b252cf
2019-09-25 07:21:03,997 [RatisPipelineUtilsThread] INFO  pipeline.PipelineStateManager (PipelineStateManager.java:addPipeline(56)) - Created pipeline Pipeline[ Id: 1f2a7225-f388-4306-9107-5178b0c4714b, Nodes: f368be67-619a-45f1-9208-8e0055b252cf{ip: 192.168.30.10, host: pr-hdds-1569-s62bp-3040748787, networkLocation: /default-rack, certSerialId: null}, Type:RATIS, Factor:ONE, State:OPEN]
2019-09-25 07:21:03,998 [RatisPipelineUtilsThread] INFO  pipeline.PipelinePlacementPolicy (PipelinePlacementPolicy.java:meetCriteria(91)) - Pipeline Placement: Doesn't meet the criteria to be viable node： 8c621658-b0ee-4cf2-b145-27cf4e621fee Heaviness: 6 limit: 5
2019-09-25 07:21:03,998 [RatisPipelineUtilsThread] INFO  pipeline.PipelinePlacementPolicy (PipelinePlacementPolicy.java:meetCriteria(91)) - Pipeline Placement: Doesn't meet the criteria to be viable node： b05de815-ed09-4765-b576-c9e1c2f65196 Heaviness: 6 limit: 5
2019-09-25 07:21:03,998 [RatisPipelineUtilsThread] INFO  pipeline.PipelinePlacementPolicy (PipelinePlacementPolicy.java:meetCriteria(91)) - Pipeline Placement: Doesn't meet the criteria to be viable node： 6bc56785-b354-47d6-aaaa-aea62bb8d052 Heaviness: 6 limit: 5
2019-09-25 07:21:03,998 [RatisPipelineUtilsThread] INFO  pipeline.PipelinePlacementPolicy (PipelinePlacementPolicy.java:meetCriteria(91)) - Pipeline Placement: Doesn't meet the criteria to be viable node： 3176e44e-2b1b-466b-9a7b-9faa8a8c6db1 Heaviness: 6 limit: 5
2019-09-25 07:21:03,998 [RatisPipelineUtilsThread] INFO  pipeline.PipelinePlacementPolicy (PipelinePlacementPolicy.java:meetCriteria(91)) - Pipeline Placement: Doesn't meet the criteria to be viable node： f5d629fd-ecfe-43ee-9421-b64933e3fd75 Heaviness: 6 limit: 5
2019-09-25 07:21:03,999 [RatisPipelineUtilsThread] INFO  pipeline.PipelinePlacementPolicy (PipelinePlacementPolicy.java:meetCriteria(91)) - Pipeline Placement: Doesn't meet the criteria to be viable node： 46f08633-29b5-4547-ba27-3aefda386aa8 Heaviness: 6 limit: 5
2019-09-25 07:21:04,004 [grpc-default-executor-1] INFO  impl.RaftServerProxy (RaftServerProxy.java:addNew(89)) - 790994da-c556-4bb6-9860-e4bcd35fb518: addNew group-2BD654A5AC3D:[790994da-c556-4bb6-9860-e4bcd35fb518:192.168.30.10:42560] returns group-2BD654A5AC3D:java.util.concurrent.CompletableFuture@5fe847a6[Not completed]
2019-09-25 07:21:04,005 [pool-57-thread-1] INFO  impl.RaftServerImpl (RaftServerImpl.java:<init>(95)) - 790994da-c556-4bb6-9860-e4bcd35fb518: new RaftServerImpl for group-2BD654A5AC3D:[790994da-c556-4bb6-9860-e4bcd35fb518:192.168.30.10:42560] with ContainerStateMachine:uninitialized
2019-09-25 07:21:04,005 [pool-57-thread-1] INFO  server.RaftServerConfigKeys (ConfUtils.java:logGet(43)) - raft.server.rpc.timeout.min = 5s (custom)
2019-09-25 07:21:04,006 [pool-57-thread-1] INFO  server.RaftServerConfigKeys (ConfUtils.java:logGet(43)) - raft.server.rpc.timeout.max = 5200ms (custom)
2019-09-25 07:21:04,006 [pool-57-thread-1] INFO  server.RaftServerConfigKeys (ConfUtils.java:logGet(43)) - raft.server.rpcslowness.timeout = 120s (custom)
2019-09-25 07:21:04,006 [pool-57-thread-1] INFO  server.RaftServerConfigKeys (ConfUtils.java:logGet(43)) - raft.server.sleep.deviation.threshold = 300 (default)
2019-09-25 07:21:04,006 [pool-57-thread-1] INFO  server.RaftServerConfigKeys (ConfUtils.java:logGet(43)) - raft.server.log.appender.install.snapshot.enabled = false (custom)
2019-09-25 07:21:04,006 [pool-57-thread-1] INFO  impl.RaftServerImpl (ServerState.java:<init>(103)) - 790994da-c556-4bb6-9860-e4bcd35fb518@group-2BD654A5AC3D: ConfigurationManager, init=-1: [790994da-c556-4bb6-9860-e4bcd35fb518:192.168.30.10:42560], old=null, confs=<EMPTY_MAP>
2019-09-25 07:21:04,006 [pool-57-thread-1] INFO  server.RaftServerConfigKeys (ConfUtils.java:logGet(43)) - raft.server.storage.dir = [/workdir/hadoop-ozone/ozonefs/target/test-dir/MiniOzoneClusterImpl-48169ae4-fc36-4fd4-bc0e-7a80f7e832d4/datanode-3/data/ratis] (custom)
2019-09-25 07:21:04,007 [pool-57-thread-1] INFO  storage.RaftStorageDirectory (RaftStorageDirectory.java:analyzeStorage(246)) - The storage directory /workdir/hadoop-ozone/ozonefs/target/test-dir/MiniOzoneClusterImpl-48169ae4-fc36-4fd4-bc0e-7a80f7e832d4/datanode-3/data/ratis/0cfda560-3b2d-4016-80fa-2bd654a5ac3d does not exist. Creating ...
2019-09-25 07:21:04,074 [pool-57-thread-1] INFO  storage.RaftStorageDirectory (RaftStorageDirectory.java:tryLock(328)) - Lock on /workdir/hadoop-ozone/ozonefs/target/test-dir/MiniOzoneClusterImpl-48169ae4-fc36-4fd4-bc0e-7a80f7e832d4/datanode-3/data/ratis/0cfda560-3b2d-4016-80fa-2bd654a5ac3d/in_use.lock acquired by nodename 26726@pr-hdds-1569-s62bp-3040748787
2019-09-25 07:21:04,098 [pool-57-thread-1] INFO  storage.RaftStorage (RaftStorage.java:format(72)) - Storage directory /workdir/hadoop-ozone/ozonefs/target/test-dir/MiniOzoneClusterImpl-48169ae4-fc36-4fd4-bc0e-7a80f7e832d4/datanode-3/data/ratis/0cfda560-3b2d-4016-80fa-2bd654a5ac3d has been successfully formatted.
2019-09-25 07:21:04,099 [pool-57-thread-1] INFO  ratis.ContainerStateMachine (ContainerStateMachine.java:loadSnapshot(230)) - group-2BD654A5AC3D: The snapshot info is null. Setting the last applied indexto:(t:0, i:~)
2019-09-25 07:21:04,099 [pool-57-thread-1] INFO  server.RaftServerConfigKeys (ConfUtils.java:logGet(43)) - raft.server.notification.no-leader.timeout = 120s (custom)
2019-09-25 07:21:04,099 [pool-57-thread-1] INFO  server.RaftServerConfigKeys (ConfUtils.java:logGet(43)) - raft.server.log.use.memory = false (default)
2019-09-25 07:21:04,099 [pool-57-thread-1] INFO  server.RaftServerConfigKeys (ConfUtils.java:logGet(43)) - raft.server.log.purge.gap = 1000000 (custom)
2019-09-25 07:21:04,099 [pool-57-thread-1] INFO  server.RaftServerConfigKeys (ConfUtils.java:logGet(43)) - raft.server.log.appender.buffer.byte-limit = 33554432 (custom)
2019-09-25 07:21:04,100 [pool-57-thread-1] INFO  server.RaftServerConfigKeys (ConfUtils.java:logGet(43)) - raft.server.log.segment.size.max = 1048576 (custom)
2019-09-25 07:21:04,100 [pool-57-thread-1] INFO  server.RaftServerConfigKeys (ConfUtils.java:logGet(43)) - raft.server.log.segment.cache.num.max = 2 (custom)
2019-09-25 07:21:04,100 [pool-57-thread-1] INFO  segmented.SegmentedRaftLogWorker (SegmentedRaftLogWorker.java:<init>(172)) - new 790994da-c556-4bb6-9860-e4bcd35fb518@group-2BD654A5AC3D-SegmentedRaftLogWorker for RaftStorage:Storage Directory /workdir/hadoop-ozone/ozonefs/target/test-dir/MiniOzoneClusterImpl-48169ae4-fc36-4fd4-bc0e-7a80f7e832d4/datanode-3/data/ratis/0cfda560-3b2d-4016-80fa-2bd654a5ac3d
2019-09-25 07:21:04,100 [pool-57-thread-1] INFO  server.RaftServerConfigKeys (ConfUtils.java:logGet(43)) - raft.server.log.queue.byte-limit = 2147483647 (custom)
2019-09-25 07:21:04,100 [pool-57-thread-1] INFO  server.RaftServerConfigKeys (ConfUtils.java:logGet(43)) - raft.server.log.queue.element-limit = 1024 (custom)
2019-09-25 07:21:04,100 [pool-57-thread-1] INFO  server.RaftServerConfigKeys (ConfUtils.java:logGet(43)) - raft.server.log.segment.size.max = 1048576 (custom)
2019-09-25 07:21:04,100 [pool-57-thread-1] INFO  server.RaftServerConfigKeys (ConfUtils.java:logGet(43)) - raft.server.log.preallocated.size = 16384 (custom)
2019-09-25 07:21:04,101 [pool-57-thread-1] INFO  server.RaftServerConfigKeys (ConfUtils.java:logGet(43)) - raft.server.log.write.buffer.size = 33554432 (custom)
2019-09-25 07:21:04,101 [pool-57-thread-1] INFO  server.RaftServerConfigKeys (ConfUtils.java:logGet(43)) - raft.server.log.force.sync.num = 128 (default)
2019-09-25 07:21:04,101 [pool-57-thread-1] INFO  server.RaftServerConfigKeys (ConfUtils.java:logGet(43)) - raft.server.log.statemachine.data.sync = true (default)
2019-09-25 07:21:04,101 [pool-57-thread-1] INFO  server.RaftServerConfigKeys (ConfUtils.java:logGet(43)) - raft.server.log.statemachine.data.sync.timeout = 10s (default)
2019-09-25 07:21:04,101 [pool-57-thread-1] INFO  server.RaftServerConfigKeys (ConfUtils.java:logGet(43)) - raft.server.log.statemachine.data.sync.timeout.retry = -1 (default)
2019-09-25 07:21:04,101 [pool-57-thread-1] INFO  server.RaftServerConfigKeys (ConfUtils.java:logGet(43)) - raft.server.log.statemachine.data.caching.enabled = true (custom)
2019-09-25 07:21:04,102 [pool-57-thread-1] INFO  segmented.SegmentedRaftLogWorker (SegmentedRaftLogWorker.java:lambda$new$0(132)) - 790994da-c556-4bb6-9860-e4bcd35fb518@group-2BD654A5AC3D-SegmentedRaftLogWorker: flushIndex: setUnconditionally 0 -> -1
2019-09-25 07:21:04,102 [pool-57-thread-1] INFO  server.RaftServerConfigKeys (ConfUtils.java:logGet(43)) - raft.server.snapshot.auto.trigger.enabled = true (custom)
2019-09-25 07:21:04,102 [pool-57-thread-1] INFO  server.RaftServerConfigKeys (ConfUtils.java:logGet(43)) - raft.server.snapshot.auto.trigger.threshold = 10000 (custom)
2019-09-25 07:21:04,102 [pool-57-thread-1] INFO  server.RaftServerConfigKeys (ConfUtils.java:logGet(43)) - raft.server.snapshot.retention.num.files = 5 (custom)
2019-09-25 07:21:04,103 [pool-57-thread-1] INFO  server.RaftServerConfigKeys (ConfUtils.java:logGet(43)) - raft.server.retrycache.expirytime = 600000ms (custom)
2019-09-25 07:21:04,105 [pool-57-thread-1] INFO  impl.RaftServerImpl (RaftServerImpl.java:start(185)) - 790994da-c556-4bb6-9860-e4bcd35fb518@group-2BD654A5AC3D: start as a follower, conf=-1: [790994da-c556-4bb6-9860-e4bcd35fb518:192.168.30.10:42560], old=null
2019-09-25 07:21:04,105 [pool-57-thread-1] INFO  impl.RaftServerImpl (RaftServerImpl.java:setRole(174)) - 790994da-c556-4bb6-9860-e4bcd35fb518@group-2BD654A5AC3D: changes role from      null to FOLLOWER at term 0 for startAsFollower
2019-09-25 07:21:04,106 [pool-57-thread-1] INFO  impl.RoleInfo (RoleInfo.java:updateAndGet(143)) - 790994da-c556-4bb6-9860-e4bcd35fb518: start FollowerState
2019-09-25 07:21:04,106 [pool-57-thread-1] INFO  util.JmxRegister (JmxRegister.java:tryRegister(44)) - Successfully registered JMX Bean with object name Ratis:service=RaftServer,group=group-2BD654A5AC3D,id=790994da-c556-4bb6-9860-e4bcd35fb518
2019-09-25 07:21:04,109 [RatisPipelineUtilsThread] INFO  pipeline.PipelineStateManager (PipelineStateManager.java:addPipeline(56)) - Created pipeline Pipeline[ Id: 0cfda560-3b2d-4016-80fa-2bd654a5ac3d, Nodes: 790994da-c556-4bb6-9860-e4bcd35fb518{ip: 192.168.30.10, host: pr-hdds-1569-s62bp-3040748787, networkLocation: /default-rack, certSerialId: null}, Type:RATIS, Factor:ONE, State:OPEN]
2019-09-25 07:21:04,109 [RatisPipelineUtilsThread] INFO  pipeline.PipelinePlacementPolicy (PipelinePlacementPolicy.java:meetCriteria(91)) - Pipeline Placement: Doesn't meet the criteria to be viable node： 8c621658-b0ee-4cf2-b145-27cf4e621fee Heaviness: 6 limit: 5
2019-09-25 07:21:04,109 [RatisPipelineUtilsThread] INFO  pipeline.PipelinePlacementPolicy (PipelinePlacementPolicy.java:meetCriteria(91)) - Pipeline Placement: Doesn't meet the criteria to be viable node： b05de815-ed09-4765-b576-c9e1c2f65196 Heaviness: 6 limit: 5
2019-09-25 07:21:04,110 [RatisPipelineUtilsThread] INFO  pipeline.PipelinePlacementPolicy (PipelinePlacementPolicy.java:meetCriteria(91)) - Pipeline Placement: Doesn't meet the criteria to be viable node： 6bc56785-b354-47d6-aaaa-aea62bb8d052 Heaviness: 6 limit: 5
2019-09-25 07:21:04,110 [RatisPipelineUtilsThread] INFO  pipeline.PipelinePlacementPolicy (PipelinePlacementPolicy.java:meetCriteria(91)) - Pipeline Placement: Doesn't meet the criteria to be viable node： 3176e44e-2b1b-466b-9a7b-9faa8a8c6db1 Heaviness: 6 limit: 5
2019-09-25 07:21:04,110 [RatisPipelineUtilsThread] INFO  pipeline.PipelinePlacementPolicy (PipelinePlacementPolicy.java:meetCriteria(91)) - Pipeline Placement: Doesn't meet the criteria to be viable node： f5d629fd-ecfe-43ee-9421-b64933e3fd75 Heaviness: 6 limit: 5
2019-09-25 07:21:04,110 [RatisPipelineUtilsThread] INFO  pipeline.PipelinePlacementPolicy (PipelinePlacementPolicy.java:meetCriteria(91)) - Pipeline Placement: Doesn't meet the criteria to be viable node： 46f08633-29b5-4547-ba27-3aefda386aa8 Heaviness: 6 limit: 5
2019-09-25 07:21:04,116 [grpc-default-executor-1] INFO  impl.RaftServerProxy (RaftServerProxy.java:addNew(89)) - 3ed290a7-a21d-4e57-957f-efca320df8bc: addNew group-D896BAE092F6:[3ed290a7-a21d-4e57-957f-efca320df8bc:192.168.30.10:43596] returns group-D896BAE092F6:java.util.concurrent.CompletableFuture@3ceccd45[Not completed]
2019-09-25 07:21:04,117 [pool-97-thread-1] INFO  impl.RaftServerImpl (RaftServerImpl.java:<init>(95)) - 3ed290a7-a21d-4e57-957f-efca320df8bc: new RaftServerImpl for group-D896BAE092F6:[3ed290a7-a21d-4e57-957f-efca320df8bc:192.168.30.10:43596] with ContainerStateMachine:uninitialized
2019-09-25 07:21:04,118 [pool-97-thread-1] INFO  server.RaftServerConfigKeys (ConfUtils.java:logGet(43)) - raft.server.rpc.timeout.min = 5s (custom)
2019-09-25 07:21:04,118 [pool-97-thread-1] INFO  server.RaftServerConfigKeys (ConfUtils.java:logGet(43)) - raft.server.rpc.timeout.max = 5200ms (custom)
2019-09-25 07:21:04,118 [pool-97-thread-1] INFO  server.RaftServerConfigKeys (ConfUtils.java:logGet(43)) - raft.server.rpcslowness.timeout = 120s (custom)
2019-09-25 07:21:04,118 [pool-97-thread-1] INFO  server.RaftServerConfigKeys (ConfUtils.java:logGet(43)) - raft.server.sleep.deviation.threshold = 300 (default)
2019-09-25 07:21:04,118 [pool-97-thread-1] INFO  server.RaftServerConfigKeys (ConfUtils.java:logGet(43)) - raft.server.log.appender.install.snapshot.enabled = false (custom)
2019-09-25 07:21:04,118 [pool-97-thread-1] INFO  impl.RaftServerImpl (ServerState.java:<init>(103)) - 3ed290a7-a21d-4e57-957f-efca320df8bc@group-D896BAE092F6: ConfigurationManager, init=-1: [3ed290a7-a21d-4e57-957f-efca320df8bc:192.168.30.10:43596], old=null, confs=<EMPTY_MAP>
2019-09-25 07:21:04,119 [pool-97-thread-1] INFO  server.RaftServerConfigKeys (ConfUtils.java:logGet(43)) - raft.server.storage.dir = [/workdir/hadoop-ozone/ozonefs/target/test-dir/MiniOzoneClusterImpl-48169ae4-fc36-4fd4-bc0e-7a80f7e832d4/datanode-7/data/ratis] (custom)
2019-09-25 07:21:04,119 [pool-97-thread-1] INFO  storage.RaftStorageDirectory (RaftStorageDirectory.java:analyzeStorage(246)) - The storage directory /workdir/hadoop-ozone/ozonefs/target/test-dir/MiniOzoneClusterImpl-48169ae4-fc36-4fd4-bc0e-7a80f7e832d4/datanode-7/data/ratis/3a1ad721-f0a7-4aec-b6ee-d896bae092f6 does not exist. Creating ...
2019-09-25 07:21:04,133 [pool-97-thread-1] INFO  storage.RaftStorageDirectory (RaftStorageDirectory.java:tryLock(328)) - Lock on /workdir/hadoop-ozone/ozonefs/target/test-dir/MiniOzoneClusterImpl-48169ae4-fc36-4fd4-bc0e-7a80f7e832d4/datanode-7/data/ratis/3a1ad721-f0a7-4aec-b6ee-d896bae092f6/in_use.lock acquired by nodename 26726@pr-hdds-1569-s62bp-3040748787
2019-09-25 07:21:04,163 [pool-97-thread-1] INFO  storage.RaftStorage (RaftStorage.java:format(72)) - Storage directory /workdir/hadoop-ozone/ozonefs/target/test-dir/MiniOzoneClusterImpl-48169ae4-fc36-4fd4-bc0e-7a80f7e832d4/datanode-7/data/ratis/3a1ad721-f0a7-4aec-b6ee-d896bae092f6 has been successfully formatted.
2019-09-25 07:21:04,163 [pool-97-thread-1] INFO  ratis.ContainerStateMachine (ContainerStateMachine.java:loadSnapshot(230)) - group-D896BAE092F6: The snapshot info is null. Setting the last applied indexto:(t:0, i:~)
2019-09-25 07:21:04,163 [pool-97-thread-1] INFO  server.RaftServerConfigKeys (ConfUtils.java:logGet(43)) - raft.server.notification.no-leader.timeout = 120s (custom)
2019-09-25 07:21:04,164 [pool-97-thread-1] INFO  server.RaftServerConfigKeys (ConfUtils.java:logGet(43)) - raft.server.log.use.memory = false (default)
2019-09-25 07:21:04,164 [pool-97-thread-1] INFO  server.RaftServerConfigKeys (ConfUtils.java:logGet(43)) - raft.server.log.purge.gap = 1000000 (custom)
2019-09-25 07:21:04,164 [pool-97-thread-1] INFO  server.RaftServerConfigKeys (ConfUtils.java:logGet(43)) - raft.server.log.appender.buffer.byte-limit = 33554432 (custom)
2019-09-25 07:21:04,164 [pool-97-thread-1] INFO  server.RaftServerConfigKeys (ConfUtils.java:logGet(43)) - raft.server.log.segment.size.max = 1048576 (custom)
2019-09-25 07:21:04,164 [pool-97-thread-1] INFO  server.RaftServerConfigKeys (ConfUtils.java:logGet(43)) - raft.server.log.segment.cache.num.max = 2 (custom)
2019-09-25 07:21:04,164 [pool-97-thread-1] INFO  segmented.SegmentedRaftLogWorker (SegmentedRaftLogWorker.java:<init>(172)) - new 3ed290a7-a21d-4e57-957f-efca320df8bc@group-D896BAE092F6-SegmentedRaftLogWorker for RaftStorage:Storage Directory /workdir/hadoop-ozone/ozonefs/target/test-dir/MiniOzoneClusterImpl-48169ae4-fc36-4fd4-bc0e-7a80f7e832d4/datanode-7/data/ratis/3a1ad721-f0a7-4aec-b6ee-d896bae092f6
2019-09-25 07:21:04,164 [pool-97-thread-1] INFO  server.RaftServerConfigKeys (ConfUtils.java:logGet(43)) - raft.server.log.queue.byte-limit = 2147483647 (custom)
2019-09-25 07:21:04,164 [pool-97-thread-1] INFO  server.RaftServerConfigKeys (ConfUtils.java:logGet(43)) - raft.server.log.queue.element-limit = 1024 (custom)
2019-09-25 07:21:04,165 [pool-97-thread-1] INFO  server.RaftServerConfigKeys (ConfUtils.java:logGet(43)) - raft.server.log.segment.size.max = 1048576 (custom)
2019-09-25 07:21:04,165 [pool-97-thread-1] INFO  server.RaftServerConfigKeys (ConfUtils.java:logGet(43)) - raft.server.log.preallocated.size = 16384 (custom)
2019-09-25 07:21:04,165 [pool-97-thread-1] INFO  server.RaftServerConfigKeys (ConfUtils.java:logGet(43)) - raft.server.log.write.buffer.size = 33554432 (custom)
2019-09-25 07:21:04,165 [pool-97-thread-1] INFO  server.RaftServerConfigKeys (ConfUtils.java:logGet(43)) - raft.server.log.force.sync.num = 128 (default)
2019-09-25 07:21:04,165 [pool-97-thread-1] INFO  server.RaftServerConfigKeys (ConfUtils.java:logGet(43)) - raft.server.log.statemachine.data.sync = true (default)
2019-09-25 07:21:04,165 [pool-97-thread-1] INFO  server.RaftServerConfigKeys (ConfUtils.java:logGet(43)) - raft.server.log.statemachine.data.sync.timeout = 10s (default)
2019-09-25 07:21:04,165 [pool-97-thread-1] INFO  server.RaftServerConfigKeys (ConfUtils.java:logGet(43)) - raft.server.log.statemachine.data.sync.timeout.retry = -1 (default)
2019-09-25 07:21:04,165 [pool-97-thread-1] INFO  server.RaftServerConfigKeys (ConfUtils.java:logGet(43)) - raft.server.log.statemachine.data.caching.enabled = true (custom)
2019-09-25 07:21:04,166 [pool-97-thread-1] INFO  segmented.SegmentedRaftLogWorker (SegmentedRaftLogWorker.java:lambda$new$0(132)) - 3ed290a7-a21d-4e57-957f-efca320df8bc@group-D896BAE092F6-SegmentedRaftLogWorker: flushIndex: setUnconditionally 0 -> -1
2019-09-25 07:21:04,166 [pool-97-thread-1] INFO  server.RaftServerConfigKeys (ConfUtils.java:logGet(43)) - raft.server.snapshot.auto.trigger.enabled = true (custom)
2019-09-25 07:21:04,166 [pool-97-thread-1] INFO  server.RaftServerConfigKeys (ConfUtils.java:logGet(43)) - raft.server.snapshot.auto.trigger.threshold = 10000 (custom)
2019-09-25 07:21:04,166 [pool-97-thread-1] INFO  server.RaftServerConfigKeys (ConfUtils.java:logGet(43)) - raft.server.snapshot.retention.num.files = 5 (custom)
2019-09-25 07:21:04,167 [pool-97-thread-1] INFO  server.RaftServerConfigKeys (ConfUtils.java:logGet(43)) - raft.server.retrycache.expirytime = 600000ms (custom)
2019-09-25 07:21:04,169 [pool-97-thread-1] INFO  impl.RaftServerImpl (RaftServerImpl.java:start(185)) - 3ed290a7-a21d-4e57-957f-efca320df8bc@group-D896BAE092F6: start as a follower, conf=-1: [3ed290a7-a21d-4e57-957f-efca320df8bc:192.168.30.10:43596], old=null
2019-09-25 07:21:04,169 [pool-97-thread-1] INFO  impl.RaftServerImpl (RaftServerImpl.java:setRole(174)) - 3ed290a7-a21d-4e57-957f-efca320df8bc@group-D896BAE092F6: changes role from      null to FOLLOWER at term 0 for startAsFollower
2019-09-25 07:21:04,169 [pool-97-thread-1] INFO  impl.RoleInfo (RoleInfo.java:updateAndGet(143)) - 3ed290a7-a21d-4e57-957f-efca320df8bc: start FollowerState
2019-09-25 07:21:04,169 [pool-97-thread-1] INFO  util.JmxRegister (JmxRegister.java:tryRegister(44)) - Successfully registered JMX Bean with object name Ratis:service=RaftServer,group=group-D896BAE092F6,id=3ed290a7-a21d-4e57-957f-efca320df8bc
2019-09-25 07:21:04,172 [RatisPipelineUtilsThread] INFO  pipeline.PipelineStateManager (PipelineStateManager.java:addPipeline(56)) - Created pipeline Pipeline[ Id: 3a1ad721-f0a7-4aec-b6ee-d896bae092f6, Nodes: 3ed290a7-a21d-4e57-957f-efca320df8bc{ip: 192.168.30.10, host: pr-hdds-1569-s62bp-3040748787, networkLocation: /default-rack, certSerialId: null}, Type:RATIS, Factor:ONE, State:OPEN]
2019-09-25 07:21:04,172 [RatisPipelineUtilsThread] INFO  pipeline.PipelinePlacementPolicy (PipelinePlacementPolicy.java:meetCriteria(91)) - Pipeline Placement: Doesn't meet the criteria to be viable node： 8c621658-b0ee-4cf2-b145-27cf4e621fee Heaviness: 6 limit: 5
2019-09-25 07:21:04,172 [RatisPipelineUtilsThread] INFO  pipeline.PipelinePlacementPolicy (PipelinePlacementPolicy.java:meetCriteria(91)) - Pipeline Placement: Doesn't meet the criteria to be viable node： b05de815-ed09-4765-b576-c9e1c2f65196 Heaviness: 6 limit: 5
2019-09-25 07:21:04,173 [RatisPipelineUtilsThread] INFO  pipeline.PipelinePlacementPolicy (PipelinePlacementPolicy.java:meetCriteria(91)) - Pipeline Placement: Doesn't meet the criteria to be viable node： 6bc56785-b354-47d6-aaaa-aea62bb8d052 Heaviness: 6 limit: 5
2019-09-25 07:21:04,173 [RatisPipelineUtilsThread] INFO  pipeline.PipelinePlacementPolicy (PipelinePlacementPolicy.java:meetCriteria(91)) - Pipeline Placement: Doesn't meet the criteria to be viable node： 3176e44e-2b1b-466b-9a7b-9faa8a8c6db1 Heaviness: 6 limit: 5
2019-09-25 07:21:04,173 [RatisPipelineUtilsThread] INFO  pipeline.PipelinePlacementPolicy (PipelinePlacementPolicy.java:meetCriteria(91)) - Pipeline Placement: Doesn't meet the criteria to be viable node： f5d629fd-ecfe-43ee-9421-b64933e3fd75 Heaviness: 6 limit: 5
2019-09-25 07:21:04,173 [RatisPipelineUtilsThread] INFO  pipeline.PipelinePlacementPolicy (PipelinePlacementPolicy.java:meetCriteria(91)) - Pipeline Placement: Doesn't meet the criteria to be viable node： 46f08633-29b5-4547-ba27-3aefda386aa8 Heaviness: 6 limit: 5
2019-09-25 07:21:04,179 [grpc-default-executor-1] INFO  impl.RaftServerProxy (RaftServerProxy.java:addNew(89)) - 988e4f02-2728-4d94-a25f-5554bec3cdd7: addNew group-70FB19056FE7:[988e4f02-2728-4d94-a25f-5554bec3cdd7:192.168.30.10:32885] returns group-70FB19056FE7:java.util.concurrent.CompletableFuture@292a9ea6[Not completed]
2019-09-25 07:21:04,180 [pool-107-thread-1] INFO  impl.RaftServerImpl (RaftServerImpl.java:<init>(95)) - 988e4f02-2728-4d94-a25f-5554bec3cdd7: new RaftServerImpl for group-70FB19056FE7:[988e4f02-2728-4d94-a25f-5554bec3cdd7:192.168.30.10:32885] with ContainerStateMachine:uninitialized
2019-09-25 07:21:04,180 [pool-107-thread-1] INFO  server.RaftServerConfigKeys (ConfUtils.java:logGet(43)) - raft.server.rpc.timeout.min = 5s (custom)
2019-09-25 07:21:04,180 [pool-107-thread-1] INFO  server.RaftServerConfigKeys (ConfUtils.java:logGet(43)) - raft.server.rpc.timeout.max = 5200ms (custom)
2019-09-25 07:21:04,181 [pool-107-thread-1] INFO  server.RaftServerConfigKeys (ConfUtils.java:logGet(43)) - raft.server.rpcslowness.timeout = 120s (custom)
2019-09-25 07:21:04,181 [pool-107-thread-1] INFO  server.RaftServerConfigKeys (ConfUtils.java:logGet(43)) - raft.server.sleep.deviation.threshold = 300 (default)
2019-09-25 07:21:04,181 [pool-107-thread-1] INFO  server.RaftServerConfigKeys (ConfUtils.java:logGet(43)) - raft.server.log.appender.install.snapshot.enabled = false (custom)
2019-09-25 07:21:04,181 [pool-107-thread-1] INFO  impl.RaftServerImpl (ServerState.java:<init>(103)) - 988e4f02-2728-4d94-a25f-5554bec3cdd7@group-70FB19056FE7: ConfigurationManager, init=-1: [988e4f02-2728-4d94-a25f-5554bec3cdd7:192.168.30.10:32885], old=null, confs=<EMPTY_MAP>
2019-09-25 07:21:04,181 [pool-107-thread-1] INFO  server.RaftServerConfigKeys (ConfUtils.java:logGet(43)) - raft.server.storage.dir = [/workdir/hadoop-ozone/ozonefs/target/test-dir/MiniOzoneClusterImpl-48169ae4-fc36-4fd4-bc0e-7a80f7e832d4/datanode-8/data/ratis] (custom)
2019-09-25 07:21:04,182 [pool-107-thread-1] INFO  storage.RaftStorageDirectory (RaftStorageDirectory.java:analyzeStorage(246)) - The storage directory /workdir/hadoop-ozone/ozonefs/target/test-dir/MiniOzoneClusterImpl-48169ae4-fc36-4fd4-bc0e-7a80f7e832d4/datanode-8/data/ratis/1e9b7f60-617b-4f47-9782-70fb19056fe7 does not exist. Creating ...
2019-09-25 07:21:04,207 [pool-107-thread-1] INFO  storage.RaftStorageDirectory (RaftStorageDirectory.java:tryLock(328)) - Lock on /workdir/hadoop-ozone/ozonefs/target/test-dir/MiniOzoneClusterImpl-48169ae4-fc36-4fd4-bc0e-7a80f7e832d4/datanode-8/data/ratis/1e9b7f60-617b-4f47-9782-70fb19056fe7/in_use.lock acquired by nodename 26726@pr-hdds-1569-s62bp-3040748787
2019-09-25 07:21:04,232 [pool-107-thread-1] INFO  storage.RaftStorage (RaftStorage.java:format(72)) - Storage directory /workdir/hadoop-ozone/ozonefs/target/test-dir/MiniOzoneClusterImpl-48169ae4-fc36-4fd4-bc0e-7a80f7e832d4/datanode-8/data/ratis/1e9b7f60-617b-4f47-9782-70fb19056fe7 has been successfully formatted.
2019-09-25 07:21:04,233 [pool-107-thread-1] INFO  ratis.ContainerStateMachine (ContainerStateMachine.java:loadSnapshot(230)) - group-70FB19056FE7: The snapshot info is null. Setting the last applied indexto:(t:0, i:~)
2019-09-25 07:21:04,233 [pool-107-thread-1] INFO  server.RaftServerConfigKeys (ConfUtils.java:logGet(43)) - raft.server.notification.no-leader.timeout = 120s (custom)
2019-09-25 07:21:04,233 [pool-107-thread-1] INFO  server.RaftServerConfigKeys (ConfUtils.java:logGet(43)) - raft.server.log.use.memory = false (default)
2019-09-25 07:21:04,233 [pool-107-thread-1] INFO  server.RaftServerConfigKeys (ConfUtils.java:logGet(43)) - raft.server.log.purge.gap = 1000000 (custom)
2019-09-25 07:21:04,233 [pool-107-thread-1] INFO  server.RaftServerConfigKeys (ConfUtils.java:logGet(43)) - raft.server.log.appender.buffer.byte-limit = 33554432 (custom)
2019-09-25 07:21:04,233 [pool-107-thread-1] INFO  server.RaftServerConfigKeys (ConfUtils.java:logGet(43)) - raft.server.log.segment.size.max = 1048576 (custom)
2019-09-25 07:21:04,234 [pool-107-thread-1] INFO  server.RaftServerConfigKeys (ConfUtils.java:logGet(43)) - raft.server.log.segment.cache.num.max = 2 (custom)
2019-09-25 07:21:04,234 [pool-107-thread-1] INFO  segmented.SegmentedRaftLogWorker (SegmentedRaftLogWorker.java:<init>(172)) - new 988e4f02-2728-4d94-a25f-5554bec3cdd7@group-70FB19056FE7-SegmentedRaftLogWorker for RaftStorage:Storage Directory /workdir/hadoop-ozone/ozonefs/target/test-dir/MiniOzoneClusterImpl-48169ae4-fc36-4fd4-bc0e-7a80f7e832d4/datanode-8/data/ratis/1e9b7f60-617b-4f47-9782-70fb19056fe7
2019-09-25 07:21:04,234 [pool-107-thread-1] INFO  server.RaftServerConfigKeys (ConfUtils.java:logGet(43)) - raft.server.log.queue.byte-limit = 2147483647 (custom)
2019-09-25 07:21:04,234 [pool-107-thread-1] INFO  server.RaftServerConfigKeys (ConfUtils.java:logGet(43)) - raft.server.log.queue.element-limit = 1024 (custom)
2019-09-25 07:21:04,234 [pool-107-thread-1] INFO  server.RaftServerConfigKeys (ConfUtils.java:logGet(43)) - raft.server.log.segment.size.max = 1048576 (custom)
2019-09-25 07:21:04,234 [pool-107-thread-1] INFO  server.RaftServerConfigKeys (ConfUtils.java:logGet(43)) - raft.server.log.preallocated.size = 16384 (custom)
2019-09-25 07:21:04,235 [pool-107-thread-1] INFO  server.RaftServerConfigKeys (ConfUtils.java:logGet(43)) - raft.server.log.write.buffer.size = 33554432 (custom)
2019-09-25 07:21:04,235 [pool-107-thread-1] INFO  server.RaftServerConfigKeys (ConfUtils.java:logGet(43)) - raft.server.log.force.sync.num = 128 (default)
2019-09-25 07:21:04,235 [pool-107-thread-1] INFO  server.RaftServerConfigKeys (ConfUtils.java:logGet(43)) - raft.server.log.statemachine.data.sync = true (default)
2019-09-25 07:21:04,235 [pool-107-thread-1] INFO  server.RaftServerConfigKeys (ConfUtils.java:logGet(43)) - raft.server.log.statemachine.data.sync.timeout = 10s (default)
2019-09-25 07:21:04,235 [pool-107-thread-1] INFO  server.RaftServerConfigKeys (ConfUtils.java:logGet(43)) - raft.server.log.statemachine.data.sync.timeout.retry = -1 (default)
2019-09-25 07:21:04,235 [pool-107-thread-1] INFO  server.RaftServerConfigKeys (ConfUtils.java:logGet(43)) - raft.server.log.statemachine.data.caching.enabled = true (custom)
2019-09-25 07:21:04,236 [pool-107-thread-1] INFO  segmented.SegmentedRaftLogWorker (SegmentedRaftLogWorker.java:lambda$new$0(132)) - 988e4f02-2728-4d94-a25f-5554bec3cdd7@group-70FB19056FE7-SegmentedRaftLogWorker: flushIndex: setUnconditionally 0 -> -1
2019-09-25 07:21:04,236 [pool-107-thread-1] INFO  server.RaftServerConfigKeys (ConfUtils.java:logGet(43)) - raft.server.snapshot.auto.trigger.enabled = true (custom)
2019-09-25 07:21:04,236 [pool-107-thread-1] INFO  server.RaftServerConfigKeys (ConfUtils.java:logGet(43)) - raft.server.snapshot.auto.trigger.threshold = 10000 (custom)
2019-09-25 07:21:04,236 [pool-107-thread-1] INFO  server.RaftServerConfigKeys (ConfUtils.java:logGet(43)) - raft.server.snapshot.retention.num.files = 5 (custom)
2019-09-25 07:21:04,237 [pool-107-thread-1] INFO  server.RaftServerConfigKeys (ConfUtils.java:logGet(43)) - raft.server.retrycache.expirytime = 600000ms (custom)
2019-09-25 07:21:04,239 [pool-107-thread-1] INFO  impl.RaftServerImpl (RaftServerImpl.java:start(185)) - 988e4f02-2728-4d94-a25f-5554bec3cdd7@group-70FB19056FE7: start as a follower, conf=-1: [988e4f02-2728-4d94-a25f-5554bec3cdd7:192.168.30.10:32885], old=null
2019-09-25 07:21:04,239 [pool-107-thread-1] INFO  impl.RaftServerImpl (RaftServerImpl.java:setRole(174)) - 988e4f02-2728-4d94-a25f-5554bec3cdd7@group-70FB19056FE7: changes role from      null to FOLLOWER at term 0 for startAsFollower
2019-09-25 07:21:04,239 [pool-107-thread-1] INFO  impl.RoleInfo (RoleInfo.java:updateAndGet(143)) - 988e4f02-2728-4d94-a25f-5554bec3cdd7: start FollowerState
2019-09-25 07:21:04,240 [pool-107-thread-1] INFO  util.JmxRegister (JmxRegister.java:tryRegister(44)) - Successfully registered JMX Bean with object name Ratis:service=RaftServer,group=group-70FB19056FE7,id=988e4f02-2728-4d94-a25f-5554bec3cdd7
2019-09-25 07:21:04,243 [RatisPipelineUtilsThread] INFO  pipeline.PipelineStateManager (PipelineStateManager.java:addPipeline(56)) - Created pipeline Pipeline[ Id: 1e9b7f60-617b-4f47-9782-70fb19056fe7, Nodes: 988e4f02-2728-4d94-a25f-5554bec3cdd7{ip: 192.168.30.10, host: pr-hdds-1569-s62bp-3040748787, networkLocation: /default-rack, certSerialId: null}, Type:RATIS, Factor:ONE, State:OPEN]
2019-09-25 07:21:04,243 [RatisPipelineUtilsThread] INFO  pipeline.PipelinePlacementPolicy (PipelinePlacementPolicy.java:meetCriteria(91)) - Pipeline Placement: Doesn't meet the criteria to be viable node： 8c621658-b0ee-4cf2-b145-27cf4e621fee Heaviness: 6 limit: 5
2019-09-25 07:21:04,243 [RatisPipelineUtilsThread] INFO  pipeline.PipelinePlacementPolicy (PipelinePlacementPolicy.java:meetCriteria(91)) - Pipeline Placement: Doesn't meet the criteria to be viable node： b05de815-ed09-4765-b576-c9e1c2f65196 Heaviness: 6 limit: 5
2019-09-25 07:21:04,244 [RatisPipelineUtilsThread] INFO  pipeline.PipelinePlacementPolicy (PipelinePlacementPolicy.java:meetCriteria(91)) - Pipeline Placement: Doesn't meet the criteria to be viable node： 6bc56785-b354-47d6-aaaa-aea62bb8d052 Heaviness: 6 limit: 5
2019-09-25 07:21:04,244 [RatisPipelineUtilsThread] INFO  pipeline.PipelinePlacementPolicy (PipelinePlacementPolicy.java:meetCriteria(91)) - Pipeline Placement: Doesn't meet the criteria to be viable node： 3176e44e-2b1b-466b-9a7b-9faa8a8c6db1 Heaviness: 6 limit: 5
2019-09-25 07:21:04,244 [RatisPipelineUtilsThread] INFO  pipeline.PipelinePlacementPolicy (PipelinePlacementPolicy.java:meetCriteria(91)) - Pipeline Placement: Doesn't meet the criteria to be viable node： f5d629fd-ecfe-43ee-9421-b64933e3fd75 Heaviness: 6 limit: 5
2019-09-25 07:21:04,244 [RatisPipelineUtilsThread] INFO  pipeline.PipelinePlacementPolicy (PipelinePlacementPolicy.java:meetCriteria(91)) - Pipeline Placement: Doesn't meet the criteria to be viable node： 46f08633-29b5-4547-ba27-3aefda386aa8 Heaviness: 6 limit: 5
2019-09-25 07:21:04,244 [RatisPipelineUtilsThread] INFO  pipeline.PipelinePlacementPolicy (PipelinePlacementPolicy.java:meetCriteria(91)) - Pipeline Placement: Doesn't meet the criteria to be viable node： 988e4f02-2728-4d94-a25f-5554bec3cdd7 Heaviness: 6 limit: 5
2019-09-25 07:21:04,250 [grpc-default-executor-1] INFO  impl.RaftServerProxy (RaftServerProxy.java:addNew(89)) - f368be67-619a-45f1-9208-8e0055b252cf: addNew group-F76ABDBEEEF4:[f368be67-619a-45f1-9208-8e0055b252cf:192.168.30.10:40542] returns group-F76ABDBEEEF4:java.util.concurrent.CompletableFuture@5b6728f2[Not completed]
2019-09-25 07:21:04,251 [pool-117-thread-1] INFO  impl.RaftServerImpl (RaftServerImpl.java:<init>(95)) - f368be67-619a-45f1-9208-8e0055b252cf: new RaftServerImpl for group-F76ABDBEEEF4:[f368be67-619a-45f1-9208-8e0055b252cf:192.168.30.10:40542] with ContainerStateMachine:uninitialized
2019-09-25 07:21:04,252 [pool-117-thread-1] INFO  server.RaftServerConfigKeys (ConfUtils.java:logGet(43)) - raft.server.rpc.timeout.min = 5s (custom)
2019-09-25 07:21:04,252 [pool-117-thread-1] INFO  server.RaftServerConfigKeys (ConfUtils.java:logGet(43)) - raft.server.rpc.timeout.max = 5200ms (custom)
2019-09-25 07:21:04,252 [pool-117-thread-1] INFO  server.RaftServerConfigKeys (ConfUtils.java:logGet(43)) - raft.server.rpcslowness.timeout = 120s (custom)
2019-09-25 07:21:04,252 [pool-117-thread-1] INFO  server.RaftServerConfigKeys (ConfUtils.java:logGet(43)) - raft.server.sleep.deviation.threshold = 300 (default)
2019-09-25 07:21:04,252 [pool-117-thread-1] INFO  server.RaftServerConfigKeys (ConfUtils.java:logGet(43)) - raft.server.log.appender.install.snapshot.enabled = false (custom)
2019-09-25 07:21:04,252 [pool-117-thread-1] INFO  impl.RaftServerImpl (ServerState.java:<init>(103)) - f368be67-619a-45f1-9208-8e0055b252cf@group-F76ABDBEEEF4: ConfigurationManager, init=-1: [f368be67-619a-45f1-9208-8e0055b252cf:192.168.30.10:40542], old=null, confs=<EMPTY_MAP>
2019-09-25 07:21:04,253 [pool-117-thread-1] INFO  server.RaftServerConfigKeys (ConfUtils.java:logGet(43)) - raft.server.storage.dir = [/workdir/hadoop-ozone/ozonefs/target/test-dir/MiniOzoneClusterImpl-48169ae4-fc36-4fd4-bc0e-7a80f7e832d4/datanode-9/data/ratis] (custom)
2019-09-25 07:21:04,253 [pool-117-thread-1] INFO  storage.RaftStorageDirectory (RaftStorageDirectory.java:analyzeStorage(246)) - The storage directory /workdir/hadoop-ozone/ozonefs/target/test-dir/MiniOzoneClusterImpl-48169ae4-fc36-4fd4-bc0e-7a80f7e832d4/datanode-9/data/ratis/c134b284-6582-4543-b249-f76abdbeeef4 does not exist. Creating ...
2019-09-25 07:21:04,266 [pool-117-thread-1] INFO  storage.RaftStorageDirectory (RaftStorageDirectory.java:tryLock(328)) - Lock on /workdir/hadoop-ozone/ozonefs/target/test-dir/MiniOzoneClusterImpl-48169ae4-fc36-4fd4-bc0e-7a80f7e832d4/datanode-9/data/ratis/c134b284-6582-4543-b249-f76abdbeeef4/in_use.lock acquired by nodename 26726@pr-hdds-1569-s62bp-3040748787
2019-09-25 07:21:04,291 [pool-117-thread-1] INFO  storage.RaftStorage (RaftStorage.java:format(72)) - Storage directory /workdir/hadoop-ozone/ozonefs/target/test-dir/MiniOzoneClusterImpl-48169ae4-fc36-4fd4-bc0e-7a80f7e832d4/datanode-9/data/ratis/c134b284-6582-4543-b249-f76abdbeeef4 has been successfully formatted.
2019-09-25 07:21:04,291 [pool-117-thread-1] INFO  ratis.ContainerStateMachine (ContainerStateMachine.java:loadSnapshot(230)) - group-F76ABDBEEEF4: The snapshot info is null. Setting the last applied indexto:(t:0, i:~)
2019-09-25 07:21:04,292 [pool-117-thread-1] INFO  server.RaftServerConfigKeys (ConfUtils.java:logGet(43)) - raft.server.notification.no-leader.timeout = 120s (custom)
2019-09-25 07:21:04,292 [pool-117-thread-1] INFO  server.RaftServerConfigKeys (ConfUtils.java:logGet(43)) - raft.server.log.use.memory = false (default)
2019-09-25 07:21:04,292 [pool-117-thread-1] INFO  server.RaftServerConfigKeys (ConfUtils.java:logGet(43)) - raft.server.log.purge.gap = 1000000 (custom)
2019-09-25 07:21:04,292 [pool-117-thread-1] INFO  server.RaftServerConfigKeys (ConfUtils.java:logGet(43)) - raft.server.log.appender.buffer.byte-limit = 33554432 (custom)
2019-09-25 07:21:04,292 [pool-117-thread-1] INFO  server.RaftServerConfigKeys (ConfUtils.java:logGet(43)) - raft.server.log.segment.size.max = 1048576 (custom)
2019-09-25 07:21:04,292 [pool-117-thread-1] INFO  server.RaftServerConfigKeys (ConfUtils.java:logGet(43)) - raft.server.log.segment.cache.num.max = 2 (custom)
2019-09-25 07:21:04,293 [pool-117-thread-1] INFO  segmented.SegmentedRaftLogWorker (SegmentedRaftLogWorker.java:<init>(172)) - new f368be67-619a-45f1-9208-8e0055b252cf@group-F76ABDBEEEF4-SegmentedRaftLogWorker for RaftStorage:Storage Directory /workdir/hadoop-ozone/ozonefs/target/test-dir/MiniOzoneClusterImpl-48169ae4-fc36-4fd4-bc0e-7a80f7e832d4/datanode-9/data/ratis/c134b284-6582-4543-b249-f76abdbeeef4
2019-09-25 07:21:04,293 [pool-117-thread-1] INFO  server.RaftServerConfigKeys (ConfUtils.java:logGet(43)) - raft.server.log.queue.byte-limit = 2147483647 (custom)
2019-09-25 07:21:04,293 [pool-117-thread-1] INFO  server.RaftServerConfigKeys (ConfUtils.java:logGet(43)) - raft.server.log.queue.element-limit = 1024 (custom)
2019-09-25 07:21:04,293 [pool-117-thread-1] INFO  server.RaftServerConfigKeys (ConfUtils.java:logGet(43)) - raft.server.log.segment.size.max = 1048576 (custom)
2019-09-25 07:21:04,293 [pool-117-thread-1] INFO  server.RaftServerConfigKeys (ConfUtils.java:logGet(43)) - raft.server.log.preallocated.size = 16384 (custom)
2019-09-25 07:21:04,293 [pool-117-thread-1] INFO  server.RaftServerConfigKeys (ConfUtils.java:logGet(43)) - raft.server.log.write.buffer.size = 33554432 (custom)
2019-09-25 07:21:04,294 [pool-117-thread-1] INFO  server.RaftServerConfigKeys (ConfUtils.java:logGet(43)) - raft.server.log.force.sync.num = 128 (default)
2019-09-25 07:21:04,294 [pool-117-thread-1] INFO  server.RaftServerConfigKeys (ConfUtils.java:logGet(43)) - raft.server.log.statemachine.data.sync = true (default)
2019-09-25 07:21:04,294 [pool-117-thread-1] INFO  server.RaftServerConfigKeys (ConfUtils.java:logGet(43)) - raft.server.log.statemachine.data.sync.timeout = 10s (default)
2019-09-25 07:21:04,294 [pool-117-thread-1] INFO  server.RaftServerConfigKeys (ConfUtils.java:logGet(43)) - raft.server.log.statemachine.data.sync.timeout.retry = -1 (default)
2019-09-25 07:21:04,294 [pool-117-thread-1] INFO  server.RaftServerConfigKeys (ConfUtils.java:logGet(43)) - raft.server.log.statemachine.data.caching.enabled = true (custom)
2019-09-25 07:21:04,295 [pool-117-thread-1] INFO  segmented.SegmentedRaftLogWorker (SegmentedRaftLogWorker.java:lambda$new$0(132)) - f368be67-619a-45f1-9208-8e0055b252cf@group-F76ABDBEEEF4-SegmentedRaftLogWorker: flushIndex: setUnconditionally 0 -> -1
2019-09-25 07:21:04,295 [pool-117-thread-1] INFO  server.RaftServerConfigKeys (ConfUtils.java:logGet(43)) - raft.server.snapshot.auto.trigger.enabled = true (custom)
2019-09-25 07:21:04,295 [pool-117-thread-1] INFO  server.RaftServerConfigKeys (ConfUtils.java:logGet(43)) - raft.server.snapshot.auto.trigger.threshold = 10000 (custom)
2019-09-25 07:21:04,295 [pool-117-thread-1] INFO  server.RaftServerConfigKeys (ConfUtils.java:logGet(43)) - raft.server.snapshot.retention.num.files = 5 (custom)
2019-09-25 07:21:04,296 [pool-117-thread-1] INFO  server.RaftServerConfigKeys (ConfUtils.java:logGet(43)) - raft.server.retrycache.expirytime = 600000ms (custom)
2019-09-25 07:21:04,299 [pool-117-thread-1] INFO  impl.RaftServerImpl (RaftServerImpl.java:start(185)) - f368be67-619a-45f1-9208-8e0055b252cf@group-F76ABDBEEEF4: start as a follower, conf=-1: [f368be67-619a-45f1-9208-8e0055b252cf:192.168.30.10:40542], old=null
2019-09-25 07:21:04,299 [pool-117-thread-1] INFO  impl.RaftServerImpl (RaftServerImpl.java:setRole(174)) - f368be67-619a-45f1-9208-8e0055b252cf@group-F76ABDBEEEF4: changes role from      null to FOLLOWER at term 0 for startAsFollower
2019-09-25 07:21:04,299 [pool-117-thread-1] INFO  impl.RoleInfo (RoleInfo.java:updateAndGet(143)) - f368be67-619a-45f1-9208-8e0055b252cf: start FollowerState
2019-09-25 07:21:04,300 [pool-117-thread-1] INFO  util.JmxRegister (JmxRegister.java:tryRegister(44)) - Successfully registered JMX Bean with object name Ratis:service=RaftServer,group=group-F76ABDBEEEF4,id=f368be67-619a-45f1-9208-8e0055b252cf
2019-09-25 07:21:04,303 [RatisPipelineUtilsThread] INFO  pipeline.PipelineStateManager (PipelineStateManager.java:addPipeline(56)) - Created pipeline Pipeline[ Id: c134b284-6582-4543-b249-f76abdbeeef4, Nodes: f368be67-619a-45f1-9208-8e0055b252cf{ip: 192.168.30.10, host: pr-hdds-1569-s62bp-3040748787, networkLocation: /default-rack, certSerialId: null}, Type:RATIS, Factor:ONE, State:OPEN]
2019-09-25 07:21:04,303 [RatisPipelineUtilsThread] INFO  pipeline.PipelinePlacementPolicy (PipelinePlacementPolicy.java:meetCriteria(91)) - Pipeline Placement: Doesn't meet the criteria to be viable node： 8c621658-b0ee-4cf2-b145-27cf4e621fee Heaviness: 6 limit: 5
2019-09-25 07:21:04,303 [RatisPipelineUtilsThread] INFO  pipeline.PipelinePlacementPolicy (PipelinePlacementPolicy.java:meetCriteria(91)) - Pipeline Placement: Doesn't meet the criteria to be viable node： f368be67-619a-45f1-9208-8e0055b252cf Heaviness: 6 limit: 5
2019-09-25 07:21:04,304 [RatisPipelineUtilsThread] INFO  pipeline.PipelinePlacementPolicy (PipelinePlacementPolicy.java:meetCriteria(91)) - Pipeline Placement: Doesn't meet the criteria to be viable node： b05de815-ed09-4765-b576-c9e1c2f65196 Heaviness: 6 limit: 5
2019-09-25 07:21:04,304 [RatisPipelineUtilsThread] INFO  pipeline.PipelinePlacementPolicy (PipelinePlacementPolicy.java:meetCriteria(91)) - Pipeline Placement: Doesn't meet the criteria to be viable node： 6bc56785-b354-47d6-aaaa-aea62bb8d052 Heaviness: 6 limit: 5
2019-09-25 07:21:04,304 [RatisPipelineUtilsThread] INFO  pipeline.PipelinePlacementPolicy (PipelinePlacementPolicy.java:meetCriteria(91)) - Pipeline Placement: Doesn't meet the criteria to be viable node： 3176e44e-2b1b-466b-9a7b-9faa8a8c6db1 Heaviness: 6 limit: 5
2019-09-25 07:21:04,304 [RatisPipelineUtilsThread] INFO  pipeline.PipelinePlacementPolicy (PipelinePlacementPolicy.java:meetCriteria(91)) - Pipeline Placement: Doesn't meet the criteria to be viable node： f5d629fd-ecfe-43ee-9421-b64933e3fd75 Heaviness: 6 limit: 5
2019-09-25 07:21:04,304 [RatisPipelineUtilsThread] INFO  pipeline.PipelinePlacementPolicy (PipelinePlacementPolicy.java:meetCriteria(91)) - Pipeline Placement: Doesn't meet the criteria to be viable node： 46f08633-29b5-4547-ba27-3aefda386aa8 Heaviness: 6 limit: 5
2019-09-25 07:21:04,304 [RatisPipelineUtilsThread] INFO  pipeline.PipelinePlacementPolicy (PipelinePlacementPolicy.java:meetCriteria(91)) - Pipeline Placement: Doesn't meet the criteria to be viable node： 988e4f02-2728-4d94-a25f-5554bec3cdd7 Heaviness: 6 limit: 5
2019-09-25 07:21:04,311 [grpc-default-executor-1] INFO  impl.RaftServerProxy (RaftServerProxy.java:addNew(89)) - 3ed290a7-a21d-4e57-957f-efca320df8bc: addNew group-5DB15EA38734:[3ed290a7-a21d-4e57-957f-efca320df8bc:192.168.30.10:43596] returns group-5DB15EA38734:java.util.concurrent.CompletableFuture@3d50a51[Not completed]
2019-09-25 07:21:04,312 [pool-97-thread-1] INFO  impl.RaftServerImpl (RaftServerImpl.java:<init>(95)) - 3ed290a7-a21d-4e57-957f-efca320df8bc: new RaftServerImpl for group-5DB15EA38734:[3ed290a7-a21d-4e57-957f-efca320df8bc:192.168.30.10:43596] with ContainerStateMachine:uninitialized
2019-09-25 07:21:04,312 [pool-97-thread-1] INFO  server.RaftServerConfigKeys (ConfUtils.java:logGet(43)) - raft.server.rpc.timeout.min = 5s (custom)
2019-09-25 07:21:04,313 [pool-97-thread-1] INFO  server.RaftServerConfigKeys (ConfUtils.java:logGet(43)) - raft.server.rpc.timeout.max = 5200ms (custom)
2019-09-25 07:21:04,313 [pool-97-thread-1] INFO  server.RaftServerConfigKeys (ConfUtils.java:logGet(43)) - raft.server.rpcslowness.timeout = 120s (custom)
2019-09-25 07:21:04,313 [pool-97-thread-1] INFO  server.RaftServerConfigKeys (ConfUtils.java:logGet(43)) - raft.server.sleep.deviation.threshold = 300 (default)
2019-09-25 07:21:04,313 [pool-97-thread-1] INFO  server.RaftServerConfigKeys (ConfUtils.java:logGet(43)) - raft.server.log.appender.install.snapshot.enabled = false (custom)
2019-09-25 07:21:04,313 [pool-97-thread-1] INFO  impl.RaftServerImpl (ServerState.java:<init>(103)) - 3ed290a7-a21d-4e57-957f-efca320df8bc@group-5DB15EA38734: ConfigurationManager, init=-1: [3ed290a7-a21d-4e57-957f-efca320df8bc:192.168.30.10:43596], old=null, confs=<EMPTY_MAP>
2019-09-25 07:21:04,313 [pool-97-thread-1] INFO  server.RaftServerConfigKeys (ConfUtils.java:logGet(43)) - raft.server.storage.dir = [/workdir/hadoop-ozone/ozonefs/target/test-dir/MiniOzoneClusterImpl-48169ae4-fc36-4fd4-bc0e-7a80f7e832d4/datanode-7/data/ratis] (custom)
2019-09-25 07:21:04,314 [pool-97-thread-1] INFO  storage.RaftStorageDirectory (RaftStorageDirectory.java:analyzeStorage(246)) - The storage directory /workdir/hadoop-ozone/ozonefs/target/test-dir/MiniOzoneClusterImpl-48169ae4-fc36-4fd4-bc0e-7a80f7e832d4/datanode-7/data/ratis/be7ef9d9-2f2b-4fed-9cde-5db15ea38734 does not exist. Creating ...
2019-09-25 07:21:04,342 [pool-97-thread-1] INFO  storage.RaftStorageDirectory (RaftStorageDirectory.java:tryLock(328)) - Lock on /workdir/hadoop-ozone/ozonefs/target/test-dir/MiniOzoneClusterImpl-48169ae4-fc36-4fd4-bc0e-7a80f7e832d4/datanode-7/data/ratis/be7ef9d9-2f2b-4fed-9cde-5db15ea38734/in_use.lock acquired by nodename 26726@pr-hdds-1569-s62bp-3040748787
2019-09-25 07:21:04,355 [pool-97-thread-1] INFO  storage.RaftStorage (RaftStorage.java:format(72)) - Storage directory /workdir/hadoop-ozone/ozonefs/target/test-dir/MiniOzoneClusterImpl-48169ae4-fc36-4fd4-bc0e-7a80f7e832d4/datanode-7/data/ratis/be7ef9d9-2f2b-4fed-9cde-5db15ea38734 has been successfully formatted.
2019-09-25 07:21:04,356 [pool-97-thread-1] INFO  ratis.ContainerStateMachine (ContainerStateMachine.java:loadSnapshot(230)) - group-5DB15EA38734: The snapshot info is null. Setting the last applied indexto:(t:0, i:~)
2019-09-25 07:21:04,356 [pool-97-thread-1] INFO  server.RaftServerConfigKeys (ConfUtils.java:logGet(43)) - raft.server.notification.no-leader.timeout = 120s (custom)
2019-09-25 07:21:04,356 [pool-97-thread-1] INFO  server.RaftServerConfigKeys (ConfUtils.java:logGet(43)) - raft.server.log.use.memory = false (default)
2019-09-25 07:21:04,356 [pool-97-thread-1] INFO  server.RaftServerConfigKeys (ConfUtils.java:logGet(43)) - raft.server.log.purge.gap = 1000000 (custom)
2019-09-25 07:21:04,356 [pool-97-thread-1] INFO  server.RaftServerConfigKeys (ConfUtils.java:logGet(43)) - raft.server.log.appender.buffer.byte-limit = 33554432 (custom)
2019-09-25 07:21:04,356 [pool-97-thread-1] INFO  server.RaftServerConfigKeys (ConfUtils.java:logGet(43)) - raft.server.log.segment.size.max = 1048576 (custom)
2019-09-25 07:21:04,356 [pool-97-thread-1] INFO  server.RaftServerConfigKeys (ConfUtils.java:logGet(43)) - raft.server.log.segment.cache.num.max = 2 (custom)
2019-09-25 07:21:04,357 [pool-97-thread-1] INFO  segmented.SegmentedRaftLogWorker (SegmentedRaftLogWorker.java:<init>(172)) - new 3ed290a7-a21d-4e57-957f-efca320df8bc@group-5DB15EA38734-SegmentedRaftLogWorker for RaftStorage:Storage Directory /workdir/hadoop-ozone/ozonefs/target/test-dir/MiniOzoneClusterImpl-48169ae4-fc36-4fd4-bc0e-7a80f7e832d4/datanode-7/data/ratis/be7ef9d9-2f2b-4fed-9cde-5db15ea38734
2019-09-25 07:21:04,357 [pool-97-thread-1] INFO  server.RaftServerConfigKeys (ConfUtils.java:logGet(43)) - raft.server.log.queue.byte-limit = 2147483647 (custom)
2019-09-25 07:21:04,357 [pool-97-thread-1] INFO  server.RaftServerConfigKeys (ConfUtils.java:logGet(43)) - raft.server.log.queue.element-limit = 1024 (custom)
2019-09-25 07:21:04,357 [pool-97-thread-1] INFO  server.RaftServerConfigKeys (ConfUtils.java:logGet(43)) - raft.server.log.segment.size.max = 1048576 (custom)
2019-09-25 07:21:04,357 [pool-97-thread-1] INFO  server.RaftServerConfigKeys (ConfUtils.java:logGet(43)) - raft.server.log.preallocated.size = 16384 (custom)
2019-09-25 07:21:04,357 [pool-97-thread-1] INFO  server.RaftServerConfigKeys (ConfUtils.java:logGet(43)) - raft.server.log.write.buffer.size = 33554432 (custom)
2019-09-25 07:21:04,357 [pool-97-thread-1] INFO  server.RaftServerConfigKeys (ConfUtils.java:logGet(43)) - raft.server.log.force.sync.num = 128 (default)
2019-09-25 07:21:04,358 [pool-97-thread-1] INFO  server.RaftServerConfigKeys (ConfUtils.java:logGet(43)) - raft.server.log.statemachine.data.sync = true (default)
2019-09-25 07:21:04,358 [pool-97-thread-1] INFO  server.RaftServerConfigKeys (ConfUtils.java:logGet(43)) - raft.server.log.statemachine.data.sync.timeout = 10s (default)
2019-09-25 07:21:04,358 [pool-97-thread-1] INFO  server.RaftServerConfigKeys (ConfUtils.java:logGet(43)) - raft.server.log.statemachine.data.sync.timeout.retry = -1 (default)
2019-09-25 07:21:04,358 [pool-97-thread-1] INFO  server.RaftServerConfigKeys (ConfUtils.java:logGet(43)) - raft.server.log.statemachine.data.caching.enabled = true (custom)
2019-09-25 07:21:04,358 [pool-97-thread-1] INFO  segmented.SegmentedRaftLogWorker (SegmentedRaftLogWorker.java:lambda$new$0(132)) - 3ed290a7-a21d-4e57-957f-efca320df8bc@group-5DB15EA38734-SegmentedRaftLogWorker: flushIndex: setUnconditionally 0 -> -1
2019-09-25 07:21:04,359 [pool-97-thread-1] INFO  server.RaftServerConfigKeys (ConfUtils.java:logGet(43)) - raft.server.snapshot.auto.trigger.enabled = true (custom)
2019-09-25 07:21:04,359 [pool-97-thread-1] INFO  server.RaftServerConfigKeys (ConfUtils.java:logGet(43)) - raft.server.snapshot.auto.trigger.threshold = 10000 (custom)
2019-09-25 07:21:04,359 [pool-97-thread-1] INFO  server.RaftServerConfigKeys (ConfUtils.java:logGet(43)) - raft.server.snapshot.retention.num.files = 5 (custom)
2019-09-25 07:21:04,359 [pool-97-thread-1] INFO  server.RaftServerConfigKeys (ConfUtils.java:logGet(43)) - raft.server.retrycache.expirytime = 600000ms (custom)
2019-09-25 07:21:04,361 [pool-97-thread-1] INFO  impl.RaftServerImpl (RaftServerImpl.java:start(185)) - 3ed290a7-a21d-4e57-957f-efca320df8bc@group-5DB15EA38734: start as a follower, conf=-1: [3ed290a7-a21d-4e57-957f-efca320df8bc:192.168.30.10:43596], old=null
2019-09-25 07:21:04,362 [pool-97-thread-1] INFO  impl.RaftServerImpl (RaftServerImpl.java:setRole(174)) - 3ed290a7-a21d-4e57-957f-efca320df8bc@group-5DB15EA38734: changes role from      null to FOLLOWER at term 0 for startAsFollower
2019-09-25 07:21:04,362 [pool-97-thread-1] INFO  impl.RoleInfo (RoleInfo.java:updateAndGet(143)) - 3ed290a7-a21d-4e57-957f-efca320df8bc: start FollowerState
2019-09-25 07:21:04,362 [pool-97-thread-1] INFO  util.JmxRegister (JmxRegister.java:tryRegister(44)) - Successfully registered JMX Bean with object name Ratis:service=RaftServer,group=group-5DB15EA38734,id=3ed290a7-a21d-4e57-957f-efca320df8bc
2019-09-25 07:21:04,365 [RatisPipelineUtilsThread] INFO  pipeline.PipelineStateManager (PipelineStateManager.java:addPipeline(56)) - Created pipeline Pipeline[ Id: be7ef9d9-2f2b-4fed-9cde-5db15ea38734, Nodes: 3ed290a7-a21d-4e57-957f-efca320df8bc{ip: 192.168.30.10, host: pr-hdds-1569-s62bp-3040748787, networkLocation: /default-rack, certSerialId: null}, Type:RATIS, Factor:ONE, State:OPEN]
2019-09-25 07:21:04,365 [RatisPipelineUtilsThread] INFO  pipeline.PipelinePlacementPolicy (PipelinePlacementPolicy.java:meetCriteria(91)) - Pipeline Placement: Doesn't meet the criteria to be viable node： 8c621658-b0ee-4cf2-b145-27cf4e621fee Heaviness: 6 limit: 5
2019-09-25 07:21:04,365 [RatisPipelineUtilsThread] INFO  pipeline.PipelinePlacementPolicy (PipelinePlacementPolicy.java:meetCriteria(91)) - Pipeline Placement: Doesn't meet the criteria to be viable node： f368be67-619a-45f1-9208-8e0055b252cf Heaviness: 6 limit: 5
2019-09-25 07:21:04,366 [RatisPipelineUtilsThread] INFO  pipeline.PipelinePlacementPolicy (PipelinePlacementPolicy.java:meetCriteria(91)) - Pipeline Placement: Doesn't meet the criteria to be viable node： b05de815-ed09-4765-b576-c9e1c2f65196 Heaviness: 6 limit: 5
2019-09-25 07:21:04,366 [RatisPipelineUtilsThread] INFO  pipeline.PipelinePlacementPolicy (PipelinePlacementPolicy.java:meetCriteria(91)) - Pipeline Placement: Doesn't meet the criteria to be viable node： 6bc56785-b354-47d6-aaaa-aea62bb8d052 Heaviness: 6 limit: 5
2019-09-25 07:21:04,366 [RatisPipelineUtilsThread] INFO  pipeline.PipelinePlacementPolicy (PipelinePlacementPolicy.java:meetCriteria(91)) - Pipeline Placement: Doesn't meet the criteria to be viable node： 3176e44e-2b1b-466b-9a7b-9faa8a8c6db1 Heaviness: 6 limit: 5
2019-09-25 07:21:04,366 [RatisPipelineUtilsThread] INFO  pipeline.PipelinePlacementPolicy (PipelinePlacementPolicy.java:meetCriteria(91)) - Pipeline Placement: Doesn't meet the criteria to be viable node： f5d629fd-ecfe-43ee-9421-b64933e3fd75 Heaviness: 6 limit: 5
2019-09-25 07:21:04,366 [RatisPipelineUtilsThread] INFO  pipeline.PipelinePlacementPolicy (PipelinePlacementPolicy.java:meetCriteria(91)) - Pipeline Placement: Doesn't meet the criteria to be viable node： 46f08633-29b5-4547-ba27-3aefda386aa8 Heaviness: 6 limit: 5
2019-09-25 07:21:04,366 [RatisPipelineUtilsThread] INFO  pipeline.PipelinePlacementPolicy (PipelinePlacementPolicy.java:meetCriteria(91)) - Pipeline Placement: Doesn't meet the criteria to be viable node： 3ed290a7-a21d-4e57-957f-efca320df8bc Heaviness: 6 limit: 5
2019-09-25 07:21:04,366 [RatisPipelineUtilsThread] INFO  pipeline.PipelinePlacementPolicy (PipelinePlacementPolicy.java:meetCriteria(91)) - Pipeline Placement: Doesn't meet the criteria to be viable node： 988e4f02-2728-4d94-a25f-5554bec3cdd7 Heaviness: 6 limit: 5
2019-09-25 07:21:04,372 [grpc-default-executor-1] INFO  impl.RaftServerProxy (RaftServerProxy.java:addNew(89)) - 790994da-c556-4bb6-9860-e4bcd35fb518: addNew group-D903AB2894C3:[790994da-c556-4bb6-9860-e4bcd35fb518:192.168.30.10:42560] returns group-D903AB2894C3:java.util.concurrent.CompletableFuture@3a2c8aea[Not completed]
2019-09-25 07:21:04,373 [pool-57-thread-1] INFO  impl.RaftServerImpl (RaftServerImpl.java:<init>(95)) - 790994da-c556-4bb6-9860-e4bcd35fb518: new RaftServerImpl for group-D903AB2894C3:[790994da-c556-4bb6-9860-e4bcd35fb518:192.168.30.10:42560] with ContainerStateMachine:uninitialized
2019-09-25 07:21:04,373 [pool-57-thread-1] INFO  server.RaftServerConfigKeys (ConfUtils.java:logGet(43)) - raft.server.rpc.timeout.min = 5s (custom)
2019-09-25 07:21:04,373 [pool-57-thread-1] INFO  server.RaftServerConfigKeys (ConfUtils.java:logGet(43)) - raft.server.rpc.timeout.max = 5200ms (custom)
2019-09-25 07:21:04,374 [pool-57-thread-1] INFO  server.RaftServerConfigKeys (ConfUtils.java:logGet(43)) - raft.server.rpcslowness.timeout = 120s (custom)
2019-09-25 07:21:04,374 [pool-57-thread-1] INFO  server.RaftServerConfigKeys (ConfUtils.java:logGet(43)) - raft.server.sleep.deviation.threshold = 300 (default)
2019-09-25 07:21:04,374 [pool-57-thread-1] INFO  server.RaftServerConfigKeys (ConfUtils.java:logGet(43)) - raft.server.log.appender.install.snapshot.enabled = false (custom)
2019-09-25 07:21:04,374 [pool-57-thread-1] INFO  impl.RaftServerImpl (ServerState.java:<init>(103)) - 790994da-c556-4bb6-9860-e4bcd35fb518@group-D903AB2894C3: ConfigurationManager, init=-1: [790994da-c556-4bb6-9860-e4bcd35fb518:192.168.30.10:42560], old=null, confs=<EMPTY_MAP>
2019-09-25 07:21:04,374 [pool-57-thread-1] INFO  server.RaftServerConfigKeys (ConfUtils.java:logGet(43)) - raft.server.storage.dir = [/workdir/hadoop-ozone/ozonefs/target/test-dir/MiniOzoneClusterImpl-48169ae4-fc36-4fd4-bc0e-7a80f7e832d4/datanode-3/data/ratis] (custom)
2019-09-25 07:21:04,375 [pool-57-thread-1] INFO  storage.RaftStorageDirectory (RaftStorageDirectory.java:analyzeStorage(246)) - The storage directory /workdir/hadoop-ozone/ozonefs/target/test-dir/MiniOzoneClusterImpl-48169ae4-fc36-4fd4-bc0e-7a80f7e832d4/datanode-3/data/ratis/200b3e33-808a-40b8-8736-d903ab2894c3 does not exist. Creating ...
2019-09-25 07:21:04,379 [Thread-285] INFO  impl.FollowerState (FollowerState.java:run(106)) - b05de815-ed09-4765-b576-c9e1c2f65196:group-A1930925C671 changes to CANDIDATE, lastRpcTime:5122, electionTimeout:5122ms
2019-09-25 07:21:04,381 [Thread-285] INFO  impl.RoleInfo (RoleInfo.java:shutdownFollowerState(121)) - b05de815-ed09-4765-b576-c9e1c2f65196: shutdown FollowerState
2019-09-25 07:21:04,381 [Thread-285] INFO  impl.RaftServerImpl (RaftServerImpl.java:setRole(174)) - b05de815-ed09-4765-b576-c9e1c2f65196@group-A1930925C671: changes role from  FOLLOWER to CANDIDATE at term 0 for changeToCandidate
2019-09-25 07:21:04,385 [Thread-285] INFO  impl.RoleInfo (RoleInfo.java:updateAndGet(143)) - b05de815-ed09-4765-b576-c9e1c2f65196: start LeaderElection
2019-09-25 07:21:04,390 [pool-57-thread-1] INFO  storage.RaftStorageDirectory (RaftStorageDirectory.java:tryLock(328)) - Lock on /workdir/hadoop-ozone/ozonefs/target/test-dir/MiniOzoneClusterImpl-48169ae4-fc36-4fd4-bc0e-7a80f7e832d4/datanode-3/data/ratis/200b3e33-808a-40b8-8736-d903ab2894c3/in_use.lock acquired by nodename 26726@pr-hdds-1569-s62bp-3040748787
2019-09-25 07:21:04,412 [pool-57-thread-1] INFO  storage.RaftStorage (RaftStorage.java:format(72)) - Storage directory /workdir/hadoop-ozone/ozonefs/target/test-dir/MiniOzoneClusterImpl-48169ae4-fc36-4fd4-bc0e-7a80f7e832d4/datanode-3/data/ratis/200b3e33-808a-40b8-8736-d903ab2894c3 has been successfully formatted.
2019-09-25 07:21:04,412 [b05de815-ed09-4765-b576-c9e1c2f65196@group-A1930925C671:LeaderElection1] INFO  impl.LeaderElection (LeaderElection.java:askForVotes(182)) - b05de815-ed09-4765-b576-c9e1c2f65196@group-A1930925C671:LeaderElection1: begin an election at term 1 for -1: [b05de815-ed09-4765-b576-c9e1c2f65196:192.168.30.10:36348], old=null
2019-09-25 07:21:04,412 [pool-57-thread-1] INFO  ratis.ContainerStateMachine (ContainerStateMachine.java:loadSnapshot(230)) - group-D903AB2894C3: The snapshot info is null. Setting the last applied indexto:(t:0, i:~)
2019-09-25 07:21:04,413 [pool-57-thread-1] INFO  server.RaftServerConfigKeys (ConfUtils.java:logGet(43)) - raft.server.notification.no-leader.timeout = 120s (custom)
2019-09-25 07:21:04,413 [pool-57-thread-1] INFO  server.RaftServerConfigKeys (ConfUtils.java:logGet(43)) - raft.server.log.use.memory = false (default)
2019-09-25 07:21:04,413 [pool-57-thread-1] INFO  server.RaftServerConfigKeys (ConfUtils.java:logGet(43)) - raft.server.log.purge.gap = 1000000 (custom)
2019-09-25 07:21:04,413 [pool-57-thread-1] INFO  server.RaftServerConfigKeys (ConfUtils.java:logGet(43)) - raft.server.log.appender.buffer.byte-limit = 33554432 (custom)
2019-09-25 07:21:04,413 [pool-57-thread-1] INFO  server.RaftServerConfigKeys (ConfUtils.java:logGet(43)) - raft.server.log.segment.size.max = 1048576 (custom)
2019-09-25 07:21:04,413 [pool-57-thread-1] INFO  server.RaftServerConfigKeys (ConfUtils.java:logGet(43)) - raft.server.log.segment.cache.num.max = 2 (custom)
2019-09-25 07:21:04,414 [pool-57-thread-1] INFO  segmented.SegmentedRaftLogWorker (SegmentedRaftLogWorker.java:<init>(172)) - new 790994da-c556-4bb6-9860-e4bcd35fb518@group-D903AB2894C3-SegmentedRaftLogWorker for RaftStorage:Storage Directory /workdir/hadoop-ozone/ozonefs/target/test-dir/MiniOzoneClusterImpl-48169ae4-fc36-4fd4-bc0e-7a80f7e832d4/datanode-3/data/ratis/200b3e33-808a-40b8-8736-d903ab2894c3
2019-09-25 07:21:04,414 [pool-57-thread-1] INFO  server.RaftServerConfigKeys (ConfUtils.java:logGet(43)) - raft.server.log.queue.byte-limit = 2147483647 (custom)
2019-09-25 07:21:04,414 [pool-57-thread-1] INFO  server.RaftServerConfigKeys (ConfUtils.java:logGet(43)) - raft.server.log.queue.element-limit = 1024 (custom)
2019-09-25 07:21:04,414 [pool-57-thread-1] INFO  server.RaftServerConfigKeys (ConfUtils.java:logGet(43)) - raft.server.log.segment.size.max = 1048576 (custom)
2019-09-25 07:21:04,414 [pool-57-thread-1] INFO  server.RaftServerConfigKeys (ConfUtils.java:logGet(43)) - raft.server.log.preallocated.size = 16384 (custom)
2019-09-25 07:21:04,414 [pool-57-thread-1] INFO  server.RaftServerConfigKeys (ConfUtils.java:logGet(43)) - raft.server.log.write.buffer.size = 33554432 (custom)
2019-09-25 07:21:04,414 [pool-57-thread-1] INFO  server.RaftServerConfigKeys (ConfUtils.java:logGet(43)) - raft.server.log.force.sync.num = 128 (default)
2019-09-25 07:21:04,414 [pool-57-thread-1] INFO  server.RaftServerConfigKeys (ConfUtils.java:logGet(43)) - raft.server.log.statemachine.data.sync = true (default)
2019-09-25 07:21:04,414 [b05de815-ed09-4765-b576-c9e1c2f65196@group-A1930925C671:LeaderElection1] INFO  impl.RoleInfo (RoleInfo.java:shutdownLeaderElection(134)) - b05de815-ed09-4765-b576-c9e1c2f65196: shutdown LeaderElection
2019-09-25 07:21:04,415 [pool-57-thread-1] INFO  server.RaftServerConfigKeys (ConfUtils.java:logGet(43)) - raft.server.log.statemachine.data.sync.timeout = 10s (default)
2019-09-25 07:21:04,415 [pool-57-thread-1] INFO  server.RaftServerConfigKeys (ConfUtils.java:logGet(43)) - raft.server.log.statemachine.data.sync.timeout.retry = -1 (default)
2019-09-25 07:21:04,415 [pool-57-thread-1] INFO  server.RaftServerConfigKeys (ConfUtils.java:logGet(43)) - raft.server.log.statemachine.data.caching.enabled = true (custom)
2019-09-25 07:21:04,415 [b05de815-ed09-4765-b576-c9e1c2f65196@group-A1930925C671:LeaderElection1] INFO  impl.RaftServerImpl (RaftServerImpl.java:setRole(174)) - b05de815-ed09-4765-b576-c9e1c2f65196@group-A1930925C671: changes role from CANDIDATE to LEADER at term 1 for changeToLeader
2019-09-25 07:21:04,415 [pool-57-thread-1] INFO  segmented.SegmentedRaftLogWorker (SegmentedRaftLogWorker.java:lambda$new$0(132)) - 790994da-c556-4bb6-9860-e4bcd35fb518@group-D903AB2894C3-SegmentedRaftLogWorker: flushIndex: setUnconditionally 0 -> -1
2019-09-25 07:21:04,415 [b05de815-ed09-4765-b576-c9e1c2f65196@group-A1930925C671:LeaderElection1] INFO  impl.RaftServerImpl (ServerState.java:setLeader(253)) - b05de815-ed09-4765-b576-c9e1c2f65196@group-A1930925C671: change Leader from null to b05de815-ed09-4765-b576-c9e1c2f65196 at term 1 for becomeLeader, leader elected after 5307ms
2019-09-25 07:21:04,416 [pool-57-thread-1] INFO  server.RaftServerConfigKeys (ConfUtils.java:logGet(43)) - raft.server.snapshot.auto.trigger.enabled = true (custom)
2019-09-25 07:21:04,416 [pool-57-thread-1] INFO  server.RaftServerConfigKeys (ConfUtils.java:logGet(43)) - raft.server.snapshot.auto.trigger.threshold = 10000 (custom)
2019-09-25 07:21:04,416 [pool-57-thread-1] INFO  server.RaftServerConfigKeys (ConfUtils.java:logGet(43)) - raft.server.snapshot.retention.num.files = 5 (custom)
2019-09-25 07:21:04,416 [pool-57-thread-1] INFO  server.RaftServerConfigKeys (ConfUtils.java:logGet(43)) - raft.server.retrycache.expirytime = 600000ms (custom)
2019-09-25 07:21:04,418 [pool-57-thread-1] INFO  impl.RaftServerImpl (RaftServerImpl.java:start(185)) - 790994da-c556-4bb6-9860-e4bcd35fb518@group-D903AB2894C3: start as a follower, conf=-1: [790994da-c556-4bb6-9860-e4bcd35fb518:192.168.30.10:42560], old=null
2019-09-25 07:21:04,418 [pool-57-thread-1] INFO  impl.RaftServerImpl (RaftServerImpl.java:setRole(174)) - 790994da-c556-4bb6-9860-e4bcd35fb518@group-D903AB2894C3: changes role from      null to FOLLOWER at term 0 for startAsFollower
2019-09-25 07:21:04,419 [pool-57-thread-1] INFO  impl.RoleInfo (RoleInfo.java:updateAndGet(143)) - 790994da-c556-4bb6-9860-e4bcd35fb518: start FollowerState
2019-09-25 07:21:04,419 [pool-57-thread-1] INFO  util.JmxRegister (JmxRegister.java:tryRegister(44)) - Successfully registered JMX Bean with object name Ratis:service=RaftServer,group=group-D903AB2894C3,id=790994da-c556-4bb6-9860-e4bcd35fb518
2019-09-25 07:21:04,422 [RatisPipelineUtilsThread] INFO  pipeline.PipelineStateManager (PipelineStateManager.java:addPipeline(56)) - Created pipeline Pipeline[ Id: 200b3e33-808a-40b8-8736-d903ab2894c3, Nodes: 790994da-c556-4bb6-9860-e4bcd35fb518{ip: 192.168.30.10, host: pr-hdds-1569-s62bp-3040748787, networkLocation: /default-rack, certSerialId: null}, Type:RATIS, Factor:ONE, State:OPEN]
2019-09-25 07:21:04,422 [RatisPipelineUtilsThread] INFO  pipeline.PipelinePlacementPolicy (PipelinePlacementPolicy.java:meetCriteria(91)) - Pipeline Placement: Doesn't meet the criteria to be viable node： 8c621658-b0ee-4cf2-b145-27cf4e621fee Heaviness: 6 limit: 5
2019-09-25 07:21:04,422 [RatisPipelineUtilsThread] INFO  pipeline.PipelinePlacementPolicy (PipelinePlacementPolicy.java:meetCriteria(91)) - Pipeline Placement: Doesn't meet the criteria to be viable node： f368be67-619a-45f1-9208-8e0055b252cf Heaviness: 6 limit: 5
2019-09-25 07:21:04,422 [RatisPipelineUtilsThread] INFO  pipeline.PipelinePlacementPolicy (PipelinePlacementPolicy.java:meetCriteria(91)) - Pipeline Placement: Doesn't meet the criteria to be viable node： b05de815-ed09-4765-b576-c9e1c2f65196 Heaviness: 6 limit: 5
2019-09-25 07:21:04,422 [RatisPipelineUtilsThread] INFO  pipeline.PipelinePlacementPolicy (PipelinePlacementPolicy.java:meetCriteria(91)) - Pipeline Placement: Doesn't meet the criteria to be viable node： 6bc56785-b354-47d6-aaaa-aea62bb8d052 Heaviness: 6 limit: 5
2019-09-25 07:21:04,422 [RatisPipelineUtilsThread] INFO  pipeline.PipelinePlacementPolicy (PipelinePlacementPolicy.java:meetCriteria(91)) - Pipeline Placement: Doesn't meet the criteria to be viable node： 3176e44e-2b1b-466b-9a7b-9faa8a8c6db1 Heaviness: 6 limit: 5
2019-09-25 07:21:04,423 [RatisPipelineUtilsThread] INFO  pipeline.PipelinePlacementPolicy (PipelinePlacementPolicy.java:meetCriteria(91)) - Pipeline Placement: Doesn't meet the criteria to be viable node： f5d629fd-ecfe-43ee-9421-b64933e3fd75 Heaviness: 6 limit: 5
2019-09-25 07:21:04,423 [RatisPipelineUtilsThread] INFO  pipeline.PipelinePlacementPolicy (PipelinePlacementPolicy.java:meetCriteria(91)) - Pipeline Placement: Doesn't meet the criteria to be viable node： 790994da-c556-4bb6-9860-e4bcd35fb518 Heaviness: 6 limit: 5
2019-09-25 07:21:04,423 [RatisPipelineUtilsThread] INFO  pipeline.PipelinePlacementPolicy (PipelinePlacementPolicy.java:meetCriteria(91)) - Pipeline Placement: Doesn't meet the criteria to be viable node： 46f08633-29b5-4547-ba27-3aefda386aa8 Heaviness: 6 limit: 5
2019-09-25 07:21:04,423 [RatisPipelineUtilsThread] INFO  pipeline.PipelinePlacementPolicy (PipelinePlacementPolicy.java:meetCriteria(91)) - Pipeline Placement: Doesn't meet the criteria to be viable node： 3ed290a7-a21d-4e57-957f-efca320df8bc Heaviness: 6 limit: 5
2019-09-25 07:21:04,423 [RatisPipelineUtilsThread] INFO  pipeline.PipelinePlacementPolicy (PipelinePlacementPolicy.java:meetCriteria(91)) - Pipeline Placement: Doesn't meet the criteria to be viable node： 988e4f02-2728-4d94-a25f-5554bec3cdd7 Heaviness: 6 limit: 5
2019-09-25 07:21:04,422 [b05de815-ed09-4765-b576-c9e1c2f65196@group-A1930925C671:LeaderElection1] INFO  server.RaftServerConfigKeys (ConfUtils.java:logGet(43)) - raft.server.staging.catchup.gap = 1000 (default)
2019-09-25 07:21:04,423 [RatisPipelineUtilsThread] ERROR pipeline.PipelinePlacementPolicy (PipelinePlacementPolicy.java:filterViableNodes(148)) - Unable to find enough nodes that meet the criteria that cannot engage in more than 5 pipelines. Nodes required: 1 Found: 0, healthy nodes count inNodeManager: 10.
2019-09-25 07:21:04,423 [b05de815-ed09-4765-b576-c9e1c2f65196@group-A1930925C671:LeaderElection1] INFO  server.RaftServerConfigKeys (ConfUtils.java:logGet(43)) - raft.server.rpc.sleep.time = 25ms (default)
2019-09-25 07:21:04,425 [RatisPipelineUtilsThread] ERROR pipeline.SCMPipelineManager (SCMPipelineManager.java:createPipeline(167)) - Pipeline creation failed due to exception: Unable to find enough nodes that meet the criteria that cannot engage in more than 5 pipelines. Nodes required: 1 Found: 0, healthy nodes count inNodeManager: 10.
2019-09-25 07:21:04,425 [RatisPipelineUtilsThread] INFO  pipeline.PipelinePlacementPolicy (PipelinePlacementPolicy.java:meetCriteria(91)) - Pipeline Placement: Doesn't meet the criteria to be viable node： 8c621658-b0ee-4cf2-b145-27cf4e621fee Heaviness: 6 limit: 5
2019-09-25 07:21:04,425 [RatisPipelineUtilsThread] INFO  pipeline.PipelinePlacementPolicy (PipelinePlacementPolicy.java:meetCriteria(91)) - Pipeline Placement: Doesn't meet the criteria to be viable node： f368be67-619a-45f1-9208-8e0055b252cf Heaviness: 6 limit: 5
2019-09-25 07:21:04,425 [RatisPipelineUtilsThread] INFO  pipeline.PipelinePlacementPolicy (PipelinePlacementPolicy.java:meetCriteria(91)) - Pipeline Placement: Doesn't meet the criteria to be viable node： b05de815-ed09-4765-b576-c9e1c2f65196 Heaviness: 6 limit: 5
2019-09-25 07:21:04,425 [RatisPipelineUtilsThread] INFO  pipeline.PipelinePlacementPolicy (PipelinePlacementPolicy.java:meetCriteria(91)) - Pipeline Placement: Doesn't meet the criteria to be viable node： 6bc56785-b354-47d6-aaaa-aea62bb8d052 Heaviness: 6 limit: 5
2019-09-25 07:21:04,425 [RatisPipelineUtilsThread] INFO  pipeline.PipelinePlacementPolicy (PipelinePlacementPolicy.java:meetCriteria(91)) - Pipeline Placement: Doesn't meet the criteria to be viable node： 3176e44e-2b1b-466b-9a7b-9faa8a8c6db1 Heaviness: 6 limit: 5
2019-09-25 07:21:04,426 [RatisPipelineUtilsThread] INFO  pipeline.PipelinePlacementPolicy (PipelinePlacementPolicy.java:meetCriteria(91)) - Pipeline Placement: Doesn't meet the criteria to be viable node： f5d629fd-ecfe-43ee-9421-b64933e3fd75 Heaviness: 6 limit: 5
2019-09-25 07:21:04,426 [RatisPipelineUtilsThread] INFO  pipeline.PipelinePlacementPolicy (PipelinePlacementPolicy.java:meetCriteria(91)) - Pipeline Placement: Doesn't meet the criteria to be viable node： 790994da-c556-4bb6-9860-e4bcd35fb518 Heaviness: 6 limit: 5
2019-09-25 07:21:04,426 [RatisPipelineUtilsThread] INFO  pipeline.PipelinePlacementPolicy (PipelinePlacementPolicy.java:meetCriteria(91)) - Pipeline Placement: Doesn't meet the criteria to be viable node： 46f08633-29b5-4547-ba27-3aefda386aa8 Heaviness: 6 limit: 5
2019-09-25 07:21:04,426 [RatisPipelineUtilsThread] INFO  pipeline.PipelinePlacementPolicy (PipelinePlacementPolicy.java:meetCriteria(91)) - Pipeline Placement: Doesn't meet the criteria to be viable node： 3ed290a7-a21d-4e57-957f-efca320df8bc Heaviness: 6 limit: 5
2019-09-25 07:21:04,426 [RatisPipelineUtilsThread] INFO  pipeline.PipelinePlacementPolicy (PipelinePlacementPolicy.java:meetCriteria(91)) - Pipeline Placement: Doesn't meet the criteria to be viable node： 988e4f02-2728-4d94-a25f-5554bec3cdd7 Heaviness: 6 limit: 5
2019-09-25 07:21:04,426 [RatisPipelineUtilsThread] ERROR pipeline.PipelinePlacementPolicy (PipelinePlacementPolicy.java:filterViableNodes(148)) - Unable to find enough nodes that meet the criteria that cannot engage in more than 5 pipelines. Nodes required: 3 Found: 0, healthy nodes count inNodeManager: 10.
2019-09-25 07:21:04,426 [RatisPipelineUtilsThread] ERROR pipeline.SCMPipelineManager (SCMPipelineManager.java:createPipeline(167)) - Pipeline creation failed due to exception: Unable to find enough nodes that meet the criteria that cannot engage in more than 5 pipelines. Nodes required: 3 Found: 0, healthy nodes count inNodeManager: 10.
2019-09-25 07:21:04,427 [RatisPipelineUtilsThread] INFO  pipeline.PipelinePlacementPolicy (PipelinePlacementPolicy.java:meetCriteria(91)) - Pipeline Placement: Doesn't meet the criteria to be viable node： 8c621658-b0ee-4cf2-b145-27cf4e621fee Heaviness: 6 limit: 5
2019-09-25 07:21:04,427 [RatisPipelineUtilsThread] INFO  pipeline.PipelinePlacementPolicy (PipelinePlacementPolicy.java:meetCriteria(91)) - Pipeline Placement: Doesn't meet the criteria to be viable node： f368be67-619a-45f1-9208-8e0055b252cf Heaviness: 6 limit: 5
2019-09-25 07:21:04,427 [RatisPipelineUtilsThread] INFO  pipeline.PipelinePlacementPolicy (PipelinePlacementPolicy.java:meetCriteria(91)) - Pipeline Placement: Doesn't meet the criteria to be viable node： b05de815-ed09-4765-b576-c9e1c2f65196 Heaviness: 6 limit: 5
2019-09-25 07:21:04,427 [RatisPipelineUtilsThread] INFO  pipeline.PipelinePlacementPolicy (PipelinePlacementPolicy.java:meetCriteria(91)) - Pipeline Placement: Doesn't meet the criteria to be viable node： 6bc56785-b354-47d6-aaaa-aea62bb8d052 Heaviness: 6 limit: 5
2019-09-25 07:21:04,427 [RatisPipelineUtilsThread] INFO  pipeline.PipelinePlacementPolicy (PipelinePlacementPolicy.java:meetCriteria(91)) - Pipeline Placement: Doesn't meet the criteria to be viable node： 3176e44e-2b1b-466b-9a7b-9faa8a8c6db1 Heaviness: 6 limit: 5
2019-09-25 07:21:04,427 [RatisPipelineUtilsThread] INFO  pipeline.PipelinePlacementPolicy (PipelinePlacementPolicy.java:meetCriteria(91)) - Pipeline Placement: Doesn't meet the criteria to be viable node： f5d629fd-ecfe-43ee-9421-b64933e3fd75 Heaviness: 6 limit: 5
2019-09-25 07:21:04,427 [RatisPipelineUtilsThread] INFO  pipeline.PipelinePlacementPolicy (PipelinePlacementPolicy.java:meetCriteria(91)) - Pipeline Placement: Doesn't meet the criteria to be viable node： 790994da-c556-4bb6-9860-e4bcd35fb518 Heaviness: 6 limit: 5
2019-09-25 07:21:04,428 [RatisPipelineUtilsThread] INFO  pipeline.PipelinePlacementPolicy (PipelinePlacementPolicy.java:meetCriteria(91)) - Pipeline Placement: Doesn't meet the criteria to be viable node： 46f08633-29b5-4547-ba27-3aefda386aa8 Heaviness: 6 limit: 5
2019-09-25 07:21:04,428 [RatisPipelineUtilsThread] INFO  pipeline.PipelinePlacementPolicy (PipelinePlacementPolicy.java:meetCriteria(91)) - Pipeline Placement: Doesn't meet the criteria to be viable node： 3ed290a7-a21d-4e57-957f-efca320df8bc Heaviness: 6 limit: 5
2019-09-25 07:21:04,428 [RatisPipelineUtilsThread] INFO  pipeline.PipelinePlacementPolicy (PipelinePlacementPolicy.java:meetCriteria(91)) - Pipeline Placement: Doesn't meet the criteria to be viable node： 988e4f02-2728-4d94-a25f-5554bec3cdd7 Heaviness: 6 limit: 5
2019-09-25 07:21:04,427 [b05de815-ed09-4765-b576-c9e1c2f65196@group-A1930925C671:LeaderElection1] INFO  server.RaftServerConfigKeys (ConfUtils.java:logGet(43)) - raft.server.write.element-limit = 4096 (default)
2019-09-25 07:21:04,428 [RatisPipelineUtilsThread] ERROR pipeline.PipelinePlacementPolicy (PipelinePlacementPolicy.java:filterViableNodes(148)) - Unable to find enough nodes that meet the criteria that cannot engage in more than 5 pipelines. Nodes required: 1 Found: 0, healthy nodes count inNodeManager: 10.
2019-09-25 07:21:04,428 [RatisPipelineUtilsThread] ERROR pipeline.SCMPipelineManager (SCMPipelineManager.java:createPipeline(167)) - Pipeline creation failed due to exception: Unable to find enough nodes that meet the criteria that cannot engage in more than 5 pipelines. Nodes required: 1 Found: 0, healthy nodes count inNodeManager: 10.
2019-09-25 07:21:04,428 [RatisPipelineUtilsThread] INFO  pipeline.PipelinePlacementPolicy (PipelinePlacementPolicy.java:meetCriteria(91)) - Pipeline Placement: Doesn't meet the criteria to be viable node： 8c621658-b0ee-4cf2-b145-27cf4e621fee Heaviness: 6 limit: 5
2019-09-25 07:21:04,428 [RatisPipelineUtilsThread] INFO  pipeline.PipelinePlacementPolicy (PipelinePlacementPolicy.java:meetCriteria(91)) - Pipeline Placement: Doesn't meet the criteria to be viable node： f368be67-619a-45f1-9208-8e0055b252cf Heaviness: 6 limit: 5
2019-09-25 07:21:04,429 [RatisPipelineUtilsThread] INFO  pipeline.PipelinePlacementPolicy (PipelinePlacementPolicy.java:meetCriteria(91)) - Pipeline Placement: Doesn't meet the criteria to be viable node： b05de815-ed09-4765-b576-c9e1c2f65196 Heaviness: 6 limit: 5
2019-09-25 07:21:04,429 [RatisPipelineUtilsThread] INFO  pipeline.PipelinePlacementPolicy (PipelinePlacementPolicy.java:meetCriteria(91)) - Pipeline Placement: Doesn't meet the criteria to be viable node： 6bc56785-b354-47d6-aaaa-aea62bb8d052 Heaviness: 6 limit: 5
2019-09-25 07:21:04,429 [RatisPipelineUtilsThread] INFO  pipeline.PipelinePlacementPolicy (PipelinePlacementPolicy.java:meetCriteria(91)) - Pipeline Placement: Doesn't meet the criteria to be viable node： 3176e44e-2b1b-466b-9a7b-9faa8a8c6db1 Heaviness: 6 limit: 5
2019-09-25 07:21:04,429 [RatisPipelineUtilsThread] INFO  pipeline.PipelinePlacementPolicy (PipelinePlacementPolicy.java:meetCriteria(91)) - Pipeline Placement: Doesn't meet the criteria to be viable node： f5d629fd-ecfe-43ee-9421-b64933e3fd75 Heaviness: 6 limit: 5
2019-09-25 07:21:04,429 [RatisPipelineUtilsThread] INFO  pipeline.PipelinePlacementPolicy (PipelinePlacementPolicy.java:meetCriteria(91)) - Pipeline Placement: Doesn't meet the criteria to be viable node： 790994da-c556-4bb6-9860-e4bcd35fb518 Heaviness: 6 limit: 5
2019-09-25 07:21:04,429 [RatisPipelineUtilsThread] INFO  pipeline.PipelinePlacementPolicy (PipelinePlacementPolicy.java:meetCriteria(91)) - Pipeline Placement: Doesn't meet the criteria to be viable node： 46f08633-29b5-4547-ba27-3aefda386aa8 Heaviness: 6 limit: 5
2019-09-25 07:21:04,429 [RatisPipelineUtilsThread] INFO  pipeline.PipelinePlacementPolicy (PipelinePlacementPolicy.java:meetCriteria(91)) - Pipeline Placement: Doesn't meet the criteria to be viable node： 3ed290a7-a21d-4e57-957f-efca320df8bc Heaviness: 6 limit: 5
2019-09-25 07:21:04,429 [RatisPipelineUtilsThread] INFO  pipeline.PipelinePlacementPolicy (PipelinePlacementPolicy.java:meetCriteria(91)) - Pipeline Placement: Doesn't meet the criteria to be viable node： 988e4f02-2728-4d94-a25f-5554bec3cdd7 Heaviness: 6 limit: 5
2019-09-25 07:21:04,430 [RatisPipelineUtilsThread] ERROR pipeline.PipelinePlacementPolicy (PipelinePlacementPolicy.java:filterViableNodes(148)) - Unable to find enough nodes that meet the criteria that cannot engage in more than 5 pipelines. Nodes required: 3 Found: 0, healthy nodes count inNodeManager: 10.
2019-09-25 07:21:04,430 [RatisPipelineUtilsThread] ERROR pipeline.SCMPipelineManager (SCMPipelineManager.java:createPipeline(167)) - Pipeline creation failed due to exception: Unable to find enough nodes that meet the criteria that cannot engage in more than 5 pipelines. Nodes required: 3 Found: 0, healthy nodes count inNodeManager: 10.
2019-09-25 07:21:04,431 [b05de815-ed09-4765-b576-c9e1c2f65196@group-A1930925C671:LeaderElection1] INFO  server.RaftServerConfigKeys (ConfUtils.java:logGet(43)) - raft.server.watch.timeout = 10s (default)
2019-09-25 07:21:04,431 [b05de815-ed09-4765-b576-c9e1c2f65196@group-A1930925C671:LeaderElection1] INFO  server.RaftServerConfigKeys (ConfUtils.java:logGet(43)) - raft.server.watch.timeout.denomination = 1s (default)
2019-09-25 07:21:04,432 [b05de815-ed09-4765-b576-c9e1c2f65196@group-A1930925C671:LeaderElection1] INFO  server.RaftServerConfigKeys (ConfUtils.java:logGet(43)) - raft.server.watch.element-limit = 65536 (default)
2019-09-25 07:21:04,444 [b05de815-ed09-4765-b576-c9e1c2f65196@group-A1930925C671:LeaderElection1] INFO  impl.RoleInfo (RoleInfo.java:updateAndGet(143)) - b05de815-ed09-4765-b576-c9e1c2f65196: start LeaderState
2019-09-25 07:21:04,470 [b05de815-ed09-4765-b576-c9e1c2f65196@group-A1930925C671:LeaderElection1] INFO  segmented.SegmentedRaftLogWorker (SegmentedRaftLogWorker.java:startLogSegment(380)) - b05de815-ed09-4765-b576-c9e1c2f65196@group-A1930925C671-SegmentedRaftLogWorker: Starting segment from index:0
2019-09-25 07:21:04,479 [b05de815-ed09-4765-b576-c9e1c2f65196@group-A1930925C671:LeaderElection1] INFO  impl.RaftServerImpl (ServerState.java:setRaftConf(354)) - b05de815-ed09-4765-b576-c9e1c2f65196@group-A1930925C671: set configuration 0: [b05de815-ed09-4765-b576-c9e1c2f65196:192.168.30.10:36348], old=null at 0
2019-09-25 07:21:04,618 [Thread-288] INFO  impl.FollowerState (FollowerState.java:run(106)) - 6bc56785-b354-47d6-aaaa-aea62bb8d052:group-D1B4DEBC162C changes to CANDIDATE, lastRpcTime:5118, electionTimeout:5116ms
2019-09-25 07:21:04,637 [Thread-288] INFO  impl.RoleInfo (RoleInfo.java:shutdownFollowerState(121)) - 6bc56785-b354-47d6-aaaa-aea62bb8d052: shutdown FollowerState
2019-09-25 07:21:04,637 [Thread-288] INFO  impl.RaftServerImpl (RaftServerImpl.java:setRole(174)) - 6bc56785-b354-47d6-aaaa-aea62bb8d052@group-D1B4DEBC162C: changes role from  FOLLOWER to CANDIDATE at term 0 for changeToCandidate
2019-09-25 07:21:04,637 [Thread-288] INFO  impl.RoleInfo (RoleInfo.java:updateAndGet(143)) - 6bc56785-b354-47d6-aaaa-aea62bb8d052: start LeaderElection
2019-09-25 07:21:04,657 [b05de815-ed09-4765-b576-c9e1c2f65196@group-A1930925C671-SegmentedRaftLogWorker] INFO  segmented.SegmentedRaftLogWorker (SegmentedRaftLogWorker.java:execute(569)) - b05de815-ed09-4765-b576-c9e1c2f65196@group-A1930925C671-SegmentedRaftLogWorker: created new log segment /workdir/hadoop-ozone/ozonefs/target/test-dir/MiniOzoneClusterImpl-48169ae4-fc36-4fd4-bc0e-7a80f7e832d4/datanode-0/data/ratis/b17bfc12-78ee-44e4-aa8b-a1930925c671/current/log_inprogress_0
2019-09-25 07:21:04,657 [6bc56785-b354-47d6-aaaa-aea62bb8d052@group-D1B4DEBC162C:LeaderElection2] INFO  impl.LeaderElection (LeaderElection.java:askForVotes(182)) - 6bc56785-b354-47d6-aaaa-aea62bb8d052@group-D1B4DEBC162C:LeaderElection2: begin an election at term 1 for -1: [6bc56785-b354-47d6-aaaa-aea62bb8d052:192.168.30.10:40140], old=null
2019-09-25 07:21:04,658 [6bc56785-b354-47d6-aaaa-aea62bb8d052@group-D1B4DEBC162C:LeaderElection2] INFO  impl.RoleInfo (RoleInfo.java:shutdownLeaderElection(134)) - 6bc56785-b354-47d6-aaaa-aea62bb8d052: shutdown LeaderElection
2019-09-25 07:21:04,658 [6bc56785-b354-47d6-aaaa-aea62bb8d052@group-D1B4DEBC162C:LeaderElection2] INFO  impl.RaftServerImpl (RaftServerImpl.java:setRole(174)) - 6bc56785-b354-47d6-aaaa-aea62bb8d052@group-D1B4DEBC162C: changes role from CANDIDATE to LEADER at term 1 for changeToLeader
2019-09-25 07:21:04,658 [6bc56785-b354-47d6-aaaa-aea62bb8d052@group-D1B4DEBC162C:LeaderElection2] INFO  impl.RaftServerImpl (ServerState.java:setLeader(253)) - 6bc56785-b354-47d6-aaaa-aea62bb8d052@group-D1B4DEBC162C: change Leader from null to 6bc56785-b354-47d6-aaaa-aea62bb8d052 at term 1 for becomeLeader, leader elected after 5178ms
2019-09-25 07:21:04,658 [6bc56785-b354-47d6-aaaa-aea62bb8d052@group-D1B4DEBC162C:LeaderElection2] INFO  server.RaftServerConfigKeys (ConfUtils.java:logGet(43)) - raft.server.staging.catchup.gap = 1000 (default)
2019-09-25 07:21:04,658 [6bc56785-b354-47d6-aaaa-aea62bb8d052@group-D1B4DEBC162C:LeaderElection2] INFO  server.RaftServerConfigKeys (ConfUtils.java:logGet(43)) - raft.server.rpc.sleep.time = 25ms (default)
2019-09-25 07:21:04,658 [6bc56785-b354-47d6-aaaa-aea62bb8d052@group-D1B4DEBC162C:LeaderElection2] INFO  server.RaftServerConfigKeys (ConfUtils.java:logGet(43)) - raft.server.write.element-limit = 4096 (default)
2019-09-25 07:21:04,659 [6bc56785-b354-47d6-aaaa-aea62bb8d052@group-D1B4DEBC162C:LeaderElection2] INFO  server.RaftServerConfigKeys (ConfUtils.java:logGet(43)) - raft.server.watch.timeout = 10s (default)
2019-09-25 07:21:04,659 [6bc56785-b354-47d6-aaaa-aea62bb8d052@group-D1B4DEBC162C:LeaderElection2] INFO  server.RaftServerConfigKeys (ConfUtils.java:logGet(43)) - raft.server.watch.timeout.denomination = 1s (default)
2019-09-25 07:21:04,659 [6bc56785-b354-47d6-aaaa-aea62bb8d052@group-D1B4DEBC162C:LeaderElection2] INFO  server.RaftServerConfigKeys (ConfUtils.java:logGet(43)) - raft.server.watch.element-limit = 65536 (default)
2019-09-25 07:21:04,661 [6bc56785-b354-47d6-aaaa-aea62bb8d052@group-D1B4DEBC162C:LeaderElection2] INFO  impl.RoleInfo (RoleInfo.java:updateAndGet(143)) - 6bc56785-b354-47d6-aaaa-aea62bb8d052: start LeaderState
2019-09-25 07:21:04,662 [6bc56785-b354-47d6-aaaa-aea62bb8d052@group-D1B4DEBC162C:LeaderElection2] INFO  segmented.SegmentedRaftLogWorker (SegmentedRaftLogWorker.java:startLogSegment(380)) - 6bc56785-b354-47d6-aaaa-aea62bb8d052@group-D1B4DEBC162C-SegmentedRaftLogWorker: Starting segment from index:0
2019-09-25 07:21:04,662 [6bc56785-b354-47d6-aaaa-aea62bb8d052@group-D1B4DEBC162C:LeaderElection2] INFO  impl.RaftServerImpl (ServerState.java:setRaftConf(354)) - 6bc56785-b354-47d6-aaaa-aea62bb8d052@group-D1B4DEBC162C: set configuration 0: [6bc56785-b354-47d6-aaaa-aea62bb8d052:192.168.30.10:40140], old=null at 0
2019-09-25 07:21:04,711 [6bc56785-b354-47d6-aaaa-aea62bb8d052@group-D1B4DEBC162C-SegmentedRaftLogWorker] INFO  segmented.SegmentedRaftLogWorker (SegmentedRaftLogWorker.java:execute(569)) - 6bc56785-b354-47d6-aaaa-aea62bb8d052@group-D1B4DEBC162C-SegmentedRaftLogWorker: created new log segment /workdir/hadoop-ozone/ozonefs/target/test-dir/MiniOzoneClusterImpl-48169ae4-fc36-4fd4-bc0e-7a80f7e832d4/datanode-5/data/ratis/5424e7fc-1aeb-44de-845e-d1b4debc162c/current/log_inprogress_0
2019-09-25 07:21:04,727 [Thread-291] INFO  impl.FollowerState (FollowerState.java:run(106)) - 46f08633-29b5-4547-ba27-3aefda386aa8:group-740AC12B3BE6 changes to CANDIDATE, lastRpcTime:5069, electionTimeout:5069ms
2019-09-25 07:21:04,728 [Thread-291] INFO  impl.RoleInfo (RoleInfo.java:shutdownFollowerState(121)) - 46f08633-29b5-4547-ba27-3aefda386aa8: shutdown FollowerState
2019-09-25 07:21:04,728 [Thread-291] INFO  impl.RaftServerImpl (RaftServerImpl.java:setRole(174)) - 46f08633-29b5-4547-ba27-3aefda386aa8@group-740AC12B3BE6: changes role from  FOLLOWER to CANDIDATE at term 0 for changeToCandidate
2019-09-25 07:21:04,728 [Thread-291] INFO  impl.RoleInfo (RoleInfo.java:updateAndGet(143)) - 46f08633-29b5-4547-ba27-3aefda386aa8: start LeaderElection
2019-09-25 07:21:04,752 [46f08633-29b5-4547-ba27-3aefda386aa8@group-740AC12B3BE6:LeaderElection3] INFO  impl.LeaderElection (LeaderElection.java:askForVotes(182)) - 46f08633-29b5-4547-ba27-3aefda386aa8@group-740AC12B3BE6:LeaderElection3: begin an election at term 1 for -1: [46f08633-29b5-4547-ba27-3aefda386aa8:192.168.30.10:40516], old=null
2019-09-25 07:21:04,755 [46f08633-29b5-4547-ba27-3aefda386aa8@group-740AC12B3BE6:LeaderElection3] INFO  impl.RoleInfo (RoleInfo.java:shutdownLeaderElection(134)) - 46f08633-29b5-4547-ba27-3aefda386aa8: shutdown LeaderElection
2019-09-25 07:21:04,755 [46f08633-29b5-4547-ba27-3aefda386aa8@group-740AC12B3BE6:LeaderElection3] INFO  impl.RaftServerImpl (RaftServerImpl.java:setRole(174)) - 46f08633-29b5-4547-ba27-3aefda386aa8@group-740AC12B3BE6: changes role from CANDIDATE to LEADER at term 1 for changeToLeader
2019-09-25 07:21:04,755 [46f08633-29b5-4547-ba27-3aefda386aa8@group-740AC12B3BE6:LeaderElection3] INFO  impl.RaftServerImpl (ServerState.java:setLeader(253)) - 46f08633-29b5-4547-ba27-3aefda386aa8@group-740AC12B3BE6: change Leader from null to 46f08633-29b5-4547-ba27-3aefda386aa8 at term 1 for becomeLeader, leader elected after 5148ms
2019-09-25 07:21:04,756 [46f08633-29b5-4547-ba27-3aefda386aa8@group-740AC12B3BE6:LeaderElection3] INFO  server.RaftServerConfigKeys (ConfUtils.java:logGet(43)) - raft.server.staging.catchup.gap = 1000 (default)
2019-09-25 07:21:04,756 [46f08633-29b5-4547-ba27-3aefda386aa8@group-740AC12B3BE6:LeaderElection3] INFO  server.RaftServerConfigKeys (ConfUtils.java:logGet(43)) - raft.server.rpc.sleep.time = 25ms (default)
2019-09-25 07:21:04,756 [46f08633-29b5-4547-ba27-3aefda386aa8@group-740AC12B3BE6:LeaderElection3] INFO  server.RaftServerConfigKeys (ConfUtils.java:logGet(43)) - raft.server.write.element-limit = 4096 (default)
2019-09-25 07:21:04,756 [46f08633-29b5-4547-ba27-3aefda386aa8@group-740AC12B3BE6:LeaderElection3] INFO  server.RaftServerConfigKeys (ConfUtils.java:logGet(43)) - raft.server.watch.timeout = 10s (default)
2019-09-25 07:21:04,756 [46f08633-29b5-4547-ba27-3aefda386aa8@group-740AC12B3BE6:LeaderElection3] INFO  server.RaftServerConfigKeys (ConfUtils.java:logGet(43)) - raft.server.watch.timeout.denomination = 1s (default)
2019-09-25 07:21:04,756 [46f08633-29b5-4547-ba27-3aefda386aa8@group-740AC12B3BE6:LeaderElection3] INFO  server.RaftServerConfigKeys (ConfUtils.java:logGet(43)) - raft.server.watch.element-limit = 65536 (default)
2019-09-25 07:21:04,759 [46f08633-29b5-4547-ba27-3aefda386aa8@group-740AC12B3BE6:LeaderElection3] INFO  impl.RoleInfo (RoleInfo.java:updateAndGet(143)) - 46f08633-29b5-4547-ba27-3aefda386aa8: start LeaderState
2019-09-25 07:21:04,759 [46f08633-29b5-4547-ba27-3aefda386aa8@group-740AC12B3BE6:LeaderElection3] INFO  segmented.SegmentedRaftLogWorker (SegmentedRaftLogWorker.java:startLogSegment(380)) - 46f08633-29b5-4547-ba27-3aefda386aa8@group-740AC12B3BE6-SegmentedRaftLogWorker: Starting segment from index:0
2019-09-25 07:21:04,760 [46f08633-29b5-4547-ba27-3aefda386aa8@group-740AC12B3BE6:LeaderElection3] INFO  impl.RaftServerImpl (ServerState.java:setRaftConf(354)) - 46f08633-29b5-4547-ba27-3aefda386aa8@group-740AC12B3BE6: set configuration 0: [46f08633-29b5-4547-ba27-3aefda386aa8:192.168.30.10:40516], old=null at 0
2019-09-25 07:21:04,809 [46f08633-29b5-4547-ba27-3aefda386aa8@group-740AC12B3BE6-SegmentedRaftLogWorker] INFO  segmented.SegmentedRaftLogWorker (SegmentedRaftLogWorker.java:execute(569)) - 46f08633-29b5-4547-ba27-3aefda386aa8@group-740AC12B3BE6-SegmentedRaftLogWorker: created new log segment /workdir/hadoop-ozone/ozonefs/target/test-dir/MiniOzoneClusterImpl-48169ae4-fc36-4fd4-bc0e-7a80f7e832d4/datanode-2/data/ratis/be43aa0e-15a0-4e64-b428-740ac12b3be6/current/log_inprogress_0
2019-09-25 07:21:04,877 [Thread-294] INFO  impl.FollowerState (FollowerState.java:run(106)) - b05de815-ed09-4765-b576-c9e1c2f65196:group-BCF6A4D213E2 changes to CANDIDATE, lastRpcTime:5139, electionTimeout:5139ms
2019-09-25 07:21:04,878 [Thread-294] INFO  impl.RoleInfo (RoleInfo.java:shutdownFollowerState(121)) - b05de815-ed09-4765-b576-c9e1c2f65196: shutdown FollowerState
2019-09-25 07:21:04,878 [Thread-294] INFO  impl.RaftServerImpl (RaftServerImpl.java:setRole(174)) - b05de815-ed09-4765-b576-c9e1c2f65196@group-BCF6A4D213E2: changes role from  FOLLOWER to CANDIDATE at term 0 for changeToCandidate
2019-09-25 07:21:04,878 [Thread-294] INFO  impl.RoleInfo (RoleInfo.java:updateAndGet(143)) - b05de815-ed09-4765-b576-c9e1c2f65196: start LeaderElection
2019-09-25 07:21:04,902 [b05de815-ed09-4765-b576-c9e1c2f65196@group-BCF6A4D213E2:LeaderElection4] INFO  impl.LeaderElection (LeaderElection.java:askForVotes(182)) - b05de815-ed09-4765-b576-c9e1c2f65196@group-BCF6A4D213E2:LeaderElection4: begin an election at term 1 for -1: [b05de815-ed09-4765-b576-c9e1c2f65196:192.168.30.10:36348], old=null
2019-09-25 07:21:04,902 [b05de815-ed09-4765-b576-c9e1c2f65196@group-BCF6A4D213E2:LeaderElection4] INFO  impl.RoleInfo (RoleInfo.java:shutdownLeaderElection(134)) - b05de815-ed09-4765-b576-c9e1c2f65196: shutdown LeaderElection
2019-09-25 07:21:04,902 [b05de815-ed09-4765-b576-c9e1c2f65196@group-BCF6A4D213E2:LeaderElection4] INFO  impl.RaftServerImpl (RaftServerImpl.java:setRole(174)) - b05de815-ed09-4765-b576-c9e1c2f65196@group-BCF6A4D213E2: changes role from CANDIDATE to LEADER at term 1 for changeToLeader
2019-09-25 07:21:04,902 [b05de815-ed09-4765-b576-c9e1c2f65196@group-BCF6A4D213E2:LeaderElection4] INFO  impl.RaftServerImpl (ServerState.java:setLeader(253)) - b05de815-ed09-4765-b576-c9e1c2f65196@group-BCF6A4D213E2: change Leader from null to b05de815-ed09-4765-b576-c9e1c2f65196 at term 1 for becomeLeader, leader elected after 5172ms
2019-09-25 07:21:04,902 [b05de815-ed09-4765-b576-c9e1c2f65196@group-BCF6A4D213E2:LeaderElection4] INFO  server.RaftServerConfigKeys (ConfUtils.java:logGet(43)) - raft.server.staging.catchup.gap = 1000 (default)
2019-09-25 07:21:04,902 [b05de815-ed09-4765-b576-c9e1c2f65196@group-BCF6A4D213E2:LeaderElection4] INFO  server.RaftServerConfigKeys (ConfUtils.java:logGet(43)) - raft.server.rpc.sleep.time = 25ms (default)
2019-09-25 07:21:04,902 [b05de815-ed09-4765-b576-c9e1c2f65196@group-BCF6A4D213E2:LeaderElection4] INFO  server.RaftServerConfigKeys (ConfUtils.java:logGet(43)) - raft.server.write.element-limit = 4096 (default)
2019-09-25 07:21:04,903 [b05de815-ed09-4765-b576-c9e1c2f65196@group-BCF6A4D213E2:LeaderElection4] INFO  server.RaftServerConfigKeys (ConfUtils.java:logGet(43)) - raft.server.watch.timeout = 10s (default)
2019-09-25 07:21:04,903 [b05de815-ed09-4765-b576-c9e1c2f65196@group-BCF6A4D213E2:LeaderElection4] INFO  server.RaftServerConfigKeys (ConfUtils.java:logGet(43)) - raft.server.watch.timeout.denomination = 1s (default)
2019-09-25 07:21:04,903 [b05de815-ed09-4765-b576-c9e1c2f65196@group-BCF6A4D213E2:LeaderElection4] INFO  server.RaftServerConfigKeys (ConfUtils.java:logGet(43)) - raft.server.watch.element-limit = 65536 (default)
2019-09-25 07:21:04,905 [b05de815-ed09-4765-b576-c9e1c2f65196@group-BCF6A4D213E2:LeaderElection4] INFO  impl.RoleInfo (RoleInfo.java:updateAndGet(143)) - b05de815-ed09-4765-b576-c9e1c2f65196: start LeaderState
2019-09-25 07:21:04,906 [b05de815-ed09-4765-b576-c9e1c2f65196@group-BCF6A4D213E2:LeaderElection4] INFO  segmented.SegmentedRaftLogWorker (SegmentedRaftLogWorker.java:startLogSegment(380)) - b05de815-ed09-4765-b576-c9e1c2f65196@group-BCF6A4D213E2-SegmentedRaftLogWorker: Starting segment from index:0
2019-09-25 07:21:04,906 [b05de815-ed09-4765-b576-c9e1c2f65196@group-BCF6A4D213E2:LeaderElection4] INFO  impl.RaftServerImpl (ServerState.java:setRaftConf(354)) - b05de815-ed09-4765-b576-c9e1c2f65196@group-BCF6A4D213E2: set configuration 0: [b05de815-ed09-4765-b576-c9e1c2f65196:192.168.30.10:36348], old=null at 0
2019-09-25 07:21:04,958 [b05de815-ed09-4765-b576-c9e1c2f65196@group-BCF6A4D213E2-SegmentedRaftLogWorker] INFO  segmented.SegmentedRaftLogWorker (SegmentedRaftLogWorker.java:execute(569)) - b05de815-ed09-4765-b576-c9e1c2f65196@group-BCF6A4D213E2-SegmentedRaftLogWorker: created new log segment /workdir/hadoop-ozone/ozonefs/target/test-dir/MiniOzoneClusterImpl-48169ae4-fc36-4fd4-bc0e-7a80f7e832d4/datanode-0/data/ratis/4d37bd0e-2123-4104-b896-bcf6a4d213e2/current/log_inprogress_0
2019-09-25 07:21:05,034 [Thread-300] INFO  impl.FollowerState (FollowerState.java:run(106)) - 46f08633-29b5-4547-ba27-3aefda386aa8:group-4C97708F04BB changes to CANDIDATE, lastRpcTime:5093, electionTimeout:5093ms
2019-09-25 07:21:05,034 [Thread-300] INFO  impl.RoleInfo (RoleInfo.java:shutdownFollowerState(121)) - 46f08633-29b5-4547-ba27-3aefda386aa8: shutdown FollowerState
2019-09-25 07:21:05,034 [Thread-300] INFO  impl.RaftServerImpl (RaftServerImpl.java:setRole(174)) - 46f08633-29b5-4547-ba27-3aefda386aa8@group-4C97708F04BB: changes role from  FOLLOWER to CANDIDATE at term 0 for changeToCandidate
2019-09-25 07:21:05,035 [Thread-300] INFO  impl.RoleInfo (RoleInfo.java:updateAndGet(143)) - 46f08633-29b5-4547-ba27-3aefda386aa8: start LeaderElection
2019-09-25 07:21:05,045 [Thread-297] INFO  impl.FollowerState (FollowerState.java:run(106)) - f368be67-619a-45f1-9208-8e0055b252cf:group-0DE6A3156899 changes to CANDIDATE, lastRpcTime:5191, electionTimeout:5191ms
2019-09-25 07:21:05,045 [Thread-297] INFO  impl.RoleInfo (RoleInfo.java:shutdownFollowerState(121)) - f368be67-619a-45f1-9208-8e0055b252cf: shutdown FollowerState
2019-09-25 07:21:05,045 [Thread-297] INFO  impl.RaftServerImpl (RaftServerImpl.java:setRole(174)) - f368be67-619a-45f1-9208-8e0055b252cf@group-0DE6A3156899: changes role from  FOLLOWER to CANDIDATE at term 0 for changeToCandidate
2019-09-25 07:21:05,045 [Thread-297] INFO  impl.RoleInfo (RoleInfo.java:updateAndGet(143)) - f368be67-619a-45f1-9208-8e0055b252cf: start LeaderElection
2019-09-25 07:21:05,066 [46f08633-29b5-4547-ba27-3aefda386aa8@group-4C97708F04BB:LeaderElection5] INFO  impl.LeaderElection (LeaderElection.java:askForVotes(182)) - 46f08633-29b5-4547-ba27-3aefda386aa8@group-4C97708F04BB:LeaderElection5: begin an election at term 1 for -1: [46f08633-29b5-4547-ba27-3aefda386aa8:192.168.30.10:40516], old=null
2019-09-25 07:21:05,066 [f368be67-619a-45f1-9208-8e0055b252cf@group-0DE6A3156899:LeaderElection6] INFO  impl.LeaderElection (LeaderElection.java:askForVotes(182)) - f368be67-619a-45f1-9208-8e0055b252cf@group-0DE6A3156899:LeaderElection6: begin an election at term 1 for -1: [f368be67-619a-45f1-9208-8e0055b252cf:192.168.30.10:40542], old=null
2019-09-25 07:21:05,067 [46f08633-29b5-4547-ba27-3aefda386aa8@group-4C97708F04BB:LeaderElection5] INFO  impl.RoleInfo (RoleInfo.java:shutdownLeaderElection(134)) - 46f08633-29b5-4547-ba27-3aefda386aa8: shutdown LeaderElection
2019-09-25 07:21:05,067 [f368be67-619a-45f1-9208-8e0055b252cf@group-0DE6A3156899:LeaderElection6] INFO  impl.RoleInfo (RoleInfo.java:shutdownLeaderElection(134)) - f368be67-619a-45f1-9208-8e0055b252cf: shutdown LeaderElection
2019-09-25 07:21:05,067 [46f08633-29b5-4547-ba27-3aefda386aa8@group-4C97708F04BB:LeaderElection5] INFO  impl.RaftServerImpl (RaftServerImpl.java:setRole(174)) - 46f08633-29b5-4547-ba27-3aefda386aa8@group-4C97708F04BB: changes role from CANDIDATE to LEADER at term 1 for changeToLeader
2019-09-25 07:21:05,067 [f368be67-619a-45f1-9208-8e0055b252cf@group-0DE6A3156899:LeaderElection6] INFO  impl.RaftServerImpl (RaftServerImpl.java:setRole(174)) - f368be67-619a-45f1-9208-8e0055b252cf@group-0DE6A3156899: changes role from CANDIDATE to LEADER at term 1 for changeToLeader
2019-09-25 07:21:05,067 [46f08633-29b5-4547-ba27-3aefda386aa8@group-4C97708F04BB:LeaderElection5] INFO  impl.RaftServerImpl (ServerState.java:setLeader(253)) - 46f08633-29b5-4547-ba27-3aefda386aa8@group-4C97708F04BB: change Leader from null to 46f08633-29b5-4547-ba27-3aefda386aa8 at term 1 for becomeLeader, leader elected after 5136ms
2019-09-25 07:21:05,067 [f368be67-619a-45f1-9208-8e0055b252cf@group-0DE6A3156899:LeaderElection6] INFO  impl.RaftServerImpl (ServerState.java:setLeader(253)) - f368be67-619a-45f1-9208-8e0055b252cf@group-0DE6A3156899: change Leader from null to f368be67-619a-45f1-9208-8e0055b252cf at term 1 for becomeLeader, leader elected after 5229ms
2019-09-25 07:21:05,067 [46f08633-29b5-4547-ba27-3aefda386aa8@group-4C97708F04BB:LeaderElection5] INFO  server.RaftServerConfigKeys (ConfUtils.java:logGet(43)) - raft.server.staging.catchup.gap = 1000 (default)
2019-09-25 07:21:05,067 [f368be67-619a-45f1-9208-8e0055b252cf@group-0DE6A3156899:LeaderElection6] INFO  server.RaftServerConfigKeys (ConfUtils.java:logGet(43)) - raft.server.staging.catchup.gap = 1000 (default)
2019-09-25 07:21:05,068 [46f08633-29b5-4547-ba27-3aefda386aa8@group-4C97708F04BB:LeaderElection5] INFO  server.RaftServerConfigKeys (ConfUtils.java:logGet(43)) - raft.server.rpc.sleep.time = 25ms (default)
2019-09-25 07:21:05,068 [f368be67-619a-45f1-9208-8e0055b252cf@group-0DE6A3156899:LeaderElection6] INFO  server.RaftServerConfigKeys (ConfUtils.java:logGet(43)) - raft.server.rpc.sleep.time = 25ms (default)
2019-09-25 07:21:05,068 [46f08633-29b5-4547-ba27-3aefda386aa8@group-4C97708F04BB:LeaderElection5] INFO  server.RaftServerConfigKeys (ConfUtils.java:logGet(43)) - raft.server.write.element-limit = 4096 (default)
2019-09-25 07:21:05,068 [f368be67-619a-45f1-9208-8e0055b252cf@group-0DE6A3156899:LeaderElection6] INFO  server.RaftServerConfigKeys (ConfUtils.java:logGet(43)) - raft.server.write.element-limit = 4096 (default)
2019-09-25 07:21:05,068 [46f08633-29b5-4547-ba27-3aefda386aa8@group-4C97708F04BB:LeaderElection5] INFO  server.RaftServerConfigKeys (ConfUtils.java:logGet(43)) - raft.server.watch.timeout = 10s (default)
2019-09-25 07:21:05,068 [f368be67-619a-45f1-9208-8e0055b252cf@group-0DE6A3156899:LeaderElection6] INFO  server.RaftServerConfigKeys (ConfUtils.java:logGet(43)) - raft.server.watch.timeout = 10s (default)
2019-09-25 07:21:05,068 [46f08633-29b5-4547-ba27-3aefda386aa8@group-4C97708F04BB:LeaderElection5] INFO  server.RaftServerConfigKeys (ConfUtils.java:logGet(43)) - raft.server.watch.timeout.denomination = 1s (default)
2019-09-25 07:21:05,069 [f368be67-619a-45f1-9208-8e0055b252cf@group-0DE6A3156899:LeaderElection6] INFO  server.RaftServerConfigKeys (ConfUtils.java:logGet(43)) - raft.server.watch.timeout.denomination = 1s (default)
2019-09-25 07:21:05,069 [46f08633-29b5-4547-ba27-3aefda386aa8@group-4C97708F04BB:LeaderElection5] INFO  server.RaftServerConfigKeys (ConfUtils.java:logGet(43)) - raft.server.watch.element-limit = 65536 (default)
2019-09-25 07:21:05,069 [f368be67-619a-45f1-9208-8e0055b252cf@group-0DE6A3156899:LeaderElection6] INFO  server.RaftServerConfigKeys (ConfUtils.java:logGet(43)) - raft.server.watch.element-limit = 65536 (default)
2019-09-25 07:21:05,072 [46f08633-29b5-4547-ba27-3aefda386aa8@group-4C97708F04BB:LeaderElection5] INFO  impl.RoleInfo (RoleInfo.java:updateAndGet(143)) - 46f08633-29b5-4547-ba27-3aefda386aa8: start LeaderState
2019-09-25 07:21:05,072 [f368be67-619a-45f1-9208-8e0055b252cf@group-0DE6A3156899:LeaderElection6] INFO  impl.RoleInfo (RoleInfo.java:updateAndGet(143)) - f368be67-619a-45f1-9208-8e0055b252cf: start LeaderState
2019-09-25 07:21:05,072 [46f08633-29b5-4547-ba27-3aefda386aa8@group-4C97708F04BB:LeaderElection5] INFO  segmented.SegmentedRaftLogWorker (SegmentedRaftLogWorker.java:startLogSegment(380)) - 46f08633-29b5-4547-ba27-3aefda386aa8@group-4C97708F04BB-SegmentedRaftLogWorker: Starting segment from index:0
2019-09-25 07:21:05,073 [f368be67-619a-45f1-9208-8e0055b252cf@group-0DE6A3156899:LeaderElection6] INFO  segmented.SegmentedRaftLogWorker (SegmentedRaftLogWorker.java:startLogSegment(380)) - f368be67-619a-45f1-9208-8e0055b252cf@group-0DE6A3156899-SegmentedRaftLogWorker: Starting segment from index:0
2019-09-25 07:21:05,073 [46f08633-29b5-4547-ba27-3aefda386aa8@group-4C97708F04BB:LeaderElection5] INFO  impl.RaftServerImpl (ServerState.java:setRaftConf(354)) - 46f08633-29b5-4547-ba27-3aefda386aa8@group-4C97708F04BB: set configuration 0: [46f08633-29b5-4547-ba27-3aefda386aa8:192.168.30.10:40516], old=null at 0
2019-09-25 07:21:05,110 [f368be67-619a-45f1-9208-8e0055b252cf@group-0DE6A3156899:LeaderElection6] INFO  impl.RaftServerImpl (ServerState.java:setRaftConf(354)) - f368be67-619a-45f1-9208-8e0055b252cf@group-0DE6A3156899: set configuration 0: [f368be67-619a-45f1-9208-8e0055b252cf:192.168.30.10:40542], old=null at 0
2019-09-25 07:21:05,150 [Thread-303] INFO  impl.FollowerState (FollowerState.java:run(106)) - 988e4f02-2728-4d94-a25f-5554bec3cdd7:group-2BCE8BFE1E7B changes to CANDIDATE, lastRpcTime:5118, electionTimeout:5114ms
2019-09-25 07:21:05,150 [46f08633-29b5-4547-ba27-3aefda386aa8@group-4C97708F04BB-SegmentedRaftLogWorker] INFO  segmented.SegmentedRaftLogWorker (SegmentedRaftLogWorker.java:execute(569)) - 46f08633-29b5-4547-ba27-3aefda386aa8@group-4C97708F04BB-SegmentedRaftLogWorker: created new log segment /workdir/hadoop-ozone/ozonefs/target/test-dir/MiniOzoneClusterImpl-48169ae4-fc36-4fd4-bc0e-7a80f7e832d4/datanode-2/data/ratis/2e2d2102-7eb5-40d5-8cfd-4c97708f04bb/current/log_inprogress_0
2019-09-25 07:21:05,150 [Thread-303] INFO  impl.RoleInfo (RoleInfo.java:shutdownFollowerState(121)) - 988e4f02-2728-4d94-a25f-5554bec3cdd7: shutdown FollowerState
2019-09-25 07:21:05,150 [Thread-303] INFO  impl.RaftServerImpl (RaftServerImpl.java:setRole(174)) - 988e4f02-2728-4d94-a25f-5554bec3cdd7@group-2BCE8BFE1E7B: changes role from  FOLLOWER to CANDIDATE at term 0 for changeToCandidate
2019-09-25 07:21:05,150 [Thread-303] INFO  impl.RoleInfo (RoleInfo.java:updateAndGet(143)) - 988e4f02-2728-4d94-a25f-5554bec3cdd7: start LeaderElection
2019-09-25 07:21:05,162 [f368be67-619a-45f1-9208-8e0055b252cf@group-0DE6A3156899-SegmentedRaftLogWorker] INFO  segmented.SegmentedRaftLogWorker (SegmentedRaftLogWorker.java:execute(569)) - f368be67-619a-45f1-9208-8e0055b252cf@group-0DE6A3156899-SegmentedRaftLogWorker: created new log segment /workdir/hadoop-ozone/ozonefs/target/test-dir/MiniOzoneClusterImpl-48169ae4-fc36-4fd4-bc0e-7a80f7e832d4/datanode-9/data/ratis/10eec2e2-8041-4004-9ce9-0de6a3156899/current/log_inprogress_0
2019-09-25 07:21:05,163 [988e4f02-2728-4d94-a25f-5554bec3cdd7@group-2BCE8BFE1E7B:LeaderElection7] INFO  impl.LeaderElection (LeaderElection.java:askForVotes(182)) - 988e4f02-2728-4d94-a25f-5554bec3cdd7@group-2BCE8BFE1E7B:LeaderElection7: begin an election at term 1 for -1: [988e4f02-2728-4d94-a25f-5554bec3cdd7:192.168.30.10:32885], old=null
2019-09-25 07:21:05,163 [988e4f02-2728-4d94-a25f-5554bec3cdd7@group-2BCE8BFE1E7B:LeaderElection7] INFO  impl.RoleInfo (RoleInfo.java:shutdownLeaderElection(134)) - 988e4f02-2728-4d94-a25f-5554bec3cdd7: shutdown LeaderElection
2019-09-25 07:21:05,163 [988e4f02-2728-4d94-a25f-5554bec3cdd7@group-2BCE8BFE1E7B:LeaderElection7] INFO  impl.RaftServerImpl (RaftServerImpl.java:setRole(174)) - 988e4f02-2728-4d94-a25f-5554bec3cdd7@group-2BCE8BFE1E7B: changes role from CANDIDATE to LEADER at term 1 for changeToLeader
2019-09-25 07:21:05,163 [988e4f02-2728-4d94-a25f-5554bec3cdd7@group-2BCE8BFE1E7B:LeaderElection7] INFO  impl.RaftServerImpl (ServerState.java:setLeader(253)) - 988e4f02-2728-4d94-a25f-5554bec3cdd7@group-2BCE8BFE1E7B: change Leader from null to 988e4f02-2728-4d94-a25f-5554bec3cdd7 at term 1 for becomeLeader, leader elected after 5144ms
2019-09-25 07:21:05,163 [988e4f02-2728-4d94-a25f-5554bec3cdd7@group-2BCE8BFE1E7B:LeaderElection7] INFO  server.RaftServerConfigKeys (ConfUtils.java:logGet(43)) - raft.server.staging.catchup.gap = 1000 (default)
2019-09-25 07:21:05,163 [988e4f02-2728-4d94-a25f-5554bec3cdd7@group-2BCE8BFE1E7B:LeaderElection7] INFO  server.RaftServerConfigKeys (ConfUtils.java:logGet(43)) - raft.server.rpc.sleep.time = 25ms (default)
2019-09-25 07:21:05,164 [988e4f02-2728-4d94-a25f-5554bec3cdd7@group-2BCE8BFE1E7B:LeaderElection7] INFO  server.RaftServerConfigKeys (ConfUtils.java:logGet(43)) - raft.server.write.element-limit = 4096 (default)
2019-09-25 07:21:05,164 [988e4f02-2728-4d94-a25f-5554bec3cdd7@group-2BCE8BFE1E7B:LeaderElection7] INFO  server.RaftServerConfigKeys (ConfUtils.java:logGet(43)) - raft.server.watch.timeout = 10s (default)
2019-09-25 07:21:05,164 [988e4f02-2728-4d94-a25f-5554bec3cdd7@group-2BCE8BFE1E7B:LeaderElection7] INFO  server.RaftServerConfigKeys (ConfUtils.java:logGet(43)) - raft.server.watch.timeout.denomination = 1s (default)
2019-09-25 07:21:05,164 [988e4f02-2728-4d94-a25f-5554bec3cdd7@group-2BCE8BFE1E7B:LeaderElection7] INFO  server.RaftServerConfigKeys (ConfUtils.java:logGet(43)) - raft.server.watch.element-limit = 65536 (default)
2019-09-25 07:21:05,167 [988e4f02-2728-4d94-a25f-5554bec3cdd7@group-2BCE8BFE1E7B:LeaderElection7] INFO  impl.RoleInfo (RoleInfo.java:updateAndGet(143)) - 988e4f02-2728-4d94-a25f-5554bec3cdd7: start LeaderState
2019-09-25 07:21:05,167 [988e4f02-2728-4d94-a25f-5554bec3cdd7@group-2BCE8BFE1E7B:LeaderElection7] INFO  segmented.SegmentedRaftLogWorker (SegmentedRaftLogWorker.java:startLogSegment(380)) - 988e4f02-2728-4d94-a25f-5554bec3cdd7@group-2BCE8BFE1E7B-SegmentedRaftLogWorker: Starting segment from index:0
2019-09-25 07:21:05,168 [988e4f02-2728-4d94-a25f-5554bec3cdd7@group-2BCE8BFE1E7B:LeaderElection7] INFO  impl.RaftServerImpl (ServerState.java:setRaftConf(354)) - 988e4f02-2728-4d94-a25f-5554bec3cdd7@group-2BCE8BFE1E7B: set configuration 0: [988e4f02-2728-4d94-a25f-5554bec3cdd7:192.168.30.10:32885], old=null at 0
2019-09-25 07:21:05,201 [Thread-306] INFO  impl.FollowerState (FollowerState.java:run(106)) - b05de815-ed09-4765-b576-c9e1c2f65196:group-19FFA3EC08C1 changes to CANDIDATE, lastRpcTime:5048, electionTimeout:5035ms
2019-09-25 07:21:05,201 [Thread-306] INFO  impl.RoleInfo (RoleInfo.java:shutdownFollowerState(121)) - b05de815-ed09-4765-b576-c9e1c2f65196: shutdown FollowerState
2019-09-25 07:21:05,201 [Thread-306] INFO  impl.RaftServerImpl (RaftServerImpl.java:setRole(174)) - b05de815-ed09-4765-b576-c9e1c2f65196@group-19FFA3EC08C1: changes role from  FOLLOWER to CANDIDATE at term 0 for changeToCandidate
2019-09-25 07:21:05,201 [Thread-306] INFO  impl.RoleInfo (RoleInfo.java:updateAndGet(143)) - b05de815-ed09-4765-b576-c9e1c2f65196: start LeaderElection
2019-09-25 07:21:05,231 [988e4f02-2728-4d94-a25f-5554bec3cdd7@group-2BCE8BFE1E7B-SegmentedRaftLogWorker] INFO  segmented.SegmentedRaftLogWorker (SegmentedRaftLogWorker.java:execute(569)) - 988e4f02-2728-4d94-a25f-5554bec3cdd7@group-2BCE8BFE1E7B-SegmentedRaftLogWorker: created new log segment /workdir/hadoop-ozone/ozonefs/target/test-dir/MiniOzoneClusterImpl-48169ae4-fc36-4fd4-bc0e-7a80f7e832d4/datanode-8/data/ratis/932f9d05-f80a-476f-afc3-2bce8bfe1e7b/current/log_inprogress_0
2019-09-25 07:21:05,231 [b05de815-ed09-4765-b576-c9e1c2f65196@group-19FFA3EC08C1:LeaderElection8] INFO  impl.LeaderElection (LeaderElection.java:askForVotes(182)) - b05de815-ed09-4765-b576-c9e1c2f65196@group-19FFA3EC08C1:LeaderElection8: begin an election at term 1 for -1: [b05de815-ed09-4765-b576-c9e1c2f65196:192.168.30.10:36348], old=null
2019-09-25 07:21:05,232 [b05de815-ed09-4765-b576-c9e1c2f65196@group-19FFA3EC08C1:LeaderElection8] INFO  impl.RoleInfo (RoleInfo.java:shutdownLeaderElection(134)) - b05de815-ed09-4765-b576-c9e1c2f65196: shutdown LeaderElection
2019-09-25 07:21:05,232 [b05de815-ed09-4765-b576-c9e1c2f65196@group-19FFA3EC08C1:LeaderElection8] INFO  impl.RaftServerImpl (RaftServerImpl.java:setRole(174)) - b05de815-ed09-4765-b576-c9e1c2f65196@group-19FFA3EC08C1: changes role from CANDIDATE to LEADER at term 1 for changeToLeader
2019-09-25 07:21:05,232 [b05de815-ed09-4765-b576-c9e1c2f65196@group-19FFA3EC08C1:LeaderElection8] INFO  impl.RaftServerImpl (ServerState.java:setLeader(253)) - b05de815-ed09-4765-b576-c9e1c2f65196@group-19FFA3EC08C1: change Leader from null to b05de815-ed09-4765-b576-c9e1c2f65196 at term 1 for becomeLeader, leader elected after 5092ms
2019-09-25 07:21:05,232 [b05de815-ed09-4765-b576-c9e1c2f65196@group-19FFA3EC08C1:LeaderElection8] INFO  server.RaftServerConfigKeys (ConfUtils.java:logGet(43)) - raft.server.staging.catchup.gap = 1000 (default)
2019-09-25 07:21:05,232 [b05de815-ed09-4765-b576-c9e1c2f65196@group-19FFA3EC08C1:LeaderElection8] INFO  server.RaftServerConfigKeys (ConfUtils.java:logGet(43)) - raft.server.rpc.sleep.time = 25ms (default)
2019-09-25 07:21:05,232 [b05de815-ed09-4765-b576-c9e1c2f65196@group-19FFA3EC08C1:LeaderElection8] INFO  server.RaftServerConfigKeys (ConfUtils.java:logGet(43)) - raft.server.write.element-limit = 4096 (default)
2019-09-25 07:21:05,233 [b05de815-ed09-4765-b576-c9e1c2f65196@group-19FFA3EC08C1:LeaderElection8] INFO  server.RaftServerConfigKeys (ConfUtils.java:logGet(43)) - raft.server.watch.timeout = 10s (default)
2019-09-25 07:21:05,233 [b05de815-ed09-4765-b576-c9e1c2f65196@group-19FFA3EC08C1:LeaderElection8] INFO  server.RaftServerConfigKeys (ConfUtils.java:logGet(43)) - raft.server.watch.timeout.denomination = 1s (default)
2019-09-25 07:21:05,233 [b05de815-ed09-4765-b576-c9e1c2f65196@group-19FFA3EC08C1:LeaderElection8] INFO  server.RaftServerConfigKeys (ConfUtils.java:logGet(43)) - raft.server.watch.element-limit = 65536 (default)
2019-09-25 07:21:05,236 [b05de815-ed09-4765-b576-c9e1c2f65196@group-19FFA3EC08C1:LeaderElection8] INFO  impl.RoleInfo (RoleInfo.java:updateAndGet(143)) - b05de815-ed09-4765-b576-c9e1c2f65196: start LeaderState
2019-09-25 07:21:05,236 [b05de815-ed09-4765-b576-c9e1c2f65196@group-19FFA3EC08C1:LeaderElection8] INFO  segmented.SegmentedRaftLogWorker (SegmentedRaftLogWorker.java:startLogSegment(380)) - b05de815-ed09-4765-b576-c9e1c2f65196@group-19FFA3EC08C1-SegmentedRaftLogWorker: Starting segment from index:0
2019-09-25 07:21:05,237 [b05de815-ed09-4765-b576-c9e1c2f65196@group-19FFA3EC08C1:LeaderElection8] INFO  impl.RaftServerImpl (ServerState.java:setRaftConf(354)) - b05de815-ed09-4765-b576-c9e1c2f65196@group-19FFA3EC08C1: set configuration 0: [b05de815-ed09-4765-b576-c9e1c2f65196:192.168.30.10:36348], old=null at 0
2019-09-25 07:21:05,277 [Thread-309] INFO  impl.FollowerState (FollowerState.java:run(106)) - 6bc56785-b354-47d6-aaaa-aea62bb8d052:group-692C979013B2 changes to CANDIDATE, lastRpcTime:5031, electionTimeout:5002ms
2019-09-25 07:21:05,277 [Thread-309] INFO  impl.RoleInfo (RoleInfo.java:shutdownFollowerState(121)) - 6bc56785-b354-47d6-aaaa-aea62bb8d052: shutdown FollowerState
2019-09-25 07:21:05,278 [Thread-309] INFO  impl.RaftServerImpl (RaftServerImpl.java:setRole(174)) - 6bc56785-b354-47d6-aaaa-aea62bb8d052@group-692C979013B2: changes role from  FOLLOWER to CANDIDATE at term 0 for changeToCandidate
2019-09-25 07:21:05,278 [Thread-309] INFO  impl.RoleInfo (RoleInfo.java:updateAndGet(143)) - 6bc56785-b354-47d6-aaaa-aea62bb8d052: start LeaderElection
2019-09-25 07:21:05,292 [b05de815-ed09-4765-b576-c9e1c2f65196@group-19FFA3EC08C1-SegmentedRaftLogWorker] INFO  segmented.SegmentedRaftLogWorker (SegmentedRaftLogWorker.java:execute(569)) - b05de815-ed09-4765-b576-c9e1c2f65196@group-19FFA3EC08C1-SegmentedRaftLogWorker: created new log segment /workdir/hadoop-ozone/ozonefs/target/test-dir/MiniOzoneClusterImpl-48169ae4-fc36-4fd4-bc0e-7a80f7e832d4/datanode-0/data/ratis/30d5d6de-7f94-4240-bdbb-19ffa3ec08c1/current/log_inprogress_0
2019-09-25 07:21:05,292 [6bc56785-b354-47d6-aaaa-aea62bb8d052@group-692C979013B2:LeaderElection9] INFO  impl.LeaderElection (LeaderElection.java:askForVotes(182)) - 6bc56785-b354-47d6-aaaa-aea62bb8d052@group-692C979013B2:LeaderElection9: begin an election at term 1 for -1: [6bc56785-b354-47d6-aaaa-aea62bb8d052:192.168.30.10:40140], old=null
2019-09-25 07:21:05,292 [6bc56785-b354-47d6-aaaa-aea62bb8d052@group-692C979013B2:LeaderElection9] INFO  impl.RoleInfo (RoleInfo.java:shutdownLeaderElection(134)) - 6bc56785-b354-47d6-aaaa-aea62bb8d052: shutdown LeaderElection
2019-09-25 07:21:05,292 [6bc56785-b354-47d6-aaaa-aea62bb8d052@group-692C979013B2:LeaderElection9] INFO  impl.RaftServerImpl (RaftServerImpl.java:setRole(174)) - 6bc56785-b354-47d6-aaaa-aea62bb8d052@group-692C979013B2: changes role from CANDIDATE to LEADER at term 1 for changeToLeader
2019-09-25 07:21:05,292 [6bc56785-b354-47d6-aaaa-aea62bb8d052@group-692C979013B2:LeaderElection9] INFO  impl.RaftServerImpl (ServerState.java:setLeader(253)) - 6bc56785-b354-47d6-aaaa-aea62bb8d052@group-692C979013B2: change Leader from null to 6bc56785-b354-47d6-aaaa-aea62bb8d052 at term 1 for becomeLeader, leader elected after 5059ms
2019-09-25 07:21:05,292 [6bc56785-b354-47d6-aaaa-aea62bb8d052@group-692C979013B2:LeaderElection9] INFO  server.RaftServerConfigKeys (ConfUtils.java:logGet(43)) - raft.server.staging.catchup.gap = 1000 (default)
2019-09-25 07:21:05,293 [6bc56785-b354-47d6-aaaa-aea62bb8d052@group-692C979013B2:LeaderElection9] INFO  server.RaftServerConfigKeys (ConfUtils.java:logGet(43)) - raft.server.rpc.sleep.time = 25ms (default)
2019-09-25 07:21:05,293 [6bc56785-b354-47d6-aaaa-aea62bb8d052@group-692C979013B2:LeaderElection9] INFO  server.RaftServerConfigKeys (ConfUtils.java:logGet(43)) - raft.server.write.element-limit = 4096 (default)
2019-09-25 07:21:05,293 [6bc56785-b354-47d6-aaaa-aea62bb8d052@group-692C979013B2:LeaderElection9] INFO  server.RaftServerConfigKeys (ConfUtils.java:logGet(43)) - raft.server.watch.timeout = 10s (default)
2019-09-25 07:21:05,293 [6bc56785-b354-47d6-aaaa-aea62bb8d052@group-692C979013B2:LeaderElection9] INFO  server.RaftServerConfigKeys (ConfUtils.java:logGet(43)) - raft.server.watch.timeout.denomination = 1s (default)
2019-09-25 07:21:05,293 [6bc56785-b354-47d6-aaaa-aea62bb8d052@group-692C979013B2:LeaderElection9] INFO  server.RaftServerConfigKeys (ConfUtils.java:logGet(43)) - raft.server.watch.element-limit = 65536 (default)
2019-09-25 07:21:05,296 [6bc56785-b354-47d6-aaaa-aea62bb8d052@group-692C979013B2:LeaderElection9] INFO  impl.RoleInfo (RoleInfo.java:updateAndGet(143)) - 6bc56785-b354-47d6-aaaa-aea62bb8d052: start LeaderState
2019-09-25 07:21:05,297 [6bc56785-b354-47d6-aaaa-aea62bb8d052@group-692C979013B2:LeaderElection9] INFO  segmented.SegmentedRaftLogWorker (SegmentedRaftLogWorker.java:startLogSegment(380)) - 6bc56785-b354-47d6-aaaa-aea62bb8d052@group-692C979013B2-SegmentedRaftLogWorker: Starting segment from index:0
2019-09-25 07:21:05,297 [6bc56785-b354-47d6-aaaa-aea62bb8d052@group-692C979013B2:LeaderElection9] INFO  impl.RaftServerImpl (ServerState.java:setRaftConf(354)) - 6bc56785-b354-47d6-aaaa-aea62bb8d052@group-692C979013B2: set configuration 0: [6bc56785-b354-47d6-aaaa-aea62bb8d052:192.168.30.10:40140], old=null at 0
2019-09-25 07:21:05,353 [6bc56785-b354-47d6-aaaa-aea62bb8d052@group-692C979013B2-SegmentedRaftLogWorker] INFO  segmented.SegmentedRaftLogWorker (SegmentedRaftLogWorker.java:execute(569)) - 6bc56785-b354-47d6-aaaa-aea62bb8d052@group-692C979013B2-SegmentedRaftLogWorker: created new log segment /workdir/hadoop-ozone/ozonefs/target/test-dir/MiniOzoneClusterImpl-48169ae4-fc36-4fd4-bc0e-7a80f7e832d4/datanode-5/data/ratis/e4e15273-c773-4f96-91e7-692c979013b2/current/log_inprogress_0
2019-09-25 07:21:05,383 [Thread-312] INFO  impl.FollowerState (FollowerState.java:run(106)) - f368be67-619a-45f1-9208-8e0055b252cf:group-9F1367A71306 changes to CANDIDATE, lastRpcTime:5047, electionTimeout:5047ms
2019-09-25 07:21:05,383 [Thread-312] INFO  impl.RoleInfo (RoleInfo.java:shutdownFollowerState(121)) - f368be67-619a-45f1-9208-8e0055b252cf: shutdown FollowerState
2019-09-25 07:21:05,383 [Thread-312] INFO  impl.RaftServerImpl (RaftServerImpl.java:setRole(174)) - f368be67-619a-45f1-9208-8e0055b252cf@group-9F1367A71306: changes role from  FOLLOWER to CANDIDATE at term 0 for changeToCandidate
2019-09-25 07:21:05,383 [Thread-312] INFO  impl.RoleInfo (RoleInfo.java:updateAndGet(143)) - f368be67-619a-45f1-9208-8e0055b252cf: start LeaderElection
2019-09-25 07:21:05,405 [f368be67-619a-45f1-9208-8e0055b252cf@group-9F1367A71306:LeaderElection10] INFO  impl.LeaderElection (LeaderElection.java:askForVotes(182)) - f368be67-619a-45f1-9208-8e0055b252cf@group-9F1367A71306:LeaderElection10: begin an election at term 1 for -1: [f368be67-619a-45f1-9208-8e0055b252cf:192.168.30.10:40542], old=null
2019-09-25 07:21:05,405 [f368be67-619a-45f1-9208-8e0055b252cf@group-9F1367A71306:LeaderElection10] INFO  impl.RoleInfo (RoleInfo.java:shutdownLeaderElection(134)) - f368be67-619a-45f1-9208-8e0055b252cf: shutdown LeaderElection
2019-09-25 07:21:05,405 [f368be67-619a-45f1-9208-8e0055b252cf@group-9F1367A71306:LeaderElection10] INFO  impl.RaftServerImpl (RaftServerImpl.java:setRole(174)) - f368be67-619a-45f1-9208-8e0055b252cf@group-9F1367A71306: changes role from CANDIDATE to LEADER at term 1 for changeToLeader
2019-09-25 07:21:05,405 [f368be67-619a-45f1-9208-8e0055b252cf@group-9F1367A71306:LeaderElection10] INFO  impl.RaftServerImpl (ServerState.java:setLeader(253)) - f368be67-619a-45f1-9208-8e0055b252cf@group-9F1367A71306: change Leader from null to f368be67-619a-45f1-9208-8e0055b252cf at term 1 for becomeLeader, leader elected after 5078ms
2019-09-25 07:21:05,405 [f368be67-619a-45f1-9208-8e0055b252cf@group-9F1367A71306:LeaderElection10] INFO  server.RaftServerConfigKeys (ConfUtils.java:logGet(43)) - raft.server.staging.catchup.gap = 1000 (default)
2019-09-25 07:21:05,405 [f368be67-619a-45f1-9208-8e0055b252cf@group-9F1367A71306:LeaderElection10] INFO  server.RaftServerConfigKeys (ConfUtils.java:logGet(43)) - raft.server.rpc.sleep.time = 25ms (default)
2019-09-25 07:21:05,405 [f368be67-619a-45f1-9208-8e0055b252cf@group-9F1367A71306:LeaderElection10] INFO  server.RaftServerConfigKeys (ConfUtils.java:logGet(43)) - raft.server.write.element-limit = 4096 (default)
2019-09-25 07:21:05,406 [f368be67-619a-45f1-9208-8e0055b252cf@group-9F1367A71306:LeaderElection10] INFO  server.RaftServerConfigKeys (ConfUtils.java:logGet(43)) - raft.server.watch.timeout = 10s (default)
2019-09-25 07:21:05,406 [f368be67-619a-45f1-9208-8e0055b252cf@group-9F1367A71306:LeaderElection10] INFO  server.RaftServerConfigKeys (ConfUtils.java:logGet(43)) - raft.server.watch.timeout.denomination = 1s (default)
2019-09-25 07:21:05,406 [f368be67-619a-45f1-9208-8e0055b252cf@group-9F1367A71306:LeaderElection10] INFO  server.RaftServerConfigKeys (ConfUtils.java:logGet(43)) - raft.server.watch.element-limit = 65536 (default)
2019-09-25 07:21:05,408 [f368be67-619a-45f1-9208-8e0055b252cf@group-9F1367A71306:LeaderElection10] INFO  impl.RoleInfo (RoleInfo.java:updateAndGet(143)) - f368be67-619a-45f1-9208-8e0055b252cf: start LeaderState
2019-09-25 07:21:05,408 [f368be67-619a-45f1-9208-8e0055b252cf@group-9F1367A71306:LeaderElection10] INFO  segmented.SegmentedRaftLogWorker (SegmentedRaftLogWorker.java:startLogSegment(380)) - f368be67-619a-45f1-9208-8e0055b252cf@group-9F1367A71306-SegmentedRaftLogWorker: Starting segment from index:0
2019-09-25 07:21:05,409 [f368be67-619a-45f1-9208-8e0055b252cf@group-9F1367A71306:LeaderElection10] INFO  impl.RaftServerImpl (ServerState.java:setRaftConf(354)) - f368be67-619a-45f1-9208-8e0055b252cf@group-9F1367A71306: set configuration 0: [f368be67-619a-45f1-9208-8e0055b252cf:192.168.30.10:40542], old=null at 0
2019-09-25 07:21:05,471 [f368be67-619a-45f1-9208-8e0055b252cf@group-9F1367A71306-SegmentedRaftLogWorker] INFO  segmented.SegmentedRaftLogWorker (SegmentedRaftLogWorker.java:execute(569)) - f368be67-619a-45f1-9208-8e0055b252cf@group-9F1367A71306-SegmentedRaftLogWorker: created new log segment /workdir/hadoop-ozone/ozonefs/target/test-dir/MiniOzoneClusterImpl-48169ae4-fc36-4fd4-bc0e-7a80f7e832d4/datanode-9/data/ratis/b7688251-cd96-4cb5-a85a-9f1367a71306/current/log_inprogress_0
2019-09-25 07:21:05,530 [Thread-319] INFO  impl.FollowerState (FollowerState.java:run(106)) - 988e4f02-2728-4d94-a25f-5554bec3cdd7:group-A97073498CA2 changes to CANDIDATE, lastRpcTime:5031, electionTimeout:5031ms
2019-09-25 07:21:05,531 [Thread-319] INFO  impl.RoleInfo (RoleInfo.java:shutdownFollowerState(121)) - 988e4f02-2728-4d94-a25f-5554bec3cdd7: shutdown FollowerState
2019-09-25 07:21:05,531 [Thread-319] INFO  impl.RaftServerImpl (RaftServerImpl.java:setRole(174)) - 988e4f02-2728-4d94-a25f-5554bec3cdd7@group-A97073498CA2: changes role from  FOLLOWER to CANDIDATE at term 0 for changeToCandidate
2019-09-25 07:21:05,531 [Thread-319] INFO  impl.RoleInfo (RoleInfo.java:updateAndGet(143)) - 988e4f02-2728-4d94-a25f-5554bec3cdd7: start LeaderElection
2019-09-25 07:21:05,565 [Thread-316] INFO  impl.FollowerState (FollowerState.java:run(106)) - 790994da-c556-4bb6-9860-e4bcd35fb518:group-F73AFE221D21 changes to CANDIDATE, lastRpcTime:5124, electionTimeout:5123ms
2019-09-25 07:21:05,568 [988e4f02-2728-4d94-a25f-5554bec3cdd7@group-A97073498CA2:LeaderElection11] INFO  impl.LeaderElection (LeaderElection.java:askForVotes(182)) - 988e4f02-2728-4d94-a25f-5554bec3cdd7@group-A97073498CA2:LeaderElection11: begin an election at term 1 for -1: [988e4f02-2728-4d94-a25f-5554bec3cdd7:192.168.30.10:32885], old=null
2019-09-25 07:21:05,568 [Thread-316] INFO  impl.RoleInfo (RoleInfo.java:shutdownFollowerState(121)) - 790994da-c556-4bb6-9860-e4bcd35fb518: shutdown FollowerState
2019-09-25 07:21:05,569 [988e4f02-2728-4d94-a25f-5554bec3cdd7@group-A97073498CA2:LeaderElection11] INFO  impl.RoleInfo (RoleInfo.java:shutdownLeaderElection(134)) - 988e4f02-2728-4d94-a25f-5554bec3cdd7: shutdown LeaderElection
2019-09-25 07:21:05,569 [Thread-316] INFO  impl.RaftServerImpl (RaftServerImpl.java:setRole(174)) - 790994da-c556-4bb6-9860-e4bcd35fb518@group-F73AFE221D21: changes role from  FOLLOWER to CANDIDATE at term 0 for changeToCandidate
2019-09-25 07:21:05,569 [988e4f02-2728-4d94-a25f-5554bec3cdd7@group-A97073498CA2:LeaderElection11] INFO  impl.RaftServerImpl (RaftServerImpl.java:setRole(174)) - 988e4f02-2728-4d94-a25f-5554bec3cdd7@group-A97073498CA2: changes role from CANDIDATE to LEADER at term 1 for changeToLeader
2019-09-25 07:21:05,569 [Thread-316] INFO  impl.RoleInfo (RoleInfo.java:updateAndGet(143)) - 790994da-c556-4bb6-9860-e4bcd35fb518: start LeaderElection
2019-09-25 07:21:05,569 [988e4f02-2728-4d94-a25f-5554bec3cdd7@group-A97073498CA2:LeaderElection11] INFO  impl.RaftServerImpl (ServerState.java:setLeader(253)) - 988e4f02-2728-4d94-a25f-5554bec3cdd7@group-A97073498CA2: change Leader from null to 988e4f02-2728-4d94-a25f-5554bec3cdd7 at term 1 for becomeLeader, leader elected after 5075ms
2019-09-25 07:21:05,569 [988e4f02-2728-4d94-a25f-5554bec3cdd7@group-A97073498CA2:LeaderElection11] INFO  server.RaftServerConfigKeys (ConfUtils.java:logGet(43)) - raft.server.staging.catchup.gap = 1000 (default)
2019-09-25 07:21:05,573 [988e4f02-2728-4d94-a25f-5554bec3cdd7@group-A97073498CA2:LeaderElection11] INFO  server.RaftServerConfigKeys (ConfUtils.java:logGet(43)) - raft.server.rpc.sleep.time = 25ms (default)
2019-09-25 07:21:05,580 [988e4f02-2728-4d94-a25f-5554bec3cdd7@group-A97073498CA2:LeaderElection11] INFO  server.RaftServerConfigKeys (ConfUtils.java:logGet(43)) - raft.server.write.element-limit = 4096 (default)
2019-09-25 07:21:05,580 [988e4f02-2728-4d94-a25f-5554bec3cdd7@group-A97073498CA2:LeaderElection11] INFO  server.RaftServerConfigKeys (ConfUtils.java:logGet(43)) - raft.server.watch.timeout = 10s (default)
2019-09-25 07:21:05,580 [988e4f02-2728-4d94-a25f-5554bec3cdd7@group-A97073498CA2:LeaderElection11] INFO  server.RaftServerConfigKeys (ConfUtils.java:logGet(43)) - raft.server.watch.timeout.denomination = 1s (default)
2019-09-25 07:21:05,580 [988e4f02-2728-4d94-a25f-5554bec3cdd7@group-A97073498CA2:LeaderElection11] INFO  server.RaftServerConfigKeys (ConfUtils.java:logGet(43)) - raft.server.watch.element-limit = 65536 (default)
2019-09-25 07:21:05,583 [988e4f02-2728-4d94-a25f-5554bec3cdd7@group-A97073498CA2:LeaderElection11] INFO  impl.RoleInfo (RoleInfo.java:updateAndGet(143)) - 988e4f02-2728-4d94-a25f-5554bec3cdd7: start LeaderState
2019-09-25 07:21:05,583 [988e4f02-2728-4d94-a25f-5554bec3cdd7@group-A97073498CA2:LeaderElection11] INFO  segmented.SegmentedRaftLogWorker (SegmentedRaftLogWorker.java:startLogSegment(380)) - 988e4f02-2728-4d94-a25f-5554bec3cdd7@group-A97073498CA2-SegmentedRaftLogWorker: Starting segment from index:0
2019-09-25 07:21:05,584 [988e4f02-2728-4d94-a25f-5554bec3cdd7@group-A97073498CA2:LeaderElection11] INFO  impl.RaftServerImpl (ServerState.java:setRaftConf(354)) - 988e4f02-2728-4d94-a25f-5554bec3cdd7@group-A97073498CA2: set configuration 0: [988e4f02-2728-4d94-a25f-5554bec3cdd7:192.168.30.10:32885], old=null at 0
2019-09-25 07:21:05,619 [790994da-c556-4bb6-9860-e4bcd35fb518@group-F73AFE221D21:LeaderElection12] INFO  impl.LeaderElection (LeaderElection.java:askForVotes(182)) - 790994da-c556-4bb6-9860-e4bcd35fb518@group-F73AFE221D21:LeaderElection12: begin an election at term 1 for -1: [790994da-c556-4bb6-9860-e4bcd35fb518:192.168.30.10:42560], old=null
2019-09-25 07:21:05,619 [790994da-c556-4bb6-9860-e4bcd35fb518@group-F73AFE221D21:LeaderElection12] INFO  impl.RoleInfo (RoleInfo.java:shutdownLeaderElection(134)) - 790994da-c556-4bb6-9860-e4bcd35fb518: shutdown LeaderElection
2019-09-25 07:21:05,620 [790994da-c556-4bb6-9860-e4bcd35fb518@group-F73AFE221D21:LeaderElection12] INFO  impl.RaftServerImpl (RaftServerImpl.java:setRole(174)) - 790994da-c556-4bb6-9860-e4bcd35fb518@group-F73AFE221D21: changes role from CANDIDATE to LEADER at term 1 for changeToLeader
2019-09-25 07:21:05,620 [790994da-c556-4bb6-9860-e4bcd35fb518@group-F73AFE221D21:LeaderElection12] INFO  impl.RaftServerImpl (ServerState.java:setLeader(253)) - 790994da-c556-4bb6-9860-e4bcd35fb518@group-F73AFE221D21: change Leader from null to 790994da-c556-4bb6-9860-e4bcd35fb518 at term 1 for becomeLeader, leader elected after 5189ms
2019-09-25 07:21:05,620 [790994da-c556-4bb6-9860-e4bcd35fb518@group-F73AFE221D21:LeaderElection12] INFO  server.RaftServerConfigKeys (ConfUtils.java:logGet(43)) - raft.server.staging.catchup.gap = 1000 (default)
2019-09-25 07:21:05,620 [790994da-c556-4bb6-9860-e4bcd35fb518@group-F73AFE221D21:LeaderElection12] INFO  server.RaftServerConfigKeys (ConfUtils.java:logGet(43)) - raft.server.rpc.sleep.time = 25ms (default)
2019-09-25 07:21:05,620 [790994da-c556-4bb6-9860-e4bcd35fb518@group-F73AFE221D21:LeaderElection12] INFO  server.RaftServerConfigKeys (ConfUtils.java:logGet(43)) - raft.server.write.element-limit = 4096 (default)
2019-09-25 07:21:05,620 [790994da-c556-4bb6-9860-e4bcd35fb518@group-F73AFE221D21:LeaderElection12] INFO  server.RaftServerConfigKeys (ConfUtils.java:logGet(43)) - raft.server.watch.timeout = 10s (default)
2019-09-25 07:21:05,620 [790994da-c556-4bb6-9860-e4bcd35fb518@group-F73AFE221D21:LeaderElection12] INFO  server.RaftServerConfigKeys (ConfUtils.java:logGet(43)) - raft.server.watch.timeout.denomination = 1s (default)
2019-09-25 07:21:05,620 [790994da-c556-4bb6-9860-e4bcd35fb518@group-F73AFE221D21:LeaderElection12] INFO  server.RaftServerConfigKeys (ConfUtils.java:logGet(43)) - raft.server.watch.element-limit = 65536 (default)
2019-09-25 07:21:05,622 [790994da-c556-4bb6-9860-e4bcd35fb518@group-F73AFE221D21:LeaderElection12] INFO  impl.RoleInfo (RoleInfo.java:updateAndGet(143)) - 790994da-c556-4bb6-9860-e4bcd35fb518: start LeaderState
2019-09-25 07:21:05,623 [790994da-c556-4bb6-9860-e4bcd35fb518@group-F73AFE221D21:LeaderElection12] INFO  segmented.SegmentedRaftLogWorker (SegmentedRaftLogWorker.java:startLogSegment(380)) - 790994da-c556-4bb6-9860-e4bcd35fb518@group-F73AFE221D21-SegmentedRaftLogWorker: Starting segment from index:0
2019-09-25 07:21:05,623 [790994da-c556-4bb6-9860-e4bcd35fb518@group-F73AFE221D21:LeaderElection12] INFO  impl.RaftServerImpl (ServerState.java:setRaftConf(354)) - 790994da-c556-4bb6-9860-e4bcd35fb518@group-F73AFE221D21: set configuration 0: [790994da-c556-4bb6-9860-e4bcd35fb518:192.168.30.10:42560], old=null at 0
2019-09-25 07:21:05,651 [Thread-325] INFO  impl.FollowerState (FollowerState.java:run(106)) - 790994da-c556-4bb6-9860-e4bcd35fb518:group-E0F477211544 changes to CANDIDATE, lastRpcTime:5020, electionTimeout:5014ms
2019-09-25 07:21:05,651 [988e4f02-2728-4d94-a25f-5554bec3cdd7@group-A97073498CA2-SegmentedRaftLogWorker] INFO  segmented.SegmentedRaftLogWorker (SegmentedRaftLogWorker.java:execute(569)) - 988e4f02-2728-4d94-a25f-5554bec3cdd7@group-A97073498CA2-SegmentedRaftLogWorker: created new log segment /workdir/hadoop-ozone/ozonefs/target/test-dir/MiniOzoneClusterImpl-48169ae4-fc36-4fd4-bc0e-7a80f7e832d4/datanode-8/data/ratis/8ee3416f-eb59-43f5-9e9d-a97073498ca2/current/log_inprogress_0
2019-09-25 07:21:05,651 [Thread-325] INFO  impl.RoleInfo (RoleInfo.java:shutdownFollowerState(121)) - 790994da-c556-4bb6-9860-e4bcd35fb518: shutdown FollowerState
2019-09-25 07:21:05,651 [Thread-325] INFO  impl.RaftServerImpl (RaftServerImpl.java:setRole(174)) - 790994da-c556-4bb6-9860-e4bcd35fb518@group-E0F477211544: changes role from  FOLLOWER to CANDIDATE at term 0 for changeToCandidate
2019-09-25 07:21:05,652 [Thread-325] INFO  impl.RoleInfo (RoleInfo.java:updateAndGet(143)) - 790994da-c556-4bb6-9860-e4bcd35fb518: start LeaderElection
2019-09-25 07:21:05,664 [790994da-c556-4bb6-9860-e4bcd35fb518@group-F73AFE221D21-SegmentedRaftLogWorker] INFO  segmented.SegmentedRaftLogWorker (SegmentedRaftLogWorker.java:execute(569)) - 790994da-c556-4bb6-9860-e4bcd35fb518@group-F73AFE221D21-SegmentedRaftLogWorker: created new log segment /workdir/hadoop-ozone/ozonefs/target/test-dir/MiniOzoneClusterImpl-48169ae4-fc36-4fd4-bc0e-7a80f7e832d4/datanode-3/data/ratis/37557be9-b1ad-4229-9e44-f73afe221d21/current/log_inprogress_0
2019-09-25 07:21:05,664 [790994da-c556-4bb6-9860-e4bcd35fb518@group-E0F477211544:LeaderElection13] INFO  impl.LeaderElection (LeaderElection.java:askForVotes(182)) - 790994da-c556-4bb6-9860-e4bcd35fb518@group-E0F477211544:LeaderElection13: begin an election at term 1 for -1: [790994da-c556-4bb6-9860-e4bcd35fb518:192.168.30.10:42560], old=null
2019-09-25 07:21:05,664 [790994da-c556-4bb6-9860-e4bcd35fb518@group-E0F477211544:LeaderElection13] INFO  impl.RoleInfo (RoleInfo.java:shutdownLeaderElection(134)) - 790994da-c556-4bb6-9860-e4bcd35fb518: shutdown LeaderElection
2019-09-25 07:21:05,664 [790994da-c556-4bb6-9860-e4bcd35fb518@group-E0F477211544:LeaderElection13] INFO  impl.RaftServerImpl (RaftServerImpl.java:setRole(174)) - 790994da-c556-4bb6-9860-e4bcd35fb518@group-E0F477211544: changes role from CANDIDATE to LEADER at term 1 for changeToLeader
2019-09-25 07:21:05,664 [790994da-c556-4bb6-9860-e4bcd35fb518@group-E0F477211544:LeaderElection13] INFO  impl.RaftServerImpl (ServerState.java:setLeader(253)) - 790994da-c556-4bb6-9860-e4bcd35fb518@group-E0F477211544: change Leader from null to 790994da-c556-4bb6-9860-e4bcd35fb518 at term 1 for becomeLeader, leader elected after 5039ms
2019-09-25 07:21:05,664 [790994da-c556-4bb6-9860-e4bcd35fb518@group-E0F477211544:LeaderElection13] INFO  server.RaftServerConfigKeys (ConfUtils.java:logGet(43)) - raft.server.staging.catchup.gap = 1000 (default)
2019-09-25 07:21:05,665 [790994da-c556-4bb6-9860-e4bcd35fb518@group-E0F477211544:LeaderElection13] INFO  server.RaftServerConfigKeys (ConfUtils.java:logGet(43)) - raft.server.rpc.sleep.time = 25ms (default)
2019-09-25 07:21:05,665 [790994da-c556-4bb6-9860-e4bcd35fb518@group-E0F477211544:LeaderElection13] INFO  server.RaftServerConfigKeys (ConfUtils.java:logGet(43)) - raft.server.write.element-limit = 4096 (default)
2019-09-25 07:21:05,665 [790994da-c556-4bb6-9860-e4bcd35fb518@group-E0F477211544:LeaderElection13] INFO  server.RaftServerConfigKeys (ConfUtils.java:logGet(43)) - raft.server.watch.timeout = 10s (default)
2019-09-25 07:21:05,665 [790994da-c556-4bb6-9860-e4bcd35fb518@group-E0F477211544:LeaderElection13] INFO  server.RaftServerConfigKeys (ConfUtils.java:logGet(43)) - raft.server.watch.timeout.denomination = 1s (default)
2019-09-25 07:21:05,665 [790994da-c556-4bb6-9860-e4bcd35fb518@group-E0F477211544:LeaderElection13] INFO  server.RaftServerConfigKeys (ConfUtils.java:logGet(43)) - raft.server.watch.element-limit = 65536 (default)
2019-09-25 07:21:05,668 [790994da-c556-4bb6-9860-e4bcd35fb518@group-E0F477211544:LeaderElection13] INFO  impl.RoleInfo (RoleInfo.java:updateAndGet(143)) - 790994da-c556-4bb6-9860-e4bcd35fb518: start LeaderState
2019-09-25 07:21:05,668 [790994da-c556-4bb6-9860-e4bcd35fb518@group-E0F477211544:LeaderElection13] INFO  segmented.SegmentedRaftLogWorker (SegmentedRaftLogWorker.java:startLogSegment(380)) - 790994da-c556-4bb6-9860-e4bcd35fb518@group-E0F477211544-SegmentedRaftLogWorker: Starting segment from index:0
2019-09-25 07:21:05,668 [790994da-c556-4bb6-9860-e4bcd35fb518@group-E0F477211544:LeaderElection13] INFO  impl.RaftServerImpl (ServerState.java:setRaftConf(354)) - 790994da-c556-4bb6-9860-e4bcd35fb518@group-E0F477211544: set configuration 0: [790994da-c556-4bb6-9860-e4bcd35fb518:192.168.30.10:42560], old=null at 0
2019-09-25 07:21:05,717 [790994da-c556-4bb6-9860-e4bcd35fb518@group-E0F477211544-SegmentedRaftLogWorker] INFO  segmented.SegmentedRaftLogWorker (SegmentedRaftLogWorker.java:execute(569)) - 790994da-c556-4bb6-9860-e4bcd35fb518@group-E0F477211544-SegmentedRaftLogWorker: created new log segment /workdir/hadoop-ozone/ozonefs/target/test-dir/MiniOzoneClusterImpl-48169ae4-fc36-4fd4-bc0e-7a80f7e832d4/datanode-3/data/ratis/7302b600-7f30-4881-a383-e0f477211544/current/log_inprogress_0
2019-09-25 07:21:05,752 [Thread-322] INFO  impl.FollowerState (FollowerState.java:run(106)) - 3176e44e-2b1b-466b-9a7b-9faa8a8c6db1:group-69AA3BF79362 changes to CANDIDATE, lastRpcTime:5182, electionTimeout:5182ms
2019-09-25 07:21:05,753 [Thread-322] INFO  impl.RoleInfo (RoleInfo.java:shutdownFollowerState(121)) - 3176e44e-2b1b-466b-9a7b-9faa8a8c6db1: shutdown FollowerState
2019-09-25 07:21:05,753 [Thread-322] INFO  impl.RaftServerImpl (RaftServerImpl.java:setRole(174)) - 3176e44e-2b1b-466b-9a7b-9faa8a8c6db1@group-69AA3BF79362: changes role from  FOLLOWER to CANDIDATE at term 0 for changeToCandidate
2019-09-25 07:21:05,753 [Thread-322] INFO  impl.RoleInfo (RoleInfo.java:updateAndGet(143)) - 3176e44e-2b1b-466b-9a7b-9faa8a8c6db1: start LeaderElection
2019-09-25 07:21:05,776 [3176e44e-2b1b-466b-9a7b-9faa8a8c6db1@group-69AA3BF79362:LeaderElection14] INFO  impl.LeaderElection (LeaderElection.java:askForVotes(182)) - 3176e44e-2b1b-466b-9a7b-9faa8a8c6db1@group-69AA3BF79362:LeaderElection14: begin an election at term 1 for -1: [3176e44e-2b1b-466b-9a7b-9faa8a8c6db1:192.168.30.10:43320], old=null
2019-09-25 07:21:05,776 [3176e44e-2b1b-466b-9a7b-9faa8a8c6db1@group-69AA3BF79362:LeaderElection14] INFO  impl.RoleInfo (RoleInfo.java:shutdownLeaderElection(134)) - 3176e44e-2b1b-466b-9a7b-9faa8a8c6db1: shutdown LeaderElection
2019-09-25 07:21:05,776 [3176e44e-2b1b-466b-9a7b-9faa8a8c6db1@group-69AA3BF79362:LeaderElection14] INFO  impl.RaftServerImpl (RaftServerImpl.java:setRole(174)) - 3176e44e-2b1b-466b-9a7b-9faa8a8c6db1@group-69AA3BF79362: changes role from CANDIDATE to LEADER at term 1 for changeToLeader
2019-09-25 07:21:05,776 [3176e44e-2b1b-466b-9a7b-9faa8a8c6db1@group-69AA3BF79362:LeaderElection14] INFO  impl.RaftServerImpl (ServerState.java:setLeader(253)) - 3176e44e-2b1b-466b-9a7b-9faa8a8c6db1@group-69AA3BF79362: change Leader from null to 3176e44e-2b1b-466b-9a7b-9faa8a8c6db1 at term 1 for becomeLeader, leader elected after 5216ms
2019-09-25 07:21:05,777 [3176e44e-2b1b-466b-9a7b-9faa8a8c6db1@group-69AA3BF79362:LeaderElection14] INFO  server.RaftServerConfigKeys (ConfUtils.java:logGet(43)) - raft.server.staging.catchup.gap = 1000 (default)
2019-09-25 07:21:05,777 [3176e44e-2b1b-466b-9a7b-9faa8a8c6db1@group-69AA3BF79362:LeaderElection14] INFO  server.RaftServerConfigKeys (ConfUtils.java:logGet(43)) - raft.server.rpc.sleep.time = 25ms (default)
2019-09-25 07:21:05,777 [3176e44e-2b1b-466b-9a7b-9faa8a8c6db1@group-69AA3BF79362:LeaderElection14] INFO  server.RaftServerConfigKeys (ConfUtils.java:logGet(43)) - raft.server.write.element-limit = 4096 (default)
2019-09-25 07:21:05,777 [3176e44e-2b1b-466b-9a7b-9faa8a8c6db1@group-69AA3BF79362:LeaderElection14] INFO  server.RaftServerConfigKeys (ConfUtils.java:logGet(43)) - raft.server.watch.timeout = 10s (default)
2019-09-25 07:21:05,777 [3176e44e-2b1b-466b-9a7b-9faa8a8c6db1@group-69AA3BF79362:LeaderElection14] INFO  server.RaftServerConfigKeys (ConfUtils.java:logGet(43)) - raft.server.watch.timeout.denomination = 1s (default)
2019-09-25 07:21:05,777 [3176e44e-2b1b-466b-9a7b-9faa8a8c6db1@group-69AA3BF79362:LeaderElection14] INFO  server.RaftServerConfigKeys (ConfUtils.java:logGet(43)) - raft.server.watch.element-limit = 65536 (default)
2019-09-25 07:21:05,780 [3176e44e-2b1b-466b-9a7b-9faa8a8c6db1@group-69AA3BF79362:LeaderElection14] INFO  impl.RoleInfo (RoleInfo.java:updateAndGet(143)) - 3176e44e-2b1b-466b-9a7b-9faa8a8c6db1: start LeaderState
2019-09-25 07:21:05,780 [3176e44e-2b1b-466b-9a7b-9faa8a8c6db1@group-69AA3BF79362:LeaderElection14] INFO  segmented.SegmentedRaftLogWorker (SegmentedRaftLogWorker.java:startLogSegment(380)) - 3176e44e-2b1b-466b-9a7b-9faa8a8c6db1@group-69AA3BF79362-SegmentedRaftLogWorker: Starting segment from index:0
2019-09-25 07:21:05,781 [3176e44e-2b1b-466b-9a7b-9faa8a8c6db1@group-69AA3BF79362:LeaderElection14] INFO  impl.RaftServerImpl (ServerState.java:setRaftConf(354)) - 3176e44e-2b1b-466b-9a7b-9faa8a8c6db1@group-69AA3BF79362: set configuration 0: [3176e44e-2b1b-466b-9a7b-9faa8a8c6db1:192.168.30.10:43320], old=null at 0
2019-09-25 07:21:05,835 [3176e44e-2b1b-466b-9a7b-9faa8a8c6db1@group-69AA3BF79362-SegmentedRaftLogWorker] INFO  segmented.SegmentedRaftLogWorker (SegmentedRaftLogWorker.java:execute(569)) - 3176e44e-2b1b-466b-9a7b-9faa8a8c6db1@group-69AA3BF79362-SegmentedRaftLogWorker: created new log segment /workdir/hadoop-ozone/ozonefs/target/test-dir/MiniOzoneClusterImpl-48169ae4-fc36-4fd4-bc0e-7a80f7e832d4/datanode-6/data/ratis/1037bee3-04c0-47e5-8541-69aa3bf79362/current/log_inprogress_0
2019-09-25 07:21:05,867 [Thread-329] INFO  impl.FollowerState (FollowerState.java:run(106)) - f5d629fd-ecfe-43ee-9421-b64933e3fd75:group-A499E8934B07 changes to CANDIDATE, lastRpcTime:5135, electionTimeout:5135ms
2019-09-25 07:21:05,867 [Thread-329] INFO  impl.RoleInfo (RoleInfo.java:shutdownFollowerState(121)) - f5d629fd-ecfe-43ee-9421-b64933e3fd75: shutdown FollowerState
2019-09-25 07:21:05,867 [Thread-329] INFO  impl.RaftServerImpl (RaftServerImpl.java:setRole(174)) - f5d629fd-ecfe-43ee-9421-b64933e3fd75@group-A499E8934B07: changes role from  FOLLOWER to CANDIDATE at term 0 for changeToCandidate
2019-09-25 07:21:05,867 [Thread-329] INFO  impl.RoleInfo (RoleInfo.java:updateAndGet(143)) - f5d629fd-ecfe-43ee-9421-b64933e3fd75: start LeaderElection
2019-09-25 07:21:05,891 [f5d629fd-ecfe-43ee-9421-b64933e3fd75@group-A499E8934B07:LeaderElection15] INFO  impl.LeaderElection (LeaderElection.java:askForVotes(182)) - f5d629fd-ecfe-43ee-9421-b64933e3fd75@group-A499E8934B07:LeaderElection15: begin an election at term 1 for -1: [f5d629fd-ecfe-43ee-9421-b64933e3fd75:192.168.30.10:37985], old=null
2019-09-25 07:21:05,891 [f5d629fd-ecfe-43ee-9421-b64933e3fd75@group-A499E8934B07:LeaderElection15] INFO  impl.RoleInfo (RoleInfo.java:shutdownLeaderElection(134)) - f5d629fd-ecfe-43ee-9421-b64933e3fd75: shutdown LeaderElection
2019-09-25 07:21:05,892 [f5d629fd-ecfe-43ee-9421-b64933e3fd75@group-A499E8934B07:LeaderElection15] INFO  impl.RaftServerImpl (RaftServerImpl.java:setRole(174)) - f5d629fd-ecfe-43ee-9421-b64933e3fd75@group-A499E8934B07: changes role from CANDIDATE to LEADER at term 1 for changeToLeader
2019-09-25 07:21:05,892 [f5d629fd-ecfe-43ee-9421-b64933e3fd75@group-A499E8934B07:LeaderElection15] INFO  impl.RaftServerImpl (ServerState.java:setLeader(253)) - f5d629fd-ecfe-43ee-9421-b64933e3fd75@group-A499E8934B07: change Leader from null to f5d629fd-ecfe-43ee-9421-b64933e3fd75 at term 1 for becomeLeader, leader elected after 5188ms
2019-09-25 07:21:05,892 [f5d629fd-ecfe-43ee-9421-b64933e3fd75@group-A499E8934B07:LeaderElection15] INFO  server.RaftServerConfigKeys (ConfUtils.java:logGet(43)) - raft.server.staging.catchup.gap = 1000 (default)
2019-09-25 07:21:05,892 [f5d629fd-ecfe-43ee-9421-b64933e3fd75@group-A499E8934B07:LeaderElection15] INFO  server.RaftServerConfigKeys (ConfUtils.java:logGet(43)) - raft.server.rpc.sleep.time = 25ms (default)
2019-09-25 07:21:05,892 [f5d629fd-ecfe-43ee-9421-b64933e3fd75@group-A499E8934B07:LeaderElection15] INFO  server.RaftServerConfigKeys (ConfUtils.java:logGet(43)) - raft.server.write.element-limit = 4096 (default)
2019-09-25 07:21:05,892 [f5d629fd-ecfe-43ee-9421-b64933e3fd75@group-A499E8934B07:LeaderElection15] INFO  server.RaftServerConfigKeys (ConfUtils.java:logGet(43)) - raft.server.watch.timeout = 10s (default)
2019-09-25 07:21:05,892 [f5d629fd-ecfe-43ee-9421-b64933e3fd75@group-A499E8934B07:LeaderElection15] INFO  server.RaftServerConfigKeys (ConfUtils.java:logGet(43)) - raft.server.watch.timeout.denomination = 1s (default)
2019-09-25 07:21:05,893 [f5d629fd-ecfe-43ee-9421-b64933e3fd75@group-A499E8934B07:LeaderElection15] INFO  server.RaftServerConfigKeys (ConfUtils.java:logGet(43)) - raft.server.watch.element-limit = 65536 (default)
2019-09-25 07:21:05,895 [f5d629fd-ecfe-43ee-9421-b64933e3fd75@group-A499E8934B07:LeaderElection15] INFO  impl.RoleInfo (RoleInfo.java:updateAndGet(143)) - f5d629fd-ecfe-43ee-9421-b64933e3fd75: start LeaderState
2019-09-25 07:21:05,895 [f5d629fd-ecfe-43ee-9421-b64933e3fd75@group-A499E8934B07:LeaderElection15] INFO  segmented.SegmentedRaftLogWorker (SegmentedRaftLogWorker.java:startLogSegment(380)) - f5d629fd-ecfe-43ee-9421-b64933e3fd75@group-A499E8934B07-SegmentedRaftLogWorker: Starting segment from index:0
2019-09-25 07:21:05,896 [f5d629fd-ecfe-43ee-9421-b64933e3fd75@group-A499E8934B07:LeaderElection15] INFO  impl.RaftServerImpl (ServerState.java:setRaftConf(354)) - f5d629fd-ecfe-43ee-9421-b64933e3fd75@group-A499E8934B07: set configuration 0: [f5d629fd-ecfe-43ee-9421-b64933e3fd75:192.168.30.10:37985], old=null at 0
2019-09-25 07:21:05,936 [f5d629fd-ecfe-43ee-9421-b64933e3fd75@group-A499E8934B07-SegmentedRaftLogWorker] INFO  segmented.SegmentedRaftLogWorker (SegmentedRaftLogWorker.java:execute(569)) - f5d629fd-ecfe-43ee-9421-b64933e3fd75@group-A499E8934B07-SegmentedRaftLogWorker: created new log segment /workdir/hadoop-ozone/ozonefs/target/test-dir/MiniOzoneClusterImpl-48169ae4-fc36-4fd4-bc0e-7a80f7e832d4/datanode-1/data/ratis/6bc6aa4d-e3c4-4953-b7df-a499e8934b07/current/log_inprogress_0
2019-09-25 07:21:05,975 [Thread-332] INFO  impl.FollowerState (FollowerState.java:run(106)) - 6bc56785-b354-47d6-aaaa-aea62bb8d052:group-A4047CC05F37 changes to CANDIDATE, lastRpcTime:5168, electionTimeout:5168ms
2019-09-25 07:21:05,976 [Thread-332] INFO  impl.RoleInfo (RoleInfo.java:shutdownFollowerState(121)) - 6bc56785-b354-47d6-aaaa-aea62bb8d052: shutdown FollowerState
2019-09-25 07:21:05,976 [Thread-332] INFO  impl.RaftServerImpl (RaftServerImpl.java:setRole(174)) - 6bc56785-b354-47d6-aaaa-aea62bb8d052@group-A4047CC05F37: changes role from  FOLLOWER to CANDIDATE at term 0 for changeToCandidate
2019-09-25 07:21:05,976 [Thread-332] INFO  impl.RoleInfo (RoleInfo.java:updateAndGet(143)) - 6bc56785-b354-47d6-aaaa-aea62bb8d052: start LeaderElection
2019-09-25 07:21:05,987 [Thread-336] INFO  impl.FollowerState (FollowerState.java:run(106)) - b05de815-ed09-4765-b576-c9e1c2f65196:group-99FA824DF767 changes to CANDIDATE, lastRpcTime:5117, electionTimeout:5113ms
2019-09-25 07:21:05,987 [Thread-336] INFO  impl.RoleInfo (RoleInfo.java:shutdownFollowerState(121)) - b05de815-ed09-4765-b576-c9e1c2f65196: shutdown FollowerState
2019-09-25 07:21:05,988 [Thread-336] INFO  impl.RaftServerImpl (RaftServerImpl.java:setRole(174)) - b05de815-ed09-4765-b576-c9e1c2f65196@group-99FA824DF767: changes role from  FOLLOWER to CANDIDATE at term 0 for changeToCandidate
2019-09-25 07:21:05,988 [Thread-336] INFO  impl.RoleInfo (RoleInfo.java:updateAndGet(143)) - b05de815-ed09-4765-b576-c9e1c2f65196: start LeaderElection
2019-09-25 07:21:06,001 [6bc56785-b354-47d6-aaaa-aea62bb8d052@group-A4047CC05F37:LeaderElection16] INFO  impl.LeaderElection (LeaderElection.java:askForVotes(182)) - 6bc56785-b354-47d6-aaaa-aea62bb8d052@group-A4047CC05F37:LeaderElection16: begin an election at term 1 for -1: [6bc56785-b354-47d6-aaaa-aea62bb8d052:192.168.30.10:40140], old=null
2019-09-25 07:21:06,001 [b05de815-ed09-4765-b576-c9e1c2f65196@group-99FA824DF767:LeaderElection17] INFO  impl.LeaderElection (LeaderElection.java:askForVotes(182)) - b05de815-ed09-4765-b576-c9e1c2f65196@group-99FA824DF767:LeaderElection17: begin an election at term 1 for -1: [b05de815-ed09-4765-b576-c9e1c2f65196:192.168.30.10:36348], old=null
2019-09-25 07:21:06,001 [6bc56785-b354-47d6-aaaa-aea62bb8d052@group-A4047CC05F37:LeaderElection16] INFO  impl.RoleInfo (RoleInfo.java:shutdownLeaderElection(134)) - 6bc56785-b354-47d6-aaaa-aea62bb8d052: shutdown LeaderElection
2019-09-25 07:21:06,001 [b05de815-ed09-4765-b576-c9e1c2f65196@group-99FA824DF767:LeaderElection17] INFO  impl.RoleInfo (RoleInfo.java:shutdownLeaderElection(134)) - b05de815-ed09-4765-b576-c9e1c2f65196: shutdown LeaderElection
2019-09-25 07:21:06,001 [6bc56785-b354-47d6-aaaa-aea62bb8d052@group-A4047CC05F37:LeaderElection16] INFO  impl.RaftServerImpl (RaftServerImpl.java:setRole(174)) - 6bc56785-b354-47d6-aaaa-aea62bb8d052@group-A4047CC05F37: changes role from CANDIDATE to LEADER at term 1 for changeToLeader
2019-09-25 07:21:06,002 [b05de815-ed09-4765-b576-c9e1c2f65196@group-99FA824DF767:LeaderElection17] INFO  impl.RaftServerImpl (RaftServerImpl.java:setRole(174)) - b05de815-ed09-4765-b576-c9e1c2f65196@group-99FA824DF767: changes role from CANDIDATE to LEADER at term 1 for changeToLeader
2019-09-25 07:21:06,002 [6bc56785-b354-47d6-aaaa-aea62bb8d052@group-A4047CC05F37:LeaderElection16] INFO  impl.RaftServerImpl (ServerState.java:setLeader(253)) - 6bc56785-b354-47d6-aaaa-aea62bb8d052@group-A4047CC05F37: change Leader from null to 6bc56785-b354-47d6-aaaa-aea62bb8d052 at term 1 for becomeLeader, leader elected after 5199ms
2019-09-25 07:21:06,002 [b05de815-ed09-4765-b576-c9e1c2f65196@group-99FA824DF767:LeaderElection17] INFO  impl.RaftServerImpl (ServerState.java:setLeader(253)) - b05de815-ed09-4765-b576-c9e1c2f65196@group-99FA824DF767: change Leader from null to b05de815-ed09-4765-b576-c9e1c2f65196 at term 1 for becomeLeader, leader elected after 5138ms
2019-09-25 07:21:06,002 [6bc56785-b354-47d6-aaaa-aea62bb8d052@group-A4047CC05F37:LeaderElection16] INFO  server.RaftServerConfigKeys (ConfUtils.java:logGet(43)) - raft.server.staging.catchup.gap = 1000 (default)
2019-09-25 07:21:06,002 [b05de815-ed09-4765-b576-c9e1c2f65196@group-99FA824DF767:LeaderElection17] INFO  server.RaftServerConfigKeys (ConfUtils.java:logGet(43)) - raft.server.staging.catchup.gap = 1000 (default)
2019-09-25 07:21:06,002 [6bc56785-b354-47d6-aaaa-aea62bb8d052@group-A4047CC05F37:LeaderElection16] INFO  server.RaftServerConfigKeys (ConfUtils.java:logGet(43)) - raft.server.rpc.sleep.time = 25ms (default)
2019-09-25 07:21:06,002 [b05de815-ed09-4765-b576-c9e1c2f65196@group-99FA824DF767:LeaderElection17] INFO  server.RaftServerConfigKeys (ConfUtils.java:logGet(43)) - raft.server.rpc.sleep.time = 25ms (default)
2019-09-25 07:21:06,003 [6bc56785-b354-47d6-aaaa-aea62bb8d052@group-A4047CC05F37:LeaderElection16] INFO  server.RaftServerConfigKeys (ConfUtils.java:logGet(43)) - raft.server.write.element-limit = 4096 (default)
2019-09-25 07:21:06,003 [b05de815-ed09-4765-b576-c9e1c2f65196@group-99FA824DF767:LeaderElection17] INFO  server.RaftServerConfigKeys (ConfUtils.java:logGet(43)) - raft.server.write.element-limit = 4096 (default)
2019-09-25 07:21:06,003 [6bc56785-b354-47d6-aaaa-aea62bb8d052@group-A4047CC05F37:LeaderElection16] INFO  server.RaftServerConfigKeys (ConfUtils.java:logGet(43)) - raft.server.watch.timeout = 10s (default)
2019-09-25 07:21:06,003 [b05de815-ed09-4765-b576-c9e1c2f65196@group-99FA824DF767:LeaderElection17] INFO  server.RaftServerConfigKeys (ConfUtils.java:logGet(43)) - raft.server.watch.timeout = 10s (default)
2019-09-25 07:21:06,003 [6bc56785-b354-47d6-aaaa-aea62bb8d052@group-A4047CC05F37:LeaderElection16] INFO  server.RaftServerConfigKeys (ConfUtils.java:logGet(43)) - raft.server.watch.timeout.denomination = 1s (default)
2019-09-25 07:21:06,003 [b05de815-ed09-4765-b576-c9e1c2f65196@group-99FA824DF767:LeaderElection17] INFO  server.RaftServerConfigKeys (ConfUtils.java:logGet(43)) - raft.server.watch.timeout.denomination = 1s (default)
2019-09-25 07:21:06,003 [6bc56785-b354-47d6-aaaa-aea62bb8d052@group-A4047CC05F37:LeaderElection16] INFO  server.RaftServerConfigKeys (ConfUtils.java:logGet(43)) - raft.server.watch.element-limit = 65536 (default)
2019-09-25 07:21:06,003 [b05de815-ed09-4765-b576-c9e1c2f65196@group-99FA824DF767:LeaderElection17] INFO  server.RaftServerConfigKeys (ConfUtils.java:logGet(43)) - raft.server.watch.element-limit = 65536 (default)
2019-09-25 07:21:06,006 [6bc56785-b354-47d6-aaaa-aea62bb8d052@group-A4047CC05F37:LeaderElection16] INFO  impl.RoleInfo (RoleInfo.java:updateAndGet(143)) - 6bc56785-b354-47d6-aaaa-aea62bb8d052: start LeaderState
2019-09-25 07:21:06,006 [6bc56785-b354-47d6-aaaa-aea62bb8d052@group-A4047CC05F37:LeaderElection16] INFO  segmented.SegmentedRaftLogWorker (SegmentedRaftLogWorker.java:startLogSegment(380)) - 6bc56785-b354-47d6-aaaa-aea62bb8d052@group-A4047CC05F37-SegmentedRaftLogWorker: Starting segment from index:0
2019-09-25 07:21:06,006 [b05de815-ed09-4765-b576-c9e1c2f65196@group-99FA824DF767:LeaderElection17] INFO  impl.RoleInfo (RoleInfo.java:updateAndGet(143)) - b05de815-ed09-4765-b576-c9e1c2f65196: start LeaderState
2019-09-25 07:21:06,007 [b05de815-ed09-4765-b576-c9e1c2f65196@group-99FA824DF767:LeaderElection17] INFO  segmented.SegmentedRaftLogWorker (SegmentedRaftLogWorker.java:startLogSegment(380)) - b05de815-ed09-4765-b576-c9e1c2f65196@group-99FA824DF767-SegmentedRaftLogWorker: Starting segment from index:0
2019-09-25 07:21:06,007 [6bc56785-b354-47d6-aaaa-aea62bb8d052@group-A4047CC05F37:LeaderElection16] INFO  impl.RaftServerImpl (ServerState.java:setRaftConf(354)) - 6bc56785-b354-47d6-aaaa-aea62bb8d052@group-A4047CC05F37: set configuration 0: [6bc56785-b354-47d6-aaaa-aea62bb8d052:192.168.30.10:40140], old=null at 0
2019-09-25 07:21:06,044 [b05de815-ed09-4765-b576-c9e1c2f65196@group-99FA824DF767:LeaderElection17] INFO  impl.RaftServerImpl (ServerState.java:setRaftConf(354)) - b05de815-ed09-4765-b576-c9e1c2f65196@group-99FA824DF767: set configuration 0: [b05de815-ed09-4765-b576-c9e1c2f65196:192.168.30.10:36348], old=null at 0
2019-09-25 07:21:06,086 [6bc56785-b354-47d6-aaaa-aea62bb8d052@group-A4047CC05F37-SegmentedRaftLogWorker] INFO  segmented.SegmentedRaftLogWorker (SegmentedRaftLogWorker.java:execute(569)) - 6bc56785-b354-47d6-aaaa-aea62bb8d052@group-A4047CC05F37-SegmentedRaftLogWorker: created new log segment /workdir/hadoop-ozone/ozonefs/target/test-dir/MiniOzoneClusterImpl-48169ae4-fc36-4fd4-bc0e-7a80f7e832d4/datanode-5/data/ratis/75a4dd64-52a3-45de-9d12-a4047cc05f37/current/log_inprogress_0
2019-09-25 07:21:06,110 [b05de815-ed09-4765-b576-c9e1c2f65196@group-99FA824DF767-SegmentedRaftLogWorker] INFO  segmented.SegmentedRaftLogWorker (SegmentedRaftLogWorker.java:execute(569)) - b05de815-ed09-4765-b576-c9e1c2f65196@group-99FA824DF767-SegmentedRaftLogWorker: created new log segment /workdir/hadoop-ozone/ozonefs/target/test-dir/MiniOzoneClusterImpl-48169ae4-fc36-4fd4-bc0e-7a80f7e832d4/datanode-0/data/ratis/928df348-ecba-4bc9-bf97-99fa824df767/current/log_inprogress_0
2019-09-25 07:21:06,121 [Thread-339] INFO  impl.FollowerState (FollowerState.java:run(106)) - 988e4f02-2728-4d94-a25f-5554bec3cdd7:group-C7A8CD8B5DD5 changes to CANDIDATE, lastRpcTime:5160, electionTimeout:5160ms
2019-09-25 07:21:06,121 [Thread-339] INFO  impl.RoleInfo (RoleInfo.java:shutdownFollowerState(121)) - 988e4f02-2728-4d94-a25f-5554bec3cdd7: shutdown FollowerState
2019-09-25 07:21:06,121 [Thread-339] INFO  impl.RaftServerImpl (RaftServerImpl.java:setRole(174)) - 988e4f02-2728-4d94-a25f-5554bec3cdd7@group-C7A8CD8B5DD5: changes role from  FOLLOWER to CANDIDATE at term 0 for changeToCandidate
2019-09-25 07:21:06,121 [Thread-339] INFO  impl.RoleInfo (RoleInfo.java:updateAndGet(143)) - 988e4f02-2728-4d94-a25f-5554bec3cdd7: start LeaderElection
2019-09-25 07:21:06,134 [Thread-343] INFO  impl.FollowerState (FollowerState.java:run(106)) - 790994da-c556-4bb6-9860-e4bcd35fb518:group-862BA68E5CD4 changes to CANDIDATE, lastRpcTime:5118, electionTimeout:5116ms
2019-09-25 07:21:06,134 [Thread-343] INFO  impl.RoleInfo (RoleInfo.java:shutdownFollowerState(121)) - 790994da-c556-4bb6-9860-e4bcd35fb518: shutdown FollowerState
2019-09-25 07:21:06,134 [Thread-343] INFO  impl.RaftServerImpl (RaftServerImpl.java:setRole(174)) - 790994da-c556-4bb6-9860-e4bcd35fb518@group-862BA68E5CD4: changes role from  FOLLOWER to CANDIDATE at term 0 for changeToCandidate
2019-09-25 07:21:06,134 [Thread-343] INFO  impl.RoleInfo (RoleInfo.java:updateAndGet(143)) - 790994da-c556-4bb6-9860-e4bcd35fb518: start LeaderElection
2019-09-25 07:21:06,151 [988e4f02-2728-4d94-a25f-5554bec3cdd7@group-C7A8CD8B5DD5:LeaderElection18] INFO  impl.LeaderElection (LeaderElection.java:askForVotes(182)) - 988e4f02-2728-4d94-a25f-5554bec3cdd7@group-C7A8CD8B5DD5:LeaderElection18: begin an election at term 1 for -1: [988e4f02-2728-4d94-a25f-5554bec3cdd7:192.168.30.10:32885], old=null
2019-09-25 07:21:06,151 [988e4f02-2728-4d94-a25f-5554bec3cdd7@group-C7A8CD8B5DD5:LeaderElection18] INFO  impl.RoleInfo (RoleInfo.java:shutdownLeaderElection(134)) - 988e4f02-2728-4d94-a25f-5554bec3cdd7: shutdown LeaderElection
2019-09-25 07:21:06,152 [988e4f02-2728-4d94-a25f-5554bec3cdd7@group-C7A8CD8B5DD5:LeaderElection18] INFO  impl.RaftServerImpl (RaftServerImpl.java:setRole(174)) - 988e4f02-2728-4d94-a25f-5554bec3cdd7@group-C7A8CD8B5DD5: changes role from CANDIDATE to LEADER at term 1 for changeToLeader
2019-09-25 07:21:06,152 [988e4f02-2728-4d94-a25f-5554bec3cdd7@group-C7A8CD8B5DD5:LeaderElection18] INFO  impl.RaftServerImpl (ServerState.java:setLeader(253)) - 988e4f02-2728-4d94-a25f-5554bec3cdd7@group-C7A8CD8B5DD5: change Leader from null to 988e4f02-2728-4d94-a25f-5554bec3cdd7 at term 1 for becomeLeader, leader elected after 5199ms
2019-09-25 07:21:06,152 [988e4f02-2728-4d94-a25f-5554bec3cdd7@group-C7A8CD8B5DD5:LeaderElection18] INFO  server.RaftServerConfigKeys (ConfUtils.java:logGet(43)) - raft.server.staging.catchup.gap = 1000 (default)
2019-09-25 07:21:06,152 [988e4f02-2728-4d94-a25f-5554bec3cdd7@group-C7A8CD8B5DD5:LeaderElection18] INFO  server.RaftServerConfigKeys (ConfUtils.java:logGet(43)) - raft.server.rpc.sleep.time = 25ms (default)
2019-09-25 07:21:06,153 [988e4f02-2728-4d94-a25f-5554bec3cdd7@group-C7A8CD8B5DD5:LeaderElection18] INFO  server.RaftServerConfigKeys (ConfUtils.java:logGet(43)) - raft.server.write.element-limit = 4096 (default)
2019-09-25 07:21:06,153 [988e4f02-2728-4d94-a25f-5554bec3cdd7@group-C7A8CD8B5DD5:LeaderElection18] INFO  server.RaftServerConfigKeys (ConfUtils.java:logGet(43)) - raft.server.watch.timeout = 10s (default)
2019-09-25 07:21:06,153 [988e4f02-2728-4d94-a25f-5554bec3cdd7@group-C7A8CD8B5DD5:LeaderElection18] INFO  server.RaftServerConfigKeys (ConfUtils.java:logGet(43)) - raft.server.watch.timeout.denomination = 1s (default)
2019-09-25 07:21:06,153 [988e4f02-2728-4d94-a25f-5554bec3cdd7@group-C7A8CD8B5DD5:LeaderElection18] INFO  server.RaftServerConfigKeys (ConfUtils.java:logGet(43)) - raft.server.watch.element-limit = 65536 (default)
2019-09-25 07:21:06,153 [790994da-c556-4bb6-9860-e4bcd35fb518@group-862BA68E5CD4:LeaderElection19] INFO  impl.LeaderElection (LeaderElection.java:askForVotes(182)) - 790994da-c556-4bb6-9860-e4bcd35fb518@group-862BA68E5CD4:LeaderElection19: begin an election at term 1 for -1: [790994da-c556-4bb6-9860-e4bcd35fb518:192.168.30.10:42560], old=null
2019-09-25 07:21:06,153 [790994da-c556-4bb6-9860-e4bcd35fb518@group-862BA68E5CD4:LeaderElection19] INFO  impl.RoleInfo (RoleInfo.java:shutdownLeaderElection(134)) - 790994da-c556-4bb6-9860-e4bcd35fb518: shutdown LeaderElection
2019-09-25 07:21:06,154 [790994da-c556-4bb6-9860-e4bcd35fb518@group-862BA68E5CD4:LeaderElection19] INFO  impl.RaftServerImpl (RaftServerImpl.java:setRole(174)) - 790994da-c556-4bb6-9860-e4bcd35fb518@group-862BA68E5CD4: changes role from CANDIDATE to LEADER at term 1 for changeToLeader
2019-09-25 07:21:06,154 [790994da-c556-4bb6-9860-e4bcd35fb518@group-862BA68E5CD4:LeaderElection19] INFO  impl.RaftServerImpl (ServerState.java:setLeader(253)) - 790994da-c556-4bb6-9860-e4bcd35fb518@group-862BA68E5CD4: change Leader from null to 790994da-c556-4bb6-9860-e4bcd35fb518 at term 1 for becomeLeader, leader elected after 5143ms
2019-09-25 07:21:06,154 [790994da-c556-4bb6-9860-e4bcd35fb518@group-862BA68E5CD4:LeaderElection19] INFO  server.RaftServerConfigKeys (ConfUtils.java:logGet(43)) - raft.server.staging.catchup.gap = 1000 (default)
2019-09-25 07:21:06,154 [790994da-c556-4bb6-9860-e4bcd35fb518@group-862BA68E5CD4:LeaderElection19] INFO  server.RaftServerConfigKeys (ConfUtils.java:logGet(43)) - raft.server.rpc.sleep.time = 25ms (default)
2019-09-25 07:21:06,154 [790994da-c556-4bb6-9860-e4bcd35fb518@group-862BA68E5CD4:LeaderElection19] INFO  server.RaftServerConfigKeys (ConfUtils.java:logGet(43)) - raft.server.write.element-limit = 4096 (default)
2019-09-25 07:21:06,155 [790994da-c556-4bb6-9860-e4bcd35fb518@group-862BA68E5CD4:LeaderElection19] INFO  server.RaftServerConfigKeys (ConfUtils.java:logGet(43)) - raft.server.watch.timeout = 10s (default)
2019-09-25 07:21:06,155 [790994da-c556-4bb6-9860-e4bcd35fb518@group-862BA68E5CD4:LeaderElection19] INFO  server.RaftServerConfigKeys (ConfUtils.java:logGet(43)) - raft.server.watch.timeout.denomination = 1s (default)
2019-09-25 07:21:06,155 [790994da-c556-4bb6-9860-e4bcd35fb518@group-862BA68E5CD4:LeaderElection19] INFO  server.RaftServerConfigKeys (ConfUtils.java:logGet(43)) - raft.server.watch.element-limit = 65536 (default)
2019-09-25 07:21:06,158 [988e4f02-2728-4d94-a25f-5554bec3cdd7@group-C7A8CD8B5DD5:LeaderElection18] INFO  impl.RoleInfo (RoleInfo.java:updateAndGet(143)) - 988e4f02-2728-4d94-a25f-5554bec3cdd7: start LeaderState
2019-09-25 07:21:06,159 [988e4f02-2728-4d94-a25f-5554bec3cdd7@group-C7A8CD8B5DD5:LeaderElection18] INFO  segmented.SegmentedRaftLogWorker (SegmentedRaftLogWorker.java:startLogSegment(380)) - 988e4f02-2728-4d94-a25f-5554bec3cdd7@group-C7A8CD8B5DD5-SegmentedRaftLogWorker: Starting segment from index:0
2019-09-25 07:21:06,159 [790994da-c556-4bb6-9860-e4bcd35fb518@group-862BA68E5CD4:LeaderElection19] INFO  impl.RoleInfo (RoleInfo.java:updateAndGet(143)) - 790994da-c556-4bb6-9860-e4bcd35fb518: start LeaderState
2019-09-25 07:21:06,159 [790994da-c556-4bb6-9860-e4bcd35fb518@group-862BA68E5CD4:LeaderElection19] INFO  segmented.SegmentedRaftLogWorker (SegmentedRaftLogWorker.java:startLogSegment(380)) - 790994da-c556-4bb6-9860-e4bcd35fb518@group-862BA68E5CD4-SegmentedRaftLogWorker: Starting segment from index:0
2019-09-25 07:21:06,160 [988e4f02-2728-4d94-a25f-5554bec3cdd7@group-C7A8CD8B5DD5:LeaderElection18] INFO  impl.RaftServerImpl (ServerState.java:setRaftConf(354)) - 988e4f02-2728-4d94-a25f-5554bec3cdd7@group-C7A8CD8B5DD5: set configuration 0: [988e4f02-2728-4d94-a25f-5554bec3cdd7:192.168.30.10:32885], old=null at 0
2019-09-25 07:21:06,160 [790994da-c556-4bb6-9860-e4bcd35fb518@group-862BA68E5CD4:LeaderElection19] INFO  impl.RaftServerImpl (ServerState.java:setRaftConf(354)) - 790994da-c556-4bb6-9860-e4bcd35fb518@group-862BA68E5CD4: set configuration 0: [790994da-c556-4bb6-9860-e4bcd35fb518:192.168.30.10:42560], old=null at 0
2019-09-25 07:21:06,217 [988e4f02-2728-4d94-a25f-5554bec3cdd7@group-C7A8CD8B5DD5-SegmentedRaftLogWorker] INFO  segmented.SegmentedRaftLogWorker (SegmentedRaftLogWorker.java:execute(569)) - 988e4f02-2728-4d94-a25f-5554bec3cdd7@group-C7A8CD8B5DD5-SegmentedRaftLogWorker: created new log segment /workdir/hadoop-ozone/ozonefs/target/test-dir/MiniOzoneClusterImpl-48169ae4-fc36-4fd4-bc0e-7a80f7e832d4/datanode-8/data/ratis/a4b15d24-d470-45c1-be50-c7a8cd8b5dd5/current/log_inprogress_0
2019-09-25 07:21:06,217 [790994da-c556-4bb6-9860-e4bcd35fb518@group-862BA68E5CD4-SegmentedRaftLogWorker] INFO  segmented.SegmentedRaftLogWorker (SegmentedRaftLogWorker.java:execute(569)) - 790994da-c556-4bb6-9860-e4bcd35fb518@group-862BA68E5CD4-SegmentedRaftLogWorker: created new log segment /workdir/hadoop-ozone/ozonefs/target/test-dir/MiniOzoneClusterImpl-48169ae4-fc36-4fd4-bc0e-7a80f7e832d4/datanode-3/data/ratis/7041041e-56b2-4367-b64f-862ba68e5cd4/current/log_inprogress_0
2019-09-25 07:21:07,074 [Thread-348] INFO  impl.FollowerState (FollowerState.java:run(106)) - 3ed290a7-a21d-4e57-957f-efca320df8bc:group-AC8169398F05 changes to CANDIDATE, lastRpcTime:5077, electionTimeout:5077ms
2019-09-25 07:21:07,074 [Thread-348] INFO  impl.RoleInfo (RoleInfo.java:shutdownFollowerState(121)) - 3ed290a7-a21d-4e57-957f-efca320df8bc: shutdown FollowerState
2019-09-25 07:21:07,075 [Thread-348] INFO  impl.RaftServerImpl (RaftServerImpl.java:setRole(174)) - 3ed290a7-a21d-4e57-957f-efca320df8bc@group-AC8169398F05: changes role from  FOLLOWER to CANDIDATE at term 0 for changeToCandidate
2019-09-25 07:21:07,075 [Thread-348] INFO  impl.RoleInfo (RoleInfo.java:updateAndGet(143)) - 3ed290a7-a21d-4e57-957f-efca320df8bc: start LeaderElection
2019-09-25 07:21:07,150 [3ed290a7-a21d-4e57-957f-efca320df8bc@group-AC8169398F05:LeaderElection20] INFO  impl.LeaderElection (LeaderElection.java:askForVotes(182)) - 3ed290a7-a21d-4e57-957f-efca320df8bc@group-AC8169398F05:LeaderElection20: begin an election at term 1 for -1: [3ed290a7-a21d-4e57-957f-efca320df8bc:192.168.30.10:43596], old=null
2019-09-25 07:21:07,150 [3ed290a7-a21d-4e57-957f-efca320df8bc@group-AC8169398F05:LeaderElection20] INFO  impl.RoleInfo (RoleInfo.java:shutdownLeaderElection(134)) - 3ed290a7-a21d-4e57-957f-efca320df8bc: shutdown LeaderElection
2019-09-25 07:21:07,150 [3ed290a7-a21d-4e57-957f-efca320df8bc@group-AC8169398F05:LeaderElection20] INFO  impl.RaftServerImpl (RaftServerImpl.java:setRole(174)) - 3ed290a7-a21d-4e57-957f-efca320df8bc@group-AC8169398F05: changes role from CANDIDATE to LEADER at term 1 for changeToLeader
2019-09-25 07:21:07,151 [3ed290a7-a21d-4e57-957f-efca320df8bc@group-AC8169398F05:LeaderElection20] INFO  impl.RaftServerImpl (ServerState.java:setLeader(253)) - 3ed290a7-a21d-4e57-957f-efca320df8bc@group-AC8169398F05: change Leader from null to 3ed290a7-a21d-4e57-957f-efca320df8bc at term 1 for becomeLeader, leader elected after 5165ms
2019-09-25 07:21:07,151 [3ed290a7-a21d-4e57-957f-efca320df8bc@group-AC8169398F05:LeaderElection20] INFO  server.RaftServerConfigKeys (ConfUtils.java:logGet(43)) - raft.server.staging.catchup.gap = 1000 (default)
2019-09-25 07:21:07,151 [3ed290a7-a21d-4e57-957f-efca320df8bc@group-AC8169398F05:LeaderElection20] INFO  server.RaftServerConfigKeys (ConfUtils.java:logGet(43)) - raft.server.rpc.sleep.time = 25ms (default)
2019-09-25 07:21:07,151 [3ed290a7-a21d-4e57-957f-efca320df8bc@group-AC8169398F05:LeaderElection20] INFO  server.RaftServerConfigKeys (ConfUtils.java:logGet(43)) - raft.server.write.element-limit = 4096 (default)
2019-09-25 07:21:07,152 [3ed290a7-a21d-4e57-957f-efca320df8bc@group-AC8169398F05:LeaderElection20] INFO  server.RaftServerConfigKeys (ConfUtils.java:logGet(43)) - raft.server.watch.timeout = 10s (default)
2019-09-25 07:21:07,152 [3ed290a7-a21d-4e57-957f-efca320df8bc@group-AC8169398F05:LeaderElection20] INFO  server.RaftServerConfigKeys (ConfUtils.java:logGet(43)) - raft.server.watch.timeout.denomination = 1s (default)
2019-09-25 07:21:07,152 [3ed290a7-a21d-4e57-957f-efca320df8bc@group-AC8169398F05:LeaderElection20] INFO  server.RaftServerConfigKeys (ConfUtils.java:logGet(43)) - raft.server.watch.element-limit = 65536 (default)
2019-09-25 07:21:07,156 [3ed290a7-a21d-4e57-957f-efca320df8bc@group-AC8169398F05:LeaderElection20] INFO  impl.RoleInfo (RoleInfo.java:updateAndGet(143)) - 3ed290a7-a21d-4e57-957f-efca320df8bc: start LeaderState
2019-09-25 07:21:07,156 [3ed290a7-a21d-4e57-957f-efca320df8bc@group-AC8169398F05:LeaderElection20] INFO  segmented.SegmentedRaftLogWorker (SegmentedRaftLogWorker.java:startLogSegment(380)) - 3ed290a7-a21d-4e57-957f-efca320df8bc@group-AC8169398F05-SegmentedRaftLogWorker: Starting segment from index:0
2019-09-25 07:21:07,157 [3ed290a7-a21d-4e57-957f-efca320df8bc@group-AC8169398F05:LeaderElection20] INFO  impl.RaftServerImpl (ServerState.java:setRaftConf(354)) - 3ed290a7-a21d-4e57-957f-efca320df8bc@group-AC8169398F05: set configuration 0: [3ed290a7-a21d-4e57-957f-efca320df8bc:192.168.30.10:43596], old=null at 0
2019-09-25 07:21:07,213 [3ed290a7-a21d-4e57-957f-efca320df8bc@group-AC8169398F05-SegmentedRaftLogWorker] INFO  segmented.SegmentedRaftLogWorker (SegmentedRaftLogWorker.java:execute(569)) - 3ed290a7-a21d-4e57-957f-efca320df8bc@group-AC8169398F05-SegmentedRaftLogWorker: created new log segment /workdir/hadoop-ozone/ozonefs/target/test-dir/MiniOzoneClusterImpl-48169ae4-fc36-4fd4-bc0e-7a80f7e832d4/datanode-7/data/ratis/444c23cf-8bef-462f-9bf0-ac8169398f05/current/log_inprogress_0
2019-09-25 07:21:07,232 [Thread-354] INFO  impl.FollowerState (FollowerState.java:run(106)) - f5d629fd-ecfe-43ee-9421-b64933e3fd75:group-4F39C7A548F4 changes to CANDIDATE, lastRpcTime:5095, electionTimeout:5095ms
2019-09-25 07:21:07,232 [Thread-354] INFO  impl.RoleInfo (RoleInfo.java:shutdownFollowerState(121)) - f5d629fd-ecfe-43ee-9421-b64933e3fd75: shutdown FollowerState
2019-09-25 07:21:07,232 [Thread-354] INFO  impl.RaftServerImpl (RaftServerImpl.java:setRole(174)) - f5d629fd-ecfe-43ee-9421-b64933e3fd75@group-4F39C7A548F4: changes role from  FOLLOWER to CANDIDATE at term 0 for changeToCandidate
2019-09-25 07:21:07,233 [Thread-354] INFO  impl.RoleInfo (RoleInfo.java:updateAndGet(143)) - f5d629fd-ecfe-43ee-9421-b64933e3fd75: start LeaderElection
2019-09-25 07:21:07,248 [Thread-351] INFO  impl.FollowerState (FollowerState.java:run(106)) - 3ed290a7-a21d-4e57-957f-efca320df8bc:group-9C401E06E3E1 changes to CANDIDATE, lastRpcTime:5165, electionTimeout:5165ms
2019-09-25 07:21:07,249 [Thread-351] INFO  impl.RoleInfo (RoleInfo.java:shutdownFollowerState(121)) - 3ed290a7-a21d-4e57-957f-efca320df8bc: shutdown FollowerState
2019-09-25 07:21:07,249 [Thread-351] INFO  impl.RaftServerImpl (RaftServerImpl.java:setRole(174)) - 3ed290a7-a21d-4e57-957f-efca320df8bc@group-9C401E06E3E1: changes role from  FOLLOWER to CANDIDATE at term 0 for changeToCandidate
2019-09-25 07:21:07,249 [Thread-351] INFO  impl.RoleInfo (RoleInfo.java:updateAndGet(143)) - 3ed290a7-a21d-4e57-957f-efca320df8bc: start LeaderElection
2019-09-25 07:21:07,254 [f5d629fd-ecfe-43ee-9421-b64933e3fd75@group-4F39C7A548F4:LeaderElection21] INFO  impl.LeaderElection (LeaderElection.java:askForVotes(182)) - f5d629fd-ecfe-43ee-9421-b64933e3fd75@group-4F39C7A548F4:LeaderElection21: begin an election at term 1 for -1: [f5d629fd-ecfe-43ee-9421-b64933e3fd75:192.168.30.10:37985], old=null
2019-09-25 07:21:07,254 [f5d629fd-ecfe-43ee-9421-b64933e3fd75@group-4F39C7A548F4:LeaderElection21] INFO  impl.RoleInfo (RoleInfo.java:shutdownLeaderElection(134)) - f5d629fd-ecfe-43ee-9421-b64933e3fd75: shutdown LeaderElection
2019-09-25 07:21:07,254 [f5d629fd-ecfe-43ee-9421-b64933e3fd75@group-4F39C7A548F4:LeaderElection21] INFO  impl.RaftServerImpl (RaftServerImpl.java:setRole(174)) - f5d629fd-ecfe-43ee-9421-b64933e3fd75@group-4F39C7A548F4: changes role from CANDIDATE to LEADER at term 1 for changeToLeader
2019-09-25 07:21:07,254 [f5d629fd-ecfe-43ee-9421-b64933e3fd75@group-4F39C7A548F4:LeaderElection21] INFO  impl.RaftServerImpl (ServerState.java:setLeader(253)) - f5d629fd-ecfe-43ee-9421-b64933e3fd75@group-4F39C7A548F4: change Leader from null to f5d629fd-ecfe-43ee-9421-b64933e3fd75 at term 1 for becomeLeader, leader elected after 5122ms
2019-09-25 07:21:07,255 [f5d629fd-ecfe-43ee-9421-b64933e3fd75@group-4F39C7A548F4:LeaderElection21] INFO  server.RaftServerConfigKeys (ConfUtils.java:logGet(43)) - raft.server.staging.catchup.gap = 1000 (default)
2019-09-25 07:21:07,255 [f5d629fd-ecfe-43ee-9421-b64933e3fd75@group-4F39C7A548F4:LeaderElection21] INFO  server.RaftServerConfigKeys (ConfUtils.java:logGet(43)) - raft.server.rpc.sleep.time = 25ms (default)
2019-09-25 07:21:07,255 [f5d629fd-ecfe-43ee-9421-b64933e3fd75@group-4F39C7A548F4:LeaderElection21] INFO  server.RaftServerConfigKeys (ConfUtils.java:logGet(43)) - raft.server.write.element-limit = 4096 (default)
2019-09-25 07:21:07,255 [f5d629fd-ecfe-43ee-9421-b64933e3fd75@group-4F39C7A548F4:LeaderElection21] INFO  server.RaftServerConfigKeys (ConfUtils.java:logGet(43)) - raft.server.watch.timeout = 10s (default)
2019-09-25 07:21:07,255 [f5d629fd-ecfe-43ee-9421-b64933e3fd75@group-4F39C7A548F4:LeaderElection21] INFO  server.RaftServerConfigKeys (ConfUtils.java:logGet(43)) - raft.server.watch.timeout.denomination = 1s (default)
2019-09-25 07:21:07,256 [f5d629fd-ecfe-43ee-9421-b64933e3fd75@group-4F39C7A548F4:LeaderElection21] INFO  server.RaftServerConfigKeys (ConfUtils.java:logGet(43)) - raft.server.watch.element-limit = 65536 (default)
2019-09-25 07:21:07,259 [f5d629fd-ecfe-43ee-9421-b64933e3fd75@group-4F39C7A548F4:LeaderElection21] INFO  impl.RoleInfo (RoleInfo.java:updateAndGet(143)) - f5d629fd-ecfe-43ee-9421-b64933e3fd75: start LeaderState
2019-09-25 07:21:07,259 [f5d629fd-ecfe-43ee-9421-b64933e3fd75@group-4F39C7A548F4:LeaderElection21] INFO  segmented.SegmentedRaftLogWorker (SegmentedRaftLogWorker.java:startLogSegment(380)) - f5d629fd-ecfe-43ee-9421-b64933e3fd75@group-4F39C7A548F4-SegmentedRaftLogWorker: Starting segment from index:0
2019-09-25 07:21:07,259 [f5d629fd-ecfe-43ee-9421-b64933e3fd75@group-4F39C7A548F4:LeaderElection21] INFO  impl.RaftServerImpl (ServerState.java:setRaftConf(354)) - f5d629fd-ecfe-43ee-9421-b64933e3fd75@group-4F39C7A548F4: set configuration 0: [f5d629fd-ecfe-43ee-9421-b64933e3fd75:192.168.30.10:37985], old=null at 0
2019-09-25 07:21:07,299 [Thread-360] INFO  impl.FollowerState (FollowerState.java:run(106)) - 8c621658-b0ee-4cf2-b145-27cf4e621fee:group-BB0EB582C352 changes to CANDIDATE, lastRpcTime:5049, electionTimeout:5024ms
2019-09-25 07:21:07,299 [3ed290a7-a21d-4e57-957f-efca320df8bc@group-9C401E06E3E1:LeaderElection22] INFO  impl.LeaderElection (LeaderElection.java:askForVotes(182)) - 3ed290a7-a21d-4e57-957f-efca320df8bc@group-9C401E06E3E1:LeaderElection22: begin an election at term 1 for -1: [3ed290a7-a21d-4e57-957f-efca320df8bc:192.168.30.10:43596], old=null
2019-09-25 07:21:07,299 [Thread-360] INFO  impl.RoleInfo (RoleInfo.java:shutdownFollowerState(121)) - 8c621658-b0ee-4cf2-b145-27cf4e621fee: shutdown FollowerState
2019-09-25 07:21:07,299 [3ed290a7-a21d-4e57-957f-efca320df8bc@group-9C401E06E3E1:LeaderElection22] INFO  impl.RoleInfo (RoleInfo.java:shutdownLeaderElection(134)) - 3ed290a7-a21d-4e57-957f-efca320df8bc: shutdown LeaderElection
2019-09-25 07:21:07,299 [Thread-360] INFO  impl.RaftServerImpl (RaftServerImpl.java:setRole(174)) - 8c621658-b0ee-4cf2-b145-27cf4e621fee@group-BB0EB582C352: changes role from  FOLLOWER to CANDIDATE at term 0 for changeToCandidate
2019-09-25 07:21:07,299 [3ed290a7-a21d-4e57-957f-efca320df8bc@group-9C401E06E3E1:LeaderElection22] INFO  impl.RaftServerImpl (RaftServerImpl.java:setRole(174)) - 3ed290a7-a21d-4e57-957f-efca320df8bc@group-9C401E06E3E1: changes role from CANDIDATE to LEADER at term 1 for changeToLeader
2019-09-25 07:21:07,300 [Thread-360] INFO  impl.RoleInfo (RoleInfo.java:updateAndGet(143)) - 8c621658-b0ee-4cf2-b145-27cf4e621fee: start LeaderElection
2019-09-25 07:21:07,300 [3ed290a7-a21d-4e57-957f-efca320df8bc@group-9C401E06E3E1:LeaderElection22] INFO  impl.RaftServerImpl (ServerState.java:setLeader(253)) - 3ed290a7-a21d-4e57-957f-efca320df8bc@group-9C401E06E3E1: change Leader from null to 3ed290a7-a21d-4e57-957f-efca320df8bc at term 1 for becomeLeader, leader elected after 5224ms
2019-09-25 07:21:07,300 [3ed290a7-a21d-4e57-957f-efca320df8bc@group-9C401E06E3E1:LeaderElection22] INFO  server.RaftServerConfigKeys (ConfUtils.java:logGet(43)) - raft.server.staging.catchup.gap = 1000 (default)
2019-09-25 07:21:07,305 [3ed290a7-a21d-4e57-957f-efca320df8bc@group-9C401E06E3E1:LeaderElection22] INFO  server.RaftServerConfigKeys (ConfUtils.java:logGet(43)) - raft.server.rpc.sleep.time = 25ms (default)
2019-09-25 07:21:07,305 [3ed290a7-a21d-4e57-957f-efca320df8bc@group-9C401E06E3E1:LeaderElection22] INFO  server.RaftServerConfigKeys (ConfUtils.java:logGet(43)) - raft.server.write.element-limit = 4096 (default)
2019-09-25 07:21:07,305 [3ed290a7-a21d-4e57-957f-efca320df8bc@group-9C401E06E3E1:LeaderElection22] INFO  server.RaftServerConfigKeys (ConfUtils.java:logGet(43)) - raft.server.watch.timeout = 10s (default)
2019-09-25 07:21:07,306 [3ed290a7-a21d-4e57-957f-efca320df8bc@group-9C401E06E3E1:LeaderElection22] INFO  server.RaftServerConfigKeys (ConfUtils.java:logGet(43)) - raft.server.watch.timeout.denomination = 1s (default)
2019-09-25 07:21:07,306 [3ed290a7-a21d-4e57-957f-efca320df8bc@group-9C401E06E3E1:LeaderElection22] INFO  server.RaftServerConfigKeys (ConfUtils.java:logGet(43)) - raft.server.watch.element-limit = 65536 (default)
2019-09-25 07:21:07,309 [3ed290a7-a21d-4e57-957f-efca320df8bc@group-9C401E06E3E1:LeaderElection22] INFO  impl.RoleInfo (RoleInfo.java:updateAndGet(143)) - 3ed290a7-a21d-4e57-957f-efca320df8bc: start LeaderState
2019-09-25 07:21:07,310 [3ed290a7-a21d-4e57-957f-efca320df8bc@group-9C401E06E3E1:LeaderElection22] INFO  segmented.SegmentedRaftLogWorker (SegmentedRaftLogWorker.java:startLogSegment(380)) - 3ed290a7-a21d-4e57-957f-efca320df8bc@group-9C401E06E3E1-SegmentedRaftLogWorker: Starting segment from index:0
2019-09-25 07:21:07,310 [3ed290a7-a21d-4e57-957f-efca320df8bc@group-9C401E06E3E1:LeaderElection22] INFO  impl.RaftServerImpl (ServerState.java:setRaftConf(354)) - 3ed290a7-a21d-4e57-957f-efca320df8bc@group-9C401E06E3E1: set configuration 0: [3ed290a7-a21d-4e57-957f-efca320df8bc:192.168.30.10:43596], old=null at 0
2019-09-25 07:21:07,315 [f5d629fd-ecfe-43ee-9421-b64933e3fd75@group-4F39C7A548F4-SegmentedRaftLogWorker] INFO  segmented.SegmentedRaftLogWorker (SegmentedRaftLogWorker.java:execute(569)) - f5d629fd-ecfe-43ee-9421-b64933e3fd75@group-4F39C7A548F4-SegmentedRaftLogWorker: created new log segment /workdir/hadoop-ozone/ozonefs/target/test-dir/MiniOzoneClusterImpl-48169ae4-fc36-4fd4-bc0e-7a80f7e832d4/datanode-1/data/ratis/bc682c28-20cc-4761-b4dd-4f39c7a548f4/current/log_inprogress_0
2019-09-25 07:21:07,315 [8c621658-b0ee-4cf2-b145-27cf4e621fee@group-BB0EB582C352:LeaderElection23] INFO  impl.LeaderElection (LeaderElection.java:askForVotes(182)) - 8c621658-b0ee-4cf2-b145-27cf4e621fee@group-BB0EB582C352:LeaderElection23: begin an election at term 1 for -1: [8c621658-b0ee-4cf2-b145-27cf4e621fee:192.168.30.10:39467], old=null
2019-09-25 07:21:07,316 [8c621658-b0ee-4cf2-b145-27cf4e621fee@group-BB0EB582C352:LeaderElection23] INFO  impl.RoleInfo (RoleInfo.java:shutdownLeaderElection(134)) - 8c621658-b0ee-4cf2-b145-27cf4e621fee: shutdown LeaderElection
2019-09-25 07:21:07,316 [8c621658-b0ee-4cf2-b145-27cf4e621fee@group-BB0EB582C352:LeaderElection23] INFO  impl.RaftServerImpl (RaftServerImpl.java:setRole(174)) - 8c621658-b0ee-4cf2-b145-27cf4e621fee@group-BB0EB582C352: changes role from CANDIDATE to LEADER at term 1 for changeToLeader
2019-09-25 07:21:07,316 [8c621658-b0ee-4cf2-b145-27cf4e621fee@group-BB0EB582C352:LeaderElection23] INFO  impl.RaftServerImpl (ServerState.java:setLeader(253)) - 8c621658-b0ee-4cf2-b145-27cf4e621fee@group-BB0EB582C352: change Leader from null to 8c621658-b0ee-4cf2-b145-27cf4e621fee at term 1 for becomeLeader, leader elected after 5073ms
2019-09-25 07:21:07,316 [8c621658-b0ee-4cf2-b145-27cf4e621fee@group-BB0EB582C352:LeaderElection23] INFO  server.RaftServerConfigKeys (ConfUtils.java:logGet(43)) - raft.server.staging.catchup.gap = 1000 (default)
2019-09-25 07:21:07,316 [8c621658-b0ee-4cf2-b145-27cf4e621fee@group-BB0EB582C352:LeaderElection23] INFO  server.RaftServerConfigKeys (ConfUtils.java:logGet(43)) - raft.server.rpc.sleep.time = 25ms (default)
2019-09-25 07:21:07,317 [8c621658-b0ee-4cf2-b145-27cf4e621fee@group-BB0EB582C352:LeaderElection23] INFO  server.RaftServerConfigKeys (ConfUtils.java:logGet(43)) - raft.server.write.element-limit = 4096 (default)
2019-09-25 07:21:07,317 [8c621658-b0ee-4cf2-b145-27cf4e621fee@group-BB0EB582C352:LeaderElection23] INFO  server.RaftServerConfigKeys (ConfUtils.java:logGet(43)) - raft.server.watch.timeout = 10s (default)
2019-09-25 07:21:07,317 [8c621658-b0ee-4cf2-b145-27cf4e621fee@group-BB0EB582C352:LeaderElection23] INFO  server.RaftServerConfigKeys (ConfUtils.java:logGet(43)) - raft.server.watch.timeout.denomination = 1s (default)
2019-09-25 07:21:07,317 [8c621658-b0ee-4cf2-b145-27cf4e621fee@group-BB0EB582C352:LeaderElection23] INFO  server.RaftServerConfigKeys (ConfUtils.java:logGet(43)) - raft.server.watch.element-limit = 65536 (default)
2019-09-25 07:21:07,320 [8c621658-b0ee-4cf2-b145-27cf4e621fee@group-BB0EB582C352:LeaderElection23] INFO  impl.RoleInfo (RoleInfo.java:updateAndGet(143)) - 8c621658-b0ee-4cf2-b145-27cf4e621fee: start LeaderState
2019-09-25 07:21:07,320 [8c621658-b0ee-4cf2-b145-27cf4e621fee@group-BB0EB582C352:LeaderElection23] INFO  segmented.SegmentedRaftLogWorker (SegmentedRaftLogWorker.java:startLogSegment(380)) - 8c621658-b0ee-4cf2-b145-27cf4e621fee@group-BB0EB582C352-SegmentedRaftLogWorker: Starting segment from index:0
2019-09-25 07:21:07,321 [8c621658-b0ee-4cf2-b145-27cf4e621fee@group-BB0EB582C352:LeaderElection23] INFO  impl.RaftServerImpl (ServerState.java:setRaftConf(354)) - 8c621658-b0ee-4cf2-b145-27cf4e621fee@group-BB0EB582C352: set configuration 0: [8c621658-b0ee-4cf2-b145-27cf4e621fee:192.168.30.10:39467], old=null at 0
2019-09-25 07:21:07,358 [Thread-363] INFO  impl.FollowerState (FollowerState.java:run(106)) - 8c621658-b0ee-4cf2-b145-27cf4e621fee:group-1F7F0FE24AB4 changes to CANDIDATE, lastRpcTime:5057, electionTimeout:5040ms
2019-09-25 07:21:07,358 [Thread-363] INFO  impl.RoleInfo (RoleInfo.java:shutdownFollowerState(121)) - 8c621658-b0ee-4cf2-b145-27cf4e621fee: shutdown FollowerState
2019-09-25 07:21:07,359 [Thread-363] INFO  impl.RaftServerImpl (RaftServerImpl.java:setRole(174)) - 8c621658-b0ee-4cf2-b145-27cf4e621fee@group-1F7F0FE24AB4: changes role from  FOLLOWER to CANDIDATE at term 0 for changeToCandidate
2019-09-25 07:21:07,359 [Thread-363] INFO  impl.RoleInfo (RoleInfo.java:updateAndGet(143)) - 8c621658-b0ee-4cf2-b145-27cf4e621fee: start LeaderElection
2019-09-25 07:21:07,366 [Thread-357] INFO  impl.FollowerState (FollowerState.java:run(106)) - 8c621658-b0ee-4cf2-b145-27cf4e621fee:group-146203E33581 changes to CANDIDATE, lastRpcTime:5172, electionTimeout:5172ms
2019-09-25 07:21:07,367 [Thread-357] INFO  impl.RoleInfo (RoleInfo.java:shutdownFollowerState(121)) - 8c621658-b0ee-4cf2-b145-27cf4e621fee: shutdown FollowerState
2019-09-25 07:21:07,367 [Thread-357] INFO  impl.RaftServerImpl (RaftServerImpl.java:setRole(174)) - 8c621658-b0ee-4cf2-b145-27cf4e621fee@group-146203E33581: changes role from  FOLLOWER to CANDIDATE at term 0 for changeToCandidate
2019-09-25 07:21:07,367 [Thread-357] INFO  impl.RoleInfo (RoleInfo.java:updateAndGet(143)) - 8c621658-b0ee-4cf2-b145-27cf4e621fee: start LeaderElection
2019-09-25 07:21:07,383 [3ed290a7-a21d-4e57-957f-efca320df8bc@group-9C401E06E3E1-SegmentedRaftLogWorker] INFO  segmented.SegmentedRaftLogWorker (SegmentedRaftLogWorker.java:execute(569)) - 3ed290a7-a21d-4e57-957f-efca320df8bc@group-9C401E06E3E1-SegmentedRaftLogWorker: created new log segment /workdir/hadoop-ozone/ozonefs/target/test-dir/MiniOzoneClusterImpl-48169ae4-fc36-4fd4-bc0e-7a80f7e832d4/datanode-7/data/ratis/92337bc2-6028-4d1c-bd77-9c401e06e3e1/current/log_inprogress_0
2019-09-25 07:21:07,383 [8c621658-b0ee-4cf2-b145-27cf4e621fee@group-BB0EB582C352-SegmentedRaftLogWorker] INFO  segmented.SegmentedRaftLogWorker (SegmentedRaftLogWorker.java:execute(569)) - 8c621658-b0ee-4cf2-b145-27cf4e621fee@group-BB0EB582C352-SegmentedRaftLogWorker: created new log segment /workdir/hadoop-ozone/ozonefs/target/test-dir/MiniOzoneClusterImpl-48169ae4-fc36-4fd4-bc0e-7a80f7e832d4/datanode-4/data/ratis/f9519843-c8f7-4b90-8e00-bb0eb582c352/current/log_inprogress_0
2019-09-25 07:21:07,383 [8c621658-b0ee-4cf2-b145-27cf4e621fee@group-1F7F0FE24AB4:LeaderElection24] INFO  impl.LeaderElection (LeaderElection.java:askForVotes(182)) - 8c621658-b0ee-4cf2-b145-27cf4e621fee@group-1F7F0FE24AB4:LeaderElection24: begin an election at term 1 for -1: [8c621658-b0ee-4cf2-b145-27cf4e621fee:192.168.30.10:39467], old=null
2019-09-25 07:21:07,384 [8c621658-b0ee-4cf2-b145-27cf4e621fee@group-1F7F0FE24AB4:LeaderElection24] INFO  impl.RoleInfo (RoleInfo.java:shutdownLeaderElection(134)) - 8c621658-b0ee-4cf2-b145-27cf4e621fee: shutdown LeaderElection
2019-09-25 07:21:07,384 [8c621658-b0ee-4cf2-b145-27cf4e621fee@group-1F7F0FE24AB4:LeaderElection24] INFO  impl.RaftServerImpl (RaftServerImpl.java:setRole(174)) - 8c621658-b0ee-4cf2-b145-27cf4e621fee@group-1F7F0FE24AB4: changes role from CANDIDATE to LEADER at term 1 for changeToLeader
2019-09-25 07:21:07,384 [8c621658-b0ee-4cf2-b145-27cf4e621fee@group-1F7F0FE24AB4:LeaderElection24] INFO  impl.RaftServerImpl (ServerState.java:setLeader(253)) - 8c621658-b0ee-4cf2-b145-27cf4e621fee@group-1F7F0FE24AB4: change Leader from null to 8c621658-b0ee-4cf2-b145-27cf4e621fee at term 1 for becomeLeader, leader elected after 5089ms
2019-09-25 07:21:07,384 [8c621658-b0ee-4cf2-b145-27cf4e621fee@group-1F7F0FE24AB4:LeaderElection24] INFO  server.RaftServerConfigKeys (ConfUtils.java:logGet(43)) - raft.server.staging.catchup.gap = 1000 (default)
2019-09-25 07:21:07,384 [8c621658-b0ee-4cf2-b145-27cf4e621fee@group-1F7F0FE24AB4:LeaderElection24] INFO  server.RaftServerConfigKeys (ConfUtils.java:logGet(43)) - raft.server.rpc.sleep.time = 25ms (default)
2019-09-25 07:21:07,385 [8c621658-b0ee-4cf2-b145-27cf4e621fee@group-1F7F0FE24AB4:LeaderElection24] INFO  server.RaftServerConfigKeys (ConfUtils.java:logGet(43)) - raft.server.write.element-limit = 4096 (default)
2019-09-25 07:21:07,385 [8c621658-b0ee-4cf2-b145-27cf4e621fee@group-1F7F0FE24AB4:LeaderElection24] INFO  server.RaftServerConfigKeys (ConfUtils.java:logGet(43)) - raft.server.watch.timeout = 10s (default)
2019-09-25 07:21:07,385 [8c621658-b0ee-4cf2-b145-27cf4e621fee@group-146203E33581:LeaderElection25] INFO  impl.LeaderElection (LeaderElection.java:askForVotes(182)) - 8c621658-b0ee-4cf2-b145-27cf4e621fee@group-146203E33581:LeaderElection25: begin an election at term 1 for -1: [8c621658-b0ee-4cf2-b145-27cf4e621fee:192.168.30.10:39467], old=null
2019-09-25 07:21:07,385 [8c621658-b0ee-4cf2-b145-27cf4e621fee@group-1F7F0FE24AB4:LeaderElection24] INFO  server.RaftServerConfigKeys (ConfUtils.java:logGet(43)) - raft.server.watch.timeout.denomination = 1s (default)
2019-09-25 07:21:07,385 [8c621658-b0ee-4cf2-b145-27cf4e621fee@group-146203E33581:LeaderElection25] INFO  impl.RoleInfo (RoleInfo.java:shutdownLeaderElection(134)) - 8c621658-b0ee-4cf2-b145-27cf4e621fee: shutdown LeaderElection
2019-09-25 07:21:07,385 [8c621658-b0ee-4cf2-b145-27cf4e621fee@group-1F7F0FE24AB4:LeaderElection24] INFO  server.RaftServerConfigKeys (ConfUtils.java:logGet(43)) - raft.server.watch.element-limit = 65536 (default)
2019-09-25 07:21:07,386 [8c621658-b0ee-4cf2-b145-27cf4e621fee@group-146203E33581:LeaderElection25] INFO  impl.RaftServerImpl (RaftServerImpl.java:setRole(174)) - 8c621658-b0ee-4cf2-b145-27cf4e621fee@group-146203E33581: changes role from CANDIDATE to LEADER at term 1 for changeToLeader
2019-09-25 07:21:07,386 [8c621658-b0ee-4cf2-b145-27cf4e621fee@group-146203E33581:LeaderElection25] INFO  impl.RaftServerImpl (ServerState.java:setLeader(253)) - 8c621658-b0ee-4cf2-b145-27cf4e621fee@group-146203E33581: change Leader from null to 8c621658-b0ee-4cf2-b145-27cf4e621fee at term 1 for becomeLeader, leader elected after 5200ms
2019-09-25 07:21:07,386 [8c621658-b0ee-4cf2-b145-27cf4e621fee@group-146203E33581:LeaderElection25] INFO  server.RaftServerConfigKeys (ConfUtils.java:logGet(43)) - raft.server.staging.catchup.gap = 1000 (default)
2019-09-25 07:21:07,386 [8c621658-b0ee-4cf2-b145-27cf4e621fee@group-146203E33581:LeaderElection25] INFO  server.RaftServerConfigKeys (ConfUtils.java:logGet(43)) - raft.server.rpc.sleep.time = 25ms (default)
2019-09-25 07:21:07,386 [8c621658-b0ee-4cf2-b145-27cf4e621fee@group-146203E33581:LeaderElection25] INFO  server.RaftServerConfigKeys (ConfUtils.java:logGet(43)) - raft.server.write.element-limit = 4096 (default)
2019-09-25 07:21:07,387 [8c621658-b0ee-4cf2-b145-27cf4e621fee@group-146203E33581:LeaderElection25] INFO  server.RaftServerConfigKeys (ConfUtils.java:logGet(43)) - raft.server.watch.timeout = 10s (default)
2019-09-25 07:21:07,387 [8c621658-b0ee-4cf2-b145-27cf4e621fee@group-146203E33581:LeaderElection25] INFO  server.RaftServerConfigKeys (ConfUtils.java:logGet(43)) - raft.server.watch.timeout.denomination = 1s (default)
2019-09-25 07:21:07,387 [8c621658-b0ee-4cf2-b145-27cf4e621fee@group-146203E33581:LeaderElection25] INFO  server.RaftServerConfigKeys (ConfUtils.java:logGet(43)) - raft.server.watch.element-limit = 65536 (default)
2019-09-25 07:21:07,390 [8c621658-b0ee-4cf2-b145-27cf4e621fee@group-1F7F0FE24AB4:LeaderElection24] INFO  impl.RoleInfo (RoleInfo.java:updateAndGet(143)) - 8c621658-b0ee-4cf2-b145-27cf4e621fee: start LeaderState
2019-09-25 07:21:07,390 [8c621658-b0ee-4cf2-b145-27cf4e621fee@group-1F7F0FE24AB4:LeaderElection24] INFO  segmented.SegmentedRaftLogWorker (SegmentedRaftLogWorker.java:startLogSegment(380)) - 8c621658-b0ee-4cf2-b145-27cf4e621fee@group-1F7F0FE24AB4-SegmentedRaftLogWorker: Starting segment from index:0
2019-09-25 07:21:07,390 [8c621658-b0ee-4cf2-b145-27cf4e621fee@group-146203E33581:LeaderElection25] INFO  impl.RoleInfo (RoleInfo.java:updateAndGet(143)) - 8c621658-b0ee-4cf2-b145-27cf4e621fee: start LeaderState
2019-09-25 07:21:07,391 [8c621658-b0ee-4cf2-b145-27cf4e621fee@group-146203E33581:LeaderElection25] INFO  segmented.SegmentedRaftLogWorker (SegmentedRaftLogWorker.java:startLogSegment(380)) - 8c621658-b0ee-4cf2-b145-27cf4e621fee@group-146203E33581-SegmentedRaftLogWorker: Starting segment from index:0
2019-09-25 07:21:07,391 [8c621658-b0ee-4cf2-b145-27cf4e621fee@group-1F7F0FE24AB4:LeaderElection24] INFO  impl.RaftServerImpl (ServerState.java:setRaftConf(354)) - 8c621658-b0ee-4cf2-b145-27cf4e621fee@group-1F7F0FE24AB4: set configuration 0: [8c621658-b0ee-4cf2-b145-27cf4e621fee:192.168.30.10:39467], old=null at 0
2019-09-25 07:21:07,421 [8c621658-b0ee-4cf2-b145-27cf4e621fee@group-146203E33581:LeaderElection25] INFO  impl.RaftServerImpl (ServerState.java:setRaftConf(354)) - 8c621658-b0ee-4cf2-b145-27cf4e621fee@group-146203E33581: set configuration 0: [8c621658-b0ee-4cf2-b145-27cf4e621fee:192.168.30.10:39467], old=null at 0
2019-09-25 07:21:07,456 [8c621658-b0ee-4cf2-b145-27cf4e621fee@group-1F7F0FE24AB4-SegmentedRaftLogWorker] INFO  segmented.SegmentedRaftLogWorker (SegmentedRaftLogWorker.java:execute(569)) - 8c621658-b0ee-4cf2-b145-27cf4e621fee@group-1F7F0FE24AB4-SegmentedRaftLogWorker: created new log segment /workdir/hadoop-ozone/ozonefs/target/test-dir/MiniOzoneClusterImpl-48169ae4-fc36-4fd4-bc0e-7a80f7e832d4/datanode-4/data/ratis/ada6d7b1-bd4c-413b-8d64-1f7f0fe24ab4/current/log_inprogress_0
2019-09-25 07:21:07,468 [8c621658-b0ee-4cf2-b145-27cf4e621fee@group-146203E33581-SegmentedRaftLogWorker] INFO  segmented.SegmentedRaftLogWorker (SegmentedRaftLogWorker.java:execute(569)) - 8c621658-b0ee-4cf2-b145-27cf4e621fee@group-146203E33581-SegmentedRaftLogWorker: created new log segment /workdir/hadoop-ozone/ozonefs/target/test-dir/MiniOzoneClusterImpl-48169ae4-fc36-4fd4-bc0e-7a80f7e832d4/datanode-4/data/ratis/01f36b47-79b2-493e-932c-146203e33581/current/log_inprogress_0
2019-09-25 07:21:07,539 [Thread-372] INFO  impl.FollowerState (FollowerState.java:run(106)) - f368be67-619a-45f1-9208-8e0055b252cf:group-DB4A583408BA changes to CANDIDATE, lastRpcTime:5060, electionTimeout:5060ms
2019-09-25 07:21:07,539 [Thread-372] INFO  impl.RoleInfo (RoleInfo.java:shutdownFollowerState(121)) - f368be67-619a-45f1-9208-8e0055b252cf: shutdown FollowerState
2019-09-25 07:21:07,539 [Thread-372] INFO  impl.RaftServerImpl (RaftServerImpl.java:setRole(174)) - f368be67-619a-45f1-9208-8e0055b252cf@group-DB4A583408BA: changes role from  FOLLOWER to CANDIDATE at term 0 for changeToCandidate
2019-09-25 07:21:07,539 [Thread-372] INFO  impl.RoleInfo (RoleInfo.java:updateAndGet(143)) - f368be67-619a-45f1-9208-8e0055b252cf: start LeaderElection
2019-09-25 07:21:07,540 [Thread-366] INFO  impl.FollowerState (FollowerState.java:run(106)) - 3176e44e-2b1b-466b-9a7b-9faa8a8c6db1:group-FCE65E90CF68 changes to CANDIDATE, lastRpcTime:5183, electionTimeout:5183ms
2019-09-25 07:21:07,546 [Thread-366] INFO  impl.RoleInfo (RoleInfo.java:shutdownFollowerState(121)) - 3176e44e-2b1b-466b-9a7b-9faa8a8c6db1: shutdown FollowerState
2019-09-25 07:21:07,546 [Thread-366] INFO  impl.RaftServerImpl (RaftServerImpl.java:setRole(174)) - 3176e44e-2b1b-466b-9a7b-9faa8a8c6db1@group-FCE65E90CF68: changes role from  FOLLOWER to CANDIDATE at term 0 for changeToCandidate
2019-09-25 07:21:07,546 [Thread-366] INFO  impl.RoleInfo (RoleInfo.java:updateAndGet(143)) - 3176e44e-2b1b-466b-9a7b-9faa8a8c6db1: start LeaderElection
2019-09-25 07:21:07,564 [Thread-375] INFO  impl.FollowerState (FollowerState.java:run(106)) - f5d629fd-ecfe-43ee-9421-b64933e3fd75:group-8534DD67A811 changes to CANDIDATE, lastRpcTime:5024, electionTimeout:5024ms
2019-09-25 07:21:07,564 [Thread-375] INFO  impl.RoleInfo (RoleInfo.java:shutdownFollowerState(121)) - f5d629fd-ecfe-43ee-9421-b64933e3fd75: shutdown FollowerState
2019-09-25 07:21:07,564 [Thread-375] INFO  impl.RaftServerImpl (RaftServerImpl.java:setRole(174)) - f5d629fd-ecfe-43ee-9421-b64933e3fd75@group-8534DD67A811: changes role from  FOLLOWER to CANDIDATE at term 0 for changeToCandidate
2019-09-25 07:21:07,564 [Thread-375] INFO  impl.RoleInfo (RoleInfo.java:updateAndGet(143)) - f5d629fd-ecfe-43ee-9421-b64933e3fd75: start LeaderElection
2019-09-25 07:21:07,570 [3176e44e-2b1b-466b-9a7b-9faa8a8c6db1@group-FCE65E90CF68:LeaderElection27] INFO  impl.LeaderElection (LeaderElection.java:askForVotes(182)) - 3176e44e-2b1b-466b-9a7b-9faa8a8c6db1@group-FCE65E90CF68:LeaderElection27: begin an election at term 1 for -1: [3176e44e-2b1b-466b-9a7b-9faa8a8c6db1:192.168.30.10:43320], old=null
2019-09-25 07:21:07,570 [f368be67-619a-45f1-9208-8e0055b252cf@group-DB4A583408BA:LeaderElection26] INFO  impl.LeaderElection (LeaderElection.java:askForVotes(182)) - f368be67-619a-45f1-9208-8e0055b252cf@group-DB4A583408BA:LeaderElection26: begin an election at term 1 for -1: [f368be67-619a-45f1-9208-8e0055b252cf:192.168.30.10:40542], old=null
2019-09-25 07:21:07,570 [3176e44e-2b1b-466b-9a7b-9faa8a8c6db1@group-FCE65E90CF68:LeaderElection27] INFO  impl.RoleInfo (RoleInfo.java:shutdownLeaderElection(134)) - 3176e44e-2b1b-466b-9a7b-9faa8a8c6db1: shutdown LeaderElection
2019-09-25 07:21:07,570 [f368be67-619a-45f1-9208-8e0055b252cf@group-DB4A583408BA:LeaderElection26] INFO  impl.RoleInfo (RoleInfo.java:shutdownLeaderElection(134)) - f368be67-619a-45f1-9208-8e0055b252cf: shutdown LeaderElection
2019-09-25 07:21:07,570 [3176e44e-2b1b-466b-9a7b-9faa8a8c6db1@group-FCE65E90CF68:LeaderElection27] INFO  impl.RaftServerImpl (RaftServerImpl.java:setRole(174)) - 3176e44e-2b1b-466b-9a7b-9faa8a8c6db1@group-FCE65E90CF68: changes role from CANDIDATE to LEADER at term 1 for changeToLeader
2019-09-25 07:21:07,570 [f368be67-619a-45f1-9208-8e0055b252cf@group-DB4A583408BA:LeaderElection26] INFO  impl.RaftServerImpl (RaftServerImpl.java:setRole(174)) - f368be67-619a-45f1-9208-8e0055b252cf@group-DB4A583408BA: changes role from CANDIDATE to LEADER at term 1 for changeToLeader
2019-09-25 07:21:07,570 [3176e44e-2b1b-466b-9a7b-9faa8a8c6db1@group-FCE65E90CF68:LeaderElection27] INFO  impl.RaftServerImpl (ServerState.java:setLeader(253)) - 3176e44e-2b1b-466b-9a7b-9faa8a8c6db1@group-FCE65E90CF68: change Leader from null to 3176e44e-2b1b-466b-9a7b-9faa8a8c6db1 at term 1 for becomeLeader, leader elected after 5219ms
2019-09-25 07:21:07,570 [f368be67-619a-45f1-9208-8e0055b252cf@group-DB4A583408BA:LeaderElection26] INFO  impl.RaftServerImpl (ServerState.java:setLeader(253)) - f368be67-619a-45f1-9208-8e0055b252cf@group-DB4A583408BA: change Leader from null to f368be67-619a-45f1-9208-8e0055b252cf at term 1 for becomeLeader, leader elected after 5099ms
2019-09-25 07:21:07,571 [3176e44e-2b1b-466b-9a7b-9faa8a8c6db1@group-FCE65E90CF68:LeaderElection27] INFO  server.RaftServerConfigKeys (ConfUtils.java:logGet(43)) - raft.server.staging.catchup.gap = 1000 (default)
2019-09-25 07:21:07,571 [f368be67-619a-45f1-9208-8e0055b252cf@group-DB4A583408BA:LeaderElection26] INFO  server.RaftServerConfigKeys (ConfUtils.java:logGet(43)) - raft.server.staging.catchup.gap = 1000 (default)
2019-09-25 07:21:07,571 [3176e44e-2b1b-466b-9a7b-9faa8a8c6db1@group-FCE65E90CF68:LeaderElection27] INFO  server.RaftServerConfigKeys (ConfUtils.java:logGet(43)) - raft.server.rpc.sleep.time = 25ms (default)
2019-09-25 07:21:07,571 [f368be67-619a-45f1-9208-8e0055b252cf@group-DB4A583408BA:LeaderElection26] INFO  server.RaftServerConfigKeys (ConfUtils.java:logGet(43)) - raft.server.rpc.sleep.time = 25ms (default)
2019-09-25 07:21:07,571 [3176e44e-2b1b-466b-9a7b-9faa8a8c6db1@group-FCE65E90CF68:LeaderElection27] INFO  server.RaftServerConfigKeys (ConfUtils.java:logGet(43)) - raft.server.write.element-limit = 4096 (default)
2019-09-25 07:21:07,571 [f368be67-619a-45f1-9208-8e0055b252cf@group-DB4A583408BA:LeaderElection26] INFO  server.RaftServerConfigKeys (ConfUtils.java:logGet(43)) - raft.server.write.element-limit = 4096 (default)
2019-09-25 07:21:07,571 [3176e44e-2b1b-466b-9a7b-9faa8a8c6db1@group-FCE65E90CF68:LeaderElection27] INFO  server.RaftServerConfigKeys (ConfUtils.java:logGet(43)) - raft.server.watch.timeout = 10s (default)
2019-09-25 07:21:07,571 [f368be67-619a-45f1-9208-8e0055b252cf@group-DB4A583408BA:LeaderElection26] INFO  server.RaftServerConfigKeys (ConfUtils.java:logGet(43)) - raft.server.watch.timeout = 10s (default)
2019-09-25 07:21:07,571 [3176e44e-2b1b-466b-9a7b-9faa8a8c6db1@group-FCE65E90CF68:LeaderElection27] INFO  server.RaftServerConfigKeys (ConfUtils.java:logGet(43)) - raft.server.watch.timeout.denomination = 1s (default)
2019-09-25 07:21:07,571 [f368be67-619a-45f1-9208-8e0055b252cf@group-DB4A583408BA:LeaderElection26] INFO  server.RaftServerConfigKeys (ConfUtils.java:logGet(43)) - raft.server.watch.timeout.denomination = 1s (default)
2019-09-25 07:21:07,572 [3176e44e-2b1b-466b-9a7b-9faa8a8c6db1@group-FCE65E90CF68:LeaderElection27] INFO  server.RaftServerConfigKeys (ConfUtils.java:logGet(43)) - raft.server.watch.element-limit = 65536 (default)
2019-09-25 07:21:07,572 [f368be67-619a-45f1-9208-8e0055b252cf@group-DB4A583408BA:LeaderElection26] INFO  server.RaftServerConfigKeys (ConfUtils.java:logGet(43)) - raft.server.watch.element-limit = 65536 (default)
2019-09-25 07:21:07,572 [f5d629fd-ecfe-43ee-9421-b64933e3fd75@group-8534DD67A811:LeaderElection28] INFO  impl.LeaderElection (LeaderElection.java:askForVotes(182)) - f5d629fd-ecfe-43ee-9421-b64933e3fd75@group-8534DD67A811:LeaderElection28: begin an election at term 1 for -1: [f5d629fd-ecfe-43ee-9421-b64933e3fd75:192.168.30.10:37985], old=null
2019-09-25 07:21:07,572 [f5d629fd-ecfe-43ee-9421-b64933e3fd75@group-8534DD67A811:LeaderElection28] INFO  impl.RoleInfo (RoleInfo.java:shutdownLeaderElection(134)) - f5d629fd-ecfe-43ee-9421-b64933e3fd75: shutdown LeaderElection
2019-09-25 07:21:07,572 [f5d629fd-ecfe-43ee-9421-b64933e3fd75@group-8534DD67A811:LeaderElection28] INFO  impl.RaftServerImpl (RaftServerImpl.java:setRole(174)) - f5d629fd-ecfe-43ee-9421-b64933e3fd75@group-8534DD67A811: changes role from CANDIDATE to LEADER at term 1 for changeToLeader
2019-09-25 07:21:07,572 [f5d629fd-ecfe-43ee-9421-b64933e3fd75@group-8534DD67A811:LeaderElection28] INFO  impl.RaftServerImpl (ServerState.java:setLeader(253)) - f5d629fd-ecfe-43ee-9421-b64933e3fd75@group-8534DD67A811: change Leader from null to f5d629fd-ecfe-43ee-9421-b64933e3fd75 at term 1 for becomeLeader, leader elected after 5038ms
2019-09-25 07:21:07,573 [f5d629fd-ecfe-43ee-9421-b64933e3fd75@group-8534DD67A811:LeaderElection28] INFO  server.RaftServerConfigKeys (ConfUtils.java:logGet(43)) - raft.server.staging.catchup.gap = 1000 (default)
2019-09-25 07:21:07,573 [f5d629fd-ecfe-43ee-9421-b64933e3fd75@group-8534DD67A811:LeaderElection28] INFO  server.RaftServerConfigKeys (ConfUtils.java:logGet(43)) - raft.server.rpc.sleep.time = 25ms (default)
2019-09-25 07:21:07,573 [f5d629fd-ecfe-43ee-9421-b64933e3fd75@group-8534DD67A811:LeaderElection28] INFO  server.RaftServerConfigKeys (ConfUtils.java:logGet(43)) - raft.server.write.element-limit = 4096 (default)
2019-09-25 07:21:07,574 [f5d629fd-ecfe-43ee-9421-b64933e3fd75@group-8534DD67A811:LeaderElection28] INFO  server.RaftServerConfigKeys (ConfUtils.java:logGet(43)) - raft.server.watch.timeout = 10s (default)
2019-09-25 07:21:07,574 [f5d629fd-ecfe-43ee-9421-b64933e3fd75@group-8534DD67A811:LeaderElection28] INFO  server.RaftServerConfigKeys (ConfUtils.java:logGet(43)) - raft.server.watch.timeout.denomination = 1s (default)
2019-09-25 07:21:07,574 [f5d629fd-ecfe-43ee-9421-b64933e3fd75@group-8534DD67A811:LeaderElection28] INFO  server.RaftServerConfigKeys (ConfUtils.java:logGet(43)) - raft.server.watch.element-limit = 65536 (default)
2019-09-25 07:21:07,575 [3176e44e-2b1b-466b-9a7b-9faa8a8c6db1@group-FCE65E90CF68:LeaderElection27] INFO  impl.RoleInfo (RoleInfo.java:updateAndGet(143)) - 3176e44e-2b1b-466b-9a7b-9faa8a8c6db1: start LeaderState
2019-09-25 07:21:07,575 [3176e44e-2b1b-466b-9a7b-9faa8a8c6db1@group-FCE65E90CF68:LeaderElection27] INFO  segmented.SegmentedRaftLogWorker (SegmentedRaftLogWorker.java:startLogSegment(380)) - 3176e44e-2b1b-466b-9a7b-9faa8a8c6db1@group-FCE65E90CF68-SegmentedRaftLogWorker: Starting segment from index:0
2019-09-25 07:21:07,576 [3176e44e-2b1b-466b-9a7b-9faa8a8c6db1@group-FCE65E90CF68:LeaderElection27] INFO  impl.RaftServerImpl (ServerState.java:setRaftConf(354)) - 3176e44e-2b1b-466b-9a7b-9faa8a8c6db1@group-FCE65E90CF68: set configuration 0: [3176e44e-2b1b-466b-9a7b-9faa8a8c6db1:192.168.30.10:43320], old=null at 0
2019-09-25 07:21:07,576 [f368be67-619a-45f1-9208-8e0055b252cf@group-DB4A583408BA:LeaderElection26] INFO  impl.RoleInfo (RoleInfo.java:updateAndGet(143)) - f368be67-619a-45f1-9208-8e0055b252cf: start LeaderState
2019-09-25 07:21:07,607 [Thread-369] INFO  impl.FollowerState (FollowerState.java:run(106)) - 46f08633-29b5-4547-ba27-3aefda386aa8:group-5FC5933E05B1 changes to CANDIDATE, lastRpcTime:5189, electionTimeout:5175ms
2019-09-25 07:21:07,610 [f368be67-619a-45f1-9208-8e0055b252cf@group-DB4A583408BA:LeaderElection26] INFO  segmented.SegmentedRaftLogWorker (SegmentedRaftLogWorker.java:startLogSegment(380)) - f368be67-619a-45f1-9208-8e0055b252cf@group-DB4A583408BA-SegmentedRaftLogWorker: Starting segment from index:0
2019-09-25 07:21:07,610 [Thread-369] INFO  impl.RoleInfo (RoleInfo.java:shutdownFollowerState(121)) - 46f08633-29b5-4547-ba27-3aefda386aa8: shutdown FollowerState
2019-09-25 07:21:07,610 [Thread-369] INFO  impl.RaftServerImpl (RaftServerImpl.java:setRole(174)) - 46f08633-29b5-4547-ba27-3aefda386aa8@group-5FC5933E05B1: changes role from  FOLLOWER to CANDIDATE at term 0 for changeToCandidate
2019-09-25 07:21:07,611 [Thread-369] INFO  impl.RoleInfo (RoleInfo.java:updateAndGet(143)) - 46f08633-29b5-4547-ba27-3aefda386aa8: start LeaderElection
2019-09-25 07:21:07,611 [f5d629fd-ecfe-43ee-9421-b64933e3fd75@group-8534DD67A811:LeaderElection28] INFO  impl.RoleInfo (RoleInfo.java:updateAndGet(143)) - f5d629fd-ecfe-43ee-9421-b64933e3fd75: start LeaderState
2019-09-25 07:21:07,611 [f368be67-619a-45f1-9208-8e0055b252cf@group-DB4A583408BA:LeaderElection26] INFO  impl.RaftServerImpl (ServerState.java:setRaftConf(354)) - f368be67-619a-45f1-9208-8e0055b252cf@group-DB4A583408BA: set configuration 0: [f368be67-619a-45f1-9208-8e0055b252cf:192.168.30.10:40542], old=null at 0
2019-09-25 07:21:07,611 [f5d629fd-ecfe-43ee-9421-b64933e3fd75@group-8534DD67A811:LeaderElection28] INFO  segmented.SegmentedRaftLogWorker (SegmentedRaftLogWorker.java:startLogSegment(380)) - f5d629fd-ecfe-43ee-9421-b64933e3fd75@group-8534DD67A811-SegmentedRaftLogWorker: Starting segment from index:0
2019-09-25 07:21:07,647 [3176e44e-2b1b-466b-9a7b-9faa8a8c6db1@group-FCE65E90CF68-SegmentedRaftLogWorker] INFO  segmented.SegmentedRaftLogWorker (SegmentedRaftLogWorker.java:execute(569)) - 3176e44e-2b1b-466b-9a7b-9faa8a8c6db1@group-FCE65E90CF68-SegmentedRaftLogWorker: created new log segment /workdir/hadoop-ozone/ozonefs/target/test-dir/MiniOzoneClusterImpl-48169ae4-fc36-4fd4-bc0e-7a80f7e832d4/datanode-6/data/ratis/cb730385-da39-44a8-8744-fce65e90cf68/current/log_inprogress_0
2019-09-25 07:21:07,655 [f5d629fd-ecfe-43ee-9421-b64933e3fd75@group-8534DD67A811:LeaderElection28] INFO  impl.RaftServerImpl (ServerState.java:setRaftConf(354)) - f5d629fd-ecfe-43ee-9421-b64933e3fd75@group-8534DD67A811: set configuration 0: [f5d629fd-ecfe-43ee-9421-b64933e3fd75:192.168.30.10:37985], old=null at 0
2019-09-25 07:21:07,695 [Thread-378] INFO  impl.FollowerState (FollowerState.java:run(106)) - 3176e44e-2b1b-466b-9a7b-9faa8a8c6db1:group-575728AC402B changes to CANDIDATE, lastRpcTime:5105, electionTimeout:5105ms
2019-09-25 07:21:07,695 [f368be67-619a-45f1-9208-8e0055b252cf@group-DB4A583408BA-SegmentedRaftLogWorker] INFO  segmented.SegmentedRaftLogWorker (SegmentedRaftLogWorker.java:execute(569)) - f368be67-619a-45f1-9208-8e0055b252cf@group-DB4A583408BA-SegmentedRaftLogWorker: created new log segment /workdir/hadoop-ozone/ozonefs/target/test-dir/MiniOzoneClusterImpl-48169ae4-fc36-4fd4-bc0e-7a80f7e832d4/datanode-9/data/ratis/2a30ef1a-2144-456b-993e-db4a583408ba/current/log_inprogress_0
2019-09-25 07:21:07,695 [Thread-378] INFO  impl.RoleInfo (RoleInfo.java:shutdownFollowerState(121)) - 3176e44e-2b1b-466b-9a7b-9faa8a8c6db1: shutdown FollowerState
2019-09-25 07:21:07,696 [Thread-378] INFO  impl.RaftServerImpl (RaftServerImpl.java:setRole(174)) - 3176e44e-2b1b-466b-9a7b-9faa8a8c6db1@group-575728AC402B: changes role from  FOLLOWER to CANDIDATE at term 0 for changeToCandidate
2019-09-25 07:21:07,696 [Thread-378] INFO  impl.RoleInfo (RoleInfo.java:updateAndGet(143)) - 3176e44e-2b1b-466b-9a7b-9faa8a8c6db1: start LeaderElection
2019-09-25 07:21:07,708 [f5d629fd-ecfe-43ee-9421-b64933e3fd75@group-8534DD67A811-SegmentedRaftLogWorker] INFO  segmented.SegmentedRaftLogWorker (SegmentedRaftLogWorker.java:execute(569)) - f5d629fd-ecfe-43ee-9421-b64933e3fd75@group-8534DD67A811-SegmentedRaftLogWorker: created new log segment /workdir/hadoop-ozone/ozonefs/target/test-dir/MiniOzoneClusterImpl-48169ae4-fc36-4fd4-bc0e-7a80f7e832d4/datanode-1/data/ratis/41efefee-a36a-46c0-887a-8534dd67a811/current/log_inprogress_0
2019-09-25 07:21:07,708 [3176e44e-2b1b-466b-9a7b-9faa8a8c6db1@group-575728AC402B:LeaderElection30] INFO  impl.LeaderElection (LeaderElection.java:askForVotes(182)) - 3176e44e-2b1b-466b-9a7b-9faa8a8c6db1@group-575728AC402B:LeaderElection30: begin an election at term 1 for -1: [3176e44e-2b1b-466b-9a7b-9faa8a8c6db1:192.168.30.10:43320], old=null
2019-09-25 07:21:07,708 [46f08633-29b5-4547-ba27-3aefda386aa8@group-5FC5933E05B1:LeaderElection29] INFO  impl.LeaderElection (LeaderElection.java:askForVotes(182)) - 46f08633-29b5-4547-ba27-3aefda386aa8@group-5FC5933E05B1:LeaderElection29: begin an election at term 1 for -1: [46f08633-29b5-4547-ba27-3aefda386aa8:192.168.30.10:40516], old=null
2019-09-25 07:21:07,708 [3176e44e-2b1b-466b-9a7b-9faa8a8c6db1@group-575728AC402B:LeaderElection30] INFO  impl.RoleInfo (RoleInfo.java:shutdownLeaderElection(134)) - 3176e44e-2b1b-466b-9a7b-9faa8a8c6db1: shutdown LeaderElection
2019-09-25 07:21:07,708 [46f08633-29b5-4547-ba27-3aefda386aa8@group-5FC5933E05B1:LeaderElection29] INFO  impl.RoleInfo (RoleInfo.java:shutdownLeaderElection(134)) - 46f08633-29b5-4547-ba27-3aefda386aa8: shutdown LeaderElection
2019-09-25 07:21:07,708 [3176e44e-2b1b-466b-9a7b-9faa8a8c6db1@group-575728AC402B:LeaderElection30] INFO  impl.RaftServerImpl (RaftServerImpl.java:setRole(174)) - 3176e44e-2b1b-466b-9a7b-9faa8a8c6db1@group-575728AC402B: changes role from CANDIDATE to LEADER at term 1 for changeToLeader
2019-09-25 07:21:07,708 [46f08633-29b5-4547-ba27-3aefda386aa8@group-5FC5933E05B1:LeaderElection29] INFO  impl.RaftServerImpl (RaftServerImpl.java:setRole(174)) - 46f08633-29b5-4547-ba27-3aefda386aa8@group-5FC5933E05B1: changes role from CANDIDATE to LEADER at term 1 for changeToLeader
2019-09-25 07:21:07,709 [3176e44e-2b1b-466b-9a7b-9faa8a8c6db1@group-575728AC402B:LeaderElection30] INFO  impl.RaftServerImpl (ServerState.java:setLeader(253)) - 3176e44e-2b1b-466b-9a7b-9faa8a8c6db1@group-575728AC402B: change Leader from null to 3176e44e-2b1b-466b-9a7b-9faa8a8c6db1 at term 1 for becomeLeader, leader elected after 5124ms
2019-09-25 07:21:07,709 [46f08633-29b5-4547-ba27-3aefda386aa8@group-5FC5933E05B1:LeaderElection29] INFO  impl.RaftServerImpl (ServerState.java:setLeader(253)) - 46f08633-29b5-4547-ba27-3aefda386aa8@group-5FC5933E05B1: change Leader from null to 46f08633-29b5-4547-ba27-3aefda386aa8 at term 1 for becomeLeader, leader elected after 5296ms
2019-09-25 07:21:07,709 [3176e44e-2b1b-466b-9a7b-9faa8a8c6db1@group-575728AC402B:LeaderElection30] INFO  server.RaftServerConfigKeys (ConfUtils.java:logGet(43)) - raft.server.staging.catchup.gap = 1000 (default)
2019-09-25 07:21:07,709 [46f08633-29b5-4547-ba27-3aefda386aa8@group-5FC5933E05B1:LeaderElection29] INFO  server.RaftServerConfigKeys (ConfUtils.java:logGet(43)) - raft.server.staging.catchup.gap = 1000 (default)
2019-09-25 07:21:07,709 [3176e44e-2b1b-466b-9a7b-9faa8a8c6db1@group-575728AC402B:LeaderElection30] INFO  server.RaftServerConfigKeys (ConfUtils.java:logGet(43)) - raft.server.rpc.sleep.time = 25ms (default)
2019-09-25 07:21:07,709 [46f08633-29b5-4547-ba27-3aefda386aa8@group-5FC5933E05B1:LeaderElection29] INFO  server.RaftServerConfigKeys (ConfUtils.java:logGet(43)) - raft.server.rpc.sleep.time = 25ms (default)
2019-09-25 07:21:07,709 [3176e44e-2b1b-466b-9a7b-9faa8a8c6db1@group-575728AC402B:LeaderElection30] INFO  server.RaftServerConfigKeys (ConfUtils.java:logGet(43)) - raft.server.write.element-limit = 4096 (default)
2019-09-25 07:21:07,710 [46f08633-29b5-4547-ba27-3aefda386aa8@group-5FC5933E05B1:LeaderElection29] INFO  server.RaftServerConfigKeys (ConfUtils.java:logGet(43)) - raft.server.write.element-limit = 4096 (default)
2019-09-25 07:21:07,710 [3176e44e-2b1b-466b-9a7b-9faa8a8c6db1@group-575728AC402B:LeaderElection30] INFO  server.RaftServerConfigKeys (ConfUtils.java:logGet(43)) - raft.server.watch.timeout = 10s (default)
2019-09-25 07:21:07,710 [46f08633-29b5-4547-ba27-3aefda386aa8@group-5FC5933E05B1:LeaderElection29] INFO  server.RaftServerConfigKeys (ConfUtils.java:logGet(43)) - raft.server.watch.timeout = 10s (default)
2019-09-25 07:21:07,710 [3176e44e-2b1b-466b-9a7b-9faa8a8c6db1@group-575728AC402B:LeaderElection30] INFO  server.RaftServerConfigKeys (ConfUtils.java:logGet(43)) - raft.server.watch.timeout.denomination = 1s (default)
2019-09-25 07:21:07,710 [46f08633-29b5-4547-ba27-3aefda386aa8@group-5FC5933E05B1:LeaderElection29] INFO  server.RaftServerConfigKeys (ConfUtils.java:logGet(43)) - raft.server.watch.timeout.denomination = 1s (default)
2019-09-25 07:21:07,710 [3176e44e-2b1b-466b-9a7b-9faa8a8c6db1@group-575728AC402B:LeaderElection30] INFO  server.RaftServerConfigKeys (ConfUtils.java:logGet(43)) - raft.server.watch.element-limit = 65536 (default)
2019-09-25 07:21:07,710 [46f08633-29b5-4547-ba27-3aefda386aa8@group-5FC5933E05B1:LeaderElection29] INFO  server.RaftServerConfigKeys (ConfUtils.java:logGet(43)) - raft.server.watch.element-limit = 65536 (default)
2019-09-25 07:21:07,714 [3176e44e-2b1b-466b-9a7b-9faa8a8c6db1@group-575728AC402B:LeaderElection30] INFO  impl.RoleInfo (RoleInfo.java:updateAndGet(143)) - 3176e44e-2b1b-466b-9a7b-9faa8a8c6db1: start LeaderState
2019-09-25 07:21:07,715 [46f08633-29b5-4547-ba27-3aefda386aa8@group-5FC5933E05B1:LeaderElection29] INFO  impl.RoleInfo (RoleInfo.java:updateAndGet(143)) - 46f08633-29b5-4547-ba27-3aefda386aa8: start LeaderState
2019-09-25 07:21:07,715 [3176e44e-2b1b-466b-9a7b-9faa8a8c6db1@group-575728AC402B:LeaderElection30] INFO  segmented.SegmentedRaftLogWorker (SegmentedRaftLogWorker.java:startLogSegment(380)) - 3176e44e-2b1b-466b-9a7b-9faa8a8c6db1@group-575728AC402B-SegmentedRaftLogWorker: Starting segment from index:0
2019-09-25 07:21:07,715 [46f08633-29b5-4547-ba27-3aefda386aa8@group-5FC5933E05B1:LeaderElection29] INFO  segmented.SegmentedRaftLogWorker (SegmentedRaftLogWorker.java:startLogSegment(380)) - 46f08633-29b5-4547-ba27-3aefda386aa8@group-5FC5933E05B1-SegmentedRaftLogWorker: Starting segment from index:0
2019-09-25 07:21:07,716 [3176e44e-2b1b-466b-9a7b-9faa8a8c6db1@group-575728AC402B:LeaderElection30] INFO  impl.RaftServerImpl (ServerState.java:setRaftConf(354)) - 3176e44e-2b1b-466b-9a7b-9faa8a8c6db1@group-575728AC402B: set configuration 0: [3176e44e-2b1b-466b-9a7b-9faa8a8c6db1:192.168.30.10:43320], old=null at 0
2019-09-25 07:21:07,716 [46f08633-29b5-4547-ba27-3aefda386aa8@group-5FC5933E05B1:LeaderElection29] INFO  impl.RaftServerImpl (ServerState.java:setRaftConf(354)) - 46f08633-29b5-4547-ba27-3aefda386aa8@group-5FC5933E05B1: set configuration 0: [46f08633-29b5-4547-ba27-3aefda386aa8:192.168.30.10:40516], old=null at 0
2019-09-25 07:21:07,795 [3176e44e-2b1b-466b-9a7b-9faa8a8c6db1@group-575728AC402B-SegmentedRaftLogWorker] INFO  segmented.SegmentedRaftLogWorker (SegmentedRaftLogWorker.java:execute(569)) - 3176e44e-2b1b-466b-9a7b-9faa8a8c6db1@group-575728AC402B-SegmentedRaftLogWorker: created new log segment /workdir/hadoop-ozone/ozonefs/target/test-dir/MiniOzoneClusterImpl-48169ae4-fc36-4fd4-bc0e-7a80f7e832d4/datanode-6/data/ratis/63370f9e-6414-4c34-8ef8-575728ac402b/current/log_inprogress_0
2019-09-25 07:21:07,795 [Thread-384] INFO  impl.FollowerState (FollowerState.java:run(106)) - 8c621658-b0ee-4cf2-b145-27cf4e621fee:group-2C2DE4B2F63F changes to CANDIDATE, lastRpcTime:5075, electionTimeout:5059ms
2019-09-25 07:21:07,799 [Thread-384] INFO  impl.RoleInfo (RoleInfo.java:shutdownFollowerState(121)) - 8c621658-b0ee-4cf2-b145-27cf4e621fee: shutdown FollowerState
2019-09-25 07:21:07,799 [Thread-384] INFO  impl.RaftServerImpl (RaftServerImpl.java:setRole(174)) - 8c621658-b0ee-4cf2-b145-27cf4e621fee@group-2C2DE4B2F63F: changes role from  FOLLOWER to CANDIDATE at term 0 for changeToCandidate
2019-09-25 07:21:07,799 [Thread-384] INFO  impl.RoleInfo (RoleInfo.java:updateAndGet(143)) - 8c621658-b0ee-4cf2-b145-27cf4e621fee: start LeaderElection
2019-09-25 07:21:07,807 [Thread-381] INFO  impl.FollowerState (FollowerState.java:run(106)) - 46f08633-29b5-4547-ba27-3aefda386aa8:group-AED539C55F27 changes to CANDIDATE, lastRpcTime:5139, electionTimeout:5139ms
2019-09-25 07:21:07,807 [Thread-381] INFO  impl.RoleInfo (RoleInfo.java:shutdownFollowerState(121)) - 46f08633-29b5-4547-ba27-3aefda386aa8: shutdown FollowerState
2019-09-25 07:21:07,807 [Thread-381] INFO  impl.RaftServerImpl (RaftServerImpl.java:setRole(174)) - 46f08633-29b5-4547-ba27-3aefda386aa8@group-AED539C55F27: changes role from  FOLLOWER to CANDIDATE at term 0 for changeToCandidate
2019-09-25 07:21:07,807 [Thread-381] INFO  impl.RoleInfo (RoleInfo.java:updateAndGet(143)) - 46f08633-29b5-4547-ba27-3aefda386aa8: start LeaderElection
2019-09-25 07:21:07,808 [46f08633-29b5-4547-ba27-3aefda386aa8@group-5FC5933E05B1-SegmentedRaftLogWorker] INFO  segmented.SegmentedRaftLogWorker (SegmentedRaftLogWorker.java:execute(569)) - 46f08633-29b5-4547-ba27-3aefda386aa8@group-5FC5933E05B1-SegmentedRaftLogWorker: created new log segment /workdir/hadoop-ozone/ozonefs/target/test-dir/MiniOzoneClusterImpl-48169ae4-fc36-4fd4-bc0e-7a80f7e832d4/datanode-2/data/ratis/db2d3313-d022-4d2d-96de-5fc5933e05b1/current/log_inprogress_0
2019-09-25 07:21:07,808 [8c621658-b0ee-4cf2-b145-27cf4e621fee@group-2C2DE4B2F63F:LeaderElection31] INFO  impl.LeaderElection (LeaderElection.java:askForVotes(182)) - 8c621658-b0ee-4cf2-b145-27cf4e621fee@group-2C2DE4B2F63F:LeaderElection31: begin an election at term 1 for -1: [8c621658-b0ee-4cf2-b145-27cf4e621fee:192.168.30.10:39467], old=null
2019-09-25 07:21:07,811 [8c621658-b0ee-4cf2-b145-27cf4e621fee@group-2C2DE4B2F63F:LeaderElection31] INFO  impl.RoleInfo (RoleInfo.java:shutdownLeaderElection(134)) - 8c621658-b0ee-4cf2-b145-27cf4e621fee: shutdown LeaderElection
2019-09-25 07:21:07,812 [8c621658-b0ee-4cf2-b145-27cf4e621fee@group-2C2DE4B2F63F:LeaderElection31] INFO  impl.RaftServerImpl (RaftServerImpl.java:setRole(174)) - 8c621658-b0ee-4cf2-b145-27cf4e621fee@group-2C2DE4B2F63F: changes role from CANDIDATE to LEADER at term 1 for changeToLeader
2019-09-25 07:21:07,812 [8c621658-b0ee-4cf2-b145-27cf4e621fee@group-2C2DE4B2F63F:LeaderElection31] INFO  impl.RaftServerImpl (ServerState.java:setLeader(253)) - 8c621658-b0ee-4cf2-b145-27cf4e621fee@group-2C2DE4B2F63F: change Leader from null to 8c621658-b0ee-4cf2-b145-27cf4e621fee at term 1 for becomeLeader, leader elected after 5097ms
2019-09-25 07:21:07,812 [8c621658-b0ee-4cf2-b145-27cf4e621fee@group-2C2DE4B2F63F:LeaderElection31] INFO  server.RaftServerConfigKeys (ConfUtils.java:logGet(43)) - raft.server.staging.catchup.gap = 1000 (default)
2019-09-25 07:21:07,812 [8c621658-b0ee-4cf2-b145-27cf4e621fee@group-2C2DE4B2F63F:LeaderElection31] INFO  server.RaftServerConfigKeys (ConfUtils.java:logGet(43)) - raft.server.rpc.sleep.time = 25ms (default)
2019-09-25 07:21:07,812 [8c621658-b0ee-4cf2-b145-27cf4e621fee@group-2C2DE4B2F63F:LeaderElection31] INFO  server.RaftServerConfigKeys (ConfUtils.java:logGet(43)) - raft.server.write.element-limit = 4096 (default)
2019-09-25 07:21:07,812 [8c621658-b0ee-4cf2-b145-27cf4e621fee@group-2C2DE4B2F63F:LeaderElection31] INFO  server.RaftServerConfigKeys (ConfUtils.java:logGet(43)) - raft.server.watch.timeout = 10s (default)
2019-09-25 07:21:07,813 [8c621658-b0ee-4cf2-b145-27cf4e621fee@group-2C2DE4B2F63F:LeaderElection31] INFO  server.RaftServerConfigKeys (ConfUtils.java:logGet(43)) - raft.server.watch.timeout.denomination = 1s (default)
2019-09-25 07:21:07,813 [8c621658-b0ee-4cf2-b145-27cf4e621fee@group-2C2DE4B2F63F:LeaderElection31] INFO  server.RaftServerConfigKeys (ConfUtils.java:logGet(43)) - raft.server.watch.element-limit = 65536 (default)
2019-09-25 07:21:07,815 [8c621658-b0ee-4cf2-b145-27cf4e621fee@group-2C2DE4B2F63F:LeaderElection31] INFO  impl.RoleInfo (RoleInfo.java:updateAndGet(143)) - 8c621658-b0ee-4cf2-b145-27cf4e621fee: start LeaderState
2019-09-25 07:21:07,816 [8c621658-b0ee-4cf2-b145-27cf4e621fee@group-2C2DE4B2F63F:LeaderElection31] INFO  segmented.SegmentedRaftLogWorker (SegmentedRaftLogWorker.java:startLogSegment(380)) - 8c621658-b0ee-4cf2-b145-27cf4e621fee@group-2C2DE4B2F63F-SegmentedRaftLogWorker: Starting segment from index:0
2019-09-25 07:21:07,816 [8c621658-b0ee-4cf2-b145-27cf4e621fee@group-2C2DE4B2F63F:LeaderElection31] INFO  impl.RaftServerImpl (ServerState.java:setRaftConf(354)) - 8c621658-b0ee-4cf2-b145-27cf4e621fee@group-2C2DE4B2F63F: set configuration 0: [8c621658-b0ee-4cf2-b145-27cf4e621fee:192.168.30.10:39467], old=null at 0
2019-09-25 07:21:07,854 [46f08633-29b5-4547-ba27-3aefda386aa8@group-AED539C55F27:LeaderElection32] INFO  impl.LeaderElection (LeaderElection.java:askForVotes(182)) - 46f08633-29b5-4547-ba27-3aefda386aa8@group-AED539C55F27:LeaderElection32: begin an election at term 1 for -1: [46f08633-29b5-4547-ba27-3aefda386aa8:192.168.30.10:40516], old=null
2019-09-25 07:21:07,854 [46f08633-29b5-4547-ba27-3aefda386aa8@group-AED539C55F27:LeaderElection32] INFO  impl.RoleInfo (RoleInfo.java:shutdownLeaderElection(134)) - 46f08633-29b5-4547-ba27-3aefda386aa8: shutdown LeaderElection
2019-09-25 07:21:07,854 [46f08633-29b5-4547-ba27-3aefda386aa8@group-AED539C55F27:LeaderElection32] INFO  impl.RaftServerImpl (RaftServerImpl.java:setRole(174)) - 46f08633-29b5-4547-ba27-3aefda386aa8@group-AED539C55F27: changes role from CANDIDATE to LEADER at term 1 for changeToLeader
2019-09-25 07:21:07,854 [46f08633-29b5-4547-ba27-3aefda386aa8@group-AED539C55F27:LeaderElection32] INFO  impl.RaftServerImpl (ServerState.java:setLeader(253)) - 46f08633-29b5-4547-ba27-3aefda386aa8@group-AED539C55F27: change Leader from null to 46f08633-29b5-4547-ba27-3aefda386aa8 at term 1 for becomeLeader, leader elected after 5192ms
2019-09-25 07:21:07,855 [46f08633-29b5-4547-ba27-3aefda386aa8@group-AED539C55F27:LeaderElection32] INFO  server.RaftServerConfigKeys (ConfUtils.java:logGet(43)) - raft.server.staging.catchup.gap = 1000 (default)
2019-09-25 07:21:07,855 [46f08633-29b5-4547-ba27-3aefda386aa8@group-AED539C55F27:LeaderElection32] INFO  server.RaftServerConfigKeys (ConfUtils.java:logGet(43)) - raft.server.rpc.sleep.time = 25ms (default)
2019-09-25 07:21:07,855 [46f08633-29b5-4547-ba27-3aefda386aa8@group-AED539C55F27:LeaderElection32] INFO  server.RaftServerConfigKeys (ConfUtils.java:logGet(43)) - raft.server.write.element-limit = 4096 (default)
2019-09-25 07:21:07,855 [46f08633-29b5-4547-ba27-3aefda386aa8@group-AED539C55F27:LeaderElection32] INFO  server.RaftServerConfigKeys (ConfUtils.java:logGet(43)) - raft.server.watch.timeout = 10s (default)
2019-09-25 07:21:07,855 [46f08633-29b5-4547-ba27-3aefda386aa8@group-AED539C55F27:LeaderElection32] INFO  server.RaftServerConfigKeys (ConfUtils.java:logGet(43)) - raft.server.watch.timeout.denomination = 1s (default)
2019-09-25 07:21:07,856 [46f08633-29b5-4547-ba27-3aefda386aa8@group-AED539C55F27:LeaderElection32] INFO  server.RaftServerConfigKeys (ConfUtils.java:logGet(43)) - raft.server.watch.element-limit = 65536 (default)
2019-09-25 07:21:07,858 [46f08633-29b5-4547-ba27-3aefda386aa8@group-AED539C55F27:LeaderElection32] INFO  impl.RoleInfo (RoleInfo.java:updateAndGet(143)) - 46f08633-29b5-4547-ba27-3aefda386aa8: start LeaderState
2019-09-25 07:21:07,859 [46f08633-29b5-4547-ba27-3aefda386aa8@group-AED539C55F27:LeaderElection32] INFO  segmented.SegmentedRaftLogWorker (SegmentedRaftLogWorker.java:startLogSegment(380)) - 46f08633-29b5-4547-ba27-3aefda386aa8@group-AED539C55F27-SegmentedRaftLogWorker: Starting segment from index:0
2019-09-25 07:21:07,859 [46f08633-29b5-4547-ba27-3aefda386aa8@group-AED539C55F27:LeaderElection32] INFO  impl.RaftServerImpl (ServerState.java:setRaftConf(354)) - 46f08633-29b5-4547-ba27-3aefda386aa8@group-AED539C55F27: set configuration 0: [46f08633-29b5-4547-ba27-3aefda386aa8:192.168.30.10:40516], old=null at 0
2019-09-25 07:21:07,893 [8c621658-b0ee-4cf2-b145-27cf4e621fee@group-2C2DE4B2F63F-SegmentedRaftLogWorker] INFO  segmented.SegmentedRaftLogWorker (SegmentedRaftLogWorker.java:execute(569)) - 8c621658-b0ee-4cf2-b145-27cf4e621fee@group-2C2DE4B2F63F-SegmentedRaftLogWorker: created new log segment /workdir/hadoop-ozone/ozonefs/target/test-dir/MiniOzoneClusterImpl-48169ae4-fc36-4fd4-bc0e-7a80f7e832d4/datanode-4/data/ratis/f99d736b-02ea-48d9-aa94-2c2de4b2f63f/current/log_inprogress_0
2019-09-25 07:21:07,900 [46f08633-29b5-4547-ba27-3aefda386aa8@group-AED539C55F27-SegmentedRaftLogWorker] INFO  segmented.SegmentedRaftLogWorker (SegmentedRaftLogWorker.java:execute(569)) - 46f08633-29b5-4547-ba27-3aefda386aa8@group-AED539C55F27-SegmentedRaftLogWorker: created new log segment /workdir/hadoop-ozone/ozonefs/target/test-dir/MiniOzoneClusterImpl-48169ae4-fc36-4fd4-bc0e-7a80f7e832d4/datanode-2/data/ratis/c0033a5e-43c0-4bd2-a32e-aed539c55f27/current/log_inprogress_0
2019-09-25 07:21:07,903 [Thread-387] INFO  impl.FollowerState (FollowerState.java:run(106)) - 6bc56785-b354-47d6-aaaa-aea62bb8d052:group-3D2EE3C06F68 changes to CANDIDATE, lastRpcTime:5132, electionTimeout:5132ms
2019-09-25 07:21:07,903 [Thread-387] INFO  impl.RoleInfo (RoleInfo.java:shutdownFollowerState(121)) - 6bc56785-b354-47d6-aaaa-aea62bb8d052: shutdown FollowerState
2019-09-25 07:21:07,903 [Thread-387] INFO  impl.RaftServerImpl (RaftServerImpl.java:setRole(174)) - 6bc56785-b354-47d6-aaaa-aea62bb8d052@group-3D2EE3C06F68: changes role from  FOLLOWER to CANDIDATE at term 0 for changeToCandidate
2019-09-25 07:21:07,904 [Thread-387] INFO  impl.RoleInfo (RoleInfo.java:updateAndGet(143)) - 6bc56785-b354-47d6-aaaa-aea62bb8d052: start LeaderElection
2019-09-25 07:21:07,914 [6bc56785-b354-47d6-aaaa-aea62bb8d052@group-3D2EE3C06F68:LeaderElection33] INFO  impl.LeaderElection (LeaderElection.java:askForVotes(182)) - 6bc56785-b354-47d6-aaaa-aea62bb8d052@group-3D2EE3C06F68:LeaderElection33: begin an election at term 1 for -1: [6bc56785-b354-47d6-aaaa-aea62bb8d052:192.168.30.10:40140], old=null
2019-09-25 07:21:07,914 [6bc56785-b354-47d6-aaaa-aea62bb8d052@group-3D2EE3C06F68:LeaderElection33] INFO  impl.RoleInfo (RoleInfo.java:shutdownLeaderElection(134)) - 6bc56785-b354-47d6-aaaa-aea62bb8d052: shutdown LeaderElection
2019-09-25 07:21:07,914 [6bc56785-b354-47d6-aaaa-aea62bb8d052@group-3D2EE3C06F68:LeaderElection33] INFO  impl.RaftServerImpl (RaftServerImpl.java:setRole(174)) - 6bc56785-b354-47d6-aaaa-aea62bb8d052@group-3D2EE3C06F68: changes role from CANDIDATE to LEADER at term 1 for changeToLeader
2019-09-25 07:21:07,914 [6bc56785-b354-47d6-aaaa-aea62bb8d052@group-3D2EE3C06F68:LeaderElection33] INFO  impl.RaftServerImpl (ServerState.java:setLeader(253)) - 6bc56785-b354-47d6-aaaa-aea62bb8d052@group-3D2EE3C06F68: change Leader from null to 6bc56785-b354-47d6-aaaa-aea62bb8d052 at term 1 for becomeLeader, leader elected after 5150ms
2019-09-25 07:21:07,915 [6bc56785-b354-47d6-aaaa-aea62bb8d052@group-3D2EE3C06F68:LeaderElection33] INFO  server.RaftServerConfigKeys (ConfUtils.java:logGet(43)) - raft.server.staging.catchup.gap = 1000 (default)
2019-09-25 07:21:07,915 [6bc56785-b354-47d6-aaaa-aea62bb8d052@group-3D2EE3C06F68:LeaderElection33] INFO  server.RaftServerConfigKeys (ConfUtils.java:logGet(43)) - raft.server.rpc.sleep.time = 25ms (default)
2019-09-25 07:21:07,915 [6bc56785-b354-47d6-aaaa-aea62bb8d052@group-3D2EE3C06F68:LeaderElection33] INFO  server.RaftServerConfigKeys (ConfUtils.java:logGet(43)) - raft.server.write.element-limit = 4096 (default)
2019-09-25 07:21:07,915 [6bc56785-b354-47d6-aaaa-aea62bb8d052@group-3D2EE3C06F68:LeaderElection33] INFO  server.RaftServerConfigKeys (ConfUtils.java:logGet(43)) - raft.server.watch.timeout = 10s (default)
2019-09-25 07:21:07,915 [6bc56785-b354-47d6-aaaa-aea62bb8d052@group-3D2EE3C06F68:LeaderElection33] INFO  server.RaftServerConfigKeys (ConfUtils.java:logGet(43)) - raft.server.watch.timeout.denomination = 1s (default)
2019-09-25 07:21:07,916 [6bc56785-b354-47d6-aaaa-aea62bb8d052@group-3D2EE3C06F68:LeaderElection33] INFO  server.RaftServerConfigKeys (ConfUtils.java:logGet(43)) - raft.server.watch.element-limit = 65536 (default)
2019-09-25 07:21:07,918 [6bc56785-b354-47d6-aaaa-aea62bb8d052@group-3D2EE3C06F68:LeaderElection33] INFO  impl.RoleInfo (RoleInfo.java:updateAndGet(143)) - 6bc56785-b354-47d6-aaaa-aea62bb8d052: start LeaderState
2019-09-25 07:21:07,919 [6bc56785-b354-47d6-aaaa-aea62bb8d052@group-3D2EE3C06F68:LeaderElection33] INFO  segmented.SegmentedRaftLogWorker (SegmentedRaftLogWorker.java:startLogSegment(380)) - 6bc56785-b354-47d6-aaaa-aea62bb8d052@group-3D2EE3C06F68-SegmentedRaftLogWorker: Starting segment from index:0
2019-09-25 07:21:07,919 [6bc56785-b354-47d6-aaaa-aea62bb8d052@group-3D2EE3C06F68:LeaderElection33] INFO  impl.RaftServerImpl (ServerState.java:setRaftConf(354)) - 6bc56785-b354-47d6-aaaa-aea62bb8d052@group-3D2EE3C06F68: set configuration 0: [6bc56785-b354-47d6-aaaa-aea62bb8d052:192.168.30.10:40140], old=null at 0
2019-09-25 07:21:07,954 [Thread-393] INFO  impl.FollowerState (FollowerState.java:run(106)) - 6bc56785-b354-47d6-aaaa-aea62bb8d052:group-222DDEDDA9D8 changes to CANDIDATE, lastRpcTime:5052, electionTimeout:5027ms
2019-09-25 07:21:07,954 [Thread-393] INFO  impl.RoleInfo (RoleInfo.java:shutdownFollowerState(121)) - 6bc56785-b354-47d6-aaaa-aea62bb8d052: shutdown FollowerState
2019-09-25 07:21:07,954 [Thread-393] INFO  impl.RaftServerImpl (RaftServerImpl.java:setRole(174)) - 6bc56785-b354-47d6-aaaa-aea62bb8d052@group-222DDEDDA9D8: changes role from  FOLLOWER to CANDIDATE at term 0 for changeToCandidate
2019-09-25 07:21:07,954 [Thread-393] INFO  impl.RoleInfo (RoleInfo.java:updateAndGet(143)) - 6bc56785-b354-47d6-aaaa-aea62bb8d052: start LeaderElection
2019-09-25 07:21:07,978 [Thread-390] INFO  impl.FollowerState (FollowerState.java:run(106)) - 988e4f02-2728-4d94-a25f-5554bec3cdd7:group-561C9EE0A7FE changes to CANDIDATE, lastRpcTime:5156, electionTimeout:5156ms
2019-09-25 07:21:07,978 [6bc56785-b354-47d6-aaaa-aea62bb8d052@group-3D2EE3C06F68-SegmentedRaftLogWorker] INFO  segmented.SegmentedRaftLogWorker (SegmentedRaftLogWorker.java:execute(569)) - 6bc56785-b354-47d6-aaaa-aea62bb8d052@group-3D2EE3C06F68-SegmentedRaftLogWorker: created new log segment /workdir/hadoop-ozone/ozonefs/target/test-dir/MiniOzoneClusterImpl-48169ae4-fc36-4fd4-bc0e-7a80f7e832d4/datanode-5/data/ratis/c7be329b-fa2a-43ae-9e9e-3d2ee3c06f68/current/log_inprogress_0
2019-09-25 07:21:07,978 [Thread-390] INFO  impl.RoleInfo (RoleInfo.java:shutdownFollowerState(121)) - 988e4f02-2728-4d94-a25f-5554bec3cdd7: shutdown FollowerState
2019-09-25 07:21:07,978 [6bc56785-b354-47d6-aaaa-aea62bb8d052@group-222DDEDDA9D8:LeaderElection34] INFO  impl.LeaderElection (LeaderElection.java:askForVotes(182)) - 6bc56785-b354-47d6-aaaa-aea62bb8d052@group-222DDEDDA9D8:LeaderElection34: begin an election at term 1 for -1: [6bc56785-b354-47d6-aaaa-aea62bb8d052:192.168.30.10:40140], old=null
2019-09-25 07:21:07,979 [Thread-390] INFO  impl.RaftServerImpl (RaftServerImpl.java:setRole(174)) - 988e4f02-2728-4d94-a25f-5554bec3cdd7@group-561C9EE0A7FE: changes role from  FOLLOWER to CANDIDATE at term 0 for changeToCandidate
2019-09-25 07:21:07,979 [6bc56785-b354-47d6-aaaa-aea62bb8d052@group-222DDEDDA9D8:LeaderElection34] INFO  impl.RoleInfo (RoleInfo.java:shutdownLeaderElection(134)) - 6bc56785-b354-47d6-aaaa-aea62bb8d052: shutdown LeaderElection
2019-09-25 07:21:07,979 [Thread-390] INFO  impl.RoleInfo (RoleInfo.java:updateAndGet(143)) - 988e4f02-2728-4d94-a25f-5554bec3cdd7: start LeaderElection
2019-09-25 07:21:07,979 [6bc56785-b354-47d6-aaaa-aea62bb8d052@group-222DDEDDA9D8:LeaderElection34] INFO  impl.RaftServerImpl (RaftServerImpl.java:setRole(174)) - 6bc56785-b354-47d6-aaaa-aea62bb8d052@group-222DDEDDA9D8: changes role from CANDIDATE to LEADER at term 1 for changeToLeader
2019-09-25 07:21:07,979 [6bc56785-b354-47d6-aaaa-aea62bb8d052@group-222DDEDDA9D8:LeaderElection34] INFO  impl.RaftServerImpl (ServerState.java:setLeader(253)) - 6bc56785-b354-47d6-aaaa-aea62bb8d052@group-222DDEDDA9D8: change Leader from null to 6bc56785-b354-47d6-aaaa-aea62bb8d052 at term 1 for becomeLeader, leader elected after 5085ms
2019-09-25 07:21:07,985 [6bc56785-b354-47d6-aaaa-aea62bb8d052@group-222DDEDDA9D8:LeaderElection34] INFO  server.RaftServerConfigKeys (ConfUtils.java:logGet(43)) - raft.server.staging.catchup.gap = 1000 (default)
2019-09-25 07:21:07,985 [6bc56785-b354-47d6-aaaa-aea62bb8d052@group-222DDEDDA9D8:LeaderElection34] INFO  server.RaftServerConfigKeys (ConfUtils.java:logGet(43)) - raft.server.rpc.sleep.time = 25ms (default)
2019-09-25 07:21:07,985 [6bc56785-b354-47d6-aaaa-aea62bb8d052@group-222DDEDDA9D8:LeaderElection34] INFO  server.RaftServerConfigKeys (ConfUtils.java:logGet(43)) - raft.server.write.element-limit = 4096 (default)
2019-09-25 07:21:07,985 [6bc56785-b354-47d6-aaaa-aea62bb8d052@group-222DDEDDA9D8:LeaderElection34] INFO  server.RaftServerConfigKeys (ConfUtils.java:logGet(43)) - raft.server.watch.timeout = 10s (default)
2019-09-25 07:21:07,985 [6bc56785-b354-47d6-aaaa-aea62bb8d052@group-222DDEDDA9D8:LeaderElection34] INFO  server.RaftServerConfigKeys (ConfUtils.java:logGet(43)) - raft.server.watch.timeout.denomination = 1s (default)
2019-09-25 07:21:07,986 [6bc56785-b354-47d6-aaaa-aea62bb8d052@group-222DDEDDA9D8:LeaderElection34] INFO  server.RaftServerConfigKeys (ConfUtils.java:logGet(43)) - raft.server.watch.element-limit = 65536 (default)
2019-09-25 07:21:07,990 [6bc56785-b354-47d6-aaaa-aea62bb8d052@group-222DDEDDA9D8:LeaderElection34] INFO  impl.RoleInfo (RoleInfo.java:updateAndGet(143)) - 6bc56785-b354-47d6-aaaa-aea62bb8d052: start LeaderState
2019-09-25 07:21:07,991 [6bc56785-b354-47d6-aaaa-aea62bb8d052@group-222DDEDDA9D8:LeaderElection34] INFO  segmented.SegmentedRaftLogWorker (SegmentedRaftLogWorker.java:startLogSegment(380)) - 6bc56785-b354-47d6-aaaa-aea62bb8d052@group-222DDEDDA9D8-SegmentedRaftLogWorker: Starting segment from index:0
2019-09-25 07:21:07,991 [6bc56785-b354-47d6-aaaa-aea62bb8d052@group-222DDEDDA9D8:LeaderElection34] INFO  impl.RaftServerImpl (ServerState.java:setRaftConf(354)) - 6bc56785-b354-47d6-aaaa-aea62bb8d052@group-222DDEDDA9D8: set configuration 0: [6bc56785-b354-47d6-aaaa-aea62bb8d052:192.168.30.10:40140], old=null at 0
2019-09-25 07:21:07,991 [988e4f02-2728-4d94-a25f-5554bec3cdd7@group-561C9EE0A7FE:LeaderElection35] INFO  impl.LeaderElection (LeaderElection.java:askForVotes(182)) - 988e4f02-2728-4d94-a25f-5554bec3cdd7@group-561C9EE0A7FE:LeaderElection35: begin an election at term 1 for -1: [988e4f02-2728-4d94-a25f-5554bec3cdd7:192.168.30.10:32885], old=null
2019-09-25 07:21:08,032 [988e4f02-2728-4d94-a25f-5554bec3cdd7@group-561C9EE0A7FE:LeaderElection35] INFO  impl.RoleInfo (RoleInfo.java:shutdownLeaderElection(134)) - 988e4f02-2728-4d94-a25f-5554bec3cdd7: shutdown LeaderElection
2019-09-25 07:21:08,032 [988e4f02-2728-4d94-a25f-5554bec3cdd7@group-561C9EE0A7FE:LeaderElection35] INFO  impl.RaftServerImpl (RaftServerImpl.java:setRole(174)) - 988e4f02-2728-4d94-a25f-5554bec3cdd7@group-561C9EE0A7FE: changes role from CANDIDATE to LEADER at term 1 for changeToLeader
2019-09-25 07:21:08,032 [988e4f02-2728-4d94-a25f-5554bec3cdd7@group-561C9EE0A7FE:LeaderElection35] INFO  impl.RaftServerImpl (ServerState.java:setLeader(253)) - 988e4f02-2728-4d94-a25f-5554bec3cdd7@group-561C9EE0A7FE: change Leader from null to 988e4f02-2728-4d94-a25f-5554bec3cdd7 at term 1 for becomeLeader, leader elected after 5216ms
2019-09-25 07:21:08,032 [988e4f02-2728-4d94-a25f-5554bec3cdd7@group-561C9EE0A7FE:LeaderElection35] INFO  server.RaftServerConfigKeys (ConfUtils.java:logGet(43)) - raft.server.staging.catchup.gap = 1000 (default)
2019-09-25 07:21:08,033 [988e4f02-2728-4d94-a25f-5554bec3cdd7@group-561C9EE0A7FE:LeaderElection35] INFO  server.RaftServerConfigKeys (ConfUtils.java:logGet(43)) - raft.server.rpc.sleep.time = 25ms (default)
2019-09-25 07:21:08,033 [988e4f02-2728-4d94-a25f-5554bec3cdd7@group-561C9EE0A7FE:LeaderElection35] INFO  server.RaftServerConfigKeys (ConfUtils.java:logGet(43)) - raft.server.write.element-limit = 4096 (default)
2019-09-25 07:21:08,033 [988e4f02-2728-4d94-a25f-5554bec3cdd7@group-561C9EE0A7FE:LeaderElection35] INFO  server.RaftServerConfigKeys (ConfUtils.java:logGet(43)) - raft.server.watch.timeout = 10s (default)
2019-09-25 07:21:08,033 [988e4f02-2728-4d94-a25f-5554bec3cdd7@group-561C9EE0A7FE:LeaderElection35] INFO  server.RaftServerConfigKeys (ConfUtils.java:logGet(43)) - raft.server.watch.timeout.denomination = 1s (default)
2019-09-25 07:21:08,033 [988e4f02-2728-4d94-a25f-5554bec3cdd7@group-561C9EE0A7FE:LeaderElection35] INFO  server.RaftServerConfigKeys (ConfUtils.java:logGet(43)) - raft.server.watch.element-limit = 65536 (default)
2019-09-25 07:21:08,035 [988e4f02-2728-4d94-a25f-5554bec3cdd7@group-561C9EE0A7FE:LeaderElection35] INFO  impl.RoleInfo (RoleInfo.java:updateAndGet(143)) - 988e4f02-2728-4d94-a25f-5554bec3cdd7: start LeaderState
2019-09-25 07:21:08,036 [988e4f02-2728-4d94-a25f-5554bec3cdd7@group-561C9EE0A7FE:LeaderElection35] INFO  segmented.SegmentedRaftLogWorker (SegmentedRaftLogWorker.java:startLogSegment(380)) - 988e4f02-2728-4d94-a25f-5554bec3cdd7@group-561C9EE0A7FE-SegmentedRaftLogWorker: Starting segment from index:0
2019-09-25 07:21:08,036 [988e4f02-2728-4d94-a25f-5554bec3cdd7@group-561C9EE0A7FE:LeaderElection35] INFO  impl.RaftServerImpl (ServerState.java:setRaftConf(354)) - 988e4f02-2728-4d94-a25f-5554bec3cdd7@group-561C9EE0A7FE: set configuration 0: [988e4f02-2728-4d94-a25f-5554bec3cdd7:192.168.30.10:32885], old=null at 0
2019-09-25 07:21:08,075 [6bc56785-b354-47d6-aaaa-aea62bb8d052@group-222DDEDDA9D8-SegmentedRaftLogWorker] INFO  segmented.SegmentedRaftLogWorker (SegmentedRaftLogWorker.java:execute(569)) - 6bc56785-b354-47d6-aaaa-aea62bb8d052@group-222DDEDDA9D8-SegmentedRaftLogWorker: created new log segment /workdir/hadoop-ozone/ozonefs/target/test-dir/MiniOzoneClusterImpl-48169ae4-fc36-4fd4-bc0e-7a80f7e832d4/datanode-5/data/ratis/6676c155-f943-429d-9b36-222ddedda9d8/current/log_inprogress_0
2019-09-25 07:21:08,100 [988e4f02-2728-4d94-a25f-5554bec3cdd7@group-561C9EE0A7FE-SegmentedRaftLogWorker] INFO  segmented.SegmentedRaftLogWorker (SegmentedRaftLogWorker.java:execute(569)) - 988e4f02-2728-4d94-a25f-5554bec3cdd7@group-561C9EE0A7FE-SegmentedRaftLogWorker: created new log segment /workdir/hadoop-ozone/ozonefs/target/test-dir/MiniOzoneClusterImpl-48169ae4-fc36-4fd4-bc0e-7a80f7e832d4/datanode-8/data/ratis/95b725eb-98a8-44a1-9bb7-561c9ee0a7fe/current/log_inprogress_0
2019-09-25 07:21:08,161 [Thread-396] INFO  impl.FollowerState (FollowerState.java:run(106)) - 3176e44e-2b1b-466b-9a7b-9faa8a8c6db1:group-6AC3D9BA4DAD changes to CANDIDATE, lastRpcTime:5196, electionTimeout:5196ms
2019-09-25 07:21:08,162 [Thread-396] INFO  impl.RoleInfo (RoleInfo.java:shutdownFollowerState(121)) - 3176e44e-2b1b-466b-9a7b-9faa8a8c6db1: shutdown FollowerState
2019-09-25 07:21:08,162 [Thread-396] INFO  impl.RaftServerImpl (RaftServerImpl.java:setRole(174)) - 3176e44e-2b1b-466b-9a7b-9faa8a8c6db1@group-6AC3D9BA4DAD: changes role from  FOLLOWER to CANDIDATE at term 0 for changeToCandidate
2019-09-25 07:21:08,162 [Thread-396] INFO  impl.RoleInfo (RoleInfo.java:updateAndGet(143)) - 3176e44e-2b1b-466b-9a7b-9faa8a8c6db1: start LeaderElection
2019-09-25 07:21:08,192 [3176e44e-2b1b-466b-9a7b-9faa8a8c6db1@group-6AC3D9BA4DAD:LeaderElection36] INFO  impl.LeaderElection (LeaderElection.java:askForVotes(182)) - 3176e44e-2b1b-466b-9a7b-9faa8a8c6db1@group-6AC3D9BA4DAD:LeaderElection36: begin an election at term 1 for -1: [3176e44e-2b1b-466b-9a7b-9faa8a8c6db1:192.168.30.10:43320], old=null
2019-09-25 07:21:08,193 [3176e44e-2b1b-466b-9a7b-9faa8a8c6db1@group-6AC3D9BA4DAD:LeaderElection36] INFO  impl.RoleInfo (RoleInfo.java:shutdownLeaderElection(134)) - 3176e44e-2b1b-466b-9a7b-9faa8a8c6db1: shutdown LeaderElection
2019-09-25 07:21:08,193 [3176e44e-2b1b-466b-9a7b-9faa8a8c6db1@group-6AC3D9BA4DAD:LeaderElection36] INFO  impl.RaftServerImpl (RaftServerImpl.java:setRole(174)) - 3176e44e-2b1b-466b-9a7b-9faa8a8c6db1@group-6AC3D9BA4DAD: changes role from CANDIDATE to LEADER at term 1 for changeToLeader
2019-09-25 07:21:08,193 [3176e44e-2b1b-466b-9a7b-9faa8a8c6db1@group-6AC3D9BA4DAD:LeaderElection36] INFO  impl.RaftServerImpl (ServerState.java:setLeader(253)) - 3176e44e-2b1b-466b-9a7b-9faa8a8c6db1@group-6AC3D9BA4DAD: change Leader from null to 3176e44e-2b1b-466b-9a7b-9faa8a8c6db1 at term 1 for becomeLeader, leader elected after 5234ms
2019-09-25 07:21:08,193 [3176e44e-2b1b-466b-9a7b-9faa8a8c6db1@group-6AC3D9BA4DAD:LeaderElection36] INFO  server.RaftServerConfigKeys (ConfUtils.java:logGet(43)) - raft.server.staging.catchup.gap = 1000 (default)
2019-09-25 07:21:08,193 [3176e44e-2b1b-466b-9a7b-9faa8a8c6db1@group-6AC3D9BA4DAD:LeaderElection36] INFO  server.RaftServerConfigKeys (ConfUtils.java:logGet(43)) - raft.server.rpc.sleep.time = 25ms (default)
2019-09-25 07:21:08,194 [3176e44e-2b1b-466b-9a7b-9faa8a8c6db1@group-6AC3D9BA4DAD:LeaderElection36] INFO  server.RaftServerConfigKeys (ConfUtils.java:logGet(43)) - raft.server.write.element-limit = 4096 (default)
2019-09-25 07:21:08,194 [3176e44e-2b1b-466b-9a7b-9faa8a8c6db1@group-6AC3D9BA4DAD:LeaderElection36] INFO  server.RaftServerConfigKeys (ConfUtils.java:logGet(43)) - raft.server.watch.timeout = 10s (default)
2019-09-25 07:21:08,194 [3176e44e-2b1b-466b-9a7b-9faa8a8c6db1@group-6AC3D9BA4DAD:LeaderElection36] INFO  server.RaftServerConfigKeys (ConfUtils.java:logGet(43)) - raft.server.watch.timeout.denomination = 1s (default)
2019-09-25 07:21:08,194 [3176e44e-2b1b-466b-9a7b-9faa8a8c6db1@group-6AC3D9BA4DAD:LeaderElection36] INFO  server.RaftServerConfigKeys (ConfUtils.java:logGet(43)) - raft.server.watch.element-limit = 65536 (default)
2019-09-25 07:21:08,197 [3176e44e-2b1b-466b-9a7b-9faa8a8c6db1@group-6AC3D9BA4DAD:LeaderElection36] INFO  impl.RoleInfo (RoleInfo.java:updateAndGet(143)) - 3176e44e-2b1b-466b-9a7b-9faa8a8c6db1: start LeaderState
2019-09-25 07:21:08,197 [3176e44e-2b1b-466b-9a7b-9faa8a8c6db1@group-6AC3D9BA4DAD:LeaderElection36] INFO  segmented.SegmentedRaftLogWorker (SegmentedRaftLogWorker.java:startLogSegment(380)) - 3176e44e-2b1b-466b-9a7b-9faa8a8c6db1@group-6AC3D9BA4DAD-SegmentedRaftLogWorker: Starting segment from index:0
2019-09-25 07:21:08,198 [3176e44e-2b1b-466b-9a7b-9faa8a8c6db1@group-6AC3D9BA4DAD:LeaderElection36] INFO  impl.RaftServerImpl (ServerState.java:setRaftConf(354)) - 3176e44e-2b1b-466b-9a7b-9faa8a8c6db1@group-6AC3D9BA4DAD: set configuration 0: [3176e44e-2b1b-466b-9a7b-9faa8a8c6db1:192.168.30.10:43320], old=null at 0
2019-09-25 07:21:08,226 [Thread-399] INFO  impl.FollowerState (FollowerState.java:run(106)) - 8c621658-b0ee-4cf2-b145-27cf4e621fee:group-9E47BA958D21 changes to CANDIDATE, lastRpcTime:5202, electionTimeout:5197ms
2019-09-25 07:21:08,227 [Thread-399] INFO  impl.RoleInfo (RoleInfo.java:shutdownFollowerState(121)) - 8c621658-b0ee-4cf2-b145-27cf4e621fee: shutdown FollowerState
2019-09-25 07:21:08,227 [Thread-405] INFO  impl.FollowerState (FollowerState.java:run(106)) - 3176e44e-2b1b-466b-9a7b-9faa8a8c6db1:group-BF8AC4D70D10 changes to CANDIDATE, lastRpcTime:5057, electionTimeout:5028ms
2019-09-25 07:21:08,227 [Thread-399] INFO  impl.RaftServerImpl (RaftServerImpl.java:setRole(174)) - 8c621658-b0ee-4cf2-b145-27cf4e621fee@group-9E47BA958D21: changes role from  FOLLOWER to CANDIDATE at term 0 for changeToCandidate
2019-09-25 07:21:08,227 [Thread-405] INFO  impl.RoleInfo (RoleInfo.java:shutdownFollowerState(121)) - 3176e44e-2b1b-466b-9a7b-9faa8a8c6db1: shutdown FollowerState
2019-09-25 07:21:08,227 [Thread-399] INFO  impl.RoleInfo (RoleInfo.java:updateAndGet(143)) - 8c621658-b0ee-4cf2-b145-27cf4e621fee: start LeaderElection
2019-09-25 07:21:08,227 [Thread-405] INFO  impl.RaftServerImpl (RaftServerImpl.java:setRole(174)) - 3176e44e-2b1b-466b-9a7b-9faa8a8c6db1@group-BF8AC4D70D10: changes role from  FOLLOWER to CANDIDATE at term 0 for changeToCandidate
2019-09-25 07:21:08,227 [Thread-405] INFO  impl.RoleInfo (RoleInfo.java:updateAndGet(143)) - 3176e44e-2b1b-466b-9a7b-9faa8a8c6db1: start LeaderElection
2019-09-25 07:21:08,231 [Thread-402] INFO  impl.FollowerState (FollowerState.java:run(106)) - 46f08633-29b5-4547-ba27-3aefda386aa8:group-C5EB6D5487F6 changes to CANDIDATE, lastRpcTime:5137, electionTimeout:5134ms
2019-09-25 07:21:08,235 [Thread-402] INFO  impl.RoleInfo (RoleInfo.java:shutdownFollowerState(121)) - 46f08633-29b5-4547-ba27-3aefda386aa8: shutdown FollowerState
2019-09-25 07:21:08,235 [Thread-402] INFO  impl.RaftServerImpl (RaftServerImpl.java:setRole(174)) - 46f08633-29b5-4547-ba27-3aefda386aa8@group-C5EB6D5487F6: changes role from  FOLLOWER to CANDIDATE at term 0 for changeToCandidate
2019-09-25 07:21:08,235 [Thread-402] INFO  impl.RoleInfo (RoleInfo.java:updateAndGet(143)) - 46f08633-29b5-4547-ba27-3aefda386aa8: start LeaderElection
2019-09-25 07:21:08,248 [3176e44e-2b1b-466b-9a7b-9faa8a8c6db1@group-6AC3D9BA4DAD-SegmentedRaftLogWorker] INFO  segmented.SegmentedRaftLogWorker (SegmentedRaftLogWorker.java:execute(569)) - 3176e44e-2b1b-466b-9a7b-9faa8a8c6db1@group-6AC3D9BA4DAD-SegmentedRaftLogWorker: created new log segment /workdir/hadoop-ozone/ozonefs/target/test-dir/MiniOzoneClusterImpl-48169ae4-fc36-4fd4-bc0e-7a80f7e832d4/datanode-6/data/ratis/fb043308-7616-4188-a250-6ac3d9ba4dad/current/log_inprogress_0
2019-09-25 07:21:08,248 [8c621658-b0ee-4cf2-b145-27cf4e621fee@group-9E47BA958D21:LeaderElection37] INFO  impl.LeaderElection (LeaderElection.java:askForVotes(182)) - 8c621658-b0ee-4cf2-b145-27cf4e621fee@group-9E47BA958D21:LeaderElection37: begin an election at term 1 for -1: [8c621658-b0ee-4cf2-b145-27cf4e621fee:192.168.30.10:39467], old=null
2019-09-25 07:21:08,248 [3176e44e-2b1b-466b-9a7b-9faa8a8c6db1@group-BF8AC4D70D10:LeaderElection38] INFO  impl.LeaderElection (LeaderElection.java:askForVotes(182)) - 3176e44e-2b1b-466b-9a7b-9faa8a8c6db1@group-BF8AC4D70D10:LeaderElection38: begin an election at term 1 for -1: [3176e44e-2b1b-466b-9a7b-9faa8a8c6db1:192.168.30.10:43320], old=null
2019-09-25 07:21:08,248 [8c621658-b0ee-4cf2-b145-27cf4e621fee@group-9E47BA958D21:LeaderElection37] INFO  impl.RoleInfo (RoleInfo.java:shutdownLeaderElection(134)) - 8c621658-b0ee-4cf2-b145-27cf4e621fee: shutdown LeaderElection
2019-09-25 07:21:08,248 [3176e44e-2b1b-466b-9a7b-9faa8a8c6db1@group-BF8AC4D70D10:LeaderElection38] INFO  impl.RoleInfo (RoleInfo.java:shutdownLeaderElection(134)) - 3176e44e-2b1b-466b-9a7b-9faa8a8c6db1: shutdown LeaderElection
2019-09-25 07:21:08,248 [8c621658-b0ee-4cf2-b145-27cf4e621fee@group-9E47BA958D21:LeaderElection37] INFO  impl.RaftServerImpl (RaftServerImpl.java:setRole(174)) - 8c621658-b0ee-4cf2-b145-27cf4e621fee@group-9E47BA958D21: changes role from CANDIDATE to LEADER at term 1 for changeToLeader
2019-09-25 07:21:08,249 [3176e44e-2b1b-466b-9a7b-9faa8a8c6db1@group-BF8AC4D70D10:LeaderElection38] INFO  impl.RaftServerImpl (RaftServerImpl.java:setRole(174)) - 3176e44e-2b1b-466b-9a7b-9faa8a8c6db1@group-BF8AC4D70D10: changes role from CANDIDATE to LEADER at term 1 for changeToLeader
2019-09-25 07:21:08,249 [8c621658-b0ee-4cf2-b145-27cf4e621fee@group-9E47BA958D21:LeaderElection37] INFO  impl.RaftServerImpl (ServerState.java:setLeader(253)) - 8c621658-b0ee-4cf2-b145-27cf4e621fee@group-9E47BA958D21: change Leader from null to 8c621658-b0ee-4cf2-b145-27cf4e621fee at term 1 for becomeLeader, leader elected after 5230ms
2019-09-25 07:21:08,249 [3176e44e-2b1b-466b-9a7b-9faa8a8c6db1@group-BF8AC4D70D10:LeaderElection38] INFO  impl.RaftServerImpl (ServerState.java:setLeader(253)) - 3176e44e-2b1b-466b-9a7b-9faa8a8c6db1@group-BF8AC4D70D10: change Leader from null to 3176e44e-2b1b-466b-9a7b-9faa8a8c6db1 at term 1 for becomeLeader, leader elected after 5085ms
2019-09-25 07:21:08,249 [8c621658-b0ee-4cf2-b145-27cf4e621fee@group-9E47BA958D21:LeaderElection37] INFO  server.RaftServerConfigKeys (ConfUtils.java:logGet(43)) - raft.server.staging.catchup.gap = 1000 (default)
2019-09-25 07:21:08,249 [3176e44e-2b1b-466b-9a7b-9faa8a8c6db1@group-BF8AC4D70D10:LeaderElection38] INFO  server.RaftServerConfigKeys (ConfUtils.java:logGet(43)) - raft.server.staging.catchup.gap = 1000 (default)
2019-09-25 07:21:08,249 [8c621658-b0ee-4cf2-b145-27cf4e621fee@group-9E47BA958D21:LeaderElection37] INFO  server.RaftServerConfigKeys (ConfUtils.java:logGet(43)) - raft.server.rpc.sleep.time = 25ms (default)
2019-09-25 07:21:08,249 [3176e44e-2b1b-466b-9a7b-9faa8a8c6db1@group-BF8AC4D70D10:LeaderElection38] INFO  server.RaftServerConfigKeys (ConfUtils.java:logGet(43)) - raft.server.rpc.sleep.time = 25ms (default)
2019-09-25 07:21:08,250 [8c621658-b0ee-4cf2-b145-27cf4e621fee@group-9E47BA958D21:LeaderElection37] INFO  server.RaftServerConfigKeys (ConfUtils.java:logGet(43)) - raft.server.write.element-limit = 4096 (default)
2019-09-25 07:21:08,250 [3176e44e-2b1b-466b-9a7b-9faa8a8c6db1@group-BF8AC4D70D10:LeaderElection38] INFO  server.RaftServerConfigKeys (ConfUtils.java:logGet(43)) - raft.server.write.element-limit = 4096 (default)
2019-09-25 07:21:08,250 [8c621658-b0ee-4cf2-b145-27cf4e621fee@group-9E47BA958D21:LeaderElection37] INFO  server.RaftServerConfigKeys (ConfUtils.java:logGet(43)) - raft.server.watch.timeout = 10s (default)
2019-09-25 07:21:08,250 [3176e44e-2b1b-466b-9a7b-9faa8a8c6db1@group-BF8AC4D70D10:LeaderElection38] INFO  server.RaftServerConfigKeys (ConfUtils.java:logGet(43)) - raft.server.watch.timeout = 10s (default)
2019-09-25 07:21:08,250 [8c621658-b0ee-4cf2-b145-27cf4e621fee@group-9E47BA958D21:LeaderElection37] INFO  server.RaftServerConfigKeys (ConfUtils.java:logGet(43)) - raft.server.watch.timeout.denomination = 1s (default)
2019-09-25 07:21:08,250 [3176e44e-2b1b-466b-9a7b-9faa8a8c6db1@group-BF8AC4D70D10:LeaderElection38] INFO  server.RaftServerConfigKeys (ConfUtils.java:logGet(43)) - raft.server.watch.timeout.denomination = 1s (default)
2019-09-25 07:21:08,251 [8c621658-b0ee-4cf2-b145-27cf4e621fee@group-9E47BA958D21:LeaderElection37] INFO  server.RaftServerConfigKeys (ConfUtils.java:logGet(43)) - raft.server.watch.element-limit = 65536 (default)
2019-09-25 07:21:08,251 [3176e44e-2b1b-466b-9a7b-9faa8a8c6db1@group-BF8AC4D70D10:LeaderElection38] INFO  server.RaftServerConfigKeys (ConfUtils.java:logGet(43)) - raft.server.watch.element-limit = 65536 (default)
2019-09-25 07:21:08,254 [8c621658-b0ee-4cf2-b145-27cf4e621fee@group-9E47BA958D21:LeaderElection37] INFO  impl.RoleInfo (RoleInfo.java:updateAndGet(143)) - 8c621658-b0ee-4cf2-b145-27cf4e621fee: start LeaderState
2019-09-25 07:21:08,254 [8c621658-b0ee-4cf2-b145-27cf4e621fee@group-9E47BA958D21:LeaderElection37] INFO  segmented.SegmentedRaftLogWorker (SegmentedRaftLogWorker.java:startLogSegment(380)) - 8c621658-b0ee-4cf2-b145-27cf4e621fee@group-9E47BA958D21-SegmentedRaftLogWorker: Starting segment from index:0
2019-09-25 07:21:08,254 [3176e44e-2b1b-466b-9a7b-9faa8a8c6db1@group-BF8AC4D70D10:LeaderElection38] INFO  impl.RoleInfo (RoleInfo.java:updateAndGet(143)) - 3176e44e-2b1b-466b-9a7b-9faa8a8c6db1: start LeaderState
2019-09-25 07:21:08,255 [3176e44e-2b1b-466b-9a7b-9faa8a8c6db1@group-BF8AC4D70D10:LeaderElection38] INFO  segmented.SegmentedRaftLogWorker (SegmentedRaftLogWorker.java:startLogSegment(380)) - 3176e44e-2b1b-466b-9a7b-9faa8a8c6db1@group-BF8AC4D70D10-SegmentedRaftLogWorker: Starting segment from index:0
2019-09-25 07:21:08,255 [8c621658-b0ee-4cf2-b145-27cf4e621fee@group-9E47BA958D21:LeaderElection37] INFO  impl.RaftServerImpl (ServerState.java:setRaftConf(354)) - 8c621658-b0ee-4cf2-b145-27cf4e621fee@group-9E47BA958D21: set configuration 0: [8c621658-b0ee-4cf2-b145-27cf4e621fee:192.168.30.10:39467], old=null at 0
2019-09-25 07:21:08,294 [46f08633-29b5-4547-ba27-3aefda386aa8@group-C5EB6D5487F6:LeaderElection39] INFO  impl.LeaderElection (LeaderElection.java:askForVotes(182)) - 46f08633-29b5-4547-ba27-3aefda386aa8@group-C5EB6D5487F6:LeaderElection39: begin an election at term 1 for -1: [46f08633-29b5-4547-ba27-3aefda386aa8:192.168.30.10:40516], old=null
2019-09-25 07:21:08,294 [3176e44e-2b1b-466b-9a7b-9faa8a8c6db1@group-BF8AC4D70D10:LeaderElection38] INFO  impl.RaftServerImpl (ServerState.java:setRaftConf(354)) - 3176e44e-2b1b-466b-9a7b-9faa8a8c6db1@group-BF8AC4D70D10: set configuration 0: [3176e44e-2b1b-466b-9a7b-9faa8a8c6db1:192.168.30.10:43320], old=null at 0
2019-09-25 07:21:08,294 [46f08633-29b5-4547-ba27-3aefda386aa8@group-C5EB6D5487F6:LeaderElection39] INFO  impl.RoleInfo (RoleInfo.java:shutdownLeaderElection(134)) - 46f08633-29b5-4547-ba27-3aefda386aa8: shutdown LeaderElection
2019-09-25 07:21:08,332 [8c621658-b0ee-4cf2-b145-27cf4e621fee@group-9E47BA958D21-SegmentedRaftLogWorker] INFO  segmented.SegmentedRaftLogWorker (SegmentedRaftLogWorker.java:execute(569)) - 8c621658-b0ee-4cf2-b145-27cf4e621fee@group-9E47BA958D21-SegmentedRaftLogWorker: created new log segment /workdir/hadoop-ozone/ozonefs/target/test-dir/MiniOzoneClusterImpl-48169ae4-fc36-4fd4-bc0e-7a80f7e832d4/datanode-4/data/ratis/56ea14b7-61ba-4bc3-9d65-9e47ba958d21/current/log_inprogress_0
2019-09-25 07:21:08,332 [46f08633-29b5-4547-ba27-3aefda386aa8@group-C5EB6D5487F6:LeaderElection39] INFO  impl.RaftServerImpl (RaftServerImpl.java:setRole(174)) - 46f08633-29b5-4547-ba27-3aefda386aa8@group-C5EB6D5487F6: changes role from CANDIDATE to LEADER at term 1 for changeToLeader
2019-09-25 07:21:08,333 [46f08633-29b5-4547-ba27-3aefda386aa8@group-C5EB6D5487F6:LeaderElection39] INFO  impl.RaftServerImpl (ServerState.java:setLeader(253)) - 46f08633-29b5-4547-ba27-3aefda386aa8@group-C5EB6D5487F6: change Leader from null to 46f08633-29b5-4547-ba27-3aefda386aa8 at term 1 for becomeLeader, leader elected after 5245ms
2019-09-25 07:21:08,333 [46f08633-29b5-4547-ba27-3aefda386aa8@group-C5EB6D5487F6:LeaderElection39] INFO  server.RaftServerConfigKeys (ConfUtils.java:logGet(43)) - raft.server.staging.catchup.gap = 1000 (default)
2019-09-25 07:21:08,333 [46f08633-29b5-4547-ba27-3aefda386aa8@group-C5EB6D5487F6:LeaderElection39] INFO  server.RaftServerConfigKeys (ConfUtils.java:logGet(43)) - raft.server.rpc.sleep.time = 25ms (default)
2019-09-25 07:21:08,333 [46f08633-29b5-4547-ba27-3aefda386aa8@group-C5EB6D5487F6:LeaderElection39] INFO  server.RaftServerConfigKeys (ConfUtils.java:logGet(43)) - raft.server.write.element-limit = 4096 (default)
2019-09-25 07:21:08,333 [46f08633-29b5-4547-ba27-3aefda386aa8@group-C5EB6D5487F6:LeaderElection39] INFO  server.RaftServerConfigKeys (ConfUtils.java:logGet(43)) - raft.server.watch.timeout = 10s (default)
2019-09-25 07:21:08,334 [46f08633-29b5-4547-ba27-3aefda386aa8@group-C5EB6D5487F6:LeaderElection39] INFO  server.RaftServerConfigKeys (ConfUtils.java:logGet(43)) - raft.server.watch.timeout.denomination = 1s (default)
2019-09-25 07:21:08,334 [46f08633-29b5-4547-ba27-3aefda386aa8@group-C5EB6D5487F6:LeaderElection39] INFO  server.RaftServerConfigKeys (ConfUtils.java:logGet(43)) - raft.server.watch.element-limit = 65536 (default)
2019-09-25 07:21:08,336 [46f08633-29b5-4547-ba27-3aefda386aa8@group-C5EB6D5487F6:LeaderElection39] INFO  impl.RoleInfo (RoleInfo.java:updateAndGet(143)) - 46f08633-29b5-4547-ba27-3aefda386aa8: start LeaderState
2019-09-25 07:21:08,336 [46f08633-29b5-4547-ba27-3aefda386aa8@group-C5EB6D5487F6:LeaderElection39] INFO  segmented.SegmentedRaftLogWorker (SegmentedRaftLogWorker.java:startLogSegment(380)) - 46f08633-29b5-4547-ba27-3aefda386aa8@group-C5EB6D5487F6-SegmentedRaftLogWorker: Starting segment from index:0
2019-09-25 07:21:08,337 [46f08633-29b5-4547-ba27-3aefda386aa8@group-C5EB6D5487F6:LeaderElection39] INFO  impl.RaftServerImpl (ServerState.java:setRaftConf(354)) - 46f08633-29b5-4547-ba27-3aefda386aa8@group-C5EB6D5487F6: set configuration 0: [46f08633-29b5-4547-ba27-3aefda386aa8:192.168.30.10:40516], old=null at 0
2019-09-25 07:21:08,388 [3176e44e-2b1b-466b-9a7b-9faa8a8c6db1@group-BF8AC4D70D10-SegmentedRaftLogWorker] INFO  segmented.SegmentedRaftLogWorker (SegmentedRaftLogWorker.java:execute(569)) - 3176e44e-2b1b-466b-9a7b-9faa8a8c6db1@group-BF8AC4D70D10-SegmentedRaftLogWorker: created new log segment /workdir/hadoop-ozone/ozonefs/target/test-dir/MiniOzoneClusterImpl-48169ae4-fc36-4fd4-bc0e-7a80f7e832d4/datanode-6/data/ratis/0d37271c-3b42-45fd-ada2-bf8ac4d70d10/current/log_inprogress_0
2019-09-25 07:21:08,408 [Thread-408] INFO  impl.FollowerState (FollowerState.java:run(106)) - f368be67-619a-45f1-9208-8e0055b252cf:group-FF616E4167AB changes to CANDIDATE, lastRpcTime:5157, electionTimeout:5157ms
2019-09-25 07:21:08,408 [Thread-408] INFO  impl.RoleInfo (RoleInfo.java:shutdownFollowerState(121)) - f368be67-619a-45f1-9208-8e0055b252cf: shutdown FollowerState
2019-09-25 07:21:08,408 [Thread-408] INFO  impl.RaftServerImpl (RaftServerImpl.java:setRole(174)) - f368be67-619a-45f1-9208-8e0055b252cf@group-FF616E4167AB: changes role from  FOLLOWER to CANDIDATE at term 0 for changeToCandidate
2019-09-25 07:21:08,408 [Thread-408] INFO  impl.RoleInfo (RoleInfo.java:updateAndGet(143)) - f368be67-619a-45f1-9208-8e0055b252cf: start LeaderElection
2019-09-25 07:21:08,413 [46f08633-29b5-4547-ba27-3aefda386aa8@group-C5EB6D5487F6-SegmentedRaftLogWorker] INFO  segmented.SegmentedRaftLogWorker (SegmentedRaftLogWorker.java:execute(569)) - 46f08633-29b5-4547-ba27-3aefda386aa8@group-C5EB6D5487F6-SegmentedRaftLogWorker: created new log segment /workdir/hadoop-ozone/ozonefs/target/test-dir/MiniOzoneClusterImpl-48169ae4-fc36-4fd4-bc0e-7a80f7e832d4/datanode-2/data/ratis/c542ed13-5537-46f0-9abf-c5eb6d5487f6/current/log_inprogress_0
2019-09-25 07:21:08,417 [f368be67-619a-45f1-9208-8e0055b252cf@group-FF616E4167AB:LeaderElection40] INFO  impl.LeaderElection (LeaderElection.java:askForVotes(182)) - f368be67-619a-45f1-9208-8e0055b252cf@group-FF616E4167AB:LeaderElection40: begin an election at term 1 for -1: [f368be67-619a-45f1-9208-8e0055b252cf:192.168.30.10:40542], old=null
2019-09-25 07:21:08,417 [f368be67-619a-45f1-9208-8e0055b252cf@group-FF616E4167AB:LeaderElection40] INFO  impl.RoleInfo (RoleInfo.java:shutdownLeaderElection(134)) - f368be67-619a-45f1-9208-8e0055b252cf: shutdown LeaderElection
2019-09-25 07:21:08,417 [f368be67-619a-45f1-9208-8e0055b252cf@group-FF616E4167AB:LeaderElection40] INFO  impl.RaftServerImpl (RaftServerImpl.java:setRole(174)) - f368be67-619a-45f1-9208-8e0055b252cf@group-FF616E4167AB: changes role from CANDIDATE to LEADER at term 1 for changeToLeader
2019-09-25 07:21:08,417 [f368be67-619a-45f1-9208-8e0055b252cf@group-FF616E4167AB:LeaderElection40] INFO  impl.RaftServerImpl (ServerState.java:setLeader(253)) - f368be67-619a-45f1-9208-8e0055b252cf@group-FF616E4167AB: change Leader from null to f368be67-619a-45f1-9208-8e0055b252cf at term 1 for becomeLeader, leader elected after 5174ms
2019-09-25 07:21:08,418 [f368be67-619a-45f1-9208-8e0055b252cf@group-FF616E4167AB:LeaderElection40] INFO  server.RaftServerConfigKeys (ConfUtils.java:logGet(43)) - raft.server.staging.catchup.gap = 1000 (default)
2019-09-25 07:21:08,418 [f368be67-619a-45f1-9208-8e0055b252cf@group-FF616E4167AB:LeaderElection40] INFO  server.RaftServerConfigKeys (ConfUtils.java:logGet(43)) - raft.server.rpc.sleep.time = 25ms (default)
2019-09-25 07:21:08,418 [f368be67-619a-45f1-9208-8e0055b252cf@group-FF616E4167AB:LeaderElection40] INFO  server.RaftServerConfigKeys (ConfUtils.java:logGet(43)) - raft.server.write.element-limit = 4096 (default)
2019-09-25 07:21:08,418 [f368be67-619a-45f1-9208-8e0055b252cf@group-FF616E4167AB:LeaderElection40] INFO  server.RaftServerConfigKeys (ConfUtils.java:logGet(43)) - raft.server.watch.timeout = 10s (default)
2019-09-25 07:21:08,419 [f368be67-619a-45f1-9208-8e0055b252cf@group-FF616E4167AB:LeaderElection40] INFO  server.RaftServerConfigKeys (ConfUtils.java:logGet(43)) - raft.server.watch.timeout.denomination = 1s (default)
2019-09-25 07:21:08,419 [f368be67-619a-45f1-9208-8e0055b252cf@group-FF616E4167AB:LeaderElection40] INFO  server.RaftServerConfigKeys (ConfUtils.java:logGet(43)) - raft.server.watch.element-limit = 65536 (default)
2019-09-25 07:21:08,423 [f368be67-619a-45f1-9208-8e0055b252cf@group-FF616E4167AB:LeaderElection40] INFO  impl.RoleInfo (RoleInfo.java:updateAndGet(143)) - f368be67-619a-45f1-9208-8e0055b252cf: start LeaderState
2019-09-25 07:21:08,423 [f368be67-619a-45f1-9208-8e0055b252cf@group-FF616E4167AB:LeaderElection40] INFO  segmented.SegmentedRaftLogWorker (SegmentedRaftLogWorker.java:startLogSegment(380)) - f368be67-619a-45f1-9208-8e0055b252cf@group-FF616E4167AB-SegmentedRaftLogWorker: Starting segment from index:0
2019-09-25 07:21:08,424 [f368be67-619a-45f1-9208-8e0055b252cf@group-FF616E4167AB:LeaderElection40] INFO  impl.RaftServerImpl (ServerState.java:setRaftConf(354)) - f368be67-619a-45f1-9208-8e0055b252cf@group-FF616E4167AB: set configuration 0: [f368be67-619a-45f1-9208-8e0055b252cf:192.168.30.10:40542], old=null at 0
2019-09-25 07:21:08,485 [f368be67-619a-45f1-9208-8e0055b252cf@group-FF616E4167AB-SegmentedRaftLogWorker] INFO  segmented.SegmentedRaftLogWorker (SegmentedRaftLogWorker.java:execute(569)) - f368be67-619a-45f1-9208-8e0055b252cf@group-FF616E4167AB-SegmentedRaftLogWorker: created new log segment /workdir/hadoop-ozone/ozonefs/target/test-dir/MiniOzoneClusterImpl-48169ae4-fc36-4fd4-bc0e-7a80f7e832d4/datanode-9/data/ratis/28b608d9-91ed-426b-addb-ff616e4167ab/current/log_inprogress_0
2019-09-25 07:21:08,494 [Thread-411] INFO  impl.FollowerState (FollowerState.java:run(106)) - 3176e44e-2b1b-466b-9a7b-9faa8a8c6db1:group-4E9630327F99 changes to CANDIDATE, lastRpcTime:5159, electionTimeout:5159ms
2019-09-25 07:21:08,495 [Thread-411] INFO  impl.RoleInfo (RoleInfo.java:shutdownFollowerState(121)) - 3176e44e-2b1b-466b-9a7b-9faa8a8c6db1: shutdown FollowerState
2019-09-25 07:21:08,495 [Thread-411] INFO  impl.RaftServerImpl (RaftServerImpl.java:setRole(174)) - 3176e44e-2b1b-466b-9a7b-9faa8a8c6db1@group-4E9630327F99: changes role from  FOLLOWER to CANDIDATE at term 0 for changeToCandidate
2019-09-25 07:21:08,495 [Thread-411] INFO  impl.RoleInfo (RoleInfo.java:updateAndGet(143)) - 3176e44e-2b1b-466b-9a7b-9faa8a8c6db1: start LeaderElection
2019-09-25 07:21:08,511 [3176e44e-2b1b-466b-9a7b-9faa8a8c6db1@group-4E9630327F99:LeaderElection41] INFO  impl.LeaderElection (LeaderElection.java:askForVotes(182)) - 3176e44e-2b1b-466b-9a7b-9faa8a8c6db1@group-4E9630327F99:LeaderElection41: begin an election at term 1 for -1: [3176e44e-2b1b-466b-9a7b-9faa8a8c6db1:192.168.30.10:43320], old=null
2019-09-25 07:21:08,511 [3176e44e-2b1b-466b-9a7b-9faa8a8c6db1@group-4E9630327F99:LeaderElection41] INFO  impl.RoleInfo (RoleInfo.java:shutdownLeaderElection(134)) - 3176e44e-2b1b-466b-9a7b-9faa8a8c6db1: shutdown LeaderElection
2019-09-25 07:21:08,511 [3176e44e-2b1b-466b-9a7b-9faa8a8c6db1@group-4E9630327F99:LeaderElection41] INFO  impl.RaftServerImpl (RaftServerImpl.java:setRole(174)) - 3176e44e-2b1b-466b-9a7b-9faa8a8c6db1@group-4E9630327F99: changes role from CANDIDATE to LEADER at term 1 for changeToLeader
2019-09-25 07:21:08,511 [3176e44e-2b1b-466b-9a7b-9faa8a8c6db1@group-4E9630327F99:LeaderElection41] INFO  impl.RaftServerImpl (ServerState.java:setLeader(253)) - 3176e44e-2b1b-466b-9a7b-9faa8a8c6db1@group-4E9630327F99: change Leader from null to 3176e44e-2b1b-466b-9a7b-9faa8a8c6db1 at term 1 for becomeLeader, leader elected after 5184ms
2019-09-25 07:21:08,512 [3176e44e-2b1b-466b-9a7b-9faa8a8c6db1@group-4E9630327F99:LeaderElection41] INFO  server.RaftServerConfigKeys (ConfUtils.java:logGet(43)) - raft.server.staging.catchup.gap = 1000 (default)
2019-09-25 07:21:08,512 [3176e44e-2b1b-466b-9a7b-9faa8a8c6db1@group-4E9630327F99:LeaderElection41] INFO  server.RaftServerConfigKeys (ConfUtils.java:logGet(43)) - raft.server.rpc.sleep.time = 25ms (default)
2019-09-25 07:21:08,512 [3176e44e-2b1b-466b-9a7b-9faa8a8c6db1@group-4E9630327F99:LeaderElection41] INFO  server.RaftServerConfigKeys (ConfUtils.java:logGet(43)) - raft.server.write.element-limit = 4096 (default)
2019-09-25 07:21:08,512 [3176e44e-2b1b-466b-9a7b-9faa8a8c6db1@group-4E9630327F99:LeaderElection41] INFO  server.RaftServerConfigKeys (ConfUtils.java:logGet(43)) - raft.server.watch.timeout = 10s (default)
2019-09-25 07:21:08,512 [3176e44e-2b1b-466b-9a7b-9faa8a8c6db1@group-4E9630327F99:LeaderElection41] INFO  server.RaftServerConfigKeys (ConfUtils.java:logGet(43)) - raft.server.watch.timeout.denomination = 1s (default)
2019-09-25 07:21:08,513 [3176e44e-2b1b-466b-9a7b-9faa8a8c6db1@group-4E9630327F99:LeaderElection41] INFO  server.RaftServerConfigKeys (ConfUtils.java:logGet(43)) - raft.server.watch.element-limit = 65536 (default)
2019-09-25 07:21:08,516 [3176e44e-2b1b-466b-9a7b-9faa8a8c6db1@group-4E9630327F99:LeaderElection41] INFO  impl.RoleInfo (RoleInfo.java:updateAndGet(143)) - 3176e44e-2b1b-466b-9a7b-9faa8a8c6db1: start LeaderState
2019-09-25 07:21:08,516 [3176e44e-2b1b-466b-9a7b-9faa8a8c6db1@group-4E9630327F99:LeaderElection41] INFO  segmented.SegmentedRaftLogWorker (SegmentedRaftLogWorker.java:startLogSegment(380)) - 3176e44e-2b1b-466b-9a7b-9faa8a8c6db1@group-4E9630327F99-SegmentedRaftLogWorker: Starting segment from index:0
2019-09-25 07:21:08,517 [3176e44e-2b1b-466b-9a7b-9faa8a8c6db1@group-4E9630327F99:LeaderElection41] INFO  impl.RaftServerImpl (ServerState.java:setRaftConf(354)) - 3176e44e-2b1b-466b-9a7b-9faa8a8c6db1@group-4E9630327F99: set configuration 0: [3176e44e-2b1b-466b-9a7b-9faa8a8c6db1:192.168.30.10:43320], old=null at 0
2019-09-25 07:21:08,535 [Thread-414] INFO  impl.FollowerState (FollowerState.java:run(106)) - b05de815-ed09-4765-b576-c9e1c2f65196:group-84EC0D41BB0F changes to CANDIDATE, lastRpcTime:5144, electionTimeout:5144ms
2019-09-25 07:21:08,535 [Thread-414] INFO  impl.RoleInfo (RoleInfo.java:shutdownFollowerState(121)) - b05de815-ed09-4765-b576-c9e1c2f65196: shutdown FollowerState
2019-09-25 07:21:08,535 [Thread-414] INFO  impl.RaftServerImpl (RaftServerImpl.java:setRole(174)) - b05de815-ed09-4765-b576-c9e1c2f65196@group-84EC0D41BB0F: changes role from  FOLLOWER to CANDIDATE at term 0 for changeToCandidate
2019-09-25 07:21:08,536 [Thread-414] INFO  impl.RoleInfo (RoleInfo.java:updateAndGet(143)) - b05de815-ed09-4765-b576-c9e1c2f65196: start LeaderElection
2019-09-25 07:21:08,538 [Thread-417] INFO  impl.FollowerState (FollowerState.java:run(106)) - 3ed290a7-a21d-4e57-957f-efca320df8bc:group-77F5BBED0080 changes to CANDIDATE, lastRpcTime:5087, electionTimeout:5087ms
2019-09-25 07:21:08,538 [Thread-417] INFO  impl.RoleInfo (RoleInfo.java:shutdownFollowerState(121)) - 3ed290a7-a21d-4e57-957f-efca320df8bc: shutdown FollowerState
2019-09-25 07:21:08,538 [Thread-417] INFO  impl.RaftServerImpl (RaftServerImpl.java:setRole(174)) - 3ed290a7-a21d-4e57-957f-efca320df8bc@group-77F5BBED0080: changes role from  FOLLOWER to CANDIDATE at term 0 for changeToCandidate
2019-09-25 07:21:08,538 [Thread-417] INFO  impl.RoleInfo (RoleInfo.java:updateAndGet(143)) - 3ed290a7-a21d-4e57-957f-efca320df8bc: start LeaderElection
2019-09-25 07:21:08,562 [3ed290a7-a21d-4e57-957f-efca320df8bc@group-77F5BBED0080:LeaderElection43] INFO  impl.LeaderElection (LeaderElection.java:askForVotes(182)) - 3ed290a7-a21d-4e57-957f-efca320df8bc@group-77F5BBED0080:LeaderElection43: begin an election at term 1 for -1: [3ed290a7-a21d-4e57-957f-efca320df8bc:192.168.30.10:43596], old=null
2019-09-25 07:21:08,562 [b05de815-ed09-4765-b576-c9e1c2f65196@group-84EC0D41BB0F:LeaderElection42] INFO  impl.LeaderElection (LeaderElection.java:askForVotes(182)) - b05de815-ed09-4765-b576-c9e1c2f65196@group-84EC0D41BB0F:LeaderElection42: begin an election at term 1 for -1: [b05de815-ed09-4765-b576-c9e1c2f65196:192.168.30.10:36348], old=null
2019-09-25 07:21:08,562 [3ed290a7-a21d-4e57-957f-efca320df8bc@group-77F5BBED0080:LeaderElection43] INFO  impl.RoleInfo (RoleInfo.java:shutdownLeaderElection(134)) - 3ed290a7-a21d-4e57-957f-efca320df8bc: shutdown LeaderElection
2019-09-25 07:21:08,563 [b05de815-ed09-4765-b576-c9e1c2f65196@group-84EC0D41BB0F:LeaderElection42] INFO  impl.RoleInfo (RoleInfo.java:shutdownLeaderElection(134)) - b05de815-ed09-4765-b576-c9e1c2f65196: shutdown LeaderElection
2019-09-25 07:21:08,563 [3ed290a7-a21d-4e57-957f-efca320df8bc@group-77F5BBED0080:LeaderElection43] INFO  impl.RaftServerImpl (RaftServerImpl.java:setRole(174)) - 3ed290a7-a21d-4e57-957f-efca320df8bc@group-77F5BBED0080: changes role from CANDIDATE to LEADER at term 1 for changeToLeader
2019-09-25 07:21:08,563 [b05de815-ed09-4765-b576-c9e1c2f65196@group-84EC0D41BB0F:LeaderElection42] INFO  impl.RaftServerImpl (RaftServerImpl.java:setRole(174)) - b05de815-ed09-4765-b576-c9e1c2f65196@group-84EC0D41BB0F: changes role from CANDIDATE to LEADER at term 1 for changeToLeader
2019-09-25 07:21:08,563 [3ed290a7-a21d-4e57-957f-efca320df8bc@group-77F5BBED0080:LeaderElection43] INFO  impl.RaftServerImpl (ServerState.java:setLeader(253)) - 3ed290a7-a21d-4e57-957f-efca320df8bc@group-77F5BBED0080: change Leader from null to 3ed290a7-a21d-4e57-957f-efca320df8bc at term 1 for becomeLeader, leader elected after 5118ms
2019-09-25 07:21:08,563 [b05de815-ed09-4765-b576-c9e1c2f65196@group-84EC0D41BB0F:LeaderElection42] INFO  impl.RaftServerImpl (ServerState.java:setLeader(253)) - b05de815-ed09-4765-b576-c9e1c2f65196@group-84EC0D41BB0F: change Leader from null to b05de815-ed09-4765-b576-c9e1c2f65196 at term 1 for becomeLeader, leader elected after 5179ms
2019-09-25 07:21:08,563 [3ed290a7-a21d-4e57-957f-efca320df8bc@group-77F5BBED0080:LeaderElection43] INFO  server.RaftServerConfigKeys (ConfUtils.java:logGet(43)) - raft.server.staging.catchup.gap = 1000 (default)
2019-09-25 07:21:08,563 [b05de815-ed09-4765-b576-c9e1c2f65196@group-84EC0D41BB0F:LeaderElection42] INFO  server.RaftServerConfigKeys (ConfUtils.java:logGet(43)) - raft.server.staging.catchup.gap = 1000 (default)
2019-09-25 07:21:08,563 [3ed290a7-a21d-4e57-957f-efca320df8bc@group-77F5BBED0080:LeaderElection43] INFO  server.RaftServerConfigKeys (ConfUtils.java:logGet(43)) - raft.server.rpc.sleep.time = 25ms (default)
2019-09-25 07:21:08,564 [b05de815-ed09-4765-b576-c9e1c2f65196@group-84EC0D41BB0F:LeaderElection42] INFO  server.RaftServerConfigKeys (ConfUtils.java:logGet(43)) - raft.server.rpc.sleep.time = 25ms (default)
2019-09-25 07:21:08,564 [3176e44e-2b1b-466b-9a7b-9faa8a8c6db1@group-4E9630327F99-SegmentedRaftLogWorker] INFO  segmented.SegmentedRaftLogWorker (SegmentedRaftLogWorker.java:execute(569)) - 3176e44e-2b1b-466b-9a7b-9faa8a8c6db1@group-4E9630327F99-SegmentedRaftLogWorker: created new log segment /workdir/hadoop-ozone/ozonefs/target/test-dir/MiniOzoneClusterImpl-48169ae4-fc36-4fd4-bc0e-7a80f7e832d4/datanode-6/data/ratis/733b8e3d-5d5c-4c49-8506-4e9630327f99/current/log_inprogress_0
2019-09-25 07:21:08,564 [b05de815-ed09-4765-b576-c9e1c2f65196@group-84EC0D41BB0F:LeaderElection42] INFO  server.RaftServerConfigKeys (ConfUtils.java:logGet(43)) - raft.server.write.element-limit = 4096 (default)
2019-09-25 07:21:08,564 [3ed290a7-a21d-4e57-957f-efca320df8bc@group-77F5BBED0080:LeaderElection43] INFO  server.RaftServerConfigKeys (ConfUtils.java:logGet(43)) - raft.server.write.element-limit = 4096 (default)
2019-09-25 07:21:08,564 [b05de815-ed09-4765-b576-c9e1c2f65196@group-84EC0D41BB0F:LeaderElection42] INFO  server.RaftServerConfigKeys (ConfUtils.java:logGet(43)) - raft.server.watch.timeout = 10s (default)
2019-09-25 07:21:08,564 [3ed290a7-a21d-4e57-957f-efca320df8bc@group-77F5BBED0080:LeaderElection43] INFO  server.RaftServerConfigKeys (ConfUtils.java:logGet(43)) - raft.server.watch.timeout = 10s (default)
2019-09-25 07:21:08,564 [b05de815-ed09-4765-b576-c9e1c2f65196@group-84EC0D41BB0F:LeaderElection42] INFO  server.RaftServerConfigKeys (ConfUtils.java:logGet(43)) - raft.server.watch.timeout.denomination = 1s (default)
2019-09-25 07:21:08,564 [3ed290a7-a21d-4e57-957f-efca320df8bc@group-77F5BBED0080:LeaderElection43] INFO  server.RaftServerConfigKeys (ConfUtils.java:logGet(43)) - raft.server.watch.timeout.denomination = 1s (default)
2019-09-25 07:21:08,565 [b05de815-ed09-4765-b576-c9e1c2f65196@group-84EC0D41BB0F:LeaderElection42] INFO  server.RaftServerConfigKeys (ConfUtils.java:logGet(43)) - raft.server.watch.element-limit = 65536 (default)
2019-09-25 07:21:08,565 [3ed290a7-a21d-4e57-957f-efca320df8bc@group-77F5BBED0080:LeaderElection43] INFO  server.RaftServerConfigKeys (ConfUtils.java:logGet(43)) - raft.server.watch.element-limit = 65536 (default)
2019-09-25 07:21:08,568 [b05de815-ed09-4765-b576-c9e1c2f65196@group-84EC0D41BB0F:LeaderElection42] INFO  impl.RoleInfo (RoleInfo.java:updateAndGet(143)) - b05de815-ed09-4765-b576-c9e1c2f65196: start LeaderState
2019-09-25 07:21:08,568 [b05de815-ed09-4765-b576-c9e1c2f65196@group-84EC0D41BB0F:LeaderElection42] INFO  segmented.SegmentedRaftLogWorker (SegmentedRaftLogWorker.java:startLogSegment(380)) - b05de815-ed09-4765-b576-c9e1c2f65196@group-84EC0D41BB0F-SegmentedRaftLogWorker: Starting segment from index:0
2019-09-25 07:21:08,568 [3ed290a7-a21d-4e57-957f-efca320df8bc@group-77F5BBED0080:LeaderElection43] INFO  impl.RoleInfo (RoleInfo.java:updateAndGet(143)) - 3ed290a7-a21d-4e57-957f-efca320df8bc: start LeaderState
2019-09-25 07:21:08,569 [3ed290a7-a21d-4e57-957f-efca320df8bc@group-77F5BBED0080:LeaderElection43] INFO  segmented.SegmentedRaftLogWorker (SegmentedRaftLogWorker.java:startLogSegment(380)) - 3ed290a7-a21d-4e57-957f-efca320df8bc@group-77F5BBED0080-SegmentedRaftLogWorker: Starting segment from index:0
2019-09-25 07:21:08,569 [b05de815-ed09-4765-b576-c9e1c2f65196@group-84EC0D41BB0F:LeaderElection42] INFO  impl.RaftServerImpl (ServerState.java:setRaftConf(354)) - b05de815-ed09-4765-b576-c9e1c2f65196@group-84EC0D41BB0F: set configuration 0: [b05de815-ed09-4765-b576-c9e1c2f65196:192.168.30.10:36348], old=null at 0
2019-09-25 07:21:08,570 [3ed290a7-a21d-4e57-957f-efca320df8bc@group-77F5BBED0080:LeaderElection43] INFO  impl.RaftServerImpl (ServerState.java:setRaftConf(354)) - 3ed290a7-a21d-4e57-957f-efca320df8bc@group-77F5BBED0080: set configuration 0: [3ed290a7-a21d-4e57-957f-efca320df8bc:192.168.30.10:43596], old=null at 0
2019-09-25 07:21:08,613 [3ed290a7-a21d-4e57-957f-efca320df8bc@group-77F5BBED0080-SegmentedRaftLogWorker] INFO  segmented.SegmentedRaftLogWorker (SegmentedRaftLogWorker.java:execute(569)) - 3ed290a7-a21d-4e57-957f-efca320df8bc@group-77F5BBED0080-SegmentedRaftLogWorker: created new log segment /workdir/hadoop-ozone/ozonefs/target/test-dir/MiniOzoneClusterImpl-48169ae4-fc36-4fd4-bc0e-7a80f7e832d4/datanode-7/data/ratis/8bdb03d6-7981-48b6-84be-77f5bbed0080/current/log_inprogress_0
2019-09-25 07:21:08,613 [b05de815-ed09-4765-b576-c9e1c2f65196@group-84EC0D41BB0F-SegmentedRaftLogWorker] INFO  segmented.SegmentedRaftLogWorker (SegmentedRaftLogWorker.java:execute(569)) - b05de815-ed09-4765-b576-c9e1c2f65196@group-84EC0D41BB0F-SegmentedRaftLogWorker: created new log segment /workdir/hadoop-ozone/ozonefs/target/test-dir/MiniOzoneClusterImpl-48169ae4-fc36-4fd4-bc0e-7a80f7e832d4/datanode-0/data/ratis/b7070f91-e8cb-490e-bf9a-84ec0d41bb0f/current/log_inprogress_0
2019-09-25 07:21:08,629 [Thread-423] INFO  impl.FollowerState (FollowerState.java:run(106)) - 6bc56785-b354-47d6-aaaa-aea62bb8d052:group-5AA42C938A01 changes to CANDIDATE, lastRpcTime:5082, electionTimeout:5082ms
2019-09-25 07:21:08,630 [Thread-426] INFO  impl.FollowerState (FollowerState.java:run(106)) - 988e4f02-2728-4d94-a25f-5554bec3cdd7:group-B6AAD5FC39DC changes to CANDIDATE, lastRpcTime:5038, electionTimeout:5038ms
2019-09-25 07:21:08,630 [Thread-423] INFO  impl.RoleInfo (RoleInfo.java:shutdownFollowerState(121)) - 6bc56785-b354-47d6-aaaa-aea62bb8d052: shutdown FollowerState
2019-09-25 07:21:08,630 [Thread-426] INFO  impl.RoleInfo (RoleInfo.java:shutdownFollowerState(121)) - 988e4f02-2728-4d94-a25f-5554bec3cdd7: shutdown FollowerState
2019-09-25 07:21:08,630 [Thread-423] INFO  impl.RaftServerImpl (RaftServerImpl.java:setRole(174)) - 6bc56785-b354-47d6-aaaa-aea62bb8d052@group-5AA42C938A01: changes role from  FOLLOWER to CANDIDATE at term 0 for changeToCandidate
2019-09-25 07:21:08,630 [Thread-426] INFO  impl.RaftServerImpl (RaftServerImpl.java:setRole(174)) - 988e4f02-2728-4d94-a25f-5554bec3cdd7@group-B6AAD5FC39DC: changes role from  FOLLOWER to CANDIDATE at term 0 for changeToCandidate
2019-09-25 07:21:08,630 [Thread-423] INFO  impl.RoleInfo (RoleInfo.java:updateAndGet(143)) - 6bc56785-b354-47d6-aaaa-aea62bb8d052: start LeaderElection
2019-09-25 07:21:08,630 [Thread-426] INFO  impl.RoleInfo (RoleInfo.java:updateAndGet(143)) - 988e4f02-2728-4d94-a25f-5554bec3cdd7: start LeaderElection
2019-09-25 07:21:08,646 [Thread-420] INFO  impl.FollowerState (FollowerState.java:run(106)) - f5d629fd-ecfe-43ee-9421-b64933e3fd75:group-4A287AF05AE2 changes to CANDIDATE, lastRpcTime:5147, electionTimeout:5147ms
2019-09-25 07:21:08,646 [Thread-420] INFO  impl.RoleInfo (RoleInfo.java:shutdownFollowerState(121)) - f5d629fd-ecfe-43ee-9421-b64933e3fd75: shutdown FollowerState
2019-09-25 07:21:08,646 [Thread-420] INFO  impl.RaftServerImpl (RaftServerImpl.java:setRole(174)) - f5d629fd-ecfe-43ee-9421-b64933e3fd75@group-4A287AF05AE2: changes role from  FOLLOWER to CANDIDATE at term 0 for changeToCandidate
2019-09-25 07:21:08,647 [Thread-420] INFO  impl.RoleInfo (RoleInfo.java:updateAndGet(143)) - f5d629fd-ecfe-43ee-9421-b64933e3fd75: start LeaderElection
2019-09-25 07:21:08,655 [Thread-429] INFO  impl.FollowerState (FollowerState.java:run(106)) - 790994da-c556-4bb6-9860-e4bcd35fb518:group-D3E4F26F1BA5 changes to CANDIDATE, lastRpcTime:5003, electionTimeout:5002ms
2019-09-25 07:21:08,656 [Thread-429] INFO  impl.RoleInfo (RoleInfo.java:shutdownFollowerState(121)) - 790994da-c556-4bb6-9860-e4bcd35fb518: shutdown FollowerState
2019-09-25 07:21:08,656 [Thread-429] INFO  impl.RaftServerImpl (RaftServerImpl.java:setRole(174)) - 790994da-c556-4bb6-9860-e4bcd35fb518@group-D3E4F26F1BA5: changes role from  FOLLOWER to CANDIDATE at term 0 for changeToCandidate
2019-09-25 07:21:08,656 [Thread-429] INFO  impl.RoleInfo (RoleInfo.java:updateAndGet(143)) - 790994da-c556-4bb6-9860-e4bcd35fb518: start LeaderElection
2019-09-25 07:21:08,657 [6bc56785-b354-47d6-aaaa-aea62bb8d052@group-5AA42C938A01:LeaderElection44] INFO  impl.LeaderElection (LeaderElection.java:askForVotes(182)) - 6bc56785-b354-47d6-aaaa-aea62bb8d052@group-5AA42C938A01:LeaderElection44: begin an election at term 1 for -1: [6bc56785-b354-47d6-aaaa-aea62bb8d052:192.168.30.10:40140], old=null
2019-09-25 07:21:08,657 [988e4f02-2728-4d94-a25f-5554bec3cdd7@group-B6AAD5FC39DC:LeaderElection45] INFO  impl.LeaderElection (LeaderElection.java:askForVotes(182)) - 988e4f02-2728-4d94-a25f-5554bec3cdd7@group-B6AAD5FC39DC:LeaderElection45: begin an election at term 1 for -1: [988e4f02-2728-4d94-a25f-5554bec3cdd7:192.168.30.10:32885], old=null
2019-09-25 07:21:08,657 [6bc56785-b354-47d6-aaaa-aea62bb8d052@group-5AA42C938A01:LeaderElection44] INFO  impl.RoleInfo (RoleInfo.java:shutdownLeaderElection(134)) - 6bc56785-b354-47d6-aaaa-aea62bb8d052: shutdown LeaderElection
2019-09-25 07:21:08,657 [988e4f02-2728-4d94-a25f-5554bec3cdd7@group-B6AAD5FC39DC:LeaderElection45] INFO  impl.RoleInfo (RoleInfo.java:shutdownLeaderElection(134)) - 988e4f02-2728-4d94-a25f-5554bec3cdd7: shutdown LeaderElection
2019-09-25 07:21:08,657 [6bc56785-b354-47d6-aaaa-aea62bb8d052@group-5AA42C938A01:LeaderElection44] INFO  impl.RaftServerImpl (RaftServerImpl.java:setRole(174)) - 6bc56785-b354-47d6-aaaa-aea62bb8d052@group-5AA42C938A01: changes role from CANDIDATE to LEADER at term 1 for changeToLeader
2019-09-25 07:21:08,657 [988e4f02-2728-4d94-a25f-5554bec3cdd7@group-B6AAD5FC39DC:LeaderElection45] INFO  impl.RaftServerImpl (RaftServerImpl.java:setRole(174)) - 988e4f02-2728-4d94-a25f-5554bec3cdd7@group-B6AAD5FC39DC: changes role from CANDIDATE to LEADER at term 1 for changeToLeader
2019-09-25 07:21:08,657 [6bc56785-b354-47d6-aaaa-aea62bb8d052@group-5AA42C938A01:LeaderElection44] INFO  impl.RaftServerImpl (ServerState.java:setLeader(253)) - 6bc56785-b354-47d6-aaaa-aea62bb8d052@group-5AA42C938A01: change Leader from null to 6bc56785-b354-47d6-aaaa-aea62bb8d052 at term 1 for becomeLeader, leader elected after 5117ms
2019-09-25 07:21:08,658 [988e4f02-2728-4d94-a25f-5554bec3cdd7@group-B6AAD5FC39DC:LeaderElection45] INFO  impl.RaftServerImpl (ServerState.java:setLeader(253)) - 988e4f02-2728-4d94-a25f-5554bec3cdd7@group-B6AAD5FC39DC: change Leader from null to 988e4f02-2728-4d94-a25f-5554bec3cdd7 at term 1 for becomeLeader, leader elected after 5072ms
2019-09-25 07:21:08,658 [6bc56785-b354-47d6-aaaa-aea62bb8d052@group-5AA42C938A01:LeaderElection44] INFO  server.RaftServerConfigKeys (ConfUtils.java:logGet(43)) - raft.server.staging.catchup.gap = 1000 (default)
2019-09-25 07:21:08,658 [988e4f02-2728-4d94-a25f-5554bec3cdd7@group-B6AAD5FC39DC:LeaderElection45] INFO  server.RaftServerConfigKeys (ConfUtils.java:logGet(43)) - raft.server.staging.catchup.gap = 1000 (default)
2019-09-25 07:21:08,658 [6bc56785-b354-47d6-aaaa-aea62bb8d052@group-5AA42C938A01:LeaderElection44] INFO  server.RaftServerConfigKeys (ConfUtils.java:logGet(43)) - raft.server.rpc.sleep.time = 25ms (default)
2019-09-25 07:21:08,658 [988e4f02-2728-4d94-a25f-5554bec3cdd7@group-B6AAD5FC39DC:LeaderElection45] INFO  server.RaftServerConfigKeys (ConfUtils.java:logGet(43)) - raft.server.rpc.sleep.time = 25ms (default)
2019-09-25 07:21:08,658 [6bc56785-b354-47d6-aaaa-aea62bb8d052@group-5AA42C938A01:LeaderElection44] INFO  server.RaftServerConfigKeys (ConfUtils.java:logGet(43)) - raft.server.write.element-limit = 4096 (default)
2019-09-25 07:21:08,658 [988e4f02-2728-4d94-a25f-5554bec3cdd7@group-B6AAD5FC39DC:LeaderElection45] INFO  server.RaftServerConfigKeys (ConfUtils.java:logGet(43)) - raft.server.write.element-limit = 4096 (default)
2019-09-25 07:21:08,658 [6bc56785-b354-47d6-aaaa-aea62bb8d052@group-5AA42C938A01:LeaderElection44] INFO  server.RaftServerConfigKeys (ConfUtils.java:logGet(43)) - raft.server.watch.timeout = 10s (default)
2019-09-25 07:21:08,658 [988e4f02-2728-4d94-a25f-5554bec3cdd7@group-B6AAD5FC39DC:LeaderElection45] INFO  server.RaftServerConfigKeys (ConfUtils.java:logGet(43)) - raft.server.watch.timeout = 10s (default)
2019-09-25 07:21:08,659 [6bc56785-b354-47d6-aaaa-aea62bb8d052@group-5AA42C938A01:LeaderElection44] INFO  server.RaftServerConfigKeys (ConfUtils.java:logGet(43)) - raft.server.watch.timeout.denomination = 1s (default)
2019-09-25 07:21:08,659 [988e4f02-2728-4d94-a25f-5554bec3cdd7@group-B6AAD5FC39DC:LeaderElection45] INFO  server.RaftServerConfigKeys (ConfUtils.java:logGet(43)) - raft.server.watch.timeout.denomination = 1s (default)
2019-09-25 07:21:08,659 [f5d629fd-ecfe-43ee-9421-b64933e3fd75@group-4A287AF05AE2:LeaderElection46] INFO  impl.LeaderElection (LeaderElection.java:askForVotes(182)) - f5d629fd-ecfe-43ee-9421-b64933e3fd75@group-4A287AF05AE2:LeaderElection46: begin an election at term 1 for -1: [f5d629fd-ecfe-43ee-9421-b64933e3fd75:192.168.30.10:37985], old=null
2019-09-25 07:21:08,659 [6bc56785-b354-47d6-aaaa-aea62bb8d052@group-5AA42C938A01:LeaderElection44] INFO  server.RaftServerConfigKeys (ConfUtils.java:logGet(43)) - raft.server.watch.element-limit = 65536 (default)
2019-09-25 07:21:08,659 [f5d629fd-ecfe-43ee-9421-b64933e3fd75@group-4A287AF05AE2:LeaderElection46] INFO  impl.RoleInfo (RoleInfo.java:shutdownLeaderElection(134)) - f5d629fd-ecfe-43ee-9421-b64933e3fd75: shutdown LeaderElection
2019-09-25 07:21:08,659 [988e4f02-2728-4d94-a25f-5554bec3cdd7@group-B6AAD5FC39DC:LeaderElection45] INFO  server.RaftServerConfigKeys (ConfUtils.java:logGet(43)) - raft.server.watch.element-limit = 65536 (default)
2019-09-25 07:21:08,659 [f5d629fd-ecfe-43ee-9421-b64933e3fd75@group-4A287AF05AE2:LeaderElection46] INFO  impl.RaftServerImpl (RaftServerImpl.java:setRole(174)) - f5d629fd-ecfe-43ee-9421-b64933e3fd75@group-4A287AF05AE2: changes role from CANDIDATE to LEADER at term 1 for changeToLeader
2019-09-25 07:21:08,659 [f5d629fd-ecfe-43ee-9421-b64933e3fd75@group-4A287AF05AE2:LeaderElection46] INFO  impl.RaftServerImpl (ServerState.java:setLeader(253)) - f5d629fd-ecfe-43ee-9421-b64933e3fd75@group-4A287AF05AE2: change Leader from null to f5d629fd-ecfe-43ee-9421-b64933e3fd75 at term 1 for becomeLeader, leader elected after 5168ms
2019-09-25 07:21:08,660 [f5d629fd-ecfe-43ee-9421-b64933e3fd75@group-4A287AF05AE2:LeaderElection46] INFO  server.RaftServerConfigKeys (ConfUtils.java:logGet(43)) - raft.server.staging.catchup.gap = 1000 (default)
2019-09-25 07:21:08,660 [f5d629fd-ecfe-43ee-9421-b64933e3fd75@group-4A287AF05AE2:LeaderElection46] INFO  server.RaftServerConfigKeys (ConfUtils.java:logGet(43)) - raft.server.rpc.sleep.time = 25ms (default)
2019-09-25 07:21:08,660 [f5d629fd-ecfe-43ee-9421-b64933e3fd75@group-4A287AF05AE2:LeaderElection46] INFO  server.RaftServerConfigKeys (ConfUtils.java:logGet(43)) - raft.server.write.element-limit = 4096 (default)
2019-09-25 07:21:08,660 [f5d629fd-ecfe-43ee-9421-b64933e3fd75@group-4A287AF05AE2:LeaderElection46] INFO  server.RaftServerConfigKeys (ConfUtils.java:logGet(43)) - raft.server.watch.timeout = 10s (default)
2019-09-25 07:21:08,660 [f5d629fd-ecfe-43ee-9421-b64933e3fd75@group-4A287AF05AE2:LeaderElection46] INFO  server.RaftServerConfigKeys (ConfUtils.java:logGet(43)) - raft.server.watch.timeout.denomination = 1s (default)
2019-09-25 07:21:08,660 [f5d629fd-ecfe-43ee-9421-b64933e3fd75@group-4A287AF05AE2:LeaderElection46] INFO  server.RaftServerConfigKeys (ConfUtils.java:logGet(43)) - raft.server.watch.element-limit = 65536 (default)
2019-09-25 07:21:08,675 [790994da-c556-4bb6-9860-e4bcd35fb518@group-D3E4F26F1BA5:LeaderElection47] INFO  impl.LeaderElection (LeaderElection.java:askForVotes(182)) - 790994da-c556-4bb6-9860-e4bcd35fb518@group-D3E4F26F1BA5:LeaderElection47: begin an election at term 1 for -1: [790994da-c556-4bb6-9860-e4bcd35fb518:192.168.30.10:42560], old=null
2019-09-25 07:21:08,680 [790994da-c556-4bb6-9860-e4bcd35fb518@group-D3E4F26F1BA5:LeaderElection47] INFO  impl.RoleInfo (RoleInfo.java:shutdownLeaderElection(134)) - 790994da-c556-4bb6-9860-e4bcd35fb518: shutdown LeaderElection
2019-09-25 07:21:08,680 [790994da-c556-4bb6-9860-e4bcd35fb518@group-D3E4F26F1BA5:LeaderElection47] INFO  impl.RaftServerImpl (RaftServerImpl.java:setRole(174)) - 790994da-c556-4bb6-9860-e4bcd35fb518@group-D3E4F26F1BA5: changes role from CANDIDATE to LEADER at term 1 for changeToLeader
2019-09-25 07:21:08,680 [790994da-c556-4bb6-9860-e4bcd35fb518@group-D3E4F26F1BA5:LeaderElection47] INFO  impl.RaftServerImpl (ServerState.java:setLeader(253)) - 790994da-c556-4bb6-9860-e4bcd35fb518@group-D3E4F26F1BA5: change Leader from null to 790994da-c556-4bb6-9860-e4bcd35fb518 at term 1 for becomeLeader, leader elected after 5034ms
2019-09-25 07:21:08,680 [6bc56785-b354-47d6-aaaa-aea62bb8d052@group-5AA42C938A01:LeaderElection44] INFO  impl.RoleInfo (RoleInfo.java:updateAndGet(143)) - 6bc56785-b354-47d6-aaaa-aea62bb8d052: start LeaderState
2019-09-25 07:21:08,680 [790994da-c556-4bb6-9860-e4bcd35fb518@group-D3E4F26F1BA5:LeaderElection47] INFO  server.RaftServerConfigKeys (ConfUtils.java:logGet(43)) - raft.server.staging.catchup.gap = 1000 (default)
2019-09-25 07:21:08,680 [790994da-c556-4bb6-9860-e4bcd35fb518@group-D3E4F26F1BA5:LeaderElection47] INFO  server.RaftServerConfigKeys (ConfUtils.java:logGet(43)) - raft.server.rpc.sleep.time = 25ms (default)
2019-09-25 07:21:08,680 [6bc56785-b354-47d6-aaaa-aea62bb8d052@group-5AA42C938A01:LeaderElection44] INFO  segmented.SegmentedRaftLogWorker (SegmentedRaftLogWorker.java:startLogSegment(380)) - 6bc56785-b354-47d6-aaaa-aea62bb8d052@group-5AA42C938A01-SegmentedRaftLogWorker: Starting segment from index:0
2019-09-25 07:21:08,681 [790994da-c556-4bb6-9860-e4bcd35fb518@group-D3E4F26F1BA5:LeaderElection47] INFO  server.RaftServerConfigKeys (ConfUtils.java:logGet(43)) - raft.server.write.element-limit = 4096 (default)
2019-09-25 07:21:08,681 [790994da-c556-4bb6-9860-e4bcd35fb518@group-D3E4F26F1BA5:LeaderElection47] INFO  server.RaftServerConfigKeys (ConfUtils.java:logGet(43)) - raft.server.watch.timeout = 10s (default)
2019-09-25 07:21:08,681 [988e4f02-2728-4d94-a25f-5554bec3cdd7@group-B6AAD5FC39DC:LeaderElection45] INFO  impl.RoleInfo (RoleInfo.java:updateAndGet(143)) - 988e4f02-2728-4d94-a25f-5554bec3cdd7: start LeaderState
2019-09-25 07:21:08,681 [790994da-c556-4bb6-9860-e4bcd35fb518@group-D3E4F26F1BA5:LeaderElection47] INFO  server.RaftServerConfigKeys (ConfUtils.java:logGet(43)) - raft.server.watch.timeout.denomination = 1s (default)
2019-09-25 07:21:08,681 [f5d629fd-ecfe-43ee-9421-b64933e3fd75@group-4A287AF05AE2:LeaderElection46] INFO  impl.RoleInfo (RoleInfo.java:updateAndGet(143)) - f5d629fd-ecfe-43ee-9421-b64933e3fd75: start LeaderState
2019-09-25 07:21:08,681 [988e4f02-2728-4d94-a25f-5554bec3cdd7@group-B6AAD5FC39DC:LeaderElection45] INFO  segmented.SegmentedRaftLogWorker (SegmentedRaftLogWorker.java:startLogSegment(380)) - 988e4f02-2728-4d94-a25f-5554bec3cdd7@group-B6AAD5FC39DC-SegmentedRaftLogWorker: Starting segment from index:0
2019-09-25 07:21:08,681 [6bc56785-b354-47d6-aaaa-aea62bb8d052@group-5AA42C938A01:LeaderElection44] INFO  impl.RaftServerImpl (ServerState.java:setRaftConf(354)) - 6bc56785-b354-47d6-aaaa-aea62bb8d052@group-5AA42C938A01: set configuration 0: [6bc56785-b354-47d6-aaaa-aea62bb8d052:192.168.30.10:40140], old=null at 0
2019-09-25 07:21:08,681 [f5d629fd-ecfe-43ee-9421-b64933e3fd75@group-4A287AF05AE2:LeaderElection46] INFO  segmented.SegmentedRaftLogWorker (SegmentedRaftLogWorker.java:startLogSegment(380)) - f5d629fd-ecfe-43ee-9421-b64933e3fd75@group-4A287AF05AE2-SegmentedRaftLogWorker: Starting segment from index:0
2019-09-25 07:21:08,681 [790994da-c556-4bb6-9860-e4bcd35fb518@group-D3E4F26F1BA5:LeaderElection47] INFO  server.RaftServerConfigKeys (ConfUtils.java:logGet(43)) - raft.server.watch.element-limit = 65536 (default)
2019-09-25 07:21:08,682 [988e4f02-2728-4d94-a25f-5554bec3cdd7@group-B6AAD5FC39DC:LeaderElection45] INFO  impl.RaftServerImpl (ServerState.java:setRaftConf(354)) - 988e4f02-2728-4d94-a25f-5554bec3cdd7@group-B6AAD5FC39DC: set configuration 0: [988e4f02-2728-4d94-a25f-5554bec3cdd7:192.168.30.10:32885], old=null at 0
2019-09-25 07:21:08,682 [f5d629fd-ecfe-43ee-9421-b64933e3fd75@group-4A287AF05AE2:LeaderElection46] INFO  impl.RaftServerImpl (ServerState.java:setRaftConf(354)) - f5d629fd-ecfe-43ee-9421-b64933e3fd75@group-4A287AF05AE2: set configuration 0: [f5d629fd-ecfe-43ee-9421-b64933e3fd75:192.168.30.10:37985], old=null at 0
2019-09-25 07:21:08,684 [790994da-c556-4bb6-9860-e4bcd35fb518@group-D3E4F26F1BA5:LeaderElection47] INFO  impl.RoleInfo (RoleInfo.java:updateAndGet(143)) - 790994da-c556-4bb6-9860-e4bcd35fb518: start LeaderState
2019-09-25 07:21:08,684 [790994da-c556-4bb6-9860-e4bcd35fb518@group-D3E4F26F1BA5:LeaderElection47] INFO  segmented.SegmentedRaftLogWorker (SegmentedRaftLogWorker.java:startLogSegment(380)) - 790994da-c556-4bb6-9860-e4bcd35fb518@group-D3E4F26F1BA5-SegmentedRaftLogWorker: Starting segment from index:0
2019-09-25 07:21:08,684 [790994da-c556-4bb6-9860-e4bcd35fb518@group-D3E4F26F1BA5:LeaderElection47] INFO  impl.RaftServerImpl (ServerState.java:setRaftConf(354)) - 790994da-c556-4bb6-9860-e4bcd35fb518@group-D3E4F26F1BA5: set configuration 0: [790994da-c556-4bb6-9860-e4bcd35fb518:192.168.30.10:42560], old=null at 0
2019-09-25 07:21:08,730 [6bc56785-b354-47d6-aaaa-aea62bb8d052@group-5AA42C938A01-SegmentedRaftLogWorker] INFO  segmented.SegmentedRaftLogWorker (SegmentedRaftLogWorker.java:execute(569)) - 6bc56785-b354-47d6-aaaa-aea62bb8d052@group-5AA42C938A01-SegmentedRaftLogWorker: created new log segment /workdir/hadoop-ozone/ozonefs/target/test-dir/MiniOzoneClusterImpl-48169ae4-fc36-4fd4-bc0e-7a80f7e832d4/datanode-5/data/ratis/815ff00e-4234-4151-b739-5aa42c938a01/current/log_inprogress_0
2019-09-25 07:21:08,730 [f5d629fd-ecfe-43ee-9421-b64933e3fd75@group-4A287AF05AE2-SegmentedRaftLogWorker] INFO  segmented.SegmentedRaftLogWorker (SegmentedRaftLogWorker.java:execute(569)) - f5d629fd-ecfe-43ee-9421-b64933e3fd75@group-4A287AF05AE2-SegmentedRaftLogWorker: created new log segment /workdir/hadoop-ozone/ozonefs/target/test-dir/MiniOzoneClusterImpl-48169ae4-fc36-4fd4-bc0e-7a80f7e832d4/datanode-1/data/ratis/f610ef4a-261a-4ecc-b475-4a287af05ae2/current/log_inprogress_0
2019-09-25 07:21:08,730 [988e4f02-2728-4d94-a25f-5554bec3cdd7@group-B6AAD5FC39DC-SegmentedRaftLogWorker] INFO  segmented.SegmentedRaftLogWorker (SegmentedRaftLogWorker.java:execute(569)) - 988e4f02-2728-4d94-a25f-5554bec3cdd7@group-B6AAD5FC39DC-SegmentedRaftLogWorker: created new log segment /workdir/hadoop-ozone/ozonefs/target/test-dir/MiniOzoneClusterImpl-48169ae4-fc36-4fd4-bc0e-7a80f7e832d4/datanode-8/data/ratis/2d866f38-9a76-4da7-a176-b6aad5fc39dc/current/log_inprogress_0
2019-09-25 07:21:08,730 [790994da-c556-4bb6-9860-e4bcd35fb518@group-D3E4F26F1BA5-SegmentedRaftLogWorker] INFO  segmented.SegmentedRaftLogWorker (SegmentedRaftLogWorker.java:execute(569)) - 790994da-c556-4bb6-9860-e4bcd35fb518@group-D3E4F26F1BA5-SegmentedRaftLogWorker: created new log segment /workdir/hadoop-ozone/ozonefs/target/test-dir/MiniOzoneClusterImpl-48169ae4-fc36-4fd4-bc0e-7a80f7e832d4/datanode-3/data/ratis/f5ca92ba-5059-4420-8a44-d3e4f26f1ba5/current/log_inprogress_0
2019-09-25 07:21:08,842 [Thread-432] INFO  impl.FollowerState (FollowerState.java:run(106)) - 46f08633-29b5-4547-ba27-3aefda386aa8:group-4854031FBEFE changes to CANDIDATE, lastRpcTime:5142, electionTimeout:5142ms
2019-09-25 07:21:08,842 [Thread-432] INFO  impl.RoleInfo (RoleInfo.java:shutdownFollowerState(121)) - 46f08633-29b5-4547-ba27-3aefda386aa8: shutdown FollowerState
2019-09-25 07:21:08,842 [Thread-432] INFO  impl.RaftServerImpl (RaftServerImpl.java:setRole(174)) - 46f08633-29b5-4547-ba27-3aefda386aa8@group-4854031FBEFE: changes role from  FOLLOWER to CANDIDATE at term 0 for changeToCandidate
2019-09-25 07:21:08,843 [Thread-432] INFO  impl.RoleInfo (RoleInfo.java:updateAndGet(143)) - 46f08633-29b5-4547-ba27-3aefda386aa8: start LeaderElection
2019-09-25 07:21:08,857 [46f08633-29b5-4547-ba27-3aefda386aa8@group-4854031FBEFE:LeaderElection48] INFO  impl.LeaderElection (LeaderElection.java:askForVotes(182)) - 46f08633-29b5-4547-ba27-3aefda386aa8@group-4854031FBEFE:LeaderElection48: begin an election at term 1 for -1: [46f08633-29b5-4547-ba27-3aefda386aa8:192.168.30.10:40516], old=null
2019-09-25 07:21:08,857 [46f08633-29b5-4547-ba27-3aefda386aa8@group-4854031FBEFE:LeaderElection48] INFO  impl.RoleInfo (RoleInfo.java:shutdownLeaderElection(134)) - 46f08633-29b5-4547-ba27-3aefda386aa8: shutdown LeaderElection
2019-09-25 07:21:08,857 [46f08633-29b5-4547-ba27-3aefda386aa8@group-4854031FBEFE:LeaderElection48] INFO  impl.RaftServerImpl (RaftServerImpl.java:setRole(174)) - 46f08633-29b5-4547-ba27-3aefda386aa8@group-4854031FBEFE: changes role from CANDIDATE to LEADER at term 1 for changeToLeader
2019-09-25 07:21:08,858 [46f08633-29b5-4547-ba27-3aefda386aa8@group-4854031FBEFE:LeaderElection48] INFO  impl.RaftServerImpl (ServerState.java:setLeader(253)) - 46f08633-29b5-4547-ba27-3aefda386aa8@group-4854031FBEFE: change Leader from null to 46f08633-29b5-4547-ba27-3aefda386aa8 at term 1 for becomeLeader, leader elected after 5164ms
2019-09-25 07:21:08,858 [46f08633-29b5-4547-ba27-3aefda386aa8@group-4854031FBEFE:LeaderElection48] INFO  server.RaftServerConfigKeys (ConfUtils.java:logGet(43)) - raft.server.staging.catchup.gap = 1000 (default)
2019-09-25 07:21:08,858 [46f08633-29b5-4547-ba27-3aefda386aa8@group-4854031FBEFE:LeaderElection48] INFO  server.RaftServerConfigKeys (ConfUtils.java:logGet(43)) - raft.server.rpc.sleep.time = 25ms (default)
2019-09-25 07:21:08,858 [46f08633-29b5-4547-ba27-3aefda386aa8@group-4854031FBEFE:LeaderElection48] INFO  server.RaftServerConfigKeys (ConfUtils.java:logGet(43)) - raft.server.write.element-limit = 4096 (default)
2019-09-25 07:21:08,858 [46f08633-29b5-4547-ba27-3aefda386aa8@group-4854031FBEFE:LeaderElection48] INFO  server.RaftServerConfigKeys (ConfUtils.java:logGet(43)) - raft.server.watch.timeout = 10s (default)
2019-09-25 07:21:08,858 [46f08633-29b5-4547-ba27-3aefda386aa8@group-4854031FBEFE:LeaderElection48] INFO  server.RaftServerConfigKeys (ConfUtils.java:logGet(43)) - raft.server.watch.timeout.denomination = 1s (default)
2019-09-25 07:21:08,859 [46f08633-29b5-4547-ba27-3aefda386aa8@group-4854031FBEFE:LeaderElection48] INFO  server.RaftServerConfigKeys (ConfUtils.java:logGet(43)) - raft.server.watch.element-limit = 65536 (default)
2019-09-25 07:21:08,861 [46f08633-29b5-4547-ba27-3aefda386aa8@group-4854031FBEFE:LeaderElection48] INFO  impl.RoleInfo (RoleInfo.java:updateAndGet(143)) - 46f08633-29b5-4547-ba27-3aefda386aa8: start LeaderState
2019-09-25 07:21:08,862 [46f08633-29b5-4547-ba27-3aefda386aa8@group-4854031FBEFE:LeaderElection48] INFO  segmented.SegmentedRaftLogWorker (SegmentedRaftLogWorker.java:startLogSegment(380)) - 46f08633-29b5-4547-ba27-3aefda386aa8@group-4854031FBEFE-SegmentedRaftLogWorker: Starting segment from index:0
2019-09-25 07:21:08,862 [46f08633-29b5-4547-ba27-3aefda386aa8@group-4854031FBEFE:LeaderElection48] INFO  impl.RaftServerImpl (ServerState.java:setRaftConf(354)) - 46f08633-29b5-4547-ba27-3aefda386aa8@group-4854031FBEFE: set configuration 0: [46f08633-29b5-4547-ba27-3aefda386aa8:192.168.30.10:40516], old=null at 0
2019-09-25 07:21:08,893 [Thread-441] INFO  impl.FollowerState (FollowerState.java:run(106)) - f5d629fd-ecfe-43ee-9421-b64933e3fd75:group-52AF42B83BA9 changes to CANDIDATE, lastRpcTime:5067, electionTimeout:5067ms
2019-09-25 07:21:08,893 [Thread-441] INFO  impl.RoleInfo (RoleInfo.java:shutdownFollowerState(121)) - f5d629fd-ecfe-43ee-9421-b64933e3fd75: shutdown FollowerState
2019-09-25 07:21:08,893 [Thread-441] INFO  impl.RaftServerImpl (RaftServerImpl.java:setRole(174)) - f5d629fd-ecfe-43ee-9421-b64933e3fd75@group-52AF42B83BA9: changes role from  FOLLOWER to CANDIDATE at term 0 for changeToCandidate
2019-09-25 07:21:08,894 [Thread-441] INFO  impl.RoleInfo (RoleInfo.java:updateAndGet(143)) - f5d629fd-ecfe-43ee-9421-b64933e3fd75: start LeaderElection
2019-09-25 07:21:08,908 [46f08633-29b5-4547-ba27-3aefda386aa8@group-4854031FBEFE-SegmentedRaftLogWorker] INFO  segmented.SegmentedRaftLogWorker (SegmentedRaftLogWorker.java:execute(569)) - 46f08633-29b5-4547-ba27-3aefda386aa8@group-4854031FBEFE-SegmentedRaftLogWorker: created new log segment /workdir/hadoop-ozone/ozonefs/target/test-dir/MiniOzoneClusterImpl-48169ae4-fc36-4fd4-bc0e-7a80f7e832d4/datanode-2/data/ratis/cc9cc859-e24d-4a0c-952d-4854031fbefe/current/log_inprogress_0
2019-09-25 07:21:08,908 [f5d629fd-ecfe-43ee-9421-b64933e3fd75@group-52AF42B83BA9:LeaderElection49] INFO  impl.LeaderElection (LeaderElection.java:askForVotes(182)) - f5d629fd-ecfe-43ee-9421-b64933e3fd75@group-52AF42B83BA9:LeaderElection49: begin an election at term 1 for -1: [f5d629fd-ecfe-43ee-9421-b64933e3fd75:192.168.30.10:37985], old=null
2019-09-25 07:21:08,908 [f5d629fd-ecfe-43ee-9421-b64933e3fd75@group-52AF42B83BA9:LeaderElection49] INFO  impl.RoleInfo (RoleInfo.java:shutdownLeaderElection(134)) - f5d629fd-ecfe-43ee-9421-b64933e3fd75: shutdown LeaderElection
2019-09-25 07:21:08,908 [f5d629fd-ecfe-43ee-9421-b64933e3fd75@group-52AF42B83BA9:LeaderElection49] INFO  impl.RaftServerImpl (RaftServerImpl.java:setRole(174)) - f5d629fd-ecfe-43ee-9421-b64933e3fd75@group-52AF42B83BA9: changes role from CANDIDATE to LEADER at term 1 for changeToLeader
2019-09-25 07:21:08,908 [f5d629fd-ecfe-43ee-9421-b64933e3fd75@group-52AF42B83BA9:LeaderElection49] INFO  impl.RaftServerImpl (ServerState.java:setLeader(253)) - f5d629fd-ecfe-43ee-9421-b64933e3fd75@group-52AF42B83BA9: change Leader from null to f5d629fd-ecfe-43ee-9421-b64933e3fd75 at term 1 for becomeLeader, leader elected after 5087ms
2019-09-25 07:21:08,909 [f5d629fd-ecfe-43ee-9421-b64933e3fd75@group-52AF42B83BA9:LeaderElection49] INFO  server.RaftServerConfigKeys (ConfUtils.java:logGet(43)) - raft.server.staging.catchup.gap = 1000 (default)
2019-09-25 07:21:08,909 [f5d629fd-ecfe-43ee-9421-b64933e3fd75@group-52AF42B83BA9:LeaderElection49] INFO  server.RaftServerConfigKeys (ConfUtils.java:logGet(43)) - raft.server.rpc.sleep.time = 25ms (default)
2019-09-25 07:21:08,909 [f5d629fd-ecfe-43ee-9421-b64933e3fd75@group-52AF42B83BA9:LeaderElection49] INFO  server.RaftServerConfigKeys (ConfUtils.java:logGet(43)) - raft.server.write.element-limit = 4096 (default)
2019-09-25 07:21:08,909 [f5d629fd-ecfe-43ee-9421-b64933e3fd75@group-52AF42B83BA9:LeaderElection49] INFO  server.RaftServerConfigKeys (ConfUtils.java:logGet(43)) - raft.server.watch.timeout = 10s (default)
2019-09-25 07:21:08,909 [f5d629fd-ecfe-43ee-9421-b64933e3fd75@group-52AF42B83BA9:LeaderElection49] INFO  server.RaftServerConfigKeys (ConfUtils.java:logGet(43)) - raft.server.watch.timeout.denomination = 1s (default)
2019-09-25 07:21:08,910 [f5d629fd-ecfe-43ee-9421-b64933e3fd75@group-52AF42B83BA9:LeaderElection49] INFO  server.RaftServerConfigKeys (ConfUtils.java:logGet(43)) - raft.server.watch.element-limit = 65536 (default)
2019-09-25 07:21:08,913 [f5d629fd-ecfe-43ee-9421-b64933e3fd75@group-52AF42B83BA9:LeaderElection49] INFO  impl.RoleInfo (RoleInfo.java:updateAndGet(143)) - f5d629fd-ecfe-43ee-9421-b64933e3fd75: start LeaderState
2019-09-25 07:21:08,913 [f5d629fd-ecfe-43ee-9421-b64933e3fd75@group-52AF42B83BA9:LeaderElection49] INFO  segmented.SegmentedRaftLogWorker (SegmentedRaftLogWorker.java:startLogSegment(380)) - f5d629fd-ecfe-43ee-9421-b64933e3fd75@group-52AF42B83BA9-SegmentedRaftLogWorker: Starting segment from index:0
2019-09-25 07:21:08,914 [f5d629fd-ecfe-43ee-9421-b64933e3fd75@group-52AF42B83BA9:LeaderElection49] INFO  impl.RaftServerImpl (ServerState.java:setRaftConf(354)) - f5d629fd-ecfe-43ee-9421-b64933e3fd75@group-52AF42B83BA9: set configuration 0: [f5d629fd-ecfe-43ee-9421-b64933e3fd75:192.168.30.10:37985], old=null at 0
2019-09-25 07:21:08,929 [Thread-444] INFO  impl.FollowerState (FollowerState.java:run(106)) - 8c621658-b0ee-4cf2-b145-27cf4e621fee:group-ACE34E863572 changes to CANDIDATE, lastRpcTime:5061, electionTimeout:5061ms
2019-09-25 07:21:08,930 [Thread-444] INFO  impl.RoleInfo (RoleInfo.java:shutdownFollowerState(121)) - 8c621658-b0ee-4cf2-b145-27cf4e621fee: shutdown FollowerState
2019-09-25 07:21:08,930 [Thread-435] INFO  impl.FollowerState (FollowerState.java:run(106)) - b05de815-ed09-4765-b576-c9e1c2f65196:group-88B7FFB0E360 changes to CANDIDATE, lastRpcTime:5186, electionTimeout:5186ms
2019-09-25 07:21:08,930 [Thread-444] INFO  impl.RaftServerImpl (RaftServerImpl.java:setRole(174)) - 8c621658-b0ee-4cf2-b145-27cf4e621fee@group-ACE34E863572: changes role from  FOLLOWER to CANDIDATE at term 0 for changeToCandidate
2019-09-25 07:21:08,930 [Thread-435] INFO  impl.RoleInfo (RoleInfo.java:shutdownFollowerState(121)) - b05de815-ed09-4765-b576-c9e1c2f65196: shutdown FollowerState
2019-09-25 07:21:08,930 [Thread-444] INFO  impl.RoleInfo (RoleInfo.java:updateAndGet(143)) - 8c621658-b0ee-4cf2-b145-27cf4e621fee: start LeaderElection
2019-09-25 07:21:08,930 [Thread-435] INFO  impl.RaftServerImpl (RaftServerImpl.java:setRole(174)) - b05de815-ed09-4765-b576-c9e1c2f65196@group-88B7FFB0E360: changes role from  FOLLOWER to CANDIDATE at term 0 for changeToCandidate
2019-09-25 07:21:08,930 [Thread-435] INFO  impl.RoleInfo (RoleInfo.java:updateAndGet(143)) - b05de815-ed09-4765-b576-c9e1c2f65196: start LeaderElection
2019-09-25 07:21:08,954 [b05de815-ed09-4765-b576-c9e1c2f65196@group-88B7FFB0E360:LeaderElection51] INFO  impl.LeaderElection (LeaderElection.java:askForVotes(182)) - b05de815-ed09-4765-b576-c9e1c2f65196@group-88B7FFB0E360:LeaderElection51: begin an election at term 1 for -1: [b05de815-ed09-4765-b576-c9e1c2f65196:192.168.30.10:36348], old=null
2019-09-25 07:21:08,954 [8c621658-b0ee-4cf2-b145-27cf4e621fee@group-ACE34E863572:LeaderElection50] INFO  impl.LeaderElection (LeaderElection.java:askForVotes(182)) - 8c621658-b0ee-4cf2-b145-27cf4e621fee@group-ACE34E863572:LeaderElection50: begin an election at term 1 for -1: [8c621658-b0ee-4cf2-b145-27cf4e621fee:192.168.30.10:39467], old=null
2019-09-25 07:21:08,955 [b05de815-ed09-4765-b576-c9e1c2f65196@group-88B7FFB0E360:LeaderElection51] INFO  impl.RoleInfo (RoleInfo.java:shutdownLeaderElection(134)) - b05de815-ed09-4765-b576-c9e1c2f65196: shutdown LeaderElection
2019-09-25 07:21:08,955 [8c621658-b0ee-4cf2-b145-27cf4e621fee@group-ACE34E863572:LeaderElection50] INFO  impl.RoleInfo (RoleInfo.java:shutdownLeaderElection(134)) - 8c621658-b0ee-4cf2-b145-27cf4e621fee: shutdown LeaderElection
2019-09-25 07:21:08,955 [b05de815-ed09-4765-b576-c9e1c2f65196@group-88B7FFB0E360:LeaderElection51] INFO  impl.RaftServerImpl (RaftServerImpl.java:setRole(174)) - b05de815-ed09-4765-b576-c9e1c2f65196@group-88B7FFB0E360: changes role from CANDIDATE to LEADER at term 1 for changeToLeader
2019-09-25 07:21:08,955 [8c621658-b0ee-4cf2-b145-27cf4e621fee@group-ACE34E863572:LeaderElection50] INFO  impl.RaftServerImpl (RaftServerImpl.java:setRole(174)) - 8c621658-b0ee-4cf2-b145-27cf4e621fee@group-ACE34E863572: changes role from CANDIDATE to LEADER at term 1 for changeToLeader
2019-09-25 07:21:08,955 [b05de815-ed09-4765-b576-c9e1c2f65196@group-88B7FFB0E360:LeaderElection51] INFO  impl.RaftServerImpl (ServerState.java:setLeader(253)) - b05de815-ed09-4765-b576-c9e1c2f65196@group-88B7FFB0E360: change Leader from null to b05de815-ed09-4765-b576-c9e1c2f65196 at term 1 for becomeLeader, leader elected after 5217ms
2019-09-25 07:21:08,955 [8c621658-b0ee-4cf2-b145-27cf4e621fee@group-ACE34E863572:LeaderElection50] INFO  impl.RaftServerImpl (ServerState.java:setLeader(253)) - 8c621658-b0ee-4cf2-b145-27cf4e621fee@group-ACE34E863572: change Leader from null to 8c621658-b0ee-4cf2-b145-27cf4e621fee at term 1 for becomeLeader, leader elected after 5091ms
2019-09-25 07:21:08,956 [b05de815-ed09-4765-b576-c9e1c2f65196@group-88B7FFB0E360:LeaderElection51] INFO  server.RaftServerConfigKeys (ConfUtils.java:logGet(43)) - raft.server.staging.catchup.gap = 1000 (default)
2019-09-25 07:21:08,956 [8c621658-b0ee-4cf2-b145-27cf4e621fee@group-ACE34E863572:LeaderElection50] INFO  server.RaftServerConfigKeys (ConfUtils.java:logGet(43)) - raft.server.staging.catchup.gap = 1000 (default)
2019-09-25 07:21:08,956 [b05de815-ed09-4765-b576-c9e1c2f65196@group-88B7FFB0E360:LeaderElection51] INFO  server.RaftServerConfigKeys (ConfUtils.java:logGet(43)) - raft.server.rpc.sleep.time = 25ms (default)
2019-09-25 07:21:08,956 [8c621658-b0ee-4cf2-b145-27cf4e621fee@group-ACE34E863572:LeaderElection50] INFO  server.RaftServerConfigKeys (ConfUtils.java:logGet(43)) - raft.server.rpc.sleep.time = 25ms (default)
2019-09-25 07:21:08,956 [b05de815-ed09-4765-b576-c9e1c2f65196@group-88B7FFB0E360:LeaderElection51] INFO  server.RaftServerConfigKeys (ConfUtils.java:logGet(43)) - raft.server.write.element-limit = 4096 (default)
2019-09-25 07:21:08,956 [8c621658-b0ee-4cf2-b145-27cf4e621fee@group-ACE34E863572:LeaderElection50] INFO  server.RaftServerConfigKeys (ConfUtils.java:logGet(43)) - raft.server.write.element-limit = 4096 (default)
2019-09-25 07:21:08,956 [f5d629fd-ecfe-43ee-9421-b64933e3fd75@group-52AF42B83BA9-SegmentedRaftLogWorker] INFO  segmented.SegmentedRaftLogWorker (SegmentedRaftLogWorker.java:execute(569)) - f5d629fd-ecfe-43ee-9421-b64933e3fd75@group-52AF42B83BA9-SegmentedRaftLogWorker: created new log segment /workdir/hadoop-ozone/ozonefs/target/test-dir/MiniOzoneClusterImpl-48169ae4-fc36-4fd4-bc0e-7a80f7e832d4/datanode-1/data/ratis/e6e728e4-aa87-49e0-bd74-52af42b83ba9/current/log_inprogress_0
2019-09-25 07:21:08,956 [b05de815-ed09-4765-b576-c9e1c2f65196@group-88B7FFB0E360:LeaderElection51] INFO  server.RaftServerConfigKeys (ConfUtils.java:logGet(43)) - raft.server.watch.timeout = 10s (default)
2019-09-25 07:21:08,957 [8c621658-b0ee-4cf2-b145-27cf4e621fee@group-ACE34E863572:LeaderElection50] INFO  server.RaftServerConfigKeys (ConfUtils.java:logGet(43)) - raft.server.watch.timeout = 10s (default)
2019-09-25 07:21:08,957 [b05de815-ed09-4765-b576-c9e1c2f65196@group-88B7FFB0E360:LeaderElection51] INFO  server.RaftServerConfigKeys (ConfUtils.java:logGet(43)) - raft.server.watch.timeout.denomination = 1s (default)
2019-09-25 07:21:08,957 [8c621658-b0ee-4cf2-b145-27cf4e621fee@group-ACE34E863572:LeaderElection50] INFO  server.RaftServerConfigKeys (ConfUtils.java:logGet(43)) - raft.server.watch.timeout.denomination = 1s (default)
2019-09-25 07:21:08,957 [b05de815-ed09-4765-b576-c9e1c2f65196@group-88B7FFB0E360:LeaderElection51] INFO  server.RaftServerConfigKeys (ConfUtils.java:logGet(43)) - raft.server.watch.element-limit = 65536 (default)
2019-09-25 07:21:08,957 [8c621658-b0ee-4cf2-b145-27cf4e621fee@group-ACE34E863572:LeaderElection50] INFO  server.RaftServerConfigKeys (ConfUtils.java:logGet(43)) - raft.server.watch.element-limit = 65536 (default)
2019-09-25 07:21:08,960 [b05de815-ed09-4765-b576-c9e1c2f65196@group-88B7FFB0E360:LeaderElection51] INFO  impl.RoleInfo (RoleInfo.java:updateAndGet(143)) - b05de815-ed09-4765-b576-c9e1c2f65196: start LeaderState
2019-09-25 07:21:08,961 [b05de815-ed09-4765-b576-c9e1c2f65196@group-88B7FFB0E360:LeaderElection51] INFO  segmented.SegmentedRaftLogWorker (SegmentedRaftLogWorker.java:startLogSegment(380)) - b05de815-ed09-4765-b576-c9e1c2f65196@group-88B7FFB0E360-SegmentedRaftLogWorker: Starting segment from index:0
2019-09-25 07:21:08,961 [b05de815-ed09-4765-b576-c9e1c2f65196@group-88B7FFB0E360:LeaderElection51] INFO  impl.RaftServerImpl (ServerState.java:setRaftConf(354)) - b05de815-ed09-4765-b576-c9e1c2f65196@group-88B7FFB0E360: set configuration 0: [b05de815-ed09-4765-b576-c9e1c2f65196:192.168.30.10:36348], old=null at 0
2019-09-25 07:21:08,961 [8c621658-b0ee-4cf2-b145-27cf4e621fee@group-ACE34E863572:LeaderElection50] INFO  impl.RoleInfo (RoleInfo.java:updateAndGet(143)) - 8c621658-b0ee-4cf2-b145-27cf4e621fee: start LeaderState
2019-09-25 07:21:08,962 [8c621658-b0ee-4cf2-b145-27cf4e621fee@group-ACE34E863572:LeaderElection50] INFO  segmented.SegmentedRaftLogWorker (SegmentedRaftLogWorker.java:startLogSegment(380)) - 8c621658-b0ee-4cf2-b145-27cf4e621fee@group-ACE34E863572-SegmentedRaftLogWorker: Starting segment from index:0
2019-09-25 07:21:08,962 [8c621658-b0ee-4cf2-b145-27cf4e621fee@group-ACE34E863572:LeaderElection50] INFO  impl.RaftServerImpl (ServerState.java:setRaftConf(354)) - 8c621658-b0ee-4cf2-b145-27cf4e621fee@group-ACE34E863572: set configuration 0: [8c621658-b0ee-4cf2-b145-27cf4e621fee:192.168.30.10:39467], old=null at 0
2019-09-25 07:21:08,977 [Thread-438] INFO  impl.FollowerState (FollowerState.java:run(106)) - 3ed290a7-a21d-4e57-957f-efca320df8bc:group-7E28273D69AA changes to CANDIDATE, lastRpcTime:5193, electionTimeout:5193ms
2019-09-25 07:21:08,977 [Thread-438] INFO  impl.RoleInfo (RoleInfo.java:shutdownFollowerState(121)) - 3ed290a7-a21d-4e57-957f-efca320df8bc: shutdown FollowerState
2019-09-25 07:21:08,977 [Thread-438] INFO  impl.RaftServerImpl (RaftServerImpl.java:setRole(174)) - 3ed290a7-a21d-4e57-957f-efca320df8bc@group-7E28273D69AA: changes role from  FOLLOWER to CANDIDATE at term 0 for changeToCandidate
2019-09-25 07:21:08,977 [Thread-438] INFO  impl.RoleInfo (RoleInfo.java:updateAndGet(143)) - 3ed290a7-a21d-4e57-957f-efca320df8bc: start LeaderElection
2019-09-25 07:21:08,978 [Thread-447] INFO  impl.FollowerState (FollowerState.java:run(106)) - f5d629fd-ecfe-43ee-9421-b64933e3fd75:group-AD205E83DA80 changes to CANDIDATE, lastRpcTime:5030, electionTimeout:5030ms
2019-09-25 07:21:08,978 [Thread-447] INFO  impl.RoleInfo (RoleInfo.java:shutdownFollowerState(121)) - f5d629fd-ecfe-43ee-9421-b64933e3fd75: shutdown FollowerState
2019-09-25 07:21:08,978 [Thread-447] INFO  impl.RaftServerImpl (RaftServerImpl.java:setRole(174)) - f5d629fd-ecfe-43ee-9421-b64933e3fd75@group-AD205E83DA80: changes role from  FOLLOWER to CANDIDATE at term 0 for changeToCandidate
2019-09-25 07:21:08,978 [Thread-447] INFO  impl.RoleInfo (RoleInfo.java:updateAndGet(143)) - f5d629fd-ecfe-43ee-9421-b64933e3fd75: start LeaderElection
2019-09-25 07:21:09,003 [3ed290a7-a21d-4e57-957f-efca320df8bc@group-7E28273D69AA:LeaderElection52] INFO  impl.LeaderElection (LeaderElection.java:askForVotes(182)) - 3ed290a7-a21d-4e57-957f-efca320df8bc@group-7E28273D69AA:LeaderElection52: begin an election at term 1 for -1: [3ed290a7-a21d-4e57-957f-efca320df8bc:192.168.30.10:43596], old=null
2019-09-25 07:21:09,003 [f5d629fd-ecfe-43ee-9421-b64933e3fd75@group-AD205E83DA80:LeaderElection53] INFO  impl.LeaderElection (LeaderElection.java:askForVotes(182)) - f5d629fd-ecfe-43ee-9421-b64933e3fd75@group-AD205E83DA80:LeaderElection53: begin an election at term 1 for -1: [f5d629fd-ecfe-43ee-9421-b64933e3fd75:192.168.30.10:37985], old=null
2019-09-25 07:21:09,004 [3ed290a7-a21d-4e57-957f-efca320df8bc@group-7E28273D69AA:LeaderElection52] INFO  impl.RoleInfo (RoleInfo.java:shutdownLeaderElection(134)) - 3ed290a7-a21d-4e57-957f-efca320df8bc: shutdown LeaderElection
2019-09-25 07:21:09,004 [f5d629fd-ecfe-43ee-9421-b64933e3fd75@group-AD205E83DA80:LeaderElection53] INFO  impl.RoleInfo (RoleInfo.java:shutdownLeaderElection(134)) - f5d629fd-ecfe-43ee-9421-b64933e3fd75: shutdown LeaderElection
2019-09-25 07:21:09,004 [3ed290a7-a21d-4e57-957f-efca320df8bc@group-7E28273D69AA:LeaderElection52] INFO  impl.RaftServerImpl (RaftServerImpl.java:setRole(174)) - 3ed290a7-a21d-4e57-957f-efca320df8bc@group-7E28273D69AA: changes role from CANDIDATE to LEADER at term 1 for changeToLeader
2019-09-25 07:21:09,004 [f5d629fd-ecfe-43ee-9421-b64933e3fd75@group-AD205E83DA80:LeaderElection53] INFO  impl.RaftServerImpl (RaftServerImpl.java:setRole(174)) - f5d629fd-ecfe-43ee-9421-b64933e3fd75@group-AD205E83DA80: changes role from CANDIDATE to LEADER at term 1 for changeToLeader
2019-09-25 07:21:09,004 [3ed290a7-a21d-4e57-957f-efca320df8bc@group-7E28273D69AA:LeaderElection52] INFO  impl.RaftServerImpl (ServerState.java:setLeader(253)) - 3ed290a7-a21d-4e57-957f-efca320df8bc@group-7E28273D69AA: change Leader from null to 3ed290a7-a21d-4e57-957f-efca320df8bc at term 1 for becomeLeader, leader elected after 5225ms
2019-09-25 07:21:09,005 [f5d629fd-ecfe-43ee-9421-b64933e3fd75@group-AD205E83DA80:LeaderElection53] INFO  impl.RaftServerImpl (ServerState.java:setLeader(253)) - f5d629fd-ecfe-43ee-9421-b64933e3fd75@group-AD205E83DA80: change Leader from null to f5d629fd-ecfe-43ee-9421-b64933e3fd75 at term 1 for becomeLeader, leader elected after 5063ms
2019-09-25 07:21:09,005 [3ed290a7-a21d-4e57-957f-efca320df8bc@group-7E28273D69AA:LeaderElection52] INFO  server.RaftServerConfigKeys (ConfUtils.java:logGet(43)) - raft.server.staging.catchup.gap = 1000 (default)
2019-09-25 07:21:09,005 [f5d629fd-ecfe-43ee-9421-b64933e3fd75@group-AD205E83DA80:LeaderElection53] INFO  server.RaftServerConfigKeys (ConfUtils.java:logGet(43)) - raft.server.staging.catchup.gap = 1000 (default)
2019-09-25 07:21:09,005 [3ed290a7-a21d-4e57-957f-efca320df8bc@group-7E28273D69AA:LeaderElection52] INFO  server.RaftServerConfigKeys (ConfUtils.java:logGet(43)) - raft.server.rpc.sleep.time = 25ms (default)
2019-09-25 07:21:09,005 [f5d629fd-ecfe-43ee-9421-b64933e3fd75@group-AD205E83DA80:LeaderElection53] INFO  server.RaftServerConfigKeys (ConfUtils.java:logGet(43)) - raft.server.rpc.sleep.time = 25ms (default)
2019-09-25 07:21:09,005 [3ed290a7-a21d-4e57-957f-efca320df8bc@group-7E28273D69AA:LeaderElection52] INFO  server.RaftServerConfigKeys (ConfUtils.java:logGet(43)) - raft.server.write.element-limit = 4096 (default)
2019-09-25 07:21:09,006 [f5d629fd-ecfe-43ee-9421-b64933e3fd75@group-AD205E83DA80:LeaderElection53] INFO  server.RaftServerConfigKeys (ConfUtils.java:logGet(43)) - raft.server.write.element-limit = 4096 (default)
2019-09-25 07:21:09,006 [3ed290a7-a21d-4e57-957f-efca320df8bc@group-7E28273D69AA:LeaderElection52] INFO  server.RaftServerConfigKeys (ConfUtils.java:logGet(43)) - raft.server.watch.timeout = 10s (default)
2019-09-25 07:21:09,006 [f5d629fd-ecfe-43ee-9421-b64933e3fd75@group-AD205E83DA80:LeaderElection53] INFO  server.RaftServerConfigKeys (ConfUtils.java:logGet(43)) - raft.server.watch.timeout = 10s (default)
2019-09-25 07:21:09,006 [3ed290a7-a21d-4e57-957f-efca320df8bc@group-7E28273D69AA:LeaderElection52] INFO  server.RaftServerConfigKeys (ConfUtils.java:logGet(43)) - raft.server.watch.timeout.denomination = 1s (default)
2019-09-25 07:21:09,006 [f5d629fd-ecfe-43ee-9421-b64933e3fd75@group-AD205E83DA80:LeaderElection53] INFO  server.RaftServerConfigKeys (ConfUtils.java:logGet(43)) - raft.server.watch.timeout.denomination = 1s (default)
2019-09-25 07:21:09,006 [3ed290a7-a21d-4e57-957f-efca320df8bc@group-7E28273D69AA:LeaderElection52] INFO  server.RaftServerConfigKeys (ConfUtils.java:logGet(43)) - raft.server.watch.element-limit = 65536 (default)
2019-09-25 07:21:09,006 [f5d629fd-ecfe-43ee-9421-b64933e3fd75@group-AD205E83DA80:LeaderElection53] INFO  server.RaftServerConfigKeys (ConfUtils.java:logGet(43)) - raft.server.watch.element-limit = 65536 (default)
2019-09-25 07:21:09,011 [3ed290a7-a21d-4e57-957f-efca320df8bc@group-7E28273D69AA:LeaderElection52] INFO  impl.RoleInfo (RoleInfo.java:updateAndGet(143)) - 3ed290a7-a21d-4e57-957f-efca320df8bc: start LeaderState
2019-09-25 07:21:09,011 [f5d629fd-ecfe-43ee-9421-b64933e3fd75@group-AD205E83DA80:LeaderElection53] INFO  impl.RoleInfo (RoleInfo.java:updateAndGet(143)) - f5d629fd-ecfe-43ee-9421-b64933e3fd75: start LeaderState
2019-09-25 07:21:09,011 [3ed290a7-a21d-4e57-957f-efca320df8bc@group-7E28273D69AA:LeaderElection52] INFO  segmented.SegmentedRaftLogWorker (SegmentedRaftLogWorker.java:startLogSegment(380)) - 3ed290a7-a21d-4e57-957f-efca320df8bc@group-7E28273D69AA-SegmentedRaftLogWorker: Starting segment from index:0
2019-09-25 07:21:09,011 [f5d629fd-ecfe-43ee-9421-b64933e3fd75@group-AD205E83DA80:LeaderElection53] INFO  segmented.SegmentedRaftLogWorker (SegmentedRaftLogWorker.java:startLogSegment(380)) - f5d629fd-ecfe-43ee-9421-b64933e3fd75@group-AD205E83DA80-SegmentedRaftLogWorker: Starting segment from index:0
2019-09-25 07:21:09,012 [3ed290a7-a21d-4e57-957f-efca320df8bc@group-7E28273D69AA:LeaderElection52] INFO  impl.RaftServerImpl (ServerState.java:setRaftConf(354)) - 3ed290a7-a21d-4e57-957f-efca320df8bc@group-7E28273D69AA: set configuration 0: [3ed290a7-a21d-4e57-957f-efca320df8bc:192.168.30.10:43596], old=null at 0
2019-09-25 07:21:09,012 [f5d629fd-ecfe-43ee-9421-b64933e3fd75@group-AD205E83DA80:LeaderElection53] INFO  impl.RaftServerImpl (ServerState.java:setRaftConf(354)) - f5d629fd-ecfe-43ee-9421-b64933e3fd75@group-AD205E83DA80: set configuration 0: [f5d629fd-ecfe-43ee-9421-b64933e3fd75:192.168.30.10:37985], old=null at 0
2019-09-25 07:21:09,018 [b05de815-ed09-4765-b576-c9e1c2f65196@group-88B7FFB0E360-SegmentedRaftLogWorker] INFO  segmented.SegmentedRaftLogWorker (SegmentedRaftLogWorker.java:execute(569)) - b05de815-ed09-4765-b576-c9e1c2f65196@group-88B7FFB0E360-SegmentedRaftLogWorker: created new log segment /workdir/hadoop-ozone/ozonefs/target/test-dir/MiniOzoneClusterImpl-48169ae4-fc36-4fd4-bc0e-7a80f7e832d4/datanode-0/data/ratis/fc5dfb3d-2b46-4ae4-9ac1-88b7ffb0e360/current/log_inprogress_0
2019-09-25 07:21:09,018 [8c621658-b0ee-4cf2-b145-27cf4e621fee@group-ACE34E863572-SegmentedRaftLogWorker] INFO  segmented.SegmentedRaftLogWorker (SegmentedRaftLogWorker.java:execute(569)) - 8c621658-b0ee-4cf2-b145-27cf4e621fee@group-ACE34E863572-SegmentedRaftLogWorker: created new log segment /workdir/hadoop-ozone/ozonefs/target/test-dir/MiniOzoneClusterImpl-48169ae4-fc36-4fd4-bc0e-7a80f7e832d4/datanode-4/data/ratis/ef7f5a18-377b-4a2d-bc4c-ace34e863572/current/log_inprogress_0
2019-09-25 07:21:09,067 [f5d629fd-ecfe-43ee-9421-b64933e3fd75@group-AD205E83DA80-SegmentedRaftLogWorker] INFO  segmented.SegmentedRaftLogWorker (SegmentedRaftLogWorker.java:execute(569)) - f5d629fd-ecfe-43ee-9421-b64933e3fd75@group-AD205E83DA80-SegmentedRaftLogWorker: created new log segment /workdir/hadoop-ozone/ozonefs/target/test-dir/MiniOzoneClusterImpl-48169ae4-fc36-4fd4-bc0e-7a80f7e832d4/datanode-1/data/ratis/a52b942c-30a8-4ff3-b3aa-ad205e83da80/current/log_inprogress_0
2019-09-25 07:21:09,067 [3ed290a7-a21d-4e57-957f-efca320df8bc@group-7E28273D69AA-SegmentedRaftLogWorker] INFO  segmented.SegmentedRaftLogWorker (SegmentedRaftLogWorker.java:execute(569)) - 3ed290a7-a21d-4e57-957f-efca320df8bc@group-7E28273D69AA-SegmentedRaftLogWorker: created new log segment /workdir/hadoop-ozone/ozonefs/target/test-dir/MiniOzoneClusterImpl-48169ae4-fc36-4fd4-bc0e-7a80f7e832d4/datanode-7/data/ratis/58321598-0580-4a4a-beeb-7e28273d69aa/current/log_inprogress_0
2019-09-25 07:21:09,084 [Thread-450] INFO  impl.FollowerState (FollowerState.java:run(106)) - f368be67-619a-45f1-9208-8e0055b252cf:group-5178B0C4714B changes to CANDIDATE, lastRpcTime:5090, electionTimeout:5090ms
2019-09-25 07:21:09,084 [Thread-450] INFO  impl.RoleInfo (RoleInfo.java:shutdownFollowerState(121)) - f368be67-619a-45f1-9208-8e0055b252cf: shutdown FollowerState
2019-09-25 07:21:09,085 [Thread-450] INFO  impl.RaftServerImpl (RaftServerImpl.java:setRole(174)) - f368be67-619a-45f1-9208-8e0055b252cf@group-5178B0C4714B: changes role from  FOLLOWER to CANDIDATE at term 0 for changeToCandidate
2019-09-25 07:21:09,085 [Thread-450] INFO  impl.RoleInfo (RoleInfo.java:updateAndGet(143)) - f368be67-619a-45f1-9208-8e0055b252cf: start LeaderElection
2019-09-25 07:21:09,098 [f368be67-619a-45f1-9208-8e0055b252cf@group-5178B0C4714B:LeaderElection54] INFO  impl.LeaderElection (LeaderElection.java:askForVotes(182)) - f368be67-619a-45f1-9208-8e0055b252cf@group-5178B0C4714B:LeaderElection54: begin an election at term 1 for -1: [f368be67-619a-45f1-9208-8e0055b252cf:192.168.30.10:40542], old=null
2019-09-25 07:21:09,098 [f368be67-619a-45f1-9208-8e0055b252cf@group-5178B0C4714B:LeaderElection54] INFO  impl.RoleInfo (RoleInfo.java:shutdownLeaderElection(134)) - f368be67-619a-45f1-9208-8e0055b252cf: shutdown LeaderElection
2019-09-25 07:21:09,098 [f368be67-619a-45f1-9208-8e0055b252cf@group-5178B0C4714B:LeaderElection54] INFO  impl.RaftServerImpl (RaftServerImpl.java:setRole(174)) - f368be67-619a-45f1-9208-8e0055b252cf@group-5178B0C4714B: changes role from CANDIDATE to LEADER at term 1 for changeToLeader
2019-09-25 07:21:09,099 [f368be67-619a-45f1-9208-8e0055b252cf@group-5178B0C4714B:LeaderElection54] INFO  impl.RaftServerImpl (ServerState.java:setLeader(253)) - f368be67-619a-45f1-9208-8e0055b252cf@group-5178B0C4714B: change Leader from null to f368be67-619a-45f1-9208-8e0055b252cf at term 1 for becomeLeader, leader elected after 5110ms
2019-09-25 07:21:09,099 [f368be67-619a-45f1-9208-8e0055b252cf@group-5178B0C4714B:LeaderElection54] INFO  server.RaftServerConfigKeys (ConfUtils.java:logGet(43)) - raft.server.staging.catchup.gap = 1000 (default)
2019-09-25 07:21:09,099 [f368be67-619a-45f1-9208-8e0055b252cf@group-5178B0C4714B:LeaderElection54] INFO  server.RaftServerConfigKeys (ConfUtils.java:logGet(43)) - raft.server.rpc.sleep.time = 25ms (default)
2019-09-25 07:21:09,099 [f368be67-619a-45f1-9208-8e0055b252cf@group-5178B0C4714B:LeaderElection54] INFO  server.RaftServerConfigKeys (ConfUtils.java:logGet(43)) - raft.server.write.element-limit = 4096 (default)
2019-09-25 07:21:09,099 [f368be67-619a-45f1-9208-8e0055b252cf@group-5178B0C4714B:LeaderElection54] INFO  server.RaftServerConfigKeys (ConfUtils.java:logGet(43)) - raft.server.watch.timeout = 10s (default)
2019-09-25 07:21:09,099 [f368be67-619a-45f1-9208-8e0055b252cf@group-5178B0C4714B:LeaderElection54] INFO  server.RaftServerConfigKeys (ConfUtils.java:logGet(43)) - raft.server.watch.timeout.denomination = 1s (default)
2019-09-25 07:21:09,100 [f368be67-619a-45f1-9208-8e0055b252cf@group-5178B0C4714B:LeaderElection54] INFO  server.RaftServerConfigKeys (ConfUtils.java:logGet(43)) - raft.server.watch.element-limit = 65536 (default)
2019-09-25 07:21:09,102 [f368be67-619a-45f1-9208-8e0055b252cf@group-5178B0C4714B:LeaderElection54] INFO  impl.RoleInfo (RoleInfo.java:updateAndGet(143)) - f368be67-619a-45f1-9208-8e0055b252cf: start LeaderState
2019-09-25 07:21:09,102 [f368be67-619a-45f1-9208-8e0055b252cf@group-5178B0C4714B:LeaderElection54] INFO  segmented.SegmentedRaftLogWorker (SegmentedRaftLogWorker.java:startLogSegment(380)) - f368be67-619a-45f1-9208-8e0055b252cf@group-5178B0C4714B-SegmentedRaftLogWorker: Starting segment from index:0
2019-09-25 07:21:09,103 [f368be67-619a-45f1-9208-8e0055b252cf@group-5178B0C4714B:LeaderElection54] INFO  impl.RaftServerImpl (ServerState.java:setRaftConf(354)) - f368be67-619a-45f1-9208-8e0055b252cf@group-5178B0C4714B: set configuration 0: [f368be67-619a-45f1-9208-8e0055b252cf:192.168.30.10:40542], old=null at 0
2019-09-25 07:21:09,152 [f368be67-619a-45f1-9208-8e0055b252cf@group-5178B0C4714B-SegmentedRaftLogWorker] INFO  segmented.SegmentedRaftLogWorker (SegmentedRaftLogWorker.java:execute(569)) - f368be67-619a-45f1-9208-8e0055b252cf@group-5178B0C4714B-SegmentedRaftLogWorker: created new log segment /workdir/hadoop-ozone/ozonefs/target/test-dir/MiniOzoneClusterImpl-48169ae4-fc36-4fd4-bc0e-7a80f7e832d4/datanode-9/data/ratis/1f2a7225-f388-4306-9107-5178b0c4714b/current/log_inprogress_0
2019-09-25 07:21:09,242 [Thread-456] INFO  impl.FollowerState (FollowerState.java:run(106)) - 3ed290a7-a21d-4e57-957f-efca320df8bc:group-D896BAE092F6 changes to CANDIDATE, lastRpcTime:5072, electionTimeout:5072ms
2019-09-25 07:21:09,242 [Thread-456] INFO  impl.RoleInfo (RoleInfo.java:shutdownFollowerState(121)) - 3ed290a7-a21d-4e57-957f-efca320df8bc: shutdown FollowerState
2019-09-25 07:21:09,242 [Thread-456] INFO  impl.RaftServerImpl (RaftServerImpl.java:setRole(174)) - 3ed290a7-a21d-4e57-957f-efca320df8bc@group-D896BAE092F6: changes role from  FOLLOWER to CANDIDATE at term 0 for changeToCandidate
2019-09-25 07:21:09,242 [Thread-456] INFO  impl.RoleInfo (RoleInfo.java:updateAndGet(143)) - 3ed290a7-a21d-4e57-957f-efca320df8bc: start LeaderElection
2019-09-25 07:21:09,257 [3ed290a7-a21d-4e57-957f-efca320df8bc@group-D896BAE092F6:LeaderElection55] INFO  impl.LeaderElection (LeaderElection.java:askForVotes(182)) - 3ed290a7-a21d-4e57-957f-efca320df8bc@group-D896BAE092F6:LeaderElection55: begin an election at term 1 for -1: [3ed290a7-a21d-4e57-957f-efca320df8bc:192.168.30.10:43596], old=null
2019-09-25 07:21:09,257 [3ed290a7-a21d-4e57-957f-efca320df8bc@group-D896BAE092F6:LeaderElection55] INFO  impl.RoleInfo (RoleInfo.java:shutdownLeaderElection(134)) - 3ed290a7-a21d-4e57-957f-efca320df8bc: shutdown LeaderElection
2019-09-25 07:21:09,257 [3ed290a7-a21d-4e57-957f-efca320df8bc@group-D896BAE092F6:LeaderElection55] INFO  impl.RaftServerImpl (RaftServerImpl.java:setRole(174)) - 3ed290a7-a21d-4e57-957f-efca320df8bc@group-D896BAE092F6: changes role from CANDIDATE to LEADER at term 1 for changeToLeader
2019-09-25 07:21:09,257 [3ed290a7-a21d-4e57-957f-efca320df8bc@group-D896BAE092F6:LeaderElection55] INFO  impl.RaftServerImpl (ServerState.java:setLeader(253)) - 3ed290a7-a21d-4e57-957f-efca320df8bc@group-D896BAE092F6: change Leader from null to 3ed290a7-a21d-4e57-957f-efca320df8bc at term 1 for becomeLeader, leader elected after 5094ms
2019-09-25 07:21:09,258 [3ed290a7-a21d-4e57-957f-efca320df8bc@group-D896BAE092F6:LeaderElection55] INFO  server.RaftServerConfigKeys (ConfUtils.java:logGet(43)) - raft.server.staging.catchup.gap = 1000 (default)
2019-09-25 07:21:09,258 [3ed290a7-a21d-4e57-957f-efca320df8bc@group-D896BAE092F6:LeaderElection55] INFO  server.RaftServerConfigKeys (ConfUtils.java:logGet(43)) - raft.server.rpc.sleep.time = 25ms (default)
2019-09-25 07:21:09,258 [3ed290a7-a21d-4e57-957f-efca320df8bc@group-D896BAE092F6:LeaderElection55] INFO  server.RaftServerConfigKeys (ConfUtils.java:logGet(43)) - raft.server.write.element-limit = 4096 (default)
2019-09-25 07:21:09,258 [3ed290a7-a21d-4e57-957f-efca320df8bc@group-D896BAE092F6:LeaderElection55] INFO  server.RaftServerConfigKeys (ConfUtils.java:logGet(43)) - raft.server.watch.timeout = 10s (default)
2019-09-25 07:21:09,258 [3ed290a7-a21d-4e57-957f-efca320df8bc@group-D896BAE092F6:LeaderElection55] INFO  server.RaftServerConfigKeys (ConfUtils.java:logGet(43)) - raft.server.watch.timeout.denomination = 1s (default)
2019-09-25 07:21:09,258 [3ed290a7-a21d-4e57-957f-efca320df8bc@group-D896BAE092F6:LeaderElection55] INFO  server.RaftServerConfigKeys (ConfUtils.java:logGet(43)) - raft.server.watch.element-limit = 65536 (default)
2019-09-25 07:21:09,261 [3ed290a7-a21d-4e57-957f-efca320df8bc@group-D896BAE092F6:LeaderElection55] INFO  impl.RoleInfo (RoleInfo.java:updateAndGet(143)) - 3ed290a7-a21d-4e57-957f-efca320df8bc: start LeaderState
2019-09-25 07:21:09,261 [3ed290a7-a21d-4e57-957f-efca320df8bc@group-D896BAE092F6:LeaderElection55] INFO  segmented.SegmentedRaftLogWorker (SegmentedRaftLogWorker.java:startLogSegment(380)) - 3ed290a7-a21d-4e57-957f-efca320df8bc@group-D896BAE092F6-SegmentedRaftLogWorker: Starting segment from index:0
2019-09-25 07:21:09,262 [3ed290a7-a21d-4e57-957f-efca320df8bc@group-D896BAE092F6:LeaderElection55] INFO  impl.RaftServerImpl (ServerState.java:setRaftConf(354)) - 3ed290a7-a21d-4e57-957f-efca320df8bc@group-D896BAE092F6: set configuration 0: [3ed290a7-a21d-4e57-957f-efca320df8bc:192.168.30.10:43596], old=null at 0
2019-09-25 07:21:09,284 [Thread-453] INFO  impl.FollowerState (FollowerState.java:run(106)) - 790994da-c556-4bb6-9860-e4bcd35fb518:group-2BD654A5AC3D changes to CANDIDATE, lastRpcTime:5178, electionTimeout:5178ms
2019-09-25 07:21:09,284 [Thread-453] INFO  impl.RoleInfo (RoleInfo.java:shutdownFollowerState(121)) - 790994da-c556-4bb6-9860-e4bcd35fb518: shutdown FollowerState
2019-09-25 07:21:09,284 [Thread-453] INFO  impl.RaftServerImpl (RaftServerImpl.java:setRole(174)) - 790994da-c556-4bb6-9860-e4bcd35fb518@group-2BD654A5AC3D: changes role from  FOLLOWER to CANDIDATE at term 0 for changeToCandidate
2019-09-25 07:21:09,285 [Thread-453] INFO  impl.RoleInfo (RoleInfo.java:updateAndGet(143)) - 790994da-c556-4bb6-9860-e4bcd35fb518: start LeaderElection
2019-09-25 07:21:09,299 [3ed290a7-a21d-4e57-957f-efca320df8bc@group-D896BAE092F6-SegmentedRaftLogWorker] INFO  segmented.SegmentedRaftLogWorker (SegmentedRaftLogWorker.java:execute(569)) - 3ed290a7-a21d-4e57-957f-efca320df8bc@group-D896BAE092F6-SegmentedRaftLogWorker: created new log segment /workdir/hadoop-ozone/ozonefs/target/test-dir/MiniOzoneClusterImpl-48169ae4-fc36-4fd4-bc0e-7a80f7e832d4/datanode-7/data/ratis/3a1ad721-f0a7-4aec-b6ee-d896bae092f6/current/log_inprogress_0
2019-09-25 07:21:09,299 [790994da-c556-4bb6-9860-e4bcd35fb518@group-2BD654A5AC3D:LeaderElection56] INFO  impl.LeaderElection (LeaderElection.java:askForVotes(182)) - 790994da-c556-4bb6-9860-e4bcd35fb518@group-2BD654A5AC3D:LeaderElection56: begin an election at term 1 for -1: [790994da-c556-4bb6-9860-e4bcd35fb518:192.168.30.10:42560], old=null
2019-09-25 07:21:09,299 [790994da-c556-4bb6-9860-e4bcd35fb518@group-2BD654A5AC3D:LeaderElection56] INFO  impl.RoleInfo (RoleInfo.java:shutdownLeaderElection(134)) - 790994da-c556-4bb6-9860-e4bcd35fb518: shutdown LeaderElection
2019-09-25 07:21:09,300 [790994da-c556-4bb6-9860-e4bcd35fb518@group-2BD654A5AC3D:LeaderElection56] INFO  impl.RaftServerImpl (RaftServerImpl.java:setRole(174)) - 790994da-c556-4bb6-9860-e4bcd35fb518@group-2BD654A5AC3D: changes role from CANDIDATE to LEADER at term 1 for changeToLeader
2019-09-25 07:21:09,300 [790994da-c556-4bb6-9860-e4bcd35fb518@group-2BD654A5AC3D:LeaderElection56] INFO  impl.RaftServerImpl (ServerState.java:setLeader(253)) - 790994da-c556-4bb6-9860-e4bcd35fb518@group-2BD654A5AC3D: change Leader from null to 790994da-c556-4bb6-9860-e4bcd35fb518 at term 1 for becomeLeader, leader elected after 5200ms
2019-09-25 07:21:09,300 [790994da-c556-4bb6-9860-e4bcd35fb518@group-2BD654A5AC3D:LeaderElection56] INFO  server.RaftServerConfigKeys (ConfUtils.java:logGet(43)) - raft.server.staging.catchup.gap = 1000 (default)
2019-09-25 07:21:09,300 [790994da-c556-4bb6-9860-e4bcd35fb518@group-2BD654A5AC3D:LeaderElection56] INFO  server.RaftServerConfigKeys (ConfUtils.java:logGet(43)) - raft.server.rpc.sleep.time = 25ms (default)
2019-09-25 07:21:09,300 [790994da-c556-4bb6-9860-e4bcd35fb518@group-2BD654A5AC3D:LeaderElection56] INFO  server.RaftServerConfigKeys (ConfUtils.java:logGet(43)) - raft.server.write.element-limit = 4096 (default)
2019-09-25 07:21:09,300 [790994da-c556-4bb6-9860-e4bcd35fb518@group-2BD654A5AC3D:LeaderElection56] INFO  server.RaftServerConfigKeys (ConfUtils.java:logGet(43)) - raft.server.watch.timeout = 10s (default)
2019-09-25 07:21:09,300 [790994da-c556-4bb6-9860-e4bcd35fb518@group-2BD654A5AC3D:LeaderElection56] INFO  server.RaftServerConfigKeys (ConfUtils.java:logGet(43)) - raft.server.watch.timeout.denomination = 1s (default)
2019-09-25 07:21:09,301 [790994da-c556-4bb6-9860-e4bcd35fb518@group-2BD654A5AC3D:LeaderElection56] INFO  server.RaftServerConfigKeys (ConfUtils.java:logGet(43)) - raft.server.watch.element-limit = 65536 (default)
2019-09-25 07:21:09,303 [790994da-c556-4bb6-9860-e4bcd35fb518@group-2BD654A5AC3D:LeaderElection56] INFO  impl.RoleInfo (RoleInfo.java:updateAndGet(143)) - 790994da-c556-4bb6-9860-e4bcd35fb518: start LeaderState
2019-09-25 07:21:09,303 [790994da-c556-4bb6-9860-e4bcd35fb518@group-2BD654A5AC3D:LeaderElection56] INFO  segmented.SegmentedRaftLogWorker (SegmentedRaftLogWorker.java:startLogSegment(380)) - 790994da-c556-4bb6-9860-e4bcd35fb518@group-2BD654A5AC3D-SegmentedRaftLogWorker: Starting segment from index:0
2019-09-25 07:21:09,304 [790994da-c556-4bb6-9860-e4bcd35fb518@group-2BD654A5AC3D:LeaderElection56] INFO  impl.RaftServerImpl (ServerState.java:setRaftConf(354)) - 790994da-c556-4bb6-9860-e4bcd35fb518@group-2BD654A5AC3D: set configuration 0: [790994da-c556-4bb6-9860-e4bcd35fb518:192.168.30.10:42560], old=null at 0
2019-09-25 07:21:09,340 [Thread-459] INFO  impl.FollowerState (FollowerState.java:run(106)) - 988e4f02-2728-4d94-a25f-5554bec3cdd7:group-70FB19056FE7 changes to CANDIDATE, lastRpcTime:5100, electionTimeout:5100ms
2019-09-25 07:21:09,340 [Thread-459] INFO  impl.RoleInfo (RoleInfo.java:shutdownFollowerState(121)) - 988e4f02-2728-4d94-a25f-5554bec3cdd7: shutdown FollowerState
2019-09-25 07:21:09,341 [Thread-459] INFO  impl.RaftServerImpl (RaftServerImpl.java:setRole(174)) - 988e4f02-2728-4d94-a25f-5554bec3cdd7@group-70FB19056FE7: changes role from  FOLLOWER to CANDIDATE at term 0 for changeToCandidate
2019-09-25 07:21:09,341 [Thread-459] INFO  impl.RoleInfo (RoleInfo.java:updateAndGet(143)) - 988e4f02-2728-4d94-a25f-5554bec3cdd7: start LeaderElection
2019-09-25 07:21:09,352 [Thread-462] INFO  impl.FollowerState (FollowerState.java:run(106)) - f368be67-619a-45f1-9208-8e0055b252cf:group-F76ABDBEEEF4 changes to CANDIDATE, lastRpcTime:5052, electionTimeout:5052ms
2019-09-25 07:21:09,352 [988e4f02-2728-4d94-a25f-5554bec3cdd7@group-70FB19056FE7:LeaderElection57] INFO  impl.LeaderElection (LeaderElection.java:askForVotes(182)) - 988e4f02-2728-4d94-a25f-5554bec3cdd7@group-70FB19056FE7:LeaderElection57: begin an election at term 1 for -1: [988e4f02-2728-4d94-a25f-5554bec3cdd7:192.168.30.10:32885], old=null
2019-09-25 07:21:09,352 [790994da-c556-4bb6-9860-e4bcd35fb518@group-2BD654A5AC3D-SegmentedRaftLogWorker] INFO  segmented.SegmentedRaftLogWorker (SegmentedRaftLogWorker.java:execute(569)) - 790994da-c556-4bb6-9860-e4bcd35fb518@group-2BD654A5AC3D-SegmentedRaftLogWorker: created new log segment /workdir/hadoop-ozone/ozonefs/target/test-dir/MiniOzoneClusterImpl-48169ae4-fc36-4fd4-bc0e-7a80f7e832d4/datanode-3/data/ratis/0cfda560-3b2d-4016-80fa-2bd654a5ac3d/current/log_inprogress_0
2019-09-25 07:21:09,352 [988e4f02-2728-4d94-a25f-5554bec3cdd7@group-70FB19056FE7:LeaderElection57] INFO  impl.RoleInfo (RoleInfo.java:shutdownLeaderElection(134)) - 988e4f02-2728-4d94-a25f-5554bec3cdd7: shutdown LeaderElection
2019-09-25 07:21:09,352 [Thread-462] INFO  impl.RoleInfo (RoleInfo.java:shutdownFollowerState(121)) - f368be67-619a-45f1-9208-8e0055b252cf: shutdown FollowerState
2019-09-25 07:21:09,352 [988e4f02-2728-4d94-a25f-5554bec3cdd7@group-70FB19056FE7:LeaderElection57] INFO  impl.RaftServerImpl (RaftServerImpl.java:setRole(174)) - 988e4f02-2728-4d94-a25f-5554bec3cdd7@group-70FB19056FE7: changes role from CANDIDATE to LEADER at term 1 for changeToLeader
2019-09-25 07:21:09,353 [Thread-462] INFO  impl.RaftServerImpl (RaftServerImpl.java:setRole(174)) - f368be67-619a-45f1-9208-8e0055b252cf@group-F76ABDBEEEF4: changes role from  FOLLOWER to CANDIDATE at term 0 for changeToCandidate
2019-09-25 07:21:09,353 [988e4f02-2728-4d94-a25f-5554bec3cdd7@group-70FB19056FE7:LeaderElection57] INFO  impl.RaftServerImpl (ServerState.java:setLeader(253)) - 988e4f02-2728-4d94-a25f-5554bec3cdd7@group-70FB19056FE7: change Leader from null to 988e4f02-2728-4d94-a25f-5554bec3cdd7 at term 1 for becomeLeader, leader elected after 5119ms
2019-09-25 07:21:09,353 [Thread-462] INFO  impl.RoleInfo (RoleInfo.java:updateAndGet(143)) - f368be67-619a-45f1-9208-8e0055b252cf: start LeaderElection
2019-09-25 07:21:09,353 [988e4f02-2728-4d94-a25f-5554bec3cdd7@group-70FB19056FE7:LeaderElection57] INFO  server.RaftServerConfigKeys (ConfUtils.java:logGet(43)) - raft.server.staging.catchup.gap = 1000 (default)
2019-09-25 07:21:09,353 [988e4f02-2728-4d94-a25f-5554bec3cdd7@group-70FB19056FE7:LeaderElection57] INFO  server.RaftServerConfigKeys (ConfUtils.java:logGet(43)) - raft.server.rpc.sleep.time = 25ms (default)
2019-09-25 07:21:09,354 [988e4f02-2728-4d94-a25f-5554bec3cdd7@group-70FB19056FE7:LeaderElection57] INFO  server.RaftServerConfigKeys (ConfUtils.java:logGet(43)) - raft.server.write.element-limit = 4096 (default)
2019-09-25 07:21:09,354 [988e4f02-2728-4d94-a25f-5554bec3cdd7@group-70FB19056FE7:LeaderElection57] INFO  server.RaftServerConfigKeys (ConfUtils.java:logGet(43)) - raft.server.watch.timeout = 10s (default)
2019-09-25 07:21:09,354 [988e4f02-2728-4d94-a25f-5554bec3cdd7@group-70FB19056FE7:LeaderElection57] INFO  server.RaftServerConfigKeys (ConfUtils.java:logGet(43)) - raft.server.watch.timeout.denomination = 1s (default)
2019-09-25 07:21:09,354 [988e4f02-2728-4d94-a25f-5554bec3cdd7@group-70FB19056FE7:LeaderElection57] INFO  server.RaftServerConfigKeys (ConfUtils.java:logGet(43)) - raft.server.watch.element-limit = 65536 (default)
2019-09-25 07:21:09,357 [988e4f02-2728-4d94-a25f-5554bec3cdd7@group-70FB19056FE7:LeaderElection57] INFO  impl.RoleInfo (RoleInfo.java:updateAndGet(143)) - 988e4f02-2728-4d94-a25f-5554bec3cdd7: start LeaderState
2019-09-25 07:21:09,357 [988e4f02-2728-4d94-a25f-5554bec3cdd7@group-70FB19056FE7:LeaderElection57] INFO  segmented.SegmentedRaftLogWorker (SegmentedRaftLogWorker.java:startLogSegment(380)) - 988e4f02-2728-4d94-a25f-5554bec3cdd7@group-70FB19056FE7-SegmentedRaftLogWorker: Starting segment from index:0
2019-09-25 07:21:09,358 [988e4f02-2728-4d94-a25f-5554bec3cdd7@group-70FB19056FE7:LeaderElection57] INFO  impl.RaftServerImpl (ServerState.java:setRaftConf(354)) - 988e4f02-2728-4d94-a25f-5554bec3cdd7@group-70FB19056FE7: set configuration 0: [988e4f02-2728-4d94-a25f-5554bec3cdd7:192.168.30.10:32885], old=null at 0
2019-09-25 07:21:09,366 [f368be67-619a-45f1-9208-8e0055b252cf@group-F76ABDBEEEF4:LeaderElection58] INFO  impl.LeaderElection (LeaderElection.java:askForVotes(182)) - f368be67-619a-45f1-9208-8e0055b252cf@group-F76ABDBEEEF4:LeaderElection58: begin an election at term 1 for -1: [f368be67-619a-45f1-9208-8e0055b252cf:192.168.30.10:40542], old=null
2019-09-25 07:21:09,366 [f368be67-619a-45f1-9208-8e0055b252cf@group-F76ABDBEEEF4:LeaderElection58] INFO  impl.RoleInfo (RoleInfo.java:shutdownLeaderElection(134)) - f368be67-619a-45f1-9208-8e0055b252cf: shutdown LeaderElection
2019-09-25 07:21:09,366 [f368be67-619a-45f1-9208-8e0055b252cf@group-F76ABDBEEEF4:LeaderElection58] INFO  impl.RaftServerImpl (RaftServerImpl.java:setRole(174)) - f368be67-619a-45f1-9208-8e0055b252cf@group-F76ABDBEEEF4: changes role from CANDIDATE to LEADER at term 1 for changeToLeader
2019-09-25 07:21:09,366 [f368be67-619a-45f1-9208-8e0055b252cf@group-F76ABDBEEEF4:LeaderElection58] INFO  impl.RaftServerImpl (ServerState.java:setLeader(253)) - f368be67-619a-45f1-9208-8e0055b252cf@group-F76ABDBEEEF4: change Leader from null to f368be67-619a-45f1-9208-8e0055b252cf at term 1 for becomeLeader, leader elected after 5074ms
2019-09-25 07:21:09,367 [f368be67-619a-45f1-9208-8e0055b252cf@group-F76ABDBEEEF4:LeaderElection58] INFO  server.RaftServerConfigKeys (ConfUtils.java:logGet(43)) - raft.server.staging.catchup.gap = 1000 (default)
2019-09-25 07:21:09,367 [f368be67-619a-45f1-9208-8e0055b252cf@group-F76ABDBEEEF4:LeaderElection58] INFO  server.RaftServerConfigKeys (ConfUtils.java:logGet(43)) - raft.server.rpc.sleep.time = 25ms (default)
2019-09-25 07:21:09,367 [f368be67-619a-45f1-9208-8e0055b252cf@group-F76ABDBEEEF4:LeaderElection58] INFO  server.RaftServerConfigKeys (ConfUtils.java:logGet(43)) - raft.server.write.element-limit = 4096 (default)
2019-09-25 07:21:09,367 [f368be67-619a-45f1-9208-8e0055b252cf@group-F76ABDBEEEF4:LeaderElection58] INFO  server.RaftServerConfigKeys (ConfUtils.java:logGet(43)) - raft.server.watch.timeout = 10s (default)
2019-09-25 07:21:09,367 [f368be67-619a-45f1-9208-8e0055b252cf@group-F76ABDBEEEF4:LeaderElection58] INFO  server.RaftServerConfigKeys (ConfUtils.java:logGet(43)) - raft.server.watch.timeout.denomination = 1s (default)
2019-09-25 07:21:09,368 [f368be67-619a-45f1-9208-8e0055b252cf@group-F76ABDBEEEF4:LeaderElection58] INFO  server.RaftServerConfigKeys (ConfUtils.java:logGet(43)) - raft.server.watch.element-limit = 65536 (default)
2019-09-25 07:21:09,371 [f368be67-619a-45f1-9208-8e0055b252cf@group-F76ABDBEEEF4:LeaderElection58] INFO  impl.RoleInfo (RoleInfo.java:updateAndGet(143)) - f368be67-619a-45f1-9208-8e0055b252cf: start LeaderState
2019-09-25 07:21:09,371 [f368be67-619a-45f1-9208-8e0055b252cf@group-F76ABDBEEEF4:LeaderElection58] INFO  segmented.SegmentedRaftLogWorker (SegmentedRaftLogWorker.java:startLogSegment(380)) - f368be67-619a-45f1-9208-8e0055b252cf@group-F76ABDBEEEF4-SegmentedRaftLogWorker: Starting segment from index:0
2019-09-25 07:21:09,372 [f368be67-619a-45f1-9208-8e0055b252cf@group-F76ABDBEEEF4:LeaderElection58] INFO  impl.RaftServerImpl (ServerState.java:setRaftConf(354)) - f368be67-619a-45f1-9208-8e0055b252cf@group-F76ABDBEEEF4: set configuration 0: [f368be67-619a-45f1-9208-8e0055b252cf:192.168.30.10:40542], old=null at 0
2019-09-25 07:21:09,404 [988e4f02-2728-4d94-a25f-5554bec3cdd7@group-70FB19056FE7-SegmentedRaftLogWorker] INFO  segmented.SegmentedRaftLogWorker (SegmentedRaftLogWorker.java:execute(569)) - 988e4f02-2728-4d94-a25f-5554bec3cdd7@group-70FB19056FE7-SegmentedRaftLogWorker: created new log segment /workdir/hadoop-ozone/ozonefs/target/test-dir/MiniOzoneClusterImpl-48169ae4-fc36-4fd4-bc0e-7a80f7e832d4/datanode-8/data/ratis/1e9b7f60-617b-4f47-9782-70fb19056fe7/current/log_inprogress_0
2019-09-25 07:21:09,426 [f368be67-619a-45f1-9208-8e0055b252cf@group-F76ABDBEEEF4-SegmentedRaftLogWorker] INFO  segmented.SegmentedRaftLogWorker (SegmentedRaftLogWorker.java:execute(569)) - f368be67-619a-45f1-9208-8e0055b252cf@group-F76ABDBEEEF4-SegmentedRaftLogWorker: created new log segment /workdir/hadoop-ozone/ozonefs/target/test-dir/MiniOzoneClusterImpl-48169ae4-fc36-4fd4-bc0e-7a80f7e832d4/datanode-9/data/ratis/c134b284-6582-4543-b249-f76abdbeeef4/current/log_inprogress_0
2019-09-25 07:21:09,947 [Thread-469] WARN  util.JavaUtils (JavaUtils.java:sleep(250)) - Unexpected long sleep: sleep(5173ms) actually took 5527ms which is over the threshold 300ms
2019-09-25 07:21:09,947 [Thread-465] WARN  util.JavaUtils (JavaUtils.java:sleep(250)) - Unexpected long sleep: sleep(5199ms) actually took 5584ms which is over the threshold 300ms
2019-09-25 07:21:10,385 [IPC Server handler 0 on 46020] INFO  pipeline.PipelinePlacementPolicy (PipelinePlacementPolicy.java:meetCriteria(91)) - Pipeline Placement: Doesn't meet the criteria to be viable node： 8c621658-b0ee-4cf2-b145-27cf4e621fee Heaviness: 6 limit: 5
2019-09-25 07:21:10,385 [IPC Server handler 0 on 46020] INFO  pipeline.PipelinePlacementPolicy (PipelinePlacementPolicy.java:meetCriteria(91)) - Pipeline Placement: Doesn't meet the criteria to be viable node： f368be67-619a-45f1-9208-8e0055b252cf Heaviness: 6 limit: 5
2019-09-25 07:21:10,385 [IPC Server handler 0 on 46020] INFO  pipeline.PipelinePlacementPolicy (PipelinePlacementPolicy.java:meetCriteria(91)) - Pipeline Placement: Doesn't meet the criteria to be viable node： b05de815-ed09-4765-b576-c9e1c2f65196 Heaviness: 6 limit: 5
2019-09-25 07:21:10,385 [IPC Server handler 0 on 46020] INFO  pipeline.PipelinePlacementPolicy (PipelinePlacementPolicy.java:meetCriteria(91)) - Pipeline Placement: Doesn't meet the criteria to be viable node： 6bc56785-b354-47d6-aaaa-aea62bb8d052 Heaviness: 6 limit: 5
2019-09-25 07:21:10,386 [IPC Server handler 0 on 46020] INFO  pipeline.PipelinePlacementPolicy (PipelinePlacementPolicy.java:meetCriteria(91)) - Pipeline Placement: Doesn't meet the criteria to be viable node： 3176e44e-2b1b-466b-9a7b-9faa8a8c6db1 Heaviness: 6 limit: 5
2019-09-25 07:21:10,386 [IPC Server handler 0 on 46020] INFO  pipeline.PipelinePlacementPolicy (PipelinePlacementPolicy.java:meetCriteria(91)) - Pipeline Placement: Doesn't meet the criteria to be viable node： f5d629fd-ecfe-43ee-9421-b64933e3fd75 Heaviness: 6 limit: 5
2019-09-25 07:21:10,386 [IPC Server handler 0 on 46020] INFO  pipeline.PipelinePlacementPolicy (PipelinePlacementPolicy.java:meetCriteria(91)) - Pipeline Placement: Doesn't meet the criteria to be viable node： 790994da-c556-4bb6-9860-e4bcd35fb518 Heaviness: 6 limit: 5
2019-09-25 07:21:10,386 [IPC Server handler 0 on 46020] INFO  pipeline.PipelinePlacementPolicy (PipelinePlacementPolicy.java:meetCriteria(91)) - Pipeline Placement: Doesn't meet the criteria to be viable node： 46f08633-29b5-4547-ba27-3aefda386aa8 Heaviness: 6 limit: 5
2019-09-25 07:21:10,386 [IPC Server handler 0 on 46020] INFO  pipeline.PipelinePlacementPolicy (PipelinePlacementPolicy.java:meetCriteria(91)) - Pipeline Placement: Doesn't meet the criteria to be viable node： 3ed290a7-a21d-4e57-957f-efca320df8bc Heaviness: 6 limit: 5
2019-09-25 07:21:10,386 [IPC Server handler 0 on 46020] INFO  pipeline.PipelinePlacementPolicy (PipelinePlacementPolicy.java:meetCriteria(91)) - Pipeline Placement: Doesn't meet the criteria to be viable node： 988e4f02-2728-4d94-a25f-5554bec3cdd7 Heaviness: 6 limit: 5
2019-09-25 07:21:10,387 [IPC Server handler 0 on 46020] ERROR pipeline.PipelinePlacementPolicy (PipelinePlacementPolicy.java:filterViableNodes(148)) - Unable to find enough nodes that meet the criteria that cannot engage in more than 5 pipelines. Nodes required: 3 Found: 0, healthy nodes count inNodeManager: 10.
2019-09-25 07:21:10,387 [IPC Server handler 0 on 46020] ERROR pipeline.SCMPipelineManager (SCMPipelineManager.java:createPipeline(167)) - Pipeline creation failed due to exception: Unable to find enough nodes that meet the criteria that cannot engage in more than 5 pipelines. Nodes required: 3 Found: 0, healthy nodes count inNodeManager: 10.
2019-09-25 07:21:10,388 [IPC Server handler 0 on 46020] WARN  block.BlockManagerImpl (BlockManagerImpl.java:allocateBlock(192)) - Pipeline creation failed for type:RATIS factor:THREE. Retrying get pipelines call once.
org.apache.hadoop.hdds.scm.exceptions.SCMException: Unable to find enough nodes that meet the criteria that cannot engage in more than 5 pipelines. Nodes required: 3 Found: 0, healthy nodes count inNodeManager: 10.
	at org.apache.hadoop.hdds.scm.pipeline.PipelinePlacementPolicy.filterViableNodes(PipelinePlacementPolicy.java:149)
	at org.apache.hadoop.hdds.scm.pipeline.PipelinePlacementPolicy.chooseDatanodes(PipelinePlacementPolicy.java:172)
	at org.apache.hadoop.hdds.scm.pipeline.RatisPipelineProvider.create(RatisPipelineProvider.java:93)
	at org.apache.hadoop.hdds.scm.pipeline.PipelineFactory.create(PipelineFactory.java:58)
	at org.apache.hadoop.hdds.scm.pipeline.SCMPipelineManager.createPipeline(SCMPipelineManager.java:155)
	at org.apache.hadoop.hdds.scm.block.BlockManagerImpl.allocateBlock(BlockManagerImpl.java:190)
	at org.apache.hadoop.hdds.scm.server.SCMBlockProtocolServer.allocateBlock(SCMBlockProtocolServer.java:182)
	at org.apache.hadoop.ozone.protocolPB.ScmBlockLocationProtocolServerSideTranslatorPB.allocateScmBlock(ScmBlockLocationProtocolServerSideTranslatorPB.java:183)
	at org.apache.hadoop.ozone.protocolPB.ScmBlockLocationProtocolServerSideTranslatorPB.processMessage(ScmBlockLocationProtocolServerSideTranslatorPB.java:141)
	at org.apache.hadoop.ozone.protocolPB.ScmBlockLocationProtocolServerSideTranslatorPB.send(ScmBlockLocationProtocolServerSideTranslatorPB.java:116)
	at org.apache.hadoop.hdds.protocol.proto.ScmBlockLocationProtocolProtos$ScmBlockLocationProtocolService$2.callBlockingMethod(ScmBlockLocationProtocolProtos.java:13157)
	at org.apache.hadoop.ipc.ProtobufRpcEngine$Server$ProtoBufRpcInvoker.call(ProtobufRpcEngine.java:524)
	at org.apache.hadoop.ipc.RPC$Server.call(RPC.java:1025)
	at org.apache.hadoop.ipc.Server$RpcCall.run(Server.java:876)
	at org.apache.hadoop.ipc.Server$RpcCall.run(Server.java:822)
	at java.security.AccessController.doPrivileged(Native Method)
	at javax.security.auth.Subject.doAs(Subject.java:422)
	at org.apache.hadoop.security.UserGroupInformation.doAs(UserGroupInformation.java:1730)
	at org.apache.hadoop.ipc.Server$Handler.run(Server.java:2682)
2019-09-25 07:21:10,390 [IPC Server handler 0 on 46020] INFO  block.BlockManagerImpl (BlockManagerImpl.java:allocateBlock(198)) - Could not find available pipeline of type:RATIS and factor:THREE even after retrying
2019-09-25 07:21:10,390 [IPC Server handler 0 on 46020] ERROR block.BlockManagerImpl (BlockManagerImpl.java:allocateBlock(222)) - Unable to allocate a block for the size: 4194304, type: RATIS, factor: THREE
2019-09-25 07:21:10,398 [main] INFO  ozone.MiniOzoneClusterImpl (MiniOzoneClusterImpl.java:shutdown(314)) - Shutting down the Mini Ozone Cluster
2019-09-25 07:21:10,399 [main] INFO  ozone.MiniOzoneClusterImpl (MiniOzoneClusterImpl.java:stop(330)) - Stopping the Mini Ozone Cluster
2019-09-25 07:21:10,399 [main] INFO  ozone.MiniOzoneClusterImpl (MiniOzoneClusterImpl.java:stopOM(400)) - Stopping the OzoneManager
2019-09-25 07:21:10,399 [main] INFO  ipc.Server (Server.java:stop(3082)) - Stopping server on 32814
2019-09-25 07:21:10,425 [IPC Server listener on 32814] INFO  ipc.Server (Server.java:run(1185)) - Stopping IPC Server listener on 32814
2019-09-25 07:21:10,430 [main] INFO  ratis.OzoneManagerDoubleBuffer (OzoneManagerDoubleBuffer.java:stop(248)) - Stopping OMDoubleBuffer flush thread
2019-09-25 07:21:10,452 [IPC Server Responder] INFO  ipc.Server (Server.java:run(1319)) - Stopping IPC Server Responder
2019-09-25 07:21:10,453 [OMDoubleBufferFlushThread] INFO  ratis.OzoneManagerDoubleBuffer (OzoneManagerDoubleBuffer.java:flushTransactions(191)) - OMDoubleBuffer flush thread OMDoubleBufferFlushThread is interrupted and will exit. OMDoubleBufferFlushThread
2019-09-25 07:21:10,457 [main] INFO  utils.BackgroundService (BackgroundService.java:shutdown(148)) - Shutting down service KeyDeletingService
2019-09-25 07:21:10,462 [main] INFO  handler.ContextHandler (ContextHandler.java:doStop(910)) - Stopped o.e.j.w.WebAppContext@298d9a05{/,null,UNAVAILABLE}{/ozoneManager}
2019-09-25 07:21:10,468 [main] INFO  server.AbstractConnector (AbstractConnector.java:doStop(318)) - Stopped ServerConnector@58399d82{HTTP/1.1,[http/1.1]}{0.0.0.0:0}
2019-09-25 07:21:10,468 [main] INFO  handler.ContextHandler (ContextHandler.java:doStop(910)) - Stopped o.e.j.s.ServletContextHandler@1dcca8d3{/static,jar:file:/home/user/.m2/repository/org/apache/hadoop/hadoop-ozone-ozone-manager/0.5.0-SNAPSHOT/hadoop-ozone-ozone-manager-0.5.0-SNAPSHOT.jar!/webapps/static,UNAVAILABLE}
2019-09-25 07:21:10,469 [main] INFO  handler.ContextHandler (ContextHandler.java:doStop(910)) - Stopped o.e.j.s.ServletContextHandler@56303475{/logs,file:///workdir/hadoop-ozone/ozonefs/target/log,UNAVAILABLE}
2019-09-25 07:21:10,475 [main] INFO  ozone.MiniOzoneClusterImpl (MiniOzoneClusterImpl.java:stopDatanodes(377)) - Stopping the HddsDatanodes
2019-09-25 07:21:10,481 [Datanode State Machine Thread - 0] INFO  statemachine.DatanodeStateMachine (DatanodeStateMachine.java:lambda$startDaemon$0(350)) - Ozone container server started.
2019-09-25 07:21:10,946 [Datanode State Machine Thread - 0] INFO  statemachine.DatanodeStateMachine (DatanodeStateMachine.java:lambda$startDaemon$0(350)) - Ozone container server started.
2019-09-25 07:21:15,100 [Thread-469] INFO  impl.FollowerState (FollowerState.java:run(106)) - 790994da-c556-4bb6-9860-e4bcd35fb518:group-D903AB2894C3 changes to CANDIDATE, lastRpcTime:10681, electionTimeout:5153ms
2019-09-25 07:21:15,101 [Thread-469] INFO  impl.RoleInfo (RoleInfo.java:shutdownFollowerState(121)) - 790994da-c556-4bb6-9860-e4bcd35fb518: shutdown FollowerState
2019-09-25 07:21:15,101 [Thread-469] INFO  impl.RaftServerImpl (RaftServerImpl.java:setRole(174)) - 790994da-c556-4bb6-9860-e4bcd35fb518@group-D903AB2894C3: changes role from  FOLLOWER to CANDIDATE at term 0 for changeToCandidate
2019-09-25 07:21:15,101 [Thread-469] INFO  impl.RoleInfo (RoleInfo.java:updateAndGet(143)) - 790994da-c556-4bb6-9860-e4bcd35fb518: start LeaderElection
2019-09-25 07:21:15,125 [790994da-c556-4bb6-9860-e4bcd35fb518@group-D903AB2894C3:LeaderElection59] INFO  impl.LeaderElection (LeaderElection.java:askForVotes(182)) - 790994da-c556-4bb6-9860-e4bcd35fb518@group-D903AB2894C3:LeaderElection59: begin an election at term 1 for -1: [790994da-c556-4bb6-9860-e4bcd35fb518:192.168.30.10:42560], old=null
2019-09-25 07:21:15,125 [790994da-c556-4bb6-9860-e4bcd35fb518@group-D903AB2894C3:LeaderElection59] INFO  impl.RoleInfo (RoleInfo.java:shutdownLeaderElection(134)) - 790994da-c556-4bb6-9860-e4bcd35fb518: shutdown LeaderElection
2019-09-25 07:21:15,126 [790994da-c556-4bb6-9860-e4bcd35fb518@group-D903AB2894C3:LeaderElection59] INFO  impl.RaftServerImpl (RaftServerImpl.java:setRole(174)) - 790994da-c556-4bb6-9860-e4bcd35fb518@group-D903AB2894C3: changes role from CANDIDATE to LEADER at term 1 for changeToLeader
2019-09-25 07:21:15,126 [790994da-c556-4bb6-9860-e4bcd35fb518@group-D903AB2894C3:LeaderElection59] INFO  impl.RaftServerImpl (ServerState.java:setLeader(253)) - 790994da-c556-4bb6-9860-e4bcd35fb518@group-D903AB2894C3: change Leader from null to 790994da-c556-4bb6-9860-e4bcd35fb518 at term 1 for becomeLeader, leader elected after 10713ms
2019-09-25 07:21:15,126 [790994da-c556-4bb6-9860-e4bcd35fb518@group-D903AB2894C3:LeaderElection59] INFO  server.RaftServerConfigKeys (ConfUtils.java:logGet(43)) - raft.server.staging.catchup.gap = 1000 (default)
2019-09-25 07:21:15,126 [790994da-c556-4bb6-9860-e4bcd35fb518@group-D903AB2894C3:LeaderElection59] INFO  server.RaftServerConfigKeys (ConfUtils.java:logGet(43)) - raft.server.rpc.sleep.time = 25ms (default)
2019-09-25 07:21:15,126 [790994da-c556-4bb6-9860-e4bcd35fb518@group-D903AB2894C3:LeaderElection59] INFO  server.RaftServerConfigKeys (ConfUtils.java:logGet(43)) - raft.server.write.element-limit = 4096 (default)
2019-09-25 07:21:15,126 [790994da-c556-4bb6-9860-e4bcd35fb518@group-D903AB2894C3:LeaderElection59] INFO  server.RaftServerConfigKeys (ConfUtils.java:logGet(43)) - raft.server.watch.timeout = 10s (default)
2019-09-25 07:21:15,127 [790994da-c556-4bb6-9860-e4bcd35fb518@group-D903AB2894C3:LeaderElection59] INFO  server.RaftServerConfigKeys (ConfUtils.java:logGet(43)) - raft.server.watch.timeout.denomination = 1s (default)
2019-09-25 07:21:15,127 [790994da-c556-4bb6-9860-e4bcd35fb518@group-D903AB2894C3:LeaderElection59] INFO  server.RaftServerConfigKeys (ConfUtils.java:logGet(43)) - raft.server.watch.element-limit = 65536 (default)
2019-09-25 07:21:15,130 [790994da-c556-4bb6-9860-e4bcd35fb518@group-D903AB2894C3:LeaderElection59] INFO  impl.RoleInfo (RoleInfo.java:updateAndGet(143)) - 790994da-c556-4bb6-9860-e4bcd35fb518: start LeaderState
2019-09-25 07:21:15,130 [790994da-c556-4bb6-9860-e4bcd35fb518@group-D903AB2894C3:LeaderElection59] INFO  segmented.SegmentedRaftLogWorker (SegmentedRaftLogWorker.java:startLogSegment(380)) - 790994da-c556-4bb6-9860-e4bcd35fb518@group-D903AB2894C3-SegmentedRaftLogWorker: Starting segment from index:0
2019-09-25 07:21:15,131 [790994da-c556-4bb6-9860-e4bcd35fb518@group-D903AB2894C3:LeaderElection59] INFO  impl.RaftServerImpl (ServerState.java:setRaftConf(354)) - 790994da-c556-4bb6-9860-e4bcd35fb518@group-D903AB2894C3: set configuration 0: [790994da-c556-4bb6-9860-e4bcd35fb518:192.168.30.10:42560], old=null at 0
2019-09-25 07:21:15,160 [Thread-465] INFO  impl.FollowerState (FollowerState.java:run(106)) - 3ed290a7-a21d-4e57-957f-efca320df8bc:group-5DB15EA38734 changes to CANDIDATE, lastRpcTime:10798, electionTimeout:5199ms
2019-09-25 07:21:15,160 [Thread-465] INFO  impl.RoleInfo (RoleInfo.java:shutdownFollowerState(121)) - 3ed290a7-a21d-4e57-957f-efca320df8bc: shutdown FollowerState
2019-09-25 07:21:15,160 [Thread-465] INFO  impl.RaftServerImpl (RaftServerImpl.java:setRole(174)) - 3ed290a7-a21d-4e57-957f-efca320df8bc@group-5DB15EA38734: changes role from  FOLLOWER to CANDIDATE at term 0 for changeToCandidate
2019-09-25 07:21:15,161 [Thread-465] INFO  impl.RoleInfo (RoleInfo.java:updateAndGet(143)) - 3ed290a7-a21d-4e57-957f-efca320df8bc: start LeaderElection
2019-09-25 07:21:15,174 [790994da-c556-4bb6-9860-e4bcd35fb518@group-D903AB2894C3-SegmentedRaftLogWorker] INFO  segmented.SegmentedRaftLogWorker (SegmentedRaftLogWorker.java:execute(569)) - 790994da-c556-4bb6-9860-e4bcd35fb518@group-D903AB2894C3-SegmentedRaftLogWorker: created new log segment /workdir/hadoop-ozone/ozonefs/target/test-dir/MiniOzoneClusterImpl-48169ae4-fc36-4fd4-bc0e-7a80f7e832d4/datanode-3/data/ratis/200b3e33-808a-40b8-8736-d903ab2894c3/current/log_inprogress_0
2019-09-25 07:21:15,174 [3ed290a7-a21d-4e57-957f-efca320df8bc@group-5DB15EA38734:LeaderElection60] INFO  impl.LeaderElection (LeaderElection.java:askForVotes(182)) - 3ed290a7-a21d-4e57-957f-efca320df8bc@group-5DB15EA38734:LeaderElection60: begin an election at term 1 for -1: [3ed290a7-a21d-4e57-957f-efca320df8bc:192.168.30.10:43596], old=null
2019-09-25 07:21:15,175 [3ed290a7-a21d-4e57-957f-efca320df8bc@group-5DB15EA38734:LeaderElection60] INFO  impl.RoleInfo (RoleInfo.java:shutdownLeaderElection(134)) - 3ed290a7-a21d-4e57-957f-efca320df8bc: shutdown LeaderElection
2019-09-25 07:21:15,175 [3ed290a7-a21d-4e57-957f-efca320df8bc@group-5DB15EA38734:LeaderElection60] INFO  impl.RaftServerImpl (RaftServerImpl.java:setRole(174)) - 3ed290a7-a21d-4e57-957f-efca320df8bc@group-5DB15EA38734: changes role from CANDIDATE to LEADER at term 1 for changeToLeader
2019-09-25 07:21:15,175 [3ed290a7-a21d-4e57-957f-efca320df8bc@group-5DB15EA38734:LeaderElection60] INFO  impl.RaftServerImpl (ServerState.java:setLeader(253)) - 3ed290a7-a21d-4e57-957f-efca320df8bc@group-5DB15EA38734: change Leader from null to 3ed290a7-a21d-4e57-957f-efca320df8bc at term 1 for becomeLeader, leader elected after 10819ms
2019-09-25 07:21:15,175 [3ed290a7-a21d-4e57-957f-efca320df8bc@group-5DB15EA38734:LeaderElection60] INFO  server.RaftServerConfigKeys (ConfUtils.java:logGet(43)) - raft.server.staging.catchup.gap = 1000 (default)
2019-09-25 07:21:15,175 [3ed290a7-a21d-4e57-957f-efca320df8bc@group-5DB15EA38734:LeaderElection60] INFO  server.RaftServerConfigKeys (ConfUtils.java:logGet(43)) - raft.server.rpc.sleep.time = 25ms (default)
2019-09-25 07:21:15,176 [3ed290a7-a21d-4e57-957f-efca320df8bc@group-5DB15EA38734:LeaderElection60] INFO  server.RaftServerConfigKeys (ConfUtils.java:logGet(43)) - raft.server.write.element-limit = 4096 (default)
2019-09-25 07:21:15,176 [3ed290a7-a21d-4e57-957f-efca320df8bc@group-5DB15EA38734:LeaderElection60] INFO  server.RaftServerConfigKeys (ConfUtils.java:logGet(43)) - raft.server.watch.timeout = 10s (default)
2019-09-25 07:21:15,176 [3ed290a7-a21d-4e57-957f-efca320df8bc@group-5DB15EA38734:LeaderElection60] INFO  server.RaftServerConfigKeys (ConfUtils.java:logGet(43)) - raft.server.watch.timeout.denomination = 1s (default)
2019-09-25 07:21:15,176 [3ed290a7-a21d-4e57-957f-efca320df8bc@group-5DB15EA38734:LeaderElection60] INFO  server.RaftServerConfigKeys (ConfUtils.java:logGet(43)) - raft.server.watch.element-limit = 65536 (default)
2019-09-25 07:21:15,179 [3ed290a7-a21d-4e57-957f-efca320df8bc@group-5DB15EA38734:LeaderElection60] INFO  impl.RoleInfo (RoleInfo.java:updateAndGet(143)) - 3ed290a7-a21d-4e57-957f-efca320df8bc: start LeaderState
2019-09-25 07:21:15,179 [3ed290a7-a21d-4e57-957f-efca320df8bc@group-5DB15EA38734:LeaderElection60] INFO  segmented.SegmentedRaftLogWorker (SegmentedRaftLogWorker.java:startLogSegment(380)) - 3ed290a7-a21d-4e57-957f-efca320df8bc@group-5DB15EA38734-SegmentedRaftLogWorker: Starting segment from index:0
2019-09-25 07:21:15,180 [3ed290a7-a21d-4e57-957f-efca320df8bc@group-5DB15EA38734:LeaderElection60] INFO  impl.RaftServerImpl (ServerState.java:setRaftConf(354)) - 3ed290a7-a21d-4e57-957f-efca320df8bc@group-5DB15EA38734: set configuration 0: [3ed290a7-a21d-4e57-957f-efca320df8bc:192.168.30.10:43596], old=null at 0
2019-09-25 07:21:15,242 [3ed290a7-a21d-4e57-957f-efca320df8bc@group-5DB15EA38734-SegmentedRaftLogWorker] INFO  segmented.SegmentedRaftLogWorker (SegmentedRaftLogWorker.java:execute(569)) - 3ed290a7-a21d-4e57-957f-efca320df8bc@group-5DB15EA38734-SegmentedRaftLogWorker: created new log segment /workdir/hadoop-ozone/ozonefs/target/test-dir/MiniOzoneClusterImpl-48169ae4-fc36-4fd4-bc0e-7a80f7e832d4/datanode-7/data/ratis/be7ef9d9-2f2b-4fed-9cde-5db15ea38734/current/log_inprogress_0
2019-09-25 07:21:15,478 [ForkJoinPool.commonPool-worker-1] INFO  ozoneimpl.OzoneContainer (OzoneContainer.java:stop(231)) - Attempting to stop container services.
2019-09-25 07:21:15,478 [main] INFO  ozoneimpl.OzoneContainer (OzoneContainer.java:stop(231)) - Attempting to stop container services.
2019-09-25 07:21:15,479 [ForkJoinPool.commonPool-worker-1] INFO  impl.RaftServerProxy (RaftServerProxy.java:lambda$close$4(314)) - 46f08633-29b5-4547-ba27-3aefda386aa8: close
2019-09-25 07:21:15,480 [main] INFO  impl.RaftServerProxy (RaftServerProxy.java:lambda$close$4(314)) - 6bc56785-b354-47d6-aaaa-aea62bb8d052: close
2019-09-25 07:21:15,482 [ForkJoinPool.commonPool-worker-1] INFO  impl.RaftServerImpl (RaftServerImpl.java:lambda$shutdown$3(251)) - 46f08633-29b5-4547-ba27-3aefda386aa8@group-5FC5933E05B1: shutdown
2019-09-25 07:21:15,482 [main] INFO  impl.RaftServerImpl (RaftServerImpl.java:lambda$shutdown$3(251)) - 6bc56785-b354-47d6-aaaa-aea62bb8d052@group-D1B4DEBC162C: shutdown
2019-09-25 07:21:15,483 [ForkJoinPool.commonPool-worker-1] INFO  util.JmxRegister (JmxRegister.java:unregister(73)) - Successfully un-registered JMX Bean with object name Ratis:service=RaftServer,group=group-5FC5933E05B1,id=46f08633-29b5-4547-ba27-3aefda386aa8
2019-09-25 07:21:15,483 [main] INFO  util.JmxRegister (JmxRegister.java:unregister(73)) - Successfully un-registered JMX Bean with object name Ratis:service=RaftServer,group=group-D1B4DEBC162C,id=6bc56785-b354-47d6-aaaa-aea62bb8d052
2019-09-25 07:21:15,484 [main] INFO  impl.RoleInfo (RoleInfo.java:shutdownLeaderState(104)) - 6bc56785-b354-47d6-aaaa-aea62bb8d052: shutdown LeaderState
2019-09-25 07:21:15,483 [ForkJoinPool.commonPool-worker-1] INFO  impl.RoleInfo (RoleInfo.java:shutdownLeaderState(104)) - 46f08633-29b5-4547-ba27-3aefda386aa8: shutdown LeaderState
2019-09-25 07:21:15,486 [main] INFO  impl.PendingRequests (PendingRequests.java:sendNotLeaderResponses(202)) - 6bc56785-b354-47d6-aaaa-aea62bb8d052-PendingRequests: sendNotLeaderResponses
2019-09-25 07:21:15,486 [ForkJoinPool.commonPool-worker-1] INFO  impl.PendingRequests (PendingRequests.java:sendNotLeaderResponses(202)) - 46f08633-29b5-4547-ba27-3aefda386aa8-PendingRequests: sendNotLeaderResponses
2019-09-25 07:21:15,493 [main] INFO  impl.StateMachineUpdater (StateMachineUpdater.java:stopAndJoin(125)) - 6bc56785-b354-47d6-aaaa-aea62bb8d052@group-D1B4DEBC162C-StateMachineUpdater: set stopIndex = 0
2019-09-25 07:21:15,493 [ForkJoinPool.commonPool-worker-1] INFO  impl.StateMachineUpdater (StateMachineUpdater.java:stopAndJoin(125)) - 46f08633-29b5-4547-ba27-3aefda386aa8@group-5FC5933E05B1-StateMachineUpdater: set stopIndex = 0
2019-09-25 07:21:15,496 [main] INFO  impl.RaftServerImpl (ServerState.java:close(385)) - 6bc56785-b354-47d6-aaaa-aea62bb8d052@group-D1B4DEBC162C: closes. applyIndex: 0
2019-09-25 07:21:15,496 [ForkJoinPool.commonPool-worker-1] INFO  impl.RaftServerImpl (ServerState.java:close(385)) - 46f08633-29b5-4547-ba27-3aefda386aa8@group-5FC5933E05B1: closes. applyIndex: 0
2019-09-25 07:21:15,499 [46f08633-29b5-4547-ba27-3aefda386aa8@group-5FC5933E05B1-SegmentedRaftLogWorker] INFO  segmented.SegmentedRaftLogWorker (SegmentedRaftLogWorker.java:run(313)) - 46f08633-29b5-4547-ba27-3aefda386aa8@group-5FC5933E05B1-SegmentedRaftLogWorker was interrupted, exiting. There are 0 tasks remaining in the queue.
2019-09-25 07:21:15,499 [6bc56785-b354-47d6-aaaa-aea62bb8d052@group-D1B4DEBC162C-SegmentedRaftLogWorker] INFO  segmented.SegmentedRaftLogWorker (SegmentedRaftLogWorker.java:run(313)) - 6bc56785-b354-47d6-aaaa-aea62bb8d052@group-D1B4DEBC162C-SegmentedRaftLogWorker was interrupted, exiting. There are 0 tasks remaining in the queue.
2019-09-25 07:21:15,503 [ForkJoinPool.commonPool-worker-1] INFO  segmented.SegmentedRaftLogWorker (SegmentedRaftLogWorker.java:close(228)) - 46f08633-29b5-4547-ba27-3aefda386aa8@group-5FC5933E05B1-SegmentedRaftLogWorker close()
2019-09-25 07:21:15,503 [main] INFO  segmented.SegmentedRaftLogWorker (SegmentedRaftLogWorker.java:close(228)) - 6bc56785-b354-47d6-aaaa-aea62bb8d052@group-D1B4DEBC162C-SegmentedRaftLogWorker close()
2019-09-25 07:21:15,509 [ForkJoinPool.commonPool-worker-1] INFO  impl.RaftServerImpl (RaftServerImpl.java:lambda$shutdown$3(251)) - 46f08633-29b5-4547-ba27-3aefda386aa8@group-740AC12B3BE6: shutdown
2019-09-25 07:21:15,514 [main] INFO  impl.RaftServerImpl (RaftServerImpl.java:lambda$shutdown$3(251)) - 6bc56785-b354-47d6-aaaa-aea62bb8d052@group-222DDEDDA9D8: shutdown
2019-09-25 07:21:15,514 [ForkJoinPool.commonPool-worker-1] INFO  util.JmxRegister (JmxRegister.java:unregister(73)) - Successfully un-registered JMX Bean with object name Ratis:service=RaftServer,group=group-740AC12B3BE6,id=46f08633-29b5-4547-ba27-3aefda386aa8
2019-09-25 07:21:15,515 [main] INFO  util.JmxRegister (JmxRegister.java:unregister(73)) - Successfully un-registered JMX Bean with object name Ratis:service=RaftServer,group=group-222DDEDDA9D8,id=6bc56785-b354-47d6-aaaa-aea62bb8d052
2019-09-25 07:21:15,515 [ForkJoinPool.commonPool-worker-1] INFO  impl.RoleInfo (RoleInfo.java:shutdownLeaderState(104)) - 46f08633-29b5-4547-ba27-3aefda386aa8: shutdown LeaderState
2019-09-25 07:21:15,515 [main] INFO  impl.RoleInfo (RoleInfo.java:shutdownLeaderState(104)) - 6bc56785-b354-47d6-aaaa-aea62bb8d052: shutdown LeaderState
2019-09-25 07:21:15,516 [ForkJoinPool.commonPool-worker-1] INFO  impl.PendingRequests (PendingRequests.java:sendNotLeaderResponses(202)) - 46f08633-29b5-4547-ba27-3aefda386aa8-PendingRequests: sendNotLeaderResponses
2019-09-25 07:21:15,516 [main] INFO  impl.PendingRequests (PendingRequests.java:sendNotLeaderResponses(202)) - 6bc56785-b354-47d6-aaaa-aea62bb8d052-PendingRequests: sendNotLeaderResponses
2019-09-25 07:21:15,516 [ForkJoinPool.commonPool-worker-1] INFO  impl.StateMachineUpdater (StateMachineUpdater.java:stopAndJoin(125)) - 46f08633-29b5-4547-ba27-3aefda386aa8@group-740AC12B3BE6-StateMachineUpdater: set stopIndex = 0
2019-09-25 07:21:15,517 [main] INFO  impl.StateMachineUpdater (StateMachineUpdater.java:stopAndJoin(125)) - 6bc56785-b354-47d6-aaaa-aea62bb8d052@group-222DDEDDA9D8-StateMachineUpdater: set stopIndex = 0
2019-09-25 07:21:15,517 [ForkJoinPool.commonPool-worker-1] INFO  impl.RaftServerImpl (ServerState.java:close(385)) - 46f08633-29b5-4547-ba27-3aefda386aa8@group-740AC12B3BE6: closes. applyIndex: 0
2019-09-25 07:21:15,517 [main] INFO  impl.RaftServerImpl (ServerState.java:close(385)) - 6bc56785-b354-47d6-aaaa-aea62bb8d052@group-222DDEDDA9D8: closes. applyIndex: 0
2019-09-25 07:21:15,518 [46f08633-29b5-4547-ba27-3aefda386aa8@group-740AC12B3BE6-SegmentedRaftLogWorker] INFO  segmented.SegmentedRaftLogWorker (SegmentedRaftLogWorker.java:run(313)) - 46f08633-29b5-4547-ba27-3aefda386aa8@group-740AC12B3BE6-SegmentedRaftLogWorker was interrupted, exiting. There are 0 tasks remaining in the queue.
2019-09-25 07:21:15,518 [6bc56785-b354-47d6-aaaa-aea62bb8d052@group-222DDEDDA9D8-SegmentedRaftLogWorker] INFO  segmented.SegmentedRaftLogWorker (SegmentedRaftLogWorker.java:run(313)) - 6bc56785-b354-47d6-aaaa-aea62bb8d052@group-222DDEDDA9D8-SegmentedRaftLogWorker was interrupted, exiting. There are 0 tasks remaining in the queue.
2019-09-25 07:21:15,522 [ForkJoinPool.commonPool-worker-1] INFO  segmented.SegmentedRaftLogWorker (SegmentedRaftLogWorker.java:close(228)) - 46f08633-29b5-4547-ba27-3aefda386aa8@group-740AC12B3BE6-SegmentedRaftLogWorker close()
2019-09-25 07:21:15,525 [main] INFO  segmented.SegmentedRaftLogWorker (SegmentedRaftLogWorker.java:close(228)) - 6bc56785-b354-47d6-aaaa-aea62bb8d052@group-222DDEDDA9D8-SegmentedRaftLogWorker close()
2019-09-25 07:21:15,529 [ForkJoinPool.commonPool-worker-1] INFO  impl.RaftServerImpl (RaftServerImpl.java:lambda$shutdown$3(251)) - 46f08633-29b5-4547-ba27-3aefda386aa8@group-AED539C55F27: shutdown
2019-09-25 07:21:15,534 [main] INFO  impl.RaftServerImpl (RaftServerImpl.java:lambda$shutdown$3(251)) - 6bc56785-b354-47d6-aaaa-aea62bb8d052@group-3D2EE3C06F68: shutdown
2019-09-25 07:21:15,534 [ForkJoinPool.commonPool-worker-1] INFO  util.JmxRegister (JmxRegister.java:unregister(73)) - Successfully un-registered JMX Bean with object name Ratis:service=RaftServer,group=group-AED539C55F27,id=46f08633-29b5-4547-ba27-3aefda386aa8
2019-09-25 07:21:15,534 [main] INFO  util.JmxRegister (JmxRegister.java:unregister(73)) - Successfully un-registered JMX Bean with object name Ratis:service=RaftServer,group=group-3D2EE3C06F68,id=6bc56785-b354-47d6-aaaa-aea62bb8d052
2019-09-25 07:21:15,535 [ForkJoinPool.commonPool-worker-1] INFO  impl.RoleInfo (RoleInfo.java:shutdownLeaderState(104)) - 46f08633-29b5-4547-ba27-3aefda386aa8: shutdown LeaderState
2019-09-25 07:21:15,535 [main] INFO  impl.RoleInfo (RoleInfo.java:shutdownLeaderState(104)) - 6bc56785-b354-47d6-aaaa-aea62bb8d052: shutdown LeaderState
2019-09-25 07:21:15,535 [ForkJoinPool.commonPool-worker-1] INFO  impl.PendingRequests (PendingRequests.java:sendNotLeaderResponses(202)) - 46f08633-29b5-4547-ba27-3aefda386aa8-PendingRequests: sendNotLeaderResponses
2019-09-25 07:21:15,536 [main] INFO  impl.PendingRequests (PendingRequests.java:sendNotLeaderResponses(202)) - 6bc56785-b354-47d6-aaaa-aea62bb8d052-PendingRequests: sendNotLeaderResponses
2019-09-25 07:21:15,536 [ForkJoinPool.commonPool-worker-1] INFO  impl.StateMachineUpdater (StateMachineUpdater.java:stopAndJoin(125)) - 46f08633-29b5-4547-ba27-3aefda386aa8@group-AED539C55F27-StateMachineUpdater: set stopIndex = 0
2019-09-25 07:21:15,536 [main] INFO  impl.StateMachineUpdater (StateMachineUpdater.java:stopAndJoin(125)) - 6bc56785-b354-47d6-aaaa-aea62bb8d052@group-3D2EE3C06F68-StateMachineUpdater: set stopIndex = 0
2019-09-25 07:21:15,537 [ForkJoinPool.commonPool-worker-1] INFO  impl.RaftServerImpl (ServerState.java:close(385)) - 46f08633-29b5-4547-ba27-3aefda386aa8@group-AED539C55F27: closes. applyIndex: 0
2019-09-25 07:21:15,537 [main] INFO  impl.RaftServerImpl (ServerState.java:close(385)) - 6bc56785-b354-47d6-aaaa-aea62bb8d052@group-3D2EE3C06F68: closes. applyIndex: 0
2019-09-25 07:21:15,537 [46f08633-29b5-4547-ba27-3aefda386aa8@group-AED539C55F27-SegmentedRaftLogWorker] INFO  segmented.SegmentedRaftLogWorker (SegmentedRaftLogWorker.java:run(313)) - 46f08633-29b5-4547-ba27-3aefda386aa8@group-AED539C55F27-SegmentedRaftLogWorker was interrupted, exiting. There are 0 tasks remaining in the queue.
2019-09-25 07:21:15,538 [6bc56785-b354-47d6-aaaa-aea62bb8d052@group-3D2EE3C06F68-SegmentedRaftLogWorker] INFO  segmented.SegmentedRaftLogWorker (SegmentedRaftLogWorker.java:run(313)) - 6bc56785-b354-47d6-aaaa-aea62bb8d052@group-3D2EE3C06F68-SegmentedRaftLogWorker was interrupted, exiting. There are 0 tasks remaining in the queue.
2019-09-25 07:21:15,541 [ForkJoinPool.commonPool-worker-1] INFO  segmented.SegmentedRaftLogWorker (SegmentedRaftLogWorker.java:close(228)) - 46f08633-29b5-4547-ba27-3aefda386aa8@group-AED539C55F27-SegmentedRaftLogWorker close()
2019-09-25 07:21:15,544 [main] INFO  segmented.SegmentedRaftLogWorker (SegmentedRaftLogWorker.java:close(228)) - 6bc56785-b354-47d6-aaaa-aea62bb8d052@group-3D2EE3C06F68-SegmentedRaftLogWorker close()
2019-09-25 07:21:15,550 [ForkJoinPool.commonPool-worker-1] INFO  impl.RaftServerImpl (RaftServerImpl.java:lambda$shutdown$3(251)) - 46f08633-29b5-4547-ba27-3aefda386aa8@group-C5EB6D5487F6: shutdown
2019-09-25 07:21:15,554 [main] INFO  impl.RaftServerImpl (RaftServerImpl.java:lambda$shutdown$3(251)) - 6bc56785-b354-47d6-aaaa-aea62bb8d052@group-5AA42C938A01: shutdown
2019-09-25 07:21:15,555 [ForkJoinPool.commonPool-worker-1] INFO  util.JmxRegister (JmxRegister.java:unregister(73)) - Successfully un-registered JMX Bean with object name Ratis:service=RaftServer,group=group-C5EB6D5487F6,id=46f08633-29b5-4547-ba27-3aefda386aa8
2019-09-25 07:21:15,555 [main] INFO  util.JmxRegister (JmxRegister.java:unregister(73)) - Successfully un-registered JMX Bean with object name Ratis:service=RaftServer,group=group-5AA42C938A01,id=6bc56785-b354-47d6-aaaa-aea62bb8d052
2019-09-25 07:21:15,555 [ForkJoinPool.commonPool-worker-1] INFO  impl.RoleInfo (RoleInfo.java:shutdownLeaderState(104)) - 46f08633-29b5-4547-ba27-3aefda386aa8: shutdown LeaderState
2019-09-25 07:21:15,556 [main] INFO  impl.RoleInfo (RoleInfo.java:shutdownLeaderState(104)) - 6bc56785-b354-47d6-aaaa-aea62bb8d052: shutdown LeaderState
2019-09-25 07:21:15,556 [ForkJoinPool.commonPool-worker-1] INFO  impl.PendingRequests (PendingRequests.java:sendNotLeaderResponses(202)) - 46f08633-29b5-4547-ba27-3aefda386aa8-PendingRequests: sendNotLeaderResponses
2019-09-25 07:21:15,556 [main] INFO  impl.PendingRequests (PendingRequests.java:sendNotLeaderResponses(202)) - 6bc56785-b354-47d6-aaaa-aea62bb8d052-PendingRequests: sendNotLeaderResponses
2019-09-25 07:21:15,557 [ForkJoinPool.commonPool-worker-1] INFO  impl.StateMachineUpdater (StateMachineUpdater.java:stopAndJoin(125)) - 46f08633-29b5-4547-ba27-3aefda386aa8@group-C5EB6D5487F6-StateMachineUpdater: set stopIndex = 0
2019-09-25 07:21:15,557 [main] INFO  impl.StateMachineUpdater (StateMachineUpdater.java:stopAndJoin(125)) - 6bc56785-b354-47d6-aaaa-aea62bb8d052@group-5AA42C938A01-StateMachineUpdater: set stopIndex = 0
2019-09-25 07:21:15,557 [ForkJoinPool.commonPool-worker-1] INFO  impl.RaftServerImpl (ServerState.java:close(385)) - 46f08633-29b5-4547-ba27-3aefda386aa8@group-C5EB6D5487F6: closes. applyIndex: 0
2019-09-25 07:21:15,558 [main] INFO  impl.RaftServerImpl (ServerState.java:close(385)) - 6bc56785-b354-47d6-aaaa-aea62bb8d052@group-5AA42C938A01: closes. applyIndex: 0
2019-09-25 07:21:15,558 [46f08633-29b5-4547-ba27-3aefda386aa8@group-C5EB6D5487F6-SegmentedRaftLogWorker] INFO  segmented.SegmentedRaftLogWorker (SegmentedRaftLogWorker.java:run(313)) - 46f08633-29b5-4547-ba27-3aefda386aa8@group-C5EB6D5487F6-SegmentedRaftLogWorker was interrupted, exiting. There are 0 tasks remaining in the queue.
2019-09-25 07:21:15,559 [6bc56785-b354-47d6-aaaa-aea62bb8d052@group-5AA42C938A01-SegmentedRaftLogWorker] INFO  segmented.SegmentedRaftLogWorker (SegmentedRaftLogWorker.java:run(313)) - 6bc56785-b354-47d6-aaaa-aea62bb8d052@group-5AA42C938A01-SegmentedRaftLogWorker was interrupted, exiting. There are 0 tasks remaining in the queue.
2019-09-25 07:21:15,563 [main] INFO  segmented.SegmentedRaftLogWorker (SegmentedRaftLogWorker.java:close(228)) - 6bc56785-b354-47d6-aaaa-aea62bb8d052@group-5AA42C938A01-SegmentedRaftLogWorker close()
2019-09-25 07:21:15,563 [ForkJoinPool.commonPool-worker-1] INFO  segmented.SegmentedRaftLogWorker (SegmentedRaftLogWorker.java:close(228)) - 46f08633-29b5-4547-ba27-3aefda386aa8@group-C5EB6D5487F6-SegmentedRaftLogWorker close()
2019-09-25 07:21:15,567 [main] INFO  impl.RaftServerImpl (RaftServerImpl.java:lambda$shutdown$3(251)) - 6bc56785-b354-47d6-aaaa-aea62bb8d052@group-A4047CC05F37: shutdown
2019-09-25 07:21:15,570 [ForkJoinPool.commonPool-worker-1] INFO  impl.RaftServerImpl (RaftServerImpl.java:lambda$shutdown$3(251)) - 46f08633-29b5-4547-ba27-3aefda386aa8@group-4C97708F04BB: shutdown
2019-09-25 07:21:15,571 [main] INFO  util.JmxRegister (JmxRegister.java:unregister(73)) - Successfully un-registered JMX Bean with object name Ratis:service=RaftServer,group=group-A4047CC05F37,id=6bc56785-b354-47d6-aaaa-aea62bb8d052
2019-09-25 07:21:15,571 [ForkJoinPool.commonPool-worker-1] INFO  util.JmxRegister (JmxRegister.java:unregister(73)) - Successfully un-registered JMX Bean with object name Ratis:service=RaftServer,group=group-4C97708F04BB,id=46f08633-29b5-4547-ba27-3aefda386aa8
2019-09-25 07:21:15,571 [main] INFO  impl.RoleInfo (RoleInfo.java:shutdownLeaderState(104)) - 6bc56785-b354-47d6-aaaa-aea62bb8d052: shutdown LeaderState
2019-09-25 07:21:15,572 [ForkJoinPool.commonPool-worker-1] INFO  impl.RoleInfo (RoleInfo.java:shutdownLeaderState(104)) - 46f08633-29b5-4547-ba27-3aefda386aa8: shutdown LeaderState
2019-09-25 07:21:15,572 [main] INFO  impl.PendingRequests (PendingRequests.java:sendNotLeaderResponses(202)) - 6bc56785-b354-47d6-aaaa-aea62bb8d052-PendingRequests: sendNotLeaderResponses
2019-09-25 07:21:15,572 [ForkJoinPool.commonPool-worker-1] INFO  impl.PendingRequests (PendingRequests.java:sendNotLeaderResponses(202)) - 46f08633-29b5-4547-ba27-3aefda386aa8-PendingRequests: sendNotLeaderResponses
2019-09-25 07:21:15,573 [main] INFO  impl.StateMachineUpdater (StateMachineUpdater.java:stopAndJoin(125)) - 6bc56785-b354-47d6-aaaa-aea62bb8d052@group-A4047CC05F37-StateMachineUpdater: set stopIndex = 0
2019-09-25 07:21:15,573 [ForkJoinPool.commonPool-worker-1] INFO  impl.StateMachineUpdater (StateMachineUpdater.java:stopAndJoin(125)) - 46f08633-29b5-4547-ba27-3aefda386aa8@group-4C97708F04BB-StateMachineUpdater: set stopIndex = 0
2019-09-25 07:21:15,574 [main] INFO  impl.RaftServerImpl (ServerState.java:close(385)) - 6bc56785-b354-47d6-aaaa-aea62bb8d052@group-A4047CC05F37: closes. applyIndex: 0
2019-09-25 07:21:15,574 [ForkJoinPool.commonPool-worker-1] INFO  impl.RaftServerImpl (ServerState.java:close(385)) - 46f08633-29b5-4547-ba27-3aefda386aa8@group-4C97708F04BB: closes. applyIndex: 0
2019-09-25 07:21:15,575 [6bc56785-b354-47d6-aaaa-aea62bb8d052@group-A4047CC05F37-SegmentedRaftLogWorker] INFO  segmented.SegmentedRaftLogWorker (SegmentedRaftLogWorker.java:run(313)) - 6bc56785-b354-47d6-aaaa-aea62bb8d052@group-A4047CC05F37-SegmentedRaftLogWorker was interrupted, exiting. There are 0 tasks remaining in the queue.
2019-09-25 07:21:15,578 [46f08633-29b5-4547-ba27-3aefda386aa8@group-4C97708F04BB-SegmentedRaftLogWorker] INFO  segmented.SegmentedRaftLogWorker (SegmentedRaftLogWorker.java:run(313)) - 46f08633-29b5-4547-ba27-3aefda386aa8@group-4C97708F04BB-SegmentedRaftLogWorker was interrupted, exiting. There are 0 tasks remaining in the queue.
2019-09-25 07:21:15,578 [main] INFO  segmented.SegmentedRaftLogWorker (SegmentedRaftLogWorker.java:close(228)) - 6bc56785-b354-47d6-aaaa-aea62bb8d052@group-A4047CC05F37-SegmentedRaftLogWorker close()
2019-09-25 07:21:15,581 [ForkJoinPool.commonPool-worker-1] INFO  segmented.SegmentedRaftLogWorker (SegmentedRaftLogWorker.java:close(228)) - 46f08633-29b5-4547-ba27-3aefda386aa8@group-4C97708F04BB-SegmentedRaftLogWorker close()
2019-09-25 07:21:15,587 [main] INFO  impl.RaftServerImpl (RaftServerImpl.java:lambda$shutdown$3(251)) - 6bc56785-b354-47d6-aaaa-aea62bb8d052@group-692C979013B2: shutdown
2019-09-25 07:21:15,613 [ForkJoinPool.commonPool-worker-1] INFO  impl.RaftServerImpl (RaftServerImpl.java:lambda$shutdown$3(251)) - 46f08633-29b5-4547-ba27-3aefda386aa8@group-4854031FBEFE: shutdown
2019-09-25 07:21:15,614 [main] INFO  util.JmxRegister (JmxRegister.java:unregister(73)) - Successfully un-registered JMX Bean with object name Ratis:service=RaftServer,group=group-692C979013B2,id=6bc56785-b354-47d6-aaaa-aea62bb8d052
2019-09-25 07:21:15,614 [ForkJoinPool.commonPool-worker-1] INFO  util.JmxRegister (JmxRegister.java:unregister(73)) - Successfully un-registered JMX Bean with object name Ratis:service=RaftServer,group=group-4854031FBEFE,id=46f08633-29b5-4547-ba27-3aefda386aa8
2019-09-25 07:21:15,614 [main] INFO  impl.RoleInfo (RoleInfo.java:shutdownLeaderState(104)) - 6bc56785-b354-47d6-aaaa-aea62bb8d052: shutdown LeaderState
2019-09-25 07:21:15,615 [ForkJoinPool.commonPool-worker-1] INFO  impl.RoleInfo (RoleInfo.java:shutdownLeaderState(104)) - 46f08633-29b5-4547-ba27-3aefda386aa8: shutdown LeaderState
2019-09-25 07:21:15,615 [main] INFO  impl.PendingRequests (PendingRequests.java:sendNotLeaderResponses(202)) - 6bc56785-b354-47d6-aaaa-aea62bb8d052-PendingRequests: sendNotLeaderResponses
2019-09-25 07:21:15,616 [ForkJoinPool.commonPool-worker-1] INFO  impl.PendingRequests (PendingRequests.java:sendNotLeaderResponses(202)) - 46f08633-29b5-4547-ba27-3aefda386aa8-PendingRequests: sendNotLeaderResponses
2019-09-25 07:21:15,616 [main] INFO  impl.StateMachineUpdater (StateMachineUpdater.java:stopAndJoin(125)) - 6bc56785-b354-47d6-aaaa-aea62bb8d052@group-692C979013B2-StateMachineUpdater: set stopIndex = 0
2019-09-25 07:21:15,616 [ForkJoinPool.commonPool-worker-1] INFO  impl.StateMachineUpdater (StateMachineUpdater.java:stopAndJoin(125)) - 46f08633-29b5-4547-ba27-3aefda386aa8@group-4854031FBEFE-StateMachineUpdater: set stopIndex = 0
2019-09-25 07:21:15,617 [main] INFO  impl.RaftServerImpl (ServerState.java:close(385)) - 6bc56785-b354-47d6-aaaa-aea62bb8d052@group-692C979013B2: closes. applyIndex: 0
2019-09-25 07:21:15,617 [ForkJoinPool.commonPool-worker-1] INFO  impl.RaftServerImpl (ServerState.java:close(385)) - 46f08633-29b5-4547-ba27-3aefda386aa8@group-4854031FBEFE: closes. applyIndex: 0
2019-09-25 07:21:15,618 [6bc56785-b354-47d6-aaaa-aea62bb8d052@group-692C979013B2-SegmentedRaftLogWorker] INFO  segmented.SegmentedRaftLogWorker (SegmentedRaftLogWorker.java:run(313)) - 6bc56785-b354-47d6-aaaa-aea62bb8d052@group-692C979013B2-SegmentedRaftLogWorker was interrupted, exiting. There are 0 tasks remaining in the queue.
2019-09-25 07:21:15,618 [main] INFO  segmented.SegmentedRaftLogWorker (SegmentedRaftLogWorker.java:close(228)) - 6bc56785-b354-47d6-aaaa-aea62bb8d052@group-692C979013B2-SegmentedRaftLogWorker close()
2019-09-25 07:21:15,619 [46f08633-29b5-4547-ba27-3aefda386aa8@group-4854031FBEFE-SegmentedRaftLogWorker] INFO  segmented.SegmentedRaftLogWorker (SegmentedRaftLogWorker.java:run(313)) - 46f08633-29b5-4547-ba27-3aefda386aa8@group-4854031FBEFE-SegmentedRaftLogWorker was interrupted, exiting. There are 0 tasks remaining in the queue.
2019-09-25 07:21:15,622 [ForkJoinPool.commonPool-worker-1] INFO  segmented.SegmentedRaftLogWorker (SegmentedRaftLogWorker.java:close(228)) - 46f08633-29b5-4547-ba27-3aefda386aa8@group-4854031FBEFE-SegmentedRaftLogWorker close()
2019-09-25 07:21:15,625 [main] INFO  server.GrpcService (GrpcService.java:closeImpl(164)) - 6bc56785-b354-47d6-aaaa-aea62bb8d052: shutdown server with port 40140 now
2019-09-25 07:21:15,625 [ForkJoinPool.commonPool-worker-1] INFO  server.GrpcService (GrpcService.java:closeImpl(164)) - 46f08633-29b5-4547-ba27-3aefda386aa8: shutdown server with port 40516 now
2019-09-25 07:21:15,631 [ForkJoinPool.commonPool-worker-1] INFO  server.GrpcService (GrpcService.java:closeImpl(172)) - 46f08633-29b5-4547-ba27-3aefda386aa8: shutdown server with port 40516 successfully
2019-09-25 07:21:15,633 [main] INFO  server.GrpcService (GrpcService.java:closeImpl(172)) - 6bc56785-b354-47d6-aaaa-aea62bb8d052: shutdown server with port 40140 successfully
2019-09-25 07:21:15,647 [refreshUsed-/workdir/hadoop-ozone/ozonefs/target/test-dir/MiniOzoneClusterImpl-48169ae4-fc36-4fd4-bc0e-7a80f7e832d4/datanode-2/data/containers] WARN  fs.CachingGetSpaceUsed (CachingGetSpaceUsed.java:run(183)) - Thread Interrupted waiting to refresh disk information: sleep interrupted
2019-09-25 07:21:15,647 [refreshUsed-/workdir/hadoop-ozone/ozonefs/target/test-dir/MiniOzoneClusterImpl-48169ae4-fc36-4fd4-bc0e-7a80f7e832d4/datanode-5/data/containers] WARN  fs.CachingGetSpaceUsed (CachingGetSpaceUsed.java:run(183)) - Thread Interrupted waiting to refresh disk information: sleep interrupted
2019-09-25 07:21:15,680 [ForkJoinPool.commonPool-worker-1] INFO  utils.BackgroundService (BackgroundService.java:shutdown(148)) - Shutting down service BlockDeletingService
2019-09-25 07:21:15,690 [ForkJoinPool.commonPool-worker-1] INFO  statemachine.DatanodeStateMachine (DatanodeStateMachine.java:stopDaemon(395)) - Ozone container server stopped.
2019-09-25 07:21:15,694 [main] INFO  utils.BackgroundService (BackgroundService.java:shutdown(148)) - Shutting down service BlockDeletingService
2019-09-25 07:21:15,697 [ForkJoinPool.commonPool-worker-1] INFO  handler.ContextHandler (ContextHandler.java:doStop(910)) - Stopped o.e.j.w.WebAppContext@26586b74{/,null,UNAVAILABLE}{/hddsDatanode}
2019-09-25 07:21:15,703 [main] INFO  statemachine.DatanodeStateMachine (DatanodeStateMachine.java:stopDaemon(395)) - Ozone container server stopped.
2019-09-25 07:21:15,703 [ForkJoinPool.commonPool-worker-1] INFO  server.AbstractConnector (AbstractConnector.java:doStop(318)) - Stopped ServerConnector@52f57666{HTTP/1.1,[http/1.1]}{0.0.0.0:0}
2019-09-25 07:21:15,705 [ForkJoinPool.commonPool-worker-1] INFO  handler.ContextHandler (ContextHandler.java:doStop(910)) - Stopped o.e.j.s.ServletContextHandler@4996c99{/static,jar:file:/home/user/.m2/repository/org/apache/hadoop/hadoop-hdds-container-service/0.5.0-SNAPSHOT/hadoop-hdds-container-service-0.5.0-SNAPSHOT.jar!/webapps/static,UNAVAILABLE}
2019-09-25 07:21:15,708 [main] INFO  handler.ContextHandler (ContextHandler.java:doStop(910)) - Stopped o.e.j.w.WebAppContext@3722c145{/,null,UNAVAILABLE}{/hddsDatanode}
2019-09-25 07:21:15,708 [ForkJoinPool.commonPool-worker-1] INFO  handler.ContextHandler (ContextHandler.java:doStop(910)) - Stopped o.e.j.s.ServletContextHandler@32130e61{/logs,file:///workdir/hadoop-ozone/ozonefs/target/log,UNAVAILABLE}
2019-09-25 07:21:15,709 [main] INFO  server.AbstractConnector (AbstractConnector.java:doStop(318)) - Stopped ServerConnector@4cbc2e3b{HTTP/1.1,[http/1.1]}{0.0.0.0:0}
2019-09-25 07:21:15,710 [main] INFO  handler.ContextHandler (ContextHandler.java:doStop(910)) - Stopped o.e.j.s.ServletContextHandler@714f3da4{/static,jar:file:/home/user/.m2/repository/org/apache/hadoop/hadoop-hdds-container-service/0.5.0-SNAPSHOT/hadoop-hdds-container-service-0.5.0-SNAPSHOT.jar!/webapps/static,UNAVAILABLE}
2019-09-25 07:21:15,710 [main] INFO  handler.ContextHandler (ContextHandler.java:doStop(910)) - Stopped o.e.j.s.ServletContextHandler@37468787{/logs,file:///workdir/hadoop-ozone/ozonefs/target/log,UNAVAILABLE}
2019-09-25 07:21:15,848 [Datanode State Machine Thread - 0] INFO  statemachine.DatanodeStateMachine (DatanodeStateMachine.java:lambda$startDaemon$0(350)) - Ozone container server started.
2019-09-25 07:21:16,475 [Datanode State Machine Thread - 0] INFO  statemachine.DatanodeStateMachine (DatanodeStateMachine.java:lambda$startDaemon$0(350)) - Ozone container server started.
2019-09-25 07:21:20,710 [ForkJoinPool.commonPool-worker-1] INFO  ozoneimpl.OzoneContainer (OzoneContainer.java:stop(231)) - Attempting to stop container services.
2019-09-25 07:21:20,711 [ForkJoinPool.commonPool-worker-1] INFO  impl.RaftServerProxy (RaftServerProxy.java:lambda$close$4(314)) - 790994da-c556-4bb6-9860-e4bcd35fb518: close
2019-09-25 07:21:20,711 [main] INFO  ozoneimpl.OzoneContainer (OzoneContainer.java:stop(231)) - Attempting to stop container services.
2019-09-25 07:21:20,712 [ForkJoinPool.commonPool-worker-1] INFO  impl.RaftServerImpl (RaftServerImpl.java:lambda$shutdown$3(251)) - 790994da-c556-4bb6-9860-e4bcd35fb518@group-862BA68E5CD4: shutdown
2019-09-25 07:21:20,712 [main] INFO  impl.RaftServerProxy (RaftServerProxy.java:lambda$close$4(314)) - 3176e44e-2b1b-466b-9a7b-9faa8a8c6db1: close
2019-09-25 07:21:20,712 [ForkJoinPool.commonPool-worker-1] INFO  util.JmxRegister (JmxRegister.java:unregister(73)) - Successfully un-registered JMX Bean with object name Ratis:service=RaftServer,group=group-862BA68E5CD4,id=790994da-c556-4bb6-9860-e4bcd35fb518
2019-09-25 07:21:20,713 [main] INFO  impl.RaftServerImpl (RaftServerImpl.java:lambda$shutdown$3(251)) - 3176e44e-2b1b-466b-9a7b-9faa8a8c6db1@group-6AC3D9BA4DAD: shutdown
2019-09-25 07:21:20,713 [ForkJoinPool.commonPool-worker-1] INFO  impl.RoleInfo (RoleInfo.java:shutdownLeaderState(104)) - 790994da-c556-4bb6-9860-e4bcd35fb518: shutdown LeaderState
2019-09-25 07:21:20,713 [main] INFO  util.JmxRegister (JmxRegister.java:unregister(73)) - Successfully un-registered JMX Bean with object name Ratis:service=RaftServer,group=group-6AC3D9BA4DAD,id=3176e44e-2b1b-466b-9a7b-9faa8a8c6db1
2019-09-25 07:21:20,714 [ForkJoinPool.commonPool-worker-1] INFO  impl.PendingRequests (PendingRequests.java:sendNotLeaderResponses(202)) - 790994da-c556-4bb6-9860-e4bcd35fb518-PendingRequests: sendNotLeaderResponses
2019-09-25 07:21:20,714 [main] INFO  impl.RoleInfo (RoleInfo.java:shutdownLeaderState(104)) - 3176e44e-2b1b-466b-9a7b-9faa8a8c6db1: shutdown LeaderState
2019-09-25 07:21:20,715 [ForkJoinPool.commonPool-worker-1] INFO  impl.StateMachineUpdater (StateMachineUpdater.java:stopAndJoin(125)) - 790994da-c556-4bb6-9860-e4bcd35fb518@group-862BA68E5CD4-StateMachineUpdater: set stopIndex = 0
2019-09-25 07:21:20,715 [main] INFO  impl.PendingRequests (PendingRequests.java:sendNotLeaderResponses(202)) - 3176e44e-2b1b-466b-9a7b-9faa8a8c6db1-PendingRequests: sendNotLeaderResponses
2019-09-25 07:21:20,715 [ForkJoinPool.commonPool-worker-1] INFO  impl.RaftServerImpl (ServerState.java:close(385)) - 790994da-c556-4bb6-9860-e4bcd35fb518@group-862BA68E5CD4: closes. applyIndex: 0
2019-09-25 07:21:20,716 [main] INFO  impl.StateMachineUpdater (StateMachineUpdater.java:stopAndJoin(125)) - 3176e44e-2b1b-466b-9a7b-9faa8a8c6db1@group-6AC3D9BA4DAD-StateMachineUpdater: set stopIndex = 0
2019-09-25 07:21:20,717 [main] INFO  impl.RaftServerImpl (ServerState.java:close(385)) - 3176e44e-2b1b-466b-9a7b-9faa8a8c6db1@group-6AC3D9BA4DAD: closes. applyIndex: 0
2019-09-25 07:21:20,717 [790994da-c556-4bb6-9860-e4bcd35fb518@group-862BA68E5CD4-SegmentedRaftLogWorker] INFO  segmented.SegmentedRaftLogWorker (SegmentedRaftLogWorker.java:run(313)) - 790994da-c556-4bb6-9860-e4bcd35fb518@group-862BA68E5CD4-SegmentedRaftLogWorker was interrupted, exiting. There are 0 tasks remaining in the queue.
2019-09-25 07:21:20,717 [3176e44e-2b1b-466b-9a7b-9faa8a8c6db1@group-6AC3D9BA4DAD-SegmentedRaftLogWorker] INFO  segmented.SegmentedRaftLogWorker (SegmentedRaftLogWorker.java:run(313)) - 3176e44e-2b1b-466b-9a7b-9faa8a8c6db1@group-6AC3D9BA4DAD-SegmentedRaftLogWorker was interrupted, exiting. There are 0 tasks remaining in the queue.
2019-09-25 07:21:20,717 [ForkJoinPool.commonPool-worker-1] INFO  segmented.SegmentedRaftLogWorker (SegmentedRaftLogWorker.java:close(228)) - 790994da-c556-4bb6-9860-e4bcd35fb518@group-862BA68E5CD4-SegmentedRaftLogWorker close()
2019-09-25 07:21:20,718 [main] INFO  segmented.SegmentedRaftLogWorker (SegmentedRaftLogWorker.java:close(228)) - 3176e44e-2b1b-466b-9a7b-9faa8a8c6db1@group-6AC3D9BA4DAD-SegmentedRaftLogWorker close()
2019-09-25 07:21:20,721 [ForkJoinPool.commonPool-worker-1] INFO  impl.RaftServerImpl (RaftServerImpl.java:lambda$shutdown$3(251)) - 790994da-c556-4bb6-9860-e4bcd35fb518@group-D903AB2894C3: shutdown
2019-09-25 07:21:20,724 [main] INFO  impl.RaftServerImpl (RaftServerImpl.java:lambda$shutdown$3(251)) - 3176e44e-2b1b-466b-9a7b-9faa8a8c6db1@group-575728AC402B: shutdown
2019-09-25 07:21:20,724 [ForkJoinPool.commonPool-worker-1] INFO  util.JmxRegister (JmxRegister.java:unregister(73)) - Successfully un-registered JMX Bean with object name Ratis:service=RaftServer,group=group-D903AB2894C3,id=790994da-c556-4bb6-9860-e4bcd35fb518
2019-09-25 07:21:20,724 [main] INFO  util.JmxRegister (JmxRegister.java:unregister(73)) - Successfully un-registered JMX Bean with object name Ratis:service=RaftServer,group=group-575728AC402B,id=3176e44e-2b1b-466b-9a7b-9faa8a8c6db1
2019-09-25 07:21:20,725 [ForkJoinPool.commonPool-worker-1] INFO  impl.RoleInfo (RoleInfo.java:shutdownLeaderState(104)) - 790994da-c556-4bb6-9860-e4bcd35fb518: shutdown LeaderState
2019-09-25 07:21:20,725 [main] INFO  impl.RoleInfo (RoleInfo.java:shutdownLeaderState(104)) - 3176e44e-2b1b-466b-9a7b-9faa8a8c6db1: shutdown LeaderState
2019-09-25 07:21:20,725 [ForkJoinPool.commonPool-worker-1] INFO  impl.PendingRequests (PendingRequests.java:sendNotLeaderResponses(202)) - 790994da-c556-4bb6-9860-e4bcd35fb518-PendingRequests: sendNotLeaderResponses
2019-09-25 07:21:20,726 [main] INFO  impl.PendingRequests (PendingRequests.java:sendNotLeaderResponses(202)) - 3176e44e-2b1b-466b-9a7b-9faa8a8c6db1-PendingRequests: sendNotLeaderResponses
2019-09-25 07:21:20,726 [ForkJoinPool.commonPool-worker-1] INFO  impl.StateMachineUpdater (StateMachineUpdater.java:stopAndJoin(125)) - 790994da-c556-4bb6-9860-e4bcd35fb518@group-D903AB2894C3-StateMachineUpdater: set stopIndex = 0
2019-09-25 07:21:20,727 [main] INFO  impl.StateMachineUpdater (StateMachineUpdater.java:stopAndJoin(125)) - 3176e44e-2b1b-466b-9a7b-9faa8a8c6db1@group-575728AC402B-StateMachineUpdater: set stopIndex = 0
2019-09-25 07:21:20,727 [main] INFO  impl.RaftServerImpl (ServerState.java:close(385)) - 3176e44e-2b1b-466b-9a7b-9faa8a8c6db1@group-575728AC402B: closes. applyIndex: 0
2019-09-25 07:21:20,727 [ForkJoinPool.commonPool-worker-1] INFO  impl.RaftServerImpl (ServerState.java:close(385)) - 790994da-c556-4bb6-9860-e4bcd35fb518@group-D903AB2894C3: closes. applyIndex: 0
2019-09-25 07:21:20,728 [3176e44e-2b1b-466b-9a7b-9faa8a8c6db1@group-575728AC402B-SegmentedRaftLogWorker] INFO  segmented.SegmentedRaftLogWorker (SegmentedRaftLogWorker.java:run(313)) - 3176e44e-2b1b-466b-9a7b-9faa8a8c6db1@group-575728AC402B-SegmentedRaftLogWorker was interrupted, exiting. There are 0 tasks remaining in the queue.
2019-09-25 07:21:20,728 [main] INFO  segmented.SegmentedRaftLogWorker (SegmentedRaftLogWorker.java:close(228)) - 3176e44e-2b1b-466b-9a7b-9faa8a8c6db1@group-575728AC402B-SegmentedRaftLogWorker close()
2019-09-25 07:21:20,728 [790994da-c556-4bb6-9860-e4bcd35fb518@group-D903AB2894C3-SegmentedRaftLogWorker] INFO  segmented.SegmentedRaftLogWorker (SegmentedRaftLogWorker.java:run(313)) - 790994da-c556-4bb6-9860-e4bcd35fb518@group-D903AB2894C3-SegmentedRaftLogWorker was interrupted, exiting. There are 0 tasks remaining in the queue.
2019-09-25 07:21:20,731 [main] INFO  impl.RaftServerImpl (RaftServerImpl.java:lambda$shutdown$3(251)) - 3176e44e-2b1b-466b-9a7b-9faa8a8c6db1@group-4E9630327F99: shutdown
2019-09-25 07:21:20,732 [ForkJoinPool.commonPool-worker-1] INFO  segmented.SegmentedRaftLogWorker (SegmentedRaftLogWorker.java:close(228)) - 790994da-c556-4bb6-9860-e4bcd35fb518@group-D903AB2894C3-SegmentedRaftLogWorker close()
2019-09-25 07:21:20,732 [main] INFO  util.JmxRegister (JmxRegister.java:unregister(73)) - Successfully un-registered JMX Bean with object name Ratis:service=RaftServer,group=group-4E9630327F99,id=3176e44e-2b1b-466b-9a7b-9faa8a8c6db1
2019-09-25 07:21:20,735 [main] INFO  impl.RoleInfo (RoleInfo.java:shutdownLeaderState(104)) - 3176e44e-2b1b-466b-9a7b-9faa8a8c6db1: shutdown LeaderState
2019-09-25 07:21:20,735 [ForkJoinPool.commonPool-worker-1] INFO  impl.RaftServerImpl (RaftServerImpl.java:lambda$shutdown$3(251)) - 790994da-c556-4bb6-9860-e4bcd35fb518@group-F73AFE221D21: shutdown
2019-09-25 07:21:20,736 [main] INFO  impl.PendingRequests (PendingRequests.java:sendNotLeaderResponses(202)) - 3176e44e-2b1b-466b-9a7b-9faa8a8c6db1-PendingRequests: sendNotLeaderResponses
2019-09-25 07:21:20,736 [ForkJoinPool.commonPool-worker-1] INFO  util.JmxRegister (JmxRegister.java:unregister(73)) - Successfully un-registered JMX Bean with object name Ratis:service=RaftServer,group=group-F73AFE221D21,id=790994da-c556-4bb6-9860-e4bcd35fb518
2019-09-25 07:21:20,737 [ForkJoinPool.commonPool-worker-1] INFO  impl.RoleInfo (RoleInfo.java:shutdownLeaderState(104)) - 790994da-c556-4bb6-9860-e4bcd35fb518: shutdown LeaderState
2019-09-25 07:21:20,736 [main] INFO  impl.StateMachineUpdater (StateMachineUpdater.java:stopAndJoin(125)) - 3176e44e-2b1b-466b-9a7b-9faa8a8c6db1@group-4E9630327F99-StateMachineUpdater: set stopIndex = 0
2019-09-25 07:21:20,737 [ForkJoinPool.commonPool-worker-1] INFO  impl.PendingRequests (PendingRequests.java:sendNotLeaderResponses(202)) - 790994da-c556-4bb6-9860-e4bcd35fb518-PendingRequests: sendNotLeaderResponses
2019-09-25 07:21:20,737 [main] INFO  impl.RaftServerImpl (ServerState.java:close(385)) - 3176e44e-2b1b-466b-9a7b-9faa8a8c6db1@group-4E9630327F99: closes. applyIndex: 0
2019-09-25 07:21:20,738 [ForkJoinPool.commonPool-worker-1] INFO  impl.StateMachineUpdater (StateMachineUpdater.java:stopAndJoin(125)) - 790994da-c556-4bb6-9860-e4bcd35fb518@group-F73AFE221D21-StateMachineUpdater: set stopIndex = 0
2019-09-25 07:21:20,738 [3176e44e-2b1b-466b-9a7b-9faa8a8c6db1@group-4E9630327F99-SegmentedRaftLogWorker] INFO  segmented.SegmentedRaftLogWorker (SegmentedRaftLogWorker.java:run(313)) - 3176e44e-2b1b-466b-9a7b-9faa8a8c6db1@group-4E9630327F99-SegmentedRaftLogWorker was interrupted, exiting. There are 0 tasks remaining in the queue.
2019-09-25 07:21:20,739 [ForkJoinPool.commonPool-worker-1] INFO  impl.RaftServerImpl (ServerState.java:close(385)) - 790994da-c556-4bb6-9860-e4bcd35fb518@group-F73AFE221D21: closes. applyIndex: 0
2019-09-25 07:21:20,739 [main] INFO  segmented.SegmentedRaftLogWorker (SegmentedRaftLogWorker.java:close(228)) - 3176e44e-2b1b-466b-9a7b-9faa8a8c6db1@group-4E9630327F99-SegmentedRaftLogWorker close()
2019-09-25 07:21:20,739 [790994da-c556-4bb6-9860-e4bcd35fb518@group-F73AFE221D21-SegmentedRaftLogWorker] INFO  segmented.SegmentedRaftLogWorker (SegmentedRaftLogWorker.java:run(313)) - 790994da-c556-4bb6-9860-e4bcd35fb518@group-F73AFE221D21-SegmentedRaftLogWorker was interrupted, exiting. There are 0 tasks remaining in the queue.
2019-09-25 07:21:20,742 [main] INFO  impl.RaftServerImpl (RaftServerImpl.java:lambda$shutdown$3(251)) - 3176e44e-2b1b-466b-9a7b-9faa8a8c6db1@group-BF8AC4D70D10: shutdown
2019-09-25 07:21:20,743 [ForkJoinPool.commonPool-worker-1] INFO  segmented.SegmentedRaftLogWorker (SegmentedRaftLogWorker.java:close(228)) - 790994da-c556-4bb6-9860-e4bcd35fb518@group-F73AFE221D21-SegmentedRaftLogWorker close()
2019-09-25 07:21:20,743 [main] INFO  util.JmxRegister (JmxRegister.java:unregister(73)) - Successfully un-registered JMX Bean with object name Ratis:service=RaftServer,group=group-BF8AC4D70D10,id=3176e44e-2b1b-466b-9a7b-9faa8a8c6db1
2019-09-25 07:21:20,746 [ForkJoinPool.commonPool-worker-1] INFO  impl.RaftServerImpl (RaftServerImpl.java:lambda$shutdown$3(251)) - 790994da-c556-4bb6-9860-e4bcd35fb518@group-E0F477211544: shutdown
2019-09-25 07:21:20,746 [main] INFO  impl.RoleInfo (RoleInfo.java:shutdownLeaderState(104)) - 3176e44e-2b1b-466b-9a7b-9faa8a8c6db1: shutdown LeaderState
2019-09-25 07:21:20,746 [ForkJoinPool.commonPool-worker-1] INFO  util.JmxRegister (JmxRegister.java:unregister(73)) - Successfully un-registered JMX Bean with object name Ratis:service=RaftServer,group=group-E0F477211544,id=790994da-c556-4bb6-9860-e4bcd35fb518
2019-09-25 07:21:20,747 [main] INFO  impl.PendingRequests (PendingRequests.java:sendNotLeaderResponses(202)) - 3176e44e-2b1b-466b-9a7b-9faa8a8c6db1-PendingRequests: sendNotLeaderResponses
2019-09-25 07:21:20,747 [ForkJoinPool.commonPool-worker-1] INFO  impl.RoleInfo (RoleInfo.java:shutdownLeaderState(104)) - 790994da-c556-4bb6-9860-e4bcd35fb518: shutdown LeaderState
2019-09-25 07:21:20,747 [main] INFO  impl.StateMachineUpdater (StateMachineUpdater.java:stopAndJoin(125)) - 3176e44e-2b1b-466b-9a7b-9faa8a8c6db1@group-BF8AC4D70D10-StateMachineUpdater: set stopIndex = 0
2019-09-25 07:21:20,748 [ForkJoinPool.commonPool-worker-1] INFO  impl.PendingRequests (PendingRequests.java:sendNotLeaderResponses(202)) - 790994da-c556-4bb6-9860-e4bcd35fb518-PendingRequests: sendNotLeaderResponses
2019-09-25 07:21:20,748 [main] INFO  impl.RaftServerImpl (ServerState.java:close(385)) - 3176e44e-2b1b-466b-9a7b-9faa8a8c6db1@group-BF8AC4D70D10: closes. applyIndex: 0
2019-09-25 07:21:20,748 [ForkJoinPool.commonPool-worker-1] INFO  impl.StateMachineUpdater (StateMachineUpdater.java:stopAndJoin(125)) - 790994da-c556-4bb6-9860-e4bcd35fb518@group-E0F477211544-StateMachineUpdater: set stopIndex = 0
2019-09-25 07:21:20,749 [3176e44e-2b1b-466b-9a7b-9faa8a8c6db1@group-BF8AC4D70D10-SegmentedRaftLogWorker] INFO  segmented.SegmentedRaftLogWorker (SegmentedRaftLogWorker.java:run(313)) - 3176e44e-2b1b-466b-9a7b-9faa8a8c6db1@group-BF8AC4D70D10-SegmentedRaftLogWorker was interrupted, exiting. There are 0 tasks remaining in the queue.
2019-09-25 07:21:20,749 [ForkJoinPool.commonPool-worker-1] INFO  impl.RaftServerImpl (ServerState.java:close(385)) - 790994da-c556-4bb6-9860-e4bcd35fb518@group-E0F477211544: closes. applyIndex: 0
2019-09-25 07:21:20,749 [main] INFO  segmented.SegmentedRaftLogWorker (SegmentedRaftLogWorker.java:close(228)) - 3176e44e-2b1b-466b-9a7b-9faa8a8c6db1@group-BF8AC4D70D10-SegmentedRaftLogWorker close()
2019-09-25 07:21:20,750 [790994da-c556-4bb6-9860-e4bcd35fb518@group-E0F477211544-SegmentedRaftLogWorker] INFO  segmented.SegmentedRaftLogWorker (SegmentedRaftLogWorker.java:run(313)) - 790994da-c556-4bb6-9860-e4bcd35fb518@group-E0F477211544-SegmentedRaftLogWorker was interrupted, exiting. There are 0 tasks remaining in the queue.
2019-09-25 07:21:20,752 [main] INFO  impl.RaftServerImpl (RaftServerImpl.java:lambda$shutdown$3(251)) - 3176e44e-2b1b-466b-9a7b-9faa8a8c6db1@group-FCE65E90CF68: shutdown
2019-09-25 07:21:20,752 [ForkJoinPool.commonPool-worker-1] INFO  segmented.SegmentedRaftLogWorker (SegmentedRaftLogWorker.java:close(228)) - 790994da-c556-4bb6-9860-e4bcd35fb518@group-E0F477211544-SegmentedRaftLogWorker close()
2019-09-25 07:21:20,753 [main] INFO  util.JmxRegister (JmxRegister.java:unregister(73)) - Successfully un-registered JMX Bean with object name Ratis:service=RaftServer,group=group-FCE65E90CF68,id=3176e44e-2b1b-466b-9a7b-9faa8a8c6db1
2019-09-25 07:21:20,777 [ForkJoinPool.commonPool-worker-1] INFO  impl.RaftServerImpl (RaftServerImpl.java:lambda$shutdown$3(251)) - 790994da-c556-4bb6-9860-e4bcd35fb518@group-2BD654A5AC3D: shutdown
2019-09-25 07:21:20,777 [main] INFO  impl.RoleInfo (RoleInfo.java:shutdownLeaderState(104)) - 3176e44e-2b1b-466b-9a7b-9faa8a8c6db1: shutdown LeaderState
2019-09-25 07:21:20,778 [ForkJoinPool.commonPool-worker-1] INFO  util.JmxRegister (JmxRegister.java:unregister(73)) - Successfully un-registered JMX Bean with object name Ratis:service=RaftServer,group=group-2BD654A5AC3D,id=790994da-c556-4bb6-9860-e4bcd35fb518
2019-09-25 07:21:20,778 [main] INFO  impl.PendingRequests (PendingRequests.java:sendNotLeaderResponses(202)) - 3176e44e-2b1b-466b-9a7b-9faa8a8c6db1-PendingRequests: sendNotLeaderResponses
2019-09-25 07:21:20,778 [ForkJoinPool.commonPool-worker-1] INFO  impl.RoleInfo (RoleInfo.java:shutdownLeaderState(104)) - 790994da-c556-4bb6-9860-e4bcd35fb518: shutdown LeaderState
2019-09-25 07:21:20,779 [main] INFO  impl.StateMachineUpdater (StateMachineUpdater.java:stopAndJoin(125)) - 3176e44e-2b1b-466b-9a7b-9faa8a8c6db1@group-FCE65E90CF68-StateMachineUpdater: set stopIndex = 0
2019-09-25 07:21:20,779 [ForkJoinPool.commonPool-worker-1] INFO  impl.PendingRequests (PendingRequests.java:sendNotLeaderResponses(202)) - 790994da-c556-4bb6-9860-e4bcd35fb518-PendingRequests: sendNotLeaderResponses
2019-09-25 07:21:20,779 [main] INFO  impl.RaftServerImpl (ServerState.java:close(385)) - 3176e44e-2b1b-466b-9a7b-9faa8a8c6db1@group-FCE65E90CF68: closes. applyIndex: 0
2019-09-25 07:21:20,779 [ForkJoinPool.commonPool-worker-1] INFO  impl.StateMachineUpdater (StateMachineUpdater.java:stopAndJoin(125)) - 790994da-c556-4bb6-9860-e4bcd35fb518@group-2BD654A5AC3D-StateMachineUpdater: set stopIndex = 0
2019-09-25 07:21:20,780 [3176e44e-2b1b-466b-9a7b-9faa8a8c6db1@group-FCE65E90CF68-SegmentedRaftLogWorker] INFO  segmented.SegmentedRaftLogWorker (SegmentedRaftLogWorker.java:run(313)) - 3176e44e-2b1b-466b-9a7b-9faa8a8c6db1@group-FCE65E90CF68-SegmentedRaftLogWorker was interrupted, exiting. There are 0 tasks remaining in the queue.
2019-09-25 07:21:20,780 [ForkJoinPool.commonPool-worker-1] INFO  impl.RaftServerImpl (ServerState.java:close(385)) - 790994da-c556-4bb6-9860-e4bcd35fb518@group-2BD654A5AC3D: closes. applyIndex: 0
2019-09-25 07:21:20,781 [main] INFO  segmented.SegmentedRaftLogWorker (SegmentedRaftLogWorker.java:close(228)) - 3176e44e-2b1b-466b-9a7b-9faa8a8c6db1@group-FCE65E90CF68-SegmentedRaftLogWorker close()
2019-09-25 07:21:20,781 [790994da-c556-4bb6-9860-e4bcd35fb518@group-2BD654A5AC3D-SegmentedRaftLogWorker] INFO  segmented.SegmentedRaftLogWorker (SegmentedRaftLogWorker.java:run(313)) - 790994da-c556-4bb6-9860-e4bcd35fb518@group-2BD654A5AC3D-SegmentedRaftLogWorker was interrupted, exiting. There are 0 tasks remaining in the queue.
2019-09-25 07:21:20,781 [main] INFO  impl.RaftServerImpl (RaftServerImpl.java:lambda$shutdown$3(251)) - 3176e44e-2b1b-466b-9a7b-9faa8a8c6db1@group-69AA3BF79362: shutdown
2019-09-25 07:21:20,781 [ForkJoinPool.commonPool-worker-1] INFO  segmented.SegmentedRaftLogWorker (SegmentedRaftLogWorker.java:close(228)) - 790994da-c556-4bb6-9860-e4bcd35fb518@group-2BD654A5AC3D-SegmentedRaftLogWorker close()
2019-09-25 07:21:20,782 [main] INFO  util.JmxRegister (JmxRegister.java:unregister(73)) - Successfully un-registered JMX Bean with object name Ratis:service=RaftServer,group=group-69AA3BF79362,id=3176e44e-2b1b-466b-9a7b-9faa8a8c6db1
2019-09-25 07:21:20,782 [ForkJoinPool.commonPool-worker-1] INFO  impl.RaftServerImpl (RaftServerImpl.java:lambda$shutdown$3(251)) - 790994da-c556-4bb6-9860-e4bcd35fb518@group-D3E4F26F1BA5: shutdown
2019-09-25 07:21:20,782 [main] INFO  impl.RoleInfo (RoleInfo.java:shutdownLeaderState(104)) - 3176e44e-2b1b-466b-9a7b-9faa8a8c6db1: shutdown LeaderState
2019-09-25 07:21:20,783 [ForkJoinPool.commonPool-worker-1] INFO  util.JmxRegister (JmxRegister.java:unregister(73)) - Successfully un-registered JMX Bean with object name Ratis:service=RaftServer,group=group-D3E4F26F1BA5,id=790994da-c556-4bb6-9860-e4bcd35fb518
2019-09-25 07:21:20,783 [ForkJoinPool.commonPool-worker-1] INFO  impl.RoleInfo (RoleInfo.java:shutdownLeaderState(104)) - 790994da-c556-4bb6-9860-e4bcd35fb518: shutdown LeaderState
2019-09-25 07:21:20,783 [main] INFO  impl.PendingRequests (PendingRequests.java:sendNotLeaderResponses(202)) - 3176e44e-2b1b-466b-9a7b-9faa8a8c6db1-PendingRequests: sendNotLeaderResponses
2019-09-25 07:21:20,784 [ForkJoinPool.commonPool-worker-1] INFO  impl.PendingRequests (PendingRequests.java:sendNotLeaderResponses(202)) - 790994da-c556-4bb6-9860-e4bcd35fb518-PendingRequests: sendNotLeaderResponses
2019-09-25 07:21:20,784 [main] INFO  impl.StateMachineUpdater (StateMachineUpdater.java:stopAndJoin(125)) - 3176e44e-2b1b-466b-9a7b-9faa8a8c6db1@group-69AA3BF79362-StateMachineUpdater: set stopIndex = 0
2019-09-25 07:21:20,785 [ForkJoinPool.commonPool-worker-1] INFO  impl.StateMachineUpdater (StateMachineUpdater.java:stopAndJoin(125)) - 790994da-c556-4bb6-9860-e4bcd35fb518@group-D3E4F26F1BA5-StateMachineUpdater: set stopIndex = 0
2019-09-25 07:21:20,785 [main] INFO  impl.RaftServerImpl (ServerState.java:close(385)) - 3176e44e-2b1b-466b-9a7b-9faa8a8c6db1@group-69AA3BF79362: closes. applyIndex: 0
2019-09-25 07:21:20,785 [ForkJoinPool.commonPool-worker-1] INFO  impl.RaftServerImpl (ServerState.java:close(385)) - 790994da-c556-4bb6-9860-e4bcd35fb518@group-D3E4F26F1BA5: closes. applyIndex: 0
2019-09-25 07:21:20,786 [3176e44e-2b1b-466b-9a7b-9faa8a8c6db1@group-69AA3BF79362-SegmentedRaftLogWorker] INFO  segmented.SegmentedRaftLogWorker (SegmentedRaftLogWorker.java:run(313)) - 3176e44e-2b1b-466b-9a7b-9faa8a8c6db1@group-69AA3BF79362-SegmentedRaftLogWorker was interrupted, exiting. There are 0 tasks remaining in the queue.
2019-09-25 07:21:20,786 [main] INFO  segmented.SegmentedRaftLogWorker (SegmentedRaftLogWorker.java:close(228)) - 3176e44e-2b1b-466b-9a7b-9faa8a8c6db1@group-69AA3BF79362-SegmentedRaftLogWorker close()
2019-09-25 07:21:20,786 [790994da-c556-4bb6-9860-e4bcd35fb518@group-D3E4F26F1BA5-SegmentedRaftLogWorker] INFO  segmented.SegmentedRaftLogWorker (SegmentedRaftLogWorker.java:run(313)) - 790994da-c556-4bb6-9860-e4bcd35fb518@group-D3E4F26F1BA5-SegmentedRaftLogWorker was interrupted, exiting. There are 0 tasks remaining in the queue.
2019-09-25 07:21:20,787 [ForkJoinPool.commonPool-worker-1] INFO  segmented.SegmentedRaftLogWorker (SegmentedRaftLogWorker.java:close(228)) - 790994da-c556-4bb6-9860-e4bcd35fb518@group-D3E4F26F1BA5-SegmentedRaftLogWorker close()
2019-09-25 07:21:20,787 [main] INFO  server.GrpcService (GrpcService.java:closeImpl(164)) - 3176e44e-2b1b-466b-9a7b-9faa8a8c6db1: shutdown server with port 43320 now
2019-09-25 07:21:20,788 [ForkJoinPool.commonPool-worker-1] INFO  server.GrpcService (GrpcService.java:closeImpl(164)) - 790994da-c556-4bb6-9860-e4bcd35fb518: shutdown server with port 42560 now
2019-09-25 07:21:20,792 [main] INFO  server.GrpcService (GrpcService.java:closeImpl(172)) - 3176e44e-2b1b-466b-9a7b-9faa8a8c6db1: shutdown server with port 43320 successfully
2019-09-25 07:21:20,795 [ForkJoinPool.commonPool-worker-1] INFO  server.GrpcService (GrpcService.java:closeImpl(172)) - 790994da-c556-4bb6-9860-e4bcd35fb518: shutdown server with port 42560 successfully
2019-09-25 07:21:20,806 [refreshUsed-/workdir/hadoop-ozone/ozonefs/target/test-dir/MiniOzoneClusterImpl-48169ae4-fc36-4fd4-bc0e-7a80f7e832d4/datanode-6/data/containers] WARN  fs.CachingGetSpaceUsed (CachingGetSpaceUsed.java:run(183)) - Thread Interrupted waiting to refresh disk information: sleep interrupted
2019-09-25 07:21:20,811 [refreshUsed-/workdir/hadoop-ozone/ozonefs/target/test-dir/MiniOzoneClusterImpl-48169ae4-fc36-4fd4-bc0e-7a80f7e832d4/datanode-3/data/containers] WARN  fs.CachingGetSpaceUsed (CachingGetSpaceUsed.java:run(183)) - Thread Interrupted waiting to refresh disk information: sleep interrupted
2019-09-25 07:21:20,833 [main] INFO  utils.BackgroundService (BackgroundService.java:shutdown(148)) - Shutting down service BlockDeletingService
2019-09-25 07:21:20,834 [ForkJoinPool.commonPool-worker-1] INFO  utils.BackgroundService (BackgroundService.java:shutdown(148)) - Shutting down service BlockDeletingService
2019-09-25 07:21:20,845 [ForkJoinPool.commonPool-worker-1] INFO  statemachine.DatanodeStateMachine (DatanodeStateMachine.java:stopDaemon(395)) - Ozone container server stopped.
2019-09-25 07:21:20,845 [main] INFO  statemachine.DatanodeStateMachine (DatanodeStateMachine.java:stopDaemon(395)) - Ozone container server stopped.
2019-09-25 07:21:20,853 [ForkJoinPool.commonPool-worker-1] INFO  handler.ContextHandler (ContextHandler.java:doStop(910)) - Stopped o.e.j.w.WebAppContext@6e4c0d8c{/,null,UNAVAILABLE}{/hddsDatanode}
2019-09-25 07:21:20,853 [main] INFO  handler.ContextHandler (ContextHandler.java:doStop(910)) - Stopped o.e.j.w.WebAppContext@fd53053{/,null,UNAVAILABLE}{/hddsDatanode}
2019-09-25 07:21:20,853 [ForkJoinPool.commonPool-worker-1] INFO  server.AbstractConnector (AbstractConnector.java:doStop(318)) - Stopped ServerConnector@3e3315d9{HTTP/1.1,[http/1.1]}{0.0.0.0:0}
2019-09-25 07:21:20,854 [main] INFO  server.AbstractConnector (AbstractConnector.java:doStop(318)) - Stopped ServerConnector@4527f70a{HTTP/1.1,[http/1.1]}{0.0.0.0:0}
2019-09-25 07:21:20,855 [ForkJoinPool.commonPool-worker-1] INFO  handler.ContextHandler (ContextHandler.java:doStop(910)) - Stopped o.e.j.s.ServletContextHandler@3b920bdc{/static,jar:file:/home/user/.m2/repository/org/apache/hadoop/hadoop-hdds-container-service/0.5.0-SNAPSHOT/hadoop-hdds-container-service-0.5.0-SNAPSHOT.jar!/webapps/static,UNAVAILABLE}
2019-09-25 07:21:20,856 [main] INFO  handler.ContextHandler (ContextHandler.java:doStop(910)) - Stopped o.e.j.s.ServletContextHandler@429f7919{/static,jar:file:/home/user/.m2/repository/org/apache/hadoop/hadoop-hdds-container-service/0.5.0-SNAPSHOT/hadoop-hdds-container-service-0.5.0-SNAPSHOT.jar!/webapps/static,UNAVAILABLE}
2019-09-25 07:21:20,860 [ForkJoinPool.commonPool-worker-1] INFO  handler.ContextHandler (ContextHandler.java:doStop(910)) - Stopped o.e.j.s.ServletContextHandler@1a22e0ef{/logs,file:///workdir/hadoop-ozone/ozonefs/target/log,UNAVAILABLE}
2019-09-25 07:21:20,860 [main] INFO  handler.ContextHandler (ContextHandler.java:doStop(910)) - Stopped o.e.j.s.ServletContextHandler@ed91d8d{/logs,file:///workdir/hadoop-ozone/ozonefs/target/log,UNAVAILABLE}
2019-09-25 07:21:20,948 [Datanode State Machine Thread - 0] INFO  statemachine.DatanodeStateMachine (DatanodeStateMachine.java:lambda$startDaemon$0(350)) - Ozone container server started.
2019-09-25 07:21:20,964 [Datanode State Machine Thread - 0] INFO  statemachine.DatanodeStateMachine (DatanodeStateMachine.java:lambda$startDaemon$0(350)) - Ozone container server started.
2019-09-25 07:21:25,864 [main] INFO  ozoneimpl.OzoneContainer (OzoneContainer.java:stop(231)) - Attempting to stop container services.
2019-09-25 07:21:25,864 [ForkJoinPool.commonPool-worker-1] INFO  ozoneimpl.OzoneContainer (OzoneContainer.java:stop(231)) - Attempting to stop container services.
2019-09-25 07:21:25,865 [main] INFO  impl.RaftServerProxy (RaftServerProxy.java:lambda$close$4(314)) - 988e4f02-2728-4d94-a25f-5554bec3cdd7: close
2019-09-25 07:21:25,866 [ForkJoinPool.commonPool-worker-1] INFO  impl.RaftServerProxy (RaftServerProxy.java:lambda$close$4(314)) - 8c621658-b0ee-4cf2-b145-27cf4e621fee: close
2019-09-25 07:21:25,866 [main] INFO  impl.RaftServerImpl (RaftServerImpl.java:lambda$shutdown$3(251)) - 988e4f02-2728-4d94-a25f-5554bec3cdd7@group-A97073498CA2: shutdown
2019-09-25 07:21:25,866 [ForkJoinPool.commonPool-worker-1] INFO  impl.RaftServerImpl (RaftServerImpl.java:lambda$shutdown$3(251)) - 8c621658-b0ee-4cf2-b145-27cf4e621fee@group-146203E33581: shutdown
2019-09-25 07:21:25,867 [main] INFO  util.JmxRegister (JmxRegister.java:unregister(73)) - Successfully un-registered JMX Bean with object name Ratis:service=RaftServer,group=group-A97073498CA2,id=988e4f02-2728-4d94-a25f-5554bec3cdd7
2019-09-25 07:21:25,867 [ForkJoinPool.commonPool-worker-1] INFO  util.JmxRegister (JmxRegister.java:unregister(73)) - Successfully un-registered JMX Bean with object name Ratis:service=RaftServer,group=group-146203E33581,id=8c621658-b0ee-4cf2-b145-27cf4e621fee
2019-09-25 07:21:25,867 [main] INFO  impl.RoleInfo (RoleInfo.java:shutdownLeaderState(104)) - 988e4f02-2728-4d94-a25f-5554bec3cdd7: shutdown LeaderState
2019-09-25 07:21:25,867 [ForkJoinPool.commonPool-worker-1] INFO  impl.RoleInfo (RoleInfo.java:shutdownLeaderState(104)) - 8c621658-b0ee-4cf2-b145-27cf4e621fee: shutdown LeaderState
2019-09-25 07:21:25,868 [main] INFO  impl.PendingRequests (PendingRequests.java:sendNotLeaderResponses(202)) - 988e4f02-2728-4d94-a25f-5554bec3cdd7-PendingRequests: sendNotLeaderResponses
2019-09-25 07:21:25,868 [ForkJoinPool.commonPool-worker-1] INFO  impl.PendingRequests (PendingRequests.java:sendNotLeaderResponses(202)) - 8c621658-b0ee-4cf2-b145-27cf4e621fee-PendingRequests: sendNotLeaderResponses
2019-09-25 07:21:25,869 [main] INFO  impl.StateMachineUpdater (StateMachineUpdater.java:stopAndJoin(125)) - 988e4f02-2728-4d94-a25f-5554bec3cdd7@group-A97073498CA2-StateMachineUpdater: set stopIndex = 0
2019-09-25 07:21:25,869 [ForkJoinPool.commonPool-worker-1] INFO  impl.StateMachineUpdater (StateMachineUpdater.java:stopAndJoin(125)) - 8c621658-b0ee-4cf2-b145-27cf4e621fee@group-146203E33581-StateMachineUpdater: set stopIndex = 0
2019-09-25 07:21:25,869 [main] INFO  impl.RaftServerImpl (ServerState.java:close(385)) - 988e4f02-2728-4d94-a25f-5554bec3cdd7@group-A97073498CA2: closes. applyIndex: 0
2019-09-25 07:21:25,870 [ForkJoinPool.commonPool-worker-1] INFO  impl.RaftServerImpl (ServerState.java:close(385)) - 8c621658-b0ee-4cf2-b145-27cf4e621fee@group-146203E33581: closes. applyIndex: 0
2019-09-25 07:21:25,870 [988e4f02-2728-4d94-a25f-5554bec3cdd7@group-A97073498CA2-SegmentedRaftLogWorker] INFO  segmented.SegmentedRaftLogWorker (SegmentedRaftLogWorker.java:run(313)) - 988e4f02-2728-4d94-a25f-5554bec3cdd7@group-A97073498CA2-SegmentedRaftLogWorker was interrupted, exiting. There are 0 tasks remaining in the queue.
2019-09-25 07:21:25,871 [8c621658-b0ee-4cf2-b145-27cf4e621fee@group-146203E33581-SegmentedRaftLogWorker] INFO  segmented.SegmentedRaftLogWorker (SegmentedRaftLogWorker.java:run(313)) - 8c621658-b0ee-4cf2-b145-27cf4e621fee@group-146203E33581-SegmentedRaftLogWorker was interrupted, exiting. There are 0 tasks remaining in the queue.
2019-09-25 07:21:25,881 [ForkJoinPool.commonPool-worker-1] INFO  segmented.SegmentedRaftLogWorker (SegmentedRaftLogWorker.java:close(228)) - 8c621658-b0ee-4cf2-b145-27cf4e621fee@group-146203E33581-SegmentedRaftLogWorker close()
2019-09-25 07:21:25,881 [main] INFO  segmented.SegmentedRaftLogWorker (SegmentedRaftLogWorker.java:close(228)) - 988e4f02-2728-4d94-a25f-5554bec3cdd7@group-A97073498CA2-SegmentedRaftLogWorker close()
2019-09-25 07:21:25,881 [ForkJoinPool.commonPool-worker-1] INFO  impl.RaftServerImpl (RaftServerImpl.java:lambda$shutdown$3(251)) - 8c621658-b0ee-4cf2-b145-27cf4e621fee@group-2C2DE4B2F63F: shutdown
2019-09-25 07:21:25,882 [main] INFO  impl.RaftServerImpl (RaftServerImpl.java:lambda$shutdown$3(251)) - 988e4f02-2728-4d94-a25f-5554bec3cdd7@group-2BCE8BFE1E7B: shutdown
2019-09-25 07:21:25,882 [ForkJoinPool.commonPool-worker-1] INFO  util.JmxRegister (JmxRegister.java:unregister(73)) - Successfully un-registered JMX Bean with object name Ratis:service=RaftServer,group=group-2C2DE4B2F63F,id=8c621658-b0ee-4cf2-b145-27cf4e621fee
2019-09-25 07:21:25,882 [main] INFO  util.JmxRegister (JmxRegister.java:unregister(73)) - Successfully un-registered JMX Bean with object name Ratis:service=RaftServer,group=group-2BCE8BFE1E7B,id=988e4f02-2728-4d94-a25f-5554bec3cdd7
2019-09-25 07:21:25,883 [ForkJoinPool.commonPool-worker-1] INFO  impl.RoleInfo (RoleInfo.java:shutdownLeaderState(104)) - 8c621658-b0ee-4cf2-b145-27cf4e621fee: shutdown LeaderState
2019-09-25 07:21:25,883 [main] INFO  impl.RoleInfo (RoleInfo.java:shutdownLeaderState(104)) - 988e4f02-2728-4d94-a25f-5554bec3cdd7: shutdown LeaderState
2019-09-25 07:21:25,883 [ForkJoinPool.commonPool-worker-1] INFO  impl.PendingRequests (PendingRequests.java:sendNotLeaderResponses(202)) - 8c621658-b0ee-4cf2-b145-27cf4e621fee-PendingRequests: sendNotLeaderResponses
2019-09-25 07:21:25,884 [main] INFO  impl.PendingRequests (PendingRequests.java:sendNotLeaderResponses(202)) - 988e4f02-2728-4d94-a25f-5554bec3cdd7-PendingRequests: sendNotLeaderResponses
2019-09-25 07:21:25,884 [ForkJoinPool.commonPool-worker-1] INFO  impl.StateMachineUpdater (StateMachineUpdater.java:stopAndJoin(125)) - 8c621658-b0ee-4cf2-b145-27cf4e621fee@group-2C2DE4B2F63F-StateMachineUpdater: set stopIndex = 0
2019-09-25 07:21:25,884 [main] INFO  impl.StateMachineUpdater (StateMachineUpdater.java:stopAndJoin(125)) - 988e4f02-2728-4d94-a25f-5554bec3cdd7@group-2BCE8BFE1E7B-StateMachineUpdater: set stopIndex = 0
2019-09-25 07:21:25,885 [ForkJoinPool.commonPool-worker-1] INFO  impl.RaftServerImpl (ServerState.java:close(385)) - 8c621658-b0ee-4cf2-b145-27cf4e621fee@group-2C2DE4B2F63F: closes. applyIndex: 0
2019-09-25 07:21:25,885 [main] INFO  impl.RaftServerImpl (ServerState.java:close(385)) - 988e4f02-2728-4d94-a25f-5554bec3cdd7@group-2BCE8BFE1E7B: closes. applyIndex: 0
2019-09-25 07:21:25,886 [8c621658-b0ee-4cf2-b145-27cf4e621fee@group-2C2DE4B2F63F-SegmentedRaftLogWorker] INFO  segmented.SegmentedRaftLogWorker (SegmentedRaftLogWorker.java:run(313)) - 8c621658-b0ee-4cf2-b145-27cf4e621fee@group-2C2DE4B2F63F-SegmentedRaftLogWorker was interrupted, exiting. There are 0 tasks remaining in the queue.
2019-09-25 07:21:25,886 [ForkJoinPool.commonPool-worker-1] INFO  segmented.SegmentedRaftLogWorker (SegmentedRaftLogWorker.java:close(228)) - 8c621658-b0ee-4cf2-b145-27cf4e621fee@group-2C2DE4B2F63F-SegmentedRaftLogWorker close()
2019-09-25 07:21:25,886 [988e4f02-2728-4d94-a25f-5554bec3cdd7@group-2BCE8BFE1E7B-SegmentedRaftLogWorker] INFO  segmented.SegmentedRaftLogWorker (SegmentedRaftLogWorker.java:run(313)) - 988e4f02-2728-4d94-a25f-5554bec3cdd7@group-2BCE8BFE1E7B-SegmentedRaftLogWorker was interrupted, exiting. There are 0 tasks remaining in the queue.
2019-09-25 07:21:25,887 [ForkJoinPool.commonPool-worker-1] INFO  impl.RaftServerImpl (RaftServerImpl.java:lambda$shutdown$3(251)) - 8c621658-b0ee-4cf2-b145-27cf4e621fee@group-9E47BA958D21: shutdown
2019-09-25 07:21:25,887 [main] INFO  segmented.SegmentedRaftLogWorker (SegmentedRaftLogWorker.java:close(228)) - 988e4f02-2728-4d94-a25f-5554bec3cdd7@group-2BCE8BFE1E7B-SegmentedRaftLogWorker close()
2019-09-25 07:21:25,887 [ForkJoinPool.commonPool-worker-1] INFO  util.JmxRegister (JmxRegister.java:unregister(73)) - Successfully un-registered JMX Bean with object name Ratis:service=RaftServer,group=group-9E47BA958D21,id=8c621658-b0ee-4cf2-b145-27cf4e621fee
2019-09-25 07:21:25,887 [main] INFO  impl.RaftServerImpl (RaftServerImpl.java:lambda$shutdown$3(251)) - 988e4f02-2728-4d94-a25f-5554bec3cdd7@group-561C9EE0A7FE: shutdown
2019-09-25 07:21:25,888 [ForkJoinPool.commonPool-worker-1] INFO  impl.RoleInfo (RoleInfo.java:shutdownLeaderState(104)) - 8c621658-b0ee-4cf2-b145-27cf4e621fee: shutdown LeaderState
2019-09-25 07:21:25,888 [main] INFO  util.JmxRegister (JmxRegister.java:unregister(73)) - Successfully un-registered JMX Bean with object name Ratis:service=RaftServer,group=group-561C9EE0A7FE,id=988e4f02-2728-4d94-a25f-5554bec3cdd7
2019-09-25 07:21:25,888 [ForkJoinPool.commonPool-worker-1] INFO  impl.PendingRequests (PendingRequests.java:sendNotLeaderResponses(202)) - 8c621658-b0ee-4cf2-b145-27cf4e621fee-PendingRequests: sendNotLeaderResponses
2019-09-25 07:21:25,889 [main] INFO  impl.RoleInfo (RoleInfo.java:shutdownLeaderState(104)) - 988e4f02-2728-4d94-a25f-5554bec3cdd7: shutdown LeaderState
2019-09-25 07:21:25,889 [ForkJoinPool.commonPool-worker-1] INFO  impl.StateMachineUpdater (StateMachineUpdater.java:stopAndJoin(125)) - 8c621658-b0ee-4cf2-b145-27cf4e621fee@group-9E47BA958D21-StateMachineUpdater: set stopIndex = 0
2019-09-25 07:21:25,890 [main] INFO  impl.PendingRequests (PendingRequests.java:sendNotLeaderResponses(202)) - 988e4f02-2728-4d94-a25f-5554bec3cdd7-PendingRequests: sendNotLeaderResponses
2019-09-25 07:21:25,890 [ForkJoinPool.commonPool-worker-1] INFO  impl.RaftServerImpl (ServerState.java:close(385)) - 8c621658-b0ee-4cf2-b145-27cf4e621fee@group-9E47BA958D21: closes. applyIndex: 0
2019-09-25 07:21:25,891 [main] INFO  impl.StateMachineUpdater (StateMachineUpdater.java:stopAndJoin(125)) - 988e4f02-2728-4d94-a25f-5554bec3cdd7@group-561C9EE0A7FE-StateMachineUpdater: set stopIndex = 0
2019-09-25 07:21:25,891 [main] INFO  impl.RaftServerImpl (ServerState.java:close(385)) - 988e4f02-2728-4d94-a25f-5554bec3cdd7@group-561C9EE0A7FE: closes. applyIndex: 0
2019-09-25 07:21:25,891 [8c621658-b0ee-4cf2-b145-27cf4e621fee@group-9E47BA958D21-SegmentedRaftLogWorker] INFO  segmented.SegmentedRaftLogWorker (SegmentedRaftLogWorker.java:run(313)) - 8c621658-b0ee-4cf2-b145-27cf4e621fee@group-9E47BA958D21-SegmentedRaftLogWorker was interrupted, exiting. There are 0 tasks remaining in the queue.
2019-09-25 07:21:25,892 [988e4f02-2728-4d94-a25f-5554bec3cdd7@group-561C9EE0A7FE-SegmentedRaftLogWorker] INFO  segmented.SegmentedRaftLogWorker (SegmentedRaftLogWorker.java:run(313)) - 988e4f02-2728-4d94-a25f-5554bec3cdd7@group-561C9EE0A7FE-SegmentedRaftLogWorker was interrupted, exiting. There are 0 tasks remaining in the queue.
2019-09-25 07:21:25,892 [ForkJoinPool.commonPool-worker-1] INFO  segmented.SegmentedRaftLogWorker (SegmentedRaftLogWorker.java:close(228)) - 8c621658-b0ee-4cf2-b145-27cf4e621fee@group-9E47BA958D21-SegmentedRaftLogWorker close()
2019-09-25 07:21:25,893 [main] INFO  segmented.SegmentedRaftLogWorker (SegmentedRaftLogWorker.java:close(228)) - 988e4f02-2728-4d94-a25f-5554bec3cdd7@group-561C9EE0A7FE-SegmentedRaftLogWorker close()
2019-09-25 07:21:25,893 [ForkJoinPool.commonPool-worker-1] INFO  impl.RaftServerImpl (RaftServerImpl.java:lambda$shutdown$3(251)) - 8c621658-b0ee-4cf2-b145-27cf4e621fee@group-ACE34E863572: shutdown
2019-09-25 07:21:25,893 [main] INFO  impl.RaftServerImpl (RaftServerImpl.java:lambda$shutdown$3(251)) - 988e4f02-2728-4d94-a25f-5554bec3cdd7@group-C7A8CD8B5DD5: shutdown
2019-09-25 07:21:25,894 [ForkJoinPool.commonPool-worker-1] INFO  util.JmxRegister (JmxRegister.java:unregister(73)) - Successfully un-registered JMX Bean with object name Ratis:service=RaftServer,group=group-ACE34E863572,id=8c621658-b0ee-4cf2-b145-27cf4e621fee
2019-09-25 07:21:25,894 [main] INFO  util.JmxRegister (JmxRegister.java:unregister(73)) - Successfully un-registered JMX Bean with object name Ratis:service=RaftServer,group=group-C7A8CD8B5DD5,id=988e4f02-2728-4d94-a25f-5554bec3cdd7
2019-09-25 07:21:25,894 [ForkJoinPool.commonPool-worker-1] INFO  impl.RoleInfo (RoleInfo.java:shutdownLeaderState(104)) - 8c621658-b0ee-4cf2-b145-27cf4e621fee: shutdown LeaderState
2019-09-25 07:21:25,895 [main] INFO  impl.RoleInfo (RoleInfo.java:shutdownLeaderState(104)) - 988e4f02-2728-4d94-a25f-5554bec3cdd7: shutdown LeaderState
2019-09-25 07:21:25,895 [ForkJoinPool.commonPool-worker-1] INFO  impl.PendingRequests (PendingRequests.java:sendNotLeaderResponses(202)) - 8c621658-b0ee-4cf2-b145-27cf4e621fee-PendingRequests: sendNotLeaderResponses
2019-09-25 07:21:25,895 [main] INFO  impl.PendingRequests (PendingRequests.java:sendNotLeaderResponses(202)) - 988e4f02-2728-4d94-a25f-5554bec3cdd7-PendingRequests: sendNotLeaderResponses
2019-09-25 07:21:25,896 [ForkJoinPool.commonPool-worker-1] INFO  impl.StateMachineUpdater (StateMachineUpdater.java:stopAndJoin(125)) - 8c621658-b0ee-4cf2-b145-27cf4e621fee@group-ACE34E863572-StateMachineUpdater: set stopIndex = 0
2019-09-25 07:21:25,896 [main] INFO  impl.StateMachineUpdater (StateMachineUpdater.java:stopAndJoin(125)) - 988e4f02-2728-4d94-a25f-5554bec3cdd7@group-C7A8CD8B5DD5-StateMachineUpdater: set stopIndex = 0
2019-09-25 07:21:25,897 [main] INFO  impl.RaftServerImpl (ServerState.java:close(385)) - 988e4f02-2728-4d94-a25f-5554bec3cdd7@group-C7A8CD8B5DD5: closes. applyIndex: 0
2019-09-25 07:21:25,896 [ForkJoinPool.commonPool-worker-1] INFO  impl.RaftServerImpl (ServerState.java:close(385)) - 8c621658-b0ee-4cf2-b145-27cf4e621fee@group-ACE34E863572: closes. applyIndex: 0
2019-09-25 07:21:25,898 [988e4f02-2728-4d94-a25f-5554bec3cdd7@group-C7A8CD8B5DD5-SegmentedRaftLogWorker] INFO  segmented.SegmentedRaftLogWorker (SegmentedRaftLogWorker.java:run(313)) - 988e4f02-2728-4d94-a25f-5554bec3cdd7@group-C7A8CD8B5DD5-SegmentedRaftLogWorker was interrupted, exiting. There are 0 tasks remaining in the queue.
2019-09-25 07:21:25,898 [main] INFO  segmented.SegmentedRaftLogWorker (SegmentedRaftLogWorker.java:close(228)) - 988e4f02-2728-4d94-a25f-5554bec3cdd7@group-C7A8CD8B5DD5-SegmentedRaftLogWorker close()
2019-09-25 07:21:25,898 [8c621658-b0ee-4cf2-b145-27cf4e621fee@group-ACE34E863572-SegmentedRaftLogWorker] INFO  segmented.SegmentedRaftLogWorker (SegmentedRaftLogWorker.java:run(313)) - 8c621658-b0ee-4cf2-b145-27cf4e621fee@group-ACE34E863572-SegmentedRaftLogWorker was interrupted, exiting. There are 0 tasks remaining in the queue.
2019-09-25 07:21:25,899 [main] INFO  impl.RaftServerImpl (RaftServerImpl.java:lambda$shutdown$3(251)) - 988e4f02-2728-4d94-a25f-5554bec3cdd7@group-B6AAD5FC39DC: shutdown
2019-09-25 07:21:25,899 [ForkJoinPool.commonPool-worker-1] INFO  segmented.SegmentedRaftLogWorker (SegmentedRaftLogWorker.java:close(228)) - 8c621658-b0ee-4cf2-b145-27cf4e621fee@group-ACE34E863572-SegmentedRaftLogWorker close()
2019-09-25 07:21:25,899 [main] INFO  util.JmxRegister (JmxRegister.java:unregister(73)) - Successfully un-registered JMX Bean with object name Ratis:service=RaftServer,group=group-B6AAD5FC39DC,id=988e4f02-2728-4d94-a25f-5554bec3cdd7
2019-09-25 07:21:25,900 [ForkJoinPool.commonPool-worker-1] INFO  impl.RaftServerImpl (RaftServerImpl.java:lambda$shutdown$3(251)) - 8c621658-b0ee-4cf2-b145-27cf4e621fee@group-BB0EB582C352: shutdown
2019-09-25 07:21:25,900 [main] INFO  impl.RoleInfo (RoleInfo.java:shutdownLeaderState(104)) - 988e4f02-2728-4d94-a25f-5554bec3cdd7: shutdown LeaderState
2019-09-25 07:21:25,900 [ForkJoinPool.commonPool-worker-1] INFO  util.JmxRegister (JmxRegister.java:unregister(73)) - Successfully un-registered JMX Bean with object name Ratis:service=RaftServer,group=group-BB0EB582C352,id=8c621658-b0ee-4cf2-b145-27cf4e621fee
2019-09-25 07:21:25,901 [main] INFO  impl.PendingRequests (PendingRequests.java:sendNotLeaderResponses(202)) - 988e4f02-2728-4d94-a25f-5554bec3cdd7-PendingRequests: sendNotLeaderResponses
2019-09-25 07:21:25,901 [ForkJoinPool.commonPool-worker-1] INFO  impl.RoleInfo (RoleInfo.java:shutdownLeaderState(104)) - 8c621658-b0ee-4cf2-b145-27cf4e621fee: shutdown LeaderState
2019-09-25 07:21:25,902 [main] INFO  impl.StateMachineUpdater (StateMachineUpdater.java:stopAndJoin(125)) - 988e4f02-2728-4d94-a25f-5554bec3cdd7@group-B6AAD5FC39DC-StateMachineUpdater: set stopIndex = 0
2019-09-25 07:21:25,902 [ForkJoinPool.commonPool-worker-1] INFO  impl.PendingRequests (PendingRequests.java:sendNotLeaderResponses(202)) - 8c621658-b0ee-4cf2-b145-27cf4e621fee-PendingRequests: sendNotLeaderResponses
2019-09-25 07:21:25,902 [main] INFO  impl.RaftServerImpl (ServerState.java:close(385)) - 988e4f02-2728-4d94-a25f-5554bec3cdd7@group-B6AAD5FC39DC: closes. applyIndex: 0
2019-09-25 07:21:25,903 [ForkJoinPool.commonPool-worker-1] INFO  impl.StateMachineUpdater (StateMachineUpdater.java:stopAndJoin(125)) - 8c621658-b0ee-4cf2-b145-27cf4e621fee@group-BB0EB582C352-StateMachineUpdater: set stopIndex = 0
2019-09-25 07:21:25,903 [988e4f02-2728-4d94-a25f-5554bec3cdd7@group-B6AAD5FC39DC-SegmentedRaftLogWorker] INFO  segmented.SegmentedRaftLogWorker (SegmentedRaftLogWorker.java:run(313)) - 988e4f02-2728-4d94-a25f-5554bec3cdd7@group-B6AAD5FC39DC-SegmentedRaftLogWorker was interrupted, exiting. There are 0 tasks remaining in the queue.
2019-09-25 07:21:25,903 [ForkJoinPool.commonPool-worker-1] INFO  impl.RaftServerImpl (ServerState.java:close(385)) - 8c621658-b0ee-4cf2-b145-27cf4e621fee@group-BB0EB582C352: closes. applyIndex: 0
2019-09-25 07:21:25,904 [main] INFO  segmented.SegmentedRaftLogWorker (SegmentedRaftLogWorker.java:close(228)) - 988e4f02-2728-4d94-a25f-5554bec3cdd7@group-B6AAD5FC39DC-SegmentedRaftLogWorker close()
2019-09-25 07:21:25,904 [8c621658-b0ee-4cf2-b145-27cf4e621fee@group-BB0EB582C352-SegmentedRaftLogWorker] INFO  segmented.SegmentedRaftLogWorker (SegmentedRaftLogWorker.java:run(313)) - 8c621658-b0ee-4cf2-b145-27cf4e621fee@group-BB0EB582C352-SegmentedRaftLogWorker was interrupted, exiting. There are 0 tasks remaining in the queue.
2019-09-25 07:21:25,904 [main] INFO  impl.RaftServerImpl (RaftServerImpl.java:lambda$shutdown$3(251)) - 988e4f02-2728-4d94-a25f-5554bec3cdd7@group-70FB19056FE7: shutdown
2019-09-25 07:21:25,905 [ForkJoinPool.commonPool-worker-1] INFO  segmented.SegmentedRaftLogWorker (SegmentedRaftLogWorker.java:close(228)) - 8c621658-b0ee-4cf2-b145-27cf4e621fee@group-BB0EB582C352-SegmentedRaftLogWorker close()
2019-09-25 07:21:25,905 [main] INFO  util.JmxRegister (JmxRegister.java:unregister(73)) - Successfully un-registered JMX Bean with object name Ratis:service=RaftServer,group=group-70FB19056FE7,id=988e4f02-2728-4d94-a25f-5554bec3cdd7
2019-09-25 07:21:25,906 [main] INFO  impl.RoleInfo (RoleInfo.java:shutdownLeaderState(104)) - 988e4f02-2728-4d94-a25f-5554bec3cdd7: shutdown LeaderState
2019-09-25 07:21:25,905 [ForkJoinPool.commonPool-worker-1] INFO  impl.RaftServerImpl (RaftServerImpl.java:lambda$shutdown$3(251)) - 8c621658-b0ee-4cf2-b145-27cf4e621fee@group-1F7F0FE24AB4: shutdown
2019-09-25 07:21:25,906 [main] INFO  impl.PendingRequests (PendingRequests.java:sendNotLeaderResponses(202)) - 988e4f02-2728-4d94-a25f-5554bec3cdd7-PendingRequests: sendNotLeaderResponses
2019-09-25 07:21:25,907 [ForkJoinPool.commonPool-worker-1] INFO  util.JmxRegister (JmxRegister.java:unregister(73)) - Successfully un-registered JMX Bean with object name Ratis:service=RaftServer,group=group-1F7F0FE24AB4,id=8c621658-b0ee-4cf2-b145-27cf4e621fee
2019-09-25 07:21:25,907 [main] INFO  impl.StateMachineUpdater (StateMachineUpdater.java:stopAndJoin(125)) - 988e4f02-2728-4d94-a25f-5554bec3cdd7@group-70FB19056FE7-StateMachineUpdater: set stopIndex = 0
2019-09-25 07:21:25,907 [ForkJoinPool.commonPool-worker-1] INFO  impl.RoleInfo (RoleInfo.java:shutdownLeaderState(104)) - 8c621658-b0ee-4cf2-b145-27cf4e621fee: shutdown LeaderState
2019-09-25 07:21:25,908 [main] INFO  impl.RaftServerImpl (ServerState.java:close(385)) - 988e4f02-2728-4d94-a25f-5554bec3cdd7@group-70FB19056FE7: closes. applyIndex: 0
2019-09-25 07:21:25,908 [ForkJoinPool.commonPool-worker-1] INFO  impl.PendingRequests (PendingRequests.java:sendNotLeaderResponses(202)) - 8c621658-b0ee-4cf2-b145-27cf4e621fee-PendingRequests: sendNotLeaderResponses
2019-09-25 07:21:25,909 [988e4f02-2728-4d94-a25f-5554bec3cdd7@group-70FB19056FE7-SegmentedRaftLogWorker] INFO  segmented.SegmentedRaftLogWorker (SegmentedRaftLogWorker.java:run(313)) - 988e4f02-2728-4d94-a25f-5554bec3cdd7@group-70FB19056FE7-SegmentedRaftLogWorker was interrupted, exiting. There are 0 tasks remaining in the queue.
2019-09-25 07:21:25,909 [ForkJoinPool.commonPool-worker-1] INFO  impl.StateMachineUpdater (StateMachineUpdater.java:stopAndJoin(125)) - 8c621658-b0ee-4cf2-b145-27cf4e621fee@group-1F7F0FE24AB4-StateMachineUpdater: set stopIndex = 0
2019-09-25 07:21:25,909 [main] INFO  segmented.SegmentedRaftLogWorker (SegmentedRaftLogWorker.java:close(228)) - 988e4f02-2728-4d94-a25f-5554bec3cdd7@group-70FB19056FE7-SegmentedRaftLogWorker close()
2019-09-25 07:21:25,910 [ForkJoinPool.commonPool-worker-1] INFO  impl.RaftServerImpl (ServerState.java:close(385)) - 8c621658-b0ee-4cf2-b145-27cf4e621fee@group-1F7F0FE24AB4: closes. applyIndex: 0
2019-09-25 07:21:25,910 [main] INFO  server.GrpcService (GrpcService.java:closeImpl(164)) - 988e4f02-2728-4d94-a25f-5554bec3cdd7: shutdown server with port 32885 now
2019-09-25 07:21:25,910 [8c621658-b0ee-4cf2-b145-27cf4e621fee@group-1F7F0FE24AB4-SegmentedRaftLogWorker] INFO  segmented.SegmentedRaftLogWorker (SegmentedRaftLogWorker.java:run(313)) - 8c621658-b0ee-4cf2-b145-27cf4e621fee@group-1F7F0FE24AB4-SegmentedRaftLogWorker was interrupted, exiting. There are 0 tasks remaining in the queue.
2019-09-25 07:21:25,915 [ForkJoinPool.commonPool-worker-1] INFO  segmented.SegmentedRaftLogWorker (SegmentedRaftLogWorker.java:close(228)) - 8c621658-b0ee-4cf2-b145-27cf4e621fee@group-1F7F0FE24AB4-SegmentedRaftLogWorker close()
2019-09-25 07:21:25,915 [main] INFO  server.GrpcService (GrpcService.java:closeImpl(172)) - 988e4f02-2728-4d94-a25f-5554bec3cdd7: shutdown server with port 32885 successfully
2019-09-25 07:21:25,915 [ForkJoinPool.commonPool-worker-1] INFO  server.GrpcService (GrpcService.java:closeImpl(164)) - 8c621658-b0ee-4cf2-b145-27cf4e621fee: shutdown server with port 39467 now
2019-09-25 07:21:25,918 [ForkJoinPool.commonPool-worker-1] INFO  server.GrpcService (GrpcService.java:closeImpl(172)) - 8c621658-b0ee-4cf2-b145-27cf4e621fee: shutdown server with port 39467 successfully
2019-09-25 07:21:25,920 [refreshUsed-/workdir/hadoop-ozone/ozonefs/target/test-dir/MiniOzoneClusterImpl-48169ae4-fc36-4fd4-bc0e-7a80f7e832d4/datanode-4/data/containers] WARN  fs.CachingGetSpaceUsed (CachingGetSpaceUsed.java:run(183)) - Thread Interrupted waiting to refresh disk information: sleep interrupted
2019-09-25 07:21:25,920 [refreshUsed-/workdir/hadoop-ozone/ozonefs/target/test-dir/MiniOzoneClusterImpl-48169ae4-fc36-4fd4-bc0e-7a80f7e832d4/datanode-8/data/containers] WARN  fs.CachingGetSpaceUsed (CachingGetSpaceUsed.java:run(183)) - Thread Interrupted waiting to refresh disk information: sleep interrupted
2019-09-25 07:21:25,942 [main] INFO  utils.BackgroundService (BackgroundService.java:shutdown(148)) - Shutting down service BlockDeletingService
2019-09-25 07:21:25,943 [ForkJoinPool.commonPool-worker-1] INFO  utils.BackgroundService (BackgroundService.java:shutdown(148)) - Shutting down service BlockDeletingService
2019-09-25 07:21:25,950 [main] INFO  statemachine.DatanodeStateMachine (DatanodeStateMachine.java:stopDaemon(395)) - Ozone container server stopped.
2019-09-25 07:21:25,955 [ForkJoinPool.commonPool-worker-1] INFO  statemachine.DatanodeStateMachine (DatanodeStateMachine.java:stopDaemon(395)) - Ozone container server stopped.
2019-09-25 07:21:25,960 [main] INFO  handler.ContextHandler (ContextHandler.java:doStop(910)) - Stopped o.e.j.w.WebAppContext@6732726{/,null,UNAVAILABLE}{/hddsDatanode}
2019-09-25 07:21:25,962 [ForkJoinPool.commonPool-worker-1] INFO  handler.ContextHandler (ContextHandler.java:doStop(910)) - Stopped o.e.j.w.WebAppContext@340a8894{/,null,UNAVAILABLE}{/hddsDatanode}
2019-09-25 07:21:25,963 [main] INFO  server.AbstractConnector (AbstractConnector.java:doStop(318)) - Stopped ServerConnector@474821de{HTTP/1.1,[http/1.1]}{0.0.0.0:0}
2019-09-25 07:21:25,963 [ForkJoinPool.commonPool-worker-1] INFO  server.AbstractConnector (AbstractConnector.java:doStop(318)) - Stopped ServerConnector@7a8b9166{HTTP/1.1,[http/1.1]}{0.0.0.0:0}
2019-09-25 07:21:25,965 [ForkJoinPool.commonPool-worker-1] INFO  handler.ContextHandler (ContextHandler.java:doStop(910)) - Stopped o.e.j.s.ServletContextHandler@6325f352{/static,jar:file:/home/user/.m2/repository/org/apache/hadoop/hadoop-hdds-container-service/0.5.0-SNAPSHOT/hadoop-hdds-container-service-0.5.0-SNAPSHOT.jar!/webapps/static,UNAVAILABLE}
2019-09-25 07:21:25,965 [main] INFO  handler.ContextHandler (ContextHandler.java:doStop(910)) - Stopped o.e.j.s.ServletContextHandler@3fba233d{/static,jar:file:/home/user/.m2/repository/org/apache/hadoop/hadoop-hdds-container-service/0.5.0-SNAPSHOT/hadoop-hdds-container-service-0.5.0-SNAPSHOT.jar!/webapps/static,UNAVAILABLE}
2019-09-25 07:21:25,967 [ForkJoinPool.commonPool-worker-1] INFO  handler.ContextHandler (ContextHandler.java:doStop(910)) - Stopped o.e.j.s.ServletContextHandler@1b1c538d{/logs,file:///workdir/hadoop-ozone/ozonefs/target/log,UNAVAILABLE}
2019-09-25 07:21:25,968 [main] INFO  handler.ContextHandler (ContextHandler.java:doStop(910)) - Stopped o.e.j.s.ServletContextHandler@376c7d7d{/logs,file:///workdir/hadoop-ozone/ozonefs/target/log,UNAVAILABLE}
2019-09-25 07:21:26,328 [Datanode State Machine Thread - 0] INFO  statemachine.DatanodeStateMachine (DatanodeStateMachine.java:lambda$startDaemon$0(350)) - Ozone container server started.
2019-09-25 07:21:26,502 [Datanode State Machine Thread - 0] INFO  statemachine.DatanodeStateMachine (DatanodeStateMachine.java:lambda$startDaemon$0(350)) - Ozone container server started.
2019-09-25 07:21:30,971 [ForkJoinPool.commonPool-worker-1] INFO  ozoneimpl.OzoneContainer (OzoneContainer.java:stop(231)) - Attempting to stop container services.
2019-09-25 07:21:30,971 [main] INFO  ozoneimpl.OzoneContainer (OzoneContainer.java:stop(231)) - Attempting to stop container services.
2019-09-25 07:21:30,971 [ForkJoinPool.commonPool-worker-1] INFO  impl.RaftServerProxy (RaftServerProxy.java:lambda$close$4(314)) - b05de815-ed09-4765-b576-c9e1c2f65196: close
2019-09-25 07:21:30,971 [main] INFO  impl.RaftServerProxy (RaftServerProxy.java:lambda$close$4(314)) - f368be67-619a-45f1-9208-8e0055b252cf: close
2019-09-25 07:21:30,972 [ForkJoinPool.commonPool-worker-1] INFO  impl.RaftServerImpl (RaftServerImpl.java:lambda$shutdown$3(251)) - b05de815-ed09-4765-b576-c9e1c2f65196@group-88B7FFB0E360: shutdown
2019-09-25 07:21:30,972 [main] INFO  impl.RaftServerImpl (RaftServerImpl.java:lambda$shutdown$3(251)) - f368be67-619a-45f1-9208-8e0055b252cf@group-5178B0C4714B: shutdown
2019-09-25 07:21:30,972 [ForkJoinPool.commonPool-worker-1] INFO  util.JmxRegister (JmxRegister.java:unregister(73)) - Successfully un-registered JMX Bean with object name Ratis:service=RaftServer,group=group-88B7FFB0E360,id=b05de815-ed09-4765-b576-c9e1c2f65196
2019-09-25 07:21:30,972 [main] INFO  util.JmxRegister (JmxRegister.java:unregister(73)) - Successfully un-registered JMX Bean with object name Ratis:service=RaftServer,group=group-5178B0C4714B,id=f368be67-619a-45f1-9208-8e0055b252cf
2019-09-25 07:21:30,973 [ForkJoinPool.commonPool-worker-1] INFO  impl.RoleInfo (RoleInfo.java:shutdownLeaderState(104)) - b05de815-ed09-4765-b576-c9e1c2f65196: shutdown LeaderState
2019-09-25 07:21:30,973 [main] INFO  impl.RoleInfo (RoleInfo.java:shutdownLeaderState(104)) - f368be67-619a-45f1-9208-8e0055b252cf: shutdown LeaderState
2019-09-25 07:21:30,973 [ForkJoinPool.commonPool-worker-1] INFO  impl.PendingRequests (PendingRequests.java:sendNotLeaderResponses(202)) - b05de815-ed09-4765-b576-c9e1c2f65196-PendingRequests: sendNotLeaderResponses
2019-09-25 07:21:30,974 [main] INFO  impl.PendingRequests (PendingRequests.java:sendNotLeaderResponses(202)) - f368be67-619a-45f1-9208-8e0055b252cf-PendingRequests: sendNotLeaderResponses
2019-09-25 07:21:30,974 [ForkJoinPool.commonPool-worker-1] INFO  impl.StateMachineUpdater (StateMachineUpdater.java:stopAndJoin(125)) - b05de815-ed09-4765-b576-c9e1c2f65196@group-88B7FFB0E360-StateMachineUpdater: set stopIndex = 0
2019-09-25 07:21:30,974 [main] INFO  impl.StateMachineUpdater (StateMachineUpdater.java:stopAndJoin(125)) - f368be67-619a-45f1-9208-8e0055b252cf@group-5178B0C4714B-StateMachineUpdater: set stopIndex = 0
2019-09-25 07:21:30,974 [ForkJoinPool.commonPool-worker-1] INFO  impl.RaftServerImpl (ServerState.java:close(385)) - b05de815-ed09-4765-b576-c9e1c2f65196@group-88B7FFB0E360: closes. applyIndex: 0
2019-09-25 07:21:30,975 [main] INFO  impl.RaftServerImpl (ServerState.java:close(385)) - f368be67-619a-45f1-9208-8e0055b252cf@group-5178B0C4714B: closes. applyIndex: 0
2019-09-25 07:21:30,975 [b05de815-ed09-4765-b576-c9e1c2f65196@group-88B7FFB0E360-SegmentedRaftLogWorker] INFO  segmented.SegmentedRaftLogWorker (SegmentedRaftLogWorker.java:run(313)) - b05de815-ed09-4765-b576-c9e1c2f65196@group-88B7FFB0E360-SegmentedRaftLogWorker was interrupted, exiting. There are 0 tasks remaining in the queue.
2019-09-25 07:21:30,978 [f368be67-619a-45f1-9208-8e0055b252cf@group-5178B0C4714B-SegmentedRaftLogWorker] INFO  segmented.SegmentedRaftLogWorker (SegmentedRaftLogWorker.java:run(313)) - f368be67-619a-45f1-9208-8e0055b252cf@group-5178B0C4714B-SegmentedRaftLogWorker was interrupted, exiting. There are 0 tasks remaining in the queue.
2019-09-25 07:21:30,978 [ForkJoinPool.commonPool-worker-1] INFO  segmented.SegmentedRaftLogWorker (SegmentedRaftLogWorker.java:close(228)) - b05de815-ed09-4765-b576-c9e1c2f65196@group-88B7FFB0E360-SegmentedRaftLogWorker close()
2019-09-25 07:21:30,979 [ForkJoinPool.commonPool-worker-1] INFO  impl.RaftServerImpl (RaftServerImpl.java:lambda$shutdown$3(251)) - b05de815-ed09-4765-b576-c9e1c2f65196@group-19FFA3EC08C1: shutdown
2019-09-25 07:21:30,979 [ForkJoinPool.commonPool-worker-1] INFO  util.JmxRegister (JmxRegister.java:unregister(73)) - Successfully un-registered JMX Bean with object name Ratis:service=RaftServer,group=group-19FFA3EC08C1,id=b05de815-ed09-4765-b576-c9e1c2f65196
2019-09-25 07:21:30,980 [ForkJoinPool.commonPool-worker-1] INFO  impl.RoleInfo (RoleInfo.java:shutdownLeaderState(104)) - b05de815-ed09-4765-b576-c9e1c2f65196: shutdown LeaderState
2019-09-25 07:21:30,980 [ForkJoinPool.commonPool-worker-1] INFO  impl.PendingRequests (PendingRequests.java:sendNotLeaderResponses(202)) - b05de815-ed09-4765-b576-c9e1c2f65196-PendingRequests: sendNotLeaderResponses
2019-09-25 07:21:30,980 [ForkJoinPool.commonPool-worker-1] INFO  impl.StateMachineUpdater (StateMachineUpdater.java:stopAndJoin(125)) - b05de815-ed09-4765-b576-c9e1c2f65196@group-19FFA3EC08C1-StateMachineUpdater: set stopIndex = 0
2019-09-25 07:21:30,981 [ForkJoinPool.commonPool-worker-1] INFO  impl.RaftServerImpl (ServerState.java:close(385)) - b05de815-ed09-4765-b576-c9e1c2f65196@group-19FFA3EC08C1: closes. applyIndex: 0
2019-09-25 07:21:30,981 [b05de815-ed09-4765-b576-c9e1c2f65196@group-19FFA3EC08C1-SegmentedRaftLogWorker] INFO  segmented.SegmentedRaftLogWorker (SegmentedRaftLogWorker.java:run(313)) - b05de815-ed09-4765-b576-c9e1c2f65196@group-19FFA3EC08C1-SegmentedRaftLogWorker was interrupted, exiting. There are 0 tasks remaining in the queue.
2019-09-25 07:21:30,991 [main] INFO  segmented.SegmentedRaftLogWorker (SegmentedRaftLogWorker.java:close(228)) - f368be67-619a-45f1-9208-8e0055b252cf@group-5178B0C4714B-SegmentedRaftLogWorker close()
2019-09-25 07:21:30,991 [ForkJoinPool.commonPool-worker-1] INFO  segmented.SegmentedRaftLogWorker (SegmentedRaftLogWorker.java:close(228)) - b05de815-ed09-4765-b576-c9e1c2f65196@group-19FFA3EC08C1-SegmentedRaftLogWorker close()
2019-09-25 07:21:30,992 [main] INFO  impl.RaftServerImpl (RaftServerImpl.java:lambda$shutdown$3(251)) - f368be67-619a-45f1-9208-8e0055b252cf@group-9F1367A71306: shutdown
2019-09-25 07:21:30,992 [ForkJoinPool.commonPool-worker-1] INFO  impl.RaftServerImpl (RaftServerImpl.java:lambda$shutdown$3(251)) - b05de815-ed09-4765-b576-c9e1c2f65196@group-99FA824DF767: shutdown
2019-09-25 07:21:30,992 [main] INFO  util.JmxRegister (JmxRegister.java:unregister(73)) - Successfully un-registered JMX Bean with object name Ratis:service=RaftServer,group=group-9F1367A71306,id=f368be67-619a-45f1-9208-8e0055b252cf
2019-09-25 07:21:30,993 [ForkJoinPool.commonPool-worker-1] INFO  util.JmxRegister (JmxRegister.java:unregister(73)) - Successfully un-registered JMX Bean with object name Ratis:service=RaftServer,group=group-99FA824DF767,id=b05de815-ed09-4765-b576-c9e1c2f65196
2019-09-25 07:21:30,993 [main] INFO  impl.RoleInfo (RoleInfo.java:shutdownLeaderState(104)) - f368be67-619a-45f1-9208-8e0055b252cf: shutdown LeaderState
2019-09-25 07:21:30,993 [ForkJoinPool.commonPool-worker-1] INFO  impl.RoleInfo (RoleInfo.java:shutdownLeaderState(104)) - b05de815-ed09-4765-b576-c9e1c2f65196: shutdown LeaderState
2019-09-25 07:21:30,993 [main] INFO  impl.PendingRequests (PendingRequests.java:sendNotLeaderResponses(202)) - f368be67-619a-45f1-9208-8e0055b252cf-PendingRequests: sendNotLeaderResponses
2019-09-25 07:21:30,994 [ForkJoinPool.commonPool-worker-1] INFO  impl.PendingRequests (PendingRequests.java:sendNotLeaderResponses(202)) - b05de815-ed09-4765-b576-c9e1c2f65196-PendingRequests: sendNotLeaderResponses
2019-09-25 07:21:30,994 [main] INFO  impl.StateMachineUpdater (StateMachineUpdater.java:stopAndJoin(125)) - f368be67-619a-45f1-9208-8e0055b252cf@group-9F1367A71306-StateMachineUpdater: set stopIndex = 0
2019-09-25 07:21:30,994 [ForkJoinPool.commonPool-worker-1] INFO  impl.StateMachineUpdater (StateMachineUpdater.java:stopAndJoin(125)) - b05de815-ed09-4765-b576-c9e1c2f65196@group-99FA824DF767-StateMachineUpdater: set stopIndex = 0
2019-09-25 07:21:30,995 [main] INFO  impl.RaftServerImpl (ServerState.java:close(385)) - f368be67-619a-45f1-9208-8e0055b252cf@group-9F1367A71306: closes. applyIndex: 0
2019-09-25 07:21:30,995 [ForkJoinPool.commonPool-worker-1] INFO  impl.RaftServerImpl (ServerState.java:close(385)) - b05de815-ed09-4765-b576-c9e1c2f65196@group-99FA824DF767: closes. applyIndex: 0
2019-09-25 07:21:30,996 [f368be67-619a-45f1-9208-8e0055b252cf@group-9F1367A71306-SegmentedRaftLogWorker] INFO  segmented.SegmentedRaftLogWorker (SegmentedRaftLogWorker.java:run(313)) - f368be67-619a-45f1-9208-8e0055b252cf@group-9F1367A71306-SegmentedRaftLogWorker was interrupted, exiting. There are 0 tasks remaining in the queue.
2019-09-25 07:21:30,996 [b05de815-ed09-4765-b576-c9e1c2f65196@group-99FA824DF767-SegmentedRaftLogWorker] INFO  segmented.SegmentedRaftLogWorker (SegmentedRaftLogWorker.java:run(313)) - b05de815-ed09-4765-b576-c9e1c2f65196@group-99FA824DF767-SegmentedRaftLogWorker was interrupted, exiting. There are 0 tasks remaining in the queue.
2019-09-25 07:21:30,996 [main] INFO  segmented.SegmentedRaftLogWorker (SegmentedRaftLogWorker.java:close(228)) - f368be67-619a-45f1-9208-8e0055b252cf@group-9F1367A71306-SegmentedRaftLogWorker close()
2019-09-25 07:21:30,996 [ForkJoinPool.commonPool-worker-1] INFO  segmented.SegmentedRaftLogWorker (SegmentedRaftLogWorker.java:close(228)) - b05de815-ed09-4765-b576-c9e1c2f65196@group-99FA824DF767-SegmentedRaftLogWorker close()
2019-09-25 07:21:30,997 [main] INFO  impl.RaftServerImpl (RaftServerImpl.java:lambda$shutdown$3(251)) - f368be67-619a-45f1-9208-8e0055b252cf@group-F76ABDBEEEF4: shutdown
2019-09-25 07:21:30,997 [ForkJoinPool.commonPool-worker-1] INFO  impl.RaftServerImpl (RaftServerImpl.java:lambda$shutdown$3(251)) - b05de815-ed09-4765-b576-c9e1c2f65196@group-84EC0D41BB0F: shutdown
2019-09-25 07:21:30,997 [main] INFO  util.JmxRegister (JmxRegister.java:unregister(73)) - Successfully un-registered JMX Bean with object name Ratis:service=RaftServer,group=group-F76ABDBEEEF4,id=f368be67-619a-45f1-9208-8e0055b252cf
2019-09-25 07:21:30,997 [ForkJoinPool.commonPool-worker-1] INFO  util.JmxRegister (JmxRegister.java:unregister(73)) - Successfully un-registered JMX Bean with object name Ratis:service=RaftServer,group=group-84EC0D41BB0F,id=b05de815-ed09-4765-b576-c9e1c2f65196
2019-09-25 07:21:30,998 [main] INFO  impl.RoleInfo (RoleInfo.java:shutdownLeaderState(104)) - f368be67-619a-45f1-9208-8e0055b252cf: shutdown LeaderState
2019-09-25 07:21:30,998 [ForkJoinPool.commonPool-worker-1] INFO  impl.RoleInfo (RoleInfo.java:shutdownLeaderState(104)) - b05de815-ed09-4765-b576-c9e1c2f65196: shutdown LeaderState
2019-09-25 07:21:30,998 [main] INFO  impl.PendingRequests (PendingRequests.java:sendNotLeaderResponses(202)) - f368be67-619a-45f1-9208-8e0055b252cf-PendingRequests: sendNotLeaderResponses
2019-09-25 07:21:30,999 [ForkJoinPool.commonPool-worker-1] INFO  impl.PendingRequests (PendingRequests.java:sendNotLeaderResponses(202)) - b05de815-ed09-4765-b576-c9e1c2f65196-PendingRequests: sendNotLeaderResponses
2019-09-25 07:21:30,999 [main] INFO  impl.StateMachineUpdater (StateMachineUpdater.java:stopAndJoin(125)) - f368be67-619a-45f1-9208-8e0055b252cf@group-F76ABDBEEEF4-StateMachineUpdater: set stopIndex = 0
2019-09-25 07:21:30,999 [ForkJoinPool.commonPool-worker-1] INFO  impl.StateMachineUpdater (StateMachineUpdater.java:stopAndJoin(125)) - b05de815-ed09-4765-b576-c9e1c2f65196@group-84EC0D41BB0F-StateMachineUpdater: set stopIndex = 0
2019-09-25 07:21:31,000 [main] INFO  impl.RaftServerImpl (ServerState.java:close(385)) - f368be67-619a-45f1-9208-8e0055b252cf@group-F76ABDBEEEF4: closes. applyIndex: 0
2019-09-25 07:21:31,000 [ForkJoinPool.commonPool-worker-1] INFO  impl.RaftServerImpl (ServerState.java:close(385)) - b05de815-ed09-4765-b576-c9e1c2f65196@group-84EC0D41BB0F: closes. applyIndex: 0
2019-09-25 07:21:31,000 [f368be67-619a-45f1-9208-8e0055b252cf@group-F76ABDBEEEF4-SegmentedRaftLogWorker] INFO  segmented.SegmentedRaftLogWorker (SegmentedRaftLogWorker.java:run(313)) - f368be67-619a-45f1-9208-8e0055b252cf@group-F76ABDBEEEF4-SegmentedRaftLogWorker was interrupted, exiting. There are 0 tasks remaining in the queue.
2019-09-25 07:21:31,001 [b05de815-ed09-4765-b576-c9e1c2f65196@group-84EC0D41BB0F-SegmentedRaftLogWorker] INFO  segmented.SegmentedRaftLogWorker (SegmentedRaftLogWorker.java:run(313)) - b05de815-ed09-4765-b576-c9e1c2f65196@group-84EC0D41BB0F-SegmentedRaftLogWorker was interrupted, exiting. There are 0 tasks remaining in the queue.
2019-09-25 07:21:31,001 [main] INFO  segmented.SegmentedRaftLogWorker (SegmentedRaftLogWorker.java:close(228)) - f368be67-619a-45f1-9208-8e0055b252cf@group-F76ABDBEEEF4-SegmentedRaftLogWorker close()
2019-09-25 07:21:31,001 [ForkJoinPool.commonPool-worker-1] INFO  segmented.SegmentedRaftLogWorker (SegmentedRaftLogWorker.java:close(228)) - b05de815-ed09-4765-b576-c9e1c2f65196@group-84EC0D41BB0F-SegmentedRaftLogWorker close()
2019-09-25 07:21:31,001 [main] INFO  impl.RaftServerImpl (RaftServerImpl.java:lambda$shutdown$3(251)) - f368be67-619a-45f1-9208-8e0055b252cf@group-FF616E4167AB: shutdown
2019-09-25 07:21:31,001 [ForkJoinPool.commonPool-worker-1] INFO  impl.RaftServerImpl (RaftServerImpl.java:lambda$shutdown$3(251)) - b05de815-ed09-4765-b576-c9e1c2f65196@group-BCF6A4D213E2: shutdown
2019-09-25 07:21:31,002 [main] INFO  util.JmxRegister (JmxRegister.java:unregister(73)) - Successfully un-registered JMX Bean with object name Ratis:service=RaftServer,group=group-FF616E4167AB,id=f368be67-619a-45f1-9208-8e0055b252cf
2019-09-25 07:21:31,002 [ForkJoinPool.commonPool-worker-1] INFO  util.JmxRegister (JmxRegister.java:unregister(73)) - Successfully un-registered JMX Bean with object name Ratis:service=RaftServer,group=group-BCF6A4D213E2,id=b05de815-ed09-4765-b576-c9e1c2f65196
2019-09-25 07:21:31,002 [main] INFO  impl.RoleInfo (RoleInfo.java:shutdownLeaderState(104)) - f368be67-619a-45f1-9208-8e0055b252cf: shutdown LeaderState
2019-09-25 07:21:31,003 [ForkJoinPool.commonPool-worker-1] INFO  impl.RoleInfo (RoleInfo.java:shutdownLeaderState(104)) - b05de815-ed09-4765-b576-c9e1c2f65196: shutdown LeaderState
2019-09-25 07:21:31,003 [main] INFO  impl.PendingRequests (PendingRequests.java:sendNotLeaderResponses(202)) - f368be67-619a-45f1-9208-8e0055b252cf-PendingRequests: sendNotLeaderResponses
2019-09-25 07:21:31,003 [ForkJoinPool.commonPool-worker-1] INFO  impl.PendingRequests (PendingRequests.java:sendNotLeaderResponses(202)) - b05de815-ed09-4765-b576-c9e1c2f65196-PendingRequests: sendNotLeaderResponses
2019-09-25 07:21:31,004 [main] INFO  impl.StateMachineUpdater (StateMachineUpdater.java:stopAndJoin(125)) - f368be67-619a-45f1-9208-8e0055b252cf@group-FF616E4167AB-StateMachineUpdater: set stopIndex = 0
2019-09-25 07:21:31,004 [ForkJoinPool.commonPool-worker-1] INFO  impl.StateMachineUpdater (StateMachineUpdater.java:stopAndJoin(125)) - b05de815-ed09-4765-b576-c9e1c2f65196@group-BCF6A4D213E2-StateMachineUpdater: set stopIndex = 0
2019-09-25 07:21:31,004 [main] INFO  impl.RaftServerImpl (ServerState.java:close(385)) - f368be67-619a-45f1-9208-8e0055b252cf@group-FF616E4167AB: closes. applyIndex: 0
2019-09-25 07:21:31,004 [ForkJoinPool.commonPool-worker-1] INFO  impl.RaftServerImpl (ServerState.java:close(385)) - b05de815-ed09-4765-b576-c9e1c2f65196@group-BCF6A4D213E2: closes. applyIndex: 0
2019-09-25 07:21:31,005 [f368be67-619a-45f1-9208-8e0055b252cf@group-FF616E4167AB-SegmentedRaftLogWorker] INFO  segmented.SegmentedRaftLogWorker (SegmentedRaftLogWorker.java:run(313)) - f368be67-619a-45f1-9208-8e0055b252cf@group-FF616E4167AB-SegmentedRaftLogWorker was interrupted, exiting. There are 0 tasks remaining in the queue.
2019-09-25 07:21:31,005 [b05de815-ed09-4765-b576-c9e1c2f65196@group-BCF6A4D213E2-SegmentedRaftLogWorker] INFO  segmented.SegmentedRaftLogWorker (SegmentedRaftLogWorker.java:run(313)) - b05de815-ed09-4765-b576-c9e1c2f65196@group-BCF6A4D213E2-SegmentedRaftLogWorker was interrupted, exiting. There are 0 tasks remaining in the queue.
2019-09-25 07:21:31,005 [main] INFO  segmented.SegmentedRaftLogWorker (SegmentedRaftLogWorker.java:close(228)) - f368be67-619a-45f1-9208-8e0055b252cf@group-FF616E4167AB-SegmentedRaftLogWorker close()
2019-09-25 07:21:31,005 [ForkJoinPool.commonPool-worker-1] INFO  segmented.SegmentedRaftLogWorker (SegmentedRaftLogWorker.java:close(228)) - b05de815-ed09-4765-b576-c9e1c2f65196@group-BCF6A4D213E2-SegmentedRaftLogWorker close()
2019-09-25 07:21:31,006 [main] INFO  impl.RaftServerImpl (RaftServerImpl.java:lambda$shutdown$3(251)) - f368be67-619a-45f1-9208-8e0055b252cf@group-0DE6A3156899: shutdown
2019-09-25 07:21:31,006 [ForkJoinPool.commonPool-worker-1] INFO  impl.RaftServerImpl (RaftServerImpl.java:lambda$shutdown$3(251)) - b05de815-ed09-4765-b576-c9e1c2f65196@group-A1930925C671: shutdown
2019-09-25 07:21:31,006 [main] INFO  util.JmxRegister (JmxRegister.java:unregister(73)) - Successfully un-registered JMX Bean with object name Ratis:service=RaftServer,group=group-0DE6A3156899,id=f368be67-619a-45f1-9208-8e0055b252cf
2019-09-25 07:21:31,007 [ForkJoinPool.commonPool-worker-1] INFO  util.JmxRegister (JmxRegister.java:unregister(73)) - Successfully un-registered JMX Bean with object name Ratis:service=RaftServer,group=group-A1930925C671,id=b05de815-ed09-4765-b576-c9e1c2f65196
2019-09-25 07:21:31,007 [main] INFO  impl.RoleInfo (RoleInfo.java:shutdownLeaderState(104)) - f368be67-619a-45f1-9208-8e0055b252cf: shutdown LeaderState
2019-09-25 07:21:31,007 [ForkJoinPool.commonPool-worker-1] INFO  impl.RoleInfo (RoleInfo.java:shutdownLeaderState(104)) - b05de815-ed09-4765-b576-c9e1c2f65196: shutdown LeaderState
2019-09-25 07:21:31,007 [main] INFO  impl.PendingRequests (PendingRequests.java:sendNotLeaderResponses(202)) - f368be67-619a-45f1-9208-8e0055b252cf-PendingRequests: sendNotLeaderResponses
2019-09-25 07:21:31,008 [ForkJoinPool.commonPool-worker-1] INFO  impl.PendingRequests (PendingRequests.java:sendNotLeaderResponses(202)) - b05de815-ed09-4765-b576-c9e1c2f65196-PendingRequests: sendNotLeaderResponses
2019-09-25 07:21:31,008 [main] INFO  impl.StateMachineUpdater (StateMachineUpdater.java:stopAndJoin(125)) - f368be67-619a-45f1-9208-8e0055b252cf@group-0DE6A3156899-StateMachineUpdater: set stopIndex = 0
2019-09-25 07:21:31,008 [ForkJoinPool.commonPool-worker-1] INFO  impl.StateMachineUpdater (StateMachineUpdater.java:stopAndJoin(125)) - b05de815-ed09-4765-b576-c9e1c2f65196@group-A1930925C671-StateMachineUpdater: set stopIndex = 0
2019-09-25 07:21:31,009 [main] INFO  impl.RaftServerImpl (ServerState.java:close(385)) - f368be67-619a-45f1-9208-8e0055b252cf@group-0DE6A3156899: closes. applyIndex: 0
2019-09-25 07:21:31,009 [ForkJoinPool.commonPool-worker-1] INFO  impl.RaftServerImpl (ServerState.java:close(385)) - b05de815-ed09-4765-b576-c9e1c2f65196@group-A1930925C671: closes. applyIndex: 0
2019-09-25 07:21:31,009 [f368be67-619a-45f1-9208-8e0055b252cf@group-0DE6A3156899-SegmentedRaftLogWorker] INFO  segmented.SegmentedRaftLogWorker (SegmentedRaftLogWorker.java:run(313)) - f368be67-619a-45f1-9208-8e0055b252cf@group-0DE6A3156899-SegmentedRaftLogWorker was interrupted, exiting. There are 0 tasks remaining in the queue.
2019-09-25 07:21:31,010 [b05de815-ed09-4765-b576-c9e1c2f65196@group-A1930925C671-SegmentedRaftLogWorker] INFO  segmented.SegmentedRaftLogWorker (SegmentedRaftLogWorker.java:run(313)) - b05de815-ed09-4765-b576-c9e1c2f65196@group-A1930925C671-SegmentedRaftLogWorker was interrupted, exiting. There are 0 tasks remaining in the queue.
2019-09-25 07:21:31,010 [main] INFO  segmented.SegmentedRaftLogWorker (SegmentedRaftLogWorker.java:close(228)) - f368be67-619a-45f1-9208-8e0055b252cf@group-0DE6A3156899-SegmentedRaftLogWorker close()
2019-09-25 07:21:31,010 [ForkJoinPool.commonPool-worker-1] INFO  segmented.SegmentedRaftLogWorker (SegmentedRaftLogWorker.java:close(228)) - b05de815-ed09-4765-b576-c9e1c2f65196@group-A1930925C671-SegmentedRaftLogWorker close()
2019-09-25 07:21:31,010 [main] INFO  impl.RaftServerImpl (RaftServerImpl.java:lambda$shutdown$3(251)) - f368be67-619a-45f1-9208-8e0055b252cf@group-DB4A583408BA: shutdown
2019-09-25 07:21:31,011 [ForkJoinPool.commonPool-worker-1] INFO  server.GrpcService (GrpcService.java:closeImpl(164)) - b05de815-ed09-4765-b576-c9e1c2f65196: shutdown server with port 36348 now
2019-09-25 07:21:31,011 [main] INFO  util.JmxRegister (JmxRegister.java:unregister(73)) - Successfully un-registered JMX Bean with object name Ratis:service=RaftServer,group=group-DB4A583408BA,id=f368be67-619a-45f1-9208-8e0055b252cf
2019-09-25 07:21:31,014 [ForkJoinPool.commonPool-worker-1] INFO  server.GrpcService (GrpcService.java:closeImpl(172)) - b05de815-ed09-4765-b576-c9e1c2f65196: shutdown server with port 36348 successfully
2019-09-25 07:21:31,014 [main] INFO  impl.RoleInfo (RoleInfo.java:shutdownLeaderState(104)) - f368be67-619a-45f1-9208-8e0055b252cf: shutdown LeaderState
2019-09-25 07:21:31,015 [main] INFO  impl.PendingRequests (PendingRequests.java:sendNotLeaderResponses(202)) - f368be67-619a-45f1-9208-8e0055b252cf-PendingRequests: sendNotLeaderResponses
2019-09-25 07:21:31,016 [main] INFO  impl.StateMachineUpdater (StateMachineUpdater.java:stopAndJoin(125)) - f368be67-619a-45f1-9208-8e0055b252cf@group-DB4A583408BA-StateMachineUpdater: set stopIndex = 0
2019-09-25 07:21:31,016 [main] INFO  impl.RaftServerImpl (ServerState.java:close(385)) - f368be67-619a-45f1-9208-8e0055b252cf@group-DB4A583408BA: closes. applyIndex: 0
2019-09-25 07:21:31,017 [refreshUsed-/workdir/hadoop-ozone/ozonefs/target/test-dir/MiniOzoneClusterImpl-48169ae4-fc36-4fd4-bc0e-7a80f7e832d4/datanode-0/data/containers] WARN  fs.CachingGetSpaceUsed (CachingGetSpaceUsed.java:run(183)) - Thread Interrupted waiting to refresh disk information: sleep interrupted
2019-09-25 07:21:31,017 [f368be67-619a-45f1-9208-8e0055b252cf@group-DB4A583408BA-SegmentedRaftLogWorker] INFO  segmented.SegmentedRaftLogWorker (SegmentedRaftLogWorker.java:run(313)) - f368be67-619a-45f1-9208-8e0055b252cf@group-DB4A583408BA-SegmentedRaftLogWorker was interrupted, exiting. There are 0 tasks remaining in the queue.
2019-09-25 07:21:31,018 [main] INFO  segmented.SegmentedRaftLogWorker (SegmentedRaftLogWorker.java:close(228)) - f368be67-619a-45f1-9208-8e0055b252cf@group-DB4A583408BA-SegmentedRaftLogWorker close()
2019-09-25 07:21:31,018 [main] INFO  server.GrpcService (GrpcService.java:closeImpl(164)) - f368be67-619a-45f1-9208-8e0055b252cf: shutdown server with port 40542 now
2019-09-25 07:21:31,020 [main] INFO  server.GrpcService (GrpcService.java:closeImpl(172)) - f368be67-619a-45f1-9208-8e0055b252cf: shutdown server with port 40542 successfully
2019-09-25 07:21:31,024 [refreshUsed-/workdir/hadoop-ozone/ozonefs/target/test-dir/MiniOzoneClusterImpl-48169ae4-fc36-4fd4-bc0e-7a80f7e832d4/datanode-9/data/containers] WARN  fs.CachingGetSpaceUsed (CachingGetSpaceUsed.java:run(183)) - Thread Interrupted waiting to refresh disk information: sleep interrupted
2019-09-25 07:21:31,039 [ForkJoinPool.commonPool-worker-1] INFO  utils.BackgroundService (BackgroundService.java:shutdown(148)) - Shutting down service BlockDeletingService
2019-09-25 07:21:31,044 [ForkJoinPool.commonPool-worker-1] INFO  statemachine.DatanodeStateMachine (DatanodeStateMachine.java:stopDaemon(395)) - Ozone container server stopped.
2019-09-25 07:21:31,048 [main] INFO  utils.BackgroundService (BackgroundService.java:shutdown(148)) - Shutting down service BlockDeletingService
2019-09-25 07:21:31,049 [ForkJoinPool.commonPool-worker-1] INFO  handler.ContextHandler (ContextHandler.java:doStop(910)) - Stopped o.e.j.w.WebAppContext@5e7c141d{/,null,UNAVAILABLE}{/hddsDatanode}
2019-09-25 07:21:31,052 [ForkJoinPool.commonPool-worker-1] INFO  server.AbstractConnector (AbstractConnector.java:doStop(318)) - Stopped ServerConnector@43af351a{HTTP/1.1,[http/1.1]}{0.0.0.0:0}
2019-09-25 07:21:31,054 [main] INFO  statemachine.DatanodeStateMachine (DatanodeStateMachine.java:stopDaemon(395)) - Ozone container server stopped.
2019-09-25 07:21:31,055 [ForkJoinPool.commonPool-worker-1] INFO  handler.ContextHandler (ContextHandler.java:doStop(910)) - Stopped o.e.j.s.ServletContextHandler@53f4c1e6{/static,jar:file:/home/user/.m2/repository/org/apache/hadoop/hadoop-hdds-container-service/0.5.0-SNAPSHOT/hadoop-hdds-container-service-0.5.0-SNAPSHOT.jar!/webapps/static,UNAVAILABLE}
2019-09-25 07:21:31,057 [ForkJoinPool.commonPool-worker-1] INFO  handler.ContextHandler (ContextHandler.java:doStop(910)) - Stopped o.e.j.s.ServletContextHandler@1981d861{/logs,file:///workdir/hadoop-ozone/ozonefs/target/log,UNAVAILABLE}
2019-09-25 07:21:31,057 [main] INFO  handler.ContextHandler (ContextHandler.java:doStop(910)) - Stopped o.e.j.w.WebAppContext@46a488c2{/,null,UNAVAILABLE}{/hddsDatanode}
2019-09-25 07:21:31,059 [main] INFO  server.AbstractConnector (AbstractConnector.java:doStop(318)) - Stopped ServerConnector@6242ae3b{HTTP/1.1,[http/1.1]}{0.0.0.0:0}
2019-09-25 07:21:31,059 [main] INFO  handler.ContextHandler (ContextHandler.java:doStop(910)) - Stopped o.e.j.s.ServletContextHandler@60d40ff4{/static,jar:file:/home/user/.m2/repository/org/apache/hadoop/hadoop-hdds-container-service/0.5.0-SNAPSHOT/hadoop-hdds-container-service-0.5.0-SNAPSHOT.jar!/webapps/static,UNAVAILABLE}
2019-09-25 07:21:31,059 [main] INFO  handler.ContextHandler (ContextHandler.java:doStop(910)) - Stopped o.e.j.s.ServletContextHandler@6a2c717f{/logs,file:///workdir/hadoop-ozone/ozonefs/target/log,UNAVAILABLE}
2019-09-25 07:21:31,502 [Datanode State Machine Thread - 0] INFO  statemachine.DatanodeStateMachine (DatanodeStateMachine.java:lambda$startDaemon$0(350)) - Ozone container server started.
2019-09-25 07:21:31,975 [Datanode State Machine Thread - 0] INFO  statemachine.DatanodeStateMachine (DatanodeStateMachine.java:lambda$startDaemon$0(350)) - Ozone container server started.
2019-09-25 07:21:36,059 [ForkJoinPool.commonPool-worker-1] INFO  ozoneimpl.OzoneContainer (OzoneContainer.java:stop(231)) - Attempting to stop container services.
2019-09-25 07:21:36,060 [ForkJoinPool.commonPool-worker-1] INFO  impl.RaftServerProxy (RaftServerProxy.java:lambda$close$4(314)) - f5d629fd-ecfe-43ee-9421-b64933e3fd75: close
2019-09-25 07:21:36,060 [ForkJoinPool.commonPool-worker-1] INFO  impl.RaftServerImpl (RaftServerImpl.java:lambda$shutdown$3(251)) - f5d629fd-ecfe-43ee-9421-b64933e3fd75@group-AD205E83DA80: shutdown
2019-09-25 07:21:36,061 [ForkJoinPool.commonPool-worker-1] INFO  util.JmxRegister (JmxRegister.java:unregister(73)) - Successfully un-registered JMX Bean with object name Ratis:service=RaftServer,group=group-AD205E83DA80,id=f5d629fd-ecfe-43ee-9421-b64933e3fd75
2019-09-25 07:21:36,061 [ForkJoinPool.commonPool-worker-1] INFO  impl.RoleInfo (RoleInfo.java:shutdownLeaderState(104)) - f5d629fd-ecfe-43ee-9421-b64933e3fd75: shutdown LeaderState
2019-09-25 07:21:36,061 [main] INFO  ozoneimpl.OzoneContainer (OzoneContainer.java:stop(231)) - Attempting to stop container services.
2019-09-25 07:21:36,061 [ForkJoinPool.commonPool-worker-1] INFO  impl.PendingRequests (PendingRequests.java:sendNotLeaderResponses(202)) - f5d629fd-ecfe-43ee-9421-b64933e3fd75-PendingRequests: sendNotLeaderResponses
2019-09-25 07:21:36,062 [main] INFO  impl.RaftServerProxy (RaftServerProxy.java:lambda$close$4(314)) - 3ed290a7-a21d-4e57-957f-efca320df8bc: close
2019-09-25 07:21:36,062 [ForkJoinPool.commonPool-worker-1] INFO  impl.StateMachineUpdater (StateMachineUpdater.java:stopAndJoin(125)) - f5d629fd-ecfe-43ee-9421-b64933e3fd75@group-AD205E83DA80-StateMachineUpdater: set stopIndex = 0
2019-09-25 07:21:36,063 [main] INFO  impl.RaftServerImpl (RaftServerImpl.java:lambda$shutdown$3(251)) - 3ed290a7-a21d-4e57-957f-efca320df8bc@group-7E28273D69AA: shutdown
2019-09-25 07:21:36,063 [ForkJoinPool.commonPool-worker-1] INFO  impl.RaftServerImpl (ServerState.java:close(385)) - f5d629fd-ecfe-43ee-9421-b64933e3fd75@group-AD205E83DA80: closes. applyIndex: 0
2019-09-25 07:21:36,063 [main] INFO  util.JmxRegister (JmxRegister.java:unregister(73)) - Successfully un-registered JMX Bean with object name Ratis:service=RaftServer,group=group-7E28273D69AA,id=3ed290a7-a21d-4e57-957f-efca320df8bc
2019-09-25 07:21:36,064 [f5d629fd-ecfe-43ee-9421-b64933e3fd75@group-AD205E83DA80-SegmentedRaftLogWorker] INFO  segmented.SegmentedRaftLogWorker (SegmentedRaftLogWorker.java:run(313)) - f5d629fd-ecfe-43ee-9421-b64933e3fd75@group-AD205E83DA80-SegmentedRaftLogWorker was interrupted, exiting. There are 0 tasks remaining in the queue.
2019-09-25 07:21:36,064 [main] INFO  impl.RoleInfo (RoleInfo.java:shutdownLeaderState(104)) - 3ed290a7-a21d-4e57-957f-efca320df8bc: shutdown LeaderState
2019-09-25 07:21:36,065 [ForkJoinPool.commonPool-worker-1] INFO  segmented.SegmentedRaftLogWorker (SegmentedRaftLogWorker.java:close(228)) - f5d629fd-ecfe-43ee-9421-b64933e3fd75@group-AD205E83DA80-SegmentedRaftLogWorker close()
2019-09-25 07:21:36,065 [main] INFO  impl.PendingRequests (PendingRequests.java:sendNotLeaderResponses(202)) - 3ed290a7-a21d-4e57-957f-efca320df8bc-PendingRequests: sendNotLeaderResponses
2019-09-25 07:21:36,065 [ForkJoinPool.commonPool-worker-1] INFO  impl.RaftServerImpl (RaftServerImpl.java:lambda$shutdown$3(251)) - f5d629fd-ecfe-43ee-9421-b64933e3fd75@group-8534DD67A811: shutdown
2019-09-25 07:21:36,066 [main] INFO  impl.StateMachineUpdater (StateMachineUpdater.java:stopAndJoin(125)) - 3ed290a7-a21d-4e57-957f-efca320df8bc@group-7E28273D69AA-StateMachineUpdater: set stopIndex = 0
2019-09-25 07:21:36,066 [main] INFO  impl.RaftServerImpl (ServerState.java:close(385)) - 3ed290a7-a21d-4e57-957f-efca320df8bc@group-7E28273D69AA: closes. applyIndex: 0
2019-09-25 07:21:36,066 [ForkJoinPool.commonPool-worker-1] INFO  util.JmxRegister (JmxRegister.java:unregister(73)) - Successfully un-registered JMX Bean with object name Ratis:service=RaftServer,group=group-8534DD67A811,id=f5d629fd-ecfe-43ee-9421-b64933e3fd75
2019-09-25 07:21:36,067 [ForkJoinPool.commonPool-worker-1] INFO  impl.RoleInfo (RoleInfo.java:shutdownLeaderState(104)) - f5d629fd-ecfe-43ee-9421-b64933e3fd75: shutdown LeaderState
2019-09-25 07:21:36,067 [3ed290a7-a21d-4e57-957f-efca320df8bc@group-7E28273D69AA-SegmentedRaftLogWorker] INFO  segmented.SegmentedRaftLogWorker (SegmentedRaftLogWorker.java:run(313)) - 3ed290a7-a21d-4e57-957f-efca320df8bc@group-7E28273D69AA-SegmentedRaftLogWorker was interrupted, exiting. There are 0 tasks remaining in the queue.
2019-09-25 07:21:36,067 [ForkJoinPool.commonPool-worker-1] INFO  impl.PendingRequests (PendingRequests.java:sendNotLeaderResponses(202)) - f5d629fd-ecfe-43ee-9421-b64933e3fd75-PendingRequests: sendNotLeaderResponses
2019-09-25 07:21:36,068 [ForkJoinPool.commonPool-worker-1] INFO  impl.StateMachineUpdater (StateMachineUpdater.java:stopAndJoin(125)) - f5d629fd-ecfe-43ee-9421-b64933e3fd75@group-8534DD67A811-StateMachineUpdater: set stopIndex = 0
2019-09-25 07:21:36,068 [ForkJoinPool.commonPool-worker-1] INFO  impl.RaftServerImpl (ServerState.java:close(385)) - f5d629fd-ecfe-43ee-9421-b64933e3fd75@group-8534DD67A811: closes. applyIndex: 0
2019-09-25 07:21:36,069 [f5d629fd-ecfe-43ee-9421-b64933e3fd75@group-8534DD67A811-SegmentedRaftLogWorker] INFO  segmented.SegmentedRaftLogWorker (SegmentedRaftLogWorker.java:run(313)) - f5d629fd-ecfe-43ee-9421-b64933e3fd75@group-8534DD67A811-SegmentedRaftLogWorker was interrupted, exiting. There are 0 tasks remaining in the queue.
2019-09-25 07:21:36,077 [ForkJoinPool.commonPool-worker-1] INFO  segmented.SegmentedRaftLogWorker (SegmentedRaftLogWorker.java:close(228)) - f5d629fd-ecfe-43ee-9421-b64933e3fd75@group-8534DD67A811-SegmentedRaftLogWorker close()
2019-09-25 07:21:36,077 [main] INFO  segmented.SegmentedRaftLogWorker (SegmentedRaftLogWorker.java:close(228)) - 3ed290a7-a21d-4e57-957f-efca320df8bc@group-7E28273D69AA-SegmentedRaftLogWorker close()
2019-09-25 07:21:36,077 [ForkJoinPool.commonPool-worker-1] INFO  impl.RaftServerImpl (RaftServerImpl.java:lambda$shutdown$3(251)) - f5d629fd-ecfe-43ee-9421-b64933e3fd75@group-4A287AF05AE2: shutdown
2019-09-25 07:21:36,077 [main] INFO  impl.RaftServerImpl (RaftServerImpl.java:lambda$shutdown$3(251)) - 3ed290a7-a21d-4e57-957f-efca320df8bc@group-9C401E06E3E1: shutdown
2019-09-25 07:21:36,078 [ForkJoinPool.commonPool-worker-1] INFO  util.JmxRegister (JmxRegister.java:unregister(73)) - Successfully un-registered JMX Bean with object name Ratis:service=RaftServer,group=group-4A287AF05AE2,id=f5d629fd-ecfe-43ee-9421-b64933e3fd75
2019-09-25 07:21:36,078 [main] INFO  util.JmxRegister (JmxRegister.java:unregister(73)) - Successfully un-registered JMX Bean with object name Ratis:service=RaftServer,group=group-9C401E06E3E1,id=3ed290a7-a21d-4e57-957f-efca320df8bc
2019-09-25 07:21:36,078 [ForkJoinPool.commonPool-worker-1] INFO  impl.RoleInfo (RoleInfo.java:shutdownLeaderState(104)) - f5d629fd-ecfe-43ee-9421-b64933e3fd75: shutdown LeaderState
2019-09-25 07:21:36,079 [main] INFO  impl.RoleInfo (RoleInfo.java:shutdownLeaderState(104)) - 3ed290a7-a21d-4e57-957f-efca320df8bc: shutdown LeaderState
2019-09-25 07:21:36,079 [ForkJoinPool.commonPool-worker-1] INFO  impl.PendingRequests (PendingRequests.java:sendNotLeaderResponses(202)) - f5d629fd-ecfe-43ee-9421-b64933e3fd75-PendingRequests: sendNotLeaderResponses
2019-09-25 07:21:36,079 [main] INFO  impl.PendingRequests (PendingRequests.java:sendNotLeaderResponses(202)) - 3ed290a7-a21d-4e57-957f-efca320df8bc-PendingRequests: sendNotLeaderResponses
2019-09-25 07:21:36,080 [ForkJoinPool.commonPool-worker-1] INFO  impl.StateMachineUpdater (StateMachineUpdater.java:stopAndJoin(125)) - f5d629fd-ecfe-43ee-9421-b64933e3fd75@group-4A287AF05AE2-StateMachineUpdater: set stopIndex = 0
2019-09-25 07:21:36,080 [main] INFO  impl.StateMachineUpdater (StateMachineUpdater.java:stopAndJoin(125)) - 3ed290a7-a21d-4e57-957f-efca320df8bc@group-9C401E06E3E1-StateMachineUpdater: set stopIndex = 0
2019-09-25 07:21:36,081 [main] INFO  impl.RaftServerImpl (ServerState.java:close(385)) - 3ed290a7-a21d-4e57-957f-efca320df8bc@group-9C401E06E3E1: closes. applyIndex: 0
2019-09-25 07:21:36,080 [ForkJoinPool.commonPool-worker-1] INFO  impl.RaftServerImpl (ServerState.java:close(385)) - f5d629fd-ecfe-43ee-9421-b64933e3fd75@group-4A287AF05AE2: closes. applyIndex: 0
2019-09-25 07:21:36,081 [3ed290a7-a21d-4e57-957f-efca320df8bc@group-9C401E06E3E1-SegmentedRaftLogWorker] INFO  segmented.SegmentedRaftLogWorker (SegmentedRaftLogWorker.java:run(313)) - 3ed290a7-a21d-4e57-957f-efca320df8bc@group-9C401E06E3E1-SegmentedRaftLogWorker was interrupted, exiting. There are 0 tasks remaining in the queue.
2019-09-25 07:21:36,082 [main] INFO  segmented.SegmentedRaftLogWorker (SegmentedRaftLogWorker.java:close(228)) - 3ed290a7-a21d-4e57-957f-efca320df8bc@group-9C401E06E3E1-SegmentedRaftLogWorker close()
2019-09-25 07:21:36,082 [f5d629fd-ecfe-43ee-9421-b64933e3fd75@group-4A287AF05AE2-SegmentedRaftLogWorker] INFO  segmented.SegmentedRaftLogWorker (SegmentedRaftLogWorker.java:run(313)) - f5d629fd-ecfe-43ee-9421-b64933e3fd75@group-4A287AF05AE2-SegmentedRaftLogWorker was interrupted, exiting. There are 0 tasks remaining in the queue.
2019-09-25 07:21:36,082 [main] INFO  impl.RaftServerImpl (RaftServerImpl.java:lambda$shutdown$3(251)) - 3ed290a7-a21d-4e57-957f-efca320df8bc@group-5DB15EA38734: shutdown
2019-09-25 07:21:36,082 [ForkJoinPool.commonPool-worker-1] INFO  segmented.SegmentedRaftLogWorker (SegmentedRaftLogWorker.java:close(228)) - f5d629fd-ecfe-43ee-9421-b64933e3fd75@group-4A287AF05AE2-SegmentedRaftLogWorker close()
2019-09-25 07:21:36,083 [main] INFO  util.JmxRegister (JmxRegister.java:unregister(73)) - Successfully un-registered JMX Bean with object name Ratis:service=RaftServer,group=group-5DB15EA38734,id=3ed290a7-a21d-4e57-957f-efca320df8bc
2019-09-25 07:21:36,083 [main] INFO  impl.RoleInfo (RoleInfo.java:shutdownLeaderState(104)) - 3ed290a7-a21d-4e57-957f-efca320df8bc: shutdown LeaderState
2019-09-25 07:21:36,083 [ForkJoinPool.commonPool-worker-1] INFO  impl.RaftServerImpl (RaftServerImpl.java:lambda$shutdown$3(251)) - f5d629fd-ecfe-43ee-9421-b64933e3fd75@group-4F39C7A548F4: shutdown
2019-09-25 07:21:36,084 [main] INFO  impl.PendingRequests (PendingRequests.java:sendNotLeaderResponses(202)) - 3ed290a7-a21d-4e57-957f-efca320df8bc-PendingRequests: sendNotLeaderResponses
2019-09-25 07:21:36,084 [ForkJoinPool.commonPool-worker-1] INFO  util.JmxRegister (JmxRegister.java:unregister(73)) - Successfully un-registered JMX Bean with object name Ratis:service=RaftServer,group=group-4F39C7A548F4,id=f5d629fd-ecfe-43ee-9421-b64933e3fd75
2019-09-25 07:21:36,084 [main] INFO  impl.StateMachineUpdater (StateMachineUpdater.java:stopAndJoin(125)) - 3ed290a7-a21d-4e57-957f-efca320df8bc@group-5DB15EA38734-StateMachineUpdater: set stopIndex = 0
2019-09-25 07:21:36,085 [main] INFO  impl.RaftServerImpl (ServerState.java:close(385)) - 3ed290a7-a21d-4e57-957f-efca320df8bc@group-5DB15EA38734: closes. applyIndex: 0
2019-09-25 07:21:36,085 [ForkJoinPool.commonPool-worker-1] INFO  impl.RoleInfo (RoleInfo.java:shutdownLeaderState(104)) - f5d629fd-ecfe-43ee-9421-b64933e3fd75: shutdown LeaderState
2019-09-25 07:21:36,086 [3ed290a7-a21d-4e57-957f-efca320df8bc@group-5DB15EA38734-SegmentedRaftLogWorker] INFO  segmented.SegmentedRaftLogWorker (SegmentedRaftLogWorker.java:run(313)) - 3ed290a7-a21d-4e57-957f-efca320df8bc@group-5DB15EA38734-SegmentedRaftLogWorker was interrupted, exiting. There are 0 tasks remaining in the queue.
2019-09-25 07:21:36,086 [ForkJoinPool.commonPool-worker-1] INFO  impl.PendingRequests (PendingRequests.java:sendNotLeaderResponses(202)) - f5d629fd-ecfe-43ee-9421-b64933e3fd75-PendingRequests: sendNotLeaderResponses
2019-09-25 07:21:36,086 [main] INFO  segmented.SegmentedRaftLogWorker (SegmentedRaftLogWorker.java:close(228)) - 3ed290a7-a21d-4e57-957f-efca320df8bc@group-5DB15EA38734-SegmentedRaftLogWorker close()
2019-09-25 07:21:36,086 [ForkJoinPool.commonPool-worker-1] INFO  impl.StateMachineUpdater (StateMachineUpdater.java:stopAndJoin(125)) - f5d629fd-ecfe-43ee-9421-b64933e3fd75@group-4F39C7A548F4-StateMachineUpdater: set stopIndex = 0
2019-09-25 07:21:36,087 [main] INFO  impl.RaftServerImpl (RaftServerImpl.java:lambda$shutdown$3(251)) - 3ed290a7-a21d-4e57-957f-efca320df8bc@group-77F5BBED0080: shutdown
2019-09-25 07:21:36,087 [ForkJoinPool.commonPool-worker-1] INFO  impl.RaftServerImpl (ServerState.java:close(385)) - f5d629fd-ecfe-43ee-9421-b64933e3fd75@group-4F39C7A548F4: closes. applyIndex: 0
2019-09-25 07:21:36,087 [main] INFO  util.JmxRegister (JmxRegister.java:unregister(73)) - Successfully un-registered JMX Bean with object name Ratis:service=RaftServer,group=group-77F5BBED0080,id=3ed290a7-a21d-4e57-957f-efca320df8bc
2019-09-25 07:21:36,088 [f5d629fd-ecfe-43ee-9421-b64933e3fd75@group-4F39C7A548F4-SegmentedRaftLogWorker] INFO  segmented.SegmentedRaftLogWorker (SegmentedRaftLogWorker.java:run(313)) - f5d629fd-ecfe-43ee-9421-b64933e3fd75@group-4F39C7A548F4-SegmentedRaftLogWorker was interrupted, exiting. There are 0 tasks remaining in the queue.
2019-09-25 07:21:36,088 [main] INFO  impl.RoleInfo (RoleInfo.java:shutdownLeaderState(104)) - 3ed290a7-a21d-4e57-957f-efca320df8bc: shutdown LeaderState
2019-09-25 07:21:36,088 [ForkJoinPool.commonPool-worker-1] INFO  segmented.SegmentedRaftLogWorker (SegmentedRaftLogWorker.java:close(228)) - f5d629fd-ecfe-43ee-9421-b64933e3fd75@group-4F39C7A548F4-SegmentedRaftLogWorker close()
2019-09-25 07:21:36,088 [main] INFO  impl.PendingRequests (PendingRequests.java:sendNotLeaderResponses(202)) - 3ed290a7-a21d-4e57-957f-efca320df8bc-PendingRequests: sendNotLeaderResponses
2019-09-25 07:21:36,089 [ForkJoinPool.commonPool-worker-1] INFO  impl.RaftServerImpl (RaftServerImpl.java:lambda$shutdown$3(251)) - f5d629fd-ecfe-43ee-9421-b64933e3fd75@group-A499E8934B07: shutdown
2019-09-25 07:21:36,089 [main] INFO  impl.StateMachineUpdater (StateMachineUpdater.java:stopAndJoin(125)) - 3ed290a7-a21d-4e57-957f-efca320df8bc@group-77F5BBED0080-StateMachineUpdater: set stopIndex = 0
2019-09-25 07:21:36,089 [ForkJoinPool.commonPool-worker-1] INFO  util.JmxRegister (JmxRegister.java:unregister(73)) - Successfully un-registered JMX Bean with object name Ratis:service=RaftServer,group=group-A499E8934B07,id=f5d629fd-ecfe-43ee-9421-b64933e3fd75
2019-09-25 07:21:36,090 [main] INFO  impl.RaftServerImpl (ServerState.java:close(385)) - 3ed290a7-a21d-4e57-957f-efca320df8bc@group-77F5BBED0080: closes. applyIndex: 0
2019-09-25 07:21:36,090 [ForkJoinPool.commonPool-worker-1] INFO  impl.RoleInfo (RoleInfo.java:shutdownLeaderState(104)) - f5d629fd-ecfe-43ee-9421-b64933e3fd75: shutdown LeaderState
2019-09-25 07:21:36,090 [3ed290a7-a21d-4e57-957f-efca320df8bc@group-77F5BBED0080-SegmentedRaftLogWorker] INFO  segmented.SegmentedRaftLogWorker (SegmentedRaftLogWorker.java:run(313)) - 3ed290a7-a21d-4e57-957f-efca320df8bc@group-77F5BBED0080-SegmentedRaftLogWorker was interrupted, exiting. There are 0 tasks remaining in the queue.
2019-09-25 07:21:36,091 [ForkJoinPool.commonPool-worker-1] INFO  impl.PendingRequests (PendingRequests.java:sendNotLeaderResponses(202)) - f5d629fd-ecfe-43ee-9421-b64933e3fd75-PendingRequests: sendNotLeaderResponses
2019-09-25 07:21:36,091 [main] INFO  segmented.SegmentedRaftLogWorker (SegmentedRaftLogWorker.java:close(228)) - 3ed290a7-a21d-4e57-957f-efca320df8bc@group-77F5BBED0080-SegmentedRaftLogWorker close()
2019-09-25 07:21:36,091 [ForkJoinPool.commonPool-worker-1] INFO  impl.StateMachineUpdater (StateMachineUpdater.java:stopAndJoin(125)) - f5d629fd-ecfe-43ee-9421-b64933e3fd75@group-A499E8934B07-StateMachineUpdater: set stopIndex = 0
2019-09-25 07:21:36,091 [main] INFO  impl.RaftServerImpl (RaftServerImpl.java:lambda$shutdown$3(251)) - 3ed290a7-a21d-4e57-957f-efca320df8bc@group-AC8169398F05: shutdown
2019-09-25 07:21:36,092 [ForkJoinPool.commonPool-worker-1] INFO  impl.RaftServerImpl (ServerState.java:close(385)) - f5d629fd-ecfe-43ee-9421-b64933e3fd75@group-A499E8934B07: closes. applyIndex: 0
2019-09-25 07:21:36,092 [main] INFO  util.JmxRegister (JmxRegister.java:unregister(73)) - Successfully un-registered JMX Bean with object name Ratis:service=RaftServer,group=group-AC8169398F05,id=3ed290a7-a21d-4e57-957f-efca320df8bc
2019-09-25 07:21:36,092 [f5d629fd-ecfe-43ee-9421-b64933e3fd75@group-A499E8934B07-SegmentedRaftLogWorker] INFO  segmented.SegmentedRaftLogWorker (SegmentedRaftLogWorker.java:run(313)) - f5d629fd-ecfe-43ee-9421-b64933e3fd75@group-A499E8934B07-SegmentedRaftLogWorker was interrupted, exiting. There are 0 tasks remaining in the queue.
2019-09-25 07:21:36,093 [main] INFO  impl.RoleInfo (RoleInfo.java:shutdownLeaderState(104)) - 3ed290a7-a21d-4e57-957f-efca320df8bc: shutdown LeaderState
2019-09-25 07:21:36,093 [ForkJoinPool.commonPool-worker-1] INFO  segmented.SegmentedRaftLogWorker (SegmentedRaftLogWorker.java:close(228)) - f5d629fd-ecfe-43ee-9421-b64933e3fd75@group-A499E8934B07-SegmentedRaftLogWorker close()
2019-09-25 07:21:36,093 [main] INFO  impl.PendingRequests (PendingRequests.java:sendNotLeaderResponses(202)) - 3ed290a7-a21d-4e57-957f-efca320df8bc-PendingRequests: sendNotLeaderResponses
2019-09-25 07:21:36,093 [ForkJoinPool.commonPool-worker-1] INFO  impl.RaftServerImpl (RaftServerImpl.java:lambda$shutdown$3(251)) - f5d629fd-ecfe-43ee-9421-b64933e3fd75@group-52AF42B83BA9: shutdown
2019-09-25 07:21:36,094 [main] INFO  impl.StateMachineUpdater (StateMachineUpdater.java:stopAndJoin(125)) - 3ed290a7-a21d-4e57-957f-efca320df8bc@group-AC8169398F05-StateMachineUpdater: set stopIndex = 0
2019-09-25 07:21:36,094 [main] INFO  impl.RaftServerImpl (ServerState.java:close(385)) - 3ed290a7-a21d-4e57-957f-efca320df8bc@group-AC8169398F05: closes. applyIndex: 0
2019-09-25 07:21:36,094 [ForkJoinPool.commonPool-worker-1] INFO  util.JmxRegister (JmxRegister.java:unregister(73)) - Successfully un-registered JMX Bean with object name Ratis:service=RaftServer,group=group-52AF42B83BA9,id=f5d629fd-ecfe-43ee-9421-b64933e3fd75
2019-09-25 07:21:36,095 [3ed290a7-a21d-4e57-957f-efca320df8bc@group-AC8169398F05-SegmentedRaftLogWorker] INFO  segmented.SegmentedRaftLogWorker (SegmentedRaftLogWorker.java:run(313)) - 3ed290a7-a21d-4e57-957f-efca320df8bc@group-AC8169398F05-SegmentedRaftLogWorker was interrupted, exiting. There are 0 tasks remaining in the queue.
2019-09-25 07:21:36,095 [ForkJoinPool.commonPool-worker-1] INFO  impl.RoleInfo (RoleInfo.java:shutdownLeaderState(104)) - f5d629fd-ecfe-43ee-9421-b64933e3fd75: shutdown LeaderState
2019-09-25 07:21:36,095 [main] INFO  segmented.SegmentedRaftLogWorker (SegmentedRaftLogWorker.java:close(228)) - 3ed290a7-a21d-4e57-957f-efca320df8bc@group-AC8169398F05-SegmentedRaftLogWorker close()
2019-09-25 07:21:36,095 [ForkJoinPool.commonPool-worker-1] INFO  impl.PendingRequests (PendingRequests.java:sendNotLeaderResponses(202)) - f5d629fd-ecfe-43ee-9421-b64933e3fd75-PendingRequests: sendNotLeaderResponses
2019-09-25 07:21:36,096 [main] INFO  impl.RaftServerImpl (RaftServerImpl.java:lambda$shutdown$3(251)) - 3ed290a7-a21d-4e57-957f-efca320df8bc@group-D896BAE092F6: shutdown
2019-09-25 07:21:36,096 [ForkJoinPool.commonPool-worker-1] INFO  impl.StateMachineUpdater (StateMachineUpdater.java:stopAndJoin(125)) - f5d629fd-ecfe-43ee-9421-b64933e3fd75@group-52AF42B83BA9-StateMachineUpdater: set stopIndex = 0
2019-09-25 07:21:36,096 [main] INFO  util.JmxRegister (JmxRegister.java:unregister(73)) - Successfully un-registered JMX Bean with object name Ratis:service=RaftServer,group=group-D896BAE092F6,id=3ed290a7-a21d-4e57-957f-efca320df8bc
2019-09-25 07:21:36,096 [ForkJoinPool.commonPool-worker-1] INFO  impl.RaftServerImpl (ServerState.java:close(385)) - f5d629fd-ecfe-43ee-9421-b64933e3fd75@group-52AF42B83BA9: closes. applyIndex: 0
2019-09-25 07:21:36,097 [main] INFO  impl.RoleInfo (RoleInfo.java:shutdownLeaderState(104)) - 3ed290a7-a21d-4e57-957f-efca320df8bc: shutdown LeaderState
2019-09-25 07:21:36,097 [f5d629fd-ecfe-43ee-9421-b64933e3fd75@group-52AF42B83BA9-SegmentedRaftLogWorker] INFO  segmented.SegmentedRaftLogWorker (SegmentedRaftLogWorker.java:run(313)) - f5d629fd-ecfe-43ee-9421-b64933e3fd75@group-52AF42B83BA9-SegmentedRaftLogWorker was interrupted, exiting. There are 0 tasks remaining in the queue.
2019-09-25 07:21:36,097 [main] INFO  impl.PendingRequests (PendingRequests.java:sendNotLeaderResponses(202)) - 3ed290a7-a21d-4e57-957f-efca320df8bc-PendingRequests: sendNotLeaderResponses
2019-09-25 07:21:36,098 [ForkJoinPool.commonPool-worker-1] INFO  segmented.SegmentedRaftLogWorker (SegmentedRaftLogWorker.java:close(228)) - f5d629fd-ecfe-43ee-9421-b64933e3fd75@group-52AF42B83BA9-SegmentedRaftLogWorker close()
2019-09-25 07:21:36,098 [main] INFO  impl.StateMachineUpdater (StateMachineUpdater.java:stopAndJoin(125)) - 3ed290a7-a21d-4e57-957f-efca320df8bc@group-D896BAE092F6-StateMachineUpdater: set stopIndex = 0
2019-09-25 07:21:36,098 [ForkJoinPool.commonPool-worker-1] INFO  server.GrpcService (GrpcService.java:closeImpl(164)) - f5d629fd-ecfe-43ee-9421-b64933e3fd75: shutdown server with port 37985 now
2019-09-25 07:21:36,099 [main] INFO  impl.RaftServerImpl (ServerState.java:close(385)) - 3ed290a7-a21d-4e57-957f-efca320df8bc@group-D896BAE092F6: closes. applyIndex: 0
2019-09-25 07:21:36,101 [ForkJoinPool.commonPool-worker-1] INFO  server.GrpcService (GrpcService.java:closeImpl(172)) - f5d629fd-ecfe-43ee-9421-b64933e3fd75: shutdown server with port 37985 successfully
2019-09-25 07:21:36,101 [3ed290a7-a21d-4e57-957f-efca320df8bc@group-D896BAE092F6-SegmentedRaftLogWorker] INFO  segmented.SegmentedRaftLogWorker (SegmentedRaftLogWorker.java:run(313)) - 3ed290a7-a21d-4e57-957f-efca320df8bc@group-D896BAE092F6-SegmentedRaftLogWorker was interrupted, exiting. There are 0 tasks remaining in the queue.
2019-09-25 07:21:36,102 [main] INFO  segmented.SegmentedRaftLogWorker (SegmentedRaftLogWorker.java:close(228)) - 3ed290a7-a21d-4e57-957f-efca320df8bc@group-D896BAE092F6-SegmentedRaftLogWorker close()
2019-09-25 07:21:36,102 [main] INFO  server.GrpcService (GrpcService.java:closeImpl(164)) - 3ed290a7-a21d-4e57-957f-efca320df8bc: shutdown server with port 43596 now
2019-09-25 07:21:36,104 [main] INFO  server.GrpcService (GrpcService.java:closeImpl(172)) - 3ed290a7-a21d-4e57-957f-efca320df8bc: shutdown server with port 43596 successfully
2019-09-25 07:21:36,107 [refreshUsed-/workdir/hadoop-ozone/ozonefs/target/test-dir/MiniOzoneClusterImpl-48169ae4-fc36-4fd4-bc0e-7a80f7e832d4/datanode-7/data/containers] WARN  fs.CachingGetSpaceUsed (CachingGetSpaceUsed.java:run(183)) - Thread Interrupted waiting to refresh disk information: sleep interrupted
2019-09-25 07:21:36,115 [refreshUsed-/workdir/hadoop-ozone/ozonefs/target/test-dir/MiniOzoneClusterImpl-48169ae4-fc36-4fd4-bc0e-7a80f7e832d4/datanode-1/data/containers] WARN  fs.CachingGetSpaceUsed (CachingGetSpaceUsed.java:run(183)) - Thread Interrupted waiting to refresh disk information: sleep interrupted
2019-09-25 07:21:36,130 [main] INFO  utils.BackgroundService (BackgroundService.java:shutdown(148)) - Shutting down service BlockDeletingService
2019-09-25 07:21:36,135 [main] INFO  statemachine.DatanodeStateMachine (DatanodeStateMachine.java:stopDaemon(395)) - Ozone container server stopped.
2019-09-25 07:21:36,135 [ForkJoinPool.commonPool-worker-1] INFO  utils.BackgroundService (BackgroundService.java:shutdown(148)) - Shutting down service BlockDeletingService
2019-09-25 07:21:36,137 [main] INFO  handler.ContextHandler (ContextHandler.java:doStop(910)) - Stopped o.e.j.w.WebAppContext@354e7004{/,null,UNAVAILABLE}{/hddsDatanode}
2019-09-25 07:21:36,138 [ForkJoinPool.commonPool-worker-1] INFO  statemachine.DatanodeStateMachine (DatanodeStateMachine.java:stopDaemon(395)) - Ozone container server stopped.
2019-09-25 07:21:36,141 [main] INFO  server.AbstractConnector (AbstractConnector.java:doStop(318)) - Stopped ServerConnector@22ebccb9{HTTP/1.1,[http/1.1]}{0.0.0.0:0}
2019-09-25 07:21:36,142 [ForkJoinPool.commonPool-worker-1] INFO  handler.ContextHandler (ContextHandler.java:doStop(910)) - Stopped o.e.j.w.WebAppContext@2a369e14{/,null,UNAVAILABLE}{/hddsDatanode}
2019-09-25 07:21:36,142 [main] INFO  handler.ContextHandler (ContextHandler.java:doStop(910)) - Stopped o.e.j.s.ServletContextHandler@1f03fba0{/static,jar:file:/home/user/.m2/repository/org/apache/hadoop/hadoop-hdds-container-service/0.5.0-SNAPSHOT/hadoop-hdds-container-service-0.5.0-SNAPSHOT.jar!/webapps/static,UNAVAILABLE}
2019-09-25 07:21:36,142 [ForkJoinPool.commonPool-worker-1] INFO  server.AbstractConnector (AbstractConnector.java:doStop(318)) - Stopped ServerConnector@25aeb5ac{HTTP/1.1,[http/1.1]}{0.0.0.0:0}
2019-09-25 07:21:36,142 [main] INFO  handler.ContextHandler (ContextHandler.java:doStop(910)) - Stopped o.e.j.s.ServletContextHandler@1886991b{/logs,file:///workdir/hadoop-ozone/ozonefs/target/log,UNAVAILABLE}
2019-09-25 07:21:36,143 [ForkJoinPool.commonPool-worker-1] INFO  handler.ContextHandler (ContextHandler.java:doStop(910)) - Stopped o.e.j.s.ServletContextHandler@242b6e1a{/static,jar:file:/home/user/.m2/repository/org/apache/hadoop/hadoop-hdds-container-service/0.5.0-SNAPSHOT/hadoop-hdds-container-service-0.5.0-SNAPSHOT.jar!/webapps/static,UNAVAILABLE}
2019-09-25 07:21:36,145 [ForkJoinPool.commonPool-worker-1] INFO  handler.ContextHandler (ContextHandler.java:doStop(910)) - Stopped o.e.j.s.ServletContextHandler@2f897dab{/logs,file:///workdir/hadoop-ozone/ozonefs/target/log,UNAVAILABLE}
2019-09-25 07:21:36,146 [main] INFO  ozone.MiniOzoneClusterImpl (MiniOzoneClusterImpl.java:stopSCM(392)) - Stopping the StorageContainerManager
2019-09-25 07:21:36,147 [main] INFO  server.StorageContainerManager (StorageContainerManager.java:stop(808)) - Stopping Replication Manager Service.
2019-09-25 07:21:36,147 [main] INFO  container.ReplicationManager (ReplicationManager.java:stop(204)) - Stopping Replication Monitor Thread.
2019-09-25 07:21:36,147 [main] INFO  server.StorageContainerManager (StorageContainerManager.java:stop(815)) - Stopping Lease Manager of the command watchers
2019-09-25 07:21:36,147 [main] INFO  server.StorageContainerManager (StorageContainerManager.java:stop(822)) - Stopping datanode service RPC server
2019-09-25 07:21:36,147 [main] INFO  server.SCMDatanodeProtocolServer (SCMDatanodeProtocolServer.java:stop(367)) - Stopping the RPC server for DataNodes
2019-09-25 07:21:36,148 [main] INFO  ipc.Server (Server.java:stop(3082)) - Stopping server on 40047
2019-09-25 07:21:36,150 [IPC Server listener on 40047] INFO  ipc.Server (Server.java:run(1185)) - Stopping IPC Server listener on 40047
2019-09-25 07:21:36,150 [IPC Server Responder] INFO  ipc.Server (Server.java:run(1319)) - Stopping IPC Server Responder
2019-09-25 07:21:36,248 [SCM Heartbeat Processing Thread - 0] WARN  node.NodeStateManager (NodeStateManager.java:scheduleNextHealthCheck(655)) - Current Thread is interrupted, shutting down HB processing thread for Node Manager.
2019-09-25 07:21:36,248 [main] INFO  server.StorageContainerManager (StorageContainerManager.java:stop(830)) - Stopping block service RPC server
2019-09-25 07:21:36,248 [main] INFO  server.SCMBlockProtocolServer (SCMBlockProtocolServer.java:stop(155)) - Stopping the RPC server for Block Protocol
2019-09-25 07:21:36,249 [main] INFO  ipc.Server (Server.java:stop(3082)) - Stopping server on 46020
2019-09-25 07:21:36,251 [IPC Server listener on 46020] INFO  ipc.Server (Server.java:run(1185)) - Stopping IPC Server listener on 46020
2019-09-25 07:21:36,252 [main] INFO  server.StorageContainerManager (StorageContainerManager.java:stop(837)) - Stopping the StorageContainerLocationProtocol RPC server
2019-09-25 07:21:36,252 [IPC Server Responder] INFO  ipc.Server (Server.java:run(1319)) - Stopping IPC Server Responder
2019-09-25 07:21:36,252 [main] INFO  server.SCMClientProtocolServer (SCMClientProtocolServer.java:stop(159)) - Stopping the RPC server for Client Protocol
2019-09-25 07:21:36,252 [main] INFO  ipc.Server (Server.java:stop(3082)) - Stopping server on 41483
2019-09-25 07:21:36,255 [IPC Server listener on 41483] INFO  ipc.Server (Server.java:run(1185)) - Stopping IPC Server listener on 41483
2019-09-25 07:21:36,255 [main] INFO  server.StorageContainerManager (StorageContainerManager.java:stop(844)) - Stopping Storage Container Manager HTTP server.
2019-09-25 07:21:36,255 [IPC Server Responder] INFO  ipc.Server (Server.java:run(1319)) - Stopping IPC Server Responder
2019-09-25 07:21:36,258 [main] INFO  handler.ContextHandler (ContextHandler.java:doStop(910)) - Stopped o.e.j.w.WebAppContext@5a021cb9{/,null,UNAVAILABLE}{/scm}
2019-09-25 07:21:36,259 [main] INFO  server.AbstractConnector (AbstractConnector.java:doStop(318)) - Stopped ServerConnector@287f94b1{HTTP/1.1,[http/1.1]}{0.0.0.0:0}
2019-09-25 07:21:36,259 [main] INFO  handler.ContextHandler (ContextHandler.java:doStop(910)) - Stopped o.e.j.s.ServletContextHandler@5c10f1c3{/static,jar:file:/home/user/.m2/repository/org/apache/hadoop/hadoop-hdds-server-scm/0.5.0-SNAPSHOT/hadoop-hdds-server-scm-0.5.0-SNAPSHOT.jar!/webapps/static,UNAVAILABLE}
2019-09-25 07:21:36,259 [main] INFO  handler.ContextHandler (ContextHandler.java:doStop(910)) - Stopped o.e.j.s.ServletContextHandler@68fa0ba8{/logs,file:///workdir/hadoop-ozone/ozonefs/target/log,UNAVAILABLE}
2019-09-25 07:21:36,260 [main] INFO  server.StorageContainerManager (StorageContainerManager.java:stop(855)) - Stopping Block Manager Service.
2019-09-25 07:21:36,261 [main] INFO  utils.BackgroundService (BackgroundService.java:shutdown(148)) - Shutting down service SCMBlockDeletingService
2019-09-25 07:21:36,261 [main] INFO  utils.BackgroundService (BackgroundService.java:shutdown(148)) - Shutting down service SCMBlockDeletingService
2019-09-25 07:21:36,261 [main] INFO  server.StorageContainerManager (StorageContainerManager.java:stop(877)) - Stopping SCM Event Queue.
2019-09-25 07:21:36,267 [main] INFO  impl.MetricsSystemImpl (MetricsSystemImpl.java:stop(210)) - Stopping ratis metrics system...
2019-09-25 07:21:36,291 [prometheus] INFO  impl.MetricsSinkAdapter (MetricsSinkAdapter.java:publishMetricsFromQueue(141)) - prometheus thread interrupted.
2019-09-25 07:21:36,291 [main] INFO  impl.MetricsSystemImpl (MetricsSystemImpl.java:stop(216)) - ratis metrics system stopped.
]]></system-out>
    <system-err><![CDATA[ERROR StatusLogger No Log4j 2 configuration file found. Using default configuration (logging only errors to the console), or user programmatically provided configurations. Set system property 'log4j2.debug' to show Log4j 2 internal initialization logging. See https://logging.apache.org/log4j/2.x/manual/configuration.html for instructions on how to configure Log4j 2
]]></system-err>
  </testcase>
</testsuite>