<?xml version="1.0" encoding="UTF-8"?>
<testsuite xmlns:xsi="http://www.w3.org/2001/XMLSchema-instance" xsi:noNamespaceSchemaLocation="https://maven.apache.org/surefire/maven-surefire-plugin/xsd/surefire-test-report.xsd" name="org.apache.hadoop.ozone.client.rpc.TestOzoneClientRetriesOnException" time="176.351" tests="2" errors="1" skipped="0" failures="0">
  <properties>
    <property name="awt.toolkit" value="sun.awt.X11.XToolkit"/>
    <property name="file.encoding.pkg" value="sun.io"/>
    <property name="java.specification.version" value="1.8"/>
    <property name="sun.cpu.isalist" value=""/>
    <property name="sun.jnu.encoding" value="UTF-8"/>
    <property name="java.class.path" value="/workdir/hadoop-ozone/integration-test/target/test-classes:/workdir/hadoop-ozone/integration-test/target/classes:/home/user/.m2/repository/org/apache/hadoop/hadoop-ozone-common/0.5.0-SNAPSHOT/hadoop-ozone-common-0.5.0-SNAPSHOT.jar:/home/user/.m2/repository/org/apache/commons/commons-compress/1.4.1/commons-compress-1.4.1.jar:/home/user/.m2/repository/org/tukaani/xz/1.0/xz-1.0.jar:/home/user/.m2/repository/org/apache/hadoop/hadoop-common/3.2.0/hadoop-common-3.2.0.jar:/home/user/.m2/repository/org/apache/hadoop/hadoop-hdfs/3.2.0/hadoop-hdfs-3.2.0.jar:/home/user/.m2/repository/org/apache/hadoop/hadoop-hdfs-client/3.2.0/hadoop-hdfs-client-3.2.0.jar:/home/user/.m2/repository/com/fasterxml/jackson/core/jackson-annotations/2.9.9/jackson-annotations-2.9.9.jar:/home/user/.m2/repository/org/apache/hadoop/hadoop-hdds-common/0.5.0-SNAPSHOT/hadoop-hdds-common-0.5.0-SNAPSHOT.jar:/home/user/.m2/repository/javax/annotation/javax.annotation-api/1.2/javax.annotation-api-1.2.jar:/home/user/.m2/repository/org/apache/ratis/ratis-server/0.4.0-78e95b9-SNAPSHOT/ratis-server-0.4.0-78e95b9-SNAPSHOT.jar:/home/user/.m2/repository/org/apache/ratis/ratis-thirdparty-misc/0.2.0/ratis-thirdparty-misc-0.2.0.jar:/home/user/.m2/repository/org/apache/ratis/ratis-proto/0.4.0-78e95b9-SNAPSHOT/ratis-proto-0.4.0-78e95b9-SNAPSHOT.jar:/home/user/.m2/repository/org/apache/ratis/ratis-common/0.4.0-78e95b9-SNAPSHOT/ratis-common-0.4.0-78e95b9-SNAPSHOT.jar:/home/user/.m2/repository/org/apache/ratis/ratis-client/0.4.0-78e95b9-SNAPSHOT/ratis-client-0.4.0-78e95b9-SNAPSHOT.jar:/home/user/.m2/repository/org/apache/ratis/ratis-metrics/0.4.0-78e95b9-SNAPSHOT/ratis-metrics-0.4.0-78e95b9-SNAPSHOT.jar:/home/user/.m2/repository/com/github/joshelser/dropwizard-metrics-hadoop-metrics2-reporter/0.1.2/dropwizard-metrics-hadoop-metrics2-reporter-0.1.2.jar:/home/user/.m2/repository/io/dropwizard/metrics/metrics-jvm/3.2.5/metrics-jvm-3.2.5.jar:/home/user/.m2/repository/io/dropwizard/metrics/metrics-ganglia/3.2.5/metrics-ganglia-3.2.5.jar:/home/user/.m2/repository/info/ganglia/gmetric4j/gmetric4j/1.0.7/gmetric4j-1.0.7.jar:/home/user/.m2/repository/org/apache/ratis/ratis-netty/0.4.0-78e95b9-SNAPSHOT/ratis-netty-0.4.0-78e95b9-SNAPSHOT.jar:/home/user/.m2/repository/org/apache/ratis/ratis-grpc/0.4.0-78e95b9-SNAPSHOT/ratis-grpc-0.4.0-78e95b9-SNAPSHOT.jar:/home/user/.m2/repository/org/rocksdb/rocksdbjni/6.0.1/rocksdbjni-6.0.1.jar:/home/user/.m2/repository/org/apache/logging/log4j/log4j-api/2.11.0/log4j-api-2.11.0.jar:/home/user/.m2/repository/org/apache/logging/log4j/log4j-core/2.11.0/log4j-core-2.11.0.jar:/home/user/.m2/repository/com/lmax/disruptor/3.4.2/disruptor-3.4.2.jar:/home/user/.m2/repository/org/apache/commons/commons-pool2/2.6.0/commons-pool2-2.6.0.jar:/home/user/.m2/repository/org/bouncycastle/bcpkix-jdk15on/1.60/bcpkix-jdk15on-1.60.jar:/home/user/.m2/repository/commons-validator/commons-validator/1.6/commons-validator-1.6.jar:/home/user/.m2/repository/commons-digester/commons-digester/1.8.1/commons-digester-1.8.1.jar:/home/user/.m2/repository/io/jaegertracing/jaeger-client/0.33.1/jaeger-client-0.33.1.jar:/home/user/.m2/repository/io/jaegertracing/jaeger-thrift/0.33.1/jaeger-thrift-0.33.1.jar:/home/user/.m2/repository/org/apache/thrift/libthrift/0.11.0/libthrift-0.11.0.jar:/home/user/.m2/repository/com/squareup/okhttp3/okhttp/3.9.0/okhttp-3.9.0.jar:/home/user/.m2/repository/com/squareup/okio/okio/1.13.0/okio-1.13.0.jar:/home/user/.m2/repository/io/jaegertracing/jaeger-core/0.33.1/jaeger-core-0.33.1.jar:/home/user/.m2/repository/io/jaegertracing/jaeger-tracerresolver/0.33.1/jaeger-tracerresolver-0.33.1.jar:/home/user/.m2/repository/io/opentracing/contrib/opentracing-tracerresolver/0.1.5/opentracing-tracerresolver-0.1.5.jar:/home/user/.m2/repository/io/opentracing/opentracing-util/0.31.0/opentracing-util-0.31.0.jar:/home/user/.m2/repository/io/opentracing/opentracing-api/0.31.0/opentracing-api-0.31.0.jar:/home/user/.m2/repository/io/opentracing/opentracing-noop/0.31.0/opentracing-noop-0.31.0.jar:/home/user/.m2/repository/org/apache/hadoop/hadoop-hdds-server-framework/0.5.0-SNAPSHOT/hadoop-hdds-server-framework-0.5.0-SNAPSHOT.jar:/home/user/.m2/repository/org/apache/hadoop/hadoop-hdds-container-service/0.5.0-SNAPSHOT/hadoop-hdds-container-service-0.5.0-SNAPSHOT.jar:/home/user/.m2/repository/org/apache/hadoop/hadoop-hdds-client/0.5.0-SNAPSHOT/hadoop-hdds-client-0.5.0-SNAPSHOT.jar:/home/user/.m2/repository/org/apache/hadoop/hadoop-hdds-tools/0.5.0-SNAPSHOT/hadoop-hdds-tools-0.5.0-SNAPSHOT.jar:/home/user/.m2/repository/org/apache/hadoop/hadoop-hdds-server-scm/0.5.0-SNAPSHOT/hadoop-hdds-server-scm-0.5.0-SNAPSHOT.jar:/home/user/.m2/repository/org/apache/hadoop/hadoop-hdds-docs/0.5.0-SNAPSHOT/hadoop-hdds-docs-0.5.0-SNAPSHOT.jar:/home/user/.m2/repository/io/dropwizard/metrics/metrics-core/3.2.4/metrics-core-3.2.4.jar:/home/user/.m2/repository/org/hamcrest/hamcrest-all/1.3/hamcrest-all-1.3.jar:/home/user/.m2/repository/org/bouncycastle/bcprov-jdk15on/1.60/bcprov-jdk15on-1.60.jar:/home/user/.m2/repository/info/picocli/picocli/3.9.6/picocli-3.9.6.jar:/home/user/.m2/repository/com/google/protobuf/protobuf-java/2.5.0/protobuf-java-2.5.0.jar:/home/user/.m2/repository/com/google/guava/guava/11.0.2/guava-11.0.2.jar:/home/user/.m2/repository/org/apache/hadoop/hadoop-ozone-ozone-manager/0.5.0-SNAPSHOT/hadoop-ozone-ozone-manager-0.5.0-SNAPSHOT.jar:/home/user/.m2/repository/org/apache/hadoop/hadoop-minikdc/3.2.0/hadoop-minikdc-3.2.0.jar:/home/user/.m2/repository/commons-io/commons-io/2.5/commons-io-2.5.jar:/home/user/.m2/repository/org/apache/kerby/kerb-simplekdc/1.0.1/kerb-simplekdc-1.0.1.jar:/home/user/.m2/repository/org/apache/kerby/kerb-client/1.0.1/kerb-client-1.0.1.jar:/home/user/.m2/repository/org/apache/kerby/kerby-config/1.0.1/kerby-config-1.0.1.jar:/home/user/.m2/repository/org/apache/kerby/kerb-core/1.0.1/kerb-core-1.0.1.jar:/home/user/.m2/repository/org/apache/kerby/kerby-pkix/1.0.1/kerby-pkix-1.0.1.jar:/home/user/.m2/repository/org/apache/kerby/kerby-asn1/1.0.1/kerby-asn1-1.0.1.jar:/home/user/.m2/repository/org/apache/kerby/kerby-util/1.0.1/kerby-util-1.0.1.jar:/home/user/.m2/repository/org/apache/kerby/kerb-common/1.0.1/kerb-common-1.0.1.jar:/home/user/.m2/repository/org/apache/kerby/kerb-crypto/1.0.1/kerb-crypto-1.0.1.jar:/home/user/.m2/repository/org/apache/kerby/kerb-util/1.0.1/kerb-util-1.0.1.jar:/home/user/.m2/repository/org/apache/kerby/token-provider/1.0.1/token-provider-1.0.1.jar:/home/user/.m2/repository/org/apache/kerby/kerb-admin/1.0.1/kerb-admin-1.0.1.jar:/home/user/.m2/repository/org/apache/kerby/kerb-server/1.0.1/kerb-server-1.0.1.jar:/home/user/.m2/repository/org/apache/kerby/kerb-identity/1.0.1/kerb-identity-1.0.1.jar:/home/user/.m2/repository/org/apache/kerby/kerby-xdr/1.0.1/kerby-xdr-1.0.1.jar:/home/user/.m2/repository/org/slf4j/slf4j-log4j12/1.7.25/slf4j-log4j12-1.7.25.jar:/home/user/.m2/repository/org/apache/hadoop/hadoop-ozone-s3gateway/0.5.0-SNAPSHOT/hadoop-ozone-s3gateway-0.5.0-SNAPSHOT.jar:/home/user/.m2/repository/org/jboss/weld/servlet/weld-servlet/2.4.7.Final/weld-servlet-2.4.7.Final.jar:/home/user/.m2/repository/org/glassfish/jersey/containers/jersey-container-servlet-core/2.27/jersey-container-servlet-core-2.27.jar:/home/user/.m2/repository/org/glassfish/hk2/external/javax.inject/2.5.0-b42/javax.inject-2.5.0-b42.jar:/home/user/.m2/repository/org/glassfish/jersey/core/jersey-common/2.27/jersey-common-2.27.jar:/home/user/.m2/repository/org/glassfish/hk2/osgi-resource-locator/1.0.1/osgi-resource-locator-1.0.1.jar:/home/user/.m2/repository/javax/ws/rs/javax.ws.rs-api/2.1/javax.ws.rs-api-2.1.jar:/home/user/.m2/repository/org/glassfish/jersey/ext/cdi/jersey-cdi1x/2.27/jersey-cdi1x-2.27.jar:/home/user/.m2/repository/org/glassfish/jersey/inject/jersey-hk2/2.27/jersey-hk2-2.27.jar:/home/user/.m2/repository/org/glassfish/hk2/hk2-locator/2.5.0-b42/hk2-locator-2.5.0-b42.jar:/home/user/.m2/repository/org/javassist/javassist/3.22.0-CR2/javassist-3.22.0-CR2.jar:/home/user/.m2/repository/org/glassfish/hk2/hk2-api/2.5.0/hk2-api-2.5.0.jar:/home/user/.m2/repository/org/glassfish/hk2/external/jakarta.inject/2.5.0/jakarta.inject-2.5.0.jar:/home/user/.m2/repository/org/glassfish/hk2/hk2-utils/2.5.0/hk2-utils-2.5.0.jar:/home/user/.m2/repository/jakarta/annotation/jakarta.annotation-api/1.3.4/jakarta.annotation-api-1.3.4.jar:/home/user/.m2/repository/org/glassfish/hk2/external/aopalliance-repackaged/2.5.0/aopalliance-repackaged-2.5.0.jar:/home/user/.m2/repository/com/fasterxml/jackson/dataformat/jackson-dataformat-xml/2.9.0/jackson-dataformat-xml-2.9.0.jar:/home/user/.m2/repository/com/fasterxml/jackson/core/jackson-core/2.9.9/jackson-core-2.9.9.jar:/home/user/.m2/repository/com/fasterxml/jackson/module/jackson-module-jaxb-annotations/2.9.9/jackson-module-jaxb-annotations-2.9.9.jar:/home/user/.m2/repository/javax/enterprise/cdi-api/1.2/cdi-api-1.2.jar:/home/user/.m2/repository/javax/el/javax.el-api/3.0.0/javax.el-api-3.0.0.jar:/home/user/.m2/repository/javax/interceptor/javax.interceptor-api/1.2/javax.interceptor-api-1.2.jar:/home/user/.m2/repository/javax/inject/javax.inject/1/javax.inject-1.jar:/home/user/.m2/repository/com/sun/xml/bind/jaxb-impl/2.3.0.1/jaxb-impl-2.3.0.1.jar:/home/user/.m2/repository/com/sun/xml/bind/jaxb-core/2.3.0.1/jaxb-core-2.3.0.1.jar:/home/user/.m2/repository/javax/xml/bind/jaxb-api/2.3.0/jaxb-api-2.3.0.jar:/home/user/.m2/repository/javax/activation/activation/1.1.1/activation-1.1.1.jar:/home/user/.m2/repository/org/apache/hadoop/hadoop-ozone-csi/0.5.0-SNAPSHOT/hadoop-ozone-csi-0.5.0-SNAPSHOT.jar:/home/user/.m2/repository/com/google/protobuf/protobuf-java-util/3.5.1/protobuf-java-util-3.5.1.jar:/home/user/.m2/repository/org/apache/hadoop/hadoop-hdds-config/0.5.0-SNAPSHOT/hadoop-hdds-config-0.5.0-SNAPSHOT.jar:/home/user/.m2/repository/io/grpc/grpc-netty/1.17.1/grpc-netty-1.17.1.jar:/home/user/.m2/repository/io/grpc/grpc-core/1.17.1/grpc-core-1.17.1.jar:/home/user/.m2/repository/io/grpc/grpc-context/1.17.1/grpc-context-1.17.1.jar:/home/user/.m2/repository/com/google/errorprone/error_prone_annotations/2.2.0/error_prone_annotations-2.2.0.jar:/home/user/.m2/repository/org/codehaus/mojo/animal-sniffer-annotations/1.17/animal-sniffer-annotations-1.17.jar:/home/user/.m2/repository/io/opencensus/opencensus-api/0.17.0/opencensus-api-0.17.0.jar:/home/user/.m2/repository/io/opencensus/opencensus-contrib-grpc-metrics/0.17.0/opencensus-contrib-grpc-metrics-0.17.0.jar:/home/user/.m2/repository/io/netty/netty-codec-http2/4.1.30.Final/netty-codec-http2-4.1.30.Final.jar:/home/user/.m2/repository/io/netty/netty-codec-http/4.1.30.Final/netty-codec-http-4.1.30.Final.jar:/home/user/.m2/repository/io/netty/netty-codec/4.1.30.Final/netty-codec-4.1.30.Final.jar:/home/user/.m2/repository/io/netty/netty-handler/4.1.30.Final/netty-handler-4.1.30.Final.jar:/home/user/.m2/repository/io/netty/netty-handler-proxy/4.1.30.Final/netty-handler-proxy-4.1.30.Final.jar:/home/user/.m2/repository/io/netty/netty-codec-socks/4.1.30.Final/netty-codec-socks-4.1.30.Final.jar:/home/user/.m2/repository/io/netty/netty-transport-native-epoll/4.1.30.Final/netty-transport-native-epoll-4.1.30.Final.jar:/home/user/.m2/repository/io/netty/netty-common/4.1.30.Final/netty-common-4.1.30.Final.jar:/home/user/.m2/repository/io/netty/netty-buffer/4.1.30.Final/netty-buffer-4.1.30.Final.jar:/home/user/.m2/repository/io/netty/netty-transport/4.1.30.Final/netty-transport-4.1.30.Final.jar:/home/user/.m2/repository/io/netty/netty-resolver/4.1.30.Final/netty-resolver-4.1.30.Final.jar:/home/user/.m2/repository/io/netty/netty-transport-native-unix-common/4.1.30.Final/netty-transport-native-unix-common-4.1.30.Final.jar:/home/user/.m2/repository/io/grpc/grpc-protobuf/1.17.1/grpc-protobuf-1.17.1.jar:/home/user/.m2/repository/com/google/api/grpc/proto-google-common-protos/1.0.0/proto-google-common-protos-1.0.0.jar:/home/user/.m2/repository/io/grpc/grpc-protobuf-lite/1.17.1/grpc-protobuf-lite-1.17.1.jar:/home/user/.m2/repository/io/grpc/grpc-stub/1.17.1/grpc-stub-1.17.1.jar:/home/user/.m2/repository/org/apache/hadoop/hadoop-ozone-recon/0.5.0-SNAPSHOT/hadoop-ozone-recon-0.5.0-SNAPSHOT.jar:/home/user/.m2/repository/org/apache/hadoop/hadoop-ozone-reconcodegen/0.5.0-SNAPSHOT/hadoop-ozone-reconcodegen-0.5.0-SNAPSHOT.jar:/home/user/.m2/repository/com/google/inject/extensions/guice-multibindings/4.0/guice-multibindings-4.0.jar:/home/user/.m2/repository/com/google/inject/guice/4.0/guice-4.0.jar:/home/user/.m2/repository/aopalliance/aopalliance/1.0/aopalliance-1.0.jar:/home/user/.m2/repository/com/google/inject/extensions/guice-servlet/4.0/guice-servlet-4.0.jar:/home/user/.m2/repository/org/glassfish/jersey/containers/jersey-container-servlet/2.27/jersey-container-servlet-2.27.jar:/home/user/.m2/repository/org/glassfish/hk2/guice-bridge/2.5.0/guice-bridge-2.5.0.jar:/home/user/.m2/repository/org/glassfish/jersey/core/jersey-server/2.27/jersey-server-2.27.jar:/home/user/.m2/repository/org/glassfish/jersey/core/jersey-client/2.27/jersey-client-2.27.jar:/home/user/.m2/repository/org/glassfish/jersey/media/jersey-media-jaxb/2.27/jersey-media-jaxb-2.27.jar:/home/user/.m2/repository/javax/validation/validation-api/1.1.0.Final/validation-api-1.1.0.Final.jar:/home/user/.m2/repository/org/glassfish/jersey/media/jersey-media-json-jackson/2.27/jersey-media-json-jackson-2.27.jar:/home/user/.m2/repository/org/glassfish/jersey/ext/jersey-entity-filtering/2.27/jersey-entity-filtering-2.27.jar:/home/user/.m2/repository/com/google/inject/extensions/guice-assistedinject/4.0/guice-assistedinject-4.0.jar:/home/user/.m2/repository/org/jooq/jooq/3.11.10/jooq-3.11.10.jar:/home/user/.m2/repository/org/jooq/jooq-meta/3.11.10/jooq-meta-3.11.10.jar:/home/user/.m2/repository/org/jooq/jooq-codegen/3.11.10/jooq-codegen-3.11.10.jar:/home/user/.m2/repository/com/jolbox/bonecp/0.8.0.RELEASE/bonecp-0.8.0.RELEASE.jar:/home/user/.m2/repository/org/xerial/sqlite-jdbc/3.25.2/sqlite-jdbc-3.25.2.jar:/home/user/.m2/repository/org/springframework/spring-jdbc/5.1.3.RELEASE/spring-jdbc-5.1.3.RELEASE.jar:/home/user/.m2/repository/org/springframework/spring-beans/5.1.3.RELEASE/spring-beans-5.1.3.RELEASE.jar:/home/user/.m2/repository/org/springframework/spring-core/5.1.3.RELEASE/spring-core-5.1.3.RELEASE.jar:/home/user/.m2/repository/org/springframework/spring-jcl/5.1.3.RELEASE/spring-jcl-5.1.3.RELEASE.jar:/home/user/.m2/repository/org/springframework/spring-tx/5.1.3.RELEASE/spring-tx-5.1.3.RELEASE.jar:/home/user/.m2/repository/org/apache/hadoop/hadoop-ozone-client/0.5.0-SNAPSHOT/hadoop-ozone-client-0.5.0-SNAPSHOT.jar:/home/user/.m2/repository/commons-lang/commons-lang/2.6/commons-lang-2.6.jar:/home/user/.m2/repository/org/apache/hadoop/hadoop-ozone-ozone-manager/0.5.0-SNAPSHOT/hadoop-ozone-ozone-manager-0.5.0-SNAPSHOT-tests.jar:/home/user/.m2/repository/junit/junit/4.11/junit-4.11.jar:/home/user/.m2/repository/org/hamcrest/hamcrest-core/1.3/hamcrest-core-1.3.jar:/home/user/.m2/repository/org/openjdk/jmh/jmh-core/1.19/jmh-core-1.19.jar:/home/user/.m2/repository/net/sf/jopt-simple/jopt-simple/4.6/jopt-simple-4.6.jar:/home/user/.m2/repository/org/apache/commons/commons-math3/3.1.1/commons-math3-3.1.1.jar:/home/user/.m2/repository/org/openjdk/jmh/jmh-generator-annprocess/1.19/jmh-generator-annprocess-1.19.jar:/home/user/.m2/repository/org/mockito/mockito-all/1.8.5/mockito-all-1.8.5.jar:/home/user/.m2/repository/org/apache/hadoop/hadoop-kms/3.2.0/hadoop-kms-3.2.0.jar:/home/user/.m2/repository/org/apache/hadoop/hadoop-auth/3.2.0/hadoop-auth-3.2.0.jar:/home/user/.m2/repository/com/nimbusds/nimbus-jose-jwt/4.41.1/nimbus-jose-jwt-4.41.1.jar:/home/user/.m2/repository/com/github/stephenc/jcip/jcip-annotations/1.0-1/jcip-annotations-1.0-1.jar:/home/user/.m2/repository/net/minidev/json-smart/2.3/json-smart-2.3.jar:/home/user/.m2/repository/net/minidev/accessors-smart/1.2/accessors-smart-1.2.jar:/home/user/.m2/repository/org/ow2/asm/asm/5.0.4/asm-5.0.4.jar:/home/user/.m2/repository/org/apache/curator/curator-framework/2.12.0/curator-framework-2.12.0.jar:/home/user/.m2/repository/com/sun/jersey/jersey-core/1.19/jersey-core-1.19.jar:/home/user/.m2/repository/javax/ws/rs/jsr311-api/1.1.1/jsr311-api-1.1.1.jar:/home/user/.m2/repository/com/sun/jersey/jersey-server/1.19/jersey-server-1.19.jar:/home/user/.m2/repository/javax/servlet/javax.servlet-api/3.1.0/javax.servlet-api-3.1.0.jar:/home/user/.m2/repository/org/eclipse/jetty/jetty-server/9.3.24.v20180605/jetty-server-9.3.24.v20180605.jar:/home/user/.m2/repository/org/eclipse/jetty/jetty-http/9.3.24.v20180605/jetty-http-9.3.24.v20180605.jar:/home/user/.m2/repository/org/eclipse/jetty/jetty-io/9.3.24.v20180605/jetty-io-9.3.24.v20180605.jar:/home/user/.m2/repository/org/eclipse/jetty/jetty-webapp/9.3.24.v20180605/jetty-webapp-9.3.24.v20180605.jar:/home/user/.m2/repository/org/eclipse/jetty/jetty-xml/9.3.24.v20180605/jetty-xml-9.3.24.v20180605.jar:/home/user/.m2/repository/log4j/log4j/1.2.17/log4j-1.2.17.jar:/home/user/.m2/repository/org/slf4j/slf4j-api/1.7.25/slf4j-api-1.7.25.jar:/home/user/.m2/repository/org/slf4j/jul-to-slf4j/1.7.25/jul-to-slf4j-1.7.25.jar:/home/user/.m2/repository/org/eclipse/jetty/jetty-util/9.3.24.v20180605/jetty-util-9.3.24.v20180605.jar:/home/user/.m2/repository/com/fasterxml/jackson/core/jackson-databind/2.9.9/jackson-databind-2.9.9.jar:/home/user/.m2/repository/org/apache/hadoop/hadoop-kms/3.2.0/hadoop-kms-3.2.0-tests.jar:/home/user/.m2/repository/org/apache/hadoop/hadoop-hdds-server-scm/0.5.0-SNAPSHOT/hadoop-hdds-server-scm-0.5.0-SNAPSHOT-tests.jar:/home/user/.m2/repository/org/apache/hadoop/hadoop-hdds-container-service/0.5.0-SNAPSHOT/hadoop-hdds-container-service-0.5.0-SNAPSHOT-tests.jar:/home/user/.m2/repository/org/yaml/snakeyaml/1.16/snakeyaml-1.16.jar:/home/user/.m2/repository/org/apache/hadoop/hadoop-common/3.2.0/hadoop-common-3.2.0-tests.jar:/home/user/.m2/repository/org/apache/hadoop/hadoop-annotations/3.2.0/hadoop-annotations-3.2.0.jar:/usr/lib/jvm/java-1.8-openjdk/jre/../lib/tools.jar:/home/user/.m2/repository/commons-cli/commons-cli/1.2/commons-cli-1.2.jar:/home/user/.m2/repository/org/apache/httpcomponents/httpclient/4.5.2/httpclient-4.5.2.jar:/home/user/.m2/repository/org/apache/httpcomponents/httpcore/4.4.4/httpcore-4.4.4.jar:/home/user/.m2/repository/commons-codec/commons-codec/1.11/commons-codec-1.11.jar:/home/user/.m2/repository/commons-net/commons-net/3.6/commons-net-3.6.jar:/home/user/.m2/repository/commons-collections/commons-collections/3.2.2/commons-collections-3.2.2.jar:/home/user/.m2/repository/org/eclipse/jetty/jetty-servlet/9.3.24.v20180605/jetty-servlet-9.3.24.v20180605.jar:/home/user/.m2/repository/org/eclipse/jetty/jetty-security/9.3.24.v20180605/jetty-security-9.3.24.v20180605.jar:/home/user/.m2/repository/javax/servlet/jsp/jsp-api/2.1/jsp-api-2.1.jar:/home/user/.m2/repository/com/sun/jersey/jersey-servlet/1.19/jersey-servlet-1.19.jar:/home/user/.m2/repository/com/sun/jersey/jersey-json/1.19/jersey-json-1.19.jar:/home/user/.m2/repository/org/codehaus/jettison/jettison/1.1/jettison-1.1.jar:/home/user/.m2/repository/org/codehaus/jackson/jackson-core-asl/1.9.13/jackson-core-asl-1.9.13.jar:/home/user/.m2/repository/org/codehaus/jackson/jackson-mapper-asl/1.9.13/jackson-mapper-asl-1.9.13.jar:/home/user/.m2/repository/org/codehaus/jackson/jackson-jaxrs/1.9.13/jackson-jaxrs-1.9.13.jar:/home/user/.m2/repository/org/codehaus/jackson/jackson-xc/1.9.13/jackson-xc-1.9.13.jar:/home/user/.m2/repository/commons-logging/commons-logging/1.1.3/commons-logging-1.1.3.jar:/home/user/.m2/repository/commons-beanutils/commons-beanutils/1.9.4/commons-beanutils-1.9.4.jar:/home/user/.m2/repository/org/apache/commons/commons-configuration2/2.1.1/commons-configuration2-2.1.1.jar:/home/user/.m2/repository/org/apache/commons/commons-lang3/3.7/commons-lang3-3.7.jar:/home/user/.m2/repository/org/apache/commons/commons-text/1.4/commons-text-1.4.jar:/home/user/.m2/repository/org/apache/avro/avro/1.7.7/avro-1.7.7.jar:/home/user/.m2/repository/com/thoughtworks/paranamer/paranamer/2.3/paranamer-2.3.jar:/home/user/.m2/repository/org/xerial/snappy/snappy-java/1.0.5/snappy-java-1.0.5.jar:/home/user/.m2/repository/com/google/re2j/re2j/1.1/re2j-1.1.jar:/home/user/.m2/repository/com/google/code/gson/gson/2.2.4/gson-2.2.4.jar:/home/user/.m2/repository/com/jcraft/jsch/0.1.54/jsch-0.1.54.jar:/home/user/.m2/repository/org/apache/curator/curator-client/2.12.0/curator-client-2.12.0.jar:/home/user/.m2/repository/org/apache/curator/curator-recipes/2.12.0/curator-recipes-2.12.0.jar:/home/user/.m2/repository/com/google/code/findbugs/jsr305/3.0.0/jsr305-3.0.0.jar:/home/user/.m2/repository/org/apache/htrace/htrace-core4/4.1.0-incubating/htrace-core4-4.1.0-incubating.jar:/home/user/.m2/repository/org/apache/zookeeper/zookeeper/3.4.13/zookeeper-3.4.13.jar:/home/user/.m2/repository/org/apache/yetus/audience-annotations/0.5.0/audience-annotations-0.5.0.jar:/home/user/.m2/repository/org/codehaus/woodstox/stax2-api/3.1.4/stax2-api-3.1.4.jar:/home/user/.m2/repository/com/fasterxml/woodstox/woodstox-core/5.0.3/woodstox-core-5.0.3.jar:/home/user/.m2/repository/dnsjava/dnsjava/2.1.7/dnsjava-2.1.7.jar:/home/user/.m2/repository/org/apache/hadoop/hadoop-hdfs/3.2.0/hadoop-hdfs-3.2.0-tests.jar:/home/user/.m2/repository/org/eclipse/jetty/jetty-util-ajax/9.3.24.v20180605/jetty-util-ajax-9.3.24.v20180605.jar:/home/user/.m2/repository/commons-daemon/commons-daemon/1.0.13/commons-daemon-1.0.13.jar:/home/user/.m2/repository/io/netty/netty/3.10.5.Final/netty-3.10.5.Final.jar:/home/user/.m2/repository/io/netty/netty-all/4.0.52.Final/netty-all-4.0.52.Final.jar:/home/user/.m2/repository/org/fusesource/leveldbjni/leveldbjni-all/1.8/leveldbjni-all-1.8.jar:"/>
    <property name="java.vm.vendor" value="IcedTea"/>
    <property name="sun.arch.data.model" value="64"/>
    <property name="test.build.dir" value="/workdir/hadoop-ozone/integration-test/target/test-dir"/>
    <property name="test.cache.data" value=""/>
    <property name="java.vendor.url" value="https://icedtea.classpath.org"/>
    <property name="user.timezone" value=""/>
    <property name="java.vm.specification.version" value="1.8"/>
    <property name="os.name" value="Linux"/>
    <property name="test.build.data" value="/workdir/hadoop-ozone/integration-test/target/test-dir"/>
    <property name="user.country" value="US"/>
    <property name="sun.java.launcher" value="SUN_STANDARD"/>
    <property name="sun.boot.library.path" value="/usr/lib/jvm/java-1.8-openjdk/jre/lib/amd64"/>
    <property name="sun.java.command" value="/workdir/hadoop-ozone/integration-test/target/surefire/surefirebooter6214623469945487136.jar /workdir/hadoop-ozone/integration-test/target/surefire 2019-09-19T13-35-15_190-jvmRun1 surefire9102065445869855707tmp surefire_133666255997359493369tmp"/>
    <property name="test" value="!TestMiniChaosOzoneCluster"/>
    <property name="surefire.test.class.path" value="/workdir/hadoop-ozone/integration-test/target/test-classes:/workdir/hadoop-ozone/integration-test/target/classes:/home/user/.m2/repository/org/apache/hadoop/hadoop-ozone-common/0.5.0-SNAPSHOT/hadoop-ozone-common-0.5.0-SNAPSHOT.jar:/home/user/.m2/repository/org/apache/commons/commons-compress/1.4.1/commons-compress-1.4.1.jar:/home/user/.m2/repository/org/tukaani/xz/1.0/xz-1.0.jar:/home/user/.m2/repository/org/apache/hadoop/hadoop-common/3.2.0/hadoop-common-3.2.0.jar:/home/user/.m2/repository/org/apache/hadoop/hadoop-hdfs/3.2.0/hadoop-hdfs-3.2.0.jar:/home/user/.m2/repository/org/apache/hadoop/hadoop-hdfs-client/3.2.0/hadoop-hdfs-client-3.2.0.jar:/home/user/.m2/repository/com/fasterxml/jackson/core/jackson-annotations/2.9.9/jackson-annotations-2.9.9.jar:/home/user/.m2/repository/org/apache/hadoop/hadoop-hdds-common/0.5.0-SNAPSHOT/hadoop-hdds-common-0.5.0-SNAPSHOT.jar:/home/user/.m2/repository/javax/annotation/javax.annotation-api/1.2/javax.annotation-api-1.2.jar:/home/user/.m2/repository/org/apache/ratis/ratis-server/0.4.0-78e95b9-SNAPSHOT/ratis-server-0.4.0-78e95b9-SNAPSHOT.jar:/home/user/.m2/repository/org/apache/ratis/ratis-thirdparty-misc/0.2.0/ratis-thirdparty-misc-0.2.0.jar:/home/user/.m2/repository/org/apache/ratis/ratis-proto/0.4.0-78e95b9-SNAPSHOT/ratis-proto-0.4.0-78e95b9-SNAPSHOT.jar:/home/user/.m2/repository/org/apache/ratis/ratis-common/0.4.0-78e95b9-SNAPSHOT/ratis-common-0.4.0-78e95b9-SNAPSHOT.jar:/home/user/.m2/repository/org/apache/ratis/ratis-client/0.4.0-78e95b9-SNAPSHOT/ratis-client-0.4.0-78e95b9-SNAPSHOT.jar:/home/user/.m2/repository/org/apache/ratis/ratis-metrics/0.4.0-78e95b9-SNAPSHOT/ratis-metrics-0.4.0-78e95b9-SNAPSHOT.jar:/home/user/.m2/repository/com/github/joshelser/dropwizard-metrics-hadoop-metrics2-reporter/0.1.2/dropwizard-metrics-hadoop-metrics2-reporter-0.1.2.jar:/home/user/.m2/repository/io/dropwizard/metrics/metrics-jvm/3.2.5/metrics-jvm-3.2.5.jar:/home/user/.m2/repository/io/dropwizard/metrics/metrics-ganglia/3.2.5/metrics-ganglia-3.2.5.jar:/home/user/.m2/repository/info/ganglia/gmetric4j/gmetric4j/1.0.7/gmetric4j-1.0.7.jar:/home/user/.m2/repository/org/apache/ratis/ratis-netty/0.4.0-78e95b9-SNAPSHOT/ratis-netty-0.4.0-78e95b9-SNAPSHOT.jar:/home/user/.m2/repository/org/apache/ratis/ratis-grpc/0.4.0-78e95b9-SNAPSHOT/ratis-grpc-0.4.0-78e95b9-SNAPSHOT.jar:/home/user/.m2/repository/org/rocksdb/rocksdbjni/6.0.1/rocksdbjni-6.0.1.jar:/home/user/.m2/repository/org/apache/logging/log4j/log4j-api/2.11.0/log4j-api-2.11.0.jar:/home/user/.m2/repository/org/apache/logging/log4j/log4j-core/2.11.0/log4j-core-2.11.0.jar:/home/user/.m2/repository/com/lmax/disruptor/3.4.2/disruptor-3.4.2.jar:/home/user/.m2/repository/org/apache/commons/commons-pool2/2.6.0/commons-pool2-2.6.0.jar:/home/user/.m2/repository/org/bouncycastle/bcpkix-jdk15on/1.60/bcpkix-jdk15on-1.60.jar:/home/user/.m2/repository/commons-validator/commons-validator/1.6/commons-validator-1.6.jar:/home/user/.m2/repository/commons-digester/commons-digester/1.8.1/commons-digester-1.8.1.jar:/home/user/.m2/repository/io/jaegertracing/jaeger-client/0.33.1/jaeger-client-0.33.1.jar:/home/user/.m2/repository/io/jaegertracing/jaeger-thrift/0.33.1/jaeger-thrift-0.33.1.jar:/home/user/.m2/repository/org/apache/thrift/libthrift/0.11.0/libthrift-0.11.0.jar:/home/user/.m2/repository/com/squareup/okhttp3/okhttp/3.9.0/okhttp-3.9.0.jar:/home/user/.m2/repository/com/squareup/okio/okio/1.13.0/okio-1.13.0.jar:/home/user/.m2/repository/io/jaegertracing/jaeger-core/0.33.1/jaeger-core-0.33.1.jar:/home/user/.m2/repository/io/jaegertracing/jaeger-tracerresolver/0.33.1/jaeger-tracerresolver-0.33.1.jar:/home/user/.m2/repository/io/opentracing/contrib/opentracing-tracerresolver/0.1.5/opentracing-tracerresolver-0.1.5.jar:/home/user/.m2/repository/io/opentracing/opentracing-util/0.31.0/opentracing-util-0.31.0.jar:/home/user/.m2/repository/io/opentracing/opentracing-api/0.31.0/opentracing-api-0.31.0.jar:/home/user/.m2/repository/io/opentracing/opentracing-noop/0.31.0/opentracing-noop-0.31.0.jar:/home/user/.m2/repository/org/apache/hadoop/hadoop-hdds-server-framework/0.5.0-SNAPSHOT/hadoop-hdds-server-framework-0.5.0-SNAPSHOT.jar:/home/user/.m2/repository/org/apache/hadoop/hadoop-hdds-container-service/0.5.0-SNAPSHOT/hadoop-hdds-container-service-0.5.0-SNAPSHOT.jar:/home/user/.m2/repository/org/apache/hadoop/hadoop-hdds-client/0.5.0-SNAPSHOT/hadoop-hdds-client-0.5.0-SNAPSHOT.jar:/home/user/.m2/repository/org/apache/hadoop/hadoop-hdds-tools/0.5.0-SNAPSHOT/hadoop-hdds-tools-0.5.0-SNAPSHOT.jar:/home/user/.m2/repository/org/apache/hadoop/hadoop-hdds-server-scm/0.5.0-SNAPSHOT/hadoop-hdds-server-scm-0.5.0-SNAPSHOT.jar:/home/user/.m2/repository/org/apache/hadoop/hadoop-hdds-docs/0.5.0-SNAPSHOT/hadoop-hdds-docs-0.5.0-SNAPSHOT.jar:/home/user/.m2/repository/io/dropwizard/metrics/metrics-core/3.2.4/metrics-core-3.2.4.jar:/home/user/.m2/repository/org/hamcrest/hamcrest-all/1.3/hamcrest-all-1.3.jar:/home/user/.m2/repository/org/bouncycastle/bcprov-jdk15on/1.60/bcprov-jdk15on-1.60.jar:/home/user/.m2/repository/info/picocli/picocli/3.9.6/picocli-3.9.6.jar:/home/user/.m2/repository/com/google/protobuf/protobuf-java/2.5.0/protobuf-java-2.5.0.jar:/home/user/.m2/repository/com/google/guava/guava/11.0.2/guava-11.0.2.jar:/home/user/.m2/repository/org/apache/hadoop/hadoop-ozone-ozone-manager/0.5.0-SNAPSHOT/hadoop-ozone-ozone-manager-0.5.0-SNAPSHOT.jar:/home/user/.m2/repository/org/apache/hadoop/hadoop-minikdc/3.2.0/hadoop-minikdc-3.2.0.jar:/home/user/.m2/repository/commons-io/commons-io/2.5/commons-io-2.5.jar:/home/user/.m2/repository/org/apache/kerby/kerb-simplekdc/1.0.1/kerb-simplekdc-1.0.1.jar:/home/user/.m2/repository/org/apache/kerby/kerb-client/1.0.1/kerb-client-1.0.1.jar:/home/user/.m2/repository/org/apache/kerby/kerby-config/1.0.1/kerby-config-1.0.1.jar:/home/user/.m2/repository/org/apache/kerby/kerb-core/1.0.1/kerb-core-1.0.1.jar:/home/user/.m2/repository/org/apache/kerby/kerby-pkix/1.0.1/kerby-pkix-1.0.1.jar:/home/user/.m2/repository/org/apache/kerby/kerby-asn1/1.0.1/kerby-asn1-1.0.1.jar:/home/user/.m2/repository/org/apache/kerby/kerby-util/1.0.1/kerby-util-1.0.1.jar:/home/user/.m2/repository/org/apache/kerby/kerb-common/1.0.1/kerb-common-1.0.1.jar:/home/user/.m2/repository/org/apache/kerby/kerb-crypto/1.0.1/kerb-crypto-1.0.1.jar:/home/user/.m2/repository/org/apache/kerby/kerb-util/1.0.1/kerb-util-1.0.1.jar:/home/user/.m2/repository/org/apache/kerby/token-provider/1.0.1/token-provider-1.0.1.jar:/home/user/.m2/repository/org/apache/kerby/kerb-admin/1.0.1/kerb-admin-1.0.1.jar:/home/user/.m2/repository/org/apache/kerby/kerb-server/1.0.1/kerb-server-1.0.1.jar:/home/user/.m2/repository/org/apache/kerby/kerb-identity/1.0.1/kerb-identity-1.0.1.jar:/home/user/.m2/repository/org/apache/kerby/kerby-xdr/1.0.1/kerby-xdr-1.0.1.jar:/home/user/.m2/repository/org/slf4j/slf4j-log4j12/1.7.25/slf4j-log4j12-1.7.25.jar:/home/user/.m2/repository/org/apache/hadoop/hadoop-ozone-s3gateway/0.5.0-SNAPSHOT/hadoop-ozone-s3gateway-0.5.0-SNAPSHOT.jar:/home/user/.m2/repository/org/jboss/weld/servlet/weld-servlet/2.4.7.Final/weld-servlet-2.4.7.Final.jar:/home/user/.m2/repository/org/glassfish/jersey/containers/jersey-container-servlet-core/2.27/jersey-container-servlet-core-2.27.jar:/home/user/.m2/repository/org/glassfish/hk2/external/javax.inject/2.5.0-b42/javax.inject-2.5.0-b42.jar:/home/user/.m2/repository/org/glassfish/jersey/core/jersey-common/2.27/jersey-common-2.27.jar:/home/user/.m2/repository/org/glassfish/hk2/osgi-resource-locator/1.0.1/osgi-resource-locator-1.0.1.jar:/home/user/.m2/repository/javax/ws/rs/javax.ws.rs-api/2.1/javax.ws.rs-api-2.1.jar:/home/user/.m2/repository/org/glassfish/jersey/ext/cdi/jersey-cdi1x/2.27/jersey-cdi1x-2.27.jar:/home/user/.m2/repository/org/glassfish/jersey/inject/jersey-hk2/2.27/jersey-hk2-2.27.jar:/home/user/.m2/repository/org/glassfish/hk2/hk2-locator/2.5.0-b42/hk2-locator-2.5.0-b42.jar:/home/user/.m2/repository/org/javassist/javassist/3.22.0-CR2/javassist-3.22.0-CR2.jar:/home/user/.m2/repository/org/glassfish/hk2/hk2-api/2.5.0/hk2-api-2.5.0.jar:/home/user/.m2/repository/org/glassfish/hk2/external/jakarta.inject/2.5.0/jakarta.inject-2.5.0.jar:/home/user/.m2/repository/org/glassfish/hk2/hk2-utils/2.5.0/hk2-utils-2.5.0.jar:/home/user/.m2/repository/jakarta/annotation/jakarta.annotation-api/1.3.4/jakarta.annotation-api-1.3.4.jar:/home/user/.m2/repository/org/glassfish/hk2/external/aopalliance-repackaged/2.5.0/aopalliance-repackaged-2.5.0.jar:/home/user/.m2/repository/com/fasterxml/jackson/dataformat/jackson-dataformat-xml/2.9.0/jackson-dataformat-xml-2.9.0.jar:/home/user/.m2/repository/com/fasterxml/jackson/core/jackson-core/2.9.9/jackson-core-2.9.9.jar:/home/user/.m2/repository/com/fasterxml/jackson/module/jackson-module-jaxb-annotations/2.9.9/jackson-module-jaxb-annotations-2.9.9.jar:/home/user/.m2/repository/javax/enterprise/cdi-api/1.2/cdi-api-1.2.jar:/home/user/.m2/repository/javax/el/javax.el-api/3.0.0/javax.el-api-3.0.0.jar:/home/user/.m2/repository/javax/interceptor/javax.interceptor-api/1.2/javax.interceptor-api-1.2.jar:/home/user/.m2/repository/javax/inject/javax.inject/1/javax.inject-1.jar:/home/user/.m2/repository/com/sun/xml/bind/jaxb-impl/2.3.0.1/jaxb-impl-2.3.0.1.jar:/home/user/.m2/repository/com/sun/xml/bind/jaxb-core/2.3.0.1/jaxb-core-2.3.0.1.jar:/home/user/.m2/repository/javax/xml/bind/jaxb-api/2.3.0/jaxb-api-2.3.0.jar:/home/user/.m2/repository/javax/activation/activation/1.1.1/activation-1.1.1.jar:/home/user/.m2/repository/org/apache/hadoop/hadoop-ozone-csi/0.5.0-SNAPSHOT/hadoop-ozone-csi-0.5.0-SNAPSHOT.jar:/home/user/.m2/repository/com/google/protobuf/protobuf-java-util/3.5.1/protobuf-java-util-3.5.1.jar:/home/user/.m2/repository/org/apache/hadoop/hadoop-hdds-config/0.5.0-SNAPSHOT/hadoop-hdds-config-0.5.0-SNAPSHOT.jar:/home/user/.m2/repository/io/grpc/grpc-netty/1.17.1/grpc-netty-1.17.1.jar:/home/user/.m2/repository/io/grpc/grpc-core/1.17.1/grpc-core-1.17.1.jar:/home/user/.m2/repository/io/grpc/grpc-context/1.17.1/grpc-context-1.17.1.jar:/home/user/.m2/repository/com/google/errorprone/error_prone_annotations/2.2.0/error_prone_annotations-2.2.0.jar:/home/user/.m2/repository/org/codehaus/mojo/animal-sniffer-annotations/1.17/animal-sniffer-annotations-1.17.jar:/home/user/.m2/repository/io/opencensus/opencensus-api/0.17.0/opencensus-api-0.17.0.jar:/home/user/.m2/repository/io/opencensus/opencensus-contrib-grpc-metrics/0.17.0/opencensus-contrib-grpc-metrics-0.17.0.jar:/home/user/.m2/repository/io/netty/netty-codec-http2/4.1.30.Final/netty-codec-http2-4.1.30.Final.jar:/home/user/.m2/repository/io/netty/netty-codec-http/4.1.30.Final/netty-codec-http-4.1.30.Final.jar:/home/user/.m2/repository/io/netty/netty-codec/4.1.30.Final/netty-codec-4.1.30.Final.jar:/home/user/.m2/repository/io/netty/netty-handler/4.1.30.Final/netty-handler-4.1.30.Final.jar:/home/user/.m2/repository/io/netty/netty-handler-proxy/4.1.30.Final/netty-handler-proxy-4.1.30.Final.jar:/home/user/.m2/repository/io/netty/netty-codec-socks/4.1.30.Final/netty-codec-socks-4.1.30.Final.jar:/home/user/.m2/repository/io/netty/netty-transport-native-epoll/4.1.30.Final/netty-transport-native-epoll-4.1.30.Final.jar:/home/user/.m2/repository/io/netty/netty-common/4.1.30.Final/netty-common-4.1.30.Final.jar:/home/user/.m2/repository/io/netty/netty-buffer/4.1.30.Final/netty-buffer-4.1.30.Final.jar:/home/user/.m2/repository/io/netty/netty-transport/4.1.30.Final/netty-transport-4.1.30.Final.jar:/home/user/.m2/repository/io/netty/netty-resolver/4.1.30.Final/netty-resolver-4.1.30.Final.jar:/home/user/.m2/repository/io/netty/netty-transport-native-unix-common/4.1.30.Final/netty-transport-native-unix-common-4.1.30.Final.jar:/home/user/.m2/repository/io/grpc/grpc-protobuf/1.17.1/grpc-protobuf-1.17.1.jar:/home/user/.m2/repository/com/google/api/grpc/proto-google-common-protos/1.0.0/proto-google-common-protos-1.0.0.jar:/home/user/.m2/repository/io/grpc/grpc-protobuf-lite/1.17.1/grpc-protobuf-lite-1.17.1.jar:/home/user/.m2/repository/io/grpc/grpc-stub/1.17.1/grpc-stub-1.17.1.jar:/home/user/.m2/repository/org/apache/hadoop/hadoop-ozone-recon/0.5.0-SNAPSHOT/hadoop-ozone-recon-0.5.0-SNAPSHOT.jar:/home/user/.m2/repository/org/apache/hadoop/hadoop-ozone-reconcodegen/0.5.0-SNAPSHOT/hadoop-ozone-reconcodegen-0.5.0-SNAPSHOT.jar:/home/user/.m2/repository/com/google/inject/extensions/guice-multibindings/4.0/guice-multibindings-4.0.jar:/home/user/.m2/repository/com/google/inject/guice/4.0/guice-4.0.jar:/home/user/.m2/repository/aopalliance/aopalliance/1.0/aopalliance-1.0.jar:/home/user/.m2/repository/com/google/inject/extensions/guice-servlet/4.0/guice-servlet-4.0.jar:/home/user/.m2/repository/org/glassfish/jersey/containers/jersey-container-servlet/2.27/jersey-container-servlet-2.27.jar:/home/user/.m2/repository/org/glassfish/hk2/guice-bridge/2.5.0/guice-bridge-2.5.0.jar:/home/user/.m2/repository/org/glassfish/jersey/core/jersey-server/2.27/jersey-server-2.27.jar:/home/user/.m2/repository/org/glassfish/jersey/core/jersey-client/2.27/jersey-client-2.27.jar:/home/user/.m2/repository/org/glassfish/jersey/media/jersey-media-jaxb/2.27/jersey-media-jaxb-2.27.jar:/home/user/.m2/repository/javax/validation/validation-api/1.1.0.Final/validation-api-1.1.0.Final.jar:/home/user/.m2/repository/org/glassfish/jersey/media/jersey-media-json-jackson/2.27/jersey-media-json-jackson-2.27.jar:/home/user/.m2/repository/org/glassfish/jersey/ext/jersey-entity-filtering/2.27/jersey-entity-filtering-2.27.jar:/home/user/.m2/repository/com/google/inject/extensions/guice-assistedinject/4.0/guice-assistedinject-4.0.jar:/home/user/.m2/repository/org/jooq/jooq/3.11.10/jooq-3.11.10.jar:/home/user/.m2/repository/org/jooq/jooq-meta/3.11.10/jooq-meta-3.11.10.jar:/home/user/.m2/repository/org/jooq/jooq-codegen/3.11.10/jooq-codegen-3.11.10.jar:/home/user/.m2/repository/com/jolbox/bonecp/0.8.0.RELEASE/bonecp-0.8.0.RELEASE.jar:/home/user/.m2/repository/org/xerial/sqlite-jdbc/3.25.2/sqlite-jdbc-3.25.2.jar:/home/user/.m2/repository/org/springframework/spring-jdbc/5.1.3.RELEASE/spring-jdbc-5.1.3.RELEASE.jar:/home/user/.m2/repository/org/springframework/spring-beans/5.1.3.RELEASE/spring-beans-5.1.3.RELEASE.jar:/home/user/.m2/repository/org/springframework/spring-core/5.1.3.RELEASE/spring-core-5.1.3.RELEASE.jar:/home/user/.m2/repository/org/springframework/spring-jcl/5.1.3.RELEASE/spring-jcl-5.1.3.RELEASE.jar:/home/user/.m2/repository/org/springframework/spring-tx/5.1.3.RELEASE/spring-tx-5.1.3.RELEASE.jar:/home/user/.m2/repository/org/apache/hadoop/hadoop-ozone-client/0.5.0-SNAPSHOT/hadoop-ozone-client-0.5.0-SNAPSHOT.jar:/home/user/.m2/repository/commons-lang/commons-lang/2.6/commons-lang-2.6.jar:/home/user/.m2/repository/org/apache/hadoop/hadoop-ozone-ozone-manager/0.5.0-SNAPSHOT/hadoop-ozone-ozone-manager-0.5.0-SNAPSHOT-tests.jar:/home/user/.m2/repository/junit/junit/4.11/junit-4.11.jar:/home/user/.m2/repository/org/hamcrest/hamcrest-core/1.3/hamcrest-core-1.3.jar:/home/user/.m2/repository/org/openjdk/jmh/jmh-core/1.19/jmh-core-1.19.jar:/home/user/.m2/repository/net/sf/jopt-simple/jopt-simple/4.6/jopt-simple-4.6.jar:/home/user/.m2/repository/org/apache/commons/commons-math3/3.1.1/commons-math3-3.1.1.jar:/home/user/.m2/repository/org/openjdk/jmh/jmh-generator-annprocess/1.19/jmh-generator-annprocess-1.19.jar:/home/user/.m2/repository/org/mockito/mockito-all/1.8.5/mockito-all-1.8.5.jar:/home/user/.m2/repository/org/apache/hadoop/hadoop-kms/3.2.0/hadoop-kms-3.2.0.jar:/home/user/.m2/repository/org/apache/hadoop/hadoop-auth/3.2.0/hadoop-auth-3.2.0.jar:/home/user/.m2/repository/com/nimbusds/nimbus-jose-jwt/4.41.1/nimbus-jose-jwt-4.41.1.jar:/home/user/.m2/repository/com/github/stephenc/jcip/jcip-annotations/1.0-1/jcip-annotations-1.0-1.jar:/home/user/.m2/repository/net/minidev/json-smart/2.3/json-smart-2.3.jar:/home/user/.m2/repository/net/minidev/accessors-smart/1.2/accessors-smart-1.2.jar:/home/user/.m2/repository/org/ow2/asm/asm/5.0.4/asm-5.0.4.jar:/home/user/.m2/repository/org/apache/curator/curator-framework/2.12.0/curator-framework-2.12.0.jar:/home/user/.m2/repository/com/sun/jersey/jersey-core/1.19/jersey-core-1.19.jar:/home/user/.m2/repository/javax/ws/rs/jsr311-api/1.1.1/jsr311-api-1.1.1.jar:/home/user/.m2/repository/com/sun/jersey/jersey-server/1.19/jersey-server-1.19.jar:/home/user/.m2/repository/javax/servlet/javax.servlet-api/3.1.0/javax.servlet-api-3.1.0.jar:/home/user/.m2/repository/org/eclipse/jetty/jetty-server/9.3.24.v20180605/jetty-server-9.3.24.v20180605.jar:/home/user/.m2/repository/org/eclipse/jetty/jetty-http/9.3.24.v20180605/jetty-http-9.3.24.v20180605.jar:/home/user/.m2/repository/org/eclipse/jetty/jetty-io/9.3.24.v20180605/jetty-io-9.3.24.v20180605.jar:/home/user/.m2/repository/org/eclipse/jetty/jetty-webapp/9.3.24.v20180605/jetty-webapp-9.3.24.v20180605.jar:/home/user/.m2/repository/org/eclipse/jetty/jetty-xml/9.3.24.v20180605/jetty-xml-9.3.24.v20180605.jar:/home/user/.m2/repository/log4j/log4j/1.2.17/log4j-1.2.17.jar:/home/user/.m2/repository/org/slf4j/slf4j-api/1.7.25/slf4j-api-1.7.25.jar:/home/user/.m2/repository/org/slf4j/jul-to-slf4j/1.7.25/jul-to-slf4j-1.7.25.jar:/home/user/.m2/repository/org/eclipse/jetty/jetty-util/9.3.24.v20180605/jetty-util-9.3.24.v20180605.jar:/home/user/.m2/repository/com/fasterxml/jackson/core/jackson-databind/2.9.9/jackson-databind-2.9.9.jar:/home/user/.m2/repository/org/apache/hadoop/hadoop-kms/3.2.0/hadoop-kms-3.2.0-tests.jar:/home/user/.m2/repository/org/apache/hadoop/hadoop-hdds-server-scm/0.5.0-SNAPSHOT/hadoop-hdds-server-scm-0.5.0-SNAPSHOT-tests.jar:/home/user/.m2/repository/org/apache/hadoop/hadoop-hdds-container-service/0.5.0-SNAPSHOT/hadoop-hdds-container-service-0.5.0-SNAPSHOT-tests.jar:/home/user/.m2/repository/org/yaml/snakeyaml/1.16/snakeyaml-1.16.jar:/home/user/.m2/repository/org/apache/hadoop/hadoop-common/3.2.0/hadoop-common-3.2.0-tests.jar:/home/user/.m2/repository/org/apache/hadoop/hadoop-annotations/3.2.0/hadoop-annotations-3.2.0.jar:/usr/lib/jvm/java-1.8-openjdk/jre/../lib/tools.jar:/home/user/.m2/repository/commons-cli/commons-cli/1.2/commons-cli-1.2.jar:/home/user/.m2/repository/org/apache/httpcomponents/httpclient/4.5.2/httpclient-4.5.2.jar:/home/user/.m2/repository/org/apache/httpcomponents/httpcore/4.4.4/httpcore-4.4.4.jar:/home/user/.m2/repository/commons-codec/commons-codec/1.11/commons-codec-1.11.jar:/home/user/.m2/repository/commons-net/commons-net/3.6/commons-net-3.6.jar:/home/user/.m2/repository/commons-collections/commons-collections/3.2.2/commons-collections-3.2.2.jar:/home/user/.m2/repository/org/eclipse/jetty/jetty-servlet/9.3.24.v20180605/jetty-servlet-9.3.24.v20180605.jar:/home/user/.m2/repository/org/eclipse/jetty/jetty-security/9.3.24.v20180605/jetty-security-9.3.24.v20180605.jar:/home/user/.m2/repository/javax/servlet/jsp/jsp-api/2.1/jsp-api-2.1.jar:/home/user/.m2/repository/com/sun/jersey/jersey-servlet/1.19/jersey-servlet-1.19.jar:/home/user/.m2/repository/com/sun/jersey/jersey-json/1.19/jersey-json-1.19.jar:/home/user/.m2/repository/org/codehaus/jettison/jettison/1.1/jettison-1.1.jar:/home/user/.m2/repository/org/codehaus/jackson/jackson-core-asl/1.9.13/jackson-core-asl-1.9.13.jar:/home/user/.m2/repository/org/codehaus/jackson/jackson-mapper-asl/1.9.13/jackson-mapper-asl-1.9.13.jar:/home/user/.m2/repository/org/codehaus/jackson/jackson-jaxrs/1.9.13/jackson-jaxrs-1.9.13.jar:/home/user/.m2/repository/org/codehaus/jackson/jackson-xc/1.9.13/jackson-xc-1.9.13.jar:/home/user/.m2/repository/commons-logging/commons-logging/1.1.3/commons-logging-1.1.3.jar:/home/user/.m2/repository/commons-beanutils/commons-beanutils/1.9.4/commons-beanutils-1.9.4.jar:/home/user/.m2/repository/org/apache/commons/commons-configuration2/2.1.1/commons-configuration2-2.1.1.jar:/home/user/.m2/repository/org/apache/commons/commons-lang3/3.7/commons-lang3-3.7.jar:/home/user/.m2/repository/org/apache/commons/commons-text/1.4/commons-text-1.4.jar:/home/user/.m2/repository/org/apache/avro/avro/1.7.7/avro-1.7.7.jar:/home/user/.m2/repository/com/thoughtworks/paranamer/paranamer/2.3/paranamer-2.3.jar:/home/user/.m2/repository/org/xerial/snappy/snappy-java/1.0.5/snappy-java-1.0.5.jar:/home/user/.m2/repository/com/google/re2j/re2j/1.1/re2j-1.1.jar:/home/user/.m2/repository/com/google/code/gson/gson/2.2.4/gson-2.2.4.jar:/home/user/.m2/repository/com/jcraft/jsch/0.1.54/jsch-0.1.54.jar:/home/user/.m2/repository/org/apache/curator/curator-client/2.12.0/curator-client-2.12.0.jar:/home/user/.m2/repository/org/apache/curator/curator-recipes/2.12.0/curator-recipes-2.12.0.jar:/home/user/.m2/repository/com/google/code/findbugs/jsr305/3.0.0/jsr305-3.0.0.jar:/home/user/.m2/repository/org/apache/htrace/htrace-core4/4.1.0-incubating/htrace-core4-4.1.0-incubating.jar:/home/user/.m2/repository/org/apache/zookeeper/zookeeper/3.4.13/zookeeper-3.4.13.jar:/home/user/.m2/repository/org/apache/yetus/audience-annotations/0.5.0/audience-annotations-0.5.0.jar:/home/user/.m2/repository/org/codehaus/woodstox/stax2-api/3.1.4/stax2-api-3.1.4.jar:/home/user/.m2/repository/com/fasterxml/woodstox/woodstox-core/5.0.3/woodstox-core-5.0.3.jar:/home/user/.m2/repository/dnsjava/dnsjava/2.1.7/dnsjava-2.1.7.jar:/home/user/.m2/repository/org/apache/hadoop/hadoop-hdfs/3.2.0/hadoop-hdfs-3.2.0-tests.jar:/home/user/.m2/repository/org/eclipse/jetty/jetty-util-ajax/9.3.24.v20180605/jetty-util-ajax-9.3.24.v20180605.jar:/home/user/.m2/repository/commons-daemon/commons-daemon/1.0.13/commons-daemon-1.0.13.jar:/home/user/.m2/repository/io/netty/netty/3.10.5.Final/netty-3.10.5.Final.jar:/home/user/.m2/repository/io/netty/netty-all/4.0.52.Final/netty-all-4.0.52.Final.jar:/home/user/.m2/repository/org/fusesource/leveldbjni/leveldbjni-all/1.8/leveldbjni-all-1.8.jar:"/>
    <property name="sun.cpu.endian" value="little"/>
    <property name="user.home" value="/home/user"/>
    <property name="user.language" value="en"/>
    <property name="java.specification.vendor" value="Oracle Corporation"/>
    <property name="java.home" value="/usr/lib/jvm/java-1.8-openjdk/jre"/>
    <property name="java.security.krb5.conf" value="/workdir/hadoop-ozone/integration-test/target/test-classes/krb5.conf"/>
    <property name="basedir" value="/workdir/hadoop-ozone/integration-test"/>
    <property name="file.separator" value="/"/>
    <property name="line.separator" value="&#10;"/>
    <property name="java.vm.specification.vendor" value="Oracle Corporation"/>
    <property name="java.specification.name" value="Java Platform API Specification"/>
    <property name="java.awt.graphicsenv" value="sun.awt.X11GraphicsEnvironment"/>
    <property name="surefire.real.class.path" value="/workdir/hadoop-ozone/integration-test/target/surefire/surefirebooter6214623469945487136.jar"/>
    <property name="hadoop.log.dir" value="/workdir/hadoop-ozone/integration-test/target/log"/>
    <property name="sun.boot.class.path" value="/usr/lib/jvm/java-1.8-openjdk/jre/lib/resources.jar:/usr/lib/jvm/java-1.8-openjdk/jre/lib/rt.jar:/usr/lib/jvm/java-1.8-openjdk/jre/lib/sunrsasign.jar:/usr/lib/jvm/java-1.8-openjdk/jre/lib/jsse.jar:/usr/lib/jvm/java-1.8-openjdk/jre/lib/jce.jar:/usr/lib/jvm/java-1.8-openjdk/jre/lib/charsets.jar:/usr/lib/jvm/java-1.8-openjdk/jre/lib/jfr.jar:/usr/lib/jvm/java-1.8-openjdk/jre/classes"/>
    <property name="sun.management.compiler" value="HotSpot 64-Bit Tiered Compilers"/>
    <property name="java.runtime.version" value="1.8.0_212-b04"/>
    <property name="java.net.preferIPv4Stack" value="true"/>
    <property name="user.name" value="jenkins1000"/>
    <property name="path.separator" value=":"/>
    <property name="java.security.egd" value="file:///dev/urandom"/>
    <property name="os.version" value="3.10.0-957.12.2.el7.x86_64"/>
    <property name="java.endorsed.dirs" value="/usr/lib/jvm/java-1.8-openjdk/jre/lib/endorsed"/>
    <property name="java.runtime.name" value="OpenJDK Runtime Environment"/>
    <property name="file.encoding" value="UTF-8"/>
    <property name="java.vm.name" value="OpenJDK 64-Bit Server VM"/>
    <property name="test.build.webapps" value=""/>
    <property name="localRepository" value="/home/user/.m2/repository"/>
    <property name="java.vendor.url.bug" value="https://icedtea.classpath.org/bugzilla"/>
    <property name="java.io.tmpdir" value="/tmp"/>
    <property name="require.test.libhadoop" value=""/>
    <property name="java.version" value="1.8.0_212"/>
    <property name="user.dir" value="/workdir/hadoop-ozone/integration-test"/>
    <property name="os.arch" value="amd64"/>
    <property name="java.vm.specification.name" value="Java Virtual Machine Specification"/>
    <property name="test.build.classes" value="/workdir/hadoop-ozone/integration-test/target/test-classes"/>
    <property name="java.awt.printerjob" value="sun.print.PSPrinterJob"/>
    <property name="sun.os.patch.level" value="unknown"/>
    <property name="hadoop.tmp.dir" value="/workdir/hadoop-ozone/integration-test/target/tmp"/>
    <property name="java.library.path" value="/usr/lib/jvm/java-1.8-openjdk/jre/lib/amd64/server:/usr/lib/jvm/java-1.8-openjdk/jre/lib/amd64:/usr/lib/jvm/java-1.8-openjdk/jre/../lib/amd64:/workdir/hadoop-ozone/integration-test/target/native/target/usr/local/lib:/workdir/hadoop-ozone/integration-test/../../hadoop-common-project/hadoop-common/target/native/target/usr/local/lib:/usr/java/packages/lib/amd64:/usr/lib64:/lib64:/lib:/usr/lib"/>
    <property name="java.vm.info" value="mixed mode"/>
    <property name="java.vendor" value="IcedTea"/>
    <property name="java.vm.version" value="25.212-b04"/>
    <property name="java.ext.dirs" value="/usr/lib/jvm/java-1.8-openjdk/jre/lib/ext:/usr/java/packages/lib/ext"/>
    <property name="sun.io.unicode.encoding" value="UnicodeLittle"/>
    <property name="java.class.version" value="52.0"/>
  </properties>
  <testcase name="testGroupMismatchExceptionHandling" classname="org.apache.hadoop.ozone.client.rpc.TestOzoneClientRetriesOnException" time="50.893"/>
  <testcase name="testMaxRetriesByOzoneClient" classname="org.apache.hadoop.ozone.client.rpc.TestOzoneClientRetriesOnException" time="125.224">
    <error message="Failed to command cmdType: CreateContainer&#10;containerID: 1&#10;datanodeUuid: &quot;18d3f7fe-50e5-4214-a1e5-787142f90379&quot;&#10;createContainer {&#10;}&#10;" type="java.io.IOException">java.io.IOException: 
Failed to command cmdType: CreateContainer
containerID: 1
datanodeUuid: "18d3f7fe-50e5-4214-a1e5-787142f90379"
createContainer {
}

	at org.apache.hadoop.hdds.scm.XceiverClientSpi.sendCommand(XceiverClientSpi.java:113)
	at org.apache.hadoop.ozone.client.rpc.TestOzoneClientRetriesOnException.testMaxRetriesByOzoneClient(TestOzoneClientRetriesOnException.java:190)
	at sun.reflect.NativeMethodAccessorImpl.invoke0(Native Method)
	at sun.reflect.NativeMethodAccessorImpl.invoke(NativeMethodAccessorImpl.java:62)
	at sun.reflect.DelegatingMethodAccessorImpl.invoke(DelegatingMethodAccessorImpl.java:43)
	at java.lang.reflect.Method.invoke(Method.java:498)
	at org.junit.runners.model.FrameworkMethod$1.runReflectiveCall(FrameworkMethod.java:47)
	at org.junit.internal.runners.model.ReflectiveCallable.run(ReflectiveCallable.java:12)
	at org.junit.runners.model.FrameworkMethod.invokeExplosively(FrameworkMethod.java:44)
	at org.junit.internal.runners.statements.InvokeMethod.evaluate(InvokeMethod.java:17)
	at org.junit.internal.runners.statements.RunBefores.evaluate(RunBefores.java:26)
	at org.junit.internal.runners.statements.RunAfters.evaluate(RunAfters.java:27)
	at org.junit.runners.ParentRunner.runLeaf(ParentRunner.java:271)
	at org.junit.runners.BlockJUnit4ClassRunner.runChild(BlockJUnit4ClassRunner.java:70)
	at org.junit.runners.BlockJUnit4ClassRunner.runChild(BlockJUnit4ClassRunner.java:50)
	at org.junit.runners.ParentRunner$3.run(ParentRunner.java:238)
	at org.junit.runners.ParentRunner$1.schedule(ParentRunner.java:63)
	at org.junit.runners.ParentRunner.runChildren(ParentRunner.java:236)
	at org.junit.runners.ParentRunner.access$000(ParentRunner.java:53)
	at org.junit.runners.ParentRunner$2.evaluate(ParentRunner.java:229)
	at org.junit.runners.ParentRunner.run(ParentRunner.java:309)
	at org.apache.maven.surefire.junit4.JUnit4Provider.execute(JUnit4Provider.java:365)
	at org.apache.maven.surefire.junit4.JUnit4Provider.executeWithRerun(JUnit4Provider.java:273)
	at org.apache.maven.surefire.junit4.JUnit4Provider.executeTestSet(JUnit4Provider.java:238)
	at org.apache.maven.surefire.junit4.JUnit4Provider.invoke(JUnit4Provider.java:159)
	at org.apache.maven.surefire.booter.ForkedBooter.invokeProviderInSameClassLoader(ForkedBooter.java:384)
	at org.apache.maven.surefire.booter.ForkedBooter.runSuitesInProcess(ForkedBooter.java:345)
	at org.apache.maven.surefire.booter.ForkedBooter.execute(ForkedBooter.java:126)
	at org.apache.maven.surefire.booter.ForkedBooter.main(ForkedBooter.java:418)
Caused by: java.util.concurrent.ExecutionException: org.apache.ratis.protocol.RaftRetryFailureException: Failed RaftClientRequest:client-6C1EFBB48C8C->603ee2fb-7c46-43ae-b6f8-b4c13ebc4e54@group-E86B211EAF54, cid=45, seq=4*, RW, org.apache.hadoop.hdds.scm.XceiverClientRatis$$Lambda$344/1871362568@73cbf0d5 for 180 attempts with RetryLimited(maxAttempts=180, sleepTime=1000ms)
	at java.util.concurrent.CompletableFuture.reportGet(CompletableFuture.java:357)
	at java.util.concurrent.CompletableFuture.get(CompletableFuture.java:1895)
	at org.apache.hadoop.hdds.scm.XceiverClientSpi.sendCommand(XceiverClientSpi.java:110)
	... 28 more
Caused by: org.apache.ratis.protocol.RaftRetryFailureException: Failed RaftClientRequest:client-6C1EFBB48C8C->603ee2fb-7c46-43ae-b6f8-b4c13ebc4e54@group-E86B211EAF54, cid=45, seq=4*, RW, org.apache.hadoop.hdds.scm.XceiverClientRatis$$Lambda$344/1871362568@73cbf0d5 for 180 attempts with RetryLimited(maxAttempts=180, sleepTime=1000ms)
	at org.apache.ratis.client.impl.RaftClientImpl.noMoreRetries(RaftClientImpl.java:271)
	at org.apache.ratis.client.impl.OrderedAsync.handleAsyncRetryFailure(OrderedAsync.java:138)
	at org.apache.ratis.client.impl.OrderedAsync.lambda$sendRequest$10(OrderedAsync.java:230)
	at java.util.concurrent.CompletableFuture.uniExceptionally(CompletableFuture.java:870)
	at java.util.concurrent.CompletableFuture$UniExceptionally.tryFire(CompletableFuture.java:852)
	at java.util.concurrent.CompletableFuture.postComplete(CompletableFuture.java:474)
	at java.util.concurrent.CompletableFuture.completeExceptionally(CompletableFuture.java:1977)
	at org.apache.ratis.grpc.client.GrpcClientProtocolClient$AsyncStreamObservers.completeReplyExceptionally(GrpcClientProtocolClient.java:339)
	at org.apache.ratis.grpc.client.GrpcClientProtocolClient$AsyncStreamObservers.access$000(GrpcClientProtocolClient.java:255)
	at org.apache.ratis.grpc.client.GrpcClientProtocolClient$AsyncStreamObservers$1.onNext(GrpcClientProtocolClient.java:267)
	at org.apache.ratis.grpc.client.GrpcClientProtocolClient$AsyncStreamObservers$1.onNext(GrpcClientProtocolClient.java:258)
	at org.apache.ratis.thirdparty.io.grpc.stub.ClientCalls$StreamObserverToCallListenerAdapter.onMessage(ClientCalls.java:421)
	at org.apache.ratis.thirdparty.io.grpc.ForwardingClientCallListener.onMessage(ForwardingClientCallListener.java:33)
	at org.apache.ratis.thirdparty.io.grpc.ForwardingClientCallListener.onMessage(ForwardingClientCallListener.java:33)
	at org.apache.ratis.thirdparty.io.grpc.internal.ClientCallImpl$ClientStreamListenerImpl$1MessagesAvailable.runInContext(ClientCallImpl.java:519)
	at org.apache.ratis.thirdparty.io.grpc.internal.ContextRunnable.run(ContextRunnable.java:37)
	at org.apache.ratis.thirdparty.io.grpc.internal.SerializingExecutor.run(SerializingExecutor.java:123)
	at java.util.concurrent.ThreadPoolExecutor.runWorker(ThreadPoolExecutor.java:1149)
	at java.util.concurrent.ThreadPoolExecutor$Worker.run(ThreadPoolExecutor.java:624)
	at java.lang.Thread.run(Thread.java:748)
Caused by: org.apache.ratis.protocol.NotLeaderException: Server 603ee2fb-7c46-43ae-b6f8-b4c13ebc4e54@group-E86B211EAF54 is not the leader e12d66f4-70bf-4d46-b2b0-c16a4ce73304:192.168.36.82:36386
	at org.apache.ratis.client.impl.ClientProtoUtils.toRaftClientReply(ClientProtoUtils.java:243)
	at org.apache.ratis.grpc.client.GrpcClientProtocolClient$AsyncStreamObservers$1.onNext(GrpcClientProtocolClient.java:263)
	... 10 more
</error>
    <system-out><![CDATA[2019-09-19 13:44:06,986 [main] WARN  server.ServerUtils (ServerUtils.java:getScmDbDir(145)) - ozone.scm.db.dirs is not configured. We recommend adding this setting. Falling back to ozone.metadata.dirs instead.
2019-09-19 13:44:07,030 [main] WARN  server.ServerUtils (ServerUtils.java:getScmDbDir(145)) - ozone.scm.db.dirs is not configured. We recommend adding this setting. Falling back to ozone.metadata.dirs instead.
2019-09-19 13:44:07,031 [main] WARN  server.ServerUtils (ServerUtils.java:getScmDbDir(145)) - ozone.scm.db.dirs is not configured. We recommend adding this setting. Falling back to ozone.metadata.dirs instead.
2019-09-19 13:44:07,032 [main] INFO  db.DBStoreBuilder (DBStoreBuilder.java:addTable(110)) - using custom profile for table: deletedBlocks
2019-09-19 13:44:07,032 [main] INFO  db.DBStoreBuilder (DBStoreBuilder.java:processTables(161)) - Using default column profile:DBProfile.DISK for Table:deletedBlocks
2019-09-19 13:44:07,032 [main] INFO  db.DBStoreBuilder (DBStoreBuilder.java:addTable(110)) - using custom profile for table: validCerts
2019-09-19 13:44:07,032 [main] INFO  db.DBStoreBuilder (DBStoreBuilder.java:processTables(161)) - Using default column profile:DBProfile.DISK for Table:validCerts
2019-09-19 13:44:07,033 [main] INFO  db.DBStoreBuilder (DBStoreBuilder.java:addTable(110)) - using custom profile for table: revokedCerts
2019-09-19 13:44:07,033 [main] INFO  db.DBStoreBuilder (DBStoreBuilder.java:processTables(161)) - Using default column profile:DBProfile.DISK for Table:revokedCerts
2019-09-19 13:44:07,033 [main] INFO  db.DBStoreBuilder (DBStoreBuilder.java:addTable(110)) - using custom profile for table: default
2019-09-19 13:44:07,034 [main] INFO  db.DBStoreBuilder (DBStoreBuilder.java:processTables(167)) - Using default column profile:DBProfile.DISK for Table:default
2019-09-19 13:44:07,034 [main] INFO  db.DBStoreBuilder (DBStoreBuilder.java:getDbProfile(198)) - Using default options. DBProfile.DISK
2019-09-19 13:44:07,298 [main] INFO  net.NodeSchemaLoader (NodeSchemaLoader.java:loadSchemaFromFile(125)) - Loading file from sun.misc.CompoundEnumeration@949c598
2019-09-19 13:44:07,298 [main] INFO  net.NodeSchemaLoader (NodeSchemaLoader.java:loadSchema(171)) - Loading network topology layer schema file
2019-09-19 13:44:07,305 [main] WARN  server.ServerUtils (ServerUtils.java:sanitizeUserArgs(70)) - ozone.scm.stale.node.interval value = 300000 is larger than max = 100000 based on the key value of ozone.scm.heartbeat.thread.interval, reset to the max value 100000.
2019-09-19 13:44:07,306 [main] WARN  server.ServerUtils (ServerUtils.java:sanitizeUserArgs(70)) - ozone.scm.stale.node.interval value = 300000 is larger than max = 100000 based on the key value of ozone.scm.heartbeat.thread.interval, reset to the max value 100000.
2019-09-19 13:44:07,306 [main] INFO  node.SCMNodeManager (SCMNodeManager.java:<init>(114)) - Entering startup safe mode.
2019-09-19 13:44:07,307 [main] INFO  algorithms.ContainerPlacementPolicyFactory (ContainerPlacementPolicyFactory.java:getPolicy(57)) - Create container placement policy of type org.apache.hadoop.hdds.scm.container.placement.algorithms.SCMContainerPlacementRandom
2019-09-19 13:44:07,308 [main] WARN  server.ServerUtils (ServerUtils.java:getScmDbDir(145)) - ozone.scm.db.dirs is not configured. We recommend adding this setting. Falling back to ozone.metadata.dirs instead.
2019-09-19 13:44:07,409 [main] INFO  pipeline.SCMPipelineManager (SCMPipelineManager.java:initializePipelineState(128)) - No pipeline exists in current db
2019-09-19 13:44:07,409 [main] WARN  server.ServerUtils (ServerUtils.java:getScmDbDir(145)) - ozone.scm.db.dirs is not configured. We recommend adding this setting. Falling back to ozone.metadata.dirs instead.
2019-09-19 13:44:07,503 [main] WARN  events.EventQueue (EventQueue.java:fireEvent(183)) - No event handler registered for event TypedEvent{payloadType=SafeModeStatus, name='SafeModeStatus'}
2019-09-19 13:44:07,504 [main] INFO  ipc.CallQueueManager (CallQueueManager.java:<init>(84)) - Using callQueue: class java.util.concurrent.LinkedBlockingQueue, queueCapacity: 2000, scheduler: class org.apache.hadoop.ipc.DefaultRpcScheduler, ipcBackoff: false.
2019-09-19 13:44:07,506 [Socket Reader #1 for port 41388] INFO  ipc.Server (Server.java:run(1074)) - Starting Socket Reader #1 for port 41388
2019-09-19 13:44:07,508 [main] INFO  ipc.CallQueueManager (CallQueueManager.java:<init>(84)) - Using callQueue: class java.util.concurrent.LinkedBlockingQueue, queueCapacity: 2000, scheduler: class org.apache.hadoop.ipc.DefaultRpcScheduler, ipcBackoff: false.
2019-09-19 13:44:07,509 [Socket Reader #1 for port 45018] INFO  ipc.Server (Server.java:run(1074)) - Starting Socket Reader #1 for port 45018
2019-09-19 13:44:07,511 [main] INFO  ipc.CallQueueManager (CallQueueManager.java:<init>(84)) - Using callQueue: class java.util.concurrent.LinkedBlockingQueue, queueCapacity: 2000, scheduler: class org.apache.hadoop.ipc.DefaultRpcScheduler, ipcBackoff: false.
2019-09-19 13:44:07,511 [Socket Reader #1 for port 35271] INFO  ipc.Server (Server.java:run(1074)) - Starting Socket Reader #1 for port 35271
2019-09-19 13:44:07,514 [main] INFO  hdfs.DFSUtil (DFSUtil.java:httpServerTemplateForNNAndJN(1641)) - Starting Web-server for scm at: http://0.0.0.0:0
2019-09-19 13:44:07,517 [main] INFO  server.AuthenticationFilter (AuthenticationFilter.java:constructSecretProvider(240)) - Unable to initialize FileSignerSecretProvider, falling back to use random secrets.
2019-09-19 13:44:07,517 [main] WARN  http.HttpRequestLog (HttpRequestLog.java:getRequestLog(97)) - Jetty request log can only be enabled using Log4j
2019-09-19 13:44:07,519 [main] INFO  http.HttpServer2 (HttpServer2.java:addGlobalFilter(975)) - Added global filter 'safety' (class=org.apache.hadoop.http.HttpServer2$QuotingInputFilter)
2019-09-19 13:44:07,519 [main] INFO  http.HttpServer2 (HttpServer2.java:addFilter(948)) - Added filter static_user_filter (class=org.apache.hadoop.http.lib.StaticUserWebFilter$StaticUserFilter) to context scm
2019-09-19 13:44:07,520 [main] INFO  http.HttpServer2 (HttpServer2.java:addFilter(958)) - Added filter static_user_filter (class=org.apache.hadoop.http.lib.StaticUserWebFilter$StaticUserFilter) to context static
2019-09-19 13:44:07,520 [main] INFO  http.HttpServer2 (HttpServer2.java:addFilter(958)) - Added filter static_user_filter (class=org.apache.hadoop.http.lib.StaticUserWebFilter$StaticUserFilter) to context logs
2019-09-19 13:44:07,522 [main] INFO  server.StorageContainerManager (StorageContainerManager.java:start(763)) - StorageContainerLocationProtocol RPC server is listening at /0.0.0.0:35271
2019-09-19 13:44:07,524 [main] WARN  impl.MetricsConfig (MetricsConfig.java:loadFirst(134)) - Cannot locate configuration: tried hadoop-metrics2-storagecontainermanager.properties,hadoop-metrics2.properties
2019-09-19 13:44:07,525 [main] INFO  impl.MetricsSystemImpl (MetricsSystemImpl.java:startTimer(374)) - Scheduled Metric snapshot period at 10 second(s).
2019-09-19 13:44:07,525 [main] INFO  impl.MetricsSystemImpl (MetricsSystemImpl.java:start(191)) - StorageContainerManager metrics system started
2019-09-19 13:44:07,569 [main] WARN  impl.MetricsSystemImpl (MetricsSystemImpl.java:register(276)) - Sink prometheus already exists!
2019-09-19 13:44:07,576 [main] INFO  server.SCMClientProtocolServer (SCMClientProtocolServer.java:start(151)) - RPC server for Client  is listening at /0.0.0.0:35271
2019-09-19 13:44:07,577 [IPC Server Responder] INFO  ipc.Server (Server.java:run(1314)) - IPC Server Responder: starting
2019-09-19 13:44:07,577 [IPC Server listener on 35271] INFO  ipc.Server (Server.java:run(1153)) - IPC Server listener on 35271: starting
2019-09-19 13:44:07,580 [main] INFO  server.StorageContainerManager (StorageContainerManager.java:start(773)) - ScmBlockLocationProtocol RPC server is listening at /0.0.0.0:45018
2019-09-19 13:44:07,580 [main] INFO  server.SCMBlockProtocolServer (SCMBlockProtocolServer.java:start(146)) - RPC server for Block Protocol is listening at /0.0.0.0:45018
2019-09-19 13:44:07,581 [IPC Server Responder] INFO  ipc.Server (Server.java:run(1314)) - IPC Server Responder: starting
2019-09-19 13:44:07,581 [IPC Server listener on 45018] INFO  ipc.Server (Server.java:run(1153)) - IPC Server listener on 45018: starting
2019-09-19 13:44:07,584 [main] INFO  server.StorageContainerManager (StorageContainerManager.java:start(777)) - ScmDatanodeProtocl RPC server is listening at /0.0.0.0:41388
2019-09-19 13:44:07,584 [main] INFO  server.SCMDatanodeProtocolServer (SCMDatanodeProtocolServer.java:start(191)) - RPC server for DataNodes is listening at /0.0.0.0:41388
2019-09-19 13:44:07,585 [IPC Server Responder] INFO  ipc.Server (Server.java:run(1314)) - IPC Server Responder: starting
2019-09-19 13:44:07,585 [IPC Server listener on 41388] INFO  ipc.Server (Server.java:run(1153)) - IPC Server listener on 41388: starting
2019-09-19 13:44:07,588 [main] INFO  http.HttpServer2 (HttpServer2.java:bindListener(1191)) - Jetty bound to port 45939
2019-09-19 13:44:07,589 [main] INFO  server.Server (Server.java:doStart(351)) - jetty-9.3.24.v20180605, build timestamp: 2018-06-05T17:11:56Z, git hash: 84205aa28f11a4f31f2a3b86d1bba2cc8ab69827
2019-09-19 13:44:07,590 [main] INFO  handler.ContextHandler (ContextHandler.java:doStart(781)) - Started o.e.j.s.ServletContextHandler@74d6736{/logs,file:///workdir/hadoop-ozone/integration-test/target/log,AVAILABLE}
2019-09-19 13:44:07,591 [main] INFO  handler.ContextHandler (ContextHandler.java:doStart(781)) - Started o.e.j.s.ServletContextHandler@668625f5{/static,file:///workdir/hadoop-ozone/integration-test/target/test-classes/webapps/static,AVAILABLE}
2019-09-19 13:44:07,595 [main] INFO  handler.ContextHandler (ContextHandler.java:doStart(781)) - Started o.e.j.w.WebAppContext@d257579{/,file:///workdir/hadoop-ozone/integration-test/target/test-classes/webapps/scm/,AVAILABLE}{/scm}
2019-09-19 13:44:07,595 [main] INFO  server.AbstractConnector (AbstractConnector.java:doStart(278)) - Started ServerConnector@518ddd3b{HTTP/1.1,[http/1.1]}{0.0.0.0:45939}
2019-09-19 13:44:07,596 [main] INFO  server.Server (Server.java:doStart(419)) - Started @52104ms
2019-09-19 13:44:07,596 [main] WARN  impl.MetricsSystemImpl (MetricsSystemImpl.java:register(276)) - Sink prometheus already exists!
2019-09-19 13:44:07,597 [main] INFO  server.BaseHttpServer (BaseHttpServer.java:updateConnectorAddress(215)) - HTTP server of SCM is listening at http://0.0.0.0:45939
2019-09-19 13:44:07,598 [main] WARN  server.ServerUtils (ServerUtils.java:getDBPath(222)) - ozone.om.db.dirs is not configured. We recommend adding this setting. Falling back to ozone.metadata.dirs instead.
2019-09-19 13:44:07,599 [org.apache.hadoop.util.JvmPauseMonitor$Monitor@6e0e5dec] INFO  util.JvmPauseMonitor (JvmPauseMonitor.java:run(188)) - Starting JVM pause monitor
2019-09-19 13:44:07,612 [main] WARN  server.ServerUtils (ServerUtils.java:getDBPath(222)) - ozone.om.db.dirs is not configured. We recommend adding this setting. Falling back to ozone.metadata.dirs instead.
2019-09-19 13:44:07,612 [main] WARN  server.ServerUtils (ServerUtils.java:getDBPath(222)) - ozone.om.db.dirs is not configured. We recommend adding this setting. Falling back to ozone.metadata.dirs instead.
2019-09-19 13:44:07,613 [main] INFO  om.OzoneManager (OzoneManager.java:setOMNodeDetails(649)) - OM Service ID is not set. Setting it to the default ID: omServiceIdDefault
2019-09-19 13:44:07,613 [main] INFO  om.OzoneManager (OzoneManager.java:setOMNodeDetails(655)) - OM Node ID is not set. Setting it to the OmStorage's OmID: be859c29-e63c-4b78-a818-0704a9a009a4
2019-09-19 13:44:07,613 [main] INFO  om.OzoneManager (OzoneManager.java:loadOMHAConfigs(606)) - Found matching OM address with OMServiceId: null, OMNodeId: null, RPC Address: localhost:0 and Ratis port: 9872
2019-09-19 13:44:07,619 [main] WARN  server.ServerUtils (ServerUtils.java:getDBPath(222)) - ozone.om.db.dirs is not configured. We recommend adding this setting. Falling back to ozone.metadata.dirs instead.
2019-09-19 13:44:07,620 [main] INFO  db.DBStoreBuilder (DBStoreBuilder.java:addTable(110)) - using custom profile for table: userTable
2019-09-19 13:44:07,620 [main] INFO  db.DBStoreBuilder (DBStoreBuilder.java:processTables(161)) - Using default column profile:DBProfile.DISK for Table:userTable
2019-09-19 13:44:07,620 [main] INFO  db.DBStoreBuilder (DBStoreBuilder.java:addTable(110)) - using custom profile for table: volumeTable
2019-09-19 13:44:07,620 [main] INFO  db.DBStoreBuilder (DBStoreBuilder.java:processTables(161)) - Using default column profile:DBProfile.DISK for Table:volumeTable
2019-09-19 13:44:07,620 [main] INFO  db.DBStoreBuilder (DBStoreBuilder.java:addTable(110)) - using custom profile for table: bucketTable
2019-09-19 13:44:07,621 [main] INFO  db.DBStoreBuilder (DBStoreBuilder.java:processTables(161)) - Using default column profile:DBProfile.DISK for Table:bucketTable
2019-09-19 13:44:07,621 [main] INFO  db.DBStoreBuilder (DBStoreBuilder.java:addTable(110)) - using custom profile for table: keyTable
2019-09-19 13:44:07,621 [main] INFO  db.DBStoreBuilder (DBStoreBuilder.java:processTables(161)) - Using default column profile:DBProfile.DISK for Table:keyTable
2019-09-19 13:44:07,621 [main] INFO  db.DBStoreBuilder (DBStoreBuilder.java:addTable(110)) - using custom profile for table: deletedTable
2019-09-19 13:44:07,621 [main] INFO  db.DBStoreBuilder (DBStoreBuilder.java:processTables(161)) - Using default column profile:DBProfile.DISK for Table:deletedTable
2019-09-19 13:44:07,622 [main] INFO  db.DBStoreBuilder (DBStoreBuilder.java:addTable(110)) - using custom profile for table: openKeyTable
2019-09-19 13:44:07,622 [main] INFO  db.DBStoreBuilder (DBStoreBuilder.java:processTables(161)) - Using default column profile:DBProfile.DISK for Table:openKeyTable
2019-09-19 13:44:07,622 [main] INFO  db.DBStoreBuilder (DBStoreBuilder.java:addTable(110)) - using custom profile for table: s3Table
2019-09-19 13:44:07,622 [main] INFO  db.DBStoreBuilder (DBStoreBuilder.java:processTables(161)) - Using default column profile:DBProfile.DISK for Table:s3Table
2019-09-19 13:44:07,622 [main] INFO  db.DBStoreBuilder (DBStoreBuilder.java:addTable(110)) - using custom profile for table: multipartInfoTable
2019-09-19 13:44:07,623 [main] INFO  db.DBStoreBuilder (DBStoreBuilder.java:processTables(161)) - Using default column profile:DBProfile.DISK for Table:multipartInfoTable
2019-09-19 13:44:07,623 [main] INFO  db.DBStoreBuilder (DBStoreBuilder.java:addTable(110)) - using custom profile for table: dTokenTable
2019-09-19 13:44:07,623 [main] INFO  db.DBStoreBuilder (DBStoreBuilder.java:processTables(161)) - Using default column profile:DBProfile.DISK for Table:dTokenTable
2019-09-19 13:44:07,623 [main] INFO  db.DBStoreBuilder (DBStoreBuilder.java:addTable(110)) - using custom profile for table: s3SecretTable
2019-09-19 13:44:07,623 [main] INFO  db.DBStoreBuilder (DBStoreBuilder.java:processTables(161)) - Using default column profile:DBProfile.DISK for Table:s3SecretTable
2019-09-19 13:44:07,624 [main] INFO  db.DBStoreBuilder (DBStoreBuilder.java:addTable(110)) - using custom profile for table: prefixTable
2019-09-19 13:44:07,624 [main] INFO  db.DBStoreBuilder (DBStoreBuilder.java:processTables(161)) - Using default column profile:DBProfile.DISK for Table:prefixTable
2019-09-19 13:44:07,624 [main] INFO  db.DBStoreBuilder (DBStoreBuilder.java:addTable(110)) - using custom profile for table: default
2019-09-19 13:44:07,624 [main] INFO  db.DBStoreBuilder (DBStoreBuilder.java:processTables(167)) - Using default column profile:DBProfile.DISK for Table:default
2019-09-19 13:44:07,624 [main] INFO  db.DBStoreBuilder (DBStoreBuilder.java:getDbProfile(198)) - Using default options. DBProfile.DISK
2019-09-19 13:44:08,214 [main] INFO  ipc.CallQueueManager (CallQueueManager.java:<init>(84)) - Using callQueue: class java.util.concurrent.LinkedBlockingQueue, queueCapacity: 2000, scheduler: class org.apache.hadoop.ipc.DefaultRpcScheduler, ipcBackoff: false.
2019-09-19 13:44:08,215 [Socket Reader #1 for port 44510] INFO  ipc.Server (Server.java:run(1074)) - Starting Socket Reader #1 for port 44510
2019-09-19 13:44:08,228 [main] INFO  om.OzoneManager (OzoneManager.java:start(1240)) - OzoneManager RPC server is listening at localhost/127.0.0.1:44510
2019-09-19 13:44:08,228 [main] INFO  impl.MetricsSystemImpl (MetricsSystemImpl.java:init(158)) - OzoneManager metrics system started (again)
2019-09-19 13:44:08,229 [IPC Server Responder] INFO  ipc.Server (Server.java:run(1314)) - IPC Server Responder: starting
2019-09-19 13:44:08,229 [IPC Server listener on 44510] INFO  ipc.Server (Server.java:run(1153)) - IPC Server listener on 44510: starting
2019-09-19 13:44:08,234 [main] INFO  hdfs.DFSUtil (DFSUtil.java:httpServerTemplateForNNAndJN(1641)) - Starting Web-server for ozoneManager at: http://0.0.0.0:0
2019-09-19 13:44:08,236 [main] INFO  server.AuthenticationFilter (AuthenticationFilter.java:constructSecretProvider(240)) - Unable to initialize FileSignerSecretProvider, falling back to use random secrets.
2019-09-19 13:44:08,237 [main] WARN  http.HttpRequestLog (HttpRequestLog.java:getRequestLog(97)) - Jetty request log can only be enabled using Log4j
2019-09-19 13:44:08,240 [main] INFO  http.HttpServer2 (HttpServer2.java:addGlobalFilter(975)) - Added global filter 'safety' (class=org.apache.hadoop.http.HttpServer2$QuotingInputFilter)
2019-09-19 13:44:08,241 [main] INFO  http.HttpServer2 (HttpServer2.java:addFilter(948)) - Added filter static_user_filter (class=org.apache.hadoop.http.lib.StaticUserWebFilter$StaticUserFilter) to context ozoneManager
2019-09-19 13:44:08,241 [main] INFO  http.HttpServer2 (HttpServer2.java:addFilter(958)) - Added filter static_user_filter (class=org.apache.hadoop.http.lib.StaticUserWebFilter$StaticUserFilter) to context static
2019-09-19 13:44:08,242 [main] INFO  http.HttpServer2 (HttpServer2.java:addFilter(958)) - Added filter static_user_filter (class=org.apache.hadoop.http.lib.StaticUserWebFilter$StaticUserFilter) to context logs
2019-09-19 13:44:08,243 [main] INFO  http.HttpServer2 (HttpServer2.java:bindListener(1191)) - Jetty bound to port 43855
2019-09-19 13:44:08,243 [main] INFO  server.Server (Server.java:doStart(351)) - jetty-9.3.24.v20180605, build timestamp: 2018-06-05T17:11:56Z, git hash: 84205aa28f11a4f31f2a3b86d1bba2cc8ab69827
2019-09-19 13:44:08,245 [main] INFO  handler.ContextHandler (ContextHandler.java:doStart(781)) - Started o.e.j.s.ServletContextHandler@32f96bba{/logs,file:///workdir/hadoop-ozone/integration-test/target/log,AVAILABLE}
2019-09-19 13:44:08,246 [main] INFO  handler.ContextHandler (ContextHandler.java:doStart(781)) - Started o.e.j.s.ServletContextHandler@67e25252{/static,file:///workdir/hadoop-ozone/integration-test/target/test-classes/webapps/static,AVAILABLE}
2019-09-19 13:44:08,252 [main] INFO  handler.ContextHandler (ContextHandler.java:doStart(781)) - Started o.e.j.w.WebAppContext@ffd4cba{/,file:///workdir/hadoop-ozone/integration-test/target/test-classes/webapps/ozoneManager/,AVAILABLE}{/ozoneManager}
2019-09-19 13:44:08,253 [main] INFO  server.AbstractConnector (AbstractConnector.java:doStart(278)) - Started ServerConnector@5f1483fd{HTTP/1.1,[http/1.1]}{0.0.0.0:43855}
2019-09-19 13:44:08,254 [main] INFO  server.Server (Server.java:doStart(419)) - Started @52762ms
2019-09-19 13:44:08,254 [main] WARN  impl.MetricsSystemImpl (MetricsSystemImpl.java:register(276)) - Sink prometheus already exists!
2019-09-19 13:44:08,255 [main] INFO  server.BaseHttpServer (BaseHttpServer.java:updateConnectorAddress(215)) - HTTP server of OZONEMANAGER is listening at http://0.0.0.0:43855
2019-09-19 13:44:08,270 [main] INFO  impl.MetricsSystemImpl (MetricsSystemImpl.java:init(158)) - HddsDatanode metrics system started (again)
2019-09-19 13:44:08,272 [main] INFO  ozone.HddsDatanodeService (HddsDatanodeService.java:start(184)) - HddsDatanodeService host:pr-hdds-2151-rkvw4-133030696 ip:192.168.36.82
2019-09-19 13:44:08,278 [main] INFO  volume.HddsVolume (HddsVolume.java:<init>(176)) - Creating Volume: /workdir/hadoop-ozone/integration-test/target/test-dir/MiniOzoneClusterImpl-17a4d03a-fc5f-4cc1-bd65-1bc8302b6d07/datanode-0/data/containers/hdds of  storage type : DISK and capacity : 1482555576320
2019-09-19 13:44:08,278 [main] INFO  volume.VolumeSet (VolumeSet.java:initializeVolumeSet(170)) - Added Volume : /workdir/hadoop-ozone/integration-test/target/test-dir/MiniOzoneClusterImpl-17a4d03a-fc5f-4cc1-bd65-1bc8302b6d07/datanode-0/data/containers/hdds to VolumeSet
2019-09-19 13:44:08,278 [main] INFO  volume.ThrottledAsyncChecker (ThrottledAsyncChecker.java:schedule(139)) - Scheduling a check for org.apache.hadoop.ozone.container.common.volume.HddsVolume@309cedb6
2019-09-19 13:44:08,279 [main] INFO  volume.HddsVolumeChecker (HddsVolumeChecker.java:checkAllVolumes(202)) - Scheduled health check for volume org.apache.hadoop.ozone.container.common.volume.HddsVolume@309cedb6
2019-09-19 13:44:08,292 [main] INFO  impl.RaftServerProxy (ConfUtils.java:logGet(43)) - raft.rpc.type = GRPC (default)
2019-09-19 13:44:08,293 [main] INFO  grpc.GrpcFactory (GrpcFactory.java:checkPooledByteBufAllocatorUseCacheForAllThreads(45)) - PERFORMANCE WARNING: useCacheForAllThreads is true that may cause Netty to create a lot garbage objects and, as a result, trigger GC.
	It is recommended to disable useCacheForAllThreads by setting -Dorg.apache.ratis.thirdparty.io.netty.allocator.useCacheForAllThreads=false in command line.
2019-09-19 13:44:08,293 [main] INFO  grpc.GrpcConfigKeys$Server (ConfUtils.java:logGet(43)) - raft.grpc.server.port = 0 (default)
2019-09-19 13:44:08,293 [main] INFO  server.GrpcService (ConfUtils.java:logGet(43)) - raft.grpc.message.size.max = 33570816 (custom)
2019-09-19 13:44:08,293 [main] INFO  server.RaftServerConfigKeys (ConfUtils.java:logGet(43)) - raft.server.log.appender.buffer.byte-limit = 33554432 (custom)
2019-09-19 13:44:08,294 [main] INFO  server.GrpcService (ConfUtils.java:logGet(43)) - raft.grpc.flow.control.window = 1MB (=1048576) (default)
2019-09-19 13:44:08,294 [main] INFO  server.RaftServerConfigKeys (ConfUtils.java:logGet(43)) - raft.server.rpc.request.timeout = 3000ms (default)
2019-09-19 13:44:08,294 [main] INFO  server.RaftServerConfigKeys (ConfUtils.java:logGet(43)) - raft.server.storage.dir = [/workdir/hadoop-ozone/integration-test/target/test-dir/MiniOzoneClusterImpl-17a4d03a-fc5f-4cc1-bd65-1bc8302b6d07/datanode-0/data/ratis] (custom)
2019-09-19 13:44:08,296 [main] INFO  hdfs.DFSUtil (DFSUtil.java:httpServerTemplateForNNAndJN(1641)) - Starting Web-server for hddsDatanode at: http://0.0.0.0:0
2019-09-19 13:44:08,298 [main] INFO  server.AuthenticationFilter (AuthenticationFilter.java:constructSecretProvider(240)) - Unable to initialize FileSignerSecretProvider, falling back to use random secrets.
2019-09-19 13:44:08,298 [main] WARN  http.HttpRequestLog (HttpRequestLog.java:getRequestLog(97)) - Jetty request log can only be enabled using Log4j
2019-09-19 13:44:08,300 [main] INFO  http.HttpServer2 (HttpServer2.java:addGlobalFilter(975)) - Added global filter 'safety' (class=org.apache.hadoop.http.HttpServer2$QuotingInputFilter)
2019-09-19 13:44:08,301 [main] INFO  http.HttpServer2 (HttpServer2.java:addFilter(948)) - Added filter static_user_filter (class=org.apache.hadoop.http.lib.StaticUserWebFilter$StaticUserFilter) to context hddsDatanode
2019-09-19 13:44:08,302 [main] INFO  http.HttpServer2 (HttpServer2.java:addFilter(958)) - Added filter static_user_filter (class=org.apache.hadoop.http.lib.StaticUserWebFilter$StaticUserFilter) to context logs
2019-09-19 13:44:08,302 [main] INFO  http.HttpServer2 (HttpServer2.java:addFilter(958)) - Added filter static_user_filter (class=org.apache.hadoop.http.lib.StaticUserWebFilter$StaticUserFilter) to context static
2019-09-19 13:44:08,303 [main] INFO  http.HttpServer2 (HttpServer2.java:bindListener(1191)) - Jetty bound to port 37568
2019-09-19 13:44:08,303 [main] INFO  server.Server (Server.java:doStart(351)) - jetty-9.3.24.v20180605, build timestamp: 2018-06-05T17:11:56Z, git hash: 84205aa28f11a4f31f2a3b86d1bba2cc8ab69827
2019-09-19 13:44:08,305 [main] INFO  handler.ContextHandler (ContextHandler.java:doStart(781)) - Started o.e.j.s.ServletContextHandler@6a9344f5{/logs,file:///workdir/hadoop-ozone/integration-test/target/log,AVAILABLE}
2019-09-19 13:44:08,306 [main] INFO  handler.ContextHandler (ContextHandler.java:doStart(781)) - Started o.e.j.s.ServletContextHandler@3c9c6245{/static,jar:file:/home/user/.m2/repository/org/apache/hadoop/hadoop-hdds-container-service/0.5.0-SNAPSHOT/hadoop-hdds-container-service-0.5.0-SNAPSHOT.jar!/webapps/static,AVAILABLE}
2019-09-19 13:44:08,346 [main] INFO  handler.ContextHandler (ContextHandler.java:doStart(781)) - Started o.e.j.w.WebAppContext@53b1a3f8{/,file:///tmp/jetty-0.0.0.0-37568-hddsDatanode-_-any-8196080517285330749.dir/webapp/,AVAILABLE}{/hddsDatanode}
2019-09-19 13:44:08,346 [main] INFO  server.AbstractConnector (AbstractConnector.java:doStart(278)) - Started ServerConnector@7d97e06c{HTTP/1.1,[http/1.1]}{0.0.0.0:37568}
2019-09-19 13:44:08,347 [main] INFO  server.Server (Server.java:doStart(419)) - Started @52856ms
2019-09-19 13:44:08,347 [main] WARN  impl.MetricsSystemImpl (MetricsSystemImpl.java:register(276)) - Sink prometheus already exists!
2019-09-19 13:44:08,348 [main] INFO  server.BaseHttpServer (BaseHttpServer.java:updateConnectorAddress(215)) - HTTP server of HDDSDATANODE is listening at http://0.0.0.0:37568
2019-09-19 13:44:08,349 [main] INFO  impl.MetricsSystemImpl (MetricsSystemImpl.java:init(158)) - HddsDatanode metrics system started (again)
2019-09-19 13:44:08,352 [org.apache.hadoop.util.JvmPauseMonitor$Monitor@74fccec4] INFO  util.JvmPauseMonitor (JvmPauseMonitor.java:run(188)) - Starting JVM pause monitor
2019-09-19 13:44:08,353 [main] INFO  ozone.HddsDatanodeService (HddsDatanodeService.java:start(184)) - HddsDatanodeService host:pr-hdds-2151-rkvw4-133030696 ip:192.168.36.82
2019-09-19 13:44:08,355 [Datanode State Machine Thread - 0] INFO  datanode.InitDatanodeState (InitDatanodeState.java:persistContainerDatanodeDetails(140)) - DatanodeDetails is persisted to /workdir/hadoop-ozone/integration-test/target/test-dir/MiniOzoneClusterImpl-17a4d03a-fc5f-4cc1-bd65-1bc8302b6d07/datanode-0/meta/datanode.id
2019-09-19 13:44:08,359 [main] INFO  volume.HddsVolume (HddsVolume.java:<init>(176)) - Creating Volume: /workdir/hadoop-ozone/integration-test/target/test-dir/MiniOzoneClusterImpl-17a4d03a-fc5f-4cc1-bd65-1bc8302b6d07/datanode-1/data/containers/hdds of  storage type : DISK and capacity : 1482555576320
2019-09-19 13:44:08,360 [main] INFO  volume.VolumeSet (VolumeSet.java:initializeVolumeSet(170)) - Added Volume : /workdir/hadoop-ozone/integration-test/target/test-dir/MiniOzoneClusterImpl-17a4d03a-fc5f-4cc1-bd65-1bc8302b6d07/datanode-1/data/containers/hdds to VolumeSet
2019-09-19 13:44:08,360 [main] INFO  volume.ThrottledAsyncChecker (ThrottledAsyncChecker.java:schedule(139)) - Scheduling a check for org.apache.hadoop.ozone.container.common.volume.HddsVolume@7ddd84b5
2019-09-19 13:44:08,361 [main] INFO  volume.HddsVolumeChecker (HddsVolumeChecker.java:checkAllVolumes(202)) - Scheduled health check for volume org.apache.hadoop.ozone.container.common.volume.HddsVolume@7ddd84b5
2019-09-19 13:44:08,381 [main] INFO  impl.RaftServerProxy (ConfUtils.java:logGet(43)) - raft.rpc.type = GRPC (default)
2019-09-19 13:44:08,381 [main] INFO  grpc.GrpcFactory (GrpcFactory.java:checkPooledByteBufAllocatorUseCacheForAllThreads(45)) - PERFORMANCE WARNING: useCacheForAllThreads is true that may cause Netty to create a lot garbage objects and, as a result, trigger GC.
	It is recommended to disable useCacheForAllThreads by setting -Dorg.apache.ratis.thirdparty.io.netty.allocator.useCacheForAllThreads=false in command line.
2019-09-19 13:44:08,381 [main] INFO  grpc.GrpcConfigKeys$Server (ConfUtils.java:logGet(43)) - raft.grpc.server.port = 0 (default)
2019-09-19 13:44:08,382 [main] INFO  server.GrpcService (ConfUtils.java:logGet(43)) - raft.grpc.message.size.max = 33570816 (custom)
2019-09-19 13:44:08,382 [main] INFO  server.RaftServerConfigKeys (ConfUtils.java:logGet(43)) - raft.server.log.appender.buffer.byte-limit = 33554432 (custom)
2019-09-19 13:44:08,382 [main] INFO  server.GrpcService (ConfUtils.java:logGet(43)) - raft.grpc.flow.control.window = 1MB (=1048576) (default)
2019-09-19 13:44:08,383 [main] INFO  server.RaftServerConfigKeys (ConfUtils.java:logGet(43)) - raft.server.rpc.request.timeout = 3000ms (default)
2019-09-19 13:44:08,383 [main] INFO  server.RaftServerConfigKeys (ConfUtils.java:logGet(43)) - raft.server.storage.dir = [/workdir/hadoop-ozone/integration-test/target/test-dir/MiniOzoneClusterImpl-17a4d03a-fc5f-4cc1-bd65-1bc8302b6d07/datanode-1/data/ratis] (custom)
2019-09-19 13:44:08,385 [main] INFO  hdfs.DFSUtil (DFSUtil.java:httpServerTemplateForNNAndJN(1641)) - Starting Web-server for hddsDatanode at: http://0.0.0.0:0
2019-09-19 13:44:08,387 [main] INFO  server.AuthenticationFilter (AuthenticationFilter.java:constructSecretProvider(240)) - Unable to initialize FileSignerSecretProvider, falling back to use random secrets.
2019-09-19 13:44:08,387 [main] WARN  http.HttpRequestLog (HttpRequestLog.java:getRequestLog(97)) - Jetty request log can only be enabled using Log4j
2019-09-19 13:44:08,389 [main] INFO  http.HttpServer2 (HttpServer2.java:addGlobalFilter(975)) - Added global filter 'safety' (class=org.apache.hadoop.http.HttpServer2$QuotingInputFilter)
2019-09-19 13:44:08,390 [main] INFO  http.HttpServer2 (HttpServer2.java:addFilter(948)) - Added filter static_user_filter (class=org.apache.hadoop.http.lib.StaticUserWebFilter$StaticUserFilter) to context hddsDatanode
2019-09-19 13:44:08,390 [main] INFO  http.HttpServer2 (HttpServer2.java:addFilter(958)) - Added filter static_user_filter (class=org.apache.hadoop.http.lib.StaticUserWebFilter$StaticUserFilter) to context static
2019-09-19 13:44:08,390 [main] INFO  http.HttpServer2 (HttpServer2.java:addFilter(958)) - Added filter static_user_filter (class=org.apache.hadoop.http.lib.StaticUserWebFilter$StaticUserFilter) to context logs
2019-09-19 13:44:08,391 [main] INFO  http.HttpServer2 (HttpServer2.java:bindListener(1191)) - Jetty bound to port 33638
2019-09-19 13:44:08,391 [main] INFO  server.Server (Server.java:doStart(351)) - jetty-9.3.24.v20180605, build timestamp: 2018-06-05T17:11:56Z, git hash: 84205aa28f11a4f31f2a3b86d1bba2cc8ab69827
2019-09-19 13:44:08,393 [main] INFO  handler.ContextHandler (ContextHandler.java:doStart(781)) - Started o.e.j.s.ServletContextHandler@798256c5{/logs,file:///workdir/hadoop-ozone/integration-test/target/log,AVAILABLE}
2019-09-19 13:44:08,394 [main] INFO  handler.ContextHandler (ContextHandler.java:doStart(781)) - Started o.e.j.s.ServletContextHandler@748a654a{/static,jar:file:/home/user/.m2/repository/org/apache/hadoop/hadoop-hdds-container-service/0.5.0-SNAPSHOT/hadoop-hdds-container-service-0.5.0-SNAPSHOT.jar!/webapps/static,AVAILABLE}
2019-09-19 13:44:08,429 [main] INFO  handler.ContextHandler (ContextHandler.java:doStart(781)) - Started o.e.j.w.WebAppContext@5c9934da{/,file:///tmp/jetty-0.0.0.0-33638-hddsDatanode-_-any-7763586128791606568.dir/webapp/,AVAILABLE}{/hddsDatanode}
2019-09-19 13:44:08,429 [main] INFO  server.AbstractConnector (AbstractConnector.java:doStart(278)) - Started ServerConnector@4cb702ce{HTTP/1.1,[http/1.1]}{0.0.0.0:33638}
2019-09-19 13:44:08,431 [main] INFO  server.Server (Server.java:doStart(419)) - Started @52939ms
2019-09-19 13:44:08,431 [main] WARN  impl.MetricsSystemImpl (MetricsSystemImpl.java:register(276)) - Sink prometheus already exists!
2019-09-19 13:44:08,431 [main] INFO  server.BaseHttpServer (BaseHttpServer.java:updateConnectorAddress(215)) - HTTP server of HDDSDATANODE is listening at http://0.0.0.0:33638
2019-09-19 13:44:08,432 [main] INFO  impl.MetricsSystemImpl (MetricsSystemImpl.java:init(158)) - HddsDatanode metrics system started (again)
2019-09-19 13:44:08,436 [org.apache.hadoop.util.JvmPauseMonitor$Monitor@36057993] INFO  util.JvmPauseMonitor (JvmPauseMonitor.java:run(188)) - Starting JVM pause monitor
2019-09-19 13:44:08,436 [main] INFO  ozone.HddsDatanodeService (HddsDatanodeService.java:start(184)) - HddsDatanodeService host:pr-hdds-2151-rkvw4-133030696 ip:192.168.36.82
2019-09-19 13:44:08,437 [Datanode State Machine Thread - 0] INFO  datanode.InitDatanodeState (InitDatanodeState.java:persistContainerDatanodeDetails(140)) - DatanodeDetails is persisted to /workdir/hadoop-ozone/integration-test/target/test-dir/MiniOzoneClusterImpl-17a4d03a-fc5f-4cc1-bd65-1bc8302b6d07/datanode-1/meta/datanode.id
2019-09-19 13:44:08,442 [main] INFO  volume.HddsVolume (HddsVolume.java:<init>(176)) - Creating Volume: /workdir/hadoop-ozone/integration-test/target/test-dir/MiniOzoneClusterImpl-17a4d03a-fc5f-4cc1-bd65-1bc8302b6d07/datanode-2/data/containers/hdds of  storage type : DISK and capacity : 1482555576320
2019-09-19 13:44:08,442 [main] INFO  volume.VolumeSet (VolumeSet.java:initializeVolumeSet(170)) - Added Volume : /workdir/hadoop-ozone/integration-test/target/test-dir/MiniOzoneClusterImpl-17a4d03a-fc5f-4cc1-bd65-1bc8302b6d07/datanode-2/data/containers/hdds to VolumeSet
2019-09-19 13:44:08,442 [main] INFO  volume.ThrottledAsyncChecker (ThrottledAsyncChecker.java:schedule(139)) - Scheduling a check for org.apache.hadoop.ozone.container.common.volume.HddsVolume@62a68bcb
2019-09-19 13:44:08,443 [main] INFO  volume.HddsVolumeChecker (HddsVolumeChecker.java:checkAllVolumes(202)) - Scheduled health check for volume org.apache.hadoop.ozone.container.common.volume.HddsVolume@62a68bcb
2019-09-19 13:44:08,458 [main] INFO  impl.RaftServerProxy (ConfUtils.java:logGet(43)) - raft.rpc.type = GRPC (default)
2019-09-19 13:44:08,458 [main] INFO  grpc.GrpcFactory (GrpcFactory.java:checkPooledByteBufAllocatorUseCacheForAllThreads(45)) - PERFORMANCE WARNING: useCacheForAllThreads is true that may cause Netty to create a lot garbage objects and, as a result, trigger GC.
	It is recommended to disable useCacheForAllThreads by setting -Dorg.apache.ratis.thirdparty.io.netty.allocator.useCacheForAllThreads=false in command line.
2019-09-19 13:44:08,458 [main] INFO  grpc.GrpcConfigKeys$Server (ConfUtils.java:logGet(43)) - raft.grpc.server.port = 0 (default)
2019-09-19 13:44:08,459 [main] INFO  server.GrpcService (ConfUtils.java:logGet(43)) - raft.grpc.message.size.max = 33570816 (custom)
2019-09-19 13:44:08,459 [main] INFO  server.RaftServerConfigKeys (ConfUtils.java:logGet(43)) - raft.server.log.appender.buffer.byte-limit = 33554432 (custom)
2019-09-19 13:44:08,459 [main] INFO  server.GrpcService (ConfUtils.java:logGet(43)) - raft.grpc.flow.control.window = 1MB (=1048576) (default)
2019-09-19 13:44:08,459 [main] INFO  server.RaftServerConfigKeys (ConfUtils.java:logGet(43)) - raft.server.rpc.request.timeout = 3000ms (default)
2019-09-19 13:44:08,460 [main] INFO  server.RaftServerConfigKeys (ConfUtils.java:logGet(43)) - raft.server.storage.dir = [/workdir/hadoop-ozone/integration-test/target/test-dir/MiniOzoneClusterImpl-17a4d03a-fc5f-4cc1-bd65-1bc8302b6d07/datanode-2/data/ratis] (custom)
2019-09-19 13:44:08,461 [main] INFO  hdfs.DFSUtil (DFSUtil.java:httpServerTemplateForNNAndJN(1641)) - Starting Web-server for hddsDatanode at: http://0.0.0.0:0
2019-09-19 13:44:08,462 [main] INFO  server.AuthenticationFilter (AuthenticationFilter.java:constructSecretProvider(240)) - Unable to initialize FileSignerSecretProvider, falling back to use random secrets.
2019-09-19 13:44:08,463 [main] WARN  http.HttpRequestLog (HttpRequestLog.java:getRequestLog(97)) - Jetty request log can only be enabled using Log4j
2019-09-19 13:44:08,464 [main] INFO  http.HttpServer2 (HttpServer2.java:addGlobalFilter(975)) - Added global filter 'safety' (class=org.apache.hadoop.http.HttpServer2$QuotingInputFilter)
2019-09-19 13:44:08,465 [main] INFO  http.HttpServer2 (HttpServer2.java:addFilter(948)) - Added filter static_user_filter (class=org.apache.hadoop.http.lib.StaticUserWebFilter$StaticUserFilter) to context hddsDatanode
2019-09-19 13:44:08,466 [main] INFO  http.HttpServer2 (HttpServer2.java:addFilter(958)) - Added filter static_user_filter (class=org.apache.hadoop.http.lib.StaticUserWebFilter$StaticUserFilter) to context logs
2019-09-19 13:44:08,466 [main] INFO  http.HttpServer2 (HttpServer2.java:addFilter(958)) - Added filter static_user_filter (class=org.apache.hadoop.http.lib.StaticUserWebFilter$StaticUserFilter) to context static
2019-09-19 13:44:08,466 [main] INFO  http.HttpServer2 (HttpServer2.java:bindListener(1191)) - Jetty bound to port 33956
2019-09-19 13:44:08,466 [main] INFO  server.Server (Server.java:doStart(351)) - jetty-9.3.24.v20180605, build timestamp: 2018-06-05T17:11:56Z, git hash: 84205aa28f11a4f31f2a3b86d1bba2cc8ab69827
2019-09-19 13:44:08,468 [main] INFO  handler.ContextHandler (ContextHandler.java:doStart(781)) - Started o.e.j.s.ServletContextHandler@558b4942{/logs,file:///workdir/hadoop-ozone/integration-test/target/log,AVAILABLE}
2019-09-19 13:44:08,469 [main] INFO  handler.ContextHandler (ContextHandler.java:doStart(781)) - Started o.e.j.s.ServletContextHandler@70025b99{/static,jar:file:/home/user/.m2/repository/org/apache/hadoop/hadoop-hdds-container-service/0.5.0-SNAPSHOT/hadoop-hdds-container-service-0.5.0-SNAPSHOT.jar!/webapps/static,AVAILABLE}
2019-09-19 13:44:08,498 [main] INFO  handler.ContextHandler (ContextHandler.java:doStart(781)) - Started o.e.j.w.WebAppContext@42f85fa4{/,file:///tmp/jetty-0.0.0.0-33956-hddsDatanode-_-any-7948169918229809117.dir/webapp/,AVAILABLE}{/hddsDatanode}
2019-09-19 13:44:08,498 [main] INFO  server.AbstractConnector (AbstractConnector.java:doStart(278)) - Started ServerConnector@798dad3d{HTTP/1.1,[http/1.1]}{0.0.0.0:33956}
2019-09-19 13:44:08,499 [main] INFO  server.Server (Server.java:doStart(419)) - Started @53007ms
2019-09-19 13:44:08,499 [main] WARN  impl.MetricsSystemImpl (MetricsSystemImpl.java:register(276)) - Sink prometheus already exists!
2019-09-19 13:44:08,500 [main] INFO  server.BaseHttpServer (BaseHttpServer.java:updateConnectorAddress(215)) - HTTP server of HDDSDATANODE is listening at http://0.0.0.0:33956
2019-09-19 13:44:08,500 [main] INFO  impl.MetricsSystemImpl (MetricsSystemImpl.java:init(158)) - HddsDatanode metrics system started (again)
2019-09-19 13:44:08,503 [org.apache.hadoop.util.JvmPauseMonitor$Monitor@87cfe22] INFO  util.JvmPauseMonitor (JvmPauseMonitor.java:run(188)) - Starting JVM pause monitor
2019-09-19 13:44:08,503 [main] INFO  ozone.HddsDatanodeService (HddsDatanodeService.java:start(184)) - HddsDatanodeService host:pr-hdds-2151-rkvw4-133030696 ip:192.168.36.82
2019-09-19 13:44:08,505 [Datanode State Machine Thread - 0] INFO  datanode.InitDatanodeState (InitDatanodeState.java:persistContainerDatanodeDetails(140)) - DatanodeDetails is persisted to /workdir/hadoop-ozone/integration-test/target/test-dir/MiniOzoneClusterImpl-17a4d03a-fc5f-4cc1-bd65-1bc8302b6d07/datanode-2/meta/datanode.id
2019-09-19 13:44:08,508 [main] INFO  volume.HddsVolume (HddsVolume.java:<init>(176)) - Creating Volume: /workdir/hadoop-ozone/integration-test/target/test-dir/MiniOzoneClusterImpl-17a4d03a-fc5f-4cc1-bd65-1bc8302b6d07/datanode-3/data/containers/hdds of  storage type : DISK and capacity : 1482555576320
2019-09-19 13:44:08,509 [main] INFO  volume.VolumeSet (VolumeSet.java:initializeVolumeSet(170)) - Added Volume : /workdir/hadoop-ozone/integration-test/target/test-dir/MiniOzoneClusterImpl-17a4d03a-fc5f-4cc1-bd65-1bc8302b6d07/datanode-3/data/containers/hdds to VolumeSet
2019-09-19 13:44:08,509 [main] INFO  volume.ThrottledAsyncChecker (ThrottledAsyncChecker.java:schedule(139)) - Scheduling a check for org.apache.hadoop.ozone.container.common.volume.HddsVolume@2c63762b
2019-09-19 13:44:08,509 [main] INFO  volume.HddsVolumeChecker (HddsVolumeChecker.java:checkAllVolumes(202)) - Scheduled health check for volume org.apache.hadoop.ozone.container.common.volume.HddsVolume@2c63762b
2019-09-19 13:44:08,523 [main] INFO  impl.RaftServerProxy (ConfUtils.java:logGet(43)) - raft.rpc.type = GRPC (default)
2019-09-19 13:44:08,523 [main] INFO  grpc.GrpcFactory (GrpcFactory.java:checkPooledByteBufAllocatorUseCacheForAllThreads(45)) - PERFORMANCE WARNING: useCacheForAllThreads is true that may cause Netty to create a lot garbage objects and, as a result, trigger GC.
	It is recommended to disable useCacheForAllThreads by setting -Dorg.apache.ratis.thirdparty.io.netty.allocator.useCacheForAllThreads=false in command line.
2019-09-19 13:44:08,523 [main] INFO  grpc.GrpcConfigKeys$Server (ConfUtils.java:logGet(43)) - raft.grpc.server.port = 0 (default)
2019-09-19 13:44:08,523 [main] INFO  server.GrpcService (ConfUtils.java:logGet(43)) - raft.grpc.message.size.max = 33570816 (custom)
2019-09-19 13:44:08,523 [main] INFO  server.RaftServerConfigKeys (ConfUtils.java:logGet(43)) - raft.server.log.appender.buffer.byte-limit = 33554432 (custom)
2019-09-19 13:44:08,524 [main] INFO  server.GrpcService (ConfUtils.java:logGet(43)) - raft.grpc.flow.control.window = 1MB (=1048576) (default)
2019-09-19 13:44:08,524 [main] INFO  server.RaftServerConfigKeys (ConfUtils.java:logGet(43)) - raft.server.rpc.request.timeout = 3000ms (default)
2019-09-19 13:44:08,524 [main] INFO  server.RaftServerConfigKeys (ConfUtils.java:logGet(43)) - raft.server.storage.dir = [/workdir/hadoop-ozone/integration-test/target/test-dir/MiniOzoneClusterImpl-17a4d03a-fc5f-4cc1-bd65-1bc8302b6d07/datanode-3/data/ratis] (custom)
2019-09-19 13:44:08,526 [main] INFO  hdfs.DFSUtil (DFSUtil.java:httpServerTemplateForNNAndJN(1641)) - Starting Web-server for hddsDatanode at: http://0.0.0.0:0
2019-09-19 13:44:08,527 [main] INFO  server.AuthenticationFilter (AuthenticationFilter.java:constructSecretProvider(240)) - Unable to initialize FileSignerSecretProvider, falling back to use random secrets.
2019-09-19 13:44:08,527 [main] WARN  http.HttpRequestLog (HttpRequestLog.java:getRequestLog(97)) - Jetty request log can only be enabled using Log4j
2019-09-19 13:44:08,528 [main] INFO  http.HttpServer2 (HttpServer2.java:addGlobalFilter(975)) - Added global filter 'safety' (class=org.apache.hadoop.http.HttpServer2$QuotingInputFilter)
2019-09-19 13:44:08,529 [main] INFO  http.HttpServer2 (HttpServer2.java:addFilter(948)) - Added filter static_user_filter (class=org.apache.hadoop.http.lib.StaticUserWebFilter$StaticUserFilter) to context hddsDatanode
2019-09-19 13:44:08,529 [main] INFO  http.HttpServer2 (HttpServer2.java:addFilter(958)) - Added filter static_user_filter (class=org.apache.hadoop.http.lib.StaticUserWebFilter$StaticUserFilter) to context static
2019-09-19 13:44:08,529 [main] INFO  http.HttpServer2 (HttpServer2.java:addFilter(958)) - Added filter static_user_filter (class=org.apache.hadoop.http.lib.StaticUserWebFilter$StaticUserFilter) to context logs
2019-09-19 13:44:08,530 [main] INFO  http.HttpServer2 (HttpServer2.java:bindListener(1191)) - Jetty bound to port 34252
2019-09-19 13:44:08,530 [main] INFO  server.Server (Server.java:doStart(351)) - jetty-9.3.24.v20180605, build timestamp: 2018-06-05T17:11:56Z, git hash: 84205aa28f11a4f31f2a3b86d1bba2cc8ab69827
2019-09-19 13:44:08,531 [main] INFO  handler.ContextHandler (ContextHandler.java:doStart(781)) - Started o.e.j.s.ServletContextHandler@4eaa375c{/logs,file:///workdir/hadoop-ozone/integration-test/target/log,AVAILABLE}
2019-09-19 13:44:08,532 [main] INFO  handler.ContextHandler (ContextHandler.java:doStart(781)) - Started o.e.j.s.ServletContextHandler@3af58f76{/static,jar:file:/home/user/.m2/repository/org/apache/hadoop/hadoop-hdds-container-service/0.5.0-SNAPSHOT/hadoop-hdds-container-service-0.5.0-SNAPSHOT.jar!/webapps/static,AVAILABLE}
2019-09-19 13:44:08,559 [main] INFO  handler.ContextHandler (ContextHandler.java:doStart(781)) - Started o.e.j.w.WebAppContext@26ca61bf{/,file:///tmp/jetty-0.0.0.0-34252-hddsDatanode-_-any-151161792199749034.dir/webapp/,AVAILABLE}{/hddsDatanode}
2019-09-19 13:44:08,560 [main] INFO  server.AbstractConnector (AbstractConnector.java:doStart(278)) - Started ServerConnector@73a0f2b{HTTP/1.1,[http/1.1]}{0.0.0.0:34252}
2019-09-19 13:44:08,562 [main] INFO  server.Server (Server.java:doStart(419)) - Started @53070ms
2019-09-19 13:44:08,562 [main] WARN  impl.MetricsSystemImpl (MetricsSystemImpl.java:register(276)) - Sink prometheus already exists!
2019-09-19 13:44:08,563 [main] INFO  server.BaseHttpServer (BaseHttpServer.java:updateConnectorAddress(215)) - HTTP server of HDDSDATANODE is listening at http://0.0.0.0:34252
2019-09-19 13:44:08,563 [main] INFO  impl.MetricsSystemImpl (MetricsSystemImpl.java:init(158)) - HddsDatanode metrics system started (again)
2019-09-19 13:44:08,567 [org.apache.hadoop.util.JvmPauseMonitor$Monitor@47a5ae5c] INFO  util.JvmPauseMonitor (JvmPauseMonitor.java:run(188)) - Starting JVM pause monitor
2019-09-19 13:44:08,568 [main] INFO  ozone.HddsDatanodeService (HddsDatanodeService.java:start(184)) - HddsDatanodeService host:pr-hdds-2151-rkvw4-133030696 ip:192.168.36.82
2019-09-19 13:44:08,569 [Datanode State Machine Thread - 0] INFO  datanode.InitDatanodeState (InitDatanodeState.java:persistContainerDatanodeDetails(140)) - DatanodeDetails is persisted to /workdir/hadoop-ozone/integration-test/target/test-dir/MiniOzoneClusterImpl-17a4d03a-fc5f-4cc1-bd65-1bc8302b6d07/datanode-3/meta/datanode.id
2019-09-19 13:44:08,574 [main] INFO  volume.HddsVolume (HddsVolume.java:<init>(176)) - Creating Volume: /workdir/hadoop-ozone/integration-test/target/test-dir/MiniOzoneClusterImpl-17a4d03a-fc5f-4cc1-bd65-1bc8302b6d07/datanode-4/data/containers/hdds of  storage type : DISK and capacity : 1482555576320
2019-09-19 13:44:08,574 [main] INFO  volume.VolumeSet (VolumeSet.java:initializeVolumeSet(170)) - Added Volume : /workdir/hadoop-ozone/integration-test/target/test-dir/MiniOzoneClusterImpl-17a4d03a-fc5f-4cc1-bd65-1bc8302b6d07/datanode-4/data/containers/hdds to VolumeSet
2019-09-19 13:44:08,574 [main] INFO  volume.ThrottledAsyncChecker (ThrottledAsyncChecker.java:schedule(139)) - Scheduling a check for org.apache.hadoop.ozone.container.common.volume.HddsVolume@7e4579c7
2019-09-19 13:44:08,574 [main] INFO  volume.HddsVolumeChecker (HddsVolumeChecker.java:checkAllVolumes(202)) - Scheduled health check for volume org.apache.hadoop.ozone.container.common.volume.HddsVolume@7e4579c7
2019-09-19 13:44:08,587 [main] INFO  impl.RaftServerProxy (ConfUtils.java:logGet(43)) - raft.rpc.type = GRPC (default)
2019-09-19 13:44:08,587 [main] INFO  grpc.GrpcFactory (GrpcFactory.java:checkPooledByteBufAllocatorUseCacheForAllThreads(45)) - PERFORMANCE WARNING: useCacheForAllThreads is true that may cause Netty to create a lot garbage objects and, as a result, trigger GC.
	It is recommended to disable useCacheForAllThreads by setting -Dorg.apache.ratis.thirdparty.io.netty.allocator.useCacheForAllThreads=false in command line.
2019-09-19 13:44:08,588 [main] INFO  grpc.GrpcConfigKeys$Server (ConfUtils.java:logGet(43)) - raft.grpc.server.port = 0 (default)
2019-09-19 13:44:08,588 [main] INFO  server.GrpcService (ConfUtils.java:logGet(43)) - raft.grpc.message.size.max = 33570816 (custom)
2019-09-19 13:44:08,588 [main] INFO  server.RaftServerConfigKeys (ConfUtils.java:logGet(43)) - raft.server.log.appender.buffer.byte-limit = 33554432 (custom)
2019-09-19 13:44:08,588 [main] INFO  server.GrpcService (ConfUtils.java:logGet(43)) - raft.grpc.flow.control.window = 1MB (=1048576) (default)
2019-09-19 13:44:08,588 [main] INFO  server.RaftServerConfigKeys (ConfUtils.java:logGet(43)) - raft.server.rpc.request.timeout = 3000ms (default)
2019-09-19 13:44:08,589 [main] INFO  server.RaftServerConfigKeys (ConfUtils.java:logGet(43)) - raft.server.storage.dir = [/workdir/hadoop-ozone/integration-test/target/test-dir/MiniOzoneClusterImpl-17a4d03a-fc5f-4cc1-bd65-1bc8302b6d07/datanode-4/data/ratis] (custom)
2019-09-19 13:44:08,590 [main] INFO  hdfs.DFSUtil (DFSUtil.java:httpServerTemplateForNNAndJN(1641)) - Starting Web-server for hddsDatanode at: http://0.0.0.0:0
2019-09-19 13:44:08,592 [main] INFO  server.AuthenticationFilter (AuthenticationFilter.java:constructSecretProvider(240)) - Unable to initialize FileSignerSecretProvider, falling back to use random secrets.
2019-09-19 13:44:08,592 [main] WARN  http.HttpRequestLog (HttpRequestLog.java:getRequestLog(97)) - Jetty request log can only be enabled using Log4j
2019-09-19 13:44:08,594 [main] INFO  http.HttpServer2 (HttpServer2.java:addGlobalFilter(975)) - Added global filter 'safety' (class=org.apache.hadoop.http.HttpServer2$QuotingInputFilter)
2019-09-19 13:44:08,594 [main] INFO  http.HttpServer2 (HttpServer2.java:addFilter(948)) - Added filter static_user_filter (class=org.apache.hadoop.http.lib.StaticUserWebFilter$StaticUserFilter) to context hddsDatanode
2019-09-19 13:44:08,595 [main] INFO  http.HttpServer2 (HttpServer2.java:addFilter(958)) - Added filter static_user_filter (class=org.apache.hadoop.http.lib.StaticUserWebFilter$StaticUserFilter) to context static
2019-09-19 13:44:08,595 [main] INFO  http.HttpServer2 (HttpServer2.java:addFilter(958)) - Added filter static_user_filter (class=org.apache.hadoop.http.lib.StaticUserWebFilter$StaticUserFilter) to context logs
2019-09-19 13:44:08,595 [main] INFO  http.HttpServer2 (HttpServer2.java:bindListener(1191)) - Jetty bound to port 45310
2019-09-19 13:44:08,595 [main] INFO  server.Server (Server.java:doStart(351)) - jetty-9.3.24.v20180605, build timestamp: 2018-06-05T17:11:56Z, git hash: 84205aa28f11a4f31f2a3b86d1bba2cc8ab69827
2019-09-19 13:44:08,597 [main] INFO  handler.ContextHandler (ContextHandler.java:doStart(781)) - Started o.e.j.s.ServletContextHandler@3c0e00a8{/logs,file:///workdir/hadoop-ozone/integration-test/target/log,AVAILABLE}
2019-09-19 13:44:08,598 [main] INFO  handler.ContextHandler (ContextHandler.java:doStart(781)) - Started o.e.j.s.ServletContextHandler@6cd15072{/static,jar:file:/home/user/.m2/repository/org/apache/hadoop/hadoop-hdds-container-service/0.5.0-SNAPSHOT/hadoop-hdds-container-service-0.5.0-SNAPSHOT.jar!/webapps/static,AVAILABLE}
2019-09-19 13:44:08,626 [main] INFO  handler.ContextHandler (ContextHandler.java:doStart(781)) - Started o.e.j.w.WebAppContext@7bcecef6{/,file:///tmp/jetty-0.0.0.0-45310-hddsDatanode-_-any-7311913723211303335.dir/webapp/,AVAILABLE}{/hddsDatanode}
2019-09-19 13:44:08,627 [main] INFO  server.AbstractConnector (AbstractConnector.java:doStart(278)) - Started ServerConnector@46046c06{HTTP/1.1,[http/1.1]}{0.0.0.0:45310}
2019-09-19 13:44:08,628 [main] INFO  server.Server (Server.java:doStart(419)) - Started @53136ms
2019-09-19 13:44:08,628 [main] WARN  impl.MetricsSystemImpl (MetricsSystemImpl.java:register(276)) - Sink prometheus already exists!
2019-09-19 13:44:08,629 [main] INFO  server.BaseHttpServer (BaseHttpServer.java:updateConnectorAddress(215)) - HTTP server of HDDSDATANODE is listening at http://0.0.0.0:45310
2019-09-19 13:44:08,630 [main] INFO  impl.MetricsSystemImpl (MetricsSystemImpl.java:init(158)) - HddsDatanode metrics system started (again)
2019-09-19 13:44:08,635 [org.apache.hadoop.util.JvmPauseMonitor$Monitor@33f8451f] INFO  util.JvmPauseMonitor (JvmPauseMonitor.java:run(188)) - Starting JVM pause monitor
2019-09-19 13:44:08,635 [main] INFO  ozone.HddsDatanodeService (HddsDatanodeService.java:start(184)) - HddsDatanodeService host:pr-hdds-2151-rkvw4-133030696 ip:192.168.36.82
2019-09-19 13:44:08,636 [Datanode State Machine Thread - 0] INFO  datanode.InitDatanodeState (InitDatanodeState.java:persistContainerDatanodeDetails(140)) - DatanodeDetails is persisted to /workdir/hadoop-ozone/integration-test/target/test-dir/MiniOzoneClusterImpl-17a4d03a-fc5f-4cc1-bd65-1bc8302b6d07/datanode-4/meta/datanode.id
2019-09-19 13:44:08,641 [main] INFO  volume.HddsVolume (HddsVolume.java:<init>(176)) - Creating Volume: /workdir/hadoop-ozone/integration-test/target/test-dir/MiniOzoneClusterImpl-17a4d03a-fc5f-4cc1-bd65-1bc8302b6d07/datanode-5/data/containers/hdds of  storage type : DISK and capacity : 1482555576320
2019-09-19 13:44:08,641 [main] INFO  volume.VolumeSet (VolumeSet.java:initializeVolumeSet(170)) - Added Volume : /workdir/hadoop-ozone/integration-test/target/test-dir/MiniOzoneClusterImpl-17a4d03a-fc5f-4cc1-bd65-1bc8302b6d07/datanode-5/data/containers/hdds to VolumeSet
2019-09-19 13:44:08,641 [main] INFO  volume.ThrottledAsyncChecker (ThrottledAsyncChecker.java:schedule(139)) - Scheduling a check for org.apache.hadoop.ozone.container.common.volume.HddsVolume@467233e4
2019-09-19 13:44:08,642 [main] INFO  volume.HddsVolumeChecker (HddsVolumeChecker.java:checkAllVolumes(202)) - Scheduled health check for volume org.apache.hadoop.ozone.container.common.volume.HddsVolume@467233e4
2019-09-19 13:44:08,653 [main] INFO  impl.RaftServerProxy (ConfUtils.java:logGet(43)) - raft.rpc.type = GRPC (default)
2019-09-19 13:44:08,653 [main] INFO  grpc.GrpcFactory (GrpcFactory.java:checkPooledByteBufAllocatorUseCacheForAllThreads(45)) - PERFORMANCE WARNING: useCacheForAllThreads is true that may cause Netty to create a lot garbage objects and, as a result, trigger GC.
	It is recommended to disable useCacheForAllThreads by setting -Dorg.apache.ratis.thirdparty.io.netty.allocator.useCacheForAllThreads=false in command line.
2019-09-19 13:44:08,653 [main] INFO  grpc.GrpcConfigKeys$Server (ConfUtils.java:logGet(43)) - raft.grpc.server.port = 0 (default)
2019-09-19 13:44:08,653 [main] INFO  server.GrpcService (ConfUtils.java:logGet(43)) - raft.grpc.message.size.max = 33570816 (custom)
2019-09-19 13:44:08,654 [main] INFO  server.RaftServerConfigKeys (ConfUtils.java:logGet(43)) - raft.server.log.appender.buffer.byte-limit = 33554432 (custom)
2019-09-19 13:44:08,654 [main] INFO  server.GrpcService (ConfUtils.java:logGet(43)) - raft.grpc.flow.control.window = 1MB (=1048576) (default)
2019-09-19 13:44:08,654 [main] INFO  server.RaftServerConfigKeys (ConfUtils.java:logGet(43)) - raft.server.rpc.request.timeout = 3000ms (default)
2019-09-19 13:44:08,654 [main] INFO  server.RaftServerConfigKeys (ConfUtils.java:logGet(43)) - raft.server.storage.dir = [/workdir/hadoop-ozone/integration-test/target/test-dir/MiniOzoneClusterImpl-17a4d03a-fc5f-4cc1-bd65-1bc8302b6d07/datanode-5/data/ratis] (custom)
2019-09-19 13:44:08,656 [main] INFO  hdfs.DFSUtil (DFSUtil.java:httpServerTemplateForNNAndJN(1641)) - Starting Web-server for hddsDatanode at: http://0.0.0.0:0
2019-09-19 13:44:08,657 [main] INFO  server.AuthenticationFilter (AuthenticationFilter.java:constructSecretProvider(240)) - Unable to initialize FileSignerSecretProvider, falling back to use random secrets.
2019-09-19 13:44:08,657 [main] WARN  http.HttpRequestLog (HttpRequestLog.java:getRequestLog(97)) - Jetty request log can only be enabled using Log4j
2019-09-19 13:44:08,658 [main] INFO  http.HttpServer2 (HttpServer2.java:addGlobalFilter(975)) - Added global filter 'safety' (class=org.apache.hadoop.http.HttpServer2$QuotingInputFilter)
2019-09-19 13:44:08,658 [main] INFO  http.HttpServer2 (HttpServer2.java:addFilter(948)) - Added filter static_user_filter (class=org.apache.hadoop.http.lib.StaticUserWebFilter$StaticUserFilter) to context hddsDatanode
2019-09-19 13:44:08,659 [main] INFO  http.HttpServer2 (HttpServer2.java:addFilter(958)) - Added filter static_user_filter (class=org.apache.hadoop.http.lib.StaticUserWebFilter$StaticUserFilter) to context logs
2019-09-19 13:44:08,659 [main] INFO  http.HttpServer2 (HttpServer2.java:addFilter(958)) - Added filter static_user_filter (class=org.apache.hadoop.http.lib.StaticUserWebFilter$StaticUserFilter) to context static
2019-09-19 13:44:08,659 [main] INFO  http.HttpServer2 (HttpServer2.java:bindListener(1191)) - Jetty bound to port 32937
2019-09-19 13:44:08,659 [main] INFO  server.Server (Server.java:doStart(351)) - jetty-9.3.24.v20180605, build timestamp: 2018-06-05T17:11:56Z, git hash: 84205aa28f11a4f31f2a3b86d1bba2cc8ab69827
2019-09-19 13:44:08,661 [main] INFO  handler.ContextHandler (ContextHandler.java:doStart(781)) - Started o.e.j.s.ServletContextHandler@d919544{/logs,file:///workdir/hadoop-ozone/integration-test/target/log,AVAILABLE}
2019-09-19 13:44:08,661 [main] INFO  handler.ContextHandler (ContextHandler.java:doStart(781)) - Started o.e.j.s.ServletContextHandler@79696332{/static,jar:file:/home/user/.m2/repository/org/apache/hadoop/hadoop-hdds-container-service/0.5.0-SNAPSHOT/hadoop-hdds-container-service-0.5.0-SNAPSHOT.jar!/webapps/static,AVAILABLE}
2019-09-19 13:44:08,686 [main] INFO  handler.ContextHandler (ContextHandler.java:doStart(781)) - Started o.e.j.w.WebAppContext@ebda593{/,file:///tmp/jetty-0.0.0.0-32937-hddsDatanode-_-any-6164828103098694411.dir/webapp/,AVAILABLE}{/hddsDatanode}
2019-09-19 13:44:08,687 [main] INFO  server.AbstractConnector (AbstractConnector.java:doStart(278)) - Started ServerConnector@5792c08c{HTTP/1.1,[http/1.1]}{0.0.0.0:32937}
2019-09-19 13:44:08,688 [main] INFO  server.Server (Server.java:doStart(419)) - Started @53196ms
2019-09-19 13:44:08,688 [main] WARN  impl.MetricsSystemImpl (MetricsSystemImpl.java:register(276)) - Sink prometheus already exists!
2019-09-19 13:44:08,689 [main] INFO  server.BaseHttpServer (BaseHttpServer.java:updateConnectorAddress(215)) - HTTP server of HDDSDATANODE is listening at http://0.0.0.0:32937
2019-09-19 13:44:08,690 [main] INFO  impl.MetricsSystemImpl (MetricsSystemImpl.java:init(158)) - HddsDatanode metrics system started (again)
2019-09-19 13:44:08,694 [org.apache.hadoop.util.JvmPauseMonitor$Monitor@97f2be3] INFO  util.JvmPauseMonitor (JvmPauseMonitor.java:run(188)) - Starting JVM pause monitor
2019-09-19 13:44:08,695 [main] INFO  ozone.HddsDatanodeService (HddsDatanodeService.java:start(184)) - HddsDatanodeService host:pr-hdds-2151-rkvw4-133030696 ip:192.168.36.82
2019-09-19 13:44:08,696 [Datanode State Machine Thread - 0] INFO  datanode.InitDatanodeState (InitDatanodeState.java:persistContainerDatanodeDetails(140)) - DatanodeDetails is persisted to /workdir/hadoop-ozone/integration-test/target/test-dir/MiniOzoneClusterImpl-17a4d03a-fc5f-4cc1-bd65-1bc8302b6d07/datanode-5/meta/datanode.id
2019-09-19 13:44:08,701 [main] INFO  volume.HddsVolume (HddsVolume.java:<init>(176)) - Creating Volume: /workdir/hadoop-ozone/integration-test/target/test-dir/MiniOzoneClusterImpl-17a4d03a-fc5f-4cc1-bd65-1bc8302b6d07/datanode-6/data/containers/hdds of  storage type : DISK and capacity : 1482555576320
2019-09-19 13:44:08,701 [main] INFO  volume.VolumeSet (VolumeSet.java:initializeVolumeSet(170)) - Added Volume : /workdir/hadoop-ozone/integration-test/target/test-dir/MiniOzoneClusterImpl-17a4d03a-fc5f-4cc1-bd65-1bc8302b6d07/datanode-6/data/containers/hdds to VolumeSet
2019-09-19 13:44:08,702 [main] INFO  volume.ThrottledAsyncChecker (ThrottledAsyncChecker.java:schedule(139)) - Scheduling a check for org.apache.hadoop.ozone.container.common.volume.HddsVolume@6723610b
2019-09-19 13:44:08,702 [main] INFO  volume.HddsVolumeChecker (HddsVolumeChecker.java:checkAllVolumes(202)) - Scheduled health check for volume org.apache.hadoop.ozone.container.common.volume.HddsVolume@6723610b
2019-09-19 13:44:08,715 [main] INFO  impl.RaftServerProxy (ConfUtils.java:logGet(43)) - raft.rpc.type = GRPC (default)
2019-09-19 13:44:08,715 [main] INFO  grpc.GrpcFactory (GrpcFactory.java:checkPooledByteBufAllocatorUseCacheForAllThreads(45)) - PERFORMANCE WARNING: useCacheForAllThreads is true that may cause Netty to create a lot garbage objects and, as a result, trigger GC.
	It is recommended to disable useCacheForAllThreads by setting -Dorg.apache.ratis.thirdparty.io.netty.allocator.useCacheForAllThreads=false in command line.
2019-09-19 13:44:08,716 [main] INFO  grpc.GrpcConfigKeys$Server (ConfUtils.java:logGet(43)) - raft.grpc.server.port = 0 (default)
2019-09-19 13:44:08,716 [main] INFO  server.GrpcService (ConfUtils.java:logGet(43)) - raft.grpc.message.size.max = 33570816 (custom)
2019-09-19 13:44:08,716 [main] INFO  server.RaftServerConfigKeys (ConfUtils.java:logGet(43)) - raft.server.log.appender.buffer.byte-limit = 33554432 (custom)
2019-09-19 13:44:08,716 [main] INFO  server.GrpcService (ConfUtils.java:logGet(43)) - raft.grpc.flow.control.window = 1MB (=1048576) (default)
2019-09-19 13:44:08,716 [main] INFO  server.RaftServerConfigKeys (ConfUtils.java:logGet(43)) - raft.server.rpc.request.timeout = 3000ms (default)
2019-09-19 13:44:08,717 [main] INFO  server.RaftServerConfigKeys (ConfUtils.java:logGet(43)) - raft.server.storage.dir = [/workdir/hadoop-ozone/integration-test/target/test-dir/MiniOzoneClusterImpl-17a4d03a-fc5f-4cc1-bd65-1bc8302b6d07/datanode-6/data/ratis] (custom)
2019-09-19 13:44:08,718 [main] INFO  hdfs.DFSUtil (DFSUtil.java:httpServerTemplateForNNAndJN(1641)) - Starting Web-server for hddsDatanode at: http://0.0.0.0:0
2019-09-19 13:44:08,719 [main] INFO  server.AuthenticationFilter (AuthenticationFilter.java:constructSecretProvider(240)) - Unable to initialize FileSignerSecretProvider, falling back to use random secrets.
2019-09-19 13:44:08,720 [main] WARN  http.HttpRequestLog (HttpRequestLog.java:getRequestLog(97)) - Jetty request log can only be enabled using Log4j
2019-09-19 13:44:08,721 [main] INFO  http.HttpServer2 (HttpServer2.java:addGlobalFilter(975)) - Added global filter 'safety' (class=org.apache.hadoop.http.HttpServer2$QuotingInputFilter)
2019-09-19 13:44:08,721 [main] INFO  http.HttpServer2 (HttpServer2.java:addFilter(948)) - Added filter static_user_filter (class=org.apache.hadoop.http.lib.StaticUserWebFilter$StaticUserFilter) to context hddsDatanode
2019-09-19 13:44:08,722 [main] INFO  http.HttpServer2 (HttpServer2.java:addFilter(958)) - Added filter static_user_filter (class=org.apache.hadoop.http.lib.StaticUserWebFilter$StaticUserFilter) to context static
2019-09-19 13:44:08,722 [main] INFO  http.HttpServer2 (HttpServer2.java:addFilter(958)) - Added filter static_user_filter (class=org.apache.hadoop.http.lib.StaticUserWebFilter$StaticUserFilter) to context logs
2019-09-19 13:44:08,722 [main] INFO  http.HttpServer2 (HttpServer2.java:bindListener(1191)) - Jetty bound to port 41752
2019-09-19 13:44:08,722 [main] INFO  server.Server (Server.java:doStart(351)) - jetty-9.3.24.v20180605, build timestamp: 2018-06-05T17:11:56Z, git hash: 84205aa28f11a4f31f2a3b86d1bba2cc8ab69827
2019-09-19 13:44:08,724 [main] INFO  handler.ContextHandler (ContextHandler.java:doStart(781)) - Started o.e.j.s.ServletContextHandler@a9c5b75{/logs,file:///workdir/hadoop-ozone/integration-test/target/log,AVAILABLE}
2019-09-19 13:44:08,724 [main] INFO  handler.ContextHandler (ContextHandler.java:doStart(781)) - Started o.e.j.s.ServletContextHandler@4dac121d{/static,jar:file:/home/user/.m2/repository/org/apache/hadoop/hadoop-hdds-container-service/0.5.0-SNAPSHOT/hadoop-hdds-container-service-0.5.0-SNAPSHOT.jar!/webapps/static,AVAILABLE}
2019-09-19 13:44:08,752 [main] INFO  handler.ContextHandler (ContextHandler.java:doStart(781)) - Started o.e.j.w.WebAppContext@a146b11{/,file:///tmp/jetty-0.0.0.0-41752-hddsDatanode-_-any-3520702588922012945.dir/webapp/,AVAILABLE}{/hddsDatanode}
2019-09-19 13:44:08,752 [main] INFO  server.AbstractConnector (AbstractConnector.java:doStart(278)) - Started ServerConnector@f438904{HTTP/1.1,[http/1.1]}{0.0.0.0:41752}
2019-09-19 13:44:08,754 [main] INFO  server.Server (Server.java:doStart(419)) - Started @53262ms
2019-09-19 13:44:08,754 [main] WARN  impl.MetricsSystemImpl (MetricsSystemImpl.java:register(276)) - Sink prometheus already exists!
2019-09-19 13:44:08,755 [main] INFO  server.BaseHttpServer (BaseHttpServer.java:updateConnectorAddress(215)) - HTTP server of HDDSDATANODE is listening at http://0.0.0.0:41752
2019-09-19 13:44:08,755 [main] INFO  ozone.MiniOzoneClusterImpl (MiniOzoneClusterImpl.java:lambda$waitForClusterToBeReady$0(145)) - Waiting for cluster to be ready. Got 0 of 7 DN Heartbeats.
2019-09-19 13:44:08,758 [org.apache.hadoop.util.JvmPauseMonitor$Monitor@d3da6e7] INFO  util.JvmPauseMonitor (JvmPauseMonitor.java:run(188)) - Starting JVM pause monitor
2019-09-19 13:44:08,759 [Datanode State Machine Thread - 0] INFO  datanode.InitDatanodeState (InitDatanodeState.java:persistContainerDatanodeDetails(140)) - DatanodeDetails is persisted to /workdir/hadoop-ozone/integration-test/target/test-dir/MiniOzoneClusterImpl-17a4d03a-fc5f-4cc1-bd65-1bc8302b6d07/datanode-6/meta/datanode.id
2019-09-19 13:44:09,757 [main] INFO  ozone.MiniOzoneClusterImpl (MiniOzoneClusterImpl.java:lambda$waitForClusterToBeReady$0(145)) - Waiting for cluster to be ready. Got 0 of 7 DN Heartbeats.
2019-09-19 13:44:10,398 [Datanode State Machine Thread - 0] INFO  ozoneimpl.OzoneContainer (OzoneContainer.java:start(217)) - Attempting to start container services.
2019-09-19 13:44:10,404 [Datanode State Machine Thread - 0] INFO  ozoneimpl.OzoneContainer (OzoneContainer.java:startContainerScrub(179)) - Background container scanner has been disabled.
2019-09-19 13:44:10,405 [Datanode State Machine Thread - 0] INFO  ratis.XceiverServerRatis (XceiverServerRatis.java:start(411)) - Starting XceiverServerRatis 825bfe86-eee6-4071-bab7-b50548db89ac at port 0
2019-09-19 13:44:10,432 [Datanode State Machine Thread - 0] INFO  impl.RaftServerProxy (RaftServerProxy.java:lambda$start$3(299)) - 825bfe86-eee6-4071-bab7-b50548db89ac: start RPC server
2019-09-19 13:44:10,443 [Datanode State Machine Thread - 0] INFO  server.GrpcService (GrpcService.java:startImpl(158)) - 825bfe86-eee6-4071-bab7-b50548db89ac: GrpcService started, listening on 0.0.0.0/0.0.0.0:35723
2019-09-19 13:44:10,444 [Datanode State Machine Thread - 0] INFO  ratis.XceiverServerRatis (XceiverServerRatis.java:start(421)) - XceiverServerRatis 825bfe86-eee6-4071-bab7-b50548db89ac is started using port 35723
2019-09-19 13:44:10,445 [Datanode State Machine Thread - 0] INFO  server.XceiverServerGrpc (XceiverServerGrpc.java:start(163)) - XceiverServerGrpc 825bfe86-eee6-4071-bab7-b50548db89ac is started using port 45693
2019-09-19 13:44:10,458 [Datanode State Machine Thread - 0] INFO  ozoneimpl.OzoneContainer (OzoneContainer.java:start(217)) - Attempting to start container services.
2019-09-19 13:44:10,460 [Datanode State Machine Thread - 0] INFO  ozoneimpl.OzoneContainer (OzoneContainer.java:startContainerScrub(179)) - Background container scanner has been disabled.
2019-09-19 13:44:10,460 [Datanode State Machine Thread - 0] INFO  ratis.XceiverServerRatis (XceiverServerRatis.java:start(411)) - Starting XceiverServerRatis 3302a199-32cf-4b92-8bdd-2722ec9a1126 at port 0
2019-09-19 13:44:10,467 [Datanode State Machine Thread - 0] INFO  impl.RaftServerProxy (RaftServerProxy.java:lambda$start$3(299)) - 3302a199-32cf-4b92-8bdd-2722ec9a1126: start RPC server
2019-09-19 13:44:10,470 [Datanode State Machine Thread - 0] INFO  server.GrpcService (GrpcService.java:startImpl(158)) - 3302a199-32cf-4b92-8bdd-2722ec9a1126: GrpcService started, listening on 0.0.0.0/0.0.0.0:36086
2019-09-19 13:44:10,470 [Datanode State Machine Thread - 0] INFO  ratis.XceiverServerRatis (XceiverServerRatis.java:start(421)) - XceiverServerRatis 3302a199-32cf-4b92-8bdd-2722ec9a1126 is started using port 36086
2019-09-19 13:44:10,470 [Datanode State Machine Thread - 0] INFO  server.XceiverServerGrpc (XceiverServerGrpc.java:start(163)) - XceiverServerGrpc 3302a199-32cf-4b92-8bdd-2722ec9a1126 is started using port 41401
2019-09-19 13:44:10,519 [Datanode State Machine Thread - 0] INFO  ozoneimpl.OzoneContainer (OzoneContainer.java:start(217)) - Attempting to start container services.
2019-09-19 13:44:10,529 [Datanode State Machine Thread - 0] INFO  ozoneimpl.OzoneContainer (OzoneContainer.java:startContainerScrub(179)) - Background container scanner has been disabled.
2019-09-19 13:44:10,529 [Datanode State Machine Thread - 0] INFO  ratis.XceiverServerRatis (XceiverServerRatis.java:start(411)) - Starting XceiverServerRatis 355d6de6-9f5a-4e69-bec6-16b0a4ae8745 at port 0
2019-09-19 13:44:10,536 [Datanode State Machine Thread - 0] INFO  impl.RaftServerProxy (RaftServerProxy.java:lambda$start$3(299)) - 355d6de6-9f5a-4e69-bec6-16b0a4ae8745: start RPC server
2019-09-19 13:44:10,537 [Datanode State Machine Thread - 0] INFO  server.GrpcService (GrpcService.java:startImpl(158)) - 355d6de6-9f5a-4e69-bec6-16b0a4ae8745: GrpcService started, listening on 0.0.0.0/0.0.0.0:34279
2019-09-19 13:44:10,537 [Datanode State Machine Thread - 0] INFO  ratis.XceiverServerRatis (XceiverServerRatis.java:start(421)) - XceiverServerRatis 355d6de6-9f5a-4e69-bec6-16b0a4ae8745 is started using port 34279
2019-09-19 13:44:10,548 [Datanode State Machine Thread - 0] INFO  server.XceiverServerGrpc (XceiverServerGrpc.java:start(163)) - XceiverServerGrpc 355d6de6-9f5a-4e69-bec6-16b0a4ae8745 is started using port 38231
2019-09-19 13:44:10,585 [Datanode State Machine Thread - 0] INFO  ozoneimpl.OzoneContainer (OzoneContainer.java:start(217)) - Attempting to start container services.
2019-09-19 13:44:10,585 [Datanode State Machine Thread - 0] INFO  ozoneimpl.OzoneContainer (OzoneContainer.java:startContainerScrub(179)) - Background container scanner has been disabled.
2019-09-19 13:44:10,586 [Datanode State Machine Thread - 0] INFO  ratis.XceiverServerRatis (XceiverServerRatis.java:start(411)) - Starting XceiverServerRatis 603ee2fb-7c46-43ae-b6f8-b4c13ebc4e54 at port 0
2019-09-19 13:44:10,594 [Datanode State Machine Thread - 0] INFO  impl.RaftServerProxy (RaftServerProxy.java:lambda$start$3(299)) - 603ee2fb-7c46-43ae-b6f8-b4c13ebc4e54: start RPC server
2019-09-19 13:44:10,595 [Datanode State Machine Thread - 0] INFO  server.GrpcService (GrpcService.java:startImpl(158)) - 603ee2fb-7c46-43ae-b6f8-b4c13ebc4e54: GrpcService started, listening on 0.0.0.0/0.0.0.0:46778
2019-09-19 13:44:10,595 [Datanode State Machine Thread - 0] INFO  ratis.XceiverServerRatis (XceiverServerRatis.java:start(421)) - XceiverServerRatis 603ee2fb-7c46-43ae-b6f8-b4c13ebc4e54 is started using port 46778
2019-09-19 13:44:10,596 [Datanode State Machine Thread - 0] INFO  server.XceiverServerGrpc (XceiverServerGrpc.java:start(163)) - XceiverServerGrpc 603ee2fb-7c46-43ae-b6f8-b4c13ebc4e54 is started using port 39366
2019-09-19 13:44:10,649 [Datanode State Machine Thread - 0] INFO  ozoneimpl.OzoneContainer (OzoneContainer.java:start(217)) - Attempting to start container services.
2019-09-19 13:44:10,649 [Datanode State Machine Thread - 0] INFO  ozoneimpl.OzoneContainer (OzoneContainer.java:startContainerScrub(179)) - Background container scanner has been disabled.
2019-09-19 13:44:10,649 [Datanode State Machine Thread - 0] INFO  ratis.XceiverServerRatis (XceiverServerRatis.java:start(411)) - Starting XceiverServerRatis 648e6349-4081-4bf2-8e46-398321de329c at port 0
2019-09-19 13:44:10,657 [Datanode State Machine Thread - 0] INFO  impl.RaftServerProxy (RaftServerProxy.java:lambda$start$3(299)) - 648e6349-4081-4bf2-8e46-398321de329c: start RPC server
2019-09-19 13:44:10,657 [Datanode State Machine Thread - 0] INFO  server.GrpcService (GrpcService.java:startImpl(158)) - 648e6349-4081-4bf2-8e46-398321de329c: GrpcService started, listening on 0.0.0.0/0.0.0.0:46176
2019-09-19 13:44:10,658 [Datanode State Machine Thread - 0] INFO  ratis.XceiverServerRatis (XceiverServerRatis.java:start(421)) - XceiverServerRatis 648e6349-4081-4bf2-8e46-398321de329c is started using port 46176
2019-09-19 13:44:10,658 [Datanode State Machine Thread - 0] INFO  server.XceiverServerGrpc (XceiverServerGrpc.java:start(163)) - XceiverServerGrpc 648e6349-4081-4bf2-8e46-398321de329c is started using port 43546
2019-09-19 13:44:10,710 [Datanode State Machine Thread - 0] INFO  ozoneimpl.OzoneContainer (OzoneContainer.java:start(217)) - Attempting to start container services.
2019-09-19 13:44:10,710 [Datanode State Machine Thread - 0] INFO  ozoneimpl.OzoneContainer (OzoneContainer.java:startContainerScrub(179)) - Background container scanner has been disabled.
2019-09-19 13:44:10,710 [Datanode State Machine Thread - 0] INFO  ratis.XceiverServerRatis (XceiverServerRatis.java:start(411)) - Starting XceiverServerRatis 18d3f7fe-50e5-4214-a1e5-787142f90379 at port 0
2019-09-19 13:44:10,718 [Datanode State Machine Thread - 0] INFO  impl.RaftServerProxy (RaftServerProxy.java:lambda$start$3(299)) - 18d3f7fe-50e5-4214-a1e5-787142f90379: start RPC server
2019-09-19 13:44:10,719 [Datanode State Machine Thread - 0] INFO  server.GrpcService (GrpcService.java:startImpl(158)) - 18d3f7fe-50e5-4214-a1e5-787142f90379: GrpcService started, listening on 0.0.0.0/0.0.0.0:32964
2019-09-19 13:44:10,719 [Datanode State Machine Thread - 0] INFO  ratis.XceiverServerRatis (XceiverServerRatis.java:start(421)) - XceiverServerRatis 18d3f7fe-50e5-4214-a1e5-787142f90379 is started using port 32964
2019-09-19 13:44:10,719 [Datanode State Machine Thread - 0] INFO  server.XceiverServerGrpc (XceiverServerGrpc.java:start(163)) - XceiverServerGrpc 18d3f7fe-50e5-4214-a1e5-787142f90379 is started using port 42513
2019-09-19 13:44:10,758 [main] INFO  ozone.MiniOzoneClusterImpl (MiniOzoneClusterImpl.java:lambda$waitForClusterToBeReady$0(145)) - Waiting for cluster to be ready. Got 0 of 7 DN Heartbeats.
2019-09-19 13:44:10,772 [Datanode State Machine Thread - 0] INFO  ozoneimpl.OzoneContainer (OzoneContainer.java:start(217)) - Attempting to start container services.
2019-09-19 13:44:10,773 [Datanode State Machine Thread - 0] INFO  ozoneimpl.OzoneContainer (OzoneContainer.java:startContainerScrub(179)) - Background container scanner has been disabled.
2019-09-19 13:44:10,773 [Datanode State Machine Thread - 0] INFO  ratis.XceiverServerRatis (XceiverServerRatis.java:start(411)) - Starting XceiverServerRatis e12d66f4-70bf-4d46-b2b0-c16a4ce73304 at port 0
2019-09-19 13:44:10,780 [Datanode State Machine Thread - 0] INFO  impl.RaftServerProxy (RaftServerProxy.java:lambda$start$3(299)) - e12d66f4-70bf-4d46-b2b0-c16a4ce73304: start RPC server
2019-09-19 13:44:10,781 [Datanode State Machine Thread - 0] INFO  server.GrpcService (GrpcService.java:startImpl(158)) - e12d66f4-70bf-4d46-b2b0-c16a4ce73304: GrpcService started, listening on 0.0.0.0/0.0.0.0:36386
2019-09-19 13:44:10,781 [Datanode State Machine Thread - 0] INFO  ratis.XceiverServerRatis (XceiverServerRatis.java:start(421)) - XceiverServerRatis e12d66f4-70bf-4d46-b2b0-c16a4ce73304 is started using port 36386
2019-09-19 13:44:10,781 [Datanode State Machine Thread - 0] INFO  server.XceiverServerGrpc (XceiverServerGrpc.java:start(163)) - XceiverServerGrpc e12d66f4-70bf-4d46-b2b0-c16a4ce73304 is started using port 38228
2019-09-19 13:44:11,759 [main] INFO  ozone.MiniOzoneClusterImpl (MiniOzoneClusterImpl.java:lambda$waitForClusterToBeReady$0(145)) - Waiting for cluster to be ready. Got 0 of 7 DN Heartbeats.
2019-09-19 13:44:12,359 [IPC Server handler 3 on 41388] INFO  net.NetworkTopology (NetworkTopologyImpl.java:add(111)) - Added a new node: /default-rack/825bfe86-eee6-4071-bab7-b50548db89ac
2019-09-19 13:44:12,362 [IPC Server handler 3 on 41388] INFO  node.SCMNodeManager (SCMNodeManager.java:register(266)) - Registered Data node : 825bfe86-eee6-4071-bab7-b50548db89ac{ip: 192.168.36.82, host: pr-hdds-2151-rkvw4-133030696, networkLocation: /default-rack, certSerialId: null}
2019-09-19 13:44:12,364 [EventQueue-NodeRegistrationContainerReportForDataNodeSafeModeRule] INFO  safemode.SCMSafeModeManager (DataNodeSafeModeRule.java:process(71)) - SCM in safe mode. 1 DataNodes registered, 1 required.
2019-09-19 13:44:12,366 [EventQueue-NodeRegistrationContainerReportForDataNodeSafeModeRule] INFO  safemode.SCMSafeModeManager (SCMSafeModeManager.java:validateSafeModeExitRules(177)) - ScmSafeModeManager, all rules are successfully validated
2019-09-19 13:44:12,367 [EventQueue-NodeRegistrationContainerReportForDataNodeSafeModeRule] INFO  safemode.SCMSafeModeManager (SCMSafeModeManager.java:exitSafeMode(193)) - SCM exiting safe mode.
2019-09-19 13:44:12,386 [grpc-default-executor-4] INFO  impl.RaftServerProxy (RaftServerProxy.java:addNew(89)) - 825bfe86-eee6-4071-bab7-b50548db89ac: addNew group-1EB9AC22CAE4:[825bfe86-eee6-4071-bab7-b50548db89ac:192.168.36.82:35723] returns group-1EB9AC22CAE4:java.util.concurrent.CompletableFuture@5954b56e[Not completed]
2019-09-19 13:44:12,388 [pool-119-thread-1] INFO  impl.RaftServerImpl (RaftServerImpl.java:<init>(95)) - 825bfe86-eee6-4071-bab7-b50548db89ac: new RaftServerImpl for group-1EB9AC22CAE4:[825bfe86-eee6-4071-bab7-b50548db89ac:192.168.36.82:35723] with ContainerStateMachine:uninitialized
2019-09-19 13:44:12,389 [pool-119-thread-1] INFO  server.RaftServerConfigKeys (ConfUtils.java:logGet(43)) - raft.server.rpc.timeout.min = 5s (custom)
2019-09-19 13:44:12,389 [pool-119-thread-1] INFO  server.RaftServerConfigKeys (ConfUtils.java:logGet(43)) - raft.server.rpc.timeout.max = 5200ms (custom)
2019-09-19 13:44:12,389 [pool-119-thread-1] INFO  server.RaftServerConfigKeys (ConfUtils.java:logGet(43)) - raft.server.rpcslowness.timeout = 120s (custom)
2019-09-19 13:44:12,389 [pool-119-thread-1] INFO  server.RaftServerConfigKeys (ConfUtils.java:logGet(43)) - raft.server.sleep.deviation.threshold = 300 (default)
2019-09-19 13:44:12,389 [pool-119-thread-1] INFO  server.RaftServerConfigKeys (ConfUtils.java:logGet(43)) - raft.server.log.appender.install.snapshot.enabled = false (custom)
2019-09-19 13:44:12,390 [pool-119-thread-1] INFO  impl.RaftServerImpl (ServerState.java:<init>(103)) - 825bfe86-eee6-4071-bab7-b50548db89ac@group-1EB9AC22CAE4: ConfigurationManager, init=-1: [825bfe86-eee6-4071-bab7-b50548db89ac:192.168.36.82:35723], old=null, confs=<EMPTY_MAP>
2019-09-19 13:44:12,390 [pool-119-thread-1] INFO  server.RaftServerConfigKeys (ConfUtils.java:logGet(43)) - raft.server.storage.dir = [/workdir/hadoop-ozone/integration-test/target/test-dir/MiniOzoneClusterImpl-17a4d03a-fc5f-4cc1-bd65-1bc8302b6d07/datanode-0/data/ratis] (custom)
2019-09-19 13:44:12,390 [pool-119-thread-1] INFO  storage.RaftStorageDirectory (RaftStorageDirectory.java:analyzeStorage(246)) - The storage directory /workdir/hadoop-ozone/integration-test/target/test-dir/MiniOzoneClusterImpl-17a4d03a-fc5f-4cc1-bd65-1bc8302b6d07/datanode-0/data/ratis/bd759267-8053-4c95-af7d-1eb9ac22cae4 does not exist. Creating ...
2019-09-19 13:44:12,405 [pool-119-thread-1] INFO  storage.RaftStorageDirectory (RaftStorageDirectory.java:tryLock(328)) - Lock on /workdir/hadoop-ozone/integration-test/target/test-dir/MiniOzoneClusterImpl-17a4d03a-fc5f-4cc1-bd65-1bc8302b6d07/datanode-0/data/ratis/bd759267-8053-4c95-af7d-1eb9ac22cae4/in_use.lock acquired by nodename 14786@pr-hdds-2151-rkvw4-133030696
2019-09-19 13:44:12,418 [pool-119-thread-1] INFO  storage.RaftStorage (RaftStorage.java:format(72)) - Storage directory /workdir/hadoop-ozone/integration-test/target/test-dir/MiniOzoneClusterImpl-17a4d03a-fc5f-4cc1-bd65-1bc8302b6d07/datanode-0/data/ratis/bd759267-8053-4c95-af7d-1eb9ac22cae4 has been successfully formatted.
2019-09-19 13:44:12,419 [pool-119-thread-1] INFO  ratis.ContainerStateMachine (ContainerStateMachine.java:loadSnapshot(230)) - group-1EB9AC22CAE4: The snapshot info is null. Setting the last applied indexto:(t:0, i:~)
2019-09-19 13:44:12,419 [pool-119-thread-1] INFO  server.RaftServerConfigKeys (ConfUtils.java:logGet(43)) - raft.server.notification.no-leader.timeout = 120s (custom)
2019-09-19 13:44:12,419 [pool-119-thread-1] INFO  server.RaftServerConfigKeys (ConfUtils.java:logGet(43)) - raft.server.log.use.memory = false (default)
2019-09-19 13:44:12,419 [pool-119-thread-1] INFO  server.RaftServerConfigKeys (ConfUtils.java:logGet(43)) - raft.server.log.purge.gap = 1000000 (custom)
2019-09-19 13:44:12,419 [pool-119-thread-1] INFO  server.RaftServerConfigKeys (ConfUtils.java:logGet(43)) - raft.server.log.appender.buffer.byte-limit = 33554432 (custom)
2019-09-19 13:44:12,420 [pool-119-thread-1] INFO  server.RaftServerConfigKeys (ConfUtils.java:logGet(43)) - raft.server.log.segment.size.max = 1048576 (custom)
2019-09-19 13:44:12,420 [pool-119-thread-1] INFO  server.RaftServerConfigKeys (ConfUtils.java:logGet(43)) - raft.server.log.segment.cache.num.max = 2 (custom)
2019-09-19 13:44:12,420 [pool-119-thread-1] INFO  segmented.SegmentedRaftLogWorker (SegmentedRaftLogWorker.java:<init>(172)) - new 825bfe86-eee6-4071-bab7-b50548db89ac@group-1EB9AC22CAE4-SegmentedRaftLogWorker for RaftStorage:Storage Directory /workdir/hadoop-ozone/integration-test/target/test-dir/MiniOzoneClusterImpl-17a4d03a-fc5f-4cc1-bd65-1bc8302b6d07/datanode-0/data/ratis/bd759267-8053-4c95-af7d-1eb9ac22cae4
2019-09-19 13:44:12,424 [pool-119-thread-1] INFO  server.RaftServerConfigKeys (ConfUtils.java:logGet(43)) - raft.server.log.queue.byte-limit = 2147483647 (custom)
2019-09-19 13:44:12,424 [pool-119-thread-1] INFO  server.RaftServerConfigKeys (ConfUtils.java:logGet(43)) - raft.server.log.queue.element-limit = 1024 (custom)
2019-09-19 13:44:12,425 [pool-119-thread-1] INFO  server.RaftServerConfigKeys (ConfUtils.java:logGet(43)) - raft.server.log.segment.size.max = 1048576 (custom)
2019-09-19 13:44:12,425 [pool-119-thread-1] INFO  server.RaftServerConfigKeys (ConfUtils.java:logGet(43)) - raft.server.log.preallocated.size = 16384 (custom)
2019-09-19 13:44:12,425 [pool-119-thread-1] INFO  server.RaftServerConfigKeys (ConfUtils.java:logGet(43)) - raft.server.log.write.buffer.size = 33554432 (custom)
2019-09-19 13:44:12,425 [pool-119-thread-1] INFO  server.RaftServerConfigKeys (ConfUtils.java:logGet(43)) - raft.server.log.force.sync.num = 128 (default)
2019-09-19 13:44:12,425 [pool-119-thread-1] INFO  server.RaftServerConfigKeys (ConfUtils.java:logGet(43)) - raft.server.log.statemachine.data.sync = true (default)
2019-09-19 13:44:12,426 [pool-119-thread-1] INFO  server.RaftServerConfigKeys (ConfUtils.java:logGet(43)) - raft.server.log.statemachine.data.sync.timeout = 10s (default)
2019-09-19 13:44:12,426 [pool-119-thread-1] INFO  server.RaftServerConfigKeys (ConfUtils.java:logGet(43)) - raft.server.log.statemachine.data.sync.timeout.retry = -1 (default)
2019-09-19 13:44:12,426 [pool-119-thread-1] INFO  server.RaftServerConfigKeys (ConfUtils.java:logGet(43)) - raft.server.log.statemachine.data.caching.enabled = true (custom)
2019-09-19 13:44:12,427 [pool-119-thread-1] INFO  segmented.SegmentedRaftLogWorker (SegmentedRaftLogWorker.java:lambda$new$0(132)) - 825bfe86-eee6-4071-bab7-b50548db89ac@group-1EB9AC22CAE4-SegmentedRaftLogWorker: flushIndex: setUnconditionally 0 -> -1
2019-09-19 13:44:12,427 [pool-119-thread-1] INFO  server.RaftServerConfigKeys (ConfUtils.java:logGet(43)) - raft.server.snapshot.auto.trigger.enabled = true (custom)
2019-09-19 13:44:12,427 [pool-119-thread-1] INFO  server.RaftServerConfigKeys (ConfUtils.java:logGet(43)) - raft.server.snapshot.auto.trigger.threshold = 10000 (custom)
2019-09-19 13:44:12,427 [pool-119-thread-1] INFO  server.RaftServerConfigKeys (ConfUtils.java:logGet(43)) - raft.server.snapshot.retention.num.files = 5 (custom)
2019-09-19 13:44:12,428 [pool-119-thread-1] INFO  server.RaftServerConfigKeys (ConfUtils.java:logGet(43)) - raft.server.retrycache.expirytime = 600000ms (custom)
2019-09-19 13:44:12,430 [pool-119-thread-1] INFO  impl.RaftServerImpl (RaftServerImpl.java:start(185)) - 825bfe86-eee6-4071-bab7-b50548db89ac@group-1EB9AC22CAE4: start as a follower, conf=-1: [825bfe86-eee6-4071-bab7-b50548db89ac:192.168.36.82:35723], old=null
2019-09-19 13:44:12,431 [pool-119-thread-1] INFO  impl.RaftServerImpl (RaftServerImpl.java:setRole(174)) - 825bfe86-eee6-4071-bab7-b50548db89ac@group-1EB9AC22CAE4: changes role from      null to FOLLOWER at term 0 for startAsFollower
2019-09-19 13:44:12,431 [pool-119-thread-1] INFO  impl.RoleInfo (RoleInfo.java:updateAndGet(143)) - 825bfe86-eee6-4071-bab7-b50548db89ac: start FollowerState
2019-09-19 13:44:12,431 [pool-119-thread-1] INFO  util.JmxRegister (JmxRegister.java:tryRegister(44)) - Successfully registered JMX Bean with object name Ratis:service=RaftServer,group=group-1EB9AC22CAE4,id=825bfe86-eee6-4071-bab7-b50548db89ac
2019-09-19 13:44:12,440 [IPC Server handler 4 on 41388] INFO  net.NetworkTopology (NetworkTopologyImpl.java:add(111)) - Added a new node: /default-rack/3302a199-32cf-4b92-8bdd-2722ec9a1126
2019-09-19 13:44:12,440 [IPC Server handler 4 on 41388] INFO  node.SCMNodeManager (SCMNodeManager.java:register(266)) - Registered Data node : 3302a199-32cf-4b92-8bdd-2722ec9a1126{ip: 192.168.36.82, host: pr-hdds-2151-rkvw4-133030696, networkLocation: /default-rack, certSerialId: null}
2019-09-19 13:44:12,454 [RatisPipelineUtilsThread] INFO  pipeline.PipelineStateManager (PipelineStateManager.java:addPipeline(56)) - Created pipeline Pipeline[ Id: bd759267-8053-4c95-af7d-1eb9ac22cae4, Nodes: 825bfe86-eee6-4071-bab7-b50548db89ac{ip: 192.168.36.82, host: pr-hdds-2151-rkvw4-133030696, networkLocation: /default-rack, certSerialId: null}, Type:RATIS, Factor:ONE, State:OPEN]
2019-09-19 13:44:12,464 [grpc-default-executor-4] INFO  impl.RaftServerProxy (RaftServerProxy.java:addNew(89)) - 3302a199-32cf-4b92-8bdd-2722ec9a1126: addNew group-2BD8F45383BE:[3302a199-32cf-4b92-8bdd-2722ec9a1126:192.168.36.82:36086] returns group-2BD8F45383BE:java.util.concurrent.CompletableFuture@2fc0007c[Not completed]
2019-09-19 13:44:12,465 [pool-129-thread-1] INFO  impl.RaftServerImpl (RaftServerImpl.java:<init>(95)) - 3302a199-32cf-4b92-8bdd-2722ec9a1126: new RaftServerImpl for group-2BD8F45383BE:[3302a199-32cf-4b92-8bdd-2722ec9a1126:192.168.36.82:36086] with ContainerStateMachine:uninitialized
2019-09-19 13:44:12,465 [pool-129-thread-1] INFO  server.RaftServerConfigKeys (ConfUtils.java:logGet(43)) - raft.server.rpc.timeout.min = 5s (custom)
2019-09-19 13:44:12,466 [pool-129-thread-1] INFO  server.RaftServerConfigKeys (ConfUtils.java:logGet(43)) - raft.server.rpc.timeout.max = 5200ms (custom)
2019-09-19 13:44:12,466 [pool-129-thread-1] INFO  server.RaftServerConfigKeys (ConfUtils.java:logGet(43)) - raft.server.rpcslowness.timeout = 120s (custom)
2019-09-19 13:44:12,466 [pool-129-thread-1] INFO  server.RaftServerConfigKeys (ConfUtils.java:logGet(43)) - raft.server.sleep.deviation.threshold = 300 (default)
2019-09-19 13:44:12,466 [pool-129-thread-1] INFO  server.RaftServerConfigKeys (ConfUtils.java:logGet(43)) - raft.server.log.appender.install.snapshot.enabled = false (custom)
2019-09-19 13:44:12,466 [pool-129-thread-1] INFO  impl.RaftServerImpl (ServerState.java:<init>(103)) - 3302a199-32cf-4b92-8bdd-2722ec9a1126@group-2BD8F45383BE: ConfigurationManager, init=-1: [3302a199-32cf-4b92-8bdd-2722ec9a1126:192.168.36.82:36086], old=null, confs=<EMPTY_MAP>
2019-09-19 13:44:12,466 [pool-129-thread-1] INFO  server.RaftServerConfigKeys (ConfUtils.java:logGet(43)) - raft.server.storage.dir = [/workdir/hadoop-ozone/integration-test/target/test-dir/MiniOzoneClusterImpl-17a4d03a-fc5f-4cc1-bd65-1bc8302b6d07/datanode-1/data/ratis] (custom)
2019-09-19 13:44:12,467 [pool-129-thread-1] INFO  storage.RaftStorageDirectory (RaftStorageDirectory.java:analyzeStorage(246)) - The storage directory /workdir/hadoop-ozone/integration-test/target/test-dir/MiniOzoneClusterImpl-17a4d03a-fc5f-4cc1-bd65-1bc8302b6d07/datanode-1/data/ratis/62f91c5a-cc9a-45ca-818f-2bd8f45383be does not exist. Creating ...
2019-09-19 13:44:12,491 [pool-129-thread-1] INFO  storage.RaftStorageDirectory (RaftStorageDirectory.java:tryLock(328)) - Lock on /workdir/hadoop-ozone/integration-test/target/test-dir/MiniOzoneClusterImpl-17a4d03a-fc5f-4cc1-bd65-1bc8302b6d07/datanode-1/data/ratis/62f91c5a-cc9a-45ca-818f-2bd8f45383be/in_use.lock acquired by nodename 14786@pr-hdds-2151-rkvw4-133030696
2019-09-19 13:44:12,505 [IPC Server handler 5 on 41388] INFO  net.NetworkTopology (NetworkTopologyImpl.java:add(111)) - Added a new node: /default-rack/355d6de6-9f5a-4e69-bec6-16b0a4ae8745
2019-09-19 13:44:12,505 [pool-129-thread-1] INFO  storage.RaftStorage (RaftStorage.java:format(72)) - Storage directory /workdir/hadoop-ozone/integration-test/target/test-dir/MiniOzoneClusterImpl-17a4d03a-fc5f-4cc1-bd65-1bc8302b6d07/datanode-1/data/ratis/62f91c5a-cc9a-45ca-818f-2bd8f45383be has been successfully formatted.
2019-09-19 13:44:12,505 [IPC Server handler 5 on 41388] INFO  node.SCMNodeManager (SCMNodeManager.java:register(266)) - Registered Data node : 355d6de6-9f5a-4e69-bec6-16b0a4ae8745{ip: 192.168.36.82, host: pr-hdds-2151-rkvw4-133030696, networkLocation: /default-rack, certSerialId: null}
2019-09-19 13:44:12,505 [pool-129-thread-1] INFO  ratis.ContainerStateMachine (ContainerStateMachine.java:loadSnapshot(230)) - group-2BD8F45383BE: The snapshot info is null. Setting the last applied indexto:(t:0, i:~)
2019-09-19 13:44:12,505 [pool-129-thread-1] INFO  server.RaftServerConfigKeys (ConfUtils.java:logGet(43)) - raft.server.notification.no-leader.timeout = 120s (custom)
2019-09-19 13:44:12,506 [pool-129-thread-1] INFO  server.RaftServerConfigKeys (ConfUtils.java:logGet(43)) - raft.server.log.use.memory = false (default)
2019-09-19 13:44:12,506 [pool-129-thread-1] INFO  server.RaftServerConfigKeys (ConfUtils.java:logGet(43)) - raft.server.log.purge.gap = 1000000 (custom)
2019-09-19 13:44:12,506 [pool-129-thread-1] INFO  server.RaftServerConfigKeys (ConfUtils.java:logGet(43)) - raft.server.log.appender.buffer.byte-limit = 33554432 (custom)
2019-09-19 13:44:12,506 [pool-129-thread-1] INFO  server.RaftServerConfigKeys (ConfUtils.java:logGet(43)) - raft.server.log.segment.size.max = 1048576 (custom)
2019-09-19 13:44:12,506 [pool-129-thread-1] INFO  server.RaftServerConfigKeys (ConfUtils.java:logGet(43)) - raft.server.log.segment.cache.num.max = 2 (custom)
2019-09-19 13:44:12,506 [pool-129-thread-1] INFO  segmented.SegmentedRaftLogWorker (SegmentedRaftLogWorker.java:<init>(172)) - new 3302a199-32cf-4b92-8bdd-2722ec9a1126@group-2BD8F45383BE-SegmentedRaftLogWorker for RaftStorage:Storage Directory /workdir/hadoop-ozone/integration-test/target/test-dir/MiniOzoneClusterImpl-17a4d03a-fc5f-4cc1-bd65-1bc8302b6d07/datanode-1/data/ratis/62f91c5a-cc9a-45ca-818f-2bd8f45383be
2019-09-19 13:44:12,509 [pool-129-thread-1] INFO  server.RaftServerConfigKeys (ConfUtils.java:logGet(43)) - raft.server.log.queue.byte-limit = 2147483647 (custom)
2019-09-19 13:44:12,509 [pool-129-thread-1] INFO  server.RaftServerConfigKeys (ConfUtils.java:logGet(43)) - raft.server.log.queue.element-limit = 1024 (custom)
2019-09-19 13:44:12,509 [pool-129-thread-1] INFO  server.RaftServerConfigKeys (ConfUtils.java:logGet(43)) - raft.server.log.segment.size.max = 1048576 (custom)
2019-09-19 13:44:12,509 [pool-129-thread-1] INFO  server.RaftServerConfigKeys (ConfUtils.java:logGet(43)) - raft.server.log.preallocated.size = 16384 (custom)
2019-09-19 13:44:12,509 [pool-129-thread-1] INFO  server.RaftServerConfigKeys (ConfUtils.java:logGet(43)) - raft.server.log.write.buffer.size = 33554432 (custom)
2019-09-19 13:44:12,509 [pool-129-thread-1] INFO  server.RaftServerConfigKeys (ConfUtils.java:logGet(43)) - raft.server.log.force.sync.num = 128 (default)
2019-09-19 13:44:12,510 [pool-129-thread-1] INFO  server.RaftServerConfigKeys (ConfUtils.java:logGet(43)) - raft.server.log.statemachine.data.sync = true (default)
2019-09-19 13:44:12,510 [pool-129-thread-1] INFO  server.RaftServerConfigKeys (ConfUtils.java:logGet(43)) - raft.server.log.statemachine.data.sync.timeout = 10s (default)
2019-09-19 13:44:12,510 [pool-129-thread-1] INFO  server.RaftServerConfigKeys (ConfUtils.java:logGet(43)) - raft.server.log.statemachine.data.sync.timeout.retry = -1 (default)
2019-09-19 13:44:12,510 [pool-129-thread-1] INFO  server.RaftServerConfigKeys (ConfUtils.java:logGet(43)) - raft.server.log.statemachine.data.caching.enabled = true (custom)
2019-09-19 13:44:12,510 [pool-129-thread-1] INFO  segmented.SegmentedRaftLogWorker (SegmentedRaftLogWorker.java:lambda$new$0(132)) - 3302a199-32cf-4b92-8bdd-2722ec9a1126@group-2BD8F45383BE-SegmentedRaftLogWorker: flushIndex: setUnconditionally 0 -> -1
2019-09-19 13:44:12,511 [pool-129-thread-1] INFO  server.RaftServerConfigKeys (ConfUtils.java:logGet(43)) - raft.server.snapshot.auto.trigger.enabled = true (custom)
2019-09-19 13:44:12,511 [pool-129-thread-1] INFO  server.RaftServerConfigKeys (ConfUtils.java:logGet(43)) - raft.server.snapshot.auto.trigger.threshold = 10000 (custom)
2019-09-19 13:44:12,511 [pool-129-thread-1] INFO  server.RaftServerConfigKeys (ConfUtils.java:logGet(43)) - raft.server.snapshot.retention.num.files = 5 (custom)
2019-09-19 13:44:12,511 [pool-129-thread-1] INFO  server.RaftServerConfigKeys (ConfUtils.java:logGet(43)) - raft.server.retrycache.expirytime = 600000ms (custom)
2019-09-19 13:44:12,513 [pool-129-thread-1] INFO  impl.RaftServerImpl (RaftServerImpl.java:start(185)) - 3302a199-32cf-4b92-8bdd-2722ec9a1126@group-2BD8F45383BE: start as a follower, conf=-1: [3302a199-32cf-4b92-8bdd-2722ec9a1126:192.168.36.82:36086], old=null
2019-09-19 13:44:12,513 [pool-129-thread-1] INFO  impl.RaftServerImpl (RaftServerImpl.java:setRole(174)) - 3302a199-32cf-4b92-8bdd-2722ec9a1126@group-2BD8F45383BE: changes role from      null to FOLLOWER at term 0 for startAsFollower
2019-09-19 13:44:12,513 [pool-129-thread-1] INFO  impl.RoleInfo (RoleInfo.java:updateAndGet(143)) - 3302a199-32cf-4b92-8bdd-2722ec9a1126: start FollowerState
2019-09-19 13:44:12,514 [pool-129-thread-1] INFO  util.JmxRegister (JmxRegister.java:tryRegister(44)) - Successfully registered JMX Bean with object name Ratis:service=RaftServer,group=group-2BD8F45383BE,id=3302a199-32cf-4b92-8bdd-2722ec9a1126
2019-09-19 13:44:12,516 [RatisPipelineUtilsThread] INFO  pipeline.PipelineStateManager (PipelineStateManager.java:addPipeline(56)) - Created pipeline Pipeline[ Id: 62f91c5a-cc9a-45ca-818f-2bd8f45383be, Nodes: 3302a199-32cf-4b92-8bdd-2722ec9a1126{ip: 192.168.36.82, host: pr-hdds-2151-rkvw4-133030696, networkLocation: /default-rack, certSerialId: null}, Type:RATIS, Factor:ONE, State:OPEN]
2019-09-19 13:44:12,527 [grpc-default-executor-4] INFO  impl.RaftServerProxy (RaftServerProxy.java:addNew(89)) - 355d6de6-9f5a-4e69-bec6-16b0a4ae8745: addNew group-500DD976540E:[355d6de6-9f5a-4e69-bec6-16b0a4ae8745:192.168.36.82:34279] returns group-500DD976540E:java.util.concurrent.CompletableFuture@2d2714e1[Not completed]
2019-09-19 13:44:12,533 [pool-139-thread-1] INFO  impl.RaftServerImpl (RaftServerImpl.java:<init>(95)) - 355d6de6-9f5a-4e69-bec6-16b0a4ae8745: new RaftServerImpl for group-500DD976540E:[355d6de6-9f5a-4e69-bec6-16b0a4ae8745:192.168.36.82:34279] with ContainerStateMachine:uninitialized
2019-09-19 13:44:12,533 [pool-139-thread-1] INFO  server.RaftServerConfigKeys (ConfUtils.java:logGet(43)) - raft.server.rpc.timeout.min = 5s (custom)
2019-09-19 13:44:12,533 [pool-139-thread-1] INFO  server.RaftServerConfigKeys (ConfUtils.java:logGet(43)) - raft.server.rpc.timeout.max = 5200ms (custom)
2019-09-19 13:44:12,533 [pool-139-thread-1] INFO  server.RaftServerConfigKeys (ConfUtils.java:logGet(43)) - raft.server.rpcslowness.timeout = 120s (custom)
2019-09-19 13:44:12,533 [pool-139-thread-1] INFO  server.RaftServerConfigKeys (ConfUtils.java:logGet(43)) - raft.server.sleep.deviation.threshold = 300 (default)
2019-09-19 13:44:12,533 [pool-139-thread-1] INFO  server.RaftServerConfigKeys (ConfUtils.java:logGet(43)) - raft.server.log.appender.install.snapshot.enabled = false (custom)
2019-09-19 13:44:12,534 [pool-139-thread-1] INFO  impl.RaftServerImpl (ServerState.java:<init>(103)) - 355d6de6-9f5a-4e69-bec6-16b0a4ae8745@group-500DD976540E: ConfigurationManager, init=-1: [355d6de6-9f5a-4e69-bec6-16b0a4ae8745:192.168.36.82:34279], old=null, confs=<EMPTY_MAP>
2019-09-19 13:44:12,534 [pool-139-thread-1] INFO  server.RaftServerConfigKeys (ConfUtils.java:logGet(43)) - raft.server.storage.dir = [/workdir/hadoop-ozone/integration-test/target/test-dir/MiniOzoneClusterImpl-17a4d03a-fc5f-4cc1-bd65-1bc8302b6d07/datanode-2/data/ratis] (custom)
2019-09-19 13:44:12,534 [pool-139-thread-1] INFO  storage.RaftStorageDirectory (RaftStorageDirectory.java:analyzeStorage(246)) - The storage directory /workdir/hadoop-ozone/integration-test/target/test-dir/MiniOzoneClusterImpl-17a4d03a-fc5f-4cc1-bd65-1bc8302b6d07/datanode-2/data/ratis/260ed1a4-0fe1-4484-8906-500dd976540e does not exist. Creating ...
2019-09-19 13:44:12,546 [pool-139-thread-1] INFO  storage.RaftStorageDirectory (RaftStorageDirectory.java:tryLock(328)) - Lock on /workdir/hadoop-ozone/integration-test/target/test-dir/MiniOzoneClusterImpl-17a4d03a-fc5f-4cc1-bd65-1bc8302b6d07/datanode-2/data/ratis/260ed1a4-0fe1-4484-8906-500dd976540e/in_use.lock acquired by nodename 14786@pr-hdds-2151-rkvw4-133030696
2019-09-19 13:44:12,559 [pool-139-thread-1] INFO  storage.RaftStorage (RaftStorage.java:format(72)) - Storage directory /workdir/hadoop-ozone/integration-test/target/test-dir/MiniOzoneClusterImpl-17a4d03a-fc5f-4cc1-bd65-1bc8302b6d07/datanode-2/data/ratis/260ed1a4-0fe1-4484-8906-500dd976540e has been successfully formatted.
2019-09-19 13:44:12,559 [pool-139-thread-1] INFO  ratis.ContainerStateMachine (ContainerStateMachine.java:loadSnapshot(230)) - group-500DD976540E: The snapshot info is null. Setting the last applied indexto:(t:0, i:~)
2019-09-19 13:44:12,559 [pool-139-thread-1] INFO  server.RaftServerConfigKeys (ConfUtils.java:logGet(43)) - raft.server.notification.no-leader.timeout = 120s (custom)
2019-09-19 13:44:12,560 [pool-139-thread-1] INFO  server.RaftServerConfigKeys (ConfUtils.java:logGet(43)) - raft.server.log.use.memory = false (default)
2019-09-19 13:44:12,560 [pool-139-thread-1] INFO  server.RaftServerConfigKeys (ConfUtils.java:logGet(43)) - raft.server.log.purge.gap = 1000000 (custom)
2019-09-19 13:44:12,560 [pool-139-thread-1] INFO  server.RaftServerConfigKeys (ConfUtils.java:logGet(43)) - raft.server.log.appender.buffer.byte-limit = 33554432 (custom)
2019-09-19 13:44:12,560 [pool-139-thread-1] INFO  server.RaftServerConfigKeys (ConfUtils.java:logGet(43)) - raft.server.log.segment.size.max = 1048576 (custom)
2019-09-19 13:44:12,560 [pool-139-thread-1] INFO  server.RaftServerConfigKeys (ConfUtils.java:logGet(43)) - raft.server.log.segment.cache.num.max = 2 (custom)
2019-09-19 13:44:12,560 [pool-139-thread-1] INFO  segmented.SegmentedRaftLogWorker (SegmentedRaftLogWorker.java:<init>(172)) - new 355d6de6-9f5a-4e69-bec6-16b0a4ae8745@group-500DD976540E-SegmentedRaftLogWorker for RaftStorage:Storage Directory /workdir/hadoop-ozone/integration-test/target/test-dir/MiniOzoneClusterImpl-17a4d03a-fc5f-4cc1-bd65-1bc8302b6d07/datanode-2/data/ratis/260ed1a4-0fe1-4484-8906-500dd976540e
2019-09-19 13:44:12,562 [pool-139-thread-1] INFO  server.RaftServerConfigKeys (ConfUtils.java:logGet(43)) - raft.server.log.queue.byte-limit = 2147483647 (custom)
2019-09-19 13:44:12,563 [pool-139-thread-1] INFO  server.RaftServerConfigKeys (ConfUtils.java:logGet(43)) - raft.server.log.queue.element-limit = 1024 (custom)
2019-09-19 13:44:12,563 [pool-139-thread-1] INFO  server.RaftServerConfigKeys (ConfUtils.java:logGet(43)) - raft.server.log.segment.size.max = 1048576 (custom)
2019-09-19 13:44:12,563 [pool-139-thread-1] INFO  server.RaftServerConfigKeys (ConfUtils.java:logGet(43)) - raft.server.log.preallocated.size = 16384 (custom)
2019-09-19 13:44:12,563 [pool-139-thread-1] INFO  server.RaftServerConfigKeys (ConfUtils.java:logGet(43)) - raft.server.log.write.buffer.size = 33554432 (custom)
2019-09-19 13:44:12,563 [pool-139-thread-1] INFO  server.RaftServerConfigKeys (ConfUtils.java:logGet(43)) - raft.server.log.force.sync.num = 128 (default)
2019-09-19 13:44:12,563 [pool-139-thread-1] INFO  server.RaftServerConfigKeys (ConfUtils.java:logGet(43)) - raft.server.log.statemachine.data.sync = true (default)
2019-09-19 13:44:12,563 [pool-139-thread-1] INFO  server.RaftServerConfigKeys (ConfUtils.java:logGet(43)) - raft.server.log.statemachine.data.sync.timeout = 10s (default)
2019-09-19 13:44:12,563 [pool-139-thread-1] INFO  server.RaftServerConfigKeys (ConfUtils.java:logGet(43)) - raft.server.log.statemachine.data.sync.timeout.retry = -1 (default)
2019-09-19 13:44:12,564 [pool-139-thread-1] INFO  server.RaftServerConfigKeys (ConfUtils.java:logGet(43)) - raft.server.log.statemachine.data.caching.enabled = true (custom)
2019-09-19 13:44:12,564 [pool-139-thread-1] INFO  segmented.SegmentedRaftLogWorker (SegmentedRaftLogWorker.java:lambda$new$0(132)) - 355d6de6-9f5a-4e69-bec6-16b0a4ae8745@group-500DD976540E-SegmentedRaftLogWorker: flushIndex: setUnconditionally 0 -> -1
2019-09-19 13:44:12,564 [pool-139-thread-1] INFO  server.RaftServerConfigKeys (ConfUtils.java:logGet(43)) - raft.server.snapshot.auto.trigger.enabled = true (custom)
2019-09-19 13:44:12,564 [pool-139-thread-1] INFO  server.RaftServerConfigKeys (ConfUtils.java:logGet(43)) - raft.server.snapshot.auto.trigger.threshold = 10000 (custom)
2019-09-19 13:44:12,564 [pool-139-thread-1] INFO  server.RaftServerConfigKeys (ConfUtils.java:logGet(43)) - raft.server.snapshot.retention.num.files = 5 (custom)
2019-09-19 13:44:12,564 [pool-139-thread-1] INFO  server.RaftServerConfigKeys (ConfUtils.java:logGet(43)) - raft.server.retrycache.expirytime = 600000ms (custom)
2019-09-19 13:44:12,566 [pool-139-thread-1] INFO  impl.RaftServerImpl (RaftServerImpl.java:start(185)) - 355d6de6-9f5a-4e69-bec6-16b0a4ae8745@group-500DD976540E: start as a follower, conf=-1: [355d6de6-9f5a-4e69-bec6-16b0a4ae8745:192.168.36.82:34279], old=null
2019-09-19 13:44:12,566 [pool-139-thread-1] INFO  impl.RaftServerImpl (RaftServerImpl.java:setRole(174)) - 355d6de6-9f5a-4e69-bec6-16b0a4ae8745@group-500DD976540E: changes role from      null to FOLLOWER at term 0 for startAsFollower
2019-09-19 13:44:12,566 [pool-139-thread-1] INFO  impl.RoleInfo (RoleInfo.java:updateAndGet(143)) - 355d6de6-9f5a-4e69-bec6-16b0a4ae8745: start FollowerState
2019-09-19 13:44:12,567 [pool-139-thread-1] INFO  util.JmxRegister (JmxRegister.java:tryRegister(44)) - Successfully registered JMX Bean with object name Ratis:service=RaftServer,group=group-500DD976540E,id=355d6de6-9f5a-4e69-bec6-16b0a4ae8745
2019-09-19 13:44:12,568 [IPC Server handler 7 on 41388] INFO  net.NetworkTopology (NetworkTopologyImpl.java:add(111)) - Added a new node: /default-rack/603ee2fb-7c46-43ae-b6f8-b4c13ebc4e54
2019-09-19 13:44:12,569 [IPC Server handler 7 on 41388] INFO  node.SCMNodeManager (SCMNodeManager.java:register(266)) - Registered Data node : 603ee2fb-7c46-43ae-b6f8-b4c13ebc4e54{ip: 192.168.36.82, host: pr-hdds-2151-rkvw4-133030696, networkLocation: /default-rack, certSerialId: null}
2019-09-19 13:44:12,570 [RatisPipelineUtilsThread] INFO  pipeline.PipelineStateManager (PipelineStateManager.java:addPipeline(56)) - Created pipeline Pipeline[ Id: 260ed1a4-0fe1-4484-8906-500dd976540e, Nodes: 355d6de6-9f5a-4e69-bec6-16b0a4ae8745{ip: 192.168.36.82, host: pr-hdds-2151-rkvw4-133030696, networkLocation: /default-rack, certSerialId: null}, Type:RATIS, Factor:ONE, State:OPEN]
2019-09-19 13:44:12,580 [grpc-default-executor-4] INFO  impl.RaftServerProxy (RaftServerProxy.java:addNew(89)) - 603ee2fb-7c46-43ae-b6f8-b4c13ebc4e54: addNew group-AAAF9D43168B:[603ee2fb-7c46-43ae-b6f8-b4c13ebc4e54:192.168.36.82:46778] returns group-AAAF9D43168B:java.util.concurrent.CompletableFuture@55cd492a[Not completed]
2019-09-19 13:44:12,587 [pool-149-thread-1] INFO  impl.RaftServerImpl (RaftServerImpl.java:<init>(95)) - 603ee2fb-7c46-43ae-b6f8-b4c13ebc4e54: new RaftServerImpl for group-AAAF9D43168B:[603ee2fb-7c46-43ae-b6f8-b4c13ebc4e54:192.168.36.82:46778] with ContainerStateMachine:uninitialized
2019-09-19 13:44:12,587 [pool-149-thread-1] INFO  server.RaftServerConfigKeys (ConfUtils.java:logGet(43)) - raft.server.rpc.timeout.min = 5s (custom)
2019-09-19 13:44:12,587 [pool-149-thread-1] INFO  server.RaftServerConfigKeys (ConfUtils.java:logGet(43)) - raft.server.rpc.timeout.max = 5200ms (custom)
2019-09-19 13:44:12,588 [pool-149-thread-1] INFO  server.RaftServerConfigKeys (ConfUtils.java:logGet(43)) - raft.server.rpcslowness.timeout = 120s (custom)
2019-09-19 13:44:12,588 [pool-149-thread-1] INFO  server.RaftServerConfigKeys (ConfUtils.java:logGet(43)) - raft.server.sleep.deviation.threshold = 300 (default)
2019-09-19 13:44:12,588 [pool-149-thread-1] INFO  server.RaftServerConfigKeys (ConfUtils.java:logGet(43)) - raft.server.log.appender.install.snapshot.enabled = false (custom)
2019-09-19 13:44:12,588 [pool-149-thread-1] INFO  impl.RaftServerImpl (ServerState.java:<init>(103)) - 603ee2fb-7c46-43ae-b6f8-b4c13ebc4e54@group-AAAF9D43168B: ConfigurationManager, init=-1: [603ee2fb-7c46-43ae-b6f8-b4c13ebc4e54:192.168.36.82:46778], old=null, confs=<EMPTY_MAP>
2019-09-19 13:44:12,589 [pool-149-thread-1] INFO  server.RaftServerConfigKeys (ConfUtils.java:logGet(43)) - raft.server.storage.dir = [/workdir/hadoop-ozone/integration-test/target/test-dir/MiniOzoneClusterImpl-17a4d03a-fc5f-4cc1-bd65-1bc8302b6d07/datanode-3/data/ratis] (custom)
2019-09-19 13:44:12,589 [pool-149-thread-1] INFO  storage.RaftStorageDirectory (RaftStorageDirectory.java:analyzeStorage(246)) - The storage directory /workdir/hadoop-ozone/integration-test/target/test-dir/MiniOzoneClusterImpl-17a4d03a-fc5f-4cc1-bd65-1bc8302b6d07/datanode-3/data/ratis/ec2fe873-ee5d-4bbd-9d06-aaaf9d43168b does not exist. Creating ...
2019-09-19 13:44:12,602 [pool-149-thread-1] INFO  storage.RaftStorageDirectory (RaftStorageDirectory.java:tryLock(328)) - Lock on /workdir/hadoop-ozone/integration-test/target/test-dir/MiniOzoneClusterImpl-17a4d03a-fc5f-4cc1-bd65-1bc8302b6d07/datanode-3/data/ratis/ec2fe873-ee5d-4bbd-9d06-aaaf9d43168b/in_use.lock acquired by nodename 14786@pr-hdds-2151-rkvw4-133030696
2019-09-19 13:44:12,615 [pool-149-thread-1] INFO  storage.RaftStorage (RaftStorage.java:format(72)) - Storage directory /workdir/hadoop-ozone/integration-test/target/test-dir/MiniOzoneClusterImpl-17a4d03a-fc5f-4cc1-bd65-1bc8302b6d07/datanode-3/data/ratis/ec2fe873-ee5d-4bbd-9d06-aaaf9d43168b has been successfully formatted.
2019-09-19 13:44:12,615 [pool-149-thread-1] INFO  ratis.ContainerStateMachine (ContainerStateMachine.java:loadSnapshot(230)) - group-AAAF9D43168B: The snapshot info is null. Setting the last applied indexto:(t:0, i:~)
2019-09-19 13:44:12,615 [pool-149-thread-1] INFO  server.RaftServerConfigKeys (ConfUtils.java:logGet(43)) - raft.server.notification.no-leader.timeout = 120s (custom)
2019-09-19 13:44:12,615 [pool-149-thread-1] INFO  server.RaftServerConfigKeys (ConfUtils.java:logGet(43)) - raft.server.log.use.memory = false (default)
2019-09-19 13:44:12,616 [pool-149-thread-1] INFO  server.RaftServerConfigKeys (ConfUtils.java:logGet(43)) - raft.server.log.purge.gap = 1000000 (custom)
2019-09-19 13:44:12,616 [pool-149-thread-1] INFO  server.RaftServerConfigKeys (ConfUtils.java:logGet(43)) - raft.server.log.appender.buffer.byte-limit = 33554432 (custom)
2019-09-19 13:44:12,616 [pool-149-thread-1] INFO  server.RaftServerConfigKeys (ConfUtils.java:logGet(43)) - raft.server.log.segment.size.max = 1048576 (custom)
2019-09-19 13:44:12,616 [pool-149-thread-1] INFO  server.RaftServerConfigKeys (ConfUtils.java:logGet(43)) - raft.server.log.segment.cache.num.max = 2 (custom)
2019-09-19 13:44:12,616 [pool-149-thread-1] INFO  segmented.SegmentedRaftLogWorker (SegmentedRaftLogWorker.java:<init>(172)) - new 603ee2fb-7c46-43ae-b6f8-b4c13ebc4e54@group-AAAF9D43168B-SegmentedRaftLogWorker for RaftStorage:Storage Directory /workdir/hadoop-ozone/integration-test/target/test-dir/MiniOzoneClusterImpl-17a4d03a-fc5f-4cc1-bd65-1bc8302b6d07/datanode-3/data/ratis/ec2fe873-ee5d-4bbd-9d06-aaaf9d43168b
2019-09-19 13:44:12,620 [pool-149-thread-1] INFO  server.RaftServerConfigKeys (ConfUtils.java:logGet(43)) - raft.server.log.queue.byte-limit = 2147483647 (custom)
2019-09-19 13:44:12,620 [pool-149-thread-1] INFO  server.RaftServerConfigKeys (ConfUtils.java:logGet(43)) - raft.server.log.queue.element-limit = 1024 (custom)
2019-09-19 13:44:12,620 [pool-149-thread-1] INFO  server.RaftServerConfigKeys (ConfUtils.java:logGet(43)) - raft.server.log.segment.size.max = 1048576 (custom)
2019-09-19 13:44:12,620 [pool-149-thread-1] INFO  server.RaftServerConfigKeys (ConfUtils.java:logGet(43)) - raft.server.log.preallocated.size = 16384 (custom)
2019-09-19 13:44:12,621 [pool-149-thread-1] INFO  server.RaftServerConfigKeys (ConfUtils.java:logGet(43)) - raft.server.log.write.buffer.size = 33554432 (custom)
2019-09-19 13:44:12,621 [pool-149-thread-1] INFO  server.RaftServerConfigKeys (ConfUtils.java:logGet(43)) - raft.server.log.force.sync.num = 128 (default)
2019-09-19 13:44:12,621 [pool-149-thread-1] INFO  server.RaftServerConfigKeys (ConfUtils.java:logGet(43)) - raft.server.log.statemachine.data.sync = true (default)
2019-09-19 13:44:12,621 [pool-149-thread-1] INFO  server.RaftServerConfigKeys (ConfUtils.java:logGet(43)) - raft.server.log.statemachine.data.sync.timeout = 10s (default)
2019-09-19 13:44:12,621 [pool-149-thread-1] INFO  server.RaftServerConfigKeys (ConfUtils.java:logGet(43)) - raft.server.log.statemachine.data.sync.timeout.retry = -1 (default)
2019-09-19 13:44:12,622 [pool-149-thread-1] INFO  server.RaftServerConfigKeys (ConfUtils.java:logGet(43)) - raft.server.log.statemachine.data.caching.enabled = true (custom)
2019-09-19 13:44:12,622 [pool-149-thread-1] INFO  segmented.SegmentedRaftLogWorker (SegmentedRaftLogWorker.java:lambda$new$0(132)) - 603ee2fb-7c46-43ae-b6f8-b4c13ebc4e54@group-AAAF9D43168B-SegmentedRaftLogWorker: flushIndex: setUnconditionally 0 -> -1
2019-09-19 13:44:12,623 [pool-149-thread-1] INFO  server.RaftServerConfigKeys (ConfUtils.java:logGet(43)) - raft.server.snapshot.auto.trigger.enabled = true (custom)
2019-09-19 13:44:12,623 [pool-149-thread-1] INFO  server.RaftServerConfigKeys (ConfUtils.java:logGet(43)) - raft.server.snapshot.auto.trigger.threshold = 10000 (custom)
2019-09-19 13:44:12,623 [pool-149-thread-1] INFO  server.RaftServerConfigKeys (ConfUtils.java:logGet(43)) - raft.server.snapshot.retention.num.files = 5 (custom)
2019-09-19 13:44:12,623 [pool-149-thread-1] INFO  server.RaftServerConfigKeys (ConfUtils.java:logGet(43)) - raft.server.retrycache.expirytime = 600000ms (custom)
2019-09-19 13:44:12,627 [pool-149-thread-1] INFO  impl.RaftServerImpl (RaftServerImpl.java:start(185)) - 603ee2fb-7c46-43ae-b6f8-b4c13ebc4e54@group-AAAF9D43168B: start as a follower, conf=-1: [603ee2fb-7c46-43ae-b6f8-b4c13ebc4e54:192.168.36.82:46778], old=null
2019-09-19 13:44:12,627 [pool-149-thread-1] INFO  impl.RaftServerImpl (RaftServerImpl.java:setRole(174)) - 603ee2fb-7c46-43ae-b6f8-b4c13ebc4e54@group-AAAF9D43168B: changes role from      null to FOLLOWER at term 0 for startAsFollower
2019-09-19 13:44:12,628 [pool-149-thread-1] INFO  impl.RoleInfo (RoleInfo.java:updateAndGet(143)) - 603ee2fb-7c46-43ae-b6f8-b4c13ebc4e54: start FollowerState
2019-09-19 13:44:12,642 [pool-149-thread-1] INFO  util.JmxRegister (JmxRegister.java:tryRegister(44)) - Successfully registered JMX Bean with object name Ratis:service=RaftServer,group=group-AAAF9D43168B,id=603ee2fb-7c46-43ae-b6f8-b4c13ebc4e54
2019-09-19 13:44:12,653 [IPC Server handler 1 on 41388] INFO  net.NetworkTopology (NetworkTopologyImpl.java:add(111)) - Added a new node: /default-rack/648e6349-4081-4bf2-8e46-398321de329c
2019-09-19 13:44:12,653 [IPC Server handler 1 on 41388] INFO  node.SCMNodeManager (SCMNodeManager.java:register(266)) - Registered Data node : 648e6349-4081-4bf2-8e46-398321de329c{ip: 192.168.36.82, host: pr-hdds-2151-rkvw4-133030696, networkLocation: /default-rack, certSerialId: null}
2019-09-19 13:44:12,655 [RatisPipelineUtilsThread] INFO  pipeline.PipelineStateManager (PipelineStateManager.java:addPipeline(56)) - Created pipeline Pipeline[ Id: ec2fe873-ee5d-4bbd-9d06-aaaf9d43168b, Nodes: 603ee2fb-7c46-43ae-b6f8-b4c13ebc4e54{ip: 192.168.36.82, host: pr-hdds-2151-rkvw4-133030696, networkLocation: /default-rack, certSerialId: null}, Type:RATIS, Factor:ONE, State:OPEN]
2019-09-19 13:44:12,664 [grpc-default-executor-4] INFO  impl.RaftServerProxy (RaftServerProxy.java:addNew(89)) - 648e6349-4081-4bf2-8e46-398321de329c: addNew group-D8B0D0F6B31D:[648e6349-4081-4bf2-8e46-398321de329c:192.168.36.82:46176] returns group-D8B0D0F6B31D:java.util.concurrent.CompletableFuture@908a8da[Not completed]
2019-09-19 13:44:12,673 [pool-159-thread-1] INFO  impl.RaftServerImpl (RaftServerImpl.java:<init>(95)) - 648e6349-4081-4bf2-8e46-398321de329c: new RaftServerImpl for group-D8B0D0F6B31D:[648e6349-4081-4bf2-8e46-398321de329c:192.168.36.82:46176] with ContainerStateMachine:uninitialized
2019-09-19 13:44:12,673 [pool-159-thread-1] INFO  server.RaftServerConfigKeys (ConfUtils.java:logGet(43)) - raft.server.rpc.timeout.min = 5s (custom)
2019-09-19 13:44:12,673 [pool-159-thread-1] INFO  server.RaftServerConfigKeys (ConfUtils.java:logGet(43)) - raft.server.rpc.timeout.max = 5200ms (custom)
2019-09-19 13:44:12,673 [pool-159-thread-1] INFO  server.RaftServerConfigKeys (ConfUtils.java:logGet(43)) - raft.server.rpcslowness.timeout = 120s (custom)
2019-09-19 13:44:12,673 [pool-159-thread-1] INFO  server.RaftServerConfigKeys (ConfUtils.java:logGet(43)) - raft.server.sleep.deviation.threshold = 300 (default)
2019-09-19 13:44:12,674 [pool-159-thread-1] INFO  server.RaftServerConfigKeys (ConfUtils.java:logGet(43)) - raft.server.log.appender.install.snapshot.enabled = false (custom)
2019-09-19 13:44:12,674 [pool-159-thread-1] INFO  impl.RaftServerImpl (ServerState.java:<init>(103)) - 648e6349-4081-4bf2-8e46-398321de329c@group-D8B0D0F6B31D: ConfigurationManager, init=-1: [648e6349-4081-4bf2-8e46-398321de329c:192.168.36.82:46176], old=null, confs=<EMPTY_MAP>
2019-09-19 13:44:12,674 [pool-159-thread-1] INFO  server.RaftServerConfigKeys (ConfUtils.java:logGet(43)) - raft.server.storage.dir = [/workdir/hadoop-ozone/integration-test/target/test-dir/MiniOzoneClusterImpl-17a4d03a-fc5f-4cc1-bd65-1bc8302b6d07/datanode-4/data/ratis] (custom)
2019-09-19 13:44:12,675 [pool-159-thread-1] INFO  storage.RaftStorageDirectory (RaftStorageDirectory.java:analyzeStorage(246)) - The storage directory /workdir/hadoop-ozone/integration-test/target/test-dir/MiniOzoneClusterImpl-17a4d03a-fc5f-4cc1-bd65-1bc8302b6d07/datanode-4/data/ratis/6b373125-7c65-484e-b36a-d8b0d0f6b31d does not exist. Creating ...
2019-09-19 13:44:12,686 [pool-159-thread-1] INFO  storage.RaftStorageDirectory (RaftStorageDirectory.java:tryLock(328)) - Lock on /workdir/hadoop-ozone/integration-test/target/test-dir/MiniOzoneClusterImpl-17a4d03a-fc5f-4cc1-bd65-1bc8302b6d07/datanode-4/data/ratis/6b373125-7c65-484e-b36a-d8b0d0f6b31d/in_use.lock acquired by nodename 14786@pr-hdds-2151-rkvw4-133030696
2019-09-19 13:44:12,695 [IPC Server handler 2 on 41388] INFO  net.NetworkTopology (NetworkTopologyImpl.java:add(111)) - Added a new node: /default-rack/18d3f7fe-50e5-4214-a1e5-787142f90379
2019-09-19 13:44:12,695 [IPC Server handler 2 on 41388] INFO  node.SCMNodeManager (SCMNodeManager.java:register(266)) - Registered Data node : 18d3f7fe-50e5-4214-a1e5-787142f90379{ip: 192.168.36.82, host: pr-hdds-2151-rkvw4-133030696, networkLocation: /default-rack, certSerialId: null}
2019-09-19 13:44:12,720 [pool-159-thread-1] INFO  storage.RaftStorage (RaftStorage.java:format(72)) - Storage directory /workdir/hadoop-ozone/integration-test/target/test-dir/MiniOzoneClusterImpl-17a4d03a-fc5f-4cc1-bd65-1bc8302b6d07/datanode-4/data/ratis/6b373125-7c65-484e-b36a-d8b0d0f6b31d has been successfully formatted.
2019-09-19 13:44:12,721 [pool-159-thread-1] INFO  ratis.ContainerStateMachine (ContainerStateMachine.java:loadSnapshot(230)) - group-D8B0D0F6B31D: The snapshot info is null. Setting the last applied indexto:(t:0, i:~)
2019-09-19 13:44:12,721 [pool-159-thread-1] INFO  server.RaftServerConfigKeys (ConfUtils.java:logGet(43)) - raft.server.notification.no-leader.timeout = 120s (custom)
2019-09-19 13:44:12,721 [pool-159-thread-1] INFO  server.RaftServerConfigKeys (ConfUtils.java:logGet(43)) - raft.server.log.use.memory = false (default)
2019-09-19 13:44:12,721 [pool-159-thread-1] INFO  server.RaftServerConfigKeys (ConfUtils.java:logGet(43)) - raft.server.log.purge.gap = 1000000 (custom)
2019-09-19 13:44:12,721 [pool-159-thread-1] INFO  server.RaftServerConfigKeys (ConfUtils.java:logGet(43)) - raft.server.log.appender.buffer.byte-limit = 33554432 (custom)
2019-09-19 13:44:12,721 [pool-159-thread-1] INFO  server.RaftServerConfigKeys (ConfUtils.java:logGet(43)) - raft.server.log.segment.size.max = 1048576 (custom)
2019-09-19 13:44:12,722 [pool-159-thread-1] INFO  server.RaftServerConfigKeys (ConfUtils.java:logGet(43)) - raft.server.log.segment.cache.num.max = 2 (custom)
2019-09-19 13:44:12,722 [pool-159-thread-1] INFO  segmented.SegmentedRaftLogWorker (SegmentedRaftLogWorker.java:<init>(172)) - new 648e6349-4081-4bf2-8e46-398321de329c@group-D8B0D0F6B31D-SegmentedRaftLogWorker for RaftStorage:Storage Directory /workdir/hadoop-ozone/integration-test/target/test-dir/MiniOzoneClusterImpl-17a4d03a-fc5f-4cc1-bd65-1bc8302b6d07/datanode-4/data/ratis/6b373125-7c65-484e-b36a-d8b0d0f6b31d
2019-09-19 13:44:12,724 [pool-159-thread-1] INFO  server.RaftServerConfigKeys (ConfUtils.java:logGet(43)) - raft.server.log.queue.byte-limit = 2147483647 (custom)
2019-09-19 13:44:12,724 [pool-159-thread-1] INFO  server.RaftServerConfigKeys (ConfUtils.java:logGet(43)) - raft.server.log.queue.element-limit = 1024 (custom)
2019-09-19 13:44:12,724 [pool-159-thread-1] INFO  server.RaftServerConfigKeys (ConfUtils.java:logGet(43)) - raft.server.log.segment.size.max = 1048576 (custom)
2019-09-19 13:44:12,724 [pool-159-thread-1] INFO  server.RaftServerConfigKeys (ConfUtils.java:logGet(43)) - raft.server.log.preallocated.size = 16384 (custom)
2019-09-19 13:44:12,724 [pool-159-thread-1] INFO  server.RaftServerConfigKeys (ConfUtils.java:logGet(43)) - raft.server.log.write.buffer.size = 33554432 (custom)
2019-09-19 13:44:12,725 [pool-159-thread-1] INFO  server.RaftServerConfigKeys (ConfUtils.java:logGet(43)) - raft.server.log.force.sync.num = 128 (default)
2019-09-19 13:44:12,725 [pool-159-thread-1] INFO  server.RaftServerConfigKeys (ConfUtils.java:logGet(43)) - raft.server.log.statemachine.data.sync = true (default)
2019-09-19 13:44:12,725 [pool-159-thread-1] INFO  server.RaftServerConfigKeys (ConfUtils.java:logGet(43)) - raft.server.log.statemachine.data.sync.timeout = 10s (default)
2019-09-19 13:44:12,725 [pool-159-thread-1] INFO  server.RaftServerConfigKeys (ConfUtils.java:logGet(43)) - raft.server.log.statemachine.data.sync.timeout.retry = -1 (default)
2019-09-19 13:44:12,725 [pool-159-thread-1] INFO  server.RaftServerConfigKeys (ConfUtils.java:logGet(43)) - raft.server.log.statemachine.data.caching.enabled = true (custom)
2019-09-19 13:44:12,726 [pool-159-thread-1] INFO  segmented.SegmentedRaftLogWorker (SegmentedRaftLogWorker.java:lambda$new$0(132)) - 648e6349-4081-4bf2-8e46-398321de329c@group-D8B0D0F6B31D-SegmentedRaftLogWorker: flushIndex: setUnconditionally 0 -> -1
2019-09-19 13:44:12,726 [pool-159-thread-1] INFO  server.RaftServerConfigKeys (ConfUtils.java:logGet(43)) - raft.server.snapshot.auto.trigger.enabled = true (custom)
2019-09-19 13:44:12,726 [pool-159-thread-1] INFO  server.RaftServerConfigKeys (ConfUtils.java:logGet(43)) - raft.server.snapshot.auto.trigger.threshold = 10000 (custom)
2019-09-19 13:44:12,726 [pool-159-thread-1] INFO  server.RaftServerConfigKeys (ConfUtils.java:logGet(43)) - raft.server.snapshot.retention.num.files = 5 (custom)
2019-09-19 13:44:12,726 [pool-159-thread-1] INFO  server.RaftServerConfigKeys (ConfUtils.java:logGet(43)) - raft.server.retrycache.expirytime = 600000ms (custom)
2019-09-19 13:44:12,729 [pool-159-thread-1] INFO  impl.RaftServerImpl (RaftServerImpl.java:start(185)) - 648e6349-4081-4bf2-8e46-398321de329c@group-D8B0D0F6B31D: start as a follower, conf=-1: [648e6349-4081-4bf2-8e46-398321de329c:192.168.36.82:46176], old=null
2019-09-19 13:44:12,729 [pool-159-thread-1] INFO  impl.RaftServerImpl (RaftServerImpl.java:setRole(174)) - 648e6349-4081-4bf2-8e46-398321de329c@group-D8B0D0F6B31D: changes role from      null to FOLLOWER at term 0 for startAsFollower
2019-09-19 13:44:12,729 [pool-159-thread-1] INFO  impl.RoleInfo (RoleInfo.java:updateAndGet(143)) - 648e6349-4081-4bf2-8e46-398321de329c: start FollowerState
2019-09-19 13:44:12,730 [pool-159-thread-1] INFO  util.JmxRegister (JmxRegister.java:tryRegister(44)) - Successfully registered JMX Bean with object name Ratis:service=RaftServer,group=group-D8B0D0F6B31D,id=648e6349-4081-4bf2-8e46-398321de329c
2019-09-19 13:44:12,732 [RatisPipelineUtilsThread] INFO  pipeline.PipelineStateManager (PipelineStateManager.java:addPipeline(56)) - Created pipeline Pipeline[ Id: 6b373125-7c65-484e-b36a-d8b0d0f6b31d, Nodes: 648e6349-4081-4bf2-8e46-398321de329c{ip: 192.168.36.82, host: pr-hdds-2151-rkvw4-133030696, networkLocation: /default-rack, certSerialId: null}, Type:RATIS, Factor:ONE, State:OPEN]
2019-09-19 13:44:12,741 [grpc-default-executor-4] INFO  impl.RaftServerProxy (RaftServerProxy.java:addNew(89)) - 18d3f7fe-50e5-4214-a1e5-787142f90379: addNew group-B85CB3AD8371:[18d3f7fe-50e5-4214-a1e5-787142f90379:192.168.36.82:32964] returns group-B85CB3AD8371:java.util.concurrent.CompletableFuture@58a2b4cb[Not completed]
2019-09-19 13:44:12,747 [pool-169-thread-1] INFO  impl.RaftServerImpl (RaftServerImpl.java:<init>(95)) - 18d3f7fe-50e5-4214-a1e5-787142f90379: new RaftServerImpl for group-B85CB3AD8371:[18d3f7fe-50e5-4214-a1e5-787142f90379:192.168.36.82:32964] with ContainerStateMachine:uninitialized
2019-09-19 13:44:12,747 [pool-169-thread-1] INFO  server.RaftServerConfigKeys (ConfUtils.java:logGet(43)) - raft.server.rpc.timeout.min = 5s (custom)
2019-09-19 13:44:12,747 [pool-169-thread-1] INFO  server.RaftServerConfigKeys (ConfUtils.java:logGet(43)) - raft.server.rpc.timeout.max = 5200ms (custom)
2019-09-19 13:44:12,748 [pool-169-thread-1] INFO  server.RaftServerConfigKeys (ConfUtils.java:logGet(43)) - raft.server.rpcslowness.timeout = 120s (custom)
2019-09-19 13:44:12,748 [pool-169-thread-1] INFO  server.RaftServerConfigKeys (ConfUtils.java:logGet(43)) - raft.server.sleep.deviation.threshold = 300 (default)
2019-09-19 13:44:12,748 [pool-169-thread-1] INFO  server.RaftServerConfigKeys (ConfUtils.java:logGet(43)) - raft.server.log.appender.install.snapshot.enabled = false (custom)
2019-09-19 13:44:12,748 [pool-169-thread-1] INFO  impl.RaftServerImpl (ServerState.java:<init>(103)) - 18d3f7fe-50e5-4214-a1e5-787142f90379@group-B85CB3AD8371: ConfigurationManager, init=-1: [18d3f7fe-50e5-4214-a1e5-787142f90379:192.168.36.82:32964], old=null, confs=<EMPTY_MAP>
2019-09-19 13:44:12,748 [pool-169-thread-1] INFO  server.RaftServerConfigKeys (ConfUtils.java:logGet(43)) - raft.server.storage.dir = [/workdir/hadoop-ozone/integration-test/target/test-dir/MiniOzoneClusterImpl-17a4d03a-fc5f-4cc1-bd65-1bc8302b6d07/datanode-5/data/ratis] (custom)
2019-09-19 13:44:12,749 [pool-169-thread-1] INFO  storage.RaftStorageDirectory (RaftStorageDirectory.java:analyzeStorage(246)) - The storage directory /workdir/hadoop-ozone/integration-test/target/test-dir/MiniOzoneClusterImpl-17a4d03a-fc5f-4cc1-bd65-1bc8302b6d07/datanode-5/data/ratis/d53511e3-3f5f-438c-93e3-b85cb3ad8371 does not exist. Creating ...
2019-09-19 13:44:12,759 [main] INFO  ozone.MiniOzoneClusterImpl (MiniOzoneClusterImpl.java:lambda$waitForClusterToBeReady$0(145)) - Waiting for cluster to be ready. Got 6 of 7 DN Heartbeats.
2019-09-19 13:44:12,760 [IPC Server handler 3 on 41388] INFO  net.NetworkTopology (NetworkTopologyImpl.java:add(111)) - Added a new node: /default-rack/e12d66f4-70bf-4d46-b2b0-c16a4ce73304
2019-09-19 13:44:12,760 [IPC Server handler 3 on 41388] INFO  node.SCMNodeManager (SCMNodeManager.java:register(266)) - Registered Data node : e12d66f4-70bf-4d46-b2b0-c16a4ce73304{ip: 192.168.36.82, host: pr-hdds-2151-rkvw4-133030696, networkLocation: /default-rack, certSerialId: null}
2019-09-19 13:44:12,761 [pool-169-thread-1] INFO  storage.RaftStorageDirectory (RaftStorageDirectory.java:tryLock(328)) - Lock on /workdir/hadoop-ozone/integration-test/target/test-dir/MiniOzoneClusterImpl-17a4d03a-fc5f-4cc1-bd65-1bc8302b6d07/datanode-5/data/ratis/d53511e3-3f5f-438c-93e3-b85cb3ad8371/in_use.lock acquired by nodename 14786@pr-hdds-2151-rkvw4-133030696
2019-09-19 13:44:12,774 [pool-169-thread-1] INFO  storage.RaftStorage (RaftStorage.java:format(72)) - Storage directory /workdir/hadoop-ozone/integration-test/target/test-dir/MiniOzoneClusterImpl-17a4d03a-fc5f-4cc1-bd65-1bc8302b6d07/datanode-5/data/ratis/d53511e3-3f5f-438c-93e3-b85cb3ad8371 has been successfully formatted.
2019-09-19 13:44:12,774 [pool-169-thread-1] INFO  ratis.ContainerStateMachine (ContainerStateMachine.java:loadSnapshot(230)) - group-B85CB3AD8371: The snapshot info is null. Setting the last applied indexto:(t:0, i:~)
2019-09-19 13:44:12,774 [pool-169-thread-1] INFO  server.RaftServerConfigKeys (ConfUtils.java:logGet(43)) - raft.server.notification.no-leader.timeout = 120s (custom)
2019-09-19 13:44:12,774 [pool-169-thread-1] INFO  server.RaftServerConfigKeys (ConfUtils.java:logGet(43)) - raft.server.log.use.memory = false (default)
2019-09-19 13:44:12,775 [pool-169-thread-1] INFO  server.RaftServerConfigKeys (ConfUtils.java:logGet(43)) - raft.server.log.purge.gap = 1000000 (custom)
2019-09-19 13:44:12,775 [pool-169-thread-1] INFO  server.RaftServerConfigKeys (ConfUtils.java:logGet(43)) - raft.server.log.appender.buffer.byte-limit = 33554432 (custom)
2019-09-19 13:44:12,775 [pool-169-thread-1] INFO  server.RaftServerConfigKeys (ConfUtils.java:logGet(43)) - raft.server.log.segment.size.max = 1048576 (custom)
2019-09-19 13:44:12,775 [pool-169-thread-1] INFO  server.RaftServerConfigKeys (ConfUtils.java:logGet(43)) - raft.server.log.segment.cache.num.max = 2 (custom)
2019-09-19 13:44:12,775 [pool-169-thread-1] INFO  segmented.SegmentedRaftLogWorker (SegmentedRaftLogWorker.java:<init>(172)) - new 18d3f7fe-50e5-4214-a1e5-787142f90379@group-B85CB3AD8371-SegmentedRaftLogWorker for RaftStorage:Storage Directory /workdir/hadoop-ozone/integration-test/target/test-dir/MiniOzoneClusterImpl-17a4d03a-fc5f-4cc1-bd65-1bc8302b6d07/datanode-5/data/ratis/d53511e3-3f5f-438c-93e3-b85cb3ad8371
2019-09-19 13:44:12,777 [pool-169-thread-1] INFO  server.RaftServerConfigKeys (ConfUtils.java:logGet(43)) - raft.server.log.queue.byte-limit = 2147483647 (custom)
2019-09-19 13:44:12,777 [pool-169-thread-1] INFO  server.RaftServerConfigKeys (ConfUtils.java:logGet(43)) - raft.server.log.queue.element-limit = 1024 (custom)
2019-09-19 13:44:12,777 [pool-169-thread-1] INFO  server.RaftServerConfigKeys (ConfUtils.java:logGet(43)) - raft.server.log.segment.size.max = 1048576 (custom)
2019-09-19 13:44:12,777 [pool-169-thread-1] INFO  server.RaftServerConfigKeys (ConfUtils.java:logGet(43)) - raft.server.log.preallocated.size = 16384 (custom)
2019-09-19 13:44:12,778 [pool-169-thread-1] INFO  server.RaftServerConfigKeys (ConfUtils.java:logGet(43)) - raft.server.log.write.buffer.size = 33554432 (custom)
2019-09-19 13:44:12,778 [pool-169-thread-1] INFO  server.RaftServerConfigKeys (ConfUtils.java:logGet(43)) - raft.server.log.force.sync.num = 128 (default)
2019-09-19 13:44:12,778 [pool-169-thread-1] INFO  server.RaftServerConfigKeys (ConfUtils.java:logGet(43)) - raft.server.log.statemachine.data.sync = true (default)
2019-09-19 13:44:12,778 [pool-169-thread-1] INFO  server.RaftServerConfigKeys (ConfUtils.java:logGet(43)) - raft.server.log.statemachine.data.sync.timeout = 10s (default)
2019-09-19 13:44:12,778 [pool-169-thread-1] INFO  server.RaftServerConfigKeys (ConfUtils.java:logGet(43)) - raft.server.log.statemachine.data.sync.timeout.retry = -1 (default)
2019-09-19 13:44:12,778 [pool-169-thread-1] INFO  server.RaftServerConfigKeys (ConfUtils.java:logGet(43)) - raft.server.log.statemachine.data.caching.enabled = true (custom)
2019-09-19 13:44:12,779 [pool-169-thread-1] INFO  segmented.SegmentedRaftLogWorker (SegmentedRaftLogWorker.java:lambda$new$0(132)) - 18d3f7fe-50e5-4214-a1e5-787142f90379@group-B85CB3AD8371-SegmentedRaftLogWorker: flushIndex: setUnconditionally 0 -> -1
2019-09-19 13:44:12,779 [pool-169-thread-1] INFO  server.RaftServerConfigKeys (ConfUtils.java:logGet(43)) - raft.server.snapshot.auto.trigger.enabled = true (custom)
2019-09-19 13:44:12,779 [pool-169-thread-1] INFO  server.RaftServerConfigKeys (ConfUtils.java:logGet(43)) - raft.server.snapshot.auto.trigger.threshold = 10000 (custom)
2019-09-19 13:44:12,779 [pool-169-thread-1] INFO  server.RaftServerConfigKeys (ConfUtils.java:logGet(43)) - raft.server.snapshot.retention.num.files = 5 (custom)
2019-09-19 13:44:12,779 [pool-169-thread-1] INFO  server.RaftServerConfigKeys (ConfUtils.java:logGet(43)) - raft.server.retrycache.expirytime = 600000ms (custom)
2019-09-19 13:44:12,781 [pool-169-thread-1] INFO  impl.RaftServerImpl (RaftServerImpl.java:start(185)) - 18d3f7fe-50e5-4214-a1e5-787142f90379@group-B85CB3AD8371: start as a follower, conf=-1: [18d3f7fe-50e5-4214-a1e5-787142f90379:192.168.36.82:32964], old=null
2019-09-19 13:44:12,781 [pool-169-thread-1] INFO  impl.RaftServerImpl (RaftServerImpl.java:setRole(174)) - 18d3f7fe-50e5-4214-a1e5-787142f90379@group-B85CB3AD8371: changes role from      null to FOLLOWER at term 0 for startAsFollower
2019-09-19 13:44:12,781 [pool-169-thread-1] INFO  impl.RoleInfo (RoleInfo.java:updateAndGet(143)) - 18d3f7fe-50e5-4214-a1e5-787142f90379: start FollowerState
2019-09-19 13:44:12,782 [pool-169-thread-1] INFO  util.JmxRegister (JmxRegister.java:tryRegister(44)) - Successfully registered JMX Bean with object name Ratis:service=RaftServer,group=group-B85CB3AD8371,id=18d3f7fe-50e5-4214-a1e5-787142f90379
2019-09-19 13:44:12,784 [RatisPipelineUtilsThread] INFO  pipeline.PipelineStateManager (PipelineStateManager.java:addPipeline(56)) - Created pipeline Pipeline[ Id: d53511e3-3f5f-438c-93e3-b85cb3ad8371, Nodes: 18d3f7fe-50e5-4214-a1e5-787142f90379{ip: 192.168.36.82, host: pr-hdds-2151-rkvw4-133030696, networkLocation: /default-rack, certSerialId: null}, Type:RATIS, Factor:ONE, State:OPEN]
2019-09-19 13:44:12,964 [grpc-default-executor-4] INFO  impl.RaftServerProxy (RaftServerProxy.java:addNew(89)) - e12d66f4-70bf-4d46-b2b0-c16a4ce73304: addNew group-97809023DA60:[e12d66f4-70bf-4d46-b2b0-c16a4ce73304:192.168.36.82:36386] returns group-97809023DA60:java.util.concurrent.CompletableFuture@3eff4bbf[Not completed]
2019-09-19 13:44:12,971 [pool-179-thread-1] INFO  impl.RaftServerImpl (RaftServerImpl.java:<init>(95)) - e12d66f4-70bf-4d46-b2b0-c16a4ce73304: new RaftServerImpl for group-97809023DA60:[e12d66f4-70bf-4d46-b2b0-c16a4ce73304:192.168.36.82:36386] with ContainerStateMachine:uninitialized
2019-09-19 13:44:12,971 [pool-179-thread-1] INFO  server.RaftServerConfigKeys (ConfUtils.java:logGet(43)) - raft.server.rpc.timeout.min = 5s (custom)
2019-09-19 13:44:12,971 [pool-179-thread-1] INFO  server.RaftServerConfigKeys (ConfUtils.java:logGet(43)) - raft.server.rpc.timeout.max = 5200ms (custom)
2019-09-19 13:44:12,971 [pool-179-thread-1] INFO  server.RaftServerConfigKeys (ConfUtils.java:logGet(43)) - raft.server.rpcslowness.timeout = 120s (custom)
2019-09-19 13:44:12,972 [pool-179-thread-1] INFO  server.RaftServerConfigKeys (ConfUtils.java:logGet(43)) - raft.server.sleep.deviation.threshold = 300 (default)
2019-09-19 13:44:12,972 [pool-179-thread-1] INFO  server.RaftServerConfigKeys (ConfUtils.java:logGet(43)) - raft.server.log.appender.install.snapshot.enabled = false (custom)
2019-09-19 13:44:12,972 [pool-179-thread-1] INFO  impl.RaftServerImpl (ServerState.java:<init>(103)) - e12d66f4-70bf-4d46-b2b0-c16a4ce73304@group-97809023DA60: ConfigurationManager, init=-1: [e12d66f4-70bf-4d46-b2b0-c16a4ce73304:192.168.36.82:36386], old=null, confs=<EMPTY_MAP>
2019-09-19 13:44:12,972 [pool-179-thread-1] INFO  server.RaftServerConfigKeys (ConfUtils.java:logGet(43)) - raft.server.storage.dir = [/workdir/hadoop-ozone/integration-test/target/test-dir/MiniOzoneClusterImpl-17a4d03a-fc5f-4cc1-bd65-1bc8302b6d07/datanode-6/data/ratis] (custom)
2019-09-19 13:44:12,972 [pool-179-thread-1] INFO  storage.RaftStorageDirectory (RaftStorageDirectory.java:analyzeStorage(246)) - The storage directory /workdir/hadoop-ozone/integration-test/target/test-dir/MiniOzoneClusterImpl-17a4d03a-fc5f-4cc1-bd65-1bc8302b6d07/datanode-6/data/ratis/c0f92482-592a-4ace-b7a5-97809023da60 does not exist. Creating ...
2019-09-19 13:44:12,997 [pool-179-thread-1] INFO  storage.RaftStorageDirectory (RaftStorageDirectory.java:tryLock(328)) - Lock on /workdir/hadoop-ozone/integration-test/target/test-dir/MiniOzoneClusterImpl-17a4d03a-fc5f-4cc1-bd65-1bc8302b6d07/datanode-6/data/ratis/c0f92482-592a-4ace-b7a5-97809023da60/in_use.lock acquired by nodename 14786@pr-hdds-2151-rkvw4-133030696
2019-09-19 13:44:13,010 [pool-179-thread-1] INFO  storage.RaftStorage (RaftStorage.java:format(72)) - Storage directory /workdir/hadoop-ozone/integration-test/target/test-dir/MiniOzoneClusterImpl-17a4d03a-fc5f-4cc1-bd65-1bc8302b6d07/datanode-6/data/ratis/c0f92482-592a-4ace-b7a5-97809023da60 has been successfully formatted.
2019-09-19 13:44:13,010 [pool-179-thread-1] INFO  ratis.ContainerStateMachine (ContainerStateMachine.java:loadSnapshot(230)) - group-97809023DA60: The snapshot info is null. Setting the last applied indexto:(t:0, i:~)
2019-09-19 13:44:13,011 [pool-179-thread-1] INFO  server.RaftServerConfigKeys (ConfUtils.java:logGet(43)) - raft.server.notification.no-leader.timeout = 120s (custom)
2019-09-19 13:44:13,011 [pool-179-thread-1] INFO  server.RaftServerConfigKeys (ConfUtils.java:logGet(43)) - raft.server.log.use.memory = false (default)
2019-09-19 13:44:13,011 [pool-179-thread-1] INFO  server.RaftServerConfigKeys (ConfUtils.java:logGet(43)) - raft.server.log.purge.gap = 1000000 (custom)
2019-09-19 13:44:13,011 [pool-179-thread-1] INFO  server.RaftServerConfigKeys (ConfUtils.java:logGet(43)) - raft.server.log.appender.buffer.byte-limit = 33554432 (custom)
2019-09-19 13:44:13,011 [pool-179-thread-1] INFO  server.RaftServerConfigKeys (ConfUtils.java:logGet(43)) - raft.server.log.segment.size.max = 1048576 (custom)
2019-09-19 13:44:13,011 [pool-179-thread-1] INFO  server.RaftServerConfigKeys (ConfUtils.java:logGet(43)) - raft.server.log.segment.cache.num.max = 2 (custom)
2019-09-19 13:44:13,011 [pool-179-thread-1] INFO  segmented.SegmentedRaftLogWorker (SegmentedRaftLogWorker.java:<init>(172)) - new e12d66f4-70bf-4d46-b2b0-c16a4ce73304@group-97809023DA60-SegmentedRaftLogWorker for RaftStorage:Storage Directory /workdir/hadoop-ozone/integration-test/target/test-dir/MiniOzoneClusterImpl-17a4d03a-fc5f-4cc1-bd65-1bc8302b6d07/datanode-6/data/ratis/c0f92482-592a-4ace-b7a5-97809023da60
2019-09-19 13:44:13,016 [pool-179-thread-1] INFO  server.RaftServerConfigKeys (ConfUtils.java:logGet(43)) - raft.server.log.queue.byte-limit = 2147483647 (custom)
2019-09-19 13:44:13,016 [pool-179-thread-1] INFO  server.RaftServerConfigKeys (ConfUtils.java:logGet(43)) - raft.server.log.queue.element-limit = 1024 (custom)
2019-09-19 13:44:13,016 [pool-179-thread-1] INFO  server.RaftServerConfigKeys (ConfUtils.java:logGet(43)) - raft.server.log.segment.size.max = 1048576 (custom)
2019-09-19 13:44:13,017 [pool-179-thread-1] INFO  server.RaftServerConfigKeys (ConfUtils.java:logGet(43)) - raft.server.log.preallocated.size = 16384 (custom)
2019-09-19 13:44:13,017 [pool-179-thread-1] INFO  server.RaftServerConfigKeys (ConfUtils.java:logGet(43)) - raft.server.log.write.buffer.size = 33554432 (custom)
2019-09-19 13:44:13,017 [pool-179-thread-1] INFO  server.RaftServerConfigKeys (ConfUtils.java:logGet(43)) - raft.server.log.force.sync.num = 128 (default)
2019-09-19 13:44:13,017 [pool-179-thread-1] INFO  server.RaftServerConfigKeys (ConfUtils.java:logGet(43)) - raft.server.log.statemachine.data.sync = true (default)
2019-09-19 13:44:13,017 [pool-179-thread-1] INFO  server.RaftServerConfigKeys (ConfUtils.java:logGet(43)) - raft.server.log.statemachine.data.sync.timeout = 10s (default)
2019-09-19 13:44:13,017 [pool-179-thread-1] INFO  server.RaftServerConfigKeys (ConfUtils.java:logGet(43)) - raft.server.log.statemachine.data.sync.timeout.retry = -1 (default)
2019-09-19 13:44:13,017 [pool-179-thread-1] INFO  server.RaftServerConfigKeys (ConfUtils.java:logGet(43)) - raft.server.log.statemachine.data.caching.enabled = true (custom)
2019-09-19 13:44:13,018 [pool-179-thread-1] INFO  segmented.SegmentedRaftLogWorker (SegmentedRaftLogWorker.java:lambda$new$0(132)) - e12d66f4-70bf-4d46-b2b0-c16a4ce73304@group-97809023DA60-SegmentedRaftLogWorker: flushIndex: setUnconditionally 0 -> -1
2019-09-19 13:44:13,018 [pool-179-thread-1] INFO  server.RaftServerConfigKeys (ConfUtils.java:logGet(43)) - raft.server.snapshot.auto.trigger.enabled = true (custom)
2019-09-19 13:44:13,018 [pool-179-thread-1] INFO  server.RaftServerConfigKeys (ConfUtils.java:logGet(43)) - raft.server.snapshot.auto.trigger.threshold = 10000 (custom)
2019-09-19 13:44:13,018 [pool-179-thread-1] INFO  server.RaftServerConfigKeys (ConfUtils.java:logGet(43)) - raft.server.snapshot.retention.num.files = 5 (custom)
2019-09-19 13:44:13,018 [pool-179-thread-1] INFO  server.RaftServerConfigKeys (ConfUtils.java:logGet(43)) - raft.server.retrycache.expirytime = 600000ms (custom)
2019-09-19 13:44:13,021 [pool-179-thread-1] INFO  impl.RaftServerImpl (RaftServerImpl.java:start(185)) - e12d66f4-70bf-4d46-b2b0-c16a4ce73304@group-97809023DA60: start as a follower, conf=-1: [e12d66f4-70bf-4d46-b2b0-c16a4ce73304:192.168.36.82:36386], old=null
2019-09-19 13:44:13,021 [pool-179-thread-1] INFO  impl.RaftServerImpl (RaftServerImpl.java:setRole(174)) - e12d66f4-70bf-4d46-b2b0-c16a4ce73304@group-97809023DA60: changes role from      null to FOLLOWER at term 0 for startAsFollower
2019-09-19 13:44:13,021 [pool-179-thread-1] INFO  impl.RoleInfo (RoleInfo.java:updateAndGet(143)) - e12d66f4-70bf-4d46-b2b0-c16a4ce73304: start FollowerState
2019-09-19 13:44:13,021 [pool-179-thread-1] INFO  util.JmxRegister (JmxRegister.java:tryRegister(44)) - Successfully registered JMX Bean with object name Ratis:service=RaftServer,group=group-97809023DA60,id=e12d66f4-70bf-4d46-b2b0-c16a4ce73304
2019-09-19 13:44:13,024 [RatisPipelineUtilsThread] INFO  pipeline.PipelineStateManager (PipelineStateManager.java:addPipeline(56)) - Created pipeline Pipeline[ Id: c0f92482-592a-4ace-b7a5-97809023da60, Nodes: e12d66f4-70bf-4d46-b2b0-c16a4ce73304{ip: 192.168.36.82, host: pr-hdds-2151-rkvw4-133030696, networkLocation: /default-rack, certSerialId: null}, Type:RATIS, Factor:ONE, State:OPEN]
2019-09-19 13:44:13,044 [grpc-default-executor-2] INFO  impl.RaftServerProxy (RaftServerProxy.java:addNew(89)) - 3302a199-32cf-4b92-8bdd-2722ec9a1126: addNew group-4C0852F427BD:[3302a199-32cf-4b92-8bdd-2722ec9a1126:192.168.36.82:36086, 355d6de6-9f5a-4e69-bec6-16b0a4ae8745:192.168.36.82:34279, 648e6349-4081-4bf2-8e46-398321de329c:192.168.36.82:46176] returns group-4C0852F427BD:java.util.concurrent.CompletableFuture@69e0a46a[Not completed]
2019-09-19 13:44:13,044 [grpc-default-executor-3] INFO  impl.RaftServerProxy (RaftServerProxy.java:addNew(89)) - 648e6349-4081-4bf2-8e46-398321de329c: addNew group-4C0852F427BD:[3302a199-32cf-4b92-8bdd-2722ec9a1126:192.168.36.82:36086, 355d6de6-9f5a-4e69-bec6-16b0a4ae8745:192.168.36.82:34279, 648e6349-4081-4bf2-8e46-398321de329c:192.168.36.82:46176] returns group-4C0852F427BD:java.util.concurrent.CompletableFuture@2790bbb5[Not completed]
2019-09-19 13:44:13,044 [grpc-default-executor-4] INFO  impl.RaftServerProxy (RaftServerProxy.java:addNew(89)) - 355d6de6-9f5a-4e69-bec6-16b0a4ae8745: addNew group-4C0852F427BD:[3302a199-32cf-4b92-8bdd-2722ec9a1126:192.168.36.82:36086, 355d6de6-9f5a-4e69-bec6-16b0a4ae8745:192.168.36.82:34279, 648e6349-4081-4bf2-8e46-398321de329c:192.168.36.82:46176] returns group-4C0852F427BD:java.util.concurrent.CompletableFuture@63cd202d[Not completed]
2019-09-19 13:44:13,046 [pool-129-thread-1] INFO  impl.RaftServerImpl (RaftServerImpl.java:<init>(95)) - 3302a199-32cf-4b92-8bdd-2722ec9a1126: new RaftServerImpl for group-4C0852F427BD:[3302a199-32cf-4b92-8bdd-2722ec9a1126:192.168.36.82:36086, 355d6de6-9f5a-4e69-bec6-16b0a4ae8745:192.168.36.82:34279, 648e6349-4081-4bf2-8e46-398321de329c:192.168.36.82:46176] with ContainerStateMachine:uninitialized
2019-09-19 13:44:13,047 [pool-129-thread-1] INFO  server.RaftServerConfigKeys (ConfUtils.java:logGet(43)) - raft.server.rpc.timeout.min = 5s (custom)
2019-09-19 13:44:13,047 [pool-129-thread-1] INFO  server.RaftServerConfigKeys (ConfUtils.java:logGet(43)) - raft.server.rpc.timeout.max = 5200ms (custom)
2019-09-19 13:44:13,047 [pool-129-thread-1] INFO  server.RaftServerConfigKeys (ConfUtils.java:logGet(43)) - raft.server.rpcslowness.timeout = 120s (custom)
2019-09-19 13:44:13,047 [pool-129-thread-1] INFO  server.RaftServerConfigKeys (ConfUtils.java:logGet(43)) - raft.server.sleep.deviation.threshold = 300 (default)
2019-09-19 13:44:13,047 [pool-129-thread-1] INFO  server.RaftServerConfigKeys (ConfUtils.java:logGet(43)) - raft.server.log.appender.install.snapshot.enabled = false (custom)
2019-09-19 13:44:13,047 [pool-159-thread-1] INFO  impl.RaftServerImpl (RaftServerImpl.java:<init>(95)) - 648e6349-4081-4bf2-8e46-398321de329c: new RaftServerImpl for group-4C0852F427BD:[3302a199-32cf-4b92-8bdd-2722ec9a1126:192.168.36.82:36086, 355d6de6-9f5a-4e69-bec6-16b0a4ae8745:192.168.36.82:34279, 648e6349-4081-4bf2-8e46-398321de329c:192.168.36.82:46176] with ContainerStateMachine:uninitialized
2019-09-19 13:44:13,048 [pool-129-thread-1] INFO  impl.RaftServerImpl (ServerState.java:<init>(103)) - 3302a199-32cf-4b92-8bdd-2722ec9a1126@group-4C0852F427BD: ConfigurationManager, init=-1: [3302a199-32cf-4b92-8bdd-2722ec9a1126:192.168.36.82:36086, 355d6de6-9f5a-4e69-bec6-16b0a4ae8745:192.168.36.82:34279, 648e6349-4081-4bf2-8e46-398321de329c:192.168.36.82:46176], old=null, confs=<EMPTY_MAP>
2019-09-19 13:44:13,048 [pool-159-thread-1] INFO  server.RaftServerConfigKeys (ConfUtils.java:logGet(43)) - raft.server.rpc.timeout.min = 5s (custom)
2019-09-19 13:44:13,048 [pool-129-thread-1] INFO  server.RaftServerConfigKeys (ConfUtils.java:logGet(43)) - raft.server.storage.dir = [/workdir/hadoop-ozone/integration-test/target/test-dir/MiniOzoneClusterImpl-17a4d03a-fc5f-4cc1-bd65-1bc8302b6d07/datanode-1/data/ratis] (custom)
2019-09-19 13:44:13,048 [pool-139-thread-1] INFO  impl.RaftServerImpl (RaftServerImpl.java:<init>(95)) - 355d6de6-9f5a-4e69-bec6-16b0a4ae8745: new RaftServerImpl for group-4C0852F427BD:[3302a199-32cf-4b92-8bdd-2722ec9a1126:192.168.36.82:36086, 355d6de6-9f5a-4e69-bec6-16b0a4ae8745:192.168.36.82:34279, 648e6349-4081-4bf2-8e46-398321de329c:192.168.36.82:46176] with ContainerStateMachine:uninitialized
2019-09-19 13:44:13,048 [pool-159-thread-1] INFO  server.RaftServerConfigKeys (ConfUtils.java:logGet(43)) - raft.server.rpc.timeout.max = 5200ms (custom)
2019-09-19 13:44:13,048 [pool-139-thread-1] INFO  server.RaftServerConfigKeys (ConfUtils.java:logGet(43)) - raft.server.rpc.timeout.min = 5s (custom)
2019-09-19 13:44:13,048 [pool-159-thread-1] INFO  server.RaftServerConfigKeys (ConfUtils.java:logGet(43)) - raft.server.rpcslowness.timeout = 120s (custom)
2019-09-19 13:44:13,049 [pool-129-thread-1] INFO  storage.RaftStorageDirectory (RaftStorageDirectory.java:analyzeStorage(246)) - The storage directory /workdir/hadoop-ozone/integration-test/target/test-dir/MiniOzoneClusterImpl-17a4d03a-fc5f-4cc1-bd65-1bc8302b6d07/datanode-1/data/ratis/ad10ff0c-3284-4291-973c-4c0852f427bd does not exist. Creating ...
2019-09-19 13:44:13,049 [pool-139-thread-1] INFO  server.RaftServerConfigKeys (ConfUtils.java:logGet(43)) - raft.server.rpc.timeout.max = 5200ms (custom)
2019-09-19 13:44:13,049 [pool-159-thread-1] INFO  server.RaftServerConfigKeys (ConfUtils.java:logGet(43)) - raft.server.sleep.deviation.threshold = 300 (default)
2019-09-19 13:44:13,049 [pool-139-thread-1] INFO  server.RaftServerConfigKeys (ConfUtils.java:logGet(43)) - raft.server.rpcslowness.timeout = 120s (custom)
2019-09-19 13:44:13,049 [pool-159-thread-1] INFO  server.RaftServerConfigKeys (ConfUtils.java:logGet(43)) - raft.server.log.appender.install.snapshot.enabled = false (custom)
2019-09-19 13:44:13,049 [pool-139-thread-1] INFO  server.RaftServerConfigKeys (ConfUtils.java:logGet(43)) - raft.server.sleep.deviation.threshold = 300 (default)
2019-09-19 13:44:13,049 [pool-159-thread-1] INFO  impl.RaftServerImpl (ServerState.java:<init>(103)) - 648e6349-4081-4bf2-8e46-398321de329c@group-4C0852F427BD: ConfigurationManager, init=-1: [3302a199-32cf-4b92-8bdd-2722ec9a1126:192.168.36.82:36086, 355d6de6-9f5a-4e69-bec6-16b0a4ae8745:192.168.36.82:34279, 648e6349-4081-4bf2-8e46-398321de329c:192.168.36.82:46176], old=null, confs=<EMPTY_MAP>
2019-09-19 13:44:13,049 [pool-139-thread-1] INFO  server.RaftServerConfigKeys (ConfUtils.java:logGet(43)) - raft.server.log.appender.install.snapshot.enabled = false (custom)
2019-09-19 13:44:13,050 [pool-159-thread-1] INFO  server.RaftServerConfigKeys (ConfUtils.java:logGet(43)) - raft.server.storage.dir = [/workdir/hadoop-ozone/integration-test/target/test-dir/MiniOzoneClusterImpl-17a4d03a-fc5f-4cc1-bd65-1bc8302b6d07/datanode-4/data/ratis] (custom)
2019-09-19 13:44:13,050 [pool-139-thread-1] INFO  impl.RaftServerImpl (ServerState.java:<init>(103)) - 355d6de6-9f5a-4e69-bec6-16b0a4ae8745@group-4C0852F427BD: ConfigurationManager, init=-1: [3302a199-32cf-4b92-8bdd-2722ec9a1126:192.168.36.82:36086, 355d6de6-9f5a-4e69-bec6-16b0a4ae8745:192.168.36.82:34279, 648e6349-4081-4bf2-8e46-398321de329c:192.168.36.82:46176], old=null, confs=<EMPTY_MAP>
2019-09-19 13:44:13,050 [pool-139-thread-1] INFO  server.RaftServerConfigKeys (ConfUtils.java:logGet(43)) - raft.server.storage.dir = [/workdir/hadoop-ozone/integration-test/target/test-dir/MiniOzoneClusterImpl-17a4d03a-fc5f-4cc1-bd65-1bc8302b6d07/datanode-2/data/ratis] (custom)
2019-09-19 13:44:13,050 [pool-159-thread-1] INFO  storage.RaftStorageDirectory (RaftStorageDirectory.java:analyzeStorage(246)) - The storage directory /workdir/hadoop-ozone/integration-test/target/test-dir/MiniOzoneClusterImpl-17a4d03a-fc5f-4cc1-bd65-1bc8302b6d07/datanode-4/data/ratis/ad10ff0c-3284-4291-973c-4c0852f427bd does not exist. Creating ...
2019-09-19 13:44:13,050 [pool-139-thread-1] INFO  storage.RaftStorageDirectory (RaftStorageDirectory.java:analyzeStorage(246)) - The storage directory /workdir/hadoop-ozone/integration-test/target/test-dir/MiniOzoneClusterImpl-17a4d03a-fc5f-4cc1-bd65-1bc8302b6d07/datanode-2/data/ratis/ad10ff0c-3284-4291-973c-4c0852f427bd does not exist. Creating ...
2019-09-19 13:44:13,074 [pool-139-thread-1] INFO  storage.RaftStorageDirectory (RaftStorageDirectory.java:tryLock(328)) - Lock on /workdir/hadoop-ozone/integration-test/target/test-dir/MiniOzoneClusterImpl-17a4d03a-fc5f-4cc1-bd65-1bc8302b6d07/datanode-2/data/ratis/ad10ff0c-3284-4291-973c-4c0852f427bd/in_use.lock acquired by nodename 14786@pr-hdds-2151-rkvw4-133030696
2019-09-19 13:44:13,074 [pool-129-thread-1] INFO  storage.RaftStorageDirectory (RaftStorageDirectory.java:tryLock(328)) - Lock on /workdir/hadoop-ozone/integration-test/target/test-dir/MiniOzoneClusterImpl-17a4d03a-fc5f-4cc1-bd65-1bc8302b6d07/datanode-1/data/ratis/ad10ff0c-3284-4291-973c-4c0852f427bd/in_use.lock acquired by nodename 14786@pr-hdds-2151-rkvw4-133030696
2019-09-19 13:44:13,074 [pool-159-thread-1] INFO  storage.RaftStorageDirectory (RaftStorageDirectory.java:tryLock(328)) - Lock on /workdir/hadoop-ozone/integration-test/target/test-dir/MiniOzoneClusterImpl-17a4d03a-fc5f-4cc1-bd65-1bc8302b6d07/datanode-4/data/ratis/ad10ff0c-3284-4291-973c-4c0852f427bd/in_use.lock acquired by nodename 14786@pr-hdds-2151-rkvw4-133030696
2019-09-19 13:44:13,099 [pool-139-thread-1] INFO  storage.RaftStorage (RaftStorage.java:format(72)) - Storage directory /workdir/hadoop-ozone/integration-test/target/test-dir/MiniOzoneClusterImpl-17a4d03a-fc5f-4cc1-bd65-1bc8302b6d07/datanode-2/data/ratis/ad10ff0c-3284-4291-973c-4c0852f427bd has been successfully formatted.
2019-09-19 13:44:13,099 [pool-129-thread-1] INFO  storage.RaftStorage (RaftStorage.java:format(72)) - Storage directory /workdir/hadoop-ozone/integration-test/target/test-dir/MiniOzoneClusterImpl-17a4d03a-fc5f-4cc1-bd65-1bc8302b6d07/datanode-1/data/ratis/ad10ff0c-3284-4291-973c-4c0852f427bd has been successfully formatted.
2019-09-19 13:44:13,099 [pool-159-thread-1] INFO  storage.RaftStorage (RaftStorage.java:format(72)) - Storage directory /workdir/hadoop-ozone/integration-test/target/test-dir/MiniOzoneClusterImpl-17a4d03a-fc5f-4cc1-bd65-1bc8302b6d07/datanode-4/data/ratis/ad10ff0c-3284-4291-973c-4c0852f427bd has been successfully formatted.
2019-09-19 13:44:13,099 [pool-139-thread-1] INFO  ratis.ContainerStateMachine (ContainerStateMachine.java:loadSnapshot(230)) - group-4C0852F427BD: The snapshot info is null. Setting the last applied indexto:(t:0, i:~)
2019-09-19 13:44:13,100 [pool-129-thread-1] INFO  ratis.ContainerStateMachine (ContainerStateMachine.java:loadSnapshot(230)) - group-4C0852F427BD: The snapshot info is null. Setting the last applied indexto:(t:0, i:~)
2019-09-19 13:44:13,100 [pool-159-thread-1] INFO  ratis.ContainerStateMachine (ContainerStateMachine.java:loadSnapshot(230)) - group-4C0852F427BD: The snapshot info is null. Setting the last applied indexto:(t:0, i:~)
2019-09-19 13:44:13,100 [pool-139-thread-1] INFO  server.RaftServerConfigKeys (ConfUtils.java:logGet(43)) - raft.server.notification.no-leader.timeout = 120s (custom)
2019-09-19 13:44:13,100 [pool-159-thread-1] INFO  server.RaftServerConfigKeys (ConfUtils.java:logGet(43)) - raft.server.notification.no-leader.timeout = 120s (custom)
2019-09-19 13:44:13,100 [pool-129-thread-1] INFO  server.RaftServerConfigKeys (ConfUtils.java:logGet(43)) - raft.server.notification.no-leader.timeout = 120s (custom)
2019-09-19 13:44:13,100 [pool-159-thread-1] INFO  server.RaftServerConfigKeys (ConfUtils.java:logGet(43)) - raft.server.log.use.memory = false (default)
2019-09-19 13:44:13,100 [pool-139-thread-1] INFO  server.RaftServerConfigKeys (ConfUtils.java:logGet(43)) - raft.server.log.use.memory = false (default)
2019-09-19 13:44:13,101 [pool-159-thread-1] INFO  server.RaftServerConfigKeys (ConfUtils.java:logGet(43)) - raft.server.log.purge.gap = 1000000 (custom)
2019-09-19 13:44:13,101 [pool-129-thread-1] INFO  server.RaftServerConfigKeys (ConfUtils.java:logGet(43)) - raft.server.log.use.memory = false (default)
2019-09-19 13:44:13,101 [pool-159-thread-1] INFO  server.RaftServerConfigKeys (ConfUtils.java:logGet(43)) - raft.server.log.appender.buffer.byte-limit = 33554432 (custom)
2019-09-19 13:44:13,101 [pool-139-thread-1] INFO  server.RaftServerConfigKeys (ConfUtils.java:logGet(43)) - raft.server.log.purge.gap = 1000000 (custom)
2019-09-19 13:44:13,101 [pool-159-thread-1] INFO  server.RaftServerConfigKeys (ConfUtils.java:logGet(43)) - raft.server.log.segment.size.max = 1048576 (custom)
2019-09-19 13:44:13,101 [pool-129-thread-1] INFO  server.RaftServerConfigKeys (ConfUtils.java:logGet(43)) - raft.server.log.purge.gap = 1000000 (custom)
2019-09-19 13:44:13,102 [pool-159-thread-1] INFO  server.RaftServerConfigKeys (ConfUtils.java:logGet(43)) - raft.server.log.segment.cache.num.max = 2 (custom)
2019-09-19 13:44:13,101 [pool-139-thread-1] INFO  server.RaftServerConfigKeys (ConfUtils.java:logGet(43)) - raft.server.log.appender.buffer.byte-limit = 33554432 (custom)
2019-09-19 13:44:13,102 [pool-159-thread-1] INFO  segmented.SegmentedRaftLogWorker (SegmentedRaftLogWorker.java:<init>(172)) - new 648e6349-4081-4bf2-8e46-398321de329c@group-4C0852F427BD-SegmentedRaftLogWorker for RaftStorage:Storage Directory /workdir/hadoop-ozone/integration-test/target/test-dir/MiniOzoneClusterImpl-17a4d03a-fc5f-4cc1-bd65-1bc8302b6d07/datanode-4/data/ratis/ad10ff0c-3284-4291-973c-4c0852f427bd
2019-09-19 13:44:13,102 [pool-129-thread-1] INFO  server.RaftServerConfigKeys (ConfUtils.java:logGet(43)) - raft.server.log.appender.buffer.byte-limit = 33554432 (custom)
2019-09-19 13:44:13,102 [pool-159-thread-1] INFO  server.RaftServerConfigKeys (ConfUtils.java:logGet(43)) - raft.server.log.queue.byte-limit = 2147483647 (custom)
2019-09-19 13:44:13,102 [pool-139-thread-1] INFO  server.RaftServerConfigKeys (ConfUtils.java:logGet(43)) - raft.server.log.segment.size.max = 1048576 (custom)
2019-09-19 13:44:13,102 [pool-159-thread-1] INFO  server.RaftServerConfigKeys (ConfUtils.java:logGet(43)) - raft.server.log.queue.element-limit = 1024 (custom)
2019-09-19 13:44:13,102 [pool-129-thread-1] INFO  server.RaftServerConfigKeys (ConfUtils.java:logGet(43)) - raft.server.log.segment.size.max = 1048576 (custom)
2019-09-19 13:44:13,103 [pool-159-thread-1] INFO  server.RaftServerConfigKeys (ConfUtils.java:logGet(43)) - raft.server.log.segment.size.max = 1048576 (custom)
2019-09-19 13:44:13,103 [pool-159-thread-1] INFO  server.RaftServerConfigKeys (ConfUtils.java:logGet(43)) - raft.server.log.preallocated.size = 16384 (custom)
2019-09-19 13:44:13,103 [pool-139-thread-1] INFO  server.RaftServerConfigKeys (ConfUtils.java:logGet(43)) - raft.server.log.segment.cache.num.max = 2 (custom)
2019-09-19 13:44:13,103 [pool-159-thread-1] INFO  server.RaftServerConfigKeys (ConfUtils.java:logGet(43)) - raft.server.log.write.buffer.size = 33554432 (custom)
2019-09-19 13:44:13,103 [pool-129-thread-1] INFO  server.RaftServerConfigKeys (ConfUtils.java:logGet(43)) - raft.server.log.segment.cache.num.max = 2 (custom)
2019-09-19 13:44:13,103 [pool-159-thread-1] INFO  server.RaftServerConfigKeys (ConfUtils.java:logGet(43)) - raft.server.log.force.sync.num = 128 (default)
2019-09-19 13:44:13,103 [pool-139-thread-1] INFO  segmented.SegmentedRaftLogWorker (SegmentedRaftLogWorker.java:<init>(172)) - new 355d6de6-9f5a-4e69-bec6-16b0a4ae8745@group-4C0852F427BD-SegmentedRaftLogWorker for RaftStorage:Storage Directory /workdir/hadoop-ozone/integration-test/target/test-dir/MiniOzoneClusterImpl-17a4d03a-fc5f-4cc1-bd65-1bc8302b6d07/datanode-2/data/ratis/ad10ff0c-3284-4291-973c-4c0852f427bd
2019-09-19 13:44:13,103 [pool-159-thread-1] INFO  server.RaftServerConfigKeys (ConfUtils.java:logGet(43)) - raft.server.log.statemachine.data.sync = true (default)
2019-09-19 13:44:13,103 [pool-129-thread-1] INFO  segmented.SegmentedRaftLogWorker (SegmentedRaftLogWorker.java:<init>(172)) - new 3302a199-32cf-4b92-8bdd-2722ec9a1126@group-4C0852F427BD-SegmentedRaftLogWorker for RaftStorage:Storage Directory /workdir/hadoop-ozone/integration-test/target/test-dir/MiniOzoneClusterImpl-17a4d03a-fc5f-4cc1-bd65-1bc8302b6d07/datanode-1/data/ratis/ad10ff0c-3284-4291-973c-4c0852f427bd
2019-09-19 13:44:13,104 [pool-159-thread-1] INFO  server.RaftServerConfigKeys (ConfUtils.java:logGet(43)) - raft.server.log.statemachine.data.sync.timeout = 10s (default)
2019-09-19 13:44:13,104 [pool-139-thread-1] INFO  server.RaftServerConfigKeys (ConfUtils.java:logGet(43)) - raft.server.log.queue.byte-limit = 2147483647 (custom)
2019-09-19 13:44:13,104 [pool-159-thread-1] INFO  server.RaftServerConfigKeys (ConfUtils.java:logGet(43)) - raft.server.log.statemachine.data.sync.timeout.retry = -1 (default)
2019-09-19 13:44:13,104 [pool-129-thread-1] INFO  server.RaftServerConfigKeys (ConfUtils.java:logGet(43)) - raft.server.log.queue.byte-limit = 2147483647 (custom)
2019-09-19 13:44:13,104 [pool-159-thread-1] INFO  server.RaftServerConfigKeys (ConfUtils.java:logGet(43)) - raft.server.log.statemachine.data.caching.enabled = true (custom)
2019-09-19 13:44:13,104 [pool-139-thread-1] INFO  server.RaftServerConfigKeys (ConfUtils.java:logGet(43)) - raft.server.log.queue.element-limit = 1024 (custom)
2019-09-19 13:44:13,104 [pool-129-thread-1] INFO  server.RaftServerConfigKeys (ConfUtils.java:logGet(43)) - raft.server.log.queue.element-limit = 1024 (custom)
2019-09-19 13:44:13,105 [pool-159-thread-1] INFO  segmented.SegmentedRaftLogWorker (SegmentedRaftLogWorker.java:lambda$new$0(132)) - 648e6349-4081-4bf2-8e46-398321de329c@group-4C0852F427BD-SegmentedRaftLogWorker: flushIndex: setUnconditionally 0 -> -1
2019-09-19 13:44:13,105 [pool-139-thread-1] INFO  server.RaftServerConfigKeys (ConfUtils.java:logGet(43)) - raft.server.log.segment.size.max = 1048576 (custom)
2019-09-19 13:44:13,105 [pool-129-thread-1] INFO  server.RaftServerConfigKeys (ConfUtils.java:logGet(43)) - raft.server.log.segment.size.max = 1048576 (custom)
2019-09-19 13:44:13,105 [pool-159-thread-1] INFO  server.RaftServerConfigKeys (ConfUtils.java:logGet(43)) - raft.server.snapshot.auto.trigger.enabled = true (custom)
2019-09-19 13:44:13,105 [pool-139-thread-1] INFO  server.RaftServerConfigKeys (ConfUtils.java:logGet(43)) - raft.server.log.preallocated.size = 16384 (custom)
2019-09-19 13:44:13,105 [pool-159-thread-1] INFO  server.RaftServerConfigKeys (ConfUtils.java:logGet(43)) - raft.server.snapshot.auto.trigger.threshold = 10000 (custom)
2019-09-19 13:44:13,105 [pool-129-thread-1] INFO  server.RaftServerConfigKeys (ConfUtils.java:logGet(43)) - raft.server.log.preallocated.size = 16384 (custom)
2019-09-19 13:44:13,105 [pool-159-thread-1] INFO  server.RaftServerConfigKeys (ConfUtils.java:logGet(43)) - raft.server.snapshot.retention.num.files = 5 (custom)
2019-09-19 13:44:13,105 [pool-139-thread-1] INFO  server.RaftServerConfigKeys (ConfUtils.java:logGet(43)) - raft.server.log.write.buffer.size = 33554432 (custom)
2019-09-19 13:44:13,106 [pool-159-thread-1] INFO  server.RaftServerConfigKeys (ConfUtils.java:logGet(43)) - raft.server.retrycache.expirytime = 600000ms (custom)
2019-09-19 13:44:13,105 [pool-129-thread-1] INFO  server.RaftServerConfigKeys (ConfUtils.java:logGet(43)) - raft.server.log.write.buffer.size = 33554432 (custom)
2019-09-19 13:44:13,106 [pool-139-thread-1] INFO  server.RaftServerConfigKeys (ConfUtils.java:logGet(43)) - raft.server.log.force.sync.num = 128 (default)
2019-09-19 13:44:13,106 [pool-129-thread-1] INFO  server.RaftServerConfigKeys (ConfUtils.java:logGet(43)) - raft.server.log.force.sync.num = 128 (default)
2019-09-19 13:44:13,106 [pool-139-thread-1] INFO  server.RaftServerConfigKeys (ConfUtils.java:logGet(43)) - raft.server.log.statemachine.data.sync = true (default)
2019-09-19 13:44:13,106 [pool-129-thread-1] INFO  server.RaftServerConfigKeys (ConfUtils.java:logGet(43)) - raft.server.log.statemachine.data.sync = true (default)
2019-09-19 13:44:13,106 [pool-139-thread-1] INFO  server.RaftServerConfigKeys (ConfUtils.java:logGet(43)) - raft.server.log.statemachine.data.sync.timeout = 10s (default)
2019-09-19 13:44:13,106 [pool-129-thread-1] INFO  server.RaftServerConfigKeys (ConfUtils.java:logGet(43)) - raft.server.log.statemachine.data.sync.timeout = 10s (default)
2019-09-19 13:44:13,107 [pool-139-thread-1] INFO  server.RaftServerConfigKeys (ConfUtils.java:logGet(43)) - raft.server.log.statemachine.data.sync.timeout.retry = -1 (default)
2019-09-19 13:44:13,107 [pool-129-thread-1] INFO  server.RaftServerConfigKeys (ConfUtils.java:logGet(43)) - raft.server.log.statemachine.data.sync.timeout.retry = -1 (default)
2019-09-19 13:44:13,107 [pool-139-thread-1] INFO  server.RaftServerConfigKeys (ConfUtils.java:logGet(43)) - raft.server.log.statemachine.data.caching.enabled = true (custom)
2019-09-19 13:44:13,107 [pool-129-thread-1] INFO  server.RaftServerConfigKeys (ConfUtils.java:logGet(43)) - raft.server.log.statemachine.data.caching.enabled = true (custom)
2019-09-19 13:44:13,107 [pool-139-thread-1] INFO  segmented.SegmentedRaftLogWorker (SegmentedRaftLogWorker.java:lambda$new$0(132)) - 355d6de6-9f5a-4e69-bec6-16b0a4ae8745@group-4C0852F427BD-SegmentedRaftLogWorker: flushIndex: setUnconditionally 0 -> -1
2019-09-19 13:44:13,107 [pool-139-thread-1] INFO  server.RaftServerConfigKeys (ConfUtils.java:logGet(43)) - raft.server.snapshot.auto.trigger.enabled = true (custom)
2019-09-19 13:44:13,107 [pool-129-thread-1] INFO  segmented.SegmentedRaftLogWorker (SegmentedRaftLogWorker.java:lambda$new$0(132)) - 3302a199-32cf-4b92-8bdd-2722ec9a1126@group-4C0852F427BD-SegmentedRaftLogWorker: flushIndex: setUnconditionally 0 -> -1
2019-09-19 13:44:13,108 [pool-159-thread-1] INFO  impl.RaftServerImpl (RaftServerImpl.java:start(185)) - 648e6349-4081-4bf2-8e46-398321de329c@group-4C0852F427BD: start as a follower, conf=-1: [3302a199-32cf-4b92-8bdd-2722ec9a1126:192.168.36.82:36086, 355d6de6-9f5a-4e69-bec6-16b0a4ae8745:192.168.36.82:34279, 648e6349-4081-4bf2-8e46-398321de329c:192.168.36.82:46176], old=null
2019-09-19 13:44:13,108 [pool-139-thread-1] INFO  server.RaftServerConfigKeys (ConfUtils.java:logGet(43)) - raft.server.snapshot.auto.trigger.threshold = 10000 (custom)
2019-09-19 13:44:13,108 [pool-159-thread-1] INFO  impl.RaftServerImpl (RaftServerImpl.java:setRole(174)) - 648e6349-4081-4bf2-8e46-398321de329c@group-4C0852F427BD: changes role from      null to FOLLOWER at term 0 for startAsFollower
2019-09-19 13:44:13,108 [pool-139-thread-1] INFO  server.RaftServerConfigKeys (ConfUtils.java:logGet(43)) - raft.server.snapshot.retention.num.files = 5 (custom)
2019-09-19 13:44:13,108 [pool-129-thread-1] INFO  server.RaftServerConfigKeys (ConfUtils.java:logGet(43)) - raft.server.snapshot.auto.trigger.enabled = true (custom)
2019-09-19 13:44:13,108 [pool-139-thread-1] INFO  server.RaftServerConfigKeys (ConfUtils.java:logGet(43)) - raft.server.retrycache.expirytime = 600000ms (custom)
2019-09-19 13:44:13,108 [pool-159-thread-1] INFO  impl.RoleInfo (RoleInfo.java:updateAndGet(143)) - 648e6349-4081-4bf2-8e46-398321de329c: start FollowerState
2019-09-19 13:44:13,108 [pool-129-thread-1] INFO  server.RaftServerConfigKeys (ConfUtils.java:logGet(43)) - raft.server.snapshot.auto.trigger.threshold = 10000 (custom)
2019-09-19 13:44:13,109 [pool-129-thread-1] INFO  server.RaftServerConfigKeys (ConfUtils.java:logGet(43)) - raft.server.snapshot.retention.num.files = 5 (custom)
2019-09-19 13:44:13,109 [pool-159-thread-1] INFO  util.JmxRegister (JmxRegister.java:tryRegister(44)) - Successfully registered JMX Bean with object name Ratis:service=RaftServer,group=group-4C0852F427BD,id=648e6349-4081-4bf2-8e46-398321de329c
2019-09-19 13:44:13,109 [pool-129-thread-1] INFO  server.RaftServerConfigKeys (ConfUtils.java:logGet(43)) - raft.server.retrycache.expirytime = 600000ms (custom)
2019-09-19 13:44:13,110 [pool-139-thread-1] INFO  impl.RaftServerImpl (RaftServerImpl.java:start(185)) - 355d6de6-9f5a-4e69-bec6-16b0a4ae8745@group-4C0852F427BD: start as a follower, conf=-1: [3302a199-32cf-4b92-8bdd-2722ec9a1126:192.168.36.82:36086, 355d6de6-9f5a-4e69-bec6-16b0a4ae8745:192.168.36.82:34279, 648e6349-4081-4bf2-8e46-398321de329c:192.168.36.82:46176], old=null
2019-09-19 13:44:13,110 [pool-139-thread-1] INFO  impl.RaftServerImpl (RaftServerImpl.java:setRole(174)) - 355d6de6-9f5a-4e69-bec6-16b0a4ae8745@group-4C0852F427BD: changes role from      null to FOLLOWER at term 0 for startAsFollower
2019-09-19 13:44:13,111 [pool-139-thread-1] INFO  impl.RoleInfo (RoleInfo.java:updateAndGet(143)) - 355d6de6-9f5a-4e69-bec6-16b0a4ae8745: start FollowerState
2019-09-19 13:44:13,111 [pool-139-thread-1] INFO  util.JmxRegister (JmxRegister.java:tryRegister(44)) - Successfully registered JMX Bean with object name Ratis:service=RaftServer,group=group-4C0852F427BD,id=355d6de6-9f5a-4e69-bec6-16b0a4ae8745
2019-09-19 13:44:13,112 [pool-129-thread-1] INFO  impl.RaftServerImpl (RaftServerImpl.java:start(185)) - 3302a199-32cf-4b92-8bdd-2722ec9a1126@group-4C0852F427BD: start as a follower, conf=-1: [3302a199-32cf-4b92-8bdd-2722ec9a1126:192.168.36.82:36086, 355d6de6-9f5a-4e69-bec6-16b0a4ae8745:192.168.36.82:34279, 648e6349-4081-4bf2-8e46-398321de329c:192.168.36.82:46176], old=null
2019-09-19 13:44:13,113 [pool-129-thread-1] INFO  impl.RaftServerImpl (RaftServerImpl.java:setRole(174)) - 3302a199-32cf-4b92-8bdd-2722ec9a1126@group-4C0852F427BD: changes role from      null to FOLLOWER at term 0 for startAsFollower
2019-09-19 13:44:13,113 [pool-129-thread-1] INFO  impl.RoleInfo (RoleInfo.java:updateAndGet(143)) - 3302a199-32cf-4b92-8bdd-2722ec9a1126: start FollowerState
2019-09-19 13:44:13,113 [pool-129-thread-1] INFO  util.JmxRegister (JmxRegister.java:tryRegister(44)) - Successfully registered JMX Bean with object name Ratis:service=RaftServer,group=group-4C0852F427BD,id=3302a199-32cf-4b92-8bdd-2722ec9a1126
2019-09-19 13:44:13,115 [RatisPipelineUtilsThread] INFO  pipeline.PipelineStateManager (PipelineStateManager.java:addPipeline(56)) - Created pipeline Pipeline[ Id: ad10ff0c-3284-4291-973c-4c0852f427bd, Nodes: 648e6349-4081-4bf2-8e46-398321de329c{ip: 192.168.36.82, host: pr-hdds-2151-rkvw4-133030696, networkLocation: /default-rack, certSerialId: null}3302a199-32cf-4b92-8bdd-2722ec9a1126{ip: 192.168.36.82, host: pr-hdds-2151-rkvw4-133030696, networkLocation: /default-rack, certSerialId: null}355d6de6-9f5a-4e69-bec6-16b0a4ae8745{ip: 192.168.36.82, host: pr-hdds-2151-rkvw4-133030696, networkLocation: /default-rack, certSerialId: null}, Type:RATIS, Factor:THREE, State:OPEN]
2019-09-19 13:44:13,132 [grpc-default-executor-2] INFO  impl.RaftServerProxy (RaftServerProxy.java:addNew(89)) - 18d3f7fe-50e5-4214-a1e5-787142f90379: addNew group-E86B211EAF54:[603ee2fb-7c46-43ae-b6f8-b4c13ebc4e54:192.168.36.82:46778, e12d66f4-70bf-4d46-b2b0-c16a4ce73304:192.168.36.82:36386, 18d3f7fe-50e5-4214-a1e5-787142f90379:192.168.36.82:32964] returns group-E86B211EAF54:java.util.concurrent.CompletableFuture@2afba7bb[Not completed]
2019-09-19 13:44:13,132 [grpc-default-executor-4] INFO  impl.RaftServerProxy (RaftServerProxy.java:addNew(89)) - e12d66f4-70bf-4d46-b2b0-c16a4ce73304: addNew group-E86B211EAF54:[603ee2fb-7c46-43ae-b6f8-b4c13ebc4e54:192.168.36.82:46778, e12d66f4-70bf-4d46-b2b0-c16a4ce73304:192.168.36.82:36386, 18d3f7fe-50e5-4214-a1e5-787142f90379:192.168.36.82:32964] returns group-E86B211EAF54:java.util.concurrent.CompletableFuture@4f8b26b2[Not completed]
2019-09-19 13:44:13,141 [grpc-default-executor-3] INFO  impl.RaftServerProxy (RaftServerProxy.java:addNew(89)) - 603ee2fb-7c46-43ae-b6f8-b4c13ebc4e54: addNew group-E86B211EAF54:[603ee2fb-7c46-43ae-b6f8-b4c13ebc4e54:192.168.36.82:46778, e12d66f4-70bf-4d46-b2b0-c16a4ce73304:192.168.36.82:36386, 18d3f7fe-50e5-4214-a1e5-787142f90379:192.168.36.82:32964] returns group-E86B211EAF54:java.util.concurrent.CompletableFuture@527b93de[Not completed]
2019-09-19 13:44:13,144 [pool-169-thread-1] INFO  impl.RaftServerImpl (RaftServerImpl.java:<init>(95)) - 18d3f7fe-50e5-4214-a1e5-787142f90379: new RaftServerImpl for group-E86B211EAF54:[603ee2fb-7c46-43ae-b6f8-b4c13ebc4e54:192.168.36.82:46778, e12d66f4-70bf-4d46-b2b0-c16a4ce73304:192.168.36.82:36386, 18d3f7fe-50e5-4214-a1e5-787142f90379:192.168.36.82:32964] with ContainerStateMachine:uninitialized
2019-09-19 13:44:13,144 [pool-169-thread-1] INFO  server.RaftServerConfigKeys (ConfUtils.java:logGet(43)) - raft.server.rpc.timeout.min = 5s (custom)
2019-09-19 13:44:13,145 [pool-169-thread-1] INFO  server.RaftServerConfigKeys (ConfUtils.java:logGet(43)) - raft.server.rpc.timeout.max = 5200ms (custom)
2019-09-19 13:44:13,145 [pool-169-thread-1] INFO  server.RaftServerConfigKeys (ConfUtils.java:logGet(43)) - raft.server.rpcslowness.timeout = 120s (custom)
2019-09-19 13:44:13,145 [pool-169-thread-1] INFO  server.RaftServerConfigKeys (ConfUtils.java:logGet(43)) - raft.server.sleep.deviation.threshold = 300 (default)
2019-09-19 13:44:13,145 [pool-169-thread-1] INFO  server.RaftServerConfigKeys (ConfUtils.java:logGet(43)) - raft.server.log.appender.install.snapshot.enabled = false (custom)
2019-09-19 13:44:13,145 [pool-149-thread-1] INFO  impl.RaftServerImpl (RaftServerImpl.java:<init>(95)) - 603ee2fb-7c46-43ae-b6f8-b4c13ebc4e54: new RaftServerImpl for group-E86B211EAF54:[603ee2fb-7c46-43ae-b6f8-b4c13ebc4e54:192.168.36.82:46778, e12d66f4-70bf-4d46-b2b0-c16a4ce73304:192.168.36.82:36386, 18d3f7fe-50e5-4214-a1e5-787142f90379:192.168.36.82:32964] with ContainerStateMachine:uninitialized
2019-09-19 13:44:13,145 [pool-169-thread-1] INFO  impl.RaftServerImpl (ServerState.java:<init>(103)) - 18d3f7fe-50e5-4214-a1e5-787142f90379@group-E86B211EAF54: ConfigurationManager, init=-1: [603ee2fb-7c46-43ae-b6f8-b4c13ebc4e54:192.168.36.82:46778, e12d66f4-70bf-4d46-b2b0-c16a4ce73304:192.168.36.82:36386, 18d3f7fe-50e5-4214-a1e5-787142f90379:192.168.36.82:32964], old=null, confs=<EMPTY_MAP>
2019-09-19 13:44:13,145 [pool-149-thread-1] INFO  server.RaftServerConfigKeys (ConfUtils.java:logGet(43)) - raft.server.rpc.timeout.min = 5s (custom)
2019-09-19 13:44:13,146 [pool-169-thread-1] INFO  server.RaftServerConfigKeys (ConfUtils.java:logGet(43)) - raft.server.storage.dir = [/workdir/hadoop-ozone/integration-test/target/test-dir/MiniOzoneClusterImpl-17a4d03a-fc5f-4cc1-bd65-1bc8302b6d07/datanode-5/data/ratis] (custom)
2019-09-19 13:44:13,146 [pool-179-thread-1] INFO  impl.RaftServerImpl (RaftServerImpl.java:<init>(95)) - e12d66f4-70bf-4d46-b2b0-c16a4ce73304: new RaftServerImpl for group-E86B211EAF54:[603ee2fb-7c46-43ae-b6f8-b4c13ebc4e54:192.168.36.82:46778, e12d66f4-70bf-4d46-b2b0-c16a4ce73304:192.168.36.82:36386, 18d3f7fe-50e5-4214-a1e5-787142f90379:192.168.36.82:32964] with ContainerStateMachine:uninitialized
2019-09-19 13:44:13,146 [pool-149-thread-1] INFO  server.RaftServerConfigKeys (ConfUtils.java:logGet(43)) - raft.server.rpc.timeout.max = 5200ms (custom)
2019-09-19 13:44:13,146 [pool-169-thread-1] INFO  storage.RaftStorageDirectory (RaftStorageDirectory.java:analyzeStorage(246)) - The storage directory /workdir/hadoop-ozone/integration-test/target/test-dir/MiniOzoneClusterImpl-17a4d03a-fc5f-4cc1-bd65-1bc8302b6d07/datanode-5/data/ratis/fe9c9b04-8941-494f-b572-e86b211eaf54 does not exist. Creating ...
2019-09-19 13:44:13,146 [pool-179-thread-1] INFO  server.RaftServerConfigKeys (ConfUtils.java:logGet(43)) - raft.server.rpc.timeout.min = 5s (custom)
2019-09-19 13:44:13,146 [pool-149-thread-1] INFO  server.RaftServerConfigKeys (ConfUtils.java:logGet(43)) - raft.server.rpcslowness.timeout = 120s (custom)
2019-09-19 13:44:13,146 [pool-179-thread-1] INFO  server.RaftServerConfigKeys (ConfUtils.java:logGet(43)) - raft.server.rpc.timeout.max = 5200ms (custom)
2019-09-19 13:44:13,146 [pool-149-thread-1] INFO  server.RaftServerConfigKeys (ConfUtils.java:logGet(43)) - raft.server.sleep.deviation.threshold = 300 (default)
2019-09-19 13:44:13,146 [pool-179-thread-1] INFO  server.RaftServerConfigKeys (ConfUtils.java:logGet(43)) - raft.server.rpcslowness.timeout = 120s (custom)
2019-09-19 13:44:13,147 [pool-149-thread-1] INFO  server.RaftServerConfigKeys (ConfUtils.java:logGet(43)) - raft.server.log.appender.install.snapshot.enabled = false (custom)
2019-09-19 13:44:13,147 [pool-179-thread-1] INFO  server.RaftServerConfigKeys (ConfUtils.java:logGet(43)) - raft.server.sleep.deviation.threshold = 300 (default)
2019-09-19 13:44:13,147 [pool-149-thread-1] INFO  impl.RaftServerImpl (ServerState.java:<init>(103)) - 603ee2fb-7c46-43ae-b6f8-b4c13ebc4e54@group-E86B211EAF54: ConfigurationManager, init=-1: [603ee2fb-7c46-43ae-b6f8-b4c13ebc4e54:192.168.36.82:46778, e12d66f4-70bf-4d46-b2b0-c16a4ce73304:192.168.36.82:36386, 18d3f7fe-50e5-4214-a1e5-787142f90379:192.168.36.82:32964], old=null, confs=<EMPTY_MAP>
2019-09-19 13:44:13,147 [pool-179-thread-1] INFO  server.RaftServerConfigKeys (ConfUtils.java:logGet(43)) - raft.server.log.appender.install.snapshot.enabled = false (custom)
2019-09-19 13:44:13,147 [pool-149-thread-1] INFO  server.RaftServerConfigKeys (ConfUtils.java:logGet(43)) - raft.server.storage.dir = [/workdir/hadoop-ozone/integration-test/target/test-dir/MiniOzoneClusterImpl-17a4d03a-fc5f-4cc1-bd65-1bc8302b6d07/datanode-3/data/ratis] (custom)
2019-09-19 13:44:13,147 [pool-179-thread-1] INFO  impl.RaftServerImpl (ServerState.java:<init>(103)) - e12d66f4-70bf-4d46-b2b0-c16a4ce73304@group-E86B211EAF54: ConfigurationManager, init=-1: [603ee2fb-7c46-43ae-b6f8-b4c13ebc4e54:192.168.36.82:46778, e12d66f4-70bf-4d46-b2b0-c16a4ce73304:192.168.36.82:36386, 18d3f7fe-50e5-4214-a1e5-787142f90379:192.168.36.82:32964], old=null, confs=<EMPTY_MAP>
2019-09-19 13:44:13,147 [pool-179-thread-1] INFO  server.RaftServerConfigKeys (ConfUtils.java:logGet(43)) - raft.server.storage.dir = [/workdir/hadoop-ozone/integration-test/target/test-dir/MiniOzoneClusterImpl-17a4d03a-fc5f-4cc1-bd65-1bc8302b6d07/datanode-6/data/ratis] (custom)
2019-09-19 13:44:13,147 [pool-149-thread-1] INFO  storage.RaftStorageDirectory (RaftStorageDirectory.java:analyzeStorage(246)) - The storage directory /workdir/hadoop-ozone/integration-test/target/test-dir/MiniOzoneClusterImpl-17a4d03a-fc5f-4cc1-bd65-1bc8302b6d07/datanode-3/data/ratis/fe9c9b04-8941-494f-b572-e86b211eaf54 does not exist. Creating ...
2019-09-19 13:44:13,148 [pool-179-thread-1] INFO  storage.RaftStorageDirectory (RaftStorageDirectory.java:analyzeStorage(246)) - The storage directory /workdir/hadoop-ozone/integration-test/target/test-dir/MiniOzoneClusterImpl-17a4d03a-fc5f-4cc1-bd65-1bc8302b6d07/datanode-6/data/ratis/fe9c9b04-8941-494f-b572-e86b211eaf54 does not exist. Creating ...
2019-09-19 13:44:13,171 [pool-149-thread-1] INFO  storage.RaftStorageDirectory (RaftStorageDirectory.java:tryLock(328)) - Lock on /workdir/hadoop-ozone/integration-test/target/test-dir/MiniOzoneClusterImpl-17a4d03a-fc5f-4cc1-bd65-1bc8302b6d07/datanode-3/data/ratis/fe9c9b04-8941-494f-b572-e86b211eaf54/in_use.lock acquired by nodename 14786@pr-hdds-2151-rkvw4-133030696
2019-09-19 13:44:13,171 [pool-169-thread-1] INFO  storage.RaftStorageDirectory (RaftStorageDirectory.java:tryLock(328)) - Lock on /workdir/hadoop-ozone/integration-test/target/test-dir/MiniOzoneClusterImpl-17a4d03a-fc5f-4cc1-bd65-1bc8302b6d07/datanode-5/data/ratis/fe9c9b04-8941-494f-b572-e86b211eaf54/in_use.lock acquired by nodename 14786@pr-hdds-2151-rkvw4-133030696
2019-09-19 13:44:13,171 [pool-179-thread-1] INFO  storage.RaftStorageDirectory (RaftStorageDirectory.java:tryLock(328)) - Lock on /workdir/hadoop-ozone/integration-test/target/test-dir/MiniOzoneClusterImpl-17a4d03a-fc5f-4cc1-bd65-1bc8302b6d07/datanode-6/data/ratis/fe9c9b04-8941-494f-b572-e86b211eaf54/in_use.lock acquired by nodename 14786@pr-hdds-2151-rkvw4-133030696
2019-09-19 13:44:13,187 [pool-149-thread-1] INFO  storage.RaftStorage (RaftStorage.java:format(72)) - Storage directory /workdir/hadoop-ozone/integration-test/target/test-dir/MiniOzoneClusterImpl-17a4d03a-fc5f-4cc1-bd65-1bc8302b6d07/datanode-3/data/ratis/fe9c9b04-8941-494f-b572-e86b211eaf54 has been successfully formatted.
2019-09-19 13:44:13,187 [pool-179-thread-1] INFO  storage.RaftStorage (RaftStorage.java:format(72)) - Storage directory /workdir/hadoop-ozone/integration-test/target/test-dir/MiniOzoneClusterImpl-17a4d03a-fc5f-4cc1-bd65-1bc8302b6d07/datanode-6/data/ratis/fe9c9b04-8941-494f-b572-e86b211eaf54 has been successfully formatted.
2019-09-19 13:44:13,187 [pool-169-thread-1] INFO  storage.RaftStorage (RaftStorage.java:format(72)) - Storage directory /workdir/hadoop-ozone/integration-test/target/test-dir/MiniOzoneClusterImpl-17a4d03a-fc5f-4cc1-bd65-1bc8302b6d07/datanode-5/data/ratis/fe9c9b04-8941-494f-b572-e86b211eaf54 has been successfully formatted.
2019-09-19 13:44:13,187 [pool-149-thread-1] INFO  ratis.ContainerStateMachine (ContainerStateMachine.java:loadSnapshot(230)) - group-E86B211EAF54: The snapshot info is null. Setting the last applied indexto:(t:0, i:~)
2019-09-19 13:44:13,187 [pool-169-thread-1] INFO  ratis.ContainerStateMachine (ContainerStateMachine.java:loadSnapshot(230)) - group-E86B211EAF54: The snapshot info is null. Setting the last applied indexto:(t:0, i:~)
2019-09-19 13:44:13,187 [pool-179-thread-1] INFO  ratis.ContainerStateMachine (ContainerStateMachine.java:loadSnapshot(230)) - group-E86B211EAF54: The snapshot info is null. Setting the last applied indexto:(t:0, i:~)
2019-09-19 13:44:13,187 [pool-169-thread-1] INFO  server.RaftServerConfigKeys (ConfUtils.java:logGet(43)) - raft.server.notification.no-leader.timeout = 120s (custom)
2019-09-19 13:44:13,187 [pool-149-thread-1] INFO  server.RaftServerConfigKeys (ConfUtils.java:logGet(43)) - raft.server.notification.no-leader.timeout = 120s (custom)
2019-09-19 13:44:13,188 [pool-169-thread-1] INFO  server.RaftServerConfigKeys (ConfUtils.java:logGet(43)) - raft.server.log.use.memory = false (default)
2019-09-19 13:44:13,188 [pool-179-thread-1] INFO  server.RaftServerConfigKeys (ConfUtils.java:logGet(43)) - raft.server.notification.no-leader.timeout = 120s (custom)
2019-09-19 13:44:13,188 [pool-169-thread-1] INFO  server.RaftServerConfigKeys (ConfUtils.java:logGet(43)) - raft.server.log.purge.gap = 1000000 (custom)
2019-09-19 13:44:13,188 [pool-149-thread-1] INFO  server.RaftServerConfigKeys (ConfUtils.java:logGet(43)) - raft.server.log.use.memory = false (default)
2019-09-19 13:44:13,188 [pool-169-thread-1] INFO  server.RaftServerConfigKeys (ConfUtils.java:logGet(43)) - raft.server.log.appender.buffer.byte-limit = 33554432 (custom)
2019-09-19 13:44:13,188 [pool-179-thread-1] INFO  server.RaftServerConfigKeys (ConfUtils.java:logGet(43)) - raft.server.log.use.memory = false (default)
2019-09-19 13:44:13,188 [pool-169-thread-1] INFO  server.RaftServerConfigKeys (ConfUtils.java:logGet(43)) - raft.server.log.segment.size.max = 1048576 (custom)
2019-09-19 13:44:13,188 [pool-149-thread-1] INFO  server.RaftServerConfigKeys (ConfUtils.java:logGet(43)) - raft.server.log.purge.gap = 1000000 (custom)
2019-09-19 13:44:13,189 [pool-169-thread-1] INFO  server.RaftServerConfigKeys (ConfUtils.java:logGet(43)) - raft.server.log.segment.cache.num.max = 2 (custom)
2019-09-19 13:44:13,188 [pool-179-thread-1] INFO  server.RaftServerConfigKeys (ConfUtils.java:logGet(43)) - raft.server.log.purge.gap = 1000000 (custom)
2019-09-19 13:44:13,189 [pool-169-thread-1] INFO  segmented.SegmentedRaftLogWorker (SegmentedRaftLogWorker.java:<init>(172)) - new 18d3f7fe-50e5-4214-a1e5-787142f90379@group-E86B211EAF54-SegmentedRaftLogWorker for RaftStorage:Storage Directory /workdir/hadoop-ozone/integration-test/target/test-dir/MiniOzoneClusterImpl-17a4d03a-fc5f-4cc1-bd65-1bc8302b6d07/datanode-5/data/ratis/fe9c9b04-8941-494f-b572-e86b211eaf54
2019-09-19 13:44:13,189 [pool-149-thread-1] INFO  server.RaftServerConfigKeys (ConfUtils.java:logGet(43)) - raft.server.log.appender.buffer.byte-limit = 33554432 (custom)
2019-09-19 13:44:13,189 [pool-169-thread-1] INFO  server.RaftServerConfigKeys (ConfUtils.java:logGet(43)) - raft.server.log.queue.byte-limit = 2147483647 (custom)
2019-09-19 13:44:13,189 [pool-179-thread-1] INFO  server.RaftServerConfigKeys (ConfUtils.java:logGet(43)) - raft.server.log.appender.buffer.byte-limit = 33554432 (custom)
2019-09-19 13:44:13,189 [pool-169-thread-1] INFO  server.RaftServerConfigKeys (ConfUtils.java:logGet(43)) - raft.server.log.queue.element-limit = 1024 (custom)
2019-09-19 13:44:13,189 [pool-149-thread-1] INFO  server.RaftServerConfigKeys (ConfUtils.java:logGet(43)) - raft.server.log.segment.size.max = 1048576 (custom)
2019-09-19 13:44:13,190 [pool-169-thread-1] INFO  server.RaftServerConfigKeys (ConfUtils.java:logGet(43)) - raft.server.log.segment.size.max = 1048576 (custom)
2019-09-19 13:44:13,189 [pool-179-thread-1] INFO  server.RaftServerConfigKeys (ConfUtils.java:logGet(43)) - raft.server.log.segment.size.max = 1048576 (custom)
2019-09-19 13:44:13,190 [pool-169-thread-1] INFO  server.RaftServerConfigKeys (ConfUtils.java:logGet(43)) - raft.server.log.preallocated.size = 16384 (custom)
2019-09-19 13:44:13,190 [pool-149-thread-1] INFO  server.RaftServerConfigKeys (ConfUtils.java:logGet(43)) - raft.server.log.segment.cache.num.max = 2 (custom)
2019-09-19 13:44:13,190 [pool-169-thread-1] INFO  server.RaftServerConfigKeys (ConfUtils.java:logGet(43)) - raft.server.log.write.buffer.size = 33554432 (custom)
2019-09-19 13:44:13,190 [pool-179-thread-1] INFO  server.RaftServerConfigKeys (ConfUtils.java:logGet(43)) - raft.server.log.segment.cache.num.max = 2 (custom)
2019-09-19 13:44:13,190 [pool-169-thread-1] INFO  server.RaftServerConfigKeys (ConfUtils.java:logGet(43)) - raft.server.log.force.sync.num = 128 (default)
2019-09-19 13:44:13,190 [pool-149-thread-1] INFO  segmented.SegmentedRaftLogWorker (SegmentedRaftLogWorker.java:<init>(172)) - new 603ee2fb-7c46-43ae-b6f8-b4c13ebc4e54@group-E86B211EAF54-SegmentedRaftLogWorker for RaftStorage:Storage Directory /workdir/hadoop-ozone/integration-test/target/test-dir/MiniOzoneClusterImpl-17a4d03a-fc5f-4cc1-bd65-1bc8302b6d07/datanode-3/data/ratis/fe9c9b04-8941-494f-b572-e86b211eaf54
2019-09-19 13:44:13,191 [pool-169-thread-1] INFO  server.RaftServerConfigKeys (ConfUtils.java:logGet(43)) - raft.server.log.statemachine.data.sync = true (default)
2019-09-19 13:44:13,190 [pool-179-thread-1] INFO  segmented.SegmentedRaftLogWorker (SegmentedRaftLogWorker.java:<init>(172)) - new e12d66f4-70bf-4d46-b2b0-c16a4ce73304@group-E86B211EAF54-SegmentedRaftLogWorker for RaftStorage:Storage Directory /workdir/hadoop-ozone/integration-test/target/test-dir/MiniOzoneClusterImpl-17a4d03a-fc5f-4cc1-bd65-1bc8302b6d07/datanode-6/data/ratis/fe9c9b04-8941-494f-b572-e86b211eaf54
2019-09-19 13:44:13,191 [pool-169-thread-1] INFO  server.RaftServerConfigKeys (ConfUtils.java:logGet(43)) - raft.server.log.statemachine.data.sync.timeout = 10s (default)
2019-09-19 13:44:13,191 [pool-149-thread-1] INFO  server.RaftServerConfigKeys (ConfUtils.java:logGet(43)) - raft.server.log.queue.byte-limit = 2147483647 (custom)
2019-09-19 13:44:13,191 [pool-169-thread-1] INFO  server.RaftServerConfigKeys (ConfUtils.java:logGet(43)) - raft.server.log.statemachine.data.sync.timeout.retry = -1 (default)
2019-09-19 13:44:13,191 [pool-179-thread-1] INFO  server.RaftServerConfigKeys (ConfUtils.java:logGet(43)) - raft.server.log.queue.byte-limit = 2147483647 (custom)
2019-09-19 13:44:13,191 [pool-169-thread-1] INFO  server.RaftServerConfigKeys (ConfUtils.java:logGet(43)) - raft.server.log.statemachine.data.caching.enabled = true (custom)
2019-09-19 13:44:13,191 [pool-149-thread-1] INFO  server.RaftServerConfigKeys (ConfUtils.java:logGet(43)) - raft.server.log.queue.element-limit = 1024 (custom)
2019-09-19 13:44:13,192 [pool-179-thread-1] INFO  server.RaftServerConfigKeys (ConfUtils.java:logGet(43)) - raft.server.log.queue.element-limit = 1024 (custom)
2019-09-19 13:44:13,192 [pool-149-thread-1] INFO  server.RaftServerConfigKeys (ConfUtils.java:logGet(43)) - raft.server.log.segment.size.max = 1048576 (custom)
2019-09-19 13:44:13,192 [pool-169-thread-1] INFO  segmented.SegmentedRaftLogWorker (SegmentedRaftLogWorker.java:lambda$new$0(132)) - 18d3f7fe-50e5-4214-a1e5-787142f90379@group-E86B211EAF54-SegmentedRaftLogWorker: flushIndex: setUnconditionally 0 -> -1
2019-09-19 13:44:13,192 [pool-149-thread-1] INFO  server.RaftServerConfigKeys (ConfUtils.java:logGet(43)) - raft.server.log.preallocated.size = 16384 (custom)
2019-09-19 13:44:13,192 [pool-179-thread-1] INFO  server.RaftServerConfigKeys (ConfUtils.java:logGet(43)) - raft.server.log.segment.size.max = 1048576 (custom)
2019-09-19 13:44:13,192 [pool-169-thread-1] INFO  server.RaftServerConfigKeys (ConfUtils.java:logGet(43)) - raft.server.snapshot.auto.trigger.enabled = true (custom)
2019-09-19 13:44:13,192 [pool-149-thread-1] INFO  server.RaftServerConfigKeys (ConfUtils.java:logGet(43)) - raft.server.log.write.buffer.size = 33554432 (custom)
2019-09-19 13:44:13,193 [pool-169-thread-1] INFO  server.RaftServerConfigKeys (ConfUtils.java:logGet(43)) - raft.server.snapshot.auto.trigger.threshold = 10000 (custom)
2019-09-19 13:44:13,192 [pool-179-thread-1] INFO  server.RaftServerConfigKeys (ConfUtils.java:logGet(43)) - raft.server.log.preallocated.size = 16384 (custom)
2019-09-19 13:44:13,193 [pool-169-thread-1] INFO  server.RaftServerConfigKeys (ConfUtils.java:logGet(43)) - raft.server.snapshot.retention.num.files = 5 (custom)
2019-09-19 13:44:13,193 [pool-149-thread-1] INFO  server.RaftServerConfigKeys (ConfUtils.java:logGet(43)) - raft.server.log.force.sync.num = 128 (default)
2019-09-19 13:44:13,193 [pool-169-thread-1] INFO  server.RaftServerConfigKeys (ConfUtils.java:logGet(43)) - raft.server.retrycache.expirytime = 600000ms (custom)
2019-09-19 13:44:13,193 [pool-179-thread-1] INFO  server.RaftServerConfigKeys (ConfUtils.java:logGet(43)) - raft.server.log.write.buffer.size = 33554432 (custom)
2019-09-19 13:44:13,193 [pool-149-thread-1] INFO  server.RaftServerConfigKeys (ConfUtils.java:logGet(43)) - raft.server.log.statemachine.data.sync = true (default)
2019-09-19 13:44:13,193 [pool-179-thread-1] INFO  server.RaftServerConfigKeys (ConfUtils.java:logGet(43)) - raft.server.log.force.sync.num = 128 (default)
2019-09-19 13:44:13,194 [pool-149-thread-1] INFO  server.RaftServerConfigKeys (ConfUtils.java:logGet(43)) - raft.server.log.statemachine.data.sync.timeout = 10s (default)
2019-09-19 13:44:13,194 [pool-179-thread-1] INFO  server.RaftServerConfigKeys (ConfUtils.java:logGet(43)) - raft.server.log.statemachine.data.sync = true (default)
2019-09-19 13:44:13,194 [pool-149-thread-1] INFO  server.RaftServerConfigKeys (ConfUtils.java:logGet(43)) - raft.server.log.statemachine.data.sync.timeout.retry = -1 (default)
2019-09-19 13:44:13,194 [pool-179-thread-1] INFO  server.RaftServerConfigKeys (ConfUtils.java:logGet(43)) - raft.server.log.statemachine.data.sync.timeout = 10s (default)
2019-09-19 13:44:13,194 [pool-149-thread-1] INFO  server.RaftServerConfigKeys (ConfUtils.java:logGet(43)) - raft.server.log.statemachine.data.caching.enabled = true (custom)
2019-09-19 13:44:13,194 [pool-179-thread-1] INFO  server.RaftServerConfigKeys (ConfUtils.java:logGet(43)) - raft.server.log.statemachine.data.sync.timeout.retry = -1 (default)
2019-09-19 13:44:13,194 [pool-149-thread-1] INFO  segmented.SegmentedRaftLogWorker (SegmentedRaftLogWorker.java:lambda$new$0(132)) - 603ee2fb-7c46-43ae-b6f8-b4c13ebc4e54@group-E86B211EAF54-SegmentedRaftLogWorker: flushIndex: setUnconditionally 0 -> -1
2019-09-19 13:44:13,195 [pool-179-thread-1] INFO  server.RaftServerConfigKeys (ConfUtils.java:logGet(43)) - raft.server.log.statemachine.data.caching.enabled = true (custom)
2019-09-19 13:44:13,195 [pool-149-thread-1] INFO  server.RaftServerConfigKeys (ConfUtils.java:logGet(43)) - raft.server.snapshot.auto.trigger.enabled = true (custom)
2019-09-19 13:44:13,195 [pool-149-thread-1] INFO  server.RaftServerConfigKeys (ConfUtils.java:logGet(43)) - raft.server.snapshot.auto.trigger.threshold = 10000 (custom)
2019-09-19 13:44:13,195 [pool-179-thread-1] INFO  segmented.SegmentedRaftLogWorker (SegmentedRaftLogWorker.java:lambda$new$0(132)) - e12d66f4-70bf-4d46-b2b0-c16a4ce73304@group-E86B211EAF54-SegmentedRaftLogWorker: flushIndex: setUnconditionally 0 -> -1
2019-09-19 13:44:13,195 [pool-149-thread-1] INFO  server.RaftServerConfigKeys (ConfUtils.java:logGet(43)) - raft.server.snapshot.retention.num.files = 5 (custom)
2019-09-19 13:44:13,195 [pool-179-thread-1] INFO  server.RaftServerConfigKeys (ConfUtils.java:logGet(43)) - raft.server.snapshot.auto.trigger.enabled = true (custom)
2019-09-19 13:44:13,195 [pool-149-thread-1] INFO  server.RaftServerConfigKeys (ConfUtils.java:logGet(43)) - raft.server.retrycache.expirytime = 600000ms (custom)
2019-09-19 13:44:13,195 [pool-179-thread-1] INFO  server.RaftServerConfigKeys (ConfUtils.java:logGet(43)) - raft.server.snapshot.auto.trigger.threshold = 10000 (custom)
2019-09-19 13:44:13,196 [pool-179-thread-1] INFO  server.RaftServerConfigKeys (ConfUtils.java:logGet(43)) - raft.server.snapshot.retention.num.files = 5 (custom)
2019-09-19 13:44:13,196 [pool-179-thread-1] INFO  server.RaftServerConfigKeys (ConfUtils.java:logGet(43)) - raft.server.retrycache.expirytime = 600000ms (custom)
2019-09-19 13:44:13,196 [pool-169-thread-1] INFO  impl.RaftServerImpl (RaftServerImpl.java:start(185)) - 18d3f7fe-50e5-4214-a1e5-787142f90379@group-E86B211EAF54: start as a follower, conf=-1: [603ee2fb-7c46-43ae-b6f8-b4c13ebc4e54:192.168.36.82:46778, e12d66f4-70bf-4d46-b2b0-c16a4ce73304:192.168.36.82:36386, 18d3f7fe-50e5-4214-a1e5-787142f90379:192.168.36.82:32964], old=null
2019-09-19 13:44:13,197 [pool-169-thread-1] INFO  impl.RaftServerImpl (RaftServerImpl.java:setRole(174)) - 18d3f7fe-50e5-4214-a1e5-787142f90379@group-E86B211EAF54: changes role from      null to FOLLOWER at term 0 for startAsFollower
2019-09-19 13:44:13,197 [pool-169-thread-1] INFO  impl.RoleInfo (RoleInfo.java:updateAndGet(143)) - 18d3f7fe-50e5-4214-a1e5-787142f90379: start FollowerState
2019-09-19 13:44:13,197 [pool-169-thread-1] INFO  util.JmxRegister (JmxRegister.java:tryRegister(44)) - Successfully registered JMX Bean with object name Ratis:service=RaftServer,group=group-E86B211EAF54,id=18d3f7fe-50e5-4214-a1e5-787142f90379
2019-09-19 13:44:13,198 [pool-149-thread-1] INFO  impl.RaftServerImpl (RaftServerImpl.java:start(185)) - 603ee2fb-7c46-43ae-b6f8-b4c13ebc4e54@group-E86B211EAF54: start as a follower, conf=-1: [603ee2fb-7c46-43ae-b6f8-b4c13ebc4e54:192.168.36.82:46778, e12d66f4-70bf-4d46-b2b0-c16a4ce73304:192.168.36.82:36386, 18d3f7fe-50e5-4214-a1e5-787142f90379:192.168.36.82:32964], old=null
2019-09-19 13:44:13,199 [pool-149-thread-1] INFO  impl.RaftServerImpl (RaftServerImpl.java:setRole(174)) - 603ee2fb-7c46-43ae-b6f8-b4c13ebc4e54@group-E86B211EAF54: changes role from      null to FOLLOWER at term 0 for startAsFollower
2019-09-19 13:44:13,199 [pool-149-thread-1] INFO  impl.RoleInfo (RoleInfo.java:updateAndGet(143)) - 603ee2fb-7c46-43ae-b6f8-b4c13ebc4e54: start FollowerState
2019-09-19 13:44:13,199 [pool-179-thread-1] INFO  impl.RaftServerImpl (RaftServerImpl.java:start(185)) - e12d66f4-70bf-4d46-b2b0-c16a4ce73304@group-E86B211EAF54: start as a follower, conf=-1: [603ee2fb-7c46-43ae-b6f8-b4c13ebc4e54:192.168.36.82:46778, e12d66f4-70bf-4d46-b2b0-c16a4ce73304:192.168.36.82:36386, 18d3f7fe-50e5-4214-a1e5-787142f90379:192.168.36.82:32964], old=null
2019-09-19 13:44:13,199 [pool-179-thread-1] INFO  impl.RaftServerImpl (RaftServerImpl.java:setRole(174)) - e12d66f4-70bf-4d46-b2b0-c16a4ce73304@group-E86B211EAF54: changes role from      null to FOLLOWER at term 0 for startAsFollower
2019-09-19 13:44:13,199 [pool-149-thread-1] INFO  util.JmxRegister (JmxRegister.java:tryRegister(44)) - Successfully registered JMX Bean with object name Ratis:service=RaftServer,group=group-E86B211EAF54,id=603ee2fb-7c46-43ae-b6f8-b4c13ebc4e54
2019-09-19 13:44:13,199 [pool-179-thread-1] INFO  impl.RoleInfo (RoleInfo.java:updateAndGet(143)) - e12d66f4-70bf-4d46-b2b0-c16a4ce73304: start FollowerState
2019-09-19 13:44:13,200 [pool-179-thread-1] INFO  util.JmxRegister (JmxRegister.java:tryRegister(44)) - Successfully registered JMX Bean with object name Ratis:service=RaftServer,group=group-E86B211EAF54,id=e12d66f4-70bf-4d46-b2b0-c16a4ce73304
2019-09-19 13:44:13,202 [RatisPipelineUtilsThread] INFO  pipeline.PipelineStateManager (PipelineStateManager.java:addPipeline(56)) - Created pipeline Pipeline[ Id: fe9c9b04-8941-494f-b572-e86b211eaf54, Nodes: 18d3f7fe-50e5-4214-a1e5-787142f90379{ip: 192.168.36.82, host: pr-hdds-2151-rkvw4-133030696, networkLocation: /default-rack, certSerialId: null}e12d66f4-70bf-4d46-b2b0-c16a4ce73304{ip: 192.168.36.82, host: pr-hdds-2151-rkvw4-133030696, networkLocation: /default-rack, certSerialId: null}603ee2fb-7c46-43ae-b6f8-b4c13ebc4e54{ip: 192.168.36.82, host: pr-hdds-2151-rkvw4-133030696, networkLocation: /default-rack, certSerialId: null}, Type:RATIS, Factor:THREE, State:OPEN]
2019-09-19 13:44:13,760 [main] INFO  ozone.MiniOzoneClusterImpl (MiniOzoneClusterImpl.java:lambda$waitForClusterToBeReady$0(145)) - Cluster is ready. Got 7 of 7 DN Heartbeats.
2019-09-19 13:44:13,793 [main] INFO  rpc.RpcClient (RpcClient.java:createVolume(302)) - Creating Volume: testblockoutputstreamwithretries, with jenkins1000 as owner.
2019-09-19 13:44:13,798 [IPC Server handler 3 on 44510] INFO  volume.OMVolumeCreateRequest (OMVolumeCreateRequest.java:validateAndUpdateCache(189)) - created volume:testblockoutputstreamwithretries for user:jenkins1000
2019-09-19 13:44:13,861 [main] INFO  rpc.RpcClient (RpcClient.java:createBucket(441)) - Creating Bucket: testblockoutputstreamwithretries/testblockoutputstreamwithretries, with Versioning false and Storage Type set to DISK and Encryption set to false 
2019-09-19 13:44:13,897 [grpc-default-executor-3] INFO  client.GrpcClientProtocolClient (GrpcClientProtocolClient.java:onNext(264)) - client-6C1EFBB48C8C->18d3f7fe-50e5-4214-a1e5-787142f90379: receive RaftClientReply:client-6C1EFBB48C8C->18d3f7fe-50e5-4214-a1e5-787142f90379@group-E86B211EAF54, cid=42, FAILED org.apache.ratis.protocol.NotLeaderException: Server 18d3f7fe-50e5-4214-a1e5-787142f90379@group-E86B211EAF54 is not the leader, logIndex=0, commits[18d3f7fe-50e5-4214-a1e5-787142f90379:c-1]
2019-09-19 13:44:14,922 [grpc-default-executor-3] INFO  client.GrpcClientProtocolClient (GrpcClientProtocolClient.java:onNext(264)) - client-6C1EFBB48C8C->e12d66f4-70bf-4d46-b2b0-c16a4ce73304: receive RaftClientReply:client-6C1EFBB48C8C->e12d66f4-70bf-4d46-b2b0-c16a4ce73304@group-E86B211EAF54, cid=42, FAILED org.apache.ratis.protocol.NotLeaderException: Server e12d66f4-70bf-4d46-b2b0-c16a4ce73304@group-E86B211EAF54 is not the leader, logIndex=0, commits[e12d66f4-70bf-4d46-b2b0-c16a4ce73304:c-1]
2019-09-19 13:44:15,373 [Thread-714] INFO  container.ReplicationManager (ReplicationManager.java:start(162)) - Starting Replication Monitor Thread.
2019-09-19 13:44:15,376 [ReplicationMonitor] INFO  container.ReplicationManager (ReplicationManager.java:run(225)) - Replication Monitor Thread took 1 milliseconds for processing 3 containers.
2019-09-19 13:44:15,960 [grpc-default-executor-4] INFO  client.GrpcClientProtocolClient (GrpcClientProtocolClient.java:onNext(264)) - client-6C1EFBB48C8C->603ee2fb-7c46-43ae-b6f8-b4c13ebc4e54: receive RaftClientReply:client-6C1EFBB48C8C->603ee2fb-7c46-43ae-b6f8-b4c13ebc4e54@group-E86B211EAF54, cid=42, FAILED org.apache.ratis.protocol.NotLeaderException: Server 603ee2fb-7c46-43ae-b6f8-b4c13ebc4e54@group-E86B211EAF54 is not the leader, logIndex=0, commits[603ee2fb-7c46-43ae-b6f8-b4c13ebc4e54:c-1]
2019-09-19 13:44:16,992 [grpc-default-executor-4] INFO  client.GrpcClientProtocolClient (GrpcClientProtocolClient.java:onNext(264)) - client-6C1EFBB48C8C->18d3f7fe-50e5-4214-a1e5-787142f90379: receive RaftClientReply:client-6C1EFBB48C8C->18d3f7fe-50e5-4214-a1e5-787142f90379@group-E86B211EAF54, cid=42, FAILED org.apache.ratis.protocol.NotLeaderException: Server 18d3f7fe-50e5-4214-a1e5-787142f90379@group-E86B211EAF54 is not the leader, logIndex=0, commits[18d3f7fe-50e5-4214-a1e5-787142f90379:c-1]
2019-09-19 13:44:17,452 [Thread-716] INFO  impl.FollowerState (FollowerState.java:run(106)) - 825bfe86-eee6-4071-bab7-b50548db89ac:group-1EB9AC22CAE4 changes to CANDIDATE, lastRpcTime:5021, electionTimeout:5021ms
2019-09-19 13:44:17,453 [Thread-716] INFO  impl.RoleInfo (RoleInfo.java:shutdownFollowerState(121)) - 825bfe86-eee6-4071-bab7-b50548db89ac: shutdown FollowerState
2019-09-19 13:44:17,454 [Thread-716] INFO  impl.RaftServerImpl (RaftServerImpl.java:setRole(174)) - 825bfe86-eee6-4071-bab7-b50548db89ac@group-1EB9AC22CAE4: changes role from  FOLLOWER to CANDIDATE at term 0 for changeToCandidate
2019-09-19 13:44:17,454 [Thread-716] INFO  impl.RoleInfo (RoleInfo.java:updateAndGet(143)) - 825bfe86-eee6-4071-bab7-b50548db89ac: start LeaderElection
2019-09-19 13:44:17,513 [825bfe86-eee6-4071-bab7-b50548db89ac@group-1EB9AC22CAE4:LeaderElection16] INFO  impl.LeaderElection (LeaderElection.java:askForVotes(182)) - 825bfe86-eee6-4071-bab7-b50548db89ac@group-1EB9AC22CAE4:LeaderElection16: begin an election at term 1 for -1: [825bfe86-eee6-4071-bab7-b50548db89ac:192.168.36.82:35723], old=null
2019-09-19 13:44:17,514 [825bfe86-eee6-4071-bab7-b50548db89ac@group-1EB9AC22CAE4:LeaderElection16] INFO  impl.RoleInfo (RoleInfo.java:shutdownLeaderElection(134)) - 825bfe86-eee6-4071-bab7-b50548db89ac: shutdown LeaderElection
2019-09-19 13:44:17,514 [825bfe86-eee6-4071-bab7-b50548db89ac@group-1EB9AC22CAE4:LeaderElection16] INFO  impl.RaftServerImpl (RaftServerImpl.java:setRole(174)) - 825bfe86-eee6-4071-bab7-b50548db89ac@group-1EB9AC22CAE4: changes role from CANDIDATE to LEADER at term 1 for changeToLeader
2019-09-19 13:44:17,514 [825bfe86-eee6-4071-bab7-b50548db89ac@group-1EB9AC22CAE4:LeaderElection16] INFO  impl.RaftServerImpl (ServerState.java:setLeader(253)) - 825bfe86-eee6-4071-bab7-b50548db89ac@group-1EB9AC22CAE4: change Leader from null to 825bfe86-eee6-4071-bab7-b50548db89ac at term 1 for becomeLeader, leader elected after 5094ms
2019-09-19 13:44:17,517 [825bfe86-eee6-4071-bab7-b50548db89ac@group-1EB9AC22CAE4:LeaderElection16] INFO  server.RaftServerConfigKeys (ConfUtils.java:logGet(43)) - raft.server.staging.catchup.gap = 1000 (default)
2019-09-19 13:44:17,517 [825bfe86-eee6-4071-bab7-b50548db89ac@group-1EB9AC22CAE4:LeaderElection16] INFO  server.RaftServerConfigKeys (ConfUtils.java:logGet(43)) - raft.server.rpc.sleep.time = 25ms (default)
2019-09-19 13:44:17,518 [825bfe86-eee6-4071-bab7-b50548db89ac@group-1EB9AC22CAE4:LeaderElection16] INFO  server.RaftServerConfigKeys (ConfUtils.java:logGet(43)) - raft.server.write.element-limit = 4096 (default)
2019-09-19 13:44:17,518 [825bfe86-eee6-4071-bab7-b50548db89ac@group-1EB9AC22CAE4:LeaderElection16] INFO  server.RaftServerConfigKeys (ConfUtils.java:logGet(43)) - raft.server.watch.timeout = 10s (default)
2019-09-19 13:44:17,518 [825bfe86-eee6-4071-bab7-b50548db89ac@group-1EB9AC22CAE4:LeaderElection16] INFO  server.RaftServerConfigKeys (ConfUtils.java:logGet(43)) - raft.server.watch.timeout.denomination = 1s (default)
2019-09-19 13:44:17,518 [825bfe86-eee6-4071-bab7-b50548db89ac@group-1EB9AC22CAE4:LeaderElection16] INFO  server.RaftServerConfigKeys (ConfUtils.java:logGet(43)) - raft.server.watch.element-limit = 65536 (default)
2019-09-19 13:44:17,521 [825bfe86-eee6-4071-bab7-b50548db89ac@group-1EB9AC22CAE4:LeaderElection16] INFO  impl.RoleInfo (RoleInfo.java:updateAndGet(143)) - 825bfe86-eee6-4071-bab7-b50548db89ac: start LeaderState
2019-09-19 13:44:17,521 [825bfe86-eee6-4071-bab7-b50548db89ac@group-1EB9AC22CAE4:LeaderElection16] INFO  segmented.SegmentedRaftLogWorker (SegmentedRaftLogWorker.java:startLogSegment(380)) - 825bfe86-eee6-4071-bab7-b50548db89ac@group-1EB9AC22CAE4-SegmentedRaftLogWorker: Starting segment from index:0
2019-09-19 13:44:17,522 [825bfe86-eee6-4071-bab7-b50548db89ac@group-1EB9AC22CAE4:LeaderElection16] INFO  impl.RaftServerImpl (ServerState.java:setRaftConf(354)) - 825bfe86-eee6-4071-bab7-b50548db89ac@group-1EB9AC22CAE4: set configuration 0: [825bfe86-eee6-4071-bab7-b50548db89ac:192.168.36.82:35723], old=null at 0
2019-09-19 13:44:17,572 [825bfe86-eee6-4071-bab7-b50548db89ac@group-1EB9AC22CAE4-SegmentedRaftLogWorker] INFO  segmented.SegmentedRaftLogWorker (SegmentedRaftLogWorker.java:execute(569)) - 825bfe86-eee6-4071-bab7-b50548db89ac@group-1EB9AC22CAE4-SegmentedRaftLogWorker: created new log segment /workdir/hadoop-ozone/integration-test/target/test-dir/MiniOzoneClusterImpl-17a4d03a-fc5f-4cc1-bd65-1bc8302b6d07/datanode-0/data/ratis/bd759267-8053-4c95-af7d-1eb9ac22cae4/current/log_inprogress_0
2019-09-19 13:44:17,578 [Thread-722] INFO  impl.FollowerState (FollowerState.java:run(106)) - 355d6de6-9f5a-4e69-bec6-16b0a4ae8745:group-500DD976540E changes to CANDIDATE, lastRpcTime:5011, electionTimeout:5011ms
2019-09-19 13:44:17,578 [Thread-722] INFO  impl.RoleInfo (RoleInfo.java:shutdownFollowerState(121)) - 355d6de6-9f5a-4e69-bec6-16b0a4ae8745: shutdown FollowerState
2019-09-19 13:44:17,578 [Thread-722] INFO  impl.RaftServerImpl (RaftServerImpl.java:setRole(174)) - 355d6de6-9f5a-4e69-bec6-16b0a4ae8745@group-500DD976540E: changes role from  FOLLOWER to CANDIDATE at term 0 for changeToCandidate
2019-09-19 13:44:17,579 [Thread-722] INFO  impl.RoleInfo (RoleInfo.java:updateAndGet(143)) - 355d6de6-9f5a-4e69-bec6-16b0a4ae8745: start LeaderElection
2019-09-19 13:44:17,586 [355d6de6-9f5a-4e69-bec6-16b0a4ae8745@group-500DD976540E:LeaderElection17] INFO  impl.LeaderElection (LeaderElection.java:askForVotes(182)) - 355d6de6-9f5a-4e69-bec6-16b0a4ae8745@group-500DD976540E:LeaderElection17: begin an election at term 1 for -1: [355d6de6-9f5a-4e69-bec6-16b0a4ae8745:192.168.36.82:34279], old=null
2019-09-19 13:44:17,586 [355d6de6-9f5a-4e69-bec6-16b0a4ae8745@group-500DD976540E:LeaderElection17] INFO  impl.RoleInfo (RoleInfo.java:shutdownLeaderElection(134)) - 355d6de6-9f5a-4e69-bec6-16b0a4ae8745: shutdown LeaderElection
2019-09-19 13:44:17,586 [355d6de6-9f5a-4e69-bec6-16b0a4ae8745@group-500DD976540E:LeaderElection17] INFO  impl.RaftServerImpl (RaftServerImpl.java:setRole(174)) - 355d6de6-9f5a-4e69-bec6-16b0a4ae8745@group-500DD976540E: changes role from CANDIDATE to LEADER at term 1 for changeToLeader
2019-09-19 13:44:17,586 [355d6de6-9f5a-4e69-bec6-16b0a4ae8745@group-500DD976540E:LeaderElection17] INFO  impl.RaftServerImpl (ServerState.java:setLeader(253)) - 355d6de6-9f5a-4e69-bec6-16b0a4ae8745@group-500DD976540E: change Leader from null to 355d6de6-9f5a-4e69-bec6-16b0a4ae8745 at term 1 for becomeLeader, leader elected after 5026ms
2019-09-19 13:44:17,587 [355d6de6-9f5a-4e69-bec6-16b0a4ae8745@group-500DD976540E:LeaderElection17] INFO  server.RaftServerConfigKeys (ConfUtils.java:logGet(43)) - raft.server.staging.catchup.gap = 1000 (default)
2019-09-19 13:44:17,588 [355d6de6-9f5a-4e69-bec6-16b0a4ae8745@group-500DD976540E:LeaderElection17] INFO  server.RaftServerConfigKeys (ConfUtils.java:logGet(43)) - raft.server.rpc.sleep.time = 25ms (default)
2019-09-19 13:44:17,588 [355d6de6-9f5a-4e69-bec6-16b0a4ae8745@group-500DD976540E:LeaderElection17] INFO  server.RaftServerConfigKeys (ConfUtils.java:logGet(43)) - raft.server.write.element-limit = 4096 (default)
2019-09-19 13:44:17,588 [355d6de6-9f5a-4e69-bec6-16b0a4ae8745@group-500DD976540E:LeaderElection17] INFO  server.RaftServerConfigKeys (ConfUtils.java:logGet(43)) - raft.server.watch.timeout = 10s (default)
2019-09-19 13:44:17,588 [355d6de6-9f5a-4e69-bec6-16b0a4ae8745@group-500DD976540E:LeaderElection17] INFO  server.RaftServerConfigKeys (ConfUtils.java:logGet(43)) - raft.server.watch.timeout.denomination = 1s (default)
2019-09-19 13:44:17,588 [355d6de6-9f5a-4e69-bec6-16b0a4ae8745@group-500DD976540E:LeaderElection17] INFO  server.RaftServerConfigKeys (ConfUtils.java:logGet(43)) - raft.server.watch.element-limit = 65536 (default)
2019-09-19 13:44:17,591 [355d6de6-9f5a-4e69-bec6-16b0a4ae8745@group-500DD976540E:LeaderElection17] INFO  impl.RoleInfo (RoleInfo.java:updateAndGet(143)) - 355d6de6-9f5a-4e69-bec6-16b0a4ae8745: start LeaderState
2019-09-19 13:44:17,591 [355d6de6-9f5a-4e69-bec6-16b0a4ae8745@group-500DD976540E:LeaderElection17] INFO  segmented.SegmentedRaftLogWorker (SegmentedRaftLogWorker.java:startLogSegment(380)) - 355d6de6-9f5a-4e69-bec6-16b0a4ae8745@group-500DD976540E-SegmentedRaftLogWorker: Starting segment from index:0
2019-09-19 13:44:17,591 [355d6de6-9f5a-4e69-bec6-16b0a4ae8745@group-500DD976540E:LeaderElection17] INFO  impl.RaftServerImpl (ServerState.java:setRaftConf(354)) - 355d6de6-9f5a-4e69-bec6-16b0a4ae8745@group-500DD976540E: set configuration 0: [355d6de6-9f5a-4e69-bec6-16b0a4ae8745:192.168.36.82:34279], old=null at 0
2019-09-19 13:44:17,601 [Thread-719] INFO  impl.FollowerState (FollowerState.java:run(106)) - 3302a199-32cf-4b92-8bdd-2722ec9a1126:group-2BD8F45383BE changes to CANDIDATE, lastRpcTime:5087, electionTimeout:5087ms
2019-09-19 13:44:17,601 [Thread-719] INFO  impl.RoleInfo (RoleInfo.java:shutdownFollowerState(121)) - 3302a199-32cf-4b92-8bdd-2722ec9a1126: shutdown FollowerState
2019-09-19 13:44:17,601 [Thread-719] INFO  impl.RaftServerImpl (RaftServerImpl.java:setRole(174)) - 3302a199-32cf-4b92-8bdd-2722ec9a1126@group-2BD8F45383BE: changes role from  FOLLOWER to CANDIDATE at term 0 for changeToCandidate
2019-09-19 13:44:17,602 [Thread-719] INFO  impl.RoleInfo (RoleInfo.java:updateAndGet(143)) - 3302a199-32cf-4b92-8bdd-2722ec9a1126: start LeaderElection
2019-09-19 13:44:17,652 [355d6de6-9f5a-4e69-bec6-16b0a4ae8745@group-500DD976540E-SegmentedRaftLogWorker] INFO  segmented.SegmentedRaftLogWorker (SegmentedRaftLogWorker.java:execute(569)) - 355d6de6-9f5a-4e69-bec6-16b0a4ae8745@group-500DD976540E-SegmentedRaftLogWorker: created new log segment /workdir/hadoop-ozone/integration-test/target/test-dir/MiniOzoneClusterImpl-17a4d03a-fc5f-4cc1-bd65-1bc8302b6d07/datanode-2/data/ratis/260ed1a4-0fe1-4484-8906-500dd976540e/current/log_inprogress_0
2019-09-19 13:44:17,652 [3302a199-32cf-4b92-8bdd-2722ec9a1126@group-2BD8F45383BE:LeaderElection18] INFO  impl.LeaderElection (LeaderElection.java:askForVotes(182)) - 3302a199-32cf-4b92-8bdd-2722ec9a1126@group-2BD8F45383BE:LeaderElection18: begin an election at term 1 for -1: [3302a199-32cf-4b92-8bdd-2722ec9a1126:192.168.36.82:36086], old=null
2019-09-19 13:44:17,652 [3302a199-32cf-4b92-8bdd-2722ec9a1126@group-2BD8F45383BE:LeaderElection18] INFO  impl.RoleInfo (RoleInfo.java:shutdownLeaderElection(134)) - 3302a199-32cf-4b92-8bdd-2722ec9a1126: shutdown LeaderElection
2019-09-19 13:44:17,652 [3302a199-32cf-4b92-8bdd-2722ec9a1126@group-2BD8F45383BE:LeaderElection18] INFO  impl.RaftServerImpl (RaftServerImpl.java:setRole(174)) - 3302a199-32cf-4b92-8bdd-2722ec9a1126@group-2BD8F45383BE: changes role from CANDIDATE to LEADER at term 1 for changeToLeader
2019-09-19 13:44:17,652 [3302a199-32cf-4b92-8bdd-2722ec9a1126@group-2BD8F45383BE:LeaderElection18] INFO  impl.RaftServerImpl (ServerState.java:setLeader(253)) - 3302a199-32cf-4b92-8bdd-2722ec9a1126@group-2BD8F45383BE: change Leader from null to 3302a199-32cf-4b92-8bdd-2722ec9a1126 at term 1 for becomeLeader, leader elected after 5147ms
2019-09-19 13:44:17,655 [3302a199-32cf-4b92-8bdd-2722ec9a1126@group-2BD8F45383BE:LeaderElection18] INFO  server.RaftServerConfigKeys (ConfUtils.java:logGet(43)) - raft.server.staging.catchup.gap = 1000 (default)
2019-09-19 13:44:17,655 [3302a199-32cf-4b92-8bdd-2722ec9a1126@group-2BD8F45383BE:LeaderElection18] INFO  server.RaftServerConfigKeys (ConfUtils.java:logGet(43)) - raft.server.rpc.sleep.time = 25ms (default)
2019-09-19 13:44:17,655 [3302a199-32cf-4b92-8bdd-2722ec9a1126@group-2BD8F45383BE:LeaderElection18] INFO  server.RaftServerConfigKeys (ConfUtils.java:logGet(43)) - raft.server.write.element-limit = 4096 (default)
2019-09-19 13:44:17,655 [3302a199-32cf-4b92-8bdd-2722ec9a1126@group-2BD8F45383BE:LeaderElection18] INFO  server.RaftServerConfigKeys (ConfUtils.java:logGet(43)) - raft.server.watch.timeout = 10s (default)
2019-09-19 13:44:17,655 [3302a199-32cf-4b92-8bdd-2722ec9a1126@group-2BD8F45383BE:LeaderElection18] INFO  server.RaftServerConfigKeys (ConfUtils.java:logGet(43)) - raft.server.watch.timeout.denomination = 1s (default)
2019-09-19 13:44:17,656 [3302a199-32cf-4b92-8bdd-2722ec9a1126@group-2BD8F45383BE:LeaderElection18] INFO  server.RaftServerConfigKeys (ConfUtils.java:logGet(43)) - raft.server.watch.element-limit = 65536 (default)
2019-09-19 13:44:17,658 [3302a199-32cf-4b92-8bdd-2722ec9a1126@group-2BD8F45383BE:LeaderElection18] INFO  impl.RoleInfo (RoleInfo.java:updateAndGet(143)) - 3302a199-32cf-4b92-8bdd-2722ec9a1126: start LeaderState
2019-09-19 13:44:17,658 [3302a199-32cf-4b92-8bdd-2722ec9a1126@group-2BD8F45383BE:LeaderElection18] INFO  segmented.SegmentedRaftLogWorker (SegmentedRaftLogWorker.java:startLogSegment(380)) - 3302a199-32cf-4b92-8bdd-2722ec9a1126@group-2BD8F45383BE-SegmentedRaftLogWorker: Starting segment from index:0
2019-09-19 13:44:17,659 [3302a199-32cf-4b92-8bdd-2722ec9a1126@group-2BD8F45383BE:LeaderElection18] INFO  impl.RaftServerImpl (ServerState.java:setRaftConf(354)) - 3302a199-32cf-4b92-8bdd-2722ec9a1126@group-2BD8F45383BE: set configuration 0: [3302a199-32cf-4b92-8bdd-2722ec9a1126:192.168.36.82:36086], old=null at 0
2019-09-19 13:44:17,699 [3302a199-32cf-4b92-8bdd-2722ec9a1126@group-2BD8F45383BE-SegmentedRaftLogWorker] INFO  segmented.SegmentedRaftLogWorker (SegmentedRaftLogWorker.java:execute(569)) - 3302a199-32cf-4b92-8bdd-2722ec9a1126@group-2BD8F45383BE-SegmentedRaftLogWorker: created new log segment /workdir/hadoop-ozone/integration-test/target/test-dir/MiniOzoneClusterImpl-17a4d03a-fc5f-4cc1-bd65-1bc8302b6d07/datanode-1/data/ratis/62f91c5a-cc9a-45ca-818f-2bd8f45383be/current/log_inprogress_0
2019-09-19 13:44:17,818 [Thread-725] INFO  impl.FollowerState (FollowerState.java:run(106)) - 603ee2fb-7c46-43ae-b6f8-b4c13ebc4e54:group-AAAF9D43168B changes to CANDIDATE, lastRpcTime:5190, electionTimeout:5190ms
2019-09-19 13:44:17,818 [Thread-725] INFO  impl.RoleInfo (RoleInfo.java:shutdownFollowerState(121)) - 603ee2fb-7c46-43ae-b6f8-b4c13ebc4e54: shutdown FollowerState
2019-09-19 13:44:17,819 [Thread-725] INFO  impl.RaftServerImpl (RaftServerImpl.java:setRole(174)) - 603ee2fb-7c46-43ae-b6f8-b4c13ebc4e54@group-AAAF9D43168B: changes role from  FOLLOWER to CANDIDATE at term 0 for changeToCandidate
2019-09-19 13:44:17,819 [Thread-725] INFO  impl.RoleInfo (RoleInfo.java:updateAndGet(143)) - 603ee2fb-7c46-43ae-b6f8-b4c13ebc4e54: start LeaderElection
2019-09-19 13:44:17,833 [Thread-728] INFO  impl.FollowerState (FollowerState.java:run(106)) - 648e6349-4081-4bf2-8e46-398321de329c:group-D8B0D0F6B31D changes to CANDIDATE, lastRpcTime:5103, electionTimeout:5103ms
2019-09-19 13:44:17,833 [Thread-728] INFO  impl.RoleInfo (RoleInfo.java:shutdownFollowerState(121)) - 648e6349-4081-4bf2-8e46-398321de329c: shutdown FollowerState
2019-09-19 13:44:17,833 [Thread-728] INFO  impl.RaftServerImpl (RaftServerImpl.java:setRole(174)) - 648e6349-4081-4bf2-8e46-398321de329c@group-D8B0D0F6B31D: changes role from  FOLLOWER to CANDIDATE at term 0 for changeToCandidate
2019-09-19 13:44:17,833 [Thread-728] INFO  impl.RoleInfo (RoleInfo.java:updateAndGet(143)) - 648e6349-4081-4bf2-8e46-398321de329c: start LeaderElection
2019-09-19 13:44:17,845 [603ee2fb-7c46-43ae-b6f8-b4c13ebc4e54@group-AAAF9D43168B:LeaderElection19] INFO  impl.LeaderElection (LeaderElection.java:askForVotes(182)) - 603ee2fb-7c46-43ae-b6f8-b4c13ebc4e54@group-AAAF9D43168B:LeaderElection19: begin an election at term 1 for -1: [603ee2fb-7c46-43ae-b6f8-b4c13ebc4e54:192.168.36.82:46778], old=null
2019-09-19 13:44:17,845 [648e6349-4081-4bf2-8e46-398321de329c@group-D8B0D0F6B31D:LeaderElection20] INFO  impl.LeaderElection (LeaderElection.java:askForVotes(182)) - 648e6349-4081-4bf2-8e46-398321de329c@group-D8B0D0F6B31D:LeaderElection20: begin an election at term 1 for -1: [648e6349-4081-4bf2-8e46-398321de329c:192.168.36.82:46176], old=null
2019-09-19 13:44:17,845 [603ee2fb-7c46-43ae-b6f8-b4c13ebc4e54@group-AAAF9D43168B:LeaderElection19] INFO  impl.RoleInfo (RoleInfo.java:shutdownLeaderElection(134)) - 603ee2fb-7c46-43ae-b6f8-b4c13ebc4e54: shutdown LeaderElection
2019-09-19 13:44:17,845 [648e6349-4081-4bf2-8e46-398321de329c@group-D8B0D0F6B31D:LeaderElection20] INFO  impl.RoleInfo (RoleInfo.java:shutdownLeaderElection(134)) - 648e6349-4081-4bf2-8e46-398321de329c: shutdown LeaderElection
2019-09-19 13:44:17,845 [603ee2fb-7c46-43ae-b6f8-b4c13ebc4e54@group-AAAF9D43168B:LeaderElection19] INFO  impl.RaftServerImpl (RaftServerImpl.java:setRole(174)) - 603ee2fb-7c46-43ae-b6f8-b4c13ebc4e54@group-AAAF9D43168B: changes role from CANDIDATE to LEADER at term 1 for changeToLeader
2019-09-19 13:44:17,845 [648e6349-4081-4bf2-8e46-398321de329c@group-D8B0D0F6B31D:LeaderElection20] INFO  impl.RaftServerImpl (RaftServerImpl.java:setRole(174)) - 648e6349-4081-4bf2-8e46-398321de329c@group-D8B0D0F6B31D: changes role from CANDIDATE to LEADER at term 1 for changeToLeader
2019-09-19 13:44:17,845 [603ee2fb-7c46-43ae-b6f8-b4c13ebc4e54@group-AAAF9D43168B:LeaderElection19] INFO  impl.RaftServerImpl (ServerState.java:setLeader(253)) - 603ee2fb-7c46-43ae-b6f8-b4c13ebc4e54@group-AAAF9D43168B: change Leader from null to 603ee2fb-7c46-43ae-b6f8-b4c13ebc4e54 at term 1 for becomeLeader, leader elected after 5229ms
2019-09-19 13:44:17,845 [Thread-731] INFO  impl.FollowerState (FollowerState.java:run(106)) - 18d3f7fe-50e5-4214-a1e5-787142f90379:group-B85CB3AD8371 changes to CANDIDATE, lastRpcTime:5063, electionTimeout:5063ms
2019-09-19 13:44:17,845 [648e6349-4081-4bf2-8e46-398321de329c@group-D8B0D0F6B31D:LeaderElection20] INFO  impl.RaftServerImpl (ServerState.java:setLeader(253)) - 648e6349-4081-4bf2-8e46-398321de329c@group-D8B0D0F6B31D: change Leader from null to 648e6349-4081-4bf2-8e46-398321de329c at term 1 for becomeLeader, leader elected after 5124ms
2019-09-19 13:44:17,848 [Thread-731] INFO  impl.RoleInfo (RoleInfo.java:shutdownFollowerState(121)) - 18d3f7fe-50e5-4214-a1e5-787142f90379: shutdown FollowerState
2019-09-19 13:44:17,850 [648e6349-4081-4bf2-8e46-398321de329c@group-D8B0D0F6B31D:LeaderElection20] INFO  server.RaftServerConfigKeys (ConfUtils.java:logGet(43)) - raft.server.staging.catchup.gap = 1000 (default)
2019-09-19 13:44:17,847 [603ee2fb-7c46-43ae-b6f8-b4c13ebc4e54@group-AAAF9D43168B:LeaderElection19] INFO  server.RaftServerConfigKeys (ConfUtils.java:logGet(43)) - raft.server.staging.catchup.gap = 1000 (default)
2019-09-19 13:44:17,850 [648e6349-4081-4bf2-8e46-398321de329c@group-D8B0D0F6B31D:LeaderElection20] INFO  server.RaftServerConfigKeys (ConfUtils.java:logGet(43)) - raft.server.rpc.sleep.time = 25ms (default)
2019-09-19 13:44:17,850 [Thread-731] INFO  impl.RaftServerImpl (RaftServerImpl.java:setRole(174)) - 18d3f7fe-50e5-4214-a1e5-787142f90379@group-B85CB3AD8371: changes role from  FOLLOWER to CANDIDATE at term 0 for changeToCandidate
2019-09-19 13:44:17,850 [648e6349-4081-4bf2-8e46-398321de329c@group-D8B0D0F6B31D:LeaderElection20] INFO  server.RaftServerConfigKeys (ConfUtils.java:logGet(43)) - raft.server.write.element-limit = 4096 (default)
2019-09-19 13:44:17,850 [603ee2fb-7c46-43ae-b6f8-b4c13ebc4e54@group-AAAF9D43168B:LeaderElection19] INFO  server.RaftServerConfigKeys (ConfUtils.java:logGet(43)) - raft.server.rpc.sleep.time = 25ms (default)
2019-09-19 13:44:17,851 [648e6349-4081-4bf2-8e46-398321de329c@group-D8B0D0F6B31D:LeaderElection20] INFO  server.RaftServerConfigKeys (ConfUtils.java:logGet(43)) - raft.server.watch.timeout = 10s (default)
2019-09-19 13:44:17,850 [Thread-731] INFO  impl.RoleInfo (RoleInfo.java:updateAndGet(143)) - 18d3f7fe-50e5-4214-a1e5-787142f90379: start LeaderElection
2019-09-19 13:44:17,851 [648e6349-4081-4bf2-8e46-398321de329c@group-D8B0D0F6B31D:LeaderElection20] INFO  server.RaftServerConfigKeys (ConfUtils.java:logGet(43)) - raft.server.watch.timeout.denomination = 1s (default)
2019-09-19 13:44:17,851 [603ee2fb-7c46-43ae-b6f8-b4c13ebc4e54@group-AAAF9D43168B:LeaderElection19] INFO  server.RaftServerConfigKeys (ConfUtils.java:logGet(43)) - raft.server.write.element-limit = 4096 (default)
2019-09-19 13:44:17,851 [648e6349-4081-4bf2-8e46-398321de329c@group-D8B0D0F6B31D:LeaderElection20] INFO  server.RaftServerConfigKeys (ConfUtils.java:logGet(43)) - raft.server.watch.element-limit = 65536 (default)
2019-09-19 13:44:17,855 [603ee2fb-7c46-43ae-b6f8-b4c13ebc4e54@group-AAAF9D43168B:LeaderElection19] INFO  server.RaftServerConfigKeys (ConfUtils.java:logGet(43)) - raft.server.watch.timeout = 10s (default)
2019-09-19 13:44:17,855 [603ee2fb-7c46-43ae-b6f8-b4c13ebc4e54@group-AAAF9D43168B:LeaderElection19] INFO  server.RaftServerConfigKeys (ConfUtils.java:logGet(43)) - raft.server.watch.timeout.denomination = 1s (default)
2019-09-19 13:44:17,855 [603ee2fb-7c46-43ae-b6f8-b4c13ebc4e54@group-AAAF9D43168B:LeaderElection19] INFO  server.RaftServerConfigKeys (ConfUtils.java:logGet(43)) - raft.server.watch.element-limit = 65536 (default)
2019-09-19 13:44:17,859 [603ee2fb-7c46-43ae-b6f8-b4c13ebc4e54@group-AAAF9D43168B:LeaderElection19] INFO  impl.RoleInfo (RoleInfo.java:updateAndGet(143)) - 603ee2fb-7c46-43ae-b6f8-b4c13ebc4e54: start LeaderState
2019-09-19 13:44:17,859 [648e6349-4081-4bf2-8e46-398321de329c@group-D8B0D0F6B31D:LeaderElection20] INFO  impl.RoleInfo (RoleInfo.java:updateAndGet(143)) - 648e6349-4081-4bf2-8e46-398321de329c: start LeaderState
2019-09-19 13:44:17,859 [603ee2fb-7c46-43ae-b6f8-b4c13ebc4e54@group-AAAF9D43168B:LeaderElection19] INFO  segmented.SegmentedRaftLogWorker (SegmentedRaftLogWorker.java:startLogSegment(380)) - 603ee2fb-7c46-43ae-b6f8-b4c13ebc4e54@group-AAAF9D43168B-SegmentedRaftLogWorker: Starting segment from index:0
2019-09-19 13:44:17,859 [648e6349-4081-4bf2-8e46-398321de329c@group-D8B0D0F6B31D:LeaderElection20] INFO  segmented.SegmentedRaftLogWorker (SegmentedRaftLogWorker.java:startLogSegment(380)) - 648e6349-4081-4bf2-8e46-398321de329c@group-D8B0D0F6B31D-SegmentedRaftLogWorker: Starting segment from index:0
2019-09-19 13:44:17,860 [603ee2fb-7c46-43ae-b6f8-b4c13ebc4e54@group-AAAF9D43168B:LeaderElection19] INFO  impl.RaftServerImpl (ServerState.java:setRaftConf(354)) - 603ee2fb-7c46-43ae-b6f8-b4c13ebc4e54@group-AAAF9D43168B: set configuration 0: [603ee2fb-7c46-43ae-b6f8-b4c13ebc4e54:192.168.36.82:46778], old=null at 0
2019-09-19 13:44:17,893 [648e6349-4081-4bf2-8e46-398321de329c@group-D8B0D0F6B31D:LeaderElection20] INFO  impl.RaftServerImpl (ServerState.java:setRaftConf(354)) - 648e6349-4081-4bf2-8e46-398321de329c@group-D8B0D0F6B31D: set configuration 0: [648e6349-4081-4bf2-8e46-398321de329c:192.168.36.82:46176], old=null at 0
2019-09-19 13:44:17,893 [18d3f7fe-50e5-4214-a1e5-787142f90379@group-B85CB3AD8371:LeaderElection21] INFO  impl.LeaderElection (LeaderElection.java:askForVotes(182)) - 18d3f7fe-50e5-4214-a1e5-787142f90379@group-B85CB3AD8371:LeaderElection21: begin an election at term 1 for -1: [18d3f7fe-50e5-4214-a1e5-787142f90379:192.168.36.82:32964], old=null
2019-09-19 13:44:17,918 [603ee2fb-7c46-43ae-b6f8-b4c13ebc4e54@group-AAAF9D43168B-SegmentedRaftLogWorker] INFO  segmented.SegmentedRaftLogWorker (SegmentedRaftLogWorker.java:execute(569)) - 603ee2fb-7c46-43ae-b6f8-b4c13ebc4e54@group-AAAF9D43168B-SegmentedRaftLogWorker: created new log segment /workdir/hadoop-ozone/integration-test/target/test-dir/MiniOzoneClusterImpl-17a4d03a-fc5f-4cc1-bd65-1bc8302b6d07/datanode-3/data/ratis/ec2fe873-ee5d-4bbd-9d06-aaaf9d43168b/current/log_inprogress_0
2019-09-19 13:44:17,918 [18d3f7fe-50e5-4214-a1e5-787142f90379@group-B85CB3AD8371:LeaderElection21] INFO  impl.RoleInfo (RoleInfo.java:shutdownLeaderElection(134)) - 18d3f7fe-50e5-4214-a1e5-787142f90379: shutdown LeaderElection
2019-09-19 13:44:17,919 [18d3f7fe-50e5-4214-a1e5-787142f90379@group-B85CB3AD8371:LeaderElection21] INFO  impl.RaftServerImpl (RaftServerImpl.java:setRole(174)) - 18d3f7fe-50e5-4214-a1e5-787142f90379@group-B85CB3AD8371: changes role from CANDIDATE to LEADER at term 1 for changeToLeader
2019-09-19 13:44:17,919 [18d3f7fe-50e5-4214-a1e5-787142f90379@group-B85CB3AD8371:LeaderElection21] INFO  impl.RaftServerImpl (ServerState.java:setLeader(253)) - 18d3f7fe-50e5-4214-a1e5-787142f90379@group-B85CB3AD8371: change Leader from null to 18d3f7fe-50e5-4214-a1e5-787142f90379 at term 1 for becomeLeader, leader elected after 5144ms
2019-09-19 13:44:17,921 [18d3f7fe-50e5-4214-a1e5-787142f90379@group-B85CB3AD8371:LeaderElection21] INFO  server.RaftServerConfigKeys (ConfUtils.java:logGet(43)) - raft.server.staging.catchup.gap = 1000 (default)
2019-09-19 13:44:17,921 [18d3f7fe-50e5-4214-a1e5-787142f90379@group-B85CB3AD8371:LeaderElection21] INFO  server.RaftServerConfigKeys (ConfUtils.java:logGet(43)) - raft.server.rpc.sleep.time = 25ms (default)
2019-09-19 13:44:17,921 [18d3f7fe-50e5-4214-a1e5-787142f90379@group-B85CB3AD8371:LeaderElection21] INFO  server.RaftServerConfigKeys (ConfUtils.java:logGet(43)) - raft.server.write.element-limit = 4096 (default)
2019-09-19 13:44:17,922 [18d3f7fe-50e5-4214-a1e5-787142f90379@group-B85CB3AD8371:LeaderElection21] INFO  server.RaftServerConfigKeys (ConfUtils.java:logGet(43)) - raft.server.watch.timeout = 10s (default)
2019-09-19 13:44:17,922 [18d3f7fe-50e5-4214-a1e5-787142f90379@group-B85CB3AD8371:LeaderElection21] INFO  server.RaftServerConfigKeys (ConfUtils.java:logGet(43)) - raft.server.watch.timeout.denomination = 1s (default)
2019-09-19 13:44:17,922 [18d3f7fe-50e5-4214-a1e5-787142f90379@group-B85CB3AD8371:LeaderElection21] INFO  server.RaftServerConfigKeys (ConfUtils.java:logGet(43)) - raft.server.watch.element-limit = 65536 (default)
2019-09-19 13:44:17,925 [18d3f7fe-50e5-4214-a1e5-787142f90379@group-B85CB3AD8371:LeaderElection21] INFO  impl.RoleInfo (RoleInfo.java:updateAndGet(143)) - 18d3f7fe-50e5-4214-a1e5-787142f90379: start LeaderState
2019-09-19 13:44:17,925 [18d3f7fe-50e5-4214-a1e5-787142f90379@group-B85CB3AD8371:LeaderElection21] INFO  segmented.SegmentedRaftLogWorker (SegmentedRaftLogWorker.java:startLogSegment(380)) - 18d3f7fe-50e5-4214-a1e5-787142f90379@group-B85CB3AD8371-SegmentedRaftLogWorker: Starting segment from index:0
2019-09-19 13:44:17,925 [18d3f7fe-50e5-4214-a1e5-787142f90379@group-B85CB3AD8371:LeaderElection21] INFO  impl.RaftServerImpl (ServerState.java:setRaftConf(354)) - 18d3f7fe-50e5-4214-a1e5-787142f90379@group-B85CB3AD8371: set configuration 0: [18d3f7fe-50e5-4214-a1e5-787142f90379:192.168.36.82:32964], old=null at 0
2019-09-19 13:44:17,952 [648e6349-4081-4bf2-8e46-398321de329c@group-D8B0D0F6B31D-SegmentedRaftLogWorker] INFO  segmented.SegmentedRaftLogWorker (SegmentedRaftLogWorker.java:execute(569)) - 648e6349-4081-4bf2-8e46-398321de329c@group-D8B0D0F6B31D-SegmentedRaftLogWorker: created new log segment /workdir/hadoop-ozone/integration-test/target/test-dir/MiniOzoneClusterImpl-17a4d03a-fc5f-4cc1-bd65-1bc8302b6d07/datanode-4/data/ratis/6b373125-7c65-484e-b36a-d8b0d0f6b31d/current/log_inprogress_0
2019-09-19 13:44:17,976 [18d3f7fe-50e5-4214-a1e5-787142f90379@group-B85CB3AD8371-SegmentedRaftLogWorker] INFO  segmented.SegmentedRaftLogWorker (SegmentedRaftLogWorker.java:execute(569)) - 18d3f7fe-50e5-4214-a1e5-787142f90379@group-B85CB3AD8371-SegmentedRaftLogWorker: created new log segment /workdir/hadoop-ozone/integration-test/target/test-dir/MiniOzoneClusterImpl-17a4d03a-fc5f-4cc1-bd65-1bc8302b6d07/datanode-5/data/ratis/d53511e3-3f5f-438c-93e3-b85cb3ad8371/current/log_inprogress_0
2019-09-19 13:44:18,010 [grpc-default-executor-3] INFO  client.GrpcClientProtocolClient (GrpcClientProtocolClient.java:onNext(264)) - client-6C1EFBB48C8C->e12d66f4-70bf-4d46-b2b0-c16a4ce73304: receive RaftClientReply:client-6C1EFBB48C8C->e12d66f4-70bf-4d46-b2b0-c16a4ce73304@group-E86B211EAF54, cid=42, FAILED org.apache.ratis.protocol.NotLeaderException: Server e12d66f4-70bf-4d46-b2b0-c16a4ce73304@group-E86B211EAF54 is not the leader, logIndex=0, commits[e12d66f4-70bf-4d46-b2b0-c16a4ce73304:c-1]
2019-09-19 13:44:18,082 [Thread-734] INFO  impl.FollowerState (FollowerState.java:run(106)) - e12d66f4-70bf-4d46-b2b0-c16a4ce73304:group-97809023DA60 changes to CANDIDATE, lastRpcTime:5060, electionTimeout:5060ms
2019-09-19 13:44:18,082 [Thread-734] INFO  impl.RoleInfo (RoleInfo.java:shutdownFollowerState(121)) - e12d66f4-70bf-4d46-b2b0-c16a4ce73304: shutdown FollowerState
2019-09-19 13:44:18,082 [Thread-734] INFO  impl.RaftServerImpl (RaftServerImpl.java:setRole(174)) - e12d66f4-70bf-4d46-b2b0-c16a4ce73304@group-97809023DA60: changes role from  FOLLOWER to CANDIDATE at term 0 for changeToCandidate
2019-09-19 13:44:18,082 [Thread-734] INFO  impl.RoleInfo (RoleInfo.java:updateAndGet(143)) - e12d66f4-70bf-4d46-b2b0-c16a4ce73304: start LeaderElection
2019-09-19 13:44:18,101 [e12d66f4-70bf-4d46-b2b0-c16a4ce73304@group-97809023DA60:LeaderElection22] INFO  impl.LeaderElection (LeaderElection.java:askForVotes(182)) - e12d66f4-70bf-4d46-b2b0-c16a4ce73304@group-97809023DA60:LeaderElection22: begin an election at term 1 for -1: [e12d66f4-70bf-4d46-b2b0-c16a4ce73304:192.168.36.82:36386], old=null
2019-09-19 13:44:18,101 [e12d66f4-70bf-4d46-b2b0-c16a4ce73304@group-97809023DA60:LeaderElection22] INFO  impl.RoleInfo (RoleInfo.java:shutdownLeaderElection(134)) - e12d66f4-70bf-4d46-b2b0-c16a4ce73304: shutdown LeaderElection
2019-09-19 13:44:18,101 [e12d66f4-70bf-4d46-b2b0-c16a4ce73304@group-97809023DA60:LeaderElection22] INFO  impl.RaftServerImpl (RaftServerImpl.java:setRole(174)) - e12d66f4-70bf-4d46-b2b0-c16a4ce73304@group-97809023DA60: changes role from CANDIDATE to LEADER at term 1 for changeToLeader
2019-09-19 13:44:18,102 [e12d66f4-70bf-4d46-b2b0-c16a4ce73304@group-97809023DA60:LeaderElection22] INFO  impl.RaftServerImpl (ServerState.java:setLeader(253)) - e12d66f4-70bf-4d46-b2b0-c16a4ce73304@group-97809023DA60: change Leader from null to e12d66f4-70bf-4d46-b2b0-c16a4ce73304 at term 1 for becomeLeader, leader elected after 5090ms
2019-09-19 13:44:18,110 [e12d66f4-70bf-4d46-b2b0-c16a4ce73304@group-97809023DA60:LeaderElection22] INFO  server.RaftServerConfigKeys (ConfUtils.java:logGet(43)) - raft.server.staging.catchup.gap = 1000 (default)
2019-09-19 13:44:18,111 [e12d66f4-70bf-4d46-b2b0-c16a4ce73304@group-97809023DA60:LeaderElection22] INFO  server.RaftServerConfigKeys (ConfUtils.java:logGet(43)) - raft.server.rpc.sleep.time = 25ms (default)
2019-09-19 13:44:18,111 [e12d66f4-70bf-4d46-b2b0-c16a4ce73304@group-97809023DA60:LeaderElection22] INFO  server.RaftServerConfigKeys (ConfUtils.java:logGet(43)) - raft.server.write.element-limit = 4096 (default)
2019-09-19 13:44:18,111 [e12d66f4-70bf-4d46-b2b0-c16a4ce73304@group-97809023DA60:LeaderElection22] INFO  server.RaftServerConfigKeys (ConfUtils.java:logGet(43)) - raft.server.watch.timeout = 10s (default)
2019-09-19 13:44:18,111 [e12d66f4-70bf-4d46-b2b0-c16a4ce73304@group-97809023DA60:LeaderElection22] INFO  server.RaftServerConfigKeys (ConfUtils.java:logGet(43)) - raft.server.watch.timeout.denomination = 1s (default)
2019-09-19 13:44:18,111 [e12d66f4-70bf-4d46-b2b0-c16a4ce73304@group-97809023DA60:LeaderElection22] INFO  server.RaftServerConfigKeys (ConfUtils.java:logGet(43)) - raft.server.watch.element-limit = 65536 (default)
2019-09-19 13:44:18,115 [e12d66f4-70bf-4d46-b2b0-c16a4ce73304@group-97809023DA60:LeaderElection22] INFO  impl.RoleInfo (RoleInfo.java:updateAndGet(143)) - e12d66f4-70bf-4d46-b2b0-c16a4ce73304: start LeaderState
2019-09-19 13:44:18,115 [e12d66f4-70bf-4d46-b2b0-c16a4ce73304@group-97809023DA60:LeaderElection22] INFO  segmented.SegmentedRaftLogWorker (SegmentedRaftLogWorker.java:startLogSegment(380)) - e12d66f4-70bf-4d46-b2b0-c16a4ce73304@group-97809023DA60-SegmentedRaftLogWorker: Starting segment from index:0
2019-09-19 13:44:18,116 [e12d66f4-70bf-4d46-b2b0-c16a4ce73304@group-97809023DA60:LeaderElection22] INFO  impl.RaftServerImpl (ServerState.java:setRaftConf(354)) - e12d66f4-70bf-4d46-b2b0-c16a4ce73304@group-97809023DA60: set configuration 0: [e12d66f4-70bf-4d46-b2b0-c16a4ce73304:192.168.36.82:36386], old=null at 0
2019-09-19 13:44:18,150 [Thread-741] INFO  impl.FollowerState (FollowerState.java:run(106)) - 355d6de6-9f5a-4e69-bec6-16b0a4ae8745:group-4C0852F427BD changes to CANDIDATE, lastRpcTime:5039, electionTimeout:5032ms
2019-09-19 13:44:18,151 [Thread-741] INFO  impl.RoleInfo (RoleInfo.java:shutdownFollowerState(121)) - 355d6de6-9f5a-4e69-bec6-16b0a4ae8745: shutdown FollowerState
2019-09-19 13:44:18,151 [Thread-741] INFO  impl.RaftServerImpl (RaftServerImpl.java:setRole(174)) - 355d6de6-9f5a-4e69-bec6-16b0a4ae8745@group-4C0852F427BD: changes role from  FOLLOWER to CANDIDATE at term 0 for changeToCandidate
2019-09-19 13:44:18,151 [Thread-741] INFO  impl.RoleInfo (RoleInfo.java:updateAndGet(143)) - 355d6de6-9f5a-4e69-bec6-16b0a4ae8745: start LeaderElection
2019-09-19 13:44:18,163 [e12d66f4-70bf-4d46-b2b0-c16a4ce73304@group-97809023DA60-SegmentedRaftLogWorker] INFO  segmented.SegmentedRaftLogWorker (SegmentedRaftLogWorker.java:execute(569)) - e12d66f4-70bf-4d46-b2b0-c16a4ce73304@group-97809023DA60-SegmentedRaftLogWorker: created new log segment /workdir/hadoop-ozone/integration-test/target/test-dir/MiniOzoneClusterImpl-17a4d03a-fc5f-4cc1-bd65-1bc8302b6d07/datanode-6/data/ratis/c0f92482-592a-4ace-b7a5-97809023da60/current/log_inprogress_0
2019-09-19 13:44:18,163 [355d6de6-9f5a-4e69-bec6-16b0a4ae8745@group-4C0852F427BD:LeaderElection23] INFO  impl.LeaderElection (LeaderElection.java:askForVotes(182)) - 355d6de6-9f5a-4e69-bec6-16b0a4ae8745@group-4C0852F427BD:LeaderElection23: begin an election at term 1 for -1: [3302a199-32cf-4b92-8bdd-2722ec9a1126:192.168.36.82:36086, 355d6de6-9f5a-4e69-bec6-16b0a4ae8745:192.168.36.82:34279, 648e6349-4081-4bf2-8e46-398321de329c:192.168.36.82:46176], old=null
2019-09-19 13:44:18,167 [Thread-737] INFO  impl.FollowerState (FollowerState.java:run(106)) - 648e6349-4081-4bf2-8e46-398321de329c:group-4C0852F427BD changes to CANDIDATE, lastRpcTime:5058, electionTimeout:5058ms
2019-09-19 13:44:18,170 [Thread-737] INFO  impl.RoleInfo (RoleInfo.java:shutdownFollowerState(121)) - 648e6349-4081-4bf2-8e46-398321de329c: shutdown FollowerState
2019-09-19 13:44:18,171 [Thread-737] INFO  impl.RaftServerImpl (RaftServerImpl.java:setRole(174)) - 648e6349-4081-4bf2-8e46-398321de329c@group-4C0852F427BD: changes role from  FOLLOWER to CANDIDATE at term 0 for changeToCandidate
2019-09-19 13:44:18,171 [Thread-737] INFO  impl.RoleInfo (RoleInfo.java:updateAndGet(143)) - 648e6349-4081-4bf2-8e46-398321de329c: start LeaderElection
2019-09-19 13:44:18,176 [Thread-743] INFO  impl.FollowerState (FollowerState.java:run(106)) - 3302a199-32cf-4b92-8bdd-2722ec9a1126:group-4C0852F427BD changes to CANDIDATE, lastRpcTime:5063, electionTimeout:5059ms
2019-09-19 13:44:18,176 [Thread-743] INFO  impl.RoleInfo (RoleInfo.java:shutdownFollowerState(121)) - 3302a199-32cf-4b92-8bdd-2722ec9a1126: shutdown FollowerState
2019-09-19 13:44:18,177 [Thread-743] INFO  impl.RaftServerImpl (RaftServerImpl.java:setRole(174)) - 3302a199-32cf-4b92-8bdd-2722ec9a1126@group-4C0852F427BD: changes role from  FOLLOWER to CANDIDATE at term 0 for changeToCandidate
2019-09-19 13:44:18,177 [Thread-743] INFO  impl.RoleInfo (RoleInfo.java:updateAndGet(143)) - 3302a199-32cf-4b92-8bdd-2722ec9a1126: start LeaderElection
2019-09-19 13:44:18,190 [3302a199-32cf-4b92-8bdd-2722ec9a1126@group-4C0852F427BD:LeaderElection25] INFO  impl.LeaderElection (LeaderElection.java:askForVotes(182)) - 3302a199-32cf-4b92-8bdd-2722ec9a1126@group-4C0852F427BD:LeaderElection25: begin an election at term 1 for -1: [3302a199-32cf-4b92-8bdd-2722ec9a1126:192.168.36.82:36086, 355d6de6-9f5a-4e69-bec6-16b0a4ae8745:192.168.36.82:34279, 648e6349-4081-4bf2-8e46-398321de329c:192.168.36.82:46176], old=null
2019-09-19 13:44:18,190 [648e6349-4081-4bf2-8e46-398321de329c@group-4C0852F427BD:LeaderElection24] INFO  impl.LeaderElection (LeaderElection.java:askForVotes(182)) - 648e6349-4081-4bf2-8e46-398321de329c@group-4C0852F427BD:LeaderElection24: begin an election at term 1 for -1: [3302a199-32cf-4b92-8bdd-2722ec9a1126:192.168.36.82:36086, 355d6de6-9f5a-4e69-bec6-16b0a4ae8745:192.168.36.82:34279, 648e6349-4081-4bf2-8e46-398321de329c:192.168.36.82:46176], old=null
2019-09-19 13:44:18,194 [355d6de6-9f5a-4e69-bec6-16b0a4ae8745@group-4C0852F427BD:LeaderElection23] INFO  impl.LeaderElection (LeaderElection.java:logAndReturn(56)) - 355d6de6-9f5a-4e69-bec6-16b0a4ae8745@group-4C0852F427BD:LeaderElection23: Election REJECTED; received 2 response(s) [355d6de6-9f5a-4e69-bec6-16b0a4ae8745<-3302a199-32cf-4b92-8bdd-2722ec9a1126#0:FAIL-t1, 355d6de6-9f5a-4e69-bec6-16b0a4ae8745<-648e6349-4081-4bf2-8e46-398321de329c#0:FAIL-t1] and 0 exception(s); 355d6de6-9f5a-4e69-bec6-16b0a4ae8745@group-4C0852F427BD:t1, leader=null, voted=355d6de6-9f5a-4e69-bec6-16b0a4ae8745, raftlog=355d6de6-9f5a-4e69-bec6-16b0a4ae8745@group-4C0852F427BD-SegmentedRaftLog:OPENED:c-1,f-1,i0, conf=-1: [3302a199-32cf-4b92-8bdd-2722ec9a1126:192.168.36.82:36086, 355d6de6-9f5a-4e69-bec6-16b0a4ae8745:192.168.36.82:34279, 648e6349-4081-4bf2-8e46-398321de329c:192.168.36.82:46176], old=null
2019-09-19 13:44:18,194 [355d6de6-9f5a-4e69-bec6-16b0a4ae8745@group-4C0852F427BD:LeaderElection23] INFO  impl.RaftServerImpl (RaftServerImpl.java:setRole(174)) - 355d6de6-9f5a-4e69-bec6-16b0a4ae8745@group-4C0852F427BD: changes role from CANDIDATE to FOLLOWER at term 1 for DISCOVERED_A_NEW_TERM
2019-09-19 13:44:18,194 [355d6de6-9f5a-4e69-bec6-16b0a4ae8745@group-4C0852F427BD:LeaderElection23] INFO  impl.RoleInfo (RoleInfo.java:shutdownLeaderElection(134)) - 355d6de6-9f5a-4e69-bec6-16b0a4ae8745: shutdown LeaderElection
2019-09-19 13:44:18,195 [355d6de6-9f5a-4e69-bec6-16b0a4ae8745@group-4C0852F427BD:LeaderElection23] INFO  impl.RoleInfo (RoleInfo.java:updateAndGet(143)) - 355d6de6-9f5a-4e69-bec6-16b0a4ae8745: start FollowerState
2019-09-19 13:44:18,201 [3302a199-32cf-4b92-8bdd-2722ec9a1126@group-4C0852F427BD:LeaderElection25] INFO  impl.LeaderElection (LeaderElection.java:logAndReturn(56)) - 3302a199-32cf-4b92-8bdd-2722ec9a1126@group-4C0852F427BD:LeaderElection25: Election REJECTED; received 2 response(s) [3302a199-32cf-4b92-8bdd-2722ec9a1126<-355d6de6-9f5a-4e69-bec6-16b0a4ae8745#0:FAIL-t1, 3302a199-32cf-4b92-8bdd-2722ec9a1126<-648e6349-4081-4bf2-8e46-398321de329c#0:FAIL-t1] and 0 exception(s); 3302a199-32cf-4b92-8bdd-2722ec9a1126@group-4C0852F427BD:t1, leader=null, voted=3302a199-32cf-4b92-8bdd-2722ec9a1126, raftlog=3302a199-32cf-4b92-8bdd-2722ec9a1126@group-4C0852F427BD-SegmentedRaftLog:OPENED:c-1,f-1,i0, conf=-1: [3302a199-32cf-4b92-8bdd-2722ec9a1126:192.168.36.82:36086, 355d6de6-9f5a-4e69-bec6-16b0a4ae8745:192.168.36.82:34279, 648e6349-4081-4bf2-8e46-398321de329c:192.168.36.82:46176], old=null
2019-09-19 13:44:18,204 [3302a199-32cf-4b92-8bdd-2722ec9a1126@group-4C0852F427BD:LeaderElection25] INFO  impl.RaftServerImpl (RaftServerImpl.java:setRole(174)) - 3302a199-32cf-4b92-8bdd-2722ec9a1126@group-4C0852F427BD: changes role from CANDIDATE to FOLLOWER at term 1 for DISCOVERED_A_NEW_TERM
2019-09-19 13:44:18,204 [3302a199-32cf-4b92-8bdd-2722ec9a1126@group-4C0852F427BD:LeaderElection25] INFO  impl.RoleInfo (RoleInfo.java:shutdownLeaderElection(134)) - 3302a199-32cf-4b92-8bdd-2722ec9a1126: shutdown LeaderElection
2019-09-19 13:44:18,204 [3302a199-32cf-4b92-8bdd-2722ec9a1126@group-4C0852F427BD:LeaderElection25] INFO  impl.RoleInfo (RoleInfo.java:updateAndGet(143)) - 3302a199-32cf-4b92-8bdd-2722ec9a1126: start FollowerState
2019-09-19 13:44:18,204 [648e6349-4081-4bf2-8e46-398321de329c@group-4C0852F427BD:LeaderElection24] INFO  impl.LeaderElection (LeaderElection.java:logAndReturn(56)) - 648e6349-4081-4bf2-8e46-398321de329c@group-4C0852F427BD:LeaderElection24: Election REJECTED; received 2 response(s) [648e6349-4081-4bf2-8e46-398321de329c<-3302a199-32cf-4b92-8bdd-2722ec9a1126#0:FAIL-t1, 648e6349-4081-4bf2-8e46-398321de329c<-355d6de6-9f5a-4e69-bec6-16b0a4ae8745#0:FAIL-t1] and 0 exception(s); 648e6349-4081-4bf2-8e46-398321de329c@group-4C0852F427BD:t1, leader=null, voted=648e6349-4081-4bf2-8e46-398321de329c, raftlog=648e6349-4081-4bf2-8e46-398321de329c@group-4C0852F427BD-SegmentedRaftLog:OPENED:c-1,f-1,i0, conf=-1: [3302a199-32cf-4b92-8bdd-2722ec9a1126:192.168.36.82:36086, 355d6de6-9f5a-4e69-bec6-16b0a4ae8745:192.168.36.82:34279, 648e6349-4081-4bf2-8e46-398321de329c:192.168.36.82:46176], old=null
2019-09-19 13:44:18,207 [648e6349-4081-4bf2-8e46-398321de329c@group-4C0852F427BD:LeaderElection24] INFO  impl.RaftServerImpl (RaftServerImpl.java:setRole(174)) - 648e6349-4081-4bf2-8e46-398321de329c@group-4C0852F427BD: changes role from CANDIDATE to FOLLOWER at term 1 for DISCOVERED_A_NEW_TERM
2019-09-19 13:44:18,207 [648e6349-4081-4bf2-8e46-398321de329c@group-4C0852F427BD:LeaderElection24] INFO  impl.RoleInfo (RoleInfo.java:shutdownLeaderElection(134)) - 648e6349-4081-4bf2-8e46-398321de329c: shutdown LeaderElection
2019-09-19 13:44:18,207 [648e6349-4081-4bf2-8e46-398321de329c@group-4C0852F427BD:LeaderElection24] INFO  impl.RoleInfo (RoleInfo.java:updateAndGet(143)) - 648e6349-4081-4bf2-8e46-398321de329c: start FollowerState
2019-09-19 13:44:18,218 [Thread-751] INFO  impl.FollowerState (FollowerState.java:run(106)) - e12d66f4-70bf-4d46-b2b0-c16a4ce73304:group-E86B211EAF54 changes to CANDIDATE, lastRpcTime:5018, electionTimeout:5018ms
2019-09-19 13:44:18,220 [Thread-751] INFO  impl.RoleInfo (RoleInfo.java:shutdownFollowerState(121)) - e12d66f4-70bf-4d46-b2b0-c16a4ce73304: shutdown FollowerState
2019-09-19 13:44:18,220 [Thread-751] INFO  impl.RaftServerImpl (RaftServerImpl.java:setRole(174)) - e12d66f4-70bf-4d46-b2b0-c16a4ce73304@group-E86B211EAF54: changes role from  FOLLOWER to CANDIDATE at term 0 for changeToCandidate
2019-09-19 13:44:18,221 [Thread-751] INFO  impl.RoleInfo (RoleInfo.java:updateAndGet(143)) - e12d66f4-70bf-4d46-b2b0-c16a4ce73304: start LeaderElection
2019-09-19 13:44:18,236 [e12d66f4-70bf-4d46-b2b0-c16a4ce73304@group-E86B211EAF54:LeaderElection26] INFO  impl.LeaderElection (LeaderElection.java:askForVotes(182)) - e12d66f4-70bf-4d46-b2b0-c16a4ce73304@group-E86B211EAF54:LeaderElection26: begin an election at term 1 for -1: [603ee2fb-7c46-43ae-b6f8-b4c13ebc4e54:192.168.36.82:46778, e12d66f4-70bf-4d46-b2b0-c16a4ce73304:192.168.36.82:36386, 18d3f7fe-50e5-4214-a1e5-787142f90379:192.168.36.82:32964], old=null
2019-09-19 13:44:18,241 [grpc-default-executor-3] INFO  impl.RaftServerImpl (RaftServerImpl.java:setRole(174)) - 18d3f7fe-50e5-4214-a1e5-787142f90379@group-E86B211EAF54: changes role from  FOLLOWER to FOLLOWER at term 1 for recognizeCandidate:e12d66f4-70bf-4d46-b2b0-c16a4ce73304
2019-09-19 13:44:18,241 [grpc-default-executor-3] INFO  impl.RoleInfo (RoleInfo.java:shutdownFollowerState(121)) - 18d3f7fe-50e5-4214-a1e5-787142f90379: shutdown FollowerState
2019-09-19 13:44:18,241 [grpc-default-executor-1] INFO  impl.RaftServerImpl (RaftServerImpl.java:setRole(174)) - 603ee2fb-7c46-43ae-b6f8-b4c13ebc4e54@group-E86B211EAF54: changes role from  FOLLOWER to FOLLOWER at term 1 for recognizeCandidate:e12d66f4-70bf-4d46-b2b0-c16a4ce73304
2019-09-19 13:44:18,242 [grpc-default-executor-3] INFO  impl.RoleInfo (RoleInfo.java:updateAndGet(143)) - 18d3f7fe-50e5-4214-a1e5-787142f90379: start FollowerState
2019-09-19 13:44:18,242 [grpc-default-executor-1] INFO  impl.RoleInfo (RoleInfo.java:shutdownFollowerState(121)) - 603ee2fb-7c46-43ae-b6f8-b4c13ebc4e54: shutdown FollowerState
2019-09-19 13:44:18,242 [Thread-748] INFO  impl.FollowerState (FollowerState.java:run(115)) - 18d3f7fe-50e5-4214-a1e5-787142f90379: FollowerState was interrupted: java.lang.InterruptedException: sleep interrupted
2019-09-19 13:44:18,242 [grpc-default-executor-1] INFO  impl.RoleInfo (RoleInfo.java:updateAndGet(143)) - 603ee2fb-7c46-43ae-b6f8-b4c13ebc4e54: start FollowerState
2019-09-19 13:44:18,245 [Thread-750] INFO  impl.FollowerState (FollowerState.java:run(115)) - 603ee2fb-7c46-43ae-b6f8-b4c13ebc4e54: FollowerState was interrupted: java.lang.InterruptedException: sleep interrupted
2019-09-19 13:44:18,262 [e12d66f4-70bf-4d46-b2b0-c16a4ce73304@group-E86B211EAF54:LeaderElection26] INFO  impl.LeaderElection (LeaderElection.java:logAndReturn(56)) - e12d66f4-70bf-4d46-b2b0-c16a4ce73304@group-E86B211EAF54:LeaderElection26: Election PASSED; received 1 response(s) [e12d66f4-70bf-4d46-b2b0-c16a4ce73304<-603ee2fb-7c46-43ae-b6f8-b4c13ebc4e54#0:OK-t1] and 0 exception(s); e12d66f4-70bf-4d46-b2b0-c16a4ce73304@group-E86B211EAF54:t1, leader=null, voted=e12d66f4-70bf-4d46-b2b0-c16a4ce73304, raftlog=e12d66f4-70bf-4d46-b2b0-c16a4ce73304@group-E86B211EAF54-SegmentedRaftLog:OPENED:c-1,f-1,i0, conf=-1: [603ee2fb-7c46-43ae-b6f8-b4c13ebc4e54:192.168.36.82:46778, e12d66f4-70bf-4d46-b2b0-c16a4ce73304:192.168.36.82:36386, 18d3f7fe-50e5-4214-a1e5-787142f90379:192.168.36.82:32964], old=null
2019-09-19 13:44:18,262 [e12d66f4-70bf-4d46-b2b0-c16a4ce73304@group-E86B211EAF54:LeaderElection26] INFO  impl.RoleInfo (RoleInfo.java:shutdownLeaderElection(134)) - e12d66f4-70bf-4d46-b2b0-c16a4ce73304: shutdown LeaderElection
2019-09-19 13:44:18,262 [e12d66f4-70bf-4d46-b2b0-c16a4ce73304@group-E86B211EAF54:LeaderElection26] INFO  impl.RaftServerImpl (RaftServerImpl.java:setRole(174)) - e12d66f4-70bf-4d46-b2b0-c16a4ce73304@group-E86B211EAF54: changes role from CANDIDATE to LEADER at term 1 for changeToLeader
2019-09-19 13:44:18,262 [e12d66f4-70bf-4d46-b2b0-c16a4ce73304@group-E86B211EAF54:LeaderElection26] INFO  impl.RaftServerImpl (ServerState.java:setLeader(253)) - e12d66f4-70bf-4d46-b2b0-c16a4ce73304@group-E86B211EAF54: change Leader from null to e12d66f4-70bf-4d46-b2b0-c16a4ce73304 at term 1 for becomeLeader, leader elected after 5074ms
2019-09-19 13:44:18,262 [e12d66f4-70bf-4d46-b2b0-c16a4ce73304@group-E86B211EAF54:LeaderElection26] INFO  server.RaftServerConfigKeys (ConfUtils.java:logGet(43)) - raft.server.staging.catchup.gap = 1000 (default)
2019-09-19 13:44:18,263 [e12d66f4-70bf-4d46-b2b0-c16a4ce73304@group-E86B211EAF54:LeaderElection26] INFO  server.RaftServerConfigKeys (ConfUtils.java:logGet(43)) - raft.server.rpc.sleep.time = 25ms (default)
2019-09-19 13:44:18,263 [e12d66f4-70bf-4d46-b2b0-c16a4ce73304@group-E86B211EAF54:LeaderElection26] INFO  server.RaftServerConfigKeys (ConfUtils.java:logGet(43)) - raft.server.write.element-limit = 4096 (default)
2019-09-19 13:44:18,263 [e12d66f4-70bf-4d46-b2b0-c16a4ce73304@group-E86B211EAF54:LeaderElection26] INFO  server.RaftServerConfigKeys (ConfUtils.java:logGet(43)) - raft.server.watch.timeout = 10s (default)
2019-09-19 13:44:18,263 [e12d66f4-70bf-4d46-b2b0-c16a4ce73304@group-E86B211EAF54:LeaderElection26] INFO  server.RaftServerConfigKeys (ConfUtils.java:logGet(43)) - raft.server.watch.timeout.denomination = 1s (default)
2019-09-19 13:44:18,263 [e12d66f4-70bf-4d46-b2b0-c16a4ce73304@group-E86B211EAF54:LeaderElection26] INFO  server.RaftServerConfigKeys (ConfUtils.java:logGet(43)) - raft.server.watch.element-limit = 65536 (default)
2019-09-19 13:44:18,265 [e12d66f4-70bf-4d46-b2b0-c16a4ce73304@group-E86B211EAF54:LeaderElection26] INFO  server.RaftServerConfigKeys (ConfUtils.java:logGet(43)) - raft.server.log.appender.snapshot.chunk.size.max = 16MB (=16777216) (default)
2019-09-19 13:44:18,266 [e12d66f4-70bf-4d46-b2b0-c16a4ce73304@group-E86B211EAF54:LeaderElection26] INFO  server.RaftServerConfigKeys (ConfUtils.java:logGet(43)) - raft.server.log.appender.buffer.byte-limit = 33554432 (custom)
2019-09-19 13:44:18,266 [e12d66f4-70bf-4d46-b2b0-c16a4ce73304@group-E86B211EAF54:LeaderElection26] INFO  server.RaftServerConfigKeys (ConfUtils.java:logGet(43)) - raft.server.log.appender.buffer.element-limit = 1 (custom)
2019-09-19 13:44:18,266 [e12d66f4-70bf-4d46-b2b0-c16a4ce73304@group-E86B211EAF54:LeaderElection26] INFO  grpc.GrpcConfigKeys$Server (ConfUtils.java:logGet(43)) - raft.grpc.server.leader.outstanding.appends.max = 128 (default)
2019-09-19 13:44:18,266 [e12d66f4-70bf-4d46-b2b0-c16a4ce73304@group-E86B211EAF54:LeaderElection26] INFO  server.RaftServerConfigKeys (ConfUtils.java:logGet(43)) - raft.server.rpc.request.timeout = 3000ms (default)
2019-09-19 13:44:18,266 [e12d66f4-70bf-4d46-b2b0-c16a4ce73304@group-E86B211EAF54:LeaderElection26] INFO  server.RaftServerConfigKeys (ConfUtils.java:logGet(43)) - raft.server.log.appender.install.snapshot.enabled = false (custom)
2019-09-19 13:44:18,267 [e12d66f4-70bf-4d46-b2b0-c16a4ce73304@group-E86B211EAF54:LeaderElection26] INFO  server.RaftServerConfigKeys (ConfUtils.java:logGet(43)) - raft.server.log.appender.snapshot.chunk.size.max = 16MB (=16777216) (default)
2019-09-19 13:44:18,267 [e12d66f4-70bf-4d46-b2b0-c16a4ce73304@group-E86B211EAF54:LeaderElection26] INFO  server.RaftServerConfigKeys (ConfUtils.java:logGet(43)) - raft.server.log.appender.buffer.byte-limit = 33554432 (custom)
2019-09-19 13:44:18,267 [e12d66f4-70bf-4d46-b2b0-c16a4ce73304@group-E86B211EAF54:LeaderElection26] INFO  server.RaftServerConfigKeys (ConfUtils.java:logGet(43)) - raft.server.log.appender.buffer.element-limit = 1 (custom)
2019-09-19 13:44:18,267 [e12d66f4-70bf-4d46-b2b0-c16a4ce73304@group-E86B211EAF54:LeaderElection26] INFO  grpc.GrpcConfigKeys$Server (ConfUtils.java:logGet(43)) - raft.grpc.server.leader.outstanding.appends.max = 128 (default)
2019-09-19 13:44:18,267 [e12d66f4-70bf-4d46-b2b0-c16a4ce73304@group-E86B211EAF54:LeaderElection26] INFO  server.RaftServerConfigKeys (ConfUtils.java:logGet(43)) - raft.server.rpc.request.timeout = 3000ms (default)
2019-09-19 13:44:18,267 [e12d66f4-70bf-4d46-b2b0-c16a4ce73304@group-E86B211EAF54:LeaderElection26] INFO  server.RaftServerConfigKeys (ConfUtils.java:logGet(43)) - raft.server.log.appender.install.snapshot.enabled = false (custom)
2019-09-19 13:44:18,268 [e12d66f4-70bf-4d46-b2b0-c16a4ce73304@group-E86B211EAF54:LeaderElection26] INFO  impl.RoleInfo (RoleInfo.java:updateAndGet(143)) - e12d66f4-70bf-4d46-b2b0-c16a4ce73304: start LeaderState
2019-09-19 13:44:18,268 [e12d66f4-70bf-4d46-b2b0-c16a4ce73304@group-E86B211EAF54:LeaderElection26] INFO  segmented.SegmentedRaftLogWorker (SegmentedRaftLogWorker.java:startLogSegment(380)) - e12d66f4-70bf-4d46-b2b0-c16a4ce73304@group-E86B211EAF54-SegmentedRaftLogWorker: Starting segment from index:0
2019-09-19 13:44:18,269 [e12d66f4-70bf-4d46-b2b0-c16a4ce73304@group-E86B211EAF54:LeaderElection26] INFO  impl.RaftServerImpl (ServerState.java:setRaftConf(354)) - e12d66f4-70bf-4d46-b2b0-c16a4ce73304@group-E86B211EAF54: set configuration 0: [603ee2fb-7c46-43ae-b6f8-b4c13ebc4e54:192.168.36.82:46778, e12d66f4-70bf-4d46-b2b0-c16a4ce73304:192.168.36.82:36386, 18d3f7fe-50e5-4214-a1e5-787142f90379:192.168.36.82:32964], old=null at 0
2019-09-19 13:44:18,299 [grpc-default-executor-3] INFO  impl.RaftServerImpl (ServerState.java:setLeader(253)) - 603ee2fb-7c46-43ae-b6f8-b4c13ebc4e54@group-E86B211EAF54: change Leader from null to e12d66f4-70bf-4d46-b2b0-c16a4ce73304 at term 1 for appendEntries, leader elected after 5112ms
2019-09-19 13:44:18,304 [grpc-default-executor-1] INFO  impl.RaftServerImpl (ServerState.java:setLeader(253)) - 18d3f7fe-50e5-4214-a1e5-787142f90379@group-E86B211EAF54: change Leader from null to e12d66f4-70bf-4d46-b2b0-c16a4ce73304 at term 1 for appendEntries, leader elected after 5117ms
2019-09-19 13:44:18,308 [grpc-default-executor-1] INFO  impl.RaftServerImpl (ServerState.java:setRaftConf(354)) - 18d3f7fe-50e5-4214-a1e5-787142f90379@group-E86B211EAF54: set configuration 0: [603ee2fb-7c46-43ae-b6f8-b4c13ebc4e54:192.168.36.82:46778, e12d66f4-70bf-4d46-b2b0-c16a4ce73304:192.168.36.82:36386, 18d3f7fe-50e5-4214-a1e5-787142f90379:192.168.36.82:32964], old=null at 0
2019-09-19 13:44:18,308 [grpc-default-executor-3] INFO  impl.RaftServerImpl (ServerState.java:setRaftConf(354)) - 603ee2fb-7c46-43ae-b6f8-b4c13ebc4e54@group-E86B211EAF54: set configuration 0: [603ee2fb-7c46-43ae-b6f8-b4c13ebc4e54:192.168.36.82:46778, e12d66f4-70bf-4d46-b2b0-c16a4ce73304:192.168.36.82:36386, 18d3f7fe-50e5-4214-a1e5-787142f90379:192.168.36.82:32964], old=null at 0
2019-09-19 13:44:18,308 [grpc-default-executor-1] INFO  segmented.SegmentedRaftLogWorker (SegmentedRaftLogWorker.java:startLogSegment(380)) - 18d3f7fe-50e5-4214-a1e5-787142f90379@group-E86B211EAF54-SegmentedRaftLogWorker: Starting segment from index:0
2019-09-19 13:44:18,308 [grpc-default-executor-3] INFO  segmented.SegmentedRaftLogWorker (SegmentedRaftLogWorker.java:startLogSegment(380)) - 603ee2fb-7c46-43ae-b6f8-b4c13ebc4e54@group-E86B211EAF54-SegmentedRaftLogWorker: Starting segment from index:0
2019-09-19 13:44:18,316 [e12d66f4-70bf-4d46-b2b0-c16a4ce73304@group-E86B211EAF54-SegmentedRaftLogWorker] INFO  segmented.SegmentedRaftLogWorker (SegmentedRaftLogWorker.java:execute(569)) - e12d66f4-70bf-4d46-b2b0-c16a4ce73304@group-E86B211EAF54-SegmentedRaftLogWorker: created new log segment /workdir/hadoop-ozone/integration-test/target/test-dir/MiniOzoneClusterImpl-17a4d03a-fc5f-4cc1-bd65-1bc8302b6d07/datanode-6/data/ratis/fe9c9b04-8941-494f-b572-e86b211eaf54/current/log_inprogress_0
2019-09-19 13:44:18,353 [18d3f7fe-50e5-4214-a1e5-787142f90379@group-E86B211EAF54-SegmentedRaftLogWorker] INFO  segmented.SegmentedRaftLogWorker (SegmentedRaftLogWorker.java:execute(569)) - 18d3f7fe-50e5-4214-a1e5-787142f90379@group-E86B211EAF54-SegmentedRaftLogWorker: created new log segment /workdir/hadoop-ozone/integration-test/target/test-dir/MiniOzoneClusterImpl-17a4d03a-fc5f-4cc1-bd65-1bc8302b6d07/datanode-5/data/ratis/fe9c9b04-8941-494f-b572-e86b211eaf54/current/log_inprogress_0
2019-09-19 13:44:18,353 [603ee2fb-7c46-43ae-b6f8-b4c13ebc4e54@group-E86B211EAF54-SegmentedRaftLogWorker] INFO  segmented.SegmentedRaftLogWorker (SegmentedRaftLogWorker.java:execute(569)) - 603ee2fb-7c46-43ae-b6f8-b4c13ebc4e54@group-E86B211EAF54-SegmentedRaftLogWorker: created new log segment /workdir/hadoop-ozone/integration-test/target/test-dir/MiniOzoneClusterImpl-17a4d03a-fc5f-4cc1-bd65-1bc8302b6d07/datanode-3/data/ratis/fe9c9b04-8941-494f-b572-e86b211eaf54/current/log_inprogress_0
2019-09-19 13:44:19,035 [grpc-default-executor-3] INFO  client.GrpcClientProtocolClient (GrpcClientProtocolClient.java:onNext(264)) - client-6C1EFBB48C8C->603ee2fb-7c46-43ae-b6f8-b4c13ebc4e54: receive RaftClientReply:client-6C1EFBB48C8C->603ee2fb-7c46-43ae-b6f8-b4c13ebc4e54@group-E86B211EAF54, cid=42, FAILED org.apache.ratis.protocol.NotLeaderException: Server 603ee2fb-7c46-43ae-b6f8-b4c13ebc4e54@group-E86B211EAF54 is not the leader e12d66f4-70bf-4d46-b2b0-c16a4ce73304:192.168.36.82:36386, logIndex=0, commits[603ee2fb-7c46-43ae-b6f8-b4c13ebc4e54:c-1, e12d66f4-70bf-4d46-b2b0-c16a4ce73304:c-1, 18d3f7fe-50e5-4214-a1e5-787142f90379:c-1]
2019-09-19 13:44:19,249 [grpc-default-executor-3] INFO  client.GrpcClientProtocolClient (GrpcClientProtocolClient.java:onNext(264)) - client-6C1EFBB48C8C->e12d66f4-70bf-4d46-b2b0-c16a4ce73304: receive RaftClientReply:client-6C1EFBB48C8C->e12d66f4-70bf-4d46-b2b0-c16a4ce73304@group-E86B211EAF54, cid=42, SUCCESS, logIndex=1, commits[e12d66f4-70bf-4d46-b2b0-c16a4ce73304:c2, 603ee2fb-7c46-43ae-b6f8-b4c13ebc4e54:c1, 18d3f7fe-50e5-4214-a1e5-787142f90379:c1]
2019-09-19 13:44:19,411 [grpc-default-executor-3] INFO  client.GrpcClientProtocolClient (GrpcClientProtocolClient.java:onNext(264)) - client-6C1EFBB48C8C->e12d66f4-70bf-4d46-b2b0-c16a4ce73304: receive RaftClientReply:client-6C1EFBB48C8C->e12d66f4-70bf-4d46-b2b0-c16a4ce73304@group-E86B211EAF54, cid=43, SUCCESS, logIndex=3, commits[e12d66f4-70bf-4d46-b2b0-c16a4ce73304:c4, 603ee2fb-7c46-43ae-b6f8-b4c13ebc4e54:c3, 18d3f7fe-50e5-4214-a1e5-787142f90379:c3]
2019-09-19 13:44:19,621 [grpc-default-executor-3] INFO  client.GrpcClientProtocolClient (GrpcClientProtocolClient.java:onNext(264)) - client-6C1EFBB48C8C->e12d66f4-70bf-4d46-b2b0-c16a4ce73304: receive RaftClientReply:client-6C1EFBB48C8C->e12d66f4-70bf-4d46-b2b0-c16a4ce73304@group-E86B211EAF54, cid=44, SUCCESS, logIndex=5, commits[e12d66f4-70bf-4d46-b2b0-c16a4ce73304:c6, 603ee2fb-7c46-43ae-b6f8-b4c13ebc4e54:c5, 18d3f7fe-50e5-4214-a1e5-787142f90379:c5]
2019-09-19 13:44:19,640 [RatisApplyTransactionExecutor 1] ERROR ratis.ContainerStateMachine (ContainerStateMachine.java:lambda$applyTransaction$6(720)) - gid group-E86B211EAF54 : ApplyTransaction failed. cmd CreateContainer logIndex 7 exception {}
java.lang.IllegalArgumentException
	at com.google.common.base.Preconditions.checkArgument(Preconditions.java:72)
	at org.apache.hadoop.ozone.container.keyvalue.KeyValueHandler.handleCreateContainer(KeyValueHandler.java:215)
	at org.apache.hadoop.ozone.container.keyvalue.KeyValueHandler.handle(KeyValueHandler.java:152)
	at org.apache.hadoop.ozone.container.common.impl.HddsDispatcher.dispatchRequest(HddsDispatcher.java:275)
	at org.apache.hadoop.ozone.container.common.impl.HddsDispatcher.dispatch(HddsDispatcher.java:150)
	at org.apache.hadoop.ozone.container.common.transport.server.ratis.ContainerStateMachine.dispatchCommand(ContainerStateMachine.java:401)
	at org.apache.hadoop.ozone.container.common.transport.server.ratis.ContainerStateMachine.runCommand(ContainerStateMachine.java:409)
	at org.apache.hadoop.ozone.container.common.transport.server.ratis.ContainerStateMachine.lambda$applyTransaction$6(ContainerStateMachine.java:718)
	at java.util.concurrent.CompletableFuture$AsyncSupply.run(CompletableFuture.java:1590)
	at java.util.concurrent.ThreadPoolExecutor.runWorker(ThreadPoolExecutor.java:1149)
	at java.util.concurrent.ThreadPoolExecutor$Worker.run(ThreadPoolExecutor.java:624)
	at java.lang.Thread.run(Thread.java:748)
2019-09-19 13:44:19,655 [RatisApplyTransactionExecutor 1] ERROR ratis.ContainerStateMachine (ContainerStateMachine.java:lambda$applyTransaction$6(720)) - gid group-E86B211EAF54 : ApplyTransaction failed. cmd CreateContainer logIndex 7 exception {}
java.lang.IllegalArgumentException
	at com.google.common.base.Preconditions.checkArgument(Preconditions.java:72)
	at org.apache.hadoop.ozone.container.keyvalue.KeyValueHandler.handleCreateContainer(KeyValueHandler.java:215)
	at org.apache.hadoop.ozone.container.keyvalue.KeyValueHandler.handle(KeyValueHandler.java:152)
	at org.apache.hadoop.ozone.container.common.impl.HddsDispatcher.dispatchRequest(HddsDispatcher.java:275)
	at org.apache.hadoop.ozone.container.common.impl.HddsDispatcher.dispatch(HddsDispatcher.java:150)
	at org.apache.hadoop.ozone.container.common.transport.server.ratis.ContainerStateMachine.dispatchCommand(ContainerStateMachine.java:401)
	at org.apache.hadoop.ozone.container.common.transport.server.ratis.ContainerStateMachine.runCommand(ContainerStateMachine.java:409)
	at org.apache.hadoop.ozone.container.common.transport.server.ratis.ContainerStateMachine.lambda$applyTransaction$6(ContainerStateMachine.java:718)
	at java.util.concurrent.CompletableFuture$AsyncSupply.run(CompletableFuture.java:1590)
	at java.util.concurrent.ThreadPoolExecutor.runWorker(ThreadPoolExecutor.java:1149)
	at java.util.concurrent.ThreadPoolExecutor$Worker.run(ThreadPoolExecutor.java:624)
	at java.lang.Thread.run(Thread.java:748)
2019-09-19 13:44:19,655 [RatisApplyTransactionExecutor 1] ERROR ratis.ContainerStateMachine (ContainerStateMachine.java:lambda$applyTransaction$6(720)) - gid group-E86B211EAF54 : ApplyTransaction failed. cmd CreateContainer logIndex 7 exception {}
java.lang.IllegalArgumentException
	at com.google.common.base.Preconditions.checkArgument(Preconditions.java:72)
	at org.apache.hadoop.ozone.container.keyvalue.KeyValueHandler.handleCreateContainer(KeyValueHandler.java:215)
	at org.apache.hadoop.ozone.container.keyvalue.KeyValueHandler.handle(KeyValueHandler.java:152)
	at org.apache.hadoop.ozone.container.common.impl.HddsDispatcher.dispatchRequest(HddsDispatcher.java:275)
	at org.apache.hadoop.ozone.container.common.impl.HddsDispatcher.dispatch(HddsDispatcher.java:150)
	at org.apache.hadoop.ozone.container.common.transport.server.ratis.ContainerStateMachine.dispatchCommand(ContainerStateMachine.java:401)
	at org.apache.hadoop.ozone.container.common.transport.server.ratis.ContainerStateMachine.runCommand(ContainerStateMachine.java:409)
	at org.apache.hadoop.ozone.container.common.transport.server.ratis.ContainerStateMachine.lambda$applyTransaction$6(ContainerStateMachine.java:718)
	at java.util.concurrent.CompletableFuture$AsyncSupply.run(CompletableFuture.java:1590)
	at java.util.concurrent.ThreadPoolExecutor.runWorker(ThreadPoolExecutor.java:1149)
	at java.util.concurrent.ThreadPoolExecutor$Worker.run(ThreadPoolExecutor.java:624)
	at java.lang.Thread.run(Thread.java:748)
2019-09-19 13:44:20,693 [grpc-default-executor-1] INFO  client.GrpcClientProtocolClient (GrpcClientProtocolClient.java:onNext(264)) - client-6C1EFBB48C8C->603ee2fb-7c46-43ae-b6f8-b4c13ebc4e54: receive RaftClientReply:client-6C1EFBB48C8C->603ee2fb-7c46-43ae-b6f8-b4c13ebc4e54@group-E86B211EAF54, cid=45, FAILED org.apache.ratis.protocol.NotLeaderException: Server 603ee2fb-7c46-43ae-b6f8-b4c13ebc4e54@group-E86B211EAF54 is not the leader e12d66f4-70bf-4d46-b2b0-c16a4ce73304:192.168.36.82:36386, logIndex=0, commits[603ee2fb-7c46-43ae-b6f8-b4c13ebc4e54:c7, e12d66f4-70bf-4d46-b2b0-c16a4ce73304:c7, 18d3f7fe-50e5-4214-a1e5-787142f90379:c6]
2019-09-19 13:44:21,733 [grpc-default-executor-2] INFO  client.GrpcClientProtocolClient (GrpcClientProtocolClient.java:onNext(264)) - client-6C1EFBB48C8C->18d3f7fe-50e5-4214-a1e5-787142f90379: receive RaftClientReply:client-6C1EFBB48C8C->18d3f7fe-50e5-4214-a1e5-787142f90379@group-E86B211EAF54, cid=45, FAILED org.apache.ratis.protocol.NotLeaderException: Server 18d3f7fe-50e5-4214-a1e5-787142f90379@group-E86B211EAF54 is not the leader e12d66f4-70bf-4d46-b2b0-c16a4ce73304:192.168.36.82:36386, logIndex=0, commits[18d3f7fe-50e5-4214-a1e5-787142f90379:c7, 603ee2fb-7c46-43ae-b6f8-b4c13ebc4e54:c6, e12d66f4-70bf-4d46-b2b0-c16a4ce73304:c7]
2019-09-19 13:44:22,780 [grpc-default-executor-2] INFO  client.GrpcClientProtocolClient (GrpcClientProtocolClient.java:onNext(264)) - client-6C1EFBB48C8C->603ee2fb-7c46-43ae-b6f8-b4c13ebc4e54: receive RaftClientReply:client-6C1EFBB48C8C->603ee2fb-7c46-43ae-b6f8-b4c13ebc4e54@group-E86B211EAF54, cid=45, FAILED org.apache.ratis.protocol.NotLeaderException: Server 603ee2fb-7c46-43ae-b6f8-b4c13ebc4e54@group-E86B211EAF54 is not the leader e12d66f4-70bf-4d46-b2b0-c16a4ce73304:192.168.36.82:36386, logIndex=0, commits[603ee2fb-7c46-43ae-b6f8-b4c13ebc4e54:c8, e12d66f4-70bf-4d46-b2b0-c16a4ce73304:c8, 18d3f7fe-50e5-4214-a1e5-787142f90379:c7]
2019-09-19 13:44:23,212 [Thread-793] INFO  impl.FollowerState (FollowerState.java:run(106)) - 648e6349-4081-4bf2-8e46-398321de329c:group-4C0852F427BD changes to CANDIDATE, lastRpcTime:5005, electionTimeout:5005ms
2019-09-19 13:44:23,216 [Thread-793] INFO  impl.RoleInfo (RoleInfo.java:shutdownFollowerState(121)) - 648e6349-4081-4bf2-8e46-398321de329c: shutdown FollowerState
2019-09-19 13:44:23,216 [Thread-793] INFO  impl.RaftServerImpl (RaftServerImpl.java:setRole(174)) - 648e6349-4081-4bf2-8e46-398321de329c@group-4C0852F427BD: changes role from  FOLLOWER to CANDIDATE at term 1 for changeToCandidate
2019-09-19 13:44:23,216 [Thread-793] INFO  impl.RoleInfo (RoleInfo.java:updateAndGet(143)) - 648e6349-4081-4bf2-8e46-398321de329c: start LeaderElection
2019-09-19 13:44:23,230 [Thread-791] INFO  impl.FollowerState (FollowerState.java:run(106)) - 355d6de6-9f5a-4e69-bec6-16b0a4ae8745:group-4C0852F427BD changes to CANDIDATE, lastRpcTime:5035, electionTimeout:5035ms
2019-09-19 13:44:23,232 [Thread-791] INFO  impl.RoleInfo (RoleInfo.java:shutdownFollowerState(121)) - 355d6de6-9f5a-4e69-bec6-16b0a4ae8745: shutdown FollowerState
2019-09-19 13:44:23,232 [Thread-791] INFO  impl.RaftServerImpl (RaftServerImpl.java:setRole(174)) - 355d6de6-9f5a-4e69-bec6-16b0a4ae8745@group-4C0852F427BD: changes role from  FOLLOWER to CANDIDATE at term 1 for changeToCandidate
2019-09-19 13:44:23,232 [Thread-791] INFO  impl.RoleInfo (RoleInfo.java:updateAndGet(143)) - 355d6de6-9f5a-4e69-bec6-16b0a4ae8745: start LeaderElection
2019-09-19 13:44:23,241 [648e6349-4081-4bf2-8e46-398321de329c@group-4C0852F427BD:LeaderElection27] INFO  impl.LeaderElection (LeaderElection.java:askForVotes(182)) - 648e6349-4081-4bf2-8e46-398321de329c@group-4C0852F427BD:LeaderElection27: begin an election at term 2 for -1: [3302a199-32cf-4b92-8bdd-2722ec9a1126:192.168.36.82:36086, 355d6de6-9f5a-4e69-bec6-16b0a4ae8745:192.168.36.82:34279, 648e6349-4081-4bf2-8e46-398321de329c:192.168.36.82:46176], old=null
2019-09-19 13:44:23,243 [355d6de6-9f5a-4e69-bec6-16b0a4ae8745@group-4C0852F427BD:LeaderElection28] INFO  impl.LeaderElection (LeaderElection.java:askForVotes(182)) - 355d6de6-9f5a-4e69-bec6-16b0a4ae8745@group-4C0852F427BD:LeaderElection28: begin an election at term 2 for -1: [3302a199-32cf-4b92-8bdd-2722ec9a1126:192.168.36.82:36086, 355d6de6-9f5a-4e69-bec6-16b0a4ae8745:192.168.36.82:34279, 648e6349-4081-4bf2-8e46-398321de329c:192.168.36.82:46176], old=null
2019-09-19 13:44:23,245 [grpc-default-executor-2] INFO  impl.RaftServerImpl (RaftServerImpl.java:setRole(174)) - 3302a199-32cf-4b92-8bdd-2722ec9a1126@group-4C0852F427BD: changes role from  FOLLOWER to FOLLOWER at term 2 for recognizeCandidate:648e6349-4081-4bf2-8e46-398321de329c
2019-09-19 13:44:23,245 [grpc-default-executor-2] INFO  impl.RoleInfo (RoleInfo.java:shutdownFollowerState(121)) - 3302a199-32cf-4b92-8bdd-2722ec9a1126: shutdown FollowerState
2019-09-19 13:44:23,245 [grpc-default-executor-2] INFO  impl.RoleInfo (RoleInfo.java:updateAndGet(143)) - 3302a199-32cf-4b92-8bdd-2722ec9a1126: start FollowerState
2019-09-19 13:44:23,245 [Thread-792] INFO  impl.FollowerState (FollowerState.java:run(115)) - 3302a199-32cf-4b92-8bdd-2722ec9a1126: FollowerState was interrupted: java.lang.InterruptedException: sleep interrupted
2019-09-19 13:44:23,262 [648e6349-4081-4bf2-8e46-398321de329c@group-4C0852F427BD:LeaderElection27] INFO  impl.LeaderElection (LeaderElection.java:logAndReturn(56)) - 648e6349-4081-4bf2-8e46-398321de329c@group-4C0852F427BD:LeaderElection27: Election PASSED; received 2 response(s) [648e6349-4081-4bf2-8e46-398321de329c<-3302a199-32cf-4b92-8bdd-2722ec9a1126#0:OK-t2, 648e6349-4081-4bf2-8e46-398321de329c<-355d6de6-9f5a-4e69-bec6-16b0a4ae8745#0:FAIL-t2] and 0 exception(s); 648e6349-4081-4bf2-8e46-398321de329c@group-4C0852F427BD:t2, leader=null, voted=648e6349-4081-4bf2-8e46-398321de329c, raftlog=648e6349-4081-4bf2-8e46-398321de329c@group-4C0852F427BD-SegmentedRaftLog:OPENED:c-1,f-1,i0, conf=-1: [3302a199-32cf-4b92-8bdd-2722ec9a1126:192.168.36.82:36086, 355d6de6-9f5a-4e69-bec6-16b0a4ae8745:192.168.36.82:34279, 648e6349-4081-4bf2-8e46-398321de329c:192.168.36.82:46176], old=null
2019-09-19 13:44:23,262 [355d6de6-9f5a-4e69-bec6-16b0a4ae8745@group-4C0852F427BD:LeaderElection28] INFO  impl.LeaderElection (LeaderElection.java:logAndReturn(56)) - 355d6de6-9f5a-4e69-bec6-16b0a4ae8745@group-4C0852F427BD:LeaderElection28: Election REJECTED; received 2 response(s) [355d6de6-9f5a-4e69-bec6-16b0a4ae8745<-3302a199-32cf-4b92-8bdd-2722ec9a1126#0:FAIL-t2, 355d6de6-9f5a-4e69-bec6-16b0a4ae8745<-648e6349-4081-4bf2-8e46-398321de329c#0:FAIL-t2] and 0 exception(s); 355d6de6-9f5a-4e69-bec6-16b0a4ae8745@group-4C0852F427BD:t2, leader=null, voted=355d6de6-9f5a-4e69-bec6-16b0a4ae8745, raftlog=355d6de6-9f5a-4e69-bec6-16b0a4ae8745@group-4C0852F427BD-SegmentedRaftLog:OPENED:c-1,f-1,i0, conf=-1: [3302a199-32cf-4b92-8bdd-2722ec9a1126:192.168.36.82:36086, 355d6de6-9f5a-4e69-bec6-16b0a4ae8745:192.168.36.82:34279, 648e6349-4081-4bf2-8e46-398321de329c:192.168.36.82:46176], old=null
2019-09-19 13:44:23,262 [648e6349-4081-4bf2-8e46-398321de329c@group-4C0852F427BD:LeaderElection27] INFO  impl.RoleInfo (RoleInfo.java:shutdownLeaderElection(134)) - 648e6349-4081-4bf2-8e46-398321de329c: shutdown LeaderElection
2019-09-19 13:44:23,264 [355d6de6-9f5a-4e69-bec6-16b0a4ae8745@group-4C0852F427BD:LeaderElection28] INFO  impl.RaftServerImpl (RaftServerImpl.java:setRole(174)) - 355d6de6-9f5a-4e69-bec6-16b0a4ae8745@group-4C0852F427BD: changes role from CANDIDATE to FOLLOWER at term 2 for DISCOVERED_A_NEW_TERM
2019-09-19 13:44:23,265 [355d6de6-9f5a-4e69-bec6-16b0a4ae8745@group-4C0852F427BD:LeaderElection28] INFO  impl.RoleInfo (RoleInfo.java:shutdownLeaderElection(134)) - 355d6de6-9f5a-4e69-bec6-16b0a4ae8745: shutdown LeaderElection
2019-09-19 13:44:23,265 [648e6349-4081-4bf2-8e46-398321de329c@group-4C0852F427BD:LeaderElection27] INFO  impl.RaftServerImpl (RaftServerImpl.java:setRole(174)) - 648e6349-4081-4bf2-8e46-398321de329c@group-4C0852F427BD: changes role from CANDIDATE to LEADER at term 2 for changeToLeader
2019-09-19 13:44:23,266 [355d6de6-9f5a-4e69-bec6-16b0a4ae8745@group-4C0852F427BD:LeaderElection28] INFO  impl.RoleInfo (RoleInfo.java:updateAndGet(143)) - 355d6de6-9f5a-4e69-bec6-16b0a4ae8745: start FollowerState
2019-09-19 13:44:23,266 [648e6349-4081-4bf2-8e46-398321de329c@group-4C0852F427BD:LeaderElection27] INFO  impl.RaftServerImpl (ServerState.java:setLeader(253)) - 648e6349-4081-4bf2-8e46-398321de329c@group-4C0852F427BD: change Leader from null to 648e6349-4081-4bf2-8e46-398321de329c at term 2 for becomeLeader, leader elected after 10165ms
2019-09-19 13:44:23,266 [648e6349-4081-4bf2-8e46-398321de329c@group-4C0852F427BD:LeaderElection27] INFO  server.RaftServerConfigKeys (ConfUtils.java:logGet(43)) - raft.server.staging.catchup.gap = 1000 (default)
2019-09-19 13:44:23,266 [648e6349-4081-4bf2-8e46-398321de329c@group-4C0852F427BD:LeaderElection27] INFO  server.RaftServerConfigKeys (ConfUtils.java:logGet(43)) - raft.server.rpc.sleep.time = 25ms (default)
2019-09-19 13:44:23,267 [648e6349-4081-4bf2-8e46-398321de329c@group-4C0852F427BD:LeaderElection27] INFO  server.RaftServerConfigKeys (ConfUtils.java:logGet(43)) - raft.server.write.element-limit = 4096 (default)
2019-09-19 13:44:23,267 [648e6349-4081-4bf2-8e46-398321de329c@group-4C0852F427BD:LeaderElection27] INFO  server.RaftServerConfigKeys (ConfUtils.java:logGet(43)) - raft.server.watch.timeout = 10s (default)
2019-09-19 13:44:23,267 [648e6349-4081-4bf2-8e46-398321de329c@group-4C0852F427BD:LeaderElection27] INFO  server.RaftServerConfigKeys (ConfUtils.java:logGet(43)) - raft.server.watch.timeout.denomination = 1s (default)
2019-09-19 13:44:23,267 [648e6349-4081-4bf2-8e46-398321de329c@group-4C0852F427BD:LeaderElection27] INFO  server.RaftServerConfigKeys (ConfUtils.java:logGet(43)) - raft.server.watch.element-limit = 65536 (default)
2019-09-19 13:44:23,271 [648e6349-4081-4bf2-8e46-398321de329c@group-4C0852F427BD:LeaderElection27] INFO  server.RaftServerConfigKeys (ConfUtils.java:logGet(43)) - raft.server.log.appender.snapshot.chunk.size.max = 16MB (=16777216) (default)
2019-09-19 13:44:23,271 [648e6349-4081-4bf2-8e46-398321de329c@group-4C0852F427BD:LeaderElection27] INFO  server.RaftServerConfigKeys (ConfUtils.java:logGet(43)) - raft.server.log.appender.buffer.byte-limit = 33554432 (custom)
2019-09-19 13:44:23,271 [648e6349-4081-4bf2-8e46-398321de329c@group-4C0852F427BD:LeaderElection27] INFO  server.RaftServerConfigKeys (ConfUtils.java:logGet(43)) - raft.server.log.appender.buffer.element-limit = 1 (custom)
2019-09-19 13:44:23,271 [648e6349-4081-4bf2-8e46-398321de329c@group-4C0852F427BD:LeaderElection27] INFO  grpc.GrpcConfigKeys$Server (ConfUtils.java:logGet(43)) - raft.grpc.server.leader.outstanding.appends.max = 128 (default)
2019-09-19 13:44:23,272 [648e6349-4081-4bf2-8e46-398321de329c@group-4C0852F427BD:LeaderElection27] INFO  server.RaftServerConfigKeys (ConfUtils.java:logGet(43)) - raft.server.rpc.request.timeout = 3000ms (default)
2019-09-19 13:44:23,272 [648e6349-4081-4bf2-8e46-398321de329c@group-4C0852F427BD:LeaderElection27] INFO  server.RaftServerConfigKeys (ConfUtils.java:logGet(43)) - raft.server.log.appender.install.snapshot.enabled = false (custom)
2019-09-19 13:44:23,272 [648e6349-4081-4bf2-8e46-398321de329c@group-4C0852F427BD:LeaderElection27] INFO  server.RaftServerConfigKeys (ConfUtils.java:logGet(43)) - raft.server.log.appender.snapshot.chunk.size.max = 16MB (=16777216) (default)
2019-09-19 13:44:23,272 [648e6349-4081-4bf2-8e46-398321de329c@group-4C0852F427BD:LeaderElection27] INFO  server.RaftServerConfigKeys (ConfUtils.java:logGet(43)) - raft.server.log.appender.buffer.byte-limit = 33554432 (custom)
2019-09-19 13:44:23,273 [648e6349-4081-4bf2-8e46-398321de329c@group-4C0852F427BD:LeaderElection27] INFO  server.RaftServerConfigKeys (ConfUtils.java:logGet(43)) - raft.server.log.appender.buffer.element-limit = 1 (custom)
2019-09-19 13:44:23,273 [648e6349-4081-4bf2-8e46-398321de329c@group-4C0852F427BD:LeaderElection27] INFO  grpc.GrpcConfigKeys$Server (ConfUtils.java:logGet(43)) - raft.grpc.server.leader.outstanding.appends.max = 128 (default)
2019-09-19 13:44:23,273 [648e6349-4081-4bf2-8e46-398321de329c@group-4C0852F427BD:LeaderElection27] INFO  server.RaftServerConfigKeys (ConfUtils.java:logGet(43)) - raft.server.rpc.request.timeout = 3000ms (default)
2019-09-19 13:44:23,273 [648e6349-4081-4bf2-8e46-398321de329c@group-4C0852F427BD:LeaderElection27] INFO  server.RaftServerConfigKeys (ConfUtils.java:logGet(43)) - raft.server.log.appender.install.snapshot.enabled = false (custom)
2019-09-19 13:44:23,273 [648e6349-4081-4bf2-8e46-398321de329c@group-4C0852F427BD:LeaderElection27] INFO  impl.RoleInfo (RoleInfo.java:updateAndGet(143)) - 648e6349-4081-4bf2-8e46-398321de329c: start LeaderState
2019-09-19 13:44:23,274 [648e6349-4081-4bf2-8e46-398321de329c@group-4C0852F427BD:LeaderElection27] INFO  segmented.SegmentedRaftLogWorker (SegmentedRaftLogWorker.java:startLogSegment(380)) - 648e6349-4081-4bf2-8e46-398321de329c@group-4C0852F427BD-SegmentedRaftLogWorker: Starting segment from index:0
2019-09-19 13:44:23,275 [648e6349-4081-4bf2-8e46-398321de329c@group-4C0852F427BD:LeaderElection27] INFO  impl.RaftServerImpl (ServerState.java:setRaftConf(354)) - 648e6349-4081-4bf2-8e46-398321de329c@group-4C0852F427BD: set configuration 0: [3302a199-32cf-4b92-8bdd-2722ec9a1126:192.168.36.82:36086, 355d6de6-9f5a-4e69-bec6-16b0a4ae8745:192.168.36.82:34279, 648e6349-4081-4bf2-8e46-398321de329c:192.168.36.82:46176], old=null at 0
2019-09-19 13:44:23,308 [grpc-default-executor-2] INFO  impl.RaftServerImpl (ServerState.java:setLeader(253)) - 3302a199-32cf-4b92-8bdd-2722ec9a1126@group-4C0852F427BD: change Leader from null to 648e6349-4081-4bf2-8e46-398321de329c at term 2 for appendEntries, leader elected after 10207ms
2019-09-19 13:44:23,308 [grpc-default-executor-3] INFO  impl.RaftServerImpl (ServerState.java:setLeader(253)) - 355d6de6-9f5a-4e69-bec6-16b0a4ae8745@group-4C0852F427BD: change Leader from null to 648e6349-4081-4bf2-8e46-398321de329c at term 2 for appendEntries, leader elected after 10208ms
2019-09-19 13:44:23,310 [grpc-default-executor-3] INFO  impl.RaftServerImpl (ServerState.java:setRaftConf(354)) - 3302a199-32cf-4b92-8bdd-2722ec9a1126@group-4C0852F427BD: set configuration 0: [3302a199-32cf-4b92-8bdd-2722ec9a1126:192.168.36.82:36086, 355d6de6-9f5a-4e69-bec6-16b0a4ae8745:192.168.36.82:34279, 648e6349-4081-4bf2-8e46-398321de329c:192.168.36.82:46176], old=null at 0
2019-09-19 13:44:23,311 [grpc-default-executor-3] INFO  segmented.SegmentedRaftLogWorker (SegmentedRaftLogWorker.java:startLogSegment(380)) - 3302a199-32cf-4b92-8bdd-2722ec9a1126@group-4C0852F427BD-SegmentedRaftLogWorker: Starting segment from index:0
2019-09-19 13:44:23,311 [grpc-default-executor-2] INFO  impl.RaftServerImpl (ServerState.java:setRaftConf(354)) - 355d6de6-9f5a-4e69-bec6-16b0a4ae8745@group-4C0852F427BD: set configuration 0: [3302a199-32cf-4b92-8bdd-2722ec9a1126:192.168.36.82:36086, 355d6de6-9f5a-4e69-bec6-16b0a4ae8745:192.168.36.82:34279, 648e6349-4081-4bf2-8e46-398321de329c:192.168.36.82:46176], old=null at 0
2019-09-19 13:44:23,311 [grpc-default-executor-2] INFO  segmented.SegmentedRaftLogWorker (SegmentedRaftLogWorker.java:startLogSegment(380)) - 355d6de6-9f5a-4e69-bec6-16b0a4ae8745@group-4C0852F427BD-SegmentedRaftLogWorker: Starting segment from index:0
2019-09-19 13:44:23,319 [648e6349-4081-4bf2-8e46-398321de329c@group-4C0852F427BD-SegmentedRaftLogWorker] INFO  segmented.SegmentedRaftLogWorker (SegmentedRaftLogWorker.java:execute(569)) - 648e6349-4081-4bf2-8e46-398321de329c@group-4C0852F427BD-SegmentedRaftLogWorker: created new log segment /workdir/hadoop-ozone/integration-test/target/test-dir/MiniOzoneClusterImpl-17a4d03a-fc5f-4cc1-bd65-1bc8302b6d07/datanode-4/data/ratis/ad10ff0c-3284-4291-973c-4c0852f427bd/current/log_inprogress_0
2019-09-19 13:44:23,348 [355d6de6-9f5a-4e69-bec6-16b0a4ae8745@group-4C0852F427BD-SegmentedRaftLogWorker] INFO  segmented.SegmentedRaftLogWorker (SegmentedRaftLogWorker.java:execute(569)) - 355d6de6-9f5a-4e69-bec6-16b0a4ae8745@group-4C0852F427BD-SegmentedRaftLogWorker: created new log segment /workdir/hadoop-ozone/integration-test/target/test-dir/MiniOzoneClusterImpl-17a4d03a-fc5f-4cc1-bd65-1bc8302b6d07/datanode-2/data/ratis/ad10ff0c-3284-4291-973c-4c0852f427bd/current/log_inprogress_0
2019-09-19 13:44:23,348 [3302a199-32cf-4b92-8bdd-2722ec9a1126@group-4C0852F427BD-SegmentedRaftLogWorker] INFO  segmented.SegmentedRaftLogWorker (SegmentedRaftLogWorker.java:execute(569)) - 3302a199-32cf-4b92-8bdd-2722ec9a1126@group-4C0852F427BD-SegmentedRaftLogWorker: created new log segment /workdir/hadoop-ozone/integration-test/target/test-dir/MiniOzoneClusterImpl-17a4d03a-fc5f-4cc1-bd65-1bc8302b6d07/datanode-1/data/ratis/ad10ff0c-3284-4291-973c-4c0852f427bd/current/log_inprogress_0
2019-09-19 13:44:23,818 [grpc-default-executor-2] INFO  client.GrpcClientProtocolClient (GrpcClientProtocolClient.java:onNext(264)) - client-6C1EFBB48C8C->18d3f7fe-50e5-4214-a1e5-787142f90379: receive RaftClientReply:client-6C1EFBB48C8C->18d3f7fe-50e5-4214-a1e5-787142f90379@group-E86B211EAF54, cid=45, FAILED org.apache.ratis.protocol.NotLeaderException: Server 18d3f7fe-50e5-4214-a1e5-787142f90379@group-E86B211EAF54 is not the leader e12d66f4-70bf-4d46-b2b0-c16a4ce73304:192.168.36.82:36386, logIndex=0, commits[18d3f7fe-50e5-4214-a1e5-787142f90379:c8, 603ee2fb-7c46-43ae-b6f8-b4c13ebc4e54:c7, e12d66f4-70bf-4d46-b2b0-c16a4ce73304:c8]
2019-09-19 13:44:24,853 [grpc-default-executor-2] INFO  client.GrpcClientProtocolClient (GrpcClientProtocolClient.java:onNext(264)) - client-6C1EFBB48C8C->603ee2fb-7c46-43ae-b6f8-b4c13ebc4e54: receive RaftClientReply:client-6C1EFBB48C8C->603ee2fb-7c46-43ae-b6f8-b4c13ebc4e54@group-E86B211EAF54, cid=45, FAILED org.apache.ratis.protocol.NotLeaderException: Server 603ee2fb-7c46-43ae-b6f8-b4c13ebc4e54@group-E86B211EAF54 is not the leader e12d66f4-70bf-4d46-b2b0-c16a4ce73304:192.168.36.82:36386, logIndex=0, commits[603ee2fb-7c46-43ae-b6f8-b4c13ebc4e54:c8, e12d66f4-70bf-4d46-b2b0-c16a4ce73304:c8, 18d3f7fe-50e5-4214-a1e5-787142f90379:c8]
2019-09-19 13:44:25,903 [grpc-default-executor-3] INFO  client.GrpcClientProtocolClient (GrpcClientProtocolClient.java:onNext(264)) - client-6C1EFBB48C8C->18d3f7fe-50e5-4214-a1e5-787142f90379: receive RaftClientReply:client-6C1EFBB48C8C->18d3f7fe-50e5-4214-a1e5-787142f90379@group-E86B211EAF54, cid=45, FAILED org.apache.ratis.protocol.NotLeaderException: Server 18d3f7fe-50e5-4214-a1e5-787142f90379@group-E86B211EAF54 is not the leader e12d66f4-70bf-4d46-b2b0-c16a4ce73304:192.168.36.82:36386, logIndex=0, commits[18d3f7fe-50e5-4214-a1e5-787142f90379:c8, 603ee2fb-7c46-43ae-b6f8-b4c13ebc4e54:c8, e12d66f4-70bf-4d46-b2b0-c16a4ce73304:c8]
2019-09-19 13:44:26,944 [grpc-default-executor-2] INFO  client.GrpcClientProtocolClient (GrpcClientProtocolClient.java:onNext(264)) - client-6C1EFBB48C8C->18d3f7fe-50e5-4214-a1e5-787142f90379: receive RaftClientReply:client-6C1EFBB48C8C->18d3f7fe-50e5-4214-a1e5-787142f90379@group-E86B211EAF54, cid=45, FAILED org.apache.ratis.protocol.NotLeaderException: Server 18d3f7fe-50e5-4214-a1e5-787142f90379@group-E86B211EAF54 is not the leader e12d66f4-70bf-4d46-b2b0-c16a4ce73304:192.168.36.82:36386, logIndex=0, commits[18d3f7fe-50e5-4214-a1e5-787142f90379:c8, 603ee2fb-7c46-43ae-b6f8-b4c13ebc4e54:c8, e12d66f4-70bf-4d46-b2b0-c16a4ce73304:c8]
2019-09-19 13:44:27,995 [grpc-default-executor-3] INFO  client.GrpcClientProtocolClient (GrpcClientProtocolClient.java:onNext(264)) - client-6C1EFBB48C8C->603ee2fb-7c46-43ae-b6f8-b4c13ebc4e54: receive RaftClientReply:client-6C1EFBB48C8C->603ee2fb-7c46-43ae-b6f8-b4c13ebc4e54@group-E86B211EAF54, cid=45, FAILED org.apache.ratis.protocol.NotLeaderException: Server 603ee2fb-7c46-43ae-b6f8-b4c13ebc4e54@group-E86B211EAF54 is not the leader e12d66f4-70bf-4d46-b2b0-c16a4ce73304:192.168.36.82:36386, logIndex=0, commits[603ee2fb-7c46-43ae-b6f8-b4c13ebc4e54:c8, e12d66f4-70bf-4d46-b2b0-c16a4ce73304:c8, 18d3f7fe-50e5-4214-a1e5-787142f90379:c8]
2019-09-19 13:44:29,030 [grpc-default-executor-3] INFO  client.GrpcClientProtocolClient (GrpcClientProtocolClient.java:onNext(264)) - client-6C1EFBB48C8C->603ee2fb-7c46-43ae-b6f8-b4c13ebc4e54: receive RaftClientReply:client-6C1EFBB48C8C->603ee2fb-7c46-43ae-b6f8-b4c13ebc4e54@group-E86B211EAF54, cid=45, FAILED org.apache.ratis.protocol.NotLeaderException: Server 603ee2fb-7c46-43ae-b6f8-b4c13ebc4e54@group-E86B211EAF54 is not the leader e12d66f4-70bf-4d46-b2b0-c16a4ce73304:192.168.36.82:36386, logIndex=0, commits[603ee2fb-7c46-43ae-b6f8-b4c13ebc4e54:c8, e12d66f4-70bf-4d46-b2b0-c16a4ce73304:c8, 18d3f7fe-50e5-4214-a1e5-787142f90379:c8]
2019-09-19 13:44:30,063 [grpc-default-executor-1] INFO  client.GrpcClientProtocolClient (GrpcClientProtocolClient.java:onNext(264)) - client-6C1EFBB48C8C->603ee2fb-7c46-43ae-b6f8-b4c13ebc4e54: receive RaftClientReply:client-6C1EFBB48C8C->603ee2fb-7c46-43ae-b6f8-b4c13ebc4e54@group-E86B211EAF54, cid=45, FAILED org.apache.ratis.protocol.NotLeaderException: Server 603ee2fb-7c46-43ae-b6f8-b4c13ebc4e54@group-E86B211EAF54 is not the leader e12d66f4-70bf-4d46-b2b0-c16a4ce73304:192.168.36.82:36386, logIndex=0, commits[603ee2fb-7c46-43ae-b6f8-b4c13ebc4e54:c8, e12d66f4-70bf-4d46-b2b0-c16a4ce73304:c8, 18d3f7fe-50e5-4214-a1e5-787142f90379:c8]
2019-09-19 13:44:31,175 [grpc-default-executor-1] INFO  client.GrpcClientProtocolClient (GrpcClientProtocolClient.java:onNext(264)) - client-6C1EFBB48C8C->18d3f7fe-50e5-4214-a1e5-787142f90379: receive RaftClientReply:client-6C1EFBB48C8C->18d3f7fe-50e5-4214-a1e5-787142f90379@group-E86B211EAF54, cid=45, FAILED org.apache.ratis.protocol.NotLeaderException: Server 18d3f7fe-50e5-4214-a1e5-787142f90379@group-E86B211EAF54 is not the leader e12d66f4-70bf-4d46-b2b0-c16a4ce73304:192.168.36.82:36386, logIndex=0, commits[18d3f7fe-50e5-4214-a1e5-787142f90379:c8, 603ee2fb-7c46-43ae-b6f8-b4c13ebc4e54:c8, e12d66f4-70bf-4d46-b2b0-c16a4ce73304:c8]
2019-09-19 13:44:32,203 [grpc-default-executor-1] INFO  client.GrpcClientProtocolClient (GrpcClientProtocolClient.java:onNext(264)) - client-6C1EFBB48C8C->603ee2fb-7c46-43ae-b6f8-b4c13ebc4e54: receive RaftClientReply:client-6C1EFBB48C8C->603ee2fb-7c46-43ae-b6f8-b4c13ebc4e54@group-E86B211EAF54, cid=45, FAILED org.apache.ratis.protocol.NotLeaderException: Server 603ee2fb-7c46-43ae-b6f8-b4c13ebc4e54@group-E86B211EAF54 is not the leader e12d66f4-70bf-4d46-b2b0-c16a4ce73304:192.168.36.82:36386, logIndex=0, commits[603ee2fb-7c46-43ae-b6f8-b4c13ebc4e54:c8, e12d66f4-70bf-4d46-b2b0-c16a4ce73304:c8, 18d3f7fe-50e5-4214-a1e5-787142f90379:c8]
2019-09-19 13:44:33,245 [grpc-default-executor-2] INFO  client.GrpcClientProtocolClient (GrpcClientProtocolClient.java:onNext(264)) - client-6C1EFBB48C8C->18d3f7fe-50e5-4214-a1e5-787142f90379: receive RaftClientReply:client-6C1EFBB48C8C->18d3f7fe-50e5-4214-a1e5-787142f90379@group-E86B211EAF54, cid=45, FAILED org.apache.ratis.protocol.NotLeaderException: Server 18d3f7fe-50e5-4214-a1e5-787142f90379@group-E86B211EAF54 is not the leader e12d66f4-70bf-4d46-b2b0-c16a4ce73304:192.168.36.82:36386, logIndex=0, commits[18d3f7fe-50e5-4214-a1e5-787142f90379:c8, 603ee2fb-7c46-43ae-b6f8-b4c13ebc4e54:c8, e12d66f4-70bf-4d46-b2b0-c16a4ce73304:c8]
2019-09-19 13:44:34,278 [grpc-default-executor-2] INFO  client.GrpcClientProtocolClient (GrpcClientProtocolClient.java:onNext(264)) - client-6C1EFBB48C8C->18d3f7fe-50e5-4214-a1e5-787142f90379: receive RaftClientReply:client-6C1EFBB48C8C->18d3f7fe-50e5-4214-a1e5-787142f90379@group-E86B211EAF54, cid=45, FAILED org.apache.ratis.protocol.NotLeaderException: Server 18d3f7fe-50e5-4214-a1e5-787142f90379@group-E86B211EAF54 is not the leader e12d66f4-70bf-4d46-b2b0-c16a4ce73304:192.168.36.82:36386, logIndex=0, commits[18d3f7fe-50e5-4214-a1e5-787142f90379:c8, 603ee2fb-7c46-43ae-b6f8-b4c13ebc4e54:c8, e12d66f4-70bf-4d46-b2b0-c16a4ce73304:c8]
2019-09-19 13:44:35,329 [grpc-default-executor-1] INFO  client.GrpcClientProtocolClient (GrpcClientProtocolClient.java:onNext(264)) - client-6C1EFBB48C8C->603ee2fb-7c46-43ae-b6f8-b4c13ebc4e54: receive RaftClientReply:client-6C1EFBB48C8C->603ee2fb-7c46-43ae-b6f8-b4c13ebc4e54@group-E86B211EAF54, cid=45, FAILED org.apache.ratis.protocol.NotLeaderException: Server 603ee2fb-7c46-43ae-b6f8-b4c13ebc4e54@group-E86B211EAF54 is not the leader e12d66f4-70bf-4d46-b2b0-c16a4ce73304:192.168.36.82:36386, logIndex=0, commits[603ee2fb-7c46-43ae-b6f8-b4c13ebc4e54:c8, e12d66f4-70bf-4d46-b2b0-c16a4ce73304:c8, 18d3f7fe-50e5-4214-a1e5-787142f90379:c8]
2019-09-19 13:44:36,370 [grpc-default-executor-3] INFO  client.GrpcClientProtocolClient (GrpcClientProtocolClient.java:onNext(264)) - client-6C1EFBB48C8C->603ee2fb-7c46-43ae-b6f8-b4c13ebc4e54: receive RaftClientReply:client-6C1EFBB48C8C->603ee2fb-7c46-43ae-b6f8-b4c13ebc4e54@group-E86B211EAF54, cid=45, FAILED org.apache.ratis.protocol.NotLeaderException: Server 603ee2fb-7c46-43ae-b6f8-b4c13ebc4e54@group-E86B211EAF54 is not the leader e12d66f4-70bf-4d46-b2b0-c16a4ce73304:192.168.36.82:36386, logIndex=0, commits[603ee2fb-7c46-43ae-b6f8-b4c13ebc4e54:c8, e12d66f4-70bf-4d46-b2b0-c16a4ce73304:c8, 18d3f7fe-50e5-4214-a1e5-787142f90379:c8]
2019-09-19 13:44:37,417 [grpc-default-executor-3] INFO  client.GrpcClientProtocolClient (GrpcClientProtocolClient.java:onNext(264)) - client-6C1EFBB48C8C->18d3f7fe-50e5-4214-a1e5-787142f90379: receive RaftClientReply:client-6C1EFBB48C8C->18d3f7fe-50e5-4214-a1e5-787142f90379@group-E86B211EAF54, cid=45, FAILED org.apache.ratis.protocol.NotLeaderException: Server 18d3f7fe-50e5-4214-a1e5-787142f90379@group-E86B211EAF54 is not the leader e12d66f4-70bf-4d46-b2b0-c16a4ce73304:192.168.36.82:36386, logIndex=0, commits[18d3f7fe-50e5-4214-a1e5-787142f90379:c8, 603ee2fb-7c46-43ae-b6f8-b4c13ebc4e54:c8, e12d66f4-70bf-4d46-b2b0-c16a4ce73304:c8]
2019-09-19 13:44:38,439 [grpc-default-executor-3] INFO  client.GrpcClientProtocolClient (GrpcClientProtocolClient.java:onNext(264)) - client-6C1EFBB48C8C->603ee2fb-7c46-43ae-b6f8-b4c13ebc4e54: receive RaftClientReply:client-6C1EFBB48C8C->603ee2fb-7c46-43ae-b6f8-b4c13ebc4e54@group-E86B211EAF54, cid=45, FAILED org.apache.ratis.protocol.NotLeaderException: Server 603ee2fb-7c46-43ae-b6f8-b4c13ebc4e54@group-E86B211EAF54 is not the leader e12d66f4-70bf-4d46-b2b0-c16a4ce73304:192.168.36.82:36386, logIndex=0, commits[603ee2fb-7c46-43ae-b6f8-b4c13ebc4e54:c8, e12d66f4-70bf-4d46-b2b0-c16a4ce73304:c8, 18d3f7fe-50e5-4214-a1e5-787142f90379:c8]
2019-09-19 13:44:39,460 [grpc-default-executor-3] INFO  client.GrpcClientProtocolClient (GrpcClientProtocolClient.java:onNext(264)) - client-6C1EFBB48C8C->18d3f7fe-50e5-4214-a1e5-787142f90379: receive RaftClientReply:client-6C1EFBB48C8C->18d3f7fe-50e5-4214-a1e5-787142f90379@group-E86B211EAF54, cid=45, FAILED org.apache.ratis.protocol.NotLeaderException: Server 18d3f7fe-50e5-4214-a1e5-787142f90379@group-E86B211EAF54 is not the leader e12d66f4-70bf-4d46-b2b0-c16a4ce73304:192.168.36.82:36386, logIndex=0, commits[18d3f7fe-50e5-4214-a1e5-787142f90379:c8, 603ee2fb-7c46-43ae-b6f8-b4c13ebc4e54:c8, e12d66f4-70bf-4d46-b2b0-c16a4ce73304:c8]
2019-09-19 13:44:40,499 [grpc-default-executor-3] INFO  client.GrpcClientProtocolClient (GrpcClientProtocolClient.java:onNext(264)) - client-6C1EFBB48C8C->603ee2fb-7c46-43ae-b6f8-b4c13ebc4e54: receive RaftClientReply:client-6C1EFBB48C8C->603ee2fb-7c46-43ae-b6f8-b4c13ebc4e54@group-E86B211EAF54, cid=45, FAILED org.apache.ratis.protocol.NotLeaderException: Server 603ee2fb-7c46-43ae-b6f8-b4c13ebc4e54@group-E86B211EAF54 is not the leader e12d66f4-70bf-4d46-b2b0-c16a4ce73304:192.168.36.82:36386, logIndex=0, commits[603ee2fb-7c46-43ae-b6f8-b4c13ebc4e54:c8, e12d66f4-70bf-4d46-b2b0-c16a4ce73304:c8, 18d3f7fe-50e5-4214-a1e5-787142f90379:c8]
2019-09-19 13:44:41,517 [grpc-default-executor-3] INFO  client.GrpcClientProtocolClient (GrpcClientProtocolClient.java:onNext(264)) - client-6C1EFBB48C8C->18d3f7fe-50e5-4214-a1e5-787142f90379: receive RaftClientReply:client-6C1EFBB48C8C->18d3f7fe-50e5-4214-a1e5-787142f90379@group-E86B211EAF54, cid=45, FAILED org.apache.ratis.protocol.NotLeaderException: Server 18d3f7fe-50e5-4214-a1e5-787142f90379@group-E86B211EAF54 is not the leader e12d66f4-70bf-4d46-b2b0-c16a4ce73304:192.168.36.82:36386, logIndex=0, commits[18d3f7fe-50e5-4214-a1e5-787142f90379:c8, 603ee2fb-7c46-43ae-b6f8-b4c13ebc4e54:c8, e12d66f4-70bf-4d46-b2b0-c16a4ce73304:c8]
2019-09-19 13:44:42,538 [grpc-default-executor-1] INFO  client.GrpcClientProtocolClient (GrpcClientProtocolClient.java:onNext(264)) - client-6C1EFBB48C8C->18d3f7fe-50e5-4214-a1e5-787142f90379: receive RaftClientReply:client-6C1EFBB48C8C->18d3f7fe-50e5-4214-a1e5-787142f90379@group-E86B211EAF54, cid=45, FAILED org.apache.ratis.protocol.NotLeaderException: Server 18d3f7fe-50e5-4214-a1e5-787142f90379@group-E86B211EAF54 is not the leader e12d66f4-70bf-4d46-b2b0-c16a4ce73304:192.168.36.82:36386, logIndex=0, commits[18d3f7fe-50e5-4214-a1e5-787142f90379:c8, 603ee2fb-7c46-43ae-b6f8-b4c13ebc4e54:c8, e12d66f4-70bf-4d46-b2b0-c16a4ce73304:c8]
2019-09-19 13:44:43,557 [grpc-default-executor-3] INFO  client.GrpcClientProtocolClient (GrpcClientProtocolClient.java:onNext(264)) - client-6C1EFBB48C8C->18d3f7fe-50e5-4214-a1e5-787142f90379: receive RaftClientReply:client-6C1EFBB48C8C->18d3f7fe-50e5-4214-a1e5-787142f90379@group-E86B211EAF54, cid=45, FAILED org.apache.ratis.protocol.NotLeaderException: Server 18d3f7fe-50e5-4214-a1e5-787142f90379@group-E86B211EAF54 is not the leader e12d66f4-70bf-4d46-b2b0-c16a4ce73304:192.168.36.82:36386, logIndex=0, commits[18d3f7fe-50e5-4214-a1e5-787142f90379:c8, 603ee2fb-7c46-43ae-b6f8-b4c13ebc4e54:c8, e12d66f4-70bf-4d46-b2b0-c16a4ce73304:c8]
2019-09-19 13:44:44,573 [grpc-default-executor-3] INFO  client.GrpcClientProtocolClient (GrpcClientProtocolClient.java:onNext(264)) - client-6C1EFBB48C8C->603ee2fb-7c46-43ae-b6f8-b4c13ebc4e54: receive RaftClientReply:client-6C1EFBB48C8C->603ee2fb-7c46-43ae-b6f8-b4c13ebc4e54@group-E86B211EAF54, cid=45, FAILED org.apache.ratis.protocol.NotLeaderException: Server 603ee2fb-7c46-43ae-b6f8-b4c13ebc4e54@group-E86B211EAF54 is not the leader e12d66f4-70bf-4d46-b2b0-c16a4ce73304:192.168.36.82:36386, logIndex=0, commits[603ee2fb-7c46-43ae-b6f8-b4c13ebc4e54:c8, e12d66f4-70bf-4d46-b2b0-c16a4ce73304:c8, 18d3f7fe-50e5-4214-a1e5-787142f90379:c8]
2019-09-19 13:44:45,593 [grpc-default-executor-3] INFO  client.GrpcClientProtocolClient (GrpcClientProtocolClient.java:onNext(264)) - client-6C1EFBB48C8C->603ee2fb-7c46-43ae-b6f8-b4c13ebc4e54: receive RaftClientReply:client-6C1EFBB48C8C->603ee2fb-7c46-43ae-b6f8-b4c13ebc4e54@group-E86B211EAF54, cid=45, FAILED org.apache.ratis.protocol.NotLeaderException: Server 603ee2fb-7c46-43ae-b6f8-b4c13ebc4e54@group-E86B211EAF54 is not the leader e12d66f4-70bf-4d46-b2b0-c16a4ce73304:192.168.36.82:36386, logIndex=0, commits[603ee2fb-7c46-43ae-b6f8-b4c13ebc4e54:c8, e12d66f4-70bf-4d46-b2b0-c16a4ce73304:c8, 18d3f7fe-50e5-4214-a1e5-787142f90379:c8]
2019-09-19 13:44:46,615 [grpc-default-executor-2] INFO  client.GrpcClientProtocolClient (GrpcClientProtocolClient.java:onNext(264)) - client-6C1EFBB48C8C->603ee2fb-7c46-43ae-b6f8-b4c13ebc4e54: receive RaftClientReply:client-6C1EFBB48C8C->603ee2fb-7c46-43ae-b6f8-b4c13ebc4e54@group-E86B211EAF54, cid=45, FAILED org.apache.ratis.protocol.NotLeaderException: Server 603ee2fb-7c46-43ae-b6f8-b4c13ebc4e54@group-E86B211EAF54 is not the leader e12d66f4-70bf-4d46-b2b0-c16a4ce73304:192.168.36.82:36386, logIndex=0, commits[603ee2fb-7c46-43ae-b6f8-b4c13ebc4e54:c8, e12d66f4-70bf-4d46-b2b0-c16a4ce73304:c8, 18d3f7fe-50e5-4214-a1e5-787142f90379:c8]
2019-09-19 13:44:47,642 [grpc-default-executor-1] INFO  client.GrpcClientProtocolClient (GrpcClientProtocolClient.java:onNext(264)) - client-6C1EFBB48C8C->18d3f7fe-50e5-4214-a1e5-787142f90379: receive RaftClientReply:client-6C1EFBB48C8C->18d3f7fe-50e5-4214-a1e5-787142f90379@group-E86B211EAF54, cid=45, FAILED org.apache.ratis.protocol.NotLeaderException: Server 18d3f7fe-50e5-4214-a1e5-787142f90379@group-E86B211EAF54 is not the leader e12d66f4-70bf-4d46-b2b0-c16a4ce73304:192.168.36.82:36386, logIndex=0, commits[18d3f7fe-50e5-4214-a1e5-787142f90379:c8, 603ee2fb-7c46-43ae-b6f8-b4c13ebc4e54:c8, e12d66f4-70bf-4d46-b2b0-c16a4ce73304:c8]
2019-09-19 13:44:48,658 [grpc-default-executor-2] INFO  client.GrpcClientProtocolClient (GrpcClientProtocolClient.java:onNext(264)) - client-6C1EFBB48C8C->18d3f7fe-50e5-4214-a1e5-787142f90379: receive RaftClientReply:client-6C1EFBB48C8C->18d3f7fe-50e5-4214-a1e5-787142f90379@group-E86B211EAF54, cid=45, FAILED org.apache.ratis.protocol.NotLeaderException: Server 18d3f7fe-50e5-4214-a1e5-787142f90379@group-E86B211EAF54 is not the leader e12d66f4-70bf-4d46-b2b0-c16a4ce73304:192.168.36.82:36386, logIndex=0, commits[18d3f7fe-50e5-4214-a1e5-787142f90379:c8, 603ee2fb-7c46-43ae-b6f8-b4c13ebc4e54:c8, e12d66f4-70bf-4d46-b2b0-c16a4ce73304:c8]
2019-09-19 13:44:49,674 [grpc-default-executor-2] INFO  client.GrpcClientProtocolClient (GrpcClientProtocolClient.java:onNext(264)) - client-6C1EFBB48C8C->18d3f7fe-50e5-4214-a1e5-787142f90379: receive RaftClientReply:client-6C1EFBB48C8C->18d3f7fe-50e5-4214-a1e5-787142f90379@group-E86B211EAF54, cid=45, FAILED org.apache.ratis.protocol.NotLeaderException: Server 18d3f7fe-50e5-4214-a1e5-787142f90379@group-E86B211EAF54 is not the leader e12d66f4-70bf-4d46-b2b0-c16a4ce73304:192.168.36.82:36386, logIndex=0, commits[18d3f7fe-50e5-4214-a1e5-787142f90379:c8, 603ee2fb-7c46-43ae-b6f8-b4c13ebc4e54:c8, e12d66f4-70bf-4d46-b2b0-c16a4ce73304:c8]
2019-09-19 13:44:50,691 [grpc-default-executor-1] INFO  client.GrpcClientProtocolClient (GrpcClientProtocolClient.java:onNext(264)) - client-6C1EFBB48C8C->603ee2fb-7c46-43ae-b6f8-b4c13ebc4e54: receive RaftClientReply:client-6C1EFBB48C8C->603ee2fb-7c46-43ae-b6f8-b4c13ebc4e54@group-E86B211EAF54, cid=45, FAILED org.apache.ratis.protocol.NotLeaderException: Server 603ee2fb-7c46-43ae-b6f8-b4c13ebc4e54@group-E86B211EAF54 is not the leader e12d66f4-70bf-4d46-b2b0-c16a4ce73304:192.168.36.82:36386, logIndex=0, commits[603ee2fb-7c46-43ae-b6f8-b4c13ebc4e54:c8, e12d66f4-70bf-4d46-b2b0-c16a4ce73304:c8, 18d3f7fe-50e5-4214-a1e5-787142f90379:c8]
2019-09-19 13:44:51,712 [grpc-default-executor-1] INFO  client.GrpcClientProtocolClient (GrpcClientProtocolClient.java:onNext(264)) - client-6C1EFBB48C8C->18d3f7fe-50e5-4214-a1e5-787142f90379: receive RaftClientReply:client-6C1EFBB48C8C->18d3f7fe-50e5-4214-a1e5-787142f90379@group-E86B211EAF54, cid=45, FAILED org.apache.ratis.protocol.NotLeaderException: Server 18d3f7fe-50e5-4214-a1e5-787142f90379@group-E86B211EAF54 is not the leader e12d66f4-70bf-4d46-b2b0-c16a4ce73304:192.168.36.82:36386, logIndex=0, commits[18d3f7fe-50e5-4214-a1e5-787142f90379:c8, 603ee2fb-7c46-43ae-b6f8-b4c13ebc4e54:c8, e12d66f4-70bf-4d46-b2b0-c16a4ce73304:c8]
2019-09-19 13:44:52,729 [grpc-default-executor-2] INFO  client.GrpcClientProtocolClient (GrpcClientProtocolClient.java:onNext(264)) - client-6C1EFBB48C8C->18d3f7fe-50e5-4214-a1e5-787142f90379: receive RaftClientReply:client-6C1EFBB48C8C->18d3f7fe-50e5-4214-a1e5-787142f90379@group-E86B211EAF54, cid=45, FAILED org.apache.ratis.protocol.NotLeaderException: Server 18d3f7fe-50e5-4214-a1e5-787142f90379@group-E86B211EAF54 is not the leader e12d66f4-70bf-4d46-b2b0-c16a4ce73304:192.168.36.82:36386, logIndex=0, commits[18d3f7fe-50e5-4214-a1e5-787142f90379:c8, 603ee2fb-7c46-43ae-b6f8-b4c13ebc4e54:c8, e12d66f4-70bf-4d46-b2b0-c16a4ce73304:c8]
2019-09-19 13:44:53,750 [grpc-default-executor-1] INFO  client.GrpcClientProtocolClient (GrpcClientProtocolClient.java:onNext(264)) - client-6C1EFBB48C8C->18d3f7fe-50e5-4214-a1e5-787142f90379: receive RaftClientReply:client-6C1EFBB48C8C->18d3f7fe-50e5-4214-a1e5-787142f90379@group-E86B211EAF54, cid=45, FAILED org.apache.ratis.protocol.NotLeaderException: Server 18d3f7fe-50e5-4214-a1e5-787142f90379@group-E86B211EAF54 is not the leader e12d66f4-70bf-4d46-b2b0-c16a4ce73304:192.168.36.82:36386, logIndex=0, commits[18d3f7fe-50e5-4214-a1e5-787142f90379:c8, 603ee2fb-7c46-43ae-b6f8-b4c13ebc4e54:c8, e12d66f4-70bf-4d46-b2b0-c16a4ce73304:c8]
2019-09-19 13:44:54,767 [grpc-default-executor-2] INFO  client.GrpcClientProtocolClient (GrpcClientProtocolClient.java:onNext(264)) - client-6C1EFBB48C8C->603ee2fb-7c46-43ae-b6f8-b4c13ebc4e54: receive RaftClientReply:client-6C1EFBB48C8C->603ee2fb-7c46-43ae-b6f8-b4c13ebc4e54@group-E86B211EAF54, cid=45, FAILED org.apache.ratis.protocol.NotLeaderException: Server 603ee2fb-7c46-43ae-b6f8-b4c13ebc4e54@group-E86B211EAF54 is not the leader e12d66f4-70bf-4d46-b2b0-c16a4ce73304:192.168.36.82:36386, logIndex=0, commits[603ee2fb-7c46-43ae-b6f8-b4c13ebc4e54:c8, e12d66f4-70bf-4d46-b2b0-c16a4ce73304:c8, 18d3f7fe-50e5-4214-a1e5-787142f90379:c8]
2019-09-19 13:44:55,787 [grpc-default-executor-2] INFO  client.GrpcClientProtocolClient (GrpcClientProtocolClient.java:onNext(264)) - client-6C1EFBB48C8C->18d3f7fe-50e5-4214-a1e5-787142f90379: receive RaftClientReply:client-6C1EFBB48C8C->18d3f7fe-50e5-4214-a1e5-787142f90379@group-E86B211EAF54, cid=45, FAILED org.apache.ratis.protocol.NotLeaderException: Server 18d3f7fe-50e5-4214-a1e5-787142f90379@group-E86B211EAF54 is not the leader e12d66f4-70bf-4d46-b2b0-c16a4ce73304:192.168.36.82:36386, logIndex=0, commits[18d3f7fe-50e5-4214-a1e5-787142f90379:c8, 603ee2fb-7c46-43ae-b6f8-b4c13ebc4e54:c8, e12d66f4-70bf-4d46-b2b0-c16a4ce73304:c8]
2019-09-19 13:44:56,805 [grpc-default-executor-2] INFO  client.GrpcClientProtocolClient (GrpcClientProtocolClient.java:onNext(264)) - client-6C1EFBB48C8C->603ee2fb-7c46-43ae-b6f8-b4c13ebc4e54: receive RaftClientReply:client-6C1EFBB48C8C->603ee2fb-7c46-43ae-b6f8-b4c13ebc4e54@group-E86B211EAF54, cid=45, FAILED org.apache.ratis.protocol.NotLeaderException: Server 603ee2fb-7c46-43ae-b6f8-b4c13ebc4e54@group-E86B211EAF54 is not the leader e12d66f4-70bf-4d46-b2b0-c16a4ce73304:192.168.36.82:36386, logIndex=0, commits[603ee2fb-7c46-43ae-b6f8-b4c13ebc4e54:c8, e12d66f4-70bf-4d46-b2b0-c16a4ce73304:c8, 18d3f7fe-50e5-4214-a1e5-787142f90379:c8]
2019-09-19 13:44:57,821 [grpc-default-executor-3] INFO  client.GrpcClientProtocolClient (GrpcClientProtocolClient.java:onNext(264)) - client-6C1EFBB48C8C->603ee2fb-7c46-43ae-b6f8-b4c13ebc4e54: receive RaftClientReply:client-6C1EFBB48C8C->603ee2fb-7c46-43ae-b6f8-b4c13ebc4e54@group-E86B211EAF54, cid=45, FAILED org.apache.ratis.protocol.NotLeaderException: Server 603ee2fb-7c46-43ae-b6f8-b4c13ebc4e54@group-E86B211EAF54 is not the leader e12d66f4-70bf-4d46-b2b0-c16a4ce73304:192.168.36.82:36386, logIndex=0, commits[603ee2fb-7c46-43ae-b6f8-b4c13ebc4e54:c8, e12d66f4-70bf-4d46-b2b0-c16a4ce73304:c8, 18d3f7fe-50e5-4214-a1e5-787142f90379:c8]
2019-09-19 13:44:58,840 [grpc-default-executor-2] INFO  client.GrpcClientProtocolClient (GrpcClientProtocolClient.java:onNext(264)) - client-6C1EFBB48C8C->18d3f7fe-50e5-4214-a1e5-787142f90379: receive RaftClientReply:client-6C1EFBB48C8C->18d3f7fe-50e5-4214-a1e5-787142f90379@group-E86B211EAF54, cid=45, FAILED org.apache.ratis.protocol.NotLeaderException: Server 18d3f7fe-50e5-4214-a1e5-787142f90379@group-E86B211EAF54 is not the leader e12d66f4-70bf-4d46-b2b0-c16a4ce73304:192.168.36.82:36386, logIndex=0, commits[18d3f7fe-50e5-4214-a1e5-787142f90379:c8, 603ee2fb-7c46-43ae-b6f8-b4c13ebc4e54:c8, e12d66f4-70bf-4d46-b2b0-c16a4ce73304:c8]
2019-09-19 13:44:59,858 [grpc-default-executor-2] INFO  client.GrpcClientProtocolClient (GrpcClientProtocolClient.java:onNext(264)) - client-6C1EFBB48C8C->603ee2fb-7c46-43ae-b6f8-b4c13ebc4e54: receive RaftClientReply:client-6C1EFBB48C8C->603ee2fb-7c46-43ae-b6f8-b4c13ebc4e54@group-E86B211EAF54, cid=45, FAILED org.apache.ratis.protocol.NotLeaderException: Server 603ee2fb-7c46-43ae-b6f8-b4c13ebc4e54@group-E86B211EAF54 is not the leader e12d66f4-70bf-4d46-b2b0-c16a4ce73304:192.168.36.82:36386, logIndex=0, commits[603ee2fb-7c46-43ae-b6f8-b4c13ebc4e54:c8, e12d66f4-70bf-4d46-b2b0-c16a4ce73304:c8, 18d3f7fe-50e5-4214-a1e5-787142f90379:c8]
2019-09-19 13:45:00,889 [grpc-default-executor-3] INFO  client.GrpcClientProtocolClient (GrpcClientProtocolClient.java:onNext(264)) - client-6C1EFBB48C8C->603ee2fb-7c46-43ae-b6f8-b4c13ebc4e54: receive RaftClientReply:client-6C1EFBB48C8C->603ee2fb-7c46-43ae-b6f8-b4c13ebc4e54@group-E86B211EAF54, cid=45, FAILED org.apache.ratis.protocol.NotLeaderException: Server 603ee2fb-7c46-43ae-b6f8-b4c13ebc4e54@group-E86B211EAF54 is not the leader e12d66f4-70bf-4d46-b2b0-c16a4ce73304:192.168.36.82:36386, logIndex=0, commits[603ee2fb-7c46-43ae-b6f8-b4c13ebc4e54:c8, e12d66f4-70bf-4d46-b2b0-c16a4ce73304:c8, 18d3f7fe-50e5-4214-a1e5-787142f90379:c8]
2019-09-19 13:45:01,908 [grpc-default-executor-3] INFO  client.GrpcClientProtocolClient (GrpcClientProtocolClient.java:onNext(264)) - client-6C1EFBB48C8C->18d3f7fe-50e5-4214-a1e5-787142f90379: receive RaftClientReply:client-6C1EFBB48C8C->18d3f7fe-50e5-4214-a1e5-787142f90379@group-E86B211EAF54, cid=45, FAILED org.apache.ratis.protocol.NotLeaderException: Server 18d3f7fe-50e5-4214-a1e5-787142f90379@group-E86B211EAF54 is not the leader e12d66f4-70bf-4d46-b2b0-c16a4ce73304:192.168.36.82:36386, logIndex=0, commits[18d3f7fe-50e5-4214-a1e5-787142f90379:c8, 603ee2fb-7c46-43ae-b6f8-b4c13ebc4e54:c8, e12d66f4-70bf-4d46-b2b0-c16a4ce73304:c8]
2019-09-19 13:45:02,925 [grpc-default-executor-2] INFO  client.GrpcClientProtocolClient (GrpcClientProtocolClient.java:onNext(264)) - client-6C1EFBB48C8C->603ee2fb-7c46-43ae-b6f8-b4c13ebc4e54: receive RaftClientReply:client-6C1EFBB48C8C->603ee2fb-7c46-43ae-b6f8-b4c13ebc4e54@group-E86B211EAF54, cid=45, FAILED org.apache.ratis.protocol.NotLeaderException: Server 603ee2fb-7c46-43ae-b6f8-b4c13ebc4e54@group-E86B211EAF54 is not the leader e12d66f4-70bf-4d46-b2b0-c16a4ce73304:192.168.36.82:36386, logIndex=0, commits[603ee2fb-7c46-43ae-b6f8-b4c13ebc4e54:c8, e12d66f4-70bf-4d46-b2b0-c16a4ce73304:c8, 18d3f7fe-50e5-4214-a1e5-787142f90379:c8]
2019-09-19 13:45:03,944 [grpc-default-executor-2] INFO  client.GrpcClientProtocolClient (GrpcClientProtocolClient.java:onNext(264)) - client-6C1EFBB48C8C->18d3f7fe-50e5-4214-a1e5-787142f90379: receive RaftClientReply:client-6C1EFBB48C8C->18d3f7fe-50e5-4214-a1e5-787142f90379@group-E86B211EAF54, cid=45, FAILED org.apache.ratis.protocol.NotLeaderException: Server 18d3f7fe-50e5-4214-a1e5-787142f90379@group-E86B211EAF54 is not the leader e12d66f4-70bf-4d46-b2b0-c16a4ce73304:192.168.36.82:36386, logIndex=0, commits[18d3f7fe-50e5-4214-a1e5-787142f90379:c8, 603ee2fb-7c46-43ae-b6f8-b4c13ebc4e54:c8, e12d66f4-70bf-4d46-b2b0-c16a4ce73304:c8]
2019-09-19 13:45:04,962 [grpc-default-executor-3] INFO  client.GrpcClientProtocolClient (GrpcClientProtocolClient.java:onNext(264)) - client-6C1EFBB48C8C->603ee2fb-7c46-43ae-b6f8-b4c13ebc4e54: receive RaftClientReply:client-6C1EFBB48C8C->603ee2fb-7c46-43ae-b6f8-b4c13ebc4e54@group-E86B211EAF54, cid=45, FAILED org.apache.ratis.protocol.NotLeaderException: Server 603ee2fb-7c46-43ae-b6f8-b4c13ebc4e54@group-E86B211EAF54 is not the leader e12d66f4-70bf-4d46-b2b0-c16a4ce73304:192.168.36.82:36386, logIndex=0, commits[603ee2fb-7c46-43ae-b6f8-b4c13ebc4e54:c8, e12d66f4-70bf-4d46-b2b0-c16a4ce73304:c8, 18d3f7fe-50e5-4214-a1e5-787142f90379:c8]
2019-09-19 13:45:05,981 [grpc-default-executor-3] INFO  client.GrpcClientProtocolClient (GrpcClientProtocolClient.java:onNext(264)) - client-6C1EFBB48C8C->18d3f7fe-50e5-4214-a1e5-787142f90379: receive RaftClientReply:client-6C1EFBB48C8C->18d3f7fe-50e5-4214-a1e5-787142f90379@group-E86B211EAF54, cid=45, FAILED org.apache.ratis.protocol.NotLeaderException: Server 18d3f7fe-50e5-4214-a1e5-787142f90379@group-E86B211EAF54 is not the leader e12d66f4-70bf-4d46-b2b0-c16a4ce73304:192.168.36.82:36386, logIndex=0, commits[18d3f7fe-50e5-4214-a1e5-787142f90379:c8, 603ee2fb-7c46-43ae-b6f8-b4c13ebc4e54:c8, e12d66f4-70bf-4d46-b2b0-c16a4ce73304:c8]
2019-09-19 13:45:06,995 [grpc-default-executor-3] INFO  client.GrpcClientProtocolClient (GrpcClientProtocolClient.java:onNext(264)) - client-6C1EFBB48C8C->18d3f7fe-50e5-4214-a1e5-787142f90379: receive RaftClientReply:client-6C1EFBB48C8C->18d3f7fe-50e5-4214-a1e5-787142f90379@group-E86B211EAF54, cid=45, FAILED org.apache.ratis.protocol.NotLeaderException: Server 18d3f7fe-50e5-4214-a1e5-787142f90379@group-E86B211EAF54 is not the leader e12d66f4-70bf-4d46-b2b0-c16a4ce73304:192.168.36.82:36386, logIndex=0, commits[18d3f7fe-50e5-4214-a1e5-787142f90379:c8, 603ee2fb-7c46-43ae-b6f8-b4c13ebc4e54:c8, e12d66f4-70bf-4d46-b2b0-c16a4ce73304:c8]
2019-09-19 13:45:08,011 [grpc-default-executor-2] INFO  client.GrpcClientProtocolClient (GrpcClientProtocolClient.java:onNext(264)) - client-6C1EFBB48C8C->18d3f7fe-50e5-4214-a1e5-787142f90379: receive RaftClientReply:client-6C1EFBB48C8C->18d3f7fe-50e5-4214-a1e5-787142f90379@group-E86B211EAF54, cid=45, FAILED org.apache.ratis.protocol.NotLeaderException: Server 18d3f7fe-50e5-4214-a1e5-787142f90379@group-E86B211EAF54 is not the leader e12d66f4-70bf-4d46-b2b0-c16a4ce73304:192.168.36.82:36386, logIndex=0, commits[18d3f7fe-50e5-4214-a1e5-787142f90379:c8, 603ee2fb-7c46-43ae-b6f8-b4c13ebc4e54:c8, e12d66f4-70bf-4d46-b2b0-c16a4ce73304:c8]
2019-09-19 13:45:09,028 [grpc-default-executor-3] INFO  client.GrpcClientProtocolClient (GrpcClientProtocolClient.java:onNext(264)) - client-6C1EFBB48C8C->603ee2fb-7c46-43ae-b6f8-b4c13ebc4e54: receive RaftClientReply:client-6C1EFBB48C8C->603ee2fb-7c46-43ae-b6f8-b4c13ebc4e54@group-E86B211EAF54, cid=45, FAILED org.apache.ratis.protocol.NotLeaderException: Server 603ee2fb-7c46-43ae-b6f8-b4c13ebc4e54@group-E86B211EAF54 is not the leader e12d66f4-70bf-4d46-b2b0-c16a4ce73304:192.168.36.82:36386, logIndex=0, commits[603ee2fb-7c46-43ae-b6f8-b4c13ebc4e54:c8, e12d66f4-70bf-4d46-b2b0-c16a4ce73304:c8, 18d3f7fe-50e5-4214-a1e5-787142f90379:c8]
2019-09-19 13:45:10,042 [grpc-default-executor-3] INFO  client.GrpcClientProtocolClient (GrpcClientProtocolClient.java:onNext(264)) - client-6C1EFBB48C8C->603ee2fb-7c46-43ae-b6f8-b4c13ebc4e54: receive RaftClientReply:client-6C1EFBB48C8C->603ee2fb-7c46-43ae-b6f8-b4c13ebc4e54@group-E86B211EAF54, cid=45, FAILED org.apache.ratis.protocol.NotLeaderException: Server 603ee2fb-7c46-43ae-b6f8-b4c13ebc4e54@group-E86B211EAF54 is not the leader e12d66f4-70bf-4d46-b2b0-c16a4ce73304:192.168.36.82:36386, logIndex=0, commits[603ee2fb-7c46-43ae-b6f8-b4c13ebc4e54:c8, e12d66f4-70bf-4d46-b2b0-c16a4ce73304:c8, 18d3f7fe-50e5-4214-a1e5-787142f90379:c8]
2019-09-19 13:45:11,055 [grpc-default-executor-3] INFO  client.GrpcClientProtocolClient (GrpcClientProtocolClient.java:onNext(264)) - client-6C1EFBB48C8C->603ee2fb-7c46-43ae-b6f8-b4c13ebc4e54: receive RaftClientReply:client-6C1EFBB48C8C->603ee2fb-7c46-43ae-b6f8-b4c13ebc4e54@group-E86B211EAF54, cid=45, FAILED org.apache.ratis.protocol.NotLeaderException: Server 603ee2fb-7c46-43ae-b6f8-b4c13ebc4e54@group-E86B211EAF54 is not the leader e12d66f4-70bf-4d46-b2b0-c16a4ce73304:192.168.36.82:36386, logIndex=0, commits[603ee2fb-7c46-43ae-b6f8-b4c13ebc4e54:c8, e12d66f4-70bf-4d46-b2b0-c16a4ce73304:c8, 18d3f7fe-50e5-4214-a1e5-787142f90379:c8]
2019-09-19 13:45:12,066 [grpc-default-executor-3] INFO  client.GrpcClientProtocolClient (GrpcClientProtocolClient.java:onNext(264)) - client-6C1EFBB48C8C->603ee2fb-7c46-43ae-b6f8-b4c13ebc4e54: receive RaftClientReply:client-6C1EFBB48C8C->603ee2fb-7c46-43ae-b6f8-b4c13ebc4e54@group-E86B211EAF54, cid=45, FAILED org.apache.ratis.protocol.NotLeaderException: Server 603ee2fb-7c46-43ae-b6f8-b4c13ebc4e54@group-E86B211EAF54 is not the leader e12d66f4-70bf-4d46-b2b0-c16a4ce73304:192.168.36.82:36386, logIndex=0, commits[603ee2fb-7c46-43ae-b6f8-b4c13ebc4e54:c8, e12d66f4-70bf-4d46-b2b0-c16a4ce73304:c8, 18d3f7fe-50e5-4214-a1e5-787142f90379:c8]
2019-09-19 13:45:13,079 [grpc-default-executor-3] INFO  client.GrpcClientProtocolClient (GrpcClientProtocolClient.java:onNext(264)) - client-6C1EFBB48C8C->18d3f7fe-50e5-4214-a1e5-787142f90379: receive RaftClientReply:client-6C1EFBB48C8C->18d3f7fe-50e5-4214-a1e5-787142f90379@group-E86B211EAF54, cid=45, FAILED org.apache.ratis.protocol.NotLeaderException: Server 18d3f7fe-50e5-4214-a1e5-787142f90379@group-E86B211EAF54 is not the leader e12d66f4-70bf-4d46-b2b0-c16a4ce73304:192.168.36.82:36386, logIndex=0, commits[18d3f7fe-50e5-4214-a1e5-787142f90379:c8, 603ee2fb-7c46-43ae-b6f8-b4c13ebc4e54:c8, e12d66f4-70bf-4d46-b2b0-c16a4ce73304:c8]
2019-09-19 13:45:14,097 [grpc-default-executor-1] INFO  client.GrpcClientProtocolClient (GrpcClientProtocolClient.java:onNext(264)) - client-6C1EFBB48C8C->603ee2fb-7c46-43ae-b6f8-b4c13ebc4e54: receive RaftClientReply:client-6C1EFBB48C8C->603ee2fb-7c46-43ae-b6f8-b4c13ebc4e54@group-E86B211EAF54, cid=45, FAILED org.apache.ratis.protocol.NotLeaderException: Server 603ee2fb-7c46-43ae-b6f8-b4c13ebc4e54@group-E86B211EAF54 is not the leader e12d66f4-70bf-4d46-b2b0-c16a4ce73304:192.168.36.82:36386, logIndex=0, commits[603ee2fb-7c46-43ae-b6f8-b4c13ebc4e54:c8, e12d66f4-70bf-4d46-b2b0-c16a4ce73304:c8, 18d3f7fe-50e5-4214-a1e5-787142f90379:c8]
2019-09-19 13:45:15,116 [grpc-default-executor-1] INFO  client.GrpcClientProtocolClient (GrpcClientProtocolClient.java:onNext(264)) - client-6C1EFBB48C8C->603ee2fb-7c46-43ae-b6f8-b4c13ebc4e54: receive RaftClientReply:client-6C1EFBB48C8C->603ee2fb-7c46-43ae-b6f8-b4c13ebc4e54@group-E86B211EAF54, cid=45, FAILED org.apache.ratis.protocol.NotLeaderException: Server 603ee2fb-7c46-43ae-b6f8-b4c13ebc4e54@group-E86B211EAF54 is not the leader e12d66f4-70bf-4d46-b2b0-c16a4ce73304:192.168.36.82:36386, logIndex=0, commits[603ee2fb-7c46-43ae-b6f8-b4c13ebc4e54:c8, e12d66f4-70bf-4d46-b2b0-c16a4ce73304:c8, 18d3f7fe-50e5-4214-a1e5-787142f90379:c8]
2019-09-19 13:45:16,134 [grpc-default-executor-1] INFO  client.GrpcClientProtocolClient (GrpcClientProtocolClient.java:onNext(264)) - client-6C1EFBB48C8C->18d3f7fe-50e5-4214-a1e5-787142f90379: receive RaftClientReply:client-6C1EFBB48C8C->18d3f7fe-50e5-4214-a1e5-787142f90379@group-E86B211EAF54, cid=45, FAILED org.apache.ratis.protocol.NotLeaderException: Server 18d3f7fe-50e5-4214-a1e5-787142f90379@group-E86B211EAF54 is not the leader e12d66f4-70bf-4d46-b2b0-c16a4ce73304:192.168.36.82:36386, logIndex=0, commits[18d3f7fe-50e5-4214-a1e5-787142f90379:c8, 603ee2fb-7c46-43ae-b6f8-b4c13ebc4e54:c8, e12d66f4-70bf-4d46-b2b0-c16a4ce73304:c8]
2019-09-19 13:45:17,158 [grpc-default-executor-3] INFO  client.GrpcClientProtocolClient (GrpcClientProtocolClient.java:onNext(264)) - client-6C1EFBB48C8C->18d3f7fe-50e5-4214-a1e5-787142f90379: receive RaftClientReply:client-6C1EFBB48C8C->18d3f7fe-50e5-4214-a1e5-787142f90379@group-E86B211EAF54, cid=45, FAILED org.apache.ratis.protocol.NotLeaderException: Server 18d3f7fe-50e5-4214-a1e5-787142f90379@group-E86B211EAF54 is not the leader e12d66f4-70bf-4d46-b2b0-c16a4ce73304:192.168.36.82:36386, logIndex=0, commits[18d3f7fe-50e5-4214-a1e5-787142f90379:c8, 603ee2fb-7c46-43ae-b6f8-b4c13ebc4e54:c8, e12d66f4-70bf-4d46-b2b0-c16a4ce73304:c8]
2019-09-19 13:45:18,177 [grpc-default-executor-3] INFO  client.GrpcClientProtocolClient (GrpcClientProtocolClient.java:onNext(264)) - client-6C1EFBB48C8C->18d3f7fe-50e5-4214-a1e5-787142f90379: receive RaftClientReply:client-6C1EFBB48C8C->18d3f7fe-50e5-4214-a1e5-787142f90379@group-E86B211EAF54, cid=45, FAILED org.apache.ratis.protocol.NotLeaderException: Server 18d3f7fe-50e5-4214-a1e5-787142f90379@group-E86B211EAF54 is not the leader e12d66f4-70bf-4d46-b2b0-c16a4ce73304:192.168.36.82:36386, logIndex=0, commits[18d3f7fe-50e5-4214-a1e5-787142f90379:c8, 603ee2fb-7c46-43ae-b6f8-b4c13ebc4e54:c8, e12d66f4-70bf-4d46-b2b0-c16a4ce73304:c8]
2019-09-19 13:45:19,192 [grpc-default-executor-3] INFO  client.GrpcClientProtocolClient (GrpcClientProtocolClient.java:onNext(264)) - client-6C1EFBB48C8C->603ee2fb-7c46-43ae-b6f8-b4c13ebc4e54: receive RaftClientReply:client-6C1EFBB48C8C->603ee2fb-7c46-43ae-b6f8-b4c13ebc4e54@group-E86B211EAF54, cid=45, FAILED org.apache.ratis.protocol.NotLeaderException: Server 603ee2fb-7c46-43ae-b6f8-b4c13ebc4e54@group-E86B211EAF54 is not the leader e12d66f4-70bf-4d46-b2b0-c16a4ce73304:192.168.36.82:36386, logIndex=0, commits[603ee2fb-7c46-43ae-b6f8-b4c13ebc4e54:c8, e12d66f4-70bf-4d46-b2b0-c16a4ce73304:c8, 18d3f7fe-50e5-4214-a1e5-787142f90379:c8]
2019-09-19 13:45:20,207 [grpc-default-executor-1] INFO  client.GrpcClientProtocolClient (GrpcClientProtocolClient.java:onNext(264)) - client-6C1EFBB48C8C->18d3f7fe-50e5-4214-a1e5-787142f90379: receive RaftClientReply:client-6C1EFBB48C8C->18d3f7fe-50e5-4214-a1e5-787142f90379@group-E86B211EAF54, cid=45, FAILED org.apache.ratis.protocol.NotLeaderException: Server 18d3f7fe-50e5-4214-a1e5-787142f90379@group-E86B211EAF54 is not the leader e12d66f4-70bf-4d46-b2b0-c16a4ce73304:192.168.36.82:36386, logIndex=0, commits[18d3f7fe-50e5-4214-a1e5-787142f90379:c8, 603ee2fb-7c46-43ae-b6f8-b4c13ebc4e54:c8, e12d66f4-70bf-4d46-b2b0-c16a4ce73304:c8]
2019-09-19 13:45:21,223 [grpc-default-executor-3] INFO  client.GrpcClientProtocolClient (GrpcClientProtocolClient.java:onNext(264)) - client-6C1EFBB48C8C->603ee2fb-7c46-43ae-b6f8-b4c13ebc4e54: receive RaftClientReply:client-6C1EFBB48C8C->603ee2fb-7c46-43ae-b6f8-b4c13ebc4e54@group-E86B211EAF54, cid=45, FAILED org.apache.ratis.protocol.NotLeaderException: Server 603ee2fb-7c46-43ae-b6f8-b4c13ebc4e54@group-E86B211EAF54 is not the leader e12d66f4-70bf-4d46-b2b0-c16a4ce73304:192.168.36.82:36386, logIndex=0, commits[603ee2fb-7c46-43ae-b6f8-b4c13ebc4e54:c8, e12d66f4-70bf-4d46-b2b0-c16a4ce73304:c8, 18d3f7fe-50e5-4214-a1e5-787142f90379:c8]
2019-09-19 13:45:22,253 [grpc-default-executor-2] INFO  client.GrpcClientProtocolClient (GrpcClientProtocolClient.java:onNext(264)) - client-6C1EFBB48C8C->18d3f7fe-50e5-4214-a1e5-787142f90379: receive RaftClientReply:client-6C1EFBB48C8C->18d3f7fe-50e5-4214-a1e5-787142f90379@group-E86B211EAF54, cid=45, FAILED org.apache.ratis.protocol.NotLeaderException: Server 18d3f7fe-50e5-4214-a1e5-787142f90379@group-E86B211EAF54 is not the leader e12d66f4-70bf-4d46-b2b0-c16a4ce73304:192.168.36.82:36386, logIndex=0, commits[18d3f7fe-50e5-4214-a1e5-787142f90379:c8, 603ee2fb-7c46-43ae-b6f8-b4c13ebc4e54:c8, e12d66f4-70bf-4d46-b2b0-c16a4ce73304:c8]
2019-09-19 13:45:23,273 [grpc-default-executor-2] INFO  client.GrpcClientProtocolClient (GrpcClientProtocolClient.java:onNext(264)) - client-6C1EFBB48C8C->603ee2fb-7c46-43ae-b6f8-b4c13ebc4e54: receive RaftClientReply:client-6C1EFBB48C8C->603ee2fb-7c46-43ae-b6f8-b4c13ebc4e54@group-E86B211EAF54, cid=45, FAILED org.apache.ratis.protocol.NotLeaderException: Server 603ee2fb-7c46-43ae-b6f8-b4c13ebc4e54@group-E86B211EAF54 is not the leader e12d66f4-70bf-4d46-b2b0-c16a4ce73304:192.168.36.82:36386, logIndex=0, commits[603ee2fb-7c46-43ae-b6f8-b4c13ebc4e54:c8, e12d66f4-70bf-4d46-b2b0-c16a4ce73304:c8, 18d3f7fe-50e5-4214-a1e5-787142f90379:c8]
2019-09-19 13:45:24,292 [grpc-default-executor-3] INFO  client.GrpcClientProtocolClient (GrpcClientProtocolClient.java:onNext(264)) - client-6C1EFBB48C8C->18d3f7fe-50e5-4214-a1e5-787142f90379: receive RaftClientReply:client-6C1EFBB48C8C->18d3f7fe-50e5-4214-a1e5-787142f90379@group-E86B211EAF54, cid=45, FAILED org.apache.ratis.protocol.NotLeaderException: Server 18d3f7fe-50e5-4214-a1e5-787142f90379@group-E86B211EAF54 is not the leader e12d66f4-70bf-4d46-b2b0-c16a4ce73304:192.168.36.82:36386, logIndex=0, commits[18d3f7fe-50e5-4214-a1e5-787142f90379:c8, 603ee2fb-7c46-43ae-b6f8-b4c13ebc4e54:c8, e12d66f4-70bf-4d46-b2b0-c16a4ce73304:c8]
2019-09-19 13:45:25,309 [grpc-default-executor-3] INFO  client.GrpcClientProtocolClient (GrpcClientProtocolClient.java:onNext(264)) - client-6C1EFBB48C8C->18d3f7fe-50e5-4214-a1e5-787142f90379: receive RaftClientReply:client-6C1EFBB48C8C->18d3f7fe-50e5-4214-a1e5-787142f90379@group-E86B211EAF54, cid=45, FAILED org.apache.ratis.protocol.NotLeaderException: Server 18d3f7fe-50e5-4214-a1e5-787142f90379@group-E86B211EAF54 is not the leader e12d66f4-70bf-4d46-b2b0-c16a4ce73304:192.168.36.82:36386, logIndex=0, commits[18d3f7fe-50e5-4214-a1e5-787142f90379:c8, 603ee2fb-7c46-43ae-b6f8-b4c13ebc4e54:c8, e12d66f4-70bf-4d46-b2b0-c16a4ce73304:c8]
2019-09-19 13:45:26,321 [grpc-default-executor-3] INFO  client.GrpcClientProtocolClient (GrpcClientProtocolClient.java:onNext(264)) - client-6C1EFBB48C8C->18d3f7fe-50e5-4214-a1e5-787142f90379: receive RaftClientReply:client-6C1EFBB48C8C->18d3f7fe-50e5-4214-a1e5-787142f90379@group-E86B211EAF54, cid=45, FAILED org.apache.ratis.protocol.NotLeaderException: Server 18d3f7fe-50e5-4214-a1e5-787142f90379@group-E86B211EAF54 is not the leader e12d66f4-70bf-4d46-b2b0-c16a4ce73304:192.168.36.82:36386, logIndex=0, commits[18d3f7fe-50e5-4214-a1e5-787142f90379:c8, 603ee2fb-7c46-43ae-b6f8-b4c13ebc4e54:c8, e12d66f4-70bf-4d46-b2b0-c16a4ce73304:c8]
2019-09-19 13:45:27,334 [grpc-default-executor-3] INFO  client.GrpcClientProtocolClient (GrpcClientProtocolClient.java:onNext(264)) - client-6C1EFBB48C8C->603ee2fb-7c46-43ae-b6f8-b4c13ebc4e54: receive RaftClientReply:client-6C1EFBB48C8C->603ee2fb-7c46-43ae-b6f8-b4c13ebc4e54@group-E86B211EAF54, cid=45, FAILED org.apache.ratis.protocol.NotLeaderException: Server 603ee2fb-7c46-43ae-b6f8-b4c13ebc4e54@group-E86B211EAF54 is not the leader e12d66f4-70bf-4d46-b2b0-c16a4ce73304:192.168.36.82:36386, logIndex=0, commits[603ee2fb-7c46-43ae-b6f8-b4c13ebc4e54:c8, e12d66f4-70bf-4d46-b2b0-c16a4ce73304:c8, 18d3f7fe-50e5-4214-a1e5-787142f90379:c8]
2019-09-19 13:45:28,347 [grpc-default-executor-2] INFO  client.GrpcClientProtocolClient (GrpcClientProtocolClient.java:onNext(264)) - client-6C1EFBB48C8C->603ee2fb-7c46-43ae-b6f8-b4c13ebc4e54: receive RaftClientReply:client-6C1EFBB48C8C->603ee2fb-7c46-43ae-b6f8-b4c13ebc4e54@group-E86B211EAF54, cid=45, FAILED org.apache.ratis.protocol.NotLeaderException: Server 603ee2fb-7c46-43ae-b6f8-b4c13ebc4e54@group-E86B211EAF54 is not the leader e12d66f4-70bf-4d46-b2b0-c16a4ce73304:192.168.36.82:36386, logIndex=0, commits[603ee2fb-7c46-43ae-b6f8-b4c13ebc4e54:c8, e12d66f4-70bf-4d46-b2b0-c16a4ce73304:c8, 18d3f7fe-50e5-4214-a1e5-787142f90379:c8]
2019-09-19 13:45:29,366 [grpc-default-executor-1] INFO  client.GrpcClientProtocolClient (GrpcClientProtocolClient.java:onNext(264)) - client-6C1EFBB48C8C->603ee2fb-7c46-43ae-b6f8-b4c13ebc4e54: receive RaftClientReply:client-6C1EFBB48C8C->603ee2fb-7c46-43ae-b6f8-b4c13ebc4e54@group-E86B211EAF54, cid=45, FAILED org.apache.ratis.protocol.NotLeaderException: Server 603ee2fb-7c46-43ae-b6f8-b4c13ebc4e54@group-E86B211EAF54 is not the leader e12d66f4-70bf-4d46-b2b0-c16a4ce73304:192.168.36.82:36386, logIndex=0, commits[603ee2fb-7c46-43ae-b6f8-b4c13ebc4e54:c8, e12d66f4-70bf-4d46-b2b0-c16a4ce73304:c8, 18d3f7fe-50e5-4214-a1e5-787142f90379:c8]
2019-09-19 13:45:30,386 [grpc-default-executor-2] INFO  client.GrpcClientProtocolClient (GrpcClientProtocolClient.java:onNext(264)) - client-6C1EFBB48C8C->18d3f7fe-50e5-4214-a1e5-787142f90379: receive RaftClientReply:client-6C1EFBB48C8C->18d3f7fe-50e5-4214-a1e5-787142f90379@group-E86B211EAF54, cid=45, FAILED org.apache.ratis.protocol.NotLeaderException: Server 18d3f7fe-50e5-4214-a1e5-787142f90379@group-E86B211EAF54 is not the leader e12d66f4-70bf-4d46-b2b0-c16a4ce73304:192.168.36.82:36386, logIndex=0, commits[18d3f7fe-50e5-4214-a1e5-787142f90379:c8, 603ee2fb-7c46-43ae-b6f8-b4c13ebc4e54:c8, e12d66f4-70bf-4d46-b2b0-c16a4ce73304:c8]
2019-09-19 13:45:31,405 [grpc-default-executor-2] INFO  client.GrpcClientProtocolClient (GrpcClientProtocolClient.java:onNext(264)) - client-6C1EFBB48C8C->603ee2fb-7c46-43ae-b6f8-b4c13ebc4e54: receive RaftClientReply:client-6C1EFBB48C8C->603ee2fb-7c46-43ae-b6f8-b4c13ebc4e54@group-E86B211EAF54, cid=45, FAILED org.apache.ratis.protocol.NotLeaderException: Server 603ee2fb-7c46-43ae-b6f8-b4c13ebc4e54@group-E86B211EAF54 is not the leader e12d66f4-70bf-4d46-b2b0-c16a4ce73304:192.168.36.82:36386, logIndex=0, commits[603ee2fb-7c46-43ae-b6f8-b4c13ebc4e54:c8, e12d66f4-70bf-4d46-b2b0-c16a4ce73304:c8, 18d3f7fe-50e5-4214-a1e5-787142f90379:c8]
2019-09-19 13:45:32,420 [grpc-default-executor-2] INFO  client.GrpcClientProtocolClient (GrpcClientProtocolClient.java:onNext(264)) - client-6C1EFBB48C8C->18d3f7fe-50e5-4214-a1e5-787142f90379: receive RaftClientReply:client-6C1EFBB48C8C->18d3f7fe-50e5-4214-a1e5-787142f90379@group-E86B211EAF54, cid=45, FAILED org.apache.ratis.protocol.NotLeaderException: Server 18d3f7fe-50e5-4214-a1e5-787142f90379@group-E86B211EAF54 is not the leader e12d66f4-70bf-4d46-b2b0-c16a4ce73304:192.168.36.82:36386, logIndex=0, commits[18d3f7fe-50e5-4214-a1e5-787142f90379:c8, 603ee2fb-7c46-43ae-b6f8-b4c13ebc4e54:c8, e12d66f4-70bf-4d46-b2b0-c16a4ce73304:c8]
2019-09-19 13:45:33,433 [grpc-default-executor-2] INFO  client.GrpcClientProtocolClient (GrpcClientProtocolClient.java:onNext(264)) - client-6C1EFBB48C8C->18d3f7fe-50e5-4214-a1e5-787142f90379: receive RaftClientReply:client-6C1EFBB48C8C->18d3f7fe-50e5-4214-a1e5-787142f90379@group-E86B211EAF54, cid=45, FAILED org.apache.ratis.protocol.NotLeaderException: Server 18d3f7fe-50e5-4214-a1e5-787142f90379@group-E86B211EAF54 is not the leader e12d66f4-70bf-4d46-b2b0-c16a4ce73304:192.168.36.82:36386, logIndex=0, commits[18d3f7fe-50e5-4214-a1e5-787142f90379:c8, 603ee2fb-7c46-43ae-b6f8-b4c13ebc4e54:c8, e12d66f4-70bf-4d46-b2b0-c16a4ce73304:c8]
2019-09-19 13:45:34,445 [grpc-default-executor-2] INFO  client.GrpcClientProtocolClient (GrpcClientProtocolClient.java:onNext(264)) - client-6C1EFBB48C8C->603ee2fb-7c46-43ae-b6f8-b4c13ebc4e54: receive RaftClientReply:client-6C1EFBB48C8C->603ee2fb-7c46-43ae-b6f8-b4c13ebc4e54@group-E86B211EAF54, cid=45, FAILED org.apache.ratis.protocol.NotLeaderException: Server 603ee2fb-7c46-43ae-b6f8-b4c13ebc4e54@group-E86B211EAF54 is not the leader e12d66f4-70bf-4d46-b2b0-c16a4ce73304:192.168.36.82:36386, logIndex=0, commits[603ee2fb-7c46-43ae-b6f8-b4c13ebc4e54:c8, e12d66f4-70bf-4d46-b2b0-c16a4ce73304:c8, 18d3f7fe-50e5-4214-a1e5-787142f90379:c8]
2019-09-19 13:45:35,459 [grpc-default-executor-1] INFO  client.GrpcClientProtocolClient (GrpcClientProtocolClient.java:onNext(264)) - client-6C1EFBB48C8C->18d3f7fe-50e5-4214-a1e5-787142f90379: receive RaftClientReply:client-6C1EFBB48C8C->18d3f7fe-50e5-4214-a1e5-787142f90379@group-E86B211EAF54, cid=45, FAILED org.apache.ratis.protocol.NotLeaderException: Server 18d3f7fe-50e5-4214-a1e5-787142f90379@group-E86B211EAF54 is not the leader e12d66f4-70bf-4d46-b2b0-c16a4ce73304:192.168.36.82:36386, logIndex=0, commits[18d3f7fe-50e5-4214-a1e5-787142f90379:c8, 603ee2fb-7c46-43ae-b6f8-b4c13ebc4e54:c8, e12d66f4-70bf-4d46-b2b0-c16a4ce73304:c8]
2019-09-19 13:45:36,477 [grpc-default-executor-1] INFO  client.GrpcClientProtocolClient (GrpcClientProtocolClient.java:onNext(264)) - client-6C1EFBB48C8C->18d3f7fe-50e5-4214-a1e5-787142f90379: receive RaftClientReply:client-6C1EFBB48C8C->18d3f7fe-50e5-4214-a1e5-787142f90379@group-E86B211EAF54, cid=45, FAILED org.apache.ratis.protocol.NotLeaderException: Server 18d3f7fe-50e5-4214-a1e5-787142f90379@group-E86B211EAF54 is not the leader e12d66f4-70bf-4d46-b2b0-c16a4ce73304:192.168.36.82:36386, logIndex=0, commits[18d3f7fe-50e5-4214-a1e5-787142f90379:c8, 603ee2fb-7c46-43ae-b6f8-b4c13ebc4e54:c8, e12d66f4-70bf-4d46-b2b0-c16a4ce73304:c8]
2019-09-19 13:45:37,492 [grpc-default-executor-1] INFO  client.GrpcClientProtocolClient (GrpcClientProtocolClient.java:onNext(264)) - client-6C1EFBB48C8C->18d3f7fe-50e5-4214-a1e5-787142f90379: receive RaftClientReply:client-6C1EFBB48C8C->18d3f7fe-50e5-4214-a1e5-787142f90379@group-E86B211EAF54, cid=45, FAILED org.apache.ratis.protocol.NotLeaderException: Server 18d3f7fe-50e5-4214-a1e5-787142f90379@group-E86B211EAF54 is not the leader e12d66f4-70bf-4d46-b2b0-c16a4ce73304:192.168.36.82:36386, logIndex=0, commits[18d3f7fe-50e5-4214-a1e5-787142f90379:c8, 603ee2fb-7c46-43ae-b6f8-b4c13ebc4e54:c8, e12d66f4-70bf-4d46-b2b0-c16a4ce73304:c8]
2019-09-19 13:45:38,506 [grpc-default-executor-2] INFO  client.GrpcClientProtocolClient (GrpcClientProtocolClient.java:onNext(264)) - client-6C1EFBB48C8C->18d3f7fe-50e5-4214-a1e5-787142f90379: receive RaftClientReply:client-6C1EFBB48C8C->18d3f7fe-50e5-4214-a1e5-787142f90379@group-E86B211EAF54, cid=45, FAILED org.apache.ratis.protocol.NotLeaderException: Server 18d3f7fe-50e5-4214-a1e5-787142f90379@group-E86B211EAF54 is not the leader e12d66f4-70bf-4d46-b2b0-c16a4ce73304:192.168.36.82:36386, logIndex=0, commits[18d3f7fe-50e5-4214-a1e5-787142f90379:c8, 603ee2fb-7c46-43ae-b6f8-b4c13ebc4e54:c8, e12d66f4-70bf-4d46-b2b0-c16a4ce73304:c8]
2019-09-19 13:45:39,528 [grpc-default-executor-1] INFO  client.GrpcClientProtocolClient (GrpcClientProtocolClient.java:onNext(264)) - client-6C1EFBB48C8C->603ee2fb-7c46-43ae-b6f8-b4c13ebc4e54: receive RaftClientReply:client-6C1EFBB48C8C->603ee2fb-7c46-43ae-b6f8-b4c13ebc4e54@group-E86B211EAF54, cid=45, FAILED org.apache.ratis.protocol.NotLeaderException: Server 603ee2fb-7c46-43ae-b6f8-b4c13ebc4e54@group-E86B211EAF54 is not the leader e12d66f4-70bf-4d46-b2b0-c16a4ce73304:192.168.36.82:36386, logIndex=0, commits[603ee2fb-7c46-43ae-b6f8-b4c13ebc4e54:c8, e12d66f4-70bf-4d46-b2b0-c16a4ce73304:c8, 18d3f7fe-50e5-4214-a1e5-787142f90379:c8]
2019-09-19 13:45:40,548 [grpc-default-executor-2] INFO  client.GrpcClientProtocolClient (GrpcClientProtocolClient.java:onNext(264)) - client-6C1EFBB48C8C->18d3f7fe-50e5-4214-a1e5-787142f90379: receive RaftClientReply:client-6C1EFBB48C8C->18d3f7fe-50e5-4214-a1e5-787142f90379@group-E86B211EAF54, cid=45, FAILED org.apache.ratis.protocol.NotLeaderException: Server 18d3f7fe-50e5-4214-a1e5-787142f90379@group-E86B211EAF54 is not the leader e12d66f4-70bf-4d46-b2b0-c16a4ce73304:192.168.36.82:36386, logIndex=0, commits[18d3f7fe-50e5-4214-a1e5-787142f90379:c8, 603ee2fb-7c46-43ae-b6f8-b4c13ebc4e54:c8, e12d66f4-70bf-4d46-b2b0-c16a4ce73304:c8]
2019-09-19 13:45:41,567 [grpc-default-executor-2] INFO  client.GrpcClientProtocolClient (GrpcClientProtocolClient.java:onNext(264)) - client-6C1EFBB48C8C->603ee2fb-7c46-43ae-b6f8-b4c13ebc4e54: receive RaftClientReply:client-6C1EFBB48C8C->603ee2fb-7c46-43ae-b6f8-b4c13ebc4e54@group-E86B211EAF54, cid=45, FAILED org.apache.ratis.protocol.NotLeaderException: Server 603ee2fb-7c46-43ae-b6f8-b4c13ebc4e54@group-E86B211EAF54 is not the leader e12d66f4-70bf-4d46-b2b0-c16a4ce73304:192.168.36.82:36386, logIndex=0, commits[603ee2fb-7c46-43ae-b6f8-b4c13ebc4e54:c8, e12d66f4-70bf-4d46-b2b0-c16a4ce73304:c8, 18d3f7fe-50e5-4214-a1e5-787142f90379:c8]
2019-09-19 13:45:42,583 [grpc-default-executor-2] INFO  client.GrpcClientProtocolClient (GrpcClientProtocolClient.java:onNext(264)) - client-6C1EFBB48C8C->603ee2fb-7c46-43ae-b6f8-b4c13ebc4e54: receive RaftClientReply:client-6C1EFBB48C8C->603ee2fb-7c46-43ae-b6f8-b4c13ebc4e54@group-E86B211EAF54, cid=45, FAILED org.apache.ratis.protocol.NotLeaderException: Server 603ee2fb-7c46-43ae-b6f8-b4c13ebc4e54@group-E86B211EAF54 is not the leader e12d66f4-70bf-4d46-b2b0-c16a4ce73304:192.168.36.82:36386, logIndex=0, commits[603ee2fb-7c46-43ae-b6f8-b4c13ebc4e54:c8, e12d66f4-70bf-4d46-b2b0-c16a4ce73304:c8, 18d3f7fe-50e5-4214-a1e5-787142f90379:c8]
2019-09-19 13:45:43,598 [grpc-default-executor-2] INFO  client.GrpcClientProtocolClient (GrpcClientProtocolClient.java:onNext(264)) - client-6C1EFBB48C8C->603ee2fb-7c46-43ae-b6f8-b4c13ebc4e54: receive RaftClientReply:client-6C1EFBB48C8C->603ee2fb-7c46-43ae-b6f8-b4c13ebc4e54@group-E86B211EAF54, cid=45, FAILED org.apache.ratis.protocol.NotLeaderException: Server 603ee2fb-7c46-43ae-b6f8-b4c13ebc4e54@group-E86B211EAF54 is not the leader e12d66f4-70bf-4d46-b2b0-c16a4ce73304:192.168.36.82:36386, logIndex=0, commits[603ee2fb-7c46-43ae-b6f8-b4c13ebc4e54:c8, e12d66f4-70bf-4d46-b2b0-c16a4ce73304:c8, 18d3f7fe-50e5-4214-a1e5-787142f90379:c8]
2019-09-19 13:45:44,614 [grpc-default-executor-2] INFO  client.GrpcClientProtocolClient (GrpcClientProtocolClient.java:onNext(264)) - client-6C1EFBB48C8C->603ee2fb-7c46-43ae-b6f8-b4c13ebc4e54: receive RaftClientReply:client-6C1EFBB48C8C->603ee2fb-7c46-43ae-b6f8-b4c13ebc4e54@group-E86B211EAF54, cid=45, FAILED org.apache.ratis.protocol.NotLeaderException: Server 603ee2fb-7c46-43ae-b6f8-b4c13ebc4e54@group-E86B211EAF54 is not the leader e12d66f4-70bf-4d46-b2b0-c16a4ce73304:192.168.36.82:36386, logIndex=0, commits[603ee2fb-7c46-43ae-b6f8-b4c13ebc4e54:c8, e12d66f4-70bf-4d46-b2b0-c16a4ce73304:c8, 18d3f7fe-50e5-4214-a1e5-787142f90379:c8]
2019-09-19 13:45:45,627 [grpc-default-executor-1] INFO  client.GrpcClientProtocolClient (GrpcClientProtocolClient.java:onNext(264)) - client-6C1EFBB48C8C->18d3f7fe-50e5-4214-a1e5-787142f90379: receive RaftClientReply:client-6C1EFBB48C8C->18d3f7fe-50e5-4214-a1e5-787142f90379@group-E86B211EAF54, cid=45, FAILED org.apache.ratis.protocol.NotLeaderException: Server 18d3f7fe-50e5-4214-a1e5-787142f90379@group-E86B211EAF54 is not the leader e12d66f4-70bf-4d46-b2b0-c16a4ce73304:192.168.36.82:36386, logIndex=0, commits[18d3f7fe-50e5-4214-a1e5-787142f90379:c8, 603ee2fb-7c46-43ae-b6f8-b4c13ebc4e54:c8, e12d66f4-70bf-4d46-b2b0-c16a4ce73304:c8]
2019-09-19 13:45:46,645 [grpc-default-executor-2] INFO  client.GrpcClientProtocolClient (GrpcClientProtocolClient.java:onNext(264)) - client-6C1EFBB48C8C->18d3f7fe-50e5-4214-a1e5-787142f90379: receive RaftClientReply:client-6C1EFBB48C8C->18d3f7fe-50e5-4214-a1e5-787142f90379@group-E86B211EAF54, cid=45, FAILED org.apache.ratis.protocol.NotLeaderException: Server 18d3f7fe-50e5-4214-a1e5-787142f90379@group-E86B211EAF54 is not the leader e12d66f4-70bf-4d46-b2b0-c16a4ce73304:192.168.36.82:36386, logIndex=0, commits[18d3f7fe-50e5-4214-a1e5-787142f90379:c8, 603ee2fb-7c46-43ae-b6f8-b4c13ebc4e54:c8, e12d66f4-70bf-4d46-b2b0-c16a4ce73304:c8]
2019-09-19 13:45:47,664 [grpc-default-executor-2] INFO  client.GrpcClientProtocolClient (GrpcClientProtocolClient.java:onNext(264)) - client-6C1EFBB48C8C->18d3f7fe-50e5-4214-a1e5-787142f90379: receive RaftClientReply:client-6C1EFBB48C8C->18d3f7fe-50e5-4214-a1e5-787142f90379@group-E86B211EAF54, cid=45, FAILED org.apache.ratis.protocol.NotLeaderException: Server 18d3f7fe-50e5-4214-a1e5-787142f90379@group-E86B211EAF54 is not the leader e12d66f4-70bf-4d46-b2b0-c16a4ce73304:192.168.36.82:36386, logIndex=0, commits[18d3f7fe-50e5-4214-a1e5-787142f90379:c8, 603ee2fb-7c46-43ae-b6f8-b4c13ebc4e54:c8, e12d66f4-70bf-4d46-b2b0-c16a4ce73304:c8]
2019-09-19 13:45:48,678 [grpc-default-executor-2] INFO  client.GrpcClientProtocolClient (GrpcClientProtocolClient.java:onNext(264)) - client-6C1EFBB48C8C->603ee2fb-7c46-43ae-b6f8-b4c13ebc4e54: receive RaftClientReply:client-6C1EFBB48C8C->603ee2fb-7c46-43ae-b6f8-b4c13ebc4e54@group-E86B211EAF54, cid=45, FAILED org.apache.ratis.protocol.NotLeaderException: Server 603ee2fb-7c46-43ae-b6f8-b4c13ebc4e54@group-E86B211EAF54 is not the leader e12d66f4-70bf-4d46-b2b0-c16a4ce73304:192.168.36.82:36386, logIndex=0, commits[603ee2fb-7c46-43ae-b6f8-b4c13ebc4e54:c8, e12d66f4-70bf-4d46-b2b0-c16a4ce73304:c8, 18d3f7fe-50e5-4214-a1e5-787142f90379:c8]
2019-09-19 13:45:49,690 [grpc-default-executor-1] INFO  client.GrpcClientProtocolClient (GrpcClientProtocolClient.java:onNext(264)) - client-6C1EFBB48C8C->18d3f7fe-50e5-4214-a1e5-787142f90379: receive RaftClientReply:client-6C1EFBB48C8C->18d3f7fe-50e5-4214-a1e5-787142f90379@group-E86B211EAF54, cid=45, FAILED org.apache.ratis.protocol.NotLeaderException: Server 18d3f7fe-50e5-4214-a1e5-787142f90379@group-E86B211EAF54 is not the leader e12d66f4-70bf-4d46-b2b0-c16a4ce73304:192.168.36.82:36386, logIndex=0, commits[18d3f7fe-50e5-4214-a1e5-787142f90379:c8, 603ee2fb-7c46-43ae-b6f8-b4c13ebc4e54:c8, e12d66f4-70bf-4d46-b2b0-c16a4ce73304:c8]
2019-09-19 13:45:50,708 [grpc-default-executor-1] INFO  client.GrpcClientProtocolClient (GrpcClientProtocolClient.java:onNext(264)) - client-6C1EFBB48C8C->603ee2fb-7c46-43ae-b6f8-b4c13ebc4e54: receive RaftClientReply:client-6C1EFBB48C8C->603ee2fb-7c46-43ae-b6f8-b4c13ebc4e54@group-E86B211EAF54, cid=45, FAILED org.apache.ratis.protocol.NotLeaderException: Server 603ee2fb-7c46-43ae-b6f8-b4c13ebc4e54@group-E86B211EAF54 is not the leader e12d66f4-70bf-4d46-b2b0-c16a4ce73304:192.168.36.82:36386, logIndex=0, commits[603ee2fb-7c46-43ae-b6f8-b4c13ebc4e54:c8, e12d66f4-70bf-4d46-b2b0-c16a4ce73304:c8, 18d3f7fe-50e5-4214-a1e5-787142f90379:c8]
2019-09-19 13:45:51,724 [grpc-default-executor-1] INFO  client.GrpcClientProtocolClient (GrpcClientProtocolClient.java:onNext(264)) - client-6C1EFBB48C8C->603ee2fb-7c46-43ae-b6f8-b4c13ebc4e54: receive RaftClientReply:client-6C1EFBB48C8C->603ee2fb-7c46-43ae-b6f8-b4c13ebc4e54@group-E86B211EAF54, cid=45, FAILED org.apache.ratis.protocol.NotLeaderException: Server 603ee2fb-7c46-43ae-b6f8-b4c13ebc4e54@group-E86B211EAF54 is not the leader e12d66f4-70bf-4d46-b2b0-c16a4ce73304:192.168.36.82:36386, logIndex=0, commits[603ee2fb-7c46-43ae-b6f8-b4c13ebc4e54:c8, e12d66f4-70bf-4d46-b2b0-c16a4ce73304:c8, 18d3f7fe-50e5-4214-a1e5-787142f90379:c8]
2019-09-19 13:45:51,737 [main] INFO  ozone.MiniOzoneClusterImpl (MiniOzoneClusterImpl.java:shutdown(312)) - Shutting down the Mini Ozone Cluster
2019-09-19 13:45:51,740 [main] INFO  ozone.MiniOzoneClusterImpl (MiniOzoneClusterImpl.java:stop(327)) - Stopping the Mini Ozone Cluster
2019-09-19 13:45:51,740 [main] INFO  ozone.MiniOzoneClusterImpl (MiniOzoneClusterImpl.java:stop(329)) - Stopping the OzoneManager
2019-09-19 13:45:51,741 [main] INFO  ipc.Server (Server.java:stop(3082)) - Stopping server on 44510
2019-09-19 13:45:51,759 [IPC Server listener on 44510] INFO  ipc.Server (Server.java:run(1185)) - Stopping IPC Server listener on 44510
2019-09-19 13:45:51,775 [main] INFO  ratis.OzoneManagerDoubleBuffer (OzoneManagerDoubleBuffer.java:stop(248)) - Stopping OMDoubleBuffer flush thread
2019-09-19 13:45:51,775 [IPC Server Responder] INFO  ipc.Server (Server.java:run(1319)) - Stopping IPC Server Responder
2019-09-19 13:45:51,778 [OMDoubleBufferFlushThread] INFO  ratis.OzoneManagerDoubleBuffer (OzoneManagerDoubleBuffer.java:flushTransactions(191)) - OMDoubleBuffer flush thread OMDoubleBufferFlushThread is interrupted and will exit. OMDoubleBufferFlushThread
2019-09-19 13:45:51,779 [main] INFO  utils.BackgroundService (BackgroundService.java:shutdown(148)) - Shutting down service KeyDeletingService
2019-09-19 13:45:51,781 [main] INFO  handler.ContextHandler (ContextHandler.java:doStop(910)) - Stopped o.e.j.w.WebAppContext@ffd4cba{/,null,UNAVAILABLE}{/ozoneManager}
2019-09-19 13:45:51,782 [main] INFO  server.AbstractConnector (AbstractConnector.java:doStop(318)) - Stopped ServerConnector@5f1483fd{HTTP/1.1,[http/1.1]}{0.0.0.0:0}
2019-09-19 13:45:51,783 [main] INFO  handler.ContextHandler (ContextHandler.java:doStop(910)) - Stopped o.e.j.s.ServletContextHandler@67e25252{/static,file:///workdir/hadoop-ozone/integration-test/target/test-classes/webapps/static,UNAVAILABLE}
2019-09-19 13:45:51,784 [main] INFO  handler.ContextHandler (ContextHandler.java:doStop(910)) - Stopped o.e.j.s.ServletContextHandler@32f96bba{/logs,file:///workdir/hadoop-ozone/integration-test/target/log,UNAVAILABLE}
2019-09-19 13:45:51,789 [main] INFO  ozone.MiniOzoneClusterImpl (MiniOzoneClusterImpl.java:stop(335)) - Shutting the HddsDatanodes
2019-09-19 13:45:52,450 [Datanode State Machine Thread - 0] INFO  statemachine.DatanodeStateMachine (DatanodeStateMachine.java:lambda$startDaemon$0(350)) - Ozone container server started.
2019-09-19 13:45:52,658 [Datanode State Machine Thread - 0] INFO  statemachine.DatanodeStateMachine (DatanodeStateMachine.java:lambda$startDaemon$0(350)) - Ozone container server started.
2019-09-19 13:45:56,791 [ForkJoinPool.commonPool-worker-1] INFO  ozoneimpl.OzoneContainer (OzoneContainer.java:stop(231)) - Attempting to stop container services.
2019-09-19 13:45:56,791 [main] INFO  ozoneimpl.OzoneContainer (OzoneContainer.java:stop(231)) - Attempting to stop container services.
2019-09-19 13:45:56,797 [ForkJoinPool.commonPool-worker-1] INFO  impl.RaftServerProxy (RaftServerProxy.java:lambda$close$4(314)) - 3302a199-32cf-4b92-8bdd-2722ec9a1126: close
2019-09-19 13:45:56,797 [main] INFO  impl.RaftServerProxy (RaftServerProxy.java:lambda$close$4(314)) - 648e6349-4081-4bf2-8e46-398321de329c: close
2019-09-19 13:45:56,798 [ForkJoinPool.commonPool-worker-1] INFO  impl.RaftServerImpl (RaftServerImpl.java:lambda$shutdown$3(251)) - 3302a199-32cf-4b92-8bdd-2722ec9a1126@group-4C0852F427BD: shutdown
2019-09-19 13:45:56,798 [main] INFO  impl.RaftServerImpl (RaftServerImpl.java:lambda$shutdown$3(251)) - 648e6349-4081-4bf2-8e46-398321de329c@group-4C0852F427BD: shutdown
2019-09-19 13:45:56,798 [ForkJoinPool.commonPool-worker-1] INFO  util.JmxRegister (JmxRegister.java:unregister(73)) - Successfully un-registered JMX Bean with object name Ratis:service=RaftServer,group=group-4C0852F427BD,id=3302a199-32cf-4b92-8bdd-2722ec9a1126
2019-09-19 13:45:56,799 [main] INFO  util.JmxRegister (JmxRegister.java:unregister(73)) - Successfully un-registered JMX Bean with object name Ratis:service=RaftServer,group=group-4C0852F427BD,id=648e6349-4081-4bf2-8e46-398321de329c
2019-09-19 13:45:56,799 [ForkJoinPool.commonPool-worker-1] INFO  impl.RoleInfo (RoleInfo.java:shutdownFollowerState(121)) - 3302a199-32cf-4b92-8bdd-2722ec9a1126: shutdown FollowerState
2019-09-19 13:45:56,799 [main] INFO  impl.RoleInfo (RoleInfo.java:shutdownLeaderState(104)) - 648e6349-4081-4bf2-8e46-398321de329c: shutdown LeaderState
2019-09-19 13:45:56,800 [Thread-861] INFO  impl.FollowerState (FollowerState.java:run(115)) - 3302a199-32cf-4b92-8bdd-2722ec9a1126: FollowerState was interrupted: java.lang.InterruptedException: sleep interrupted
2019-09-19 13:45:56,800 [ForkJoinPool.commonPool-worker-1] INFO  impl.StateMachineUpdater (StateMachineUpdater.java:stopAndJoin(125)) - 3302a199-32cf-4b92-8bdd-2722ec9a1126@group-4C0852F427BD-StateMachineUpdater: set stopIndex = 0
2019-09-19 13:45:56,807 [org.apache.ratis.server.impl.LogAppender$AppenderDaemon$$Lambda$490/511707629@cf506fe] WARN  server.GrpcLogAppender (GrpcLogAppender.java:mayWait(143)) - 648e6349-4081-4bf2-8e46-398321de329c@group-4C0852F427BD->355d6de6-9f5a-4e69-bec6-16b0a4ae8745-GrpcLogAppender: Wait interrupted by java.lang.InterruptedException
2019-09-19 13:45:56,807 [org.apache.ratis.server.impl.LogAppender$AppenderDaemon$$Lambda$490/511707629@50628ddc] WARN  server.GrpcLogAppender (GrpcLogAppender.java:mayWait(143)) - 648e6349-4081-4bf2-8e46-398321de329c@group-4C0852F427BD->3302a199-32cf-4b92-8bdd-2722ec9a1126-GrpcLogAppender: Wait interrupted by java.lang.InterruptedException
2019-09-19 13:45:56,805 [main] INFO  impl.PendingRequests (PendingRequests.java:sendNotLeaderResponses(202)) - 648e6349-4081-4bf2-8e46-398321de329c-PendingRequests: sendNotLeaderResponses
2019-09-19 13:45:56,808 [ForkJoinPool.commonPool-worker-1] INFO  impl.RaftServerImpl (ServerState.java:close(385)) - 3302a199-32cf-4b92-8bdd-2722ec9a1126@group-4C0852F427BD: closes. applyIndex: 0
2019-09-19 13:45:56,809 [main] INFO  impl.StateMachineUpdater (StateMachineUpdater.java:stopAndJoin(125)) - 648e6349-4081-4bf2-8e46-398321de329c@group-4C0852F427BD-StateMachineUpdater: set stopIndex = 0
2019-09-19 13:45:56,809 [grpc-default-executor-1] INFO  server.GrpcServerProtocolService (GrpcServerProtocolService.java:onCompleted(113)) - 3302a199-32cf-4b92-8bdd-2722ec9a1126: Completed APPEND_ENTRIES, lastRequest: 648e6349-4081-4bf2-8e46-398321de329c->3302a199-32cf-4b92-8bdd-2722ec9a1126#38-t2, previous=(t:2, i:0), leaderCommit=0, initializing? false, entries: <empty>
2019-09-19 13:45:56,809 [grpc-default-executor-2] INFO  server.GrpcServerProtocolService (GrpcServerProtocolService.java:onCompleted(113)) - 355d6de6-9f5a-4e69-bec6-16b0a4ae8745: Completed APPEND_ENTRIES, lastRequest: 648e6349-4081-4bf2-8e46-398321de329c->355d6de6-9f5a-4e69-bec6-16b0a4ae8745#38-t2, previous=(t:2, i:0), leaderCommit=0, initializing? false, entries: <empty>
2019-09-19 13:45:56,810 [main] INFO  impl.RaftServerImpl (ServerState.java:close(385)) - 648e6349-4081-4bf2-8e46-398321de329c@group-4C0852F427BD: closes. applyIndex: 0
2019-09-19 13:45:56,810 [3302a199-32cf-4b92-8bdd-2722ec9a1126@group-4C0852F427BD-SegmentedRaftLogWorker] INFO  segmented.SegmentedRaftLogWorker (SegmentedRaftLogWorker.java:run(313)) - 3302a199-32cf-4b92-8bdd-2722ec9a1126@group-4C0852F427BD-SegmentedRaftLogWorker was interrupted, exiting. There are 0 tasks remaining in the queue.
2019-09-19 13:45:56,811 [648e6349-4081-4bf2-8e46-398321de329c@group-4C0852F427BD-SegmentedRaftLogWorker] INFO  segmented.SegmentedRaftLogWorker (SegmentedRaftLogWorker.java:run(313)) - 648e6349-4081-4bf2-8e46-398321de329c@group-4C0852F427BD-SegmentedRaftLogWorker was interrupted, exiting. There are 0 tasks remaining in the queue.
2019-09-19 13:45:56,816 [ForkJoinPool.commonPool-worker-1] INFO  segmented.SegmentedRaftLogWorker (SegmentedRaftLogWorker.java:close(228)) - 3302a199-32cf-4b92-8bdd-2722ec9a1126@group-4C0852F427BD-SegmentedRaftLogWorker close()
2019-09-19 13:45:56,816 [grpc-default-executor-2] INFO  server.GrpcLogAppender (GrpcLogAppender.java:onCompleted(293)) - 648e6349-4081-4bf2-8e46-398321de329c@group-4C0852F427BD->355d6de6-9f5a-4e69-bec6-16b0a4ae8745-AppendLogResponseHandler: follower responses appendEntries COMPLETED
2019-09-19 13:45:56,816 [grpc-default-executor-1] INFO  server.GrpcLogAppender (GrpcLogAppender.java:onCompleted(293)) - 648e6349-4081-4bf2-8e46-398321de329c@group-4C0852F427BD->3302a199-32cf-4b92-8bdd-2722ec9a1126-AppendLogResponseHandler: follower responses appendEntries COMPLETED
2019-09-19 13:45:56,816 [main] INFO  segmented.SegmentedRaftLogWorker (SegmentedRaftLogWorker.java:close(228)) - 648e6349-4081-4bf2-8e46-398321de329c@group-4C0852F427BD-SegmentedRaftLogWorker close()
2019-09-19 13:45:56,821 [grpc-default-executor-1] INFO  impl.FollowerInfo (FollowerInfo.java:lambda$new$0(51)) - 648e6349-4081-4bf2-8e46-398321de329c@group-4C0852F427BD->3302a199-32cf-4b92-8bdd-2722ec9a1126: nextIndex: updateUnconditionally 1 -> 0
2019-09-19 13:45:56,821 [grpc-default-executor-2] INFO  impl.FollowerInfo (FollowerInfo.java:lambda$new$0(51)) - 648e6349-4081-4bf2-8e46-398321de329c@group-4C0852F427BD->355d6de6-9f5a-4e69-bec6-16b0a4ae8745: nextIndex: updateUnconditionally 1 -> 0
2019-09-19 13:45:56,821 [ForkJoinPool.commonPool-worker-1] INFO  impl.RaftServerImpl (RaftServerImpl.java:lambda$shutdown$3(251)) - 3302a199-32cf-4b92-8bdd-2722ec9a1126@group-2BD8F45383BE: shutdown
2019-09-19 13:45:56,826 [main] INFO  impl.RaftServerImpl (RaftServerImpl.java:lambda$shutdown$3(251)) - 648e6349-4081-4bf2-8e46-398321de329c@group-D8B0D0F6B31D: shutdown
2019-09-19 13:45:56,827 [ForkJoinPool.commonPool-worker-1] INFO  util.JmxRegister (JmxRegister.java:unregister(73)) - Successfully un-registered JMX Bean with object name Ratis:service=RaftServer,group=group-2BD8F45383BE,id=3302a199-32cf-4b92-8bdd-2722ec9a1126
2019-09-19 13:45:56,828 [main] INFO  util.JmxRegister (JmxRegister.java:unregister(73)) - Successfully un-registered JMX Bean with object name Ratis:service=RaftServer,group=group-D8B0D0F6B31D,id=648e6349-4081-4bf2-8e46-398321de329c
2019-09-19 13:45:56,828 [ForkJoinPool.commonPool-worker-1] INFO  impl.RoleInfo (RoleInfo.java:shutdownLeaderState(104)) - 3302a199-32cf-4b92-8bdd-2722ec9a1126: shutdown LeaderState
2019-09-19 13:45:56,829 [main] INFO  impl.RoleInfo (RoleInfo.java:shutdownLeaderState(104)) - 648e6349-4081-4bf2-8e46-398321de329c: shutdown LeaderState
2019-09-19 13:45:56,829 [ForkJoinPool.commonPool-worker-1] INFO  impl.PendingRequests (PendingRequests.java:sendNotLeaderResponses(202)) - 3302a199-32cf-4b92-8bdd-2722ec9a1126-PendingRequests: sendNotLeaderResponses
2019-09-19 13:45:56,829 [main] INFO  impl.PendingRequests (PendingRequests.java:sendNotLeaderResponses(202)) - 648e6349-4081-4bf2-8e46-398321de329c-PendingRequests: sendNotLeaderResponses
2019-09-19 13:45:56,830 [ForkJoinPool.commonPool-worker-1] INFO  impl.StateMachineUpdater (StateMachineUpdater.java:stopAndJoin(125)) - 3302a199-32cf-4b92-8bdd-2722ec9a1126@group-2BD8F45383BE-StateMachineUpdater: set stopIndex = 0
2019-09-19 13:45:56,830 [main] INFO  impl.StateMachineUpdater (StateMachineUpdater.java:stopAndJoin(125)) - 648e6349-4081-4bf2-8e46-398321de329c@group-D8B0D0F6B31D-StateMachineUpdater: set stopIndex = 0
2019-09-19 13:45:56,830 [ForkJoinPool.commonPool-worker-1] INFO  impl.RaftServerImpl (ServerState.java:close(385)) - 3302a199-32cf-4b92-8bdd-2722ec9a1126@group-2BD8F45383BE: closes. applyIndex: 0
2019-09-19 13:45:56,831 [main] INFO  impl.RaftServerImpl (ServerState.java:close(385)) - 648e6349-4081-4bf2-8e46-398321de329c@group-D8B0D0F6B31D: closes. applyIndex: 0
2019-09-19 13:45:56,831 [3302a199-32cf-4b92-8bdd-2722ec9a1126@group-2BD8F45383BE-SegmentedRaftLogWorker] INFO  segmented.SegmentedRaftLogWorker (SegmentedRaftLogWorker.java:run(313)) - 3302a199-32cf-4b92-8bdd-2722ec9a1126@group-2BD8F45383BE-SegmentedRaftLogWorker was interrupted, exiting. There are 0 tasks remaining in the queue.
2019-09-19 13:45:56,832 [648e6349-4081-4bf2-8e46-398321de329c@group-D8B0D0F6B31D-SegmentedRaftLogWorker] INFO  segmented.SegmentedRaftLogWorker (SegmentedRaftLogWorker.java:run(313)) - 648e6349-4081-4bf2-8e46-398321de329c@group-D8B0D0F6B31D-SegmentedRaftLogWorker was interrupted, exiting. There are 0 tasks remaining in the queue.
2019-09-19 13:45:56,834 [ForkJoinPool.commonPool-worker-1] INFO  segmented.SegmentedRaftLogWorker (SegmentedRaftLogWorker.java:close(228)) - 3302a199-32cf-4b92-8bdd-2722ec9a1126@group-2BD8F45383BE-SegmentedRaftLogWorker close()
2019-09-19 13:45:56,836 [main] INFO  segmented.SegmentedRaftLogWorker (SegmentedRaftLogWorker.java:close(228)) - 648e6349-4081-4bf2-8e46-398321de329c@group-D8B0D0F6B31D-SegmentedRaftLogWorker close()
2019-09-19 13:45:56,840 [ForkJoinPool.commonPool-worker-1] INFO  server.GrpcService (GrpcService.java:closeImpl(164)) - 3302a199-32cf-4b92-8bdd-2722ec9a1126: shutdown server with port 36086 now
2019-09-19 13:45:56,855 [main] INFO  server.GrpcService (GrpcService.java:closeImpl(164)) - 648e6349-4081-4bf2-8e46-398321de329c: shutdown server with port 46176 now
2019-09-19 13:45:56,857 [ForkJoinPool.commonPool-worker-1] INFO  server.GrpcService (GrpcService.java:closeImpl(172)) - 3302a199-32cf-4b92-8bdd-2722ec9a1126: shutdown server with port 36086 successfully
2019-09-19 13:45:56,857 [main] INFO  server.GrpcService (GrpcService.java:closeImpl(172)) - 648e6349-4081-4bf2-8e46-398321de329c: shutdown server with port 46176 successfully
2019-09-19 13:45:56,861 [refreshUsed-/workdir/hadoop-ozone/integration-test/target/test-dir/MiniOzoneClusterImpl-17a4d03a-fc5f-4cc1-bd65-1bc8302b6d07/datanode-4/data/containers] WARN  fs.CachingGetSpaceUsed (CachingGetSpaceUsed.java:run(183)) - Thread Interrupted waiting to refresh disk information: sleep interrupted
2019-09-19 13:45:56,861 [refreshUsed-/workdir/hadoop-ozone/integration-test/target/test-dir/MiniOzoneClusterImpl-17a4d03a-fc5f-4cc1-bd65-1bc8302b6d07/datanode-1/data/containers] WARN  fs.CachingGetSpaceUsed (CachingGetSpaceUsed.java:run(183)) - Thread Interrupted waiting to refresh disk information: sleep interrupted
2019-09-19 13:45:56,880 [ForkJoinPool.commonPool-worker-1] INFO  utils.BackgroundService (BackgroundService.java:shutdown(148)) - Shutting down service BlockDeletingService
2019-09-19 13:45:56,886 [ForkJoinPool.commonPool-worker-1] INFO  statemachine.DatanodeStateMachine (DatanodeStateMachine.java:stopDaemon(395)) - Ozone container server stopped.
2019-09-19 13:45:56,892 [ForkJoinPool.commonPool-worker-1] INFO  handler.ContextHandler (ContextHandler.java:doStop(910)) - Stopped o.e.j.w.WebAppContext@5c9934da{/,null,UNAVAILABLE}{/hddsDatanode}
2019-09-19 13:45:56,893 [ForkJoinPool.commonPool-worker-1] INFO  server.AbstractConnector (AbstractConnector.java:doStop(318)) - Stopped ServerConnector@4cb702ce{HTTP/1.1,[http/1.1]}{0.0.0.0:0}
2019-09-19 13:45:56,894 [ForkJoinPool.commonPool-worker-1] INFO  handler.ContextHandler (ContextHandler.java:doStop(910)) - Stopped o.e.j.s.ServletContextHandler@748a654a{/static,jar:file:/home/user/.m2/repository/org/apache/hadoop/hadoop-hdds-container-service/0.5.0-SNAPSHOT/hadoop-hdds-container-service-0.5.0-SNAPSHOT.jar!/webapps/static,UNAVAILABLE}
2019-09-19 13:45:56,896 [ForkJoinPool.commonPool-worker-1] INFO  handler.ContextHandler (ContextHandler.java:doStop(910)) - Stopped o.e.j.s.ServletContextHandler@798256c5{/logs,file:///workdir/hadoop-ozone/integration-test/target/log,UNAVAILABLE}
2019-09-19 13:45:56,899 [main] INFO  utils.BackgroundService (BackgroundService.java:shutdown(148)) - Shutting down service BlockDeletingService
2019-09-19 13:45:56,903 [main] INFO  statemachine.DatanodeStateMachine (DatanodeStateMachine.java:stopDaemon(395)) - Ozone container server stopped.
2019-09-19 13:45:56,904 [main] INFO  handler.ContextHandler (ContextHandler.java:doStop(910)) - Stopped o.e.j.w.WebAppContext@7bcecef6{/,null,UNAVAILABLE}{/hddsDatanode}
2019-09-19 13:45:56,905 [main] INFO  server.AbstractConnector (AbstractConnector.java:doStop(318)) - Stopped ServerConnector@46046c06{HTTP/1.1,[http/1.1]}{0.0.0.0:0}
2019-09-19 13:45:56,906 [main] INFO  handler.ContextHandler (ContextHandler.java:doStop(910)) - Stopped o.e.j.s.ServletContextHandler@6cd15072{/static,jar:file:/home/user/.m2/repository/org/apache/hadoop/hadoop-hdds-container-service/0.5.0-SNAPSHOT/hadoop-hdds-container-service-0.5.0-SNAPSHOT.jar!/webapps/static,UNAVAILABLE}
2019-09-19 13:45:56,906 [main] INFO  handler.ContextHandler (ContextHandler.java:doStop(910)) - Stopped o.e.j.s.ServletContextHandler@3c0e00a8{/logs,file:///workdir/hadoop-ozone/integration-test/target/log,UNAVAILABLE}
2019-09-19 13:45:57,517 [Datanode State Machine Thread - 0] INFO  statemachine.DatanodeStateMachine (DatanodeStateMachine.java:lambda$startDaemon$0(350)) - Ozone container server started.
2019-09-19 13:45:57,635 [Datanode State Machine Thread - 0] INFO  statemachine.DatanodeStateMachine (DatanodeStateMachine.java:lambda$startDaemon$0(350)) - Ozone container server started.
2019-09-19 13:46:01,899 [ForkJoinPool.commonPool-worker-1] INFO  ozoneimpl.OzoneContainer (OzoneContainer.java:stop(231)) - Attempting to stop container services.
2019-09-19 13:46:01,900 [ForkJoinPool.commonPool-worker-1] INFO  impl.RaftServerProxy (RaftServerProxy.java:lambda$close$4(314)) - 355d6de6-9f5a-4e69-bec6-16b0a4ae8745: close
2019-09-19 13:46:01,901 [ForkJoinPool.commonPool-worker-1] INFO  impl.RaftServerImpl (RaftServerImpl.java:lambda$shutdown$3(251)) - 355d6de6-9f5a-4e69-bec6-16b0a4ae8745@group-4C0852F427BD: shutdown
2019-09-19 13:46:01,902 [ForkJoinPool.commonPool-worker-1] INFO  util.JmxRegister (JmxRegister.java:unregister(73)) - Successfully un-registered JMX Bean with object name Ratis:service=RaftServer,group=group-4C0852F427BD,id=355d6de6-9f5a-4e69-bec6-16b0a4ae8745
2019-09-19 13:46:01,902 [ForkJoinPool.commonPool-worker-1] INFO  impl.RoleInfo (RoleInfo.java:shutdownFollowerState(121)) - 355d6de6-9f5a-4e69-bec6-16b0a4ae8745: shutdown FollowerState
2019-09-19 13:46:01,902 [ForkJoinPool.commonPool-worker-1] INFO  impl.StateMachineUpdater (StateMachineUpdater.java:stopAndJoin(125)) - 355d6de6-9f5a-4e69-bec6-16b0a4ae8745@group-4C0852F427BD-StateMachineUpdater: set stopIndex = 0
2019-09-19 13:46:01,902 [Thread-862] INFO  impl.FollowerState (FollowerState.java:run(115)) - 355d6de6-9f5a-4e69-bec6-16b0a4ae8745: FollowerState was interrupted: java.lang.InterruptedException: sleep interrupted
2019-09-19 13:46:01,906 [ForkJoinPool.commonPool-worker-1] INFO  impl.RaftServerImpl (ServerState.java:close(385)) - 355d6de6-9f5a-4e69-bec6-16b0a4ae8745@group-4C0852F427BD: closes. applyIndex: 0
2019-09-19 13:46:01,906 [355d6de6-9f5a-4e69-bec6-16b0a4ae8745@group-4C0852F427BD-SegmentedRaftLogWorker] INFO  segmented.SegmentedRaftLogWorker (SegmentedRaftLogWorker.java:run(313)) - 355d6de6-9f5a-4e69-bec6-16b0a4ae8745@group-4C0852F427BD-SegmentedRaftLogWorker was interrupted, exiting. There are 0 tasks remaining in the queue.
2019-09-19 13:46:01,909 [ForkJoinPool.commonPool-worker-1] INFO  segmented.SegmentedRaftLogWorker (SegmentedRaftLogWorker.java:close(228)) - 355d6de6-9f5a-4e69-bec6-16b0a4ae8745@group-4C0852F427BD-SegmentedRaftLogWorker close()
2019-09-19 13:46:01,909 [main] INFO  ozoneimpl.OzoneContainer (OzoneContainer.java:stop(231)) - Attempting to stop container services.
2019-09-19 13:46:01,911 [ForkJoinPool.commonPool-worker-1] INFO  impl.RaftServerImpl (RaftServerImpl.java:lambda$shutdown$3(251)) - 355d6de6-9f5a-4e69-bec6-16b0a4ae8745@group-500DD976540E: shutdown
2019-09-19 13:46:01,912 [main] INFO  impl.RaftServerProxy (RaftServerProxy.java:lambda$close$4(314)) - 603ee2fb-7c46-43ae-b6f8-b4c13ebc4e54: close
2019-09-19 13:46:01,912 [ForkJoinPool.commonPool-worker-1] INFO  util.JmxRegister (JmxRegister.java:unregister(73)) - Successfully un-registered JMX Bean with object name Ratis:service=RaftServer,group=group-500DD976540E,id=355d6de6-9f5a-4e69-bec6-16b0a4ae8745
2019-09-19 13:46:01,913 [ForkJoinPool.commonPool-worker-1] INFO  impl.RoleInfo (RoleInfo.java:shutdownLeaderState(104)) - 355d6de6-9f5a-4e69-bec6-16b0a4ae8745: shutdown LeaderState
2019-09-19 13:46:01,913 [main] INFO  impl.RaftServerImpl (RaftServerImpl.java:lambda$shutdown$3(251)) - 603ee2fb-7c46-43ae-b6f8-b4c13ebc4e54@group-E86B211EAF54: shutdown
2019-09-19 13:46:01,913 [ForkJoinPool.commonPool-worker-1] INFO  impl.PendingRequests (PendingRequests.java:sendNotLeaderResponses(202)) - 355d6de6-9f5a-4e69-bec6-16b0a4ae8745-PendingRequests: sendNotLeaderResponses
2019-09-19 13:46:01,914 [main] INFO  util.JmxRegister (JmxRegister.java:unregister(73)) - Successfully un-registered JMX Bean with object name Ratis:service=RaftServer,group=group-E86B211EAF54,id=603ee2fb-7c46-43ae-b6f8-b4c13ebc4e54
2019-09-19 13:46:01,914 [ForkJoinPool.commonPool-worker-1] INFO  impl.StateMachineUpdater (StateMachineUpdater.java:stopAndJoin(125)) - 355d6de6-9f5a-4e69-bec6-16b0a4ae8745@group-500DD976540E-StateMachineUpdater: set stopIndex = 0
2019-09-19 13:46:01,914 [main] INFO  impl.RoleInfo (RoleInfo.java:shutdownFollowerState(121)) - 603ee2fb-7c46-43ae-b6f8-b4c13ebc4e54: shutdown FollowerState
2019-09-19 13:46:01,915 [main] INFO  impl.StateMachineUpdater (StateMachineUpdater.java:stopAndJoin(125)) - 603ee2fb-7c46-43ae-b6f8-b4c13ebc4e54@group-E86B211EAF54-StateMachineUpdater: set stopIndex = 8
2019-09-19 13:46:01,915 [603ee2fb-7c46-43ae-b6f8-b4c13ebc4e54@group-E86B211EAF54-StateMachineUpdater] INFO  ratis.ContainerStateMachine (ContainerStateMachine.java:takeSnapshot(289)) - group-E86B211EAF54: Taking a snapshot at:(t:1, i:5) file /workdir/hadoop-ozone/integration-test/target/test-dir/MiniOzoneClusterImpl-17a4d03a-fc5f-4cc1-bd65-1bc8302b6d07/datanode-3/data/ratis/fe9c9b04-8941-494f-b572-e86b211eaf54/sm/snapshot.1_5
2019-09-19 13:46:01,915 [ForkJoinPool.commonPool-worker-1] INFO  impl.RaftServerImpl (ServerState.java:close(385)) - 355d6de6-9f5a-4e69-bec6-16b0a4ae8745@group-500DD976540E: closes. applyIndex: 0
2019-09-19 13:46:01,915 [Thread-798] INFO  impl.FollowerState (FollowerState.java:run(115)) - 603ee2fb-7c46-43ae-b6f8-b4c13ebc4e54: FollowerState was interrupted: java.lang.InterruptedException: sleep interrupted
2019-09-19 13:46:01,916 [355d6de6-9f5a-4e69-bec6-16b0a4ae8745@group-500DD976540E-SegmentedRaftLogWorker] INFO  segmented.SegmentedRaftLogWorker (SegmentedRaftLogWorker.java:run(313)) - 355d6de6-9f5a-4e69-bec6-16b0a4ae8745@group-500DD976540E-SegmentedRaftLogWorker was interrupted, exiting. There are 0 tasks remaining in the queue.
2019-09-19 13:46:01,921 [ForkJoinPool.commonPool-worker-1] INFO  segmented.SegmentedRaftLogWorker (SegmentedRaftLogWorker.java:close(228)) - 355d6de6-9f5a-4e69-bec6-16b0a4ae8745@group-500DD976540E-SegmentedRaftLogWorker close()
2019-09-19 13:46:01,923 [ForkJoinPool.commonPool-worker-1] INFO  server.GrpcService (GrpcService.java:closeImpl(164)) - 355d6de6-9f5a-4e69-bec6-16b0a4ae8745: shutdown server with port 34279 now
2019-09-19 13:46:01,923 [ForkJoinPool.commonPool-worker-1] INFO  server.GrpcService (GrpcService.java:closeImpl(172)) - 355d6de6-9f5a-4e69-bec6-16b0a4ae8745: shutdown server with port 34279 successfully
2019-09-19 13:46:01,930 [refreshUsed-/workdir/hadoop-ozone/integration-test/target/test-dir/MiniOzoneClusterImpl-17a4d03a-fc5f-4cc1-bd65-1bc8302b6d07/datanode-2/data/containers] WARN  fs.CachingGetSpaceUsed (CachingGetSpaceUsed.java:run(183)) - Thread Interrupted waiting to refresh disk information: sleep interrupted
2019-09-19 13:46:01,947 [603ee2fb-7c46-43ae-b6f8-b4c13ebc4e54@group-E86B211EAF54-StateMachineUpdater] INFO  ratis.ContainerStateMachine (ContainerStateMachine.java:takeSnapshot(300)) - group-E86B211EAF54: Finished taking a snapshot at:(t:1, i:5) file:/workdir/hadoop-ozone/integration-test/target/test-dir/MiniOzoneClusterImpl-17a4d03a-fc5f-4cc1-bd65-1bc8302b6d07/datanode-3/data/ratis/fe9c9b04-8941-494f-b572-e86b211eaf54/sm/snapshot.1_5 time:32
2019-09-19 13:46:01,947 [ForkJoinPool.commonPool-worker-1] INFO  utils.BackgroundService (BackgroundService.java:shutdown(148)) - Shutting down service BlockDeletingService
2019-09-19 13:46:01,947 [603ee2fb-7c46-43ae-b6f8-b4c13ebc4e54@group-E86B211EAF54-StateMachineUpdater] INFO  impl.StateMachineUpdater (StateMachineUpdater.java:takeSnapshot(258)) - 603ee2fb-7c46-43ae-b6f8-b4c13ebc4e54@group-E86B211EAF54-StateMachineUpdater: Took a snapshot at index 5
2019-09-19 13:46:01,948 [603ee2fb-7c46-43ae-b6f8-b4c13ebc4e54@group-E86B211EAF54-StateMachineUpdater] INFO  impl.StateMachineUpdater (StateMachineUpdater.java:lambda$new$0(83)) - 603ee2fb-7c46-43ae-b6f8-b4c13ebc4e54@group-E86B211EAF54-StateMachineUpdater: snapshotIndex: updateIncreasingly -1 -> 5
2019-09-19 13:46:01,952 [ForkJoinPool.commonPool-worker-1] INFO  statemachine.DatanodeStateMachine (DatanodeStateMachine.java:stopDaemon(395)) - Ozone container server stopped.
2019-09-19 13:46:01,952 [603ee2fb-7c46-43ae-b6f8-b4c13ebc4e54@group-E86B211EAF54-StateMachineUpdater] INFO  ratis.ContainerStateMachine (ContainerStateMachine.java:takeSnapshot(289)) - group-E86B211EAF54: Taking a snapshot at:(t:1, i:5) file /workdir/hadoop-ozone/integration-test/target/test-dir/MiniOzoneClusterImpl-17a4d03a-fc5f-4cc1-bd65-1bc8302b6d07/datanode-3/data/ratis/fe9c9b04-8941-494f-b572-e86b211eaf54/sm/snapshot.1_5
2019-09-19 13:46:01,958 [ForkJoinPool.commonPool-worker-1] INFO  handler.ContextHandler (ContextHandler.java:doStop(910)) - Stopped o.e.j.w.WebAppContext@42f85fa4{/,null,UNAVAILABLE}{/hddsDatanode}
2019-09-19 13:46:01,959 [ForkJoinPool.commonPool-worker-1] INFO  server.AbstractConnector (AbstractConnector.java:doStop(318)) - Stopped ServerConnector@798dad3d{HTTP/1.1,[http/1.1]}{0.0.0.0:0}
2019-09-19 13:46:01,960 [ForkJoinPool.commonPool-worker-1] INFO  handler.ContextHandler (ContextHandler.java:doStop(910)) - Stopped o.e.j.s.ServletContextHandler@70025b99{/static,jar:file:/home/user/.m2/repository/org/apache/hadoop/hadoop-hdds-container-service/0.5.0-SNAPSHOT/hadoop-hdds-container-service-0.5.0-SNAPSHOT.jar!/webapps/static,UNAVAILABLE}
2019-09-19 13:46:01,962 [ForkJoinPool.commonPool-worker-1] INFO  handler.ContextHandler (ContextHandler.java:doStop(910)) - Stopped o.e.j.s.ServletContextHandler@558b4942{/logs,file:///workdir/hadoop-ozone/integration-test/target/log,UNAVAILABLE}
2019-09-19 13:46:01,965 [603ee2fb-7c46-43ae-b6f8-b4c13ebc4e54@group-E86B211EAF54-StateMachineUpdater] INFO  ratis.ContainerStateMachine (ContainerStateMachine.java:takeSnapshot(300)) - group-E86B211EAF54: Finished taking a snapshot at:(t:1, i:5) file:/workdir/hadoop-ozone/integration-test/target/test-dir/MiniOzoneClusterImpl-17a4d03a-fc5f-4cc1-bd65-1bc8302b6d07/datanode-3/data/ratis/fe9c9b04-8941-494f-b572-e86b211eaf54/sm/snapshot.1_5 time:14
2019-09-19 13:46:01,966 [603ee2fb-7c46-43ae-b6f8-b4c13ebc4e54@group-E86B211EAF54-StateMachineUpdater] INFO  impl.StateMachineUpdater (StateMachineUpdater.java:takeSnapshot(258)) - 603ee2fb-7c46-43ae-b6f8-b4c13ebc4e54@group-E86B211EAF54-StateMachineUpdater: Took a snapshot at index 5
2019-09-19 13:46:01,966 [603ee2fb-7c46-43ae-b6f8-b4c13ebc4e54@group-E86B211EAF54-StateMachineUpdater] INFO  impl.StateMachineUpdater (StateMachineUpdater.java:lambda$new$0(83)) - 603ee2fb-7c46-43ae-b6f8-b4c13ebc4e54@group-E86B211EAF54-StateMachineUpdater: snapshotIndex: updateIncreasingly 5 -> 5
2019-09-19 13:46:01,968 [main] INFO  impl.RaftServerImpl (ServerState.java:close(385)) - 603ee2fb-7c46-43ae-b6f8-b4c13ebc4e54@group-E86B211EAF54: closes. applyIndex: 8
2019-09-19 13:46:01,968 [603ee2fb-7c46-43ae-b6f8-b4c13ebc4e54@group-E86B211EAF54-SegmentedRaftLogWorker] INFO  segmented.SegmentedRaftLogWorker (SegmentedRaftLogWorker.java:run(313)) - 603ee2fb-7c46-43ae-b6f8-b4c13ebc4e54@group-E86B211EAF54-SegmentedRaftLogWorker was interrupted, exiting. There are 0 tasks remaining in the queue.
2019-09-19 13:46:01,970 [main] INFO  segmented.SegmentedRaftLogWorker (SegmentedRaftLogWorker.java:close(228)) - 603ee2fb-7c46-43ae-b6f8-b4c13ebc4e54@group-E86B211EAF54-SegmentedRaftLogWorker close()
2019-09-19 13:46:01,971 [main] INFO  impl.RaftServerImpl (RaftServerImpl.java:lambda$shutdown$3(251)) - 603ee2fb-7c46-43ae-b6f8-b4c13ebc4e54@group-AAAF9D43168B: shutdown
2019-09-19 13:46:01,972 [main] INFO  util.JmxRegister (JmxRegister.java:unregister(73)) - Successfully un-registered JMX Bean with object name Ratis:service=RaftServer,group=group-AAAF9D43168B,id=603ee2fb-7c46-43ae-b6f8-b4c13ebc4e54
2019-09-19 13:46:01,972 [main] INFO  impl.RoleInfo (RoleInfo.java:shutdownLeaderState(104)) - 603ee2fb-7c46-43ae-b6f8-b4c13ebc4e54: shutdown LeaderState
2019-09-19 13:46:01,972 [main] INFO  impl.PendingRequests (PendingRequests.java:sendNotLeaderResponses(202)) - 603ee2fb-7c46-43ae-b6f8-b4c13ebc4e54-PendingRequests: sendNotLeaderResponses
2019-09-19 13:46:01,973 [main] INFO  impl.StateMachineUpdater (StateMachineUpdater.java:stopAndJoin(125)) - 603ee2fb-7c46-43ae-b6f8-b4c13ebc4e54@group-AAAF9D43168B-StateMachineUpdater: set stopIndex = 0
2019-09-19 13:46:01,973 [main] INFO  impl.RaftServerImpl (ServerState.java:close(385)) - 603ee2fb-7c46-43ae-b6f8-b4c13ebc4e54@group-AAAF9D43168B: closes. applyIndex: 0
2019-09-19 13:46:01,974 [603ee2fb-7c46-43ae-b6f8-b4c13ebc4e54@group-AAAF9D43168B-SegmentedRaftLogWorker] INFO  segmented.SegmentedRaftLogWorker (SegmentedRaftLogWorker.java:run(313)) - 603ee2fb-7c46-43ae-b6f8-b4c13ebc4e54@group-AAAF9D43168B-SegmentedRaftLogWorker was interrupted, exiting. There are 0 tasks remaining in the queue.
2019-09-19 13:46:01,975 [main] INFO  segmented.SegmentedRaftLogWorker (SegmentedRaftLogWorker.java:close(228)) - 603ee2fb-7c46-43ae-b6f8-b4c13ebc4e54@group-AAAF9D43168B-SegmentedRaftLogWorker close()
2019-09-19 13:46:01,977 [main] INFO  server.GrpcService (GrpcService.java:closeImpl(164)) - 603ee2fb-7c46-43ae-b6f8-b4c13ebc4e54: shutdown server with port 46778 now
2019-09-19 13:46:01,978 [grpc-default-executor-3] WARN  server.GrpcServerProtocolService (LogUtils.java:warn(134)) - 603ee2fb-7c46-43ae-b6f8-b4c13ebc4e54: installSnapshot onError, lastRequest: e12d66f4-70bf-4d46-b2b0-c16a4ce73304->603ee2fb-7c46-43ae-b6f8-b4c13ebc4e54#49-t1, previous=(t:1, i:8), leaderCommit=8, initializing? false, entries: <empty>: org.apache.ratis.thirdparty.io.grpc.StatusRuntimeException: CANCELLED: cancelled before receiving half close
2019-09-19 13:46:01,979 [main] INFO  server.GrpcService (GrpcService.java:closeImpl(172)) - 603ee2fb-7c46-43ae-b6f8-b4c13ebc4e54: shutdown server with port 46778 successfully
2019-09-19 13:46:01,979 [grpc-default-executor-1] WARN  server.GrpcLogAppender (LogUtils.java:warn(134)) - e12d66f4-70bf-4d46-b2b0-c16a4ce73304@group-E86B211EAF54->603ee2fb-7c46-43ae-b6f8-b4c13ebc4e54-AppendLogResponseHandler: Failed appendEntries: org.apache.ratis.thirdparty.io.grpc.StatusRuntimeException: CANCELLED: HTTP/2 error code: CANCEL
Received Rst Stream
2019-09-19 13:46:01,980 [grpc-default-executor-1] INFO  impl.FollowerInfo (FollowerInfo.java:lambda$new$0(51)) - e12d66f4-70bf-4d46-b2b0-c16a4ce73304@group-E86B211EAF54->603ee2fb-7c46-43ae-b6f8-b4c13ebc4e54: nextIndex: updateUnconditionally 9 -> 8
2019-09-19 13:46:01,981 [refreshUsed-/workdir/hadoop-ozone/integration-test/target/test-dir/MiniOzoneClusterImpl-17a4d03a-fc5f-4cc1-bd65-1bc8302b6d07/datanode-3/data/containers] WARN  fs.CachingGetSpaceUsed (CachingGetSpaceUsed.java:run(183)) - Thread Interrupted waiting to refresh disk information: sleep interrupted
2019-09-19 13:46:01,981 [grpc-default-executor-5] WARN  client.GrpcClientProtocolService (LogUtils.java:warn(134)) - 45-OrderedRequestStreamObserver45: onError: org.apache.ratis.thirdparty.io.grpc.StatusRuntimeException: CANCELLED: cancelled before receiving half close
2019-09-19 13:46:01,995 [main] INFO  utils.BackgroundService (BackgroundService.java:shutdown(148)) - Shutting down service BlockDeletingService
2019-09-19 13:46:01,999 [main] INFO  statemachine.DatanodeStateMachine (DatanodeStateMachine.java:stopDaemon(395)) - Ozone container server stopped.
2019-09-19 13:46:02,000 [main] INFO  handler.ContextHandler (ContextHandler.java:doStop(910)) - Stopped o.e.j.w.WebAppContext@26ca61bf{/,null,UNAVAILABLE}{/hddsDatanode}
2019-09-19 13:46:02,001 [main] INFO  server.AbstractConnector (AbstractConnector.java:doStop(318)) - Stopped ServerConnector@73a0f2b{HTTP/1.1,[http/1.1]}{0.0.0.0:0}
2019-09-19 13:46:02,001 [main] INFO  handler.ContextHandler (ContextHandler.java:doStop(910)) - Stopped o.e.j.s.ServletContextHandler@3af58f76{/static,jar:file:/home/user/.m2/repository/org/apache/hadoop/hadoop-hdds-container-service/0.5.0-SNAPSHOT/hadoop-hdds-container-service-0.5.0-SNAPSHOT.jar!/webapps/static,UNAVAILABLE}
2019-09-19 13:46:02,001 [main] INFO  handler.ContextHandler (ContextHandler.java:doStop(910)) - Stopped o.e.j.s.ServletContextHandler@4eaa375c{/logs,file:///workdir/hadoop-ozone/integration-test/target/log,UNAVAILABLE}
2019-09-19 13:46:02,314 [grpc-default-executor-3] WARN  server.GrpcLogAppender (LogUtils.java:warn(134)) - e12d66f4-70bf-4d46-b2b0-c16a4ce73304@group-E86B211EAF54->603ee2fb-7c46-43ae-b6f8-b4c13ebc4e54-AppendLogResponseHandler: Failed appendEntries: org.apache.ratis.thirdparty.io.grpc.StatusRuntimeException: UNAVAILABLE: io exception
2019-09-19 13:46:02,314 [grpc-default-executor-3] INFO  impl.FollowerInfo (FollowerInfo.java:lambda$new$0(51)) - e12d66f4-70bf-4d46-b2b0-c16a4ce73304@group-E86B211EAF54->603ee2fb-7c46-43ae-b6f8-b4c13ebc4e54: nextIndex: updateUnconditionally 8 -> 7
2019-09-19 13:46:02,369 [Datanode State Machine Thread - 0] INFO  statemachine.DatanodeStateMachine (DatanodeStateMachine.java:lambda$startDaemon$0(350)) - Ozone container server started.
2019-09-19 13:46:02,641 [Datanode State Machine Thread - 0] INFO  statemachine.DatanodeStateMachine (DatanodeStateMachine.java:lambda$startDaemon$0(350)) - Ozone container server started.
2019-09-19 13:46:04,815 [grpc-default-executor-1] WARN  server.GrpcLogAppender (LogUtils.java:warn(134)) - e12d66f4-70bf-4d46-b2b0-c16a4ce73304@group-E86B211EAF54->603ee2fb-7c46-43ae-b6f8-b4c13ebc4e54-AppendLogResponseHandler: Failed appendEntries: org.apache.ratis.thirdparty.io.grpc.StatusRuntimeException: UNAVAILABLE: io exception
2019-09-19 13:46:04,816 [grpc-default-executor-1] INFO  impl.FollowerInfo (FollowerInfo.java:lambda$new$0(51)) - e12d66f4-70bf-4d46-b2b0-c16a4ce73304@group-E86B211EAF54->603ee2fb-7c46-43ae-b6f8-b4c13ebc4e54: nextIndex: updateUnconditionally 7 -> 6
2019-09-19 13:46:06,964 [ForkJoinPool.commonPool-worker-1] INFO  ozoneimpl.OzoneContainer (OzoneContainer.java:stop(231)) - Attempting to stop container services.
2019-09-19 13:46:06,967 [ForkJoinPool.commonPool-worker-1] INFO  impl.RaftServerProxy (RaftServerProxy.java:lambda$close$4(314)) - 825bfe86-eee6-4071-bab7-b50548db89ac: close
2019-09-19 13:46:06,968 [ForkJoinPool.commonPool-worker-1] INFO  impl.RaftServerImpl (RaftServerImpl.java:lambda$shutdown$3(251)) - 825bfe86-eee6-4071-bab7-b50548db89ac@group-1EB9AC22CAE4: shutdown
2019-09-19 13:46:06,969 [ForkJoinPool.commonPool-worker-1] INFO  util.JmxRegister (JmxRegister.java:unregister(73)) - Successfully un-registered JMX Bean with object name Ratis:service=RaftServer,group=group-1EB9AC22CAE4,id=825bfe86-eee6-4071-bab7-b50548db89ac
2019-09-19 13:46:06,969 [ForkJoinPool.commonPool-worker-1] INFO  impl.RoleInfo (RoleInfo.java:shutdownLeaderState(104)) - 825bfe86-eee6-4071-bab7-b50548db89ac: shutdown LeaderState
2019-09-19 13:46:06,969 [ForkJoinPool.commonPool-worker-1] INFO  impl.PendingRequests (PendingRequests.java:sendNotLeaderResponses(202)) - 825bfe86-eee6-4071-bab7-b50548db89ac-PendingRequests: sendNotLeaderResponses
2019-09-19 13:46:06,970 [ForkJoinPool.commonPool-worker-1] INFO  impl.StateMachineUpdater (StateMachineUpdater.java:stopAndJoin(125)) - 825bfe86-eee6-4071-bab7-b50548db89ac@group-1EB9AC22CAE4-StateMachineUpdater: set stopIndex = 0
2019-09-19 13:46:06,971 [ForkJoinPool.commonPool-worker-1] INFO  impl.RaftServerImpl (ServerState.java:close(385)) - 825bfe86-eee6-4071-bab7-b50548db89ac@group-1EB9AC22CAE4: closes. applyIndex: 0
2019-09-19 13:46:06,972 [825bfe86-eee6-4071-bab7-b50548db89ac@group-1EB9AC22CAE4-SegmentedRaftLogWorker] INFO  segmented.SegmentedRaftLogWorker (SegmentedRaftLogWorker.java:run(313)) - 825bfe86-eee6-4071-bab7-b50548db89ac@group-1EB9AC22CAE4-SegmentedRaftLogWorker was interrupted, exiting. There are 0 tasks remaining in the queue.
2019-09-19 13:46:06,975 [ForkJoinPool.commonPool-worker-1] INFO  segmented.SegmentedRaftLogWorker (SegmentedRaftLogWorker.java:close(228)) - 825bfe86-eee6-4071-bab7-b50548db89ac@group-1EB9AC22CAE4-SegmentedRaftLogWorker close()
2019-09-19 13:46:06,977 [ForkJoinPool.commonPool-worker-1] INFO  server.GrpcService (GrpcService.java:closeImpl(164)) - 825bfe86-eee6-4071-bab7-b50548db89ac: shutdown server with port 35723 now
2019-09-19 13:46:06,979 [ForkJoinPool.commonPool-worker-1] INFO  server.GrpcService (GrpcService.java:closeImpl(172)) - 825bfe86-eee6-4071-bab7-b50548db89ac: shutdown server with port 35723 successfully
2019-09-19 13:46:06,988 [refreshUsed-/workdir/hadoop-ozone/integration-test/target/test-dir/MiniOzoneClusterImpl-17a4d03a-fc5f-4cc1-bd65-1bc8302b6d07/datanode-0/data/containers] WARN  fs.CachingGetSpaceUsed (CachingGetSpaceUsed.java:run(183)) - Thread Interrupted waiting to refresh disk information: sleep interrupted
2019-09-19 13:46:07,003 [main] INFO  ozoneimpl.OzoneContainer (OzoneContainer.java:stop(231)) - Attempting to stop container services.
2019-09-19 13:46:07,004 [main] INFO  impl.RaftServerProxy (RaftServerProxy.java:lambda$close$4(314)) - e12d66f4-70bf-4d46-b2b0-c16a4ce73304: close
2019-09-19 13:46:07,004 [main] INFO  impl.RaftServerImpl (RaftServerImpl.java:lambda$shutdown$3(251)) - e12d66f4-70bf-4d46-b2b0-c16a4ce73304@group-E86B211EAF54: shutdown
2019-09-19 13:46:07,005 [main] INFO  util.JmxRegister (JmxRegister.java:unregister(73)) - Successfully un-registered JMX Bean with object name Ratis:service=RaftServer,group=group-E86B211EAF54,id=e12d66f4-70bf-4d46-b2b0-c16a4ce73304
2019-09-19 13:46:07,005 [main] INFO  impl.RoleInfo (RoleInfo.java:shutdownLeaderState(104)) - e12d66f4-70bf-4d46-b2b0-c16a4ce73304: shutdown LeaderState
2019-09-19 13:46:07,008 [org.apache.ratis.server.impl.LogAppender$AppenderDaemon$$Lambda$490/511707629@56954f24] WARN  server.GrpcLogAppender (GrpcLogAppender.java:mayWait(143)) - e12d66f4-70bf-4d46-b2b0-c16a4ce73304@group-E86B211EAF54->603ee2fb-7c46-43ae-b6f8-b4c13ebc4e54-GrpcLogAppender: Wait interrupted by java.lang.InterruptedException
2019-09-19 13:46:07,008 [main] INFO  impl.PendingRequests (PendingRequests.java:sendNotLeaderResponses(202)) - e12d66f4-70bf-4d46-b2b0-c16a4ce73304-PendingRequests: sendNotLeaderResponses
2019-09-19 13:46:07,008 [org.apache.ratis.server.impl.LogAppender$AppenderDaemon$$Lambda$490/511707629@325cd00c] WARN  server.GrpcLogAppender (GrpcLogAppender.java:mayWait(143)) - e12d66f4-70bf-4d46-b2b0-c16a4ce73304@group-E86B211EAF54->18d3f7fe-50e5-4214-a1e5-787142f90379-GrpcLogAppender: Wait interrupted by java.lang.InterruptedException
2019-09-19 13:46:07,011 [main] INFO  impl.StateMachineUpdater (StateMachineUpdater.java:stopAndJoin(125)) - e12d66f4-70bf-4d46-b2b0-c16a4ce73304@group-E86B211EAF54-StateMachineUpdater: set stopIndex = 8
2019-09-19 13:46:07,011 [e12d66f4-70bf-4d46-b2b0-c16a4ce73304@group-E86B211EAF54-StateMachineUpdater] INFO  ratis.ContainerStateMachine (ContainerStateMachine.java:takeSnapshot(289)) - group-E86B211EAF54: Taking a snapshot at:(t:1, i:6) file /workdir/hadoop-ozone/integration-test/target/test-dir/MiniOzoneClusterImpl-17a4d03a-fc5f-4cc1-bd65-1bc8302b6d07/datanode-6/data/ratis/fe9c9b04-8941-494f-b572-e86b211eaf54/sm/snapshot.1_6
2019-09-19 13:46:07,013 [grpc-default-executor-1] INFO  server.GrpcServerProtocolService (GrpcServerProtocolService.java:onCompleted(113)) - 18d3f7fe-50e5-4214-a1e5-787142f90379: Completed APPEND_ENTRIES, lastRequest: e12d66f4-70bf-4d46-b2b0-c16a4ce73304->18d3f7fe-50e5-4214-a1e5-787142f90379#51-t1, previous=(t:1, i:8), leaderCommit=8, initializing? false, entries: <empty>
2019-09-19 13:46:07,014 [ForkJoinPool.commonPool-worker-1] INFO  utils.BackgroundService (BackgroundService.java:shutdown(148)) - Shutting down service BlockDeletingService
2019-09-19 13:46:07,017 [grpc-default-executor-1] INFO  server.GrpcLogAppender (GrpcLogAppender.java:onCompleted(293)) - e12d66f4-70bf-4d46-b2b0-c16a4ce73304@group-E86B211EAF54->18d3f7fe-50e5-4214-a1e5-787142f90379-AppendLogResponseHandler: follower responses appendEntries COMPLETED
2019-09-19 13:46:07,018 [ForkJoinPool.commonPool-worker-1] INFO  statemachine.DatanodeStateMachine (DatanodeStateMachine.java:stopDaemon(395)) - Ozone container server stopped.
2019-09-19 13:46:07,022 [grpc-default-executor-1] INFO  impl.FollowerInfo (FollowerInfo.java:lambda$new$0(51)) - e12d66f4-70bf-4d46-b2b0-c16a4ce73304@group-E86B211EAF54->18d3f7fe-50e5-4214-a1e5-787142f90379: nextIndex: updateUnconditionally 9 -> 8
2019-09-19 13:46:07,023 [ForkJoinPool.commonPool-worker-1] INFO  handler.ContextHandler (ContextHandler.java:doStop(910)) - Stopped o.e.j.w.WebAppContext@53b1a3f8{/,null,UNAVAILABLE}{/hddsDatanode}
2019-09-19 13:46:07,024 [e12d66f4-70bf-4d46-b2b0-c16a4ce73304@group-E86B211EAF54-StateMachineUpdater] INFO  ratis.ContainerStateMachine (ContainerStateMachine.java:takeSnapshot(300)) - group-E86B211EAF54: Finished taking a snapshot at:(t:1, i:6) file:/workdir/hadoop-ozone/integration-test/target/test-dir/MiniOzoneClusterImpl-17a4d03a-fc5f-4cc1-bd65-1bc8302b6d07/datanode-6/data/ratis/fe9c9b04-8941-494f-b572-e86b211eaf54/sm/snapshot.1_6 time:13
2019-09-19 13:46:07,024 [e12d66f4-70bf-4d46-b2b0-c16a4ce73304@group-E86B211EAF54-StateMachineUpdater] INFO  impl.StateMachineUpdater (StateMachineUpdater.java:takeSnapshot(258)) - e12d66f4-70bf-4d46-b2b0-c16a4ce73304@group-E86B211EAF54-StateMachineUpdater: Took a snapshot at index 6
2019-09-19 13:46:07,024 [ForkJoinPool.commonPool-worker-1] INFO  server.AbstractConnector (AbstractConnector.java:doStop(318)) - Stopped ServerConnector@7d97e06c{HTTP/1.1,[http/1.1]}{0.0.0.0:0}
2019-09-19 13:46:07,025 [e12d66f4-70bf-4d46-b2b0-c16a4ce73304@group-E86B211EAF54-StateMachineUpdater] INFO  impl.StateMachineUpdater (StateMachineUpdater.java:lambda$new$0(83)) - e12d66f4-70bf-4d46-b2b0-c16a4ce73304@group-E86B211EAF54-StateMachineUpdater: snapshotIndex: updateIncreasingly -1 -> 6
2019-09-19 13:46:07,026 [ForkJoinPool.commonPool-worker-1] INFO  handler.ContextHandler (ContextHandler.java:doStop(910)) - Stopped o.e.j.s.ServletContextHandler@3c9c6245{/static,jar:file:/home/user/.m2/repository/org/apache/hadoop/hadoop-hdds-container-service/0.5.0-SNAPSHOT/hadoop-hdds-container-service-0.5.0-SNAPSHOT.jar!/webapps/static,UNAVAILABLE}
2019-09-19 13:46:07,027 [e12d66f4-70bf-4d46-b2b0-c16a4ce73304@group-E86B211EAF54-StateMachineUpdater] INFO  ratis.ContainerStateMachine (ContainerStateMachine.java:takeSnapshot(289)) - group-E86B211EAF54: Taking a snapshot at:(t:1, i:6) file /workdir/hadoop-ozone/integration-test/target/test-dir/MiniOzoneClusterImpl-17a4d03a-fc5f-4cc1-bd65-1bc8302b6d07/datanode-6/data/ratis/fe9c9b04-8941-494f-b572-e86b211eaf54/sm/snapshot.1_6
2019-09-19 13:46:07,027 [ForkJoinPool.commonPool-worker-1] INFO  handler.ContextHandler (ContextHandler.java:doStop(910)) - Stopped o.e.j.s.ServletContextHandler@6a9344f5{/logs,file:///workdir/hadoop-ozone/integration-test/target/log,UNAVAILABLE}
2019-09-19 13:46:07,040 [e12d66f4-70bf-4d46-b2b0-c16a4ce73304@group-E86B211EAF54-StateMachineUpdater] INFO  ratis.ContainerStateMachine (ContainerStateMachine.java:takeSnapshot(300)) - group-E86B211EAF54: Finished taking a snapshot at:(t:1, i:6) file:/workdir/hadoop-ozone/integration-test/target/test-dir/MiniOzoneClusterImpl-17a4d03a-fc5f-4cc1-bd65-1bc8302b6d07/datanode-6/data/ratis/fe9c9b04-8941-494f-b572-e86b211eaf54/sm/snapshot.1_6 time:13
2019-09-19 13:46:07,040 [e12d66f4-70bf-4d46-b2b0-c16a4ce73304@group-E86B211EAF54-StateMachineUpdater] INFO  impl.StateMachineUpdater (StateMachineUpdater.java:takeSnapshot(258)) - e12d66f4-70bf-4d46-b2b0-c16a4ce73304@group-E86B211EAF54-StateMachineUpdater: Took a snapshot at index 6
2019-09-19 13:46:07,040 [e12d66f4-70bf-4d46-b2b0-c16a4ce73304@group-E86B211EAF54-StateMachineUpdater] INFO  impl.StateMachineUpdater (StateMachineUpdater.java:lambda$new$0(83)) - e12d66f4-70bf-4d46-b2b0-c16a4ce73304@group-E86B211EAF54-StateMachineUpdater: snapshotIndex: updateIncreasingly 6 -> 6
2019-09-19 13:46:07,040 [main] INFO  impl.RaftServerImpl (ServerState.java:close(385)) - e12d66f4-70bf-4d46-b2b0-c16a4ce73304@group-E86B211EAF54: closes. applyIndex: 8
2019-09-19 13:46:07,041 [e12d66f4-70bf-4d46-b2b0-c16a4ce73304@group-E86B211EAF54-SegmentedRaftLogWorker] INFO  segmented.SegmentedRaftLogWorker (SegmentedRaftLogWorker.java:run(313)) - e12d66f4-70bf-4d46-b2b0-c16a4ce73304@group-E86B211EAF54-SegmentedRaftLogWorker was interrupted, exiting. There are 0 tasks remaining in the queue.
2019-09-19 13:46:07,042 [main] INFO  segmented.SegmentedRaftLogWorker (SegmentedRaftLogWorker.java:close(228)) - e12d66f4-70bf-4d46-b2b0-c16a4ce73304@group-E86B211EAF54-SegmentedRaftLogWorker close()
2019-09-19 13:46:07,048 [main] INFO  impl.RaftServerImpl (RaftServerImpl.java:lambda$shutdown$3(251)) - e12d66f4-70bf-4d46-b2b0-c16a4ce73304@group-97809023DA60: shutdown
2019-09-19 13:46:07,048 [main] INFO  util.JmxRegister (JmxRegister.java:unregister(73)) - Successfully un-registered JMX Bean with object name Ratis:service=RaftServer,group=group-97809023DA60,id=e12d66f4-70bf-4d46-b2b0-c16a4ce73304
2019-09-19 13:46:07,049 [main] INFO  impl.RoleInfo (RoleInfo.java:shutdownLeaderState(104)) - e12d66f4-70bf-4d46-b2b0-c16a4ce73304: shutdown LeaderState
2019-09-19 13:46:07,049 [main] INFO  impl.PendingRequests (PendingRequests.java:sendNotLeaderResponses(202)) - e12d66f4-70bf-4d46-b2b0-c16a4ce73304-PendingRequests: sendNotLeaderResponses
2019-09-19 13:46:07,050 [main] INFO  impl.StateMachineUpdater (StateMachineUpdater.java:stopAndJoin(125)) - e12d66f4-70bf-4d46-b2b0-c16a4ce73304@group-97809023DA60-StateMachineUpdater: set stopIndex = 0
2019-09-19 13:46:07,050 [main] INFO  impl.RaftServerImpl (ServerState.java:close(385)) - e12d66f4-70bf-4d46-b2b0-c16a4ce73304@group-97809023DA60: closes. applyIndex: 0
2019-09-19 13:46:07,050 [e12d66f4-70bf-4d46-b2b0-c16a4ce73304@group-97809023DA60-SegmentedRaftLogWorker] INFO  segmented.SegmentedRaftLogWorker (SegmentedRaftLogWorker.java:run(313)) - e12d66f4-70bf-4d46-b2b0-c16a4ce73304@group-97809023DA60-SegmentedRaftLogWorker was interrupted, exiting. There are 0 tasks remaining in the queue.
2019-09-19 13:46:07,051 [main] INFO  segmented.SegmentedRaftLogWorker (SegmentedRaftLogWorker.java:close(228)) - e12d66f4-70bf-4d46-b2b0-c16a4ce73304@group-97809023DA60-SegmentedRaftLogWorker close()
2019-09-19 13:46:07,051 [main] INFO  server.GrpcService (GrpcService.java:closeImpl(164)) - e12d66f4-70bf-4d46-b2b0-c16a4ce73304: shutdown server with port 36386 now
2019-09-19 13:46:07,052 [main] INFO  server.GrpcService (GrpcService.java:closeImpl(172)) - e12d66f4-70bf-4d46-b2b0-c16a4ce73304: shutdown server with port 36386 successfully
2019-09-19 13:46:07,053 [refreshUsed-/workdir/hadoop-ozone/integration-test/target/test-dir/MiniOzoneClusterImpl-17a4d03a-fc5f-4cc1-bd65-1bc8302b6d07/datanode-6/data/containers] WARN  fs.CachingGetSpaceUsed (CachingGetSpaceUsed.java:run(183)) - Thread Interrupted waiting to refresh disk information: sleep interrupted
2019-09-19 13:46:07,066 [main] INFO  utils.BackgroundService (BackgroundService.java:shutdown(148)) - Shutting down service BlockDeletingService
2019-09-19 13:46:07,070 [main] INFO  statemachine.DatanodeStateMachine (DatanodeStateMachine.java:stopDaemon(395)) - Ozone container server stopped.
2019-09-19 13:46:07,071 [main] INFO  handler.ContextHandler (ContextHandler.java:doStop(910)) - Stopped o.e.j.w.WebAppContext@a146b11{/,null,UNAVAILABLE}{/hddsDatanode}
2019-09-19 13:46:07,071 [main] INFO  server.AbstractConnector (AbstractConnector.java:doStop(318)) - Stopped ServerConnector@f438904{HTTP/1.1,[http/1.1]}{0.0.0.0:0}
2019-09-19 13:46:07,071 [main] INFO  handler.ContextHandler (ContextHandler.java:doStop(910)) - Stopped o.e.j.s.ServletContextHandler@4dac121d{/static,jar:file:/home/user/.m2/repository/org/apache/hadoop/hadoop-hdds-container-service/0.5.0-SNAPSHOT/hadoop-hdds-container-service-0.5.0-SNAPSHOT.jar!/webapps/static,UNAVAILABLE}
2019-09-19 13:46:07,072 [main] INFO  handler.ContextHandler (ContextHandler.java:doStop(910)) - Stopped o.e.j.s.ServletContextHandler@a9c5b75{/logs,file:///workdir/hadoop-ozone/integration-test/target/log,UNAVAILABLE}
2019-09-19 13:46:07,637 [Datanode State Machine Thread - 0] INFO  statemachine.DatanodeStateMachine (DatanodeStateMachine.java:lambda$startDaemon$0(350)) - Ozone container server started.
2019-09-19 13:46:10,247 [Thread-797] INFO  impl.FollowerState (FollowerState.java:run(106)) - 18d3f7fe-50e5-4214-a1e5-787142f90379:group-E86B211EAF54 changes to CANDIDATE, lastRpcTime:5432, electionTimeout:5031ms
2019-09-19 13:46:10,249 [Thread-797] INFO  impl.RoleInfo (RoleInfo.java:shutdownFollowerState(121)) - 18d3f7fe-50e5-4214-a1e5-787142f90379: shutdown FollowerState
2019-09-19 13:46:10,250 [Thread-797] INFO  impl.RaftServerImpl (RaftServerImpl.java:setRole(174)) - 18d3f7fe-50e5-4214-a1e5-787142f90379@group-E86B211EAF54: changes role from  FOLLOWER to CANDIDATE at term 1 for changeToCandidate
2019-09-19 13:46:10,251 [Thread-797] INFO  impl.RoleInfo (RoleInfo.java:updateAndGet(143)) - 18d3f7fe-50e5-4214-a1e5-787142f90379: start LeaderElection
2019-09-19 13:46:10,261 [18d3f7fe-50e5-4214-a1e5-787142f90379@group-E86B211EAF54:LeaderElection29] INFO  impl.RaftServerImpl (ServerState.java:setLeader(253)) - 18d3f7fe-50e5-4214-a1e5-787142f90379@group-E86B211EAF54: change Leader from e12d66f4-70bf-4d46-b2b0-c16a4ce73304 to null at term 1 for initElection
2019-09-19 13:46:10,276 [18d3f7fe-50e5-4214-a1e5-787142f90379@group-E86B211EAF54:LeaderElection29] INFO  impl.LeaderElection (LeaderElection.java:askForVotes(182)) - 18d3f7fe-50e5-4214-a1e5-787142f90379@group-E86B211EAF54:LeaderElection29: begin an election at term 2 for 0: [603ee2fb-7c46-43ae-b6f8-b4c13ebc4e54:192.168.36.82:46778, e12d66f4-70bf-4d46-b2b0-c16a4ce73304:192.168.36.82:36386, 18d3f7fe-50e5-4214-a1e5-787142f90379:192.168.36.82:32964], old=null
2019-09-19 13:46:10,290 [18d3f7fe-50e5-4214-a1e5-787142f90379@group-E86B211EAF54:LeaderElection29] INFO  impl.LeaderElection (LogUtils.java:infoOrTrace(149)) - 18d3f7fe-50e5-4214-a1e5-787142f90379@group-E86B211EAF54:LeaderElection29 got exception when requesting votes: {}
java.util.concurrent.ExecutionException: org.apache.ratis.thirdparty.io.grpc.StatusRuntimeException: UNAVAILABLE: io exception
	at java.util.concurrent.FutureTask.report(FutureTask.java:122)
	at java.util.concurrent.FutureTask.get(FutureTask.java:192)
	at org.apache.ratis.server.impl.LeaderElection.waitForResults(LeaderElection.java:263)
	at org.apache.ratis.server.impl.LeaderElection.askForVotes(LeaderElection.java:201)
	at org.apache.ratis.server.impl.LeaderElection.run(LeaderElection.java:133)
	at java.lang.Thread.run(Thread.java:748)
Caused by: org.apache.ratis.thirdparty.io.grpc.StatusRuntimeException: UNAVAILABLE: io exception
	at org.apache.ratis.thirdparty.io.grpc.stub.ClientCalls.toStatusRuntimeException(ClientCalls.java:233)
	at org.apache.ratis.thirdparty.io.grpc.stub.ClientCalls.getUnchecked(ClientCalls.java:214)
	at org.apache.ratis.thirdparty.io.grpc.stub.ClientCalls.blockingUnaryCall(ClientCalls.java:139)
	at org.apache.ratis.proto.grpc.RaftServerProtocolServiceGrpc$RaftServerProtocolServiceBlockingStub.requestVote(RaftServerProtocolServiceGrpc.java:265)
	at org.apache.ratis.grpc.server.GrpcServerProtocolClient.requestVote(GrpcServerProtocolClient.java:90)
	at org.apache.ratis.grpc.server.GrpcService.requestVote(GrpcService.java:204)
	at org.apache.ratis.server.impl.LeaderElection.lambda$submitRequests$1(LeaderElection.java:238)
	at java.util.concurrent.FutureTask.run(FutureTask.java:266)
	at java.util.concurrent.Executors$RunnableAdapter.call(Executors.java:511)
	at java.util.concurrent.FutureTask.run(FutureTask.java:266)
	at java.util.concurrent.ThreadPoolExecutor.runWorker(ThreadPoolExecutor.java:1149)
	at java.util.concurrent.ThreadPoolExecutor$Worker.run(ThreadPoolExecutor.java:624)
	... 1 more
Caused by: org.apache.ratis.thirdparty.io.netty.channel.AbstractChannel$AnnotatedConnectException: Connection refused: /192.168.36.82:46778
	at sun.nio.ch.SocketChannelImpl.checkConnect(Native Method)
	at sun.nio.ch.SocketChannelImpl.finishConnect(SocketChannelImpl.java:717)
	at org.apache.ratis.thirdparty.io.netty.channel.socket.nio.NioSocketChannel.doFinishConnect(NioSocketChannel.java:327)
	at org.apache.ratis.thirdparty.io.netty.channel.nio.AbstractNioChannel$AbstractNioUnsafe.finishConnect(AbstractNioChannel.java:340)
	at org.apache.ratis.thirdparty.io.netty.channel.nio.NioEventLoop.processSelectedKey(NioEventLoop.java:632)
	at org.apache.ratis.thirdparty.io.netty.channel.nio.NioEventLoop.processSelectedKeysOptimized(NioEventLoop.java:579)
	at org.apache.ratis.thirdparty.io.netty.channel.nio.NioEventLoop.processSelectedKeys(NioEventLoop.java:496)
	at org.apache.ratis.thirdparty.io.netty.channel.nio.NioEventLoop.run(NioEventLoop.java:458)
	at org.apache.ratis.thirdparty.io.netty.util.concurrent.SingleThreadEventExecutor$5.run(SingleThreadEventExecutor.java:897)
	at org.apache.ratis.thirdparty.io.netty.util.concurrent.FastThreadLocalRunnable.run(FastThreadLocalRunnable.java:30)
	... 1 more
Caused by: java.net.ConnectException: Connection refused
	... 11 more
2019-09-19 13:46:10,292 [18d3f7fe-50e5-4214-a1e5-787142f90379@group-E86B211EAF54:LeaderElection29] INFO  impl.LeaderElection (LogUtils.java:infoOrTrace(149)) - 18d3f7fe-50e5-4214-a1e5-787142f90379@group-E86B211EAF54:LeaderElection29 got exception when requesting votes: {}
java.util.concurrent.ExecutionException: org.apache.ratis.thirdparty.io.grpc.StatusRuntimeException: UNAVAILABLE: io exception
	at java.util.concurrent.FutureTask.report(FutureTask.java:122)
	at java.util.concurrent.FutureTask.get(FutureTask.java:192)
	at org.apache.ratis.server.impl.LeaderElection.waitForResults(LeaderElection.java:263)
	at org.apache.ratis.server.impl.LeaderElection.askForVotes(LeaderElection.java:201)
	at org.apache.ratis.server.impl.LeaderElection.run(LeaderElection.java:133)
	at java.lang.Thread.run(Thread.java:748)
Caused by: org.apache.ratis.thirdparty.io.grpc.StatusRuntimeException: UNAVAILABLE: io exception
	at org.apache.ratis.thirdparty.io.grpc.stub.ClientCalls.toStatusRuntimeException(ClientCalls.java:233)
	at org.apache.ratis.thirdparty.io.grpc.stub.ClientCalls.getUnchecked(ClientCalls.java:214)
	at org.apache.ratis.thirdparty.io.grpc.stub.ClientCalls.blockingUnaryCall(ClientCalls.java:139)
	at org.apache.ratis.proto.grpc.RaftServerProtocolServiceGrpc$RaftServerProtocolServiceBlockingStub.requestVote(RaftServerProtocolServiceGrpc.java:265)
	at org.apache.ratis.grpc.server.GrpcServerProtocolClient.requestVote(GrpcServerProtocolClient.java:90)
	at org.apache.ratis.grpc.server.GrpcService.requestVote(GrpcService.java:204)
	at org.apache.ratis.server.impl.LeaderElection.lambda$submitRequests$1(LeaderElection.java:238)
	at java.util.concurrent.FutureTask.run(FutureTask.java:266)
	at java.util.concurrent.Executors$RunnableAdapter.call(Executors.java:511)
	at java.util.concurrent.FutureTask.run(FutureTask.java:266)
	at java.util.concurrent.ThreadPoolExecutor.runWorker(ThreadPoolExecutor.java:1149)
	at java.util.concurrent.ThreadPoolExecutor$Worker.run(ThreadPoolExecutor.java:624)
	... 1 more
Caused by: org.apache.ratis.thirdparty.io.netty.channel.AbstractChannel$AnnotatedConnectException: Connection refused: /192.168.36.82:36386
	at sun.nio.ch.SocketChannelImpl.checkConnect(Native Method)
	at sun.nio.ch.SocketChannelImpl.finishConnect(SocketChannelImpl.java:717)
	at org.apache.ratis.thirdparty.io.netty.channel.socket.nio.NioSocketChannel.doFinishConnect(NioSocketChannel.java:327)
	at org.apache.ratis.thirdparty.io.netty.channel.nio.AbstractNioChannel$AbstractNioUnsafe.finishConnect(AbstractNioChannel.java:340)
	at org.apache.ratis.thirdparty.io.netty.channel.nio.NioEventLoop.processSelectedKey(NioEventLoop.java:632)
	at org.apache.ratis.thirdparty.io.netty.channel.nio.NioEventLoop.processSelectedKeysOptimized(NioEventLoop.java:579)
	at org.apache.ratis.thirdparty.io.netty.channel.nio.NioEventLoop.processSelectedKeys(NioEventLoop.java:496)
	at org.apache.ratis.thirdparty.io.netty.channel.nio.NioEventLoop.run(NioEventLoop.java:458)
	at org.apache.ratis.thirdparty.io.netty.util.concurrent.SingleThreadEventExecutor$5.run(SingleThreadEventExecutor.java:897)
	at org.apache.ratis.thirdparty.io.netty.util.concurrent.FastThreadLocalRunnable.run(FastThreadLocalRunnable.java:30)
	... 1 more
Caused by: java.net.ConnectException: Connection refused
	... 11 more
2019-09-19 13:46:10,294 [18d3f7fe-50e5-4214-a1e5-787142f90379@group-E86B211EAF54:LeaderElection29] INFO  impl.LeaderElection (LeaderElection.java:logAndReturn(56)) - 18d3f7fe-50e5-4214-a1e5-787142f90379@group-E86B211EAF54:LeaderElection29: Election REJECTED; received 0 response(s) [] and 2 exception(s); 18d3f7fe-50e5-4214-a1e5-787142f90379@group-E86B211EAF54:t2, leader=null, voted=18d3f7fe-50e5-4214-a1e5-787142f90379, raftlog=18d3f7fe-50e5-4214-a1e5-787142f90379@group-E86B211EAF54-SegmentedRaftLog:OPENED:c8,f8,i8, conf=0: [603ee2fb-7c46-43ae-b6f8-b4c13ebc4e54:192.168.36.82:46778, e12d66f4-70bf-4d46-b2b0-c16a4ce73304:192.168.36.82:36386, 18d3f7fe-50e5-4214-a1e5-787142f90379:192.168.36.82:32964], old=null
2019-09-19 13:46:10,294 [18d3f7fe-50e5-4214-a1e5-787142f90379@group-E86B211EAF54:LeaderElection29] INFO  impl.LeaderElection (LogUtils.java:infoOrTrace(149)) -   Exception 0: {}
java.util.concurrent.ExecutionException: org.apache.ratis.thirdparty.io.grpc.StatusRuntimeException: UNAVAILABLE: io exception
	at java.util.concurrent.FutureTask.report(FutureTask.java:122)
	at java.util.concurrent.FutureTask.get(FutureTask.java:192)
	at org.apache.ratis.server.impl.LeaderElection.waitForResults(LeaderElection.java:263)
	at org.apache.ratis.server.impl.LeaderElection.askForVotes(LeaderElection.java:201)
	at org.apache.ratis.server.impl.LeaderElection.run(LeaderElection.java:133)
	at java.lang.Thread.run(Thread.java:748)
Caused by: org.apache.ratis.thirdparty.io.grpc.StatusRuntimeException: UNAVAILABLE: io exception
	at org.apache.ratis.thirdparty.io.grpc.stub.ClientCalls.toStatusRuntimeException(ClientCalls.java:233)
	at org.apache.ratis.thirdparty.io.grpc.stub.ClientCalls.getUnchecked(ClientCalls.java:214)
	at org.apache.ratis.thirdparty.io.grpc.stub.ClientCalls.blockingUnaryCall(ClientCalls.java:139)
	at org.apache.ratis.proto.grpc.RaftServerProtocolServiceGrpc$RaftServerProtocolServiceBlockingStub.requestVote(RaftServerProtocolServiceGrpc.java:265)
	at org.apache.ratis.grpc.server.GrpcServerProtocolClient.requestVote(GrpcServerProtocolClient.java:90)
	at org.apache.ratis.grpc.server.GrpcService.requestVote(GrpcService.java:204)
	at org.apache.ratis.server.impl.LeaderElection.lambda$submitRequests$1(LeaderElection.java:238)
	at java.util.concurrent.FutureTask.run(FutureTask.java:266)
	at java.util.concurrent.Executors$RunnableAdapter.call(Executors.java:511)
	at java.util.concurrent.FutureTask.run(FutureTask.java:266)
	at java.util.concurrent.ThreadPoolExecutor.runWorker(ThreadPoolExecutor.java:1149)
	at java.util.concurrent.ThreadPoolExecutor$Worker.run(ThreadPoolExecutor.java:624)
	... 1 more
Caused by: org.apache.ratis.thirdparty.io.netty.channel.AbstractChannel$AnnotatedConnectException: Connection refused: /192.168.36.82:46778
	at sun.nio.ch.SocketChannelImpl.checkConnect(Native Method)
	at sun.nio.ch.SocketChannelImpl.finishConnect(SocketChannelImpl.java:717)
	at org.apache.ratis.thirdparty.io.netty.channel.socket.nio.NioSocketChannel.doFinishConnect(NioSocketChannel.java:327)
	at org.apache.ratis.thirdparty.io.netty.channel.nio.AbstractNioChannel$AbstractNioUnsafe.finishConnect(AbstractNioChannel.java:340)
	at org.apache.ratis.thirdparty.io.netty.channel.nio.NioEventLoop.processSelectedKey(NioEventLoop.java:632)
	at org.apache.ratis.thirdparty.io.netty.channel.nio.NioEventLoop.processSelectedKeysOptimized(NioEventLoop.java:579)
	at org.apache.ratis.thirdparty.io.netty.channel.nio.NioEventLoop.processSelectedKeys(NioEventLoop.java:496)
	at org.apache.ratis.thirdparty.io.netty.channel.nio.NioEventLoop.run(NioEventLoop.java:458)
	at org.apache.ratis.thirdparty.io.netty.util.concurrent.SingleThreadEventExecutor$5.run(SingleThreadEventExecutor.java:897)
	at org.apache.ratis.thirdparty.io.netty.util.concurrent.FastThreadLocalRunnable.run(FastThreadLocalRunnable.java:30)
	... 1 more
Caused by: java.net.ConnectException: Connection refused
	... 11 more
2019-09-19 13:46:10,295 [18d3f7fe-50e5-4214-a1e5-787142f90379@group-E86B211EAF54:LeaderElection29] INFO  impl.LeaderElection (LogUtils.java:infoOrTrace(149)) -   Exception 1: {}
java.util.concurrent.ExecutionException: org.apache.ratis.thirdparty.io.grpc.StatusRuntimeException: UNAVAILABLE: io exception
	at java.util.concurrent.FutureTask.report(FutureTask.java:122)
	at java.util.concurrent.FutureTask.get(FutureTask.java:192)
	at org.apache.ratis.server.impl.LeaderElection.waitForResults(LeaderElection.java:263)
	at org.apache.ratis.server.impl.LeaderElection.askForVotes(LeaderElection.java:201)
	at org.apache.ratis.server.impl.LeaderElection.run(LeaderElection.java:133)
	at java.lang.Thread.run(Thread.java:748)
Caused by: org.apache.ratis.thirdparty.io.grpc.StatusRuntimeException: UNAVAILABLE: io exception
	at org.apache.ratis.thirdparty.io.grpc.stub.ClientCalls.toStatusRuntimeException(ClientCalls.java:233)
	at org.apache.ratis.thirdparty.io.grpc.stub.ClientCalls.getUnchecked(ClientCalls.java:214)
	at org.apache.ratis.thirdparty.io.grpc.stub.ClientCalls.blockingUnaryCall(ClientCalls.java:139)
	at org.apache.ratis.proto.grpc.RaftServerProtocolServiceGrpc$RaftServerProtocolServiceBlockingStub.requestVote(RaftServerProtocolServiceGrpc.java:265)
	at org.apache.ratis.grpc.server.GrpcServerProtocolClient.requestVote(GrpcServerProtocolClient.java:90)
	at org.apache.ratis.grpc.server.GrpcService.requestVote(GrpcService.java:204)
	at org.apache.ratis.server.impl.LeaderElection.lambda$submitRequests$1(LeaderElection.java:238)
	at java.util.concurrent.FutureTask.run(FutureTask.java:266)
	at java.util.concurrent.Executors$RunnableAdapter.call(Executors.java:511)
	at java.util.concurrent.FutureTask.run(FutureTask.java:266)
	at java.util.concurrent.ThreadPoolExecutor.runWorker(ThreadPoolExecutor.java:1149)
	at java.util.concurrent.ThreadPoolExecutor$Worker.run(ThreadPoolExecutor.java:624)
	... 1 more
Caused by: org.apache.ratis.thirdparty.io.netty.channel.AbstractChannel$AnnotatedConnectException: Connection refused: /192.168.36.82:36386
	at sun.nio.ch.SocketChannelImpl.checkConnect(Native Method)
	at sun.nio.ch.SocketChannelImpl.finishConnect(SocketChannelImpl.java:717)
	at org.apache.ratis.thirdparty.io.netty.channel.socket.nio.NioSocketChannel.doFinishConnect(NioSocketChannel.java:327)
	at org.apache.ratis.thirdparty.io.netty.channel.nio.AbstractNioChannel$AbstractNioUnsafe.finishConnect(AbstractNioChannel.java:340)
	at org.apache.ratis.thirdparty.io.netty.channel.nio.NioEventLoop.processSelectedKey(NioEventLoop.java:632)
	at org.apache.ratis.thirdparty.io.netty.channel.nio.NioEventLoop.processSelectedKeysOptimized(NioEventLoop.java:579)
	at org.apache.ratis.thirdparty.io.netty.channel.nio.NioEventLoop.processSelectedKeys(NioEventLoop.java:496)
	at org.apache.ratis.thirdparty.io.netty.channel.nio.NioEventLoop.run(NioEventLoop.java:458)
	at org.apache.ratis.thirdparty.io.netty.util.concurrent.SingleThreadEventExecutor$5.run(SingleThreadEventExecutor.java:897)
	at org.apache.ratis.thirdparty.io.netty.util.concurrent.FastThreadLocalRunnable.run(FastThreadLocalRunnable.java:30)
	... 1 more
Caused by: java.net.ConnectException: Connection refused
	... 11 more
2019-09-19 13:46:10,295 [18d3f7fe-50e5-4214-a1e5-787142f90379@group-E86B211EAF54:LeaderElection29] INFO  impl.RaftServerImpl (RaftServerImpl.java:setRole(174)) - 18d3f7fe-50e5-4214-a1e5-787142f90379@group-E86B211EAF54: changes role from CANDIDATE to FOLLOWER at term 2 for DISCOVERED_A_NEW_TERM
2019-09-19 13:46:10,296 [18d3f7fe-50e5-4214-a1e5-787142f90379@group-E86B211EAF54:LeaderElection29] INFO  impl.RoleInfo (RoleInfo.java:shutdownLeaderElection(134)) - 18d3f7fe-50e5-4214-a1e5-787142f90379: shutdown LeaderElection
2019-09-19 13:46:10,296 [18d3f7fe-50e5-4214-a1e5-787142f90379@group-E86B211EAF54:LeaderElection29] INFO  impl.RoleInfo (RoleInfo.java:updateAndGet(143)) - 18d3f7fe-50e5-4214-a1e5-787142f90379: start FollowerState
2019-09-19 13:46:12,030 [ForkJoinPool.commonPool-worker-1] INFO  ozoneimpl.OzoneContainer (OzoneContainer.java:stop(231)) - Attempting to stop container services.
2019-09-19 13:46:12,033 [ForkJoinPool.commonPool-worker-1] INFO  impl.RaftServerProxy (RaftServerProxy.java:lambda$close$4(314)) - 18d3f7fe-50e5-4214-a1e5-787142f90379: close
2019-09-19 13:46:12,033 [ForkJoinPool.commonPool-worker-1] INFO  impl.RaftServerImpl (RaftServerImpl.java:lambda$shutdown$3(251)) - 18d3f7fe-50e5-4214-a1e5-787142f90379@group-E86B211EAF54: shutdown
2019-09-19 13:46:12,034 [ForkJoinPool.commonPool-worker-1] INFO  util.JmxRegister (JmxRegister.java:unregister(73)) - Successfully un-registered JMX Bean with object name Ratis:service=RaftServer,group=group-E86B211EAF54,id=18d3f7fe-50e5-4214-a1e5-787142f90379
2019-09-19 13:46:12,034 [ForkJoinPool.commonPool-worker-1] INFO  impl.RoleInfo (RoleInfo.java:shutdownFollowerState(121)) - 18d3f7fe-50e5-4214-a1e5-787142f90379: shutdown FollowerState
2019-09-19 13:46:12,035 [ForkJoinPool.commonPool-worker-1] INFO  impl.StateMachineUpdater (StateMachineUpdater.java:stopAndJoin(125)) - 18d3f7fe-50e5-4214-a1e5-787142f90379@group-E86B211EAF54-StateMachineUpdater: set stopIndex = 8
2019-09-19 13:46:12,035 [Thread-1383] INFO  impl.FollowerState (FollowerState.java:run(115)) - 18d3f7fe-50e5-4214-a1e5-787142f90379: FollowerState was interrupted: java.lang.InterruptedException: sleep interrupted
2019-09-19 13:46:12,035 [18d3f7fe-50e5-4214-a1e5-787142f90379@group-E86B211EAF54-StateMachineUpdater] INFO  ratis.ContainerStateMachine (ContainerStateMachine.java:takeSnapshot(289)) - group-E86B211EAF54: Taking a snapshot at:(t:1, i:5) file /workdir/hadoop-ozone/integration-test/target/test-dir/MiniOzoneClusterImpl-17a4d03a-fc5f-4cc1-bd65-1bc8302b6d07/datanode-5/data/ratis/fe9c9b04-8941-494f-b572-e86b211eaf54/sm/snapshot.1_5
2019-09-19 13:46:12,050 [18d3f7fe-50e5-4214-a1e5-787142f90379@group-E86B211EAF54-StateMachineUpdater] INFO  ratis.ContainerStateMachine (ContainerStateMachine.java:takeSnapshot(300)) - group-E86B211EAF54: Finished taking a snapshot at:(t:1, i:5) file:/workdir/hadoop-ozone/integration-test/target/test-dir/MiniOzoneClusterImpl-17a4d03a-fc5f-4cc1-bd65-1bc8302b6d07/datanode-5/data/ratis/fe9c9b04-8941-494f-b572-e86b211eaf54/sm/snapshot.1_5 time:15
2019-09-19 13:46:12,051 [18d3f7fe-50e5-4214-a1e5-787142f90379@group-E86B211EAF54-StateMachineUpdater] INFO  impl.StateMachineUpdater (StateMachineUpdater.java:takeSnapshot(258)) - 18d3f7fe-50e5-4214-a1e5-787142f90379@group-E86B211EAF54-StateMachineUpdater: Took a snapshot at index 5
2019-09-19 13:46:12,051 [18d3f7fe-50e5-4214-a1e5-787142f90379@group-E86B211EAF54-StateMachineUpdater] INFO  impl.StateMachineUpdater (StateMachineUpdater.java:lambda$new$0(83)) - 18d3f7fe-50e5-4214-a1e5-787142f90379@group-E86B211EAF54-StateMachineUpdater: snapshotIndex: updateIncreasingly -1 -> 5
2019-09-19 13:46:12,052 [18d3f7fe-50e5-4214-a1e5-787142f90379@group-E86B211EAF54-StateMachineUpdater] INFO  ratis.ContainerStateMachine (ContainerStateMachine.java:takeSnapshot(289)) - group-E86B211EAF54: Taking a snapshot at:(t:1, i:5) file /workdir/hadoop-ozone/integration-test/target/test-dir/MiniOzoneClusterImpl-17a4d03a-fc5f-4cc1-bd65-1bc8302b6d07/datanode-5/data/ratis/fe9c9b04-8941-494f-b572-e86b211eaf54/sm/snapshot.1_5
2019-09-19 13:46:12,064 [18d3f7fe-50e5-4214-a1e5-787142f90379@group-E86B211EAF54-StateMachineUpdater] INFO  ratis.ContainerStateMachine (ContainerStateMachine.java:takeSnapshot(300)) - group-E86B211EAF54: Finished taking a snapshot at:(t:1, i:5) file:/workdir/hadoop-ozone/integration-test/target/test-dir/MiniOzoneClusterImpl-17a4d03a-fc5f-4cc1-bd65-1bc8302b6d07/datanode-5/data/ratis/fe9c9b04-8941-494f-b572-e86b211eaf54/sm/snapshot.1_5 time:12
2019-09-19 13:46:12,065 [18d3f7fe-50e5-4214-a1e5-787142f90379@group-E86B211EAF54-StateMachineUpdater] INFO  impl.StateMachineUpdater (StateMachineUpdater.java:takeSnapshot(258)) - 18d3f7fe-50e5-4214-a1e5-787142f90379@group-E86B211EAF54-StateMachineUpdater: Took a snapshot at index 5
2019-09-19 13:46:12,065 [18d3f7fe-50e5-4214-a1e5-787142f90379@group-E86B211EAF54-StateMachineUpdater] INFO  impl.StateMachineUpdater (StateMachineUpdater.java:lambda$new$0(83)) - 18d3f7fe-50e5-4214-a1e5-787142f90379@group-E86B211EAF54-StateMachineUpdater: snapshotIndex: updateIncreasingly 5 -> 5
2019-09-19 13:46:12,065 [ForkJoinPool.commonPool-worker-1] INFO  impl.RaftServerImpl (ServerState.java:close(385)) - 18d3f7fe-50e5-4214-a1e5-787142f90379@group-E86B211EAF54: closes. applyIndex: 8
2019-09-19 13:46:12,066 [18d3f7fe-50e5-4214-a1e5-787142f90379@group-E86B211EAF54-SegmentedRaftLogWorker] INFO  segmented.SegmentedRaftLogWorker (SegmentedRaftLogWorker.java:run(313)) - 18d3f7fe-50e5-4214-a1e5-787142f90379@group-E86B211EAF54-SegmentedRaftLogWorker was interrupted, exiting. There are 0 tasks remaining in the queue.
2019-09-19 13:46:12,067 [ForkJoinPool.commonPool-worker-1] INFO  segmented.SegmentedRaftLogWorker (SegmentedRaftLogWorker.java:close(228)) - 18d3f7fe-50e5-4214-a1e5-787142f90379@group-E86B211EAF54-SegmentedRaftLogWorker close()
2019-09-19 13:46:12,067 [ForkJoinPool.commonPool-worker-1] INFO  impl.RaftServerImpl (RaftServerImpl.java:lambda$shutdown$3(251)) - 18d3f7fe-50e5-4214-a1e5-787142f90379@group-B85CB3AD8371: shutdown
2019-09-19 13:46:12,068 [ForkJoinPool.commonPool-worker-1] INFO  util.JmxRegister (JmxRegister.java:unregister(73)) - Successfully un-registered JMX Bean with object name Ratis:service=RaftServer,group=group-B85CB3AD8371,id=18d3f7fe-50e5-4214-a1e5-787142f90379
2019-09-19 13:46:12,068 [ForkJoinPool.commonPool-worker-1] INFO  impl.RoleInfo (RoleInfo.java:shutdownLeaderState(104)) - 18d3f7fe-50e5-4214-a1e5-787142f90379: shutdown LeaderState
2019-09-19 13:46:12,069 [ForkJoinPool.commonPool-worker-1] INFO  impl.PendingRequests (PendingRequests.java:sendNotLeaderResponses(202)) - 18d3f7fe-50e5-4214-a1e5-787142f90379-PendingRequests: sendNotLeaderResponses
2019-09-19 13:46:12,069 [ForkJoinPool.commonPool-worker-1] INFO  impl.StateMachineUpdater (StateMachineUpdater.java:stopAndJoin(125)) - 18d3f7fe-50e5-4214-a1e5-787142f90379@group-B85CB3AD8371-StateMachineUpdater: set stopIndex = 0
2019-09-19 13:46:12,070 [ForkJoinPool.commonPool-worker-1] INFO  impl.RaftServerImpl (ServerState.java:close(385)) - 18d3f7fe-50e5-4214-a1e5-787142f90379@group-B85CB3AD8371: closes. applyIndex: 0
2019-09-19 13:46:12,070 [18d3f7fe-50e5-4214-a1e5-787142f90379@group-B85CB3AD8371-SegmentedRaftLogWorker] INFO  segmented.SegmentedRaftLogWorker (SegmentedRaftLogWorker.java:run(313)) - 18d3f7fe-50e5-4214-a1e5-787142f90379@group-B85CB3AD8371-SegmentedRaftLogWorker was interrupted, exiting. There are 0 tasks remaining in the queue.
2019-09-19 13:46:12,070 [ForkJoinPool.commonPool-worker-1] INFO  segmented.SegmentedRaftLogWorker (SegmentedRaftLogWorker.java:close(228)) - 18d3f7fe-50e5-4214-a1e5-787142f90379@group-B85CB3AD8371-SegmentedRaftLogWorker close()
2019-09-19 13:46:12,071 [ForkJoinPool.commonPool-worker-1] INFO  server.GrpcService (GrpcService.java:closeImpl(164)) - 18d3f7fe-50e5-4214-a1e5-787142f90379: shutdown server with port 32964 now
2019-09-19 13:46:12,072 [ForkJoinPool.commonPool-worker-1] INFO  server.GrpcService (GrpcService.java:closeImpl(172)) - 18d3f7fe-50e5-4214-a1e5-787142f90379: shutdown server with port 32964 successfully
2019-09-19 13:46:12,078 [refreshUsed-/workdir/hadoop-ozone/integration-test/target/test-dir/MiniOzoneClusterImpl-17a4d03a-fc5f-4cc1-bd65-1bc8302b6d07/datanode-5/data/containers] WARN  fs.CachingGetSpaceUsed (CachingGetSpaceUsed.java:run(183)) - Thread Interrupted waiting to refresh disk information: sleep interrupted
2019-09-19 13:46:12,098 [ForkJoinPool.commonPool-worker-1] INFO  utils.BackgroundService (BackgroundService.java:shutdown(148)) - Shutting down service BlockDeletingService
2019-09-19 13:46:12,101 [ForkJoinPool.commonPool-worker-1] INFO  statemachine.DatanodeStateMachine (DatanodeStateMachine.java:stopDaemon(395)) - Ozone container server stopped.
2019-09-19 13:46:12,105 [ForkJoinPool.commonPool-worker-1] INFO  handler.ContextHandler (ContextHandler.java:doStop(910)) - Stopped o.e.j.w.WebAppContext@ebda593{/,null,UNAVAILABLE}{/hddsDatanode}
2019-09-19 13:46:12,106 [ForkJoinPool.commonPool-worker-1] INFO  server.AbstractConnector (AbstractConnector.java:doStop(318)) - Stopped ServerConnector@5792c08c{HTTP/1.1,[http/1.1]}{0.0.0.0:0}
2019-09-19 13:46:12,110 [ForkJoinPool.commonPool-worker-1] INFO  handler.ContextHandler (ContextHandler.java:doStop(910)) - Stopped o.e.j.s.ServletContextHandler@79696332{/static,jar:file:/home/user/.m2/repository/org/apache/hadoop/hadoop-hdds-container-service/0.5.0-SNAPSHOT/hadoop-hdds-container-service-0.5.0-SNAPSHOT.jar!/webapps/static,UNAVAILABLE}
2019-09-19 13:46:12,110 [ForkJoinPool.commonPool-worker-1] INFO  handler.ContextHandler (ContextHandler.java:doStop(910)) - Stopped o.e.j.s.ServletContextHandler@d919544{/logs,file:///workdir/hadoop-ozone/integration-test/target/log,UNAVAILABLE}
2019-09-19 13:46:12,112 [main] INFO  ozone.MiniOzoneClusterImpl (MiniOzoneClusterImpl.java:stop(344)) - Stopping the StorageContainerManager
2019-09-19 13:46:12,112 [main] INFO  server.StorageContainerManager (StorageContainerManager.java:stop(801)) - Stopping Replication Manager Service.
2019-09-19 13:46:12,112 [main] INFO  container.ReplicationManager (ReplicationManager.java:stop(203)) - Stopping Replication Monitor Thread.
2019-09-19 13:46:12,112 [main] INFO  server.StorageContainerManager (StorageContainerManager.java:stop(808)) - Stopping Lease Manager of the command watchers
2019-09-19 13:46:12,113 [main] INFO  server.StorageContainerManager (StorageContainerManager.java:stop(815)) - Stopping datanode service RPC server
2019-09-19 13:46:12,113 [main] INFO  server.SCMDatanodeProtocolServer (SCMDatanodeProtocolServer.java:stop(367)) - Stopping the RPC server for DataNodes
2019-09-19 13:46:12,113 [main] INFO  ipc.Server (Server.java:stop(3082)) - Stopping server on 41388
2019-09-19 13:46:12,116 [IPC Server listener on 41388] INFO  ipc.Server (Server.java:run(1185)) - Stopping IPC Server listener on 41388
2019-09-19 13:46:12,116 [IPC Server Responder] INFO  ipc.Server (Server.java:run(1319)) - Stopping IPC Server Responder
2019-09-19 13:46:12,118 [SCM Heartbeat Processing Thread - 0] WARN  node.NodeStateManager (NodeStateManager.java:scheduleNextHealthCheck(646)) - Current Thread is interrupted, shutting down HB processing thread for Node Manager.
2019-09-19 13:46:12,118 [main] INFO  server.StorageContainerManager (StorageContainerManager.java:stop(823)) - Stopping block service RPC server
2019-09-19 13:46:12,118 [main] INFO  server.SCMBlockProtocolServer (SCMBlockProtocolServer.java:stop(155)) - Stopping the RPC server for Block Protocol
2019-09-19 13:46:12,118 [main] INFO  ipc.Server (Server.java:stop(3082)) - Stopping server on 45018
2019-09-19 13:46:12,120 [IPC Server listener on 45018] INFO  ipc.Server (Server.java:run(1185)) - Stopping IPC Server listener on 45018
2019-09-19 13:46:12,120 [main] INFO  server.StorageContainerManager (StorageContainerManager.java:stop(830)) - Stopping the StorageContainerLocationProtocol RPC server
2019-09-19 13:46:12,121 [IPC Server Responder] INFO  ipc.Server (Server.java:run(1319)) - Stopping IPC Server Responder
2019-09-19 13:46:12,121 [main] INFO  server.SCMClientProtocolServer (SCMClientProtocolServer.java:stop(159)) - Stopping the RPC server for Client Protocol
2019-09-19 13:46:12,122 [main] INFO  ipc.Server (Server.java:stop(3082)) - Stopping server on 35271
2019-09-19 13:46:12,124 [IPC Server listener on 35271] INFO  ipc.Server (Server.java:run(1185)) - Stopping IPC Server listener on 35271
2019-09-19 13:46:12,124 [main] INFO  server.StorageContainerManager (StorageContainerManager.java:stop(837)) - Stopping Storage Container Manager HTTP server.
2019-09-19 13:46:12,124 [IPC Server Responder] INFO  ipc.Server (Server.java:run(1319)) - Stopping IPC Server Responder
2019-09-19 13:46:12,126 [main] INFO  handler.ContextHandler (ContextHandler.java:doStop(910)) - Stopped o.e.j.w.WebAppContext@d257579{/,null,UNAVAILABLE}{/scm}
2019-09-19 13:46:12,127 [main] INFO  server.AbstractConnector (AbstractConnector.java:doStop(318)) - Stopped ServerConnector@518ddd3b{HTTP/1.1,[http/1.1]}{0.0.0.0:0}
2019-09-19 13:46:12,127 [main] INFO  handler.ContextHandler (ContextHandler.java:doStop(910)) - Stopped o.e.j.s.ServletContextHandler@668625f5{/static,file:///workdir/hadoop-ozone/integration-test/target/test-classes/webapps/static,UNAVAILABLE}
2019-09-19 13:46:12,128 [main] INFO  handler.ContextHandler (ContextHandler.java:doStop(910)) - Stopped o.e.j.s.ServletContextHandler@74d6736{/logs,file:///workdir/hadoop-ozone/integration-test/target/log,UNAVAILABLE}
2019-09-19 13:46:12,129 [main] INFO  server.StorageContainerManager (StorageContainerManager.java:stop(848)) - Stopping Block Manager Service.
2019-09-19 13:46:12,129 [main] INFO  utils.BackgroundService (BackgroundService.java:shutdown(148)) - Shutting down service SCMBlockDeletingService
2019-09-19 13:46:12,130 [main] INFO  utils.BackgroundService (BackgroundService.java:shutdown(148)) - Shutting down service SCMBlockDeletingService
2019-09-19 13:46:12,130 [main] INFO  server.StorageContainerManager (StorageContainerManager.java:stop(870)) - Stopping SCM Event Queue.
2019-09-19 13:46:12,135 [main] INFO  impl.MetricsSystemImpl (MetricsSystemImpl.java:stop(210)) - Stopping HddsDatanode metrics system...
2019-09-19 13:46:12,151 [main] INFO  impl.MetricsSystemImpl (MetricsSystemImpl.java:stop(216)) - HddsDatanode metrics system stopped.
]]></system-out>
    <system-err><![CDATA[Sep 19, 2019 1:46:01 PM org.apache.ratis.thirdparty.io.grpc.internal.SerializingExecutor run
SEVERE: Exception while executing runnable org.apache.ratis.thirdparty.io.grpc.internal.ServerImpl$JumpToApplicationThreadServerStreamListener$1Closed@1f14fc53
org.apache.ratis.thirdparty.io.grpc.StatusRuntimeException: CANCELLED: call already cancelled
	at org.apache.ratis.thirdparty.io.grpc.Status.asRuntimeException(Status.java:517)
	at org.apache.ratis.thirdparty.io.grpc.stub.ServerCalls$ServerCallStreamObserverImpl.onCompleted(ServerCalls.java:356)
	at org.apache.ratis.grpc.server.GrpcServerProtocolService$ServerRequestStreamObserver.onError(GrpcServerProtocolService.java:121)
	at org.apache.ratis.thirdparty.io.grpc.stub.ServerCalls$StreamingServerCallHandler$StreamingServerCallListener.onCancel(ServerCalls.java:269)
	at org.apache.ratis.thirdparty.io.grpc.internal.ServerCallImpl$ServerStreamListenerImpl.closed(ServerCallImpl.java:293)
	at org.apache.ratis.thirdparty.io.grpc.internal.ServerImpl$JumpToApplicationThreadServerStreamListener$1Closed.runInContext(ServerImpl.java:741)
	at org.apache.ratis.thirdparty.io.grpc.internal.ContextRunnable.run(ContextRunnable.java:37)
	at org.apache.ratis.thirdparty.io.grpc.internal.SerializingExecutor.run(SerializingExecutor.java:123)
	at java.util.concurrent.ThreadPoolExecutor.runWorker(ThreadPoolExecutor.java:1149)
	at java.util.concurrent.ThreadPoolExecutor$Worker.run(ThreadPoolExecutor.java:624)
	at java.lang.Thread.run(Thread.java:748)

]]></system-err>
  </testcase>
</testsuite>