<?xml version="1.0" encoding="UTF-8"?>
<testsuite xmlns:xsi="http://www.w3.org/2001/XMLSchema-instance" xsi:noNamespaceSchemaLocation="https://maven.apache.org/surefire/maven-surefire-plugin/xsd/surefire-test-report.xsd" name="org.apache.hadoop.ozone.client.rpc.TestBlockOutputStreamWithFailures" time="680.085" tests="8" errors="0" skipped="0" failures="1">
  <properties>
    <property name="awt.toolkit" value="sun.awt.X11.XToolkit"/>
    <property name="file.encoding.pkg" value="sun.io"/>
    <property name="java.specification.version" value="1.8"/>
    <property name="sun.cpu.isalist" value=""/>
    <property name="sun.jnu.encoding" value="UTF-8"/>
    <property name="java.class.path" value="/workdir/hadoop-ozone/integration-test/target/test-classes:/workdir/hadoop-ozone/integration-test/target/classes:/home/user/.m2/repository/org/apache/hadoop/hadoop-ozone-common/0.5.0-SNAPSHOT/hadoop-ozone-common-0.5.0-SNAPSHOT.jar:/home/user/.m2/repository/org/apache/commons/commons-compress/1.4.1/commons-compress-1.4.1.jar:/home/user/.m2/repository/org/tukaani/xz/1.0/xz-1.0.jar:/home/user/.m2/repository/org/apache/hadoop/hadoop-common/3.2.0/hadoop-common-3.2.0.jar:/home/user/.m2/repository/org/apache/hadoop/hadoop-hdfs/3.2.0/hadoop-hdfs-3.2.0.jar:/home/user/.m2/repository/org/apache/hadoop/hadoop-hdfs-client/3.2.0/hadoop-hdfs-client-3.2.0.jar:/home/user/.m2/repository/com/fasterxml/jackson/core/jackson-annotations/2.9.9/jackson-annotations-2.9.9.jar:/home/user/.m2/repository/org/apache/hadoop/hadoop-hdds-common/0.5.0-SNAPSHOT/hadoop-hdds-common-0.5.0-SNAPSHOT.jar:/home/user/.m2/repository/javax/annotation/javax.annotation-api/1.2/javax.annotation-api-1.2.jar:/home/user/.m2/repository/org/apache/ratis/ratis-server/0.4.0-78e95b9-SNAPSHOT/ratis-server-0.4.0-78e95b9-SNAPSHOT.jar:/home/user/.m2/repository/org/apache/ratis/ratis-thirdparty-misc/0.2.0/ratis-thirdparty-misc-0.2.0.jar:/home/user/.m2/repository/org/apache/ratis/ratis-proto/0.4.0-78e95b9-SNAPSHOT/ratis-proto-0.4.0-78e95b9-SNAPSHOT.jar:/home/user/.m2/repository/org/apache/ratis/ratis-common/0.4.0-78e95b9-SNAPSHOT/ratis-common-0.4.0-78e95b9-SNAPSHOT.jar:/home/user/.m2/repository/org/apache/ratis/ratis-client/0.4.0-78e95b9-SNAPSHOT/ratis-client-0.4.0-78e95b9-SNAPSHOT.jar:/home/user/.m2/repository/org/apache/ratis/ratis-metrics/0.4.0-78e95b9-SNAPSHOT/ratis-metrics-0.4.0-78e95b9-SNAPSHOT.jar:/home/user/.m2/repository/com/github/joshelser/dropwizard-metrics-hadoop-metrics2-reporter/0.1.2/dropwizard-metrics-hadoop-metrics2-reporter-0.1.2.jar:/home/user/.m2/repository/io/dropwizard/metrics/metrics-jvm/3.2.5/metrics-jvm-3.2.5.jar:/home/user/.m2/repository/io/dropwizard/metrics/metrics-ganglia/3.2.5/metrics-ganglia-3.2.5.jar:/home/user/.m2/repository/info/ganglia/gmetric4j/gmetric4j/1.0.7/gmetric4j-1.0.7.jar:/home/user/.m2/repository/org/apache/ratis/ratis-netty/0.4.0-78e95b9-SNAPSHOT/ratis-netty-0.4.0-78e95b9-SNAPSHOT.jar:/home/user/.m2/repository/org/apache/ratis/ratis-grpc/0.4.0-78e95b9-SNAPSHOT/ratis-grpc-0.4.0-78e95b9-SNAPSHOT.jar:/home/user/.m2/repository/org/rocksdb/rocksdbjni/6.0.1/rocksdbjni-6.0.1.jar:/home/user/.m2/repository/org/apache/logging/log4j/log4j-api/2.11.0/log4j-api-2.11.0.jar:/home/user/.m2/repository/org/apache/logging/log4j/log4j-core/2.11.0/log4j-core-2.11.0.jar:/home/user/.m2/repository/com/lmax/disruptor/3.4.2/disruptor-3.4.2.jar:/home/user/.m2/repository/org/apache/commons/commons-pool2/2.6.0/commons-pool2-2.6.0.jar:/home/user/.m2/repository/org/bouncycastle/bcpkix-jdk15on/1.60/bcpkix-jdk15on-1.60.jar:/home/user/.m2/repository/commons-validator/commons-validator/1.6/commons-validator-1.6.jar:/home/user/.m2/repository/commons-digester/commons-digester/1.8.1/commons-digester-1.8.1.jar:/home/user/.m2/repository/io/jaegertracing/jaeger-client/0.33.1/jaeger-client-0.33.1.jar:/home/user/.m2/repository/io/jaegertracing/jaeger-thrift/0.33.1/jaeger-thrift-0.33.1.jar:/home/user/.m2/repository/org/apache/thrift/libthrift/0.11.0/libthrift-0.11.0.jar:/home/user/.m2/repository/com/squareup/okhttp3/okhttp/3.9.0/okhttp-3.9.0.jar:/home/user/.m2/repository/com/squareup/okio/okio/1.13.0/okio-1.13.0.jar:/home/user/.m2/repository/io/jaegertracing/jaeger-core/0.33.1/jaeger-core-0.33.1.jar:/home/user/.m2/repository/io/jaegertracing/jaeger-tracerresolver/0.33.1/jaeger-tracerresolver-0.33.1.jar:/home/user/.m2/repository/io/opentracing/contrib/opentracing-tracerresolver/0.1.5/opentracing-tracerresolver-0.1.5.jar:/home/user/.m2/repository/io/opentracing/opentracing-util/0.31.0/opentracing-util-0.31.0.jar:/home/user/.m2/repository/io/opentracing/opentracing-api/0.31.0/opentracing-api-0.31.0.jar:/home/user/.m2/repository/io/opentracing/opentracing-noop/0.31.0/opentracing-noop-0.31.0.jar:/home/user/.m2/repository/org/apache/hadoop/hadoop-hdds-server-framework/0.5.0-SNAPSHOT/hadoop-hdds-server-framework-0.5.0-SNAPSHOT.jar:/home/user/.m2/repository/org/apache/hadoop/hadoop-hdds-container-service/0.5.0-SNAPSHOT/hadoop-hdds-container-service-0.5.0-SNAPSHOT.jar:/home/user/.m2/repository/org/apache/hadoop/hadoop-hdds-client/0.5.0-SNAPSHOT/hadoop-hdds-client-0.5.0-SNAPSHOT.jar:/home/user/.m2/repository/org/apache/hadoop/hadoop-hdds-tools/0.5.0-SNAPSHOT/hadoop-hdds-tools-0.5.0-SNAPSHOT.jar:/home/user/.m2/repository/org/apache/hadoop/hadoop-hdds-server-scm/0.5.0-SNAPSHOT/hadoop-hdds-server-scm-0.5.0-SNAPSHOT.jar:/home/user/.m2/repository/org/apache/hadoop/hadoop-hdds-docs/0.5.0-SNAPSHOT/hadoop-hdds-docs-0.5.0-SNAPSHOT.jar:/home/user/.m2/repository/io/dropwizard/metrics/metrics-core/3.2.4/metrics-core-3.2.4.jar:/home/user/.m2/repository/org/hamcrest/hamcrest-all/1.3/hamcrest-all-1.3.jar:/home/user/.m2/repository/org/bouncycastle/bcprov-jdk15on/1.60/bcprov-jdk15on-1.60.jar:/home/user/.m2/repository/info/picocli/picocli/3.9.6/picocli-3.9.6.jar:/home/user/.m2/repository/com/google/protobuf/protobuf-java/2.5.0/protobuf-java-2.5.0.jar:/home/user/.m2/repository/com/google/guava/guava/11.0.2/guava-11.0.2.jar:/home/user/.m2/repository/org/apache/hadoop/hadoop-ozone-ozone-manager/0.5.0-SNAPSHOT/hadoop-ozone-ozone-manager-0.5.0-SNAPSHOT.jar:/home/user/.m2/repository/org/apache/hadoop/hadoop-minikdc/3.2.0/hadoop-minikdc-3.2.0.jar:/home/user/.m2/repository/commons-io/commons-io/2.5/commons-io-2.5.jar:/home/user/.m2/repository/org/apache/kerby/kerb-simplekdc/1.0.1/kerb-simplekdc-1.0.1.jar:/home/user/.m2/repository/org/apache/kerby/kerb-client/1.0.1/kerb-client-1.0.1.jar:/home/user/.m2/repository/org/apache/kerby/kerby-config/1.0.1/kerby-config-1.0.1.jar:/home/user/.m2/repository/org/apache/kerby/kerb-core/1.0.1/kerb-core-1.0.1.jar:/home/user/.m2/repository/org/apache/kerby/kerby-pkix/1.0.1/kerby-pkix-1.0.1.jar:/home/user/.m2/repository/org/apache/kerby/kerby-asn1/1.0.1/kerby-asn1-1.0.1.jar:/home/user/.m2/repository/org/apache/kerby/kerby-util/1.0.1/kerby-util-1.0.1.jar:/home/user/.m2/repository/org/apache/kerby/kerb-common/1.0.1/kerb-common-1.0.1.jar:/home/user/.m2/repository/org/apache/kerby/kerb-crypto/1.0.1/kerb-crypto-1.0.1.jar:/home/user/.m2/repository/org/apache/kerby/kerb-util/1.0.1/kerb-util-1.0.1.jar:/home/user/.m2/repository/org/apache/kerby/token-provider/1.0.1/token-provider-1.0.1.jar:/home/user/.m2/repository/org/apache/kerby/kerb-admin/1.0.1/kerb-admin-1.0.1.jar:/home/user/.m2/repository/org/apache/kerby/kerb-server/1.0.1/kerb-server-1.0.1.jar:/home/user/.m2/repository/org/apache/kerby/kerb-identity/1.0.1/kerb-identity-1.0.1.jar:/home/user/.m2/repository/org/apache/kerby/kerby-xdr/1.0.1/kerby-xdr-1.0.1.jar:/home/user/.m2/repository/org/slf4j/slf4j-log4j12/1.7.25/slf4j-log4j12-1.7.25.jar:/home/user/.m2/repository/org/apache/hadoop/hadoop-ozone-s3gateway/0.5.0-SNAPSHOT/hadoop-ozone-s3gateway-0.5.0-SNAPSHOT.jar:/home/user/.m2/repository/org/jboss/weld/servlet/weld-servlet/2.4.7.Final/weld-servlet-2.4.7.Final.jar:/home/user/.m2/repository/org/glassfish/jersey/containers/jersey-container-servlet-core/2.27/jersey-container-servlet-core-2.27.jar:/home/user/.m2/repository/org/glassfish/hk2/external/javax.inject/2.5.0-b42/javax.inject-2.5.0-b42.jar:/home/user/.m2/repository/org/glassfish/jersey/core/jersey-common/2.27/jersey-common-2.27.jar:/home/user/.m2/repository/org/glassfish/hk2/osgi-resource-locator/1.0.1/osgi-resource-locator-1.0.1.jar:/home/user/.m2/repository/javax/ws/rs/javax.ws.rs-api/2.1/javax.ws.rs-api-2.1.jar:/home/user/.m2/repository/org/glassfish/jersey/ext/cdi/jersey-cdi1x/2.27/jersey-cdi1x-2.27.jar:/home/user/.m2/repository/org/glassfish/jersey/inject/jersey-hk2/2.27/jersey-hk2-2.27.jar:/home/user/.m2/repository/org/glassfish/hk2/hk2-locator/2.5.0-b42/hk2-locator-2.5.0-b42.jar:/home/user/.m2/repository/org/javassist/javassist/3.22.0-CR2/javassist-3.22.0-CR2.jar:/home/user/.m2/repository/org/glassfish/hk2/hk2-api/2.5.0/hk2-api-2.5.0.jar:/home/user/.m2/repository/org/glassfish/hk2/external/jakarta.inject/2.5.0/jakarta.inject-2.5.0.jar:/home/user/.m2/repository/org/glassfish/hk2/hk2-utils/2.5.0/hk2-utils-2.5.0.jar:/home/user/.m2/repository/jakarta/annotation/jakarta.annotation-api/1.3.4/jakarta.annotation-api-1.3.4.jar:/home/user/.m2/repository/org/glassfish/hk2/external/aopalliance-repackaged/2.5.0/aopalliance-repackaged-2.5.0.jar:/home/user/.m2/repository/com/fasterxml/jackson/dataformat/jackson-dataformat-xml/2.9.0/jackson-dataformat-xml-2.9.0.jar:/home/user/.m2/repository/com/fasterxml/jackson/core/jackson-core/2.9.9/jackson-core-2.9.9.jar:/home/user/.m2/repository/com/fasterxml/jackson/module/jackson-module-jaxb-annotations/2.9.9/jackson-module-jaxb-annotations-2.9.9.jar:/home/user/.m2/repository/javax/enterprise/cdi-api/1.2/cdi-api-1.2.jar:/home/user/.m2/repository/javax/el/javax.el-api/3.0.0/javax.el-api-3.0.0.jar:/home/user/.m2/repository/javax/interceptor/javax.interceptor-api/1.2/javax.interceptor-api-1.2.jar:/home/user/.m2/repository/javax/inject/javax.inject/1/javax.inject-1.jar:/home/user/.m2/repository/com/sun/xml/bind/jaxb-impl/2.3.0.1/jaxb-impl-2.3.0.1.jar:/home/user/.m2/repository/com/sun/xml/bind/jaxb-core/2.3.0.1/jaxb-core-2.3.0.1.jar:/home/user/.m2/repository/javax/xml/bind/jaxb-api/2.3.0/jaxb-api-2.3.0.jar:/home/user/.m2/repository/javax/activation/activation/1.1.1/activation-1.1.1.jar:/home/user/.m2/repository/org/apache/hadoop/hadoop-ozone-csi/0.5.0-SNAPSHOT/hadoop-ozone-csi-0.5.0-SNAPSHOT.jar:/home/user/.m2/repository/com/google/protobuf/protobuf-java-util/3.5.1/protobuf-java-util-3.5.1.jar:/home/user/.m2/repository/org/apache/hadoop/hadoop-hdds-config/0.5.0-SNAPSHOT/hadoop-hdds-config-0.5.0-SNAPSHOT.jar:/home/user/.m2/repository/io/grpc/grpc-netty/1.17.1/grpc-netty-1.17.1.jar:/home/user/.m2/repository/io/grpc/grpc-core/1.17.1/grpc-core-1.17.1.jar:/home/user/.m2/repository/io/grpc/grpc-context/1.17.1/grpc-context-1.17.1.jar:/home/user/.m2/repository/com/google/errorprone/error_prone_annotations/2.2.0/error_prone_annotations-2.2.0.jar:/home/user/.m2/repository/org/codehaus/mojo/animal-sniffer-annotations/1.17/animal-sniffer-annotations-1.17.jar:/home/user/.m2/repository/io/opencensus/opencensus-api/0.17.0/opencensus-api-0.17.0.jar:/home/user/.m2/repository/io/opencensus/opencensus-contrib-grpc-metrics/0.17.0/opencensus-contrib-grpc-metrics-0.17.0.jar:/home/user/.m2/repository/io/netty/netty-codec-http2/4.1.30.Final/netty-codec-http2-4.1.30.Final.jar:/home/user/.m2/repository/io/netty/netty-codec-http/4.1.30.Final/netty-codec-http-4.1.30.Final.jar:/home/user/.m2/repository/io/netty/netty-codec/4.1.30.Final/netty-codec-4.1.30.Final.jar:/home/user/.m2/repository/io/netty/netty-handler/4.1.30.Final/netty-handler-4.1.30.Final.jar:/home/user/.m2/repository/io/netty/netty-handler-proxy/4.1.30.Final/netty-handler-proxy-4.1.30.Final.jar:/home/user/.m2/repository/io/netty/netty-codec-socks/4.1.30.Final/netty-codec-socks-4.1.30.Final.jar:/home/user/.m2/repository/io/netty/netty-transport-native-epoll/4.1.30.Final/netty-transport-native-epoll-4.1.30.Final.jar:/home/user/.m2/repository/io/netty/netty-common/4.1.30.Final/netty-common-4.1.30.Final.jar:/home/user/.m2/repository/io/netty/netty-buffer/4.1.30.Final/netty-buffer-4.1.30.Final.jar:/home/user/.m2/repository/io/netty/netty-transport/4.1.30.Final/netty-transport-4.1.30.Final.jar:/home/user/.m2/repository/io/netty/netty-resolver/4.1.30.Final/netty-resolver-4.1.30.Final.jar:/home/user/.m2/repository/io/netty/netty-transport-native-unix-common/4.1.30.Final/netty-transport-native-unix-common-4.1.30.Final.jar:/home/user/.m2/repository/io/grpc/grpc-protobuf/1.17.1/grpc-protobuf-1.17.1.jar:/home/user/.m2/repository/com/google/api/grpc/proto-google-common-protos/1.0.0/proto-google-common-protos-1.0.0.jar:/home/user/.m2/repository/io/grpc/grpc-protobuf-lite/1.17.1/grpc-protobuf-lite-1.17.1.jar:/home/user/.m2/repository/io/grpc/grpc-stub/1.17.1/grpc-stub-1.17.1.jar:/home/user/.m2/repository/org/apache/hadoop/hadoop-ozone-recon/0.5.0-SNAPSHOT/hadoop-ozone-recon-0.5.0-SNAPSHOT.jar:/home/user/.m2/repository/org/apache/hadoop/hadoop-ozone-reconcodegen/0.5.0-SNAPSHOT/hadoop-ozone-reconcodegen-0.5.0-SNAPSHOT.jar:/home/user/.m2/repository/com/google/inject/extensions/guice-multibindings/4.0/guice-multibindings-4.0.jar:/home/user/.m2/repository/com/google/inject/guice/4.0/guice-4.0.jar:/home/user/.m2/repository/aopalliance/aopalliance/1.0/aopalliance-1.0.jar:/home/user/.m2/repository/com/google/inject/extensions/guice-servlet/4.0/guice-servlet-4.0.jar:/home/user/.m2/repository/org/glassfish/jersey/containers/jersey-container-servlet/2.27/jersey-container-servlet-2.27.jar:/home/user/.m2/repository/org/glassfish/hk2/guice-bridge/2.5.0/guice-bridge-2.5.0.jar:/home/user/.m2/repository/org/glassfish/jersey/core/jersey-server/2.27/jersey-server-2.27.jar:/home/user/.m2/repository/org/glassfish/jersey/core/jersey-client/2.27/jersey-client-2.27.jar:/home/user/.m2/repository/org/glassfish/jersey/media/jersey-media-jaxb/2.27/jersey-media-jaxb-2.27.jar:/home/user/.m2/repository/javax/validation/validation-api/1.1.0.Final/validation-api-1.1.0.Final.jar:/home/user/.m2/repository/org/glassfish/jersey/media/jersey-media-json-jackson/2.27/jersey-media-json-jackson-2.27.jar:/home/user/.m2/repository/org/glassfish/jersey/ext/jersey-entity-filtering/2.27/jersey-entity-filtering-2.27.jar:/home/user/.m2/repository/com/google/inject/extensions/guice-assistedinject/4.0/guice-assistedinject-4.0.jar:/home/user/.m2/repository/org/jooq/jooq/3.11.10/jooq-3.11.10.jar:/home/user/.m2/repository/org/jooq/jooq-meta/3.11.10/jooq-meta-3.11.10.jar:/home/user/.m2/repository/org/jooq/jooq-codegen/3.11.10/jooq-codegen-3.11.10.jar:/home/user/.m2/repository/com/jolbox/bonecp/0.8.0.RELEASE/bonecp-0.8.0.RELEASE.jar:/home/user/.m2/repository/org/xerial/sqlite-jdbc/3.25.2/sqlite-jdbc-3.25.2.jar:/home/user/.m2/repository/org/springframework/spring-jdbc/5.1.3.RELEASE/spring-jdbc-5.1.3.RELEASE.jar:/home/user/.m2/repository/org/springframework/spring-beans/5.1.3.RELEASE/spring-beans-5.1.3.RELEASE.jar:/home/user/.m2/repository/org/springframework/spring-core/5.1.3.RELEASE/spring-core-5.1.3.RELEASE.jar:/home/user/.m2/repository/org/springframework/spring-jcl/5.1.3.RELEASE/spring-jcl-5.1.3.RELEASE.jar:/home/user/.m2/repository/org/springframework/spring-tx/5.1.3.RELEASE/spring-tx-5.1.3.RELEASE.jar:/home/user/.m2/repository/org/apache/hadoop/hadoop-ozone-client/0.5.0-SNAPSHOT/hadoop-ozone-client-0.5.0-SNAPSHOT.jar:/home/user/.m2/repository/commons-lang/commons-lang/2.6/commons-lang-2.6.jar:/home/user/.m2/repository/org/apache/hadoop/hadoop-ozone-ozone-manager/0.5.0-SNAPSHOT/hadoop-ozone-ozone-manager-0.5.0-SNAPSHOT-tests.jar:/home/user/.m2/repository/junit/junit/4.11/junit-4.11.jar:/home/user/.m2/repository/org/hamcrest/hamcrest-core/1.3/hamcrest-core-1.3.jar:/home/user/.m2/repository/org/openjdk/jmh/jmh-core/1.19/jmh-core-1.19.jar:/home/user/.m2/repository/net/sf/jopt-simple/jopt-simple/4.6/jopt-simple-4.6.jar:/home/user/.m2/repository/org/apache/commons/commons-math3/3.1.1/commons-math3-3.1.1.jar:/home/user/.m2/repository/org/openjdk/jmh/jmh-generator-annprocess/1.19/jmh-generator-annprocess-1.19.jar:/home/user/.m2/repository/org/mockito/mockito-all/1.8.5/mockito-all-1.8.5.jar:/home/user/.m2/repository/org/apache/hadoop/hadoop-kms/3.2.0/hadoop-kms-3.2.0.jar:/home/user/.m2/repository/org/apache/hadoop/hadoop-auth/3.2.0/hadoop-auth-3.2.0.jar:/home/user/.m2/repository/com/nimbusds/nimbus-jose-jwt/4.41.1/nimbus-jose-jwt-4.41.1.jar:/home/user/.m2/repository/com/github/stephenc/jcip/jcip-annotations/1.0-1/jcip-annotations-1.0-1.jar:/home/user/.m2/repository/net/minidev/json-smart/2.3/json-smart-2.3.jar:/home/user/.m2/repository/net/minidev/accessors-smart/1.2/accessors-smart-1.2.jar:/home/user/.m2/repository/org/ow2/asm/asm/5.0.4/asm-5.0.4.jar:/home/user/.m2/repository/org/apache/curator/curator-framework/2.12.0/curator-framework-2.12.0.jar:/home/user/.m2/repository/com/sun/jersey/jersey-core/1.19/jersey-core-1.19.jar:/home/user/.m2/repository/javax/ws/rs/jsr311-api/1.1.1/jsr311-api-1.1.1.jar:/home/user/.m2/repository/com/sun/jersey/jersey-server/1.19/jersey-server-1.19.jar:/home/user/.m2/repository/javax/servlet/javax.servlet-api/3.1.0/javax.servlet-api-3.1.0.jar:/home/user/.m2/repository/org/eclipse/jetty/jetty-server/9.3.24.v20180605/jetty-server-9.3.24.v20180605.jar:/home/user/.m2/repository/org/eclipse/jetty/jetty-http/9.3.24.v20180605/jetty-http-9.3.24.v20180605.jar:/home/user/.m2/repository/org/eclipse/jetty/jetty-io/9.3.24.v20180605/jetty-io-9.3.24.v20180605.jar:/home/user/.m2/repository/org/eclipse/jetty/jetty-webapp/9.3.24.v20180605/jetty-webapp-9.3.24.v20180605.jar:/home/user/.m2/repository/org/eclipse/jetty/jetty-xml/9.3.24.v20180605/jetty-xml-9.3.24.v20180605.jar:/home/user/.m2/repository/log4j/log4j/1.2.17/log4j-1.2.17.jar:/home/user/.m2/repository/org/slf4j/slf4j-api/1.7.25/slf4j-api-1.7.25.jar:/home/user/.m2/repository/org/slf4j/jul-to-slf4j/1.7.25/jul-to-slf4j-1.7.25.jar:/home/user/.m2/repository/org/eclipse/jetty/jetty-util/9.3.24.v20180605/jetty-util-9.3.24.v20180605.jar:/home/user/.m2/repository/com/fasterxml/jackson/core/jackson-databind/2.9.9/jackson-databind-2.9.9.jar:/home/user/.m2/repository/org/apache/hadoop/hadoop-kms/3.2.0/hadoop-kms-3.2.0-tests.jar:/home/user/.m2/repository/org/apache/hadoop/hadoop-hdds-server-scm/0.5.0-SNAPSHOT/hadoop-hdds-server-scm-0.5.0-SNAPSHOT-tests.jar:/home/user/.m2/repository/org/apache/hadoop/hadoop-hdds-container-service/0.5.0-SNAPSHOT/hadoop-hdds-container-service-0.5.0-SNAPSHOT-tests.jar:/home/user/.m2/repository/org/yaml/snakeyaml/1.16/snakeyaml-1.16.jar:/home/user/.m2/repository/org/apache/hadoop/hadoop-common/3.2.0/hadoop-common-3.2.0-tests.jar:/home/user/.m2/repository/org/apache/hadoop/hadoop-annotations/3.2.0/hadoop-annotations-3.2.0.jar:/usr/lib/jvm/java-1.8-openjdk/jre/../lib/tools.jar:/home/user/.m2/repository/commons-cli/commons-cli/1.2/commons-cli-1.2.jar:/home/user/.m2/repository/org/apache/httpcomponents/httpclient/4.5.2/httpclient-4.5.2.jar:/home/user/.m2/repository/org/apache/httpcomponents/httpcore/4.4.4/httpcore-4.4.4.jar:/home/user/.m2/repository/commons-codec/commons-codec/1.11/commons-codec-1.11.jar:/home/user/.m2/repository/commons-net/commons-net/3.6/commons-net-3.6.jar:/home/user/.m2/repository/commons-collections/commons-collections/3.2.2/commons-collections-3.2.2.jar:/home/user/.m2/repository/org/eclipse/jetty/jetty-servlet/9.3.24.v20180605/jetty-servlet-9.3.24.v20180605.jar:/home/user/.m2/repository/org/eclipse/jetty/jetty-security/9.3.24.v20180605/jetty-security-9.3.24.v20180605.jar:/home/user/.m2/repository/javax/servlet/jsp/jsp-api/2.1/jsp-api-2.1.jar:/home/user/.m2/repository/com/sun/jersey/jersey-servlet/1.19/jersey-servlet-1.19.jar:/home/user/.m2/repository/com/sun/jersey/jersey-json/1.19/jersey-json-1.19.jar:/home/user/.m2/repository/org/codehaus/jettison/jettison/1.1/jettison-1.1.jar:/home/user/.m2/repository/org/codehaus/jackson/jackson-core-asl/1.9.13/jackson-core-asl-1.9.13.jar:/home/user/.m2/repository/org/codehaus/jackson/jackson-mapper-asl/1.9.13/jackson-mapper-asl-1.9.13.jar:/home/user/.m2/repository/org/codehaus/jackson/jackson-jaxrs/1.9.13/jackson-jaxrs-1.9.13.jar:/home/user/.m2/repository/org/codehaus/jackson/jackson-xc/1.9.13/jackson-xc-1.9.13.jar:/home/user/.m2/repository/commons-logging/commons-logging/1.1.3/commons-logging-1.1.3.jar:/home/user/.m2/repository/commons-beanutils/commons-beanutils/1.9.4/commons-beanutils-1.9.4.jar:/home/user/.m2/repository/org/apache/commons/commons-configuration2/2.1.1/commons-configuration2-2.1.1.jar:/home/user/.m2/repository/org/apache/commons/commons-lang3/3.7/commons-lang3-3.7.jar:/home/user/.m2/repository/org/apache/commons/commons-text/1.4/commons-text-1.4.jar:/home/user/.m2/repository/org/apache/avro/avro/1.7.7/avro-1.7.7.jar:/home/user/.m2/repository/com/thoughtworks/paranamer/paranamer/2.3/paranamer-2.3.jar:/home/user/.m2/repository/org/xerial/snappy/snappy-java/1.0.5/snappy-java-1.0.5.jar:/home/user/.m2/repository/com/google/re2j/re2j/1.1/re2j-1.1.jar:/home/user/.m2/repository/com/google/code/gson/gson/2.2.4/gson-2.2.4.jar:/home/user/.m2/repository/com/jcraft/jsch/0.1.54/jsch-0.1.54.jar:/home/user/.m2/repository/org/apache/curator/curator-client/2.12.0/curator-client-2.12.0.jar:/home/user/.m2/repository/org/apache/curator/curator-recipes/2.12.0/curator-recipes-2.12.0.jar:/home/user/.m2/repository/com/google/code/findbugs/jsr305/3.0.0/jsr305-3.0.0.jar:/home/user/.m2/repository/org/apache/htrace/htrace-core4/4.1.0-incubating/htrace-core4-4.1.0-incubating.jar:/home/user/.m2/repository/org/apache/zookeeper/zookeeper/3.4.13/zookeeper-3.4.13.jar:/home/user/.m2/repository/org/apache/yetus/audience-annotations/0.5.0/audience-annotations-0.5.0.jar:/home/user/.m2/repository/org/codehaus/woodstox/stax2-api/3.1.4/stax2-api-3.1.4.jar:/home/user/.m2/repository/com/fasterxml/woodstox/woodstox-core/5.0.3/woodstox-core-5.0.3.jar:/home/user/.m2/repository/dnsjava/dnsjava/2.1.7/dnsjava-2.1.7.jar:/home/user/.m2/repository/org/apache/hadoop/hadoop-hdfs/3.2.0/hadoop-hdfs-3.2.0-tests.jar:/home/user/.m2/repository/org/eclipse/jetty/jetty-util-ajax/9.3.24.v20180605/jetty-util-ajax-9.3.24.v20180605.jar:/home/user/.m2/repository/commons-daemon/commons-daemon/1.0.13/commons-daemon-1.0.13.jar:/home/user/.m2/repository/io/netty/netty/3.10.5.Final/netty-3.10.5.Final.jar:/home/user/.m2/repository/io/netty/netty-all/4.0.52.Final/netty-all-4.0.52.Final.jar:/home/user/.m2/repository/org/fusesource/leveldbjni/leveldbjni-all/1.8/leveldbjni-all-1.8.jar:"/>
    <property name="java.vm.vendor" value="IcedTea"/>
    <property name="sun.arch.data.model" value="64"/>
    <property name="test.build.dir" value="/workdir/hadoop-ozone/integration-test/target/test-dir"/>
    <property name="test.cache.data" value=""/>
    <property name="java.vendor.url" value="https://icedtea.classpath.org"/>
    <property name="user.timezone" value=""/>
    <property name="java.vm.specification.version" value="1.8"/>
    <property name="os.name" value="Linux"/>
    <property name="test.build.data" value="/workdir/hadoop-ozone/integration-test/target/test-dir"/>
    <property name="user.country" value="US"/>
    <property name="sun.java.launcher" value="SUN_STANDARD"/>
    <property name="sun.boot.library.path" value="/usr/lib/jvm/java-1.8-openjdk/jre/lib/amd64"/>
    <property name="sun.java.command" value="/workdir/hadoop-ozone/integration-test/target/surefire/surefirebooter3503739001896227467.jar /workdir/hadoop-ozone/integration-test/target/surefire 2019-09-19T13-35-15_190-jvmRun1 surefire769093139543780408tmp surefire_164555484950866528985tmp"/>
    <property name="test" value="!TestMiniChaosOzoneCluster"/>
    <property name="surefire.test.class.path" value="/workdir/hadoop-ozone/integration-test/target/test-classes:/workdir/hadoop-ozone/integration-test/target/classes:/home/user/.m2/repository/org/apache/hadoop/hadoop-ozone-common/0.5.0-SNAPSHOT/hadoop-ozone-common-0.5.0-SNAPSHOT.jar:/home/user/.m2/repository/org/apache/commons/commons-compress/1.4.1/commons-compress-1.4.1.jar:/home/user/.m2/repository/org/tukaani/xz/1.0/xz-1.0.jar:/home/user/.m2/repository/org/apache/hadoop/hadoop-common/3.2.0/hadoop-common-3.2.0.jar:/home/user/.m2/repository/org/apache/hadoop/hadoop-hdfs/3.2.0/hadoop-hdfs-3.2.0.jar:/home/user/.m2/repository/org/apache/hadoop/hadoop-hdfs-client/3.2.0/hadoop-hdfs-client-3.2.0.jar:/home/user/.m2/repository/com/fasterxml/jackson/core/jackson-annotations/2.9.9/jackson-annotations-2.9.9.jar:/home/user/.m2/repository/org/apache/hadoop/hadoop-hdds-common/0.5.0-SNAPSHOT/hadoop-hdds-common-0.5.0-SNAPSHOT.jar:/home/user/.m2/repository/javax/annotation/javax.annotation-api/1.2/javax.annotation-api-1.2.jar:/home/user/.m2/repository/org/apache/ratis/ratis-server/0.4.0-78e95b9-SNAPSHOT/ratis-server-0.4.0-78e95b9-SNAPSHOT.jar:/home/user/.m2/repository/org/apache/ratis/ratis-thirdparty-misc/0.2.0/ratis-thirdparty-misc-0.2.0.jar:/home/user/.m2/repository/org/apache/ratis/ratis-proto/0.4.0-78e95b9-SNAPSHOT/ratis-proto-0.4.0-78e95b9-SNAPSHOT.jar:/home/user/.m2/repository/org/apache/ratis/ratis-common/0.4.0-78e95b9-SNAPSHOT/ratis-common-0.4.0-78e95b9-SNAPSHOT.jar:/home/user/.m2/repository/org/apache/ratis/ratis-client/0.4.0-78e95b9-SNAPSHOT/ratis-client-0.4.0-78e95b9-SNAPSHOT.jar:/home/user/.m2/repository/org/apache/ratis/ratis-metrics/0.4.0-78e95b9-SNAPSHOT/ratis-metrics-0.4.0-78e95b9-SNAPSHOT.jar:/home/user/.m2/repository/com/github/joshelser/dropwizard-metrics-hadoop-metrics2-reporter/0.1.2/dropwizard-metrics-hadoop-metrics2-reporter-0.1.2.jar:/home/user/.m2/repository/io/dropwizard/metrics/metrics-jvm/3.2.5/metrics-jvm-3.2.5.jar:/home/user/.m2/repository/io/dropwizard/metrics/metrics-ganglia/3.2.5/metrics-ganglia-3.2.5.jar:/home/user/.m2/repository/info/ganglia/gmetric4j/gmetric4j/1.0.7/gmetric4j-1.0.7.jar:/home/user/.m2/repository/org/apache/ratis/ratis-netty/0.4.0-78e95b9-SNAPSHOT/ratis-netty-0.4.0-78e95b9-SNAPSHOT.jar:/home/user/.m2/repository/org/apache/ratis/ratis-grpc/0.4.0-78e95b9-SNAPSHOT/ratis-grpc-0.4.0-78e95b9-SNAPSHOT.jar:/home/user/.m2/repository/org/rocksdb/rocksdbjni/6.0.1/rocksdbjni-6.0.1.jar:/home/user/.m2/repository/org/apache/logging/log4j/log4j-api/2.11.0/log4j-api-2.11.0.jar:/home/user/.m2/repository/org/apache/logging/log4j/log4j-core/2.11.0/log4j-core-2.11.0.jar:/home/user/.m2/repository/com/lmax/disruptor/3.4.2/disruptor-3.4.2.jar:/home/user/.m2/repository/org/apache/commons/commons-pool2/2.6.0/commons-pool2-2.6.0.jar:/home/user/.m2/repository/org/bouncycastle/bcpkix-jdk15on/1.60/bcpkix-jdk15on-1.60.jar:/home/user/.m2/repository/commons-validator/commons-validator/1.6/commons-validator-1.6.jar:/home/user/.m2/repository/commons-digester/commons-digester/1.8.1/commons-digester-1.8.1.jar:/home/user/.m2/repository/io/jaegertracing/jaeger-client/0.33.1/jaeger-client-0.33.1.jar:/home/user/.m2/repository/io/jaegertracing/jaeger-thrift/0.33.1/jaeger-thrift-0.33.1.jar:/home/user/.m2/repository/org/apache/thrift/libthrift/0.11.0/libthrift-0.11.0.jar:/home/user/.m2/repository/com/squareup/okhttp3/okhttp/3.9.0/okhttp-3.9.0.jar:/home/user/.m2/repository/com/squareup/okio/okio/1.13.0/okio-1.13.0.jar:/home/user/.m2/repository/io/jaegertracing/jaeger-core/0.33.1/jaeger-core-0.33.1.jar:/home/user/.m2/repository/io/jaegertracing/jaeger-tracerresolver/0.33.1/jaeger-tracerresolver-0.33.1.jar:/home/user/.m2/repository/io/opentracing/contrib/opentracing-tracerresolver/0.1.5/opentracing-tracerresolver-0.1.5.jar:/home/user/.m2/repository/io/opentracing/opentracing-util/0.31.0/opentracing-util-0.31.0.jar:/home/user/.m2/repository/io/opentracing/opentracing-api/0.31.0/opentracing-api-0.31.0.jar:/home/user/.m2/repository/io/opentracing/opentracing-noop/0.31.0/opentracing-noop-0.31.0.jar:/home/user/.m2/repository/org/apache/hadoop/hadoop-hdds-server-framework/0.5.0-SNAPSHOT/hadoop-hdds-server-framework-0.5.0-SNAPSHOT.jar:/home/user/.m2/repository/org/apache/hadoop/hadoop-hdds-container-service/0.5.0-SNAPSHOT/hadoop-hdds-container-service-0.5.0-SNAPSHOT.jar:/home/user/.m2/repository/org/apache/hadoop/hadoop-hdds-client/0.5.0-SNAPSHOT/hadoop-hdds-client-0.5.0-SNAPSHOT.jar:/home/user/.m2/repository/org/apache/hadoop/hadoop-hdds-tools/0.5.0-SNAPSHOT/hadoop-hdds-tools-0.5.0-SNAPSHOT.jar:/home/user/.m2/repository/org/apache/hadoop/hadoop-hdds-server-scm/0.5.0-SNAPSHOT/hadoop-hdds-server-scm-0.5.0-SNAPSHOT.jar:/home/user/.m2/repository/org/apache/hadoop/hadoop-hdds-docs/0.5.0-SNAPSHOT/hadoop-hdds-docs-0.5.0-SNAPSHOT.jar:/home/user/.m2/repository/io/dropwizard/metrics/metrics-core/3.2.4/metrics-core-3.2.4.jar:/home/user/.m2/repository/org/hamcrest/hamcrest-all/1.3/hamcrest-all-1.3.jar:/home/user/.m2/repository/org/bouncycastle/bcprov-jdk15on/1.60/bcprov-jdk15on-1.60.jar:/home/user/.m2/repository/info/picocli/picocli/3.9.6/picocli-3.9.6.jar:/home/user/.m2/repository/com/google/protobuf/protobuf-java/2.5.0/protobuf-java-2.5.0.jar:/home/user/.m2/repository/com/google/guava/guava/11.0.2/guava-11.0.2.jar:/home/user/.m2/repository/org/apache/hadoop/hadoop-ozone-ozone-manager/0.5.0-SNAPSHOT/hadoop-ozone-ozone-manager-0.5.0-SNAPSHOT.jar:/home/user/.m2/repository/org/apache/hadoop/hadoop-minikdc/3.2.0/hadoop-minikdc-3.2.0.jar:/home/user/.m2/repository/commons-io/commons-io/2.5/commons-io-2.5.jar:/home/user/.m2/repository/org/apache/kerby/kerb-simplekdc/1.0.1/kerb-simplekdc-1.0.1.jar:/home/user/.m2/repository/org/apache/kerby/kerb-client/1.0.1/kerb-client-1.0.1.jar:/home/user/.m2/repository/org/apache/kerby/kerby-config/1.0.1/kerby-config-1.0.1.jar:/home/user/.m2/repository/org/apache/kerby/kerb-core/1.0.1/kerb-core-1.0.1.jar:/home/user/.m2/repository/org/apache/kerby/kerby-pkix/1.0.1/kerby-pkix-1.0.1.jar:/home/user/.m2/repository/org/apache/kerby/kerby-asn1/1.0.1/kerby-asn1-1.0.1.jar:/home/user/.m2/repository/org/apache/kerby/kerby-util/1.0.1/kerby-util-1.0.1.jar:/home/user/.m2/repository/org/apache/kerby/kerb-common/1.0.1/kerb-common-1.0.1.jar:/home/user/.m2/repository/org/apache/kerby/kerb-crypto/1.0.1/kerb-crypto-1.0.1.jar:/home/user/.m2/repository/org/apache/kerby/kerb-util/1.0.1/kerb-util-1.0.1.jar:/home/user/.m2/repository/org/apache/kerby/token-provider/1.0.1/token-provider-1.0.1.jar:/home/user/.m2/repository/org/apache/kerby/kerb-admin/1.0.1/kerb-admin-1.0.1.jar:/home/user/.m2/repository/org/apache/kerby/kerb-server/1.0.1/kerb-server-1.0.1.jar:/home/user/.m2/repository/org/apache/kerby/kerb-identity/1.0.1/kerb-identity-1.0.1.jar:/home/user/.m2/repository/org/apache/kerby/kerby-xdr/1.0.1/kerby-xdr-1.0.1.jar:/home/user/.m2/repository/org/slf4j/slf4j-log4j12/1.7.25/slf4j-log4j12-1.7.25.jar:/home/user/.m2/repository/org/apache/hadoop/hadoop-ozone-s3gateway/0.5.0-SNAPSHOT/hadoop-ozone-s3gateway-0.5.0-SNAPSHOT.jar:/home/user/.m2/repository/org/jboss/weld/servlet/weld-servlet/2.4.7.Final/weld-servlet-2.4.7.Final.jar:/home/user/.m2/repository/org/glassfish/jersey/containers/jersey-container-servlet-core/2.27/jersey-container-servlet-core-2.27.jar:/home/user/.m2/repository/org/glassfish/hk2/external/javax.inject/2.5.0-b42/javax.inject-2.5.0-b42.jar:/home/user/.m2/repository/org/glassfish/jersey/core/jersey-common/2.27/jersey-common-2.27.jar:/home/user/.m2/repository/org/glassfish/hk2/osgi-resource-locator/1.0.1/osgi-resource-locator-1.0.1.jar:/home/user/.m2/repository/javax/ws/rs/javax.ws.rs-api/2.1/javax.ws.rs-api-2.1.jar:/home/user/.m2/repository/org/glassfish/jersey/ext/cdi/jersey-cdi1x/2.27/jersey-cdi1x-2.27.jar:/home/user/.m2/repository/org/glassfish/jersey/inject/jersey-hk2/2.27/jersey-hk2-2.27.jar:/home/user/.m2/repository/org/glassfish/hk2/hk2-locator/2.5.0-b42/hk2-locator-2.5.0-b42.jar:/home/user/.m2/repository/org/javassist/javassist/3.22.0-CR2/javassist-3.22.0-CR2.jar:/home/user/.m2/repository/org/glassfish/hk2/hk2-api/2.5.0/hk2-api-2.5.0.jar:/home/user/.m2/repository/org/glassfish/hk2/external/jakarta.inject/2.5.0/jakarta.inject-2.5.0.jar:/home/user/.m2/repository/org/glassfish/hk2/hk2-utils/2.5.0/hk2-utils-2.5.0.jar:/home/user/.m2/repository/jakarta/annotation/jakarta.annotation-api/1.3.4/jakarta.annotation-api-1.3.4.jar:/home/user/.m2/repository/org/glassfish/hk2/external/aopalliance-repackaged/2.5.0/aopalliance-repackaged-2.5.0.jar:/home/user/.m2/repository/com/fasterxml/jackson/dataformat/jackson-dataformat-xml/2.9.0/jackson-dataformat-xml-2.9.0.jar:/home/user/.m2/repository/com/fasterxml/jackson/core/jackson-core/2.9.9/jackson-core-2.9.9.jar:/home/user/.m2/repository/com/fasterxml/jackson/module/jackson-module-jaxb-annotations/2.9.9/jackson-module-jaxb-annotations-2.9.9.jar:/home/user/.m2/repository/javax/enterprise/cdi-api/1.2/cdi-api-1.2.jar:/home/user/.m2/repository/javax/el/javax.el-api/3.0.0/javax.el-api-3.0.0.jar:/home/user/.m2/repository/javax/interceptor/javax.interceptor-api/1.2/javax.interceptor-api-1.2.jar:/home/user/.m2/repository/javax/inject/javax.inject/1/javax.inject-1.jar:/home/user/.m2/repository/com/sun/xml/bind/jaxb-impl/2.3.0.1/jaxb-impl-2.3.0.1.jar:/home/user/.m2/repository/com/sun/xml/bind/jaxb-core/2.3.0.1/jaxb-core-2.3.0.1.jar:/home/user/.m2/repository/javax/xml/bind/jaxb-api/2.3.0/jaxb-api-2.3.0.jar:/home/user/.m2/repository/javax/activation/activation/1.1.1/activation-1.1.1.jar:/home/user/.m2/repository/org/apache/hadoop/hadoop-ozone-csi/0.5.0-SNAPSHOT/hadoop-ozone-csi-0.5.0-SNAPSHOT.jar:/home/user/.m2/repository/com/google/protobuf/protobuf-java-util/3.5.1/protobuf-java-util-3.5.1.jar:/home/user/.m2/repository/org/apache/hadoop/hadoop-hdds-config/0.5.0-SNAPSHOT/hadoop-hdds-config-0.5.0-SNAPSHOT.jar:/home/user/.m2/repository/io/grpc/grpc-netty/1.17.1/grpc-netty-1.17.1.jar:/home/user/.m2/repository/io/grpc/grpc-core/1.17.1/grpc-core-1.17.1.jar:/home/user/.m2/repository/io/grpc/grpc-context/1.17.1/grpc-context-1.17.1.jar:/home/user/.m2/repository/com/google/errorprone/error_prone_annotations/2.2.0/error_prone_annotations-2.2.0.jar:/home/user/.m2/repository/org/codehaus/mojo/animal-sniffer-annotations/1.17/animal-sniffer-annotations-1.17.jar:/home/user/.m2/repository/io/opencensus/opencensus-api/0.17.0/opencensus-api-0.17.0.jar:/home/user/.m2/repository/io/opencensus/opencensus-contrib-grpc-metrics/0.17.0/opencensus-contrib-grpc-metrics-0.17.0.jar:/home/user/.m2/repository/io/netty/netty-codec-http2/4.1.30.Final/netty-codec-http2-4.1.30.Final.jar:/home/user/.m2/repository/io/netty/netty-codec-http/4.1.30.Final/netty-codec-http-4.1.30.Final.jar:/home/user/.m2/repository/io/netty/netty-codec/4.1.30.Final/netty-codec-4.1.30.Final.jar:/home/user/.m2/repository/io/netty/netty-handler/4.1.30.Final/netty-handler-4.1.30.Final.jar:/home/user/.m2/repository/io/netty/netty-handler-proxy/4.1.30.Final/netty-handler-proxy-4.1.30.Final.jar:/home/user/.m2/repository/io/netty/netty-codec-socks/4.1.30.Final/netty-codec-socks-4.1.30.Final.jar:/home/user/.m2/repository/io/netty/netty-transport-native-epoll/4.1.30.Final/netty-transport-native-epoll-4.1.30.Final.jar:/home/user/.m2/repository/io/netty/netty-common/4.1.30.Final/netty-common-4.1.30.Final.jar:/home/user/.m2/repository/io/netty/netty-buffer/4.1.30.Final/netty-buffer-4.1.30.Final.jar:/home/user/.m2/repository/io/netty/netty-transport/4.1.30.Final/netty-transport-4.1.30.Final.jar:/home/user/.m2/repository/io/netty/netty-resolver/4.1.30.Final/netty-resolver-4.1.30.Final.jar:/home/user/.m2/repository/io/netty/netty-transport-native-unix-common/4.1.30.Final/netty-transport-native-unix-common-4.1.30.Final.jar:/home/user/.m2/repository/io/grpc/grpc-protobuf/1.17.1/grpc-protobuf-1.17.1.jar:/home/user/.m2/repository/com/google/api/grpc/proto-google-common-protos/1.0.0/proto-google-common-protos-1.0.0.jar:/home/user/.m2/repository/io/grpc/grpc-protobuf-lite/1.17.1/grpc-protobuf-lite-1.17.1.jar:/home/user/.m2/repository/io/grpc/grpc-stub/1.17.1/grpc-stub-1.17.1.jar:/home/user/.m2/repository/org/apache/hadoop/hadoop-ozone-recon/0.5.0-SNAPSHOT/hadoop-ozone-recon-0.5.0-SNAPSHOT.jar:/home/user/.m2/repository/org/apache/hadoop/hadoop-ozone-reconcodegen/0.5.0-SNAPSHOT/hadoop-ozone-reconcodegen-0.5.0-SNAPSHOT.jar:/home/user/.m2/repository/com/google/inject/extensions/guice-multibindings/4.0/guice-multibindings-4.0.jar:/home/user/.m2/repository/com/google/inject/guice/4.0/guice-4.0.jar:/home/user/.m2/repository/aopalliance/aopalliance/1.0/aopalliance-1.0.jar:/home/user/.m2/repository/com/google/inject/extensions/guice-servlet/4.0/guice-servlet-4.0.jar:/home/user/.m2/repository/org/glassfish/jersey/containers/jersey-container-servlet/2.27/jersey-container-servlet-2.27.jar:/home/user/.m2/repository/org/glassfish/hk2/guice-bridge/2.5.0/guice-bridge-2.5.0.jar:/home/user/.m2/repository/org/glassfish/jersey/core/jersey-server/2.27/jersey-server-2.27.jar:/home/user/.m2/repository/org/glassfish/jersey/core/jersey-client/2.27/jersey-client-2.27.jar:/home/user/.m2/repository/org/glassfish/jersey/media/jersey-media-jaxb/2.27/jersey-media-jaxb-2.27.jar:/home/user/.m2/repository/javax/validation/validation-api/1.1.0.Final/validation-api-1.1.0.Final.jar:/home/user/.m2/repository/org/glassfish/jersey/media/jersey-media-json-jackson/2.27/jersey-media-json-jackson-2.27.jar:/home/user/.m2/repository/org/glassfish/jersey/ext/jersey-entity-filtering/2.27/jersey-entity-filtering-2.27.jar:/home/user/.m2/repository/com/google/inject/extensions/guice-assistedinject/4.0/guice-assistedinject-4.0.jar:/home/user/.m2/repository/org/jooq/jooq/3.11.10/jooq-3.11.10.jar:/home/user/.m2/repository/org/jooq/jooq-meta/3.11.10/jooq-meta-3.11.10.jar:/home/user/.m2/repository/org/jooq/jooq-codegen/3.11.10/jooq-codegen-3.11.10.jar:/home/user/.m2/repository/com/jolbox/bonecp/0.8.0.RELEASE/bonecp-0.8.0.RELEASE.jar:/home/user/.m2/repository/org/xerial/sqlite-jdbc/3.25.2/sqlite-jdbc-3.25.2.jar:/home/user/.m2/repository/org/springframework/spring-jdbc/5.1.3.RELEASE/spring-jdbc-5.1.3.RELEASE.jar:/home/user/.m2/repository/org/springframework/spring-beans/5.1.3.RELEASE/spring-beans-5.1.3.RELEASE.jar:/home/user/.m2/repository/org/springframework/spring-core/5.1.3.RELEASE/spring-core-5.1.3.RELEASE.jar:/home/user/.m2/repository/org/springframework/spring-jcl/5.1.3.RELEASE/spring-jcl-5.1.3.RELEASE.jar:/home/user/.m2/repository/org/springframework/spring-tx/5.1.3.RELEASE/spring-tx-5.1.3.RELEASE.jar:/home/user/.m2/repository/org/apache/hadoop/hadoop-ozone-client/0.5.0-SNAPSHOT/hadoop-ozone-client-0.5.0-SNAPSHOT.jar:/home/user/.m2/repository/commons-lang/commons-lang/2.6/commons-lang-2.6.jar:/home/user/.m2/repository/org/apache/hadoop/hadoop-ozone-ozone-manager/0.5.0-SNAPSHOT/hadoop-ozone-ozone-manager-0.5.0-SNAPSHOT-tests.jar:/home/user/.m2/repository/junit/junit/4.11/junit-4.11.jar:/home/user/.m2/repository/org/hamcrest/hamcrest-core/1.3/hamcrest-core-1.3.jar:/home/user/.m2/repository/org/openjdk/jmh/jmh-core/1.19/jmh-core-1.19.jar:/home/user/.m2/repository/net/sf/jopt-simple/jopt-simple/4.6/jopt-simple-4.6.jar:/home/user/.m2/repository/org/apache/commons/commons-math3/3.1.1/commons-math3-3.1.1.jar:/home/user/.m2/repository/org/openjdk/jmh/jmh-generator-annprocess/1.19/jmh-generator-annprocess-1.19.jar:/home/user/.m2/repository/org/mockito/mockito-all/1.8.5/mockito-all-1.8.5.jar:/home/user/.m2/repository/org/apache/hadoop/hadoop-kms/3.2.0/hadoop-kms-3.2.0.jar:/home/user/.m2/repository/org/apache/hadoop/hadoop-auth/3.2.0/hadoop-auth-3.2.0.jar:/home/user/.m2/repository/com/nimbusds/nimbus-jose-jwt/4.41.1/nimbus-jose-jwt-4.41.1.jar:/home/user/.m2/repository/com/github/stephenc/jcip/jcip-annotations/1.0-1/jcip-annotations-1.0-1.jar:/home/user/.m2/repository/net/minidev/json-smart/2.3/json-smart-2.3.jar:/home/user/.m2/repository/net/minidev/accessors-smart/1.2/accessors-smart-1.2.jar:/home/user/.m2/repository/org/ow2/asm/asm/5.0.4/asm-5.0.4.jar:/home/user/.m2/repository/org/apache/curator/curator-framework/2.12.0/curator-framework-2.12.0.jar:/home/user/.m2/repository/com/sun/jersey/jersey-core/1.19/jersey-core-1.19.jar:/home/user/.m2/repository/javax/ws/rs/jsr311-api/1.1.1/jsr311-api-1.1.1.jar:/home/user/.m2/repository/com/sun/jersey/jersey-server/1.19/jersey-server-1.19.jar:/home/user/.m2/repository/javax/servlet/javax.servlet-api/3.1.0/javax.servlet-api-3.1.0.jar:/home/user/.m2/repository/org/eclipse/jetty/jetty-server/9.3.24.v20180605/jetty-server-9.3.24.v20180605.jar:/home/user/.m2/repository/org/eclipse/jetty/jetty-http/9.3.24.v20180605/jetty-http-9.3.24.v20180605.jar:/home/user/.m2/repository/org/eclipse/jetty/jetty-io/9.3.24.v20180605/jetty-io-9.3.24.v20180605.jar:/home/user/.m2/repository/org/eclipse/jetty/jetty-webapp/9.3.24.v20180605/jetty-webapp-9.3.24.v20180605.jar:/home/user/.m2/repository/org/eclipse/jetty/jetty-xml/9.3.24.v20180605/jetty-xml-9.3.24.v20180605.jar:/home/user/.m2/repository/log4j/log4j/1.2.17/log4j-1.2.17.jar:/home/user/.m2/repository/org/slf4j/slf4j-api/1.7.25/slf4j-api-1.7.25.jar:/home/user/.m2/repository/org/slf4j/jul-to-slf4j/1.7.25/jul-to-slf4j-1.7.25.jar:/home/user/.m2/repository/org/eclipse/jetty/jetty-util/9.3.24.v20180605/jetty-util-9.3.24.v20180605.jar:/home/user/.m2/repository/com/fasterxml/jackson/core/jackson-databind/2.9.9/jackson-databind-2.9.9.jar:/home/user/.m2/repository/org/apache/hadoop/hadoop-kms/3.2.0/hadoop-kms-3.2.0-tests.jar:/home/user/.m2/repository/org/apache/hadoop/hadoop-hdds-server-scm/0.5.0-SNAPSHOT/hadoop-hdds-server-scm-0.5.0-SNAPSHOT-tests.jar:/home/user/.m2/repository/org/apache/hadoop/hadoop-hdds-container-service/0.5.0-SNAPSHOT/hadoop-hdds-container-service-0.5.0-SNAPSHOT-tests.jar:/home/user/.m2/repository/org/yaml/snakeyaml/1.16/snakeyaml-1.16.jar:/home/user/.m2/repository/org/apache/hadoop/hadoop-common/3.2.0/hadoop-common-3.2.0-tests.jar:/home/user/.m2/repository/org/apache/hadoop/hadoop-annotations/3.2.0/hadoop-annotations-3.2.0.jar:/usr/lib/jvm/java-1.8-openjdk/jre/../lib/tools.jar:/home/user/.m2/repository/commons-cli/commons-cli/1.2/commons-cli-1.2.jar:/home/user/.m2/repository/org/apache/httpcomponents/httpclient/4.5.2/httpclient-4.5.2.jar:/home/user/.m2/repository/org/apache/httpcomponents/httpcore/4.4.4/httpcore-4.4.4.jar:/home/user/.m2/repository/commons-codec/commons-codec/1.11/commons-codec-1.11.jar:/home/user/.m2/repository/commons-net/commons-net/3.6/commons-net-3.6.jar:/home/user/.m2/repository/commons-collections/commons-collections/3.2.2/commons-collections-3.2.2.jar:/home/user/.m2/repository/org/eclipse/jetty/jetty-servlet/9.3.24.v20180605/jetty-servlet-9.3.24.v20180605.jar:/home/user/.m2/repository/org/eclipse/jetty/jetty-security/9.3.24.v20180605/jetty-security-9.3.24.v20180605.jar:/home/user/.m2/repository/javax/servlet/jsp/jsp-api/2.1/jsp-api-2.1.jar:/home/user/.m2/repository/com/sun/jersey/jersey-servlet/1.19/jersey-servlet-1.19.jar:/home/user/.m2/repository/com/sun/jersey/jersey-json/1.19/jersey-json-1.19.jar:/home/user/.m2/repository/org/codehaus/jettison/jettison/1.1/jettison-1.1.jar:/home/user/.m2/repository/org/codehaus/jackson/jackson-core-asl/1.9.13/jackson-core-asl-1.9.13.jar:/home/user/.m2/repository/org/codehaus/jackson/jackson-mapper-asl/1.9.13/jackson-mapper-asl-1.9.13.jar:/home/user/.m2/repository/org/codehaus/jackson/jackson-jaxrs/1.9.13/jackson-jaxrs-1.9.13.jar:/home/user/.m2/repository/org/codehaus/jackson/jackson-xc/1.9.13/jackson-xc-1.9.13.jar:/home/user/.m2/repository/commons-logging/commons-logging/1.1.3/commons-logging-1.1.3.jar:/home/user/.m2/repository/commons-beanutils/commons-beanutils/1.9.4/commons-beanutils-1.9.4.jar:/home/user/.m2/repository/org/apache/commons/commons-configuration2/2.1.1/commons-configuration2-2.1.1.jar:/home/user/.m2/repository/org/apache/commons/commons-lang3/3.7/commons-lang3-3.7.jar:/home/user/.m2/repository/org/apache/commons/commons-text/1.4/commons-text-1.4.jar:/home/user/.m2/repository/org/apache/avro/avro/1.7.7/avro-1.7.7.jar:/home/user/.m2/repository/com/thoughtworks/paranamer/paranamer/2.3/paranamer-2.3.jar:/home/user/.m2/repository/org/xerial/snappy/snappy-java/1.0.5/snappy-java-1.0.5.jar:/home/user/.m2/repository/com/google/re2j/re2j/1.1/re2j-1.1.jar:/home/user/.m2/repository/com/google/code/gson/gson/2.2.4/gson-2.2.4.jar:/home/user/.m2/repository/com/jcraft/jsch/0.1.54/jsch-0.1.54.jar:/home/user/.m2/repository/org/apache/curator/curator-client/2.12.0/curator-client-2.12.0.jar:/home/user/.m2/repository/org/apache/curator/curator-recipes/2.12.0/curator-recipes-2.12.0.jar:/home/user/.m2/repository/com/google/code/findbugs/jsr305/3.0.0/jsr305-3.0.0.jar:/home/user/.m2/repository/org/apache/htrace/htrace-core4/4.1.0-incubating/htrace-core4-4.1.0-incubating.jar:/home/user/.m2/repository/org/apache/zookeeper/zookeeper/3.4.13/zookeeper-3.4.13.jar:/home/user/.m2/repository/org/apache/yetus/audience-annotations/0.5.0/audience-annotations-0.5.0.jar:/home/user/.m2/repository/org/codehaus/woodstox/stax2-api/3.1.4/stax2-api-3.1.4.jar:/home/user/.m2/repository/com/fasterxml/woodstox/woodstox-core/5.0.3/woodstox-core-5.0.3.jar:/home/user/.m2/repository/dnsjava/dnsjava/2.1.7/dnsjava-2.1.7.jar:/home/user/.m2/repository/org/apache/hadoop/hadoop-hdfs/3.2.0/hadoop-hdfs-3.2.0-tests.jar:/home/user/.m2/repository/org/eclipse/jetty/jetty-util-ajax/9.3.24.v20180605/jetty-util-ajax-9.3.24.v20180605.jar:/home/user/.m2/repository/commons-daemon/commons-daemon/1.0.13/commons-daemon-1.0.13.jar:/home/user/.m2/repository/io/netty/netty/3.10.5.Final/netty-3.10.5.Final.jar:/home/user/.m2/repository/io/netty/netty-all/4.0.52.Final/netty-all-4.0.52.Final.jar:/home/user/.m2/repository/org/fusesource/leveldbjni/leveldbjni-all/1.8/leveldbjni-all-1.8.jar:"/>
    <property name="sun.cpu.endian" value="little"/>
    <property name="user.home" value="/home/user"/>
    <property name="user.language" value="en"/>
    <property name="java.specification.vendor" value="Oracle Corporation"/>
    <property name="java.home" value="/usr/lib/jvm/java-1.8-openjdk/jre"/>
    <property name="java.security.krb5.conf" value="/workdir/hadoop-ozone/integration-test/target/test-classes/krb5.conf"/>
    <property name="basedir" value="/workdir/hadoop-ozone/integration-test"/>
    <property name="file.separator" value="/"/>
    <property name="line.separator" value="&#10;"/>
    <property name="java.vm.specification.vendor" value="Oracle Corporation"/>
    <property name="java.specification.name" value="Java Platform API Specification"/>
    <property name="java.awt.graphicsenv" value="sun.awt.X11GraphicsEnvironment"/>
    <property name="surefire.real.class.path" value="/workdir/hadoop-ozone/integration-test/target/surefire/surefirebooter3503739001896227467.jar"/>
    <property name="hadoop.log.dir" value="/workdir/hadoop-ozone/integration-test/target/log"/>
    <property name="sun.boot.class.path" value="/usr/lib/jvm/java-1.8-openjdk/jre/lib/resources.jar:/usr/lib/jvm/java-1.8-openjdk/jre/lib/rt.jar:/usr/lib/jvm/java-1.8-openjdk/jre/lib/sunrsasign.jar:/usr/lib/jvm/java-1.8-openjdk/jre/lib/jsse.jar:/usr/lib/jvm/java-1.8-openjdk/jre/lib/jce.jar:/usr/lib/jvm/java-1.8-openjdk/jre/lib/charsets.jar:/usr/lib/jvm/java-1.8-openjdk/jre/lib/jfr.jar:/usr/lib/jvm/java-1.8-openjdk/jre/classes"/>
    <property name="sun.management.compiler" value="HotSpot 64-Bit Tiered Compilers"/>
    <property name="java.runtime.version" value="1.8.0_212-b04"/>
    <property name="java.net.preferIPv4Stack" value="true"/>
    <property name="user.name" value="jenkins1000"/>
    <property name="path.separator" value=":"/>
    <property name="java.security.egd" value="file:///dev/urandom"/>
    <property name="os.version" value="3.10.0-957.12.2.el7.x86_64"/>
    <property name="java.endorsed.dirs" value="/usr/lib/jvm/java-1.8-openjdk/jre/lib/endorsed"/>
    <property name="java.runtime.name" value="OpenJDK Runtime Environment"/>
    <property name="file.encoding" value="UTF-8"/>
    <property name="java.vm.name" value="OpenJDK 64-Bit Server VM"/>
    <property name="test.build.webapps" value=""/>
    <property name="localRepository" value="/home/user/.m2/repository"/>
    <property name="java.vendor.url.bug" value="https://icedtea.classpath.org/bugzilla"/>
    <property name="java.io.tmpdir" value="/tmp"/>
    <property name="require.test.libhadoop" value=""/>
    <property name="java.version" value="1.8.0_212"/>
    <property name="user.dir" value="/workdir/hadoop-ozone/integration-test"/>
    <property name="os.arch" value="amd64"/>
    <property name="java.vm.specification.name" value="Java Virtual Machine Specification"/>
    <property name="test.build.classes" value="/workdir/hadoop-ozone/integration-test/target/test-classes"/>
    <property name="java.awt.printerjob" value="sun.print.PSPrinterJob"/>
    <property name="sun.os.patch.level" value="unknown"/>
    <property name="hadoop.tmp.dir" value="/workdir/hadoop-ozone/integration-test/target/tmp"/>
    <property name="java.library.path" value="/usr/lib/jvm/java-1.8-openjdk/jre/lib/amd64/server:/usr/lib/jvm/java-1.8-openjdk/jre/lib/amd64:/usr/lib/jvm/java-1.8-openjdk/jre/../lib/amd64:/workdir/hadoop-ozone/integration-test/target/native/target/usr/local/lib:/workdir/hadoop-ozone/integration-test/../../hadoop-common-project/hadoop-common/target/native/target/usr/local/lib:/usr/java/packages/lib/amd64:/usr/lib64:/lib64:/lib:/usr/lib"/>
    <property name="java.vm.info" value="mixed mode"/>
    <property name="java.vendor" value="IcedTea"/>
    <property name="java.vm.version" value="25.212-b04"/>
    <property name="java.ext.dirs" value="/usr/lib/jvm/java-1.8-openjdk/jre/lib/ext:/usr/java/packages/lib/ext"/>
    <property name="sun.io.unicode.encoding" value="UnicodeLittle"/>
    <property name="java.class.version" value="52.0"/>
  </properties>
  <testcase name="test2DatanodesFailure" classname="org.apache.hadoop.ozone.client.rpc.TestBlockOutputStreamWithFailures" time="44.165"/>
  <testcase name="testDatanodeFailureWithPreAllocation" classname="org.apache.hadoop.ozone.client.rpc.TestBlockOutputStreamWithFailures" time="223.159"/>
  <testcase name="testDatanodeFailureWithSingleNodeRatis" classname="org.apache.hadoop.ozone.client.rpc.TestBlockOutputStreamWithFailures" time="222.392"/>
  <testcase name="testWatchForCommitWithSingleNodeRatis" classname="org.apache.hadoop.ozone.client.rpc.TestBlockOutputStreamWithFailures" time="34.828"/>
  <testcase name="testWatchForCommitDatanodeFailure" classname="org.apache.hadoop.ozone.client.rpc.TestBlockOutputStreamWithFailures" time="42.702">
    <failure message="expected:&lt;60&gt; but was:&lt;64&gt;" type="java.lang.AssertionError"><![CDATA[java.lang.AssertionError: expected:<60> but was:<64>
	at org.junit.Assert.fail(Assert.java:88)
	at org.junit.Assert.failNotEquals(Assert.java:743)
	at org.junit.Assert.assertEquals(Assert.java:118)
	at org.junit.Assert.assertEquals(Assert.java:555)
	at org.junit.Assert.assertEquals(Assert.java:542)
	at org.apache.hadoop.ozone.client.rpc.TestBlockOutputStreamWithFailures.testWatchForCommitDatanodeFailure(TestBlockOutputStreamWithFailures.java:292)
	at sun.reflect.NativeMethodAccessorImpl.invoke0(Native Method)
	at sun.reflect.NativeMethodAccessorImpl.invoke(NativeMethodAccessorImpl.java:62)
	at sun.reflect.DelegatingMethodAccessorImpl.invoke(DelegatingMethodAccessorImpl.java:43)
	at java.lang.reflect.Method.invoke(Method.java:498)
	at org.junit.runners.model.FrameworkMethod$1.runReflectiveCall(FrameworkMethod.java:47)
	at org.junit.internal.runners.model.ReflectiveCallable.run(ReflectiveCallable.java:12)
	at org.junit.runners.model.FrameworkMethod.invokeExplosively(FrameworkMethod.java:44)
	at org.junit.internal.runners.statements.InvokeMethod.evaluate(InvokeMethod.java:17)
	at org.junit.internal.runners.statements.RunBefores.evaluate(RunBefores.java:26)
	at org.junit.internal.runners.statements.RunAfters.evaluate(RunAfters.java:27)
	at org.junit.runners.ParentRunner.runLeaf(ParentRunner.java:271)
	at org.junit.runners.BlockJUnit4ClassRunner.runChild(BlockJUnit4ClassRunner.java:70)
	at org.junit.runners.BlockJUnit4ClassRunner.runChild(BlockJUnit4ClassRunner.java:50)
	at org.junit.runners.ParentRunner$3.run(ParentRunner.java:238)
	at org.junit.runners.ParentRunner$1.schedule(ParentRunner.java:63)
	at org.junit.runners.ParentRunner.runChildren(ParentRunner.java:236)
	at org.junit.runners.ParentRunner.access$000(ParentRunner.java:53)
	at org.junit.runners.ParentRunner$2.evaluate(ParentRunner.java:229)
	at org.junit.runners.ParentRunner.run(ParentRunner.java:309)
	at org.apache.maven.surefire.junit4.JUnit4Provider.execute(JUnit4Provider.java:365)
	at org.apache.maven.surefire.junit4.JUnit4Provider.executeWithRerun(JUnit4Provider.java:273)
	at org.apache.maven.surefire.junit4.JUnit4Provider.executeTestSet(JUnit4Provider.java:238)
	at org.apache.maven.surefire.junit4.JUnit4Provider.invoke(JUnit4Provider.java:159)
	at org.apache.maven.surefire.booter.ForkedBooter.invokeProviderInSameClassLoader(ForkedBooter.java:384)
	at org.apache.maven.surefire.booter.ForkedBooter.runSuitesInProcess(ForkedBooter.java:345)
	at org.apache.maven.surefire.booter.ForkedBooter.execute(ForkedBooter.java:126)
	at org.apache.maven.surefire.booter.ForkedBooter.main(ForkedBooter.java:418)
]]></failure>
    <system-out><![CDATA[2019-09-19 13:57:31,660 [main] WARN  server.ServerUtils (ServerUtils.java:getScmDbDir(145)) - ozone.scm.db.dirs is not configured. We recommend adding this setting. Falling back to ozone.metadata.dirs instead.
2019-09-19 13:57:31,676 [main] WARN  server.ServerUtils (ServerUtils.java:getScmDbDir(145)) - ozone.scm.db.dirs is not configured. We recommend adding this setting. Falling back to ozone.metadata.dirs instead.
2019-09-19 13:57:31,677 [main] WARN  server.ServerUtils (ServerUtils.java:getScmDbDir(145)) - ozone.scm.db.dirs is not configured. We recommend adding this setting. Falling back to ozone.metadata.dirs instead.
2019-09-19 13:57:31,677 [main] INFO  db.DBStoreBuilder (DBStoreBuilder.java:addTable(110)) - using custom profile for table: deletedBlocks
2019-09-19 13:57:31,677 [main] INFO  db.DBStoreBuilder (DBStoreBuilder.java:processTables(161)) - Using default column profile:DBProfile.DISK for Table:deletedBlocks
2019-09-19 13:57:31,678 [main] INFO  db.DBStoreBuilder (DBStoreBuilder.java:addTable(110)) - using custom profile for table: validCerts
2019-09-19 13:57:31,678 [main] INFO  db.DBStoreBuilder (DBStoreBuilder.java:processTables(161)) - Using default column profile:DBProfile.DISK for Table:validCerts
2019-09-19 13:57:31,678 [main] INFO  db.DBStoreBuilder (DBStoreBuilder.java:addTable(110)) - using custom profile for table: revokedCerts
2019-09-19 13:57:31,678 [main] INFO  db.DBStoreBuilder (DBStoreBuilder.java:processTables(161)) - Using default column profile:DBProfile.DISK for Table:revokedCerts
2019-09-19 13:57:31,678 [main] INFO  db.DBStoreBuilder (DBStoreBuilder.java:addTable(110)) - using custom profile for table: default
2019-09-19 13:57:31,678 [main] INFO  db.DBStoreBuilder (DBStoreBuilder.java:processTables(167)) - Using default column profile:DBProfile.DISK for Table:default
2019-09-19 13:57:31,679 [main] INFO  db.DBStoreBuilder (DBStoreBuilder.java:getDbProfile(198)) - Using default options. DBProfile.DISK
2019-09-19 13:57:31,920 [main] INFO  net.NodeSchemaLoader (NodeSchemaLoader.java:loadSchemaFromFile(125)) - Loading file from sun.misc.CompoundEnumeration@6a567f7b
2019-09-19 13:57:31,920 [main] INFO  net.NodeSchemaLoader (NodeSchemaLoader.java:loadSchema(171)) - Loading network topology layer schema file
2019-09-19 13:57:31,926 [main] INFO  node.SCMNodeManager (SCMNodeManager.java:<init>(114)) - Entering startup safe mode.
2019-09-19 13:57:31,927 [main] INFO  algorithms.ContainerPlacementPolicyFactory (ContainerPlacementPolicyFactory.java:getPolicy(57)) - Create container placement policy of type org.apache.hadoop.hdds.scm.container.placement.algorithms.SCMContainerPlacementRandom
2019-09-19 13:57:31,927 [main] WARN  server.ServerUtils (ServerUtils.java:getScmDbDir(145)) - ozone.scm.db.dirs is not configured. We recommend adding this setting. Falling back to ozone.metadata.dirs instead.
2019-09-19 13:57:32,027 [main] INFO  pipeline.SCMPipelineManager (SCMPipelineManager.java:initializePipelineState(128)) - No pipeline exists in current db
2019-09-19 13:57:32,027 [main] WARN  server.ServerUtils (ServerUtils.java:getScmDbDir(145)) - ozone.scm.db.dirs is not configured. We recommend adding this setting. Falling back to ozone.metadata.dirs instead.
2019-09-19 13:57:32,095 [main] WARN  events.EventQueue (EventQueue.java:fireEvent(183)) - No event handler registered for event TypedEvent{payloadType=SafeModeStatus, name='SafeModeStatus'}
2019-09-19 13:57:32,096 [main] INFO  ipc.CallQueueManager (CallQueueManager.java:<init>(84)) - Using callQueue: class java.util.concurrent.LinkedBlockingQueue, queueCapacity: 2000, scheduler: class org.apache.hadoop.ipc.DefaultRpcScheduler, ipcBackoff: false.
2019-09-19 13:57:32,098 [Socket Reader #1 for port 36951] INFO  ipc.Server (Server.java:run(1074)) - Starting Socket Reader #1 for port 36951
2019-09-19 13:57:32,100 [main] INFO  ipc.CallQueueManager (CallQueueManager.java:<init>(84)) - Using callQueue: class java.util.concurrent.LinkedBlockingQueue, queueCapacity: 2000, scheduler: class org.apache.hadoop.ipc.DefaultRpcScheduler, ipcBackoff: false.
2019-09-19 13:57:32,100 [Socket Reader #1 for port 37845] INFO  ipc.Server (Server.java:run(1074)) - Starting Socket Reader #1 for port 37845
2019-09-19 13:57:32,102 [main] INFO  ipc.CallQueueManager (CallQueueManager.java:<init>(84)) - Using callQueue: class java.util.concurrent.LinkedBlockingQueue, queueCapacity: 2000, scheduler: class org.apache.hadoop.ipc.DefaultRpcScheduler, ipcBackoff: false.
2019-09-19 13:57:32,103 [Socket Reader #1 for port 33952] INFO  ipc.Server (Server.java:run(1074)) - Starting Socket Reader #1 for port 33952
2019-09-19 13:57:32,105 [main] INFO  hdfs.DFSUtil (DFSUtil.java:httpServerTemplateForNNAndJN(1641)) - Starting Web-server for scm at: http://0.0.0.0:0
2019-09-19 13:57:32,107 [main] INFO  server.AuthenticationFilter (AuthenticationFilter.java:constructSecretProvider(240)) - Unable to initialize FileSignerSecretProvider, falling back to use random secrets.
2019-09-19 13:57:32,107 [main] WARN  http.HttpRequestLog (HttpRequestLog.java:getRequestLog(97)) - Jetty request log can only be enabled using Log4j
2019-09-19 13:57:32,109 [main] INFO  http.HttpServer2 (HttpServer2.java:addGlobalFilter(975)) - Added global filter 'safety' (class=org.apache.hadoop.http.HttpServer2$QuotingInputFilter)
2019-09-19 13:57:32,110 [main] INFO  http.HttpServer2 (HttpServer2.java:addFilter(948)) - Added filter static_user_filter (class=org.apache.hadoop.http.lib.StaticUserWebFilter$StaticUserFilter) to context scm
2019-09-19 13:57:32,110 [main] INFO  http.HttpServer2 (HttpServer2.java:addFilter(958)) - Added filter static_user_filter (class=org.apache.hadoop.http.lib.StaticUserWebFilter$StaticUserFilter) to context static
2019-09-19 13:57:32,110 [main] INFO  http.HttpServer2 (HttpServer2.java:addFilter(958)) - Added filter static_user_filter (class=org.apache.hadoop.http.lib.StaticUserWebFilter$StaticUserFilter) to context logs
2019-09-19 13:57:32,112 [main] INFO  server.StorageContainerManager (StorageContainerManager.java:start(763)) - StorageContainerLocationProtocol RPC server is listening at /0.0.0.0:33952
2019-09-19 13:57:32,115 [main] WARN  impl.MetricsConfig (MetricsConfig.java:loadFirst(134)) - Cannot locate configuration: tried hadoop-metrics2-storagecontainermanager.properties,hadoop-metrics2.properties
2019-09-19 13:57:32,116 [main] INFO  impl.MetricsSystemImpl (MetricsSystemImpl.java:startTimer(374)) - Scheduled Metric snapshot period at 10 second(s).
2019-09-19 13:57:32,116 [main] INFO  impl.MetricsSystemImpl (MetricsSystemImpl.java:start(191)) - StorageContainerManager metrics system started
2019-09-19 13:57:32,161 [main] WARN  impl.MetricsSystemImpl (MetricsSystemImpl.java:register(276)) - Sink prometheus already exists!
2019-09-19 13:57:32,241 [main] INFO  server.SCMClientProtocolServer (SCMClientProtocolServer.java:start(151)) - RPC server for Client  is listening at /0.0.0.0:33952
2019-09-19 13:57:32,241 [IPC Server Responder] INFO  ipc.Server (Server.java:run(1314)) - IPC Server Responder: starting
2019-09-19 13:57:32,241 [IPC Server listener on 33952] INFO  ipc.Server (Server.java:run(1153)) - IPC Server listener on 33952: starting
2019-09-19 13:57:32,245 [main] INFO  server.StorageContainerManager (StorageContainerManager.java:start(773)) - ScmBlockLocationProtocol RPC server is listening at /0.0.0.0:37845
2019-09-19 13:57:32,245 [main] INFO  server.SCMBlockProtocolServer (SCMBlockProtocolServer.java:start(146)) - RPC server for Block Protocol is listening at /0.0.0.0:37845
2019-09-19 13:57:32,246 [IPC Server Responder] INFO  ipc.Server (Server.java:run(1314)) - IPC Server Responder: starting
2019-09-19 13:57:32,246 [IPC Server listener on 37845] INFO  ipc.Server (Server.java:run(1153)) - IPC Server listener on 37845: starting
2019-09-19 13:57:32,249 [main] INFO  server.StorageContainerManager (StorageContainerManager.java:start(777)) - ScmDatanodeProtocl RPC server is listening at /0.0.0.0:36951
2019-09-19 13:57:32,249 [main] INFO  server.SCMDatanodeProtocolServer (SCMDatanodeProtocolServer.java:start(191)) - RPC server for DataNodes is listening at /0.0.0.0:36951
2019-09-19 13:57:32,250 [IPC Server Responder] INFO  ipc.Server (Server.java:run(1314)) - IPC Server Responder: starting
2019-09-19 13:57:32,250 [IPC Server listener on 36951] INFO  ipc.Server (Server.java:run(1153)) - IPC Server listener on 36951: starting
2019-09-19 13:57:32,253 [main] INFO  http.HttpServer2 (HttpServer2.java:bindListener(1191)) - Jetty bound to port 40762
2019-09-19 13:57:32,254 [main] INFO  server.Server (Server.java:doStart(351)) - jetty-9.3.24.v20180605, build timestamp: 2018-06-05T17:11:56Z, git hash: 84205aa28f11a4f31f2a3b86d1bba2cc8ab69827
2019-09-19 13:57:32,255 [main] INFO  handler.ContextHandler (ContextHandler.java:doStart(781)) - Started o.e.j.s.ServletContextHandler@61394494{/logs,file:///workdir/hadoop-ozone/integration-test/target/log,AVAILABLE}
2019-09-19 13:57:32,256 [main] INFO  handler.ContextHandler (ContextHandler.java:doStart(781)) - Started o.e.j.s.ServletContextHandler@7c453c34{/static,file:///workdir/hadoop-ozone/integration-test/target/test-classes/webapps/static,AVAILABLE}
2019-09-19 13:57:32,259 [main] INFO  handler.ContextHandler (ContextHandler.java:doStart(781)) - Started o.e.j.w.WebAppContext@6459f4ea{/,file:///workdir/hadoop-ozone/integration-test/target/test-classes/webapps/scm/,AVAILABLE}{/scm}
2019-09-19 13:57:32,260 [main] INFO  server.AbstractConnector (AbstractConnector.java:doStart(278)) - Started ServerConnector@740b9a50{HTTP/1.1,[http/1.1]}{0.0.0.0:40762}
2019-09-19 13:57:32,260 [main] INFO  server.Server (Server.java:doStart(419)) - Started @525645ms
2019-09-19 13:57:32,261 [main] WARN  impl.MetricsSystemImpl (MetricsSystemImpl.java:register(276)) - Sink prometheus already exists!
2019-09-19 13:57:32,261 [main] INFO  server.BaseHttpServer (BaseHttpServer.java:updateConnectorAddress(215)) - HTTP server of SCM is listening at http://0.0.0.0:40762
2019-09-19 13:57:32,262 [main] WARN  server.ServerUtils (ServerUtils.java:getDBPath(222)) - ozone.om.db.dirs is not configured. We recommend adding this setting. Falling back to ozone.metadata.dirs instead.
2019-09-19 13:57:32,263 [org.apache.hadoop.util.JvmPauseMonitor$Monitor@5111de7c] INFO  util.JvmPauseMonitor (JvmPauseMonitor.java:run(188)) - Starting JVM pause monitor
2019-09-19 13:57:32,302 [main] WARN  server.ServerUtils (ServerUtils.java:getDBPath(222)) - ozone.om.db.dirs is not configured. We recommend adding this setting. Falling back to ozone.metadata.dirs instead.
2019-09-19 13:57:32,303 [main] WARN  server.ServerUtils (ServerUtils.java:getDBPath(222)) - ozone.om.db.dirs is not configured. We recommend adding this setting. Falling back to ozone.metadata.dirs instead.
2019-09-19 13:57:32,304 [main] INFO  om.OzoneManager (OzoneManager.java:setOMNodeDetails(649)) - OM Service ID is not set. Setting it to the default ID: omServiceIdDefault
2019-09-19 13:57:32,304 [main] INFO  om.OzoneManager (OzoneManager.java:setOMNodeDetails(655)) - OM Node ID is not set. Setting it to the OmStorage's OmID: df712969-2563-4443-b199-08e9c8ceee77
2019-09-19 13:57:32,304 [main] INFO  om.OzoneManager (OzoneManager.java:loadOMHAConfigs(606)) - Found matching OM address with OMServiceId: null, OMNodeId: null, RPC Address: localhost:0 and Ratis port: 9872
2019-09-19 13:57:32,313 [main] WARN  server.ServerUtils (ServerUtils.java:getDBPath(222)) - ozone.om.db.dirs is not configured. We recommend adding this setting. Falling back to ozone.metadata.dirs instead.
2019-09-19 13:57:32,314 [main] INFO  db.DBStoreBuilder (DBStoreBuilder.java:addTable(110)) - using custom profile for table: userTable
2019-09-19 13:57:32,314 [main] INFO  db.DBStoreBuilder (DBStoreBuilder.java:processTables(161)) - Using default column profile:DBProfile.DISK for Table:userTable
2019-09-19 13:57:32,314 [main] INFO  db.DBStoreBuilder (DBStoreBuilder.java:addTable(110)) - using custom profile for table: volumeTable
2019-09-19 13:57:32,315 [main] INFO  db.DBStoreBuilder (DBStoreBuilder.java:processTables(161)) - Using default column profile:DBProfile.DISK for Table:volumeTable
2019-09-19 13:57:32,315 [main] INFO  db.DBStoreBuilder (DBStoreBuilder.java:addTable(110)) - using custom profile for table: bucketTable
2019-09-19 13:57:32,315 [main] INFO  db.DBStoreBuilder (DBStoreBuilder.java:processTables(161)) - Using default column profile:DBProfile.DISK for Table:bucketTable
2019-09-19 13:57:32,316 [main] INFO  db.DBStoreBuilder (DBStoreBuilder.java:addTable(110)) - using custom profile for table: keyTable
2019-09-19 13:57:32,316 [main] INFO  db.DBStoreBuilder (DBStoreBuilder.java:processTables(161)) - Using default column profile:DBProfile.DISK for Table:keyTable
2019-09-19 13:57:32,316 [main] INFO  db.DBStoreBuilder (DBStoreBuilder.java:addTable(110)) - using custom profile for table: deletedTable
2019-09-19 13:57:32,316 [main] INFO  db.DBStoreBuilder (DBStoreBuilder.java:processTables(161)) - Using default column profile:DBProfile.DISK for Table:deletedTable
2019-09-19 13:57:32,317 [main] INFO  db.DBStoreBuilder (DBStoreBuilder.java:addTable(110)) - using custom profile for table: openKeyTable
2019-09-19 13:57:32,317 [main] INFO  db.DBStoreBuilder (DBStoreBuilder.java:processTables(161)) - Using default column profile:DBProfile.DISK for Table:openKeyTable
2019-09-19 13:57:32,317 [main] INFO  db.DBStoreBuilder (DBStoreBuilder.java:addTable(110)) - using custom profile for table: s3Table
2019-09-19 13:57:32,318 [main] INFO  db.DBStoreBuilder (DBStoreBuilder.java:processTables(161)) - Using default column profile:DBProfile.DISK for Table:s3Table
2019-09-19 13:57:32,318 [main] INFO  db.DBStoreBuilder (DBStoreBuilder.java:addTable(110)) - using custom profile for table: multipartInfoTable
2019-09-19 13:57:32,318 [main] INFO  db.DBStoreBuilder (DBStoreBuilder.java:processTables(161)) - Using default column profile:DBProfile.DISK for Table:multipartInfoTable
2019-09-19 13:57:32,318 [main] INFO  db.DBStoreBuilder (DBStoreBuilder.java:addTable(110)) - using custom profile for table: dTokenTable
2019-09-19 13:57:32,319 [main] INFO  db.DBStoreBuilder (DBStoreBuilder.java:processTables(161)) - Using default column profile:DBProfile.DISK for Table:dTokenTable
2019-09-19 13:57:32,319 [main] INFO  db.DBStoreBuilder (DBStoreBuilder.java:addTable(110)) - using custom profile for table: s3SecretTable
2019-09-19 13:57:32,319 [main] INFO  db.DBStoreBuilder (DBStoreBuilder.java:processTables(161)) - Using default column profile:DBProfile.DISK for Table:s3SecretTable
2019-09-19 13:57:32,320 [main] INFO  db.DBStoreBuilder (DBStoreBuilder.java:addTable(110)) - using custom profile for table: prefixTable
2019-09-19 13:57:32,320 [main] INFO  db.DBStoreBuilder (DBStoreBuilder.java:processTables(161)) - Using default column profile:DBProfile.DISK for Table:prefixTable
2019-09-19 13:57:32,320 [main] INFO  db.DBStoreBuilder (DBStoreBuilder.java:addTable(110)) - using custom profile for table: default
2019-09-19 13:57:32,321 [main] INFO  db.DBStoreBuilder (DBStoreBuilder.java:processTables(167)) - Using default column profile:DBProfile.DISK for Table:default
2019-09-19 13:57:32,321 [main] INFO  db.DBStoreBuilder (DBStoreBuilder.java:getDbProfile(198)) - Using default options. DBProfile.DISK
2019-09-19 13:57:33,047 [main] INFO  ipc.CallQueueManager (CallQueueManager.java:<init>(84)) - Using callQueue: class java.util.concurrent.LinkedBlockingQueue, queueCapacity: 2000, scheduler: class org.apache.hadoop.ipc.DefaultRpcScheduler, ipcBackoff: false.
2019-09-19 13:57:33,048 [Socket Reader #1 for port 45357] INFO  ipc.Server (Server.java:run(1074)) - Starting Socket Reader #1 for port 45357
2019-09-19 13:57:33,066 [main] INFO  om.OzoneManager (OzoneManager.java:start(1240)) - OzoneManager RPC server is listening at localhost/127.0.0.1:45357
2019-09-19 13:57:33,067 [main] INFO  impl.MetricsSystemImpl (MetricsSystemImpl.java:init(158)) - OzoneManager metrics system started (again)
2019-09-19 13:57:33,067 [IPC Server Responder] INFO  ipc.Server (Server.java:run(1314)) - IPC Server Responder: starting
2019-09-19 13:57:33,067 [IPC Server listener on 45357] INFO  ipc.Server (Server.java:run(1153)) - IPC Server listener on 45357: starting
2019-09-19 13:57:33,073 [main] INFO  hdfs.DFSUtil (DFSUtil.java:httpServerTemplateForNNAndJN(1641)) - Starting Web-server for ozoneManager at: http://0.0.0.0:0
2019-09-19 13:57:33,075 [main] INFO  server.AuthenticationFilter (AuthenticationFilter.java:constructSecretProvider(240)) - Unable to initialize FileSignerSecretProvider, falling back to use random secrets.
2019-09-19 13:57:33,076 [main] WARN  http.HttpRequestLog (HttpRequestLog.java:getRequestLog(97)) - Jetty request log can only be enabled using Log4j
2019-09-19 13:57:33,078 [main] INFO  http.HttpServer2 (HttpServer2.java:addGlobalFilter(975)) - Added global filter 'safety' (class=org.apache.hadoop.http.HttpServer2$QuotingInputFilter)
2019-09-19 13:57:33,080 [main] INFO  http.HttpServer2 (HttpServer2.java:addFilter(948)) - Added filter static_user_filter (class=org.apache.hadoop.http.lib.StaticUserWebFilter$StaticUserFilter) to context ozoneManager
2019-09-19 13:57:33,080 [main] INFO  http.HttpServer2 (HttpServer2.java:addFilter(958)) - Added filter static_user_filter (class=org.apache.hadoop.http.lib.StaticUserWebFilter$StaticUserFilter) to context logs
2019-09-19 13:57:33,080 [main] INFO  http.HttpServer2 (HttpServer2.java:addFilter(958)) - Added filter static_user_filter (class=org.apache.hadoop.http.lib.StaticUserWebFilter$StaticUserFilter) to context static
2019-09-19 13:57:33,081 [main] INFO  http.HttpServer2 (HttpServer2.java:bindListener(1191)) - Jetty bound to port 39997
2019-09-19 13:57:33,081 [main] INFO  server.Server (Server.java:doStart(351)) - jetty-9.3.24.v20180605, build timestamp: 2018-06-05T17:11:56Z, git hash: 84205aa28f11a4f31f2a3b86d1bba2cc8ab69827
2019-09-19 13:57:33,083 [main] INFO  handler.ContextHandler (ContextHandler.java:doStart(781)) - Started o.e.j.s.ServletContextHandler@5a7b309b{/logs,file:///workdir/hadoop-ozone/integration-test/target/log,AVAILABLE}
2019-09-19 13:57:33,084 [main] INFO  handler.ContextHandler (ContextHandler.java:doStart(781)) - Started o.e.j.s.ServletContextHandler@7739aac4{/static,file:///workdir/hadoop-ozone/integration-test/target/test-classes/webapps/static,AVAILABLE}
2019-09-19 13:57:33,089 [main] INFO  handler.ContextHandler (ContextHandler.java:doStart(781)) - Started o.e.j.w.WebAppContext@7a66c35a{/,file:///workdir/hadoop-ozone/integration-test/target/test-classes/webapps/ozoneManager/,AVAILABLE}{/ozoneManager}
2019-09-19 13:57:33,089 [main] INFO  server.AbstractConnector (AbstractConnector.java:doStart(278)) - Started ServerConnector@7994a0d1{HTTP/1.1,[http/1.1]}{0.0.0.0:39997}
2019-09-19 13:57:33,091 [main] INFO  server.Server (Server.java:doStart(419)) - Started @526475ms
2019-09-19 13:57:33,091 [main] WARN  impl.MetricsSystemImpl (MetricsSystemImpl.java:register(276)) - Sink prometheus already exists!
2019-09-19 13:57:33,092 [main] INFO  server.BaseHttpServer (BaseHttpServer.java:updateConnectorAddress(215)) - HTTP server of OZONEMANAGER is listening at http://0.0.0.0:39997
2019-09-19 13:57:33,110 [main] INFO  impl.MetricsSystemImpl (MetricsSystemImpl.java:init(158)) - HddsDatanode metrics system started (again)
2019-09-19 13:57:33,114 [main] INFO  ozone.HddsDatanodeService (HddsDatanodeService.java:start(184)) - HddsDatanodeService host:pr-hdds-2151-rkvw4-133030696 ip:192.168.36.82
2019-09-19 13:57:33,120 [main] INFO  volume.HddsVolume (HddsVolume.java:<init>(176)) - Creating Volume: /workdir/hadoop-ozone/integration-test/target/test-dir/MiniOzoneClusterImpl-dd3eabca-da74-4633-9d56-ab06f731d67f/datanode-0/data/containers/hdds of  storage type : DISK and capacity : 1482555576320
2019-09-19 13:57:33,121 [main] INFO  volume.VolumeSet (VolumeSet.java:initializeVolumeSet(170)) - Added Volume : /workdir/hadoop-ozone/integration-test/target/test-dir/MiniOzoneClusterImpl-dd3eabca-da74-4633-9d56-ab06f731d67f/datanode-0/data/containers/hdds to VolumeSet
2019-09-19 13:57:33,121 [main] INFO  volume.ThrottledAsyncChecker (ThrottledAsyncChecker.java:schedule(139)) - Scheduling a check for org.apache.hadoop.ozone.container.common.volume.HddsVolume@143fefaf
2019-09-19 13:57:33,122 [main] INFO  volume.HddsVolumeChecker (HddsVolumeChecker.java:checkAllVolumes(202)) - Scheduled health check for volume org.apache.hadoop.ozone.container.common.volume.HddsVolume@143fefaf
2019-09-19 13:57:33,139 [main] INFO  impl.RaftServerProxy (ConfUtils.java:logGet(43)) - raft.rpc.type = GRPC (default)
2019-09-19 13:57:33,140 [main] INFO  grpc.GrpcFactory (GrpcFactory.java:checkPooledByteBufAllocatorUseCacheForAllThreads(45)) - PERFORMANCE WARNING: useCacheForAllThreads is true that may cause Netty to create a lot garbage objects and, as a result, trigger GC.
	It is recommended to disable useCacheForAllThreads by setting -Dorg.apache.ratis.thirdparty.io.netty.allocator.useCacheForAllThreads=false in command line.
2019-09-19 13:57:33,140 [main] INFO  grpc.GrpcConfigKeys$Server (ConfUtils.java:logGet(43)) - raft.grpc.server.port = 0 (default)
2019-09-19 13:57:33,140 [main] INFO  server.GrpcService (ConfUtils.java:logGet(43)) - raft.grpc.message.size.max = 33570816 (custom)
2019-09-19 13:57:33,140 [main] INFO  server.RaftServerConfigKeys (ConfUtils.java:logGet(43)) - raft.server.log.appender.buffer.byte-limit = 33554432 (custom)
2019-09-19 13:57:33,140 [main] INFO  server.GrpcService (ConfUtils.java:logGet(43)) - raft.grpc.flow.control.window = 1MB (=1048576) (default)
2019-09-19 13:57:33,141 [main] INFO  server.RaftServerConfigKeys (ConfUtils.java:logGet(43)) - raft.server.rpc.request.timeout = 3000ms (default)
2019-09-19 13:57:33,141 [main] INFO  server.RaftServerConfigKeys (ConfUtils.java:logGet(43)) - raft.server.storage.dir = [/workdir/hadoop-ozone/integration-test/target/test-dir/MiniOzoneClusterImpl-dd3eabca-da74-4633-9d56-ab06f731d67f/datanode-0/data/ratis] (custom)
2019-09-19 13:57:33,143 [main] INFO  hdfs.DFSUtil (DFSUtil.java:httpServerTemplateForNNAndJN(1641)) - Starting Web-server for hddsDatanode at: http://0.0.0.0:0
2019-09-19 13:57:33,144 [main] INFO  server.AuthenticationFilter (AuthenticationFilter.java:constructSecretProvider(240)) - Unable to initialize FileSignerSecretProvider, falling back to use random secrets.
2019-09-19 13:57:33,145 [main] WARN  http.HttpRequestLog (HttpRequestLog.java:getRequestLog(97)) - Jetty request log can only be enabled using Log4j
2019-09-19 13:57:33,146 [main] INFO  http.HttpServer2 (HttpServer2.java:addGlobalFilter(975)) - Added global filter 'safety' (class=org.apache.hadoop.http.HttpServer2$QuotingInputFilter)
2019-09-19 13:57:33,147 [main] INFO  http.HttpServer2 (HttpServer2.java:addFilter(948)) - Added filter static_user_filter (class=org.apache.hadoop.http.lib.StaticUserWebFilter$StaticUserFilter) to context hddsDatanode
2019-09-19 13:57:33,147 [main] INFO  http.HttpServer2 (HttpServer2.java:addFilter(958)) - Added filter static_user_filter (class=org.apache.hadoop.http.lib.StaticUserWebFilter$StaticUserFilter) to context logs
2019-09-19 13:57:33,147 [main] INFO  http.HttpServer2 (HttpServer2.java:addFilter(958)) - Added filter static_user_filter (class=org.apache.hadoop.http.lib.StaticUserWebFilter$StaticUserFilter) to context static
2019-09-19 13:57:33,148 [main] INFO  http.HttpServer2 (HttpServer2.java:bindListener(1191)) - Jetty bound to port 42803
2019-09-19 13:57:33,148 [main] INFO  server.Server (Server.java:doStart(351)) - jetty-9.3.24.v20180605, build timestamp: 2018-06-05T17:11:56Z, git hash: 84205aa28f11a4f31f2a3b86d1bba2cc8ab69827
2019-09-19 13:57:33,149 [main] INFO  handler.ContextHandler (ContextHandler.java:doStart(781)) - Started o.e.j.s.ServletContextHandler@28ee882c{/logs,file:///workdir/hadoop-ozone/integration-test/target/log,AVAILABLE}
2019-09-19 13:57:33,150 [main] INFO  handler.ContextHandler (ContextHandler.java:doStart(781)) - Started o.e.j.s.ServletContextHandler@238291d4{/static,jar:file:/home/user/.m2/repository/org/apache/hadoop/hadoop-hdds-container-service/0.5.0-SNAPSHOT/hadoop-hdds-container-service-0.5.0-SNAPSHOT.jar!/webapps/static,AVAILABLE}
2019-09-19 13:57:33,174 [main] INFO  handler.ContextHandler (ContextHandler.java:doStart(781)) - Started o.e.j.w.WebAppContext@47fcefb3{/,file:///tmp/jetty-0.0.0.0-42803-hddsDatanode-_-any-4727686551411270429.dir/webapp/,AVAILABLE}{/hddsDatanode}
2019-09-19 13:57:33,174 [main] INFO  server.AbstractConnector (AbstractConnector.java:doStart(278)) - Started ServerConnector@236c098{HTTP/1.1,[http/1.1]}{0.0.0.0:42803}
2019-09-19 13:57:33,174 [main] INFO  server.Server (Server.java:doStart(419)) - Started @526559ms
2019-09-19 13:57:33,176 [main] WARN  impl.MetricsSystemImpl (MetricsSystemImpl.java:register(276)) - Sink prometheus already exists!
2019-09-19 13:57:33,176 [main] INFO  server.BaseHttpServer (BaseHttpServer.java:updateConnectorAddress(215)) - HTTP server of HDDSDATANODE is listening at http://0.0.0.0:42803
2019-09-19 13:57:33,177 [main] INFO  impl.MetricsSystemImpl (MetricsSystemImpl.java:init(158)) - HddsDatanode metrics system started (again)
2019-09-19 13:57:33,181 [org.apache.hadoop.util.JvmPauseMonitor$Monitor@42416053] INFO  util.JvmPauseMonitor (JvmPauseMonitor.java:run(188)) - Starting JVM pause monitor
2019-09-19 13:57:33,181 [main] INFO  ozone.HddsDatanodeService (HddsDatanodeService.java:start(184)) - HddsDatanodeService host:pr-hdds-2151-rkvw4-133030696 ip:192.168.36.82
2019-09-19 13:57:33,182 [Datanode State Machine Thread - 0] INFO  datanode.InitDatanodeState (InitDatanodeState.java:persistContainerDatanodeDetails(140)) - DatanodeDetails is persisted to /workdir/hadoop-ozone/integration-test/target/test-dir/MiniOzoneClusterImpl-dd3eabca-da74-4633-9d56-ab06f731d67f/datanode-0/meta/datanode.id
2019-09-19 13:57:33,187 [main] INFO  volume.HddsVolume (HddsVolume.java:<init>(176)) - Creating Volume: /workdir/hadoop-ozone/integration-test/target/test-dir/MiniOzoneClusterImpl-dd3eabca-da74-4633-9d56-ab06f731d67f/datanode-1/data/containers/hdds of  storage type : DISK and capacity : 1482555576320
2019-09-19 13:57:33,187 [main] INFO  volume.VolumeSet (VolumeSet.java:initializeVolumeSet(170)) - Added Volume : /workdir/hadoop-ozone/integration-test/target/test-dir/MiniOzoneClusterImpl-dd3eabca-da74-4633-9d56-ab06f731d67f/datanode-1/data/containers/hdds to VolumeSet
2019-09-19 13:57:33,187 [main] INFO  volume.ThrottledAsyncChecker (ThrottledAsyncChecker.java:schedule(139)) - Scheduling a check for org.apache.hadoop.ozone.container.common.volume.HddsVolume@3cb6e0ee
2019-09-19 13:57:33,187 [main] INFO  volume.HddsVolumeChecker (HddsVolumeChecker.java:checkAllVolumes(202)) - Scheduled health check for volume org.apache.hadoop.ozone.container.common.volume.HddsVolume@3cb6e0ee
2019-09-19 13:57:33,199 [main] INFO  impl.RaftServerProxy (ConfUtils.java:logGet(43)) - raft.rpc.type = GRPC (default)
2019-09-19 13:57:33,200 [main] INFO  grpc.GrpcFactory (GrpcFactory.java:checkPooledByteBufAllocatorUseCacheForAllThreads(45)) - PERFORMANCE WARNING: useCacheForAllThreads is true that may cause Netty to create a lot garbage objects and, as a result, trigger GC.
	It is recommended to disable useCacheForAllThreads by setting -Dorg.apache.ratis.thirdparty.io.netty.allocator.useCacheForAllThreads=false in command line.
2019-09-19 13:57:33,200 [main] INFO  grpc.GrpcConfigKeys$Server (ConfUtils.java:logGet(43)) - raft.grpc.server.port = 0 (default)
2019-09-19 13:57:33,200 [main] INFO  server.GrpcService (ConfUtils.java:logGet(43)) - raft.grpc.message.size.max = 33570816 (custom)
2019-09-19 13:57:33,200 [main] INFO  server.RaftServerConfigKeys (ConfUtils.java:logGet(43)) - raft.server.log.appender.buffer.byte-limit = 33554432 (custom)
2019-09-19 13:57:33,200 [main] INFO  server.GrpcService (ConfUtils.java:logGet(43)) - raft.grpc.flow.control.window = 1MB (=1048576) (default)
2019-09-19 13:57:33,201 [main] INFO  server.RaftServerConfigKeys (ConfUtils.java:logGet(43)) - raft.server.rpc.request.timeout = 3000ms (default)
2019-09-19 13:57:33,201 [main] INFO  server.RaftServerConfigKeys (ConfUtils.java:logGet(43)) - raft.server.storage.dir = [/workdir/hadoop-ozone/integration-test/target/test-dir/MiniOzoneClusterImpl-dd3eabca-da74-4633-9d56-ab06f731d67f/datanode-1/data/ratis] (custom)
2019-09-19 13:57:33,202 [main] INFO  hdfs.DFSUtil (DFSUtil.java:httpServerTemplateForNNAndJN(1641)) - Starting Web-server for hddsDatanode at: http://0.0.0.0:0
2019-09-19 13:57:33,203 [main] INFO  server.AuthenticationFilter (AuthenticationFilter.java:constructSecretProvider(240)) - Unable to initialize FileSignerSecretProvider, falling back to use random secrets.
2019-09-19 13:57:33,203 [main] WARN  http.HttpRequestLog (HttpRequestLog.java:getRequestLog(97)) - Jetty request log can only be enabled using Log4j
2019-09-19 13:57:33,204 [main] INFO  http.HttpServer2 (HttpServer2.java:addGlobalFilter(975)) - Added global filter 'safety' (class=org.apache.hadoop.http.HttpServer2$QuotingInputFilter)
2019-09-19 13:57:33,205 [main] INFO  http.HttpServer2 (HttpServer2.java:addFilter(948)) - Added filter static_user_filter (class=org.apache.hadoop.http.lib.StaticUserWebFilter$StaticUserFilter) to context hddsDatanode
2019-09-19 13:57:33,205 [main] INFO  http.HttpServer2 (HttpServer2.java:addFilter(958)) - Added filter static_user_filter (class=org.apache.hadoop.http.lib.StaticUserWebFilter$StaticUserFilter) to context static
2019-09-19 13:57:33,205 [main] INFO  http.HttpServer2 (HttpServer2.java:addFilter(958)) - Added filter static_user_filter (class=org.apache.hadoop.http.lib.StaticUserWebFilter$StaticUserFilter) to context logs
2019-09-19 13:57:33,206 [main] INFO  http.HttpServer2 (HttpServer2.java:bindListener(1191)) - Jetty bound to port 46365
2019-09-19 13:57:33,206 [main] INFO  server.Server (Server.java:doStart(351)) - jetty-9.3.24.v20180605, build timestamp: 2018-06-05T17:11:56Z, git hash: 84205aa28f11a4f31f2a3b86d1bba2cc8ab69827
2019-09-19 13:57:33,207 [main] INFO  handler.ContextHandler (ContextHandler.java:doStart(781)) - Started o.e.j.s.ServletContextHandler@5a30722c{/logs,file:///workdir/hadoop-ozone/integration-test/target/log,AVAILABLE}
2019-09-19 13:57:33,208 [main] INFO  handler.ContextHandler (ContextHandler.java:doStart(781)) - Started o.e.j.s.ServletContextHandler@2484dbb7{/static,jar:file:/home/user/.m2/repository/org/apache/hadoop/hadoop-hdds-container-service/0.5.0-SNAPSHOT/hadoop-hdds-container-service-0.5.0-SNAPSHOT.jar!/webapps/static,AVAILABLE}
2019-09-19 13:57:33,232 [main] INFO  handler.ContextHandler (ContextHandler.java:doStart(781)) - Started o.e.j.w.WebAppContext@5faeeb56{/,file:///tmp/jetty-0.0.0.0-46365-hddsDatanode-_-any-6486237664817801445.dir/webapp/,AVAILABLE}{/hddsDatanode}
2019-09-19 13:57:33,232 [main] INFO  server.AbstractConnector (AbstractConnector.java:doStart(278)) - Started ServerConnector@5396eeb1{HTTP/1.1,[http/1.1]}{0.0.0.0:46365}
2019-09-19 13:57:33,232 [main] INFO  server.Server (Server.java:doStart(419)) - Started @526617ms
2019-09-19 13:57:33,233 [main] WARN  impl.MetricsSystemImpl (MetricsSystemImpl.java:register(276)) - Sink prometheus already exists!
2019-09-19 13:57:33,234 [main] INFO  server.BaseHttpServer (BaseHttpServer.java:updateConnectorAddress(215)) - HTTP server of HDDSDATANODE is listening at http://0.0.0.0:46365
2019-09-19 13:57:33,234 [main] INFO  impl.MetricsSystemImpl (MetricsSystemImpl.java:init(158)) - HddsDatanode metrics system started (again)
2019-09-19 13:57:33,238 [org.apache.hadoop.util.JvmPauseMonitor$Monitor@349461aa] INFO  util.JvmPauseMonitor (JvmPauseMonitor.java:run(188)) - Starting JVM pause monitor
2019-09-19 13:57:33,238 [main] INFO  ozone.HddsDatanodeService (HddsDatanodeService.java:start(184)) - HddsDatanodeService host:pr-hdds-2151-rkvw4-133030696 ip:192.168.36.82
2019-09-19 13:57:33,239 [Datanode State Machine Thread - 0] INFO  datanode.InitDatanodeState (InitDatanodeState.java:persistContainerDatanodeDetails(140)) - DatanodeDetails is persisted to /workdir/hadoop-ozone/integration-test/target/test-dir/MiniOzoneClusterImpl-dd3eabca-da74-4633-9d56-ab06f731d67f/datanode-1/meta/datanode.id
2019-09-19 13:57:33,244 [main] INFO  volume.HddsVolume (HddsVolume.java:<init>(176)) - Creating Volume: /workdir/hadoop-ozone/integration-test/target/test-dir/MiniOzoneClusterImpl-dd3eabca-da74-4633-9d56-ab06f731d67f/datanode-2/data/containers/hdds of  storage type : DISK and capacity : 1482555576320
2019-09-19 13:57:33,244 [main] INFO  volume.VolumeSet (VolumeSet.java:initializeVolumeSet(170)) - Added Volume : /workdir/hadoop-ozone/integration-test/target/test-dir/MiniOzoneClusterImpl-dd3eabca-da74-4633-9d56-ab06f731d67f/datanode-2/data/containers/hdds to VolumeSet
2019-09-19 13:57:33,244 [main] INFO  volume.ThrottledAsyncChecker (ThrottledAsyncChecker.java:schedule(139)) - Scheduling a check for org.apache.hadoop.ozone.container.common.volume.HddsVolume@1291aab5
2019-09-19 13:57:33,245 [main] INFO  volume.HddsVolumeChecker (HddsVolumeChecker.java:checkAllVolumes(202)) - Scheduled health check for volume org.apache.hadoop.ozone.container.common.volume.HddsVolume@1291aab5
2019-09-19 13:57:33,257 [main] INFO  impl.RaftServerProxy (ConfUtils.java:logGet(43)) - raft.rpc.type = GRPC (default)
2019-09-19 13:57:33,257 [main] INFO  grpc.GrpcFactory (GrpcFactory.java:checkPooledByteBufAllocatorUseCacheForAllThreads(45)) - PERFORMANCE WARNING: useCacheForAllThreads is true that may cause Netty to create a lot garbage objects and, as a result, trigger GC.
	It is recommended to disable useCacheForAllThreads by setting -Dorg.apache.ratis.thirdparty.io.netty.allocator.useCacheForAllThreads=false in command line.
2019-09-19 13:57:33,257 [main] INFO  grpc.GrpcConfigKeys$Server (ConfUtils.java:logGet(43)) - raft.grpc.server.port = 0 (default)
2019-09-19 13:57:33,257 [main] INFO  server.GrpcService (ConfUtils.java:logGet(43)) - raft.grpc.message.size.max = 33570816 (custom)
2019-09-19 13:57:33,257 [main] INFO  server.RaftServerConfigKeys (ConfUtils.java:logGet(43)) - raft.server.log.appender.buffer.byte-limit = 33554432 (custom)
2019-09-19 13:57:33,257 [main] INFO  server.GrpcService (ConfUtils.java:logGet(43)) - raft.grpc.flow.control.window = 1MB (=1048576) (default)
2019-09-19 13:57:33,258 [main] INFO  server.RaftServerConfigKeys (ConfUtils.java:logGet(43)) - raft.server.rpc.request.timeout = 3000ms (default)
2019-09-19 13:57:33,258 [main] INFO  server.RaftServerConfigKeys (ConfUtils.java:logGet(43)) - raft.server.storage.dir = [/workdir/hadoop-ozone/integration-test/target/test-dir/MiniOzoneClusterImpl-dd3eabca-da74-4633-9d56-ab06f731d67f/datanode-2/data/ratis] (custom)
2019-09-19 13:57:33,259 [main] INFO  hdfs.DFSUtil (DFSUtil.java:httpServerTemplateForNNAndJN(1641)) - Starting Web-server for hddsDatanode at: http://0.0.0.0:0
2019-09-19 13:57:33,260 [main] INFO  server.AuthenticationFilter (AuthenticationFilter.java:constructSecretProvider(240)) - Unable to initialize FileSignerSecretProvider, falling back to use random secrets.
2019-09-19 13:57:33,260 [main] WARN  http.HttpRequestLog (HttpRequestLog.java:getRequestLog(97)) - Jetty request log can only be enabled using Log4j
2019-09-19 13:57:33,262 [main] INFO  http.HttpServer2 (HttpServer2.java:addGlobalFilter(975)) - Added global filter 'safety' (class=org.apache.hadoop.http.HttpServer2$QuotingInputFilter)
2019-09-19 13:57:33,262 [main] INFO  http.HttpServer2 (HttpServer2.java:addFilter(948)) - Added filter static_user_filter (class=org.apache.hadoop.http.lib.StaticUserWebFilter$StaticUserFilter) to context hddsDatanode
2019-09-19 13:57:33,262 [main] INFO  http.HttpServer2 (HttpServer2.java:addFilter(958)) - Added filter static_user_filter (class=org.apache.hadoop.http.lib.StaticUserWebFilter$StaticUserFilter) to context static
2019-09-19 13:57:33,262 [main] INFO  http.HttpServer2 (HttpServer2.java:addFilter(958)) - Added filter static_user_filter (class=org.apache.hadoop.http.lib.StaticUserWebFilter$StaticUserFilter) to context logs
2019-09-19 13:57:33,263 [main] INFO  http.HttpServer2 (HttpServer2.java:bindListener(1191)) - Jetty bound to port 33707
2019-09-19 13:57:33,263 [main] INFO  server.Server (Server.java:doStart(351)) - jetty-9.3.24.v20180605, build timestamp: 2018-06-05T17:11:56Z, git hash: 84205aa28f11a4f31f2a3b86d1bba2cc8ab69827
2019-09-19 13:57:33,264 [main] INFO  handler.ContextHandler (ContextHandler.java:doStart(781)) - Started o.e.j.s.ServletContextHandler@d8835af{/logs,file:///workdir/hadoop-ozone/integration-test/target/log,AVAILABLE}
2019-09-19 13:57:33,265 [main] INFO  handler.ContextHandler (ContextHandler.java:doStart(781)) - Started o.e.j.s.ServletContextHandler@6aae0e6f{/static,jar:file:/home/user/.m2/repository/org/apache/hadoop/hadoop-hdds-container-service/0.5.0-SNAPSHOT/hadoop-hdds-container-service-0.5.0-SNAPSHOT.jar!/webapps/static,AVAILABLE}
2019-09-19 13:57:33,288 [main] INFO  handler.ContextHandler (ContextHandler.java:doStart(781)) - Started o.e.j.w.WebAppContext@723742b2{/,file:///tmp/jetty-0.0.0.0-33707-hddsDatanode-_-any-2855180714527265970.dir/webapp/,AVAILABLE}{/hddsDatanode}
2019-09-19 13:57:33,288 [main] INFO  server.AbstractConnector (AbstractConnector.java:doStart(278)) - Started ServerConnector@559991f5{HTTP/1.1,[http/1.1]}{0.0.0.0:33707}
2019-09-19 13:57:33,288 [main] INFO  server.Server (Server.java:doStart(419)) - Started @526673ms
2019-09-19 13:57:33,290 [main] WARN  impl.MetricsSystemImpl (MetricsSystemImpl.java:register(276)) - Sink prometheus already exists!
2019-09-19 13:57:33,291 [main] INFO  server.BaseHttpServer (BaseHttpServer.java:updateConnectorAddress(215)) - HTTP server of HDDSDATANODE is listening at http://0.0.0.0:33707
2019-09-19 13:57:33,291 [main] INFO  impl.MetricsSystemImpl (MetricsSystemImpl.java:init(158)) - HddsDatanode metrics system started (again)
2019-09-19 13:57:33,294 [org.apache.hadoop.util.JvmPauseMonitor$Monitor@27b233e1] INFO  util.JvmPauseMonitor (JvmPauseMonitor.java:run(188)) - Starting JVM pause monitor
2019-09-19 13:57:33,295 [main] INFO  ozone.HddsDatanodeService (HddsDatanodeService.java:start(184)) - HddsDatanodeService host:pr-hdds-2151-rkvw4-133030696 ip:192.168.36.82
2019-09-19 13:57:33,296 [Datanode State Machine Thread - 0] INFO  datanode.InitDatanodeState (InitDatanodeState.java:persistContainerDatanodeDetails(140)) - DatanodeDetails is persisted to /workdir/hadoop-ozone/integration-test/target/test-dir/MiniOzoneClusterImpl-dd3eabca-da74-4633-9d56-ab06f731d67f/datanode-2/meta/datanode.id
2019-09-19 13:57:33,301 [main] INFO  volume.HddsVolume (HddsVolume.java:<init>(176)) - Creating Volume: /workdir/hadoop-ozone/integration-test/target/test-dir/MiniOzoneClusterImpl-dd3eabca-da74-4633-9d56-ab06f731d67f/datanode-3/data/containers/hdds of  storage type : DISK and capacity : 1482555576320
2019-09-19 13:57:33,301 [main] INFO  volume.VolumeSet (VolumeSet.java:initializeVolumeSet(170)) - Added Volume : /workdir/hadoop-ozone/integration-test/target/test-dir/MiniOzoneClusterImpl-dd3eabca-da74-4633-9d56-ab06f731d67f/datanode-3/data/containers/hdds to VolumeSet
2019-09-19 13:57:33,302 [main] INFO  volume.ThrottledAsyncChecker (ThrottledAsyncChecker.java:schedule(139)) - Scheduling a check for org.apache.hadoop.ozone.container.common.volume.HddsVolume@7ea42c82
2019-09-19 13:57:33,302 [main] INFO  volume.HddsVolumeChecker (HddsVolumeChecker.java:checkAllVolumes(202)) - Scheduled health check for volume org.apache.hadoop.ozone.container.common.volume.HddsVolume@7ea42c82
2019-09-19 13:57:33,314 [main] INFO  impl.RaftServerProxy (ConfUtils.java:logGet(43)) - raft.rpc.type = GRPC (default)
2019-09-19 13:57:33,315 [main] INFO  grpc.GrpcFactory (GrpcFactory.java:checkPooledByteBufAllocatorUseCacheForAllThreads(45)) - PERFORMANCE WARNING: useCacheForAllThreads is true that may cause Netty to create a lot garbage objects and, as a result, trigger GC.
	It is recommended to disable useCacheForAllThreads by setting -Dorg.apache.ratis.thirdparty.io.netty.allocator.useCacheForAllThreads=false in command line.
2019-09-19 13:57:33,315 [main] INFO  grpc.GrpcConfigKeys$Server (ConfUtils.java:logGet(43)) - raft.grpc.server.port = 0 (default)
2019-09-19 13:57:33,315 [main] INFO  server.GrpcService (ConfUtils.java:logGet(43)) - raft.grpc.message.size.max = 33570816 (custom)
2019-09-19 13:57:33,315 [main] INFO  server.RaftServerConfigKeys (ConfUtils.java:logGet(43)) - raft.server.log.appender.buffer.byte-limit = 33554432 (custom)
2019-09-19 13:57:33,315 [main] INFO  server.GrpcService (ConfUtils.java:logGet(43)) - raft.grpc.flow.control.window = 1MB (=1048576) (default)
2019-09-19 13:57:33,315 [main] INFO  server.RaftServerConfigKeys (ConfUtils.java:logGet(43)) - raft.server.rpc.request.timeout = 3000ms (default)
2019-09-19 13:57:33,316 [main] INFO  server.RaftServerConfigKeys (ConfUtils.java:logGet(43)) - raft.server.storage.dir = [/workdir/hadoop-ozone/integration-test/target/test-dir/MiniOzoneClusterImpl-dd3eabca-da74-4633-9d56-ab06f731d67f/datanode-3/data/ratis] (custom)
2019-09-19 13:57:33,317 [main] INFO  hdfs.DFSUtil (DFSUtil.java:httpServerTemplateForNNAndJN(1641)) - Starting Web-server for hddsDatanode at: http://0.0.0.0:0
2019-09-19 13:57:33,319 [main] INFO  server.AuthenticationFilter (AuthenticationFilter.java:constructSecretProvider(240)) - Unable to initialize FileSignerSecretProvider, falling back to use random secrets.
2019-09-19 13:57:33,319 [main] WARN  http.HttpRequestLog (HttpRequestLog.java:getRequestLog(97)) - Jetty request log can only be enabled using Log4j
2019-09-19 13:57:33,321 [main] INFO  http.HttpServer2 (HttpServer2.java:addGlobalFilter(975)) - Added global filter 'safety' (class=org.apache.hadoop.http.HttpServer2$QuotingInputFilter)
2019-09-19 13:57:33,322 [main] INFO  http.HttpServer2 (HttpServer2.java:addFilter(948)) - Added filter static_user_filter (class=org.apache.hadoop.http.lib.StaticUserWebFilter$StaticUserFilter) to context hddsDatanode
2019-09-19 13:57:33,322 [main] INFO  http.HttpServer2 (HttpServer2.java:addFilter(958)) - Added filter static_user_filter (class=org.apache.hadoop.http.lib.StaticUserWebFilter$StaticUserFilter) to context logs
2019-09-19 13:57:33,322 [main] INFO  http.HttpServer2 (HttpServer2.java:addFilter(958)) - Added filter static_user_filter (class=org.apache.hadoop.http.lib.StaticUserWebFilter$StaticUserFilter) to context static
2019-09-19 13:57:33,323 [main] INFO  http.HttpServer2 (HttpServer2.java:bindListener(1191)) - Jetty bound to port 36343
2019-09-19 13:57:33,323 [main] INFO  server.Server (Server.java:doStart(351)) - jetty-9.3.24.v20180605, build timestamp: 2018-06-05T17:11:56Z, git hash: 84205aa28f11a4f31f2a3b86d1bba2cc8ab69827
2019-09-19 13:57:33,325 [main] INFO  handler.ContextHandler (ContextHandler.java:doStart(781)) - Started o.e.j.s.ServletContextHandler@23e61112{/logs,file:///workdir/hadoop-ozone/integration-test/target/log,AVAILABLE}
2019-09-19 13:57:33,326 [main] INFO  handler.ContextHandler (ContextHandler.java:doStart(781)) - Started o.e.j.s.ServletContextHandler@61b60600{/static,jar:file:/home/user/.m2/repository/org/apache/hadoop/hadoop-hdds-container-service/0.5.0-SNAPSHOT/hadoop-hdds-container-service-0.5.0-SNAPSHOT.jar!/webapps/static,AVAILABLE}
2019-09-19 13:57:33,365 [main] INFO  handler.ContextHandler (ContextHandler.java:doStart(781)) - Started o.e.j.w.WebAppContext@26b3c9a2{/,file:///tmp/jetty-0.0.0.0-36343-hddsDatanode-_-any-6465665521733244087.dir/webapp/,AVAILABLE}{/hddsDatanode}
2019-09-19 13:57:33,365 [main] INFO  server.AbstractConnector (AbstractConnector.java:doStart(278)) - Started ServerConnector@241b971f{HTTP/1.1,[http/1.1]}{0.0.0.0:36343}
2019-09-19 13:57:33,367 [main] INFO  server.Server (Server.java:doStart(419)) - Started @526751ms
2019-09-19 13:57:33,367 [main] WARN  impl.MetricsSystemImpl (MetricsSystemImpl.java:register(276)) - Sink prometheus already exists!
2019-09-19 13:57:33,368 [main] INFO  server.BaseHttpServer (BaseHttpServer.java:updateConnectorAddress(215)) - HTTP server of HDDSDATANODE is listening at http://0.0.0.0:36343
2019-09-19 13:57:33,368 [main] INFO  impl.MetricsSystemImpl (MetricsSystemImpl.java:init(158)) - HddsDatanode metrics system started (again)
2019-09-19 13:57:33,372 [org.apache.hadoop.util.JvmPauseMonitor$Monitor@2bd81c00] INFO  util.JvmPauseMonitor (JvmPauseMonitor.java:run(188)) - Starting JVM pause monitor
2019-09-19 13:57:33,373 [main] INFO  ozone.HddsDatanodeService (HddsDatanodeService.java:start(184)) - HddsDatanodeService host:pr-hdds-2151-rkvw4-133030696 ip:192.168.36.82
2019-09-19 13:57:33,374 [Datanode State Machine Thread - 0] INFO  datanode.InitDatanodeState (InitDatanodeState.java:persistContainerDatanodeDetails(140)) - DatanodeDetails is persisted to /workdir/hadoop-ozone/integration-test/target/test-dir/MiniOzoneClusterImpl-dd3eabca-da74-4633-9d56-ab06f731d67f/datanode-3/meta/datanode.id
2019-09-19 13:57:33,379 [main] INFO  volume.HddsVolume (HddsVolume.java:<init>(176)) - Creating Volume: /workdir/hadoop-ozone/integration-test/target/test-dir/MiniOzoneClusterImpl-dd3eabca-da74-4633-9d56-ab06f731d67f/datanode-4/data/containers/hdds of  storage type : DISK and capacity : 1482555576320
2019-09-19 13:57:33,379 [main] INFO  volume.VolumeSet (VolumeSet.java:initializeVolumeSet(170)) - Added Volume : /workdir/hadoop-ozone/integration-test/target/test-dir/MiniOzoneClusterImpl-dd3eabca-da74-4633-9d56-ab06f731d67f/datanode-4/data/containers/hdds to VolumeSet
2019-09-19 13:57:33,379 [main] INFO  volume.ThrottledAsyncChecker (ThrottledAsyncChecker.java:schedule(139)) - Scheduling a check for org.apache.hadoop.ozone.container.common.volume.HddsVolume@34c62fdf
2019-09-19 13:57:33,380 [main] INFO  volume.HddsVolumeChecker (HddsVolumeChecker.java:checkAllVolumes(202)) - Scheduled health check for volume org.apache.hadoop.ozone.container.common.volume.HddsVolume@34c62fdf
2019-09-19 13:57:33,393 [main] INFO  impl.RaftServerProxy (ConfUtils.java:logGet(43)) - raft.rpc.type = GRPC (default)
2019-09-19 13:57:33,394 [main] INFO  grpc.GrpcFactory (GrpcFactory.java:checkPooledByteBufAllocatorUseCacheForAllThreads(45)) - PERFORMANCE WARNING: useCacheForAllThreads is true that may cause Netty to create a lot garbage objects and, as a result, trigger GC.
	It is recommended to disable useCacheForAllThreads by setting -Dorg.apache.ratis.thirdparty.io.netty.allocator.useCacheForAllThreads=false in command line.
2019-09-19 13:57:33,394 [main] INFO  grpc.GrpcConfigKeys$Server (ConfUtils.java:logGet(43)) - raft.grpc.server.port = 0 (default)
2019-09-19 13:57:33,394 [main] INFO  server.GrpcService (ConfUtils.java:logGet(43)) - raft.grpc.message.size.max = 33570816 (custom)
2019-09-19 13:57:33,394 [main] INFO  server.RaftServerConfigKeys (ConfUtils.java:logGet(43)) - raft.server.log.appender.buffer.byte-limit = 33554432 (custom)
2019-09-19 13:57:33,394 [main] INFO  server.GrpcService (ConfUtils.java:logGet(43)) - raft.grpc.flow.control.window = 1MB (=1048576) (default)
2019-09-19 13:57:33,394 [main] INFO  server.RaftServerConfigKeys (ConfUtils.java:logGet(43)) - raft.server.rpc.request.timeout = 3000ms (default)
2019-09-19 13:57:33,395 [main] INFO  server.RaftServerConfigKeys (ConfUtils.java:logGet(43)) - raft.server.storage.dir = [/workdir/hadoop-ozone/integration-test/target/test-dir/MiniOzoneClusterImpl-dd3eabca-da74-4633-9d56-ab06f731d67f/datanode-4/data/ratis] (custom)
2019-09-19 13:57:33,396 [main] INFO  hdfs.DFSUtil (DFSUtil.java:httpServerTemplateForNNAndJN(1641)) - Starting Web-server for hddsDatanode at: http://0.0.0.0:0
2019-09-19 13:57:33,397 [main] INFO  server.AuthenticationFilter (AuthenticationFilter.java:constructSecretProvider(240)) - Unable to initialize FileSignerSecretProvider, falling back to use random secrets.
2019-09-19 13:57:33,398 [main] WARN  http.HttpRequestLog (HttpRequestLog.java:getRequestLog(97)) - Jetty request log can only be enabled using Log4j
2019-09-19 13:57:33,399 [main] INFO  http.HttpServer2 (HttpServer2.java:addGlobalFilter(975)) - Added global filter 'safety' (class=org.apache.hadoop.http.HttpServer2$QuotingInputFilter)
2019-09-19 13:57:33,400 [main] INFO  http.HttpServer2 (HttpServer2.java:addFilter(948)) - Added filter static_user_filter (class=org.apache.hadoop.http.lib.StaticUserWebFilter$StaticUserFilter) to context hddsDatanode
2019-09-19 13:57:33,400 [main] INFO  http.HttpServer2 (HttpServer2.java:addFilter(958)) - Added filter static_user_filter (class=org.apache.hadoop.http.lib.StaticUserWebFilter$StaticUserFilter) to context logs
2019-09-19 13:57:33,400 [main] INFO  http.HttpServer2 (HttpServer2.java:addFilter(958)) - Added filter static_user_filter (class=org.apache.hadoop.http.lib.StaticUserWebFilter$StaticUserFilter) to context static
2019-09-19 13:57:33,401 [main] INFO  http.HttpServer2 (HttpServer2.java:bindListener(1191)) - Jetty bound to port 39127
2019-09-19 13:57:33,401 [main] INFO  server.Server (Server.java:doStart(351)) - jetty-9.3.24.v20180605, build timestamp: 2018-06-05T17:11:56Z, git hash: 84205aa28f11a4f31f2a3b86d1bba2cc8ab69827
2019-09-19 13:57:33,402 [main] INFO  handler.ContextHandler (ContextHandler.java:doStart(781)) - Started o.e.j.s.ServletContextHandler@447521e{/logs,file:///workdir/hadoop-ozone/integration-test/target/log,AVAILABLE}
2019-09-19 13:57:33,403 [main] INFO  handler.ContextHandler (ContextHandler.java:doStart(781)) - Started o.e.j.s.ServletContextHandler@1ecf0ac6{/static,jar:file:/home/user/.m2/repository/org/apache/hadoop/hadoop-hdds-container-service/0.5.0-SNAPSHOT/hadoop-hdds-container-service-0.5.0-SNAPSHOT.jar!/webapps/static,AVAILABLE}
2019-09-19 13:57:33,439 [main] INFO  handler.ContextHandler (ContextHandler.java:doStart(781)) - Started o.e.j.w.WebAppContext@b06d46d{/,file:///tmp/jetty-0.0.0.0-39127-hddsDatanode-_-any-7647271688747748609.dir/webapp/,AVAILABLE}{/hddsDatanode}
2019-09-19 13:57:33,439 [main] INFO  server.AbstractConnector (AbstractConnector.java:doStart(278)) - Started ServerConnector@25a5c8e{HTTP/1.1,[http/1.1]}{0.0.0.0:39127}
2019-09-19 13:57:33,440 [main] INFO  server.Server (Server.java:doStart(419)) - Started @526825ms
2019-09-19 13:57:33,441 [main] WARN  impl.MetricsSystemImpl (MetricsSystemImpl.java:register(276)) - Sink prometheus already exists!
2019-09-19 13:57:33,441 [main] INFO  server.BaseHttpServer (BaseHttpServer.java:updateConnectorAddress(215)) - HTTP server of HDDSDATANODE is listening at http://0.0.0.0:39127
2019-09-19 13:57:33,442 [main] INFO  impl.MetricsSystemImpl (MetricsSystemImpl.java:init(158)) - HddsDatanode metrics system started (again)
2019-09-19 13:57:33,446 [org.apache.hadoop.util.JvmPauseMonitor$Monitor@35bb3d] INFO  util.JvmPauseMonitor (JvmPauseMonitor.java:run(188)) - Starting JVM pause monitor
2019-09-19 13:57:33,446 [main] INFO  ozone.HddsDatanodeService (HddsDatanodeService.java:start(184)) - HddsDatanodeService host:pr-hdds-2151-rkvw4-133030696 ip:192.168.36.82
2019-09-19 13:57:33,447 [Datanode State Machine Thread - 0] INFO  datanode.InitDatanodeState (InitDatanodeState.java:persistContainerDatanodeDetails(140)) - DatanodeDetails is persisted to /workdir/hadoop-ozone/integration-test/target/test-dir/MiniOzoneClusterImpl-dd3eabca-da74-4633-9d56-ab06f731d67f/datanode-4/meta/datanode.id
2019-09-19 13:57:33,451 [main] INFO  volume.HddsVolume (HddsVolume.java:<init>(176)) - Creating Volume: /workdir/hadoop-ozone/integration-test/target/test-dir/MiniOzoneClusterImpl-dd3eabca-da74-4633-9d56-ab06f731d67f/datanode-5/data/containers/hdds of  storage type : DISK and capacity : 1482555576320
2019-09-19 13:57:33,452 [main] INFO  volume.VolumeSet (VolumeSet.java:initializeVolumeSet(170)) - Added Volume : /workdir/hadoop-ozone/integration-test/target/test-dir/MiniOzoneClusterImpl-dd3eabca-da74-4633-9d56-ab06f731d67f/datanode-5/data/containers/hdds to VolumeSet
2019-09-19 13:57:33,452 [main] INFO  volume.ThrottledAsyncChecker (ThrottledAsyncChecker.java:schedule(139)) - Scheduling a check for org.apache.hadoop.ozone.container.common.volume.HddsVolume@37ca3ca8
2019-09-19 13:57:33,452 [main] INFO  volume.HddsVolumeChecker (HddsVolumeChecker.java:checkAllVolumes(202)) - Scheduled health check for volume org.apache.hadoop.ozone.container.common.volume.HddsVolume@37ca3ca8
2019-09-19 13:57:33,463 [main] INFO  impl.RaftServerProxy (ConfUtils.java:logGet(43)) - raft.rpc.type = GRPC (default)
2019-09-19 13:57:33,463 [main] INFO  grpc.GrpcFactory (GrpcFactory.java:checkPooledByteBufAllocatorUseCacheForAllThreads(45)) - PERFORMANCE WARNING: useCacheForAllThreads is true that may cause Netty to create a lot garbage objects and, as a result, trigger GC.
	It is recommended to disable useCacheForAllThreads by setting -Dorg.apache.ratis.thirdparty.io.netty.allocator.useCacheForAllThreads=false in command line.
2019-09-19 13:57:33,463 [main] INFO  grpc.GrpcConfigKeys$Server (ConfUtils.java:logGet(43)) - raft.grpc.server.port = 0 (default)
2019-09-19 13:57:33,464 [main] INFO  server.GrpcService (ConfUtils.java:logGet(43)) - raft.grpc.message.size.max = 33570816 (custom)
2019-09-19 13:57:33,464 [main] INFO  server.RaftServerConfigKeys (ConfUtils.java:logGet(43)) - raft.server.log.appender.buffer.byte-limit = 33554432 (custom)
2019-09-19 13:57:33,464 [main] INFO  server.GrpcService (ConfUtils.java:logGet(43)) - raft.grpc.flow.control.window = 1MB (=1048576) (default)
2019-09-19 13:57:33,464 [main] INFO  server.RaftServerConfigKeys (ConfUtils.java:logGet(43)) - raft.server.rpc.request.timeout = 3000ms (default)
2019-09-19 13:57:33,465 [main] INFO  server.RaftServerConfigKeys (ConfUtils.java:logGet(43)) - raft.server.storage.dir = [/workdir/hadoop-ozone/integration-test/target/test-dir/MiniOzoneClusterImpl-dd3eabca-da74-4633-9d56-ab06f731d67f/datanode-5/data/ratis] (custom)
2019-09-19 13:57:33,466 [main] INFO  hdfs.DFSUtil (DFSUtil.java:httpServerTemplateForNNAndJN(1641)) - Starting Web-server for hddsDatanode at: http://0.0.0.0:0
2019-09-19 13:57:33,467 [main] INFO  server.AuthenticationFilter (AuthenticationFilter.java:constructSecretProvider(240)) - Unable to initialize FileSignerSecretProvider, falling back to use random secrets.
2019-09-19 13:57:33,467 [main] WARN  http.HttpRequestLog (HttpRequestLog.java:getRequestLog(97)) - Jetty request log can only be enabled using Log4j
2019-09-19 13:57:33,468 [main] INFO  http.HttpServer2 (HttpServer2.java:addGlobalFilter(975)) - Added global filter 'safety' (class=org.apache.hadoop.http.HttpServer2$QuotingInputFilter)
2019-09-19 13:57:33,468 [main] INFO  http.HttpServer2 (HttpServer2.java:addFilter(948)) - Added filter static_user_filter (class=org.apache.hadoop.http.lib.StaticUserWebFilter$StaticUserFilter) to context hddsDatanode
2019-09-19 13:57:33,468 [main] INFO  http.HttpServer2 (HttpServer2.java:addFilter(958)) - Added filter static_user_filter (class=org.apache.hadoop.http.lib.StaticUserWebFilter$StaticUserFilter) to context logs
2019-09-19 13:57:33,469 [main] INFO  http.HttpServer2 (HttpServer2.java:addFilter(958)) - Added filter static_user_filter (class=org.apache.hadoop.http.lib.StaticUserWebFilter$StaticUserFilter) to context static
2019-09-19 13:57:33,469 [main] INFO  http.HttpServer2 (HttpServer2.java:bindListener(1191)) - Jetty bound to port 44603
2019-09-19 13:57:33,469 [main] INFO  server.Server (Server.java:doStart(351)) - jetty-9.3.24.v20180605, build timestamp: 2018-06-05T17:11:56Z, git hash: 84205aa28f11a4f31f2a3b86d1bba2cc8ab69827
2019-09-19 13:57:33,470 [main] INFO  handler.ContextHandler (ContextHandler.java:doStart(781)) - Started o.e.j.s.ServletContextHandler@35563e4c{/logs,file:///workdir/hadoop-ozone/integration-test/target/log,AVAILABLE}
2019-09-19 13:57:33,471 [main] INFO  handler.ContextHandler (ContextHandler.java:doStart(781)) - Started o.e.j.s.ServletContextHandler@ef86c72{/static,jar:file:/home/user/.m2/repository/org/apache/hadoop/hadoop-hdds-container-service/0.5.0-SNAPSHOT/hadoop-hdds-container-service-0.5.0-SNAPSHOT.jar!/webapps/static,AVAILABLE}
2019-09-19 13:57:33,495 [main] INFO  handler.ContextHandler (ContextHandler.java:doStart(781)) - Started o.e.j.w.WebAppContext@11e71181{/,file:///tmp/jetty-0.0.0.0-44603-hddsDatanode-_-any-434092866701843947.dir/webapp/,AVAILABLE}{/hddsDatanode}
2019-09-19 13:57:33,495 [main] INFO  server.AbstractConnector (AbstractConnector.java:doStart(278)) - Started ServerConnector@342beaf6{HTTP/1.1,[http/1.1]}{0.0.0.0:44603}
2019-09-19 13:57:33,496 [main] INFO  server.Server (Server.java:doStart(419)) - Started @526881ms
2019-09-19 13:57:33,496 [main] WARN  impl.MetricsSystemImpl (MetricsSystemImpl.java:register(276)) - Sink prometheus already exists!
2019-09-19 13:57:33,497 [main] INFO  server.BaseHttpServer (BaseHttpServer.java:updateConnectorAddress(215)) - HTTP server of HDDSDATANODE is listening at http://0.0.0.0:44603
2019-09-19 13:57:33,497 [main] INFO  impl.MetricsSystemImpl (MetricsSystemImpl.java:init(158)) - HddsDatanode metrics system started (again)
2019-09-19 13:57:33,502 [org.apache.hadoop.util.JvmPauseMonitor$Monitor@719185d6] INFO  util.JvmPauseMonitor (JvmPauseMonitor.java:run(188)) - Starting JVM pause monitor
2019-09-19 13:57:33,502 [main] INFO  ozone.HddsDatanodeService (HddsDatanodeService.java:start(184)) - HddsDatanodeService host:pr-hdds-2151-rkvw4-133030696 ip:192.168.36.82
2019-09-19 13:57:33,503 [Datanode State Machine Thread - 0] INFO  datanode.InitDatanodeState (InitDatanodeState.java:persistContainerDatanodeDetails(140)) - DatanodeDetails is persisted to /workdir/hadoop-ozone/integration-test/target/test-dir/MiniOzoneClusterImpl-dd3eabca-da74-4633-9d56-ab06f731d67f/datanode-5/meta/datanode.id
2019-09-19 13:57:33,508 [main] INFO  volume.HddsVolume (HddsVolume.java:<init>(176)) - Creating Volume: /workdir/hadoop-ozone/integration-test/target/test-dir/MiniOzoneClusterImpl-dd3eabca-da74-4633-9d56-ab06f731d67f/datanode-6/data/containers/hdds of  storage type : DISK and capacity : 1482555576320
2019-09-19 13:57:33,508 [main] INFO  volume.VolumeSet (VolumeSet.java:initializeVolumeSet(170)) - Added Volume : /workdir/hadoop-ozone/integration-test/target/test-dir/MiniOzoneClusterImpl-dd3eabca-da74-4633-9d56-ab06f731d67f/datanode-6/data/containers/hdds to VolumeSet
2019-09-19 13:57:33,508 [main] INFO  volume.ThrottledAsyncChecker (ThrottledAsyncChecker.java:schedule(139)) - Scheduling a check for org.apache.hadoop.ozone.container.common.volume.HddsVolume@25ce435
2019-09-19 13:57:33,509 [main] INFO  volume.HddsVolumeChecker (HddsVolumeChecker.java:checkAllVolumes(202)) - Scheduled health check for volume org.apache.hadoop.ozone.container.common.volume.HddsVolume@25ce435
2019-09-19 13:57:33,523 [main] INFO  impl.RaftServerProxy (ConfUtils.java:logGet(43)) - raft.rpc.type = GRPC (default)
2019-09-19 13:57:33,523 [main] INFO  grpc.GrpcFactory (GrpcFactory.java:checkPooledByteBufAllocatorUseCacheForAllThreads(45)) - PERFORMANCE WARNING: useCacheForAllThreads is true that may cause Netty to create a lot garbage objects and, as a result, trigger GC.
	It is recommended to disable useCacheForAllThreads by setting -Dorg.apache.ratis.thirdparty.io.netty.allocator.useCacheForAllThreads=false in command line.
2019-09-19 13:57:33,523 [main] INFO  grpc.GrpcConfigKeys$Server (ConfUtils.java:logGet(43)) - raft.grpc.server.port = 0 (default)
2019-09-19 13:57:33,523 [main] INFO  server.GrpcService (ConfUtils.java:logGet(43)) - raft.grpc.message.size.max = 33570816 (custom)
2019-09-19 13:57:33,524 [main] INFO  server.RaftServerConfigKeys (ConfUtils.java:logGet(43)) - raft.server.log.appender.buffer.byte-limit = 33554432 (custom)
2019-09-19 13:57:33,524 [main] INFO  server.GrpcService (ConfUtils.java:logGet(43)) - raft.grpc.flow.control.window = 1MB (=1048576) (default)
2019-09-19 13:57:33,524 [main] INFO  server.RaftServerConfigKeys (ConfUtils.java:logGet(43)) - raft.server.rpc.request.timeout = 3000ms (default)
2019-09-19 13:57:33,524 [main] INFO  server.RaftServerConfigKeys (ConfUtils.java:logGet(43)) - raft.server.storage.dir = [/workdir/hadoop-ozone/integration-test/target/test-dir/MiniOzoneClusterImpl-dd3eabca-da74-4633-9d56-ab06f731d67f/datanode-6/data/ratis] (custom)
2019-09-19 13:57:33,525 [main] INFO  hdfs.DFSUtil (DFSUtil.java:httpServerTemplateForNNAndJN(1641)) - Starting Web-server for hddsDatanode at: http://0.0.0.0:0
2019-09-19 13:57:33,527 [main] INFO  server.AuthenticationFilter (AuthenticationFilter.java:constructSecretProvider(240)) - Unable to initialize FileSignerSecretProvider, falling back to use random secrets.
2019-09-19 13:57:33,527 [main] WARN  http.HttpRequestLog (HttpRequestLog.java:getRequestLog(97)) - Jetty request log can only be enabled using Log4j
2019-09-19 13:57:33,529 [main] INFO  http.HttpServer2 (HttpServer2.java:addGlobalFilter(975)) - Added global filter 'safety' (class=org.apache.hadoop.http.HttpServer2$QuotingInputFilter)
2019-09-19 13:57:33,529 [main] INFO  http.HttpServer2 (HttpServer2.java:addFilter(948)) - Added filter static_user_filter (class=org.apache.hadoop.http.lib.StaticUserWebFilter$StaticUserFilter) to context hddsDatanode
2019-09-19 13:57:33,529 [main] INFO  http.HttpServer2 (HttpServer2.java:addFilter(958)) - Added filter static_user_filter (class=org.apache.hadoop.http.lib.StaticUserWebFilter$StaticUserFilter) to context static
2019-09-19 13:57:33,530 [main] INFO  http.HttpServer2 (HttpServer2.java:addFilter(958)) - Added filter static_user_filter (class=org.apache.hadoop.http.lib.StaticUserWebFilter$StaticUserFilter) to context logs
2019-09-19 13:57:33,530 [main] INFO  http.HttpServer2 (HttpServer2.java:bindListener(1191)) - Jetty bound to port 39653
2019-09-19 13:57:33,531 [main] INFO  server.Server (Server.java:doStart(351)) - jetty-9.3.24.v20180605, build timestamp: 2018-06-05T17:11:56Z, git hash: 84205aa28f11a4f31f2a3b86d1bba2cc8ab69827
2019-09-19 13:57:33,533 [main] INFO  handler.ContextHandler (ContextHandler.java:doStart(781)) - Started o.e.j.s.ServletContextHandler@79add732{/logs,file:///workdir/hadoop-ozone/integration-test/target/log,AVAILABLE}
2019-09-19 13:57:33,533 [main] INFO  handler.ContextHandler (ContextHandler.java:doStart(781)) - Started o.e.j.s.ServletContextHandler@6c07ad6b{/static,jar:file:/home/user/.m2/repository/org/apache/hadoop/hadoop-hdds-container-service/0.5.0-SNAPSHOT/hadoop-hdds-container-service-0.5.0-SNAPSHOT.jar!/webapps/static,AVAILABLE}
2019-09-19 13:57:33,569 [main] INFO  handler.ContextHandler (ContextHandler.java:doStart(781)) - Started o.e.j.w.WebAppContext@67d8faec{/,file:///tmp/jetty-0.0.0.0-39653-hddsDatanode-_-any-7159305406424369649.dir/webapp/,AVAILABLE}{/hddsDatanode}
2019-09-19 13:57:33,570 [main] INFO  server.AbstractConnector (AbstractConnector.java:doStart(278)) - Started ServerConnector@751d7425{HTTP/1.1,[http/1.1]}{0.0.0.0:39653}
2019-09-19 13:57:33,574 [main] INFO  server.Server (Server.java:doStart(419)) - Started @526958ms
2019-09-19 13:57:33,574 [main] WARN  impl.MetricsSystemImpl (MetricsSystemImpl.java:register(276)) - Sink prometheus already exists!
2019-09-19 13:57:33,575 [main] INFO  server.BaseHttpServer (BaseHttpServer.java:updateConnectorAddress(215)) - HTTP server of HDDSDATANODE is listening at http://0.0.0.0:39653
2019-09-19 13:57:33,575 [main] INFO  ozone.MiniOzoneClusterImpl (MiniOzoneClusterImpl.java:lambda$waitForClusterToBeReady$0(145)) - Waiting for cluster to be ready. Got 0 of 7 DN Heartbeats.
2019-09-19 13:57:33,576 [org.apache.hadoop.util.JvmPauseMonitor$Monitor@1e308a0b] INFO  util.JvmPauseMonitor (JvmPauseMonitor.java:run(188)) - Starting JVM pause monitor
2019-09-19 13:57:33,577 [Datanode State Machine Thread - 0] INFO  datanode.InitDatanodeState (InitDatanodeState.java:persistContainerDatanodeDetails(140)) - DatanodeDetails is persisted to /workdir/hadoop-ozone/integration-test/target/test-dir/MiniOzoneClusterImpl-dd3eabca-da74-4633-9d56-ab06f731d67f/datanode-6/meta/datanode.id
2019-09-19 13:57:34,576 [main] INFO  ozone.MiniOzoneClusterImpl (MiniOzoneClusterImpl.java:lambda$waitForClusterToBeReady$0(145)) - Waiting for cluster to be ready. Got 0 of 7 DN Heartbeats.
2019-09-19 13:57:35,203 [Datanode State Machine Thread - 0] INFO  ozoneimpl.OzoneContainer (OzoneContainer.java:start(217)) - Attempting to start container services.
2019-09-19 13:57:35,204 [Datanode State Machine Thread - 0] INFO  ozoneimpl.OzoneContainer (OzoneContainer.java:startContainerScrub(179)) - Background container scanner has been disabled.
2019-09-19 13:57:35,204 [Datanode State Machine Thread - 0] INFO  ratis.XceiverServerRatis (XceiverServerRatis.java:start(411)) - Starting XceiverServerRatis ffe9ff16-6c36-4e32-891e-5d8f4d9c1a42 at port 0
2019-09-19 13:57:35,210 [Datanode State Machine Thread - 0] INFO  impl.RaftServerProxy (RaftServerProxy.java:lambda$start$3(299)) - ffe9ff16-6c36-4e32-891e-5d8f4d9c1a42: start RPC server
2019-09-19 13:57:35,213 [Datanode State Machine Thread - 0] INFO  server.GrpcService (GrpcService.java:startImpl(158)) - ffe9ff16-6c36-4e32-891e-5d8f4d9c1a42: GrpcService started, listening on 0.0.0.0/0.0.0.0:36574
2019-09-19 13:57:35,213 [Datanode State Machine Thread - 0] INFO  ratis.XceiverServerRatis (XceiverServerRatis.java:start(421)) - XceiverServerRatis ffe9ff16-6c36-4e32-891e-5d8f4d9c1a42 is started using port 36574
2019-09-19 13:57:35,214 [Datanode State Machine Thread - 0] INFO  server.XceiverServerGrpc (XceiverServerGrpc.java:start(163)) - XceiverServerGrpc ffe9ff16-6c36-4e32-891e-5d8f4d9c1a42 is started using port 35975
2019-09-19 13:57:35,254 [Datanode State Machine Thread - 0] INFO  ozoneimpl.OzoneContainer (OzoneContainer.java:start(217)) - Attempting to start container services.
2019-09-19 13:57:35,254 [Datanode State Machine Thread - 0] INFO  ozoneimpl.OzoneContainer (OzoneContainer.java:startContainerScrub(179)) - Background container scanner has been disabled.
2019-09-19 13:57:35,254 [Datanode State Machine Thread - 0] INFO  ratis.XceiverServerRatis (XceiverServerRatis.java:start(411)) - Starting XceiverServerRatis 6c9a1640-e1f5-4cdf-82bf-56ab00cf4fe0 at port 0
2019-09-19 13:57:35,262 [Datanode State Machine Thread - 0] INFO  impl.RaftServerProxy (RaftServerProxy.java:lambda$start$3(299)) - 6c9a1640-e1f5-4cdf-82bf-56ab00cf4fe0: start RPC server
2019-09-19 13:57:35,264 [Datanode State Machine Thread - 0] INFO  server.GrpcService (GrpcService.java:startImpl(158)) - 6c9a1640-e1f5-4cdf-82bf-56ab00cf4fe0: GrpcService started, listening on 0.0.0.0/0.0.0.0:35422
2019-09-19 13:57:35,264 [Datanode State Machine Thread - 0] INFO  ratis.XceiverServerRatis (XceiverServerRatis.java:start(421)) - XceiverServerRatis 6c9a1640-e1f5-4cdf-82bf-56ab00cf4fe0 is started using port 35422
2019-09-19 13:57:35,267 [Datanode State Machine Thread - 0] INFO  server.XceiverServerGrpc (XceiverServerGrpc.java:start(163)) - XceiverServerGrpc 6c9a1640-e1f5-4cdf-82bf-56ab00cf4fe0 is started using port 40497
2019-09-19 13:57:35,307 [Datanode State Machine Thread - 0] INFO  ozoneimpl.OzoneContainer (OzoneContainer.java:start(217)) - Attempting to start container services.
2019-09-19 13:57:35,308 [Datanode State Machine Thread - 0] INFO  ozoneimpl.OzoneContainer (OzoneContainer.java:startContainerScrub(179)) - Background container scanner has been disabled.
2019-09-19 13:57:35,308 [Datanode State Machine Thread - 0] INFO  ratis.XceiverServerRatis (XceiverServerRatis.java:start(411)) - Starting XceiverServerRatis 202307d0-0994-4a5f-bc69-095ec566398d at port 0
2019-09-19 13:57:35,315 [Datanode State Machine Thread - 0] INFO  impl.RaftServerProxy (RaftServerProxy.java:lambda$start$3(299)) - 202307d0-0994-4a5f-bc69-095ec566398d: start RPC server
2019-09-19 13:57:35,317 [Datanode State Machine Thread - 0] INFO  server.GrpcService (GrpcService.java:startImpl(158)) - 202307d0-0994-4a5f-bc69-095ec566398d: GrpcService started, listening on 0.0.0.0/0.0.0.0:40477
2019-09-19 13:57:35,317 [Datanode State Machine Thread - 0] INFO  ratis.XceiverServerRatis (XceiverServerRatis.java:start(421)) - XceiverServerRatis 202307d0-0994-4a5f-bc69-095ec566398d is started using port 40477
2019-09-19 13:57:35,320 [Datanode State Machine Thread - 0] INFO  server.XceiverServerGrpc (XceiverServerGrpc.java:start(163)) - XceiverServerGrpc 202307d0-0994-4a5f-bc69-095ec566398d is started using port 35802
2019-09-19 13:57:35,386 [Datanode State Machine Thread - 0] INFO  ozoneimpl.OzoneContainer (OzoneContainer.java:start(217)) - Attempting to start container services.
2019-09-19 13:57:35,386 [Datanode State Machine Thread - 0] INFO  ozoneimpl.OzoneContainer (OzoneContainer.java:startContainerScrub(179)) - Background container scanner has been disabled.
2019-09-19 13:57:35,386 [Datanode State Machine Thread - 0] INFO  ratis.XceiverServerRatis (XceiverServerRatis.java:start(411)) - Starting XceiverServerRatis b4030cb9-bb90-48fa-8940-2ba1da097595 at port 0
2019-09-19 13:57:35,393 [Datanode State Machine Thread - 0] INFO  impl.RaftServerProxy (RaftServerProxy.java:lambda$start$3(299)) - b4030cb9-bb90-48fa-8940-2ba1da097595: start RPC server
2019-09-19 13:57:35,395 [Datanode State Machine Thread - 0] INFO  server.GrpcService (GrpcService.java:startImpl(158)) - b4030cb9-bb90-48fa-8940-2ba1da097595: GrpcService started, listening on 0.0.0.0/0.0.0.0:39023
2019-09-19 13:57:35,395 [Datanode State Machine Thread - 0] INFO  ratis.XceiverServerRatis (XceiverServerRatis.java:start(421)) - XceiverServerRatis b4030cb9-bb90-48fa-8940-2ba1da097595 is started using port 39023
2019-09-19 13:57:35,396 [Datanode State Machine Thread - 0] INFO  server.XceiverServerGrpc (XceiverServerGrpc.java:start(163)) - XceiverServerGrpc b4030cb9-bb90-48fa-8940-2ba1da097595 is started using port 33050
2019-09-19 13:57:35,460 [Datanode State Machine Thread - 0] INFO  ozoneimpl.OzoneContainer (OzoneContainer.java:start(217)) - Attempting to start container services.
2019-09-19 13:57:35,460 [Datanode State Machine Thread - 0] INFO  ozoneimpl.OzoneContainer (OzoneContainer.java:startContainerScrub(179)) - Background container scanner has been disabled.
2019-09-19 13:57:35,460 [Datanode State Machine Thread - 0] INFO  ratis.XceiverServerRatis (XceiverServerRatis.java:start(411)) - Starting XceiverServerRatis de9a6245-bc05-4757-817d-214bc59448ea at port 0
2019-09-19 13:57:35,467 [Datanode State Machine Thread - 0] INFO  impl.RaftServerProxy (RaftServerProxy.java:lambda$start$3(299)) - de9a6245-bc05-4757-817d-214bc59448ea: start RPC server
2019-09-19 13:57:35,470 [Datanode State Machine Thread - 0] INFO  server.GrpcService (GrpcService.java:startImpl(158)) - de9a6245-bc05-4757-817d-214bc59448ea: GrpcService started, listening on 0.0.0.0/0.0.0.0:35305
2019-09-19 13:57:35,470 [Datanode State Machine Thread - 0] INFO  ratis.XceiverServerRatis (XceiverServerRatis.java:start(421)) - XceiverServerRatis de9a6245-bc05-4757-817d-214bc59448ea is started using port 35305
2019-09-19 13:57:35,473 [Datanode State Machine Thread - 0] INFO  server.XceiverServerGrpc (XceiverServerGrpc.java:start(163)) - XceiverServerGrpc de9a6245-bc05-4757-817d-214bc59448ea is started using port 46603
2019-09-19 13:57:35,516 [Datanode State Machine Thread - 0] INFO  ozoneimpl.OzoneContainer (OzoneContainer.java:start(217)) - Attempting to start container services.
2019-09-19 13:57:35,516 [Datanode State Machine Thread - 0] INFO  ozoneimpl.OzoneContainer (OzoneContainer.java:startContainerScrub(179)) - Background container scanner has been disabled.
2019-09-19 13:57:35,516 [Datanode State Machine Thread - 0] INFO  ratis.XceiverServerRatis (XceiverServerRatis.java:start(411)) - Starting XceiverServerRatis 1aff1733-57f6-45fc-9f0b-1426b548f5f7 at port 0
2019-09-19 13:57:35,523 [Datanode State Machine Thread - 0] INFO  impl.RaftServerProxy (RaftServerProxy.java:lambda$start$3(299)) - 1aff1733-57f6-45fc-9f0b-1426b548f5f7: start RPC server
2019-09-19 13:57:35,524 [Datanode State Machine Thread - 0] INFO  server.GrpcService (GrpcService.java:startImpl(158)) - 1aff1733-57f6-45fc-9f0b-1426b548f5f7: GrpcService started, listening on 0.0.0.0/0.0.0.0:39053
2019-09-19 13:57:35,524 [Datanode State Machine Thread - 0] INFO  ratis.XceiverServerRatis (XceiverServerRatis.java:start(421)) - XceiverServerRatis 1aff1733-57f6-45fc-9f0b-1426b548f5f7 is started using port 39053
2019-09-19 13:57:35,525 [Datanode State Machine Thread - 0] INFO  server.XceiverServerGrpc (XceiverServerGrpc.java:start(163)) - XceiverServerGrpc 1aff1733-57f6-45fc-9f0b-1426b548f5f7 is started using port 44790
2019-09-19 13:57:35,577 [main] INFO  ozone.MiniOzoneClusterImpl (MiniOzoneClusterImpl.java:lambda$waitForClusterToBeReady$0(145)) - Waiting for cluster to be ready. Got 0 of 7 DN Heartbeats.
2019-09-19 13:57:35,590 [Datanode State Machine Thread - 0] INFO  ozoneimpl.OzoneContainer (OzoneContainer.java:start(217)) - Attempting to start container services.
2019-09-19 13:57:35,590 [Datanode State Machine Thread - 0] INFO  ozoneimpl.OzoneContainer (OzoneContainer.java:startContainerScrub(179)) - Background container scanner has been disabled.
2019-09-19 13:57:35,590 [Datanode State Machine Thread - 0] INFO  ratis.XceiverServerRatis (XceiverServerRatis.java:start(411)) - Starting XceiverServerRatis b79314af-b76a-4043-8286-658659bd0849 at port 0
2019-09-19 13:57:35,597 [Datanode State Machine Thread - 0] INFO  impl.RaftServerProxy (RaftServerProxy.java:lambda$start$3(299)) - b79314af-b76a-4043-8286-658659bd0849: start RPC server
2019-09-19 13:57:35,607 [Datanode State Machine Thread - 0] INFO  server.GrpcService (GrpcService.java:startImpl(158)) - b79314af-b76a-4043-8286-658659bd0849: GrpcService started, listening on 0.0.0.0/0.0.0.0:34896
2019-09-19 13:57:35,607 [Datanode State Machine Thread - 0] INFO  ratis.XceiverServerRatis (XceiverServerRatis.java:start(421)) - XceiverServerRatis b79314af-b76a-4043-8286-658659bd0849 is started using port 34896
2019-09-19 13:57:35,608 [Datanode State Machine Thread - 0] INFO  server.XceiverServerGrpc (XceiverServerGrpc.java:start(163)) - XceiverServerGrpc b79314af-b76a-4043-8286-658659bd0849 is started using port 42404
2019-09-19 13:57:36,577 [main] INFO  ozone.MiniOzoneClusterImpl (MiniOzoneClusterImpl.java:lambda$waitForClusterToBeReady$0(145)) - Waiting for cluster to be ready. Got 0 of 7 DN Heartbeats.
2019-09-19 13:57:37,187 [IPC Server handler 6 on 36951] INFO  net.NetworkTopology (NetworkTopologyImpl.java:add(111)) - Added a new node: /default-rack/ffe9ff16-6c36-4e32-891e-5d8f4d9c1a42
2019-09-19 13:57:37,190 [IPC Server handler 6 on 36951] INFO  node.SCMNodeManager (SCMNodeManager.java:register(266)) - Registered Data node : ffe9ff16-6c36-4e32-891e-5d8f4d9c1a42{ip: 192.168.36.82, host: pr-hdds-2151-rkvw4-133030696, networkLocation: /default-rack, certSerialId: null}
2019-09-19 13:57:37,191 [EventQueue-NodeRegistrationContainerReportForDataNodeSafeModeRule] INFO  safemode.SCMSafeModeManager (DataNodeSafeModeRule.java:process(71)) - SCM in safe mode. 1 DataNodes registered, 1 required.
2019-09-19 13:57:37,194 [EventQueue-NodeRegistrationContainerReportForDataNodeSafeModeRule] INFO  safemode.SCMSafeModeManager (SCMSafeModeManager.java:validateSafeModeExitRules(177)) - ScmSafeModeManager, all rules are successfully validated
2019-09-19 13:57:37,194 [EventQueue-NodeRegistrationContainerReportForDataNodeSafeModeRule] INFO  safemode.SCMSafeModeManager (SCMSafeModeManager.java:exitSafeMode(193)) - SCM exiting safe mode.
2019-09-19 13:57:37,207 [grpc-default-executor-7] INFO  impl.RaftServerProxy (RaftServerProxy.java:addNew(89)) - ffe9ff16-6c36-4e32-891e-5d8f4d9c1a42: addNew group-199F80D5DEFC:[ffe9ff16-6c36-4e32-891e-5d8f4d9c1a42:192.168.36.82:36574] returns group-199F80D5DEFC:java.util.concurrent.CompletableFuture@2c64090f[Not completed]
2019-09-19 13:57:37,208 [pool-409-thread-1] INFO  impl.RaftServerImpl (RaftServerImpl.java:<init>(95)) - ffe9ff16-6c36-4e32-891e-5d8f4d9c1a42: new RaftServerImpl for group-199F80D5DEFC:[ffe9ff16-6c36-4e32-891e-5d8f4d9c1a42:192.168.36.82:36574] with ContainerStateMachine:uninitialized
2019-09-19 13:57:37,208 [pool-409-thread-1] INFO  server.RaftServerConfigKeys (ConfUtils.java:logGet(43)) - raft.server.rpc.timeout.min = 5s (custom)
2019-09-19 13:57:37,209 [pool-409-thread-1] INFO  server.RaftServerConfigKeys (ConfUtils.java:logGet(43)) - raft.server.rpc.timeout.max = 5200ms (custom)
2019-09-19 13:57:37,209 [pool-409-thread-1] INFO  server.RaftServerConfigKeys (ConfUtils.java:logGet(43)) - raft.server.rpcslowness.timeout = 120s (custom)
2019-09-19 13:57:37,209 [pool-409-thread-1] INFO  server.RaftServerConfigKeys (ConfUtils.java:logGet(43)) - raft.server.sleep.deviation.threshold = 300 (default)
2019-09-19 13:57:37,209 [pool-409-thread-1] INFO  server.RaftServerConfigKeys (ConfUtils.java:logGet(43)) - raft.server.log.appender.install.snapshot.enabled = false (custom)
2019-09-19 13:57:37,209 [pool-409-thread-1] INFO  impl.RaftServerImpl (ServerState.java:<init>(103)) - ffe9ff16-6c36-4e32-891e-5d8f4d9c1a42@group-199F80D5DEFC: ConfigurationManager, init=-1: [ffe9ff16-6c36-4e32-891e-5d8f4d9c1a42:192.168.36.82:36574], old=null, confs=<EMPTY_MAP>
2019-09-19 13:57:37,209 [pool-409-thread-1] INFO  server.RaftServerConfigKeys (ConfUtils.java:logGet(43)) - raft.server.storage.dir = [/workdir/hadoop-ozone/integration-test/target/test-dir/MiniOzoneClusterImpl-dd3eabca-da74-4633-9d56-ab06f731d67f/datanode-0/data/ratis] (custom)
2019-09-19 13:57:37,210 [pool-409-thread-1] INFO  storage.RaftStorageDirectory (RaftStorageDirectory.java:analyzeStorage(246)) - The storage directory /workdir/hadoop-ozone/integration-test/target/test-dir/MiniOzoneClusterImpl-dd3eabca-da74-4633-9d56-ab06f731d67f/datanode-0/data/ratis/fd614a82-6ac0-40d2-8c25-199f80d5defc does not exist. Creating ...
2019-09-19 13:57:37,220 [pool-409-thread-1] INFO  storage.RaftStorageDirectory (RaftStorageDirectory.java:tryLock(328)) - Lock on /workdir/hadoop-ozone/integration-test/target/test-dir/MiniOzoneClusterImpl-dd3eabca-da74-4633-9d56-ab06f731d67f/datanode-0/data/ratis/fd614a82-6ac0-40d2-8c25-199f80d5defc/in_use.lock acquired by nodename 23769@pr-hdds-2151-rkvw4-133030696
2019-09-19 13:57:37,240 [pool-409-thread-1] INFO  storage.RaftStorage (RaftStorage.java:format(72)) - Storage directory /workdir/hadoop-ozone/integration-test/target/test-dir/MiniOzoneClusterImpl-dd3eabca-da74-4633-9d56-ab06f731d67f/datanode-0/data/ratis/fd614a82-6ac0-40d2-8c25-199f80d5defc has been successfully formatted.
2019-09-19 13:57:37,240 [IPC Server handler 5 on 36951] INFO  net.NetworkTopology (NetworkTopologyImpl.java:add(111)) - Added a new node: /default-rack/6c9a1640-e1f5-4cdf-82bf-56ab00cf4fe0
2019-09-19 13:57:37,240 [pool-409-thread-1] INFO  ratis.ContainerStateMachine (ContainerStateMachine.java:loadSnapshot(230)) - group-199F80D5DEFC: The snapshot info is null. Setting the last applied indexto:(t:0, i:~)
2019-09-19 13:57:37,240 [IPC Server handler 5 on 36951] INFO  node.SCMNodeManager (SCMNodeManager.java:register(266)) - Registered Data node : 6c9a1640-e1f5-4cdf-82bf-56ab00cf4fe0{ip: 192.168.36.82, host: pr-hdds-2151-rkvw4-133030696, networkLocation: /default-rack, certSerialId: null}
2019-09-19 13:57:37,240 [pool-409-thread-1] INFO  server.RaftServerConfigKeys (ConfUtils.java:logGet(43)) - raft.server.notification.no-leader.timeout = 120s (custom)
2019-09-19 13:57:37,241 [pool-409-thread-1] INFO  server.RaftServerConfigKeys (ConfUtils.java:logGet(43)) - raft.server.log.use.memory = false (default)
2019-09-19 13:57:37,241 [pool-409-thread-1] INFO  server.RaftServerConfigKeys (ConfUtils.java:logGet(43)) - raft.server.log.purge.gap = 1000000 (custom)
2019-09-19 13:57:37,241 [pool-409-thread-1] INFO  server.RaftServerConfigKeys (ConfUtils.java:logGet(43)) - raft.server.log.appender.buffer.byte-limit = 33554432 (custom)
2019-09-19 13:57:37,241 [pool-409-thread-1] INFO  server.RaftServerConfigKeys (ConfUtils.java:logGet(43)) - raft.server.log.segment.size.max = 1048576 (custom)
2019-09-19 13:57:37,241 [pool-409-thread-1] INFO  server.RaftServerConfigKeys (ConfUtils.java:logGet(43)) - raft.server.log.segment.cache.num.max = 2 (custom)
2019-09-19 13:57:37,241 [pool-409-thread-1] INFO  segmented.SegmentedRaftLogWorker (SegmentedRaftLogWorker.java:<init>(172)) - new ffe9ff16-6c36-4e32-891e-5d8f4d9c1a42@group-199F80D5DEFC-SegmentedRaftLogWorker for RaftStorage:Storage Directory /workdir/hadoop-ozone/integration-test/target/test-dir/MiniOzoneClusterImpl-dd3eabca-da74-4633-9d56-ab06f731d67f/datanode-0/data/ratis/fd614a82-6ac0-40d2-8c25-199f80d5defc
2019-09-19 13:57:37,243 [pool-409-thread-1] INFO  server.RaftServerConfigKeys (ConfUtils.java:logGet(43)) - raft.server.log.queue.byte-limit = 2147483647 (custom)
2019-09-19 13:57:37,243 [pool-409-thread-1] INFO  server.RaftServerConfigKeys (ConfUtils.java:logGet(43)) - raft.server.log.queue.element-limit = 1024 (custom)
2019-09-19 13:57:37,244 [pool-409-thread-1] INFO  server.RaftServerConfigKeys (ConfUtils.java:logGet(43)) - raft.server.log.segment.size.max = 1048576 (custom)
2019-09-19 13:57:37,244 [pool-409-thread-1] INFO  server.RaftServerConfigKeys (ConfUtils.java:logGet(43)) - raft.server.log.preallocated.size = 16384 (custom)
2019-09-19 13:57:37,244 [pool-409-thread-1] INFO  server.RaftServerConfigKeys (ConfUtils.java:logGet(43)) - raft.server.log.write.buffer.size = 33554432 (custom)
2019-09-19 13:57:37,244 [pool-409-thread-1] INFO  server.RaftServerConfigKeys (ConfUtils.java:logGet(43)) - raft.server.log.force.sync.num = 128 (default)
2019-09-19 13:57:37,244 [pool-409-thread-1] INFO  server.RaftServerConfigKeys (ConfUtils.java:logGet(43)) - raft.server.log.statemachine.data.sync = true (default)
2019-09-19 13:57:37,244 [pool-409-thread-1] INFO  server.RaftServerConfigKeys (ConfUtils.java:logGet(43)) - raft.server.log.statemachine.data.sync.timeout = 10s (default)
2019-09-19 13:57:37,244 [pool-409-thread-1] INFO  server.RaftServerConfigKeys (ConfUtils.java:logGet(43)) - raft.server.log.statemachine.data.sync.timeout.retry = -1 (default)
2019-09-19 13:57:37,244 [pool-409-thread-1] INFO  server.RaftServerConfigKeys (ConfUtils.java:logGet(43)) - raft.server.log.statemachine.data.caching.enabled = true (custom)
2019-09-19 13:57:37,245 [pool-409-thread-1] INFO  segmented.SegmentedRaftLogWorker (SegmentedRaftLogWorker.java:lambda$new$0(132)) - ffe9ff16-6c36-4e32-891e-5d8f4d9c1a42@group-199F80D5DEFC-SegmentedRaftLogWorker: flushIndex: setUnconditionally 0 -> -1
2019-09-19 13:57:37,245 [pool-409-thread-1] INFO  server.RaftServerConfigKeys (ConfUtils.java:logGet(43)) - raft.server.snapshot.auto.trigger.enabled = true (custom)
2019-09-19 13:57:37,245 [pool-409-thread-1] INFO  server.RaftServerConfigKeys (ConfUtils.java:logGet(43)) - raft.server.snapshot.auto.trigger.threshold = 10000 (custom)
2019-09-19 13:57:37,245 [pool-409-thread-1] INFO  server.RaftServerConfigKeys (ConfUtils.java:logGet(43)) - raft.server.snapshot.retention.num.files = 5 (custom)
2019-09-19 13:57:37,245 [pool-409-thread-1] INFO  server.RaftServerConfigKeys (ConfUtils.java:logGet(43)) - raft.server.retrycache.expirytime = 600000ms (custom)
2019-09-19 13:57:37,247 [pool-409-thread-1] INFO  impl.RaftServerImpl (RaftServerImpl.java:start(185)) - ffe9ff16-6c36-4e32-891e-5d8f4d9c1a42@group-199F80D5DEFC: start as a follower, conf=-1: [ffe9ff16-6c36-4e32-891e-5d8f4d9c1a42:192.168.36.82:36574], old=null
2019-09-19 13:57:37,247 [pool-409-thread-1] INFO  impl.RaftServerImpl (RaftServerImpl.java:setRole(174)) - ffe9ff16-6c36-4e32-891e-5d8f4d9c1a42@group-199F80D5DEFC: changes role from      null to FOLLOWER at term 0 for startAsFollower
2019-09-19 13:57:37,247 [pool-409-thread-1] INFO  impl.RoleInfo (RoleInfo.java:updateAndGet(143)) - ffe9ff16-6c36-4e32-891e-5d8f4d9c1a42: start FollowerState
2019-09-19 13:57:37,248 [pool-409-thread-1] INFO  util.JmxRegister (JmxRegister.java:tryRegister(44)) - Successfully registered JMX Bean with object name Ratis:service=RaftServer,group=group-199F80D5DEFC,id=ffe9ff16-6c36-4e32-891e-5d8f4d9c1a42
2019-09-19 13:57:37,250 [RatisPipelineUtilsThread] INFO  pipeline.PipelineStateManager (PipelineStateManager.java:addPipeline(56)) - Created pipeline Pipeline[ Id: fd614a82-6ac0-40d2-8c25-199f80d5defc, Nodes: ffe9ff16-6c36-4e32-891e-5d8f4d9c1a42{ip: 192.168.36.82, host: pr-hdds-2151-rkvw4-133030696, networkLocation: /default-rack, certSerialId: null}, Type:RATIS, Factor:ONE, State:OPEN]
2019-09-19 13:57:37,258 [grpc-default-executor-7] INFO  impl.RaftServerProxy (RaftServerProxy.java:addNew(89)) - 6c9a1640-e1f5-4cdf-82bf-56ab00cf4fe0: addNew group-FCA4EF7293E5:[6c9a1640-e1f5-4cdf-82bf-56ab00cf4fe0:192.168.36.82:35422] returns group-FCA4EF7293E5:java.util.concurrent.CompletableFuture@23c97c70[Not completed]
2019-09-19 13:57:37,260 [pool-419-thread-1] INFO  impl.RaftServerImpl (RaftServerImpl.java:<init>(95)) - 6c9a1640-e1f5-4cdf-82bf-56ab00cf4fe0: new RaftServerImpl for group-FCA4EF7293E5:[6c9a1640-e1f5-4cdf-82bf-56ab00cf4fe0:192.168.36.82:35422] with ContainerStateMachine:uninitialized
2019-09-19 13:57:37,260 [pool-419-thread-1] INFO  server.RaftServerConfigKeys (ConfUtils.java:logGet(43)) - raft.server.rpc.timeout.min = 5s (custom)
2019-09-19 13:57:37,260 [pool-419-thread-1] INFO  server.RaftServerConfigKeys (ConfUtils.java:logGet(43)) - raft.server.rpc.timeout.max = 5200ms (custom)
2019-09-19 13:57:37,260 [pool-419-thread-1] INFO  server.RaftServerConfigKeys (ConfUtils.java:logGet(43)) - raft.server.rpcslowness.timeout = 120s (custom)
2019-09-19 13:57:37,260 [pool-419-thread-1] INFO  server.RaftServerConfigKeys (ConfUtils.java:logGet(43)) - raft.server.sleep.deviation.threshold = 300 (default)
2019-09-19 13:57:37,260 [pool-419-thread-1] INFO  server.RaftServerConfigKeys (ConfUtils.java:logGet(43)) - raft.server.log.appender.install.snapshot.enabled = false (custom)
2019-09-19 13:57:37,260 [pool-419-thread-1] INFO  impl.RaftServerImpl (ServerState.java:<init>(103)) - 6c9a1640-e1f5-4cdf-82bf-56ab00cf4fe0@group-FCA4EF7293E5: ConfigurationManager, init=-1: [6c9a1640-e1f5-4cdf-82bf-56ab00cf4fe0:192.168.36.82:35422], old=null, confs=<EMPTY_MAP>
2019-09-19 13:57:37,260 [pool-419-thread-1] INFO  server.RaftServerConfigKeys (ConfUtils.java:logGet(43)) - raft.server.storage.dir = [/workdir/hadoop-ozone/integration-test/target/test-dir/MiniOzoneClusterImpl-dd3eabca-da74-4633-9d56-ab06f731d67f/datanode-1/data/ratis] (custom)
2019-09-19 13:57:37,261 [pool-419-thread-1] INFO  storage.RaftStorageDirectory (RaftStorageDirectory.java:analyzeStorage(246)) - The storage directory /workdir/hadoop-ozone/integration-test/target/test-dir/MiniOzoneClusterImpl-dd3eabca-da74-4633-9d56-ab06f731d67f/datanode-1/data/ratis/d272da47-523e-411c-867b-fca4ef7293e5 does not exist. Creating ...
2019-09-19 13:57:37,273 [pool-419-thread-1] INFO  storage.RaftStorageDirectory (RaftStorageDirectory.java:tryLock(328)) - Lock on /workdir/hadoop-ozone/integration-test/target/test-dir/MiniOzoneClusterImpl-dd3eabca-da74-4633-9d56-ab06f731d67f/datanode-1/data/ratis/d272da47-523e-411c-867b-fca4ef7293e5/in_use.lock acquired by nodename 23769@pr-hdds-2151-rkvw4-133030696
2019-09-19 13:57:37,287 [pool-419-thread-1] INFO  storage.RaftStorage (RaftStorage.java:format(72)) - Storage directory /workdir/hadoop-ozone/integration-test/target/test-dir/MiniOzoneClusterImpl-dd3eabca-da74-4633-9d56-ab06f731d67f/datanode-1/data/ratis/d272da47-523e-411c-867b-fca4ef7293e5 has been successfully formatted.
2019-09-19 13:57:37,287 [pool-419-thread-1] INFO  ratis.ContainerStateMachine (ContainerStateMachine.java:loadSnapshot(230)) - group-FCA4EF7293E5: The snapshot info is null. Setting the last applied indexto:(t:0, i:~)
2019-09-19 13:57:37,287 [pool-419-thread-1] INFO  server.RaftServerConfigKeys (ConfUtils.java:logGet(43)) - raft.server.notification.no-leader.timeout = 120s (custom)
2019-09-19 13:57:37,287 [pool-419-thread-1] INFO  server.RaftServerConfigKeys (ConfUtils.java:logGet(43)) - raft.server.log.use.memory = false (default)
2019-09-19 13:57:37,287 [pool-419-thread-1] INFO  server.RaftServerConfigKeys (ConfUtils.java:logGet(43)) - raft.server.log.purge.gap = 1000000 (custom)
2019-09-19 13:57:37,287 [pool-419-thread-1] INFO  server.RaftServerConfigKeys (ConfUtils.java:logGet(43)) - raft.server.log.appender.buffer.byte-limit = 33554432 (custom)
2019-09-19 13:57:37,287 [pool-419-thread-1] INFO  server.RaftServerConfigKeys (ConfUtils.java:logGet(43)) - raft.server.log.segment.size.max = 1048576 (custom)
2019-09-19 13:57:37,287 [pool-419-thread-1] INFO  server.RaftServerConfigKeys (ConfUtils.java:logGet(43)) - raft.server.log.segment.cache.num.max = 2 (custom)
2019-09-19 13:57:37,288 [pool-419-thread-1] INFO  segmented.SegmentedRaftLogWorker (SegmentedRaftLogWorker.java:<init>(172)) - new 6c9a1640-e1f5-4cdf-82bf-56ab00cf4fe0@group-FCA4EF7293E5-SegmentedRaftLogWorker for RaftStorage:Storage Directory /workdir/hadoop-ozone/integration-test/target/test-dir/MiniOzoneClusterImpl-dd3eabca-da74-4633-9d56-ab06f731d67f/datanode-1/data/ratis/d272da47-523e-411c-867b-fca4ef7293e5
2019-09-19 13:57:37,289 [pool-419-thread-1] INFO  server.RaftServerConfigKeys (ConfUtils.java:logGet(43)) - raft.server.log.queue.byte-limit = 2147483647 (custom)
2019-09-19 13:57:37,289 [pool-419-thread-1] INFO  server.RaftServerConfigKeys (ConfUtils.java:logGet(43)) - raft.server.log.queue.element-limit = 1024 (custom)
2019-09-19 13:57:37,289 [pool-419-thread-1] INFO  server.RaftServerConfigKeys (ConfUtils.java:logGet(43)) - raft.server.log.segment.size.max = 1048576 (custom)
2019-09-19 13:57:37,289 [pool-419-thread-1] INFO  server.RaftServerConfigKeys (ConfUtils.java:logGet(43)) - raft.server.log.preallocated.size = 16384 (custom)
2019-09-19 13:57:37,290 [pool-419-thread-1] INFO  server.RaftServerConfigKeys (ConfUtils.java:logGet(43)) - raft.server.log.write.buffer.size = 33554432 (custom)
2019-09-19 13:57:37,290 [pool-419-thread-1] INFO  server.RaftServerConfigKeys (ConfUtils.java:logGet(43)) - raft.server.log.force.sync.num = 128 (default)
2019-09-19 13:57:37,290 [pool-419-thread-1] INFO  server.RaftServerConfigKeys (ConfUtils.java:logGet(43)) - raft.server.log.statemachine.data.sync = true (default)
2019-09-19 13:57:37,290 [pool-419-thread-1] INFO  server.RaftServerConfigKeys (ConfUtils.java:logGet(43)) - raft.server.log.statemachine.data.sync.timeout = 10s (default)
2019-09-19 13:57:37,290 [pool-419-thread-1] INFO  server.RaftServerConfigKeys (ConfUtils.java:logGet(43)) - raft.server.log.statemachine.data.sync.timeout.retry = -1 (default)
2019-09-19 13:57:37,290 [pool-419-thread-1] INFO  server.RaftServerConfigKeys (ConfUtils.java:logGet(43)) - raft.server.log.statemachine.data.caching.enabled = true (custom)
2019-09-19 13:57:37,290 [pool-419-thread-1] INFO  segmented.SegmentedRaftLogWorker (SegmentedRaftLogWorker.java:lambda$new$0(132)) - 6c9a1640-e1f5-4cdf-82bf-56ab00cf4fe0@group-FCA4EF7293E5-SegmentedRaftLogWorker: flushIndex: setUnconditionally 0 -> -1
2019-09-19 13:57:37,291 [pool-419-thread-1] INFO  server.RaftServerConfigKeys (ConfUtils.java:logGet(43)) - raft.server.snapshot.auto.trigger.enabled = true (custom)
2019-09-19 13:57:37,291 [pool-419-thread-1] INFO  server.RaftServerConfigKeys (ConfUtils.java:logGet(43)) - raft.server.snapshot.auto.trigger.threshold = 10000 (custom)
2019-09-19 13:57:37,291 [pool-419-thread-1] INFO  server.RaftServerConfigKeys (ConfUtils.java:logGet(43)) - raft.server.snapshot.retention.num.files = 5 (custom)
2019-09-19 13:57:37,291 [pool-419-thread-1] INFO  server.RaftServerConfigKeys (ConfUtils.java:logGet(43)) - raft.server.retrycache.expirytime = 600000ms (custom)
2019-09-19 13:57:37,293 [pool-419-thread-1] INFO  impl.RaftServerImpl (RaftServerImpl.java:start(185)) - 6c9a1640-e1f5-4cdf-82bf-56ab00cf4fe0@group-FCA4EF7293E5: start as a follower, conf=-1: [6c9a1640-e1f5-4cdf-82bf-56ab00cf4fe0:192.168.36.82:35422], old=null
2019-09-19 13:57:37,293 [pool-419-thread-1] INFO  impl.RaftServerImpl (RaftServerImpl.java:setRole(174)) - 6c9a1640-e1f5-4cdf-82bf-56ab00cf4fe0@group-FCA4EF7293E5: changes role from      null to FOLLOWER at term 0 for startAsFollower
2019-09-19 13:57:37,293 [pool-419-thread-1] INFO  impl.RoleInfo (RoleInfo.java:updateAndGet(143)) - 6c9a1640-e1f5-4cdf-82bf-56ab00cf4fe0: start FollowerState
2019-09-19 13:57:37,293 [pool-419-thread-1] INFO  util.JmxRegister (JmxRegister.java:tryRegister(44)) - Successfully registered JMX Bean with object name Ratis:service=RaftServer,group=group-FCA4EF7293E5,id=6c9a1640-e1f5-4cdf-82bf-56ab00cf4fe0
2019-09-19 13:57:37,295 [IPC Server handler 0 on 36951] INFO  net.NetworkTopology (NetworkTopologyImpl.java:add(111)) - Added a new node: /default-rack/202307d0-0994-4a5f-bc69-095ec566398d
2019-09-19 13:57:37,295 [IPC Server handler 0 on 36951] INFO  node.SCMNodeManager (SCMNodeManager.java:register(266)) - Registered Data node : 202307d0-0994-4a5f-bc69-095ec566398d{ip: 192.168.36.82, host: pr-hdds-2151-rkvw4-133030696, networkLocation: /default-rack, certSerialId: null}
2019-09-19 13:57:37,296 [RatisPipelineUtilsThread] INFO  pipeline.PipelineStateManager (PipelineStateManager.java:addPipeline(56)) - Created pipeline Pipeline[ Id: d272da47-523e-411c-867b-fca4ef7293e5, Nodes: 6c9a1640-e1f5-4cdf-82bf-56ab00cf4fe0{ip: 192.168.36.82, host: pr-hdds-2151-rkvw4-133030696, networkLocation: /default-rack, certSerialId: null}, Type:RATIS, Factor:ONE, State:OPEN]
2019-09-19 13:57:37,303 [grpc-default-executor-7] INFO  impl.RaftServerProxy (RaftServerProxy.java:addNew(89)) - 202307d0-0994-4a5f-bc69-095ec566398d: addNew group-8BDDC8143130:[202307d0-0994-4a5f-bc69-095ec566398d:192.168.36.82:40477] returns group-8BDDC8143130:java.util.concurrent.CompletableFuture@4c2e9b8e[Not completed]
2019-09-19 13:57:37,304 [pool-429-thread-1] INFO  impl.RaftServerImpl (RaftServerImpl.java:<init>(95)) - 202307d0-0994-4a5f-bc69-095ec566398d: new RaftServerImpl for group-8BDDC8143130:[202307d0-0994-4a5f-bc69-095ec566398d:192.168.36.82:40477] with ContainerStateMachine:uninitialized
2019-09-19 13:57:37,305 [pool-429-thread-1] INFO  server.RaftServerConfigKeys (ConfUtils.java:logGet(43)) - raft.server.rpc.timeout.min = 5s (custom)
2019-09-19 13:57:37,305 [pool-429-thread-1] INFO  server.RaftServerConfigKeys (ConfUtils.java:logGet(43)) - raft.server.rpc.timeout.max = 5200ms (custom)
2019-09-19 13:57:37,305 [pool-429-thread-1] INFO  server.RaftServerConfigKeys (ConfUtils.java:logGet(43)) - raft.server.rpcslowness.timeout = 120s (custom)
2019-09-19 13:57:37,305 [pool-429-thread-1] INFO  server.RaftServerConfigKeys (ConfUtils.java:logGet(43)) - raft.server.sleep.deviation.threshold = 300 (default)
2019-09-19 13:57:37,305 [pool-429-thread-1] INFO  server.RaftServerConfigKeys (ConfUtils.java:logGet(43)) - raft.server.log.appender.install.snapshot.enabled = false (custom)
2019-09-19 13:57:37,305 [pool-429-thread-1] INFO  impl.RaftServerImpl (ServerState.java:<init>(103)) - 202307d0-0994-4a5f-bc69-095ec566398d@group-8BDDC8143130: ConfigurationManager, init=-1: [202307d0-0994-4a5f-bc69-095ec566398d:192.168.36.82:40477], old=null, confs=<EMPTY_MAP>
2019-09-19 13:57:37,305 [pool-429-thread-1] INFO  server.RaftServerConfigKeys (ConfUtils.java:logGet(43)) - raft.server.storage.dir = [/workdir/hadoop-ozone/integration-test/target/test-dir/MiniOzoneClusterImpl-dd3eabca-da74-4633-9d56-ab06f731d67f/datanode-2/data/ratis] (custom)
2019-09-19 13:57:37,306 [pool-429-thread-1] INFO  storage.RaftStorageDirectory (RaftStorageDirectory.java:analyzeStorage(246)) - The storage directory /workdir/hadoop-ozone/integration-test/target/test-dir/MiniOzoneClusterImpl-dd3eabca-da74-4633-9d56-ab06f731d67f/datanode-2/data/ratis/2731bc31-48a4-4c3a-a109-8bddc8143130 does not exist. Creating ...
2019-09-19 13:57:37,318 [pool-429-thread-1] INFO  storage.RaftStorageDirectory (RaftStorageDirectory.java:tryLock(328)) - Lock on /workdir/hadoop-ozone/integration-test/target/test-dir/MiniOzoneClusterImpl-dd3eabca-da74-4633-9d56-ab06f731d67f/datanode-2/data/ratis/2731bc31-48a4-4c3a-a109-8bddc8143130/in_use.lock acquired by nodename 23769@pr-hdds-2151-rkvw4-133030696
2019-09-19 13:57:37,331 [pool-429-thread-1] INFO  storage.RaftStorage (RaftStorage.java:format(72)) - Storage directory /workdir/hadoop-ozone/integration-test/target/test-dir/MiniOzoneClusterImpl-dd3eabca-da74-4633-9d56-ab06f731d67f/datanode-2/data/ratis/2731bc31-48a4-4c3a-a109-8bddc8143130 has been successfully formatted.
2019-09-19 13:57:37,331 [pool-429-thread-1] INFO  ratis.ContainerStateMachine (ContainerStateMachine.java:loadSnapshot(230)) - group-8BDDC8143130: The snapshot info is null. Setting the last applied indexto:(t:0, i:~)
2019-09-19 13:57:37,332 [pool-429-thread-1] INFO  server.RaftServerConfigKeys (ConfUtils.java:logGet(43)) - raft.server.notification.no-leader.timeout = 120s (custom)
2019-09-19 13:57:37,332 [pool-429-thread-1] INFO  server.RaftServerConfigKeys (ConfUtils.java:logGet(43)) - raft.server.log.use.memory = false (default)
2019-09-19 13:57:37,332 [pool-429-thread-1] INFO  server.RaftServerConfigKeys (ConfUtils.java:logGet(43)) - raft.server.log.purge.gap = 1000000 (custom)
2019-09-19 13:57:37,332 [pool-429-thread-1] INFO  server.RaftServerConfigKeys (ConfUtils.java:logGet(43)) - raft.server.log.appender.buffer.byte-limit = 33554432 (custom)
2019-09-19 13:57:37,332 [pool-429-thread-1] INFO  server.RaftServerConfigKeys (ConfUtils.java:logGet(43)) - raft.server.log.segment.size.max = 1048576 (custom)
2019-09-19 13:57:37,332 [pool-429-thread-1] INFO  server.RaftServerConfigKeys (ConfUtils.java:logGet(43)) - raft.server.log.segment.cache.num.max = 2 (custom)
2019-09-19 13:57:37,333 [pool-429-thread-1] INFO  segmented.SegmentedRaftLogWorker (SegmentedRaftLogWorker.java:<init>(172)) - new 202307d0-0994-4a5f-bc69-095ec566398d@group-8BDDC8143130-SegmentedRaftLogWorker for RaftStorage:Storage Directory /workdir/hadoop-ozone/integration-test/target/test-dir/MiniOzoneClusterImpl-dd3eabca-da74-4633-9d56-ab06f731d67f/datanode-2/data/ratis/2731bc31-48a4-4c3a-a109-8bddc8143130
2019-09-19 13:57:37,334 [pool-429-thread-1] INFO  server.RaftServerConfigKeys (ConfUtils.java:logGet(43)) - raft.server.log.queue.byte-limit = 2147483647 (custom)
2019-09-19 13:57:37,334 [pool-429-thread-1] INFO  server.RaftServerConfigKeys (ConfUtils.java:logGet(43)) - raft.server.log.queue.element-limit = 1024 (custom)
2019-09-19 13:57:37,334 [pool-429-thread-1] INFO  server.RaftServerConfigKeys (ConfUtils.java:logGet(43)) - raft.server.log.segment.size.max = 1048576 (custom)
2019-09-19 13:57:37,334 [pool-429-thread-1] INFO  server.RaftServerConfigKeys (ConfUtils.java:logGet(43)) - raft.server.log.preallocated.size = 16384 (custom)
2019-09-19 13:57:37,335 [pool-429-thread-1] INFO  server.RaftServerConfigKeys (ConfUtils.java:logGet(43)) - raft.server.log.write.buffer.size = 33554432 (custom)
2019-09-19 13:57:37,335 [pool-429-thread-1] INFO  server.RaftServerConfigKeys (ConfUtils.java:logGet(43)) - raft.server.log.force.sync.num = 128 (default)
2019-09-19 13:57:37,335 [pool-429-thread-1] INFO  server.RaftServerConfigKeys (ConfUtils.java:logGet(43)) - raft.server.log.statemachine.data.sync = true (default)
2019-09-19 13:57:37,335 [pool-429-thread-1] INFO  server.RaftServerConfigKeys (ConfUtils.java:logGet(43)) - raft.server.log.statemachine.data.sync.timeout = 10s (default)
2019-09-19 13:57:37,335 [pool-429-thread-1] INFO  server.RaftServerConfigKeys (ConfUtils.java:logGet(43)) - raft.server.log.statemachine.data.sync.timeout.retry = -1 (default)
2019-09-19 13:57:37,335 [pool-429-thread-1] INFO  server.RaftServerConfigKeys (ConfUtils.java:logGet(43)) - raft.server.log.statemachine.data.caching.enabled = true (custom)
2019-09-19 13:57:37,335 [pool-429-thread-1] INFO  segmented.SegmentedRaftLogWorker (SegmentedRaftLogWorker.java:lambda$new$0(132)) - 202307d0-0994-4a5f-bc69-095ec566398d@group-8BDDC8143130-SegmentedRaftLogWorker: flushIndex: setUnconditionally 0 -> -1
2019-09-19 13:57:37,336 [pool-429-thread-1] INFO  server.RaftServerConfigKeys (ConfUtils.java:logGet(43)) - raft.server.snapshot.auto.trigger.enabled = true (custom)
2019-09-19 13:57:37,336 [pool-429-thread-1] INFO  server.RaftServerConfigKeys (ConfUtils.java:logGet(43)) - raft.server.snapshot.auto.trigger.threshold = 10000 (custom)
2019-09-19 13:57:37,336 [pool-429-thread-1] INFO  server.RaftServerConfigKeys (ConfUtils.java:logGet(43)) - raft.server.snapshot.retention.num.files = 5 (custom)
2019-09-19 13:57:37,336 [pool-429-thread-1] INFO  server.RaftServerConfigKeys (ConfUtils.java:logGet(43)) - raft.server.retrycache.expirytime = 600000ms (custom)
2019-09-19 13:57:37,337 [pool-429-thread-1] INFO  impl.RaftServerImpl (RaftServerImpl.java:start(185)) - 202307d0-0994-4a5f-bc69-095ec566398d@group-8BDDC8143130: start as a follower, conf=-1: [202307d0-0994-4a5f-bc69-095ec566398d:192.168.36.82:40477], old=null
2019-09-19 13:57:37,337 [pool-429-thread-1] INFO  impl.RaftServerImpl (RaftServerImpl.java:setRole(174)) - 202307d0-0994-4a5f-bc69-095ec566398d@group-8BDDC8143130: changes role from      null to FOLLOWER at term 0 for startAsFollower
2019-09-19 13:57:37,337 [pool-429-thread-1] INFO  impl.RoleInfo (RoleInfo.java:updateAndGet(143)) - 202307d0-0994-4a5f-bc69-095ec566398d: start FollowerState
2019-09-19 13:57:37,338 [pool-429-thread-1] INFO  util.JmxRegister (JmxRegister.java:tryRegister(44)) - Successfully registered JMX Bean with object name Ratis:service=RaftServer,group=group-8BDDC8143130,id=202307d0-0994-4a5f-bc69-095ec566398d
2019-09-19 13:57:37,339 [RatisPipelineUtilsThread] INFO  pipeline.PipelineStateManager (PipelineStateManager.java:addPipeline(56)) - Created pipeline Pipeline[ Id: 2731bc31-48a4-4c3a-a109-8bddc8143130, Nodes: 202307d0-0994-4a5f-bc69-095ec566398d{ip: 192.168.36.82, host: pr-hdds-2151-rkvw4-133030696, networkLocation: /default-rack, certSerialId: null}, Type:RATIS, Factor:ONE, State:OPEN]
2019-09-19 13:57:37,358 [grpc-default-executor-8] INFO  impl.RaftServerProxy (RaftServerProxy.java:addNew(89)) - ffe9ff16-6c36-4e32-891e-5d8f4d9c1a42: addNew group-6CF454A4E442:[202307d0-0994-4a5f-bc69-095ec566398d:192.168.36.82:40477, ffe9ff16-6c36-4e32-891e-5d8f4d9c1a42:192.168.36.82:36574, 6c9a1640-e1f5-4cdf-82bf-56ab00cf4fe0:192.168.36.82:35422] returns group-6CF454A4E442:java.util.concurrent.CompletableFuture@195a8150[Not completed]
2019-09-19 13:57:37,358 [grpc-default-executor-7] INFO  impl.RaftServerProxy (RaftServerProxy.java:addNew(89)) - 202307d0-0994-4a5f-bc69-095ec566398d: addNew group-6CF454A4E442:[202307d0-0994-4a5f-bc69-095ec566398d:192.168.36.82:40477, ffe9ff16-6c36-4e32-891e-5d8f4d9c1a42:192.168.36.82:36574, 6c9a1640-e1f5-4cdf-82bf-56ab00cf4fe0:192.168.36.82:35422] returns group-6CF454A4E442:java.util.concurrent.CompletableFuture@42c81fe0[Not completed]
2019-09-19 13:57:37,358 [grpc-default-executor-2] INFO  impl.RaftServerProxy (RaftServerProxy.java:addNew(89)) - 6c9a1640-e1f5-4cdf-82bf-56ab00cf4fe0: addNew group-6CF454A4E442:[202307d0-0994-4a5f-bc69-095ec566398d:192.168.36.82:40477, ffe9ff16-6c36-4e32-891e-5d8f4d9c1a42:192.168.36.82:36574, 6c9a1640-e1f5-4cdf-82bf-56ab00cf4fe0:192.168.36.82:35422] returns group-6CF454A4E442:java.util.concurrent.CompletableFuture@26fbdca3[Not completed]
2019-09-19 13:57:37,359 [pool-419-thread-1] INFO  impl.RaftServerImpl (RaftServerImpl.java:<init>(95)) - 6c9a1640-e1f5-4cdf-82bf-56ab00cf4fe0: new RaftServerImpl for group-6CF454A4E442:[202307d0-0994-4a5f-bc69-095ec566398d:192.168.36.82:40477, ffe9ff16-6c36-4e32-891e-5d8f4d9c1a42:192.168.36.82:36574, 6c9a1640-e1f5-4cdf-82bf-56ab00cf4fe0:192.168.36.82:35422] with ContainerStateMachine:uninitialized
2019-09-19 13:57:37,359 [pool-419-thread-1] INFO  server.RaftServerConfigKeys (ConfUtils.java:logGet(43)) - raft.server.rpc.timeout.min = 5s (custom)
2019-09-19 13:57:37,360 [pool-419-thread-1] INFO  server.RaftServerConfigKeys (ConfUtils.java:logGet(43)) - raft.server.rpc.timeout.max = 5200ms (custom)
2019-09-19 13:57:37,360 [pool-419-thread-1] INFO  server.RaftServerConfigKeys (ConfUtils.java:logGet(43)) - raft.server.rpcslowness.timeout = 120s (custom)
2019-09-19 13:57:37,360 [pool-419-thread-1] INFO  server.RaftServerConfigKeys (ConfUtils.java:logGet(43)) - raft.server.sleep.deviation.threshold = 300 (default)
2019-09-19 13:57:37,360 [pool-419-thread-1] INFO  server.RaftServerConfigKeys (ConfUtils.java:logGet(43)) - raft.server.log.appender.install.snapshot.enabled = false (custom)
2019-09-19 13:57:37,360 [pool-419-thread-1] INFO  impl.RaftServerImpl (ServerState.java:<init>(103)) - 6c9a1640-e1f5-4cdf-82bf-56ab00cf4fe0@group-6CF454A4E442: ConfigurationManager, init=-1: [202307d0-0994-4a5f-bc69-095ec566398d:192.168.36.82:40477, ffe9ff16-6c36-4e32-891e-5d8f4d9c1a42:192.168.36.82:36574, 6c9a1640-e1f5-4cdf-82bf-56ab00cf4fe0:192.168.36.82:35422], old=null, confs=<EMPTY_MAP>
2019-09-19 13:57:37,360 [pool-419-thread-1] INFO  server.RaftServerConfigKeys (ConfUtils.java:logGet(43)) - raft.server.storage.dir = [/workdir/hadoop-ozone/integration-test/target/test-dir/MiniOzoneClusterImpl-dd3eabca-da74-4633-9d56-ab06f731d67f/datanode-1/data/ratis] (custom)
2019-09-19 13:57:37,360 [pool-409-thread-1] INFO  impl.RaftServerImpl (RaftServerImpl.java:<init>(95)) - ffe9ff16-6c36-4e32-891e-5d8f4d9c1a42: new RaftServerImpl for group-6CF454A4E442:[202307d0-0994-4a5f-bc69-095ec566398d:192.168.36.82:40477, ffe9ff16-6c36-4e32-891e-5d8f4d9c1a42:192.168.36.82:36574, 6c9a1640-e1f5-4cdf-82bf-56ab00cf4fe0:192.168.36.82:35422] with ContainerStateMachine:uninitialized
2019-09-19 13:57:37,360 [pool-419-thread-1] INFO  storage.RaftStorageDirectory (RaftStorageDirectory.java:analyzeStorage(246)) - The storage directory /workdir/hadoop-ozone/integration-test/target/test-dir/MiniOzoneClusterImpl-dd3eabca-da74-4633-9d56-ab06f731d67f/datanode-1/data/ratis/a99f7013-c73f-434f-aaf0-6cf454a4e442 does not exist. Creating ...
2019-09-19 13:57:37,360 [pool-409-thread-1] INFO  server.RaftServerConfigKeys (ConfUtils.java:logGet(43)) - raft.server.rpc.timeout.min = 5s (custom)
2019-09-19 13:57:37,360 [pool-409-thread-1] INFO  server.RaftServerConfigKeys (ConfUtils.java:logGet(43)) - raft.server.rpc.timeout.max = 5200ms (custom)
2019-09-19 13:57:37,361 [pool-429-thread-1] INFO  impl.RaftServerImpl (RaftServerImpl.java:<init>(95)) - 202307d0-0994-4a5f-bc69-095ec566398d: new RaftServerImpl for group-6CF454A4E442:[202307d0-0994-4a5f-bc69-095ec566398d:192.168.36.82:40477, ffe9ff16-6c36-4e32-891e-5d8f4d9c1a42:192.168.36.82:36574, 6c9a1640-e1f5-4cdf-82bf-56ab00cf4fe0:192.168.36.82:35422] with ContainerStateMachine:uninitialized
2019-09-19 13:57:37,361 [pool-409-thread-1] INFO  server.RaftServerConfigKeys (ConfUtils.java:logGet(43)) - raft.server.rpcslowness.timeout = 120s (custom)
2019-09-19 13:57:37,361 [pool-429-thread-1] INFO  server.RaftServerConfigKeys (ConfUtils.java:logGet(43)) - raft.server.rpc.timeout.min = 5s (custom)
2019-09-19 13:57:37,361 [pool-409-thread-1] INFO  server.RaftServerConfigKeys (ConfUtils.java:logGet(43)) - raft.server.sleep.deviation.threshold = 300 (default)
2019-09-19 13:57:37,361 [pool-429-thread-1] INFO  server.RaftServerConfigKeys (ConfUtils.java:logGet(43)) - raft.server.rpc.timeout.max = 5200ms (custom)
2019-09-19 13:57:37,361 [pool-409-thread-1] INFO  server.RaftServerConfigKeys (ConfUtils.java:logGet(43)) - raft.server.log.appender.install.snapshot.enabled = false (custom)
2019-09-19 13:57:37,361 [pool-429-thread-1] INFO  server.RaftServerConfigKeys (ConfUtils.java:logGet(43)) - raft.server.rpcslowness.timeout = 120s (custom)
2019-09-19 13:57:37,361 [pool-409-thread-1] INFO  impl.RaftServerImpl (ServerState.java:<init>(103)) - ffe9ff16-6c36-4e32-891e-5d8f4d9c1a42@group-6CF454A4E442: ConfigurationManager, init=-1: [202307d0-0994-4a5f-bc69-095ec566398d:192.168.36.82:40477, ffe9ff16-6c36-4e32-891e-5d8f4d9c1a42:192.168.36.82:36574, 6c9a1640-e1f5-4cdf-82bf-56ab00cf4fe0:192.168.36.82:35422], old=null, confs=<EMPTY_MAP>
2019-09-19 13:57:37,361 [pool-429-thread-1] INFO  server.RaftServerConfigKeys (ConfUtils.java:logGet(43)) - raft.server.sleep.deviation.threshold = 300 (default)
2019-09-19 13:57:37,362 [pool-409-thread-1] INFO  server.RaftServerConfigKeys (ConfUtils.java:logGet(43)) - raft.server.storage.dir = [/workdir/hadoop-ozone/integration-test/target/test-dir/MiniOzoneClusterImpl-dd3eabca-da74-4633-9d56-ab06f731d67f/datanode-0/data/ratis] (custom)
2019-09-19 13:57:37,362 [pool-429-thread-1] INFO  server.RaftServerConfigKeys (ConfUtils.java:logGet(43)) - raft.server.log.appender.install.snapshot.enabled = false (custom)
2019-09-19 13:57:37,362 [pool-429-thread-1] INFO  impl.RaftServerImpl (ServerState.java:<init>(103)) - 202307d0-0994-4a5f-bc69-095ec566398d@group-6CF454A4E442: ConfigurationManager, init=-1: [202307d0-0994-4a5f-bc69-095ec566398d:192.168.36.82:40477, ffe9ff16-6c36-4e32-891e-5d8f4d9c1a42:192.168.36.82:36574, 6c9a1640-e1f5-4cdf-82bf-56ab00cf4fe0:192.168.36.82:35422], old=null, confs=<EMPTY_MAP>
2019-09-19 13:57:37,362 [pool-409-thread-1] INFO  storage.RaftStorageDirectory (RaftStorageDirectory.java:analyzeStorage(246)) - The storage directory /workdir/hadoop-ozone/integration-test/target/test-dir/MiniOzoneClusterImpl-dd3eabca-da74-4633-9d56-ab06f731d67f/datanode-0/data/ratis/a99f7013-c73f-434f-aaf0-6cf454a4e442 does not exist. Creating ...
2019-09-19 13:57:37,362 [pool-429-thread-1] INFO  server.RaftServerConfigKeys (ConfUtils.java:logGet(43)) - raft.server.storage.dir = [/workdir/hadoop-ozone/integration-test/target/test-dir/MiniOzoneClusterImpl-dd3eabca-da74-4633-9d56-ab06f731d67f/datanode-2/data/ratis] (custom)
2019-09-19 13:57:37,362 [pool-429-thread-1] INFO  storage.RaftStorageDirectory (RaftStorageDirectory.java:analyzeStorage(246)) - The storage directory /workdir/hadoop-ozone/integration-test/target/test-dir/MiniOzoneClusterImpl-dd3eabca-da74-4633-9d56-ab06f731d67f/datanode-2/data/ratis/a99f7013-c73f-434f-aaf0-6cf454a4e442 does not exist. Creating ...
2019-09-19 13:57:37,372 [IPC Server handler 1 on 36951] INFO  net.NetworkTopology (NetworkTopologyImpl.java:add(111)) - Added a new node: /default-rack/b4030cb9-bb90-48fa-8940-2ba1da097595
2019-09-19 13:57:37,372 [IPC Server handler 1 on 36951] INFO  node.SCMNodeManager (SCMNodeManager.java:register(266)) - Registered Data node : b4030cb9-bb90-48fa-8940-2ba1da097595{ip: 192.168.36.82, host: pr-hdds-2151-rkvw4-133030696, networkLocation: /default-rack, certSerialId: null}
2019-09-19 13:57:37,373 [pool-429-thread-1] INFO  storage.RaftStorageDirectory (RaftStorageDirectory.java:tryLock(328)) - Lock on /workdir/hadoop-ozone/integration-test/target/test-dir/MiniOzoneClusterImpl-dd3eabca-da74-4633-9d56-ab06f731d67f/datanode-2/data/ratis/a99f7013-c73f-434f-aaf0-6cf454a4e442/in_use.lock acquired by nodename 23769@pr-hdds-2151-rkvw4-133030696
2019-09-19 13:57:37,373 [pool-409-thread-1] INFO  storage.RaftStorageDirectory (RaftStorageDirectory.java:tryLock(328)) - Lock on /workdir/hadoop-ozone/integration-test/target/test-dir/MiniOzoneClusterImpl-dd3eabca-da74-4633-9d56-ab06f731d67f/datanode-0/data/ratis/a99f7013-c73f-434f-aaf0-6cf454a4e442/in_use.lock acquired by nodename 23769@pr-hdds-2151-rkvw4-133030696
2019-09-19 13:57:37,373 [pool-419-thread-1] INFO  storage.RaftStorageDirectory (RaftStorageDirectory.java:tryLock(328)) - Lock on /workdir/hadoop-ozone/integration-test/target/test-dir/MiniOzoneClusterImpl-dd3eabca-da74-4633-9d56-ab06f731d67f/datanode-1/data/ratis/a99f7013-c73f-434f-aaf0-6cf454a4e442/in_use.lock acquired by nodename 23769@pr-hdds-2151-rkvw4-133030696
2019-09-19 13:57:37,386 [pool-429-thread-1] INFO  storage.RaftStorage (RaftStorage.java:format(72)) - Storage directory /workdir/hadoop-ozone/integration-test/target/test-dir/MiniOzoneClusterImpl-dd3eabca-da74-4633-9d56-ab06f731d67f/datanode-2/data/ratis/a99f7013-c73f-434f-aaf0-6cf454a4e442 has been successfully formatted.
2019-09-19 13:57:37,386 [pool-419-thread-1] INFO  storage.RaftStorage (RaftStorage.java:format(72)) - Storage directory /workdir/hadoop-ozone/integration-test/target/test-dir/MiniOzoneClusterImpl-dd3eabca-da74-4633-9d56-ab06f731d67f/datanode-1/data/ratis/a99f7013-c73f-434f-aaf0-6cf454a4e442 has been successfully formatted.
2019-09-19 13:57:37,386 [pool-409-thread-1] INFO  storage.RaftStorage (RaftStorage.java:format(72)) - Storage directory /workdir/hadoop-ozone/integration-test/target/test-dir/MiniOzoneClusterImpl-dd3eabca-da74-4633-9d56-ab06f731d67f/datanode-0/data/ratis/a99f7013-c73f-434f-aaf0-6cf454a4e442 has been successfully formatted.
2019-09-19 13:57:37,386 [pool-429-thread-1] INFO  ratis.ContainerStateMachine (ContainerStateMachine.java:loadSnapshot(230)) - group-6CF454A4E442: The snapshot info is null. Setting the last applied indexto:(t:0, i:~)
2019-09-19 13:57:37,387 [pool-409-thread-1] INFO  ratis.ContainerStateMachine (ContainerStateMachine.java:loadSnapshot(230)) - group-6CF454A4E442: The snapshot info is null. Setting the last applied indexto:(t:0, i:~)
2019-09-19 13:57:37,387 [pool-419-thread-1] INFO  ratis.ContainerStateMachine (ContainerStateMachine.java:loadSnapshot(230)) - group-6CF454A4E442: The snapshot info is null. Setting the last applied indexto:(t:0, i:~)
2019-09-19 13:57:37,387 [pool-409-thread-1] INFO  server.RaftServerConfigKeys (ConfUtils.java:logGet(43)) - raft.server.notification.no-leader.timeout = 120s (custom)
2019-09-19 13:57:37,387 [pool-429-thread-1] INFO  server.RaftServerConfigKeys (ConfUtils.java:logGet(43)) - raft.server.notification.no-leader.timeout = 120s (custom)
2019-09-19 13:57:37,387 [pool-409-thread-1] INFO  server.RaftServerConfigKeys (ConfUtils.java:logGet(43)) - raft.server.log.use.memory = false (default)
2019-09-19 13:57:37,387 [pool-419-thread-1] INFO  server.RaftServerConfigKeys (ConfUtils.java:logGet(43)) - raft.server.notification.no-leader.timeout = 120s (custom)
2019-09-19 13:57:37,387 [pool-409-thread-1] INFO  server.RaftServerConfigKeys (ConfUtils.java:logGet(43)) - raft.server.log.purge.gap = 1000000 (custom)
2019-09-19 13:57:37,387 [pool-429-thread-1] INFO  server.RaftServerConfigKeys (ConfUtils.java:logGet(43)) - raft.server.log.use.memory = false (default)
2019-09-19 13:57:37,387 [pool-409-thread-1] INFO  server.RaftServerConfigKeys (ConfUtils.java:logGet(43)) - raft.server.log.appender.buffer.byte-limit = 33554432 (custom)
2019-09-19 13:57:37,387 [pool-419-thread-1] INFO  server.RaftServerConfigKeys (ConfUtils.java:logGet(43)) - raft.server.log.use.memory = false (default)
2019-09-19 13:57:37,388 [pool-409-thread-1] INFO  server.RaftServerConfigKeys (ConfUtils.java:logGet(43)) - raft.server.log.segment.size.max = 1048576 (custom)
2019-09-19 13:57:37,387 [pool-429-thread-1] INFO  server.RaftServerConfigKeys (ConfUtils.java:logGet(43)) - raft.server.log.purge.gap = 1000000 (custom)
2019-09-19 13:57:37,388 [pool-409-thread-1] INFO  server.RaftServerConfigKeys (ConfUtils.java:logGet(43)) - raft.server.log.segment.cache.num.max = 2 (custom)
2019-09-19 13:57:37,388 [pool-419-thread-1] INFO  server.RaftServerConfigKeys (ConfUtils.java:logGet(43)) - raft.server.log.purge.gap = 1000000 (custom)
2019-09-19 13:57:37,388 [pool-409-thread-1] INFO  segmented.SegmentedRaftLogWorker (SegmentedRaftLogWorker.java:<init>(172)) - new ffe9ff16-6c36-4e32-891e-5d8f4d9c1a42@group-6CF454A4E442-SegmentedRaftLogWorker for RaftStorage:Storage Directory /workdir/hadoop-ozone/integration-test/target/test-dir/MiniOzoneClusterImpl-dd3eabca-da74-4633-9d56-ab06f731d67f/datanode-0/data/ratis/a99f7013-c73f-434f-aaf0-6cf454a4e442
2019-09-19 13:57:37,388 [pool-429-thread-1] INFO  server.RaftServerConfigKeys (ConfUtils.java:logGet(43)) - raft.server.log.appender.buffer.byte-limit = 33554432 (custom)
2019-09-19 13:57:37,388 [pool-409-thread-1] INFO  server.RaftServerConfigKeys (ConfUtils.java:logGet(43)) - raft.server.log.queue.byte-limit = 2147483647 (custom)
2019-09-19 13:57:37,388 [pool-419-thread-1] INFO  server.RaftServerConfigKeys (ConfUtils.java:logGet(43)) - raft.server.log.appender.buffer.byte-limit = 33554432 (custom)
2019-09-19 13:57:37,388 [pool-409-thread-1] INFO  server.RaftServerConfigKeys (ConfUtils.java:logGet(43)) - raft.server.log.queue.element-limit = 1024 (custom)
2019-09-19 13:57:37,388 [pool-429-thread-1] INFO  server.RaftServerConfigKeys (ConfUtils.java:logGet(43)) - raft.server.log.segment.size.max = 1048576 (custom)
2019-09-19 13:57:37,389 [pool-409-thread-1] INFO  server.RaftServerConfigKeys (ConfUtils.java:logGet(43)) - raft.server.log.segment.size.max = 1048576 (custom)
2019-09-19 13:57:37,389 [pool-419-thread-1] INFO  server.RaftServerConfigKeys (ConfUtils.java:logGet(43)) - raft.server.log.segment.size.max = 1048576 (custom)
2019-09-19 13:57:37,389 [pool-409-thread-1] INFO  server.RaftServerConfigKeys (ConfUtils.java:logGet(43)) - raft.server.log.preallocated.size = 16384 (custom)
2019-09-19 13:57:37,389 [pool-429-thread-1] INFO  server.RaftServerConfigKeys (ConfUtils.java:logGet(43)) - raft.server.log.segment.cache.num.max = 2 (custom)
2019-09-19 13:57:37,389 [pool-409-thread-1] INFO  server.RaftServerConfigKeys (ConfUtils.java:logGet(43)) - raft.server.log.write.buffer.size = 33554432 (custom)
2019-09-19 13:57:37,389 [pool-419-thread-1] INFO  server.RaftServerConfigKeys (ConfUtils.java:logGet(43)) - raft.server.log.segment.cache.num.max = 2 (custom)
2019-09-19 13:57:37,389 [pool-409-thread-1] INFO  server.RaftServerConfigKeys (ConfUtils.java:logGet(43)) - raft.server.log.force.sync.num = 128 (default)
2019-09-19 13:57:37,389 [pool-429-thread-1] INFO  segmented.SegmentedRaftLogWorker (SegmentedRaftLogWorker.java:<init>(172)) - new 202307d0-0994-4a5f-bc69-095ec566398d@group-6CF454A4E442-SegmentedRaftLogWorker for RaftStorage:Storage Directory /workdir/hadoop-ozone/integration-test/target/test-dir/MiniOzoneClusterImpl-dd3eabca-da74-4633-9d56-ab06f731d67f/datanode-2/data/ratis/a99f7013-c73f-434f-aaf0-6cf454a4e442
2019-09-19 13:57:37,389 [pool-409-thread-1] INFO  server.RaftServerConfigKeys (ConfUtils.java:logGet(43)) - raft.server.log.statemachine.data.sync = true (default)
2019-09-19 13:57:37,389 [pool-419-thread-1] INFO  segmented.SegmentedRaftLogWorker (SegmentedRaftLogWorker.java:<init>(172)) - new 6c9a1640-e1f5-4cdf-82bf-56ab00cf4fe0@group-6CF454A4E442-SegmentedRaftLogWorker for RaftStorage:Storage Directory /workdir/hadoop-ozone/integration-test/target/test-dir/MiniOzoneClusterImpl-dd3eabca-da74-4633-9d56-ab06f731d67f/datanode-1/data/ratis/a99f7013-c73f-434f-aaf0-6cf454a4e442
2019-09-19 13:57:37,390 [pool-409-thread-1] INFO  server.RaftServerConfigKeys (ConfUtils.java:logGet(43)) - raft.server.log.statemachine.data.sync.timeout = 10s (default)
2019-09-19 13:57:37,390 [pool-409-thread-1] INFO  server.RaftServerConfigKeys (ConfUtils.java:logGet(43)) - raft.server.log.statemachine.data.sync.timeout.retry = -1 (default)
2019-09-19 13:57:37,389 [pool-429-thread-1] INFO  server.RaftServerConfigKeys (ConfUtils.java:logGet(43)) - raft.server.log.queue.byte-limit = 2147483647 (custom)
2019-09-19 13:57:37,390 [pool-409-thread-1] INFO  server.RaftServerConfigKeys (ConfUtils.java:logGet(43)) - raft.server.log.statemachine.data.caching.enabled = true (custom)
2019-09-19 13:57:37,390 [pool-419-thread-1] INFO  server.RaftServerConfigKeys (ConfUtils.java:logGet(43)) - raft.server.log.queue.byte-limit = 2147483647 (custom)
2019-09-19 13:57:37,390 [pool-429-thread-1] INFO  server.RaftServerConfigKeys (ConfUtils.java:logGet(43)) - raft.server.log.queue.element-limit = 1024 (custom)
2019-09-19 13:57:37,390 [pool-419-thread-1] INFO  server.RaftServerConfigKeys (ConfUtils.java:logGet(43)) - raft.server.log.queue.element-limit = 1024 (custom)
2019-09-19 13:57:37,390 [pool-409-thread-1] INFO  segmented.SegmentedRaftLogWorker (SegmentedRaftLogWorker.java:lambda$new$0(132)) - ffe9ff16-6c36-4e32-891e-5d8f4d9c1a42@group-6CF454A4E442-SegmentedRaftLogWorker: flushIndex: setUnconditionally 0 -> -1
2019-09-19 13:57:37,390 [pool-419-thread-1] INFO  server.RaftServerConfigKeys (ConfUtils.java:logGet(43)) - raft.server.log.segment.size.max = 1048576 (custom)
2019-09-19 13:57:37,390 [pool-429-thread-1] INFO  server.RaftServerConfigKeys (ConfUtils.java:logGet(43)) - raft.server.log.segment.size.max = 1048576 (custom)
2019-09-19 13:57:37,391 [pool-409-thread-1] INFO  server.RaftServerConfigKeys (ConfUtils.java:logGet(43)) - raft.server.snapshot.auto.trigger.enabled = true (custom)
2019-09-19 13:57:37,391 [pool-419-thread-1] INFO  server.RaftServerConfigKeys (ConfUtils.java:logGet(43)) - raft.server.log.preallocated.size = 16384 (custom)
2019-09-19 13:57:37,391 [pool-409-thread-1] INFO  server.RaftServerConfigKeys (ConfUtils.java:logGet(43)) - raft.server.snapshot.auto.trigger.threshold = 10000 (custom)
2019-09-19 13:57:37,391 [pool-429-thread-1] INFO  server.RaftServerConfigKeys (ConfUtils.java:logGet(43)) - raft.server.log.preallocated.size = 16384 (custom)
2019-09-19 13:57:37,391 [pool-409-thread-1] INFO  server.RaftServerConfigKeys (ConfUtils.java:logGet(43)) - raft.server.snapshot.retention.num.files = 5 (custom)
2019-09-19 13:57:37,391 [pool-419-thread-1] INFO  server.RaftServerConfigKeys (ConfUtils.java:logGet(43)) - raft.server.log.write.buffer.size = 33554432 (custom)
2019-09-19 13:57:37,391 [pool-409-thread-1] INFO  server.RaftServerConfigKeys (ConfUtils.java:logGet(43)) - raft.server.retrycache.expirytime = 600000ms (custom)
2019-09-19 13:57:37,391 [pool-429-thread-1] INFO  server.RaftServerConfigKeys (ConfUtils.java:logGet(43)) - raft.server.log.write.buffer.size = 33554432 (custom)
2019-09-19 13:57:37,391 [pool-419-thread-1] INFO  server.RaftServerConfigKeys (ConfUtils.java:logGet(43)) - raft.server.log.force.sync.num = 128 (default)
2019-09-19 13:57:37,391 [pool-429-thread-1] INFO  server.RaftServerConfigKeys (ConfUtils.java:logGet(43)) - raft.server.log.force.sync.num = 128 (default)
2019-09-19 13:57:37,392 [pool-419-thread-1] INFO  server.RaftServerConfigKeys (ConfUtils.java:logGet(43)) - raft.server.log.statemachine.data.sync = true (default)
2019-09-19 13:57:37,392 [pool-429-thread-1] INFO  server.RaftServerConfigKeys (ConfUtils.java:logGet(43)) - raft.server.log.statemachine.data.sync = true (default)
2019-09-19 13:57:37,392 [pool-419-thread-1] INFO  server.RaftServerConfigKeys (ConfUtils.java:logGet(43)) - raft.server.log.statemachine.data.sync.timeout = 10s (default)
2019-09-19 13:57:37,392 [pool-429-thread-1] INFO  server.RaftServerConfigKeys (ConfUtils.java:logGet(43)) - raft.server.log.statemachine.data.sync.timeout = 10s (default)
2019-09-19 13:57:37,392 [pool-419-thread-1] INFO  server.RaftServerConfigKeys (ConfUtils.java:logGet(43)) - raft.server.log.statemachine.data.sync.timeout.retry = -1 (default)
2019-09-19 13:57:37,392 [pool-429-thread-1] INFO  server.RaftServerConfigKeys (ConfUtils.java:logGet(43)) - raft.server.log.statemachine.data.sync.timeout.retry = -1 (default)
2019-09-19 13:57:37,392 [pool-419-thread-1] INFO  server.RaftServerConfigKeys (ConfUtils.java:logGet(43)) - raft.server.log.statemachine.data.caching.enabled = true (custom)
2019-09-19 13:57:37,392 [pool-429-thread-1] INFO  server.RaftServerConfigKeys (ConfUtils.java:logGet(43)) - raft.server.log.statemachine.data.caching.enabled = true (custom)
2019-09-19 13:57:37,393 [pool-419-thread-1] INFO  segmented.SegmentedRaftLogWorker (SegmentedRaftLogWorker.java:lambda$new$0(132)) - 6c9a1640-e1f5-4cdf-82bf-56ab00cf4fe0@group-6CF454A4E442-SegmentedRaftLogWorker: flushIndex: setUnconditionally 0 -> -1
2019-09-19 13:57:37,393 [pool-429-thread-1] INFO  segmented.SegmentedRaftLogWorker (SegmentedRaftLogWorker.java:lambda$new$0(132)) - 202307d0-0994-4a5f-bc69-095ec566398d@group-6CF454A4E442-SegmentedRaftLogWorker: flushIndex: setUnconditionally 0 -> -1
2019-09-19 13:57:37,393 [pool-419-thread-1] INFO  server.RaftServerConfigKeys (ConfUtils.java:logGet(43)) - raft.server.snapshot.auto.trigger.enabled = true (custom)
2019-09-19 13:57:37,393 [pool-429-thread-1] INFO  server.RaftServerConfigKeys (ConfUtils.java:logGet(43)) - raft.server.snapshot.auto.trigger.enabled = true (custom)
2019-09-19 13:57:37,393 [pool-409-thread-1] INFO  impl.RaftServerImpl (RaftServerImpl.java:start(185)) - ffe9ff16-6c36-4e32-891e-5d8f4d9c1a42@group-6CF454A4E442: start as a follower, conf=-1: [202307d0-0994-4a5f-bc69-095ec566398d:192.168.36.82:40477, ffe9ff16-6c36-4e32-891e-5d8f4d9c1a42:192.168.36.82:36574, 6c9a1640-e1f5-4cdf-82bf-56ab00cf4fe0:192.168.36.82:35422], old=null
2019-09-19 13:57:37,393 [pool-419-thread-1] INFO  server.RaftServerConfigKeys (ConfUtils.java:logGet(43)) - raft.server.snapshot.auto.trigger.threshold = 10000 (custom)
2019-09-19 13:57:37,393 [pool-409-thread-1] INFO  impl.RaftServerImpl (RaftServerImpl.java:setRole(174)) - ffe9ff16-6c36-4e32-891e-5d8f4d9c1a42@group-6CF454A4E442: changes role from      null to FOLLOWER at term 0 for startAsFollower
2019-09-19 13:57:37,393 [pool-429-thread-1] INFO  server.RaftServerConfigKeys (ConfUtils.java:logGet(43)) - raft.server.snapshot.auto.trigger.threshold = 10000 (custom)
2019-09-19 13:57:37,394 [pool-409-thread-1] INFO  impl.RoleInfo (RoleInfo.java:updateAndGet(143)) - ffe9ff16-6c36-4e32-891e-5d8f4d9c1a42: start FollowerState
2019-09-19 13:57:37,393 [pool-419-thread-1] INFO  server.RaftServerConfigKeys (ConfUtils.java:logGet(43)) - raft.server.snapshot.retention.num.files = 5 (custom)
2019-09-19 13:57:37,394 [pool-429-thread-1] INFO  server.RaftServerConfigKeys (ConfUtils.java:logGet(43)) - raft.server.snapshot.retention.num.files = 5 (custom)
2019-09-19 13:57:37,404 [pool-409-thread-1] INFO  util.JmxRegister (JmxRegister.java:tryRegister(44)) - Successfully registered JMX Bean with object name Ratis:service=RaftServer,group=group-6CF454A4E442,id=ffe9ff16-6c36-4e32-891e-5d8f4d9c1a42
2019-09-19 13:57:37,394 [pool-419-thread-1] INFO  server.RaftServerConfigKeys (ConfUtils.java:logGet(43)) - raft.server.retrycache.expirytime = 600000ms (custom)
2019-09-19 13:57:37,404 [pool-429-thread-1] INFO  server.RaftServerConfigKeys (ConfUtils.java:logGet(43)) - raft.server.retrycache.expirytime = 600000ms (custom)
2019-09-19 13:57:37,416 [pool-419-thread-1] INFO  impl.RaftServerImpl (RaftServerImpl.java:start(185)) - 6c9a1640-e1f5-4cdf-82bf-56ab00cf4fe0@group-6CF454A4E442: start as a follower, conf=-1: [202307d0-0994-4a5f-bc69-095ec566398d:192.168.36.82:40477, ffe9ff16-6c36-4e32-891e-5d8f4d9c1a42:192.168.36.82:36574, 6c9a1640-e1f5-4cdf-82bf-56ab00cf4fe0:192.168.36.82:35422], old=null
2019-09-19 13:57:37,416 [pool-419-thread-1] INFO  impl.RaftServerImpl (RaftServerImpl.java:setRole(174)) - 6c9a1640-e1f5-4cdf-82bf-56ab00cf4fe0@group-6CF454A4E442: changes role from      null to FOLLOWER at term 0 for startAsFollower
2019-09-19 13:57:37,416 [pool-429-thread-1] INFO  impl.RaftServerImpl (RaftServerImpl.java:start(185)) - 202307d0-0994-4a5f-bc69-095ec566398d@group-6CF454A4E442: start as a follower, conf=-1: [202307d0-0994-4a5f-bc69-095ec566398d:192.168.36.82:40477, ffe9ff16-6c36-4e32-891e-5d8f4d9c1a42:192.168.36.82:36574, 6c9a1640-e1f5-4cdf-82bf-56ab00cf4fe0:192.168.36.82:35422], old=null
2019-09-19 13:57:37,416 [pool-419-thread-1] INFO  impl.RoleInfo (RoleInfo.java:updateAndGet(143)) - 6c9a1640-e1f5-4cdf-82bf-56ab00cf4fe0: start FollowerState
2019-09-19 13:57:37,416 [pool-429-thread-1] INFO  impl.RaftServerImpl (RaftServerImpl.java:setRole(174)) - 202307d0-0994-4a5f-bc69-095ec566398d@group-6CF454A4E442: changes role from      null to FOLLOWER at term 0 for startAsFollower
2019-09-19 13:57:37,416 [pool-429-thread-1] INFO  impl.RoleInfo (RoleInfo.java:updateAndGet(143)) - 202307d0-0994-4a5f-bc69-095ec566398d: start FollowerState
2019-09-19 13:57:37,416 [pool-419-thread-1] INFO  util.JmxRegister (JmxRegister.java:tryRegister(44)) - Successfully registered JMX Bean with object name Ratis:service=RaftServer,group=group-6CF454A4E442,id=6c9a1640-e1f5-4cdf-82bf-56ab00cf4fe0
2019-09-19 13:57:37,417 [pool-429-thread-1] INFO  util.JmxRegister (JmxRegister.java:tryRegister(44)) - Successfully registered JMX Bean with object name Ratis:service=RaftServer,group=group-6CF454A4E442,id=202307d0-0994-4a5f-bc69-095ec566398d
2019-09-19 13:57:37,419 [RatisPipelineUtilsThread] INFO  pipeline.PipelineStateManager (PipelineStateManager.java:addPipeline(56)) - Created pipeline Pipeline[ Id: a99f7013-c73f-434f-aaf0-6cf454a4e442, Nodes: ffe9ff16-6c36-4e32-891e-5d8f4d9c1a42{ip: 192.168.36.82, host: pr-hdds-2151-rkvw4-133030696, networkLocation: /default-rack, certSerialId: null}202307d0-0994-4a5f-bc69-095ec566398d{ip: 192.168.36.82, host: pr-hdds-2151-rkvw4-133030696, networkLocation: /default-rack, certSerialId: null}6c9a1640-e1f5-4cdf-82bf-56ab00cf4fe0{ip: 192.168.36.82, host: pr-hdds-2151-rkvw4-133030696, networkLocation: /default-rack, certSerialId: null}, Type:RATIS, Factor:THREE, State:OPEN]
2019-09-19 13:57:37,427 [grpc-default-executor-2] INFO  impl.RaftServerProxy (RaftServerProxy.java:addNew(89)) - b4030cb9-bb90-48fa-8940-2ba1da097595: addNew group-CDF270FEAC2F:[b4030cb9-bb90-48fa-8940-2ba1da097595:192.168.36.82:39023] returns group-CDF270FEAC2F:java.util.concurrent.CompletableFuture@2b381306[Not completed]
2019-09-19 13:57:37,428 [pool-439-thread-1] INFO  impl.RaftServerImpl (RaftServerImpl.java:<init>(95)) - b4030cb9-bb90-48fa-8940-2ba1da097595: new RaftServerImpl for group-CDF270FEAC2F:[b4030cb9-bb90-48fa-8940-2ba1da097595:192.168.36.82:39023] with ContainerStateMachine:uninitialized
2019-09-19 13:57:37,430 [pool-439-thread-1] INFO  server.RaftServerConfigKeys (ConfUtils.java:logGet(43)) - raft.server.rpc.timeout.min = 5s (custom)
2019-09-19 13:57:37,430 [pool-439-thread-1] INFO  server.RaftServerConfigKeys (ConfUtils.java:logGet(43)) - raft.server.rpc.timeout.max = 5200ms (custom)
2019-09-19 13:57:37,430 [pool-439-thread-1] INFO  server.RaftServerConfigKeys (ConfUtils.java:logGet(43)) - raft.server.rpcslowness.timeout = 120s (custom)
2019-09-19 13:57:37,430 [pool-439-thread-1] INFO  server.RaftServerConfigKeys (ConfUtils.java:logGet(43)) - raft.server.sleep.deviation.threshold = 300 (default)
2019-09-19 13:57:37,430 [pool-439-thread-1] INFO  server.RaftServerConfigKeys (ConfUtils.java:logGet(43)) - raft.server.log.appender.install.snapshot.enabled = false (custom)
2019-09-19 13:57:37,430 [pool-439-thread-1] INFO  impl.RaftServerImpl (ServerState.java:<init>(103)) - b4030cb9-bb90-48fa-8940-2ba1da097595@group-CDF270FEAC2F: ConfigurationManager, init=-1: [b4030cb9-bb90-48fa-8940-2ba1da097595:192.168.36.82:39023], old=null, confs=<EMPTY_MAP>
2019-09-19 13:57:37,430 [pool-439-thread-1] INFO  server.RaftServerConfigKeys (ConfUtils.java:logGet(43)) - raft.server.storage.dir = [/workdir/hadoop-ozone/integration-test/target/test-dir/MiniOzoneClusterImpl-dd3eabca-da74-4633-9d56-ab06f731d67f/datanode-3/data/ratis] (custom)
2019-09-19 13:57:37,430 [pool-439-thread-1] INFO  storage.RaftStorageDirectory (RaftStorageDirectory.java:analyzeStorage(246)) - The storage directory /workdir/hadoop-ozone/integration-test/target/test-dir/MiniOzoneClusterImpl-dd3eabca-da74-4633-9d56-ab06f731d67f/datanode-3/data/ratis/f7527fb4-4986-42dd-9430-cdf270feac2f does not exist. Creating ...
2019-09-19 13:57:37,443 [pool-439-thread-1] INFO  storage.RaftStorageDirectory (RaftStorageDirectory.java:tryLock(328)) - Lock on /workdir/hadoop-ozone/integration-test/target/test-dir/MiniOzoneClusterImpl-dd3eabca-da74-4633-9d56-ab06f731d67f/datanode-3/data/ratis/f7527fb4-4986-42dd-9430-cdf270feac2f/in_use.lock acquired by nodename 23769@pr-hdds-2151-rkvw4-133030696
2019-09-19 13:57:37,447 [IPC Server handler 2 on 36951] INFO  net.NetworkTopology (NetworkTopologyImpl.java:add(111)) - Added a new node: /default-rack/de9a6245-bc05-4757-817d-214bc59448ea
2019-09-19 13:57:37,447 [IPC Server handler 2 on 36951] INFO  node.SCMNodeManager (SCMNodeManager.java:register(266)) - Registered Data node : de9a6245-bc05-4757-817d-214bc59448ea{ip: 192.168.36.82, host: pr-hdds-2151-rkvw4-133030696, networkLocation: /default-rack, certSerialId: null}
2019-09-19 13:57:37,456 [pool-439-thread-1] INFO  storage.RaftStorage (RaftStorage.java:format(72)) - Storage directory /workdir/hadoop-ozone/integration-test/target/test-dir/MiniOzoneClusterImpl-dd3eabca-da74-4633-9d56-ab06f731d67f/datanode-3/data/ratis/f7527fb4-4986-42dd-9430-cdf270feac2f has been successfully formatted.
2019-09-19 13:57:37,456 [pool-439-thread-1] INFO  ratis.ContainerStateMachine (ContainerStateMachine.java:loadSnapshot(230)) - group-CDF270FEAC2F: The snapshot info is null. Setting the last applied indexto:(t:0, i:~)
2019-09-19 13:57:37,456 [pool-439-thread-1] INFO  server.RaftServerConfigKeys (ConfUtils.java:logGet(43)) - raft.server.notification.no-leader.timeout = 120s (custom)
2019-09-19 13:57:37,456 [pool-439-thread-1] INFO  server.RaftServerConfigKeys (ConfUtils.java:logGet(43)) - raft.server.log.use.memory = false (default)
2019-09-19 13:57:37,457 [pool-439-thread-1] INFO  server.RaftServerConfigKeys (ConfUtils.java:logGet(43)) - raft.server.log.purge.gap = 1000000 (custom)
2019-09-19 13:57:37,457 [pool-439-thread-1] INFO  server.RaftServerConfigKeys (ConfUtils.java:logGet(43)) - raft.server.log.appender.buffer.byte-limit = 33554432 (custom)
2019-09-19 13:57:37,457 [pool-439-thread-1] INFO  server.RaftServerConfigKeys (ConfUtils.java:logGet(43)) - raft.server.log.segment.size.max = 1048576 (custom)
2019-09-19 13:57:37,457 [pool-439-thread-1] INFO  server.RaftServerConfigKeys (ConfUtils.java:logGet(43)) - raft.server.log.segment.cache.num.max = 2 (custom)
2019-09-19 13:57:37,457 [pool-439-thread-1] INFO  segmented.SegmentedRaftLogWorker (SegmentedRaftLogWorker.java:<init>(172)) - new b4030cb9-bb90-48fa-8940-2ba1da097595@group-CDF270FEAC2F-SegmentedRaftLogWorker for RaftStorage:Storage Directory /workdir/hadoop-ozone/integration-test/target/test-dir/MiniOzoneClusterImpl-dd3eabca-da74-4633-9d56-ab06f731d67f/datanode-3/data/ratis/f7527fb4-4986-42dd-9430-cdf270feac2f
2019-09-19 13:57:37,459 [pool-439-thread-1] INFO  server.RaftServerConfigKeys (ConfUtils.java:logGet(43)) - raft.server.log.queue.byte-limit = 2147483647 (custom)
2019-09-19 13:57:37,459 [pool-439-thread-1] INFO  server.RaftServerConfigKeys (ConfUtils.java:logGet(43)) - raft.server.log.queue.element-limit = 1024 (custom)
2019-09-19 13:57:37,459 [pool-439-thread-1] INFO  server.RaftServerConfigKeys (ConfUtils.java:logGet(43)) - raft.server.log.segment.size.max = 1048576 (custom)
2019-09-19 13:57:37,459 [pool-439-thread-1] INFO  server.RaftServerConfigKeys (ConfUtils.java:logGet(43)) - raft.server.log.preallocated.size = 16384 (custom)
2019-09-19 13:57:37,460 [pool-439-thread-1] INFO  server.RaftServerConfigKeys (ConfUtils.java:logGet(43)) - raft.server.log.write.buffer.size = 33554432 (custom)
2019-09-19 13:57:37,460 [pool-439-thread-1] INFO  server.RaftServerConfigKeys (ConfUtils.java:logGet(43)) - raft.server.log.force.sync.num = 128 (default)
2019-09-19 13:57:37,460 [pool-439-thread-1] INFO  server.RaftServerConfigKeys (ConfUtils.java:logGet(43)) - raft.server.log.statemachine.data.sync = true (default)
2019-09-19 13:57:37,460 [pool-439-thread-1] INFO  server.RaftServerConfigKeys (ConfUtils.java:logGet(43)) - raft.server.log.statemachine.data.sync.timeout = 10s (default)
2019-09-19 13:57:37,460 [pool-439-thread-1] INFO  server.RaftServerConfigKeys (ConfUtils.java:logGet(43)) - raft.server.log.statemachine.data.sync.timeout.retry = -1 (default)
2019-09-19 13:57:37,460 [pool-439-thread-1] INFO  server.RaftServerConfigKeys (ConfUtils.java:logGet(43)) - raft.server.log.statemachine.data.caching.enabled = true (custom)
2019-09-19 13:57:37,461 [pool-439-thread-1] INFO  segmented.SegmentedRaftLogWorker (SegmentedRaftLogWorker.java:lambda$new$0(132)) - b4030cb9-bb90-48fa-8940-2ba1da097595@group-CDF270FEAC2F-SegmentedRaftLogWorker: flushIndex: setUnconditionally 0 -> -1
2019-09-19 13:57:37,461 [pool-439-thread-1] INFO  server.RaftServerConfigKeys (ConfUtils.java:logGet(43)) - raft.server.snapshot.auto.trigger.enabled = true (custom)
2019-09-19 13:57:37,461 [pool-439-thread-1] INFO  server.RaftServerConfigKeys (ConfUtils.java:logGet(43)) - raft.server.snapshot.auto.trigger.threshold = 10000 (custom)
2019-09-19 13:57:37,461 [pool-439-thread-1] INFO  server.RaftServerConfigKeys (ConfUtils.java:logGet(43)) - raft.server.snapshot.retention.num.files = 5 (custom)
2019-09-19 13:57:37,462 [pool-439-thread-1] INFO  server.RaftServerConfigKeys (ConfUtils.java:logGet(43)) - raft.server.retrycache.expirytime = 600000ms (custom)
2019-09-19 13:57:37,463 [pool-439-thread-1] INFO  impl.RaftServerImpl (RaftServerImpl.java:start(185)) - b4030cb9-bb90-48fa-8940-2ba1da097595@group-CDF270FEAC2F: start as a follower, conf=-1: [b4030cb9-bb90-48fa-8940-2ba1da097595:192.168.36.82:39023], old=null
2019-09-19 13:57:37,463 [pool-439-thread-1] INFO  impl.RaftServerImpl (RaftServerImpl.java:setRole(174)) - b4030cb9-bb90-48fa-8940-2ba1da097595@group-CDF270FEAC2F: changes role from      null to FOLLOWER at term 0 for startAsFollower
2019-09-19 13:57:37,463 [pool-439-thread-1] INFO  impl.RoleInfo (RoleInfo.java:updateAndGet(143)) - b4030cb9-bb90-48fa-8940-2ba1da097595: start FollowerState
2019-09-19 13:57:37,464 [pool-439-thread-1] INFO  util.JmxRegister (JmxRegister.java:tryRegister(44)) - Successfully registered JMX Bean with object name Ratis:service=RaftServer,group=group-CDF270FEAC2F,id=b4030cb9-bb90-48fa-8940-2ba1da097595
2019-09-19 13:57:37,466 [RatisPipelineUtilsThread] INFO  pipeline.PipelineStateManager (PipelineStateManager.java:addPipeline(56)) - Created pipeline Pipeline[ Id: f7527fb4-4986-42dd-9430-cdf270feac2f, Nodes: b4030cb9-bb90-48fa-8940-2ba1da097595{ip: 192.168.36.82, host: pr-hdds-2151-rkvw4-133030696, networkLocation: /default-rack, certSerialId: null}, Type:RATIS, Factor:ONE, State:OPEN]
2019-09-19 13:57:37,485 [grpc-default-executor-2] INFO  impl.RaftServerProxy (RaftServerProxy.java:addNew(89)) - de9a6245-bc05-4757-817d-214bc59448ea: addNew group-135E08FDD67C:[de9a6245-bc05-4757-817d-214bc59448ea:192.168.36.82:35305] returns group-135E08FDD67C:java.util.concurrent.CompletableFuture@11fa73[Not completed]
2019-09-19 13:57:37,487 [pool-449-thread-1] INFO  impl.RaftServerImpl (RaftServerImpl.java:<init>(95)) - de9a6245-bc05-4757-817d-214bc59448ea: new RaftServerImpl for group-135E08FDD67C:[de9a6245-bc05-4757-817d-214bc59448ea:192.168.36.82:35305] with ContainerStateMachine:uninitialized
2019-09-19 13:57:37,487 [pool-449-thread-1] INFO  server.RaftServerConfigKeys (ConfUtils.java:logGet(43)) - raft.server.rpc.timeout.min = 5s (custom)
2019-09-19 13:57:37,487 [pool-449-thread-1] INFO  server.RaftServerConfigKeys (ConfUtils.java:logGet(43)) - raft.server.rpc.timeout.max = 5200ms (custom)
2019-09-19 13:57:37,487 [pool-449-thread-1] INFO  server.RaftServerConfigKeys (ConfUtils.java:logGet(43)) - raft.server.rpcslowness.timeout = 120s (custom)
2019-09-19 13:57:37,487 [pool-449-thread-1] INFO  server.RaftServerConfigKeys (ConfUtils.java:logGet(43)) - raft.server.sleep.deviation.threshold = 300 (default)
2019-09-19 13:57:37,487 [pool-449-thread-1] INFO  server.RaftServerConfigKeys (ConfUtils.java:logGet(43)) - raft.server.log.appender.install.snapshot.enabled = false (custom)
2019-09-19 13:57:37,488 [pool-449-thread-1] INFO  impl.RaftServerImpl (ServerState.java:<init>(103)) - de9a6245-bc05-4757-817d-214bc59448ea@group-135E08FDD67C: ConfigurationManager, init=-1: [de9a6245-bc05-4757-817d-214bc59448ea:192.168.36.82:35305], old=null, confs=<EMPTY_MAP>
2019-09-19 13:57:37,488 [pool-449-thread-1] INFO  server.RaftServerConfigKeys (ConfUtils.java:logGet(43)) - raft.server.storage.dir = [/workdir/hadoop-ozone/integration-test/target/test-dir/MiniOzoneClusterImpl-dd3eabca-da74-4633-9d56-ab06f731d67f/datanode-4/data/ratis] (custom)
2019-09-19 13:57:37,488 [pool-449-thread-1] INFO  storage.RaftStorageDirectory (RaftStorageDirectory.java:analyzeStorage(246)) - The storage directory /workdir/hadoop-ozone/integration-test/target/test-dir/MiniOzoneClusterImpl-dd3eabca-da74-4633-9d56-ab06f731d67f/datanode-4/data/ratis/5a0200ed-675d-4b4b-af67-135e08fdd67c does not exist. Creating ...
2019-09-19 13:57:37,501 [pool-449-thread-1] INFO  storage.RaftStorageDirectory (RaftStorageDirectory.java:tryLock(328)) - Lock on /workdir/hadoop-ozone/integration-test/target/test-dir/MiniOzoneClusterImpl-dd3eabca-da74-4633-9d56-ab06f731d67f/datanode-4/data/ratis/5a0200ed-675d-4b4b-af67-135e08fdd67c/in_use.lock acquired by nodename 23769@pr-hdds-2151-rkvw4-133030696
2019-09-19 13:57:37,503 [IPC Server handler 3 on 36951] INFO  net.NetworkTopology (NetworkTopologyImpl.java:add(111)) - Added a new node: /default-rack/1aff1733-57f6-45fc-9f0b-1426b548f5f7
2019-09-19 13:57:37,503 [IPC Server handler 3 on 36951] INFO  node.SCMNodeManager (SCMNodeManager.java:register(266)) - Registered Data node : 1aff1733-57f6-45fc-9f0b-1426b548f5f7{ip: 192.168.36.82, host: pr-hdds-2151-rkvw4-133030696, networkLocation: /default-rack, certSerialId: null}
2019-09-19 13:57:37,513 [pool-449-thread-1] INFO  storage.RaftStorage (RaftStorage.java:format(72)) - Storage directory /workdir/hadoop-ozone/integration-test/target/test-dir/MiniOzoneClusterImpl-dd3eabca-da74-4633-9d56-ab06f731d67f/datanode-4/data/ratis/5a0200ed-675d-4b4b-af67-135e08fdd67c has been successfully formatted.
2019-09-19 13:57:37,514 [pool-449-thread-1] INFO  ratis.ContainerStateMachine (ContainerStateMachine.java:loadSnapshot(230)) - group-135E08FDD67C: The snapshot info is null. Setting the last applied indexto:(t:0, i:~)
2019-09-19 13:57:37,514 [pool-449-thread-1] INFO  server.RaftServerConfigKeys (ConfUtils.java:logGet(43)) - raft.server.notification.no-leader.timeout = 120s (custom)
2019-09-19 13:57:37,514 [pool-449-thread-1] INFO  server.RaftServerConfigKeys (ConfUtils.java:logGet(43)) - raft.server.log.use.memory = false (default)
2019-09-19 13:57:37,514 [pool-449-thread-1] INFO  server.RaftServerConfigKeys (ConfUtils.java:logGet(43)) - raft.server.log.purge.gap = 1000000 (custom)
2019-09-19 13:57:37,514 [pool-449-thread-1] INFO  server.RaftServerConfigKeys (ConfUtils.java:logGet(43)) - raft.server.log.appender.buffer.byte-limit = 33554432 (custom)
2019-09-19 13:57:37,514 [pool-449-thread-1] INFO  server.RaftServerConfigKeys (ConfUtils.java:logGet(43)) - raft.server.log.segment.size.max = 1048576 (custom)
2019-09-19 13:57:37,514 [pool-449-thread-1] INFO  server.RaftServerConfigKeys (ConfUtils.java:logGet(43)) - raft.server.log.segment.cache.num.max = 2 (custom)
2019-09-19 13:57:37,514 [pool-449-thread-1] INFO  segmented.SegmentedRaftLogWorker (SegmentedRaftLogWorker.java:<init>(172)) - new de9a6245-bc05-4757-817d-214bc59448ea@group-135E08FDD67C-SegmentedRaftLogWorker for RaftStorage:Storage Directory /workdir/hadoop-ozone/integration-test/target/test-dir/MiniOzoneClusterImpl-dd3eabca-da74-4633-9d56-ab06f731d67f/datanode-4/data/ratis/5a0200ed-675d-4b4b-af67-135e08fdd67c
2019-09-19 13:57:37,516 [pool-449-thread-1] INFO  server.RaftServerConfigKeys (ConfUtils.java:logGet(43)) - raft.server.log.queue.byte-limit = 2147483647 (custom)
2019-09-19 13:57:37,516 [pool-449-thread-1] INFO  server.RaftServerConfigKeys (ConfUtils.java:logGet(43)) - raft.server.log.queue.element-limit = 1024 (custom)
2019-09-19 13:57:37,516 [pool-449-thread-1] INFO  server.RaftServerConfigKeys (ConfUtils.java:logGet(43)) - raft.server.log.segment.size.max = 1048576 (custom)
2019-09-19 13:57:37,516 [pool-449-thread-1] INFO  server.RaftServerConfigKeys (ConfUtils.java:logGet(43)) - raft.server.log.preallocated.size = 16384 (custom)
2019-09-19 13:57:37,516 [pool-449-thread-1] INFO  server.RaftServerConfigKeys (ConfUtils.java:logGet(43)) - raft.server.log.write.buffer.size = 33554432 (custom)
2019-09-19 13:57:37,516 [pool-449-thread-1] INFO  server.RaftServerConfigKeys (ConfUtils.java:logGet(43)) - raft.server.log.force.sync.num = 128 (default)
2019-09-19 13:57:37,516 [pool-449-thread-1] INFO  server.RaftServerConfigKeys (ConfUtils.java:logGet(43)) - raft.server.log.statemachine.data.sync = true (default)
2019-09-19 13:57:37,517 [pool-449-thread-1] INFO  server.RaftServerConfigKeys (ConfUtils.java:logGet(43)) - raft.server.log.statemachine.data.sync.timeout = 10s (default)
2019-09-19 13:57:37,517 [pool-449-thread-1] INFO  server.RaftServerConfigKeys (ConfUtils.java:logGet(43)) - raft.server.log.statemachine.data.sync.timeout.retry = -1 (default)
2019-09-19 13:57:37,517 [pool-449-thread-1] INFO  server.RaftServerConfigKeys (ConfUtils.java:logGet(43)) - raft.server.log.statemachine.data.caching.enabled = true (custom)
2019-09-19 13:57:37,517 [pool-449-thread-1] INFO  segmented.SegmentedRaftLogWorker (SegmentedRaftLogWorker.java:lambda$new$0(132)) - de9a6245-bc05-4757-817d-214bc59448ea@group-135E08FDD67C-SegmentedRaftLogWorker: flushIndex: setUnconditionally 0 -> -1
2019-09-19 13:57:37,517 [pool-449-thread-1] INFO  server.RaftServerConfigKeys (ConfUtils.java:logGet(43)) - raft.server.snapshot.auto.trigger.enabled = true (custom)
2019-09-19 13:57:37,517 [pool-449-thread-1] INFO  server.RaftServerConfigKeys (ConfUtils.java:logGet(43)) - raft.server.snapshot.auto.trigger.threshold = 10000 (custom)
2019-09-19 13:57:37,517 [pool-449-thread-1] INFO  server.RaftServerConfigKeys (ConfUtils.java:logGet(43)) - raft.server.snapshot.retention.num.files = 5 (custom)
2019-09-19 13:57:37,518 [pool-449-thread-1] INFO  server.RaftServerConfigKeys (ConfUtils.java:logGet(43)) - raft.server.retrycache.expirytime = 600000ms (custom)
2019-09-19 13:57:37,519 [pool-449-thread-1] INFO  impl.RaftServerImpl (RaftServerImpl.java:start(185)) - de9a6245-bc05-4757-817d-214bc59448ea@group-135E08FDD67C: start as a follower, conf=-1: [de9a6245-bc05-4757-817d-214bc59448ea:192.168.36.82:35305], old=null
2019-09-19 13:57:37,519 [pool-449-thread-1] INFO  impl.RaftServerImpl (RaftServerImpl.java:setRole(174)) - de9a6245-bc05-4757-817d-214bc59448ea@group-135E08FDD67C: changes role from      null to FOLLOWER at term 0 for startAsFollower
2019-09-19 13:57:37,519 [pool-449-thread-1] INFO  impl.RoleInfo (RoleInfo.java:updateAndGet(143)) - de9a6245-bc05-4757-817d-214bc59448ea: start FollowerState
2019-09-19 13:57:37,519 [pool-449-thread-1] INFO  util.JmxRegister (JmxRegister.java:tryRegister(44)) - Successfully registered JMX Bean with object name Ratis:service=RaftServer,group=group-135E08FDD67C,id=de9a6245-bc05-4757-817d-214bc59448ea
2019-09-19 13:57:37,521 [RatisPipelineUtilsThread] INFO  pipeline.PipelineStateManager (PipelineStateManager.java:addPipeline(56)) - Created pipeline Pipeline[ Id: 5a0200ed-675d-4b4b-af67-135e08fdd67c, Nodes: de9a6245-bc05-4757-817d-214bc59448ea{ip: 192.168.36.82, host: pr-hdds-2151-rkvw4-133030696, networkLocation: /default-rack, certSerialId: null}, Type:RATIS, Factor:ONE, State:OPEN]
2019-09-19 13:57:37,532 [grpc-default-executor-2] INFO  impl.RaftServerProxy (RaftServerProxy.java:addNew(89)) - 1aff1733-57f6-45fc-9f0b-1426b548f5f7: addNew group-5048440E1B97:[1aff1733-57f6-45fc-9f0b-1426b548f5f7:192.168.36.82:39053] returns group-5048440E1B97:java.util.concurrent.CompletableFuture@3f73223d[Not completed]
2019-09-19 13:57:37,532 [pool-459-thread-1] INFO  impl.RaftServerImpl (RaftServerImpl.java:<init>(95)) - 1aff1733-57f6-45fc-9f0b-1426b548f5f7: new RaftServerImpl for group-5048440E1B97:[1aff1733-57f6-45fc-9f0b-1426b548f5f7:192.168.36.82:39053] with ContainerStateMachine:uninitialized
2019-09-19 13:57:37,532 [pool-459-thread-1] INFO  server.RaftServerConfigKeys (ConfUtils.java:logGet(43)) - raft.server.rpc.timeout.min = 5s (custom)
2019-09-19 13:57:37,532 [pool-459-thread-1] INFO  server.RaftServerConfigKeys (ConfUtils.java:logGet(43)) - raft.server.rpc.timeout.max = 5200ms (custom)
2019-09-19 13:57:37,533 [pool-459-thread-1] INFO  server.RaftServerConfigKeys (ConfUtils.java:logGet(43)) - raft.server.rpcslowness.timeout = 120s (custom)
2019-09-19 13:57:37,533 [pool-459-thread-1] INFO  server.RaftServerConfigKeys (ConfUtils.java:logGet(43)) - raft.server.sleep.deviation.threshold = 300 (default)
2019-09-19 13:57:37,533 [pool-459-thread-1] INFO  server.RaftServerConfigKeys (ConfUtils.java:logGet(43)) - raft.server.log.appender.install.snapshot.enabled = false (custom)
2019-09-19 13:57:37,533 [pool-459-thread-1] INFO  impl.RaftServerImpl (ServerState.java:<init>(103)) - 1aff1733-57f6-45fc-9f0b-1426b548f5f7@group-5048440E1B97: ConfigurationManager, init=-1: [1aff1733-57f6-45fc-9f0b-1426b548f5f7:192.168.36.82:39053], old=null, confs=<EMPTY_MAP>
2019-09-19 13:57:37,533 [pool-459-thread-1] INFO  server.RaftServerConfigKeys (ConfUtils.java:logGet(43)) - raft.server.storage.dir = [/workdir/hadoop-ozone/integration-test/target/test-dir/MiniOzoneClusterImpl-dd3eabca-da74-4633-9d56-ab06f731d67f/datanode-5/data/ratis] (custom)
2019-09-19 13:57:37,533 [pool-459-thread-1] INFO  storage.RaftStorageDirectory (RaftStorageDirectory.java:analyzeStorage(246)) - The storage directory /workdir/hadoop-ozone/integration-test/target/test-dir/MiniOzoneClusterImpl-dd3eabca-da74-4633-9d56-ab06f731d67f/datanode-5/data/ratis/37873a7b-599f-4c1c-9bdb-5048440e1b97 does not exist. Creating ...
2019-09-19 13:57:37,546 [pool-459-thread-1] INFO  storage.RaftStorageDirectory (RaftStorageDirectory.java:tryLock(328)) - Lock on /workdir/hadoop-ozone/integration-test/target/test-dir/MiniOzoneClusterImpl-dd3eabca-da74-4633-9d56-ab06f731d67f/datanode-5/data/ratis/37873a7b-599f-4c1c-9bdb-5048440e1b97/in_use.lock acquired by nodename 23769@pr-hdds-2151-rkvw4-133030696
2019-09-19 13:57:37,559 [pool-459-thread-1] INFO  storage.RaftStorage (RaftStorage.java:format(72)) - Storage directory /workdir/hadoop-ozone/integration-test/target/test-dir/MiniOzoneClusterImpl-dd3eabca-da74-4633-9d56-ab06f731d67f/datanode-5/data/ratis/37873a7b-599f-4c1c-9bdb-5048440e1b97 has been successfully formatted.
2019-09-19 13:57:37,559 [pool-459-thread-1] INFO  ratis.ContainerStateMachine (ContainerStateMachine.java:loadSnapshot(230)) - group-5048440E1B97: The snapshot info is null. Setting the last applied indexto:(t:0, i:~)
2019-09-19 13:57:37,559 [pool-459-thread-1] INFO  server.RaftServerConfigKeys (ConfUtils.java:logGet(43)) - raft.server.notification.no-leader.timeout = 120s (custom)
2019-09-19 13:57:37,559 [pool-459-thread-1] INFO  server.RaftServerConfigKeys (ConfUtils.java:logGet(43)) - raft.server.log.use.memory = false (default)
2019-09-19 13:57:37,559 [pool-459-thread-1] INFO  server.RaftServerConfigKeys (ConfUtils.java:logGet(43)) - raft.server.log.purge.gap = 1000000 (custom)
2019-09-19 13:57:37,559 [pool-459-thread-1] INFO  server.RaftServerConfigKeys (ConfUtils.java:logGet(43)) - raft.server.log.appender.buffer.byte-limit = 33554432 (custom)
2019-09-19 13:57:37,559 [pool-459-thread-1] INFO  server.RaftServerConfigKeys (ConfUtils.java:logGet(43)) - raft.server.log.segment.size.max = 1048576 (custom)
2019-09-19 13:57:37,559 [pool-459-thread-1] INFO  server.RaftServerConfigKeys (ConfUtils.java:logGet(43)) - raft.server.log.segment.cache.num.max = 2 (custom)
2019-09-19 13:57:37,559 [pool-459-thread-1] INFO  segmented.SegmentedRaftLogWorker (SegmentedRaftLogWorker.java:<init>(172)) - new 1aff1733-57f6-45fc-9f0b-1426b548f5f7@group-5048440E1B97-SegmentedRaftLogWorker for RaftStorage:Storage Directory /workdir/hadoop-ozone/integration-test/target/test-dir/MiniOzoneClusterImpl-dd3eabca-da74-4633-9d56-ab06f731d67f/datanode-5/data/ratis/37873a7b-599f-4c1c-9bdb-5048440e1b97
2019-09-19 13:57:37,561 [pool-459-thread-1] INFO  server.RaftServerConfigKeys (ConfUtils.java:logGet(43)) - raft.server.log.queue.byte-limit = 2147483647 (custom)
2019-09-19 13:57:37,561 [pool-459-thread-1] INFO  server.RaftServerConfigKeys (ConfUtils.java:logGet(43)) - raft.server.log.queue.element-limit = 1024 (custom)
2019-09-19 13:57:37,561 [pool-459-thread-1] INFO  server.RaftServerConfigKeys (ConfUtils.java:logGet(43)) - raft.server.log.segment.size.max = 1048576 (custom)
2019-09-19 13:57:37,561 [pool-459-thread-1] INFO  server.RaftServerConfigKeys (ConfUtils.java:logGet(43)) - raft.server.log.preallocated.size = 16384 (custom)
2019-09-19 13:57:37,561 [pool-459-thread-1] INFO  server.RaftServerConfigKeys (ConfUtils.java:logGet(43)) - raft.server.log.write.buffer.size = 33554432 (custom)
2019-09-19 13:57:37,561 [pool-459-thread-1] INFO  server.RaftServerConfigKeys (ConfUtils.java:logGet(43)) - raft.server.log.force.sync.num = 128 (default)
2019-09-19 13:57:37,561 [pool-459-thread-1] INFO  server.RaftServerConfigKeys (ConfUtils.java:logGet(43)) - raft.server.log.statemachine.data.sync = true (default)
2019-09-19 13:57:37,561 [pool-459-thread-1] INFO  server.RaftServerConfigKeys (ConfUtils.java:logGet(43)) - raft.server.log.statemachine.data.sync.timeout = 10s (default)
2019-09-19 13:57:37,561 [pool-459-thread-1] INFO  server.RaftServerConfigKeys (ConfUtils.java:logGet(43)) - raft.server.log.statemachine.data.sync.timeout.retry = -1 (default)
2019-09-19 13:57:37,561 [pool-459-thread-1] INFO  server.RaftServerConfigKeys (ConfUtils.java:logGet(43)) - raft.server.log.statemachine.data.caching.enabled = true (custom)
2019-09-19 13:57:37,562 [pool-459-thread-1] INFO  segmented.SegmentedRaftLogWorker (SegmentedRaftLogWorker.java:lambda$new$0(132)) - 1aff1733-57f6-45fc-9f0b-1426b548f5f7@group-5048440E1B97-SegmentedRaftLogWorker: flushIndex: setUnconditionally 0 -> -1
2019-09-19 13:57:37,562 [pool-459-thread-1] INFO  server.RaftServerConfigKeys (ConfUtils.java:logGet(43)) - raft.server.snapshot.auto.trigger.enabled = true (custom)
2019-09-19 13:57:37,562 [pool-459-thread-1] INFO  server.RaftServerConfigKeys (ConfUtils.java:logGet(43)) - raft.server.snapshot.auto.trigger.threshold = 10000 (custom)
2019-09-19 13:57:37,562 [pool-459-thread-1] INFO  server.RaftServerConfigKeys (ConfUtils.java:logGet(43)) - raft.server.snapshot.retention.num.files = 5 (custom)
2019-09-19 13:57:37,562 [pool-459-thread-1] INFO  server.RaftServerConfigKeys (ConfUtils.java:logGet(43)) - raft.server.retrycache.expirytime = 600000ms (custom)
2019-09-19 13:57:37,563 [pool-459-thread-1] INFO  impl.RaftServerImpl (RaftServerImpl.java:start(185)) - 1aff1733-57f6-45fc-9f0b-1426b548f5f7@group-5048440E1B97: start as a follower, conf=-1: [1aff1733-57f6-45fc-9f0b-1426b548f5f7:192.168.36.82:39053], old=null
2019-09-19 13:57:37,563 [pool-459-thread-1] INFO  impl.RaftServerImpl (RaftServerImpl.java:setRole(174)) - 1aff1733-57f6-45fc-9f0b-1426b548f5f7@group-5048440E1B97: changes role from      null to FOLLOWER at term 0 for startAsFollower
2019-09-19 13:57:37,563 [pool-459-thread-1] INFO  impl.RoleInfo (RoleInfo.java:updateAndGet(143)) - 1aff1733-57f6-45fc-9f0b-1426b548f5f7: start FollowerState
2019-09-19 13:57:37,564 [pool-459-thread-1] INFO  util.JmxRegister (JmxRegister.java:tryRegister(44)) - Successfully registered JMX Bean with object name Ratis:service=RaftServer,group=group-5048440E1B97,id=1aff1733-57f6-45fc-9f0b-1426b548f5f7
2019-09-19 13:57:37,565 [RatisPipelineUtilsThread] INFO  pipeline.PipelineStateManager (PipelineStateManager.java:addPipeline(56)) - Created pipeline Pipeline[ Id: 37873a7b-599f-4c1c-9bdb-5048440e1b97, Nodes: 1aff1733-57f6-45fc-9f0b-1426b548f5f7{ip: 192.168.36.82, host: pr-hdds-2151-rkvw4-133030696, networkLocation: /default-rack, certSerialId: null}, Type:RATIS, Factor:ONE, State:OPEN]
2019-09-19 13:57:37,577 [IPC Server handler 6 on 36951] INFO  net.NetworkTopology (NetworkTopologyImpl.java:add(111)) - Added a new node: /default-rack/b79314af-b76a-4043-8286-658659bd0849
2019-09-19 13:57:37,579 [main] INFO  ozone.MiniOzoneClusterImpl (MiniOzoneClusterImpl.java:lambda$waitForClusterToBeReady$0(145)) - Cluster is ready. Got 7 of 7 DN Heartbeats.
2019-09-19 13:57:37,579 [grpc-default-executor-8] INFO  impl.RaftServerProxy (RaftServerProxy.java:addNew(89)) - de9a6245-bc05-4757-817d-214bc59448ea: addNew group-D21D0AEC2A0D:[1aff1733-57f6-45fc-9f0b-1426b548f5f7:192.168.36.82:39053, de9a6245-bc05-4757-817d-214bc59448ea:192.168.36.82:35305, b4030cb9-bb90-48fa-8940-2ba1da097595:192.168.36.82:39023] returns group-D21D0AEC2A0D:java.util.concurrent.CompletableFuture@10db360f[Not completed]
2019-09-19 13:57:37,579 [IPC Server handler 6 on 36951] INFO  node.SCMNodeManager (SCMNodeManager.java:register(266)) - Registered Data node : b79314af-b76a-4043-8286-658659bd0849{ip: 192.168.36.82, host: pr-hdds-2151-rkvw4-133030696, networkLocation: /default-rack, certSerialId: null}
2019-09-19 13:57:37,582 [grpc-default-executor-7] INFO  impl.RaftServerProxy (RaftServerProxy.java:addNew(89)) - 1aff1733-57f6-45fc-9f0b-1426b548f5f7: addNew group-D21D0AEC2A0D:[1aff1733-57f6-45fc-9f0b-1426b548f5f7:192.168.36.82:39053, de9a6245-bc05-4757-817d-214bc59448ea:192.168.36.82:35305, b4030cb9-bb90-48fa-8940-2ba1da097595:192.168.36.82:39023] returns group-D21D0AEC2A0D:java.util.concurrent.CompletableFuture@7df2cac6[Not completed]
2019-09-19 13:57:37,585 [grpc-default-executor-8] INFO  impl.RaftServerProxy (RaftServerProxy.java:addNew(89)) - b4030cb9-bb90-48fa-8940-2ba1da097595: addNew group-D21D0AEC2A0D:[1aff1733-57f6-45fc-9f0b-1426b548f5f7:192.168.36.82:39053, de9a6245-bc05-4757-817d-214bc59448ea:192.168.36.82:35305, b4030cb9-bb90-48fa-8940-2ba1da097595:192.168.36.82:39023] returns group-D21D0AEC2A0D:java.util.concurrent.CompletableFuture@4863a4e[Not completed]
2019-09-19 13:57:37,585 [pool-449-thread-1] INFO  impl.RaftServerImpl (RaftServerImpl.java:<init>(95)) - de9a6245-bc05-4757-817d-214bc59448ea: new RaftServerImpl for group-D21D0AEC2A0D:[1aff1733-57f6-45fc-9f0b-1426b548f5f7:192.168.36.82:39053, de9a6245-bc05-4757-817d-214bc59448ea:192.168.36.82:35305, b4030cb9-bb90-48fa-8940-2ba1da097595:192.168.36.82:39023] with ContainerStateMachine:uninitialized
2019-09-19 13:57:37,585 [pool-449-thread-1] INFO  server.RaftServerConfigKeys (ConfUtils.java:logGet(43)) - raft.server.rpc.timeout.min = 5s (custom)
2019-09-19 13:57:37,585 [pool-449-thread-1] INFO  server.RaftServerConfigKeys (ConfUtils.java:logGet(43)) - raft.server.rpc.timeout.max = 5200ms (custom)
2019-09-19 13:57:37,585 [pool-449-thread-1] INFO  server.RaftServerConfigKeys (ConfUtils.java:logGet(43)) - raft.server.rpcslowness.timeout = 120s (custom)
2019-09-19 13:57:37,586 [pool-449-thread-1] INFO  server.RaftServerConfigKeys (ConfUtils.java:logGet(43)) - raft.server.sleep.deviation.threshold = 300 (default)
2019-09-19 13:57:37,586 [pool-449-thread-1] INFO  server.RaftServerConfigKeys (ConfUtils.java:logGet(43)) - raft.server.log.appender.install.snapshot.enabled = false (custom)
2019-09-19 13:57:37,586 [pool-439-thread-1] INFO  impl.RaftServerImpl (RaftServerImpl.java:<init>(95)) - b4030cb9-bb90-48fa-8940-2ba1da097595: new RaftServerImpl for group-D21D0AEC2A0D:[1aff1733-57f6-45fc-9f0b-1426b548f5f7:192.168.36.82:39053, de9a6245-bc05-4757-817d-214bc59448ea:192.168.36.82:35305, b4030cb9-bb90-48fa-8940-2ba1da097595:192.168.36.82:39023] with ContainerStateMachine:uninitialized
2019-09-19 13:57:37,586 [pool-449-thread-1] INFO  impl.RaftServerImpl (ServerState.java:<init>(103)) - de9a6245-bc05-4757-817d-214bc59448ea@group-D21D0AEC2A0D: ConfigurationManager, init=-1: [1aff1733-57f6-45fc-9f0b-1426b548f5f7:192.168.36.82:39053, de9a6245-bc05-4757-817d-214bc59448ea:192.168.36.82:35305, b4030cb9-bb90-48fa-8940-2ba1da097595:192.168.36.82:39023], old=null, confs=<EMPTY_MAP>
2019-09-19 13:57:37,586 [pool-439-thread-1] INFO  server.RaftServerConfigKeys (ConfUtils.java:logGet(43)) - raft.server.rpc.timeout.min = 5s (custom)
2019-09-19 13:57:37,586 [pool-449-thread-1] INFO  server.RaftServerConfigKeys (ConfUtils.java:logGet(43)) - raft.server.storage.dir = [/workdir/hadoop-ozone/integration-test/target/test-dir/MiniOzoneClusterImpl-dd3eabca-da74-4633-9d56-ab06f731d67f/datanode-4/data/ratis] (custom)
2019-09-19 13:57:37,586 [pool-459-thread-1] INFO  impl.RaftServerImpl (RaftServerImpl.java:<init>(95)) - 1aff1733-57f6-45fc-9f0b-1426b548f5f7: new RaftServerImpl for group-D21D0AEC2A0D:[1aff1733-57f6-45fc-9f0b-1426b548f5f7:192.168.36.82:39053, de9a6245-bc05-4757-817d-214bc59448ea:192.168.36.82:35305, b4030cb9-bb90-48fa-8940-2ba1da097595:192.168.36.82:39023] with ContainerStateMachine:uninitialized
2019-09-19 13:57:37,586 [pool-439-thread-1] INFO  server.RaftServerConfigKeys (ConfUtils.java:logGet(43)) - raft.server.rpc.timeout.max = 5200ms (custom)
2019-09-19 13:57:37,590 [pool-449-thread-1] INFO  storage.RaftStorageDirectory (RaftStorageDirectory.java:analyzeStorage(246)) - The storage directory /workdir/hadoop-ozone/integration-test/target/test-dir/MiniOzoneClusterImpl-dd3eabca-da74-4633-9d56-ab06f731d67f/datanode-4/data/ratis/6c2d9b7b-cc54-4ebc-bac6-d21d0aec2a0d does not exist. Creating ...
2019-09-19 13:57:37,586 [pool-459-thread-1] INFO  server.RaftServerConfigKeys (ConfUtils.java:logGet(43)) - raft.server.rpc.timeout.min = 5s (custom)
2019-09-19 13:57:37,590 [pool-439-thread-1] INFO  server.RaftServerConfigKeys (ConfUtils.java:logGet(43)) - raft.server.rpcslowness.timeout = 120s (custom)
2019-09-19 13:57:37,591 [pool-459-thread-1] INFO  server.RaftServerConfigKeys (ConfUtils.java:logGet(43)) - raft.server.rpc.timeout.max = 5200ms (custom)
2019-09-19 13:57:37,591 [pool-439-thread-1] INFO  server.RaftServerConfigKeys (ConfUtils.java:logGet(43)) - raft.server.sleep.deviation.threshold = 300 (default)
2019-09-19 13:57:37,591 [pool-459-thread-1] INFO  server.RaftServerConfigKeys (ConfUtils.java:logGet(43)) - raft.server.rpcslowness.timeout = 120s (custom)
2019-09-19 13:57:37,591 [pool-439-thread-1] INFO  server.RaftServerConfigKeys (ConfUtils.java:logGet(43)) - raft.server.log.appender.install.snapshot.enabled = false (custom)
2019-09-19 13:57:37,591 [pool-459-thread-1] INFO  server.RaftServerConfigKeys (ConfUtils.java:logGet(43)) - raft.server.sleep.deviation.threshold = 300 (default)
2019-09-19 13:57:37,591 [pool-439-thread-1] INFO  impl.RaftServerImpl (ServerState.java:<init>(103)) - b4030cb9-bb90-48fa-8940-2ba1da097595@group-D21D0AEC2A0D: ConfigurationManager, init=-1: [1aff1733-57f6-45fc-9f0b-1426b548f5f7:192.168.36.82:39053, de9a6245-bc05-4757-817d-214bc59448ea:192.168.36.82:35305, b4030cb9-bb90-48fa-8940-2ba1da097595:192.168.36.82:39023], old=null, confs=<EMPTY_MAP>
2019-09-19 13:57:37,591 [pool-459-thread-1] INFO  server.RaftServerConfigKeys (ConfUtils.java:logGet(43)) - raft.server.log.appender.install.snapshot.enabled = false (custom)
2019-09-19 13:57:37,591 [pool-439-thread-1] INFO  server.RaftServerConfigKeys (ConfUtils.java:logGet(43)) - raft.server.storage.dir = [/workdir/hadoop-ozone/integration-test/target/test-dir/MiniOzoneClusterImpl-dd3eabca-da74-4633-9d56-ab06f731d67f/datanode-3/data/ratis] (custom)
2019-09-19 13:57:37,591 [pool-459-thread-1] INFO  impl.RaftServerImpl (ServerState.java:<init>(103)) - 1aff1733-57f6-45fc-9f0b-1426b548f5f7@group-D21D0AEC2A0D: ConfigurationManager, init=-1: [1aff1733-57f6-45fc-9f0b-1426b548f5f7:192.168.36.82:39053, de9a6245-bc05-4757-817d-214bc59448ea:192.168.36.82:35305, b4030cb9-bb90-48fa-8940-2ba1da097595:192.168.36.82:39023], old=null, confs=<EMPTY_MAP>
2019-09-19 13:57:37,592 [pool-459-thread-1] INFO  server.RaftServerConfigKeys (ConfUtils.java:logGet(43)) - raft.server.storage.dir = [/workdir/hadoop-ozone/integration-test/target/test-dir/MiniOzoneClusterImpl-dd3eabca-da74-4633-9d56-ab06f731d67f/datanode-5/data/ratis] (custom)
2019-09-19 13:57:37,592 [pool-439-thread-1] INFO  storage.RaftStorageDirectory (RaftStorageDirectory.java:analyzeStorage(246)) - The storage directory /workdir/hadoop-ozone/integration-test/target/test-dir/MiniOzoneClusterImpl-dd3eabca-da74-4633-9d56-ab06f731d67f/datanode-3/data/ratis/6c2d9b7b-cc54-4ebc-bac6-d21d0aec2a0d does not exist. Creating ...
2019-09-19 13:57:37,592 [pool-459-thread-1] INFO  storage.RaftStorageDirectory (RaftStorageDirectory.java:analyzeStorage(246)) - The storage directory /workdir/hadoop-ozone/integration-test/target/test-dir/MiniOzoneClusterImpl-dd3eabca-da74-4633-9d56-ab06f731d67f/datanode-5/data/ratis/6c2d9b7b-cc54-4ebc-bac6-d21d0aec2a0d does not exist. Creating ...
2019-09-19 13:57:37,607 [pool-459-thread-1] INFO  storage.RaftStorageDirectory (RaftStorageDirectory.java:tryLock(328)) - Lock on /workdir/hadoop-ozone/integration-test/target/test-dir/MiniOzoneClusterImpl-dd3eabca-da74-4633-9d56-ab06f731d67f/datanode-5/data/ratis/6c2d9b7b-cc54-4ebc-bac6-d21d0aec2a0d/in_use.lock acquired by nodename 23769@pr-hdds-2151-rkvw4-133030696
2019-09-19 13:57:37,608 [pool-449-thread-1] INFO  storage.RaftStorageDirectory (RaftStorageDirectory.java:tryLock(328)) - Lock on /workdir/hadoop-ozone/integration-test/target/test-dir/MiniOzoneClusterImpl-dd3eabca-da74-4633-9d56-ab06f731d67f/datanode-4/data/ratis/6c2d9b7b-cc54-4ebc-bac6-d21d0aec2a0d/in_use.lock acquired by nodename 23769@pr-hdds-2151-rkvw4-133030696
2019-09-19 13:57:37,607 [pool-439-thread-1] INFO  storage.RaftStorageDirectory (RaftStorageDirectory.java:tryLock(328)) - Lock on /workdir/hadoop-ozone/integration-test/target/test-dir/MiniOzoneClusterImpl-dd3eabca-da74-4633-9d56-ab06f731d67f/datanode-3/data/ratis/6c2d9b7b-cc54-4ebc-bac6-d21d0aec2a0d/in_use.lock acquired by nodename 23769@pr-hdds-2151-rkvw4-133030696
2019-09-19 13:57:37,610 [main] INFO  rpc.RpcClient (RpcClient.java:createVolume(302)) - Creating Volume: testblockoutputstream, with jenkins1000 as owner.
2019-09-19 13:57:37,614 [IPC Server handler 1 on 45357] INFO  volume.OMVolumeCreateRequest (OMVolumeCreateRequest.java:validateAndUpdateCache(189)) - created volume:testblockoutputstream for user:jenkins1000
2019-09-19 13:57:37,625 [pool-459-thread-1] INFO  storage.RaftStorage (RaftStorage.java:format(72)) - Storage directory /workdir/hadoop-ozone/integration-test/target/test-dir/MiniOzoneClusterImpl-dd3eabca-da74-4633-9d56-ab06f731d67f/datanode-5/data/ratis/6c2d9b7b-cc54-4ebc-bac6-d21d0aec2a0d has been successfully formatted.
2019-09-19 13:57:37,625 [pool-449-thread-1] INFO  storage.RaftStorage (RaftStorage.java:format(72)) - Storage directory /workdir/hadoop-ozone/integration-test/target/test-dir/MiniOzoneClusterImpl-dd3eabca-da74-4633-9d56-ab06f731d67f/datanode-4/data/ratis/6c2d9b7b-cc54-4ebc-bac6-d21d0aec2a0d has been successfully formatted.
2019-09-19 13:57:37,625 [pool-439-thread-1] INFO  storage.RaftStorage (RaftStorage.java:format(72)) - Storage directory /workdir/hadoop-ozone/integration-test/target/test-dir/MiniOzoneClusterImpl-dd3eabca-da74-4633-9d56-ab06f731d67f/datanode-3/data/ratis/6c2d9b7b-cc54-4ebc-bac6-d21d0aec2a0d has been successfully formatted.
2019-09-19 13:57:37,625 [pool-449-thread-1] INFO  ratis.ContainerStateMachine (ContainerStateMachine.java:loadSnapshot(230)) - group-D21D0AEC2A0D: The snapshot info is null. Setting the last applied indexto:(t:0, i:~)
2019-09-19 13:57:37,625 [pool-459-thread-1] INFO  ratis.ContainerStateMachine (ContainerStateMachine.java:loadSnapshot(230)) - group-D21D0AEC2A0D: The snapshot info is null. Setting the last applied indexto:(t:0, i:~)
2019-09-19 13:57:37,625 [pool-449-thread-1] INFO  server.RaftServerConfigKeys (ConfUtils.java:logGet(43)) - raft.server.notification.no-leader.timeout = 120s (custom)
2019-09-19 13:57:37,625 [main] INFO  rpc.RpcClient (RpcClient.java:createBucket(441)) - Creating Bucket: testblockoutputstream/testblockoutputstream, with Versioning false and Storage Type set to DISK and Encryption set to false 
2019-09-19 13:57:37,625 [pool-439-thread-1] INFO  ratis.ContainerStateMachine (ContainerStateMachine.java:loadSnapshot(230)) - group-D21D0AEC2A0D: The snapshot info is null. Setting the last applied indexto:(t:0, i:~)
2019-09-19 13:57:37,625 [pool-449-thread-1] INFO  server.RaftServerConfigKeys (ConfUtils.java:logGet(43)) - raft.server.log.use.memory = false (default)
2019-09-19 13:57:37,625 [pool-459-thread-1] INFO  server.RaftServerConfigKeys (ConfUtils.java:logGet(43)) - raft.server.notification.no-leader.timeout = 120s (custom)
2019-09-19 13:57:37,626 [pool-449-thread-1] INFO  server.RaftServerConfigKeys (ConfUtils.java:logGet(43)) - raft.server.log.purge.gap = 1000000 (custom)
2019-09-19 13:57:37,626 [pool-439-thread-1] INFO  server.RaftServerConfigKeys (ConfUtils.java:logGet(43)) - raft.server.notification.no-leader.timeout = 120s (custom)
2019-09-19 13:57:37,626 [pool-449-thread-1] INFO  server.RaftServerConfigKeys (ConfUtils.java:logGet(43)) - raft.server.log.appender.buffer.byte-limit = 33554432 (custom)
2019-09-19 13:57:37,626 [pool-459-thread-1] INFO  server.RaftServerConfigKeys (ConfUtils.java:logGet(43)) - raft.server.log.use.memory = false (default)
2019-09-19 13:57:37,626 [pool-449-thread-1] INFO  server.RaftServerConfigKeys (ConfUtils.java:logGet(43)) - raft.server.log.segment.size.max = 1048576 (custom)
2019-09-19 13:57:37,626 [pool-439-thread-1] INFO  server.RaftServerConfigKeys (ConfUtils.java:logGet(43)) - raft.server.log.use.memory = false (default)
2019-09-19 13:57:37,626 [pool-449-thread-1] INFO  server.RaftServerConfigKeys (ConfUtils.java:logGet(43)) - raft.server.log.segment.cache.num.max = 2 (custom)
2019-09-19 13:57:37,626 [pool-459-thread-1] INFO  server.RaftServerConfigKeys (ConfUtils.java:logGet(43)) - raft.server.log.purge.gap = 1000000 (custom)
2019-09-19 13:57:37,627 [pool-449-thread-1] INFO  segmented.SegmentedRaftLogWorker (SegmentedRaftLogWorker.java:<init>(172)) - new de9a6245-bc05-4757-817d-214bc59448ea@group-D21D0AEC2A0D-SegmentedRaftLogWorker for RaftStorage:Storage Directory /workdir/hadoop-ozone/integration-test/target/test-dir/MiniOzoneClusterImpl-dd3eabca-da74-4633-9d56-ab06f731d67f/datanode-4/data/ratis/6c2d9b7b-cc54-4ebc-bac6-d21d0aec2a0d
2019-09-19 13:57:37,626 [pool-439-thread-1] INFO  server.RaftServerConfigKeys (ConfUtils.java:logGet(43)) - raft.server.log.purge.gap = 1000000 (custom)
2019-09-19 13:57:37,627 [pool-449-thread-1] INFO  server.RaftServerConfigKeys (ConfUtils.java:logGet(43)) - raft.server.log.queue.byte-limit = 2147483647 (custom)
2019-09-19 13:57:37,627 [pool-459-thread-1] INFO  server.RaftServerConfigKeys (ConfUtils.java:logGet(43)) - raft.server.log.appender.buffer.byte-limit = 33554432 (custom)
2019-09-19 13:57:37,627 [pool-449-thread-1] INFO  server.RaftServerConfigKeys (ConfUtils.java:logGet(43)) - raft.server.log.queue.element-limit = 1024 (custom)
2019-09-19 13:57:37,627 [pool-439-thread-1] INFO  server.RaftServerConfigKeys (ConfUtils.java:logGet(43)) - raft.server.log.appender.buffer.byte-limit = 33554432 (custom)
2019-09-19 13:57:37,627 [pool-449-thread-1] INFO  server.RaftServerConfigKeys (ConfUtils.java:logGet(43)) - raft.server.log.segment.size.max = 1048576 (custom)
2019-09-19 13:57:37,629 [pool-449-thread-1] INFO  server.RaftServerConfigKeys (ConfUtils.java:logGet(43)) - raft.server.log.preallocated.size = 16384 (custom)
2019-09-19 13:57:37,627 [pool-459-thread-1] INFO  server.RaftServerConfigKeys (ConfUtils.java:logGet(43)) - raft.server.log.segment.size.max = 1048576 (custom)
2019-09-19 13:57:37,629 [pool-449-thread-1] INFO  server.RaftServerConfigKeys (ConfUtils.java:logGet(43)) - raft.server.log.write.buffer.size = 33554432 (custom)
2019-09-19 13:57:37,629 [pool-439-thread-1] INFO  server.RaftServerConfigKeys (ConfUtils.java:logGet(43)) - raft.server.log.segment.size.max = 1048576 (custom)
2019-09-19 13:57:37,629 [pool-449-thread-1] INFO  server.RaftServerConfigKeys (ConfUtils.java:logGet(43)) - raft.server.log.force.sync.num = 128 (default)
2019-09-19 13:57:37,629 [pool-459-thread-1] INFO  server.RaftServerConfigKeys (ConfUtils.java:logGet(43)) - raft.server.log.segment.cache.num.max = 2 (custom)
2019-09-19 13:57:37,629 [pool-449-thread-1] INFO  server.RaftServerConfigKeys (ConfUtils.java:logGet(43)) - raft.server.log.statemachine.data.sync = true (default)
2019-09-19 13:57:37,629 [pool-439-thread-1] INFO  server.RaftServerConfigKeys (ConfUtils.java:logGet(43)) - raft.server.log.segment.cache.num.max = 2 (custom)
2019-09-19 13:57:37,630 [pool-449-thread-1] INFO  server.RaftServerConfigKeys (ConfUtils.java:logGet(43)) - raft.server.log.statemachine.data.sync.timeout = 10s (default)
2019-09-19 13:57:37,630 [pool-459-thread-1] INFO  segmented.SegmentedRaftLogWorker (SegmentedRaftLogWorker.java:<init>(172)) - new 1aff1733-57f6-45fc-9f0b-1426b548f5f7@group-D21D0AEC2A0D-SegmentedRaftLogWorker for RaftStorage:Storage Directory /workdir/hadoop-ozone/integration-test/target/test-dir/MiniOzoneClusterImpl-dd3eabca-da74-4633-9d56-ab06f731d67f/datanode-5/data/ratis/6c2d9b7b-cc54-4ebc-bac6-d21d0aec2a0d
2019-09-19 13:57:37,630 [pool-449-thread-1] INFO  server.RaftServerConfigKeys (ConfUtils.java:logGet(43)) - raft.server.log.statemachine.data.sync.timeout.retry = -1 (default)
2019-09-19 13:57:37,630 [pool-439-thread-1] INFO  segmented.SegmentedRaftLogWorker (SegmentedRaftLogWorker.java:<init>(172)) - new b4030cb9-bb90-48fa-8940-2ba1da097595@group-D21D0AEC2A0D-SegmentedRaftLogWorker for RaftStorage:Storage Directory /workdir/hadoop-ozone/integration-test/target/test-dir/MiniOzoneClusterImpl-dd3eabca-da74-4633-9d56-ab06f731d67f/datanode-3/data/ratis/6c2d9b7b-cc54-4ebc-bac6-d21d0aec2a0d
2019-09-19 13:57:37,630 [pool-449-thread-1] INFO  server.RaftServerConfigKeys (ConfUtils.java:logGet(43)) - raft.server.log.statemachine.data.caching.enabled = true (custom)
2019-09-19 13:57:37,630 [pool-459-thread-1] INFO  server.RaftServerConfigKeys (ConfUtils.java:logGet(43)) - raft.server.log.queue.byte-limit = 2147483647 (custom)
2019-09-19 13:57:37,630 [pool-439-thread-1] INFO  server.RaftServerConfigKeys (ConfUtils.java:logGet(43)) - raft.server.log.queue.byte-limit = 2147483647 (custom)
2019-09-19 13:57:37,631 [pool-459-thread-1] INFO  server.RaftServerConfigKeys (ConfUtils.java:logGet(43)) - raft.server.log.queue.element-limit = 1024 (custom)
2019-09-19 13:57:37,631 [pool-449-thread-1] INFO  segmented.SegmentedRaftLogWorker (SegmentedRaftLogWorker.java:lambda$new$0(132)) - de9a6245-bc05-4757-817d-214bc59448ea@group-D21D0AEC2A0D-SegmentedRaftLogWorker: flushIndex: setUnconditionally 0 -> -1
2019-09-19 13:57:37,631 [pool-439-thread-1] INFO  server.RaftServerConfigKeys (ConfUtils.java:logGet(43)) - raft.server.log.queue.element-limit = 1024 (custom)
2019-09-19 13:57:37,631 [pool-459-thread-1] INFO  server.RaftServerConfigKeys (ConfUtils.java:logGet(43)) - raft.server.log.segment.size.max = 1048576 (custom)
2019-09-19 13:57:37,631 [pool-449-thread-1] INFO  server.RaftServerConfigKeys (ConfUtils.java:logGet(43)) - raft.server.snapshot.auto.trigger.enabled = true (custom)
2019-09-19 13:57:37,631 [pool-439-thread-1] INFO  server.RaftServerConfigKeys (ConfUtils.java:logGet(43)) - raft.server.log.segment.size.max = 1048576 (custom)
2019-09-19 13:57:37,631 [pool-449-thread-1] INFO  server.RaftServerConfigKeys (ConfUtils.java:logGet(43)) - raft.server.snapshot.auto.trigger.threshold = 10000 (custom)
2019-09-19 13:57:37,631 [pool-459-thread-1] INFO  server.RaftServerConfigKeys (ConfUtils.java:logGet(43)) - raft.server.log.preallocated.size = 16384 (custom)
2019-09-19 13:57:37,632 [pool-449-thread-1] INFO  server.RaftServerConfigKeys (ConfUtils.java:logGet(43)) - raft.server.snapshot.retention.num.files = 5 (custom)
2019-09-19 13:57:37,631 [pool-439-thread-1] INFO  server.RaftServerConfigKeys (ConfUtils.java:logGet(43)) - raft.server.log.preallocated.size = 16384 (custom)
2019-09-19 13:57:37,632 [pool-449-thread-1] INFO  server.RaftServerConfigKeys (ConfUtils.java:logGet(43)) - raft.server.retrycache.expirytime = 600000ms (custom)
2019-09-19 13:57:37,632 [pool-459-thread-1] INFO  server.RaftServerConfigKeys (ConfUtils.java:logGet(43)) - raft.server.log.write.buffer.size = 33554432 (custom)
2019-09-19 13:57:37,632 [pool-439-thread-1] INFO  server.RaftServerConfigKeys (ConfUtils.java:logGet(43)) - raft.server.log.write.buffer.size = 33554432 (custom)
2019-09-19 13:57:37,632 [pool-459-thread-1] INFO  server.RaftServerConfigKeys (ConfUtils.java:logGet(43)) - raft.server.log.force.sync.num = 128 (default)
2019-09-19 13:57:37,632 [pool-439-thread-1] INFO  server.RaftServerConfigKeys (ConfUtils.java:logGet(43)) - raft.server.log.force.sync.num = 128 (default)
2019-09-19 13:57:37,632 [pool-459-thread-1] INFO  server.RaftServerConfigKeys (ConfUtils.java:logGet(43)) - raft.server.log.statemachine.data.sync = true (default)
2019-09-19 13:57:37,632 [pool-439-thread-1] INFO  server.RaftServerConfigKeys (ConfUtils.java:logGet(43)) - raft.server.log.statemachine.data.sync = true (default)
2019-09-19 13:57:37,632 [pool-459-thread-1] INFO  server.RaftServerConfigKeys (ConfUtils.java:logGet(43)) - raft.server.log.statemachine.data.sync.timeout = 10s (default)
2019-09-19 13:57:37,633 [pool-439-thread-1] INFO  server.RaftServerConfigKeys (ConfUtils.java:logGet(43)) - raft.server.log.statemachine.data.sync.timeout = 10s (default)
2019-09-19 13:57:37,633 [pool-459-thread-1] INFO  server.RaftServerConfigKeys (ConfUtils.java:logGet(43)) - raft.server.log.statemachine.data.sync.timeout.retry = -1 (default)
2019-09-19 13:57:37,633 [pool-439-thread-1] INFO  server.RaftServerConfigKeys (ConfUtils.java:logGet(43)) - raft.server.log.statemachine.data.sync.timeout.retry = -1 (default)
2019-09-19 13:57:37,633 [pool-459-thread-1] INFO  server.RaftServerConfigKeys (ConfUtils.java:logGet(43)) - raft.server.log.statemachine.data.caching.enabled = true (custom)
2019-09-19 13:57:37,633 [pool-439-thread-1] INFO  server.RaftServerConfigKeys (ConfUtils.java:logGet(43)) - raft.server.log.statemachine.data.caching.enabled = true (custom)
2019-09-19 13:57:37,633 [pool-459-thread-1] INFO  segmented.SegmentedRaftLogWorker (SegmentedRaftLogWorker.java:lambda$new$0(132)) - 1aff1733-57f6-45fc-9f0b-1426b548f5f7@group-D21D0AEC2A0D-SegmentedRaftLogWorker: flushIndex: setUnconditionally 0 -> -1
2019-09-19 13:57:37,633 [pool-439-thread-1] INFO  segmented.SegmentedRaftLogWorker (SegmentedRaftLogWorker.java:lambda$new$0(132)) - b4030cb9-bb90-48fa-8940-2ba1da097595@group-D21D0AEC2A0D-SegmentedRaftLogWorker: flushIndex: setUnconditionally 0 -> -1
2019-09-19 13:57:37,633 [pool-449-thread-1] INFO  impl.RaftServerImpl (RaftServerImpl.java:start(185)) - de9a6245-bc05-4757-817d-214bc59448ea@group-D21D0AEC2A0D: start as a follower, conf=-1: [1aff1733-57f6-45fc-9f0b-1426b548f5f7:192.168.36.82:39053, de9a6245-bc05-4757-817d-214bc59448ea:192.168.36.82:35305, b4030cb9-bb90-48fa-8940-2ba1da097595:192.168.36.82:39023], old=null
2019-09-19 13:57:37,633 [pool-459-thread-1] INFO  server.RaftServerConfigKeys (ConfUtils.java:logGet(43)) - raft.server.snapshot.auto.trigger.enabled = true (custom)
2019-09-19 13:57:37,634 [pool-439-thread-1] INFO  server.RaftServerConfigKeys (ConfUtils.java:logGet(43)) - raft.server.snapshot.auto.trigger.enabled = true (custom)
2019-09-19 13:57:37,633 [pool-449-thread-1] INFO  impl.RaftServerImpl (RaftServerImpl.java:setRole(174)) - de9a6245-bc05-4757-817d-214bc59448ea@group-D21D0AEC2A0D: changes role from      null to FOLLOWER at term 0 for startAsFollower
2019-09-19 13:57:37,634 [pool-439-thread-1] INFO  server.RaftServerConfigKeys (ConfUtils.java:logGet(43)) - raft.server.snapshot.auto.trigger.threshold = 10000 (custom)
2019-09-19 13:57:37,634 [pool-459-thread-1] INFO  server.RaftServerConfigKeys (ConfUtils.java:logGet(43)) - raft.server.snapshot.auto.trigger.threshold = 10000 (custom)
2019-09-19 13:57:37,634 [pool-439-thread-1] INFO  server.RaftServerConfigKeys (ConfUtils.java:logGet(43)) - raft.server.snapshot.retention.num.files = 5 (custom)
2019-09-19 13:57:37,634 [pool-449-thread-1] INFO  impl.RoleInfo (RoleInfo.java:updateAndGet(143)) - de9a6245-bc05-4757-817d-214bc59448ea: start FollowerState
2019-09-19 13:57:37,634 [pool-439-thread-1] INFO  server.RaftServerConfigKeys (ConfUtils.java:logGet(43)) - raft.server.retrycache.expirytime = 600000ms (custom)
2019-09-19 13:57:37,634 [pool-459-thread-1] INFO  server.RaftServerConfigKeys (ConfUtils.java:logGet(43)) - raft.server.snapshot.retention.num.files = 5 (custom)
2019-09-19 13:57:37,634 [pool-459-thread-1] INFO  server.RaftServerConfigKeys (ConfUtils.java:logGet(43)) - raft.server.retrycache.expirytime = 600000ms (custom)
2019-09-19 13:57:37,634 [pool-449-thread-1] INFO  util.JmxRegister (JmxRegister.java:tryRegister(44)) - Successfully registered JMX Bean with object name Ratis:service=RaftServer,group=group-D21D0AEC2A0D,id=de9a6245-bc05-4757-817d-214bc59448ea
2019-09-19 13:57:37,636 [pool-439-thread-1] INFO  impl.RaftServerImpl (RaftServerImpl.java:start(185)) - b4030cb9-bb90-48fa-8940-2ba1da097595@group-D21D0AEC2A0D: start as a follower, conf=-1: [1aff1733-57f6-45fc-9f0b-1426b548f5f7:192.168.36.82:39053, de9a6245-bc05-4757-817d-214bc59448ea:192.168.36.82:35305, b4030cb9-bb90-48fa-8940-2ba1da097595:192.168.36.82:39023], old=null
2019-09-19 13:57:37,636 [pool-439-thread-1] INFO  impl.RaftServerImpl (RaftServerImpl.java:setRole(174)) - b4030cb9-bb90-48fa-8940-2ba1da097595@group-D21D0AEC2A0D: changes role from      null to FOLLOWER at term 0 for startAsFollower
2019-09-19 13:57:37,636 [pool-439-thread-1] INFO  impl.RoleInfo (RoleInfo.java:updateAndGet(143)) - b4030cb9-bb90-48fa-8940-2ba1da097595: start FollowerState
2019-09-19 13:57:37,636 [pool-459-thread-1] INFO  impl.RaftServerImpl (RaftServerImpl.java:start(185)) - 1aff1733-57f6-45fc-9f0b-1426b548f5f7@group-D21D0AEC2A0D: start as a follower, conf=-1: [1aff1733-57f6-45fc-9f0b-1426b548f5f7:192.168.36.82:39053, de9a6245-bc05-4757-817d-214bc59448ea:192.168.36.82:35305, b4030cb9-bb90-48fa-8940-2ba1da097595:192.168.36.82:39023], old=null
2019-09-19 13:57:37,636 [pool-459-thread-1] INFO  impl.RaftServerImpl (RaftServerImpl.java:setRole(174)) - 1aff1733-57f6-45fc-9f0b-1426b548f5f7@group-D21D0AEC2A0D: changes role from      null to FOLLOWER at term 0 for startAsFollower
2019-09-19 13:57:37,636 [pool-439-thread-1] INFO  util.JmxRegister (JmxRegister.java:tryRegister(44)) - Successfully registered JMX Bean with object name Ratis:service=RaftServer,group=group-D21D0AEC2A0D,id=b4030cb9-bb90-48fa-8940-2ba1da097595
2019-09-19 13:57:37,636 [pool-459-thread-1] INFO  impl.RoleInfo (RoleInfo.java:updateAndGet(143)) - 1aff1733-57f6-45fc-9f0b-1426b548f5f7: start FollowerState
2019-09-19 13:57:37,637 [pool-459-thread-1] INFO  util.JmxRegister (JmxRegister.java:tryRegister(44)) - Successfully registered JMX Bean with object name Ratis:service=RaftServer,group=group-D21D0AEC2A0D,id=1aff1733-57f6-45fc-9f0b-1426b548f5f7
2019-09-19 13:57:37,638 [RatisPipelineUtilsThread] INFO  pipeline.PipelineStateManager (PipelineStateManager.java:addPipeline(56)) - Created pipeline Pipeline[ Id: 6c2d9b7b-cc54-4ebc-bac6-d21d0aec2a0d, Nodes: 1aff1733-57f6-45fc-9f0b-1426b548f5f7{ip: 192.168.36.82, host: pr-hdds-2151-rkvw4-133030696, networkLocation: /default-rack, certSerialId: null}de9a6245-bc05-4757-817d-214bc59448ea{ip: 192.168.36.82, host: pr-hdds-2151-rkvw4-133030696, networkLocation: /default-rack, certSerialId: null}b4030cb9-bb90-48fa-8940-2ba1da097595{ip: 192.168.36.82, host: pr-hdds-2151-rkvw4-133030696, networkLocation: /default-rack, certSerialId: null}, Type:RATIS, Factor:THREE, State:OPEN]
2019-09-19 13:57:37,659 [grpc-default-executor-8] INFO  client.GrpcClientProtocolClient (GrpcClientProtocolClient.java:onNext(264)) - client-0C9EC5673DC2->ffe9ff16-6c36-4e32-891e-5d8f4d9c1a42: receive RaftClientReply:client-0C9EC5673DC2->ffe9ff16-6c36-4e32-891e-5d8f4d9c1a42@group-6CF454A4E442, cid=174, FAILED org.apache.ratis.protocol.NotLeaderException: Server ffe9ff16-6c36-4e32-891e-5d8f4d9c1a42@group-6CF454A4E442 is not the leader, logIndex=0, commits[ffe9ff16-6c36-4e32-891e-5d8f4d9c1a42:c-1]
2019-09-19 13:57:38,672 [grpc-default-executor-8] INFO  client.GrpcClientProtocolClient (GrpcClientProtocolClient.java:onNext(264)) - client-0C9EC5673DC2->6c9a1640-e1f5-4cdf-82bf-56ab00cf4fe0: receive RaftClientReply:client-0C9EC5673DC2->6c9a1640-e1f5-4cdf-82bf-56ab00cf4fe0@group-6CF454A4E442, cid=174, FAILED org.apache.ratis.protocol.NotLeaderException: Server 6c9a1640-e1f5-4cdf-82bf-56ab00cf4fe0@group-6CF454A4E442 is not the leader, logIndex=0, commits[6c9a1640-e1f5-4cdf-82bf-56ab00cf4fe0:c-1]
2019-09-19 13:57:39,689 [grpc-default-executor-7] INFO  client.GrpcClientProtocolClient (GrpcClientProtocolClient.java:onNext(264)) - client-0C9EC5673DC2->202307d0-0994-4a5f-bc69-095ec566398d: receive RaftClientReply:client-0C9EC5673DC2->202307d0-0994-4a5f-bc69-095ec566398d@group-6CF454A4E442, cid=174, FAILED org.apache.ratis.protocol.NotLeaderException: Server 202307d0-0994-4a5f-bc69-095ec566398d@group-6CF454A4E442 is not the leader, logIndex=0, commits[202307d0-0994-4a5f-bc69-095ec566398d:c-1]
2019-09-19 13:57:40,196 [Thread-2864] INFO  container.ReplicationManager (ReplicationManager.java:start(162)) - Starting Replication Monitor Thread.
2019-09-19 13:57:40,200 [ReplicationMonitor] INFO  container.ReplicationManager (ReplicationManager.java:run(225)) - Replication Monitor Thread took 1 milliseconds for processing 1 containers.
2019-09-19 13:57:40,706 [grpc-default-executor-8] INFO  client.GrpcClientProtocolClient (GrpcClientProtocolClient.java:onNext(264)) - client-0C9EC5673DC2->ffe9ff16-6c36-4e32-891e-5d8f4d9c1a42: receive RaftClientReply:client-0C9EC5673DC2->ffe9ff16-6c36-4e32-891e-5d8f4d9c1a42@group-6CF454A4E442, cid=174, FAILED org.apache.ratis.protocol.NotLeaderException: Server ffe9ff16-6c36-4e32-891e-5d8f4d9c1a42@group-6CF454A4E442 is not the leader, logIndex=0, commits[ffe9ff16-6c36-4e32-891e-5d8f4d9c1a42:c-1]
2019-09-19 13:57:41,723 [grpc-default-executor-8] INFO  client.GrpcClientProtocolClient (GrpcClientProtocolClient.java:onNext(264)) - client-0C9EC5673DC2->202307d0-0994-4a5f-bc69-095ec566398d: receive RaftClientReply:client-0C9EC5673DC2->202307d0-0994-4a5f-bc69-095ec566398d@group-6CF454A4E442, cid=174, FAILED org.apache.ratis.protocol.NotLeaderException: Server 202307d0-0994-4a5f-bc69-095ec566398d@group-6CF454A4E442 is not the leader, logIndex=0, commits[202307d0-0994-4a5f-bc69-095ec566398d:c-1]
2019-09-19 13:57:42,365 [Thread-2866] INFO  impl.FollowerState (FollowerState.java:run(106)) - ffe9ff16-6c36-4e32-891e-5d8f4d9c1a42:group-199F80D5DEFC changes to CANDIDATE, lastRpcTime:5117, electionTimeout:5117ms
2019-09-19 13:57:42,366 [Thread-2866] INFO  impl.RoleInfo (RoleInfo.java:shutdownFollowerState(121)) - ffe9ff16-6c36-4e32-891e-5d8f4d9c1a42: shutdown FollowerState
2019-09-19 13:57:42,366 [Thread-2866] INFO  impl.RaftServerImpl (RaftServerImpl.java:setRole(174)) - ffe9ff16-6c36-4e32-891e-5d8f4d9c1a42@group-199F80D5DEFC: changes role from  FOLLOWER to CANDIDATE at term 0 for changeToCandidate
2019-09-19 13:57:42,366 [Thread-2866] INFO  impl.RoleInfo (RoleInfo.java:updateAndGet(143)) - ffe9ff16-6c36-4e32-891e-5d8f4d9c1a42: start LeaderElection
2019-09-19 13:57:42,388 [Thread-2872] INFO  impl.FollowerState (FollowerState.java:run(106)) - 202307d0-0994-4a5f-bc69-095ec566398d:group-8BDDC8143130 changes to CANDIDATE, lastRpcTime:5050, electionTimeout:5035ms
2019-09-19 13:57:42,388 [Thread-2872] INFO  impl.RoleInfo (RoleInfo.java:shutdownFollowerState(121)) - 202307d0-0994-4a5f-bc69-095ec566398d: shutdown FollowerState
2019-09-19 13:57:42,388 [Thread-2872] INFO  impl.RaftServerImpl (RaftServerImpl.java:setRole(174)) - 202307d0-0994-4a5f-bc69-095ec566398d@group-8BDDC8143130: changes role from  FOLLOWER to CANDIDATE at term 0 for changeToCandidate
2019-09-19 13:57:42,388 [Thread-2872] INFO  impl.RoleInfo (RoleInfo.java:updateAndGet(143)) - 202307d0-0994-4a5f-bc69-095ec566398d: start LeaderElection
2019-09-19 13:57:42,417 [ffe9ff16-6c36-4e32-891e-5d8f4d9c1a42@group-199F80D5DEFC:LeaderElection52] INFO  impl.LeaderElection (LeaderElection.java:askForVotes(182)) - ffe9ff16-6c36-4e32-891e-5d8f4d9c1a42@group-199F80D5DEFC:LeaderElection52: begin an election at term 1 for -1: [ffe9ff16-6c36-4e32-891e-5d8f4d9c1a42:192.168.36.82:36574], old=null
2019-09-19 13:57:42,417 [202307d0-0994-4a5f-bc69-095ec566398d@group-8BDDC8143130:LeaderElection53] INFO  impl.LeaderElection (LeaderElection.java:askForVotes(182)) - 202307d0-0994-4a5f-bc69-095ec566398d@group-8BDDC8143130:LeaderElection53: begin an election at term 1 for -1: [202307d0-0994-4a5f-bc69-095ec566398d:192.168.36.82:40477], old=null
2019-09-19 13:57:42,417 [ffe9ff16-6c36-4e32-891e-5d8f4d9c1a42@group-199F80D5DEFC:LeaderElection52] INFO  impl.RoleInfo (RoleInfo.java:shutdownLeaderElection(134)) - ffe9ff16-6c36-4e32-891e-5d8f4d9c1a42: shutdown LeaderElection
2019-09-19 13:57:42,417 [202307d0-0994-4a5f-bc69-095ec566398d@group-8BDDC8143130:LeaderElection53] INFO  impl.RoleInfo (RoleInfo.java:shutdownLeaderElection(134)) - 202307d0-0994-4a5f-bc69-095ec566398d: shutdown LeaderElection
2019-09-19 13:57:42,417 [ffe9ff16-6c36-4e32-891e-5d8f4d9c1a42@group-199F80D5DEFC:LeaderElection52] INFO  impl.RaftServerImpl (RaftServerImpl.java:setRole(174)) - ffe9ff16-6c36-4e32-891e-5d8f4d9c1a42@group-199F80D5DEFC: changes role from CANDIDATE to LEADER at term 1 for changeToLeader
2019-09-19 13:57:42,417 [202307d0-0994-4a5f-bc69-095ec566398d@group-8BDDC8143130:LeaderElection53] INFO  impl.RaftServerImpl (RaftServerImpl.java:setRole(174)) - 202307d0-0994-4a5f-bc69-095ec566398d@group-8BDDC8143130: changes role from CANDIDATE to LEADER at term 1 for changeToLeader
2019-09-19 13:57:42,418 [ffe9ff16-6c36-4e32-891e-5d8f4d9c1a42@group-199F80D5DEFC:LeaderElection52] INFO  impl.RaftServerImpl (ServerState.java:setLeader(253)) - ffe9ff16-6c36-4e32-891e-5d8f4d9c1a42@group-199F80D5DEFC: change Leader from null to ffe9ff16-6c36-4e32-891e-5d8f4d9c1a42 at term 1 for becomeLeader, leader elected after 5177ms
2019-09-19 13:57:42,418 [202307d0-0994-4a5f-bc69-095ec566398d@group-8BDDC8143130:LeaderElection53] INFO  impl.RaftServerImpl (ServerState.java:setLeader(253)) - 202307d0-0994-4a5f-bc69-095ec566398d@group-8BDDC8143130: change Leader from null to 202307d0-0994-4a5f-bc69-095ec566398d at term 1 for becomeLeader, leader elected after 5086ms
2019-09-19 13:57:42,418 [ffe9ff16-6c36-4e32-891e-5d8f4d9c1a42@group-199F80D5DEFC:LeaderElection52] INFO  server.RaftServerConfigKeys (ConfUtils.java:logGet(43)) - raft.server.staging.catchup.gap = 1000 (default)
2019-09-19 13:57:42,418 [202307d0-0994-4a5f-bc69-095ec566398d@group-8BDDC8143130:LeaderElection53] INFO  server.RaftServerConfigKeys (ConfUtils.java:logGet(43)) - raft.server.staging.catchup.gap = 1000 (default)
2019-09-19 13:57:42,418 [ffe9ff16-6c36-4e32-891e-5d8f4d9c1a42@group-199F80D5DEFC:LeaderElection52] INFO  server.RaftServerConfigKeys (ConfUtils.java:logGet(43)) - raft.server.rpc.sleep.time = 25ms (default)
2019-09-19 13:57:42,418 [202307d0-0994-4a5f-bc69-095ec566398d@group-8BDDC8143130:LeaderElection53] INFO  server.RaftServerConfigKeys (ConfUtils.java:logGet(43)) - raft.server.rpc.sleep.time = 25ms (default)
2019-09-19 13:57:42,419 [ffe9ff16-6c36-4e32-891e-5d8f4d9c1a42@group-199F80D5DEFC:LeaderElection52] INFO  server.RaftServerConfigKeys (ConfUtils.java:logGet(43)) - raft.server.write.element-limit = 4096 (default)
2019-09-19 13:57:42,419 [202307d0-0994-4a5f-bc69-095ec566398d@group-8BDDC8143130:LeaderElection53] INFO  server.RaftServerConfigKeys (ConfUtils.java:logGet(43)) - raft.server.write.element-limit = 4096 (default)
2019-09-19 13:57:42,419 [ffe9ff16-6c36-4e32-891e-5d8f4d9c1a42@group-199F80D5DEFC:LeaderElection52] INFO  server.RaftServerConfigKeys (ConfUtils.java:logGet(43)) - raft.server.watch.timeout = 10s (default)
2019-09-19 13:57:42,419 [202307d0-0994-4a5f-bc69-095ec566398d@group-8BDDC8143130:LeaderElection53] INFO  server.RaftServerConfigKeys (ConfUtils.java:logGet(43)) - raft.server.watch.timeout = 10s (default)
2019-09-19 13:57:42,419 [ffe9ff16-6c36-4e32-891e-5d8f4d9c1a42@group-199F80D5DEFC:LeaderElection52] INFO  server.RaftServerConfigKeys (ConfUtils.java:logGet(43)) - raft.server.watch.timeout.denomination = 1s (default)
2019-09-19 13:57:42,419 [202307d0-0994-4a5f-bc69-095ec566398d@group-8BDDC8143130:LeaderElection53] INFO  server.RaftServerConfigKeys (ConfUtils.java:logGet(43)) - raft.server.watch.timeout.denomination = 1s (default)
2019-09-19 13:57:42,419 [ffe9ff16-6c36-4e32-891e-5d8f4d9c1a42@group-199F80D5DEFC:LeaderElection52] INFO  server.RaftServerConfigKeys (ConfUtils.java:logGet(43)) - raft.server.watch.element-limit = 65536 (default)
2019-09-19 13:57:42,420 [202307d0-0994-4a5f-bc69-095ec566398d@group-8BDDC8143130:LeaderElection53] INFO  server.RaftServerConfigKeys (ConfUtils.java:logGet(43)) - raft.server.watch.element-limit = 65536 (default)
2019-09-19 13:57:42,424 [ffe9ff16-6c36-4e32-891e-5d8f4d9c1a42@group-199F80D5DEFC:LeaderElection52] INFO  impl.RoleInfo (RoleInfo.java:updateAndGet(143)) - ffe9ff16-6c36-4e32-891e-5d8f4d9c1a42: start LeaderState
2019-09-19 13:57:42,424 [202307d0-0994-4a5f-bc69-095ec566398d@group-8BDDC8143130:LeaderElection53] INFO  impl.RoleInfo (RoleInfo.java:updateAndGet(143)) - 202307d0-0994-4a5f-bc69-095ec566398d: start LeaderState
2019-09-19 13:57:42,424 [ffe9ff16-6c36-4e32-891e-5d8f4d9c1a42@group-199F80D5DEFC:LeaderElection52] INFO  segmented.SegmentedRaftLogWorker (SegmentedRaftLogWorker.java:startLogSegment(380)) - ffe9ff16-6c36-4e32-891e-5d8f4d9c1a42@group-199F80D5DEFC-SegmentedRaftLogWorker: Starting segment from index:0
2019-09-19 13:57:42,424 [202307d0-0994-4a5f-bc69-095ec566398d@group-8BDDC8143130:LeaderElection53] INFO  segmented.SegmentedRaftLogWorker (SegmentedRaftLogWorker.java:startLogSegment(380)) - 202307d0-0994-4a5f-bc69-095ec566398d@group-8BDDC8143130-SegmentedRaftLogWorker: Starting segment from index:0
2019-09-19 13:57:42,425 [ffe9ff16-6c36-4e32-891e-5d8f4d9c1a42@group-199F80D5DEFC:LeaderElection52] INFO  impl.RaftServerImpl (ServerState.java:setRaftConf(354)) - ffe9ff16-6c36-4e32-891e-5d8f4d9c1a42@group-199F80D5DEFC: set configuration 0: [ffe9ff16-6c36-4e32-891e-5d8f4d9c1a42:192.168.36.82:36574], old=null at 0
2019-09-19 13:57:42,425 [202307d0-0994-4a5f-bc69-095ec566398d@group-8BDDC8143130:LeaderElection53] INFO  impl.RaftServerImpl (ServerState.java:setRaftConf(354)) - 202307d0-0994-4a5f-bc69-095ec566398d@group-8BDDC8143130: set configuration 0: [202307d0-0994-4a5f-bc69-095ec566398d:192.168.36.82:40477], old=null at 0
2019-09-19 13:57:42,486 [Thread-2875] INFO  impl.FollowerState (FollowerState.java:run(106)) - ffe9ff16-6c36-4e32-891e-5d8f4d9c1a42:group-6CF454A4E442 changes to CANDIDATE, lastRpcTime:5092, electionTimeout:5082ms
2019-09-19 13:57:42,486 [Thread-2875] INFO  impl.RoleInfo (RoleInfo.java:shutdownFollowerState(121)) - ffe9ff16-6c36-4e32-891e-5d8f4d9c1a42: shutdown FollowerState
2019-09-19 13:57:42,486 [Thread-2875] INFO  impl.RaftServerImpl (RaftServerImpl.java:setRole(174)) - ffe9ff16-6c36-4e32-891e-5d8f4d9c1a42@group-6CF454A4E442: changes role from  FOLLOWER to CANDIDATE at term 0 for changeToCandidate
2019-09-19 13:57:42,487 [Thread-2875] INFO  impl.RoleInfo (RoleInfo.java:updateAndGet(143)) - ffe9ff16-6c36-4e32-891e-5d8f4d9c1a42: start LeaderElection
2019-09-19 13:57:42,487 [ffe9ff16-6c36-4e32-891e-5d8f4d9c1a42@group-199F80D5DEFC-SegmentedRaftLogWorker] INFO  segmented.SegmentedRaftLogWorker (SegmentedRaftLogWorker.java:execute(569)) - ffe9ff16-6c36-4e32-891e-5d8f4d9c1a42@group-199F80D5DEFC-SegmentedRaftLogWorker: created new log segment /workdir/hadoop-ozone/integration-test/target/test-dir/MiniOzoneClusterImpl-dd3eabca-da74-4633-9d56-ab06f731d67f/datanode-0/data/ratis/fd614a82-6ac0-40d2-8c25-199f80d5defc/current/log_inprogress_0
2019-09-19 13:57:42,487 [202307d0-0994-4a5f-bc69-095ec566398d@group-8BDDC8143130-SegmentedRaftLogWorker] INFO  segmented.SegmentedRaftLogWorker (SegmentedRaftLogWorker.java:execute(569)) - 202307d0-0994-4a5f-bc69-095ec566398d@group-8BDDC8143130-SegmentedRaftLogWorker: created new log segment /workdir/hadoop-ozone/integration-test/target/test-dir/MiniOzoneClusterImpl-dd3eabca-da74-4633-9d56-ab06f731d67f/datanode-2/data/ratis/2731bc31-48a4-4c3a-a109-8bddc8143130/current/log_inprogress_0
2019-09-19 13:57:42,491 [Thread-2869] INFO  impl.FollowerState (FollowerState.java:run(106)) - 6c9a1640-e1f5-4cdf-82bf-56ab00cf4fe0:group-FCA4EF7293E5 changes to CANDIDATE, lastRpcTime:5197, electionTimeout:5197ms
2019-09-19 13:57:42,491 [Thread-2869] INFO  impl.RoleInfo (RoleInfo.java:shutdownFollowerState(121)) - 6c9a1640-e1f5-4cdf-82bf-56ab00cf4fe0: shutdown FollowerState
2019-09-19 13:57:42,491 [Thread-2869] INFO  impl.RaftServerImpl (RaftServerImpl.java:setRole(174)) - 6c9a1640-e1f5-4cdf-82bf-56ab00cf4fe0@group-FCA4EF7293E5: changes role from  FOLLOWER to CANDIDATE at term 0 for changeToCandidate
2019-09-19 13:57:42,491 [Thread-2869] INFO  impl.RoleInfo (RoleInfo.java:updateAndGet(143)) - 6c9a1640-e1f5-4cdf-82bf-56ab00cf4fe0: start LeaderElection
2019-09-19 13:57:42,497 [ffe9ff16-6c36-4e32-891e-5d8f4d9c1a42@group-6CF454A4E442:LeaderElection54] INFO  impl.LeaderElection (LeaderElection.java:askForVotes(182)) - ffe9ff16-6c36-4e32-891e-5d8f4d9c1a42@group-6CF454A4E442:LeaderElection54: begin an election at term 1 for -1: [202307d0-0994-4a5f-bc69-095ec566398d:192.168.36.82:40477, ffe9ff16-6c36-4e32-891e-5d8f4d9c1a42:192.168.36.82:36574, 6c9a1640-e1f5-4cdf-82bf-56ab00cf4fe0:192.168.36.82:35422], old=null
2019-09-19 13:57:42,501 [6c9a1640-e1f5-4cdf-82bf-56ab00cf4fe0@group-FCA4EF7293E5:LeaderElection55] INFO  impl.LeaderElection (LeaderElection.java:askForVotes(182)) - 6c9a1640-e1f5-4cdf-82bf-56ab00cf4fe0@group-FCA4EF7293E5:LeaderElection55: begin an election at term 1 for -1: [6c9a1640-e1f5-4cdf-82bf-56ab00cf4fe0:192.168.36.82:35422], old=null
2019-09-19 13:57:42,504 [grpc-default-executor-8] INFO  impl.RaftServerImpl (RaftServerImpl.java:setRole(174)) - 202307d0-0994-4a5f-bc69-095ec566398d@group-6CF454A4E442: changes role from  FOLLOWER to FOLLOWER at term 1 for recognizeCandidate:ffe9ff16-6c36-4e32-891e-5d8f4d9c1a42
2019-09-19 13:57:42,508 [grpc-default-executor-7] INFO  impl.RaftServerImpl (RaftServerImpl.java:setRole(174)) - 6c9a1640-e1f5-4cdf-82bf-56ab00cf4fe0@group-6CF454A4E442: changes role from  FOLLOWER to FOLLOWER at term 1 for recognizeCandidate:ffe9ff16-6c36-4e32-891e-5d8f4d9c1a42
2019-09-19 13:57:42,508 [grpc-default-executor-8] INFO  impl.RoleInfo (RoleInfo.java:shutdownFollowerState(121)) - 202307d0-0994-4a5f-bc69-095ec566398d: shutdown FollowerState
2019-09-19 13:57:42,505 [6c9a1640-e1f5-4cdf-82bf-56ab00cf4fe0@group-FCA4EF7293E5:LeaderElection55] INFO  impl.RoleInfo (RoleInfo.java:shutdownLeaderElection(134)) - 6c9a1640-e1f5-4cdf-82bf-56ab00cf4fe0: shutdown LeaderElection
2019-09-19 13:57:42,508 [grpc-default-executor-8] INFO  impl.RoleInfo (RoleInfo.java:updateAndGet(143)) - 202307d0-0994-4a5f-bc69-095ec566398d: start FollowerState
2019-09-19 13:57:42,508 [grpc-default-executor-7] INFO  impl.RoleInfo (RoleInfo.java:shutdownFollowerState(121)) - 6c9a1640-e1f5-4cdf-82bf-56ab00cf4fe0: shutdown FollowerState
2019-09-19 13:57:42,511 [6c9a1640-e1f5-4cdf-82bf-56ab00cf4fe0@group-FCA4EF7293E5:LeaderElection55] INFO  impl.RaftServerImpl (RaftServerImpl.java:setRole(174)) - 6c9a1640-e1f5-4cdf-82bf-56ab00cf4fe0@group-FCA4EF7293E5: changes role from CANDIDATE to LEADER at term 1 for changeToLeader
2019-09-19 13:57:42,512 [6c9a1640-e1f5-4cdf-82bf-56ab00cf4fe0@group-FCA4EF7293E5:LeaderElection55] INFO  impl.RaftServerImpl (ServerState.java:setLeader(253)) - 6c9a1640-e1f5-4cdf-82bf-56ab00cf4fe0@group-FCA4EF7293E5: change Leader from null to 6c9a1640-e1f5-4cdf-82bf-56ab00cf4fe0 at term 1 for becomeLeader, leader elected after 5225ms
2019-09-19 13:57:42,508 [Thread-2880] INFO  impl.FollowerState (FollowerState.java:run(115)) - 202307d0-0994-4a5f-bc69-095ec566398d: FollowerState was interrupted: java.lang.InterruptedException: sleep interrupted
2019-09-19 13:57:42,512 [6c9a1640-e1f5-4cdf-82bf-56ab00cf4fe0@group-FCA4EF7293E5:LeaderElection55] INFO  server.RaftServerConfigKeys (ConfUtils.java:logGet(43)) - raft.server.staging.catchup.gap = 1000 (default)
2019-09-19 13:57:42,515 [6c9a1640-e1f5-4cdf-82bf-56ab00cf4fe0@group-FCA4EF7293E5:LeaderElection55] INFO  server.RaftServerConfigKeys (ConfUtils.java:logGet(43)) - raft.server.rpc.sleep.time = 25ms (default)
2019-09-19 13:57:42,512 [grpc-default-executor-7] INFO  impl.RoleInfo (RoleInfo.java:updateAndGet(143)) - 6c9a1640-e1f5-4cdf-82bf-56ab00cf4fe0: start FollowerState
2019-09-19 13:57:42,515 [6c9a1640-e1f5-4cdf-82bf-56ab00cf4fe0@group-FCA4EF7293E5:LeaderElection55] INFO  server.RaftServerConfigKeys (ConfUtils.java:logGet(43)) - raft.server.write.element-limit = 4096 (default)
2019-09-19 13:57:42,515 [6c9a1640-e1f5-4cdf-82bf-56ab00cf4fe0@group-FCA4EF7293E5:LeaderElection55] INFO  server.RaftServerConfigKeys (ConfUtils.java:logGet(43)) - raft.server.watch.timeout = 10s (default)
2019-09-19 13:57:42,515 [6c9a1640-e1f5-4cdf-82bf-56ab00cf4fe0@group-FCA4EF7293E5:LeaderElection55] INFO  server.RaftServerConfigKeys (ConfUtils.java:logGet(43)) - raft.server.watch.timeout.denomination = 1s (default)
2019-09-19 13:57:42,516 [6c9a1640-e1f5-4cdf-82bf-56ab00cf4fe0@group-FCA4EF7293E5:LeaderElection55] INFO  server.RaftServerConfigKeys (ConfUtils.java:logGet(43)) - raft.server.watch.element-limit = 65536 (default)
2019-09-19 13:57:42,517 [6c9a1640-e1f5-4cdf-82bf-56ab00cf4fe0@group-FCA4EF7293E5:LeaderElection55] INFO  impl.RoleInfo (RoleInfo.java:updateAndGet(143)) - 6c9a1640-e1f5-4cdf-82bf-56ab00cf4fe0: start LeaderState
2019-09-19 13:57:42,518 [6c9a1640-e1f5-4cdf-82bf-56ab00cf4fe0@group-FCA4EF7293E5:LeaderElection55] INFO  segmented.SegmentedRaftLogWorker (SegmentedRaftLogWorker.java:startLogSegment(380)) - 6c9a1640-e1f5-4cdf-82bf-56ab00cf4fe0@group-FCA4EF7293E5-SegmentedRaftLogWorker: Starting segment from index:0
2019-09-19 13:57:42,518 [6c9a1640-e1f5-4cdf-82bf-56ab00cf4fe0@group-FCA4EF7293E5:LeaderElection55] INFO  impl.RaftServerImpl (ServerState.java:setRaftConf(354)) - 6c9a1640-e1f5-4cdf-82bf-56ab00cf4fe0@group-FCA4EF7293E5: set configuration 0: [6c9a1640-e1f5-4cdf-82bf-56ab00cf4fe0:192.168.36.82:35422], old=null at 0
2019-09-19 13:57:42,558 [ffe9ff16-6c36-4e32-891e-5d8f4d9c1a42@group-6CF454A4E442:LeaderElection54] INFO  impl.LeaderElection (LeaderElection.java:logAndReturn(56)) - ffe9ff16-6c36-4e32-891e-5d8f4d9c1a42@group-6CF454A4E442:LeaderElection54: Election PASSED; received 1 response(s) [ffe9ff16-6c36-4e32-891e-5d8f4d9c1a42<-202307d0-0994-4a5f-bc69-095ec566398d#0:OK-t1] and 0 exception(s); ffe9ff16-6c36-4e32-891e-5d8f4d9c1a42@group-6CF454A4E442:t1, leader=null, voted=ffe9ff16-6c36-4e32-891e-5d8f4d9c1a42, raftlog=ffe9ff16-6c36-4e32-891e-5d8f4d9c1a42@group-6CF454A4E442-SegmentedRaftLog:OPENED:c-1,f-1,i0, conf=-1: [202307d0-0994-4a5f-bc69-095ec566398d:192.168.36.82:40477, ffe9ff16-6c36-4e32-891e-5d8f4d9c1a42:192.168.36.82:36574, 6c9a1640-e1f5-4cdf-82bf-56ab00cf4fe0:192.168.36.82:35422], old=null
2019-09-19 13:57:42,559 [ffe9ff16-6c36-4e32-891e-5d8f4d9c1a42@group-6CF454A4E442:LeaderElection54] INFO  impl.RoleInfo (RoleInfo.java:shutdownLeaderElection(134)) - ffe9ff16-6c36-4e32-891e-5d8f4d9c1a42: shutdown LeaderElection
2019-09-19 13:57:42,559 [ffe9ff16-6c36-4e32-891e-5d8f4d9c1a42@group-6CF454A4E442:LeaderElection54] INFO  impl.RaftServerImpl (RaftServerImpl.java:setRole(174)) - ffe9ff16-6c36-4e32-891e-5d8f4d9c1a42@group-6CF454A4E442: changes role from CANDIDATE to LEADER at term 1 for changeToLeader
2019-09-19 13:57:42,559 [ffe9ff16-6c36-4e32-891e-5d8f4d9c1a42@group-6CF454A4E442:LeaderElection54] INFO  impl.RaftServerImpl (ServerState.java:setLeader(253)) - ffe9ff16-6c36-4e32-891e-5d8f4d9c1a42@group-6CF454A4E442: change Leader from null to ffe9ff16-6c36-4e32-891e-5d8f4d9c1a42 at term 1 for becomeLeader, leader elected after 5172ms
2019-09-19 13:57:42,559 [ffe9ff16-6c36-4e32-891e-5d8f4d9c1a42@group-6CF454A4E442:LeaderElection54] INFO  server.RaftServerConfigKeys (ConfUtils.java:logGet(43)) - raft.server.staging.catchup.gap = 1000 (default)
2019-09-19 13:57:42,559 [ffe9ff16-6c36-4e32-891e-5d8f4d9c1a42@group-6CF454A4E442:LeaderElection54] INFO  server.RaftServerConfigKeys (ConfUtils.java:logGet(43)) - raft.server.rpc.sleep.time = 25ms (default)
2019-09-19 13:57:42,559 [ffe9ff16-6c36-4e32-891e-5d8f4d9c1a42@group-6CF454A4E442:LeaderElection54] INFO  server.RaftServerConfigKeys (ConfUtils.java:logGet(43)) - raft.server.write.element-limit = 4096 (default)
2019-09-19 13:57:42,559 [ffe9ff16-6c36-4e32-891e-5d8f4d9c1a42@group-6CF454A4E442:LeaderElection54] INFO  server.RaftServerConfigKeys (ConfUtils.java:logGet(43)) - raft.server.watch.timeout = 10s (default)
2019-09-19 13:57:42,560 [ffe9ff16-6c36-4e32-891e-5d8f4d9c1a42@group-6CF454A4E442:LeaderElection54] INFO  server.RaftServerConfigKeys (ConfUtils.java:logGet(43)) - raft.server.watch.timeout.denomination = 1s (default)
2019-09-19 13:57:42,560 [ffe9ff16-6c36-4e32-891e-5d8f4d9c1a42@group-6CF454A4E442:LeaderElection54] INFO  server.RaftServerConfigKeys (ConfUtils.java:logGet(43)) - raft.server.watch.element-limit = 65536 (default)
2019-09-19 13:57:42,562 [6c9a1640-e1f5-4cdf-82bf-56ab00cf4fe0@group-FCA4EF7293E5-SegmentedRaftLogWorker] INFO  segmented.SegmentedRaftLogWorker (SegmentedRaftLogWorker.java:execute(569)) - 6c9a1640-e1f5-4cdf-82bf-56ab00cf4fe0@group-FCA4EF7293E5-SegmentedRaftLogWorker: created new log segment /workdir/hadoop-ozone/integration-test/target/test-dir/MiniOzoneClusterImpl-dd3eabca-da74-4633-9d56-ab06f731d67f/datanode-1/data/ratis/d272da47-523e-411c-867b-fca4ef7293e5/current/log_inprogress_0
2019-09-19 13:57:42,566 [ffe9ff16-6c36-4e32-891e-5d8f4d9c1a42@group-6CF454A4E442:LeaderElection54] INFO  server.RaftServerConfigKeys (ConfUtils.java:logGet(43)) - raft.server.log.appender.snapshot.chunk.size.max = 16MB (=16777216) (default)
2019-09-19 13:57:42,566 [ffe9ff16-6c36-4e32-891e-5d8f4d9c1a42@group-6CF454A4E442:LeaderElection54] INFO  server.RaftServerConfigKeys (ConfUtils.java:logGet(43)) - raft.server.log.appender.buffer.byte-limit = 33554432 (custom)
2019-09-19 13:57:42,566 [ffe9ff16-6c36-4e32-891e-5d8f4d9c1a42@group-6CF454A4E442:LeaderElection54] INFO  server.RaftServerConfigKeys (ConfUtils.java:logGet(43)) - raft.server.log.appender.buffer.element-limit = 1 (custom)
2019-09-19 13:57:42,566 [ffe9ff16-6c36-4e32-891e-5d8f4d9c1a42@group-6CF454A4E442:LeaderElection54] INFO  grpc.GrpcConfigKeys$Server (ConfUtils.java:logGet(43)) - raft.grpc.server.leader.outstanding.appends.max = 128 (default)
2019-09-19 13:57:42,566 [ffe9ff16-6c36-4e32-891e-5d8f4d9c1a42@group-6CF454A4E442:LeaderElection54] INFO  server.RaftServerConfigKeys (ConfUtils.java:logGet(43)) - raft.server.rpc.request.timeout = 3000ms (default)
2019-09-19 13:57:42,567 [ffe9ff16-6c36-4e32-891e-5d8f4d9c1a42@group-6CF454A4E442:LeaderElection54] INFO  server.RaftServerConfigKeys (ConfUtils.java:logGet(43)) - raft.server.log.appender.install.snapshot.enabled = false (custom)
2019-09-19 13:57:42,567 [ffe9ff16-6c36-4e32-891e-5d8f4d9c1a42@group-6CF454A4E442:LeaderElection54] INFO  server.RaftServerConfigKeys (ConfUtils.java:logGet(43)) - raft.server.log.appender.snapshot.chunk.size.max = 16MB (=16777216) (default)
2019-09-19 13:57:42,567 [ffe9ff16-6c36-4e32-891e-5d8f4d9c1a42@group-6CF454A4E442:LeaderElection54] INFO  server.RaftServerConfigKeys (ConfUtils.java:logGet(43)) - raft.server.log.appender.buffer.byte-limit = 33554432 (custom)
2019-09-19 13:57:42,567 [ffe9ff16-6c36-4e32-891e-5d8f4d9c1a42@group-6CF454A4E442:LeaderElection54] INFO  server.RaftServerConfigKeys (ConfUtils.java:logGet(43)) - raft.server.log.appender.buffer.element-limit = 1 (custom)
2019-09-19 13:57:42,567 [ffe9ff16-6c36-4e32-891e-5d8f4d9c1a42@group-6CF454A4E442:LeaderElection54] INFO  grpc.GrpcConfigKeys$Server (ConfUtils.java:logGet(43)) - raft.grpc.server.leader.outstanding.appends.max = 128 (default)
2019-09-19 13:57:42,567 [ffe9ff16-6c36-4e32-891e-5d8f4d9c1a42@group-6CF454A4E442:LeaderElection54] INFO  server.RaftServerConfigKeys (ConfUtils.java:logGet(43)) - raft.server.rpc.request.timeout = 3000ms (default)
2019-09-19 13:57:42,568 [ffe9ff16-6c36-4e32-891e-5d8f4d9c1a42@group-6CF454A4E442:LeaderElection54] INFO  server.RaftServerConfigKeys (ConfUtils.java:logGet(43)) - raft.server.log.appender.install.snapshot.enabled = false (custom)
2019-09-19 13:57:42,568 [ffe9ff16-6c36-4e32-891e-5d8f4d9c1a42@group-6CF454A4E442:LeaderElection54] INFO  impl.RoleInfo (RoleInfo.java:updateAndGet(143)) - ffe9ff16-6c36-4e32-891e-5d8f4d9c1a42: start LeaderState
2019-09-19 13:57:42,568 [ffe9ff16-6c36-4e32-891e-5d8f4d9c1a42@group-6CF454A4E442:LeaderElection54] INFO  segmented.SegmentedRaftLogWorker (SegmentedRaftLogWorker.java:startLogSegment(380)) - ffe9ff16-6c36-4e32-891e-5d8f4d9c1a42@group-6CF454A4E442-SegmentedRaftLogWorker: Starting segment from index:0
2019-09-19 13:57:42,569 [ffe9ff16-6c36-4e32-891e-5d8f4d9c1a42@group-6CF454A4E442:LeaderElection54] INFO  impl.RaftServerImpl (ServerState.java:setRaftConf(354)) - ffe9ff16-6c36-4e32-891e-5d8f4d9c1a42@group-6CF454A4E442: set configuration 0: [202307d0-0994-4a5f-bc69-095ec566398d:192.168.36.82:40477, ffe9ff16-6c36-4e32-891e-5d8f4d9c1a42:192.168.36.82:36574, 6c9a1640-e1f5-4cdf-82bf-56ab00cf4fe0:192.168.36.82:35422], old=null at 0
2019-09-19 13:57:42,570 [grpc-default-executor-8] INFO  impl.RaftServerImpl (ServerState.java:setLeader(253)) - 202307d0-0994-4a5f-bc69-095ec566398d@group-6CF454A4E442: change Leader from null to ffe9ff16-6c36-4e32-891e-5d8f4d9c1a42 at term 1 for appendEntries, leader elected after 5183ms
2019-09-19 13:57:42,570 [grpc-default-executor-7] INFO  impl.RaftServerImpl (ServerState.java:setLeader(253)) - 6c9a1640-e1f5-4cdf-82bf-56ab00cf4fe0@group-6CF454A4E442: change Leader from null to ffe9ff16-6c36-4e32-891e-5d8f4d9c1a42 at term 1 for appendEntries, leader elected after 5183ms
2019-09-19 13:57:42,623 [Thread-2890] INFO  impl.FollowerState (FollowerState.java:run(106)) - 1aff1733-57f6-45fc-9f0b-1426b548f5f7:group-5048440E1B97 changes to CANDIDATE, lastRpcTime:5059, electionTimeout:5047ms
2019-09-19 13:57:42,623 [Thread-2890] INFO  impl.RoleInfo (RoleInfo.java:shutdownFollowerState(121)) - 1aff1733-57f6-45fc-9f0b-1426b548f5f7: shutdown FollowerState
2019-09-19 13:57:42,623 [Thread-2890] INFO  impl.RaftServerImpl (RaftServerImpl.java:setRole(174)) - 1aff1733-57f6-45fc-9f0b-1426b548f5f7@group-5048440E1B97: changes role from  FOLLOWER to CANDIDATE at term 0 for changeToCandidate
2019-09-19 13:57:42,624 [Thread-2890] INFO  impl.RoleInfo (RoleInfo.java:updateAndGet(143)) - 1aff1733-57f6-45fc-9f0b-1426b548f5f7: start LeaderElection
2019-09-19 13:57:42,635 [grpc-default-executor-7] INFO  impl.RaftServerImpl (ServerState.java:setRaftConf(354)) - 202307d0-0994-4a5f-bc69-095ec566398d@group-6CF454A4E442: set configuration 0: [202307d0-0994-4a5f-bc69-095ec566398d:192.168.36.82:40477, ffe9ff16-6c36-4e32-891e-5d8f4d9c1a42:192.168.36.82:36574, 6c9a1640-e1f5-4cdf-82bf-56ab00cf4fe0:192.168.36.82:35422], old=null at 0
2019-09-19 13:57:42,635 [grpc-default-executor-7] INFO  segmented.SegmentedRaftLogWorker (SegmentedRaftLogWorker.java:startLogSegment(380)) - 202307d0-0994-4a5f-bc69-095ec566398d@group-6CF454A4E442-SegmentedRaftLogWorker: Starting segment from index:0
2019-09-19 13:57:42,635 [grpc-default-executor-8] INFO  impl.RaftServerImpl (ServerState.java:setRaftConf(354)) - 6c9a1640-e1f5-4cdf-82bf-56ab00cf4fe0@group-6CF454A4E442: set configuration 0: [202307d0-0994-4a5f-bc69-095ec566398d:192.168.36.82:40477, ffe9ff16-6c36-4e32-891e-5d8f4d9c1a42:192.168.36.82:36574, 6c9a1640-e1f5-4cdf-82bf-56ab00cf4fe0:192.168.36.82:35422], old=null at 0
2019-09-19 13:57:42,635 [grpc-default-executor-8] INFO  segmented.SegmentedRaftLogWorker (SegmentedRaftLogWorker.java:startLogSegment(380)) - 6c9a1640-e1f5-4cdf-82bf-56ab00cf4fe0@group-6CF454A4E442-SegmentedRaftLogWorker: Starting segment from index:0
2019-09-19 13:57:42,640 [Thread-2884] INFO  impl.FollowerState (FollowerState.java:run(106)) - b4030cb9-bb90-48fa-8940-2ba1da097595:group-CDF270FEAC2F changes to CANDIDATE, lastRpcTime:5176, electionTimeout:5176ms
2019-09-19 13:57:42,640 [Thread-2884] INFO  impl.RoleInfo (RoleInfo.java:shutdownFollowerState(121)) - b4030cb9-bb90-48fa-8940-2ba1da097595: shutdown FollowerState
2019-09-19 13:57:42,640 [Thread-2884] INFO  impl.RaftServerImpl (RaftServerImpl.java:setRole(174)) - b4030cb9-bb90-48fa-8940-2ba1da097595@group-CDF270FEAC2F: changes role from  FOLLOWER to CANDIDATE at term 0 for changeToCandidate
2019-09-19 13:57:42,640 [Thread-2884] INFO  impl.RoleInfo (RoleInfo.java:updateAndGet(143)) - b4030cb9-bb90-48fa-8940-2ba1da097595: start LeaderElection
2019-09-19 13:57:42,683 [Thread-2899] INFO  impl.FollowerState (FollowerState.java:run(106)) - b4030cb9-bb90-48fa-8940-2ba1da097595:group-D21D0AEC2A0D changes to CANDIDATE, lastRpcTime:5047, electionTimeout:5037ms
2019-09-19 13:57:42,683 [Thread-2899] INFO  impl.RoleInfo (RoleInfo.java:shutdownFollowerState(121)) - b4030cb9-bb90-48fa-8940-2ba1da097595: shutdown FollowerState
2019-09-19 13:57:42,683 [Thread-2900] INFO  impl.FollowerState (FollowerState.java:run(106)) - 1aff1733-57f6-45fc-9f0b-1426b548f5f7:group-D21D0AEC2A0D changes to CANDIDATE, lastRpcTime:5047, electionTimeout:5024ms
2019-09-19 13:57:42,683 [1aff1733-57f6-45fc-9f0b-1426b548f5f7@group-5048440E1B97:LeaderElection56] INFO  impl.LeaderElection (LeaderElection.java:askForVotes(182)) - 1aff1733-57f6-45fc-9f0b-1426b548f5f7@group-5048440E1B97:LeaderElection56: begin an election at term 1 for -1: [1aff1733-57f6-45fc-9f0b-1426b548f5f7:192.168.36.82:39053], old=null
2019-09-19 13:57:42,683 [ffe9ff16-6c36-4e32-891e-5d8f4d9c1a42@group-6CF454A4E442-SegmentedRaftLogWorker] INFO  segmented.SegmentedRaftLogWorker (SegmentedRaftLogWorker.java:execute(569)) - ffe9ff16-6c36-4e32-891e-5d8f4d9c1a42@group-6CF454A4E442-SegmentedRaftLogWorker: created new log segment /workdir/hadoop-ozone/integration-test/target/test-dir/MiniOzoneClusterImpl-dd3eabca-da74-4633-9d56-ab06f731d67f/datanode-0/data/ratis/a99f7013-c73f-434f-aaf0-6cf454a4e442/current/log_inprogress_0
2019-09-19 13:57:42,683 [Thread-2899] INFO  impl.RaftServerImpl (RaftServerImpl.java:setRole(174)) - b4030cb9-bb90-48fa-8940-2ba1da097595@group-D21D0AEC2A0D: changes role from  FOLLOWER to CANDIDATE at term 0 for changeToCandidate
2019-09-19 13:57:42,687 [1aff1733-57f6-45fc-9f0b-1426b548f5f7@group-5048440E1B97:LeaderElection56] INFO  impl.RoleInfo (RoleInfo.java:shutdownLeaderElection(134)) - 1aff1733-57f6-45fc-9f0b-1426b548f5f7: shutdown LeaderElection
2019-09-19 13:57:42,687 [Thread-2900] INFO  impl.RoleInfo (RoleInfo.java:shutdownFollowerState(121)) - 1aff1733-57f6-45fc-9f0b-1426b548f5f7: shutdown FollowerState
2019-09-19 13:57:42,688 [1aff1733-57f6-45fc-9f0b-1426b548f5f7@group-5048440E1B97:LeaderElection56] INFO  impl.RaftServerImpl (RaftServerImpl.java:setRole(174)) - 1aff1733-57f6-45fc-9f0b-1426b548f5f7@group-5048440E1B97: changes role from CANDIDATE to LEADER at term 1 for changeToLeader
2019-09-19 13:57:42,687 [Thread-2899] INFO  impl.RoleInfo (RoleInfo.java:updateAndGet(143)) - b4030cb9-bb90-48fa-8940-2ba1da097595: start LeaderElection
2019-09-19 13:57:42,688 [1aff1733-57f6-45fc-9f0b-1426b548f5f7@group-5048440E1B97:LeaderElection56] INFO  impl.RaftServerImpl (ServerState.java:setLeader(253)) - 1aff1733-57f6-45fc-9f0b-1426b548f5f7@group-5048440E1B97: change Leader from null to 1aff1733-57f6-45fc-9f0b-1426b548f5f7 at term 1 for becomeLeader, leader elected after 5128ms
2019-09-19 13:57:42,688 [Thread-2900] INFO  impl.RaftServerImpl (RaftServerImpl.java:setRole(174)) - 1aff1733-57f6-45fc-9f0b-1426b548f5f7@group-D21D0AEC2A0D: changes role from  FOLLOWER to CANDIDATE at term 0 for changeToCandidate
2019-09-19 13:57:42,688 [1aff1733-57f6-45fc-9f0b-1426b548f5f7@group-5048440E1B97:LeaderElection56] INFO  server.RaftServerConfigKeys (ConfUtils.java:logGet(43)) - raft.server.staging.catchup.gap = 1000 (default)
2019-09-19 13:57:42,691 [1aff1733-57f6-45fc-9f0b-1426b548f5f7@group-5048440E1B97:LeaderElection56] INFO  server.RaftServerConfigKeys (ConfUtils.java:logGet(43)) - raft.server.rpc.sleep.time = 25ms (default)
2019-09-19 13:57:42,695 [Thread-2900] INFO  impl.RoleInfo (RoleInfo.java:updateAndGet(143)) - 1aff1733-57f6-45fc-9f0b-1426b548f5f7: start LeaderElection
2019-09-19 13:57:42,695 [1aff1733-57f6-45fc-9f0b-1426b548f5f7@group-5048440E1B97:LeaderElection56] INFO  server.RaftServerConfigKeys (ConfUtils.java:logGet(43)) - raft.server.write.element-limit = 4096 (default)
2019-09-19 13:57:42,695 [1aff1733-57f6-45fc-9f0b-1426b548f5f7@group-5048440E1B97:LeaderElection56] INFO  server.RaftServerConfigKeys (ConfUtils.java:logGet(43)) - raft.server.watch.timeout = 10s (default)
2019-09-19 13:57:42,698 [Thread-2887] INFO  impl.FollowerState (FollowerState.java:run(106)) - de9a6245-bc05-4757-817d-214bc59448ea:group-135E08FDD67C changes to CANDIDATE, lastRpcTime:5179, electionTimeout:5177ms
2019-09-19 13:57:42,701 [b4030cb9-bb90-48fa-8940-2ba1da097595@group-CDF270FEAC2F:LeaderElection57] INFO  impl.LeaderElection (LeaderElection.java:askForVotes(182)) - b4030cb9-bb90-48fa-8940-2ba1da097595@group-CDF270FEAC2F:LeaderElection57: begin an election at term 1 for -1: [b4030cb9-bb90-48fa-8940-2ba1da097595:192.168.36.82:39023], old=null
2019-09-19 13:57:42,701 [Thread-2887] INFO  impl.RoleInfo (RoleInfo.java:shutdownFollowerState(121)) - de9a6245-bc05-4757-817d-214bc59448ea: shutdown FollowerState
2019-09-19 13:57:42,701 [202307d0-0994-4a5f-bc69-095ec566398d@group-6CF454A4E442-SegmentedRaftLogWorker] INFO  segmented.SegmentedRaftLogWorker (SegmentedRaftLogWorker.java:execute(569)) - 202307d0-0994-4a5f-bc69-095ec566398d@group-6CF454A4E442-SegmentedRaftLogWorker: created new log segment /workdir/hadoop-ozone/integration-test/target/test-dir/MiniOzoneClusterImpl-dd3eabca-da74-4633-9d56-ab06f731d67f/datanode-2/data/ratis/a99f7013-c73f-434f-aaf0-6cf454a4e442/current/log_inprogress_0
2019-09-19 13:57:42,701 [6c9a1640-e1f5-4cdf-82bf-56ab00cf4fe0@group-6CF454A4E442-SegmentedRaftLogWorker] INFO  segmented.SegmentedRaftLogWorker (SegmentedRaftLogWorker.java:execute(569)) - 6c9a1640-e1f5-4cdf-82bf-56ab00cf4fe0@group-6CF454A4E442-SegmentedRaftLogWorker: created new log segment /workdir/hadoop-ozone/integration-test/target/test-dir/MiniOzoneClusterImpl-dd3eabca-da74-4633-9d56-ab06f731d67f/datanode-1/data/ratis/a99f7013-c73f-434f-aaf0-6cf454a4e442/current/log_inprogress_0
2019-09-19 13:57:42,698 [1aff1733-57f6-45fc-9f0b-1426b548f5f7@group-5048440E1B97:LeaderElection56] INFO  server.RaftServerConfigKeys (ConfUtils.java:logGet(43)) - raft.server.watch.timeout.denomination = 1s (default)
2019-09-19 13:57:42,702 [Thread-2887] INFO  impl.RaftServerImpl (RaftServerImpl.java:setRole(174)) - de9a6245-bc05-4757-817d-214bc59448ea@group-135E08FDD67C: changes role from  FOLLOWER to CANDIDATE at term 0 for changeToCandidate
2019-09-19 13:57:42,701 [b4030cb9-bb90-48fa-8940-2ba1da097595@group-CDF270FEAC2F:LeaderElection57] INFO  impl.RoleInfo (RoleInfo.java:shutdownLeaderElection(134)) - b4030cb9-bb90-48fa-8940-2ba1da097595: shutdown LeaderElection
2019-09-19 13:57:42,702 [Thread-2887] INFO  impl.RoleInfo (RoleInfo.java:updateAndGet(143)) - de9a6245-bc05-4757-817d-214bc59448ea: start LeaderElection
2019-09-19 13:57:42,702 [1aff1733-57f6-45fc-9f0b-1426b548f5f7@group-5048440E1B97:LeaderElection56] INFO  server.RaftServerConfigKeys (ConfUtils.java:logGet(43)) - raft.server.watch.element-limit = 65536 (default)
2019-09-19 13:57:42,702 [b4030cb9-bb90-48fa-8940-2ba1da097595@group-CDF270FEAC2F:LeaderElection57] INFO  impl.RaftServerImpl (RaftServerImpl.java:setRole(174)) - b4030cb9-bb90-48fa-8940-2ba1da097595@group-CDF270FEAC2F: changes role from CANDIDATE to LEADER at term 1 for changeToLeader
2019-09-19 13:57:42,703 [b4030cb9-bb90-48fa-8940-2ba1da097595@group-CDF270FEAC2F:LeaderElection57] INFO  impl.RaftServerImpl (ServerState.java:setLeader(253)) - b4030cb9-bb90-48fa-8940-2ba1da097595@group-CDF270FEAC2F: change Leader from null to b4030cb9-bb90-48fa-8940-2ba1da097595 at term 1 for becomeLeader, leader elected after 5246ms
2019-09-19 13:57:42,709 [b4030cb9-bb90-48fa-8940-2ba1da097595@group-CDF270FEAC2F:LeaderElection57] INFO  server.RaftServerConfigKeys (ConfUtils.java:logGet(43)) - raft.server.staging.catchup.gap = 1000 (default)
2019-09-19 13:57:42,709 [b4030cb9-bb90-48fa-8940-2ba1da097595@group-CDF270FEAC2F:LeaderElection57] INFO  server.RaftServerConfigKeys (ConfUtils.java:logGet(43)) - raft.server.rpc.sleep.time = 25ms (default)
2019-09-19 13:57:42,710 [b4030cb9-bb90-48fa-8940-2ba1da097595@group-CDF270FEAC2F:LeaderElection57] INFO  server.RaftServerConfigKeys (ConfUtils.java:logGet(43)) - raft.server.write.element-limit = 4096 (default)
2019-09-19 13:57:42,710 [b4030cb9-bb90-48fa-8940-2ba1da097595@group-CDF270FEAC2F:LeaderElection57] INFO  server.RaftServerConfigKeys (ConfUtils.java:logGet(43)) - raft.server.watch.timeout = 10s (default)
2019-09-19 13:57:42,710 [b4030cb9-bb90-48fa-8940-2ba1da097595@group-CDF270FEAC2F:LeaderElection57] INFO  server.RaftServerConfigKeys (ConfUtils.java:logGet(43)) - raft.server.watch.timeout.denomination = 1s (default)
2019-09-19 13:57:42,710 [b4030cb9-bb90-48fa-8940-2ba1da097595@group-CDF270FEAC2F:LeaderElection57] INFO  server.RaftServerConfigKeys (ConfUtils.java:logGet(43)) - raft.server.watch.element-limit = 65536 (default)
2019-09-19 13:57:42,710 [1aff1733-57f6-45fc-9f0b-1426b548f5f7@group-5048440E1B97:LeaderElection56] INFO  impl.RoleInfo (RoleInfo.java:updateAndGet(143)) - 1aff1733-57f6-45fc-9f0b-1426b548f5f7: start LeaderState
2019-09-19 13:57:42,711 [1aff1733-57f6-45fc-9f0b-1426b548f5f7@group-5048440E1B97:LeaderElection56] INFO  segmented.SegmentedRaftLogWorker (SegmentedRaftLogWorker.java:startLogSegment(380)) - 1aff1733-57f6-45fc-9f0b-1426b548f5f7@group-5048440E1B97-SegmentedRaftLogWorker: Starting segment from index:0
2019-09-19 13:57:42,711 [1aff1733-57f6-45fc-9f0b-1426b548f5f7@group-5048440E1B97:LeaderElection56] INFO  impl.RaftServerImpl (ServerState.java:setRaftConf(354)) - 1aff1733-57f6-45fc-9f0b-1426b548f5f7@group-5048440E1B97: set configuration 0: [1aff1733-57f6-45fc-9f0b-1426b548f5f7:192.168.36.82:39053], old=null at 0
2019-09-19 13:57:42,752 [de9a6245-bc05-4757-817d-214bc59448ea@group-135E08FDD67C:LeaderElection60] INFO  impl.LeaderElection (LeaderElection.java:askForVotes(182)) - de9a6245-bc05-4757-817d-214bc59448ea@group-135E08FDD67C:LeaderElection60: begin an election at term 1 for -1: [de9a6245-bc05-4757-817d-214bc59448ea:192.168.36.82:35305], old=null
2019-09-19 13:57:42,752 [b4030cb9-bb90-48fa-8940-2ba1da097595@group-D21D0AEC2A0D:LeaderElection58] INFO  impl.LeaderElection (LeaderElection.java:askForVotes(182)) - b4030cb9-bb90-48fa-8940-2ba1da097595@group-D21D0AEC2A0D:LeaderElection58: begin an election at term 1 for -1: [1aff1733-57f6-45fc-9f0b-1426b548f5f7:192.168.36.82:39053, de9a6245-bc05-4757-817d-214bc59448ea:192.168.36.82:35305, b4030cb9-bb90-48fa-8940-2ba1da097595:192.168.36.82:39023], old=null
2019-09-19 13:57:42,752 [1aff1733-57f6-45fc-9f0b-1426b548f5f7@group-D21D0AEC2A0D:LeaderElection59] INFO  impl.LeaderElection (LeaderElection.java:askForVotes(182)) - 1aff1733-57f6-45fc-9f0b-1426b548f5f7@group-D21D0AEC2A0D:LeaderElection59: begin an election at term 1 for -1: [1aff1733-57f6-45fc-9f0b-1426b548f5f7:192.168.36.82:39053, de9a6245-bc05-4757-817d-214bc59448ea:192.168.36.82:35305, b4030cb9-bb90-48fa-8940-2ba1da097595:192.168.36.82:39023], old=null
2019-09-19 13:57:42,752 [de9a6245-bc05-4757-817d-214bc59448ea@group-135E08FDD67C:LeaderElection60] INFO  impl.RoleInfo (RoleInfo.java:shutdownLeaderElection(134)) - de9a6245-bc05-4757-817d-214bc59448ea: shutdown LeaderElection
2019-09-19 13:57:42,753 [de9a6245-bc05-4757-817d-214bc59448ea@group-135E08FDD67C:LeaderElection60] INFO  impl.RaftServerImpl (RaftServerImpl.java:setRole(174)) - de9a6245-bc05-4757-817d-214bc59448ea@group-135E08FDD67C: changes role from CANDIDATE to LEADER at term 1 for changeToLeader
2019-09-19 13:57:42,753 [de9a6245-bc05-4757-817d-214bc59448ea@group-135E08FDD67C:LeaderElection60] INFO  impl.RaftServerImpl (ServerState.java:setLeader(253)) - de9a6245-bc05-4757-817d-214bc59448ea@group-135E08FDD67C: change Leader from null to de9a6245-bc05-4757-817d-214bc59448ea at term 1 for becomeLeader, leader elected after 5239ms
2019-09-19 13:57:42,753 [de9a6245-bc05-4757-817d-214bc59448ea@group-135E08FDD67C:LeaderElection60] INFO  server.RaftServerConfigKeys (ConfUtils.java:logGet(43)) - raft.server.staging.catchup.gap = 1000 (default)
2019-09-19 13:57:42,753 [de9a6245-bc05-4757-817d-214bc59448ea@group-135E08FDD67C:LeaderElection60] INFO  server.RaftServerConfigKeys (ConfUtils.java:logGet(43)) - raft.server.rpc.sleep.time = 25ms (default)
2019-09-19 13:57:42,754 [de9a6245-bc05-4757-817d-214bc59448ea@group-135E08FDD67C:LeaderElection60] INFO  server.RaftServerConfigKeys (ConfUtils.java:logGet(43)) - raft.server.write.element-limit = 4096 (default)
2019-09-19 13:57:42,754 [de9a6245-bc05-4757-817d-214bc59448ea@group-135E08FDD67C:LeaderElection60] INFO  server.RaftServerConfigKeys (ConfUtils.java:logGet(43)) - raft.server.watch.timeout = 10s (default)
2019-09-19 13:57:42,754 [b4030cb9-bb90-48fa-8940-2ba1da097595@group-CDF270FEAC2F:LeaderElection57] INFO  impl.RoleInfo (RoleInfo.java:updateAndGet(143)) - b4030cb9-bb90-48fa-8940-2ba1da097595: start LeaderState
2019-09-19 13:57:42,754 [de9a6245-bc05-4757-817d-214bc59448ea@group-135E08FDD67C:LeaderElection60] INFO  server.RaftServerConfigKeys (ConfUtils.java:logGet(43)) - raft.server.watch.timeout.denomination = 1s (default)
2019-09-19 13:57:42,754 [b4030cb9-bb90-48fa-8940-2ba1da097595@group-CDF270FEAC2F:LeaderElection57] INFO  segmented.SegmentedRaftLogWorker (SegmentedRaftLogWorker.java:startLogSegment(380)) - b4030cb9-bb90-48fa-8940-2ba1da097595@group-CDF270FEAC2F-SegmentedRaftLogWorker: Starting segment from index:0
2019-09-19 13:57:42,754 [de9a6245-bc05-4757-817d-214bc59448ea@group-135E08FDD67C:LeaderElection60] INFO  server.RaftServerConfigKeys (ConfUtils.java:logGet(43)) - raft.server.watch.element-limit = 65536 (default)
2019-09-19 13:57:42,755 [b4030cb9-bb90-48fa-8940-2ba1da097595@group-CDF270FEAC2F:LeaderElection57] INFO  impl.RaftServerImpl (ServerState.java:setRaftConf(354)) - b4030cb9-bb90-48fa-8940-2ba1da097595@group-CDF270FEAC2F: set configuration 0: [b4030cb9-bb90-48fa-8940-2ba1da097595:192.168.36.82:39023], old=null at 0
2019-09-19 13:57:42,793 [1aff1733-57f6-45fc-9f0b-1426b548f5f7@group-5048440E1B97-SegmentedRaftLogWorker] INFO  segmented.SegmentedRaftLogWorker (SegmentedRaftLogWorker.java:execute(569)) - 1aff1733-57f6-45fc-9f0b-1426b548f5f7@group-5048440E1B97-SegmentedRaftLogWorker: created new log segment /workdir/hadoop-ozone/integration-test/target/test-dir/MiniOzoneClusterImpl-dd3eabca-da74-4633-9d56-ab06f731d67f/datanode-5/data/ratis/37873a7b-599f-4c1c-9bdb-5048440e1b97/current/log_inprogress_0
2019-09-19 13:57:42,795 [de9a6245-bc05-4757-817d-214bc59448ea@group-135E08FDD67C:LeaderElection60] INFO  impl.RoleInfo (RoleInfo.java:updateAndGet(143)) - de9a6245-bc05-4757-817d-214bc59448ea: start LeaderState
2019-09-19 13:57:42,795 [de9a6245-bc05-4757-817d-214bc59448ea@group-135E08FDD67C:LeaderElection60] INFO  segmented.SegmentedRaftLogWorker (SegmentedRaftLogWorker.java:startLogSegment(380)) - de9a6245-bc05-4757-817d-214bc59448ea@group-135E08FDD67C-SegmentedRaftLogWorker: Starting segment from index:0
2019-09-19 13:57:42,795 [de9a6245-bc05-4757-817d-214bc59448ea@group-135E08FDD67C:LeaderElection60] INFO  impl.RaftServerImpl (ServerState.java:setRaftConf(354)) - de9a6245-bc05-4757-817d-214bc59448ea@group-135E08FDD67C: set configuration 0: [de9a6245-bc05-4757-817d-214bc59448ea:192.168.36.82:35305], old=null at 0
2019-09-19 13:57:42,830 [Thread-2895] INFO  impl.FollowerState (FollowerState.java:run(106)) - de9a6245-bc05-4757-817d-214bc59448ea:group-D21D0AEC2A0D changes to CANDIDATE, lastRpcTime:5196, electionTimeout:5184ms
2019-09-19 13:57:42,830 [b4030cb9-bb90-48fa-8940-2ba1da097595@group-CDF270FEAC2F-SegmentedRaftLogWorker] INFO  segmented.SegmentedRaftLogWorker (SegmentedRaftLogWorker.java:execute(569)) - b4030cb9-bb90-48fa-8940-2ba1da097595@group-CDF270FEAC2F-SegmentedRaftLogWorker: created new log segment /workdir/hadoop-ozone/integration-test/target/test-dir/MiniOzoneClusterImpl-dd3eabca-da74-4633-9d56-ab06f731d67f/datanode-3/data/ratis/f7527fb4-4986-42dd-9430-cdf270feac2f/current/log_inprogress_0
2019-09-19 13:57:42,830 [Thread-2895] INFO  impl.RoleInfo (RoleInfo.java:shutdownFollowerState(121)) - de9a6245-bc05-4757-817d-214bc59448ea: shutdown FollowerState
2019-09-19 13:57:42,831 [Thread-2895] INFO  impl.RaftServerImpl (RaftServerImpl.java:setRole(174)) - de9a6245-bc05-4757-817d-214bc59448ea@group-D21D0AEC2A0D: changes role from  FOLLOWER to CANDIDATE at term 0 for changeToCandidate
2019-09-19 13:57:42,834 [Thread-2895] INFO  impl.RoleInfo (RoleInfo.java:updateAndGet(143)) - de9a6245-bc05-4757-817d-214bc59448ea: start LeaderElection
2019-09-19 13:57:42,839 [grpc-default-executor-7] INFO  impl.RaftServerImpl (RaftServerImpl.java:setRole(174)) - de9a6245-bc05-4757-817d-214bc59448ea@group-D21D0AEC2A0D: changes role from CANDIDATE to FOLLOWER at term 1 for recognizeCandidate:b4030cb9-bb90-48fa-8940-2ba1da097595
2019-09-19 13:57:42,842 [de9a6245-bc05-4757-817d-214bc59448ea@group-135E08FDD67C-SegmentedRaftLogWorker] INFO  segmented.SegmentedRaftLogWorker (SegmentedRaftLogWorker.java:execute(569)) - de9a6245-bc05-4757-817d-214bc59448ea@group-135E08FDD67C-SegmentedRaftLogWorker: created new log segment /workdir/hadoop-ozone/integration-test/target/test-dir/MiniOzoneClusterImpl-dd3eabca-da74-4633-9d56-ab06f731d67f/datanode-4/data/ratis/5a0200ed-675d-4b4b-af67-135e08fdd67c/current/log_inprogress_0
2019-09-19 13:57:42,843 [grpc-default-executor-7] INFO  impl.RoleInfo (RoleInfo.java:shutdownLeaderElection(134)) - de9a6245-bc05-4757-817d-214bc59448ea: shutdown LeaderElection
2019-09-19 13:57:42,843 [grpc-default-executor-7] INFO  impl.RoleInfo (RoleInfo.java:updateAndGet(143)) - de9a6245-bc05-4757-817d-214bc59448ea: start FollowerState
2019-09-19 13:57:42,851 [grpc-default-executor-8] INFO  client.GrpcClientProtocolClient (GrpcClientProtocolClient.java:onNext(264)) - client-0C9EC5673DC2->6c9a1640-e1f5-4cdf-82bf-56ab00cf4fe0: receive RaftClientReply:client-0C9EC5673DC2->6c9a1640-e1f5-4cdf-82bf-56ab00cf4fe0@group-6CF454A4E442, cid=174, FAILED org.apache.ratis.protocol.NotLeaderException: Server 6c9a1640-e1f5-4cdf-82bf-56ab00cf4fe0@group-6CF454A4E442 is not the leader ffe9ff16-6c36-4e32-891e-5d8f4d9c1a42:192.168.36.82:36574, logIndex=0, commits[6c9a1640-e1f5-4cdf-82bf-56ab00cf4fe0:c-1, 202307d0-0994-4a5f-bc69-095ec566398d:c-1, ffe9ff16-6c36-4e32-891e-5d8f4d9c1a42:c-1]
2019-09-19 13:57:42,860 [grpc-default-executor-1] INFO  impl.RaftServerImpl (RaftServerImpl.java:setRole(174)) - de9a6245-bc05-4757-817d-214bc59448ea@group-D21D0AEC2A0D: changes role from  FOLLOWER to FOLLOWER at term 1 for recognizeCandidate:1aff1733-57f6-45fc-9f0b-1426b548f5f7
2019-09-19 13:57:42,860 [grpc-default-executor-1] INFO  impl.RoleInfo (RoleInfo.java:shutdownFollowerState(121)) - de9a6245-bc05-4757-817d-214bc59448ea: shutdown FollowerState
2019-09-19 13:57:42,860 [grpc-default-executor-1] INFO  impl.RoleInfo (RoleInfo.java:updateAndGet(143)) - de9a6245-bc05-4757-817d-214bc59448ea: start FollowerState
2019-09-19 13:57:42,860 [Thread-2950] INFO  impl.FollowerState (FollowerState.java:run(115)) - de9a6245-bc05-4757-817d-214bc59448ea: FollowerState was interrupted: java.lang.InterruptedException: sleep interrupted
2019-09-19 13:57:42,866 [b4030cb9-bb90-48fa-8940-2ba1da097595@group-D21D0AEC2A0D:LeaderElection58] INFO  impl.LeaderElection (LeaderElection.java:logAndReturn(56)) - b4030cb9-bb90-48fa-8940-2ba1da097595@group-D21D0AEC2A0D:LeaderElection58: Election REJECTED; received 2 response(s) [b4030cb9-bb90-48fa-8940-2ba1da097595<-1aff1733-57f6-45fc-9f0b-1426b548f5f7#0:FAIL-t1, b4030cb9-bb90-48fa-8940-2ba1da097595<-de9a6245-bc05-4757-817d-214bc59448ea#0:FAIL-t1] and 0 exception(s); b4030cb9-bb90-48fa-8940-2ba1da097595@group-D21D0AEC2A0D:t1, leader=null, voted=b4030cb9-bb90-48fa-8940-2ba1da097595, raftlog=b4030cb9-bb90-48fa-8940-2ba1da097595@group-D21D0AEC2A0D-SegmentedRaftLog:OPENED:c-1,f-1,i0, conf=-1: [1aff1733-57f6-45fc-9f0b-1426b548f5f7:192.168.36.82:39053, de9a6245-bc05-4757-817d-214bc59448ea:192.168.36.82:35305, b4030cb9-bb90-48fa-8940-2ba1da097595:192.168.36.82:39023], old=null
2019-09-19 13:57:42,866 [b4030cb9-bb90-48fa-8940-2ba1da097595@group-D21D0AEC2A0D:LeaderElection58] INFO  impl.RaftServerImpl (RaftServerImpl.java:setRole(174)) - b4030cb9-bb90-48fa-8940-2ba1da097595@group-D21D0AEC2A0D: changes role from CANDIDATE to FOLLOWER at term 1 for DISCOVERED_A_NEW_TERM
2019-09-19 13:57:42,866 [b4030cb9-bb90-48fa-8940-2ba1da097595@group-D21D0AEC2A0D:LeaderElection58] INFO  impl.RoleInfo (RoleInfo.java:shutdownLeaderElection(134)) - b4030cb9-bb90-48fa-8940-2ba1da097595: shutdown LeaderElection
2019-09-19 13:57:42,866 [b4030cb9-bb90-48fa-8940-2ba1da097595@group-D21D0AEC2A0D:LeaderElection58] INFO  impl.RoleInfo (RoleInfo.java:updateAndGet(143)) - b4030cb9-bb90-48fa-8940-2ba1da097595: start FollowerState
2019-09-19 13:57:42,898 [1aff1733-57f6-45fc-9f0b-1426b548f5f7@group-D21D0AEC2A0D:LeaderElection59] INFO  impl.LeaderElection (LeaderElection.java:logAndReturn(56)) - 1aff1733-57f6-45fc-9f0b-1426b548f5f7@group-D21D0AEC2A0D:LeaderElection59: Election PASSED; received 2 response(s) [1aff1733-57f6-45fc-9f0b-1426b548f5f7<-de9a6245-bc05-4757-817d-214bc59448ea#0:OK-t1, 1aff1733-57f6-45fc-9f0b-1426b548f5f7<-b4030cb9-bb90-48fa-8940-2ba1da097595#0:FAIL-t1] and 0 exception(s); 1aff1733-57f6-45fc-9f0b-1426b548f5f7@group-D21D0AEC2A0D:t1, leader=null, voted=1aff1733-57f6-45fc-9f0b-1426b548f5f7, raftlog=1aff1733-57f6-45fc-9f0b-1426b548f5f7@group-D21D0AEC2A0D-SegmentedRaftLog:OPENED:c-1,f-1,i0, conf=-1: [1aff1733-57f6-45fc-9f0b-1426b548f5f7:192.168.36.82:39053, de9a6245-bc05-4757-817d-214bc59448ea:192.168.36.82:35305, b4030cb9-bb90-48fa-8940-2ba1da097595:192.168.36.82:39023], old=null
2019-09-19 13:57:42,901 [1aff1733-57f6-45fc-9f0b-1426b548f5f7@group-D21D0AEC2A0D:LeaderElection59] INFO  impl.RoleInfo (RoleInfo.java:shutdownLeaderElection(134)) - 1aff1733-57f6-45fc-9f0b-1426b548f5f7: shutdown LeaderElection
2019-09-19 13:57:42,901 [1aff1733-57f6-45fc-9f0b-1426b548f5f7@group-D21D0AEC2A0D:LeaderElection59] INFO  impl.RaftServerImpl (RaftServerImpl.java:setRole(174)) - 1aff1733-57f6-45fc-9f0b-1426b548f5f7@group-D21D0AEC2A0D: changes role from CANDIDATE to LEADER at term 1 for changeToLeader
2019-09-19 13:57:42,901 [1aff1733-57f6-45fc-9f0b-1426b548f5f7@group-D21D0AEC2A0D:LeaderElection59] INFO  impl.RaftServerImpl (ServerState.java:setLeader(253)) - 1aff1733-57f6-45fc-9f0b-1426b548f5f7@group-D21D0AEC2A0D: change Leader from null to 1aff1733-57f6-45fc-9f0b-1426b548f5f7 at term 1 for becomeLeader, leader elected after 5275ms
2019-09-19 13:57:42,901 [1aff1733-57f6-45fc-9f0b-1426b548f5f7@group-D21D0AEC2A0D:LeaderElection59] INFO  server.RaftServerConfigKeys (ConfUtils.java:logGet(43)) - raft.server.staging.catchup.gap = 1000 (default)
2019-09-19 13:57:42,901 [1aff1733-57f6-45fc-9f0b-1426b548f5f7@group-D21D0AEC2A0D:LeaderElection59] INFO  server.RaftServerConfigKeys (ConfUtils.java:logGet(43)) - raft.server.rpc.sleep.time = 25ms (default)
2019-09-19 13:57:42,902 [1aff1733-57f6-45fc-9f0b-1426b548f5f7@group-D21D0AEC2A0D:LeaderElection59] INFO  server.RaftServerConfigKeys (ConfUtils.java:logGet(43)) - raft.server.write.element-limit = 4096 (default)
2019-09-19 13:57:42,902 [1aff1733-57f6-45fc-9f0b-1426b548f5f7@group-D21D0AEC2A0D:LeaderElection59] INFO  server.RaftServerConfigKeys (ConfUtils.java:logGet(43)) - raft.server.watch.timeout = 10s (default)
2019-09-19 13:57:42,902 [1aff1733-57f6-45fc-9f0b-1426b548f5f7@group-D21D0AEC2A0D:LeaderElection59] INFO  server.RaftServerConfigKeys (ConfUtils.java:logGet(43)) - raft.server.watch.timeout.denomination = 1s (default)
2019-09-19 13:57:42,902 [1aff1733-57f6-45fc-9f0b-1426b548f5f7@group-D21D0AEC2A0D:LeaderElection59] INFO  server.RaftServerConfigKeys (ConfUtils.java:logGet(43)) - raft.server.watch.element-limit = 65536 (default)
2019-09-19 13:57:42,904 [1aff1733-57f6-45fc-9f0b-1426b548f5f7@group-D21D0AEC2A0D:LeaderElection59] INFO  server.RaftServerConfigKeys (ConfUtils.java:logGet(43)) - raft.server.log.appender.snapshot.chunk.size.max = 16MB (=16777216) (default)
2019-09-19 13:57:42,904 [1aff1733-57f6-45fc-9f0b-1426b548f5f7@group-D21D0AEC2A0D:LeaderElection59] INFO  server.RaftServerConfigKeys (ConfUtils.java:logGet(43)) - raft.server.log.appender.buffer.byte-limit = 33554432 (custom)
2019-09-19 13:57:42,904 [1aff1733-57f6-45fc-9f0b-1426b548f5f7@group-D21D0AEC2A0D:LeaderElection59] INFO  server.RaftServerConfigKeys (ConfUtils.java:logGet(43)) - raft.server.log.appender.buffer.element-limit = 1 (custom)
2019-09-19 13:57:42,904 [1aff1733-57f6-45fc-9f0b-1426b548f5f7@group-D21D0AEC2A0D:LeaderElection59] INFO  grpc.GrpcConfigKeys$Server (ConfUtils.java:logGet(43)) - raft.grpc.server.leader.outstanding.appends.max = 128 (default)
2019-09-19 13:57:42,904 [1aff1733-57f6-45fc-9f0b-1426b548f5f7@group-D21D0AEC2A0D:LeaderElection59] INFO  server.RaftServerConfigKeys (ConfUtils.java:logGet(43)) - raft.server.rpc.request.timeout = 3000ms (default)
2019-09-19 13:57:42,904 [1aff1733-57f6-45fc-9f0b-1426b548f5f7@group-D21D0AEC2A0D:LeaderElection59] INFO  server.RaftServerConfigKeys (ConfUtils.java:logGet(43)) - raft.server.log.appender.install.snapshot.enabled = false (custom)
2019-09-19 13:57:42,905 [1aff1733-57f6-45fc-9f0b-1426b548f5f7@group-D21D0AEC2A0D:LeaderElection59] INFO  server.RaftServerConfigKeys (ConfUtils.java:logGet(43)) - raft.server.log.appender.snapshot.chunk.size.max = 16MB (=16777216) (default)
2019-09-19 13:57:42,905 [1aff1733-57f6-45fc-9f0b-1426b548f5f7@group-D21D0AEC2A0D:LeaderElection59] INFO  server.RaftServerConfigKeys (ConfUtils.java:logGet(43)) - raft.server.log.appender.buffer.byte-limit = 33554432 (custom)
2019-09-19 13:57:42,905 [1aff1733-57f6-45fc-9f0b-1426b548f5f7@group-D21D0AEC2A0D:LeaderElection59] INFO  server.RaftServerConfigKeys (ConfUtils.java:logGet(43)) - raft.server.log.appender.buffer.element-limit = 1 (custom)
2019-09-19 13:57:42,905 [1aff1733-57f6-45fc-9f0b-1426b548f5f7@group-D21D0AEC2A0D:LeaderElection59] INFO  grpc.GrpcConfigKeys$Server (ConfUtils.java:logGet(43)) - raft.grpc.server.leader.outstanding.appends.max = 128 (default)
2019-09-19 13:57:42,905 [1aff1733-57f6-45fc-9f0b-1426b548f5f7@group-D21D0AEC2A0D:LeaderElection59] INFO  server.RaftServerConfigKeys (ConfUtils.java:logGet(43)) - raft.server.rpc.request.timeout = 3000ms (default)
2019-09-19 13:57:42,905 [1aff1733-57f6-45fc-9f0b-1426b548f5f7@group-D21D0AEC2A0D:LeaderElection59] INFO  server.RaftServerConfigKeys (ConfUtils.java:logGet(43)) - raft.server.log.appender.install.snapshot.enabled = false (custom)
2019-09-19 13:57:42,906 [1aff1733-57f6-45fc-9f0b-1426b548f5f7@group-D21D0AEC2A0D:LeaderElection59] INFO  impl.RoleInfo (RoleInfo.java:updateAndGet(143)) - 1aff1733-57f6-45fc-9f0b-1426b548f5f7: start LeaderState
2019-09-19 13:57:42,906 [1aff1733-57f6-45fc-9f0b-1426b548f5f7@group-D21D0AEC2A0D:LeaderElection59] INFO  segmented.SegmentedRaftLogWorker (SegmentedRaftLogWorker.java:startLogSegment(380)) - 1aff1733-57f6-45fc-9f0b-1426b548f5f7@group-D21D0AEC2A0D-SegmentedRaftLogWorker: Starting segment from index:0
2019-09-19 13:57:42,907 [1aff1733-57f6-45fc-9f0b-1426b548f5f7@group-D21D0AEC2A0D:LeaderElection59] INFO  impl.RaftServerImpl (ServerState.java:setRaftConf(354)) - 1aff1733-57f6-45fc-9f0b-1426b548f5f7@group-D21D0AEC2A0D: set configuration 0: [1aff1733-57f6-45fc-9f0b-1426b548f5f7:192.168.36.82:39053, de9a6245-bc05-4757-817d-214bc59448ea:192.168.36.82:35305, b4030cb9-bb90-48fa-8940-2ba1da097595:192.168.36.82:39023], old=null at 0
2019-09-19 13:57:42,909 [grpc-default-executor-7] INFO  impl.RaftServerImpl (ServerState.java:setLeader(253)) - b4030cb9-bb90-48fa-8940-2ba1da097595@group-D21D0AEC2A0D: change Leader from null to 1aff1733-57f6-45fc-9f0b-1426b548f5f7 at term 1 for appendEntries, leader elected after 5282ms
2019-09-19 13:57:42,939 [de9a6245-bc05-4757-817d-214bc59448ea@group-D21D0AEC2A0D:LeaderElection61] INFO  impl.LeaderElection (LeaderElection.java:askForVotes(182)) - de9a6245-bc05-4757-817d-214bc59448ea@group-D21D0AEC2A0D:LeaderElection61: begin an election at term 2 for -1: [1aff1733-57f6-45fc-9f0b-1426b548f5f7:192.168.36.82:39053, de9a6245-bc05-4757-817d-214bc59448ea:192.168.36.82:35305, b4030cb9-bb90-48fa-8940-2ba1da097595:192.168.36.82:39023], old=null
2019-09-19 13:57:42,940 [de9a6245-bc05-4757-817d-214bc59448ea@group-D21D0AEC2A0D:LeaderElection61] INFO  impl.LeaderElection (LeaderElection.java:logAndReturn(56)) - de9a6245-bc05-4757-817d-214bc59448ea@group-D21D0AEC2A0D:LeaderElection61: Election REJECTED; received 0 response(s) [] and 0 exception(s); de9a6245-bc05-4757-817d-214bc59448ea@group-D21D0AEC2A0D:t2, leader=null, voted=de9a6245-bc05-4757-817d-214bc59448ea, raftlog=de9a6245-bc05-4757-817d-214bc59448ea@group-D21D0AEC2A0D-SegmentedRaftLog:OPENED:c-1,f-1,i0, conf=-1: [1aff1733-57f6-45fc-9f0b-1426b548f5f7:192.168.36.82:39053, de9a6245-bc05-4757-817d-214bc59448ea:192.168.36.82:35305, b4030cb9-bb90-48fa-8940-2ba1da097595:192.168.36.82:39023], old=null
2019-09-19 13:57:42,941 [Thread-2954] INFO  impl.RaftServerImpl (ServerState.java:setLeader(253)) - 1aff1733-57f6-45fc-9f0b-1426b548f5f7@group-D21D0AEC2A0D: change Leader from 1aff1733-57f6-45fc-9f0b-1426b548f5f7 to null at term 2 for updateCurrentTerm
2019-09-19 13:57:42,941 [Thread-2954] INFO  impl.RaftServerImpl (RaftServerImpl.java:setRole(174)) - 1aff1733-57f6-45fc-9f0b-1426b548f5f7@group-D21D0AEC2A0D: changes role from    LEADER to FOLLOWER at term 2 for stepDown
2019-09-19 13:57:42,941 [Thread-2954] INFO  impl.RoleInfo (RoleInfo.java:shutdownLeaderState(104)) - 1aff1733-57f6-45fc-9f0b-1426b548f5f7: shutdown LeaderState
2019-09-19 13:57:42,942 [grpc-default-executor-2] INFO  impl.RaftServerImpl (ServerState.java:setRaftConf(354)) - b4030cb9-bb90-48fa-8940-2ba1da097595@group-D21D0AEC2A0D: set configuration 0: [1aff1733-57f6-45fc-9f0b-1426b548f5f7:192.168.36.82:39053, de9a6245-bc05-4757-817d-214bc59448ea:192.168.36.82:35305, b4030cb9-bb90-48fa-8940-2ba1da097595:192.168.36.82:39023], old=null at 0
2019-09-19 13:57:42,949 [org.apache.ratis.server.impl.LogAppender$AppenderDaemon$$Lambda$491/697863941@3a5d770] WARN  server.GrpcLogAppender (GrpcLogAppender.java:mayWait(143)) - 1aff1733-57f6-45fc-9f0b-1426b548f5f7@group-D21D0AEC2A0D->de9a6245-bc05-4757-817d-214bc59448ea-GrpcLogAppender: Wait interrupted by java.lang.InterruptedException
2019-09-19 13:57:42,945 [Thread-2954] INFO  impl.PendingRequests (PendingRequests.java:sendNotLeaderResponses(202)) - 1aff1733-57f6-45fc-9f0b-1426b548f5f7-PendingRequests: sendNotLeaderResponses
2019-09-19 13:57:42,945 [org.apache.ratis.server.impl.LogAppender$AppenderDaemon$$Lambda$491/697863941@361a671e] WARN  server.GrpcLogAppender (GrpcLogAppender.java:mayWait(143)) - 1aff1733-57f6-45fc-9f0b-1426b548f5f7@group-D21D0AEC2A0D->b4030cb9-bb90-48fa-8940-2ba1da097595-GrpcLogAppender: Wait interrupted by java.lang.InterruptedException
2019-09-19 13:57:42,949 [Thread-2954] INFO  impl.RoleInfo (RoleInfo.java:updateAndGet(143)) - 1aff1733-57f6-45fc-9f0b-1426b548f5f7: start FollowerState
2019-09-19 13:57:42,949 [grpc-default-executor-2] INFO  segmented.SegmentedRaftLogWorker (SegmentedRaftLogWorker.java:startLogSegment(380)) - b4030cb9-bb90-48fa-8940-2ba1da097595@group-D21D0AEC2A0D-SegmentedRaftLogWorker: Starting segment from index:0
2019-09-19 13:57:42,950 [grpc-default-executor-7] INFO  server.GrpcServerProtocolService (GrpcServerProtocolService.java:onCompleted(113)) - de9a6245-bc05-4757-817d-214bc59448ea: Completed APPEND_ENTRIES, lastRequest: 1aff1733-57f6-45fc-9f0b-1426b548f5f7->de9a6245-bc05-4757-817d-214bc59448ea#0-t1, previous=(t:0, i:0), leaderCommit=-1, initializing? false, entries: <empty>
2019-09-19 13:57:42,950 [grpc-default-executor-2] INFO  server.GrpcServerProtocolService (GrpcServerProtocolService.java:onCompleted(113)) - b4030cb9-bb90-48fa-8940-2ba1da097595: Completed APPEND_ENTRIES, lastRequest: 1aff1733-57f6-45fc-9f0b-1426b548f5f7->b4030cb9-bb90-48fa-8940-2ba1da097595#1-t1, previous=(t:0, i:0), leaderCommit=-1, initializing? false, entries: size=1, first=(t:1, i:0), CONFIGURATIONENTRY
2019-09-19 13:57:42,996 [grpc-default-executor-1] INFO  server.GrpcLogAppender (GrpcLogAppender.java:onCompleted(293)) - 1aff1733-57f6-45fc-9f0b-1426b548f5f7@group-D21D0AEC2A0D->de9a6245-bc05-4757-817d-214bc59448ea-AppendLogResponseHandler: follower responses appendEntries COMPLETED
2019-09-19 13:57:42,980 [1aff1733-57f6-45fc-9f0b-1426b548f5f7@group-D21D0AEC2A0D-SegmentedRaftLogWorker] INFO  segmented.SegmentedRaftLogWorker (SegmentedRaftLogWorker.java:execute(569)) - 1aff1733-57f6-45fc-9f0b-1426b548f5f7@group-D21D0AEC2A0D-SegmentedRaftLogWorker: created new log segment /workdir/hadoop-ozone/integration-test/target/test-dir/MiniOzoneClusterImpl-dd3eabca-da74-4633-9d56-ab06f731d67f/datanode-5/data/ratis/6c2d9b7b-cc54-4ebc-bac6-d21d0aec2a0d/current/log_inprogress_0
2019-09-19 13:57:43,000 [grpc-default-executor-7] INFO  server.GrpcLogAppender (GrpcLogAppender.java:onCompleted(293)) - 1aff1733-57f6-45fc-9f0b-1426b548f5f7@group-D21D0AEC2A0D->b4030cb9-bb90-48fa-8940-2ba1da097595-AppendLogResponseHandler: follower responses appendEntries COMPLETED
2019-09-19 13:57:42,999 [grpc-default-executor-2] INFO  impl.RaftServerImpl (RaftServerImpl.java:setRole(174)) - 1aff1733-57f6-45fc-9f0b-1426b548f5f7@group-D21D0AEC2A0D: changes role from  FOLLOWER to FOLLOWER at term 2 for recognizeCandidate:de9a6245-bc05-4757-817d-214bc59448ea
2019-09-19 13:57:43,002 [grpc-default-executor-7] INFO  impl.FollowerInfo (FollowerInfo.java:lambda$new$0(51)) - 1aff1733-57f6-45fc-9f0b-1426b548f5f7@group-D21D0AEC2A0D->b4030cb9-bb90-48fa-8940-2ba1da097595: nextIndex: updateUnconditionally 1 -> 0
2019-09-19 13:57:43,002 [grpc-default-executor-1] INFO  impl.FollowerInfo (FollowerInfo.java:lambda$new$0(51)) - 1aff1733-57f6-45fc-9f0b-1426b548f5f7@group-D21D0AEC2A0D->de9a6245-bc05-4757-817d-214bc59448ea: nextIndex: updateUnconditionally 0 -> 0
2019-09-19 13:57:43,002 [grpc-default-executor-8] INFO  impl.RaftServerImpl (ServerState.java:setLeader(253)) - b4030cb9-bb90-48fa-8940-2ba1da097595@group-D21D0AEC2A0D: change Leader from 1aff1733-57f6-45fc-9f0b-1426b548f5f7 to null at term 2 for updateCurrentTerm
2019-09-19 13:57:43,002 [grpc-default-executor-2] INFO  impl.RoleInfo (RoleInfo.java:shutdownFollowerState(121)) - 1aff1733-57f6-45fc-9f0b-1426b548f5f7: shutdown FollowerState
2019-09-19 13:57:43,003 [grpc-default-executor-8] INFO  impl.RaftServerImpl (RaftServerImpl.java:setRole(174)) - b4030cb9-bb90-48fa-8940-2ba1da097595@group-D21D0AEC2A0D: changes role from  FOLLOWER to FOLLOWER at term 2 for recognizeCandidate:de9a6245-bc05-4757-817d-214bc59448ea
2019-09-19 13:57:43,003 [grpc-default-executor-2] INFO  impl.RoleInfo (RoleInfo.java:updateAndGet(143)) - 1aff1733-57f6-45fc-9f0b-1426b548f5f7: start FollowerState
2019-09-19 13:57:43,003 [Thread-2962] INFO  impl.FollowerState (FollowerState.java:run(115)) - 1aff1733-57f6-45fc-9f0b-1426b548f5f7: FollowerState was interrupted: java.lang.InterruptedException: sleep interrupted
2019-09-19 13:57:43,003 [grpc-default-executor-8] INFO  impl.RoleInfo (RoleInfo.java:shutdownFollowerState(121)) - b4030cb9-bb90-48fa-8940-2ba1da097595: shutdown FollowerState
2019-09-19 13:57:43,006 [grpc-default-executor-8] INFO  impl.RoleInfo (RoleInfo.java:updateAndGet(143)) - b4030cb9-bb90-48fa-8940-2ba1da097595: start FollowerState
2019-09-19 13:57:43,006 [Thread-2953] INFO  impl.FollowerState (FollowerState.java:run(115)) - b4030cb9-bb90-48fa-8940-2ba1da097595: FollowerState was interrupted: java.lang.InterruptedException: sleep interrupted
2019-09-19 13:57:43,021 [b4030cb9-bb90-48fa-8940-2ba1da097595@group-D21D0AEC2A0D-SegmentedRaftLogWorker] INFO  segmented.SegmentedRaftLogWorker (SegmentedRaftLogWorker.java:execute(569)) - b4030cb9-bb90-48fa-8940-2ba1da097595@group-D21D0AEC2A0D-SegmentedRaftLogWorker: created new log segment /workdir/hadoop-ozone/integration-test/target/test-dir/MiniOzoneClusterImpl-dd3eabca-da74-4633-9d56-ab06f731d67f/datanode-3/data/ratis/6c2d9b7b-cc54-4ebc-bac6-d21d0aec2a0d/current/log_inprogress_0
2019-09-19 13:57:43,070 [grpc-default-executor-2] INFO  client.GrpcClientProtocolClient (GrpcClientProtocolClient.java:onNext(264)) - client-0C9EC5673DC2->ffe9ff16-6c36-4e32-891e-5d8f4d9c1a42: receive RaftClientReply:client-0C9EC5673DC2->ffe9ff16-6c36-4e32-891e-5d8f4d9c1a42@group-6CF454A4E442, cid=174, SUCCESS, logIndex=1, commits[ffe9ff16-6c36-4e32-891e-5d8f4d9c1a42:c1, 202307d0-0994-4a5f-bc69-095ec566398d:c0, 6c9a1640-e1f5-4cdf-82bf-56ab00cf4fe0:c0]
2019-09-19 13:57:43,110 [grpc-default-executor-2] INFO  client.GrpcClientProtocolClient (GrpcClientProtocolClient.java:onNext(264)) - client-0C9EC5673DC2->ffe9ff16-6c36-4e32-891e-5d8f4d9c1a42: receive RaftClientReply:client-0C9EC5673DC2->ffe9ff16-6c36-4e32-891e-5d8f4d9c1a42@group-6CF454A4E442, cid=175, SUCCESS, logIndex=3, commits[ffe9ff16-6c36-4e32-891e-5d8f4d9c1a42:c9, 202307d0-0994-4a5f-bc69-095ec566398d:c1, 6c9a1640-e1f5-4cdf-82bf-56ab00cf4fe0:c1]
2019-09-19 13:57:43,190 [grpc-default-executor-2] INFO  client.GrpcClientProtocolClient (GrpcClientProtocolClient.java:onNext(264)) - client-0C9EC5673DC2->ffe9ff16-6c36-4e32-891e-5d8f4d9c1a42: receive RaftClientReply:client-0C9EC5673DC2->ffe9ff16-6c36-4e32-891e-5d8f4d9c1a42@group-6CF454A4E442, cid=176, SUCCESS, logIndex=4, commits[ffe9ff16-6c36-4e32-891e-5d8f4d9c1a42:c9, 202307d0-0994-4a5f-bc69-095ec566398d:c1, 6c9a1640-e1f5-4cdf-82bf-56ab00cf4fe0:c1]
2019-09-19 13:57:43,190 [grpc-default-executor-2] INFO  client.GrpcClientProtocolClient (GrpcClientProtocolClient.java:onNext(264)) - client-0C9EC5673DC2->ffe9ff16-6c36-4e32-891e-5d8f4d9c1a42: receive RaftClientReply:client-0C9EC5673DC2->ffe9ff16-6c36-4e32-891e-5d8f4d9c1a42@group-6CF454A4E442, cid=177, SUCCESS, logIndex=5, commits[ffe9ff16-6c36-4e32-891e-5d8f4d9c1a42:c9, 202307d0-0994-4a5f-bc69-095ec566398d:c1, 6c9a1640-e1f5-4cdf-82bf-56ab00cf4fe0:c1]
2019-09-19 13:57:43,191 [grpc-default-executor-2] INFO  client.GrpcClientProtocolClient (GrpcClientProtocolClient.java:onNext(264)) - client-0C9EC5673DC2->ffe9ff16-6c36-4e32-891e-5d8f4d9c1a42: receive RaftClientReply:client-0C9EC5673DC2->ffe9ff16-6c36-4e32-891e-5d8f4d9c1a42@group-6CF454A4E442, cid=178, SUCCESS, logIndex=6, commits[ffe9ff16-6c36-4e32-891e-5d8f4d9c1a42:c9, 202307d0-0994-4a5f-bc69-095ec566398d:c1, 6c9a1640-e1f5-4cdf-82bf-56ab00cf4fe0:c1]
2019-09-19 13:57:43,191 [grpc-default-executor-2] INFO  client.GrpcClientProtocolClient (GrpcClientProtocolClient.java:onNext(264)) - client-0C9EC5673DC2->ffe9ff16-6c36-4e32-891e-5d8f4d9c1a42: receive RaftClientReply:client-0C9EC5673DC2->ffe9ff16-6c36-4e32-891e-5d8f4d9c1a42@group-6CF454A4E442, cid=179, SUCCESS, logIndex=7, commits[ffe9ff16-6c36-4e32-891e-5d8f4d9c1a42:c9, 202307d0-0994-4a5f-bc69-095ec566398d:c1, 6c9a1640-e1f5-4cdf-82bf-56ab00cf4fe0:c1]
2019-09-19 13:57:44,193 [main] WARN  scm.XceiverClientRatis (XceiverClientRatis.java:watchForCommit(285)) - 3 way commit failed on pipeline Pipeline[ Id: a99f7013-c73f-434f-aaf0-6cf454a4e442, Nodes: ffe9ff16-6c36-4e32-891e-5d8f4d9c1a42{ip: 192.168.36.82, host: pr-hdds-2151-rkvw4-133030696, networkLocation: /default-rack, certSerialId: null}202307d0-0994-4a5f-bc69-095ec566398d{ip: 192.168.36.82, host: pr-hdds-2151-rkvw4-133030696, networkLocation: /default-rack, certSerialId: null}6c9a1640-e1f5-4cdf-82bf-56ab00cf4fe0{ip: 192.168.36.82, host: pr-hdds-2151-rkvw4-133030696, networkLocation: /default-rack, certSerialId: null}, Type:RATIS, Factor:THREE, State:OPEN]
java.util.concurrent.TimeoutException
	at java.util.concurrent.CompletableFuture.timedGet(CompletableFuture.java:1771)
	at java.util.concurrent.CompletableFuture.get(CompletableFuture.java:1915)
	at org.apache.hadoop.hdds.scm.XceiverClientRatis.watchForCommit(XceiverClientRatis.java:282)
	at org.apache.hadoop.hdds.scm.storage.CommitWatcher.watchForCommit(CommitWatcher.java:194)
	at org.apache.hadoop.hdds.scm.storage.CommitWatcher.watchOnFirstIndex(CommitWatcher.java:135)
	at org.apache.hadoop.hdds.scm.storage.BlockOutputStream.watchForCommit(BlockOutputStream.java:347)
	at org.apache.hadoop.hdds.scm.storage.BlockOutputStream.handleFullBuffer(BlockOutputStream.java:324)
	at org.apache.hadoop.hdds.scm.storage.BlockOutputStream.write(BlockOutputStream.java:251)
	at org.apache.hadoop.ozone.client.io.BlockOutputStreamEntry.write(BlockOutputStreamEntry.java:129)
	at org.apache.hadoop.ozone.client.io.KeyOutputStream.handleWrite(KeyOutputStream.java:208)
	at org.apache.hadoop.ozone.client.io.KeyOutputStream.write(KeyOutputStream.java:190)
	at org.apache.hadoop.ozone.client.io.OzoneOutputStream.write(OzoneOutputStream.java:49)
	at java.io.OutputStream.write(OutputStream.java:75)
	at org.apache.hadoop.ozone.client.rpc.TestBlockOutputStreamWithFailures.testWatchForCommitDatanodeFailure(TestBlockOutputStreamWithFailures.java:283)
	at sun.reflect.NativeMethodAccessorImpl.invoke0(Native Method)
	at sun.reflect.NativeMethodAccessorImpl.invoke(NativeMethodAccessorImpl.java:62)
	at sun.reflect.DelegatingMethodAccessorImpl.invoke(DelegatingMethodAccessorImpl.java:43)
	at java.lang.reflect.Method.invoke(Method.java:498)
	at org.junit.runners.model.FrameworkMethod$1.runReflectiveCall(FrameworkMethod.java:47)
	at org.junit.internal.runners.model.ReflectiveCallable.run(ReflectiveCallable.java:12)
	at org.junit.runners.model.FrameworkMethod.invokeExplosively(FrameworkMethod.java:44)
	at org.junit.internal.runners.statements.InvokeMethod.evaluate(InvokeMethod.java:17)
	at org.junit.internal.runners.statements.RunBefores.evaluate(RunBefores.java:26)
	at org.junit.internal.runners.statements.RunAfters.evaluate(RunAfters.java:27)
	at org.junit.runners.ParentRunner.runLeaf(ParentRunner.java:271)
	at org.junit.runners.BlockJUnit4ClassRunner.runChild(BlockJUnit4ClassRunner.java:70)
	at org.junit.runners.BlockJUnit4ClassRunner.runChild(BlockJUnit4ClassRunner.java:50)
	at org.junit.runners.ParentRunner$3.run(ParentRunner.java:238)
	at org.junit.runners.ParentRunner$1.schedule(ParentRunner.java:63)
	at org.junit.runners.ParentRunner.runChildren(ParentRunner.java:236)
	at org.junit.runners.ParentRunner.access$000(ParentRunner.java:53)
	at org.junit.runners.ParentRunner$2.evaluate(ParentRunner.java:229)
	at org.junit.runners.ParentRunner.run(ParentRunner.java:309)
	at org.apache.maven.surefire.junit4.JUnit4Provider.execute(JUnit4Provider.java:365)
	at org.apache.maven.surefire.junit4.JUnit4Provider.executeWithRerun(JUnit4Provider.java:273)
	at org.apache.maven.surefire.junit4.JUnit4Provider.executeTestSet(JUnit4Provider.java:238)
	at org.apache.maven.surefire.junit4.JUnit4Provider.invoke(JUnit4Provider.java:159)
	at org.apache.maven.surefire.booter.ForkedBooter.invokeProviderInSameClassLoader(ForkedBooter.java:384)
	at org.apache.maven.surefire.booter.ForkedBooter.runSuitesInProcess(ForkedBooter.java:345)
	at org.apache.maven.surefire.booter.ForkedBooter.execute(ForkedBooter.java:126)
	at org.apache.maven.surefire.booter.ForkedBooter.main(ForkedBooter.java:418)
2019-09-19 13:57:45,197 [main] WARN  storage.CommitWatcher (CommitWatcher.java:watchForCommit(203)) - watchForCommit failed for index 4
java.util.concurrent.TimeoutException
	at java.util.concurrent.CompletableFuture.timedGet(CompletableFuture.java:1771)
	at java.util.concurrent.CompletableFuture.get(CompletableFuture.java:1915)
	at org.apache.hadoop.hdds.scm.XceiverClientRatis.watchForCommit(XceiverClientRatis.java:291)
	at org.apache.hadoop.hdds.scm.storage.CommitWatcher.watchForCommit(CommitWatcher.java:194)
	at org.apache.hadoop.hdds.scm.storage.CommitWatcher.watchOnFirstIndex(CommitWatcher.java:135)
	at org.apache.hadoop.hdds.scm.storage.BlockOutputStream.watchForCommit(BlockOutputStream.java:347)
	at org.apache.hadoop.hdds.scm.storage.BlockOutputStream.handleFullBuffer(BlockOutputStream.java:324)
	at org.apache.hadoop.hdds.scm.storage.BlockOutputStream.write(BlockOutputStream.java:251)
	at org.apache.hadoop.ozone.client.io.BlockOutputStreamEntry.write(BlockOutputStreamEntry.java:129)
	at org.apache.hadoop.ozone.client.io.KeyOutputStream.handleWrite(KeyOutputStream.java:208)
	at org.apache.hadoop.ozone.client.io.KeyOutputStream.write(KeyOutputStream.java:190)
	at org.apache.hadoop.ozone.client.io.OzoneOutputStream.write(OzoneOutputStream.java:49)
	at java.io.OutputStream.write(OutputStream.java:75)
	at org.apache.hadoop.ozone.client.rpc.TestBlockOutputStreamWithFailures.testWatchForCommitDatanodeFailure(TestBlockOutputStreamWithFailures.java:283)
	at sun.reflect.NativeMethodAccessorImpl.invoke0(Native Method)
	at sun.reflect.NativeMethodAccessorImpl.invoke(NativeMethodAccessorImpl.java:62)
	at sun.reflect.DelegatingMethodAccessorImpl.invoke(DelegatingMethodAccessorImpl.java:43)
	at java.lang.reflect.Method.invoke(Method.java:498)
	at org.junit.runners.model.FrameworkMethod$1.runReflectiveCall(FrameworkMethod.java:47)
	at org.junit.internal.runners.model.ReflectiveCallable.run(ReflectiveCallable.java:12)
	at org.junit.runners.model.FrameworkMethod.invokeExplosively(FrameworkMethod.java:44)
	at org.junit.internal.runners.statements.InvokeMethod.evaluate(InvokeMethod.java:17)
	at org.junit.internal.runners.statements.RunBefores.evaluate(RunBefores.java:26)
	at org.junit.internal.runners.statements.RunAfters.evaluate(RunAfters.java:27)
	at org.junit.runners.ParentRunner.runLeaf(ParentRunner.java:271)
	at org.junit.runners.BlockJUnit4ClassRunner.runChild(BlockJUnit4ClassRunner.java:70)
	at org.junit.runners.BlockJUnit4ClassRunner.runChild(BlockJUnit4ClassRunner.java:50)
	at org.junit.runners.ParentRunner$3.run(ParentRunner.java:238)
	at org.junit.runners.ParentRunner$1.schedule(ParentRunner.java:63)
	at org.junit.runners.ParentRunner.runChildren(ParentRunner.java:236)
	at org.junit.runners.ParentRunner.access$000(ParentRunner.java:53)
	at org.junit.runners.ParentRunner$2.evaluate(ParentRunner.java:229)
	at org.junit.runners.ParentRunner.run(ParentRunner.java:309)
	at org.apache.maven.surefire.junit4.JUnit4Provider.execute(JUnit4Provider.java:365)
	at org.apache.maven.surefire.junit4.JUnit4Provider.executeWithRerun(JUnit4Provider.java:273)
	at org.apache.maven.surefire.junit4.JUnit4Provider.executeTestSet(JUnit4Provider.java:238)
	at org.apache.maven.surefire.junit4.JUnit4Provider.invoke(JUnit4Provider.java:159)
	at org.apache.maven.surefire.booter.ForkedBooter.invokeProviderInSameClassLoader(ForkedBooter.java:384)
	at org.apache.maven.surefire.booter.ForkedBooter.runSuitesInProcess(ForkedBooter.java:345)
	at org.apache.maven.surefire.booter.ForkedBooter.execute(ForkedBooter.java:126)
	at org.apache.maven.surefire.booter.ForkedBooter.main(ForkedBooter.java:418)
2019-09-19 13:57:45,198 [main] WARN  io.KeyOutputStream (KeyOutputStream.java:handleException(274)) - Encountered exception java.io.IOException: Unexpected Storage Container Exception: java.io.IOException: Unexpected Storage Container Exception: java.util.concurrent.TimeoutException on the pipeline Pipeline[ Id: a99f7013-c73f-434f-aaf0-6cf454a4e442, Nodes: ffe9ff16-6c36-4e32-891e-5d8f4d9c1a42{ip: 192.168.36.82, host: pr-hdds-2151-rkvw4-133030696, networkLocation: /default-rack, certSerialId: null}202307d0-0994-4a5f-bc69-095ec566398d{ip: 192.168.36.82, host: pr-hdds-2151-rkvw4-133030696, networkLocation: /default-rack, certSerialId: null}6c9a1640-e1f5-4cdf-82bf-56ab00cf4fe0{ip: 192.168.36.82, host: pr-hdds-2151-rkvw4-133030696, networkLocation: /default-rack, certSerialId: null}, Type:RATIS, Factor:THREE, State:OPEN]. The last committed block length is 0, uncommitted data length is 400 retry count 0
2019-09-19 13:57:45,219 [grpc-default-executor-2] INFO  client.GrpcClientProtocolClient (GrpcClientProtocolClient.java:onNext(264)) - client-8EEF11DC7EC7->1aff1733-57f6-45fc-9f0b-1426b548f5f7: receive RaftClientReply:client-8EEF11DC7EC7->1aff1733-57f6-45fc-9f0b-1426b548f5f7@group-D21D0AEC2A0D, cid=182, FAILED org.apache.ratis.protocol.NotLeaderException: Server 1aff1733-57f6-45fc-9f0b-1426b548f5f7@group-D21D0AEC2A0D is not the leader, logIndex=0, commits[1aff1733-57f6-45fc-9f0b-1426b548f5f7:c-1, de9a6245-bc05-4757-817d-214bc59448ea:c-1, b4030cb9-bb90-48fa-8940-2ba1da097595:c-1]
2019-09-19 13:57:45,608 [grpc-default-executor-2] INFO  client.GrpcClientProtocolClient (GrpcClientProtocolClient.java:onNext(264)) - client-0C9EC5673DC2->ffe9ff16-6c36-4e32-891e-5d8f4d9c1a42: receive RaftClientReply:client-0C9EC5673DC2->ffe9ff16-6c36-4e32-891e-5d8f4d9c1a42@group-6CF454A4E442, cid=181, SUCCESS, logIndex=0, commits[ffe9ff16-6c36-4e32-891e-5d8f4d9c1a42:c9, 202307d0-0994-4a5f-bc69-095ec566398d:c9, 6c9a1640-e1f5-4cdf-82bf-56ab00cf4fe0:c9]
2019-09-19 13:57:45,609 [grpc-default-executor-2] INFO  client.GrpcClientProtocolClient (GrpcClientProtocolClient.java:onNext(264)) - client-0C9EC5673DC2->ffe9ff16-6c36-4e32-891e-5d8f4d9c1a42: receive RaftClientReply:client-0C9EC5673DC2->ffe9ff16-6c36-4e32-891e-5d8f4d9c1a42@group-6CF454A4E442, cid=180, SUCCESS, logIndex=0, commits[ffe9ff16-6c36-4e32-891e-5d8f4d9c1a42:c9, 202307d0-0994-4a5f-bc69-095ec566398d:c9, 6c9a1640-e1f5-4cdf-82bf-56ab00cf4fe0:c9]
2019-09-19 13:57:46,234 [grpc-default-executor-2] INFO  client.GrpcClientProtocolClient (GrpcClientProtocolClient.java:onNext(264)) - client-8EEF11DC7EC7->b4030cb9-bb90-48fa-8940-2ba1da097595: receive RaftClientReply:client-8EEF11DC7EC7->b4030cb9-bb90-48fa-8940-2ba1da097595@group-D21D0AEC2A0D, cid=182, FAILED org.apache.ratis.protocol.NotLeaderException: Server b4030cb9-bb90-48fa-8940-2ba1da097595@group-D21D0AEC2A0D is not the leader, logIndex=0, commits[b4030cb9-bb90-48fa-8940-2ba1da097595:c-1, 1aff1733-57f6-45fc-9f0b-1426b548f5f7:c-1, de9a6245-bc05-4757-817d-214bc59448ea:c-1]
2019-09-19 13:57:47,244 [grpc-default-executor-8] INFO  client.GrpcClientProtocolClient (GrpcClientProtocolClient.java:onNext(264)) - client-8EEF11DC7EC7->1aff1733-57f6-45fc-9f0b-1426b548f5f7: receive RaftClientReply:client-8EEF11DC7EC7->1aff1733-57f6-45fc-9f0b-1426b548f5f7@group-D21D0AEC2A0D, cid=182, FAILED org.apache.ratis.protocol.NotLeaderException: Server 1aff1733-57f6-45fc-9f0b-1426b548f5f7@group-D21D0AEC2A0D is not the leader, logIndex=0, commits[1aff1733-57f6-45fc-9f0b-1426b548f5f7:c-1, de9a6245-bc05-4757-817d-214bc59448ea:c-1, b4030cb9-bb90-48fa-8940-2ba1da097595:c-1]
2019-09-19 13:57:47,909 [Thread-2952] INFO  impl.FollowerState (FollowerState.java:run(106)) - de9a6245-bc05-4757-817d-214bc59448ea:group-D21D0AEC2A0D changes to CANDIDATE, lastRpcTime:5048, electionTimeout:5043ms
2019-09-19 13:57:47,912 [Thread-2952] INFO  impl.RoleInfo (RoleInfo.java:shutdownFollowerState(121)) - de9a6245-bc05-4757-817d-214bc59448ea: shutdown FollowerState
2019-09-19 13:57:47,912 [Thread-2952] INFO  impl.RaftServerImpl (RaftServerImpl.java:setRole(174)) - de9a6245-bc05-4757-817d-214bc59448ea@group-D21D0AEC2A0D: changes role from  FOLLOWER to CANDIDATE at term 2 for changeToCandidate
2019-09-19 13:57:47,912 [Thread-2952] INFO  impl.RoleInfo (RoleInfo.java:updateAndGet(143)) - de9a6245-bc05-4757-817d-214bc59448ea: start LeaderElection
2019-09-19 13:57:47,929 [de9a6245-bc05-4757-817d-214bc59448ea@group-D21D0AEC2A0D:LeaderElection62] INFO  impl.LeaderElection (LeaderElection.java:askForVotes(182)) - de9a6245-bc05-4757-817d-214bc59448ea@group-D21D0AEC2A0D:LeaderElection62: begin an election at term 3 for -1: [1aff1733-57f6-45fc-9f0b-1426b548f5f7:192.168.36.82:39053, de9a6245-bc05-4757-817d-214bc59448ea:192.168.36.82:35305, b4030cb9-bb90-48fa-8940-2ba1da097595:192.168.36.82:39023], old=null
2019-09-19 13:57:47,934 [grpc-default-executor-8] INFO  impl.RaftServerImpl (RaftServerImpl.java:setRole(174)) - b4030cb9-bb90-48fa-8940-2ba1da097595@group-D21D0AEC2A0D: changes role from  FOLLOWER to FOLLOWER at term 3 for recognizeCandidate:de9a6245-bc05-4757-817d-214bc59448ea
2019-09-19 13:57:47,934 [grpc-default-executor-2] INFO  impl.RaftServerImpl (RaftServerImpl.java:setRole(174)) - 1aff1733-57f6-45fc-9f0b-1426b548f5f7@group-D21D0AEC2A0D: changes role from  FOLLOWER to FOLLOWER at term 3 for recognizeCandidate:de9a6245-bc05-4757-817d-214bc59448ea
2019-09-19 13:57:47,935 [grpc-default-executor-8] INFO  impl.RoleInfo (RoleInfo.java:shutdownFollowerState(121)) - b4030cb9-bb90-48fa-8940-2ba1da097595: shutdown FollowerState
2019-09-19 13:57:47,935 [grpc-default-executor-2] INFO  impl.RoleInfo (RoleInfo.java:shutdownFollowerState(121)) - 1aff1733-57f6-45fc-9f0b-1426b548f5f7: shutdown FollowerState
2019-09-19 13:57:47,935 [Thread-2964] INFO  impl.FollowerState (FollowerState.java:run(115)) - b4030cb9-bb90-48fa-8940-2ba1da097595: FollowerState was interrupted: java.lang.InterruptedException: sleep interrupted
2019-09-19 13:57:47,935 [grpc-default-executor-8] INFO  impl.RoleInfo (RoleInfo.java:updateAndGet(143)) - b4030cb9-bb90-48fa-8940-2ba1da097595: start FollowerState
2019-09-19 13:57:47,935 [Thread-2963] INFO  impl.FollowerState (FollowerState.java:run(115)) - 1aff1733-57f6-45fc-9f0b-1426b548f5f7: FollowerState was interrupted: java.lang.InterruptedException: sleep interrupted
2019-09-19 13:57:47,935 [grpc-default-executor-2] INFO  impl.RoleInfo (RoleInfo.java:updateAndGet(143)) - 1aff1733-57f6-45fc-9f0b-1426b548f5f7: start FollowerState
2019-09-19 13:57:47,956 [de9a6245-bc05-4757-817d-214bc59448ea@group-D21D0AEC2A0D:LeaderElection62] INFO  impl.LeaderElection (LeaderElection.java:logAndReturn(56)) - de9a6245-bc05-4757-817d-214bc59448ea@group-D21D0AEC2A0D:LeaderElection62: Election REJECTED; received 2 response(s) [de9a6245-bc05-4757-817d-214bc59448ea<-1aff1733-57f6-45fc-9f0b-1426b548f5f7#0:FAIL-t3, de9a6245-bc05-4757-817d-214bc59448ea<-b4030cb9-bb90-48fa-8940-2ba1da097595#0:FAIL-t3] and 0 exception(s); de9a6245-bc05-4757-817d-214bc59448ea@group-D21D0AEC2A0D:t3, leader=null, voted=de9a6245-bc05-4757-817d-214bc59448ea, raftlog=de9a6245-bc05-4757-817d-214bc59448ea@group-D21D0AEC2A0D-SegmentedRaftLog:OPENED:c-1,f-1,i0, conf=-1: [1aff1733-57f6-45fc-9f0b-1426b548f5f7:192.168.36.82:39053, de9a6245-bc05-4757-817d-214bc59448ea:192.168.36.82:35305, b4030cb9-bb90-48fa-8940-2ba1da097595:192.168.36.82:39023], old=null
2019-09-19 13:57:47,956 [de9a6245-bc05-4757-817d-214bc59448ea@group-D21D0AEC2A0D:LeaderElection62] INFO  impl.RaftServerImpl (RaftServerImpl.java:setRole(174)) - de9a6245-bc05-4757-817d-214bc59448ea@group-D21D0AEC2A0D: changes role from CANDIDATE to FOLLOWER at term 3 for DISCOVERED_A_NEW_TERM
2019-09-19 13:57:47,957 [de9a6245-bc05-4757-817d-214bc59448ea@group-D21D0AEC2A0D:LeaderElection62] INFO  impl.RoleInfo (RoleInfo.java:shutdownLeaderElection(134)) - de9a6245-bc05-4757-817d-214bc59448ea: shutdown LeaderElection
2019-09-19 13:57:47,957 [de9a6245-bc05-4757-817d-214bc59448ea@group-D21D0AEC2A0D:LeaderElection62] INFO  impl.RoleInfo (RoleInfo.java:updateAndGet(143)) - de9a6245-bc05-4757-817d-214bc59448ea: start FollowerState
2019-09-19 13:57:48,254 [grpc-default-executor-2] INFO  client.GrpcClientProtocolClient (GrpcClientProtocolClient.java:onNext(264)) - client-8EEF11DC7EC7->b4030cb9-bb90-48fa-8940-2ba1da097595: receive RaftClientReply:client-8EEF11DC7EC7->b4030cb9-bb90-48fa-8940-2ba1da097595@group-D21D0AEC2A0D, cid=182, FAILED org.apache.ratis.protocol.NotLeaderException: Server b4030cb9-bb90-48fa-8940-2ba1da097595@group-D21D0AEC2A0D is not the leader, logIndex=0, commits[b4030cb9-bb90-48fa-8940-2ba1da097595:c-1, 1aff1733-57f6-45fc-9f0b-1426b548f5f7:c-1, de9a6245-bc05-4757-817d-214bc59448ea:c-1]
2019-09-19 13:57:49,265 [grpc-default-executor-8] INFO  client.GrpcClientProtocolClient (GrpcClientProtocolClient.java:onNext(264)) - client-8EEF11DC7EC7->de9a6245-bc05-4757-817d-214bc59448ea: receive RaftClientReply:client-8EEF11DC7EC7->de9a6245-bc05-4757-817d-214bc59448ea@group-D21D0AEC2A0D, cid=182, FAILED org.apache.ratis.protocol.NotLeaderException: Server de9a6245-bc05-4757-817d-214bc59448ea@group-D21D0AEC2A0D is not the leader, logIndex=0, commits[de9a6245-bc05-4757-817d-214bc59448ea:c-1]
2019-09-19 13:57:50,274 [grpc-default-executor-8] INFO  client.GrpcClientProtocolClient (GrpcClientProtocolClient.java:onNext(264)) - client-8EEF11DC7EC7->b4030cb9-bb90-48fa-8940-2ba1da097595: receive RaftClientReply:client-8EEF11DC7EC7->b4030cb9-bb90-48fa-8940-2ba1da097595@group-D21D0AEC2A0D, cid=182, FAILED org.apache.ratis.protocol.NotLeaderException: Server b4030cb9-bb90-48fa-8940-2ba1da097595@group-D21D0AEC2A0D is not the leader, logIndex=0, commits[b4030cb9-bb90-48fa-8940-2ba1da097595:c-1, 1aff1733-57f6-45fc-9f0b-1426b548f5f7:c-1, de9a6245-bc05-4757-817d-214bc59448ea:c-1]
2019-09-19 13:57:51,296 [grpc-default-executor-2] INFO  client.GrpcClientProtocolClient (GrpcClientProtocolClient.java:onNext(264)) - client-8EEF11DC7EC7->de9a6245-bc05-4757-817d-214bc59448ea: receive RaftClientReply:client-8EEF11DC7EC7->de9a6245-bc05-4757-817d-214bc59448ea@group-D21D0AEC2A0D, cid=182, FAILED org.apache.ratis.protocol.NotLeaderException: Server de9a6245-bc05-4757-817d-214bc59448ea@group-D21D0AEC2A0D is not the leader, logIndex=0, commits[de9a6245-bc05-4757-817d-214bc59448ea:c-1]
2019-09-19 13:57:52,317 [grpc-default-executor-2] INFO  client.GrpcClientProtocolClient (GrpcClientProtocolClient.java:onNext(264)) - client-8EEF11DC7EC7->b4030cb9-bb90-48fa-8940-2ba1da097595: receive RaftClientReply:client-8EEF11DC7EC7->b4030cb9-bb90-48fa-8940-2ba1da097595@group-D21D0AEC2A0D, cid=182, FAILED org.apache.ratis.protocol.NotLeaderException: Server b4030cb9-bb90-48fa-8940-2ba1da097595@group-D21D0AEC2A0D is not the leader, logIndex=0, commits[b4030cb9-bb90-48fa-8940-2ba1da097595:c-1, 1aff1733-57f6-45fc-9f0b-1426b548f5f7:c-1, de9a6245-bc05-4757-817d-214bc59448ea:c-1]
2019-09-19 13:57:52,948 [Thread-3011] INFO  impl.FollowerState (FollowerState.java:run(106)) - b4030cb9-bb90-48fa-8940-2ba1da097595:group-D21D0AEC2A0D changes to CANDIDATE, lastRpcTime:5013, electionTimeout:5009ms
2019-09-19 13:57:52,957 [Thread-3011] INFO  impl.RoleInfo (RoleInfo.java:shutdownFollowerState(121)) - b4030cb9-bb90-48fa-8940-2ba1da097595: shutdown FollowerState
2019-09-19 13:57:52,957 [Thread-3011] INFO  impl.RaftServerImpl (RaftServerImpl.java:setRole(174)) - b4030cb9-bb90-48fa-8940-2ba1da097595@group-D21D0AEC2A0D: changes role from  FOLLOWER to CANDIDATE at term 3 for changeToCandidate
2019-09-19 13:57:52,958 [Thread-3011] INFO  impl.RoleInfo (RoleInfo.java:updateAndGet(143)) - b4030cb9-bb90-48fa-8940-2ba1da097595: start LeaderElection
2019-09-19 13:57:52,975 [b4030cb9-bb90-48fa-8940-2ba1da097595@group-D21D0AEC2A0D:LeaderElection63] INFO  impl.LeaderElection (LeaderElection.java:askForVotes(182)) - b4030cb9-bb90-48fa-8940-2ba1da097595@group-D21D0AEC2A0D:LeaderElection63: begin an election at term 4 for 0: [1aff1733-57f6-45fc-9f0b-1426b548f5f7:192.168.36.82:39053, de9a6245-bc05-4757-817d-214bc59448ea:192.168.36.82:35305, b4030cb9-bb90-48fa-8940-2ba1da097595:192.168.36.82:39023], old=null
2019-09-19 13:57:52,983 [grpc-default-executor-2] INFO  impl.RaftServerImpl (RaftServerImpl.java:setRole(174)) - 1aff1733-57f6-45fc-9f0b-1426b548f5f7@group-D21D0AEC2A0D: changes role from  FOLLOWER to FOLLOWER at term 4 for recognizeCandidate:b4030cb9-bb90-48fa-8940-2ba1da097595
2019-09-19 13:57:52,983 [grpc-default-executor-8] INFO  impl.RaftServerImpl (RaftServerImpl.java:setRole(174)) - de9a6245-bc05-4757-817d-214bc59448ea@group-D21D0AEC2A0D: changes role from  FOLLOWER to FOLLOWER at term 4 for recognizeCandidate:b4030cb9-bb90-48fa-8940-2ba1da097595
2019-09-19 13:57:52,983 [grpc-default-executor-2] INFO  impl.RoleInfo (RoleInfo.java:shutdownFollowerState(121)) - 1aff1733-57f6-45fc-9f0b-1426b548f5f7: shutdown FollowerState
2019-09-19 13:57:52,983 [grpc-default-executor-8] INFO  impl.RoleInfo (RoleInfo.java:shutdownFollowerState(121)) - de9a6245-bc05-4757-817d-214bc59448ea: shutdown FollowerState
2019-09-19 13:57:52,983 [grpc-default-executor-2] INFO  impl.RoleInfo (RoleInfo.java:updateAndGet(143)) - 1aff1733-57f6-45fc-9f0b-1426b548f5f7: start FollowerState
2019-09-19 13:57:52,984 [Thread-3013] INFO  impl.FollowerState (FollowerState.java:run(115)) - de9a6245-bc05-4757-817d-214bc59448ea: FollowerState was interrupted: java.lang.InterruptedException: sleep interrupted
2019-09-19 13:57:52,983 [Thread-3012] INFO  impl.FollowerState (FollowerState.java:run(115)) - 1aff1733-57f6-45fc-9f0b-1426b548f5f7: FollowerState was interrupted: java.lang.InterruptedException: sleep interrupted
2019-09-19 13:57:52,983 [grpc-default-executor-8] INFO  impl.RoleInfo (RoleInfo.java:updateAndGet(143)) - de9a6245-bc05-4757-817d-214bc59448ea: start FollowerState
2019-09-19 13:57:53,019 [b4030cb9-bb90-48fa-8940-2ba1da097595@group-D21D0AEC2A0D:LeaderElection63] INFO  impl.LeaderElection (LeaderElection.java:logAndReturn(56)) - b4030cb9-bb90-48fa-8940-2ba1da097595@group-D21D0AEC2A0D:LeaderElection63: Election PASSED; received 1 response(s) [b4030cb9-bb90-48fa-8940-2ba1da097595<-de9a6245-bc05-4757-817d-214bc59448ea#0:OK-t4] and 0 exception(s); b4030cb9-bb90-48fa-8940-2ba1da097595@group-D21D0AEC2A0D:t4, leader=null, voted=b4030cb9-bb90-48fa-8940-2ba1da097595, raftlog=b4030cb9-bb90-48fa-8940-2ba1da097595@group-D21D0AEC2A0D-SegmentedRaftLog:OPENED:c-1,f0,i0, conf=0: [1aff1733-57f6-45fc-9f0b-1426b548f5f7:192.168.36.82:39053, de9a6245-bc05-4757-817d-214bc59448ea:192.168.36.82:35305, b4030cb9-bb90-48fa-8940-2ba1da097595:192.168.36.82:39023], old=null
2019-09-19 13:57:53,020 [b4030cb9-bb90-48fa-8940-2ba1da097595@group-D21D0AEC2A0D:LeaderElection63] INFO  impl.RoleInfo (RoleInfo.java:shutdownLeaderElection(134)) - b4030cb9-bb90-48fa-8940-2ba1da097595: shutdown LeaderElection
2019-09-19 13:57:53,020 [b4030cb9-bb90-48fa-8940-2ba1da097595@group-D21D0AEC2A0D:LeaderElection63] INFO  impl.RaftServerImpl (RaftServerImpl.java:setRole(174)) - b4030cb9-bb90-48fa-8940-2ba1da097595@group-D21D0AEC2A0D: changes role from CANDIDATE to LEADER at term 4 for changeToLeader
2019-09-19 13:57:53,020 [b4030cb9-bb90-48fa-8940-2ba1da097595@group-D21D0AEC2A0D:LeaderElection63] INFO  impl.RaftServerImpl (ServerState.java:setLeader(253)) - b4030cb9-bb90-48fa-8940-2ba1da097595@group-D21D0AEC2A0D: change Leader from null to b4030cb9-bb90-48fa-8940-2ba1da097595 at term 4 for becomeLeader, leader elected after 10017ms
2019-09-19 13:57:53,020 [b4030cb9-bb90-48fa-8940-2ba1da097595@group-D21D0AEC2A0D:LeaderElection63] INFO  server.RaftServerConfigKeys (ConfUtils.java:logGet(43)) - raft.server.staging.catchup.gap = 1000 (default)
2019-09-19 13:57:53,021 [b4030cb9-bb90-48fa-8940-2ba1da097595@group-D21D0AEC2A0D:LeaderElection63] INFO  server.RaftServerConfigKeys (ConfUtils.java:logGet(43)) - raft.server.rpc.sleep.time = 25ms (default)
2019-09-19 13:57:53,021 [b4030cb9-bb90-48fa-8940-2ba1da097595@group-D21D0AEC2A0D:LeaderElection63] INFO  server.RaftServerConfigKeys (ConfUtils.java:logGet(43)) - raft.server.write.element-limit = 4096 (default)
2019-09-19 13:57:53,021 [b4030cb9-bb90-48fa-8940-2ba1da097595@group-D21D0AEC2A0D:LeaderElection63] INFO  server.RaftServerConfigKeys (ConfUtils.java:logGet(43)) - raft.server.watch.timeout = 10s (default)
2019-09-19 13:57:53,021 [b4030cb9-bb90-48fa-8940-2ba1da097595@group-D21D0AEC2A0D:LeaderElection63] INFO  server.RaftServerConfigKeys (ConfUtils.java:logGet(43)) - raft.server.watch.timeout.denomination = 1s (default)
2019-09-19 13:57:53,021 [b4030cb9-bb90-48fa-8940-2ba1da097595@group-D21D0AEC2A0D:LeaderElection63] INFO  server.RaftServerConfigKeys (ConfUtils.java:logGet(43)) - raft.server.watch.element-limit = 65536 (default)
2019-09-19 13:57:53,024 [b4030cb9-bb90-48fa-8940-2ba1da097595@group-D21D0AEC2A0D:LeaderElection63] INFO  server.RaftServerConfigKeys (ConfUtils.java:logGet(43)) - raft.server.log.appender.snapshot.chunk.size.max = 16MB (=16777216) (default)
2019-09-19 13:57:53,025 [b4030cb9-bb90-48fa-8940-2ba1da097595@group-D21D0AEC2A0D:LeaderElection63] INFO  server.RaftServerConfigKeys (ConfUtils.java:logGet(43)) - raft.server.log.appender.buffer.byte-limit = 33554432 (custom)
2019-09-19 13:57:53,025 [b4030cb9-bb90-48fa-8940-2ba1da097595@group-D21D0AEC2A0D:LeaderElection63] INFO  server.RaftServerConfigKeys (ConfUtils.java:logGet(43)) - raft.server.log.appender.buffer.element-limit = 1 (custom)
2019-09-19 13:57:53,025 [b4030cb9-bb90-48fa-8940-2ba1da097595@group-D21D0AEC2A0D:LeaderElection63] INFO  grpc.GrpcConfigKeys$Server (ConfUtils.java:logGet(43)) - raft.grpc.server.leader.outstanding.appends.max = 128 (default)
2019-09-19 13:57:53,025 [b4030cb9-bb90-48fa-8940-2ba1da097595@group-D21D0AEC2A0D:LeaderElection63] INFO  server.RaftServerConfigKeys (ConfUtils.java:logGet(43)) - raft.server.rpc.request.timeout = 3000ms (default)
2019-09-19 13:57:53,026 [b4030cb9-bb90-48fa-8940-2ba1da097595@group-D21D0AEC2A0D:LeaderElection63] INFO  server.RaftServerConfigKeys (ConfUtils.java:logGet(43)) - raft.server.log.appender.install.snapshot.enabled = false (custom)
2019-09-19 13:57:53,026 [b4030cb9-bb90-48fa-8940-2ba1da097595@group-D21D0AEC2A0D:LeaderElection63] INFO  server.RaftServerConfigKeys (ConfUtils.java:logGet(43)) - raft.server.log.appender.snapshot.chunk.size.max = 16MB (=16777216) (default)
2019-09-19 13:57:53,026 [b4030cb9-bb90-48fa-8940-2ba1da097595@group-D21D0AEC2A0D:LeaderElection63] INFO  server.RaftServerConfigKeys (ConfUtils.java:logGet(43)) - raft.server.log.appender.buffer.byte-limit = 33554432 (custom)
2019-09-19 13:57:53,026 [b4030cb9-bb90-48fa-8940-2ba1da097595@group-D21D0AEC2A0D:LeaderElection63] INFO  server.RaftServerConfigKeys (ConfUtils.java:logGet(43)) - raft.server.log.appender.buffer.element-limit = 1 (custom)
2019-09-19 13:57:53,026 [b4030cb9-bb90-48fa-8940-2ba1da097595@group-D21D0AEC2A0D:LeaderElection63] INFO  grpc.GrpcConfigKeys$Server (ConfUtils.java:logGet(43)) - raft.grpc.server.leader.outstanding.appends.max = 128 (default)
2019-09-19 13:57:53,026 [b4030cb9-bb90-48fa-8940-2ba1da097595@group-D21D0AEC2A0D:LeaderElection63] INFO  server.RaftServerConfigKeys (ConfUtils.java:logGet(43)) - raft.server.rpc.request.timeout = 3000ms (default)
2019-09-19 13:57:53,026 [b4030cb9-bb90-48fa-8940-2ba1da097595@group-D21D0AEC2A0D:LeaderElection63] INFO  server.RaftServerConfigKeys (ConfUtils.java:logGet(43)) - raft.server.log.appender.install.snapshot.enabled = false (custom)
2019-09-19 13:57:53,027 [b4030cb9-bb90-48fa-8940-2ba1da097595@group-D21D0AEC2A0D:LeaderElection63] INFO  impl.RoleInfo (RoleInfo.java:updateAndGet(143)) - b4030cb9-bb90-48fa-8940-2ba1da097595: start LeaderState
2019-09-19 13:57:53,027 [b4030cb9-bb90-48fa-8940-2ba1da097595@group-D21D0AEC2A0D:LeaderElection63] INFO  segmented.SegmentedRaftLogWorker (SegmentedRaftLogWorker.java:rollLogSegment(385)) - b4030cb9-bb90-48fa-8940-2ba1da097595@group-D21D0AEC2A0D-SegmentedRaftLogWorker: Rolling segment log-0_0 to index:0
2019-09-19 13:57:53,028 [b4030cb9-bb90-48fa-8940-2ba1da097595@group-D21D0AEC2A0D:LeaderElection63] INFO  impl.RaftServerImpl (ServerState.java:setRaftConf(354)) - b4030cb9-bb90-48fa-8940-2ba1da097595@group-D21D0AEC2A0D: set configuration 1: [1aff1733-57f6-45fc-9f0b-1426b548f5f7:192.168.36.82:39053, de9a6245-bc05-4757-817d-214bc59448ea:192.168.36.82:35305, b4030cb9-bb90-48fa-8940-2ba1da097595:192.168.36.82:39023], old=null at 1
2019-09-19 13:57:53,028 [b4030cb9-bb90-48fa-8940-2ba1da097595@group-D21D0AEC2A0D-SegmentedRaftLogWorker] INFO  segmented.SegmentedRaftLogWorker (SegmentedRaftLogWorker.java:execute(526)) - b4030cb9-bb90-48fa-8940-2ba1da097595@group-D21D0AEC2A0D-SegmentedRaftLogWorker: Rolled log segment from /workdir/hadoop-ozone/integration-test/target/test-dir/MiniOzoneClusterImpl-dd3eabca-da74-4633-9d56-ab06f731d67f/datanode-3/data/ratis/6c2d9b7b-cc54-4ebc-bac6-d21d0aec2a0d/current/log_inprogress_0 to /workdir/hadoop-ozone/integration-test/target/test-dir/MiniOzoneClusterImpl-dd3eabca-da74-4633-9d56-ab06f731d67f/datanode-3/data/ratis/6c2d9b7b-cc54-4ebc-bac6-d21d0aec2a0d/current/log_0-0
2019-09-19 13:57:53,033 [grpc-default-executor-2] INFO  impl.RaftServerImpl (ServerState.java:setLeader(253)) - 1aff1733-57f6-45fc-9f0b-1426b548f5f7@group-D21D0AEC2A0D: change Leader from null to b4030cb9-bb90-48fa-8940-2ba1da097595 at term 4 for appendEntries, leader elected after 10091ms
2019-09-19 13:57:53,033 [grpc-default-executor-1] INFO  impl.RaftServerImpl (ServerState.java:setLeader(253)) - de9a6245-bc05-4757-817d-214bc59448ea@group-D21D0AEC2A0D: change Leader from null to b4030cb9-bb90-48fa-8940-2ba1da097595 at term 4 for appendEntries, leader elected after 15407ms
2019-09-19 13:57:53,067 [grpc-default-executor-1] INFO  impl.RaftServerImpl (RaftServerImpl.java:checkInconsistentAppendEntries(1003)) - de9a6245-bc05-4757-817d-214bc59448ea@group-D21D0AEC2A0D: Failed appendEntries as previous log entry ((t:1, i:0)) is not found
2019-09-19 13:57:53,067 [grpc-default-executor-1] INFO  impl.RaftServerImpl (RaftServerImpl.java:checkInconsistentAppendEntries(976)) - de9a6245-bc05-4757-817d-214bc59448ea@group-D21D0AEC2A0D: inconsistency entries. Reply:b4030cb9-bb90-48fa-8940-2ba1da097595<-de9a6245-bc05-4757-817d-214bc59448ea#0:FAIL,INCONSISTENCY,nextIndex:0,term:4,followerCommit:-1
2019-09-19 13:57:53,070 [grpc-default-executor-2] INFO  impl.RaftServerImpl (ServerState.java:setRaftConf(354)) - 1aff1733-57f6-45fc-9f0b-1426b548f5f7@group-D21D0AEC2A0D: set configuration 1: [1aff1733-57f6-45fc-9f0b-1426b548f5f7:192.168.36.82:39053, de9a6245-bc05-4757-817d-214bc59448ea:192.168.36.82:35305, b4030cb9-bb90-48fa-8940-2ba1da097595:192.168.36.82:39023], old=null at 1
2019-09-19 13:57:53,070 [grpc-default-executor-2] INFO  segmented.SegmentedRaftLogWorker (SegmentedRaftLogWorker.java:rollLogSegment(385)) - 1aff1733-57f6-45fc-9f0b-1426b548f5f7@group-D21D0AEC2A0D-SegmentedRaftLogWorker: Rolling segment log-0_0 to index:0
2019-09-19 13:57:53,071 [1aff1733-57f6-45fc-9f0b-1426b548f5f7@group-D21D0AEC2A0D-SegmentedRaftLogWorker] INFO  segmented.SegmentedRaftLogWorker (SegmentedRaftLogWorker.java:execute(526)) - 1aff1733-57f6-45fc-9f0b-1426b548f5f7@group-D21D0AEC2A0D-SegmentedRaftLogWorker: Rolled log segment from /workdir/hadoop-ozone/integration-test/target/test-dir/MiniOzoneClusterImpl-dd3eabca-da74-4633-9d56-ab06f731d67f/datanode-5/data/ratis/6c2d9b7b-cc54-4ebc-bac6-d21d0aec2a0d/current/log_inprogress_0 to /workdir/hadoop-ozone/integration-test/target/test-dir/MiniOzoneClusterImpl-dd3eabca-da74-4633-9d56-ab06f731d67f/datanode-5/data/ratis/6c2d9b7b-cc54-4ebc-bac6-d21d0aec2a0d/current/log_0-0
2019-09-19 13:57:53,073 [grpc-default-executor-2] INFO  impl.FollowerInfo (FollowerInfo.java:lambda$new$0(51)) - b4030cb9-bb90-48fa-8940-2ba1da097595@group-D21D0AEC2A0D->de9a6245-bc05-4757-817d-214bc59448ea: nextIndex: updateUnconditionally 1 -> 0
2019-09-19 13:57:53,074 [grpc-default-executor-2] INFO  impl.RaftServerImpl (ServerState.java:setRaftConf(354)) - de9a6245-bc05-4757-817d-214bc59448ea@group-D21D0AEC2A0D: set configuration 0: [1aff1733-57f6-45fc-9f0b-1426b548f5f7:192.168.36.82:39053, de9a6245-bc05-4757-817d-214bc59448ea:192.168.36.82:35305, b4030cb9-bb90-48fa-8940-2ba1da097595:192.168.36.82:39023], old=null at 0
2019-09-19 13:57:53,075 [grpc-default-executor-2] INFO  segmented.SegmentedRaftLogWorker (SegmentedRaftLogWorker.java:startLogSegment(380)) - de9a6245-bc05-4757-817d-214bc59448ea@group-D21D0AEC2A0D-SegmentedRaftLogWorker: Starting segment from index:0
2019-09-19 13:57:53,075 [grpc-default-executor-2] INFO  impl.RaftServerImpl (ServerState.java:setRaftConf(354)) - de9a6245-bc05-4757-817d-214bc59448ea@group-D21D0AEC2A0D: set configuration 1: [1aff1733-57f6-45fc-9f0b-1426b548f5f7:192.168.36.82:39053, de9a6245-bc05-4757-817d-214bc59448ea:192.168.36.82:35305, b4030cb9-bb90-48fa-8940-2ba1da097595:192.168.36.82:39023], old=null at 1
2019-09-19 13:57:53,075 [grpc-default-executor-2] INFO  segmented.SegmentedRaftLogWorker (SegmentedRaftLogWorker.java:rollLogSegment(385)) - de9a6245-bc05-4757-817d-214bc59448ea@group-D21D0AEC2A0D-SegmentedRaftLogWorker: Rolling segment log-0_0 to index:0
2019-09-19 13:57:53,092 [b4030cb9-bb90-48fa-8940-2ba1da097595@group-D21D0AEC2A0D-SegmentedRaftLogWorker] INFO  segmented.SegmentedRaftLogWorker (SegmentedRaftLogWorker.java:execute(569)) - b4030cb9-bb90-48fa-8940-2ba1da097595@group-D21D0AEC2A0D-SegmentedRaftLogWorker: created new log segment /workdir/hadoop-ozone/integration-test/target/test-dir/MiniOzoneClusterImpl-dd3eabca-da74-4633-9d56-ab06f731d67f/datanode-3/data/ratis/6c2d9b7b-cc54-4ebc-bac6-d21d0aec2a0d/current/log_inprogress_1
2019-09-19 13:57:53,124 [1aff1733-57f6-45fc-9f0b-1426b548f5f7@group-D21D0AEC2A0D-SegmentedRaftLogWorker] INFO  segmented.SegmentedRaftLogWorker (SegmentedRaftLogWorker.java:execute(569)) - 1aff1733-57f6-45fc-9f0b-1426b548f5f7@group-D21D0AEC2A0D-SegmentedRaftLogWorker: created new log segment /workdir/hadoop-ozone/integration-test/target/test-dir/MiniOzoneClusterImpl-dd3eabca-da74-4633-9d56-ab06f731d67f/datanode-5/data/ratis/6c2d9b7b-cc54-4ebc-bac6-d21d0aec2a0d/current/log_inprogress_1
2019-09-19 13:57:53,124 [de9a6245-bc05-4757-817d-214bc59448ea@group-D21D0AEC2A0D-SegmentedRaftLogWorker] INFO  segmented.SegmentedRaftLogWorker (SegmentedRaftLogWorker.java:execute(569)) - de9a6245-bc05-4757-817d-214bc59448ea@group-D21D0AEC2A0D-SegmentedRaftLogWorker: created new log segment /workdir/hadoop-ozone/integration-test/target/test-dir/MiniOzoneClusterImpl-dd3eabca-da74-4633-9d56-ab06f731d67f/datanode-4/data/ratis/6c2d9b7b-cc54-4ebc-bac6-d21d0aec2a0d/current/log_inprogress_0
2019-09-19 13:57:53,128 [de9a6245-bc05-4757-817d-214bc59448ea@group-D21D0AEC2A0D-SegmentedRaftLogWorker] INFO  segmented.SegmentedRaftLogWorker (SegmentedRaftLogWorker.java:execute(526)) - de9a6245-bc05-4757-817d-214bc59448ea@group-D21D0AEC2A0D-SegmentedRaftLogWorker: Rolled log segment from /workdir/hadoop-ozone/integration-test/target/test-dir/MiniOzoneClusterImpl-dd3eabca-da74-4633-9d56-ab06f731d67f/datanode-4/data/ratis/6c2d9b7b-cc54-4ebc-bac6-d21d0aec2a0d/current/log_inprogress_0 to /workdir/hadoop-ozone/integration-test/target/test-dir/MiniOzoneClusterImpl-dd3eabca-da74-4633-9d56-ab06f731d67f/datanode-4/data/ratis/6c2d9b7b-cc54-4ebc-bac6-d21d0aec2a0d/current/log_0-0
2019-09-19 13:57:53,185 [de9a6245-bc05-4757-817d-214bc59448ea@group-D21D0AEC2A0D-SegmentedRaftLogWorker] INFO  segmented.SegmentedRaftLogWorker (SegmentedRaftLogWorker.java:execute(569)) - de9a6245-bc05-4757-817d-214bc59448ea@group-D21D0AEC2A0D-SegmentedRaftLogWorker: created new log segment /workdir/hadoop-ozone/integration-test/target/test-dir/MiniOzoneClusterImpl-dd3eabca-da74-4633-9d56-ab06f731d67f/datanode-4/data/ratis/6c2d9b7b-cc54-4ebc-bac6-d21d0aec2a0d/current/log_inprogress_1
2019-09-19 13:57:53,334 [grpc-default-executor-2] INFO  client.GrpcClientProtocolClient (GrpcClientProtocolClient.java:onNext(264)) - client-8EEF11DC7EC7->de9a6245-bc05-4757-817d-214bc59448ea: receive RaftClientReply:client-8EEF11DC7EC7->de9a6245-bc05-4757-817d-214bc59448ea@group-D21D0AEC2A0D, cid=182, FAILED org.apache.ratis.protocol.NotLeaderException: Server de9a6245-bc05-4757-817d-214bc59448ea@group-D21D0AEC2A0D is not the leader b4030cb9-bb90-48fa-8940-2ba1da097595:192.168.36.82:39023, logIndex=0, commits[de9a6245-bc05-4757-817d-214bc59448ea:c1, 1aff1733-57f6-45fc-9f0b-1426b548f5f7:c-1, b4030cb9-bb90-48fa-8940-2ba1da097595:c1]
2019-09-19 13:57:53,529 [grpc-default-executor-2] INFO  client.GrpcClientProtocolClient (GrpcClientProtocolClient.java:onNext(264)) - client-8EEF11DC7EC7->b4030cb9-bb90-48fa-8940-2ba1da097595: receive RaftClientReply:client-8EEF11DC7EC7->b4030cb9-bb90-48fa-8940-2ba1da097595@group-D21D0AEC2A0D, cid=182, SUCCESS, logIndex=3, commits[b4030cb9-bb90-48fa-8940-2ba1da097595:c3, 1aff1733-57f6-45fc-9f0b-1426b548f5f7:c2, de9a6245-bc05-4757-817d-214bc59448ea:c2]
2019-09-19 13:57:53,553 [grpc-default-executor-1] INFO  client.GrpcClientProtocolClient (GrpcClientProtocolClient.java:onNext(264)) - client-8EEF11DC7EC7->b4030cb9-bb90-48fa-8940-2ba1da097595: receive RaftClientReply:client-8EEF11DC7EC7->b4030cb9-bb90-48fa-8940-2ba1da097595@group-D21D0AEC2A0D, cid=183, SUCCESS, logIndex=5, commits[b4030cb9-bb90-48fa-8940-2ba1da097595:c5, 1aff1733-57f6-45fc-9f0b-1426b548f5f7:c3, de9a6245-bc05-4757-817d-214bc59448ea:c3]
2019-09-19 13:57:53,632 [grpc-default-executor-8] INFO  client.GrpcClientProtocolClient (GrpcClientProtocolClient.java:onNext(264)) - client-8EEF11DC7EC7->b4030cb9-bb90-48fa-8940-2ba1da097595: receive RaftClientReply:client-8EEF11DC7EC7->b4030cb9-bb90-48fa-8940-2ba1da097595@group-D21D0AEC2A0D, cid=184, SUCCESS, logIndex=6, commits[b4030cb9-bb90-48fa-8940-2ba1da097595:c14, 1aff1733-57f6-45fc-9f0b-1426b548f5f7:c9, de9a6245-bc05-4757-817d-214bc59448ea:c10]
2019-09-19 13:57:53,635 [grpc-default-executor-8] INFO  client.GrpcClientProtocolClient (GrpcClientProtocolClient.java:onNext(264)) - client-8EEF11DC7EC7->b4030cb9-bb90-48fa-8940-2ba1da097595: receive RaftClientReply:client-8EEF11DC7EC7->b4030cb9-bb90-48fa-8940-2ba1da097595@group-D21D0AEC2A0D, cid=185, SUCCESS, logIndex=7, commits[b4030cb9-bb90-48fa-8940-2ba1da097595:c14, 1aff1733-57f6-45fc-9f0b-1426b548f5f7:c9, de9a6245-bc05-4757-817d-214bc59448ea:c10]
2019-09-19 13:57:53,636 [grpc-default-executor-8] INFO  client.GrpcClientProtocolClient (GrpcClientProtocolClient.java:onNext(264)) - client-8EEF11DC7EC7->b4030cb9-bb90-48fa-8940-2ba1da097595: receive RaftClientReply:client-8EEF11DC7EC7->b4030cb9-bb90-48fa-8940-2ba1da097595@group-D21D0AEC2A0D, cid=186, SUCCESS, logIndex=8, commits[b4030cb9-bb90-48fa-8940-2ba1da097595:c14, 1aff1733-57f6-45fc-9f0b-1426b548f5f7:c9, de9a6245-bc05-4757-817d-214bc59448ea:c10]
2019-09-19 13:57:53,803 [grpc-default-executor-8] INFO  client.GrpcClientProtocolClient (GrpcClientProtocolClient.java:onNext(264)) - client-8EEF11DC7EC7->b4030cb9-bb90-48fa-8940-2ba1da097595: receive RaftClientReply:client-8EEF11DC7EC7->b4030cb9-bb90-48fa-8940-2ba1da097595@group-D21D0AEC2A0D, cid=187, SUCCESS, logIndex=9, commits[b4030cb9-bb90-48fa-8940-2ba1da097595:c14, 1aff1733-57f6-45fc-9f0b-1426b548f5f7:c9, de9a6245-bc05-4757-817d-214bc59448ea:c10]
2019-09-19 13:57:53,805 [main] INFO  ozone.MiniOzoneClusterImpl (MiniOzoneClusterImpl.java:shutdown(312)) - Shutting down the Mini Ozone Cluster
2019-09-19 13:57:53,805 [main] INFO  ozone.MiniOzoneClusterImpl (MiniOzoneClusterImpl.java:stop(327)) - Stopping the Mini Ozone Cluster
2019-09-19 13:57:53,805 [main] INFO  ozone.MiniOzoneClusterImpl (MiniOzoneClusterImpl.java:stop(329)) - Stopping the OzoneManager
2019-09-19 13:57:53,806 [main] INFO  ipc.Server (Server.java:stop(3082)) - Stopping server on 45357
2019-09-19 13:57:53,828 [IPC Server listener on 45357] INFO  ipc.Server (Server.java:run(1185)) - Stopping IPC Server listener on 45357
2019-09-19 13:57:53,834 [main] INFO  ratis.OzoneManagerDoubleBuffer (OzoneManagerDoubleBuffer.java:stop(248)) - Stopping OMDoubleBuffer flush thread
2019-09-19 13:57:53,834 [IPC Server Responder] INFO  ipc.Server (Server.java:run(1319)) - Stopping IPC Server Responder
2019-09-19 13:57:53,840 [OMDoubleBufferFlushThread] INFO  ratis.OzoneManagerDoubleBuffer (OzoneManagerDoubleBuffer.java:flushTransactions(191)) - OMDoubleBuffer flush thread OMDoubleBufferFlushThread is interrupted and will exit. OMDoubleBufferFlushThread
2019-09-19 13:57:53,848 [main] INFO  utils.BackgroundService (BackgroundService.java:shutdown(148)) - Shutting down service KeyDeletingService
2019-09-19 13:57:53,865 [main] INFO  handler.ContextHandler (ContextHandler.java:doStop(910)) - Stopped o.e.j.w.WebAppContext@7a66c35a{/,null,UNAVAILABLE}{/ozoneManager}
2019-09-19 13:57:53,866 [main] INFO  server.AbstractConnector (AbstractConnector.java:doStop(318)) - Stopped ServerConnector@7994a0d1{HTTP/1.1,[http/1.1]}{0.0.0.0:0}
2019-09-19 13:57:53,866 [main] INFO  handler.ContextHandler (ContextHandler.java:doStop(910)) - Stopped o.e.j.s.ServletContextHandler@7739aac4{/static,file:///workdir/hadoop-ozone/integration-test/target/test-classes/webapps/static,UNAVAILABLE}
2019-09-19 13:57:53,867 [main] INFO  handler.ContextHandler (ContextHandler.java:doStop(910)) - Stopped o.e.j.s.ServletContextHandler@5a7b309b{/logs,file:///workdir/hadoop-ozone/integration-test/target/log,UNAVAILABLE}
2019-09-19 13:57:53,869 [main] INFO  ozone.MiniOzoneClusterImpl (MiniOzoneClusterImpl.java:stop(335)) - Shutting the HddsDatanodes
2019-09-19 13:57:54,067 [Datanode State Machine Thread - 0] INFO  statemachine.DatanodeStateMachine (DatanodeStateMachine.java:lambda$startDaemon$0(350)) - Ozone container server started.
2019-09-19 13:57:54,507 [Datanode State Machine Thread - 0] INFO  statemachine.DatanodeStateMachine (DatanodeStateMachine.java:lambda$startDaemon$0(350)) - Ozone container server started.
2019-09-19 13:57:58,119 [EventQueue-StaleNodeForStaleNodeHandler] INFO  node.StaleNodeHandler (StaleNodeHandler.java:onMessage(58)) - Datanode 6c9a1640-e1f5-4cdf-82bf-56ab00cf4fe0{ip: 192.168.36.82, host: pr-hdds-2151-rkvw4-133030696, networkLocation: /default-rack, certSerialId: null} moved to stale state. Finalizing its pipelines [PipelineID=a99f7013-c73f-434f-aaf0-6cf454a4e442, PipelineID=d272da47-523e-411c-867b-fca4ef7293e5]
2019-09-19 13:57:58,121 [EventQueue-StaleNodeForStaleNodeHandler] INFO  pipeline.SCMPipelineManager (SCMPipelineManager.java:finalizeAndDestroyPipeline(311)) - destroying pipeline:Pipeline[ Id: a99f7013-c73f-434f-aaf0-6cf454a4e442, Nodes: ffe9ff16-6c36-4e32-891e-5d8f4d9c1a42{ip: 192.168.36.82, host: pr-hdds-2151-rkvw4-133030696, networkLocation: /default-rack, certSerialId: null}202307d0-0994-4a5f-bc69-095ec566398d{ip: 192.168.36.82, host: pr-hdds-2151-rkvw4-133030696, networkLocation: /default-rack, certSerialId: null}6c9a1640-e1f5-4cdf-82bf-56ab00cf4fe0{ip: 192.168.36.82, host: pr-hdds-2151-rkvw4-133030696, networkLocation: /default-rack, certSerialId: null}, Type:RATIS, Factor:THREE, State:OPEN]
2019-09-19 13:57:58,121 [EventQueue-StaleNodeForStaleNodeHandler] INFO  pipeline.PipelineStateManager (PipelineStateManager.java:finalizePipeline(123)) - Pipeline Pipeline[ Id: a99f7013-c73f-434f-aaf0-6cf454a4e442, Nodes: ffe9ff16-6c36-4e32-891e-5d8f4d9c1a42{ip: 192.168.36.82, host: pr-hdds-2151-rkvw4-133030696, networkLocation: /default-rack, certSerialId: null}202307d0-0994-4a5f-bc69-095ec566398d{ip: 192.168.36.82, host: pr-hdds-2151-rkvw4-133030696, networkLocation: /default-rack, certSerialId: null}6c9a1640-e1f5-4cdf-82bf-56ab00cf4fe0{ip: 192.168.36.82, host: pr-hdds-2151-rkvw4-133030696, networkLocation: /default-rack, certSerialId: null}, Type:RATIS, Factor:THREE, State:CLOSED] moved to CLOSED state
2019-09-19 13:57:58,122 [EventQueue-CloseContainerForCloseContainerEventHandler] INFO  container.CloseContainerEventHandler (CloseContainerEventHandler.java:onMessage(61)) - Close container Event triggered for container : #1
2019-09-19 13:57:58,129 [EventQueue-StaleNodeForStaleNodeHandler] INFO  pipeline.SCMPipelineManager (SCMPipelineManager.java:finalizeAndDestroyPipeline(311)) - destroying pipeline:Pipeline[ Id: d272da47-523e-411c-867b-fca4ef7293e5, Nodes: 6c9a1640-e1f5-4cdf-82bf-56ab00cf4fe0{ip: 192.168.36.82, host: pr-hdds-2151-rkvw4-133030696, networkLocation: /default-rack, certSerialId: null}, Type:RATIS, Factor:ONE, State:OPEN]
2019-09-19 13:57:58,130 [EventQueue-StaleNodeForStaleNodeHandler] INFO  pipeline.PipelineStateManager (PipelineStateManager.java:finalizePipeline(123)) - Pipeline Pipeline[ Id: d272da47-523e-411c-867b-fca4ef7293e5, Nodes: 6c9a1640-e1f5-4cdf-82bf-56ab00cf4fe0{ip: 192.168.36.82, host: pr-hdds-2151-rkvw4-133030696, networkLocation: /default-rack, certSerialId: null}, Type:RATIS, Factor:ONE, State:CLOSED] moved to CLOSED state
2019-09-19 13:57:58,520 [EventQueue-StaleNodeForStaleNodeHandler] INFO  node.StaleNodeHandler (StaleNodeHandler.java:onMessage(58)) - Datanode de9a6245-bc05-4757-817d-214bc59448ea{ip: 192.168.36.82, host: pr-hdds-2151-rkvw4-133030696, networkLocation: /default-rack, certSerialId: null} moved to stale state. Finalizing its pipelines [PipelineID=5a0200ed-675d-4b4b-af67-135e08fdd67c, PipelineID=6c2d9b7b-cc54-4ebc-bac6-d21d0aec2a0d]
2019-09-19 13:57:58,522 [EventQueue-StaleNodeForStaleNodeHandler] INFO  pipeline.SCMPipelineManager (SCMPipelineManager.java:finalizeAndDestroyPipeline(311)) - destroying pipeline:Pipeline[ Id: 5a0200ed-675d-4b4b-af67-135e08fdd67c, Nodes: de9a6245-bc05-4757-817d-214bc59448ea{ip: 192.168.36.82, host: pr-hdds-2151-rkvw4-133030696, networkLocation: /default-rack, certSerialId: null}, Type:RATIS, Factor:ONE, State:OPEN]
2019-09-19 13:57:58,522 [EventQueue-StaleNodeForStaleNodeHandler] INFO  pipeline.PipelineStateManager (PipelineStateManager.java:finalizePipeline(123)) - Pipeline Pipeline[ Id: 5a0200ed-675d-4b4b-af67-135e08fdd67c, Nodes: de9a6245-bc05-4757-817d-214bc59448ea{ip: 192.168.36.82, host: pr-hdds-2151-rkvw4-133030696, networkLocation: /default-rack, certSerialId: null}, Type:RATIS, Factor:ONE, State:CLOSED] moved to CLOSED state
2019-09-19 13:57:58,523 [EventQueue-StaleNodeForStaleNodeHandler] INFO  pipeline.SCMPipelineManager (SCMPipelineManager.java:finalizeAndDestroyPipeline(311)) - destroying pipeline:Pipeline[ Id: 6c2d9b7b-cc54-4ebc-bac6-d21d0aec2a0d, Nodes: 1aff1733-57f6-45fc-9f0b-1426b548f5f7{ip: 192.168.36.82, host: pr-hdds-2151-rkvw4-133030696, networkLocation: /default-rack, certSerialId: null}de9a6245-bc05-4757-817d-214bc59448ea{ip: 192.168.36.82, host: pr-hdds-2151-rkvw4-133030696, networkLocation: /default-rack, certSerialId: null}b4030cb9-bb90-48fa-8940-2ba1da097595{ip: 192.168.36.82, host: pr-hdds-2151-rkvw4-133030696, networkLocation: /default-rack, certSerialId: null}, Type:RATIS, Factor:THREE, State:OPEN]
2019-09-19 13:57:58,523 [EventQueue-StaleNodeForStaleNodeHandler] INFO  pipeline.PipelineStateManager (PipelineStateManager.java:finalizePipeline(123)) - Pipeline Pipeline[ Id: 6c2d9b7b-cc54-4ebc-bac6-d21d0aec2a0d, Nodes: 1aff1733-57f6-45fc-9f0b-1426b548f5f7{ip: 192.168.36.82, host: pr-hdds-2151-rkvw4-133030696, networkLocation: /default-rack, certSerialId: null}de9a6245-bc05-4757-817d-214bc59448ea{ip: 192.168.36.82, host: pr-hdds-2151-rkvw4-133030696, networkLocation: /default-rack, certSerialId: null}b4030cb9-bb90-48fa-8940-2ba1da097595{ip: 192.168.36.82, host: pr-hdds-2151-rkvw4-133030696, networkLocation: /default-rack, certSerialId: null}, Type:RATIS, Factor:THREE, State:CLOSED] moved to CLOSED state
2019-09-19 13:57:58,523 [EventQueue-CloseContainerForCloseContainerEventHandler] INFO  container.CloseContainerEventHandler (CloseContainerEventHandler.java:onMessage(61)) - Close container Event triggered for container : #2
2019-09-19 13:57:58,871 [ForkJoinPool.commonPool-worker-1] INFO  ozoneimpl.OzoneContainer (OzoneContainer.java:stop(231)) - Attempting to stop container services.
2019-09-19 13:57:58,871 [main] INFO  ozoneimpl.OzoneContainer (OzoneContainer.java:stop(231)) - Attempting to stop container services.
2019-09-19 13:57:58,874 [ForkJoinPool.commonPool-worker-1] INFO  impl.RaftServerProxy (RaftServerProxy.java:lambda$close$4(314)) - 6c9a1640-e1f5-4cdf-82bf-56ab00cf4fe0: close
2019-09-19 13:57:58,874 [main] INFO  impl.RaftServerProxy (RaftServerProxy.java:lambda$close$4(314)) - de9a6245-bc05-4757-817d-214bc59448ea: close
2019-09-19 13:57:58,875 [ForkJoinPool.commonPool-worker-1] INFO  impl.RaftServerImpl (RaftServerImpl.java:lambda$shutdown$3(251)) - 6c9a1640-e1f5-4cdf-82bf-56ab00cf4fe0@group-6CF454A4E442: shutdown
2019-09-19 13:57:58,875 [main] INFO  impl.RaftServerImpl (RaftServerImpl.java:lambda$shutdown$3(251)) - de9a6245-bc05-4757-817d-214bc59448ea@group-135E08FDD67C: shutdown
2019-09-19 13:57:58,875 [ForkJoinPool.commonPool-worker-1] INFO  util.JmxRegister (JmxRegister.java:unregister(73)) - Successfully un-registered JMX Bean with object name Ratis:service=RaftServer,group=group-6CF454A4E442,id=6c9a1640-e1f5-4cdf-82bf-56ab00cf4fe0
2019-09-19 13:57:58,875 [main] INFO  util.JmxRegister (JmxRegister.java:unregister(73)) - Successfully un-registered JMX Bean with object name Ratis:service=RaftServer,group=group-135E08FDD67C,id=de9a6245-bc05-4757-817d-214bc59448ea
2019-09-19 13:57:58,876 [ForkJoinPool.commonPool-worker-1] INFO  impl.RoleInfo (RoleInfo.java:shutdownFollowerState(121)) - 6c9a1640-e1f5-4cdf-82bf-56ab00cf4fe0: shutdown FollowerState
2019-09-19 13:57:58,876 [main] INFO  impl.RoleInfo (RoleInfo.java:shutdownLeaderState(104)) - de9a6245-bc05-4757-817d-214bc59448ea: shutdown LeaderState
2019-09-19 13:57:58,877 [Thread-2924] INFO  impl.FollowerState (FollowerState.java:run(115)) - 6c9a1640-e1f5-4cdf-82bf-56ab00cf4fe0: FollowerState was interrupted: java.lang.InterruptedException: sleep interrupted
2019-09-19 13:57:58,877 [6c9a1640-e1f5-4cdf-82bf-56ab00cf4fe0@group-6CF454A4E442-StateMachineUpdater] INFO  ratis.ContainerStateMachine (ContainerStateMachine.java:takeSnapshot(289)) - group-6CF454A4E442: Taking a snapshot at:(t:1, i:9) file /workdir/hadoop-ozone/integration-test/target/test-dir/MiniOzoneClusterImpl-dd3eabca-da74-4633-9d56-ab06f731d67f/datanode-1/data/ratis/a99f7013-c73f-434f-aaf0-6cf454a4e442/sm/snapshot.1_9
2019-09-19 13:57:58,876 [ForkJoinPool.commonPool-worker-1] INFO  impl.StateMachineUpdater (StateMachineUpdater.java:stopAndJoin(125)) - 6c9a1640-e1f5-4cdf-82bf-56ab00cf4fe0@group-6CF454A4E442-StateMachineUpdater: set stopIndex = 9
2019-09-19 13:57:58,877 [main] INFO  impl.PendingRequests (PendingRequests.java:sendNotLeaderResponses(202)) - de9a6245-bc05-4757-817d-214bc59448ea-PendingRequests: sendNotLeaderResponses
2019-09-19 13:57:58,878 [main] INFO  impl.StateMachineUpdater (StateMachineUpdater.java:stopAndJoin(125)) - de9a6245-bc05-4757-817d-214bc59448ea@group-135E08FDD67C-StateMachineUpdater: set stopIndex = 0
2019-09-19 13:57:58,879 [main] INFO  impl.RaftServerImpl (ServerState.java:close(385)) - de9a6245-bc05-4757-817d-214bc59448ea@group-135E08FDD67C: closes. applyIndex: 0
2019-09-19 13:57:58,879 [de9a6245-bc05-4757-817d-214bc59448ea@group-135E08FDD67C-SegmentedRaftLogWorker] INFO  segmented.SegmentedRaftLogWorker (SegmentedRaftLogWorker.java:run(313)) - de9a6245-bc05-4757-817d-214bc59448ea@group-135E08FDD67C-SegmentedRaftLogWorker was interrupted, exiting. There are 0 tasks remaining in the queue.
2019-09-19 13:57:58,887 [main] INFO  segmented.SegmentedRaftLogWorker (SegmentedRaftLogWorker.java:close(228)) - de9a6245-bc05-4757-817d-214bc59448ea@group-135E08FDD67C-SegmentedRaftLogWorker close()
2019-09-19 13:57:58,890 [main] INFO  impl.RaftServerImpl (RaftServerImpl.java:lambda$shutdown$3(251)) - de9a6245-bc05-4757-817d-214bc59448ea@group-D21D0AEC2A0D: shutdown
2019-09-19 13:57:58,891 [main] INFO  util.JmxRegister (JmxRegister.java:unregister(73)) - Successfully un-registered JMX Bean with object name Ratis:service=RaftServer,group=group-D21D0AEC2A0D,id=de9a6245-bc05-4757-817d-214bc59448ea
2019-09-19 13:57:58,891 [main] INFO  impl.RoleInfo (RoleInfo.java:shutdownFollowerState(121)) - de9a6245-bc05-4757-817d-214bc59448ea: shutdown FollowerState
2019-09-19 13:57:58,891 [main] INFO  impl.StateMachineUpdater (StateMachineUpdater.java:stopAndJoin(125)) - de9a6245-bc05-4757-817d-214bc59448ea@group-D21D0AEC2A0D-StateMachineUpdater: set stopIndex = 14
2019-09-19 13:57:58,892 [Thread-3032] INFO  impl.FollowerState (FollowerState.java:run(115)) - de9a6245-bc05-4757-817d-214bc59448ea: FollowerState was interrupted: java.lang.InterruptedException: sleep interrupted
2019-09-19 13:57:58,892 [de9a6245-bc05-4757-817d-214bc59448ea@group-D21D0AEC2A0D-StateMachineUpdater] INFO  ratis.ContainerStateMachine (ContainerStateMachine.java:takeSnapshot(289)) - group-D21D0AEC2A0D: Taking a snapshot at:(t:4, i:10) file /workdir/hadoop-ozone/integration-test/target/test-dir/MiniOzoneClusterImpl-dd3eabca-da74-4633-9d56-ab06f731d67f/datanode-4/data/ratis/6c2d9b7b-cc54-4ebc-bac6-d21d0aec2a0d/sm/snapshot.4_10
2019-09-19 13:57:58,915 [6c9a1640-e1f5-4cdf-82bf-56ab00cf4fe0@group-6CF454A4E442-StateMachineUpdater] INFO  ratis.ContainerStateMachine (ContainerStateMachine.java:takeSnapshot(300)) - group-6CF454A4E442: Finished taking a snapshot at:(t:1, i:9) file:/workdir/hadoop-ozone/integration-test/target/test-dir/MiniOzoneClusterImpl-dd3eabca-da74-4633-9d56-ab06f731d67f/datanode-1/data/ratis/a99f7013-c73f-434f-aaf0-6cf454a4e442/sm/snapshot.1_9 time:38
2019-09-19 13:57:58,915 [de9a6245-bc05-4757-817d-214bc59448ea@group-D21D0AEC2A0D-StateMachineUpdater] INFO  ratis.ContainerStateMachine (ContainerStateMachine.java:takeSnapshot(300)) - group-D21D0AEC2A0D: Finished taking a snapshot at:(t:4, i:10) file:/workdir/hadoop-ozone/integration-test/target/test-dir/MiniOzoneClusterImpl-dd3eabca-da74-4633-9d56-ab06f731d67f/datanode-4/data/ratis/6c2d9b7b-cc54-4ebc-bac6-d21d0aec2a0d/sm/snapshot.4_10 time:23
2019-09-19 13:57:58,915 [de9a6245-bc05-4757-817d-214bc59448ea@group-D21D0AEC2A0D-StateMachineUpdater] INFO  impl.StateMachineUpdater (StateMachineUpdater.java:takeSnapshot(258)) - de9a6245-bc05-4757-817d-214bc59448ea@group-D21D0AEC2A0D-StateMachineUpdater: Took a snapshot at index 10
2019-09-19 13:57:58,915 [6c9a1640-e1f5-4cdf-82bf-56ab00cf4fe0@group-6CF454A4E442-StateMachineUpdater] INFO  impl.StateMachineUpdater (StateMachineUpdater.java:takeSnapshot(258)) - 6c9a1640-e1f5-4cdf-82bf-56ab00cf4fe0@group-6CF454A4E442-StateMachineUpdater: Took a snapshot at index 9
2019-09-19 13:57:58,916 [de9a6245-bc05-4757-817d-214bc59448ea@group-D21D0AEC2A0D-StateMachineUpdater] INFO  impl.StateMachineUpdater (StateMachineUpdater.java:lambda$new$0(83)) - de9a6245-bc05-4757-817d-214bc59448ea@group-D21D0AEC2A0D-StateMachineUpdater: snapshotIndex: updateIncreasingly -1 -> 10
2019-09-19 13:57:58,916 [6c9a1640-e1f5-4cdf-82bf-56ab00cf4fe0@group-6CF454A4E442-StateMachineUpdater] INFO  impl.StateMachineUpdater (StateMachineUpdater.java:lambda$new$0(83)) - 6c9a1640-e1f5-4cdf-82bf-56ab00cf4fe0@group-6CF454A4E442-StateMachineUpdater: snapshotIndex: updateIncreasingly -1 -> 9
2019-09-19 13:57:58,916 [de9a6245-bc05-4757-817d-214bc59448ea@group-D21D0AEC2A0D-StateMachineUpdater] INFO  ratis.ContainerStateMachine (ContainerStateMachine.java:takeSnapshot(289)) - group-D21D0AEC2A0D: Taking a snapshot at:(t:4, i:10) file /workdir/hadoop-ozone/integration-test/target/test-dir/MiniOzoneClusterImpl-dd3eabca-da74-4633-9d56-ab06f731d67f/datanode-4/data/ratis/6c2d9b7b-cc54-4ebc-bac6-d21d0aec2a0d/sm/snapshot.4_10
2019-09-19 13:57:58,916 [ForkJoinPool.commonPool-worker-1] INFO  impl.RaftServerImpl (ServerState.java:close(385)) - 6c9a1640-e1f5-4cdf-82bf-56ab00cf4fe0@group-6CF454A4E442: closes. applyIndex: 9
2019-09-19 13:57:58,917 [6c9a1640-e1f5-4cdf-82bf-56ab00cf4fe0@group-6CF454A4E442-SegmentedRaftLogWorker] INFO  segmented.SegmentedRaftLogWorker (SegmentedRaftLogWorker.java:run(313)) - 6c9a1640-e1f5-4cdf-82bf-56ab00cf4fe0@group-6CF454A4E442-SegmentedRaftLogWorker was interrupted, exiting. There are 0 tasks remaining in the queue.
2019-09-19 13:57:58,919 [ForkJoinPool.commonPool-worker-1] INFO  segmented.SegmentedRaftLogWorker (SegmentedRaftLogWorker.java:close(228)) - 6c9a1640-e1f5-4cdf-82bf-56ab00cf4fe0@group-6CF454A4E442-SegmentedRaftLogWorker close()
2019-09-19 13:57:58,922 [ForkJoinPool.commonPool-worker-1] INFO  impl.RaftServerImpl (RaftServerImpl.java:lambda$shutdown$3(251)) - 6c9a1640-e1f5-4cdf-82bf-56ab00cf4fe0@group-FCA4EF7293E5: shutdown
2019-09-19 13:57:58,922 [ForkJoinPool.commonPool-worker-1] INFO  util.JmxRegister (JmxRegister.java:unregister(73)) - Successfully un-registered JMX Bean with object name Ratis:service=RaftServer,group=group-FCA4EF7293E5,id=6c9a1640-e1f5-4cdf-82bf-56ab00cf4fe0
2019-09-19 13:57:58,922 [ForkJoinPool.commonPool-worker-1] INFO  impl.RoleInfo (RoleInfo.java:shutdownLeaderState(104)) - 6c9a1640-e1f5-4cdf-82bf-56ab00cf4fe0: shutdown LeaderState
2019-09-19 13:57:58,922 [ForkJoinPool.commonPool-worker-1] INFO  impl.PendingRequests (PendingRequests.java:sendNotLeaderResponses(202)) - 6c9a1640-e1f5-4cdf-82bf-56ab00cf4fe0-PendingRequests: sendNotLeaderResponses
2019-09-19 13:57:58,923 [ForkJoinPool.commonPool-worker-1] INFO  impl.StateMachineUpdater (StateMachineUpdater.java:stopAndJoin(125)) - 6c9a1640-e1f5-4cdf-82bf-56ab00cf4fe0@group-FCA4EF7293E5-StateMachineUpdater: set stopIndex = 0
2019-09-19 13:57:58,923 [ForkJoinPool.commonPool-worker-1] INFO  impl.RaftServerImpl (ServerState.java:close(385)) - 6c9a1640-e1f5-4cdf-82bf-56ab00cf4fe0@group-FCA4EF7293E5: closes. applyIndex: 0
2019-09-19 13:57:58,923 [6c9a1640-e1f5-4cdf-82bf-56ab00cf4fe0@group-FCA4EF7293E5-SegmentedRaftLogWorker] INFO  segmented.SegmentedRaftLogWorker (SegmentedRaftLogWorker.java:run(313)) - 6c9a1640-e1f5-4cdf-82bf-56ab00cf4fe0@group-FCA4EF7293E5-SegmentedRaftLogWorker was interrupted, exiting. There are 0 tasks remaining in the queue.
2019-09-19 13:57:58,925 [ForkJoinPool.commonPool-worker-1] INFO  segmented.SegmentedRaftLogWorker (SegmentedRaftLogWorker.java:close(228)) - 6c9a1640-e1f5-4cdf-82bf-56ab00cf4fe0@group-FCA4EF7293E5-SegmentedRaftLogWorker close()
2019-09-19 13:57:58,928 [ForkJoinPool.commonPool-worker-1] INFO  server.GrpcService (GrpcService.java:closeImpl(164)) - 6c9a1640-e1f5-4cdf-82bf-56ab00cf4fe0: shutdown server with port 35422 now
2019-09-19 13:57:58,930 [de9a6245-bc05-4757-817d-214bc59448ea@group-D21D0AEC2A0D-StateMachineUpdater] INFO  ratis.ContainerStateMachine (ContainerStateMachine.java:takeSnapshot(300)) - group-D21D0AEC2A0D: Finished taking a snapshot at:(t:4, i:10) file:/workdir/hadoop-ozone/integration-test/target/test-dir/MiniOzoneClusterImpl-dd3eabca-da74-4633-9d56-ab06f731d67f/datanode-4/data/ratis/6c2d9b7b-cc54-4ebc-bac6-d21d0aec2a0d/sm/snapshot.4_10 time:13
2019-09-19 13:57:58,930 [de9a6245-bc05-4757-817d-214bc59448ea@group-D21D0AEC2A0D-StateMachineUpdater] INFO  impl.StateMachineUpdater (StateMachineUpdater.java:takeSnapshot(258)) - de9a6245-bc05-4757-817d-214bc59448ea@group-D21D0AEC2A0D-StateMachineUpdater: Took a snapshot at index 10
2019-09-19 13:57:58,930 [de9a6245-bc05-4757-817d-214bc59448ea@group-D21D0AEC2A0D-StateMachineUpdater] INFO  impl.StateMachineUpdater (StateMachineUpdater.java:lambda$new$0(83)) - de9a6245-bc05-4757-817d-214bc59448ea@group-D21D0AEC2A0D-StateMachineUpdater: snapshotIndex: updateIncreasingly 10 -> 10
2019-09-19 13:57:58,930 [main] INFO  impl.RaftServerImpl (ServerState.java:close(385)) - de9a6245-bc05-4757-817d-214bc59448ea@group-D21D0AEC2A0D: closes. applyIndex: 14
2019-09-19 13:57:58,931 [de9a6245-bc05-4757-817d-214bc59448ea@group-D21D0AEC2A0D-SegmentedRaftLogWorker] INFO  segmented.SegmentedRaftLogWorker (SegmentedRaftLogWorker.java:run(313)) - de9a6245-bc05-4757-817d-214bc59448ea@group-D21D0AEC2A0D-SegmentedRaftLogWorker was interrupted, exiting. There are 0 tasks remaining in the queue.
2019-09-19 13:57:58,933 [ForkJoinPool.commonPool-worker-1] INFO  server.GrpcService (GrpcService.java:closeImpl(172)) - 6c9a1640-e1f5-4cdf-82bf-56ab00cf4fe0: shutdown server with port 35422 successfully
2019-09-19 13:57:58,933 [grpc-default-executor-8] WARN  server.GrpcServerProtocolService (LogUtils.java:warn(134)) - 6c9a1640-e1f5-4cdf-82bf-56ab00cf4fe0: installSnapshot onError, lastRequest: ffe9ff16-6c36-4e32-891e-5d8f4d9c1a42->6c9a1640-e1f5-4cdf-82bf-56ab00cf4fe0#16-t1, previous=(t:1, i:9), leaderCommit=9, initializing? false, entries: <empty>: org.apache.ratis.thirdparty.io.grpc.StatusRuntimeException: CANCELLED: cancelled before receiving half close
2019-09-19 13:57:58,933 [main] INFO  segmented.SegmentedRaftLogWorker (SegmentedRaftLogWorker.java:close(228)) - de9a6245-bc05-4757-817d-214bc59448ea@group-D21D0AEC2A0D-SegmentedRaftLogWorker close()
2019-09-19 13:57:58,933 [grpc-default-executor-1] WARN  server.GrpcLogAppender (LogUtils.java:warn(134)) - ffe9ff16-6c36-4e32-891e-5d8f4d9c1a42@group-6CF454A4E442->6c9a1640-e1f5-4cdf-82bf-56ab00cf4fe0-AppendLogResponseHandler: Failed appendEntries: org.apache.ratis.thirdparty.io.grpc.StatusRuntimeException: CANCELLED: HTTP/2 error code: CANCEL
Received Rst Stream
2019-09-19 13:57:58,941 [main] INFO  server.GrpcService (GrpcService.java:closeImpl(164)) - de9a6245-bc05-4757-817d-214bc59448ea: shutdown server with port 35305 now
2019-09-19 13:57:58,942 [grpc-default-executor-7] WARN  server.GrpcServerProtocolService (LogUtils.java:warn(134)) - de9a6245-bc05-4757-817d-214bc59448ea: installSnapshot onError, lastRequest: b4030cb9-bb90-48fa-8940-2ba1da097595->de9a6245-bc05-4757-817d-214bc59448ea#17-t4, previous=(t:4, i:14), leaderCommit=14, initializing? false, entries: <empty>: org.apache.ratis.thirdparty.io.grpc.StatusRuntimeException: CANCELLED: cancelled before receiving half close
2019-09-19 13:57:58,944 [main] INFO  server.GrpcService (GrpcService.java:closeImpl(172)) - de9a6245-bc05-4757-817d-214bc59448ea: shutdown server with port 35305 successfully
2019-09-19 13:57:58,944 [refreshUsed-/workdir/hadoop-ozone/integration-test/target/test-dir/MiniOzoneClusterImpl-dd3eabca-da74-4633-9d56-ab06f731d67f/datanode-1/data/containers] WARN  fs.CachingGetSpaceUsed (CachingGetSpaceUsed.java:run(183)) - Thread Interrupted waiting to refresh disk information: sleep interrupted
2019-09-19 13:57:58,944 [grpc-default-executor-1] INFO  impl.FollowerInfo (FollowerInfo.java:lambda$new$0(51)) - ffe9ff16-6c36-4e32-891e-5d8f4d9c1a42@group-6CF454A4E442->6c9a1640-e1f5-4cdf-82bf-56ab00cf4fe0: nextIndex: updateUnconditionally 10 -> 9
2019-09-19 13:57:58,945 [grpc-default-executor-9] WARN  server.GrpcLogAppender (LogUtils.java:warn(134)) - b4030cb9-bb90-48fa-8940-2ba1da097595@group-D21D0AEC2A0D->de9a6245-bc05-4757-817d-214bc59448ea-AppendLogResponseHandler: Failed appendEntries: org.apache.ratis.thirdparty.io.grpc.StatusRuntimeException: CANCELLED: HTTP/2 error code: CANCEL
Received Rst Stream
2019-09-19 13:57:58,945 [grpc-default-executor-9] INFO  impl.FollowerInfo (FollowerInfo.java:lambda$new$0(51)) - b4030cb9-bb90-48fa-8940-2ba1da097595@group-D21D0AEC2A0D->de9a6245-bc05-4757-817d-214bc59448ea: nextIndex: updateUnconditionally 15 -> 14
2019-09-19 13:57:58,948 [refreshUsed-/workdir/hadoop-ozone/integration-test/target/test-dir/MiniOzoneClusterImpl-dd3eabca-da74-4633-9d56-ab06f731d67f/datanode-4/data/containers] WARN  fs.CachingGetSpaceUsed (CachingGetSpaceUsed.java:run(183)) - Thread Interrupted waiting to refresh disk information: sleep interrupted
2019-09-19 13:57:58,965 [ForkJoinPool.commonPool-worker-1] INFO  utils.BackgroundService (BackgroundService.java:shutdown(148)) - Shutting down service BlockDeletingService
2019-09-19 13:57:58,971 [ForkJoinPool.commonPool-worker-1] INFO  statemachine.DatanodeStateMachine (DatanodeStateMachine.java:stopDaemon(395)) - Ozone container server stopped.
2019-09-19 13:57:58,977 [ForkJoinPool.commonPool-worker-1] INFO  handler.ContextHandler (ContextHandler.java:doStop(910)) - Stopped o.e.j.w.WebAppContext@5faeeb56{/,null,UNAVAILABLE}{/hddsDatanode}
2019-09-19 13:57:58,978 [ForkJoinPool.commonPool-worker-1] INFO  server.AbstractConnector (AbstractConnector.java:doStop(318)) - Stopped ServerConnector@5396eeb1{HTTP/1.1,[http/1.1]}{0.0.0.0:0}
2019-09-19 13:57:58,980 [ForkJoinPool.commonPool-worker-1] INFO  handler.ContextHandler (ContextHandler.java:doStop(910)) - Stopped o.e.j.s.ServletContextHandler@2484dbb7{/static,jar:file:/home/user/.m2/repository/org/apache/hadoop/hadoop-hdds-container-service/0.5.0-SNAPSHOT/hadoop-hdds-container-service-0.5.0-SNAPSHOT.jar!/webapps/static,UNAVAILABLE}
2019-09-19 13:57:58,983 [ForkJoinPool.commonPool-worker-1] INFO  handler.ContextHandler (ContextHandler.java:doStop(910)) - Stopped o.e.j.s.ServletContextHandler@5a30722c{/logs,file:///workdir/hadoop-ozone/integration-test/target/log,UNAVAILABLE}
2019-09-19 13:57:58,985 [main] INFO  utils.BackgroundService (BackgroundService.java:shutdown(148)) - Shutting down service BlockDeletingService
2019-09-19 13:57:58,993 [main] INFO  statemachine.DatanodeStateMachine (DatanodeStateMachine.java:stopDaemon(395)) - Ozone container server stopped.
2019-09-19 13:57:58,997 [main] INFO  handler.ContextHandler (ContextHandler.java:doStop(910)) - Stopped o.e.j.w.WebAppContext@b06d46d{/,null,UNAVAILABLE}{/hddsDatanode}
2019-09-19 13:57:58,998 [main] INFO  server.AbstractConnector (AbstractConnector.java:doStop(318)) - Stopped ServerConnector@25a5c8e{HTTP/1.1,[http/1.1]}{0.0.0.0:0}
2019-09-19 13:57:58,998 [main] INFO  handler.ContextHandler (ContextHandler.java:doStop(910)) - Stopped o.e.j.s.ServletContextHandler@1ecf0ac6{/static,jar:file:/home/user/.m2/repository/org/apache/hadoop/hadoop-hdds-container-service/0.5.0-SNAPSHOT/hadoop-hdds-container-service-0.5.0-SNAPSHOT.jar!/webapps/static,UNAVAILABLE}
2019-09-19 13:57:58,998 [main] INFO  handler.ContextHandler (ContextHandler.java:doStop(910)) - Stopped o.e.j.s.ServletContextHandler@447521e{/logs,file:///workdir/hadoop-ozone/integration-test/target/log,UNAVAILABLE}
2019-09-19 13:57:59,069 [Datanode State Machine Thread - 0] INFO  statemachine.DatanodeStateMachine (DatanodeStateMachine.java:lambda$startDaemon$0(350)) - Ozone container server started.
2019-09-19 13:57:59,507 [Datanode State Machine Thread - 0] INFO  statemachine.DatanodeStateMachine (DatanodeStateMachine.java:lambda$startDaemon$0(350)) - Ozone container server started.
2019-09-19 13:58:00,626 [grpc-default-executor-7] WARN  server.GrpcLogAppender (LogUtils.java:warn(134)) - ffe9ff16-6c36-4e32-891e-5d8f4d9c1a42@group-6CF454A4E442->6c9a1640-e1f5-4cdf-82bf-56ab00cf4fe0-AppendLogResponseHandler: Failed appendEntries: org.apache.ratis.thirdparty.io.grpc.StatusRuntimeException: UNAVAILABLE: io exception
2019-09-19 13:58:00,626 [grpc-default-executor-7] INFO  impl.FollowerInfo (FollowerInfo.java:lambda$new$0(51)) - ffe9ff16-6c36-4e32-891e-5d8f4d9c1a42@group-6CF454A4E442->6c9a1640-e1f5-4cdf-82bf-56ab00cf4fe0: nextIndex: updateUnconditionally 9 -> 8
2019-09-19 13:58:01,078 [grpc-default-executor-7] WARN  server.GrpcLogAppender (LogUtils.java:warn(134)) - b4030cb9-bb90-48fa-8940-2ba1da097595@group-D21D0AEC2A0D->de9a6245-bc05-4757-817d-214bc59448ea-AppendLogResponseHandler: Failed appendEntries: org.apache.ratis.thirdparty.io.grpc.StatusRuntimeException: UNAVAILABLE: io exception
2019-09-19 13:58:01,078 [grpc-default-executor-7] INFO  impl.FollowerInfo (FollowerInfo.java:lambda$new$0(51)) - b4030cb9-bb90-48fa-8940-2ba1da097595@group-D21D0AEC2A0D->de9a6245-bc05-4757-817d-214bc59448ea: nextIndex: updateUnconditionally 14 -> 13
2019-09-19 13:58:01,089 [grpc-default-executor-8] WARN  server.GrpcLogAppender (LogUtils.java:warn(134)) - ffe9ff16-6c36-4e32-891e-5d8f4d9c1a42@group-6CF454A4E442->6c9a1640-e1f5-4cdf-82bf-56ab00cf4fe0-AppendLogResponseHandler: Failed appendEntries: org.apache.ratis.thirdparty.io.grpc.StatusRuntimeException: UNAVAILABLE: io exception
2019-09-19 13:58:01,089 [grpc-default-executor-8] INFO  impl.FollowerInfo (FollowerInfo.java:lambda$new$0(51)) - ffe9ff16-6c36-4e32-891e-5d8f4d9c1a42@group-6CF454A4E442->6c9a1640-e1f5-4cdf-82bf-56ab00cf4fe0: nextIndex: updateUnconditionally 9 -> 8
2019-09-19 13:58:01,102 [grpc-default-executor-7] WARN  server.GrpcLogAppender (LogUtils.java:warn(134)) - ffe9ff16-6c36-4e32-891e-5d8f4d9c1a42@group-6CF454A4E442->6c9a1640-e1f5-4cdf-82bf-56ab00cf4fe0-AppendLogResponseHandler: Failed appendEntries: org.apache.ratis.thirdparty.io.grpc.StatusRuntimeException: UNAVAILABLE: io exception
2019-09-19 13:58:01,102 [grpc-default-executor-7] INFO  impl.FollowerInfo (FollowerInfo.java:lambda$new$0(51)) - ffe9ff16-6c36-4e32-891e-5d8f4d9c1a42@group-6CF454A4E442->6c9a1640-e1f5-4cdf-82bf-56ab00cf4fe0: nextIndex: updateUnconditionally 9 -> 8
2019-09-19 13:58:01,120 [grpc-default-executor-7] WARN  server.GrpcLogAppender (LogUtils.java:warn(134)) - ffe9ff16-6c36-4e32-891e-5d8f4d9c1a42@group-6CF454A4E442->6c9a1640-e1f5-4cdf-82bf-56ab00cf4fe0-AppendLogResponseHandler: Failed appendEntries: org.apache.ratis.thirdparty.io.grpc.StatusRuntimeException: UNAVAILABLE: io exception
2019-09-19 13:58:01,120 [grpc-default-executor-7] INFO  impl.FollowerInfo (FollowerInfo.java:lambda$new$0(51)) - ffe9ff16-6c36-4e32-891e-5d8f4d9c1a42@group-6CF454A4E442->6c9a1640-e1f5-4cdf-82bf-56ab00cf4fe0: nextIndex: updateUnconditionally 9 -> 8
2019-09-19 13:58:01,131 [RatisApplyTransactionExecutor 1] INFO  interfaces.Container (KeyValueContainer.java:flushAndSyncDB(386)) - Container 1 is synced with bcsId 7.
2019-09-19 13:58:01,131 [RatisApplyTransactionExecutor 1] INFO  interfaces.Container (KeyValueContainer.java:flushAndSyncDB(386)) - Container 1 is synced with bcsId 7.
2019-09-19 13:58:01,161 [RatisApplyTransactionExecutor 1] INFO  interfaces.Container (KeyValueContainer.java:flushAndSyncDB(386)) - Container 1 is synced with bcsId 7.
2019-09-19 13:58:01,162 [RatisApplyTransactionExecutor 1] INFO  interfaces.Container (KeyValueContainer.java:flushAndSyncDB(386)) - Container 1 is synced with bcsId 7.
2019-09-19 13:58:01,162 [RatisApplyTransactionExecutor 1] INFO  interfaces.Container (KeyValueContainer.java:close(335)) - Container 1 is closed with bcsId 7.
2019-09-19 13:58:01,163 [EventQueue-IncrementalContainerReportForIncrementalContainerReportHandler] INFO  container.IncrementalContainerReportHandler (AbstractContainerReportHandler.java:updateContainerState(176)) - Moving container #1 to CLOSED state, datanode ffe9ff16-6c36-4e32-891e-5d8f4d9c1a42{ip: 192.168.36.82, host: pr-hdds-2151-rkvw4-133030696, networkLocation: /default-rack, certSerialId: null} reported CLOSED replica.
2019-09-19 13:58:01,186 [RatisApplyTransactionExecutor 1] INFO  interfaces.Container (KeyValueContainer.java:close(335)) - Container 1 is closed with bcsId 7.
2019-09-19 13:58:03,146 [EventQueue-StaleNodeForStaleNodeHandler] INFO  node.StaleNodeHandler (StaleNodeHandler.java:onMessage(58)) - Datanode 202307d0-0994-4a5f-bc69-095ec566398d{ip: 192.168.36.82, host: pr-hdds-2151-rkvw4-133030696, networkLocation: /default-rack, certSerialId: null} moved to stale state. Finalizing its pipelines [PipelineID=2731bc31-48a4-4c3a-a109-8bddc8143130, PipelineID=a99f7013-c73f-434f-aaf0-6cf454a4e442]
2019-09-19 13:58:03,146 [EventQueue-StaleNodeForStaleNodeHandler] INFO  pipeline.SCMPipelineManager (SCMPipelineManager.java:finalizeAndDestroyPipeline(311)) - destroying pipeline:Pipeline[ Id: 2731bc31-48a4-4c3a-a109-8bddc8143130, Nodes: 202307d0-0994-4a5f-bc69-095ec566398d{ip: 192.168.36.82, host: pr-hdds-2151-rkvw4-133030696, networkLocation: /default-rack, certSerialId: null}, Type:RATIS, Factor:ONE, State:OPEN]
2019-09-19 13:58:03,147 [EventQueue-StaleNodeForStaleNodeHandler] INFO  pipeline.PipelineStateManager (PipelineStateManager.java:finalizePipeline(123)) - Pipeline Pipeline[ Id: 2731bc31-48a4-4c3a-a109-8bddc8143130, Nodes: 202307d0-0994-4a5f-bc69-095ec566398d{ip: 192.168.36.82, host: pr-hdds-2151-rkvw4-133030696, networkLocation: /default-rack, certSerialId: null}, Type:RATIS, Factor:ONE, State:CLOSED] moved to CLOSED state
2019-09-19 13:58:03,147 [EventQueue-StaleNodeForStaleNodeHandler] INFO  pipeline.SCMPipelineManager (SCMPipelineManager.java:finalizeAndDestroyPipeline(311)) - destroying pipeline:Pipeline[ Id: a99f7013-c73f-434f-aaf0-6cf454a4e442, Nodes: ffe9ff16-6c36-4e32-891e-5d8f4d9c1a42{ip: 192.168.36.82, host: pr-hdds-2151-rkvw4-133030696, networkLocation: /default-rack, certSerialId: null}202307d0-0994-4a5f-bc69-095ec566398d{ip: 192.168.36.82, host: pr-hdds-2151-rkvw4-133030696, networkLocation: /default-rack, certSerialId: null}6c9a1640-e1f5-4cdf-82bf-56ab00cf4fe0{ip: 192.168.36.82, host: pr-hdds-2151-rkvw4-133030696, networkLocation: /default-rack, certSerialId: null}, Type:RATIS, Factor:THREE, State:CLOSED]
2019-09-19 13:58:03,546 [EventQueue-StaleNodeForStaleNodeHandler] INFO  node.StaleNodeHandler (StaleNodeHandler.java:onMessage(58)) - Datanode b4030cb9-bb90-48fa-8940-2ba1da097595{ip: 192.168.36.82, host: pr-hdds-2151-rkvw4-133030696, networkLocation: /default-rack, certSerialId: null} moved to stale state. Finalizing its pipelines [PipelineID=6c2d9b7b-cc54-4ebc-bac6-d21d0aec2a0d, PipelineID=f7527fb4-4986-42dd-9430-cdf270feac2f]
2019-09-19 13:58:03,546 [EventQueue-StaleNodeForStaleNodeHandler] INFO  pipeline.SCMPipelineManager (SCMPipelineManager.java:finalizeAndDestroyPipeline(311)) - destroying pipeline:Pipeline[ Id: 6c2d9b7b-cc54-4ebc-bac6-d21d0aec2a0d, Nodes: 1aff1733-57f6-45fc-9f0b-1426b548f5f7{ip: 192.168.36.82, host: pr-hdds-2151-rkvw4-133030696, networkLocation: /default-rack, certSerialId: null}de9a6245-bc05-4757-817d-214bc59448ea{ip: 192.168.36.82, host: pr-hdds-2151-rkvw4-133030696, networkLocation: /default-rack, certSerialId: null}b4030cb9-bb90-48fa-8940-2ba1da097595{ip: 192.168.36.82, host: pr-hdds-2151-rkvw4-133030696, networkLocation: /default-rack, certSerialId: null}, Type:RATIS, Factor:THREE, State:CLOSED]
2019-09-19 13:58:03,547 [EventQueue-StaleNodeForStaleNodeHandler] INFO  pipeline.SCMPipelineManager (SCMPipelineManager.java:finalizeAndDestroyPipeline(311)) - destroying pipeline:Pipeline[ Id: f7527fb4-4986-42dd-9430-cdf270feac2f, Nodes: b4030cb9-bb90-48fa-8940-2ba1da097595{ip: 192.168.36.82, host: pr-hdds-2151-rkvw4-133030696, networkLocation: /default-rack, certSerialId: null}, Type:RATIS, Factor:ONE, State:OPEN]
2019-09-19 13:58:03,547 [EventQueue-StaleNodeForStaleNodeHandler] INFO  pipeline.PipelineStateManager (PipelineStateManager.java:finalizePipeline(123)) - Pipeline Pipeline[ Id: f7527fb4-4986-42dd-9430-cdf270feac2f, Nodes: b4030cb9-bb90-48fa-8940-2ba1da097595{ip: 192.168.36.82, host: pr-hdds-2151-rkvw4-133030696, networkLocation: /default-rack, certSerialId: null}, Type:RATIS, Factor:ONE, State:CLOSED] moved to CLOSED state
2019-09-19 13:58:03,580 [grpc-default-executor-7] WARN  server.GrpcLogAppender (LogUtils.java:warn(134)) - b4030cb9-bb90-48fa-8940-2ba1da097595@group-D21D0AEC2A0D->de9a6245-bc05-4757-817d-214bc59448ea-AppendLogResponseHandler: Failed appendEntries: org.apache.ratis.thirdparty.io.grpc.StatusRuntimeException: UNAVAILABLE: io exception
2019-09-19 13:58:03,584 [grpc-default-executor-7] INFO  impl.FollowerInfo (FollowerInfo.java:lambda$new$0(51)) - b4030cb9-bb90-48fa-8940-2ba1da097595@group-D21D0AEC2A0D->de9a6245-bc05-4757-817d-214bc59448ea: nextIndex: updateUnconditionally 13 -> 12
2019-09-19 13:58:03,621 [grpc-default-executor-8] WARN  server.GrpcLogAppender (LogUtils.java:warn(134)) - ffe9ff16-6c36-4e32-891e-5d8f4d9c1a42@group-6CF454A4E442->6c9a1640-e1f5-4cdf-82bf-56ab00cf4fe0-AppendLogResponseHandler: Failed appendEntries: org.apache.ratis.thirdparty.io.grpc.StatusRuntimeException: UNAVAILABLE: io exception
2019-09-19 13:58:03,621 [grpc-default-executor-8] INFO  impl.FollowerInfo (FollowerInfo.java:lambda$new$0(51)) - ffe9ff16-6c36-4e32-891e-5d8f4d9c1a42@group-6CF454A4E442->6c9a1640-e1f5-4cdf-82bf-56ab00cf4fe0: nextIndex: updateUnconditionally 8 -> 7
2019-09-19 13:58:03,984 [ForkJoinPool.commonPool-worker-1] INFO  ozoneimpl.OzoneContainer (OzoneContainer.java:stop(231)) - Attempting to stop container services.
2019-09-19 13:58:03,985 [ForkJoinPool.commonPool-worker-1] INFO  impl.RaftServerProxy (RaftServerProxy.java:lambda$close$4(314)) - 202307d0-0994-4a5f-bc69-095ec566398d: close
2019-09-19 13:58:03,985 [ForkJoinPool.commonPool-worker-1] INFO  impl.RaftServerImpl (RaftServerImpl.java:lambda$shutdown$3(251)) - 202307d0-0994-4a5f-bc69-095ec566398d@group-8BDDC8143130: shutdown
2019-09-19 13:58:03,985 [ForkJoinPool.commonPool-worker-1] INFO  util.JmxRegister (JmxRegister.java:unregister(73)) - Successfully un-registered JMX Bean with object name Ratis:service=RaftServer,group=group-8BDDC8143130,id=202307d0-0994-4a5f-bc69-095ec566398d
2019-09-19 13:58:03,986 [ForkJoinPool.commonPool-worker-1] INFO  impl.RoleInfo (RoleInfo.java:shutdownLeaderState(104)) - 202307d0-0994-4a5f-bc69-095ec566398d: shutdown LeaderState
2019-09-19 13:58:03,986 [ForkJoinPool.commonPool-worker-1] INFO  impl.PendingRequests (PendingRequests.java:sendNotLeaderResponses(202)) - 202307d0-0994-4a5f-bc69-095ec566398d-PendingRequests: sendNotLeaderResponses
2019-09-19 13:58:03,986 [ForkJoinPool.commonPool-worker-1] INFO  impl.StateMachineUpdater (StateMachineUpdater.java:stopAndJoin(125)) - 202307d0-0994-4a5f-bc69-095ec566398d@group-8BDDC8143130-StateMachineUpdater: set stopIndex = 0
2019-09-19 13:58:03,986 [ForkJoinPool.commonPool-worker-1] INFO  impl.RaftServerImpl (ServerState.java:close(385)) - 202307d0-0994-4a5f-bc69-095ec566398d@group-8BDDC8143130: closes. applyIndex: 0
2019-09-19 13:58:03,987 [202307d0-0994-4a5f-bc69-095ec566398d@group-8BDDC8143130-SegmentedRaftLogWorker] INFO  segmented.SegmentedRaftLogWorker (SegmentedRaftLogWorker.java:run(313)) - 202307d0-0994-4a5f-bc69-095ec566398d@group-8BDDC8143130-SegmentedRaftLogWorker was interrupted, exiting. There are 0 tasks remaining in the queue.
2019-09-19 13:58:03,990 [ForkJoinPool.commonPool-worker-1] INFO  segmented.SegmentedRaftLogWorker (SegmentedRaftLogWorker.java:close(228)) - 202307d0-0994-4a5f-bc69-095ec566398d@group-8BDDC8143130-SegmentedRaftLogWorker close()
2019-09-19 13:58:03,994 [ForkJoinPool.commonPool-worker-1] INFO  impl.RaftServerImpl (RaftServerImpl.java:lambda$shutdown$3(251)) - 202307d0-0994-4a5f-bc69-095ec566398d@group-6CF454A4E442: shutdown
2019-09-19 13:58:03,995 [ForkJoinPool.commonPool-worker-1] INFO  util.JmxRegister (JmxRegister.java:unregister(73)) - Successfully un-registered JMX Bean with object name Ratis:service=RaftServer,group=group-6CF454A4E442,id=202307d0-0994-4a5f-bc69-095ec566398d
2019-09-19 13:58:03,995 [ForkJoinPool.commonPool-worker-1] INFO  impl.RoleInfo (RoleInfo.java:shutdownFollowerState(121)) - 202307d0-0994-4a5f-bc69-095ec566398d: shutdown FollowerState
2019-09-19 13:58:03,995 [ForkJoinPool.commonPool-worker-1] INFO  impl.StateMachineUpdater (StateMachineUpdater.java:stopAndJoin(125)) - 202307d0-0994-4a5f-bc69-095ec566398d@group-6CF454A4E442-StateMachineUpdater: set stopIndex = 11
2019-09-19 13:58:03,995 [Thread-2923] INFO  impl.FollowerState (FollowerState.java:run(115)) - 202307d0-0994-4a5f-bc69-095ec566398d: FollowerState was interrupted: java.lang.InterruptedException: sleep interrupted
2019-09-19 13:58:03,995 [202307d0-0994-4a5f-bc69-095ec566398d@group-6CF454A4E442-StateMachineUpdater] INFO  ratis.ContainerStateMachine (ContainerStateMachine.java:takeSnapshot(289)) - group-6CF454A4E442: Taking a snapshot at:(t:1, i:10) file /workdir/hadoop-ozone/integration-test/target/test-dir/MiniOzoneClusterImpl-dd3eabca-da74-4633-9d56-ab06f731d67f/datanode-2/data/ratis/a99f7013-c73f-434f-aaf0-6cf454a4e442/sm/snapshot.1_10
2019-09-19 13:58:04,000 [main] INFO  ozoneimpl.OzoneContainer (OzoneContainer.java:stop(231)) - Attempting to stop container services.
2019-09-19 13:58:04,000 [main] INFO  impl.RaftServerProxy (RaftServerProxy.java:lambda$close$4(314)) - b4030cb9-bb90-48fa-8940-2ba1da097595: close
2019-09-19 13:58:04,001 [main] INFO  impl.RaftServerImpl (RaftServerImpl.java:lambda$shutdown$3(251)) - b4030cb9-bb90-48fa-8940-2ba1da097595@group-D21D0AEC2A0D: shutdown
2019-09-19 13:58:04,001 [main] INFO  util.JmxRegister (JmxRegister.java:unregister(73)) - Successfully un-registered JMX Bean with object name Ratis:service=RaftServer,group=group-D21D0AEC2A0D,id=b4030cb9-bb90-48fa-8940-2ba1da097595
2019-09-19 13:58:04,001 [main] INFO  impl.RoleInfo (RoleInfo.java:shutdownLeaderState(104)) - b4030cb9-bb90-48fa-8940-2ba1da097595: shutdown LeaderState
2019-09-19 13:58:04,005 [main] INFO  impl.PendingRequests (PendingRequests.java:sendNotLeaderResponses(202)) - b4030cb9-bb90-48fa-8940-2ba1da097595-PendingRequests: sendNotLeaderResponses
2019-09-19 13:58:04,005 [org.apache.ratis.server.impl.LogAppender$AppenderDaemon$$Lambda$491/697863941@63848cda] WARN  server.GrpcLogAppender (GrpcLogAppender.java:mayWait(143)) - b4030cb9-bb90-48fa-8940-2ba1da097595@group-D21D0AEC2A0D->1aff1733-57f6-45fc-9f0b-1426b548f5f7-GrpcLogAppender: Wait interrupted by java.lang.InterruptedException
2019-09-19 13:58:04,010 [main] INFO  impl.StateMachineUpdater (StateMachineUpdater.java:stopAndJoin(125)) - b4030cb9-bb90-48fa-8940-2ba1da097595@group-D21D0AEC2A0D-StateMachineUpdater: set stopIndex = 14
2019-09-19 13:58:04,005 [org.apache.ratis.server.impl.LogAppender$AppenderDaemon$$Lambda$491/697863941@3ccd0b29] WARN  server.GrpcLogAppender (GrpcLogAppender.java:mayWait(143)) - b4030cb9-bb90-48fa-8940-2ba1da097595@group-D21D0AEC2A0D->de9a6245-bc05-4757-817d-214bc59448ea-GrpcLogAppender: Wait interrupted by java.lang.InterruptedException
2019-09-19 13:58:04,010 [b4030cb9-bb90-48fa-8940-2ba1da097595@group-D21D0AEC2A0D-StateMachineUpdater] INFO  ratis.ContainerStateMachine (ContainerStateMachine.java:takeSnapshot(289)) - group-D21D0AEC2A0D: Taking a snapshot at:(t:4, i:14) file /workdir/hadoop-ozone/integration-test/target/test-dir/MiniOzoneClusterImpl-dd3eabca-da74-4633-9d56-ab06f731d67f/datanode-3/data/ratis/6c2d9b7b-cc54-4ebc-bac6-d21d0aec2a0d/sm/snapshot.4_14
2019-09-19 13:58:04,011 [grpc-default-executor-8] INFO  server.GrpcServerProtocolService (GrpcServerProtocolService.java:onCompleted(113)) - 1aff1733-57f6-45fc-9f0b-1426b548f5f7: Completed APPEND_ENTRIES, lastRequest: b4030cb9-bb90-48fa-8940-2ba1da097595->1aff1733-57f6-45fc-9f0b-1426b548f5f7#18-t4, previous=(t:4, i:14), leaderCommit=14, initializing? false, entries: <empty>
2019-09-19 13:58:04,011 [grpc-default-executor-8] INFO  server.GrpcLogAppender (GrpcLogAppender.java:onCompleted(293)) - b4030cb9-bb90-48fa-8940-2ba1da097595@group-D21D0AEC2A0D->1aff1733-57f6-45fc-9f0b-1426b548f5f7-AppendLogResponseHandler: follower responses appendEntries COMPLETED
2019-09-19 13:58:04,012 [grpc-default-executor-8] INFO  impl.FollowerInfo (FollowerInfo.java:lambda$new$0(51)) - b4030cb9-bb90-48fa-8940-2ba1da097595@group-D21D0AEC2A0D->1aff1733-57f6-45fc-9f0b-1426b548f5f7: nextIndex: updateUnconditionally 15 -> 14
2019-09-19 13:58:04,013 [202307d0-0994-4a5f-bc69-095ec566398d@group-6CF454A4E442-StateMachineUpdater] INFO  ratis.ContainerStateMachine (ContainerStateMachine.java:takeSnapshot(300)) - group-6CF454A4E442: Finished taking a snapshot at:(t:1, i:10) file:/workdir/hadoop-ozone/integration-test/target/test-dir/MiniOzoneClusterImpl-dd3eabca-da74-4633-9d56-ab06f731d67f/datanode-2/data/ratis/a99f7013-c73f-434f-aaf0-6cf454a4e442/sm/snapshot.1_10 time:19
2019-09-19 13:58:04,014 [202307d0-0994-4a5f-bc69-095ec566398d@group-6CF454A4E442-StateMachineUpdater] INFO  impl.StateMachineUpdater (StateMachineUpdater.java:takeSnapshot(258)) - 202307d0-0994-4a5f-bc69-095ec566398d@group-6CF454A4E442-StateMachineUpdater: Took a snapshot at index 10
2019-09-19 13:58:04,014 [202307d0-0994-4a5f-bc69-095ec566398d@group-6CF454A4E442-StateMachineUpdater] INFO  impl.StateMachineUpdater (StateMachineUpdater.java:lambda$new$0(83)) - 202307d0-0994-4a5f-bc69-095ec566398d@group-6CF454A4E442-StateMachineUpdater: snapshotIndex: updateIncreasingly -1 -> 10
2019-09-19 13:58:04,014 [202307d0-0994-4a5f-bc69-095ec566398d@group-6CF454A4E442-StateMachineUpdater] INFO  ratis.ContainerStateMachine (ContainerStateMachine.java:takeSnapshot(289)) - group-6CF454A4E442: Taking a snapshot at:(t:1, i:10) file /workdir/hadoop-ozone/integration-test/target/test-dir/MiniOzoneClusterImpl-dd3eabca-da74-4633-9d56-ab06f731d67f/datanode-2/data/ratis/a99f7013-c73f-434f-aaf0-6cf454a4e442/sm/snapshot.1_10
2019-09-19 13:58:04,016 [b4030cb9-bb90-48fa-8940-2ba1da097595@group-D21D0AEC2A0D-StateMachineUpdater] INFO  ratis.ContainerStateMachine (ContainerStateMachine.java:takeSnapshot(300)) - group-D21D0AEC2A0D: Finished taking a snapshot at:(t:4, i:14) file:/workdir/hadoop-ozone/integration-test/target/test-dir/MiniOzoneClusterImpl-dd3eabca-da74-4633-9d56-ab06f731d67f/datanode-3/data/ratis/6c2d9b7b-cc54-4ebc-bac6-d21d0aec2a0d/sm/snapshot.4_14 time:6
2019-09-19 13:58:04,016 [b4030cb9-bb90-48fa-8940-2ba1da097595@group-D21D0AEC2A0D-StateMachineUpdater] INFO  impl.StateMachineUpdater (StateMachineUpdater.java:takeSnapshot(258)) - b4030cb9-bb90-48fa-8940-2ba1da097595@group-D21D0AEC2A0D-StateMachineUpdater: Took a snapshot at index 14
2019-09-19 13:58:04,016 [b4030cb9-bb90-48fa-8940-2ba1da097595@group-D21D0AEC2A0D-StateMachineUpdater] INFO  impl.StateMachineUpdater (StateMachineUpdater.java:lambda$new$0(83)) - b4030cb9-bb90-48fa-8940-2ba1da097595@group-D21D0AEC2A0D-StateMachineUpdater: snapshotIndex: updateIncreasingly -1 -> 14
2019-09-19 13:58:04,016 [main] INFO  impl.RaftServerImpl (ServerState.java:close(385)) - b4030cb9-bb90-48fa-8940-2ba1da097595@group-D21D0AEC2A0D: closes. applyIndex: 14
2019-09-19 13:58:04,016 [b4030cb9-bb90-48fa-8940-2ba1da097595@group-D21D0AEC2A0D-SegmentedRaftLogWorker] INFO  segmented.SegmentedRaftLogWorker (SegmentedRaftLogWorker.java:run(313)) - b4030cb9-bb90-48fa-8940-2ba1da097595@group-D21D0AEC2A0D-SegmentedRaftLogWorker was interrupted, exiting. There are 0 tasks remaining in the queue.
2019-09-19 13:58:04,019 [main] INFO  segmented.SegmentedRaftLogWorker (SegmentedRaftLogWorker.java:close(228)) - b4030cb9-bb90-48fa-8940-2ba1da097595@group-D21D0AEC2A0D-SegmentedRaftLogWorker close()
2019-09-19 13:58:04,022 [main] INFO  impl.RaftServerImpl (RaftServerImpl.java:lambda$shutdown$3(251)) - b4030cb9-bb90-48fa-8940-2ba1da097595@group-CDF270FEAC2F: shutdown
2019-09-19 13:58:04,022 [main] INFO  util.JmxRegister (JmxRegister.java:unregister(73)) - Successfully un-registered JMX Bean with object name Ratis:service=RaftServer,group=group-CDF270FEAC2F,id=b4030cb9-bb90-48fa-8940-2ba1da097595
2019-09-19 13:58:04,023 [main] INFO  impl.RoleInfo (RoleInfo.java:shutdownLeaderState(104)) - b4030cb9-bb90-48fa-8940-2ba1da097595: shutdown LeaderState
2019-09-19 13:58:04,023 [main] INFO  impl.PendingRequests (PendingRequests.java:sendNotLeaderResponses(202)) - b4030cb9-bb90-48fa-8940-2ba1da097595-PendingRequests: sendNotLeaderResponses
2019-09-19 13:58:04,023 [main] INFO  impl.StateMachineUpdater (StateMachineUpdater.java:stopAndJoin(125)) - b4030cb9-bb90-48fa-8940-2ba1da097595@group-CDF270FEAC2F-StateMachineUpdater: set stopIndex = 0
2019-09-19 13:58:04,024 [main] INFO  impl.RaftServerImpl (ServerState.java:close(385)) - b4030cb9-bb90-48fa-8940-2ba1da097595@group-CDF270FEAC2F: closes. applyIndex: 0
2019-09-19 13:58:04,024 [b4030cb9-bb90-48fa-8940-2ba1da097595@group-CDF270FEAC2F-SegmentedRaftLogWorker] INFO  segmented.SegmentedRaftLogWorker (SegmentedRaftLogWorker.java:run(313)) - b4030cb9-bb90-48fa-8940-2ba1da097595@group-CDF270FEAC2F-SegmentedRaftLogWorker was interrupted, exiting. There are 0 tasks remaining in the queue.
2019-09-19 13:58:04,030 [main] INFO  segmented.SegmentedRaftLogWorker (SegmentedRaftLogWorker.java:close(228)) - b4030cb9-bb90-48fa-8940-2ba1da097595@group-CDF270FEAC2F-SegmentedRaftLogWorker close()
2019-09-19 13:58:04,033 [main] INFO  server.GrpcService (GrpcService.java:closeImpl(164)) - b4030cb9-bb90-48fa-8940-2ba1da097595: shutdown server with port 39023 now
2019-09-19 13:58:04,033 [202307d0-0994-4a5f-bc69-095ec566398d@group-6CF454A4E442-StateMachineUpdater] INFO  ratis.ContainerStateMachine (ContainerStateMachine.java:takeSnapshot(300)) - group-6CF454A4E442: Finished taking a snapshot at:(t:1, i:10) file:/workdir/hadoop-ozone/integration-test/target/test-dir/MiniOzoneClusterImpl-dd3eabca-da74-4633-9d56-ab06f731d67f/datanode-2/data/ratis/a99f7013-c73f-434f-aaf0-6cf454a4e442/sm/snapshot.1_10 time:19
2019-09-19 13:58:04,034 [202307d0-0994-4a5f-bc69-095ec566398d@group-6CF454A4E442-StateMachineUpdater] INFO  impl.StateMachineUpdater (StateMachineUpdater.java:takeSnapshot(258)) - 202307d0-0994-4a5f-bc69-095ec566398d@group-6CF454A4E442-StateMachineUpdater: Took a snapshot at index 10
2019-09-19 13:58:04,034 [202307d0-0994-4a5f-bc69-095ec566398d@group-6CF454A4E442-StateMachineUpdater] INFO  impl.StateMachineUpdater (StateMachineUpdater.java:lambda$new$0(83)) - 202307d0-0994-4a5f-bc69-095ec566398d@group-6CF454A4E442-StateMachineUpdater: snapshotIndex: updateIncreasingly 10 -> 10
2019-09-19 13:58:04,034 [main] INFO  server.GrpcService (GrpcService.java:closeImpl(172)) - b4030cb9-bb90-48fa-8940-2ba1da097595: shutdown server with port 39023 successfully
2019-09-19 13:58:04,034 [ForkJoinPool.commonPool-worker-1] INFO  impl.RaftServerImpl (ServerState.java:close(385)) - 202307d0-0994-4a5f-bc69-095ec566398d@group-6CF454A4E442: closes. applyIndex: 11
2019-09-19 13:58:04,035 [202307d0-0994-4a5f-bc69-095ec566398d@group-6CF454A4E442-SegmentedRaftLogWorker] INFO  segmented.SegmentedRaftLogWorker (SegmentedRaftLogWorker.java:run(313)) - 202307d0-0994-4a5f-bc69-095ec566398d@group-6CF454A4E442-SegmentedRaftLogWorker was interrupted, exiting. There are 0 tasks remaining in the queue.
2019-09-19 13:58:04,037 [ForkJoinPool.commonPool-worker-1] INFO  segmented.SegmentedRaftLogWorker (SegmentedRaftLogWorker.java:close(228)) - 202307d0-0994-4a5f-bc69-095ec566398d@group-6CF454A4E442-SegmentedRaftLogWorker close()
2019-09-19 13:58:04,041 [ForkJoinPool.commonPool-worker-1] INFO  server.GrpcService (GrpcService.java:closeImpl(164)) - 202307d0-0994-4a5f-bc69-095ec566398d: shutdown server with port 40477 now
2019-09-19 13:58:04,042 [grpc-default-executor-7] WARN  server.GrpcServerProtocolService (LogUtils.java:warn(134)) - 202307d0-0994-4a5f-bc69-095ec566398d: installSnapshot onError, lastRequest: ffe9ff16-6c36-4e32-891e-5d8f4d9c1a42->202307d0-0994-4a5f-bc69-095ec566398d#20-t1, previous=(t:1, i:11), leaderCommit=11, initializing? false, entries: <empty>: org.apache.ratis.thirdparty.io.grpc.StatusRuntimeException: CANCELLED: cancelled before receiving half close
2019-09-19 13:58:04,042 [ForkJoinPool.commonPool-worker-1] INFO  server.GrpcService (GrpcService.java:closeImpl(172)) - 202307d0-0994-4a5f-bc69-095ec566398d: shutdown server with port 40477 successfully
2019-09-19 13:58:04,043 [grpc-default-executor-8] WARN  server.GrpcLogAppender (LogUtils.java:warn(134)) - ffe9ff16-6c36-4e32-891e-5d8f4d9c1a42@group-6CF454A4E442->202307d0-0994-4a5f-bc69-095ec566398d-AppendLogResponseHandler: Failed appendEntries: org.apache.ratis.thirdparty.io.grpc.StatusRuntimeException: CANCELLED: HTTP/2 error code: CANCEL
Received Rst Stream
2019-09-19 13:58:04,043 [grpc-default-executor-8] INFO  impl.FollowerInfo (FollowerInfo.java:lambda$new$0(51)) - ffe9ff16-6c36-4e32-891e-5d8f4d9c1a42@group-6CF454A4E442->202307d0-0994-4a5f-bc69-095ec566398d: nextIndex: updateUnconditionally 12 -> 11
2019-09-19 13:58:04,047 [refreshUsed-/workdir/hadoop-ozone/integration-test/target/test-dir/MiniOzoneClusterImpl-dd3eabca-da74-4633-9d56-ab06f731d67f/datanode-2/data/containers] WARN  fs.CachingGetSpaceUsed (CachingGetSpaceUsed.java:run(183)) - Thread Interrupted waiting to refresh disk information: sleep interrupted
2019-09-19 13:58:04,047 [refreshUsed-/workdir/hadoop-ozone/integration-test/target/test-dir/MiniOzoneClusterImpl-dd3eabca-da74-4633-9d56-ab06f731d67f/datanode-3/data/containers] WARN  fs.CachingGetSpaceUsed (CachingGetSpaceUsed.java:run(183)) - Thread Interrupted waiting to refresh disk information: sleep interrupted
2019-09-19 13:58:04,059 [main] INFO  utils.BackgroundService (BackgroundService.java:shutdown(148)) - Shutting down service BlockDeletingService
2019-09-19 13:58:04,065 [main] INFO  statemachine.DatanodeStateMachine (DatanodeStateMachine.java:stopDaemon(395)) - Ozone container server stopped.
2019-09-19 13:58:04,065 [main] INFO  handler.ContextHandler (ContextHandler.java:doStop(910)) - Stopped o.e.j.w.WebAppContext@26b3c9a2{/,null,UNAVAILABLE}{/hddsDatanode}
2019-09-19 13:58:04,066 [main] INFO  server.AbstractConnector (AbstractConnector.java:doStop(318)) - Stopped ServerConnector@241b971f{HTTP/1.1,[http/1.1]}{0.0.0.0:0}
2019-09-19 13:58:04,066 [main] INFO  handler.ContextHandler (ContextHandler.java:doStop(910)) - Stopped o.e.j.s.ServletContextHandler@61b60600{/static,jar:file:/home/user/.m2/repository/org/apache/hadoop/hadoop-hdds-container-service/0.5.0-SNAPSHOT/hadoop-hdds-container-service-0.5.0-SNAPSHOT.jar!/webapps/static,UNAVAILABLE}
2019-09-19 13:58:04,066 [main] INFO  handler.ContextHandler (ContextHandler.java:doStop(910)) - Stopped o.e.j.s.ServletContextHandler@23e61112{/logs,file:///workdir/hadoop-ozone/integration-test/target/log,UNAVAILABLE}
2019-09-19 13:58:04,069 [ForkJoinPool.commonPool-worker-1] INFO  utils.BackgroundService (BackgroundService.java:shutdown(148)) - Shutting down service BlockDeletingService
2019-09-19 13:58:04,075 [ForkJoinPool.commonPool-worker-1] INFO  statemachine.DatanodeStateMachine (DatanodeStateMachine.java:stopDaemon(395)) - Ozone container server stopped.
2019-09-19 13:58:04,080 [ForkJoinPool.commonPool-worker-1] INFO  handler.ContextHandler (ContextHandler.java:doStop(910)) - Stopped o.e.j.w.WebAppContext@723742b2{/,null,UNAVAILABLE}{/hddsDatanode}
2019-09-19 13:58:04,081 [ForkJoinPool.commonPool-worker-1] INFO  server.AbstractConnector (AbstractConnector.java:doStop(318)) - Stopped ServerConnector@559991f5{HTTP/1.1,[http/1.1]}{0.0.0.0:0}
2019-09-19 13:58:04,082 [ForkJoinPool.commonPool-worker-1] INFO  handler.ContextHandler (ContextHandler.java:doStop(910)) - Stopped o.e.j.s.ServletContextHandler@6aae0e6f{/static,jar:file:/home/user/.m2/repository/org/apache/hadoop/hadoop-hdds-container-service/0.5.0-SNAPSHOT/hadoop-hdds-container-service-0.5.0-SNAPSHOT.jar!/webapps/static,UNAVAILABLE}
2019-09-19 13:58:04,084 [ForkJoinPool.commonPool-worker-1] INFO  handler.ContextHandler (ContextHandler.java:doStop(910)) - Stopped o.e.j.s.ServletContextHandler@d8835af{/logs,file:///workdir/hadoop-ozone/integration-test/target/log,UNAVAILABLE}
2019-09-19 13:58:04,163 [Datanode State Machine Thread - 0] INFO  statemachine.DatanodeStateMachine (DatanodeStateMachine.java:lambda$startDaemon$0(350)) - Ozone container server started.
2019-09-19 13:58:04,623 [Datanode State Machine Thread - 0] INFO  statemachine.DatanodeStateMachine (DatanodeStateMachine.java:lambda$startDaemon$0(350)) - Ozone container server started.
2019-09-19 13:58:06,119 [grpc-default-executor-8] WARN  server.GrpcLogAppender (LogUtils.java:warn(134)) - ffe9ff16-6c36-4e32-891e-5d8f4d9c1a42@group-6CF454A4E442->202307d0-0994-4a5f-bc69-095ec566398d-AppendLogResponseHandler: Failed appendEntries: org.apache.ratis.thirdparty.io.grpc.StatusRuntimeException: UNAVAILABLE: io exception
2019-09-19 13:58:06,120 [grpc-default-executor-8] INFO  impl.FollowerInfo (FollowerInfo.java:lambda$new$0(51)) - ffe9ff16-6c36-4e32-891e-5d8f4d9c1a42@group-6CF454A4E442->202307d0-0994-4a5f-bc69-095ec566398d: nextIndex: updateUnconditionally 11 -> 10
2019-09-19 13:58:06,122 [grpc-default-executor-8] WARN  server.GrpcLogAppender (LogUtils.java:warn(134)) - ffe9ff16-6c36-4e32-891e-5d8f4d9c1a42@group-6CF454A4E442->6c9a1640-e1f5-4cdf-82bf-56ab00cf4fe0-AppendLogResponseHandler: Failed appendEntries: org.apache.ratis.thirdparty.io.grpc.StatusRuntimeException: UNAVAILABLE: io exception
2019-09-19 13:58:06,122 [grpc-default-executor-8] INFO  impl.FollowerInfo (FollowerInfo.java:lambda$new$0(51)) - ffe9ff16-6c36-4e32-891e-5d8f4d9c1a42@group-6CF454A4E442->6c9a1640-e1f5-4cdf-82bf-56ab00cf4fe0: nextIndex: updateUnconditionally 7 -> 6
2019-09-19 13:58:08,253 [EventQueue-StaleNodeForStaleNodeHandler] INFO  node.StaleNodeHandler (StaleNodeHandler.java:onMessage(58)) - Datanode ffe9ff16-6c36-4e32-891e-5d8f4d9c1a42{ip: 192.168.36.82, host: pr-hdds-2151-rkvw4-133030696, networkLocation: /default-rack, certSerialId: null} moved to stale state. Finalizing its pipelines [PipelineID=fd614a82-6ac0-40d2-8c25-199f80d5defc, PipelineID=a99f7013-c73f-434f-aaf0-6cf454a4e442]
2019-09-19 13:58:08,254 [EventQueue-StaleNodeForStaleNodeHandler] INFO  pipeline.SCMPipelineManager (SCMPipelineManager.java:finalizeAndDestroyPipeline(311)) - destroying pipeline:Pipeline[ Id: fd614a82-6ac0-40d2-8c25-199f80d5defc, Nodes: ffe9ff16-6c36-4e32-891e-5d8f4d9c1a42{ip: 192.168.36.82, host: pr-hdds-2151-rkvw4-133030696, networkLocation: /default-rack, certSerialId: null}, Type:RATIS, Factor:ONE, State:OPEN]
2019-09-19 13:58:08,255 [EventQueue-StaleNodeForStaleNodeHandler] INFO  pipeline.PipelineStateManager (PipelineStateManager.java:finalizePipeline(123)) - Pipeline Pipeline[ Id: fd614a82-6ac0-40d2-8c25-199f80d5defc, Nodes: ffe9ff16-6c36-4e32-891e-5d8f4d9c1a42{ip: 192.168.36.82, host: pr-hdds-2151-rkvw4-133030696, networkLocation: /default-rack, certSerialId: null}, Type:RATIS, Factor:ONE, State:CLOSED] moved to CLOSED state
2019-09-19 13:58:08,255 [EventQueue-StaleNodeForStaleNodeHandler] INFO  pipeline.SCMPipelineManager (SCMPipelineManager.java:finalizeAndDestroyPipeline(311)) - destroying pipeline:Pipeline[ Id: a99f7013-c73f-434f-aaf0-6cf454a4e442, Nodes: ffe9ff16-6c36-4e32-891e-5d8f4d9c1a42{ip: 192.168.36.82, host: pr-hdds-2151-rkvw4-133030696, networkLocation: /default-rack, certSerialId: null}202307d0-0994-4a5f-bc69-095ec566398d{ip: 192.168.36.82, host: pr-hdds-2151-rkvw4-133030696, networkLocation: /default-rack, certSerialId: null}6c9a1640-e1f5-4cdf-82bf-56ab00cf4fe0{ip: 192.168.36.82, host: pr-hdds-2151-rkvw4-133030696, networkLocation: /default-rack, certSerialId: null}, Type:RATIS, Factor:THREE, State:CLOSED]
2019-09-19 13:58:08,622 [grpc-default-executor-1] WARN  server.GrpcLogAppender (LogUtils.java:warn(134)) - ffe9ff16-6c36-4e32-891e-5d8f4d9c1a42@group-6CF454A4E442->202307d0-0994-4a5f-bc69-095ec566398d-AppendLogResponseHandler: Failed appendEntries: org.apache.ratis.thirdparty.io.grpc.StatusRuntimeException: UNAVAILABLE: io exception
2019-09-19 13:58:08,622 [grpc-default-executor-7] WARN  server.GrpcLogAppender (LogUtils.java:warn(134)) - ffe9ff16-6c36-4e32-891e-5d8f4d9c1a42@group-6CF454A4E442->6c9a1640-e1f5-4cdf-82bf-56ab00cf4fe0-AppendLogResponseHandler: Failed appendEntries: org.apache.ratis.thirdparty.io.grpc.StatusRuntimeException: UNAVAILABLE: io exception
2019-09-19 13:58:08,628 [grpc-default-executor-1] INFO  impl.FollowerInfo (FollowerInfo.java:lambda$new$0(51)) - ffe9ff16-6c36-4e32-891e-5d8f4d9c1a42@group-6CF454A4E442->202307d0-0994-4a5f-bc69-095ec566398d: nextIndex: updateUnconditionally 10 -> 9
2019-09-19 13:58:08,628 [grpc-default-executor-7] INFO  impl.FollowerInfo (FollowerInfo.java:lambda$new$0(51)) - ffe9ff16-6c36-4e32-891e-5d8f4d9c1a42@group-6CF454A4E442->6c9a1640-e1f5-4cdf-82bf-56ab00cf4fe0: nextIndex: updateUnconditionally 6 -> 5
2019-09-19 13:58:08,653 [EventQueue-StaleNodeForStaleNodeHandler] INFO  node.StaleNodeHandler (StaleNodeHandler.java:onMessage(58)) - Datanode b79314af-b76a-4043-8286-658659bd0849{ip: 192.168.36.82, host: pr-hdds-2151-rkvw4-133030696, networkLocation: /default-rack, certSerialId: null} moved to stale state. Finalizing its pipelines []
2019-09-19 13:58:09,068 [main] INFO  ozoneimpl.OzoneContainer (OzoneContainer.java:stop(231)) - Attempting to stop container services.
2019-09-19 13:58:09,069 [main] INFO  impl.RaftServerProxy (RaftServerProxy.java:lambda$close$4(314)) - b79314af-b76a-4043-8286-658659bd0849: close
2019-09-19 13:58:09,073 [main] INFO  server.GrpcService (GrpcService.java:closeImpl(164)) - b79314af-b76a-4043-8286-658659bd0849: shutdown server with port 34896 now
2019-09-19 13:58:09,074 [main] INFO  server.GrpcService (GrpcService.java:closeImpl(172)) - b79314af-b76a-4043-8286-658659bd0849: shutdown server with port 34896 successfully
2019-09-19 13:58:09,086 [ForkJoinPool.commonPool-worker-1] INFO  ozoneimpl.OzoneContainer (OzoneContainer.java:stop(231)) - Attempting to stop container services.
2019-09-19 13:58:09,086 [ForkJoinPool.commonPool-worker-1] INFO  impl.RaftServerProxy (RaftServerProxy.java:lambda$close$4(314)) - ffe9ff16-6c36-4e32-891e-5d8f4d9c1a42: close
2019-09-19 13:58:09,086 [ForkJoinPool.commonPool-worker-1] INFO  impl.RaftServerImpl (RaftServerImpl.java:lambda$shutdown$3(251)) - ffe9ff16-6c36-4e32-891e-5d8f4d9c1a42@group-199F80D5DEFC: shutdown
2019-09-19 13:58:09,086 [ForkJoinPool.commonPool-worker-1] INFO  util.JmxRegister (JmxRegister.java:unregister(73)) - Successfully un-registered JMX Bean with object name Ratis:service=RaftServer,group=group-199F80D5DEFC,id=ffe9ff16-6c36-4e32-891e-5d8f4d9c1a42
2019-09-19 13:58:09,087 [ForkJoinPool.commonPool-worker-1] INFO  impl.RoleInfo (RoleInfo.java:shutdownLeaderState(104)) - ffe9ff16-6c36-4e32-891e-5d8f4d9c1a42: shutdown LeaderState
2019-09-19 13:58:09,087 [ForkJoinPool.commonPool-worker-1] INFO  impl.PendingRequests (PendingRequests.java:sendNotLeaderResponses(202)) - ffe9ff16-6c36-4e32-891e-5d8f4d9c1a42-PendingRequests: sendNotLeaderResponses
2019-09-19 13:58:09,087 [ForkJoinPool.commonPool-worker-1] INFO  impl.StateMachineUpdater (StateMachineUpdater.java:stopAndJoin(125)) - ffe9ff16-6c36-4e32-891e-5d8f4d9c1a42@group-199F80D5DEFC-StateMachineUpdater: set stopIndex = 0
2019-09-19 13:58:09,088 [ForkJoinPool.commonPool-worker-1] INFO  impl.RaftServerImpl (ServerState.java:close(385)) - ffe9ff16-6c36-4e32-891e-5d8f4d9c1a42@group-199F80D5DEFC: closes. applyIndex: 0
2019-09-19 13:58:09,089 [ffe9ff16-6c36-4e32-891e-5d8f4d9c1a42@group-199F80D5DEFC-SegmentedRaftLogWorker] INFO  segmented.SegmentedRaftLogWorker (SegmentedRaftLogWorker.java:run(313)) - ffe9ff16-6c36-4e32-891e-5d8f4d9c1a42@group-199F80D5DEFC-SegmentedRaftLogWorker was interrupted, exiting. There are 0 tasks remaining in the queue.
2019-09-19 13:58:09,089 [refreshUsed-/workdir/hadoop-ozone/integration-test/target/test-dir/MiniOzoneClusterImpl-dd3eabca-da74-4633-9d56-ab06f731d67f/datanode-6/data/containers] WARN  fs.CachingGetSpaceUsed (CachingGetSpaceUsed.java:run(183)) - Thread Interrupted waiting to refresh disk information: sleep interrupted
2019-09-19 13:58:09,091 [ForkJoinPool.commonPool-worker-1] INFO  segmented.SegmentedRaftLogWorker (SegmentedRaftLogWorker.java:close(228)) - ffe9ff16-6c36-4e32-891e-5d8f4d9c1a42@group-199F80D5DEFC-SegmentedRaftLogWorker close()
2019-09-19 13:58:09,095 [ForkJoinPool.commonPool-worker-1] INFO  impl.RaftServerImpl (RaftServerImpl.java:lambda$shutdown$3(251)) - ffe9ff16-6c36-4e32-891e-5d8f4d9c1a42@group-6CF454A4E442: shutdown
2019-09-19 13:58:09,096 [ForkJoinPool.commonPool-worker-1] INFO  util.JmxRegister (JmxRegister.java:unregister(73)) - Successfully un-registered JMX Bean with object name Ratis:service=RaftServer,group=group-6CF454A4E442,id=ffe9ff16-6c36-4e32-891e-5d8f4d9c1a42
2019-09-19 13:58:09,096 [ForkJoinPool.commonPool-worker-1] INFO  impl.RoleInfo (RoleInfo.java:shutdownLeaderState(104)) - ffe9ff16-6c36-4e32-891e-5d8f4d9c1a42: shutdown LeaderState
2019-09-19 13:58:09,100 [ForkJoinPool.commonPool-worker-1] INFO  impl.PendingRequests (PendingRequests.java:sendNotLeaderResponses(202)) - ffe9ff16-6c36-4e32-891e-5d8f4d9c1a42-PendingRequests: sendNotLeaderResponses
2019-09-19 13:58:09,100 [org.apache.ratis.server.impl.LogAppender$AppenderDaemon$$Lambda$491/697863941@4803b7d7] WARN  server.GrpcLogAppender (GrpcLogAppender.java:mayWait(143)) - ffe9ff16-6c36-4e32-891e-5d8f4d9c1a42@group-6CF454A4E442->6c9a1640-e1f5-4cdf-82bf-56ab00cf4fe0-GrpcLogAppender: Wait interrupted by java.lang.InterruptedException
2019-09-19 13:58:09,100 [org.apache.ratis.server.impl.LogAppender$AppenderDaemon$$Lambda$491/697863941@2baa1b93] WARN  server.GrpcLogAppender (GrpcLogAppender.java:mayWait(143)) - ffe9ff16-6c36-4e32-891e-5d8f4d9c1a42@group-6CF454A4E442->202307d0-0994-4a5f-bc69-095ec566398d-GrpcLogAppender: Wait interrupted by java.lang.InterruptedException
2019-09-19 13:58:09,103 [ForkJoinPool.commonPool-worker-1] INFO  impl.StateMachineUpdater (StateMachineUpdater.java:stopAndJoin(125)) - ffe9ff16-6c36-4e32-891e-5d8f4d9c1a42@group-6CF454A4E442-StateMachineUpdater: set stopIndex = 11
2019-09-19 13:58:09,104 [ffe9ff16-6c36-4e32-891e-5d8f4d9c1a42@group-6CF454A4E442-StateMachineUpdater] INFO  ratis.ContainerStateMachine (ContainerStateMachine.java:takeSnapshot(289)) - group-6CF454A4E442: Taking a snapshot at:(t:1, i:11) file /workdir/hadoop-ozone/integration-test/target/test-dir/MiniOzoneClusterImpl-dd3eabca-da74-4633-9d56-ab06f731d67f/datanode-0/data/ratis/a99f7013-c73f-434f-aaf0-6cf454a4e442/sm/snapshot.1_11
2019-09-19 13:58:09,121 [main] INFO  utils.BackgroundService (BackgroundService.java:shutdown(148)) - Shutting down service BlockDeletingService
2019-09-19 13:58:09,127 [main] INFO  statemachine.DatanodeStateMachine (DatanodeStateMachine.java:stopDaemon(395)) - Ozone container server stopped.
2019-09-19 13:58:09,130 [main] INFO  handler.ContextHandler (ContextHandler.java:doStop(910)) - Stopped o.e.j.w.WebAppContext@67d8faec{/,null,UNAVAILABLE}{/hddsDatanode}
2019-09-19 13:58:09,132 [main] INFO  server.AbstractConnector (AbstractConnector.java:doStop(318)) - Stopped ServerConnector@751d7425{HTTP/1.1,[http/1.1]}{0.0.0.0:0}
2019-09-19 13:58:09,133 [main] INFO  handler.ContextHandler (ContextHandler.java:doStop(910)) - Stopped o.e.j.s.ServletContextHandler@6c07ad6b{/static,jar:file:/home/user/.m2/repository/org/apache/hadoop/hadoop-hdds-container-service/0.5.0-SNAPSHOT/hadoop-hdds-container-service-0.5.0-SNAPSHOT.jar!/webapps/static,UNAVAILABLE}
2019-09-19 13:58:09,133 [main] INFO  handler.ContextHandler (ContextHandler.java:doStop(910)) - Stopped o.e.j.s.ServletContextHandler@79add732{/logs,file:///workdir/hadoop-ozone/integration-test/target/log,UNAVAILABLE}
2019-09-19 13:58:09,137 [ffe9ff16-6c36-4e32-891e-5d8f4d9c1a42@group-6CF454A4E442-StateMachineUpdater] INFO  ratis.ContainerStateMachine (ContainerStateMachine.java:takeSnapshot(300)) - group-6CF454A4E442: Finished taking a snapshot at:(t:1, i:11) file:/workdir/hadoop-ozone/integration-test/target/test-dir/MiniOzoneClusterImpl-dd3eabca-da74-4633-9d56-ab06f731d67f/datanode-0/data/ratis/a99f7013-c73f-434f-aaf0-6cf454a4e442/sm/snapshot.1_11 time:33
2019-09-19 13:58:09,138 [ffe9ff16-6c36-4e32-891e-5d8f4d9c1a42@group-6CF454A4E442-StateMachineUpdater] INFO  impl.StateMachineUpdater (StateMachineUpdater.java:takeSnapshot(258)) - ffe9ff16-6c36-4e32-891e-5d8f4d9c1a42@group-6CF454A4E442-StateMachineUpdater: Took a snapshot at index 11
2019-09-19 13:58:09,138 [ffe9ff16-6c36-4e32-891e-5d8f4d9c1a42@group-6CF454A4E442-StateMachineUpdater] INFO  impl.StateMachineUpdater (StateMachineUpdater.java:lambda$new$0(83)) - ffe9ff16-6c36-4e32-891e-5d8f4d9c1a42@group-6CF454A4E442-StateMachineUpdater: snapshotIndex: updateIncreasingly -1 -> 11
2019-09-19 13:58:09,138 [ForkJoinPool.commonPool-worker-1] INFO  impl.RaftServerImpl (ServerState.java:close(385)) - ffe9ff16-6c36-4e32-891e-5d8f4d9c1a42@group-6CF454A4E442: closes. applyIndex: 11
2019-09-19 13:58:09,138 [ffe9ff16-6c36-4e32-891e-5d8f4d9c1a42@group-6CF454A4E442-SegmentedRaftLogWorker] INFO  segmented.SegmentedRaftLogWorker (SegmentedRaftLogWorker.java:run(313)) - ffe9ff16-6c36-4e32-891e-5d8f4d9c1a42@group-6CF454A4E442-SegmentedRaftLogWorker was interrupted, exiting. There are 0 tasks remaining in the queue.
2019-09-19 13:58:09,140 [ForkJoinPool.commonPool-worker-1] INFO  segmented.SegmentedRaftLogWorker (SegmentedRaftLogWorker.java:close(228)) - ffe9ff16-6c36-4e32-891e-5d8f4d9c1a42@group-6CF454A4E442-SegmentedRaftLogWorker close()
2019-09-19 13:58:09,151 [ForkJoinPool.commonPool-worker-1] INFO  server.GrpcService (GrpcService.java:closeImpl(164)) - ffe9ff16-6c36-4e32-891e-5d8f4d9c1a42: shutdown server with port 36574 now
2019-09-19 13:58:09,152 [grpc-default-executor-1] WARN  client.GrpcClientProtocolService (LogUtils.java:warn(134)) - 3-UnorderedRequestStreamObserver3: onError: org.apache.ratis.thirdparty.io.grpc.StatusRuntimeException: CANCELLED: cancelled before receiving half close
2019-09-19 13:58:09,152 [ForkJoinPool.commonPool-worker-1] INFO  server.GrpcService (GrpcService.java:closeImpl(172)) - ffe9ff16-6c36-4e32-891e-5d8f4d9c1a42: shutdown server with port 36574 successfully
2019-09-19 13:58:09,154 [refreshUsed-/workdir/hadoop-ozone/integration-test/target/test-dir/MiniOzoneClusterImpl-dd3eabca-da74-4633-9d56-ab06f731d67f/datanode-0/data/containers] WARN  fs.CachingGetSpaceUsed (CachingGetSpaceUsed.java:run(183)) - Thread Interrupted waiting to refresh disk information: sleep interrupted
2019-09-19 13:58:09,166 [ForkJoinPool.commonPool-worker-1] INFO  utils.BackgroundService (BackgroundService.java:shutdown(148)) - Shutting down service BlockDeletingService
2019-09-19 13:58:09,170 [ForkJoinPool.commonPool-worker-1] INFO  statemachine.DatanodeStateMachine (DatanodeStateMachine.java:stopDaemon(395)) - Ozone container server stopped.
2019-09-19 13:58:09,174 [ForkJoinPool.commonPool-worker-1] INFO  handler.ContextHandler (ContextHandler.java:doStop(910)) - Stopped o.e.j.w.WebAppContext@47fcefb3{/,null,UNAVAILABLE}{/hddsDatanode}
2019-09-19 13:58:09,175 [ForkJoinPool.commonPool-worker-1] INFO  server.AbstractConnector (AbstractConnector.java:doStop(318)) - Stopped ServerConnector@236c098{HTTP/1.1,[http/1.1]}{0.0.0.0:0}
2019-09-19 13:58:09,178 [ForkJoinPool.commonPool-worker-1] INFO  handler.ContextHandler (ContextHandler.java:doStop(910)) - Stopped o.e.j.s.ServletContextHandler@238291d4{/static,jar:file:/home/user/.m2/repository/org/apache/hadoop/hadoop-hdds-container-service/0.5.0-SNAPSHOT/hadoop-hdds-container-service-0.5.0-SNAPSHOT.jar!/webapps/static,UNAVAILABLE}
2019-09-19 13:58:09,179 [ForkJoinPool.commonPool-worker-1] INFO  handler.ContextHandler (ContextHandler.java:doStop(910)) - Stopped o.e.j.s.ServletContextHandler@28ee882c{/logs,file:///workdir/hadoop-ozone/integration-test/target/log,UNAVAILABLE}
2019-09-19 13:58:09,524 [Datanode State Machine Thread - 0] INFO  statemachine.DatanodeStateMachine (DatanodeStateMachine.java:lambda$startDaemon$0(350)) - Ozone container server started.
2019-09-19 13:58:13,499 [Thread-3031] INFO  impl.FollowerState (FollowerState.java:run(106)) - 1aff1733-57f6-45fc-9f0b-1426b548f5f7:group-D21D0AEC2A0D changes to CANDIDATE, lastRpcTime:9912, electionTimeout:5156ms
2019-09-19 13:58:13,501 [Thread-3031] INFO  impl.RoleInfo (RoleInfo.java:shutdownFollowerState(121)) - 1aff1733-57f6-45fc-9f0b-1426b548f5f7: shutdown FollowerState
2019-09-19 13:58:13,501 [Thread-3031] INFO  impl.RaftServerImpl (RaftServerImpl.java:setRole(174)) - 1aff1733-57f6-45fc-9f0b-1426b548f5f7@group-D21D0AEC2A0D: changes role from  FOLLOWER to CANDIDATE at term 4 for changeToCandidate
2019-09-19 13:58:13,502 [Thread-3031] INFO  impl.RoleInfo (RoleInfo.java:updateAndGet(143)) - 1aff1733-57f6-45fc-9f0b-1426b548f5f7: start LeaderElection
2019-09-19 13:58:13,504 [1aff1733-57f6-45fc-9f0b-1426b548f5f7@group-D21D0AEC2A0D:LeaderElection64] INFO  impl.RaftServerImpl (ServerState.java:setLeader(253)) - 1aff1733-57f6-45fc-9f0b-1426b548f5f7@group-D21D0AEC2A0D: change Leader from b4030cb9-bb90-48fa-8940-2ba1da097595 to null at term 4 for initElection
2019-09-19 13:58:13,533 [1aff1733-57f6-45fc-9f0b-1426b548f5f7@group-D21D0AEC2A0D:LeaderElection64] INFO  impl.LeaderElection (LeaderElection.java:askForVotes(182)) - 1aff1733-57f6-45fc-9f0b-1426b548f5f7@group-D21D0AEC2A0D:LeaderElection64: begin an election at term 5 for 1: [1aff1733-57f6-45fc-9f0b-1426b548f5f7:192.168.36.82:39053, de9a6245-bc05-4757-817d-214bc59448ea:192.168.36.82:35305, b4030cb9-bb90-48fa-8940-2ba1da097595:192.168.36.82:39023], old=null
2019-09-19 13:58:13,544 [1aff1733-57f6-45fc-9f0b-1426b548f5f7@group-D21D0AEC2A0D:LeaderElection64] INFO  impl.LeaderElection (LogUtils.java:infoOrTrace(149)) - 1aff1733-57f6-45fc-9f0b-1426b548f5f7@group-D21D0AEC2A0D:LeaderElection64 got exception when requesting votes: {}
java.util.concurrent.ExecutionException: org.apache.ratis.thirdparty.io.grpc.StatusRuntimeException: UNAVAILABLE: io exception
	at java.util.concurrent.FutureTask.report(FutureTask.java:122)
	at java.util.concurrent.FutureTask.get(FutureTask.java:192)
	at org.apache.ratis.server.impl.LeaderElection.waitForResults(LeaderElection.java:263)
	at org.apache.ratis.server.impl.LeaderElection.askForVotes(LeaderElection.java:201)
	at org.apache.ratis.server.impl.LeaderElection.run(LeaderElection.java:133)
	at java.lang.Thread.run(Thread.java:748)
Caused by: org.apache.ratis.thirdparty.io.grpc.StatusRuntimeException: UNAVAILABLE: io exception
	at org.apache.ratis.thirdparty.io.grpc.stub.ClientCalls.toStatusRuntimeException(ClientCalls.java:233)
	at org.apache.ratis.thirdparty.io.grpc.stub.ClientCalls.getUnchecked(ClientCalls.java:214)
	at org.apache.ratis.thirdparty.io.grpc.stub.ClientCalls.blockingUnaryCall(ClientCalls.java:139)
	at org.apache.ratis.proto.grpc.RaftServerProtocolServiceGrpc$RaftServerProtocolServiceBlockingStub.requestVote(RaftServerProtocolServiceGrpc.java:265)
	at org.apache.ratis.grpc.server.GrpcServerProtocolClient.requestVote(GrpcServerProtocolClient.java:90)
	at org.apache.ratis.grpc.server.GrpcService.requestVote(GrpcService.java:204)
	at org.apache.ratis.server.impl.LeaderElection.lambda$submitRequests$1(LeaderElection.java:238)
	at java.util.concurrent.FutureTask.run(FutureTask.java:266)
	at java.util.concurrent.Executors$RunnableAdapter.call(Executors.java:511)
	at java.util.concurrent.FutureTask.run(FutureTask.java:266)
	at java.util.concurrent.ThreadPoolExecutor.runWorker(ThreadPoolExecutor.java:1149)
	at java.util.concurrent.ThreadPoolExecutor$Worker.run(ThreadPoolExecutor.java:624)
	... 1 more
Caused by: org.apache.ratis.thirdparty.io.netty.channel.AbstractChannel$AnnotatedConnectException: Connection refused: /192.168.36.82:35305
	at sun.nio.ch.SocketChannelImpl.checkConnect(Native Method)
	at sun.nio.ch.SocketChannelImpl.finishConnect(SocketChannelImpl.java:717)
	at org.apache.ratis.thirdparty.io.netty.channel.socket.nio.NioSocketChannel.doFinishConnect(NioSocketChannel.java:327)
	at org.apache.ratis.thirdparty.io.netty.channel.nio.AbstractNioChannel$AbstractNioUnsafe.finishConnect(AbstractNioChannel.java:340)
	at org.apache.ratis.thirdparty.io.netty.channel.nio.NioEventLoop.processSelectedKey(NioEventLoop.java:632)
	at org.apache.ratis.thirdparty.io.netty.channel.nio.NioEventLoop.processSelectedKeysOptimized(NioEventLoop.java:579)
	at org.apache.ratis.thirdparty.io.netty.channel.nio.NioEventLoop.processSelectedKeys(NioEventLoop.java:496)
	at org.apache.ratis.thirdparty.io.netty.channel.nio.NioEventLoop.run(NioEventLoop.java:458)
	at org.apache.ratis.thirdparty.io.netty.util.concurrent.SingleThreadEventExecutor$5.run(SingleThreadEventExecutor.java:897)
	at org.apache.ratis.thirdparty.io.netty.util.concurrent.FastThreadLocalRunnable.run(FastThreadLocalRunnable.java:30)
	... 1 more
Caused by: java.net.ConnectException: Connection refused
	... 11 more
2019-09-19 13:58:13,550 [1aff1733-57f6-45fc-9f0b-1426b548f5f7@group-D21D0AEC2A0D:LeaderElection64] INFO  impl.LeaderElection (LogUtils.java:infoOrTrace(149)) - 1aff1733-57f6-45fc-9f0b-1426b548f5f7@group-D21D0AEC2A0D:LeaderElection64 got exception when requesting votes: {}
java.util.concurrent.ExecutionException: org.apache.ratis.thirdparty.io.grpc.StatusRuntimeException: UNAVAILABLE: io exception
	at java.util.concurrent.FutureTask.report(FutureTask.java:122)
	at java.util.concurrent.FutureTask.get(FutureTask.java:192)
	at org.apache.ratis.server.impl.LeaderElection.waitForResults(LeaderElection.java:263)
	at org.apache.ratis.server.impl.LeaderElection.askForVotes(LeaderElection.java:201)
	at org.apache.ratis.server.impl.LeaderElection.run(LeaderElection.java:133)
	at java.lang.Thread.run(Thread.java:748)
Caused by: org.apache.ratis.thirdparty.io.grpc.StatusRuntimeException: UNAVAILABLE: io exception
	at org.apache.ratis.thirdparty.io.grpc.stub.ClientCalls.toStatusRuntimeException(ClientCalls.java:233)
	at org.apache.ratis.thirdparty.io.grpc.stub.ClientCalls.getUnchecked(ClientCalls.java:214)
	at org.apache.ratis.thirdparty.io.grpc.stub.ClientCalls.blockingUnaryCall(ClientCalls.java:139)
	at org.apache.ratis.proto.grpc.RaftServerProtocolServiceGrpc$RaftServerProtocolServiceBlockingStub.requestVote(RaftServerProtocolServiceGrpc.java:265)
	at org.apache.ratis.grpc.server.GrpcServerProtocolClient.requestVote(GrpcServerProtocolClient.java:90)
	at org.apache.ratis.grpc.server.GrpcService.requestVote(GrpcService.java:204)
	at org.apache.ratis.server.impl.LeaderElection.lambda$submitRequests$1(LeaderElection.java:238)
	at java.util.concurrent.FutureTask.run(FutureTask.java:266)
	at java.util.concurrent.Executors$RunnableAdapter.call(Executors.java:511)
	at java.util.concurrent.FutureTask.run(FutureTask.java:266)
	at java.util.concurrent.ThreadPoolExecutor.runWorker(ThreadPoolExecutor.java:1149)
	at java.util.concurrent.ThreadPoolExecutor$Worker.run(ThreadPoolExecutor.java:624)
	... 1 more
Caused by: org.apache.ratis.thirdparty.io.netty.channel.AbstractChannel$AnnotatedConnectException: Connection refused: /192.168.36.82:39023
	at sun.nio.ch.SocketChannelImpl.checkConnect(Native Method)
	at sun.nio.ch.SocketChannelImpl.finishConnect(SocketChannelImpl.java:717)
	at org.apache.ratis.thirdparty.io.netty.channel.socket.nio.NioSocketChannel.doFinishConnect(NioSocketChannel.java:327)
	at org.apache.ratis.thirdparty.io.netty.channel.nio.AbstractNioChannel$AbstractNioUnsafe.finishConnect(AbstractNioChannel.java:340)
	at org.apache.ratis.thirdparty.io.netty.channel.nio.NioEventLoop.processSelectedKey(NioEventLoop.java:632)
	at org.apache.ratis.thirdparty.io.netty.channel.nio.NioEventLoop.processSelectedKeysOptimized(NioEventLoop.java:579)
	at org.apache.ratis.thirdparty.io.netty.channel.nio.NioEventLoop.processSelectedKeys(NioEventLoop.java:496)
	at org.apache.ratis.thirdparty.io.netty.channel.nio.NioEventLoop.run(NioEventLoop.java:458)
	at org.apache.ratis.thirdparty.io.netty.util.concurrent.SingleThreadEventExecutor$5.run(SingleThreadEventExecutor.java:897)
	at org.apache.ratis.thirdparty.io.netty.util.concurrent.FastThreadLocalRunnable.run(FastThreadLocalRunnable.java:30)
	... 1 more
Caused by: java.net.ConnectException: Connection refused
	... 11 more
2019-09-19 13:58:13,552 [1aff1733-57f6-45fc-9f0b-1426b548f5f7@group-D21D0AEC2A0D:LeaderElection64] INFO  impl.LeaderElection (LeaderElection.java:logAndReturn(56)) - 1aff1733-57f6-45fc-9f0b-1426b548f5f7@group-D21D0AEC2A0D:LeaderElection64: Election REJECTED; received 0 response(s) [] and 2 exception(s); 1aff1733-57f6-45fc-9f0b-1426b548f5f7@group-D21D0AEC2A0D:t5, leader=null, voted=1aff1733-57f6-45fc-9f0b-1426b548f5f7, raftlog=1aff1733-57f6-45fc-9f0b-1426b548f5f7@group-D21D0AEC2A0D-SegmentedRaftLog:OPENED:c14,f14,i14, conf=1: [1aff1733-57f6-45fc-9f0b-1426b548f5f7:192.168.36.82:39053, de9a6245-bc05-4757-817d-214bc59448ea:192.168.36.82:35305, b4030cb9-bb90-48fa-8940-2ba1da097595:192.168.36.82:39023], old=null
2019-09-19 13:58:13,552 [1aff1733-57f6-45fc-9f0b-1426b548f5f7@group-D21D0AEC2A0D:LeaderElection64] INFO  impl.LeaderElection (LogUtils.java:infoOrTrace(149)) -   Exception 0: {}
java.util.concurrent.ExecutionException: org.apache.ratis.thirdparty.io.grpc.StatusRuntimeException: UNAVAILABLE: io exception
	at java.util.concurrent.FutureTask.report(FutureTask.java:122)
	at java.util.concurrent.FutureTask.get(FutureTask.java:192)
	at org.apache.ratis.server.impl.LeaderElection.waitForResults(LeaderElection.java:263)
	at org.apache.ratis.server.impl.LeaderElection.askForVotes(LeaderElection.java:201)
	at org.apache.ratis.server.impl.LeaderElection.run(LeaderElection.java:133)
	at java.lang.Thread.run(Thread.java:748)
Caused by: org.apache.ratis.thirdparty.io.grpc.StatusRuntimeException: UNAVAILABLE: io exception
	at org.apache.ratis.thirdparty.io.grpc.stub.ClientCalls.toStatusRuntimeException(ClientCalls.java:233)
	at org.apache.ratis.thirdparty.io.grpc.stub.ClientCalls.getUnchecked(ClientCalls.java:214)
	at org.apache.ratis.thirdparty.io.grpc.stub.ClientCalls.blockingUnaryCall(ClientCalls.java:139)
	at org.apache.ratis.proto.grpc.RaftServerProtocolServiceGrpc$RaftServerProtocolServiceBlockingStub.requestVote(RaftServerProtocolServiceGrpc.java:265)
	at org.apache.ratis.grpc.server.GrpcServerProtocolClient.requestVote(GrpcServerProtocolClient.java:90)
	at org.apache.ratis.grpc.server.GrpcService.requestVote(GrpcService.java:204)
	at org.apache.ratis.server.impl.LeaderElection.lambda$submitRequests$1(LeaderElection.java:238)
	at java.util.concurrent.FutureTask.run(FutureTask.java:266)
	at java.util.concurrent.Executors$RunnableAdapter.call(Executors.java:511)
	at java.util.concurrent.FutureTask.run(FutureTask.java:266)
	at java.util.concurrent.ThreadPoolExecutor.runWorker(ThreadPoolExecutor.java:1149)
	at java.util.concurrent.ThreadPoolExecutor$Worker.run(ThreadPoolExecutor.java:624)
	... 1 more
Caused by: org.apache.ratis.thirdparty.io.netty.channel.AbstractChannel$AnnotatedConnectException: Connection refused: /192.168.36.82:35305
	at sun.nio.ch.SocketChannelImpl.checkConnect(Native Method)
	at sun.nio.ch.SocketChannelImpl.finishConnect(SocketChannelImpl.java:717)
	at org.apache.ratis.thirdparty.io.netty.channel.socket.nio.NioSocketChannel.doFinishConnect(NioSocketChannel.java:327)
	at org.apache.ratis.thirdparty.io.netty.channel.nio.AbstractNioChannel$AbstractNioUnsafe.finishConnect(AbstractNioChannel.java:340)
	at org.apache.ratis.thirdparty.io.netty.channel.nio.NioEventLoop.processSelectedKey(NioEventLoop.java:632)
	at org.apache.ratis.thirdparty.io.netty.channel.nio.NioEventLoop.processSelectedKeysOptimized(NioEventLoop.java:579)
	at org.apache.ratis.thirdparty.io.netty.channel.nio.NioEventLoop.processSelectedKeys(NioEventLoop.java:496)
	at org.apache.ratis.thirdparty.io.netty.channel.nio.NioEventLoop.run(NioEventLoop.java:458)
	at org.apache.ratis.thirdparty.io.netty.util.concurrent.SingleThreadEventExecutor$5.run(SingleThreadEventExecutor.java:897)
	at org.apache.ratis.thirdparty.io.netty.util.concurrent.FastThreadLocalRunnable.run(FastThreadLocalRunnable.java:30)
	... 1 more
Caused by: java.net.ConnectException: Connection refused
	... 11 more
2019-09-19 13:58:13,553 [1aff1733-57f6-45fc-9f0b-1426b548f5f7@group-D21D0AEC2A0D:LeaderElection64] INFO  impl.LeaderElection (LogUtils.java:infoOrTrace(149)) -   Exception 1: {}
java.util.concurrent.ExecutionException: org.apache.ratis.thirdparty.io.grpc.StatusRuntimeException: UNAVAILABLE: io exception
	at java.util.concurrent.FutureTask.report(FutureTask.java:122)
	at java.util.concurrent.FutureTask.get(FutureTask.java:192)
	at org.apache.ratis.server.impl.LeaderElection.waitForResults(LeaderElection.java:263)
	at org.apache.ratis.server.impl.LeaderElection.askForVotes(LeaderElection.java:201)
	at org.apache.ratis.server.impl.LeaderElection.run(LeaderElection.java:133)
	at java.lang.Thread.run(Thread.java:748)
Caused by: org.apache.ratis.thirdparty.io.grpc.StatusRuntimeException: UNAVAILABLE: io exception
	at org.apache.ratis.thirdparty.io.grpc.stub.ClientCalls.toStatusRuntimeException(ClientCalls.java:233)
	at org.apache.ratis.thirdparty.io.grpc.stub.ClientCalls.getUnchecked(ClientCalls.java:214)
	at org.apache.ratis.thirdparty.io.grpc.stub.ClientCalls.blockingUnaryCall(ClientCalls.java:139)
	at org.apache.ratis.proto.grpc.RaftServerProtocolServiceGrpc$RaftServerProtocolServiceBlockingStub.requestVote(RaftServerProtocolServiceGrpc.java:265)
	at org.apache.ratis.grpc.server.GrpcServerProtocolClient.requestVote(GrpcServerProtocolClient.java:90)
	at org.apache.ratis.grpc.server.GrpcService.requestVote(GrpcService.java:204)
	at org.apache.ratis.server.impl.LeaderElection.lambda$submitRequests$1(LeaderElection.java:238)
	at java.util.concurrent.FutureTask.run(FutureTask.java:266)
	at java.util.concurrent.Executors$RunnableAdapter.call(Executors.java:511)
	at java.util.concurrent.FutureTask.run(FutureTask.java:266)
	at java.util.concurrent.ThreadPoolExecutor.runWorker(ThreadPoolExecutor.java:1149)
	at java.util.concurrent.ThreadPoolExecutor$Worker.run(ThreadPoolExecutor.java:624)
	... 1 more
Caused by: org.apache.ratis.thirdparty.io.netty.channel.AbstractChannel$AnnotatedConnectException: Connection refused: /192.168.36.82:39023
	at sun.nio.ch.SocketChannelImpl.checkConnect(Native Method)
	at sun.nio.ch.SocketChannelImpl.finishConnect(SocketChannelImpl.java:717)
	at org.apache.ratis.thirdparty.io.netty.channel.socket.nio.NioSocketChannel.doFinishConnect(NioSocketChannel.java:327)
	at org.apache.ratis.thirdparty.io.netty.channel.nio.AbstractNioChannel$AbstractNioUnsafe.finishConnect(AbstractNioChannel.java:340)
	at org.apache.ratis.thirdparty.io.netty.channel.nio.NioEventLoop.processSelectedKey(NioEventLoop.java:632)
	at org.apache.ratis.thirdparty.io.netty.channel.nio.NioEventLoop.processSelectedKeysOptimized(NioEventLoop.java:579)
	at org.apache.ratis.thirdparty.io.netty.channel.nio.NioEventLoop.processSelectedKeys(NioEventLoop.java:496)
	at org.apache.ratis.thirdparty.io.netty.channel.nio.NioEventLoop.run(NioEventLoop.java:458)
	at org.apache.ratis.thirdparty.io.netty.util.concurrent.SingleThreadEventExecutor$5.run(SingleThreadEventExecutor.java:897)
	at org.apache.ratis.thirdparty.io.netty.util.concurrent.FastThreadLocalRunnable.run(FastThreadLocalRunnable.java:30)
	... 1 more
Caused by: java.net.ConnectException: Connection refused
	... 11 more
2019-09-19 13:58:13,554 [1aff1733-57f6-45fc-9f0b-1426b548f5f7@group-D21D0AEC2A0D:LeaderElection64] INFO  impl.RaftServerImpl (RaftServerImpl.java:setRole(174)) - 1aff1733-57f6-45fc-9f0b-1426b548f5f7@group-D21D0AEC2A0D: changes role from CANDIDATE to FOLLOWER at term 5 for DISCOVERED_A_NEW_TERM
2019-09-19 13:58:13,554 [1aff1733-57f6-45fc-9f0b-1426b548f5f7@group-D21D0AEC2A0D:LeaderElection64] INFO  impl.RoleInfo (RoleInfo.java:shutdownLeaderElection(134)) - 1aff1733-57f6-45fc-9f0b-1426b548f5f7: shutdown LeaderElection
2019-09-19 13:58:13,554 [1aff1733-57f6-45fc-9f0b-1426b548f5f7@group-D21D0AEC2A0D:LeaderElection64] INFO  impl.RoleInfo (RoleInfo.java:updateAndGet(143)) - 1aff1733-57f6-45fc-9f0b-1426b548f5f7: start FollowerState
2019-09-19 13:58:13,560 [EventQueue-StaleNodeForStaleNodeHandler] INFO  node.StaleNodeHandler (StaleNodeHandler.java:onMessage(58)) - Datanode 1aff1733-57f6-45fc-9f0b-1426b548f5f7{ip: 192.168.36.82, host: pr-hdds-2151-rkvw4-133030696, networkLocation: /default-rack, certSerialId: null} moved to stale state. Finalizing its pipelines [PipelineID=6c2d9b7b-cc54-4ebc-bac6-d21d0aec2a0d, PipelineID=37873a7b-599f-4c1c-9bdb-5048440e1b97]
2019-09-19 13:58:13,562 [EventQueue-StaleNodeForStaleNodeHandler] INFO  pipeline.SCMPipelineManager (SCMPipelineManager.java:finalizeAndDestroyPipeline(311)) - destroying pipeline:Pipeline[ Id: 6c2d9b7b-cc54-4ebc-bac6-d21d0aec2a0d, Nodes: 1aff1733-57f6-45fc-9f0b-1426b548f5f7{ip: 192.168.36.82, host: pr-hdds-2151-rkvw4-133030696, networkLocation: /default-rack, certSerialId: null}de9a6245-bc05-4757-817d-214bc59448ea{ip: 192.168.36.82, host: pr-hdds-2151-rkvw4-133030696, networkLocation: /default-rack, certSerialId: null}b4030cb9-bb90-48fa-8940-2ba1da097595{ip: 192.168.36.82, host: pr-hdds-2151-rkvw4-133030696, networkLocation: /default-rack, certSerialId: null}, Type:RATIS, Factor:THREE, State:CLOSED]
2019-09-19 13:58:13,562 [EventQueue-StaleNodeForStaleNodeHandler] INFO  pipeline.SCMPipelineManager (SCMPipelineManager.java:finalizeAndDestroyPipeline(311)) - destroying pipeline:Pipeline[ Id: 37873a7b-599f-4c1c-9bdb-5048440e1b97, Nodes: 1aff1733-57f6-45fc-9f0b-1426b548f5f7{ip: 192.168.36.82, host: pr-hdds-2151-rkvw4-133030696, networkLocation: /default-rack, certSerialId: null}, Type:RATIS, Factor:ONE, State:OPEN]
2019-09-19 13:58:13,562 [EventQueue-StaleNodeForStaleNodeHandler] INFO  pipeline.PipelineStateManager (PipelineStateManager.java:finalizePipeline(123)) - Pipeline Pipeline[ Id: 37873a7b-599f-4c1c-9bdb-5048440e1b97, Nodes: 1aff1733-57f6-45fc-9f0b-1426b548f5f7{ip: 192.168.36.82, host: pr-hdds-2151-rkvw4-133030696, networkLocation: /default-rack, certSerialId: null}, Type:RATIS, Factor:ONE, State:CLOSED] moved to CLOSED state
2019-09-19 13:58:14,136 [main] INFO  ozoneimpl.OzoneContainer (OzoneContainer.java:stop(231)) - Attempting to stop container services.
2019-09-19 13:58:14,139 [main] INFO  impl.RaftServerProxy (RaftServerProxy.java:lambda$close$4(314)) - 1aff1733-57f6-45fc-9f0b-1426b548f5f7: close
2019-09-19 13:58:14,140 [main] INFO  impl.RaftServerImpl (RaftServerImpl.java:lambda$shutdown$3(251)) - 1aff1733-57f6-45fc-9f0b-1426b548f5f7@group-D21D0AEC2A0D: shutdown
2019-09-19 13:58:14,141 [main] INFO  util.JmxRegister (JmxRegister.java:unregister(73)) - Successfully un-registered JMX Bean with object name Ratis:service=RaftServer,group=group-D21D0AEC2A0D,id=1aff1733-57f6-45fc-9f0b-1426b548f5f7
2019-09-19 13:58:14,141 [main] INFO  impl.RoleInfo (RoleInfo.java:shutdownFollowerState(121)) - 1aff1733-57f6-45fc-9f0b-1426b548f5f7: shutdown FollowerState
2019-09-19 13:58:14,142 [main] INFO  impl.StateMachineUpdater (StateMachineUpdater.java:stopAndJoin(125)) - 1aff1733-57f6-45fc-9f0b-1426b548f5f7@group-D21D0AEC2A0D-StateMachineUpdater: set stopIndex = 14
2019-09-19 13:58:14,142 [Thread-3102] INFO  impl.FollowerState (FollowerState.java:run(115)) - 1aff1733-57f6-45fc-9f0b-1426b548f5f7: FollowerState was interrupted: java.lang.InterruptedException: sleep interrupted
2019-09-19 13:58:14,142 [1aff1733-57f6-45fc-9f0b-1426b548f5f7@group-D21D0AEC2A0D-StateMachineUpdater] INFO  ratis.ContainerStateMachine (ContainerStateMachine.java:takeSnapshot(289)) - group-D21D0AEC2A0D: Taking a snapshot at:(t:4, i:9) file /workdir/hadoop-ozone/integration-test/target/test-dir/MiniOzoneClusterImpl-dd3eabca-da74-4633-9d56-ab06f731d67f/datanode-5/data/ratis/6c2d9b7b-cc54-4ebc-bac6-d21d0aec2a0d/sm/snapshot.4_9
2019-09-19 13:58:14,160 [1aff1733-57f6-45fc-9f0b-1426b548f5f7@group-D21D0AEC2A0D-StateMachineUpdater] INFO  ratis.ContainerStateMachine (ContainerStateMachine.java:takeSnapshot(300)) - group-D21D0AEC2A0D: Finished taking a snapshot at:(t:4, i:9) file:/workdir/hadoop-ozone/integration-test/target/test-dir/MiniOzoneClusterImpl-dd3eabca-da74-4633-9d56-ab06f731d67f/datanode-5/data/ratis/6c2d9b7b-cc54-4ebc-bac6-d21d0aec2a0d/sm/snapshot.4_9 time:18
2019-09-19 13:58:14,161 [1aff1733-57f6-45fc-9f0b-1426b548f5f7@group-D21D0AEC2A0D-StateMachineUpdater] INFO  impl.StateMachineUpdater (StateMachineUpdater.java:takeSnapshot(258)) - 1aff1733-57f6-45fc-9f0b-1426b548f5f7@group-D21D0AEC2A0D-StateMachineUpdater: Took a snapshot at index 9
2019-09-19 13:58:14,161 [1aff1733-57f6-45fc-9f0b-1426b548f5f7@group-D21D0AEC2A0D-StateMachineUpdater] INFO  impl.StateMachineUpdater (StateMachineUpdater.java:lambda$new$0(83)) - 1aff1733-57f6-45fc-9f0b-1426b548f5f7@group-D21D0AEC2A0D-StateMachineUpdater: snapshotIndex: updateIncreasingly -1 -> 9
2019-09-19 13:58:14,162 [1aff1733-57f6-45fc-9f0b-1426b548f5f7@group-D21D0AEC2A0D-StateMachineUpdater] INFO  ratis.ContainerStateMachine (ContainerStateMachine.java:takeSnapshot(289)) - group-D21D0AEC2A0D: Taking a snapshot at:(t:4, i:9) file /workdir/hadoop-ozone/integration-test/target/test-dir/MiniOzoneClusterImpl-dd3eabca-da74-4633-9d56-ab06f731d67f/datanode-5/data/ratis/6c2d9b7b-cc54-4ebc-bac6-d21d0aec2a0d/sm/snapshot.4_9
2019-09-19 13:58:14,174 [1aff1733-57f6-45fc-9f0b-1426b548f5f7@group-D21D0AEC2A0D-StateMachineUpdater] INFO  ratis.ContainerStateMachine (ContainerStateMachine.java:takeSnapshot(300)) - group-D21D0AEC2A0D: Finished taking a snapshot at:(t:4, i:9) file:/workdir/hadoop-ozone/integration-test/target/test-dir/MiniOzoneClusterImpl-dd3eabca-da74-4633-9d56-ab06f731d67f/datanode-5/data/ratis/6c2d9b7b-cc54-4ebc-bac6-d21d0aec2a0d/sm/snapshot.4_9 time:12
2019-09-19 13:58:14,174 [1aff1733-57f6-45fc-9f0b-1426b548f5f7@group-D21D0AEC2A0D-StateMachineUpdater] INFO  impl.StateMachineUpdater (StateMachineUpdater.java:takeSnapshot(258)) - 1aff1733-57f6-45fc-9f0b-1426b548f5f7@group-D21D0AEC2A0D-StateMachineUpdater: Took a snapshot at index 9
2019-09-19 13:58:14,174 [1aff1733-57f6-45fc-9f0b-1426b548f5f7@group-D21D0AEC2A0D-StateMachineUpdater] INFO  impl.StateMachineUpdater (StateMachineUpdater.java:lambda$new$0(83)) - 1aff1733-57f6-45fc-9f0b-1426b548f5f7@group-D21D0AEC2A0D-StateMachineUpdater: snapshotIndex: updateIncreasingly 9 -> 9
2019-09-19 13:58:14,175 [main] INFO  impl.RaftServerImpl (ServerState.java:close(385)) - 1aff1733-57f6-45fc-9f0b-1426b548f5f7@group-D21D0AEC2A0D: closes. applyIndex: 14
2019-09-19 13:58:14,175 [1aff1733-57f6-45fc-9f0b-1426b548f5f7@group-D21D0AEC2A0D-SegmentedRaftLogWorker] INFO  segmented.SegmentedRaftLogWorker (SegmentedRaftLogWorker.java:run(313)) - 1aff1733-57f6-45fc-9f0b-1426b548f5f7@group-D21D0AEC2A0D-SegmentedRaftLogWorker was interrupted, exiting. There are 0 tasks remaining in the queue.
2019-09-19 13:58:14,176 [main] INFO  segmented.SegmentedRaftLogWorker (SegmentedRaftLogWorker.java:close(228)) - 1aff1733-57f6-45fc-9f0b-1426b548f5f7@group-D21D0AEC2A0D-SegmentedRaftLogWorker close()
2019-09-19 13:58:14,177 [main] INFO  impl.RaftServerImpl (RaftServerImpl.java:lambda$shutdown$3(251)) - 1aff1733-57f6-45fc-9f0b-1426b548f5f7@group-5048440E1B97: shutdown
2019-09-19 13:58:14,178 [main] INFO  util.JmxRegister (JmxRegister.java:unregister(73)) - Successfully un-registered JMX Bean with object name Ratis:service=RaftServer,group=group-5048440E1B97,id=1aff1733-57f6-45fc-9f0b-1426b548f5f7
2019-09-19 13:58:14,178 [main] INFO  impl.RoleInfo (RoleInfo.java:shutdownLeaderState(104)) - 1aff1733-57f6-45fc-9f0b-1426b548f5f7: shutdown LeaderState
2019-09-19 13:58:14,179 [main] INFO  impl.PendingRequests (PendingRequests.java:sendNotLeaderResponses(202)) - 1aff1733-57f6-45fc-9f0b-1426b548f5f7-PendingRequests: sendNotLeaderResponses
2019-09-19 13:58:14,179 [main] INFO  impl.StateMachineUpdater (StateMachineUpdater.java:stopAndJoin(125)) - 1aff1733-57f6-45fc-9f0b-1426b548f5f7@group-5048440E1B97-StateMachineUpdater: set stopIndex = 0
2019-09-19 13:58:14,179 [main] INFO  impl.RaftServerImpl (ServerState.java:close(385)) - 1aff1733-57f6-45fc-9f0b-1426b548f5f7@group-5048440E1B97: closes. applyIndex: 0
2019-09-19 13:58:14,180 [1aff1733-57f6-45fc-9f0b-1426b548f5f7@group-5048440E1B97-SegmentedRaftLogWorker] INFO  segmented.SegmentedRaftLogWorker (SegmentedRaftLogWorker.java:run(313)) - 1aff1733-57f6-45fc-9f0b-1426b548f5f7@group-5048440E1B97-SegmentedRaftLogWorker was interrupted, exiting. There are 0 tasks remaining in the queue.
2019-09-19 13:58:14,180 [main] INFO  segmented.SegmentedRaftLogWorker (SegmentedRaftLogWorker.java:close(228)) - 1aff1733-57f6-45fc-9f0b-1426b548f5f7@group-5048440E1B97-SegmentedRaftLogWorker close()
2019-09-19 13:58:14,182 [main] INFO  server.GrpcService (GrpcService.java:closeImpl(164)) - 1aff1733-57f6-45fc-9f0b-1426b548f5f7: shutdown server with port 39053 now
2019-09-19 13:58:14,183 [main] INFO  server.GrpcService (GrpcService.java:closeImpl(172)) - 1aff1733-57f6-45fc-9f0b-1426b548f5f7: shutdown server with port 39053 successfully
2019-09-19 13:58:14,186 [refreshUsed-/workdir/hadoop-ozone/integration-test/target/test-dir/MiniOzoneClusterImpl-dd3eabca-da74-4633-9d56-ab06f731d67f/datanode-5/data/containers] WARN  fs.CachingGetSpaceUsed (CachingGetSpaceUsed.java:run(183)) - Thread Interrupted waiting to refresh disk information: sleep interrupted
2019-09-19 13:58:14,205 [main] INFO  utils.BackgroundService (BackgroundService.java:shutdown(148)) - Shutting down service BlockDeletingService
2019-09-19 13:58:14,210 [main] INFO  statemachine.DatanodeStateMachine (DatanodeStateMachine.java:stopDaemon(395)) - Ozone container server stopped.
2019-09-19 13:58:14,232 [main] INFO  handler.ContextHandler (ContextHandler.java:doStop(910)) - Stopped o.e.j.w.WebAppContext@11e71181{/,null,UNAVAILABLE}{/hddsDatanode}
2019-09-19 13:58:14,233 [main] INFO  server.AbstractConnector (AbstractConnector.java:doStop(318)) - Stopped ServerConnector@342beaf6{HTTP/1.1,[http/1.1]}{0.0.0.0:0}
2019-09-19 13:58:14,234 [main] INFO  handler.ContextHandler (ContextHandler.java:doStop(910)) - Stopped o.e.j.s.ServletContextHandler@ef86c72{/static,jar:file:/home/user/.m2/repository/org/apache/hadoop/hadoop-hdds-container-service/0.5.0-SNAPSHOT/hadoop-hdds-container-service-0.5.0-SNAPSHOT.jar!/webapps/static,UNAVAILABLE}
2019-09-19 13:58:14,234 [main] INFO  handler.ContextHandler (ContextHandler.java:doStop(910)) - Stopped o.e.j.s.ServletContextHandler@35563e4c{/logs,file:///workdir/hadoop-ozone/integration-test/target/log,UNAVAILABLE}
2019-09-19 13:58:14,236 [main] INFO  ozone.MiniOzoneClusterImpl (MiniOzoneClusterImpl.java:stop(344)) - Stopping the StorageContainerManager
2019-09-19 13:58:14,236 [main] INFO  server.StorageContainerManager (StorageContainerManager.java:stop(801)) - Stopping Replication Manager Service.
2019-09-19 13:58:14,236 [main] INFO  container.ReplicationManager (ReplicationManager.java:stop(203)) - Stopping Replication Monitor Thread.
2019-09-19 13:58:14,236 [main] INFO  server.StorageContainerManager (StorageContainerManager.java:stop(808)) - Stopping Lease Manager of the command watchers
2019-09-19 13:58:14,237 [main] INFO  server.StorageContainerManager (StorageContainerManager.java:stop(815)) - Stopping datanode service RPC server
2019-09-19 13:58:14,237 [main] INFO  server.SCMDatanodeProtocolServer (SCMDatanodeProtocolServer.java:stop(367)) - Stopping the RPC server for DataNodes
2019-09-19 13:58:14,237 [main] INFO  ipc.Server (Server.java:stop(3082)) - Stopping server on 36951
2019-09-19 13:58:14,241 [IPC Server listener on 36951] INFO  ipc.Server (Server.java:run(1185)) - Stopping IPC Server listener on 36951
2019-09-19 13:58:14,241 [IPC Server Responder] INFO  ipc.Server (Server.java:run(1319)) - Stopping IPC Server Responder
2019-09-19 13:58:14,260 [SCM Heartbeat Processing Thread - 0] WARN  node.NodeStateManager (NodeStateManager.java:scheduleNextHealthCheck(646)) - Current Thread is interrupted, shutting down HB processing thread for Node Manager.
2019-09-19 13:58:14,261 [main] INFO  server.StorageContainerManager (StorageContainerManager.java:stop(823)) - Stopping block service RPC server
2019-09-19 13:58:14,261 [main] INFO  server.SCMBlockProtocolServer (SCMBlockProtocolServer.java:stop(155)) - Stopping the RPC server for Block Protocol
2019-09-19 13:58:14,261 [main] INFO  ipc.Server (Server.java:stop(3082)) - Stopping server on 37845
2019-09-19 13:58:14,264 [main] INFO  server.StorageContainerManager (StorageContainerManager.java:stop(830)) - Stopping the StorageContainerLocationProtocol RPC server
2019-09-19 13:58:14,264 [IPC Server Responder] INFO  ipc.Server (Server.java:run(1319)) - Stopping IPC Server Responder
2019-09-19 13:58:14,264 [main] INFO  server.SCMClientProtocolServer (SCMClientProtocolServer.java:stop(159)) - Stopping the RPC server for Client Protocol
2019-09-19 13:58:14,264 [IPC Server listener on 37845] INFO  ipc.Server (Server.java:run(1185)) - Stopping IPC Server listener on 37845
2019-09-19 13:58:14,264 [main] INFO  ipc.Server (Server.java:stop(3082)) - Stopping server on 33952
2019-09-19 13:58:14,268 [IPC Server listener on 33952] INFO  ipc.Server (Server.java:run(1185)) - Stopping IPC Server listener on 33952
2019-09-19 13:58:14,268 [main] INFO  server.StorageContainerManager (StorageContainerManager.java:stop(837)) - Stopping Storage Container Manager HTTP server.
2019-09-19 13:58:14,268 [IPC Server Responder] INFO  ipc.Server (Server.java:run(1319)) - Stopping IPC Server Responder
2019-09-19 13:58:14,270 [main] INFO  handler.ContextHandler (ContextHandler.java:doStop(910)) - Stopped o.e.j.w.WebAppContext@6459f4ea{/,null,UNAVAILABLE}{/scm}
2019-09-19 13:58:14,270 [main] INFO  server.AbstractConnector (AbstractConnector.java:doStop(318)) - Stopped ServerConnector@740b9a50{HTTP/1.1,[http/1.1]}{0.0.0.0:0}
2019-09-19 13:58:14,271 [main] INFO  handler.ContextHandler (ContextHandler.java:doStop(910)) - Stopped o.e.j.s.ServletContextHandler@7c453c34{/static,file:///workdir/hadoop-ozone/integration-test/target/test-classes/webapps/static,UNAVAILABLE}
2019-09-19 13:58:14,271 [main] INFO  handler.ContextHandler (ContextHandler.java:doStop(910)) - Stopped o.e.j.s.ServletContextHandler@61394494{/logs,file:///workdir/hadoop-ozone/integration-test/target/log,UNAVAILABLE}
2019-09-19 13:58:14,272 [main] INFO  server.StorageContainerManager (StorageContainerManager.java:stop(848)) - Stopping Block Manager Service.
2019-09-19 13:58:14,272 [main] INFO  utils.BackgroundService (BackgroundService.java:shutdown(148)) - Shutting down service SCMBlockDeletingService
2019-09-19 13:58:14,272 [main] INFO  utils.BackgroundService (BackgroundService.java:shutdown(148)) - Shutting down service SCMBlockDeletingService
2019-09-19 13:58:14,273 [main] INFO  server.StorageContainerManager (StorageContainerManager.java:stop(870)) - Stopping SCM Event Queue.
2019-09-19 13:58:14,277 [main] INFO  impl.MetricsSystemImpl (MetricsSystemImpl.java:stop(210)) - Stopping HddsDatanode metrics system...
2019-09-19 13:58:14,305 [main] INFO  impl.MetricsSystemImpl (MetricsSystemImpl.java:stop(216)) - HddsDatanode metrics system stopped.
]]></system-out>
    <system-err><![CDATA[Sep 19, 2019 1:57:58 PM org.apache.ratis.thirdparty.io.grpc.internal.SerializingExecutor run
SEVERE: Exception while executing runnable org.apache.ratis.thirdparty.io.grpc.internal.ServerImpl$JumpToApplicationThreadServerStreamListener$1Closed@39b4e056
org.apache.ratis.thirdparty.io.grpc.StatusRuntimeException: CANCELLED: call already cancelled
	at org.apache.ratis.thirdparty.io.grpc.Status.asRuntimeException(Status.java:517)
	at org.apache.ratis.thirdparty.io.grpc.stub.ServerCalls$ServerCallStreamObserverImpl.onCompleted(ServerCalls.java:356)
	at org.apache.ratis.grpc.server.GrpcServerProtocolService$ServerRequestStreamObserver.onError(GrpcServerProtocolService.java:121)
	at org.apache.ratis.thirdparty.io.grpc.stub.ServerCalls$StreamingServerCallHandler$StreamingServerCallListener.onCancel(ServerCalls.java:269)
	at org.apache.ratis.thirdparty.io.grpc.internal.ServerCallImpl$ServerStreamListenerImpl.closed(ServerCallImpl.java:293)
	at org.apache.ratis.thirdparty.io.grpc.internal.ServerImpl$JumpToApplicationThreadServerStreamListener$1Closed.runInContext(ServerImpl.java:741)
	at org.apache.ratis.thirdparty.io.grpc.internal.ContextRunnable.run(ContextRunnable.java:37)
	at org.apache.ratis.thirdparty.io.grpc.internal.SerializingExecutor.run(SerializingExecutor.java:123)
	at java.util.concurrent.ThreadPoolExecutor.runWorker(ThreadPoolExecutor.java:1149)
	at java.util.concurrent.ThreadPoolExecutor$Worker.run(ThreadPoolExecutor.java:624)
	at java.lang.Thread.run(Thread.java:748)

Sep 19, 2019 1:57:58 PM org.apache.ratis.thirdparty.io.grpc.internal.SerializingExecutor run
SEVERE: Exception while executing runnable org.apache.ratis.thirdparty.io.grpc.internal.ServerImpl$JumpToApplicationThreadServerStreamListener$1Closed@7a07f696
org.apache.ratis.thirdparty.io.grpc.StatusRuntimeException: CANCELLED: call already cancelled
	at org.apache.ratis.thirdparty.io.grpc.Status.asRuntimeException(Status.java:517)
	at org.apache.ratis.thirdparty.io.grpc.stub.ServerCalls$ServerCallStreamObserverImpl.onCompleted(ServerCalls.java:356)
	at org.apache.ratis.grpc.server.GrpcServerProtocolService$ServerRequestStreamObserver.onError(GrpcServerProtocolService.java:121)
	at org.apache.ratis.thirdparty.io.grpc.stub.ServerCalls$StreamingServerCallHandler$StreamingServerCallListener.onCancel(ServerCalls.java:269)
	at org.apache.ratis.thirdparty.io.grpc.internal.ServerCallImpl$ServerStreamListenerImpl.closed(ServerCallImpl.java:293)
	at org.apache.ratis.thirdparty.io.grpc.internal.ServerImpl$JumpToApplicationThreadServerStreamListener$1Closed.runInContext(ServerImpl.java:741)
	at org.apache.ratis.thirdparty.io.grpc.internal.ContextRunnable.run(ContextRunnable.java:37)
	at org.apache.ratis.thirdparty.io.grpc.internal.SerializingExecutor.run(SerializingExecutor.java:123)
	at java.util.concurrent.ThreadPoolExecutor.runWorker(ThreadPoolExecutor.java:1149)
	at java.util.concurrent.ThreadPoolExecutor$Worker.run(ThreadPoolExecutor.java:624)
	at java.lang.Thread.run(Thread.java:748)

Sep 19, 2019 1:58:04 PM org.apache.ratis.thirdparty.io.grpc.internal.SerializingExecutor run
SEVERE: Exception while executing runnable org.apache.ratis.thirdparty.io.grpc.internal.ServerImpl$JumpToApplicationThreadServerStreamListener$1Closed@4eb5e22a
org.apache.ratis.thirdparty.io.grpc.StatusRuntimeException: CANCELLED: call already cancelled
	at org.apache.ratis.thirdparty.io.grpc.Status.asRuntimeException(Status.java:517)
	at org.apache.ratis.thirdparty.io.grpc.stub.ServerCalls$ServerCallStreamObserverImpl.onCompleted(ServerCalls.java:356)
	at org.apache.ratis.grpc.server.GrpcServerProtocolService$ServerRequestStreamObserver.onError(GrpcServerProtocolService.java:121)
	at org.apache.ratis.thirdparty.io.grpc.stub.ServerCalls$StreamingServerCallHandler$StreamingServerCallListener.onCancel(ServerCalls.java:269)
	at org.apache.ratis.thirdparty.io.grpc.internal.ServerCallImpl$ServerStreamListenerImpl.closed(ServerCallImpl.java:293)
	at org.apache.ratis.thirdparty.io.grpc.internal.ServerImpl$JumpToApplicationThreadServerStreamListener$1Closed.runInContext(ServerImpl.java:741)
	at org.apache.ratis.thirdparty.io.grpc.internal.ContextRunnable.run(ContextRunnable.java:37)
	at org.apache.ratis.thirdparty.io.grpc.internal.SerializingExecutor.run(SerializingExecutor.java:123)
	at java.util.concurrent.ThreadPoolExecutor.runWorker(ThreadPoolExecutor.java:1149)
	at java.util.concurrent.ThreadPoolExecutor$Worker.run(ThreadPoolExecutor.java:624)
	at java.lang.Thread.run(Thread.java:748)

]]></system-err>
  </testcase>
  <testcase name="testFailureWithPrimeSizedData" classname="org.apache.hadoop.ozone.client.rpc.TestBlockOutputStreamWithFailures" time="35.578"/>
  <testcase name="testWatchForCommitWithCloseContainerException" classname="org.apache.hadoop.ozone.client.rpc.TestBlockOutputStreamWithFailures" time="40.529"/>
  <testcase name="testExceptionDuringClose" classname="org.apache.hadoop.ozone.client.rpc.TestBlockOutputStreamWithFailures" time="36.524"/>
</testsuite>