<?xml version="1.0" encoding="UTF-8"?>
<testsuite xmlns:xsi="http://www.w3.org/2001/XMLSchema-instance" xsi:noNamespaceSchemaLocation="https://maven.apache.org/surefire/maven-surefire-plugin/xsd/surefire-test-report.xsd" name="org.apache.hadoop.ozone.client.rpc.TestBlockOutputStreamWithFailures" time="739.618" tests="8" errors="0" skipped="0" failures="2">
  <properties>
    <property name="awt.toolkit" value="sun.awt.X11.XToolkit"/>
    <property name="file.encoding.pkg" value="sun.io"/>
    <property name="java.specification.version" value="1.8"/>
    <property name="sun.cpu.isalist" value=""/>
    <property name="sun.jnu.encoding" value="UTF-8"/>
    <property name="java.class.path" value="/workdir/hadoop-ozone/integration-test/target/test-classes:/workdir/hadoop-ozone/integration-test/target/classes:/home/user/.m2/repository/org/apache/hadoop/hadoop-ozone-common/0.5.0-SNAPSHOT/hadoop-ozone-common-0.5.0-SNAPSHOT.jar:/home/user/.m2/repository/org/apache/commons/commons-compress/1.4.1/commons-compress-1.4.1.jar:/home/user/.m2/repository/org/tukaani/xz/1.0/xz-1.0.jar:/home/user/.m2/repository/org/apache/hadoop/hadoop-common/3.2.0/hadoop-common-3.2.0.jar:/home/user/.m2/repository/org/apache/hadoop/hadoop-hdfs/3.2.0/hadoop-hdfs-3.2.0.jar:/home/user/.m2/repository/org/apache/hadoop/hadoop-hdfs-client/3.2.0/hadoop-hdfs-client-3.2.0.jar:/home/user/.m2/repository/com/fasterxml/jackson/core/jackson-annotations/2.9.9/jackson-annotations-2.9.9.jar:/home/user/.m2/repository/org/apache/hadoop/hadoop-hdds-common/0.5.0-SNAPSHOT/hadoop-hdds-common-0.5.0-SNAPSHOT.jar:/home/user/.m2/repository/javax/annotation/javax.annotation-api/1.2/javax.annotation-api-1.2.jar:/home/user/.m2/repository/org/apache/ratis/ratis-server/0.4.0/ratis-server-0.4.0.jar:/home/user/.m2/repository/org/apache/ratis/ratis-thirdparty-misc/0.2.0/ratis-thirdparty-misc-0.2.0.jar:/home/user/.m2/repository/org/apache/ratis/ratis-proto/0.4.0/ratis-proto-0.4.0.jar:/home/user/.m2/repository/org/apache/ratis/ratis-common/0.4.0/ratis-common-0.4.0.jar:/home/user/.m2/repository/org/apache/ratis/ratis-client/0.4.0/ratis-client-0.4.0.jar:/home/user/.m2/repository/org/apache/ratis/ratis-metrics/0.4.0/ratis-metrics-0.4.0.jar:/home/user/.m2/repository/com/github/joshelser/dropwizard-metrics-hadoop-metrics2-reporter/0.1.2/dropwizard-metrics-hadoop-metrics2-reporter-0.1.2.jar:/home/user/.m2/repository/io/dropwizard/metrics/metrics-jvm/3.2.5/metrics-jvm-3.2.5.jar:/home/user/.m2/repository/io/dropwizard/metrics/metrics-ganglia/3.2.5/metrics-ganglia-3.2.5.jar:/home/user/.m2/repository/info/ganglia/gmetric4j/gmetric4j/1.0.7/gmetric4j-1.0.7.jar:/home/user/.m2/repository/org/apache/ratis/ratis-netty/0.4.0/ratis-netty-0.4.0.jar:/home/user/.m2/repository/org/apache/ratis/ratis-grpc/0.4.0/ratis-grpc-0.4.0.jar:/home/user/.m2/repository/org/rocksdb/rocksdbjni/6.0.1/rocksdbjni-6.0.1.jar:/home/user/.m2/repository/org/apache/logging/log4j/log4j-api/2.11.0/log4j-api-2.11.0.jar:/home/user/.m2/repository/org/apache/logging/log4j/log4j-core/2.11.0/log4j-core-2.11.0.jar:/home/user/.m2/repository/com/lmax/disruptor/3.4.2/disruptor-3.4.2.jar:/home/user/.m2/repository/org/apache/commons/commons-pool2/2.6.0/commons-pool2-2.6.0.jar:/home/user/.m2/repository/org/bouncycastle/bcpkix-jdk15on/1.60/bcpkix-jdk15on-1.60.jar:/home/user/.m2/repository/commons-validator/commons-validator/1.6/commons-validator-1.6.jar:/home/user/.m2/repository/commons-digester/commons-digester/1.8.1/commons-digester-1.8.1.jar:/home/user/.m2/repository/io/jaegertracing/jaeger-client/0.34.0/jaeger-client-0.34.0.jar:/home/user/.m2/repository/io/jaegertracing/jaeger-thrift/0.34.0/jaeger-thrift-0.34.0.jar:/home/user/.m2/repository/org/apache/thrift/libthrift/0.12.0/libthrift-0.12.0.jar:/home/user/.m2/repository/com/squareup/okhttp3/okhttp/3.9.0/okhttp-3.9.0.jar:/home/user/.m2/repository/com/squareup/okio/okio/1.13.0/okio-1.13.0.jar:/home/user/.m2/repository/io/jaegertracing/jaeger-core/0.34.0/jaeger-core-0.34.0.jar:/home/user/.m2/repository/io/jaegertracing/jaeger-tracerresolver/0.34.0/jaeger-tracerresolver-0.34.0.jar:/home/user/.m2/repository/io/opentracing/contrib/opentracing-tracerresolver/0.1.5/opentracing-tracerresolver-0.1.5.jar:/home/user/.m2/repository/io/opentracing/opentracing-util/0.31.0/opentracing-util-0.31.0.jar:/home/user/.m2/repository/io/opentracing/opentracing-api/0.31.0/opentracing-api-0.31.0.jar:/home/user/.m2/repository/io/opentracing/opentracing-noop/0.31.0/opentracing-noop-0.31.0.jar:/home/user/.m2/repository/org/apache/hadoop/hadoop-hdds-server-framework/0.5.0-SNAPSHOT/hadoop-hdds-server-framework-0.5.0-SNAPSHOT.jar:/home/user/.m2/repository/org/apache/hadoop/hadoop-hdds-container-service/0.5.0-SNAPSHOT/hadoop-hdds-container-service-0.5.0-SNAPSHOT.jar:/home/user/.m2/repository/org/apache/hadoop/hadoop-hdds-client/0.5.0-SNAPSHOT/hadoop-hdds-client-0.5.0-SNAPSHOT.jar:/home/user/.m2/repository/org/apache/hadoop/hadoop-hdds-tools/0.5.0-SNAPSHOT/hadoop-hdds-tools-0.5.0-SNAPSHOT.jar:/home/user/.m2/repository/org/apache/hadoop/hadoop-hdds-server-scm/0.5.0-SNAPSHOT/hadoop-hdds-server-scm-0.5.0-SNAPSHOT.jar:/home/user/.m2/repository/org/apache/hadoop/hadoop-hdds-docs/0.5.0-SNAPSHOT/hadoop-hdds-docs-0.5.0-SNAPSHOT.jar:/home/user/.m2/repository/io/dropwizard/metrics/metrics-core/3.2.4/metrics-core-3.2.4.jar:/home/user/.m2/repository/org/hamcrest/hamcrest-all/1.3/hamcrest-all-1.3.jar:/home/user/.m2/repository/org/bouncycastle/bcprov-jdk15on/1.60/bcprov-jdk15on-1.60.jar:/home/user/.m2/repository/info/picocli/picocli/3.9.6/picocli-3.9.6.jar:/home/user/.m2/repository/com/google/protobuf/protobuf-java/2.5.0/protobuf-java-2.5.0.jar:/home/user/.m2/repository/com/google/guava/guava/11.0.2/guava-11.0.2.jar:/home/user/.m2/repository/org/apache/hadoop/hadoop-ozone-ozone-manager/0.5.0-SNAPSHOT/hadoop-ozone-ozone-manager-0.5.0-SNAPSHOT.jar:/home/user/.m2/repository/org/apache/hadoop/hadoop-minikdc/3.2.0/hadoop-minikdc-3.2.0.jar:/home/user/.m2/repository/commons-io/commons-io/2.5/commons-io-2.5.jar:/home/user/.m2/repository/org/apache/kerby/kerb-simplekdc/1.0.1/kerb-simplekdc-1.0.1.jar:/home/user/.m2/repository/org/apache/kerby/kerb-client/1.0.1/kerb-client-1.0.1.jar:/home/user/.m2/repository/org/apache/kerby/kerby-config/1.0.1/kerby-config-1.0.1.jar:/home/user/.m2/repository/org/apache/kerby/kerb-core/1.0.1/kerb-core-1.0.1.jar:/home/user/.m2/repository/org/apache/kerby/kerby-pkix/1.0.1/kerby-pkix-1.0.1.jar:/home/user/.m2/repository/org/apache/kerby/kerby-asn1/1.0.1/kerby-asn1-1.0.1.jar:/home/user/.m2/repository/org/apache/kerby/kerby-util/1.0.1/kerby-util-1.0.1.jar:/home/user/.m2/repository/org/apache/kerby/kerb-common/1.0.1/kerb-common-1.0.1.jar:/home/user/.m2/repository/org/apache/kerby/kerb-crypto/1.0.1/kerb-crypto-1.0.1.jar:/home/user/.m2/repository/org/apache/kerby/kerb-util/1.0.1/kerb-util-1.0.1.jar:/home/user/.m2/repository/org/apache/kerby/token-provider/1.0.1/token-provider-1.0.1.jar:/home/user/.m2/repository/org/apache/kerby/kerb-admin/1.0.1/kerb-admin-1.0.1.jar:/home/user/.m2/repository/org/apache/kerby/kerb-server/1.0.1/kerb-server-1.0.1.jar:/home/user/.m2/repository/org/apache/kerby/kerb-identity/1.0.1/kerb-identity-1.0.1.jar:/home/user/.m2/repository/org/apache/kerby/kerby-xdr/1.0.1/kerby-xdr-1.0.1.jar:/home/user/.m2/repository/org/slf4j/slf4j-log4j12/1.7.25/slf4j-log4j12-1.7.25.jar:/home/user/.m2/repository/org/apache/hadoop/hadoop-ozone-s3gateway/0.5.0-SNAPSHOT/hadoop-ozone-s3gateway-0.5.0-SNAPSHOT.jar:/home/user/.m2/repository/org/jboss/weld/servlet/weld-servlet/2.4.7.Final/weld-servlet-2.4.7.Final.jar:/home/user/.m2/repository/org/glassfish/jersey/containers/jersey-container-servlet-core/2.27/jersey-container-servlet-core-2.27.jar:/home/user/.m2/repository/org/glassfish/hk2/external/javax.inject/2.5.0-b42/javax.inject-2.5.0-b42.jar:/home/user/.m2/repository/org/glassfish/jersey/core/jersey-common/2.27/jersey-common-2.27.jar:/home/user/.m2/repository/org/glassfish/hk2/osgi-resource-locator/1.0.1/osgi-resource-locator-1.0.1.jar:/home/user/.m2/repository/javax/ws/rs/javax.ws.rs-api/2.1/javax.ws.rs-api-2.1.jar:/home/user/.m2/repository/org/glassfish/jersey/ext/cdi/jersey-cdi1x/2.27/jersey-cdi1x-2.27.jar:/home/user/.m2/repository/org/glassfish/jersey/inject/jersey-hk2/2.27/jersey-hk2-2.27.jar:/home/user/.m2/repository/org/glassfish/hk2/hk2-locator/2.5.0-b42/hk2-locator-2.5.0-b42.jar:/home/user/.m2/repository/org/javassist/javassist/3.22.0-CR2/javassist-3.22.0-CR2.jar:/home/user/.m2/repository/org/glassfish/hk2/hk2-api/2.5.0/hk2-api-2.5.0.jar:/home/user/.m2/repository/org/glassfish/hk2/external/jakarta.inject/2.5.0/jakarta.inject-2.5.0.jar:/home/user/.m2/repository/org/glassfish/hk2/hk2-utils/2.5.0/hk2-utils-2.5.0.jar:/home/user/.m2/repository/jakarta/annotation/jakarta.annotation-api/1.3.4/jakarta.annotation-api-1.3.4.jar:/home/user/.m2/repository/org/glassfish/hk2/external/aopalliance-repackaged/2.5.0/aopalliance-repackaged-2.5.0.jar:/home/user/.m2/repository/com/fasterxml/jackson/dataformat/jackson-dataformat-xml/2.9.0/jackson-dataformat-xml-2.9.0.jar:/home/user/.m2/repository/com/fasterxml/jackson/core/jackson-core/2.9.9/jackson-core-2.9.9.jar:/home/user/.m2/repository/com/fasterxml/jackson/module/jackson-module-jaxb-annotations/2.9.9/jackson-module-jaxb-annotations-2.9.9.jar:/home/user/.m2/repository/javax/enterprise/cdi-api/1.2/cdi-api-1.2.jar:/home/user/.m2/repository/javax/el/javax.el-api/3.0.0/javax.el-api-3.0.0.jar:/home/user/.m2/repository/javax/interceptor/javax.interceptor-api/1.2/javax.interceptor-api-1.2.jar:/home/user/.m2/repository/javax/inject/javax.inject/1/javax.inject-1.jar:/home/user/.m2/repository/com/sun/xml/bind/jaxb-impl/2.3.0.1/jaxb-impl-2.3.0.1.jar:/home/user/.m2/repository/com/sun/xml/bind/jaxb-core/2.3.0.1/jaxb-core-2.3.0.1.jar:/home/user/.m2/repository/javax/xml/bind/jaxb-api/2.3.0/jaxb-api-2.3.0.jar:/home/user/.m2/repository/javax/activation/activation/1.1.1/activation-1.1.1.jar:/home/user/.m2/repository/org/apache/hadoop/hadoop-ozone-csi/0.5.0-SNAPSHOT/hadoop-ozone-csi-0.5.0-SNAPSHOT.jar:/home/user/.m2/repository/com/google/protobuf/protobuf-java-util/3.5.1/protobuf-java-util-3.5.1.jar:/home/user/.m2/repository/org/apache/hadoop/hadoop-hdds-config/0.5.0-SNAPSHOT/hadoop-hdds-config-0.5.0-SNAPSHOT.jar:/home/user/.m2/repository/io/grpc/grpc-netty/1.17.1/grpc-netty-1.17.1.jar:/home/user/.m2/repository/io/grpc/grpc-core/1.17.1/grpc-core-1.17.1.jar:/home/user/.m2/repository/io/grpc/grpc-context/1.17.1/grpc-context-1.17.1.jar:/home/user/.m2/repository/com/google/errorprone/error_prone_annotations/2.2.0/error_prone_annotations-2.2.0.jar:/home/user/.m2/repository/org/codehaus/mojo/animal-sniffer-annotations/1.17/animal-sniffer-annotations-1.17.jar:/home/user/.m2/repository/io/opencensus/opencensus-api/0.17.0/opencensus-api-0.17.0.jar:/home/user/.m2/repository/io/opencensus/opencensus-contrib-grpc-metrics/0.17.0/opencensus-contrib-grpc-metrics-0.17.0.jar:/home/user/.m2/repository/io/netty/netty-codec-http2/4.1.30.Final/netty-codec-http2-4.1.30.Final.jar:/home/user/.m2/repository/io/netty/netty-codec-http/4.1.30.Final/netty-codec-http-4.1.30.Final.jar:/home/user/.m2/repository/io/netty/netty-codec/4.1.30.Final/netty-codec-4.1.30.Final.jar:/home/user/.m2/repository/io/netty/netty-handler/4.1.30.Final/netty-handler-4.1.30.Final.jar:/home/user/.m2/repository/io/netty/netty-handler-proxy/4.1.30.Final/netty-handler-proxy-4.1.30.Final.jar:/home/user/.m2/repository/io/netty/netty-codec-socks/4.1.30.Final/netty-codec-socks-4.1.30.Final.jar:/home/user/.m2/repository/io/netty/netty-transport-native-epoll/4.1.30.Final/netty-transport-native-epoll-4.1.30.Final.jar:/home/user/.m2/repository/io/netty/netty-common/4.1.30.Final/netty-common-4.1.30.Final.jar:/home/user/.m2/repository/io/netty/netty-buffer/4.1.30.Final/netty-buffer-4.1.30.Final.jar:/home/user/.m2/repository/io/netty/netty-transport/4.1.30.Final/netty-transport-4.1.30.Final.jar:/home/user/.m2/repository/io/netty/netty-resolver/4.1.30.Final/netty-resolver-4.1.30.Final.jar:/home/user/.m2/repository/io/netty/netty-transport-native-unix-common/4.1.30.Final/netty-transport-native-unix-common-4.1.30.Final.jar:/home/user/.m2/repository/io/grpc/grpc-protobuf/1.17.1/grpc-protobuf-1.17.1.jar:/home/user/.m2/repository/com/google/api/grpc/proto-google-common-protos/1.0.0/proto-google-common-protos-1.0.0.jar:/home/user/.m2/repository/io/grpc/grpc-protobuf-lite/1.17.1/grpc-protobuf-lite-1.17.1.jar:/home/user/.m2/repository/io/grpc/grpc-stub/1.17.1/grpc-stub-1.17.1.jar:/home/user/.m2/repository/org/apache/hadoop/hadoop-ozone-recon/0.5.0-SNAPSHOT/hadoop-ozone-recon-0.5.0-SNAPSHOT.jar:/home/user/.m2/repository/org/apache/hadoop/hadoop-ozone-reconcodegen/0.5.0-SNAPSHOT/hadoop-ozone-reconcodegen-0.5.0-SNAPSHOT.jar:/home/user/.m2/repository/com/google/inject/extensions/guice-multibindings/4.0/guice-multibindings-4.0.jar:/home/user/.m2/repository/com/google/inject/guice/4.0/guice-4.0.jar:/home/user/.m2/repository/aopalliance/aopalliance/1.0/aopalliance-1.0.jar:/home/user/.m2/repository/com/google/inject/extensions/guice-servlet/4.0/guice-servlet-4.0.jar:/home/user/.m2/repository/org/glassfish/jersey/containers/jersey-container-servlet/2.27/jersey-container-servlet-2.27.jar:/home/user/.m2/repository/org/glassfish/hk2/guice-bridge/2.5.0/guice-bridge-2.5.0.jar:/home/user/.m2/repository/org/glassfish/jersey/core/jersey-server/2.27/jersey-server-2.27.jar:/home/user/.m2/repository/org/glassfish/jersey/core/jersey-client/2.27/jersey-client-2.27.jar:/home/user/.m2/repository/org/glassfish/jersey/media/jersey-media-jaxb/2.27/jersey-media-jaxb-2.27.jar:/home/user/.m2/repository/javax/validation/validation-api/1.1.0.Final/validation-api-1.1.0.Final.jar:/home/user/.m2/repository/org/glassfish/jersey/media/jersey-media-json-jackson/2.27/jersey-media-json-jackson-2.27.jar:/home/user/.m2/repository/org/glassfish/jersey/ext/jersey-entity-filtering/2.27/jersey-entity-filtering-2.27.jar:/home/user/.m2/repository/com/google/inject/extensions/guice-assistedinject/4.0/guice-assistedinject-4.0.jar:/home/user/.m2/repository/org/jooq/jooq/3.11.10/jooq-3.11.10.jar:/home/user/.m2/repository/org/jooq/jooq-meta/3.11.10/jooq-meta-3.11.10.jar:/home/user/.m2/repository/org/jooq/jooq-codegen/3.11.10/jooq-codegen-3.11.10.jar:/home/user/.m2/repository/com/jolbox/bonecp/0.8.0.RELEASE/bonecp-0.8.0.RELEASE.jar:/home/user/.m2/repository/org/xerial/sqlite-jdbc/3.25.2/sqlite-jdbc-3.25.2.jar:/home/user/.m2/repository/org/springframework/spring-jdbc/5.1.3.RELEASE/spring-jdbc-5.1.3.RELEASE.jar:/home/user/.m2/repository/org/springframework/spring-beans/5.1.3.RELEASE/spring-beans-5.1.3.RELEASE.jar:/home/user/.m2/repository/org/springframework/spring-core/5.1.3.RELEASE/spring-core-5.1.3.RELEASE.jar:/home/user/.m2/repository/org/springframework/spring-jcl/5.1.3.RELEASE/spring-jcl-5.1.3.RELEASE.jar:/home/user/.m2/repository/org/springframework/spring-tx/5.1.3.RELEASE/spring-tx-5.1.3.RELEASE.jar:/home/user/.m2/repository/org/apache/hadoop/hadoop-ozone-client/0.5.0-SNAPSHOT/hadoop-ozone-client-0.5.0-SNAPSHOT.jar:/home/user/.m2/repository/commons-lang/commons-lang/2.6/commons-lang-2.6.jar:/home/user/.m2/repository/org/apache/hadoop/hadoop-ozone-ozone-manager/0.5.0-SNAPSHOT/hadoop-ozone-ozone-manager-0.5.0-SNAPSHOT-tests.jar:/home/user/.m2/repository/junit/junit/4.11/junit-4.11.jar:/home/user/.m2/repository/org/hamcrest/hamcrest-core/1.3/hamcrest-core-1.3.jar:/home/user/.m2/repository/org/openjdk/jmh/jmh-core/1.19/jmh-core-1.19.jar:/home/user/.m2/repository/net/sf/jopt-simple/jopt-simple/4.6/jopt-simple-4.6.jar:/home/user/.m2/repository/org/apache/commons/commons-math3/3.1.1/commons-math3-3.1.1.jar:/home/user/.m2/repository/org/openjdk/jmh/jmh-generator-annprocess/1.19/jmh-generator-annprocess-1.19.jar:/home/user/.m2/repository/org/mockito/mockito-all/1.8.5/mockito-all-1.8.5.jar:/home/user/.m2/repository/org/apache/hadoop/hadoop-kms/3.2.0/hadoop-kms-3.2.0.jar:/home/user/.m2/repository/org/apache/hadoop/hadoop-auth/3.2.0/hadoop-auth-3.2.0.jar:/home/user/.m2/repository/com/nimbusds/nimbus-jose-jwt/4.41.1/nimbus-jose-jwt-4.41.1.jar:/home/user/.m2/repository/com/github/stephenc/jcip/jcip-annotations/1.0-1/jcip-annotations-1.0-1.jar:/home/user/.m2/repository/net/minidev/json-smart/2.3/json-smart-2.3.jar:/home/user/.m2/repository/net/minidev/accessors-smart/1.2/accessors-smart-1.2.jar:/home/user/.m2/repository/org/ow2/asm/asm/5.0.4/asm-5.0.4.jar:/home/user/.m2/repository/org/apache/curator/curator-framework/2.12.0/curator-framework-2.12.0.jar:/home/user/.m2/repository/com/sun/jersey/jersey-core/1.19/jersey-core-1.19.jar:/home/user/.m2/repository/javax/ws/rs/jsr311-api/1.1.1/jsr311-api-1.1.1.jar:/home/user/.m2/repository/com/sun/jersey/jersey-server/1.19/jersey-server-1.19.jar:/home/user/.m2/repository/javax/servlet/javax.servlet-api/3.1.0/javax.servlet-api-3.1.0.jar:/home/user/.m2/repository/org/eclipse/jetty/jetty-server/9.3.25.v20180904/jetty-server-9.3.25.v20180904.jar:/home/user/.m2/repository/org/eclipse/jetty/jetty-http/9.3.25.v20180904/jetty-http-9.3.25.v20180904.jar:/home/user/.m2/repository/org/eclipse/jetty/jetty-io/9.3.25.v20180904/jetty-io-9.3.25.v20180904.jar:/home/user/.m2/repository/org/eclipse/jetty/jetty-webapp/9.3.25.v20180904/jetty-webapp-9.3.25.v20180904.jar:/home/user/.m2/repository/org/eclipse/jetty/jetty-xml/9.3.25.v20180904/jetty-xml-9.3.25.v20180904.jar:/home/user/.m2/repository/log4j/log4j/1.2.17/log4j-1.2.17.jar:/home/user/.m2/repository/org/slf4j/slf4j-api/1.7.25/slf4j-api-1.7.25.jar:/home/user/.m2/repository/org/slf4j/jul-to-slf4j/1.7.25/jul-to-slf4j-1.7.25.jar:/home/user/.m2/repository/org/eclipse/jetty/jetty-util/9.3.25.v20180904/jetty-util-9.3.25.v20180904.jar:/home/user/.m2/repository/com/fasterxml/jackson/core/jackson-databind/2.9.9/jackson-databind-2.9.9.jar:/home/user/.m2/repository/org/apache/hadoop/hadoop-kms/3.2.0/hadoop-kms-3.2.0-tests.jar:/home/user/.m2/repository/org/apache/hadoop/hadoop-hdds-server-scm/0.5.0-SNAPSHOT/hadoop-hdds-server-scm-0.5.0-SNAPSHOT-tests.jar:/home/user/.m2/repository/org/apache/hadoop/hadoop-hdds-container-service/0.5.0-SNAPSHOT/hadoop-hdds-container-service-0.5.0-SNAPSHOT-tests.jar:/home/user/.m2/repository/org/yaml/snakeyaml/1.16/snakeyaml-1.16.jar:/home/user/.m2/repository/org/apache/hadoop/hadoop-common/3.2.0/hadoop-common-3.2.0-tests.jar:/home/user/.m2/repository/org/apache/hadoop/hadoop-annotations/3.2.0/hadoop-annotations-3.2.0.jar:/usr/lib/jvm/java-1.8-openjdk/jre/../lib/tools.jar:/home/user/.m2/repository/commons-cli/commons-cli/1.2/commons-cli-1.2.jar:/home/user/.m2/repository/org/apache/httpcomponents/httpclient/4.5.2/httpclient-4.5.2.jar:/home/user/.m2/repository/org/apache/httpcomponents/httpcore/4.4.4/httpcore-4.4.4.jar:/home/user/.m2/repository/commons-codec/commons-codec/1.11/commons-codec-1.11.jar:/home/user/.m2/repository/commons-net/commons-net/3.6/commons-net-3.6.jar:/home/user/.m2/repository/commons-collections/commons-collections/3.2.2/commons-collections-3.2.2.jar:/home/user/.m2/repository/org/eclipse/jetty/jetty-servlet/9.3.25.v20180904/jetty-servlet-9.3.25.v20180904.jar:/home/user/.m2/repository/org/eclipse/jetty/jetty-security/9.3.25.v20180904/jetty-security-9.3.25.v20180904.jar:/home/user/.m2/repository/javax/servlet/jsp/jsp-api/2.1/jsp-api-2.1.jar:/home/user/.m2/repository/com/sun/jersey/jersey-servlet/1.19/jersey-servlet-1.19.jar:/home/user/.m2/repository/com/sun/jersey/jersey-json/1.19/jersey-json-1.19.jar:/home/user/.m2/repository/org/codehaus/jettison/jettison/1.1/jettison-1.1.jar:/home/user/.m2/repository/org/codehaus/jackson/jackson-core-asl/1.9.13/jackson-core-asl-1.9.13.jar:/home/user/.m2/repository/org/codehaus/jackson/jackson-mapper-asl/1.9.13/jackson-mapper-asl-1.9.13.jar:/home/user/.m2/repository/org/codehaus/jackson/jackson-jaxrs/1.9.13/jackson-jaxrs-1.9.13.jar:/home/user/.m2/repository/org/codehaus/jackson/jackson-xc/1.9.13/jackson-xc-1.9.13.jar:/home/user/.m2/repository/commons-logging/commons-logging/1.1.3/commons-logging-1.1.3.jar:/home/user/.m2/repository/commons-beanutils/commons-beanutils/1.9.4/commons-beanutils-1.9.4.jar:/home/user/.m2/repository/org/apache/commons/commons-configuration2/2.1.1/commons-configuration2-2.1.1.jar:/home/user/.m2/repository/org/apache/commons/commons-lang3/3.7/commons-lang3-3.7.jar:/home/user/.m2/repository/org/apache/commons/commons-text/1.4/commons-text-1.4.jar:/home/user/.m2/repository/org/apache/avro/avro/1.7.7/avro-1.7.7.jar:/home/user/.m2/repository/com/thoughtworks/paranamer/paranamer/2.3/paranamer-2.3.jar:/home/user/.m2/repository/org/xerial/snappy/snappy-java/1.0.5/snappy-java-1.0.5.jar:/home/user/.m2/repository/com/google/re2j/re2j/1.1/re2j-1.1.jar:/home/user/.m2/repository/com/google/code/gson/gson/2.2.4/gson-2.2.4.jar:/home/user/.m2/repository/com/jcraft/jsch/0.1.54/jsch-0.1.54.jar:/home/user/.m2/repository/org/apache/curator/curator-client/2.12.0/curator-client-2.12.0.jar:/home/user/.m2/repository/org/apache/curator/curator-recipes/2.12.0/curator-recipes-2.12.0.jar:/home/user/.m2/repository/com/google/code/findbugs/jsr305/3.0.0/jsr305-3.0.0.jar:/home/user/.m2/repository/org/apache/htrace/htrace-core4/4.1.0-incubating/htrace-core4-4.1.0-incubating.jar:/home/user/.m2/repository/org/apache/zookeeper/zookeeper/3.4.13/zookeeper-3.4.13.jar:/home/user/.m2/repository/jline/jline/0.9.94/jline-0.9.94.jar:/home/user/.m2/repository/org/apache/yetus/audience-annotations/0.5.0/audience-annotations-0.5.0.jar:/home/user/.m2/repository/org/codehaus/woodstox/stax2-api/3.1.4/stax2-api-3.1.4.jar:/home/user/.m2/repository/com/fasterxml/woodstox/woodstox-core/5.0.3/woodstox-core-5.0.3.jar:/home/user/.m2/repository/dnsjava/dnsjava/2.1.7/dnsjava-2.1.7.jar:/home/user/.m2/repository/org/apache/hadoop/hadoop-hdfs/3.2.0/hadoop-hdfs-3.2.0-tests.jar:/home/user/.m2/repository/org/eclipse/jetty/jetty-util-ajax/9.3.25.v20180904/jetty-util-ajax-9.3.25.v20180904.jar:/home/user/.m2/repository/commons-daemon/commons-daemon/1.0.13/commons-daemon-1.0.13.jar:/home/user/.m2/repository/io/netty/netty/3.10.5.Final/netty-3.10.5.Final.jar:/home/user/.m2/repository/io/netty/netty-all/4.0.52.Final/netty-all-4.0.52.Final.jar:/home/user/.m2/repository/org/fusesource/leveldbjni/leveldbjni-all/1.8/leveldbjni-all-1.8.jar:"/>
    <property name="java.vm.vendor" value="IcedTea"/>
    <property name="sun.arch.data.model" value="64"/>
    <property name="test.build.dir" value="/workdir/hadoop-ozone/integration-test/target/test-dir"/>
    <property name="test.cache.data" value=""/>
    <property name="java.vendor.url" value="https://icedtea.classpath.org"/>
    <property name="user.timezone" value=""/>
    <property name="java.vm.specification.version" value="1.8"/>
    <property name="os.name" value="Linux"/>
    <property name="test.build.data" value="/workdir/hadoop-ozone/integration-test/target/test-dir"/>
    <property name="user.country" value="US"/>
    <property name="sun.java.launcher" value="SUN_STANDARD"/>
    <property name="sun.boot.library.path" value="/usr/lib/jvm/java-1.8-openjdk/jre/lib/amd64"/>
    <property name="sun.java.command" value="/workdir/hadoop-ozone/integration-test/target/surefire/surefirebooter6707970324168698381.jar /workdir/hadoop-ozone/integration-test/target/surefire 2019-09-25T11-54-00_482-jvmRun1 surefire2463555844589524687tmp surefire_635882358654552958605tmp"/>
    <property name="test" value="!TestMiniChaosOzoneCluster"/>
    <property name="surefire.test.class.path" value="/workdir/hadoop-ozone/integration-test/target/test-classes:/workdir/hadoop-ozone/integration-test/target/classes:/home/user/.m2/repository/org/apache/hadoop/hadoop-ozone-common/0.5.0-SNAPSHOT/hadoop-ozone-common-0.5.0-SNAPSHOT.jar:/home/user/.m2/repository/org/apache/commons/commons-compress/1.4.1/commons-compress-1.4.1.jar:/home/user/.m2/repository/org/tukaani/xz/1.0/xz-1.0.jar:/home/user/.m2/repository/org/apache/hadoop/hadoop-common/3.2.0/hadoop-common-3.2.0.jar:/home/user/.m2/repository/org/apache/hadoop/hadoop-hdfs/3.2.0/hadoop-hdfs-3.2.0.jar:/home/user/.m2/repository/org/apache/hadoop/hadoop-hdfs-client/3.2.0/hadoop-hdfs-client-3.2.0.jar:/home/user/.m2/repository/com/fasterxml/jackson/core/jackson-annotations/2.9.9/jackson-annotations-2.9.9.jar:/home/user/.m2/repository/org/apache/hadoop/hadoop-hdds-common/0.5.0-SNAPSHOT/hadoop-hdds-common-0.5.0-SNAPSHOT.jar:/home/user/.m2/repository/javax/annotation/javax.annotation-api/1.2/javax.annotation-api-1.2.jar:/home/user/.m2/repository/org/apache/ratis/ratis-server/0.4.0/ratis-server-0.4.0.jar:/home/user/.m2/repository/org/apache/ratis/ratis-thirdparty-misc/0.2.0/ratis-thirdparty-misc-0.2.0.jar:/home/user/.m2/repository/org/apache/ratis/ratis-proto/0.4.0/ratis-proto-0.4.0.jar:/home/user/.m2/repository/org/apache/ratis/ratis-common/0.4.0/ratis-common-0.4.0.jar:/home/user/.m2/repository/org/apache/ratis/ratis-client/0.4.0/ratis-client-0.4.0.jar:/home/user/.m2/repository/org/apache/ratis/ratis-metrics/0.4.0/ratis-metrics-0.4.0.jar:/home/user/.m2/repository/com/github/joshelser/dropwizard-metrics-hadoop-metrics2-reporter/0.1.2/dropwizard-metrics-hadoop-metrics2-reporter-0.1.2.jar:/home/user/.m2/repository/io/dropwizard/metrics/metrics-jvm/3.2.5/metrics-jvm-3.2.5.jar:/home/user/.m2/repository/io/dropwizard/metrics/metrics-ganglia/3.2.5/metrics-ganglia-3.2.5.jar:/home/user/.m2/repository/info/ganglia/gmetric4j/gmetric4j/1.0.7/gmetric4j-1.0.7.jar:/home/user/.m2/repository/org/apache/ratis/ratis-netty/0.4.0/ratis-netty-0.4.0.jar:/home/user/.m2/repository/org/apache/ratis/ratis-grpc/0.4.0/ratis-grpc-0.4.0.jar:/home/user/.m2/repository/org/rocksdb/rocksdbjni/6.0.1/rocksdbjni-6.0.1.jar:/home/user/.m2/repository/org/apache/logging/log4j/log4j-api/2.11.0/log4j-api-2.11.0.jar:/home/user/.m2/repository/org/apache/logging/log4j/log4j-core/2.11.0/log4j-core-2.11.0.jar:/home/user/.m2/repository/com/lmax/disruptor/3.4.2/disruptor-3.4.2.jar:/home/user/.m2/repository/org/apache/commons/commons-pool2/2.6.0/commons-pool2-2.6.0.jar:/home/user/.m2/repository/org/bouncycastle/bcpkix-jdk15on/1.60/bcpkix-jdk15on-1.60.jar:/home/user/.m2/repository/commons-validator/commons-validator/1.6/commons-validator-1.6.jar:/home/user/.m2/repository/commons-digester/commons-digester/1.8.1/commons-digester-1.8.1.jar:/home/user/.m2/repository/io/jaegertracing/jaeger-client/0.34.0/jaeger-client-0.34.0.jar:/home/user/.m2/repository/io/jaegertracing/jaeger-thrift/0.34.0/jaeger-thrift-0.34.0.jar:/home/user/.m2/repository/org/apache/thrift/libthrift/0.12.0/libthrift-0.12.0.jar:/home/user/.m2/repository/com/squareup/okhttp3/okhttp/3.9.0/okhttp-3.9.0.jar:/home/user/.m2/repository/com/squareup/okio/okio/1.13.0/okio-1.13.0.jar:/home/user/.m2/repository/io/jaegertracing/jaeger-core/0.34.0/jaeger-core-0.34.0.jar:/home/user/.m2/repository/io/jaegertracing/jaeger-tracerresolver/0.34.0/jaeger-tracerresolver-0.34.0.jar:/home/user/.m2/repository/io/opentracing/contrib/opentracing-tracerresolver/0.1.5/opentracing-tracerresolver-0.1.5.jar:/home/user/.m2/repository/io/opentracing/opentracing-util/0.31.0/opentracing-util-0.31.0.jar:/home/user/.m2/repository/io/opentracing/opentracing-api/0.31.0/opentracing-api-0.31.0.jar:/home/user/.m2/repository/io/opentracing/opentracing-noop/0.31.0/opentracing-noop-0.31.0.jar:/home/user/.m2/repository/org/apache/hadoop/hadoop-hdds-server-framework/0.5.0-SNAPSHOT/hadoop-hdds-server-framework-0.5.0-SNAPSHOT.jar:/home/user/.m2/repository/org/apache/hadoop/hadoop-hdds-container-service/0.5.0-SNAPSHOT/hadoop-hdds-container-service-0.5.0-SNAPSHOT.jar:/home/user/.m2/repository/org/apache/hadoop/hadoop-hdds-client/0.5.0-SNAPSHOT/hadoop-hdds-client-0.5.0-SNAPSHOT.jar:/home/user/.m2/repository/org/apache/hadoop/hadoop-hdds-tools/0.5.0-SNAPSHOT/hadoop-hdds-tools-0.5.0-SNAPSHOT.jar:/home/user/.m2/repository/org/apache/hadoop/hadoop-hdds-server-scm/0.5.0-SNAPSHOT/hadoop-hdds-server-scm-0.5.0-SNAPSHOT.jar:/home/user/.m2/repository/org/apache/hadoop/hadoop-hdds-docs/0.5.0-SNAPSHOT/hadoop-hdds-docs-0.5.0-SNAPSHOT.jar:/home/user/.m2/repository/io/dropwizard/metrics/metrics-core/3.2.4/metrics-core-3.2.4.jar:/home/user/.m2/repository/org/hamcrest/hamcrest-all/1.3/hamcrest-all-1.3.jar:/home/user/.m2/repository/org/bouncycastle/bcprov-jdk15on/1.60/bcprov-jdk15on-1.60.jar:/home/user/.m2/repository/info/picocli/picocli/3.9.6/picocli-3.9.6.jar:/home/user/.m2/repository/com/google/protobuf/protobuf-java/2.5.0/protobuf-java-2.5.0.jar:/home/user/.m2/repository/com/google/guava/guava/11.0.2/guava-11.0.2.jar:/home/user/.m2/repository/org/apache/hadoop/hadoop-ozone-ozone-manager/0.5.0-SNAPSHOT/hadoop-ozone-ozone-manager-0.5.0-SNAPSHOT.jar:/home/user/.m2/repository/org/apache/hadoop/hadoop-minikdc/3.2.0/hadoop-minikdc-3.2.0.jar:/home/user/.m2/repository/commons-io/commons-io/2.5/commons-io-2.5.jar:/home/user/.m2/repository/org/apache/kerby/kerb-simplekdc/1.0.1/kerb-simplekdc-1.0.1.jar:/home/user/.m2/repository/org/apache/kerby/kerb-client/1.0.1/kerb-client-1.0.1.jar:/home/user/.m2/repository/org/apache/kerby/kerby-config/1.0.1/kerby-config-1.0.1.jar:/home/user/.m2/repository/org/apache/kerby/kerb-core/1.0.1/kerb-core-1.0.1.jar:/home/user/.m2/repository/org/apache/kerby/kerby-pkix/1.0.1/kerby-pkix-1.0.1.jar:/home/user/.m2/repository/org/apache/kerby/kerby-asn1/1.0.1/kerby-asn1-1.0.1.jar:/home/user/.m2/repository/org/apache/kerby/kerby-util/1.0.1/kerby-util-1.0.1.jar:/home/user/.m2/repository/org/apache/kerby/kerb-common/1.0.1/kerb-common-1.0.1.jar:/home/user/.m2/repository/org/apache/kerby/kerb-crypto/1.0.1/kerb-crypto-1.0.1.jar:/home/user/.m2/repository/org/apache/kerby/kerb-util/1.0.1/kerb-util-1.0.1.jar:/home/user/.m2/repository/org/apache/kerby/token-provider/1.0.1/token-provider-1.0.1.jar:/home/user/.m2/repository/org/apache/kerby/kerb-admin/1.0.1/kerb-admin-1.0.1.jar:/home/user/.m2/repository/org/apache/kerby/kerb-server/1.0.1/kerb-server-1.0.1.jar:/home/user/.m2/repository/org/apache/kerby/kerb-identity/1.0.1/kerb-identity-1.0.1.jar:/home/user/.m2/repository/org/apache/kerby/kerby-xdr/1.0.1/kerby-xdr-1.0.1.jar:/home/user/.m2/repository/org/slf4j/slf4j-log4j12/1.7.25/slf4j-log4j12-1.7.25.jar:/home/user/.m2/repository/org/apache/hadoop/hadoop-ozone-s3gateway/0.5.0-SNAPSHOT/hadoop-ozone-s3gateway-0.5.0-SNAPSHOT.jar:/home/user/.m2/repository/org/jboss/weld/servlet/weld-servlet/2.4.7.Final/weld-servlet-2.4.7.Final.jar:/home/user/.m2/repository/org/glassfish/jersey/containers/jersey-container-servlet-core/2.27/jersey-container-servlet-core-2.27.jar:/home/user/.m2/repository/org/glassfish/hk2/external/javax.inject/2.5.0-b42/javax.inject-2.5.0-b42.jar:/home/user/.m2/repository/org/glassfish/jersey/core/jersey-common/2.27/jersey-common-2.27.jar:/home/user/.m2/repository/org/glassfish/hk2/osgi-resource-locator/1.0.1/osgi-resource-locator-1.0.1.jar:/home/user/.m2/repository/javax/ws/rs/javax.ws.rs-api/2.1/javax.ws.rs-api-2.1.jar:/home/user/.m2/repository/org/glassfish/jersey/ext/cdi/jersey-cdi1x/2.27/jersey-cdi1x-2.27.jar:/home/user/.m2/repository/org/glassfish/jersey/inject/jersey-hk2/2.27/jersey-hk2-2.27.jar:/home/user/.m2/repository/org/glassfish/hk2/hk2-locator/2.5.0-b42/hk2-locator-2.5.0-b42.jar:/home/user/.m2/repository/org/javassist/javassist/3.22.0-CR2/javassist-3.22.0-CR2.jar:/home/user/.m2/repository/org/glassfish/hk2/hk2-api/2.5.0/hk2-api-2.5.0.jar:/home/user/.m2/repository/org/glassfish/hk2/external/jakarta.inject/2.5.0/jakarta.inject-2.5.0.jar:/home/user/.m2/repository/org/glassfish/hk2/hk2-utils/2.5.0/hk2-utils-2.5.0.jar:/home/user/.m2/repository/jakarta/annotation/jakarta.annotation-api/1.3.4/jakarta.annotation-api-1.3.4.jar:/home/user/.m2/repository/org/glassfish/hk2/external/aopalliance-repackaged/2.5.0/aopalliance-repackaged-2.5.0.jar:/home/user/.m2/repository/com/fasterxml/jackson/dataformat/jackson-dataformat-xml/2.9.0/jackson-dataformat-xml-2.9.0.jar:/home/user/.m2/repository/com/fasterxml/jackson/core/jackson-core/2.9.9/jackson-core-2.9.9.jar:/home/user/.m2/repository/com/fasterxml/jackson/module/jackson-module-jaxb-annotations/2.9.9/jackson-module-jaxb-annotations-2.9.9.jar:/home/user/.m2/repository/javax/enterprise/cdi-api/1.2/cdi-api-1.2.jar:/home/user/.m2/repository/javax/el/javax.el-api/3.0.0/javax.el-api-3.0.0.jar:/home/user/.m2/repository/javax/interceptor/javax.interceptor-api/1.2/javax.interceptor-api-1.2.jar:/home/user/.m2/repository/javax/inject/javax.inject/1/javax.inject-1.jar:/home/user/.m2/repository/com/sun/xml/bind/jaxb-impl/2.3.0.1/jaxb-impl-2.3.0.1.jar:/home/user/.m2/repository/com/sun/xml/bind/jaxb-core/2.3.0.1/jaxb-core-2.3.0.1.jar:/home/user/.m2/repository/javax/xml/bind/jaxb-api/2.3.0/jaxb-api-2.3.0.jar:/home/user/.m2/repository/javax/activation/activation/1.1.1/activation-1.1.1.jar:/home/user/.m2/repository/org/apache/hadoop/hadoop-ozone-csi/0.5.0-SNAPSHOT/hadoop-ozone-csi-0.5.0-SNAPSHOT.jar:/home/user/.m2/repository/com/google/protobuf/protobuf-java-util/3.5.1/protobuf-java-util-3.5.1.jar:/home/user/.m2/repository/org/apache/hadoop/hadoop-hdds-config/0.5.0-SNAPSHOT/hadoop-hdds-config-0.5.0-SNAPSHOT.jar:/home/user/.m2/repository/io/grpc/grpc-netty/1.17.1/grpc-netty-1.17.1.jar:/home/user/.m2/repository/io/grpc/grpc-core/1.17.1/grpc-core-1.17.1.jar:/home/user/.m2/repository/io/grpc/grpc-context/1.17.1/grpc-context-1.17.1.jar:/home/user/.m2/repository/com/google/errorprone/error_prone_annotations/2.2.0/error_prone_annotations-2.2.0.jar:/home/user/.m2/repository/org/codehaus/mojo/animal-sniffer-annotations/1.17/animal-sniffer-annotations-1.17.jar:/home/user/.m2/repository/io/opencensus/opencensus-api/0.17.0/opencensus-api-0.17.0.jar:/home/user/.m2/repository/io/opencensus/opencensus-contrib-grpc-metrics/0.17.0/opencensus-contrib-grpc-metrics-0.17.0.jar:/home/user/.m2/repository/io/netty/netty-codec-http2/4.1.30.Final/netty-codec-http2-4.1.30.Final.jar:/home/user/.m2/repository/io/netty/netty-codec-http/4.1.30.Final/netty-codec-http-4.1.30.Final.jar:/home/user/.m2/repository/io/netty/netty-codec/4.1.30.Final/netty-codec-4.1.30.Final.jar:/home/user/.m2/repository/io/netty/netty-handler/4.1.30.Final/netty-handler-4.1.30.Final.jar:/home/user/.m2/repository/io/netty/netty-handler-proxy/4.1.30.Final/netty-handler-proxy-4.1.30.Final.jar:/home/user/.m2/repository/io/netty/netty-codec-socks/4.1.30.Final/netty-codec-socks-4.1.30.Final.jar:/home/user/.m2/repository/io/netty/netty-transport-native-epoll/4.1.30.Final/netty-transport-native-epoll-4.1.30.Final.jar:/home/user/.m2/repository/io/netty/netty-common/4.1.30.Final/netty-common-4.1.30.Final.jar:/home/user/.m2/repository/io/netty/netty-buffer/4.1.30.Final/netty-buffer-4.1.30.Final.jar:/home/user/.m2/repository/io/netty/netty-transport/4.1.30.Final/netty-transport-4.1.30.Final.jar:/home/user/.m2/repository/io/netty/netty-resolver/4.1.30.Final/netty-resolver-4.1.30.Final.jar:/home/user/.m2/repository/io/netty/netty-transport-native-unix-common/4.1.30.Final/netty-transport-native-unix-common-4.1.30.Final.jar:/home/user/.m2/repository/io/grpc/grpc-protobuf/1.17.1/grpc-protobuf-1.17.1.jar:/home/user/.m2/repository/com/google/api/grpc/proto-google-common-protos/1.0.0/proto-google-common-protos-1.0.0.jar:/home/user/.m2/repository/io/grpc/grpc-protobuf-lite/1.17.1/grpc-protobuf-lite-1.17.1.jar:/home/user/.m2/repository/io/grpc/grpc-stub/1.17.1/grpc-stub-1.17.1.jar:/home/user/.m2/repository/org/apache/hadoop/hadoop-ozone-recon/0.5.0-SNAPSHOT/hadoop-ozone-recon-0.5.0-SNAPSHOT.jar:/home/user/.m2/repository/org/apache/hadoop/hadoop-ozone-reconcodegen/0.5.0-SNAPSHOT/hadoop-ozone-reconcodegen-0.5.0-SNAPSHOT.jar:/home/user/.m2/repository/com/google/inject/extensions/guice-multibindings/4.0/guice-multibindings-4.0.jar:/home/user/.m2/repository/com/google/inject/guice/4.0/guice-4.0.jar:/home/user/.m2/repository/aopalliance/aopalliance/1.0/aopalliance-1.0.jar:/home/user/.m2/repository/com/google/inject/extensions/guice-servlet/4.0/guice-servlet-4.0.jar:/home/user/.m2/repository/org/glassfish/jersey/containers/jersey-container-servlet/2.27/jersey-container-servlet-2.27.jar:/home/user/.m2/repository/org/glassfish/hk2/guice-bridge/2.5.0/guice-bridge-2.5.0.jar:/home/user/.m2/repository/org/glassfish/jersey/core/jersey-server/2.27/jersey-server-2.27.jar:/home/user/.m2/repository/org/glassfish/jersey/core/jersey-client/2.27/jersey-client-2.27.jar:/home/user/.m2/repository/org/glassfish/jersey/media/jersey-media-jaxb/2.27/jersey-media-jaxb-2.27.jar:/home/user/.m2/repository/javax/validation/validation-api/1.1.0.Final/validation-api-1.1.0.Final.jar:/home/user/.m2/repository/org/glassfish/jersey/media/jersey-media-json-jackson/2.27/jersey-media-json-jackson-2.27.jar:/home/user/.m2/repository/org/glassfish/jersey/ext/jersey-entity-filtering/2.27/jersey-entity-filtering-2.27.jar:/home/user/.m2/repository/com/google/inject/extensions/guice-assistedinject/4.0/guice-assistedinject-4.0.jar:/home/user/.m2/repository/org/jooq/jooq/3.11.10/jooq-3.11.10.jar:/home/user/.m2/repository/org/jooq/jooq-meta/3.11.10/jooq-meta-3.11.10.jar:/home/user/.m2/repository/org/jooq/jooq-codegen/3.11.10/jooq-codegen-3.11.10.jar:/home/user/.m2/repository/com/jolbox/bonecp/0.8.0.RELEASE/bonecp-0.8.0.RELEASE.jar:/home/user/.m2/repository/org/xerial/sqlite-jdbc/3.25.2/sqlite-jdbc-3.25.2.jar:/home/user/.m2/repository/org/springframework/spring-jdbc/5.1.3.RELEASE/spring-jdbc-5.1.3.RELEASE.jar:/home/user/.m2/repository/org/springframework/spring-beans/5.1.3.RELEASE/spring-beans-5.1.3.RELEASE.jar:/home/user/.m2/repository/org/springframework/spring-core/5.1.3.RELEASE/spring-core-5.1.3.RELEASE.jar:/home/user/.m2/repository/org/springframework/spring-jcl/5.1.3.RELEASE/spring-jcl-5.1.3.RELEASE.jar:/home/user/.m2/repository/org/springframework/spring-tx/5.1.3.RELEASE/spring-tx-5.1.3.RELEASE.jar:/home/user/.m2/repository/org/apache/hadoop/hadoop-ozone-client/0.5.0-SNAPSHOT/hadoop-ozone-client-0.5.0-SNAPSHOT.jar:/home/user/.m2/repository/commons-lang/commons-lang/2.6/commons-lang-2.6.jar:/home/user/.m2/repository/org/apache/hadoop/hadoop-ozone-ozone-manager/0.5.0-SNAPSHOT/hadoop-ozone-ozone-manager-0.5.0-SNAPSHOT-tests.jar:/home/user/.m2/repository/junit/junit/4.11/junit-4.11.jar:/home/user/.m2/repository/org/hamcrest/hamcrest-core/1.3/hamcrest-core-1.3.jar:/home/user/.m2/repository/org/openjdk/jmh/jmh-core/1.19/jmh-core-1.19.jar:/home/user/.m2/repository/net/sf/jopt-simple/jopt-simple/4.6/jopt-simple-4.6.jar:/home/user/.m2/repository/org/apache/commons/commons-math3/3.1.1/commons-math3-3.1.1.jar:/home/user/.m2/repository/org/openjdk/jmh/jmh-generator-annprocess/1.19/jmh-generator-annprocess-1.19.jar:/home/user/.m2/repository/org/mockito/mockito-all/1.8.5/mockito-all-1.8.5.jar:/home/user/.m2/repository/org/apache/hadoop/hadoop-kms/3.2.0/hadoop-kms-3.2.0.jar:/home/user/.m2/repository/org/apache/hadoop/hadoop-auth/3.2.0/hadoop-auth-3.2.0.jar:/home/user/.m2/repository/com/nimbusds/nimbus-jose-jwt/4.41.1/nimbus-jose-jwt-4.41.1.jar:/home/user/.m2/repository/com/github/stephenc/jcip/jcip-annotations/1.0-1/jcip-annotations-1.0-1.jar:/home/user/.m2/repository/net/minidev/json-smart/2.3/json-smart-2.3.jar:/home/user/.m2/repository/net/minidev/accessors-smart/1.2/accessors-smart-1.2.jar:/home/user/.m2/repository/org/ow2/asm/asm/5.0.4/asm-5.0.4.jar:/home/user/.m2/repository/org/apache/curator/curator-framework/2.12.0/curator-framework-2.12.0.jar:/home/user/.m2/repository/com/sun/jersey/jersey-core/1.19/jersey-core-1.19.jar:/home/user/.m2/repository/javax/ws/rs/jsr311-api/1.1.1/jsr311-api-1.1.1.jar:/home/user/.m2/repository/com/sun/jersey/jersey-server/1.19/jersey-server-1.19.jar:/home/user/.m2/repository/javax/servlet/javax.servlet-api/3.1.0/javax.servlet-api-3.1.0.jar:/home/user/.m2/repository/org/eclipse/jetty/jetty-server/9.3.25.v20180904/jetty-server-9.3.25.v20180904.jar:/home/user/.m2/repository/org/eclipse/jetty/jetty-http/9.3.25.v20180904/jetty-http-9.3.25.v20180904.jar:/home/user/.m2/repository/org/eclipse/jetty/jetty-io/9.3.25.v20180904/jetty-io-9.3.25.v20180904.jar:/home/user/.m2/repository/org/eclipse/jetty/jetty-webapp/9.3.25.v20180904/jetty-webapp-9.3.25.v20180904.jar:/home/user/.m2/repository/org/eclipse/jetty/jetty-xml/9.3.25.v20180904/jetty-xml-9.3.25.v20180904.jar:/home/user/.m2/repository/log4j/log4j/1.2.17/log4j-1.2.17.jar:/home/user/.m2/repository/org/slf4j/slf4j-api/1.7.25/slf4j-api-1.7.25.jar:/home/user/.m2/repository/org/slf4j/jul-to-slf4j/1.7.25/jul-to-slf4j-1.7.25.jar:/home/user/.m2/repository/org/eclipse/jetty/jetty-util/9.3.25.v20180904/jetty-util-9.3.25.v20180904.jar:/home/user/.m2/repository/com/fasterxml/jackson/core/jackson-databind/2.9.9/jackson-databind-2.9.9.jar:/home/user/.m2/repository/org/apache/hadoop/hadoop-kms/3.2.0/hadoop-kms-3.2.0-tests.jar:/home/user/.m2/repository/org/apache/hadoop/hadoop-hdds-server-scm/0.5.0-SNAPSHOT/hadoop-hdds-server-scm-0.5.0-SNAPSHOT-tests.jar:/home/user/.m2/repository/org/apache/hadoop/hadoop-hdds-container-service/0.5.0-SNAPSHOT/hadoop-hdds-container-service-0.5.0-SNAPSHOT-tests.jar:/home/user/.m2/repository/org/yaml/snakeyaml/1.16/snakeyaml-1.16.jar:/home/user/.m2/repository/org/apache/hadoop/hadoop-common/3.2.0/hadoop-common-3.2.0-tests.jar:/home/user/.m2/repository/org/apache/hadoop/hadoop-annotations/3.2.0/hadoop-annotations-3.2.0.jar:/usr/lib/jvm/java-1.8-openjdk/jre/../lib/tools.jar:/home/user/.m2/repository/commons-cli/commons-cli/1.2/commons-cli-1.2.jar:/home/user/.m2/repository/org/apache/httpcomponents/httpclient/4.5.2/httpclient-4.5.2.jar:/home/user/.m2/repository/org/apache/httpcomponents/httpcore/4.4.4/httpcore-4.4.4.jar:/home/user/.m2/repository/commons-codec/commons-codec/1.11/commons-codec-1.11.jar:/home/user/.m2/repository/commons-net/commons-net/3.6/commons-net-3.6.jar:/home/user/.m2/repository/commons-collections/commons-collections/3.2.2/commons-collections-3.2.2.jar:/home/user/.m2/repository/org/eclipse/jetty/jetty-servlet/9.3.25.v20180904/jetty-servlet-9.3.25.v20180904.jar:/home/user/.m2/repository/org/eclipse/jetty/jetty-security/9.3.25.v20180904/jetty-security-9.3.25.v20180904.jar:/home/user/.m2/repository/javax/servlet/jsp/jsp-api/2.1/jsp-api-2.1.jar:/home/user/.m2/repository/com/sun/jersey/jersey-servlet/1.19/jersey-servlet-1.19.jar:/home/user/.m2/repository/com/sun/jersey/jersey-json/1.19/jersey-json-1.19.jar:/home/user/.m2/repository/org/codehaus/jettison/jettison/1.1/jettison-1.1.jar:/home/user/.m2/repository/org/codehaus/jackson/jackson-core-asl/1.9.13/jackson-core-asl-1.9.13.jar:/home/user/.m2/repository/org/codehaus/jackson/jackson-mapper-asl/1.9.13/jackson-mapper-asl-1.9.13.jar:/home/user/.m2/repository/org/codehaus/jackson/jackson-jaxrs/1.9.13/jackson-jaxrs-1.9.13.jar:/home/user/.m2/repository/org/codehaus/jackson/jackson-xc/1.9.13/jackson-xc-1.9.13.jar:/home/user/.m2/repository/commons-logging/commons-logging/1.1.3/commons-logging-1.1.3.jar:/home/user/.m2/repository/commons-beanutils/commons-beanutils/1.9.4/commons-beanutils-1.9.4.jar:/home/user/.m2/repository/org/apache/commons/commons-configuration2/2.1.1/commons-configuration2-2.1.1.jar:/home/user/.m2/repository/org/apache/commons/commons-lang3/3.7/commons-lang3-3.7.jar:/home/user/.m2/repository/org/apache/commons/commons-text/1.4/commons-text-1.4.jar:/home/user/.m2/repository/org/apache/avro/avro/1.7.7/avro-1.7.7.jar:/home/user/.m2/repository/com/thoughtworks/paranamer/paranamer/2.3/paranamer-2.3.jar:/home/user/.m2/repository/org/xerial/snappy/snappy-java/1.0.5/snappy-java-1.0.5.jar:/home/user/.m2/repository/com/google/re2j/re2j/1.1/re2j-1.1.jar:/home/user/.m2/repository/com/google/code/gson/gson/2.2.4/gson-2.2.4.jar:/home/user/.m2/repository/com/jcraft/jsch/0.1.54/jsch-0.1.54.jar:/home/user/.m2/repository/org/apache/curator/curator-client/2.12.0/curator-client-2.12.0.jar:/home/user/.m2/repository/org/apache/curator/curator-recipes/2.12.0/curator-recipes-2.12.0.jar:/home/user/.m2/repository/com/google/code/findbugs/jsr305/3.0.0/jsr305-3.0.0.jar:/home/user/.m2/repository/org/apache/htrace/htrace-core4/4.1.0-incubating/htrace-core4-4.1.0-incubating.jar:/home/user/.m2/repository/org/apache/zookeeper/zookeeper/3.4.13/zookeeper-3.4.13.jar:/home/user/.m2/repository/jline/jline/0.9.94/jline-0.9.94.jar:/home/user/.m2/repository/org/apache/yetus/audience-annotations/0.5.0/audience-annotations-0.5.0.jar:/home/user/.m2/repository/org/codehaus/woodstox/stax2-api/3.1.4/stax2-api-3.1.4.jar:/home/user/.m2/repository/com/fasterxml/woodstox/woodstox-core/5.0.3/woodstox-core-5.0.3.jar:/home/user/.m2/repository/dnsjava/dnsjava/2.1.7/dnsjava-2.1.7.jar:/home/user/.m2/repository/org/apache/hadoop/hadoop-hdfs/3.2.0/hadoop-hdfs-3.2.0-tests.jar:/home/user/.m2/repository/org/eclipse/jetty/jetty-util-ajax/9.3.25.v20180904/jetty-util-ajax-9.3.25.v20180904.jar:/home/user/.m2/repository/commons-daemon/commons-daemon/1.0.13/commons-daemon-1.0.13.jar:/home/user/.m2/repository/io/netty/netty/3.10.5.Final/netty-3.10.5.Final.jar:/home/user/.m2/repository/io/netty/netty-all/4.0.52.Final/netty-all-4.0.52.Final.jar:/home/user/.m2/repository/org/fusesource/leveldbjni/leveldbjni-all/1.8/leveldbjni-all-1.8.jar:"/>
    <property name="sun.cpu.endian" value="little"/>
    <property name="user.home" value="/home/user"/>
    <property name="user.language" value="en"/>
    <property name="java.specification.vendor" value="Oracle Corporation"/>
    <property name="java.home" value="/usr/lib/jvm/java-1.8-openjdk/jre"/>
    <property name="java.security.krb5.conf" value="/workdir/hadoop-ozone/integration-test/target/test-classes/krb5.conf"/>
    <property name="basedir" value="/workdir/hadoop-ozone/integration-test"/>
    <property name="file.separator" value="/"/>
    <property name="line.separator" value="&#10;"/>
    <property name="java.vm.specification.vendor" value="Oracle Corporation"/>
    <property name="java.specification.name" value="Java Platform API Specification"/>
    <property name="java.awt.graphicsenv" value="sun.awt.X11GraphicsEnvironment"/>
    <property name="surefire.real.class.path" value="/workdir/hadoop-ozone/integration-test/target/surefire/surefirebooter6707970324168698381.jar"/>
    <property name="hadoop.log.dir" value="/workdir/hadoop-ozone/integration-test/target/log"/>
    <property name="sun.boot.class.path" value="/usr/lib/jvm/java-1.8-openjdk/jre/lib/resources.jar:/usr/lib/jvm/java-1.8-openjdk/jre/lib/rt.jar:/usr/lib/jvm/java-1.8-openjdk/jre/lib/sunrsasign.jar:/usr/lib/jvm/java-1.8-openjdk/jre/lib/jsse.jar:/usr/lib/jvm/java-1.8-openjdk/jre/lib/jce.jar:/usr/lib/jvm/java-1.8-openjdk/jre/lib/charsets.jar:/usr/lib/jvm/java-1.8-openjdk/jre/lib/jfr.jar:/usr/lib/jvm/java-1.8-openjdk/jre/classes"/>
    <property name="sun.management.compiler" value="HotSpot 64-Bit Tiered Compilers"/>
    <property name="java.runtime.version" value="1.8.0_212-b04"/>
    <property name="java.net.preferIPv4Stack" value="true"/>
    <property name="user.name" value="jenkins1000"/>
    <property name="path.separator" value=":"/>
    <property name="java.security.egd" value="file:///dev/urandom"/>
    <property name="os.version" value="3.10.0-957.12.2.el7.x86_64"/>
    <property name="java.endorsed.dirs" value="/usr/lib/jvm/java-1.8-openjdk/jre/lib/endorsed"/>
    <property name="java.runtime.name" value="OpenJDK Runtime Environment"/>
    <property name="file.encoding" value="UTF-8"/>
    <property name="java.vm.name" value="OpenJDK 64-Bit Server VM"/>
    <property name="test.build.webapps" value=""/>
    <property name="localRepository" value="/home/user/.m2/repository"/>
    <property name="java.vendor.url.bug" value="https://icedtea.classpath.org/bugzilla"/>
    <property name="java.io.tmpdir" value="/tmp"/>
    <property name="require.test.libhadoop" value=""/>
    <property name="java.version" value="1.8.0_212"/>
    <property name="user.dir" value="/workdir/hadoop-ozone/integration-test"/>
    <property name="os.arch" value="amd64"/>
    <property name="java.vm.specification.name" value="Java Virtual Machine Specification"/>
    <property name="test.build.classes" value="/workdir/hadoop-ozone/integration-test/target/test-classes"/>
    <property name="java.awt.printerjob" value="sun.print.PSPrinterJob"/>
    <property name="sun.os.patch.level" value="unknown"/>
    <property name="hadoop.tmp.dir" value="/workdir/hadoop-ozone/integration-test/target/tmp"/>
    <property name="java.library.path" value="/usr/lib/jvm/java-1.8-openjdk/jre/lib/amd64/server:/usr/lib/jvm/java-1.8-openjdk/jre/lib/amd64:/usr/lib/jvm/java-1.8-openjdk/jre/../lib/amd64:/workdir/hadoop-ozone/integration-test/target/native/target/usr/local/lib:/workdir/hadoop-ozone/integration-test/../../hadoop-common-project/hadoop-common/target/native/target/usr/local/lib:/usr/java/packages/lib/amd64:/usr/lib64:/lib64:/lib:/usr/lib"/>
    <property name="java.vm.info" value="mixed mode"/>
    <property name="java.vendor" value="IcedTea"/>
    <property name="java.vm.version" value="25.212-b04"/>
    <property name="java.ext.dirs" value="/usr/lib/jvm/java-1.8-openjdk/jre/lib/ext:/usr/java/packages/lib/ext"/>
    <property name="sun.io.unicode.encoding" value="UnicodeLittle"/>
    <property name="java.class.version" value="52.0"/>
  </properties>
  <testcase name="test2DatanodesFailure" classname="org.apache.hadoop.ozone.client.rpc.TestBlockOutputStreamWithFailures" time="107.072"/>
  <testcase name="testDatanodeFailureWithPreAllocation" classname="org.apache.hadoop.ozone.client.rpc.TestBlockOutputStreamWithFailures" time="223.479"/>
  <testcase name="testDatanodeFailureWithSingleNodeRatis" classname="org.apache.hadoop.ozone.client.rpc.TestBlockOutputStreamWithFailures" time="221.781"/>
  <testcase name="testWatchForCommitWithSingleNodeRatis" classname="org.apache.hadoop.ozone.client.rpc.TestBlockOutputStreamWithFailures" time="34.838"/>
  <testcase name="testWatchForCommitDatanodeFailure" classname="org.apache.hadoop.ozone.client.rpc.TestBlockOutputStreamWithFailures" time="42.361">
    <failure message="expected:&lt;2&gt; but was:&lt;3&gt;" type="java.lang.AssertionError"><![CDATA[java.lang.AssertionError: expected:<2> but was:<3>
	at org.junit.Assert.fail(Assert.java:88)
	at org.junit.Assert.failNotEquals(Assert.java:743)
	at org.junit.Assert.assertEquals(Assert.java:118)
	at org.junit.Assert.assertEquals(Assert.java:555)
	at org.junit.Assert.assertEquals(Assert.java:542)
	at org.apache.hadoop.ozone.client.rpc.TestBlockOutputStreamWithFailures.testWatchForCommitDatanodeFailure(TestBlockOutputStreamWithFailures.java:366)
	at sun.reflect.NativeMethodAccessorImpl.invoke0(Native Method)
	at sun.reflect.NativeMethodAccessorImpl.invoke(NativeMethodAccessorImpl.java:62)
	at sun.reflect.DelegatingMethodAccessorImpl.invoke(DelegatingMethodAccessorImpl.java:43)
	at java.lang.reflect.Method.invoke(Method.java:498)
	at org.junit.runners.model.FrameworkMethod$1.runReflectiveCall(FrameworkMethod.java:47)
	at org.junit.internal.runners.model.ReflectiveCallable.run(ReflectiveCallable.java:12)
	at org.junit.runners.model.FrameworkMethod.invokeExplosively(FrameworkMethod.java:44)
	at org.junit.internal.runners.statements.InvokeMethod.evaluate(InvokeMethod.java:17)
	at org.junit.internal.runners.statements.RunBefores.evaluate(RunBefores.java:26)
	at org.junit.internal.runners.statements.RunAfters.evaluate(RunAfters.java:27)
	at org.junit.runners.ParentRunner.runLeaf(ParentRunner.java:271)
	at org.junit.runners.BlockJUnit4ClassRunner.runChild(BlockJUnit4ClassRunner.java:70)
	at org.junit.runners.BlockJUnit4ClassRunner.runChild(BlockJUnit4ClassRunner.java:50)
	at org.junit.runners.ParentRunner$3.run(ParentRunner.java:238)
	at org.junit.runners.ParentRunner$1.schedule(ParentRunner.java:63)
	at org.junit.runners.ParentRunner.runChildren(ParentRunner.java:236)
	at org.junit.runners.ParentRunner.access$000(ParentRunner.java:53)
	at org.junit.runners.ParentRunner$2.evaluate(ParentRunner.java:229)
	at org.junit.runners.ParentRunner.run(ParentRunner.java:309)
	at org.apache.maven.surefire.junit4.JUnit4Provider.execute(JUnit4Provider.java:365)
	at org.apache.maven.surefire.junit4.JUnit4Provider.executeWithRerun(JUnit4Provider.java:273)
	at org.apache.maven.surefire.junit4.JUnit4Provider.executeTestSet(JUnit4Provider.java:238)
	at org.apache.maven.surefire.junit4.JUnit4Provider.invoke(JUnit4Provider.java:159)
	at org.apache.maven.surefire.booter.ForkedBooter.invokeProviderInSameClassLoader(ForkedBooter.java:384)
	at org.apache.maven.surefire.booter.ForkedBooter.runSuitesInProcess(ForkedBooter.java:345)
	at org.apache.maven.surefire.booter.ForkedBooter.execute(ForkedBooter.java:126)
	at org.apache.maven.surefire.booter.ForkedBooter.main(ForkedBooter.java:418)
]]></failure>
    <system-out><![CDATA[2019-09-25 12:47:38,954 [main] WARN  server.ServerUtils (ServerUtils.java:getScmDbDir(145)) - ozone.scm.db.dirs is not configured. We recommend adding this setting. Falling back to ozone.metadata.dirs instead.
2019-09-25 12:47:38,958 [main] WARN  server.ServerUtils (ServerUtils.java:getScmDbDir(145)) - ozone.scm.db.dirs is not configured. We recommend adding this setting. Falling back to ozone.metadata.dirs instead.
2019-09-25 12:47:38,958 [main] WARN  server.ServerUtils (ServerUtils.java:getScmDbDir(145)) - ozone.scm.db.dirs is not configured. We recommend adding this setting. Falling back to ozone.metadata.dirs instead.
2019-09-25 12:47:38,958 [main] INFO  db.DBStoreBuilder (DBStoreBuilder.java:addTable(110)) - using custom profile for table: deletedBlocks
2019-09-25 12:47:38,959 [main] INFO  db.DBStoreBuilder (DBStoreBuilder.java:processTables(161)) - Using default column profile:DBProfile.DISK for Table:deletedBlocks
2019-09-25 12:47:38,959 [main] INFO  db.DBStoreBuilder (DBStoreBuilder.java:addTable(110)) - using custom profile for table: validCerts
2019-09-25 12:47:38,959 [main] INFO  db.DBStoreBuilder (DBStoreBuilder.java:processTables(161)) - Using default column profile:DBProfile.DISK for Table:validCerts
2019-09-25 12:47:38,959 [main] INFO  db.DBStoreBuilder (DBStoreBuilder.java:addTable(110)) - using custom profile for table: revokedCerts
2019-09-25 12:47:38,959 [main] INFO  db.DBStoreBuilder (DBStoreBuilder.java:processTables(161)) - Using default column profile:DBProfile.DISK for Table:revokedCerts
2019-09-25 12:47:38,959 [main] INFO  db.DBStoreBuilder (DBStoreBuilder.java:addTable(110)) - using custom profile for table: default
2019-09-25 12:47:38,959 [main] INFO  db.DBStoreBuilder (DBStoreBuilder.java:processTables(167)) - Using default column profile:DBProfile.DISK for Table:default
2019-09-25 12:47:38,960 [main] INFO  db.DBStoreBuilder (DBStoreBuilder.java:getDbProfile(198)) - Using default options. DBProfile.DISK
2019-09-25 12:47:39,151 [main] INFO  net.NodeSchemaLoader (NodeSchemaLoader.java:loadSchemaFromFile(125)) - Loading file from sun.misc.CompoundEnumeration@6b2fdffc
2019-09-25 12:47:39,152 [main] INFO  net.NodeSchemaLoader (NodeSchemaLoader.java:loadSchema(171)) - Loading network topology layer schema file
2019-09-25 12:47:39,157 [main] INFO  node.SCMNodeManager (SCMNodeManager.java:<init>(114)) - Entering startup safe mode.
2019-09-25 12:47:39,158 [main] INFO  algorithms.ContainerPlacementPolicyFactory (ContainerPlacementPolicyFactory.java:getPolicy(57)) - Create container placement policy of type org.apache.hadoop.hdds.scm.container.placement.algorithms.SCMContainerPlacementRandom
2019-09-25 12:47:39,158 [main] WARN  server.ServerUtils (ServerUtils.java:getScmDbDir(145)) - ozone.scm.db.dirs is not configured. We recommend adding this setting. Falling back to ozone.metadata.dirs instead.
2019-09-25 12:47:39,196 [main] INFO  pipeline.SCMPipelineManager (SCMPipelineManager.java:initializePipelineState(132)) - No pipeline exists in current db
2019-09-25 12:47:39,197 [main] WARN  server.ServerUtils (ServerUtils.java:getScmDbDir(145)) - ozone.scm.db.dirs is not configured. We recommend adding this setting. Falling back to ozone.metadata.dirs instead.
2019-09-25 12:47:39,236 [main] WARN  events.EventQueue (EventQueue.java:fireEvent(183)) - No event handler registered for event TypedEvent{payloadType=SafeModeStatus, name='SafeModeStatus'}
2019-09-25 12:47:39,237 [main] INFO  ipc.CallQueueManager (CallQueueManager.java:<init>(84)) - Using callQueue: class java.util.concurrent.LinkedBlockingQueue, queueCapacity: 2000, scheduler: class org.apache.hadoop.ipc.DefaultRpcScheduler, ipcBackoff: false.
2019-09-25 12:47:39,238 [Socket Reader #1 for port 45997] INFO  ipc.Server (Server.java:run(1074)) - Starting Socket Reader #1 for port 45997
2019-09-25 12:47:39,239 [main] INFO  ipc.CallQueueManager (CallQueueManager.java:<init>(84)) - Using callQueue: class java.util.concurrent.LinkedBlockingQueue, queueCapacity: 2000, scheduler: class org.apache.hadoop.ipc.DefaultRpcScheduler, ipcBackoff: false.
2019-09-25 12:47:39,240 [Socket Reader #1 for port 38785] INFO  ipc.Server (Server.java:run(1074)) - Starting Socket Reader #1 for port 38785
2019-09-25 12:47:39,241 [main] INFO  ipc.CallQueueManager (CallQueueManager.java:<init>(84)) - Using callQueue: class java.util.concurrent.LinkedBlockingQueue, queueCapacity: 2000, scheduler: class org.apache.hadoop.ipc.DefaultRpcScheduler, ipcBackoff: false.
2019-09-25 12:47:39,241 [Socket Reader #1 for port 45309] INFO  ipc.Server (Server.java:run(1074)) - Starting Socket Reader #1 for port 45309
2019-09-25 12:47:39,243 [main] INFO  hdfs.DFSUtil (DFSUtil.java:httpServerTemplateForNNAndJN(1641)) - Starting Web-server for scm at: http://0.0.0.0:0
2019-09-25 12:47:39,245 [main] INFO  server.AuthenticationFilter (AuthenticationFilter.java:constructSecretProvider(240)) - Unable to initialize FileSignerSecretProvider, falling back to use random secrets.
2019-09-25 12:47:39,245 [main] WARN  http.HttpRequestLog (HttpRequestLog.java:getRequestLog(97)) - Jetty request log can only be enabled using Log4j
2019-09-25 12:47:39,247 [main] INFO  http.HttpServer2 (HttpServer2.java:addGlobalFilter(975)) - Added global filter 'safety' (class=org.apache.hadoop.http.HttpServer2$QuotingInputFilter)
2019-09-25 12:47:39,248 [main] INFO  http.HttpServer2 (HttpServer2.java:addFilter(948)) - Added filter static_user_filter (class=org.apache.hadoop.http.lib.StaticUserWebFilter$StaticUserFilter) to context scm
2019-09-25 12:47:39,248 [main] INFO  http.HttpServer2 (HttpServer2.java:addFilter(958)) - Added filter static_user_filter (class=org.apache.hadoop.http.lib.StaticUserWebFilter$StaticUserFilter) to context static
2019-09-25 12:47:39,248 [main] INFO  http.HttpServer2 (HttpServer2.java:addFilter(958)) - Added filter static_user_filter (class=org.apache.hadoop.http.lib.StaticUserWebFilter$StaticUserFilter) to context logs
2019-09-25 12:47:39,250 [main] INFO  server.StorageContainerManager (StorageContainerManager.java:start(770)) - StorageContainerLocationProtocol RPC server is listening at /0.0.0.0:45309
2019-09-25 12:47:39,252 [main] WARN  impl.MetricsConfig (MetricsConfig.java:loadFirst(134)) - Cannot locate configuration: tried hadoop-metrics2-storagecontainermanager.properties,hadoop-metrics2.properties
2019-09-25 12:47:39,253 [main] INFO  impl.MetricsSystemImpl (MetricsSystemImpl.java:startTimer(374)) - Scheduled Metric snapshot period at 10 second(s).
2019-09-25 12:47:39,253 [main] INFO  impl.MetricsSystemImpl (MetricsSystemImpl.java:start(191)) - StorageContainerManager metrics system started
2019-09-25 12:47:39,326 [main] WARN  impl.MetricsSystemImpl (MetricsSystemImpl.java:register(276)) - Sink prometheus already exists!
2019-09-25 12:47:39,395 [main] INFO  server.SCMClientProtocolServer (SCMClientProtocolServer.java:start(151)) - RPC server for Client  is listening at /0.0.0.0:45309
2019-09-25 12:47:39,395 [IPC Server Responder] INFO  ipc.Server (Server.java:run(1314)) - IPC Server Responder: starting
2019-09-25 12:47:39,395 [IPC Server listener on 45309] INFO  ipc.Server (Server.java:run(1153)) - IPC Server listener on 45309: starting
2019-09-25 12:47:39,398 [main] INFO  server.StorageContainerManager (StorageContainerManager.java:start(780)) - ScmBlockLocationProtocol RPC server is listening at /0.0.0.0:38785
2019-09-25 12:47:39,399 [main] INFO  server.SCMBlockProtocolServer (SCMBlockProtocolServer.java:start(146)) - RPC server for Block Protocol is listening at /0.0.0.0:38785
2019-09-25 12:47:39,399 [IPC Server Responder] INFO  ipc.Server (Server.java:run(1314)) - IPC Server Responder: starting
2019-09-25 12:47:39,399 [IPC Server listener on 38785] INFO  ipc.Server (Server.java:run(1153)) - IPC Server listener on 38785: starting
2019-09-25 12:47:39,402 [main] INFO  server.StorageContainerManager (StorageContainerManager.java:start(784)) - ScmDatanodeProtocl RPC server is listening at /0.0.0.0:45997
2019-09-25 12:47:39,402 [main] INFO  server.SCMDatanodeProtocolServer (SCMDatanodeProtocolServer.java:start(191)) - RPC server for DataNodes is listening at /0.0.0.0:45997
2019-09-25 12:47:39,403 [IPC Server Responder] INFO  ipc.Server (Server.java:run(1314)) - IPC Server Responder: starting
2019-09-25 12:47:39,403 [IPC Server listener on 45997] INFO  ipc.Server (Server.java:run(1153)) - IPC Server listener on 45997: starting
2019-09-25 12:47:39,407 [main] INFO  http.HttpServer2 (HttpServer2.java:bindListener(1191)) - Jetty bound to port 34777
2019-09-25 12:47:39,407 [main] INFO  server.Server (Server.java:doStart(351)) - jetty-9.3.25.v20180904, build timestamp: 2018-09-04T21:11:46Z, git hash: 3ce520221d0240229c862b122d2b06c12a625732
2019-09-25 12:47:39,409 [main] INFO  handler.ContextHandler (ContextHandler.java:doStart(781)) - Started o.e.j.s.ServletContextHandler@7e61e25c{/logs,file:///workdir/hadoop-ozone/integration-test/target/log,AVAILABLE}
2019-09-25 12:47:39,409 [main] INFO  handler.ContextHandler (ContextHandler.java:doStart(781)) - Started o.e.j.s.ServletContextHandler@256bb5be{/static,file:///workdir/hadoop-ozone/integration-test/target/test-classes/webapps/static,AVAILABLE}
2019-09-25 12:47:39,412 [main] INFO  handler.ContextHandler (ContextHandler.java:doStart(781)) - Started o.e.j.w.WebAppContext@6d7ad0f5{/,file:///workdir/hadoop-ozone/integration-test/target/test-classes/webapps/scm/,AVAILABLE}{/scm}
2019-09-25 12:47:39,413 [main] INFO  server.AbstractConnector (AbstractConnector.java:doStart(278)) - Started ServerConnector@30abf79c{HTTP/1.1,[http/1.1]}{0.0.0.0:34777}
2019-09-25 12:47:39,414 [main] INFO  server.Server (Server.java:doStart(419)) - Started @588269ms
2019-09-25 12:47:39,414 [main] WARN  impl.MetricsSystemImpl (MetricsSystemImpl.java:register(276)) - Sink prometheus already exists!
2019-09-25 12:47:39,415 [main] INFO  server.BaseHttpServer (BaseHttpServer.java:updateConnectorAddress(215)) - HTTP server of SCM is listening at http://0.0.0.0:34777
2019-09-25 12:47:39,416 [main] WARN  server.ServerUtils (ServerUtils.java:getDBPath(222)) - ozone.om.db.dirs is not configured. We recommend adding this setting. Falling back to ozone.metadata.dirs instead.
2019-09-25 12:47:39,416 [org.apache.hadoop.util.JvmPauseMonitor$Monitor@681061d6] INFO  util.JvmPauseMonitor (JvmPauseMonitor.java:run(188)) - Starting JVM pause monitor
2019-09-25 12:47:39,429 [main] WARN  server.ServerUtils (ServerUtils.java:getDBPath(222)) - ozone.om.db.dirs is not configured. We recommend adding this setting. Falling back to ozone.metadata.dirs instead.
2019-09-25 12:47:39,430 [main] WARN  server.ServerUtils (ServerUtils.java:getDBPath(222)) - ozone.om.db.dirs is not configured. We recommend adding this setting. Falling back to ozone.metadata.dirs instead.
2019-09-25 12:47:39,430 [main] INFO  om.OzoneManager (OzoneManager.java:setOMNodeDetails(652)) - OM Service ID is not set. Setting it to the default ID: omServiceIdDefault
2019-09-25 12:47:39,430 [main] INFO  om.OzoneManager (OzoneManager.java:setOMNodeDetails(658)) - OM Node ID is not set. Setting it to the OmStorage's OmID: 2650a8bc-9ba9-4874-b86e-1c4c259c99d8
2019-09-25 12:47:39,430 [main] INFO  om.OzoneManager (OzoneManager.java:loadOMHAConfigs(609)) - Found matching OM address with OMServiceId: null, OMNodeId: null, RPC Address: localhost:0 and Ratis port: 9872
2019-09-25 12:47:39,436 [main] WARN  server.ServerUtils (ServerUtils.java:getDBPath(222)) - ozone.om.db.dirs is not configured. We recommend adding this setting. Falling back to ozone.metadata.dirs instead.
2019-09-25 12:47:39,436 [main] INFO  db.DBStoreBuilder (DBStoreBuilder.java:addTable(110)) - using custom profile for table: userTable
2019-09-25 12:47:39,436 [main] INFO  db.DBStoreBuilder (DBStoreBuilder.java:processTables(161)) - Using default column profile:DBProfile.DISK for Table:userTable
2019-09-25 12:47:39,437 [main] INFO  db.DBStoreBuilder (DBStoreBuilder.java:addTable(110)) - using custom profile for table: volumeTable
2019-09-25 12:47:39,437 [main] INFO  db.DBStoreBuilder (DBStoreBuilder.java:processTables(161)) - Using default column profile:DBProfile.DISK for Table:volumeTable
2019-09-25 12:47:39,437 [main] INFO  db.DBStoreBuilder (DBStoreBuilder.java:addTable(110)) - using custom profile for table: bucketTable
2019-09-25 12:47:39,437 [main] INFO  db.DBStoreBuilder (DBStoreBuilder.java:processTables(161)) - Using default column profile:DBProfile.DISK for Table:bucketTable
2019-09-25 12:47:39,437 [main] INFO  db.DBStoreBuilder (DBStoreBuilder.java:addTable(110)) - using custom profile for table: keyTable
2019-09-25 12:47:39,438 [main] INFO  db.DBStoreBuilder (DBStoreBuilder.java:processTables(161)) - Using default column profile:DBProfile.DISK for Table:keyTable
2019-09-25 12:47:39,438 [main] INFO  db.DBStoreBuilder (DBStoreBuilder.java:addTable(110)) - using custom profile for table: deletedTable
2019-09-25 12:47:39,438 [main] INFO  db.DBStoreBuilder (DBStoreBuilder.java:processTables(161)) - Using default column profile:DBProfile.DISK for Table:deletedTable
2019-09-25 12:47:39,438 [main] INFO  db.DBStoreBuilder (DBStoreBuilder.java:addTable(110)) - using custom profile for table: openKeyTable
2019-09-25 12:47:39,438 [main] INFO  db.DBStoreBuilder (DBStoreBuilder.java:processTables(161)) - Using default column profile:DBProfile.DISK for Table:openKeyTable
2019-09-25 12:47:39,438 [main] INFO  db.DBStoreBuilder (DBStoreBuilder.java:addTable(110)) - using custom profile for table: s3Table
2019-09-25 12:47:39,439 [main] INFO  db.DBStoreBuilder (DBStoreBuilder.java:processTables(161)) - Using default column profile:DBProfile.DISK for Table:s3Table
2019-09-25 12:47:39,439 [main] INFO  db.DBStoreBuilder (DBStoreBuilder.java:addTable(110)) - using custom profile for table: multipartInfoTable
2019-09-25 12:47:39,439 [main] INFO  db.DBStoreBuilder (DBStoreBuilder.java:processTables(161)) - Using default column profile:DBProfile.DISK for Table:multipartInfoTable
2019-09-25 12:47:39,439 [main] INFO  db.DBStoreBuilder (DBStoreBuilder.java:addTable(110)) - using custom profile for table: dTokenTable
2019-09-25 12:47:39,439 [main] INFO  db.DBStoreBuilder (DBStoreBuilder.java:processTables(161)) - Using default column profile:DBProfile.DISK for Table:dTokenTable
2019-09-25 12:47:39,440 [main] INFO  db.DBStoreBuilder (DBStoreBuilder.java:addTable(110)) - using custom profile for table: s3SecretTable
2019-09-25 12:47:39,440 [main] INFO  db.DBStoreBuilder (DBStoreBuilder.java:processTables(161)) - Using default column profile:DBProfile.DISK for Table:s3SecretTable
2019-09-25 12:47:39,440 [main] INFO  db.DBStoreBuilder (DBStoreBuilder.java:addTable(110)) - using custom profile for table: prefixTable
2019-09-25 12:47:39,440 [main] INFO  db.DBStoreBuilder (DBStoreBuilder.java:processTables(161)) - Using default column profile:DBProfile.DISK for Table:prefixTable
2019-09-25 12:47:39,440 [main] INFO  db.DBStoreBuilder (DBStoreBuilder.java:addTable(110)) - using custom profile for table: default
2019-09-25 12:47:39,440 [main] INFO  db.DBStoreBuilder (DBStoreBuilder.java:processTables(167)) - Using default column profile:DBProfile.DISK for Table:default
2019-09-25 12:47:39,441 [main] INFO  db.DBStoreBuilder (DBStoreBuilder.java:getDbProfile(198)) - Using default options. DBProfile.DISK
2019-09-25 12:47:39,837 [main] INFO  ipc.CallQueueManager (CallQueueManager.java:<init>(84)) - Using callQueue: class java.util.concurrent.LinkedBlockingQueue, queueCapacity: 2000, scheduler: class org.apache.hadoop.ipc.DefaultRpcScheduler, ipcBackoff: false.
2019-09-25 12:47:39,838 [Socket Reader #1 for port 33935] INFO  ipc.Server (Server.java:run(1074)) - Starting Socket Reader #1 for port 33935
2019-09-25 12:47:39,849 [main] INFO  om.OzoneManager (OzoneManager.java:start(1243)) - OzoneManager RPC server is listening at localhost/127.0.0.1:33935
2019-09-25 12:47:39,849 [main] INFO  impl.MetricsSystemImpl (MetricsSystemImpl.java:init(158)) - OzoneManager metrics system started (again)
2019-09-25 12:47:39,849 [IPC Server Responder] INFO  ipc.Server (Server.java:run(1314)) - IPC Server Responder: starting
2019-09-25 12:47:39,850 [IPC Server listener on 33935] INFO  ipc.Server (Server.java:run(1153)) - IPC Server listener on 33935: starting
2019-09-25 12:47:39,856 [main] INFO  hdfs.DFSUtil (DFSUtil.java:httpServerTemplateForNNAndJN(1641)) - Starting Web-server for ozoneManager at: http://0.0.0.0:0
2019-09-25 12:47:39,858 [main] INFO  server.AuthenticationFilter (AuthenticationFilter.java:constructSecretProvider(240)) - Unable to initialize FileSignerSecretProvider, falling back to use random secrets.
2019-09-25 12:47:39,858 [main] WARN  http.HttpRequestLog (HttpRequestLog.java:getRequestLog(97)) - Jetty request log can only be enabled using Log4j
2019-09-25 12:47:39,860 [main] INFO  http.HttpServer2 (HttpServer2.java:addGlobalFilter(975)) - Added global filter 'safety' (class=org.apache.hadoop.http.HttpServer2$QuotingInputFilter)
2019-09-25 12:47:39,861 [main] INFO  http.HttpServer2 (HttpServer2.java:addFilter(948)) - Added filter static_user_filter (class=org.apache.hadoop.http.lib.StaticUserWebFilter$StaticUserFilter) to context ozoneManager
2019-09-25 12:47:39,861 [main] INFO  http.HttpServer2 (HttpServer2.java:addFilter(958)) - Added filter static_user_filter (class=org.apache.hadoop.http.lib.StaticUserWebFilter$StaticUserFilter) to context static
2019-09-25 12:47:39,861 [main] INFO  http.HttpServer2 (HttpServer2.java:addFilter(958)) - Added filter static_user_filter (class=org.apache.hadoop.http.lib.StaticUserWebFilter$StaticUserFilter) to context logs
2019-09-25 12:47:39,862 [main] INFO  http.HttpServer2 (HttpServer2.java:bindListener(1191)) - Jetty bound to port 40020
2019-09-25 12:47:39,862 [main] INFO  server.Server (Server.java:doStart(351)) - jetty-9.3.25.v20180904, build timestamp: 2018-09-04T21:11:46Z, git hash: 3ce520221d0240229c862b122d2b06c12a625732
2019-09-25 12:47:39,863 [main] INFO  handler.ContextHandler (ContextHandler.java:doStart(781)) - Started o.e.j.s.ServletContextHandler@79df80a4{/logs,file:///workdir/hadoop-ozone/integration-test/target/log,AVAILABLE}
2019-09-25 12:47:39,864 [main] INFO  handler.ContextHandler (ContextHandler.java:doStart(781)) - Started o.e.j.s.ServletContextHandler@4eeab3e{/static,file:///workdir/hadoop-ozone/integration-test/target/test-classes/webapps/static,AVAILABLE}
2019-09-25 12:47:39,868 [main] INFO  handler.ContextHandler (ContextHandler.java:doStart(781)) - Started o.e.j.w.WebAppContext@231b35fb{/,file:///workdir/hadoop-ozone/integration-test/target/test-classes/webapps/ozoneManager/,AVAILABLE}{/ozoneManager}
2019-09-25 12:47:39,868 [main] INFO  server.AbstractConnector (AbstractConnector.java:doStart(278)) - Started ServerConnector@26da1ba2{HTTP/1.1,[http/1.1]}{0.0.0.0:40020}
2019-09-25 12:47:39,869 [main] INFO  server.Server (Server.java:doStart(419)) - Started @588725ms
2019-09-25 12:47:39,870 [main] WARN  impl.MetricsSystemImpl (MetricsSystemImpl.java:register(276)) - Sink prometheus already exists!
2019-09-25 12:47:39,870 [main] INFO  server.BaseHttpServer (BaseHttpServer.java:updateConnectorAddress(215)) - HTTP server of OZONEMANAGER is listening at http://0.0.0.0:40020
2019-09-25 12:47:39,885 [main] INFO  impl.MetricsSystemImpl (MetricsSystemImpl.java:init(158)) - HddsDatanode metrics system started (again)
2019-09-25 12:47:39,889 [main] INFO  ozone.HddsDatanodeService (HddsDatanodeService.java:start(184)) - HddsDatanodeService host:pr-hdds-2175-t596l-953197546 ip:192.168.151.66
2019-09-25 12:47:39,895 [main] INFO  volume.HddsVolume (HddsVolume.java:<init>(176)) - Creating Volume: /workdir/hadoop-ozone/integration-test/target/test-dir/MiniOzoneClusterImpl-a05466a5-072a-4920-8d71-d5d6ba4ffade/datanode-0/data/containers/hdds of  storage type : DISK and capacity : 1482555576320
2019-09-25 12:47:39,895 [main] INFO  volume.VolumeSet (VolumeSet.java:initializeVolumeSet(170)) - Added Volume : /workdir/hadoop-ozone/integration-test/target/test-dir/MiniOzoneClusterImpl-a05466a5-072a-4920-8d71-d5d6ba4ffade/datanode-0/data/containers/hdds to VolumeSet
2019-09-25 12:47:39,895 [main] INFO  volume.ThrottledAsyncChecker (ThrottledAsyncChecker.java:schedule(139)) - Scheduling a check for org.apache.hadoop.ozone.container.common.volume.HddsVolume@6b4a4e40
2019-09-25 12:47:39,896 [main] INFO  volume.HddsVolumeChecker (HddsVolumeChecker.java:checkAllVolumes(202)) - Scheduled health check for volume org.apache.hadoop.ozone.container.common.volume.HddsVolume@6b4a4e40
2019-09-25 12:47:39,910 [main] INFO  impl.RaftServerProxy (ConfUtils.java:logGet(43)) - raft.rpc.type = GRPC (default)
2019-09-25 12:47:39,910 [main] INFO  grpc.GrpcFactory (GrpcFactory.java:checkPooledByteBufAllocatorUseCacheForAllThreads(45)) - PERFORMANCE WARNING: useCacheForAllThreads is true that may cause Netty to create a lot garbage objects and, as a result, trigger GC.
	It is recommended to disable useCacheForAllThreads by setting -Dorg.apache.ratis.thirdparty.io.netty.allocator.useCacheForAllThreads=false in command line.
2019-09-25 12:47:39,911 [main] INFO  grpc.GrpcConfigKeys$Server (ConfUtils.java:logGet(43)) - raft.grpc.server.port = 0 (default)
2019-09-25 12:47:39,911 [main] INFO  server.GrpcService (ConfUtils.java:logGet(43)) - raft.grpc.message.size.max = 33570816 (custom)
2019-09-25 12:47:39,911 [main] INFO  server.RaftServerConfigKeys (ConfUtils.java:logGet(43)) - raft.server.log.appender.buffer.byte-limit = 33554432 (custom)
2019-09-25 12:47:39,911 [main] INFO  server.GrpcService (ConfUtils.java:logGet(43)) - raft.grpc.flow.control.window = 1MB (=1048576) (default)
2019-09-25 12:47:39,912 [main] INFO  server.RaftServerConfigKeys (ConfUtils.java:logGet(43)) - raft.server.rpc.request.timeout = 3000ms (default)
2019-09-25 12:47:39,912 [main] INFO  server.RaftServerConfigKeys (ConfUtils.java:logGet(43)) - raft.server.storage.dir = [/workdir/hadoop-ozone/integration-test/target/test-dir/MiniOzoneClusterImpl-a05466a5-072a-4920-8d71-d5d6ba4ffade/datanode-0/data/ratis] (custom)
2019-09-25 12:47:39,914 [main] INFO  hdfs.DFSUtil (DFSUtil.java:httpServerTemplateForNNAndJN(1641)) - Starting Web-server for hddsDatanode at: http://0.0.0.0:0
2019-09-25 12:47:39,915 [main] INFO  server.AuthenticationFilter (AuthenticationFilter.java:constructSecretProvider(240)) - Unable to initialize FileSignerSecretProvider, falling back to use random secrets.
2019-09-25 12:47:39,915 [main] WARN  http.HttpRequestLog (HttpRequestLog.java:getRequestLog(97)) - Jetty request log can only be enabled using Log4j
2019-09-25 12:47:39,916 [main] INFO  http.HttpServer2 (HttpServer2.java:addGlobalFilter(975)) - Added global filter 'safety' (class=org.apache.hadoop.http.HttpServer2$QuotingInputFilter)
2019-09-25 12:47:39,917 [main] INFO  http.HttpServer2 (HttpServer2.java:addFilter(948)) - Added filter static_user_filter (class=org.apache.hadoop.http.lib.StaticUserWebFilter$StaticUserFilter) to context hddsDatanode
2019-09-25 12:47:39,917 [main] INFO  http.HttpServer2 (HttpServer2.java:addFilter(958)) - Added filter static_user_filter (class=org.apache.hadoop.http.lib.StaticUserWebFilter$StaticUserFilter) to context static
2019-09-25 12:47:39,917 [main] INFO  http.HttpServer2 (HttpServer2.java:addFilter(958)) - Added filter static_user_filter (class=org.apache.hadoop.http.lib.StaticUserWebFilter$StaticUserFilter) to context logs
2019-09-25 12:47:39,918 [main] INFO  http.HttpServer2 (HttpServer2.java:bindListener(1191)) - Jetty bound to port 35235
2019-09-25 12:47:39,918 [main] INFO  server.Server (Server.java:doStart(351)) - jetty-9.3.25.v20180904, build timestamp: 2018-09-04T21:11:46Z, git hash: 3ce520221d0240229c862b122d2b06c12a625732
2019-09-25 12:47:39,919 [main] INFO  handler.ContextHandler (ContextHandler.java:doStart(781)) - Started o.e.j.s.ServletContextHandler@5bb8e6fc{/logs,file:///workdir/hadoop-ozone/integration-test/target/log,AVAILABLE}
2019-09-25 12:47:39,920 [main] INFO  handler.ContextHandler (ContextHandler.java:doStart(781)) - Started o.e.j.s.ServletContextHandler@72c9ebfa{/static,jar:file:/home/user/.m2/repository/org/apache/hadoop/hadoop-hdds-container-service/0.5.0-SNAPSHOT/hadoop-hdds-container-service-0.5.0-SNAPSHOT.jar!/webapps/static,AVAILABLE}
2019-09-25 12:47:39,949 [main] INFO  handler.ContextHandler (ContextHandler.java:doStart(781)) - Started o.e.j.w.WebAppContext@52ecc989{/,file:///tmp/jetty-0.0.0.0-35235-hddsDatanode-_-any-5734764939434787232.dir/webapp/,AVAILABLE}{/hddsDatanode}
2019-09-25 12:47:39,950 [main] INFO  server.AbstractConnector (AbstractConnector.java:doStart(278)) - Started ServerConnector@756808cc{HTTP/1.1,[http/1.1]}{0.0.0.0:35235}
2019-09-25 12:47:39,951 [main] INFO  server.Server (Server.java:doStart(419)) - Started @588806ms
2019-09-25 12:47:39,951 [main] WARN  impl.MetricsSystemImpl (MetricsSystemImpl.java:register(276)) - Sink prometheus already exists!
2019-09-25 12:47:39,952 [main] INFO  server.BaseHttpServer (BaseHttpServer.java:updateConnectorAddress(215)) - HTTP server of HDDSDATANODE is listening at http://0.0.0.0:35235
2019-09-25 12:47:39,952 [main] INFO  impl.MetricsSystemImpl (MetricsSystemImpl.java:init(158)) - HddsDatanode metrics system started (again)
2019-09-25 12:47:39,955 [main] INFO  ozone.HddsDatanodeService (HddsDatanodeService.java:start(184)) - HddsDatanodeService host:pr-hdds-2175-t596l-953197546 ip:192.168.151.66
2019-09-25 12:47:39,955 [org.apache.hadoop.util.JvmPauseMonitor$Monitor@29ca661b] INFO  util.JvmPauseMonitor (JvmPauseMonitor.java:run(188)) - Starting JVM pause monitor
2019-09-25 12:47:39,957 [Datanode State Machine Thread - 0] INFO  datanode.InitDatanodeState (InitDatanodeState.java:persistContainerDatanodeDetails(140)) - DatanodeDetails is persisted to /workdir/hadoop-ozone/integration-test/target/test-dir/MiniOzoneClusterImpl-a05466a5-072a-4920-8d71-d5d6ba4ffade/datanode-0/meta/datanode.id
2019-09-25 12:47:39,960 [main] INFO  volume.HddsVolume (HddsVolume.java:<init>(176)) - Creating Volume: /workdir/hadoop-ozone/integration-test/target/test-dir/MiniOzoneClusterImpl-a05466a5-072a-4920-8d71-d5d6ba4ffade/datanode-1/data/containers/hdds of  storage type : DISK and capacity : 1482555576320
2019-09-25 12:47:39,960 [main] INFO  volume.VolumeSet (VolumeSet.java:initializeVolumeSet(170)) - Added Volume : /workdir/hadoop-ozone/integration-test/target/test-dir/MiniOzoneClusterImpl-a05466a5-072a-4920-8d71-d5d6ba4ffade/datanode-1/data/containers/hdds to VolumeSet
2019-09-25 12:47:39,960 [main] INFO  volume.ThrottledAsyncChecker (ThrottledAsyncChecker.java:schedule(139)) - Scheduling a check for org.apache.hadoop.ozone.container.common.volume.HddsVolume@28ee882c
2019-09-25 12:47:39,961 [main] INFO  volume.HddsVolumeChecker (HddsVolumeChecker.java:checkAllVolumes(202)) - Scheduled health check for volume org.apache.hadoop.ozone.container.common.volume.HddsVolume@28ee882c
2019-09-25 12:47:39,972 [main] INFO  impl.RaftServerProxy (ConfUtils.java:logGet(43)) - raft.rpc.type = GRPC (default)
2019-09-25 12:47:39,973 [main] INFO  grpc.GrpcFactory (GrpcFactory.java:checkPooledByteBufAllocatorUseCacheForAllThreads(45)) - PERFORMANCE WARNING: useCacheForAllThreads is true that may cause Netty to create a lot garbage objects and, as a result, trigger GC.
	It is recommended to disable useCacheForAllThreads by setting -Dorg.apache.ratis.thirdparty.io.netty.allocator.useCacheForAllThreads=false in command line.
2019-09-25 12:47:39,973 [main] INFO  grpc.GrpcConfigKeys$Server (ConfUtils.java:logGet(43)) - raft.grpc.server.port = 0 (default)
2019-09-25 12:47:39,973 [main] INFO  server.GrpcService (ConfUtils.java:logGet(43)) - raft.grpc.message.size.max = 33570816 (custom)
2019-09-25 12:47:39,973 [main] INFO  server.RaftServerConfigKeys (ConfUtils.java:logGet(43)) - raft.server.log.appender.buffer.byte-limit = 33554432 (custom)
2019-09-25 12:47:39,973 [main] INFO  server.GrpcService (ConfUtils.java:logGet(43)) - raft.grpc.flow.control.window = 1MB (=1048576) (default)
2019-09-25 12:47:39,973 [main] INFO  server.RaftServerConfigKeys (ConfUtils.java:logGet(43)) - raft.server.rpc.request.timeout = 3000ms (default)
2019-09-25 12:47:39,974 [main] INFO  server.RaftServerConfigKeys (ConfUtils.java:logGet(43)) - raft.server.storage.dir = [/workdir/hadoop-ozone/integration-test/target/test-dir/MiniOzoneClusterImpl-a05466a5-072a-4920-8d71-d5d6ba4ffade/datanode-1/data/ratis] (custom)
2019-09-25 12:47:39,975 [main] INFO  hdfs.DFSUtil (DFSUtil.java:httpServerTemplateForNNAndJN(1641)) - Starting Web-server for hddsDatanode at: http://0.0.0.0:0
2019-09-25 12:47:39,976 [main] INFO  server.AuthenticationFilter (AuthenticationFilter.java:constructSecretProvider(240)) - Unable to initialize FileSignerSecretProvider, falling back to use random secrets.
2019-09-25 12:47:39,976 [main] WARN  http.HttpRequestLog (HttpRequestLog.java:getRequestLog(97)) - Jetty request log can only be enabled using Log4j
2019-09-25 12:47:39,977 [main] INFO  http.HttpServer2 (HttpServer2.java:addGlobalFilter(975)) - Added global filter 'safety' (class=org.apache.hadoop.http.HttpServer2$QuotingInputFilter)
2019-09-25 12:47:39,978 [main] INFO  http.HttpServer2 (HttpServer2.java:addFilter(948)) - Added filter static_user_filter (class=org.apache.hadoop.http.lib.StaticUserWebFilter$StaticUserFilter) to context hddsDatanode
2019-09-25 12:47:39,978 [main] INFO  http.HttpServer2 (HttpServer2.java:addFilter(958)) - Added filter static_user_filter (class=org.apache.hadoop.http.lib.StaticUserWebFilter$StaticUserFilter) to context logs
2019-09-25 12:47:39,978 [main] INFO  http.HttpServer2 (HttpServer2.java:addFilter(958)) - Added filter static_user_filter (class=org.apache.hadoop.http.lib.StaticUserWebFilter$StaticUserFilter) to context static
2019-09-25 12:47:39,979 [main] INFO  http.HttpServer2 (HttpServer2.java:bindListener(1191)) - Jetty bound to port 42531
2019-09-25 12:47:39,979 [main] INFO  server.Server (Server.java:doStart(351)) - jetty-9.3.25.v20180904, build timestamp: 2018-09-04T21:11:46Z, git hash: 3ce520221d0240229c862b122d2b06c12a625732
2019-09-25 12:47:39,980 [main] INFO  handler.ContextHandler (ContextHandler.java:doStart(781)) - Started o.e.j.s.ServletContextHandler@785ed99c{/logs,file:///workdir/hadoop-ozone/integration-test/target/log,AVAILABLE}
2019-09-25 12:47:39,980 [main] INFO  handler.ContextHandler (ContextHandler.java:doStart(781)) - Started o.e.j.s.ServletContextHandler@755b5f30{/static,jar:file:/home/user/.m2/repository/org/apache/hadoop/hadoop-hdds-container-service/0.5.0-SNAPSHOT/hadoop-hdds-container-service-0.5.0-SNAPSHOT.jar!/webapps/static,AVAILABLE}
2019-09-25 12:47:40,007 [main] INFO  handler.ContextHandler (ContextHandler.java:doStart(781)) - Started o.e.j.w.WebAppContext@7b8ea1db{/,file:///tmp/jetty-0.0.0.0-42531-hddsDatanode-_-any-2524084917058834354.dir/webapp/,AVAILABLE}{/hddsDatanode}
2019-09-25 12:47:40,007 [main] INFO  server.AbstractConnector (AbstractConnector.java:doStart(278)) - Started ServerConnector@a91119b{HTTP/1.1,[http/1.1]}{0.0.0.0:42531}
2019-09-25 12:47:40,009 [main] INFO  server.Server (Server.java:doStart(419)) - Started @588864ms
2019-09-25 12:47:40,009 [main] WARN  impl.MetricsSystemImpl (MetricsSystemImpl.java:register(276)) - Sink prometheus already exists!
2019-09-25 12:47:40,009 [main] INFO  server.BaseHttpServer (BaseHttpServer.java:updateConnectorAddress(215)) - HTTP server of HDDSDATANODE is listening at http://0.0.0.0:42531
2019-09-25 12:47:40,010 [main] INFO  impl.MetricsSystemImpl (MetricsSystemImpl.java:init(158)) - HddsDatanode metrics system started (again)
2019-09-25 12:47:40,013 [org.apache.hadoop.util.JvmPauseMonitor$Monitor@319e6454] INFO  util.JvmPauseMonitor (JvmPauseMonitor.java:run(188)) - Starting JVM pause monitor
2019-09-25 12:47:40,013 [main] INFO  ozone.HddsDatanodeService (HddsDatanodeService.java:start(184)) - HddsDatanodeService host:pr-hdds-2175-t596l-953197546 ip:192.168.151.66
2019-09-25 12:47:40,015 [Datanode State Machine Thread - 0] INFO  datanode.InitDatanodeState (InitDatanodeState.java:persistContainerDatanodeDetails(140)) - DatanodeDetails is persisted to /workdir/hadoop-ozone/integration-test/target/test-dir/MiniOzoneClusterImpl-a05466a5-072a-4920-8d71-d5d6ba4ffade/datanode-1/meta/datanode.id
2019-09-25 12:47:40,020 [main] INFO  volume.HddsVolume (HddsVolume.java:<init>(176)) - Creating Volume: /workdir/hadoop-ozone/integration-test/target/test-dir/MiniOzoneClusterImpl-a05466a5-072a-4920-8d71-d5d6ba4ffade/datanode-2/data/containers/hdds of  storage type : DISK and capacity : 1482555576320
2019-09-25 12:47:40,020 [main] INFO  volume.VolumeSet (VolumeSet.java:initializeVolumeSet(170)) - Added Volume : /workdir/hadoop-ozone/integration-test/target/test-dir/MiniOzoneClusterImpl-a05466a5-072a-4920-8d71-d5d6ba4ffade/datanode-2/data/containers/hdds to VolumeSet
2019-09-25 12:47:40,020 [main] INFO  volume.ThrottledAsyncChecker (ThrottledAsyncChecker.java:schedule(139)) - Scheduling a check for org.apache.hadoop.ozone.container.common.volume.HddsVolume@2484dbb7
2019-09-25 12:47:40,020 [main] INFO  volume.HddsVolumeChecker (HddsVolumeChecker.java:checkAllVolumes(202)) - Scheduled health check for volume org.apache.hadoop.ozone.container.common.volume.HddsVolume@2484dbb7
2019-09-25 12:47:40,033 [main] INFO  impl.RaftServerProxy (ConfUtils.java:logGet(43)) - raft.rpc.type = GRPC (default)
2019-09-25 12:47:40,033 [main] INFO  grpc.GrpcFactory (GrpcFactory.java:checkPooledByteBufAllocatorUseCacheForAllThreads(45)) - PERFORMANCE WARNING: useCacheForAllThreads is true that may cause Netty to create a lot garbage objects and, as a result, trigger GC.
	It is recommended to disable useCacheForAllThreads by setting -Dorg.apache.ratis.thirdparty.io.netty.allocator.useCacheForAllThreads=false in command line.
2019-09-25 12:47:40,033 [main] INFO  grpc.GrpcConfigKeys$Server (ConfUtils.java:logGet(43)) - raft.grpc.server.port = 0 (default)
2019-09-25 12:47:40,033 [main] INFO  server.GrpcService (ConfUtils.java:logGet(43)) - raft.grpc.message.size.max = 33570816 (custom)
2019-09-25 12:47:40,034 [main] INFO  server.RaftServerConfigKeys (ConfUtils.java:logGet(43)) - raft.server.log.appender.buffer.byte-limit = 33554432 (custom)
2019-09-25 12:47:40,034 [main] INFO  server.GrpcService (ConfUtils.java:logGet(43)) - raft.grpc.flow.control.window = 1MB (=1048576) (default)
2019-09-25 12:47:40,034 [main] INFO  server.RaftServerConfigKeys (ConfUtils.java:logGet(43)) - raft.server.rpc.request.timeout = 3000ms (default)
2019-09-25 12:47:40,034 [main] INFO  server.RaftServerConfigKeys (ConfUtils.java:logGet(43)) - raft.server.storage.dir = [/workdir/hadoop-ozone/integration-test/target/test-dir/MiniOzoneClusterImpl-a05466a5-072a-4920-8d71-d5d6ba4ffade/datanode-2/data/ratis] (custom)
2019-09-25 12:47:40,035 [main] INFO  hdfs.DFSUtil (DFSUtil.java:httpServerTemplateForNNAndJN(1641)) - Starting Web-server for hddsDatanode at: http://0.0.0.0:0
2019-09-25 12:47:40,037 [main] INFO  server.AuthenticationFilter (AuthenticationFilter.java:constructSecretProvider(240)) - Unable to initialize FileSignerSecretProvider, falling back to use random secrets.
2019-09-25 12:47:40,037 [main] WARN  http.HttpRequestLog (HttpRequestLog.java:getRequestLog(97)) - Jetty request log can only be enabled using Log4j
2019-09-25 12:47:40,038 [main] INFO  http.HttpServer2 (HttpServer2.java:addGlobalFilter(975)) - Added global filter 'safety' (class=org.apache.hadoop.http.HttpServer2$QuotingInputFilter)
2019-09-25 12:47:40,039 [main] INFO  http.HttpServer2 (HttpServer2.java:addFilter(948)) - Added filter static_user_filter (class=org.apache.hadoop.http.lib.StaticUserWebFilter$StaticUserFilter) to context hddsDatanode
2019-09-25 12:47:40,039 [main] INFO  http.HttpServer2 (HttpServer2.java:addFilter(958)) - Added filter static_user_filter (class=org.apache.hadoop.http.lib.StaticUserWebFilter$StaticUserFilter) to context static
2019-09-25 12:47:40,039 [main] INFO  http.HttpServer2 (HttpServer2.java:addFilter(958)) - Added filter static_user_filter (class=org.apache.hadoop.http.lib.StaticUserWebFilter$StaticUserFilter) to context logs
2019-09-25 12:47:40,039 [main] INFO  http.HttpServer2 (HttpServer2.java:bindListener(1191)) - Jetty bound to port 42591
2019-09-25 12:47:40,040 [main] INFO  server.Server (Server.java:doStart(351)) - jetty-9.3.25.v20180904, build timestamp: 2018-09-04T21:11:46Z, git hash: 3ce520221d0240229c862b122d2b06c12a625732
2019-09-25 12:47:40,041 [main] INFO  handler.ContextHandler (ContextHandler.java:doStart(781)) - Started o.e.j.s.ServletContextHandler@57cabdc3{/logs,file:///workdir/hadoop-ozone/integration-test/target/log,AVAILABLE}
2019-09-25 12:47:40,041 [main] INFO  handler.ContextHandler (ContextHandler.java:doStart(781)) - Started o.e.j.s.ServletContextHandler@129c4d19{/static,jar:file:/home/user/.m2/repository/org/apache/hadoop/hadoop-hdds-container-service/0.5.0-SNAPSHOT/hadoop-hdds-container-service-0.5.0-SNAPSHOT.jar!/webapps/static,AVAILABLE}
2019-09-25 12:47:40,068 [main] INFO  handler.ContextHandler (ContextHandler.java:doStart(781)) - Started o.e.j.w.WebAppContext@5e3db14{/,file:///tmp/jetty-0.0.0.0-42591-hddsDatanode-_-any-1206592213734668336.dir/webapp/,AVAILABLE}{/hddsDatanode}
2019-09-25 12:47:40,068 [main] INFO  server.AbstractConnector (AbstractConnector.java:doStart(278)) - Started ServerConnector@5fb54740{HTTP/1.1,[http/1.1]}{0.0.0.0:42591}
2019-09-25 12:47:40,068 [main] INFO  server.Server (Server.java:doStart(419)) - Started @588924ms
2019-09-25 12:47:40,070 [main] WARN  impl.MetricsSystemImpl (MetricsSystemImpl.java:register(276)) - Sink prometheus already exists!
2019-09-25 12:47:40,071 [main] INFO  server.BaseHttpServer (BaseHttpServer.java:updateConnectorAddress(215)) - HTTP server of HDDSDATANODE is listening at http://0.0.0.0:42591
2019-09-25 12:47:40,071 [main] INFO  impl.MetricsSystemImpl (MetricsSystemImpl.java:init(158)) - HddsDatanode metrics system started (again)
2019-09-25 12:47:40,075 [org.apache.hadoop.util.JvmPauseMonitor$Monitor@54f0c56f] INFO  util.JvmPauseMonitor (JvmPauseMonitor.java:run(188)) - Starting JVM pause monitor
2019-09-25 12:47:40,075 [main] INFO  ozone.HddsDatanodeService (HddsDatanodeService.java:start(184)) - HddsDatanodeService host:pr-hdds-2175-t596l-953197546 ip:192.168.151.66
2019-09-25 12:47:40,077 [Datanode State Machine Thread - 0] INFO  datanode.InitDatanodeState (InitDatanodeState.java:persistContainerDatanodeDetails(140)) - DatanodeDetails is persisted to /workdir/hadoop-ozone/integration-test/target/test-dir/MiniOzoneClusterImpl-a05466a5-072a-4920-8d71-d5d6ba4ffade/datanode-2/meta/datanode.id
2019-09-25 12:47:40,081 [main] INFO  volume.HddsVolume (HddsVolume.java:<init>(176)) - Creating Volume: /workdir/hadoop-ozone/integration-test/target/test-dir/MiniOzoneClusterImpl-a05466a5-072a-4920-8d71-d5d6ba4ffade/datanode-3/data/containers/hdds of  storage type : DISK and capacity : 1482555576320
2019-09-25 12:47:40,081 [main] INFO  volume.VolumeSet (VolumeSet.java:initializeVolumeSet(170)) - Added Volume : /workdir/hadoop-ozone/integration-test/target/test-dir/MiniOzoneClusterImpl-a05466a5-072a-4920-8d71-d5d6ba4ffade/datanode-3/data/containers/hdds to VolumeSet
2019-09-25 12:47:40,082 [main] INFO  volume.ThrottledAsyncChecker (ThrottledAsyncChecker.java:schedule(139)) - Scheduling a check for org.apache.hadoop.ozone.container.common.volume.HddsVolume@6aae0e6f
2019-09-25 12:47:40,082 [main] INFO  volume.HddsVolumeChecker (HddsVolumeChecker.java:checkAllVolumes(202)) - Scheduled health check for volume org.apache.hadoop.ozone.container.common.volume.HddsVolume@6aae0e6f
2019-09-25 12:47:40,097 [main] INFO  impl.RaftServerProxy (ConfUtils.java:logGet(43)) - raft.rpc.type = GRPC (default)
2019-09-25 12:47:40,097 [main] INFO  grpc.GrpcFactory (GrpcFactory.java:checkPooledByteBufAllocatorUseCacheForAllThreads(45)) - PERFORMANCE WARNING: useCacheForAllThreads is true that may cause Netty to create a lot garbage objects and, as a result, trigger GC.
	It is recommended to disable useCacheForAllThreads by setting -Dorg.apache.ratis.thirdparty.io.netty.allocator.useCacheForAllThreads=false in command line.
2019-09-25 12:47:40,097 [main] INFO  grpc.GrpcConfigKeys$Server (ConfUtils.java:logGet(43)) - raft.grpc.server.port = 0 (default)
2019-09-25 12:47:40,097 [main] INFO  server.GrpcService (ConfUtils.java:logGet(43)) - raft.grpc.message.size.max = 33570816 (custom)
2019-09-25 12:47:40,098 [main] INFO  server.RaftServerConfigKeys (ConfUtils.java:logGet(43)) - raft.server.log.appender.buffer.byte-limit = 33554432 (custom)
2019-09-25 12:47:40,098 [main] INFO  server.GrpcService (ConfUtils.java:logGet(43)) - raft.grpc.flow.control.window = 1MB (=1048576) (default)
2019-09-25 12:47:40,098 [main] INFO  server.RaftServerConfigKeys (ConfUtils.java:logGet(43)) - raft.server.rpc.request.timeout = 3000ms (default)
2019-09-25 12:47:40,098 [main] INFO  server.RaftServerConfigKeys (ConfUtils.java:logGet(43)) - raft.server.storage.dir = [/workdir/hadoop-ozone/integration-test/target/test-dir/MiniOzoneClusterImpl-a05466a5-072a-4920-8d71-d5d6ba4ffade/datanode-3/data/ratis] (custom)
2019-09-25 12:47:40,099 [main] INFO  hdfs.DFSUtil (DFSUtil.java:httpServerTemplateForNNAndJN(1641)) - Starting Web-server for hddsDatanode at: http://0.0.0.0:0
2019-09-25 12:47:40,100 [main] INFO  server.AuthenticationFilter (AuthenticationFilter.java:constructSecretProvider(240)) - Unable to initialize FileSignerSecretProvider, falling back to use random secrets.
2019-09-25 12:47:40,101 [main] WARN  http.HttpRequestLog (HttpRequestLog.java:getRequestLog(97)) - Jetty request log can only be enabled using Log4j
2019-09-25 12:47:40,102 [main] INFO  http.HttpServer2 (HttpServer2.java:addGlobalFilter(975)) - Added global filter 'safety' (class=org.apache.hadoop.http.HttpServer2$QuotingInputFilter)
2019-09-25 12:47:40,102 [main] INFO  http.HttpServer2 (HttpServer2.java:addFilter(948)) - Added filter static_user_filter (class=org.apache.hadoop.http.lib.StaticUserWebFilter$StaticUserFilter) to context hddsDatanode
2019-09-25 12:47:40,102 [main] INFO  http.HttpServer2 (HttpServer2.java:addFilter(958)) - Added filter static_user_filter (class=org.apache.hadoop.http.lib.StaticUserWebFilter$StaticUserFilter) to context logs
2019-09-25 12:47:40,102 [main] INFO  http.HttpServer2 (HttpServer2.java:addFilter(958)) - Added filter static_user_filter (class=org.apache.hadoop.http.lib.StaticUserWebFilter$StaticUserFilter) to context static
2019-09-25 12:47:40,103 [main] INFO  http.HttpServer2 (HttpServer2.java:bindListener(1191)) - Jetty bound to port 36491
2019-09-25 12:47:40,103 [main] INFO  server.Server (Server.java:doStart(351)) - jetty-9.3.25.v20180904, build timestamp: 2018-09-04T21:11:46Z, git hash: 3ce520221d0240229c862b122d2b06c12a625732
2019-09-25 12:47:40,104 [main] INFO  handler.ContextHandler (ContextHandler.java:doStart(781)) - Started o.e.j.s.ServletContextHandler@78c74647{/logs,file:///workdir/hadoop-ozone/integration-test/target/log,AVAILABLE}
2019-09-25 12:47:40,105 [main] INFO  handler.ContextHandler (ContextHandler.java:doStart(781)) - Started o.e.j.s.ServletContextHandler@5763a655{/static,jar:file:/home/user/.m2/repository/org/apache/hadoop/hadoop-hdds-container-service/0.5.0-SNAPSHOT/hadoop-hdds-container-service-0.5.0-SNAPSHOT.jar!/webapps/static,AVAILABLE}
2019-09-25 12:47:40,131 [main] INFO  handler.ContextHandler (ContextHandler.java:doStart(781)) - Started o.e.j.w.WebAppContext@21274afe{/,file:///tmp/jetty-0.0.0.0-36491-hddsDatanode-_-any-8692922265708768164.dir/webapp/,AVAILABLE}{/hddsDatanode}
2019-09-25 12:47:40,131 [main] INFO  server.AbstractConnector (AbstractConnector.java:doStart(278)) - Started ServerConnector@76a362a4{HTTP/1.1,[http/1.1]}{0.0.0.0:36491}
2019-09-25 12:47:40,131 [main] INFO  server.Server (Server.java:doStart(419)) - Started @588987ms
2019-09-25 12:47:40,133 [main] WARN  impl.MetricsSystemImpl (MetricsSystemImpl.java:register(276)) - Sink prometheus already exists!
2019-09-25 12:47:40,134 [main] INFO  server.BaseHttpServer (BaseHttpServer.java:updateConnectorAddress(215)) - HTTP server of HDDSDATANODE is listening at http://0.0.0.0:36491
2019-09-25 12:47:40,134 [main] INFO  impl.MetricsSystemImpl (MetricsSystemImpl.java:init(158)) - HddsDatanode metrics system started (again)
2019-09-25 12:47:40,138 [org.apache.hadoop.util.JvmPauseMonitor$Monitor@6fe2a54e] INFO  util.JvmPauseMonitor (JvmPauseMonitor.java:run(188)) - Starting JVM pause monitor
2019-09-25 12:47:40,138 [main] INFO  ozone.HddsDatanodeService (HddsDatanodeService.java:start(184)) - HddsDatanodeService host:pr-hdds-2175-t596l-953197546 ip:192.168.151.66
2019-09-25 12:47:40,139 [Datanode State Machine Thread - 0] INFO  datanode.InitDatanodeState (InitDatanodeState.java:persistContainerDatanodeDetails(140)) - DatanodeDetails is persisted to /workdir/hadoop-ozone/integration-test/target/test-dir/MiniOzoneClusterImpl-a05466a5-072a-4920-8d71-d5d6ba4ffade/datanode-3/meta/datanode.id
2019-09-25 12:47:40,144 [main] INFO  volume.HddsVolume (HddsVolume.java:<init>(176)) - Creating Volume: /workdir/hadoop-ozone/integration-test/target/test-dir/MiniOzoneClusterImpl-a05466a5-072a-4920-8d71-d5d6ba4ffade/datanode-4/data/containers/hdds of  storage type : DISK and capacity : 1482555576320
2019-09-25 12:47:40,144 [main] INFO  volume.VolumeSet (VolumeSet.java:initializeVolumeSet(170)) - Added Volume : /workdir/hadoop-ozone/integration-test/target/test-dir/MiniOzoneClusterImpl-a05466a5-072a-4920-8d71-d5d6ba4ffade/datanode-4/data/containers/hdds to VolumeSet
2019-09-25 12:47:40,145 [main] INFO  volume.ThrottledAsyncChecker (ThrottledAsyncChecker.java:schedule(139)) - Scheduling a check for org.apache.hadoop.ozone.container.common.volume.HddsVolume@61b60600
2019-09-25 12:47:40,145 [main] INFO  volume.HddsVolumeChecker (HddsVolumeChecker.java:checkAllVolumes(202)) - Scheduled health check for volume org.apache.hadoop.ozone.container.common.volume.HddsVolume@61b60600
2019-09-25 12:47:40,159 [main] INFO  impl.RaftServerProxy (ConfUtils.java:logGet(43)) - raft.rpc.type = GRPC (default)
2019-09-25 12:47:40,159 [main] INFO  grpc.GrpcFactory (GrpcFactory.java:checkPooledByteBufAllocatorUseCacheForAllThreads(45)) - PERFORMANCE WARNING: useCacheForAllThreads is true that may cause Netty to create a lot garbage objects and, as a result, trigger GC.
	It is recommended to disable useCacheForAllThreads by setting -Dorg.apache.ratis.thirdparty.io.netty.allocator.useCacheForAllThreads=false in command line.
2019-09-25 12:47:40,159 [main] INFO  grpc.GrpcConfigKeys$Server (ConfUtils.java:logGet(43)) - raft.grpc.server.port = 0 (default)
2019-09-25 12:47:40,159 [main] INFO  server.GrpcService (ConfUtils.java:logGet(43)) - raft.grpc.message.size.max = 33570816 (custom)
2019-09-25 12:47:40,159 [main] INFO  server.RaftServerConfigKeys (ConfUtils.java:logGet(43)) - raft.server.log.appender.buffer.byte-limit = 33554432 (custom)
2019-09-25 12:47:40,160 [main] INFO  server.GrpcService (ConfUtils.java:logGet(43)) - raft.grpc.flow.control.window = 1MB (=1048576) (default)
2019-09-25 12:47:40,160 [main] INFO  server.RaftServerConfigKeys (ConfUtils.java:logGet(43)) - raft.server.rpc.request.timeout = 3000ms (default)
2019-09-25 12:47:40,160 [main] INFO  server.RaftServerConfigKeys (ConfUtils.java:logGet(43)) - raft.server.storage.dir = [/workdir/hadoop-ozone/integration-test/target/test-dir/MiniOzoneClusterImpl-a05466a5-072a-4920-8d71-d5d6ba4ffade/datanode-4/data/ratis] (custom)
2019-09-25 12:47:40,161 [main] INFO  hdfs.DFSUtil (DFSUtil.java:httpServerTemplateForNNAndJN(1641)) - Starting Web-server for hddsDatanode at: http://0.0.0.0:0
2019-09-25 12:47:40,162 [main] INFO  server.AuthenticationFilter (AuthenticationFilter.java:constructSecretProvider(240)) - Unable to initialize FileSignerSecretProvider, falling back to use random secrets.
2019-09-25 12:47:40,162 [main] WARN  http.HttpRequestLog (HttpRequestLog.java:getRequestLog(97)) - Jetty request log can only be enabled using Log4j
2019-09-25 12:47:40,164 [main] INFO  http.HttpServer2 (HttpServer2.java:addGlobalFilter(975)) - Added global filter 'safety' (class=org.apache.hadoop.http.HttpServer2$QuotingInputFilter)
2019-09-25 12:47:40,164 [main] INFO  http.HttpServer2 (HttpServer2.java:addFilter(948)) - Added filter static_user_filter (class=org.apache.hadoop.http.lib.StaticUserWebFilter$StaticUserFilter) to context hddsDatanode
2019-09-25 12:47:40,164 [main] INFO  http.HttpServer2 (HttpServer2.java:addFilter(958)) - Added filter static_user_filter (class=org.apache.hadoop.http.lib.StaticUserWebFilter$StaticUserFilter) to context logs
2019-09-25 12:47:40,164 [main] INFO  http.HttpServer2 (HttpServer2.java:addFilter(958)) - Added filter static_user_filter (class=org.apache.hadoop.http.lib.StaticUserWebFilter$StaticUserFilter) to context static
2019-09-25 12:47:40,165 [main] INFO  http.HttpServer2 (HttpServer2.java:bindListener(1191)) - Jetty bound to port 45504
2019-09-25 12:47:40,165 [main] INFO  server.Server (Server.java:doStart(351)) - jetty-9.3.25.v20180904, build timestamp: 2018-09-04T21:11:46Z, git hash: 3ce520221d0240229c862b122d2b06c12a625732
2019-09-25 12:47:40,166 [main] INFO  handler.ContextHandler (ContextHandler.java:doStart(781)) - Started o.e.j.s.ServletContextHandler@e3899fd{/logs,file:///workdir/hadoop-ozone/integration-test/target/log,AVAILABLE}
2019-09-25 12:47:40,167 [main] INFO  handler.ContextHandler (ContextHandler.java:doStart(781)) - Started o.e.j.s.ServletContextHandler@788e3702{/static,jar:file:/home/user/.m2/repository/org/apache/hadoop/hadoop-hdds-container-service/0.5.0-SNAPSHOT/hadoop-hdds-container-service-0.5.0-SNAPSHOT.jar!/webapps/static,AVAILABLE}
2019-09-25 12:47:40,193 [main] INFO  handler.ContextHandler (ContextHandler.java:doStart(781)) - Started o.e.j.w.WebAppContext@87f501f{/,file:///tmp/jetty-0.0.0.0-45504-hddsDatanode-_-any-5460350380105005145.dir/webapp/,AVAILABLE}{/hddsDatanode}
2019-09-25 12:47:40,193 [main] INFO  server.AbstractConnector (AbstractConnector.java:doStart(278)) - Started ServerConnector@54495935{HTTP/1.1,[http/1.1]}{0.0.0.0:45504}
2019-09-25 12:47:40,193 [main] INFO  server.Server (Server.java:doStart(419)) - Started @589048ms
2019-09-25 12:47:40,195 [main] WARN  impl.MetricsSystemImpl (MetricsSystemImpl.java:register(276)) - Sink prometheus already exists!
2019-09-25 12:47:40,195 [main] INFO  server.BaseHttpServer (BaseHttpServer.java:updateConnectorAddress(215)) - HTTP server of HDDSDATANODE is listening at http://0.0.0.0:45504
2019-09-25 12:47:40,196 [main] INFO  impl.MetricsSystemImpl (MetricsSystemImpl.java:init(158)) - HddsDatanode metrics system started (again)
2019-09-25 12:47:40,200 [org.apache.hadoop.util.JvmPauseMonitor$Monitor@590fb826] INFO  util.JvmPauseMonitor (JvmPauseMonitor.java:run(188)) - Starting JVM pause monitor
2019-09-25 12:47:40,200 [main] INFO  ozone.HddsDatanodeService (HddsDatanodeService.java:start(184)) - HddsDatanodeService host:pr-hdds-2175-t596l-953197546 ip:192.168.151.66
2019-09-25 12:47:40,201 [Datanode State Machine Thread - 0] INFO  datanode.InitDatanodeState (InitDatanodeState.java:persistContainerDatanodeDetails(140)) - DatanodeDetails is persisted to /workdir/hadoop-ozone/integration-test/target/test-dir/MiniOzoneClusterImpl-a05466a5-072a-4920-8d71-d5d6ba4ffade/datanode-4/meta/datanode.id
2019-09-25 12:47:40,207 [main] INFO  volume.HddsVolume (HddsVolume.java:<init>(176)) - Creating Volume: /workdir/hadoop-ozone/integration-test/target/test-dir/MiniOzoneClusterImpl-a05466a5-072a-4920-8d71-d5d6ba4ffade/datanode-5/data/containers/hdds of  storage type : DISK and capacity : 1482555576320
2019-09-25 12:47:40,207 [main] INFO  volume.VolumeSet (VolumeSet.java:initializeVolumeSet(170)) - Added Volume : /workdir/hadoop-ozone/integration-test/target/test-dir/MiniOzoneClusterImpl-a05466a5-072a-4920-8d71-d5d6ba4ffade/datanode-5/data/containers/hdds to VolumeSet
2019-09-25 12:47:40,207 [main] INFO  volume.ThrottledAsyncChecker (ThrottledAsyncChecker.java:schedule(139)) - Scheduling a check for org.apache.hadoop.ozone.container.common.volume.HddsVolume@1ecf0ac6
2019-09-25 12:47:40,208 [main] INFO  volume.HddsVolumeChecker (HddsVolumeChecker.java:checkAllVolumes(202)) - Scheduled health check for volume org.apache.hadoop.ozone.container.common.volume.HddsVolume@1ecf0ac6
2019-09-25 12:47:40,220 [main] INFO  impl.RaftServerProxy (ConfUtils.java:logGet(43)) - raft.rpc.type = GRPC (default)
2019-09-25 12:47:40,220 [main] INFO  grpc.GrpcFactory (GrpcFactory.java:checkPooledByteBufAllocatorUseCacheForAllThreads(45)) - PERFORMANCE WARNING: useCacheForAllThreads is true that may cause Netty to create a lot garbage objects and, as a result, trigger GC.
	It is recommended to disable useCacheForAllThreads by setting -Dorg.apache.ratis.thirdparty.io.netty.allocator.useCacheForAllThreads=false in command line.
2019-09-25 12:47:40,220 [main] INFO  grpc.GrpcConfigKeys$Server (ConfUtils.java:logGet(43)) - raft.grpc.server.port = 0 (default)
2019-09-25 12:47:40,220 [main] INFO  server.GrpcService (ConfUtils.java:logGet(43)) - raft.grpc.message.size.max = 33570816 (custom)
2019-09-25 12:47:40,220 [main] INFO  server.RaftServerConfigKeys (ConfUtils.java:logGet(43)) - raft.server.log.appender.buffer.byte-limit = 33554432 (custom)
2019-09-25 12:47:40,220 [main] INFO  server.GrpcService (ConfUtils.java:logGet(43)) - raft.grpc.flow.control.window = 1MB (=1048576) (default)
2019-09-25 12:47:40,221 [main] INFO  server.RaftServerConfigKeys (ConfUtils.java:logGet(43)) - raft.server.rpc.request.timeout = 3000ms (default)
2019-09-25 12:47:40,221 [main] INFO  server.RaftServerConfigKeys (ConfUtils.java:logGet(43)) - raft.server.storage.dir = [/workdir/hadoop-ozone/integration-test/target/test-dir/MiniOzoneClusterImpl-a05466a5-072a-4920-8d71-d5d6ba4ffade/datanode-5/data/ratis] (custom)
2019-09-25 12:47:40,222 [main] INFO  hdfs.DFSUtil (DFSUtil.java:httpServerTemplateForNNAndJN(1641)) - Starting Web-server for hddsDatanode at: http://0.0.0.0:0
2019-09-25 12:47:40,223 [main] INFO  server.AuthenticationFilter (AuthenticationFilter.java:constructSecretProvider(240)) - Unable to initialize FileSignerSecretProvider, falling back to use random secrets.
2019-09-25 12:47:40,224 [main] WARN  http.HttpRequestLog (HttpRequestLog.java:getRequestLog(97)) - Jetty request log can only be enabled using Log4j
2019-09-25 12:47:40,225 [main] INFO  http.HttpServer2 (HttpServer2.java:addGlobalFilter(975)) - Added global filter 'safety' (class=org.apache.hadoop.http.HttpServer2$QuotingInputFilter)
2019-09-25 12:47:40,225 [main] INFO  http.HttpServer2 (HttpServer2.java:addFilter(948)) - Added filter static_user_filter (class=org.apache.hadoop.http.lib.StaticUserWebFilter$StaticUserFilter) to context hddsDatanode
2019-09-25 12:47:40,225 [main] INFO  http.HttpServer2 (HttpServer2.java:addFilter(958)) - Added filter static_user_filter (class=org.apache.hadoop.http.lib.StaticUserWebFilter$StaticUserFilter) to context logs
2019-09-25 12:47:40,225 [main] INFO  http.HttpServer2 (HttpServer2.java:addFilter(958)) - Added filter static_user_filter (class=org.apache.hadoop.http.lib.StaticUserWebFilter$StaticUserFilter) to context static
2019-09-25 12:47:40,226 [main] INFO  http.HttpServer2 (HttpServer2.java:bindListener(1191)) - Jetty bound to port 43557
2019-09-25 12:47:40,226 [main] INFO  server.Server (Server.java:doStart(351)) - jetty-9.3.25.v20180904, build timestamp: 2018-09-04T21:11:46Z, git hash: 3ce520221d0240229c862b122d2b06c12a625732
2019-09-25 12:47:40,227 [main] INFO  handler.ContextHandler (ContextHandler.java:doStart(781)) - Started o.e.j.s.ServletContextHandler@2f09e6b2{/logs,file:///workdir/hadoop-ozone/integration-test/target/log,AVAILABLE}
2019-09-25 12:47:40,228 [main] INFO  handler.ContextHandler (ContextHandler.java:doStart(781)) - Started o.e.j.s.ServletContextHandler@16e1219f{/static,jar:file:/home/user/.m2/repository/org/apache/hadoop/hadoop-hdds-container-service/0.5.0-SNAPSHOT/hadoop-hdds-container-service-0.5.0-SNAPSHOT.jar!/webapps/static,AVAILABLE}
2019-09-25 12:47:40,254 [main] INFO  handler.ContextHandler (ContextHandler.java:doStart(781)) - Started o.e.j.w.WebAppContext@154b8cb6{/,file:///tmp/jetty-0.0.0.0-43557-hddsDatanode-_-any-3433742587685018909.dir/webapp/,AVAILABLE}{/hddsDatanode}
2019-09-25 12:47:40,255 [main] INFO  server.AbstractConnector (AbstractConnector.java:doStart(278)) - Started ServerConnector@7b297740{HTTP/1.1,[http/1.1]}{0.0.0.0:43557}
2019-09-25 12:47:40,255 [main] INFO  server.Server (Server.java:doStart(419)) - Started @589110ms
2019-09-25 12:47:40,257 [main] WARN  impl.MetricsSystemImpl (MetricsSystemImpl.java:register(276)) - Sink prometheus already exists!
2019-09-25 12:47:40,257 [main] INFO  server.BaseHttpServer (BaseHttpServer.java:updateConnectorAddress(215)) - HTTP server of HDDSDATANODE is listening at http://0.0.0.0:43557
2019-09-25 12:47:40,258 [main] INFO  impl.MetricsSystemImpl (MetricsSystemImpl.java:init(158)) - HddsDatanode metrics system started (again)
2019-09-25 12:47:40,262 [org.apache.hadoop.util.JvmPauseMonitor$Monitor@57a769e] INFO  util.JvmPauseMonitor (JvmPauseMonitor.java:run(188)) - Starting JVM pause monitor
2019-09-25 12:47:40,263 [main] INFO  ozone.HddsDatanodeService (HddsDatanodeService.java:start(184)) - HddsDatanodeService host:pr-hdds-2175-t596l-953197546 ip:192.168.151.66
2019-09-25 12:47:40,264 [Datanode State Machine Thread - 0] INFO  datanode.InitDatanodeState (InitDatanodeState.java:persistContainerDatanodeDetails(140)) - DatanodeDetails is persisted to /workdir/hadoop-ozone/integration-test/target/test-dir/MiniOzoneClusterImpl-a05466a5-072a-4920-8d71-d5d6ba4ffade/datanode-5/meta/datanode.id
2019-09-25 12:47:40,269 [main] INFO  volume.HddsVolume (HddsVolume.java:<init>(176)) - Creating Volume: /workdir/hadoop-ozone/integration-test/target/test-dir/MiniOzoneClusterImpl-a05466a5-072a-4920-8d71-d5d6ba4ffade/datanode-6/data/containers/hdds of  storage type : DISK and capacity : 1482555576320
2019-09-25 12:47:40,269 [main] INFO  volume.VolumeSet (VolumeSet.java:initializeVolumeSet(170)) - Added Volume : /workdir/hadoop-ozone/integration-test/target/test-dir/MiniOzoneClusterImpl-a05466a5-072a-4920-8d71-d5d6ba4ffade/datanode-6/data/containers/hdds to VolumeSet
2019-09-25 12:47:40,269 [main] INFO  volume.ThrottledAsyncChecker (ThrottledAsyncChecker.java:schedule(139)) - Scheduling a check for org.apache.hadoop.ozone.container.common.volume.HddsVolume@ef86c72
2019-09-25 12:47:40,270 [main] INFO  volume.HddsVolumeChecker (HddsVolumeChecker.java:checkAllVolumes(202)) - Scheduled health check for volume org.apache.hadoop.ozone.container.common.volume.HddsVolume@ef86c72
2019-09-25 12:47:40,283 [main] INFO  impl.RaftServerProxy (ConfUtils.java:logGet(43)) - raft.rpc.type = GRPC (default)
2019-09-25 12:47:40,284 [main] INFO  grpc.GrpcFactory (GrpcFactory.java:checkPooledByteBufAllocatorUseCacheForAllThreads(45)) - PERFORMANCE WARNING: useCacheForAllThreads is true that may cause Netty to create a lot garbage objects and, as a result, trigger GC.
	It is recommended to disable useCacheForAllThreads by setting -Dorg.apache.ratis.thirdparty.io.netty.allocator.useCacheForAllThreads=false in command line.
2019-09-25 12:47:40,284 [main] INFO  grpc.GrpcConfigKeys$Server (ConfUtils.java:logGet(43)) - raft.grpc.server.port = 0 (default)
2019-09-25 12:47:40,284 [main] INFO  server.GrpcService (ConfUtils.java:logGet(43)) - raft.grpc.message.size.max = 33570816 (custom)
2019-09-25 12:47:40,284 [main] INFO  server.RaftServerConfigKeys (ConfUtils.java:logGet(43)) - raft.server.log.appender.buffer.byte-limit = 33554432 (custom)
2019-09-25 12:47:40,284 [main] INFO  server.GrpcService (ConfUtils.java:logGet(43)) - raft.grpc.flow.control.window = 1MB (=1048576) (default)
2019-09-25 12:47:40,284 [main] INFO  server.RaftServerConfigKeys (ConfUtils.java:logGet(43)) - raft.server.rpc.request.timeout = 3000ms (default)
2019-09-25 12:47:40,285 [main] INFO  server.RaftServerConfigKeys (ConfUtils.java:logGet(43)) - raft.server.storage.dir = [/workdir/hadoop-ozone/integration-test/target/test-dir/MiniOzoneClusterImpl-a05466a5-072a-4920-8d71-d5d6ba4ffade/datanode-6/data/ratis] (custom)
2019-09-25 12:47:40,286 [main] INFO  hdfs.DFSUtil (DFSUtil.java:httpServerTemplateForNNAndJN(1641)) - Starting Web-server for hddsDatanode at: http://0.0.0.0:0
2019-09-25 12:47:40,287 [main] INFO  server.AuthenticationFilter (AuthenticationFilter.java:constructSecretProvider(240)) - Unable to initialize FileSignerSecretProvider, falling back to use random secrets.
2019-09-25 12:47:40,287 [main] WARN  http.HttpRequestLog (HttpRequestLog.java:getRequestLog(97)) - Jetty request log can only be enabled using Log4j
2019-09-25 12:47:40,289 [main] INFO  http.HttpServer2 (HttpServer2.java:addGlobalFilter(975)) - Added global filter 'safety' (class=org.apache.hadoop.http.HttpServer2$QuotingInputFilter)
2019-09-25 12:47:40,289 [main] INFO  http.HttpServer2 (HttpServer2.java:addFilter(948)) - Added filter static_user_filter (class=org.apache.hadoop.http.lib.StaticUserWebFilter$StaticUserFilter) to context hddsDatanode
2019-09-25 12:47:40,289 [main] INFO  http.HttpServer2 (HttpServer2.java:addFilter(958)) - Added filter static_user_filter (class=org.apache.hadoop.http.lib.StaticUserWebFilter$StaticUserFilter) to context static
2019-09-25 12:47:40,289 [main] INFO  http.HttpServer2 (HttpServer2.java:addFilter(958)) - Added filter static_user_filter (class=org.apache.hadoop.http.lib.StaticUserWebFilter$StaticUserFilter) to context logs
2019-09-25 12:47:40,290 [main] INFO  http.HttpServer2 (HttpServer2.java:bindListener(1191)) - Jetty bound to port 34615
2019-09-25 12:47:40,290 [main] INFO  server.Server (Server.java:doStart(351)) - jetty-9.3.25.v20180904, build timestamp: 2018-09-04T21:11:46Z, git hash: 3ce520221d0240229c862b122d2b06c12a625732
2019-09-25 12:47:40,291 [main] INFO  handler.ContextHandler (ContextHandler.java:doStart(781)) - Started o.e.j.s.ServletContextHandler@6d6cd1e0{/logs,file:///workdir/hadoop-ozone/integration-test/target/log,AVAILABLE}
2019-09-25 12:47:40,292 [main] INFO  handler.ContextHandler (ContextHandler.java:doStart(781)) - Started o.e.j.s.ServletContextHandler@9785903{/static,jar:file:/home/user/.m2/repository/org/apache/hadoop/hadoop-hdds-container-service/0.5.0-SNAPSHOT/hadoop-hdds-container-service-0.5.0-SNAPSHOT.jar!/webapps/static,AVAILABLE}
2019-09-25 12:47:40,318 [main] INFO  handler.ContextHandler (ContextHandler.java:doStart(781)) - Started o.e.j.w.WebAppContext@5f5297e3{/,file:///tmp/jetty-0.0.0.0-34615-hddsDatanode-_-any-1071356765646885953.dir/webapp/,AVAILABLE}{/hddsDatanode}
2019-09-25 12:47:40,319 [main] INFO  server.AbstractConnector (AbstractConnector.java:doStart(278)) - Started ServerConnector@2d22d3b1{HTTP/1.1,[http/1.1]}{0.0.0.0:34615}
2019-09-25 12:47:40,324 [main] INFO  server.Server (Server.java:doStart(419)) - Started @589174ms
2019-09-25 12:47:40,324 [main] WARN  impl.MetricsSystemImpl (MetricsSystemImpl.java:register(276)) - Sink prometheus already exists!
2019-09-25 12:47:40,325 [main] INFO  server.BaseHttpServer (BaseHttpServer.java:updateConnectorAddress(215)) - HTTP server of HDDSDATANODE is listening at http://0.0.0.0:34615
2019-09-25 12:47:40,325 [main] INFO  ozone.MiniOzoneClusterImpl (MiniOzoneClusterImpl.java:lambda$waitForClusterToBeReady$0(147)) - Waiting for cluster to be ready. Got 0 of 7 DN Heartbeats.
2019-09-25 12:47:40,326 [org.apache.hadoop.util.JvmPauseMonitor$Monitor@5e65823e] INFO  util.JvmPauseMonitor (JvmPauseMonitor.java:run(188)) - Starting JVM pause monitor
2019-09-25 12:47:40,327 [Datanode State Machine Thread - 0] INFO  datanode.InitDatanodeState (InitDatanodeState.java:persistContainerDatanodeDetails(140)) - DatanodeDetails is persisted to /workdir/hadoop-ozone/integration-test/target/test-dir/MiniOzoneClusterImpl-a05466a5-072a-4920-8d71-d5d6ba4ffade/datanode-6/meta/datanode.id
2019-09-25 12:47:41,325 [main] INFO  ozone.MiniOzoneClusterImpl (MiniOzoneClusterImpl.java:lambda$waitForClusterToBeReady$0(147)) - Waiting for cluster to be ready. Got 0 of 7 DN Heartbeats.
2019-09-25 12:47:41,998 [Datanode State Machine Thread - 0] INFO  ozoneimpl.OzoneContainer (OzoneContainer.java:start(217)) - Attempting to start container services.
2019-09-25 12:47:41,999 [Datanode State Machine Thread - 0] INFO  ozoneimpl.OzoneContainer (OzoneContainer.java:startContainerScrub(179)) - Background container scanner has been disabled.
2019-09-25 12:47:41,999 [Datanode State Machine Thread - 0] INFO  ratis.XceiverServerRatis (XceiverServerRatis.java:start(411)) - Starting XceiverServerRatis 9f6c202f-201d-45e7-83f4-0c55e914a711 at port 0
2019-09-25 12:47:42,008 [Datanode State Machine Thread - 0] INFO  impl.RaftServerProxy (RaftServerProxy.java:lambda$start$3(299)) - 9f6c202f-201d-45e7-83f4-0c55e914a711: start RPC server
2019-09-25 12:47:42,011 [Datanode State Machine Thread - 0] INFO  server.GrpcService (GrpcService.java:startImpl(158)) - 9f6c202f-201d-45e7-83f4-0c55e914a711: GrpcService started, listening on 0.0.0.0/0.0.0.0:41695
2019-09-25 12:47:42,011 [Datanode State Machine Thread - 0] INFO  ratis.XceiverServerRatis (XceiverServerRatis.java:start(421)) - XceiverServerRatis 9f6c202f-201d-45e7-83f4-0c55e914a711 is started using port 41695
2019-09-25 12:47:42,012 [Datanode State Machine Thread - 0] INFO  server.XceiverServerGrpc (XceiverServerGrpc.java:start(149)) - XceiverServerGrpc 9f6c202f-201d-45e7-83f4-0c55e914a711 is started using port 35928
2019-09-25 12:47:42,041 [Datanode State Machine Thread - 0] INFO  ozoneimpl.OzoneContainer (OzoneContainer.java:start(217)) - Attempting to start container services.
2019-09-25 12:47:42,041 [Datanode State Machine Thread - 0] INFO  ozoneimpl.OzoneContainer (OzoneContainer.java:startContainerScrub(179)) - Background container scanner has been disabled.
2019-09-25 12:47:42,041 [Datanode State Machine Thread - 0] INFO  ratis.XceiverServerRatis (XceiverServerRatis.java:start(411)) - Starting XceiverServerRatis 2e2a41db-3d1f-4483-92cc-510291bd68f3 at port 0
2019-09-25 12:47:42,049 [Datanode State Machine Thread - 0] INFO  impl.RaftServerProxy (RaftServerProxy.java:lambda$start$3(299)) - 2e2a41db-3d1f-4483-92cc-510291bd68f3: start RPC server
2019-09-25 12:47:42,050 [Datanode State Machine Thread - 0] INFO  server.GrpcService (GrpcService.java:startImpl(158)) - 2e2a41db-3d1f-4483-92cc-510291bd68f3: GrpcService started, listening on 0.0.0.0/0.0.0.0:34821
2019-09-25 12:47:42,050 [Datanode State Machine Thread - 0] INFO  ratis.XceiverServerRatis (XceiverServerRatis.java:start(421)) - XceiverServerRatis 2e2a41db-3d1f-4483-92cc-510291bd68f3 is started using port 34821
2019-09-25 12:47:42,052 [Datanode State Machine Thread - 0] INFO  server.XceiverServerGrpc (XceiverServerGrpc.java:start(149)) - XceiverServerGrpc 2e2a41db-3d1f-4483-92cc-510291bd68f3 is started using port 37636
2019-09-25 12:47:42,090 [Datanode State Machine Thread - 0] INFO  ozoneimpl.OzoneContainer (OzoneContainer.java:start(217)) - Attempting to start container services.
2019-09-25 12:47:42,090 [Datanode State Machine Thread - 0] INFO  ozoneimpl.OzoneContainer (OzoneContainer.java:startContainerScrub(179)) - Background container scanner has been disabled.
2019-09-25 12:47:42,090 [Datanode State Machine Thread - 0] INFO  ratis.XceiverServerRatis (XceiverServerRatis.java:start(411)) - Starting XceiverServerRatis 36c91996-c5f7-4a90-94d5-6233d5d955ee at port 0
2019-09-25 12:47:42,098 [Datanode State Machine Thread - 0] INFO  impl.RaftServerProxy (RaftServerProxy.java:lambda$start$3(299)) - 36c91996-c5f7-4a90-94d5-6233d5d955ee: start RPC server
2019-09-25 12:47:42,100 [Datanode State Machine Thread - 0] INFO  server.GrpcService (GrpcService.java:startImpl(158)) - 36c91996-c5f7-4a90-94d5-6233d5d955ee: GrpcService started, listening on 0.0.0.0/0.0.0.0:33656
2019-09-25 12:47:42,100 [Datanode State Machine Thread - 0] INFO  ratis.XceiverServerRatis (XceiverServerRatis.java:start(421)) - XceiverServerRatis 36c91996-c5f7-4a90-94d5-6233d5d955ee is started using port 33656
2019-09-25 12:47:42,101 [Datanode State Machine Thread - 0] INFO  server.XceiverServerGrpc (XceiverServerGrpc.java:start(149)) - XceiverServerGrpc 36c91996-c5f7-4a90-94d5-6233d5d955ee is started using port 33879
2019-09-25 12:47:42,153 [Datanode State Machine Thread - 0] INFO  ozoneimpl.OzoneContainer (OzoneContainer.java:start(217)) - Attempting to start container services.
2019-09-25 12:47:42,153 [Datanode State Machine Thread - 0] INFO  ozoneimpl.OzoneContainer (OzoneContainer.java:startContainerScrub(179)) - Background container scanner has been disabled.
2019-09-25 12:47:42,153 [Datanode State Machine Thread - 0] INFO  ratis.XceiverServerRatis (XceiverServerRatis.java:start(411)) - Starting XceiverServerRatis 8cac1812-c792-42d2-8f80-be30857055bc at port 0
2019-09-25 12:47:42,163 [Datanode State Machine Thread - 0] INFO  impl.RaftServerProxy (RaftServerProxy.java:lambda$start$3(299)) - 8cac1812-c792-42d2-8f80-be30857055bc: start RPC server
2019-09-25 12:47:42,180 [Datanode State Machine Thread - 0] INFO  server.GrpcService (GrpcService.java:startImpl(158)) - 8cac1812-c792-42d2-8f80-be30857055bc: GrpcService started, listening on 0.0.0.0/0.0.0.0:37923
2019-09-25 12:47:42,180 [Datanode State Machine Thread - 0] INFO  ratis.XceiverServerRatis (XceiverServerRatis.java:start(421)) - XceiverServerRatis 8cac1812-c792-42d2-8f80-be30857055bc is started using port 37923
2019-09-25 12:47:42,180 [Datanode State Machine Thread - 0] INFO  server.XceiverServerGrpc (XceiverServerGrpc.java:start(149)) - XceiverServerGrpc 8cac1812-c792-42d2-8f80-be30857055bc is started using port 37205
2019-09-25 12:47:42,217 [Datanode State Machine Thread - 0] INFO  ozoneimpl.OzoneContainer (OzoneContainer.java:start(217)) - Attempting to start container services.
2019-09-25 12:47:42,217 [Datanode State Machine Thread - 0] INFO  ozoneimpl.OzoneContainer (OzoneContainer.java:startContainerScrub(179)) - Background container scanner has been disabled.
2019-09-25 12:47:42,217 [Datanode State Machine Thread - 0] INFO  ratis.XceiverServerRatis (XceiverServerRatis.java:start(411)) - Starting XceiverServerRatis 748828df-30b0-4015-b75f-dfc54b2a2355 at port 0
2019-09-25 12:47:42,224 [Datanode State Machine Thread - 0] INFO  impl.RaftServerProxy (RaftServerProxy.java:lambda$start$3(299)) - 748828df-30b0-4015-b75f-dfc54b2a2355: start RPC server
2019-09-25 12:47:42,227 [Datanode State Machine Thread - 0] INFO  server.GrpcService (GrpcService.java:startImpl(158)) - 748828df-30b0-4015-b75f-dfc54b2a2355: GrpcService started, listening on 0.0.0.0/0.0.0.0:33780
2019-09-25 12:47:42,227 [Datanode State Machine Thread - 0] INFO  ratis.XceiverServerRatis (XceiverServerRatis.java:start(421)) - XceiverServerRatis 748828df-30b0-4015-b75f-dfc54b2a2355 is started using port 33780
2019-09-25 12:47:42,228 [Datanode State Machine Thread - 0] INFO  server.XceiverServerGrpc (XceiverServerGrpc.java:start(149)) - XceiverServerGrpc 748828df-30b0-4015-b75f-dfc54b2a2355 is started using port 37029
2019-09-25 12:47:42,277 [Datanode State Machine Thread - 0] INFO  ozoneimpl.OzoneContainer (OzoneContainer.java:start(217)) - Attempting to start container services.
2019-09-25 12:47:42,277 [Datanode State Machine Thread - 0] INFO  ozoneimpl.OzoneContainer (OzoneContainer.java:startContainerScrub(179)) - Background container scanner has been disabled.
2019-09-25 12:47:42,277 [Datanode State Machine Thread - 0] INFO  ratis.XceiverServerRatis (XceiverServerRatis.java:start(411)) - Starting XceiverServerRatis 3c2cd309-f96b-4683-9e8f-90e33ab63894 at port 0
2019-09-25 12:47:42,284 [Datanode State Machine Thread - 0] INFO  impl.RaftServerProxy (RaftServerProxy.java:lambda$start$3(299)) - 3c2cd309-f96b-4683-9e8f-90e33ab63894: start RPC server
2019-09-25 12:47:42,285 [Datanode State Machine Thread - 0] INFO  server.GrpcService (GrpcService.java:startImpl(158)) - 3c2cd309-f96b-4683-9e8f-90e33ab63894: GrpcService started, listening on 0.0.0.0/0.0.0.0:46374
2019-09-25 12:47:42,285 [Datanode State Machine Thread - 0] INFO  ratis.XceiverServerRatis (XceiverServerRatis.java:start(421)) - XceiverServerRatis 3c2cd309-f96b-4683-9e8f-90e33ab63894 is started using port 46374
2019-09-25 12:47:42,286 [Datanode State Machine Thread - 0] INFO  server.XceiverServerGrpc (XceiverServerGrpc.java:start(149)) - XceiverServerGrpc 3c2cd309-f96b-4683-9e8f-90e33ab63894 is started using port 41500
2019-09-25 12:47:42,326 [main] INFO  ozone.MiniOzoneClusterImpl (MiniOzoneClusterImpl.java:lambda$waitForClusterToBeReady$0(147)) - Waiting for cluster to be ready. Got 0 of 7 DN Heartbeats.
2019-09-25 12:47:42,350 [Datanode State Machine Thread - 0] INFO  ozoneimpl.OzoneContainer (OzoneContainer.java:start(217)) - Attempting to start container services.
2019-09-25 12:47:42,350 [Datanode State Machine Thread - 0] INFO  ozoneimpl.OzoneContainer (OzoneContainer.java:startContainerScrub(179)) - Background container scanner has been disabled.
2019-09-25 12:47:42,350 [Datanode State Machine Thread - 0] INFO  ratis.XceiverServerRatis (XceiverServerRatis.java:start(411)) - Starting XceiverServerRatis 4cc4b627-b178-49fa-865f-0d962778a832 at port 0
2019-09-25 12:47:42,357 [Datanode State Machine Thread - 0] INFO  impl.RaftServerProxy (RaftServerProxy.java:lambda$start$3(299)) - 4cc4b627-b178-49fa-865f-0d962778a832: start RPC server
2019-09-25 12:47:42,361 [Datanode State Machine Thread - 0] INFO  server.GrpcService (GrpcService.java:startImpl(158)) - 4cc4b627-b178-49fa-865f-0d962778a832: GrpcService started, listening on 0.0.0.0/0.0.0.0:46264
2019-09-25 12:47:42,361 [Datanode State Machine Thread - 0] INFO  ratis.XceiverServerRatis (XceiverServerRatis.java:start(421)) - XceiverServerRatis 4cc4b627-b178-49fa-865f-0d962778a832 is started using port 46264
2019-09-25 12:47:42,361 [Datanode State Machine Thread - 0] INFO  server.XceiverServerGrpc (XceiverServerGrpc.java:start(149)) - XceiverServerGrpc 4cc4b627-b178-49fa-865f-0d962778a832 is started using port 40900
2019-09-25 12:47:43,326 [main] INFO  ozone.MiniOzoneClusterImpl (MiniOzoneClusterImpl.java:lambda$waitForClusterToBeReady$0(147)) - Waiting for cluster to be ready. Got 0 of 7 DN Heartbeats.
2019-09-25 12:47:43,962 [IPC Server handler 0 on 45997] INFO  net.NetworkTopology (NetworkTopologyImpl.java:add(111)) - Added a new node: /default-rack/9f6c202f-201d-45e7-83f4-0c55e914a711
2019-09-25 12:47:43,965 [IPC Server handler 0 on 45997] INFO  node.SCMNodeManager (SCMNodeManager.java:register(266)) - Registered Data node : 9f6c202f-201d-45e7-83f4-0c55e914a711{ip: 192.168.151.66, host: pr-hdds-2175-t596l-953197546, networkLocation: /default-rack, certSerialId: null}
2019-09-25 12:47:43,966 [EventQueue-NodeRegistrationContainerReportForDataNodeSafeModeRule] INFO  safemode.SCMSafeModeManager (DataNodeSafeModeRule.java:process(71)) - SCM in safe mode. 1 DataNodes registered, 1 required.
2019-09-25 12:47:43,969 [EventQueue-NodeRegistrationContainerReportForDataNodeSafeModeRule] INFO  safemode.SCMSafeModeManager (SCMSafeModeManager.java:validateSafeModeExitRules(177)) - ScmSafeModeManager, all rules are successfully validated
2019-09-25 12:47:43,969 [EventQueue-NodeRegistrationContainerReportForDataNodeSafeModeRule] INFO  safemode.SCMSafeModeManager (SCMSafeModeManager.java:exitSafeMode(193)) - SCM exiting safe mode.
2019-09-25 12:47:43,980 [grpc-default-executor-7] INFO  impl.RaftServerProxy (RaftServerProxy.java:addNew(89)) - 9f6c202f-201d-45e7-83f4-0c55e914a711: addNew group-F16EDAD6EC9C:[9f6c202f-201d-45e7-83f4-0c55e914a711:192.168.151.66:41695] returns group-F16EDAD6EC9C:java.util.concurrent.CompletableFuture@433f7519[Not completed]
2019-09-25 12:47:43,984 [pool-409-thread-1] INFO  impl.RaftServerImpl (RaftServerImpl.java:<init>(95)) - 9f6c202f-201d-45e7-83f4-0c55e914a711: new RaftServerImpl for group-F16EDAD6EC9C:[9f6c202f-201d-45e7-83f4-0c55e914a711:192.168.151.66:41695] with ContainerStateMachine:uninitialized
2019-09-25 12:47:43,984 [pool-409-thread-1] INFO  server.RaftServerConfigKeys (ConfUtils.java:logGet(43)) - raft.server.rpc.timeout.min = 5s (custom)
2019-09-25 12:47:43,984 [pool-409-thread-1] INFO  server.RaftServerConfigKeys (ConfUtils.java:logGet(43)) - raft.server.rpc.timeout.max = 5200ms (custom)
2019-09-25 12:47:43,984 [pool-409-thread-1] INFO  server.RaftServerConfigKeys (ConfUtils.java:logGet(43)) - raft.server.rpcslowness.timeout = 120s (custom)
2019-09-25 12:47:43,984 [pool-409-thread-1] INFO  server.RaftServerConfigKeys (ConfUtils.java:logGet(43)) - raft.server.sleep.deviation.threshold = 300 (default)
2019-09-25 12:47:43,985 [pool-409-thread-1] INFO  server.RaftServerConfigKeys (ConfUtils.java:logGet(43)) - raft.server.log.appender.install.snapshot.enabled = false (custom)
2019-09-25 12:47:43,985 [pool-409-thread-1] INFO  impl.RaftServerImpl (ServerState.java:<init>(103)) - 9f6c202f-201d-45e7-83f4-0c55e914a711@group-F16EDAD6EC9C: ConfigurationManager, init=-1: [9f6c202f-201d-45e7-83f4-0c55e914a711:192.168.151.66:41695], old=null, confs=<EMPTY_MAP>
2019-09-25 12:47:43,985 [pool-409-thread-1] INFO  server.RaftServerConfigKeys (ConfUtils.java:logGet(43)) - raft.server.storage.dir = [/workdir/hadoop-ozone/integration-test/target/test-dir/MiniOzoneClusterImpl-a05466a5-072a-4920-8d71-d5d6ba4ffade/datanode-0/data/ratis] (custom)
2019-09-25 12:47:43,986 [pool-409-thread-1] INFO  storage.RaftStorageDirectory (RaftStorageDirectory.java:analyzeStorage(246)) - The storage directory /workdir/hadoop-ozone/integration-test/target/test-dir/MiniOzoneClusterImpl-a05466a5-072a-4920-8d71-d5d6ba4ffade/datanode-0/data/ratis/9807e768-800d-4a03-8793-f16edad6ec9c does not exist. Creating ...
2019-09-25 12:47:44,011 [pool-409-thread-1] INFO  storage.RaftStorageDirectory (RaftStorageDirectory.java:tryLock(328)) - Lock on /workdir/hadoop-ozone/integration-test/target/test-dir/MiniOzoneClusterImpl-a05466a5-072a-4920-8d71-d5d6ba4ffade/datanode-0/data/ratis/9807e768-800d-4a03-8793-f16edad6ec9c/in_use.lock acquired by nodename 19101@pr-hdds-2175-t596l-953197546
2019-09-25 12:47:44,016 [IPC Server handler 2 on 45997] INFO  net.NetworkTopology (NetworkTopologyImpl.java:add(111)) - Added a new node: /default-rack/2e2a41db-3d1f-4483-92cc-510291bd68f3
2019-09-25 12:47:44,017 [IPC Server handler 2 on 45997] INFO  node.SCMNodeManager (SCMNodeManager.java:register(266)) - Registered Data node : 2e2a41db-3d1f-4483-92cc-510291bd68f3{ip: 192.168.151.66, host: pr-hdds-2175-t596l-953197546, networkLocation: /default-rack, certSerialId: null}
2019-09-25 12:47:44,038 [pool-409-thread-1] INFO  storage.RaftStorage (RaftStorage.java:format(72)) - Storage directory /workdir/hadoop-ozone/integration-test/target/test-dir/MiniOzoneClusterImpl-a05466a5-072a-4920-8d71-d5d6ba4ffade/datanode-0/data/ratis/9807e768-800d-4a03-8793-f16edad6ec9c has been successfully formatted.
2019-09-25 12:47:44,038 [pool-409-thread-1] INFO  ratis.ContainerStateMachine (ContainerStateMachine.java:loadSnapshot(230)) - group-F16EDAD6EC9C: The snapshot info is null. Setting the last applied indexto:(t:0, i:~)
2019-09-25 12:47:44,038 [pool-409-thread-1] INFO  server.RaftServerConfigKeys (ConfUtils.java:logGet(43)) - raft.server.notification.no-leader.timeout = 120s (custom)
2019-09-25 12:47:44,039 [pool-409-thread-1] INFO  server.RaftServerConfigKeys (ConfUtils.java:logGet(43)) - raft.server.log.use.memory = false (default)
2019-09-25 12:47:44,039 [pool-409-thread-1] INFO  server.RaftServerConfigKeys (ConfUtils.java:logGet(43)) - raft.server.log.purge.gap = 1000000 (custom)
2019-09-25 12:47:44,039 [pool-409-thread-1] INFO  server.RaftServerConfigKeys (ConfUtils.java:logGet(43)) - raft.server.log.appender.buffer.byte-limit = 33554432 (custom)
2019-09-25 12:47:44,039 [pool-409-thread-1] INFO  server.RaftServerConfigKeys (ConfUtils.java:logGet(43)) - raft.server.log.segment.size.max = 1048576 (custom)
2019-09-25 12:47:44,040 [pool-409-thread-1] INFO  server.RaftServerConfigKeys (ConfUtils.java:logGet(43)) - raft.server.log.segment.cache.num.max = 2 (custom)
2019-09-25 12:47:44,040 [pool-409-thread-1] INFO  segmented.SegmentedRaftLogWorker (SegmentedRaftLogWorker.java:<init>(172)) - new 9f6c202f-201d-45e7-83f4-0c55e914a711@group-F16EDAD6EC9C-SegmentedRaftLogWorker for RaftStorage:Storage Directory /workdir/hadoop-ozone/integration-test/target/test-dir/MiniOzoneClusterImpl-a05466a5-072a-4920-8d71-d5d6ba4ffade/datanode-0/data/ratis/9807e768-800d-4a03-8793-f16edad6ec9c
2019-09-25 12:47:44,043 [pool-409-thread-1] INFO  server.RaftServerConfigKeys (ConfUtils.java:logGet(43)) - raft.server.log.queue.byte-limit = 2147483647 (custom)
2019-09-25 12:47:44,043 [pool-409-thread-1] INFO  server.RaftServerConfigKeys (ConfUtils.java:logGet(43)) - raft.server.log.queue.element-limit = 1024 (custom)
2019-09-25 12:47:44,043 [pool-409-thread-1] INFO  server.RaftServerConfigKeys (ConfUtils.java:logGet(43)) - raft.server.log.segment.size.max = 1048576 (custom)
2019-09-25 12:47:44,043 [pool-409-thread-1] INFO  server.RaftServerConfigKeys (ConfUtils.java:logGet(43)) - raft.server.log.preallocated.size = 16384 (custom)
2019-09-25 12:47:44,043 [pool-409-thread-1] INFO  server.RaftServerConfigKeys (ConfUtils.java:logGet(43)) - raft.server.log.write.buffer.size = 33554432 (custom)
2019-09-25 12:47:44,044 [pool-409-thread-1] INFO  server.RaftServerConfigKeys (ConfUtils.java:logGet(43)) - raft.server.log.force.sync.num = 128 (default)
2019-09-25 12:47:44,044 [pool-409-thread-1] INFO  server.RaftServerConfigKeys (ConfUtils.java:logGet(43)) - raft.server.log.statemachine.data.sync = true (default)
2019-09-25 12:47:44,044 [pool-409-thread-1] INFO  server.RaftServerConfigKeys (ConfUtils.java:logGet(43)) - raft.server.log.statemachine.data.sync.timeout = 10s (default)
2019-09-25 12:47:44,044 [pool-409-thread-1] INFO  server.RaftServerConfigKeys (ConfUtils.java:logGet(43)) - raft.server.log.statemachine.data.sync.timeout.retry = -1 (default)
2019-09-25 12:47:44,045 [pool-409-thread-1] INFO  server.RaftServerConfigKeys (ConfUtils.java:logGet(43)) - raft.server.log.statemachine.data.caching.enabled = true (custom)
2019-09-25 12:47:44,045 [pool-409-thread-1] INFO  segmented.SegmentedRaftLogWorker (SegmentedRaftLogWorker.java:lambda$new$0(132)) - 9f6c202f-201d-45e7-83f4-0c55e914a711@group-F16EDAD6EC9C-SegmentedRaftLogWorker: flushIndex: setUnconditionally 0 -> -1
2019-09-25 12:47:44,046 [pool-409-thread-1] INFO  server.RaftServerConfigKeys (ConfUtils.java:logGet(43)) - raft.server.snapshot.auto.trigger.enabled = true (custom)
2019-09-25 12:47:44,046 [pool-409-thread-1] INFO  server.RaftServerConfigKeys (ConfUtils.java:logGet(43)) - raft.server.snapshot.auto.trigger.threshold = 10000 (custom)
2019-09-25 12:47:44,046 [pool-409-thread-1] INFO  server.RaftServerConfigKeys (ConfUtils.java:logGet(43)) - raft.server.snapshot.retention.num.files = 5 (custom)
2019-09-25 12:47:44,047 [pool-409-thread-1] INFO  server.RaftServerConfigKeys (ConfUtils.java:logGet(43)) - raft.server.retrycache.expirytime = 600000ms (custom)
2019-09-25 12:47:44,049 [pool-409-thread-1] INFO  impl.RaftServerImpl (RaftServerImpl.java:start(185)) - 9f6c202f-201d-45e7-83f4-0c55e914a711@group-F16EDAD6EC9C: start as a follower, conf=-1: [9f6c202f-201d-45e7-83f4-0c55e914a711:192.168.151.66:41695], old=null
2019-09-25 12:47:44,049 [pool-409-thread-1] INFO  impl.RaftServerImpl (RaftServerImpl.java:setRole(174)) - 9f6c202f-201d-45e7-83f4-0c55e914a711@group-F16EDAD6EC9C: changes role from      null to FOLLOWER at term 0 for startAsFollower
2019-09-25 12:47:44,049 [pool-409-thread-1] INFO  impl.RoleInfo (RoleInfo.java:updateAndGet(143)) - 9f6c202f-201d-45e7-83f4-0c55e914a711: start FollowerState
2019-09-25 12:47:44,050 [pool-409-thread-1] INFO  util.JmxRegister (JmxRegister.java:tryRegister(44)) - Successfully registered JMX Bean with object name Ratis:service=RaftServer,group=group-F16EDAD6EC9C,id=9f6c202f-201d-45e7-83f4-0c55e914a711
2019-09-25 12:47:44,053 [RatisPipelineUtilsThread] INFO  pipeline.PipelineStateManager (PipelineStateManager.java:addPipeline(56)) - Created pipeline Pipeline[ Id: 9807e768-800d-4a03-8793-f16edad6ec9c, Nodes: 9f6c202f-201d-45e7-83f4-0c55e914a711{ip: 192.168.151.66, host: pr-hdds-2175-t596l-953197546, networkLocation: /default-rack, certSerialId: null}, Type:RATIS, Factor:ONE, State:OPEN]
2019-09-25 12:47:44,060 [grpc-default-executor-7] INFO  impl.RaftServerProxy (RaftServerProxy.java:addNew(89)) - 2e2a41db-3d1f-4483-92cc-510291bd68f3: addNew group-44D54F6D1432:[2e2a41db-3d1f-4483-92cc-510291bd68f3:192.168.151.66:34821] returns group-44D54F6D1432:java.util.concurrent.CompletableFuture@665ff88e[Not completed]
2019-09-25 12:47:44,061 [pool-419-thread-1] INFO  impl.RaftServerImpl (RaftServerImpl.java:<init>(95)) - 2e2a41db-3d1f-4483-92cc-510291bd68f3: new RaftServerImpl for group-44D54F6D1432:[2e2a41db-3d1f-4483-92cc-510291bd68f3:192.168.151.66:34821] with ContainerStateMachine:uninitialized
2019-09-25 12:47:44,061 [pool-419-thread-1] INFO  server.RaftServerConfigKeys (ConfUtils.java:logGet(43)) - raft.server.rpc.timeout.min = 5s (custom)
2019-09-25 12:47:44,061 [pool-419-thread-1] INFO  server.RaftServerConfigKeys (ConfUtils.java:logGet(43)) - raft.server.rpc.timeout.max = 5200ms (custom)
2019-09-25 12:47:44,061 [pool-419-thread-1] INFO  server.RaftServerConfigKeys (ConfUtils.java:logGet(43)) - raft.server.rpcslowness.timeout = 120s (custom)
2019-09-25 12:47:44,061 [pool-419-thread-1] INFO  server.RaftServerConfigKeys (ConfUtils.java:logGet(43)) - raft.server.sleep.deviation.threshold = 300 (default)
2019-09-25 12:47:44,062 [pool-419-thread-1] INFO  server.RaftServerConfigKeys (ConfUtils.java:logGet(43)) - raft.server.log.appender.install.snapshot.enabled = false (custom)
2019-09-25 12:47:44,062 [pool-419-thread-1] INFO  impl.RaftServerImpl (ServerState.java:<init>(103)) - 2e2a41db-3d1f-4483-92cc-510291bd68f3@group-44D54F6D1432: ConfigurationManager, init=-1: [2e2a41db-3d1f-4483-92cc-510291bd68f3:192.168.151.66:34821], old=null, confs=<EMPTY_MAP>
2019-09-25 12:47:44,062 [pool-419-thread-1] INFO  server.RaftServerConfigKeys (ConfUtils.java:logGet(43)) - raft.server.storage.dir = [/workdir/hadoop-ozone/integration-test/target/test-dir/MiniOzoneClusterImpl-a05466a5-072a-4920-8d71-d5d6ba4ffade/datanode-1/data/ratis] (custom)
2019-09-25 12:47:44,062 [pool-419-thread-1] INFO  storage.RaftStorageDirectory (RaftStorageDirectory.java:analyzeStorage(246)) - The storage directory /workdir/hadoop-ozone/integration-test/target/test-dir/MiniOzoneClusterImpl-a05466a5-072a-4920-8d71-d5d6ba4ffade/datanode-1/data/ratis/4b0214dc-2ce5-4929-b238-44d54f6d1432 does not exist. Creating ...
2019-09-25 12:47:44,075 [pool-419-thread-1] INFO  storage.RaftStorageDirectory (RaftStorageDirectory.java:tryLock(328)) - Lock on /workdir/hadoop-ozone/integration-test/target/test-dir/MiniOzoneClusterImpl-a05466a5-072a-4920-8d71-d5d6ba4ffade/datanode-1/data/ratis/4b0214dc-2ce5-4929-b238-44d54f6d1432/in_use.lock acquired by nodename 19101@pr-hdds-2175-t596l-953197546
2019-09-25 12:47:44,077 [IPC Server handler 4 on 45997] INFO  net.NetworkTopology (NetworkTopologyImpl.java:add(111)) - Added a new node: /default-rack/36c91996-c5f7-4a90-94d5-6233d5d955ee
2019-09-25 12:47:44,077 [IPC Server handler 4 on 45997] INFO  node.SCMNodeManager (SCMNodeManager.java:register(266)) - Registered Data node : 36c91996-c5f7-4a90-94d5-6233d5d955ee{ip: 192.168.151.66, host: pr-hdds-2175-t596l-953197546, networkLocation: /default-rack, certSerialId: null}
2019-09-25 12:47:44,088 [pool-419-thread-1] INFO  storage.RaftStorage (RaftStorage.java:format(72)) - Storage directory /workdir/hadoop-ozone/integration-test/target/test-dir/MiniOzoneClusterImpl-a05466a5-072a-4920-8d71-d5d6ba4ffade/datanode-1/data/ratis/4b0214dc-2ce5-4929-b238-44d54f6d1432 has been successfully formatted.
2019-09-25 12:47:44,088 [pool-419-thread-1] INFO  ratis.ContainerStateMachine (ContainerStateMachine.java:loadSnapshot(230)) - group-44D54F6D1432: The snapshot info is null. Setting the last applied indexto:(t:0, i:~)
2019-09-25 12:47:44,088 [pool-419-thread-1] INFO  server.RaftServerConfigKeys (ConfUtils.java:logGet(43)) - raft.server.notification.no-leader.timeout = 120s (custom)
2019-09-25 12:47:44,088 [pool-419-thread-1] INFO  server.RaftServerConfigKeys (ConfUtils.java:logGet(43)) - raft.server.log.use.memory = false (default)
2019-09-25 12:47:44,088 [pool-419-thread-1] INFO  server.RaftServerConfigKeys (ConfUtils.java:logGet(43)) - raft.server.log.purge.gap = 1000000 (custom)
2019-09-25 12:47:44,088 [pool-419-thread-1] INFO  server.RaftServerConfigKeys (ConfUtils.java:logGet(43)) - raft.server.log.appender.buffer.byte-limit = 33554432 (custom)
2019-09-25 12:47:44,088 [pool-419-thread-1] INFO  server.RaftServerConfigKeys (ConfUtils.java:logGet(43)) - raft.server.log.segment.size.max = 1048576 (custom)
2019-09-25 12:47:44,089 [pool-419-thread-1] INFO  server.RaftServerConfigKeys (ConfUtils.java:logGet(43)) - raft.server.log.segment.cache.num.max = 2 (custom)
2019-09-25 12:47:44,089 [pool-419-thread-1] INFO  segmented.SegmentedRaftLogWorker (SegmentedRaftLogWorker.java:<init>(172)) - new 2e2a41db-3d1f-4483-92cc-510291bd68f3@group-44D54F6D1432-SegmentedRaftLogWorker for RaftStorage:Storage Directory /workdir/hadoop-ozone/integration-test/target/test-dir/MiniOzoneClusterImpl-a05466a5-072a-4920-8d71-d5d6ba4ffade/datanode-1/data/ratis/4b0214dc-2ce5-4929-b238-44d54f6d1432
2019-09-25 12:47:44,090 [pool-419-thread-1] INFO  server.RaftServerConfigKeys (ConfUtils.java:logGet(43)) - raft.server.log.queue.byte-limit = 2147483647 (custom)
2019-09-25 12:47:44,090 [pool-419-thread-1] INFO  server.RaftServerConfigKeys (ConfUtils.java:logGet(43)) - raft.server.log.queue.element-limit = 1024 (custom)
2019-09-25 12:47:44,090 [pool-419-thread-1] INFO  server.RaftServerConfigKeys (ConfUtils.java:logGet(43)) - raft.server.log.segment.size.max = 1048576 (custom)
2019-09-25 12:47:44,091 [pool-419-thread-1] INFO  server.RaftServerConfigKeys (ConfUtils.java:logGet(43)) - raft.server.log.preallocated.size = 16384 (custom)
2019-09-25 12:47:44,091 [pool-419-thread-1] INFO  server.RaftServerConfigKeys (ConfUtils.java:logGet(43)) - raft.server.log.write.buffer.size = 33554432 (custom)
2019-09-25 12:47:44,091 [pool-419-thread-1] INFO  server.RaftServerConfigKeys (ConfUtils.java:logGet(43)) - raft.server.log.force.sync.num = 128 (default)
2019-09-25 12:47:44,091 [pool-419-thread-1] INFO  server.RaftServerConfigKeys (ConfUtils.java:logGet(43)) - raft.server.log.statemachine.data.sync = true (default)
2019-09-25 12:47:44,091 [pool-419-thread-1] INFO  server.RaftServerConfigKeys (ConfUtils.java:logGet(43)) - raft.server.log.statemachine.data.sync.timeout = 10s (default)
2019-09-25 12:47:44,091 [pool-419-thread-1] INFO  server.RaftServerConfigKeys (ConfUtils.java:logGet(43)) - raft.server.log.statemachine.data.sync.timeout.retry = -1 (default)
2019-09-25 12:47:44,091 [pool-419-thread-1] INFO  server.RaftServerConfigKeys (ConfUtils.java:logGet(43)) - raft.server.log.statemachine.data.caching.enabled = true (custom)
2019-09-25 12:47:44,091 [pool-419-thread-1] INFO  segmented.SegmentedRaftLogWorker (SegmentedRaftLogWorker.java:lambda$new$0(132)) - 2e2a41db-3d1f-4483-92cc-510291bd68f3@group-44D54F6D1432-SegmentedRaftLogWorker: flushIndex: setUnconditionally 0 -> -1
2019-09-25 12:47:44,092 [pool-419-thread-1] INFO  server.RaftServerConfigKeys (ConfUtils.java:logGet(43)) - raft.server.snapshot.auto.trigger.enabled = true (custom)
2019-09-25 12:47:44,092 [pool-419-thread-1] INFO  server.RaftServerConfigKeys (ConfUtils.java:logGet(43)) - raft.server.snapshot.auto.trigger.threshold = 10000 (custom)
2019-09-25 12:47:44,092 [pool-419-thread-1] INFO  server.RaftServerConfigKeys (ConfUtils.java:logGet(43)) - raft.server.snapshot.retention.num.files = 5 (custom)
2019-09-25 12:47:44,092 [pool-419-thread-1] INFO  server.RaftServerConfigKeys (ConfUtils.java:logGet(43)) - raft.server.retrycache.expirytime = 600000ms (custom)
2019-09-25 12:47:44,093 [pool-419-thread-1] INFO  impl.RaftServerImpl (RaftServerImpl.java:start(185)) - 2e2a41db-3d1f-4483-92cc-510291bd68f3@group-44D54F6D1432: start as a follower, conf=-1: [2e2a41db-3d1f-4483-92cc-510291bd68f3:192.168.151.66:34821], old=null
2019-09-25 12:47:44,094 [pool-419-thread-1] INFO  impl.RaftServerImpl (RaftServerImpl.java:setRole(174)) - 2e2a41db-3d1f-4483-92cc-510291bd68f3@group-44D54F6D1432: changes role from      null to FOLLOWER at term 0 for startAsFollower
2019-09-25 12:47:44,094 [pool-419-thread-1] INFO  impl.RoleInfo (RoleInfo.java:updateAndGet(143)) - 2e2a41db-3d1f-4483-92cc-510291bd68f3: start FollowerState
2019-09-25 12:47:44,094 [pool-419-thread-1] INFO  util.JmxRegister (JmxRegister.java:tryRegister(44)) - Successfully registered JMX Bean with object name Ratis:service=RaftServer,group=group-44D54F6D1432,id=2e2a41db-3d1f-4483-92cc-510291bd68f3
2019-09-25 12:47:44,096 [RatisPipelineUtilsThread] INFO  pipeline.PipelineStateManager (PipelineStateManager.java:addPipeline(56)) - Created pipeline Pipeline[ Id: 4b0214dc-2ce5-4929-b238-44d54f6d1432, Nodes: 2e2a41db-3d1f-4483-92cc-510291bd68f3{ip: 192.168.151.66, host: pr-hdds-2175-t596l-953197546, networkLocation: /default-rack, certSerialId: null}, Type:RATIS, Factor:ONE, State:OPEN]
2019-09-25 12:47:44,105 [grpc-default-executor-7] INFO  impl.RaftServerProxy (RaftServerProxy.java:addNew(89)) - 36c91996-c5f7-4a90-94d5-6233d5d955ee: addNew group-1B1B0E6C7CC2:[36c91996-c5f7-4a90-94d5-6233d5d955ee:192.168.151.66:33656] returns group-1B1B0E6C7CC2:java.util.concurrent.CompletableFuture@43e17d0f[Not completed]
2019-09-25 12:47:44,106 [pool-429-thread-1] INFO  impl.RaftServerImpl (RaftServerImpl.java:<init>(95)) - 36c91996-c5f7-4a90-94d5-6233d5d955ee: new RaftServerImpl for group-1B1B0E6C7CC2:[36c91996-c5f7-4a90-94d5-6233d5d955ee:192.168.151.66:33656] with ContainerStateMachine:uninitialized
2019-09-25 12:47:44,106 [pool-429-thread-1] INFO  server.RaftServerConfigKeys (ConfUtils.java:logGet(43)) - raft.server.rpc.timeout.min = 5s (custom)
2019-09-25 12:47:44,107 [pool-429-thread-1] INFO  server.RaftServerConfigKeys (ConfUtils.java:logGet(43)) - raft.server.rpc.timeout.max = 5200ms (custom)
2019-09-25 12:47:44,107 [pool-429-thread-1] INFO  server.RaftServerConfigKeys (ConfUtils.java:logGet(43)) - raft.server.rpcslowness.timeout = 120s (custom)
2019-09-25 12:47:44,107 [pool-429-thread-1] INFO  server.RaftServerConfigKeys (ConfUtils.java:logGet(43)) - raft.server.sleep.deviation.threshold = 300 (default)
2019-09-25 12:47:44,107 [pool-429-thread-1] INFO  server.RaftServerConfigKeys (ConfUtils.java:logGet(43)) - raft.server.log.appender.install.snapshot.enabled = false (custom)
2019-09-25 12:47:44,107 [pool-429-thread-1] INFO  impl.RaftServerImpl (ServerState.java:<init>(103)) - 36c91996-c5f7-4a90-94d5-6233d5d955ee@group-1B1B0E6C7CC2: ConfigurationManager, init=-1: [36c91996-c5f7-4a90-94d5-6233d5d955ee:192.168.151.66:33656], old=null, confs=<EMPTY_MAP>
2019-09-25 12:47:44,107 [pool-429-thread-1] INFO  server.RaftServerConfigKeys (ConfUtils.java:logGet(43)) - raft.server.storage.dir = [/workdir/hadoop-ozone/integration-test/target/test-dir/MiniOzoneClusterImpl-a05466a5-072a-4920-8d71-d5d6ba4ffade/datanode-2/data/ratis] (custom)
2019-09-25 12:47:44,107 [pool-429-thread-1] INFO  storage.RaftStorageDirectory (RaftStorageDirectory.java:analyzeStorage(246)) - The storage directory /workdir/hadoop-ozone/integration-test/target/test-dir/MiniOzoneClusterImpl-a05466a5-072a-4920-8d71-d5d6ba4ffade/datanode-2/data/ratis/6ca8b6fc-6701-4da8-9ba3-1b1b0e6c7cc2 does not exist. Creating ...
2019-09-25 12:47:44,119 [pool-429-thread-1] INFO  storage.RaftStorageDirectory (RaftStorageDirectory.java:tryLock(328)) - Lock on /workdir/hadoop-ozone/integration-test/target/test-dir/MiniOzoneClusterImpl-a05466a5-072a-4920-8d71-d5d6ba4ffade/datanode-2/data/ratis/6ca8b6fc-6701-4da8-9ba3-1b1b0e6c7cc2/in_use.lock acquired by nodename 19101@pr-hdds-2175-t596l-953197546
2019-09-25 12:47:44,132 [pool-429-thread-1] INFO  storage.RaftStorage (RaftStorage.java:format(72)) - Storage directory /workdir/hadoop-ozone/integration-test/target/test-dir/MiniOzoneClusterImpl-a05466a5-072a-4920-8d71-d5d6ba4ffade/datanode-2/data/ratis/6ca8b6fc-6701-4da8-9ba3-1b1b0e6c7cc2 has been successfully formatted.
2019-09-25 12:47:44,132 [pool-429-thread-1] INFO  ratis.ContainerStateMachine (ContainerStateMachine.java:loadSnapshot(230)) - group-1B1B0E6C7CC2: The snapshot info is null. Setting the last applied indexto:(t:0, i:~)
2019-09-25 12:47:44,132 [pool-429-thread-1] INFO  server.RaftServerConfigKeys (ConfUtils.java:logGet(43)) - raft.server.notification.no-leader.timeout = 120s (custom)
2019-09-25 12:47:44,132 [pool-429-thread-1] INFO  server.RaftServerConfigKeys (ConfUtils.java:logGet(43)) - raft.server.log.use.memory = false (default)
2019-09-25 12:47:44,132 [pool-429-thread-1] INFO  server.RaftServerConfigKeys (ConfUtils.java:logGet(43)) - raft.server.log.purge.gap = 1000000 (custom)
2019-09-25 12:47:44,132 [pool-429-thread-1] INFO  server.RaftServerConfigKeys (ConfUtils.java:logGet(43)) - raft.server.log.appender.buffer.byte-limit = 33554432 (custom)
2019-09-25 12:47:44,132 [pool-429-thread-1] INFO  server.RaftServerConfigKeys (ConfUtils.java:logGet(43)) - raft.server.log.segment.size.max = 1048576 (custom)
2019-09-25 12:47:44,132 [pool-429-thread-1] INFO  server.RaftServerConfigKeys (ConfUtils.java:logGet(43)) - raft.server.log.segment.cache.num.max = 2 (custom)
2019-09-25 12:47:44,132 [pool-429-thread-1] INFO  segmented.SegmentedRaftLogWorker (SegmentedRaftLogWorker.java:<init>(172)) - new 36c91996-c5f7-4a90-94d5-6233d5d955ee@group-1B1B0E6C7CC2-SegmentedRaftLogWorker for RaftStorage:Storage Directory /workdir/hadoop-ozone/integration-test/target/test-dir/MiniOzoneClusterImpl-a05466a5-072a-4920-8d71-d5d6ba4ffade/datanode-2/data/ratis/6ca8b6fc-6701-4da8-9ba3-1b1b0e6c7cc2
2019-09-25 12:47:44,134 [pool-429-thread-1] INFO  server.RaftServerConfigKeys (ConfUtils.java:logGet(43)) - raft.server.log.queue.byte-limit = 2147483647 (custom)
2019-09-25 12:47:44,134 [pool-429-thread-1] INFO  server.RaftServerConfigKeys (ConfUtils.java:logGet(43)) - raft.server.log.queue.element-limit = 1024 (custom)
2019-09-25 12:47:44,134 [pool-429-thread-1] INFO  server.RaftServerConfigKeys (ConfUtils.java:logGet(43)) - raft.server.log.segment.size.max = 1048576 (custom)
2019-09-25 12:47:44,134 [pool-429-thread-1] INFO  server.RaftServerConfigKeys (ConfUtils.java:logGet(43)) - raft.server.log.preallocated.size = 16384 (custom)
2019-09-25 12:47:44,134 [pool-429-thread-1] INFO  server.RaftServerConfigKeys (ConfUtils.java:logGet(43)) - raft.server.log.write.buffer.size = 33554432 (custom)
2019-09-25 12:47:44,134 [pool-429-thread-1] INFO  server.RaftServerConfigKeys (ConfUtils.java:logGet(43)) - raft.server.log.force.sync.num = 128 (default)
2019-09-25 12:47:44,134 [pool-429-thread-1] INFO  server.RaftServerConfigKeys (ConfUtils.java:logGet(43)) - raft.server.log.statemachine.data.sync = true (default)
2019-09-25 12:47:44,135 [pool-429-thread-1] INFO  server.RaftServerConfigKeys (ConfUtils.java:logGet(43)) - raft.server.log.statemachine.data.sync.timeout = 10s (default)
2019-09-25 12:47:44,135 [pool-429-thread-1] INFO  server.RaftServerConfigKeys (ConfUtils.java:logGet(43)) - raft.server.log.statemachine.data.sync.timeout.retry = -1 (default)
2019-09-25 12:47:44,135 [pool-429-thread-1] INFO  server.RaftServerConfigKeys (ConfUtils.java:logGet(43)) - raft.server.log.statemachine.data.caching.enabled = true (custom)
2019-09-25 12:47:44,135 [pool-429-thread-1] INFO  segmented.SegmentedRaftLogWorker (SegmentedRaftLogWorker.java:lambda$new$0(132)) - 36c91996-c5f7-4a90-94d5-6233d5d955ee@group-1B1B0E6C7CC2-SegmentedRaftLogWorker: flushIndex: setUnconditionally 0 -> -1
2019-09-25 12:47:44,135 [pool-429-thread-1] INFO  server.RaftServerConfigKeys (ConfUtils.java:logGet(43)) - raft.server.snapshot.auto.trigger.enabled = true (custom)
2019-09-25 12:47:44,135 [pool-429-thread-1] INFO  server.RaftServerConfigKeys (ConfUtils.java:logGet(43)) - raft.server.snapshot.auto.trigger.threshold = 10000 (custom)
2019-09-25 12:47:44,136 [pool-429-thread-1] INFO  server.RaftServerConfigKeys (ConfUtils.java:logGet(43)) - raft.server.snapshot.retention.num.files = 5 (custom)
2019-09-25 12:47:44,136 [pool-429-thread-1] INFO  server.RaftServerConfigKeys (ConfUtils.java:logGet(43)) - raft.server.retrycache.expirytime = 600000ms (custom)
2019-09-25 12:47:44,137 [pool-429-thread-1] INFO  impl.RaftServerImpl (RaftServerImpl.java:start(185)) - 36c91996-c5f7-4a90-94d5-6233d5d955ee@group-1B1B0E6C7CC2: start as a follower, conf=-1: [36c91996-c5f7-4a90-94d5-6233d5d955ee:192.168.151.66:33656], old=null
2019-09-25 12:47:44,138 [pool-429-thread-1] INFO  impl.RaftServerImpl (RaftServerImpl.java:setRole(174)) - 36c91996-c5f7-4a90-94d5-6233d5d955ee@group-1B1B0E6C7CC2: changes role from      null to FOLLOWER at term 0 for startAsFollower
2019-09-25 12:47:44,138 [pool-429-thread-1] INFO  impl.RoleInfo (RoleInfo.java:updateAndGet(143)) - 36c91996-c5f7-4a90-94d5-6233d5d955ee: start FollowerState
2019-09-25 12:47:44,138 [pool-429-thread-1] INFO  util.JmxRegister (JmxRegister.java:tryRegister(44)) - Successfully registered JMX Bean with object name Ratis:service=RaftServer,group=group-1B1B0E6C7CC2,id=36c91996-c5f7-4a90-94d5-6233d5d955ee
2019-09-25 12:47:44,138 [IPC Server handler 5 on 45997] INFO  net.NetworkTopology (NetworkTopologyImpl.java:add(111)) - Added a new node: /default-rack/8cac1812-c792-42d2-8f80-be30857055bc
2019-09-25 12:47:44,138 [IPC Server handler 5 on 45997] INFO  node.SCMNodeManager (SCMNodeManager.java:register(266)) - Registered Data node : 8cac1812-c792-42d2-8f80-be30857055bc{ip: 192.168.151.66, host: pr-hdds-2175-t596l-953197546, networkLocation: /default-rack, certSerialId: null}
2019-09-25 12:47:44,140 [RatisPipelineUtilsThread] INFO  pipeline.PipelineStateManager (PipelineStateManager.java:addPipeline(56)) - Created pipeline Pipeline[ Id: 6ca8b6fc-6701-4da8-9ba3-1b1b0e6c7cc2, Nodes: 36c91996-c5f7-4a90-94d5-6233d5d955ee{ip: 192.168.151.66, host: pr-hdds-2175-t596l-953197546, networkLocation: /default-rack, certSerialId: null}, Type:RATIS, Factor:ONE, State:OPEN]
2019-09-25 12:47:44,147 [grpc-default-executor-7] INFO  impl.RaftServerProxy (RaftServerProxy.java:addNew(89)) - 8cac1812-c792-42d2-8f80-be30857055bc: addNew group-0F52DD4D75A6:[8cac1812-c792-42d2-8f80-be30857055bc:192.168.151.66:37923] returns group-0F52DD4D75A6:java.util.concurrent.CompletableFuture@45b27a78[Not completed]
2019-09-25 12:47:44,148 [pool-439-thread-1] INFO  impl.RaftServerImpl (RaftServerImpl.java:<init>(95)) - 8cac1812-c792-42d2-8f80-be30857055bc: new RaftServerImpl for group-0F52DD4D75A6:[8cac1812-c792-42d2-8f80-be30857055bc:192.168.151.66:37923] with ContainerStateMachine:uninitialized
2019-09-25 12:47:44,148 [pool-439-thread-1] INFO  server.RaftServerConfigKeys (ConfUtils.java:logGet(43)) - raft.server.rpc.timeout.min = 5s (custom)
2019-09-25 12:47:44,148 [pool-439-thread-1] INFO  server.RaftServerConfigKeys (ConfUtils.java:logGet(43)) - raft.server.rpc.timeout.max = 5200ms (custom)
2019-09-25 12:47:44,148 [pool-439-thread-1] INFO  server.RaftServerConfigKeys (ConfUtils.java:logGet(43)) - raft.server.rpcslowness.timeout = 120s (custom)
2019-09-25 12:47:44,148 [pool-439-thread-1] INFO  server.RaftServerConfigKeys (ConfUtils.java:logGet(43)) - raft.server.sleep.deviation.threshold = 300 (default)
2019-09-25 12:47:44,149 [pool-439-thread-1] INFO  server.RaftServerConfigKeys (ConfUtils.java:logGet(43)) - raft.server.log.appender.install.snapshot.enabled = false (custom)
2019-09-25 12:47:44,149 [pool-439-thread-1] INFO  impl.RaftServerImpl (ServerState.java:<init>(103)) - 8cac1812-c792-42d2-8f80-be30857055bc@group-0F52DD4D75A6: ConfigurationManager, init=-1: [8cac1812-c792-42d2-8f80-be30857055bc:192.168.151.66:37923], old=null, confs=<EMPTY_MAP>
2019-09-25 12:47:44,149 [pool-439-thread-1] INFO  server.RaftServerConfigKeys (ConfUtils.java:logGet(43)) - raft.server.storage.dir = [/workdir/hadoop-ozone/integration-test/target/test-dir/MiniOzoneClusterImpl-a05466a5-072a-4920-8d71-d5d6ba4ffade/datanode-3/data/ratis] (custom)
2019-09-25 12:47:44,149 [pool-439-thread-1] INFO  storage.RaftStorageDirectory (RaftStorageDirectory.java:analyzeStorage(246)) - The storage directory /workdir/hadoop-ozone/integration-test/target/test-dir/MiniOzoneClusterImpl-a05466a5-072a-4920-8d71-d5d6ba4ffade/datanode-3/data/ratis/be954661-77d1-48ed-ab81-0f52dd4d75a6 does not exist. Creating ...
2019-09-25 12:47:44,174 [pool-439-thread-1] INFO  storage.RaftStorageDirectory (RaftStorageDirectory.java:tryLock(328)) - Lock on /workdir/hadoop-ozone/integration-test/target/test-dir/MiniOzoneClusterImpl-a05466a5-072a-4920-8d71-d5d6ba4ffade/datanode-3/data/ratis/be954661-77d1-48ed-ab81-0f52dd4d75a6/in_use.lock acquired by nodename 19101@pr-hdds-2175-t596l-953197546
2019-09-25 12:47:44,198 [pool-439-thread-1] INFO  storage.RaftStorage (RaftStorage.java:format(72)) - Storage directory /workdir/hadoop-ozone/integration-test/target/test-dir/MiniOzoneClusterImpl-a05466a5-072a-4920-8d71-d5d6ba4ffade/datanode-3/data/ratis/be954661-77d1-48ed-ab81-0f52dd4d75a6 has been successfully formatted.
2019-09-25 12:47:44,199 [pool-439-thread-1] INFO  ratis.ContainerStateMachine (ContainerStateMachine.java:loadSnapshot(230)) - group-0F52DD4D75A6: The snapshot info is null. Setting the last applied indexto:(t:0, i:~)
2019-09-25 12:47:44,199 [pool-439-thread-1] INFO  server.RaftServerConfigKeys (ConfUtils.java:logGet(43)) - raft.server.notification.no-leader.timeout = 120s (custom)
2019-09-25 12:47:44,199 [pool-439-thread-1] INFO  server.RaftServerConfigKeys (ConfUtils.java:logGet(43)) - raft.server.log.use.memory = false (default)
2019-09-25 12:47:44,199 [pool-439-thread-1] INFO  server.RaftServerConfigKeys (ConfUtils.java:logGet(43)) - raft.server.log.purge.gap = 1000000 (custom)
2019-09-25 12:47:44,199 [pool-439-thread-1] INFO  server.RaftServerConfigKeys (ConfUtils.java:logGet(43)) - raft.server.log.appender.buffer.byte-limit = 33554432 (custom)
2019-09-25 12:47:44,200 [pool-439-thread-1] INFO  server.RaftServerConfigKeys (ConfUtils.java:logGet(43)) - raft.server.log.segment.size.max = 1048576 (custom)
2019-09-25 12:47:44,200 [pool-439-thread-1] INFO  server.RaftServerConfigKeys (ConfUtils.java:logGet(43)) - raft.server.log.segment.cache.num.max = 2 (custom)
2019-09-25 12:47:44,200 [pool-439-thread-1] INFO  segmented.SegmentedRaftLogWorker (SegmentedRaftLogWorker.java:<init>(172)) - new 8cac1812-c792-42d2-8f80-be30857055bc@group-0F52DD4D75A6-SegmentedRaftLogWorker for RaftStorage:Storage Directory /workdir/hadoop-ozone/integration-test/target/test-dir/MiniOzoneClusterImpl-a05466a5-072a-4920-8d71-d5d6ba4ffade/datanode-3/data/ratis/be954661-77d1-48ed-ab81-0f52dd4d75a6
2019-09-25 12:47:44,201 [IPC Server handler 7 on 45997] INFO  net.NetworkTopology (NetworkTopologyImpl.java:add(111)) - Added a new node: /default-rack/748828df-30b0-4015-b75f-dfc54b2a2355
2019-09-25 12:47:44,201 [IPC Server handler 7 on 45997] INFO  node.SCMNodeManager (SCMNodeManager.java:register(266)) - Registered Data node : 748828df-30b0-4015-b75f-dfc54b2a2355{ip: 192.168.151.66, host: pr-hdds-2175-t596l-953197546, networkLocation: /default-rack, certSerialId: null}
2019-09-25 12:47:44,202 [pool-439-thread-1] INFO  server.RaftServerConfigKeys (ConfUtils.java:logGet(43)) - raft.server.log.queue.byte-limit = 2147483647 (custom)
2019-09-25 12:47:44,202 [pool-439-thread-1] INFO  server.RaftServerConfigKeys (ConfUtils.java:logGet(43)) - raft.server.log.queue.element-limit = 1024 (custom)
2019-09-25 12:47:44,203 [pool-439-thread-1] INFO  server.RaftServerConfigKeys (ConfUtils.java:logGet(43)) - raft.server.log.segment.size.max = 1048576 (custom)
2019-09-25 12:47:44,203 [pool-439-thread-1] INFO  server.RaftServerConfigKeys (ConfUtils.java:logGet(43)) - raft.server.log.preallocated.size = 16384 (custom)
2019-09-25 12:47:44,203 [pool-439-thread-1] INFO  server.RaftServerConfigKeys (ConfUtils.java:logGet(43)) - raft.server.log.write.buffer.size = 33554432 (custom)
2019-09-25 12:47:44,203 [pool-439-thread-1] INFO  server.RaftServerConfigKeys (ConfUtils.java:logGet(43)) - raft.server.log.force.sync.num = 128 (default)
2019-09-25 12:47:44,203 [pool-439-thread-1] INFO  server.RaftServerConfigKeys (ConfUtils.java:logGet(43)) - raft.server.log.statemachine.data.sync = true (default)
2019-09-25 12:47:44,203 [pool-439-thread-1] INFO  server.RaftServerConfigKeys (ConfUtils.java:logGet(43)) - raft.server.log.statemachine.data.sync.timeout = 10s (default)
2019-09-25 12:47:44,204 [pool-439-thread-1] INFO  server.RaftServerConfigKeys (ConfUtils.java:logGet(43)) - raft.server.log.statemachine.data.sync.timeout.retry = -1 (default)
2019-09-25 12:47:44,204 [pool-439-thread-1] INFO  server.RaftServerConfigKeys (ConfUtils.java:logGet(43)) - raft.server.log.statemachine.data.caching.enabled = true (custom)
2019-09-25 12:47:44,204 [pool-439-thread-1] INFO  segmented.SegmentedRaftLogWorker (SegmentedRaftLogWorker.java:lambda$new$0(132)) - 8cac1812-c792-42d2-8f80-be30857055bc@group-0F52DD4D75A6-SegmentedRaftLogWorker: flushIndex: setUnconditionally 0 -> -1
2019-09-25 12:47:44,205 [pool-439-thread-1] INFO  server.RaftServerConfigKeys (ConfUtils.java:logGet(43)) - raft.server.snapshot.auto.trigger.enabled = true (custom)
2019-09-25 12:47:44,205 [pool-439-thread-1] INFO  server.RaftServerConfigKeys (ConfUtils.java:logGet(43)) - raft.server.snapshot.auto.trigger.threshold = 10000 (custom)
2019-09-25 12:47:44,205 [pool-439-thread-1] INFO  server.RaftServerConfigKeys (ConfUtils.java:logGet(43)) - raft.server.snapshot.retention.num.files = 5 (custom)
2019-09-25 12:47:44,205 [pool-439-thread-1] INFO  server.RaftServerConfigKeys (ConfUtils.java:logGet(43)) - raft.server.retrycache.expirytime = 600000ms (custom)
2019-09-25 12:47:44,207 [pool-439-thread-1] INFO  impl.RaftServerImpl (RaftServerImpl.java:start(185)) - 8cac1812-c792-42d2-8f80-be30857055bc@group-0F52DD4D75A6: start as a follower, conf=-1: [8cac1812-c792-42d2-8f80-be30857055bc:192.168.151.66:37923], old=null
2019-09-25 12:47:44,208 [pool-439-thread-1] INFO  impl.RaftServerImpl (RaftServerImpl.java:setRole(174)) - 8cac1812-c792-42d2-8f80-be30857055bc@group-0F52DD4D75A6: changes role from      null to FOLLOWER at term 0 for startAsFollower
2019-09-25 12:47:44,208 [pool-439-thread-1] INFO  impl.RoleInfo (RoleInfo.java:updateAndGet(143)) - 8cac1812-c792-42d2-8f80-be30857055bc: start FollowerState
2019-09-25 12:47:44,225 [pool-439-thread-1] INFO  util.JmxRegister (JmxRegister.java:tryRegister(44)) - Successfully registered JMX Bean with object name Ratis:service=RaftServer,group=group-0F52DD4D75A6,id=8cac1812-c792-42d2-8f80-be30857055bc
2019-09-25 12:47:44,235 [RatisPipelineUtilsThread] INFO  pipeline.PipelineStateManager (PipelineStateManager.java:addPipeline(56)) - Created pipeline Pipeline[ Id: be954661-77d1-48ed-ab81-0f52dd4d75a6, Nodes: 8cac1812-c792-42d2-8f80-be30857055bc{ip: 192.168.151.66, host: pr-hdds-2175-t596l-953197546, networkLocation: /default-rack, certSerialId: null}, Type:RATIS, Factor:ONE, State:OPEN]
2019-09-25 12:47:44,242 [grpc-default-executor-7] INFO  impl.RaftServerProxy (RaftServerProxy.java:addNew(89)) - 748828df-30b0-4015-b75f-dfc54b2a2355: addNew group-8BA63A0E8B8C:[748828df-30b0-4015-b75f-dfc54b2a2355:192.168.151.66:33780] returns group-8BA63A0E8B8C:java.util.concurrent.CompletableFuture@2fdd688f[Not completed]
2019-09-25 12:47:44,243 [pool-449-thread-1] INFO  impl.RaftServerImpl (RaftServerImpl.java:<init>(95)) - 748828df-30b0-4015-b75f-dfc54b2a2355: new RaftServerImpl for group-8BA63A0E8B8C:[748828df-30b0-4015-b75f-dfc54b2a2355:192.168.151.66:33780] with ContainerStateMachine:uninitialized
2019-09-25 12:47:44,243 [pool-449-thread-1] INFO  server.RaftServerConfigKeys (ConfUtils.java:logGet(43)) - raft.server.rpc.timeout.min = 5s (custom)
2019-09-25 12:47:44,243 [pool-449-thread-1] INFO  server.RaftServerConfigKeys (ConfUtils.java:logGet(43)) - raft.server.rpc.timeout.max = 5200ms (custom)
2019-09-25 12:47:44,243 [pool-449-thread-1] INFO  server.RaftServerConfigKeys (ConfUtils.java:logGet(43)) - raft.server.rpcslowness.timeout = 120s (custom)
2019-09-25 12:47:44,243 [pool-449-thread-1] INFO  server.RaftServerConfigKeys (ConfUtils.java:logGet(43)) - raft.server.sleep.deviation.threshold = 300 (default)
2019-09-25 12:47:44,243 [pool-449-thread-1] INFO  server.RaftServerConfigKeys (ConfUtils.java:logGet(43)) - raft.server.log.appender.install.snapshot.enabled = false (custom)
2019-09-25 12:47:44,243 [pool-449-thread-1] INFO  impl.RaftServerImpl (ServerState.java:<init>(103)) - 748828df-30b0-4015-b75f-dfc54b2a2355@group-8BA63A0E8B8C: ConfigurationManager, init=-1: [748828df-30b0-4015-b75f-dfc54b2a2355:192.168.151.66:33780], old=null, confs=<EMPTY_MAP>
2019-09-25 12:47:44,244 [pool-449-thread-1] INFO  server.RaftServerConfigKeys (ConfUtils.java:logGet(43)) - raft.server.storage.dir = [/workdir/hadoop-ozone/integration-test/target/test-dir/MiniOzoneClusterImpl-a05466a5-072a-4920-8d71-d5d6ba4ffade/datanode-4/data/ratis] (custom)
2019-09-25 12:47:44,244 [pool-449-thread-1] INFO  storage.RaftStorageDirectory (RaftStorageDirectory.java:analyzeStorage(246)) - The storage directory /workdir/hadoop-ozone/integration-test/target/test-dir/MiniOzoneClusterImpl-a05466a5-072a-4920-8d71-d5d6ba4ffade/datanode-4/data/ratis/1bbc30f4-b5f2-4a9f-83a6-8ba63a0e8b8c does not exist. Creating ...
2019-09-25 12:47:44,259 [pool-449-thread-1] INFO  storage.RaftStorageDirectory (RaftStorageDirectory.java:tryLock(328)) - Lock on /workdir/hadoop-ozone/integration-test/target/test-dir/MiniOzoneClusterImpl-a05466a5-072a-4920-8d71-d5d6ba4ffade/datanode-4/data/ratis/1bbc30f4-b5f2-4a9f-83a6-8ba63a0e8b8c/in_use.lock acquired by nodename 19101@pr-hdds-2175-t596l-953197546
2019-09-25 12:47:44,263 [pool-449-thread-1] INFO  storage.RaftStorage (RaftStorage.java:format(72)) - Storage directory /workdir/hadoop-ozone/integration-test/target/test-dir/MiniOzoneClusterImpl-a05466a5-072a-4920-8d71-d5d6ba4ffade/datanode-4/data/ratis/1bbc30f4-b5f2-4a9f-83a6-8ba63a0e8b8c has been successfully formatted.
2019-09-25 12:47:44,264 [pool-449-thread-1] INFO  ratis.ContainerStateMachine (ContainerStateMachine.java:loadSnapshot(230)) - group-8BA63A0E8B8C: The snapshot info is null. Setting the last applied indexto:(t:0, i:~)
2019-09-25 12:47:44,264 [pool-449-thread-1] INFO  server.RaftServerConfigKeys (ConfUtils.java:logGet(43)) - raft.server.notification.no-leader.timeout = 120s (custom)
2019-09-25 12:47:44,264 [pool-449-thread-1] INFO  server.RaftServerConfigKeys (ConfUtils.java:logGet(43)) - raft.server.log.use.memory = false (default)
2019-09-25 12:47:44,264 [IPC Server handler 6 on 45997] INFO  net.NetworkTopology (NetworkTopologyImpl.java:add(111)) - Added a new node: /default-rack/3c2cd309-f96b-4683-9e8f-90e33ab63894
2019-09-25 12:47:44,264 [pool-449-thread-1] INFO  server.RaftServerConfigKeys (ConfUtils.java:logGet(43)) - raft.server.log.purge.gap = 1000000 (custom)
2019-09-25 12:47:44,264 [IPC Server handler 6 on 45997] INFO  node.SCMNodeManager (SCMNodeManager.java:register(266)) - Registered Data node : 3c2cd309-f96b-4683-9e8f-90e33ab63894{ip: 192.168.151.66, host: pr-hdds-2175-t596l-953197546, networkLocation: /default-rack, certSerialId: null}
2019-09-25 12:47:44,265 [pool-449-thread-1] INFO  server.RaftServerConfigKeys (ConfUtils.java:logGet(43)) - raft.server.log.appender.buffer.byte-limit = 33554432 (custom)
2019-09-25 12:47:44,265 [pool-449-thread-1] INFO  server.RaftServerConfigKeys (ConfUtils.java:logGet(43)) - raft.server.log.segment.size.max = 1048576 (custom)
2019-09-25 12:47:44,265 [pool-449-thread-1] INFO  server.RaftServerConfigKeys (ConfUtils.java:logGet(43)) - raft.server.log.segment.cache.num.max = 2 (custom)
2019-09-25 12:47:44,265 [pool-449-thread-1] INFO  segmented.SegmentedRaftLogWorker (SegmentedRaftLogWorker.java:<init>(172)) - new 748828df-30b0-4015-b75f-dfc54b2a2355@group-8BA63A0E8B8C-SegmentedRaftLogWorker for RaftStorage:Storage Directory /workdir/hadoop-ozone/integration-test/target/test-dir/MiniOzoneClusterImpl-a05466a5-072a-4920-8d71-d5d6ba4ffade/datanode-4/data/ratis/1bbc30f4-b5f2-4a9f-83a6-8ba63a0e8b8c
2019-09-25 12:47:44,267 [pool-449-thread-1] INFO  server.RaftServerConfigKeys (ConfUtils.java:logGet(43)) - raft.server.log.queue.byte-limit = 2147483647 (custom)
2019-09-25 12:47:44,267 [pool-449-thread-1] INFO  server.RaftServerConfigKeys (ConfUtils.java:logGet(43)) - raft.server.log.queue.element-limit = 1024 (custom)
2019-09-25 12:47:44,268 [pool-449-thread-1] INFO  server.RaftServerConfigKeys (ConfUtils.java:logGet(43)) - raft.server.log.segment.size.max = 1048576 (custom)
2019-09-25 12:47:44,268 [pool-449-thread-1] INFO  server.RaftServerConfigKeys (ConfUtils.java:logGet(43)) - raft.server.log.preallocated.size = 16384 (custom)
2019-09-25 12:47:44,268 [pool-449-thread-1] INFO  server.RaftServerConfigKeys (ConfUtils.java:logGet(43)) - raft.server.log.write.buffer.size = 33554432 (custom)
2019-09-25 12:47:44,268 [pool-449-thread-1] INFO  server.RaftServerConfigKeys (ConfUtils.java:logGet(43)) - raft.server.log.force.sync.num = 128 (default)
2019-09-25 12:47:44,268 [pool-449-thread-1] INFO  server.RaftServerConfigKeys (ConfUtils.java:logGet(43)) - raft.server.log.statemachine.data.sync = true (default)
2019-09-25 12:47:44,268 [pool-449-thread-1] INFO  server.RaftServerConfigKeys (ConfUtils.java:logGet(43)) - raft.server.log.statemachine.data.sync.timeout = 10s (default)
2019-09-25 12:47:44,268 [pool-449-thread-1] INFO  server.RaftServerConfigKeys (ConfUtils.java:logGet(43)) - raft.server.log.statemachine.data.sync.timeout.retry = -1 (default)
2019-09-25 12:47:44,269 [pool-449-thread-1] INFO  server.RaftServerConfigKeys (ConfUtils.java:logGet(43)) - raft.server.log.statemachine.data.caching.enabled = true (custom)
2019-09-25 12:47:44,269 [pool-449-thread-1] INFO  segmented.SegmentedRaftLogWorker (SegmentedRaftLogWorker.java:lambda$new$0(132)) - 748828df-30b0-4015-b75f-dfc54b2a2355@group-8BA63A0E8B8C-SegmentedRaftLogWorker: flushIndex: setUnconditionally 0 -> -1
2019-09-25 12:47:44,269 [pool-449-thread-1] INFO  server.RaftServerConfigKeys (ConfUtils.java:logGet(43)) - raft.server.snapshot.auto.trigger.enabled = true (custom)
2019-09-25 12:47:44,270 [pool-449-thread-1] INFO  server.RaftServerConfigKeys (ConfUtils.java:logGet(43)) - raft.server.snapshot.auto.trigger.threshold = 10000 (custom)
2019-09-25 12:47:44,270 [pool-449-thread-1] INFO  server.RaftServerConfigKeys (ConfUtils.java:logGet(43)) - raft.server.snapshot.retention.num.files = 5 (custom)
2019-09-25 12:47:44,270 [pool-449-thread-1] INFO  server.RaftServerConfigKeys (ConfUtils.java:logGet(43)) - raft.server.retrycache.expirytime = 600000ms (custom)
2019-09-25 12:47:44,272 [pool-449-thread-1] INFO  impl.RaftServerImpl (RaftServerImpl.java:start(185)) - 748828df-30b0-4015-b75f-dfc54b2a2355@group-8BA63A0E8B8C: start as a follower, conf=-1: [748828df-30b0-4015-b75f-dfc54b2a2355:192.168.151.66:33780], old=null
2019-09-25 12:47:44,272 [pool-449-thread-1] INFO  impl.RaftServerImpl (RaftServerImpl.java:setRole(174)) - 748828df-30b0-4015-b75f-dfc54b2a2355@group-8BA63A0E8B8C: changes role from      null to FOLLOWER at term 0 for startAsFollower
2019-09-25 12:47:44,272 [pool-449-thread-1] INFO  impl.RoleInfo (RoleInfo.java:updateAndGet(143)) - 748828df-30b0-4015-b75f-dfc54b2a2355: start FollowerState
2019-09-25 12:47:44,272 [pool-449-thread-1] INFO  util.JmxRegister (JmxRegister.java:tryRegister(44)) - Successfully registered JMX Bean with object name Ratis:service=RaftServer,group=group-8BA63A0E8B8C,id=748828df-30b0-4015-b75f-dfc54b2a2355
2019-09-25 12:47:44,274 [RatisPipelineUtilsThread] INFO  pipeline.PipelineStateManager (PipelineStateManager.java:addPipeline(56)) - Created pipeline Pipeline[ Id: 1bbc30f4-b5f2-4a9f-83a6-8ba63a0e8b8c, Nodes: 748828df-30b0-4015-b75f-dfc54b2a2355{ip: 192.168.151.66, host: pr-hdds-2175-t596l-953197546, networkLocation: /default-rack, certSerialId: null}, Type:RATIS, Factor:ONE, State:OPEN]
2019-09-25 12:47:44,280 [grpc-default-executor-7] INFO  impl.RaftServerProxy (RaftServerProxy.java:addNew(89)) - 3c2cd309-f96b-4683-9e8f-90e33ab63894: addNew group-4C4F639FD5B4:[3c2cd309-f96b-4683-9e8f-90e33ab63894:192.168.151.66:46374] returns group-4C4F639FD5B4:java.util.concurrent.CompletableFuture@30ca6a56[Not completed]
2019-09-25 12:47:44,281 [pool-459-thread-1] INFO  impl.RaftServerImpl (RaftServerImpl.java:<init>(95)) - 3c2cd309-f96b-4683-9e8f-90e33ab63894: new RaftServerImpl for group-4C4F639FD5B4:[3c2cd309-f96b-4683-9e8f-90e33ab63894:192.168.151.66:46374] with ContainerStateMachine:uninitialized
2019-09-25 12:47:44,282 [pool-459-thread-1] INFO  server.RaftServerConfigKeys (ConfUtils.java:logGet(43)) - raft.server.rpc.timeout.min = 5s (custom)
2019-09-25 12:47:44,282 [pool-459-thread-1] INFO  server.RaftServerConfigKeys (ConfUtils.java:logGet(43)) - raft.server.rpc.timeout.max = 5200ms (custom)
2019-09-25 12:47:44,282 [pool-459-thread-1] INFO  server.RaftServerConfigKeys (ConfUtils.java:logGet(43)) - raft.server.rpcslowness.timeout = 120s (custom)
2019-09-25 12:47:44,282 [pool-459-thread-1] INFO  server.RaftServerConfigKeys (ConfUtils.java:logGet(43)) - raft.server.sleep.deviation.threshold = 300 (default)
2019-09-25 12:47:44,282 [pool-459-thread-1] INFO  server.RaftServerConfigKeys (ConfUtils.java:logGet(43)) - raft.server.log.appender.install.snapshot.enabled = false (custom)
2019-09-25 12:47:44,282 [pool-459-thread-1] INFO  impl.RaftServerImpl (ServerState.java:<init>(103)) - 3c2cd309-f96b-4683-9e8f-90e33ab63894@group-4C4F639FD5B4: ConfigurationManager, init=-1: [3c2cd309-f96b-4683-9e8f-90e33ab63894:192.168.151.66:46374], old=null, confs=<EMPTY_MAP>
2019-09-25 12:47:44,283 [pool-459-thread-1] INFO  server.RaftServerConfigKeys (ConfUtils.java:logGet(43)) - raft.server.storage.dir = [/workdir/hadoop-ozone/integration-test/target/test-dir/MiniOzoneClusterImpl-a05466a5-072a-4920-8d71-d5d6ba4ffade/datanode-5/data/ratis] (custom)
2019-09-25 12:47:44,283 [pool-459-thread-1] INFO  storage.RaftStorageDirectory (RaftStorageDirectory.java:analyzeStorage(246)) - The storage directory /workdir/hadoop-ozone/integration-test/target/test-dir/MiniOzoneClusterImpl-a05466a5-072a-4920-8d71-d5d6ba4ffade/datanode-5/data/ratis/1afdf2f4-c61c-401f-abf6-4c4f639fd5b4 does not exist. Creating ...
2019-09-25 12:47:44,307 [pool-459-thread-1] INFO  storage.RaftStorageDirectory (RaftStorageDirectory.java:tryLock(328)) - Lock on /workdir/hadoop-ozone/integration-test/target/test-dir/MiniOzoneClusterImpl-a05466a5-072a-4920-8d71-d5d6ba4ffade/datanode-5/data/ratis/1afdf2f4-c61c-401f-abf6-4c4f639fd5b4/in_use.lock acquired by nodename 19101@pr-hdds-2175-t596l-953197546
2019-09-25 12:47:44,311 [pool-459-thread-1] INFO  storage.RaftStorage (RaftStorage.java:format(72)) - Storage directory /workdir/hadoop-ozone/integration-test/target/test-dir/MiniOzoneClusterImpl-a05466a5-072a-4920-8d71-d5d6ba4ffade/datanode-5/data/ratis/1afdf2f4-c61c-401f-abf6-4c4f639fd5b4 has been successfully formatted.
2019-09-25 12:47:44,312 [pool-459-thread-1] INFO  ratis.ContainerStateMachine (ContainerStateMachine.java:loadSnapshot(230)) - group-4C4F639FD5B4: The snapshot info is null. Setting the last applied indexto:(t:0, i:~)
2019-09-25 12:47:44,312 [pool-459-thread-1] INFO  server.RaftServerConfigKeys (ConfUtils.java:logGet(43)) - raft.server.notification.no-leader.timeout = 120s (custom)
2019-09-25 12:47:44,312 [pool-459-thread-1] INFO  server.RaftServerConfigKeys (ConfUtils.java:logGet(43)) - raft.server.log.use.memory = false (default)
2019-09-25 12:47:44,312 [pool-459-thread-1] INFO  server.RaftServerConfigKeys (ConfUtils.java:logGet(43)) - raft.server.log.purge.gap = 1000000 (custom)
2019-09-25 12:47:44,312 [pool-459-thread-1] INFO  server.RaftServerConfigKeys (ConfUtils.java:logGet(43)) - raft.server.log.appender.buffer.byte-limit = 33554432 (custom)
2019-09-25 12:47:44,312 [pool-459-thread-1] INFO  server.RaftServerConfigKeys (ConfUtils.java:logGet(43)) - raft.server.log.segment.size.max = 1048576 (custom)
2019-09-25 12:47:44,312 [pool-459-thread-1] INFO  server.RaftServerConfigKeys (ConfUtils.java:logGet(43)) - raft.server.log.segment.cache.num.max = 2 (custom)
2019-09-25 12:47:44,312 [pool-459-thread-1] INFO  segmented.SegmentedRaftLogWorker (SegmentedRaftLogWorker.java:<init>(172)) - new 3c2cd309-f96b-4683-9e8f-90e33ab63894@group-4C4F639FD5B4-SegmentedRaftLogWorker for RaftStorage:Storage Directory /workdir/hadoop-ozone/integration-test/target/test-dir/MiniOzoneClusterImpl-a05466a5-072a-4920-8d71-d5d6ba4ffade/datanode-5/data/ratis/1afdf2f4-c61c-401f-abf6-4c4f639fd5b4
2019-09-25 12:47:44,314 [pool-459-thread-1] INFO  server.RaftServerConfigKeys (ConfUtils.java:logGet(43)) - raft.server.log.queue.byte-limit = 2147483647 (custom)
2019-09-25 12:47:44,314 [pool-459-thread-1] INFO  server.RaftServerConfigKeys (ConfUtils.java:logGet(43)) - raft.server.log.queue.element-limit = 1024 (custom)
2019-09-25 12:47:44,314 [pool-459-thread-1] INFO  server.RaftServerConfigKeys (ConfUtils.java:logGet(43)) - raft.server.log.segment.size.max = 1048576 (custom)
2019-09-25 12:47:44,314 [pool-459-thread-1] INFO  server.RaftServerConfigKeys (ConfUtils.java:logGet(43)) - raft.server.log.preallocated.size = 16384 (custom)
2019-09-25 12:47:44,314 [pool-459-thread-1] INFO  server.RaftServerConfigKeys (ConfUtils.java:logGet(43)) - raft.server.log.write.buffer.size = 33554432 (custom)
2019-09-25 12:47:44,314 [pool-459-thread-1] INFO  server.RaftServerConfigKeys (ConfUtils.java:logGet(43)) - raft.server.log.force.sync.num = 128 (default)
2019-09-25 12:47:44,314 [pool-459-thread-1] INFO  server.RaftServerConfigKeys (ConfUtils.java:logGet(43)) - raft.server.log.statemachine.data.sync = true (default)
2019-09-25 12:47:44,315 [pool-459-thread-1] INFO  server.RaftServerConfigKeys (ConfUtils.java:logGet(43)) - raft.server.log.statemachine.data.sync.timeout = 10s (default)
2019-09-25 12:47:44,315 [pool-459-thread-1] INFO  server.RaftServerConfigKeys (ConfUtils.java:logGet(43)) - raft.server.log.statemachine.data.sync.timeout.retry = -1 (default)
2019-09-25 12:47:44,315 [pool-459-thread-1] INFO  server.RaftServerConfigKeys (ConfUtils.java:logGet(43)) - raft.server.log.statemachine.data.caching.enabled = true (custom)
2019-09-25 12:47:44,315 [pool-459-thread-1] INFO  segmented.SegmentedRaftLogWorker (SegmentedRaftLogWorker.java:lambda$new$0(132)) - 3c2cd309-f96b-4683-9e8f-90e33ab63894@group-4C4F639FD5B4-SegmentedRaftLogWorker: flushIndex: setUnconditionally 0 -> -1
2019-09-25 12:47:44,315 [pool-459-thread-1] INFO  server.RaftServerConfigKeys (ConfUtils.java:logGet(43)) - raft.server.snapshot.auto.trigger.enabled = true (custom)
2019-09-25 12:47:44,315 [pool-459-thread-1] INFO  server.RaftServerConfigKeys (ConfUtils.java:logGet(43)) - raft.server.snapshot.auto.trigger.threshold = 10000 (custom)
2019-09-25 12:47:44,315 [pool-459-thread-1] INFO  server.RaftServerConfigKeys (ConfUtils.java:logGet(43)) - raft.server.snapshot.retention.num.files = 5 (custom)
2019-09-25 12:47:44,316 [pool-459-thread-1] INFO  server.RaftServerConfigKeys (ConfUtils.java:logGet(43)) - raft.server.retrycache.expirytime = 600000ms (custom)
2019-09-25 12:47:44,317 [pool-459-thread-1] INFO  impl.RaftServerImpl (RaftServerImpl.java:start(185)) - 3c2cd309-f96b-4683-9e8f-90e33ab63894@group-4C4F639FD5B4: start as a follower, conf=-1: [3c2cd309-f96b-4683-9e8f-90e33ab63894:192.168.151.66:46374], old=null
2019-09-25 12:47:44,317 [pool-459-thread-1] INFO  impl.RaftServerImpl (RaftServerImpl.java:setRole(174)) - 3c2cd309-f96b-4683-9e8f-90e33ab63894@group-4C4F639FD5B4: changes role from      null to FOLLOWER at term 0 for startAsFollower
2019-09-25 12:47:44,317 [pool-459-thread-1] INFO  impl.RoleInfo (RoleInfo.java:updateAndGet(143)) - 3c2cd309-f96b-4683-9e8f-90e33ab63894: start FollowerState
2019-09-25 12:47:44,318 [pool-459-thread-1] INFO  util.JmxRegister (JmxRegister.java:tryRegister(44)) - Successfully registered JMX Bean with object name Ratis:service=RaftServer,group=group-4C4F639FD5B4,id=3c2cd309-f96b-4683-9e8f-90e33ab63894
2019-09-25 12:47:44,320 [RatisPipelineUtilsThread] INFO  pipeline.PipelineStateManager (PipelineStateManager.java:addPipeline(56)) - Created pipeline Pipeline[ Id: 1afdf2f4-c61c-401f-abf6-4c4f639fd5b4, Nodes: 3c2cd309-f96b-4683-9e8f-90e33ab63894{ip: 192.168.151.66, host: pr-hdds-2175-t596l-953197546, networkLocation: /default-rack, certSerialId: null}, Type:RATIS, Factor:ONE, State:OPEN]
2019-09-25 12:47:44,327 [main] INFO  ozone.MiniOzoneClusterImpl (MiniOzoneClusterImpl.java:lambda$waitForClusterToBeReady$0(147)) - Waiting for cluster to be ready. Got 6 of 7 DN Heartbeats.
2019-09-25 12:47:44,330 [IPC Server handler 1 on 45997] INFO  net.NetworkTopology (NetworkTopologyImpl.java:add(111)) - Added a new node: /default-rack/4cc4b627-b178-49fa-865f-0d962778a832
2019-09-25 12:47:44,330 [IPC Server handler 1 on 45997] INFO  node.SCMNodeManager (SCMNodeManager.java:register(266)) - Registered Data node : 4cc4b627-b178-49fa-865f-0d962778a832{ip: 192.168.151.66, host: pr-hdds-2175-t596l-953197546, networkLocation: /default-rack, certSerialId: null}
2019-09-25 12:47:44,331 [grpc-default-executor-1] INFO  impl.RaftServerProxy (RaftServerProxy.java:addNew(89)) - 3c2cd309-f96b-4683-9e8f-90e33ab63894: addNew group-0E8147FB6048:[8cac1812-c792-42d2-8f80-be30857055bc:192.168.151.66:37923, 3c2cd309-f96b-4683-9e8f-90e33ab63894:192.168.151.66:46374, 748828df-30b0-4015-b75f-dfc54b2a2355:192.168.151.66:33780] returns group-0E8147FB6048:java.util.concurrent.CompletableFuture@23d8d690[Not completed]
2019-09-25 12:47:44,331 [grpc-default-executor-4] INFO  impl.RaftServerProxy (RaftServerProxy.java:addNew(89)) - 748828df-30b0-4015-b75f-dfc54b2a2355: addNew group-0E8147FB6048:[8cac1812-c792-42d2-8f80-be30857055bc:192.168.151.66:37923, 3c2cd309-f96b-4683-9e8f-90e33ab63894:192.168.151.66:46374, 748828df-30b0-4015-b75f-dfc54b2a2355:192.168.151.66:33780] returns group-0E8147FB6048:java.util.concurrent.CompletableFuture@634c0223[Not completed]
2019-09-25 12:47:44,332 [grpc-default-executor-4] INFO  impl.RaftServerProxy (RaftServerProxy.java:addNew(89)) - 8cac1812-c792-42d2-8f80-be30857055bc: addNew group-0E8147FB6048:[8cac1812-c792-42d2-8f80-be30857055bc:192.168.151.66:37923, 3c2cd309-f96b-4683-9e8f-90e33ab63894:192.168.151.66:46374, 748828df-30b0-4015-b75f-dfc54b2a2355:192.168.151.66:33780] returns group-0E8147FB6048:java.util.concurrent.CompletableFuture@605b11f1[Not completed]
2019-09-25 12:47:44,333 [pool-449-thread-1] INFO  impl.RaftServerImpl (RaftServerImpl.java:<init>(95)) - 748828df-30b0-4015-b75f-dfc54b2a2355: new RaftServerImpl for group-0E8147FB6048:[8cac1812-c792-42d2-8f80-be30857055bc:192.168.151.66:37923, 3c2cd309-f96b-4683-9e8f-90e33ab63894:192.168.151.66:46374, 748828df-30b0-4015-b75f-dfc54b2a2355:192.168.151.66:33780] with ContainerStateMachine:uninitialized
2019-09-25 12:47:44,333 [pool-449-thread-1] INFO  server.RaftServerConfigKeys (ConfUtils.java:logGet(43)) - raft.server.rpc.timeout.min = 5s (custom)
2019-09-25 12:47:44,333 [pool-449-thread-1] INFO  server.RaftServerConfigKeys (ConfUtils.java:logGet(43)) - raft.server.rpc.timeout.max = 5200ms (custom)
2019-09-25 12:47:44,333 [pool-449-thread-1] INFO  server.RaftServerConfigKeys (ConfUtils.java:logGet(43)) - raft.server.rpcslowness.timeout = 120s (custom)
2019-09-25 12:47:44,333 [pool-439-thread-1] INFO  impl.RaftServerImpl (RaftServerImpl.java:<init>(95)) - 8cac1812-c792-42d2-8f80-be30857055bc: new RaftServerImpl for group-0E8147FB6048:[8cac1812-c792-42d2-8f80-be30857055bc:192.168.151.66:37923, 3c2cd309-f96b-4683-9e8f-90e33ab63894:192.168.151.66:46374, 748828df-30b0-4015-b75f-dfc54b2a2355:192.168.151.66:33780] with ContainerStateMachine:uninitialized
2019-09-25 12:47:44,333 [pool-449-thread-1] INFO  server.RaftServerConfigKeys (ConfUtils.java:logGet(43)) - raft.server.sleep.deviation.threshold = 300 (default)
2019-09-25 12:47:44,333 [pool-439-thread-1] INFO  server.RaftServerConfigKeys (ConfUtils.java:logGet(43)) - raft.server.rpc.timeout.min = 5s (custom)
2019-09-25 12:47:44,334 [pool-449-thread-1] INFO  server.RaftServerConfigKeys (ConfUtils.java:logGet(43)) - raft.server.log.appender.install.snapshot.enabled = false (custom)
2019-09-25 12:47:44,334 [pool-459-thread-1] INFO  impl.RaftServerImpl (RaftServerImpl.java:<init>(95)) - 3c2cd309-f96b-4683-9e8f-90e33ab63894: new RaftServerImpl for group-0E8147FB6048:[8cac1812-c792-42d2-8f80-be30857055bc:192.168.151.66:37923, 3c2cd309-f96b-4683-9e8f-90e33ab63894:192.168.151.66:46374, 748828df-30b0-4015-b75f-dfc54b2a2355:192.168.151.66:33780] with ContainerStateMachine:uninitialized
2019-09-25 12:47:44,334 [pool-439-thread-1] INFO  server.RaftServerConfigKeys (ConfUtils.java:logGet(43)) - raft.server.rpc.timeout.max = 5200ms (custom)
2019-09-25 12:47:44,334 [pool-459-thread-1] INFO  server.RaftServerConfigKeys (ConfUtils.java:logGet(43)) - raft.server.rpc.timeout.min = 5s (custom)
2019-09-25 12:47:44,334 [pool-449-thread-1] INFO  impl.RaftServerImpl (ServerState.java:<init>(103)) - 748828df-30b0-4015-b75f-dfc54b2a2355@group-0E8147FB6048: ConfigurationManager, init=-1: [8cac1812-c792-42d2-8f80-be30857055bc:192.168.151.66:37923, 3c2cd309-f96b-4683-9e8f-90e33ab63894:192.168.151.66:46374, 748828df-30b0-4015-b75f-dfc54b2a2355:192.168.151.66:33780], old=null, confs=<EMPTY_MAP>
2019-09-25 12:47:44,334 [pool-459-thread-1] INFO  server.RaftServerConfigKeys (ConfUtils.java:logGet(43)) - raft.server.rpc.timeout.max = 5200ms (custom)
2019-09-25 12:47:44,334 [pool-449-thread-1] INFO  server.RaftServerConfigKeys (ConfUtils.java:logGet(43)) - raft.server.storage.dir = [/workdir/hadoop-ozone/integration-test/target/test-dir/MiniOzoneClusterImpl-a05466a5-072a-4920-8d71-d5d6ba4ffade/datanode-4/data/ratis] (custom)
2019-09-25 12:47:44,334 [pool-439-thread-1] INFO  server.RaftServerConfigKeys (ConfUtils.java:logGet(43)) - raft.server.rpcslowness.timeout = 120s (custom)
2019-09-25 12:47:44,334 [pool-459-thread-1] INFO  server.RaftServerConfigKeys (ConfUtils.java:logGet(43)) - raft.server.rpcslowness.timeout = 120s (custom)
2019-09-25 12:47:44,335 [pool-439-thread-1] INFO  server.RaftServerConfigKeys (ConfUtils.java:logGet(43)) - raft.server.sleep.deviation.threshold = 300 (default)
2019-09-25 12:47:44,335 [pool-449-thread-1] INFO  storage.RaftStorageDirectory (RaftStorageDirectory.java:analyzeStorage(246)) - The storage directory /workdir/hadoop-ozone/integration-test/target/test-dir/MiniOzoneClusterImpl-a05466a5-072a-4920-8d71-d5d6ba4ffade/datanode-4/data/ratis/b727f70b-c24d-4af0-8382-0e8147fb6048 does not exist. Creating ...
2019-09-25 12:47:44,335 [pool-459-thread-1] INFO  server.RaftServerConfigKeys (ConfUtils.java:logGet(43)) - raft.server.sleep.deviation.threshold = 300 (default)
2019-09-25 12:47:44,335 [pool-439-thread-1] INFO  server.RaftServerConfigKeys (ConfUtils.java:logGet(43)) - raft.server.log.appender.install.snapshot.enabled = false (custom)
2019-09-25 12:47:44,335 [pool-459-thread-1] INFO  server.RaftServerConfigKeys (ConfUtils.java:logGet(43)) - raft.server.log.appender.install.snapshot.enabled = false (custom)
2019-09-25 12:47:44,335 [pool-439-thread-1] INFO  impl.RaftServerImpl (ServerState.java:<init>(103)) - 8cac1812-c792-42d2-8f80-be30857055bc@group-0E8147FB6048: ConfigurationManager, init=-1: [8cac1812-c792-42d2-8f80-be30857055bc:192.168.151.66:37923, 3c2cd309-f96b-4683-9e8f-90e33ab63894:192.168.151.66:46374, 748828df-30b0-4015-b75f-dfc54b2a2355:192.168.151.66:33780], old=null, confs=<EMPTY_MAP>
2019-09-25 12:47:44,335 [pool-459-thread-1] INFO  impl.RaftServerImpl (ServerState.java:<init>(103)) - 3c2cd309-f96b-4683-9e8f-90e33ab63894@group-0E8147FB6048: ConfigurationManager, init=-1: [8cac1812-c792-42d2-8f80-be30857055bc:192.168.151.66:37923, 3c2cd309-f96b-4683-9e8f-90e33ab63894:192.168.151.66:46374, 748828df-30b0-4015-b75f-dfc54b2a2355:192.168.151.66:33780], old=null, confs=<EMPTY_MAP>
2019-09-25 12:47:44,335 [pool-439-thread-1] INFO  server.RaftServerConfigKeys (ConfUtils.java:logGet(43)) - raft.server.storage.dir = [/workdir/hadoop-ozone/integration-test/target/test-dir/MiniOzoneClusterImpl-a05466a5-072a-4920-8d71-d5d6ba4ffade/datanode-3/data/ratis] (custom)
2019-09-25 12:47:44,335 [pool-459-thread-1] INFO  server.RaftServerConfigKeys (ConfUtils.java:logGet(43)) - raft.server.storage.dir = [/workdir/hadoop-ozone/integration-test/target/test-dir/MiniOzoneClusterImpl-a05466a5-072a-4920-8d71-d5d6ba4ffade/datanode-5/data/ratis] (custom)
2019-09-25 12:47:44,336 [pool-439-thread-1] INFO  storage.RaftStorageDirectory (RaftStorageDirectory.java:analyzeStorage(246)) - The storage directory /workdir/hadoop-ozone/integration-test/target/test-dir/MiniOzoneClusterImpl-a05466a5-072a-4920-8d71-d5d6ba4ffade/datanode-3/data/ratis/b727f70b-c24d-4af0-8382-0e8147fb6048 does not exist. Creating ...
2019-09-25 12:47:44,336 [pool-459-thread-1] INFO  storage.RaftStorageDirectory (RaftStorageDirectory.java:analyzeStorage(246)) - The storage directory /workdir/hadoop-ozone/integration-test/target/test-dir/MiniOzoneClusterImpl-a05466a5-072a-4920-8d71-d5d6ba4ffade/datanode-5/data/ratis/b727f70b-c24d-4af0-8382-0e8147fb6048 does not exist. Creating ...
2019-09-25 12:47:44,358 [pool-449-thread-1] INFO  storage.RaftStorageDirectory (RaftStorageDirectory.java:tryLock(328)) - Lock on /workdir/hadoop-ozone/integration-test/target/test-dir/MiniOzoneClusterImpl-a05466a5-072a-4920-8d71-d5d6ba4ffade/datanode-4/data/ratis/b727f70b-c24d-4af0-8382-0e8147fb6048/in_use.lock acquired by nodename 19101@pr-hdds-2175-t596l-953197546
2019-09-25 12:47:44,358 [pool-459-thread-1] INFO  storage.RaftStorageDirectory (RaftStorageDirectory.java:tryLock(328)) - Lock on /workdir/hadoop-ozone/integration-test/target/test-dir/MiniOzoneClusterImpl-a05466a5-072a-4920-8d71-d5d6ba4ffade/datanode-5/data/ratis/b727f70b-c24d-4af0-8382-0e8147fb6048/in_use.lock acquired by nodename 19101@pr-hdds-2175-t596l-953197546
2019-09-25 12:47:44,358 [pool-439-thread-1] INFO  storage.RaftStorageDirectory (RaftStorageDirectory.java:tryLock(328)) - Lock on /workdir/hadoop-ozone/integration-test/target/test-dir/MiniOzoneClusterImpl-a05466a5-072a-4920-8d71-d5d6ba4ffade/datanode-3/data/ratis/b727f70b-c24d-4af0-8382-0e8147fb6048/in_use.lock acquired by nodename 19101@pr-hdds-2175-t596l-953197546
2019-09-25 12:47:44,383 [pool-439-thread-1] INFO  storage.RaftStorage (RaftStorage.java:format(72)) - Storage directory /workdir/hadoop-ozone/integration-test/target/test-dir/MiniOzoneClusterImpl-a05466a5-072a-4920-8d71-d5d6ba4ffade/datanode-3/data/ratis/b727f70b-c24d-4af0-8382-0e8147fb6048 has been successfully formatted.
2019-09-25 12:47:44,383 [pool-449-thread-1] INFO  storage.RaftStorage (RaftStorage.java:format(72)) - Storage directory /workdir/hadoop-ozone/integration-test/target/test-dir/MiniOzoneClusterImpl-a05466a5-072a-4920-8d71-d5d6ba4ffade/datanode-4/data/ratis/b727f70b-c24d-4af0-8382-0e8147fb6048 has been successfully formatted.
2019-09-25 12:47:44,383 [pool-459-thread-1] INFO  storage.RaftStorage (RaftStorage.java:format(72)) - Storage directory /workdir/hadoop-ozone/integration-test/target/test-dir/MiniOzoneClusterImpl-a05466a5-072a-4920-8d71-d5d6ba4ffade/datanode-5/data/ratis/b727f70b-c24d-4af0-8382-0e8147fb6048 has been successfully formatted.
2019-09-25 12:47:44,384 [pool-439-thread-1] INFO  ratis.ContainerStateMachine (ContainerStateMachine.java:loadSnapshot(230)) - group-0E8147FB6048: The snapshot info is null. Setting the last applied indexto:(t:0, i:~)
2019-09-25 12:47:44,384 [pool-449-thread-1] INFO  ratis.ContainerStateMachine (ContainerStateMachine.java:loadSnapshot(230)) - group-0E8147FB6048: The snapshot info is null. Setting the last applied indexto:(t:0, i:~)
2019-09-25 12:47:44,384 [pool-459-thread-1] INFO  ratis.ContainerStateMachine (ContainerStateMachine.java:loadSnapshot(230)) - group-0E8147FB6048: The snapshot info is null. Setting the last applied indexto:(t:0, i:~)
2019-09-25 12:47:44,385 [pool-449-thread-1] INFO  server.RaftServerConfigKeys (ConfUtils.java:logGet(43)) - raft.server.notification.no-leader.timeout = 120s (custom)
2019-09-25 12:47:44,384 [pool-439-thread-1] INFO  server.RaftServerConfigKeys (ConfUtils.java:logGet(43)) - raft.server.notification.no-leader.timeout = 120s (custom)
2019-09-25 12:47:44,385 [pool-449-thread-1] INFO  server.RaftServerConfigKeys (ConfUtils.java:logGet(43)) - raft.server.log.use.memory = false (default)
2019-09-25 12:47:44,385 [pool-459-thread-1] INFO  server.RaftServerConfigKeys (ConfUtils.java:logGet(43)) - raft.server.notification.no-leader.timeout = 120s (custom)
2019-09-25 12:47:44,385 [pool-449-thread-1] INFO  server.RaftServerConfigKeys (ConfUtils.java:logGet(43)) - raft.server.log.purge.gap = 1000000 (custom)
2019-09-25 12:47:44,385 [pool-439-thread-1] INFO  server.RaftServerConfigKeys (ConfUtils.java:logGet(43)) - raft.server.log.use.memory = false (default)
2019-09-25 12:47:44,385 [pool-449-thread-1] INFO  server.RaftServerConfigKeys (ConfUtils.java:logGet(43)) - raft.server.log.appender.buffer.byte-limit = 33554432 (custom)
2019-09-25 12:47:44,385 [pool-459-thread-1] INFO  server.RaftServerConfigKeys (ConfUtils.java:logGet(43)) - raft.server.log.use.memory = false (default)
2019-09-25 12:47:44,386 [pool-449-thread-1] INFO  server.RaftServerConfigKeys (ConfUtils.java:logGet(43)) - raft.server.log.segment.size.max = 1048576 (custom)
2019-09-25 12:47:44,385 [pool-439-thread-1] INFO  server.RaftServerConfigKeys (ConfUtils.java:logGet(43)) - raft.server.log.purge.gap = 1000000 (custom)
2019-09-25 12:47:44,386 [pool-449-thread-1] INFO  server.RaftServerConfigKeys (ConfUtils.java:logGet(43)) - raft.server.log.segment.cache.num.max = 2 (custom)
2019-09-25 12:47:44,386 [pool-459-thread-1] INFO  server.RaftServerConfigKeys (ConfUtils.java:logGet(43)) - raft.server.log.purge.gap = 1000000 (custom)
2019-09-25 12:47:44,386 [pool-449-thread-1] INFO  segmented.SegmentedRaftLogWorker (SegmentedRaftLogWorker.java:<init>(172)) - new 748828df-30b0-4015-b75f-dfc54b2a2355@group-0E8147FB6048-SegmentedRaftLogWorker for RaftStorage:Storage Directory /workdir/hadoop-ozone/integration-test/target/test-dir/MiniOzoneClusterImpl-a05466a5-072a-4920-8d71-d5d6ba4ffade/datanode-4/data/ratis/b727f70b-c24d-4af0-8382-0e8147fb6048
2019-09-25 12:47:44,386 [pool-439-thread-1] INFO  server.RaftServerConfigKeys (ConfUtils.java:logGet(43)) - raft.server.log.appender.buffer.byte-limit = 33554432 (custom)
2019-09-25 12:47:44,387 [pool-449-thread-1] INFO  server.RaftServerConfigKeys (ConfUtils.java:logGet(43)) - raft.server.log.queue.byte-limit = 2147483647 (custom)
2019-09-25 12:47:44,386 [pool-459-thread-1] INFO  server.RaftServerConfigKeys (ConfUtils.java:logGet(43)) - raft.server.log.appender.buffer.byte-limit = 33554432 (custom)
2019-09-25 12:47:44,387 [pool-449-thread-1] INFO  server.RaftServerConfigKeys (ConfUtils.java:logGet(43)) - raft.server.log.queue.element-limit = 1024 (custom)
2019-09-25 12:47:44,387 [pool-439-thread-1] INFO  server.RaftServerConfigKeys (ConfUtils.java:logGet(43)) - raft.server.log.segment.size.max = 1048576 (custom)
2019-09-25 12:47:44,387 [pool-449-thread-1] INFO  server.RaftServerConfigKeys (ConfUtils.java:logGet(43)) - raft.server.log.segment.size.max = 1048576 (custom)
2019-09-25 12:47:44,387 [pool-459-thread-1] INFO  server.RaftServerConfigKeys (ConfUtils.java:logGet(43)) - raft.server.log.segment.size.max = 1048576 (custom)
2019-09-25 12:47:44,387 [pool-449-thread-1] INFO  server.RaftServerConfigKeys (ConfUtils.java:logGet(43)) - raft.server.log.preallocated.size = 16384 (custom)
2019-09-25 12:47:44,387 [pool-439-thread-1] INFO  server.RaftServerConfigKeys (ConfUtils.java:logGet(43)) - raft.server.log.segment.cache.num.max = 2 (custom)
2019-09-25 12:47:44,388 [pool-449-thread-1] INFO  server.RaftServerConfigKeys (ConfUtils.java:logGet(43)) - raft.server.log.write.buffer.size = 33554432 (custom)
2019-09-25 12:47:44,388 [pool-459-thread-1] INFO  server.RaftServerConfigKeys (ConfUtils.java:logGet(43)) - raft.server.log.segment.cache.num.max = 2 (custom)
2019-09-25 12:47:44,388 [pool-449-thread-1] INFO  server.RaftServerConfigKeys (ConfUtils.java:logGet(43)) - raft.server.log.force.sync.num = 128 (default)
2019-09-25 12:47:44,388 [pool-439-thread-1] INFO  segmented.SegmentedRaftLogWorker (SegmentedRaftLogWorker.java:<init>(172)) - new 8cac1812-c792-42d2-8f80-be30857055bc@group-0E8147FB6048-SegmentedRaftLogWorker for RaftStorage:Storage Directory /workdir/hadoop-ozone/integration-test/target/test-dir/MiniOzoneClusterImpl-a05466a5-072a-4920-8d71-d5d6ba4ffade/datanode-3/data/ratis/b727f70b-c24d-4af0-8382-0e8147fb6048
2019-09-25 12:47:44,388 [pool-449-thread-1] INFO  server.RaftServerConfigKeys (ConfUtils.java:logGet(43)) - raft.server.log.statemachine.data.sync = true (default)
2019-09-25 12:47:44,388 [pool-459-thread-1] INFO  segmented.SegmentedRaftLogWorker (SegmentedRaftLogWorker.java:<init>(172)) - new 3c2cd309-f96b-4683-9e8f-90e33ab63894@group-0E8147FB6048-SegmentedRaftLogWorker for RaftStorage:Storage Directory /workdir/hadoop-ozone/integration-test/target/test-dir/MiniOzoneClusterImpl-a05466a5-072a-4920-8d71-d5d6ba4ffade/datanode-5/data/ratis/b727f70b-c24d-4af0-8382-0e8147fb6048
2019-09-25 12:47:44,389 [pool-449-thread-1] INFO  server.RaftServerConfigKeys (ConfUtils.java:logGet(43)) - raft.server.log.statemachine.data.sync.timeout = 10s (default)
2019-09-25 12:47:44,388 [pool-439-thread-1] INFO  server.RaftServerConfigKeys (ConfUtils.java:logGet(43)) - raft.server.log.queue.byte-limit = 2147483647 (custom)
2019-09-25 12:47:44,389 [pool-449-thread-1] INFO  server.RaftServerConfigKeys (ConfUtils.java:logGet(43)) - raft.server.log.statemachine.data.sync.timeout.retry = -1 (default)
2019-09-25 12:47:44,389 [pool-459-thread-1] INFO  server.RaftServerConfigKeys (ConfUtils.java:logGet(43)) - raft.server.log.queue.byte-limit = 2147483647 (custom)
2019-09-25 12:47:44,389 [pool-449-thread-1] INFO  server.RaftServerConfigKeys (ConfUtils.java:logGet(43)) - raft.server.log.statemachine.data.caching.enabled = true (custom)
2019-09-25 12:47:44,389 [pool-439-thread-1] INFO  server.RaftServerConfigKeys (ConfUtils.java:logGet(43)) - raft.server.log.queue.element-limit = 1024 (custom)
2019-09-25 12:47:44,389 [pool-459-thread-1] INFO  server.RaftServerConfigKeys (ConfUtils.java:logGet(43)) - raft.server.log.queue.element-limit = 1024 (custom)
2019-09-25 12:47:44,390 [pool-449-thread-1] INFO  segmented.SegmentedRaftLogWorker (SegmentedRaftLogWorker.java:lambda$new$0(132)) - 748828df-30b0-4015-b75f-dfc54b2a2355@group-0E8147FB6048-SegmentedRaftLogWorker: flushIndex: setUnconditionally 0 -> -1
2019-09-25 12:47:44,390 [pool-439-thread-1] INFO  server.RaftServerConfigKeys (ConfUtils.java:logGet(43)) - raft.server.log.segment.size.max = 1048576 (custom)
2019-09-25 12:47:44,390 [pool-459-thread-1] INFO  server.RaftServerConfigKeys (ConfUtils.java:logGet(43)) - raft.server.log.segment.size.max = 1048576 (custom)
2019-09-25 12:47:44,390 [pool-439-thread-1] INFO  server.RaftServerConfigKeys (ConfUtils.java:logGet(43)) - raft.server.log.preallocated.size = 16384 (custom)
2019-09-25 12:47:44,390 [pool-459-thread-1] INFO  server.RaftServerConfigKeys (ConfUtils.java:logGet(43)) - raft.server.log.preallocated.size = 16384 (custom)
2019-09-25 12:47:44,390 [pool-449-thread-1] INFO  server.RaftServerConfigKeys (ConfUtils.java:logGet(43)) - raft.server.snapshot.auto.trigger.enabled = true (custom)
2019-09-25 12:47:44,390 [pool-439-thread-1] INFO  server.RaftServerConfigKeys (ConfUtils.java:logGet(43)) - raft.server.log.write.buffer.size = 33554432 (custom)
2019-09-25 12:47:44,391 [pool-449-thread-1] INFO  server.RaftServerConfigKeys (ConfUtils.java:logGet(43)) - raft.server.snapshot.auto.trigger.threshold = 10000 (custom)
2019-09-25 12:47:44,390 [pool-459-thread-1] INFO  server.RaftServerConfigKeys (ConfUtils.java:logGet(43)) - raft.server.log.write.buffer.size = 33554432 (custom)
2019-09-25 12:47:44,391 [pool-449-thread-1] INFO  server.RaftServerConfigKeys (ConfUtils.java:logGet(43)) - raft.server.snapshot.retention.num.files = 5 (custom)
2019-09-25 12:47:44,391 [pool-439-thread-1] INFO  server.RaftServerConfigKeys (ConfUtils.java:logGet(43)) - raft.server.log.force.sync.num = 128 (default)
2019-09-25 12:47:44,391 [pool-449-thread-1] INFO  server.RaftServerConfigKeys (ConfUtils.java:logGet(43)) - raft.server.retrycache.expirytime = 600000ms (custom)
2019-09-25 12:47:44,391 [pool-459-thread-1] INFO  server.RaftServerConfigKeys (ConfUtils.java:logGet(43)) - raft.server.log.force.sync.num = 128 (default)
2019-09-25 12:47:44,391 [pool-439-thread-1] INFO  server.RaftServerConfigKeys (ConfUtils.java:logGet(43)) - raft.server.log.statemachine.data.sync = true (default)
2019-09-25 12:47:44,392 [pool-459-thread-1] INFO  server.RaftServerConfigKeys (ConfUtils.java:logGet(43)) - raft.server.log.statemachine.data.sync = true (default)
2019-09-25 12:47:44,392 [pool-439-thread-1] INFO  server.RaftServerConfigKeys (ConfUtils.java:logGet(43)) - raft.server.log.statemachine.data.sync.timeout = 10s (default)
2019-09-25 12:47:44,392 [pool-459-thread-1] INFO  server.RaftServerConfigKeys (ConfUtils.java:logGet(43)) - raft.server.log.statemachine.data.sync.timeout = 10s (default)
2019-09-25 12:47:44,392 [pool-439-thread-1] INFO  server.RaftServerConfigKeys (ConfUtils.java:logGet(43)) - raft.server.log.statemachine.data.sync.timeout.retry = -1 (default)
2019-09-25 12:47:44,392 [pool-459-thread-1] INFO  server.RaftServerConfigKeys (ConfUtils.java:logGet(43)) - raft.server.log.statemachine.data.sync.timeout.retry = -1 (default)
2019-09-25 12:47:44,392 [pool-439-thread-1] INFO  server.RaftServerConfigKeys (ConfUtils.java:logGet(43)) - raft.server.log.statemachine.data.caching.enabled = true (custom)
2019-09-25 12:47:44,393 [pool-459-thread-1] INFO  server.RaftServerConfigKeys (ConfUtils.java:logGet(43)) - raft.server.log.statemachine.data.caching.enabled = true (custom)
2019-09-25 12:47:44,393 [pool-439-thread-1] INFO  segmented.SegmentedRaftLogWorker (SegmentedRaftLogWorker.java:lambda$new$0(132)) - 8cac1812-c792-42d2-8f80-be30857055bc@group-0E8147FB6048-SegmentedRaftLogWorker: flushIndex: setUnconditionally 0 -> -1
2019-09-25 12:47:44,393 [pool-459-thread-1] INFO  segmented.SegmentedRaftLogWorker (SegmentedRaftLogWorker.java:lambda$new$0(132)) - 3c2cd309-f96b-4683-9e8f-90e33ab63894@group-0E8147FB6048-SegmentedRaftLogWorker: flushIndex: setUnconditionally 0 -> -1
2019-09-25 12:47:44,393 [pool-439-thread-1] INFO  server.RaftServerConfigKeys (ConfUtils.java:logGet(43)) - raft.server.snapshot.auto.trigger.enabled = true (custom)
2019-09-25 12:47:44,393 [pool-439-thread-1] INFO  server.RaftServerConfigKeys (ConfUtils.java:logGet(43)) - raft.server.snapshot.auto.trigger.threshold = 10000 (custom)
2019-09-25 12:47:44,393 [pool-439-thread-1] INFO  server.RaftServerConfigKeys (ConfUtils.java:logGet(43)) - raft.server.snapshot.retention.num.files = 5 (custom)
2019-09-25 12:47:44,393 [pool-459-thread-1] INFO  server.RaftServerConfigKeys (ConfUtils.java:logGet(43)) - raft.server.snapshot.auto.trigger.enabled = true (custom)
2019-09-25 12:47:44,393 [pool-439-thread-1] INFO  server.RaftServerConfigKeys (ConfUtils.java:logGet(43)) - raft.server.retrycache.expirytime = 600000ms (custom)
2019-09-25 12:47:44,393 [pool-459-thread-1] INFO  server.RaftServerConfigKeys (ConfUtils.java:logGet(43)) - raft.server.snapshot.auto.trigger.threshold = 10000 (custom)
2019-09-25 12:47:44,394 [pool-459-thread-1] INFO  server.RaftServerConfigKeys (ConfUtils.java:logGet(43)) - raft.server.snapshot.retention.num.files = 5 (custom)
2019-09-25 12:47:44,394 [pool-449-thread-1] INFO  impl.RaftServerImpl (RaftServerImpl.java:start(185)) - 748828df-30b0-4015-b75f-dfc54b2a2355@group-0E8147FB6048: start as a follower, conf=-1: [8cac1812-c792-42d2-8f80-be30857055bc:192.168.151.66:37923, 3c2cd309-f96b-4683-9e8f-90e33ab63894:192.168.151.66:46374, 748828df-30b0-4015-b75f-dfc54b2a2355:192.168.151.66:33780], old=null
2019-09-25 12:47:44,394 [pool-459-thread-1] INFO  server.RaftServerConfigKeys (ConfUtils.java:logGet(43)) - raft.server.retrycache.expirytime = 600000ms (custom)
2019-09-25 12:47:44,394 [pool-449-thread-1] INFO  impl.RaftServerImpl (RaftServerImpl.java:setRole(174)) - 748828df-30b0-4015-b75f-dfc54b2a2355@group-0E8147FB6048: changes role from      null to FOLLOWER at term 0 for startAsFollower
2019-09-25 12:47:44,394 [pool-449-thread-1] INFO  impl.RoleInfo (RoleInfo.java:updateAndGet(143)) - 748828df-30b0-4015-b75f-dfc54b2a2355: start FollowerState
2019-09-25 12:47:44,395 [pool-439-thread-1] INFO  impl.RaftServerImpl (RaftServerImpl.java:start(185)) - 8cac1812-c792-42d2-8f80-be30857055bc@group-0E8147FB6048: start as a follower, conf=-1: [8cac1812-c792-42d2-8f80-be30857055bc:192.168.151.66:37923, 3c2cd309-f96b-4683-9e8f-90e33ab63894:192.168.151.66:46374, 748828df-30b0-4015-b75f-dfc54b2a2355:192.168.151.66:33780], old=null
2019-09-25 12:47:44,395 [pool-439-thread-1] INFO  impl.RaftServerImpl (RaftServerImpl.java:setRole(174)) - 8cac1812-c792-42d2-8f80-be30857055bc@group-0E8147FB6048: changes role from      null to FOLLOWER at term 0 for startAsFollower
2019-09-25 12:47:44,395 [pool-439-thread-1] INFO  impl.RoleInfo (RoleInfo.java:updateAndGet(143)) - 8cac1812-c792-42d2-8f80-be30857055bc: start FollowerState
2019-09-25 12:47:44,395 [pool-449-thread-1] INFO  util.JmxRegister (JmxRegister.java:tryRegister(44)) - Successfully registered JMX Bean with object name Ratis:service=RaftServer,group=group-0E8147FB6048,id=748828df-30b0-4015-b75f-dfc54b2a2355
2019-09-25 12:47:44,395 [pool-439-thread-1] INFO  util.JmxRegister (JmxRegister.java:tryRegister(44)) - Successfully registered JMX Bean with object name Ratis:service=RaftServer,group=group-0E8147FB6048,id=8cac1812-c792-42d2-8f80-be30857055bc
2019-09-25 12:47:44,396 [pool-459-thread-1] INFO  impl.RaftServerImpl (RaftServerImpl.java:start(185)) - 3c2cd309-f96b-4683-9e8f-90e33ab63894@group-0E8147FB6048: start as a follower, conf=-1: [8cac1812-c792-42d2-8f80-be30857055bc:192.168.151.66:37923, 3c2cd309-f96b-4683-9e8f-90e33ab63894:192.168.151.66:46374, 748828df-30b0-4015-b75f-dfc54b2a2355:192.168.151.66:33780], old=null
2019-09-25 12:47:44,397 [pool-459-thread-1] INFO  impl.RaftServerImpl (RaftServerImpl.java:setRole(174)) - 3c2cd309-f96b-4683-9e8f-90e33ab63894@group-0E8147FB6048: changes role from      null to FOLLOWER at term 0 for startAsFollower
2019-09-25 12:47:44,397 [pool-459-thread-1] INFO  impl.RoleInfo (RoleInfo.java:updateAndGet(143)) - 3c2cd309-f96b-4683-9e8f-90e33ab63894: start FollowerState
2019-09-25 12:47:44,397 [pool-459-thread-1] INFO  util.JmxRegister (JmxRegister.java:tryRegister(44)) - Successfully registered JMX Bean with object name Ratis:service=RaftServer,group=group-0E8147FB6048,id=3c2cd309-f96b-4683-9e8f-90e33ab63894
2019-09-25 12:47:44,399 [RatisPipelineUtilsThread] INFO  pipeline.PipelineStateManager (PipelineStateManager.java:addPipeline(56)) - Created pipeline Pipeline[ Id: b727f70b-c24d-4af0-8382-0e8147fb6048, Nodes: 8cac1812-c792-42d2-8f80-be30857055bc{ip: 192.168.151.66, host: pr-hdds-2175-t596l-953197546, networkLocation: /default-rack, certSerialId: null}3c2cd309-f96b-4683-9e8f-90e33ab63894{ip: 192.168.151.66, host: pr-hdds-2175-t596l-953197546, networkLocation: /default-rack, certSerialId: null}748828df-30b0-4015-b75f-dfc54b2a2355{ip: 192.168.151.66, host: pr-hdds-2175-t596l-953197546, networkLocation: /default-rack, certSerialId: null}, Type:RATIS, Factor:THREE, State:OPEN]
2019-09-25 12:47:44,406 [grpc-default-executor-1] INFO  impl.RaftServerProxy (RaftServerProxy.java:addNew(89)) - 36c91996-c5f7-4a90-94d5-6233d5d955ee: addNew group-40801021FF8B:[36c91996-c5f7-4a90-94d5-6233d5d955ee:192.168.151.66:33656, 4cc4b627-b178-49fa-865f-0d962778a832:192.168.151.66:46264, 9f6c202f-201d-45e7-83f4-0c55e914a711:192.168.151.66:41695] returns group-40801021FF8B:java.util.concurrent.CompletableFuture@7f66c86d[Not completed]
2019-09-25 12:47:44,409 [grpc-default-executor-4] INFO  impl.RaftServerProxy (RaftServerProxy.java:addNew(89)) - 9f6c202f-201d-45e7-83f4-0c55e914a711: addNew group-40801021FF8B:[36c91996-c5f7-4a90-94d5-6233d5d955ee:192.168.151.66:33656, 4cc4b627-b178-49fa-865f-0d962778a832:192.168.151.66:46264, 9f6c202f-201d-45e7-83f4-0c55e914a711:192.168.151.66:41695] returns group-40801021FF8B:java.util.concurrent.CompletableFuture@12352061[Not completed]
2019-09-25 12:47:44,409 [grpc-default-executor-7] INFO  impl.RaftServerProxy (RaftServerProxy.java:addNew(89)) - 4cc4b627-b178-49fa-865f-0d962778a832: addNew group-40801021FF8B:[36c91996-c5f7-4a90-94d5-6233d5d955ee:192.168.151.66:33656, 4cc4b627-b178-49fa-865f-0d962778a832:192.168.151.66:46264, 9f6c202f-201d-45e7-83f4-0c55e914a711:192.168.151.66:41695] returns group-40801021FF8B:java.util.concurrent.CompletableFuture@1fd2778c[Not completed]
2019-09-25 12:47:44,414 [pool-429-thread-1] INFO  impl.RaftServerImpl (RaftServerImpl.java:<init>(95)) - 36c91996-c5f7-4a90-94d5-6233d5d955ee: new RaftServerImpl for group-40801021FF8B:[36c91996-c5f7-4a90-94d5-6233d5d955ee:192.168.151.66:33656, 4cc4b627-b178-49fa-865f-0d962778a832:192.168.151.66:46264, 9f6c202f-201d-45e7-83f4-0c55e914a711:192.168.151.66:41695] with ContainerStateMachine:uninitialized
2019-09-25 12:47:44,414 [pool-429-thread-1] INFO  server.RaftServerConfigKeys (ConfUtils.java:logGet(43)) - raft.server.rpc.timeout.min = 5s (custom)
2019-09-25 12:47:44,414 [pool-429-thread-1] INFO  server.RaftServerConfigKeys (ConfUtils.java:logGet(43)) - raft.server.rpc.timeout.max = 5200ms (custom)
2019-09-25 12:47:44,414 [pool-429-thread-1] INFO  server.RaftServerConfigKeys (ConfUtils.java:logGet(43)) - raft.server.rpcslowness.timeout = 120s (custom)
2019-09-25 12:47:44,414 [pool-429-thread-1] INFO  server.RaftServerConfigKeys (ConfUtils.java:logGet(43)) - raft.server.sleep.deviation.threshold = 300 (default)
2019-09-25 12:47:44,414 [pool-409-thread-1] INFO  impl.RaftServerImpl (RaftServerImpl.java:<init>(95)) - 9f6c202f-201d-45e7-83f4-0c55e914a711: new RaftServerImpl for group-40801021FF8B:[36c91996-c5f7-4a90-94d5-6233d5d955ee:192.168.151.66:33656, 4cc4b627-b178-49fa-865f-0d962778a832:192.168.151.66:46264, 9f6c202f-201d-45e7-83f4-0c55e914a711:192.168.151.66:41695] with ContainerStateMachine:uninitialized
2019-09-25 12:47:44,414 [pool-429-thread-1] INFO  server.RaftServerConfigKeys (ConfUtils.java:logGet(43)) - raft.server.log.appender.install.snapshot.enabled = false (custom)
2019-09-25 12:47:44,415 [pool-409-thread-1] INFO  server.RaftServerConfigKeys (ConfUtils.java:logGet(43)) - raft.server.rpc.timeout.min = 5s (custom)
2019-09-25 12:47:44,415 [pool-429-thread-1] INFO  impl.RaftServerImpl (ServerState.java:<init>(103)) - 36c91996-c5f7-4a90-94d5-6233d5d955ee@group-40801021FF8B: ConfigurationManager, init=-1: [36c91996-c5f7-4a90-94d5-6233d5d955ee:192.168.151.66:33656, 4cc4b627-b178-49fa-865f-0d962778a832:192.168.151.66:46264, 9f6c202f-201d-45e7-83f4-0c55e914a711:192.168.151.66:41695], old=null, confs=<EMPTY_MAP>
2019-09-25 12:47:44,415 [pool-409-thread-1] INFO  server.RaftServerConfigKeys (ConfUtils.java:logGet(43)) - raft.server.rpc.timeout.max = 5200ms (custom)
2019-09-25 12:47:44,415 [pool-469-thread-1] INFO  impl.RaftServerImpl (RaftServerImpl.java:<init>(95)) - 4cc4b627-b178-49fa-865f-0d962778a832: new RaftServerImpl for group-40801021FF8B:[36c91996-c5f7-4a90-94d5-6233d5d955ee:192.168.151.66:33656, 4cc4b627-b178-49fa-865f-0d962778a832:192.168.151.66:46264, 9f6c202f-201d-45e7-83f4-0c55e914a711:192.168.151.66:41695] with ContainerStateMachine:uninitialized
2019-09-25 12:47:44,415 [pool-409-thread-1] INFO  server.RaftServerConfigKeys (ConfUtils.java:logGet(43)) - raft.server.rpcslowness.timeout = 120s (custom)
2019-09-25 12:47:44,415 [pool-429-thread-1] INFO  server.RaftServerConfigKeys (ConfUtils.java:logGet(43)) - raft.server.storage.dir = [/workdir/hadoop-ozone/integration-test/target/test-dir/MiniOzoneClusterImpl-a05466a5-072a-4920-8d71-d5d6ba4ffade/datanode-2/data/ratis] (custom)
2019-09-25 12:47:44,415 [pool-409-thread-1] INFO  server.RaftServerConfigKeys (ConfUtils.java:logGet(43)) - raft.server.sleep.deviation.threshold = 300 (default)
2019-09-25 12:47:44,415 [pool-469-thread-1] INFO  server.RaftServerConfigKeys (ConfUtils.java:logGet(43)) - raft.server.rpc.timeout.min = 5s (custom)
2019-09-25 12:47:44,416 [pool-409-thread-1] INFO  server.RaftServerConfigKeys (ConfUtils.java:logGet(43)) - raft.server.log.appender.install.snapshot.enabled = false (custom)
2019-09-25 12:47:44,416 [pool-429-thread-1] INFO  storage.RaftStorageDirectory (RaftStorageDirectory.java:analyzeStorage(246)) - The storage directory /workdir/hadoop-ozone/integration-test/target/test-dir/MiniOzoneClusterImpl-a05466a5-072a-4920-8d71-d5d6ba4ffade/datanode-2/data/ratis/10ef5f64-6779-4324-8ce4-40801021ff8b does not exist. Creating ...
2019-09-25 12:47:44,416 [pool-409-thread-1] INFO  impl.RaftServerImpl (ServerState.java:<init>(103)) - 9f6c202f-201d-45e7-83f4-0c55e914a711@group-40801021FF8B: ConfigurationManager, init=-1: [36c91996-c5f7-4a90-94d5-6233d5d955ee:192.168.151.66:33656, 4cc4b627-b178-49fa-865f-0d962778a832:192.168.151.66:46264, 9f6c202f-201d-45e7-83f4-0c55e914a711:192.168.151.66:41695], old=null, confs=<EMPTY_MAP>
2019-09-25 12:47:44,416 [pool-469-thread-1] INFO  server.RaftServerConfigKeys (ConfUtils.java:logGet(43)) - raft.server.rpc.timeout.max = 5200ms (custom)
2019-09-25 12:47:44,416 [pool-409-thread-1] INFO  server.RaftServerConfigKeys (ConfUtils.java:logGet(43)) - raft.server.storage.dir = [/workdir/hadoop-ozone/integration-test/target/test-dir/MiniOzoneClusterImpl-a05466a5-072a-4920-8d71-d5d6ba4ffade/datanode-0/data/ratis] (custom)
2019-09-25 12:47:44,416 [pool-469-thread-1] INFO  server.RaftServerConfigKeys (ConfUtils.java:logGet(43)) - raft.server.rpcslowness.timeout = 120s (custom)
2019-09-25 12:47:44,417 [pool-469-thread-1] INFO  server.RaftServerConfigKeys (ConfUtils.java:logGet(43)) - raft.server.sleep.deviation.threshold = 300 (default)
2019-09-25 12:47:44,417 [pool-409-thread-1] INFO  storage.RaftStorageDirectory (RaftStorageDirectory.java:analyzeStorage(246)) - The storage directory /workdir/hadoop-ozone/integration-test/target/test-dir/MiniOzoneClusterImpl-a05466a5-072a-4920-8d71-d5d6ba4ffade/datanode-0/data/ratis/10ef5f64-6779-4324-8ce4-40801021ff8b does not exist. Creating ...
2019-09-25 12:47:44,417 [pool-469-thread-1] INFO  server.RaftServerConfigKeys (ConfUtils.java:logGet(43)) - raft.server.log.appender.install.snapshot.enabled = false (custom)
2019-09-25 12:47:44,417 [pool-469-thread-1] INFO  impl.RaftServerImpl (ServerState.java:<init>(103)) - 4cc4b627-b178-49fa-865f-0d962778a832@group-40801021FF8B: ConfigurationManager, init=-1: [36c91996-c5f7-4a90-94d5-6233d5d955ee:192.168.151.66:33656, 4cc4b627-b178-49fa-865f-0d962778a832:192.168.151.66:46264, 9f6c202f-201d-45e7-83f4-0c55e914a711:192.168.151.66:41695], old=null, confs=<EMPTY_MAP>
2019-09-25 12:47:44,417 [pool-469-thread-1] INFO  server.RaftServerConfigKeys (ConfUtils.java:logGet(43)) - raft.server.storage.dir = [/workdir/hadoop-ozone/integration-test/target/test-dir/MiniOzoneClusterImpl-a05466a5-072a-4920-8d71-d5d6ba4ffade/datanode-6/data/ratis] (custom)
2019-09-25 12:47:44,418 [pool-469-thread-1] INFO  storage.RaftStorageDirectory (RaftStorageDirectory.java:analyzeStorage(246)) - The storage directory /workdir/hadoop-ozone/integration-test/target/test-dir/MiniOzoneClusterImpl-a05466a5-072a-4920-8d71-d5d6ba4ffade/datanode-6/data/ratis/10ef5f64-6779-4324-8ce4-40801021ff8b does not exist. Creating ...
2019-09-25 12:47:44,441 [pool-469-thread-1] INFO  storage.RaftStorageDirectory (RaftStorageDirectory.java:tryLock(328)) - Lock on /workdir/hadoop-ozone/integration-test/target/test-dir/MiniOzoneClusterImpl-a05466a5-072a-4920-8d71-d5d6ba4ffade/datanode-6/data/ratis/10ef5f64-6779-4324-8ce4-40801021ff8b/in_use.lock acquired by nodename 19101@pr-hdds-2175-t596l-953197546
2019-09-25 12:47:44,441 [pool-409-thread-1] INFO  storage.RaftStorageDirectory (RaftStorageDirectory.java:tryLock(328)) - Lock on /workdir/hadoop-ozone/integration-test/target/test-dir/MiniOzoneClusterImpl-a05466a5-072a-4920-8d71-d5d6ba4ffade/datanode-0/data/ratis/10ef5f64-6779-4324-8ce4-40801021ff8b/in_use.lock acquired by nodename 19101@pr-hdds-2175-t596l-953197546
2019-09-25 12:47:44,441 [pool-429-thread-1] INFO  storage.RaftStorageDirectory (RaftStorageDirectory.java:tryLock(328)) - Lock on /workdir/hadoop-ozone/integration-test/target/test-dir/MiniOzoneClusterImpl-a05466a5-072a-4920-8d71-d5d6ba4ffade/datanode-2/data/ratis/10ef5f64-6779-4324-8ce4-40801021ff8b/in_use.lock acquired by nodename 19101@pr-hdds-2175-t596l-953197546
2019-09-25 12:47:44,467 [pool-409-thread-1] INFO  storage.RaftStorage (RaftStorage.java:format(72)) - Storage directory /workdir/hadoop-ozone/integration-test/target/test-dir/MiniOzoneClusterImpl-a05466a5-072a-4920-8d71-d5d6ba4ffade/datanode-0/data/ratis/10ef5f64-6779-4324-8ce4-40801021ff8b has been successfully formatted.
2019-09-25 12:47:44,467 [pool-429-thread-1] INFO  storage.RaftStorage (RaftStorage.java:format(72)) - Storage directory /workdir/hadoop-ozone/integration-test/target/test-dir/MiniOzoneClusterImpl-a05466a5-072a-4920-8d71-d5d6ba4ffade/datanode-2/data/ratis/10ef5f64-6779-4324-8ce4-40801021ff8b has been successfully formatted.
2019-09-25 12:47:44,467 [pool-469-thread-1] INFO  storage.RaftStorage (RaftStorage.java:format(72)) - Storage directory /workdir/hadoop-ozone/integration-test/target/test-dir/MiniOzoneClusterImpl-a05466a5-072a-4920-8d71-d5d6ba4ffade/datanode-6/data/ratis/10ef5f64-6779-4324-8ce4-40801021ff8b has been successfully formatted.
2019-09-25 12:47:44,467 [pool-429-thread-1] INFO  ratis.ContainerStateMachine (ContainerStateMachine.java:loadSnapshot(230)) - group-40801021FF8B: The snapshot info is null. Setting the last applied indexto:(t:0, i:~)
2019-09-25 12:47:44,467 [pool-469-thread-1] INFO  ratis.ContainerStateMachine (ContainerStateMachine.java:loadSnapshot(230)) - group-40801021FF8B: The snapshot info is null. Setting the last applied indexto:(t:0, i:~)
2019-09-25 12:47:44,467 [pool-409-thread-1] INFO  ratis.ContainerStateMachine (ContainerStateMachine.java:loadSnapshot(230)) - group-40801021FF8B: The snapshot info is null. Setting the last applied indexto:(t:0, i:~)
2019-09-25 12:47:44,468 [pool-469-thread-1] INFO  server.RaftServerConfigKeys (ConfUtils.java:logGet(43)) - raft.server.notification.no-leader.timeout = 120s (custom)
2019-09-25 12:47:44,467 [pool-429-thread-1] INFO  server.RaftServerConfigKeys (ConfUtils.java:logGet(43)) - raft.server.notification.no-leader.timeout = 120s (custom)
2019-09-25 12:47:44,468 [pool-469-thread-1] INFO  server.RaftServerConfigKeys (ConfUtils.java:logGet(43)) - raft.server.log.use.memory = false (default)
2019-09-25 12:47:44,468 [pool-409-thread-1] INFO  server.RaftServerConfigKeys (ConfUtils.java:logGet(43)) - raft.server.notification.no-leader.timeout = 120s (custom)
2019-09-25 12:47:44,468 [pool-469-thread-1] INFO  server.RaftServerConfigKeys (ConfUtils.java:logGet(43)) - raft.server.log.purge.gap = 1000000 (custom)
2019-09-25 12:47:44,468 [pool-429-thread-1] INFO  server.RaftServerConfigKeys (ConfUtils.java:logGet(43)) - raft.server.log.use.memory = false (default)
2019-09-25 12:47:44,468 [pool-469-thread-1] INFO  server.RaftServerConfigKeys (ConfUtils.java:logGet(43)) - raft.server.log.appender.buffer.byte-limit = 33554432 (custom)
2019-09-25 12:47:44,468 [pool-409-thread-1] INFO  server.RaftServerConfigKeys (ConfUtils.java:logGet(43)) - raft.server.log.use.memory = false (default)
2019-09-25 12:47:44,469 [pool-469-thread-1] INFO  server.RaftServerConfigKeys (ConfUtils.java:logGet(43)) - raft.server.log.segment.size.max = 1048576 (custom)
2019-09-25 12:47:44,469 [pool-429-thread-1] INFO  server.RaftServerConfigKeys (ConfUtils.java:logGet(43)) - raft.server.log.purge.gap = 1000000 (custom)
2019-09-25 12:47:44,469 [pool-469-thread-1] INFO  server.RaftServerConfigKeys (ConfUtils.java:logGet(43)) - raft.server.log.segment.cache.num.max = 2 (custom)
2019-09-25 12:47:44,469 [pool-409-thread-1] INFO  server.RaftServerConfigKeys (ConfUtils.java:logGet(43)) - raft.server.log.purge.gap = 1000000 (custom)
2019-09-25 12:47:44,469 [pool-469-thread-1] INFO  segmented.SegmentedRaftLogWorker (SegmentedRaftLogWorker.java:<init>(172)) - new 4cc4b627-b178-49fa-865f-0d962778a832@group-40801021FF8B-SegmentedRaftLogWorker for RaftStorage:Storage Directory /workdir/hadoop-ozone/integration-test/target/test-dir/MiniOzoneClusterImpl-a05466a5-072a-4920-8d71-d5d6ba4ffade/datanode-6/data/ratis/10ef5f64-6779-4324-8ce4-40801021ff8b
2019-09-25 12:47:44,469 [pool-429-thread-1] INFO  server.RaftServerConfigKeys (ConfUtils.java:logGet(43)) - raft.server.log.appender.buffer.byte-limit = 33554432 (custom)
2019-09-25 12:47:44,469 [pool-409-thread-1] INFO  server.RaftServerConfigKeys (ConfUtils.java:logGet(43)) - raft.server.log.appender.buffer.byte-limit = 33554432 (custom)
2019-09-25 12:47:44,470 [pool-429-thread-1] INFO  server.RaftServerConfigKeys (ConfUtils.java:logGet(43)) - raft.server.log.segment.size.max = 1048576 (custom)
2019-09-25 12:47:44,470 [pool-409-thread-1] INFO  server.RaftServerConfigKeys (ConfUtils.java:logGet(43)) - raft.server.log.segment.size.max = 1048576 (custom)
2019-09-25 12:47:44,470 [pool-429-thread-1] INFO  server.RaftServerConfigKeys (ConfUtils.java:logGet(43)) - raft.server.log.segment.cache.num.max = 2 (custom)
2019-09-25 12:47:44,470 [pool-409-thread-1] INFO  server.RaftServerConfigKeys (ConfUtils.java:logGet(43)) - raft.server.log.segment.cache.num.max = 2 (custom)
2019-09-25 12:47:44,471 [pool-429-thread-1] INFO  segmented.SegmentedRaftLogWorker (SegmentedRaftLogWorker.java:<init>(172)) - new 36c91996-c5f7-4a90-94d5-6233d5d955ee@group-40801021FF8B-SegmentedRaftLogWorker for RaftStorage:Storage Directory /workdir/hadoop-ozone/integration-test/target/test-dir/MiniOzoneClusterImpl-a05466a5-072a-4920-8d71-d5d6ba4ffade/datanode-2/data/ratis/10ef5f64-6779-4324-8ce4-40801021ff8b
2019-09-25 12:47:44,471 [pool-409-thread-1] INFO  segmented.SegmentedRaftLogWorker (SegmentedRaftLogWorker.java:<init>(172)) - new 9f6c202f-201d-45e7-83f4-0c55e914a711@group-40801021FF8B-SegmentedRaftLogWorker for RaftStorage:Storage Directory /workdir/hadoop-ozone/integration-test/target/test-dir/MiniOzoneClusterImpl-a05466a5-072a-4920-8d71-d5d6ba4ffade/datanode-0/data/ratis/10ef5f64-6779-4324-8ce4-40801021ff8b
2019-09-25 12:47:44,471 [pool-429-thread-1] INFO  server.RaftServerConfigKeys (ConfUtils.java:logGet(43)) - raft.server.log.queue.byte-limit = 2147483647 (custom)
2019-09-25 12:47:44,471 [pool-409-thread-1] INFO  server.RaftServerConfigKeys (ConfUtils.java:logGet(43)) - raft.server.log.queue.byte-limit = 2147483647 (custom)
2019-09-25 12:47:44,471 [pool-429-thread-1] INFO  server.RaftServerConfigKeys (ConfUtils.java:logGet(43)) - raft.server.log.queue.element-limit = 1024 (custom)
2019-09-25 12:47:44,471 [pool-409-thread-1] INFO  server.RaftServerConfigKeys (ConfUtils.java:logGet(43)) - raft.server.log.queue.element-limit = 1024 (custom)
2019-09-25 12:47:44,471 [pool-429-thread-1] INFO  server.RaftServerConfigKeys (ConfUtils.java:logGet(43)) - raft.server.log.segment.size.max = 1048576 (custom)
2019-09-25 12:47:44,472 [pool-409-thread-1] INFO  server.RaftServerConfigKeys (ConfUtils.java:logGet(43)) - raft.server.log.segment.size.max = 1048576 (custom)
2019-09-25 12:47:44,472 [pool-429-thread-1] INFO  server.RaftServerConfigKeys (ConfUtils.java:logGet(43)) - raft.server.log.preallocated.size = 16384 (custom)
2019-09-25 12:47:44,472 [pool-409-thread-1] INFO  server.RaftServerConfigKeys (ConfUtils.java:logGet(43)) - raft.server.log.preallocated.size = 16384 (custom)
2019-09-25 12:47:44,472 [pool-429-thread-1] INFO  server.RaftServerConfigKeys (ConfUtils.java:logGet(43)) - raft.server.log.write.buffer.size = 33554432 (custom)
2019-09-25 12:47:44,472 [pool-409-thread-1] INFO  server.RaftServerConfigKeys (ConfUtils.java:logGet(43)) - raft.server.log.write.buffer.size = 33554432 (custom)
2019-09-25 12:47:44,472 [pool-429-thread-1] INFO  server.RaftServerConfigKeys (ConfUtils.java:logGet(43)) - raft.server.log.force.sync.num = 128 (default)
2019-09-25 12:47:44,473 [pool-409-thread-1] INFO  server.RaftServerConfigKeys (ConfUtils.java:logGet(43)) - raft.server.log.force.sync.num = 128 (default)
2019-09-25 12:47:44,473 [pool-429-thread-1] INFO  server.RaftServerConfigKeys (ConfUtils.java:logGet(43)) - raft.server.log.statemachine.data.sync = true (default)
2019-09-25 12:47:44,473 [pool-409-thread-1] INFO  server.RaftServerConfigKeys (ConfUtils.java:logGet(43)) - raft.server.log.statemachine.data.sync = true (default)
2019-09-25 12:47:44,473 [pool-429-thread-1] INFO  server.RaftServerConfigKeys (ConfUtils.java:logGet(43)) - raft.server.log.statemachine.data.sync.timeout = 10s (default)
2019-09-25 12:47:44,473 [pool-469-thread-1] INFO  server.RaftServerConfigKeys (ConfUtils.java:logGet(43)) - raft.server.log.queue.byte-limit = 2147483647 (custom)
2019-09-25 12:47:44,473 [pool-409-thread-1] INFO  server.RaftServerConfigKeys (ConfUtils.java:logGet(43)) - raft.server.log.statemachine.data.sync.timeout = 10s (default)
2019-09-25 12:47:44,474 [pool-469-thread-1] INFO  server.RaftServerConfigKeys (ConfUtils.java:logGet(43)) - raft.server.log.queue.element-limit = 1024 (custom)
2019-09-25 12:47:44,473 [pool-429-thread-1] INFO  server.RaftServerConfigKeys (ConfUtils.java:logGet(43)) - raft.server.log.statemachine.data.sync.timeout.retry = -1 (default)
2019-09-25 12:47:44,474 [pool-469-thread-1] INFO  server.RaftServerConfigKeys (ConfUtils.java:logGet(43)) - raft.server.log.segment.size.max = 1048576 (custom)
2019-09-25 12:47:44,474 [pool-469-thread-1] INFO  server.RaftServerConfigKeys (ConfUtils.java:logGet(43)) - raft.server.log.preallocated.size = 16384 (custom)
2019-09-25 12:47:44,474 [pool-409-thread-1] INFO  server.RaftServerConfigKeys (ConfUtils.java:logGet(43)) - raft.server.log.statemachine.data.sync.timeout.retry = -1 (default)
2019-09-25 12:47:44,474 [pool-469-thread-1] INFO  server.RaftServerConfigKeys (ConfUtils.java:logGet(43)) - raft.server.log.write.buffer.size = 33554432 (custom)
2019-09-25 12:47:44,474 [pool-429-thread-1] INFO  server.RaftServerConfigKeys (ConfUtils.java:logGet(43)) - raft.server.log.statemachine.data.caching.enabled = true (custom)
2019-09-25 12:47:44,475 [pool-469-thread-1] INFO  server.RaftServerConfigKeys (ConfUtils.java:logGet(43)) - raft.server.log.force.sync.num = 128 (default)
2019-09-25 12:47:44,475 [pool-429-thread-1] INFO  segmented.SegmentedRaftLogWorker (SegmentedRaftLogWorker.java:lambda$new$0(132)) - 36c91996-c5f7-4a90-94d5-6233d5d955ee@group-40801021FF8B-SegmentedRaftLogWorker: flushIndex: setUnconditionally 0 -> -1
2019-09-25 12:47:44,475 [pool-409-thread-1] INFO  server.RaftServerConfigKeys (ConfUtils.java:logGet(43)) - raft.server.log.statemachine.data.caching.enabled = true (custom)
2019-09-25 12:47:44,475 [pool-429-thread-1] INFO  server.RaftServerConfigKeys (ConfUtils.java:logGet(43)) - raft.server.snapshot.auto.trigger.enabled = true (custom)
2019-09-25 12:47:44,475 [pool-469-thread-1] INFO  server.RaftServerConfigKeys (ConfUtils.java:logGet(43)) - raft.server.log.statemachine.data.sync = true (default)
2019-09-25 12:47:44,476 [pool-429-thread-1] INFO  server.RaftServerConfigKeys (ConfUtils.java:logGet(43)) - raft.server.snapshot.auto.trigger.threshold = 10000 (custom)
2019-09-25 12:47:44,476 [pool-409-thread-1] INFO  segmented.SegmentedRaftLogWorker (SegmentedRaftLogWorker.java:lambda$new$0(132)) - 9f6c202f-201d-45e7-83f4-0c55e914a711@group-40801021FF8B-SegmentedRaftLogWorker: flushIndex: setUnconditionally 0 -> -1
2019-09-25 12:47:44,476 [pool-429-thread-1] INFO  server.RaftServerConfigKeys (ConfUtils.java:logGet(43)) - raft.server.snapshot.retention.num.files = 5 (custom)
2019-09-25 12:47:44,476 [pool-469-thread-1] INFO  server.RaftServerConfigKeys (ConfUtils.java:logGet(43)) - raft.server.log.statemachine.data.sync.timeout = 10s (default)
2019-09-25 12:47:44,476 [pool-409-thread-1] INFO  server.RaftServerConfigKeys (ConfUtils.java:logGet(43)) - raft.server.snapshot.auto.trigger.enabled = true (custom)
2019-09-25 12:47:44,476 [pool-429-thread-1] INFO  server.RaftServerConfigKeys (ConfUtils.java:logGet(43)) - raft.server.retrycache.expirytime = 600000ms (custom)
2019-09-25 12:47:44,477 [pool-409-thread-1] INFO  server.RaftServerConfigKeys (ConfUtils.java:logGet(43)) - raft.server.snapshot.auto.trigger.threshold = 10000 (custom)
2019-09-25 12:47:44,476 [pool-469-thread-1] INFO  server.RaftServerConfigKeys (ConfUtils.java:logGet(43)) - raft.server.log.statemachine.data.sync.timeout.retry = -1 (default)
2019-09-25 12:47:44,477 [pool-409-thread-1] INFO  server.RaftServerConfigKeys (ConfUtils.java:logGet(43)) - raft.server.snapshot.retention.num.files = 5 (custom)
2019-09-25 12:47:44,477 [pool-469-thread-1] INFO  server.RaftServerConfigKeys (ConfUtils.java:logGet(43)) - raft.server.log.statemachine.data.caching.enabled = true (custom)
2019-09-25 12:47:44,477 [pool-409-thread-1] INFO  server.RaftServerConfigKeys (ConfUtils.java:logGet(43)) - raft.server.retrycache.expirytime = 600000ms (custom)
2019-09-25 12:47:44,477 [pool-469-thread-1] INFO  segmented.SegmentedRaftLogWorker (SegmentedRaftLogWorker.java:lambda$new$0(132)) - 4cc4b627-b178-49fa-865f-0d962778a832@group-40801021FF8B-SegmentedRaftLogWorker: flushIndex: setUnconditionally 0 -> -1
2019-09-25 12:47:44,478 [pool-469-thread-1] INFO  server.RaftServerConfigKeys (ConfUtils.java:logGet(43)) - raft.server.snapshot.auto.trigger.enabled = true (custom)
2019-09-25 12:47:44,478 [pool-469-thread-1] INFO  server.RaftServerConfigKeys (ConfUtils.java:logGet(43)) - raft.server.snapshot.auto.trigger.threshold = 10000 (custom)
2019-09-25 12:47:44,478 [pool-469-thread-1] INFO  server.RaftServerConfigKeys (ConfUtils.java:logGet(43)) - raft.server.snapshot.retention.num.files = 5 (custom)
2019-09-25 12:47:44,478 [pool-469-thread-1] INFO  server.RaftServerConfigKeys (ConfUtils.java:logGet(43)) - raft.server.retrycache.expirytime = 600000ms (custom)
2019-09-25 12:47:44,478 [pool-429-thread-1] INFO  impl.RaftServerImpl (RaftServerImpl.java:start(185)) - 36c91996-c5f7-4a90-94d5-6233d5d955ee@group-40801021FF8B: start as a follower, conf=-1: [36c91996-c5f7-4a90-94d5-6233d5d955ee:192.168.151.66:33656, 4cc4b627-b178-49fa-865f-0d962778a832:192.168.151.66:46264, 9f6c202f-201d-45e7-83f4-0c55e914a711:192.168.151.66:41695], old=null
2019-09-25 12:47:44,478 [pool-429-thread-1] INFO  impl.RaftServerImpl (RaftServerImpl.java:setRole(174)) - 36c91996-c5f7-4a90-94d5-6233d5d955ee@group-40801021FF8B: changes role from      null to FOLLOWER at term 0 for startAsFollower
2019-09-25 12:47:44,479 [pool-429-thread-1] INFO  impl.RoleInfo (RoleInfo.java:updateAndGet(143)) - 36c91996-c5f7-4a90-94d5-6233d5d955ee: start FollowerState
2019-09-25 12:47:44,479 [pool-429-thread-1] INFO  util.JmxRegister (JmxRegister.java:tryRegister(44)) - Successfully registered JMX Bean with object name Ratis:service=RaftServer,group=group-40801021FF8B,id=36c91996-c5f7-4a90-94d5-6233d5d955ee
2019-09-25 12:47:44,480 [pool-409-thread-1] INFO  impl.RaftServerImpl (RaftServerImpl.java:start(185)) - 9f6c202f-201d-45e7-83f4-0c55e914a711@group-40801021FF8B: start as a follower, conf=-1: [36c91996-c5f7-4a90-94d5-6233d5d955ee:192.168.151.66:33656, 4cc4b627-b178-49fa-865f-0d962778a832:192.168.151.66:46264, 9f6c202f-201d-45e7-83f4-0c55e914a711:192.168.151.66:41695], old=null
2019-09-25 12:47:44,480 [pool-409-thread-1] INFO  impl.RaftServerImpl (RaftServerImpl.java:setRole(174)) - 9f6c202f-201d-45e7-83f4-0c55e914a711@group-40801021FF8B: changes role from      null to FOLLOWER at term 0 for startAsFollower
2019-09-25 12:47:44,480 [pool-409-thread-1] INFO  impl.RoleInfo (RoleInfo.java:updateAndGet(143)) - 9f6c202f-201d-45e7-83f4-0c55e914a711: start FollowerState
2019-09-25 12:47:44,480 [pool-409-thread-1] INFO  util.JmxRegister (JmxRegister.java:tryRegister(44)) - Successfully registered JMX Bean with object name Ratis:service=RaftServer,group=group-40801021FF8B,id=9f6c202f-201d-45e7-83f4-0c55e914a711
2019-09-25 12:47:44,481 [pool-469-thread-1] INFO  impl.RaftServerImpl (RaftServerImpl.java:start(185)) - 4cc4b627-b178-49fa-865f-0d962778a832@group-40801021FF8B: start as a follower, conf=-1: [36c91996-c5f7-4a90-94d5-6233d5d955ee:192.168.151.66:33656, 4cc4b627-b178-49fa-865f-0d962778a832:192.168.151.66:46264, 9f6c202f-201d-45e7-83f4-0c55e914a711:192.168.151.66:41695], old=null
2019-09-25 12:47:44,481 [pool-469-thread-1] INFO  impl.RaftServerImpl (RaftServerImpl.java:setRole(174)) - 4cc4b627-b178-49fa-865f-0d962778a832@group-40801021FF8B: changes role from      null to FOLLOWER at term 0 for startAsFollower
2019-09-25 12:47:44,481 [pool-469-thread-1] INFO  impl.RoleInfo (RoleInfo.java:updateAndGet(143)) - 4cc4b627-b178-49fa-865f-0d962778a832: start FollowerState
2019-09-25 12:47:44,481 [pool-469-thread-1] INFO  util.JmxRegister (JmxRegister.java:tryRegister(44)) - Successfully registered JMX Bean with object name Ratis:service=RaftServer,group=group-40801021FF8B,id=4cc4b627-b178-49fa-865f-0d962778a832
2019-09-25 12:47:44,483 [RatisPipelineUtilsThread] INFO  pipeline.PipelineStateManager (PipelineStateManager.java:addPipeline(56)) - Created pipeline Pipeline[ Id: 10ef5f64-6779-4324-8ce4-40801021ff8b, Nodes: 4cc4b627-b178-49fa-865f-0d962778a832{ip: 192.168.151.66, host: pr-hdds-2175-t596l-953197546, networkLocation: /default-rack, certSerialId: null}36c91996-c5f7-4a90-94d5-6233d5d955ee{ip: 192.168.151.66, host: pr-hdds-2175-t596l-953197546, networkLocation: /default-rack, certSerialId: null}9f6c202f-201d-45e7-83f4-0c55e914a711{ip: 192.168.151.66, host: pr-hdds-2175-t596l-953197546, networkLocation: /default-rack, certSerialId: null}, Type:RATIS, Factor:THREE, State:OPEN]
2019-09-25 12:47:44,490 [grpc-default-executor-7] INFO  impl.RaftServerProxy (RaftServerProxy.java:addNew(89)) - 4cc4b627-b178-49fa-865f-0d962778a832: addNew group-F1E51872BDC0:[4cc4b627-b178-49fa-865f-0d962778a832:192.168.151.66:46264] returns group-F1E51872BDC0:java.util.concurrent.CompletableFuture@2d2a6317[Not completed]
2019-09-25 12:47:44,491 [pool-469-thread-1] INFO  impl.RaftServerImpl (RaftServerImpl.java:<init>(95)) - 4cc4b627-b178-49fa-865f-0d962778a832: new RaftServerImpl for group-F1E51872BDC0:[4cc4b627-b178-49fa-865f-0d962778a832:192.168.151.66:46264] with ContainerStateMachine:uninitialized
2019-09-25 12:47:44,493 [pool-469-thread-1] INFO  server.RaftServerConfigKeys (ConfUtils.java:logGet(43)) - raft.server.rpc.timeout.min = 5s (custom)
2019-09-25 12:47:44,493 [pool-469-thread-1] INFO  server.RaftServerConfigKeys (ConfUtils.java:logGet(43)) - raft.server.rpc.timeout.max = 5200ms (custom)
2019-09-25 12:47:44,493 [pool-469-thread-1] INFO  server.RaftServerConfigKeys (ConfUtils.java:logGet(43)) - raft.server.rpcslowness.timeout = 120s (custom)
2019-09-25 12:47:44,493 [pool-469-thread-1] INFO  server.RaftServerConfigKeys (ConfUtils.java:logGet(43)) - raft.server.sleep.deviation.threshold = 300 (default)
2019-09-25 12:47:44,493 [pool-469-thread-1] INFO  server.RaftServerConfigKeys (ConfUtils.java:logGet(43)) - raft.server.log.appender.install.snapshot.enabled = false (custom)
2019-09-25 12:47:44,494 [pool-469-thread-1] INFO  impl.RaftServerImpl (ServerState.java:<init>(103)) - 4cc4b627-b178-49fa-865f-0d962778a832@group-F1E51872BDC0: ConfigurationManager, init=-1: [4cc4b627-b178-49fa-865f-0d962778a832:192.168.151.66:46264], old=null, confs=<EMPTY_MAP>
2019-09-25 12:47:44,494 [pool-469-thread-1] INFO  server.RaftServerConfigKeys (ConfUtils.java:logGet(43)) - raft.server.storage.dir = [/workdir/hadoop-ozone/integration-test/target/test-dir/MiniOzoneClusterImpl-a05466a5-072a-4920-8d71-d5d6ba4ffade/datanode-6/data/ratis] (custom)
2019-09-25 12:47:44,494 [pool-469-thread-1] INFO  storage.RaftStorageDirectory (RaftStorageDirectory.java:analyzeStorage(246)) - The storage directory /workdir/hadoop-ozone/integration-test/target/test-dir/MiniOzoneClusterImpl-a05466a5-072a-4920-8d71-d5d6ba4ffade/datanode-6/data/ratis/4050a98f-06a5-4517-aa1d-f1e51872bdc0 does not exist. Creating ...
2019-09-25 12:47:44,520 [pool-469-thread-1] INFO  storage.RaftStorageDirectory (RaftStorageDirectory.java:tryLock(328)) - Lock on /workdir/hadoop-ozone/integration-test/target/test-dir/MiniOzoneClusterImpl-a05466a5-072a-4920-8d71-d5d6ba4ffade/datanode-6/data/ratis/4050a98f-06a5-4517-aa1d-f1e51872bdc0/in_use.lock acquired by nodename 19101@pr-hdds-2175-t596l-953197546
2019-09-25 12:47:44,547 [pool-469-thread-1] INFO  storage.RaftStorage (RaftStorage.java:format(72)) - Storage directory /workdir/hadoop-ozone/integration-test/target/test-dir/MiniOzoneClusterImpl-a05466a5-072a-4920-8d71-d5d6ba4ffade/datanode-6/data/ratis/4050a98f-06a5-4517-aa1d-f1e51872bdc0 has been successfully formatted.
2019-09-25 12:47:44,547 [pool-469-thread-1] INFO  ratis.ContainerStateMachine (ContainerStateMachine.java:loadSnapshot(230)) - group-F1E51872BDC0: The snapshot info is null. Setting the last applied indexto:(t:0, i:~)
2019-09-25 12:47:44,547 [pool-469-thread-1] INFO  server.RaftServerConfigKeys (ConfUtils.java:logGet(43)) - raft.server.notification.no-leader.timeout = 120s (custom)
2019-09-25 12:47:44,547 [pool-469-thread-1] INFO  server.RaftServerConfigKeys (ConfUtils.java:logGet(43)) - raft.server.log.use.memory = false (default)
2019-09-25 12:47:44,550 [pool-469-thread-1] INFO  server.RaftServerConfigKeys (ConfUtils.java:logGet(43)) - raft.server.log.purge.gap = 1000000 (custom)
2019-09-25 12:47:44,550 [pool-469-thread-1] INFO  server.RaftServerConfigKeys (ConfUtils.java:logGet(43)) - raft.server.log.appender.buffer.byte-limit = 33554432 (custom)
2019-09-25 12:47:44,550 [pool-469-thread-1] INFO  server.RaftServerConfigKeys (ConfUtils.java:logGet(43)) - raft.server.log.segment.size.max = 1048576 (custom)
2019-09-25 12:47:44,550 [pool-469-thread-1] INFO  server.RaftServerConfigKeys (ConfUtils.java:logGet(43)) - raft.server.log.segment.cache.num.max = 2 (custom)
2019-09-25 12:47:44,550 [pool-469-thread-1] INFO  segmented.SegmentedRaftLogWorker (SegmentedRaftLogWorker.java:<init>(172)) - new 4cc4b627-b178-49fa-865f-0d962778a832@group-F1E51872BDC0-SegmentedRaftLogWorker for RaftStorage:Storage Directory /workdir/hadoop-ozone/integration-test/target/test-dir/MiniOzoneClusterImpl-a05466a5-072a-4920-8d71-d5d6ba4ffade/datanode-6/data/ratis/4050a98f-06a5-4517-aa1d-f1e51872bdc0
2019-09-25 12:47:44,551 [pool-469-thread-1] INFO  server.RaftServerConfigKeys (ConfUtils.java:logGet(43)) - raft.server.log.queue.byte-limit = 2147483647 (custom)
2019-09-25 12:47:44,551 [pool-469-thread-1] INFO  server.RaftServerConfigKeys (ConfUtils.java:logGet(43)) - raft.server.log.queue.element-limit = 1024 (custom)
2019-09-25 12:47:44,551 [pool-469-thread-1] INFO  server.RaftServerConfigKeys (ConfUtils.java:logGet(43)) - raft.server.log.segment.size.max = 1048576 (custom)
2019-09-25 12:47:44,551 [pool-469-thread-1] INFO  server.RaftServerConfigKeys (ConfUtils.java:logGet(43)) - raft.server.log.preallocated.size = 16384 (custom)
2019-09-25 12:47:44,551 [pool-469-thread-1] INFO  server.RaftServerConfigKeys (ConfUtils.java:logGet(43)) - raft.server.log.write.buffer.size = 33554432 (custom)
2019-09-25 12:47:44,551 [pool-469-thread-1] INFO  server.RaftServerConfigKeys (ConfUtils.java:logGet(43)) - raft.server.log.force.sync.num = 128 (default)
2019-09-25 12:47:44,551 [pool-469-thread-1] INFO  server.RaftServerConfigKeys (ConfUtils.java:logGet(43)) - raft.server.log.statemachine.data.sync = true (default)
2019-09-25 12:47:44,552 [pool-469-thread-1] INFO  server.RaftServerConfigKeys (ConfUtils.java:logGet(43)) - raft.server.log.statemachine.data.sync.timeout = 10s (default)
2019-09-25 12:47:44,552 [pool-469-thread-1] INFO  server.RaftServerConfigKeys (ConfUtils.java:logGet(43)) - raft.server.log.statemachine.data.sync.timeout.retry = -1 (default)
2019-09-25 12:47:44,552 [pool-469-thread-1] INFO  server.RaftServerConfigKeys (ConfUtils.java:logGet(43)) - raft.server.log.statemachine.data.caching.enabled = true (custom)
2019-09-25 12:47:44,552 [pool-469-thread-1] INFO  segmented.SegmentedRaftLogWorker (SegmentedRaftLogWorker.java:lambda$new$0(132)) - 4cc4b627-b178-49fa-865f-0d962778a832@group-F1E51872BDC0-SegmentedRaftLogWorker: flushIndex: setUnconditionally 0 -> -1
2019-09-25 12:47:44,553 [pool-469-thread-1] INFO  server.RaftServerConfigKeys (ConfUtils.java:logGet(43)) - raft.server.snapshot.auto.trigger.enabled = true (custom)
2019-09-25 12:47:44,553 [pool-469-thread-1] INFO  server.RaftServerConfigKeys (ConfUtils.java:logGet(43)) - raft.server.snapshot.auto.trigger.threshold = 10000 (custom)
2019-09-25 12:47:44,553 [pool-469-thread-1] INFO  server.RaftServerConfigKeys (ConfUtils.java:logGet(43)) - raft.server.snapshot.retention.num.files = 5 (custom)
2019-09-25 12:47:44,553 [pool-469-thread-1] INFO  server.RaftServerConfigKeys (ConfUtils.java:logGet(43)) - raft.server.retrycache.expirytime = 600000ms (custom)
2019-09-25 12:47:44,555 [pool-469-thread-1] INFO  impl.RaftServerImpl (RaftServerImpl.java:start(185)) - 4cc4b627-b178-49fa-865f-0d962778a832@group-F1E51872BDC0: start as a follower, conf=-1: [4cc4b627-b178-49fa-865f-0d962778a832:192.168.151.66:46264], old=null
2019-09-25 12:47:44,555 [pool-469-thread-1] INFO  impl.RaftServerImpl (RaftServerImpl.java:setRole(174)) - 4cc4b627-b178-49fa-865f-0d962778a832@group-F1E51872BDC0: changes role from      null to FOLLOWER at term 0 for startAsFollower
2019-09-25 12:47:44,555 [pool-469-thread-1] INFO  impl.RoleInfo (RoleInfo.java:updateAndGet(143)) - 4cc4b627-b178-49fa-865f-0d962778a832: start FollowerState
2019-09-25 12:47:44,556 [pool-469-thread-1] INFO  util.JmxRegister (JmxRegister.java:tryRegister(44)) - Successfully registered JMX Bean with object name Ratis:service=RaftServer,group=group-F1E51872BDC0,id=4cc4b627-b178-49fa-865f-0d962778a832
2019-09-25 12:47:44,558 [RatisPipelineUtilsThread] INFO  pipeline.PipelineStateManager (PipelineStateManager.java:addPipeline(56)) - Created pipeline Pipeline[ Id: 4050a98f-06a5-4517-aa1d-f1e51872bdc0, Nodes: 4cc4b627-b178-49fa-865f-0d962778a832{ip: 192.168.151.66, host: pr-hdds-2175-t596l-953197546, networkLocation: /default-rack, certSerialId: null}, Type:RATIS, Factor:ONE, State:OPEN]
2019-09-25 12:47:45,327 [main] INFO  ozone.MiniOzoneClusterImpl (MiniOzoneClusterImpl.java:lambda$waitForClusterToBeReady$0(147)) - Cluster is ready. Got 7 of 7 DN Heartbeats.
2019-09-25 12:47:45,368 [main] INFO  rpc.RpcClient (RpcClient.java:createVolume(276)) - Creating Volume: testblockoutputstream, with jenkins1000 as owner.
2019-09-25 12:47:45,372 [IPC Server handler 2 on 33935] INFO  volume.OMVolumeCreateRequest (OMVolumeCreateRequest.java:validateAndUpdateCache(194)) - created volume:testblockoutputstream for user:jenkins1000
2019-09-25 12:47:45,388 [main] INFO  rpc.RpcClient (RpcClient.java:createBucket(415)) - Creating Bucket: testblockoutputstream/testblockoutputstream, with Versioning false and Storage Type set to DISK and Encryption set to false 
2019-09-25 12:47:46,971 [Thread-3063] INFO  container.ReplicationManager (ReplicationManager.java:start(162)) - Starting Replication Monitor Thread.
2019-09-25 12:47:46,976 [ReplicationMonitor] INFO  container.ReplicationManager (ReplicationManager.java:run(225)) - Replication Monitor Thread took 0 milliseconds for processing 1 containers.
2019-09-25 12:47:49,140 [Thread-3071] INFO  impl.FollowerState (FollowerState.java:run(106)) - 36c91996-c5f7-4a90-94d5-6233d5d955ee:group-1B1B0E6C7CC2 changes to CANDIDATE, lastRpcTime:5002, electionTimeout:5002ms
2019-09-25 12:47:49,142 [Thread-3071] INFO  impl.RoleInfo (RoleInfo.java:shutdownFollowerState(121)) - 36c91996-c5f7-4a90-94d5-6233d5d955ee: shutdown FollowerState
2019-09-25 12:47:49,142 [Thread-3071] INFO  impl.RaftServerImpl (RaftServerImpl.java:setRole(174)) - 36c91996-c5f7-4a90-94d5-6233d5d955ee@group-1B1B0E6C7CC2: changes role from  FOLLOWER to CANDIDATE at term 0 for changeToCandidate
2019-09-25 12:47:49,142 [Thread-3071] INFO  impl.RoleInfo (RoleInfo.java:updateAndGet(143)) - 36c91996-c5f7-4a90-94d5-6233d5d955ee: start LeaderElection
2019-09-25 12:47:49,168 [36c91996-c5f7-4a90-94d5-6233d5d955ee@group-1B1B0E6C7CC2:LeaderElection68] INFO  impl.LeaderElection (LeaderElection.java:askForVotes(182)) - 36c91996-c5f7-4a90-94d5-6233d5d955ee@group-1B1B0E6C7CC2:LeaderElection68: begin an election at term 1 for -1: [36c91996-c5f7-4a90-94d5-6233d5d955ee:192.168.151.66:33656], old=null
2019-09-25 12:47:49,169 [36c91996-c5f7-4a90-94d5-6233d5d955ee@group-1B1B0E6C7CC2:LeaderElection68] INFO  impl.RoleInfo (RoleInfo.java:shutdownLeaderElection(134)) - 36c91996-c5f7-4a90-94d5-6233d5d955ee: shutdown LeaderElection
2019-09-25 12:47:49,169 [36c91996-c5f7-4a90-94d5-6233d5d955ee@group-1B1B0E6C7CC2:LeaderElection68] INFO  impl.RaftServerImpl (RaftServerImpl.java:setRole(174)) - 36c91996-c5f7-4a90-94d5-6233d5d955ee@group-1B1B0E6C7CC2: changes role from CANDIDATE to LEADER at term 1 for changeToLeader
2019-09-25 12:47:49,169 [36c91996-c5f7-4a90-94d5-6233d5d955ee@group-1B1B0E6C7CC2:LeaderElection68] INFO  impl.RaftServerImpl (ServerState.java:setLeader(253)) - 36c91996-c5f7-4a90-94d5-6233d5d955ee@group-1B1B0E6C7CC2: change Leader from null to 36c91996-c5f7-4a90-94d5-6233d5d955ee at term 1 for becomeLeader, leader elected after 5037ms
2019-09-25 12:47:49,169 [36c91996-c5f7-4a90-94d5-6233d5d955ee@group-1B1B0E6C7CC2:LeaderElection68] INFO  server.RaftServerConfigKeys (ConfUtils.java:logGet(43)) - raft.server.staging.catchup.gap = 1000 (default)
2019-09-25 12:47:49,170 [36c91996-c5f7-4a90-94d5-6233d5d955ee@group-1B1B0E6C7CC2:LeaderElection68] INFO  server.RaftServerConfigKeys (ConfUtils.java:logGet(43)) - raft.server.rpc.sleep.time = 25ms (default)
2019-09-25 12:47:49,170 [36c91996-c5f7-4a90-94d5-6233d5d955ee@group-1B1B0E6C7CC2:LeaderElection68] INFO  server.RaftServerConfigKeys (ConfUtils.java:logGet(43)) - raft.server.write.element-limit = 4096 (default)
2019-09-25 12:47:49,170 [36c91996-c5f7-4a90-94d5-6233d5d955ee@group-1B1B0E6C7CC2:LeaderElection68] INFO  server.RaftServerConfigKeys (ConfUtils.java:logGet(43)) - raft.server.watch.timeout = 10s (default)
2019-09-25 12:47:49,171 [36c91996-c5f7-4a90-94d5-6233d5d955ee@group-1B1B0E6C7CC2:LeaderElection68] INFO  server.RaftServerConfigKeys (ConfUtils.java:logGet(43)) - raft.server.watch.timeout.denomination = 1s (default)
2019-09-25 12:47:49,171 [36c91996-c5f7-4a90-94d5-6233d5d955ee@group-1B1B0E6C7CC2:LeaderElection68] INFO  server.RaftServerConfigKeys (ConfUtils.java:logGet(43)) - raft.server.watch.element-limit = 65536 (default)
2019-09-25 12:47:49,176 [36c91996-c5f7-4a90-94d5-6233d5d955ee@group-1B1B0E6C7CC2:LeaderElection68] INFO  impl.RoleInfo (RoleInfo.java:updateAndGet(143)) - 36c91996-c5f7-4a90-94d5-6233d5d955ee: start LeaderState
2019-09-25 12:47:49,177 [36c91996-c5f7-4a90-94d5-6233d5d955ee@group-1B1B0E6C7CC2:LeaderElection68] INFO  segmented.SegmentedRaftLogWorker (SegmentedRaftLogWorker.java:startLogSegment(380)) - 36c91996-c5f7-4a90-94d5-6233d5d955ee@group-1B1B0E6C7CC2-SegmentedRaftLogWorker: Starting segment from index:0
2019-09-25 12:47:49,179 [36c91996-c5f7-4a90-94d5-6233d5d955ee@group-1B1B0E6C7CC2:LeaderElection68] INFO  impl.RaftServerImpl (ServerState.java:setRaftConf(354)) - 36c91996-c5f7-4a90-94d5-6233d5d955ee@group-1B1B0E6C7CC2: set configuration 0: [36c91996-c5f7-4a90-94d5-6233d5d955ee:192.168.151.66:33656], old=null at 0
2019-09-25 12:47:49,188 [Thread-3065] INFO  impl.FollowerState (FollowerState.java:run(106)) - 9f6c202f-201d-45e7-83f4-0c55e914a711:group-F16EDAD6EC9C changes to CANDIDATE, lastRpcTime:5138, electionTimeout:5138ms
2019-09-25 12:47:49,188 [Thread-3065] INFO  impl.RoleInfo (RoleInfo.java:shutdownFollowerState(121)) - 9f6c202f-201d-45e7-83f4-0c55e914a711: shutdown FollowerState
2019-09-25 12:47:49,188 [Thread-3065] INFO  impl.RaftServerImpl (RaftServerImpl.java:setRole(174)) - 9f6c202f-201d-45e7-83f4-0c55e914a711@group-F16EDAD6EC9C: changes role from  FOLLOWER to CANDIDATE at term 0 for changeToCandidate
2019-09-25 12:47:49,188 [Thread-3065] INFO  impl.RoleInfo (RoleInfo.java:updateAndGet(143)) - 9f6c202f-201d-45e7-83f4-0c55e914a711: start LeaderElection
2019-09-25 12:47:49,237 [36c91996-c5f7-4a90-94d5-6233d5d955ee@group-1B1B0E6C7CC2-SegmentedRaftLogWorker] INFO  segmented.SegmentedRaftLogWorker (SegmentedRaftLogWorker.java:execute(569)) - 36c91996-c5f7-4a90-94d5-6233d5d955ee@group-1B1B0E6C7CC2-SegmentedRaftLogWorker: created new log segment /workdir/hadoop-ozone/integration-test/target/test-dir/MiniOzoneClusterImpl-a05466a5-072a-4920-8d71-d5d6ba4ffade/datanode-2/data/ratis/6ca8b6fc-6701-4da8-9ba3-1b1b0e6c7cc2/current/log_inprogress_0
2019-09-25 12:47:49,237 [Thread-3068] INFO  impl.FollowerState (FollowerState.java:run(106)) - 2e2a41db-3d1f-4483-92cc-510291bd68f3:group-44D54F6D1432 changes to CANDIDATE, lastRpcTime:5142, electionTimeout:5140ms
2019-09-25 12:47:49,237 [Thread-3068] INFO  impl.RoleInfo (RoleInfo.java:shutdownFollowerState(121)) - 2e2a41db-3d1f-4483-92cc-510291bd68f3: shutdown FollowerState
2019-09-25 12:47:49,237 [Thread-3068] INFO  impl.RaftServerImpl (RaftServerImpl.java:setRole(174)) - 2e2a41db-3d1f-4483-92cc-510291bd68f3@group-44D54F6D1432: changes role from  FOLLOWER to CANDIDATE at term 0 for changeToCandidate
2019-09-25 12:47:49,237 [Thread-3068] INFO  impl.RoleInfo (RoleInfo.java:updateAndGet(143)) - 2e2a41db-3d1f-4483-92cc-510291bd68f3: start LeaderElection
2019-09-25 12:47:49,263 [9f6c202f-201d-45e7-83f4-0c55e914a711@group-F16EDAD6EC9C:LeaderElection69] INFO  impl.LeaderElection (LeaderElection.java:askForVotes(182)) - 9f6c202f-201d-45e7-83f4-0c55e914a711@group-F16EDAD6EC9C:LeaderElection69: begin an election at term 1 for -1: [9f6c202f-201d-45e7-83f4-0c55e914a711:192.168.151.66:41695], old=null
2019-09-25 12:47:49,263 [2e2a41db-3d1f-4483-92cc-510291bd68f3@group-44D54F6D1432:LeaderElection70] INFO  impl.LeaderElection (LeaderElection.java:askForVotes(182)) - 2e2a41db-3d1f-4483-92cc-510291bd68f3@group-44D54F6D1432:LeaderElection70: begin an election at term 1 for -1: [2e2a41db-3d1f-4483-92cc-510291bd68f3:192.168.151.66:34821], old=null
2019-09-25 12:47:49,263 [9f6c202f-201d-45e7-83f4-0c55e914a711@group-F16EDAD6EC9C:LeaderElection69] INFO  impl.RoleInfo (RoleInfo.java:shutdownLeaderElection(134)) - 9f6c202f-201d-45e7-83f4-0c55e914a711: shutdown LeaderElection
2019-09-25 12:47:49,263 [2e2a41db-3d1f-4483-92cc-510291bd68f3@group-44D54F6D1432:LeaderElection70] INFO  impl.RoleInfo (RoleInfo.java:shutdownLeaderElection(134)) - 2e2a41db-3d1f-4483-92cc-510291bd68f3: shutdown LeaderElection
2019-09-25 12:47:49,263 [9f6c202f-201d-45e7-83f4-0c55e914a711@group-F16EDAD6EC9C:LeaderElection69] INFO  impl.RaftServerImpl (RaftServerImpl.java:setRole(174)) - 9f6c202f-201d-45e7-83f4-0c55e914a711@group-F16EDAD6EC9C: changes role from CANDIDATE to LEADER at term 1 for changeToLeader
2019-09-25 12:47:49,263 [2e2a41db-3d1f-4483-92cc-510291bd68f3@group-44D54F6D1432:LeaderElection70] INFO  impl.RaftServerImpl (RaftServerImpl.java:setRole(174)) - 2e2a41db-3d1f-4483-92cc-510291bd68f3@group-44D54F6D1432: changes role from CANDIDATE to LEADER at term 1 for changeToLeader
2019-09-25 12:47:49,263 [9f6c202f-201d-45e7-83f4-0c55e914a711@group-F16EDAD6EC9C:LeaderElection69] INFO  impl.RaftServerImpl (ServerState.java:setLeader(253)) - 9f6c202f-201d-45e7-83f4-0c55e914a711@group-F16EDAD6EC9C: change Leader from null to 9f6c202f-201d-45e7-83f4-0c55e914a711 at term 1 for becomeLeader, leader elected after 5224ms
2019-09-25 12:47:49,263 [2e2a41db-3d1f-4483-92cc-510291bd68f3@group-44D54F6D1432:LeaderElection70] INFO  impl.RaftServerImpl (ServerState.java:setLeader(253)) - 2e2a41db-3d1f-4483-92cc-510291bd68f3@group-44D54F6D1432: change Leader from null to 2e2a41db-3d1f-4483-92cc-510291bd68f3 at term 1 for becomeLeader, leader elected after 5175ms
2019-09-25 12:47:49,263 [9f6c202f-201d-45e7-83f4-0c55e914a711@group-F16EDAD6EC9C:LeaderElection69] INFO  server.RaftServerConfigKeys (ConfUtils.java:logGet(43)) - raft.server.staging.catchup.gap = 1000 (default)
2019-09-25 12:47:49,263 [2e2a41db-3d1f-4483-92cc-510291bd68f3@group-44D54F6D1432:LeaderElection70] INFO  server.RaftServerConfigKeys (ConfUtils.java:logGet(43)) - raft.server.staging.catchup.gap = 1000 (default)
2019-09-25 12:47:49,263 [9f6c202f-201d-45e7-83f4-0c55e914a711@group-F16EDAD6EC9C:LeaderElection69] INFO  server.RaftServerConfigKeys (ConfUtils.java:logGet(43)) - raft.server.rpc.sleep.time = 25ms (default)
2019-09-25 12:47:49,264 [2e2a41db-3d1f-4483-92cc-510291bd68f3@group-44D54F6D1432:LeaderElection70] INFO  server.RaftServerConfigKeys (ConfUtils.java:logGet(43)) - raft.server.rpc.sleep.time = 25ms (default)
2019-09-25 12:47:49,264 [9f6c202f-201d-45e7-83f4-0c55e914a711@group-F16EDAD6EC9C:LeaderElection69] INFO  server.RaftServerConfigKeys (ConfUtils.java:logGet(43)) - raft.server.write.element-limit = 4096 (default)
2019-09-25 12:47:49,264 [2e2a41db-3d1f-4483-92cc-510291bd68f3@group-44D54F6D1432:LeaderElection70] INFO  server.RaftServerConfigKeys (ConfUtils.java:logGet(43)) - raft.server.write.element-limit = 4096 (default)
2019-09-25 12:47:49,264 [9f6c202f-201d-45e7-83f4-0c55e914a711@group-F16EDAD6EC9C:LeaderElection69] INFO  server.RaftServerConfigKeys (ConfUtils.java:logGet(43)) - raft.server.watch.timeout = 10s (default)
2019-09-25 12:47:49,264 [2e2a41db-3d1f-4483-92cc-510291bd68f3@group-44D54F6D1432:LeaderElection70] INFO  server.RaftServerConfigKeys (ConfUtils.java:logGet(43)) - raft.server.watch.timeout = 10s (default)
2019-09-25 12:47:49,264 [9f6c202f-201d-45e7-83f4-0c55e914a711@group-F16EDAD6EC9C:LeaderElection69] INFO  server.RaftServerConfigKeys (ConfUtils.java:logGet(43)) - raft.server.watch.timeout.denomination = 1s (default)
2019-09-25 12:47:49,264 [2e2a41db-3d1f-4483-92cc-510291bd68f3@group-44D54F6D1432:LeaderElection70] INFO  server.RaftServerConfigKeys (ConfUtils.java:logGet(43)) - raft.server.watch.timeout.denomination = 1s (default)
2019-09-25 12:47:49,264 [9f6c202f-201d-45e7-83f4-0c55e914a711@group-F16EDAD6EC9C:LeaderElection69] INFO  server.RaftServerConfigKeys (ConfUtils.java:logGet(43)) - raft.server.watch.element-limit = 65536 (default)
2019-09-25 12:47:49,264 [2e2a41db-3d1f-4483-92cc-510291bd68f3@group-44D54F6D1432:LeaderElection70] INFO  server.RaftServerConfigKeys (ConfUtils.java:logGet(43)) - raft.server.watch.element-limit = 65536 (default)
2019-09-25 12:47:49,266 [9f6c202f-201d-45e7-83f4-0c55e914a711@group-F16EDAD6EC9C:LeaderElection69] INFO  impl.RoleInfo (RoleInfo.java:updateAndGet(143)) - 9f6c202f-201d-45e7-83f4-0c55e914a711: start LeaderState
2019-09-25 12:47:49,266 [2e2a41db-3d1f-4483-92cc-510291bd68f3@group-44D54F6D1432:LeaderElection70] INFO  impl.RoleInfo (RoleInfo.java:updateAndGet(143)) - 2e2a41db-3d1f-4483-92cc-510291bd68f3: start LeaderState
2019-09-25 12:47:49,266 [9f6c202f-201d-45e7-83f4-0c55e914a711@group-F16EDAD6EC9C:LeaderElection69] INFO  segmented.SegmentedRaftLogWorker (SegmentedRaftLogWorker.java:startLogSegment(380)) - 9f6c202f-201d-45e7-83f4-0c55e914a711@group-F16EDAD6EC9C-SegmentedRaftLogWorker: Starting segment from index:0
2019-09-25 12:47:49,266 [2e2a41db-3d1f-4483-92cc-510291bd68f3@group-44D54F6D1432:LeaderElection70] INFO  segmented.SegmentedRaftLogWorker (SegmentedRaftLogWorker.java:startLogSegment(380)) - 2e2a41db-3d1f-4483-92cc-510291bd68f3@group-44D54F6D1432-SegmentedRaftLogWorker: Starting segment from index:0
2019-09-25 12:47:49,267 [9f6c202f-201d-45e7-83f4-0c55e914a711@group-F16EDAD6EC9C:LeaderElection69] INFO  impl.RaftServerImpl (ServerState.java:setRaftConf(354)) - 9f6c202f-201d-45e7-83f4-0c55e914a711@group-F16EDAD6EC9C: set configuration 0: [9f6c202f-201d-45e7-83f4-0c55e914a711:192.168.151.66:41695], old=null at 0
2019-09-25 12:47:49,267 [2e2a41db-3d1f-4483-92cc-510291bd68f3@group-44D54F6D1432:LeaderElection70] INFO  impl.RaftServerImpl (ServerState.java:setRaftConf(354)) - 2e2a41db-3d1f-4483-92cc-510291bd68f3@group-44D54F6D1432: set configuration 0: [2e2a41db-3d1f-4483-92cc-510291bd68f3:192.168.151.66:34821], old=null at 0
2019-09-25 12:47:49,300 [Thread-3074] INFO  impl.FollowerState (FollowerState.java:run(106)) - 8cac1812-c792-42d2-8f80-be30857055bc:group-0F52DD4D75A6 changes to CANDIDATE, lastRpcTime:5092, electionTimeout:5087ms
2019-09-25 12:47:49,300 [Thread-3074] INFO  impl.RoleInfo (RoleInfo.java:shutdownFollowerState(121)) - 8cac1812-c792-42d2-8f80-be30857055bc: shutdown FollowerState
2019-09-25 12:47:49,300 [Thread-3074] INFO  impl.RaftServerImpl (RaftServerImpl.java:setRole(174)) - 8cac1812-c792-42d2-8f80-be30857055bc@group-0F52DD4D75A6: changes role from  FOLLOWER to CANDIDATE at term 0 for changeToCandidate
2019-09-25 12:47:49,301 [Thread-3074] INFO  impl.RoleInfo (RoleInfo.java:updateAndGet(143)) - 8cac1812-c792-42d2-8f80-be30857055bc: start LeaderElection
2019-09-25 12:47:49,338 [Thread-3080] INFO  impl.FollowerState (FollowerState.java:run(106)) - 3c2cd309-f96b-4683-9e8f-90e33ab63894:group-4C4F639FD5B4 changes to CANDIDATE, lastRpcTime:5020, electionTimeout:5013ms
2019-09-25 12:47:49,338 [9f6c202f-201d-45e7-83f4-0c55e914a711@group-F16EDAD6EC9C-SegmentedRaftLogWorker] INFO  segmented.SegmentedRaftLogWorker (SegmentedRaftLogWorker.java:execute(569)) - 9f6c202f-201d-45e7-83f4-0c55e914a711@group-F16EDAD6EC9C-SegmentedRaftLogWorker: created new log segment /workdir/hadoop-ozone/integration-test/target/test-dir/MiniOzoneClusterImpl-a05466a5-072a-4920-8d71-d5d6ba4ffade/datanode-0/data/ratis/9807e768-800d-4a03-8793-f16edad6ec9c/current/log_inprogress_0
2019-09-25 12:47:49,340 [Thread-3080] INFO  impl.RoleInfo (RoleInfo.java:shutdownFollowerState(121)) - 3c2cd309-f96b-4683-9e8f-90e33ab63894: shutdown FollowerState
2019-09-25 12:47:49,340 [Thread-3080] INFO  impl.RaftServerImpl (RaftServerImpl.java:setRole(174)) - 3c2cd309-f96b-4683-9e8f-90e33ab63894@group-4C4F639FD5B4: changes role from  FOLLOWER to CANDIDATE at term 0 for changeToCandidate
2019-09-25 12:47:49,341 [Thread-3080] INFO  impl.RoleInfo (RoleInfo.java:updateAndGet(143)) - 3c2cd309-f96b-4683-9e8f-90e33ab63894: start LeaderElection
2019-09-25 12:47:49,351 [2e2a41db-3d1f-4483-92cc-510291bd68f3@group-44D54F6D1432-SegmentedRaftLogWorker] INFO  segmented.SegmentedRaftLogWorker (SegmentedRaftLogWorker.java:execute(569)) - 2e2a41db-3d1f-4483-92cc-510291bd68f3@group-44D54F6D1432-SegmentedRaftLogWorker: created new log segment /workdir/hadoop-ozone/integration-test/target/test-dir/MiniOzoneClusterImpl-a05466a5-072a-4920-8d71-d5d6ba4ffade/datanode-1/data/ratis/4b0214dc-2ce5-4929-b238-44d54f6d1432/current/log_inprogress_0
2019-09-25 12:47:49,351 [8cac1812-c792-42d2-8f80-be30857055bc@group-0F52DD4D75A6:LeaderElection71] INFO  impl.LeaderElection (LeaderElection.java:askForVotes(182)) - 8cac1812-c792-42d2-8f80-be30857055bc@group-0F52DD4D75A6:LeaderElection71: begin an election at term 1 for -1: [8cac1812-c792-42d2-8f80-be30857055bc:192.168.151.66:37923], old=null
2019-09-25 12:47:49,351 [3c2cd309-f96b-4683-9e8f-90e33ab63894@group-4C4F639FD5B4:LeaderElection72] INFO  impl.LeaderElection (LeaderElection.java:askForVotes(182)) - 3c2cd309-f96b-4683-9e8f-90e33ab63894@group-4C4F639FD5B4:LeaderElection72: begin an election at term 1 for -1: [3c2cd309-f96b-4683-9e8f-90e33ab63894:192.168.151.66:46374], old=null
2019-09-25 12:47:49,351 [8cac1812-c792-42d2-8f80-be30857055bc@group-0F52DD4D75A6:LeaderElection71] INFO  impl.RoleInfo (RoleInfo.java:shutdownLeaderElection(134)) - 8cac1812-c792-42d2-8f80-be30857055bc: shutdown LeaderElection
2019-09-25 12:47:49,351 [3c2cd309-f96b-4683-9e8f-90e33ab63894@group-4C4F639FD5B4:LeaderElection72] INFO  impl.RoleInfo (RoleInfo.java:shutdownLeaderElection(134)) - 3c2cd309-f96b-4683-9e8f-90e33ab63894: shutdown LeaderElection
2019-09-25 12:47:49,351 [8cac1812-c792-42d2-8f80-be30857055bc@group-0F52DD4D75A6:LeaderElection71] INFO  impl.RaftServerImpl (RaftServerImpl.java:setRole(174)) - 8cac1812-c792-42d2-8f80-be30857055bc@group-0F52DD4D75A6: changes role from CANDIDATE to LEADER at term 1 for changeToLeader
2019-09-25 12:47:49,351 [3c2cd309-f96b-4683-9e8f-90e33ab63894@group-4C4F639FD5B4:LeaderElection72] INFO  impl.RaftServerImpl (RaftServerImpl.java:setRole(174)) - 3c2cd309-f96b-4683-9e8f-90e33ab63894@group-4C4F639FD5B4: changes role from CANDIDATE to LEADER at term 1 for changeToLeader
2019-09-25 12:47:49,351 [8cac1812-c792-42d2-8f80-be30857055bc@group-0F52DD4D75A6:LeaderElection71] INFO  impl.RaftServerImpl (ServerState.java:setLeader(253)) - 8cac1812-c792-42d2-8f80-be30857055bc@group-0F52DD4D75A6: change Leader from null to 8cac1812-c792-42d2-8f80-be30857055bc at term 1 for becomeLeader, leader elected after 5152ms
2019-09-25 12:47:49,351 [3c2cd309-f96b-4683-9e8f-90e33ab63894@group-4C4F639FD5B4:LeaderElection72] INFO  impl.RaftServerImpl (ServerState.java:setLeader(253)) - 3c2cd309-f96b-4683-9e8f-90e33ab63894@group-4C4F639FD5B4: change Leader from null to 3c2cd309-f96b-4683-9e8f-90e33ab63894 at term 1 for becomeLeader, leader elected after 5039ms
2019-09-25 12:47:49,351 [8cac1812-c792-42d2-8f80-be30857055bc@group-0F52DD4D75A6:LeaderElection71] INFO  server.RaftServerConfigKeys (ConfUtils.java:logGet(43)) - raft.server.staging.catchup.gap = 1000 (default)
2019-09-25 12:47:49,351 [3c2cd309-f96b-4683-9e8f-90e33ab63894@group-4C4F639FD5B4:LeaderElection72] INFO  server.RaftServerConfigKeys (ConfUtils.java:logGet(43)) - raft.server.staging.catchup.gap = 1000 (default)
2019-09-25 12:47:49,351 [8cac1812-c792-42d2-8f80-be30857055bc@group-0F52DD4D75A6:LeaderElection71] INFO  server.RaftServerConfigKeys (ConfUtils.java:logGet(43)) - raft.server.rpc.sleep.time = 25ms (default)
2019-09-25 12:47:49,352 [3c2cd309-f96b-4683-9e8f-90e33ab63894@group-4C4F639FD5B4:LeaderElection72] INFO  server.RaftServerConfigKeys (ConfUtils.java:logGet(43)) - raft.server.rpc.sleep.time = 25ms (default)
2019-09-25 12:47:49,352 [8cac1812-c792-42d2-8f80-be30857055bc@group-0F52DD4D75A6:LeaderElection71] INFO  server.RaftServerConfigKeys (ConfUtils.java:logGet(43)) - raft.server.write.element-limit = 4096 (default)
2019-09-25 12:47:49,352 [3c2cd309-f96b-4683-9e8f-90e33ab63894@group-4C4F639FD5B4:LeaderElection72] INFO  server.RaftServerConfigKeys (ConfUtils.java:logGet(43)) - raft.server.write.element-limit = 4096 (default)
2019-09-25 12:47:49,352 [8cac1812-c792-42d2-8f80-be30857055bc@group-0F52DD4D75A6:LeaderElection71] INFO  server.RaftServerConfigKeys (ConfUtils.java:logGet(43)) - raft.server.watch.timeout = 10s (default)
2019-09-25 12:47:49,352 [3c2cd309-f96b-4683-9e8f-90e33ab63894@group-4C4F639FD5B4:LeaderElection72] INFO  server.RaftServerConfigKeys (ConfUtils.java:logGet(43)) - raft.server.watch.timeout = 10s (default)
2019-09-25 12:47:49,352 [8cac1812-c792-42d2-8f80-be30857055bc@group-0F52DD4D75A6:LeaderElection71] INFO  server.RaftServerConfigKeys (ConfUtils.java:logGet(43)) - raft.server.watch.timeout.denomination = 1s (default)
2019-09-25 12:47:49,352 [3c2cd309-f96b-4683-9e8f-90e33ab63894@group-4C4F639FD5B4:LeaderElection72] INFO  server.RaftServerConfigKeys (ConfUtils.java:logGet(43)) - raft.server.watch.timeout.denomination = 1s (default)
2019-09-25 12:47:49,352 [8cac1812-c792-42d2-8f80-be30857055bc@group-0F52DD4D75A6:LeaderElection71] INFO  server.RaftServerConfigKeys (ConfUtils.java:logGet(43)) - raft.server.watch.element-limit = 65536 (default)
2019-09-25 12:47:49,352 [3c2cd309-f96b-4683-9e8f-90e33ab63894@group-4C4F639FD5B4:LeaderElection72] INFO  server.RaftServerConfigKeys (ConfUtils.java:logGet(43)) - raft.server.watch.element-limit = 65536 (default)
2019-09-25 12:47:49,354 [8cac1812-c792-42d2-8f80-be30857055bc@group-0F52DD4D75A6:LeaderElection71] INFO  impl.RoleInfo (RoleInfo.java:updateAndGet(143)) - 8cac1812-c792-42d2-8f80-be30857055bc: start LeaderState
2019-09-25 12:47:49,354 [3c2cd309-f96b-4683-9e8f-90e33ab63894@group-4C4F639FD5B4:LeaderElection72] INFO  impl.RoleInfo (RoleInfo.java:updateAndGet(143)) - 3c2cd309-f96b-4683-9e8f-90e33ab63894: start LeaderState
2019-09-25 12:47:49,354 [8cac1812-c792-42d2-8f80-be30857055bc@group-0F52DD4D75A6:LeaderElection71] INFO  segmented.SegmentedRaftLogWorker (SegmentedRaftLogWorker.java:startLogSegment(380)) - 8cac1812-c792-42d2-8f80-be30857055bc@group-0F52DD4D75A6-SegmentedRaftLogWorker: Starting segment from index:0
2019-09-25 12:47:49,354 [3c2cd309-f96b-4683-9e8f-90e33ab63894@group-4C4F639FD5B4:LeaderElection72] INFO  segmented.SegmentedRaftLogWorker (SegmentedRaftLogWorker.java:startLogSegment(380)) - 3c2cd309-f96b-4683-9e8f-90e33ab63894@group-4C4F639FD5B4-SegmentedRaftLogWorker: Starting segment from index:0
2019-09-25 12:47:49,355 [8cac1812-c792-42d2-8f80-be30857055bc@group-0F52DD4D75A6:LeaderElection71] INFO  impl.RaftServerImpl (ServerState.java:setRaftConf(354)) - 8cac1812-c792-42d2-8f80-be30857055bc@group-0F52DD4D75A6: set configuration 0: [8cac1812-c792-42d2-8f80-be30857055bc:192.168.151.66:37923], old=null at 0
2019-09-25 12:47:49,355 [3c2cd309-f96b-4683-9e8f-90e33ab63894@group-4C4F639FD5B4:LeaderElection72] INFO  impl.RaftServerImpl (ServerState.java:setRaftConf(354)) - 3c2cd309-f96b-4683-9e8f-90e33ab63894@group-4C4F639FD5B4: set configuration 0: [3c2cd309-f96b-4683-9e8f-90e33ab63894:192.168.151.66:46374], old=null at 0
2019-09-25 12:47:49,427 [8cac1812-c792-42d2-8f80-be30857055bc@group-0F52DD4D75A6-SegmentedRaftLogWorker] INFO  segmented.SegmentedRaftLogWorker (SegmentedRaftLogWorker.java:execute(569)) - 8cac1812-c792-42d2-8f80-be30857055bc@group-0F52DD4D75A6-SegmentedRaftLogWorker: created new log segment /workdir/hadoop-ozone/integration-test/target/test-dir/MiniOzoneClusterImpl-a05466a5-072a-4920-8d71-d5d6ba4ffade/datanode-3/data/ratis/be954661-77d1-48ed-ab81-0f52dd4d75a6/current/log_inprogress_0
2019-09-25 12:47:49,427 [Thread-3077] INFO  impl.FollowerState (FollowerState.java:run(106)) - 748828df-30b0-4015-b75f-dfc54b2a2355:group-8BA63A0E8B8C changes to CANDIDATE, lastRpcTime:5155, electionTimeout:5121ms
2019-09-25 12:47:49,427 [Thread-3077] INFO  impl.RoleInfo (RoleInfo.java:shutdownFollowerState(121)) - 748828df-30b0-4015-b75f-dfc54b2a2355: shutdown FollowerState
2019-09-25 12:47:49,428 [Thread-3077] INFO  impl.RaftServerImpl (RaftServerImpl.java:setRole(174)) - 748828df-30b0-4015-b75f-dfc54b2a2355@group-8BA63A0E8B8C: changes role from  FOLLOWER to CANDIDATE at term 0 for changeToCandidate
2019-09-25 12:47:49,428 [Thread-3077] INFO  impl.RoleInfo (RoleInfo.java:updateAndGet(143)) - 748828df-30b0-4015-b75f-dfc54b2a2355: start LeaderElection
2019-09-25 12:47:49,450 [3c2cd309-f96b-4683-9e8f-90e33ab63894@group-4C4F639FD5B4-SegmentedRaftLogWorker] INFO  segmented.SegmentedRaftLogWorker (SegmentedRaftLogWorker.java:execute(569)) - 3c2cd309-f96b-4683-9e8f-90e33ab63894@group-4C4F639FD5B4-SegmentedRaftLogWorker: created new log segment /workdir/hadoop-ozone/integration-test/target/test-dir/MiniOzoneClusterImpl-a05466a5-072a-4920-8d71-d5d6ba4ffade/datanode-5/data/ratis/1afdf2f4-c61c-401f-abf6-4c4f639fd5b4/current/log_inprogress_0
2019-09-25 12:47:49,453 [748828df-30b0-4015-b75f-dfc54b2a2355@group-8BA63A0E8B8C:LeaderElection73] INFO  impl.LeaderElection (LeaderElection.java:askForVotes(182)) - 748828df-30b0-4015-b75f-dfc54b2a2355@group-8BA63A0E8B8C:LeaderElection73: begin an election at term 1 for -1: [748828df-30b0-4015-b75f-dfc54b2a2355:192.168.151.66:33780], old=null
2019-09-25 12:47:49,454 [748828df-30b0-4015-b75f-dfc54b2a2355@group-8BA63A0E8B8C:LeaderElection73] INFO  impl.RoleInfo (RoleInfo.java:shutdownLeaderElection(134)) - 748828df-30b0-4015-b75f-dfc54b2a2355: shutdown LeaderElection
2019-09-25 12:47:49,454 [748828df-30b0-4015-b75f-dfc54b2a2355@group-8BA63A0E8B8C:LeaderElection73] INFO  impl.RaftServerImpl (RaftServerImpl.java:setRole(174)) - 748828df-30b0-4015-b75f-dfc54b2a2355@group-8BA63A0E8B8C: changes role from CANDIDATE to LEADER at term 1 for changeToLeader
2019-09-25 12:47:49,454 [748828df-30b0-4015-b75f-dfc54b2a2355@group-8BA63A0E8B8C:LeaderElection73] INFO  impl.RaftServerImpl (ServerState.java:setLeader(253)) - 748828df-30b0-4015-b75f-dfc54b2a2355@group-8BA63A0E8B8C: change Leader from null to 748828df-30b0-4015-b75f-dfc54b2a2355 at term 1 for becomeLeader, leader elected after 5189ms
2019-09-25 12:47:49,454 [748828df-30b0-4015-b75f-dfc54b2a2355@group-8BA63A0E8B8C:LeaderElection73] INFO  server.RaftServerConfigKeys (ConfUtils.java:logGet(43)) - raft.server.staging.catchup.gap = 1000 (default)
2019-09-25 12:47:49,454 [748828df-30b0-4015-b75f-dfc54b2a2355@group-8BA63A0E8B8C:LeaderElection73] INFO  server.RaftServerConfigKeys (ConfUtils.java:logGet(43)) - raft.server.rpc.sleep.time = 25ms (default)
2019-09-25 12:47:49,454 [748828df-30b0-4015-b75f-dfc54b2a2355@group-8BA63A0E8B8C:LeaderElection73] INFO  server.RaftServerConfigKeys (ConfUtils.java:logGet(43)) - raft.server.write.element-limit = 4096 (default)
2019-09-25 12:47:49,454 [748828df-30b0-4015-b75f-dfc54b2a2355@group-8BA63A0E8B8C:LeaderElection73] INFO  server.RaftServerConfigKeys (ConfUtils.java:logGet(43)) - raft.server.watch.timeout = 10s (default)
2019-09-25 12:47:49,454 [748828df-30b0-4015-b75f-dfc54b2a2355@group-8BA63A0E8B8C:LeaderElection73] INFO  server.RaftServerConfigKeys (ConfUtils.java:logGet(43)) - raft.server.watch.timeout.denomination = 1s (default)
2019-09-25 12:47:49,454 [748828df-30b0-4015-b75f-dfc54b2a2355@group-8BA63A0E8B8C:LeaderElection73] INFO  server.RaftServerConfigKeys (ConfUtils.java:logGet(43)) - raft.server.watch.element-limit = 65536 (default)
2019-09-25 12:47:49,456 [748828df-30b0-4015-b75f-dfc54b2a2355@group-8BA63A0E8B8C:LeaderElection73] INFO  impl.RoleInfo (RoleInfo.java:updateAndGet(143)) - 748828df-30b0-4015-b75f-dfc54b2a2355: start LeaderState
2019-09-25 12:47:49,456 [748828df-30b0-4015-b75f-dfc54b2a2355@group-8BA63A0E8B8C:LeaderElection73] INFO  segmented.SegmentedRaftLogWorker (SegmentedRaftLogWorker.java:startLogSegment(380)) - 748828df-30b0-4015-b75f-dfc54b2a2355@group-8BA63A0E8B8C-SegmentedRaftLogWorker: Starting segment from index:0
2019-09-25 12:47:49,457 [748828df-30b0-4015-b75f-dfc54b2a2355@group-8BA63A0E8B8C:LeaderElection73] INFO  impl.RaftServerImpl (ServerState.java:setRaftConf(354)) - 748828df-30b0-4015-b75f-dfc54b2a2355@group-8BA63A0E8B8C: set configuration 0: [748828df-30b0-4015-b75f-dfc54b2a2355:192.168.151.66:33780], old=null at 0
2019-09-25 12:47:49,489 [Thread-3098] INFO  impl.FollowerState (FollowerState.java:run(106)) - 4cc4b627-b178-49fa-865f-0d962778a832:group-40801021FF8B changes to CANDIDATE, lastRpcTime:5008, electionTimeout:5006ms
2019-09-25 12:47:49,489 [Thread-3098] INFO  impl.RoleInfo (RoleInfo.java:shutdownFollowerState(121)) - 4cc4b627-b178-49fa-865f-0d962778a832: shutdown FollowerState
2019-09-25 12:47:49,489 [Thread-3098] INFO  impl.RaftServerImpl (RaftServerImpl.java:setRole(174)) - 4cc4b627-b178-49fa-865f-0d962778a832@group-40801021FF8B: changes role from  FOLLOWER to CANDIDATE at term 0 for changeToCandidate
2019-09-25 12:47:49,490 [Thread-3098] INFO  impl.RoleInfo (RoleInfo.java:updateAndGet(143)) - 4cc4b627-b178-49fa-865f-0d962778a832: start LeaderElection
2019-09-25 12:47:49,514 [748828df-30b0-4015-b75f-dfc54b2a2355@group-8BA63A0E8B8C-SegmentedRaftLogWorker] INFO  segmented.SegmentedRaftLogWorker (SegmentedRaftLogWorker.java:execute(569)) - 748828df-30b0-4015-b75f-dfc54b2a2355@group-8BA63A0E8B8C-SegmentedRaftLogWorker: created new log segment /workdir/hadoop-ozone/integration-test/target/test-dir/MiniOzoneClusterImpl-a05466a5-072a-4920-8d71-d5d6ba4ffade/datanode-4/data/ratis/1bbc30f4-b5f2-4a9f-83a6-8ba63a0e8b8c/current/log_inprogress_0
2019-09-25 12:47:49,514 [4cc4b627-b178-49fa-865f-0d962778a832@group-40801021FF8B:LeaderElection74] INFO  impl.LeaderElection (LeaderElection.java:askForVotes(182)) - 4cc4b627-b178-49fa-865f-0d962778a832@group-40801021FF8B:LeaderElection74: begin an election at term 1 for -1: [36c91996-c5f7-4a90-94d5-6233d5d955ee:192.168.151.66:33656, 4cc4b627-b178-49fa-865f-0d962778a832:192.168.151.66:46264, 9f6c202f-201d-45e7-83f4-0c55e914a711:192.168.151.66:41695], old=null
2019-09-25 12:47:49,518 [grpc-default-executor-4] INFO  impl.RaftServerImpl (RaftServerImpl.java:setRole(174)) - 36c91996-c5f7-4a90-94d5-6233d5d955ee@group-40801021FF8B: changes role from  FOLLOWER to FOLLOWER at term 1 for recognizeCandidate:4cc4b627-b178-49fa-865f-0d962778a832
2019-09-25 12:47:49,518 [grpc-default-executor-4] INFO  impl.RoleInfo (RoleInfo.java:shutdownFollowerState(121)) - 36c91996-c5f7-4a90-94d5-6233d5d955ee: shutdown FollowerState
2019-09-25 12:47:49,518 [grpc-default-executor-7] INFO  impl.RaftServerImpl (RaftServerImpl.java:setRole(174)) - 9f6c202f-201d-45e7-83f4-0c55e914a711@group-40801021FF8B: changes role from  FOLLOWER to FOLLOWER at term 1 for recognizeCandidate:4cc4b627-b178-49fa-865f-0d962778a832
2019-09-25 12:47:49,518 [Thread-3094] INFO  impl.FollowerState (FollowerState.java:run(115)) - 36c91996-c5f7-4a90-94d5-6233d5d955ee: FollowerState was interrupted: java.lang.InterruptedException: sleep interrupted
2019-09-25 12:47:49,518 [grpc-default-executor-4] INFO  impl.RoleInfo (RoleInfo.java:updateAndGet(143)) - 36c91996-c5f7-4a90-94d5-6233d5d955ee: start FollowerState
2019-09-25 12:47:49,518 [grpc-default-executor-7] INFO  impl.RoleInfo (RoleInfo.java:shutdownFollowerState(121)) - 9f6c202f-201d-45e7-83f4-0c55e914a711: shutdown FollowerState
2019-09-25 12:47:49,521 [grpc-default-executor-7] INFO  impl.RoleInfo (RoleInfo.java:updateAndGet(143)) - 9f6c202f-201d-45e7-83f4-0c55e914a711: start FollowerState
2019-09-25 12:47:49,521 [Thread-3096] INFO  impl.FollowerState (FollowerState.java:run(115)) - 9f6c202f-201d-45e7-83f4-0c55e914a711: FollowerState was interrupted: java.lang.InterruptedException: sleep interrupted
2019-09-25 12:47:49,537 [4cc4b627-b178-49fa-865f-0d962778a832@group-40801021FF8B:LeaderElection74] INFO  impl.LeaderElection (LeaderElection.java:logAndReturn(56)) - 4cc4b627-b178-49fa-865f-0d962778a832@group-40801021FF8B:LeaderElection74: Election PASSED; received 1 response(s) [4cc4b627-b178-49fa-865f-0d962778a832<-9f6c202f-201d-45e7-83f4-0c55e914a711#0:OK-t1] and 0 exception(s); 4cc4b627-b178-49fa-865f-0d962778a832@group-40801021FF8B:t1, leader=null, voted=4cc4b627-b178-49fa-865f-0d962778a832, raftlog=4cc4b627-b178-49fa-865f-0d962778a832@group-40801021FF8B-SegmentedRaftLog:OPENED:c-1,f-1,i0, conf=-1: [36c91996-c5f7-4a90-94d5-6233d5d955ee:192.168.151.66:33656, 4cc4b627-b178-49fa-865f-0d962778a832:192.168.151.66:46264, 9f6c202f-201d-45e7-83f4-0c55e914a711:192.168.151.66:41695], old=null
2019-09-25 12:47:49,537 [4cc4b627-b178-49fa-865f-0d962778a832@group-40801021FF8B:LeaderElection74] INFO  impl.RoleInfo (RoleInfo.java:shutdownLeaderElection(134)) - 4cc4b627-b178-49fa-865f-0d962778a832: shutdown LeaderElection
2019-09-25 12:47:49,537 [4cc4b627-b178-49fa-865f-0d962778a832@group-40801021FF8B:LeaderElection74] INFO  impl.RaftServerImpl (RaftServerImpl.java:setRole(174)) - 4cc4b627-b178-49fa-865f-0d962778a832@group-40801021FF8B: changes role from CANDIDATE to LEADER at term 1 for changeToLeader
2019-09-25 12:47:49,537 [4cc4b627-b178-49fa-865f-0d962778a832@group-40801021FF8B:LeaderElection74] INFO  impl.RaftServerImpl (ServerState.java:setLeader(253)) - 4cc4b627-b178-49fa-865f-0d962778a832@group-40801021FF8B: change Leader from null to 4cc4b627-b178-49fa-865f-0d962778a832 at term 1 for becomeLeader, leader elected after 5069ms
2019-09-25 12:47:49,537 [4cc4b627-b178-49fa-865f-0d962778a832@group-40801021FF8B:LeaderElection74] INFO  server.RaftServerConfigKeys (ConfUtils.java:logGet(43)) - raft.server.staging.catchup.gap = 1000 (default)
2019-09-25 12:47:49,537 [4cc4b627-b178-49fa-865f-0d962778a832@group-40801021FF8B:LeaderElection74] INFO  server.RaftServerConfigKeys (ConfUtils.java:logGet(43)) - raft.server.rpc.sleep.time = 25ms (default)
2019-09-25 12:47:49,538 [4cc4b627-b178-49fa-865f-0d962778a832@group-40801021FF8B:LeaderElection74] INFO  server.RaftServerConfigKeys (ConfUtils.java:logGet(43)) - raft.server.write.element-limit = 4096 (default)
2019-09-25 12:47:49,538 [4cc4b627-b178-49fa-865f-0d962778a832@group-40801021FF8B:LeaderElection74] INFO  server.RaftServerConfigKeys (ConfUtils.java:logGet(43)) - raft.server.watch.timeout = 10s (default)
2019-09-25 12:47:49,538 [4cc4b627-b178-49fa-865f-0d962778a832@group-40801021FF8B:LeaderElection74] INFO  server.RaftServerConfigKeys (ConfUtils.java:logGet(43)) - raft.server.watch.timeout.denomination = 1s (default)
2019-09-25 12:47:49,538 [4cc4b627-b178-49fa-865f-0d962778a832@group-40801021FF8B:LeaderElection74] INFO  server.RaftServerConfigKeys (ConfUtils.java:logGet(43)) - raft.server.watch.element-limit = 65536 (default)
2019-09-25 12:47:49,540 [4cc4b627-b178-49fa-865f-0d962778a832@group-40801021FF8B:LeaderElection74] INFO  server.RaftServerConfigKeys (ConfUtils.java:logGet(43)) - raft.server.log.appender.snapshot.chunk.size.max = 16MB (=16777216) (default)
2019-09-25 12:47:49,540 [4cc4b627-b178-49fa-865f-0d962778a832@group-40801021FF8B:LeaderElection74] INFO  server.RaftServerConfigKeys (ConfUtils.java:logGet(43)) - raft.server.log.appender.buffer.byte-limit = 33554432 (custom)
2019-09-25 12:47:49,540 [4cc4b627-b178-49fa-865f-0d962778a832@group-40801021FF8B:LeaderElection74] INFO  server.RaftServerConfigKeys (ConfUtils.java:logGet(43)) - raft.server.log.appender.buffer.element-limit = 1 (custom)
2019-09-25 12:47:49,541 [4cc4b627-b178-49fa-865f-0d962778a832@group-40801021FF8B:LeaderElection74] INFO  grpc.GrpcConfigKeys$Server (ConfUtils.java:logGet(43)) - raft.grpc.server.leader.outstanding.appends.max = 128 (default)
2019-09-25 12:47:49,541 [4cc4b627-b178-49fa-865f-0d962778a832@group-40801021FF8B:LeaderElection74] INFO  server.RaftServerConfigKeys (ConfUtils.java:logGet(43)) - raft.server.rpc.request.timeout = 3000ms (default)
2019-09-25 12:47:49,541 [4cc4b627-b178-49fa-865f-0d962778a832@group-40801021FF8B:LeaderElection74] INFO  server.RaftServerConfigKeys (ConfUtils.java:logGet(43)) - raft.server.log.appender.install.snapshot.enabled = false (custom)
2019-09-25 12:47:49,541 [4cc4b627-b178-49fa-865f-0d962778a832@group-40801021FF8B:LeaderElection74] INFO  server.RaftServerConfigKeys (ConfUtils.java:logGet(43)) - raft.server.log.appender.snapshot.chunk.size.max = 16MB (=16777216) (default)
2019-09-25 12:47:49,541 [4cc4b627-b178-49fa-865f-0d962778a832@group-40801021FF8B:LeaderElection74] INFO  server.RaftServerConfigKeys (ConfUtils.java:logGet(43)) - raft.server.log.appender.buffer.byte-limit = 33554432 (custom)
2019-09-25 12:47:49,542 [4cc4b627-b178-49fa-865f-0d962778a832@group-40801021FF8B:LeaderElection74] INFO  server.RaftServerConfigKeys (ConfUtils.java:logGet(43)) - raft.server.log.appender.buffer.element-limit = 1 (custom)
2019-09-25 12:47:49,542 [4cc4b627-b178-49fa-865f-0d962778a832@group-40801021FF8B:LeaderElection74] INFO  grpc.GrpcConfigKeys$Server (ConfUtils.java:logGet(43)) - raft.grpc.server.leader.outstanding.appends.max = 128 (default)
2019-09-25 12:47:49,542 [4cc4b627-b178-49fa-865f-0d962778a832@group-40801021FF8B:LeaderElection74] INFO  server.RaftServerConfigKeys (ConfUtils.java:logGet(43)) - raft.server.rpc.request.timeout = 3000ms (default)
2019-09-25 12:47:49,542 [4cc4b627-b178-49fa-865f-0d962778a832@group-40801021FF8B:LeaderElection74] INFO  server.RaftServerConfigKeys (ConfUtils.java:logGet(43)) - raft.server.log.appender.install.snapshot.enabled = false (custom)
2019-09-25 12:47:49,542 [4cc4b627-b178-49fa-865f-0d962778a832@group-40801021FF8B:LeaderElection74] INFO  impl.RoleInfo (RoleInfo.java:updateAndGet(143)) - 4cc4b627-b178-49fa-865f-0d962778a832: start LeaderState
2019-09-25 12:47:49,542 [4cc4b627-b178-49fa-865f-0d962778a832@group-40801021FF8B:LeaderElection74] INFO  segmented.SegmentedRaftLogWorker (SegmentedRaftLogWorker.java:startLogSegment(380)) - 4cc4b627-b178-49fa-865f-0d962778a832@group-40801021FF8B-SegmentedRaftLogWorker: Starting segment from index:0
2019-09-25 12:47:49,542 [Thread-3089] INFO  impl.FollowerState (FollowerState.java:run(106)) - 3c2cd309-f96b-4683-9e8f-90e33ab63894:group-0E8147FB6048 changes to CANDIDATE, lastRpcTime:5145, electionTimeout:5145ms
2019-09-25 12:47:49,546 [Thread-3089] INFO  impl.RoleInfo (RoleInfo.java:shutdownFollowerState(121)) - 3c2cd309-f96b-4683-9e8f-90e33ab63894: shutdown FollowerState
2019-09-25 12:47:49,546 [4cc4b627-b178-49fa-865f-0d962778a832@group-40801021FF8B:LeaderElection74] INFO  impl.RaftServerImpl (ServerState.java:setRaftConf(354)) - 4cc4b627-b178-49fa-865f-0d962778a832@group-40801021FF8B: set configuration 0: [36c91996-c5f7-4a90-94d5-6233d5d955ee:192.168.151.66:33656, 4cc4b627-b178-49fa-865f-0d962778a832:192.168.151.66:46264, 9f6c202f-201d-45e7-83f4-0c55e914a711:192.168.151.66:41695], old=null at 0
2019-09-25 12:47:49,546 [Thread-3089] INFO  impl.RaftServerImpl (RaftServerImpl.java:setRole(174)) - 3c2cd309-f96b-4683-9e8f-90e33ab63894@group-0E8147FB6048: changes role from  FOLLOWER to CANDIDATE at term 0 for changeToCandidate
2019-09-25 12:47:49,549 [Thread-3089] INFO  impl.RoleInfo (RoleInfo.java:updateAndGet(143)) - 3c2cd309-f96b-4683-9e8f-90e33ab63894: start LeaderElection
2019-09-25 12:47:49,572 [Thread-3086] INFO  impl.FollowerState (FollowerState.java:run(106)) - 8cac1812-c792-42d2-8f80-be30857055bc:group-0E8147FB6048 changes to CANDIDATE, lastRpcTime:5177, electionTimeout:5173ms
2019-09-25 12:47:49,575 [Thread-3086] INFO  impl.RoleInfo (RoleInfo.java:shutdownFollowerState(121)) - 8cac1812-c792-42d2-8f80-be30857055bc: shutdown FollowerState
2019-09-25 12:47:49,575 [Thread-3086] INFO  impl.RaftServerImpl (RaftServerImpl.java:setRole(174)) - 8cac1812-c792-42d2-8f80-be30857055bc@group-0E8147FB6048: changes role from  FOLLOWER to CANDIDATE at term 0 for changeToCandidate
2019-09-25 12:47:49,578 [grpc-default-executor-4] INFO  impl.RaftServerImpl (ServerState.java:setLeader(253)) - 9f6c202f-201d-45e7-83f4-0c55e914a711@group-40801021FF8B: change Leader from null to 4cc4b627-b178-49fa-865f-0d962778a832 at term 1 for appendEntries, leader elected after 5110ms
2019-09-25 12:47:49,578 [Thread-3086] INFO  impl.RoleInfo (RoleInfo.java:updateAndGet(143)) - 8cac1812-c792-42d2-8f80-be30857055bc: start LeaderElection
2019-09-25 12:47:49,578 [grpc-default-executor-7] INFO  impl.RaftServerImpl (ServerState.java:setLeader(253)) - 36c91996-c5f7-4a90-94d5-6233d5d955ee@group-40801021FF8B: change Leader from null to 4cc4b627-b178-49fa-865f-0d962778a832 at term 1 for appendEntries, leader elected after 5110ms
2019-09-25 12:47:49,581 [Thread-3085] INFO  impl.FollowerState (FollowerState.java:run(106)) - 748828df-30b0-4015-b75f-dfc54b2a2355:group-0E8147FB6048 changes to CANDIDATE, lastRpcTime:5186, electionTimeout:5186ms
2019-09-25 12:47:49,582 [Thread-3085] INFO  impl.RoleInfo (RoleInfo.java:shutdownFollowerState(121)) - 748828df-30b0-4015-b75f-dfc54b2a2355: shutdown FollowerState
2019-09-25 12:47:49,582 [Thread-3085] INFO  impl.RaftServerImpl (RaftServerImpl.java:setRole(174)) - 748828df-30b0-4015-b75f-dfc54b2a2355@group-0E8147FB6048: changes role from  FOLLOWER to CANDIDATE at term 0 for changeToCandidate
2019-09-25 12:47:49,582 [Thread-3085] INFO  impl.RoleInfo (RoleInfo.java:updateAndGet(143)) - 748828df-30b0-4015-b75f-dfc54b2a2355: start LeaderElection
2019-09-25 12:47:49,585 [grpc-default-executor-7] INFO  impl.RaftServerImpl (ServerState.java:setRaftConf(354)) - 9f6c202f-201d-45e7-83f4-0c55e914a711@group-40801021FF8B: set configuration 0: [36c91996-c5f7-4a90-94d5-6233d5d955ee:192.168.151.66:33656, 4cc4b627-b178-49fa-865f-0d962778a832:192.168.151.66:46264, 9f6c202f-201d-45e7-83f4-0c55e914a711:192.168.151.66:41695], old=null at 0
2019-09-25 12:47:49,585 [grpc-default-executor-4] INFO  impl.RaftServerImpl (ServerState.java:setRaftConf(354)) - 36c91996-c5f7-4a90-94d5-6233d5d955ee@group-40801021FF8B: set configuration 0: [36c91996-c5f7-4a90-94d5-6233d5d955ee:192.168.151.66:33656, 4cc4b627-b178-49fa-865f-0d962778a832:192.168.151.66:46264, 9f6c202f-201d-45e7-83f4-0c55e914a711:192.168.151.66:41695], old=null at 0
2019-09-25 12:47:49,586 [grpc-default-executor-7] INFO  segmented.SegmentedRaftLogWorker (SegmentedRaftLogWorker.java:startLogSegment(380)) - 9f6c202f-201d-45e7-83f4-0c55e914a711@group-40801021FF8B-SegmentedRaftLogWorker: Starting segment from index:0
2019-09-25 12:47:49,586 [grpc-default-executor-4] INFO  segmented.SegmentedRaftLogWorker (SegmentedRaftLogWorker.java:startLogSegment(380)) - 36c91996-c5f7-4a90-94d5-6233d5d955ee@group-40801021FF8B-SegmentedRaftLogWorker: Starting segment from index:0
2019-09-25 12:47:49,597 [4cc4b627-b178-49fa-865f-0d962778a832@group-40801021FF8B-SegmentedRaftLogWorker] INFO  segmented.SegmentedRaftLogWorker (SegmentedRaftLogWorker.java:execute(569)) - 4cc4b627-b178-49fa-865f-0d962778a832@group-40801021FF8B-SegmentedRaftLogWorker: created new log segment /workdir/hadoop-ozone/integration-test/target/test-dir/MiniOzoneClusterImpl-a05466a5-072a-4920-8d71-d5d6ba4ffade/datanode-6/data/ratis/10ef5f64-6779-4324-8ce4-40801021ff8b/current/log_inprogress_0
2019-09-25 12:47:49,598 [8cac1812-c792-42d2-8f80-be30857055bc@group-0E8147FB6048:LeaderElection76] INFO  impl.LeaderElection (LeaderElection.java:askForVotes(182)) - 8cac1812-c792-42d2-8f80-be30857055bc@group-0E8147FB6048:LeaderElection76: begin an election at term 1 for -1: [8cac1812-c792-42d2-8f80-be30857055bc:192.168.151.66:37923, 3c2cd309-f96b-4683-9e8f-90e33ab63894:192.168.151.66:46374, 748828df-30b0-4015-b75f-dfc54b2a2355:192.168.151.66:33780], old=null
2019-09-25 12:47:49,598 [3c2cd309-f96b-4683-9e8f-90e33ab63894@group-0E8147FB6048:LeaderElection75] INFO  impl.LeaderElection (LeaderElection.java:askForVotes(182)) - 3c2cd309-f96b-4683-9e8f-90e33ab63894@group-0E8147FB6048:LeaderElection75: begin an election at term 1 for -1: [8cac1812-c792-42d2-8f80-be30857055bc:192.168.151.66:37923, 3c2cd309-f96b-4683-9e8f-90e33ab63894:192.168.151.66:46374, 748828df-30b0-4015-b75f-dfc54b2a2355:192.168.151.66:33780], old=null
2019-09-25 12:47:49,601 [748828df-30b0-4015-b75f-dfc54b2a2355@group-0E8147FB6048:LeaderElection77] INFO  impl.LeaderElection (LeaderElection.java:askForVotes(182)) - 748828df-30b0-4015-b75f-dfc54b2a2355@group-0E8147FB6048:LeaderElection77: begin an election at term 1 for -1: [8cac1812-c792-42d2-8f80-be30857055bc:192.168.151.66:37923, 3c2cd309-f96b-4683-9e8f-90e33ab63894:192.168.151.66:46374, 748828df-30b0-4015-b75f-dfc54b2a2355:192.168.151.66:33780], old=null
2019-09-25 12:47:49,625 [3c2cd309-f96b-4683-9e8f-90e33ab63894@group-0E8147FB6048:LeaderElection75] INFO  impl.LeaderElection (LeaderElection.java:logAndReturn(56)) - 3c2cd309-f96b-4683-9e8f-90e33ab63894@group-0E8147FB6048:LeaderElection75: Election REJECTED; received 2 response(s) [3c2cd309-f96b-4683-9e8f-90e33ab63894<-8cac1812-c792-42d2-8f80-be30857055bc#0:FAIL-t1, 3c2cd309-f96b-4683-9e8f-90e33ab63894<-748828df-30b0-4015-b75f-dfc54b2a2355#0:FAIL-t1] and 0 exception(s); 3c2cd309-f96b-4683-9e8f-90e33ab63894@group-0E8147FB6048:t1, leader=null, voted=3c2cd309-f96b-4683-9e8f-90e33ab63894, raftlog=3c2cd309-f96b-4683-9e8f-90e33ab63894@group-0E8147FB6048-SegmentedRaftLog:OPENED:c-1,f-1,i0, conf=-1: [8cac1812-c792-42d2-8f80-be30857055bc:192.168.151.66:37923, 3c2cd309-f96b-4683-9e8f-90e33ab63894:192.168.151.66:46374, 748828df-30b0-4015-b75f-dfc54b2a2355:192.168.151.66:33780], old=null
2019-09-25 12:47:49,625 [8cac1812-c792-42d2-8f80-be30857055bc@group-0E8147FB6048:LeaderElection76] INFO  impl.LeaderElection (LeaderElection.java:logAndReturn(56)) - 8cac1812-c792-42d2-8f80-be30857055bc@group-0E8147FB6048:LeaderElection76: Election REJECTED; received 2 response(s) [8cac1812-c792-42d2-8f80-be30857055bc<-3c2cd309-f96b-4683-9e8f-90e33ab63894#0:FAIL-t1, 8cac1812-c792-42d2-8f80-be30857055bc<-748828df-30b0-4015-b75f-dfc54b2a2355#0:FAIL-t1] and 0 exception(s); 8cac1812-c792-42d2-8f80-be30857055bc@group-0E8147FB6048:t1, leader=null, voted=8cac1812-c792-42d2-8f80-be30857055bc, raftlog=8cac1812-c792-42d2-8f80-be30857055bc@group-0E8147FB6048-SegmentedRaftLog:OPENED:c-1,f-1,i0, conf=-1: [8cac1812-c792-42d2-8f80-be30857055bc:192.168.151.66:37923, 3c2cd309-f96b-4683-9e8f-90e33ab63894:192.168.151.66:46374, 748828df-30b0-4015-b75f-dfc54b2a2355:192.168.151.66:33780], old=null
2019-09-25 12:47:49,625 [3c2cd309-f96b-4683-9e8f-90e33ab63894@group-0E8147FB6048:LeaderElection75] INFO  impl.RaftServerImpl (RaftServerImpl.java:setRole(174)) - 3c2cd309-f96b-4683-9e8f-90e33ab63894@group-0E8147FB6048: changes role from CANDIDATE to FOLLOWER at term 1 for DISCOVERED_A_NEW_TERM
2019-09-25 12:47:49,625 [8cac1812-c792-42d2-8f80-be30857055bc@group-0E8147FB6048:LeaderElection76] INFO  impl.RaftServerImpl (RaftServerImpl.java:setRole(174)) - 8cac1812-c792-42d2-8f80-be30857055bc@group-0E8147FB6048: changes role from CANDIDATE to FOLLOWER at term 1 for DISCOVERED_A_NEW_TERM
2019-09-25 12:47:49,629 [8cac1812-c792-42d2-8f80-be30857055bc@group-0E8147FB6048:LeaderElection76] INFO  impl.RoleInfo (RoleInfo.java:shutdownLeaderElection(134)) - 8cac1812-c792-42d2-8f80-be30857055bc: shutdown LeaderElection
2019-09-25 12:47:49,628 [3c2cd309-f96b-4683-9e8f-90e33ab63894@group-0E8147FB6048:LeaderElection75] INFO  impl.RoleInfo (RoleInfo.java:shutdownLeaderElection(134)) - 3c2cd309-f96b-4683-9e8f-90e33ab63894: shutdown LeaderElection
2019-09-25 12:47:49,630 [8cac1812-c792-42d2-8f80-be30857055bc@group-0E8147FB6048:LeaderElection76] INFO  impl.RoleInfo (RoleInfo.java:updateAndGet(143)) - 8cac1812-c792-42d2-8f80-be30857055bc: start FollowerState
2019-09-25 12:47:49,630 [3c2cd309-f96b-4683-9e8f-90e33ab63894@group-0E8147FB6048:LeaderElection75] INFO  impl.RoleInfo (RoleInfo.java:updateAndGet(143)) - 3c2cd309-f96b-4683-9e8f-90e33ab63894: start FollowerState
2019-09-25 12:47:49,630 [748828df-30b0-4015-b75f-dfc54b2a2355@group-0E8147FB6048:LeaderElection77] INFO  impl.LeaderElection (LeaderElection.java:logAndReturn(56)) - 748828df-30b0-4015-b75f-dfc54b2a2355@group-0E8147FB6048:LeaderElection77: Election REJECTED; received 2 response(s) [748828df-30b0-4015-b75f-dfc54b2a2355<-8cac1812-c792-42d2-8f80-be30857055bc#0:FAIL-t1, 748828df-30b0-4015-b75f-dfc54b2a2355<-3c2cd309-f96b-4683-9e8f-90e33ab63894#0:FAIL-t1] and 0 exception(s); 748828df-30b0-4015-b75f-dfc54b2a2355@group-0E8147FB6048:t1, leader=null, voted=748828df-30b0-4015-b75f-dfc54b2a2355, raftlog=748828df-30b0-4015-b75f-dfc54b2a2355@group-0E8147FB6048-SegmentedRaftLog:OPENED:c-1,f-1,i0, conf=-1: [8cac1812-c792-42d2-8f80-be30857055bc:192.168.151.66:37923, 3c2cd309-f96b-4683-9e8f-90e33ab63894:192.168.151.66:46374, 748828df-30b0-4015-b75f-dfc54b2a2355:192.168.151.66:33780], old=null
2019-09-25 12:47:49,631 [748828df-30b0-4015-b75f-dfc54b2a2355@group-0E8147FB6048:LeaderElection77] INFO  impl.RaftServerImpl (RaftServerImpl.java:setRole(174)) - 748828df-30b0-4015-b75f-dfc54b2a2355@group-0E8147FB6048: changes role from CANDIDATE to FOLLOWER at term 1 for DISCOVERED_A_NEW_TERM
2019-09-25 12:47:49,631 [748828df-30b0-4015-b75f-dfc54b2a2355@group-0E8147FB6048:LeaderElection77] INFO  impl.RoleInfo (RoleInfo.java:shutdownLeaderElection(134)) - 748828df-30b0-4015-b75f-dfc54b2a2355: shutdown LeaderElection
2019-09-25 12:47:49,631 [748828df-30b0-4015-b75f-dfc54b2a2355@group-0E8147FB6048:LeaderElection77] INFO  impl.RoleInfo (RoleInfo.java:updateAndGet(143)) - 748828df-30b0-4015-b75f-dfc54b2a2355: start FollowerState
2019-09-25 12:47:49,634 [36c91996-c5f7-4a90-94d5-6233d5d955ee@group-40801021FF8B-SegmentedRaftLogWorker] INFO  segmented.SegmentedRaftLogWorker (SegmentedRaftLogWorker.java:execute(569)) - 36c91996-c5f7-4a90-94d5-6233d5d955ee@group-40801021FF8B-SegmentedRaftLogWorker: created new log segment /workdir/hadoop-ozone/integration-test/target/test-dir/MiniOzoneClusterImpl-a05466a5-072a-4920-8d71-d5d6ba4ffade/datanode-2/data/ratis/10ef5f64-6779-4324-8ce4-40801021ff8b/current/log_inprogress_0
2019-09-25 12:47:49,634 [9f6c202f-201d-45e7-83f4-0c55e914a711@group-40801021FF8B-SegmentedRaftLogWorker] INFO  segmented.SegmentedRaftLogWorker (SegmentedRaftLogWorker.java:execute(569)) - 9f6c202f-201d-45e7-83f4-0c55e914a711@group-40801021FF8B-SegmentedRaftLogWorker: created new log segment /workdir/hadoop-ozone/integration-test/target/test-dir/MiniOzoneClusterImpl-a05466a5-072a-4920-8d71-d5d6ba4ffade/datanode-0/data/ratis/10ef5f64-6779-4324-8ce4-40801021ff8b/current/log_inprogress_0
2019-09-25 12:47:49,681 [Thread-3101] INFO  impl.FollowerState (FollowerState.java:run(106)) - 4cc4b627-b178-49fa-865f-0d962778a832:group-F1E51872BDC0 changes to CANDIDATE, lastRpcTime:5125, electionTimeout:5125ms
2019-09-25 12:47:49,681 [Thread-3101] INFO  impl.RoleInfo (RoleInfo.java:shutdownFollowerState(121)) - 4cc4b627-b178-49fa-865f-0d962778a832: shutdown FollowerState
2019-09-25 12:47:49,681 [Thread-3101] INFO  impl.RaftServerImpl (RaftServerImpl.java:setRole(174)) - 4cc4b627-b178-49fa-865f-0d962778a832@group-F1E51872BDC0: changes role from  FOLLOWER to CANDIDATE at term 0 for changeToCandidate
2019-09-25 12:47:49,681 [Thread-3101] INFO  impl.RoleInfo (RoleInfo.java:updateAndGet(143)) - 4cc4b627-b178-49fa-865f-0d962778a832: start LeaderElection
2019-09-25 12:47:49,698 [4cc4b627-b178-49fa-865f-0d962778a832@group-F1E51872BDC0:LeaderElection78] INFO  impl.LeaderElection (LeaderElection.java:askForVotes(182)) - 4cc4b627-b178-49fa-865f-0d962778a832@group-F1E51872BDC0:LeaderElection78: begin an election at term 1 for -1: [4cc4b627-b178-49fa-865f-0d962778a832:192.168.151.66:46264], old=null
2019-09-25 12:47:49,698 [4cc4b627-b178-49fa-865f-0d962778a832@group-F1E51872BDC0:LeaderElection78] INFO  impl.RoleInfo (RoleInfo.java:shutdownLeaderElection(134)) - 4cc4b627-b178-49fa-865f-0d962778a832: shutdown LeaderElection
2019-09-25 12:47:49,698 [4cc4b627-b178-49fa-865f-0d962778a832@group-F1E51872BDC0:LeaderElection78] INFO  impl.RaftServerImpl (RaftServerImpl.java:setRole(174)) - 4cc4b627-b178-49fa-865f-0d962778a832@group-F1E51872BDC0: changes role from CANDIDATE to LEADER at term 1 for changeToLeader
2019-09-25 12:47:49,698 [4cc4b627-b178-49fa-865f-0d962778a832@group-F1E51872BDC0:LeaderElection78] INFO  impl.RaftServerImpl (ServerState.java:setLeader(253)) - 4cc4b627-b178-49fa-865f-0d962778a832@group-F1E51872BDC0: change Leader from null to 4cc4b627-b178-49fa-865f-0d962778a832 at term 1 for becomeLeader, leader elected after 5150ms
2019-09-25 12:47:49,698 [4cc4b627-b178-49fa-865f-0d962778a832@group-F1E51872BDC0:LeaderElection78] INFO  server.RaftServerConfigKeys (ConfUtils.java:logGet(43)) - raft.server.staging.catchup.gap = 1000 (default)
2019-09-25 12:47:49,698 [4cc4b627-b178-49fa-865f-0d962778a832@group-F1E51872BDC0:LeaderElection78] INFO  server.RaftServerConfigKeys (ConfUtils.java:logGet(43)) - raft.server.rpc.sleep.time = 25ms (default)
2019-09-25 12:47:49,699 [4cc4b627-b178-49fa-865f-0d962778a832@group-F1E51872BDC0:LeaderElection78] INFO  server.RaftServerConfigKeys (ConfUtils.java:logGet(43)) - raft.server.write.element-limit = 4096 (default)
2019-09-25 12:47:49,699 [4cc4b627-b178-49fa-865f-0d962778a832@group-F1E51872BDC0:LeaderElection78] INFO  server.RaftServerConfigKeys (ConfUtils.java:logGet(43)) - raft.server.watch.timeout = 10s (default)
2019-09-25 12:47:49,699 [4cc4b627-b178-49fa-865f-0d962778a832@group-F1E51872BDC0:LeaderElection78] INFO  server.RaftServerConfigKeys (ConfUtils.java:logGet(43)) - raft.server.watch.timeout.denomination = 1s (default)
2019-09-25 12:47:49,699 [4cc4b627-b178-49fa-865f-0d962778a832@group-F1E51872BDC0:LeaderElection78] INFO  server.RaftServerConfigKeys (ConfUtils.java:logGet(43)) - raft.server.watch.element-limit = 65536 (default)
2019-09-25 12:47:49,704 [4cc4b627-b178-49fa-865f-0d962778a832@group-F1E51872BDC0:LeaderElection78] INFO  impl.RoleInfo (RoleInfo.java:updateAndGet(143)) - 4cc4b627-b178-49fa-865f-0d962778a832: start LeaderState
2019-09-25 12:47:49,704 [4cc4b627-b178-49fa-865f-0d962778a832@group-F1E51872BDC0:LeaderElection78] INFO  segmented.SegmentedRaftLogWorker (SegmentedRaftLogWorker.java:startLogSegment(380)) - 4cc4b627-b178-49fa-865f-0d962778a832@group-F1E51872BDC0-SegmentedRaftLogWorker: Starting segment from index:0
2019-09-25 12:47:49,705 [4cc4b627-b178-49fa-865f-0d962778a832@group-F1E51872BDC0:LeaderElection78] INFO  impl.RaftServerImpl (ServerState.java:setRaftConf(354)) - 4cc4b627-b178-49fa-865f-0d962778a832@group-F1E51872BDC0: set configuration 0: [4cc4b627-b178-49fa-865f-0d962778a832:192.168.151.66:46264], old=null at 0
2019-09-25 12:47:49,774 [4cc4b627-b178-49fa-865f-0d962778a832@group-F1E51872BDC0-SegmentedRaftLogWorker] INFO  segmented.SegmentedRaftLogWorker (SegmentedRaftLogWorker.java:execute(569)) - 4cc4b627-b178-49fa-865f-0d962778a832@group-F1E51872BDC0-SegmentedRaftLogWorker: created new log segment /workdir/hadoop-ozone/integration-test/target/test-dir/MiniOzoneClusterImpl-a05466a5-072a-4920-8d71-d5d6ba4ffade/datanode-6/data/ratis/4050a98f-06a5-4517-aa1d-f1e51872bdc0/current/log_inprogress_0
2019-09-25 12:47:51,633 [Datanode State Machine Thread - 0] INFO  statemachine.DatanodeStateMachine (DatanodeStateMachine.java:lambda$startDaemon$0(350)) - Ozone container server started.
2019-09-25 12:47:54,635 [Thread-3151] INFO  impl.FollowerState (FollowerState.java:run(106)) - 3c2cd309-f96b-4683-9e8f-90e33ab63894:group-0E8147FB6048 changes to CANDIDATE, lastRpcTime:5005, electionTimeout:5005ms
2019-09-25 12:47:54,636 [Thread-3151] INFO  impl.RoleInfo (RoleInfo.java:shutdownFollowerState(121)) - 3c2cd309-f96b-4683-9e8f-90e33ab63894: shutdown FollowerState
2019-09-25 12:47:54,636 [Thread-3151] INFO  impl.RaftServerImpl (RaftServerImpl.java:setRole(174)) - 3c2cd309-f96b-4683-9e8f-90e33ab63894@group-0E8147FB6048: changes role from  FOLLOWER to CANDIDATE at term 1 for changeToCandidate
2019-09-25 12:47:54,637 [Thread-3151] INFO  impl.RoleInfo (RoleInfo.java:updateAndGet(143)) - 3c2cd309-f96b-4683-9e8f-90e33ab63894: start LeaderElection
2019-09-25 12:47:54,673 [3c2cd309-f96b-4683-9e8f-90e33ab63894@group-0E8147FB6048:LeaderElection79] INFO  impl.LeaderElection (LeaderElection.java:askForVotes(182)) - 3c2cd309-f96b-4683-9e8f-90e33ab63894@group-0E8147FB6048:LeaderElection79: begin an election at term 2 for -1: [8cac1812-c792-42d2-8f80-be30857055bc:192.168.151.66:37923, 3c2cd309-f96b-4683-9e8f-90e33ab63894:192.168.151.66:46374, 748828df-30b0-4015-b75f-dfc54b2a2355:192.168.151.66:33780], old=null
2019-09-25 12:47:54,683 [grpc-default-executor-4] INFO  impl.RaftServerImpl (RaftServerImpl.java:setRole(174)) - 748828df-30b0-4015-b75f-dfc54b2a2355@group-0E8147FB6048: changes role from  FOLLOWER to FOLLOWER at term 2 for recognizeCandidate:3c2cd309-f96b-4683-9e8f-90e33ab63894
2019-09-25 12:47:54,683 [grpc-default-executor-5] INFO  impl.RaftServerImpl (RaftServerImpl.java:setRole(174)) - 8cac1812-c792-42d2-8f80-be30857055bc@group-0E8147FB6048: changes role from  FOLLOWER to FOLLOWER at term 2 for recognizeCandidate:3c2cd309-f96b-4683-9e8f-90e33ab63894
2019-09-25 12:47:54,684 [grpc-default-executor-4] INFO  impl.RoleInfo (RoleInfo.java:shutdownFollowerState(121)) - 748828df-30b0-4015-b75f-dfc54b2a2355: shutdown FollowerState
2019-09-25 12:47:54,684 [grpc-default-executor-5] INFO  impl.RoleInfo (RoleInfo.java:shutdownFollowerState(121)) - 8cac1812-c792-42d2-8f80-be30857055bc: shutdown FollowerState
2019-09-25 12:47:54,684 [grpc-default-executor-4] INFO  impl.RoleInfo (RoleInfo.java:updateAndGet(143)) - 748828df-30b0-4015-b75f-dfc54b2a2355: start FollowerState
2019-09-25 12:47:54,684 [Thread-3152] INFO  impl.FollowerState (FollowerState.java:run(115)) - 748828df-30b0-4015-b75f-dfc54b2a2355: FollowerState was interrupted: java.lang.InterruptedException: sleep interrupted
2019-09-25 12:47:54,684 [grpc-default-executor-5] INFO  impl.RoleInfo (RoleInfo.java:updateAndGet(143)) - 8cac1812-c792-42d2-8f80-be30857055bc: start FollowerState
2019-09-25 12:47:54,684 [Thread-3150] INFO  impl.FollowerState (FollowerState.java:run(115)) - 8cac1812-c792-42d2-8f80-be30857055bc: FollowerState was interrupted: java.lang.InterruptedException: sleep interrupted
2019-09-25 12:47:54,706 [3c2cd309-f96b-4683-9e8f-90e33ab63894@group-0E8147FB6048:LeaderElection79] INFO  impl.LeaderElection (LeaderElection.java:logAndReturn(56)) - 3c2cd309-f96b-4683-9e8f-90e33ab63894@group-0E8147FB6048:LeaderElection79: Election PASSED; received 1 response(s) [3c2cd309-f96b-4683-9e8f-90e33ab63894<-748828df-30b0-4015-b75f-dfc54b2a2355#0:OK-t2] and 0 exception(s); 3c2cd309-f96b-4683-9e8f-90e33ab63894@group-0E8147FB6048:t2, leader=null, voted=3c2cd309-f96b-4683-9e8f-90e33ab63894, raftlog=3c2cd309-f96b-4683-9e8f-90e33ab63894@group-0E8147FB6048-SegmentedRaftLog:OPENED:c-1,f-1,i0, conf=-1: [8cac1812-c792-42d2-8f80-be30857055bc:192.168.151.66:37923, 3c2cd309-f96b-4683-9e8f-90e33ab63894:192.168.151.66:46374, 748828df-30b0-4015-b75f-dfc54b2a2355:192.168.151.66:33780], old=null
2019-09-25 12:47:54,706 [3c2cd309-f96b-4683-9e8f-90e33ab63894@group-0E8147FB6048:LeaderElection79] INFO  impl.RoleInfo (RoleInfo.java:shutdownLeaderElection(134)) - 3c2cd309-f96b-4683-9e8f-90e33ab63894: shutdown LeaderElection
2019-09-25 12:47:54,707 [3c2cd309-f96b-4683-9e8f-90e33ab63894@group-0E8147FB6048:LeaderElection79] INFO  impl.RaftServerImpl (RaftServerImpl.java:setRole(174)) - 3c2cd309-f96b-4683-9e8f-90e33ab63894@group-0E8147FB6048: changes role from CANDIDATE to LEADER at term 2 for changeToLeader
2019-09-25 12:47:54,707 [3c2cd309-f96b-4683-9e8f-90e33ab63894@group-0E8147FB6048:LeaderElection79] INFO  impl.RaftServerImpl (ServerState.java:setLeader(253)) - 3c2cd309-f96b-4683-9e8f-90e33ab63894@group-0E8147FB6048: change Leader from null to 3c2cd309-f96b-4683-9e8f-90e33ab63894 at term 2 for becomeLeader, leader elected after 10321ms
2019-09-25 12:47:54,707 [3c2cd309-f96b-4683-9e8f-90e33ab63894@group-0E8147FB6048:LeaderElection79] INFO  server.RaftServerConfigKeys (ConfUtils.java:logGet(43)) - raft.server.staging.catchup.gap = 1000 (default)
2019-09-25 12:47:54,708 [3c2cd309-f96b-4683-9e8f-90e33ab63894@group-0E8147FB6048:LeaderElection79] INFO  server.RaftServerConfigKeys (ConfUtils.java:logGet(43)) - raft.server.rpc.sleep.time = 25ms (default)
2019-09-25 12:47:54,708 [3c2cd309-f96b-4683-9e8f-90e33ab63894@group-0E8147FB6048:LeaderElection79] INFO  server.RaftServerConfigKeys (ConfUtils.java:logGet(43)) - raft.server.write.element-limit = 4096 (default)
2019-09-25 12:47:54,709 [3c2cd309-f96b-4683-9e8f-90e33ab63894@group-0E8147FB6048:LeaderElection79] INFO  server.RaftServerConfigKeys (ConfUtils.java:logGet(43)) - raft.server.watch.timeout = 10s (default)
2019-09-25 12:47:54,709 [3c2cd309-f96b-4683-9e8f-90e33ab63894@group-0E8147FB6048:LeaderElection79] INFO  server.RaftServerConfigKeys (ConfUtils.java:logGet(43)) - raft.server.watch.timeout.denomination = 1s (default)
2019-09-25 12:47:54,709 [3c2cd309-f96b-4683-9e8f-90e33ab63894@group-0E8147FB6048:LeaderElection79] INFO  server.RaftServerConfigKeys (ConfUtils.java:logGet(43)) - raft.server.watch.element-limit = 65536 (default)
2019-09-25 12:47:54,715 [3c2cd309-f96b-4683-9e8f-90e33ab63894@group-0E8147FB6048:LeaderElection79] INFO  server.RaftServerConfigKeys (ConfUtils.java:logGet(43)) - raft.server.log.appender.snapshot.chunk.size.max = 16MB (=16777216) (default)
2019-09-25 12:47:54,716 [3c2cd309-f96b-4683-9e8f-90e33ab63894@group-0E8147FB6048:LeaderElection79] INFO  server.RaftServerConfigKeys (ConfUtils.java:logGet(43)) - raft.server.log.appender.buffer.byte-limit = 33554432 (custom)
2019-09-25 12:47:54,716 [3c2cd309-f96b-4683-9e8f-90e33ab63894@group-0E8147FB6048:LeaderElection79] INFO  server.RaftServerConfigKeys (ConfUtils.java:logGet(43)) - raft.server.log.appender.buffer.element-limit = 1 (custom)
2019-09-25 12:47:54,716 [3c2cd309-f96b-4683-9e8f-90e33ab63894@group-0E8147FB6048:LeaderElection79] INFO  grpc.GrpcConfigKeys$Server (ConfUtils.java:logGet(43)) - raft.grpc.server.leader.outstanding.appends.max = 128 (default)
2019-09-25 12:47:54,717 [3c2cd309-f96b-4683-9e8f-90e33ab63894@group-0E8147FB6048:LeaderElection79] INFO  server.RaftServerConfigKeys (ConfUtils.java:logGet(43)) - raft.server.rpc.request.timeout = 3000ms (default)
2019-09-25 12:47:54,717 [3c2cd309-f96b-4683-9e8f-90e33ab63894@group-0E8147FB6048:LeaderElection79] INFO  server.RaftServerConfigKeys (ConfUtils.java:logGet(43)) - raft.server.log.appender.install.snapshot.enabled = false (custom)
2019-09-25 12:47:54,717 [3c2cd309-f96b-4683-9e8f-90e33ab63894@group-0E8147FB6048:LeaderElection79] INFO  server.RaftServerConfigKeys (ConfUtils.java:logGet(43)) - raft.server.log.appender.snapshot.chunk.size.max = 16MB (=16777216) (default)
2019-09-25 12:47:54,717 [3c2cd309-f96b-4683-9e8f-90e33ab63894@group-0E8147FB6048:LeaderElection79] INFO  server.RaftServerConfigKeys (ConfUtils.java:logGet(43)) - raft.server.log.appender.buffer.byte-limit = 33554432 (custom)
2019-09-25 12:47:54,717 [3c2cd309-f96b-4683-9e8f-90e33ab63894@group-0E8147FB6048:LeaderElection79] INFO  server.RaftServerConfigKeys (ConfUtils.java:logGet(43)) - raft.server.log.appender.buffer.element-limit = 1 (custom)
2019-09-25 12:47:54,718 [3c2cd309-f96b-4683-9e8f-90e33ab63894@group-0E8147FB6048:LeaderElection79] INFO  grpc.GrpcConfigKeys$Server (ConfUtils.java:logGet(43)) - raft.grpc.server.leader.outstanding.appends.max = 128 (default)
2019-09-25 12:47:54,718 [3c2cd309-f96b-4683-9e8f-90e33ab63894@group-0E8147FB6048:LeaderElection79] INFO  server.RaftServerConfigKeys (ConfUtils.java:logGet(43)) - raft.server.rpc.request.timeout = 3000ms (default)
2019-09-25 12:47:54,718 [3c2cd309-f96b-4683-9e8f-90e33ab63894@group-0E8147FB6048:LeaderElection79] INFO  server.RaftServerConfigKeys (ConfUtils.java:logGet(43)) - raft.server.log.appender.install.snapshot.enabled = false (custom)
2019-09-25 12:47:54,718 [3c2cd309-f96b-4683-9e8f-90e33ab63894@group-0E8147FB6048:LeaderElection79] INFO  impl.RoleInfo (RoleInfo.java:updateAndGet(143)) - 3c2cd309-f96b-4683-9e8f-90e33ab63894: start LeaderState
2019-09-25 12:47:54,719 [3c2cd309-f96b-4683-9e8f-90e33ab63894@group-0E8147FB6048:LeaderElection79] INFO  segmented.SegmentedRaftLogWorker (SegmentedRaftLogWorker.java:startLogSegment(380)) - 3c2cd309-f96b-4683-9e8f-90e33ab63894@group-0E8147FB6048-SegmentedRaftLogWorker: Starting segment from index:0
2019-09-25 12:47:54,721 [3c2cd309-f96b-4683-9e8f-90e33ab63894@group-0E8147FB6048:LeaderElection79] INFO  impl.RaftServerImpl (ServerState.java:setRaftConf(354)) - 3c2cd309-f96b-4683-9e8f-90e33ab63894@group-0E8147FB6048: set configuration 0: [8cac1812-c792-42d2-8f80-be30857055bc:192.168.151.66:37923, 3c2cd309-f96b-4683-9e8f-90e33ab63894:192.168.151.66:46374, 748828df-30b0-4015-b75f-dfc54b2a2355:192.168.151.66:33780], old=null at 0
2019-09-25 12:47:54,758 [grpc-default-executor-5] INFO  impl.RaftServerImpl (ServerState.java:setLeader(253)) - 8cac1812-c792-42d2-8f80-be30857055bc@group-0E8147FB6048: change Leader from null to 3c2cd309-f96b-4683-9e8f-90e33ab63894 at term 2 for appendEntries, leader elected after 10373ms
2019-09-25 12:47:54,758 [grpc-default-executor-4] INFO  impl.RaftServerImpl (ServerState.java:setLeader(253)) - 748828df-30b0-4015-b75f-dfc54b2a2355@group-0E8147FB6048: change Leader from null to 3c2cd309-f96b-4683-9e8f-90e33ab63894 at term 2 for appendEntries, leader elected after 10373ms
2019-09-25 12:47:54,764 [grpc-default-executor-4] INFO  impl.RaftServerImpl (ServerState.java:setRaftConf(354)) - 748828df-30b0-4015-b75f-dfc54b2a2355@group-0E8147FB6048: set configuration 0: [8cac1812-c792-42d2-8f80-be30857055bc:192.168.151.66:37923, 3c2cd309-f96b-4683-9e8f-90e33ab63894:192.168.151.66:46374, 748828df-30b0-4015-b75f-dfc54b2a2355:192.168.151.66:33780], old=null at 0
2019-09-25 12:47:54,764 [grpc-default-executor-5] INFO  impl.RaftServerImpl (ServerState.java:setRaftConf(354)) - 8cac1812-c792-42d2-8f80-be30857055bc@group-0E8147FB6048: set configuration 0: [8cac1812-c792-42d2-8f80-be30857055bc:192.168.151.66:37923, 3c2cd309-f96b-4683-9e8f-90e33ab63894:192.168.151.66:46374, 748828df-30b0-4015-b75f-dfc54b2a2355:192.168.151.66:33780], old=null at 0
2019-09-25 12:47:54,764 [grpc-default-executor-4] INFO  segmented.SegmentedRaftLogWorker (SegmentedRaftLogWorker.java:startLogSegment(380)) - 748828df-30b0-4015-b75f-dfc54b2a2355@group-0E8147FB6048-SegmentedRaftLogWorker: Starting segment from index:0
2019-09-25 12:47:54,764 [grpc-default-executor-5] INFO  segmented.SegmentedRaftLogWorker (SegmentedRaftLogWorker.java:startLogSegment(380)) - 8cac1812-c792-42d2-8f80-be30857055bc@group-0E8147FB6048-SegmentedRaftLogWorker: Starting segment from index:0
2019-09-25 12:47:54,774 [3c2cd309-f96b-4683-9e8f-90e33ab63894@group-0E8147FB6048-SegmentedRaftLogWorker] INFO  segmented.SegmentedRaftLogWorker (SegmentedRaftLogWorker.java:execute(569)) - 3c2cd309-f96b-4683-9e8f-90e33ab63894@group-0E8147FB6048-SegmentedRaftLogWorker: created new log segment /workdir/hadoop-ozone/integration-test/target/test-dir/MiniOzoneClusterImpl-a05466a5-072a-4920-8d71-d5d6ba4ffade/datanode-5/data/ratis/b727f70b-c24d-4af0-8382-0e8147fb6048/current/log_inprogress_0
2019-09-25 12:47:54,812 [8cac1812-c792-42d2-8f80-be30857055bc@group-0E8147FB6048-SegmentedRaftLogWorker] INFO  segmented.SegmentedRaftLogWorker (SegmentedRaftLogWorker.java:execute(569)) - 8cac1812-c792-42d2-8f80-be30857055bc@group-0E8147FB6048-SegmentedRaftLogWorker: created new log segment /workdir/hadoop-ozone/integration-test/target/test-dir/MiniOzoneClusterImpl-a05466a5-072a-4920-8d71-d5d6ba4ffade/datanode-3/data/ratis/b727f70b-c24d-4af0-8382-0e8147fb6048/current/log_inprogress_0
2019-09-25 12:47:54,812 [748828df-30b0-4015-b75f-dfc54b2a2355@group-0E8147FB6048-SegmentedRaftLogWorker] INFO  segmented.SegmentedRaftLogWorker (SegmentedRaftLogWorker.java:execute(569)) - 748828df-30b0-4015-b75f-dfc54b2a2355@group-0E8147FB6048-SegmentedRaftLogWorker: created new log segment /workdir/hadoop-ozone/integration-test/target/test-dir/MiniOzoneClusterImpl-a05466a5-072a-4920-8d71-d5d6ba4ffade/datanode-4/data/ratis/b727f70b-c24d-4af0-8382-0e8147fb6048/current/log_inprogress_0
2019-09-25 12:47:55,658 [EventQueue-StaleNodeForStaleNodeHandler] INFO  node.StaleNodeHandler (StaleNodeHandler.java:onMessage(58)) - Datanode 4cc4b627-b178-49fa-865f-0d962778a832{ip: 192.168.151.66, host: pr-hdds-2175-t596l-953197546, networkLocation: /default-rack, certSerialId: null} moved to stale state. Finalizing its pipelines [PipelineID=4050a98f-06a5-4517-aa1d-f1e51872bdc0, PipelineID=10ef5f64-6779-4324-8ce4-40801021ff8b]
2019-09-25 12:47:55,659 [EventQueue-StaleNodeForStaleNodeHandler] INFO  pipeline.SCMPipelineManager (SCMPipelineManager.java:finalizeAndDestroyPipeline(315)) - destroying pipeline:Pipeline[ Id: 4050a98f-06a5-4517-aa1d-f1e51872bdc0, Nodes: 4cc4b627-b178-49fa-865f-0d962778a832{ip: 192.168.151.66, host: pr-hdds-2175-t596l-953197546, networkLocation: /default-rack, certSerialId: null}, Type:RATIS, Factor:ONE, State:OPEN]
2019-09-25 12:47:55,659 [EventQueue-StaleNodeForStaleNodeHandler] INFO  pipeline.PipelineStateManager (PipelineStateManager.java:finalizePipeline(123)) - Pipeline Pipeline[ Id: 4050a98f-06a5-4517-aa1d-f1e51872bdc0, Nodes: 4cc4b627-b178-49fa-865f-0d962778a832{ip: 192.168.151.66, host: pr-hdds-2175-t596l-953197546, networkLocation: /default-rack, certSerialId: null}, Type:RATIS, Factor:ONE, State:CLOSED] moved to CLOSED state
2019-09-25 12:47:55,660 [EventQueue-StaleNodeForStaleNodeHandler] INFO  pipeline.SCMPipelineManager (SCMPipelineManager.java:finalizeAndDestroyPipeline(315)) - destroying pipeline:Pipeline[ Id: 10ef5f64-6779-4324-8ce4-40801021ff8b, Nodes: 4cc4b627-b178-49fa-865f-0d962778a832{ip: 192.168.151.66, host: pr-hdds-2175-t596l-953197546, networkLocation: /default-rack, certSerialId: null}36c91996-c5f7-4a90-94d5-6233d5d955ee{ip: 192.168.151.66, host: pr-hdds-2175-t596l-953197546, networkLocation: /default-rack, certSerialId: null}9f6c202f-201d-45e7-83f4-0c55e914a711{ip: 192.168.151.66, host: pr-hdds-2175-t596l-953197546, networkLocation: /default-rack, certSerialId: null}, Type:RATIS, Factor:THREE, State:OPEN]
2019-09-25 12:47:55,660 [EventQueue-StaleNodeForStaleNodeHandler] INFO  pipeline.PipelineStateManager (PipelineStateManager.java:finalizePipeline(123)) - Pipeline Pipeline[ Id: 10ef5f64-6779-4324-8ce4-40801021ff8b, Nodes: 4cc4b627-b178-49fa-865f-0d962778a832{ip: 192.168.151.66, host: pr-hdds-2175-t596l-953197546, networkLocation: /default-rack, certSerialId: null}36c91996-c5f7-4a90-94d5-6233d5d955ee{ip: 192.168.151.66, host: pr-hdds-2175-t596l-953197546, networkLocation: /default-rack, certSerialId: null}9f6c202f-201d-45e7-83f4-0c55e914a711{ip: 192.168.151.66, host: pr-hdds-2175-t596l-953197546, networkLocation: /default-rack, certSerialId: null}, Type:RATIS, Factor:THREE, State:CLOSED] moved to CLOSED state
2019-09-25 12:47:55,660 [EventQueue-CloseContainerForCloseContainerEventHandler] INFO  container.CloseContainerEventHandler (CloseContainerEventHandler.java:onMessage(61)) - Close container Event triggered for container : #1
2019-09-25 12:47:55,869 [main] INFO  ozoneimpl.OzoneContainer (OzoneContainer.java:stop(231)) - Attempting to stop container services.
2019-09-25 12:47:55,874 [main] INFO  impl.RaftServerProxy (RaftServerProxy.java:lambda$close$4(314)) - 4cc4b627-b178-49fa-865f-0d962778a832: close
2019-09-25 12:47:55,875 [main] INFO  impl.RaftServerImpl (RaftServerImpl.java:lambda$shutdown$3(251)) - 4cc4b627-b178-49fa-865f-0d962778a832@group-F1E51872BDC0: shutdown
2019-09-25 12:47:55,875 [ForkJoinPool.commonPool-worker-0] INFO  impl.RaftServerImpl (RaftServerImpl.java:lambda$shutdown$3(251)) - 4cc4b627-b178-49fa-865f-0d962778a832@group-40801021FF8B: shutdown
2019-09-25 12:47:55,875 [main] INFO  util.JmxRegister (JmxRegister.java:unregister(73)) - Successfully un-registered JMX Bean with object name Ratis:service=RaftServer,group=group-F1E51872BDC0,id=4cc4b627-b178-49fa-865f-0d962778a832
2019-09-25 12:47:55,875 [ForkJoinPool.commonPool-worker-0] INFO  util.JmxRegister (JmxRegister.java:unregister(73)) - Successfully un-registered JMX Bean with object name Ratis:service=RaftServer,group=group-40801021FF8B,id=4cc4b627-b178-49fa-865f-0d962778a832
2019-09-25 12:47:55,876 [main] INFO  impl.RoleInfo (RoleInfo.java:shutdownLeaderState(104)) - 4cc4b627-b178-49fa-865f-0d962778a832: shutdown LeaderState
2019-09-25 12:47:55,876 [ForkJoinPool.commonPool-worker-0] INFO  impl.RoleInfo (RoleInfo.java:shutdownLeaderState(104)) - 4cc4b627-b178-49fa-865f-0d962778a832: shutdown LeaderState
2019-09-25 12:47:55,876 [main] INFO  impl.PendingRequests (PendingRequests.java:sendNotLeaderResponses(202)) - 4cc4b627-b178-49fa-865f-0d962778a832-PendingRequests: sendNotLeaderResponses
2019-09-25 12:47:55,879 [org.apache.ratis.server.impl.LogAppender$AppenderDaemon$$Lambda$487/1724053913@328ab02d] WARN  server.GrpcLogAppender (GrpcLogAppender.java:mayWait(143)) - 4cc4b627-b178-49fa-865f-0d962778a832@group-40801021FF8B->36c91996-c5f7-4a90-94d5-6233d5d955ee-GrpcLogAppender: Wait interrupted by java.lang.InterruptedException
2019-09-25 12:47:55,881 [org.apache.ratis.server.impl.LogAppender$AppenderDaemon$$Lambda$487/1724053913@4d5b83bf] WARN  server.GrpcLogAppender (GrpcLogAppender.java:mayWait(143)) - 4cc4b627-b178-49fa-865f-0d962778a832@group-40801021FF8B->9f6c202f-201d-45e7-83f4-0c55e914a711-GrpcLogAppender: Wait interrupted by java.lang.InterruptedException
2019-09-25 12:47:55,881 [ForkJoinPool.commonPool-worker-0] INFO  impl.PendingRequests (PendingRequests.java:sendNotLeaderResponses(202)) - 4cc4b627-b178-49fa-865f-0d962778a832-PendingRequests: sendNotLeaderResponses
2019-09-25 12:47:55,882 [grpc-default-executor-4] INFO  server.GrpcServerProtocolService (GrpcServerProtocolService.java:onCompleted(113)) - 9f6c202f-201d-45e7-83f4-0c55e914a711: Completed APPEND_ENTRIES, lastRequest: 4cc4b627-b178-49fa-865f-0d962778a832->9f6c202f-201d-45e7-83f4-0c55e914a711#18-t1, previous=(t:1, i:15), leaderCommit=15, initializing? false, entries: <empty>
2019-09-25 12:47:55,882 [grpc-default-executor-5] INFO  server.GrpcServerProtocolService (GrpcServerProtocolService.java:onCompleted(113)) - 36c91996-c5f7-4a90-94d5-6233d5d955ee: Completed APPEND_ENTRIES, lastRequest: 4cc4b627-b178-49fa-865f-0d962778a832->36c91996-c5f7-4a90-94d5-6233d5d955ee#18-t1, previous=(t:1, i:15), leaderCommit=15, initializing? false, entries: <empty>
2019-09-25 12:47:55,882 [main] INFO  impl.StateMachineUpdater (StateMachineUpdater.java:stopAndJoin(125)) - 4cc4b627-b178-49fa-865f-0d962778a832@group-F1E51872BDC0-StateMachineUpdater: set stopIndex = 0
2019-09-25 12:47:55,885 [4cc4b627-b178-49fa-865f-0d962778a832@group-40801021FF8B-StateMachineUpdater] INFO  ratis.ContainerStateMachine (ContainerStateMachine.java:takeSnapshot(289)) - group-40801021FF8B: Taking a snapshot at:(t:1, i:13) file /workdir/hadoop-ozone/integration-test/target/test-dir/MiniOzoneClusterImpl-a05466a5-072a-4920-8d71-d5d6ba4ffade/datanode-6/data/ratis/10ef5f64-6779-4324-8ce4-40801021ff8b/sm/snapshot.1_13
2019-09-25 12:47:55,885 [ForkJoinPool.commonPool-worker-0] INFO  impl.StateMachineUpdater (StateMachineUpdater.java:stopAndJoin(125)) - 4cc4b627-b178-49fa-865f-0d962778a832@group-40801021FF8B-StateMachineUpdater: set stopIndex = 15
2019-09-25 12:47:55,885 [grpc-default-executor-4] INFO  server.GrpcLogAppender (GrpcLogAppender.java:onCompleted(293)) - 4cc4b627-b178-49fa-865f-0d962778a832@group-40801021FF8B->9f6c202f-201d-45e7-83f4-0c55e914a711-AppendLogResponseHandler: follower responses appendEntries COMPLETED
2019-09-25 12:47:55,886 [grpc-default-executor-5] INFO  server.GrpcLogAppender (GrpcLogAppender.java:onCompleted(293)) - 4cc4b627-b178-49fa-865f-0d962778a832@group-40801021FF8B->36c91996-c5f7-4a90-94d5-6233d5d955ee-AppendLogResponseHandler: follower responses appendEntries COMPLETED
2019-09-25 12:47:55,885 [main] INFO  impl.RaftServerImpl (ServerState.java:close(385)) - 4cc4b627-b178-49fa-865f-0d962778a832@group-F1E51872BDC0: closes. applyIndex: 0
2019-09-25 12:47:55,886 [grpc-default-executor-5] INFO  impl.FollowerInfo (FollowerInfo.java:lambda$new$0(51)) - 4cc4b627-b178-49fa-865f-0d962778a832@group-40801021FF8B->36c91996-c5f7-4a90-94d5-6233d5d955ee: nextIndex: updateUnconditionally 16 -> 15
2019-09-25 12:47:55,886 [grpc-default-executor-4] INFO  impl.FollowerInfo (FollowerInfo.java:lambda$new$0(51)) - 4cc4b627-b178-49fa-865f-0d962778a832@group-40801021FF8B->9f6c202f-201d-45e7-83f4-0c55e914a711: nextIndex: updateUnconditionally 16 -> 15
2019-09-25 12:47:55,887 [4cc4b627-b178-49fa-865f-0d962778a832@group-F1E51872BDC0-SegmentedRaftLogWorker] INFO  segmented.SegmentedRaftLogWorker (SegmentedRaftLogWorker.java:run(313)) - 4cc4b627-b178-49fa-865f-0d962778a832@group-F1E51872BDC0-SegmentedRaftLogWorker was interrupted, exiting. There are 0 tasks remaining in the queue.
2019-09-25 12:47:55,889 [main] INFO  segmented.SegmentedRaftLogWorker (SegmentedRaftLogWorker.java:close(228)) - 4cc4b627-b178-49fa-865f-0d962778a832@group-F1E51872BDC0-SegmentedRaftLogWorker close()
2019-09-25 12:47:55,900 [4cc4b627-b178-49fa-865f-0d962778a832@group-40801021FF8B-StateMachineUpdater] INFO  ratis.ContainerStateMachine (ContainerStateMachine.java:takeSnapshot(300)) - group-40801021FF8B: Finished taking a snapshot at:(t:1, i:13) file:/workdir/hadoop-ozone/integration-test/target/test-dir/MiniOzoneClusterImpl-a05466a5-072a-4920-8d71-d5d6ba4ffade/datanode-6/data/ratis/10ef5f64-6779-4324-8ce4-40801021ff8b/sm/snapshot.1_13 time:14
2019-09-25 12:47:55,900 [4cc4b627-b178-49fa-865f-0d962778a832@group-40801021FF8B-StateMachineUpdater] INFO  impl.StateMachineUpdater (StateMachineUpdater.java:takeSnapshot(258)) - 4cc4b627-b178-49fa-865f-0d962778a832@group-40801021FF8B-StateMachineUpdater: Took a snapshot at index 13
2019-09-25 12:47:55,900 [4cc4b627-b178-49fa-865f-0d962778a832@group-40801021FF8B-StateMachineUpdater] INFO  impl.StateMachineUpdater (StateMachineUpdater.java:lambda$new$0(83)) - 4cc4b627-b178-49fa-865f-0d962778a832@group-40801021FF8B-StateMachineUpdater: snapshotIndex: updateIncreasingly -1 -> 13
2019-09-25 12:47:55,900 [4cc4b627-b178-49fa-865f-0d962778a832@group-40801021FF8B-StateMachineUpdater] INFO  ratis.ContainerStateMachine (ContainerStateMachine.java:takeSnapshot(289)) - group-40801021FF8B: Taking a snapshot at:(t:1, i:13) file /workdir/hadoop-ozone/integration-test/target/test-dir/MiniOzoneClusterImpl-a05466a5-072a-4920-8d71-d5d6ba4ffade/datanode-6/data/ratis/10ef5f64-6779-4324-8ce4-40801021ff8b/sm/snapshot.1_13
2019-09-25 12:47:55,933 [4cc4b627-b178-49fa-865f-0d962778a832@group-40801021FF8B-StateMachineUpdater] INFO  ratis.ContainerStateMachine (ContainerStateMachine.java:takeSnapshot(300)) - group-40801021FF8B: Finished taking a snapshot at:(t:1, i:13) file:/workdir/hadoop-ozone/integration-test/target/test-dir/MiniOzoneClusterImpl-a05466a5-072a-4920-8d71-d5d6ba4ffade/datanode-6/data/ratis/10ef5f64-6779-4324-8ce4-40801021ff8b/sm/snapshot.1_13 time:33
2019-09-25 12:47:55,933 [4cc4b627-b178-49fa-865f-0d962778a832@group-40801021FF8B-StateMachineUpdater] INFO  impl.StateMachineUpdater (StateMachineUpdater.java:takeSnapshot(258)) - 4cc4b627-b178-49fa-865f-0d962778a832@group-40801021FF8B-StateMachineUpdater: Took a snapshot at index 13
2019-09-25 12:47:55,933 [4cc4b627-b178-49fa-865f-0d962778a832@group-40801021FF8B-StateMachineUpdater] INFO  impl.StateMachineUpdater (StateMachineUpdater.java:lambda$new$0(83)) - 4cc4b627-b178-49fa-865f-0d962778a832@group-40801021FF8B-StateMachineUpdater: snapshotIndex: updateIncreasingly 13 -> 13
2019-09-25 12:47:55,933 [ForkJoinPool.commonPool-worker-0] INFO  impl.RaftServerImpl (ServerState.java:close(385)) - 4cc4b627-b178-49fa-865f-0d962778a832@group-40801021FF8B: closes. applyIndex: 15
2019-09-25 12:47:55,934 [4cc4b627-b178-49fa-865f-0d962778a832@group-40801021FF8B-SegmentedRaftLogWorker] INFO  segmented.SegmentedRaftLogWorker (SegmentedRaftLogWorker.java:run(313)) - 4cc4b627-b178-49fa-865f-0d962778a832@group-40801021FF8B-SegmentedRaftLogWorker was interrupted, exiting. There are 0 tasks remaining in the queue.
2019-09-25 12:47:55,936 [ForkJoinPool.commonPool-worker-0] INFO  segmented.SegmentedRaftLogWorker (SegmentedRaftLogWorker.java:close(228)) - 4cc4b627-b178-49fa-865f-0d962778a832@group-40801021FF8B-SegmentedRaftLogWorker close()
2019-09-25 12:47:55,939 [main] INFO  server.GrpcService (GrpcService.java:closeImpl(164)) - 4cc4b627-b178-49fa-865f-0d962778a832: shutdown server with port 46264 now
2019-09-25 12:47:55,940 [grpc-default-executor-1] WARN  client.GrpcClientProtocolService (LogUtils.java:warn(134)) - 4-UnorderedRequestStreamObserver4: onError: org.apache.ratis.thirdparty.io.grpc.StatusRuntimeException: CANCELLED: cancelled before receiving half close
2019-09-25 12:47:55,940 [main] INFO  server.GrpcService (GrpcService.java:closeImpl(172)) - 4cc4b627-b178-49fa-865f-0d962778a832: shutdown server with port 46264 successfully
2019-09-25 12:47:55,942 [refreshUsed-/workdir/hadoop-ozone/integration-test/target/test-dir/MiniOzoneClusterImpl-a05466a5-072a-4920-8d71-d5d6ba4ffade/datanode-6/data/containers] WARN  fs.CachingGetSpaceUsed (CachingGetSpaceUsed.java:run(183)) - Thread Interrupted waiting to refresh disk information: sleep interrupted
2019-09-25 12:47:55,960 [main] INFO  utils.BackgroundService (BackgroundService.java:shutdown(148)) - Shutting down service BlockDeletingService
2019-09-25 12:47:55,967 [main] INFO  statemachine.DatanodeStateMachine (DatanodeStateMachine.java:stopDaemon(395)) - Ozone container server stopped.
2019-09-25 12:47:55,968 [main] INFO  handler.ContextHandler (ContextHandler.java:doStop(910)) - Stopped o.e.j.w.WebAppContext@5f5297e3{/,null,UNAVAILABLE}{/hddsDatanode}
2019-09-25 12:47:55,971 [main] INFO  server.AbstractConnector (AbstractConnector.java:doStop(318)) - Stopped ServerConnector@2d22d3b1{HTTP/1.1,[http/1.1]}{0.0.0.0:0}
2019-09-25 12:47:55,971 [main] INFO  handler.ContextHandler (ContextHandler.java:doStop(910)) - Stopped o.e.j.s.ServletContextHandler@9785903{/static,jar:file:/home/user/.m2/repository/org/apache/hadoop/hadoop-hdds-container-service/0.5.0-SNAPSHOT/hadoop-hdds-container-service-0.5.0-SNAPSHOT.jar!/webapps/static,UNAVAILABLE}
2019-09-25 12:47:55,972 [main] INFO  handler.ContextHandler (ContextHandler.java:doStop(910)) - Stopped o.e.j.s.ServletContextHandler@6d6cd1e0{/logs,file:///workdir/hadoop-ozone/integration-test/target/log,UNAVAILABLE}
2019-09-25 12:48:04,758 [Thread-3132] INFO  impl.FollowerState (FollowerState.java:run(106)) - 36c91996-c5f7-4a90-94d5-6233d5d955ee:group-40801021FF8B changes to CANDIDATE, lastRpcTime:8883, electionTimeout:5056ms
2019-09-25 12:48:04,759 [Thread-3132] INFO  impl.RoleInfo (RoleInfo.java:shutdownFollowerState(121)) - 36c91996-c5f7-4a90-94d5-6233d5d955ee: shutdown FollowerState
2019-09-25 12:48:04,759 [Thread-3132] INFO  impl.RaftServerImpl (RaftServerImpl.java:setRole(174)) - 36c91996-c5f7-4a90-94d5-6233d5d955ee@group-40801021FF8B: changes role from  FOLLOWER to CANDIDATE at term 1 for changeToCandidate
2019-09-25 12:48:04,760 [Thread-3132] INFO  impl.RoleInfo (RoleInfo.java:updateAndGet(143)) - 36c91996-c5f7-4a90-94d5-6233d5d955ee: start LeaderElection
2019-09-25 12:48:04,763 [36c91996-c5f7-4a90-94d5-6233d5d955ee@group-40801021FF8B:LeaderElection80] INFO  impl.RaftServerImpl (ServerState.java:setLeader(253)) - 36c91996-c5f7-4a90-94d5-6233d5d955ee@group-40801021FF8B: change Leader from 4cc4b627-b178-49fa-865f-0d962778a832 to null at term 1 for initElection
2019-09-25 12:48:04,787 [36c91996-c5f7-4a90-94d5-6233d5d955ee@group-40801021FF8B:LeaderElection80] INFO  impl.LeaderElection (LeaderElection.java:askForVotes(182)) - 36c91996-c5f7-4a90-94d5-6233d5d955ee@group-40801021FF8B:LeaderElection80: begin an election at term 2 for 0: [36c91996-c5f7-4a90-94d5-6233d5d955ee:192.168.151.66:33656, 4cc4b627-b178-49fa-865f-0d962778a832:192.168.151.66:46264, 9f6c202f-201d-45e7-83f4-0c55e914a711:192.168.151.66:41695], old=null
2019-09-25 12:48:04,789 [36c91996-c5f7-4a90-94d5-6233d5d955ee@group-40801021FF8B:LeaderElection80] INFO  impl.LeaderElection (LogUtils.java:infoOrTrace(149)) - 36c91996-c5f7-4a90-94d5-6233d5d955ee@group-40801021FF8B:LeaderElection80 got exception when requesting votes: {}
java.util.concurrent.ExecutionException: org.apache.ratis.thirdparty.io.grpc.StatusRuntimeException: UNAVAILABLE: io exception
	at java.util.concurrent.FutureTask.report(FutureTask.java:122)
	at java.util.concurrent.FutureTask.get(FutureTask.java:192)
	at org.apache.ratis.server.impl.LeaderElection.waitForResults(LeaderElection.java:263)
	at org.apache.ratis.server.impl.LeaderElection.askForVotes(LeaderElection.java:201)
	at org.apache.ratis.server.impl.LeaderElection.run(LeaderElection.java:133)
	at java.lang.Thread.run(Thread.java:748)
Caused by: org.apache.ratis.thirdparty.io.grpc.StatusRuntimeException: UNAVAILABLE: io exception
	at org.apache.ratis.thirdparty.io.grpc.stub.ClientCalls.toStatusRuntimeException(ClientCalls.java:233)
	at org.apache.ratis.thirdparty.io.grpc.stub.ClientCalls.getUnchecked(ClientCalls.java:214)
	at org.apache.ratis.thirdparty.io.grpc.stub.ClientCalls.blockingUnaryCall(ClientCalls.java:139)
	at org.apache.ratis.proto.grpc.RaftServerProtocolServiceGrpc$RaftServerProtocolServiceBlockingStub.requestVote(RaftServerProtocolServiceGrpc.java:265)
	at org.apache.ratis.grpc.server.GrpcServerProtocolClient.requestVote(GrpcServerProtocolClient.java:90)
	at org.apache.ratis.grpc.server.GrpcService.requestVote(GrpcService.java:204)
	at org.apache.ratis.server.impl.LeaderElection.lambda$submitRequests$1(LeaderElection.java:238)
	at java.util.concurrent.FutureTask.run(FutureTask.java:266)
	at java.util.concurrent.Executors$RunnableAdapter.call(Executors.java:511)
	at java.util.concurrent.FutureTask.run(FutureTask.java:266)
	at java.util.concurrent.ThreadPoolExecutor.runWorker(ThreadPoolExecutor.java:1149)
	at java.util.concurrent.ThreadPoolExecutor$Worker.run(ThreadPoolExecutor.java:624)
	... 1 more
Caused by: org.apache.ratis.thirdparty.io.netty.channel.AbstractChannel$AnnotatedConnectException: Connection refused: /192.168.151.66:46264
	at sun.nio.ch.SocketChannelImpl.checkConnect(Native Method)
	at sun.nio.ch.SocketChannelImpl.finishConnect(SocketChannelImpl.java:717)
	at org.apache.ratis.thirdparty.io.netty.channel.socket.nio.NioSocketChannel.doFinishConnect(NioSocketChannel.java:327)
	at org.apache.ratis.thirdparty.io.netty.channel.nio.AbstractNioChannel$AbstractNioUnsafe.finishConnect(AbstractNioChannel.java:340)
	at org.apache.ratis.thirdparty.io.netty.channel.nio.NioEventLoop.processSelectedKey(NioEventLoop.java:632)
	at org.apache.ratis.thirdparty.io.netty.channel.nio.NioEventLoop.processSelectedKeysOptimized(NioEventLoop.java:579)
	at org.apache.ratis.thirdparty.io.netty.channel.nio.NioEventLoop.processSelectedKeys(NioEventLoop.java:496)
	at org.apache.ratis.thirdparty.io.netty.channel.nio.NioEventLoop.run(NioEventLoop.java:458)
	at org.apache.ratis.thirdparty.io.netty.util.concurrent.SingleThreadEventExecutor$5.run(SingleThreadEventExecutor.java:897)
	at org.apache.ratis.thirdparty.io.netty.util.concurrent.FastThreadLocalRunnable.run(FastThreadLocalRunnable.java:30)
	... 1 more
Caused by: java.net.ConnectException: Connection refused
	... 11 more
2019-09-25 12:48:04,793 [grpc-default-executor-4] INFO  impl.RaftServerImpl (ServerState.java:setLeader(253)) - 9f6c202f-201d-45e7-83f4-0c55e914a711@group-40801021FF8B: change Leader from 4cc4b627-b178-49fa-865f-0d962778a832 to null at term 2 for updateCurrentTerm
2019-09-25 12:48:04,794 [grpc-default-executor-4] INFO  impl.RaftServerImpl (RaftServerImpl.java:setRole(174)) - 9f6c202f-201d-45e7-83f4-0c55e914a711@group-40801021FF8B: changes role from  FOLLOWER to FOLLOWER at term 2 for recognizeCandidate:36c91996-c5f7-4a90-94d5-6233d5d955ee
2019-09-25 12:48:04,794 [grpc-default-executor-4] INFO  impl.RoleInfo (RoleInfo.java:shutdownFollowerState(121)) - 9f6c202f-201d-45e7-83f4-0c55e914a711: shutdown FollowerState
2019-09-25 12:48:04,794 [grpc-default-executor-4] INFO  impl.RoleInfo (RoleInfo.java:updateAndGet(143)) - 9f6c202f-201d-45e7-83f4-0c55e914a711: start FollowerState
2019-09-25 12:48:04,794 [Thread-3133] INFO  impl.FollowerState (FollowerState.java:run(115)) - 9f6c202f-201d-45e7-83f4-0c55e914a711: FollowerState was interrupted: java.lang.InterruptedException: sleep interrupted
2019-09-25 12:48:04,812 [36c91996-c5f7-4a90-94d5-6233d5d955ee@group-40801021FF8B:LeaderElection80] INFO  impl.LeaderElection (LeaderElection.java:logAndReturn(56)) - 36c91996-c5f7-4a90-94d5-6233d5d955ee@group-40801021FF8B:LeaderElection80: Election PASSED; received 1 response(s) [36c91996-c5f7-4a90-94d5-6233d5d955ee<-9f6c202f-201d-45e7-83f4-0c55e914a711#0:OK-t2] and 1 exception(s); 36c91996-c5f7-4a90-94d5-6233d5d955ee@group-40801021FF8B:t2, leader=null, voted=36c91996-c5f7-4a90-94d5-6233d5d955ee, raftlog=36c91996-c5f7-4a90-94d5-6233d5d955ee@group-40801021FF8B-SegmentedRaftLog:OPENED:c15,f15,i15, conf=0: [36c91996-c5f7-4a90-94d5-6233d5d955ee:192.168.151.66:33656, 4cc4b627-b178-49fa-865f-0d962778a832:192.168.151.66:46264, 9f6c202f-201d-45e7-83f4-0c55e914a711:192.168.151.66:41695], old=null
2019-09-25 12:48:04,812 [36c91996-c5f7-4a90-94d5-6233d5d955ee@group-40801021FF8B:LeaderElection80] INFO  impl.LeaderElection (LogUtils.java:infoOrTrace(149)) -   Exception 0: {}
java.util.concurrent.ExecutionException: org.apache.ratis.thirdparty.io.grpc.StatusRuntimeException: UNAVAILABLE: io exception
	at java.util.concurrent.FutureTask.report(FutureTask.java:122)
	at java.util.concurrent.FutureTask.get(FutureTask.java:192)
	at org.apache.ratis.server.impl.LeaderElection.waitForResults(LeaderElection.java:263)
	at org.apache.ratis.server.impl.LeaderElection.askForVotes(LeaderElection.java:201)
	at org.apache.ratis.server.impl.LeaderElection.run(LeaderElection.java:133)
	at java.lang.Thread.run(Thread.java:748)
Caused by: org.apache.ratis.thirdparty.io.grpc.StatusRuntimeException: UNAVAILABLE: io exception
	at org.apache.ratis.thirdparty.io.grpc.stub.ClientCalls.toStatusRuntimeException(ClientCalls.java:233)
	at org.apache.ratis.thirdparty.io.grpc.stub.ClientCalls.getUnchecked(ClientCalls.java:214)
	at org.apache.ratis.thirdparty.io.grpc.stub.ClientCalls.blockingUnaryCall(ClientCalls.java:139)
	at org.apache.ratis.proto.grpc.RaftServerProtocolServiceGrpc$RaftServerProtocolServiceBlockingStub.requestVote(RaftServerProtocolServiceGrpc.java:265)
	at org.apache.ratis.grpc.server.GrpcServerProtocolClient.requestVote(GrpcServerProtocolClient.java:90)
	at org.apache.ratis.grpc.server.GrpcService.requestVote(GrpcService.java:204)
	at org.apache.ratis.server.impl.LeaderElection.lambda$submitRequests$1(LeaderElection.java:238)
	at java.util.concurrent.FutureTask.run(FutureTask.java:266)
	at java.util.concurrent.Executors$RunnableAdapter.call(Executors.java:511)
	at java.util.concurrent.FutureTask.run(FutureTask.java:266)
	at java.util.concurrent.ThreadPoolExecutor.runWorker(ThreadPoolExecutor.java:1149)
	at java.util.concurrent.ThreadPoolExecutor$Worker.run(ThreadPoolExecutor.java:624)
	... 1 more
Caused by: org.apache.ratis.thirdparty.io.netty.channel.AbstractChannel$AnnotatedConnectException: Connection refused: /192.168.151.66:46264
	at sun.nio.ch.SocketChannelImpl.checkConnect(Native Method)
	at sun.nio.ch.SocketChannelImpl.finishConnect(SocketChannelImpl.java:717)
	at org.apache.ratis.thirdparty.io.netty.channel.socket.nio.NioSocketChannel.doFinishConnect(NioSocketChannel.java:327)
	at org.apache.ratis.thirdparty.io.netty.channel.nio.AbstractNioChannel$AbstractNioUnsafe.finishConnect(AbstractNioChannel.java:340)
	at org.apache.ratis.thirdparty.io.netty.channel.nio.NioEventLoop.processSelectedKey(NioEventLoop.java:632)
	at org.apache.ratis.thirdparty.io.netty.channel.nio.NioEventLoop.processSelectedKeysOptimized(NioEventLoop.java:579)
	at org.apache.ratis.thirdparty.io.netty.channel.nio.NioEventLoop.processSelectedKeys(NioEventLoop.java:496)
	at org.apache.ratis.thirdparty.io.netty.channel.nio.NioEventLoop.run(NioEventLoop.java:458)
	at org.apache.ratis.thirdparty.io.netty.util.concurrent.SingleThreadEventExecutor$5.run(SingleThreadEventExecutor.java:897)
	at org.apache.ratis.thirdparty.io.netty.util.concurrent.FastThreadLocalRunnable.run(FastThreadLocalRunnable.java:30)
	... 1 more
Caused by: java.net.ConnectException: Connection refused
	... 11 more
2019-09-25 12:48:04,812 [36c91996-c5f7-4a90-94d5-6233d5d955ee@group-40801021FF8B:LeaderElection80] INFO  impl.RoleInfo (RoleInfo.java:shutdownLeaderElection(134)) - 36c91996-c5f7-4a90-94d5-6233d5d955ee: shutdown LeaderElection
2019-09-25 12:48:04,812 [36c91996-c5f7-4a90-94d5-6233d5d955ee@group-40801021FF8B:LeaderElection80] INFO  impl.RaftServerImpl (RaftServerImpl.java:setRole(174)) - 36c91996-c5f7-4a90-94d5-6233d5d955ee@group-40801021FF8B: changes role from CANDIDATE to LEADER at term 2 for changeToLeader
2019-09-25 12:48:04,813 [36c91996-c5f7-4a90-94d5-6233d5d955ee@group-40801021FF8B:LeaderElection80] INFO  impl.RaftServerImpl (ServerState.java:setLeader(253)) - 36c91996-c5f7-4a90-94d5-6233d5d955ee@group-40801021FF8B: change Leader from null to 36c91996-c5f7-4a90-94d5-6233d5d955ee at term 2 for becomeLeader, leader elected after 49ms
2019-09-25 12:48:04,813 [36c91996-c5f7-4a90-94d5-6233d5d955ee@group-40801021FF8B:LeaderElection80] INFO  server.RaftServerConfigKeys (ConfUtils.java:logGet(43)) - raft.server.staging.catchup.gap = 1000 (default)
2019-09-25 12:48:04,813 [36c91996-c5f7-4a90-94d5-6233d5d955ee@group-40801021FF8B:LeaderElection80] INFO  server.RaftServerConfigKeys (ConfUtils.java:logGet(43)) - raft.server.rpc.sleep.time = 25ms (default)
2019-09-25 12:48:04,813 [36c91996-c5f7-4a90-94d5-6233d5d955ee@group-40801021FF8B:LeaderElection80] INFO  server.RaftServerConfigKeys (ConfUtils.java:logGet(43)) - raft.server.write.element-limit = 4096 (default)
2019-09-25 12:48:04,813 [36c91996-c5f7-4a90-94d5-6233d5d955ee@group-40801021FF8B:LeaderElection80] INFO  server.RaftServerConfigKeys (ConfUtils.java:logGet(43)) - raft.server.watch.timeout = 10s (default)
2019-09-25 12:48:04,814 [36c91996-c5f7-4a90-94d5-6233d5d955ee@group-40801021FF8B:LeaderElection80] INFO  server.RaftServerConfigKeys (ConfUtils.java:logGet(43)) - raft.server.watch.timeout.denomination = 1s (default)
2019-09-25 12:48:04,814 [36c91996-c5f7-4a90-94d5-6233d5d955ee@group-40801021FF8B:LeaderElection80] INFO  server.RaftServerConfigKeys (ConfUtils.java:logGet(43)) - raft.server.watch.element-limit = 65536 (default)
2019-09-25 12:48:04,817 [36c91996-c5f7-4a90-94d5-6233d5d955ee@group-40801021FF8B:LeaderElection80] INFO  server.RaftServerConfigKeys (ConfUtils.java:logGet(43)) - raft.server.log.appender.snapshot.chunk.size.max = 16MB (=16777216) (default)
2019-09-25 12:48:04,817 [36c91996-c5f7-4a90-94d5-6233d5d955ee@group-40801021FF8B:LeaderElection80] INFO  server.RaftServerConfigKeys (ConfUtils.java:logGet(43)) - raft.server.log.appender.buffer.byte-limit = 33554432 (custom)
2019-09-25 12:48:04,818 [36c91996-c5f7-4a90-94d5-6233d5d955ee@group-40801021FF8B:LeaderElection80] INFO  server.RaftServerConfigKeys (ConfUtils.java:logGet(43)) - raft.server.log.appender.buffer.element-limit = 1 (custom)
2019-09-25 12:48:04,818 [36c91996-c5f7-4a90-94d5-6233d5d955ee@group-40801021FF8B:LeaderElection80] INFO  grpc.GrpcConfigKeys$Server (ConfUtils.java:logGet(43)) - raft.grpc.server.leader.outstanding.appends.max = 128 (default)
2019-09-25 12:48:04,818 [36c91996-c5f7-4a90-94d5-6233d5d955ee@group-40801021FF8B:LeaderElection80] INFO  server.RaftServerConfigKeys (ConfUtils.java:logGet(43)) - raft.server.rpc.request.timeout = 3000ms (default)
2019-09-25 12:48:04,818 [36c91996-c5f7-4a90-94d5-6233d5d955ee@group-40801021FF8B:LeaderElection80] INFO  server.RaftServerConfigKeys (ConfUtils.java:logGet(43)) - raft.server.log.appender.install.snapshot.enabled = false (custom)
2019-09-25 12:48:04,819 [36c91996-c5f7-4a90-94d5-6233d5d955ee@group-40801021FF8B:LeaderElection80] INFO  server.RaftServerConfigKeys (ConfUtils.java:logGet(43)) - raft.server.log.appender.snapshot.chunk.size.max = 16MB (=16777216) (default)
2019-09-25 12:48:04,819 [36c91996-c5f7-4a90-94d5-6233d5d955ee@group-40801021FF8B:LeaderElection80] INFO  server.RaftServerConfigKeys (ConfUtils.java:logGet(43)) - raft.server.log.appender.buffer.byte-limit = 33554432 (custom)
2019-09-25 12:48:04,819 [36c91996-c5f7-4a90-94d5-6233d5d955ee@group-40801021FF8B:LeaderElection80] INFO  server.RaftServerConfigKeys (ConfUtils.java:logGet(43)) - raft.server.log.appender.buffer.element-limit = 1 (custom)
2019-09-25 12:48:04,819 [36c91996-c5f7-4a90-94d5-6233d5d955ee@group-40801021FF8B:LeaderElection80] INFO  grpc.GrpcConfigKeys$Server (ConfUtils.java:logGet(43)) - raft.grpc.server.leader.outstanding.appends.max = 128 (default)
2019-09-25 12:48:04,819 [36c91996-c5f7-4a90-94d5-6233d5d955ee@group-40801021FF8B:LeaderElection80] INFO  server.RaftServerConfigKeys (ConfUtils.java:logGet(43)) - raft.server.rpc.request.timeout = 3000ms (default)
2019-09-25 12:48:04,820 [36c91996-c5f7-4a90-94d5-6233d5d955ee@group-40801021FF8B:LeaderElection80] INFO  server.RaftServerConfigKeys (ConfUtils.java:logGet(43)) - raft.server.log.appender.install.snapshot.enabled = false (custom)
2019-09-25 12:48:04,820 [36c91996-c5f7-4a90-94d5-6233d5d955ee@group-40801021FF8B:LeaderElection80] INFO  impl.RoleInfo (RoleInfo.java:updateAndGet(143)) - 36c91996-c5f7-4a90-94d5-6233d5d955ee: start LeaderState
2019-09-25 12:48:04,821 [36c91996-c5f7-4a90-94d5-6233d5d955ee@group-40801021FF8B:LeaderElection80] INFO  segmented.SegmentedRaftLogWorker (SegmentedRaftLogWorker.java:rollLogSegment(385)) - 36c91996-c5f7-4a90-94d5-6233d5d955ee@group-40801021FF8B-SegmentedRaftLogWorker: Rolling segment log-0_15 to index:15
2019-09-25 12:48:04,829 [36c91996-c5f7-4a90-94d5-6233d5d955ee@group-40801021FF8B-SegmentedRaftLogWorker] INFO  segmented.SegmentedRaftLogWorker (SegmentedRaftLogWorker.java:execute(526)) - 36c91996-c5f7-4a90-94d5-6233d5d955ee@group-40801021FF8B-SegmentedRaftLogWorker: Rolled log segment from /workdir/hadoop-ozone/integration-test/target/test-dir/MiniOzoneClusterImpl-a05466a5-072a-4920-8d71-d5d6ba4ffade/datanode-2/data/ratis/10ef5f64-6779-4324-8ce4-40801021ff8b/current/log_inprogress_0 to /workdir/hadoop-ozone/integration-test/target/test-dir/MiniOzoneClusterImpl-a05466a5-072a-4920-8d71-d5d6ba4ffade/datanode-2/data/ratis/10ef5f64-6779-4324-8ce4-40801021ff8b/current/log_0-15
2019-09-25 12:48:04,832 [36c91996-c5f7-4a90-94d5-6233d5d955ee@group-40801021FF8B:LeaderElection80] INFO  impl.RaftServerImpl (ServerState.java:setRaftConf(354)) - 36c91996-c5f7-4a90-94d5-6233d5d955ee@group-40801021FF8B: set configuration 16: [36c91996-c5f7-4a90-94d5-6233d5d955ee:192.168.151.66:33656, 4cc4b627-b178-49fa-865f-0d962778a832:192.168.151.66:46264, 9f6c202f-201d-45e7-83f4-0c55e914a711:192.168.151.66:41695], old=null at 16
2019-09-25 12:48:04,833 [grpc-default-executor-5] WARN  server.GrpcLogAppender (LogUtils.java:warn(134)) - 36c91996-c5f7-4a90-94d5-6233d5d955ee@group-40801021FF8B->4cc4b627-b178-49fa-865f-0d962778a832-AppendLogResponseHandler: Failed appendEntries: org.apache.ratis.thirdparty.io.grpc.StatusRuntimeException: UNAVAILABLE: io exception
2019-09-25 12:48:04,863 [grpc-default-executor-5] INFO  impl.FollowerInfo (FollowerInfo.java:lambda$new$0(51)) - 36c91996-c5f7-4a90-94d5-6233d5d955ee@group-40801021FF8B->4cc4b627-b178-49fa-865f-0d962778a832: nextIndex: updateUnconditionally 16 -> 1
2019-09-25 12:48:04,863 [grpc-default-executor-5] INFO  impl.RaftServerImpl (ServerState.java:setLeader(253)) - 9f6c202f-201d-45e7-83f4-0c55e914a711@group-40801021FF8B: change Leader from null to 36c91996-c5f7-4a90-94d5-6233d5d955ee at term 2 for appendEntries, leader elected after 70ms
2019-09-25 12:48:04,865 [grpc-default-executor-5] INFO  impl.RaftServerImpl (ServerState.java:setRaftConf(354)) - 9f6c202f-201d-45e7-83f4-0c55e914a711@group-40801021FF8B: set configuration 16: [36c91996-c5f7-4a90-94d5-6233d5d955ee:192.168.151.66:33656, 4cc4b627-b178-49fa-865f-0d962778a832:192.168.151.66:46264, 9f6c202f-201d-45e7-83f4-0c55e914a711:192.168.151.66:41695], old=null at 16
2019-09-25 12:48:04,866 [grpc-default-executor-5] INFO  segmented.SegmentedRaftLogWorker (SegmentedRaftLogWorker.java:rollLogSegment(385)) - 9f6c202f-201d-45e7-83f4-0c55e914a711@group-40801021FF8B-SegmentedRaftLogWorker: Rolling segment log-0_15 to index:15
2019-09-25 12:48:04,875 [9f6c202f-201d-45e7-83f4-0c55e914a711@group-40801021FF8B-SegmentedRaftLogWorker] INFO  segmented.SegmentedRaftLogWorker (SegmentedRaftLogWorker.java:execute(526)) - 9f6c202f-201d-45e7-83f4-0c55e914a711@group-40801021FF8B-SegmentedRaftLogWorker: Rolled log segment from /workdir/hadoop-ozone/integration-test/target/test-dir/MiniOzoneClusterImpl-a05466a5-072a-4920-8d71-d5d6ba4ffade/datanode-0/data/ratis/10ef5f64-6779-4324-8ce4-40801021ff8b/current/log_inprogress_0 to /workdir/hadoop-ozone/integration-test/target/test-dir/MiniOzoneClusterImpl-a05466a5-072a-4920-8d71-d5d6ba4ffade/datanode-0/data/ratis/10ef5f64-6779-4324-8ce4-40801021ff8b/current/log_0-15
2019-09-25 12:48:04,875 [36c91996-c5f7-4a90-94d5-6233d5d955ee@group-40801021FF8B-SegmentedRaftLogWorker] INFO  segmented.SegmentedRaftLogWorker (SegmentedRaftLogWorker.java:execute(569)) - 36c91996-c5f7-4a90-94d5-6233d5d955ee@group-40801021FF8B-SegmentedRaftLogWorker: created new log segment /workdir/hadoop-ozone/integration-test/target/test-dir/MiniOzoneClusterImpl-a05466a5-072a-4920-8d71-d5d6ba4ffade/datanode-2/data/ratis/10ef5f64-6779-4324-8ce4-40801021ff8b/current/log_inprogress_16
2019-09-25 12:48:04,916 [9f6c202f-201d-45e7-83f4-0c55e914a711@group-40801021FF8B-SegmentedRaftLogWorker] INFO  segmented.SegmentedRaftLogWorker (SegmentedRaftLogWorker.java:execute(569)) - 9f6c202f-201d-45e7-83f4-0c55e914a711@group-40801021FF8B-SegmentedRaftLogWorker: created new log segment /workdir/hadoop-ozone/integration-test/target/test-dir/MiniOzoneClusterImpl-a05466a5-072a-4920-8d71-d5d6ba4ffade/datanode-0/data/ratis/10ef5f64-6779-4324-8ce4-40801021ff8b/current/log_inprogress_16
2019-09-25 12:48:04,938 [grpc-default-executor-1] WARN  server.GrpcLogAppender (LogUtils.java:warn(134)) - 36c91996-c5f7-4a90-94d5-6233d5d955ee@group-40801021FF8B->4cc4b627-b178-49fa-865f-0d962778a832-AppendLogResponseHandler: Failed appendEntries: org.apache.ratis.thirdparty.io.grpc.StatusRuntimeException: UNAVAILABLE: io exception
2019-09-25 12:48:04,938 [grpc-default-executor-1] INFO  impl.FollowerInfo (FollowerInfo.java:lambda$new$0(51)) - 36c91996-c5f7-4a90-94d5-6233d5d955ee@group-40801021FF8B->4cc4b627-b178-49fa-865f-0d962778a832: nextIndex: updateUnconditionally 2 -> 1
2019-09-25 12:48:04,951 [grpc-default-executor-4] WARN  server.GrpcLogAppender (LogUtils.java:warn(134)) - 36c91996-c5f7-4a90-94d5-6233d5d955ee@group-40801021FF8B->4cc4b627-b178-49fa-865f-0d962778a832-AppendLogResponseHandler: Failed appendEntries: org.apache.ratis.thirdparty.io.grpc.StatusRuntimeException: UNAVAILABLE: io exception
2019-09-25 12:48:04,951 [grpc-default-executor-4] INFO  impl.FollowerInfo (FollowerInfo.java:lambda$new$0(51)) - 36c91996-c5f7-4a90-94d5-6233d5d955ee@group-40801021FF8B->4cc4b627-b178-49fa-865f-0d962778a832: nextIndex: updateUnconditionally 2 -> 1
12:48:05.341 [grpc-default-executor-4] ERROR DNAudit - user=null | ip=null | op=WRITE_CHUNK {blockData=conID: 1 locID: 102853225047523341 bcsId: 13} | ret=FAILURE
org.apache.hadoop.hdds.scm.container.common.helpers.ContainerNotOpenException: Container 1 in CLOSING state
	at org.apache.hadoop.ozone.container.common.impl.HddsDispatcher.validateContainerCommand(HddsDispatcher.java:434) ~[hadoop-hdds-container-service-0.5.0-SNAPSHOT.jar:?]
	at org.apache.hadoop.ozone.container.common.transport.server.ratis.ContainerStateMachine.startTransaction(ContainerStateMachine.java:315) ~[hadoop-hdds-container-service-0.5.0-SNAPSHOT.jar:?]
	at org.apache.ratis.server.impl.RaftServerImpl.submitClientRequestAsync(RaftServerImpl.java:573) ~[ratis-server-0.4.0.jar:0.4.0]
	at org.apache.ratis.server.impl.RaftServerProxy.lambda$submitClientRequestAsync$7(RaftServerProxy.java:333) ~[ratis-server-0.4.0.jar:0.4.0]
	at org.apache.ratis.server.impl.RaftServerProxy.lambda$null$5(RaftServerProxy.java:328) ~[ratis-server-0.4.0.jar:0.4.0]
	at org.apache.ratis.util.JavaUtils.callAsUnchecked(JavaUtils.java:109) ~[ratis-common-0.4.0.jar:0.4.0]
	at org.apache.ratis.server.impl.RaftServerProxy.lambda$submitRequest$6(RaftServerProxy.java:328) ~[ratis-server-0.4.0.jar:0.4.0]
	at java.util.concurrent.CompletableFuture.uniComposeStage(CompletableFuture.java:981) ~[?:1.8.0_212]
	at java.util.concurrent.CompletableFuture.thenCompose(CompletableFuture.java:2124) ~[?:1.8.0_212]
	at org.apache.ratis.server.impl.RaftServerProxy.submitRequest(RaftServerProxy.java:327) ~[ratis-server-0.4.0.jar:0.4.0]
	at org.apache.ratis.server.impl.RaftServerProxy.submitClientRequestAsync(RaftServerProxy.java:333) ~[ratis-server-0.4.0.jar:0.4.0]
	at org.apache.ratis.grpc.client.GrpcClientProtocolService$RequestStreamObserver.processClientRequest(GrpcClientProtocolService.java:220) ~[ratis-grpc-0.4.0.jar:0.4.0]
	at org.apache.ratis.grpc.client.GrpcClientProtocolService$OrderedRequestStreamObserver.processClientRequest(GrpcClientProtocolService.java:326) ~[ratis-grpc-0.4.0.jar:0.4.0]
	at org.apache.ratis.util.SlidingWindow$Server.processRequestsFromHead(SlidingWindow.java:429) [ratis-common-0.4.0.jar:0.4.0]
	at org.apache.ratis.util.SlidingWindow$Server.receivedRequest(SlidingWindow.java:421) [ratis-common-0.4.0.jar:0.4.0]
	at org.apache.ratis.grpc.client.GrpcClientProtocolService$OrderedRequestStreamObserver.processClientRequest(GrpcClientProtocolService.java:345) [ratis-grpc-0.4.0.jar:0.4.0]
	at org.apache.ratis.grpc.client.GrpcClientProtocolService$RequestStreamObserver.onNext(GrpcClientProtocolService.java:240) [ratis-grpc-0.4.0.jar:0.4.0]
	at org.apache.ratis.grpc.client.GrpcClientProtocolService$RequestStreamObserver.onNext(GrpcClientProtocolService.java:168) [ratis-grpc-0.4.0.jar:0.4.0]
	at org.apache.ratis.thirdparty.io.grpc.stub.ServerCalls$StreamingServerCallHandler$StreamingServerCallListener.onMessage(ServerCalls.java:248) [ratis-thirdparty-misc-0.2.0.jar:0.2.0]
	at org.apache.ratis.thirdparty.io.grpc.internal.ServerCallImpl$ServerStreamListenerImpl.messagesAvailable(ServerCallImpl.java:263) [ratis-thirdparty-misc-0.2.0.jar:0.2.0]
	at org.apache.ratis.thirdparty.io.grpc.internal.ServerImpl$JumpToApplicationThreadServerStreamListener$1MessagesAvailable.runInContext(ServerImpl.java:686) [ratis-thirdparty-misc-0.2.0.jar:0.2.0]
	at org.apache.ratis.thirdparty.io.grpc.internal.ContextRunnable.run(ContextRunnable.java:37) [ratis-thirdparty-misc-0.2.0.jar:0.2.0]
	at org.apache.ratis.thirdparty.io.grpc.internal.SerializingExecutor.run(SerializingExecutor.java:123) [ratis-thirdparty-misc-0.2.0.jar:0.2.0]
	at java.util.concurrent.ThreadPoolExecutor.runWorker(ThreadPoolExecutor.java:1149) [?:1.8.0_212]
	at java.util.concurrent.ThreadPoolExecutor$Worker.run(ThreadPoolExecutor.java:624) [?:1.8.0_212]
	at java.lang.Thread.run(Thread.java:748) [?:1.8.0_212]
12:48:05.361 [grpc-default-executor-1] ERROR DNAudit - user=null | ip=null | op=WRITE_CHUNK {blockData=conID: 1 locID: 102853225047523341 bcsId: 13} | ret=FAILURE
org.apache.hadoop.hdds.scm.container.common.helpers.ContainerNotOpenException: Container 1 in CLOSING state
	at org.apache.hadoop.ozone.container.common.impl.HddsDispatcher.validateContainerCommand(HddsDispatcher.java:434) ~[hadoop-hdds-container-service-0.5.0-SNAPSHOT.jar:?]
	at org.apache.hadoop.ozone.container.common.transport.server.ratis.ContainerStateMachine.startTransaction(ContainerStateMachine.java:315) ~[hadoop-hdds-container-service-0.5.0-SNAPSHOT.jar:?]
	at org.apache.ratis.server.impl.RaftServerImpl.submitClientRequestAsync(RaftServerImpl.java:573) ~[ratis-server-0.4.0.jar:0.4.0]
	at org.apache.ratis.server.impl.RaftServerProxy.lambda$submitClientRequestAsync$7(RaftServerProxy.java:333) ~[ratis-server-0.4.0.jar:0.4.0]
	at org.apache.ratis.server.impl.RaftServerProxy.lambda$null$5(RaftServerProxy.java:328) ~[ratis-server-0.4.0.jar:0.4.0]
	at org.apache.ratis.util.JavaUtils.callAsUnchecked(JavaUtils.java:109) ~[ratis-common-0.4.0.jar:0.4.0]
	at org.apache.ratis.server.impl.RaftServerProxy.lambda$submitRequest$6(RaftServerProxy.java:328) ~[ratis-server-0.4.0.jar:0.4.0]
	at java.util.concurrent.CompletableFuture.uniComposeStage(CompletableFuture.java:981) ~[?:1.8.0_212]
	at java.util.concurrent.CompletableFuture.thenCompose(CompletableFuture.java:2124) ~[?:1.8.0_212]
	at org.apache.ratis.server.impl.RaftServerProxy.submitRequest(RaftServerProxy.java:327) ~[ratis-server-0.4.0.jar:0.4.0]
	at org.apache.ratis.server.impl.RaftServerProxy.submitClientRequestAsync(RaftServerProxy.java:333) ~[ratis-server-0.4.0.jar:0.4.0]
	at org.apache.ratis.grpc.client.GrpcClientProtocolService$RequestStreamObserver.processClientRequest(GrpcClientProtocolService.java:220) ~[ratis-grpc-0.4.0.jar:0.4.0]
	at org.apache.ratis.grpc.client.GrpcClientProtocolService$OrderedRequestStreamObserver.processClientRequest(GrpcClientProtocolService.java:326) ~[ratis-grpc-0.4.0.jar:0.4.0]
	at org.apache.ratis.util.SlidingWindow$Server.processRequestsFromHead(SlidingWindow.java:429) [ratis-common-0.4.0.jar:0.4.0]
	at org.apache.ratis.util.SlidingWindow$Server.receivedRequest(SlidingWindow.java:421) [ratis-common-0.4.0.jar:0.4.0]
	at org.apache.ratis.grpc.client.GrpcClientProtocolService$OrderedRequestStreamObserver.processClientRequest(GrpcClientProtocolService.java:345) [ratis-grpc-0.4.0.jar:0.4.0]
	at org.apache.ratis.grpc.client.GrpcClientProtocolService$RequestStreamObserver.onNext(GrpcClientProtocolService.java:240) [ratis-grpc-0.4.0.jar:0.4.0]
	at org.apache.ratis.grpc.client.GrpcClientProtocolService$RequestStreamObserver.onNext(GrpcClientProtocolService.java:168) [ratis-grpc-0.4.0.jar:0.4.0]
	at org.apache.ratis.thirdparty.io.grpc.stub.ServerCalls$StreamingServerCallHandler$StreamingServerCallListener.onMessage(ServerCalls.java:248) [ratis-thirdparty-misc-0.2.0.jar:0.2.0]
	at org.apache.ratis.thirdparty.io.grpc.internal.ServerCallImpl$ServerStreamListenerImpl.messagesAvailable(ServerCallImpl.java:263) [ratis-thirdparty-misc-0.2.0.jar:0.2.0]
	at org.apache.ratis.thirdparty.io.grpc.internal.ServerImpl$JumpToApplicationThreadServerStreamListener$1MessagesAvailable.runInContext(ServerImpl.java:686) [ratis-thirdparty-misc-0.2.0.jar:0.2.0]
	at org.apache.ratis.thirdparty.io.grpc.internal.ContextRunnable.run(ContextRunnable.java:37) [ratis-thirdparty-misc-0.2.0.jar:0.2.0]
	at org.apache.ratis.thirdparty.io.grpc.internal.SerializingExecutor.run(SerializingExecutor.java:123) [ratis-thirdparty-misc-0.2.0.jar:0.2.0]
	at java.util.concurrent.ThreadPoolExecutor.runWorker(ThreadPoolExecutor.java:1149) [?:1.8.0_212]
	at java.util.concurrent.ThreadPoolExecutor$Worker.run(ThreadPoolExecutor.java:624) [?:1.8.0_212]
	at java.lang.Thread.run(Thread.java:748) [?:1.8.0_212]
12:48:05.363 [grpc-default-executor-1] ERROR DNAudit - user=null | ip=null | op=PUT_BLOCK {blockData=[blockId=conID: 1 locID: 102853225047523341 bcsId: 0,size=650]} | ret=FAILURE
org.apache.hadoop.hdds.scm.container.common.helpers.ContainerNotOpenException: Container 1 in CLOSING state
	at org.apache.hadoop.ozone.container.common.impl.HddsDispatcher.validateContainerCommand(HddsDispatcher.java:434) ~[hadoop-hdds-container-service-0.5.0-SNAPSHOT.jar:?]
	at org.apache.hadoop.ozone.container.common.transport.server.ratis.ContainerStateMachine.startTransaction(ContainerStateMachine.java:315) ~[hadoop-hdds-container-service-0.5.0-SNAPSHOT.jar:?]
	at org.apache.ratis.server.impl.RaftServerImpl.submitClientRequestAsync(RaftServerImpl.java:573) ~[ratis-server-0.4.0.jar:0.4.0]
	at org.apache.ratis.server.impl.RaftServerProxy.lambda$submitClientRequestAsync$7(RaftServerProxy.java:333) ~[ratis-server-0.4.0.jar:0.4.0]
	at org.apache.ratis.server.impl.RaftServerProxy.lambda$null$5(RaftServerProxy.java:328) ~[ratis-server-0.4.0.jar:0.4.0]
	at org.apache.ratis.util.JavaUtils.callAsUnchecked(JavaUtils.java:109) ~[ratis-common-0.4.0.jar:0.4.0]
	at org.apache.ratis.server.impl.RaftServerProxy.lambda$submitRequest$6(RaftServerProxy.java:328) ~[ratis-server-0.4.0.jar:0.4.0]
	at java.util.concurrent.CompletableFuture.uniComposeStage(CompletableFuture.java:981) ~[?:1.8.0_212]
	at java.util.concurrent.CompletableFuture.thenCompose(CompletableFuture.java:2124) ~[?:1.8.0_212]
	at org.apache.ratis.server.impl.RaftServerProxy.submitRequest(RaftServerProxy.java:327) ~[ratis-server-0.4.0.jar:0.4.0]
	at org.apache.ratis.server.impl.RaftServerProxy.submitClientRequestAsync(RaftServerProxy.java:333) ~[ratis-server-0.4.0.jar:0.4.0]
	at org.apache.ratis.grpc.client.GrpcClientProtocolService$RequestStreamObserver.processClientRequest(GrpcClientProtocolService.java:220) ~[ratis-grpc-0.4.0.jar:0.4.0]
	at org.apache.ratis.grpc.client.GrpcClientProtocolService$OrderedRequestStreamObserver.processClientRequest(GrpcClientProtocolService.java:326) ~[ratis-grpc-0.4.0.jar:0.4.0]
	at org.apache.ratis.util.SlidingWindow$Server.processRequestsFromHead(SlidingWindow.java:429) [ratis-common-0.4.0.jar:0.4.0]
	at org.apache.ratis.util.SlidingWindow$Server.receivedRequest(SlidingWindow.java:421) [ratis-common-0.4.0.jar:0.4.0]
	at org.apache.ratis.grpc.client.GrpcClientProtocolService$OrderedRequestStreamObserver.processClientRequest(GrpcClientProtocolService.java:345) [ratis-grpc-0.4.0.jar:0.4.0]
	at org.apache.ratis.grpc.client.GrpcClientProtocolService$RequestStreamObserver.onNext(GrpcClientProtocolService.java:240) [ratis-grpc-0.4.0.jar:0.4.0]
	at org.apache.ratis.grpc.client.GrpcClientProtocolService$RequestStreamObserver.onNext(GrpcClientProtocolService.java:168) [ratis-grpc-0.4.0.jar:0.4.0]
	at org.apache.ratis.thirdparty.io.grpc.stub.ServerCalls$StreamingServerCallHandler$StreamingServerCallListener.onMessage(ServerCalls.java:248) [ratis-thirdparty-misc-0.2.0.jar:0.2.0]
	at org.apache.ratis.thirdparty.io.grpc.internal.ServerCallImpl$ServerStreamListenerImpl.messagesAvailable(ServerCallImpl.java:263) [ratis-thirdparty-misc-0.2.0.jar:0.2.0]
	at org.apache.ratis.thirdparty.io.grpc.internal.ServerImpl$JumpToApplicationThreadServerStreamListener$1MessagesAvailable.runInContext(ServerImpl.java:686) [ratis-thirdparty-misc-0.2.0.jar:0.2.0]
	at org.apache.ratis.thirdparty.io.grpc.internal.ContextRunnable.run(ContextRunnable.java:37) [ratis-thirdparty-misc-0.2.0.jar:0.2.0]
	at org.apache.ratis.thirdparty.io.grpc.internal.SerializingExecutor.run(SerializingExecutor.java:123) [ratis-thirdparty-misc-0.2.0.jar:0.2.0]
	at java.util.concurrent.ThreadPoolExecutor.runWorker(ThreadPoolExecutor.java:1149) [?:1.8.0_212]
	at java.util.concurrent.ThreadPoolExecutor$Worker.run(ThreadPoolExecutor.java:624) [?:1.8.0_212]
	at java.lang.Thread.run(Thread.java:748) [?:1.8.0_212]
12:48:05.380 [grpc-default-executor-1] ERROR DNAudit - user=null | ip=null | op=WRITE_CHUNK {blockData=conID: 1 locID: 102853225047523341 bcsId: 13} | ret=FAILURE
org.apache.hadoop.hdds.scm.container.common.helpers.ContainerNotOpenException: Container 1 in CLOSING state
	at org.apache.hadoop.ozone.container.common.impl.HddsDispatcher.validateContainerCommand(HddsDispatcher.java:434) ~[hadoop-hdds-container-service-0.5.0-SNAPSHOT.jar:?]
	at org.apache.hadoop.ozone.container.common.transport.server.ratis.ContainerStateMachine.startTransaction(ContainerStateMachine.java:315) ~[hadoop-hdds-container-service-0.5.0-SNAPSHOT.jar:?]
	at org.apache.ratis.server.impl.RaftServerImpl.submitClientRequestAsync(RaftServerImpl.java:573) ~[ratis-server-0.4.0.jar:0.4.0]
	at org.apache.ratis.server.impl.RaftServerProxy.lambda$submitClientRequestAsync$7(RaftServerProxy.java:333) ~[ratis-server-0.4.0.jar:0.4.0]
	at org.apache.ratis.server.impl.RaftServerProxy.lambda$null$5(RaftServerProxy.java:328) ~[ratis-server-0.4.0.jar:0.4.0]
	at org.apache.ratis.util.JavaUtils.callAsUnchecked(JavaUtils.java:109) ~[ratis-common-0.4.0.jar:0.4.0]
	at org.apache.ratis.server.impl.RaftServerProxy.lambda$submitRequest$6(RaftServerProxy.java:328) ~[ratis-server-0.4.0.jar:0.4.0]
	at java.util.concurrent.CompletableFuture.uniComposeStage(CompletableFuture.java:981) ~[?:1.8.0_212]
	at java.util.concurrent.CompletableFuture.thenCompose(CompletableFuture.java:2124) ~[?:1.8.0_212]
	at org.apache.ratis.server.impl.RaftServerProxy.submitRequest(RaftServerProxy.java:327) ~[ratis-server-0.4.0.jar:0.4.0]
	at org.apache.ratis.server.impl.RaftServerProxy.submitClientRequestAsync(RaftServerProxy.java:333) ~[ratis-server-0.4.0.jar:0.4.0]
	at org.apache.ratis.grpc.client.GrpcClientProtocolService$RequestStreamObserver.processClientRequest(GrpcClientProtocolService.java:220) ~[ratis-grpc-0.4.0.jar:0.4.0]
	at org.apache.ratis.grpc.client.GrpcClientProtocolService$OrderedRequestStreamObserver.processClientRequest(GrpcClientProtocolService.java:326) ~[ratis-grpc-0.4.0.jar:0.4.0]
	at org.apache.ratis.util.SlidingWindow$Server.processRequestsFromHead(SlidingWindow.java:429) [ratis-common-0.4.0.jar:0.4.0]
	at org.apache.ratis.util.SlidingWindow$Server.receivedRequest(SlidingWindow.java:421) [ratis-common-0.4.0.jar:0.4.0]
	at org.apache.ratis.grpc.client.GrpcClientProtocolService$OrderedRequestStreamObserver.processClientRequest(GrpcClientProtocolService.java:345) [ratis-grpc-0.4.0.jar:0.4.0]
	at org.apache.ratis.grpc.client.GrpcClientProtocolService$RequestStreamObserver.onNext(GrpcClientProtocolService.java:240) [ratis-grpc-0.4.0.jar:0.4.0]
	at org.apache.ratis.grpc.client.GrpcClientProtocolService$RequestStreamObserver.onNext(GrpcClientProtocolService.java:168) [ratis-grpc-0.4.0.jar:0.4.0]
	at org.apache.ratis.thirdparty.io.grpc.stub.ServerCalls$StreamingServerCallHandler$StreamingServerCallListener.onMessage(ServerCalls.java:248) [ratis-thirdparty-misc-0.2.0.jar:0.2.0]
	at org.apache.ratis.thirdparty.io.grpc.internal.ServerCallImpl$ServerStreamListenerImpl.messagesAvailable(ServerCallImpl.java:263) [ratis-thirdparty-misc-0.2.0.jar:0.2.0]
	at org.apache.ratis.thirdparty.io.grpc.internal.ServerImpl$JumpToApplicationThreadServerStreamListener$1MessagesAvailable.runInContext(ServerImpl.java:686) [ratis-thirdparty-misc-0.2.0.jar:0.2.0]
	at org.apache.ratis.thirdparty.io.grpc.internal.ContextRunnable.run(ContextRunnable.java:37) [ratis-thirdparty-misc-0.2.0.jar:0.2.0]
	at org.apache.ratis.thirdparty.io.grpc.internal.SerializingExecutor.run(SerializingExecutor.java:123) [ratis-thirdparty-misc-0.2.0.jar:0.2.0]
	at java.util.concurrent.ThreadPoolExecutor.runWorker(ThreadPoolExecutor.java:1149) [?:1.8.0_212]
	at java.util.concurrent.ThreadPoolExecutor$Worker.run(ThreadPoolExecutor.java:624) [?:1.8.0_212]
	at java.lang.Thread.run(Thread.java:748) [?:1.8.0_212]
12:48:05.382 [grpc-default-executor-1] ERROR DNAudit - user=null | ip=null | op=WRITE_CHUNK {blockData=conID: 1 locID: 102853225047523341 bcsId: 13} | ret=FAILURE
org.apache.hadoop.hdds.scm.container.common.helpers.ContainerNotOpenException: Container 1 in CLOSING state
	at org.apache.hadoop.ozone.container.common.impl.HddsDispatcher.validateContainerCommand(HddsDispatcher.java:434) ~[hadoop-hdds-container-service-0.5.0-SNAPSHOT.jar:?]
	at org.apache.hadoop.ozone.container.common.transport.server.ratis.ContainerStateMachine.startTransaction(ContainerStateMachine.java:315) ~[hadoop-hdds-container-service-0.5.0-SNAPSHOT.jar:?]
	at org.apache.ratis.server.impl.RaftServerImpl.submitClientRequestAsync(RaftServerImpl.java:573) ~[ratis-server-0.4.0.jar:0.4.0]
	at org.apache.ratis.server.impl.RaftServerProxy.lambda$submitClientRequestAsync$7(RaftServerProxy.java:333) ~[ratis-server-0.4.0.jar:0.4.0]
	at org.apache.ratis.server.impl.RaftServerProxy.lambda$null$5(RaftServerProxy.java:328) ~[ratis-server-0.4.0.jar:0.4.0]
	at org.apache.ratis.util.JavaUtils.callAsUnchecked(JavaUtils.java:109) ~[ratis-common-0.4.0.jar:0.4.0]
	at org.apache.ratis.server.impl.RaftServerProxy.lambda$submitRequest$6(RaftServerProxy.java:328) ~[ratis-server-0.4.0.jar:0.4.0]
	at java.util.concurrent.CompletableFuture.uniComposeStage(CompletableFuture.java:981) ~[?:1.8.0_212]
	at java.util.concurrent.CompletableFuture.thenCompose(CompletableFuture.java:2124) ~[?:1.8.0_212]
	at org.apache.ratis.server.impl.RaftServerProxy.submitRequest(RaftServerProxy.java:327) ~[ratis-server-0.4.0.jar:0.4.0]
	at org.apache.ratis.server.impl.RaftServerProxy.submitClientRequestAsync(RaftServerProxy.java:333) ~[ratis-server-0.4.0.jar:0.4.0]
	at org.apache.ratis.grpc.client.GrpcClientProtocolService$RequestStreamObserver.processClientRequest(GrpcClientProtocolService.java:220) ~[ratis-grpc-0.4.0.jar:0.4.0]
	at org.apache.ratis.grpc.client.GrpcClientProtocolService$OrderedRequestStreamObserver.processClientRequest(GrpcClientProtocolService.java:326) ~[ratis-grpc-0.4.0.jar:0.4.0]
	at org.apache.ratis.util.SlidingWindow$Server.processRequestsFromHead(SlidingWindow.java:429) [ratis-common-0.4.0.jar:0.4.0]
	at org.apache.ratis.util.SlidingWindow$Server.receivedRequest(SlidingWindow.java:421) [ratis-common-0.4.0.jar:0.4.0]
	at org.apache.ratis.grpc.client.GrpcClientProtocolService$OrderedRequestStreamObserver.processClientRequest(GrpcClientProtocolService.java:345) [ratis-grpc-0.4.0.jar:0.4.0]
	at org.apache.ratis.grpc.client.GrpcClientProtocolService$RequestStreamObserver.onNext(GrpcClientProtocolService.java:240) [ratis-grpc-0.4.0.jar:0.4.0]
	at org.apache.ratis.grpc.client.GrpcClientProtocolService$RequestStreamObserver.onNext(GrpcClientProtocolService.java:168) [ratis-grpc-0.4.0.jar:0.4.0]
	at org.apache.ratis.thirdparty.io.grpc.stub.ServerCalls$StreamingServerCallHandler$StreamingServerCallListener.onMessage(ServerCalls.java:248) [ratis-thirdparty-misc-0.2.0.jar:0.2.0]
	at org.apache.ratis.thirdparty.io.grpc.internal.ServerCallImpl$ServerStreamListenerImpl.messagesAvailable(ServerCallImpl.java:263) [ratis-thirdparty-misc-0.2.0.jar:0.2.0]
	at org.apache.ratis.thirdparty.io.grpc.internal.ServerImpl$JumpToApplicationThreadServerStreamListener$1MessagesAvailable.runInContext(ServerImpl.java:686) [ratis-thirdparty-misc-0.2.0.jar:0.2.0]
	at org.apache.ratis.thirdparty.io.grpc.internal.ContextRunnable.run(ContextRunnable.java:37) [ratis-thirdparty-misc-0.2.0.jar:0.2.0]
	at org.apache.ratis.thirdparty.io.grpc.internal.SerializingExecutor.run(SerializingExecutor.java:123) [ratis-thirdparty-misc-0.2.0.jar:0.2.0]
	at java.util.concurrent.ThreadPoolExecutor.runWorker(ThreadPoolExecutor.java:1149) [?:1.8.0_212]
	at java.util.concurrent.ThreadPoolExecutor$Worker.run(ThreadPoolExecutor.java:624) [?:1.8.0_212]
	at java.lang.Thread.run(Thread.java:748) [?:1.8.0_212]
12:48:05.395 [grpc-default-executor-1] ERROR DNAudit - user=null | ip=null | op=PUT_BLOCK {blockData=[blockId=conID: 1 locID: 102853225047523341 bcsId: 0,size=800]} | ret=FAILURE
org.apache.hadoop.hdds.scm.container.common.helpers.ContainerNotOpenException: Container 1 in CLOSING state
	at org.apache.hadoop.ozone.container.common.impl.HddsDispatcher.validateContainerCommand(HddsDispatcher.java:434) ~[hadoop-hdds-container-service-0.5.0-SNAPSHOT.jar:?]
	at org.apache.hadoop.ozone.container.common.transport.server.ratis.ContainerStateMachine.startTransaction(ContainerStateMachine.java:315) ~[hadoop-hdds-container-service-0.5.0-SNAPSHOT.jar:?]
	at org.apache.ratis.server.impl.RaftServerImpl.submitClientRequestAsync(RaftServerImpl.java:573) ~[ratis-server-0.4.0.jar:0.4.0]
	at org.apache.ratis.server.impl.RaftServerProxy.lambda$submitClientRequestAsync$7(RaftServerProxy.java:333) ~[ratis-server-0.4.0.jar:0.4.0]
	at org.apache.ratis.server.impl.RaftServerProxy.lambda$null$5(RaftServerProxy.java:328) ~[ratis-server-0.4.0.jar:0.4.0]
	at org.apache.ratis.util.JavaUtils.callAsUnchecked(JavaUtils.java:109) ~[ratis-common-0.4.0.jar:0.4.0]
	at org.apache.ratis.server.impl.RaftServerProxy.lambda$submitRequest$6(RaftServerProxy.java:328) ~[ratis-server-0.4.0.jar:0.4.0]
	at java.util.concurrent.CompletableFuture.uniComposeStage(CompletableFuture.java:981) ~[?:1.8.0_212]
	at java.util.concurrent.CompletableFuture.thenCompose(CompletableFuture.java:2124) ~[?:1.8.0_212]
	at org.apache.ratis.server.impl.RaftServerProxy.submitRequest(RaftServerProxy.java:327) ~[ratis-server-0.4.0.jar:0.4.0]
	at org.apache.ratis.server.impl.RaftServerProxy.submitClientRequestAsync(RaftServerProxy.java:333) ~[ratis-server-0.4.0.jar:0.4.0]
	at org.apache.ratis.grpc.client.GrpcClientProtocolService$RequestStreamObserver.processClientRequest(GrpcClientProtocolService.java:220) ~[ratis-grpc-0.4.0.jar:0.4.0]
	at org.apache.ratis.grpc.client.GrpcClientProtocolService$OrderedRequestStreamObserver.processClientRequest(GrpcClientProtocolService.java:326) ~[ratis-grpc-0.4.0.jar:0.4.0]
	at org.apache.ratis.util.SlidingWindow$Server.processRequestsFromHead(SlidingWindow.java:429) [ratis-common-0.4.0.jar:0.4.0]
	at org.apache.ratis.util.SlidingWindow$Server.receivedRequest(SlidingWindow.java:421) [ratis-common-0.4.0.jar:0.4.0]
	at org.apache.ratis.grpc.client.GrpcClientProtocolService$OrderedRequestStreamObserver.processClientRequest(GrpcClientProtocolService.java:345) [ratis-grpc-0.4.0.jar:0.4.0]
	at org.apache.ratis.grpc.client.GrpcClientProtocolService$RequestStreamObserver.onNext(GrpcClientProtocolService.java:240) [ratis-grpc-0.4.0.jar:0.4.0]
	at org.apache.ratis.grpc.client.GrpcClientProtocolService$RequestStreamObserver.onNext(GrpcClientProtocolService.java:168) [ratis-grpc-0.4.0.jar:0.4.0]
	at org.apache.ratis.thirdparty.io.grpc.stub.ServerCalls$StreamingServerCallHandler$StreamingServerCallListener.onMessage(ServerCalls.java:248) [ratis-thirdparty-misc-0.2.0.jar:0.2.0]
	at org.apache.ratis.thirdparty.io.grpc.internal.ServerCallImpl$ServerStreamListenerImpl.messagesAvailable(ServerCallImpl.java:263) [ratis-thirdparty-misc-0.2.0.jar:0.2.0]
	at org.apache.ratis.thirdparty.io.grpc.internal.ServerImpl$JumpToApplicationThreadServerStreamListener$1MessagesAvailable.runInContext(ServerImpl.java:686) [ratis-thirdparty-misc-0.2.0.jar:0.2.0]
	at org.apache.ratis.thirdparty.io.grpc.internal.ContextRunnable.run(ContextRunnable.java:37) [ratis-thirdparty-misc-0.2.0.jar:0.2.0]
	at org.apache.ratis.thirdparty.io.grpc.internal.SerializingExecutor.run(SerializingExecutor.java:123) [ratis-thirdparty-misc-0.2.0.jar:0.2.0]
	at java.util.concurrent.ThreadPoolExecutor.runWorker(ThreadPoolExecutor.java:1149) [?:1.8.0_212]
	at java.util.concurrent.ThreadPoolExecutor$Worker.run(ThreadPoolExecutor.java:624) [?:1.8.0_212]
	at java.lang.Thread.run(Thread.java:748) [?:1.8.0_212]
2019-09-25 12:48:05,782 [main] INFO  ozone.MiniOzoneClusterImpl (MiniOzoneClusterImpl.java:shutdown(314)) - Shutting down the Mini Ozone Cluster
2019-09-25 12:48:05,783 [main] INFO  ozone.MiniOzoneClusterImpl (MiniOzoneClusterImpl.java:stop(330)) - Stopping the Mini Ozone Cluster
2019-09-25 12:48:05,783 [main] INFO  ozone.MiniOzoneClusterImpl (MiniOzoneClusterImpl.java:stopOM(400)) - Stopping the OzoneManager
2019-09-25 12:48:05,783 [main] INFO  ipc.Server (Server.java:stop(3082)) - Stopping server on 33935
2019-09-25 12:48:05,799 [IPC Server listener on 33935] INFO  ipc.Server (Server.java:run(1185)) - Stopping IPC Server listener on 33935
2019-09-25 12:48:05,799 [main] INFO  ratis.OzoneManagerDoubleBuffer (OzoneManagerDoubleBuffer.java:stop(248)) - Stopping OMDoubleBuffer flush thread
2019-09-25 12:48:05,801 [OMDoubleBufferFlushThread] INFO  ratis.OzoneManagerDoubleBuffer (OzoneManagerDoubleBuffer.java:flushTransactions(191)) - OMDoubleBuffer flush thread OMDoubleBufferFlushThread is interrupted and will exit. OMDoubleBufferFlushThread
2019-09-25 12:48:05,801 [IPC Server Responder] INFO  ipc.Server (Server.java:run(1319)) - Stopping IPC Server Responder
2019-09-25 12:48:05,801 [main] INFO  utils.BackgroundService (BackgroundService.java:shutdown(148)) - Shutting down service KeyDeletingService
2019-09-25 12:48:05,802 [main] INFO  handler.ContextHandler (ContextHandler.java:doStop(910)) - Stopped o.e.j.w.WebAppContext@231b35fb{/,null,UNAVAILABLE}{/ozoneManager}
2019-09-25 12:48:05,803 [main] INFO  server.AbstractConnector (AbstractConnector.java:doStop(318)) - Stopped ServerConnector@26da1ba2{HTTP/1.1,[http/1.1]}{0.0.0.0:0}
2019-09-25 12:48:05,803 [main] INFO  handler.ContextHandler (ContextHandler.java:doStop(910)) - Stopped o.e.j.s.ServletContextHandler@4eeab3e{/static,file:///workdir/hadoop-ozone/integration-test/target/test-classes/webapps/static,UNAVAILABLE}
2019-09-25 12:48:05,804 [main] INFO  handler.ContextHandler (ContextHandler.java:doStop(910)) - Stopped o.e.j.s.ServletContextHandler@79df80a4{/logs,file:///workdir/hadoop-ozone/integration-test/target/log,UNAVAILABLE}
2019-09-25 12:48:05,807 [main] INFO  ozone.MiniOzoneClusterImpl (MiniOzoneClusterImpl.java:stopDatanodes(377)) - Stopping the HddsDatanodes
2019-09-25 12:48:06,016 [Datanode State Machine Thread - 0] INFO  statemachine.DatanodeStateMachine (DatanodeStateMachine.java:lambda$startDaemon$0(350)) - Ozone container server started.
2019-09-25 12:48:06,610 [Datanode State Machine Thread - 0] INFO  statemachine.DatanodeStateMachine (DatanodeStateMachine.java:lambda$startDaemon$0(350)) - Ozone container server started.
2019-09-25 12:48:07,452 [grpc-default-executor-5] WARN  server.GrpcLogAppender (LogUtils.java:warn(134)) - 36c91996-c5f7-4a90-94d5-6233d5d955ee@group-40801021FF8B->4cc4b627-b178-49fa-865f-0d962778a832-AppendLogResponseHandler: Failed appendEntries: org.apache.ratis.thirdparty.io.grpc.StatusRuntimeException: UNAVAILABLE: io exception
2019-09-25 12:48:07,452 [grpc-default-executor-5] INFO  impl.FollowerInfo (FollowerInfo.java:lambda$new$0(51)) - 36c91996-c5f7-4a90-94d5-6233d5d955ee@group-40801021FF8B->4cc4b627-b178-49fa-865f-0d962778a832: nextIndex: updateUnconditionally 1 -> 0
2019-09-25 12:48:09,957 [grpc-default-executor-5] WARN  server.GrpcLogAppender (LogUtils.java:warn(134)) - 36c91996-c5f7-4a90-94d5-6233d5d955ee@group-40801021FF8B->4cc4b627-b178-49fa-865f-0d962778a832-AppendLogResponseHandler: Failed appendEntries: org.apache.ratis.thirdparty.io.grpc.StatusRuntimeException: UNAVAILABLE: io exception
2019-09-25 12:48:09,958 [grpc-default-executor-5] INFO  impl.FollowerInfo (FollowerInfo.java:lambda$new$0(51)) - 36c91996-c5f7-4a90-94d5-6233d5d955ee@group-40801021FF8B->4cc4b627-b178-49fa-865f-0d962778a832: nextIndex: updateUnconditionally 0 -> 0
2019-09-25 12:48:10,086 [EventQueue-StaleNodeForStaleNodeHandler] INFO  node.StaleNodeHandler (StaleNodeHandler.java:onMessage(58)) - Datanode 2e2a41db-3d1f-4483-92cc-510291bd68f3{ip: 192.168.151.66, host: pr-hdds-2175-t596l-953197546, networkLocation: /default-rack, certSerialId: null} moved to stale state. Finalizing its pipelines [PipelineID=4b0214dc-2ce5-4929-b238-44d54f6d1432]
2019-09-25 12:48:10,087 [EventQueue-StaleNodeForStaleNodeHandler] INFO  pipeline.SCMPipelineManager (SCMPipelineManager.java:finalizeAndDestroyPipeline(315)) - destroying pipeline:Pipeline[ Id: 4b0214dc-2ce5-4929-b238-44d54f6d1432, Nodes: 2e2a41db-3d1f-4483-92cc-510291bd68f3{ip: 192.168.151.66, host: pr-hdds-2175-t596l-953197546, networkLocation: /default-rack, certSerialId: null}, Type:RATIS, Factor:ONE, State:OPEN]
2019-09-25 12:48:10,087 [EventQueue-StaleNodeForStaleNodeHandler] INFO  pipeline.PipelineStateManager (PipelineStateManager.java:finalizePipeline(123)) - Pipeline Pipeline[ Id: 4b0214dc-2ce5-4929-b238-44d54f6d1432, Nodes: 2e2a41db-3d1f-4483-92cc-510291bd68f3{ip: 192.168.151.66, host: pr-hdds-2175-t596l-953197546, networkLocation: /default-rack, certSerialId: null}, Type:RATIS, Factor:ONE, State:CLOSED] moved to CLOSED state
2019-09-25 12:48:10,687 [EventQueue-StaleNodeForStaleNodeHandler] INFO  node.StaleNodeHandler (StaleNodeHandler.java:onMessage(58)) - Datanode 748828df-30b0-4015-b75f-dfc54b2a2355{ip: 192.168.151.66, host: pr-hdds-2175-t596l-953197546, networkLocation: /default-rack, certSerialId: null} moved to stale state. Finalizing its pipelines [PipelineID=b727f70b-c24d-4af0-8382-0e8147fb6048, PipelineID=1bbc30f4-b5f2-4a9f-83a6-8ba63a0e8b8c]
2019-09-25 12:48:10,687 [EventQueue-StaleNodeForStaleNodeHandler] INFO  pipeline.SCMPipelineManager (SCMPipelineManager.java:finalizeAndDestroyPipeline(315)) - destroying pipeline:Pipeline[ Id: b727f70b-c24d-4af0-8382-0e8147fb6048, Nodes: 8cac1812-c792-42d2-8f80-be30857055bc{ip: 192.168.151.66, host: pr-hdds-2175-t596l-953197546, networkLocation: /default-rack, certSerialId: null}3c2cd309-f96b-4683-9e8f-90e33ab63894{ip: 192.168.151.66, host: pr-hdds-2175-t596l-953197546, networkLocation: /default-rack, certSerialId: null}748828df-30b0-4015-b75f-dfc54b2a2355{ip: 192.168.151.66, host: pr-hdds-2175-t596l-953197546, networkLocation: /default-rack, certSerialId: null}, Type:RATIS, Factor:THREE, State:OPEN]
2019-09-25 12:48:10,687 [EventQueue-StaleNodeForStaleNodeHandler] INFO  pipeline.PipelineStateManager (PipelineStateManager.java:finalizePipeline(123)) - Pipeline Pipeline[ Id: b727f70b-c24d-4af0-8382-0e8147fb6048, Nodes: 8cac1812-c792-42d2-8f80-be30857055bc{ip: 192.168.151.66, host: pr-hdds-2175-t596l-953197546, networkLocation: /default-rack, certSerialId: null}3c2cd309-f96b-4683-9e8f-90e33ab63894{ip: 192.168.151.66, host: pr-hdds-2175-t596l-953197546, networkLocation: /default-rack, certSerialId: null}748828df-30b0-4015-b75f-dfc54b2a2355{ip: 192.168.151.66, host: pr-hdds-2175-t596l-953197546, networkLocation: /default-rack, certSerialId: null}, Type:RATIS, Factor:THREE, State:CLOSED] moved to CLOSED state
2019-09-25 12:48:10,687 [EventQueue-StaleNodeForStaleNodeHandler] INFO  pipeline.SCMPipelineManager (SCMPipelineManager.java:finalizeAndDestroyPipeline(315)) - destroying pipeline:Pipeline[ Id: 1bbc30f4-b5f2-4a9f-83a6-8ba63a0e8b8c, Nodes: 748828df-30b0-4015-b75f-dfc54b2a2355{ip: 192.168.151.66, host: pr-hdds-2175-t596l-953197546, networkLocation: /default-rack, certSerialId: null}, Type:RATIS, Factor:ONE, State:OPEN]
2019-09-25 12:48:10,688 [EventQueue-CloseContainerForCloseContainerEventHandler] INFO  container.CloseContainerEventHandler (CloseContainerEventHandler.java:onMessage(61)) - Close container Event triggered for container : #2
2019-09-25 12:48:10,688 [EventQueue-StaleNodeForStaleNodeHandler] INFO  pipeline.PipelineStateManager (PipelineStateManager.java:finalizePipeline(123)) - Pipeline Pipeline[ Id: 1bbc30f4-b5f2-4a9f-83a6-8ba63a0e8b8c, Nodes: 748828df-30b0-4015-b75f-dfc54b2a2355{ip: 192.168.151.66, host: pr-hdds-2175-t596l-953197546, networkLocation: /default-rack, certSerialId: null}, Type:RATIS, Factor:ONE, State:CLOSED] moved to CLOSED state
2019-09-25 12:48:10,809 [main] INFO  ozoneimpl.OzoneContainer (OzoneContainer.java:stop(231)) - Attempting to stop container services.
2019-09-25 12:48:10,809 [ForkJoinPool.commonPool-worker-1] INFO  ozoneimpl.OzoneContainer (OzoneContainer.java:stop(231)) - Attempting to stop container services.
2019-09-25 12:48:10,810 [main] INFO  impl.RaftServerProxy (RaftServerProxy.java:lambda$close$4(314)) - 748828df-30b0-4015-b75f-dfc54b2a2355: close
2019-09-25 12:48:10,810 [ForkJoinPool.commonPool-worker-1] INFO  impl.RaftServerProxy (RaftServerProxy.java:lambda$close$4(314)) - 2e2a41db-3d1f-4483-92cc-510291bd68f3: close
2019-09-25 12:48:10,810 [main] INFO  impl.RaftServerImpl (RaftServerImpl.java:lambda$shutdown$3(251)) - 748828df-30b0-4015-b75f-dfc54b2a2355@group-0E8147FB6048: shutdown
2019-09-25 12:48:10,811 [ForkJoinPool.commonPool-worker-1] INFO  impl.RaftServerImpl (RaftServerImpl.java:lambda$shutdown$3(251)) - 2e2a41db-3d1f-4483-92cc-510291bd68f3@group-44D54F6D1432: shutdown
2019-09-25 12:48:10,811 [main] INFO  util.JmxRegister (JmxRegister.java:unregister(73)) - Successfully un-registered JMX Bean with object name Ratis:service=RaftServer,group=group-0E8147FB6048,id=748828df-30b0-4015-b75f-dfc54b2a2355
2019-09-25 12:48:10,812 [main] INFO  impl.RoleInfo (RoleInfo.java:shutdownFollowerState(121)) - 748828df-30b0-4015-b75f-dfc54b2a2355: shutdown FollowerState
2019-09-25 12:48:10,811 [ForkJoinPool.commonPool-worker-1] INFO  util.JmxRegister (JmxRegister.java:unregister(73)) - Successfully un-registered JMX Bean with object name Ratis:service=RaftServer,group=group-44D54F6D1432,id=2e2a41db-3d1f-4483-92cc-510291bd68f3
2019-09-25 12:48:10,812 [748828df-30b0-4015-b75f-dfc54b2a2355@group-0E8147FB6048-StateMachineUpdater] INFO  ratis.ContainerStateMachine (ContainerStateMachine.java:takeSnapshot(289)) - group-0E8147FB6048: Taking a snapshot at:(t:2, i:14) file /workdir/hadoop-ozone/integration-test/target/test-dir/MiniOzoneClusterImpl-a05466a5-072a-4920-8d71-d5d6ba4ffade/datanode-4/data/ratis/b727f70b-c24d-4af0-8382-0e8147fb6048/sm/snapshot.2_14
2019-09-25 12:48:10,812 [Thread-3210] INFO  impl.FollowerState (FollowerState.java:run(115)) - 748828df-30b0-4015-b75f-dfc54b2a2355: FollowerState was interrupted: java.lang.InterruptedException: sleep interrupted
2019-09-25 12:48:10,812 [main] INFO  impl.StateMachineUpdater (StateMachineUpdater.java:stopAndJoin(125)) - 748828df-30b0-4015-b75f-dfc54b2a2355@group-0E8147FB6048-StateMachineUpdater: set stopIndex = 16
2019-09-25 12:48:10,812 [ForkJoinPool.commonPool-worker-1] INFO  impl.RoleInfo (RoleInfo.java:shutdownLeaderState(104)) - 2e2a41db-3d1f-4483-92cc-510291bd68f3: shutdown LeaderState
2019-09-25 12:48:10,817 [ForkJoinPool.commonPool-worker-1] INFO  impl.PendingRequests (PendingRequests.java:sendNotLeaderResponses(202)) - 2e2a41db-3d1f-4483-92cc-510291bd68f3-PendingRequests: sendNotLeaderResponses
2019-09-25 12:48:10,817 [ForkJoinPool.commonPool-worker-1] INFO  impl.StateMachineUpdater (StateMachineUpdater.java:stopAndJoin(125)) - 2e2a41db-3d1f-4483-92cc-510291bd68f3@group-44D54F6D1432-StateMachineUpdater: set stopIndex = 0
2019-09-25 12:48:10,818 [ForkJoinPool.commonPool-worker-1] INFO  impl.RaftServerImpl (ServerState.java:close(385)) - 2e2a41db-3d1f-4483-92cc-510291bd68f3@group-44D54F6D1432: closes. applyIndex: 0
2019-09-25 12:48:10,819 [2e2a41db-3d1f-4483-92cc-510291bd68f3@group-44D54F6D1432-SegmentedRaftLogWorker] INFO  segmented.SegmentedRaftLogWorker (SegmentedRaftLogWorker.java:run(313)) - 2e2a41db-3d1f-4483-92cc-510291bd68f3@group-44D54F6D1432-SegmentedRaftLogWorker was interrupted, exiting. There are 0 tasks remaining in the queue.
2019-09-25 12:48:10,822 [ForkJoinPool.commonPool-worker-1] INFO  segmented.SegmentedRaftLogWorker (SegmentedRaftLogWorker.java:close(228)) - 2e2a41db-3d1f-4483-92cc-510291bd68f3@group-44D54F6D1432-SegmentedRaftLogWorker close()
2019-09-25 12:48:10,827 [ForkJoinPool.commonPool-worker-1] INFO  server.GrpcService (GrpcService.java:closeImpl(164)) - 2e2a41db-3d1f-4483-92cc-510291bd68f3: shutdown server with port 34821 now
2019-09-25 12:48:10,845 [ForkJoinPool.commonPool-worker-1] INFO  server.GrpcService (GrpcService.java:closeImpl(172)) - 2e2a41db-3d1f-4483-92cc-510291bd68f3: shutdown server with port 34821 successfully
2019-09-25 12:48:10,845 [748828df-30b0-4015-b75f-dfc54b2a2355@group-0E8147FB6048-StateMachineUpdater] INFO  ratis.ContainerStateMachine (ContainerStateMachine.java:takeSnapshot(300)) - group-0E8147FB6048: Finished taking a snapshot at:(t:2, i:14) file:/workdir/hadoop-ozone/integration-test/target/test-dir/MiniOzoneClusterImpl-a05466a5-072a-4920-8d71-d5d6ba4ffade/datanode-4/data/ratis/b727f70b-c24d-4af0-8382-0e8147fb6048/sm/snapshot.2_14 time:33
2019-09-25 12:48:10,846 [748828df-30b0-4015-b75f-dfc54b2a2355@group-0E8147FB6048-StateMachineUpdater] INFO  impl.StateMachineUpdater (StateMachineUpdater.java:takeSnapshot(258)) - 748828df-30b0-4015-b75f-dfc54b2a2355@group-0E8147FB6048-StateMachineUpdater: Took a snapshot at index 14
2019-09-25 12:48:10,846 [748828df-30b0-4015-b75f-dfc54b2a2355@group-0E8147FB6048-StateMachineUpdater] INFO  impl.StateMachineUpdater (StateMachineUpdater.java:lambda$new$0(83)) - 748828df-30b0-4015-b75f-dfc54b2a2355@group-0E8147FB6048-StateMachineUpdater: snapshotIndex: updateIncreasingly -1 -> 14
2019-09-25 12:48:10,847 [refreshUsed-/workdir/hadoop-ozone/integration-test/target/test-dir/MiniOzoneClusterImpl-a05466a5-072a-4920-8d71-d5d6ba4ffade/datanode-1/data/containers] WARN  fs.CachingGetSpaceUsed (CachingGetSpaceUsed.java:run(183)) - Thread Interrupted waiting to refresh disk information: sleep interrupted
2019-09-25 12:48:10,848 [748828df-30b0-4015-b75f-dfc54b2a2355@group-0E8147FB6048-StateMachineUpdater] INFO  ratis.ContainerStateMachine (ContainerStateMachine.java:takeSnapshot(289)) - group-0E8147FB6048: Taking a snapshot at:(t:2, i:14) file /workdir/hadoop-ozone/integration-test/target/test-dir/MiniOzoneClusterImpl-a05466a5-072a-4920-8d71-d5d6ba4ffade/datanode-4/data/ratis/b727f70b-c24d-4af0-8382-0e8147fb6048/sm/snapshot.2_14
2019-09-25 12:48:10,860 [748828df-30b0-4015-b75f-dfc54b2a2355@group-0E8147FB6048-StateMachineUpdater] INFO  ratis.ContainerStateMachine (ContainerStateMachine.java:takeSnapshot(300)) - group-0E8147FB6048: Finished taking a snapshot at:(t:2, i:14) file:/workdir/hadoop-ozone/integration-test/target/test-dir/MiniOzoneClusterImpl-a05466a5-072a-4920-8d71-d5d6ba4ffade/datanode-4/data/ratis/b727f70b-c24d-4af0-8382-0e8147fb6048/sm/snapshot.2_14 time:13
2019-09-25 12:48:10,860 [748828df-30b0-4015-b75f-dfc54b2a2355@group-0E8147FB6048-StateMachineUpdater] INFO  impl.StateMachineUpdater (StateMachineUpdater.java:takeSnapshot(258)) - 748828df-30b0-4015-b75f-dfc54b2a2355@group-0E8147FB6048-StateMachineUpdater: Took a snapshot at index 14
2019-09-25 12:48:10,860 [748828df-30b0-4015-b75f-dfc54b2a2355@group-0E8147FB6048-StateMachineUpdater] INFO  impl.StateMachineUpdater (StateMachineUpdater.java:lambda$new$0(83)) - 748828df-30b0-4015-b75f-dfc54b2a2355@group-0E8147FB6048-StateMachineUpdater: snapshotIndex: updateIncreasingly 14 -> 14
2019-09-25 12:48:10,861 [main] INFO  impl.RaftServerImpl (ServerState.java:close(385)) - 748828df-30b0-4015-b75f-dfc54b2a2355@group-0E8147FB6048: closes. applyIndex: 16
2019-09-25 12:48:10,862 [748828df-30b0-4015-b75f-dfc54b2a2355@group-0E8147FB6048-SegmentedRaftLogWorker] INFO  segmented.SegmentedRaftLogWorker (SegmentedRaftLogWorker.java:run(313)) - 748828df-30b0-4015-b75f-dfc54b2a2355@group-0E8147FB6048-SegmentedRaftLogWorker was interrupted, exiting. There are 0 tasks remaining in the queue.
2019-09-25 12:48:10,864 [main] INFO  segmented.SegmentedRaftLogWorker (SegmentedRaftLogWorker.java:close(228)) - 748828df-30b0-4015-b75f-dfc54b2a2355@group-0E8147FB6048-SegmentedRaftLogWorker close()
2019-09-25 12:48:10,869 [main] INFO  impl.RaftServerImpl (RaftServerImpl.java:lambda$shutdown$3(251)) - 748828df-30b0-4015-b75f-dfc54b2a2355@group-8BA63A0E8B8C: shutdown
2019-09-25 12:48:10,869 [main] INFO  util.JmxRegister (JmxRegister.java:unregister(73)) - Successfully un-registered JMX Bean with object name Ratis:service=RaftServer,group=group-8BA63A0E8B8C,id=748828df-30b0-4015-b75f-dfc54b2a2355
2019-09-25 12:48:10,870 [main] INFO  impl.RoleInfo (RoleInfo.java:shutdownLeaderState(104)) - 748828df-30b0-4015-b75f-dfc54b2a2355: shutdown LeaderState
2019-09-25 12:48:10,871 [main] INFO  impl.PendingRequests (PendingRequests.java:sendNotLeaderResponses(202)) - 748828df-30b0-4015-b75f-dfc54b2a2355-PendingRequests: sendNotLeaderResponses
2019-09-25 12:48:10,871 [main] INFO  impl.StateMachineUpdater (StateMachineUpdater.java:stopAndJoin(125)) - 748828df-30b0-4015-b75f-dfc54b2a2355@group-8BA63A0E8B8C-StateMachineUpdater: set stopIndex = 0
2019-09-25 12:48:10,872 [main] INFO  impl.RaftServerImpl (ServerState.java:close(385)) - 748828df-30b0-4015-b75f-dfc54b2a2355@group-8BA63A0E8B8C: closes. applyIndex: 0
2019-09-25 12:48:10,872 [748828df-30b0-4015-b75f-dfc54b2a2355@group-8BA63A0E8B8C-SegmentedRaftLogWorker] INFO  segmented.SegmentedRaftLogWorker (SegmentedRaftLogWorker.java:run(313)) - 748828df-30b0-4015-b75f-dfc54b2a2355@group-8BA63A0E8B8C-SegmentedRaftLogWorker was interrupted, exiting. There are 0 tasks remaining in the queue.
2019-09-25 12:48:10,875 [main] INFO  segmented.SegmentedRaftLogWorker (SegmentedRaftLogWorker.java:close(228)) - 748828df-30b0-4015-b75f-dfc54b2a2355@group-8BA63A0E8B8C-SegmentedRaftLogWorker close()
2019-09-25 12:48:10,879 [main] INFO  server.GrpcService (GrpcService.java:closeImpl(164)) - 748828df-30b0-4015-b75f-dfc54b2a2355: shutdown server with port 33780 now
2019-09-25 12:48:10,879 [ForkJoinPool.commonPool-worker-1] INFO  utils.BackgroundService (BackgroundService.java:shutdown(148)) - Shutting down service BlockDeletingService
2019-09-25 12:48:10,880 [grpc-default-executor-4] WARN  server.GrpcServerProtocolService (LogUtils.java:warn(134)) - 748828df-30b0-4015-b75f-dfc54b2a2355: installSnapshot onError, lastRequest: 3c2cd309-f96b-4683-9e8f-90e33ab63894->748828df-30b0-4015-b75f-dfc54b2a2355#23-t2, previous=(t:2, i:16), leaderCommit=16, initializing? false, entries: <empty>: org.apache.ratis.thirdparty.io.grpc.StatusRuntimeException: CANCELLED: cancelled before receiving half close
2019-09-25 12:48:10,884 [main] INFO  server.GrpcService (GrpcService.java:closeImpl(172)) - 748828df-30b0-4015-b75f-dfc54b2a2355: shutdown server with port 33780 successfully
2019-09-25 12:48:10,886 [ForkJoinPool.commonPool-worker-1] INFO  statemachine.DatanodeStateMachine (DatanodeStateMachine.java:stopDaemon(395)) - Ozone container server stopped.
2019-09-25 12:48:10,891 [grpc-default-executor-7] WARN  server.GrpcLogAppender (LogUtils.java:warn(134)) - 3c2cd309-f96b-4683-9e8f-90e33ab63894@group-0E8147FB6048->748828df-30b0-4015-b75f-dfc54b2a2355-AppendLogResponseHandler: Failed appendEntries: org.apache.ratis.thirdparty.io.grpc.StatusRuntimeException: CANCELLED: HTTP/2 error code: CANCEL
Received Rst Stream
2019-09-25 12:48:10,891 [grpc-default-executor-7] INFO  impl.FollowerInfo (FollowerInfo.java:lambda$new$0(51)) - 3c2cd309-f96b-4683-9e8f-90e33ab63894@group-0E8147FB6048->748828df-30b0-4015-b75f-dfc54b2a2355: nextIndex: updateUnconditionally 17 -> 16
2019-09-25 12:48:10,894 [ForkJoinPool.commonPool-worker-1] INFO  handler.ContextHandler (ContextHandler.java:doStop(910)) - Stopped o.e.j.w.WebAppContext@7b8ea1db{/,null,UNAVAILABLE}{/hddsDatanode}
2019-09-25 12:48:10,894 [refreshUsed-/workdir/hadoop-ozone/integration-test/target/test-dir/MiniOzoneClusterImpl-a05466a5-072a-4920-8d71-d5d6ba4ffade/datanode-4/data/containers] WARN  fs.CachingGetSpaceUsed (CachingGetSpaceUsed.java:run(183)) - Thread Interrupted waiting to refresh disk information: sleep interrupted
2019-09-25 12:48:10,897 [ForkJoinPool.commonPool-worker-1] INFO  server.AbstractConnector (AbstractConnector.java:doStop(318)) - Stopped ServerConnector@a91119b{HTTP/1.1,[http/1.1]}{0.0.0.0:0}
2019-09-25 12:48:10,900 [ForkJoinPool.commonPool-worker-1] INFO  handler.ContextHandler (ContextHandler.java:doStop(910)) - Stopped o.e.j.s.ServletContextHandler@755b5f30{/static,jar:file:/home/user/.m2/repository/org/apache/hadoop/hadoop-hdds-container-service/0.5.0-SNAPSHOT/hadoop-hdds-container-service-0.5.0-SNAPSHOT.jar!/webapps/static,UNAVAILABLE}
2019-09-25 12:48:10,902 [ForkJoinPool.commonPool-worker-1] INFO  handler.ContextHandler (ContextHandler.java:doStop(910)) - Stopped o.e.j.s.ServletContextHandler@785ed99c{/logs,file:///workdir/hadoop-ozone/integration-test/target/log,UNAVAILABLE}
2019-09-25 12:48:10,914 [main] INFO  utils.BackgroundService (BackgroundService.java:shutdown(148)) - Shutting down service BlockDeletingService
2019-09-25 12:48:10,920 [main] INFO  statemachine.DatanodeStateMachine (DatanodeStateMachine.java:stopDaemon(395)) - Ozone container server stopped.
2019-09-25 12:48:10,920 [main] INFO  handler.ContextHandler (ContextHandler.java:doStop(910)) - Stopped o.e.j.w.WebAppContext@87f501f{/,null,UNAVAILABLE}{/hddsDatanode}
2019-09-25 12:48:10,921 [main] INFO  server.AbstractConnector (AbstractConnector.java:doStop(318)) - Stopped ServerConnector@54495935{HTTP/1.1,[http/1.1]}{0.0.0.0:0}
2019-09-25 12:48:10,921 [main] INFO  handler.ContextHandler (ContextHandler.java:doStop(910)) - Stopped o.e.j.s.ServletContextHandler@788e3702{/static,jar:file:/home/user/.m2/repository/org/apache/hadoop/hadoop-hdds-container-service/0.5.0-SNAPSHOT/hadoop-hdds-container-service-0.5.0-SNAPSHOT.jar!/webapps/static,UNAVAILABLE}
2019-09-25 12:48:10,921 [main] INFO  handler.ContextHandler (ContextHandler.java:doStop(910)) - Stopped o.e.j.s.ServletContextHandler@e3899fd{/logs,file:///workdir/hadoop-ozone/integration-test/target/log,UNAVAILABLE}
2019-09-25 12:48:10,968 [Datanode State Machine Thread - 0] INFO  statemachine.DatanodeStateMachine (DatanodeStateMachine.java:lambda$startDaemon$0(350)) - Ozone container server started.
2019-09-25 12:48:11,610 [Datanode State Machine Thread - 0] INFO  statemachine.DatanodeStateMachine (DatanodeStateMachine.java:lambda$startDaemon$0(350)) - Ozone container server started.
2019-09-25 12:48:12,456 [grpc-default-executor-7] WARN  server.GrpcLogAppender (LogUtils.java:warn(134)) - 36c91996-c5f7-4a90-94d5-6233d5d955ee@group-40801021FF8B->4cc4b627-b178-49fa-865f-0d962778a832-AppendLogResponseHandler: Failed appendEntries: org.apache.ratis.thirdparty.io.grpc.StatusRuntimeException: UNAVAILABLE: io exception
2019-09-25 12:48:12,456 [grpc-default-executor-7] INFO  impl.FollowerInfo (FollowerInfo.java:lambda$new$0(51)) - 36c91996-c5f7-4a90-94d5-6233d5d955ee@group-40801021FF8B->4cc4b627-b178-49fa-865f-0d962778a832: nextIndex: updateUnconditionally 0 -> 0
2019-09-25 12:48:12,629 [grpc-default-executor-7] WARN  server.GrpcLogAppender (LogUtils.java:warn(134)) - 3c2cd309-f96b-4683-9e8f-90e33ab63894@group-0E8147FB6048->748828df-30b0-4015-b75f-dfc54b2a2355-AppendLogResponseHandler: Failed appendEntries: org.apache.ratis.thirdparty.io.grpc.StatusRuntimeException: UNAVAILABLE: io exception
2019-09-25 12:48:12,629 [grpc-default-executor-7] INFO  impl.FollowerInfo (FollowerInfo.java:lambda$new$0(51)) - 3c2cd309-f96b-4683-9e8f-90e33ab63894@group-0E8147FB6048->748828df-30b0-4015-b75f-dfc54b2a2355: nextIndex: updateUnconditionally 17 -> 16
2019-09-25 12:48:12,641 [grpc-default-executor-5] WARN  server.GrpcLogAppender (LogUtils.java:warn(134)) - 3c2cd309-f96b-4683-9e8f-90e33ab63894@group-0E8147FB6048->748828df-30b0-4015-b75f-dfc54b2a2355-AppendLogResponseHandler: Failed appendEntries: org.apache.ratis.thirdparty.io.grpc.StatusRuntimeException: UNAVAILABLE: io exception
2019-09-25 12:48:12,641 [grpc-default-executor-5] INFO  impl.FollowerInfo (FollowerInfo.java:lambda$new$0(51)) - 3c2cd309-f96b-4683-9e8f-90e33ab63894@group-0E8147FB6048->748828df-30b0-4015-b75f-dfc54b2a2355: nextIndex: updateUnconditionally 17 -> 16
2019-09-25 12:48:12,643 [grpc-default-executor-7] WARN  server.GrpcLogAppender (LogUtils.java:warn(134)) - 3c2cd309-f96b-4683-9e8f-90e33ab63894@group-0E8147FB6048->748828df-30b0-4015-b75f-dfc54b2a2355-AppendLogResponseHandler: Failed appendEntries: org.apache.ratis.thirdparty.io.grpc.StatusRuntimeException: UNAVAILABLE: io exception
2019-09-25 12:48:12,643 [grpc-default-executor-7] INFO  impl.FollowerInfo (FollowerInfo.java:lambda$new$0(51)) - 3c2cd309-f96b-4683-9e8f-90e33ab63894@group-0E8147FB6048->748828df-30b0-4015-b75f-dfc54b2a2355: nextIndex: updateUnconditionally 17 -> 16
2019-09-25 12:48:12,668 [RatisApplyTransactionExecutor 2] INFO  interfaces.Container (KeyValueContainer.java:flushAndSyncDB(386)) - Container 2 is synced with bcsId 14.
2019-09-25 12:48:12,668 [RatisApplyTransactionExecutor 2] INFO  interfaces.Container (KeyValueContainer.java:flushAndSyncDB(386)) - Container 2 is synced with bcsId 14.
2019-09-25 12:48:12,681 [RatisApplyTransactionExecutor 2] INFO  interfaces.Container (KeyValueContainer.java:flushAndSyncDB(386)) - Container 2 is synced with bcsId 14.
2019-09-25 12:48:12,681 [RatisApplyTransactionExecutor 2] INFO  interfaces.Container (KeyValueContainer.java:close(335)) - Container 2 is closed with bcsId 14.
2019-09-25 12:48:12,682 [RatisApplyTransactionExecutor 2] INFO  interfaces.Container (KeyValueContainer.java:flushAndSyncDB(386)) - Container 2 is synced with bcsId 14.
2019-09-25 12:48:12,682 [EventQueue-IncrementalContainerReportForIncrementalContainerReportHandler] INFO  container.IncrementalContainerReportHandler (AbstractContainerReportHandler.java:updateContainerState(176)) - Moving container #2 to CLOSED state, datanode 3c2cd309-f96b-4683-9e8f-90e33ab63894{ip: 192.168.151.66, host: pr-hdds-2175-t596l-953197546, networkLocation: /default-rack, certSerialId: null} reported CLOSED replica.
2019-09-25 12:48:12,707 [RatisApplyTransactionExecutor 2] INFO  interfaces.Container (KeyValueContainer.java:close(335)) - Container 2 is closed with bcsId 14.
2019-09-25 12:48:14,962 [grpc-default-executor-7] WARN  server.GrpcLogAppender (LogUtils.java:warn(134)) - 36c91996-c5f7-4a90-94d5-6233d5d955ee@group-40801021FF8B->4cc4b627-b178-49fa-865f-0d962778a832-AppendLogResponseHandler: Failed appendEntries: org.apache.ratis.thirdparty.io.grpc.StatusRuntimeException: UNAVAILABLE: io exception
2019-09-25 12:48:14,963 [grpc-default-executor-7] INFO  impl.FollowerInfo (FollowerInfo.java:lambda$new$0(51)) - 36c91996-c5f7-4a90-94d5-6233d5d955ee@group-40801021FF8B->4cc4b627-b178-49fa-865f-0d962778a832: nextIndex: updateUnconditionally 0 -> 0
2019-09-25 12:48:14,994 [EventQueue-StaleNodeForStaleNodeHandler] INFO  node.StaleNodeHandler (StaleNodeHandler.java:onMessage(58)) - Datanode 36c91996-c5f7-4a90-94d5-6233d5d955ee{ip: 192.168.151.66, host: pr-hdds-2175-t596l-953197546, networkLocation: /default-rack, certSerialId: null} moved to stale state. Finalizing its pipelines [PipelineID=10ef5f64-6779-4324-8ce4-40801021ff8b, PipelineID=6ca8b6fc-6701-4da8-9ba3-1b1b0e6c7cc2]
2019-09-25 12:48:14,995 [EventQueue-StaleNodeForStaleNodeHandler] INFO  pipeline.SCMPipelineManager (SCMPipelineManager.java:finalizeAndDestroyPipeline(315)) - destroying pipeline:Pipeline[ Id: 10ef5f64-6779-4324-8ce4-40801021ff8b, Nodes: 4cc4b627-b178-49fa-865f-0d962778a832{ip: 192.168.151.66, host: pr-hdds-2175-t596l-953197546, networkLocation: /default-rack, certSerialId: null}36c91996-c5f7-4a90-94d5-6233d5d955ee{ip: 192.168.151.66, host: pr-hdds-2175-t596l-953197546, networkLocation: /default-rack, certSerialId: null}9f6c202f-201d-45e7-83f4-0c55e914a711{ip: 192.168.151.66, host: pr-hdds-2175-t596l-953197546, networkLocation: /default-rack, certSerialId: null}, Type:RATIS, Factor:THREE, State:CLOSED]
2019-09-25 12:48:14,996 [EventQueue-StaleNodeForStaleNodeHandler] INFO  pipeline.SCMPipelineManager (SCMPipelineManager.java:finalizeAndDestroyPipeline(315)) - destroying pipeline:Pipeline[ Id: 6ca8b6fc-6701-4da8-9ba3-1b1b0e6c7cc2, Nodes: 36c91996-c5f7-4a90-94d5-6233d5d955ee{ip: 192.168.151.66, host: pr-hdds-2175-t596l-953197546, networkLocation: /default-rack, certSerialId: null}, Type:RATIS, Factor:ONE, State:OPEN]
2019-09-25 12:48:14,996 [EventQueue-StaleNodeForStaleNodeHandler] INFO  pipeline.PipelineStateManager (PipelineStateManager.java:finalizePipeline(123)) - Pipeline Pipeline[ Id: 6ca8b6fc-6701-4da8-9ba3-1b1b0e6c7cc2, Nodes: 36c91996-c5f7-4a90-94d5-6233d5d955ee{ip: 192.168.151.66, host: pr-hdds-2175-t596l-953197546, networkLocation: /default-rack, certSerialId: null}, Type:RATIS, Factor:ONE, State:CLOSED] moved to CLOSED state
2019-09-25 12:48:15,143 [grpc-default-executor-4] WARN  server.GrpcLogAppender (LogUtils.java:warn(134)) - 3c2cd309-f96b-4683-9e8f-90e33ab63894@group-0E8147FB6048->748828df-30b0-4015-b75f-dfc54b2a2355-AppendLogResponseHandler: Failed appendEntries: org.apache.ratis.thirdparty.io.grpc.StatusRuntimeException: UNAVAILABLE: io exception
2019-09-25 12:48:15,146 [grpc-default-executor-4] INFO  impl.FollowerInfo (FollowerInfo.java:lambda$new$0(51)) - 3c2cd309-f96b-4683-9e8f-90e33ab63894@group-0E8147FB6048->748828df-30b0-4015-b75f-dfc54b2a2355: nextIndex: updateUnconditionally 16 -> 15
2019-09-25 12:48:15,695 [EventQueue-StaleNodeForStaleNodeHandler] INFO  node.StaleNodeHandler (StaleNodeHandler.java:onMessage(58)) - Datanode 8cac1812-c792-42d2-8f80-be30857055bc{ip: 192.168.151.66, host: pr-hdds-2175-t596l-953197546, networkLocation: /default-rack, certSerialId: null} moved to stale state. Finalizing its pipelines [PipelineID=be954661-77d1-48ed-ab81-0f52dd4d75a6, PipelineID=b727f70b-c24d-4af0-8382-0e8147fb6048]
2019-09-25 12:48:15,695 [EventQueue-StaleNodeForStaleNodeHandler] INFO  pipeline.SCMPipelineManager (SCMPipelineManager.java:finalizeAndDestroyPipeline(315)) - destroying pipeline:Pipeline[ Id: be954661-77d1-48ed-ab81-0f52dd4d75a6, Nodes: 8cac1812-c792-42d2-8f80-be30857055bc{ip: 192.168.151.66, host: pr-hdds-2175-t596l-953197546, networkLocation: /default-rack, certSerialId: null}, Type:RATIS, Factor:ONE, State:OPEN]
2019-09-25 12:48:15,695 [EventQueue-StaleNodeForStaleNodeHandler] INFO  pipeline.PipelineStateManager (PipelineStateManager.java:finalizePipeline(123)) - Pipeline Pipeline[ Id: be954661-77d1-48ed-ab81-0f52dd4d75a6, Nodes: 8cac1812-c792-42d2-8f80-be30857055bc{ip: 192.168.151.66, host: pr-hdds-2175-t596l-953197546, networkLocation: /default-rack, certSerialId: null}, Type:RATIS, Factor:ONE, State:CLOSED] moved to CLOSED state
2019-09-25 12:48:15,695 [EventQueue-StaleNodeForStaleNodeHandler] INFO  pipeline.SCMPipelineManager (SCMPipelineManager.java:finalizeAndDestroyPipeline(315)) - destroying pipeline:Pipeline[ Id: b727f70b-c24d-4af0-8382-0e8147fb6048, Nodes: 8cac1812-c792-42d2-8f80-be30857055bc{ip: 192.168.151.66, host: pr-hdds-2175-t596l-953197546, networkLocation: /default-rack, certSerialId: null}3c2cd309-f96b-4683-9e8f-90e33ab63894{ip: 192.168.151.66, host: pr-hdds-2175-t596l-953197546, networkLocation: /default-rack, certSerialId: null}748828df-30b0-4015-b75f-dfc54b2a2355{ip: 192.168.151.66, host: pr-hdds-2175-t596l-953197546, networkLocation: /default-rack, certSerialId: null}, Type:RATIS, Factor:THREE, State:CLOSED]
2019-09-25 12:48:15,904 [ForkJoinPool.commonPool-worker-1] INFO  ozoneimpl.OzoneContainer (OzoneContainer.java:stop(231)) - Attempting to stop container services.
2019-09-25 12:48:15,905 [ForkJoinPool.commonPool-worker-1] INFO  impl.RaftServerProxy (RaftServerProxy.java:lambda$close$4(314)) - 36c91996-c5f7-4a90-94d5-6233d5d955ee: close
2019-09-25 12:48:15,906 [ForkJoinPool.commonPool-worker-1] INFO  impl.RaftServerImpl (RaftServerImpl.java:lambda$shutdown$3(251)) - 36c91996-c5f7-4a90-94d5-6233d5d955ee@group-40801021FF8B: shutdown
2019-09-25 12:48:15,906 [ForkJoinPool.commonPool-worker-1] INFO  util.JmxRegister (JmxRegister.java:unregister(73)) - Successfully un-registered JMX Bean with object name Ratis:service=RaftServer,group=group-40801021FF8B,id=36c91996-c5f7-4a90-94d5-6233d5d955ee
2019-09-25 12:48:15,907 [ForkJoinPool.commonPool-worker-1] INFO  impl.RoleInfo (RoleInfo.java:shutdownLeaderState(104)) - 36c91996-c5f7-4a90-94d5-6233d5d955ee: shutdown LeaderState
2019-09-25 12:48:15,914 [org.apache.ratis.server.impl.LogAppender$AppenderDaemon$$Lambda$487/1724053913@50c7f8ab] WARN  server.GrpcLogAppender (GrpcLogAppender.java:mayWait(143)) - 36c91996-c5f7-4a90-94d5-6233d5d955ee@group-40801021FF8B->9f6c202f-201d-45e7-83f4-0c55e914a711-GrpcLogAppender: Wait interrupted by java.lang.InterruptedException
2019-09-25 12:48:15,914 [ForkJoinPool.commonPool-worker-1] INFO  impl.PendingRequests (PendingRequests.java:sendNotLeaderResponses(202)) - 36c91996-c5f7-4a90-94d5-6233d5d955ee-PendingRequests: sendNotLeaderResponses
2019-09-25 12:48:15,915 [org.apache.ratis.server.impl.LogAppender$AppenderDaemon$$Lambda$487/1724053913@4ae7deb3] WARN  server.GrpcLogAppender (GrpcLogAppender.java:mayWait(143)) - 36c91996-c5f7-4a90-94d5-6233d5d955ee@group-40801021FF8B->4cc4b627-b178-49fa-865f-0d962778a832-GrpcLogAppender: Wait interrupted by java.lang.InterruptedException
2019-09-25 12:48:15,916 [ForkJoinPool.commonPool-worker-1] INFO  impl.StateMachineUpdater (StateMachineUpdater.java:stopAndJoin(125)) - 36c91996-c5f7-4a90-94d5-6233d5d955ee@group-40801021FF8B-StateMachineUpdater: set stopIndex = 17
2019-09-25 12:48:15,917 [36c91996-c5f7-4a90-94d5-6233d5d955ee@group-40801021FF8B-StateMachineUpdater] INFO  ratis.ContainerStateMachine (ContainerStateMachine.java:takeSnapshot(289)) - group-40801021FF8B: Taking a snapshot at:(t:1, i:13) file /workdir/hadoop-ozone/integration-test/target/test-dir/MiniOzoneClusterImpl-a05466a5-072a-4920-8d71-d5d6ba4ffade/datanode-2/data/ratis/10ef5f64-6779-4324-8ce4-40801021ff8b/sm/snapshot.1_13
2019-09-25 12:48:15,916 [grpc-default-executor-5] INFO  server.GrpcServerProtocolService (GrpcServerProtocolService.java:onCompleted(113)) - 9f6c202f-201d-45e7-83f4-0c55e914a711: Completed APPEND_ENTRIES, lastRequest: 36c91996-c5f7-4a90-94d5-6233d5d955ee->9f6c202f-201d-45e7-83f4-0c55e914a711#6-t2, previous=(t:2, i:17), leaderCommit=17, initializing? false, entries: <empty>
2019-09-25 12:48:15,918 [grpc-default-executor-4] INFO  server.GrpcLogAppender (GrpcLogAppender.java:onCompleted(293)) - 36c91996-c5f7-4a90-94d5-6233d5d955ee@group-40801021FF8B->9f6c202f-201d-45e7-83f4-0c55e914a711-AppendLogResponseHandler: follower responses appendEntries COMPLETED
2019-09-25 12:48:15,918 [grpc-default-executor-4] INFO  impl.FollowerInfo (FollowerInfo.java:lambda$new$0(51)) - 36c91996-c5f7-4a90-94d5-6233d5d955ee@group-40801021FF8B->9f6c202f-201d-45e7-83f4-0c55e914a711: nextIndex: updateUnconditionally 18 -> 17
2019-09-25 12:48:15,923 [main] INFO  ozoneimpl.OzoneContainer (OzoneContainer.java:stop(231)) - Attempting to stop container services.
2019-09-25 12:48:15,924 [main] INFO  impl.RaftServerProxy (RaftServerProxy.java:lambda$close$4(314)) - 8cac1812-c792-42d2-8f80-be30857055bc: close
2019-09-25 12:48:15,924 [main] INFO  impl.RaftServerImpl (RaftServerImpl.java:lambda$shutdown$3(251)) - 8cac1812-c792-42d2-8f80-be30857055bc@group-0F52DD4D75A6: shutdown
2019-09-25 12:48:15,924 [main] INFO  util.JmxRegister (JmxRegister.java:unregister(73)) - Successfully un-registered JMX Bean with object name Ratis:service=RaftServer,group=group-0F52DD4D75A6,id=8cac1812-c792-42d2-8f80-be30857055bc
2019-09-25 12:48:15,925 [main] INFO  impl.RoleInfo (RoleInfo.java:shutdownLeaderState(104)) - 8cac1812-c792-42d2-8f80-be30857055bc: shutdown LeaderState
2019-09-25 12:48:15,925 [main] INFO  impl.PendingRequests (PendingRequests.java:sendNotLeaderResponses(202)) - 8cac1812-c792-42d2-8f80-be30857055bc-PendingRequests: sendNotLeaderResponses
2019-09-25 12:48:15,926 [main] INFO  impl.StateMachineUpdater (StateMachineUpdater.java:stopAndJoin(125)) - 8cac1812-c792-42d2-8f80-be30857055bc@group-0F52DD4D75A6-StateMachineUpdater: set stopIndex = 0
2019-09-25 12:48:15,926 [main] INFO  impl.RaftServerImpl (ServerState.java:close(385)) - 8cac1812-c792-42d2-8f80-be30857055bc@group-0F52DD4D75A6: closes. applyIndex: 0
2019-09-25 12:48:15,927 [8cac1812-c792-42d2-8f80-be30857055bc@group-0F52DD4D75A6-SegmentedRaftLogWorker] INFO  segmented.SegmentedRaftLogWorker (SegmentedRaftLogWorker.java:run(313)) - 8cac1812-c792-42d2-8f80-be30857055bc@group-0F52DD4D75A6-SegmentedRaftLogWorker was interrupted, exiting. There are 0 tasks remaining in the queue.
2019-09-25 12:48:15,928 [main] INFO  segmented.SegmentedRaftLogWorker (SegmentedRaftLogWorker.java:close(228)) - 8cac1812-c792-42d2-8f80-be30857055bc@group-0F52DD4D75A6-SegmentedRaftLogWorker close()
2019-09-25 12:48:15,931 [main] INFO  impl.RaftServerImpl (RaftServerImpl.java:lambda$shutdown$3(251)) - 8cac1812-c792-42d2-8f80-be30857055bc@group-0E8147FB6048: shutdown
2019-09-25 12:48:15,931 [main] INFO  util.JmxRegister (JmxRegister.java:unregister(73)) - Successfully un-registered JMX Bean with object name Ratis:service=RaftServer,group=group-0E8147FB6048,id=8cac1812-c792-42d2-8f80-be30857055bc
2019-09-25 12:48:15,931 [main] INFO  impl.RoleInfo (RoleInfo.java:shutdownFollowerState(121)) - 8cac1812-c792-42d2-8f80-be30857055bc: shutdown FollowerState
2019-09-25 12:48:15,931 [main] INFO  impl.StateMachineUpdater (StateMachineUpdater.java:stopAndJoin(125)) - 8cac1812-c792-42d2-8f80-be30857055bc@group-0E8147FB6048-StateMachineUpdater: set stopIndex = 18
2019-09-25 12:48:15,932 [8cac1812-c792-42d2-8f80-be30857055bc@group-0E8147FB6048-StateMachineUpdater] INFO  ratis.ContainerStateMachine (ContainerStateMachine.java:takeSnapshot(289)) - group-0E8147FB6048: Taking a snapshot at:(t:2, i:17) file /workdir/hadoop-ozone/integration-test/target/test-dir/MiniOzoneClusterImpl-a05466a5-072a-4920-8d71-d5d6ba4ffade/datanode-3/data/ratis/b727f70b-c24d-4af0-8382-0e8147fb6048/sm/snapshot.2_17
2019-09-25 12:48:15,932 [Thread-3211] INFO  impl.FollowerState (FollowerState.java:run(115)) - 8cac1812-c792-42d2-8f80-be30857055bc: FollowerState was interrupted: java.lang.InterruptedException: sleep interrupted
2019-09-25 12:48:15,941 [36c91996-c5f7-4a90-94d5-6233d5d955ee@group-40801021FF8B-StateMachineUpdater] INFO  ratis.ContainerStateMachine (ContainerStateMachine.java:takeSnapshot(300)) - group-40801021FF8B: Finished taking a snapshot at:(t:1, i:13) file:/workdir/hadoop-ozone/integration-test/target/test-dir/MiniOzoneClusterImpl-a05466a5-072a-4920-8d71-d5d6ba4ffade/datanode-2/data/ratis/10ef5f64-6779-4324-8ce4-40801021ff8b/sm/snapshot.1_13 time:25
2019-09-25 12:48:15,941 [36c91996-c5f7-4a90-94d5-6233d5d955ee@group-40801021FF8B-StateMachineUpdater] INFO  impl.StateMachineUpdater (StateMachineUpdater.java:takeSnapshot(258)) - 36c91996-c5f7-4a90-94d5-6233d5d955ee@group-40801021FF8B-StateMachineUpdater: Took a snapshot at index 13
2019-09-25 12:48:15,941 [36c91996-c5f7-4a90-94d5-6233d5d955ee@group-40801021FF8B-StateMachineUpdater] INFO  impl.StateMachineUpdater (StateMachineUpdater.java:lambda$new$0(83)) - 36c91996-c5f7-4a90-94d5-6233d5d955ee@group-40801021FF8B-StateMachineUpdater: snapshotIndex: updateIncreasingly -1 -> 13
2019-09-25 12:48:15,942 [36c91996-c5f7-4a90-94d5-6233d5d955ee@group-40801021FF8B-StateMachineUpdater] INFO  ratis.ContainerStateMachine (ContainerStateMachine.java:takeSnapshot(289)) - group-40801021FF8B: Taking a snapshot at:(t:1, i:13) file /workdir/hadoop-ozone/integration-test/target/test-dir/MiniOzoneClusterImpl-a05466a5-072a-4920-8d71-d5d6ba4ffade/datanode-2/data/ratis/10ef5f64-6779-4324-8ce4-40801021ff8b/sm/snapshot.1_13
2019-09-25 12:48:15,963 [8cac1812-c792-42d2-8f80-be30857055bc@group-0E8147FB6048-StateMachineUpdater] INFO  ratis.ContainerStateMachine (ContainerStateMachine.java:takeSnapshot(300)) - group-0E8147FB6048: Finished taking a snapshot at:(t:2, i:17) file:/workdir/hadoop-ozone/integration-test/target/test-dir/MiniOzoneClusterImpl-a05466a5-072a-4920-8d71-d5d6ba4ffade/datanode-3/data/ratis/b727f70b-c24d-4af0-8382-0e8147fb6048/sm/snapshot.2_17 time:31
2019-09-25 12:48:15,963 [36c91996-c5f7-4a90-94d5-6233d5d955ee@group-40801021FF8B-StateMachineUpdater] INFO  ratis.ContainerStateMachine (ContainerStateMachine.java:takeSnapshot(300)) - group-40801021FF8B: Finished taking a snapshot at:(t:1, i:13) file:/workdir/hadoop-ozone/integration-test/target/test-dir/MiniOzoneClusterImpl-a05466a5-072a-4920-8d71-d5d6ba4ffade/datanode-2/data/ratis/10ef5f64-6779-4324-8ce4-40801021ff8b/sm/snapshot.1_13 time:20
2019-09-25 12:48:15,963 [8cac1812-c792-42d2-8f80-be30857055bc@group-0E8147FB6048-StateMachineUpdater] INFO  impl.StateMachineUpdater (StateMachineUpdater.java:takeSnapshot(258)) - 8cac1812-c792-42d2-8f80-be30857055bc@group-0E8147FB6048-StateMachineUpdater: Took a snapshot at index 17
2019-09-25 12:48:15,963 [36c91996-c5f7-4a90-94d5-6233d5d955ee@group-40801021FF8B-StateMachineUpdater] INFO  impl.StateMachineUpdater (StateMachineUpdater.java:takeSnapshot(258)) - 36c91996-c5f7-4a90-94d5-6233d5d955ee@group-40801021FF8B-StateMachineUpdater: Took a snapshot at index 13
2019-09-25 12:48:15,963 [8cac1812-c792-42d2-8f80-be30857055bc@group-0E8147FB6048-StateMachineUpdater] INFO  impl.StateMachineUpdater (StateMachineUpdater.java:lambda$new$0(83)) - 8cac1812-c792-42d2-8f80-be30857055bc@group-0E8147FB6048-StateMachineUpdater: snapshotIndex: updateIncreasingly -1 -> 17
2019-09-25 12:48:15,963 [36c91996-c5f7-4a90-94d5-6233d5d955ee@group-40801021FF8B-StateMachineUpdater] INFO  impl.StateMachineUpdater (StateMachineUpdater.java:lambda$new$0(83)) - 36c91996-c5f7-4a90-94d5-6233d5d955ee@group-40801021FF8B-StateMachineUpdater: snapshotIndex: updateIncreasingly 13 -> 13
2019-09-25 12:48:15,964 [8cac1812-c792-42d2-8f80-be30857055bc@group-0E8147FB6048-StateMachineUpdater] INFO  ratis.ContainerStateMachine (ContainerStateMachine.java:takeSnapshot(289)) - group-0E8147FB6048: Taking a snapshot at:(t:2, i:17) file /workdir/hadoop-ozone/integration-test/target/test-dir/MiniOzoneClusterImpl-a05466a5-072a-4920-8d71-d5d6ba4ffade/datanode-3/data/ratis/b727f70b-c24d-4af0-8382-0e8147fb6048/sm/snapshot.2_17
2019-09-25 12:48:15,964 [ForkJoinPool.commonPool-worker-1] INFO  impl.RaftServerImpl (ServerState.java:close(385)) - 36c91996-c5f7-4a90-94d5-6233d5d955ee@group-40801021FF8B: closes. applyIndex: 17
2019-09-25 12:48:15,964 [36c91996-c5f7-4a90-94d5-6233d5d955ee@group-40801021FF8B-SegmentedRaftLogWorker] INFO  segmented.SegmentedRaftLogWorker (SegmentedRaftLogWorker.java:run(313)) - 36c91996-c5f7-4a90-94d5-6233d5d955ee@group-40801021FF8B-SegmentedRaftLogWorker was interrupted, exiting. There are 0 tasks remaining in the queue.
2019-09-25 12:48:15,966 [ForkJoinPool.commonPool-worker-1] INFO  segmented.SegmentedRaftLogWorker (SegmentedRaftLogWorker.java:close(228)) - 36c91996-c5f7-4a90-94d5-6233d5d955ee@group-40801021FF8B-SegmentedRaftLogWorker close()
2019-09-25 12:48:15,968 [ForkJoinPool.commonPool-worker-1] INFO  impl.RaftServerImpl (RaftServerImpl.java:lambda$shutdown$3(251)) - 36c91996-c5f7-4a90-94d5-6233d5d955ee@group-1B1B0E6C7CC2: shutdown
2019-09-25 12:48:15,969 [ForkJoinPool.commonPool-worker-1] INFO  util.JmxRegister (JmxRegister.java:unregister(73)) - Successfully un-registered JMX Bean with object name Ratis:service=RaftServer,group=group-1B1B0E6C7CC2,id=36c91996-c5f7-4a90-94d5-6233d5d955ee
2019-09-25 12:48:15,969 [ForkJoinPool.commonPool-worker-1] INFO  impl.RoleInfo (RoleInfo.java:shutdownLeaderState(104)) - 36c91996-c5f7-4a90-94d5-6233d5d955ee: shutdown LeaderState
2019-09-25 12:48:15,969 [ForkJoinPool.commonPool-worker-1] INFO  impl.PendingRequests (PendingRequests.java:sendNotLeaderResponses(202)) - 36c91996-c5f7-4a90-94d5-6233d5d955ee-PendingRequests: sendNotLeaderResponses
2019-09-25 12:48:15,970 [ForkJoinPool.commonPool-worker-1] INFO  impl.StateMachineUpdater (StateMachineUpdater.java:stopAndJoin(125)) - 36c91996-c5f7-4a90-94d5-6233d5d955ee@group-1B1B0E6C7CC2-StateMachineUpdater: set stopIndex = 0
2019-09-25 12:48:15,970 [ForkJoinPool.commonPool-worker-1] INFO  impl.RaftServerImpl (ServerState.java:close(385)) - 36c91996-c5f7-4a90-94d5-6233d5d955ee@group-1B1B0E6C7CC2: closes. applyIndex: 0
2019-09-25 12:48:15,970 [36c91996-c5f7-4a90-94d5-6233d5d955ee@group-1B1B0E6C7CC2-SegmentedRaftLogWorker] INFO  segmented.SegmentedRaftLogWorker (SegmentedRaftLogWorker.java:run(313)) - 36c91996-c5f7-4a90-94d5-6233d5d955ee@group-1B1B0E6C7CC2-SegmentedRaftLogWorker was interrupted, exiting. There are 0 tasks remaining in the queue.
2019-09-25 12:48:15,972 [ForkJoinPool.commonPool-worker-1] INFO  segmented.SegmentedRaftLogWorker (SegmentedRaftLogWorker.java:close(228)) - 36c91996-c5f7-4a90-94d5-6233d5d955ee@group-1B1B0E6C7CC2-SegmentedRaftLogWorker close()
2019-09-25 12:48:15,974 [ForkJoinPool.commonPool-worker-1] INFO  server.GrpcService (GrpcService.java:closeImpl(164)) - 36c91996-c5f7-4a90-94d5-6233d5d955ee: shutdown server with port 33656 now
2019-09-25 12:48:15,975 [ForkJoinPool.commonPool-worker-1] INFO  server.GrpcService (GrpcService.java:closeImpl(172)) - 36c91996-c5f7-4a90-94d5-6233d5d955ee: shutdown server with port 33656 successfully
2019-09-25 12:48:15,987 [refreshUsed-/workdir/hadoop-ozone/integration-test/target/test-dir/MiniOzoneClusterImpl-a05466a5-072a-4920-8d71-d5d6ba4ffade/datanode-2/data/containers] WARN  fs.CachingGetSpaceUsed (CachingGetSpaceUsed.java:run(183)) - Thread Interrupted waiting to refresh disk information: sleep interrupted
2019-09-25 12:48:15,995 [8cac1812-c792-42d2-8f80-be30857055bc@group-0E8147FB6048-StateMachineUpdater] INFO  ratis.ContainerStateMachine (ContainerStateMachine.java:takeSnapshot(300)) - group-0E8147FB6048: Finished taking a snapshot at:(t:2, i:17) file:/workdir/hadoop-ozone/integration-test/target/test-dir/MiniOzoneClusterImpl-a05466a5-072a-4920-8d71-d5d6ba4ffade/datanode-3/data/ratis/b727f70b-c24d-4af0-8382-0e8147fb6048/sm/snapshot.2_17 time:32
2019-09-25 12:48:15,996 [8cac1812-c792-42d2-8f80-be30857055bc@group-0E8147FB6048-StateMachineUpdater] INFO  impl.StateMachineUpdater (StateMachineUpdater.java:takeSnapshot(258)) - 8cac1812-c792-42d2-8f80-be30857055bc@group-0E8147FB6048-StateMachineUpdater: Took a snapshot at index 17
2019-09-25 12:48:15,996 [8cac1812-c792-42d2-8f80-be30857055bc@group-0E8147FB6048-StateMachineUpdater] INFO  impl.StateMachineUpdater (StateMachineUpdater.java:lambda$new$0(83)) - 8cac1812-c792-42d2-8f80-be30857055bc@group-0E8147FB6048-StateMachineUpdater: snapshotIndex: updateIncreasingly 17 -> 17
2019-09-25 12:48:15,996 [main] INFO  impl.RaftServerImpl (ServerState.java:close(385)) - 8cac1812-c792-42d2-8f80-be30857055bc@group-0E8147FB6048: closes. applyIndex: 18
2019-09-25 12:48:15,997 [8cac1812-c792-42d2-8f80-be30857055bc@group-0E8147FB6048-SegmentedRaftLogWorker] INFO  segmented.SegmentedRaftLogWorker (SegmentedRaftLogWorker.java:run(313)) - 8cac1812-c792-42d2-8f80-be30857055bc@group-0E8147FB6048-SegmentedRaftLogWorker was interrupted, exiting. There are 0 tasks remaining in the queue.
2019-09-25 12:48:15,998 [main] INFO  segmented.SegmentedRaftLogWorker (SegmentedRaftLogWorker.java:close(228)) - 8cac1812-c792-42d2-8f80-be30857055bc@group-0E8147FB6048-SegmentedRaftLogWorker close()
2019-09-25 12:48:16,000 [main] INFO  server.GrpcService (GrpcService.java:closeImpl(164)) - 8cac1812-c792-42d2-8f80-be30857055bc: shutdown server with port 37923 now
2019-09-25 12:48:16,001 [main] INFO  server.GrpcService (GrpcService.java:closeImpl(172)) - 8cac1812-c792-42d2-8f80-be30857055bc: shutdown server with port 37923 successfully
2019-09-25 12:48:16,001 [grpc-default-executor-5] WARN  server.GrpcLogAppender (LogUtils.java:warn(134)) - 3c2cd309-f96b-4683-9e8f-90e33ab63894@group-0E8147FB6048->8cac1812-c792-42d2-8f80-be30857055bc-AppendLogResponseHandler: Failed appendEntries: org.apache.ratis.thirdparty.io.grpc.StatusRuntimeException: CANCELLED: HTTP/2 error code: CANCEL
Received Rst Stream
2019-09-25 12:48:16,001 [grpc-default-executor-7] WARN  server.GrpcServerProtocolService (LogUtils.java:warn(134)) - 8cac1812-c792-42d2-8f80-be30857055bc: installSnapshot onError, lastRequest: 3c2cd309-f96b-4683-9e8f-90e33ab63894->8cac1812-c792-42d2-8f80-be30857055bc#26-t2, previous=(t:2, i:18), leaderCommit=18, initializing? false, entries: <empty>: org.apache.ratis.thirdparty.io.grpc.StatusRuntimeException: CANCELLED: cancelled before receiving half close
2019-09-25 12:48:16,002 [grpc-default-executor-5] INFO  impl.FollowerInfo (FollowerInfo.java:lambda$new$0(51)) - 3c2cd309-f96b-4683-9e8f-90e33ab63894@group-0E8147FB6048->8cac1812-c792-42d2-8f80-be30857055bc: nextIndex: updateUnconditionally 19 -> 18
2019-09-25 12:48:16,003 [refreshUsed-/workdir/hadoop-ozone/integration-test/target/test-dir/MiniOzoneClusterImpl-a05466a5-072a-4920-8d71-d5d6ba4ffade/datanode-3/data/containers] WARN  fs.CachingGetSpaceUsed (CachingGetSpaceUsed.java:run(183)) - Thread Interrupted waiting to refresh disk information: sleep interrupted
2019-09-25 12:48:16,012 [ForkJoinPool.commonPool-worker-1] INFO  utils.BackgroundService (BackgroundService.java:shutdown(148)) - Shutting down service BlockDeletingService
2019-09-25 12:48:16,016 [ForkJoinPool.commonPool-worker-1] INFO  statemachine.DatanodeStateMachine (DatanodeStateMachine.java:stopDaemon(395)) - Ozone container server stopped.
2019-09-25 12:48:16,021 [ForkJoinPool.commonPool-worker-1] INFO  handler.ContextHandler (ContextHandler.java:doStop(910)) - Stopped o.e.j.w.WebAppContext@5e3db14{/,null,UNAVAILABLE}{/hddsDatanode}
2019-09-25 12:48:16,022 [ForkJoinPool.commonPool-worker-1] INFO  server.AbstractConnector (AbstractConnector.java:doStop(318)) - Stopped ServerConnector@5fb54740{HTTP/1.1,[http/1.1]}{0.0.0.0:0}
2019-09-25 12:48:16,023 [ForkJoinPool.commonPool-worker-1] INFO  handler.ContextHandler (ContextHandler.java:doStop(910)) - Stopped o.e.j.s.ServletContextHandler@129c4d19{/static,jar:file:/home/user/.m2/repository/org/apache/hadoop/hadoop-hdds-container-service/0.5.0-SNAPSHOT/hadoop-hdds-container-service-0.5.0-SNAPSHOT.jar!/webapps/static,UNAVAILABLE}
2019-09-25 12:48:16,025 [ForkJoinPool.commonPool-worker-1] INFO  handler.ContextHandler (ContextHandler.java:doStop(910)) - Stopped o.e.j.s.ServletContextHandler@57cabdc3{/logs,file:///workdir/hadoop-ozone/integration-test/target/log,UNAVAILABLE}
2019-09-25 12:48:16,032 [main] INFO  utils.BackgroundService (BackgroundService.java:shutdown(148)) - Shutting down service BlockDeletingService
2019-09-25 12:48:16,035 [main] INFO  statemachine.DatanodeStateMachine (DatanodeStateMachine.java:stopDaemon(395)) - Ozone container server stopped.
2019-09-25 12:48:16,036 [main] INFO  handler.ContextHandler (ContextHandler.java:doStop(910)) - Stopped o.e.j.w.WebAppContext@21274afe{/,null,UNAVAILABLE}{/hddsDatanode}
2019-09-25 12:48:16,036 [main] INFO  server.AbstractConnector (AbstractConnector.java:doStop(318)) - Stopped ServerConnector@76a362a4{HTTP/1.1,[http/1.1]}{0.0.0.0:0}
2019-09-25 12:48:16,037 [main] INFO  handler.ContextHandler (ContextHandler.java:doStop(910)) - Stopped o.e.j.s.ServletContextHandler@5763a655{/static,jar:file:/home/user/.m2/repository/org/apache/hadoop/hadoop-hdds-container-service/0.5.0-SNAPSHOT/hadoop-hdds-container-service-0.5.0-SNAPSHOT.jar!/webapps/static,UNAVAILABLE}
2019-09-25 12:48:16,037 [main] INFO  handler.ContextHandler (ContextHandler.java:doStop(910)) - Stopped o.e.j.s.ServletContextHandler@78c74647{/logs,file:///workdir/hadoop-ozone/integration-test/target/log,UNAVAILABLE}
2019-09-25 12:48:16,671 [Datanode State Machine Thread - 0] INFO  statemachine.DatanodeStateMachine (DatanodeStateMachine.java:lambda$startDaemon$0(350)) - Ozone container server started.
2019-09-25 12:48:16,683 [Datanode State Machine Thread - 0] INFO  statemachine.DatanodeStateMachine (DatanodeStateMachine.java:lambda$startDaemon$0(350)) - Ozone container server started.
2019-09-25 12:48:17,644 [grpc-default-executor-4] WARN  server.GrpcLogAppender (LogUtils.java:warn(134)) - 3c2cd309-f96b-4683-9e8f-90e33ab63894@group-0E8147FB6048->748828df-30b0-4015-b75f-dfc54b2a2355-AppendLogResponseHandler: Failed appendEntries: org.apache.ratis.thirdparty.io.grpc.StatusRuntimeException: UNAVAILABLE: io exception
2019-09-25 12:48:17,644 [grpc-default-executor-4] INFO  impl.FollowerInfo (FollowerInfo.java:lambda$new$0(51)) - 3c2cd309-f96b-4683-9e8f-90e33ab63894@group-0E8147FB6048->748828df-30b0-4015-b75f-dfc54b2a2355: nextIndex: updateUnconditionally 15 -> 14
2019-09-25 12:48:17,648 [grpc-default-executor-7] WARN  server.GrpcLogAppender (LogUtils.java:warn(134)) - 3c2cd309-f96b-4683-9e8f-90e33ab63894@group-0E8147FB6048->8cac1812-c792-42d2-8f80-be30857055bc-AppendLogResponseHandler: Failed appendEntries: org.apache.ratis.thirdparty.io.grpc.StatusRuntimeException: UNAVAILABLE: io exception
2019-09-25 12:48:17,648 [grpc-default-executor-7] INFO  impl.FollowerInfo (FollowerInfo.java:lambda$new$0(51)) - 3c2cd309-f96b-4683-9e8f-90e33ab63894@group-0E8147FB6048->8cac1812-c792-42d2-8f80-be30857055bc: nextIndex: updateUnconditionally 18 -> 17
2019-09-25 12:48:20,107 [Thread-3257] INFO  impl.FollowerState (FollowerState.java:run(106)) - 9f6c202f-201d-45e7-83f4-0c55e914a711:group-40801021FF8B changes to CANDIDATE, lastRpcTime:5145, electionTimeout:5014ms
2019-09-25 12:48:20,109 [Thread-3257] INFO  impl.RoleInfo (RoleInfo.java:shutdownFollowerState(121)) - 9f6c202f-201d-45e7-83f4-0c55e914a711: shutdown FollowerState
2019-09-25 12:48:20,109 [Thread-3257] INFO  impl.RaftServerImpl (RaftServerImpl.java:setRole(174)) - 9f6c202f-201d-45e7-83f4-0c55e914a711@group-40801021FF8B: changes role from  FOLLOWER to CANDIDATE at term 2 for changeToCandidate
2019-09-25 12:48:20,110 [Thread-3257] INFO  impl.RoleInfo (RoleInfo.java:updateAndGet(143)) - 9f6c202f-201d-45e7-83f4-0c55e914a711: start LeaderElection
2019-09-25 12:48:20,112 [9f6c202f-201d-45e7-83f4-0c55e914a711@group-40801021FF8B:LeaderElection81] INFO  impl.RaftServerImpl (ServerState.java:setLeader(253)) - 9f6c202f-201d-45e7-83f4-0c55e914a711@group-40801021FF8B: change Leader from 36c91996-c5f7-4a90-94d5-6233d5d955ee to null at term 2 for initElection
2019-09-25 12:48:20,127 [9f6c202f-201d-45e7-83f4-0c55e914a711@group-40801021FF8B:LeaderElection81] INFO  impl.LeaderElection (LeaderElection.java:askForVotes(182)) - 9f6c202f-201d-45e7-83f4-0c55e914a711@group-40801021FF8B:LeaderElection81: begin an election at term 3 for 16: [36c91996-c5f7-4a90-94d5-6233d5d955ee:192.168.151.66:33656, 4cc4b627-b178-49fa-865f-0d962778a832:192.168.151.66:46264, 9f6c202f-201d-45e7-83f4-0c55e914a711:192.168.151.66:41695], old=null
2019-09-25 12:48:20,135 [9f6c202f-201d-45e7-83f4-0c55e914a711@group-40801021FF8B:LeaderElection81] INFO  impl.LeaderElection (LogUtils.java:infoOrTrace(149)) - 9f6c202f-201d-45e7-83f4-0c55e914a711@group-40801021FF8B:LeaderElection81 got exception when requesting votes: {}
java.util.concurrent.ExecutionException: org.apache.ratis.thirdparty.io.grpc.StatusRuntimeException: UNAVAILABLE: io exception
	at java.util.concurrent.FutureTask.report(FutureTask.java:122)
	at java.util.concurrent.FutureTask.get(FutureTask.java:192)
	at org.apache.ratis.server.impl.LeaderElection.waitForResults(LeaderElection.java:263)
	at org.apache.ratis.server.impl.LeaderElection.askForVotes(LeaderElection.java:201)
	at org.apache.ratis.server.impl.LeaderElection.run(LeaderElection.java:133)
	at java.lang.Thread.run(Thread.java:748)
Caused by: org.apache.ratis.thirdparty.io.grpc.StatusRuntimeException: UNAVAILABLE: io exception
	at org.apache.ratis.thirdparty.io.grpc.stub.ClientCalls.toStatusRuntimeException(ClientCalls.java:233)
	at org.apache.ratis.thirdparty.io.grpc.stub.ClientCalls.getUnchecked(ClientCalls.java:214)
	at org.apache.ratis.thirdparty.io.grpc.stub.ClientCalls.blockingUnaryCall(ClientCalls.java:139)
	at org.apache.ratis.proto.grpc.RaftServerProtocolServiceGrpc$RaftServerProtocolServiceBlockingStub.requestVote(RaftServerProtocolServiceGrpc.java:265)
	at org.apache.ratis.grpc.server.GrpcServerProtocolClient.requestVote(GrpcServerProtocolClient.java:90)
	at org.apache.ratis.grpc.server.GrpcService.requestVote(GrpcService.java:204)
	at org.apache.ratis.server.impl.LeaderElection.lambda$submitRequests$1(LeaderElection.java:238)
	at java.util.concurrent.FutureTask.run(FutureTask.java:266)
	at java.util.concurrent.Executors$RunnableAdapter.call(Executors.java:511)
	at java.util.concurrent.FutureTask.run(FutureTask.java:266)
	at java.util.concurrent.ThreadPoolExecutor.runWorker(ThreadPoolExecutor.java:1149)
	at java.util.concurrent.ThreadPoolExecutor$Worker.run(ThreadPoolExecutor.java:624)
	... 1 more
Caused by: org.apache.ratis.thirdparty.io.netty.channel.AbstractChannel$AnnotatedConnectException: Connection refused: /192.168.151.66:33656
	at sun.nio.ch.SocketChannelImpl.checkConnect(Native Method)
	at sun.nio.ch.SocketChannelImpl.finishConnect(SocketChannelImpl.java:717)
	at org.apache.ratis.thirdparty.io.netty.channel.socket.nio.NioSocketChannel.doFinishConnect(NioSocketChannel.java:327)
	at org.apache.ratis.thirdparty.io.netty.channel.nio.AbstractNioChannel$AbstractNioUnsafe.finishConnect(AbstractNioChannel.java:340)
	at org.apache.ratis.thirdparty.io.netty.channel.nio.NioEventLoop.processSelectedKey(NioEventLoop.java:632)
	at org.apache.ratis.thirdparty.io.netty.channel.nio.NioEventLoop.processSelectedKeysOptimized(NioEventLoop.java:579)
	at org.apache.ratis.thirdparty.io.netty.channel.nio.NioEventLoop.processSelectedKeys(NioEventLoop.java:496)
	at org.apache.ratis.thirdparty.io.netty.channel.nio.NioEventLoop.run(NioEventLoop.java:458)
	at org.apache.ratis.thirdparty.io.netty.util.concurrent.SingleThreadEventExecutor$5.run(SingleThreadEventExecutor.java:897)
	at org.apache.ratis.thirdparty.io.netty.util.concurrent.FastThreadLocalRunnable.run(FastThreadLocalRunnable.java:30)
	... 1 more
Caused by: java.net.ConnectException: Connection refused
	... 11 more
2019-09-25 12:48:20,142 [9f6c202f-201d-45e7-83f4-0c55e914a711@group-40801021FF8B:LeaderElection81] INFO  impl.LeaderElection (LogUtils.java:infoOrTrace(149)) - 9f6c202f-201d-45e7-83f4-0c55e914a711@group-40801021FF8B:LeaderElection81 got exception when requesting votes: {}
java.util.concurrent.ExecutionException: org.apache.ratis.thirdparty.io.grpc.StatusRuntimeException: UNAVAILABLE: io exception
	at java.util.concurrent.FutureTask.report(FutureTask.java:122)
	at java.util.concurrent.FutureTask.get(FutureTask.java:192)
	at org.apache.ratis.server.impl.LeaderElection.waitForResults(LeaderElection.java:263)
	at org.apache.ratis.server.impl.LeaderElection.askForVotes(LeaderElection.java:201)
	at org.apache.ratis.server.impl.LeaderElection.run(LeaderElection.java:133)
	at java.lang.Thread.run(Thread.java:748)
Caused by: org.apache.ratis.thirdparty.io.grpc.StatusRuntimeException: UNAVAILABLE: io exception
	at org.apache.ratis.thirdparty.io.grpc.stub.ClientCalls.toStatusRuntimeException(ClientCalls.java:233)
	at org.apache.ratis.thirdparty.io.grpc.stub.ClientCalls.getUnchecked(ClientCalls.java:214)
	at org.apache.ratis.thirdparty.io.grpc.stub.ClientCalls.blockingUnaryCall(ClientCalls.java:139)
	at org.apache.ratis.proto.grpc.RaftServerProtocolServiceGrpc$RaftServerProtocolServiceBlockingStub.requestVote(RaftServerProtocolServiceGrpc.java:265)
	at org.apache.ratis.grpc.server.GrpcServerProtocolClient.requestVote(GrpcServerProtocolClient.java:90)
	at org.apache.ratis.grpc.server.GrpcService.requestVote(GrpcService.java:204)
	at org.apache.ratis.server.impl.LeaderElection.lambda$submitRequests$1(LeaderElection.java:238)
	at java.util.concurrent.FutureTask.run(FutureTask.java:266)
	at java.util.concurrent.Executors$RunnableAdapter.call(Executors.java:511)
	at java.util.concurrent.FutureTask.run(FutureTask.java:266)
	at java.util.concurrent.ThreadPoolExecutor.runWorker(ThreadPoolExecutor.java:1149)
	at java.util.concurrent.ThreadPoolExecutor$Worker.run(ThreadPoolExecutor.java:624)
	... 1 more
Caused by: org.apache.ratis.thirdparty.io.netty.channel.AbstractChannel$AnnotatedConnectException: Connection refused: /192.168.151.66:46264
	at sun.nio.ch.SocketChannelImpl.checkConnect(Native Method)
	at sun.nio.ch.SocketChannelImpl.finishConnect(SocketChannelImpl.java:717)
	at org.apache.ratis.thirdparty.io.netty.channel.socket.nio.NioSocketChannel.doFinishConnect(NioSocketChannel.java:327)
	at org.apache.ratis.thirdparty.io.netty.channel.nio.AbstractNioChannel$AbstractNioUnsafe.finishConnect(AbstractNioChannel.java:340)
	at org.apache.ratis.thirdparty.io.netty.channel.nio.NioEventLoop.processSelectedKey(NioEventLoop.java:632)
	at org.apache.ratis.thirdparty.io.netty.channel.nio.NioEventLoop.processSelectedKeysOptimized(NioEventLoop.java:579)
	at org.apache.ratis.thirdparty.io.netty.channel.nio.NioEventLoop.processSelectedKeys(NioEventLoop.java:496)
	at org.apache.ratis.thirdparty.io.netty.channel.nio.NioEventLoop.run(NioEventLoop.java:458)
	at org.apache.ratis.thirdparty.io.netty.util.concurrent.SingleThreadEventExecutor$5.run(SingleThreadEventExecutor.java:897)
	at org.apache.ratis.thirdparty.io.netty.util.concurrent.FastThreadLocalRunnable.run(FastThreadLocalRunnable.java:30)
	... 1 more
Caused by: java.net.ConnectException: Connection refused
	... 11 more
2019-09-25 12:48:20,145 [9f6c202f-201d-45e7-83f4-0c55e914a711@group-40801021FF8B:LeaderElection81] INFO  impl.LeaderElection (LeaderElection.java:logAndReturn(56)) - 9f6c202f-201d-45e7-83f4-0c55e914a711@group-40801021FF8B:LeaderElection81: Election REJECTED; received 0 response(s) [] and 2 exception(s); 9f6c202f-201d-45e7-83f4-0c55e914a711@group-40801021FF8B:t3, leader=null, voted=9f6c202f-201d-45e7-83f4-0c55e914a711, raftlog=9f6c202f-201d-45e7-83f4-0c55e914a711@group-40801021FF8B-SegmentedRaftLog:OPENED:c17,f17,i17, conf=16: [36c91996-c5f7-4a90-94d5-6233d5d955ee:192.168.151.66:33656, 4cc4b627-b178-49fa-865f-0d962778a832:192.168.151.66:46264, 9f6c202f-201d-45e7-83f4-0c55e914a711:192.168.151.66:41695], old=null
2019-09-25 12:48:20,145 [9f6c202f-201d-45e7-83f4-0c55e914a711@group-40801021FF8B:LeaderElection81] INFO  impl.LeaderElection (LogUtils.java:infoOrTrace(149)) -   Exception 0: {}
java.util.concurrent.ExecutionException: org.apache.ratis.thirdparty.io.grpc.StatusRuntimeException: UNAVAILABLE: io exception
	at java.util.concurrent.FutureTask.report(FutureTask.java:122)
	at java.util.concurrent.FutureTask.get(FutureTask.java:192)
	at org.apache.ratis.server.impl.LeaderElection.waitForResults(LeaderElection.java:263)
	at org.apache.ratis.server.impl.LeaderElection.askForVotes(LeaderElection.java:201)
	at org.apache.ratis.server.impl.LeaderElection.run(LeaderElection.java:133)
	at java.lang.Thread.run(Thread.java:748)
Caused by: org.apache.ratis.thirdparty.io.grpc.StatusRuntimeException: UNAVAILABLE: io exception
	at org.apache.ratis.thirdparty.io.grpc.stub.ClientCalls.toStatusRuntimeException(ClientCalls.java:233)
	at org.apache.ratis.thirdparty.io.grpc.stub.ClientCalls.getUnchecked(ClientCalls.java:214)
	at org.apache.ratis.thirdparty.io.grpc.stub.ClientCalls.blockingUnaryCall(ClientCalls.java:139)
	at org.apache.ratis.proto.grpc.RaftServerProtocolServiceGrpc$RaftServerProtocolServiceBlockingStub.requestVote(RaftServerProtocolServiceGrpc.java:265)
	at org.apache.ratis.grpc.server.GrpcServerProtocolClient.requestVote(GrpcServerProtocolClient.java:90)
	at org.apache.ratis.grpc.server.GrpcService.requestVote(GrpcService.java:204)
	at org.apache.ratis.server.impl.LeaderElection.lambda$submitRequests$1(LeaderElection.java:238)
	at java.util.concurrent.FutureTask.run(FutureTask.java:266)
	at java.util.concurrent.Executors$RunnableAdapter.call(Executors.java:511)
	at java.util.concurrent.FutureTask.run(FutureTask.java:266)
	at java.util.concurrent.ThreadPoolExecutor.runWorker(ThreadPoolExecutor.java:1149)
	at java.util.concurrent.ThreadPoolExecutor$Worker.run(ThreadPoolExecutor.java:624)
	... 1 more
Caused by: org.apache.ratis.thirdparty.io.netty.channel.AbstractChannel$AnnotatedConnectException: Connection refused: /192.168.151.66:33656
	at sun.nio.ch.SocketChannelImpl.checkConnect(Native Method)
	at sun.nio.ch.SocketChannelImpl.finishConnect(SocketChannelImpl.java:717)
	at org.apache.ratis.thirdparty.io.netty.channel.socket.nio.NioSocketChannel.doFinishConnect(NioSocketChannel.java:327)
	at org.apache.ratis.thirdparty.io.netty.channel.nio.AbstractNioChannel$AbstractNioUnsafe.finishConnect(AbstractNioChannel.java:340)
	at org.apache.ratis.thirdparty.io.netty.channel.nio.NioEventLoop.processSelectedKey(NioEventLoop.java:632)
	at org.apache.ratis.thirdparty.io.netty.channel.nio.NioEventLoop.processSelectedKeysOptimized(NioEventLoop.java:579)
	at org.apache.ratis.thirdparty.io.netty.channel.nio.NioEventLoop.processSelectedKeys(NioEventLoop.java:496)
	at org.apache.ratis.thirdparty.io.netty.channel.nio.NioEventLoop.run(NioEventLoop.java:458)
	at org.apache.ratis.thirdparty.io.netty.util.concurrent.SingleThreadEventExecutor$5.run(SingleThreadEventExecutor.java:897)
	at org.apache.ratis.thirdparty.io.netty.util.concurrent.FastThreadLocalRunnable.run(FastThreadLocalRunnable.java:30)
	... 1 more
Caused by: java.net.ConnectException: Connection refused
	... 11 more
2019-09-25 12:48:20,146 [9f6c202f-201d-45e7-83f4-0c55e914a711@group-40801021FF8B:LeaderElection81] INFO  impl.LeaderElection (LogUtils.java:infoOrTrace(149)) -   Exception 1: {}
java.util.concurrent.ExecutionException: org.apache.ratis.thirdparty.io.grpc.StatusRuntimeException: UNAVAILABLE: io exception
	at java.util.concurrent.FutureTask.report(FutureTask.java:122)
	at java.util.concurrent.FutureTask.get(FutureTask.java:192)
	at org.apache.ratis.server.impl.LeaderElection.waitForResults(LeaderElection.java:263)
	at org.apache.ratis.server.impl.LeaderElection.askForVotes(LeaderElection.java:201)
	at org.apache.ratis.server.impl.LeaderElection.run(LeaderElection.java:133)
	at java.lang.Thread.run(Thread.java:748)
Caused by: org.apache.ratis.thirdparty.io.grpc.StatusRuntimeException: UNAVAILABLE: io exception
	at org.apache.ratis.thirdparty.io.grpc.stub.ClientCalls.toStatusRuntimeException(ClientCalls.java:233)
	at org.apache.ratis.thirdparty.io.grpc.stub.ClientCalls.getUnchecked(ClientCalls.java:214)
	at org.apache.ratis.thirdparty.io.grpc.stub.ClientCalls.blockingUnaryCall(ClientCalls.java:139)
	at org.apache.ratis.proto.grpc.RaftServerProtocolServiceGrpc$RaftServerProtocolServiceBlockingStub.requestVote(RaftServerProtocolServiceGrpc.java:265)
	at org.apache.ratis.grpc.server.GrpcServerProtocolClient.requestVote(GrpcServerProtocolClient.java:90)
	at org.apache.ratis.grpc.server.GrpcService.requestVote(GrpcService.java:204)
	at org.apache.ratis.server.impl.LeaderElection.lambda$submitRequests$1(LeaderElection.java:238)
	at java.util.concurrent.FutureTask.run(FutureTask.java:266)
	at java.util.concurrent.Executors$RunnableAdapter.call(Executors.java:511)
	at java.util.concurrent.FutureTask.run(FutureTask.java:266)
	at java.util.concurrent.ThreadPoolExecutor.runWorker(ThreadPoolExecutor.java:1149)
	at java.util.concurrent.ThreadPoolExecutor$Worker.run(ThreadPoolExecutor.java:624)
	... 1 more
Caused by: org.apache.ratis.thirdparty.io.netty.channel.AbstractChannel$AnnotatedConnectException: Connection refused: /192.168.151.66:46264
	at sun.nio.ch.SocketChannelImpl.checkConnect(Native Method)
	at sun.nio.ch.SocketChannelImpl.finishConnect(SocketChannelImpl.java:717)
	at org.apache.ratis.thirdparty.io.netty.channel.socket.nio.NioSocketChannel.doFinishConnect(NioSocketChannel.java:327)
	at org.apache.ratis.thirdparty.io.netty.channel.nio.AbstractNioChannel$AbstractNioUnsafe.finishConnect(AbstractNioChannel.java:340)
	at org.apache.ratis.thirdparty.io.netty.channel.nio.NioEventLoop.processSelectedKey(NioEventLoop.java:632)
	at org.apache.ratis.thirdparty.io.netty.channel.nio.NioEventLoop.processSelectedKeysOptimized(NioEventLoop.java:579)
	at org.apache.ratis.thirdparty.io.netty.channel.nio.NioEventLoop.processSelectedKeys(NioEventLoop.java:496)
	at org.apache.ratis.thirdparty.io.netty.channel.nio.NioEventLoop.run(NioEventLoop.java:458)
	at org.apache.ratis.thirdparty.io.netty.util.concurrent.SingleThreadEventExecutor$5.run(SingleThreadEventExecutor.java:897)
	at org.apache.ratis.thirdparty.io.netty.util.concurrent.FastThreadLocalRunnable.run(FastThreadLocalRunnable.java:30)
	... 1 more
Caused by: java.net.ConnectException: Connection refused
	... 11 more
2019-09-25 12:48:20,146 [9f6c202f-201d-45e7-83f4-0c55e914a711@group-40801021FF8B:LeaderElection81] INFO  impl.RaftServerImpl (RaftServerImpl.java:setRole(174)) - 9f6c202f-201d-45e7-83f4-0c55e914a711@group-40801021FF8B: changes role from CANDIDATE to FOLLOWER at term 3 for DISCOVERED_A_NEW_TERM
2019-09-25 12:48:20,147 [9f6c202f-201d-45e7-83f4-0c55e914a711@group-40801021FF8B:LeaderElection81] INFO  impl.RoleInfo (RoleInfo.java:shutdownLeaderElection(134)) - 9f6c202f-201d-45e7-83f4-0c55e914a711: shutdown LeaderElection
2019-09-25 12:48:20,147 [grpc-default-executor-4] WARN  server.GrpcLogAppender (LogUtils.java:warn(134)) - 3c2cd309-f96b-4683-9e8f-90e33ab63894@group-0E8147FB6048->748828df-30b0-4015-b75f-dfc54b2a2355-AppendLogResponseHandler: Failed appendEntries: org.apache.ratis.thirdparty.io.grpc.StatusRuntimeException: UNAVAILABLE: io exception
2019-09-25 12:48:20,149 [9f6c202f-201d-45e7-83f4-0c55e914a711@group-40801021FF8B:LeaderElection81] INFO  impl.RoleInfo (RoleInfo.java:updateAndGet(143)) - 9f6c202f-201d-45e7-83f4-0c55e914a711: start FollowerState
2019-09-25 12:48:20,149 [grpc-default-executor-4] INFO  impl.FollowerInfo (FollowerInfo.java:lambda$new$0(51)) - 3c2cd309-f96b-4683-9e8f-90e33ab63894@group-0E8147FB6048->748828df-30b0-4015-b75f-dfc54b2a2355: nextIndex: updateUnconditionally 14 -> 13
2019-09-25 12:48:20,150 [grpc-default-executor-7] WARN  server.GrpcLogAppender (LogUtils.java:warn(134)) - 3c2cd309-f96b-4683-9e8f-90e33ab63894@group-0E8147FB6048->8cac1812-c792-42d2-8f80-be30857055bc-AppendLogResponseHandler: Failed appendEntries: org.apache.ratis.thirdparty.io.grpc.StatusRuntimeException: UNAVAILABLE: io exception
2019-09-25 12:48:20,150 [grpc-default-executor-7] INFO  impl.FollowerInfo (FollowerInfo.java:lambda$new$0(51)) - 3c2cd309-f96b-4683-9e8f-90e33ab63894@group-0E8147FB6048->8cac1812-c792-42d2-8f80-be30857055bc: nextIndex: updateUnconditionally 17 -> 16
2019-09-25 12:48:20,701 [EventQueue-StaleNodeForStaleNodeHandler] INFO  node.StaleNodeHandler (StaleNodeHandler.java:onMessage(58)) - Datanode 3c2cd309-f96b-4683-9e8f-90e33ab63894{ip: 192.168.151.66, host: pr-hdds-2175-t596l-953197546, networkLocation: /default-rack, certSerialId: null} moved to stale state. Finalizing its pipelines [PipelineID=b727f70b-c24d-4af0-8382-0e8147fb6048, PipelineID=1afdf2f4-c61c-401f-abf6-4c4f639fd5b4]
2019-09-25 12:48:20,702 [EventQueue-StaleNodeForStaleNodeHandler] INFO  pipeline.SCMPipelineManager (SCMPipelineManager.java:finalizeAndDestroyPipeline(315)) - destroying pipeline:Pipeline[ Id: b727f70b-c24d-4af0-8382-0e8147fb6048, Nodes: 8cac1812-c792-42d2-8f80-be30857055bc{ip: 192.168.151.66, host: pr-hdds-2175-t596l-953197546, networkLocation: /default-rack, certSerialId: null}3c2cd309-f96b-4683-9e8f-90e33ab63894{ip: 192.168.151.66, host: pr-hdds-2175-t596l-953197546, networkLocation: /default-rack, certSerialId: null}748828df-30b0-4015-b75f-dfc54b2a2355{ip: 192.168.151.66, host: pr-hdds-2175-t596l-953197546, networkLocation: /default-rack, certSerialId: null}, Type:RATIS, Factor:THREE, State:CLOSED]
2019-09-25 12:48:20,703 [EventQueue-StaleNodeForStaleNodeHandler] INFO  pipeline.SCMPipelineManager (SCMPipelineManager.java:finalizeAndDestroyPipeline(315)) - destroying pipeline:Pipeline[ Id: 1afdf2f4-c61c-401f-abf6-4c4f639fd5b4, Nodes: 3c2cd309-f96b-4683-9e8f-90e33ab63894{ip: 192.168.151.66, host: pr-hdds-2175-t596l-953197546, networkLocation: /default-rack, certSerialId: null}, Type:RATIS, Factor:ONE, State:OPEN]
2019-09-25 12:48:20,703 [EventQueue-StaleNodeForStaleNodeHandler] INFO  pipeline.PipelineStateManager (PipelineStateManager.java:finalizePipeline(123)) - Pipeline Pipeline[ Id: 1afdf2f4-c61c-401f-abf6-4c4f639fd5b4, Nodes: 3c2cd309-f96b-4683-9e8f-90e33ab63894{ip: 192.168.151.66, host: pr-hdds-2175-t596l-953197546, networkLocation: /default-rack, certSerialId: null}, Type:RATIS, Factor:ONE, State:CLOSED] moved to CLOSED state
2019-09-25 12:48:20,704 [EventQueue-StaleNodeForStaleNodeHandler] INFO  node.StaleNodeHandler (StaleNodeHandler.java:onMessage(58)) - Datanode 9f6c202f-201d-45e7-83f4-0c55e914a711{ip: 192.168.151.66, host: pr-hdds-2175-t596l-953197546, networkLocation: /default-rack, certSerialId: null} moved to stale state. Finalizing its pipelines [PipelineID=9807e768-800d-4a03-8793-f16edad6ec9c, PipelineID=10ef5f64-6779-4324-8ce4-40801021ff8b]
2019-09-25 12:48:20,704 [EventQueue-StaleNodeForStaleNodeHandler] INFO  pipeline.SCMPipelineManager (SCMPipelineManager.java:finalizeAndDestroyPipeline(315)) - destroying pipeline:Pipeline[ Id: 9807e768-800d-4a03-8793-f16edad6ec9c, Nodes: 9f6c202f-201d-45e7-83f4-0c55e914a711{ip: 192.168.151.66, host: pr-hdds-2175-t596l-953197546, networkLocation: /default-rack, certSerialId: null}, Type:RATIS, Factor:ONE, State:OPEN]
2019-09-25 12:48:20,704 [EventQueue-StaleNodeForStaleNodeHandler] INFO  pipeline.PipelineStateManager (PipelineStateManager.java:finalizePipeline(123)) - Pipeline Pipeline[ Id: 9807e768-800d-4a03-8793-f16edad6ec9c, Nodes: 9f6c202f-201d-45e7-83f4-0c55e914a711{ip: 192.168.151.66, host: pr-hdds-2175-t596l-953197546, networkLocation: /default-rack, certSerialId: null}, Type:RATIS, Factor:ONE, State:CLOSED] moved to CLOSED state
2019-09-25 12:48:20,704 [EventQueue-StaleNodeForStaleNodeHandler] INFO  pipeline.SCMPipelineManager (SCMPipelineManager.java:finalizeAndDestroyPipeline(315)) - destroying pipeline:Pipeline[ Id: 10ef5f64-6779-4324-8ce4-40801021ff8b, Nodes: 4cc4b627-b178-49fa-865f-0d962778a832{ip: 192.168.151.66, host: pr-hdds-2175-t596l-953197546, networkLocation: /default-rack, certSerialId: null}36c91996-c5f7-4a90-94d5-6233d5d955ee{ip: 192.168.151.66, host: pr-hdds-2175-t596l-953197546, networkLocation: /default-rack, certSerialId: null}9f6c202f-201d-45e7-83f4-0c55e914a711{ip: 192.168.151.66, host: pr-hdds-2175-t596l-953197546, networkLocation: /default-rack, certSerialId: null}, Type:RATIS, Factor:THREE, State:CLOSED]
2019-09-25 12:48:21,027 [ForkJoinPool.commonPool-worker-1] INFO  ozoneimpl.OzoneContainer (OzoneContainer.java:stop(231)) - Attempting to stop container services.
2019-09-25 12:48:21,035 [ForkJoinPool.commonPool-worker-1] INFO  impl.RaftServerProxy (RaftServerProxy.java:lambda$close$4(314)) - 9f6c202f-201d-45e7-83f4-0c55e914a711: close
2019-09-25 12:48:21,035 [ForkJoinPool.commonPool-worker-1] INFO  impl.RaftServerImpl (RaftServerImpl.java:lambda$shutdown$3(251)) - 9f6c202f-201d-45e7-83f4-0c55e914a711@group-F16EDAD6EC9C: shutdown
2019-09-25 12:48:21,035 [ForkJoinPool.commonPool-worker-1] INFO  util.JmxRegister (JmxRegister.java:unregister(73)) - Successfully un-registered JMX Bean with object name Ratis:service=RaftServer,group=group-F16EDAD6EC9C,id=9f6c202f-201d-45e7-83f4-0c55e914a711
2019-09-25 12:48:21,036 [ForkJoinPool.commonPool-worker-1] INFO  impl.RoleInfo (RoleInfo.java:shutdownLeaderState(104)) - 9f6c202f-201d-45e7-83f4-0c55e914a711: shutdown LeaderState
2019-09-25 12:48:21,036 [ForkJoinPool.commonPool-worker-1] INFO  impl.PendingRequests (PendingRequests.java:sendNotLeaderResponses(202)) - 9f6c202f-201d-45e7-83f4-0c55e914a711-PendingRequests: sendNotLeaderResponses
2019-09-25 12:48:21,036 [ForkJoinPool.commonPool-worker-1] INFO  impl.StateMachineUpdater (StateMachineUpdater.java:stopAndJoin(125)) - 9f6c202f-201d-45e7-83f4-0c55e914a711@group-F16EDAD6EC9C-StateMachineUpdater: set stopIndex = 0
2019-09-25 12:48:21,037 [ForkJoinPool.commonPool-worker-1] INFO  impl.RaftServerImpl (ServerState.java:close(385)) - 9f6c202f-201d-45e7-83f4-0c55e914a711@group-F16EDAD6EC9C: closes. applyIndex: 0
2019-09-25 12:48:21,037 [9f6c202f-201d-45e7-83f4-0c55e914a711@group-F16EDAD6EC9C-SegmentedRaftLogWorker] INFO  segmented.SegmentedRaftLogWorker (SegmentedRaftLogWorker.java:run(313)) - 9f6c202f-201d-45e7-83f4-0c55e914a711@group-F16EDAD6EC9C-SegmentedRaftLogWorker was interrupted, exiting. There are 0 tasks remaining in the queue.
2019-09-25 12:48:21,041 [main] INFO  ozoneimpl.OzoneContainer (OzoneContainer.java:stop(231)) - Attempting to stop container services.
2019-09-25 12:48:21,041 [ForkJoinPool.commonPool-worker-1] INFO  segmented.SegmentedRaftLogWorker (SegmentedRaftLogWorker.java:close(228)) - 9f6c202f-201d-45e7-83f4-0c55e914a711@group-F16EDAD6EC9C-SegmentedRaftLogWorker close()
2019-09-25 12:48:21,042 [main] INFO  impl.RaftServerProxy (RaftServerProxy.java:lambda$close$4(314)) - 3c2cd309-f96b-4683-9e8f-90e33ab63894: close
2019-09-25 12:48:21,046 [ForkJoinPool.commonPool-worker-1] INFO  impl.RaftServerImpl (RaftServerImpl.java:lambda$shutdown$3(251)) - 9f6c202f-201d-45e7-83f4-0c55e914a711@group-40801021FF8B: shutdown
2019-09-25 12:48:21,046 [main] INFO  impl.RaftServerImpl (RaftServerImpl.java:lambda$shutdown$3(251)) - 3c2cd309-f96b-4683-9e8f-90e33ab63894@group-0E8147FB6048: shutdown
2019-09-25 12:48:21,046 [ForkJoinPool.commonPool-worker-1] INFO  util.JmxRegister (JmxRegister.java:unregister(73)) - Successfully un-registered JMX Bean with object name Ratis:service=RaftServer,group=group-40801021FF8B,id=9f6c202f-201d-45e7-83f4-0c55e914a711
2019-09-25 12:48:21,047 [main] INFO  util.JmxRegister (JmxRegister.java:unregister(73)) - Successfully un-registered JMX Bean with object name Ratis:service=RaftServer,group=group-0E8147FB6048,id=3c2cd309-f96b-4683-9e8f-90e33ab63894
2019-09-25 12:48:21,047 [ForkJoinPool.commonPool-worker-1] INFO  impl.RoleInfo (RoleInfo.java:shutdownFollowerState(121)) - 9f6c202f-201d-45e7-83f4-0c55e914a711: shutdown FollowerState
2019-09-25 12:48:21,048 [main] INFO  impl.RoleInfo (RoleInfo.java:shutdownLeaderState(104)) - 3c2cd309-f96b-4683-9e8f-90e33ab63894: shutdown LeaderState
2019-09-25 12:48:21,048 [9f6c202f-201d-45e7-83f4-0c55e914a711@group-40801021FF8B-StateMachineUpdater] INFO  ratis.ContainerStateMachine (ContainerStateMachine.java:takeSnapshot(289)) - group-40801021FF8B: Taking a snapshot at:(t:1, i:13) file /workdir/hadoop-ozone/integration-test/target/test-dir/MiniOzoneClusterImpl-a05466a5-072a-4920-8d71-d5d6ba4ffade/datanode-0/data/ratis/10ef5f64-6779-4324-8ce4-40801021ff8b/sm/snapshot.1_13
2019-09-25 12:48:21,052 [org.apache.ratis.server.impl.LogAppender$AppenderDaemon$$Lambda$487/1724053913@69d6bc69] WARN  server.GrpcLogAppender (GrpcLogAppender.java:mayWait(143)) - 3c2cd309-f96b-4683-9e8f-90e33ab63894@group-0E8147FB6048->8cac1812-c792-42d2-8f80-be30857055bc-GrpcLogAppender: Wait interrupted by java.lang.InterruptedException
2019-09-25 12:48:21,048 [Thread-3341] INFO  impl.FollowerState (FollowerState.java:run(115)) - 9f6c202f-201d-45e7-83f4-0c55e914a711: FollowerState was interrupted: java.lang.InterruptedException: sleep interrupted
2019-09-25 12:48:21,048 [ForkJoinPool.commonPool-worker-1] INFO  impl.StateMachineUpdater (StateMachineUpdater.java:stopAndJoin(125)) - 9f6c202f-201d-45e7-83f4-0c55e914a711@group-40801021FF8B-StateMachineUpdater: set stopIndex = 17
2019-09-25 12:48:21,052 [main] INFO  impl.PendingRequests (PendingRequests.java:sendNotLeaderResponses(202)) - 3c2cd309-f96b-4683-9e8f-90e33ab63894-PendingRequests: sendNotLeaderResponses
2019-09-25 12:48:21,052 [org.apache.ratis.server.impl.LogAppender$AppenderDaemon$$Lambda$487/1724053913@2dd99ec0] WARN  server.GrpcLogAppender (GrpcLogAppender.java:mayWait(143)) - 3c2cd309-f96b-4683-9e8f-90e33ab63894@group-0E8147FB6048->748828df-30b0-4015-b75f-dfc54b2a2355-GrpcLogAppender: Wait interrupted by java.lang.InterruptedException
2019-09-25 12:48:21,060 [main] INFO  impl.StateMachineUpdater (StateMachineUpdater.java:stopAndJoin(125)) - 3c2cd309-f96b-4683-9e8f-90e33ab63894@group-0E8147FB6048-StateMachineUpdater: set stopIndex = 18
2019-09-25 12:48:21,060 [3c2cd309-f96b-4683-9e8f-90e33ab63894@group-0E8147FB6048-StateMachineUpdater] INFO  ratis.ContainerStateMachine (ContainerStateMachine.java:takeSnapshot(289)) - group-0E8147FB6048: Taking a snapshot at:(t:2, i:18) file /workdir/hadoop-ozone/integration-test/target/test-dir/MiniOzoneClusterImpl-a05466a5-072a-4920-8d71-d5d6ba4ffade/datanode-5/data/ratis/b727f70b-c24d-4af0-8382-0e8147fb6048/sm/snapshot.2_18
2019-09-25 12:48:21,083 [9f6c202f-201d-45e7-83f4-0c55e914a711@group-40801021FF8B-StateMachineUpdater] INFO  ratis.ContainerStateMachine (ContainerStateMachine.java:takeSnapshot(300)) - group-40801021FF8B: Finished taking a snapshot at:(t:1, i:13) file:/workdir/hadoop-ozone/integration-test/target/test-dir/MiniOzoneClusterImpl-a05466a5-072a-4920-8d71-d5d6ba4ffade/datanode-0/data/ratis/10ef5f64-6779-4324-8ce4-40801021ff8b/sm/snapshot.1_13 time:34
2019-09-25 12:48:21,083 [3c2cd309-f96b-4683-9e8f-90e33ab63894@group-0E8147FB6048-StateMachineUpdater] INFO  ratis.ContainerStateMachine (ContainerStateMachine.java:takeSnapshot(300)) - group-0E8147FB6048: Finished taking a snapshot at:(t:2, i:18) file:/workdir/hadoop-ozone/integration-test/target/test-dir/MiniOzoneClusterImpl-a05466a5-072a-4920-8d71-d5d6ba4ffade/datanode-5/data/ratis/b727f70b-c24d-4af0-8382-0e8147fb6048/sm/snapshot.2_18 time:22
2019-09-25 12:48:21,083 [9f6c202f-201d-45e7-83f4-0c55e914a711@group-40801021FF8B-StateMachineUpdater] INFO  impl.StateMachineUpdater (StateMachineUpdater.java:takeSnapshot(258)) - 9f6c202f-201d-45e7-83f4-0c55e914a711@group-40801021FF8B-StateMachineUpdater: Took a snapshot at index 13
2019-09-25 12:48:21,083 [3c2cd309-f96b-4683-9e8f-90e33ab63894@group-0E8147FB6048-StateMachineUpdater] INFO  impl.StateMachineUpdater (StateMachineUpdater.java:takeSnapshot(258)) - 3c2cd309-f96b-4683-9e8f-90e33ab63894@group-0E8147FB6048-StateMachineUpdater: Took a snapshot at index 18
2019-09-25 12:48:21,083 [9f6c202f-201d-45e7-83f4-0c55e914a711@group-40801021FF8B-StateMachineUpdater] INFO  impl.StateMachineUpdater (StateMachineUpdater.java:lambda$new$0(83)) - 9f6c202f-201d-45e7-83f4-0c55e914a711@group-40801021FF8B-StateMachineUpdater: snapshotIndex: updateIncreasingly -1 -> 13
2019-09-25 12:48:21,083 [3c2cd309-f96b-4683-9e8f-90e33ab63894@group-0E8147FB6048-StateMachineUpdater] INFO  impl.StateMachineUpdater (StateMachineUpdater.java:lambda$new$0(83)) - 3c2cd309-f96b-4683-9e8f-90e33ab63894@group-0E8147FB6048-StateMachineUpdater: snapshotIndex: updateIncreasingly -1 -> 18
2019-09-25 12:48:21,084 [9f6c202f-201d-45e7-83f4-0c55e914a711@group-40801021FF8B-StateMachineUpdater] INFO  ratis.ContainerStateMachine (ContainerStateMachine.java:takeSnapshot(289)) - group-40801021FF8B: Taking a snapshot at:(t:1, i:13) file /workdir/hadoop-ozone/integration-test/target/test-dir/MiniOzoneClusterImpl-a05466a5-072a-4920-8d71-d5d6ba4ffade/datanode-0/data/ratis/10ef5f64-6779-4324-8ce4-40801021ff8b/sm/snapshot.1_13
2019-09-25 12:48:21,084 [main] INFO  impl.RaftServerImpl (ServerState.java:close(385)) - 3c2cd309-f96b-4683-9e8f-90e33ab63894@group-0E8147FB6048: closes. applyIndex: 18
2019-09-25 12:48:21,085 [3c2cd309-f96b-4683-9e8f-90e33ab63894@group-0E8147FB6048-SegmentedRaftLogWorker] INFO  segmented.SegmentedRaftLogWorker (SegmentedRaftLogWorker.java:run(313)) - 3c2cd309-f96b-4683-9e8f-90e33ab63894@group-0E8147FB6048-SegmentedRaftLogWorker was interrupted, exiting. There are 0 tasks remaining in the queue.
2019-09-25 12:48:21,086 [main] INFO  segmented.SegmentedRaftLogWorker (SegmentedRaftLogWorker.java:close(228)) - 3c2cd309-f96b-4683-9e8f-90e33ab63894@group-0E8147FB6048-SegmentedRaftLogWorker close()
2019-09-25 12:48:21,089 [main] INFO  impl.RaftServerImpl (RaftServerImpl.java:lambda$shutdown$3(251)) - 3c2cd309-f96b-4683-9e8f-90e33ab63894@group-4C4F639FD5B4: shutdown
2019-09-25 12:48:21,090 [main] INFO  util.JmxRegister (JmxRegister.java:unregister(73)) - Successfully un-registered JMX Bean with object name Ratis:service=RaftServer,group=group-4C4F639FD5B4,id=3c2cd309-f96b-4683-9e8f-90e33ab63894
2019-09-25 12:48:21,090 [main] INFO  impl.RoleInfo (RoleInfo.java:shutdownLeaderState(104)) - 3c2cd309-f96b-4683-9e8f-90e33ab63894: shutdown LeaderState
2019-09-25 12:48:21,091 [main] INFO  impl.PendingRequests (PendingRequests.java:sendNotLeaderResponses(202)) - 3c2cd309-f96b-4683-9e8f-90e33ab63894-PendingRequests: sendNotLeaderResponses
2019-09-25 12:48:21,091 [main] INFO  impl.StateMachineUpdater (StateMachineUpdater.java:stopAndJoin(125)) - 3c2cd309-f96b-4683-9e8f-90e33ab63894@group-4C4F639FD5B4-StateMachineUpdater: set stopIndex = 0
2019-09-25 12:48:21,092 [main] INFO  impl.RaftServerImpl (ServerState.java:close(385)) - 3c2cd309-f96b-4683-9e8f-90e33ab63894@group-4C4F639FD5B4: closes. applyIndex: 0
2019-09-25 12:48:21,092 [3c2cd309-f96b-4683-9e8f-90e33ab63894@group-4C4F639FD5B4-SegmentedRaftLogWorker] INFO  segmented.SegmentedRaftLogWorker (SegmentedRaftLogWorker.java:run(313)) - 3c2cd309-f96b-4683-9e8f-90e33ab63894@group-4C4F639FD5B4-SegmentedRaftLogWorker was interrupted, exiting. There are 0 tasks remaining in the queue.
2019-09-25 12:48:21,094 [main] INFO  segmented.SegmentedRaftLogWorker (SegmentedRaftLogWorker.java:close(228)) - 3c2cd309-f96b-4683-9e8f-90e33ab63894@group-4C4F639FD5B4-SegmentedRaftLogWorker close()
2019-09-25 12:48:21,104 [main] INFO  server.GrpcService (GrpcService.java:closeImpl(164)) - 3c2cd309-f96b-4683-9e8f-90e33ab63894: shutdown server with port 46374 now
2019-09-25 12:48:21,105 [grpc-default-executor-4] WARN  client.GrpcClientProtocolService (LogUtils.java:warn(134)) - 1-UnorderedRequestStreamObserver1: onError: org.apache.ratis.thirdparty.io.grpc.StatusRuntimeException: CANCELLED: cancelled before receiving half close
2019-09-25 12:48:21,105 [main] INFO  server.GrpcService (GrpcService.java:closeImpl(172)) - 3c2cd309-f96b-4683-9e8f-90e33ab63894: shutdown server with port 46374 successfully
2019-09-25 12:48:21,108 [refreshUsed-/workdir/hadoop-ozone/integration-test/target/test-dir/MiniOzoneClusterImpl-a05466a5-072a-4920-8d71-d5d6ba4ffade/datanode-5/data/containers] WARN  fs.CachingGetSpaceUsed (CachingGetSpaceUsed.java:run(183)) - Thread Interrupted waiting to refresh disk information: sleep interrupted
2019-09-25 12:48:21,118 [9f6c202f-201d-45e7-83f4-0c55e914a711@group-40801021FF8B-StateMachineUpdater] INFO  ratis.ContainerStateMachine (ContainerStateMachine.java:takeSnapshot(300)) - group-40801021FF8B: Finished taking a snapshot at:(t:1, i:13) file:/workdir/hadoop-ozone/integration-test/target/test-dir/MiniOzoneClusterImpl-a05466a5-072a-4920-8d71-d5d6ba4ffade/datanode-0/data/ratis/10ef5f64-6779-4324-8ce4-40801021ff8b/sm/snapshot.1_13 time:35
2019-09-25 12:48:21,118 [9f6c202f-201d-45e7-83f4-0c55e914a711@group-40801021FF8B-StateMachineUpdater] INFO  impl.StateMachineUpdater (StateMachineUpdater.java:takeSnapshot(258)) - 9f6c202f-201d-45e7-83f4-0c55e914a711@group-40801021FF8B-StateMachineUpdater: Took a snapshot at index 13
2019-09-25 12:48:21,118 [9f6c202f-201d-45e7-83f4-0c55e914a711@group-40801021FF8B-StateMachineUpdater] INFO  impl.StateMachineUpdater (StateMachineUpdater.java:lambda$new$0(83)) - 9f6c202f-201d-45e7-83f4-0c55e914a711@group-40801021FF8B-StateMachineUpdater: snapshotIndex: updateIncreasingly 13 -> 13
2019-09-25 12:48:21,119 [ForkJoinPool.commonPool-worker-1] INFO  impl.RaftServerImpl (ServerState.java:close(385)) - 9f6c202f-201d-45e7-83f4-0c55e914a711@group-40801021FF8B: closes. applyIndex: 17
2019-09-25 12:48:21,119 [9f6c202f-201d-45e7-83f4-0c55e914a711@group-40801021FF8B-SegmentedRaftLogWorker] INFO  segmented.SegmentedRaftLogWorker (SegmentedRaftLogWorker.java:run(313)) - 9f6c202f-201d-45e7-83f4-0c55e914a711@group-40801021FF8B-SegmentedRaftLogWorker was interrupted, exiting. There are 0 tasks remaining in the queue.
2019-09-25 12:48:21,119 [ForkJoinPool.commonPool-worker-1] INFO  segmented.SegmentedRaftLogWorker (SegmentedRaftLogWorker.java:close(228)) - 9f6c202f-201d-45e7-83f4-0c55e914a711@group-40801021FF8B-SegmentedRaftLogWorker close()
2019-09-25 12:48:21,121 [ForkJoinPool.commonPool-worker-1] INFO  server.GrpcService (GrpcService.java:closeImpl(164)) - 9f6c202f-201d-45e7-83f4-0c55e914a711: shutdown server with port 41695 now
2019-09-25 12:48:21,121 [ForkJoinPool.commonPool-worker-1] INFO  server.GrpcService (GrpcService.java:closeImpl(172)) - 9f6c202f-201d-45e7-83f4-0c55e914a711: shutdown server with port 41695 successfully
2019-09-25 12:48:21,124 [refreshUsed-/workdir/hadoop-ozone/integration-test/target/test-dir/MiniOzoneClusterImpl-a05466a5-072a-4920-8d71-d5d6ba4ffade/datanode-0/data/containers] WARN  fs.CachingGetSpaceUsed (CachingGetSpaceUsed.java:run(183)) - Thread Interrupted waiting to refresh disk information: sleep interrupted
2019-09-25 12:48:21,133 [main] INFO  utils.BackgroundService (BackgroundService.java:shutdown(148)) - Shutting down service BlockDeletingService
2019-09-25 12:48:21,139 [main] INFO  statemachine.DatanodeStateMachine (DatanodeStateMachine.java:stopDaemon(395)) - Ozone container server stopped.
2019-09-25 12:48:21,142 [main] INFO  handler.ContextHandler (ContextHandler.java:doStop(910)) - Stopped o.e.j.w.WebAppContext@154b8cb6{/,null,UNAVAILABLE}{/hddsDatanode}
2019-09-25 12:48:21,143 [main] INFO  server.AbstractConnector (AbstractConnector.java:doStop(318)) - Stopped ServerConnector@7b297740{HTTP/1.1,[http/1.1]}{0.0.0.0:0}
2019-09-25 12:48:21,144 [main] INFO  handler.ContextHandler (ContextHandler.java:doStop(910)) - Stopped o.e.j.s.ServletContextHandler@16e1219f{/static,jar:file:/home/user/.m2/repository/org/apache/hadoop/hadoop-hdds-container-service/0.5.0-SNAPSHOT/hadoop-hdds-container-service-0.5.0-SNAPSHOT.jar!/webapps/static,UNAVAILABLE}
2019-09-25 12:48:21,144 [main] INFO  handler.ContextHandler (ContextHandler.java:doStop(910)) - Stopped o.e.j.s.ServletContextHandler@2f09e6b2{/logs,file:///workdir/hadoop-ozone/integration-test/target/log,UNAVAILABLE}
2019-09-25 12:48:21,146 [ForkJoinPool.commonPool-worker-1] INFO  utils.BackgroundService (BackgroundService.java:shutdown(148)) - Shutting down service BlockDeletingService
2019-09-25 12:48:21,150 [ForkJoinPool.commonPool-worker-1] INFO  statemachine.DatanodeStateMachine (DatanodeStateMachine.java:stopDaemon(395)) - Ozone container server stopped.
2019-09-25 12:48:21,153 [ForkJoinPool.commonPool-worker-1] INFO  handler.ContextHandler (ContextHandler.java:doStop(910)) - Stopped o.e.j.w.WebAppContext@52ecc989{/,null,UNAVAILABLE}{/hddsDatanode}
2019-09-25 12:48:21,154 [ForkJoinPool.commonPool-worker-1] INFO  server.AbstractConnector (AbstractConnector.java:doStop(318)) - Stopped ServerConnector@756808cc{HTTP/1.1,[http/1.1]}{0.0.0.0:0}
2019-09-25 12:48:21,155 [ForkJoinPool.commonPool-worker-1] INFO  handler.ContextHandler (ContextHandler.java:doStop(910)) - Stopped o.e.j.s.ServletContextHandler@72c9ebfa{/static,jar:file:/home/user/.m2/repository/org/apache/hadoop/hadoop-hdds-container-service/0.5.0-SNAPSHOT/hadoop-hdds-container-service-0.5.0-SNAPSHOT.jar!/webapps/static,UNAVAILABLE}
2019-09-25 12:48:21,156 [ForkJoinPool.commonPool-worker-1] INFO  handler.ContextHandler (ContextHandler.java:doStop(910)) - Stopped o.e.j.s.ServletContextHandler@5bb8e6fc{/logs,file:///workdir/hadoop-ozone/integration-test/target/log,UNAVAILABLE}
2019-09-25 12:48:21,157 [main] INFO  ozone.MiniOzoneClusterImpl (MiniOzoneClusterImpl.java:stopSCM(392)) - Stopping the StorageContainerManager
2019-09-25 12:48:21,157 [main] INFO  server.StorageContainerManager (StorageContainerManager.java:stop(808)) - Stopping Replication Manager Service.
2019-09-25 12:48:21,157 [main] INFO  container.ReplicationManager (ReplicationManager.java:stop(203)) - Stopping Replication Monitor Thread.
2019-09-25 12:48:21,158 [main] INFO  server.StorageContainerManager (StorageContainerManager.java:stop(815)) - Stopping Lease Manager of the command watchers
2019-09-25 12:48:21,158 [main] INFO  server.StorageContainerManager (StorageContainerManager.java:stop(822)) - Stopping datanode service RPC server
2019-09-25 12:48:21,158 [main] INFO  server.SCMDatanodeProtocolServer (SCMDatanodeProtocolServer.java:stop(367)) - Stopping the RPC server for DataNodes
2019-09-25 12:48:21,158 [main] INFO  ipc.Server (Server.java:stop(3082)) - Stopping server on 45997
2019-09-25 12:48:21,161 [IPC Server listener on 45997] INFO  ipc.Server (Server.java:run(1185)) - Stopping IPC Server listener on 45997
2019-09-25 12:48:21,161 [IPC Server Responder] INFO  ipc.Server (Server.java:run(1319)) - Stopping IPC Server Responder
2019-09-25 12:48:21,204 [SCM Heartbeat Processing Thread - 0] WARN  node.NodeStateManager (NodeStateManager.java:scheduleNextHealthCheck(646)) - Current Thread is interrupted, shutting down HB processing thread for Node Manager.
2019-09-25 12:48:21,205 [main] INFO  server.StorageContainerManager (StorageContainerManager.java:stop(830)) - Stopping block service RPC server
2019-09-25 12:48:21,205 [main] INFO  server.SCMBlockProtocolServer (SCMBlockProtocolServer.java:stop(155)) - Stopping the RPC server for Block Protocol
2019-09-25 12:48:21,205 [main] INFO  ipc.Server (Server.java:stop(3082)) - Stopping server on 38785
2019-09-25 12:48:21,208 [main] INFO  server.StorageContainerManager (StorageContainerManager.java:stop(837)) - Stopping the StorageContainerLocationProtocol RPC server
2019-09-25 12:48:21,208 [main] INFO  server.SCMClientProtocolServer (SCMClientProtocolServer.java:stop(159)) - Stopping the RPC server for Client Protocol
2019-09-25 12:48:21,208 [IPC Server listener on 38785] INFO  ipc.Server (Server.java:run(1185)) - Stopping IPC Server listener on 38785
2019-09-25 12:48:21,209 [main] INFO  ipc.Server (Server.java:stop(3082)) - Stopping server on 45309
2019-09-25 12:48:21,208 [IPC Server Responder] INFO  ipc.Server (Server.java:run(1319)) - Stopping IPC Server Responder
2019-09-25 12:48:21,213 [IPC Server listener on 45309] INFO  ipc.Server (Server.java:run(1185)) - Stopping IPC Server listener on 45309
2019-09-25 12:48:21,213 [main] INFO  server.StorageContainerManager (StorageContainerManager.java:stop(844)) - Stopping Storage Container Manager HTTP server.
2019-09-25 12:48:21,213 [IPC Server Responder] INFO  ipc.Server (Server.java:run(1319)) - Stopping IPC Server Responder
2019-09-25 12:48:21,215 [main] INFO  handler.ContextHandler (ContextHandler.java:doStop(910)) - Stopped o.e.j.w.WebAppContext@6d7ad0f5{/,null,UNAVAILABLE}{/scm}
2019-09-25 12:48:21,216 [main] INFO  server.AbstractConnector (AbstractConnector.java:doStop(318)) - Stopped ServerConnector@30abf79c{HTTP/1.1,[http/1.1]}{0.0.0.0:0}
2019-09-25 12:48:21,216 [main] INFO  handler.ContextHandler (ContextHandler.java:doStop(910)) - Stopped o.e.j.s.ServletContextHandler@256bb5be{/static,file:///workdir/hadoop-ozone/integration-test/target/test-classes/webapps/static,UNAVAILABLE}
2019-09-25 12:48:21,216 [main] INFO  handler.ContextHandler (ContextHandler.java:doStop(910)) - Stopped o.e.j.s.ServletContextHandler@7e61e25c{/logs,file:///workdir/hadoop-ozone/integration-test/target/log,UNAVAILABLE}
2019-09-25 12:48:21,217 [main] INFO  server.StorageContainerManager (StorageContainerManager.java:stop(855)) - Stopping Block Manager Service.
2019-09-25 12:48:21,217 [main] INFO  utils.BackgroundService (BackgroundService.java:shutdown(148)) - Shutting down service SCMBlockDeletingService
2019-09-25 12:48:21,218 [main] INFO  utils.BackgroundService (BackgroundService.java:shutdown(148)) - Shutting down service SCMBlockDeletingService
2019-09-25 12:48:21,218 [main] INFO  server.StorageContainerManager (StorageContainerManager.java:stop(877)) - Stopping SCM Event Queue.
2019-09-25 12:48:21,224 [main] INFO  impl.MetricsSystemImpl (MetricsSystemImpl.java:stop(210)) - Stopping HddsDatanode metrics system...
2019-09-25 12:48:21,247 [main] INFO  impl.MetricsSystemImpl (MetricsSystemImpl.java:stop(216)) - HddsDatanode metrics system stopped.
]]></system-out>
    <system-err><![CDATA[Sep 25, 2019 12:47:58 PM org.apache.ratis.thirdparty.io.grpc.internal.ManagedChannelOrphanWrapper$ManagedChannelReference cleanQueue
SEVERE: *~*~*~ Channel ManagedChannelImpl{logId=2698, target=192.168.151.66:41095} was not shutdown properly!!! ~*~*~*
    Make sure to call shutdown()/shutdownNow() and wait until awaitTermination() returns true.
java.lang.RuntimeException: ManagedChannel allocation site
	at org.apache.ratis.thirdparty.io.grpc.internal.ManagedChannelOrphanWrapper$ManagedChannelReference.<init>(ManagedChannelOrphanWrapper.java:103)
	at org.apache.ratis.thirdparty.io.grpc.internal.ManagedChannelOrphanWrapper.<init>(ManagedChannelOrphanWrapper.java:53)
	at org.apache.ratis.thirdparty.io.grpc.internal.ManagedChannelOrphanWrapper.<init>(ManagedChannelOrphanWrapper.java:44)
	at org.apache.ratis.thirdparty.io.grpc.internal.AbstractManagedChannelImplBuilder.build(AbstractManagedChannelImplBuilder.java:411)
	at org.apache.ratis.grpc.client.GrpcClientProtocolClient.<init>(GrpcClientProtocolClient.java:127)
	at org.apache.ratis.grpc.client.GrpcClientRpc.lambda$new$0(GrpcClientRpc.java:55)
	at org.apache.ratis.util.PeerProxyMap$PeerAndProxy.lambda$getProxy$0(PeerProxyMap.java:61)
	at org.apache.ratis.util.LifeCycle.startAndTransition(LifeCycle.java:202)
	at org.apache.ratis.util.PeerProxyMap$PeerAndProxy.getProxy(PeerProxyMap.java:60)
	at org.apache.ratis.util.PeerProxyMap.getProxy(PeerProxyMap.java:108)
	at org.apache.ratis.grpc.client.GrpcClientRpc.sendRequestAsync(GrpcClientRpc.java:66)
	at org.apache.ratis.client.impl.OrderedAsync.sendRequest(OrderedAsync.java:208)
	at org.apache.ratis.client.impl.OrderedAsync.sendRequestWithRetry(OrderedAsync.java:169)
	at org.apache.ratis.util.SlidingWindow$Client.sendOrDelayRequest(SlidingWindow.java:278)
	at org.apache.ratis.util.SlidingWindow$Client.retry(SlidingWindow.java:294)
	at org.apache.ratis.client.impl.OrderedAsync.lambda$scheduleWithTimeout$7(OrderedAsync.java:195)
	at org.apache.ratis.util.TimeoutScheduler.lambda$onTimeout$0(TimeoutScheduler.java:113)
	at org.apache.ratis.util.TimeoutScheduler.lambda$onTimeout$1(TimeoutScheduler.java:133)
	at org.apache.ratis.util.LogUtils.runAndLog(LogUtils.java:50)
	at org.apache.ratis.util.LogUtils$1.run(LogUtils.java:91)
	at java.util.concurrent.Executors$RunnableAdapter.call(Executors.java:511)
	at java.util.concurrent.FutureTask.run(FutureTask.java:266)
	at java.util.concurrent.ScheduledThreadPoolExecutor$ScheduledFutureTask.access$201(ScheduledThreadPoolExecutor.java:180)
	at java.util.concurrent.ScheduledThreadPoolExecutor$ScheduledFutureTask.run(ScheduledThreadPoolExecutor.java:293)
	at java.util.concurrent.ThreadPoolExecutor.runWorker(ThreadPoolExecutor.java:1149)
	at java.util.concurrent.ThreadPoolExecutor$Worker.run(ThreadPoolExecutor.java:624)
	at java.lang.Thread.run(Thread.java:748)

Sep 25, 2019 12:47:58 PM org.apache.ratis.thirdparty.io.grpc.internal.ManagedChannelOrphanWrapper$ManagedChannelReference cleanQueue
SEVERE: *~*~*~ Channel ManagedChannelImpl{logId=2958, target=192.168.151.66:42485} was not shutdown properly!!! ~*~*~*
    Make sure to call shutdown()/shutdownNow() and wait until awaitTermination() returns true.
java.lang.RuntimeException: ManagedChannel allocation site
	at org.apache.ratis.thirdparty.io.grpc.internal.ManagedChannelOrphanWrapper$ManagedChannelReference.<init>(ManagedChannelOrphanWrapper.java:103)
	at org.apache.ratis.thirdparty.io.grpc.internal.ManagedChannelOrphanWrapper.<init>(ManagedChannelOrphanWrapper.java:53)
	at org.apache.ratis.thirdparty.io.grpc.internal.ManagedChannelOrphanWrapper.<init>(ManagedChannelOrphanWrapper.java:44)
	at org.apache.ratis.thirdparty.io.grpc.internal.AbstractManagedChannelImplBuilder.build(AbstractManagedChannelImplBuilder.java:411)
	at org.apache.ratis.grpc.client.GrpcClientProtocolClient.<init>(GrpcClientProtocolClient.java:127)
	at org.apache.ratis.grpc.client.GrpcClientRpc.lambda$new$0(GrpcClientRpc.java:55)
	at org.apache.ratis.util.PeerProxyMap$PeerAndProxy.lambda$getProxy$0(PeerProxyMap.java:61)
	at org.apache.ratis.util.LifeCycle.startAndTransition(LifeCycle.java:202)
	at org.apache.ratis.util.PeerProxyMap$PeerAndProxy.getProxy(PeerProxyMap.java:60)
	at org.apache.ratis.util.PeerProxyMap.getProxy(PeerProxyMap.java:108)
	at org.apache.ratis.grpc.client.GrpcClientRpc.sendRequestAsync(GrpcClientRpc.java:66)
	at org.apache.ratis.client.impl.OrderedAsync.sendRequest(OrderedAsync.java:208)
	at org.apache.ratis.client.impl.OrderedAsync.sendRequestWithRetry(OrderedAsync.java:169)
	at org.apache.ratis.util.SlidingWindow$Client.sendOrDelayRequest(SlidingWindow.java:278)
	at org.apache.ratis.util.SlidingWindow$Client.submitNewRequest(SlidingWindow.java:257)
	at org.apache.ratis.client.impl.OrderedAsync.send(OrderedAsync.java:155)
	at org.apache.ratis.client.impl.RaftClientImpl.sendAsync(RaftClientImpl.java:144)
	at org.apache.ratis.client.impl.RaftClientImpl.sendAsync(RaftClientImpl.java:124)
	at org.apache.hadoop.hdds.scm.XceiverClientRatis.sendRequestAsync(XceiverClientRatis.java:234)
	at org.apache.hadoop.hdds.scm.XceiverClientRatis.sendCommandAsync(XceiverClientRatis.java:332)
	at org.apache.hadoop.hdds.scm.storage.ContainerProtocolCalls.writeChunkAsync(ContainerProtocolCalls.java:310)
	at org.apache.hadoop.hdds.scm.storage.BlockOutputStream.writeChunkToContainer(BlockOutputStream.java:601)
	at org.apache.hadoop.hdds.scm.storage.BlockOutputStream.writeChunk(BlockOutputStream.java:459)
	at org.apache.hadoop.hdds.scm.storage.BlockOutputStream.writeOnRetry(BlockOutputStream.java:285)
	at org.apache.hadoop.ozone.client.io.BlockOutputStreamEntry.writeOnRetry(BlockOutputStreamEntry.java:200)
	at org.apache.hadoop.ozone.client.io.KeyOutputStream.handleWrite(KeyOutputStream.java:206)
	at org.apache.hadoop.ozone.client.io.KeyOutputStream.handleRetry(KeyOutputStream.java:375)
	at org.apache.hadoop.ozone.client.io.KeyOutputStream.handleException(KeyOutputStream.java:324)
	at org.apache.hadoop.ozone.client.io.KeyOutputStream.handleFlushOrClose(KeyOutputStream.java:449)
	at org.apache.hadoop.ozone.client.io.KeyOutputStream.handleWrite(KeyOutputStream.java:232)
	at org.apache.hadoop.ozone.client.io.KeyOutputStream.write(KeyOutputStream.java:190)
	at org.apache.hadoop.ozone.client.io.OzoneOutputStream.write(OzoneOutputStream.java:49)
	at java.io.OutputStream.write(OutputStream.java:75)
	at org.apache.hadoop.ozone.client.rpc.TestBlockOutputStreamWithFailures.testWatchForCommitWithSingleNodeRatis(TestBlockOutputStreamWithFailures.java:885)
	at sun.reflect.NativeMethodAccessorImpl.invoke0(Native Method)
	at sun.reflect.NativeMethodAccessorImpl.invoke(NativeMethodAccessorImpl.java:62)
	at sun.reflect.DelegatingMethodAccessorImpl.invoke(DelegatingMethodAccessorImpl.java:43)
	at java.lang.reflect.Method.invoke(Method.java:498)
	at org.junit.runners.model.FrameworkMethod$1.runReflectiveCall(FrameworkMethod.java:47)
	at org.junit.internal.runners.model.ReflectiveCallable.run(ReflectiveCallable.java:12)
	at org.junit.runners.model.FrameworkMethod.invokeExplosively(FrameworkMethod.java:44)
	at org.junit.internal.runners.statements.InvokeMethod.evaluate(InvokeMethod.java:17)
	at org.junit.internal.runners.statements.RunBefores.evaluate(RunBefores.java:26)
	at org.junit.internal.runners.statements.RunAfters.evaluate(RunAfters.java:27)
	at org.junit.runners.ParentRunner.runLeaf(ParentRunner.java:271)
	at org.junit.runners.BlockJUnit4ClassRunner.runChild(BlockJUnit4ClassRunner.java:70)
	at org.junit.runners.BlockJUnit4ClassRunner.runChild(BlockJUnit4ClassRunner.java:50)
	at org.junit.runners.ParentRunner$3.run(ParentRunner.java:238)
	at org.junit.runners.ParentRunner$1.schedule(ParentRunner.java:63)
	at org.junit.runners.ParentRunner.runChildren(ParentRunner.java:236)
	at org.junit.runners.ParentRunner.access$000(ParentRunner.java:53)
	at org.junit.runners.ParentRunner$2.evaluate(ParentRunner.java:229)
	at org.junit.runners.ParentRunner.run(ParentRunner.java:309)
	at org.apache.maven.surefire.junit4.JUnit4Provider.execute(JUnit4Provider.java:365)
	at org.apache.maven.surefire.junit4.JUnit4Provider.executeWithRerun(JUnit4Provider.java:273)
	at org.apache.maven.surefire.junit4.JUnit4Provider.executeTestSet(JUnit4Provider.java:238)
	at org.apache.maven.surefire.junit4.JUnit4Provider.invoke(JUnit4Provider.java:159)
	at org.apache.maven.surefire.booter.ForkedBooter.invokeProviderInSameClassLoader(ForkedBooter.java:384)
	at org.apache.maven.surefire.booter.ForkedBooter.runSuitesInProcess(ForkedBooter.java:345)
	at org.apache.maven.surefire.booter.ForkedBooter.execute(ForkedBooter.java:126)
	at org.apache.maven.surefire.booter.ForkedBooter.main(ForkedBooter.java:418)

Sep 25, 2019 12:47:58 PM org.apache.ratis.thirdparty.io.grpc.internal.ManagedChannelOrphanWrapper$ManagedChannelReference cleanQueue
SEVERE: *~*~*~ Channel ManagedChannelImpl{logId=2731, target=192.168.151.66:44339} was not shutdown properly!!! ~*~*~*
    Make sure to call shutdown()/shutdownNow() and wait until awaitTermination() returns true.
java.lang.RuntimeException: ManagedChannel allocation site
	at org.apache.ratis.thirdparty.io.grpc.internal.ManagedChannelOrphanWrapper$ManagedChannelReference.<init>(ManagedChannelOrphanWrapper.java:103)
	at org.apache.ratis.thirdparty.io.grpc.internal.ManagedChannelOrphanWrapper.<init>(ManagedChannelOrphanWrapper.java:53)
	at org.apache.ratis.thirdparty.io.grpc.internal.ManagedChannelOrphanWrapper.<init>(ManagedChannelOrphanWrapper.java:44)
	at org.apache.ratis.thirdparty.io.grpc.internal.AbstractManagedChannelImplBuilder.build(AbstractManagedChannelImplBuilder.java:411)
	at org.apache.hadoop.hdds.scm.XceiverClientGrpc.connectToDatanode(XceiverClientGrpc.java:181)
	at org.apache.hadoop.hdds.scm.XceiverClientGrpc.reconnect(XceiverClientGrpc.java:429)
	at org.apache.hadoop.hdds.scm.XceiverClientGrpc.sendCommandAsync(XceiverClientGrpc.java:378)
	at org.apache.hadoop.hdds.scm.XceiverClientGrpc.sendCommandWithRetry(XceiverClientGrpc.java:291)
	at org.apache.hadoop.hdds.scm.XceiverClientGrpc.sendCommandWithTraceIDAndRetry(XceiverClientGrpc.java:257)
	at org.apache.hadoop.hdds.scm.XceiverClientGrpc.sendCommand(XceiverClientGrpc.java:240)
	at org.apache.hadoop.hdds.scm.storage.ContainerProtocolCalls.getBlock(ContainerProtocolCalls.java:118)
	at org.apache.hadoop.hdds.scm.storage.BlockInputStream.getChunkInfos(BlockInputStream.java:167)
	at org.apache.hadoop.hdds.scm.storage.BlockInputStream.initialize(BlockInputStream.java:118)
	at org.apache.hadoop.hdds.scm.storage.BlockInputStream.read(BlockInputStream.java:222)
	at org.apache.hadoop.ozone.client.io.KeyInputStream.read(KeyInputStream.java:171)
	at org.apache.hadoop.ozone.client.io.OzoneInputStream.read(OzoneInputStream.java:47)
	at java.io.InputStream.read(InputStream.java:101)
	at org.apache.hadoop.ozone.container.ContainerTestHelper.validateData(ContainerTestHelper.java:714)
	at org.apache.hadoop.ozone.client.rpc.TestBlockOutputStreamWithFailures.validateData(TestBlockOutputStreamWithFailures.java:1216)
	at org.apache.hadoop.ozone.client.rpc.TestBlockOutputStreamWithFailures.testDatanodeFailureWithSingleNodeRatis(TestBlockOutputStreamWithFailures.java:1058)
	at sun.reflect.NativeMethodAccessorImpl.invoke0(Native Method)
	at sun.reflect.NativeMethodAccessorImpl.invoke(NativeMethodAccessorImpl.java:62)
	at sun.reflect.DelegatingMethodAccessorImpl.invoke(DelegatingMethodAccessorImpl.java:43)
	at java.lang.reflect.Method.invoke(Method.java:498)
	at org.junit.runners.model.FrameworkMethod$1.runReflectiveCall(FrameworkMethod.java:47)
	at org.junit.internal.runners.model.ReflectiveCallable.run(ReflectiveCallable.java:12)
	at org.junit.runners.model.FrameworkMethod.invokeExplosively(FrameworkMethod.java:44)
	at org.junit.internal.runners.statements.InvokeMethod.evaluate(InvokeMethod.java:17)
	at org.junit.internal.runners.statements.RunBefores.evaluate(RunBefores.java:26)
	at org.junit.internal.runners.statements.RunAfters.evaluate(RunAfters.java:27)
	at org.junit.runners.ParentRunner.runLeaf(ParentRunner.java:271)
	at org.junit.runners.BlockJUnit4ClassRunner.runChild(BlockJUnit4ClassRunner.java:70)
	at org.junit.runners.BlockJUnit4ClassRunner.runChild(BlockJUnit4ClassRunner.java:50)
	at org.junit.runners.ParentRunner$3.run(ParentRunner.java:238)
	at org.junit.runners.ParentRunner$1.schedule(ParentRunner.java:63)
	at org.junit.runners.ParentRunner.runChildren(ParentRunner.java:236)
	at org.junit.runners.ParentRunner.access$000(ParentRunner.java:53)
	at org.junit.runners.ParentRunner$2.evaluate(ParentRunner.java:229)
	at org.junit.runners.ParentRunner.run(ParentRunner.java:309)
	at org.apache.maven.surefire.junit4.JUnit4Provider.execute(JUnit4Provider.java:365)
	at org.apache.maven.surefire.junit4.JUnit4Provider.executeWithRerun(JUnit4Provider.java:273)
	at org.apache.maven.surefire.junit4.JUnit4Provider.executeTestSet(JUnit4Provider.java:238)
	at org.apache.maven.surefire.junit4.JUnit4Provider.invoke(JUnit4Provider.java:159)
	at org.apache.maven.surefire.booter.ForkedBooter.invokeProviderInSameClassLoader(ForkedBooter.java:384)
	at org.apache.maven.surefire.booter.ForkedBooter.runSuitesInProcess(ForkedBooter.java:345)
	at org.apache.maven.surefire.booter.ForkedBooter.execute(ForkedBooter.java:126)
	at org.apache.maven.surefire.booter.ForkedBooter.main(ForkedBooter.java:418)

Sep 25, 2019 12:47:58 PM org.apache.ratis.thirdparty.io.grpc.internal.ManagedChannelOrphanWrapper$ManagedChannelReference cleanQueue
SEVERE: *~*~*~ Channel ManagedChannelImpl{logId=2963, target=192.168.151.66:37137} was not shutdown properly!!! ~*~*~*
    Make sure to call shutdown()/shutdownNow() and wait until awaitTermination() returns true.
java.lang.RuntimeException: ManagedChannel allocation site
	at org.apache.ratis.thirdparty.io.grpc.internal.ManagedChannelOrphanWrapper$ManagedChannelReference.<init>(ManagedChannelOrphanWrapper.java:103)
	at org.apache.ratis.thirdparty.io.grpc.internal.ManagedChannelOrphanWrapper.<init>(ManagedChannelOrphanWrapper.java:53)
	at org.apache.ratis.thirdparty.io.grpc.internal.ManagedChannelOrphanWrapper.<init>(ManagedChannelOrphanWrapper.java:44)
	at org.apache.ratis.thirdparty.io.grpc.internal.AbstractManagedChannelImplBuilder.build(AbstractManagedChannelImplBuilder.java:411)
	at org.apache.hadoop.hdds.scm.XceiverClientGrpc.connectToDatanode(XceiverClientGrpc.java:181)
	at org.apache.hadoop.hdds.scm.XceiverClientGrpc.reconnect(XceiverClientGrpc.java:429)
	at org.apache.hadoop.hdds.scm.XceiverClientGrpc.sendCommandAsync(XceiverClientGrpc.java:378)
	at org.apache.hadoop.hdds.scm.XceiverClientGrpc.sendCommandWithRetry(XceiverClientGrpc.java:291)
	at org.apache.hadoop.hdds.scm.XceiverClientGrpc.sendCommandWithTraceIDAndRetry(XceiverClientGrpc.java:257)
	at org.apache.hadoop.hdds.scm.XceiverClientGrpc.sendCommand(XceiverClientGrpc.java:240)
	at org.apache.hadoop.hdds.scm.storage.ContainerProtocolCalls.getBlock(ContainerProtocolCalls.java:118)
	at org.apache.hadoop.hdds.scm.storage.BlockInputStream.getChunkInfos(BlockInputStream.java:167)
	at org.apache.hadoop.hdds.scm.storage.BlockInputStream.initialize(BlockInputStream.java:118)
	at org.apache.hadoop.hdds.scm.storage.BlockInputStream.read(BlockInputStream.java:222)
	at org.apache.hadoop.ozone.client.io.KeyInputStream.read(KeyInputStream.java:171)
	at org.apache.hadoop.ozone.client.io.OzoneInputStream.read(OzoneInputStream.java:47)
	at java.io.InputStream.read(InputStream.java:101)
	at org.apache.hadoop.ozone.container.ContainerTestHelper.validateData(ContainerTestHelper.java:714)
	at org.apache.hadoop.ozone.client.rpc.TestBlockOutputStreamWithFailures.validateData(TestBlockOutputStreamWithFailures.java:1216)
	at org.apache.hadoop.ozone.client.rpc.TestBlockOutputStreamWithFailures.testWatchForCommitWithSingleNodeRatis(TestBlockOutputStreamWithFailures.java:918)
	at sun.reflect.NativeMethodAccessorImpl.invoke0(Native Method)
	at sun.reflect.NativeMethodAccessorImpl.invoke(NativeMethodAccessorImpl.java:62)
	at sun.reflect.DelegatingMethodAccessorImpl.invoke(DelegatingMethodAccessorImpl.java:43)
	at java.lang.reflect.Method.invoke(Method.java:498)
	at org.junit.runners.model.FrameworkMethod$1.runReflectiveCall(FrameworkMethod.java:47)
	at org.junit.internal.runners.model.ReflectiveCallable.run(ReflectiveCallable.java:12)
	at org.junit.runners.model.FrameworkMethod.invokeExplosively(FrameworkMethod.java:44)
	at org.junit.internal.runners.statements.InvokeMethod.evaluate(InvokeMethod.java:17)
	at org.junit.internal.runners.statements.RunBefores.evaluate(RunBefores.java:26)
	at org.junit.internal.runners.statements.RunAfters.evaluate(RunAfters.java:27)
	at org.junit.runners.ParentRunner.runLeaf(ParentRunner.java:271)
	at org.junit.runners.BlockJUnit4ClassRunner.runChild(BlockJUnit4ClassRunner.java:70)
	at org.junit.runners.BlockJUnit4ClassRunner.runChild(BlockJUnit4ClassRunner.java:50)
	at org.junit.runners.ParentRunner$3.run(ParentRunner.java:238)
	at org.junit.runners.ParentRunner$1.schedule(ParentRunner.java:63)
	at org.junit.runners.ParentRunner.runChildren(ParentRunner.java:236)
	at org.junit.runners.ParentRunner.access$000(ParentRunner.java:53)
	at org.junit.runners.ParentRunner$2.evaluate(ParentRunner.java:229)
	at org.junit.runners.ParentRunner.run(ParentRunner.java:309)
	at org.apache.maven.surefire.junit4.JUnit4Provider.execute(JUnit4Provider.java:365)
	at org.apache.maven.surefire.junit4.JUnit4Provider.executeWithRerun(JUnit4Provider.java:273)
	at org.apache.maven.surefire.junit4.JUnit4Provider.executeTestSet(JUnit4Provider.java:238)
	at org.apache.maven.surefire.junit4.JUnit4Provider.invoke(JUnit4Provider.java:159)
	at org.apache.maven.surefire.booter.ForkedBooter.invokeProviderInSameClassLoader(ForkedBooter.java:384)
	at org.apache.maven.surefire.booter.ForkedBooter.runSuitesInProcess(ForkedBooter.java:345)
	at org.apache.maven.surefire.booter.ForkedBooter.execute(ForkedBooter.java:126)
	at org.apache.maven.surefire.booter.ForkedBooter.main(ForkedBooter.java:418)

Sep 25, 2019 12:47:58 PM org.apache.ratis.thirdparty.io.grpc.internal.ManagedChannelOrphanWrapper$ManagedChannelReference cleanQueue
SEVERE: *~*~*~ Channel ManagedChannelImpl{logId=2736, target=192.168.151.66:32824} was not shutdown properly!!! ~*~*~*
    Make sure to call shutdown()/shutdownNow() and wait until awaitTermination() returns true.
java.lang.RuntimeException: ManagedChannel allocation site
	at org.apache.ratis.thirdparty.io.grpc.internal.ManagedChannelOrphanWrapper$ManagedChannelReference.<init>(ManagedChannelOrphanWrapper.java:103)
	at org.apache.ratis.thirdparty.io.grpc.internal.ManagedChannelOrphanWrapper.<init>(ManagedChannelOrphanWrapper.java:53)
	at org.apache.ratis.thirdparty.io.grpc.internal.ManagedChannelOrphanWrapper.<init>(ManagedChannelOrphanWrapper.java:44)
	at org.apache.ratis.thirdparty.io.grpc.internal.AbstractManagedChannelImplBuilder.build(AbstractManagedChannelImplBuilder.java:411)
	at org.apache.hadoop.hdds.scm.XceiverClientGrpc.connectToDatanode(XceiverClientGrpc.java:181)
	at org.apache.hadoop.hdds.scm.XceiverClientGrpc.reconnect(XceiverClientGrpc.java:429)
	at org.apache.hadoop.hdds.scm.XceiverClientGrpc.sendCommandAsync(XceiverClientGrpc.java:378)
	at org.apache.hadoop.hdds.scm.XceiverClientGrpc.sendCommandWithRetry(XceiverClientGrpc.java:291)
	at org.apache.hadoop.hdds.scm.XceiverClientGrpc.sendCommandWithTraceIDAndRetry(XceiverClientGrpc.java:257)
	at org.apache.hadoop.hdds.scm.XceiverClientGrpc.sendCommand(XceiverClientGrpc.java:240)
	at org.apache.hadoop.hdds.scm.storage.ContainerProtocolCalls.getBlock(ContainerProtocolCalls.java:118)
	at org.apache.hadoop.hdds.scm.storage.BlockInputStream.getChunkInfos(BlockInputStream.java:167)
	at org.apache.hadoop.hdds.scm.storage.BlockInputStream.initialize(BlockInputStream.java:118)
	at org.apache.hadoop.hdds.scm.storage.BlockInputStream.read(BlockInputStream.java:222)
	at org.apache.hadoop.ozone.client.io.KeyInputStream.read(KeyInputStream.java:171)
	at org.apache.hadoop.ozone.client.io.OzoneInputStream.read(OzoneInputStream.java:47)
	at java.io.InputStream.read(InputStream.java:101)
	at org.apache.hadoop.ozone.container.ContainerTestHelper.validateData(ContainerTestHelper.java:714)
	at org.apache.hadoop.ozone.client.rpc.TestBlockOutputStreamWithFailures.validateData(TestBlockOutputStreamWithFailures.java:1216)
	at org.apache.hadoop.ozone.client.rpc.TestBlockOutputStreamWithFailures.testDatanodeFailureWithSingleNodeRatis(TestBlockOutputStreamWithFailures.java:1058)
	at sun.reflect.NativeMethodAccessorImpl.invoke0(Native Method)
	at sun.reflect.NativeMethodAccessorImpl.invoke(NativeMethodAccessorImpl.java:62)
	at sun.reflect.DelegatingMethodAccessorImpl.invoke(DelegatingMethodAccessorImpl.java:43)
	at java.lang.reflect.Method.invoke(Method.java:498)
	at org.junit.runners.model.FrameworkMethod$1.runReflectiveCall(FrameworkMethod.java:47)
	at org.junit.internal.runners.model.ReflectiveCallable.run(ReflectiveCallable.java:12)
	at org.junit.runners.model.FrameworkMethod.invokeExplosively(FrameworkMethod.java:44)
	at org.junit.internal.runners.statements.InvokeMethod.evaluate(InvokeMethod.java:17)
	at org.junit.internal.runners.statements.RunBefores.evaluate(RunBefores.java:26)
	at org.junit.internal.runners.statements.RunAfters.evaluate(RunAfters.java:27)
	at org.junit.runners.ParentRunner.runLeaf(ParentRunner.java:271)
	at org.junit.runners.BlockJUnit4ClassRunner.runChild(BlockJUnit4ClassRunner.java:70)
	at org.junit.runners.BlockJUnit4ClassRunner.runChild(BlockJUnit4ClassRunner.java:50)
	at org.junit.runners.ParentRunner$3.run(ParentRunner.java:238)
	at org.junit.runners.ParentRunner$1.schedule(ParentRunner.java:63)
	at org.junit.runners.ParentRunner.runChildren(ParentRunner.java:236)
	at org.junit.runners.ParentRunner.access$000(ParentRunner.java:53)
	at org.junit.runners.ParentRunner$2.evaluate(ParentRunner.java:229)
	at org.junit.runners.ParentRunner.run(ParentRunner.java:309)
	at org.apache.maven.surefire.junit4.JUnit4Provider.execute(JUnit4Provider.java:365)
	at org.apache.maven.surefire.junit4.JUnit4Provider.executeWithRerun(JUnit4Provider.java:273)
	at org.apache.maven.surefire.junit4.JUnit4Provider.executeTestSet(JUnit4Provider.java:238)
	at org.apache.maven.surefire.junit4.JUnit4Provider.invoke(JUnit4Provider.java:159)
	at org.apache.maven.surefire.booter.ForkedBooter.invokeProviderInSameClassLoader(ForkedBooter.java:384)
	at org.apache.maven.surefire.booter.ForkedBooter.runSuitesInProcess(ForkedBooter.java:345)
	at org.apache.maven.surefire.booter.ForkedBooter.execute(ForkedBooter.java:126)
	at org.apache.maven.surefire.booter.ForkedBooter.main(ForkedBooter.java:418)

Sep 25, 2019 12:47:58 PM org.apache.ratis.thirdparty.io.grpc.internal.ManagedChannelOrphanWrapper$ManagedChannelReference cleanQueue
SEVERE: *~*~*~ Channel ManagedChannelImpl{logId=2953, target=192.168.151.66:41913} was not shutdown properly!!! ~*~*~*
    Make sure to call shutdown()/shutdownNow() and wait until awaitTermination() returns true.
java.lang.RuntimeException: ManagedChannel allocation site
	at org.apache.ratis.thirdparty.io.grpc.internal.ManagedChannelOrphanWrapper$ManagedChannelReference.<init>(ManagedChannelOrphanWrapper.java:103)
	at org.apache.ratis.thirdparty.io.grpc.internal.ManagedChannelOrphanWrapper.<init>(ManagedChannelOrphanWrapper.java:53)
	at org.apache.ratis.thirdparty.io.grpc.internal.ManagedChannelOrphanWrapper.<init>(ManagedChannelOrphanWrapper.java:44)
	at org.apache.ratis.thirdparty.io.grpc.internal.AbstractManagedChannelImplBuilder.build(AbstractManagedChannelImplBuilder.java:411)
	at org.apache.ratis.grpc.client.GrpcClientProtocolClient.<init>(GrpcClientProtocolClient.java:127)
	at org.apache.ratis.grpc.client.GrpcClientRpc.lambda$new$0(GrpcClientRpc.java:55)
	at org.apache.ratis.util.PeerProxyMap$PeerAndProxy.lambda$getProxy$0(PeerProxyMap.java:61)
	at org.apache.ratis.util.LifeCycle.startAndTransition(LifeCycle.java:202)
	at org.apache.ratis.util.PeerProxyMap$PeerAndProxy.getProxy(PeerProxyMap.java:60)
	at org.apache.ratis.util.PeerProxyMap.getProxy(PeerProxyMap.java:108)
	at org.apache.ratis.grpc.client.GrpcClientRpc.sendRequestAsync(GrpcClientRpc.java:66)
	at org.apache.ratis.client.impl.OrderedAsync.sendRequest(OrderedAsync.java:208)
	at org.apache.ratis.client.impl.OrderedAsync.sendRequestWithRetry(OrderedAsync.java:169)
	at org.apache.ratis.util.SlidingWindow$Client.sendOrDelayRequest(SlidingWindow.java:278)
	at org.apache.ratis.util.SlidingWindow$Client.retry(SlidingWindow.java:294)
	at org.apache.ratis.client.impl.OrderedAsync.lambda$scheduleWithTimeout$7(OrderedAsync.java:195)
	at org.apache.ratis.util.TimeoutScheduler.lambda$onTimeout$0(TimeoutScheduler.java:113)
	at org.apache.ratis.util.TimeoutScheduler.lambda$onTimeout$1(TimeoutScheduler.java:133)
	at org.apache.ratis.util.LogUtils.runAndLog(LogUtils.java:50)
	at org.apache.ratis.util.LogUtils$1.run(LogUtils.java:91)
	at java.util.concurrent.Executors$RunnableAdapter.call(Executors.java:511)
	at java.util.concurrent.FutureTask.run(FutureTask.java:266)
	at java.util.concurrent.ScheduledThreadPoolExecutor$ScheduledFutureTask.access$201(ScheduledThreadPoolExecutor.java:180)
	at java.util.concurrent.ScheduledThreadPoolExecutor$ScheduledFutureTask.run(ScheduledThreadPoolExecutor.java:293)
	at java.util.concurrent.ThreadPoolExecutor.runWorker(ThreadPoolExecutor.java:1149)
	at java.util.concurrent.ThreadPoolExecutor$Worker.run(ThreadPoolExecutor.java:624)
	at java.lang.Thread.run(Thread.java:748)

Sep 25, 2019 12:47:58 PM org.apache.ratis.thirdparty.io.grpc.internal.ManagedChannelOrphanWrapper$ManagedChannelReference cleanQueue
SEVERE: *~*~*~ Channel ManagedChannelImpl{logId=2968, target=192.168.151.66:43748} was not shutdown properly!!! ~*~*~*
    Make sure to call shutdown()/shutdownNow() and wait until awaitTermination() returns true.
java.lang.RuntimeException: ManagedChannel allocation site
	at org.apache.ratis.thirdparty.io.grpc.internal.ManagedChannelOrphanWrapper$ManagedChannelReference.<init>(ManagedChannelOrphanWrapper.java:103)
	at org.apache.ratis.thirdparty.io.grpc.internal.ManagedChannelOrphanWrapper.<init>(ManagedChannelOrphanWrapper.java:53)
	at org.apache.ratis.thirdparty.io.grpc.internal.ManagedChannelOrphanWrapper.<init>(ManagedChannelOrphanWrapper.java:44)
	at org.apache.ratis.thirdparty.io.grpc.internal.AbstractManagedChannelImplBuilder.build(AbstractManagedChannelImplBuilder.java:411)
	at org.apache.hadoop.hdds.scm.XceiverClientGrpc.connectToDatanode(XceiverClientGrpc.java:181)
	at org.apache.hadoop.hdds.scm.XceiverClientGrpc.reconnect(XceiverClientGrpc.java:429)
	at org.apache.hadoop.hdds.scm.XceiverClientGrpc.sendCommandAsync(XceiverClientGrpc.java:378)
	at org.apache.hadoop.hdds.scm.XceiverClientGrpc.sendCommandWithRetry(XceiverClientGrpc.java:291)
	at org.apache.hadoop.hdds.scm.XceiverClientGrpc.sendCommandWithTraceIDAndRetry(XceiverClientGrpc.java:257)
	at org.apache.hadoop.hdds.scm.XceiverClientGrpc.sendCommand(XceiverClientGrpc.java:240)
	at org.apache.hadoop.hdds.scm.storage.ContainerProtocolCalls.getBlock(ContainerProtocolCalls.java:118)
	at org.apache.hadoop.hdds.scm.storage.BlockInputStream.getChunkInfos(BlockInputStream.java:167)
	at org.apache.hadoop.hdds.scm.storage.BlockInputStream.initialize(BlockInputStream.java:118)
	at org.apache.hadoop.hdds.scm.storage.BlockInputStream.read(BlockInputStream.java:222)
	at org.apache.hadoop.ozone.client.io.KeyInputStream.read(KeyInputStream.java:171)
	at org.apache.hadoop.ozone.client.io.OzoneInputStream.read(OzoneInputStream.java:47)
	at java.io.InputStream.read(InputStream.java:101)
	at org.apache.hadoop.ozone.container.ContainerTestHelper.validateData(ContainerTestHelper.java:714)
	at org.apache.hadoop.ozone.client.rpc.TestBlockOutputStreamWithFailures.validateData(TestBlockOutputStreamWithFailures.java:1216)
	at org.apache.hadoop.ozone.client.rpc.TestBlockOutputStreamWithFailures.testWatchForCommitWithSingleNodeRatis(TestBlockOutputStreamWithFailures.java:918)
	at sun.reflect.NativeMethodAccessorImpl.invoke0(Native Method)
	at sun.reflect.NativeMethodAccessorImpl.invoke(NativeMethodAccessorImpl.java:62)
	at sun.reflect.DelegatingMethodAccessorImpl.invoke(DelegatingMethodAccessorImpl.java:43)
	at java.lang.reflect.Method.invoke(Method.java:498)
	at org.junit.runners.model.FrameworkMethod$1.runReflectiveCall(FrameworkMethod.java:47)
	at org.junit.internal.runners.model.ReflectiveCallable.run(ReflectiveCallable.java:12)
	at org.junit.runners.model.FrameworkMethod.invokeExplosively(FrameworkMethod.java:44)
	at org.junit.internal.runners.statements.InvokeMethod.evaluate(InvokeMethod.java:17)
	at org.junit.internal.runners.statements.RunBefores.evaluate(RunBefores.java:26)
	at org.junit.internal.runners.statements.RunAfters.evaluate(RunAfters.java:27)
	at org.junit.runners.ParentRunner.runLeaf(ParentRunner.java:271)
	at org.junit.runners.BlockJUnit4ClassRunner.runChild(BlockJUnit4ClassRunner.java:70)
	at org.junit.runners.BlockJUnit4ClassRunner.runChild(BlockJUnit4ClassRunner.java:50)
	at org.junit.runners.ParentRunner$3.run(ParentRunner.java:238)
	at org.junit.runners.ParentRunner$1.schedule(ParentRunner.java:63)
	at org.junit.runners.ParentRunner.runChildren(ParentRunner.java:236)
	at org.junit.runners.ParentRunner.access$000(ParentRunner.java:53)
	at org.junit.runners.ParentRunner$2.evaluate(ParentRunner.java:229)
	at org.junit.runners.ParentRunner.run(ParentRunner.java:309)
	at org.apache.maven.surefire.junit4.JUnit4Provider.execute(JUnit4Provider.java:365)
	at org.apache.maven.surefire.junit4.JUnit4Provider.executeWithRerun(JUnit4Provider.java:273)
	at org.apache.maven.surefire.junit4.JUnit4Provider.executeTestSet(JUnit4Provider.java:238)
	at org.apache.maven.surefire.junit4.JUnit4Provider.invoke(JUnit4Provider.java:159)
	at org.apache.maven.surefire.booter.ForkedBooter.invokeProviderInSameClassLoader(ForkedBooter.java:384)
	at org.apache.maven.surefire.booter.ForkedBooter.runSuitesInProcess(ForkedBooter.java:345)
	at org.apache.maven.surefire.booter.ForkedBooter.execute(ForkedBooter.java:126)
	at org.apache.maven.surefire.booter.ForkedBooter.main(ForkedBooter.java:418)

Sep 25, 2019 12:47:58 PM org.apache.ratis.thirdparty.io.grpc.internal.ManagedChannelOrphanWrapper$ManagedChannelReference cleanQueue
SEVERE: *~*~*~ Channel ManagedChannelImpl{logId=2702, target=192.168.151.66:34057} was not shutdown properly!!! ~*~*~*
    Make sure to call shutdown()/shutdownNow() and wait until awaitTermination() returns true.
java.lang.RuntimeException: ManagedChannel allocation site
	at org.apache.ratis.thirdparty.io.grpc.internal.ManagedChannelOrphanWrapper$ManagedChannelReference.<init>(ManagedChannelOrphanWrapper.java:103)
	at org.apache.ratis.thirdparty.io.grpc.internal.ManagedChannelOrphanWrapper.<init>(ManagedChannelOrphanWrapper.java:53)
	at org.apache.ratis.thirdparty.io.grpc.internal.ManagedChannelOrphanWrapper.<init>(ManagedChannelOrphanWrapper.java:44)
	at org.apache.ratis.thirdparty.io.grpc.internal.AbstractManagedChannelImplBuilder.build(AbstractManagedChannelImplBuilder.java:411)
	at org.apache.ratis.grpc.client.GrpcClientProtocolClient.<init>(GrpcClientProtocolClient.java:127)
	at org.apache.ratis.grpc.client.GrpcClientRpc.lambda$new$0(GrpcClientRpc.java:55)
	at org.apache.ratis.util.PeerProxyMap$PeerAndProxy.lambda$getProxy$0(PeerProxyMap.java:61)
	at org.apache.ratis.util.LifeCycle.startAndTransition(LifeCycle.java:202)
	at org.apache.ratis.util.PeerProxyMap$PeerAndProxy.getProxy(PeerProxyMap.java:60)
	at org.apache.ratis.util.PeerProxyMap.getProxy(PeerProxyMap.java:108)
	at org.apache.ratis.grpc.client.GrpcClientRpc.sendRequestAsync(GrpcClientRpc.java:66)
	at org.apache.ratis.client.impl.OrderedAsync.sendRequest(OrderedAsync.java:208)
	at org.apache.ratis.client.impl.OrderedAsync.sendRequestWithRetry(OrderedAsync.java:169)
	at org.apache.ratis.util.SlidingWindow$Client.sendOrDelayRequest(SlidingWindow.java:278)
	at org.apache.ratis.util.SlidingWindow$Client.submitNewRequest(SlidingWindow.java:257)
	at org.apache.ratis.client.impl.OrderedAsync.send(OrderedAsync.java:155)
	at org.apache.ratis.client.impl.RaftClientImpl.sendAsync(RaftClientImpl.java:144)
	at org.apache.ratis.client.impl.RaftClientImpl.sendAsync(RaftClientImpl.java:124)
	at org.apache.hadoop.hdds.scm.XceiverClientRatis.sendRequestAsync(XceiverClientRatis.java:234)
	at org.apache.hadoop.hdds.scm.XceiverClientRatis.sendCommandAsync(XceiverClientRatis.java:332)
	at org.apache.hadoop.hdds.scm.storage.ContainerProtocolCalls.writeChunkAsync(ContainerProtocolCalls.java:310)
	at org.apache.hadoop.hdds.scm.storage.BlockOutputStream.writeChunkToContainer(BlockOutputStream.java:601)
	at org.apache.hadoop.hdds.scm.storage.BlockOutputStream.writeChunk(BlockOutputStream.java:459)
	at org.apache.hadoop.hdds.scm.storage.BlockOutputStream.writeOnRetry(BlockOutputStream.java:285)
	at org.apache.hadoop.ozone.client.io.BlockOutputStreamEntry.writeOnRetry(BlockOutputStreamEntry.java:200)
	at org.apache.hadoop.ozone.client.io.KeyOutputStream.handleWrite(KeyOutputStream.java:206)
	at org.apache.hadoop.ozone.client.io.KeyOutputStream.handleRetry(KeyOutputStream.java:375)
	at org.apache.hadoop.ozone.client.io.KeyOutputStream.handleException(KeyOutputStream.java:324)
	at org.apache.hadoop.ozone.client.io.KeyOutputStream.handleFlushOrClose(KeyOutputStream.java:449)
	at org.apache.hadoop.ozone.client.io.KeyOutputStream.handleWrite(KeyOutputStream.java:232)
	at org.apache.hadoop.ozone.client.io.KeyOutputStream.write(KeyOutputStream.java:190)
	at org.apache.hadoop.ozone.client.io.OzoneOutputStream.write(OzoneOutputStream.java:49)
	at java.io.OutputStream.write(OutputStream.java:75)
	at org.apache.hadoop.ozone.client.rpc.TestBlockOutputStreamWithFailures.testDatanodeFailureWithSingleNodeRatis(TestBlockOutputStreamWithFailures.java:1021)
	at sun.reflect.NativeMethodAccessorImpl.invoke0(Native Method)
	at sun.reflect.NativeMethodAccessorImpl.invoke(NativeMethodAccessorImpl.java:62)
	at sun.reflect.DelegatingMethodAccessorImpl.invoke(DelegatingMethodAccessorImpl.java:43)
	at java.lang.reflect.Method.invoke(Method.java:498)
	at org.junit.runners.model.FrameworkMethod$1.runReflectiveCall(FrameworkMethod.java:47)
	at org.junit.internal.runners.model.ReflectiveCallable.run(ReflectiveCallable.java:12)
	at org.junit.runners.model.FrameworkMethod.invokeExplosively(FrameworkMethod.java:44)
	at org.junit.internal.runners.statements.InvokeMethod.evaluate(InvokeMethod.java:17)
	at org.junit.internal.runners.statements.RunBefores.evaluate(RunBefores.java:26)
	at org.junit.internal.runners.statements.RunAfters.evaluate(RunAfters.java:27)
	at org.junit.runners.ParentRunner.runLeaf(ParentRunner.java:271)
	at org.junit.runners.BlockJUnit4ClassRunner.runChild(BlockJUnit4ClassRunner.java:70)
	at org.junit.runners.BlockJUnit4ClassRunner.runChild(BlockJUnit4ClassRunner.java:50)
	at org.junit.runners.ParentRunner$3.run(ParentRunner.java:238)
	at org.junit.runners.ParentRunner$1.schedule(ParentRunner.java:63)
	at org.junit.runners.ParentRunner.runChildren(ParentRunner.java:236)
	at org.junit.runners.ParentRunner.access$000(ParentRunner.java:53)
	at org.junit.runners.ParentRunner$2.evaluate(ParentRunner.java:229)
	at org.junit.runners.ParentRunner.run(ParentRunner.java:309)
	at org.apache.maven.surefire.junit4.JUnit4Provider.execute(JUnit4Provider.java:365)
	at org.apache.maven.surefire.junit4.JUnit4Provider.executeWithRerun(JUnit4Provider.java:273)
	at org.apache.maven.surefire.junit4.JUnit4Provider.executeTestSet(JUnit4Provider.java:238)
	at org.apache.maven.surefire.junit4.JUnit4Provider.invoke(JUnit4Provider.java:159)
	at org.apache.maven.surefire.booter.ForkedBooter.invokeProviderInSameClassLoader(ForkedBooter.java:384)
	at org.apache.maven.surefire.booter.ForkedBooter.runSuitesInProcess(ForkedBooter.java:345)
	at org.apache.maven.surefire.booter.ForkedBooter.execute(ForkedBooter.java:126)
	at org.apache.maven.surefire.booter.ForkedBooter.main(ForkedBooter.java:418)

Sep 25, 2019 12:48:10 PM org.apache.ratis.thirdparty.io.grpc.internal.SerializingExecutor run
SEVERE: Exception while executing runnable org.apache.ratis.thirdparty.io.grpc.internal.ServerImpl$JumpToApplicationThreadServerStreamListener$1Closed@4597333d
org.apache.ratis.thirdparty.io.grpc.StatusRuntimeException: CANCELLED: call already cancelled
	at org.apache.ratis.thirdparty.io.grpc.Status.asRuntimeException(Status.java:517)
	at org.apache.ratis.thirdparty.io.grpc.stub.ServerCalls$ServerCallStreamObserverImpl.onCompleted(ServerCalls.java:356)
	at org.apache.ratis.grpc.server.GrpcServerProtocolService$ServerRequestStreamObserver.onError(GrpcServerProtocolService.java:121)
	at org.apache.ratis.thirdparty.io.grpc.stub.ServerCalls$StreamingServerCallHandler$StreamingServerCallListener.onCancel(ServerCalls.java:269)
	at org.apache.ratis.thirdparty.io.grpc.internal.ServerCallImpl$ServerStreamListenerImpl.closed(ServerCallImpl.java:293)
	at org.apache.ratis.thirdparty.io.grpc.internal.ServerImpl$JumpToApplicationThreadServerStreamListener$1Closed.runInContext(ServerImpl.java:741)
	at org.apache.ratis.thirdparty.io.grpc.internal.ContextRunnable.run(ContextRunnable.java:37)
	at org.apache.ratis.thirdparty.io.grpc.internal.SerializingExecutor.run(SerializingExecutor.java:123)
	at java.util.concurrent.ThreadPoolExecutor.runWorker(ThreadPoolExecutor.java:1149)
	at java.util.concurrent.ThreadPoolExecutor$Worker.run(ThreadPoolExecutor.java:624)
	at java.lang.Thread.run(Thread.java:748)

Sep 25, 2019 12:48:16 PM org.apache.ratis.thirdparty.io.grpc.internal.SerializingExecutor run
SEVERE: Exception while executing runnable org.apache.ratis.thirdparty.io.grpc.internal.ServerImpl$JumpToApplicationThreadServerStreamListener$1Closed@59830797
org.apache.ratis.thirdparty.io.grpc.StatusRuntimeException: CANCELLED: call already cancelled
	at org.apache.ratis.thirdparty.io.grpc.Status.asRuntimeException(Status.java:517)
	at org.apache.ratis.thirdparty.io.grpc.stub.ServerCalls$ServerCallStreamObserverImpl.onCompleted(ServerCalls.java:356)
	at org.apache.ratis.grpc.server.GrpcServerProtocolService$ServerRequestStreamObserver.onError(GrpcServerProtocolService.java:121)
	at org.apache.ratis.thirdparty.io.grpc.stub.ServerCalls$StreamingServerCallHandler$StreamingServerCallListener.onCancel(ServerCalls.java:269)
	at org.apache.ratis.thirdparty.io.grpc.internal.ServerCallImpl$ServerStreamListenerImpl.closed(ServerCallImpl.java:293)
	at org.apache.ratis.thirdparty.io.grpc.internal.ServerImpl$JumpToApplicationThreadServerStreamListener$1Closed.runInContext(ServerImpl.java:741)
	at org.apache.ratis.thirdparty.io.grpc.internal.ContextRunnable.run(ContextRunnable.java:37)
	at org.apache.ratis.thirdparty.io.grpc.internal.SerializingExecutor.run(SerializingExecutor.java:123)
	at java.util.concurrent.ThreadPoolExecutor.runWorker(ThreadPoolExecutor.java:1149)
	at java.util.concurrent.ThreadPoolExecutor$Worker.run(ThreadPoolExecutor.java:624)
	at java.lang.Thread.run(Thread.java:748)

]]></system-err>
  </testcase>
  <testcase name="testFailureWithPrimeSizedData" classname="org.apache.hadoop.ozone.client.rpc.TestBlockOutputStreamWithFailures" time="35.317"/>
  <testcase name="testWatchForCommitWithCloseContainerException" classname="org.apache.hadoop.ozone.client.rpc.TestBlockOutputStreamWithFailures" time="34.229"/>
  <testcase name="testExceptionDuringClose" classname="org.apache.hadoop.ozone.client.rpc.TestBlockOutputStreamWithFailures" time="40.264">
    <failure message="expected:&lt;96&gt; but was:&lt;98&gt;" type="java.lang.AssertionError"><![CDATA[java.lang.AssertionError: expected:<96> but was:<98>
	at org.junit.Assert.fail(Assert.java:88)
	at org.junit.Assert.failNotEquals(Assert.java:743)
	at org.junit.Assert.assertEquals(Assert.java:118)
	at org.junit.Assert.assertEquals(Assert.java:555)
	at org.junit.Assert.assertEquals(Assert.java:542)
	at org.apache.hadoop.ozone.client.rpc.TestBlockOutputStreamWithFailures.testExceptionDuringClose(TestBlockOutputStreamWithFailures.java:769)
	at sun.reflect.NativeMethodAccessorImpl.invoke0(Native Method)
	at sun.reflect.NativeMethodAccessorImpl.invoke(NativeMethodAccessorImpl.java:62)
	at sun.reflect.DelegatingMethodAccessorImpl.invoke(DelegatingMethodAccessorImpl.java:43)
	at java.lang.reflect.Method.invoke(Method.java:498)
	at org.junit.runners.model.FrameworkMethod$1.runReflectiveCall(FrameworkMethod.java:47)
	at org.junit.internal.runners.model.ReflectiveCallable.run(ReflectiveCallable.java:12)
	at org.junit.runners.model.FrameworkMethod.invokeExplosively(FrameworkMethod.java:44)
	at org.junit.internal.runners.statements.InvokeMethod.evaluate(InvokeMethod.java:17)
	at org.junit.internal.runners.statements.RunBefores.evaluate(RunBefores.java:26)
	at org.junit.internal.runners.statements.RunAfters.evaluate(RunAfters.java:27)
	at org.junit.runners.ParentRunner.runLeaf(ParentRunner.java:271)
	at org.junit.runners.BlockJUnit4ClassRunner.runChild(BlockJUnit4ClassRunner.java:70)
	at org.junit.runners.BlockJUnit4ClassRunner.runChild(BlockJUnit4ClassRunner.java:50)
	at org.junit.runners.ParentRunner$3.run(ParentRunner.java:238)
	at org.junit.runners.ParentRunner$1.schedule(ParentRunner.java:63)
	at org.junit.runners.ParentRunner.runChildren(ParentRunner.java:236)
	at org.junit.runners.ParentRunner.access$000(ParentRunner.java:53)
	at org.junit.runners.ParentRunner$2.evaluate(ParentRunner.java:229)
	at org.junit.runners.ParentRunner.run(ParentRunner.java:309)
	at org.apache.maven.surefire.junit4.JUnit4Provider.execute(JUnit4Provider.java:365)
	at org.apache.maven.surefire.junit4.JUnit4Provider.executeWithRerun(JUnit4Provider.java:273)
	at org.apache.maven.surefire.junit4.JUnit4Provider.executeTestSet(JUnit4Provider.java:238)
	at org.apache.maven.surefire.junit4.JUnit4Provider.invoke(JUnit4Provider.java:159)
	at org.apache.maven.surefire.booter.ForkedBooter.invokeProviderInSameClassLoader(ForkedBooter.java:384)
	at org.apache.maven.surefire.booter.ForkedBooter.runSuitesInProcess(ForkedBooter.java:345)
	at org.apache.maven.surefire.booter.ForkedBooter.execute(ForkedBooter.java:126)
	at org.apache.maven.surefire.booter.ForkedBooter.main(ForkedBooter.java:418)
]]></failure>
    <system-out><![CDATA[2019-09-25 12:49:30,864 [main] WARN  server.ServerUtils (ServerUtils.java:getScmDbDir(145)) - ozone.scm.db.dirs is not configured. We recommend adding this setting. Falling back to ozone.metadata.dirs instead.
2019-09-25 12:49:30,878 [main] WARN  server.ServerUtils (ServerUtils.java:getScmDbDir(145)) - ozone.scm.db.dirs is not configured. We recommend adding this setting. Falling back to ozone.metadata.dirs instead.
2019-09-25 12:49:30,878 [main] WARN  server.ServerUtils (ServerUtils.java:getScmDbDir(145)) - ozone.scm.db.dirs is not configured. We recommend adding this setting. Falling back to ozone.metadata.dirs instead.
2019-09-25 12:49:30,879 [main] INFO  db.DBStoreBuilder (DBStoreBuilder.java:addTable(110)) - using custom profile for table: deletedBlocks
2019-09-25 12:49:30,879 [main] INFO  db.DBStoreBuilder (DBStoreBuilder.java:processTables(161)) - Using default column profile:DBProfile.DISK for Table:deletedBlocks
2019-09-25 12:49:30,879 [main] INFO  db.DBStoreBuilder (DBStoreBuilder.java:addTable(110)) - using custom profile for table: validCerts
2019-09-25 12:49:30,879 [main] INFO  db.DBStoreBuilder (DBStoreBuilder.java:processTables(161)) - Using default column profile:DBProfile.DISK for Table:validCerts
2019-09-25 12:49:30,880 [main] INFO  db.DBStoreBuilder (DBStoreBuilder.java:addTable(110)) - using custom profile for table: revokedCerts
2019-09-25 12:49:30,880 [main] INFO  db.DBStoreBuilder (DBStoreBuilder.java:processTables(161)) - Using default column profile:DBProfile.DISK for Table:revokedCerts
2019-09-25 12:49:30,880 [main] INFO  db.DBStoreBuilder (DBStoreBuilder.java:addTable(110)) - using custom profile for table: default
2019-09-25 12:49:30,880 [main] INFO  db.DBStoreBuilder (DBStoreBuilder.java:processTables(167)) - Using default column profile:DBProfile.DISK for Table:default
2019-09-25 12:49:30,880 [main] INFO  db.DBStoreBuilder (DBStoreBuilder.java:getDbProfile(198)) - Using default options. DBProfile.DISK
2019-09-25 12:49:31,190 [main] INFO  net.NodeSchemaLoader (NodeSchemaLoader.java:loadSchemaFromFile(125)) - Loading file from sun.misc.CompoundEnumeration@21e484b
2019-09-25 12:49:31,190 [main] INFO  net.NodeSchemaLoader (NodeSchemaLoader.java:loadSchema(171)) - Loading network topology layer schema file
2019-09-25 12:49:31,195 [main] INFO  node.SCMNodeManager (SCMNodeManager.java:<init>(114)) - Entering startup safe mode.
2019-09-25 12:49:31,196 [main] INFO  algorithms.ContainerPlacementPolicyFactory (ContainerPlacementPolicyFactory.java:getPolicy(57)) - Create container placement policy of type org.apache.hadoop.hdds.scm.container.placement.algorithms.SCMContainerPlacementRandom
2019-09-25 12:49:31,196 [main] WARN  server.ServerUtils (ServerUtils.java:getScmDbDir(145)) - ozone.scm.db.dirs is not configured. We recommend adding this setting. Falling back to ozone.metadata.dirs instead.
2019-09-25 12:49:31,288 [main] INFO  pipeline.SCMPipelineManager (SCMPipelineManager.java:initializePipelineState(132)) - No pipeline exists in current db
2019-09-25 12:49:31,288 [main] WARN  server.ServerUtils (ServerUtils.java:getScmDbDir(145)) - ozone.scm.db.dirs is not configured. We recommend adding this setting. Falling back to ozone.metadata.dirs instead.
2019-09-25 12:49:31,350 [main] WARN  events.EventQueue (EventQueue.java:fireEvent(183)) - No event handler registered for event TypedEvent{payloadType=SafeModeStatus, name='SafeModeStatus'}
2019-09-25 12:49:31,351 [main] INFO  ipc.CallQueueManager (CallQueueManager.java:<init>(84)) - Using callQueue: class java.util.concurrent.LinkedBlockingQueue, queueCapacity: 2000, scheduler: class org.apache.hadoop.ipc.DefaultRpcScheduler, ipcBackoff: false.
2019-09-25 12:49:31,352 [Socket Reader #1 for port 34595] INFO  ipc.Server (Server.java:run(1074)) - Starting Socket Reader #1 for port 34595
2019-09-25 12:49:31,354 [main] INFO  ipc.CallQueueManager (CallQueueManager.java:<init>(84)) - Using callQueue: class java.util.concurrent.LinkedBlockingQueue, queueCapacity: 2000, scheduler: class org.apache.hadoop.ipc.DefaultRpcScheduler, ipcBackoff: false.
2019-09-25 12:49:31,355 [Socket Reader #1 for port 40461] INFO  ipc.Server (Server.java:run(1074)) - Starting Socket Reader #1 for port 40461
2019-09-25 12:49:31,360 [main] INFO  ipc.CallQueueManager (CallQueueManager.java:<init>(84)) - Using callQueue: class java.util.concurrent.LinkedBlockingQueue, queueCapacity: 2000, scheduler: class org.apache.hadoop.ipc.DefaultRpcScheduler, ipcBackoff: false.
2019-09-25 12:49:31,361 [Socket Reader #1 for port 39401] INFO  ipc.Server (Server.java:run(1074)) - Starting Socket Reader #1 for port 39401
2019-09-25 12:49:31,363 [main] INFO  hdfs.DFSUtil (DFSUtil.java:httpServerTemplateForNNAndJN(1641)) - Starting Web-server for scm at: http://0.0.0.0:0
2019-09-25 12:49:31,365 [main] INFO  server.AuthenticationFilter (AuthenticationFilter.java:constructSecretProvider(240)) - Unable to initialize FileSignerSecretProvider, falling back to use random secrets.
2019-09-25 12:49:31,365 [main] WARN  http.HttpRequestLog (HttpRequestLog.java:getRequestLog(97)) - Jetty request log can only be enabled using Log4j
2019-09-25 12:49:31,367 [main] INFO  http.HttpServer2 (HttpServer2.java:addGlobalFilter(975)) - Added global filter 'safety' (class=org.apache.hadoop.http.HttpServer2$QuotingInputFilter)
2019-09-25 12:49:31,368 [main] INFO  http.HttpServer2 (HttpServer2.java:addFilter(948)) - Added filter static_user_filter (class=org.apache.hadoop.http.lib.StaticUserWebFilter$StaticUserFilter) to context scm
2019-09-25 12:49:31,368 [main] INFO  http.HttpServer2 (HttpServer2.java:addFilter(958)) - Added filter static_user_filter (class=org.apache.hadoop.http.lib.StaticUserWebFilter$StaticUserFilter) to context logs
2019-09-25 12:49:31,368 [main] INFO  http.HttpServer2 (HttpServer2.java:addFilter(958)) - Added filter static_user_filter (class=org.apache.hadoop.http.lib.StaticUserWebFilter$StaticUserFilter) to context static
2019-09-25 12:49:31,369 [main] INFO  server.StorageContainerManager (StorageContainerManager.java:start(770)) - StorageContainerLocationProtocol RPC server is listening at /0.0.0.0:39401
2019-09-25 12:49:31,371 [main] WARN  impl.MetricsConfig (MetricsConfig.java:loadFirst(134)) - Cannot locate configuration: tried hadoop-metrics2-storagecontainermanager.properties,hadoop-metrics2.properties
2019-09-25 12:49:31,372 [main] INFO  impl.MetricsSystemImpl (MetricsSystemImpl.java:startTimer(374)) - Scheduled Metric snapshot period at 10 second(s).
2019-09-25 12:49:31,372 [main] INFO  impl.MetricsSystemImpl (MetricsSystemImpl.java:start(191)) - StorageContainerManager metrics system started
2019-09-25 12:49:31,571 [main] WARN  impl.MetricsSystemImpl (MetricsSystemImpl.java:register(276)) - Sink prometheus already exists!
2019-09-25 12:49:31,637 [main] INFO  server.SCMClientProtocolServer (SCMClientProtocolServer.java:start(151)) - RPC server for Client  is listening at /0.0.0.0:39401
2019-09-25 12:49:31,637 [IPC Server Responder] INFO  ipc.Server (Server.java:run(1314)) - IPC Server Responder: starting
2019-09-25 12:49:31,639 [IPC Server listener on 39401] INFO  ipc.Server (Server.java:run(1153)) - IPC Server listener on 39401: starting
2019-09-25 12:49:31,643 [main] INFO  server.StorageContainerManager (StorageContainerManager.java:start(780)) - ScmBlockLocationProtocol RPC server is listening at /0.0.0.0:40461
2019-09-25 12:49:31,643 [main] INFO  server.SCMBlockProtocolServer (SCMBlockProtocolServer.java:start(146)) - RPC server for Block Protocol is listening at /0.0.0.0:40461
2019-09-25 12:49:31,644 [IPC Server Responder] INFO  ipc.Server (Server.java:run(1314)) - IPC Server Responder: starting
2019-09-25 12:49:31,644 [IPC Server listener on 40461] INFO  ipc.Server (Server.java:run(1153)) - IPC Server listener on 40461: starting
2019-09-25 12:49:31,648 [main] INFO  server.StorageContainerManager (StorageContainerManager.java:start(784)) - ScmDatanodeProtocl RPC server is listening at /0.0.0.0:34595
2019-09-25 12:49:31,648 [main] INFO  server.SCMDatanodeProtocolServer (SCMDatanodeProtocolServer.java:start(191)) - RPC server for DataNodes is listening at /0.0.0.0:34595
2019-09-25 12:49:31,648 [IPC Server Responder] INFO  ipc.Server (Server.java:run(1314)) - IPC Server Responder: starting
2019-09-25 12:49:31,648 [IPC Server listener on 34595] INFO  ipc.Server (Server.java:run(1153)) - IPC Server listener on 34595: starting
2019-09-25 12:49:31,654 [main] INFO  http.HttpServer2 (HttpServer2.java:bindListener(1191)) - Jetty bound to port 32891
2019-09-25 12:49:31,654 [main] INFO  server.Server (Server.java:doStart(351)) - jetty-9.3.25.v20180904, build timestamp: 2018-09-04T21:11:46Z, git hash: 3ce520221d0240229c862b122d2b06c12a625732
2019-09-25 12:49:31,656 [main] INFO  handler.ContextHandler (ContextHandler.java:doStart(781)) - Started o.e.j.s.ServletContextHandler@4beae1e3{/logs,file:///workdir/hadoop-ozone/integration-test/target/log,AVAILABLE}
2019-09-25 12:49:31,656 [main] INFO  handler.ContextHandler (ContextHandler.java:doStart(781)) - Started o.e.j.s.ServletContextHandler@32e697ac{/static,file:///workdir/hadoop-ozone/integration-test/target/test-classes/webapps/static,AVAILABLE}
2019-09-25 12:49:31,666 [main] INFO  handler.ContextHandler (ContextHandler.java:doStart(781)) - Started o.e.j.w.WebAppContext@d3cce46{/,file:///workdir/hadoop-ozone/integration-test/target/test-classes/webapps/scm/,AVAILABLE}{/scm}
2019-09-25 12:49:31,666 [main] INFO  server.AbstractConnector (AbstractConnector.java:doStart(278)) - Started ServerConnector@30eedaa4{HTTP/1.1,[http/1.1]}{0.0.0.0:32891}
2019-09-25 12:49:31,668 [main] INFO  server.Server (Server.java:doStart(419)) - Started @700523ms
2019-09-25 12:49:31,668 [main] WARN  impl.MetricsSystemImpl (MetricsSystemImpl.java:register(276)) - Sink prometheus already exists!
2019-09-25 12:49:31,669 [main] INFO  server.BaseHttpServer (BaseHttpServer.java:updateConnectorAddress(215)) - HTTP server of SCM is listening at http://0.0.0.0:32891
2019-09-25 12:49:31,669 [main] WARN  server.ServerUtils (ServerUtils.java:getDBPath(222)) - ozone.om.db.dirs is not configured. We recommend adding this setting. Falling back to ozone.metadata.dirs instead.
2019-09-25 12:49:31,675 [org.apache.hadoop.util.JvmPauseMonitor$Monitor@7f6b57f2] INFO  util.JvmPauseMonitor (JvmPauseMonitor.java:run(188)) - Starting JVM pause monitor
2019-09-25 12:49:31,688 [main] WARN  server.ServerUtils (ServerUtils.java:getDBPath(222)) - ozone.om.db.dirs is not configured. We recommend adding this setting. Falling back to ozone.metadata.dirs instead.
2019-09-25 12:49:31,688 [main] WARN  server.ServerUtils (ServerUtils.java:getDBPath(222)) - ozone.om.db.dirs is not configured. We recommend adding this setting. Falling back to ozone.metadata.dirs instead.
2019-09-25 12:49:31,689 [main] INFO  om.OzoneManager (OzoneManager.java:setOMNodeDetails(652)) - OM Service ID is not set. Setting it to the default ID: omServiceIdDefault
2019-09-25 12:49:31,689 [main] INFO  om.OzoneManager (OzoneManager.java:setOMNodeDetails(658)) - OM Node ID is not set. Setting it to the OmStorage's OmID: 4f8a0cd5-502e-43f9-837f-033cc72b83cf
2019-09-25 12:49:31,689 [main] INFO  om.OzoneManager (OzoneManager.java:loadOMHAConfigs(609)) - Found matching OM address with OMServiceId: null, OMNodeId: null, RPC Address: localhost:0 and Ratis port: 9872
2019-09-25 12:49:31,697 [main] WARN  server.ServerUtils (ServerUtils.java:getDBPath(222)) - ozone.om.db.dirs is not configured. We recommend adding this setting. Falling back to ozone.metadata.dirs instead.
2019-09-25 12:49:31,697 [main] INFO  db.DBStoreBuilder (DBStoreBuilder.java:addTable(110)) - using custom profile for table: userTable
2019-09-25 12:49:31,697 [main] INFO  db.DBStoreBuilder (DBStoreBuilder.java:processTables(161)) - Using default column profile:DBProfile.DISK for Table:userTable
2019-09-25 12:49:31,698 [main] INFO  db.DBStoreBuilder (DBStoreBuilder.java:addTable(110)) - using custom profile for table: volumeTable
2019-09-25 12:49:31,698 [main] INFO  db.DBStoreBuilder (DBStoreBuilder.java:processTables(161)) - Using default column profile:DBProfile.DISK for Table:volumeTable
2019-09-25 12:49:31,698 [main] INFO  db.DBStoreBuilder (DBStoreBuilder.java:addTable(110)) - using custom profile for table: bucketTable
2019-09-25 12:49:31,698 [main] INFO  db.DBStoreBuilder (DBStoreBuilder.java:processTables(161)) - Using default column profile:DBProfile.DISK for Table:bucketTable
2019-09-25 12:49:31,698 [main] INFO  db.DBStoreBuilder (DBStoreBuilder.java:addTable(110)) - using custom profile for table: keyTable
2019-09-25 12:49:31,698 [main] INFO  db.DBStoreBuilder (DBStoreBuilder.java:processTables(161)) - Using default column profile:DBProfile.DISK for Table:keyTable
2019-09-25 12:49:31,699 [main] INFO  db.DBStoreBuilder (DBStoreBuilder.java:addTable(110)) - using custom profile for table: deletedTable
2019-09-25 12:49:31,699 [main] INFO  db.DBStoreBuilder (DBStoreBuilder.java:processTables(161)) - Using default column profile:DBProfile.DISK for Table:deletedTable
2019-09-25 12:49:31,699 [main] INFO  db.DBStoreBuilder (DBStoreBuilder.java:addTable(110)) - using custom profile for table: openKeyTable
2019-09-25 12:49:31,699 [main] INFO  db.DBStoreBuilder (DBStoreBuilder.java:processTables(161)) - Using default column profile:DBProfile.DISK for Table:openKeyTable
2019-09-25 12:49:31,699 [main] INFO  db.DBStoreBuilder (DBStoreBuilder.java:addTable(110)) - using custom profile for table: s3Table
2019-09-25 12:49:31,699 [main] INFO  db.DBStoreBuilder (DBStoreBuilder.java:processTables(161)) - Using default column profile:DBProfile.DISK for Table:s3Table
2019-09-25 12:49:31,700 [main] INFO  db.DBStoreBuilder (DBStoreBuilder.java:addTable(110)) - using custom profile for table: multipartInfoTable
2019-09-25 12:49:31,700 [main] INFO  db.DBStoreBuilder (DBStoreBuilder.java:processTables(161)) - Using default column profile:DBProfile.DISK for Table:multipartInfoTable
2019-09-25 12:49:31,700 [main] INFO  db.DBStoreBuilder (DBStoreBuilder.java:addTable(110)) - using custom profile for table: dTokenTable
2019-09-25 12:49:31,700 [main] INFO  db.DBStoreBuilder (DBStoreBuilder.java:processTables(161)) - Using default column profile:DBProfile.DISK for Table:dTokenTable
2019-09-25 12:49:31,701 [main] INFO  db.DBStoreBuilder (DBStoreBuilder.java:addTable(110)) - using custom profile for table: s3SecretTable
2019-09-25 12:49:31,701 [main] INFO  db.DBStoreBuilder (DBStoreBuilder.java:processTables(161)) - Using default column profile:DBProfile.DISK for Table:s3SecretTable
2019-09-25 12:49:31,701 [main] INFO  db.DBStoreBuilder (DBStoreBuilder.java:addTable(110)) - using custom profile for table: prefixTable
2019-09-25 12:49:31,701 [main] INFO  db.DBStoreBuilder (DBStoreBuilder.java:processTables(161)) - Using default column profile:DBProfile.DISK for Table:prefixTable
2019-09-25 12:49:31,702 [main] INFO  db.DBStoreBuilder (DBStoreBuilder.java:addTable(110)) - using custom profile for table: default
2019-09-25 12:49:31,702 [main] INFO  db.DBStoreBuilder (DBStoreBuilder.java:processTables(167)) - Using default column profile:DBProfile.DISK for Table:default
2019-09-25 12:49:31,702 [main] INFO  db.DBStoreBuilder (DBStoreBuilder.java:getDbProfile(198)) - Using default options. DBProfile.DISK
2019-09-25 12:49:32,110 [main] INFO  ipc.CallQueueManager (CallQueueManager.java:<init>(84)) - Using callQueue: class java.util.concurrent.LinkedBlockingQueue, queueCapacity: 2000, scheduler: class org.apache.hadoop.ipc.DefaultRpcScheduler, ipcBackoff: false.
2019-09-25 12:49:32,111 [Socket Reader #1 for port 41593] INFO  ipc.Server (Server.java:run(1074)) - Starting Socket Reader #1 for port 41593
2019-09-25 12:49:32,124 [main] INFO  om.OzoneManager (OzoneManager.java:start(1243)) - OzoneManager RPC server is listening at localhost/127.0.0.1:41593
2019-09-25 12:49:32,124 [main] INFO  impl.MetricsSystemImpl (MetricsSystemImpl.java:init(158)) - OzoneManager metrics system started (again)
2019-09-25 12:49:32,125 [IPC Server Responder] INFO  ipc.Server (Server.java:run(1314)) - IPC Server Responder: starting
2019-09-25 12:49:32,125 [IPC Server listener on 41593] INFO  ipc.Server (Server.java:run(1153)) - IPC Server listener on 41593: starting
2019-09-25 12:49:32,134 [main] INFO  hdfs.DFSUtil (DFSUtil.java:httpServerTemplateForNNAndJN(1641)) - Starting Web-server for ozoneManager at: http://0.0.0.0:0
2019-09-25 12:49:32,136 [main] INFO  server.AuthenticationFilter (AuthenticationFilter.java:constructSecretProvider(240)) - Unable to initialize FileSignerSecretProvider, falling back to use random secrets.
2019-09-25 12:49:32,136 [main] WARN  http.HttpRequestLog (HttpRequestLog.java:getRequestLog(97)) - Jetty request log can only be enabled using Log4j
2019-09-25 12:49:32,137 [main] INFO  http.HttpServer2 (HttpServer2.java:addGlobalFilter(975)) - Added global filter 'safety' (class=org.apache.hadoop.http.HttpServer2$QuotingInputFilter)
2019-09-25 12:49:32,138 [main] INFO  http.HttpServer2 (HttpServer2.java:addFilter(948)) - Added filter static_user_filter (class=org.apache.hadoop.http.lib.StaticUserWebFilter$StaticUserFilter) to context ozoneManager
2019-09-25 12:49:32,138 [main] INFO  http.HttpServer2 (HttpServer2.java:addFilter(958)) - Added filter static_user_filter (class=org.apache.hadoop.http.lib.StaticUserWebFilter$StaticUserFilter) to context logs
2019-09-25 12:49:32,138 [main] INFO  http.HttpServer2 (HttpServer2.java:addFilter(958)) - Added filter static_user_filter (class=org.apache.hadoop.http.lib.StaticUserWebFilter$StaticUserFilter) to context static
2019-09-25 12:49:32,138 [main] INFO  http.HttpServer2 (HttpServer2.java:bindListener(1191)) - Jetty bound to port 34425
2019-09-25 12:49:32,139 [main] INFO  server.Server (Server.java:doStart(351)) - jetty-9.3.25.v20180904, build timestamp: 2018-09-04T21:11:46Z, git hash: 3ce520221d0240229c862b122d2b06c12a625732
2019-09-25 12:49:32,140 [main] INFO  handler.ContextHandler (ContextHandler.java:doStart(781)) - Started o.e.j.s.ServletContextHandler@77bb916f{/logs,file:///workdir/hadoop-ozone/integration-test/target/log,AVAILABLE}
2019-09-25 12:49:32,141 [main] INFO  handler.ContextHandler (ContextHandler.java:doStart(781)) - Started o.e.j.s.ServletContextHandler@521ba38f{/static,file:///workdir/hadoop-ozone/integration-test/target/test-classes/webapps/static,AVAILABLE}
2019-09-25 12:49:32,144 [main] INFO  handler.ContextHandler (ContextHandler.java:doStart(781)) - Started o.e.j.w.WebAppContext@6f2d3391{/,file:///workdir/hadoop-ozone/integration-test/target/test-classes/webapps/ozoneManager/,AVAILABLE}{/ozoneManager}
2019-09-25 12:49:32,144 [main] INFO  server.AbstractConnector (AbstractConnector.java:doStart(278)) - Started ServerConnector@71b0289b{HTTP/1.1,[http/1.1]}{0.0.0.0:34425}
2019-09-25 12:49:32,149 [main] INFO  server.Server (Server.java:doStart(419)) - Started @701004ms
2019-09-25 12:49:32,149 [main] WARN  impl.MetricsSystemImpl (MetricsSystemImpl.java:register(276)) - Sink prometheus already exists!
2019-09-25 12:49:32,150 [main] INFO  server.BaseHttpServer (BaseHttpServer.java:updateConnectorAddress(215)) - HTTP server of OZONEMANAGER is listening at http://0.0.0.0:34425
2019-09-25 12:49:32,161 [main] INFO  impl.MetricsSystemImpl (MetricsSystemImpl.java:init(158)) - HddsDatanode metrics system started (again)
2019-09-25 12:49:32,166 [main] INFO  ozone.HddsDatanodeService (HddsDatanodeService.java:start(184)) - HddsDatanodeService host:pr-hdds-2175-t596l-953197546 ip:192.168.151.66
2019-09-25 12:49:32,173 [main] INFO  volume.HddsVolume (HddsVolume.java:<init>(176)) - Creating Volume: /workdir/hadoop-ozone/integration-test/target/test-dir/MiniOzoneClusterImpl-1154d014-32d6-4989-b40a-3009b5f24e17/datanode-0/data/containers/hdds of  storage type : DISK and capacity : 1482555576320
2019-09-25 12:49:32,174 [main] INFO  volume.VolumeSet (VolumeSet.java:initializeVolumeSet(170)) - Added Volume : /workdir/hadoop-ozone/integration-test/target/test-dir/MiniOzoneClusterImpl-1154d014-32d6-4989-b40a-3009b5f24e17/datanode-0/data/containers/hdds to VolumeSet
2019-09-25 12:49:32,174 [main] INFO  volume.ThrottledAsyncChecker (ThrottledAsyncChecker.java:schedule(139)) - Scheduling a check for org.apache.hadoop.ozone.container.common.volume.HddsVolume@1a0d313
2019-09-25 12:49:32,174 [main] INFO  volume.HddsVolumeChecker (HddsVolumeChecker.java:checkAllVolumes(202)) - Scheduled health check for volume org.apache.hadoop.ozone.container.common.volume.HddsVolume@1a0d313
2019-09-25 12:49:32,190 [main] INFO  impl.RaftServerProxy (ConfUtils.java:logGet(43)) - raft.rpc.type = GRPC (default)
2019-09-25 12:49:32,190 [main] INFO  grpc.GrpcFactory (GrpcFactory.java:checkPooledByteBufAllocatorUseCacheForAllThreads(45)) - PERFORMANCE WARNING: useCacheForAllThreads is true that may cause Netty to create a lot garbage objects and, as a result, trigger GC.
	It is recommended to disable useCacheForAllThreads by setting -Dorg.apache.ratis.thirdparty.io.netty.allocator.useCacheForAllThreads=false in command line.
2019-09-25 12:49:32,190 [main] INFO  grpc.GrpcConfigKeys$Server (ConfUtils.java:logGet(43)) - raft.grpc.server.port = 0 (default)
2019-09-25 12:49:32,190 [main] INFO  server.GrpcService (ConfUtils.java:logGet(43)) - raft.grpc.message.size.max = 33570816 (custom)
2019-09-25 12:49:32,190 [main] INFO  server.RaftServerConfigKeys (ConfUtils.java:logGet(43)) - raft.server.log.appender.buffer.byte-limit = 33554432 (custom)
2019-09-25 12:49:32,191 [main] INFO  server.GrpcService (ConfUtils.java:logGet(43)) - raft.grpc.flow.control.window = 1MB (=1048576) (default)
2019-09-25 12:49:32,191 [main] INFO  server.RaftServerConfigKeys (ConfUtils.java:logGet(43)) - raft.server.rpc.request.timeout = 3000ms (default)
2019-09-25 12:49:32,191 [main] INFO  server.RaftServerConfigKeys (ConfUtils.java:logGet(43)) - raft.server.storage.dir = [/workdir/hadoop-ozone/integration-test/target/test-dir/MiniOzoneClusterImpl-1154d014-32d6-4989-b40a-3009b5f24e17/datanode-0/data/ratis] (custom)
2019-09-25 12:49:32,193 [main] INFO  hdfs.DFSUtil (DFSUtil.java:httpServerTemplateForNNAndJN(1641)) - Starting Web-server for hddsDatanode at: http://0.0.0.0:0
2019-09-25 12:49:32,194 [main] INFO  server.AuthenticationFilter (AuthenticationFilter.java:constructSecretProvider(240)) - Unable to initialize FileSignerSecretProvider, falling back to use random secrets.
2019-09-25 12:49:32,194 [main] WARN  http.HttpRequestLog (HttpRequestLog.java:getRequestLog(97)) - Jetty request log can only be enabled using Log4j
2019-09-25 12:49:32,195 [main] INFO  http.HttpServer2 (HttpServer2.java:addGlobalFilter(975)) - Added global filter 'safety' (class=org.apache.hadoop.http.HttpServer2$QuotingInputFilter)
2019-09-25 12:49:32,196 [main] INFO  http.HttpServer2 (HttpServer2.java:addFilter(948)) - Added filter static_user_filter (class=org.apache.hadoop.http.lib.StaticUserWebFilter$StaticUserFilter) to context hddsDatanode
2019-09-25 12:49:32,196 [main] INFO  http.HttpServer2 (HttpServer2.java:addFilter(958)) - Added filter static_user_filter (class=org.apache.hadoop.http.lib.StaticUserWebFilter$StaticUserFilter) to context logs
2019-09-25 12:49:32,196 [main] INFO  http.HttpServer2 (HttpServer2.java:addFilter(958)) - Added filter static_user_filter (class=org.apache.hadoop.http.lib.StaticUserWebFilter$StaticUserFilter) to context static
2019-09-25 12:49:32,197 [main] INFO  http.HttpServer2 (HttpServer2.java:bindListener(1191)) - Jetty bound to port 40857
2019-09-25 12:49:32,197 [main] INFO  server.Server (Server.java:doStart(351)) - jetty-9.3.25.v20180904, build timestamp: 2018-09-04T21:11:46Z, git hash: 3ce520221d0240229c862b122d2b06c12a625732
2019-09-25 12:49:32,198 [main] INFO  handler.ContextHandler (ContextHandler.java:doStart(781)) - Started o.e.j.s.ServletContextHandler@678586f0{/logs,file:///workdir/hadoop-ozone/integration-test/target/log,AVAILABLE}
2019-09-25 12:49:32,199 [main] INFO  handler.ContextHandler (ContextHandler.java:doStart(781)) - Started o.e.j.s.ServletContextHandler@586728e8{/static,jar:file:/home/user/.m2/repository/org/apache/hadoop/hadoop-hdds-container-service/0.5.0-SNAPSHOT/hadoop-hdds-container-service-0.5.0-SNAPSHOT.jar!/webapps/static,AVAILABLE}
2019-09-25 12:49:32,226 [main] INFO  handler.ContextHandler (ContextHandler.java:doStart(781)) - Started o.e.j.w.WebAppContext@5ed65e4b{/,file:///tmp/jetty-0.0.0.0-40857-hddsDatanode-_-any-9221330132766932512.dir/webapp/,AVAILABLE}{/hddsDatanode}
2019-09-25 12:49:32,226 [main] INFO  server.AbstractConnector (AbstractConnector.java:doStart(278)) - Started ServerConnector@481ed95c{HTTP/1.1,[http/1.1]}{0.0.0.0:40857}
2019-09-25 12:49:32,229 [main] INFO  server.Server (Server.java:doStart(419)) - Started @701084ms
2019-09-25 12:49:32,229 [main] WARN  impl.MetricsSystemImpl (MetricsSystemImpl.java:register(276)) - Sink prometheus already exists!
2019-09-25 12:49:32,230 [main] INFO  server.BaseHttpServer (BaseHttpServer.java:updateConnectorAddress(215)) - HTTP server of HDDSDATANODE is listening at http://0.0.0.0:40857
2019-09-25 12:49:32,230 [main] INFO  impl.MetricsSystemImpl (MetricsSystemImpl.java:init(158)) - HddsDatanode metrics system started (again)
2019-09-25 12:49:32,235 [org.apache.hadoop.util.JvmPauseMonitor$Monitor@1db27b93] INFO  util.JvmPauseMonitor (JvmPauseMonitor.java:run(188)) - Starting JVM pause monitor
2019-09-25 12:49:32,236 [main] INFO  ozone.HddsDatanodeService (HddsDatanodeService.java:start(184)) - HddsDatanodeService host:pr-hdds-2175-t596l-953197546 ip:192.168.151.66
2019-09-25 12:49:32,237 [Datanode State Machine Thread - 0] INFO  datanode.InitDatanodeState (InitDatanodeState.java:persistContainerDatanodeDetails(140)) - DatanodeDetails is persisted to /workdir/hadoop-ozone/integration-test/target/test-dir/MiniOzoneClusterImpl-1154d014-32d6-4989-b40a-3009b5f24e17/datanode-0/meta/datanode.id
2019-09-25 12:49:32,242 [main] INFO  volume.HddsVolume (HddsVolume.java:<init>(176)) - Creating Volume: /workdir/hadoop-ozone/integration-test/target/test-dir/MiniOzoneClusterImpl-1154d014-32d6-4989-b40a-3009b5f24e17/datanode-1/data/containers/hdds of  storage type : DISK and capacity : 1482555576320
2019-09-25 12:49:32,242 [main] INFO  volume.VolumeSet (VolumeSet.java:initializeVolumeSet(170)) - Added Volume : /workdir/hadoop-ozone/integration-test/target/test-dir/MiniOzoneClusterImpl-1154d014-32d6-4989-b40a-3009b5f24e17/datanode-1/data/containers/hdds to VolumeSet
2019-09-25 12:49:32,242 [main] INFO  volume.ThrottledAsyncChecker (ThrottledAsyncChecker.java:schedule(139)) - Scheduling a check for org.apache.hadoop.ozone.container.common.volume.HddsVolume@48632f69
2019-09-25 12:49:32,243 [main] INFO  volume.HddsVolumeChecker (HddsVolumeChecker.java:checkAllVolumes(202)) - Scheduled health check for volume org.apache.hadoop.ozone.container.common.volume.HddsVolume@48632f69
2019-09-25 12:49:32,257 [main] INFO  impl.RaftServerProxy (ConfUtils.java:logGet(43)) - raft.rpc.type = GRPC (default)
2019-09-25 12:49:32,257 [main] INFO  grpc.GrpcFactory (GrpcFactory.java:checkPooledByteBufAllocatorUseCacheForAllThreads(45)) - PERFORMANCE WARNING: useCacheForAllThreads is true that may cause Netty to create a lot garbage objects and, as a result, trigger GC.
	It is recommended to disable useCacheForAllThreads by setting -Dorg.apache.ratis.thirdparty.io.netty.allocator.useCacheForAllThreads=false in command line.
2019-09-25 12:49:32,257 [main] INFO  grpc.GrpcConfigKeys$Server (ConfUtils.java:logGet(43)) - raft.grpc.server.port = 0 (default)
2019-09-25 12:49:32,257 [main] INFO  server.GrpcService (ConfUtils.java:logGet(43)) - raft.grpc.message.size.max = 33570816 (custom)
2019-09-25 12:49:32,257 [main] INFO  server.RaftServerConfigKeys (ConfUtils.java:logGet(43)) - raft.server.log.appender.buffer.byte-limit = 33554432 (custom)
2019-09-25 12:49:32,258 [main] INFO  server.GrpcService (ConfUtils.java:logGet(43)) - raft.grpc.flow.control.window = 1MB (=1048576) (default)
2019-09-25 12:49:32,258 [main] INFO  server.RaftServerConfigKeys (ConfUtils.java:logGet(43)) - raft.server.rpc.request.timeout = 3000ms (default)
2019-09-25 12:49:32,258 [main] INFO  server.RaftServerConfigKeys (ConfUtils.java:logGet(43)) - raft.server.storage.dir = [/workdir/hadoop-ozone/integration-test/target/test-dir/MiniOzoneClusterImpl-1154d014-32d6-4989-b40a-3009b5f24e17/datanode-1/data/ratis] (custom)
2019-09-25 12:49:32,259 [main] INFO  hdfs.DFSUtil (DFSUtil.java:httpServerTemplateForNNAndJN(1641)) - Starting Web-server for hddsDatanode at: http://0.0.0.0:0
2019-09-25 12:49:32,260 [main] INFO  server.AuthenticationFilter (AuthenticationFilter.java:constructSecretProvider(240)) - Unable to initialize FileSignerSecretProvider, falling back to use random secrets.
2019-09-25 12:49:32,261 [main] WARN  http.HttpRequestLog (HttpRequestLog.java:getRequestLog(97)) - Jetty request log can only be enabled using Log4j
2019-09-25 12:49:32,262 [main] INFO  http.HttpServer2 (HttpServer2.java:addGlobalFilter(975)) - Added global filter 'safety' (class=org.apache.hadoop.http.HttpServer2$QuotingInputFilter)
2019-09-25 12:49:32,262 [main] INFO  http.HttpServer2 (HttpServer2.java:addFilter(948)) - Added filter static_user_filter (class=org.apache.hadoop.http.lib.StaticUserWebFilter$StaticUserFilter) to context hddsDatanode
2019-09-25 12:49:32,262 [main] INFO  http.HttpServer2 (HttpServer2.java:addFilter(958)) - Added filter static_user_filter (class=org.apache.hadoop.http.lib.StaticUserWebFilter$StaticUserFilter) to context static
2019-09-25 12:49:32,262 [main] INFO  http.HttpServer2 (HttpServer2.java:addFilter(958)) - Added filter static_user_filter (class=org.apache.hadoop.http.lib.StaticUserWebFilter$StaticUserFilter) to context logs
2019-09-25 12:49:32,263 [main] INFO  http.HttpServer2 (HttpServer2.java:bindListener(1191)) - Jetty bound to port 40792
2019-09-25 12:49:32,263 [main] INFO  server.Server (Server.java:doStart(351)) - jetty-9.3.25.v20180904, build timestamp: 2018-09-04T21:11:46Z, git hash: 3ce520221d0240229c862b122d2b06c12a625732
2019-09-25 12:49:32,265 [main] INFO  handler.ContextHandler (ContextHandler.java:doStart(781)) - Started o.e.j.s.ServletContextHandler@2913ca3e{/logs,file:///workdir/hadoop-ozone/integration-test/target/log,AVAILABLE}
2019-09-25 12:49:32,265 [main] INFO  handler.ContextHandler (ContextHandler.java:doStart(781)) - Started o.e.j.s.ServletContextHandler@42ecc554{/static,jar:file:/home/user/.m2/repository/org/apache/hadoop/hadoop-hdds-container-service/0.5.0-SNAPSHOT/hadoop-hdds-container-service-0.5.0-SNAPSHOT.jar!/webapps/static,AVAILABLE}
2019-09-25 12:49:32,292 [main] INFO  handler.ContextHandler (ContextHandler.java:doStart(781)) - Started o.e.j.w.WebAppContext@4403bff8{/,file:///tmp/jetty-0.0.0.0-40792-hddsDatanode-_-any-2834080750779305130.dir/webapp/,AVAILABLE}{/hddsDatanode}
2019-09-25 12:49:32,292 [main] INFO  server.AbstractConnector (AbstractConnector.java:doStart(278)) - Started ServerConnector@261275ae{HTTP/1.1,[http/1.1]}{0.0.0.0:40792}
2019-09-25 12:49:32,292 [main] INFO  server.Server (Server.java:doStart(419)) - Started @701148ms
2019-09-25 12:49:32,294 [main] WARN  impl.MetricsSystemImpl (MetricsSystemImpl.java:register(276)) - Sink prometheus already exists!
2019-09-25 12:49:32,295 [main] INFO  server.BaseHttpServer (BaseHttpServer.java:updateConnectorAddress(215)) - HTTP server of HDDSDATANODE is listening at http://0.0.0.0:40792
2019-09-25 12:49:32,295 [main] INFO  impl.MetricsSystemImpl (MetricsSystemImpl.java:init(158)) - HddsDatanode metrics system started (again)
2019-09-25 12:49:32,301 [org.apache.hadoop.util.JvmPauseMonitor$Monitor@6c2dabef] INFO  util.JvmPauseMonitor (JvmPauseMonitor.java:run(188)) - Starting JVM pause monitor
2019-09-25 12:49:32,302 [main] INFO  ozone.HddsDatanodeService (HddsDatanodeService.java:start(184)) - HddsDatanodeService host:pr-hdds-2175-t596l-953197546 ip:192.168.151.66
2019-09-25 12:49:32,303 [Datanode State Machine Thread - 0] INFO  datanode.InitDatanodeState (InitDatanodeState.java:persistContainerDatanodeDetails(140)) - DatanodeDetails is persisted to /workdir/hadoop-ozone/integration-test/target/test-dir/MiniOzoneClusterImpl-1154d014-32d6-4989-b40a-3009b5f24e17/datanode-1/meta/datanode.id
2019-09-25 12:49:32,308 [main] INFO  volume.HddsVolume (HddsVolume.java:<init>(176)) - Creating Volume: /workdir/hadoop-ozone/integration-test/target/test-dir/MiniOzoneClusterImpl-1154d014-32d6-4989-b40a-3009b5f24e17/datanode-2/data/containers/hdds of  storage type : DISK and capacity : 1482555576320
2019-09-25 12:49:32,309 [main] INFO  volume.VolumeSet (VolumeSet.java:initializeVolumeSet(170)) - Added Volume : /workdir/hadoop-ozone/integration-test/target/test-dir/MiniOzoneClusterImpl-1154d014-32d6-4989-b40a-3009b5f24e17/datanode-2/data/containers/hdds to VolumeSet
2019-09-25 12:49:32,309 [main] INFO  volume.ThrottledAsyncChecker (ThrottledAsyncChecker.java:schedule(139)) - Scheduling a check for org.apache.hadoop.ozone.container.common.volume.HddsVolume@3e39e0fb
2019-09-25 12:49:32,309 [main] INFO  volume.HddsVolumeChecker (HddsVolumeChecker.java:checkAllVolumes(202)) - Scheduled health check for volume org.apache.hadoop.ozone.container.common.volume.HddsVolume@3e39e0fb
2019-09-25 12:49:32,322 [main] INFO  impl.RaftServerProxy (ConfUtils.java:logGet(43)) - raft.rpc.type = GRPC (default)
2019-09-25 12:49:32,322 [main] INFO  grpc.GrpcFactory (GrpcFactory.java:checkPooledByteBufAllocatorUseCacheForAllThreads(45)) - PERFORMANCE WARNING: useCacheForAllThreads is true that may cause Netty to create a lot garbage objects and, as a result, trigger GC.
	It is recommended to disable useCacheForAllThreads by setting -Dorg.apache.ratis.thirdparty.io.netty.allocator.useCacheForAllThreads=false in command line.
2019-09-25 12:49:32,323 [main] INFO  grpc.GrpcConfigKeys$Server (ConfUtils.java:logGet(43)) - raft.grpc.server.port = 0 (default)
2019-09-25 12:49:32,323 [main] INFO  server.GrpcService (ConfUtils.java:logGet(43)) - raft.grpc.message.size.max = 33570816 (custom)
2019-09-25 12:49:32,323 [main] INFO  server.RaftServerConfigKeys (ConfUtils.java:logGet(43)) - raft.server.log.appender.buffer.byte-limit = 33554432 (custom)
2019-09-25 12:49:32,323 [main] INFO  server.GrpcService (ConfUtils.java:logGet(43)) - raft.grpc.flow.control.window = 1MB (=1048576) (default)
2019-09-25 12:49:32,323 [main] INFO  server.RaftServerConfigKeys (ConfUtils.java:logGet(43)) - raft.server.rpc.request.timeout = 3000ms (default)
2019-09-25 12:49:32,324 [main] INFO  server.RaftServerConfigKeys (ConfUtils.java:logGet(43)) - raft.server.storage.dir = [/workdir/hadoop-ozone/integration-test/target/test-dir/MiniOzoneClusterImpl-1154d014-32d6-4989-b40a-3009b5f24e17/datanode-2/data/ratis] (custom)
2019-09-25 12:49:32,325 [main] INFO  hdfs.DFSUtil (DFSUtil.java:httpServerTemplateForNNAndJN(1641)) - Starting Web-server for hddsDatanode at: http://0.0.0.0:0
2019-09-25 12:49:32,326 [main] INFO  server.AuthenticationFilter (AuthenticationFilter.java:constructSecretProvider(240)) - Unable to initialize FileSignerSecretProvider, falling back to use random secrets.
2019-09-25 12:49:32,326 [main] WARN  http.HttpRequestLog (HttpRequestLog.java:getRequestLog(97)) - Jetty request log can only be enabled using Log4j
2019-09-25 12:49:32,327 [main] INFO  http.HttpServer2 (HttpServer2.java:addGlobalFilter(975)) - Added global filter 'safety' (class=org.apache.hadoop.http.HttpServer2$QuotingInputFilter)
2019-09-25 12:49:32,327 [main] INFO  http.HttpServer2 (HttpServer2.java:addFilter(948)) - Added filter static_user_filter (class=org.apache.hadoop.http.lib.StaticUserWebFilter$StaticUserFilter) to context hddsDatanode
2019-09-25 12:49:32,328 [main] INFO  http.HttpServer2 (HttpServer2.java:addFilter(958)) - Added filter static_user_filter (class=org.apache.hadoop.http.lib.StaticUserWebFilter$StaticUserFilter) to context static
2019-09-25 12:49:32,328 [main] INFO  http.HttpServer2 (HttpServer2.java:addFilter(958)) - Added filter static_user_filter (class=org.apache.hadoop.http.lib.StaticUserWebFilter$StaticUserFilter) to context logs
2019-09-25 12:49:32,328 [main] INFO  http.HttpServer2 (HttpServer2.java:bindListener(1191)) - Jetty bound to port 44349
2019-09-25 12:49:32,328 [main] INFO  server.Server (Server.java:doStart(351)) - jetty-9.3.25.v20180904, build timestamp: 2018-09-04T21:11:46Z, git hash: 3ce520221d0240229c862b122d2b06c12a625732
2019-09-25 12:49:32,330 [main] INFO  handler.ContextHandler (ContextHandler.java:doStart(781)) - Started o.e.j.s.ServletContextHandler@7d088813{/logs,file:///workdir/hadoop-ozone/integration-test/target/log,AVAILABLE}
2019-09-25 12:49:32,330 [main] INFO  handler.ContextHandler (ContextHandler.java:doStart(781)) - Started o.e.j.s.ServletContextHandler@3b0ed98a{/static,jar:file:/home/user/.m2/repository/org/apache/hadoop/hadoop-hdds-container-service/0.5.0-SNAPSHOT/hadoop-hdds-container-service-0.5.0-SNAPSHOT.jar!/webapps/static,AVAILABLE}
2019-09-25 12:49:32,357 [main] INFO  handler.ContextHandler (ContextHandler.java:doStart(781)) - Started o.e.j.w.WebAppContext@7657d90b{/,file:///tmp/jetty-0.0.0.0-44349-hddsDatanode-_-any-6404731909530470099.dir/webapp/,AVAILABLE}{/hddsDatanode}
2019-09-25 12:49:32,358 [main] INFO  server.AbstractConnector (AbstractConnector.java:doStart(278)) - Started ServerConnector@3f0c6b3c{HTTP/1.1,[http/1.1]}{0.0.0.0:44349}
2019-09-25 12:49:32,358 [main] INFO  server.Server (Server.java:doStart(419)) - Started @701213ms
2019-09-25 12:49:32,360 [main] WARN  impl.MetricsSystemImpl (MetricsSystemImpl.java:register(276)) - Sink prometheus already exists!
2019-09-25 12:49:32,361 [main] INFO  server.BaseHttpServer (BaseHttpServer.java:updateConnectorAddress(215)) - HTTP server of HDDSDATANODE is listening at http://0.0.0.0:44349
2019-09-25 12:49:32,361 [main] INFO  impl.MetricsSystemImpl (MetricsSystemImpl.java:init(158)) - HddsDatanode metrics system started (again)
2019-09-25 12:49:32,367 [org.apache.hadoop.util.JvmPauseMonitor$Monitor@7da08496] INFO  util.JvmPauseMonitor (JvmPauseMonitor.java:run(188)) - Starting JVM pause monitor
2019-09-25 12:49:32,367 [main] INFO  ozone.HddsDatanodeService (HddsDatanodeService.java:start(184)) - HddsDatanodeService host:pr-hdds-2175-t596l-953197546 ip:192.168.151.66
2019-09-25 12:49:32,368 [Datanode State Machine Thread - 0] INFO  datanode.InitDatanodeState (InitDatanodeState.java:persistContainerDatanodeDetails(140)) - DatanodeDetails is persisted to /workdir/hadoop-ozone/integration-test/target/test-dir/MiniOzoneClusterImpl-1154d014-32d6-4989-b40a-3009b5f24e17/datanode-2/meta/datanode.id
2019-09-25 12:49:32,374 [main] INFO  volume.HddsVolume (HddsVolume.java:<init>(176)) - Creating Volume: /workdir/hadoop-ozone/integration-test/target/test-dir/MiniOzoneClusterImpl-1154d014-32d6-4989-b40a-3009b5f24e17/datanode-3/data/containers/hdds of  storage type : DISK and capacity : 1482555576320
2019-09-25 12:49:32,374 [main] INFO  volume.VolumeSet (VolumeSet.java:initializeVolumeSet(170)) - Added Volume : /workdir/hadoop-ozone/integration-test/target/test-dir/MiniOzoneClusterImpl-1154d014-32d6-4989-b40a-3009b5f24e17/datanode-3/data/containers/hdds to VolumeSet
2019-09-25 12:49:32,374 [main] INFO  volume.ThrottledAsyncChecker (ThrottledAsyncChecker.java:schedule(139)) - Scheduling a check for org.apache.hadoop.ozone.container.common.volume.HddsVolume@7645e64
2019-09-25 12:49:32,375 [main] INFO  volume.HddsVolumeChecker (HddsVolumeChecker.java:checkAllVolumes(202)) - Scheduled health check for volume org.apache.hadoop.ozone.container.common.volume.HddsVolume@7645e64
2019-09-25 12:49:32,387 [main] INFO  impl.RaftServerProxy (ConfUtils.java:logGet(43)) - raft.rpc.type = GRPC (default)
2019-09-25 12:49:32,388 [main] INFO  grpc.GrpcFactory (GrpcFactory.java:checkPooledByteBufAllocatorUseCacheForAllThreads(45)) - PERFORMANCE WARNING: useCacheForAllThreads is true that may cause Netty to create a lot garbage objects and, as a result, trigger GC.
	It is recommended to disable useCacheForAllThreads by setting -Dorg.apache.ratis.thirdparty.io.netty.allocator.useCacheForAllThreads=false in command line.
2019-09-25 12:49:32,388 [main] INFO  grpc.GrpcConfigKeys$Server (ConfUtils.java:logGet(43)) - raft.grpc.server.port = 0 (default)
2019-09-25 12:49:32,388 [main] INFO  server.GrpcService (ConfUtils.java:logGet(43)) - raft.grpc.message.size.max = 33570816 (custom)
2019-09-25 12:49:32,388 [main] INFO  server.RaftServerConfigKeys (ConfUtils.java:logGet(43)) - raft.server.log.appender.buffer.byte-limit = 33554432 (custom)
2019-09-25 12:49:32,388 [main] INFO  server.GrpcService (ConfUtils.java:logGet(43)) - raft.grpc.flow.control.window = 1MB (=1048576) (default)
2019-09-25 12:49:32,388 [main] INFO  server.RaftServerConfigKeys (ConfUtils.java:logGet(43)) - raft.server.rpc.request.timeout = 3000ms (default)
2019-09-25 12:49:32,389 [main] INFO  server.RaftServerConfigKeys (ConfUtils.java:logGet(43)) - raft.server.storage.dir = [/workdir/hadoop-ozone/integration-test/target/test-dir/MiniOzoneClusterImpl-1154d014-32d6-4989-b40a-3009b5f24e17/datanode-3/data/ratis] (custom)
2019-09-25 12:49:32,390 [main] INFO  hdfs.DFSUtil (DFSUtil.java:httpServerTemplateForNNAndJN(1641)) - Starting Web-server for hddsDatanode at: http://0.0.0.0:0
2019-09-25 12:49:32,391 [main] INFO  server.AuthenticationFilter (AuthenticationFilter.java:constructSecretProvider(240)) - Unable to initialize FileSignerSecretProvider, falling back to use random secrets.
2019-09-25 12:49:32,391 [main] WARN  http.HttpRequestLog (HttpRequestLog.java:getRequestLog(97)) - Jetty request log can only be enabled using Log4j
2019-09-25 12:49:32,392 [main] INFO  http.HttpServer2 (HttpServer2.java:addGlobalFilter(975)) - Added global filter 'safety' (class=org.apache.hadoop.http.HttpServer2$QuotingInputFilter)
2019-09-25 12:49:32,392 [main] INFO  http.HttpServer2 (HttpServer2.java:addFilter(948)) - Added filter static_user_filter (class=org.apache.hadoop.http.lib.StaticUserWebFilter$StaticUserFilter) to context hddsDatanode
2019-09-25 12:49:32,392 [main] INFO  http.HttpServer2 (HttpServer2.java:addFilter(958)) - Added filter static_user_filter (class=org.apache.hadoop.http.lib.StaticUserWebFilter$StaticUserFilter) to context logs
2019-09-25 12:49:32,393 [main] INFO  http.HttpServer2 (HttpServer2.java:addFilter(958)) - Added filter static_user_filter (class=org.apache.hadoop.http.lib.StaticUserWebFilter$StaticUserFilter) to context static
2019-09-25 12:49:32,393 [main] INFO  http.HttpServer2 (HttpServer2.java:bindListener(1191)) - Jetty bound to port 40721
2019-09-25 12:49:32,393 [main] INFO  server.Server (Server.java:doStart(351)) - jetty-9.3.25.v20180904, build timestamp: 2018-09-04T21:11:46Z, git hash: 3ce520221d0240229c862b122d2b06c12a625732
2019-09-25 12:49:32,395 [main] INFO  handler.ContextHandler (ContextHandler.java:doStart(781)) - Started o.e.j.s.ServletContextHandler@915d7c4{/logs,file:///workdir/hadoop-ozone/integration-test/target/log,AVAILABLE}
2019-09-25 12:49:32,395 [main] INFO  handler.ContextHandler (ContextHandler.java:doStart(781)) - Started o.e.j.s.ServletContextHandler@6313b441{/static,jar:file:/home/user/.m2/repository/org/apache/hadoop/hadoop-hdds-container-service/0.5.0-SNAPSHOT/hadoop-hdds-container-service-0.5.0-SNAPSHOT.jar!/webapps/static,AVAILABLE}
2019-09-25 12:49:32,421 [main] INFO  handler.ContextHandler (ContextHandler.java:doStart(781)) - Started o.e.j.w.WebAppContext@323e026d{/,file:///tmp/jetty-0.0.0.0-40721-hddsDatanode-_-any-2016217896477725301.dir/webapp/,AVAILABLE}{/hddsDatanode}
2019-09-25 12:49:32,422 [main] INFO  server.AbstractConnector (AbstractConnector.java:doStart(278)) - Started ServerConnector@1716c037{HTTP/1.1,[http/1.1]}{0.0.0.0:40721}
2019-09-25 12:49:32,422 [main] INFO  server.Server (Server.java:doStart(419)) - Started @701277ms
2019-09-25 12:49:32,424 [main] WARN  impl.MetricsSystemImpl (MetricsSystemImpl.java:register(276)) - Sink prometheus already exists!
2019-09-25 12:49:32,425 [main] INFO  server.BaseHttpServer (BaseHttpServer.java:updateConnectorAddress(215)) - HTTP server of HDDSDATANODE is listening at http://0.0.0.0:40721
2019-09-25 12:49:32,425 [main] INFO  impl.MetricsSystemImpl (MetricsSystemImpl.java:init(158)) - HddsDatanode metrics system started (again)
2019-09-25 12:49:32,432 [org.apache.hadoop.util.JvmPauseMonitor$Monitor@26d4cf03] INFO  util.JvmPauseMonitor (JvmPauseMonitor.java:run(188)) - Starting JVM pause monitor
2019-09-25 12:49:32,432 [main] INFO  ozone.HddsDatanodeService (HddsDatanodeService.java:start(184)) - HddsDatanodeService host:pr-hdds-2175-t596l-953197546 ip:192.168.151.66
2019-09-25 12:49:32,433 [Datanode State Machine Thread - 0] INFO  datanode.InitDatanodeState (InitDatanodeState.java:persistContainerDatanodeDetails(140)) - DatanodeDetails is persisted to /workdir/hadoop-ozone/integration-test/target/test-dir/MiniOzoneClusterImpl-1154d014-32d6-4989-b40a-3009b5f24e17/datanode-3/meta/datanode.id
2019-09-25 12:49:32,440 [main] INFO  volume.HddsVolume (HddsVolume.java:<init>(176)) - Creating Volume: /workdir/hadoop-ozone/integration-test/target/test-dir/MiniOzoneClusterImpl-1154d014-32d6-4989-b40a-3009b5f24e17/datanode-4/data/containers/hdds of  storage type : DISK and capacity : 1482555576320
2019-09-25 12:49:32,440 [main] INFO  volume.VolumeSet (VolumeSet.java:initializeVolumeSet(170)) - Added Volume : /workdir/hadoop-ozone/integration-test/target/test-dir/MiniOzoneClusterImpl-1154d014-32d6-4989-b40a-3009b5f24e17/datanode-4/data/containers/hdds to VolumeSet
2019-09-25 12:49:32,440 [main] INFO  volume.ThrottledAsyncChecker (ThrottledAsyncChecker.java:schedule(139)) - Scheduling a check for org.apache.hadoop.ozone.container.common.volume.HddsVolume@77ff14ce
2019-09-25 12:49:32,441 [main] INFO  volume.HddsVolumeChecker (HddsVolumeChecker.java:checkAllVolumes(202)) - Scheduled health check for volume org.apache.hadoop.ozone.container.common.volume.HddsVolume@77ff14ce
2019-09-25 12:49:32,461 [main] INFO  impl.RaftServerProxy (ConfUtils.java:logGet(43)) - raft.rpc.type = GRPC (default)
2019-09-25 12:49:32,461 [main] INFO  grpc.GrpcFactory (GrpcFactory.java:checkPooledByteBufAllocatorUseCacheForAllThreads(45)) - PERFORMANCE WARNING: useCacheForAllThreads is true that may cause Netty to create a lot garbage objects and, as a result, trigger GC.
	It is recommended to disable useCacheForAllThreads by setting -Dorg.apache.ratis.thirdparty.io.netty.allocator.useCacheForAllThreads=false in command line.
2019-09-25 12:49:32,461 [main] INFO  grpc.GrpcConfigKeys$Server (ConfUtils.java:logGet(43)) - raft.grpc.server.port = 0 (default)
2019-09-25 12:49:32,462 [main] INFO  server.GrpcService (ConfUtils.java:logGet(43)) - raft.grpc.message.size.max = 33570816 (custom)
2019-09-25 12:49:32,462 [main] INFO  server.RaftServerConfigKeys (ConfUtils.java:logGet(43)) - raft.server.log.appender.buffer.byte-limit = 33554432 (custom)
2019-09-25 12:49:32,462 [main] INFO  server.GrpcService (ConfUtils.java:logGet(43)) - raft.grpc.flow.control.window = 1MB (=1048576) (default)
2019-09-25 12:49:32,462 [main] INFO  server.RaftServerConfigKeys (ConfUtils.java:logGet(43)) - raft.server.rpc.request.timeout = 3000ms (default)
2019-09-25 12:49:32,463 [main] INFO  server.RaftServerConfigKeys (ConfUtils.java:logGet(43)) - raft.server.storage.dir = [/workdir/hadoop-ozone/integration-test/target/test-dir/MiniOzoneClusterImpl-1154d014-32d6-4989-b40a-3009b5f24e17/datanode-4/data/ratis] (custom)
2019-09-25 12:49:32,464 [main] INFO  hdfs.DFSUtil (DFSUtil.java:httpServerTemplateForNNAndJN(1641)) - Starting Web-server for hddsDatanode at: http://0.0.0.0:0
2019-09-25 12:49:32,465 [main] INFO  server.AuthenticationFilter (AuthenticationFilter.java:constructSecretProvider(240)) - Unable to initialize FileSignerSecretProvider, falling back to use random secrets.
2019-09-25 12:49:32,465 [main] WARN  http.HttpRequestLog (HttpRequestLog.java:getRequestLog(97)) - Jetty request log can only be enabled using Log4j
2019-09-25 12:49:32,466 [main] INFO  http.HttpServer2 (HttpServer2.java:addGlobalFilter(975)) - Added global filter 'safety' (class=org.apache.hadoop.http.HttpServer2$QuotingInputFilter)
2019-09-25 12:49:32,467 [main] INFO  http.HttpServer2 (HttpServer2.java:addFilter(948)) - Added filter static_user_filter (class=org.apache.hadoop.http.lib.StaticUserWebFilter$StaticUserFilter) to context hddsDatanode
2019-09-25 12:49:32,467 [main] INFO  http.HttpServer2 (HttpServer2.java:addFilter(958)) - Added filter static_user_filter (class=org.apache.hadoop.http.lib.StaticUserWebFilter$StaticUserFilter) to context logs
2019-09-25 12:49:32,467 [main] INFO  http.HttpServer2 (HttpServer2.java:addFilter(958)) - Added filter static_user_filter (class=org.apache.hadoop.http.lib.StaticUserWebFilter$StaticUserFilter) to context static
2019-09-25 12:49:32,467 [main] INFO  http.HttpServer2 (HttpServer2.java:bindListener(1191)) - Jetty bound to port 33023
2019-09-25 12:49:32,468 [main] INFO  server.Server (Server.java:doStart(351)) - jetty-9.3.25.v20180904, build timestamp: 2018-09-04T21:11:46Z, git hash: 3ce520221d0240229c862b122d2b06c12a625732
2019-09-25 12:49:32,469 [main] INFO  handler.ContextHandler (ContextHandler.java:doStart(781)) - Started o.e.j.s.ServletContextHandler@45707f76{/logs,file:///workdir/hadoop-ozone/integration-test/target/log,AVAILABLE}
2019-09-25 12:49:32,469 [main] INFO  handler.ContextHandler (ContextHandler.java:doStart(781)) - Started o.e.j.s.ServletContextHandler@682266d8{/static,jar:file:/home/user/.m2/repository/org/apache/hadoop/hadoop-hdds-container-service/0.5.0-SNAPSHOT/hadoop-hdds-container-service-0.5.0-SNAPSHOT.jar!/webapps/static,AVAILABLE}
2019-09-25 12:49:32,493 [main] INFO  handler.ContextHandler (ContextHandler.java:doStart(781)) - Started o.e.j.w.WebAppContext@1d55dd21{/,file:///tmp/jetty-0.0.0.0-33023-hddsDatanode-_-any-9060451982236671325.dir/webapp/,AVAILABLE}{/hddsDatanode}
2019-09-25 12:49:32,493 [main] INFO  server.AbstractConnector (AbstractConnector.java:doStart(278)) - Started ServerConnector@7d6c4079{HTTP/1.1,[http/1.1]}{0.0.0.0:33023}
2019-09-25 12:49:32,493 [main] INFO  server.Server (Server.java:doStart(419)) - Started @701349ms
2019-09-25 12:49:32,495 [main] WARN  impl.MetricsSystemImpl (MetricsSystemImpl.java:register(276)) - Sink prometheus already exists!
2019-09-25 12:49:32,496 [main] INFO  server.BaseHttpServer (BaseHttpServer.java:updateConnectorAddress(215)) - HTTP server of HDDSDATANODE is listening at http://0.0.0.0:33023
2019-09-25 12:49:32,496 [main] INFO  impl.MetricsSystemImpl (MetricsSystemImpl.java:init(158)) - HddsDatanode metrics system started (again)
2019-09-25 12:49:32,502 [org.apache.hadoop.util.JvmPauseMonitor$Monitor@1ef83ea4] INFO  util.JvmPauseMonitor (JvmPauseMonitor.java:run(188)) - Starting JVM pause monitor
2019-09-25 12:49:32,504 [main] INFO  ozone.HddsDatanodeService (HddsDatanodeService.java:start(184)) - HddsDatanodeService host:pr-hdds-2175-t596l-953197546 ip:192.168.151.66
2019-09-25 12:49:32,505 [Datanode State Machine Thread - 0] INFO  datanode.InitDatanodeState (InitDatanodeState.java:persistContainerDatanodeDetails(140)) - DatanodeDetails is persisted to /workdir/hadoop-ozone/integration-test/target/test-dir/MiniOzoneClusterImpl-1154d014-32d6-4989-b40a-3009b5f24e17/datanode-4/meta/datanode.id
2019-09-25 12:49:32,510 [main] INFO  volume.HddsVolume (HddsVolume.java:<init>(176)) - Creating Volume: /workdir/hadoop-ozone/integration-test/target/test-dir/MiniOzoneClusterImpl-1154d014-32d6-4989-b40a-3009b5f24e17/datanode-5/data/containers/hdds of  storage type : DISK and capacity : 1482555576320
2019-09-25 12:49:32,510 [main] INFO  volume.VolumeSet (VolumeSet.java:initializeVolumeSet(170)) - Added Volume : /workdir/hadoop-ozone/integration-test/target/test-dir/MiniOzoneClusterImpl-1154d014-32d6-4989-b40a-3009b5f24e17/datanode-5/data/containers/hdds to VolumeSet
2019-09-25 12:49:32,510 [main] INFO  volume.ThrottledAsyncChecker (ThrottledAsyncChecker.java:schedule(139)) - Scheduling a check for org.apache.hadoop.ozone.container.common.volume.HddsVolume@75d97e18
2019-09-25 12:49:32,511 [main] INFO  volume.HddsVolumeChecker (HddsVolumeChecker.java:checkAllVolumes(202)) - Scheduled health check for volume org.apache.hadoop.ozone.container.common.volume.HddsVolume@75d97e18
2019-09-25 12:49:32,524 [main] INFO  impl.RaftServerProxy (ConfUtils.java:logGet(43)) - raft.rpc.type = GRPC (default)
2019-09-25 12:49:32,524 [main] INFO  grpc.GrpcFactory (GrpcFactory.java:checkPooledByteBufAllocatorUseCacheForAllThreads(45)) - PERFORMANCE WARNING: useCacheForAllThreads is true that may cause Netty to create a lot garbage objects and, as a result, trigger GC.
	It is recommended to disable useCacheForAllThreads by setting -Dorg.apache.ratis.thirdparty.io.netty.allocator.useCacheForAllThreads=false in command line.
2019-09-25 12:49:32,524 [main] INFO  grpc.GrpcConfigKeys$Server (ConfUtils.java:logGet(43)) - raft.grpc.server.port = 0 (default)
2019-09-25 12:49:32,524 [main] INFO  server.GrpcService (ConfUtils.java:logGet(43)) - raft.grpc.message.size.max = 33570816 (custom)
2019-09-25 12:49:32,524 [main] INFO  server.RaftServerConfigKeys (ConfUtils.java:logGet(43)) - raft.server.log.appender.buffer.byte-limit = 33554432 (custom)
2019-09-25 12:49:32,524 [main] INFO  server.GrpcService (ConfUtils.java:logGet(43)) - raft.grpc.flow.control.window = 1MB (=1048576) (default)
2019-09-25 12:49:32,525 [main] INFO  server.RaftServerConfigKeys (ConfUtils.java:logGet(43)) - raft.server.rpc.request.timeout = 3000ms (default)
2019-09-25 12:49:32,525 [main] INFO  server.RaftServerConfigKeys (ConfUtils.java:logGet(43)) - raft.server.storage.dir = [/workdir/hadoop-ozone/integration-test/target/test-dir/MiniOzoneClusterImpl-1154d014-32d6-4989-b40a-3009b5f24e17/datanode-5/data/ratis] (custom)
2019-09-25 12:49:32,526 [main] INFO  hdfs.DFSUtil (DFSUtil.java:httpServerTemplateForNNAndJN(1641)) - Starting Web-server for hddsDatanode at: http://0.0.0.0:0
2019-09-25 12:49:32,527 [main] INFO  server.AuthenticationFilter (AuthenticationFilter.java:constructSecretProvider(240)) - Unable to initialize FileSignerSecretProvider, falling back to use random secrets.
2019-09-25 12:49:32,527 [main] WARN  http.HttpRequestLog (HttpRequestLog.java:getRequestLog(97)) - Jetty request log can only be enabled using Log4j
2019-09-25 12:49:32,528 [main] INFO  http.HttpServer2 (HttpServer2.java:addGlobalFilter(975)) - Added global filter 'safety' (class=org.apache.hadoop.http.HttpServer2$QuotingInputFilter)
2019-09-25 12:49:32,528 [main] INFO  http.HttpServer2 (HttpServer2.java:addFilter(948)) - Added filter static_user_filter (class=org.apache.hadoop.http.lib.StaticUserWebFilter$StaticUserFilter) to context hddsDatanode
2019-09-25 12:49:32,528 [main] INFO  http.HttpServer2 (HttpServer2.java:addFilter(958)) - Added filter static_user_filter (class=org.apache.hadoop.http.lib.StaticUserWebFilter$StaticUserFilter) to context static
2019-09-25 12:49:32,529 [main] INFO  http.HttpServer2 (HttpServer2.java:addFilter(958)) - Added filter static_user_filter (class=org.apache.hadoop.http.lib.StaticUserWebFilter$StaticUserFilter) to context logs
2019-09-25 12:49:32,529 [main] INFO  http.HttpServer2 (HttpServer2.java:bindListener(1191)) - Jetty bound to port 46437
2019-09-25 12:49:32,529 [main] INFO  server.Server (Server.java:doStart(351)) - jetty-9.3.25.v20180904, build timestamp: 2018-09-04T21:11:46Z, git hash: 3ce520221d0240229c862b122d2b06c12a625732
2019-09-25 12:49:32,531 [main] INFO  handler.ContextHandler (ContextHandler.java:doStart(781)) - Started o.e.j.s.ServletContextHandler@31d4b3e8{/logs,file:///workdir/hadoop-ozone/integration-test/target/log,AVAILABLE}
2019-09-25 12:49:32,531 [main] INFO  handler.ContextHandler (ContextHandler.java:doStart(781)) - Started o.e.j.s.ServletContextHandler@1fc1c7e{/static,jar:file:/home/user/.m2/repository/org/apache/hadoop/hadoop-hdds-container-service/0.5.0-SNAPSHOT/hadoop-hdds-container-service-0.5.0-SNAPSHOT.jar!/webapps/static,AVAILABLE}
2019-09-25 12:49:32,555 [main] INFO  handler.ContextHandler (ContextHandler.java:doStart(781)) - Started o.e.j.w.WebAppContext@4ad1a276{/,file:///tmp/jetty-0.0.0.0-46437-hddsDatanode-_-any-6652820234447881355.dir/webapp/,AVAILABLE}{/hddsDatanode}
2019-09-25 12:49:32,556 [main] INFO  server.AbstractConnector (AbstractConnector.java:doStart(278)) - Started ServerConnector@4a833595{HTTP/1.1,[http/1.1]}{0.0.0.0:46437}
2019-09-25 12:49:32,558 [main] INFO  server.Server (Server.java:doStart(419)) - Started @701413ms
2019-09-25 12:49:32,558 [main] WARN  impl.MetricsSystemImpl (MetricsSystemImpl.java:register(276)) - Sink prometheus already exists!
2019-09-25 12:49:32,558 [main] INFO  server.BaseHttpServer (BaseHttpServer.java:updateConnectorAddress(215)) - HTTP server of HDDSDATANODE is listening at http://0.0.0.0:46437
2019-09-25 12:49:32,559 [main] INFO  impl.MetricsSystemImpl (MetricsSystemImpl.java:init(158)) - HddsDatanode metrics system started (again)
2019-09-25 12:49:32,565 [org.apache.hadoop.util.JvmPauseMonitor$Monitor@a7fbdf4] INFO  util.JvmPauseMonitor (JvmPauseMonitor.java:run(188)) - Starting JVM pause monitor
2019-09-25 12:49:32,566 [main] INFO  ozone.HddsDatanodeService (HddsDatanodeService.java:start(184)) - HddsDatanodeService host:pr-hdds-2175-t596l-953197546 ip:192.168.151.66
2019-09-25 12:49:32,567 [Datanode State Machine Thread - 0] INFO  datanode.InitDatanodeState (InitDatanodeState.java:persistContainerDatanodeDetails(140)) - DatanodeDetails is persisted to /workdir/hadoop-ozone/integration-test/target/test-dir/MiniOzoneClusterImpl-1154d014-32d6-4989-b40a-3009b5f24e17/datanode-5/meta/datanode.id
2019-09-25 12:49:32,573 [main] INFO  volume.HddsVolume (HddsVolume.java:<init>(176)) - Creating Volume: /workdir/hadoop-ozone/integration-test/target/test-dir/MiniOzoneClusterImpl-1154d014-32d6-4989-b40a-3009b5f24e17/datanode-6/data/containers/hdds of  storage type : DISK and capacity : 1482555576320
2019-09-25 12:49:32,573 [main] INFO  volume.VolumeSet (VolumeSet.java:initializeVolumeSet(170)) - Added Volume : /workdir/hadoop-ozone/integration-test/target/test-dir/MiniOzoneClusterImpl-1154d014-32d6-4989-b40a-3009b5f24e17/datanode-6/data/containers/hdds to VolumeSet
2019-09-25 12:49:32,573 [main] INFO  volume.ThrottledAsyncChecker (ThrottledAsyncChecker.java:schedule(139)) - Scheduling a check for org.apache.hadoop.ozone.container.common.volume.HddsVolume@305aaedf
2019-09-25 12:49:32,574 [main] INFO  volume.HddsVolumeChecker (HddsVolumeChecker.java:checkAllVolumes(202)) - Scheduled health check for volume org.apache.hadoop.ozone.container.common.volume.HddsVolume@305aaedf
2019-09-25 12:49:32,587 [main] INFO  impl.RaftServerProxy (ConfUtils.java:logGet(43)) - raft.rpc.type = GRPC (default)
2019-09-25 12:49:32,587 [main] INFO  grpc.GrpcFactory (GrpcFactory.java:checkPooledByteBufAllocatorUseCacheForAllThreads(45)) - PERFORMANCE WARNING: useCacheForAllThreads is true that may cause Netty to create a lot garbage objects and, as a result, trigger GC.
	It is recommended to disable useCacheForAllThreads by setting -Dorg.apache.ratis.thirdparty.io.netty.allocator.useCacheForAllThreads=false in command line.
2019-09-25 12:49:32,588 [main] INFO  grpc.GrpcConfigKeys$Server (ConfUtils.java:logGet(43)) - raft.grpc.server.port = 0 (default)
2019-09-25 12:49:32,588 [main] INFO  server.GrpcService (ConfUtils.java:logGet(43)) - raft.grpc.message.size.max = 33570816 (custom)
2019-09-25 12:49:32,588 [main] INFO  server.RaftServerConfigKeys (ConfUtils.java:logGet(43)) - raft.server.log.appender.buffer.byte-limit = 33554432 (custom)
2019-09-25 12:49:32,588 [main] INFO  server.GrpcService (ConfUtils.java:logGet(43)) - raft.grpc.flow.control.window = 1MB (=1048576) (default)
2019-09-25 12:49:32,588 [main] INFO  server.RaftServerConfigKeys (ConfUtils.java:logGet(43)) - raft.server.rpc.request.timeout = 3000ms (default)
2019-09-25 12:49:32,589 [main] INFO  server.RaftServerConfigKeys (ConfUtils.java:logGet(43)) - raft.server.storage.dir = [/workdir/hadoop-ozone/integration-test/target/test-dir/MiniOzoneClusterImpl-1154d014-32d6-4989-b40a-3009b5f24e17/datanode-6/data/ratis] (custom)
2019-09-25 12:49:32,590 [main] INFO  hdfs.DFSUtil (DFSUtil.java:httpServerTemplateForNNAndJN(1641)) - Starting Web-server for hddsDatanode at: http://0.0.0.0:0
2019-09-25 12:49:32,591 [main] INFO  server.AuthenticationFilter (AuthenticationFilter.java:constructSecretProvider(240)) - Unable to initialize FileSignerSecretProvider, falling back to use random secrets.
2019-09-25 12:49:32,591 [main] WARN  http.HttpRequestLog (HttpRequestLog.java:getRequestLog(97)) - Jetty request log can only be enabled using Log4j
2019-09-25 12:49:32,592 [main] INFO  http.HttpServer2 (HttpServer2.java:addGlobalFilter(975)) - Added global filter 'safety' (class=org.apache.hadoop.http.HttpServer2$QuotingInputFilter)
2019-09-25 12:49:32,592 [main] INFO  http.HttpServer2 (HttpServer2.java:addFilter(948)) - Added filter static_user_filter (class=org.apache.hadoop.http.lib.StaticUserWebFilter$StaticUserFilter) to context hddsDatanode
2019-09-25 12:49:32,592 [main] INFO  http.HttpServer2 (HttpServer2.java:addFilter(958)) - Added filter static_user_filter (class=org.apache.hadoop.http.lib.StaticUserWebFilter$StaticUserFilter) to context logs
2019-09-25 12:49:32,592 [main] INFO  http.HttpServer2 (HttpServer2.java:addFilter(958)) - Added filter static_user_filter (class=org.apache.hadoop.http.lib.StaticUserWebFilter$StaticUserFilter) to context static
2019-09-25 12:49:32,593 [main] INFO  http.HttpServer2 (HttpServer2.java:bindListener(1191)) - Jetty bound to port 45224
2019-09-25 12:49:32,593 [main] INFO  server.Server (Server.java:doStart(351)) - jetty-9.3.25.v20180904, build timestamp: 2018-09-04T21:11:46Z, git hash: 3ce520221d0240229c862b122d2b06c12a625732
2019-09-25 12:49:32,594 [main] INFO  handler.ContextHandler (ContextHandler.java:doStart(781)) - Started o.e.j.s.ServletContextHandler@7c5c20ed{/logs,file:///workdir/hadoop-ozone/integration-test/target/log,AVAILABLE}
2019-09-25 12:49:32,595 [main] INFO  handler.ContextHandler (ContextHandler.java:doStart(781)) - Started o.e.j.s.ServletContextHandler@2aac8ad7{/static,jar:file:/home/user/.m2/repository/org/apache/hadoop/hadoop-hdds-container-service/0.5.0-SNAPSHOT/hadoop-hdds-container-service-0.5.0-SNAPSHOT.jar!/webapps/static,AVAILABLE}
2019-09-25 12:49:32,619 [main] INFO  handler.ContextHandler (ContextHandler.java:doStart(781)) - Started o.e.j.w.WebAppContext@10745a02{/,file:///tmp/jetty-0.0.0.0-45224-hddsDatanode-_-any-3205934665405629006.dir/webapp/,AVAILABLE}{/hddsDatanode}
2019-09-25 12:49:32,619 [main] INFO  server.AbstractConnector (AbstractConnector.java:doStart(278)) - Started ServerConnector@3e2d8623{HTTP/1.1,[http/1.1]}{0.0.0.0:45224}
2019-09-25 12:49:32,619 [main] INFO  server.Server (Server.java:doStart(419)) - Started @701475ms
2019-09-25 12:49:32,621 [main] WARN  impl.MetricsSystemImpl (MetricsSystemImpl.java:register(276)) - Sink prometheus already exists!
2019-09-25 12:49:32,622 [main] INFO  server.BaseHttpServer (BaseHttpServer.java:updateConnectorAddress(215)) - HTTP server of HDDSDATANODE is listening at http://0.0.0.0:45224
2019-09-25 12:49:32,622 [main] INFO  ozone.MiniOzoneClusterImpl (MiniOzoneClusterImpl.java:lambda$waitForClusterToBeReady$0(147)) - Waiting for cluster to be ready. Got 0 of 7 DN Heartbeats.
2019-09-25 12:49:32,623 [org.apache.hadoop.util.JvmPauseMonitor$Monitor@915066c] INFO  util.JvmPauseMonitor (JvmPauseMonitor.java:run(188)) - Starting JVM pause monitor
2019-09-25 12:49:32,625 [Datanode State Machine Thread - 0] INFO  datanode.InitDatanodeState (InitDatanodeState.java:persistContainerDatanodeDetails(140)) - DatanodeDetails is persisted to /workdir/hadoop-ozone/integration-test/target/test-dir/MiniOzoneClusterImpl-1154d014-32d6-4989-b40a-3009b5f24e17/datanode-6/meta/datanode.id
2019-09-25 12:49:33,622 [main] INFO  ozone.MiniOzoneClusterImpl (MiniOzoneClusterImpl.java:lambda$waitForClusterToBeReady$0(147)) - Waiting for cluster to be ready. Got 0 of 7 DN Heartbeats.
2019-09-25 12:49:34,258 [Datanode State Machine Thread - 0] INFO  ozoneimpl.OzoneContainer (OzoneContainer.java:start(217)) - Attempting to start container services.
2019-09-25 12:49:34,258 [Datanode State Machine Thread - 0] INFO  ozoneimpl.OzoneContainer (OzoneContainer.java:startContainerScrub(179)) - Background container scanner has been disabled.
2019-09-25 12:49:34,259 [Datanode State Machine Thread - 0] INFO  ratis.XceiverServerRatis (XceiverServerRatis.java:start(411)) - Starting XceiverServerRatis 4d7f1931-da22-4277-8e70-be8e40e12960 at port 0
2019-09-25 12:49:34,266 [Datanode State Machine Thread - 0] INFO  impl.RaftServerProxy (RaftServerProxy.java:lambda$start$3(299)) - 4d7f1931-da22-4277-8e70-be8e40e12960: start RPC server
2019-09-25 12:49:34,268 [Datanode State Machine Thread - 0] INFO  server.GrpcService (GrpcService.java:startImpl(158)) - 4d7f1931-da22-4277-8e70-be8e40e12960: GrpcService started, listening on 0.0.0.0/0.0.0.0:35684
2019-09-25 12:49:34,268 [Datanode State Machine Thread - 0] INFO  ratis.XceiverServerRatis (XceiverServerRatis.java:start(421)) - XceiverServerRatis 4d7f1931-da22-4277-8e70-be8e40e12960 is started using port 35684
2019-09-25 12:49:34,268 [Datanode State Machine Thread - 0] INFO  server.XceiverServerGrpc (XceiverServerGrpc.java:start(149)) - XceiverServerGrpc 4d7f1931-da22-4277-8e70-be8e40e12960 is started using port 45061
2019-09-25 12:49:34,329 [Datanode State Machine Thread - 0] INFO  ozoneimpl.OzoneContainer (OzoneContainer.java:start(217)) - Attempting to start container services.
2019-09-25 12:49:34,329 [Datanode State Machine Thread - 0] INFO  ozoneimpl.OzoneContainer (OzoneContainer.java:startContainerScrub(179)) - Background container scanner has been disabled.
2019-09-25 12:49:34,329 [Datanode State Machine Thread - 0] INFO  ratis.XceiverServerRatis (XceiverServerRatis.java:start(411)) - Starting XceiverServerRatis 566b540d-5d54-415e-ae29-de122253aae0 at port 0
2019-09-25 12:49:34,338 [Datanode State Machine Thread - 0] INFO  impl.RaftServerProxy (RaftServerProxy.java:lambda$start$3(299)) - 566b540d-5d54-415e-ae29-de122253aae0: start RPC server
2019-09-25 12:49:34,339 [Datanode State Machine Thread - 0] INFO  server.GrpcService (GrpcService.java:startImpl(158)) - 566b540d-5d54-415e-ae29-de122253aae0: GrpcService started, listening on 0.0.0.0/0.0.0.0:33140
2019-09-25 12:49:34,339 [Datanode State Machine Thread - 0] INFO  ratis.XceiverServerRatis (XceiverServerRatis.java:start(421)) - XceiverServerRatis 566b540d-5d54-415e-ae29-de122253aae0 is started using port 33140
2019-09-25 12:49:34,339 [Datanode State Machine Thread - 0] INFO  server.XceiverServerGrpc (XceiverServerGrpc.java:start(149)) - XceiverServerGrpc 566b540d-5d54-415e-ae29-de122253aae0 is started using port 43780
2019-09-25 12:49:34,391 [Datanode State Machine Thread - 0] INFO  ozoneimpl.OzoneContainer (OzoneContainer.java:start(217)) - Attempting to start container services.
2019-09-25 12:49:34,391 [Datanode State Machine Thread - 0] INFO  ozoneimpl.OzoneContainer (OzoneContainer.java:startContainerScrub(179)) - Background container scanner has been disabled.
2019-09-25 12:49:34,392 [Datanode State Machine Thread - 0] INFO  ratis.XceiverServerRatis (XceiverServerRatis.java:start(411)) - Starting XceiverServerRatis f1b18da4-9b89-435e-8c23-42ae5ffcfa33 at port 0
2019-09-25 12:49:34,399 [Datanode State Machine Thread - 0] INFO  impl.RaftServerProxy (RaftServerProxy.java:lambda$start$3(299)) - f1b18da4-9b89-435e-8c23-42ae5ffcfa33: start RPC server
2019-09-25 12:49:34,399 [Datanode State Machine Thread - 0] INFO  server.GrpcService (GrpcService.java:startImpl(158)) - f1b18da4-9b89-435e-8c23-42ae5ffcfa33: GrpcService started, listening on 0.0.0.0/0.0.0.0:36563
2019-09-25 12:49:34,399 [Datanode State Machine Thread - 0] INFO  ratis.XceiverServerRatis (XceiverServerRatis.java:start(421)) - XceiverServerRatis f1b18da4-9b89-435e-8c23-42ae5ffcfa33 is started using port 36563
2019-09-25 12:49:34,400 [Datanode State Machine Thread - 0] INFO  server.XceiverServerGrpc (XceiverServerGrpc.java:start(149)) - XceiverServerGrpc f1b18da4-9b89-435e-8c23-42ae5ffcfa33 is started using port 40183
2019-09-25 12:49:34,445 [Datanode State Machine Thread - 0] INFO  ozoneimpl.OzoneContainer (OzoneContainer.java:start(217)) - Attempting to start container services.
2019-09-25 12:49:34,446 [Datanode State Machine Thread - 0] INFO  ozoneimpl.OzoneContainer (OzoneContainer.java:startContainerScrub(179)) - Background container scanner has been disabled.
2019-09-25 12:49:34,446 [Datanode State Machine Thread - 0] INFO  ratis.XceiverServerRatis (XceiverServerRatis.java:start(411)) - Starting XceiverServerRatis 3fecd095-e7b2-43c8-8ba6-ce5e973e15fd at port 0
2019-09-25 12:49:34,454 [Datanode State Machine Thread - 0] INFO  impl.RaftServerProxy (RaftServerProxy.java:lambda$start$3(299)) - 3fecd095-e7b2-43c8-8ba6-ce5e973e15fd: start RPC server
2019-09-25 12:49:34,455 [Datanode State Machine Thread - 0] INFO  server.GrpcService (GrpcService.java:startImpl(158)) - 3fecd095-e7b2-43c8-8ba6-ce5e973e15fd: GrpcService started, listening on 0.0.0.0/0.0.0.0:45741
2019-09-25 12:49:34,455 [Datanode State Machine Thread - 0] INFO  ratis.XceiverServerRatis (XceiverServerRatis.java:start(421)) - XceiverServerRatis 3fecd095-e7b2-43c8-8ba6-ce5e973e15fd is started using port 45741
2019-09-25 12:49:34,455 [Datanode State Machine Thread - 0] INFO  server.XceiverServerGrpc (XceiverServerGrpc.java:start(149)) - XceiverServerGrpc 3fecd095-e7b2-43c8-8ba6-ce5e973e15fd is started using port 43775
2019-09-25 12:49:34,515 [Datanode State Machine Thread - 0] INFO  ozoneimpl.OzoneContainer (OzoneContainer.java:start(217)) - Attempting to start container services.
2019-09-25 12:49:34,515 [Datanode State Machine Thread - 0] INFO  ozoneimpl.OzoneContainer (OzoneContainer.java:startContainerScrub(179)) - Background container scanner has been disabled.
2019-09-25 12:49:34,516 [Datanode State Machine Thread - 0] INFO  ratis.XceiverServerRatis (XceiverServerRatis.java:start(411)) - Starting XceiverServerRatis fb0aa348-74e3-4f08-a5d8-e2c2e2c47515 at port 0
2019-09-25 12:49:34,524 [Datanode State Machine Thread - 0] INFO  impl.RaftServerProxy (RaftServerProxy.java:lambda$start$3(299)) - fb0aa348-74e3-4f08-a5d8-e2c2e2c47515: start RPC server
2019-09-25 12:49:34,525 [Datanode State Machine Thread - 0] INFO  server.GrpcService (GrpcService.java:startImpl(158)) - fb0aa348-74e3-4f08-a5d8-e2c2e2c47515: GrpcService started, listening on 0.0.0.0/0.0.0.0:41190
2019-09-25 12:49:34,526 [Datanode State Machine Thread - 0] INFO  ratis.XceiverServerRatis (XceiverServerRatis.java:start(421)) - XceiverServerRatis fb0aa348-74e3-4f08-a5d8-e2c2e2c47515 is started using port 41190
2019-09-25 12:49:34,526 [Datanode State Machine Thread - 0] INFO  server.XceiverServerGrpc (XceiverServerGrpc.java:start(149)) - XceiverServerGrpc fb0aa348-74e3-4f08-a5d8-e2c2e2c47515 is started using port 32794
2019-09-25 12:49:34,587 [Datanode State Machine Thread - 0] INFO  ozoneimpl.OzoneContainer (OzoneContainer.java:start(217)) - Attempting to start container services.
2019-09-25 12:49:34,588 [Datanode State Machine Thread - 0] INFO  ozoneimpl.OzoneContainer (OzoneContainer.java:startContainerScrub(179)) - Background container scanner has been disabled.
2019-09-25 12:49:34,588 [Datanode State Machine Thread - 0] INFO  ratis.XceiverServerRatis (XceiverServerRatis.java:start(411)) - Starting XceiverServerRatis afc774d3-ff67-43cc-88c7-ca5513c32fb1 at port 0
2019-09-25 12:49:34,595 [Datanode State Machine Thread - 0] INFO  impl.RaftServerProxy (RaftServerProxy.java:lambda$start$3(299)) - afc774d3-ff67-43cc-88c7-ca5513c32fb1: start RPC server
2019-09-25 12:49:34,595 [Datanode State Machine Thread - 0] INFO  server.GrpcService (GrpcService.java:startImpl(158)) - afc774d3-ff67-43cc-88c7-ca5513c32fb1: GrpcService started, listening on 0.0.0.0/0.0.0.0:41155
2019-09-25 12:49:34,596 [Datanode State Machine Thread - 0] INFO  ratis.XceiverServerRatis (XceiverServerRatis.java:start(421)) - XceiverServerRatis afc774d3-ff67-43cc-88c7-ca5513c32fb1 is started using port 41155
2019-09-25 12:49:34,596 [Datanode State Machine Thread - 0] INFO  server.XceiverServerGrpc (XceiverServerGrpc.java:start(149)) - XceiverServerGrpc afc774d3-ff67-43cc-88c7-ca5513c32fb1 is started using port 40644
2019-09-25 12:49:34,623 [main] INFO  ozone.MiniOzoneClusterImpl (MiniOzoneClusterImpl.java:lambda$waitForClusterToBeReady$0(147)) - Waiting for cluster to be ready. Got 0 of 7 DN Heartbeats.
2019-09-25 12:49:34,637 [Datanode State Machine Thread - 0] INFO  ozoneimpl.OzoneContainer (OzoneContainer.java:start(217)) - Attempting to start container services.
2019-09-25 12:49:34,637 [Datanode State Machine Thread - 0] INFO  ozoneimpl.OzoneContainer (OzoneContainer.java:startContainerScrub(179)) - Background container scanner has been disabled.
2019-09-25 12:49:34,637 [Datanode State Machine Thread - 0] INFO  ratis.XceiverServerRatis (XceiverServerRatis.java:start(411)) - Starting XceiverServerRatis 07cfe84e-4aa5-4a80-9b1f-bf1d9bb36805 at port 0
2019-09-25 12:49:34,643 [Datanode State Machine Thread - 0] INFO  impl.RaftServerProxy (RaftServerProxy.java:lambda$start$3(299)) - 07cfe84e-4aa5-4a80-9b1f-bf1d9bb36805: start RPC server
2019-09-25 12:49:34,643 [Datanode State Machine Thread - 0] INFO  server.GrpcService (GrpcService.java:startImpl(158)) - 07cfe84e-4aa5-4a80-9b1f-bf1d9bb36805: GrpcService started, listening on 0.0.0.0/0.0.0.0:40658
2019-09-25 12:49:34,643 [Datanode State Machine Thread - 0] INFO  ratis.XceiverServerRatis (XceiverServerRatis.java:start(421)) - XceiverServerRatis 07cfe84e-4aa5-4a80-9b1f-bf1d9bb36805 is started using port 40658
2019-09-25 12:49:34,644 [Datanode State Machine Thread - 0] INFO  server.XceiverServerGrpc (XceiverServerGrpc.java:start(149)) - XceiverServerGrpc 07cfe84e-4aa5-4a80-9b1f-bf1d9bb36805 is started using port 44497
2019-09-25 12:49:35,624 [main] INFO  ozone.MiniOzoneClusterImpl (MiniOzoneClusterImpl.java:lambda$waitForClusterToBeReady$0(147)) - Waiting for cluster to be ready. Got 0 of 7 DN Heartbeats.
2019-09-25 12:49:36,258 [IPC Server handler 0 on 34595] INFO  net.NetworkTopology (NetworkTopologyImpl.java:add(111)) - Added a new node: /default-rack/4d7f1931-da22-4277-8e70-be8e40e12960
2019-09-25 12:49:36,263 [IPC Server handler 0 on 34595] INFO  node.SCMNodeManager (SCMNodeManager.java:register(266)) - Registered Data node : 4d7f1931-da22-4277-8e70-be8e40e12960{ip: 192.168.151.66, host: pr-hdds-2175-t596l-953197546, networkLocation: /default-rack, certSerialId: null}
2019-09-25 12:49:36,265 [EventQueue-NodeRegistrationContainerReportForDataNodeSafeModeRule] INFO  safemode.SCMSafeModeManager (DataNodeSafeModeRule.java:process(71)) - SCM in safe mode. 1 DataNodes registered, 1 required.
2019-09-25 12:49:36,268 [EventQueue-NodeRegistrationContainerReportForDataNodeSafeModeRule] INFO  safemode.SCMSafeModeManager (SCMSafeModeManager.java:validateSafeModeExitRules(177)) - ScmSafeModeManager, all rules are successfully validated
2019-09-25 12:49:36,268 [EventQueue-NodeRegistrationContainerReportForDataNodeSafeModeRule] INFO  safemode.SCMSafeModeManager (SCMSafeModeManager.java:exitSafeMode(193)) - SCM exiting safe mode.
2019-09-25 12:49:36,285 [grpc-default-executor-1] INFO  impl.RaftServerProxy (RaftServerProxy.java:addNew(89)) - 4d7f1931-da22-4277-8e70-be8e40e12960: addNew group-11E183A12089:[4d7f1931-da22-4277-8e70-be8e40e12960:192.168.151.66:35684] returns group-11E183A12089:java.util.concurrent.CompletableFuture@9440513[Not completed]
2019-09-25 12:49:36,288 [pool-679-thread-1] INFO  impl.RaftServerImpl (RaftServerImpl.java:<init>(95)) - 4d7f1931-da22-4277-8e70-be8e40e12960: new RaftServerImpl for group-11E183A12089:[4d7f1931-da22-4277-8e70-be8e40e12960:192.168.151.66:35684] with ContainerStateMachine:uninitialized
2019-09-25 12:49:36,288 [pool-679-thread-1] INFO  server.RaftServerConfigKeys (ConfUtils.java:logGet(43)) - raft.server.rpc.timeout.min = 5s (custom)
2019-09-25 12:49:36,288 [pool-679-thread-1] INFO  server.RaftServerConfigKeys (ConfUtils.java:logGet(43)) - raft.server.rpc.timeout.max = 5200ms (custom)
2019-09-25 12:49:36,288 [pool-679-thread-1] INFO  server.RaftServerConfigKeys (ConfUtils.java:logGet(43)) - raft.server.rpcslowness.timeout = 120s (custom)
2019-09-25 12:49:36,289 [pool-679-thread-1] INFO  server.RaftServerConfigKeys (ConfUtils.java:logGet(43)) - raft.server.sleep.deviation.threshold = 300 (default)
2019-09-25 12:49:36,289 [pool-679-thread-1] INFO  server.RaftServerConfigKeys (ConfUtils.java:logGet(43)) - raft.server.log.appender.install.snapshot.enabled = false (custom)
2019-09-25 12:49:36,289 [pool-679-thread-1] INFO  impl.RaftServerImpl (ServerState.java:<init>(103)) - 4d7f1931-da22-4277-8e70-be8e40e12960@group-11E183A12089: ConfigurationManager, init=-1: [4d7f1931-da22-4277-8e70-be8e40e12960:192.168.151.66:35684], old=null, confs=<EMPTY_MAP>
2019-09-25 12:49:36,289 [pool-679-thread-1] INFO  server.RaftServerConfigKeys (ConfUtils.java:logGet(43)) - raft.server.storage.dir = [/workdir/hadoop-ozone/integration-test/target/test-dir/MiniOzoneClusterImpl-1154d014-32d6-4989-b40a-3009b5f24e17/datanode-0/data/ratis] (custom)
2019-09-25 12:49:36,290 [pool-679-thread-1] INFO  storage.RaftStorageDirectory (RaftStorageDirectory.java:analyzeStorage(246)) - The storage directory /workdir/hadoop-ozone/integration-test/target/test-dir/MiniOzoneClusterImpl-1154d014-32d6-4989-b40a-3009b5f24e17/datanode-0/data/ratis/5c3076e4-02f7-44c2-a184-11e183a12089 does not exist. Creating ...
2019-09-25 12:49:36,302 [IPC Server handler 2 on 34595] INFO  net.NetworkTopology (NetworkTopologyImpl.java:add(111)) - Added a new node: /default-rack/566b540d-5d54-415e-ae29-de122253aae0
2019-09-25 12:49:36,305 [IPC Server handler 2 on 34595] INFO  node.SCMNodeManager (SCMNodeManager.java:register(266)) - Registered Data node : 566b540d-5d54-415e-ae29-de122253aae0{ip: 192.168.151.66, host: pr-hdds-2175-t596l-953197546, networkLocation: /default-rack, certSerialId: null}
2019-09-25 12:49:36,305 [pool-679-thread-1] INFO  storage.RaftStorageDirectory (RaftStorageDirectory.java:tryLock(328)) - Lock on /workdir/hadoop-ozone/integration-test/target/test-dir/MiniOzoneClusterImpl-1154d014-32d6-4989-b40a-3009b5f24e17/datanode-0/data/ratis/5c3076e4-02f7-44c2-a184-11e183a12089/in_use.lock acquired by nodename 19101@pr-hdds-2175-t596l-953197546
2019-09-25 12:49:36,319 [pool-679-thread-1] INFO  storage.RaftStorage (RaftStorage.java:format(72)) - Storage directory /workdir/hadoop-ozone/integration-test/target/test-dir/MiniOzoneClusterImpl-1154d014-32d6-4989-b40a-3009b5f24e17/datanode-0/data/ratis/5c3076e4-02f7-44c2-a184-11e183a12089 has been successfully formatted.
2019-09-25 12:49:36,319 [pool-679-thread-1] INFO  ratis.ContainerStateMachine (ContainerStateMachine.java:loadSnapshot(230)) - group-11E183A12089: The snapshot info is null. Setting the last applied indexto:(t:0, i:~)
2019-09-25 12:49:36,320 [pool-679-thread-1] INFO  server.RaftServerConfigKeys (ConfUtils.java:logGet(43)) - raft.server.notification.no-leader.timeout = 120s (custom)
2019-09-25 12:49:36,320 [pool-679-thread-1] INFO  server.RaftServerConfigKeys (ConfUtils.java:logGet(43)) - raft.server.log.use.memory = false (default)
2019-09-25 12:49:36,320 [pool-679-thread-1] INFO  server.RaftServerConfigKeys (ConfUtils.java:logGet(43)) - raft.server.log.purge.gap = 1000000 (custom)
2019-09-25 12:49:36,320 [pool-679-thread-1] INFO  server.RaftServerConfigKeys (ConfUtils.java:logGet(43)) - raft.server.log.appender.buffer.byte-limit = 33554432 (custom)
2019-09-25 12:49:36,320 [pool-679-thread-1] INFO  server.RaftServerConfigKeys (ConfUtils.java:logGet(43)) - raft.server.log.segment.size.max = 1048576 (custom)
2019-09-25 12:49:36,321 [pool-679-thread-1] INFO  server.RaftServerConfigKeys (ConfUtils.java:logGet(43)) - raft.server.log.segment.cache.num.max = 2 (custom)
2019-09-25 12:49:36,321 [pool-679-thread-1] INFO  segmented.SegmentedRaftLogWorker (SegmentedRaftLogWorker.java:<init>(172)) - new 4d7f1931-da22-4277-8e70-be8e40e12960@group-11E183A12089-SegmentedRaftLogWorker for RaftStorage:Storage Directory /workdir/hadoop-ozone/integration-test/target/test-dir/MiniOzoneClusterImpl-1154d014-32d6-4989-b40a-3009b5f24e17/datanode-0/data/ratis/5c3076e4-02f7-44c2-a184-11e183a12089
2019-09-25 12:49:36,323 [pool-679-thread-1] INFO  server.RaftServerConfigKeys (ConfUtils.java:logGet(43)) - raft.server.log.queue.byte-limit = 2147483647 (custom)
2019-09-25 12:49:36,323 [pool-679-thread-1] INFO  server.RaftServerConfigKeys (ConfUtils.java:logGet(43)) - raft.server.log.queue.element-limit = 1024 (custom)
2019-09-25 12:49:36,323 [pool-679-thread-1] INFO  server.RaftServerConfigKeys (ConfUtils.java:logGet(43)) - raft.server.log.segment.size.max = 1048576 (custom)
2019-09-25 12:49:36,324 [pool-679-thread-1] INFO  server.RaftServerConfigKeys (ConfUtils.java:logGet(43)) - raft.server.log.preallocated.size = 16384 (custom)
2019-09-25 12:49:36,324 [pool-679-thread-1] INFO  server.RaftServerConfigKeys (ConfUtils.java:logGet(43)) - raft.server.log.write.buffer.size = 33554432 (custom)
2019-09-25 12:49:36,324 [pool-679-thread-1] INFO  server.RaftServerConfigKeys (ConfUtils.java:logGet(43)) - raft.server.log.force.sync.num = 128 (default)
2019-09-25 12:49:36,324 [pool-679-thread-1] INFO  server.RaftServerConfigKeys (ConfUtils.java:logGet(43)) - raft.server.log.statemachine.data.sync = true (default)
2019-09-25 12:49:36,324 [pool-679-thread-1] INFO  server.RaftServerConfigKeys (ConfUtils.java:logGet(43)) - raft.server.log.statemachine.data.sync.timeout = 10s (default)
2019-09-25 12:49:36,324 [pool-679-thread-1] INFO  server.RaftServerConfigKeys (ConfUtils.java:logGet(43)) - raft.server.log.statemachine.data.sync.timeout.retry = -1 (default)
2019-09-25 12:49:36,325 [pool-679-thread-1] INFO  server.RaftServerConfigKeys (ConfUtils.java:logGet(43)) - raft.server.log.statemachine.data.caching.enabled = true (custom)
2019-09-25 12:49:36,325 [pool-679-thread-1] INFO  segmented.SegmentedRaftLogWorker (SegmentedRaftLogWorker.java:lambda$new$0(132)) - 4d7f1931-da22-4277-8e70-be8e40e12960@group-11E183A12089-SegmentedRaftLogWorker: flushIndex: setUnconditionally 0 -> -1
2019-09-25 12:49:36,325 [pool-679-thread-1] INFO  server.RaftServerConfigKeys (ConfUtils.java:logGet(43)) - raft.server.snapshot.auto.trigger.enabled = true (custom)
2019-09-25 12:49:36,326 [pool-679-thread-1] INFO  server.RaftServerConfigKeys (ConfUtils.java:logGet(43)) - raft.server.snapshot.auto.trigger.threshold = 10000 (custom)
2019-09-25 12:49:36,326 [pool-679-thread-1] INFO  server.RaftServerConfigKeys (ConfUtils.java:logGet(43)) - raft.server.snapshot.retention.num.files = 5 (custom)
2019-09-25 12:49:36,326 [pool-679-thread-1] INFO  server.RaftServerConfigKeys (ConfUtils.java:logGet(43)) - raft.server.retrycache.expirytime = 600000ms (custom)
2019-09-25 12:49:36,328 [pool-679-thread-1] INFO  impl.RaftServerImpl (RaftServerImpl.java:start(185)) - 4d7f1931-da22-4277-8e70-be8e40e12960@group-11E183A12089: start as a follower, conf=-1: [4d7f1931-da22-4277-8e70-be8e40e12960:192.168.151.66:35684], old=null
2019-09-25 12:49:36,328 [pool-679-thread-1] INFO  impl.RaftServerImpl (RaftServerImpl.java:setRole(174)) - 4d7f1931-da22-4277-8e70-be8e40e12960@group-11E183A12089: changes role from      null to FOLLOWER at term 0 for startAsFollower
2019-09-25 12:49:36,328 [pool-679-thread-1] INFO  impl.RoleInfo (RoleInfo.java:updateAndGet(143)) - 4d7f1931-da22-4277-8e70-be8e40e12960: start FollowerState
2019-09-25 12:49:36,329 [pool-679-thread-1] INFO  util.JmxRegister (JmxRegister.java:tryRegister(44)) - Successfully registered JMX Bean with object name Ratis:service=RaftServer,group=group-11E183A12089,id=4d7f1931-da22-4277-8e70-be8e40e12960
2019-09-25 12:49:36,332 [RatisPipelineUtilsThread] INFO  pipeline.PipelineStateManager (PipelineStateManager.java:addPipeline(56)) - Created pipeline Pipeline[ Id: 5c3076e4-02f7-44c2-a184-11e183a12089, Nodes: 4d7f1931-da22-4277-8e70-be8e40e12960{ip: 192.168.151.66, host: pr-hdds-2175-t596l-953197546, networkLocation: /default-rack, certSerialId: null}, Type:RATIS, Factor:ONE, State:OPEN]
2019-09-25 12:49:36,340 [grpc-default-executor-1] INFO  impl.RaftServerProxy (RaftServerProxy.java:addNew(89)) - 566b540d-5d54-415e-ae29-de122253aae0: addNew group-38C9B1165AF3:[566b540d-5d54-415e-ae29-de122253aae0:192.168.151.66:33140] returns group-38C9B1165AF3:java.util.concurrent.CompletableFuture@73463a2f[Not completed]
2019-09-25 12:49:36,341 [pool-689-thread-1] INFO  impl.RaftServerImpl (RaftServerImpl.java:<init>(95)) - 566b540d-5d54-415e-ae29-de122253aae0: new RaftServerImpl for group-38C9B1165AF3:[566b540d-5d54-415e-ae29-de122253aae0:192.168.151.66:33140] with ContainerStateMachine:uninitialized
2019-09-25 12:49:36,341 [pool-689-thread-1] INFO  server.RaftServerConfigKeys (ConfUtils.java:logGet(43)) - raft.server.rpc.timeout.min = 5s (custom)
2019-09-25 12:49:36,341 [pool-689-thread-1] INFO  server.RaftServerConfigKeys (ConfUtils.java:logGet(43)) - raft.server.rpc.timeout.max = 5200ms (custom)
2019-09-25 12:49:36,341 [pool-689-thread-1] INFO  server.RaftServerConfigKeys (ConfUtils.java:logGet(43)) - raft.server.rpcslowness.timeout = 120s (custom)
2019-09-25 12:49:36,341 [pool-689-thread-1] INFO  server.RaftServerConfigKeys (ConfUtils.java:logGet(43)) - raft.server.sleep.deviation.threshold = 300 (default)
2019-09-25 12:49:36,341 [pool-689-thread-1] INFO  server.RaftServerConfigKeys (ConfUtils.java:logGet(43)) - raft.server.log.appender.install.snapshot.enabled = false (custom)
2019-09-25 12:49:36,341 [pool-689-thread-1] INFO  impl.RaftServerImpl (ServerState.java:<init>(103)) - 566b540d-5d54-415e-ae29-de122253aae0@group-38C9B1165AF3: ConfigurationManager, init=-1: [566b540d-5d54-415e-ae29-de122253aae0:192.168.151.66:33140], old=null, confs=<EMPTY_MAP>
2019-09-25 12:49:36,341 [pool-689-thread-1] INFO  server.RaftServerConfigKeys (ConfUtils.java:logGet(43)) - raft.server.storage.dir = [/workdir/hadoop-ozone/integration-test/target/test-dir/MiniOzoneClusterImpl-1154d014-32d6-4989-b40a-3009b5f24e17/datanode-1/data/ratis] (custom)
2019-09-25 12:49:36,342 [pool-689-thread-1] INFO  storage.RaftStorageDirectory (RaftStorageDirectory.java:analyzeStorage(246)) - The storage directory /workdir/hadoop-ozone/integration-test/target/test-dir/MiniOzoneClusterImpl-1154d014-32d6-4989-b40a-3009b5f24e17/datanode-1/data/ratis/f5374600-3791-4947-829d-38c9b1165af3 does not exist. Creating ...
2019-09-25 12:49:36,367 [IPC Server handler 3 on 34595] INFO  net.NetworkTopology (NetworkTopologyImpl.java:add(111)) - Added a new node: /default-rack/f1b18da4-9b89-435e-8c23-42ae5ffcfa33
2019-09-25 12:49:36,368 [IPC Server handler 3 on 34595] INFO  node.SCMNodeManager (SCMNodeManager.java:register(266)) - Registered Data node : f1b18da4-9b89-435e-8c23-42ae5ffcfa33{ip: 192.168.151.66, host: pr-hdds-2175-t596l-953197546, networkLocation: /default-rack, certSerialId: null}
2019-09-25 12:49:36,370 [pool-689-thread-1] INFO  storage.RaftStorageDirectory (RaftStorageDirectory.java:tryLock(328)) - Lock on /workdir/hadoop-ozone/integration-test/target/test-dir/MiniOzoneClusterImpl-1154d014-32d6-4989-b40a-3009b5f24e17/datanode-1/data/ratis/f5374600-3791-4947-829d-38c9b1165af3/in_use.lock acquired by nodename 19101@pr-hdds-2175-t596l-953197546
2019-09-25 12:49:36,409 [pool-689-thread-1] INFO  storage.RaftStorage (RaftStorage.java:format(72)) - Storage directory /workdir/hadoop-ozone/integration-test/target/test-dir/MiniOzoneClusterImpl-1154d014-32d6-4989-b40a-3009b5f24e17/datanode-1/data/ratis/f5374600-3791-4947-829d-38c9b1165af3 has been successfully formatted.
2019-09-25 12:49:36,409 [pool-689-thread-1] INFO  ratis.ContainerStateMachine (ContainerStateMachine.java:loadSnapshot(230)) - group-38C9B1165AF3: The snapshot info is null. Setting the last applied indexto:(t:0, i:~)
2019-09-25 12:49:36,409 [pool-689-thread-1] INFO  server.RaftServerConfigKeys (ConfUtils.java:logGet(43)) - raft.server.notification.no-leader.timeout = 120s (custom)
2019-09-25 12:49:36,410 [pool-689-thread-1] INFO  server.RaftServerConfigKeys (ConfUtils.java:logGet(43)) - raft.server.log.use.memory = false (default)
2019-09-25 12:49:36,410 [pool-689-thread-1] INFO  server.RaftServerConfigKeys (ConfUtils.java:logGet(43)) - raft.server.log.purge.gap = 1000000 (custom)
2019-09-25 12:49:36,410 [pool-689-thread-1] INFO  server.RaftServerConfigKeys (ConfUtils.java:logGet(43)) - raft.server.log.appender.buffer.byte-limit = 33554432 (custom)
2019-09-25 12:49:36,410 [pool-689-thread-1] INFO  server.RaftServerConfigKeys (ConfUtils.java:logGet(43)) - raft.server.log.segment.size.max = 1048576 (custom)
2019-09-25 12:49:36,410 [pool-689-thread-1] INFO  server.RaftServerConfigKeys (ConfUtils.java:logGet(43)) - raft.server.log.segment.cache.num.max = 2 (custom)
2019-09-25 12:49:36,410 [pool-689-thread-1] INFO  segmented.SegmentedRaftLogWorker (SegmentedRaftLogWorker.java:<init>(172)) - new 566b540d-5d54-415e-ae29-de122253aae0@group-38C9B1165AF3-SegmentedRaftLogWorker for RaftStorage:Storage Directory /workdir/hadoop-ozone/integration-test/target/test-dir/MiniOzoneClusterImpl-1154d014-32d6-4989-b40a-3009b5f24e17/datanode-1/data/ratis/f5374600-3791-4947-829d-38c9b1165af3
2019-09-25 12:49:36,412 [pool-689-thread-1] INFO  server.RaftServerConfigKeys (ConfUtils.java:logGet(43)) - raft.server.log.queue.byte-limit = 2147483647 (custom)
2019-09-25 12:49:36,412 [pool-689-thread-1] INFO  server.RaftServerConfigKeys (ConfUtils.java:logGet(43)) - raft.server.log.queue.element-limit = 1024 (custom)
2019-09-25 12:49:36,412 [pool-689-thread-1] INFO  server.RaftServerConfigKeys (ConfUtils.java:logGet(43)) - raft.server.log.segment.size.max = 1048576 (custom)
2019-09-25 12:49:36,413 [pool-689-thread-1] INFO  server.RaftServerConfigKeys (ConfUtils.java:logGet(43)) - raft.server.log.preallocated.size = 16384 (custom)
2019-09-25 12:49:36,413 [pool-689-thread-1] INFO  server.RaftServerConfigKeys (ConfUtils.java:logGet(43)) - raft.server.log.write.buffer.size = 33554432 (custom)
2019-09-25 12:49:36,413 [pool-689-thread-1] INFO  server.RaftServerConfigKeys (ConfUtils.java:logGet(43)) - raft.server.log.force.sync.num = 128 (default)
2019-09-25 12:49:36,413 [pool-689-thread-1] INFO  server.RaftServerConfigKeys (ConfUtils.java:logGet(43)) - raft.server.log.statemachine.data.sync = true (default)
2019-09-25 12:49:36,413 [pool-689-thread-1] INFO  server.RaftServerConfigKeys (ConfUtils.java:logGet(43)) - raft.server.log.statemachine.data.sync.timeout = 10s (default)
2019-09-25 12:49:36,413 [pool-689-thread-1] INFO  server.RaftServerConfigKeys (ConfUtils.java:logGet(43)) - raft.server.log.statemachine.data.sync.timeout.retry = -1 (default)
2019-09-25 12:49:36,413 [pool-689-thread-1] INFO  server.RaftServerConfigKeys (ConfUtils.java:logGet(43)) - raft.server.log.statemachine.data.caching.enabled = true (custom)
2019-09-25 12:49:36,414 [pool-689-thread-1] INFO  segmented.SegmentedRaftLogWorker (SegmentedRaftLogWorker.java:lambda$new$0(132)) - 566b540d-5d54-415e-ae29-de122253aae0@group-38C9B1165AF3-SegmentedRaftLogWorker: flushIndex: setUnconditionally 0 -> -1
2019-09-25 12:49:36,414 [pool-689-thread-1] INFO  server.RaftServerConfigKeys (ConfUtils.java:logGet(43)) - raft.server.snapshot.auto.trigger.enabled = true (custom)
2019-09-25 12:49:36,414 [pool-689-thread-1] INFO  server.RaftServerConfigKeys (ConfUtils.java:logGet(43)) - raft.server.snapshot.auto.trigger.threshold = 10000 (custom)
2019-09-25 12:49:36,414 [pool-689-thread-1] INFO  server.RaftServerConfigKeys (ConfUtils.java:logGet(43)) - raft.server.snapshot.retention.num.files = 5 (custom)
2019-09-25 12:49:36,415 [pool-689-thread-1] INFO  server.RaftServerConfigKeys (ConfUtils.java:logGet(43)) - raft.server.retrycache.expirytime = 600000ms (custom)
2019-09-25 12:49:36,416 [pool-689-thread-1] INFO  impl.RaftServerImpl (RaftServerImpl.java:start(185)) - 566b540d-5d54-415e-ae29-de122253aae0@group-38C9B1165AF3: start as a follower, conf=-1: [566b540d-5d54-415e-ae29-de122253aae0:192.168.151.66:33140], old=null
2019-09-25 12:49:36,416 [pool-689-thread-1] INFO  impl.RaftServerImpl (RaftServerImpl.java:setRole(174)) - 566b540d-5d54-415e-ae29-de122253aae0@group-38C9B1165AF3: changes role from      null to FOLLOWER at term 0 for startAsFollower
2019-09-25 12:49:36,416 [pool-689-thread-1] INFO  impl.RoleInfo (RoleInfo.java:updateAndGet(143)) - 566b540d-5d54-415e-ae29-de122253aae0: start FollowerState
2019-09-25 12:49:36,417 [pool-689-thread-1] INFO  util.JmxRegister (JmxRegister.java:tryRegister(44)) - Successfully registered JMX Bean with object name Ratis:service=RaftServer,group=group-38C9B1165AF3,id=566b540d-5d54-415e-ae29-de122253aae0
2019-09-25 12:49:36,419 [RatisPipelineUtilsThread] INFO  pipeline.PipelineStateManager (PipelineStateManager.java:addPipeline(56)) - Created pipeline Pipeline[ Id: f5374600-3791-4947-829d-38c9b1165af3, Nodes: 566b540d-5d54-415e-ae29-de122253aae0{ip: 192.168.151.66, host: pr-hdds-2175-t596l-953197546, networkLocation: /default-rack, certSerialId: null}, Type:RATIS, Factor:ONE, State:OPEN]
2019-09-25 12:49:36,427 [grpc-default-executor-1] INFO  impl.RaftServerProxy (RaftServerProxy.java:addNew(89)) - f1b18da4-9b89-435e-8c23-42ae5ffcfa33: addNew group-EF9FC736BA9F:[f1b18da4-9b89-435e-8c23-42ae5ffcfa33:192.168.151.66:36563] returns group-EF9FC736BA9F:java.util.concurrent.CompletableFuture@53ff0ff5[Not completed]
2019-09-25 12:49:36,429 [pool-699-thread-1] INFO  impl.RaftServerImpl (RaftServerImpl.java:<init>(95)) - f1b18da4-9b89-435e-8c23-42ae5ffcfa33: new RaftServerImpl for group-EF9FC736BA9F:[f1b18da4-9b89-435e-8c23-42ae5ffcfa33:192.168.151.66:36563] with ContainerStateMachine:uninitialized
2019-09-25 12:49:36,429 [pool-699-thread-1] INFO  server.RaftServerConfigKeys (ConfUtils.java:logGet(43)) - raft.server.rpc.timeout.min = 5s (custom)
2019-09-25 12:49:36,429 [pool-699-thread-1] INFO  server.RaftServerConfigKeys (ConfUtils.java:logGet(43)) - raft.server.rpc.timeout.max = 5200ms (custom)
2019-09-25 12:49:36,429 [pool-699-thread-1] INFO  server.RaftServerConfigKeys (ConfUtils.java:logGet(43)) - raft.server.rpcslowness.timeout = 120s (custom)
2019-09-25 12:49:36,429 [pool-699-thread-1] INFO  server.RaftServerConfigKeys (ConfUtils.java:logGet(43)) - raft.server.sleep.deviation.threshold = 300 (default)
2019-09-25 12:49:36,429 [pool-699-thread-1] INFO  server.RaftServerConfigKeys (ConfUtils.java:logGet(43)) - raft.server.log.appender.install.snapshot.enabled = false (custom)
2019-09-25 12:49:36,430 [pool-699-thread-1] INFO  impl.RaftServerImpl (ServerState.java:<init>(103)) - f1b18da4-9b89-435e-8c23-42ae5ffcfa33@group-EF9FC736BA9F: ConfigurationManager, init=-1: [f1b18da4-9b89-435e-8c23-42ae5ffcfa33:192.168.151.66:36563], old=null, confs=<EMPTY_MAP>
2019-09-25 12:49:36,430 [pool-699-thread-1] INFO  server.RaftServerConfigKeys (ConfUtils.java:logGet(43)) - raft.server.storage.dir = [/workdir/hadoop-ozone/integration-test/target/test-dir/MiniOzoneClusterImpl-1154d014-32d6-4989-b40a-3009b5f24e17/datanode-2/data/ratis] (custom)
2019-09-25 12:49:36,430 [pool-699-thread-1] INFO  storage.RaftStorageDirectory (RaftStorageDirectory.java:analyzeStorage(246)) - The storage directory /workdir/hadoop-ozone/integration-test/target/test-dir/MiniOzoneClusterImpl-1154d014-32d6-4989-b40a-3009b5f24e17/datanode-2/data/ratis/a555cf8e-11fd-485e-b6ed-ef9fc736ba9f does not exist. Creating ...
2019-09-25 12:49:36,433 [IPC Server handler 4 on 34595] INFO  net.NetworkTopology (NetworkTopologyImpl.java:add(111)) - Added a new node: /default-rack/3fecd095-e7b2-43c8-8ba6-ce5e973e15fd
2019-09-25 12:49:36,433 [IPC Server handler 4 on 34595] INFO  node.SCMNodeManager (SCMNodeManager.java:register(266)) - Registered Data node : 3fecd095-e7b2-43c8-8ba6-ce5e973e15fd{ip: 192.168.151.66, host: pr-hdds-2175-t596l-953197546, networkLocation: /default-rack, certSerialId: null}
2019-09-25 12:49:36,448 [pool-699-thread-1] INFO  storage.RaftStorageDirectory (RaftStorageDirectory.java:tryLock(328)) - Lock on /workdir/hadoop-ozone/integration-test/target/test-dir/MiniOzoneClusterImpl-1154d014-32d6-4989-b40a-3009b5f24e17/datanode-2/data/ratis/a555cf8e-11fd-485e-b6ed-ef9fc736ba9f/in_use.lock acquired by nodename 19101@pr-hdds-2175-t596l-953197546
2019-09-25 12:49:36,471 [pool-699-thread-1] INFO  storage.RaftStorage (RaftStorage.java:format(72)) - Storage directory /workdir/hadoop-ozone/integration-test/target/test-dir/MiniOzoneClusterImpl-1154d014-32d6-4989-b40a-3009b5f24e17/datanode-2/data/ratis/a555cf8e-11fd-485e-b6ed-ef9fc736ba9f has been successfully formatted.
2019-09-25 12:49:36,471 [pool-699-thread-1] INFO  ratis.ContainerStateMachine (ContainerStateMachine.java:loadSnapshot(230)) - group-EF9FC736BA9F: The snapshot info is null. Setting the last applied indexto:(t:0, i:~)
2019-09-25 12:49:36,471 [pool-699-thread-1] INFO  server.RaftServerConfigKeys (ConfUtils.java:logGet(43)) - raft.server.notification.no-leader.timeout = 120s (custom)
2019-09-25 12:49:36,471 [pool-699-thread-1] INFO  server.RaftServerConfigKeys (ConfUtils.java:logGet(43)) - raft.server.log.use.memory = false (default)
2019-09-25 12:49:36,471 [pool-699-thread-1] INFO  server.RaftServerConfigKeys (ConfUtils.java:logGet(43)) - raft.server.log.purge.gap = 1000000 (custom)
2019-09-25 12:49:36,472 [pool-699-thread-1] INFO  server.RaftServerConfigKeys (ConfUtils.java:logGet(43)) - raft.server.log.appender.buffer.byte-limit = 33554432 (custom)
2019-09-25 12:49:36,472 [pool-699-thread-1] INFO  server.RaftServerConfigKeys (ConfUtils.java:logGet(43)) - raft.server.log.segment.size.max = 1048576 (custom)
2019-09-25 12:49:36,472 [pool-699-thread-1] INFO  server.RaftServerConfigKeys (ConfUtils.java:logGet(43)) - raft.server.log.segment.cache.num.max = 2 (custom)
2019-09-25 12:49:36,472 [pool-699-thread-1] INFO  segmented.SegmentedRaftLogWorker (SegmentedRaftLogWorker.java:<init>(172)) - new f1b18da4-9b89-435e-8c23-42ae5ffcfa33@group-EF9FC736BA9F-SegmentedRaftLogWorker for RaftStorage:Storage Directory /workdir/hadoop-ozone/integration-test/target/test-dir/MiniOzoneClusterImpl-1154d014-32d6-4989-b40a-3009b5f24e17/datanode-2/data/ratis/a555cf8e-11fd-485e-b6ed-ef9fc736ba9f
2019-09-25 12:49:36,473 [pool-699-thread-1] INFO  server.RaftServerConfigKeys (ConfUtils.java:logGet(43)) - raft.server.log.queue.byte-limit = 2147483647 (custom)
2019-09-25 12:49:36,473 [pool-699-thread-1] INFO  server.RaftServerConfigKeys (ConfUtils.java:logGet(43)) - raft.server.log.queue.element-limit = 1024 (custom)
2019-09-25 12:49:36,474 [pool-699-thread-1] INFO  server.RaftServerConfigKeys (ConfUtils.java:logGet(43)) - raft.server.log.segment.size.max = 1048576 (custom)
2019-09-25 12:49:36,474 [pool-699-thread-1] INFO  server.RaftServerConfigKeys (ConfUtils.java:logGet(43)) - raft.server.log.preallocated.size = 16384 (custom)
2019-09-25 12:49:36,474 [pool-699-thread-1] INFO  server.RaftServerConfigKeys (ConfUtils.java:logGet(43)) - raft.server.log.write.buffer.size = 33554432 (custom)
2019-09-25 12:49:36,474 [pool-699-thread-1] INFO  server.RaftServerConfigKeys (ConfUtils.java:logGet(43)) - raft.server.log.force.sync.num = 128 (default)
2019-09-25 12:49:36,474 [pool-699-thread-1] INFO  server.RaftServerConfigKeys (ConfUtils.java:logGet(43)) - raft.server.log.statemachine.data.sync = true (default)
2019-09-25 12:49:36,474 [pool-699-thread-1] INFO  server.RaftServerConfigKeys (ConfUtils.java:logGet(43)) - raft.server.log.statemachine.data.sync.timeout = 10s (default)
2019-09-25 12:49:36,474 [pool-699-thread-1] INFO  server.RaftServerConfigKeys (ConfUtils.java:logGet(43)) - raft.server.log.statemachine.data.sync.timeout.retry = -1 (default)
2019-09-25 12:49:36,474 [pool-699-thread-1] INFO  server.RaftServerConfigKeys (ConfUtils.java:logGet(43)) - raft.server.log.statemachine.data.caching.enabled = true (custom)
2019-09-25 12:49:36,475 [pool-699-thread-1] INFO  segmented.SegmentedRaftLogWorker (SegmentedRaftLogWorker.java:lambda$new$0(132)) - f1b18da4-9b89-435e-8c23-42ae5ffcfa33@group-EF9FC736BA9F-SegmentedRaftLogWorker: flushIndex: setUnconditionally 0 -> -1
2019-09-25 12:49:36,475 [pool-699-thread-1] INFO  server.RaftServerConfigKeys (ConfUtils.java:logGet(43)) - raft.server.snapshot.auto.trigger.enabled = true (custom)
2019-09-25 12:49:36,475 [pool-699-thread-1] INFO  server.RaftServerConfigKeys (ConfUtils.java:logGet(43)) - raft.server.snapshot.auto.trigger.threshold = 10000 (custom)
2019-09-25 12:49:36,475 [pool-699-thread-1] INFO  server.RaftServerConfigKeys (ConfUtils.java:logGet(43)) - raft.server.snapshot.retention.num.files = 5 (custom)
2019-09-25 12:49:36,475 [pool-699-thread-1] INFO  server.RaftServerConfigKeys (ConfUtils.java:logGet(43)) - raft.server.retrycache.expirytime = 600000ms (custom)
2019-09-25 12:49:36,476 [pool-699-thread-1] INFO  impl.RaftServerImpl (RaftServerImpl.java:start(185)) - f1b18da4-9b89-435e-8c23-42ae5ffcfa33@group-EF9FC736BA9F: start as a follower, conf=-1: [f1b18da4-9b89-435e-8c23-42ae5ffcfa33:192.168.151.66:36563], old=null
2019-09-25 12:49:36,477 [pool-699-thread-1] INFO  impl.RaftServerImpl (RaftServerImpl.java:setRole(174)) - f1b18da4-9b89-435e-8c23-42ae5ffcfa33@group-EF9FC736BA9F: changes role from      null to FOLLOWER at term 0 for startAsFollower
2019-09-25 12:49:36,477 [pool-699-thread-1] INFO  impl.RoleInfo (RoleInfo.java:updateAndGet(143)) - f1b18da4-9b89-435e-8c23-42ae5ffcfa33: start FollowerState
2019-09-25 12:49:36,477 [pool-699-thread-1] INFO  util.JmxRegister (JmxRegister.java:tryRegister(44)) - Successfully registered JMX Bean with object name Ratis:service=RaftServer,group=group-EF9FC736BA9F,id=f1b18da4-9b89-435e-8c23-42ae5ffcfa33
2019-09-25 12:49:36,479 [RatisPipelineUtilsThread] INFO  pipeline.PipelineStateManager (PipelineStateManager.java:addPipeline(56)) - Created pipeline Pipeline[ Id: a555cf8e-11fd-485e-b6ed-ef9fc736ba9f, Nodes: f1b18da4-9b89-435e-8c23-42ae5ffcfa33{ip: 192.168.151.66, host: pr-hdds-2175-t596l-953197546, networkLocation: /default-rack, certSerialId: null}, Type:RATIS, Factor:ONE, State:OPEN]
2019-09-25 12:49:36,485 [grpc-default-executor-1] INFO  impl.RaftServerProxy (RaftServerProxy.java:addNew(89)) - 3fecd095-e7b2-43c8-8ba6-ce5e973e15fd: addNew group-6927A9F8D255:[3fecd095-e7b2-43c8-8ba6-ce5e973e15fd:192.168.151.66:45741] returns group-6927A9F8D255:java.util.concurrent.CompletableFuture@29bda5d1[Not completed]
2019-09-25 12:49:36,486 [pool-709-thread-1] INFO  impl.RaftServerImpl (RaftServerImpl.java:<init>(95)) - 3fecd095-e7b2-43c8-8ba6-ce5e973e15fd: new RaftServerImpl for group-6927A9F8D255:[3fecd095-e7b2-43c8-8ba6-ce5e973e15fd:192.168.151.66:45741] with ContainerStateMachine:uninitialized
2019-09-25 12:49:36,486 [pool-709-thread-1] INFO  server.RaftServerConfigKeys (ConfUtils.java:logGet(43)) - raft.server.rpc.timeout.min = 5s (custom)
2019-09-25 12:49:36,486 [pool-709-thread-1] INFO  server.RaftServerConfigKeys (ConfUtils.java:logGet(43)) - raft.server.rpc.timeout.max = 5200ms (custom)
2019-09-25 12:49:36,486 [pool-709-thread-1] INFO  server.RaftServerConfigKeys (ConfUtils.java:logGet(43)) - raft.server.rpcslowness.timeout = 120s (custom)
2019-09-25 12:49:36,486 [pool-709-thread-1] INFO  server.RaftServerConfigKeys (ConfUtils.java:logGet(43)) - raft.server.sleep.deviation.threshold = 300 (default)
2019-09-25 12:49:36,487 [pool-709-thread-1] INFO  server.RaftServerConfigKeys (ConfUtils.java:logGet(43)) - raft.server.log.appender.install.snapshot.enabled = false (custom)
2019-09-25 12:49:36,487 [pool-709-thread-1] INFO  impl.RaftServerImpl (ServerState.java:<init>(103)) - 3fecd095-e7b2-43c8-8ba6-ce5e973e15fd@group-6927A9F8D255: ConfigurationManager, init=-1: [3fecd095-e7b2-43c8-8ba6-ce5e973e15fd:192.168.151.66:45741], old=null, confs=<EMPTY_MAP>
2019-09-25 12:49:36,487 [pool-709-thread-1] INFO  server.RaftServerConfigKeys (ConfUtils.java:logGet(43)) - raft.server.storage.dir = [/workdir/hadoop-ozone/integration-test/target/test-dir/MiniOzoneClusterImpl-1154d014-32d6-4989-b40a-3009b5f24e17/datanode-3/data/ratis] (custom)
2019-09-25 12:49:36,487 [pool-709-thread-1] INFO  storage.RaftStorageDirectory (RaftStorageDirectory.java:analyzeStorage(246)) - The storage directory /workdir/hadoop-ozone/integration-test/target/test-dir/MiniOzoneClusterImpl-1154d014-32d6-4989-b40a-3009b5f24e17/datanode-3/data/ratis/23f01859-61e0-4b2c-8ab3-6927a9f8d255 does not exist. Creating ...
2019-09-25 12:49:36,499 [pool-709-thread-1] INFO  storage.RaftStorageDirectory (RaftStorageDirectory.java:tryLock(328)) - Lock on /workdir/hadoop-ozone/integration-test/target/test-dir/MiniOzoneClusterImpl-1154d014-32d6-4989-b40a-3009b5f24e17/datanode-3/data/ratis/23f01859-61e0-4b2c-8ab3-6927a9f8d255/in_use.lock acquired by nodename 19101@pr-hdds-2175-t596l-953197546
2019-09-25 12:49:36,504 [IPC Server handler 5 on 34595] INFO  net.NetworkTopology (NetworkTopologyImpl.java:add(111)) - Added a new node: /default-rack/fb0aa348-74e3-4f08-a5d8-e2c2e2c47515
2019-09-25 12:49:36,504 [IPC Server handler 5 on 34595] INFO  node.SCMNodeManager (SCMNodeManager.java:register(266)) - Registered Data node : fb0aa348-74e3-4f08-a5d8-e2c2e2c47515{ip: 192.168.151.66, host: pr-hdds-2175-t596l-953197546, networkLocation: /default-rack, certSerialId: null}
2019-09-25 12:49:36,512 [pool-709-thread-1] INFO  storage.RaftStorage (RaftStorage.java:format(72)) - Storage directory /workdir/hadoop-ozone/integration-test/target/test-dir/MiniOzoneClusterImpl-1154d014-32d6-4989-b40a-3009b5f24e17/datanode-3/data/ratis/23f01859-61e0-4b2c-8ab3-6927a9f8d255 has been successfully formatted.
2019-09-25 12:49:36,512 [pool-709-thread-1] INFO  ratis.ContainerStateMachine (ContainerStateMachine.java:loadSnapshot(230)) - group-6927A9F8D255: The snapshot info is null. Setting the last applied indexto:(t:0, i:~)
2019-09-25 12:49:36,512 [pool-709-thread-1] INFO  server.RaftServerConfigKeys (ConfUtils.java:logGet(43)) - raft.server.notification.no-leader.timeout = 120s (custom)
2019-09-25 12:49:36,513 [pool-709-thread-1] INFO  server.RaftServerConfigKeys (ConfUtils.java:logGet(43)) - raft.server.log.use.memory = false (default)
2019-09-25 12:49:36,513 [pool-709-thread-1] INFO  server.RaftServerConfigKeys (ConfUtils.java:logGet(43)) - raft.server.log.purge.gap = 1000000 (custom)
2019-09-25 12:49:36,513 [pool-709-thread-1] INFO  server.RaftServerConfigKeys (ConfUtils.java:logGet(43)) - raft.server.log.appender.buffer.byte-limit = 33554432 (custom)
2019-09-25 12:49:36,513 [pool-709-thread-1] INFO  server.RaftServerConfigKeys (ConfUtils.java:logGet(43)) - raft.server.log.segment.size.max = 1048576 (custom)
2019-09-25 12:49:36,513 [pool-709-thread-1] INFO  server.RaftServerConfigKeys (ConfUtils.java:logGet(43)) - raft.server.log.segment.cache.num.max = 2 (custom)
2019-09-25 12:49:36,513 [pool-709-thread-1] INFO  segmented.SegmentedRaftLogWorker (SegmentedRaftLogWorker.java:<init>(172)) - new 3fecd095-e7b2-43c8-8ba6-ce5e973e15fd@group-6927A9F8D255-SegmentedRaftLogWorker for RaftStorage:Storage Directory /workdir/hadoop-ozone/integration-test/target/test-dir/MiniOzoneClusterImpl-1154d014-32d6-4989-b40a-3009b5f24e17/datanode-3/data/ratis/23f01859-61e0-4b2c-8ab3-6927a9f8d255
2019-09-25 12:49:36,515 [pool-709-thread-1] INFO  server.RaftServerConfigKeys (ConfUtils.java:logGet(43)) - raft.server.log.queue.byte-limit = 2147483647 (custom)
2019-09-25 12:49:36,515 [pool-709-thread-1] INFO  server.RaftServerConfigKeys (ConfUtils.java:logGet(43)) - raft.server.log.queue.element-limit = 1024 (custom)
2019-09-25 12:49:36,516 [pool-709-thread-1] INFO  server.RaftServerConfigKeys (ConfUtils.java:logGet(43)) - raft.server.log.segment.size.max = 1048576 (custom)
2019-09-25 12:49:36,516 [pool-709-thread-1] INFO  server.RaftServerConfigKeys (ConfUtils.java:logGet(43)) - raft.server.log.preallocated.size = 16384 (custom)
2019-09-25 12:49:36,516 [pool-709-thread-1] INFO  server.RaftServerConfigKeys (ConfUtils.java:logGet(43)) - raft.server.log.write.buffer.size = 33554432 (custom)
2019-09-25 12:49:36,516 [pool-709-thread-1] INFO  server.RaftServerConfigKeys (ConfUtils.java:logGet(43)) - raft.server.log.force.sync.num = 128 (default)
2019-09-25 12:49:36,516 [pool-709-thread-1] INFO  server.RaftServerConfigKeys (ConfUtils.java:logGet(43)) - raft.server.log.statemachine.data.sync = true (default)
2019-09-25 12:49:36,516 [pool-709-thread-1] INFO  server.RaftServerConfigKeys (ConfUtils.java:logGet(43)) - raft.server.log.statemachine.data.sync.timeout = 10s (default)
2019-09-25 12:49:36,516 [pool-709-thread-1] INFO  server.RaftServerConfigKeys (ConfUtils.java:logGet(43)) - raft.server.log.statemachine.data.sync.timeout.retry = -1 (default)
2019-09-25 12:49:36,517 [pool-709-thread-1] INFO  server.RaftServerConfigKeys (ConfUtils.java:logGet(43)) - raft.server.log.statemachine.data.caching.enabled = true (custom)
2019-09-25 12:49:36,517 [pool-709-thread-1] INFO  segmented.SegmentedRaftLogWorker (SegmentedRaftLogWorker.java:lambda$new$0(132)) - 3fecd095-e7b2-43c8-8ba6-ce5e973e15fd@group-6927A9F8D255-SegmentedRaftLogWorker: flushIndex: setUnconditionally 0 -> -1
2019-09-25 12:49:36,517 [pool-709-thread-1] INFO  server.RaftServerConfigKeys (ConfUtils.java:logGet(43)) - raft.server.snapshot.auto.trigger.enabled = true (custom)
2019-09-25 12:49:36,517 [pool-709-thread-1] INFO  server.RaftServerConfigKeys (ConfUtils.java:logGet(43)) - raft.server.snapshot.auto.trigger.threshold = 10000 (custom)
2019-09-25 12:49:36,517 [pool-709-thread-1] INFO  server.RaftServerConfigKeys (ConfUtils.java:logGet(43)) - raft.server.snapshot.retention.num.files = 5 (custom)
2019-09-25 12:49:36,518 [pool-709-thread-1] INFO  server.RaftServerConfigKeys (ConfUtils.java:logGet(43)) - raft.server.retrycache.expirytime = 600000ms (custom)
2019-09-25 12:49:36,519 [pool-709-thread-1] INFO  impl.RaftServerImpl (RaftServerImpl.java:start(185)) - 3fecd095-e7b2-43c8-8ba6-ce5e973e15fd@group-6927A9F8D255: start as a follower, conf=-1: [3fecd095-e7b2-43c8-8ba6-ce5e973e15fd:192.168.151.66:45741], old=null
2019-09-25 12:49:36,519 [pool-709-thread-1] INFO  impl.RaftServerImpl (RaftServerImpl.java:setRole(174)) - 3fecd095-e7b2-43c8-8ba6-ce5e973e15fd@group-6927A9F8D255: changes role from      null to FOLLOWER at term 0 for startAsFollower
2019-09-25 12:49:36,520 [pool-709-thread-1] INFO  impl.RoleInfo (RoleInfo.java:updateAndGet(143)) - 3fecd095-e7b2-43c8-8ba6-ce5e973e15fd: start FollowerState
2019-09-25 12:49:36,520 [pool-709-thread-1] INFO  util.JmxRegister (JmxRegister.java:tryRegister(44)) - Successfully registered JMX Bean with object name Ratis:service=RaftServer,group=group-6927A9F8D255,id=3fecd095-e7b2-43c8-8ba6-ce5e973e15fd
2019-09-25 12:49:36,522 [RatisPipelineUtilsThread] INFO  pipeline.PipelineStateManager (PipelineStateManager.java:addPipeline(56)) - Created pipeline Pipeline[ Id: 23f01859-61e0-4b2c-8ab3-6927a9f8d255, Nodes: 3fecd095-e7b2-43c8-8ba6-ce5e973e15fd{ip: 192.168.151.66, host: pr-hdds-2175-t596l-953197546, networkLocation: /default-rack, certSerialId: null}, Type:RATIS, Factor:ONE, State:OPEN]
2019-09-25 12:49:36,528 [grpc-default-executor-1] INFO  impl.RaftServerProxy (RaftServerProxy.java:addNew(89)) - fb0aa348-74e3-4f08-a5d8-e2c2e2c47515: addNew group-4D2CCAD30CB0:[fb0aa348-74e3-4f08-a5d8-e2c2e2c47515:192.168.151.66:41190] returns group-4D2CCAD30CB0:java.util.concurrent.CompletableFuture@be55f82[Not completed]
2019-09-25 12:49:36,529 [pool-719-thread-1] INFO  impl.RaftServerImpl (RaftServerImpl.java:<init>(95)) - fb0aa348-74e3-4f08-a5d8-e2c2e2c47515: new RaftServerImpl for group-4D2CCAD30CB0:[fb0aa348-74e3-4f08-a5d8-e2c2e2c47515:192.168.151.66:41190] with ContainerStateMachine:uninitialized
2019-09-25 12:49:36,529 [pool-719-thread-1] INFO  server.RaftServerConfigKeys (ConfUtils.java:logGet(43)) - raft.server.rpc.timeout.min = 5s (custom)
2019-09-25 12:49:36,529 [pool-719-thread-1] INFO  server.RaftServerConfigKeys (ConfUtils.java:logGet(43)) - raft.server.rpc.timeout.max = 5200ms (custom)
2019-09-25 12:49:36,529 [pool-719-thread-1] INFO  server.RaftServerConfigKeys (ConfUtils.java:logGet(43)) - raft.server.rpcslowness.timeout = 120s (custom)
2019-09-25 12:49:36,529 [pool-719-thread-1] INFO  server.RaftServerConfigKeys (ConfUtils.java:logGet(43)) - raft.server.sleep.deviation.threshold = 300 (default)
2019-09-25 12:49:36,529 [pool-719-thread-1] INFO  server.RaftServerConfigKeys (ConfUtils.java:logGet(43)) - raft.server.log.appender.install.snapshot.enabled = false (custom)
2019-09-25 12:49:36,529 [pool-719-thread-1] INFO  impl.RaftServerImpl (ServerState.java:<init>(103)) - fb0aa348-74e3-4f08-a5d8-e2c2e2c47515@group-4D2CCAD30CB0: ConfigurationManager, init=-1: [fb0aa348-74e3-4f08-a5d8-e2c2e2c47515:192.168.151.66:41190], old=null, confs=<EMPTY_MAP>
2019-09-25 12:49:36,529 [pool-719-thread-1] INFO  server.RaftServerConfigKeys (ConfUtils.java:logGet(43)) - raft.server.storage.dir = [/workdir/hadoop-ozone/integration-test/target/test-dir/MiniOzoneClusterImpl-1154d014-32d6-4989-b40a-3009b5f24e17/datanode-4/data/ratis] (custom)
2019-09-25 12:49:36,530 [pool-719-thread-1] INFO  storage.RaftStorageDirectory (RaftStorageDirectory.java:analyzeStorage(246)) - The storage directory /workdir/hadoop-ozone/integration-test/target/test-dir/MiniOzoneClusterImpl-1154d014-32d6-4989-b40a-3009b5f24e17/datanode-4/data/ratis/4ce226b4-1b68-4737-b8dc-4d2ccad30cb0 does not exist. Creating ...
2019-09-25 12:49:36,542 [pool-719-thread-1] INFO  storage.RaftStorageDirectory (RaftStorageDirectory.java:tryLock(328)) - Lock on /workdir/hadoop-ozone/integration-test/target/test-dir/MiniOzoneClusterImpl-1154d014-32d6-4989-b40a-3009b5f24e17/datanode-4/data/ratis/4ce226b4-1b68-4737-b8dc-4d2ccad30cb0/in_use.lock acquired by nodename 19101@pr-hdds-2175-t596l-953197546
2019-09-25 12:49:36,554 [pool-719-thread-1] INFO  storage.RaftStorage (RaftStorage.java:format(72)) - Storage directory /workdir/hadoop-ozone/integration-test/target/test-dir/MiniOzoneClusterImpl-1154d014-32d6-4989-b40a-3009b5f24e17/datanode-4/data/ratis/4ce226b4-1b68-4737-b8dc-4d2ccad30cb0 has been successfully formatted.
2019-09-25 12:49:36,555 [pool-719-thread-1] INFO  ratis.ContainerStateMachine (ContainerStateMachine.java:loadSnapshot(230)) - group-4D2CCAD30CB0: The snapshot info is null. Setting the last applied indexto:(t:0, i:~)
2019-09-25 12:49:36,555 [pool-719-thread-1] INFO  server.RaftServerConfigKeys (ConfUtils.java:logGet(43)) - raft.server.notification.no-leader.timeout = 120s (custom)
2019-09-25 12:49:36,555 [pool-719-thread-1] INFO  server.RaftServerConfigKeys (ConfUtils.java:logGet(43)) - raft.server.log.use.memory = false (default)
2019-09-25 12:49:36,555 [pool-719-thread-1] INFO  server.RaftServerConfigKeys (ConfUtils.java:logGet(43)) - raft.server.log.purge.gap = 1000000 (custom)
2019-09-25 12:49:36,555 [pool-719-thread-1] INFO  server.RaftServerConfigKeys (ConfUtils.java:logGet(43)) - raft.server.log.appender.buffer.byte-limit = 33554432 (custom)
2019-09-25 12:49:36,555 [pool-719-thread-1] INFO  server.RaftServerConfigKeys (ConfUtils.java:logGet(43)) - raft.server.log.segment.size.max = 1048576 (custom)
2019-09-25 12:49:36,555 [pool-719-thread-1] INFO  server.RaftServerConfigKeys (ConfUtils.java:logGet(43)) - raft.server.log.segment.cache.num.max = 2 (custom)
2019-09-25 12:49:36,555 [pool-719-thread-1] INFO  segmented.SegmentedRaftLogWorker (SegmentedRaftLogWorker.java:<init>(172)) - new fb0aa348-74e3-4f08-a5d8-e2c2e2c47515@group-4D2CCAD30CB0-SegmentedRaftLogWorker for RaftStorage:Storage Directory /workdir/hadoop-ozone/integration-test/target/test-dir/MiniOzoneClusterImpl-1154d014-32d6-4989-b40a-3009b5f24e17/datanode-4/data/ratis/4ce226b4-1b68-4737-b8dc-4d2ccad30cb0
2019-09-25 12:49:36,556 [pool-719-thread-1] INFO  server.RaftServerConfigKeys (ConfUtils.java:logGet(43)) - raft.server.log.queue.byte-limit = 2147483647 (custom)
2019-09-25 12:49:36,556 [pool-719-thread-1] INFO  server.RaftServerConfigKeys (ConfUtils.java:logGet(43)) - raft.server.log.queue.element-limit = 1024 (custom)
2019-09-25 12:49:36,556 [pool-719-thread-1] INFO  server.RaftServerConfigKeys (ConfUtils.java:logGet(43)) - raft.server.log.segment.size.max = 1048576 (custom)
2019-09-25 12:49:36,557 [pool-719-thread-1] INFO  server.RaftServerConfigKeys (ConfUtils.java:logGet(43)) - raft.server.log.preallocated.size = 16384 (custom)
2019-09-25 12:49:36,557 [pool-719-thread-1] INFO  server.RaftServerConfigKeys (ConfUtils.java:logGet(43)) - raft.server.log.write.buffer.size = 33554432 (custom)
2019-09-25 12:49:36,557 [pool-719-thread-1] INFO  server.RaftServerConfigKeys (ConfUtils.java:logGet(43)) - raft.server.log.force.sync.num = 128 (default)
2019-09-25 12:49:36,557 [pool-719-thread-1] INFO  server.RaftServerConfigKeys (ConfUtils.java:logGet(43)) - raft.server.log.statemachine.data.sync = true (default)
2019-09-25 12:49:36,557 [pool-719-thread-1] INFO  server.RaftServerConfigKeys (ConfUtils.java:logGet(43)) - raft.server.log.statemachine.data.sync.timeout = 10s (default)
2019-09-25 12:49:36,557 [pool-719-thread-1] INFO  server.RaftServerConfigKeys (ConfUtils.java:logGet(43)) - raft.server.log.statemachine.data.sync.timeout.retry = -1 (default)
2019-09-25 12:49:36,557 [pool-719-thread-1] INFO  server.RaftServerConfigKeys (ConfUtils.java:logGet(43)) - raft.server.log.statemachine.data.caching.enabled = true (custom)
2019-09-25 12:49:36,557 [pool-719-thread-1] INFO  segmented.SegmentedRaftLogWorker (SegmentedRaftLogWorker.java:lambda$new$0(132)) - fb0aa348-74e3-4f08-a5d8-e2c2e2c47515@group-4D2CCAD30CB0-SegmentedRaftLogWorker: flushIndex: setUnconditionally 0 -> -1
2019-09-25 12:49:36,558 [pool-719-thread-1] INFO  server.RaftServerConfigKeys (ConfUtils.java:logGet(43)) - raft.server.snapshot.auto.trigger.enabled = true (custom)
2019-09-25 12:49:36,558 [pool-719-thread-1] INFO  server.RaftServerConfigKeys (ConfUtils.java:logGet(43)) - raft.server.snapshot.auto.trigger.threshold = 10000 (custom)
2019-09-25 12:49:36,558 [pool-719-thread-1] INFO  server.RaftServerConfigKeys (ConfUtils.java:logGet(43)) - raft.server.snapshot.retention.num.files = 5 (custom)
2019-09-25 12:49:36,558 [pool-719-thread-1] INFO  server.RaftServerConfigKeys (ConfUtils.java:logGet(43)) - raft.server.retrycache.expirytime = 600000ms (custom)
2019-09-25 12:49:36,559 [pool-719-thread-1] INFO  impl.RaftServerImpl (RaftServerImpl.java:start(185)) - fb0aa348-74e3-4f08-a5d8-e2c2e2c47515@group-4D2CCAD30CB0: start as a follower, conf=-1: [fb0aa348-74e3-4f08-a5d8-e2c2e2c47515:192.168.151.66:41190], old=null
2019-09-25 12:49:36,559 [pool-719-thread-1] INFO  impl.RaftServerImpl (RaftServerImpl.java:setRole(174)) - fb0aa348-74e3-4f08-a5d8-e2c2e2c47515@group-4D2CCAD30CB0: changes role from      null to FOLLOWER at term 0 for startAsFollower
2019-09-25 12:49:36,559 [pool-719-thread-1] INFO  impl.RoleInfo (RoleInfo.java:updateAndGet(143)) - fb0aa348-74e3-4f08-a5d8-e2c2e2c47515: start FollowerState
2019-09-25 12:49:36,559 [pool-719-thread-1] INFO  util.JmxRegister (JmxRegister.java:tryRegister(44)) - Successfully registered JMX Bean with object name Ratis:service=RaftServer,group=group-4D2CCAD30CB0,id=fb0aa348-74e3-4f08-a5d8-e2c2e2c47515
2019-09-25 12:49:36,561 [RatisPipelineUtilsThread] INFO  pipeline.PipelineStateManager (PipelineStateManager.java:addPipeline(56)) - Created pipeline Pipeline[ Id: 4ce226b4-1b68-4737-b8dc-4d2ccad30cb0, Nodes: fb0aa348-74e3-4f08-a5d8-e2c2e2c47515{ip: 192.168.151.66, host: pr-hdds-2175-t596l-953197546, networkLocation: /default-rack, certSerialId: null}, Type:RATIS, Factor:ONE, State:OPEN]
2019-09-25 12:49:36,570 [IPC Server handler 6 on 34595] INFO  net.NetworkTopology (NetworkTopologyImpl.java:add(111)) - Added a new node: /default-rack/afc774d3-ff67-43cc-88c7-ca5513c32fb1
2019-09-25 12:49:36,570 [IPC Server handler 6 on 34595] INFO  node.SCMNodeManager (SCMNodeManager.java:register(266)) - Registered Data node : afc774d3-ff67-43cc-88c7-ca5513c32fb1{ip: 192.168.151.66, host: pr-hdds-2175-t596l-953197546, networkLocation: /default-rack, certSerialId: null}
2019-09-25 12:49:36,578 [grpc-default-executor-5] INFO  impl.RaftServerProxy (RaftServerProxy.java:addNew(89)) - f1b18da4-9b89-435e-8c23-42ae5ffcfa33: addNew group-C458C0936096:[fb0aa348-74e3-4f08-a5d8-e2c2e2c47515:192.168.151.66:41190, 4d7f1931-da22-4277-8e70-be8e40e12960:192.168.151.66:35684, f1b18da4-9b89-435e-8c23-42ae5ffcfa33:192.168.151.66:36563] returns group-C458C0936096:java.util.concurrent.CompletableFuture@ea0cfc8[Not completed]
2019-09-25 12:49:36,578 [grpc-default-executor-4] INFO  impl.RaftServerProxy (RaftServerProxy.java:addNew(89)) - fb0aa348-74e3-4f08-a5d8-e2c2e2c47515: addNew group-C458C0936096:[fb0aa348-74e3-4f08-a5d8-e2c2e2c47515:192.168.151.66:41190, 4d7f1931-da22-4277-8e70-be8e40e12960:192.168.151.66:35684, f1b18da4-9b89-435e-8c23-42ae5ffcfa33:192.168.151.66:36563] returns group-C458C0936096:java.util.concurrent.CompletableFuture@58bf9025[Not completed]
2019-09-25 12:49:36,579 [grpc-default-executor-4] INFO  impl.RaftServerProxy (RaftServerProxy.java:addNew(89)) - 4d7f1931-da22-4277-8e70-be8e40e12960: addNew group-C458C0936096:[fb0aa348-74e3-4f08-a5d8-e2c2e2c47515:192.168.151.66:41190, 4d7f1931-da22-4277-8e70-be8e40e12960:192.168.151.66:35684, f1b18da4-9b89-435e-8c23-42ae5ffcfa33:192.168.151.66:36563] returns group-C458C0936096:java.util.concurrent.CompletableFuture@796fa1dd[Not completed]
2019-09-25 12:49:36,582 [pool-699-thread-1] INFO  impl.RaftServerImpl (RaftServerImpl.java:<init>(95)) - f1b18da4-9b89-435e-8c23-42ae5ffcfa33: new RaftServerImpl for group-C458C0936096:[fb0aa348-74e3-4f08-a5d8-e2c2e2c47515:192.168.151.66:41190, 4d7f1931-da22-4277-8e70-be8e40e12960:192.168.151.66:35684, f1b18da4-9b89-435e-8c23-42ae5ffcfa33:192.168.151.66:36563] with ContainerStateMachine:uninitialized
2019-09-25 12:49:36,582 [pool-699-thread-1] INFO  server.RaftServerConfigKeys (ConfUtils.java:logGet(43)) - raft.server.rpc.timeout.min = 5s (custom)
2019-09-25 12:49:36,582 [pool-699-thread-1] INFO  server.RaftServerConfigKeys (ConfUtils.java:logGet(43)) - raft.server.rpc.timeout.max = 5200ms (custom)
2019-09-25 12:49:36,582 [pool-699-thread-1] INFO  server.RaftServerConfigKeys (ConfUtils.java:logGet(43)) - raft.server.rpcslowness.timeout = 120s (custom)
2019-09-25 12:49:36,582 [pool-719-thread-1] INFO  impl.RaftServerImpl (RaftServerImpl.java:<init>(95)) - fb0aa348-74e3-4f08-a5d8-e2c2e2c47515: new RaftServerImpl for group-C458C0936096:[fb0aa348-74e3-4f08-a5d8-e2c2e2c47515:192.168.151.66:41190, 4d7f1931-da22-4277-8e70-be8e40e12960:192.168.151.66:35684, f1b18da4-9b89-435e-8c23-42ae5ffcfa33:192.168.151.66:36563] with ContainerStateMachine:uninitialized
2019-09-25 12:49:36,582 [pool-699-thread-1] INFO  server.RaftServerConfigKeys (ConfUtils.java:logGet(43)) - raft.server.sleep.deviation.threshold = 300 (default)
2019-09-25 12:49:36,582 [pool-719-thread-1] INFO  server.RaftServerConfigKeys (ConfUtils.java:logGet(43)) - raft.server.rpc.timeout.min = 5s (custom)
2019-09-25 12:49:36,582 [pool-699-thread-1] INFO  server.RaftServerConfigKeys (ConfUtils.java:logGet(43)) - raft.server.log.appender.install.snapshot.enabled = false (custom)
2019-09-25 12:49:36,583 [pool-719-thread-1] INFO  server.RaftServerConfigKeys (ConfUtils.java:logGet(43)) - raft.server.rpc.timeout.max = 5200ms (custom)
2019-09-25 12:49:36,583 [pool-679-thread-1] INFO  impl.RaftServerImpl (RaftServerImpl.java:<init>(95)) - 4d7f1931-da22-4277-8e70-be8e40e12960: new RaftServerImpl for group-C458C0936096:[fb0aa348-74e3-4f08-a5d8-e2c2e2c47515:192.168.151.66:41190, 4d7f1931-da22-4277-8e70-be8e40e12960:192.168.151.66:35684, f1b18da4-9b89-435e-8c23-42ae5ffcfa33:192.168.151.66:36563] with ContainerStateMachine:uninitialized
2019-09-25 12:49:36,583 [pool-699-thread-1] INFO  impl.RaftServerImpl (ServerState.java:<init>(103)) - f1b18da4-9b89-435e-8c23-42ae5ffcfa33@group-C458C0936096: ConfigurationManager, init=-1: [fb0aa348-74e3-4f08-a5d8-e2c2e2c47515:192.168.151.66:41190, 4d7f1931-da22-4277-8e70-be8e40e12960:192.168.151.66:35684, f1b18da4-9b89-435e-8c23-42ae5ffcfa33:192.168.151.66:36563], old=null, confs=<EMPTY_MAP>
2019-09-25 12:49:36,583 [pool-679-thread-1] INFO  server.RaftServerConfigKeys (ConfUtils.java:logGet(43)) - raft.server.rpc.timeout.min = 5s (custom)
2019-09-25 12:49:36,583 [pool-719-thread-1] INFO  server.RaftServerConfigKeys (ConfUtils.java:logGet(43)) - raft.server.rpcslowness.timeout = 120s (custom)
2019-09-25 12:49:36,583 [pool-679-thread-1] INFO  server.RaftServerConfigKeys (ConfUtils.java:logGet(43)) - raft.server.rpc.timeout.max = 5200ms (custom)
2019-09-25 12:49:36,583 [pool-699-thread-1] INFO  server.RaftServerConfigKeys (ConfUtils.java:logGet(43)) - raft.server.storage.dir = [/workdir/hadoop-ozone/integration-test/target/test-dir/MiniOzoneClusterImpl-1154d014-32d6-4989-b40a-3009b5f24e17/datanode-2/data/ratis] (custom)
2019-09-25 12:49:36,583 [pool-679-thread-1] INFO  server.RaftServerConfigKeys (ConfUtils.java:logGet(43)) - raft.server.rpcslowness.timeout = 120s (custom)
2019-09-25 12:49:36,583 [pool-719-thread-1] INFO  server.RaftServerConfigKeys (ConfUtils.java:logGet(43)) - raft.server.sleep.deviation.threshold = 300 (default)
2019-09-25 12:49:36,583 [pool-679-thread-1] INFO  server.RaftServerConfigKeys (ConfUtils.java:logGet(43)) - raft.server.sleep.deviation.threshold = 300 (default)
2019-09-25 12:49:36,584 [pool-699-thread-1] INFO  storage.RaftStorageDirectory (RaftStorageDirectory.java:analyzeStorage(246)) - The storage directory /workdir/hadoop-ozone/integration-test/target/test-dir/MiniOzoneClusterImpl-1154d014-32d6-4989-b40a-3009b5f24e17/datanode-2/data/ratis/9d56fd94-84cb-4620-851c-c458c0936096 does not exist. Creating ...
2019-09-25 12:49:36,584 [pool-719-thread-1] INFO  server.RaftServerConfigKeys (ConfUtils.java:logGet(43)) - raft.server.log.appender.install.snapshot.enabled = false (custom)
2019-09-25 12:49:36,584 [pool-679-thread-1] INFO  server.RaftServerConfigKeys (ConfUtils.java:logGet(43)) - raft.server.log.appender.install.snapshot.enabled = false (custom)
2019-09-25 12:49:36,584 [pool-719-thread-1] INFO  impl.RaftServerImpl (ServerState.java:<init>(103)) - fb0aa348-74e3-4f08-a5d8-e2c2e2c47515@group-C458C0936096: ConfigurationManager, init=-1: [fb0aa348-74e3-4f08-a5d8-e2c2e2c47515:192.168.151.66:41190, 4d7f1931-da22-4277-8e70-be8e40e12960:192.168.151.66:35684, f1b18da4-9b89-435e-8c23-42ae5ffcfa33:192.168.151.66:36563], old=null, confs=<EMPTY_MAP>
2019-09-25 12:49:36,584 [pool-679-thread-1] INFO  impl.RaftServerImpl (ServerState.java:<init>(103)) - 4d7f1931-da22-4277-8e70-be8e40e12960@group-C458C0936096: ConfigurationManager, init=-1: [fb0aa348-74e3-4f08-a5d8-e2c2e2c47515:192.168.151.66:41190, 4d7f1931-da22-4277-8e70-be8e40e12960:192.168.151.66:35684, f1b18da4-9b89-435e-8c23-42ae5ffcfa33:192.168.151.66:36563], old=null, confs=<EMPTY_MAP>
2019-09-25 12:49:36,584 [pool-719-thread-1] INFO  server.RaftServerConfigKeys (ConfUtils.java:logGet(43)) - raft.server.storage.dir = [/workdir/hadoop-ozone/integration-test/target/test-dir/MiniOzoneClusterImpl-1154d014-32d6-4989-b40a-3009b5f24e17/datanode-4/data/ratis] (custom)
2019-09-25 12:49:36,584 [pool-679-thread-1] INFO  server.RaftServerConfigKeys (ConfUtils.java:logGet(43)) - raft.server.storage.dir = [/workdir/hadoop-ozone/integration-test/target/test-dir/MiniOzoneClusterImpl-1154d014-32d6-4989-b40a-3009b5f24e17/datanode-0/data/ratis] (custom)
2019-09-25 12:49:36,584 [pool-719-thread-1] INFO  storage.RaftStorageDirectory (RaftStorageDirectory.java:analyzeStorage(246)) - The storage directory /workdir/hadoop-ozone/integration-test/target/test-dir/MiniOzoneClusterImpl-1154d014-32d6-4989-b40a-3009b5f24e17/datanode-4/data/ratis/9d56fd94-84cb-4620-851c-c458c0936096 does not exist. Creating ...
2019-09-25 12:49:36,585 [pool-679-thread-1] INFO  storage.RaftStorageDirectory (RaftStorageDirectory.java:analyzeStorage(246)) - The storage directory /workdir/hadoop-ozone/integration-test/target/test-dir/MiniOzoneClusterImpl-1154d014-32d6-4989-b40a-3009b5f24e17/datanode-0/data/ratis/9d56fd94-84cb-4620-851c-c458c0936096 does not exist. Creating ...
2019-09-25 12:49:36,597 [pool-719-thread-1] INFO  storage.RaftStorageDirectory (RaftStorageDirectory.java:tryLock(328)) - Lock on /workdir/hadoop-ozone/integration-test/target/test-dir/MiniOzoneClusterImpl-1154d014-32d6-4989-b40a-3009b5f24e17/datanode-4/data/ratis/9d56fd94-84cb-4620-851c-c458c0936096/in_use.lock acquired by nodename 19101@pr-hdds-2175-t596l-953197546
2019-09-25 12:49:36,597 [pool-679-thread-1] INFO  storage.RaftStorageDirectory (RaftStorageDirectory.java:tryLock(328)) - Lock on /workdir/hadoop-ozone/integration-test/target/test-dir/MiniOzoneClusterImpl-1154d014-32d6-4989-b40a-3009b5f24e17/datanode-0/data/ratis/9d56fd94-84cb-4620-851c-c458c0936096/in_use.lock acquired by nodename 19101@pr-hdds-2175-t596l-953197546
2019-09-25 12:49:36,597 [pool-699-thread-1] INFO  storage.RaftStorageDirectory (RaftStorageDirectory.java:tryLock(328)) - Lock on /workdir/hadoop-ozone/integration-test/target/test-dir/MiniOzoneClusterImpl-1154d014-32d6-4989-b40a-3009b5f24e17/datanode-2/data/ratis/9d56fd94-84cb-4620-851c-c458c0936096/in_use.lock acquired by nodename 19101@pr-hdds-2175-t596l-953197546
2019-09-25 12:49:36,624 [IPC Server handler 9 on 34595] INFO  net.NetworkTopology (NetworkTopologyImpl.java:add(111)) - Added a new node: /default-rack/07cfe84e-4aa5-4a80-9b1f-bf1d9bb36805
2019-09-25 12:49:36,624 [IPC Server handler 9 on 34595] INFO  node.SCMNodeManager (SCMNodeManager.java:register(266)) - Registered Data node : 07cfe84e-4aa5-4a80-9b1f-bf1d9bb36805{ip: 192.168.151.66, host: pr-hdds-2175-t596l-953197546, networkLocation: /default-rack, certSerialId: null}
2019-09-25 12:49:36,625 [main] INFO  ozone.MiniOzoneClusterImpl (MiniOzoneClusterImpl.java:lambda$waitForClusterToBeReady$0(147)) - Cluster is ready. Got 7 of 7 DN Heartbeats.
2019-09-25 12:49:36,655 [pool-679-thread-1] INFO  storage.RaftStorage (RaftStorage.java:format(72)) - Storage directory /workdir/hadoop-ozone/integration-test/target/test-dir/MiniOzoneClusterImpl-1154d014-32d6-4989-b40a-3009b5f24e17/datanode-0/data/ratis/9d56fd94-84cb-4620-851c-c458c0936096 has been successfully formatted.
2019-09-25 12:49:36,655 [pool-719-thread-1] INFO  storage.RaftStorage (RaftStorage.java:format(72)) - Storage directory /workdir/hadoop-ozone/integration-test/target/test-dir/MiniOzoneClusterImpl-1154d014-32d6-4989-b40a-3009b5f24e17/datanode-4/data/ratis/9d56fd94-84cb-4620-851c-c458c0936096 has been successfully formatted.
2019-09-25 12:49:36,655 [pool-679-thread-1] INFO  ratis.ContainerStateMachine (ContainerStateMachine.java:loadSnapshot(230)) - group-C458C0936096: The snapshot info is null. Setting the last applied indexto:(t:0, i:~)
2019-09-25 12:49:36,655 [pool-699-thread-1] INFO  storage.RaftStorage (RaftStorage.java:format(72)) - Storage directory /workdir/hadoop-ozone/integration-test/target/test-dir/MiniOzoneClusterImpl-1154d014-32d6-4989-b40a-3009b5f24e17/datanode-2/data/ratis/9d56fd94-84cb-4620-851c-c458c0936096 has been successfully formatted.
2019-09-25 12:49:36,655 [pool-679-thread-1] INFO  server.RaftServerConfigKeys (ConfUtils.java:logGet(43)) - raft.server.notification.no-leader.timeout = 120s (custom)
2019-09-25 12:49:36,656 [pool-699-thread-1] INFO  ratis.ContainerStateMachine (ContainerStateMachine.java:loadSnapshot(230)) - group-C458C0936096: The snapshot info is null. Setting the last applied indexto:(t:0, i:~)
2019-09-25 12:49:36,655 [pool-719-thread-1] INFO  ratis.ContainerStateMachine (ContainerStateMachine.java:loadSnapshot(230)) - group-C458C0936096: The snapshot info is null. Setting the last applied indexto:(t:0, i:~)
2019-09-25 12:49:36,656 [pool-699-thread-1] INFO  server.RaftServerConfigKeys (ConfUtils.java:logGet(43)) - raft.server.notification.no-leader.timeout = 120s (custom)
2019-09-25 12:49:36,656 [pool-699-thread-1] INFO  server.RaftServerConfigKeys (ConfUtils.java:logGet(43)) - raft.server.log.use.memory = false (default)
2019-09-25 12:49:36,656 [pool-679-thread-1] INFO  server.RaftServerConfigKeys (ConfUtils.java:logGet(43)) - raft.server.log.use.memory = false (default)
2019-09-25 12:49:36,656 [pool-699-thread-1] INFO  server.RaftServerConfigKeys (ConfUtils.java:logGet(43)) - raft.server.log.purge.gap = 1000000 (custom)
2019-09-25 12:49:36,656 [pool-719-thread-1] INFO  server.RaftServerConfigKeys (ConfUtils.java:logGet(43)) - raft.server.notification.no-leader.timeout = 120s (custom)
2019-09-25 12:49:36,657 [pool-699-thread-1] INFO  server.RaftServerConfigKeys (ConfUtils.java:logGet(43)) - raft.server.log.appender.buffer.byte-limit = 33554432 (custom)
2019-09-25 12:49:36,657 [pool-679-thread-1] INFO  server.RaftServerConfigKeys (ConfUtils.java:logGet(43)) - raft.server.log.purge.gap = 1000000 (custom)
2019-09-25 12:49:36,657 [pool-699-thread-1] INFO  server.RaftServerConfigKeys (ConfUtils.java:logGet(43)) - raft.server.log.segment.size.max = 1048576 (custom)
2019-09-25 12:49:36,657 [pool-719-thread-1] INFO  server.RaftServerConfigKeys (ConfUtils.java:logGet(43)) - raft.server.log.use.memory = false (default)
2019-09-25 12:49:36,657 [pool-699-thread-1] INFO  server.RaftServerConfigKeys (ConfUtils.java:logGet(43)) - raft.server.log.segment.cache.num.max = 2 (custom)
2019-09-25 12:49:36,657 [pool-679-thread-1] INFO  server.RaftServerConfigKeys (ConfUtils.java:logGet(43)) - raft.server.log.appender.buffer.byte-limit = 33554432 (custom)
2019-09-25 12:49:36,658 [pool-699-thread-1] INFO  segmented.SegmentedRaftLogWorker (SegmentedRaftLogWorker.java:<init>(172)) - new f1b18da4-9b89-435e-8c23-42ae5ffcfa33@group-C458C0936096-SegmentedRaftLogWorker for RaftStorage:Storage Directory /workdir/hadoop-ozone/integration-test/target/test-dir/MiniOzoneClusterImpl-1154d014-32d6-4989-b40a-3009b5f24e17/datanode-2/data/ratis/9d56fd94-84cb-4620-851c-c458c0936096
2019-09-25 12:49:36,657 [pool-719-thread-1] INFO  server.RaftServerConfigKeys (ConfUtils.java:logGet(43)) - raft.server.log.purge.gap = 1000000 (custom)
2019-09-25 12:49:36,658 [pool-699-thread-1] INFO  server.RaftServerConfigKeys (ConfUtils.java:logGet(43)) - raft.server.log.queue.byte-limit = 2147483647 (custom)
2019-09-25 12:49:36,658 [pool-679-thread-1] INFO  server.RaftServerConfigKeys (ConfUtils.java:logGet(43)) - raft.server.log.segment.size.max = 1048576 (custom)
2019-09-25 12:49:36,658 [pool-699-thread-1] INFO  server.RaftServerConfigKeys (ConfUtils.java:logGet(43)) - raft.server.log.queue.element-limit = 1024 (custom)
2019-09-25 12:49:36,658 [pool-719-thread-1] INFO  server.RaftServerConfigKeys (ConfUtils.java:logGet(43)) - raft.server.log.appender.buffer.byte-limit = 33554432 (custom)
2019-09-25 12:49:36,660 [pool-699-thread-1] INFO  server.RaftServerConfigKeys (ConfUtils.java:logGet(43)) - raft.server.log.segment.size.max = 1048576 (custom)
2019-09-25 12:49:36,658 [pool-679-thread-1] INFO  server.RaftServerConfigKeys (ConfUtils.java:logGet(43)) - raft.server.log.segment.cache.num.max = 2 (custom)
2019-09-25 12:49:36,661 [pool-699-thread-1] INFO  server.RaftServerConfigKeys (ConfUtils.java:logGet(43)) - raft.server.log.preallocated.size = 16384 (custom)
2019-09-25 12:49:36,661 [pool-719-thread-1] INFO  server.RaftServerConfigKeys (ConfUtils.java:logGet(43)) - raft.server.log.segment.size.max = 1048576 (custom)
2019-09-25 12:49:36,661 [pool-699-thread-1] INFO  server.RaftServerConfigKeys (ConfUtils.java:logGet(43)) - raft.server.log.write.buffer.size = 33554432 (custom)
2019-09-25 12:49:36,661 [pool-699-thread-1] INFO  server.RaftServerConfigKeys (ConfUtils.java:logGet(43)) - raft.server.log.force.sync.num = 128 (default)
2019-09-25 12:49:36,661 [pool-679-thread-1] INFO  segmented.SegmentedRaftLogWorker (SegmentedRaftLogWorker.java:<init>(172)) - new 4d7f1931-da22-4277-8e70-be8e40e12960@group-C458C0936096-SegmentedRaftLogWorker for RaftStorage:Storage Directory /workdir/hadoop-ozone/integration-test/target/test-dir/MiniOzoneClusterImpl-1154d014-32d6-4989-b40a-3009b5f24e17/datanode-0/data/ratis/9d56fd94-84cb-4620-851c-c458c0936096
2019-09-25 12:49:36,662 [pool-699-thread-1] INFO  server.RaftServerConfigKeys (ConfUtils.java:logGet(43)) - raft.server.log.statemachine.data.sync = true (default)
2019-09-25 12:49:36,661 [pool-719-thread-1] INFO  server.RaftServerConfigKeys (ConfUtils.java:logGet(43)) - raft.server.log.segment.cache.num.max = 2 (custom)
2019-09-25 12:49:36,662 [pool-699-thread-1] INFO  server.RaftServerConfigKeys (ConfUtils.java:logGet(43)) - raft.server.log.statemachine.data.sync.timeout = 10s (default)
2019-09-25 12:49:36,662 [pool-679-thread-1] INFO  server.RaftServerConfigKeys (ConfUtils.java:logGet(43)) - raft.server.log.queue.byte-limit = 2147483647 (custom)
2019-09-25 12:49:36,662 [main] INFO  rpc.RpcClient (RpcClient.java:createVolume(276)) - Creating Volume: testblockoutputstream, with jenkins1000 as owner.
2019-09-25 12:49:36,662 [pool-699-thread-1] INFO  server.RaftServerConfigKeys (ConfUtils.java:logGet(43)) - raft.server.log.statemachine.data.sync.timeout.retry = -1 (default)
2019-09-25 12:49:36,662 [pool-719-thread-1] INFO  segmented.SegmentedRaftLogWorker (SegmentedRaftLogWorker.java:<init>(172)) - new fb0aa348-74e3-4f08-a5d8-e2c2e2c47515@group-C458C0936096-SegmentedRaftLogWorker for RaftStorage:Storage Directory /workdir/hadoop-ozone/integration-test/target/test-dir/MiniOzoneClusterImpl-1154d014-32d6-4989-b40a-3009b5f24e17/datanode-4/data/ratis/9d56fd94-84cb-4620-851c-c458c0936096
2019-09-25 12:49:36,663 [pool-699-thread-1] INFO  server.RaftServerConfigKeys (ConfUtils.java:logGet(43)) - raft.server.log.statemachine.data.caching.enabled = true (custom)
2019-09-25 12:49:36,662 [pool-679-thread-1] INFO  server.RaftServerConfigKeys (ConfUtils.java:logGet(43)) - raft.server.log.queue.element-limit = 1024 (custom)
2019-09-25 12:49:36,663 [pool-699-thread-1] INFO  segmented.SegmentedRaftLogWorker (SegmentedRaftLogWorker.java:lambda$new$0(132)) - f1b18da4-9b89-435e-8c23-42ae5ffcfa33@group-C458C0936096-SegmentedRaftLogWorker: flushIndex: setUnconditionally 0 -> -1
2019-09-25 12:49:36,663 [pool-719-thread-1] INFO  server.RaftServerConfigKeys (ConfUtils.java:logGet(43)) - raft.server.log.queue.byte-limit = 2147483647 (custom)
2019-09-25 12:49:36,663 [pool-679-thread-1] INFO  server.RaftServerConfigKeys (ConfUtils.java:logGet(43)) - raft.server.log.segment.size.max = 1048576 (custom)
2019-09-25 12:49:36,664 [pool-719-thread-1] INFO  server.RaftServerConfigKeys (ConfUtils.java:logGet(43)) - raft.server.log.queue.element-limit = 1024 (custom)
2019-09-25 12:49:36,664 [pool-699-thread-1] INFO  server.RaftServerConfigKeys (ConfUtils.java:logGet(43)) - raft.server.snapshot.auto.trigger.enabled = true (custom)
2019-09-25 12:49:36,664 [pool-719-thread-1] INFO  server.RaftServerConfigKeys (ConfUtils.java:logGet(43)) - raft.server.log.segment.size.max = 1048576 (custom)
2019-09-25 12:49:36,664 [pool-679-thread-1] INFO  server.RaftServerConfigKeys (ConfUtils.java:logGet(43)) - raft.server.log.preallocated.size = 16384 (custom)
2019-09-25 12:49:36,664 [pool-719-thread-1] INFO  server.RaftServerConfigKeys (ConfUtils.java:logGet(43)) - raft.server.log.preallocated.size = 16384 (custom)
2019-09-25 12:49:36,664 [pool-699-thread-1] INFO  server.RaftServerConfigKeys (ConfUtils.java:logGet(43)) - raft.server.snapshot.auto.trigger.threshold = 10000 (custom)
2019-09-25 12:49:36,665 [pool-719-thread-1] INFO  server.RaftServerConfigKeys (ConfUtils.java:logGet(43)) - raft.server.log.write.buffer.size = 33554432 (custom)
2019-09-25 12:49:36,665 [IPC Server handler 1 on 41593] INFO  volume.OMVolumeCreateRequest (OMVolumeCreateRequest.java:validateAndUpdateCache(194)) - created volume:testblockoutputstream for user:jenkins1000
2019-09-25 12:49:36,664 [pool-679-thread-1] INFO  server.RaftServerConfigKeys (ConfUtils.java:logGet(43)) - raft.server.log.write.buffer.size = 33554432 (custom)
2019-09-25 12:49:36,665 [pool-719-thread-1] INFO  server.RaftServerConfigKeys (ConfUtils.java:logGet(43)) - raft.server.log.force.sync.num = 128 (default)
2019-09-25 12:49:36,665 [pool-719-thread-1] INFO  server.RaftServerConfigKeys (ConfUtils.java:logGet(43)) - raft.server.log.statemachine.data.sync = true (default)
2019-09-25 12:49:36,665 [pool-699-thread-1] INFO  server.RaftServerConfigKeys (ConfUtils.java:logGet(43)) - raft.server.snapshot.retention.num.files = 5 (custom)
2019-09-25 12:49:36,666 [pool-719-thread-1] INFO  server.RaftServerConfigKeys (ConfUtils.java:logGet(43)) - raft.server.log.statemachine.data.sync.timeout = 10s (default)
2019-09-25 12:49:36,666 [pool-719-thread-1] INFO  server.RaftServerConfigKeys (ConfUtils.java:logGet(43)) - raft.server.log.statemachine.data.sync.timeout.retry = -1 (default)
2019-09-25 12:49:36,665 [pool-679-thread-1] INFO  server.RaftServerConfigKeys (ConfUtils.java:logGet(43)) - raft.server.log.force.sync.num = 128 (default)
2019-09-25 12:49:36,666 [pool-719-thread-1] INFO  server.RaftServerConfigKeys (ConfUtils.java:logGet(43)) - raft.server.log.statemachine.data.caching.enabled = true (custom)
2019-09-25 12:49:36,666 [pool-699-thread-1] INFO  server.RaftServerConfigKeys (ConfUtils.java:logGet(43)) - raft.server.retrycache.expirytime = 600000ms (custom)
2019-09-25 12:49:36,666 [pool-679-thread-1] INFO  server.RaftServerConfigKeys (ConfUtils.java:logGet(43)) - raft.server.log.statemachine.data.sync = true (default)
2019-09-25 12:49:36,666 [pool-719-thread-1] INFO  segmented.SegmentedRaftLogWorker (SegmentedRaftLogWorker.java:lambda$new$0(132)) - fb0aa348-74e3-4f08-a5d8-e2c2e2c47515@group-C458C0936096-SegmentedRaftLogWorker: flushIndex: setUnconditionally 0 -> -1
2019-09-25 12:49:36,667 [pool-679-thread-1] INFO  server.RaftServerConfigKeys (ConfUtils.java:logGet(43)) - raft.server.log.statemachine.data.sync.timeout = 10s (default)
2019-09-25 12:49:36,669 [pool-719-thread-1] INFO  server.RaftServerConfigKeys (ConfUtils.java:logGet(43)) - raft.server.snapshot.auto.trigger.enabled = true (custom)
2019-09-25 12:49:36,669 [pool-679-thread-1] INFO  server.RaftServerConfigKeys (ConfUtils.java:logGet(43)) - raft.server.log.statemachine.data.sync.timeout.retry = -1 (default)
2019-09-25 12:49:36,669 [pool-719-thread-1] INFO  server.RaftServerConfigKeys (ConfUtils.java:logGet(43)) - raft.server.snapshot.auto.trigger.threshold = 10000 (custom)
2019-09-25 12:49:36,669 [pool-679-thread-1] INFO  server.RaftServerConfigKeys (ConfUtils.java:logGet(43)) - raft.server.log.statemachine.data.caching.enabled = true (custom)
2019-09-25 12:49:36,670 [pool-719-thread-1] INFO  server.RaftServerConfigKeys (ConfUtils.java:logGet(43)) - raft.server.snapshot.retention.num.files = 5 (custom)
2019-09-25 12:49:36,687 [pool-719-thread-1] INFO  server.RaftServerConfigKeys (ConfUtils.java:logGet(43)) - raft.server.retrycache.expirytime = 600000ms (custom)
2019-09-25 12:49:36,687 [pool-679-thread-1] INFO  segmented.SegmentedRaftLogWorker (SegmentedRaftLogWorker.java:lambda$new$0(132)) - 4d7f1931-da22-4277-8e70-be8e40e12960@group-C458C0936096-SegmentedRaftLogWorker: flushIndex: setUnconditionally 0 -> -1
2019-09-25 12:49:36,688 [main] INFO  rpc.RpcClient (RpcClient.java:createBucket(415)) - Creating Bucket: testblockoutputstream/testblockoutputstream, with Versioning false and Storage Type set to DISK and Encryption set to false 
2019-09-25 12:49:36,688 [pool-679-thread-1] INFO  server.RaftServerConfigKeys (ConfUtils.java:logGet(43)) - raft.server.snapshot.auto.trigger.enabled = true (custom)
2019-09-25 12:49:36,688 [pool-699-thread-1] INFO  impl.RaftServerImpl (RaftServerImpl.java:start(185)) - f1b18da4-9b89-435e-8c23-42ae5ffcfa33@group-C458C0936096: start as a follower, conf=-1: [fb0aa348-74e3-4f08-a5d8-e2c2e2c47515:192.168.151.66:41190, 4d7f1931-da22-4277-8e70-be8e40e12960:192.168.151.66:35684, f1b18da4-9b89-435e-8c23-42ae5ffcfa33:192.168.151.66:36563], old=null
2019-09-25 12:49:36,688 [pool-679-thread-1] INFO  server.RaftServerConfigKeys (ConfUtils.java:logGet(43)) - raft.server.snapshot.auto.trigger.threshold = 10000 (custom)
2019-09-25 12:49:36,688 [pool-699-thread-1] INFO  impl.RaftServerImpl (RaftServerImpl.java:setRole(174)) - f1b18da4-9b89-435e-8c23-42ae5ffcfa33@group-C458C0936096: changes role from      null to FOLLOWER at term 0 for startAsFollower
2019-09-25 12:49:36,688 [pool-679-thread-1] INFO  server.RaftServerConfigKeys (ConfUtils.java:logGet(43)) - raft.server.snapshot.retention.num.files = 5 (custom)
2019-09-25 12:49:36,688 [pool-699-thread-1] INFO  impl.RoleInfo (RoleInfo.java:updateAndGet(143)) - f1b18da4-9b89-435e-8c23-42ae5ffcfa33: start FollowerState
2019-09-25 12:49:36,688 [pool-679-thread-1] INFO  server.RaftServerConfigKeys (ConfUtils.java:logGet(43)) - raft.server.retrycache.expirytime = 600000ms (custom)
2019-09-25 12:49:36,689 [pool-699-thread-1] INFO  util.JmxRegister (JmxRegister.java:tryRegister(44)) - Successfully registered JMX Bean with object name Ratis:service=RaftServer,group=group-C458C0936096,id=f1b18da4-9b89-435e-8c23-42ae5ffcfa33
2019-09-25 12:49:36,689 [pool-719-thread-1] INFO  impl.RaftServerImpl (RaftServerImpl.java:start(185)) - fb0aa348-74e3-4f08-a5d8-e2c2e2c47515@group-C458C0936096: start as a follower, conf=-1: [fb0aa348-74e3-4f08-a5d8-e2c2e2c47515:192.168.151.66:41190, 4d7f1931-da22-4277-8e70-be8e40e12960:192.168.151.66:35684, f1b18da4-9b89-435e-8c23-42ae5ffcfa33:192.168.151.66:36563], old=null
2019-09-25 12:49:36,689 [pool-719-thread-1] INFO  impl.RaftServerImpl (RaftServerImpl.java:setRole(174)) - fb0aa348-74e3-4f08-a5d8-e2c2e2c47515@group-C458C0936096: changes role from      null to FOLLOWER at term 0 for startAsFollower
2019-09-25 12:49:36,689 [pool-719-thread-1] INFO  impl.RoleInfo (RoleInfo.java:updateAndGet(143)) - fb0aa348-74e3-4f08-a5d8-e2c2e2c47515: start FollowerState
2019-09-25 12:49:36,698 [pool-719-thread-1] INFO  util.JmxRegister (JmxRegister.java:tryRegister(44)) - Successfully registered JMX Bean with object name Ratis:service=RaftServer,group=group-C458C0936096,id=fb0aa348-74e3-4f08-a5d8-e2c2e2c47515
2019-09-25 12:49:36,699 [pool-679-thread-1] INFO  impl.RaftServerImpl (RaftServerImpl.java:start(185)) - 4d7f1931-da22-4277-8e70-be8e40e12960@group-C458C0936096: start as a follower, conf=-1: [fb0aa348-74e3-4f08-a5d8-e2c2e2c47515:192.168.151.66:41190, 4d7f1931-da22-4277-8e70-be8e40e12960:192.168.151.66:35684, f1b18da4-9b89-435e-8c23-42ae5ffcfa33:192.168.151.66:36563], old=null
2019-09-25 12:49:36,699 [pool-679-thread-1] INFO  impl.RaftServerImpl (RaftServerImpl.java:setRole(174)) - 4d7f1931-da22-4277-8e70-be8e40e12960@group-C458C0936096: changes role from      null to FOLLOWER at term 0 for startAsFollower
2019-09-25 12:49:36,699 [pool-679-thread-1] INFO  impl.RoleInfo (RoleInfo.java:updateAndGet(143)) - 4d7f1931-da22-4277-8e70-be8e40e12960: start FollowerState
2019-09-25 12:49:36,700 [pool-679-thread-1] INFO  util.JmxRegister (JmxRegister.java:tryRegister(44)) - Successfully registered JMX Bean with object name Ratis:service=RaftServer,group=group-C458C0936096,id=4d7f1931-da22-4277-8e70-be8e40e12960
2019-09-25 12:49:36,701 [RatisPipelineUtilsThread] INFO  pipeline.PipelineStateManager (PipelineStateManager.java:addPipeline(56)) - Created pipeline Pipeline[ Id: 9d56fd94-84cb-4620-851c-c458c0936096, Nodes: f1b18da4-9b89-435e-8c23-42ae5ffcfa33{ip: 192.168.151.66, host: pr-hdds-2175-t596l-953197546, networkLocation: /default-rack, certSerialId: null}fb0aa348-74e3-4f08-a5d8-e2c2e2c47515{ip: 192.168.151.66, host: pr-hdds-2175-t596l-953197546, networkLocation: /default-rack, certSerialId: null}4d7f1931-da22-4277-8e70-be8e40e12960{ip: 192.168.151.66, host: pr-hdds-2175-t596l-953197546, networkLocation: /default-rack, certSerialId: null}, Type:RATIS, Factor:THREE, State:OPEN]
2019-09-25 12:49:36,712 [grpc-default-executor-1] INFO  impl.RaftServerProxy (RaftServerProxy.java:addNew(89)) - 566b540d-5d54-415e-ae29-de122253aae0: addNew group-C1ED4A7C2218:[3fecd095-e7b2-43c8-8ba6-ce5e973e15fd:192.168.151.66:45741, 07cfe84e-4aa5-4a80-9b1f-bf1d9bb36805:192.168.151.66:40658, 566b540d-5d54-415e-ae29-de122253aae0:192.168.151.66:33140] returns group-C1ED4A7C2218:java.util.concurrent.CompletableFuture@5ae70b31[Not completed]
2019-09-25 12:49:36,712 [grpc-default-executor-4] INFO  impl.RaftServerProxy (RaftServerProxy.java:addNew(89)) - 3fecd095-e7b2-43c8-8ba6-ce5e973e15fd: addNew group-C1ED4A7C2218:[3fecd095-e7b2-43c8-8ba6-ce5e973e15fd:192.168.151.66:45741, 07cfe84e-4aa5-4a80-9b1f-bf1d9bb36805:192.168.151.66:40658, 566b540d-5d54-415e-ae29-de122253aae0:192.168.151.66:33140] returns group-C1ED4A7C2218:java.util.concurrent.CompletableFuture@7f106467[Not completed]
2019-09-25 12:49:36,715 [grpc-default-executor-5] INFO  impl.RaftServerProxy (RaftServerProxy.java:addNew(89)) - 07cfe84e-4aa5-4a80-9b1f-bf1d9bb36805: addNew group-C1ED4A7C2218:[3fecd095-e7b2-43c8-8ba6-ce5e973e15fd:192.168.151.66:45741, 07cfe84e-4aa5-4a80-9b1f-bf1d9bb36805:192.168.151.66:40658, 566b540d-5d54-415e-ae29-de122253aae0:192.168.151.66:33140] returns group-C1ED4A7C2218:java.util.concurrent.CompletableFuture@20f90ec7[Not completed]
2019-09-25 12:49:36,719 [pool-689-thread-1] INFO  impl.RaftServerImpl (RaftServerImpl.java:<init>(95)) - 566b540d-5d54-415e-ae29-de122253aae0: new RaftServerImpl for group-C1ED4A7C2218:[3fecd095-e7b2-43c8-8ba6-ce5e973e15fd:192.168.151.66:45741, 07cfe84e-4aa5-4a80-9b1f-bf1d9bb36805:192.168.151.66:40658, 566b540d-5d54-415e-ae29-de122253aae0:192.168.151.66:33140] with ContainerStateMachine:uninitialized
2019-09-25 12:49:36,719 [pool-689-thread-1] INFO  server.RaftServerConfigKeys (ConfUtils.java:logGet(43)) - raft.server.rpc.timeout.min = 5s (custom)
2019-09-25 12:49:36,719 [pool-689-thread-1] INFO  server.RaftServerConfigKeys (ConfUtils.java:logGet(43)) - raft.server.rpc.timeout.max = 5200ms (custom)
2019-09-25 12:49:36,720 [pool-689-thread-1] INFO  server.RaftServerConfigKeys (ConfUtils.java:logGet(43)) - raft.server.rpcslowness.timeout = 120s (custom)
2019-09-25 12:49:36,720 [pool-689-thread-1] INFO  server.RaftServerConfigKeys (ConfUtils.java:logGet(43)) - raft.server.sleep.deviation.threshold = 300 (default)
2019-09-25 12:49:36,720 [pool-689-thread-1] INFO  server.RaftServerConfigKeys (ConfUtils.java:logGet(43)) - raft.server.log.appender.install.snapshot.enabled = false (custom)
2019-09-25 12:49:36,720 [pool-709-thread-1] INFO  impl.RaftServerImpl (RaftServerImpl.java:<init>(95)) - 3fecd095-e7b2-43c8-8ba6-ce5e973e15fd: new RaftServerImpl for group-C1ED4A7C2218:[3fecd095-e7b2-43c8-8ba6-ce5e973e15fd:192.168.151.66:45741, 07cfe84e-4aa5-4a80-9b1f-bf1d9bb36805:192.168.151.66:40658, 566b540d-5d54-415e-ae29-de122253aae0:192.168.151.66:33140] with ContainerStateMachine:uninitialized
2019-09-25 12:49:36,720 [pool-689-thread-1] INFO  impl.RaftServerImpl (ServerState.java:<init>(103)) - 566b540d-5d54-415e-ae29-de122253aae0@group-C1ED4A7C2218: ConfigurationManager, init=-1: [3fecd095-e7b2-43c8-8ba6-ce5e973e15fd:192.168.151.66:45741, 07cfe84e-4aa5-4a80-9b1f-bf1d9bb36805:192.168.151.66:40658, 566b540d-5d54-415e-ae29-de122253aae0:192.168.151.66:33140], old=null, confs=<EMPTY_MAP>
2019-09-25 12:49:36,720 [pool-709-thread-1] INFO  server.RaftServerConfigKeys (ConfUtils.java:logGet(43)) - raft.server.rpc.timeout.min = 5s (custom)
2019-09-25 12:49:36,720 [pool-689-thread-1] INFO  server.RaftServerConfigKeys (ConfUtils.java:logGet(43)) - raft.server.storage.dir = [/workdir/hadoop-ozone/integration-test/target/test-dir/MiniOzoneClusterImpl-1154d014-32d6-4989-b40a-3009b5f24e17/datanode-1/data/ratis] (custom)
2019-09-25 12:49:36,721 [pool-709-thread-1] INFO  server.RaftServerConfigKeys (ConfUtils.java:logGet(43)) - raft.server.rpc.timeout.max = 5200ms (custom)
2019-09-25 12:49:36,721 [pool-739-thread-1] INFO  impl.RaftServerImpl (RaftServerImpl.java:<init>(95)) - 07cfe84e-4aa5-4a80-9b1f-bf1d9bb36805: new RaftServerImpl for group-C1ED4A7C2218:[3fecd095-e7b2-43c8-8ba6-ce5e973e15fd:192.168.151.66:45741, 07cfe84e-4aa5-4a80-9b1f-bf1d9bb36805:192.168.151.66:40658, 566b540d-5d54-415e-ae29-de122253aae0:192.168.151.66:33140] with ContainerStateMachine:uninitialized
2019-09-25 12:49:36,721 [pool-689-thread-1] INFO  storage.RaftStorageDirectory (RaftStorageDirectory.java:analyzeStorage(246)) - The storage directory /workdir/hadoop-ozone/integration-test/target/test-dir/MiniOzoneClusterImpl-1154d014-32d6-4989-b40a-3009b5f24e17/datanode-1/data/ratis/0f33da1e-07ee-42db-a084-c1ed4a7c2218 does not exist. Creating ...
2019-09-25 12:49:36,721 [pool-709-thread-1] INFO  server.RaftServerConfigKeys (ConfUtils.java:logGet(43)) - raft.server.rpcslowness.timeout = 120s (custom)
2019-09-25 12:49:36,721 [pool-739-thread-1] INFO  server.RaftServerConfigKeys (ConfUtils.java:logGet(43)) - raft.server.rpc.timeout.min = 5s (custom)
2019-09-25 12:49:36,721 [pool-709-thread-1] INFO  server.RaftServerConfigKeys (ConfUtils.java:logGet(43)) - raft.server.sleep.deviation.threshold = 300 (default)
2019-09-25 12:49:36,721 [pool-739-thread-1] INFO  server.RaftServerConfigKeys (ConfUtils.java:logGet(43)) - raft.server.rpc.timeout.max = 5200ms (custom)
2019-09-25 12:49:36,722 [pool-709-thread-1] INFO  server.RaftServerConfigKeys (ConfUtils.java:logGet(43)) - raft.server.log.appender.install.snapshot.enabled = false (custom)
2019-09-25 12:49:36,722 [pool-739-thread-1] INFO  server.RaftServerConfigKeys (ConfUtils.java:logGet(43)) - raft.server.rpcslowness.timeout = 120s (custom)
2019-09-25 12:49:36,722 [pool-709-thread-1] INFO  impl.RaftServerImpl (ServerState.java:<init>(103)) - 3fecd095-e7b2-43c8-8ba6-ce5e973e15fd@group-C1ED4A7C2218: ConfigurationManager, init=-1: [3fecd095-e7b2-43c8-8ba6-ce5e973e15fd:192.168.151.66:45741, 07cfe84e-4aa5-4a80-9b1f-bf1d9bb36805:192.168.151.66:40658, 566b540d-5d54-415e-ae29-de122253aae0:192.168.151.66:33140], old=null, confs=<EMPTY_MAP>
2019-09-25 12:49:36,722 [pool-739-thread-1] INFO  server.RaftServerConfigKeys (ConfUtils.java:logGet(43)) - raft.server.sleep.deviation.threshold = 300 (default)
2019-09-25 12:49:36,722 [pool-709-thread-1] INFO  server.RaftServerConfigKeys (ConfUtils.java:logGet(43)) - raft.server.storage.dir = [/workdir/hadoop-ozone/integration-test/target/test-dir/MiniOzoneClusterImpl-1154d014-32d6-4989-b40a-3009b5f24e17/datanode-3/data/ratis] (custom)
2019-09-25 12:49:36,722 [pool-739-thread-1] INFO  server.RaftServerConfigKeys (ConfUtils.java:logGet(43)) - raft.server.log.appender.install.snapshot.enabled = false (custom)
2019-09-25 12:49:36,722 [pool-739-thread-1] INFO  impl.RaftServerImpl (ServerState.java:<init>(103)) - 07cfe84e-4aa5-4a80-9b1f-bf1d9bb36805@group-C1ED4A7C2218: ConfigurationManager, init=-1: [3fecd095-e7b2-43c8-8ba6-ce5e973e15fd:192.168.151.66:45741, 07cfe84e-4aa5-4a80-9b1f-bf1d9bb36805:192.168.151.66:40658, 566b540d-5d54-415e-ae29-de122253aae0:192.168.151.66:33140], old=null, confs=<EMPTY_MAP>
2019-09-25 12:49:36,723 [pool-709-thread-1] INFO  storage.RaftStorageDirectory (RaftStorageDirectory.java:analyzeStorage(246)) - The storage directory /workdir/hadoop-ozone/integration-test/target/test-dir/MiniOzoneClusterImpl-1154d014-32d6-4989-b40a-3009b5f24e17/datanode-3/data/ratis/0f33da1e-07ee-42db-a084-c1ed4a7c2218 does not exist. Creating ...
2019-09-25 12:49:36,723 [pool-739-thread-1] INFO  server.RaftServerConfigKeys (ConfUtils.java:logGet(43)) - raft.server.storage.dir = [/workdir/hadoop-ozone/integration-test/target/test-dir/MiniOzoneClusterImpl-1154d014-32d6-4989-b40a-3009b5f24e17/datanode-6/data/ratis] (custom)
2019-09-25 12:49:36,723 [pool-739-thread-1] INFO  storage.RaftStorageDirectory (RaftStorageDirectory.java:analyzeStorage(246)) - The storage directory /workdir/hadoop-ozone/integration-test/target/test-dir/MiniOzoneClusterImpl-1154d014-32d6-4989-b40a-3009b5f24e17/datanode-6/data/ratis/0f33da1e-07ee-42db-a084-c1ed4a7c2218 does not exist. Creating ...
2019-09-25 12:49:36,736 [pool-709-thread-1] INFO  storage.RaftStorageDirectory (RaftStorageDirectory.java:tryLock(328)) - Lock on /workdir/hadoop-ozone/integration-test/target/test-dir/MiniOzoneClusterImpl-1154d014-32d6-4989-b40a-3009b5f24e17/datanode-3/data/ratis/0f33da1e-07ee-42db-a084-c1ed4a7c2218/in_use.lock acquired by nodename 19101@pr-hdds-2175-t596l-953197546
2019-09-25 12:49:36,736 [pool-739-thread-1] INFO  storage.RaftStorageDirectory (RaftStorageDirectory.java:tryLock(328)) - Lock on /workdir/hadoop-ozone/integration-test/target/test-dir/MiniOzoneClusterImpl-1154d014-32d6-4989-b40a-3009b5f24e17/datanode-6/data/ratis/0f33da1e-07ee-42db-a084-c1ed4a7c2218/in_use.lock acquired by nodename 19101@pr-hdds-2175-t596l-953197546
2019-09-25 12:49:36,736 [pool-689-thread-1] INFO  storage.RaftStorageDirectory (RaftStorageDirectory.java:tryLock(328)) - Lock on /workdir/hadoop-ozone/integration-test/target/test-dir/MiniOzoneClusterImpl-1154d014-32d6-4989-b40a-3009b5f24e17/datanode-1/data/ratis/0f33da1e-07ee-42db-a084-c1ed4a7c2218/in_use.lock acquired by nodename 19101@pr-hdds-2175-t596l-953197546
2019-09-25 12:49:36,750 [pool-739-thread-1] INFO  storage.RaftStorage (RaftStorage.java:format(72)) - Storage directory /workdir/hadoop-ozone/integration-test/target/test-dir/MiniOzoneClusterImpl-1154d014-32d6-4989-b40a-3009b5f24e17/datanode-6/data/ratis/0f33da1e-07ee-42db-a084-c1ed4a7c2218 has been successfully formatted.
2019-09-25 12:49:36,750 [pool-689-thread-1] INFO  storage.RaftStorage (RaftStorage.java:format(72)) - Storage directory /workdir/hadoop-ozone/integration-test/target/test-dir/MiniOzoneClusterImpl-1154d014-32d6-4989-b40a-3009b5f24e17/datanode-1/data/ratis/0f33da1e-07ee-42db-a084-c1ed4a7c2218 has been successfully formatted.
2019-09-25 12:49:36,750 [pool-709-thread-1] INFO  storage.RaftStorage (RaftStorage.java:format(72)) - Storage directory /workdir/hadoop-ozone/integration-test/target/test-dir/MiniOzoneClusterImpl-1154d014-32d6-4989-b40a-3009b5f24e17/datanode-3/data/ratis/0f33da1e-07ee-42db-a084-c1ed4a7c2218 has been successfully formatted.
2019-09-25 12:49:36,751 [pool-689-thread-1] INFO  ratis.ContainerStateMachine (ContainerStateMachine.java:loadSnapshot(230)) - group-C1ED4A7C2218: The snapshot info is null. Setting the last applied indexto:(t:0, i:~)
2019-09-25 12:49:36,751 [pool-739-thread-1] INFO  ratis.ContainerStateMachine (ContainerStateMachine.java:loadSnapshot(230)) - group-C1ED4A7C2218: The snapshot info is null. Setting the last applied indexto:(t:0, i:~)
2019-09-25 12:49:36,751 [pool-689-thread-1] INFO  server.RaftServerConfigKeys (ConfUtils.java:logGet(43)) - raft.server.notification.no-leader.timeout = 120s (custom)
2019-09-25 12:49:36,751 [pool-709-thread-1] INFO  ratis.ContainerStateMachine (ContainerStateMachine.java:loadSnapshot(230)) - group-C1ED4A7C2218: The snapshot info is null. Setting the last applied indexto:(t:0, i:~)
2019-09-25 12:49:36,751 [pool-689-thread-1] INFO  server.RaftServerConfigKeys (ConfUtils.java:logGet(43)) - raft.server.log.use.memory = false (default)
2019-09-25 12:49:36,751 [pool-739-thread-1] INFO  server.RaftServerConfigKeys (ConfUtils.java:logGet(43)) - raft.server.notification.no-leader.timeout = 120s (custom)
2019-09-25 12:49:36,751 [pool-689-thread-1] INFO  server.RaftServerConfigKeys (ConfUtils.java:logGet(43)) - raft.server.log.purge.gap = 1000000 (custom)
2019-09-25 12:49:36,751 [pool-709-thread-1] INFO  server.RaftServerConfigKeys (ConfUtils.java:logGet(43)) - raft.server.notification.no-leader.timeout = 120s (custom)
2019-09-25 12:49:36,752 [pool-689-thread-1] INFO  server.RaftServerConfigKeys (ConfUtils.java:logGet(43)) - raft.server.log.appender.buffer.byte-limit = 33554432 (custom)
2019-09-25 12:49:36,752 [pool-739-thread-1] INFO  server.RaftServerConfigKeys (ConfUtils.java:logGet(43)) - raft.server.log.use.memory = false (default)
2019-09-25 12:49:36,752 [pool-689-thread-1] INFO  server.RaftServerConfigKeys (ConfUtils.java:logGet(43)) - raft.server.log.segment.size.max = 1048576 (custom)
2019-09-25 12:49:36,752 [pool-709-thread-1] INFO  server.RaftServerConfigKeys (ConfUtils.java:logGet(43)) - raft.server.log.use.memory = false (default)
2019-09-25 12:49:36,752 [pool-689-thread-1] INFO  server.RaftServerConfigKeys (ConfUtils.java:logGet(43)) - raft.server.log.segment.cache.num.max = 2 (custom)
2019-09-25 12:49:36,752 [pool-739-thread-1] INFO  server.RaftServerConfigKeys (ConfUtils.java:logGet(43)) - raft.server.log.purge.gap = 1000000 (custom)
2019-09-25 12:49:36,753 [pool-689-thread-1] INFO  segmented.SegmentedRaftLogWorker (SegmentedRaftLogWorker.java:<init>(172)) - new 566b540d-5d54-415e-ae29-de122253aae0@group-C1ED4A7C2218-SegmentedRaftLogWorker for RaftStorage:Storage Directory /workdir/hadoop-ozone/integration-test/target/test-dir/MiniOzoneClusterImpl-1154d014-32d6-4989-b40a-3009b5f24e17/datanode-1/data/ratis/0f33da1e-07ee-42db-a084-c1ed4a7c2218
2019-09-25 12:49:36,752 [pool-709-thread-1] INFO  server.RaftServerConfigKeys (ConfUtils.java:logGet(43)) - raft.server.log.purge.gap = 1000000 (custom)
2019-09-25 12:49:36,753 [pool-689-thread-1] INFO  server.RaftServerConfigKeys (ConfUtils.java:logGet(43)) - raft.server.log.queue.byte-limit = 2147483647 (custom)
2019-09-25 12:49:36,753 [pool-739-thread-1] INFO  server.RaftServerConfigKeys (ConfUtils.java:logGet(43)) - raft.server.log.appender.buffer.byte-limit = 33554432 (custom)
2019-09-25 12:49:36,753 [pool-689-thread-1] INFO  server.RaftServerConfigKeys (ConfUtils.java:logGet(43)) - raft.server.log.queue.element-limit = 1024 (custom)
2019-09-25 12:49:36,753 [pool-709-thread-1] INFO  server.RaftServerConfigKeys (ConfUtils.java:logGet(43)) - raft.server.log.appender.buffer.byte-limit = 33554432 (custom)
2019-09-25 12:49:36,754 [pool-689-thread-1] INFO  server.RaftServerConfigKeys (ConfUtils.java:logGet(43)) - raft.server.log.segment.size.max = 1048576 (custom)
2019-09-25 12:49:36,753 [pool-739-thread-1] INFO  server.RaftServerConfigKeys (ConfUtils.java:logGet(43)) - raft.server.log.segment.size.max = 1048576 (custom)
2019-09-25 12:49:36,754 [pool-689-thread-1] INFO  server.RaftServerConfigKeys (ConfUtils.java:logGet(43)) - raft.server.log.preallocated.size = 16384 (custom)
2019-09-25 12:49:36,754 [pool-709-thread-1] INFO  server.RaftServerConfigKeys (ConfUtils.java:logGet(43)) - raft.server.log.segment.size.max = 1048576 (custom)
2019-09-25 12:49:36,754 [pool-689-thread-1] INFO  server.RaftServerConfigKeys (ConfUtils.java:logGet(43)) - raft.server.log.write.buffer.size = 33554432 (custom)
2019-09-25 12:49:36,754 [pool-739-thread-1] INFO  server.RaftServerConfigKeys (ConfUtils.java:logGet(43)) - raft.server.log.segment.cache.num.max = 2 (custom)
2019-09-25 12:49:36,754 [pool-689-thread-1] INFO  server.RaftServerConfigKeys (ConfUtils.java:logGet(43)) - raft.server.log.force.sync.num = 128 (default)
2019-09-25 12:49:36,754 [pool-709-thread-1] INFO  server.RaftServerConfigKeys (ConfUtils.java:logGet(43)) - raft.server.log.segment.cache.num.max = 2 (custom)
2019-09-25 12:49:36,755 [pool-689-thread-1] INFO  server.RaftServerConfigKeys (ConfUtils.java:logGet(43)) - raft.server.log.statemachine.data.sync = true (default)
2019-09-25 12:49:36,755 [pool-739-thread-1] INFO  segmented.SegmentedRaftLogWorker (SegmentedRaftLogWorker.java:<init>(172)) - new 07cfe84e-4aa5-4a80-9b1f-bf1d9bb36805@group-C1ED4A7C2218-SegmentedRaftLogWorker for RaftStorage:Storage Directory /workdir/hadoop-ozone/integration-test/target/test-dir/MiniOzoneClusterImpl-1154d014-32d6-4989-b40a-3009b5f24e17/datanode-6/data/ratis/0f33da1e-07ee-42db-a084-c1ed4a7c2218
2019-09-25 12:49:36,755 [pool-689-thread-1] INFO  server.RaftServerConfigKeys (ConfUtils.java:logGet(43)) - raft.server.log.statemachine.data.sync.timeout = 10s (default)
2019-09-25 12:49:36,755 [pool-709-thread-1] INFO  segmented.SegmentedRaftLogWorker (SegmentedRaftLogWorker.java:<init>(172)) - new 3fecd095-e7b2-43c8-8ba6-ce5e973e15fd@group-C1ED4A7C2218-SegmentedRaftLogWorker for RaftStorage:Storage Directory /workdir/hadoop-ozone/integration-test/target/test-dir/MiniOzoneClusterImpl-1154d014-32d6-4989-b40a-3009b5f24e17/datanode-3/data/ratis/0f33da1e-07ee-42db-a084-c1ed4a7c2218
2019-09-25 12:49:36,755 [pool-689-thread-1] INFO  server.RaftServerConfigKeys (ConfUtils.java:logGet(43)) - raft.server.log.statemachine.data.sync.timeout.retry = -1 (default)
2019-09-25 12:49:36,756 [pool-709-thread-1] INFO  server.RaftServerConfigKeys (ConfUtils.java:logGet(43)) - raft.server.log.queue.byte-limit = 2147483647 (custom)
2019-09-25 12:49:36,756 [pool-689-thread-1] INFO  server.RaftServerConfigKeys (ConfUtils.java:logGet(43)) - raft.server.log.statemachine.data.caching.enabled = true (custom)
2019-09-25 12:49:36,756 [pool-709-thread-1] INFO  server.RaftServerConfigKeys (ConfUtils.java:logGet(43)) - raft.server.log.queue.element-limit = 1024 (custom)
2019-09-25 12:49:36,756 [pool-689-thread-1] INFO  segmented.SegmentedRaftLogWorker (SegmentedRaftLogWorker.java:lambda$new$0(132)) - 566b540d-5d54-415e-ae29-de122253aae0@group-C1ED4A7C2218-SegmentedRaftLogWorker: flushIndex: setUnconditionally 0 -> -1
2019-09-25 12:49:36,756 [pool-709-thread-1] INFO  server.RaftServerConfigKeys (ConfUtils.java:logGet(43)) - raft.server.log.segment.size.max = 1048576 (custom)
2019-09-25 12:49:36,757 [pool-709-thread-1] INFO  server.RaftServerConfigKeys (ConfUtils.java:logGet(43)) - raft.server.log.preallocated.size = 16384 (custom)
2019-09-25 12:49:36,757 [pool-689-thread-1] INFO  server.RaftServerConfigKeys (ConfUtils.java:logGet(43)) - raft.server.snapshot.auto.trigger.enabled = true (custom)
2019-09-25 12:49:36,757 [pool-739-thread-1] INFO  server.RaftServerConfigKeys (ConfUtils.java:logGet(43)) - raft.server.log.queue.byte-limit = 2147483647 (custom)
2019-09-25 12:49:36,757 [pool-689-thread-1] INFO  server.RaftServerConfigKeys (ConfUtils.java:logGet(43)) - raft.server.snapshot.auto.trigger.threshold = 10000 (custom)
2019-09-25 12:49:36,757 [pool-689-thread-1] INFO  server.RaftServerConfigKeys (ConfUtils.java:logGet(43)) - raft.server.snapshot.retention.num.files = 5 (custom)
2019-09-25 12:49:36,757 [pool-709-thread-1] INFO  server.RaftServerConfigKeys (ConfUtils.java:logGet(43)) - raft.server.log.write.buffer.size = 33554432 (custom)
2019-09-25 12:49:36,757 [pool-689-thread-1] INFO  server.RaftServerConfigKeys (ConfUtils.java:logGet(43)) - raft.server.retrycache.expirytime = 600000ms (custom)
2019-09-25 12:49:36,757 [pool-739-thread-1] INFO  server.RaftServerConfigKeys (ConfUtils.java:logGet(43)) - raft.server.log.queue.element-limit = 1024 (custom)
2019-09-25 12:49:36,757 [pool-709-thread-1] INFO  server.RaftServerConfigKeys (ConfUtils.java:logGet(43)) - raft.server.log.force.sync.num = 128 (default)
2019-09-25 12:49:36,758 [pool-739-thread-1] INFO  server.RaftServerConfigKeys (ConfUtils.java:logGet(43)) - raft.server.log.segment.size.max = 1048576 (custom)
2019-09-25 12:49:36,758 [pool-709-thread-1] INFO  server.RaftServerConfigKeys (ConfUtils.java:logGet(43)) - raft.server.log.statemachine.data.sync = true (default)
2019-09-25 12:49:36,758 [pool-739-thread-1] INFO  server.RaftServerConfigKeys (ConfUtils.java:logGet(43)) - raft.server.log.preallocated.size = 16384 (custom)
2019-09-25 12:49:36,758 [pool-739-thread-1] INFO  server.RaftServerConfigKeys (ConfUtils.java:logGet(43)) - raft.server.log.write.buffer.size = 33554432 (custom)
2019-09-25 12:49:36,758 [pool-709-thread-1] INFO  server.RaftServerConfigKeys (ConfUtils.java:logGet(43)) - raft.server.log.statemachine.data.sync.timeout = 10s (default)
2019-09-25 12:49:36,758 [pool-739-thread-1] INFO  server.RaftServerConfigKeys (ConfUtils.java:logGet(43)) - raft.server.log.force.sync.num = 128 (default)
2019-09-25 12:49:36,758 [pool-709-thread-1] INFO  server.RaftServerConfigKeys (ConfUtils.java:logGet(43)) - raft.server.log.statemachine.data.sync.timeout.retry = -1 (default)
2019-09-25 12:49:36,758 [pool-739-thread-1] INFO  server.RaftServerConfigKeys (ConfUtils.java:logGet(43)) - raft.server.log.statemachine.data.sync = true (default)
2019-09-25 12:49:36,758 [pool-709-thread-1] INFO  server.RaftServerConfigKeys (ConfUtils.java:logGet(43)) - raft.server.log.statemachine.data.caching.enabled = true (custom)
2019-09-25 12:49:36,759 [pool-739-thread-1] INFO  server.RaftServerConfigKeys (ConfUtils.java:logGet(43)) - raft.server.log.statemachine.data.sync.timeout = 10s (default)
2019-09-25 12:49:36,759 [pool-739-thread-1] INFO  server.RaftServerConfigKeys (ConfUtils.java:logGet(43)) - raft.server.log.statemachine.data.sync.timeout.retry = -1 (default)
2019-09-25 12:49:36,759 [pool-709-thread-1] INFO  segmented.SegmentedRaftLogWorker (SegmentedRaftLogWorker.java:lambda$new$0(132)) - 3fecd095-e7b2-43c8-8ba6-ce5e973e15fd@group-C1ED4A7C2218-SegmentedRaftLogWorker: flushIndex: setUnconditionally 0 -> -1
2019-09-25 12:49:36,759 [pool-739-thread-1] INFO  server.RaftServerConfigKeys (ConfUtils.java:logGet(43)) - raft.server.log.statemachine.data.caching.enabled = true (custom)
2019-09-25 12:49:36,759 [pool-689-thread-1] INFO  impl.RaftServerImpl (RaftServerImpl.java:start(185)) - 566b540d-5d54-415e-ae29-de122253aae0@group-C1ED4A7C2218: start as a follower, conf=-1: [3fecd095-e7b2-43c8-8ba6-ce5e973e15fd:192.168.151.66:45741, 07cfe84e-4aa5-4a80-9b1f-bf1d9bb36805:192.168.151.66:40658, 566b540d-5d54-415e-ae29-de122253aae0:192.168.151.66:33140], old=null
2019-09-25 12:49:36,759 [pool-739-thread-1] INFO  segmented.SegmentedRaftLogWorker (SegmentedRaftLogWorker.java:lambda$new$0(132)) - 07cfe84e-4aa5-4a80-9b1f-bf1d9bb36805@group-C1ED4A7C2218-SegmentedRaftLogWorker: flushIndex: setUnconditionally 0 -> -1
2019-09-25 12:49:36,759 [pool-709-thread-1] INFO  server.RaftServerConfigKeys (ConfUtils.java:logGet(43)) - raft.server.snapshot.auto.trigger.enabled = true (custom)
2019-09-25 12:49:36,759 [pool-689-thread-1] INFO  impl.RaftServerImpl (RaftServerImpl.java:setRole(174)) - 566b540d-5d54-415e-ae29-de122253aae0@group-C1ED4A7C2218: changes role from      null to FOLLOWER at term 0 for startAsFollower
2019-09-25 12:49:36,760 [pool-709-thread-1] INFO  server.RaftServerConfigKeys (ConfUtils.java:logGet(43)) - raft.server.snapshot.auto.trigger.threshold = 10000 (custom)
2019-09-25 12:49:36,760 [pool-739-thread-1] INFO  server.RaftServerConfigKeys (ConfUtils.java:logGet(43)) - raft.server.snapshot.auto.trigger.enabled = true (custom)
2019-09-25 12:49:36,760 [pool-709-thread-1] INFO  server.RaftServerConfigKeys (ConfUtils.java:logGet(43)) - raft.server.snapshot.retention.num.files = 5 (custom)
2019-09-25 12:49:36,760 [pool-689-thread-1] INFO  impl.RoleInfo (RoleInfo.java:updateAndGet(143)) - 566b540d-5d54-415e-ae29-de122253aae0: start FollowerState
2019-09-25 12:49:36,760 [pool-709-thread-1] INFO  server.RaftServerConfigKeys (ConfUtils.java:logGet(43)) - raft.server.retrycache.expirytime = 600000ms (custom)
2019-09-25 12:49:36,760 [pool-739-thread-1] INFO  server.RaftServerConfigKeys (ConfUtils.java:logGet(43)) - raft.server.snapshot.auto.trigger.threshold = 10000 (custom)
2019-09-25 12:49:36,760 [pool-739-thread-1] INFO  server.RaftServerConfigKeys (ConfUtils.java:logGet(43)) - raft.server.snapshot.retention.num.files = 5 (custom)
2019-09-25 12:49:36,760 [pool-689-thread-1] INFO  util.JmxRegister (JmxRegister.java:tryRegister(44)) - Successfully registered JMX Bean with object name Ratis:service=RaftServer,group=group-C1ED4A7C2218,id=566b540d-5d54-415e-ae29-de122253aae0
2019-09-25 12:49:36,760 [pool-739-thread-1] INFO  server.RaftServerConfigKeys (ConfUtils.java:logGet(43)) - raft.server.retrycache.expirytime = 600000ms (custom)
2019-09-25 12:49:36,763 [pool-709-thread-1] INFO  impl.RaftServerImpl (RaftServerImpl.java:start(185)) - 3fecd095-e7b2-43c8-8ba6-ce5e973e15fd@group-C1ED4A7C2218: start as a follower, conf=-1: [3fecd095-e7b2-43c8-8ba6-ce5e973e15fd:192.168.151.66:45741, 07cfe84e-4aa5-4a80-9b1f-bf1d9bb36805:192.168.151.66:40658, 566b540d-5d54-415e-ae29-de122253aae0:192.168.151.66:33140], old=null
2019-09-25 12:49:36,763 [pool-739-thread-1] INFO  impl.RaftServerImpl (RaftServerImpl.java:start(185)) - 07cfe84e-4aa5-4a80-9b1f-bf1d9bb36805@group-C1ED4A7C2218: start as a follower, conf=-1: [3fecd095-e7b2-43c8-8ba6-ce5e973e15fd:192.168.151.66:45741, 07cfe84e-4aa5-4a80-9b1f-bf1d9bb36805:192.168.151.66:40658, 566b540d-5d54-415e-ae29-de122253aae0:192.168.151.66:33140], old=null
2019-09-25 12:49:36,763 [pool-709-thread-1] INFO  impl.RaftServerImpl (RaftServerImpl.java:setRole(174)) - 3fecd095-e7b2-43c8-8ba6-ce5e973e15fd@group-C1ED4A7C2218: changes role from      null to FOLLOWER at term 0 for startAsFollower
2019-09-25 12:49:36,763 [pool-739-thread-1] INFO  impl.RaftServerImpl (RaftServerImpl.java:setRole(174)) - 07cfe84e-4aa5-4a80-9b1f-bf1d9bb36805@group-C1ED4A7C2218: changes role from      null to FOLLOWER at term 0 for startAsFollower
2019-09-25 12:49:36,763 [pool-709-thread-1] INFO  impl.RoleInfo (RoleInfo.java:updateAndGet(143)) - 3fecd095-e7b2-43c8-8ba6-ce5e973e15fd: start FollowerState
2019-09-25 12:49:36,763 [pool-739-thread-1] INFO  impl.RoleInfo (RoleInfo.java:updateAndGet(143)) - 07cfe84e-4aa5-4a80-9b1f-bf1d9bb36805: start FollowerState
2019-09-25 12:49:36,764 [pool-709-thread-1] INFO  util.JmxRegister (JmxRegister.java:tryRegister(44)) - Successfully registered JMX Bean with object name Ratis:service=RaftServer,group=group-C1ED4A7C2218,id=3fecd095-e7b2-43c8-8ba6-ce5e973e15fd
2019-09-25 12:49:36,764 [pool-739-thread-1] INFO  util.JmxRegister (JmxRegister.java:tryRegister(44)) - Successfully registered JMX Bean with object name Ratis:service=RaftServer,group=group-C1ED4A7C2218,id=07cfe84e-4aa5-4a80-9b1f-bf1d9bb36805
2019-09-25 12:49:36,767 [RatisPipelineUtilsThread] INFO  pipeline.PipelineStateManager (PipelineStateManager.java:addPipeline(56)) - Created pipeline Pipeline[ Id: 0f33da1e-07ee-42db-a084-c1ed4a7c2218, Nodes: 07cfe84e-4aa5-4a80-9b1f-bf1d9bb36805{ip: 192.168.151.66, host: pr-hdds-2175-t596l-953197546, networkLocation: /default-rack, certSerialId: null}566b540d-5d54-415e-ae29-de122253aae0{ip: 192.168.151.66, host: pr-hdds-2175-t596l-953197546, networkLocation: /default-rack, certSerialId: null}3fecd095-e7b2-43c8-8ba6-ce5e973e15fd{ip: 192.168.151.66, host: pr-hdds-2175-t596l-953197546, networkLocation: /default-rack, certSerialId: null}, Type:RATIS, Factor:THREE, State:OPEN]
2019-09-25 12:49:36,774 [grpc-default-executor-5] INFO  impl.RaftServerProxy (RaftServerProxy.java:addNew(89)) - 07cfe84e-4aa5-4a80-9b1f-bf1d9bb36805: addNew group-8F039DF74E75:[07cfe84e-4aa5-4a80-9b1f-bf1d9bb36805:192.168.151.66:40658] returns group-8F039DF74E75:java.util.concurrent.CompletableFuture@68798914[Not completed]
2019-09-25 12:49:36,775 [pool-739-thread-1] INFO  impl.RaftServerImpl (RaftServerImpl.java:<init>(95)) - 07cfe84e-4aa5-4a80-9b1f-bf1d9bb36805: new RaftServerImpl for group-8F039DF74E75:[07cfe84e-4aa5-4a80-9b1f-bf1d9bb36805:192.168.151.66:40658] with ContainerStateMachine:uninitialized
2019-09-25 12:49:36,777 [pool-739-thread-1] INFO  server.RaftServerConfigKeys (ConfUtils.java:logGet(43)) - raft.server.rpc.timeout.min = 5s (custom)
2019-09-25 12:49:36,777 [pool-739-thread-1] INFO  server.RaftServerConfigKeys (ConfUtils.java:logGet(43)) - raft.server.rpc.timeout.max = 5200ms (custom)
2019-09-25 12:49:36,777 [pool-739-thread-1] INFO  server.RaftServerConfigKeys (ConfUtils.java:logGet(43)) - raft.server.rpcslowness.timeout = 120s (custom)
2019-09-25 12:49:36,777 [pool-739-thread-1] INFO  server.RaftServerConfigKeys (ConfUtils.java:logGet(43)) - raft.server.sleep.deviation.threshold = 300 (default)
2019-09-25 12:49:36,777 [pool-739-thread-1] INFO  server.RaftServerConfigKeys (ConfUtils.java:logGet(43)) - raft.server.log.appender.install.snapshot.enabled = false (custom)
2019-09-25 12:49:36,777 [pool-739-thread-1] INFO  impl.RaftServerImpl (ServerState.java:<init>(103)) - 07cfe84e-4aa5-4a80-9b1f-bf1d9bb36805@group-8F039DF74E75: ConfigurationManager, init=-1: [07cfe84e-4aa5-4a80-9b1f-bf1d9bb36805:192.168.151.66:40658], old=null, confs=<EMPTY_MAP>
2019-09-25 12:49:36,778 [pool-739-thread-1] INFO  server.RaftServerConfigKeys (ConfUtils.java:logGet(43)) - raft.server.storage.dir = [/workdir/hadoop-ozone/integration-test/target/test-dir/MiniOzoneClusterImpl-1154d014-32d6-4989-b40a-3009b5f24e17/datanode-6/data/ratis] (custom)
2019-09-25 12:49:36,778 [pool-739-thread-1] INFO  storage.RaftStorageDirectory (RaftStorageDirectory.java:analyzeStorage(246)) - The storage directory /workdir/hadoop-ozone/integration-test/target/test-dir/MiniOzoneClusterImpl-1154d014-32d6-4989-b40a-3009b5f24e17/datanode-6/data/ratis/ce3c8c76-80ac-4c25-a826-8f039df74e75 does not exist. Creating ...
2019-09-25 12:49:36,790 [pool-739-thread-1] INFO  storage.RaftStorageDirectory (RaftStorageDirectory.java:tryLock(328)) - Lock on /workdir/hadoop-ozone/integration-test/target/test-dir/MiniOzoneClusterImpl-1154d014-32d6-4989-b40a-3009b5f24e17/datanode-6/data/ratis/ce3c8c76-80ac-4c25-a826-8f039df74e75/in_use.lock acquired by nodename 19101@pr-hdds-2175-t596l-953197546
2019-09-25 12:49:36,803 [pool-739-thread-1] INFO  storage.RaftStorage (RaftStorage.java:format(72)) - Storage directory /workdir/hadoop-ozone/integration-test/target/test-dir/MiniOzoneClusterImpl-1154d014-32d6-4989-b40a-3009b5f24e17/datanode-6/data/ratis/ce3c8c76-80ac-4c25-a826-8f039df74e75 has been successfully formatted.
2019-09-25 12:49:36,803 [pool-739-thread-1] INFO  ratis.ContainerStateMachine (ContainerStateMachine.java:loadSnapshot(230)) - group-8F039DF74E75: The snapshot info is null. Setting the last applied indexto:(t:0, i:~)
2019-09-25 12:49:36,803 [pool-739-thread-1] INFO  server.RaftServerConfigKeys (ConfUtils.java:logGet(43)) - raft.server.notification.no-leader.timeout = 120s (custom)
2019-09-25 12:49:36,803 [pool-739-thread-1] INFO  server.RaftServerConfigKeys (ConfUtils.java:logGet(43)) - raft.server.log.use.memory = false (default)
2019-09-25 12:49:36,803 [pool-739-thread-1] INFO  server.RaftServerConfigKeys (ConfUtils.java:logGet(43)) - raft.server.log.purge.gap = 1000000 (custom)
2019-09-25 12:49:36,803 [pool-739-thread-1] INFO  server.RaftServerConfigKeys (ConfUtils.java:logGet(43)) - raft.server.log.appender.buffer.byte-limit = 33554432 (custom)
2019-09-25 12:49:36,804 [pool-739-thread-1] INFO  server.RaftServerConfigKeys (ConfUtils.java:logGet(43)) - raft.server.log.segment.size.max = 1048576 (custom)
2019-09-25 12:49:36,804 [pool-739-thread-1] INFO  server.RaftServerConfigKeys (ConfUtils.java:logGet(43)) - raft.server.log.segment.cache.num.max = 2 (custom)
2019-09-25 12:49:36,804 [pool-739-thread-1] INFO  segmented.SegmentedRaftLogWorker (SegmentedRaftLogWorker.java:<init>(172)) - new 07cfe84e-4aa5-4a80-9b1f-bf1d9bb36805@group-8F039DF74E75-SegmentedRaftLogWorker for RaftStorage:Storage Directory /workdir/hadoop-ozone/integration-test/target/test-dir/MiniOzoneClusterImpl-1154d014-32d6-4989-b40a-3009b5f24e17/datanode-6/data/ratis/ce3c8c76-80ac-4c25-a826-8f039df74e75
2019-09-25 12:49:36,804 [pool-739-thread-1] INFO  server.RaftServerConfigKeys (ConfUtils.java:logGet(43)) - raft.server.log.queue.byte-limit = 2147483647 (custom)
2019-09-25 12:49:36,804 [pool-739-thread-1] INFO  server.RaftServerConfigKeys (ConfUtils.java:logGet(43)) - raft.server.log.queue.element-limit = 1024 (custom)
2019-09-25 12:49:36,804 [pool-739-thread-1] INFO  server.RaftServerConfigKeys (ConfUtils.java:logGet(43)) - raft.server.log.segment.size.max = 1048576 (custom)
2019-09-25 12:49:36,804 [pool-739-thread-1] INFO  server.RaftServerConfigKeys (ConfUtils.java:logGet(43)) - raft.server.log.preallocated.size = 16384 (custom)
2019-09-25 12:49:36,804 [pool-739-thread-1] INFO  server.RaftServerConfigKeys (ConfUtils.java:logGet(43)) - raft.server.log.write.buffer.size = 33554432 (custom)
2019-09-25 12:49:36,804 [pool-739-thread-1] INFO  server.RaftServerConfigKeys (ConfUtils.java:logGet(43)) - raft.server.log.force.sync.num = 128 (default)
2019-09-25 12:49:36,804 [pool-739-thread-1] INFO  server.RaftServerConfigKeys (ConfUtils.java:logGet(43)) - raft.server.log.statemachine.data.sync = true (default)
2019-09-25 12:49:36,804 [pool-739-thread-1] INFO  server.RaftServerConfigKeys (ConfUtils.java:logGet(43)) - raft.server.log.statemachine.data.sync.timeout = 10s (default)
2019-09-25 12:49:36,804 [pool-739-thread-1] INFO  server.RaftServerConfigKeys (ConfUtils.java:logGet(43)) - raft.server.log.statemachine.data.sync.timeout.retry = -1 (default)
2019-09-25 12:49:36,805 [pool-739-thread-1] INFO  server.RaftServerConfigKeys (ConfUtils.java:logGet(43)) - raft.server.log.statemachine.data.caching.enabled = true (custom)
2019-09-25 12:49:36,805 [pool-739-thread-1] INFO  segmented.SegmentedRaftLogWorker (SegmentedRaftLogWorker.java:lambda$new$0(132)) - 07cfe84e-4aa5-4a80-9b1f-bf1d9bb36805@group-8F039DF74E75-SegmentedRaftLogWorker: flushIndex: setUnconditionally 0 -> -1
2019-09-25 12:49:36,805 [pool-739-thread-1] INFO  server.RaftServerConfigKeys (ConfUtils.java:logGet(43)) - raft.server.snapshot.auto.trigger.enabled = true (custom)
2019-09-25 12:49:36,805 [pool-739-thread-1] INFO  server.RaftServerConfigKeys (ConfUtils.java:logGet(43)) - raft.server.snapshot.auto.trigger.threshold = 10000 (custom)
2019-09-25 12:49:36,805 [pool-739-thread-1] INFO  server.RaftServerConfigKeys (ConfUtils.java:logGet(43)) - raft.server.snapshot.retention.num.files = 5 (custom)
2019-09-25 12:49:36,805 [pool-739-thread-1] INFO  server.RaftServerConfigKeys (ConfUtils.java:logGet(43)) - raft.server.retrycache.expirytime = 600000ms (custom)
2019-09-25 12:49:36,806 [pool-739-thread-1] INFO  impl.RaftServerImpl (RaftServerImpl.java:start(185)) - 07cfe84e-4aa5-4a80-9b1f-bf1d9bb36805@group-8F039DF74E75: start as a follower, conf=-1: [07cfe84e-4aa5-4a80-9b1f-bf1d9bb36805:192.168.151.66:40658], old=null
2019-09-25 12:49:36,806 [pool-739-thread-1] INFO  impl.RaftServerImpl (RaftServerImpl.java:setRole(174)) - 07cfe84e-4aa5-4a80-9b1f-bf1d9bb36805@group-8F039DF74E75: changes role from      null to FOLLOWER at term 0 for startAsFollower
2019-09-25 12:49:36,806 [pool-739-thread-1] INFO  impl.RoleInfo (RoleInfo.java:updateAndGet(143)) - 07cfe84e-4aa5-4a80-9b1f-bf1d9bb36805: start FollowerState
2019-09-25 12:49:36,807 [pool-739-thread-1] INFO  util.JmxRegister (JmxRegister.java:tryRegister(44)) - Successfully registered JMX Bean with object name Ratis:service=RaftServer,group=group-8F039DF74E75,id=07cfe84e-4aa5-4a80-9b1f-bf1d9bb36805
2019-09-25 12:49:36,808 [RatisPipelineUtilsThread] INFO  pipeline.PipelineStateManager (PipelineStateManager.java:addPipeline(56)) - Created pipeline Pipeline[ Id: ce3c8c76-80ac-4c25-a826-8f039df74e75, Nodes: 07cfe84e-4aa5-4a80-9b1f-bf1d9bb36805{ip: 192.168.151.66, host: pr-hdds-2175-t596l-953197546, networkLocation: /default-rack, certSerialId: null}, Type:RATIS, Factor:ONE, State:OPEN]
2019-09-25 12:49:36,815 [grpc-default-executor-5] INFO  impl.RaftServerProxy (RaftServerProxy.java:addNew(89)) - afc774d3-ff67-43cc-88c7-ca5513c32fb1: addNew group-97D8030FD8D9:[afc774d3-ff67-43cc-88c7-ca5513c32fb1:192.168.151.66:41155] returns group-97D8030FD8D9:java.util.concurrent.CompletableFuture@4d40afd6[Not completed]
2019-09-25 12:49:36,817 [pool-729-thread-1] INFO  impl.RaftServerImpl (RaftServerImpl.java:<init>(95)) - afc774d3-ff67-43cc-88c7-ca5513c32fb1: new RaftServerImpl for group-97D8030FD8D9:[afc774d3-ff67-43cc-88c7-ca5513c32fb1:192.168.151.66:41155] with ContainerStateMachine:uninitialized
2019-09-25 12:49:36,817 [pool-729-thread-1] INFO  server.RaftServerConfigKeys (ConfUtils.java:logGet(43)) - raft.server.rpc.timeout.min = 5s (custom)
2019-09-25 12:49:36,817 [pool-729-thread-1] INFO  server.RaftServerConfigKeys (ConfUtils.java:logGet(43)) - raft.server.rpc.timeout.max = 5200ms (custom)
2019-09-25 12:49:36,817 [pool-729-thread-1] INFO  server.RaftServerConfigKeys (ConfUtils.java:logGet(43)) - raft.server.rpcslowness.timeout = 120s (custom)
2019-09-25 12:49:36,817 [pool-729-thread-1] INFO  server.RaftServerConfigKeys (ConfUtils.java:logGet(43)) - raft.server.sleep.deviation.threshold = 300 (default)
2019-09-25 12:49:36,817 [pool-729-thread-1] INFO  server.RaftServerConfigKeys (ConfUtils.java:logGet(43)) - raft.server.log.appender.install.snapshot.enabled = false (custom)
2019-09-25 12:49:36,817 [pool-729-thread-1] INFO  impl.RaftServerImpl (ServerState.java:<init>(103)) - afc774d3-ff67-43cc-88c7-ca5513c32fb1@group-97D8030FD8D9: ConfigurationManager, init=-1: [afc774d3-ff67-43cc-88c7-ca5513c32fb1:192.168.151.66:41155], old=null, confs=<EMPTY_MAP>
2019-09-25 12:49:36,818 [pool-729-thread-1] INFO  server.RaftServerConfigKeys (ConfUtils.java:logGet(43)) - raft.server.storage.dir = [/workdir/hadoop-ozone/integration-test/target/test-dir/MiniOzoneClusterImpl-1154d014-32d6-4989-b40a-3009b5f24e17/datanode-5/data/ratis] (custom)
2019-09-25 12:49:36,818 [pool-729-thread-1] INFO  storage.RaftStorageDirectory (RaftStorageDirectory.java:analyzeStorage(246)) - The storage directory /workdir/hadoop-ozone/integration-test/target/test-dir/MiniOzoneClusterImpl-1154d014-32d6-4989-b40a-3009b5f24e17/datanode-5/data/ratis/6db10af1-5fc3-4c11-b720-97d8030fd8d9 does not exist. Creating ...
2019-09-25 12:49:36,835 [pool-729-thread-1] INFO  storage.RaftStorageDirectory (RaftStorageDirectory.java:tryLock(328)) - Lock on /workdir/hadoop-ozone/integration-test/target/test-dir/MiniOzoneClusterImpl-1154d014-32d6-4989-b40a-3009b5f24e17/datanode-5/data/ratis/6db10af1-5fc3-4c11-b720-97d8030fd8d9/in_use.lock acquired by nodename 19101@pr-hdds-2175-t596l-953197546
2019-09-25 12:49:36,859 [pool-729-thread-1] INFO  storage.RaftStorage (RaftStorage.java:format(72)) - Storage directory /workdir/hadoop-ozone/integration-test/target/test-dir/MiniOzoneClusterImpl-1154d014-32d6-4989-b40a-3009b5f24e17/datanode-5/data/ratis/6db10af1-5fc3-4c11-b720-97d8030fd8d9 has been successfully formatted.
2019-09-25 12:49:36,859 [pool-729-thread-1] INFO  ratis.ContainerStateMachine (ContainerStateMachine.java:loadSnapshot(230)) - group-97D8030FD8D9: The snapshot info is null. Setting the last applied indexto:(t:0, i:~)
2019-09-25 12:49:36,859 [pool-729-thread-1] INFO  server.RaftServerConfigKeys (ConfUtils.java:logGet(43)) - raft.server.notification.no-leader.timeout = 120s (custom)
2019-09-25 12:49:36,859 [pool-729-thread-1] INFO  server.RaftServerConfigKeys (ConfUtils.java:logGet(43)) - raft.server.log.use.memory = false (default)
2019-09-25 12:49:36,859 [pool-729-thread-1] INFO  server.RaftServerConfigKeys (ConfUtils.java:logGet(43)) - raft.server.log.purge.gap = 1000000 (custom)
2019-09-25 12:49:36,860 [pool-729-thread-1] INFO  server.RaftServerConfigKeys (ConfUtils.java:logGet(43)) - raft.server.log.appender.buffer.byte-limit = 33554432 (custom)
2019-09-25 12:49:36,860 [pool-729-thread-1] INFO  server.RaftServerConfigKeys (ConfUtils.java:logGet(43)) - raft.server.log.segment.size.max = 1048576 (custom)
2019-09-25 12:49:36,860 [pool-729-thread-1] INFO  server.RaftServerConfigKeys (ConfUtils.java:logGet(43)) - raft.server.log.segment.cache.num.max = 2 (custom)
2019-09-25 12:49:36,860 [pool-729-thread-1] INFO  segmented.SegmentedRaftLogWorker (SegmentedRaftLogWorker.java:<init>(172)) - new afc774d3-ff67-43cc-88c7-ca5513c32fb1@group-97D8030FD8D9-SegmentedRaftLogWorker for RaftStorage:Storage Directory /workdir/hadoop-ozone/integration-test/target/test-dir/MiniOzoneClusterImpl-1154d014-32d6-4989-b40a-3009b5f24e17/datanode-5/data/ratis/6db10af1-5fc3-4c11-b720-97d8030fd8d9
2019-09-25 12:49:36,862 [pool-729-thread-1] INFO  server.RaftServerConfigKeys (ConfUtils.java:logGet(43)) - raft.server.log.queue.byte-limit = 2147483647 (custom)
2019-09-25 12:49:36,862 [pool-729-thread-1] INFO  server.RaftServerConfigKeys (ConfUtils.java:logGet(43)) - raft.server.log.queue.element-limit = 1024 (custom)
2019-09-25 12:49:36,862 [pool-729-thread-1] INFO  server.RaftServerConfigKeys (ConfUtils.java:logGet(43)) - raft.server.log.segment.size.max = 1048576 (custom)
2019-09-25 12:49:36,862 [pool-729-thread-1] INFO  server.RaftServerConfigKeys (ConfUtils.java:logGet(43)) - raft.server.log.preallocated.size = 16384 (custom)
2019-09-25 12:49:36,863 [pool-729-thread-1] INFO  server.RaftServerConfigKeys (ConfUtils.java:logGet(43)) - raft.server.log.write.buffer.size = 33554432 (custom)
2019-09-25 12:49:36,863 [pool-729-thread-1] INFO  server.RaftServerConfigKeys (ConfUtils.java:logGet(43)) - raft.server.log.force.sync.num = 128 (default)
2019-09-25 12:49:36,863 [pool-729-thread-1] INFO  server.RaftServerConfigKeys (ConfUtils.java:logGet(43)) - raft.server.log.statemachine.data.sync = true (default)
2019-09-25 12:49:36,863 [pool-729-thread-1] INFO  server.RaftServerConfigKeys (ConfUtils.java:logGet(43)) - raft.server.log.statemachine.data.sync.timeout = 10s (default)
2019-09-25 12:49:36,863 [pool-729-thread-1] INFO  server.RaftServerConfigKeys (ConfUtils.java:logGet(43)) - raft.server.log.statemachine.data.sync.timeout.retry = -1 (default)
2019-09-25 12:49:36,863 [pool-729-thread-1] INFO  server.RaftServerConfigKeys (ConfUtils.java:logGet(43)) - raft.server.log.statemachine.data.caching.enabled = true (custom)
2019-09-25 12:49:36,864 [pool-729-thread-1] INFO  segmented.SegmentedRaftLogWorker (SegmentedRaftLogWorker.java:lambda$new$0(132)) - afc774d3-ff67-43cc-88c7-ca5513c32fb1@group-97D8030FD8D9-SegmentedRaftLogWorker: flushIndex: setUnconditionally 0 -> -1
2019-09-25 12:49:36,864 [pool-729-thread-1] INFO  server.RaftServerConfigKeys (ConfUtils.java:logGet(43)) - raft.server.snapshot.auto.trigger.enabled = true (custom)
2019-09-25 12:49:36,864 [pool-729-thread-1] INFO  server.RaftServerConfigKeys (ConfUtils.java:logGet(43)) - raft.server.snapshot.auto.trigger.threshold = 10000 (custom)
2019-09-25 12:49:36,864 [pool-729-thread-1] INFO  server.RaftServerConfigKeys (ConfUtils.java:logGet(43)) - raft.server.snapshot.retention.num.files = 5 (custom)
2019-09-25 12:49:36,864 [pool-729-thread-1] INFO  server.RaftServerConfigKeys (ConfUtils.java:logGet(43)) - raft.server.retrycache.expirytime = 600000ms (custom)
2019-09-25 12:49:36,866 [pool-729-thread-1] INFO  impl.RaftServerImpl (RaftServerImpl.java:start(185)) - afc774d3-ff67-43cc-88c7-ca5513c32fb1@group-97D8030FD8D9: start as a follower, conf=-1: [afc774d3-ff67-43cc-88c7-ca5513c32fb1:192.168.151.66:41155], old=null
2019-09-25 12:49:36,866 [pool-729-thread-1] INFO  impl.RaftServerImpl (RaftServerImpl.java:setRole(174)) - afc774d3-ff67-43cc-88c7-ca5513c32fb1@group-97D8030FD8D9: changes role from      null to FOLLOWER at term 0 for startAsFollower
2019-09-25 12:49:36,867 [pool-729-thread-1] INFO  impl.RoleInfo (RoleInfo.java:updateAndGet(143)) - afc774d3-ff67-43cc-88c7-ca5513c32fb1: start FollowerState
2019-09-25 12:49:36,867 [pool-729-thread-1] INFO  util.JmxRegister (JmxRegister.java:tryRegister(44)) - Successfully registered JMX Bean with object name Ratis:service=RaftServer,group=group-97D8030FD8D9,id=afc774d3-ff67-43cc-88c7-ca5513c32fb1
2019-09-25 12:49:36,869 [RatisPipelineUtilsThread] INFO  pipeline.PipelineStateManager (PipelineStateManager.java:addPipeline(56)) - Created pipeline Pipeline[ Id: 6db10af1-5fc3-4c11-b720-97d8030fd8d9, Nodes: afc774d3-ff67-43cc-88c7-ca5513c32fb1{ip: 192.168.151.66, host: pr-hdds-2175-t596l-953197546, networkLocation: /default-rack, certSerialId: null}, Type:RATIS, Factor:ONE, State:OPEN]
2019-09-25 12:49:39,270 [Thread-4441] INFO  container.ReplicationManager (ReplicationManager.java:start(162)) - Starting Replication Monitor Thread.
2019-09-25 12:49:39,275 [ReplicationMonitor] INFO  container.ReplicationManager (ReplicationManager.java:run(225)) - Replication Monitor Thread took 0 milliseconds for processing 1 containers.
2019-09-25 12:49:41,388 [Thread-4443] INFO  impl.FollowerState (FollowerState.java:run(106)) - 4d7f1931-da22-4277-8e70-be8e40e12960:group-11E183A12089 changes to CANDIDATE, lastRpcTime:5059, electionTimeout:5059ms
2019-09-25 12:49:41,389 [Thread-4443] INFO  impl.RoleInfo (RoleInfo.java:shutdownFollowerState(121)) - 4d7f1931-da22-4277-8e70-be8e40e12960: shutdown FollowerState
2019-09-25 12:49:41,389 [Thread-4443] INFO  impl.RaftServerImpl (RaftServerImpl.java:setRole(174)) - 4d7f1931-da22-4277-8e70-be8e40e12960@group-11E183A12089: changes role from  FOLLOWER to CANDIDATE at term 0 for changeToCandidate
2019-09-25 12:49:41,389 [Thread-4443] INFO  impl.RoleInfo (RoleInfo.java:updateAndGet(143)) - 4d7f1931-da22-4277-8e70-be8e40e12960: start LeaderElection
2019-09-25 12:49:41,413 [4d7f1931-da22-4277-8e70-be8e40e12960@group-11E183A12089:LeaderElection106] INFO  impl.LeaderElection (LeaderElection.java:askForVotes(182)) - 4d7f1931-da22-4277-8e70-be8e40e12960@group-11E183A12089:LeaderElection106: begin an election at term 1 for -1: [4d7f1931-da22-4277-8e70-be8e40e12960:192.168.151.66:35684], old=null
2019-09-25 12:49:41,413 [4d7f1931-da22-4277-8e70-be8e40e12960@group-11E183A12089:LeaderElection106] INFO  impl.RoleInfo (RoleInfo.java:shutdownLeaderElection(134)) - 4d7f1931-da22-4277-8e70-be8e40e12960: shutdown LeaderElection
2019-09-25 12:49:41,413 [4d7f1931-da22-4277-8e70-be8e40e12960@group-11E183A12089:LeaderElection106] INFO  impl.RaftServerImpl (RaftServerImpl.java:setRole(174)) - 4d7f1931-da22-4277-8e70-be8e40e12960@group-11E183A12089: changes role from CANDIDATE to LEADER at term 1 for changeToLeader
2019-09-25 12:49:41,414 [4d7f1931-da22-4277-8e70-be8e40e12960@group-11E183A12089:LeaderElection106] INFO  impl.RaftServerImpl (ServerState.java:setLeader(253)) - 4d7f1931-da22-4277-8e70-be8e40e12960@group-11E183A12089: change Leader from null to 4d7f1931-da22-4277-8e70-be8e40e12960 at term 1 for becomeLeader, leader elected after 5093ms
2019-09-25 12:49:41,414 [4d7f1931-da22-4277-8e70-be8e40e12960@group-11E183A12089:LeaderElection106] INFO  server.RaftServerConfigKeys (ConfUtils.java:logGet(43)) - raft.server.staging.catchup.gap = 1000 (default)
2019-09-25 12:49:41,414 [4d7f1931-da22-4277-8e70-be8e40e12960@group-11E183A12089:LeaderElection106] INFO  server.RaftServerConfigKeys (ConfUtils.java:logGet(43)) - raft.server.rpc.sleep.time = 25ms (default)
2019-09-25 12:49:41,415 [4d7f1931-da22-4277-8e70-be8e40e12960@group-11E183A12089:LeaderElection106] INFO  server.RaftServerConfigKeys (ConfUtils.java:logGet(43)) - raft.server.write.element-limit = 4096 (default)
2019-09-25 12:49:41,415 [4d7f1931-da22-4277-8e70-be8e40e12960@group-11E183A12089:LeaderElection106] INFO  server.RaftServerConfigKeys (ConfUtils.java:logGet(43)) - raft.server.watch.timeout = 10s (default)
2019-09-25 12:49:41,415 [4d7f1931-da22-4277-8e70-be8e40e12960@group-11E183A12089:LeaderElection106] INFO  server.RaftServerConfigKeys (ConfUtils.java:logGet(43)) - raft.server.watch.timeout.denomination = 1s (default)
2019-09-25 12:49:41,415 [4d7f1931-da22-4277-8e70-be8e40e12960@group-11E183A12089:LeaderElection106] INFO  server.RaftServerConfigKeys (ConfUtils.java:logGet(43)) - raft.server.watch.element-limit = 65536 (default)
2019-09-25 12:49:41,418 [4d7f1931-da22-4277-8e70-be8e40e12960@group-11E183A12089:LeaderElection106] INFO  impl.RoleInfo (RoleInfo.java:updateAndGet(143)) - 4d7f1931-da22-4277-8e70-be8e40e12960: start LeaderState
2019-09-25 12:49:41,419 [4d7f1931-da22-4277-8e70-be8e40e12960@group-11E183A12089:LeaderElection106] INFO  segmented.SegmentedRaftLogWorker (SegmentedRaftLogWorker.java:startLogSegment(380)) - 4d7f1931-da22-4277-8e70-be8e40e12960@group-11E183A12089-SegmentedRaftLogWorker: Starting segment from index:0
2019-09-25 12:49:41,420 [4d7f1931-da22-4277-8e70-be8e40e12960@group-11E183A12089:LeaderElection106] INFO  impl.RaftServerImpl (ServerState.java:setRaftConf(354)) - 4d7f1931-da22-4277-8e70-be8e40e12960@group-11E183A12089: set configuration 0: [4d7f1931-da22-4277-8e70-be8e40e12960:192.168.151.66:35684], old=null at 0
2019-09-25 12:49:41,475 [Thread-4446] INFO  impl.FollowerState (FollowerState.java:run(106)) - 566b540d-5d54-415e-ae29-de122253aae0:group-38C9B1165AF3 changes to CANDIDATE, lastRpcTime:5058, electionTimeout:5058ms
2019-09-25 12:49:41,475 [Thread-4446] INFO  impl.RoleInfo (RoleInfo.java:shutdownFollowerState(121)) - 566b540d-5d54-415e-ae29-de122253aae0: shutdown FollowerState
2019-09-25 12:49:41,476 [Thread-4446] INFO  impl.RaftServerImpl (RaftServerImpl.java:setRole(174)) - 566b540d-5d54-415e-ae29-de122253aae0@group-38C9B1165AF3: changes role from  FOLLOWER to CANDIDATE at term 0 for changeToCandidate
2019-09-25 12:49:41,476 [Thread-4446] INFO  impl.RoleInfo (RoleInfo.java:updateAndGet(143)) - 566b540d-5d54-415e-ae29-de122253aae0: start LeaderElection
2019-09-25 12:49:41,476 [4d7f1931-da22-4277-8e70-be8e40e12960@group-11E183A12089-SegmentedRaftLogWorker] INFO  segmented.SegmentedRaftLogWorker (SegmentedRaftLogWorker.java:execute(569)) - 4d7f1931-da22-4277-8e70-be8e40e12960@group-11E183A12089-SegmentedRaftLogWorker: created new log segment /workdir/hadoop-ozone/integration-test/target/test-dir/MiniOzoneClusterImpl-1154d014-32d6-4989-b40a-3009b5f24e17/datanode-0/data/ratis/5c3076e4-02f7-44c2-a184-11e183a12089/current/log_inprogress_0
2019-09-25 12:49:41,500 [566b540d-5d54-415e-ae29-de122253aae0@group-38C9B1165AF3:LeaderElection107] INFO  impl.LeaderElection (LeaderElection.java:askForVotes(182)) - 566b540d-5d54-415e-ae29-de122253aae0@group-38C9B1165AF3:LeaderElection107: begin an election at term 1 for -1: [566b540d-5d54-415e-ae29-de122253aae0:192.168.151.66:33140], old=null
2019-09-25 12:49:41,500 [566b540d-5d54-415e-ae29-de122253aae0@group-38C9B1165AF3:LeaderElection107] INFO  impl.RoleInfo (RoleInfo.java:shutdownLeaderElection(134)) - 566b540d-5d54-415e-ae29-de122253aae0: shutdown LeaderElection
2019-09-25 12:49:41,500 [566b540d-5d54-415e-ae29-de122253aae0@group-38C9B1165AF3:LeaderElection107] INFO  impl.RaftServerImpl (RaftServerImpl.java:setRole(174)) - 566b540d-5d54-415e-ae29-de122253aae0@group-38C9B1165AF3: changes role from CANDIDATE to LEADER at term 1 for changeToLeader
2019-09-25 12:49:41,500 [566b540d-5d54-415e-ae29-de122253aae0@group-38C9B1165AF3:LeaderElection107] INFO  impl.RaftServerImpl (ServerState.java:setLeader(253)) - 566b540d-5d54-415e-ae29-de122253aae0@group-38C9B1165AF3: change Leader from null to 566b540d-5d54-415e-ae29-de122253aae0 at term 1 for becomeLeader, leader elected after 5090ms
2019-09-25 12:49:41,500 [566b540d-5d54-415e-ae29-de122253aae0@group-38C9B1165AF3:LeaderElection107] INFO  server.RaftServerConfigKeys (ConfUtils.java:logGet(43)) - raft.server.staging.catchup.gap = 1000 (default)
2019-09-25 12:49:41,501 [566b540d-5d54-415e-ae29-de122253aae0@group-38C9B1165AF3:LeaderElection107] INFO  server.RaftServerConfigKeys (ConfUtils.java:logGet(43)) - raft.server.rpc.sleep.time = 25ms (default)
2019-09-25 12:49:41,501 [566b540d-5d54-415e-ae29-de122253aae0@group-38C9B1165AF3:LeaderElection107] INFO  server.RaftServerConfigKeys (ConfUtils.java:logGet(43)) - raft.server.write.element-limit = 4096 (default)
2019-09-25 12:49:41,501 [566b540d-5d54-415e-ae29-de122253aae0@group-38C9B1165AF3:LeaderElection107] INFO  server.RaftServerConfigKeys (ConfUtils.java:logGet(43)) - raft.server.watch.timeout = 10s (default)
2019-09-25 12:49:41,501 [566b540d-5d54-415e-ae29-de122253aae0@group-38C9B1165AF3:LeaderElection107] INFO  server.RaftServerConfigKeys (ConfUtils.java:logGet(43)) - raft.server.watch.timeout.denomination = 1s (default)
2019-09-25 12:49:41,501 [566b540d-5d54-415e-ae29-de122253aae0@group-38C9B1165AF3:LeaderElection107] INFO  server.RaftServerConfigKeys (ConfUtils.java:logGet(43)) - raft.server.watch.element-limit = 65536 (default)
2019-09-25 12:49:41,503 [566b540d-5d54-415e-ae29-de122253aae0@group-38C9B1165AF3:LeaderElection107] INFO  impl.RoleInfo (RoleInfo.java:updateAndGet(143)) - 566b540d-5d54-415e-ae29-de122253aae0: start LeaderState
2019-09-25 12:49:41,503 [566b540d-5d54-415e-ae29-de122253aae0@group-38C9B1165AF3:LeaderElection107] INFO  segmented.SegmentedRaftLogWorker (SegmentedRaftLogWorker.java:startLogSegment(380)) - 566b540d-5d54-415e-ae29-de122253aae0@group-38C9B1165AF3-SegmentedRaftLogWorker: Starting segment from index:0
2019-09-25 12:49:41,504 [566b540d-5d54-415e-ae29-de122253aae0@group-38C9B1165AF3:LeaderElection107] INFO  impl.RaftServerImpl (ServerState.java:setRaftConf(354)) - 566b540d-5d54-415e-ae29-de122253aae0@group-38C9B1165AF3: set configuration 0: [566b540d-5d54-415e-ae29-de122253aae0:192.168.151.66:33140], old=null at 0
2019-09-25 12:49:41,538 [566b540d-5d54-415e-ae29-de122253aae0@group-38C9B1165AF3-SegmentedRaftLogWorker] INFO  segmented.SegmentedRaftLogWorker (SegmentedRaftLogWorker.java:execute(569)) - 566b540d-5d54-415e-ae29-de122253aae0@group-38C9B1165AF3-SegmentedRaftLogWorker: created new log segment /workdir/hadoop-ozone/integration-test/target/test-dir/MiniOzoneClusterImpl-1154d014-32d6-4989-b40a-3009b5f24e17/datanode-1/data/ratis/f5374600-3791-4947-829d-38c9b1165af3/current/log_inprogress_0
2019-09-25 12:49:41,586 [Thread-4455] INFO  impl.FollowerState (FollowerState.java:run(106)) - fb0aa348-74e3-4f08-a5d8-e2c2e2c47515:group-4D2CCAD30CB0 changes to CANDIDATE, lastRpcTime:5027, electionTimeout:5027ms
2019-09-25 12:49:41,587 [Thread-4455] INFO  impl.RoleInfo (RoleInfo.java:shutdownFollowerState(121)) - fb0aa348-74e3-4f08-a5d8-e2c2e2c47515: shutdown FollowerState
2019-09-25 12:49:41,587 [Thread-4455] INFO  impl.RaftServerImpl (RaftServerImpl.java:setRole(174)) - fb0aa348-74e3-4f08-a5d8-e2c2e2c47515@group-4D2CCAD30CB0: changes role from  FOLLOWER to CANDIDATE at term 0 for changeToCandidate
2019-09-25 12:49:41,587 [Thread-4455] INFO  impl.RoleInfo (RoleInfo.java:updateAndGet(143)) - fb0aa348-74e3-4f08-a5d8-e2c2e2c47515: start LeaderElection
2019-09-25 12:49:41,603 [fb0aa348-74e3-4f08-a5d8-e2c2e2c47515@group-4D2CCAD30CB0:LeaderElection108] INFO  impl.LeaderElection (LeaderElection.java:askForVotes(182)) - fb0aa348-74e3-4f08-a5d8-e2c2e2c47515@group-4D2CCAD30CB0:LeaderElection108: begin an election at term 1 for -1: [fb0aa348-74e3-4f08-a5d8-e2c2e2c47515:192.168.151.66:41190], old=null
2019-09-25 12:49:41,603 [fb0aa348-74e3-4f08-a5d8-e2c2e2c47515@group-4D2CCAD30CB0:LeaderElection108] INFO  impl.RoleInfo (RoleInfo.java:shutdownLeaderElection(134)) - fb0aa348-74e3-4f08-a5d8-e2c2e2c47515: shutdown LeaderElection
2019-09-25 12:49:41,603 [fb0aa348-74e3-4f08-a5d8-e2c2e2c47515@group-4D2CCAD30CB0:LeaderElection108] INFO  impl.RaftServerImpl (RaftServerImpl.java:setRole(174)) - fb0aa348-74e3-4f08-a5d8-e2c2e2c47515@group-4D2CCAD30CB0: changes role from CANDIDATE to LEADER at term 1 for changeToLeader
2019-09-25 12:49:41,603 [fb0aa348-74e3-4f08-a5d8-e2c2e2c47515@group-4D2CCAD30CB0:LeaderElection108] INFO  impl.RaftServerImpl (ServerState.java:setLeader(253)) - fb0aa348-74e3-4f08-a5d8-e2c2e2c47515@group-4D2CCAD30CB0: change Leader from null to fb0aa348-74e3-4f08-a5d8-e2c2e2c47515 at term 1 for becomeLeader, leader elected after 5048ms
2019-09-25 12:49:41,604 [fb0aa348-74e3-4f08-a5d8-e2c2e2c47515@group-4D2CCAD30CB0:LeaderElection108] INFO  server.RaftServerConfigKeys (ConfUtils.java:logGet(43)) - raft.server.staging.catchup.gap = 1000 (default)
2019-09-25 12:49:41,604 [fb0aa348-74e3-4f08-a5d8-e2c2e2c47515@group-4D2CCAD30CB0:LeaderElection108] INFO  server.RaftServerConfigKeys (ConfUtils.java:logGet(43)) - raft.server.rpc.sleep.time = 25ms (default)
2019-09-25 12:49:41,604 [fb0aa348-74e3-4f08-a5d8-e2c2e2c47515@group-4D2CCAD30CB0:LeaderElection108] INFO  server.RaftServerConfigKeys (ConfUtils.java:logGet(43)) - raft.server.write.element-limit = 4096 (default)
2019-09-25 12:49:41,604 [fb0aa348-74e3-4f08-a5d8-e2c2e2c47515@group-4D2CCAD30CB0:LeaderElection108] INFO  server.RaftServerConfigKeys (ConfUtils.java:logGet(43)) - raft.server.watch.timeout = 10s (default)
2019-09-25 12:49:41,604 [fb0aa348-74e3-4f08-a5d8-e2c2e2c47515@group-4D2CCAD30CB0:LeaderElection108] INFO  server.RaftServerConfigKeys (ConfUtils.java:logGet(43)) - raft.server.watch.timeout.denomination = 1s (default)
2019-09-25 12:49:41,605 [fb0aa348-74e3-4f08-a5d8-e2c2e2c47515@group-4D2CCAD30CB0:LeaderElection108] INFO  server.RaftServerConfigKeys (ConfUtils.java:logGet(43)) - raft.server.watch.element-limit = 65536 (default)
2019-09-25 12:49:41,607 [fb0aa348-74e3-4f08-a5d8-e2c2e2c47515@group-4D2CCAD30CB0:LeaderElection108] INFO  impl.RoleInfo (RoleInfo.java:updateAndGet(143)) - fb0aa348-74e3-4f08-a5d8-e2c2e2c47515: start LeaderState
2019-09-25 12:49:41,607 [fb0aa348-74e3-4f08-a5d8-e2c2e2c47515@group-4D2CCAD30CB0:LeaderElection108] INFO  segmented.SegmentedRaftLogWorker (SegmentedRaftLogWorker.java:startLogSegment(380)) - fb0aa348-74e3-4f08-a5d8-e2c2e2c47515@group-4D2CCAD30CB0-SegmentedRaftLogWorker: Starting segment from index:0
2019-09-25 12:49:41,607 [fb0aa348-74e3-4f08-a5d8-e2c2e2c47515@group-4D2CCAD30CB0:LeaderElection108] INFO  impl.RaftServerImpl (ServerState.java:setRaftConf(354)) - fb0aa348-74e3-4f08-a5d8-e2c2e2c47515@group-4D2CCAD30CB0: set configuration 0: [fb0aa348-74e3-4f08-a5d8-e2c2e2c47515:192.168.151.66:41190], old=null at 0
2019-09-25 12:49:41,630 [Thread-4449] INFO  impl.FollowerState (FollowerState.java:run(106)) - f1b18da4-9b89-435e-8c23-42ae5ffcfa33:group-EF9FC736BA9F changes to CANDIDATE, lastRpcTime:5153, electionTimeout:5153ms
2019-09-25 12:49:41,631 [Thread-4449] INFO  impl.RoleInfo (RoleInfo.java:shutdownFollowerState(121)) - f1b18da4-9b89-435e-8c23-42ae5ffcfa33: shutdown FollowerState
2019-09-25 12:49:41,631 [Thread-4449] INFO  impl.RaftServerImpl (RaftServerImpl.java:setRole(174)) - f1b18da4-9b89-435e-8c23-42ae5ffcfa33@group-EF9FC736BA9F: changes role from  FOLLOWER to CANDIDATE at term 0 for changeToCandidate
2019-09-25 12:49:41,631 [Thread-4449] INFO  impl.RoleInfo (RoleInfo.java:updateAndGet(143)) - f1b18da4-9b89-435e-8c23-42ae5ffcfa33: start LeaderElection
2019-09-25 12:49:41,640 [fb0aa348-74e3-4f08-a5d8-e2c2e2c47515@group-4D2CCAD30CB0-SegmentedRaftLogWorker] INFO  segmented.SegmentedRaftLogWorker (SegmentedRaftLogWorker.java:execute(569)) - fb0aa348-74e3-4f08-a5d8-e2c2e2c47515@group-4D2CCAD30CB0-SegmentedRaftLogWorker: created new log segment /workdir/hadoop-ozone/integration-test/target/test-dir/MiniOzoneClusterImpl-1154d014-32d6-4989-b40a-3009b5f24e17/datanode-4/data/ratis/4ce226b4-1b68-4737-b8dc-4d2ccad30cb0/current/log_inprogress_0
2019-09-25 12:49:41,655 [f1b18da4-9b89-435e-8c23-42ae5ffcfa33@group-EF9FC736BA9F:LeaderElection109] INFO  impl.LeaderElection (LeaderElection.java:askForVotes(182)) - f1b18da4-9b89-435e-8c23-42ae5ffcfa33@group-EF9FC736BA9F:LeaderElection109: begin an election at term 1 for -1: [f1b18da4-9b89-435e-8c23-42ae5ffcfa33:192.168.151.66:36563], old=null
2019-09-25 12:49:41,656 [f1b18da4-9b89-435e-8c23-42ae5ffcfa33@group-EF9FC736BA9F:LeaderElection109] INFO  impl.RoleInfo (RoleInfo.java:shutdownLeaderElection(134)) - f1b18da4-9b89-435e-8c23-42ae5ffcfa33: shutdown LeaderElection
2019-09-25 12:49:41,656 [f1b18da4-9b89-435e-8c23-42ae5ffcfa33@group-EF9FC736BA9F:LeaderElection109] INFO  impl.RaftServerImpl (RaftServerImpl.java:setRole(174)) - f1b18da4-9b89-435e-8c23-42ae5ffcfa33@group-EF9FC736BA9F: changes role from CANDIDATE to LEADER at term 1 for changeToLeader
2019-09-25 12:49:41,656 [f1b18da4-9b89-435e-8c23-42ae5ffcfa33@group-EF9FC736BA9F:LeaderElection109] INFO  impl.RaftServerImpl (ServerState.java:setLeader(253)) - f1b18da4-9b89-435e-8c23-42ae5ffcfa33@group-EF9FC736BA9F: change Leader from null to f1b18da4-9b89-435e-8c23-42ae5ffcfa33 at term 1 for becomeLeader, leader elected after 5184ms
2019-09-25 12:49:41,656 [f1b18da4-9b89-435e-8c23-42ae5ffcfa33@group-EF9FC736BA9F:LeaderElection109] INFO  server.RaftServerConfigKeys (ConfUtils.java:logGet(43)) - raft.server.staging.catchup.gap = 1000 (default)
2019-09-25 12:49:41,656 [f1b18da4-9b89-435e-8c23-42ae5ffcfa33@group-EF9FC736BA9F:LeaderElection109] INFO  server.RaftServerConfigKeys (ConfUtils.java:logGet(43)) - raft.server.rpc.sleep.time = 25ms (default)
2019-09-25 12:49:41,657 [f1b18da4-9b89-435e-8c23-42ae5ffcfa33@group-EF9FC736BA9F:LeaderElection109] INFO  server.RaftServerConfigKeys (ConfUtils.java:logGet(43)) - raft.server.write.element-limit = 4096 (default)
2019-09-25 12:49:41,657 [f1b18da4-9b89-435e-8c23-42ae5ffcfa33@group-EF9FC736BA9F:LeaderElection109] INFO  server.RaftServerConfigKeys (ConfUtils.java:logGet(43)) - raft.server.watch.timeout = 10s (default)
2019-09-25 12:49:41,657 [f1b18da4-9b89-435e-8c23-42ae5ffcfa33@group-EF9FC736BA9F:LeaderElection109] INFO  server.RaftServerConfigKeys (ConfUtils.java:logGet(43)) - raft.server.watch.timeout.denomination = 1s (default)
2019-09-25 12:49:41,657 [f1b18da4-9b89-435e-8c23-42ae5ffcfa33@group-EF9FC736BA9F:LeaderElection109] INFO  server.RaftServerConfigKeys (ConfUtils.java:logGet(43)) - raft.server.watch.element-limit = 65536 (default)
2019-09-25 12:49:41,659 [f1b18da4-9b89-435e-8c23-42ae5ffcfa33@group-EF9FC736BA9F:LeaderElection109] INFO  impl.RoleInfo (RoleInfo.java:updateAndGet(143)) - f1b18da4-9b89-435e-8c23-42ae5ffcfa33: start LeaderState
2019-09-25 12:49:41,659 [f1b18da4-9b89-435e-8c23-42ae5ffcfa33@group-EF9FC736BA9F:LeaderElection109] INFO  segmented.SegmentedRaftLogWorker (SegmentedRaftLogWorker.java:startLogSegment(380)) - f1b18da4-9b89-435e-8c23-42ae5ffcfa33@group-EF9FC736BA9F-SegmentedRaftLogWorker: Starting segment from index:0
2019-09-25 12:49:41,660 [f1b18da4-9b89-435e-8c23-42ae5ffcfa33@group-EF9FC736BA9F:LeaderElection109] INFO  impl.RaftServerImpl (ServerState.java:setRaftConf(354)) - f1b18da4-9b89-435e-8c23-42ae5ffcfa33@group-EF9FC736BA9F: set configuration 0: [f1b18da4-9b89-435e-8c23-42ae5ffcfa33:192.168.151.66:36563], old=null at 0
2019-09-25 12:49:41,675 [Thread-4452] INFO  impl.FollowerState (FollowerState.java:run(106)) - 3fecd095-e7b2-43c8-8ba6-ce5e973e15fd:group-6927A9F8D255 changes to CANDIDATE, lastRpcTime:5155, electionTimeout:5155ms
2019-09-25 12:49:41,675 [Thread-4452] INFO  impl.RoleInfo (RoleInfo.java:shutdownFollowerState(121)) - 3fecd095-e7b2-43c8-8ba6-ce5e973e15fd: shutdown FollowerState
2019-09-25 12:49:41,676 [Thread-4452] INFO  impl.RaftServerImpl (RaftServerImpl.java:setRole(174)) - 3fecd095-e7b2-43c8-8ba6-ce5e973e15fd@group-6927A9F8D255: changes role from  FOLLOWER to CANDIDATE at term 0 for changeToCandidate
2019-09-25 12:49:41,676 [Thread-4452] INFO  impl.RoleInfo (RoleInfo.java:updateAndGet(143)) - 3fecd095-e7b2-43c8-8ba6-ce5e973e15fd: start LeaderElection
2019-09-25 12:49:41,702 [Thread-4466] INFO  impl.FollowerState (FollowerState.java:run(106)) - 4d7f1931-da22-4277-8e70-be8e40e12960:group-C458C0936096 changes to CANDIDATE, lastRpcTime:5003, electionTimeout:5002ms
2019-09-25 12:49:41,703 [Thread-4466] INFO  impl.RoleInfo (RoleInfo.java:shutdownFollowerState(121)) - 4d7f1931-da22-4277-8e70-be8e40e12960: shutdown FollowerState
2019-09-25 12:49:41,703 [Thread-4466] INFO  impl.RaftServerImpl (RaftServerImpl.java:setRole(174)) - 4d7f1931-da22-4277-8e70-be8e40e12960@group-C458C0936096: changes role from  FOLLOWER to CANDIDATE at term 0 for changeToCandidate
2019-09-25 12:49:41,703 [Thread-4466] INFO  impl.RoleInfo (RoleInfo.java:updateAndGet(143)) - 4d7f1931-da22-4277-8e70-be8e40e12960: start LeaderElection
2019-09-25 12:49:41,717 [f1b18da4-9b89-435e-8c23-42ae5ffcfa33@group-EF9FC736BA9F-SegmentedRaftLogWorker] INFO  segmented.SegmentedRaftLogWorker (SegmentedRaftLogWorker.java:execute(569)) - f1b18da4-9b89-435e-8c23-42ae5ffcfa33@group-EF9FC736BA9F-SegmentedRaftLogWorker: created new log segment /workdir/hadoop-ozone/integration-test/target/test-dir/MiniOzoneClusterImpl-1154d014-32d6-4989-b40a-3009b5f24e17/datanode-2/data/ratis/a555cf8e-11fd-485e-b6ed-ef9fc736ba9f/current/log_inprogress_0
2019-09-25 12:49:41,732 [3fecd095-e7b2-43c8-8ba6-ce5e973e15fd@group-6927A9F8D255:LeaderElection110] INFO  impl.LeaderElection (LeaderElection.java:askForVotes(182)) - 3fecd095-e7b2-43c8-8ba6-ce5e973e15fd@group-6927A9F8D255:LeaderElection110: begin an election at term 1 for -1: [3fecd095-e7b2-43c8-8ba6-ce5e973e15fd:192.168.151.66:45741], old=null
2019-09-25 12:49:41,732 [4d7f1931-da22-4277-8e70-be8e40e12960@group-C458C0936096:LeaderElection111] INFO  impl.LeaderElection (LeaderElection.java:askForVotes(182)) - 4d7f1931-da22-4277-8e70-be8e40e12960@group-C458C0936096:LeaderElection111: begin an election at term 1 for -1: [fb0aa348-74e3-4f08-a5d8-e2c2e2c47515:192.168.151.66:41190, 4d7f1931-da22-4277-8e70-be8e40e12960:192.168.151.66:35684, f1b18da4-9b89-435e-8c23-42ae5ffcfa33:192.168.151.66:36563], old=null
2019-09-25 12:49:41,732 [3fecd095-e7b2-43c8-8ba6-ce5e973e15fd@group-6927A9F8D255:LeaderElection110] INFO  impl.RoleInfo (RoleInfo.java:shutdownLeaderElection(134)) - 3fecd095-e7b2-43c8-8ba6-ce5e973e15fd: shutdown LeaderElection
2019-09-25 12:49:41,732 [3fecd095-e7b2-43c8-8ba6-ce5e973e15fd@group-6927A9F8D255:LeaderElection110] INFO  impl.RaftServerImpl (RaftServerImpl.java:setRole(174)) - 3fecd095-e7b2-43c8-8ba6-ce5e973e15fd@group-6927A9F8D255: changes role from CANDIDATE to LEADER at term 1 for changeToLeader
2019-09-25 12:49:41,732 [3fecd095-e7b2-43c8-8ba6-ce5e973e15fd@group-6927A9F8D255:LeaderElection110] INFO  impl.RaftServerImpl (ServerState.java:setLeader(253)) - 3fecd095-e7b2-43c8-8ba6-ce5e973e15fd@group-6927A9F8D255: change Leader from null to 3fecd095-e7b2-43c8-8ba6-ce5e973e15fd at term 1 for becomeLeader, leader elected after 5219ms
2019-09-25 12:49:41,733 [3fecd095-e7b2-43c8-8ba6-ce5e973e15fd@group-6927A9F8D255:LeaderElection110] INFO  server.RaftServerConfigKeys (ConfUtils.java:logGet(43)) - raft.server.staging.catchup.gap = 1000 (default)
2019-09-25 12:49:41,733 [3fecd095-e7b2-43c8-8ba6-ce5e973e15fd@group-6927A9F8D255:LeaderElection110] INFO  server.RaftServerConfigKeys (ConfUtils.java:logGet(43)) - raft.server.rpc.sleep.time = 25ms (default)
2019-09-25 12:49:41,733 [3fecd095-e7b2-43c8-8ba6-ce5e973e15fd@group-6927A9F8D255:LeaderElection110] INFO  server.RaftServerConfigKeys (ConfUtils.java:logGet(43)) - raft.server.write.element-limit = 4096 (default)
2019-09-25 12:49:41,733 [3fecd095-e7b2-43c8-8ba6-ce5e973e15fd@group-6927A9F8D255:LeaderElection110] INFO  server.RaftServerConfigKeys (ConfUtils.java:logGet(43)) - raft.server.watch.timeout = 10s (default)
2019-09-25 12:49:41,733 [3fecd095-e7b2-43c8-8ba6-ce5e973e15fd@group-6927A9F8D255:LeaderElection110] INFO  server.RaftServerConfigKeys (ConfUtils.java:logGet(43)) - raft.server.watch.timeout.denomination = 1s (default)
2019-09-25 12:49:41,733 [3fecd095-e7b2-43c8-8ba6-ce5e973e15fd@group-6927A9F8D255:LeaderElection110] INFO  server.RaftServerConfigKeys (ConfUtils.java:logGet(43)) - raft.server.watch.element-limit = 65536 (default)
2019-09-25 12:49:41,736 [3fecd095-e7b2-43c8-8ba6-ce5e973e15fd@group-6927A9F8D255:LeaderElection110] INFO  impl.RoleInfo (RoleInfo.java:updateAndGet(143)) - 3fecd095-e7b2-43c8-8ba6-ce5e973e15fd: start LeaderState
2019-09-25 12:49:41,736 [3fecd095-e7b2-43c8-8ba6-ce5e973e15fd@group-6927A9F8D255:LeaderElection110] INFO  segmented.SegmentedRaftLogWorker (SegmentedRaftLogWorker.java:startLogSegment(380)) - 3fecd095-e7b2-43c8-8ba6-ce5e973e15fd@group-6927A9F8D255-SegmentedRaftLogWorker: Starting segment from index:0
2019-09-25 12:49:41,736 [3fecd095-e7b2-43c8-8ba6-ce5e973e15fd@group-6927A9F8D255:LeaderElection110] INFO  impl.RaftServerImpl (ServerState.java:setRaftConf(354)) - 3fecd095-e7b2-43c8-8ba6-ce5e973e15fd@group-6927A9F8D255: set configuration 0: [3fecd095-e7b2-43c8-8ba6-ce5e973e15fd:192.168.151.66:45741], old=null at 0
2019-09-25 12:49:41,736 [grpc-default-executor-4] INFO  impl.RaftServerImpl (RaftServerImpl.java:setRole(174)) - fb0aa348-74e3-4f08-a5d8-e2c2e2c47515@group-C458C0936096: changes role from  FOLLOWER to FOLLOWER at term 1 for recognizeCandidate:4d7f1931-da22-4277-8e70-be8e40e12960
2019-09-25 12:49:41,736 [grpc-default-executor-5] INFO  impl.RaftServerImpl (RaftServerImpl.java:setRole(174)) - f1b18da4-9b89-435e-8c23-42ae5ffcfa33@group-C458C0936096: changes role from  FOLLOWER to FOLLOWER at term 1 for recognizeCandidate:4d7f1931-da22-4277-8e70-be8e40e12960
2019-09-25 12:49:41,737 [grpc-default-executor-4] INFO  impl.RoleInfo (RoleInfo.java:shutdownFollowerState(121)) - fb0aa348-74e3-4f08-a5d8-e2c2e2c47515: shutdown FollowerState
2019-09-25 12:49:41,737 [grpc-default-executor-5] INFO  impl.RoleInfo (RoleInfo.java:shutdownFollowerState(121)) - f1b18da4-9b89-435e-8c23-42ae5ffcfa33: shutdown FollowerState
2019-09-25 12:49:41,737 [grpc-default-executor-4] INFO  impl.RoleInfo (RoleInfo.java:updateAndGet(143)) - fb0aa348-74e3-4f08-a5d8-e2c2e2c47515: start FollowerState
2019-09-25 12:49:41,737 [Thread-4463] INFO  impl.FollowerState (FollowerState.java:run(115)) - fb0aa348-74e3-4f08-a5d8-e2c2e2c47515: FollowerState was interrupted: java.lang.InterruptedException: sleep interrupted
2019-09-25 12:49:41,738 [Thread-4461] INFO  impl.FollowerState (FollowerState.java:run(115)) - f1b18da4-9b89-435e-8c23-42ae5ffcfa33: FollowerState was interrupted: java.lang.InterruptedException: sleep interrupted
2019-09-25 12:49:41,737 [grpc-default-executor-5] INFO  impl.RoleInfo (RoleInfo.java:updateAndGet(143)) - f1b18da4-9b89-435e-8c23-42ae5ffcfa33: start FollowerState
2019-09-25 12:49:41,793 [3fecd095-e7b2-43c8-8ba6-ce5e973e15fd@group-6927A9F8D255-SegmentedRaftLogWorker] INFO  segmented.SegmentedRaftLogWorker (SegmentedRaftLogWorker.java:execute(569)) - 3fecd095-e7b2-43c8-8ba6-ce5e973e15fd@group-6927A9F8D255-SegmentedRaftLogWorker: created new log segment /workdir/hadoop-ozone/integration-test/target/test-dir/MiniOzoneClusterImpl-1154d014-32d6-4989-b40a-3009b5f24e17/datanode-3/data/ratis/23f01859-61e0-4b2c-8ab3-6927a9f8d255/current/log_inprogress_0
2019-09-25 12:49:41,794 [4d7f1931-da22-4277-8e70-be8e40e12960@group-C458C0936096:LeaderElection111] INFO  impl.LeaderElection (LeaderElection.java:logAndReturn(56)) - 4d7f1931-da22-4277-8e70-be8e40e12960@group-C458C0936096:LeaderElection111: Election PASSED; received 1 response(s) [4d7f1931-da22-4277-8e70-be8e40e12960<-fb0aa348-74e3-4f08-a5d8-e2c2e2c47515#0:OK-t1] and 0 exception(s); 4d7f1931-da22-4277-8e70-be8e40e12960@group-C458C0936096:t1, leader=null, voted=4d7f1931-da22-4277-8e70-be8e40e12960, raftlog=4d7f1931-da22-4277-8e70-be8e40e12960@group-C458C0936096-SegmentedRaftLog:OPENED:c-1,f-1,i0, conf=-1: [fb0aa348-74e3-4f08-a5d8-e2c2e2c47515:192.168.151.66:41190, 4d7f1931-da22-4277-8e70-be8e40e12960:192.168.151.66:35684, f1b18da4-9b89-435e-8c23-42ae5ffcfa33:192.168.151.66:36563], old=null
2019-09-25 12:49:41,794 [4d7f1931-da22-4277-8e70-be8e40e12960@group-C458C0936096:LeaderElection111] INFO  impl.RoleInfo (RoleInfo.java:shutdownLeaderElection(134)) - 4d7f1931-da22-4277-8e70-be8e40e12960: shutdown LeaderElection
2019-09-25 12:49:41,795 [4d7f1931-da22-4277-8e70-be8e40e12960@group-C458C0936096:LeaderElection111] INFO  impl.RaftServerImpl (RaftServerImpl.java:setRole(174)) - 4d7f1931-da22-4277-8e70-be8e40e12960@group-C458C0936096: changes role from CANDIDATE to LEADER at term 1 for changeToLeader
2019-09-25 12:49:41,795 [4d7f1931-da22-4277-8e70-be8e40e12960@group-C458C0936096:LeaderElection111] INFO  impl.RaftServerImpl (ServerState.java:setLeader(253)) - 4d7f1931-da22-4277-8e70-be8e40e12960@group-C458C0936096: change Leader from null to 4d7f1931-da22-4277-8e70-be8e40e12960 at term 1 for becomeLeader, leader elected after 5139ms
2019-09-25 12:49:41,795 [4d7f1931-da22-4277-8e70-be8e40e12960@group-C458C0936096:LeaderElection111] INFO  server.RaftServerConfigKeys (ConfUtils.java:logGet(43)) - raft.server.staging.catchup.gap = 1000 (default)
2019-09-25 12:49:41,795 [4d7f1931-da22-4277-8e70-be8e40e12960@group-C458C0936096:LeaderElection111] INFO  server.RaftServerConfigKeys (ConfUtils.java:logGet(43)) - raft.server.rpc.sleep.time = 25ms (default)
2019-09-25 12:49:41,795 [4d7f1931-da22-4277-8e70-be8e40e12960@group-C458C0936096:LeaderElection111] INFO  server.RaftServerConfigKeys (ConfUtils.java:logGet(43)) - raft.server.write.element-limit = 4096 (default)
2019-09-25 12:49:41,795 [4d7f1931-da22-4277-8e70-be8e40e12960@group-C458C0936096:LeaderElection111] INFO  server.RaftServerConfigKeys (ConfUtils.java:logGet(43)) - raft.server.watch.timeout = 10s (default)
2019-09-25 12:49:41,796 [4d7f1931-da22-4277-8e70-be8e40e12960@group-C458C0936096:LeaderElection111] INFO  server.RaftServerConfigKeys (ConfUtils.java:logGet(43)) - raft.server.watch.timeout.denomination = 1s (default)
2019-09-25 12:49:41,796 [4d7f1931-da22-4277-8e70-be8e40e12960@group-C458C0936096:LeaderElection111] INFO  server.RaftServerConfigKeys (ConfUtils.java:logGet(43)) - raft.server.watch.element-limit = 65536 (default)
2019-09-25 12:49:41,798 [4d7f1931-da22-4277-8e70-be8e40e12960@group-C458C0936096:LeaderElection111] INFO  server.RaftServerConfigKeys (ConfUtils.java:logGet(43)) - raft.server.log.appender.snapshot.chunk.size.max = 16MB (=16777216) (default)
2019-09-25 12:49:41,798 [4d7f1931-da22-4277-8e70-be8e40e12960@group-C458C0936096:LeaderElection111] INFO  server.RaftServerConfigKeys (ConfUtils.java:logGet(43)) - raft.server.log.appender.buffer.byte-limit = 33554432 (custom)
2019-09-25 12:49:41,799 [4d7f1931-da22-4277-8e70-be8e40e12960@group-C458C0936096:LeaderElection111] INFO  server.RaftServerConfigKeys (ConfUtils.java:logGet(43)) - raft.server.log.appender.buffer.element-limit = 1 (custom)
2019-09-25 12:49:41,799 [4d7f1931-da22-4277-8e70-be8e40e12960@group-C458C0936096:LeaderElection111] INFO  grpc.GrpcConfigKeys$Server (ConfUtils.java:logGet(43)) - raft.grpc.server.leader.outstanding.appends.max = 128 (default)
2019-09-25 12:49:41,799 [4d7f1931-da22-4277-8e70-be8e40e12960@group-C458C0936096:LeaderElection111] INFO  server.RaftServerConfigKeys (ConfUtils.java:logGet(43)) - raft.server.rpc.request.timeout = 3000ms (default)
2019-09-25 12:49:41,799 [4d7f1931-da22-4277-8e70-be8e40e12960@group-C458C0936096:LeaderElection111] INFO  server.RaftServerConfigKeys (ConfUtils.java:logGet(43)) - raft.server.log.appender.install.snapshot.enabled = false (custom)
2019-09-25 12:49:41,799 [4d7f1931-da22-4277-8e70-be8e40e12960@group-C458C0936096:LeaderElection111] INFO  server.RaftServerConfigKeys (ConfUtils.java:logGet(43)) - raft.server.log.appender.snapshot.chunk.size.max = 16MB (=16777216) (default)
2019-09-25 12:49:41,800 [4d7f1931-da22-4277-8e70-be8e40e12960@group-C458C0936096:LeaderElection111] INFO  server.RaftServerConfigKeys (ConfUtils.java:logGet(43)) - raft.server.log.appender.buffer.byte-limit = 33554432 (custom)
2019-09-25 12:49:41,800 [4d7f1931-da22-4277-8e70-be8e40e12960@group-C458C0936096:LeaderElection111] INFO  server.RaftServerConfigKeys (ConfUtils.java:logGet(43)) - raft.server.log.appender.buffer.element-limit = 1 (custom)
2019-09-25 12:49:41,800 [4d7f1931-da22-4277-8e70-be8e40e12960@group-C458C0936096:LeaderElection111] INFO  grpc.GrpcConfigKeys$Server (ConfUtils.java:logGet(43)) - raft.grpc.server.leader.outstanding.appends.max = 128 (default)
2019-09-25 12:49:41,800 [4d7f1931-da22-4277-8e70-be8e40e12960@group-C458C0936096:LeaderElection111] INFO  server.RaftServerConfigKeys (ConfUtils.java:logGet(43)) - raft.server.rpc.request.timeout = 3000ms (default)
2019-09-25 12:49:41,801 [4d7f1931-da22-4277-8e70-be8e40e12960@group-C458C0936096:LeaderElection111] INFO  server.RaftServerConfigKeys (ConfUtils.java:logGet(43)) - raft.server.log.appender.install.snapshot.enabled = false (custom)
2019-09-25 12:49:41,801 [4d7f1931-da22-4277-8e70-be8e40e12960@group-C458C0936096:LeaderElection111] INFO  impl.RoleInfo (RoleInfo.java:updateAndGet(143)) - 4d7f1931-da22-4277-8e70-be8e40e12960: start LeaderState
2019-09-25 12:49:41,801 [4d7f1931-da22-4277-8e70-be8e40e12960@group-C458C0936096:LeaderElection111] INFO  segmented.SegmentedRaftLogWorker (SegmentedRaftLogWorker.java:startLogSegment(380)) - 4d7f1931-da22-4277-8e70-be8e40e12960@group-C458C0936096-SegmentedRaftLogWorker: Starting segment from index:0
2019-09-25 12:49:41,802 [4d7f1931-da22-4277-8e70-be8e40e12960@group-C458C0936096:LeaderElection111] INFO  impl.RaftServerImpl (ServerState.java:setRaftConf(354)) - 4d7f1931-da22-4277-8e70-be8e40e12960@group-C458C0936096: set configuration 0: [fb0aa348-74e3-4f08-a5d8-e2c2e2c47515:192.168.151.66:41190, 4d7f1931-da22-4277-8e70-be8e40e12960:192.168.151.66:35684, f1b18da4-9b89-435e-8c23-42ae5ffcfa33:192.168.151.66:36563], old=null at 0
2019-09-25 12:49:41,803 [grpc-default-executor-5] INFO  impl.RaftServerImpl (ServerState.java:setLeader(253)) - f1b18da4-9b89-435e-8c23-42ae5ffcfa33@group-C458C0936096: change Leader from null to 4d7f1931-da22-4277-8e70-be8e40e12960 at term 1 for appendEntries, leader elected after 5147ms
2019-09-25 12:49:41,867 [grpc-default-executor-4] INFO  impl.RaftServerImpl (ServerState.java:setLeader(253)) - fb0aa348-74e3-4f08-a5d8-e2c2e2c47515@group-C458C0936096: change Leader from null to 4d7f1931-da22-4277-8e70-be8e40e12960 at term 1 for appendEntries, leader elected after 5210ms
2019-09-25 12:49:41,881 [Thread-4474] INFO  impl.FollowerState (FollowerState.java:run(106)) - 07cfe84e-4aa5-4a80-9b1f-bf1d9bb36805:group-C1ED4A7C2218 changes to CANDIDATE, lastRpcTime:5117, electionTimeout:5106ms
2019-09-25 12:49:41,881 [Thread-4478] INFO  impl.FollowerState (FollowerState.java:run(106)) - 07cfe84e-4aa5-4a80-9b1f-bf1d9bb36805:group-8F039DF74E75 changes to CANDIDATE, lastRpcTime:5074, electionTimeout:5073ms
2019-09-25 12:49:41,882 [Thread-4474] INFO  impl.RoleInfo (RoleInfo.java:shutdownFollowerState(121)) - 07cfe84e-4aa5-4a80-9b1f-bf1d9bb36805: shutdown FollowerState
2019-09-25 12:49:41,886 [4d7f1931-da22-4277-8e70-be8e40e12960@group-C458C0936096-SegmentedRaftLogWorker] INFO  segmented.SegmentedRaftLogWorker (SegmentedRaftLogWorker.java:execute(569)) - 4d7f1931-da22-4277-8e70-be8e40e12960@group-C458C0936096-SegmentedRaftLogWorker: created new log segment /workdir/hadoop-ozone/integration-test/target/test-dir/MiniOzoneClusterImpl-1154d014-32d6-4989-b40a-3009b5f24e17/datanode-0/data/ratis/9d56fd94-84cb-4620-851c-c458c0936096/current/log_inprogress_0
2019-09-25 12:49:41,886 [Thread-4474] INFO  impl.RaftServerImpl (RaftServerImpl.java:setRole(174)) - 07cfe84e-4aa5-4a80-9b1f-bf1d9bb36805@group-C1ED4A7C2218: changes role from  FOLLOWER to CANDIDATE at term 0 for changeToCandidate
2019-09-25 12:49:41,886 [Thread-4478] INFO  impl.RoleInfo (RoleInfo.java:shutdownFollowerState(121)) - 07cfe84e-4aa5-4a80-9b1f-bf1d9bb36805: shutdown FollowerState
2019-09-25 12:49:41,886 [Thread-4474] INFO  impl.RoleInfo (RoleInfo.java:updateAndGet(143)) - 07cfe84e-4aa5-4a80-9b1f-bf1d9bb36805: start LeaderElection
2019-09-25 12:49:41,886 [Thread-4478] INFO  impl.RaftServerImpl (RaftServerImpl.java:setRole(174)) - 07cfe84e-4aa5-4a80-9b1f-bf1d9bb36805@group-8F039DF74E75: changes role from  FOLLOWER to CANDIDATE at term 0 for changeToCandidate
2019-09-25 12:49:41,887 [Thread-4478] INFO  impl.RoleInfo (RoleInfo.java:updateAndGet(143)) - 07cfe84e-4aa5-4a80-9b1f-bf1d9bb36805: start LeaderElection
2019-09-25 12:49:41,891 [Thread-4469] INFO  impl.FollowerState (FollowerState.java:run(106)) - 566b540d-5d54-415e-ae29-de122253aae0:group-C1ED4A7C2218 changes to CANDIDATE, lastRpcTime:5130, electionTimeout:5130ms
2019-09-25 12:49:41,897 [Thread-4469] INFO  impl.RoleInfo (RoleInfo.java:shutdownFollowerState(121)) - 566b540d-5d54-415e-ae29-de122253aae0: shutdown FollowerState
2019-09-25 12:49:41,904 [grpc-default-executor-4] INFO  impl.RaftServerImpl (ServerState.java:setRaftConf(354)) - fb0aa348-74e3-4f08-a5d8-e2c2e2c47515@group-C458C0936096: set configuration 0: [fb0aa348-74e3-4f08-a5d8-e2c2e2c47515:192.168.151.66:41190, 4d7f1931-da22-4277-8e70-be8e40e12960:192.168.151.66:35684, f1b18da4-9b89-435e-8c23-42ae5ffcfa33:192.168.151.66:36563], old=null at 0
2019-09-25 12:49:41,904 [Thread-4469] INFO  impl.RaftServerImpl (RaftServerImpl.java:setRole(174)) - 566b540d-5d54-415e-ae29-de122253aae0@group-C1ED4A7C2218: changes role from  FOLLOWER to CANDIDATE at term 0 for changeToCandidate
2019-09-25 12:49:41,904 [grpc-default-executor-5] INFO  impl.RaftServerImpl (ServerState.java:setRaftConf(354)) - f1b18da4-9b89-435e-8c23-42ae5ffcfa33@group-C458C0936096: set configuration 0: [fb0aa348-74e3-4f08-a5d8-e2c2e2c47515:192.168.151.66:41190, 4d7f1931-da22-4277-8e70-be8e40e12960:192.168.151.66:35684, f1b18da4-9b89-435e-8c23-42ae5ffcfa33:192.168.151.66:36563], old=null at 0
2019-09-25 12:49:41,904 [Thread-4469] INFO  impl.RoleInfo (RoleInfo.java:updateAndGet(143)) - 566b540d-5d54-415e-ae29-de122253aae0: start LeaderElection
2019-09-25 12:49:41,904 [Thread-4473] INFO  impl.FollowerState (FollowerState.java:run(106)) - 3fecd095-e7b2-43c8-8ba6-ce5e973e15fd:group-C1ED4A7C2218 changes to CANDIDATE, lastRpcTime:5140, electionTimeout:5140ms
2019-09-25 12:49:41,904 [grpc-default-executor-4] INFO  segmented.SegmentedRaftLogWorker (SegmentedRaftLogWorker.java:startLogSegment(380)) - fb0aa348-74e3-4f08-a5d8-e2c2e2c47515@group-C458C0936096-SegmentedRaftLogWorker: Starting segment from index:0
2019-09-25 12:49:41,905 [Thread-4473] INFO  impl.RoleInfo (RoleInfo.java:shutdownFollowerState(121)) - 3fecd095-e7b2-43c8-8ba6-ce5e973e15fd: shutdown FollowerState
2019-09-25 12:49:41,904 [grpc-default-executor-5] INFO  segmented.SegmentedRaftLogWorker (SegmentedRaftLogWorker.java:startLogSegment(380)) - f1b18da4-9b89-435e-8c23-42ae5ffcfa33@group-C458C0936096-SegmentedRaftLogWorker: Starting segment from index:0
2019-09-25 12:49:41,913 [07cfe84e-4aa5-4a80-9b1f-bf1d9bb36805@group-C1ED4A7C2218:LeaderElection112] INFO  impl.LeaderElection (LeaderElection.java:askForVotes(182)) - 07cfe84e-4aa5-4a80-9b1f-bf1d9bb36805@group-C1ED4A7C2218:LeaderElection112: begin an election at term 1 for -1: [3fecd095-e7b2-43c8-8ba6-ce5e973e15fd:192.168.151.66:45741, 07cfe84e-4aa5-4a80-9b1f-bf1d9bb36805:192.168.151.66:40658, 566b540d-5d54-415e-ae29-de122253aae0:192.168.151.66:33140], old=null
2019-09-25 12:49:41,912 [07cfe84e-4aa5-4a80-9b1f-bf1d9bb36805@group-8F039DF74E75:LeaderElection113] INFO  impl.LeaderElection (LeaderElection.java:askForVotes(182)) - 07cfe84e-4aa5-4a80-9b1f-bf1d9bb36805@group-8F039DF74E75:LeaderElection113: begin an election at term 1 for -1: [07cfe84e-4aa5-4a80-9b1f-bf1d9bb36805:192.168.151.66:40658], old=null
2019-09-25 12:49:41,912 [Thread-4473] INFO  impl.RaftServerImpl (RaftServerImpl.java:setRole(174)) - 3fecd095-e7b2-43c8-8ba6-ce5e973e15fd@group-C1ED4A7C2218: changes role from  FOLLOWER to CANDIDATE at term 0 for changeToCandidate
2019-09-25 12:49:41,913 [07cfe84e-4aa5-4a80-9b1f-bf1d9bb36805@group-8F039DF74E75:LeaderElection113] INFO  impl.RoleInfo (RoleInfo.java:shutdownLeaderElection(134)) - 07cfe84e-4aa5-4a80-9b1f-bf1d9bb36805: shutdown LeaderElection
2019-09-25 12:49:41,913 [Thread-4473] INFO  impl.RoleInfo (RoleInfo.java:updateAndGet(143)) - 3fecd095-e7b2-43c8-8ba6-ce5e973e15fd: start LeaderElection
2019-09-25 12:49:41,913 [07cfe84e-4aa5-4a80-9b1f-bf1d9bb36805@group-8F039DF74E75:LeaderElection113] INFO  impl.RaftServerImpl (RaftServerImpl.java:setRole(174)) - 07cfe84e-4aa5-4a80-9b1f-bf1d9bb36805@group-8F039DF74E75: changes role from CANDIDATE to LEADER at term 1 for changeToLeader
2019-09-25 12:49:41,914 [07cfe84e-4aa5-4a80-9b1f-bf1d9bb36805@group-8F039DF74E75:LeaderElection113] INFO  impl.RaftServerImpl (ServerState.java:setLeader(253)) - 07cfe84e-4aa5-4a80-9b1f-bf1d9bb36805@group-8F039DF74E75: change Leader from null to 07cfe84e-4aa5-4a80-9b1f-bf1d9bb36805 at term 1 for becomeLeader, leader elected after 5110ms
2019-09-25 12:49:41,914 [07cfe84e-4aa5-4a80-9b1f-bf1d9bb36805@group-8F039DF74E75:LeaderElection113] INFO  server.RaftServerConfigKeys (ConfUtils.java:logGet(43)) - raft.server.staging.catchup.gap = 1000 (default)
2019-09-25 12:49:41,970 [566b540d-5d54-415e-ae29-de122253aae0@group-C1ED4A7C2218:LeaderElection114] INFO  impl.LeaderElection (LeaderElection.java:askForVotes(182)) - 566b540d-5d54-415e-ae29-de122253aae0@group-C1ED4A7C2218:LeaderElection114: begin an election at term 1 for -1: [3fecd095-e7b2-43c8-8ba6-ce5e973e15fd:192.168.151.66:45741, 07cfe84e-4aa5-4a80-9b1f-bf1d9bb36805:192.168.151.66:40658, 566b540d-5d54-415e-ae29-de122253aae0:192.168.151.66:33140], old=null
2019-09-25 12:49:41,960 [Thread-4481] INFO  impl.FollowerState (FollowerState.java:run(106)) - afc774d3-ff67-43cc-88c7-ca5513c32fb1:group-97D8030FD8D9 changes to CANDIDATE, lastRpcTime:5093, electionTimeout:5081ms
2019-09-25 12:49:41,971 [07cfe84e-4aa5-4a80-9b1f-bf1d9bb36805@group-8F039DF74E75:LeaderElection113] INFO  server.RaftServerConfigKeys (ConfUtils.java:logGet(43)) - raft.server.rpc.sleep.time = 25ms (default)
2019-09-25 12:49:41,971 [Thread-4481] INFO  impl.RoleInfo (RoleInfo.java:shutdownFollowerState(121)) - afc774d3-ff67-43cc-88c7-ca5513c32fb1: shutdown FollowerState
2019-09-25 12:49:41,972 [Thread-4481] INFO  impl.RaftServerImpl (RaftServerImpl.java:setRole(174)) - afc774d3-ff67-43cc-88c7-ca5513c32fb1@group-97D8030FD8D9: changes role from  FOLLOWER to CANDIDATE at term 0 for changeToCandidate
2019-09-25 12:49:41,972 [Thread-4481] INFO  impl.RoleInfo (RoleInfo.java:updateAndGet(143)) - afc774d3-ff67-43cc-88c7-ca5513c32fb1: start LeaderElection
2019-09-25 12:49:41,972 [07cfe84e-4aa5-4a80-9b1f-bf1d9bb36805@group-8F039DF74E75:LeaderElection113] INFO  server.RaftServerConfigKeys (ConfUtils.java:logGet(43)) - raft.server.write.element-limit = 4096 (default)
2019-09-25 12:49:41,972 [07cfe84e-4aa5-4a80-9b1f-bf1d9bb36805@group-8F039DF74E75:LeaderElection113] INFO  server.RaftServerConfigKeys (ConfUtils.java:logGet(43)) - raft.server.watch.timeout = 10s (default)
2019-09-25 12:49:41,972 [07cfe84e-4aa5-4a80-9b1f-bf1d9bb36805@group-8F039DF74E75:LeaderElection113] INFO  server.RaftServerConfigKeys (ConfUtils.java:logGet(43)) - raft.server.watch.timeout.denomination = 1s (default)
2019-09-25 12:49:41,976 [07cfe84e-4aa5-4a80-9b1f-bf1d9bb36805@group-8F039DF74E75:LeaderElection113] INFO  server.RaftServerConfigKeys (ConfUtils.java:logGet(43)) - raft.server.watch.element-limit = 65536 (default)
2019-09-25 12:49:41,983 [fb0aa348-74e3-4f08-a5d8-e2c2e2c47515@group-C458C0936096-SegmentedRaftLogWorker] INFO  segmented.SegmentedRaftLogWorker (SegmentedRaftLogWorker.java:execute(569)) - fb0aa348-74e3-4f08-a5d8-e2c2e2c47515@group-C458C0936096-SegmentedRaftLogWorker: created new log segment /workdir/hadoop-ozone/integration-test/target/test-dir/MiniOzoneClusterImpl-1154d014-32d6-4989-b40a-3009b5f24e17/datanode-4/data/ratis/9d56fd94-84cb-4620-851c-c458c0936096/current/log_inprogress_0
2019-09-25 12:49:41,983 [f1b18da4-9b89-435e-8c23-42ae5ffcfa33@group-C458C0936096-SegmentedRaftLogWorker] INFO  segmented.SegmentedRaftLogWorker (SegmentedRaftLogWorker.java:execute(569)) - f1b18da4-9b89-435e-8c23-42ae5ffcfa33@group-C458C0936096-SegmentedRaftLogWorker: created new log segment /workdir/hadoop-ozone/integration-test/target/test-dir/MiniOzoneClusterImpl-1154d014-32d6-4989-b40a-3009b5f24e17/datanode-2/data/ratis/9d56fd94-84cb-4620-851c-c458c0936096/current/log_inprogress_0
2019-09-25 12:49:41,996 [07cfe84e-4aa5-4a80-9b1f-bf1d9bb36805@group-8F039DF74E75:LeaderElection113] INFO  impl.RoleInfo (RoleInfo.java:updateAndGet(143)) - 07cfe84e-4aa5-4a80-9b1f-bf1d9bb36805: start LeaderState
2019-09-25 12:49:41,996 [07cfe84e-4aa5-4a80-9b1f-bf1d9bb36805@group-8F039DF74E75:LeaderElection113] INFO  segmented.SegmentedRaftLogWorker (SegmentedRaftLogWorker.java:startLogSegment(380)) - 07cfe84e-4aa5-4a80-9b1f-bf1d9bb36805@group-8F039DF74E75-SegmentedRaftLogWorker: Starting segment from index:0
2019-09-25 12:49:41,996 [07cfe84e-4aa5-4a80-9b1f-bf1d9bb36805@group-8F039DF74E75:LeaderElection113] INFO  impl.RaftServerImpl (ServerState.java:setRaftConf(354)) - 07cfe84e-4aa5-4a80-9b1f-bf1d9bb36805@group-8F039DF74E75: set configuration 0: [07cfe84e-4aa5-4a80-9b1f-bf1d9bb36805:192.168.151.66:40658], old=null at 0
2019-09-25 12:49:42,005 [3fecd095-e7b2-43c8-8ba6-ce5e973e15fd@group-C1ED4A7C2218:LeaderElection115] INFO  impl.LeaderElection (LeaderElection.java:askForVotes(182)) - 3fecd095-e7b2-43c8-8ba6-ce5e973e15fd@group-C1ED4A7C2218:LeaderElection115: begin an election at term 1 for -1: [3fecd095-e7b2-43c8-8ba6-ce5e973e15fd:192.168.151.66:45741, 07cfe84e-4aa5-4a80-9b1f-bf1d9bb36805:192.168.151.66:40658, 566b540d-5d54-415e-ae29-de122253aae0:192.168.151.66:33140], old=null
2019-09-25 12:49:42,005 [afc774d3-ff67-43cc-88c7-ca5513c32fb1@group-97D8030FD8D9:LeaderElection116] INFO  impl.LeaderElection (LeaderElection.java:askForVotes(182)) - afc774d3-ff67-43cc-88c7-ca5513c32fb1@group-97D8030FD8D9:LeaderElection116: begin an election at term 1 for -1: [afc774d3-ff67-43cc-88c7-ca5513c32fb1:192.168.151.66:41155], old=null
2019-09-25 12:49:42,005 [afc774d3-ff67-43cc-88c7-ca5513c32fb1@group-97D8030FD8D9:LeaderElection116] INFO  impl.RoleInfo (RoleInfo.java:shutdownLeaderElection(134)) - afc774d3-ff67-43cc-88c7-ca5513c32fb1: shutdown LeaderElection
2019-09-25 12:49:42,005 [afc774d3-ff67-43cc-88c7-ca5513c32fb1@group-97D8030FD8D9:LeaderElection116] INFO  impl.RaftServerImpl (RaftServerImpl.java:setRole(174)) - afc774d3-ff67-43cc-88c7-ca5513c32fb1@group-97D8030FD8D9: changes role from CANDIDATE to LEADER at term 1 for changeToLeader
2019-09-25 12:49:42,005 [afc774d3-ff67-43cc-88c7-ca5513c32fb1@group-97D8030FD8D9:LeaderElection116] INFO  impl.RaftServerImpl (ServerState.java:setLeader(253)) - afc774d3-ff67-43cc-88c7-ca5513c32fb1@group-97D8030FD8D9: change Leader from null to afc774d3-ff67-43cc-88c7-ca5513c32fb1 at term 1 for becomeLeader, leader elected after 5146ms
2019-09-25 12:49:42,006 [566b540d-5d54-415e-ae29-de122253aae0@group-C1ED4A7C2218:LeaderElection114] INFO  impl.LeaderElection (LeaderElection.java:logAndReturn(56)) - 566b540d-5d54-415e-ae29-de122253aae0@group-C1ED4A7C2218:LeaderElection114: Election REJECTED; received 2 response(s) [566b540d-5d54-415e-ae29-de122253aae0<-3fecd095-e7b2-43c8-8ba6-ce5e973e15fd#0:FAIL-t1, 566b540d-5d54-415e-ae29-de122253aae0<-07cfe84e-4aa5-4a80-9b1f-bf1d9bb36805#0:FAIL-t1] and 0 exception(s); 566b540d-5d54-415e-ae29-de122253aae0@group-C1ED4A7C2218:t1, leader=null, voted=566b540d-5d54-415e-ae29-de122253aae0, raftlog=566b540d-5d54-415e-ae29-de122253aae0@group-C1ED4A7C2218-SegmentedRaftLog:OPENED:c-1,f-1,i0, conf=-1: [3fecd095-e7b2-43c8-8ba6-ce5e973e15fd:192.168.151.66:45741, 07cfe84e-4aa5-4a80-9b1f-bf1d9bb36805:192.168.151.66:40658, 566b540d-5d54-415e-ae29-de122253aae0:192.168.151.66:33140], old=null
2019-09-25 12:49:42,006 [566b540d-5d54-415e-ae29-de122253aae0@group-C1ED4A7C2218:LeaderElection114] INFO  impl.RaftServerImpl (RaftServerImpl.java:setRole(174)) - 566b540d-5d54-415e-ae29-de122253aae0@group-C1ED4A7C2218: changes role from CANDIDATE to FOLLOWER at term 1 for DISCOVERED_A_NEW_TERM
2019-09-25 12:49:42,006 [07cfe84e-4aa5-4a80-9b1f-bf1d9bb36805@group-C1ED4A7C2218:LeaderElection112] INFO  impl.LeaderElection (LeaderElection.java:logAndReturn(56)) - 07cfe84e-4aa5-4a80-9b1f-bf1d9bb36805@group-C1ED4A7C2218:LeaderElection112: Election REJECTED; received 2 response(s) [07cfe84e-4aa5-4a80-9b1f-bf1d9bb36805<-3fecd095-e7b2-43c8-8ba6-ce5e973e15fd#0:FAIL-t1, 07cfe84e-4aa5-4a80-9b1f-bf1d9bb36805<-566b540d-5d54-415e-ae29-de122253aae0#0:FAIL-t1] and 0 exception(s); 07cfe84e-4aa5-4a80-9b1f-bf1d9bb36805@group-C1ED4A7C2218:t1, leader=null, voted=07cfe84e-4aa5-4a80-9b1f-bf1d9bb36805, raftlog=07cfe84e-4aa5-4a80-9b1f-bf1d9bb36805@group-C1ED4A7C2218-SegmentedRaftLog:OPENED:c-1,f-1,i0, conf=-1: [3fecd095-e7b2-43c8-8ba6-ce5e973e15fd:192.168.151.66:45741, 07cfe84e-4aa5-4a80-9b1f-bf1d9bb36805:192.168.151.66:40658, 566b540d-5d54-415e-ae29-de122253aae0:192.168.151.66:33140], old=null
2019-09-25 12:49:42,006 [afc774d3-ff67-43cc-88c7-ca5513c32fb1@group-97D8030FD8D9:LeaderElection116] INFO  server.RaftServerConfigKeys (ConfUtils.java:logGet(43)) - raft.server.staging.catchup.gap = 1000 (default)
2019-09-25 12:49:42,034 [07cfe84e-4aa5-4a80-9b1f-bf1d9bb36805@group-C1ED4A7C2218:LeaderElection112] INFO  impl.RaftServerImpl (RaftServerImpl.java:setRole(174)) - 07cfe84e-4aa5-4a80-9b1f-bf1d9bb36805@group-C1ED4A7C2218: changes role from CANDIDATE to FOLLOWER at term 1 for DISCOVERED_A_NEW_TERM
2019-09-25 12:49:42,037 [07cfe84e-4aa5-4a80-9b1f-bf1d9bb36805@group-C1ED4A7C2218:LeaderElection112] INFO  impl.RoleInfo (RoleInfo.java:shutdownLeaderElection(134)) - 07cfe84e-4aa5-4a80-9b1f-bf1d9bb36805: shutdown LeaderElection
2019-09-25 12:49:42,006 [566b540d-5d54-415e-ae29-de122253aae0@group-C1ED4A7C2218:LeaderElection114] INFO  impl.RoleInfo (RoleInfo.java:shutdownLeaderElection(134)) - 566b540d-5d54-415e-ae29-de122253aae0: shutdown LeaderElection
2019-09-25 12:49:42,037 [07cfe84e-4aa5-4a80-9b1f-bf1d9bb36805@group-C1ED4A7C2218:LeaderElection112] INFO  impl.RoleInfo (RoleInfo.java:updateAndGet(143)) - 07cfe84e-4aa5-4a80-9b1f-bf1d9bb36805: start FollowerState
2019-09-25 12:49:42,035 [afc774d3-ff67-43cc-88c7-ca5513c32fb1@group-97D8030FD8D9:LeaderElection116] INFO  server.RaftServerConfigKeys (ConfUtils.java:logGet(43)) - raft.server.rpc.sleep.time = 25ms (default)
2019-09-25 12:49:42,040 [566b540d-5d54-415e-ae29-de122253aae0@group-C1ED4A7C2218:LeaderElection114] INFO  impl.RoleInfo (RoleInfo.java:updateAndGet(143)) - 566b540d-5d54-415e-ae29-de122253aae0: start FollowerState
2019-09-25 12:49:42,041 [afc774d3-ff67-43cc-88c7-ca5513c32fb1@group-97D8030FD8D9:LeaderElection116] INFO  server.RaftServerConfigKeys (ConfUtils.java:logGet(43)) - raft.server.write.element-limit = 4096 (default)
2019-09-25 12:49:42,041 [afc774d3-ff67-43cc-88c7-ca5513c32fb1@group-97D8030FD8D9:LeaderElection116] INFO  server.RaftServerConfigKeys (ConfUtils.java:logGet(43)) - raft.server.watch.timeout = 10s (default)
2019-09-25 12:49:42,041 [afc774d3-ff67-43cc-88c7-ca5513c32fb1@group-97D8030FD8D9:LeaderElection116] INFO  server.RaftServerConfigKeys (ConfUtils.java:logGet(43)) - raft.server.watch.timeout.denomination = 1s (default)
2019-09-25 12:49:42,041 [afc774d3-ff67-43cc-88c7-ca5513c32fb1@group-97D8030FD8D9:LeaderElection116] INFO  server.RaftServerConfigKeys (ConfUtils.java:logGet(43)) - raft.server.watch.element-limit = 65536 (default)
2019-09-25 12:49:42,043 [3fecd095-e7b2-43c8-8ba6-ce5e973e15fd@group-C1ED4A7C2218:LeaderElection115] INFO  impl.LeaderElection (LeaderElection.java:logAndReturn(56)) - 3fecd095-e7b2-43c8-8ba6-ce5e973e15fd@group-C1ED4A7C2218:LeaderElection115: Election REJECTED; received 2 response(s) [3fecd095-e7b2-43c8-8ba6-ce5e973e15fd<-07cfe84e-4aa5-4a80-9b1f-bf1d9bb36805#0:FAIL-t1, 3fecd095-e7b2-43c8-8ba6-ce5e973e15fd<-566b540d-5d54-415e-ae29-de122253aae0#0:FAIL-t1] and 0 exception(s); 3fecd095-e7b2-43c8-8ba6-ce5e973e15fd@group-C1ED4A7C2218:t1, leader=null, voted=3fecd095-e7b2-43c8-8ba6-ce5e973e15fd, raftlog=3fecd095-e7b2-43c8-8ba6-ce5e973e15fd@group-C1ED4A7C2218-SegmentedRaftLog:OPENED:c-1,f-1,i0, conf=-1: [3fecd095-e7b2-43c8-8ba6-ce5e973e15fd:192.168.151.66:45741, 07cfe84e-4aa5-4a80-9b1f-bf1d9bb36805:192.168.151.66:40658, 566b540d-5d54-415e-ae29-de122253aae0:192.168.151.66:33140], old=null
2019-09-25 12:49:42,043 [afc774d3-ff67-43cc-88c7-ca5513c32fb1@group-97D8030FD8D9:LeaderElection116] INFO  impl.RoleInfo (RoleInfo.java:updateAndGet(143)) - afc774d3-ff67-43cc-88c7-ca5513c32fb1: start LeaderState
2019-09-25 12:49:42,043 [3fecd095-e7b2-43c8-8ba6-ce5e973e15fd@group-C1ED4A7C2218:LeaderElection115] INFO  impl.RaftServerImpl (RaftServerImpl.java:setRole(174)) - 3fecd095-e7b2-43c8-8ba6-ce5e973e15fd@group-C1ED4A7C2218: changes role from CANDIDATE to FOLLOWER at term 1 for DISCOVERED_A_NEW_TERM
2019-09-25 12:49:42,046 [07cfe84e-4aa5-4a80-9b1f-bf1d9bb36805@group-8F039DF74E75-SegmentedRaftLogWorker] INFO  segmented.SegmentedRaftLogWorker (SegmentedRaftLogWorker.java:execute(569)) - 07cfe84e-4aa5-4a80-9b1f-bf1d9bb36805@group-8F039DF74E75-SegmentedRaftLogWorker: created new log segment /workdir/hadoop-ozone/integration-test/target/test-dir/MiniOzoneClusterImpl-1154d014-32d6-4989-b40a-3009b5f24e17/datanode-6/data/ratis/ce3c8c76-80ac-4c25-a826-8f039df74e75/current/log_inprogress_0
2019-09-25 12:49:42,046 [afc774d3-ff67-43cc-88c7-ca5513c32fb1@group-97D8030FD8D9:LeaderElection116] INFO  segmented.SegmentedRaftLogWorker (SegmentedRaftLogWorker.java:startLogSegment(380)) - afc774d3-ff67-43cc-88c7-ca5513c32fb1@group-97D8030FD8D9-SegmentedRaftLogWorker: Starting segment from index:0
2019-09-25 12:49:42,046 [3fecd095-e7b2-43c8-8ba6-ce5e973e15fd@group-C1ED4A7C2218:LeaderElection115] INFO  impl.RoleInfo (RoleInfo.java:shutdownLeaderElection(134)) - 3fecd095-e7b2-43c8-8ba6-ce5e973e15fd: shutdown LeaderElection
2019-09-25 12:49:42,046 [3fecd095-e7b2-43c8-8ba6-ce5e973e15fd@group-C1ED4A7C2218:LeaderElection115] INFO  impl.RoleInfo (RoleInfo.java:updateAndGet(143)) - 3fecd095-e7b2-43c8-8ba6-ce5e973e15fd: start FollowerState
2019-09-25 12:49:42,046 [afc774d3-ff67-43cc-88c7-ca5513c32fb1@group-97D8030FD8D9:LeaderElection116] INFO  impl.RaftServerImpl (ServerState.java:setRaftConf(354)) - afc774d3-ff67-43cc-88c7-ca5513c32fb1@group-97D8030FD8D9: set configuration 0: [afc774d3-ff67-43cc-88c7-ca5513c32fb1:192.168.151.66:41155], old=null at 0
2019-09-25 12:49:42,092 [afc774d3-ff67-43cc-88c7-ca5513c32fb1@group-97D8030FD8D9-SegmentedRaftLogWorker] INFO  segmented.SegmentedRaftLogWorker (SegmentedRaftLogWorker.java:execute(569)) - afc774d3-ff67-43cc-88c7-ca5513c32fb1@group-97D8030FD8D9-SegmentedRaftLogWorker: created new log segment /workdir/hadoop-ozone/integration-test/target/test-dir/MiniOzoneClusterImpl-1154d014-32d6-4989-b40a-3009b5f24e17/datanode-5/data/ratis/6db10af1-5fc3-4c11-b720-97d8030fd8d9/current/log_inprogress_0
2019-09-25 12:49:42,263 [EventQueue-CloseContainerForCloseContainerEventHandler] INFO  container.CloseContainerEventHandler (CloseContainerEventHandler.java:onMessage(61)) - Close container Event triggered for container : #1
2019-09-25 12:49:42,264 [EventQueue-CloseContainerForCloseContainerEventHandler] INFO  container.CloseContainerEventHandler (CloseContainerEventHandler.java:onMessage(61)) - Close container Event triggered for container : #1
2019-09-25 12:49:42,264 [EventQueue-CloseContainerForCloseContainerEventHandler] INFO  container.CloseContainerEventHandler (CloseContainerEventHandler.java:onMessage(61)) - Close container Event triggered for container : #1
2019-09-25 12:49:43,279 [RatisApplyTransactionExecutor 1] INFO  interfaces.Container (KeyValueContainer.java:flushAndSyncDB(386)) - Container 1 is synced with bcsId 4.
2019-09-25 12:49:43,279 [RatisApplyTransactionExecutor 1] INFO  interfaces.Container (KeyValueContainer.java:flushAndSyncDB(386)) - Container 1 is synced with bcsId 4.
2019-09-25 12:49:43,292 [RatisApplyTransactionExecutor 1] INFO  interfaces.Container (KeyValueContainer.java:close(335)) - Container 1 is closed with bcsId 4.
2019-09-25 12:49:43,293 [EventQueue-IncrementalContainerReportForIncrementalContainerReportHandler] INFO  container.IncrementalContainerReportHandler (AbstractContainerReportHandler.java:updateContainerState(176)) - Moving container #1 to CLOSED state, datanode 4d7f1931-da22-4277-8e70-be8e40e12960{ip: 192.168.151.66, host: pr-hdds-2175-t596l-953197546, networkLocation: /default-rack, certSerialId: null} reported CLOSED replica.
2019-09-25 12:49:43,334 [RatisApplyTransactionExecutor 1] INFO  interfaces.Container (KeyValueContainer.java:flushAndSyncDB(386)) - Container 1 is synced with bcsId 4.
2019-09-25 12:49:43,334 [RatisApplyTransactionExecutor 1] INFO  interfaces.Container (KeyValueContainer.java:flushAndSyncDB(386)) - Container 1 is synced with bcsId 4.
2019-09-25 12:49:43,335 [RatisApplyTransactionExecutor 1] INFO  interfaces.Container (KeyValueContainer.java:flushAndSyncDB(386)) - Container 1 is synced with bcsId 4.
2019-09-25 12:49:43,335 [RatisApplyTransactionExecutor 1] INFO  interfaces.Container (KeyValueContainer.java:flushAndSyncDB(386)) - Container 1 is synced with bcsId 4.
2019-09-25 12:49:43,361 [RatisApplyTransactionExecutor 1] INFO  interfaces.Container (KeyValueContainer.java:close(335)) - Container 1 is closed with bcsId 4.
2019-09-25 12:49:43,361 [RatisApplyTransactionExecutor 1] INFO  interfaces.Container (KeyValueContainer.java:close(335)) - Container 1 is closed with bcsId 4.
12:49:43.765 [grpc-default-executor-1] ERROR DNAudit - user=null | ip=null | op=WRITE_CHUNK {blockData=conID: 1 locID: 102853232353607702 bcsId: 4} | ret=FAILURE
org.apache.hadoop.hdds.scm.container.common.helpers.ContainerNotOpenException: Container 1 in CLOSED state
	at org.apache.hadoop.ozone.container.common.impl.HddsDispatcher.validateContainerCommand(HddsDispatcher.java:434) ~[hadoop-hdds-container-service-0.5.0-SNAPSHOT.jar:?]
	at org.apache.hadoop.ozone.container.common.transport.server.ratis.ContainerStateMachine.startTransaction(ContainerStateMachine.java:315) ~[hadoop-hdds-container-service-0.5.0-SNAPSHOT.jar:?]
	at org.apache.ratis.server.impl.RaftServerImpl.submitClientRequestAsync(RaftServerImpl.java:573) ~[ratis-server-0.4.0.jar:0.4.0]
	at org.apache.ratis.server.impl.RaftServerProxy.lambda$submitClientRequestAsync$7(RaftServerProxy.java:333) ~[ratis-server-0.4.0.jar:0.4.0]
	at org.apache.ratis.server.impl.RaftServerProxy.lambda$null$5(RaftServerProxy.java:328) ~[ratis-server-0.4.0.jar:0.4.0]
	at org.apache.ratis.util.JavaUtils.callAsUnchecked(JavaUtils.java:109) ~[ratis-common-0.4.0.jar:0.4.0]
	at org.apache.ratis.server.impl.RaftServerProxy.lambda$submitRequest$6(RaftServerProxy.java:328) ~[ratis-server-0.4.0.jar:0.4.0]
	at java.util.concurrent.CompletableFuture.uniComposeStage(CompletableFuture.java:981) ~[?:1.8.0_212]
	at java.util.concurrent.CompletableFuture.thenCompose(CompletableFuture.java:2124) ~[?:1.8.0_212]
	at org.apache.ratis.server.impl.RaftServerProxy.submitRequest(RaftServerProxy.java:327) ~[ratis-server-0.4.0.jar:0.4.0]
	at org.apache.ratis.server.impl.RaftServerProxy.submitClientRequestAsync(RaftServerProxy.java:333) ~[ratis-server-0.4.0.jar:0.4.0]
	at org.apache.ratis.grpc.client.GrpcClientProtocolService$RequestStreamObserver.processClientRequest(GrpcClientProtocolService.java:220) ~[ratis-grpc-0.4.0.jar:0.4.0]
	at org.apache.ratis.grpc.client.GrpcClientProtocolService$OrderedRequestStreamObserver.processClientRequest(GrpcClientProtocolService.java:326) ~[ratis-grpc-0.4.0.jar:0.4.0]
	at org.apache.ratis.util.SlidingWindow$Server.processRequestsFromHead(SlidingWindow.java:429) [ratis-common-0.4.0.jar:0.4.0]
	at org.apache.ratis.util.SlidingWindow$Server.receivedRequest(SlidingWindow.java:421) [ratis-common-0.4.0.jar:0.4.0]
	at org.apache.ratis.grpc.client.GrpcClientProtocolService$OrderedRequestStreamObserver.processClientRequest(GrpcClientProtocolService.java:345) [ratis-grpc-0.4.0.jar:0.4.0]
	at org.apache.ratis.grpc.client.GrpcClientProtocolService$RequestStreamObserver.onNext(GrpcClientProtocolService.java:240) [ratis-grpc-0.4.0.jar:0.4.0]
	at org.apache.ratis.grpc.client.GrpcClientProtocolService$RequestStreamObserver.onNext(GrpcClientProtocolService.java:168) [ratis-grpc-0.4.0.jar:0.4.0]
	at org.apache.ratis.thirdparty.io.grpc.stub.ServerCalls$StreamingServerCallHandler$StreamingServerCallListener.onMessage(ServerCalls.java:248) [ratis-thirdparty-misc-0.2.0.jar:0.2.0]
	at org.apache.ratis.thirdparty.io.grpc.internal.ServerCallImpl$ServerStreamListenerImpl.messagesAvailable(ServerCallImpl.java:263) [ratis-thirdparty-misc-0.2.0.jar:0.2.0]
	at org.apache.ratis.thirdparty.io.grpc.internal.ServerImpl$JumpToApplicationThreadServerStreamListener$1MessagesAvailable.runInContext(ServerImpl.java:686) [ratis-thirdparty-misc-0.2.0.jar:0.2.0]
	at org.apache.ratis.thirdparty.io.grpc.internal.ContextRunnable.run(ContextRunnable.java:37) [ratis-thirdparty-misc-0.2.0.jar:0.2.0]
	at org.apache.ratis.thirdparty.io.grpc.internal.SerializingExecutor.run(SerializingExecutor.java:123) [ratis-thirdparty-misc-0.2.0.jar:0.2.0]
	at java.util.concurrent.ThreadPoolExecutor.runWorker(ThreadPoolExecutor.java:1149) [?:1.8.0_212]
	at java.util.concurrent.ThreadPoolExecutor$Worker.run(ThreadPoolExecutor.java:624) [?:1.8.0_212]
	at java.lang.Thread.run(Thread.java:748) [?:1.8.0_212]
12:49:43.777 [grpc-default-executor-1] ERROR DNAudit - user=null | ip=null | op=WRITE_CHUNK {blockData=conID: 1 locID: 102853232353607702 bcsId: 4} | ret=FAILURE
org.apache.hadoop.hdds.scm.container.common.helpers.ContainerNotOpenException: Container 1 in CLOSED state
	at org.apache.hadoop.ozone.container.common.impl.HddsDispatcher.validateContainerCommand(HddsDispatcher.java:434) ~[hadoop-hdds-container-service-0.5.0-SNAPSHOT.jar:?]
	at org.apache.hadoop.ozone.container.common.transport.server.ratis.ContainerStateMachine.startTransaction(ContainerStateMachine.java:315) ~[hadoop-hdds-container-service-0.5.0-SNAPSHOT.jar:?]
	at org.apache.ratis.server.impl.RaftServerImpl.submitClientRequestAsync(RaftServerImpl.java:573) ~[ratis-server-0.4.0.jar:0.4.0]
	at org.apache.ratis.server.impl.RaftServerProxy.lambda$submitClientRequestAsync$7(RaftServerProxy.java:333) ~[ratis-server-0.4.0.jar:0.4.0]
	at org.apache.ratis.server.impl.RaftServerProxy.lambda$null$5(RaftServerProxy.java:328) ~[ratis-server-0.4.0.jar:0.4.0]
	at org.apache.ratis.util.JavaUtils.callAsUnchecked(JavaUtils.java:109) ~[ratis-common-0.4.0.jar:0.4.0]
	at org.apache.ratis.server.impl.RaftServerProxy.lambda$submitRequest$6(RaftServerProxy.java:328) ~[ratis-server-0.4.0.jar:0.4.0]
	at java.util.concurrent.CompletableFuture.uniComposeStage(CompletableFuture.java:981) ~[?:1.8.0_212]
	at java.util.concurrent.CompletableFuture.thenCompose(CompletableFuture.java:2124) ~[?:1.8.0_212]
	at org.apache.ratis.server.impl.RaftServerProxy.submitRequest(RaftServerProxy.java:327) ~[ratis-server-0.4.0.jar:0.4.0]
	at org.apache.ratis.server.impl.RaftServerProxy.submitClientRequestAsync(RaftServerProxy.java:333) ~[ratis-server-0.4.0.jar:0.4.0]
	at org.apache.ratis.grpc.client.GrpcClientProtocolService$RequestStreamObserver.processClientRequest(GrpcClientProtocolService.java:220) ~[ratis-grpc-0.4.0.jar:0.4.0]
	at org.apache.ratis.grpc.client.GrpcClientProtocolService$OrderedRequestStreamObserver.processClientRequest(GrpcClientProtocolService.java:326) ~[ratis-grpc-0.4.0.jar:0.4.0]
	at org.apache.ratis.util.SlidingWindow$Server.processRequestsFromHead(SlidingWindow.java:429) [ratis-common-0.4.0.jar:0.4.0]
	at org.apache.ratis.util.SlidingWindow$Server.receivedRequest(SlidingWindow.java:421) [ratis-common-0.4.0.jar:0.4.0]
	at org.apache.ratis.grpc.client.GrpcClientProtocolService$OrderedRequestStreamObserver.processClientRequest(GrpcClientProtocolService.java:345) [ratis-grpc-0.4.0.jar:0.4.0]
	at org.apache.ratis.grpc.client.GrpcClientProtocolService$RequestStreamObserver.onNext(GrpcClientProtocolService.java:240) [ratis-grpc-0.4.0.jar:0.4.0]
	at org.apache.ratis.grpc.client.GrpcClientProtocolService$RequestStreamObserver.onNext(GrpcClientProtocolService.java:168) [ratis-grpc-0.4.0.jar:0.4.0]
	at org.apache.ratis.thirdparty.io.grpc.stub.ServerCalls$StreamingServerCallHandler$StreamingServerCallListener.onMessage(ServerCalls.java:248) [ratis-thirdparty-misc-0.2.0.jar:0.2.0]
	at org.apache.ratis.thirdparty.io.grpc.internal.ServerCallImpl$ServerStreamListenerImpl.messagesAvailable(ServerCallImpl.java:263) [ratis-thirdparty-misc-0.2.0.jar:0.2.0]
	at org.apache.ratis.thirdparty.io.grpc.internal.ServerImpl$JumpToApplicationThreadServerStreamListener$1MessagesAvailable.runInContext(ServerImpl.java:686) [ratis-thirdparty-misc-0.2.0.jar:0.2.0]
	at org.apache.ratis.thirdparty.io.grpc.internal.ContextRunnable.run(ContextRunnable.java:37) [ratis-thirdparty-misc-0.2.0.jar:0.2.0]
	at org.apache.ratis.thirdparty.io.grpc.internal.SerializingExecutor.run(SerializingExecutor.java:123) [ratis-thirdparty-misc-0.2.0.jar:0.2.0]
	at java.util.concurrent.ThreadPoolExecutor.runWorker(ThreadPoolExecutor.java:1149) [?:1.8.0_212]
	at java.util.concurrent.ThreadPoolExecutor$Worker.run(ThreadPoolExecutor.java:624) [?:1.8.0_212]
	at java.lang.Thread.run(Thread.java:748) [?:1.8.0_212]
12:49:43.778 [grpc-default-executor-1] ERROR DNAudit - user=null | ip=null | op=PUT_BLOCK {blockData=[blockId=conID: 1 locID: 102853232353607702 bcsId: 0,size=334]} | ret=FAILURE
org.apache.hadoop.hdds.scm.container.common.helpers.ContainerNotOpenException: Container 1 in CLOSED state
	at org.apache.hadoop.ozone.container.common.impl.HddsDispatcher.validateContainerCommand(HddsDispatcher.java:434) ~[hadoop-hdds-container-service-0.5.0-SNAPSHOT.jar:?]
	at org.apache.hadoop.ozone.container.common.transport.server.ratis.ContainerStateMachine.startTransaction(ContainerStateMachine.java:315) ~[hadoop-hdds-container-service-0.5.0-SNAPSHOT.jar:?]
	at org.apache.ratis.server.impl.RaftServerImpl.submitClientRequestAsync(RaftServerImpl.java:573) ~[ratis-server-0.4.0.jar:0.4.0]
	at org.apache.ratis.server.impl.RaftServerProxy.lambda$submitClientRequestAsync$7(RaftServerProxy.java:333) ~[ratis-server-0.4.0.jar:0.4.0]
	at org.apache.ratis.server.impl.RaftServerProxy.lambda$null$5(RaftServerProxy.java:328) ~[ratis-server-0.4.0.jar:0.4.0]
	at org.apache.ratis.util.JavaUtils.callAsUnchecked(JavaUtils.java:109) ~[ratis-common-0.4.0.jar:0.4.0]
	at org.apache.ratis.server.impl.RaftServerProxy.lambda$submitRequest$6(RaftServerProxy.java:328) ~[ratis-server-0.4.0.jar:0.4.0]
	at java.util.concurrent.CompletableFuture.uniComposeStage(CompletableFuture.java:981) ~[?:1.8.0_212]
	at java.util.concurrent.CompletableFuture.thenCompose(CompletableFuture.java:2124) ~[?:1.8.0_212]
	at org.apache.ratis.server.impl.RaftServerProxy.submitRequest(RaftServerProxy.java:327) ~[ratis-server-0.4.0.jar:0.4.0]
	at org.apache.ratis.server.impl.RaftServerProxy.submitClientRequestAsync(RaftServerProxy.java:333) ~[ratis-server-0.4.0.jar:0.4.0]
	at org.apache.ratis.grpc.client.GrpcClientProtocolService$RequestStreamObserver.processClientRequest(GrpcClientProtocolService.java:220) ~[ratis-grpc-0.4.0.jar:0.4.0]
	at org.apache.ratis.grpc.client.GrpcClientProtocolService$OrderedRequestStreamObserver.processClientRequest(GrpcClientProtocolService.java:326) ~[ratis-grpc-0.4.0.jar:0.4.0]
	at org.apache.ratis.util.SlidingWindow$Server.processRequestsFromHead(SlidingWindow.java:429) [ratis-common-0.4.0.jar:0.4.0]
	at org.apache.ratis.util.SlidingWindow$Server.receivedRequest(SlidingWindow.java:421) [ratis-common-0.4.0.jar:0.4.0]
	at org.apache.ratis.grpc.client.GrpcClientProtocolService$OrderedRequestStreamObserver.processClientRequest(GrpcClientProtocolService.java:345) [ratis-grpc-0.4.0.jar:0.4.0]
	at org.apache.ratis.grpc.client.GrpcClientProtocolService$RequestStreamObserver.onNext(GrpcClientProtocolService.java:240) [ratis-grpc-0.4.0.jar:0.4.0]
	at org.apache.ratis.grpc.client.GrpcClientProtocolService$RequestStreamObserver.onNext(GrpcClientProtocolService.java:168) [ratis-grpc-0.4.0.jar:0.4.0]
	at org.apache.ratis.thirdparty.io.grpc.stub.ServerCalls$StreamingServerCallHandler$StreamingServerCallListener.onMessage(ServerCalls.java:248) [ratis-thirdparty-misc-0.2.0.jar:0.2.0]
	at org.apache.ratis.thirdparty.io.grpc.internal.ServerCallImpl$ServerStreamListenerImpl.messagesAvailable(ServerCallImpl.java:263) [ratis-thirdparty-misc-0.2.0.jar:0.2.0]
	at org.apache.ratis.thirdparty.io.grpc.internal.ServerImpl$JumpToApplicationThreadServerStreamListener$1MessagesAvailable.runInContext(ServerImpl.java:686) [ratis-thirdparty-misc-0.2.0.jar:0.2.0]
	at org.apache.ratis.thirdparty.io.grpc.internal.ContextRunnable.run(ContextRunnable.java:37) [ratis-thirdparty-misc-0.2.0.jar:0.2.0]
	at org.apache.ratis.thirdparty.io.grpc.internal.SerializingExecutor.run(SerializingExecutor.java:123) [ratis-thirdparty-misc-0.2.0.jar:0.2.0]
	at java.util.concurrent.ThreadPoolExecutor.runWorker(ThreadPoolExecutor.java:1149) [?:1.8.0_212]
	at java.util.concurrent.ThreadPoolExecutor$Worker.run(ThreadPoolExecutor.java:624) [?:1.8.0_212]
	at java.lang.Thread.run(Thread.java:748) [?:1.8.0_212]
2019-09-25 12:49:47,089 [Thread-4533] INFO  impl.FollowerState (FollowerState.java:run(106)) - 566b540d-5d54-415e-ae29-de122253aae0:group-C1ED4A7C2218 changes to CANDIDATE, lastRpcTime:5051, electionTimeout:5048ms
2019-09-25 12:49:47,091 [Thread-4533] INFO  impl.RoleInfo (RoleInfo.java:shutdownFollowerState(121)) - 566b540d-5d54-415e-ae29-de122253aae0: shutdown FollowerState
2019-09-25 12:49:47,091 [Thread-4533] INFO  impl.RaftServerImpl (RaftServerImpl.java:setRole(174)) - 566b540d-5d54-415e-ae29-de122253aae0@group-C1ED4A7C2218: changes role from  FOLLOWER to CANDIDATE at term 1 for changeToCandidate
2019-09-25 12:49:47,092 [Thread-4533] INFO  impl.RoleInfo (RoleInfo.java:updateAndGet(143)) - 566b540d-5d54-415e-ae29-de122253aae0: start LeaderElection
2019-09-25 12:49:47,110 [566b540d-5d54-415e-ae29-de122253aae0@group-C1ED4A7C2218:LeaderElection117] INFO  impl.LeaderElection (LeaderElection.java:askForVotes(182)) - 566b540d-5d54-415e-ae29-de122253aae0@group-C1ED4A7C2218:LeaderElection117: begin an election at term 2 for -1: [3fecd095-e7b2-43c8-8ba6-ce5e973e15fd:192.168.151.66:45741, 07cfe84e-4aa5-4a80-9b1f-bf1d9bb36805:192.168.151.66:40658, 566b540d-5d54-415e-ae29-de122253aae0:192.168.151.66:33140], old=null
2019-09-25 12:49:47,113 [grpc-default-executor-5] INFO  impl.RaftServerImpl (RaftServerImpl.java:setRole(174)) - 07cfe84e-4aa5-4a80-9b1f-bf1d9bb36805@group-C1ED4A7C2218: changes role from  FOLLOWER to FOLLOWER at term 2 for recognizeCandidate:566b540d-5d54-415e-ae29-de122253aae0
2019-09-25 12:49:47,114 [grpc-default-executor-1] INFO  impl.RaftServerImpl (RaftServerImpl.java:setRole(174)) - 3fecd095-e7b2-43c8-8ba6-ce5e973e15fd@group-C1ED4A7C2218: changes role from  FOLLOWER to FOLLOWER at term 2 for recognizeCandidate:566b540d-5d54-415e-ae29-de122253aae0
2019-09-25 12:49:47,114 [grpc-default-executor-5] INFO  impl.RoleInfo (RoleInfo.java:shutdownFollowerState(121)) - 07cfe84e-4aa5-4a80-9b1f-bf1d9bb36805: shutdown FollowerState
2019-09-25 12:49:47,114 [grpc-default-executor-1] INFO  impl.RoleInfo (RoleInfo.java:shutdownFollowerState(121)) - 3fecd095-e7b2-43c8-8ba6-ce5e973e15fd: shutdown FollowerState
2019-09-25 12:49:47,114 [grpc-default-executor-5] INFO  impl.RoleInfo (RoleInfo.java:updateAndGet(143)) - 07cfe84e-4aa5-4a80-9b1f-bf1d9bb36805: start FollowerState
2019-09-25 12:49:47,114 [grpc-default-executor-1] INFO  impl.RoleInfo (RoleInfo.java:updateAndGet(143)) - 3fecd095-e7b2-43c8-8ba6-ce5e973e15fd: start FollowerState
2019-09-25 12:49:47,115 [Thread-4535] INFO  impl.FollowerState (FollowerState.java:run(115)) - 3fecd095-e7b2-43c8-8ba6-ce5e973e15fd: FollowerState was interrupted: java.lang.InterruptedException: sleep interrupted
2019-09-25 12:49:47,115 [Thread-4532] INFO  impl.FollowerState (FollowerState.java:run(115)) - 07cfe84e-4aa5-4a80-9b1f-bf1d9bb36805: FollowerState was interrupted: java.lang.InterruptedException: sleep interrupted
2019-09-25 12:49:47,146 [566b540d-5d54-415e-ae29-de122253aae0@group-C1ED4A7C2218:LeaderElection117] INFO  impl.LeaderElection (LeaderElection.java:logAndReturn(56)) - 566b540d-5d54-415e-ae29-de122253aae0@group-C1ED4A7C2218:LeaderElection117: Election PASSED; received 1 response(s) [566b540d-5d54-415e-ae29-de122253aae0<-3fecd095-e7b2-43c8-8ba6-ce5e973e15fd#0:OK-t2] and 0 exception(s); 566b540d-5d54-415e-ae29-de122253aae0@group-C1ED4A7C2218:t2, leader=null, voted=566b540d-5d54-415e-ae29-de122253aae0, raftlog=566b540d-5d54-415e-ae29-de122253aae0@group-C1ED4A7C2218-SegmentedRaftLog:OPENED:c-1,f-1,i0, conf=-1: [3fecd095-e7b2-43c8-8ba6-ce5e973e15fd:192.168.151.66:45741, 07cfe84e-4aa5-4a80-9b1f-bf1d9bb36805:192.168.151.66:40658, 566b540d-5d54-415e-ae29-de122253aae0:192.168.151.66:33140], old=null
2019-09-25 12:49:47,146 [566b540d-5d54-415e-ae29-de122253aae0@group-C1ED4A7C2218:LeaderElection117] INFO  impl.RoleInfo (RoleInfo.java:shutdownLeaderElection(134)) - 566b540d-5d54-415e-ae29-de122253aae0: shutdown LeaderElection
2019-09-25 12:49:47,146 [566b540d-5d54-415e-ae29-de122253aae0@group-C1ED4A7C2218:LeaderElection117] INFO  impl.RaftServerImpl (RaftServerImpl.java:setRole(174)) - 566b540d-5d54-415e-ae29-de122253aae0@group-C1ED4A7C2218: changes role from CANDIDATE to LEADER at term 2 for changeToLeader
2019-09-25 12:49:47,146 [566b540d-5d54-415e-ae29-de122253aae0@group-C1ED4A7C2218:LeaderElection117] INFO  impl.RaftServerImpl (ServerState.java:setLeader(253)) - 566b540d-5d54-415e-ae29-de122253aae0@group-C1ED4A7C2218: change Leader from null to 566b540d-5d54-415e-ae29-de122253aae0 at term 2 for becomeLeader, leader elected after 10395ms
2019-09-25 12:49:47,147 [566b540d-5d54-415e-ae29-de122253aae0@group-C1ED4A7C2218:LeaderElection117] INFO  server.RaftServerConfigKeys (ConfUtils.java:logGet(43)) - raft.server.staging.catchup.gap = 1000 (default)
2019-09-25 12:49:47,147 [566b540d-5d54-415e-ae29-de122253aae0@group-C1ED4A7C2218:LeaderElection117] INFO  server.RaftServerConfigKeys (ConfUtils.java:logGet(43)) - raft.server.rpc.sleep.time = 25ms (default)
2019-09-25 12:49:47,147 [566b540d-5d54-415e-ae29-de122253aae0@group-C1ED4A7C2218:LeaderElection117] INFO  server.RaftServerConfigKeys (ConfUtils.java:logGet(43)) - raft.server.write.element-limit = 4096 (default)
2019-09-25 12:49:47,148 [566b540d-5d54-415e-ae29-de122253aae0@group-C1ED4A7C2218:LeaderElection117] INFO  server.RaftServerConfigKeys (ConfUtils.java:logGet(43)) - raft.server.watch.timeout = 10s (default)
2019-09-25 12:49:47,148 [566b540d-5d54-415e-ae29-de122253aae0@group-C1ED4A7C2218:LeaderElection117] INFO  server.RaftServerConfigKeys (ConfUtils.java:logGet(43)) - raft.server.watch.timeout.denomination = 1s (default)
2019-09-25 12:49:47,148 [566b540d-5d54-415e-ae29-de122253aae0@group-C1ED4A7C2218:LeaderElection117] INFO  server.RaftServerConfigKeys (ConfUtils.java:logGet(43)) - raft.server.watch.element-limit = 65536 (default)
2019-09-25 12:49:47,153 [566b540d-5d54-415e-ae29-de122253aae0@group-C1ED4A7C2218:LeaderElection117] INFO  server.RaftServerConfigKeys (ConfUtils.java:logGet(43)) - raft.server.log.appender.snapshot.chunk.size.max = 16MB (=16777216) (default)
2019-09-25 12:49:47,154 [566b540d-5d54-415e-ae29-de122253aae0@group-C1ED4A7C2218:LeaderElection117] INFO  server.RaftServerConfigKeys (ConfUtils.java:logGet(43)) - raft.server.log.appender.buffer.byte-limit = 33554432 (custom)
2019-09-25 12:49:47,154 [566b540d-5d54-415e-ae29-de122253aae0@group-C1ED4A7C2218:LeaderElection117] INFO  server.RaftServerConfigKeys (ConfUtils.java:logGet(43)) - raft.server.log.appender.buffer.element-limit = 1 (custom)
2019-09-25 12:49:47,155 [566b540d-5d54-415e-ae29-de122253aae0@group-C1ED4A7C2218:LeaderElection117] INFO  grpc.GrpcConfigKeys$Server (ConfUtils.java:logGet(43)) - raft.grpc.server.leader.outstanding.appends.max = 128 (default)
2019-09-25 12:49:47,155 [566b540d-5d54-415e-ae29-de122253aae0@group-C1ED4A7C2218:LeaderElection117] INFO  server.RaftServerConfigKeys (ConfUtils.java:logGet(43)) - raft.server.rpc.request.timeout = 3000ms (default)
2019-09-25 12:49:47,155 [566b540d-5d54-415e-ae29-de122253aae0@group-C1ED4A7C2218:LeaderElection117] INFO  server.RaftServerConfigKeys (ConfUtils.java:logGet(43)) - raft.server.log.appender.install.snapshot.enabled = false (custom)
2019-09-25 12:49:47,155 [566b540d-5d54-415e-ae29-de122253aae0@group-C1ED4A7C2218:LeaderElection117] INFO  server.RaftServerConfigKeys (ConfUtils.java:logGet(43)) - raft.server.log.appender.snapshot.chunk.size.max = 16MB (=16777216) (default)
2019-09-25 12:49:47,155 [566b540d-5d54-415e-ae29-de122253aae0@group-C1ED4A7C2218:LeaderElection117] INFO  server.RaftServerConfigKeys (ConfUtils.java:logGet(43)) - raft.server.log.appender.buffer.byte-limit = 33554432 (custom)
2019-09-25 12:49:47,156 [566b540d-5d54-415e-ae29-de122253aae0@group-C1ED4A7C2218:LeaderElection117] INFO  server.RaftServerConfigKeys (ConfUtils.java:logGet(43)) - raft.server.log.appender.buffer.element-limit = 1 (custom)
2019-09-25 12:49:47,156 [566b540d-5d54-415e-ae29-de122253aae0@group-C1ED4A7C2218:LeaderElection117] INFO  grpc.GrpcConfigKeys$Server (ConfUtils.java:logGet(43)) - raft.grpc.server.leader.outstanding.appends.max = 128 (default)
2019-09-25 12:49:47,156 [566b540d-5d54-415e-ae29-de122253aae0@group-C1ED4A7C2218:LeaderElection117] INFO  server.RaftServerConfigKeys (ConfUtils.java:logGet(43)) - raft.server.rpc.request.timeout = 3000ms (default)
2019-09-25 12:49:47,156 [566b540d-5d54-415e-ae29-de122253aae0@group-C1ED4A7C2218:LeaderElection117] INFO  server.RaftServerConfigKeys (ConfUtils.java:logGet(43)) - raft.server.log.appender.install.snapshot.enabled = false (custom)
2019-09-25 12:49:47,156 [566b540d-5d54-415e-ae29-de122253aae0@group-C1ED4A7C2218:LeaderElection117] INFO  impl.RoleInfo (RoleInfo.java:updateAndGet(143)) - 566b540d-5d54-415e-ae29-de122253aae0: start LeaderState
2019-09-25 12:49:47,157 [566b540d-5d54-415e-ae29-de122253aae0@group-C1ED4A7C2218:LeaderElection117] INFO  segmented.SegmentedRaftLogWorker (SegmentedRaftLogWorker.java:startLogSegment(380)) - 566b540d-5d54-415e-ae29-de122253aae0@group-C1ED4A7C2218-SegmentedRaftLogWorker: Starting segment from index:0
2019-09-25 12:49:47,159 [566b540d-5d54-415e-ae29-de122253aae0@group-C1ED4A7C2218:LeaderElection117] INFO  impl.RaftServerImpl (ServerState.java:setRaftConf(354)) - 566b540d-5d54-415e-ae29-de122253aae0@group-C1ED4A7C2218: set configuration 0: [3fecd095-e7b2-43c8-8ba6-ce5e973e15fd:192.168.151.66:45741, 07cfe84e-4aa5-4a80-9b1f-bf1d9bb36805:192.168.151.66:40658, 566b540d-5d54-415e-ae29-de122253aae0:192.168.151.66:33140], old=null at 0
2019-09-25 12:49:47,163 [grpc-default-executor-1] INFO  impl.RaftServerImpl (ServerState.java:setLeader(253)) - 3fecd095-e7b2-43c8-8ba6-ce5e973e15fd@group-C1ED4A7C2218: change Leader from null to 566b540d-5d54-415e-ae29-de122253aae0 at term 2 for appendEntries, leader elected after 10411ms
2019-09-25 12:49:47,163 [grpc-default-executor-5] INFO  impl.RaftServerImpl (ServerState.java:setLeader(253)) - 07cfe84e-4aa5-4a80-9b1f-bf1d9bb36805@group-C1ED4A7C2218: change Leader from null to 566b540d-5d54-415e-ae29-de122253aae0 at term 2 for appendEntries, leader elected after 10411ms
2019-09-25 12:49:47,168 [grpc-default-executor-1] INFO  impl.RaftServerImpl (ServerState.java:setRaftConf(354)) - 3fecd095-e7b2-43c8-8ba6-ce5e973e15fd@group-C1ED4A7C2218: set configuration 0: [3fecd095-e7b2-43c8-8ba6-ce5e973e15fd:192.168.151.66:45741, 07cfe84e-4aa5-4a80-9b1f-bf1d9bb36805:192.168.151.66:40658, 566b540d-5d54-415e-ae29-de122253aae0:192.168.151.66:33140], old=null at 0
2019-09-25 12:49:47,168 [grpc-default-executor-5] INFO  impl.RaftServerImpl (ServerState.java:setRaftConf(354)) - 07cfe84e-4aa5-4a80-9b1f-bf1d9bb36805@group-C1ED4A7C2218: set configuration 0: [3fecd095-e7b2-43c8-8ba6-ce5e973e15fd:192.168.151.66:45741, 07cfe84e-4aa5-4a80-9b1f-bf1d9bb36805:192.168.151.66:40658, 566b540d-5d54-415e-ae29-de122253aae0:192.168.151.66:33140], old=null at 0
2019-09-25 12:49:47,168 [grpc-default-executor-1] INFO  segmented.SegmentedRaftLogWorker (SegmentedRaftLogWorker.java:startLogSegment(380)) - 3fecd095-e7b2-43c8-8ba6-ce5e973e15fd@group-C1ED4A7C2218-SegmentedRaftLogWorker: Starting segment from index:0
2019-09-25 12:49:47,169 [grpc-default-executor-5] INFO  segmented.SegmentedRaftLogWorker (SegmentedRaftLogWorker.java:startLogSegment(380)) - 07cfe84e-4aa5-4a80-9b1f-bf1d9bb36805@group-C1ED4A7C2218-SegmentedRaftLogWorker: Starting segment from index:0
2019-09-25 12:49:47,199 [566b540d-5d54-415e-ae29-de122253aae0@group-C1ED4A7C2218-SegmentedRaftLogWorker] INFO  segmented.SegmentedRaftLogWorker (SegmentedRaftLogWorker.java:execute(569)) - 566b540d-5d54-415e-ae29-de122253aae0@group-C1ED4A7C2218-SegmentedRaftLogWorker: created new log segment /workdir/hadoop-ozone/integration-test/target/test-dir/MiniOzoneClusterImpl-1154d014-32d6-4989-b40a-3009b5f24e17/datanode-1/data/ratis/0f33da1e-07ee-42db-a084-c1ed4a7c2218/current/log_inprogress_0
2019-09-25 12:49:47,225 [07cfe84e-4aa5-4a80-9b1f-bf1d9bb36805@group-C1ED4A7C2218-SegmentedRaftLogWorker] INFO  segmented.SegmentedRaftLogWorker (SegmentedRaftLogWorker.java:execute(569)) - 07cfe84e-4aa5-4a80-9b1f-bf1d9bb36805@group-C1ED4A7C2218-SegmentedRaftLogWorker: created new log segment /workdir/hadoop-ozone/integration-test/target/test-dir/MiniOzoneClusterImpl-1154d014-32d6-4989-b40a-3009b5f24e17/datanode-6/data/ratis/0f33da1e-07ee-42db-a084-c1ed4a7c2218/current/log_inprogress_0
2019-09-25 12:49:47,225 [3fecd095-e7b2-43c8-8ba6-ce5e973e15fd@group-C1ED4A7C2218-SegmentedRaftLogWorker] INFO  segmented.SegmentedRaftLogWorker (SegmentedRaftLogWorker.java:execute(569)) - 3fecd095-e7b2-43c8-8ba6-ce5e973e15fd@group-C1ED4A7C2218-SegmentedRaftLogWorker: created new log segment /workdir/hadoop-ozone/integration-test/target/test-dir/MiniOzoneClusterImpl-1154d014-32d6-4989-b40a-3009b5f24e17/datanode-3/data/ratis/0f33da1e-07ee-42db-a084-c1ed4a7c2218/current/log_inprogress_0
2019-09-25 12:49:49,199 [main] WARN  scm.XceiverClientRatis (XceiverClientRatis.java:watchForCommit(292)) - 3 way commit failed on pipeline Pipeline[ Id: 0f33da1e-07ee-42db-a084-c1ed4a7c2218, Nodes: 07cfe84e-4aa5-4a80-9b1f-bf1d9bb36805{ip: 192.168.151.66, host: pr-hdds-2175-t596l-953197546, networkLocation: /default-rack, certSerialId: null}566b540d-5d54-415e-ae29-de122253aae0{ip: 192.168.151.66, host: pr-hdds-2175-t596l-953197546, networkLocation: /default-rack, certSerialId: null}3fecd095-e7b2-43c8-8ba6-ce5e973e15fd{ip: 192.168.151.66, host: pr-hdds-2175-t596l-953197546, networkLocation: /default-rack, certSerialId: null}, Type:RATIS, Factor:THREE, State:OPEN]
java.util.concurrent.TimeoutException
	at java.util.concurrent.CompletableFuture.timedGet(CompletableFuture.java:1771)
	at java.util.concurrent.CompletableFuture.get(CompletableFuture.java:1915)
	at org.apache.hadoop.hdds.scm.XceiverClientRatis.watchForCommit(XceiverClientRatis.java:289)
	at org.apache.hadoop.hdds.scm.storage.CommitWatcher.watchForCommit(CommitWatcher.java:194)
	at org.apache.hadoop.hdds.scm.storage.CommitWatcher.watchOnLastIndex(CommitWatcher.java:157)
	at org.apache.hadoop.hdds.scm.storage.BlockOutputStream.watchForCommit(BlockOutputStream.java:347)
	at org.apache.hadoop.hdds.scm.storage.BlockOutputStream.handleFlush(BlockOutputStream.java:479)
	at org.apache.hadoop.hdds.scm.storage.BlockOutputStream.close(BlockOutputStream.java:493)
	at org.apache.hadoop.ozone.client.io.BlockOutputStreamEntry.close(BlockOutputStreamEntry.java:143)
	at org.apache.hadoop.ozone.client.io.KeyOutputStream.handleFlushOrClose(KeyOutputStream.java:435)
	at org.apache.hadoop.ozone.client.io.KeyOutputStream.close(KeyOutputStream.java:473)
	at org.apache.hadoop.ozone.client.io.OzoneOutputStream.close(OzoneOutputStream.java:60)
	at org.apache.hadoop.ozone.client.rpc.TestBlockOutputStreamWithFailures.testExceptionDuringClose(TestBlockOutputStreamWithFailures.java:754)
	at sun.reflect.NativeMethodAccessorImpl.invoke0(Native Method)
	at sun.reflect.NativeMethodAccessorImpl.invoke(NativeMethodAccessorImpl.java:62)
	at sun.reflect.DelegatingMethodAccessorImpl.invoke(DelegatingMethodAccessorImpl.java:43)
	at java.lang.reflect.Method.invoke(Method.java:498)
	at org.junit.runners.model.FrameworkMethod$1.runReflectiveCall(FrameworkMethod.java:47)
	at org.junit.internal.runners.model.ReflectiveCallable.run(ReflectiveCallable.java:12)
	at org.junit.runners.model.FrameworkMethod.invokeExplosively(FrameworkMethod.java:44)
	at org.junit.internal.runners.statements.InvokeMethod.evaluate(InvokeMethod.java:17)
	at org.junit.internal.runners.statements.RunBefores.evaluate(RunBefores.java:26)
	at org.junit.internal.runners.statements.RunAfters.evaluate(RunAfters.java:27)
	at org.junit.runners.ParentRunner.runLeaf(ParentRunner.java:271)
	at org.junit.runners.BlockJUnit4ClassRunner.runChild(BlockJUnit4ClassRunner.java:70)
	at org.junit.runners.BlockJUnit4ClassRunner.runChild(BlockJUnit4ClassRunner.java:50)
	at org.junit.runners.ParentRunner$3.run(ParentRunner.java:238)
	at org.junit.runners.ParentRunner$1.schedule(ParentRunner.java:63)
	at org.junit.runners.ParentRunner.runChildren(ParentRunner.java:236)
	at org.junit.runners.ParentRunner.access$000(ParentRunner.java:53)
	at org.junit.runners.ParentRunner$2.evaluate(ParentRunner.java:229)
	at org.junit.runners.ParentRunner.run(ParentRunner.java:309)
	at org.apache.maven.surefire.junit4.JUnit4Provider.execute(JUnit4Provider.java:365)
	at org.apache.maven.surefire.junit4.JUnit4Provider.executeWithRerun(JUnit4Provider.java:273)
	at org.apache.maven.surefire.junit4.JUnit4Provider.executeTestSet(JUnit4Provider.java:238)
	at org.apache.maven.surefire.junit4.JUnit4Provider.invoke(JUnit4Provider.java:159)
	at org.apache.maven.surefire.booter.ForkedBooter.invokeProviderInSameClassLoader(ForkedBooter.java:384)
	at org.apache.maven.surefire.booter.ForkedBooter.runSuitesInProcess(ForkedBooter.java:345)
	at org.apache.maven.surefire.booter.ForkedBooter.execute(ForkedBooter.java:126)
	at org.apache.maven.surefire.booter.ForkedBooter.main(ForkedBooter.java:418)
2019-09-25 12:49:50,203 [main] WARN  storage.CommitWatcher (CommitWatcher.java:watchForCommit(203)) - watchForCommit failed for index 4
java.util.concurrent.TimeoutException
	at java.util.concurrent.CompletableFuture.timedGet(CompletableFuture.java:1771)
	at java.util.concurrent.CompletableFuture.get(CompletableFuture.java:1915)
	at org.apache.hadoop.hdds.scm.XceiverClientRatis.watchForCommit(XceiverClientRatis.java:298)
	at org.apache.hadoop.hdds.scm.storage.CommitWatcher.watchForCommit(CommitWatcher.java:194)
	at org.apache.hadoop.hdds.scm.storage.CommitWatcher.watchOnLastIndex(CommitWatcher.java:157)
	at org.apache.hadoop.hdds.scm.storage.BlockOutputStream.watchForCommit(BlockOutputStream.java:347)
	at org.apache.hadoop.hdds.scm.storage.BlockOutputStream.handleFlush(BlockOutputStream.java:479)
	at org.apache.hadoop.hdds.scm.storage.BlockOutputStream.close(BlockOutputStream.java:493)
	at org.apache.hadoop.ozone.client.io.BlockOutputStreamEntry.close(BlockOutputStreamEntry.java:143)
	at org.apache.hadoop.ozone.client.io.KeyOutputStream.handleFlushOrClose(KeyOutputStream.java:435)
	at org.apache.hadoop.ozone.client.io.KeyOutputStream.close(KeyOutputStream.java:473)
	at org.apache.hadoop.ozone.client.io.OzoneOutputStream.close(OzoneOutputStream.java:60)
	at org.apache.hadoop.ozone.client.rpc.TestBlockOutputStreamWithFailures.testExceptionDuringClose(TestBlockOutputStreamWithFailures.java:754)
	at sun.reflect.NativeMethodAccessorImpl.invoke0(Native Method)
	at sun.reflect.NativeMethodAccessorImpl.invoke(NativeMethodAccessorImpl.java:62)
	at sun.reflect.DelegatingMethodAccessorImpl.invoke(DelegatingMethodAccessorImpl.java:43)
	at java.lang.reflect.Method.invoke(Method.java:498)
	at org.junit.runners.model.FrameworkMethod$1.runReflectiveCall(FrameworkMethod.java:47)
	at org.junit.internal.runners.model.ReflectiveCallable.run(ReflectiveCallable.java:12)
	at org.junit.runners.model.FrameworkMethod.invokeExplosively(FrameworkMethod.java:44)
	at org.junit.internal.runners.statements.InvokeMethod.evaluate(InvokeMethod.java:17)
	at org.junit.internal.runners.statements.RunBefores.evaluate(RunBefores.java:26)
	at org.junit.internal.runners.statements.RunAfters.evaluate(RunAfters.java:27)
	at org.junit.runners.ParentRunner.runLeaf(ParentRunner.java:271)
	at org.junit.runners.BlockJUnit4ClassRunner.runChild(BlockJUnit4ClassRunner.java:70)
	at org.junit.runners.BlockJUnit4ClassRunner.runChild(BlockJUnit4ClassRunner.java:50)
	at org.junit.runners.ParentRunner$3.run(ParentRunner.java:238)
	at org.junit.runners.ParentRunner$1.schedule(ParentRunner.java:63)
	at org.junit.runners.ParentRunner.runChildren(ParentRunner.java:236)
	at org.junit.runners.ParentRunner.access$000(ParentRunner.java:53)
	at org.junit.runners.ParentRunner$2.evaluate(ParentRunner.java:229)
	at org.junit.runners.ParentRunner.run(ParentRunner.java:309)
	at org.apache.maven.surefire.junit4.JUnit4Provider.execute(JUnit4Provider.java:365)
	at org.apache.maven.surefire.junit4.JUnit4Provider.executeWithRerun(JUnit4Provider.java:273)
	at org.apache.maven.surefire.junit4.JUnit4Provider.executeTestSet(JUnit4Provider.java:238)
	at org.apache.maven.surefire.junit4.JUnit4Provider.invoke(JUnit4Provider.java:159)
	at org.apache.maven.surefire.booter.ForkedBooter.invokeProviderInSameClassLoader(ForkedBooter.java:384)
	at org.apache.maven.surefire.booter.ForkedBooter.runSuitesInProcess(ForkedBooter.java:345)
	at org.apache.maven.surefire.booter.ForkedBooter.execute(ForkedBooter.java:126)
	at org.apache.maven.surefire.booter.ForkedBooter.main(ForkedBooter.java:418)
2019-09-25 12:49:50,205 [main] WARN  io.KeyOutputStream (KeyOutputStream.java:handleException(274)) - Encountered exception java.io.IOException: Unexpected Storage Container Exception: java.io.IOException: Unexpected Storage Container Exception: java.util.concurrent.TimeoutException on the pipeline Pipeline[ Id: 0f33da1e-07ee-42db-a084-c1ed4a7c2218, Nodes: 07cfe84e-4aa5-4a80-9b1f-bf1d9bb36805{ip: 192.168.151.66, host: pr-hdds-2175-t596l-953197546, networkLocation: /default-rack, certSerialId: null}566b540d-5d54-415e-ae29-de122253aae0{ip: 192.168.151.66, host: pr-hdds-2175-t596l-953197546, networkLocation: /default-rack, certSerialId: null}3fecd095-e7b2-43c8-8ba6-ce5e973e15fd{ip: 192.168.151.66, host: pr-hdds-2175-t596l-953197546, networkLocation: /default-rack, certSerialId: null}, Type:RATIS, Factor:THREE, State:OPEN]. The last committed block length is 0, uncommitted data length is 167 retry count 0
2019-09-25 12:49:50,486 [main] INFO  ozone.MiniOzoneClusterImpl (MiniOzoneClusterImpl.java:shutdown(314)) - Shutting down the Mini Ozone Cluster
2019-09-25 12:49:50,486 [main] INFO  ozone.MiniOzoneClusterImpl (MiniOzoneClusterImpl.java:stop(330)) - Stopping the Mini Ozone Cluster
2019-09-25 12:49:50,486 [main] INFO  ozone.MiniOzoneClusterImpl (MiniOzoneClusterImpl.java:stopOM(400)) - Stopping the OzoneManager
2019-09-25 12:49:50,486 [main] INFO  ipc.Server (Server.java:stop(3082)) - Stopping server on 41593
2019-09-25 12:49:50,504 [main] INFO  ratis.OzoneManagerDoubleBuffer (OzoneManagerDoubleBuffer.java:stop(248)) - Stopping OMDoubleBuffer flush thread
2019-09-25 12:49:50,510 [IPC Server Responder] INFO  ipc.Server (Server.java:run(1319)) - Stopping IPC Server Responder
2019-09-25 12:49:50,506 [IPC Server listener on 41593] INFO  ipc.Server (Server.java:run(1185)) - Stopping IPC Server listener on 41593
2019-09-25 12:49:50,523 [OMDoubleBufferFlushThread] INFO  ratis.OzoneManagerDoubleBuffer (OzoneManagerDoubleBuffer.java:flushTransactions(191)) - OMDoubleBuffer flush thread OMDoubleBufferFlushThread is interrupted and will exit. OMDoubleBufferFlushThread
2019-09-25 12:49:50,552 [main] INFO  utils.BackgroundService (BackgroundService.java:shutdown(148)) - Shutting down service KeyDeletingService
2019-09-25 12:49:50,554 [main] INFO  handler.ContextHandler (ContextHandler.java:doStop(910)) - Stopped o.e.j.w.WebAppContext@6f2d3391{/,null,UNAVAILABLE}{/ozoneManager}
2019-09-25 12:49:50,558 [main] INFO  server.AbstractConnector (AbstractConnector.java:doStop(318)) - Stopped ServerConnector@71b0289b{HTTP/1.1,[http/1.1]}{0.0.0.0:0}
2019-09-25 12:49:50,559 [main] INFO  handler.ContextHandler (ContextHandler.java:doStop(910)) - Stopped o.e.j.s.ServletContextHandler@521ba38f{/static,file:///workdir/hadoop-ozone/integration-test/target/test-classes/webapps/static,UNAVAILABLE}
2019-09-25 12:49:50,559 [main] INFO  handler.ContextHandler (ContextHandler.java:doStop(910)) - Stopped o.e.j.s.ServletContextHandler@77bb916f{/logs,file:///workdir/hadoop-ozone/integration-test/target/log,UNAVAILABLE}
2019-09-25 12:49:50,562 [main] INFO  ozone.MiniOzoneClusterImpl (MiniOzoneClusterImpl.java:stopDatanodes(377)) - Stopping the HddsDatanodes
2019-09-25 12:49:51,109 [Datanode State Machine Thread - 0] INFO  statemachine.DatanodeStateMachine (DatanodeStateMachine.java:lambda$startDaemon$0(350)) - Ozone container server started.
2019-09-25 12:49:51,367 [Datanode State Machine Thread - 0] INFO  statemachine.DatanodeStateMachine (DatanodeStateMachine.java:lambda$startDaemon$0(350)) - Ozone container server started.
2019-09-25 12:49:55,181 [EventQueue-StaleNodeForStaleNodeHandler] INFO  node.StaleNodeHandler (StaleNodeHandler.java:onMessage(58)) - Datanode 566b540d-5d54-415e-ae29-de122253aae0{ip: 192.168.151.66, host: pr-hdds-2175-t596l-953197546, networkLocation: /default-rack, certSerialId: null} moved to stale state. Finalizing its pipelines [PipelineID=f5374600-3791-4947-829d-38c9b1165af3, PipelineID=0f33da1e-07ee-42db-a084-c1ed4a7c2218]
2019-09-25 12:49:55,183 [EventQueue-StaleNodeForStaleNodeHandler] INFO  pipeline.SCMPipelineManager (SCMPipelineManager.java:finalizeAndDestroyPipeline(315)) - destroying pipeline:Pipeline[ Id: f5374600-3791-4947-829d-38c9b1165af3, Nodes: 566b540d-5d54-415e-ae29-de122253aae0{ip: 192.168.151.66, host: pr-hdds-2175-t596l-953197546, networkLocation: /default-rack, certSerialId: null}, Type:RATIS, Factor:ONE, State:OPEN]
2019-09-25 12:49:55,184 [EventQueue-StaleNodeForStaleNodeHandler] INFO  pipeline.PipelineStateManager (PipelineStateManager.java:finalizePipeline(123)) - Pipeline Pipeline[ Id: f5374600-3791-4947-829d-38c9b1165af3, Nodes: 566b540d-5d54-415e-ae29-de122253aae0{ip: 192.168.151.66, host: pr-hdds-2175-t596l-953197546, networkLocation: /default-rack, certSerialId: null}, Type:RATIS, Factor:ONE, State:CLOSED] moved to CLOSED state
2019-09-25 12:49:55,185 [EventQueue-StaleNodeForStaleNodeHandler] INFO  pipeline.SCMPipelineManager (SCMPipelineManager.java:finalizeAndDestroyPipeline(315)) - destroying pipeline:Pipeline[ Id: 0f33da1e-07ee-42db-a084-c1ed4a7c2218, Nodes: 07cfe84e-4aa5-4a80-9b1f-bf1d9bb36805{ip: 192.168.151.66, host: pr-hdds-2175-t596l-953197546, networkLocation: /default-rack, certSerialId: null}566b540d-5d54-415e-ae29-de122253aae0{ip: 192.168.151.66, host: pr-hdds-2175-t596l-953197546, networkLocation: /default-rack, certSerialId: null}3fecd095-e7b2-43c8-8ba6-ce5e973e15fd{ip: 192.168.151.66, host: pr-hdds-2175-t596l-953197546, networkLocation: /default-rack, certSerialId: null}, Type:RATIS, Factor:THREE, State:OPEN]
2019-09-25 12:49:55,185 [EventQueue-StaleNodeForStaleNodeHandler] INFO  pipeline.PipelineStateManager (PipelineStateManager.java:finalizePipeline(123)) - Pipeline Pipeline[ Id: 0f33da1e-07ee-42db-a084-c1ed4a7c2218, Nodes: 07cfe84e-4aa5-4a80-9b1f-bf1d9bb36805{ip: 192.168.151.66, host: pr-hdds-2175-t596l-953197546, networkLocation: /default-rack, certSerialId: null}566b540d-5d54-415e-ae29-de122253aae0{ip: 192.168.151.66, host: pr-hdds-2175-t596l-953197546, networkLocation: /default-rack, certSerialId: null}3fecd095-e7b2-43c8-8ba6-ce5e973e15fd{ip: 192.168.151.66, host: pr-hdds-2175-t596l-953197546, networkLocation: /default-rack, certSerialId: null}, Type:RATIS, Factor:THREE, State:CLOSED] moved to CLOSED state
2019-09-25 12:49:55,185 [EventQueue-CloseContainerForCloseContainerEventHandler] INFO  container.CloseContainerEventHandler (CloseContainerEventHandler.java:onMessage(61)) - Close container Event triggered for container : #2
2019-09-25 12:49:55,382 [EventQueue-StaleNodeForStaleNodeHandler] INFO  node.StaleNodeHandler (StaleNodeHandler.java:onMessage(58)) - Datanode fb0aa348-74e3-4f08-a5d8-e2c2e2c47515{ip: 192.168.151.66, host: pr-hdds-2175-t596l-953197546, networkLocation: /default-rack, certSerialId: null} moved to stale state. Finalizing its pipelines [PipelineID=9d56fd94-84cb-4620-851c-c458c0936096, PipelineID=4ce226b4-1b68-4737-b8dc-4d2ccad30cb0]
2019-09-25 12:49:55,390 [EventQueue-StaleNodeForStaleNodeHandler] INFO  pipeline.SCMPipelineManager (SCMPipelineManager.java:finalizeAndDestroyPipeline(315)) - destroying pipeline:Pipeline[ Id: 9d56fd94-84cb-4620-851c-c458c0936096, Nodes: f1b18da4-9b89-435e-8c23-42ae5ffcfa33{ip: 192.168.151.66, host: pr-hdds-2175-t596l-953197546, networkLocation: /default-rack, certSerialId: null}fb0aa348-74e3-4f08-a5d8-e2c2e2c47515{ip: 192.168.151.66, host: pr-hdds-2175-t596l-953197546, networkLocation: /default-rack, certSerialId: null}4d7f1931-da22-4277-8e70-be8e40e12960{ip: 192.168.151.66, host: pr-hdds-2175-t596l-953197546, networkLocation: /default-rack, certSerialId: null}, Type:RATIS, Factor:THREE, State:OPEN]
2019-09-25 12:49:55,391 [EventQueue-StaleNodeForStaleNodeHandler] INFO  pipeline.PipelineStateManager (PipelineStateManager.java:finalizePipeline(123)) - Pipeline Pipeline[ Id: 9d56fd94-84cb-4620-851c-c458c0936096, Nodes: f1b18da4-9b89-435e-8c23-42ae5ffcfa33{ip: 192.168.151.66, host: pr-hdds-2175-t596l-953197546, networkLocation: /default-rack, certSerialId: null}fb0aa348-74e3-4f08-a5d8-e2c2e2c47515{ip: 192.168.151.66, host: pr-hdds-2175-t596l-953197546, networkLocation: /default-rack, certSerialId: null}4d7f1931-da22-4277-8e70-be8e40e12960{ip: 192.168.151.66, host: pr-hdds-2175-t596l-953197546, networkLocation: /default-rack, certSerialId: null}, Type:RATIS, Factor:THREE, State:CLOSED] moved to CLOSED state
2019-09-25 12:49:55,391 [EventQueue-CloseContainerForCloseContainerEventHandler] INFO  container.CloseContainerEventHandler (CloseContainerEventHandler.java:onMessage(61)) - Close container Event triggered for container : #3
2019-09-25 12:49:55,394 [EventQueue-StaleNodeForStaleNodeHandler] INFO  pipeline.SCMPipelineManager (SCMPipelineManager.java:finalizeAndDestroyPipeline(315)) - destroying pipeline:Pipeline[ Id: 4ce226b4-1b68-4737-b8dc-4d2ccad30cb0, Nodes: fb0aa348-74e3-4f08-a5d8-e2c2e2c47515{ip: 192.168.151.66, host: pr-hdds-2175-t596l-953197546, networkLocation: /default-rack, certSerialId: null}, Type:RATIS, Factor:ONE, State:OPEN]
2019-09-25 12:49:55,397 [EventQueue-StaleNodeForStaleNodeHandler] INFO  pipeline.PipelineStateManager (PipelineStateManager.java:finalizePipeline(123)) - Pipeline Pipeline[ Id: 4ce226b4-1b68-4737-b8dc-4d2ccad30cb0, Nodes: fb0aa348-74e3-4f08-a5d8-e2c2e2c47515{ip: 192.168.151.66, host: pr-hdds-2175-t596l-953197546, networkLocation: /default-rack, certSerialId: null}, Type:RATIS, Factor:ONE, State:CLOSED] moved to CLOSED state
2019-09-25 12:49:55,564 [main] INFO  ozoneimpl.OzoneContainer (OzoneContainer.java:stop(231)) - Attempting to stop container services.
2019-09-25 12:49:55,564 [ForkJoinPool.commonPool-worker-1] INFO  ozoneimpl.OzoneContainer (OzoneContainer.java:stop(231)) - Attempting to stop container services.
2019-09-25 12:49:55,566 [main] INFO  impl.RaftServerProxy (RaftServerProxy.java:lambda$close$4(314)) - fb0aa348-74e3-4f08-a5d8-e2c2e2c47515: close
2019-09-25 12:49:55,566 [ForkJoinPool.commonPool-worker-1] INFO  impl.RaftServerProxy (RaftServerProxy.java:lambda$close$4(314)) - 566b540d-5d54-415e-ae29-de122253aae0: close
2019-09-25 12:49:55,567 [ForkJoinPool.commonPool-worker-1] INFO  impl.RaftServerImpl (RaftServerImpl.java:lambda$shutdown$3(251)) - 566b540d-5d54-415e-ae29-de122253aae0@group-38C9B1165AF3: shutdown
2019-09-25 12:49:55,567 [main] INFO  impl.RaftServerImpl (RaftServerImpl.java:lambda$shutdown$3(251)) - fb0aa348-74e3-4f08-a5d8-e2c2e2c47515@group-C458C0936096: shutdown
2019-09-25 12:49:55,567 [ForkJoinPool.commonPool-worker-1] INFO  util.JmxRegister (JmxRegister.java:unregister(73)) - Successfully un-registered JMX Bean with object name Ratis:service=RaftServer,group=group-38C9B1165AF3,id=566b540d-5d54-415e-ae29-de122253aae0
2019-09-25 12:49:55,568 [main] INFO  util.JmxRegister (JmxRegister.java:unregister(73)) - Successfully un-registered JMX Bean with object name Ratis:service=RaftServer,group=group-C458C0936096,id=fb0aa348-74e3-4f08-a5d8-e2c2e2c47515
2019-09-25 12:49:55,568 [ForkJoinPool.commonPool-worker-1] INFO  impl.RoleInfo (RoleInfo.java:shutdownLeaderState(104)) - 566b540d-5d54-415e-ae29-de122253aae0: shutdown LeaderState
2019-09-25 12:49:55,568 [main] INFO  impl.RoleInfo (RoleInfo.java:shutdownFollowerState(121)) - fb0aa348-74e3-4f08-a5d8-e2c2e2c47515: shutdown FollowerState
2019-09-25 12:49:55,569 [ForkJoinPool.commonPool-worker-1] INFO  impl.PendingRequests (PendingRequests.java:sendNotLeaderResponses(202)) - 566b540d-5d54-415e-ae29-de122253aae0-PendingRequests: sendNotLeaderResponses
2019-09-25 12:49:55,569 [Thread-4508] INFO  impl.FollowerState (FollowerState.java:run(115)) - fb0aa348-74e3-4f08-a5d8-e2c2e2c47515: FollowerState was interrupted: java.lang.InterruptedException: sleep interrupted
2019-09-25 12:49:55,569 [main] INFO  impl.StateMachineUpdater (StateMachineUpdater.java:stopAndJoin(125)) - fb0aa348-74e3-4f08-a5d8-e2c2e2c47515@group-C458C0936096-StateMachineUpdater: set stopIndex = 14
2019-09-25 12:49:55,575 [fb0aa348-74e3-4f08-a5d8-e2c2e2c47515@group-C458C0936096-StateMachineUpdater] INFO  ratis.ContainerStateMachine (ContainerStateMachine.java:takeSnapshot(289)) - group-C458C0936096: Taking a snapshot at:(t:1, i:12) file /workdir/hadoop-ozone/integration-test/target/test-dir/MiniOzoneClusterImpl-1154d014-32d6-4989-b40a-3009b5f24e17/datanode-4/data/ratis/9d56fd94-84cb-4620-851c-c458c0936096/sm/snapshot.1_12
2019-09-25 12:49:55,575 [ForkJoinPool.commonPool-worker-1] INFO  impl.StateMachineUpdater (StateMachineUpdater.java:stopAndJoin(125)) - 566b540d-5d54-415e-ae29-de122253aae0@group-38C9B1165AF3-StateMachineUpdater: set stopIndex = 0
2019-09-25 12:49:55,576 [ForkJoinPool.commonPool-worker-1] INFO  impl.RaftServerImpl (ServerState.java:close(385)) - 566b540d-5d54-415e-ae29-de122253aae0@group-38C9B1165AF3: closes. applyIndex: 0
2019-09-25 12:49:55,577 [566b540d-5d54-415e-ae29-de122253aae0@group-38C9B1165AF3-SegmentedRaftLogWorker] INFO  segmented.SegmentedRaftLogWorker (SegmentedRaftLogWorker.java:run(313)) - 566b540d-5d54-415e-ae29-de122253aae0@group-38C9B1165AF3-SegmentedRaftLogWorker was interrupted, exiting. There are 0 tasks remaining in the queue.
2019-09-25 12:49:55,580 [ForkJoinPool.commonPool-worker-1] INFO  segmented.SegmentedRaftLogWorker (SegmentedRaftLogWorker.java:close(228)) - 566b540d-5d54-415e-ae29-de122253aae0@group-38C9B1165AF3-SegmentedRaftLogWorker close()
2019-09-25 12:49:55,587 [ForkJoinPool.commonPool-worker-1] INFO  impl.RaftServerImpl (RaftServerImpl.java:lambda$shutdown$3(251)) - 566b540d-5d54-415e-ae29-de122253aae0@group-C1ED4A7C2218: shutdown
2019-09-25 12:49:55,587 [ForkJoinPool.commonPool-worker-1] INFO  util.JmxRegister (JmxRegister.java:unregister(73)) - Successfully un-registered JMX Bean with object name Ratis:service=RaftServer,group=group-C1ED4A7C2218,id=566b540d-5d54-415e-ae29-de122253aae0
2019-09-25 12:49:55,587 [ForkJoinPool.commonPool-worker-1] INFO  impl.RoleInfo (RoleInfo.java:shutdownLeaderState(104)) - 566b540d-5d54-415e-ae29-de122253aae0: shutdown LeaderState
2019-09-25 12:49:55,611 [ForkJoinPool.commonPool-worker-1] INFO  impl.PendingRequests (PendingRequests.java:sendNotLeaderResponses(202)) - 566b540d-5d54-415e-ae29-de122253aae0-PendingRequests: sendNotLeaderResponses
2019-09-25 12:49:55,612 [fb0aa348-74e3-4f08-a5d8-e2c2e2c47515@group-C458C0936096-StateMachineUpdater] INFO  ratis.ContainerStateMachine (ContainerStateMachine.java:takeSnapshot(300)) - group-C458C0936096: Finished taking a snapshot at:(t:1, i:12) file:/workdir/hadoop-ozone/integration-test/target/test-dir/MiniOzoneClusterImpl-1154d014-32d6-4989-b40a-3009b5f24e17/datanode-4/data/ratis/9d56fd94-84cb-4620-851c-c458c0936096/sm/snapshot.1_12 time:42
2019-09-25 12:49:55,612 [org.apache.ratis.server.impl.LogAppender$AppenderDaemon$$Lambda$487/1724053913@b1ecf90] WARN  server.GrpcLogAppender (GrpcLogAppender.java:mayWait(143)) - 566b540d-5d54-415e-ae29-de122253aae0@group-C1ED4A7C2218->07cfe84e-4aa5-4a80-9b1f-bf1d9bb36805-GrpcLogAppender: Wait interrupted by java.lang.InterruptedException
2019-09-25 12:49:55,612 [org.apache.ratis.server.impl.LogAppender$AppenderDaemon$$Lambda$487/1724053913@d827053] WARN  server.GrpcLogAppender (GrpcLogAppender.java:mayWait(143)) - 566b540d-5d54-415e-ae29-de122253aae0@group-C1ED4A7C2218->3fecd095-e7b2-43c8-8ba6-ce5e973e15fd-GrpcLogAppender: Wait interrupted by java.lang.InterruptedException
2019-09-25 12:49:55,617 [ForkJoinPool.commonPool-worker-1] INFO  impl.StateMachineUpdater (StateMachineUpdater.java:stopAndJoin(125)) - 566b540d-5d54-415e-ae29-de122253aae0@group-C1ED4A7C2218-StateMachineUpdater: set stopIndex = 6
2019-09-25 12:49:55,618 [566b540d-5d54-415e-ae29-de122253aae0@group-C1ED4A7C2218-StateMachineUpdater] INFO  ratis.ContainerStateMachine (ContainerStateMachine.java:takeSnapshot(289)) - group-C1ED4A7C2218: Taking a snapshot at:(t:2, i:6) file /workdir/hadoop-ozone/integration-test/target/test-dir/MiniOzoneClusterImpl-1154d014-32d6-4989-b40a-3009b5f24e17/datanode-1/data/ratis/0f33da1e-07ee-42db-a084-c1ed4a7c2218/sm/snapshot.2_6
2019-09-25 12:49:55,618 [fb0aa348-74e3-4f08-a5d8-e2c2e2c47515@group-C458C0936096-StateMachineUpdater] INFO  impl.StateMachineUpdater (StateMachineUpdater.java:takeSnapshot(258)) - fb0aa348-74e3-4f08-a5d8-e2c2e2c47515@group-C458C0936096-StateMachineUpdater: Took a snapshot at index 12
2019-09-25 12:49:55,618 [fb0aa348-74e3-4f08-a5d8-e2c2e2c47515@group-C458C0936096-StateMachineUpdater] INFO  impl.StateMachineUpdater (StateMachineUpdater.java:lambda$new$0(83)) - fb0aa348-74e3-4f08-a5d8-e2c2e2c47515@group-C458C0936096-StateMachineUpdater: snapshotIndex: updateIncreasingly -1 -> 12
2019-09-25 12:49:55,618 [grpc-default-executor-5] INFO  server.GrpcServerProtocolService (GrpcServerProtocolService.java:onCompleted(113)) - 3fecd095-e7b2-43c8-8ba6-ce5e973e15fd: Completed APPEND_ENTRIES, lastRequest: 566b540d-5d54-415e-ae29-de122253aae0->3fecd095-e7b2-43c8-8ba6-ce5e973e15fd#9-t2, previous=(t:2, i:6), leaderCommit=6, initializing? false, entries: <empty>
2019-09-25 12:49:55,619 [grpc-default-executor-1] INFO  server.GrpcServerProtocolService (GrpcServerProtocolService.java:onCompleted(113)) - 07cfe84e-4aa5-4a80-9b1f-bf1d9bb36805: Completed APPEND_ENTRIES, lastRequest: 566b540d-5d54-415e-ae29-de122253aae0->07cfe84e-4aa5-4a80-9b1f-bf1d9bb36805#9-t2, previous=(t:2, i:6), leaderCommit=6, initializing? false, entries: <empty>
2019-09-25 12:49:55,619 [fb0aa348-74e3-4f08-a5d8-e2c2e2c47515@group-C458C0936096-StateMachineUpdater] INFO  ratis.ContainerStateMachine (ContainerStateMachine.java:takeSnapshot(289)) - group-C458C0936096: Taking a snapshot at:(t:1, i:12) file /workdir/hadoop-ozone/integration-test/target/test-dir/MiniOzoneClusterImpl-1154d014-32d6-4989-b40a-3009b5f24e17/datanode-4/data/ratis/9d56fd94-84cb-4620-851c-c458c0936096/sm/snapshot.1_12
2019-09-25 12:49:55,619 [grpc-default-executor-5] INFO  server.GrpcLogAppender (GrpcLogAppender.java:onCompleted(293)) - 566b540d-5d54-415e-ae29-de122253aae0@group-C1ED4A7C2218->3fecd095-e7b2-43c8-8ba6-ce5e973e15fd-AppendLogResponseHandler: follower responses appendEntries COMPLETED
2019-09-25 12:49:55,619 [grpc-default-executor-1] INFO  server.GrpcLogAppender (GrpcLogAppender.java:onCompleted(293)) - 566b540d-5d54-415e-ae29-de122253aae0@group-C1ED4A7C2218->07cfe84e-4aa5-4a80-9b1f-bf1d9bb36805-AppendLogResponseHandler: follower responses appendEntries COMPLETED
2019-09-25 12:49:55,620 [grpc-default-executor-1] INFO  impl.FollowerInfo (FollowerInfo.java:lambda$new$0(51)) - 566b540d-5d54-415e-ae29-de122253aae0@group-C1ED4A7C2218->07cfe84e-4aa5-4a80-9b1f-bf1d9bb36805: nextIndex: updateUnconditionally 7 -> 6
2019-09-25 12:49:55,620 [grpc-default-executor-5] INFO  impl.FollowerInfo (FollowerInfo.java:lambda$new$0(51)) - 566b540d-5d54-415e-ae29-de122253aae0@group-C1ED4A7C2218->3fecd095-e7b2-43c8-8ba6-ce5e973e15fd: nextIndex: updateUnconditionally 7 -> 6
2019-09-25 12:49:55,631 [fb0aa348-74e3-4f08-a5d8-e2c2e2c47515@group-C458C0936096-StateMachineUpdater] INFO  ratis.ContainerStateMachine (ContainerStateMachine.java:takeSnapshot(300)) - group-C458C0936096: Finished taking a snapshot at:(t:1, i:12) file:/workdir/hadoop-ozone/integration-test/target/test-dir/MiniOzoneClusterImpl-1154d014-32d6-4989-b40a-3009b5f24e17/datanode-4/data/ratis/9d56fd94-84cb-4620-851c-c458c0936096/sm/snapshot.1_12 time:12
2019-09-25 12:49:55,631 [566b540d-5d54-415e-ae29-de122253aae0@group-C1ED4A7C2218-StateMachineUpdater] INFO  ratis.ContainerStateMachine (ContainerStateMachine.java:takeSnapshot(300)) - group-C1ED4A7C2218: Finished taking a snapshot at:(t:2, i:6) file:/workdir/hadoop-ozone/integration-test/target/test-dir/MiniOzoneClusterImpl-1154d014-32d6-4989-b40a-3009b5f24e17/datanode-1/data/ratis/0f33da1e-07ee-42db-a084-c1ed4a7c2218/sm/snapshot.2_6 time:14
2019-09-25 12:49:55,631 [fb0aa348-74e3-4f08-a5d8-e2c2e2c47515@group-C458C0936096-StateMachineUpdater] INFO  impl.StateMachineUpdater (StateMachineUpdater.java:takeSnapshot(258)) - fb0aa348-74e3-4f08-a5d8-e2c2e2c47515@group-C458C0936096-StateMachineUpdater: Took a snapshot at index 12
2019-09-25 12:49:55,632 [566b540d-5d54-415e-ae29-de122253aae0@group-C1ED4A7C2218-StateMachineUpdater] INFO  impl.StateMachineUpdater (StateMachineUpdater.java:takeSnapshot(258)) - 566b540d-5d54-415e-ae29-de122253aae0@group-C1ED4A7C2218-StateMachineUpdater: Took a snapshot at index 6
2019-09-25 12:49:55,632 [566b540d-5d54-415e-ae29-de122253aae0@group-C1ED4A7C2218-StateMachineUpdater] INFO  impl.StateMachineUpdater (StateMachineUpdater.java:lambda$new$0(83)) - 566b540d-5d54-415e-ae29-de122253aae0@group-C1ED4A7C2218-StateMachineUpdater: snapshotIndex: updateIncreasingly -1 -> 6
2019-09-25 12:49:55,632 [fb0aa348-74e3-4f08-a5d8-e2c2e2c47515@group-C458C0936096-StateMachineUpdater] INFO  impl.StateMachineUpdater (StateMachineUpdater.java:lambda$new$0(83)) - fb0aa348-74e3-4f08-a5d8-e2c2e2c47515@group-C458C0936096-StateMachineUpdater: snapshotIndex: updateIncreasingly 12 -> 12
2019-09-25 12:49:55,632 [ForkJoinPool.commonPool-worker-1] INFO  impl.RaftServerImpl (ServerState.java:close(385)) - 566b540d-5d54-415e-ae29-de122253aae0@group-C1ED4A7C2218: closes. applyIndex: 6
2019-09-25 12:49:55,632 [main] INFO  impl.RaftServerImpl (ServerState.java:close(385)) - fb0aa348-74e3-4f08-a5d8-e2c2e2c47515@group-C458C0936096: closes. applyIndex: 14
2019-09-25 12:49:55,633 [566b540d-5d54-415e-ae29-de122253aae0@group-C1ED4A7C2218-SegmentedRaftLogWorker] INFO  segmented.SegmentedRaftLogWorker (SegmentedRaftLogWorker.java:run(313)) - 566b540d-5d54-415e-ae29-de122253aae0@group-C1ED4A7C2218-SegmentedRaftLogWorker was interrupted, exiting. There are 0 tasks remaining in the queue.
2019-09-25 12:49:55,633 [fb0aa348-74e3-4f08-a5d8-e2c2e2c47515@group-C458C0936096-SegmentedRaftLogWorker] INFO  segmented.SegmentedRaftLogWorker (SegmentedRaftLogWorker.java:run(313)) - fb0aa348-74e3-4f08-a5d8-e2c2e2c47515@group-C458C0936096-SegmentedRaftLogWorker was interrupted, exiting. There are 0 tasks remaining in the queue.
2019-09-25 12:49:55,635 [ForkJoinPool.commonPool-worker-1] INFO  segmented.SegmentedRaftLogWorker (SegmentedRaftLogWorker.java:close(228)) - 566b540d-5d54-415e-ae29-de122253aae0@group-C1ED4A7C2218-SegmentedRaftLogWorker close()
2019-09-25 12:49:55,638 [main] INFO  segmented.SegmentedRaftLogWorker (SegmentedRaftLogWorker.java:close(228)) - fb0aa348-74e3-4f08-a5d8-e2c2e2c47515@group-C458C0936096-SegmentedRaftLogWorker close()
2019-09-25 12:49:55,642 [ForkJoinPool.commonPool-worker-1] INFO  server.GrpcService (GrpcService.java:closeImpl(164)) - 566b540d-5d54-415e-ae29-de122253aae0: shutdown server with port 33140 now
2019-09-25 12:49:55,647 [main] INFO  impl.RaftServerImpl (RaftServerImpl.java:lambda$shutdown$3(251)) - fb0aa348-74e3-4f08-a5d8-e2c2e2c47515@group-4D2CCAD30CB0: shutdown
2019-09-25 12:49:55,647 [main] INFO  util.JmxRegister (JmxRegister.java:unregister(73)) - Successfully un-registered JMX Bean with object name Ratis:service=RaftServer,group=group-4D2CCAD30CB0,id=fb0aa348-74e3-4f08-a5d8-e2c2e2c47515
2019-09-25 12:49:55,648 [grpc-default-executor-1] WARN  client.GrpcClientProtocolService (LogUtils.java:warn(134)) - 2-UnorderedRequestStreamObserver2: onError: org.apache.ratis.thirdparty.io.grpc.StatusRuntimeException: CANCELLED: cancelled before receiving half close
2019-09-25 12:49:55,648 [main] INFO  impl.RoleInfo (RoleInfo.java:shutdownLeaderState(104)) - fb0aa348-74e3-4f08-a5d8-e2c2e2c47515: shutdown LeaderState
2019-09-25 12:49:55,648 [ForkJoinPool.commonPool-worker-1] INFO  server.GrpcService (GrpcService.java:closeImpl(172)) - 566b540d-5d54-415e-ae29-de122253aae0: shutdown server with port 33140 successfully
2019-09-25 12:49:55,648 [main] INFO  impl.PendingRequests (PendingRequests.java:sendNotLeaderResponses(202)) - fb0aa348-74e3-4f08-a5d8-e2c2e2c47515-PendingRequests: sendNotLeaderResponses
2019-09-25 12:49:55,649 [main] INFO  impl.StateMachineUpdater (StateMachineUpdater.java:stopAndJoin(125)) - fb0aa348-74e3-4f08-a5d8-e2c2e2c47515@group-4D2CCAD30CB0-StateMachineUpdater: set stopIndex = 0
2019-09-25 12:49:55,649 [main] INFO  impl.RaftServerImpl (ServerState.java:close(385)) - fb0aa348-74e3-4f08-a5d8-e2c2e2c47515@group-4D2CCAD30CB0: closes. applyIndex: 0
2019-09-25 12:49:55,650 [fb0aa348-74e3-4f08-a5d8-e2c2e2c47515@group-4D2CCAD30CB0-SegmentedRaftLogWorker] INFO  segmented.SegmentedRaftLogWorker (SegmentedRaftLogWorker.java:run(313)) - fb0aa348-74e3-4f08-a5d8-e2c2e2c47515@group-4D2CCAD30CB0-SegmentedRaftLogWorker was interrupted, exiting. There are 0 tasks remaining in the queue.
2019-09-25 12:49:55,653 [main] INFO  segmented.SegmentedRaftLogWorker (SegmentedRaftLogWorker.java:close(228)) - fb0aa348-74e3-4f08-a5d8-e2c2e2c47515@group-4D2CCAD30CB0-SegmentedRaftLogWorker close()
2019-09-25 12:49:55,660 [main] INFO  server.GrpcService (GrpcService.java:closeImpl(164)) - fb0aa348-74e3-4f08-a5d8-e2c2e2c47515: shutdown server with port 41190 now
2019-09-25 12:49:55,661 [grpc-default-executor-5] WARN  server.GrpcServerProtocolService (LogUtils.java:warn(134)) - fb0aa348-74e3-4f08-a5d8-e2c2e2c47515: installSnapshot onError, lastRequest: 4d7f1931-da22-4277-8e70-be8e40e12960->fb0aa348-74e3-4f08-a5d8-e2c2e2c47515#19-t1, previous=(t:1, i:14), leaderCommit=14, initializing? false, entries: <empty>: org.apache.ratis.thirdparty.io.grpc.StatusRuntimeException: CANCELLED: cancelled before receiving half close
2019-09-25 12:49:55,661 [grpc-default-executor-1] WARN  server.GrpcLogAppender (LogUtils.java:warn(134)) - 4d7f1931-da22-4277-8e70-be8e40e12960@group-C458C0936096->fb0aa348-74e3-4f08-a5d8-e2c2e2c47515-AppendLogResponseHandler: Failed appendEntries: org.apache.ratis.thirdparty.io.grpc.StatusRuntimeException: CANCELLED: HTTP/2 error code: CANCEL
Received Rst Stream
2019-09-25 12:49:55,661 [main] INFO  server.GrpcService (GrpcService.java:closeImpl(172)) - fb0aa348-74e3-4f08-a5d8-e2c2e2c47515: shutdown server with port 41190 successfully
2019-09-25 12:49:55,661 [grpc-default-executor-1] INFO  impl.FollowerInfo (FollowerInfo.java:lambda$new$0(51)) - 4d7f1931-da22-4277-8e70-be8e40e12960@group-C458C0936096->fb0aa348-74e3-4f08-a5d8-e2c2e2c47515: nextIndex: updateUnconditionally 15 -> 14
2019-09-25 12:49:55,662 [refreshUsed-/workdir/hadoop-ozone/integration-test/target/test-dir/MiniOzoneClusterImpl-1154d014-32d6-4989-b40a-3009b5f24e17/datanode-1/data/containers] WARN  fs.CachingGetSpaceUsed (CachingGetSpaceUsed.java:run(183)) - Thread Interrupted waiting to refresh disk information: sleep interrupted
2019-09-25 12:49:55,669 [refreshUsed-/workdir/hadoop-ozone/integration-test/target/test-dir/MiniOzoneClusterImpl-1154d014-32d6-4989-b40a-3009b5f24e17/datanode-4/data/containers] WARN  fs.CachingGetSpaceUsed (CachingGetSpaceUsed.java:run(183)) - Thread Interrupted waiting to refresh disk information: sleep interrupted
2019-09-25 12:49:55,691 [ForkJoinPool.commonPool-worker-1] INFO  utils.BackgroundService (BackgroundService.java:shutdown(148)) - Shutting down service BlockDeletingService
2019-09-25 12:49:55,699 [ForkJoinPool.commonPool-worker-1] INFO  statemachine.DatanodeStateMachine (DatanodeStateMachine.java:stopDaemon(395)) - Ozone container server stopped.
2019-09-25 12:49:55,703 [main] INFO  utils.BackgroundService (BackgroundService.java:shutdown(148)) - Shutting down service BlockDeletingService
2019-09-25 12:49:55,708 [ForkJoinPool.commonPool-worker-1] INFO  handler.ContextHandler (ContextHandler.java:doStop(910)) - Stopped o.e.j.w.WebAppContext@4403bff8{/,null,UNAVAILABLE}{/hddsDatanode}
2019-09-25 12:49:55,710 [main] INFO  statemachine.DatanodeStateMachine (DatanodeStateMachine.java:stopDaemon(395)) - Ozone container server stopped.
2019-09-25 12:49:55,711 [ForkJoinPool.commonPool-worker-1] INFO  server.AbstractConnector (AbstractConnector.java:doStop(318)) - Stopped ServerConnector@261275ae{HTTP/1.1,[http/1.1]}{0.0.0.0:0}
2019-09-25 12:49:55,713 [main] INFO  handler.ContextHandler (ContextHandler.java:doStop(910)) - Stopped o.e.j.w.WebAppContext@1d55dd21{/,null,UNAVAILABLE}{/hddsDatanode}
2019-09-25 12:49:55,713 [ForkJoinPool.commonPool-worker-1] INFO  handler.ContextHandler (ContextHandler.java:doStop(910)) - Stopped o.e.j.s.ServletContextHandler@42ecc554{/static,jar:file:/home/user/.m2/repository/org/apache/hadoop/hadoop-hdds-container-service/0.5.0-SNAPSHOT/hadoop-hdds-container-service-0.5.0-SNAPSHOT.jar!/webapps/static,UNAVAILABLE}
2019-09-25 12:49:55,715 [ForkJoinPool.commonPool-worker-1] INFO  handler.ContextHandler (ContextHandler.java:doStop(910)) - Stopped o.e.j.s.ServletContextHandler@2913ca3e{/logs,file:///workdir/hadoop-ozone/integration-test/target/log,UNAVAILABLE}
2019-09-25 12:49:55,715 [main] INFO  server.AbstractConnector (AbstractConnector.java:doStop(318)) - Stopped ServerConnector@7d6c4079{HTTP/1.1,[http/1.1]}{0.0.0.0:0}
2019-09-25 12:49:55,716 [main] INFO  handler.ContextHandler (ContextHandler.java:doStop(910)) - Stopped o.e.j.s.ServletContextHandler@682266d8{/static,jar:file:/home/user/.m2/repository/org/apache/hadoop/hadoop-hdds-container-service/0.5.0-SNAPSHOT/hadoop-hdds-container-service-0.5.0-SNAPSHOT.jar!/webapps/static,UNAVAILABLE}
2019-09-25 12:49:55,716 [main] INFO  handler.ContextHandler (ContextHandler.java:doStop(910)) - Stopped o.e.j.s.ServletContextHandler@45707f76{/logs,file:///workdir/hadoop-ozone/integration-test/target/log,UNAVAILABLE}
2019-09-25 12:49:56,109 [Datanode State Machine Thread - 0] INFO  statemachine.DatanodeStateMachine (DatanodeStateMachine.java:lambda$startDaemon$0(350)) - Ozone container server started.
2019-09-25 12:49:56,350 [Datanode State Machine Thread - 0] INFO  statemachine.DatanodeStateMachine (DatanodeStateMachine.java:lambda$startDaemon$0(350)) - Ozone container server started.
2019-09-25 12:49:57,398 [grpc-default-executor-4] WARN  server.GrpcLogAppender (LogUtils.java:warn(134)) - 4d7f1931-da22-4277-8e70-be8e40e12960@group-C458C0936096->fb0aa348-74e3-4f08-a5d8-e2c2e2c47515-AppendLogResponseHandler: Failed appendEntries: org.apache.ratis.thirdparty.io.grpc.StatusRuntimeException: UNAVAILABLE: io exception
2019-09-25 12:49:57,398 [grpc-default-executor-4] INFO  impl.FollowerInfo (FollowerInfo.java:lambda$new$0(51)) - 4d7f1931-da22-4277-8e70-be8e40e12960@group-C458C0936096->fb0aa348-74e3-4f08-a5d8-e2c2e2c47515: nextIndex: updateUnconditionally 15 -> 14
2019-09-25 12:49:57,410 [grpc-default-executor-5] WARN  server.GrpcLogAppender (LogUtils.java:warn(134)) - 4d7f1931-da22-4277-8e70-be8e40e12960@group-C458C0936096->fb0aa348-74e3-4f08-a5d8-e2c2e2c47515-AppendLogResponseHandler: Failed appendEntries: org.apache.ratis.thirdparty.io.grpc.StatusRuntimeException: UNAVAILABLE: io exception
2019-09-25 12:49:57,410 [grpc-default-executor-5] INFO  impl.FollowerInfo (FollowerInfo.java:lambda$new$0(51)) - 4d7f1931-da22-4277-8e70-be8e40e12960@group-C458C0936096->fb0aa348-74e3-4f08-a5d8-e2c2e2c47515: nextIndex: updateUnconditionally 15 -> 14
2019-09-25 12:49:57,421 [RatisApplyTransactionExecutor 3] INFO  interfaces.Container (KeyValueContainer.java:flushAndSyncDB(386)) - Container 3 is synced with bcsId 12.
2019-09-25 12:49:57,422 [RatisApplyTransactionExecutor 3] INFO  interfaces.Container (KeyValueContainer.java:flushAndSyncDB(386)) - Container 3 is synced with bcsId 12.
2019-09-25 12:49:57,426 [grpc-default-executor-1] WARN  server.GrpcLogAppender (LogUtils.java:warn(134)) - 4d7f1931-da22-4277-8e70-be8e40e12960@group-C458C0936096->fb0aa348-74e3-4f08-a5d8-e2c2e2c47515-AppendLogResponseHandler: Failed appendEntries: org.apache.ratis.thirdparty.io.grpc.StatusRuntimeException: UNAVAILABLE: io exception
2019-09-25 12:49:57,427 [grpc-default-executor-1] INFO  impl.FollowerInfo (FollowerInfo.java:lambda$new$0(51)) - 4d7f1931-da22-4277-8e70-be8e40e12960@group-C458C0936096->fb0aa348-74e3-4f08-a5d8-e2c2e2c47515: nextIndex: updateUnconditionally 15 -> 14
2019-09-25 12:49:57,436 [RatisApplyTransactionExecutor 3] INFO  interfaces.Container (KeyValueContainer.java:close(335)) - Container 3 is closed with bcsId 12.
2019-09-25 12:49:57,437 [EventQueue-IncrementalContainerReportForIncrementalContainerReportHandler] INFO  container.IncrementalContainerReportHandler (AbstractContainerReportHandler.java:updateContainerState(176)) - Moving container #3 to CLOSED state, datanode 4d7f1931-da22-4277-8e70-be8e40e12960{ip: 192.168.151.66, host: pr-hdds-2175-t596l-953197546, networkLocation: /default-rack, certSerialId: null} reported CLOSED replica.
2019-09-25 12:49:57,514 [RatisApplyTransactionExecutor 3] INFO  interfaces.Container (KeyValueContainer.java:flushAndSyncDB(386)) - Container 3 is synced with bcsId 12.
2019-09-25 12:49:57,514 [RatisApplyTransactionExecutor 3] INFO  interfaces.Container (KeyValueContainer.java:flushAndSyncDB(386)) - Container 3 is synced with bcsId 12.
2019-09-25 12:49:57,537 [RatisApplyTransactionExecutor 3] INFO  interfaces.Container (KeyValueContainer.java:close(335)) - Container 3 is closed with bcsId 12.
2019-09-25 12:49:59,933 [grpc-default-executor-4] WARN  server.GrpcLogAppender (LogUtils.java:warn(134)) - 4d7f1931-da22-4277-8e70-be8e40e12960@group-C458C0936096->fb0aa348-74e3-4f08-a5d8-e2c2e2c47515-AppendLogResponseHandler: Failed appendEntries: org.apache.ratis.thirdparty.io.grpc.StatusRuntimeException: UNAVAILABLE: io exception
2019-09-25 12:49:59,934 [grpc-default-executor-4] INFO  impl.FollowerInfo (FollowerInfo.java:lambda$new$0(51)) - 4d7f1931-da22-4277-8e70-be8e40e12960@group-C458C0936096->fb0aa348-74e3-4f08-a5d8-e2c2e2c47515: nextIndex: updateUnconditionally 14 -> 13
2019-09-25 12:50:00,190 [EventQueue-StaleNodeForStaleNodeHandler] INFO  node.StaleNodeHandler (StaleNodeHandler.java:onMessage(58)) - Datanode 3fecd095-e7b2-43c8-8ba6-ce5e973e15fd{ip: 192.168.151.66, host: pr-hdds-2175-t596l-953197546, networkLocation: /default-rack, certSerialId: null} moved to stale state. Finalizing its pipelines [PipelineID=0f33da1e-07ee-42db-a084-c1ed4a7c2218, PipelineID=23f01859-61e0-4b2c-8ab3-6927a9f8d255]
2019-09-25 12:50:00,190 [EventQueue-StaleNodeForStaleNodeHandler] INFO  pipeline.SCMPipelineManager (SCMPipelineManager.java:finalizeAndDestroyPipeline(315)) - destroying pipeline:Pipeline[ Id: 0f33da1e-07ee-42db-a084-c1ed4a7c2218, Nodes: 07cfe84e-4aa5-4a80-9b1f-bf1d9bb36805{ip: 192.168.151.66, host: pr-hdds-2175-t596l-953197546, networkLocation: /default-rack, certSerialId: null}566b540d-5d54-415e-ae29-de122253aae0{ip: 192.168.151.66, host: pr-hdds-2175-t596l-953197546, networkLocation: /default-rack, certSerialId: null}3fecd095-e7b2-43c8-8ba6-ce5e973e15fd{ip: 192.168.151.66, host: pr-hdds-2175-t596l-953197546, networkLocation: /default-rack, certSerialId: null}, Type:RATIS, Factor:THREE, State:CLOSED]
2019-09-25 12:50:00,190 [EventQueue-StaleNodeForStaleNodeHandler] INFO  pipeline.SCMPipelineManager (SCMPipelineManager.java:finalizeAndDestroyPipeline(315)) - destroying pipeline:Pipeline[ Id: 23f01859-61e0-4b2c-8ab3-6927a9f8d255, Nodes: 3fecd095-e7b2-43c8-8ba6-ce5e973e15fd{ip: 192.168.151.66, host: pr-hdds-2175-t596l-953197546, networkLocation: /default-rack, certSerialId: null}, Type:RATIS, Factor:ONE, State:OPEN]
2019-09-25 12:50:00,190 [EventQueue-StaleNodeForStaleNodeHandler] INFO  pipeline.PipelineStateManager (PipelineStateManager.java:finalizePipeline(123)) - Pipeline Pipeline[ Id: 23f01859-61e0-4b2c-8ab3-6927a9f8d255, Nodes: 3fecd095-e7b2-43c8-8ba6-ce5e973e15fd{ip: 192.168.151.66, host: pr-hdds-2175-t596l-953197546, networkLocation: /default-rack, certSerialId: null}, Type:RATIS, Factor:ONE, State:CLOSED] moved to CLOSED state
2019-09-25 12:50:00,390 [EventQueue-StaleNodeForStaleNodeHandler] INFO  node.StaleNodeHandler (StaleNodeHandler.java:onMessage(58)) - Datanode f1b18da4-9b89-435e-8c23-42ae5ffcfa33{ip: 192.168.151.66, host: pr-hdds-2175-t596l-953197546, networkLocation: /default-rack, certSerialId: null} moved to stale state. Finalizing its pipelines [PipelineID=a555cf8e-11fd-485e-b6ed-ef9fc736ba9f, PipelineID=9d56fd94-84cb-4620-851c-c458c0936096]
2019-09-25 12:50:00,390 [EventQueue-StaleNodeForStaleNodeHandler] INFO  pipeline.SCMPipelineManager (SCMPipelineManager.java:finalizeAndDestroyPipeline(315)) - destroying pipeline:Pipeline[ Id: a555cf8e-11fd-485e-b6ed-ef9fc736ba9f, Nodes: f1b18da4-9b89-435e-8c23-42ae5ffcfa33{ip: 192.168.151.66, host: pr-hdds-2175-t596l-953197546, networkLocation: /default-rack, certSerialId: null}, Type:RATIS, Factor:ONE, State:OPEN]
2019-09-25 12:50:00,390 [EventQueue-StaleNodeForStaleNodeHandler] INFO  pipeline.PipelineStateManager (PipelineStateManager.java:finalizePipeline(123)) - Pipeline Pipeline[ Id: a555cf8e-11fd-485e-b6ed-ef9fc736ba9f, Nodes: f1b18da4-9b89-435e-8c23-42ae5ffcfa33{ip: 192.168.151.66, host: pr-hdds-2175-t596l-953197546, networkLocation: /default-rack, certSerialId: null}, Type:RATIS, Factor:ONE, State:CLOSED] moved to CLOSED state
2019-09-25 12:50:00,390 [EventQueue-StaleNodeForStaleNodeHandler] INFO  pipeline.SCMPipelineManager (SCMPipelineManager.java:finalizeAndDestroyPipeline(315)) - destroying pipeline:Pipeline[ Id: 9d56fd94-84cb-4620-851c-c458c0936096, Nodes: f1b18da4-9b89-435e-8c23-42ae5ffcfa33{ip: 192.168.151.66, host: pr-hdds-2175-t596l-953197546, networkLocation: /default-rack, certSerialId: null}fb0aa348-74e3-4f08-a5d8-e2c2e2c47515{ip: 192.168.151.66, host: pr-hdds-2175-t596l-953197546, networkLocation: /default-rack, certSerialId: null}4d7f1931-da22-4277-8e70-be8e40e12960{ip: 192.168.151.66, host: pr-hdds-2175-t596l-953197546, networkLocation: /default-rack, certSerialId: null}, Type:RATIS, Factor:THREE, State:CLOSED]
2019-09-25 12:50:00,719 [main] INFO  ozoneimpl.OzoneContainer (OzoneContainer.java:stop(231)) - Attempting to stop container services.
2019-09-25 12:50:00,719 [ForkJoinPool.commonPool-worker-1] INFO  ozoneimpl.OzoneContainer (OzoneContainer.java:stop(231)) - Attempting to stop container services.
2019-09-25 12:50:00,729 [main] INFO  impl.RaftServerProxy (RaftServerProxy.java:lambda$close$4(314)) - 3fecd095-e7b2-43c8-8ba6-ce5e973e15fd: close
2019-09-25 12:50:00,729 [ForkJoinPool.commonPool-worker-1] INFO  impl.RaftServerProxy (RaftServerProxy.java:lambda$close$4(314)) - f1b18da4-9b89-435e-8c23-42ae5ffcfa33: close
2019-09-25 12:50:00,730 [main] INFO  impl.RaftServerImpl (RaftServerImpl.java:lambda$shutdown$3(251)) - 3fecd095-e7b2-43c8-8ba6-ce5e973e15fd@group-C1ED4A7C2218: shutdown
2019-09-25 12:50:00,730 [ForkJoinPool.commonPool-worker-1] INFO  impl.RaftServerImpl (RaftServerImpl.java:lambda$shutdown$3(251)) - f1b18da4-9b89-435e-8c23-42ae5ffcfa33@group-EF9FC736BA9F: shutdown
2019-09-25 12:50:00,730 [main] INFO  util.JmxRegister (JmxRegister.java:unregister(73)) - Successfully un-registered JMX Bean with object name Ratis:service=RaftServer,group=group-C1ED4A7C2218,id=3fecd095-e7b2-43c8-8ba6-ce5e973e15fd
2019-09-25 12:50:00,730 [ForkJoinPool.commonPool-worker-1] INFO  util.JmxRegister (JmxRegister.java:unregister(73)) - Successfully un-registered JMX Bean with object name Ratis:service=RaftServer,group=group-EF9FC736BA9F,id=f1b18da4-9b89-435e-8c23-42ae5ffcfa33
2019-09-25 12:50:00,731 [main] INFO  impl.RoleInfo (RoleInfo.java:shutdownFollowerState(121)) - 3fecd095-e7b2-43c8-8ba6-ce5e973e15fd: shutdown FollowerState
2019-09-25 12:50:00,731 [ForkJoinPool.commonPool-worker-1] INFO  impl.RoleInfo (RoleInfo.java:shutdownLeaderState(104)) - f1b18da4-9b89-435e-8c23-42ae5ffcfa33: shutdown LeaderState
2019-09-25 12:50:00,731 [Thread-4579] INFO  impl.FollowerState (FollowerState.java:run(115)) - 3fecd095-e7b2-43c8-8ba6-ce5e973e15fd: FollowerState was interrupted: java.lang.InterruptedException: sleep interrupted
2019-09-25 12:50:00,731 [main] INFO  impl.StateMachineUpdater (StateMachineUpdater.java:stopAndJoin(125)) - 3fecd095-e7b2-43c8-8ba6-ce5e973e15fd@group-C1ED4A7C2218-StateMachineUpdater: set stopIndex = 6
2019-09-25 12:50:00,734 [3fecd095-e7b2-43c8-8ba6-ce5e973e15fd@group-C1ED4A7C2218-StateMachineUpdater] INFO  ratis.ContainerStateMachine (ContainerStateMachine.java:takeSnapshot(289)) - group-C1ED4A7C2218: Taking a snapshot at:(t:2, i:6) file /workdir/hadoop-ozone/integration-test/target/test-dir/MiniOzoneClusterImpl-1154d014-32d6-4989-b40a-3009b5f24e17/datanode-3/data/ratis/0f33da1e-07ee-42db-a084-c1ed4a7c2218/sm/snapshot.2_6
2019-09-25 12:50:00,735 [ForkJoinPool.commonPool-worker-1] INFO  impl.PendingRequests (PendingRequests.java:sendNotLeaderResponses(202)) - f1b18da4-9b89-435e-8c23-42ae5ffcfa33-PendingRequests: sendNotLeaderResponses
2019-09-25 12:50:00,736 [ForkJoinPool.commonPool-worker-1] INFO  impl.StateMachineUpdater (StateMachineUpdater.java:stopAndJoin(125)) - f1b18da4-9b89-435e-8c23-42ae5ffcfa33@group-EF9FC736BA9F-StateMachineUpdater: set stopIndex = 0
2019-09-25 12:50:00,737 [ForkJoinPool.commonPool-worker-1] INFO  impl.RaftServerImpl (ServerState.java:close(385)) - f1b18da4-9b89-435e-8c23-42ae5ffcfa33@group-EF9FC736BA9F: closes. applyIndex: 0
2019-09-25 12:50:00,738 [f1b18da4-9b89-435e-8c23-42ae5ffcfa33@group-EF9FC736BA9F-SegmentedRaftLogWorker] INFO  segmented.SegmentedRaftLogWorker (SegmentedRaftLogWorker.java:run(313)) - f1b18da4-9b89-435e-8c23-42ae5ffcfa33@group-EF9FC736BA9F-SegmentedRaftLogWorker was interrupted, exiting. There are 0 tasks remaining in the queue.
2019-09-25 12:50:00,741 [ForkJoinPool.commonPool-worker-1] INFO  segmented.SegmentedRaftLogWorker (SegmentedRaftLogWorker.java:close(228)) - f1b18da4-9b89-435e-8c23-42ae5ffcfa33@group-EF9FC736BA9F-SegmentedRaftLogWorker close()
2019-09-25 12:50:00,746 [ForkJoinPool.commonPool-worker-1] INFO  impl.RaftServerImpl (RaftServerImpl.java:lambda$shutdown$3(251)) - f1b18da4-9b89-435e-8c23-42ae5ffcfa33@group-C458C0936096: shutdown
2019-09-25 12:50:00,746 [ForkJoinPool.commonPool-worker-1] INFO  util.JmxRegister (JmxRegister.java:unregister(73)) - Successfully un-registered JMX Bean with object name Ratis:service=RaftServer,group=group-C458C0936096,id=f1b18da4-9b89-435e-8c23-42ae5ffcfa33
2019-09-25 12:50:00,746 [ForkJoinPool.commonPool-worker-1] INFO  impl.RoleInfo (RoleInfo.java:shutdownFollowerState(121)) - f1b18da4-9b89-435e-8c23-42ae5ffcfa33: shutdown FollowerState
2019-09-25 12:50:00,746 [ForkJoinPool.commonPool-worker-1] INFO  impl.StateMachineUpdater (StateMachineUpdater.java:stopAndJoin(125)) - f1b18da4-9b89-435e-8c23-42ae5ffcfa33@group-C458C0936096-StateMachineUpdater: set stopIndex = 16
2019-09-25 12:50:00,747 [f1b18da4-9b89-435e-8c23-42ae5ffcfa33@group-C458C0936096-StateMachineUpdater] INFO  ratis.ContainerStateMachine (ContainerStateMachine.java:takeSnapshot(289)) - group-C458C0936096: Taking a snapshot at:(t:1, i:15) file /workdir/hadoop-ozone/integration-test/target/test-dir/MiniOzoneClusterImpl-1154d014-32d6-4989-b40a-3009b5f24e17/datanode-2/data/ratis/9d56fd94-84cb-4620-851c-c458c0936096/sm/snapshot.1_15
2019-09-25 12:50:00,747 [Thread-4509] INFO  impl.FollowerState (FollowerState.java:run(115)) - f1b18da4-9b89-435e-8c23-42ae5ffcfa33: FollowerState was interrupted: java.lang.InterruptedException: sleep interrupted
2019-09-25 12:50:00,760 [3fecd095-e7b2-43c8-8ba6-ce5e973e15fd@group-C1ED4A7C2218-StateMachineUpdater] INFO  ratis.ContainerStateMachine (ContainerStateMachine.java:takeSnapshot(300)) - group-C1ED4A7C2218: Finished taking a snapshot at:(t:2, i:6) file:/workdir/hadoop-ozone/integration-test/target/test-dir/MiniOzoneClusterImpl-1154d014-32d6-4989-b40a-3009b5f24e17/datanode-3/data/ratis/0f33da1e-07ee-42db-a084-c1ed4a7c2218/sm/snapshot.2_6 time:29
2019-09-25 12:50:00,761 [3fecd095-e7b2-43c8-8ba6-ce5e973e15fd@group-C1ED4A7C2218-StateMachineUpdater] INFO  impl.StateMachineUpdater (StateMachineUpdater.java:takeSnapshot(258)) - 3fecd095-e7b2-43c8-8ba6-ce5e973e15fd@group-C1ED4A7C2218-StateMachineUpdater: Took a snapshot at index 6
2019-09-25 12:50:00,761 [3fecd095-e7b2-43c8-8ba6-ce5e973e15fd@group-C1ED4A7C2218-StateMachineUpdater] INFO  impl.StateMachineUpdater (StateMachineUpdater.java:lambda$new$0(83)) - 3fecd095-e7b2-43c8-8ba6-ce5e973e15fd@group-C1ED4A7C2218-StateMachineUpdater: snapshotIndex: updateIncreasingly -1 -> 6
2019-09-25 12:50:00,763 [main] INFO  impl.RaftServerImpl (ServerState.java:close(385)) - 3fecd095-e7b2-43c8-8ba6-ce5e973e15fd@group-C1ED4A7C2218: closes. applyIndex: 6
2019-09-25 12:50:00,763 [3fecd095-e7b2-43c8-8ba6-ce5e973e15fd@group-C1ED4A7C2218-SegmentedRaftLogWorker] INFO  segmented.SegmentedRaftLogWorker (SegmentedRaftLogWorker.java:run(313)) - 3fecd095-e7b2-43c8-8ba6-ce5e973e15fd@group-C1ED4A7C2218-SegmentedRaftLogWorker was interrupted, exiting. There are 0 tasks remaining in the queue.
2019-09-25 12:50:00,766 [main] INFO  segmented.SegmentedRaftLogWorker (SegmentedRaftLogWorker.java:close(228)) - 3fecd095-e7b2-43c8-8ba6-ce5e973e15fd@group-C1ED4A7C2218-SegmentedRaftLogWorker close()
2019-09-25 12:50:00,770 [main] INFO  impl.RaftServerImpl (RaftServerImpl.java:lambda$shutdown$3(251)) - 3fecd095-e7b2-43c8-8ba6-ce5e973e15fd@group-6927A9F8D255: shutdown
2019-09-25 12:50:00,770 [main] INFO  util.JmxRegister (JmxRegister.java:unregister(73)) - Successfully un-registered JMX Bean with object name Ratis:service=RaftServer,group=group-6927A9F8D255,id=3fecd095-e7b2-43c8-8ba6-ce5e973e15fd
2019-09-25 12:50:00,771 [main] INFO  impl.RoleInfo (RoleInfo.java:shutdownLeaderState(104)) - 3fecd095-e7b2-43c8-8ba6-ce5e973e15fd: shutdown LeaderState
2019-09-25 12:50:00,771 [main] INFO  impl.PendingRequests (PendingRequests.java:sendNotLeaderResponses(202)) - 3fecd095-e7b2-43c8-8ba6-ce5e973e15fd-PendingRequests: sendNotLeaderResponses
2019-09-25 12:50:00,772 [main] INFO  impl.StateMachineUpdater (StateMachineUpdater.java:stopAndJoin(125)) - 3fecd095-e7b2-43c8-8ba6-ce5e973e15fd@group-6927A9F8D255-StateMachineUpdater: set stopIndex = 0
2019-09-25 12:50:00,772 [main] INFO  impl.RaftServerImpl (ServerState.java:close(385)) - 3fecd095-e7b2-43c8-8ba6-ce5e973e15fd@group-6927A9F8D255: closes. applyIndex: 0
2019-09-25 12:50:00,772 [3fecd095-e7b2-43c8-8ba6-ce5e973e15fd@group-6927A9F8D255-SegmentedRaftLogWorker] INFO  segmented.SegmentedRaftLogWorker (SegmentedRaftLogWorker.java:run(313)) - 3fecd095-e7b2-43c8-8ba6-ce5e973e15fd@group-6927A9F8D255-SegmentedRaftLogWorker was interrupted, exiting. There are 0 tasks remaining in the queue.
2019-09-25 12:50:00,782 [main] INFO  segmented.SegmentedRaftLogWorker (SegmentedRaftLogWorker.java:close(228)) - 3fecd095-e7b2-43c8-8ba6-ce5e973e15fd@group-6927A9F8D255-SegmentedRaftLogWorker close()
2019-09-25 12:50:00,799 [f1b18da4-9b89-435e-8c23-42ae5ffcfa33@group-C458C0936096-StateMachineUpdater] INFO  ratis.ContainerStateMachine (ContainerStateMachine.java:takeSnapshot(300)) - group-C458C0936096: Finished taking a snapshot at:(t:1, i:15) file:/workdir/hadoop-ozone/integration-test/target/test-dir/MiniOzoneClusterImpl-1154d014-32d6-4989-b40a-3009b5f24e17/datanode-2/data/ratis/9d56fd94-84cb-4620-851c-c458c0936096/sm/snapshot.1_15 time:53
2019-09-25 12:50:00,800 [main] INFO  server.GrpcService (GrpcService.java:closeImpl(164)) - 3fecd095-e7b2-43c8-8ba6-ce5e973e15fd: shutdown server with port 45741 now
2019-09-25 12:50:00,800 [f1b18da4-9b89-435e-8c23-42ae5ffcfa33@group-C458C0936096-StateMachineUpdater] INFO  impl.StateMachineUpdater (StateMachineUpdater.java:takeSnapshot(258)) - f1b18da4-9b89-435e-8c23-42ae5ffcfa33@group-C458C0936096-StateMachineUpdater: Took a snapshot at index 15
2019-09-25 12:50:00,800 [f1b18da4-9b89-435e-8c23-42ae5ffcfa33@group-C458C0936096-StateMachineUpdater] INFO  impl.StateMachineUpdater (StateMachineUpdater.java:lambda$new$0(83)) - f1b18da4-9b89-435e-8c23-42ae5ffcfa33@group-C458C0936096-StateMachineUpdater: snapshotIndex: updateIncreasingly -1 -> 15
2019-09-25 12:50:00,800 [f1b18da4-9b89-435e-8c23-42ae5ffcfa33@group-C458C0936096-StateMachineUpdater] INFO  ratis.ContainerStateMachine (ContainerStateMachine.java:takeSnapshot(289)) - group-C458C0936096: Taking a snapshot at:(t:1, i:15) file /workdir/hadoop-ozone/integration-test/target/test-dir/MiniOzoneClusterImpl-1154d014-32d6-4989-b40a-3009b5f24e17/datanode-2/data/ratis/9d56fd94-84cb-4620-851c-c458c0936096/sm/snapshot.1_15
2019-09-25 12:50:00,801 [main] INFO  server.GrpcService (GrpcService.java:closeImpl(172)) - 3fecd095-e7b2-43c8-8ba6-ce5e973e15fd: shutdown server with port 45741 successfully
2019-09-25 12:50:00,808 [refreshUsed-/workdir/hadoop-ozone/integration-test/target/test-dir/MiniOzoneClusterImpl-1154d014-32d6-4989-b40a-3009b5f24e17/datanode-3/data/containers] WARN  fs.CachingGetSpaceUsed (CachingGetSpaceUsed.java:run(183)) - Thread Interrupted waiting to refresh disk information: sleep interrupted
2019-09-25 12:50:00,824 [f1b18da4-9b89-435e-8c23-42ae5ffcfa33@group-C458C0936096-StateMachineUpdater] INFO  ratis.ContainerStateMachine (ContainerStateMachine.java:takeSnapshot(300)) - group-C458C0936096: Finished taking a snapshot at:(t:1, i:15) file:/workdir/hadoop-ozone/integration-test/target/test-dir/MiniOzoneClusterImpl-1154d014-32d6-4989-b40a-3009b5f24e17/datanode-2/data/ratis/9d56fd94-84cb-4620-851c-c458c0936096/sm/snapshot.1_15 time:24
2019-09-25 12:50:00,824 [f1b18da4-9b89-435e-8c23-42ae5ffcfa33@group-C458C0936096-StateMachineUpdater] INFO  impl.StateMachineUpdater (StateMachineUpdater.java:takeSnapshot(258)) - f1b18da4-9b89-435e-8c23-42ae5ffcfa33@group-C458C0936096-StateMachineUpdater: Took a snapshot at index 15
2019-09-25 12:50:00,824 [f1b18da4-9b89-435e-8c23-42ae5ffcfa33@group-C458C0936096-StateMachineUpdater] INFO  impl.StateMachineUpdater (StateMachineUpdater.java:lambda$new$0(83)) - f1b18da4-9b89-435e-8c23-42ae5ffcfa33@group-C458C0936096-StateMachineUpdater: snapshotIndex: updateIncreasingly 15 -> 15
2019-09-25 12:50:00,825 [ForkJoinPool.commonPool-worker-1] INFO  impl.RaftServerImpl (ServerState.java:close(385)) - f1b18da4-9b89-435e-8c23-42ae5ffcfa33@group-C458C0936096: closes. applyIndex: 16
2019-09-25 12:50:00,825 [f1b18da4-9b89-435e-8c23-42ae5ffcfa33@group-C458C0936096-SegmentedRaftLogWorker] INFO  segmented.SegmentedRaftLogWorker (SegmentedRaftLogWorker.java:run(313)) - f1b18da4-9b89-435e-8c23-42ae5ffcfa33@group-C458C0936096-SegmentedRaftLogWorker was interrupted, exiting. There are 0 tasks remaining in the queue.
2019-09-25 12:50:00,827 [ForkJoinPool.commonPool-worker-1] INFO  segmented.SegmentedRaftLogWorker (SegmentedRaftLogWorker.java:close(228)) - f1b18da4-9b89-435e-8c23-42ae5ffcfa33@group-C458C0936096-SegmentedRaftLogWorker close()
2019-09-25 12:50:00,830 [ForkJoinPool.commonPool-worker-1] INFO  server.GrpcService (GrpcService.java:closeImpl(164)) - f1b18da4-9b89-435e-8c23-42ae5ffcfa33: shutdown server with port 36563 now
2019-09-25 12:50:00,831 [ForkJoinPool.commonPool-worker-1] INFO  server.GrpcService (GrpcService.java:closeImpl(172)) - f1b18da4-9b89-435e-8c23-42ae5ffcfa33: shutdown server with port 36563 successfully
2019-09-25 12:50:00,831 [grpc-default-executor-5] WARN  server.GrpcServerProtocolService (LogUtils.java:warn(134)) - f1b18da4-9b89-435e-8c23-42ae5ffcfa33: installSnapshot onError, lastRequest: 4d7f1931-da22-4277-8e70-be8e40e12960->f1b18da4-9b89-435e-8c23-42ae5ffcfa33#22-t1, previous=(t:1, i:16), leaderCommit=16, initializing? false, entries: <empty>: org.apache.ratis.thirdparty.io.grpc.StatusRuntimeException: CANCELLED: cancelled before receiving half close
2019-09-25 12:50:00,831 [main] INFO  utils.BackgroundService (BackgroundService.java:shutdown(148)) - Shutting down service BlockDeletingService
2019-09-25 12:50:00,831 [grpc-default-executor-1] WARN  server.GrpcLogAppender (LogUtils.java:warn(134)) - 4d7f1931-da22-4277-8e70-be8e40e12960@group-C458C0936096->f1b18da4-9b89-435e-8c23-42ae5ffcfa33-AppendLogResponseHandler: Failed appendEntries: org.apache.ratis.thirdparty.io.grpc.StatusRuntimeException: CANCELLED: HTTP/2 error code: CANCEL
Received Rst Stream
2019-09-25 12:50:00,832 [grpc-default-executor-1] INFO  impl.FollowerInfo (FollowerInfo.java:lambda$new$0(51)) - 4d7f1931-da22-4277-8e70-be8e40e12960@group-C458C0936096->f1b18da4-9b89-435e-8c23-42ae5ffcfa33: nextIndex: updateUnconditionally 17 -> 16
2019-09-25 12:50:00,839 [refreshUsed-/workdir/hadoop-ozone/integration-test/target/test-dir/MiniOzoneClusterImpl-1154d014-32d6-4989-b40a-3009b5f24e17/datanode-2/data/containers] WARN  fs.CachingGetSpaceUsed (CachingGetSpaceUsed.java:run(183)) - Thread Interrupted waiting to refresh disk information: sleep interrupted
2019-09-25 12:50:00,841 [main] INFO  statemachine.DatanodeStateMachine (DatanodeStateMachine.java:stopDaemon(395)) - Ozone container server stopped.
2019-09-25 12:50:00,847 [main] INFO  handler.ContextHandler (ContextHandler.java:doStop(910)) - Stopped o.e.j.w.WebAppContext@323e026d{/,null,UNAVAILABLE}{/hddsDatanode}
2019-09-25 12:50:00,848 [main] INFO  server.AbstractConnector (AbstractConnector.java:doStop(318)) - Stopped ServerConnector@1716c037{HTTP/1.1,[http/1.1]}{0.0.0.0:0}
2019-09-25 12:50:00,849 [main] INFO  handler.ContextHandler (ContextHandler.java:doStop(910)) - Stopped o.e.j.s.ServletContextHandler@6313b441{/static,jar:file:/home/user/.m2/repository/org/apache/hadoop/hadoop-hdds-container-service/0.5.0-SNAPSHOT/hadoop-hdds-container-service-0.5.0-SNAPSHOT.jar!/webapps/static,UNAVAILABLE}
2019-09-25 12:50:00,849 [main] INFO  handler.ContextHandler (ContextHandler.java:doStop(910)) - Stopped o.e.j.s.ServletContextHandler@915d7c4{/logs,file:///workdir/hadoop-ozone/integration-test/target/log,UNAVAILABLE}
2019-09-25 12:50:00,856 [ForkJoinPool.commonPool-worker-1] INFO  utils.BackgroundService (BackgroundService.java:shutdown(148)) - Shutting down service BlockDeletingService
2019-09-25 12:50:00,863 [ForkJoinPool.commonPool-worker-1] INFO  statemachine.DatanodeStateMachine (DatanodeStateMachine.java:stopDaemon(395)) - Ozone container server stopped.
2019-09-25 12:50:00,870 [ForkJoinPool.commonPool-worker-1] INFO  handler.ContextHandler (ContextHandler.java:doStop(910)) - Stopped o.e.j.w.WebAppContext@7657d90b{/,null,UNAVAILABLE}{/hddsDatanode}
2019-09-25 12:50:00,870 [ForkJoinPool.commonPool-worker-1] INFO  server.AbstractConnector (AbstractConnector.java:doStop(318)) - Stopped ServerConnector@3f0c6b3c{HTTP/1.1,[http/1.1]}{0.0.0.0:0}
2019-09-25 12:50:00,873 [ForkJoinPool.commonPool-worker-1] INFO  handler.ContextHandler (ContextHandler.java:doStop(910)) - Stopped o.e.j.s.ServletContextHandler@3b0ed98a{/static,jar:file:/home/user/.m2/repository/org/apache/hadoop/hadoop-hdds-container-service/0.5.0-SNAPSHOT/hadoop-hdds-container-service-0.5.0-SNAPSHOT.jar!/webapps/static,UNAVAILABLE}
2019-09-25 12:50:00,875 [ForkJoinPool.commonPool-worker-1] INFO  handler.ContextHandler (ContextHandler.java:doStop(910)) - Stopped o.e.j.s.ServletContextHandler@7d088813{/logs,file:///workdir/hadoop-ozone/integration-test/target/log,UNAVAILABLE}
2019-09-25 12:50:01,146 [Datanode State Machine Thread - 0] INFO  statemachine.DatanodeStateMachine (DatanodeStateMachine.java:lambda$startDaemon$0(350)) - Ozone container server started.
2019-09-25 12:50:01,438 [Datanode State Machine Thread - 0] INFO  statemachine.DatanodeStateMachine (DatanodeStateMachine.java:lambda$startDaemon$0(350)) - Ozone container server started.
2019-09-25 12:50:02,141 [Thread-4578] INFO  impl.FollowerState (FollowerState.java:run(106)) - 07cfe84e-4aa5-4a80-9b1f-bf1d9bb36805:group-C1ED4A7C2218 changes to CANDIDATE, lastRpcTime:8978, electionTimeout:5013ms
2019-09-25 12:50:02,142 [Thread-4578] INFO  impl.RoleInfo (RoleInfo.java:shutdownFollowerState(121)) - 07cfe84e-4aa5-4a80-9b1f-bf1d9bb36805: shutdown FollowerState
2019-09-25 12:50:02,142 [Thread-4578] INFO  impl.RaftServerImpl (RaftServerImpl.java:setRole(174)) - 07cfe84e-4aa5-4a80-9b1f-bf1d9bb36805@group-C1ED4A7C2218: changes role from  FOLLOWER to CANDIDATE at term 2 for changeToCandidate
2019-09-25 12:50:02,142 [Thread-4578] INFO  impl.RoleInfo (RoleInfo.java:updateAndGet(143)) - 07cfe84e-4aa5-4a80-9b1f-bf1d9bb36805: start LeaderElection
2019-09-25 12:50:02,151 [07cfe84e-4aa5-4a80-9b1f-bf1d9bb36805@group-C1ED4A7C2218:LeaderElection118] INFO  impl.RaftServerImpl (ServerState.java:setLeader(253)) - 07cfe84e-4aa5-4a80-9b1f-bf1d9bb36805@group-C1ED4A7C2218: change Leader from 566b540d-5d54-415e-ae29-de122253aae0 to null at term 2 for initElection
2019-09-25 12:50:02,175 [07cfe84e-4aa5-4a80-9b1f-bf1d9bb36805@group-C1ED4A7C2218:LeaderElection118] INFO  impl.LeaderElection (LeaderElection.java:askForVotes(182)) - 07cfe84e-4aa5-4a80-9b1f-bf1d9bb36805@group-C1ED4A7C2218:LeaderElection118: begin an election at term 3 for 0: [3fecd095-e7b2-43c8-8ba6-ce5e973e15fd:192.168.151.66:45741, 07cfe84e-4aa5-4a80-9b1f-bf1d9bb36805:192.168.151.66:40658, 566b540d-5d54-415e-ae29-de122253aae0:192.168.151.66:33140], old=null
2019-09-25 12:50:02,178 [07cfe84e-4aa5-4a80-9b1f-bf1d9bb36805@group-C1ED4A7C2218:LeaderElection118] INFO  impl.LeaderElection (LogUtils.java:infoOrTrace(149)) - 07cfe84e-4aa5-4a80-9b1f-bf1d9bb36805@group-C1ED4A7C2218:LeaderElection118 got exception when requesting votes: {}
java.util.concurrent.ExecutionException: org.apache.ratis.thirdparty.io.grpc.StatusRuntimeException: UNAVAILABLE: io exception
	at java.util.concurrent.FutureTask.report(FutureTask.java:122)
	at java.util.concurrent.FutureTask.get(FutureTask.java:192)
	at org.apache.ratis.server.impl.LeaderElection.waitForResults(LeaderElection.java:263)
	at org.apache.ratis.server.impl.LeaderElection.askForVotes(LeaderElection.java:201)
	at org.apache.ratis.server.impl.LeaderElection.run(LeaderElection.java:133)
	at java.lang.Thread.run(Thread.java:748)
Caused by: org.apache.ratis.thirdparty.io.grpc.StatusRuntimeException: UNAVAILABLE: io exception
	at org.apache.ratis.thirdparty.io.grpc.stub.ClientCalls.toStatusRuntimeException(ClientCalls.java:233)
	at org.apache.ratis.thirdparty.io.grpc.stub.ClientCalls.getUnchecked(ClientCalls.java:214)
	at org.apache.ratis.thirdparty.io.grpc.stub.ClientCalls.blockingUnaryCall(ClientCalls.java:139)
	at org.apache.ratis.proto.grpc.RaftServerProtocolServiceGrpc$RaftServerProtocolServiceBlockingStub.requestVote(RaftServerProtocolServiceGrpc.java:265)
	at org.apache.ratis.grpc.server.GrpcServerProtocolClient.requestVote(GrpcServerProtocolClient.java:90)
	at org.apache.ratis.grpc.server.GrpcService.requestVote(GrpcService.java:204)
	at org.apache.ratis.server.impl.LeaderElection.lambda$submitRequests$1(LeaderElection.java:238)
	at java.util.concurrent.FutureTask.run(FutureTask.java:266)
	at java.util.concurrent.Executors$RunnableAdapter.call(Executors.java:511)
	at java.util.concurrent.FutureTask.run(FutureTask.java:266)
	at java.util.concurrent.ThreadPoolExecutor.runWorker(ThreadPoolExecutor.java:1149)
	at java.util.concurrent.ThreadPoolExecutor$Worker.run(ThreadPoolExecutor.java:624)
	... 1 more
Caused by: org.apache.ratis.thirdparty.io.netty.channel.AbstractChannel$AnnotatedConnectException: Connection refused: /192.168.151.66:33140
	at sun.nio.ch.SocketChannelImpl.checkConnect(Native Method)
	at sun.nio.ch.SocketChannelImpl.finishConnect(SocketChannelImpl.java:717)
	at org.apache.ratis.thirdparty.io.netty.channel.socket.nio.NioSocketChannel.doFinishConnect(NioSocketChannel.java:327)
	at org.apache.ratis.thirdparty.io.netty.channel.nio.AbstractNioChannel$AbstractNioUnsafe.finishConnect(AbstractNioChannel.java:340)
	at org.apache.ratis.thirdparty.io.netty.channel.nio.NioEventLoop.processSelectedKey(NioEventLoop.java:632)
	at org.apache.ratis.thirdparty.io.netty.channel.nio.NioEventLoop.processSelectedKeysOptimized(NioEventLoop.java:579)
	at org.apache.ratis.thirdparty.io.netty.channel.nio.NioEventLoop.processSelectedKeys(NioEventLoop.java:496)
	at org.apache.ratis.thirdparty.io.netty.channel.nio.NioEventLoop.run(NioEventLoop.java:458)
	at org.apache.ratis.thirdparty.io.netty.util.concurrent.SingleThreadEventExecutor$5.run(SingleThreadEventExecutor.java:897)
	at org.apache.ratis.thirdparty.io.netty.util.concurrent.FastThreadLocalRunnable.run(FastThreadLocalRunnable.java:30)
	... 1 more
Caused by: java.net.ConnectException: Connection refused
	... 11 more
2019-09-25 12:50:02,181 [07cfe84e-4aa5-4a80-9b1f-bf1d9bb36805@group-C1ED4A7C2218:LeaderElection118] INFO  impl.LeaderElection (LogUtils.java:infoOrTrace(149)) - 07cfe84e-4aa5-4a80-9b1f-bf1d9bb36805@group-C1ED4A7C2218:LeaderElection118 got exception when requesting votes: {}
java.util.concurrent.ExecutionException: org.apache.ratis.thirdparty.io.grpc.StatusRuntimeException: UNAVAILABLE: io exception
	at java.util.concurrent.FutureTask.report(FutureTask.java:122)
	at java.util.concurrent.FutureTask.get(FutureTask.java:192)
	at org.apache.ratis.server.impl.LeaderElection.waitForResults(LeaderElection.java:263)
	at org.apache.ratis.server.impl.LeaderElection.askForVotes(LeaderElection.java:201)
	at org.apache.ratis.server.impl.LeaderElection.run(LeaderElection.java:133)
	at java.lang.Thread.run(Thread.java:748)
Caused by: org.apache.ratis.thirdparty.io.grpc.StatusRuntimeException: UNAVAILABLE: io exception
	at org.apache.ratis.thirdparty.io.grpc.stub.ClientCalls.toStatusRuntimeException(ClientCalls.java:233)
	at org.apache.ratis.thirdparty.io.grpc.stub.ClientCalls.getUnchecked(ClientCalls.java:214)
	at org.apache.ratis.thirdparty.io.grpc.stub.ClientCalls.blockingUnaryCall(ClientCalls.java:139)
	at org.apache.ratis.proto.grpc.RaftServerProtocolServiceGrpc$RaftServerProtocolServiceBlockingStub.requestVote(RaftServerProtocolServiceGrpc.java:265)
	at org.apache.ratis.grpc.server.GrpcServerProtocolClient.requestVote(GrpcServerProtocolClient.java:90)
	at org.apache.ratis.grpc.server.GrpcService.requestVote(GrpcService.java:204)
	at org.apache.ratis.server.impl.LeaderElection.lambda$submitRequests$1(LeaderElection.java:238)
	at java.util.concurrent.FutureTask.run(FutureTask.java:266)
	at java.util.concurrent.Executors$RunnableAdapter.call(Executors.java:511)
	at java.util.concurrent.FutureTask.run(FutureTask.java:266)
	at java.util.concurrent.ThreadPoolExecutor.runWorker(ThreadPoolExecutor.java:1149)
	at java.util.concurrent.ThreadPoolExecutor$Worker.run(ThreadPoolExecutor.java:624)
	... 1 more
Caused by: org.apache.ratis.thirdparty.io.netty.channel.AbstractChannel$AnnotatedConnectException: Connection refused: /192.168.151.66:45741
	at sun.nio.ch.SocketChannelImpl.checkConnect(Native Method)
	at sun.nio.ch.SocketChannelImpl.finishConnect(SocketChannelImpl.java:717)
	at org.apache.ratis.thirdparty.io.netty.channel.socket.nio.NioSocketChannel.doFinishConnect(NioSocketChannel.java:327)
	at org.apache.ratis.thirdparty.io.netty.channel.nio.AbstractNioChannel$AbstractNioUnsafe.finishConnect(AbstractNioChannel.java:340)
	at org.apache.ratis.thirdparty.io.netty.channel.nio.NioEventLoop.processSelectedKey(NioEventLoop.java:632)
	at org.apache.ratis.thirdparty.io.netty.channel.nio.NioEventLoop.processSelectedKeysOptimized(NioEventLoop.java:579)
	at org.apache.ratis.thirdparty.io.netty.channel.nio.NioEventLoop.processSelectedKeys(NioEventLoop.java:496)
	at org.apache.ratis.thirdparty.io.netty.channel.nio.NioEventLoop.run(NioEventLoop.java:458)
	at org.apache.ratis.thirdparty.io.netty.util.concurrent.SingleThreadEventExecutor$5.run(SingleThreadEventExecutor.java:897)
	at org.apache.ratis.thirdparty.io.netty.util.concurrent.FastThreadLocalRunnable.run(FastThreadLocalRunnable.java:30)
	... 1 more
Caused by: java.net.ConnectException: Connection refused
	... 11 more
2019-09-25 12:50:02,184 [07cfe84e-4aa5-4a80-9b1f-bf1d9bb36805@group-C1ED4A7C2218:LeaderElection118] INFO  impl.LeaderElection (LeaderElection.java:logAndReturn(56)) - 07cfe84e-4aa5-4a80-9b1f-bf1d9bb36805@group-C1ED4A7C2218:LeaderElection118: Election REJECTED; received 0 response(s) [] and 2 exception(s); 07cfe84e-4aa5-4a80-9b1f-bf1d9bb36805@group-C1ED4A7C2218:t3, leader=null, voted=07cfe84e-4aa5-4a80-9b1f-bf1d9bb36805, raftlog=07cfe84e-4aa5-4a80-9b1f-bf1d9bb36805@group-C1ED4A7C2218-SegmentedRaftLog:OPENED:c6,f6,i6, conf=0: [3fecd095-e7b2-43c8-8ba6-ce5e973e15fd:192.168.151.66:45741, 07cfe84e-4aa5-4a80-9b1f-bf1d9bb36805:192.168.151.66:40658, 566b540d-5d54-415e-ae29-de122253aae0:192.168.151.66:33140], old=null
2019-09-25 12:50:02,184 [07cfe84e-4aa5-4a80-9b1f-bf1d9bb36805@group-C1ED4A7C2218:LeaderElection118] INFO  impl.LeaderElection (LogUtils.java:infoOrTrace(149)) -   Exception 0: {}
java.util.concurrent.ExecutionException: org.apache.ratis.thirdparty.io.grpc.StatusRuntimeException: UNAVAILABLE: io exception
	at java.util.concurrent.FutureTask.report(FutureTask.java:122)
	at java.util.concurrent.FutureTask.get(FutureTask.java:192)
	at org.apache.ratis.server.impl.LeaderElection.waitForResults(LeaderElection.java:263)
	at org.apache.ratis.server.impl.LeaderElection.askForVotes(LeaderElection.java:201)
	at org.apache.ratis.server.impl.LeaderElection.run(LeaderElection.java:133)
	at java.lang.Thread.run(Thread.java:748)
Caused by: org.apache.ratis.thirdparty.io.grpc.StatusRuntimeException: UNAVAILABLE: io exception
	at org.apache.ratis.thirdparty.io.grpc.stub.ClientCalls.toStatusRuntimeException(ClientCalls.java:233)
	at org.apache.ratis.thirdparty.io.grpc.stub.ClientCalls.getUnchecked(ClientCalls.java:214)
	at org.apache.ratis.thirdparty.io.grpc.stub.ClientCalls.blockingUnaryCall(ClientCalls.java:139)
	at org.apache.ratis.proto.grpc.RaftServerProtocolServiceGrpc$RaftServerProtocolServiceBlockingStub.requestVote(RaftServerProtocolServiceGrpc.java:265)
	at org.apache.ratis.grpc.server.GrpcServerProtocolClient.requestVote(GrpcServerProtocolClient.java:90)
	at org.apache.ratis.grpc.server.GrpcService.requestVote(GrpcService.java:204)
	at org.apache.ratis.server.impl.LeaderElection.lambda$submitRequests$1(LeaderElection.java:238)
	at java.util.concurrent.FutureTask.run(FutureTask.java:266)
	at java.util.concurrent.Executors$RunnableAdapter.call(Executors.java:511)
	at java.util.concurrent.FutureTask.run(FutureTask.java:266)
	at java.util.concurrent.ThreadPoolExecutor.runWorker(ThreadPoolExecutor.java:1149)
	at java.util.concurrent.ThreadPoolExecutor$Worker.run(ThreadPoolExecutor.java:624)
	... 1 more
Caused by: org.apache.ratis.thirdparty.io.netty.channel.AbstractChannel$AnnotatedConnectException: Connection refused: /192.168.151.66:33140
	at sun.nio.ch.SocketChannelImpl.checkConnect(Native Method)
	at sun.nio.ch.SocketChannelImpl.finishConnect(SocketChannelImpl.java:717)
	at org.apache.ratis.thirdparty.io.netty.channel.socket.nio.NioSocketChannel.doFinishConnect(NioSocketChannel.java:327)
	at org.apache.ratis.thirdparty.io.netty.channel.nio.AbstractNioChannel$AbstractNioUnsafe.finishConnect(AbstractNioChannel.java:340)
	at org.apache.ratis.thirdparty.io.netty.channel.nio.NioEventLoop.processSelectedKey(NioEventLoop.java:632)
	at org.apache.ratis.thirdparty.io.netty.channel.nio.NioEventLoop.processSelectedKeysOptimized(NioEventLoop.java:579)
	at org.apache.ratis.thirdparty.io.netty.channel.nio.NioEventLoop.processSelectedKeys(NioEventLoop.java:496)
	at org.apache.ratis.thirdparty.io.netty.channel.nio.NioEventLoop.run(NioEventLoop.java:458)
	at org.apache.ratis.thirdparty.io.netty.util.concurrent.SingleThreadEventExecutor$5.run(SingleThreadEventExecutor.java:897)
	at org.apache.ratis.thirdparty.io.netty.util.concurrent.FastThreadLocalRunnable.run(FastThreadLocalRunnable.java:30)
	... 1 more
Caused by: java.net.ConnectException: Connection refused
	... 11 more
2019-09-25 12:50:02,184 [07cfe84e-4aa5-4a80-9b1f-bf1d9bb36805@group-C1ED4A7C2218:LeaderElection118] INFO  impl.LeaderElection (LogUtils.java:infoOrTrace(149)) -   Exception 1: {}
java.util.concurrent.ExecutionException: org.apache.ratis.thirdparty.io.grpc.StatusRuntimeException: UNAVAILABLE: io exception
	at java.util.concurrent.FutureTask.report(FutureTask.java:122)
	at java.util.concurrent.FutureTask.get(FutureTask.java:192)
	at org.apache.ratis.server.impl.LeaderElection.waitForResults(LeaderElection.java:263)
	at org.apache.ratis.server.impl.LeaderElection.askForVotes(LeaderElection.java:201)
	at org.apache.ratis.server.impl.LeaderElection.run(LeaderElection.java:133)
	at java.lang.Thread.run(Thread.java:748)
Caused by: org.apache.ratis.thirdparty.io.grpc.StatusRuntimeException: UNAVAILABLE: io exception
	at org.apache.ratis.thirdparty.io.grpc.stub.ClientCalls.toStatusRuntimeException(ClientCalls.java:233)
	at org.apache.ratis.thirdparty.io.grpc.stub.ClientCalls.getUnchecked(ClientCalls.java:214)
	at org.apache.ratis.thirdparty.io.grpc.stub.ClientCalls.blockingUnaryCall(ClientCalls.java:139)
	at org.apache.ratis.proto.grpc.RaftServerProtocolServiceGrpc$RaftServerProtocolServiceBlockingStub.requestVote(RaftServerProtocolServiceGrpc.java:265)
	at org.apache.ratis.grpc.server.GrpcServerProtocolClient.requestVote(GrpcServerProtocolClient.java:90)
	at org.apache.ratis.grpc.server.GrpcService.requestVote(GrpcService.java:204)
	at org.apache.ratis.server.impl.LeaderElection.lambda$submitRequests$1(LeaderElection.java:238)
	at java.util.concurrent.FutureTask.run(FutureTask.java:266)
	at java.util.concurrent.Executors$RunnableAdapter.call(Executors.java:511)
	at java.util.concurrent.FutureTask.run(FutureTask.java:266)
	at java.util.concurrent.ThreadPoolExecutor.runWorker(ThreadPoolExecutor.java:1149)
	at java.util.concurrent.ThreadPoolExecutor$Worker.run(ThreadPoolExecutor.java:624)
	... 1 more
Caused by: org.apache.ratis.thirdparty.io.netty.channel.AbstractChannel$AnnotatedConnectException: Connection refused: /192.168.151.66:45741
	at sun.nio.ch.SocketChannelImpl.checkConnect(Native Method)
	at sun.nio.ch.SocketChannelImpl.finishConnect(SocketChannelImpl.java:717)
	at org.apache.ratis.thirdparty.io.netty.channel.socket.nio.NioSocketChannel.doFinishConnect(NioSocketChannel.java:327)
	at org.apache.ratis.thirdparty.io.netty.channel.nio.AbstractNioChannel$AbstractNioUnsafe.finishConnect(AbstractNioChannel.java:340)
	at org.apache.ratis.thirdparty.io.netty.channel.nio.NioEventLoop.processSelectedKey(NioEventLoop.java:632)
	at org.apache.ratis.thirdparty.io.netty.channel.nio.NioEventLoop.processSelectedKeysOptimized(NioEventLoop.java:579)
	at org.apache.ratis.thirdparty.io.netty.channel.nio.NioEventLoop.processSelectedKeys(NioEventLoop.java:496)
	at org.apache.ratis.thirdparty.io.netty.channel.nio.NioEventLoop.run(NioEventLoop.java:458)
	at org.apache.ratis.thirdparty.io.netty.util.concurrent.SingleThreadEventExecutor$5.run(SingleThreadEventExecutor.java:897)
	at org.apache.ratis.thirdparty.io.netty.util.concurrent.FastThreadLocalRunnable.run(FastThreadLocalRunnable.java:30)
	... 1 more
Caused by: java.net.ConnectException: Connection refused
	... 11 more
2019-09-25 12:50:02,185 [07cfe84e-4aa5-4a80-9b1f-bf1d9bb36805@group-C1ED4A7C2218:LeaderElection118] INFO  impl.RaftServerImpl (RaftServerImpl.java:setRole(174)) - 07cfe84e-4aa5-4a80-9b1f-bf1d9bb36805@group-C1ED4A7C2218: changes role from CANDIDATE to FOLLOWER at term 3 for DISCOVERED_A_NEW_TERM
2019-09-25 12:50:02,185 [07cfe84e-4aa5-4a80-9b1f-bf1d9bb36805@group-C1ED4A7C2218:LeaderElection118] INFO  impl.RoleInfo (RoleInfo.java:shutdownLeaderElection(134)) - 07cfe84e-4aa5-4a80-9b1f-bf1d9bb36805: shutdown LeaderElection
2019-09-25 12:50:02,185 [07cfe84e-4aa5-4a80-9b1f-bf1d9bb36805@group-C1ED4A7C2218:LeaderElection118] INFO  impl.RoleInfo (RoleInfo.java:updateAndGet(143)) - 07cfe84e-4aa5-4a80-9b1f-bf1d9bb36805: start FollowerState
2019-09-25 12:50:02,431 [grpc-default-executor-4] WARN  server.GrpcLogAppender (LogUtils.java:warn(134)) - 4d7f1931-da22-4277-8e70-be8e40e12960@group-C458C0936096->fb0aa348-74e3-4f08-a5d8-e2c2e2c47515-AppendLogResponseHandler: Failed appendEntries: org.apache.ratis.thirdparty.io.grpc.StatusRuntimeException: UNAVAILABLE: io exception
2019-09-25 12:50:02,433 [grpc-default-executor-4] INFO  impl.FollowerInfo (FollowerInfo.java:lambda$new$0(51)) - 4d7f1931-da22-4277-8e70-be8e40e12960@group-C458C0936096->fb0aa348-74e3-4f08-a5d8-e2c2e2c47515: nextIndex: updateUnconditionally 13 -> 12
2019-09-25 12:50:02,434 [grpc-default-executor-5] WARN  server.GrpcLogAppender (LogUtils.java:warn(134)) - 4d7f1931-da22-4277-8e70-be8e40e12960@group-C458C0936096->f1b18da4-9b89-435e-8c23-42ae5ffcfa33-AppendLogResponseHandler: Failed appendEntries: org.apache.ratis.thirdparty.io.grpc.StatusRuntimeException: UNAVAILABLE: io exception
2019-09-25 12:50:02,434 [grpc-default-executor-5] INFO  impl.FollowerInfo (FollowerInfo.java:lambda$new$0(51)) - 4d7f1931-da22-4277-8e70-be8e40e12960@group-C458C0936096->f1b18da4-9b89-435e-8c23-42ae5ffcfa33: nextIndex: updateUnconditionally 16 -> 15
2019-09-25 12:50:04,933 [grpc-default-executor-5] WARN  server.GrpcLogAppender (LogUtils.java:warn(134)) - 4d7f1931-da22-4277-8e70-be8e40e12960@group-C458C0936096->fb0aa348-74e3-4f08-a5d8-e2c2e2c47515-AppendLogResponseHandler: Failed appendEntries: org.apache.ratis.thirdparty.io.grpc.StatusRuntimeException: UNAVAILABLE: io exception
2019-09-25 12:50:04,934 [grpc-default-executor-4] WARN  server.GrpcLogAppender (LogUtils.java:warn(134)) - 4d7f1931-da22-4277-8e70-be8e40e12960@group-C458C0936096->f1b18da4-9b89-435e-8c23-42ae5ffcfa33-AppendLogResponseHandler: Failed appendEntries: org.apache.ratis.thirdparty.io.grpc.StatusRuntimeException: UNAVAILABLE: io exception
2019-09-25 12:50:04,935 [grpc-default-executor-5] INFO  impl.FollowerInfo (FollowerInfo.java:lambda$new$0(51)) - 4d7f1931-da22-4277-8e70-be8e40e12960@group-C458C0936096->fb0aa348-74e3-4f08-a5d8-e2c2e2c47515: nextIndex: updateUnconditionally 12 -> 11
2019-09-25 12:50:04,935 [grpc-default-executor-4] INFO  impl.FollowerInfo (FollowerInfo.java:lambda$new$0(51)) - 4d7f1931-da22-4277-8e70-be8e40e12960@group-C458C0936096->f1b18da4-9b89-435e-8c23-42ae5ffcfa33: nextIndex: updateUnconditionally 15 -> 14
2019-09-25 12:50:05,206 [EventQueue-StaleNodeForStaleNodeHandler] INFO  node.StaleNodeHandler (StaleNodeHandler.java:onMessage(58)) - Datanode 07cfe84e-4aa5-4a80-9b1f-bf1d9bb36805{ip: 192.168.151.66, host: pr-hdds-2175-t596l-953197546, networkLocation: /default-rack, certSerialId: null} moved to stale state. Finalizing its pipelines [PipelineID=ce3c8c76-80ac-4c25-a826-8f039df74e75, PipelineID=0f33da1e-07ee-42db-a084-c1ed4a7c2218]
2019-09-25 12:50:05,207 [EventQueue-StaleNodeForStaleNodeHandler] INFO  pipeline.SCMPipelineManager (SCMPipelineManager.java:finalizeAndDestroyPipeline(315)) - destroying pipeline:Pipeline[ Id: ce3c8c76-80ac-4c25-a826-8f039df74e75, Nodes: 07cfe84e-4aa5-4a80-9b1f-bf1d9bb36805{ip: 192.168.151.66, host: pr-hdds-2175-t596l-953197546, networkLocation: /default-rack, certSerialId: null}, Type:RATIS, Factor:ONE, State:OPEN]
2019-09-25 12:50:05,208 [EventQueue-StaleNodeForStaleNodeHandler] INFO  pipeline.PipelineStateManager (PipelineStateManager.java:finalizePipeline(123)) - Pipeline Pipeline[ Id: ce3c8c76-80ac-4c25-a826-8f039df74e75, Nodes: 07cfe84e-4aa5-4a80-9b1f-bf1d9bb36805{ip: 192.168.151.66, host: pr-hdds-2175-t596l-953197546, networkLocation: /default-rack, certSerialId: null}, Type:RATIS, Factor:ONE, State:CLOSED] moved to CLOSED state
2019-09-25 12:50:05,209 [EventQueue-StaleNodeForStaleNodeHandler] INFO  pipeline.SCMPipelineManager (SCMPipelineManager.java:finalizeAndDestroyPipeline(315)) - destroying pipeline:Pipeline[ Id: 0f33da1e-07ee-42db-a084-c1ed4a7c2218, Nodes: 07cfe84e-4aa5-4a80-9b1f-bf1d9bb36805{ip: 192.168.151.66, host: pr-hdds-2175-t596l-953197546, networkLocation: /default-rack, certSerialId: null}566b540d-5d54-415e-ae29-de122253aae0{ip: 192.168.151.66, host: pr-hdds-2175-t596l-953197546, networkLocation: /default-rack, certSerialId: null}3fecd095-e7b2-43c8-8ba6-ce5e973e15fd{ip: 192.168.151.66, host: pr-hdds-2175-t596l-953197546, networkLocation: /default-rack, certSerialId: null}, Type:RATIS, Factor:THREE, State:CLOSED]
2019-09-25 12:50:05,506 [EventQueue-StaleNodeForStaleNodeHandler] INFO  node.StaleNodeHandler (StaleNodeHandler.java:onMessage(58)) - Datanode 4d7f1931-da22-4277-8e70-be8e40e12960{ip: 192.168.151.66, host: pr-hdds-2175-t596l-953197546, networkLocation: /default-rack, certSerialId: null} moved to stale state. Finalizing its pipelines [PipelineID=9d56fd94-84cb-4620-851c-c458c0936096, PipelineID=5c3076e4-02f7-44c2-a184-11e183a12089]
2019-09-25 12:50:05,506 [EventQueue-StaleNodeForStaleNodeHandler] INFO  pipeline.SCMPipelineManager (SCMPipelineManager.java:finalizeAndDestroyPipeline(315)) - destroying pipeline:Pipeline[ Id: 9d56fd94-84cb-4620-851c-c458c0936096, Nodes: f1b18da4-9b89-435e-8c23-42ae5ffcfa33{ip: 192.168.151.66, host: pr-hdds-2175-t596l-953197546, networkLocation: /default-rack, certSerialId: null}fb0aa348-74e3-4f08-a5d8-e2c2e2c47515{ip: 192.168.151.66, host: pr-hdds-2175-t596l-953197546, networkLocation: /default-rack, certSerialId: null}4d7f1931-da22-4277-8e70-be8e40e12960{ip: 192.168.151.66, host: pr-hdds-2175-t596l-953197546, networkLocation: /default-rack, certSerialId: null}, Type:RATIS, Factor:THREE, State:CLOSED]
2019-09-25 12:50:05,506 [EventQueue-StaleNodeForStaleNodeHandler] INFO  pipeline.SCMPipelineManager (SCMPipelineManager.java:finalizeAndDestroyPipeline(315)) - destroying pipeline:Pipeline[ Id: 5c3076e4-02f7-44c2-a184-11e183a12089, Nodes: 4d7f1931-da22-4277-8e70-be8e40e12960{ip: 192.168.151.66, host: pr-hdds-2175-t596l-953197546, networkLocation: /default-rack, certSerialId: null}, Type:RATIS, Factor:ONE, State:OPEN]
2019-09-25 12:50:05,506 [EventQueue-StaleNodeForStaleNodeHandler] INFO  pipeline.PipelineStateManager (PipelineStateManager.java:finalizePipeline(123)) - Pipeline Pipeline[ Id: 5c3076e4-02f7-44c2-a184-11e183a12089, Nodes: 4d7f1931-da22-4277-8e70-be8e40e12960{ip: 192.168.151.66, host: pr-hdds-2175-t596l-953197546, networkLocation: /default-rack, certSerialId: null}, Type:RATIS, Factor:ONE, State:CLOSED] moved to CLOSED state
2019-09-25 12:50:05,852 [main] INFO  ozoneimpl.OzoneContainer (OzoneContainer.java:stop(231)) - Attempting to stop container services.
2019-09-25 12:50:05,855 [main] INFO  impl.RaftServerProxy (RaftServerProxy.java:lambda$close$4(314)) - 07cfe84e-4aa5-4a80-9b1f-bf1d9bb36805: close
2019-09-25 12:50:05,855 [main] INFO  impl.RaftServerImpl (RaftServerImpl.java:lambda$shutdown$3(251)) - 07cfe84e-4aa5-4a80-9b1f-bf1d9bb36805@group-8F039DF74E75: shutdown
2019-09-25 12:50:05,856 [main] INFO  util.JmxRegister (JmxRegister.java:unregister(73)) - Successfully un-registered JMX Bean with object name Ratis:service=RaftServer,group=group-8F039DF74E75,id=07cfe84e-4aa5-4a80-9b1f-bf1d9bb36805
2019-09-25 12:50:05,856 [main] INFO  impl.RoleInfo (RoleInfo.java:shutdownLeaderState(104)) - 07cfe84e-4aa5-4a80-9b1f-bf1d9bb36805: shutdown LeaderState
2019-09-25 12:50:05,856 [main] INFO  impl.PendingRequests (PendingRequests.java:sendNotLeaderResponses(202)) - 07cfe84e-4aa5-4a80-9b1f-bf1d9bb36805-PendingRequests: sendNotLeaderResponses
2019-09-25 12:50:05,857 [main] INFO  impl.StateMachineUpdater (StateMachineUpdater.java:stopAndJoin(125)) - 07cfe84e-4aa5-4a80-9b1f-bf1d9bb36805@group-8F039DF74E75-StateMachineUpdater: set stopIndex = 0
2019-09-25 12:50:05,858 [main] INFO  impl.RaftServerImpl (ServerState.java:close(385)) - 07cfe84e-4aa5-4a80-9b1f-bf1d9bb36805@group-8F039DF74E75: closes. applyIndex: 0
2019-09-25 12:50:05,858 [07cfe84e-4aa5-4a80-9b1f-bf1d9bb36805@group-8F039DF74E75-SegmentedRaftLogWorker] INFO  segmented.SegmentedRaftLogWorker (SegmentedRaftLogWorker.java:run(313)) - 07cfe84e-4aa5-4a80-9b1f-bf1d9bb36805@group-8F039DF74E75-SegmentedRaftLogWorker was interrupted, exiting. There are 0 tasks remaining in the queue.
2019-09-25 12:50:05,860 [main] INFO  segmented.SegmentedRaftLogWorker (SegmentedRaftLogWorker.java:close(228)) - 07cfe84e-4aa5-4a80-9b1f-bf1d9bb36805@group-8F039DF74E75-SegmentedRaftLogWorker close()
2019-09-25 12:50:05,861 [main] INFO  impl.RaftServerImpl (RaftServerImpl.java:lambda$shutdown$3(251)) - 07cfe84e-4aa5-4a80-9b1f-bf1d9bb36805@group-C1ED4A7C2218: shutdown
2019-09-25 12:50:05,861 [main] INFO  util.JmxRegister (JmxRegister.java:unregister(73)) - Successfully un-registered JMX Bean with object name Ratis:service=RaftServer,group=group-C1ED4A7C2218,id=07cfe84e-4aa5-4a80-9b1f-bf1d9bb36805
2019-09-25 12:50:05,862 [main] INFO  impl.RoleInfo (RoleInfo.java:shutdownFollowerState(121)) - 07cfe84e-4aa5-4a80-9b1f-bf1d9bb36805: shutdown FollowerState
2019-09-25 12:50:05,862 [main] INFO  impl.StateMachineUpdater (StateMachineUpdater.java:stopAndJoin(125)) - 07cfe84e-4aa5-4a80-9b1f-bf1d9bb36805@group-C1ED4A7C2218-StateMachineUpdater: set stopIndex = 6
2019-09-25 12:50:05,862 [07cfe84e-4aa5-4a80-9b1f-bf1d9bb36805@group-C1ED4A7C2218-StateMachineUpdater] INFO  ratis.ContainerStateMachine (ContainerStateMachine.java:takeSnapshot(289)) - group-C1ED4A7C2218: Taking a snapshot at:(t:2, i:6) file /workdir/hadoop-ozone/integration-test/target/test-dir/MiniOzoneClusterImpl-1154d014-32d6-4989-b40a-3009b5f24e17/datanode-6/data/ratis/0f33da1e-07ee-42db-a084-c1ed4a7c2218/sm/snapshot.2_6
2019-09-25 12:50:05,862 [Thread-4654] INFO  impl.FollowerState (FollowerState.java:run(115)) - 07cfe84e-4aa5-4a80-9b1f-bf1d9bb36805: FollowerState was interrupted: java.lang.InterruptedException: sleep interrupted
2019-09-25 12:50:05,877 [ForkJoinPool.commonPool-worker-1] INFO  ozoneimpl.OzoneContainer (OzoneContainer.java:stop(231)) - Attempting to stop container services.
2019-09-25 12:50:05,877 [07cfe84e-4aa5-4a80-9b1f-bf1d9bb36805@group-C1ED4A7C2218-StateMachineUpdater] INFO  ratis.ContainerStateMachine (ContainerStateMachine.java:takeSnapshot(300)) - group-C1ED4A7C2218: Finished taking a snapshot at:(t:2, i:6) file:/workdir/hadoop-ozone/integration-test/target/test-dir/MiniOzoneClusterImpl-1154d014-32d6-4989-b40a-3009b5f24e17/datanode-6/data/ratis/0f33da1e-07ee-42db-a084-c1ed4a7c2218/sm/snapshot.2_6 time:15
2019-09-25 12:50:05,877 [ForkJoinPool.commonPool-worker-1] INFO  impl.RaftServerProxy (RaftServerProxy.java:lambda$close$4(314)) - 4d7f1931-da22-4277-8e70-be8e40e12960: close
2019-09-25 12:50:05,877 [ForkJoinPool.commonPool-worker-1] INFO  impl.RaftServerImpl (RaftServerImpl.java:lambda$shutdown$3(251)) - 4d7f1931-da22-4277-8e70-be8e40e12960@group-C458C0936096: shutdown
2019-09-25 12:50:05,878 [07cfe84e-4aa5-4a80-9b1f-bf1d9bb36805@group-C1ED4A7C2218-StateMachineUpdater] INFO  impl.StateMachineUpdater (StateMachineUpdater.java:takeSnapshot(258)) - 07cfe84e-4aa5-4a80-9b1f-bf1d9bb36805@group-C1ED4A7C2218-StateMachineUpdater: Took a snapshot at index 6
2019-09-25 12:50:05,878 [ForkJoinPool.commonPool-worker-1] INFO  util.JmxRegister (JmxRegister.java:unregister(73)) - Successfully un-registered JMX Bean with object name Ratis:service=RaftServer,group=group-C458C0936096,id=4d7f1931-da22-4277-8e70-be8e40e12960
2019-09-25 12:50:05,878 [07cfe84e-4aa5-4a80-9b1f-bf1d9bb36805@group-C1ED4A7C2218-StateMachineUpdater] INFO  impl.StateMachineUpdater (StateMachineUpdater.java:lambda$new$0(83)) - 07cfe84e-4aa5-4a80-9b1f-bf1d9bb36805@group-C1ED4A7C2218-StateMachineUpdater: snapshotIndex: updateIncreasingly -1 -> 6
2019-09-25 12:50:05,878 [ForkJoinPool.commonPool-worker-1] INFO  impl.RoleInfo (RoleInfo.java:shutdownLeaderState(104)) - 4d7f1931-da22-4277-8e70-be8e40e12960: shutdown LeaderState
2019-09-25 12:50:05,879 [ForkJoinPool.commonPool-worker-1] INFO  impl.PendingRequests (PendingRequests.java:sendNotLeaderResponses(202)) - 4d7f1931-da22-4277-8e70-be8e40e12960-PendingRequests: sendNotLeaderResponses
2019-09-25 12:50:05,879 [main] INFO  impl.RaftServerImpl (ServerState.java:close(385)) - 07cfe84e-4aa5-4a80-9b1f-bf1d9bb36805@group-C1ED4A7C2218: closes. applyIndex: 6
2019-09-25 12:50:05,879 [org.apache.ratis.server.impl.LogAppender$AppenderDaemon$$Lambda$487/1724053913@1c87690d] WARN  server.GrpcLogAppender (GrpcLogAppender.java:mayWait(143)) - 4d7f1931-da22-4277-8e70-be8e40e12960@group-C458C0936096->fb0aa348-74e3-4f08-a5d8-e2c2e2c47515-GrpcLogAppender: Wait interrupted by java.lang.InterruptedException
2019-09-25 12:50:05,879 [org.apache.ratis.server.impl.LogAppender$AppenderDaemon$$Lambda$487/1724053913@23fce17b] WARN  server.GrpcLogAppender (GrpcLogAppender.java:mayWait(143)) - 4d7f1931-da22-4277-8e70-be8e40e12960@group-C458C0936096->f1b18da4-9b89-435e-8c23-42ae5ffcfa33-GrpcLogAppender: Wait interrupted by java.lang.InterruptedException
2019-09-25 12:50:05,890 [07cfe84e-4aa5-4a80-9b1f-bf1d9bb36805@group-C1ED4A7C2218-SegmentedRaftLogWorker] INFO  segmented.SegmentedRaftLogWorker (SegmentedRaftLogWorker.java:run(313)) - 07cfe84e-4aa5-4a80-9b1f-bf1d9bb36805@group-C1ED4A7C2218-SegmentedRaftLogWorker was interrupted, exiting. There are 0 tasks remaining in the queue.
2019-09-25 12:50:05,892 [main] INFO  segmented.SegmentedRaftLogWorker (SegmentedRaftLogWorker.java:close(228)) - 07cfe84e-4aa5-4a80-9b1f-bf1d9bb36805@group-C1ED4A7C2218-SegmentedRaftLogWorker close()
2019-09-25 12:50:05,892 [4d7f1931-da22-4277-8e70-be8e40e12960@group-C458C0936096-StateMachineUpdater] INFO  ratis.ContainerStateMachine (ContainerStateMachine.java:takeSnapshot(289)) - group-C458C0936096: Taking a snapshot at:(t:1, i:16) file /workdir/hadoop-ozone/integration-test/target/test-dir/MiniOzoneClusterImpl-1154d014-32d6-4989-b40a-3009b5f24e17/datanode-0/data/ratis/9d56fd94-84cb-4620-851c-c458c0936096/sm/snapshot.1_16
2019-09-25 12:50:05,897 [main] INFO  server.GrpcService (GrpcService.java:closeImpl(164)) - 07cfe84e-4aa5-4a80-9b1f-bf1d9bb36805: shutdown server with port 40658 now
2019-09-25 12:50:05,892 [ForkJoinPool.commonPool-worker-1] INFO  impl.StateMachineUpdater (StateMachineUpdater.java:stopAndJoin(125)) - 4d7f1931-da22-4277-8e70-be8e40e12960@group-C458C0936096-StateMachineUpdater: set stopIndex = 16
2019-09-25 12:50:05,897 [main] INFO  server.GrpcService (GrpcService.java:closeImpl(172)) - 07cfe84e-4aa5-4a80-9b1f-bf1d9bb36805: shutdown server with port 40658 successfully
2019-09-25 12:50:05,904 [refreshUsed-/workdir/hadoop-ozone/integration-test/target/test-dir/MiniOzoneClusterImpl-1154d014-32d6-4989-b40a-3009b5f24e17/datanode-6/data/containers] WARN  fs.CachingGetSpaceUsed (CachingGetSpaceUsed.java:run(183)) - Thread Interrupted waiting to refresh disk information: sleep interrupted
2019-09-25 12:50:05,927 [main] INFO  utils.BackgroundService (BackgroundService.java:shutdown(148)) - Shutting down service BlockDeletingService
2019-09-25 12:50:05,930 [4d7f1931-da22-4277-8e70-be8e40e12960@group-C458C0936096-StateMachineUpdater] INFO  ratis.ContainerStateMachine (ContainerStateMachine.java:takeSnapshot(300)) - group-C458C0936096: Finished taking a snapshot at:(t:1, i:16) file:/workdir/hadoop-ozone/integration-test/target/test-dir/MiniOzoneClusterImpl-1154d014-32d6-4989-b40a-3009b5f24e17/datanode-0/data/ratis/9d56fd94-84cb-4620-851c-c458c0936096/sm/snapshot.1_16 time:37
2019-09-25 12:50:05,930 [4d7f1931-da22-4277-8e70-be8e40e12960@group-C458C0936096-StateMachineUpdater] INFO  impl.StateMachineUpdater (StateMachineUpdater.java:takeSnapshot(258)) - 4d7f1931-da22-4277-8e70-be8e40e12960@group-C458C0936096-StateMachineUpdater: Took a snapshot at index 16
2019-09-25 12:50:05,931 [main] INFO  statemachine.DatanodeStateMachine (DatanodeStateMachine.java:stopDaemon(395)) - Ozone container server stopped.
2019-09-25 12:50:05,931 [4d7f1931-da22-4277-8e70-be8e40e12960@group-C458C0936096-StateMachineUpdater] INFO  impl.StateMachineUpdater (StateMachineUpdater.java:lambda$new$0(83)) - 4d7f1931-da22-4277-8e70-be8e40e12960@group-C458C0936096-StateMachineUpdater: snapshotIndex: updateIncreasingly -1 -> 16
2019-09-25 12:50:05,932 [ForkJoinPool.commonPool-worker-1] INFO  impl.RaftServerImpl (ServerState.java:close(385)) - 4d7f1931-da22-4277-8e70-be8e40e12960@group-C458C0936096: closes. applyIndex: 16
2019-09-25 12:50:05,933 [4d7f1931-da22-4277-8e70-be8e40e12960@group-C458C0936096-SegmentedRaftLogWorker] INFO  segmented.SegmentedRaftLogWorker (SegmentedRaftLogWorker.java:run(313)) - 4d7f1931-da22-4277-8e70-be8e40e12960@group-C458C0936096-SegmentedRaftLogWorker was interrupted, exiting. There are 0 tasks remaining in the queue.
2019-09-25 12:50:05,933 [ForkJoinPool.commonPool-worker-1] INFO  segmented.SegmentedRaftLogWorker (SegmentedRaftLogWorker.java:close(228)) - 4d7f1931-da22-4277-8e70-be8e40e12960@group-C458C0936096-SegmentedRaftLogWorker close()
2019-09-25 12:50:05,933 [ForkJoinPool.commonPool-worker-1] INFO  impl.RaftServerImpl (RaftServerImpl.java:lambda$shutdown$3(251)) - 4d7f1931-da22-4277-8e70-be8e40e12960@group-11E183A12089: shutdown
2019-09-25 12:50:05,934 [main] INFO  handler.ContextHandler (ContextHandler.java:doStop(910)) - Stopped o.e.j.w.WebAppContext@10745a02{/,null,UNAVAILABLE}{/hddsDatanode}
2019-09-25 12:50:05,934 [ForkJoinPool.commonPool-worker-1] INFO  util.JmxRegister (JmxRegister.java:unregister(73)) - Successfully un-registered JMX Bean with object name Ratis:service=RaftServer,group=group-11E183A12089,id=4d7f1931-da22-4277-8e70-be8e40e12960
2019-09-25 12:50:05,934 [ForkJoinPool.commonPool-worker-1] INFO  impl.RoleInfo (RoleInfo.java:shutdownLeaderState(104)) - 4d7f1931-da22-4277-8e70-be8e40e12960: shutdown LeaderState
2019-09-25 12:50:05,935 [ForkJoinPool.commonPool-worker-1] INFO  impl.PendingRequests (PendingRequests.java:sendNotLeaderResponses(202)) - 4d7f1931-da22-4277-8e70-be8e40e12960-PendingRequests: sendNotLeaderResponses
2019-09-25 12:50:05,935 [main] INFO  server.AbstractConnector (AbstractConnector.java:doStop(318)) - Stopped ServerConnector@3e2d8623{HTTP/1.1,[http/1.1]}{0.0.0.0:0}
2019-09-25 12:50:05,935 [ForkJoinPool.commonPool-worker-1] INFO  impl.StateMachineUpdater (StateMachineUpdater.java:stopAndJoin(125)) - 4d7f1931-da22-4277-8e70-be8e40e12960@group-11E183A12089-StateMachineUpdater: set stopIndex = 0
2019-09-25 12:50:05,935 [main] INFO  handler.ContextHandler (ContextHandler.java:doStop(910)) - Stopped o.e.j.s.ServletContextHandler@2aac8ad7{/static,jar:file:/home/user/.m2/repository/org/apache/hadoop/hadoop-hdds-container-service/0.5.0-SNAPSHOT/hadoop-hdds-container-service-0.5.0-SNAPSHOT.jar!/webapps/static,UNAVAILABLE}
2019-09-25 12:50:05,936 [ForkJoinPool.commonPool-worker-1] INFO  impl.RaftServerImpl (ServerState.java:close(385)) - 4d7f1931-da22-4277-8e70-be8e40e12960@group-11E183A12089: closes. applyIndex: 0
2019-09-25 12:50:05,936 [main] INFO  handler.ContextHandler (ContextHandler.java:doStop(910)) - Stopped o.e.j.s.ServletContextHandler@7c5c20ed{/logs,file:///workdir/hadoop-ozone/integration-test/target/log,UNAVAILABLE}
2019-09-25 12:50:05,936 [4d7f1931-da22-4277-8e70-be8e40e12960@group-11E183A12089-SegmentedRaftLogWorker] INFO  segmented.SegmentedRaftLogWorker (SegmentedRaftLogWorker.java:run(313)) - 4d7f1931-da22-4277-8e70-be8e40e12960@group-11E183A12089-SegmentedRaftLogWorker was interrupted, exiting. There are 0 tasks remaining in the queue.
2019-09-25 12:50:05,937 [ForkJoinPool.commonPool-worker-1] INFO  segmented.SegmentedRaftLogWorker (SegmentedRaftLogWorker.java:close(228)) - 4d7f1931-da22-4277-8e70-be8e40e12960@group-11E183A12089-SegmentedRaftLogWorker close()
2019-09-25 12:50:05,938 [ForkJoinPool.commonPool-worker-1] INFO  server.GrpcService (GrpcService.java:closeImpl(164)) - 4d7f1931-da22-4277-8e70-be8e40e12960: shutdown server with port 35684 now
2019-09-25 12:50:05,938 [ForkJoinPool.commonPool-worker-1] INFO  server.GrpcService (GrpcService.java:closeImpl(172)) - 4d7f1931-da22-4277-8e70-be8e40e12960: shutdown server with port 35684 successfully
2019-09-25 12:50:05,941 [refreshUsed-/workdir/hadoop-ozone/integration-test/target/test-dir/MiniOzoneClusterImpl-1154d014-32d6-4989-b40a-3009b5f24e17/datanode-0/data/containers] WARN  fs.CachingGetSpaceUsed (CachingGetSpaceUsed.java:run(183)) - Thread Interrupted waiting to refresh disk information: sleep interrupted
2019-09-25 12:50:05,957 [ForkJoinPool.commonPool-worker-1] INFO  utils.BackgroundService (BackgroundService.java:shutdown(148)) - Shutting down service BlockDeletingService
2019-09-25 12:50:05,963 [ForkJoinPool.commonPool-worker-1] INFO  statemachine.DatanodeStateMachine (DatanodeStateMachine.java:stopDaemon(395)) - Ozone container server stopped.
2019-09-25 12:50:05,969 [ForkJoinPool.commonPool-worker-1] INFO  handler.ContextHandler (ContextHandler.java:doStop(910)) - Stopped o.e.j.w.WebAppContext@5ed65e4b{/,null,UNAVAILABLE}{/hddsDatanode}
2019-09-25 12:50:05,970 [ForkJoinPool.commonPool-worker-1] INFO  server.AbstractConnector (AbstractConnector.java:doStop(318)) - Stopped ServerConnector@481ed95c{HTTP/1.1,[http/1.1]}{0.0.0.0:0}
2019-09-25 12:50:05,972 [ForkJoinPool.commonPool-worker-1] INFO  handler.ContextHandler (ContextHandler.java:doStop(910)) - Stopped o.e.j.s.ServletContextHandler@586728e8{/static,jar:file:/home/user/.m2/repository/org/apache/hadoop/hadoop-hdds-container-service/0.5.0-SNAPSHOT/hadoop-hdds-container-service-0.5.0-SNAPSHOT.jar!/webapps/static,UNAVAILABLE}
2019-09-25 12:50:05,974 [ForkJoinPool.commonPool-worker-1] INFO  handler.ContextHandler (ContextHandler.java:doStop(910)) - Stopped o.e.j.s.ServletContextHandler@678586f0{/logs,file:///workdir/hadoop-ozone/integration-test/target/log,UNAVAILABLE}
2019-09-25 12:50:06,566 [Datanode State Machine Thread - 0] INFO  statemachine.DatanodeStateMachine (DatanodeStateMachine.java:lambda$startDaemon$0(350)) - Ozone container server started.
2019-09-25 12:50:10,613 [EventQueue-StaleNodeForStaleNodeHandler] INFO  node.StaleNodeHandler (StaleNodeHandler.java:onMessage(58)) - Datanode afc774d3-ff67-43cc-88c7-ca5513c32fb1{ip: 192.168.151.66, host: pr-hdds-2175-t596l-953197546, networkLocation: /default-rack, certSerialId: null} moved to stale state. Finalizing its pipelines [PipelineID=6db10af1-5fc3-4c11-b720-97d8030fd8d9]
2019-09-25 12:50:10,616 [EventQueue-StaleNodeForStaleNodeHandler] INFO  pipeline.SCMPipelineManager (SCMPipelineManager.java:finalizeAndDestroyPipeline(315)) - destroying pipeline:Pipeline[ Id: 6db10af1-5fc3-4c11-b720-97d8030fd8d9, Nodes: afc774d3-ff67-43cc-88c7-ca5513c32fb1{ip: 192.168.151.66, host: pr-hdds-2175-t596l-953197546, networkLocation: /default-rack, certSerialId: null}, Type:RATIS, Factor:ONE, State:OPEN]
2019-09-25 12:50:10,616 [EventQueue-StaleNodeForStaleNodeHandler] INFO  pipeline.PipelineStateManager (PipelineStateManager.java:finalizePipeline(123)) - Pipeline Pipeline[ Id: 6db10af1-5fc3-4c11-b720-97d8030fd8d9, Nodes: afc774d3-ff67-43cc-88c7-ca5513c32fb1{ip: 192.168.151.66, host: pr-hdds-2175-t596l-953197546, networkLocation: /default-rack, certSerialId: null}, Type:RATIS, Factor:ONE, State:CLOSED] moved to CLOSED state
2019-09-25 12:50:10,940 [main] INFO  ozoneimpl.OzoneContainer (OzoneContainer.java:stop(231)) - Attempting to stop container services.
2019-09-25 12:50:10,942 [main] INFO  impl.RaftServerProxy (RaftServerProxy.java:lambda$close$4(314)) - afc774d3-ff67-43cc-88c7-ca5513c32fb1: close
2019-09-25 12:50:10,942 [main] INFO  impl.RaftServerImpl (RaftServerImpl.java:lambda$shutdown$3(251)) - afc774d3-ff67-43cc-88c7-ca5513c32fb1@group-97D8030FD8D9: shutdown
2019-09-25 12:50:10,943 [main] INFO  util.JmxRegister (JmxRegister.java:unregister(73)) - Successfully un-registered JMX Bean with object name Ratis:service=RaftServer,group=group-97D8030FD8D9,id=afc774d3-ff67-43cc-88c7-ca5513c32fb1
2019-09-25 12:50:10,943 [main] INFO  impl.RoleInfo (RoleInfo.java:shutdownLeaderState(104)) - afc774d3-ff67-43cc-88c7-ca5513c32fb1: shutdown LeaderState
2019-09-25 12:50:10,944 [main] INFO  impl.PendingRequests (PendingRequests.java:sendNotLeaderResponses(202)) - afc774d3-ff67-43cc-88c7-ca5513c32fb1-PendingRequests: sendNotLeaderResponses
2019-09-25 12:50:10,946 [main] INFO  impl.StateMachineUpdater (StateMachineUpdater.java:stopAndJoin(125)) - afc774d3-ff67-43cc-88c7-ca5513c32fb1@group-97D8030FD8D9-StateMachineUpdater: set stopIndex = 0
2019-09-25 12:50:10,946 [main] INFO  impl.RaftServerImpl (ServerState.java:close(385)) - afc774d3-ff67-43cc-88c7-ca5513c32fb1@group-97D8030FD8D9: closes. applyIndex: 0
2019-09-25 12:50:10,947 [afc774d3-ff67-43cc-88c7-ca5513c32fb1@group-97D8030FD8D9-SegmentedRaftLogWorker] INFO  segmented.SegmentedRaftLogWorker (SegmentedRaftLogWorker.java:run(313)) - afc774d3-ff67-43cc-88c7-ca5513c32fb1@group-97D8030FD8D9-SegmentedRaftLogWorker was interrupted, exiting. There are 0 tasks remaining in the queue.
2019-09-25 12:50:10,948 [main] INFO  segmented.SegmentedRaftLogWorker (SegmentedRaftLogWorker.java:close(228)) - afc774d3-ff67-43cc-88c7-ca5513c32fb1@group-97D8030FD8D9-SegmentedRaftLogWorker close()
2019-09-25 12:50:10,949 [main] INFO  server.GrpcService (GrpcService.java:closeImpl(164)) - afc774d3-ff67-43cc-88c7-ca5513c32fb1: shutdown server with port 41155 now
2019-09-25 12:50:10,950 [main] INFO  server.GrpcService (GrpcService.java:closeImpl(172)) - afc774d3-ff67-43cc-88c7-ca5513c32fb1: shutdown server with port 41155 successfully
2019-09-25 12:50:10,956 [refreshUsed-/workdir/hadoop-ozone/integration-test/target/test-dir/MiniOzoneClusterImpl-1154d014-32d6-4989-b40a-3009b5f24e17/datanode-5/data/containers] WARN  fs.CachingGetSpaceUsed (CachingGetSpaceUsed.java:run(183)) - Thread Interrupted waiting to refresh disk information: sleep interrupted
2019-09-25 12:50:10,975 [main] INFO  utils.BackgroundService (BackgroundService.java:shutdown(148)) - Shutting down service BlockDeletingService
2019-09-25 12:50:10,983 [main] INFO  statemachine.DatanodeStateMachine (DatanodeStateMachine.java:stopDaemon(395)) - Ozone container server stopped.
2019-09-25 12:50:10,986 [main] INFO  handler.ContextHandler (ContextHandler.java:doStop(910)) - Stopped o.e.j.w.WebAppContext@4ad1a276{/,null,UNAVAILABLE}{/hddsDatanode}
2019-09-25 12:50:10,987 [main] INFO  server.AbstractConnector (AbstractConnector.java:doStop(318)) - Stopped ServerConnector@4a833595{HTTP/1.1,[http/1.1]}{0.0.0.0:0}
2019-09-25 12:50:10,987 [main] INFO  handler.ContextHandler (ContextHandler.java:doStop(910)) - Stopped o.e.j.s.ServletContextHandler@1fc1c7e{/static,jar:file:/home/user/.m2/repository/org/apache/hadoop/hadoop-hdds-container-service/0.5.0-SNAPSHOT/hadoop-hdds-container-service-0.5.0-SNAPSHOT.jar!/webapps/static,UNAVAILABLE}
2019-09-25 12:50:10,988 [main] INFO  handler.ContextHandler (ContextHandler.java:doStop(910)) - Stopped o.e.j.s.ServletContextHandler@31d4b3e8{/logs,file:///workdir/hadoop-ozone/integration-test/target/log,UNAVAILABLE}
2019-09-25 12:50:10,989 [main] INFO  ozone.MiniOzoneClusterImpl (MiniOzoneClusterImpl.java:stopSCM(392)) - Stopping the StorageContainerManager
2019-09-25 12:50:10,989 [main] INFO  server.StorageContainerManager (StorageContainerManager.java:stop(808)) - Stopping Replication Manager Service.
2019-09-25 12:50:10,990 [main] INFO  container.ReplicationManager (ReplicationManager.java:stop(203)) - Stopping Replication Monitor Thread.
2019-09-25 12:50:10,990 [main] INFO  server.StorageContainerManager (StorageContainerManager.java:stop(815)) - Stopping Lease Manager of the command watchers
2019-09-25 12:50:10,990 [main] INFO  server.StorageContainerManager (StorageContainerManager.java:stop(822)) - Stopping datanode service RPC server
2019-09-25 12:50:10,990 [main] INFO  server.SCMDatanodeProtocolServer (SCMDatanodeProtocolServer.java:stop(367)) - Stopping the RPC server for DataNodes
2019-09-25 12:50:10,990 [main] INFO  ipc.Server (Server.java:stop(3082)) - Stopping server on 34595
2019-09-25 12:50:10,993 [IPC Server listener on 34595] INFO  ipc.Server (Server.java:run(1185)) - Stopping IPC Server listener on 34595
2019-09-25 12:50:10,995 [IPC Server Responder] INFO  ipc.Server (Server.java:run(1319)) - Stopping IPC Server Responder
2019-09-25 12:50:11,013 [SCM Heartbeat Processing Thread - 0] WARN  node.NodeStateManager (NodeStateManager.java:scheduleNextHealthCheck(646)) - Current Thread is interrupted, shutting down HB processing thread for Node Manager.
2019-09-25 12:50:11,013 [main] INFO  server.StorageContainerManager (StorageContainerManager.java:stop(830)) - Stopping block service RPC server
2019-09-25 12:50:11,014 [main] INFO  server.SCMBlockProtocolServer (SCMBlockProtocolServer.java:stop(155)) - Stopping the RPC server for Block Protocol
2019-09-25 12:50:11,014 [main] INFO  ipc.Server (Server.java:stop(3082)) - Stopping server on 40461
2019-09-25 12:50:11,017 [IPC Server listener on 40461] INFO  ipc.Server (Server.java:run(1185)) - Stopping IPC Server listener on 40461
2019-09-25 12:50:11,017 [main] INFO  server.StorageContainerManager (StorageContainerManager.java:stop(837)) - Stopping the StorageContainerLocationProtocol RPC server
2019-09-25 12:50:11,017 [IPC Server Responder] INFO  ipc.Server (Server.java:run(1319)) - Stopping IPC Server Responder
2019-09-25 12:50:11,018 [main] INFO  server.SCMClientProtocolServer (SCMClientProtocolServer.java:stop(159)) - Stopping the RPC server for Client Protocol
2019-09-25 12:50:11,018 [main] INFO  ipc.Server (Server.java:stop(3082)) - Stopping server on 39401
2019-09-25 12:50:11,028 [IPC Server listener on 39401] INFO  ipc.Server (Server.java:run(1185)) - Stopping IPC Server listener on 39401
2019-09-25 12:50:11,028 [main] INFO  server.StorageContainerManager (StorageContainerManager.java:stop(844)) - Stopping Storage Container Manager HTTP server.
2019-09-25 12:50:11,029 [IPC Server Responder] INFO  ipc.Server (Server.java:run(1319)) - Stopping IPC Server Responder
2019-09-25 12:50:11,030 [main] INFO  handler.ContextHandler (ContextHandler.java:doStop(910)) - Stopped o.e.j.w.WebAppContext@d3cce46{/,null,UNAVAILABLE}{/scm}
2019-09-25 12:50:11,031 [main] INFO  server.AbstractConnector (AbstractConnector.java:doStop(318)) - Stopped ServerConnector@30eedaa4{HTTP/1.1,[http/1.1]}{0.0.0.0:0}
2019-09-25 12:50:11,031 [main] INFO  handler.ContextHandler (ContextHandler.java:doStop(910)) - Stopped o.e.j.s.ServletContextHandler@32e697ac{/static,file:///workdir/hadoop-ozone/integration-test/target/test-classes/webapps/static,UNAVAILABLE}
2019-09-25 12:50:11,031 [main] INFO  handler.ContextHandler (ContextHandler.java:doStop(910)) - Stopped o.e.j.s.ServletContextHandler@4beae1e3{/logs,file:///workdir/hadoop-ozone/integration-test/target/log,UNAVAILABLE}
2019-09-25 12:50:11,032 [main] INFO  server.StorageContainerManager (StorageContainerManager.java:stop(855)) - Stopping Block Manager Service.
2019-09-25 12:50:11,032 [main] INFO  utils.BackgroundService (BackgroundService.java:shutdown(148)) - Shutting down service SCMBlockDeletingService
2019-09-25 12:50:11,034 [main] INFO  utils.BackgroundService (BackgroundService.java:shutdown(148)) - Shutting down service SCMBlockDeletingService
2019-09-25 12:50:11,035 [main] INFO  server.StorageContainerManager (StorageContainerManager.java:stop(877)) - Stopping SCM Event Queue.
2019-09-25 12:50:11,041 [main] INFO  impl.MetricsSystemImpl (MetricsSystemImpl.java:stop(210)) - Stopping HddsDatanode metrics system...
2019-09-25 12:50:11,078 [main] INFO  impl.MetricsSystemImpl (MetricsSystemImpl.java:stop(216)) - HddsDatanode metrics system stopped.
]]></system-out>
    <system-err><![CDATA[Sep 25, 2019 12:49:55 PM org.apache.ratis.thirdparty.io.grpc.internal.SerializingExecutor run
SEVERE: Exception while executing runnable org.apache.ratis.thirdparty.io.grpc.internal.ServerImpl$JumpToApplicationThreadServerStreamListener$1Closed@13494cb4
org.apache.ratis.thirdparty.io.grpc.StatusRuntimeException: CANCELLED: call already cancelled
	at org.apache.ratis.thirdparty.io.grpc.Status.asRuntimeException(Status.java:517)
	at org.apache.ratis.thirdparty.io.grpc.stub.ServerCalls$ServerCallStreamObserverImpl.onCompleted(ServerCalls.java:356)
	at org.apache.ratis.grpc.server.GrpcServerProtocolService$ServerRequestStreamObserver.onError(GrpcServerProtocolService.java:121)
	at org.apache.ratis.thirdparty.io.grpc.stub.ServerCalls$StreamingServerCallHandler$StreamingServerCallListener.onCancel(ServerCalls.java:269)
	at org.apache.ratis.thirdparty.io.grpc.internal.ServerCallImpl$ServerStreamListenerImpl.closed(ServerCallImpl.java:293)
	at org.apache.ratis.thirdparty.io.grpc.internal.ServerImpl$JumpToApplicationThreadServerStreamListener$1Closed.runInContext(ServerImpl.java:741)
	at org.apache.ratis.thirdparty.io.grpc.internal.ContextRunnable.run(ContextRunnable.java:37)
	at org.apache.ratis.thirdparty.io.grpc.internal.SerializingExecutor.run(SerializingExecutor.java:123)
	at java.util.concurrent.ThreadPoolExecutor.runWorker(ThreadPoolExecutor.java:1149)
	at java.util.concurrent.ThreadPoolExecutor$Worker.run(ThreadPoolExecutor.java:624)
	at java.lang.Thread.run(Thread.java:748)

Sep 25, 2019 12:50:00 PM org.apache.ratis.thirdparty.io.grpc.internal.SerializingExecutor run
SEVERE: Exception while executing runnable org.apache.ratis.thirdparty.io.grpc.internal.ServerImpl$JumpToApplicationThreadServerStreamListener$1Closed@17738625
org.apache.ratis.thirdparty.io.grpc.StatusRuntimeException: CANCELLED: call already cancelled
	at org.apache.ratis.thirdparty.io.grpc.Status.asRuntimeException(Status.java:517)
	at org.apache.ratis.thirdparty.io.grpc.stub.ServerCalls$ServerCallStreamObserverImpl.onCompleted(ServerCalls.java:356)
	at org.apache.ratis.grpc.server.GrpcServerProtocolService$ServerRequestStreamObserver.onError(GrpcServerProtocolService.java:121)
	at org.apache.ratis.thirdparty.io.grpc.stub.ServerCalls$StreamingServerCallHandler$StreamingServerCallListener.onCancel(ServerCalls.java:269)
	at org.apache.ratis.thirdparty.io.grpc.internal.ServerCallImpl$ServerStreamListenerImpl.closed(ServerCallImpl.java:293)
	at org.apache.ratis.thirdparty.io.grpc.internal.ServerImpl$JumpToApplicationThreadServerStreamListener$1Closed.runInContext(ServerImpl.java:741)
	at org.apache.ratis.thirdparty.io.grpc.internal.ContextRunnable.run(ContextRunnable.java:37)
	at org.apache.ratis.thirdparty.io.grpc.internal.SerializingExecutor.run(SerializingExecutor.java:123)
	at java.util.concurrent.ThreadPoolExecutor.runWorker(ThreadPoolExecutor.java:1149)
	at java.util.concurrent.ThreadPoolExecutor$Worker.run(ThreadPoolExecutor.java:624)
	at java.lang.Thread.run(Thread.java:748)

]]></system-err>
  </testcase>
</testsuite>