<?xml version="1.0" encoding="UTF-8"?>
<testsuite xmlns:xsi="http://www.w3.org/2001/XMLSchema-instance" xsi:noNamespaceSchemaLocation="https://maven.apache.org/surefire/maven-surefire-plugin/xsd/surefire-test-report.xsd" name="org.apache.hadoop.ozone.client.rpc.TestDeleteWithSlowFollower" time="134.379" tests="1" errors="0" skipped="0" failures="1">
  <properties>
    <property name="awt.toolkit" value="sun.awt.X11.XToolkit"/>
    <property name="file.encoding.pkg" value="sun.io"/>
    <property name="java.specification.version" value="1.8"/>
    <property name="sun.cpu.isalist" value=""/>
    <property name="sun.jnu.encoding" value="UTF-8"/>
    <property name="java.class.path" value="/workdir/hadoop-ozone/integration-test/target/test-classes:/workdir/hadoop-ozone/integration-test/target/classes:/home/user/.m2/repository/org/apache/hadoop/hadoop-ozone-common/0.5.0-SNAPSHOT/hadoop-ozone-common-0.5.0-SNAPSHOT.jar:/home/user/.m2/repository/org/apache/commons/commons-compress/1.4.1/commons-compress-1.4.1.jar:/home/user/.m2/repository/org/tukaani/xz/1.0/xz-1.0.jar:/home/user/.m2/repository/org/apache/hadoop/hadoop-common/3.2.0/hadoop-common-3.2.0.jar:/home/user/.m2/repository/org/apache/hadoop/hadoop-hdfs/3.2.0/hadoop-hdfs-3.2.0.jar:/home/user/.m2/repository/org/apache/hadoop/hadoop-hdfs-client/3.2.0/hadoop-hdfs-client-3.2.0.jar:/home/user/.m2/repository/com/fasterxml/jackson/core/jackson-annotations/2.9.5/jackson-annotations-2.9.5.jar:/home/user/.m2/repository/org/apache/hadoop/hadoop-hdds-common/0.5.0-SNAPSHOT/hadoop-hdds-common-0.5.0-SNAPSHOT.jar:/home/user/.m2/repository/javax/annotation/javax.annotation-api/1.2/javax.annotation-api-1.2.jar:/home/user/.m2/repository/org/apache/ratis/ratis-server/0.4.0-2337318-SNAPSHOT/ratis-server-0.4.0-2337318-SNAPSHOT.jar:/home/user/.m2/repository/org/apache/ratis/ratis-thirdparty-misc/0.2.0/ratis-thirdparty-misc-0.2.0.jar:/home/user/.m2/repository/org/apache/ratis/ratis-proto/0.4.0-2337318-SNAPSHOT/ratis-proto-0.4.0-2337318-SNAPSHOT.jar:/home/user/.m2/repository/org/apache/ratis/ratis-common/0.4.0-2337318-SNAPSHOT/ratis-common-0.4.0-2337318-SNAPSHOT.jar:/home/user/.m2/repository/org/apache/ratis/ratis-client/0.4.0-2337318-SNAPSHOT/ratis-client-0.4.0-2337318-SNAPSHOT.jar:/home/user/.m2/repository/org/apache/ratis/ratis-metrics/0.4.0-2337318-SNAPSHOT/ratis-metrics-0.4.0-2337318-SNAPSHOT.jar:/home/user/.m2/repository/org/apache/ratis/ratis-netty/0.4.0-2337318-SNAPSHOT/ratis-netty-0.4.0-2337318-SNAPSHOT.jar:/home/user/.m2/repository/org/apache/ratis/ratis-grpc/0.4.0-2337318-SNAPSHOT/ratis-grpc-0.4.0-2337318-SNAPSHOT.jar:/home/user/.m2/repository/org/rocksdb/rocksdbjni/6.0.1/rocksdbjni-6.0.1.jar:/home/user/.m2/repository/org/apache/logging/log4j/log4j-api/2.11.0/log4j-api-2.11.0.jar:/home/user/.m2/repository/org/apache/logging/log4j/log4j-core/2.11.0/log4j-core-2.11.0.jar:/home/user/.m2/repository/com/lmax/disruptor/3.4.2/disruptor-3.4.2.jar:/home/user/.m2/repository/org/apache/commons/commons-pool2/2.6.0/commons-pool2-2.6.0.jar:/home/user/.m2/repository/org/bouncycastle/bcpkix-jdk15on/1.60/bcpkix-jdk15on-1.60.jar:/home/user/.m2/repository/commons-validator/commons-validator/1.6/commons-validator-1.6.jar:/home/user/.m2/repository/commons-digester/commons-digester/1.8.1/commons-digester-1.8.1.jar:/home/user/.m2/repository/io/jaegertracing/jaeger-client/0.33.1/jaeger-client-0.33.1.jar:/home/user/.m2/repository/io/jaegertracing/jaeger-thrift/0.33.1/jaeger-thrift-0.33.1.jar:/home/user/.m2/repository/org/apache/thrift/libthrift/0.11.0/libthrift-0.11.0.jar:/home/user/.m2/repository/com/squareup/okhttp3/okhttp/3.9.0/okhttp-3.9.0.jar:/home/user/.m2/repository/com/squareup/okio/okio/1.13.0/okio-1.13.0.jar:/home/user/.m2/repository/io/jaegertracing/jaeger-core/0.33.1/jaeger-core-0.33.1.jar:/home/user/.m2/repository/io/jaegertracing/jaeger-tracerresolver/0.33.1/jaeger-tracerresolver-0.33.1.jar:/home/user/.m2/repository/io/opentracing/contrib/opentracing-tracerresolver/0.1.5/opentracing-tracerresolver-0.1.5.jar:/home/user/.m2/repository/io/opentracing/opentracing-util/0.31.0/opentracing-util-0.31.0.jar:/home/user/.m2/repository/io/opentracing/opentracing-api/0.31.0/opentracing-api-0.31.0.jar:/home/user/.m2/repository/io/opentracing/opentracing-noop/0.31.0/opentracing-noop-0.31.0.jar:/home/user/.m2/repository/org/apache/hadoop/hadoop-hdds-server-framework/0.5.0-SNAPSHOT/hadoop-hdds-server-framework-0.5.0-SNAPSHOT.jar:/home/user/.m2/repository/org/apache/hadoop/hadoop-hdds-container-service/0.5.0-SNAPSHOT/hadoop-hdds-container-service-0.5.0-SNAPSHOT.jar:/home/user/.m2/repository/org/apache/hadoop/hadoop-hdds-client/0.5.0-SNAPSHOT/hadoop-hdds-client-0.5.0-SNAPSHOT.jar:/home/user/.m2/repository/org/apache/hadoop/hadoop-hdds-tools/0.5.0-SNAPSHOT/hadoop-hdds-tools-0.5.0-SNAPSHOT.jar:/home/user/.m2/repository/org/apache/hadoop/hadoop-hdds-server-scm/0.5.0-SNAPSHOT/hadoop-hdds-server-scm-0.5.0-SNAPSHOT.jar:/home/user/.m2/repository/org/apache/hadoop/hadoop-hdds-docs/0.5.0-SNAPSHOT/hadoop-hdds-docs-0.5.0-SNAPSHOT.jar:/home/user/.m2/repository/io/dropwizard/metrics/metrics-core/3.2.4/metrics-core-3.2.4.jar:/home/user/.m2/repository/org/hamcrest/hamcrest-all/1.3/hamcrest-all-1.3.jar:/home/user/.m2/repository/org/bouncycastle/bcprov-jdk15on/1.60/bcprov-jdk15on-1.60.jar:/home/user/.m2/repository/info/picocli/picocli/3.9.6/picocli-3.9.6.jar:/home/user/.m2/repository/com/google/protobuf/protobuf-java/2.5.0/protobuf-java-2.5.0.jar:/home/user/.m2/repository/com/google/guava/guava/11.0.2/guava-11.0.2.jar:/home/user/.m2/repository/org/apache/hadoop/hadoop-ozone-ozone-manager/0.5.0-SNAPSHOT/hadoop-ozone-ozone-manager-0.5.0-SNAPSHOT.jar:/home/user/.m2/repository/org/apache/hadoop/hadoop-minikdc/3.2.0/hadoop-minikdc-3.2.0.jar:/home/user/.m2/repository/commons-io/commons-io/2.5/commons-io-2.5.jar:/home/user/.m2/repository/org/apache/kerby/kerb-simplekdc/1.0.1/kerb-simplekdc-1.0.1.jar:/home/user/.m2/repository/org/apache/kerby/kerb-client/1.0.1/kerb-client-1.0.1.jar:/home/user/.m2/repository/org/apache/kerby/kerby-config/1.0.1/kerby-config-1.0.1.jar:/home/user/.m2/repository/org/apache/kerby/kerb-core/1.0.1/kerb-core-1.0.1.jar:/home/user/.m2/repository/org/apache/kerby/kerby-pkix/1.0.1/kerby-pkix-1.0.1.jar:/home/user/.m2/repository/org/apache/kerby/kerby-asn1/1.0.1/kerby-asn1-1.0.1.jar:/home/user/.m2/repository/org/apache/kerby/kerby-util/1.0.1/kerby-util-1.0.1.jar:/home/user/.m2/repository/org/apache/kerby/kerb-common/1.0.1/kerb-common-1.0.1.jar:/home/user/.m2/repository/org/apache/kerby/kerb-crypto/1.0.1/kerb-crypto-1.0.1.jar:/home/user/.m2/repository/org/apache/kerby/kerb-util/1.0.1/kerb-util-1.0.1.jar:/home/user/.m2/repository/org/apache/kerby/token-provider/1.0.1/token-provider-1.0.1.jar:/home/user/.m2/repository/org/apache/kerby/kerb-admin/1.0.1/kerb-admin-1.0.1.jar:/home/user/.m2/repository/org/apache/kerby/kerb-server/1.0.1/kerb-server-1.0.1.jar:/home/user/.m2/repository/org/apache/kerby/kerb-identity/1.0.1/kerb-identity-1.0.1.jar:/home/user/.m2/repository/org/apache/kerby/kerby-xdr/1.0.1/kerby-xdr-1.0.1.jar:/home/user/.m2/repository/org/slf4j/slf4j-log4j12/1.7.25/slf4j-log4j12-1.7.25.jar:/home/user/.m2/repository/org/apache/hadoop/hadoop-ozone-s3gateway/0.5.0-SNAPSHOT/hadoop-ozone-s3gateway-0.5.0-SNAPSHOT.jar:/home/user/.m2/repository/org/jboss/weld/servlet/weld-servlet/2.4.7.Final/weld-servlet-2.4.7.Final.jar:/home/user/.m2/repository/org/glassfish/jersey/containers/jersey-container-servlet-core/2.27/jersey-container-servlet-core-2.27.jar:/home/user/.m2/repository/org/glassfish/hk2/external/javax.inject/2.5.0-b42/javax.inject-2.5.0-b42.jar:/home/user/.m2/repository/org/glassfish/jersey/core/jersey-common/2.27/jersey-common-2.27.jar:/home/user/.m2/repository/org/glassfish/hk2/osgi-resource-locator/1.0.1/osgi-resource-locator-1.0.1.jar:/home/user/.m2/repository/javax/ws/rs/javax.ws.rs-api/2.1/javax.ws.rs-api-2.1.jar:/home/user/.m2/repository/org/glassfish/jersey/ext/cdi/jersey-cdi1x/2.27/jersey-cdi1x-2.27.jar:/home/user/.m2/repository/org/glassfish/jersey/inject/jersey-hk2/2.27/jersey-hk2-2.27.jar:/home/user/.m2/repository/org/glassfish/hk2/hk2-locator/2.5.0-b42/hk2-locator-2.5.0-b42.jar:/home/user/.m2/repository/org/javassist/javassist/3.22.0-CR2/javassist-3.22.0-CR2.jar:/home/user/.m2/repository/org/glassfish/hk2/hk2-api/2.5.0/hk2-api-2.5.0.jar:/home/user/.m2/repository/org/glassfish/hk2/external/jakarta.inject/2.5.0/jakarta.inject-2.5.0.jar:/home/user/.m2/repository/org/glassfish/hk2/hk2-utils/2.5.0/hk2-utils-2.5.0.jar:/home/user/.m2/repository/jakarta/annotation/jakarta.annotation-api/1.3.4/jakarta.annotation-api-1.3.4.jar:/home/user/.m2/repository/org/glassfish/hk2/external/aopalliance-repackaged/2.5.0/aopalliance-repackaged-2.5.0.jar:/home/user/.m2/repository/com/fasterxml/jackson/dataformat/jackson-dataformat-xml/2.9.0/jackson-dataformat-xml-2.9.0.jar:/home/user/.m2/repository/com/fasterxml/jackson/core/jackson-core/2.9.5/jackson-core-2.9.5.jar:/home/user/.m2/repository/com/fasterxml/jackson/module/jackson-module-jaxb-annotations/2.9.5/jackson-module-jaxb-annotations-2.9.5.jar:/home/user/.m2/repository/javax/enterprise/cdi-api/1.2/cdi-api-1.2.jar:/home/user/.m2/repository/javax/el/javax.el-api/3.0.0/javax.el-api-3.0.0.jar:/home/user/.m2/repository/javax/interceptor/javax.interceptor-api/1.2/javax.interceptor-api-1.2.jar:/home/user/.m2/repository/javax/inject/javax.inject/1/javax.inject-1.jar:/home/user/.m2/repository/com/sun/xml/bind/jaxb-impl/2.3.0.1/jaxb-impl-2.3.0.1.jar:/home/user/.m2/repository/com/sun/xml/bind/jaxb-core/2.3.0.1/jaxb-core-2.3.0.1.jar:/home/user/.m2/repository/javax/xml/bind/jaxb-api/2.3.0/jaxb-api-2.3.0.jar:/home/user/.m2/repository/javax/activation/activation/1.1.1/activation-1.1.1.jar:/home/user/.m2/repository/org/apache/hadoop/hadoop-ozone-csi/0.5.0-SNAPSHOT/hadoop-ozone-csi-0.5.0-SNAPSHOT.jar:/home/user/.m2/repository/com/google/protobuf/protobuf-java-util/3.5.1/protobuf-java-util-3.5.1.jar:/home/user/.m2/repository/org/apache/hadoop/hadoop-hdds-config/0.5.0-SNAPSHOT/hadoop-hdds-config-0.5.0-SNAPSHOT.jar:/home/user/.m2/repository/io/grpc/grpc-netty/1.17.1/grpc-netty-1.17.1.jar:/home/user/.m2/repository/io/grpc/grpc-core/1.17.1/grpc-core-1.17.1.jar:/home/user/.m2/repository/io/grpc/grpc-context/1.17.1/grpc-context-1.17.1.jar:/home/user/.m2/repository/com/google/errorprone/error_prone_annotations/2.2.0/error_prone_annotations-2.2.0.jar:/home/user/.m2/repository/org/codehaus/mojo/animal-sniffer-annotations/1.17/animal-sniffer-annotations-1.17.jar:/home/user/.m2/repository/io/opencensus/opencensus-api/0.17.0/opencensus-api-0.17.0.jar:/home/user/.m2/repository/io/opencensus/opencensus-contrib-grpc-metrics/0.17.0/opencensus-contrib-grpc-metrics-0.17.0.jar:/home/user/.m2/repository/io/netty/netty-codec-http2/4.1.30.Final/netty-codec-http2-4.1.30.Final.jar:/home/user/.m2/repository/io/netty/netty-codec-http/4.1.30.Final/netty-codec-http-4.1.30.Final.jar:/home/user/.m2/repository/io/netty/netty-codec/4.1.30.Final/netty-codec-4.1.30.Final.jar:/home/user/.m2/repository/io/netty/netty-handler/4.1.30.Final/netty-handler-4.1.30.Final.jar:/home/user/.m2/repository/io/netty/netty-handler-proxy/4.1.30.Final/netty-handler-proxy-4.1.30.Final.jar:/home/user/.m2/repository/io/netty/netty-codec-socks/4.1.30.Final/netty-codec-socks-4.1.30.Final.jar:/home/user/.m2/repository/io/netty/netty-transport-native-epoll/4.1.30.Final/netty-transport-native-epoll-4.1.30.Final.jar:/home/user/.m2/repository/io/netty/netty-common/4.1.30.Final/netty-common-4.1.30.Final.jar:/home/user/.m2/repository/io/netty/netty-buffer/4.1.30.Final/netty-buffer-4.1.30.Final.jar:/home/user/.m2/repository/io/netty/netty-transport/4.1.30.Final/netty-transport-4.1.30.Final.jar:/home/user/.m2/repository/io/netty/netty-resolver/4.1.30.Final/netty-resolver-4.1.30.Final.jar:/home/user/.m2/repository/io/netty/netty-transport-native-unix-common/4.1.30.Final/netty-transport-native-unix-common-4.1.30.Final.jar:/home/user/.m2/repository/io/grpc/grpc-protobuf/1.17.1/grpc-protobuf-1.17.1.jar:/home/user/.m2/repository/com/google/api/grpc/proto-google-common-protos/1.0.0/proto-google-common-protos-1.0.0.jar:/home/user/.m2/repository/io/grpc/grpc-protobuf-lite/1.17.1/grpc-protobuf-lite-1.17.1.jar:/home/user/.m2/repository/io/grpc/grpc-stub/1.17.1/grpc-stub-1.17.1.jar:/home/user/.m2/repository/org/apache/hadoop/hadoop-ozone-recon/0.5.0-SNAPSHOT/hadoop-ozone-recon-0.5.0-SNAPSHOT.jar:/home/user/.m2/repository/org/apache/hadoop/hadoop-ozone-reconcodegen/0.5.0-SNAPSHOT/hadoop-ozone-reconcodegen-0.5.0-SNAPSHOT.jar:/home/user/.m2/repository/com/google/inject/extensions/guice-multibindings/4.0/guice-multibindings-4.0.jar:/home/user/.m2/repository/com/google/inject/guice/4.0/guice-4.0.jar:/home/user/.m2/repository/aopalliance/aopalliance/1.0/aopalliance-1.0.jar:/home/user/.m2/repository/com/google/inject/extensions/guice-servlet/4.0/guice-servlet-4.0.jar:/home/user/.m2/repository/org/glassfish/jersey/containers/jersey-container-servlet/2.27/jersey-container-servlet-2.27.jar:/home/user/.m2/repository/org/glassfish/hk2/guice-bridge/2.5.0/guice-bridge-2.5.0.jar:/home/user/.m2/repository/org/glassfish/jersey/core/jersey-server/2.27/jersey-server-2.27.jar:/home/user/.m2/repository/org/glassfish/jersey/core/jersey-client/2.27/jersey-client-2.27.jar:/home/user/.m2/repository/org/glassfish/jersey/media/jersey-media-jaxb/2.27/jersey-media-jaxb-2.27.jar:/home/user/.m2/repository/javax/validation/validation-api/1.1.0.Final/validation-api-1.1.0.Final.jar:/home/user/.m2/repository/org/glassfish/jersey/media/jersey-media-json-jackson/2.27/jersey-media-json-jackson-2.27.jar:/home/user/.m2/repository/org/glassfish/jersey/ext/jersey-entity-filtering/2.27/jersey-entity-filtering-2.27.jar:/home/user/.m2/repository/com/google/inject/extensions/guice-assistedinject/4.0/guice-assistedinject-4.0.jar:/home/user/.m2/repository/org/jooq/jooq/3.11.10/jooq-3.11.10.jar:/home/user/.m2/repository/org/jooq/jooq-meta/3.11.10/jooq-meta-3.11.10.jar:/home/user/.m2/repository/org/jooq/jooq-codegen/3.11.10/jooq-codegen-3.11.10.jar:/home/user/.m2/repository/com/jolbox/bonecp/0.8.0.RELEASE/bonecp-0.8.0.RELEASE.jar:/home/user/.m2/repository/org/xerial/sqlite-jdbc/3.25.2/sqlite-jdbc-3.25.2.jar:/home/user/.m2/repository/org/springframework/spring-jdbc/5.1.3.RELEASE/spring-jdbc-5.1.3.RELEASE.jar:/home/user/.m2/repository/org/springframework/spring-beans/5.1.3.RELEASE/spring-beans-5.1.3.RELEASE.jar:/home/user/.m2/repository/org/springframework/spring-core/5.1.3.RELEASE/spring-core-5.1.3.RELEASE.jar:/home/user/.m2/repository/org/springframework/spring-jcl/5.1.3.RELEASE/spring-jcl-5.1.3.RELEASE.jar:/home/user/.m2/repository/org/springframework/spring-tx/5.1.3.RELEASE/spring-tx-5.1.3.RELEASE.jar:/home/user/.m2/repository/org/apache/hadoop/hadoop-ozone-client/0.5.0-SNAPSHOT/hadoop-ozone-client-0.5.0-SNAPSHOT.jar:/home/user/.m2/repository/commons-lang/commons-lang/2.6/commons-lang-2.6.jar:/home/user/.m2/repository/org/apache/hadoop/hadoop-ozone-ozone-manager/0.5.0-SNAPSHOT/hadoop-ozone-ozone-manager-0.5.0-SNAPSHOT-tests.jar:/home/user/.m2/repository/junit/junit/4.11/junit-4.11.jar:/home/user/.m2/repository/org/hamcrest/hamcrest-core/1.3/hamcrest-core-1.3.jar:/home/user/.m2/repository/org/openjdk/jmh/jmh-core/1.19/jmh-core-1.19.jar:/home/user/.m2/repository/net/sf/jopt-simple/jopt-simple/4.6/jopt-simple-4.6.jar:/home/user/.m2/repository/org/apache/commons/commons-math3/3.1.1/commons-math3-3.1.1.jar:/home/user/.m2/repository/org/openjdk/jmh/jmh-generator-annprocess/1.19/jmh-generator-annprocess-1.19.jar:/home/user/.m2/repository/org/mockito/mockito-all/1.8.5/mockito-all-1.8.5.jar:/home/user/.m2/repository/org/apache/hadoop/hadoop-kms/3.2.0/hadoop-kms-3.2.0.jar:/home/user/.m2/repository/org/apache/hadoop/hadoop-auth/3.2.0/hadoop-auth-3.2.0.jar:/home/user/.m2/repository/com/nimbusds/nimbus-jose-jwt/4.41.1/nimbus-jose-jwt-4.41.1.jar:/home/user/.m2/repository/com/github/stephenc/jcip/jcip-annotations/1.0-1/jcip-annotations-1.0-1.jar:/home/user/.m2/repository/net/minidev/json-smart/2.3/json-smart-2.3.jar:/home/user/.m2/repository/net/minidev/accessors-smart/1.2/accessors-smart-1.2.jar:/home/user/.m2/repository/org/ow2/asm/asm/5.0.4/asm-5.0.4.jar:/home/user/.m2/repository/org/apache/curator/curator-framework/2.12.0/curator-framework-2.12.0.jar:/home/user/.m2/repository/com/sun/jersey/jersey-core/1.19/jersey-core-1.19.jar:/home/user/.m2/repository/javax/ws/rs/jsr311-api/1.1.1/jsr311-api-1.1.1.jar:/home/user/.m2/repository/com/sun/jersey/jersey-server/1.19/jersey-server-1.19.jar:/home/user/.m2/repository/javax/servlet/javax.servlet-api/3.1.0/javax.servlet-api-3.1.0.jar:/home/user/.m2/repository/org/eclipse/jetty/jetty-server/9.3.24.v20180605/jetty-server-9.3.24.v20180605.jar:/home/user/.m2/repository/org/eclipse/jetty/jetty-http/9.3.24.v20180605/jetty-http-9.3.24.v20180605.jar:/home/user/.m2/repository/org/eclipse/jetty/jetty-io/9.3.24.v20180605/jetty-io-9.3.24.v20180605.jar:/home/user/.m2/repository/org/eclipse/jetty/jetty-webapp/9.3.24.v20180605/jetty-webapp-9.3.24.v20180605.jar:/home/user/.m2/repository/org/eclipse/jetty/jetty-xml/9.3.24.v20180605/jetty-xml-9.3.24.v20180605.jar:/home/user/.m2/repository/log4j/log4j/1.2.17/log4j-1.2.17.jar:/home/user/.m2/repository/org/slf4j/slf4j-api/1.7.25/slf4j-api-1.7.25.jar:/home/user/.m2/repository/org/slf4j/jul-to-slf4j/1.7.25/jul-to-slf4j-1.7.25.jar:/home/user/.m2/repository/org/eclipse/jetty/jetty-util/9.3.24.v20180605/jetty-util-9.3.24.v20180605.jar:/home/user/.m2/repository/com/fasterxml/jackson/core/jackson-databind/2.9.5/jackson-databind-2.9.5.jar:/home/user/.m2/repository/org/apache/hadoop/hadoop-kms/3.2.0/hadoop-kms-3.2.0-tests.jar:/home/user/.m2/repository/org/apache/hadoop/hadoop-hdds-server-scm/0.5.0-SNAPSHOT/hadoop-hdds-server-scm-0.5.0-SNAPSHOT-tests.jar:/home/user/.m2/repository/org/apache/hadoop/hadoop-hdds-container-service/0.5.0-SNAPSHOT/hadoop-hdds-container-service-0.5.0-SNAPSHOT-tests.jar:/home/user/.m2/repository/org/yaml/snakeyaml/1.16/snakeyaml-1.16.jar:/home/user/.m2/repository/org/apache/hadoop/hadoop-common/3.2.0/hadoop-common-3.2.0-tests.jar:/home/user/.m2/repository/org/apache/hadoop/hadoop-annotations/3.2.0/hadoop-annotations-3.2.0.jar:/usr/lib/jvm/java-1.8-openjdk/jre/../lib/tools.jar:/home/user/.m2/repository/commons-cli/commons-cli/1.2/commons-cli-1.2.jar:/home/user/.m2/repository/org/apache/httpcomponents/httpclient/4.5.2/httpclient-4.5.2.jar:/home/user/.m2/repository/org/apache/httpcomponents/httpcore/4.4.4/httpcore-4.4.4.jar:/home/user/.m2/repository/commons-codec/commons-codec/1.11/commons-codec-1.11.jar:/home/user/.m2/repository/commons-net/commons-net/3.6/commons-net-3.6.jar:/home/user/.m2/repository/commons-collections/commons-collections/3.2.2/commons-collections-3.2.2.jar:/home/user/.m2/repository/org/eclipse/jetty/jetty-servlet/9.3.24.v20180605/jetty-servlet-9.3.24.v20180605.jar:/home/user/.m2/repository/org/eclipse/jetty/jetty-security/9.3.24.v20180605/jetty-security-9.3.24.v20180605.jar:/home/user/.m2/repository/javax/servlet/jsp/jsp-api/2.1/jsp-api-2.1.jar:/home/user/.m2/repository/com/sun/jersey/jersey-servlet/1.19/jersey-servlet-1.19.jar:/home/user/.m2/repository/com/sun/jersey/jersey-json/1.19/jersey-json-1.19.jar:/home/user/.m2/repository/org/codehaus/jettison/jettison/1.1/jettison-1.1.jar:/home/user/.m2/repository/org/codehaus/jackson/jackson-core-asl/1.9.13/jackson-core-asl-1.9.13.jar:/home/user/.m2/repository/org/codehaus/jackson/jackson-mapper-asl/1.9.13/jackson-mapper-asl-1.9.13.jar:/home/user/.m2/repository/org/codehaus/jackson/jackson-jaxrs/1.9.13/jackson-jaxrs-1.9.13.jar:/home/user/.m2/repository/org/codehaus/jackson/jackson-xc/1.9.13/jackson-xc-1.9.13.jar:/home/user/.m2/repository/commons-logging/commons-logging/1.1.3/commons-logging-1.1.3.jar:/home/user/.m2/repository/commons-beanutils/commons-beanutils/1.9.3/commons-beanutils-1.9.3.jar:/home/user/.m2/repository/org/apache/commons/commons-configuration2/2.1.1/commons-configuration2-2.1.1.jar:/home/user/.m2/repository/org/apache/commons/commons-lang3/3.7/commons-lang3-3.7.jar:/home/user/.m2/repository/org/apache/commons/commons-text/1.4/commons-text-1.4.jar:/home/user/.m2/repository/org/apache/avro/avro/1.7.7/avro-1.7.7.jar:/home/user/.m2/repository/com/thoughtworks/paranamer/paranamer/2.3/paranamer-2.3.jar:/home/user/.m2/repository/org/xerial/snappy/snappy-java/1.0.5/snappy-java-1.0.5.jar:/home/user/.m2/repository/com/google/re2j/re2j/1.1/re2j-1.1.jar:/home/user/.m2/repository/com/google/code/gson/gson/2.2.4/gson-2.2.4.jar:/home/user/.m2/repository/com/jcraft/jsch/0.1.54/jsch-0.1.54.jar:/home/user/.m2/repository/org/apache/curator/curator-client/2.12.0/curator-client-2.12.0.jar:/home/user/.m2/repository/org/apache/curator/curator-recipes/2.12.0/curator-recipes-2.12.0.jar:/home/user/.m2/repository/com/google/code/findbugs/jsr305/3.0.0/jsr305-3.0.0.jar:/home/user/.m2/repository/org/apache/htrace/htrace-core4/4.1.0-incubating/htrace-core4-4.1.0-incubating.jar:/home/user/.m2/repository/org/apache/zookeeper/zookeeper/3.4.13/zookeeper-3.4.13.jar:/home/user/.m2/repository/org/apache/yetus/audience-annotations/0.5.0/audience-annotations-0.5.0.jar:/home/user/.m2/repository/org/codehaus/woodstox/stax2-api/3.1.4/stax2-api-3.1.4.jar:/home/user/.m2/repository/com/fasterxml/woodstox/woodstox-core/5.0.3/woodstox-core-5.0.3.jar:/home/user/.m2/repository/dnsjava/dnsjava/2.1.7/dnsjava-2.1.7.jar:/home/user/.m2/repository/org/apache/hadoop/hadoop-hdfs/3.2.0/hadoop-hdfs-3.2.0-tests.jar:/home/user/.m2/repository/org/eclipse/jetty/jetty-util-ajax/9.3.24.v20180605/jetty-util-ajax-9.3.24.v20180605.jar:/home/user/.m2/repository/commons-daemon/commons-daemon/1.0.13/commons-daemon-1.0.13.jar:/home/user/.m2/repository/io/netty/netty/3.10.5.Final/netty-3.10.5.Final.jar:/home/user/.m2/repository/io/netty/netty-all/4.0.52.Final/netty-all-4.0.52.Final.jar:/home/user/.m2/repository/org/fusesource/leveldbjni/leveldbjni-all/1.8/leveldbjni-all-1.8.jar:"/>
    <property name="java.vm.vendor" value="IcedTea"/>
    <property name="sun.arch.data.model" value="64"/>
    <property name="test.build.dir" value="/workdir/hadoop-ozone/integration-test/target/test-dir"/>
    <property name="test.cache.data" value=""/>
    <property name="java.vendor.url" value="https://icedtea.classpath.org"/>
    <property name="user.timezone" value=""/>
    <property name="java.vm.specification.version" value="1.8"/>
    <property name="os.name" value="Linux"/>
    <property name="test.build.data" value="/workdir/hadoop-ozone/integration-test/target/test-dir"/>
    <property name="user.country" value="US"/>
    <property name="sun.java.launcher" value="SUN_STANDARD"/>
    <property name="sun.boot.library.path" value="/usr/lib/jvm/java-1.8-openjdk/jre/lib/amd64"/>
    <property name="sun.java.command" value="/workdir/hadoop-ozone/integration-test/target/surefire/surefirebooter4765527870822244682.jar /workdir/hadoop-ozone/integration-test/target/surefire 2019-08-30T05-11-51_763-jvmRun1 surefire1745566271539015049tmp surefire_323675792960378202972tmp"/>
    <property name="test" value="!TestMiniChaosOzoneCluster"/>
    <property name="surefire.test.class.path" value="/workdir/hadoop-ozone/integration-test/target/test-classes:/workdir/hadoop-ozone/integration-test/target/classes:/home/user/.m2/repository/org/apache/hadoop/hadoop-ozone-common/0.5.0-SNAPSHOT/hadoop-ozone-common-0.5.0-SNAPSHOT.jar:/home/user/.m2/repository/org/apache/commons/commons-compress/1.4.1/commons-compress-1.4.1.jar:/home/user/.m2/repository/org/tukaani/xz/1.0/xz-1.0.jar:/home/user/.m2/repository/org/apache/hadoop/hadoop-common/3.2.0/hadoop-common-3.2.0.jar:/home/user/.m2/repository/org/apache/hadoop/hadoop-hdfs/3.2.0/hadoop-hdfs-3.2.0.jar:/home/user/.m2/repository/org/apache/hadoop/hadoop-hdfs-client/3.2.0/hadoop-hdfs-client-3.2.0.jar:/home/user/.m2/repository/com/fasterxml/jackson/core/jackson-annotations/2.9.5/jackson-annotations-2.9.5.jar:/home/user/.m2/repository/org/apache/hadoop/hadoop-hdds-common/0.5.0-SNAPSHOT/hadoop-hdds-common-0.5.0-SNAPSHOT.jar:/home/user/.m2/repository/javax/annotation/javax.annotation-api/1.2/javax.annotation-api-1.2.jar:/home/user/.m2/repository/org/apache/ratis/ratis-server/0.4.0-2337318-SNAPSHOT/ratis-server-0.4.0-2337318-SNAPSHOT.jar:/home/user/.m2/repository/org/apache/ratis/ratis-thirdparty-misc/0.2.0/ratis-thirdparty-misc-0.2.0.jar:/home/user/.m2/repository/org/apache/ratis/ratis-proto/0.4.0-2337318-SNAPSHOT/ratis-proto-0.4.0-2337318-SNAPSHOT.jar:/home/user/.m2/repository/org/apache/ratis/ratis-common/0.4.0-2337318-SNAPSHOT/ratis-common-0.4.0-2337318-SNAPSHOT.jar:/home/user/.m2/repository/org/apache/ratis/ratis-client/0.4.0-2337318-SNAPSHOT/ratis-client-0.4.0-2337318-SNAPSHOT.jar:/home/user/.m2/repository/org/apache/ratis/ratis-metrics/0.4.0-2337318-SNAPSHOT/ratis-metrics-0.4.0-2337318-SNAPSHOT.jar:/home/user/.m2/repository/org/apache/ratis/ratis-netty/0.4.0-2337318-SNAPSHOT/ratis-netty-0.4.0-2337318-SNAPSHOT.jar:/home/user/.m2/repository/org/apache/ratis/ratis-grpc/0.4.0-2337318-SNAPSHOT/ratis-grpc-0.4.0-2337318-SNAPSHOT.jar:/home/user/.m2/repository/org/rocksdb/rocksdbjni/6.0.1/rocksdbjni-6.0.1.jar:/home/user/.m2/repository/org/apache/logging/log4j/log4j-api/2.11.0/log4j-api-2.11.0.jar:/home/user/.m2/repository/org/apache/logging/log4j/log4j-core/2.11.0/log4j-core-2.11.0.jar:/home/user/.m2/repository/com/lmax/disruptor/3.4.2/disruptor-3.4.2.jar:/home/user/.m2/repository/org/apache/commons/commons-pool2/2.6.0/commons-pool2-2.6.0.jar:/home/user/.m2/repository/org/bouncycastle/bcpkix-jdk15on/1.60/bcpkix-jdk15on-1.60.jar:/home/user/.m2/repository/commons-validator/commons-validator/1.6/commons-validator-1.6.jar:/home/user/.m2/repository/commons-digester/commons-digester/1.8.1/commons-digester-1.8.1.jar:/home/user/.m2/repository/io/jaegertracing/jaeger-client/0.33.1/jaeger-client-0.33.1.jar:/home/user/.m2/repository/io/jaegertracing/jaeger-thrift/0.33.1/jaeger-thrift-0.33.1.jar:/home/user/.m2/repository/org/apache/thrift/libthrift/0.11.0/libthrift-0.11.0.jar:/home/user/.m2/repository/com/squareup/okhttp3/okhttp/3.9.0/okhttp-3.9.0.jar:/home/user/.m2/repository/com/squareup/okio/okio/1.13.0/okio-1.13.0.jar:/home/user/.m2/repository/io/jaegertracing/jaeger-core/0.33.1/jaeger-core-0.33.1.jar:/home/user/.m2/repository/io/jaegertracing/jaeger-tracerresolver/0.33.1/jaeger-tracerresolver-0.33.1.jar:/home/user/.m2/repository/io/opentracing/contrib/opentracing-tracerresolver/0.1.5/opentracing-tracerresolver-0.1.5.jar:/home/user/.m2/repository/io/opentracing/opentracing-util/0.31.0/opentracing-util-0.31.0.jar:/home/user/.m2/repository/io/opentracing/opentracing-api/0.31.0/opentracing-api-0.31.0.jar:/home/user/.m2/repository/io/opentracing/opentracing-noop/0.31.0/opentracing-noop-0.31.0.jar:/home/user/.m2/repository/org/apache/hadoop/hadoop-hdds-server-framework/0.5.0-SNAPSHOT/hadoop-hdds-server-framework-0.5.0-SNAPSHOT.jar:/home/user/.m2/repository/org/apache/hadoop/hadoop-hdds-container-service/0.5.0-SNAPSHOT/hadoop-hdds-container-service-0.5.0-SNAPSHOT.jar:/home/user/.m2/repository/org/apache/hadoop/hadoop-hdds-client/0.5.0-SNAPSHOT/hadoop-hdds-client-0.5.0-SNAPSHOT.jar:/home/user/.m2/repository/org/apache/hadoop/hadoop-hdds-tools/0.5.0-SNAPSHOT/hadoop-hdds-tools-0.5.0-SNAPSHOT.jar:/home/user/.m2/repository/org/apache/hadoop/hadoop-hdds-server-scm/0.5.0-SNAPSHOT/hadoop-hdds-server-scm-0.5.0-SNAPSHOT.jar:/home/user/.m2/repository/org/apache/hadoop/hadoop-hdds-docs/0.5.0-SNAPSHOT/hadoop-hdds-docs-0.5.0-SNAPSHOT.jar:/home/user/.m2/repository/io/dropwizard/metrics/metrics-core/3.2.4/metrics-core-3.2.4.jar:/home/user/.m2/repository/org/hamcrest/hamcrest-all/1.3/hamcrest-all-1.3.jar:/home/user/.m2/repository/org/bouncycastle/bcprov-jdk15on/1.60/bcprov-jdk15on-1.60.jar:/home/user/.m2/repository/info/picocli/picocli/3.9.6/picocli-3.9.6.jar:/home/user/.m2/repository/com/google/protobuf/protobuf-java/2.5.0/protobuf-java-2.5.0.jar:/home/user/.m2/repository/com/google/guava/guava/11.0.2/guava-11.0.2.jar:/home/user/.m2/repository/org/apache/hadoop/hadoop-ozone-ozone-manager/0.5.0-SNAPSHOT/hadoop-ozone-ozone-manager-0.5.0-SNAPSHOT.jar:/home/user/.m2/repository/org/apache/hadoop/hadoop-minikdc/3.2.0/hadoop-minikdc-3.2.0.jar:/home/user/.m2/repository/commons-io/commons-io/2.5/commons-io-2.5.jar:/home/user/.m2/repository/org/apache/kerby/kerb-simplekdc/1.0.1/kerb-simplekdc-1.0.1.jar:/home/user/.m2/repository/org/apache/kerby/kerb-client/1.0.1/kerb-client-1.0.1.jar:/home/user/.m2/repository/org/apache/kerby/kerby-config/1.0.1/kerby-config-1.0.1.jar:/home/user/.m2/repository/org/apache/kerby/kerb-core/1.0.1/kerb-core-1.0.1.jar:/home/user/.m2/repository/org/apache/kerby/kerby-pkix/1.0.1/kerby-pkix-1.0.1.jar:/home/user/.m2/repository/org/apache/kerby/kerby-asn1/1.0.1/kerby-asn1-1.0.1.jar:/home/user/.m2/repository/org/apache/kerby/kerby-util/1.0.1/kerby-util-1.0.1.jar:/home/user/.m2/repository/org/apache/kerby/kerb-common/1.0.1/kerb-common-1.0.1.jar:/home/user/.m2/repository/org/apache/kerby/kerb-crypto/1.0.1/kerb-crypto-1.0.1.jar:/home/user/.m2/repository/org/apache/kerby/kerb-util/1.0.1/kerb-util-1.0.1.jar:/home/user/.m2/repository/org/apache/kerby/token-provider/1.0.1/token-provider-1.0.1.jar:/home/user/.m2/repository/org/apache/kerby/kerb-admin/1.0.1/kerb-admin-1.0.1.jar:/home/user/.m2/repository/org/apache/kerby/kerb-server/1.0.1/kerb-server-1.0.1.jar:/home/user/.m2/repository/org/apache/kerby/kerb-identity/1.0.1/kerb-identity-1.0.1.jar:/home/user/.m2/repository/org/apache/kerby/kerby-xdr/1.0.1/kerby-xdr-1.0.1.jar:/home/user/.m2/repository/org/slf4j/slf4j-log4j12/1.7.25/slf4j-log4j12-1.7.25.jar:/home/user/.m2/repository/org/apache/hadoop/hadoop-ozone-s3gateway/0.5.0-SNAPSHOT/hadoop-ozone-s3gateway-0.5.0-SNAPSHOT.jar:/home/user/.m2/repository/org/jboss/weld/servlet/weld-servlet/2.4.7.Final/weld-servlet-2.4.7.Final.jar:/home/user/.m2/repository/org/glassfish/jersey/containers/jersey-container-servlet-core/2.27/jersey-container-servlet-core-2.27.jar:/home/user/.m2/repository/org/glassfish/hk2/external/javax.inject/2.5.0-b42/javax.inject-2.5.0-b42.jar:/home/user/.m2/repository/org/glassfish/jersey/core/jersey-common/2.27/jersey-common-2.27.jar:/home/user/.m2/repository/org/glassfish/hk2/osgi-resource-locator/1.0.1/osgi-resource-locator-1.0.1.jar:/home/user/.m2/repository/javax/ws/rs/javax.ws.rs-api/2.1/javax.ws.rs-api-2.1.jar:/home/user/.m2/repository/org/glassfish/jersey/ext/cdi/jersey-cdi1x/2.27/jersey-cdi1x-2.27.jar:/home/user/.m2/repository/org/glassfish/jersey/inject/jersey-hk2/2.27/jersey-hk2-2.27.jar:/home/user/.m2/repository/org/glassfish/hk2/hk2-locator/2.5.0-b42/hk2-locator-2.5.0-b42.jar:/home/user/.m2/repository/org/javassist/javassist/3.22.0-CR2/javassist-3.22.0-CR2.jar:/home/user/.m2/repository/org/glassfish/hk2/hk2-api/2.5.0/hk2-api-2.5.0.jar:/home/user/.m2/repository/org/glassfish/hk2/external/jakarta.inject/2.5.0/jakarta.inject-2.5.0.jar:/home/user/.m2/repository/org/glassfish/hk2/hk2-utils/2.5.0/hk2-utils-2.5.0.jar:/home/user/.m2/repository/jakarta/annotation/jakarta.annotation-api/1.3.4/jakarta.annotation-api-1.3.4.jar:/home/user/.m2/repository/org/glassfish/hk2/external/aopalliance-repackaged/2.5.0/aopalliance-repackaged-2.5.0.jar:/home/user/.m2/repository/com/fasterxml/jackson/dataformat/jackson-dataformat-xml/2.9.0/jackson-dataformat-xml-2.9.0.jar:/home/user/.m2/repository/com/fasterxml/jackson/core/jackson-core/2.9.5/jackson-core-2.9.5.jar:/home/user/.m2/repository/com/fasterxml/jackson/module/jackson-module-jaxb-annotations/2.9.5/jackson-module-jaxb-annotations-2.9.5.jar:/home/user/.m2/repository/javax/enterprise/cdi-api/1.2/cdi-api-1.2.jar:/home/user/.m2/repository/javax/el/javax.el-api/3.0.0/javax.el-api-3.0.0.jar:/home/user/.m2/repository/javax/interceptor/javax.interceptor-api/1.2/javax.interceptor-api-1.2.jar:/home/user/.m2/repository/javax/inject/javax.inject/1/javax.inject-1.jar:/home/user/.m2/repository/com/sun/xml/bind/jaxb-impl/2.3.0.1/jaxb-impl-2.3.0.1.jar:/home/user/.m2/repository/com/sun/xml/bind/jaxb-core/2.3.0.1/jaxb-core-2.3.0.1.jar:/home/user/.m2/repository/javax/xml/bind/jaxb-api/2.3.0/jaxb-api-2.3.0.jar:/home/user/.m2/repository/javax/activation/activation/1.1.1/activation-1.1.1.jar:/home/user/.m2/repository/org/apache/hadoop/hadoop-ozone-csi/0.5.0-SNAPSHOT/hadoop-ozone-csi-0.5.0-SNAPSHOT.jar:/home/user/.m2/repository/com/google/protobuf/protobuf-java-util/3.5.1/protobuf-java-util-3.5.1.jar:/home/user/.m2/repository/org/apache/hadoop/hadoop-hdds-config/0.5.0-SNAPSHOT/hadoop-hdds-config-0.5.0-SNAPSHOT.jar:/home/user/.m2/repository/io/grpc/grpc-netty/1.17.1/grpc-netty-1.17.1.jar:/home/user/.m2/repository/io/grpc/grpc-core/1.17.1/grpc-core-1.17.1.jar:/home/user/.m2/repository/io/grpc/grpc-context/1.17.1/grpc-context-1.17.1.jar:/home/user/.m2/repository/com/google/errorprone/error_prone_annotations/2.2.0/error_prone_annotations-2.2.0.jar:/home/user/.m2/repository/org/codehaus/mojo/animal-sniffer-annotations/1.17/animal-sniffer-annotations-1.17.jar:/home/user/.m2/repository/io/opencensus/opencensus-api/0.17.0/opencensus-api-0.17.0.jar:/home/user/.m2/repository/io/opencensus/opencensus-contrib-grpc-metrics/0.17.0/opencensus-contrib-grpc-metrics-0.17.0.jar:/home/user/.m2/repository/io/netty/netty-codec-http2/4.1.30.Final/netty-codec-http2-4.1.30.Final.jar:/home/user/.m2/repository/io/netty/netty-codec-http/4.1.30.Final/netty-codec-http-4.1.30.Final.jar:/home/user/.m2/repository/io/netty/netty-codec/4.1.30.Final/netty-codec-4.1.30.Final.jar:/home/user/.m2/repository/io/netty/netty-handler/4.1.30.Final/netty-handler-4.1.30.Final.jar:/home/user/.m2/repository/io/netty/netty-handler-proxy/4.1.30.Final/netty-handler-proxy-4.1.30.Final.jar:/home/user/.m2/repository/io/netty/netty-codec-socks/4.1.30.Final/netty-codec-socks-4.1.30.Final.jar:/home/user/.m2/repository/io/netty/netty-transport-native-epoll/4.1.30.Final/netty-transport-native-epoll-4.1.30.Final.jar:/home/user/.m2/repository/io/netty/netty-common/4.1.30.Final/netty-common-4.1.30.Final.jar:/home/user/.m2/repository/io/netty/netty-buffer/4.1.30.Final/netty-buffer-4.1.30.Final.jar:/home/user/.m2/repository/io/netty/netty-transport/4.1.30.Final/netty-transport-4.1.30.Final.jar:/home/user/.m2/repository/io/netty/netty-resolver/4.1.30.Final/netty-resolver-4.1.30.Final.jar:/home/user/.m2/repository/io/netty/netty-transport-native-unix-common/4.1.30.Final/netty-transport-native-unix-common-4.1.30.Final.jar:/home/user/.m2/repository/io/grpc/grpc-protobuf/1.17.1/grpc-protobuf-1.17.1.jar:/home/user/.m2/repository/com/google/api/grpc/proto-google-common-protos/1.0.0/proto-google-common-protos-1.0.0.jar:/home/user/.m2/repository/io/grpc/grpc-protobuf-lite/1.17.1/grpc-protobuf-lite-1.17.1.jar:/home/user/.m2/repository/io/grpc/grpc-stub/1.17.1/grpc-stub-1.17.1.jar:/home/user/.m2/repository/org/apache/hadoop/hadoop-ozone-recon/0.5.0-SNAPSHOT/hadoop-ozone-recon-0.5.0-SNAPSHOT.jar:/home/user/.m2/repository/org/apache/hadoop/hadoop-ozone-reconcodegen/0.5.0-SNAPSHOT/hadoop-ozone-reconcodegen-0.5.0-SNAPSHOT.jar:/home/user/.m2/repository/com/google/inject/extensions/guice-multibindings/4.0/guice-multibindings-4.0.jar:/home/user/.m2/repository/com/google/inject/guice/4.0/guice-4.0.jar:/home/user/.m2/repository/aopalliance/aopalliance/1.0/aopalliance-1.0.jar:/home/user/.m2/repository/com/google/inject/extensions/guice-servlet/4.0/guice-servlet-4.0.jar:/home/user/.m2/repository/org/glassfish/jersey/containers/jersey-container-servlet/2.27/jersey-container-servlet-2.27.jar:/home/user/.m2/repository/org/glassfish/hk2/guice-bridge/2.5.0/guice-bridge-2.5.0.jar:/home/user/.m2/repository/org/glassfish/jersey/core/jersey-server/2.27/jersey-server-2.27.jar:/home/user/.m2/repository/org/glassfish/jersey/core/jersey-client/2.27/jersey-client-2.27.jar:/home/user/.m2/repository/org/glassfish/jersey/media/jersey-media-jaxb/2.27/jersey-media-jaxb-2.27.jar:/home/user/.m2/repository/javax/validation/validation-api/1.1.0.Final/validation-api-1.1.0.Final.jar:/home/user/.m2/repository/org/glassfish/jersey/media/jersey-media-json-jackson/2.27/jersey-media-json-jackson-2.27.jar:/home/user/.m2/repository/org/glassfish/jersey/ext/jersey-entity-filtering/2.27/jersey-entity-filtering-2.27.jar:/home/user/.m2/repository/com/google/inject/extensions/guice-assistedinject/4.0/guice-assistedinject-4.0.jar:/home/user/.m2/repository/org/jooq/jooq/3.11.10/jooq-3.11.10.jar:/home/user/.m2/repository/org/jooq/jooq-meta/3.11.10/jooq-meta-3.11.10.jar:/home/user/.m2/repository/org/jooq/jooq-codegen/3.11.10/jooq-codegen-3.11.10.jar:/home/user/.m2/repository/com/jolbox/bonecp/0.8.0.RELEASE/bonecp-0.8.0.RELEASE.jar:/home/user/.m2/repository/org/xerial/sqlite-jdbc/3.25.2/sqlite-jdbc-3.25.2.jar:/home/user/.m2/repository/org/springframework/spring-jdbc/5.1.3.RELEASE/spring-jdbc-5.1.3.RELEASE.jar:/home/user/.m2/repository/org/springframework/spring-beans/5.1.3.RELEASE/spring-beans-5.1.3.RELEASE.jar:/home/user/.m2/repository/org/springframework/spring-core/5.1.3.RELEASE/spring-core-5.1.3.RELEASE.jar:/home/user/.m2/repository/org/springframework/spring-jcl/5.1.3.RELEASE/spring-jcl-5.1.3.RELEASE.jar:/home/user/.m2/repository/org/springframework/spring-tx/5.1.3.RELEASE/spring-tx-5.1.3.RELEASE.jar:/home/user/.m2/repository/org/apache/hadoop/hadoop-ozone-client/0.5.0-SNAPSHOT/hadoop-ozone-client-0.5.0-SNAPSHOT.jar:/home/user/.m2/repository/commons-lang/commons-lang/2.6/commons-lang-2.6.jar:/home/user/.m2/repository/org/apache/hadoop/hadoop-ozone-ozone-manager/0.5.0-SNAPSHOT/hadoop-ozone-ozone-manager-0.5.0-SNAPSHOT-tests.jar:/home/user/.m2/repository/junit/junit/4.11/junit-4.11.jar:/home/user/.m2/repository/org/hamcrest/hamcrest-core/1.3/hamcrest-core-1.3.jar:/home/user/.m2/repository/org/openjdk/jmh/jmh-core/1.19/jmh-core-1.19.jar:/home/user/.m2/repository/net/sf/jopt-simple/jopt-simple/4.6/jopt-simple-4.6.jar:/home/user/.m2/repository/org/apache/commons/commons-math3/3.1.1/commons-math3-3.1.1.jar:/home/user/.m2/repository/org/openjdk/jmh/jmh-generator-annprocess/1.19/jmh-generator-annprocess-1.19.jar:/home/user/.m2/repository/org/mockito/mockito-all/1.8.5/mockito-all-1.8.5.jar:/home/user/.m2/repository/org/apache/hadoop/hadoop-kms/3.2.0/hadoop-kms-3.2.0.jar:/home/user/.m2/repository/org/apache/hadoop/hadoop-auth/3.2.0/hadoop-auth-3.2.0.jar:/home/user/.m2/repository/com/nimbusds/nimbus-jose-jwt/4.41.1/nimbus-jose-jwt-4.41.1.jar:/home/user/.m2/repository/com/github/stephenc/jcip/jcip-annotations/1.0-1/jcip-annotations-1.0-1.jar:/home/user/.m2/repository/net/minidev/json-smart/2.3/json-smart-2.3.jar:/home/user/.m2/repository/net/minidev/accessors-smart/1.2/accessors-smart-1.2.jar:/home/user/.m2/repository/org/ow2/asm/asm/5.0.4/asm-5.0.4.jar:/home/user/.m2/repository/org/apache/curator/curator-framework/2.12.0/curator-framework-2.12.0.jar:/home/user/.m2/repository/com/sun/jersey/jersey-core/1.19/jersey-core-1.19.jar:/home/user/.m2/repository/javax/ws/rs/jsr311-api/1.1.1/jsr311-api-1.1.1.jar:/home/user/.m2/repository/com/sun/jersey/jersey-server/1.19/jersey-server-1.19.jar:/home/user/.m2/repository/javax/servlet/javax.servlet-api/3.1.0/javax.servlet-api-3.1.0.jar:/home/user/.m2/repository/org/eclipse/jetty/jetty-server/9.3.24.v20180605/jetty-server-9.3.24.v20180605.jar:/home/user/.m2/repository/org/eclipse/jetty/jetty-http/9.3.24.v20180605/jetty-http-9.3.24.v20180605.jar:/home/user/.m2/repository/org/eclipse/jetty/jetty-io/9.3.24.v20180605/jetty-io-9.3.24.v20180605.jar:/home/user/.m2/repository/org/eclipse/jetty/jetty-webapp/9.3.24.v20180605/jetty-webapp-9.3.24.v20180605.jar:/home/user/.m2/repository/org/eclipse/jetty/jetty-xml/9.3.24.v20180605/jetty-xml-9.3.24.v20180605.jar:/home/user/.m2/repository/log4j/log4j/1.2.17/log4j-1.2.17.jar:/home/user/.m2/repository/org/slf4j/slf4j-api/1.7.25/slf4j-api-1.7.25.jar:/home/user/.m2/repository/org/slf4j/jul-to-slf4j/1.7.25/jul-to-slf4j-1.7.25.jar:/home/user/.m2/repository/org/eclipse/jetty/jetty-util/9.3.24.v20180605/jetty-util-9.3.24.v20180605.jar:/home/user/.m2/repository/com/fasterxml/jackson/core/jackson-databind/2.9.5/jackson-databind-2.9.5.jar:/home/user/.m2/repository/org/apache/hadoop/hadoop-kms/3.2.0/hadoop-kms-3.2.0-tests.jar:/home/user/.m2/repository/org/apache/hadoop/hadoop-hdds-server-scm/0.5.0-SNAPSHOT/hadoop-hdds-server-scm-0.5.0-SNAPSHOT-tests.jar:/home/user/.m2/repository/org/apache/hadoop/hadoop-hdds-container-service/0.5.0-SNAPSHOT/hadoop-hdds-container-service-0.5.0-SNAPSHOT-tests.jar:/home/user/.m2/repository/org/yaml/snakeyaml/1.16/snakeyaml-1.16.jar:/home/user/.m2/repository/org/apache/hadoop/hadoop-common/3.2.0/hadoop-common-3.2.0-tests.jar:/home/user/.m2/repository/org/apache/hadoop/hadoop-annotations/3.2.0/hadoop-annotations-3.2.0.jar:/usr/lib/jvm/java-1.8-openjdk/jre/../lib/tools.jar:/home/user/.m2/repository/commons-cli/commons-cli/1.2/commons-cli-1.2.jar:/home/user/.m2/repository/org/apache/httpcomponents/httpclient/4.5.2/httpclient-4.5.2.jar:/home/user/.m2/repository/org/apache/httpcomponents/httpcore/4.4.4/httpcore-4.4.4.jar:/home/user/.m2/repository/commons-codec/commons-codec/1.11/commons-codec-1.11.jar:/home/user/.m2/repository/commons-net/commons-net/3.6/commons-net-3.6.jar:/home/user/.m2/repository/commons-collections/commons-collections/3.2.2/commons-collections-3.2.2.jar:/home/user/.m2/repository/org/eclipse/jetty/jetty-servlet/9.3.24.v20180605/jetty-servlet-9.3.24.v20180605.jar:/home/user/.m2/repository/org/eclipse/jetty/jetty-security/9.3.24.v20180605/jetty-security-9.3.24.v20180605.jar:/home/user/.m2/repository/javax/servlet/jsp/jsp-api/2.1/jsp-api-2.1.jar:/home/user/.m2/repository/com/sun/jersey/jersey-servlet/1.19/jersey-servlet-1.19.jar:/home/user/.m2/repository/com/sun/jersey/jersey-json/1.19/jersey-json-1.19.jar:/home/user/.m2/repository/org/codehaus/jettison/jettison/1.1/jettison-1.1.jar:/home/user/.m2/repository/org/codehaus/jackson/jackson-core-asl/1.9.13/jackson-core-asl-1.9.13.jar:/home/user/.m2/repository/org/codehaus/jackson/jackson-mapper-asl/1.9.13/jackson-mapper-asl-1.9.13.jar:/home/user/.m2/repository/org/codehaus/jackson/jackson-jaxrs/1.9.13/jackson-jaxrs-1.9.13.jar:/home/user/.m2/repository/org/codehaus/jackson/jackson-xc/1.9.13/jackson-xc-1.9.13.jar:/home/user/.m2/repository/commons-logging/commons-logging/1.1.3/commons-logging-1.1.3.jar:/home/user/.m2/repository/commons-beanutils/commons-beanutils/1.9.3/commons-beanutils-1.9.3.jar:/home/user/.m2/repository/org/apache/commons/commons-configuration2/2.1.1/commons-configuration2-2.1.1.jar:/home/user/.m2/repository/org/apache/commons/commons-lang3/3.7/commons-lang3-3.7.jar:/home/user/.m2/repository/org/apache/commons/commons-text/1.4/commons-text-1.4.jar:/home/user/.m2/repository/org/apache/avro/avro/1.7.7/avro-1.7.7.jar:/home/user/.m2/repository/com/thoughtworks/paranamer/paranamer/2.3/paranamer-2.3.jar:/home/user/.m2/repository/org/xerial/snappy/snappy-java/1.0.5/snappy-java-1.0.5.jar:/home/user/.m2/repository/com/google/re2j/re2j/1.1/re2j-1.1.jar:/home/user/.m2/repository/com/google/code/gson/gson/2.2.4/gson-2.2.4.jar:/home/user/.m2/repository/com/jcraft/jsch/0.1.54/jsch-0.1.54.jar:/home/user/.m2/repository/org/apache/curator/curator-client/2.12.0/curator-client-2.12.0.jar:/home/user/.m2/repository/org/apache/curator/curator-recipes/2.12.0/curator-recipes-2.12.0.jar:/home/user/.m2/repository/com/google/code/findbugs/jsr305/3.0.0/jsr305-3.0.0.jar:/home/user/.m2/repository/org/apache/htrace/htrace-core4/4.1.0-incubating/htrace-core4-4.1.0-incubating.jar:/home/user/.m2/repository/org/apache/zookeeper/zookeeper/3.4.13/zookeeper-3.4.13.jar:/home/user/.m2/repository/org/apache/yetus/audience-annotations/0.5.0/audience-annotations-0.5.0.jar:/home/user/.m2/repository/org/codehaus/woodstox/stax2-api/3.1.4/stax2-api-3.1.4.jar:/home/user/.m2/repository/com/fasterxml/woodstox/woodstox-core/5.0.3/woodstox-core-5.0.3.jar:/home/user/.m2/repository/dnsjava/dnsjava/2.1.7/dnsjava-2.1.7.jar:/home/user/.m2/repository/org/apache/hadoop/hadoop-hdfs/3.2.0/hadoop-hdfs-3.2.0-tests.jar:/home/user/.m2/repository/org/eclipse/jetty/jetty-util-ajax/9.3.24.v20180605/jetty-util-ajax-9.3.24.v20180605.jar:/home/user/.m2/repository/commons-daemon/commons-daemon/1.0.13/commons-daemon-1.0.13.jar:/home/user/.m2/repository/io/netty/netty/3.10.5.Final/netty-3.10.5.Final.jar:/home/user/.m2/repository/io/netty/netty-all/4.0.52.Final/netty-all-4.0.52.Final.jar:/home/user/.m2/repository/org/fusesource/leveldbjni/leveldbjni-all/1.8/leveldbjni-all-1.8.jar:"/>
    <property name="sun.cpu.endian" value="little"/>
    <property name="user.home" value="/home/user"/>
    <property name="user.language" value="en"/>
    <property name="java.specification.vendor" value="Oracle Corporation"/>
    <property name="java.home" value="/usr/lib/jvm/java-1.8-openjdk/jre"/>
    <property name="java.security.krb5.conf" value="/workdir/hadoop-ozone/integration-test/target/test-classes/krb5.conf"/>
    <property name="basedir" value="/workdir/hadoop-ozone/integration-test"/>
    <property name="file.separator" value="/"/>
    <property name="line.separator" value="&#10;"/>
    <property name="java.vm.specification.vendor" value="Oracle Corporation"/>
    <property name="java.specification.name" value="Java Platform API Specification"/>
    <property name="java.awt.graphicsenv" value="sun.awt.X11GraphicsEnvironment"/>
    <property name="surefire.real.class.path" value="/workdir/hadoop-ozone/integration-test/target/surefire/surefirebooter4765527870822244682.jar"/>
    <property name="hadoop.log.dir" value="/workdir/hadoop-ozone/integration-test/target/log"/>
    <property name="sun.boot.class.path" value="/usr/lib/jvm/java-1.8-openjdk/jre/lib/resources.jar:/usr/lib/jvm/java-1.8-openjdk/jre/lib/rt.jar:/usr/lib/jvm/java-1.8-openjdk/jre/lib/sunrsasign.jar:/usr/lib/jvm/java-1.8-openjdk/jre/lib/jsse.jar:/usr/lib/jvm/java-1.8-openjdk/jre/lib/jce.jar:/usr/lib/jvm/java-1.8-openjdk/jre/lib/charsets.jar:/usr/lib/jvm/java-1.8-openjdk/jre/lib/jfr.jar:/usr/lib/jvm/java-1.8-openjdk/jre/classes"/>
    <property name="sun.management.compiler" value="HotSpot 64-Bit Tiered Compilers"/>
    <property name="java.runtime.version" value="1.8.0_212-b04"/>
    <property name="java.net.preferIPv4Stack" value="true"/>
    <property name="user.name" value="jenkins1000"/>
    <property name="path.separator" value=":"/>
    <property name="java.security.egd" value="file:///dev/urandom"/>
    <property name="os.version" value="3.10.0-957.12.2.el7.x86_64"/>
    <property name="java.endorsed.dirs" value="/usr/lib/jvm/java-1.8-openjdk/jre/lib/endorsed"/>
    <property name="java.runtime.name" value="OpenJDK Runtime Environment"/>
    <property name="file.encoding" value="UTF-8"/>
    <property name="java.vm.name" value="OpenJDK 64-Bit Server VM"/>
    <property name="test.build.webapps" value=""/>
    <property name="localRepository" value="/home/user/.m2/repository"/>
    <property name="java.vendor.url.bug" value="https://icedtea.classpath.org/bugzilla"/>
    <property name="java.io.tmpdir" value="/tmp"/>
    <property name="require.test.libhadoop" value=""/>
    <property name="java.version" value="1.8.0_212"/>
    <property name="user.dir" value="/workdir/hadoop-ozone/integration-test"/>
    <property name="os.arch" value="amd64"/>
    <property name="java.vm.specification.name" value="Java Virtual Machine Specification"/>
    <property name="test.build.classes" value="/workdir/hadoop-ozone/integration-test/target/test-classes"/>
    <property name="java.awt.printerjob" value="sun.print.PSPrinterJob"/>
    <property name="sun.os.patch.level" value="unknown"/>
    <property name="hadoop.tmp.dir" value="/workdir/hadoop-ozone/integration-test/target/tmp"/>
    <property name="java.library.path" value="/usr/lib/jvm/java-1.8-openjdk/jre/lib/amd64/server:/usr/lib/jvm/java-1.8-openjdk/jre/lib/amd64:/usr/lib/jvm/java-1.8-openjdk/jre/../lib/amd64:/workdir/hadoop-ozone/integration-test/target/native/target/usr/local/lib:/workdir/hadoop-ozone/integration-test/../../hadoop-common-project/hadoop-common/target/native/target/usr/local/lib:/usr/java/packages/lib/amd64:/usr/lib64:/lib64:/lib:/usr/lib"/>
    <property name="java.vm.info" value="mixed mode"/>
    <property name="java.vendor" value="IcedTea"/>
    <property name="java.vm.version" value="25.212-b04"/>
    <property name="java.ext.dirs" value="/usr/lib/jvm/java-1.8-openjdk/jre/lib/ext:/usr/java/packages/lib/ext"/>
    <property name="sun.io.unicode.encoding" value="UnicodeLittle"/>
    <property name="java.class.version" value="52.0"/>
  </properties>
  <testcase name="testDeleteKeyWithSlowFollower" classname="org.apache.hadoop.ozone.client.rpc.TestDeleteWithSlowFollower" time="118.196">
    <failure type="java.lang.AssertionError">java.lang.AssertionError
	at org.junit.Assert.fail(Assert.java:86)
	at org.junit.Assert.assertTrue(Assert.java:41)
	at org.junit.Assert.assertTrue(Assert.java:52)
	at org.apache.hadoop.ozone.client.rpc.TestDeleteWithSlowFollower.testDeleteKeyWithSlowFollower(TestDeleteWithSlowFollower.java:239)
	at sun.reflect.NativeMethodAccessorImpl.invoke0(Native Method)
	at sun.reflect.NativeMethodAccessorImpl.invoke(NativeMethodAccessorImpl.java:62)
	at sun.reflect.DelegatingMethodAccessorImpl.invoke(DelegatingMethodAccessorImpl.java:43)
	at java.lang.reflect.Method.invoke(Method.java:498)
	at org.junit.runners.model.FrameworkMethod$1.runReflectiveCall(FrameworkMethod.java:47)
	at org.junit.internal.runners.model.ReflectiveCallable.run(ReflectiveCallable.java:12)
	at org.junit.runners.model.FrameworkMethod.invokeExplosively(FrameworkMethod.java:44)
	at org.junit.internal.runners.statements.InvokeMethod.evaluate(InvokeMethod.java:17)
	at org.junit.runners.ParentRunner.runLeaf(ParentRunner.java:271)
	at org.junit.runners.BlockJUnit4ClassRunner.runChild(BlockJUnit4ClassRunner.java:70)
	at org.junit.runners.BlockJUnit4ClassRunner.runChild(BlockJUnit4ClassRunner.java:50)
	at org.junit.runners.ParentRunner$3.run(ParentRunner.java:238)
	at org.junit.runners.ParentRunner$1.schedule(ParentRunner.java:63)
	at org.junit.runners.ParentRunner.runChildren(ParentRunner.java:236)
	at org.junit.runners.ParentRunner.access$000(ParentRunner.java:53)
	at org.junit.runners.ParentRunner$2.evaluate(ParentRunner.java:229)
	at org.junit.internal.runners.statements.RunBefores.evaluate(RunBefores.java:26)
	at org.junit.internal.runners.statements.RunAfters.evaluate(RunAfters.java:27)
	at org.junit.runners.ParentRunner.run(ParentRunner.java:309)
	at org.apache.maven.surefire.junit4.JUnit4Provider.execute(JUnit4Provider.java:365)
	at org.apache.maven.surefire.junit4.JUnit4Provider.executeWithRerun(JUnit4Provider.java:273)
	at org.apache.maven.surefire.junit4.JUnit4Provider.executeTestSet(JUnit4Provider.java:238)
	at org.apache.maven.surefire.junit4.JUnit4Provider.invoke(JUnit4Provider.java:159)
	at org.apache.maven.surefire.booter.ForkedBooter.invokeProviderInSameClassLoader(ForkedBooter.java:384)
	at org.apache.maven.surefire.booter.ForkedBooter.runSuitesInProcess(ForkedBooter.java:345)
	at org.apache.maven.surefire.booter.ForkedBooter.execute(ForkedBooter.java:126)
	at org.apache.maven.surefire.booter.ForkedBooter.main(ForkedBooter.java:418)
</failure>
    <system-out><![CDATA[2019-08-30 05:51:32,882 [main] WARN  server.ServerUtils (ServerUtils.java:getScmDbDir(145)) - ozone.scm.db.dirs is not configured. We recommend adding this setting. Falling back to ozone.metadata.dirs instead.
2019-08-30 05:51:33,015 [main] WARN  server.ServerUtils (ServerUtils.java:getScmDbDir(145)) - ozone.scm.db.dirs is not configured. We recommend adding this setting. Falling back to ozone.metadata.dirs instead.
2019-08-30 05:51:33,019 [main] WARN  server.ServerUtils (ServerUtils.java:getScmDbDir(145)) - ozone.scm.db.dirs is not configured. We recommend adding this setting. Falling back to ozone.metadata.dirs instead.
2019-08-30 05:51:33,039 [main] INFO  util.log (Log.java:initialized(192)) - Logging initialized @941ms
2019-08-30 05:51:33,156 [main] INFO  db.DBStoreBuilder (DBStoreBuilder.java:addTable(110)) - using custom profile for table: deletedBlocks
2019-08-30 05:51:33,156 [main] INFO  db.DBStoreBuilder (DBStoreBuilder.java:processTables(161)) - Using default column profile:DBProfile.DISK for Table:deletedBlocks
2019-08-30 05:51:33,157 [main] INFO  db.DBStoreBuilder (DBStoreBuilder.java:addTable(110)) - using custom profile for table: validCerts
2019-08-30 05:51:33,157 [main] INFO  db.DBStoreBuilder (DBStoreBuilder.java:processTables(161)) - Using default column profile:DBProfile.DISK for Table:validCerts
2019-08-30 05:51:33,157 [main] INFO  db.DBStoreBuilder (DBStoreBuilder.java:addTable(110)) - using custom profile for table: revokedCerts
2019-08-30 05:51:33,158 [main] INFO  db.DBStoreBuilder (DBStoreBuilder.java:processTables(161)) - Using default column profile:DBProfile.DISK for Table:revokedCerts
2019-08-30 05:51:33,171 [main] INFO  db.DBStoreBuilder (DBStoreBuilder.java:addTable(110)) - using custom profile for table: default
2019-08-30 05:51:33,171 [main] INFO  db.DBStoreBuilder (DBStoreBuilder.java:processTables(167)) - Using default column profile:DBProfile.DISK for Table:default
2019-08-30 05:51:33,173 [main] INFO  db.DBStoreBuilder (DBStoreBuilder.java:getDbProfile(198)) - Using default options. DBProfile.DISK
2019-08-30 05:51:33,567 [main] INFO  net.NodeSchemaLoader (NodeSchemaLoader.java:loadSchemaFromFile(125)) - Loading file from sun.misc.CompoundEnumeration@31304f14
2019-08-30 05:51:33,570 [main] INFO  net.NodeSchemaLoader (NodeSchemaLoader.java:loadSchema(171)) - Loading network topology layer schema file
2019-08-30 05:51:33,647 [main] WARN  server.ServerUtils (ServerUtils.java:sanitizeUserArgs(70)) - ozone.scm.stale.node.interval value = 1000000 is larger than max = 100000 based on the key value of ozone.scm.heartbeat.thread.interval, reset to the max value 100000.
2019-08-30 05:51:33,648 [main] WARN  server.ServerUtils (ServerUtils.java:sanitizeUserArgs(70)) - ozone.scm.stale.node.interval value = 1000000 is larger than max = 100000 based on the key value of ozone.scm.heartbeat.thread.interval, reset to the max value 100000.
2019-08-30 05:51:33,651 [main] INFO  node.SCMNodeManager (SCMNodeManager.java:<init>(114)) - Entering startup safe mode.
2019-08-30 05:51:33,729 [main] INFO  algorithms.ContainerPlacementPolicyFactory (ContainerPlacementPolicyFactory.java:getPolicy(55)) - Create container placement policy of type org.apache.hadoop.hdds.scm.container.placement.algorithms.SCMContainerPlacementRandom
2019-08-30 05:51:33,744 [main] WARN  server.ServerUtils (ServerUtils.java:getScmDbDir(145)) - ozone.scm.db.dirs is not configured. We recommend adding this setting. Falling back to ozone.metadata.dirs instead.
2019-08-30 05:51:33,868 [main] INFO  pipeline.SCMPipelineManager (SCMPipelineManager.java:initializePipelineState(126)) - No pipeline exists in current db
2019-08-30 05:51:33,872 [main] WARN  server.ServerUtils (ServerUtils.java:getScmDbDir(145)) - ozone.scm.db.dirs is not configured. We recommend adding this setting. Falling back to ozone.metadata.dirs instead.
2019-08-30 05:51:34,095 [main] WARN  events.EventQueue (EventQueue.java:fireEvent(183)) - No event handler registered for event TypedEvent{payloadType=SafeModeStatus, name='SafeModeStatus'}
2019-08-30 05:51:34,941 [main] INFO  ipc.CallQueueManager (CallQueueManager.java:<init>(84)) - Using callQueue: class java.util.concurrent.LinkedBlockingQueue, queueCapacity: 2000, scheduler: class org.apache.hadoop.ipc.DefaultRpcScheduler, ipcBackoff: false.
2019-08-30 05:51:34,969 [Socket Reader #1 for port 37550] INFO  ipc.Server (Server.java:run(1074)) - Starting Socket Reader #1 for port 37550
2019-08-30 05:51:34,995 [main] INFO  ipc.CallQueueManager (CallQueueManager.java:<init>(84)) - Using callQueue: class java.util.concurrent.LinkedBlockingQueue, queueCapacity: 2000, scheduler: class org.apache.hadoop.ipc.DefaultRpcScheduler, ipcBackoff: false.
2019-08-30 05:51:34,995 [Socket Reader #1 for port 33419] INFO  ipc.Server (Server.java:run(1074)) - Starting Socket Reader #1 for port 33419
2019-08-30 05:51:35,003 [main] INFO  ipc.CallQueueManager (CallQueueManager.java:<init>(84)) - Using callQueue: class java.util.concurrent.LinkedBlockingQueue, queueCapacity: 2000, scheduler: class org.apache.hadoop.ipc.DefaultRpcScheduler, ipcBackoff: false.
2019-08-30 05:51:35,004 [Socket Reader #1 for port 42691] INFO  ipc.Server (Server.java:run(1074)) - Starting Socket Reader #1 for port 42691
2019-08-30 05:51:35,026 [main] INFO  hdfs.DFSUtil (DFSUtil.java:httpServerTemplateForNNAndJN(1641)) - Starting Web-server for scm at: http://0.0.0.0:0
2019-08-30 05:51:35,204 [main] INFO  server.AuthenticationFilter (AuthenticationFilter.java:constructSecretProvider(240)) - Unable to initialize FileSignerSecretProvider, falling back to use random secrets.
2019-08-30 05:51:35,213 [main] WARN  http.HttpRequestLog (HttpRequestLog.java:getRequestLog(97)) - Jetty request log can only be enabled using Log4j
2019-08-30 05:51:35,221 [main] INFO  http.HttpServer2 (HttpServer2.java:addGlobalFilter(975)) - Added global filter 'safety' (class=org.apache.hadoop.http.HttpServer2$QuotingInputFilter)
2019-08-30 05:51:35,224 [main] INFO  http.HttpServer2 (HttpServer2.java:addFilter(948)) - Added filter static_user_filter (class=org.apache.hadoop.http.lib.StaticUserWebFilter$StaticUserFilter) to context scm
2019-08-30 05:51:35,224 [main] INFO  http.HttpServer2 (HttpServer2.java:addFilter(958)) - Added filter static_user_filter (class=org.apache.hadoop.http.lib.StaticUserWebFilter$StaticUserFilter) to context logs
2019-08-30 05:51:35,224 [main] INFO  http.HttpServer2 (HttpServer2.java:addFilter(958)) - Added filter static_user_filter (class=org.apache.hadoop.http.lib.StaticUserWebFilter$StaticUserFilter) to context static
2019-08-30 05:51:35,258 [main] INFO  server.StorageContainerManager (StorageContainerManager.java:start(759)) - StorageContainerLocationProtocol RPC server is listening at /0.0.0.0:42691
2019-08-30 05:51:35,328 [main] WARN  impl.MetricsConfig (MetricsConfig.java:loadFirst(134)) - Cannot locate configuration: tried hadoop-metrics2-storagecontainermanager.properties,hadoop-metrics2.properties
2019-08-30 05:51:35,342 [main] INFO  impl.MetricsSystemImpl (MetricsSystemImpl.java:startTimer(374)) - Scheduled Metric snapshot period at 10 second(s).
2019-08-30 05:51:35,342 [main] INFO  impl.MetricsSystemImpl (MetricsSystemImpl.java:start(191)) - StorageContainerManager metrics system started
2019-08-30 05:51:35,577 [main] INFO  server.SCMClientProtocolServer (SCMClientProtocolServer.java:start(151)) - RPC server for Client  is listening at /0.0.0.0:42691
2019-08-30 05:51:35,578 [IPC Server listener on 42691] INFO  ipc.Server (Server.java:run(1153)) - IPC Server listener on 42691: starting
2019-08-30 05:51:35,578 [IPC Server Responder] INFO  ipc.Server (Server.java:run(1314)) - IPC Server Responder: starting
2019-08-30 05:51:35,581 [main] INFO  server.StorageContainerManager (StorageContainerManager.java:start(769)) - ScmBlockLocationProtocol RPC server is listening at /0.0.0.0:33419
2019-08-30 05:51:35,583 [main] INFO  server.SCMBlockProtocolServer (SCMBlockProtocolServer.java:start(146)) - RPC server for Block Protocol is listening at /0.0.0.0:33419
2019-08-30 05:51:35,583 [IPC Server Responder] INFO  ipc.Server (Server.java:run(1314)) - IPC Server Responder: starting
2019-08-30 05:51:35,583 [IPC Server listener on 33419] INFO  ipc.Server (Server.java:run(1153)) - IPC Server listener on 33419: starting
2019-08-30 05:51:35,586 [main] INFO  server.StorageContainerManager (StorageContainerManager.java:start(773)) - ScmDatanodeProtocl RPC server is listening at /0.0.0.0:37550
2019-08-30 05:51:35,586 [main] INFO  server.SCMDatanodeProtocolServer (SCMDatanodeProtocolServer.java:start(191)) - RPC server for DataNodes is listening at /0.0.0.0:37550
2019-08-30 05:51:35,586 [IPC Server Responder] INFO  ipc.Server (Server.java:run(1314)) - IPC Server Responder: starting
2019-08-30 05:51:35,586 [IPC Server listener on 37550] INFO  ipc.Server (Server.java:run(1153)) - IPC Server listener on 37550: starting
2019-08-30 05:51:35,591 [main] INFO  http.HttpServer2 (HttpServer2.java:bindListener(1191)) - Jetty bound to port 39941
2019-08-30 05:51:35,592 [main] INFO  server.Server (Server.java:doStart(351)) - jetty-9.3.24.v20180605, build timestamp: 2018-06-05T17:11:56Z, git hash: 84205aa28f11a4f31f2a3b86d1bba2cc8ab69827
2019-08-30 05:51:35,631 [main] INFO  handler.ContextHandler (ContextHandler.java:doStart(781)) - Started o.e.j.s.ServletContextHandler@4d18aa28{/logs,file:///workdir/hadoop-ozone/integration-test/target/log,AVAILABLE}
2019-08-30 05:51:35,631 [main] INFO  handler.ContextHandler (ContextHandler.java:doStart(781)) - Started o.e.j.s.ServletContextHandler@7756c3cd{/static,file:///workdir/hadoop-ozone/integration-test/target/test-classes/webapps/static,AVAILABLE}
2019-08-30 05:51:35,661 [main] INFO  handler.ContextHandler (ContextHandler.java:doStart(781)) - Started o.e.j.w.WebAppContext@2024293c{/,file:///workdir/hadoop-ozone/integration-test/target/test-classes/webapps/scm/,AVAILABLE}{/scm}
2019-08-30 05:51:35,666 [main] INFO  server.AbstractConnector (AbstractConnector.java:doStart(278)) - Started ServerConnector@28c0b664{HTTP/1.1,[http/1.1]}{0.0.0.0:39941}
2019-08-30 05:51:35,667 [main] INFO  server.Server (Server.java:doStart(419)) - Started @3569ms
2019-08-30 05:51:35,669 [main] INFO  impl.MetricsSinkAdapter (MetricsSinkAdapter.java:start(204)) - Sink prometheus started
2019-08-30 05:51:35,669 [main] INFO  impl.MetricsSystemImpl (MetricsSystemImpl.java:registerSink(301)) - Registered sink prometheus
2019-08-30 05:51:35,672 [main] INFO  server.BaseHttpServer (BaseHttpServer.java:updateConnectorAddress(215)) - HTTP server of SCM is listening at http://0.0.0.0:39941
2019-08-30 05:51:35,681 [org.apache.hadoop.util.JvmPauseMonitor$Monitor@160c3ec1] INFO  util.JvmPauseMonitor (JvmPauseMonitor.java:run(188)) - Starting JVM pause monitor
2019-08-30 05:51:35,686 [main] WARN  server.ServerUtils (ServerUtils.java:getDBPath(222)) - ozone.om.db.dirs is not configured. We recommend adding this setting. Falling back to ozone.metadata.dirs instead.
2019-08-30 05:51:35,844 [main] WARN  server.ServerUtils (ServerUtils.java:getDBPath(222)) - ozone.om.db.dirs is not configured. We recommend adding this setting. Falling back to ozone.metadata.dirs instead.
2019-08-30 05:51:35,845 [main] WARN  server.ServerUtils (ServerUtils.java:getDBPath(222)) - ozone.om.db.dirs is not configured. We recommend adding this setting. Falling back to ozone.metadata.dirs instead.
2019-08-30 05:51:35,846 [main] INFO  om.OzoneManager (OzoneManager.java:setOMNodeDetails(652)) - OM Service ID is not set. Setting it to the default ID: omServiceIdDefault
2019-08-30 05:51:35,846 [main] INFO  om.OzoneManager (OzoneManager.java:setOMNodeDetails(658)) - OM Node ID is not set. Setting it to the OmStorage's OmID: 3c6f43d7-ac48-4078-9a2c-c1e9b7068a45
2019-08-30 05:51:35,848 [main] INFO  om.OzoneManager (OzoneManager.java:loadOMHAConfigs(609)) - Found matching OM address with OMServiceId: null, OMNodeId: null, RPC Address: localhost:0 and Ratis port: 9872
2019-08-30 05:51:36,145 | INFO  | SCMAudit | user=jenkins1000 | ip=192.168.69.118 | op=GET_SCM_INFO null | ret=SUCCESS |  
2019-08-30 05:51:36,644 [main] WARN  server.ServerUtils (ServerUtils.java:getDBPath(222)) - ozone.om.db.dirs is not configured. We recommend adding this setting. Falling back to ozone.metadata.dirs instead.
2019-08-30 05:51:36,652 [main] INFO  db.DBStoreBuilder (DBStoreBuilder.java:addTable(110)) - using custom profile for table: userTable
2019-08-30 05:51:36,652 [main] INFO  db.DBStoreBuilder (DBStoreBuilder.java:processTables(161)) - Using default column profile:DBProfile.DISK for Table:userTable
2019-08-30 05:51:36,652 [main] INFO  db.DBStoreBuilder (DBStoreBuilder.java:addTable(110)) - using custom profile for table: volumeTable
2019-08-30 05:51:36,653 [main] INFO  db.DBStoreBuilder (DBStoreBuilder.java:processTables(161)) - Using default column profile:DBProfile.DISK for Table:volumeTable
2019-08-30 05:51:36,653 [main] INFO  db.DBStoreBuilder (DBStoreBuilder.java:addTable(110)) - using custom profile for table: bucketTable
2019-08-30 05:51:36,653 [main] INFO  db.DBStoreBuilder (DBStoreBuilder.java:processTables(161)) - Using default column profile:DBProfile.DISK for Table:bucketTable
2019-08-30 05:51:36,653 [main] INFO  db.DBStoreBuilder (DBStoreBuilder.java:addTable(110)) - using custom profile for table: keyTable
2019-08-30 05:51:36,653 [main] INFO  db.DBStoreBuilder (DBStoreBuilder.java:processTables(161)) - Using default column profile:DBProfile.DISK for Table:keyTable
2019-08-30 05:51:36,654 [main] INFO  db.DBStoreBuilder (DBStoreBuilder.java:addTable(110)) - using custom profile for table: deletedTable
2019-08-30 05:51:36,654 [main] INFO  db.DBStoreBuilder (DBStoreBuilder.java:processTables(161)) - Using default column profile:DBProfile.DISK for Table:deletedTable
2019-08-30 05:51:36,654 [main] INFO  db.DBStoreBuilder (DBStoreBuilder.java:addTable(110)) - using custom profile for table: openKeyTable
2019-08-30 05:51:36,654 [main] INFO  db.DBStoreBuilder (DBStoreBuilder.java:processTables(161)) - Using default column profile:DBProfile.DISK for Table:openKeyTable
2019-08-30 05:51:36,655 [main] INFO  db.DBStoreBuilder (DBStoreBuilder.java:addTable(110)) - using custom profile for table: s3Table
2019-08-30 05:51:36,655 [main] INFO  db.DBStoreBuilder (DBStoreBuilder.java:processTables(161)) - Using default column profile:DBProfile.DISK for Table:s3Table
2019-08-30 05:51:36,655 [main] INFO  db.DBStoreBuilder (DBStoreBuilder.java:addTable(110)) - using custom profile for table: multipartInfoTable
2019-08-30 05:51:36,655 [main] INFO  db.DBStoreBuilder (DBStoreBuilder.java:processTables(161)) - Using default column profile:DBProfile.DISK for Table:multipartInfoTable
2019-08-30 05:51:36,656 [main] INFO  db.DBStoreBuilder (DBStoreBuilder.java:addTable(110)) - using custom profile for table: dTokenTable
2019-08-30 05:51:36,656 [main] INFO  db.DBStoreBuilder (DBStoreBuilder.java:processTables(161)) - Using default column profile:DBProfile.DISK for Table:dTokenTable
2019-08-30 05:51:36,656 [main] INFO  db.DBStoreBuilder (DBStoreBuilder.java:addTable(110)) - using custom profile for table: s3SecretTable
2019-08-30 05:51:36,656 [main] INFO  db.DBStoreBuilder (DBStoreBuilder.java:processTables(161)) - Using default column profile:DBProfile.DISK for Table:s3SecretTable
2019-08-30 05:51:36,657 [main] INFO  db.DBStoreBuilder (DBStoreBuilder.java:addTable(110)) - using custom profile for table: prefixTable
2019-08-30 05:51:36,657 [main] INFO  db.DBStoreBuilder (DBStoreBuilder.java:processTables(161)) - Using default column profile:DBProfile.DISK for Table:prefixTable
2019-08-30 05:51:36,657 [main] INFO  db.DBStoreBuilder (DBStoreBuilder.java:addTable(110)) - using custom profile for table: default
2019-08-30 05:51:36,657 [main] INFO  db.DBStoreBuilder (DBStoreBuilder.java:processTables(167)) - Using default column profile:DBProfile.DISK for Table:default
2019-08-30 05:51:36,658 [main] INFO  db.DBStoreBuilder (DBStoreBuilder.java:getDbProfile(198)) - Using default options. DBProfile.DISK
2019-08-30 05:51:37,780 [main] INFO  ipc.CallQueueManager (CallQueueManager.java:<init>(84)) - Using callQueue: class java.util.concurrent.LinkedBlockingQueue, queueCapacity: 2000, scheduler: class org.apache.hadoop.ipc.DefaultRpcScheduler, ipcBackoff: false.
2019-08-30 05:51:37,781 [Socket Reader #1 for port 35724] INFO  ipc.Server (Server.java:run(1074)) - Starting Socket Reader #1 for port 35724
2019-08-30 05:51:37,812 [main] INFO  om.OzoneManager (OzoneManager.java:start(1266)) - OzoneManager RPC server is listening at localhost/127.0.0.1:35724
2019-08-30 05:51:37,813 [main] INFO  impl.MetricsSystemImpl (MetricsSystemImpl.java:init(158)) - OzoneManager metrics system started (again)
2019-08-30 05:51:37,814 [IPC Server Responder] INFO  ipc.Server (Server.java:run(1314)) - IPC Server Responder: starting
2019-08-30 05:51:37,814 [IPC Server listener on 35724] INFO  ipc.Server (Server.java:run(1153)) - IPC Server listener on 35724: starting
2019-08-30 05:51:37,821 [main] INFO  hdfs.DFSUtil (DFSUtil.java:httpServerTemplateForNNAndJN(1641)) - Starting Web-server for ozoneManager at: http://0.0.0.0:0
2019-08-30 05:51:37,822 [main] INFO  server.AuthenticationFilter (AuthenticationFilter.java:constructSecretProvider(240)) - Unable to initialize FileSignerSecretProvider, falling back to use random secrets.
2019-08-30 05:51:37,823 [main] WARN  http.HttpRequestLog (HttpRequestLog.java:getRequestLog(97)) - Jetty request log can only be enabled using Log4j
2019-08-30 05:51:37,826 [main] INFO  http.HttpServer2 (HttpServer2.java:addGlobalFilter(975)) - Added global filter 'safety' (class=org.apache.hadoop.http.HttpServer2$QuotingInputFilter)
2019-08-30 05:51:37,827 [main] INFO  http.HttpServer2 (HttpServer2.java:addFilter(948)) - Added filter static_user_filter (class=org.apache.hadoop.http.lib.StaticUserWebFilter$StaticUserFilter) to context ozoneManager
2019-08-30 05:51:37,827 [main] INFO  http.HttpServer2 (HttpServer2.java:addFilter(958)) - Added filter static_user_filter (class=org.apache.hadoop.http.lib.StaticUserWebFilter$StaticUserFilter) to context static
2019-08-30 05:51:37,828 [main] INFO  http.HttpServer2 (HttpServer2.java:addFilter(958)) - Added filter static_user_filter (class=org.apache.hadoop.http.lib.StaticUserWebFilter$StaticUserFilter) to context logs
2019-08-30 05:51:37,830 [main] INFO  http.HttpServer2 (HttpServer2.java:bindListener(1191)) - Jetty bound to port 44983
2019-08-30 05:51:37,831 [main] INFO  server.Server (Server.java:doStart(351)) - jetty-9.3.24.v20180605, build timestamp: 2018-06-05T17:11:56Z, git hash: 84205aa28f11a4f31f2a3b86d1bba2cc8ab69827
2019-08-30 05:51:37,833 [main] INFO  handler.ContextHandler (ContextHandler.java:doStart(781)) - Started o.e.j.s.ServletContextHandler@3721177d{/logs,file:///workdir/hadoop-ozone/integration-test/target/log,AVAILABLE}
2019-08-30 05:51:37,834 [main] INFO  handler.ContextHandler (ContextHandler.java:doStart(781)) - Started o.e.j.s.ServletContextHandler@63718b93{/static,file:///workdir/hadoop-ozone/integration-test/target/test-classes/webapps/static,AVAILABLE}
2019-08-30 05:51:37,839 [main] INFO  handler.ContextHandler (ContextHandler.java:doStart(781)) - Started o.e.j.w.WebAppContext@2822c6ff{/,file:///workdir/hadoop-ozone/integration-test/target/test-classes/webapps/ozoneManager/,AVAILABLE}{/ozoneManager}
2019-08-30 05:51:37,841 [main] INFO  server.AbstractConnector (AbstractConnector.java:doStart(278)) - Started ServerConnector@4dafba3e{HTTP/1.1,[http/1.1]}{0.0.0.0:44983}
2019-08-30 05:51:37,841 [main] INFO  server.Server (Server.java:doStart(419)) - Started @5743ms
2019-08-30 05:51:37,842 [main] WARN  impl.MetricsSystemImpl (MetricsSystemImpl.java:register(276)) - Sink prometheus already exists!
2019-08-30 05:51:37,843 [main] INFO  server.BaseHttpServer (BaseHttpServer.java:updateConnectorAddress(215)) - HTTP server of OZONEMANAGER is listening at http://0.0.0.0:44983
2019-08-30 05:51:37,977 [main] INFO  impl.MetricsSystemImpl (MetricsSystemImpl.java:init(158)) - HddsDatanode metrics system started (again)
2019-08-30 05:51:38,035 [main] INFO  ozone.HddsDatanodeService (HddsDatanodeService.java:start(184)) - HddsDatanodeService host:trunk-nightly-20190830-rr75b-3244975676 ip:192.168.69.118
2019-08-30 05:51:38,071 [main] INFO  volume.HddsVolume (HddsVolume.java:<init>(176)) - Creating Volume: /workdir/hadoop-ozone/integration-test/target/test-dir/MiniOzoneClusterImpl-6c81b17e-d379-4dd7-9ace-7f7e99a9bc26/datanode-0/data/containers/hdds of  storage type : DISK and capacity : 1482555576320
2019-08-30 05:51:38,074 [main] INFO  volume.VolumeSet (VolumeSet.java:initializeVolumeSet(170)) - Added Volume : /workdir/hadoop-ozone/integration-test/target/test-dir/MiniOzoneClusterImpl-6c81b17e-d379-4dd7-9ace-7f7e99a9bc26/datanode-0/data/containers/hdds to VolumeSet
2019-08-30 05:51:38,079 [main] INFO  volume.ThrottledAsyncChecker (ThrottledAsyncChecker.java:schedule(140)) - Scheduling a check for org.apache.hadoop.ozone.container.common.volume.HddsVolume@6be7bf6d
2019-08-30 05:51:38,108 [main] INFO  volume.HddsVolumeChecker (HddsVolumeChecker.java:checkAllVolumes(203)) - Scheduled health check for volume org.apache.hadoop.ozone.container.common.volume.HddsVolume@6be7bf6d
2019-08-30 05:51:38,225 [main] INFO  impl.RaftServerProxy (ConfUtils.java:logGet(43)) - raft.rpc.type = GRPC (default)
2019-08-30 05:51:38,292 [main] INFO  grpc.GrpcFactory (GrpcFactory.java:checkPooledByteBufAllocatorUseCacheForAllThreads(45)) - PERFORMANCE WARNING: useCacheForAllThreads is true that may cause Netty to create a lot garbage objects and, as a result, trigger GC.
	It is recommended to disable useCacheForAllThreads by setting -Dorg.apache.ratis.thirdparty.io.netty.allocator.useCacheForAllThreads=false in command line.
2019-08-30 05:51:38,297 [main] INFO  grpc.GrpcConfigKeys$Server (ConfUtils.java:logGet(43)) - raft.grpc.server.port = 0 (default)
2019-08-30 05:51:38,298 [main] INFO  server.GrpcService (ConfUtils.java:logGet(43)) - raft.grpc.message.size.max = 33570816 (custom)
2019-08-30 05:51:38,299 [main] INFO  server.RaftServerConfigKeys (ConfUtils.java:logGet(43)) - raft.server.log.appender.buffer.byte-limit = 33554432 (custom)
2019-08-30 05:51:38,300 [main] INFO  server.GrpcService (ConfUtils.java:logGet(43)) - raft.grpc.flow.control.window = 1MB (=1048576) (default)
2019-08-30 05:51:38,301 [main] INFO  server.RaftServerConfigKeys (ConfUtils.java:logGet(43)) - raft.server.rpc.request.timeout = 3000ms (default)
2019-08-30 05:51:38,467 [main] INFO  server.RaftServerConfigKeys (ConfUtils.java:logGet(43)) - raft.server.storage.dir = [/workdir/hadoop-ozone/integration-test/target/test-dir/MiniOzoneClusterImpl-6c81b17e-d379-4dd7-9ace-7f7e99a9bc26/datanode-0/data/ratis] (custom)
2019-08-30 05:51:38,522 [main] INFO  hdfs.DFSUtil (DFSUtil.java:httpServerTemplateForNNAndJN(1641)) - Starting Web-server for hddsDatanode at: http://0.0.0.0:0
2019-08-30 05:51:38,525 [main] INFO  server.AuthenticationFilter (AuthenticationFilter.java:constructSecretProvider(240)) - Unable to initialize FileSignerSecretProvider, falling back to use random secrets.
2019-08-30 05:51:38,526 [main] WARN  http.HttpRequestLog (HttpRequestLog.java:getRequestLog(97)) - Jetty request log can only be enabled using Log4j
2019-08-30 05:51:38,529 [main] INFO  http.HttpServer2 (HttpServer2.java:addGlobalFilter(975)) - Added global filter 'safety' (class=org.apache.hadoop.http.HttpServer2$QuotingInputFilter)
2019-08-30 05:51:38,531 [main] INFO  http.HttpServer2 (HttpServer2.java:addFilter(948)) - Added filter static_user_filter (class=org.apache.hadoop.http.lib.StaticUserWebFilter$StaticUserFilter) to context hddsDatanode
2019-08-30 05:51:38,531 [main] INFO  http.HttpServer2 (HttpServer2.java:addFilter(958)) - Added filter static_user_filter (class=org.apache.hadoop.http.lib.StaticUserWebFilter$StaticUserFilter) to context logs
2019-08-30 05:51:38,531 [main] INFO  http.HttpServer2 (HttpServer2.java:addFilter(958)) - Added filter static_user_filter (class=org.apache.hadoop.http.lib.StaticUserWebFilter$StaticUserFilter) to context static
2019-08-30 05:51:38,533 [main] INFO  http.HttpServer2 (HttpServer2.java:bindListener(1191)) - Jetty bound to port 44904
2019-08-30 05:51:38,533 [main] INFO  server.Server (Server.java:doStart(351)) - jetty-9.3.24.v20180605, build timestamp: 2018-06-05T17:11:56Z, git hash: 84205aa28f11a4f31f2a3b86d1bba2cc8ab69827
2019-08-30 05:51:38,536 [main] INFO  handler.ContextHandler (ContextHandler.java:doStart(781)) - Started o.e.j.s.ServletContextHandler@534180a2{/logs,file:///workdir/hadoop-ozone/integration-test/target/log,AVAILABLE}
2019-08-30 05:51:38,537 [main] INFO  handler.ContextHandler (ContextHandler.java:doStart(781)) - Started o.e.j.s.ServletContextHandler@21505815{/static,jar:file:/home/user/.m2/repository/org/apache/hadoop/hadoop-hdds-container-service/0.5.0-SNAPSHOT/hadoop-hdds-container-service-0.5.0-SNAPSHOT.jar!/webapps/static,AVAILABLE}
2019-08-30 05:51:38,584 [main] INFO  handler.ContextHandler (ContextHandler.java:doStart(781)) - Started o.e.j.w.WebAppContext@3a26ec8d{/,file:///tmp/jetty-0.0.0.0-44904-hddsDatanode-_-any-926283187041232132.dir/webapp/,AVAILABLE}{/hddsDatanode}
2019-08-30 05:51:38,585 [main] INFO  server.AbstractConnector (AbstractConnector.java:doStart(278)) - Started ServerConnector@17143b3b{HTTP/1.1,[http/1.1]}{0.0.0.0:44904}
2019-08-30 05:51:38,587 [main] INFO  server.Server (Server.java:doStart(419)) - Started @6488ms
2019-08-30 05:51:38,587 [main] WARN  impl.MetricsSystemImpl (MetricsSystemImpl.java:register(276)) - Sink prometheus already exists!
2019-08-30 05:51:38,588 [main] INFO  server.BaseHttpServer (BaseHttpServer.java:updateConnectorAddress(215)) - HTTP server of HDDSDATANODE is listening at http://0.0.0.0:44904
2019-08-30 05:51:38,589 [main] INFO  impl.MetricsSystemImpl (MetricsSystemImpl.java:init(158)) - HddsDatanode metrics system started (again)
2019-08-30 05:51:38,592 [main] INFO  ozone.HddsDatanodeService (HddsDatanodeService.java:start(184)) - HddsDatanodeService host:trunk-nightly-20190830-rr75b-3244975676 ip:192.168.69.118
2019-08-30 05:51:38,595 [org.apache.hadoop.util.JvmPauseMonitor$Monitor@9c94478] INFO  util.JvmPauseMonitor (JvmPauseMonitor.java:run(188)) - Starting JVM pause monitor
2019-08-30 05:51:38,603 [main] INFO  volume.HddsVolume (HddsVolume.java:<init>(176)) - Creating Volume: /workdir/hadoop-ozone/integration-test/target/test-dir/MiniOzoneClusterImpl-6c81b17e-d379-4dd7-9ace-7f7e99a9bc26/datanode-1/data/containers/hdds of  storage type : DISK and capacity : 1482555576320
2019-08-30 05:51:38,603 [main] INFO  volume.VolumeSet (VolumeSet.java:initializeVolumeSet(170)) - Added Volume : /workdir/hadoop-ozone/integration-test/target/test-dir/MiniOzoneClusterImpl-6c81b17e-d379-4dd7-9ace-7f7e99a9bc26/datanode-1/data/containers/hdds to VolumeSet
2019-08-30 05:51:38,604 [main] INFO  volume.ThrottledAsyncChecker (ThrottledAsyncChecker.java:schedule(140)) - Scheduling a check for org.apache.hadoop.ozone.container.common.volume.HddsVolume@1a1f5f71
2019-08-30 05:51:38,605 [main] INFO  volume.HddsVolumeChecker (HddsVolumeChecker.java:checkAllVolumes(203)) - Scheduled health check for volume org.apache.hadoop.ozone.container.common.volume.HddsVolume@1a1f5f71
2019-08-30 05:51:38,623 [main] INFO  impl.RaftServerProxy (ConfUtils.java:logGet(43)) - raft.rpc.type = GRPC (default)
2019-08-30 05:51:38,623 [main] INFO  grpc.GrpcFactory (GrpcFactory.java:checkPooledByteBufAllocatorUseCacheForAllThreads(45)) - PERFORMANCE WARNING: useCacheForAllThreads is true that may cause Netty to create a lot garbage objects and, as a result, trigger GC.
	It is recommended to disable useCacheForAllThreads by setting -Dorg.apache.ratis.thirdparty.io.netty.allocator.useCacheForAllThreads=false in command line.
2019-08-30 05:51:38,623 [main] INFO  grpc.GrpcConfigKeys$Server (ConfUtils.java:logGet(43)) - raft.grpc.server.port = 0 (default)
2019-08-30 05:51:38,624 [main] INFO  server.GrpcService (ConfUtils.java:logGet(43)) - raft.grpc.message.size.max = 33570816 (custom)
2019-08-30 05:51:38,624 [main] INFO  server.RaftServerConfigKeys (ConfUtils.java:logGet(43)) - raft.server.log.appender.buffer.byte-limit = 33554432 (custom)
2019-08-30 05:51:38,624 [main] INFO  server.GrpcService (ConfUtils.java:logGet(43)) - raft.grpc.flow.control.window = 1MB (=1048576) (default)
2019-08-30 05:51:38,625 [main] INFO  server.RaftServerConfigKeys (ConfUtils.java:logGet(43)) - raft.server.rpc.request.timeout = 3000ms (default)
2019-08-30 05:51:38,625 [main] INFO  server.RaftServerConfigKeys (ConfUtils.java:logGet(43)) - raft.server.storage.dir = [/workdir/hadoop-ozone/integration-test/target/test-dir/MiniOzoneClusterImpl-6c81b17e-d379-4dd7-9ace-7f7e99a9bc26/datanode-1/data/ratis] (custom)
2019-08-30 05:51:38,627 [main] INFO  hdfs.DFSUtil (DFSUtil.java:httpServerTemplateForNNAndJN(1641)) - Starting Web-server for hddsDatanode at: http://0.0.0.0:0
2019-08-30 05:51:38,629 [main] INFO  server.AuthenticationFilter (AuthenticationFilter.java:constructSecretProvider(240)) - Unable to initialize FileSignerSecretProvider, falling back to use random secrets.
2019-08-30 05:51:38,630 [main] WARN  http.HttpRequestLog (HttpRequestLog.java:getRequestLog(97)) - Jetty request log can only be enabled using Log4j
2019-08-30 05:51:38,631 [main] INFO  http.HttpServer2 (HttpServer2.java:addGlobalFilter(975)) - Added global filter 'safety' (class=org.apache.hadoop.http.HttpServer2$QuotingInputFilter)
2019-08-30 05:51:38,632 [main] INFO  http.HttpServer2 (HttpServer2.java:addFilter(948)) - Added filter static_user_filter (class=org.apache.hadoop.http.lib.StaticUserWebFilter$StaticUserFilter) to context hddsDatanode
2019-08-30 05:51:38,632 [main] INFO  http.HttpServer2 (HttpServer2.java:addFilter(958)) - Added filter static_user_filter (class=org.apache.hadoop.http.lib.StaticUserWebFilter$StaticUserFilter) to context static
2019-08-30 05:51:38,633 [main] INFO  http.HttpServer2 (HttpServer2.java:addFilter(958)) - Added filter static_user_filter (class=org.apache.hadoop.http.lib.StaticUserWebFilter$StaticUserFilter) to context logs
2019-08-30 05:51:38,634 [main] INFO  http.HttpServer2 (HttpServer2.java:bindListener(1191)) - Jetty bound to port 39775
2019-08-30 05:51:38,634 [main] INFO  server.Server (Server.java:doStart(351)) - jetty-9.3.24.v20180605, build timestamp: 2018-06-05T17:11:56Z, git hash: 84205aa28f11a4f31f2a3b86d1bba2cc8ab69827
2019-08-30 05:51:38,638 [main] INFO  handler.ContextHandler (ContextHandler.java:doStart(781)) - Started o.e.j.s.ServletContextHandler@79a04e5f{/logs,file:///workdir/hadoop-ozone/integration-test/target/log,AVAILABLE}
2019-08-30 05:51:38,639 [main] INFO  handler.ContextHandler (ContextHandler.java:doStart(781)) - Started o.e.j.s.ServletContextHandler@53311681{/static,jar:file:/home/user/.m2/repository/org/apache/hadoop/hadoop-hdds-container-service/0.5.0-SNAPSHOT/hadoop-hdds-container-service-0.5.0-SNAPSHOT.jar!/webapps/static,AVAILABLE}
2019-08-30 05:51:38,671 [main] INFO  handler.ContextHandler (ContextHandler.java:doStart(781)) - Started o.e.j.w.WebAppContext@59696551{/,file:///tmp/jetty-0.0.0.0-39775-hddsDatanode-_-any-1180206870615484716.dir/webapp/,AVAILABLE}{/hddsDatanode}
2019-08-30 05:51:38,672 [main] INFO  server.AbstractConnector (AbstractConnector.java:doStart(278)) - Started ServerConnector@648d0e6d{HTTP/1.1,[http/1.1]}{0.0.0.0:39775}
2019-08-30 05:51:38,673 [main] INFO  server.Server (Server.java:doStart(419)) - Started @6575ms
2019-08-30 05:51:38,674 [main] WARN  impl.MetricsSystemImpl (MetricsSystemImpl.java:register(276)) - Sink prometheus already exists!
2019-08-30 05:51:38,675 [main] INFO  server.BaseHttpServer (BaseHttpServer.java:updateConnectorAddress(215)) - HTTP server of HDDSDATANODE is listening at http://0.0.0.0:39775
2019-08-30 05:51:38,675 [main] INFO  impl.MetricsSystemImpl (MetricsSystemImpl.java:init(158)) - HddsDatanode metrics system started (again)
2019-08-30 05:51:38,678 [org.apache.hadoop.util.JvmPauseMonitor$Monitor@72f0ec53] INFO  util.JvmPauseMonitor (JvmPauseMonitor.java:run(188)) - Starting JVM pause monitor
2019-08-30 05:51:38,678 [main] INFO  ozone.HddsDatanodeService (HddsDatanodeService.java:start(184)) - HddsDatanodeService host:trunk-nightly-20190830-rr75b-3244975676 ip:192.168.69.118
2019-08-30 05:51:38,688 [main] INFO  volume.HddsVolume (HddsVolume.java:<init>(176)) - Creating Volume: /workdir/hadoop-ozone/integration-test/target/test-dir/MiniOzoneClusterImpl-6c81b17e-d379-4dd7-9ace-7f7e99a9bc26/datanode-2/data/containers/hdds of  storage type : DISK and capacity : 1482555576320
2019-08-30 05:51:38,689 [main] INFO  volume.VolumeSet (VolumeSet.java:initializeVolumeSet(170)) - Added Volume : /workdir/hadoop-ozone/integration-test/target/test-dir/MiniOzoneClusterImpl-6c81b17e-d379-4dd7-9ace-7f7e99a9bc26/datanode-2/data/containers/hdds to VolumeSet
2019-08-30 05:51:38,689 [main] INFO  volume.ThrottledAsyncChecker (ThrottledAsyncChecker.java:schedule(140)) - Scheduling a check for org.apache.hadoop.ozone.container.common.volume.HddsVolume@512d6e60
2019-08-30 05:51:38,689 [main] INFO  volume.HddsVolumeChecker (HddsVolumeChecker.java:checkAllVolumes(203)) - Scheduled health check for volume org.apache.hadoop.ozone.container.common.volume.HddsVolume@512d6e60
2019-08-30 05:51:38,704 [main] INFO  impl.RaftServerProxy (ConfUtils.java:logGet(43)) - raft.rpc.type = GRPC (default)
2019-08-30 05:51:38,704 [main] INFO  grpc.GrpcFactory (GrpcFactory.java:checkPooledByteBufAllocatorUseCacheForAllThreads(45)) - PERFORMANCE WARNING: useCacheForAllThreads is true that may cause Netty to create a lot garbage objects and, as a result, trigger GC.
	It is recommended to disable useCacheForAllThreads by setting -Dorg.apache.ratis.thirdparty.io.netty.allocator.useCacheForAllThreads=false in command line.
2019-08-30 05:51:38,705 [main] INFO  grpc.GrpcConfigKeys$Server (ConfUtils.java:logGet(43)) - raft.grpc.server.port = 0 (default)
2019-08-30 05:51:38,705 [main] INFO  server.GrpcService (ConfUtils.java:logGet(43)) - raft.grpc.message.size.max = 33570816 (custom)
2019-08-30 05:51:38,705 [main] INFO  server.RaftServerConfigKeys (ConfUtils.java:logGet(43)) - raft.server.log.appender.buffer.byte-limit = 33554432 (custom)
2019-08-30 05:51:38,705 [main] INFO  server.GrpcService (ConfUtils.java:logGet(43)) - raft.grpc.flow.control.window = 1MB (=1048576) (default)
2019-08-30 05:51:38,706 [main] INFO  server.RaftServerConfigKeys (ConfUtils.java:logGet(43)) - raft.server.rpc.request.timeout = 3000ms (default)
2019-08-30 05:51:38,706 [main] INFO  server.RaftServerConfigKeys (ConfUtils.java:logGet(43)) - raft.server.storage.dir = [/workdir/hadoop-ozone/integration-test/target/test-dir/MiniOzoneClusterImpl-6c81b17e-d379-4dd7-9ace-7f7e99a9bc26/datanode-2/data/ratis] (custom)
2019-08-30 05:51:38,708 [main] INFO  hdfs.DFSUtil (DFSUtil.java:httpServerTemplateForNNAndJN(1641)) - Starting Web-server for hddsDatanode at: http://0.0.0.0:0
2019-08-30 05:51:38,710 [main] INFO  server.AuthenticationFilter (AuthenticationFilter.java:constructSecretProvider(240)) - Unable to initialize FileSignerSecretProvider, falling back to use random secrets.
2019-08-30 05:51:38,710 [main] WARN  http.HttpRequestLog (HttpRequestLog.java:getRequestLog(97)) - Jetty request log can only be enabled using Log4j
2019-08-30 05:51:38,712 [main] INFO  http.HttpServer2 (HttpServer2.java:addGlobalFilter(975)) - Added global filter 'safety' (class=org.apache.hadoop.http.HttpServer2$QuotingInputFilter)
2019-08-30 05:51:38,713 [main] INFO  http.HttpServer2 (HttpServer2.java:addFilter(948)) - Added filter static_user_filter (class=org.apache.hadoop.http.lib.StaticUserWebFilter$StaticUserFilter) to context hddsDatanode
2019-08-30 05:51:38,713 [main] INFO  http.HttpServer2 (HttpServer2.java:addFilter(958)) - Added filter static_user_filter (class=org.apache.hadoop.http.lib.StaticUserWebFilter$StaticUserFilter) to context static
2019-08-30 05:51:38,713 [main] INFO  http.HttpServer2 (HttpServer2.java:addFilter(958)) - Added filter static_user_filter (class=org.apache.hadoop.http.lib.StaticUserWebFilter$StaticUserFilter) to context logs
2019-08-30 05:51:38,714 [main] INFO  http.HttpServer2 (HttpServer2.java:bindListener(1191)) - Jetty bound to port 42072
2019-08-30 05:51:38,714 [main] INFO  server.Server (Server.java:doStart(351)) - jetty-9.3.24.v20180605, build timestamp: 2018-06-05T17:11:56Z, git hash: 84205aa28f11a4f31f2a3b86d1bba2cc8ab69827
2019-08-30 05:51:38,716 [main] INFO  handler.ContextHandler (ContextHandler.java:doStart(781)) - Started o.e.j.s.ServletContextHandler@6cbd0674{/logs,file:///workdir/hadoop-ozone/integration-test/target/log,AVAILABLE}
2019-08-30 05:51:38,717 [main] INFO  handler.ContextHandler (ContextHandler.java:doStart(781)) - Started o.e.j.s.ServletContextHandler@19a64eae{/static,jar:file:/home/user/.m2/repository/org/apache/hadoop/hadoop-hdds-container-service/0.5.0-SNAPSHOT/hadoop-hdds-container-service-0.5.0-SNAPSHOT.jar!/webapps/static,AVAILABLE}
2019-08-30 05:51:38,748 [main] INFO  handler.ContextHandler (ContextHandler.java:doStart(781)) - Started o.e.j.w.WebAppContext@10c72a6f{/,file:///tmp/jetty-0.0.0.0-42072-hddsDatanode-_-any-1644070222833517896.dir/webapp/,AVAILABLE}{/hddsDatanode}
2019-08-30 05:51:38,750 [main] INFO  server.AbstractConnector (AbstractConnector.java:doStart(278)) - Started ServerConnector@70e94ecb{HTTP/1.1,[http/1.1]}{0.0.0.0:42072}
2019-08-30 05:51:38,751 [main] INFO  server.Server (Server.java:doStart(419)) - Started @6653ms
2019-08-30 05:51:38,751 [main] WARN  impl.MetricsSystemImpl (MetricsSystemImpl.java:register(276)) - Sink prometheus already exists!
2019-08-30 05:51:38,752 [main] INFO  server.BaseHttpServer (BaseHttpServer.java:updateConnectorAddress(215)) - HTTP server of HDDSDATANODE is listening at http://0.0.0.0:42072
2019-08-30 05:51:38,754 [main] INFO  ozone.MiniOzoneClusterImpl (MiniOzoneClusterImpl.java:lambda$waitForClusterToBeReady$0(140)) - Waiting for cluster to be ready. Got 0 of 3 DN Heartbeats.
2019-08-30 05:51:38,755 [org.apache.hadoop.util.JvmPauseMonitor$Monitor@da8d374] INFO  util.JvmPauseMonitor (JvmPauseMonitor.java:run(188)) - Starting JVM pause monitor
2019-08-30 05:51:38,763 [Datanode State Machine Thread - 0] INFO  datanode.InitDatanodeState (InitDatanodeState.java:persistContainerDatanodeDetails(140)) - DatanodeDetails is persisted to /workdir/hadoop-ozone/integration-test/target/test-dir/MiniOzoneClusterImpl-6c81b17e-d379-4dd7-9ace-7f7e99a9bc26/datanode-0/meta/datanode.id
2019-08-30 05:51:38,768 [Datanode State Machine Thread - 0] INFO  datanode.InitDatanodeState (InitDatanodeState.java:persistContainerDatanodeDetails(140)) - DatanodeDetails is persisted to /workdir/hadoop-ozone/integration-test/target/test-dir/MiniOzoneClusterImpl-6c81b17e-d379-4dd7-9ace-7f7e99a9bc26/datanode-2/meta/datanode.id
2019-08-30 05:51:38,771 [Datanode State Machine Thread - 0] INFO  datanode.InitDatanodeState (InitDatanodeState.java:persistContainerDatanodeDetails(140)) - DatanodeDetails is persisted to /workdir/hadoop-ozone/integration-test/target/test-dir/MiniOzoneClusterImpl-6c81b17e-d379-4dd7-9ace-7f7e99a9bc26/datanode-1/meta/datanode.id
2019-08-30 05:51:39,756 [main] INFO  ozone.MiniOzoneClusterImpl (MiniOzoneClusterImpl.java:lambda$waitForClusterToBeReady$0(140)) - Waiting for cluster to be ready. Got 0 of 3 DN Heartbeats.
2019-08-30 05:51:40,633 | INFO  | SCMAudit | user=jenkins1000 | ip=192.168.69.118 | op=GET_VERSION null | ret=SUCCESS |  
2019-08-30 05:51:40,669 [Datanode State Machine Thread - 0] INFO  ozoneimpl.OzoneContainer (OzoneContainer.java:start(201)) - Attempting to start container services.
2019-08-30 05:51:40,670 [Datanode State Machine Thread - 0] INFO  ozoneimpl.OzoneContainer (OzoneContainer.java:startContainerScrub(175)) - Background container scrubber has been disabled by hdds.containerscrub.enabled
2019-08-30 05:51:40,671 [Datanode State Machine Thread - 0] INFO  ratis.XceiverServerRatis (XceiverServerRatis.java:start(393)) - Starting XceiverServerRatis 0c3d5d33-5004-4ad0-a181-1b32c8916f48 at port 0
2019-08-30 05:51:40,688 | INFO  | SCMAudit | user=jenkins1000 | ip=192.168.69.118 | op=GET_VERSION null | ret=SUCCESS |  
2019-08-30 05:51:40,709 [Datanode State Machine Thread - 0] INFO  impl.RaftServerProxy (RaftServerProxy.java:lambda$start$3(299)) - 0c3d5d33-5004-4ad0-a181-1b32c8916f48: start RPC server
2019-08-30 05:51:40,714 [Datanode State Machine Thread - 0] INFO  ozoneimpl.OzoneContainer (OzoneContainer.java:start(201)) - Attempting to start container services.
2019-08-30 05:51:40,716 [Datanode State Machine Thread - 0] INFO  ozoneimpl.OzoneContainer (OzoneContainer.java:startContainerScrub(175)) - Background container scrubber has been disabled by hdds.containerscrub.enabled
2019-08-30 05:51:40,719 [Datanode State Machine Thread - 0] INFO  ratis.XceiverServerRatis (XceiverServerRatis.java:start(393)) - Starting XceiverServerRatis 3db231e5-aa41-417a-9eb1-ebae727224a1 at port 0
2019-08-30 05:51:40,728 [Datanode State Machine Thread - 0] INFO  impl.RaftServerProxy (RaftServerProxy.java:lambda$start$3(299)) - 3db231e5-aa41-417a-9eb1-ebae727224a1: start RPC server
2019-08-30 05:51:40,757 [main] INFO  ozone.MiniOzoneClusterImpl (MiniOzoneClusterImpl.java:lambda$waitForClusterToBeReady$0(140)) - Waiting for cluster to be ready. Got 0 of 3 DN Heartbeats.
2019-08-30 05:51:40,757 | INFO  | SCMAudit | user=jenkins1000 | ip=192.168.69.118 | op=GET_VERSION null | ret=SUCCESS |  
2019-08-30 05:51:40,781 [Datanode State Machine Thread - 0] INFO  ozoneimpl.OzoneContainer (OzoneContainer.java:start(201)) - Attempting to start container services.
2019-08-30 05:51:40,784 [Datanode State Machine Thread - 0] INFO  ozoneimpl.OzoneContainer (OzoneContainer.java:startContainerScrub(175)) - Background container scrubber has been disabled by hdds.containerscrub.enabled
2019-08-30 05:51:40,784 [Datanode State Machine Thread - 0] INFO  ratis.XceiverServerRatis (XceiverServerRatis.java:start(393)) - Starting XceiverServerRatis 39b5c586-5c16-4d91-b521-ddac34f0fc4c at port 0
2019-08-30 05:51:40,794 [Datanode State Machine Thread - 0] INFO  impl.RaftServerProxy (RaftServerProxy.java:lambda$start$3(299)) - 39b5c586-5c16-4d91-b521-ddac34f0fc4c: start RPC server
2019-08-30 05:51:40,870 [Datanode State Machine Thread - 0] INFO  server.GrpcService (GrpcService.java:startImpl(149)) - 0c3d5d33-5004-4ad0-a181-1b32c8916f48: GrpcService started, listening on 0.0.0.0/0.0.0.0:44044
2019-08-30 05:51:40,870 [Datanode State Machine Thread - 0] INFO  server.GrpcService (GrpcService.java:startImpl(149)) - 3db231e5-aa41-417a-9eb1-ebae727224a1: GrpcService started, listening on 0.0.0.0/0.0.0.0:39216
2019-08-30 05:51:40,870 [Datanode State Machine Thread - 0] INFO  server.GrpcService (GrpcService.java:startImpl(149)) - 39b5c586-5c16-4d91-b521-ddac34f0fc4c: GrpcService started, listening on 0.0.0.0/0.0.0.0:41067
2019-08-30 05:51:40,872 [Datanode State Machine Thread - 0] INFO  ratis.XceiverServerRatis (XceiverServerRatis.java:start(403)) - XceiverServerRatis 3db231e5-aa41-417a-9eb1-ebae727224a1 is started using port 39216
2019-08-30 05:51:40,871 [Datanode State Machine Thread - 0] INFO  ratis.XceiverServerRatis (XceiverServerRatis.java:start(403)) - XceiverServerRatis 0c3d5d33-5004-4ad0-a181-1b32c8916f48 is started using port 44044
2019-08-30 05:51:40,872 [Datanode State Machine Thread - 0] INFO  ratis.XceiverServerRatis (XceiverServerRatis.java:start(403)) - XceiverServerRatis 39b5c586-5c16-4d91-b521-ddac34f0fc4c is started using port 41067
2019-08-30 05:51:40,879 [Datanode State Machine Thread - 0] INFO  server.XceiverServerGrpc (XceiverServerGrpc.java:start(163)) - XceiverServerGrpc 39b5c586-5c16-4d91-b521-ddac34f0fc4c is started using port 37942
2019-08-30 05:51:40,879 [Datanode State Machine Thread - 0] INFO  server.XceiverServerGrpc (XceiverServerGrpc.java:start(163)) - XceiverServerGrpc 3db231e5-aa41-417a-9eb1-ebae727224a1 is started using port 46520
2019-08-30 05:51:40,880 [Datanode State Machine Thread - 0] INFO  server.XceiverServerGrpc (XceiverServerGrpc.java:start(163)) - XceiverServerGrpc 0c3d5d33-5004-4ad0-a181-1b32c8916f48 is started using port 33521
2019-08-30 05:51:41,757 [main] INFO  ozone.MiniOzoneClusterImpl (MiniOzoneClusterImpl.java:lambda$waitForClusterToBeReady$0(140)) - Waiting for cluster to be ready. Got 0 of 3 DN Heartbeats.
2019-08-30 05:51:42,630 [IPC Server handler 18 on 37550] INFO  net.NetworkTopology (NetworkTopologyImpl.java:add(110)) - Added a new node: /default-rack/0c3d5d33-5004-4ad0-a181-1b32c8916f48
2019-08-30 05:51:42,630 [IPC Server handler 18 on 37550] INFO  node.SCMNodeManager (SCMNodeManager.java:register(266)) - Registered Data node : 0c3d5d33-5004-4ad0-a181-1b32c8916f48{ip: 192.168.69.118, host: trunk-nightly-20190830-rr75b-3244975676, networkLocation: /default-rack, certSerialId: null}
2019-08-30 05:51:42,637 [EventQueue-NodeRegistrationContainerReportForDataNodeSafeModeRule] INFO  safemode.SCMSafeModeManager (DataNodeSafeModeRule.java:process(71)) - SCM in safe mode. 1 DataNodes registered, 1 required.
2019-08-30 05:51:42,637 [EventQueue-NodeRegistrationContainerReportForDataNodeSafeModeRule] INFO  safemode.SCMSafeModeManager (SCMSafeModeManager.java:validateSafeModeExitRules(177)) - ScmSafeModeManager, all rules are successfully validated
2019-08-30 05:51:42,637 [EventQueue-NodeRegistrationContainerReportForDataNodeSafeModeRule] INFO  safemode.SCMSafeModeManager (SCMSafeModeManager.java:exitSafeMode(193)) - SCM exiting safe mode.
2019-08-30 05:51:42,647 | INFO  | SCMAudit | user=jenkins1000 | ip=192.168.69.118 | op=REGISTER {datanodeDetails=0c3d5d33-5004-4ad0-a181-1b32c8916f48{ip: 192.168.69.118, host: trunk-nightly-20190830-rr75b-3244975676, networkLocation: /default-rack, certSerialId: null}} | ret=SUCCESS |  
2019-08-30 05:51:42,683 [IPC Server handler 8 on 37550] INFO  net.NetworkTopology (NetworkTopologyImpl.java:add(110)) - Added a new node: /default-rack/3db231e5-aa41-417a-9eb1-ebae727224a1
2019-08-30 05:51:42,684 [IPC Server handler 8 on 37550] INFO  node.SCMNodeManager (SCMNodeManager.java:register(266)) - Registered Data node : 3db231e5-aa41-417a-9eb1-ebae727224a1{ip: 192.168.69.118, host: trunk-nightly-20190830-rr75b-3244975676, networkLocation: /default-rack, certSerialId: null}
2019-08-30 05:51:42,684 | INFO  | SCMAudit | user=jenkins1000 | ip=192.168.69.118 | op=REGISTER {datanodeDetails=3db231e5-aa41-417a-9eb1-ebae727224a1{ip: 192.168.69.118, host: trunk-nightly-20190830-rr75b-3244975676, networkLocation: /default-rack, certSerialId: null}} | ret=SUCCESS |  
2019-08-30 05:51:42,757 [IPC Server handler 19 on 37550] INFO  net.NetworkTopology (NetworkTopologyImpl.java:add(110)) - Added a new node: /default-rack/39b5c586-5c16-4d91-b521-ddac34f0fc4c
2019-08-30 05:51:42,758 [IPC Server handler 19 on 37550] INFO  node.SCMNodeManager (SCMNodeManager.java:register(266)) - Registered Data node : 39b5c586-5c16-4d91-b521-ddac34f0fc4c{ip: 192.168.69.118, host: trunk-nightly-20190830-rr75b-3244975676, networkLocation: /default-rack, certSerialId: null}
2019-08-30 05:51:42,758 [main] INFO  ozone.MiniOzoneClusterImpl (MiniOzoneClusterImpl.java:lambda$waitForClusterToBeReady$0(140)) - Cluster is ready. Got 3 of 3 DN Heartbeats.
2019-08-30 05:51:42,758 | INFO  | SCMAudit | user=jenkins1000 | ip=192.168.69.118 | op=REGISTER {datanodeDetails=39b5c586-5c16-4d91-b521-ddac34f0fc4c{ip: 192.168.69.118, host: trunk-nightly-20190830-rr75b-3244975676, networkLocation: /default-rack, certSerialId: null}} | ret=SUCCESS |  
2019-08-30 05:51:43,243 [grpc-default-executor-0] INFO  impl.RaftServerProxy (RaftServerProxy.java:addNew(89)) - 0c3d5d33-5004-4ad0-a181-1b32c8916f48: addNew group-71F111733254:[0c3d5d33-5004-4ad0-a181-1b32c8916f48:192.168.69.118:44044] returns group-71F111733254:java.util.concurrent.CompletableFuture@4f8faab8[Not completed]
2019-08-30 05:51:43,274 [pool-27-thread-1] INFO  impl.RaftServerImpl (RaftServerImpl.java:<init>(93)) - 0c3d5d33-5004-4ad0-a181-1b32c8916f48: new RaftServerImpl for group-71F111733254:[0c3d5d33-5004-4ad0-a181-1b32c8916f48:192.168.69.118:44044] with ContainerStateMachine:uninitialized
2019-08-30 05:51:43,279 [pool-27-thread-1] INFO  server.RaftServerConfigKeys (ConfUtils.java:logGet(43)) - raft.server.rpc.timeout.min = 5s (custom)
2019-08-30 05:51:43,280 [pool-27-thread-1] INFO  server.RaftServerConfigKeys (ConfUtils.java:logGet(43)) - raft.server.rpc.timeout.max = 5200ms (custom)
2019-08-30 05:51:43,281 [pool-27-thread-1] INFO  server.RaftServerConfigKeys (ConfUtils.java:logGet(43)) - raft.server.rpcslowness.timeout = 1000s (custom)
2019-08-30 05:51:43,282 [pool-27-thread-1] INFO  server.RaftServerConfigKeys (ConfUtils.java:logGet(43)) - raft.server.sleep.deviation.threshold = 300 (default)
2019-08-30 05:51:43,284 [pool-27-thread-1] INFO  server.RaftServerConfigKeys (ConfUtils.java:logGet(43)) - raft.server.log.appender.install.snapshot.enabled = false (custom)
2019-08-30 05:51:43,297 [pool-27-thread-1] INFO  impl.RaftServerImpl (ServerState.java:<init>(105)) - 0c3d5d33-5004-4ad0-a181-1b32c8916f48:group-71F111733254 ConfigurationManager, init=-1: [0c3d5d33-5004-4ad0-a181-1b32c8916f48:192.168.69.118:44044], old=null, confs=<EMPTY_MAP>
2019-08-30 05:51:43,297 [pool-27-thread-1] INFO  server.RaftServerConfigKeys (ConfUtils.java:logGet(43)) - raft.server.storage.dir = [/workdir/hadoop-ozone/integration-test/target/test-dir/MiniOzoneClusterImpl-6c81b17e-d379-4dd7-9ace-7f7e99a9bc26/datanode-0/data/ratis] (custom)
2019-08-30 05:51:43,308 [pool-27-thread-1] INFO  storage.RaftStorageDirectory (RaftStorageDirectory.java:analyzeStorage(246)) - The storage directory /workdir/hadoop-ozone/integration-test/target/test-dir/MiniOzoneClusterImpl-6c81b17e-d379-4dd7-9ace-7f7e99a9bc26/datanode-0/data/ratis/1a01d5aa-37f9-492e-b077-71f111733254 does not exist. Creating ...
2019-08-30 05:51:43,334 [main] INFO  rpc.RpcClient (RpcClient.java:createVolume(293)) - Creating Volume: testcontainerstatemachinefailures, with jenkins1000 as owner.
2019-08-30 05:51:43,337 [pool-27-thread-1] INFO  storage.RaftStorageDirectory (RaftStorageDirectory.java:tryLock(328)) - Lock on /workdir/hadoop-ozone/integration-test/target/test-dir/MiniOzoneClusterImpl-6c81b17e-d379-4dd7-9ace-7f7e99a9bc26/datanode-0/data/ratis/1a01d5aa-37f9-492e-b077-71f111733254/in_use.lock acquired by nodename 30880@trunk-nightly-20190830-rr75b-3244975676
2019-08-30 05:51:43,363 [pool-27-thread-1] INFO  storage.RaftStorage (RaftStorage.java:format(72)) - Storage directory /workdir/hadoop-ozone/integration-test/target/test-dir/MiniOzoneClusterImpl-6c81b17e-d379-4dd7-9ace-7f7e99a9bc26/datanode-0/data/ratis/1a01d5aa-37f9-492e-b077-71f111733254 has been successfully formatted.
2019-08-30 05:51:43,367 [pool-27-thread-1] INFO  ratis.ContainerStateMachine (ContainerStateMachine.java:loadSnapshot(227)) - group-71F111733254: The snapshot info is null. Setting the last applied indexto:(t:0, i:~)
2019-08-30 05:51:43,367 [pool-27-thread-1] INFO  server.RaftServerConfigKeys (ConfUtils.java:logGet(43)) - raft.server.leader.election.timeout = 1000s (custom)
2019-08-30 05:51:43,364 | INFO  | OMAudit | user=jenkins1000 | ip=127.0.0.1 | op=CREATE_VOLUME {admin=jenkins1000, owner=jenkins1000, volume=testcontainerstatemachinefailures, creationTime=1567144303358, quotaInBytes=1152921504606846976} | ret=SUCCESS |  
2019-08-30 05:51:43,371 [pool-27-thread-1] INFO  server.RaftServerConfigKeys (ConfUtils.java:logGet(43)) - raft.server.log.use.memory = false (default)
2019-08-30 05:51:43,383 | INFO  | OMAudit | user=jenkins1000 | ip=127.0.0.1 | op=READ_VOLUME {volume=testcontainerstatemachinefailures} | ret=SUCCESS |  
2019-08-30 05:51:43,383 [pool-27-thread-1] INFO  server.RaftServerConfigKeys (ConfUtils.java:logGet(43)) - raft.server.log.purge.gap = 1000000 (custom)
2019-08-30 05:51:43,383 [pool-27-thread-1] INFO  server.RaftServerConfigKeys (ConfUtils.java:logGet(43)) - raft.server.log.appender.buffer.byte-limit = 33554432 (custom)
2019-08-30 05:51:43,385 [pool-27-thread-1] INFO  server.RaftServerConfigKeys (ConfUtils.java:logGet(43)) - raft.server.log.segment.size.max = 1048576 (custom)
2019-08-30 05:51:43,391 [main] INFO  rpc.RpcClient (RpcClient.java:createBucket(432)) - Creating Bucket: testcontainerstatemachinefailures/testcontainerstatemachinefailures, with Versioning false and Storage Type set to DISK and Encryption set to false 
2019-08-30 05:51:43,391 [pool-27-thread-1] INFO  server.RaftServerConfigKeys (ConfUtils.java:logGet(43)) - raft.server.log.segment.cache.num.max = 2 (custom)
2019-08-30 05:51:43,398 [pool-27-thread-1] INFO  segmented.SegmentedRaftLogWorker (SegmentedRaftLogWorker.java:<init>(172)) - new 0c3d5d33-5004-4ad0-a181-1b32c8916f48-SegmentedRaftLogWorker:Storage Directory /workdir/hadoop-ozone/integration-test/target/test-dir/MiniOzoneClusterImpl-6c81b17e-d379-4dd7-9ace-7f7e99a9bc26/datanode-0/data/ratis/1a01d5aa-37f9-492e-b077-71f111733254 for RaftStorage:Storage Directory /workdir/hadoop-ozone/integration-test/target/test-dir/MiniOzoneClusterImpl-6c81b17e-d379-4dd7-9ace-7f7e99a9bc26/datanode-0/data/ratis/1a01d5aa-37f9-492e-b077-71f111733254
2019-08-30 05:51:43,414 | INFO  | OMAudit | user=jenkins1000 | ip=127.0.0.1 | op=CREATE_BUCKET {volume=testcontainerstatemachinefailures, bucket=testcontainerstatemachinefailures, acls=[user:jenkins1000:a[ACCESS], group:default:a[ACCESS]], isVersionEnabled=false, storageType=DISK, creationTime=0} | ret=SUCCESS |  
2019-08-30 05:51:43,416 [pool-27-thread-1] INFO  server.RaftServerConfigKeys (ConfUtils.java:logGet(43)) - raft.server.log.queue.byte-limit = 2147483647 (custom)
2019-08-30 05:51:43,416 [pool-27-thread-1] INFO  server.RaftServerConfigKeys (ConfUtils.java:logGet(43)) - raft.server.log.queue.element-limit = 1024 (custom)
2019-08-30 05:51:43,422 | INFO  | OMAudit | user=jenkins1000 | ip=127.0.0.1 | op=READ_VOLUME {volume=testcontainerstatemachinefailures} | ret=SUCCESS |  
2019-08-30 05:51:43,425 [pool-27-thread-1] INFO  server.RaftServerConfigKeys (ConfUtils.java:logGet(43)) - raft.server.log.segment.size.max = 1048576 (custom)
2019-08-30 05:51:43,426 [pool-27-thread-1] INFO  server.RaftServerConfigKeys (ConfUtils.java:logGet(43)) - raft.server.log.preallocated.size = 16384 (custom)
2019-08-30 05:51:43,427 [pool-27-thread-1] INFO  server.RaftServerConfigKeys (ConfUtils.java:logGet(43)) - raft.server.log.write.buffer.size = 33554432 (custom)
2019-08-30 05:51:43,432 [pool-27-thread-1] INFO  server.RaftServerConfigKeys (ConfUtils.java:logGet(43)) - raft.server.log.force.sync.num = 128 (default)
2019-08-30 05:51:43,433 | INFO  | OMAudit | user=jenkins1000 | ip=127.0.0.1 | op=READ_BUCKET {volume=testcontainerstatemachinefailures, bucket=testcontainerstatemachinefailures} | ret=SUCCESS |  
2019-08-30 05:51:43,434 [pool-27-thread-1] INFO  server.RaftServerConfigKeys (ConfUtils.java:logGet(43)) - raft.server.log.statemachine.data.sync = true (default)
2019-08-30 05:51:43,434 [pool-27-thread-1] INFO  server.RaftServerConfigKeys (ConfUtils.java:logGet(43)) - raft.server.log.statemachine.data.sync.timeout = 10s (default)
2019-08-30 05:51:43,435 [pool-27-thread-1] INFO  server.RaftServerConfigKeys (ConfUtils.java:logGet(43)) - raft.server.log.statemachine.data.sync.timeout.retry = -1 (default)
2019-08-30 05:51:43,447 [pool-27-thread-1] INFO  server.RaftServerConfigKeys (ConfUtils.java:logGet(43)) - raft.server.log.statemachine.data.caching.enabled = true (custom)
2019-08-30 05:51:43,454 [pool-27-thread-1] INFO  segmented.SegmentedRaftLogWorker (SegmentedRaftLogWorker.java:lambda$new$0(132)) - 0c3d5d33-5004-4ad0-a181-1b32c8916f48-SegmentedRaftLogWorker:Storage Directory /workdir/hadoop-ozone/integration-test/target/test-dir/MiniOzoneClusterImpl-6c81b17e-d379-4dd7-9ace-7f7e99a9bc26/datanode-0/data/ratis/1a01d5aa-37f9-492e-b077-71f111733254: flushIndex: setUnconditionally 0 -> -1
2019-08-30 05:51:43,458 [pool-27-thread-1] INFO  server.RaftServerConfigKeys (ConfUtils.java:logGet(43)) - raft.server.snapshot.auto.trigger.enabled = true (custom)
2019-08-30 05:51:43,459 [pool-27-thread-1] INFO  server.RaftServerConfigKeys (ConfUtils.java:logGet(43)) - raft.server.snapshot.auto.trigger.threshold = 10000 (custom)
2019-08-30 05:51:43,460 [pool-27-thread-1] INFO  server.RaftServerConfigKeys (ConfUtils.java:logGet(43)) - raft.server.retrycache.expirytime = 600000ms (custom)
2019-08-30 05:51:43,483 [pool-27-thread-1] INFO  impl.RaftServerImpl (RaftServerImpl.java:start(180)) - 0c3d5d33-5004-4ad0-a181-1b32c8916f48: start group-71F111733254
2019-08-30 05:51:43,485 [pool-27-thread-1] INFO  impl.RaftServerImpl (RaftServerImpl.java:setRole(171)) - 0c3d5d33-5004-4ad0-a181-1b32c8916f48:group-71F111733254 changes role from null to FOLLOWER at term 0 for startAsFollower
2019-08-30 05:51:43,486 [pool-27-thread-1] INFO  impl.RoleInfo (RoleInfo.java:updateAndGet(143)) - 0c3d5d33-5004-4ad0-a181-1b32c8916f48: start FollowerState
2019-08-30 05:51:43,488 [pool-27-thread-1] INFO  util.JmxRegister (JmxRegister.java:tryRegister(44)) - Successfully registered JMX Bean with object name Ratis:service=RaftServer,group=group-71F111733254,id=0c3d5d33-5004-4ad0-a181-1b32c8916f48
2019-08-30 05:51:43,555 [RatisPipelineUtilsThread] INFO  pipeline.PipelineStateManager (PipelineStateManager.java:addPipeline(56)) - Created pipeline Pipeline[ Id: 1a01d5aa-37f9-492e-b077-71f111733254, Nodes: 0c3d5d33-5004-4ad0-a181-1b32c8916f48{ip: 192.168.69.118, host: trunk-nightly-20190830-rr75b-3244975676, networkLocation: /default-rack, certSerialId: null}, Type:RATIS, Factor:ONE, State:OPEN]
2019-08-30 05:51:43,578 [grpc-default-executor-0] INFO  impl.RaftServerProxy (RaftServerProxy.java:addNew(89)) - 3db231e5-aa41-417a-9eb1-ebae727224a1: addNew group-0DF323A300EF:[3db231e5-aa41-417a-9eb1-ebae727224a1:192.168.69.118:39216] returns group-0DF323A300EF:java.util.concurrent.CompletableFuture@76d07356[Not completed]
2019-08-30 05:51:43,620 [pool-37-thread-1] INFO  impl.RaftServerImpl (RaftServerImpl.java:<init>(93)) - 3db231e5-aa41-417a-9eb1-ebae727224a1: new RaftServerImpl for group-0DF323A300EF:[3db231e5-aa41-417a-9eb1-ebae727224a1:192.168.69.118:39216] with ContainerStateMachine:uninitialized
2019-08-30 05:51:43,622 [pool-37-thread-1] INFO  server.RaftServerConfigKeys (ConfUtils.java:logGet(43)) - raft.server.rpc.timeout.min = 5s (custom)
2019-08-30 05:51:43,623 [pool-37-thread-1] INFO  server.RaftServerConfigKeys (ConfUtils.java:logGet(43)) - raft.server.rpc.timeout.max = 5200ms (custom)
2019-08-30 05:51:43,623 [pool-37-thread-1] INFO  server.RaftServerConfigKeys (ConfUtils.java:logGet(43)) - raft.server.rpcslowness.timeout = 1000s (custom)
2019-08-30 05:51:43,623 [pool-37-thread-1] INFO  server.RaftServerConfigKeys (ConfUtils.java:logGet(43)) - raft.server.sleep.deviation.threshold = 300 (default)
2019-08-30 05:51:43,623 [pool-37-thread-1] INFO  server.RaftServerConfigKeys (ConfUtils.java:logGet(43)) - raft.server.log.appender.install.snapshot.enabled = false (custom)
2019-08-30 05:51:43,624 [pool-37-thread-1] INFO  impl.RaftServerImpl (ServerState.java:<init>(105)) - 3db231e5-aa41-417a-9eb1-ebae727224a1:group-0DF323A300EF ConfigurationManager, init=-1: [3db231e5-aa41-417a-9eb1-ebae727224a1:192.168.69.118:39216], old=null, confs=<EMPTY_MAP>
2019-08-30 05:51:43,624 [pool-37-thread-1] INFO  server.RaftServerConfigKeys (ConfUtils.java:logGet(43)) - raft.server.storage.dir = [/workdir/hadoop-ozone/integration-test/target/test-dir/MiniOzoneClusterImpl-6c81b17e-d379-4dd7-9ace-7f7e99a9bc26/datanode-1/data/ratis] (custom)
2019-08-30 05:51:43,625 [pool-37-thread-1] INFO  storage.RaftStorageDirectory (RaftStorageDirectory.java:analyzeStorage(246)) - The storage directory /workdir/hadoop-ozone/integration-test/target/test-dir/MiniOzoneClusterImpl-6c81b17e-d379-4dd7-9ace-7f7e99a9bc26/datanode-1/data/ratis/12a3bec8-87e0-4e65-9b6a-0df323a300ef does not exist. Creating ...
2019-08-30 05:51:43,649 [pool-37-thread-1] INFO  storage.RaftStorageDirectory (RaftStorageDirectory.java:tryLock(328)) - Lock on /workdir/hadoop-ozone/integration-test/target/test-dir/MiniOzoneClusterImpl-6c81b17e-d379-4dd7-9ace-7f7e99a9bc26/datanode-1/data/ratis/12a3bec8-87e0-4e65-9b6a-0df323a300ef/in_use.lock acquired by nodename 30880@trunk-nightly-20190830-rr75b-3244975676
2019-08-30 05:51:43,673 [pool-37-thread-1] INFO  storage.RaftStorage (RaftStorage.java:format(72)) - Storage directory /workdir/hadoop-ozone/integration-test/target/test-dir/MiniOzoneClusterImpl-6c81b17e-d379-4dd7-9ace-7f7e99a9bc26/datanode-1/data/ratis/12a3bec8-87e0-4e65-9b6a-0df323a300ef has been successfully formatted.
2019-08-30 05:51:43,674 [pool-37-thread-1] INFO  ratis.ContainerStateMachine (ContainerStateMachine.java:loadSnapshot(227)) - group-0DF323A300EF: The snapshot info is null. Setting the last applied indexto:(t:0, i:~)
2019-08-30 05:51:43,676 [pool-37-thread-1] INFO  server.RaftServerConfigKeys (ConfUtils.java:logGet(43)) - raft.server.leader.election.timeout = 1000s (custom)
2019-08-30 05:51:43,676 [pool-37-thread-1] INFO  server.RaftServerConfigKeys (ConfUtils.java:logGet(43)) - raft.server.log.use.memory = false (default)
2019-08-30 05:51:43,676 [pool-37-thread-1] INFO  server.RaftServerConfigKeys (ConfUtils.java:logGet(43)) - raft.server.log.purge.gap = 1000000 (custom)
2019-08-30 05:51:43,676 [pool-37-thread-1] INFO  server.RaftServerConfigKeys (ConfUtils.java:logGet(43)) - raft.server.log.appender.buffer.byte-limit = 33554432 (custom)
2019-08-30 05:51:43,677 [pool-37-thread-1] INFO  server.RaftServerConfigKeys (ConfUtils.java:logGet(43)) - raft.server.log.segment.size.max = 1048576 (custom)
2019-08-30 05:51:43,677 [pool-37-thread-1] INFO  server.RaftServerConfigKeys (ConfUtils.java:logGet(43)) - raft.server.log.segment.cache.num.max = 2 (custom)
2019-08-30 05:51:43,677 [pool-37-thread-1] INFO  segmented.SegmentedRaftLogWorker (SegmentedRaftLogWorker.java:<init>(172)) - new 3db231e5-aa41-417a-9eb1-ebae727224a1-SegmentedRaftLogWorker:Storage Directory /workdir/hadoop-ozone/integration-test/target/test-dir/MiniOzoneClusterImpl-6c81b17e-d379-4dd7-9ace-7f7e99a9bc26/datanode-1/data/ratis/12a3bec8-87e0-4e65-9b6a-0df323a300ef for RaftStorage:Storage Directory /workdir/hadoop-ozone/integration-test/target/test-dir/MiniOzoneClusterImpl-6c81b17e-d379-4dd7-9ace-7f7e99a9bc26/datanode-1/data/ratis/12a3bec8-87e0-4e65-9b6a-0df323a300ef
2019-08-30 05:51:43,679 [pool-37-thread-1] INFO  server.RaftServerConfigKeys (ConfUtils.java:logGet(43)) - raft.server.log.queue.byte-limit = 2147483647 (custom)
2019-08-30 05:51:43,679 [pool-37-thread-1] INFO  server.RaftServerConfigKeys (ConfUtils.java:logGet(43)) - raft.server.log.queue.element-limit = 1024 (custom)
2019-08-30 05:51:43,679 [pool-37-thread-1] INFO  server.RaftServerConfigKeys (ConfUtils.java:logGet(43)) - raft.server.log.segment.size.max = 1048576 (custom)
2019-08-30 05:51:43,680 [pool-37-thread-1] INFO  server.RaftServerConfigKeys (ConfUtils.java:logGet(43)) - raft.server.log.preallocated.size = 16384 (custom)
2019-08-30 05:51:43,680 [pool-37-thread-1] INFO  server.RaftServerConfigKeys (ConfUtils.java:logGet(43)) - raft.server.log.write.buffer.size = 33554432 (custom)
2019-08-30 05:51:43,680 [pool-37-thread-1] INFO  server.RaftServerConfigKeys (ConfUtils.java:logGet(43)) - raft.server.log.force.sync.num = 128 (default)
2019-08-30 05:51:43,680 [pool-37-thread-1] INFO  server.RaftServerConfigKeys (ConfUtils.java:logGet(43)) - raft.server.log.statemachine.data.sync = true (default)
2019-08-30 05:51:43,681 [pool-37-thread-1] INFO  server.RaftServerConfigKeys (ConfUtils.java:logGet(43)) - raft.server.log.statemachine.data.sync.timeout = 10s (default)
2019-08-30 05:51:43,681 [pool-37-thread-1] INFO  server.RaftServerConfigKeys (ConfUtils.java:logGet(43)) - raft.server.log.statemachine.data.sync.timeout.retry = -1 (default)
2019-08-30 05:51:43,681 [pool-37-thread-1] INFO  server.RaftServerConfigKeys (ConfUtils.java:logGet(43)) - raft.server.log.statemachine.data.caching.enabled = true (custom)
2019-08-30 05:51:43,682 [pool-37-thread-1] INFO  segmented.SegmentedRaftLogWorker (SegmentedRaftLogWorker.java:lambda$new$0(132)) - 3db231e5-aa41-417a-9eb1-ebae727224a1-SegmentedRaftLogWorker:Storage Directory /workdir/hadoop-ozone/integration-test/target/test-dir/MiniOzoneClusterImpl-6c81b17e-d379-4dd7-9ace-7f7e99a9bc26/datanode-1/data/ratis/12a3bec8-87e0-4e65-9b6a-0df323a300ef: flushIndex: setUnconditionally 0 -> -1
2019-08-30 05:51:43,682 [pool-37-thread-1] INFO  server.RaftServerConfigKeys (ConfUtils.java:logGet(43)) - raft.server.snapshot.auto.trigger.enabled = true (custom)
2019-08-30 05:51:43,683 [pool-37-thread-1] INFO  server.RaftServerConfigKeys (ConfUtils.java:logGet(43)) - raft.server.snapshot.auto.trigger.threshold = 10000 (custom)
2019-08-30 05:51:43,683 [pool-37-thread-1] INFO  server.RaftServerConfigKeys (ConfUtils.java:logGet(43)) - raft.server.retrycache.expirytime = 600000ms (custom)
2019-08-30 05:51:43,683 [pool-37-thread-1] INFO  impl.RaftServerImpl (RaftServerImpl.java:start(180)) - 3db231e5-aa41-417a-9eb1-ebae727224a1: start group-0DF323A300EF
2019-08-30 05:51:43,683 [pool-37-thread-1] INFO  impl.RaftServerImpl (RaftServerImpl.java:setRole(171)) - 3db231e5-aa41-417a-9eb1-ebae727224a1:group-0DF323A300EF changes role from null to FOLLOWER at term 0 for startAsFollower
2019-08-30 05:51:43,684 [pool-37-thread-1] INFO  impl.RoleInfo (RoleInfo.java:updateAndGet(143)) - 3db231e5-aa41-417a-9eb1-ebae727224a1: start FollowerState
2019-08-30 05:51:43,685 [pool-37-thread-1] INFO  util.JmxRegister (JmxRegister.java:tryRegister(44)) - Successfully registered JMX Bean with object name Ratis:service=RaftServer,group=group-0DF323A300EF,id=3db231e5-aa41-417a-9eb1-ebae727224a1
2019-08-30 05:51:43,700 [RatisPipelineUtilsThread] INFO  pipeline.PipelineStateManager (PipelineStateManager.java:addPipeline(56)) - Created pipeline Pipeline[ Id: 12a3bec8-87e0-4e65-9b6a-0df323a300ef, Nodes: 3db231e5-aa41-417a-9eb1-ebae727224a1{ip: 192.168.69.118, host: trunk-nightly-20190830-rr75b-3244975676, networkLocation: /default-rack, certSerialId: null}, Type:RATIS, Factor:ONE, State:OPEN]
2019-08-30 05:51:43,722 [grpc-default-executor-0] INFO  impl.RaftServerProxy (RaftServerProxy.java:addNew(89)) - 39b5c586-5c16-4d91-b521-ddac34f0fc4c: addNew group-5798017B6283:[39b5c586-5c16-4d91-b521-ddac34f0fc4c:192.168.69.118:41067] returns group-5798017B6283:java.util.concurrent.CompletableFuture@4b4cd4f4[Not completed]
2019-08-30 05:51:43,734 [pool-47-thread-1] INFO  impl.RaftServerImpl (RaftServerImpl.java:<init>(93)) - 39b5c586-5c16-4d91-b521-ddac34f0fc4c: new RaftServerImpl for group-5798017B6283:[39b5c586-5c16-4d91-b521-ddac34f0fc4c:192.168.69.118:41067] with ContainerStateMachine:uninitialized
2019-08-30 05:51:43,735 [pool-47-thread-1] INFO  server.RaftServerConfigKeys (ConfUtils.java:logGet(43)) - raft.server.rpc.timeout.min = 5s (custom)
2019-08-30 05:51:43,735 [pool-47-thread-1] INFO  server.RaftServerConfigKeys (ConfUtils.java:logGet(43)) - raft.server.rpc.timeout.max = 5200ms (custom)
2019-08-30 05:51:43,735 [pool-47-thread-1] INFO  server.RaftServerConfigKeys (ConfUtils.java:logGet(43)) - raft.server.rpcslowness.timeout = 1000s (custom)
2019-08-30 05:51:43,735 [pool-47-thread-1] INFO  server.RaftServerConfigKeys (ConfUtils.java:logGet(43)) - raft.server.sleep.deviation.threshold = 300 (default)
2019-08-30 05:51:43,736 [pool-47-thread-1] INFO  server.RaftServerConfigKeys (ConfUtils.java:logGet(43)) - raft.server.log.appender.install.snapshot.enabled = false (custom)
2019-08-30 05:51:43,736 [pool-47-thread-1] INFO  impl.RaftServerImpl (ServerState.java:<init>(105)) - 39b5c586-5c16-4d91-b521-ddac34f0fc4c:group-5798017B6283 ConfigurationManager, init=-1: [39b5c586-5c16-4d91-b521-ddac34f0fc4c:192.168.69.118:41067], old=null, confs=<EMPTY_MAP>
2019-08-30 05:51:43,736 [pool-47-thread-1] INFO  server.RaftServerConfigKeys (ConfUtils.java:logGet(43)) - raft.server.storage.dir = [/workdir/hadoop-ozone/integration-test/target/test-dir/MiniOzoneClusterImpl-6c81b17e-d379-4dd7-9ace-7f7e99a9bc26/datanode-2/data/ratis] (custom)
2019-08-30 05:51:43,737 [pool-47-thread-1] INFO  storage.RaftStorageDirectory (RaftStorageDirectory.java:analyzeStorage(246)) - The storage directory /workdir/hadoop-ozone/integration-test/target/test-dir/MiniOzoneClusterImpl-6c81b17e-d379-4dd7-9ace-7f7e99a9bc26/datanode-2/data/ratis/e7e7df2d-8c7d-4035-9666-5798017b6283 does not exist. Creating ...
2019-08-30 05:51:43,774 [pool-47-thread-1] INFO  storage.RaftStorageDirectory (RaftStorageDirectory.java:tryLock(328)) - Lock on /workdir/hadoop-ozone/integration-test/target/test-dir/MiniOzoneClusterImpl-6c81b17e-d379-4dd7-9ace-7f7e99a9bc26/datanode-2/data/ratis/e7e7df2d-8c7d-4035-9666-5798017b6283/in_use.lock acquired by nodename 30880@trunk-nightly-20190830-rr75b-3244975676
2019-08-30 05:51:43,799 [pool-47-thread-1] INFO  storage.RaftStorage (RaftStorage.java:format(72)) - Storage directory /workdir/hadoop-ozone/integration-test/target/test-dir/MiniOzoneClusterImpl-6c81b17e-d379-4dd7-9ace-7f7e99a9bc26/datanode-2/data/ratis/e7e7df2d-8c7d-4035-9666-5798017b6283 has been successfully formatted.
2019-08-30 05:51:43,800 [pool-47-thread-1] INFO  ratis.ContainerStateMachine (ContainerStateMachine.java:loadSnapshot(227)) - group-5798017B6283: The snapshot info is null. Setting the last applied indexto:(t:0, i:~)
2019-08-30 05:51:43,800 [pool-47-thread-1] INFO  server.RaftServerConfigKeys (ConfUtils.java:logGet(43)) - raft.server.leader.election.timeout = 1000s (custom)
2019-08-30 05:51:43,800 [pool-47-thread-1] INFO  server.RaftServerConfigKeys (ConfUtils.java:logGet(43)) - raft.server.log.use.memory = false (default)
2019-08-30 05:51:43,801 [pool-47-thread-1] INFO  server.RaftServerConfigKeys (ConfUtils.java:logGet(43)) - raft.server.log.purge.gap = 1000000 (custom)
2019-08-30 05:51:43,801 [pool-47-thread-1] INFO  server.RaftServerConfigKeys (ConfUtils.java:logGet(43)) - raft.server.log.appender.buffer.byte-limit = 33554432 (custom)
2019-08-30 05:51:43,801 [pool-47-thread-1] INFO  server.RaftServerConfigKeys (ConfUtils.java:logGet(43)) - raft.server.log.segment.size.max = 1048576 (custom)
2019-08-30 05:51:43,801 [pool-47-thread-1] INFO  server.RaftServerConfigKeys (ConfUtils.java:logGet(43)) - raft.server.log.segment.cache.num.max = 2 (custom)
2019-08-30 05:51:43,802 [pool-47-thread-1] INFO  segmented.SegmentedRaftLogWorker (SegmentedRaftLogWorker.java:<init>(172)) - new 39b5c586-5c16-4d91-b521-ddac34f0fc4c-SegmentedRaftLogWorker:Storage Directory /workdir/hadoop-ozone/integration-test/target/test-dir/MiniOzoneClusterImpl-6c81b17e-d379-4dd7-9ace-7f7e99a9bc26/datanode-2/data/ratis/e7e7df2d-8c7d-4035-9666-5798017b6283 for RaftStorage:Storage Directory /workdir/hadoop-ozone/integration-test/target/test-dir/MiniOzoneClusterImpl-6c81b17e-d379-4dd7-9ace-7f7e99a9bc26/datanode-2/data/ratis/e7e7df2d-8c7d-4035-9666-5798017b6283
2019-08-30 05:51:43,802 [pool-47-thread-1] INFO  server.RaftServerConfigKeys (ConfUtils.java:logGet(43)) - raft.server.log.queue.byte-limit = 2147483647 (custom)
2019-08-30 05:51:43,802 [pool-47-thread-1] INFO  server.RaftServerConfigKeys (ConfUtils.java:logGet(43)) - raft.server.log.queue.element-limit = 1024 (custom)
2019-08-30 05:51:43,803 [pool-47-thread-1] INFO  server.RaftServerConfigKeys (ConfUtils.java:logGet(43)) - raft.server.log.segment.size.max = 1048576 (custom)
2019-08-30 05:51:43,803 [pool-47-thread-1] INFO  server.RaftServerConfigKeys (ConfUtils.java:logGet(43)) - raft.server.log.preallocated.size = 16384 (custom)
2019-08-30 05:51:43,803 [pool-47-thread-1] INFO  server.RaftServerConfigKeys (ConfUtils.java:logGet(43)) - raft.server.log.write.buffer.size = 33554432 (custom)
2019-08-30 05:51:43,803 [pool-47-thread-1] INFO  server.RaftServerConfigKeys (ConfUtils.java:logGet(43)) - raft.server.log.force.sync.num = 128 (default)
2019-08-30 05:51:43,803 [pool-47-thread-1] INFO  server.RaftServerConfigKeys (ConfUtils.java:logGet(43)) - raft.server.log.statemachine.data.sync = true (default)
2019-08-30 05:51:43,804 [pool-47-thread-1] INFO  server.RaftServerConfigKeys (ConfUtils.java:logGet(43)) - raft.server.log.statemachine.data.sync.timeout = 10s (default)
2019-08-30 05:51:43,804 [pool-47-thread-1] INFO  server.RaftServerConfigKeys (ConfUtils.java:logGet(43)) - raft.server.log.statemachine.data.sync.timeout.retry = -1 (default)
2019-08-30 05:51:43,805 [pool-47-thread-1] INFO  server.RaftServerConfigKeys (ConfUtils.java:logGet(43)) - raft.server.log.statemachine.data.caching.enabled = true (custom)
2019-08-30 05:51:43,805 [pool-47-thread-1] INFO  segmented.SegmentedRaftLogWorker (SegmentedRaftLogWorker.java:lambda$new$0(132)) - 39b5c586-5c16-4d91-b521-ddac34f0fc4c-SegmentedRaftLogWorker:Storage Directory /workdir/hadoop-ozone/integration-test/target/test-dir/MiniOzoneClusterImpl-6c81b17e-d379-4dd7-9ace-7f7e99a9bc26/datanode-2/data/ratis/e7e7df2d-8c7d-4035-9666-5798017b6283: flushIndex: setUnconditionally 0 -> -1
2019-08-30 05:51:43,805 [pool-47-thread-1] INFO  server.RaftServerConfigKeys (ConfUtils.java:logGet(43)) - raft.server.snapshot.auto.trigger.enabled = true (custom)
2019-08-30 05:51:43,806 [pool-47-thread-1] INFO  server.RaftServerConfigKeys (ConfUtils.java:logGet(43)) - raft.server.snapshot.auto.trigger.threshold = 10000 (custom)
2019-08-30 05:51:43,806 [pool-47-thread-1] INFO  server.RaftServerConfigKeys (ConfUtils.java:logGet(43)) - raft.server.retrycache.expirytime = 600000ms (custom)
2019-08-30 05:51:43,806 [pool-47-thread-1] INFO  impl.RaftServerImpl (RaftServerImpl.java:start(180)) - 39b5c586-5c16-4d91-b521-ddac34f0fc4c: start group-5798017B6283
2019-08-30 05:51:43,807 [pool-47-thread-1] INFO  impl.RaftServerImpl (RaftServerImpl.java:setRole(171)) - 39b5c586-5c16-4d91-b521-ddac34f0fc4c:group-5798017B6283 changes role from null to FOLLOWER at term 0 for startAsFollower
2019-08-30 05:51:43,807 [pool-47-thread-1] INFO  impl.RoleInfo (RoleInfo.java:updateAndGet(143)) - 39b5c586-5c16-4d91-b521-ddac34f0fc4c: start FollowerState
2019-08-30 05:51:43,807 [pool-47-thread-1] INFO  util.JmxRegister (JmxRegister.java:tryRegister(44)) - Successfully registered JMX Bean with object name Ratis:service=RaftServer,group=group-5798017B6283,id=39b5c586-5c16-4d91-b521-ddac34f0fc4c
2019-08-30 05:51:43,820 [RatisPipelineUtilsThread] INFO  pipeline.PipelineStateManager (PipelineStateManager.java:addPipeline(56)) - Created pipeline Pipeline[ Id: e7e7df2d-8c7d-4035-9666-5798017b6283, Nodes: 39b5c586-5c16-4d91-b521-ddac34f0fc4c{ip: 192.168.69.118, host: trunk-nightly-20190830-rr75b-3244975676, networkLocation: /default-rack, certSerialId: null}, Type:RATIS, Factor:ONE, State:OPEN]
2019-08-30 05:51:43,865 [grpc-default-executor-2] INFO  impl.RaftServerProxy (RaftServerProxy.java:addNew(89)) - 3db231e5-aa41-417a-9eb1-ebae727224a1: addNew group-F96D3AAC4001:[39b5c586-5c16-4d91-b521-ddac34f0fc4c:192.168.69.118:41067, 0c3d5d33-5004-4ad0-a181-1b32c8916f48:192.168.69.118:44044, 3db231e5-aa41-417a-9eb1-ebae727224a1:192.168.69.118:39216] returns group-F96D3AAC4001:java.util.concurrent.CompletableFuture@7186b5e7[Not completed]
2019-08-30 05:51:43,865 [grpc-default-executor-1] INFO  impl.RaftServerProxy (RaftServerProxy.java:addNew(89)) - 39b5c586-5c16-4d91-b521-ddac34f0fc4c: addNew group-F96D3AAC4001:[39b5c586-5c16-4d91-b521-ddac34f0fc4c:192.168.69.118:41067, 0c3d5d33-5004-4ad0-a181-1b32c8916f48:192.168.69.118:44044, 3db231e5-aa41-417a-9eb1-ebae727224a1:192.168.69.118:39216] returns group-F96D3AAC4001:java.util.concurrent.CompletableFuture@2d6de391[Not completed]
2019-08-30 05:51:43,869 [grpc-default-executor-1] INFO  impl.RaftServerProxy (RaftServerProxy.java:addNew(89)) - 0c3d5d33-5004-4ad0-a181-1b32c8916f48: addNew group-F96D3AAC4001:[39b5c586-5c16-4d91-b521-ddac34f0fc4c:192.168.69.118:41067, 0c3d5d33-5004-4ad0-a181-1b32c8916f48:192.168.69.118:44044, 3db231e5-aa41-417a-9eb1-ebae727224a1:192.168.69.118:39216] returns group-F96D3AAC4001:java.util.concurrent.CompletableFuture@686f6858[Not completed]
2019-08-30 05:51:43,869 [pool-37-thread-1] INFO  impl.RaftServerImpl (RaftServerImpl.java:<init>(93)) - 3db231e5-aa41-417a-9eb1-ebae727224a1: new RaftServerImpl for group-F96D3AAC4001:[39b5c586-5c16-4d91-b521-ddac34f0fc4c:192.168.69.118:41067, 0c3d5d33-5004-4ad0-a181-1b32c8916f48:192.168.69.118:44044, 3db231e5-aa41-417a-9eb1-ebae727224a1:192.168.69.118:39216] with ContainerStateMachine:uninitialized
2019-08-30 05:51:43,869 [pool-37-thread-1] INFO  server.RaftServerConfigKeys (ConfUtils.java:logGet(43)) - raft.server.rpc.timeout.min = 5s (custom)
2019-08-30 05:51:43,869 [pool-37-thread-1] INFO  server.RaftServerConfigKeys (ConfUtils.java:logGet(43)) - raft.server.rpc.timeout.max = 5200ms (custom)
2019-08-30 05:51:43,870 [pool-37-thread-1] INFO  server.RaftServerConfigKeys (ConfUtils.java:logGet(43)) - raft.server.rpcslowness.timeout = 1000s (custom)
2019-08-30 05:51:43,870 [pool-37-thread-1] INFO  server.RaftServerConfigKeys (ConfUtils.java:logGet(43)) - raft.server.sleep.deviation.threshold = 300 (default)
2019-08-30 05:51:43,870 [pool-37-thread-1] INFO  server.RaftServerConfigKeys (ConfUtils.java:logGet(43)) - raft.server.log.appender.install.snapshot.enabled = false (custom)
2019-08-30 05:51:43,870 [pool-37-thread-1] INFO  impl.RaftServerImpl (ServerState.java:<init>(105)) - 3db231e5-aa41-417a-9eb1-ebae727224a1:group-F96D3AAC4001 ConfigurationManager, init=-1: [39b5c586-5c16-4d91-b521-ddac34f0fc4c:192.168.69.118:41067, 0c3d5d33-5004-4ad0-a181-1b32c8916f48:192.168.69.118:44044, 3db231e5-aa41-417a-9eb1-ebae727224a1:192.168.69.118:39216], old=null, confs=<EMPTY_MAP>
2019-08-30 05:51:43,870 [pool-47-thread-1] INFO  impl.RaftServerImpl (RaftServerImpl.java:<init>(93)) - 39b5c586-5c16-4d91-b521-ddac34f0fc4c: new RaftServerImpl for group-F96D3AAC4001:[39b5c586-5c16-4d91-b521-ddac34f0fc4c:192.168.69.118:41067, 0c3d5d33-5004-4ad0-a181-1b32c8916f48:192.168.69.118:44044, 3db231e5-aa41-417a-9eb1-ebae727224a1:192.168.69.118:39216] with ContainerStateMachine:uninitialized
2019-08-30 05:51:43,871 [pool-37-thread-1] INFO  server.RaftServerConfigKeys (ConfUtils.java:logGet(43)) - raft.server.storage.dir = [/workdir/hadoop-ozone/integration-test/target/test-dir/MiniOzoneClusterImpl-6c81b17e-d379-4dd7-9ace-7f7e99a9bc26/datanode-1/data/ratis] (custom)
2019-08-30 05:51:43,871 [pool-47-thread-1] INFO  server.RaftServerConfigKeys (ConfUtils.java:logGet(43)) - raft.server.rpc.timeout.min = 5s (custom)
2019-08-30 05:51:43,871 [pool-37-thread-1] INFO  storage.RaftStorageDirectory (RaftStorageDirectory.java:analyzeStorage(246)) - The storage directory /workdir/hadoop-ozone/integration-test/target/test-dir/MiniOzoneClusterImpl-6c81b17e-d379-4dd7-9ace-7f7e99a9bc26/datanode-1/data/ratis/1239619d-f8f3-45fb-8433-f96d3aac4001 does not exist. Creating ...
2019-08-30 05:51:43,871 [pool-47-thread-1] INFO  server.RaftServerConfigKeys (ConfUtils.java:logGet(43)) - raft.server.rpc.timeout.max = 5200ms (custom)
2019-08-30 05:51:43,872 [pool-47-thread-1] INFO  server.RaftServerConfigKeys (ConfUtils.java:logGet(43)) - raft.server.rpcslowness.timeout = 1000s (custom)
2019-08-30 05:51:43,872 [pool-47-thread-1] INFO  server.RaftServerConfigKeys (ConfUtils.java:logGet(43)) - raft.server.sleep.deviation.threshold = 300 (default)
2019-08-30 05:51:43,872 [pool-27-thread-1] INFO  impl.RaftServerImpl (RaftServerImpl.java:<init>(93)) - 0c3d5d33-5004-4ad0-a181-1b32c8916f48: new RaftServerImpl for group-F96D3AAC4001:[39b5c586-5c16-4d91-b521-ddac34f0fc4c:192.168.69.118:41067, 0c3d5d33-5004-4ad0-a181-1b32c8916f48:192.168.69.118:44044, 3db231e5-aa41-417a-9eb1-ebae727224a1:192.168.69.118:39216] with ContainerStateMachine:uninitialized
2019-08-30 05:51:43,872 [pool-47-thread-1] INFO  server.RaftServerConfigKeys (ConfUtils.java:logGet(43)) - raft.server.log.appender.install.snapshot.enabled = false (custom)
2019-08-30 05:51:43,873 [pool-27-thread-1] INFO  server.RaftServerConfigKeys (ConfUtils.java:logGet(43)) - raft.server.rpc.timeout.min = 5s (custom)
2019-08-30 05:51:43,873 [pool-47-thread-1] INFO  impl.RaftServerImpl (ServerState.java:<init>(105)) - 39b5c586-5c16-4d91-b521-ddac34f0fc4c:group-F96D3AAC4001 ConfigurationManager, init=-1: [39b5c586-5c16-4d91-b521-ddac34f0fc4c:192.168.69.118:41067, 0c3d5d33-5004-4ad0-a181-1b32c8916f48:192.168.69.118:44044, 3db231e5-aa41-417a-9eb1-ebae727224a1:192.168.69.118:39216], old=null, confs=<EMPTY_MAP>
2019-08-30 05:51:43,873 [pool-27-thread-1] INFO  server.RaftServerConfigKeys (ConfUtils.java:logGet(43)) - raft.server.rpc.timeout.max = 5200ms (custom)
2019-08-30 05:51:43,873 [pool-47-thread-1] INFO  server.RaftServerConfigKeys (ConfUtils.java:logGet(43)) - raft.server.storage.dir = [/workdir/hadoop-ozone/integration-test/target/test-dir/MiniOzoneClusterImpl-6c81b17e-d379-4dd7-9ace-7f7e99a9bc26/datanode-2/data/ratis] (custom)
2019-08-30 05:51:43,873 [pool-27-thread-1] INFO  server.RaftServerConfigKeys (ConfUtils.java:logGet(43)) - raft.server.rpcslowness.timeout = 1000s (custom)
2019-08-30 05:51:43,874 [pool-27-thread-1] INFO  server.RaftServerConfigKeys (ConfUtils.java:logGet(43)) - raft.server.sleep.deviation.threshold = 300 (default)
2019-08-30 05:51:43,874 [pool-47-thread-1] INFO  storage.RaftStorageDirectory (RaftStorageDirectory.java:analyzeStorage(246)) - The storage directory /workdir/hadoop-ozone/integration-test/target/test-dir/MiniOzoneClusterImpl-6c81b17e-d379-4dd7-9ace-7f7e99a9bc26/datanode-2/data/ratis/1239619d-f8f3-45fb-8433-f96d3aac4001 does not exist. Creating ...
2019-08-30 05:51:43,874 [pool-27-thread-1] INFO  server.RaftServerConfigKeys (ConfUtils.java:logGet(43)) - raft.server.log.appender.install.snapshot.enabled = false (custom)
2019-08-30 05:51:43,875 [pool-27-thread-1] INFO  impl.RaftServerImpl (ServerState.java:<init>(105)) - 0c3d5d33-5004-4ad0-a181-1b32c8916f48:group-F96D3AAC4001 ConfigurationManager, init=-1: [39b5c586-5c16-4d91-b521-ddac34f0fc4c:192.168.69.118:41067, 0c3d5d33-5004-4ad0-a181-1b32c8916f48:192.168.69.118:44044, 3db231e5-aa41-417a-9eb1-ebae727224a1:192.168.69.118:39216], old=null, confs=<EMPTY_MAP>
2019-08-30 05:51:43,875 [pool-27-thread-1] INFO  server.RaftServerConfigKeys (ConfUtils.java:logGet(43)) - raft.server.storage.dir = [/workdir/hadoop-ozone/integration-test/target/test-dir/MiniOzoneClusterImpl-6c81b17e-d379-4dd7-9ace-7f7e99a9bc26/datanode-0/data/ratis] (custom)
2019-08-30 05:51:43,876 [pool-27-thread-1] INFO  storage.RaftStorageDirectory (RaftStorageDirectory.java:analyzeStorage(246)) - The storage directory /workdir/hadoop-ozone/integration-test/target/test-dir/MiniOzoneClusterImpl-6c81b17e-d379-4dd7-9ace-7f7e99a9bc26/datanode-0/data/ratis/1239619d-f8f3-45fb-8433-f96d3aac4001 does not exist. Creating ...
2019-08-30 05:51:43,900 [pool-37-thread-1] INFO  storage.RaftStorageDirectory (RaftStorageDirectory.java:tryLock(328)) - Lock on /workdir/hadoop-ozone/integration-test/target/test-dir/MiniOzoneClusterImpl-6c81b17e-d379-4dd7-9ace-7f7e99a9bc26/datanode-1/data/ratis/1239619d-f8f3-45fb-8433-f96d3aac4001/in_use.lock acquired by nodename 30880@trunk-nightly-20190830-rr75b-3244975676
2019-08-30 05:51:43,900 [pool-27-thread-1] INFO  storage.RaftStorageDirectory (RaftStorageDirectory.java:tryLock(328)) - Lock on /workdir/hadoop-ozone/integration-test/target/test-dir/MiniOzoneClusterImpl-6c81b17e-d379-4dd7-9ace-7f7e99a9bc26/datanode-0/data/ratis/1239619d-f8f3-45fb-8433-f96d3aac4001/in_use.lock acquired by nodename 30880@trunk-nightly-20190830-rr75b-3244975676
2019-08-30 05:51:43,900 [pool-47-thread-1] INFO  storage.RaftStorageDirectory (RaftStorageDirectory.java:tryLock(328)) - Lock on /workdir/hadoop-ozone/integration-test/target/test-dir/MiniOzoneClusterImpl-6c81b17e-d379-4dd7-9ace-7f7e99a9bc26/datanode-2/data/ratis/1239619d-f8f3-45fb-8433-f96d3aac4001/in_use.lock acquired by nodename 30880@trunk-nightly-20190830-rr75b-3244975676
2019-08-30 05:51:43,926 [pool-27-thread-1] INFO  storage.RaftStorage (RaftStorage.java:format(72)) - Storage directory /workdir/hadoop-ozone/integration-test/target/test-dir/MiniOzoneClusterImpl-6c81b17e-d379-4dd7-9ace-7f7e99a9bc26/datanode-0/data/ratis/1239619d-f8f3-45fb-8433-f96d3aac4001 has been successfully formatted.
2019-08-30 05:51:43,926 [pool-37-thread-1] INFO  storage.RaftStorage (RaftStorage.java:format(72)) - Storage directory /workdir/hadoop-ozone/integration-test/target/test-dir/MiniOzoneClusterImpl-6c81b17e-d379-4dd7-9ace-7f7e99a9bc26/datanode-1/data/ratis/1239619d-f8f3-45fb-8433-f96d3aac4001 has been successfully formatted.
2019-08-30 05:51:43,926 [pool-47-thread-1] INFO  storage.RaftStorage (RaftStorage.java:format(72)) - Storage directory /workdir/hadoop-ozone/integration-test/target/test-dir/MiniOzoneClusterImpl-6c81b17e-d379-4dd7-9ace-7f7e99a9bc26/datanode-2/data/ratis/1239619d-f8f3-45fb-8433-f96d3aac4001 has been successfully formatted.
2019-08-30 05:51:43,926 [pool-37-thread-1] INFO  ratis.ContainerStateMachine (ContainerStateMachine.java:loadSnapshot(227)) - group-F96D3AAC4001: The snapshot info is null. Setting the last applied indexto:(t:0, i:~)
2019-08-30 05:51:43,926 [pool-27-thread-1] INFO  ratis.ContainerStateMachine (ContainerStateMachine.java:loadSnapshot(227)) - group-F96D3AAC4001: The snapshot info is null. Setting the last applied indexto:(t:0, i:~)
2019-08-30 05:51:43,927 [pool-47-thread-1] INFO  ratis.ContainerStateMachine (ContainerStateMachine.java:loadSnapshot(227)) - group-F96D3AAC4001: The snapshot info is null. Setting the last applied indexto:(t:0, i:~)
2019-08-30 05:51:43,927 [pool-27-thread-1] INFO  server.RaftServerConfigKeys (ConfUtils.java:logGet(43)) - raft.server.leader.election.timeout = 1000s (custom)
2019-08-30 05:51:43,927 [pool-37-thread-1] INFO  server.RaftServerConfigKeys (ConfUtils.java:logGet(43)) - raft.server.leader.election.timeout = 1000s (custom)
2019-08-30 05:51:43,927 [pool-27-thread-1] INFO  server.RaftServerConfigKeys (ConfUtils.java:logGet(43)) - raft.server.log.use.memory = false (default)
2019-08-30 05:51:43,927 [pool-47-thread-1] INFO  server.RaftServerConfigKeys (ConfUtils.java:logGet(43)) - raft.server.leader.election.timeout = 1000s (custom)
2019-08-30 05:51:43,928 [pool-27-thread-1] INFO  server.RaftServerConfigKeys (ConfUtils.java:logGet(43)) - raft.server.log.purge.gap = 1000000 (custom)
2019-08-30 05:51:43,927 [pool-37-thread-1] INFO  server.RaftServerConfigKeys (ConfUtils.java:logGet(43)) - raft.server.log.use.memory = false (default)
2019-08-30 05:51:43,928 [pool-27-thread-1] INFO  server.RaftServerConfigKeys (ConfUtils.java:logGet(43)) - raft.server.log.appender.buffer.byte-limit = 33554432 (custom)
2019-08-30 05:51:43,928 [pool-47-thread-1] INFO  server.RaftServerConfigKeys (ConfUtils.java:logGet(43)) - raft.server.log.use.memory = false (default)
2019-08-30 05:51:43,928 [pool-27-thread-1] INFO  server.RaftServerConfigKeys (ConfUtils.java:logGet(43)) - raft.server.log.segment.size.max = 1048576 (custom)
2019-08-30 05:51:43,928 [pool-37-thread-1] INFO  server.RaftServerConfigKeys (ConfUtils.java:logGet(43)) - raft.server.log.purge.gap = 1000000 (custom)
2019-08-30 05:51:43,929 [pool-27-thread-1] INFO  server.RaftServerConfigKeys (ConfUtils.java:logGet(43)) - raft.server.log.segment.cache.num.max = 2 (custom)
2019-08-30 05:51:43,928 [pool-47-thread-1] INFO  server.RaftServerConfigKeys (ConfUtils.java:logGet(43)) - raft.server.log.purge.gap = 1000000 (custom)
2019-08-30 05:51:43,929 [pool-27-thread-1] INFO  segmented.SegmentedRaftLogWorker (SegmentedRaftLogWorker.java:<init>(172)) - new 0c3d5d33-5004-4ad0-a181-1b32c8916f48-SegmentedRaftLogWorker:Storage Directory /workdir/hadoop-ozone/integration-test/target/test-dir/MiniOzoneClusterImpl-6c81b17e-d379-4dd7-9ace-7f7e99a9bc26/datanode-0/data/ratis/1239619d-f8f3-45fb-8433-f96d3aac4001 for RaftStorage:Storage Directory /workdir/hadoop-ozone/integration-test/target/test-dir/MiniOzoneClusterImpl-6c81b17e-d379-4dd7-9ace-7f7e99a9bc26/datanode-0/data/ratis/1239619d-f8f3-45fb-8433-f96d3aac4001
2019-08-30 05:51:43,929 [pool-37-thread-1] INFO  server.RaftServerConfigKeys (ConfUtils.java:logGet(43)) - raft.server.log.appender.buffer.byte-limit = 33554432 (custom)
2019-08-30 05:51:43,929 [pool-27-thread-1] INFO  server.RaftServerConfigKeys (ConfUtils.java:logGet(43)) - raft.server.log.queue.byte-limit = 2147483647 (custom)
2019-08-30 05:51:43,929 [pool-47-thread-1] INFO  server.RaftServerConfigKeys (ConfUtils.java:logGet(43)) - raft.server.log.appender.buffer.byte-limit = 33554432 (custom)
2019-08-30 05:51:43,931 [pool-27-thread-1] INFO  server.RaftServerConfigKeys (ConfUtils.java:logGet(43)) - raft.server.log.queue.element-limit = 1024 (custom)
2019-08-30 05:51:43,931 [pool-47-thread-1] INFO  server.RaftServerConfigKeys (ConfUtils.java:logGet(43)) - raft.server.log.segment.size.max = 1048576 (custom)
2019-08-30 05:51:43,931 [pool-37-thread-1] INFO  server.RaftServerConfigKeys (ConfUtils.java:logGet(43)) - raft.server.log.segment.size.max = 1048576 (custom)
2019-08-30 05:51:43,931 [pool-47-thread-1] INFO  server.RaftServerConfigKeys (ConfUtils.java:logGet(43)) - raft.server.log.segment.cache.num.max = 2 (custom)
2019-08-30 05:51:43,931 [pool-27-thread-1] INFO  server.RaftServerConfigKeys (ConfUtils.java:logGet(43)) - raft.server.log.segment.size.max = 1048576 (custom)
2019-08-30 05:51:43,932 [pool-47-thread-1] INFO  segmented.SegmentedRaftLogWorker (SegmentedRaftLogWorker.java:<init>(172)) - new 39b5c586-5c16-4d91-b521-ddac34f0fc4c-SegmentedRaftLogWorker:Storage Directory /workdir/hadoop-ozone/integration-test/target/test-dir/MiniOzoneClusterImpl-6c81b17e-d379-4dd7-9ace-7f7e99a9bc26/datanode-2/data/ratis/1239619d-f8f3-45fb-8433-f96d3aac4001 for RaftStorage:Storage Directory /workdir/hadoop-ozone/integration-test/target/test-dir/MiniOzoneClusterImpl-6c81b17e-d379-4dd7-9ace-7f7e99a9bc26/datanode-2/data/ratis/1239619d-f8f3-45fb-8433-f96d3aac4001
2019-08-30 05:51:43,932 [pool-37-thread-1] INFO  server.RaftServerConfigKeys (ConfUtils.java:logGet(43)) - raft.server.log.segment.cache.num.max = 2 (custom)
2019-08-30 05:51:43,932 [pool-47-thread-1] INFO  server.RaftServerConfigKeys (ConfUtils.java:logGet(43)) - raft.server.log.queue.byte-limit = 2147483647 (custom)
2019-08-30 05:51:43,932 [pool-27-thread-1] INFO  server.RaftServerConfigKeys (ConfUtils.java:logGet(43)) - raft.server.log.preallocated.size = 16384 (custom)
2019-08-30 05:51:43,934 [pool-47-thread-1] INFO  server.RaftServerConfigKeys (ConfUtils.java:logGet(43)) - raft.server.log.queue.element-limit = 1024 (custom)
2019-08-30 05:51:43,932 [pool-37-thread-1] INFO  segmented.SegmentedRaftLogWorker (SegmentedRaftLogWorker.java:<init>(172)) - new 3db231e5-aa41-417a-9eb1-ebae727224a1-SegmentedRaftLogWorker:Storage Directory /workdir/hadoop-ozone/integration-test/target/test-dir/MiniOzoneClusterImpl-6c81b17e-d379-4dd7-9ace-7f7e99a9bc26/datanode-1/data/ratis/1239619d-f8f3-45fb-8433-f96d3aac4001 for RaftStorage:Storage Directory /workdir/hadoop-ozone/integration-test/target/test-dir/MiniOzoneClusterImpl-6c81b17e-d379-4dd7-9ace-7f7e99a9bc26/datanode-1/data/ratis/1239619d-f8f3-45fb-8433-f96d3aac4001
2019-08-30 05:51:43,934 [pool-47-thread-1] INFO  server.RaftServerConfigKeys (ConfUtils.java:logGet(43)) - raft.server.log.segment.size.max = 1048576 (custom)
2019-08-30 05:51:43,934 [pool-27-thread-1] INFO  server.RaftServerConfigKeys (ConfUtils.java:logGet(43)) - raft.server.log.write.buffer.size = 33554432 (custom)
2019-08-30 05:51:43,935 [pool-47-thread-1] INFO  server.RaftServerConfigKeys (ConfUtils.java:logGet(43)) - raft.server.log.preallocated.size = 16384 (custom)
2019-08-30 05:51:43,934 [pool-37-thread-1] INFO  server.RaftServerConfigKeys (ConfUtils.java:logGet(43)) - raft.server.log.queue.byte-limit = 2147483647 (custom)
2019-08-30 05:51:43,936 [pool-47-thread-1] INFO  server.RaftServerConfigKeys (ConfUtils.java:logGet(43)) - raft.server.log.write.buffer.size = 33554432 (custom)
2019-08-30 05:51:43,936 [pool-27-thread-1] INFO  server.RaftServerConfigKeys (ConfUtils.java:logGet(43)) - raft.server.log.force.sync.num = 128 (default)
2019-08-30 05:51:43,936 [pool-47-thread-1] INFO  server.RaftServerConfigKeys (ConfUtils.java:logGet(43)) - raft.server.log.force.sync.num = 128 (default)
2019-08-30 05:51:43,936 [pool-37-thread-1] INFO  server.RaftServerConfigKeys (ConfUtils.java:logGet(43)) - raft.server.log.queue.element-limit = 1024 (custom)
2019-08-30 05:51:43,937 [pool-47-thread-1] INFO  server.RaftServerConfigKeys (ConfUtils.java:logGet(43)) - raft.server.log.statemachine.data.sync = true (default)
2019-08-30 05:51:43,936 [pool-27-thread-1] INFO  server.RaftServerConfigKeys (ConfUtils.java:logGet(43)) - raft.server.log.statemachine.data.sync = true (default)
2019-08-30 05:51:43,937 [pool-47-thread-1] INFO  server.RaftServerConfigKeys (ConfUtils.java:logGet(43)) - raft.server.log.statemachine.data.sync.timeout = 10s (default)
2019-08-30 05:51:43,937 [pool-37-thread-1] INFO  server.RaftServerConfigKeys (ConfUtils.java:logGet(43)) - raft.server.log.segment.size.max = 1048576 (custom)
2019-08-30 05:51:43,937 [pool-47-thread-1] INFO  server.RaftServerConfigKeys (ConfUtils.java:logGet(43)) - raft.server.log.statemachine.data.sync.timeout.retry = -1 (default)
2019-08-30 05:51:43,937 [pool-27-thread-1] INFO  server.RaftServerConfigKeys (ConfUtils.java:logGet(43)) - raft.server.log.statemachine.data.sync.timeout = 10s (default)
2019-08-30 05:51:43,938 [pool-47-thread-1] INFO  server.RaftServerConfigKeys (ConfUtils.java:logGet(43)) - raft.server.log.statemachine.data.caching.enabled = true (custom)
2019-08-30 05:51:43,937 [pool-37-thread-1] INFO  server.RaftServerConfigKeys (ConfUtils.java:logGet(43)) - raft.server.log.preallocated.size = 16384 (custom)
2019-08-30 05:51:43,938 [pool-27-thread-1] INFO  server.RaftServerConfigKeys (ConfUtils.java:logGet(43)) - raft.server.log.statemachine.data.sync.timeout.retry = -1 (default)
2019-08-30 05:51:43,938 [pool-47-thread-1] INFO  segmented.SegmentedRaftLogWorker (SegmentedRaftLogWorker.java:lambda$new$0(132)) - 39b5c586-5c16-4d91-b521-ddac34f0fc4c-SegmentedRaftLogWorker:Storage Directory /workdir/hadoop-ozone/integration-test/target/test-dir/MiniOzoneClusterImpl-6c81b17e-d379-4dd7-9ace-7f7e99a9bc26/datanode-2/data/ratis/1239619d-f8f3-45fb-8433-f96d3aac4001: flushIndex: setUnconditionally 0 -> -1
2019-08-30 05:51:43,938 [pool-37-thread-1] INFO  server.RaftServerConfigKeys (ConfUtils.java:logGet(43)) - raft.server.log.write.buffer.size = 33554432 (custom)
2019-08-30 05:51:43,938 [pool-27-thread-1] INFO  server.RaftServerConfigKeys (ConfUtils.java:logGet(43)) - raft.server.log.statemachine.data.caching.enabled = true (custom)
2019-08-30 05:51:43,939 [pool-47-thread-1] INFO  server.RaftServerConfigKeys (ConfUtils.java:logGet(43)) - raft.server.snapshot.auto.trigger.enabled = true (custom)
2019-08-30 05:51:43,939 [pool-37-thread-1] INFO  server.RaftServerConfigKeys (ConfUtils.java:logGet(43)) - raft.server.log.force.sync.num = 128 (default)
2019-08-30 05:51:43,939 [pool-47-thread-1] INFO  server.RaftServerConfigKeys (ConfUtils.java:logGet(43)) - raft.server.snapshot.auto.trigger.threshold = 10000 (custom)
2019-08-30 05:51:43,939 [pool-27-thread-1] INFO  segmented.SegmentedRaftLogWorker (SegmentedRaftLogWorker.java:lambda$new$0(132)) - 0c3d5d33-5004-4ad0-a181-1b32c8916f48-SegmentedRaftLogWorker:Storage Directory /workdir/hadoop-ozone/integration-test/target/test-dir/MiniOzoneClusterImpl-6c81b17e-d379-4dd7-9ace-7f7e99a9bc26/datanode-0/data/ratis/1239619d-f8f3-45fb-8433-f96d3aac4001: flushIndex: setUnconditionally 0 -> -1
2019-08-30 05:51:43,939 [pool-47-thread-1] INFO  server.RaftServerConfigKeys (ConfUtils.java:logGet(43)) - raft.server.retrycache.expirytime = 600000ms (custom)
2019-08-30 05:51:43,939 [pool-37-thread-1] INFO  server.RaftServerConfigKeys (ConfUtils.java:logGet(43)) - raft.server.log.statemachine.data.sync = true (default)
2019-08-30 05:51:43,940 [pool-47-thread-1] INFO  impl.RaftServerImpl (RaftServerImpl.java:start(180)) - 39b5c586-5c16-4d91-b521-ddac34f0fc4c: start group-F96D3AAC4001
2019-08-30 05:51:43,940 [pool-27-thread-1] INFO  server.RaftServerConfigKeys (ConfUtils.java:logGet(43)) - raft.server.snapshot.auto.trigger.enabled = true (custom)
2019-08-30 05:51:43,940 [pool-47-thread-1] INFO  impl.RaftServerImpl (RaftServerImpl.java:setRole(171)) - 39b5c586-5c16-4d91-b521-ddac34f0fc4c:group-F96D3AAC4001 changes role from null to FOLLOWER at term 0 for startAsFollower
2019-08-30 05:51:43,940 [pool-37-thread-1] INFO  server.RaftServerConfigKeys (ConfUtils.java:logGet(43)) - raft.server.log.statemachine.data.sync.timeout = 10s (default)
2019-08-30 05:51:43,940 [pool-47-thread-1] INFO  impl.RoleInfo (RoleInfo.java:updateAndGet(143)) - 39b5c586-5c16-4d91-b521-ddac34f0fc4c: start FollowerState
2019-08-30 05:51:43,940 [pool-27-thread-1] INFO  server.RaftServerConfigKeys (ConfUtils.java:logGet(43)) - raft.server.snapshot.auto.trigger.threshold = 10000 (custom)
2019-08-30 05:51:43,940 [pool-37-thread-1] INFO  server.RaftServerConfigKeys (ConfUtils.java:logGet(43)) - raft.server.log.statemachine.data.sync.timeout.retry = -1 (default)
2019-08-30 05:51:43,941 [pool-27-thread-1] INFO  server.RaftServerConfigKeys (ConfUtils.java:logGet(43)) - raft.server.retrycache.expirytime = 600000ms (custom)
2019-08-30 05:51:43,941 [pool-47-thread-1] INFO  util.JmxRegister (JmxRegister.java:tryRegister(44)) - Successfully registered JMX Bean with object name Ratis:service=RaftServer,group=group-F96D3AAC4001,id=39b5c586-5c16-4d91-b521-ddac34f0fc4c
2019-08-30 05:51:43,941 [pool-27-thread-1] INFO  impl.RaftServerImpl (RaftServerImpl.java:start(180)) - 0c3d5d33-5004-4ad0-a181-1b32c8916f48: start group-F96D3AAC4001
2019-08-30 05:51:43,941 [pool-37-thread-1] INFO  server.RaftServerConfigKeys (ConfUtils.java:logGet(43)) - raft.server.log.statemachine.data.caching.enabled = true (custom)
2019-08-30 05:51:43,941 [pool-27-thread-1] INFO  impl.RaftServerImpl (RaftServerImpl.java:setRole(171)) - 0c3d5d33-5004-4ad0-a181-1b32c8916f48:group-F96D3AAC4001 changes role from null to FOLLOWER at term 0 for startAsFollower
2019-08-30 05:51:43,942 [pool-27-thread-1] INFO  impl.RoleInfo (RoleInfo.java:updateAndGet(143)) - 0c3d5d33-5004-4ad0-a181-1b32c8916f48: start FollowerState
2019-08-30 05:51:43,942 [pool-37-thread-1] INFO  segmented.SegmentedRaftLogWorker (SegmentedRaftLogWorker.java:lambda$new$0(132)) - 3db231e5-aa41-417a-9eb1-ebae727224a1-SegmentedRaftLogWorker:Storage Directory /workdir/hadoop-ozone/integration-test/target/test-dir/MiniOzoneClusterImpl-6c81b17e-d379-4dd7-9ace-7f7e99a9bc26/datanode-1/data/ratis/1239619d-f8f3-45fb-8433-f96d3aac4001: flushIndex: setUnconditionally 0 -> -1
2019-08-30 05:51:43,942 [pool-27-thread-1] INFO  util.JmxRegister (JmxRegister.java:tryRegister(44)) - Successfully registered JMX Bean with object name Ratis:service=RaftServer,group=group-F96D3AAC4001,id=0c3d5d33-5004-4ad0-a181-1b32c8916f48
2019-08-30 05:51:43,942 [pool-37-thread-1] INFO  server.RaftServerConfigKeys (ConfUtils.java:logGet(43)) - raft.server.snapshot.auto.trigger.enabled = true (custom)
2019-08-30 05:51:43,942 [pool-37-thread-1] INFO  server.RaftServerConfigKeys (ConfUtils.java:logGet(43)) - raft.server.snapshot.auto.trigger.threshold = 10000 (custom)
2019-08-30 05:51:43,943 [pool-37-thread-1] INFO  server.RaftServerConfigKeys (ConfUtils.java:logGet(43)) - raft.server.retrycache.expirytime = 600000ms (custom)
2019-08-30 05:51:43,944 [pool-37-thread-1] INFO  impl.RaftServerImpl (RaftServerImpl.java:start(180)) - 3db231e5-aa41-417a-9eb1-ebae727224a1: start group-F96D3AAC4001
2019-08-30 05:51:43,944 [pool-37-thread-1] INFO  impl.RaftServerImpl (RaftServerImpl.java:setRole(171)) - 3db231e5-aa41-417a-9eb1-ebae727224a1:group-F96D3AAC4001 changes role from null to FOLLOWER at term 0 for startAsFollower
2019-08-30 05:51:43,945 [pool-37-thread-1] INFO  impl.RoleInfo (RoleInfo.java:updateAndGet(143)) - 3db231e5-aa41-417a-9eb1-ebae727224a1: start FollowerState
2019-08-30 05:51:43,950 [pool-37-thread-1] INFO  util.JmxRegister (JmxRegister.java:tryRegister(44)) - Successfully registered JMX Bean with object name Ratis:service=RaftServer,group=group-F96D3AAC4001,id=3db231e5-aa41-417a-9eb1-ebae727224a1
2019-08-30 05:51:43,967 [RatisPipelineUtilsThread] INFO  pipeline.PipelineStateManager (PipelineStateManager.java:addPipeline(56)) - Created pipeline Pipeline[ Id: 1239619d-f8f3-45fb-8433-f96d3aac4001, Nodes: 0c3d5d33-5004-4ad0-a181-1b32c8916f48{ip: 192.168.69.118, host: trunk-nightly-20190830-rr75b-3244975676, networkLocation: /default-rack, certSerialId: null}3db231e5-aa41-417a-9eb1-ebae727224a1{ip: 192.168.69.118, host: trunk-nightly-20190830-rr75b-3244975676, networkLocation: /default-rack, certSerialId: null}39b5c586-5c16-4d91-b521-ddac34f0fc4c{ip: 192.168.69.118, host: trunk-nightly-20190830-rr75b-3244975676, networkLocation: /default-rack, certSerialId: null}, Type:RATIS, Factor:THREE, State:OPEN]
2019-08-30 05:51:43,988 | INFO  | SCMAudit | user=jenkins1000 | ip=192.168.69.118 | op=ALLOCATE_BLOCK {owner=3c6f43d7-ac48-4078-9a2c-c1e9b7068a45, size=4194304, type=RATIS, factor=THREE} | ret=SUCCESS |  
2019-08-30 05:51:44,022 | INFO  | OMAudit | user=jenkins1000 | ip=127.0.0.1 | op=ALLOCATE_KEY {volume=testcontainerstatemachinefailures, bucket=testcontainerstatemachinefailures, key=ratis, dataSize=0, replicationType=RATIS, replicationFactor=THREE, keyLocationInfo=null} | ret=SUCCESS |  
2019-08-30 05:51:44,066 [main] INFO  impl.MetricsSystemImpl (MetricsSystemImpl.java:init(158)) - XceiverClientMetrics metrics system started (again)
2019-08-30 05:51:44,588 [grpc-default-executor-1] INFO  client.GrpcClientProtocolClient (GrpcClientProtocolClient.java:onNext(255)) - client-66420869BE01->0c3d5d33-5004-4ad0-a181-1b32c8916f48: receive RaftClientReply:client-66420869BE01->0c3d5d33-5004-4ad0-a181-1b32c8916f48@group-F96D3AAC4001, cid=6, FAILED org.apache.ratis.protocol.NotLeaderException: Server 0c3d5d33-5004-4ad0-a181-1b32c8916f48 is not the leader (null). Request must be sent to leader., logIndex=0, commits[0c3d5d33-5004-4ad0-a181-1b32c8916f48:c-1]
2019-08-30 05:51:44,638 | INFO  | SCMAudit | user=jenkins1000 | ip=192.168.69.118 | op=SEND_HEARTBEAT {datanodeUUID=0c3d5d33-5004-4ad0-a181-1b32c8916f48, command=[]} | ret=SUCCESS |  
2019-08-30 05:51:44,682 | INFO  | SCMAudit | user=jenkins1000 | ip=192.168.69.118 | op=SEND_HEARTBEAT {datanodeUUID=3db231e5-aa41-417a-9eb1-ebae727224a1, command=[]} | ret=SUCCESS |  
2019-08-30 05:51:44,699 | INFO  | SCMAudit | user=jenkins1000 | ip=192.168.69.118 | op=SEND_HEARTBEAT {datanodeUUID=0c3d5d33-5004-4ad0-a181-1b32c8916f48, command=[]} | ret=SUCCESS |  
2019-08-30 05:51:44,758 | INFO  | SCMAudit | user=jenkins1000 | ip=192.168.69.118 | op=SEND_HEARTBEAT {datanodeUUID=39b5c586-5c16-4d91-b521-ddac34f0fc4c, command=[]} | ret=SUCCESS |  
2019-08-30 05:51:44,789 | INFO  | SCMAudit | user=jenkins1000 | ip=192.168.69.118 | op=SEND_HEARTBEAT {datanodeUUID=3db231e5-aa41-417a-9eb1-ebae727224a1, command=[]} | ret=SUCCESS |  
2019-08-30 05:51:44,804 | INFO  | SCMAudit | user=jenkins1000 | ip=192.168.69.118 | op=SEND_HEARTBEAT {datanodeUUID=0c3d5d33-5004-4ad0-a181-1b32c8916f48, command=[]} | ret=SUCCESS |  
2019-08-30 05:51:44,857 | INFO  | SCMAudit | user=jenkins1000 | ip=192.168.69.118 | op=SEND_HEARTBEAT {datanodeUUID=39b5c586-5c16-4d91-b521-ddac34f0fc4c, command=[]} | ret=SUCCESS |  
2019-08-30 05:51:44,881 | INFO  | SCMAudit | user=jenkins1000 | ip=192.168.69.118 | op=SEND_HEARTBEAT {datanodeUUID=3db231e5-aa41-417a-9eb1-ebae727224a1, command=[]} | ret=SUCCESS |  
2019-08-30 05:51:44,899 | INFO  | SCMAudit | user=jenkins1000 | ip=192.168.69.118 | op=SEND_HEARTBEAT {datanodeUUID=0c3d5d33-5004-4ad0-a181-1b32c8916f48, command=[]} | ret=SUCCESS |  
2019-08-30 05:51:44,957 | INFO  | SCMAudit | user=jenkins1000 | ip=192.168.69.118 | op=SEND_HEARTBEAT {datanodeUUID=39b5c586-5c16-4d91-b521-ddac34f0fc4c, command=[]} | ret=SUCCESS |  
2019-08-30 05:51:44,981 | INFO  | SCMAudit | user=jenkins1000 | ip=192.168.69.118 | op=SEND_HEARTBEAT {datanodeUUID=3db231e5-aa41-417a-9eb1-ebae727224a1, command=[]} | ret=SUCCESS |  
2019-08-30 05:51:44,999 | INFO  | SCMAudit | user=jenkins1000 | ip=192.168.69.118 | op=SEND_HEARTBEAT {datanodeUUID=0c3d5d33-5004-4ad0-a181-1b32c8916f48, command=[]} | ret=SUCCESS |  
2019-08-30 05:51:45,057 | INFO  | SCMAudit | user=jenkins1000 | ip=192.168.69.118 | op=SEND_HEARTBEAT {datanodeUUID=39b5c586-5c16-4d91-b521-ddac34f0fc4c, command=[]} | ret=SUCCESS |  
2019-08-30 05:51:45,081 | INFO  | SCMAudit | user=jenkins1000 | ip=192.168.69.118 | op=SEND_HEARTBEAT {datanodeUUID=3db231e5-aa41-417a-9eb1-ebae727224a1, command=[]} | ret=SUCCESS |  
2019-08-30 05:51:45,099 | INFO  | SCMAudit | user=jenkins1000 | ip=192.168.69.118 | op=SEND_HEARTBEAT {datanodeUUID=0c3d5d33-5004-4ad0-a181-1b32c8916f48, command=[]} | ret=SUCCESS |  
2019-08-30 05:51:45,157 | INFO  | SCMAudit | user=jenkins1000 | ip=192.168.69.118 | op=SEND_HEARTBEAT {datanodeUUID=39b5c586-5c16-4d91-b521-ddac34f0fc4c, command=[]} | ret=SUCCESS |  
2019-08-30 05:51:45,181 | INFO  | SCMAudit | user=jenkins1000 | ip=192.168.69.118 | op=SEND_HEARTBEAT {datanodeUUID=3db231e5-aa41-417a-9eb1-ebae727224a1, command=[]} | ret=SUCCESS |  
2019-08-30 05:51:45,199 | INFO  | SCMAudit | user=jenkins1000 | ip=192.168.69.118 | op=SEND_HEARTBEAT {datanodeUUID=0c3d5d33-5004-4ad0-a181-1b32c8916f48, command=[]} | ret=SUCCESS |  
2019-08-30 05:51:45,257 | INFO  | SCMAudit | user=jenkins1000 | ip=192.168.69.118 | op=SEND_HEARTBEAT {datanodeUUID=39b5c586-5c16-4d91-b521-ddac34f0fc4c, command=[]} | ret=SUCCESS |  
2019-08-30 05:51:45,282 | INFO  | SCMAudit | user=jenkins1000 | ip=192.168.69.118 | op=SEND_HEARTBEAT {datanodeUUID=3db231e5-aa41-417a-9eb1-ebae727224a1, command=[]} | ret=SUCCESS |  
2019-08-30 05:51:45,299 | INFO  | SCMAudit | user=jenkins1000 | ip=192.168.69.118 | op=SEND_HEARTBEAT {datanodeUUID=0c3d5d33-5004-4ad0-a181-1b32c8916f48, command=[]} | ret=SUCCESS |  
2019-08-30 05:51:45,358 | INFO  | SCMAudit | user=jenkins1000 | ip=192.168.69.118 | op=SEND_HEARTBEAT {datanodeUUID=39b5c586-5c16-4d91-b521-ddac34f0fc4c, command=[]} | ret=SUCCESS |  
2019-08-30 05:51:45,395 | INFO  | SCMAudit | user=jenkins1000 | ip=192.168.69.118 | op=SEND_HEARTBEAT {datanodeUUID=3db231e5-aa41-417a-9eb1-ebae727224a1, command=[]} | ret=SUCCESS |  
2019-08-30 05:51:45,403 | INFO  | SCMAudit | user=jenkins1000 | ip=192.168.69.118 | op=SEND_HEARTBEAT {datanodeUUID=0c3d5d33-5004-4ad0-a181-1b32c8916f48, command=[]} | ret=SUCCESS |  
2019-08-30 05:51:45,464 | INFO  | SCMAudit | user=jenkins1000 | ip=192.168.69.118 | op=SEND_HEARTBEAT {datanodeUUID=39b5c586-5c16-4d91-b521-ddac34f0fc4c, command=[]} | ret=SUCCESS |  
2019-08-30 05:51:45,483 | INFO  | SCMAudit | user=jenkins1000 | ip=192.168.69.118 | op=SEND_HEARTBEAT {datanodeUUID=3db231e5-aa41-417a-9eb1-ebae727224a1, command=[]} | ret=SUCCESS |  
2019-08-30 05:51:45,498 | INFO  | SCMAudit | user=jenkins1000 | ip=192.168.69.118 | op=SEND_HEARTBEAT {datanodeUUID=0c3d5d33-5004-4ad0-a181-1b32c8916f48, command=[]} | ret=SUCCESS |  
2019-08-30 05:51:45,557 | INFO  | SCMAudit | user=jenkins1000 | ip=192.168.69.118 | op=SEND_HEARTBEAT {datanodeUUID=39b5c586-5c16-4d91-b521-ddac34f0fc4c, command=[]} | ret=SUCCESS |  
2019-08-30 05:51:45,583 | INFO  | SCMAudit | user=jenkins1000 | ip=192.168.69.118 | op=SEND_HEARTBEAT {datanodeUUID=3db231e5-aa41-417a-9eb1-ebae727224a1, command=[]} | ret=SUCCESS |  
2019-08-30 05:51:45,598 | INFO  | SCMAudit | user=jenkins1000 | ip=192.168.69.118 | op=SEND_HEARTBEAT {datanodeUUID=0c3d5d33-5004-4ad0-a181-1b32c8916f48, command=[]} | ret=SUCCESS |  
2019-08-30 05:51:45,623 [grpc-default-executor-2] INFO  client.GrpcClientProtocolClient (GrpcClientProtocolClient.java:onNext(255)) - client-66420869BE01->39b5c586-5c16-4d91-b521-ddac34f0fc4c: receive RaftClientReply:client-66420869BE01->39b5c586-5c16-4d91-b521-ddac34f0fc4c@group-F96D3AAC4001, cid=6, FAILED org.apache.ratis.protocol.NotLeaderException: Server 39b5c586-5c16-4d91-b521-ddac34f0fc4c is not the leader (null). Request must be sent to leader., logIndex=0, commits[39b5c586-5c16-4d91-b521-ddac34f0fc4c:c-1]
2019-08-30 05:51:45,644 [Thread-181] INFO  container.ReplicationManager (ReplicationManager.java:start(162)) - Starting Replication Monitor Thread.
2019-08-30 05:51:45,652 [ReplicationMonitor] INFO  container.ReplicationManager (ReplicationManager.java:run(225)) - Replication Monitor Thread took 4 milliseconds for processing 1 containers.
2019-08-30 05:51:45,658 | INFO  | SCMAudit | user=jenkins1000 | ip=192.168.69.118 | op=SEND_HEARTBEAT {datanodeUUID=39b5c586-5c16-4d91-b521-ddac34f0fc4c, command=[]} | ret=SUCCESS |  
2019-08-30 05:51:45,683 | INFO  | SCMAudit | user=jenkins1000 | ip=192.168.69.118 | op=SEND_HEARTBEAT {datanodeUUID=3db231e5-aa41-417a-9eb1-ebae727224a1, command=[]} | ret=SUCCESS |  
2019-08-30 05:51:45,698 | INFO  | SCMAudit | user=jenkins1000 | ip=192.168.69.118 | op=SEND_HEARTBEAT {datanodeUUID=0c3d5d33-5004-4ad0-a181-1b32c8916f48, command=[]} | ret=SUCCESS |  
2019-08-30 05:51:45,758 | INFO  | SCMAudit | user=jenkins1000 | ip=192.168.69.118 | op=SEND_HEARTBEAT {datanodeUUID=39b5c586-5c16-4d91-b521-ddac34f0fc4c, command=[]} | ret=SUCCESS |  
2019-08-30 05:51:45,782 | INFO  | SCMAudit | user=jenkins1000 | ip=192.168.69.118 | op=SEND_HEARTBEAT {datanodeUUID=3db231e5-aa41-417a-9eb1-ebae727224a1, command=[]} | ret=SUCCESS |  
2019-08-30 05:51:45,797 | INFO  | SCMAudit | user=jenkins1000 | ip=192.168.69.118 | op=SEND_HEARTBEAT {datanodeUUID=0c3d5d33-5004-4ad0-a181-1b32c8916f48, command=[]} | ret=SUCCESS |  
2019-08-30 05:51:45,858 | INFO  | SCMAudit | user=jenkins1000 | ip=192.168.69.118 | op=SEND_HEARTBEAT {datanodeUUID=39b5c586-5c16-4d91-b521-ddac34f0fc4c, command=[]} | ret=SUCCESS |  
2019-08-30 05:51:45,882 | INFO  | SCMAudit | user=jenkins1000 | ip=192.168.69.118 | op=SEND_HEARTBEAT {datanodeUUID=3db231e5-aa41-417a-9eb1-ebae727224a1, command=[]} | ret=SUCCESS |  
2019-08-30 05:51:45,898 | INFO  | SCMAudit | user=jenkins1000 | ip=192.168.69.118 | op=SEND_HEARTBEAT {datanodeUUID=0c3d5d33-5004-4ad0-a181-1b32c8916f48, command=[]} | ret=SUCCESS |  
2019-08-30 05:51:45,958 | INFO  | SCMAudit | user=jenkins1000 | ip=192.168.69.118 | op=SEND_HEARTBEAT {datanodeUUID=39b5c586-5c16-4d91-b521-ddac34f0fc4c, command=[]} | ret=SUCCESS |  
2019-08-30 05:51:45,982 | INFO  | SCMAudit | user=jenkins1000 | ip=192.168.69.118 | op=SEND_HEARTBEAT {datanodeUUID=3db231e5-aa41-417a-9eb1-ebae727224a1, command=[]} | ret=SUCCESS |  
2019-08-30 05:51:45,998 | INFO  | SCMAudit | user=jenkins1000 | ip=192.168.69.118 | op=SEND_HEARTBEAT {datanodeUUID=0c3d5d33-5004-4ad0-a181-1b32c8916f48, command=[]} | ret=SUCCESS |  
2019-08-30 05:51:46,059 | INFO  | SCMAudit | user=jenkins1000 | ip=192.168.69.118 | op=SEND_HEARTBEAT {datanodeUUID=39b5c586-5c16-4d91-b521-ddac34f0fc4c, command=[]} | ret=SUCCESS |  
2019-08-30 05:51:46,083 | INFO  | SCMAudit | user=jenkins1000 | ip=192.168.69.118 | op=SEND_HEARTBEAT {datanodeUUID=3db231e5-aa41-417a-9eb1-ebae727224a1, command=[]} | ret=SUCCESS |  
2019-08-30 05:51:46,098 | INFO  | SCMAudit | user=jenkins1000 | ip=192.168.69.118 | op=SEND_HEARTBEAT {datanodeUUID=0c3d5d33-5004-4ad0-a181-1b32c8916f48, command=[]} | ret=SUCCESS |  
2019-08-30 05:51:46,159 | INFO  | SCMAudit | user=jenkins1000 | ip=192.168.69.118 | op=SEND_HEARTBEAT {datanodeUUID=39b5c586-5c16-4d91-b521-ddac34f0fc4c, command=[]} | ret=SUCCESS |  
2019-08-30 05:51:46,183 | INFO  | SCMAudit | user=jenkins1000 | ip=192.168.69.118 | op=SEND_HEARTBEAT {datanodeUUID=3db231e5-aa41-417a-9eb1-ebae727224a1, command=[]} | ret=SUCCESS |  
2019-08-30 05:51:46,198 | INFO  | SCMAudit | user=jenkins1000 | ip=192.168.69.118 | op=SEND_HEARTBEAT {datanodeUUID=0c3d5d33-5004-4ad0-a181-1b32c8916f48, command=[]} | ret=SUCCESS |  
2019-08-30 05:51:46,259 | INFO  | SCMAudit | user=jenkins1000 | ip=192.168.69.118 | op=SEND_HEARTBEAT {datanodeUUID=39b5c586-5c16-4d91-b521-ddac34f0fc4c, command=[]} | ret=SUCCESS |  
2019-08-30 05:51:46,283 | INFO  | SCMAudit | user=jenkins1000 | ip=192.168.69.118 | op=SEND_HEARTBEAT {datanodeUUID=3db231e5-aa41-417a-9eb1-ebae727224a1, command=[]} | ret=SUCCESS |  
2019-08-30 05:51:46,298 | INFO  | SCMAudit | user=jenkins1000 | ip=192.168.69.118 | op=SEND_HEARTBEAT {datanodeUUID=0c3d5d33-5004-4ad0-a181-1b32c8916f48, command=[]} | ret=SUCCESS |  
2019-08-30 05:51:46,359 | INFO  | SCMAudit | user=jenkins1000 | ip=192.168.69.118 | op=SEND_HEARTBEAT {datanodeUUID=39b5c586-5c16-4d91-b521-ddac34f0fc4c, command=[]} | ret=SUCCESS |  
2019-08-30 05:51:46,383 | INFO  | SCMAudit | user=jenkins1000 | ip=192.168.69.118 | op=SEND_HEARTBEAT {datanodeUUID=3db231e5-aa41-417a-9eb1-ebae727224a1, command=[]} | ret=SUCCESS |  
2019-08-30 05:51:46,398 | INFO  | SCMAudit | user=jenkins1000 | ip=192.168.69.118 | op=SEND_HEARTBEAT {datanodeUUID=0c3d5d33-5004-4ad0-a181-1b32c8916f48, command=[]} | ret=SUCCESS |  
2019-08-30 05:51:46,460 | INFO  | SCMAudit | user=jenkins1000 | ip=192.168.69.118 | op=SEND_HEARTBEAT {datanodeUUID=39b5c586-5c16-4d91-b521-ddac34f0fc4c, command=[]} | ret=SUCCESS |  
2019-08-30 05:51:46,483 | INFO  | SCMAudit | user=jenkins1000 | ip=192.168.69.118 | op=SEND_HEARTBEAT {datanodeUUID=3db231e5-aa41-417a-9eb1-ebae727224a1, command=[]} | ret=SUCCESS |  
2019-08-30 05:51:46,498 | INFO  | SCMAudit | user=jenkins1000 | ip=192.168.69.118 | op=SEND_HEARTBEAT {datanodeUUID=0c3d5d33-5004-4ad0-a181-1b32c8916f48, command=[]} | ret=SUCCESS |  
2019-08-30 05:51:46,560 | INFO  | SCMAudit | user=jenkins1000 | ip=192.168.69.118 | op=SEND_HEARTBEAT {datanodeUUID=39b5c586-5c16-4d91-b521-ddac34f0fc4c, command=[]} | ret=SUCCESS |  
2019-08-30 05:51:46,583 | INFO  | SCMAudit | user=jenkins1000 | ip=192.168.69.118 | op=SEND_HEARTBEAT {datanodeUUID=3db231e5-aa41-417a-9eb1-ebae727224a1, command=[]} | ret=SUCCESS |  
2019-08-30 05:51:46,598 | INFO  | SCMAudit | user=jenkins1000 | ip=192.168.69.118 | op=SEND_HEARTBEAT {datanodeUUID=0c3d5d33-5004-4ad0-a181-1b32c8916f48, command=[]} | ret=SUCCESS |  
2019-08-30 05:51:46,651 [grpc-default-executor-1] INFO  client.GrpcClientProtocolClient (GrpcClientProtocolClient.java:onNext(255)) - client-66420869BE01->3db231e5-aa41-417a-9eb1-ebae727224a1: receive RaftClientReply:client-66420869BE01->3db231e5-aa41-417a-9eb1-ebae727224a1@group-F96D3AAC4001, cid=6, FAILED org.apache.ratis.protocol.NotLeaderException: Server 3db231e5-aa41-417a-9eb1-ebae727224a1 is not the leader (null). Request must be sent to leader., logIndex=0, commits[3db231e5-aa41-417a-9eb1-ebae727224a1:c-1]
2019-08-30 05:51:46,661 | INFO  | SCMAudit | user=jenkins1000 | ip=192.168.69.118 | op=SEND_HEARTBEAT {datanodeUUID=39b5c586-5c16-4d91-b521-ddac34f0fc4c, command=[]} | ret=SUCCESS |  
2019-08-30 05:51:46,682 | INFO  | SCMAudit | user=jenkins1000 | ip=192.168.69.118 | op=SEND_HEARTBEAT {datanodeUUID=3db231e5-aa41-417a-9eb1-ebae727224a1, command=[]} | ret=SUCCESS |  
2019-08-30 05:51:46,699 | INFO  | SCMAudit | user=jenkins1000 | ip=192.168.69.118 | op=SEND_HEARTBEAT {datanodeUUID=0c3d5d33-5004-4ad0-a181-1b32c8916f48, command=[]} | ret=SUCCESS |  
2019-08-30 05:51:46,760 | INFO  | SCMAudit | user=jenkins1000 | ip=192.168.69.118 | op=SEND_HEARTBEAT {datanodeUUID=39b5c586-5c16-4d91-b521-ddac34f0fc4c, command=[]} | ret=SUCCESS |  
2019-08-30 05:51:46,783 | INFO  | SCMAudit | user=jenkins1000 | ip=192.168.69.118 | op=SEND_HEARTBEAT {datanodeUUID=3db231e5-aa41-417a-9eb1-ebae727224a1, command=[]} | ret=SUCCESS |  
2019-08-30 05:51:46,799 | INFO  | SCMAudit | user=jenkins1000 | ip=192.168.69.118 | op=SEND_HEARTBEAT {datanodeUUID=0c3d5d33-5004-4ad0-a181-1b32c8916f48, command=[]} | ret=SUCCESS |  
2019-08-30 05:51:46,861 | INFO  | SCMAudit | user=jenkins1000 | ip=192.168.69.118 | op=SEND_HEARTBEAT {datanodeUUID=39b5c586-5c16-4d91-b521-ddac34f0fc4c, command=[]} | ret=SUCCESS |  
2019-08-30 05:51:46,883 | INFO  | SCMAudit | user=jenkins1000 | ip=192.168.69.118 | op=SEND_HEARTBEAT {datanodeUUID=3db231e5-aa41-417a-9eb1-ebae727224a1, command=[]} | ret=SUCCESS |  
2019-08-30 05:51:46,899 | INFO  | SCMAudit | user=jenkins1000 | ip=192.168.69.118 | op=SEND_HEARTBEAT {datanodeUUID=0c3d5d33-5004-4ad0-a181-1b32c8916f48, command=[]} | ret=SUCCESS |  
2019-08-30 05:51:46,961 | INFO  | SCMAudit | user=jenkins1000 | ip=192.168.69.118 | op=SEND_HEARTBEAT {datanodeUUID=39b5c586-5c16-4d91-b521-ddac34f0fc4c, command=[]} | ret=SUCCESS |  
2019-08-30 05:51:46,983 | INFO  | SCMAudit | user=jenkins1000 | ip=192.168.69.118 | op=SEND_HEARTBEAT {datanodeUUID=3db231e5-aa41-417a-9eb1-ebae727224a1, command=[]} | ret=SUCCESS |  
2019-08-30 05:51:46,999 | INFO  | SCMAudit | user=jenkins1000 | ip=192.168.69.118 | op=SEND_HEARTBEAT {datanodeUUID=0c3d5d33-5004-4ad0-a181-1b32c8916f48, command=[]} | ret=SUCCESS |  
2019-08-30 05:51:47,061 | INFO  | SCMAudit | user=jenkins1000 | ip=192.168.69.118 | op=SEND_HEARTBEAT {datanodeUUID=39b5c586-5c16-4d91-b521-ddac34f0fc4c, command=[]} | ret=SUCCESS |  
2019-08-30 05:51:47,083 | INFO  | SCMAudit | user=jenkins1000 | ip=192.168.69.118 | op=SEND_HEARTBEAT {datanodeUUID=3db231e5-aa41-417a-9eb1-ebae727224a1, command=[]} | ret=SUCCESS |  
2019-08-30 05:51:47,099 | INFO  | SCMAudit | user=jenkins1000 | ip=192.168.69.118 | op=SEND_HEARTBEAT {datanodeUUID=0c3d5d33-5004-4ad0-a181-1b32c8916f48, command=[]} | ret=SUCCESS |  
2019-08-30 05:51:47,161 | INFO  | SCMAudit | user=jenkins1000 | ip=192.168.69.118 | op=SEND_HEARTBEAT {datanodeUUID=39b5c586-5c16-4d91-b521-ddac34f0fc4c, command=[]} | ret=SUCCESS |  
2019-08-30 05:51:47,183 | INFO  | SCMAudit | user=jenkins1000 | ip=192.168.69.118 | op=SEND_HEARTBEAT {datanodeUUID=3db231e5-aa41-417a-9eb1-ebae727224a1, command=[]} | ret=SUCCESS |  
2019-08-30 05:51:47,199 | INFO  | SCMAudit | user=jenkins1000 | ip=192.168.69.118 | op=SEND_HEARTBEAT {datanodeUUID=0c3d5d33-5004-4ad0-a181-1b32c8916f48, command=[]} | ret=SUCCESS |  
2019-08-30 05:51:47,261 | INFO  | SCMAudit | user=jenkins1000 | ip=192.168.69.118 | op=SEND_HEARTBEAT {datanodeUUID=39b5c586-5c16-4d91-b521-ddac34f0fc4c, command=[]} | ret=SUCCESS |  
2019-08-30 05:51:47,283 | INFO  | SCMAudit | user=jenkins1000 | ip=192.168.69.118 | op=SEND_HEARTBEAT {datanodeUUID=3db231e5-aa41-417a-9eb1-ebae727224a1, command=[]} | ret=SUCCESS |  
2019-08-30 05:51:47,299 | INFO  | SCMAudit | user=jenkins1000 | ip=192.168.69.118 | op=SEND_HEARTBEAT {datanodeUUID=0c3d5d33-5004-4ad0-a181-1b32c8916f48, command=[]} | ret=SUCCESS |  
2019-08-30 05:51:47,361 | INFO  | SCMAudit | user=jenkins1000 | ip=192.168.69.118 | op=SEND_HEARTBEAT {datanodeUUID=39b5c586-5c16-4d91-b521-ddac34f0fc4c, command=[]} | ret=SUCCESS |  
2019-08-30 05:51:47,383 | INFO  | SCMAudit | user=jenkins1000 | ip=192.168.69.118 | op=SEND_HEARTBEAT {datanodeUUID=3db231e5-aa41-417a-9eb1-ebae727224a1, command=[]} | ret=SUCCESS |  
2019-08-30 05:51:47,399 | INFO  | SCMAudit | user=jenkins1000 | ip=192.168.69.118 | op=SEND_HEARTBEAT {datanodeUUID=0c3d5d33-5004-4ad0-a181-1b32c8916f48, command=[]} | ret=SUCCESS |  
2019-08-30 05:51:47,462 | INFO  | SCMAudit | user=jenkins1000 | ip=192.168.69.118 | op=SEND_HEARTBEAT {datanodeUUID=39b5c586-5c16-4d91-b521-ddac34f0fc4c, command=[]} | ret=SUCCESS |  
2019-08-30 05:51:47,483 | INFO  | SCMAudit | user=jenkins1000 | ip=192.168.69.118 | op=SEND_HEARTBEAT {datanodeUUID=3db231e5-aa41-417a-9eb1-ebae727224a1, command=[]} | ret=SUCCESS |  
2019-08-30 05:51:47,498 | INFO  | SCMAudit | user=jenkins1000 | ip=192.168.69.118 | op=SEND_HEARTBEAT {datanodeUUID=0c3d5d33-5004-4ad0-a181-1b32c8916f48, command=[]} | ret=SUCCESS |  
2019-08-30 05:51:47,564 | INFO  | SCMAudit | user=jenkins1000 | ip=192.168.69.118 | op=SEND_HEARTBEAT {datanodeUUID=39b5c586-5c16-4d91-b521-ddac34f0fc4c, command=[]} | ret=SUCCESS |  
2019-08-30 05:51:47,582 | INFO  | SCMAudit | user=jenkins1000 | ip=192.168.69.118 | op=SEND_HEARTBEAT {datanodeUUID=3db231e5-aa41-417a-9eb1-ebae727224a1, command=[]} | ret=SUCCESS |  
2019-08-30 05:51:47,599 | INFO  | SCMAudit | user=jenkins1000 | ip=192.168.69.118 | op=SEND_HEARTBEAT {datanodeUUID=0c3d5d33-5004-4ad0-a181-1b32c8916f48, command=[]} | ret=SUCCESS |  
2019-08-30 05:51:47,665 | INFO  | SCMAudit | user=jenkins1000 | ip=192.168.69.118 | op=SEND_HEARTBEAT {datanodeUUID=39b5c586-5c16-4d91-b521-ddac34f0fc4c, command=[]} | ret=SUCCESS |  
2019-08-30 05:51:47,674 [grpc-default-executor-2] INFO  client.GrpcClientProtocolClient (GrpcClientProtocolClient.java:onNext(255)) - client-66420869BE01->39b5c586-5c16-4d91-b521-ddac34f0fc4c: receive RaftClientReply:client-66420869BE01->39b5c586-5c16-4d91-b521-ddac34f0fc4c@group-F96D3AAC4001, cid=6, FAILED org.apache.ratis.protocol.NotLeaderException: Server 39b5c586-5c16-4d91-b521-ddac34f0fc4c is not the leader (null). Request must be sent to leader., logIndex=0, commits[39b5c586-5c16-4d91-b521-ddac34f0fc4c:c-1]
2019-08-30 05:51:47,682 | INFO  | SCMAudit | user=jenkins1000 | ip=192.168.69.118 | op=SEND_HEARTBEAT {datanodeUUID=3db231e5-aa41-417a-9eb1-ebae727224a1, command=[]} | ret=SUCCESS |  
2019-08-30 05:51:47,699 | INFO  | SCMAudit | user=jenkins1000 | ip=192.168.69.118 | op=SEND_HEARTBEAT {datanodeUUID=0c3d5d33-5004-4ad0-a181-1b32c8916f48, command=[]} | ret=SUCCESS |  
2019-08-30 05:51:47,764 | INFO  | SCMAudit | user=jenkins1000 | ip=192.168.69.118 | op=SEND_HEARTBEAT {datanodeUUID=39b5c586-5c16-4d91-b521-ddac34f0fc4c, command=[]} | ret=SUCCESS |  
2019-08-30 05:51:47,782 | INFO  | SCMAudit | user=jenkins1000 | ip=192.168.69.118 | op=SEND_HEARTBEAT {datanodeUUID=3db231e5-aa41-417a-9eb1-ebae727224a1, command=[]} | ret=SUCCESS |  
2019-08-30 05:51:47,799 | INFO  | SCMAudit | user=jenkins1000 | ip=192.168.69.118 | op=SEND_HEARTBEAT {datanodeUUID=0c3d5d33-5004-4ad0-a181-1b32c8916f48, command=[]} | ret=SUCCESS |  
2019-08-30 05:51:47,864 | INFO  | SCMAudit | user=jenkins1000 | ip=192.168.69.118 | op=SEND_HEARTBEAT {datanodeUUID=39b5c586-5c16-4d91-b521-ddac34f0fc4c, command=[]} | ret=SUCCESS |  
2019-08-30 05:51:47,883 | INFO  | SCMAudit | user=jenkins1000 | ip=192.168.69.118 | op=SEND_HEARTBEAT {datanodeUUID=3db231e5-aa41-417a-9eb1-ebae727224a1, command=[]} | ret=SUCCESS |  
2019-08-30 05:51:47,899 | INFO  | SCMAudit | user=jenkins1000 | ip=192.168.69.118 | op=SEND_HEARTBEAT {datanodeUUID=0c3d5d33-5004-4ad0-a181-1b32c8916f48, command=[]} | ret=SUCCESS |  
2019-08-30 05:51:47,964 | INFO  | SCMAudit | user=jenkins1000 | ip=192.168.69.118 | op=SEND_HEARTBEAT {datanodeUUID=39b5c586-5c16-4d91-b521-ddac34f0fc4c, command=[]} | ret=SUCCESS |  
2019-08-30 05:51:47,983 | INFO  | SCMAudit | user=jenkins1000 | ip=192.168.69.118 | op=SEND_HEARTBEAT {datanodeUUID=3db231e5-aa41-417a-9eb1-ebae727224a1, command=[]} | ret=SUCCESS |  
2019-08-30 05:51:47,998 | INFO  | SCMAudit | user=jenkins1000 | ip=192.168.69.118 | op=SEND_HEARTBEAT {datanodeUUID=0c3d5d33-5004-4ad0-a181-1b32c8916f48, command=[]} | ret=SUCCESS |  
2019-08-30 05:51:48,064 | INFO  | SCMAudit | user=jenkins1000 | ip=192.168.69.118 | op=SEND_HEARTBEAT {datanodeUUID=39b5c586-5c16-4d91-b521-ddac34f0fc4c, command=[]} | ret=SUCCESS |  
2019-08-30 05:51:48,082 | INFO  | SCMAudit | user=jenkins1000 | ip=192.168.69.118 | op=SEND_HEARTBEAT {datanodeUUID=3db231e5-aa41-417a-9eb1-ebae727224a1, command=[]} | ret=SUCCESS |  
2019-08-30 05:51:48,098 | INFO  | SCMAudit | user=jenkins1000 | ip=192.168.69.118 | op=SEND_HEARTBEAT {datanodeUUID=0c3d5d33-5004-4ad0-a181-1b32c8916f48, command=[]} | ret=SUCCESS |  
2019-08-30 05:51:48,164 | INFO  | SCMAudit | user=jenkins1000 | ip=192.168.69.118 | op=SEND_HEARTBEAT {datanodeUUID=39b5c586-5c16-4d91-b521-ddac34f0fc4c, command=[]} | ret=SUCCESS |  
2019-08-30 05:51:48,183 | INFO  | SCMAudit | user=jenkins1000 | ip=192.168.69.118 | op=SEND_HEARTBEAT {datanodeUUID=3db231e5-aa41-417a-9eb1-ebae727224a1, command=[]} | ret=SUCCESS |  
2019-08-30 05:51:48,199 | INFO  | SCMAudit | user=jenkins1000 | ip=192.168.69.118 | op=SEND_HEARTBEAT {datanodeUUID=0c3d5d33-5004-4ad0-a181-1b32c8916f48, command=[]} | ret=SUCCESS |  
2019-08-30 05:51:48,264 | INFO  | SCMAudit | user=jenkins1000 | ip=192.168.69.118 | op=SEND_HEARTBEAT {datanodeUUID=39b5c586-5c16-4d91-b521-ddac34f0fc4c, command=[]} | ret=SUCCESS |  
2019-08-30 05:51:48,283 | INFO  | SCMAudit | user=jenkins1000 | ip=192.168.69.118 | op=SEND_HEARTBEAT {datanodeUUID=3db231e5-aa41-417a-9eb1-ebae727224a1, command=[]} | ret=SUCCESS |  
2019-08-30 05:51:48,299 | INFO  | SCMAudit | user=jenkins1000 | ip=192.168.69.118 | op=SEND_HEARTBEAT {datanodeUUID=0c3d5d33-5004-4ad0-a181-1b32c8916f48, command=[]} | ret=SUCCESS |  
2019-08-30 05:51:48,364 | INFO  | SCMAudit | user=jenkins1000 | ip=192.168.69.118 | op=SEND_HEARTBEAT {datanodeUUID=39b5c586-5c16-4d91-b521-ddac34f0fc4c, command=[]} | ret=SUCCESS |  
2019-08-30 05:51:48,383 | INFO  | SCMAudit | user=jenkins1000 | ip=192.168.69.118 | op=SEND_HEARTBEAT {datanodeUUID=3db231e5-aa41-417a-9eb1-ebae727224a1, command=[]} | ret=SUCCESS |  
2019-08-30 05:51:48,399 | INFO  | SCMAudit | user=jenkins1000 | ip=192.168.69.118 | op=SEND_HEARTBEAT {datanodeUUID=0c3d5d33-5004-4ad0-a181-1b32c8916f48, command=[]} | ret=SUCCESS |  
2019-08-30 05:51:48,463 | INFO  | SCMAudit | user=jenkins1000 | ip=192.168.69.118 | op=SEND_HEARTBEAT {datanodeUUID=39b5c586-5c16-4d91-b521-ddac34f0fc4c, command=[]} | ret=SUCCESS |  
2019-08-30 05:51:48,483 | INFO  | SCMAudit | user=jenkins1000 | ip=192.168.69.118 | op=SEND_HEARTBEAT {datanodeUUID=3db231e5-aa41-417a-9eb1-ebae727224a1, command=[]} | ret=SUCCESS |  
2019-08-30 05:51:48,499 | INFO  | SCMAudit | user=jenkins1000 | ip=192.168.69.118 | op=SEND_HEARTBEAT {datanodeUUID=0c3d5d33-5004-4ad0-a181-1b32c8916f48, command=[]} | ret=SUCCESS |  
2019-08-30 05:51:48,564 | INFO  | SCMAudit | user=jenkins1000 | ip=192.168.69.118 | op=SEND_HEARTBEAT {datanodeUUID=39b5c586-5c16-4d91-b521-ddac34f0fc4c, command=[]} | ret=SUCCESS |  
2019-08-30 05:51:48,580 [Thread-189] INFO  impl.FollowerState (FollowerState.java:run(106)) - 0c3d5d33-5004-4ad0-a181-1b32c8916f48:group-71F111733254 changes to CANDIDATE, lastRpcTime:5094, electionTimeout:5093ms
2019-08-30 05:51:48,582 [Thread-189] INFO  impl.RoleInfo (RoleInfo.java:shutdownFollowerState(121)) - 0c3d5d33-5004-4ad0-a181-1b32c8916f48: shutdown FollowerState
2019-08-30 05:51:48,583 [Thread-189] INFO  impl.RaftServerImpl (RaftServerImpl.java:setRole(171)) - 0c3d5d33-5004-4ad0-a181-1b32c8916f48:group-71F111733254 changes role from FOLLOWER to CANDIDATE at term 0 for changeToCandidate
2019-08-30 05:51:48,583 | INFO  | SCMAudit | user=jenkins1000 | ip=192.168.69.118 | op=SEND_HEARTBEAT {datanodeUUID=3db231e5-aa41-417a-9eb1-ebae727224a1, command=[]} | ret=SUCCESS |  
2019-08-30 05:51:48,589 [Thread-189] INFO  impl.RoleInfo (RoleInfo.java:updateAndGet(143)) - 0c3d5d33-5004-4ad0-a181-1b32c8916f48: start LeaderElection
2019-08-30 05:51:48,599 | INFO  | SCMAudit | user=jenkins1000 | ip=192.168.69.118 | op=SEND_HEARTBEAT {datanodeUUID=0c3d5d33-5004-4ad0-a181-1b32c8916f48, command=[]} | ret=SUCCESS |  
2019-08-30 05:51:48,627 [0c3d5d33-5004-4ad0-a181-1b32c8916f48:group-71F111733254:LeaderElection1] INFO  impl.LeaderElection (LeaderElection.java:askForVotes(181)) - 0c3d5d33-5004-4ad0-a181-1b32c8916f48:group-71F111733254:LeaderElection1: begin an election at term 1 for -1: [0c3d5d33-5004-4ad0-a181-1b32c8916f48:192.168.69.118:44044], old=null
2019-08-30 05:51:48,630 [0c3d5d33-5004-4ad0-a181-1b32c8916f48:group-71F111733254:LeaderElection1] INFO  impl.RoleInfo (RoleInfo.java:shutdownLeaderElection(134)) - 0c3d5d33-5004-4ad0-a181-1b32c8916f48: shutdown LeaderElection
2019-08-30 05:51:48,631 [0c3d5d33-5004-4ad0-a181-1b32c8916f48:group-71F111733254:LeaderElection1] INFO  impl.RaftServerImpl (RaftServerImpl.java:setRole(171)) - 0c3d5d33-5004-4ad0-a181-1b32c8916f48:group-71F111733254 changes role from CANDIDATE to LEADER at term 1 for changeToLeader
2019-08-30 05:51:48,631 [0c3d5d33-5004-4ad0-a181-1b32c8916f48:group-71F111733254:LeaderElection1] INFO  impl.RaftServerImpl (ServerState.java:setLeader(263)) - 0c3d5d33-5004-4ad0-a181-1b32c8916f48:group-71F111733254 change Leader from null to 0c3d5d33-5004-4ad0-a181-1b32c8916f48 at term 1 for becomeLeader, leader elected after 5264ms
2019-08-30 05:51:48,639 [0c3d5d33-5004-4ad0-a181-1b32c8916f48:group-71F111733254:LeaderElection1] INFO  server.RaftServerConfigKeys (ConfUtils.java:logGet(43)) - raft.server.staging.catchup.gap = 1000 (default)
2019-08-30 05:51:48,640 [0c3d5d33-5004-4ad0-a181-1b32c8916f48:group-71F111733254:LeaderElection1] INFO  server.RaftServerConfigKeys (ConfUtils.java:logGet(43)) - raft.server.rpc.sleep.time = 25ms (default)
2019-08-30 05:51:48,643 [0c3d5d33-5004-4ad0-a181-1b32c8916f48:group-71F111733254:LeaderElection1] INFO  server.RaftServerConfigKeys (ConfUtils.java:logGet(43)) - raft.server.write.element-limit = 4096 (default)
2019-08-30 05:51:48,647 [0c3d5d33-5004-4ad0-a181-1b32c8916f48:group-71F111733254:LeaderElection1] INFO  server.RaftServerConfigKeys (ConfUtils.java:logGet(43)) - raft.server.watch.timeout = 10s (default)
2019-08-30 05:51:48,647 [0c3d5d33-5004-4ad0-a181-1b32c8916f48:group-71F111733254:LeaderElection1] INFO  server.RaftServerConfigKeys (ConfUtils.java:logGet(43)) - raft.server.watch.timeout.denomination = 1s (default)
2019-08-30 05:51:48,648 [0c3d5d33-5004-4ad0-a181-1b32c8916f48:group-71F111733254:LeaderElection1] INFO  server.RaftServerConfigKeys (ConfUtils.java:logGet(43)) - raft.server.watch.element-limit = 65536 (default)
2019-08-30 05:51:48,658 [0c3d5d33-5004-4ad0-a181-1b32c8916f48:group-71F111733254:LeaderElection1] INFO  impl.RoleInfo (RoleInfo.java:updateAndGet(143)) - 0c3d5d33-5004-4ad0-a181-1b32c8916f48: start LeaderState
2019-08-30 05:51:48,664 | INFO  | SCMAudit | user=jenkins1000 | ip=192.168.69.118 | op=SEND_HEARTBEAT {datanodeUUID=39b5c586-5c16-4d91-b521-ddac34f0fc4c, command=[]} | ret=SUCCESS |  
2019-08-30 05:51:48,683 [0c3d5d33-5004-4ad0-a181-1b32c8916f48:group-71F111733254:LeaderElection1] INFO  segmented.SegmentedRaftLogWorker (SegmentedRaftLogWorker.java:startLogSegment(380)) - 0c3d5d33-5004-4ad0-a181-1b32c8916f48-SegmentedRaftLogWorker:Storage Directory /workdir/hadoop-ozone/integration-test/target/test-dir/MiniOzoneClusterImpl-6c81b17e-d379-4dd7-9ace-7f7e99a9bc26/datanode-0/data/ratis/1a01d5aa-37f9-492e-b077-71f111733254: Starting segment from index:0
2019-08-30 05:51:48,685 | INFO  | SCMAudit | user=jenkins1000 | ip=192.168.69.118 | op=SEND_HEARTBEAT {datanodeUUID=3db231e5-aa41-417a-9eb1-ebae727224a1, command=[]} | ret=SUCCESS |  
2019-08-30 05:51:48,698 [0c3d5d33-5004-4ad0-a181-1b32c8916f48:group-71F111733254:LeaderElection1] INFO  impl.RaftServerImpl (ServerState.java:setRaftConf(361)) - 0c3d5d33-5004-4ad0-a181-1b32c8916f48:group-71F111733254 set configuration 0: [0c3d5d33-5004-4ad0-a181-1b32c8916f48:192.168.69.118:44044], old=null at 0
2019-08-30 05:51:48,698 [grpc-default-executor-2] INFO  client.GrpcClientProtocolClient (GrpcClientProtocolClient.java:onNext(255)) - client-66420869BE01->0c3d5d33-5004-4ad0-a181-1b32c8916f48: receive RaftClientReply:client-66420869BE01->0c3d5d33-5004-4ad0-a181-1b32c8916f48@group-F96D3AAC4001, cid=6, FAILED org.apache.ratis.protocol.NotLeaderException: Server 0c3d5d33-5004-4ad0-a181-1b32c8916f48 is not the leader (null). Request must be sent to leader., logIndex=0, commits[0c3d5d33-5004-4ad0-a181-1b32c8916f48:c-1]
2019-08-30 05:51:48,701 | INFO  | SCMAudit | user=jenkins1000 | ip=192.168.69.118 | op=SEND_HEARTBEAT {datanodeUUID=0c3d5d33-5004-4ad0-a181-1b32c8916f48, command=[]} | ret=SUCCESS |  
2019-08-30 05:51:48,764 | INFO  | SCMAudit | user=jenkins1000 | ip=192.168.69.118 | op=SEND_HEARTBEAT {datanodeUUID=39b5c586-5c16-4d91-b521-ddac34f0fc4c, command=[]} | ret=SUCCESS |  
2019-08-30 05:51:48,784 | INFO  | SCMAudit | user=jenkins1000 | ip=192.168.69.118 | op=SEND_HEARTBEAT {datanodeUUID=3db231e5-aa41-417a-9eb1-ebae727224a1, command=[]} | ret=SUCCESS |  
2019-08-30 05:51:48,798 | INFO  | SCMAudit | user=jenkins1000 | ip=192.168.69.118 | op=SEND_HEARTBEAT {datanodeUUID=0c3d5d33-5004-4ad0-a181-1b32c8916f48, command=[]} | ret=SUCCESS |  
2019-08-30 05:51:48,864 | INFO  | SCMAudit | user=jenkins1000 | ip=192.168.69.118 | op=SEND_HEARTBEAT {datanodeUUID=39b5c586-5c16-4d91-b521-ddac34f0fc4c, command=[]} | ret=SUCCESS |  
2019-08-30 05:51:48,883 [Thread-192] INFO  impl.FollowerState (FollowerState.java:run(106)) - 3db231e5-aa41-417a-9eb1-ebae727224a1:group-0DF323A300EF changes to CANDIDATE, lastRpcTime:5199, electionTimeout:5198ms
2019-08-30 05:51:48,885 [Thread-192] INFO  impl.RoleInfo (RoleInfo.java:shutdownFollowerState(121)) - 3db231e5-aa41-417a-9eb1-ebae727224a1: shutdown FollowerState
2019-08-30 05:51:48,886 [Thread-192] INFO  impl.RaftServerImpl (RaftServerImpl.java:setRole(171)) - 3db231e5-aa41-417a-9eb1-ebae727224a1:group-0DF323A300EF changes role from FOLLOWER to CANDIDATE at term 0 for changeToCandidate
2019-08-30 05:51:48,886 [Thread-192] INFO  impl.RoleInfo (RoleInfo.java:updateAndGet(143)) - 3db231e5-aa41-417a-9eb1-ebae727224a1: start LeaderElection
2019-08-30 05:51:48,886 | INFO  | SCMAudit | user=jenkins1000 | ip=192.168.69.118 | op=SEND_HEARTBEAT {datanodeUUID=3db231e5-aa41-417a-9eb1-ebae727224a1, command=[]} | ret=SUCCESS |  
2019-08-30 05:51:48,898 | INFO  | SCMAudit | user=jenkins1000 | ip=192.168.69.118 | op=SEND_HEARTBEAT {datanodeUUID=0c3d5d33-5004-4ad0-a181-1b32c8916f48, command=[]} | ret=SUCCESS |  
2019-08-30 05:51:48,918 [3db231e5-aa41-417a-9eb1-ebae727224a1:group-0DF323A300EF:LeaderElection2] INFO  impl.LeaderElection (LeaderElection.java:askForVotes(181)) - 3db231e5-aa41-417a-9eb1-ebae727224a1:group-0DF323A300EF:LeaderElection2: begin an election at term 1 for -1: [3db231e5-aa41-417a-9eb1-ebae727224a1:192.168.69.118:39216], old=null
2019-08-30 05:51:48,941 [3db231e5-aa41-417a-9eb1-ebae727224a1:group-0DF323A300EF:LeaderElection2] INFO  impl.RoleInfo (RoleInfo.java:shutdownLeaderElection(134)) - 3db231e5-aa41-417a-9eb1-ebae727224a1: shutdown LeaderElection
2019-08-30 05:51:48,942 [3db231e5-aa41-417a-9eb1-ebae727224a1:group-0DF323A300EF:LeaderElection2] INFO  impl.RaftServerImpl (RaftServerImpl.java:setRole(171)) - 3db231e5-aa41-417a-9eb1-ebae727224a1:group-0DF323A300EF changes role from CANDIDATE to LEADER at term 1 for changeToLeader
2019-08-30 05:51:48,942 [3db231e5-aa41-417a-9eb1-ebae727224a1:group-0DF323A300EF:LeaderElection2] INFO  impl.RaftServerImpl (ServerState.java:setLeader(263)) - 3db231e5-aa41-417a-9eb1-ebae727224a1:group-0DF323A300EF change Leader from null to 3db231e5-aa41-417a-9eb1-ebae727224a1 at term 1 for becomeLeader, leader elected after 5266ms
2019-08-30 05:51:48,942 [3db231e5-aa41-417a-9eb1-ebae727224a1:group-0DF323A300EF:LeaderElection2] INFO  server.RaftServerConfigKeys (ConfUtils.java:logGet(43)) - raft.server.staging.catchup.gap = 1000 (default)
2019-08-30 05:51:48,942 [3db231e5-aa41-417a-9eb1-ebae727224a1:group-0DF323A300EF:LeaderElection2] INFO  server.RaftServerConfigKeys (ConfUtils.java:logGet(43)) - raft.server.rpc.sleep.time = 25ms (default)
2019-08-30 05:51:48,943 [3db231e5-aa41-417a-9eb1-ebae727224a1:group-0DF323A300EF:LeaderElection2] INFO  server.RaftServerConfigKeys (ConfUtils.java:logGet(43)) - raft.server.write.element-limit = 4096 (default)
2019-08-30 05:51:48,943 [3db231e5-aa41-417a-9eb1-ebae727224a1:group-0DF323A300EF:LeaderElection2] INFO  server.RaftServerConfigKeys (ConfUtils.java:logGet(43)) - raft.server.watch.timeout = 10s (default)
2019-08-30 05:51:48,943 [3db231e5-aa41-417a-9eb1-ebae727224a1:group-0DF323A300EF:LeaderElection2] INFO  server.RaftServerConfigKeys (ConfUtils.java:logGet(43)) - raft.server.watch.timeout.denomination = 1s (default)
2019-08-30 05:51:48,943 [3db231e5-aa41-417a-9eb1-ebae727224a1:group-0DF323A300EF:LeaderElection2] INFO  server.RaftServerConfigKeys (ConfUtils.java:logGet(43)) - raft.server.watch.element-limit = 65536 (default)
2019-08-30 05:51:48,944 [3db231e5-aa41-417a-9eb1-ebae727224a1:group-0DF323A300EF:LeaderElection2] INFO  impl.RoleInfo (RoleInfo.java:updateAndGet(143)) - 3db231e5-aa41-417a-9eb1-ebae727224a1: start LeaderState
2019-08-30 05:51:48,944 [3db231e5-aa41-417a-9eb1-ebae727224a1:group-0DF323A300EF:LeaderElection2] INFO  segmented.SegmentedRaftLogWorker (SegmentedRaftLogWorker.java:startLogSegment(380)) - 3db231e5-aa41-417a-9eb1-ebae727224a1-SegmentedRaftLogWorker:Storage Directory /workdir/hadoop-ozone/integration-test/target/test-dir/MiniOzoneClusterImpl-6c81b17e-d379-4dd7-9ace-7f7e99a9bc26/datanode-1/data/ratis/12a3bec8-87e0-4e65-9b6a-0df323a300ef: Starting segment from index:0
2019-08-30 05:51:48,945 [3db231e5-aa41-417a-9eb1-ebae727224a1:group-0DF323A300EF:LeaderElection2] INFO  impl.RaftServerImpl (ServerState.java:setRaftConf(361)) - 3db231e5-aa41-417a-9eb1-ebae727224a1:group-0DF323A300EF set configuration 0: [3db231e5-aa41-417a-9eb1-ebae727224a1:192.168.69.118:39216], old=null at 0
2019-08-30 05:51:48,982 [0c3d5d33-5004-4ad0-a181-1b32c8916f48-SegmentedRaftLogWorker:Storage Directory /workdir/hadoop-ozone/integration-test/target/test-dir/MiniOzoneClusterImpl-6c81b17e-d379-4dd7-9ace-7f7e99a9bc26/datanode-0/data/ratis/1a01d5aa-37f9-492e-b077-71f111733254] INFO  segmented.SegmentedRaftLogWorker (SegmentedRaftLogWorker.java:execute(569)) - 0c3d5d33-5004-4ad0-a181-1b32c8916f48-SegmentedRaftLogWorker:Storage Directory /workdir/hadoop-ozone/integration-test/target/test-dir/MiniOzoneClusterImpl-6c81b17e-d379-4dd7-9ace-7f7e99a9bc26/datanode-0/data/ratis/1a01d5aa-37f9-492e-b077-71f111733254: created new log segment /workdir/hadoop-ozone/integration-test/target/test-dir/MiniOzoneClusterImpl-6c81b17e-d379-4dd7-9ace-7f7e99a9bc26/datanode-0/data/ratis/1a01d5aa-37f9-492e-b077-71f111733254/current/log_inprogress_0
2019-08-30 05:51:48,983 | INFO  | SCMAudit | user=jenkins1000 | ip=192.168.69.118 | op=SEND_HEARTBEAT {datanodeUUID=39b5c586-5c16-4d91-b521-ddac34f0fc4c, command=[]} | ret=SUCCESS |  
2019-08-30 05:51:48,983 [Thread-207] INFO  impl.FollowerState (FollowerState.java:run(106)) - 3db231e5-aa41-417a-9eb1-ebae727224a1:group-F96D3AAC4001 changes to CANDIDATE, lastRpcTime:5038, electionTimeout:5033ms
2019-08-30 05:51:48,984 [Thread-207] INFO  impl.RoleInfo (RoleInfo.java:shutdownFollowerState(121)) - 3db231e5-aa41-417a-9eb1-ebae727224a1: shutdown FollowerState
2019-08-30 05:51:48,984 [Thread-207] INFO  impl.RaftServerImpl (RaftServerImpl.java:setRole(171)) - 3db231e5-aa41-417a-9eb1-ebae727224a1:group-F96D3AAC4001 changes role from FOLLOWER to CANDIDATE at term 0 for changeToCandidate
2019-08-30 05:51:48,984 [Thread-207] INFO  impl.RoleInfo (RoleInfo.java:updateAndGet(143)) - 3db231e5-aa41-417a-9eb1-ebae727224a1: start LeaderElection
2019-08-30 05:51:48,987 [Thread-195] INFO  impl.FollowerState (FollowerState.java:run(106)) - 39b5c586-5c16-4d91-b521-ddac34f0fc4c:group-5798017B6283 changes to CANDIDATE, lastRpcTime:5178, electionTimeout:5178ms
2019-08-30 05:51:48,988 [Thread-195] INFO  impl.RoleInfo (RoleInfo.java:shutdownFollowerState(121)) - 39b5c586-5c16-4d91-b521-ddac34f0fc4c: shutdown FollowerState
2019-08-30 05:51:48,989 [Thread-195] INFO  impl.RaftServerImpl (RaftServerImpl.java:setRole(171)) - 39b5c586-5c16-4d91-b521-ddac34f0fc4c:group-5798017B6283 changes role from FOLLOWER to CANDIDATE at term 0 for changeToCandidate
2019-08-30 05:51:48,989 | INFO  | SCMAudit | user=jenkins1000 | ip=192.168.69.118 | op=SEND_HEARTBEAT {datanodeUUID=3db231e5-aa41-417a-9eb1-ebae727224a1, command=[]} | ret=SUCCESS |  
2019-08-30 05:51:48,989 [Thread-195] INFO  impl.RoleInfo (RoleInfo.java:updateAndGet(143)) - 39b5c586-5c16-4d91-b521-ddac34f0fc4c: start LeaderElection
2019-08-30 05:51:48,994 [Thread-201] INFO  impl.FollowerState (FollowerState.java:run(106)) - 39b5c586-5c16-4d91-b521-ddac34f0fc4c:group-F96D3AAC4001 changes to CANDIDATE, lastRpcTime:5053, electionTimeout:5053ms
2019-08-30 05:51:48,994 [Thread-201] INFO  impl.RoleInfo (RoleInfo.java:shutdownFollowerState(121)) - 39b5c586-5c16-4d91-b521-ddac34f0fc4c: shutdown FollowerState
2019-08-30 05:51:48,994 [Thread-201] INFO  impl.RaftServerImpl (RaftServerImpl.java:setRole(171)) - 39b5c586-5c16-4d91-b521-ddac34f0fc4c:group-F96D3AAC4001 changes role from FOLLOWER to CANDIDATE at term 0 for changeToCandidate
2019-08-30 05:51:48,995 [Thread-201] INFO  impl.RoleInfo (RoleInfo.java:updateAndGet(143)) - 39b5c586-5c16-4d91-b521-ddac34f0fc4c: start LeaderElection
2019-08-30 05:51:48,999 | INFO  | SCMAudit | user=jenkins1000 | ip=192.168.69.118 | op=SEND_HEARTBEAT {datanodeUUID=0c3d5d33-5004-4ad0-a181-1b32c8916f48, command=[]} | ret=SUCCESS |  
2019-08-30 05:51:49,011 [3db231e5-aa41-417a-9eb1-ebae727224a1-SegmentedRaftLogWorker:Storage Directory /workdir/hadoop-ozone/integration-test/target/test-dir/MiniOzoneClusterImpl-6c81b17e-d379-4dd7-9ace-7f7e99a9bc26/datanode-1/data/ratis/12a3bec8-87e0-4e65-9b6a-0df323a300ef] INFO  segmented.SegmentedRaftLogWorker (SegmentedRaftLogWorker.java:execute(569)) - 3db231e5-aa41-417a-9eb1-ebae727224a1-SegmentedRaftLogWorker:Storage Directory /workdir/hadoop-ozone/integration-test/target/test-dir/MiniOzoneClusterImpl-6c81b17e-d379-4dd7-9ace-7f7e99a9bc26/datanode-1/data/ratis/12a3bec8-87e0-4e65-9b6a-0df323a300ef: created new log segment /workdir/hadoop-ozone/integration-test/target/test-dir/MiniOzoneClusterImpl-6c81b17e-d379-4dd7-9ace-7f7e99a9bc26/datanode-1/data/ratis/12a3bec8-87e0-4e65-9b6a-0df323a300ef/current/log_inprogress_0
2019-08-30 05:51:49,028 [39b5c586-5c16-4d91-b521-ddac34f0fc4c:group-5798017B6283:LeaderElection4] INFO  impl.LeaderElection (LeaderElection.java:askForVotes(181)) - 39b5c586-5c16-4d91-b521-ddac34f0fc4c:group-5798017B6283:LeaderElection4: begin an election at term 1 for -1: [39b5c586-5c16-4d91-b521-ddac34f0fc4c:192.168.69.118:41067], old=null
2019-08-30 05:51:49,028 [3db231e5-aa41-417a-9eb1-ebae727224a1:group-F96D3AAC4001:LeaderElection3] INFO  impl.LeaderElection (LeaderElection.java:askForVotes(181)) - 3db231e5-aa41-417a-9eb1-ebae727224a1:group-F96D3AAC4001:LeaderElection3: begin an election at term 1 for -1: [39b5c586-5c16-4d91-b521-ddac34f0fc4c:192.168.69.118:41067, 0c3d5d33-5004-4ad0-a181-1b32c8916f48:192.168.69.118:44044, 3db231e5-aa41-417a-9eb1-ebae727224a1:192.168.69.118:39216], old=null
2019-08-30 05:51:49,028 [39b5c586-5c16-4d91-b521-ddac34f0fc4c:group-F96D3AAC4001:LeaderElection5] INFO  impl.LeaderElection (LeaderElection.java:askForVotes(181)) - 39b5c586-5c16-4d91-b521-ddac34f0fc4c:group-F96D3AAC4001:LeaderElection5: begin an election at term 1 for -1: [39b5c586-5c16-4d91-b521-ddac34f0fc4c:192.168.69.118:41067, 0c3d5d33-5004-4ad0-a181-1b32c8916f48:192.168.69.118:44044, 3db231e5-aa41-417a-9eb1-ebae727224a1:192.168.69.118:39216], old=null
2019-08-30 05:51:49,029 [39b5c586-5c16-4d91-b521-ddac34f0fc4c:group-5798017B6283:LeaderElection4] INFO  impl.RoleInfo (RoleInfo.java:shutdownLeaderElection(134)) - 39b5c586-5c16-4d91-b521-ddac34f0fc4c: shutdown LeaderElection
2019-08-30 05:51:49,030 [39b5c586-5c16-4d91-b521-ddac34f0fc4c:group-5798017B6283:LeaderElection4] INFO  impl.RaftServerImpl (RaftServerImpl.java:setRole(171)) - 39b5c586-5c16-4d91-b521-ddac34f0fc4c:group-5798017B6283 changes role from CANDIDATE to LEADER at term 1 for changeToLeader
2019-08-30 05:51:49,030 [39b5c586-5c16-4d91-b521-ddac34f0fc4c:group-5798017B6283:LeaderElection4] INFO  impl.RaftServerImpl (ServerState.java:setLeader(263)) - 39b5c586-5c16-4d91-b521-ddac34f0fc4c:group-5798017B6283 change Leader from null to 39b5c586-5c16-4d91-b521-ddac34f0fc4c at term 1 for becomeLeader, leader elected after 5229ms
2019-08-30 05:51:49,030 [39b5c586-5c16-4d91-b521-ddac34f0fc4c:group-5798017B6283:LeaderElection4] INFO  server.RaftServerConfigKeys (ConfUtils.java:logGet(43)) - raft.server.staging.catchup.gap = 1000 (default)
2019-08-30 05:51:49,030 [39b5c586-5c16-4d91-b521-ddac34f0fc4c:group-5798017B6283:LeaderElection4] INFO  server.RaftServerConfigKeys (ConfUtils.java:logGet(43)) - raft.server.rpc.sleep.time = 25ms (default)
2019-08-30 05:51:49,030 [39b5c586-5c16-4d91-b521-ddac34f0fc4c:group-5798017B6283:LeaderElection4] INFO  server.RaftServerConfigKeys (ConfUtils.java:logGet(43)) - raft.server.write.element-limit = 4096 (default)
2019-08-30 05:51:49,031 [39b5c586-5c16-4d91-b521-ddac34f0fc4c:group-5798017B6283:LeaderElection4] INFO  server.RaftServerConfigKeys (ConfUtils.java:logGet(43)) - raft.server.watch.timeout = 10s (default)
2019-08-30 05:51:49,031 [39b5c586-5c16-4d91-b521-ddac34f0fc4c:group-5798017B6283:LeaderElection4] INFO  server.RaftServerConfigKeys (ConfUtils.java:logGet(43)) - raft.server.watch.timeout.denomination = 1s (default)
2019-08-30 05:51:49,031 [39b5c586-5c16-4d91-b521-ddac34f0fc4c:group-5798017B6283:LeaderElection4] INFO  server.RaftServerConfigKeys (ConfUtils.java:logGet(43)) - raft.server.watch.element-limit = 65536 (default)
2019-08-30 05:51:49,031 [39b5c586-5c16-4d91-b521-ddac34f0fc4c:group-5798017B6283:LeaderElection4] INFO  impl.RoleInfo (RoleInfo.java:updateAndGet(143)) - 39b5c586-5c16-4d91-b521-ddac34f0fc4c: start LeaderState
2019-08-30 05:51:49,032 [39b5c586-5c16-4d91-b521-ddac34f0fc4c:group-5798017B6283:LeaderElection4] INFO  segmented.SegmentedRaftLogWorker (SegmentedRaftLogWorker.java:startLogSegment(380)) - 39b5c586-5c16-4d91-b521-ddac34f0fc4c-SegmentedRaftLogWorker:Storage Directory /workdir/hadoop-ozone/integration-test/target/test-dir/MiniOzoneClusterImpl-6c81b17e-d379-4dd7-9ace-7f7e99a9bc26/datanode-2/data/ratis/e7e7df2d-8c7d-4035-9666-5798017b6283: Starting segment from index:0
2019-08-30 05:51:49,032 [39b5c586-5c16-4d91-b521-ddac34f0fc4c:group-5798017B6283:LeaderElection4] INFO  impl.RaftServerImpl (ServerState.java:setRaftConf(361)) - 39b5c586-5c16-4d91-b521-ddac34f0fc4c:group-5798017B6283 set configuration 0: [39b5c586-5c16-4d91-b521-ddac34f0fc4c:192.168.69.118:41067], old=null at 0
2019-08-30 05:51:49,088 [39b5c586-5c16-4d91-b521-ddac34f0fc4c-SegmentedRaftLogWorker:Storage Directory /workdir/hadoop-ozone/integration-test/target/test-dir/MiniOzoneClusterImpl-6c81b17e-d379-4dd7-9ace-7f7e99a9bc26/datanode-2/data/ratis/e7e7df2d-8c7d-4035-9666-5798017b6283] INFO  segmented.SegmentedRaftLogWorker (SegmentedRaftLogWorker.java:execute(569)) - 39b5c586-5c16-4d91-b521-ddac34f0fc4c-SegmentedRaftLogWorker:Storage Directory /workdir/hadoop-ozone/integration-test/target/test-dir/MiniOzoneClusterImpl-6c81b17e-d379-4dd7-9ace-7f7e99a9bc26/datanode-2/data/ratis/e7e7df2d-8c7d-4035-9666-5798017b6283: created new log segment /workdir/hadoop-ozone/integration-test/target/test-dir/MiniOzoneClusterImpl-6c81b17e-d379-4dd7-9ace-7f7e99a9bc26/datanode-2/data/ratis/e7e7df2d-8c7d-4035-9666-5798017b6283/current/log_inprogress_0
2019-08-30 05:51:49,088 | INFO  | SCMAudit | user=jenkins1000 | ip=192.168.69.118 | op=SEND_HEARTBEAT {datanodeUUID=39b5c586-5c16-4d91-b521-ddac34f0fc4c, command=[]} | ret=SUCCESS |  
2019-08-30 05:51:49,088 | INFO  | SCMAudit | user=jenkins1000 | ip=192.168.69.118 | op=SEND_HEARTBEAT {datanodeUUID=3db231e5-aa41-417a-9eb1-ebae727224a1, command=[]} | ret=SUCCESS |  
2019-08-30 05:51:49,097 [Thread-204] INFO  impl.FollowerState (FollowerState.java:run(106)) - 0c3d5d33-5004-4ad0-a181-1b32c8916f48:group-F96D3AAC4001 changes to CANDIDATE, lastRpcTime:5155, electionTimeout:5155ms
2019-08-30 05:51:49,097 [Thread-204] INFO  impl.RoleInfo (RoleInfo.java:shutdownFollowerState(121)) - 0c3d5d33-5004-4ad0-a181-1b32c8916f48: shutdown FollowerState
2019-08-30 05:51:49,098 [Thread-204] INFO  impl.RaftServerImpl (RaftServerImpl.java:setRole(171)) - 0c3d5d33-5004-4ad0-a181-1b32c8916f48:group-F96D3AAC4001 changes role from FOLLOWER to CANDIDATE at term 0 for changeToCandidate
2019-08-30 05:51:49,099 [Thread-204] INFO  impl.RoleInfo (RoleInfo.java:updateAndGet(143)) - 0c3d5d33-5004-4ad0-a181-1b32c8916f48: start LeaderElection
2019-08-30 05:51:49,103 | INFO  | SCMAudit | user=jenkins1000 | ip=192.168.69.118 | op=SEND_HEARTBEAT {datanodeUUID=0c3d5d33-5004-4ad0-a181-1b32c8916f48, command=[]} | ret=SUCCESS |  
2019-08-30 05:51:49,129 [0c3d5d33-5004-4ad0-a181-1b32c8916f48:group-F96D3AAC4001:LeaderElection6] INFO  impl.LeaderElection (LeaderElection.java:askForVotes(181)) - 0c3d5d33-5004-4ad0-a181-1b32c8916f48:group-F96D3AAC4001:LeaderElection6: begin an election at term 1 for -1: [39b5c586-5c16-4d91-b521-ddac34f0fc4c:192.168.69.118:41067, 0c3d5d33-5004-4ad0-a181-1b32c8916f48:192.168.69.118:44044, 3db231e5-aa41-417a-9eb1-ebae727224a1:192.168.69.118:39216], old=null
2019-08-30 05:51:49,155 [3db231e5-aa41-417a-9eb1-ebae727224a1:group-F96D3AAC4001:LeaderElection3] INFO  impl.LeaderElection (LeaderElection.java:logAndReturn(56)) - 3db231e5-aa41-417a-9eb1-ebae727224a1:group-F96D3AAC4001:LeaderElection3: Election REJECTED; received 2 response(s) [3db231e5-aa41-417a-9eb1-ebae727224a1<-39b5c586-5c16-4d91-b521-ddac34f0fc4c#0:FAIL-t1, 3db231e5-aa41-417a-9eb1-ebae727224a1<-0c3d5d33-5004-4ad0-a181-1b32c8916f48#0:FAIL-t1] and 0 exception(s); 3db231e5-aa41-417a-9eb1-ebae727224a1:t1, leader=null, voted=3db231e5-aa41-417a-9eb1-ebae727224a1, raftlog=3db231e5-aa41-417a-9eb1-ebae727224a1-SegmentedRaftLog:OPENED:c-1,f-1,i0, conf=-1: [39b5c586-5c16-4d91-b521-ddac34f0fc4c:192.168.69.118:41067, 0c3d5d33-5004-4ad0-a181-1b32c8916f48:192.168.69.118:44044, 3db231e5-aa41-417a-9eb1-ebae727224a1:192.168.69.118:39216], old=null
2019-08-30 05:51:49,155 [39b5c586-5c16-4d91-b521-ddac34f0fc4c:group-F96D3AAC4001:LeaderElection5] INFO  impl.LeaderElection (LeaderElection.java:logAndReturn(56)) - 39b5c586-5c16-4d91-b521-ddac34f0fc4c:group-F96D3AAC4001:LeaderElection5: Election REJECTED; received 2 response(s) [39b5c586-5c16-4d91-b521-ddac34f0fc4c<-0c3d5d33-5004-4ad0-a181-1b32c8916f48#0:FAIL-t1, 39b5c586-5c16-4d91-b521-ddac34f0fc4c<-3db231e5-aa41-417a-9eb1-ebae727224a1#0:FAIL-t1] and 0 exception(s); 39b5c586-5c16-4d91-b521-ddac34f0fc4c:t1, leader=null, voted=39b5c586-5c16-4d91-b521-ddac34f0fc4c, raftlog=39b5c586-5c16-4d91-b521-ddac34f0fc4c-SegmentedRaftLog:OPENED:c-1,f-1,i0, conf=-1: [39b5c586-5c16-4d91-b521-ddac34f0fc4c:192.168.69.118:41067, 0c3d5d33-5004-4ad0-a181-1b32c8916f48:192.168.69.118:44044, 3db231e5-aa41-417a-9eb1-ebae727224a1:192.168.69.118:39216], old=null
2019-08-30 05:51:49,159 [3db231e5-aa41-417a-9eb1-ebae727224a1:group-F96D3AAC4001:LeaderElection3] INFO  impl.RaftServerImpl (RaftServerImpl.java:setRole(171)) - 3db231e5-aa41-417a-9eb1-ebae727224a1:group-F96D3AAC4001 changes role from CANDIDATE to FOLLOWER at term 1 for DISCOVERED_A_NEW_TERM
2019-08-30 05:51:49,159 [39b5c586-5c16-4d91-b521-ddac34f0fc4c:group-F96D3AAC4001:LeaderElection5] INFO  impl.RaftServerImpl (RaftServerImpl.java:setRole(171)) - 39b5c586-5c16-4d91-b521-ddac34f0fc4c:group-F96D3AAC4001 changes role from CANDIDATE to FOLLOWER at term 1 for DISCOVERED_A_NEW_TERM
2019-08-30 05:51:49,161 [3db231e5-aa41-417a-9eb1-ebae727224a1:group-F96D3AAC4001:LeaderElection3] INFO  impl.RoleInfo (RoleInfo.java:shutdownLeaderElection(134)) - 3db231e5-aa41-417a-9eb1-ebae727224a1: shutdown LeaderElection
2019-08-30 05:51:49,162 [39b5c586-5c16-4d91-b521-ddac34f0fc4c:group-F96D3AAC4001:LeaderElection5] INFO  impl.RoleInfo (RoleInfo.java:shutdownLeaderElection(134)) - 39b5c586-5c16-4d91-b521-ddac34f0fc4c: shutdown LeaderElection
2019-08-30 05:51:49,162 [3db231e5-aa41-417a-9eb1-ebae727224a1:group-F96D3AAC4001:LeaderElection3] INFO  impl.RoleInfo (RoleInfo.java:updateAndGet(143)) - 3db231e5-aa41-417a-9eb1-ebae727224a1: start FollowerState
2019-08-30 05:51:49,162 [39b5c586-5c16-4d91-b521-ddac34f0fc4c:group-F96D3AAC4001:LeaderElection5] INFO  impl.RoleInfo (RoleInfo.java:updateAndGet(143)) - 39b5c586-5c16-4d91-b521-ddac34f0fc4c: start FollowerState
2019-08-30 05:51:49,177 [0c3d5d33-5004-4ad0-a181-1b32c8916f48:group-F96D3AAC4001:LeaderElection6] INFO  impl.LeaderElection (LeaderElection.java:logAndReturn(56)) - 0c3d5d33-5004-4ad0-a181-1b32c8916f48:group-F96D3AAC4001:LeaderElection6: Election REJECTED; received 2 response(s) [0c3d5d33-5004-4ad0-a181-1b32c8916f48<-39b5c586-5c16-4d91-b521-ddac34f0fc4c#0:FAIL-t1, 0c3d5d33-5004-4ad0-a181-1b32c8916f48<-3db231e5-aa41-417a-9eb1-ebae727224a1#0:FAIL-t1] and 0 exception(s); 0c3d5d33-5004-4ad0-a181-1b32c8916f48:t1, leader=null, voted=0c3d5d33-5004-4ad0-a181-1b32c8916f48, raftlog=0c3d5d33-5004-4ad0-a181-1b32c8916f48-SegmentedRaftLog:OPENED:c-1,f-1,i0, conf=-1: [39b5c586-5c16-4d91-b521-ddac34f0fc4c:192.168.69.118:41067, 0c3d5d33-5004-4ad0-a181-1b32c8916f48:192.168.69.118:44044, 3db231e5-aa41-417a-9eb1-ebae727224a1:192.168.69.118:39216], old=null
2019-08-30 05:51:49,178 [0c3d5d33-5004-4ad0-a181-1b32c8916f48:group-F96D3AAC4001:LeaderElection6] INFO  impl.RaftServerImpl (RaftServerImpl.java:setRole(171)) - 0c3d5d33-5004-4ad0-a181-1b32c8916f48:group-F96D3AAC4001 changes role from CANDIDATE to FOLLOWER at term 1 for DISCOVERED_A_NEW_TERM
2019-08-30 05:51:49,180 [0c3d5d33-5004-4ad0-a181-1b32c8916f48:group-F96D3AAC4001:LeaderElection6] INFO  impl.RoleInfo (RoleInfo.java:shutdownLeaderElection(134)) - 0c3d5d33-5004-4ad0-a181-1b32c8916f48: shutdown LeaderElection
2019-08-30 05:51:49,180 [0c3d5d33-5004-4ad0-a181-1b32c8916f48:group-F96D3AAC4001:LeaderElection6] INFO  impl.RoleInfo (RoleInfo.java:updateAndGet(143)) - 0c3d5d33-5004-4ad0-a181-1b32c8916f48: start FollowerState
2019-08-30 05:51:49,183 | INFO  | SCMAudit | user=jenkins1000 | ip=192.168.69.118 | op=SEND_HEARTBEAT {datanodeUUID=39b5c586-5c16-4d91-b521-ddac34f0fc4c, command=[]} | ret=SUCCESS |  
2019-08-30 05:51:49,184 | INFO  | SCMAudit | user=jenkins1000 | ip=192.168.69.118 | op=SEND_HEARTBEAT {datanodeUUID=3db231e5-aa41-417a-9eb1-ebae727224a1, command=[]} | ret=SUCCESS |  
2019-08-30 05:51:49,198 | INFO  | SCMAudit | user=jenkins1000 | ip=192.168.69.118 | op=SEND_HEARTBEAT {datanodeUUID=0c3d5d33-5004-4ad0-a181-1b32c8916f48, command=[]} | ret=SUCCESS |  
2019-08-30 05:51:49,283 | INFO  | SCMAudit | user=jenkins1000 | ip=192.168.69.118 | op=SEND_HEARTBEAT {datanodeUUID=39b5c586-5c16-4d91-b521-ddac34f0fc4c, command=[]} | ret=SUCCESS |  
2019-08-30 05:51:49,284 | INFO  | SCMAudit | user=jenkins1000 | ip=192.168.69.118 | op=SEND_HEARTBEAT {datanodeUUID=3db231e5-aa41-417a-9eb1-ebae727224a1, command=[]} | ret=SUCCESS |  
2019-08-30 05:51:49,299 | INFO  | SCMAudit | user=jenkins1000 | ip=192.168.69.118 | op=SEND_HEARTBEAT {datanodeUUID=0c3d5d33-5004-4ad0-a181-1b32c8916f48, command=[]} | ret=SUCCESS |  
2019-08-30 05:51:49,383 | INFO  | SCMAudit | user=jenkins1000 | ip=192.168.69.118 | op=SEND_HEARTBEAT {datanodeUUID=39b5c586-5c16-4d91-b521-ddac34f0fc4c, command=[]} | ret=SUCCESS |  
2019-08-30 05:51:49,385 | INFO  | SCMAudit | user=jenkins1000 | ip=192.168.69.118 | op=SEND_HEARTBEAT {datanodeUUID=3db231e5-aa41-417a-9eb1-ebae727224a1, command=[]} | ret=SUCCESS |  
2019-08-30 05:51:49,399 | INFO  | SCMAudit | user=jenkins1000 | ip=192.168.69.118 | op=SEND_HEARTBEAT {datanodeUUID=0c3d5d33-5004-4ad0-a181-1b32c8916f48, command=[]} | ret=SUCCESS |  
2019-08-30 05:51:49,483 | INFO  | SCMAudit | user=jenkins1000 | ip=192.168.69.118 | op=SEND_HEARTBEAT {datanodeUUID=39b5c586-5c16-4d91-b521-ddac34f0fc4c, command=[]} | ret=SUCCESS |  
2019-08-30 05:51:49,484 | INFO  | SCMAudit | user=jenkins1000 | ip=192.168.69.118 | op=SEND_HEARTBEAT {datanodeUUID=3db231e5-aa41-417a-9eb1-ebae727224a1, command=[]} | ret=SUCCESS |  
2019-08-30 05:51:49,499 | INFO  | SCMAudit | user=jenkins1000 | ip=192.168.69.118 | op=SEND_HEARTBEAT {datanodeUUID=0c3d5d33-5004-4ad0-a181-1b32c8916f48, command=[]} | ret=SUCCESS |  
2019-08-30 05:51:49,583 | INFO  | SCMAudit | user=jenkins1000 | ip=192.168.69.118 | op=SEND_HEARTBEAT {datanodeUUID=39b5c586-5c16-4d91-b521-ddac34f0fc4c, command=[]} | ret=SUCCESS |  
2019-08-30 05:51:49,585 | INFO  | SCMAudit | user=jenkins1000 | ip=192.168.69.118 | op=SEND_HEARTBEAT {datanodeUUID=3db231e5-aa41-417a-9eb1-ebae727224a1, command=[]} | ret=SUCCESS |  
2019-08-30 05:51:49,599 | INFO  | SCMAudit | user=jenkins1000 | ip=192.168.69.118 | op=SEND_HEARTBEAT {datanodeUUID=0c3d5d33-5004-4ad0-a181-1b32c8916f48, command=[]} | ret=SUCCESS |  
2019-08-30 05:51:49,684 | INFO  | SCMAudit | user=jenkins1000 | ip=192.168.69.118 | op=SEND_HEARTBEAT {datanodeUUID=39b5c586-5c16-4d91-b521-ddac34f0fc4c, command=[]} | ret=SUCCESS |  
2019-08-30 05:51:49,685 | INFO  | SCMAudit | user=jenkins1000 | ip=192.168.69.118 | op=SEND_HEARTBEAT {datanodeUUID=3db231e5-aa41-417a-9eb1-ebae727224a1, command=[]} | ret=SUCCESS |  
2019-08-30 05:51:49,699 | INFO  | SCMAudit | user=jenkins1000 | ip=192.168.69.118 | op=SEND_HEARTBEAT {datanodeUUID=0c3d5d33-5004-4ad0-a181-1b32c8916f48, command=[]} | ret=SUCCESS |  
2019-08-30 05:51:49,720 [grpc-default-executor-2] INFO  client.GrpcClientProtocolClient (GrpcClientProtocolClient.java:onNext(255)) - client-66420869BE01->39b5c586-5c16-4d91-b521-ddac34f0fc4c: receive RaftClientReply:client-66420869BE01->39b5c586-5c16-4d91-b521-ddac34f0fc4c@group-F96D3AAC4001, cid=6, FAILED org.apache.ratis.protocol.NotLeaderException: Server 39b5c586-5c16-4d91-b521-ddac34f0fc4c is not the leader (null). Request must be sent to leader., logIndex=0, commits[39b5c586-5c16-4d91-b521-ddac34f0fc4c:c-1]
2019-08-30 05:51:49,783 | INFO  | SCMAudit | user=jenkins1000 | ip=192.168.69.118 | op=SEND_HEARTBEAT {datanodeUUID=39b5c586-5c16-4d91-b521-ddac34f0fc4c, command=[]} | ret=SUCCESS |  
2019-08-30 05:51:49,785 | INFO  | SCMAudit | user=jenkins1000 | ip=192.168.69.118 | op=SEND_HEARTBEAT {datanodeUUID=3db231e5-aa41-417a-9eb1-ebae727224a1, command=[]} | ret=SUCCESS |  
2019-08-30 05:51:49,798 | INFO  | SCMAudit | user=jenkins1000 | ip=192.168.69.118 | op=SEND_HEARTBEAT {datanodeUUID=0c3d5d33-5004-4ad0-a181-1b32c8916f48, command=[]} | ret=SUCCESS |  
2019-08-30 05:51:49,883 | INFO  | SCMAudit | user=jenkins1000 | ip=192.168.69.118 | op=SEND_HEARTBEAT {datanodeUUID=39b5c586-5c16-4d91-b521-ddac34f0fc4c, command=[]} | ret=SUCCESS |  
2019-08-30 05:51:49,884 | INFO  | SCMAudit | user=jenkins1000 | ip=192.168.69.118 | op=SEND_HEARTBEAT {datanodeUUID=3db231e5-aa41-417a-9eb1-ebae727224a1, command=[]} | ret=SUCCESS |  
2019-08-30 05:51:49,898 | INFO  | SCMAudit | user=jenkins1000 | ip=192.168.69.118 | op=SEND_HEARTBEAT {datanodeUUID=0c3d5d33-5004-4ad0-a181-1b32c8916f48, command=[]} | ret=SUCCESS |  
2019-08-30 05:51:49,983 | INFO  | SCMAudit | user=jenkins1000 | ip=192.168.69.118 | op=SEND_HEARTBEAT {datanodeUUID=39b5c586-5c16-4d91-b521-ddac34f0fc4c, command=[]} | ret=SUCCESS |  
2019-08-30 05:51:49,984 | INFO  | SCMAudit | user=jenkins1000 | ip=192.168.69.118 | op=SEND_HEARTBEAT {datanodeUUID=3db231e5-aa41-417a-9eb1-ebae727224a1, command=[]} | ret=SUCCESS |  
2019-08-30 05:51:49,999 | INFO  | SCMAudit | user=jenkins1000 | ip=192.168.69.118 | op=SEND_HEARTBEAT {datanodeUUID=0c3d5d33-5004-4ad0-a181-1b32c8916f48, command=[]} | ret=SUCCESS |  
2019-08-30 05:51:50,083 | INFO  | SCMAudit | user=jenkins1000 | ip=192.168.69.118 | op=SEND_HEARTBEAT {datanodeUUID=39b5c586-5c16-4d91-b521-ddac34f0fc4c, command=[]} | ret=SUCCESS |  
2019-08-30 05:51:50,085 | INFO  | SCMAudit | user=jenkins1000 | ip=192.168.69.118 | op=SEND_HEARTBEAT {datanodeUUID=3db231e5-aa41-417a-9eb1-ebae727224a1, command=[]} | ret=SUCCESS |  
2019-08-30 05:51:50,098 | INFO  | SCMAudit | user=jenkins1000 | ip=192.168.69.118 | op=SEND_HEARTBEAT {datanodeUUID=0c3d5d33-5004-4ad0-a181-1b32c8916f48, command=[]} | ret=SUCCESS |  
2019-08-30 05:51:50,183 | INFO  | SCMAudit | user=jenkins1000 | ip=192.168.69.118 | op=SEND_HEARTBEAT {datanodeUUID=39b5c586-5c16-4d91-b521-ddac34f0fc4c, command=[]} | ret=SUCCESS |  
2019-08-30 05:51:50,185 | INFO  | SCMAudit | user=jenkins1000 | ip=192.168.69.118 | op=SEND_HEARTBEAT {datanodeUUID=3db231e5-aa41-417a-9eb1-ebae727224a1, command=[]} | ret=SUCCESS |  
2019-08-30 05:51:50,199 | INFO  | SCMAudit | user=jenkins1000 | ip=192.168.69.118 | op=SEND_HEARTBEAT {datanodeUUID=0c3d5d33-5004-4ad0-a181-1b32c8916f48, command=[]} | ret=SUCCESS |  
2019-08-30 05:51:50,283 | INFO  | SCMAudit | user=jenkins1000 | ip=192.168.69.118 | op=SEND_HEARTBEAT {datanodeUUID=39b5c586-5c16-4d91-b521-ddac34f0fc4c, command=[]} | ret=SUCCESS |  
2019-08-30 05:51:50,285 | INFO  | SCMAudit | user=jenkins1000 | ip=192.168.69.118 | op=SEND_HEARTBEAT {datanodeUUID=3db231e5-aa41-417a-9eb1-ebae727224a1, command=[]} | ret=SUCCESS |  
2019-08-30 05:51:50,299 | INFO  | SCMAudit | user=jenkins1000 | ip=192.168.69.118 | op=SEND_HEARTBEAT {datanodeUUID=0c3d5d33-5004-4ad0-a181-1b32c8916f48, command=[]} | ret=SUCCESS |  
2019-08-30 05:51:50,383 | INFO  | SCMAudit | user=jenkins1000 | ip=192.168.69.118 | op=SEND_HEARTBEAT {datanodeUUID=39b5c586-5c16-4d91-b521-ddac34f0fc4c, command=[]} | ret=SUCCESS |  
2019-08-30 05:51:50,384 | INFO  | SCMAudit | user=jenkins1000 | ip=192.168.69.118 | op=SEND_HEARTBEAT {datanodeUUID=3db231e5-aa41-417a-9eb1-ebae727224a1, command=[]} | ret=SUCCESS |  
2019-08-30 05:51:50,399 | INFO  | SCMAudit | user=jenkins1000 | ip=192.168.69.118 | op=SEND_HEARTBEAT {datanodeUUID=0c3d5d33-5004-4ad0-a181-1b32c8916f48, command=[]} | ret=SUCCESS |  
2019-08-30 05:51:50,483 | INFO  | SCMAudit | user=jenkins1000 | ip=192.168.69.118 | op=SEND_HEARTBEAT {datanodeUUID=39b5c586-5c16-4d91-b521-ddac34f0fc4c, command=[]} | ret=SUCCESS |  
2019-08-30 05:51:50,484 | INFO  | SCMAudit | user=jenkins1000 | ip=192.168.69.118 | op=SEND_HEARTBEAT {datanodeUUID=3db231e5-aa41-417a-9eb1-ebae727224a1, command=[]} | ret=SUCCESS |  
2019-08-30 05:51:50,499 | INFO  | SCMAudit | user=jenkins1000 | ip=192.168.69.118 | op=SEND_HEARTBEAT {datanodeUUID=0c3d5d33-5004-4ad0-a181-1b32c8916f48, command=[]} | ret=SUCCESS |  
2019-08-30 05:51:50,583 | INFO  | SCMAudit | user=jenkins1000 | ip=192.168.69.118 | op=SEND_HEARTBEAT {datanodeUUID=39b5c586-5c16-4d91-b521-ddac34f0fc4c, command=[]} | ret=SUCCESS |  
2019-08-30 05:51:50,584 | INFO  | SCMAudit | user=jenkins1000 | ip=192.168.69.118 | op=SEND_HEARTBEAT {datanodeUUID=3db231e5-aa41-417a-9eb1-ebae727224a1, command=[]} | ret=SUCCESS |  
2019-08-30 05:51:50,599 | INFO  | SCMAudit | user=jenkins1000 | ip=192.168.69.118 | op=SEND_HEARTBEAT {datanodeUUID=0c3d5d33-5004-4ad0-a181-1b32c8916f48, command=[]} | ret=SUCCESS |  
2019-08-30 05:51:50,682 | INFO  | SCMAudit | user=jenkins1000 | ip=192.168.69.118 | op=SEND_HEARTBEAT {datanodeUUID=39b5c586-5c16-4d91-b521-ddac34f0fc4c, command=[]} | ret=SUCCESS |  
2019-08-30 05:51:50,685 | INFO  | SCMAudit | user=jenkins1000 | ip=192.168.69.118 | op=SEND_HEARTBEAT {datanodeUUID=3db231e5-aa41-417a-9eb1-ebae727224a1, command=[]} | ret=SUCCESS |  
2019-08-30 05:51:50,698 | INFO  | SCMAudit | user=jenkins1000 | ip=192.168.69.118 | op=SEND_HEARTBEAT {datanodeUUID=0c3d5d33-5004-4ad0-a181-1b32c8916f48, command=[]} | ret=SUCCESS |  
2019-08-30 05:51:50,743 [grpc-default-executor-2] INFO  client.GrpcClientProtocolClient (GrpcClientProtocolClient.java:onNext(255)) - client-66420869BE01->3db231e5-aa41-417a-9eb1-ebae727224a1: receive RaftClientReply:client-66420869BE01->3db231e5-aa41-417a-9eb1-ebae727224a1@group-F96D3AAC4001, cid=6, FAILED org.apache.ratis.protocol.NotLeaderException: Server 3db231e5-aa41-417a-9eb1-ebae727224a1 is not the leader (null). Request must be sent to leader., logIndex=0, commits[3db231e5-aa41-417a-9eb1-ebae727224a1:c-1]
2019-08-30 05:51:50,782 | INFO  | SCMAudit | user=jenkins1000 | ip=192.168.69.118 | op=SEND_HEARTBEAT {datanodeUUID=39b5c586-5c16-4d91-b521-ddac34f0fc4c, command=[]} | ret=SUCCESS |  
2019-08-30 05:51:50,786 | INFO  | SCMAudit | user=jenkins1000 | ip=192.168.69.118 | op=SEND_HEARTBEAT {datanodeUUID=3db231e5-aa41-417a-9eb1-ebae727224a1, command=[]} | ret=SUCCESS |  
2019-08-30 05:51:50,798 | INFO  | SCMAudit | user=jenkins1000 | ip=192.168.69.118 | op=SEND_HEARTBEAT {datanodeUUID=0c3d5d33-5004-4ad0-a181-1b32c8916f48, command=[]} | ret=SUCCESS |  
2019-08-30 05:51:50,882 | INFO  | SCMAudit | user=jenkins1000 | ip=192.168.69.118 | op=SEND_HEARTBEAT {datanodeUUID=39b5c586-5c16-4d91-b521-ddac34f0fc4c, command=[]} | ret=SUCCESS |  
2019-08-30 05:51:50,887 | INFO  | SCMAudit | user=jenkins1000 | ip=192.168.69.118 | op=SEND_HEARTBEAT {datanodeUUID=3db231e5-aa41-417a-9eb1-ebae727224a1, command=[]} | ret=SUCCESS |  
2019-08-30 05:51:50,898 | INFO  | SCMAudit | user=jenkins1000 | ip=192.168.69.118 | op=SEND_HEARTBEAT {datanodeUUID=0c3d5d33-5004-4ad0-a181-1b32c8916f48, command=[]} | ret=SUCCESS |  
2019-08-30 05:51:50,983 | INFO  | SCMAudit | user=jenkins1000 | ip=192.168.69.118 | op=SEND_HEARTBEAT {datanodeUUID=39b5c586-5c16-4d91-b521-ddac34f0fc4c, command=[]} | ret=SUCCESS |  
2019-08-30 05:51:50,986 | INFO  | SCMAudit | user=jenkins1000 | ip=192.168.69.118 | op=SEND_HEARTBEAT {datanodeUUID=3db231e5-aa41-417a-9eb1-ebae727224a1, command=[]} | ret=SUCCESS |  
2019-08-30 05:51:50,998 | INFO  | SCMAudit | user=jenkins1000 | ip=192.168.69.118 | op=SEND_HEARTBEAT {datanodeUUID=0c3d5d33-5004-4ad0-a181-1b32c8916f48, command=[]} | ret=SUCCESS |  
2019-08-30 05:51:51,084 | INFO  | SCMAudit | user=jenkins1000 | ip=192.168.69.118 | op=SEND_HEARTBEAT {datanodeUUID=39b5c586-5c16-4d91-b521-ddac34f0fc4c, command=[]} | ret=SUCCESS |  
2019-08-30 05:51:51,086 | INFO  | SCMAudit | user=jenkins1000 | ip=192.168.69.118 | op=SEND_HEARTBEAT {datanodeUUID=3db231e5-aa41-417a-9eb1-ebae727224a1, command=[]} | ret=SUCCESS |  
2019-08-30 05:51:51,099 | INFO  | SCMAudit | user=jenkins1000 | ip=192.168.69.118 | op=SEND_HEARTBEAT {datanodeUUID=0c3d5d33-5004-4ad0-a181-1b32c8916f48, command=[]} | ret=SUCCESS |  
2019-08-30 05:51:51,183 | INFO  | SCMAudit | user=jenkins1000 | ip=192.168.69.118 | op=SEND_HEARTBEAT {datanodeUUID=39b5c586-5c16-4d91-b521-ddac34f0fc4c, command=[]} | ret=SUCCESS |  
2019-08-30 05:51:51,187 | INFO  | SCMAudit | user=jenkins1000 | ip=192.168.69.118 | op=SEND_HEARTBEAT {datanodeUUID=3db231e5-aa41-417a-9eb1-ebae727224a1, command=[]} | ret=SUCCESS |  
2019-08-30 05:51:51,199 | INFO  | SCMAudit | user=jenkins1000 | ip=192.168.69.118 | op=SEND_HEARTBEAT {datanodeUUID=0c3d5d33-5004-4ad0-a181-1b32c8916f48, command=[]} | ret=SUCCESS |  
2019-08-30 05:51:51,284 | INFO  | SCMAudit | user=jenkins1000 | ip=192.168.69.118 | op=SEND_HEARTBEAT {datanodeUUID=39b5c586-5c16-4d91-b521-ddac34f0fc4c, command=[]} | ret=SUCCESS |  
2019-08-30 05:51:51,287 | INFO  | SCMAudit | user=jenkins1000 | ip=192.168.69.118 | op=SEND_HEARTBEAT {datanodeUUID=3db231e5-aa41-417a-9eb1-ebae727224a1, command=[]} | ret=SUCCESS |  
2019-08-30 05:51:51,298 | INFO  | SCMAudit | user=jenkins1000 | ip=192.168.69.118 | op=SEND_HEARTBEAT {datanodeUUID=0c3d5d33-5004-4ad0-a181-1b32c8916f48, command=[]} | ret=SUCCESS |  
2019-08-30 05:51:51,384 | INFO  | SCMAudit | user=jenkins1000 | ip=192.168.69.118 | op=SEND_HEARTBEAT {datanodeUUID=39b5c586-5c16-4d91-b521-ddac34f0fc4c, command=[]} | ret=SUCCESS |  
2019-08-30 05:51:51,386 | INFO  | SCMAudit | user=jenkins1000 | ip=192.168.69.118 | op=SEND_HEARTBEAT {datanodeUUID=3db231e5-aa41-417a-9eb1-ebae727224a1, command=[]} | ret=SUCCESS |  
2019-08-30 05:51:51,399 | INFO  | SCMAudit | user=jenkins1000 | ip=192.168.69.118 | op=SEND_HEARTBEAT {datanodeUUID=0c3d5d33-5004-4ad0-a181-1b32c8916f48, command=[]} | ret=SUCCESS |  
2019-08-30 05:51:51,484 | INFO  | SCMAudit | user=jenkins1000 | ip=192.168.69.118 | op=SEND_HEARTBEAT {datanodeUUID=39b5c586-5c16-4d91-b521-ddac34f0fc4c, command=[]} | ret=SUCCESS |  
2019-08-30 05:51:51,487 | INFO  | SCMAudit | user=jenkins1000 | ip=192.168.69.118 | op=SEND_HEARTBEAT {datanodeUUID=3db231e5-aa41-417a-9eb1-ebae727224a1, command=[]} | ret=SUCCESS |  
2019-08-30 05:51:51,498 | INFO  | SCMAudit | user=jenkins1000 | ip=192.168.69.118 | op=SEND_HEARTBEAT {datanodeUUID=0c3d5d33-5004-4ad0-a181-1b32c8916f48, command=[]} | ret=SUCCESS |  
2019-08-30 05:51:51,584 | INFO  | SCMAudit | user=jenkins1000 | ip=192.168.69.118 | op=SEND_HEARTBEAT {datanodeUUID=39b5c586-5c16-4d91-b521-ddac34f0fc4c, command=[]} | ret=SUCCESS |  
2019-08-30 05:51:51,586 | INFO  | SCMAudit | user=jenkins1000 | ip=192.168.69.118 | op=SEND_HEARTBEAT {datanodeUUID=3db231e5-aa41-417a-9eb1-ebae727224a1, command=[]} | ret=SUCCESS |  
2019-08-30 05:51:51,599 | INFO  | SCMAudit | user=jenkins1000 | ip=192.168.69.118 | op=SEND_HEARTBEAT {datanodeUUID=0c3d5d33-5004-4ad0-a181-1b32c8916f48, command=[]} | ret=SUCCESS |  
2019-08-30 05:51:51,685 | INFO  | SCMAudit | user=jenkins1000 | ip=192.168.69.118 | op=SEND_HEARTBEAT {datanodeUUID=39b5c586-5c16-4d91-b521-ddac34f0fc4c, command=[]} | ret=SUCCESS |  
2019-08-30 05:51:51,687 | INFO  | SCMAudit | user=jenkins1000 | ip=192.168.69.118 | op=SEND_HEARTBEAT {datanodeUUID=3db231e5-aa41-417a-9eb1-ebae727224a1, command=[]} | ret=SUCCESS |  
2019-08-30 05:51:51,698 | INFO  | SCMAudit | user=jenkins1000 | ip=192.168.69.118 | op=SEND_HEARTBEAT {datanodeUUID=0c3d5d33-5004-4ad0-a181-1b32c8916f48, command=[]} | ret=SUCCESS |  
2019-08-30 05:51:51,768 [grpc-default-executor-1] INFO  client.GrpcClientProtocolClient (GrpcClientProtocolClient.java:onNext(255)) - client-66420869BE01->0c3d5d33-5004-4ad0-a181-1b32c8916f48: receive RaftClientReply:client-66420869BE01->0c3d5d33-5004-4ad0-a181-1b32c8916f48@group-F96D3AAC4001, cid=6, FAILED org.apache.ratis.protocol.NotLeaderException: Server 0c3d5d33-5004-4ad0-a181-1b32c8916f48 is not the leader (null). Request must be sent to leader., logIndex=0, commits[0c3d5d33-5004-4ad0-a181-1b32c8916f48:c-1]
2019-08-30 05:51:51,783 | INFO  | SCMAudit | user=jenkins1000 | ip=192.168.69.118 | op=SEND_HEARTBEAT {datanodeUUID=39b5c586-5c16-4d91-b521-ddac34f0fc4c, command=[]} | ret=SUCCESS |  
2019-08-30 05:51:51,786 | INFO  | SCMAudit | user=jenkins1000 | ip=192.168.69.118 | op=SEND_HEARTBEAT {datanodeUUID=3db231e5-aa41-417a-9eb1-ebae727224a1, command=[]} | ret=SUCCESS |  
2019-08-30 05:51:51,799 | INFO  | SCMAudit | user=jenkins1000 | ip=192.168.69.118 | op=SEND_HEARTBEAT {datanodeUUID=0c3d5d33-5004-4ad0-a181-1b32c8916f48, command=[]} | ret=SUCCESS |  
2019-08-30 05:51:51,884 | INFO  | SCMAudit | user=jenkins1000 | ip=192.168.69.118 | op=SEND_HEARTBEAT {datanodeUUID=39b5c586-5c16-4d91-b521-ddac34f0fc4c, command=[]} | ret=SUCCESS |  
2019-08-30 05:51:51,887 | INFO  | SCMAudit | user=jenkins1000 | ip=192.168.69.118 | op=SEND_HEARTBEAT {datanodeUUID=3db231e5-aa41-417a-9eb1-ebae727224a1, command=[]} | ret=SUCCESS |  
2019-08-30 05:51:51,903 | INFO  | SCMAudit | user=jenkins1000 | ip=192.168.69.118 | op=SEND_HEARTBEAT {datanodeUUID=0c3d5d33-5004-4ad0-a181-1b32c8916f48, command=[]} | ret=SUCCESS |  
2019-08-30 05:51:51,983 | INFO  | SCMAudit | user=jenkins1000 | ip=192.168.69.118 | op=SEND_HEARTBEAT {datanodeUUID=39b5c586-5c16-4d91-b521-ddac34f0fc4c, command=[]} | ret=SUCCESS |  
2019-08-30 05:51:51,987 | INFO  | SCMAudit | user=jenkins1000 | ip=192.168.69.118 | op=SEND_HEARTBEAT {datanodeUUID=3db231e5-aa41-417a-9eb1-ebae727224a1, command=[]} | ret=SUCCESS |  
2019-08-30 05:51:52,001 | INFO  | SCMAudit | user=jenkins1000 | ip=192.168.69.118 | op=SEND_HEARTBEAT {datanodeUUID=0c3d5d33-5004-4ad0-a181-1b32c8916f48, command=[]} | ret=SUCCESS |  
2019-08-30 05:51:52,083 | INFO  | SCMAudit | user=jenkins1000 | ip=192.168.69.118 | op=SEND_HEARTBEAT {datanodeUUID=39b5c586-5c16-4d91-b521-ddac34f0fc4c, command=[]} | ret=SUCCESS |  
2019-08-30 05:51:52,088 | INFO  | SCMAudit | user=jenkins1000 | ip=192.168.69.118 | op=SEND_HEARTBEAT {datanodeUUID=3db231e5-aa41-417a-9eb1-ebae727224a1, command=[]} | ret=SUCCESS |  
2019-08-30 05:51:52,101 | INFO  | SCMAudit | user=jenkins1000 | ip=192.168.69.118 | op=SEND_HEARTBEAT {datanodeUUID=0c3d5d33-5004-4ad0-a181-1b32c8916f48, command=[]} | ret=SUCCESS |  
2019-08-30 05:51:52,183 | INFO  | SCMAudit | user=jenkins1000 | ip=192.168.69.118 | op=SEND_HEARTBEAT {datanodeUUID=39b5c586-5c16-4d91-b521-ddac34f0fc4c, command=[]} | ret=SUCCESS |  
2019-08-30 05:51:52,189 | INFO  | SCMAudit | user=jenkins1000 | ip=192.168.69.118 | op=SEND_HEARTBEAT {datanodeUUID=3db231e5-aa41-417a-9eb1-ebae727224a1, command=[]} | ret=SUCCESS |  
2019-08-30 05:51:52,201 | INFO  | SCMAudit | user=jenkins1000 | ip=192.168.69.118 | op=SEND_HEARTBEAT {datanodeUUID=0c3d5d33-5004-4ad0-a181-1b32c8916f48, command=[]} | ret=SUCCESS |  
2019-08-30 05:51:52,284 | INFO  | SCMAudit | user=jenkins1000 | ip=192.168.69.118 | op=SEND_HEARTBEAT {datanodeUUID=39b5c586-5c16-4d91-b521-ddac34f0fc4c, command=[]} | ret=SUCCESS |  
2019-08-30 05:51:52,289 | INFO  | SCMAudit | user=jenkins1000 | ip=192.168.69.118 | op=SEND_HEARTBEAT {datanodeUUID=3db231e5-aa41-417a-9eb1-ebae727224a1, command=[]} | ret=SUCCESS |  
2019-08-30 05:51:52,302 | INFO  | SCMAudit | user=jenkins1000 | ip=192.168.69.118 | op=SEND_HEARTBEAT {datanodeUUID=0c3d5d33-5004-4ad0-a181-1b32c8916f48, command=[]} | ret=SUCCESS |  
2019-08-30 05:51:52,385 | INFO  | SCMAudit | user=jenkins1000 | ip=192.168.69.118 | op=SEND_HEARTBEAT {datanodeUUID=39b5c586-5c16-4d91-b521-ddac34f0fc4c, command=[]} | ret=SUCCESS |  
2019-08-30 05:51:52,389 | INFO  | SCMAudit | user=jenkins1000 | ip=192.168.69.118 | op=SEND_HEARTBEAT {datanodeUUID=3db231e5-aa41-417a-9eb1-ebae727224a1, command=[]} | ret=SUCCESS |  
2019-08-30 05:51:52,403 | INFO  | SCMAudit | user=jenkins1000 | ip=192.168.69.118 | op=SEND_HEARTBEAT {datanodeUUID=0c3d5d33-5004-4ad0-a181-1b32c8916f48, command=[]} | ret=SUCCESS |  
2019-08-30 05:51:52,485 | INFO  | SCMAudit | user=jenkins1000 | ip=192.168.69.118 | op=SEND_HEARTBEAT {datanodeUUID=39b5c586-5c16-4d91-b521-ddac34f0fc4c, command=[]} | ret=SUCCESS |  
2019-08-30 05:51:52,488 | INFO  | SCMAudit | user=jenkins1000 | ip=192.168.69.118 | op=SEND_HEARTBEAT {datanodeUUID=3db231e5-aa41-417a-9eb1-ebae727224a1, command=[]} | ret=SUCCESS |  
2019-08-30 05:51:52,504 | INFO  | SCMAudit | user=jenkins1000 | ip=192.168.69.118 | op=SEND_HEARTBEAT {datanodeUUID=0c3d5d33-5004-4ad0-a181-1b32c8916f48, command=[]} | ret=SUCCESS |  
2019-08-30 05:51:52,585 | INFO  | SCMAudit | user=jenkins1000 | ip=192.168.69.118 | op=SEND_HEARTBEAT {datanodeUUID=39b5c586-5c16-4d91-b521-ddac34f0fc4c, command=[]} | ret=SUCCESS |  
2019-08-30 05:51:52,588 | INFO  | SCMAudit | user=jenkins1000 | ip=192.168.69.118 | op=SEND_HEARTBEAT {datanodeUUID=3db231e5-aa41-417a-9eb1-ebae727224a1, command=[]} | ret=SUCCESS |  
2019-08-30 05:51:52,604 | INFO  | SCMAudit | user=jenkins1000 | ip=192.168.69.118 | op=SEND_HEARTBEAT {datanodeUUID=0c3d5d33-5004-4ad0-a181-1b32c8916f48, command=[]} | ret=SUCCESS |  
2019-08-30 05:51:52,685 | INFO  | SCMAudit | user=jenkins1000 | ip=192.168.69.118 | op=SEND_HEARTBEAT {datanodeUUID=39b5c586-5c16-4d91-b521-ddac34f0fc4c, command=[]} | ret=SUCCESS |  
2019-08-30 05:51:52,688 | INFO  | SCMAudit | user=jenkins1000 | ip=192.168.69.118 | op=SEND_HEARTBEAT {datanodeUUID=3db231e5-aa41-417a-9eb1-ebae727224a1, command=[]} | ret=SUCCESS |  
2019-08-30 05:51:52,704 | INFO  | SCMAudit | user=jenkins1000 | ip=192.168.69.118 | op=SEND_HEARTBEAT {datanodeUUID=0c3d5d33-5004-4ad0-a181-1b32c8916f48, command=[]} | ret=SUCCESS |  
2019-08-30 05:51:52,785 | INFO  | SCMAudit | user=jenkins1000 | ip=192.168.69.118 | op=SEND_HEARTBEAT {datanodeUUID=39b5c586-5c16-4d91-b521-ddac34f0fc4c, command=[]} | ret=SUCCESS |  
2019-08-30 05:51:52,787 [grpc-default-executor-2] INFO  client.GrpcClientProtocolClient (GrpcClientProtocolClient.java:onNext(255)) - client-66420869BE01->39b5c586-5c16-4d91-b521-ddac34f0fc4c: receive RaftClientReply:client-66420869BE01->39b5c586-5c16-4d91-b521-ddac34f0fc4c@group-F96D3AAC4001, cid=6, FAILED org.apache.ratis.protocol.NotLeaderException: Server 39b5c586-5c16-4d91-b521-ddac34f0fc4c is not the leader (null). Request must be sent to leader., logIndex=0, commits[39b5c586-5c16-4d91-b521-ddac34f0fc4c:c-1]
2019-08-30 05:51:52,796 | INFO  | SCMAudit | user=jenkins1000 | ip=192.168.69.118 | op=SEND_HEARTBEAT {datanodeUUID=3db231e5-aa41-417a-9eb1-ebae727224a1, command=[]} | ret=SUCCESS |  
2019-08-30 05:51:52,804 | INFO  | SCMAudit | user=jenkins1000 | ip=192.168.69.118 | op=SEND_HEARTBEAT {datanodeUUID=0c3d5d33-5004-4ad0-a181-1b32c8916f48, command=[]} | ret=SUCCESS |  
2019-08-30 05:51:52,885 | INFO  | SCMAudit | user=jenkins1000 | ip=192.168.69.118 | op=SEND_HEARTBEAT {datanodeUUID=39b5c586-5c16-4d91-b521-ddac34f0fc4c, command=[]} | ret=SUCCESS |  
2019-08-30 05:51:52,889 | INFO  | SCMAudit | user=jenkins1000 | ip=192.168.69.118 | op=SEND_HEARTBEAT {datanodeUUID=3db231e5-aa41-417a-9eb1-ebae727224a1, command=[]} | ret=SUCCESS |  
2019-08-30 05:51:52,905 | INFO  | SCMAudit | user=jenkins1000 | ip=192.168.69.118 | op=SEND_HEARTBEAT {datanodeUUID=0c3d5d33-5004-4ad0-a181-1b32c8916f48, command=[]} | ret=SUCCESS |  
2019-08-30 05:51:52,985 | INFO  | SCMAudit | user=jenkins1000 | ip=192.168.69.118 | op=SEND_HEARTBEAT {datanodeUUID=39b5c586-5c16-4d91-b521-ddac34f0fc4c, command=[]} | ret=SUCCESS |  
2019-08-30 05:51:52,990 | INFO  | SCMAudit | user=jenkins1000 | ip=192.168.69.118 | op=SEND_HEARTBEAT {datanodeUUID=3db231e5-aa41-417a-9eb1-ebae727224a1, command=[]} | ret=SUCCESS |  
2019-08-30 05:51:53,004 | INFO  | SCMAudit | user=jenkins1000 | ip=192.168.69.118 | op=SEND_HEARTBEAT {datanodeUUID=0c3d5d33-5004-4ad0-a181-1b32c8916f48, command=[]} | ret=SUCCESS |  
2019-08-30 05:51:53,085 | INFO  | SCMAudit | user=jenkins1000 | ip=192.168.69.118 | op=SEND_HEARTBEAT {datanodeUUID=39b5c586-5c16-4d91-b521-ddac34f0fc4c, command=[]} | ret=SUCCESS |  
2019-08-30 05:51:53,090 | INFO  | SCMAudit | user=jenkins1000 | ip=192.168.69.118 | op=SEND_HEARTBEAT {datanodeUUID=3db231e5-aa41-417a-9eb1-ebae727224a1, command=[]} | ret=SUCCESS |  
2019-08-30 05:51:53,105 | INFO  | SCMAudit | user=jenkins1000 | ip=192.168.69.118 | op=SEND_HEARTBEAT {datanodeUUID=0c3d5d33-5004-4ad0-a181-1b32c8916f48, command=[]} | ret=SUCCESS |  
2019-08-30 05:51:53,186 | INFO  | SCMAudit | user=jenkins1000 | ip=192.168.69.118 | op=SEND_HEARTBEAT {datanodeUUID=39b5c586-5c16-4d91-b521-ddac34f0fc4c, command=[]} | ret=SUCCESS |  
2019-08-30 05:51:53,189 | INFO  | SCMAudit | user=jenkins1000 | ip=192.168.69.118 | op=SEND_HEARTBEAT {datanodeUUID=3db231e5-aa41-417a-9eb1-ebae727224a1, command=[]} | ret=SUCCESS |  
2019-08-30 05:51:53,205 | INFO  | SCMAudit | user=jenkins1000 | ip=192.168.69.118 | op=SEND_HEARTBEAT {datanodeUUID=0c3d5d33-5004-4ad0-a181-1b32c8916f48, command=[]} | ret=SUCCESS |  
2019-08-30 05:51:53,286 | INFO  | SCMAudit | user=jenkins1000 | ip=192.168.69.118 | op=SEND_HEARTBEAT {datanodeUUID=39b5c586-5c16-4d91-b521-ddac34f0fc4c, command=[]} | ret=SUCCESS |  
2019-08-30 05:51:53,290 | INFO  | SCMAudit | user=jenkins1000 | ip=192.168.69.118 | op=SEND_HEARTBEAT {datanodeUUID=3db231e5-aa41-417a-9eb1-ebae727224a1, command=[]} | ret=SUCCESS |  
2019-08-30 05:51:53,306 | INFO  | SCMAudit | user=jenkins1000 | ip=192.168.69.118 | op=SEND_HEARTBEAT {datanodeUUID=0c3d5d33-5004-4ad0-a181-1b32c8916f48, command=[]} | ret=SUCCESS |  
2019-08-30 05:51:53,386 | INFO  | SCMAudit | user=jenkins1000 | ip=192.168.69.118 | op=SEND_HEARTBEAT {datanodeUUID=39b5c586-5c16-4d91-b521-ddac34f0fc4c, command=[]} | ret=SUCCESS |  
2019-08-30 05:51:53,391 | INFO  | SCMAudit | user=jenkins1000 | ip=192.168.69.118 | op=SEND_HEARTBEAT {datanodeUUID=3db231e5-aa41-417a-9eb1-ebae727224a1, command=[]} | ret=SUCCESS |  
2019-08-30 05:51:53,407 | INFO  | SCMAudit | user=jenkins1000 | ip=192.168.69.118 | op=SEND_HEARTBEAT {datanodeUUID=0c3d5d33-5004-4ad0-a181-1b32c8916f48, command=[]} | ret=SUCCESS |  
2019-08-30 05:51:53,486 | INFO  | SCMAudit | user=jenkins1000 | ip=192.168.69.118 | op=SEND_HEARTBEAT {datanodeUUID=39b5c586-5c16-4d91-b521-ddac34f0fc4c, command=[]} | ret=SUCCESS |  
2019-08-30 05:51:53,490 | INFO  | SCMAudit | user=jenkins1000 | ip=192.168.69.118 | op=SEND_HEARTBEAT {datanodeUUID=3db231e5-aa41-417a-9eb1-ebae727224a1, command=[]} | ret=SUCCESS |  
2019-08-30 05:51:53,507 | INFO  | SCMAudit | user=jenkins1000 | ip=192.168.69.118 | op=SEND_HEARTBEAT {datanodeUUID=0c3d5d33-5004-4ad0-a181-1b32c8916f48, command=[]} | ret=SUCCESS |  
2019-08-30 05:51:53,586 | INFO  | SCMAudit | user=jenkins1000 | ip=192.168.69.118 | op=SEND_HEARTBEAT {datanodeUUID=39b5c586-5c16-4d91-b521-ddac34f0fc4c, command=[]} | ret=SUCCESS |  
2019-08-30 05:51:53,590 | INFO  | SCMAudit | user=jenkins1000 | ip=192.168.69.118 | op=SEND_HEARTBEAT {datanodeUUID=3db231e5-aa41-417a-9eb1-ebae727224a1, command=[]} | ret=SUCCESS |  
2019-08-30 05:51:53,608 | INFO  | SCMAudit | user=jenkins1000 | ip=192.168.69.118 | op=SEND_HEARTBEAT {datanodeUUID=0c3d5d33-5004-4ad0-a181-1b32c8916f48, command=[]} | ret=SUCCESS |  
2019-08-30 05:51:53,686 | INFO  | SCMAudit | user=jenkins1000 | ip=192.168.69.118 | op=SEND_HEARTBEAT {datanodeUUID=39b5c586-5c16-4d91-b521-ddac34f0fc4c, command=[]} | ret=SUCCESS |  
2019-08-30 05:51:53,691 | INFO  | SCMAudit | user=jenkins1000 | ip=192.168.69.118 | op=SEND_HEARTBEAT {datanodeUUID=3db231e5-aa41-417a-9eb1-ebae727224a1, command=[]} | ret=SUCCESS |  
2019-08-30 05:51:53,708 | INFO  | SCMAudit | user=jenkins1000 | ip=192.168.69.118 | op=SEND_HEARTBEAT {datanodeUUID=0c3d5d33-5004-4ad0-a181-1b32c8916f48, command=[]} | ret=SUCCESS |  
2019-08-30 05:51:53,785 | INFO  | SCMAudit | user=jenkins1000 | ip=192.168.69.118 | op=SEND_HEARTBEAT {datanodeUUID=39b5c586-5c16-4d91-b521-ddac34f0fc4c, command=[]} | ret=SUCCESS |  
2019-08-30 05:51:53,792 | INFO  | SCMAudit | user=jenkins1000 | ip=192.168.69.118 | op=SEND_HEARTBEAT {datanodeUUID=3db231e5-aa41-417a-9eb1-ebae727224a1, command=[]} | ret=SUCCESS |  
2019-08-30 05:51:53,807 | INFO  | SCMAudit | user=jenkins1000 | ip=192.168.69.118 | op=SEND_HEARTBEAT {datanodeUUID=0c3d5d33-5004-4ad0-a181-1b32c8916f48, command=[]} | ret=SUCCESS |  
2019-08-30 05:51:53,816 [grpc-default-executor-1] INFO  client.GrpcClientProtocolClient (GrpcClientProtocolClient.java:onNext(255)) - client-66420869BE01->3db231e5-aa41-417a-9eb1-ebae727224a1: receive RaftClientReply:client-66420869BE01->3db231e5-aa41-417a-9eb1-ebae727224a1@group-F96D3AAC4001, cid=6, FAILED org.apache.ratis.protocol.NotLeaderException: Server 3db231e5-aa41-417a-9eb1-ebae727224a1 is not the leader (null). Request must be sent to leader., logIndex=0, commits[3db231e5-aa41-417a-9eb1-ebae727224a1:c-1]
2019-08-30 05:51:53,885 | INFO  | SCMAudit | user=jenkins1000 | ip=192.168.69.118 | op=SEND_HEARTBEAT {datanodeUUID=39b5c586-5c16-4d91-b521-ddac34f0fc4c, command=[]} | ret=SUCCESS |  
2019-08-30 05:51:53,891 | INFO  | SCMAudit | user=jenkins1000 | ip=192.168.69.118 | op=SEND_HEARTBEAT {datanodeUUID=3db231e5-aa41-417a-9eb1-ebae727224a1, command=[]} | ret=SUCCESS |  
2019-08-30 05:51:53,908 | INFO  | SCMAudit | user=jenkins1000 | ip=192.168.69.118 | op=SEND_HEARTBEAT {datanodeUUID=0c3d5d33-5004-4ad0-a181-1b32c8916f48, command=[]} | ret=SUCCESS |  
2019-08-30 05:51:53,985 | INFO  | SCMAudit | user=jenkins1000 | ip=192.168.69.118 | op=SEND_HEARTBEAT {datanodeUUID=39b5c586-5c16-4d91-b521-ddac34f0fc4c, command=[]} | ret=SUCCESS |  
2019-08-30 05:51:53,992 | INFO  | SCMAudit | user=jenkins1000 | ip=192.168.69.118 | op=SEND_HEARTBEAT {datanodeUUID=3db231e5-aa41-417a-9eb1-ebae727224a1, command=[]} | ret=SUCCESS |  
2019-08-30 05:51:54,007 | INFO  | SCMAudit | user=jenkins1000 | ip=192.168.69.118 | op=SEND_HEARTBEAT {datanodeUUID=0c3d5d33-5004-4ad0-a181-1b32c8916f48, command=[]} | ret=SUCCESS |  
2019-08-30 05:51:54,086 | INFO  | SCMAudit | user=jenkins1000 | ip=192.168.69.118 | op=SEND_HEARTBEAT {datanodeUUID=39b5c586-5c16-4d91-b521-ddac34f0fc4c, command=[]} | ret=SUCCESS |  
2019-08-30 05:51:54,093 | INFO  | SCMAudit | user=jenkins1000 | ip=192.168.69.118 | op=SEND_HEARTBEAT {datanodeUUID=3db231e5-aa41-417a-9eb1-ebae727224a1, command=[]} | ret=SUCCESS |  
2019-08-30 05:51:54,107 | INFO  | SCMAudit | user=jenkins1000 | ip=192.168.69.118 | op=SEND_HEARTBEAT {datanodeUUID=0c3d5d33-5004-4ad0-a181-1b32c8916f48, command=[]} | ret=SUCCESS |  
2019-08-30 05:51:54,185 | INFO  | SCMAudit | user=jenkins1000 | ip=192.168.69.118 | op=SEND_HEARTBEAT {datanodeUUID=39b5c586-5c16-4d91-b521-ddac34f0fc4c, command=[]} | ret=SUCCESS |  
2019-08-30 05:51:54,192 | INFO  | SCMAudit | user=jenkins1000 | ip=192.168.69.118 | op=SEND_HEARTBEAT {datanodeUUID=3db231e5-aa41-417a-9eb1-ebae727224a1, command=[]} | ret=SUCCESS |  
2019-08-30 05:51:54,208 | INFO  | SCMAudit | user=jenkins1000 | ip=192.168.69.118 | op=SEND_HEARTBEAT {datanodeUUID=0c3d5d33-5004-4ad0-a181-1b32c8916f48, command=[]} | ret=SUCCESS |  
2019-08-30 05:51:54,229 [Thread-256] INFO  impl.FollowerState (FollowerState.java:run(106)) - 39b5c586-5c16-4d91-b521-ddac34f0fc4c:group-F96D3AAC4001 changes to CANDIDATE, lastRpcTime:5066, electionTimeout:5064ms
2019-08-30 05:51:54,231 [Thread-256] INFO  impl.RoleInfo (RoleInfo.java:shutdownFollowerState(121)) - 39b5c586-5c16-4d91-b521-ddac34f0fc4c: shutdown FollowerState
2019-08-30 05:51:54,231 [Thread-256] INFO  impl.RaftServerImpl (RaftServerImpl.java:setRole(171)) - 39b5c586-5c16-4d91-b521-ddac34f0fc4c:group-F96D3AAC4001 changes role from FOLLOWER to CANDIDATE at term 1 for changeToCandidate
2019-08-30 05:51:54,231 [Thread-256] INFO  impl.RoleInfo (RoleInfo.java:updateAndGet(143)) - 39b5c586-5c16-4d91-b521-ddac34f0fc4c: start LeaderElection
2019-08-30 05:51:54,251 [Thread-255] INFO  impl.FollowerState (FollowerState.java:run(106)) - 3db231e5-aa41-417a-9eb1-ebae727224a1:group-F96D3AAC4001 changes to CANDIDATE, lastRpcTime:5088, electionTimeout:5086ms
2019-08-30 05:51:54,253 [Thread-255] INFO  impl.RoleInfo (RoleInfo.java:shutdownFollowerState(121)) - 3db231e5-aa41-417a-9eb1-ebae727224a1: shutdown FollowerState
2019-08-30 05:51:54,253 [Thread-255] INFO  impl.RaftServerImpl (RaftServerImpl.java:setRole(171)) - 3db231e5-aa41-417a-9eb1-ebae727224a1:group-F96D3AAC4001 changes role from FOLLOWER to CANDIDATE at term 1 for changeToCandidate
2019-08-30 05:51:54,253 [Thread-255] INFO  impl.RoleInfo (RoleInfo.java:updateAndGet(143)) - 3db231e5-aa41-417a-9eb1-ebae727224a1: start LeaderElection
2019-08-30 05:51:54,255 [Thread-257] INFO  impl.FollowerState (FollowerState.java:run(106)) - 0c3d5d33-5004-4ad0-a181-1b32c8916f48:group-F96D3AAC4001 changes to CANDIDATE, lastRpcTime:5074, electionTimeout:5072ms
2019-08-30 05:51:54,255 [Thread-257] INFO  impl.RoleInfo (RoleInfo.java:shutdownFollowerState(121)) - 0c3d5d33-5004-4ad0-a181-1b32c8916f48: shutdown FollowerState
2019-08-30 05:51:54,255 [Thread-257] INFO  impl.RaftServerImpl (RaftServerImpl.java:setRole(171)) - 0c3d5d33-5004-4ad0-a181-1b32c8916f48:group-F96D3AAC4001 changes role from FOLLOWER to CANDIDATE at term 1 for changeToCandidate
2019-08-30 05:51:54,255 [Thread-257] INFO  impl.RoleInfo (RoleInfo.java:updateAndGet(143)) - 0c3d5d33-5004-4ad0-a181-1b32c8916f48: start LeaderElection
2019-08-30 05:51:54,280 [0c3d5d33-5004-4ad0-a181-1b32c8916f48:group-F96D3AAC4001:LeaderElection9] INFO  impl.LeaderElection (LeaderElection.java:askForVotes(181)) - 0c3d5d33-5004-4ad0-a181-1b32c8916f48:group-F96D3AAC4001:LeaderElection9: begin an election at term 2 for -1: [39b5c586-5c16-4d91-b521-ddac34f0fc4c:192.168.69.118:41067, 0c3d5d33-5004-4ad0-a181-1b32c8916f48:192.168.69.118:44044, 3db231e5-aa41-417a-9eb1-ebae727224a1:192.168.69.118:39216], old=null
2019-08-30 05:51:54,280 [3db231e5-aa41-417a-9eb1-ebae727224a1:group-F96D3AAC4001:LeaderElection8] INFO  impl.LeaderElection (LeaderElection.java:askForVotes(181)) - 3db231e5-aa41-417a-9eb1-ebae727224a1:group-F96D3AAC4001:LeaderElection8: begin an election at term 2 for -1: [39b5c586-5c16-4d91-b521-ddac34f0fc4c:192.168.69.118:41067, 0c3d5d33-5004-4ad0-a181-1b32c8916f48:192.168.69.118:44044, 3db231e5-aa41-417a-9eb1-ebae727224a1:192.168.69.118:39216], old=null
2019-08-30 05:51:54,280 [39b5c586-5c16-4d91-b521-ddac34f0fc4c:group-F96D3AAC4001:LeaderElection7] INFO  impl.LeaderElection (LeaderElection.java:askForVotes(181)) - 39b5c586-5c16-4d91-b521-ddac34f0fc4c:group-F96D3AAC4001:LeaderElection7: begin an election at term 2 for -1: [39b5c586-5c16-4d91-b521-ddac34f0fc4c:192.168.69.118:41067, 0c3d5d33-5004-4ad0-a181-1b32c8916f48:192.168.69.118:44044, 3db231e5-aa41-417a-9eb1-ebae727224a1:192.168.69.118:39216], old=null
2019-08-30 05:51:54,290 | INFO  | SCMAudit | user=jenkins1000 | ip=192.168.69.118 | op=SEND_HEARTBEAT {datanodeUUID=39b5c586-5c16-4d91-b521-ddac34f0fc4c, command=[]} | ret=SUCCESS |  
2019-08-30 05:51:54,297 | INFO  | SCMAudit | user=jenkins1000 | ip=192.168.69.118 | op=SEND_HEARTBEAT {datanodeUUID=3db231e5-aa41-417a-9eb1-ebae727224a1, command=[]} | ret=SUCCESS |  
2019-08-30 05:51:54,303 [3db231e5-aa41-417a-9eb1-ebae727224a1:group-F96D3AAC4001:LeaderElection8] INFO  impl.LeaderElection (LeaderElection.java:logAndReturn(56)) - 3db231e5-aa41-417a-9eb1-ebae727224a1:group-F96D3AAC4001:LeaderElection8: Election REJECTED; received 2 response(s) [3db231e5-aa41-417a-9eb1-ebae727224a1<-39b5c586-5c16-4d91-b521-ddac34f0fc4c#0:FAIL-t2, 3db231e5-aa41-417a-9eb1-ebae727224a1<-0c3d5d33-5004-4ad0-a181-1b32c8916f48#0:FAIL-t2] and 0 exception(s); 3db231e5-aa41-417a-9eb1-ebae727224a1:t2, leader=null, voted=3db231e5-aa41-417a-9eb1-ebae727224a1, raftlog=3db231e5-aa41-417a-9eb1-ebae727224a1-SegmentedRaftLog:OPENED:c-1,f-1,i0, conf=-1: [39b5c586-5c16-4d91-b521-ddac34f0fc4c:192.168.69.118:41067, 0c3d5d33-5004-4ad0-a181-1b32c8916f48:192.168.69.118:44044, 3db231e5-aa41-417a-9eb1-ebae727224a1:192.168.69.118:39216], old=null
2019-08-30 05:51:54,303 [3db231e5-aa41-417a-9eb1-ebae727224a1:group-F96D3AAC4001:LeaderElection8] INFO  impl.RaftServerImpl (RaftServerImpl.java:setRole(171)) - 3db231e5-aa41-417a-9eb1-ebae727224a1:group-F96D3AAC4001 changes role from CANDIDATE to FOLLOWER at term 2 for DISCOVERED_A_NEW_TERM
2019-08-30 05:51:54,303 [3db231e5-aa41-417a-9eb1-ebae727224a1:group-F96D3AAC4001:LeaderElection8] INFO  impl.RoleInfo (RoleInfo.java:shutdownLeaderElection(134)) - 3db231e5-aa41-417a-9eb1-ebae727224a1: shutdown LeaderElection
2019-08-30 05:51:54,305 [0c3d5d33-5004-4ad0-a181-1b32c8916f48:group-F96D3AAC4001:LeaderElection9] INFO  impl.LeaderElection (LeaderElection.java:logAndReturn(56)) - 0c3d5d33-5004-4ad0-a181-1b32c8916f48:group-F96D3AAC4001:LeaderElection9: Election REJECTED; received 2 response(s) [0c3d5d33-5004-4ad0-a181-1b32c8916f48<-39b5c586-5c16-4d91-b521-ddac34f0fc4c#0:FAIL-t2, 0c3d5d33-5004-4ad0-a181-1b32c8916f48<-3db231e5-aa41-417a-9eb1-ebae727224a1#0:FAIL-t2] and 0 exception(s); 0c3d5d33-5004-4ad0-a181-1b32c8916f48:t2, leader=null, voted=0c3d5d33-5004-4ad0-a181-1b32c8916f48, raftlog=0c3d5d33-5004-4ad0-a181-1b32c8916f48-SegmentedRaftLog:OPENED:c-1,f-1,i0, conf=-1: [39b5c586-5c16-4d91-b521-ddac34f0fc4c:192.168.69.118:41067, 0c3d5d33-5004-4ad0-a181-1b32c8916f48:192.168.69.118:44044, 3db231e5-aa41-417a-9eb1-ebae727224a1:192.168.69.118:39216], old=null
2019-08-30 05:51:54,306 [3db231e5-aa41-417a-9eb1-ebae727224a1:group-F96D3AAC4001:LeaderElection8] INFO  impl.RoleInfo (RoleInfo.java:updateAndGet(143)) - 3db231e5-aa41-417a-9eb1-ebae727224a1: start FollowerState
2019-08-30 05:51:54,306 [0c3d5d33-5004-4ad0-a181-1b32c8916f48:group-F96D3AAC4001:LeaderElection9] INFO  impl.RaftServerImpl (RaftServerImpl.java:setRole(171)) - 0c3d5d33-5004-4ad0-a181-1b32c8916f48:group-F96D3AAC4001 changes role from CANDIDATE to FOLLOWER at term 2 for DISCOVERED_A_NEW_TERM
2019-08-30 05:51:54,308 [0c3d5d33-5004-4ad0-a181-1b32c8916f48:group-F96D3AAC4001:LeaderElection9] INFO  impl.RoleInfo (RoleInfo.java:shutdownLeaderElection(134)) - 0c3d5d33-5004-4ad0-a181-1b32c8916f48: shutdown LeaderElection
2019-08-30 05:51:54,310 [0c3d5d33-5004-4ad0-a181-1b32c8916f48:group-F96D3AAC4001:LeaderElection9] INFO  impl.RoleInfo (RoleInfo.java:updateAndGet(143)) - 0c3d5d33-5004-4ad0-a181-1b32c8916f48: start FollowerState
2019-08-30 05:51:54,310 [39b5c586-5c16-4d91-b521-ddac34f0fc4c:group-F96D3AAC4001:LeaderElection7] INFO  impl.LeaderElection (LeaderElection.java:logAndReturn(56)) - 39b5c586-5c16-4d91-b521-ddac34f0fc4c:group-F96D3AAC4001:LeaderElection7: Election REJECTED; received 2 response(s) [39b5c586-5c16-4d91-b521-ddac34f0fc4c<-0c3d5d33-5004-4ad0-a181-1b32c8916f48#0:FAIL-t2, 39b5c586-5c16-4d91-b521-ddac34f0fc4c<-3db231e5-aa41-417a-9eb1-ebae727224a1#0:FAIL-t2] and 0 exception(s); 39b5c586-5c16-4d91-b521-ddac34f0fc4c:t2, leader=null, voted=39b5c586-5c16-4d91-b521-ddac34f0fc4c, raftlog=39b5c586-5c16-4d91-b521-ddac34f0fc4c-SegmentedRaftLog:OPENED:c-1,f-1,i0, conf=-1: [39b5c586-5c16-4d91-b521-ddac34f0fc4c:192.168.69.118:41067, 0c3d5d33-5004-4ad0-a181-1b32c8916f48:192.168.69.118:44044, 3db231e5-aa41-417a-9eb1-ebae727224a1:192.168.69.118:39216], old=null
2019-08-30 05:51:54,310 | INFO  | SCMAudit | user=jenkins1000 | ip=192.168.69.118 | op=SEND_HEARTBEAT {datanodeUUID=0c3d5d33-5004-4ad0-a181-1b32c8916f48, command=[]} | ret=SUCCESS |  
2019-08-30 05:51:54,312 [39b5c586-5c16-4d91-b521-ddac34f0fc4c:group-F96D3AAC4001:LeaderElection7] INFO  impl.RaftServerImpl (RaftServerImpl.java:setRole(171)) - 39b5c586-5c16-4d91-b521-ddac34f0fc4c:group-F96D3AAC4001 changes role from CANDIDATE to FOLLOWER at term 2 for DISCOVERED_A_NEW_TERM
2019-08-30 05:51:54,316 [39b5c586-5c16-4d91-b521-ddac34f0fc4c:group-F96D3AAC4001:LeaderElection7] INFO  impl.RoleInfo (RoleInfo.java:shutdownLeaderElection(134)) - 39b5c586-5c16-4d91-b521-ddac34f0fc4c: shutdown LeaderElection
2019-08-30 05:51:54,317 [39b5c586-5c16-4d91-b521-ddac34f0fc4c:group-F96D3AAC4001:LeaderElection7] INFO  impl.RoleInfo (RoleInfo.java:updateAndGet(143)) - 39b5c586-5c16-4d91-b521-ddac34f0fc4c: start FollowerState
2019-08-30 05:51:54,386 | INFO  | SCMAudit | user=jenkins1000 | ip=192.168.69.118 | op=SEND_HEARTBEAT {datanodeUUID=39b5c586-5c16-4d91-b521-ddac34f0fc4c, command=[]} | ret=SUCCESS |  
2019-08-30 05:51:54,394 | INFO  | SCMAudit | user=jenkins1000 | ip=192.168.69.118 | op=SEND_HEARTBEAT {datanodeUUID=3db231e5-aa41-417a-9eb1-ebae727224a1, command=[]} | ret=SUCCESS |  
2019-08-30 05:51:54,408 | INFO  | SCMAudit | user=jenkins1000 | ip=192.168.69.118 | op=SEND_HEARTBEAT {datanodeUUID=0c3d5d33-5004-4ad0-a181-1b32c8916f48, command=[]} | ret=SUCCESS |  
2019-08-30 05:51:54,486 | INFO  | SCMAudit | user=jenkins1000 | ip=192.168.69.118 | op=SEND_HEARTBEAT {datanodeUUID=39b5c586-5c16-4d91-b521-ddac34f0fc4c, command=[]} | ret=SUCCESS |  
2019-08-30 05:51:54,495 | INFO  | SCMAudit | user=jenkins1000 | ip=192.168.69.118 | op=SEND_HEARTBEAT {datanodeUUID=3db231e5-aa41-417a-9eb1-ebae727224a1, command=[]} | ret=SUCCESS |  
2019-08-30 05:51:54,508 | INFO  | SCMAudit | user=jenkins1000 | ip=192.168.69.118 | op=SEND_HEARTBEAT {datanodeUUID=0c3d5d33-5004-4ad0-a181-1b32c8916f48, command=[]} | ret=SUCCESS |  
2019-08-30 05:51:54,586 | INFO  | SCMAudit | user=jenkins1000 | ip=192.168.69.118 | op=SEND_HEARTBEAT {datanodeUUID=39b5c586-5c16-4d91-b521-ddac34f0fc4c, command=[]} | ret=SUCCESS |  
2019-08-30 05:51:54,596 | INFO  | SCMAudit | user=jenkins1000 | ip=192.168.69.118 | op=SEND_HEARTBEAT {datanodeUUID=3db231e5-aa41-417a-9eb1-ebae727224a1, command=[]} | ret=SUCCESS |  
2019-08-30 05:51:54,607 | INFO  | SCMAudit | user=jenkins1000 | ip=192.168.69.118 | op=SEND_HEARTBEAT {datanodeUUID=0c3d5d33-5004-4ad0-a181-1b32c8916f48, command=[]} | ret=SUCCESS |  
2019-08-30 05:51:54,686 | INFO  | SCMAudit | user=jenkins1000 | ip=192.168.69.118 | op=SEND_HEARTBEAT {datanodeUUID=39b5c586-5c16-4d91-b521-ddac34f0fc4c, command=[]} | ret=SUCCESS |  
2019-08-30 05:51:54,696 | INFO  | SCMAudit | user=jenkins1000 | ip=192.168.69.118 | op=SEND_HEARTBEAT {datanodeUUID=3db231e5-aa41-417a-9eb1-ebae727224a1, command=[]} | ret=SUCCESS |  
2019-08-30 05:51:54,708 | INFO  | SCMAudit | user=jenkins1000 | ip=192.168.69.118 | op=SEND_HEARTBEAT {datanodeUUID=0c3d5d33-5004-4ad0-a181-1b32c8916f48, command=[]} | ret=SUCCESS |  
2019-08-30 05:51:54,786 | INFO  | SCMAudit | user=jenkins1000 | ip=192.168.69.118 | op=SEND_HEARTBEAT {datanodeUUID=39b5c586-5c16-4d91-b521-ddac34f0fc4c, command=[]} | ret=SUCCESS |  
2019-08-30 05:51:54,795 | INFO  | SCMAudit | user=jenkins1000 | ip=192.168.69.118 | op=SEND_HEARTBEAT {datanodeUUID=3db231e5-aa41-417a-9eb1-ebae727224a1, command=[]} | ret=SUCCESS |  
2019-08-30 05:51:54,808 | INFO  | SCMAudit | user=jenkins1000 | ip=192.168.69.118 | op=SEND_HEARTBEAT {datanodeUUID=0c3d5d33-5004-4ad0-a181-1b32c8916f48, command=[]} | ret=SUCCESS |  
2019-08-30 05:51:54,842 [grpc-default-executor-4] INFO  client.GrpcClientProtocolClient (GrpcClientProtocolClient.java:onNext(255)) - client-66420869BE01->0c3d5d33-5004-4ad0-a181-1b32c8916f48: receive RaftClientReply:client-66420869BE01->0c3d5d33-5004-4ad0-a181-1b32c8916f48@group-F96D3AAC4001, cid=6, FAILED org.apache.ratis.protocol.NotLeaderException: Server 0c3d5d33-5004-4ad0-a181-1b32c8916f48 is not the leader (null). Request must be sent to leader., logIndex=0, commits[0c3d5d33-5004-4ad0-a181-1b32c8916f48:c-1]
2019-08-30 05:51:54,885 | INFO  | SCMAudit | user=jenkins1000 | ip=192.168.69.118 | op=SEND_HEARTBEAT {datanodeUUID=39b5c586-5c16-4d91-b521-ddac34f0fc4c, command=[]} | ret=SUCCESS |  
2019-08-30 05:51:54,895 | INFO  | SCMAudit | user=jenkins1000 | ip=192.168.69.118 | op=SEND_HEARTBEAT {datanodeUUID=3db231e5-aa41-417a-9eb1-ebae727224a1, command=[]} | ret=SUCCESS |  
2019-08-30 05:51:54,909 | INFO  | SCMAudit | user=jenkins1000 | ip=192.168.69.118 | op=SEND_HEARTBEAT {datanodeUUID=0c3d5d33-5004-4ad0-a181-1b32c8916f48, command=[]} | ret=SUCCESS |  
2019-08-30 05:51:54,986 | INFO  | SCMAudit | user=jenkins1000 | ip=192.168.69.118 | op=SEND_HEARTBEAT {datanodeUUID=39b5c586-5c16-4d91-b521-ddac34f0fc4c, command=[]} | ret=SUCCESS |  
2019-08-30 05:51:54,996 | INFO  | SCMAudit | user=jenkins1000 | ip=192.168.69.118 | op=SEND_HEARTBEAT {datanodeUUID=3db231e5-aa41-417a-9eb1-ebae727224a1, command=[]} | ret=SUCCESS |  
2019-08-30 05:51:55,009 | INFO  | SCMAudit | user=jenkins1000 | ip=192.168.69.118 | op=SEND_HEARTBEAT {datanodeUUID=0c3d5d33-5004-4ad0-a181-1b32c8916f48, command=[]} | ret=SUCCESS |  
2019-08-30 05:51:55,086 | INFO  | SCMAudit | user=jenkins1000 | ip=192.168.69.118 | op=SEND_HEARTBEAT {datanodeUUID=39b5c586-5c16-4d91-b521-ddac34f0fc4c, command=[]} | ret=SUCCESS |  
2019-08-30 05:51:55,096 | INFO  | SCMAudit | user=jenkins1000 | ip=192.168.69.118 | op=SEND_HEARTBEAT {datanodeUUID=3db231e5-aa41-417a-9eb1-ebae727224a1, command=[]} | ret=SUCCESS |  
2019-08-30 05:51:55,109 | INFO  | SCMAudit | user=jenkins1000 | ip=192.168.69.118 | op=SEND_HEARTBEAT {datanodeUUID=0c3d5d33-5004-4ad0-a181-1b32c8916f48, command=[]} | ret=SUCCESS |  
2019-08-30 05:51:55,186 | INFO  | SCMAudit | user=jenkins1000 | ip=192.168.69.118 | op=SEND_HEARTBEAT {datanodeUUID=39b5c586-5c16-4d91-b521-ddac34f0fc4c, command=[]} | ret=SUCCESS |  
2019-08-30 05:51:55,196 | INFO  | SCMAudit | user=jenkins1000 | ip=192.168.69.118 | op=SEND_HEARTBEAT {datanodeUUID=3db231e5-aa41-417a-9eb1-ebae727224a1, command=[]} | ret=SUCCESS |  
2019-08-30 05:51:55,209 | INFO  | SCMAudit | user=jenkins1000 | ip=192.168.69.118 | op=SEND_HEARTBEAT {datanodeUUID=0c3d5d33-5004-4ad0-a181-1b32c8916f48, command=[]} | ret=SUCCESS |  
2019-08-30 05:51:55,286 | INFO  | SCMAudit | user=jenkins1000 | ip=192.168.69.118 | op=SEND_HEARTBEAT {datanodeUUID=39b5c586-5c16-4d91-b521-ddac34f0fc4c, command=[]} | ret=SUCCESS |  
2019-08-30 05:51:55,295 | INFO  | SCMAudit | user=jenkins1000 | ip=192.168.69.118 | op=SEND_HEARTBEAT {datanodeUUID=3db231e5-aa41-417a-9eb1-ebae727224a1, command=[]} | ret=SUCCESS |  
2019-08-30 05:51:55,310 | INFO  | SCMAudit | user=jenkins1000 | ip=192.168.69.118 | op=SEND_HEARTBEAT {datanodeUUID=0c3d5d33-5004-4ad0-a181-1b32c8916f48, command=[]} | ret=SUCCESS |  
2019-08-30 05:51:55,386 | INFO  | SCMAudit | user=jenkins1000 | ip=192.168.69.118 | op=SEND_HEARTBEAT {datanodeUUID=39b5c586-5c16-4d91-b521-ddac34f0fc4c, command=[]} | ret=SUCCESS |  
2019-08-30 05:51:55,396 | INFO  | SCMAudit | user=jenkins1000 | ip=192.168.69.118 | op=SEND_HEARTBEAT {datanodeUUID=3db231e5-aa41-417a-9eb1-ebae727224a1, command=[]} | ret=SUCCESS |  
2019-08-30 05:51:55,410 | INFO  | SCMAudit | user=jenkins1000 | ip=192.168.69.118 | op=SEND_HEARTBEAT {datanodeUUID=0c3d5d33-5004-4ad0-a181-1b32c8916f48, command=[]} | ret=SUCCESS |  
2019-08-30 05:51:55,486 | INFO  | SCMAudit | user=jenkins1000 | ip=192.168.69.118 | op=SEND_HEARTBEAT {datanodeUUID=39b5c586-5c16-4d91-b521-ddac34f0fc4c, command=[]} | ret=SUCCESS |  
2019-08-30 05:51:55,497 | INFO  | SCMAudit | user=jenkins1000 | ip=192.168.69.118 | op=SEND_HEARTBEAT {datanodeUUID=3db231e5-aa41-417a-9eb1-ebae727224a1, command=[]} | ret=SUCCESS |  
2019-08-30 05:51:55,509 | INFO  | SCMAudit | user=jenkins1000 | ip=192.168.69.118 | op=SEND_HEARTBEAT {datanodeUUID=0c3d5d33-5004-4ad0-a181-1b32c8916f48, command=[]} | ret=SUCCESS |  
2019-08-30 05:51:55,586 | INFO  | SCMAudit | user=jenkins1000 | ip=192.168.69.118 | op=SEND_HEARTBEAT {datanodeUUID=39b5c586-5c16-4d91-b521-ddac34f0fc4c, command=[]} | ret=SUCCESS |  
2019-08-30 05:51:55,596 | INFO  | SCMAudit | user=jenkins1000 | ip=192.168.69.118 | op=SEND_HEARTBEAT {datanodeUUID=3db231e5-aa41-417a-9eb1-ebae727224a1, command=[]} | ret=SUCCESS |  
2019-08-30 05:51:55,609 | INFO  | SCMAudit | user=jenkins1000 | ip=192.168.69.118 | op=SEND_HEARTBEAT {datanodeUUID=0c3d5d33-5004-4ad0-a181-1b32c8916f48, command=[]} | ret=SUCCESS |  
2019-08-30 05:51:55,686 | INFO  | SCMAudit | user=jenkins1000 | ip=192.168.69.118 | op=SEND_HEARTBEAT {datanodeUUID=39b5c586-5c16-4d91-b521-ddac34f0fc4c, command=[]} | ret=SUCCESS |  
2019-08-30 05:51:55,696 | INFO  | SCMAudit | user=jenkins1000 | ip=192.168.69.118 | op=SEND_HEARTBEAT {datanodeUUID=3db231e5-aa41-417a-9eb1-ebae727224a1, command=[]} | ret=SUCCESS |  
2019-08-30 05:51:55,709 | INFO  | SCMAudit | user=jenkins1000 | ip=192.168.69.118 | op=SEND_HEARTBEAT {datanodeUUID=0c3d5d33-5004-4ad0-a181-1b32c8916f48, command=[]} | ret=SUCCESS |  
2019-08-30 05:51:55,786 | INFO  | SCMAudit | user=jenkins1000 | ip=192.168.69.118 | op=SEND_HEARTBEAT {datanodeUUID=39b5c586-5c16-4d91-b521-ddac34f0fc4c, command=[]} | ret=SUCCESS |  
2019-08-30 05:51:55,797 | INFO  | SCMAudit | user=jenkins1000 | ip=192.168.69.118 | op=SEND_HEARTBEAT {datanodeUUID=3db231e5-aa41-417a-9eb1-ebae727224a1, command=[]} | ret=SUCCESS |  
2019-08-30 05:51:55,810 | INFO  | SCMAudit | user=jenkins1000 | ip=192.168.69.118 | op=SEND_HEARTBEAT {datanodeUUID=0c3d5d33-5004-4ad0-a181-1b32c8916f48, command=[]} | ret=SUCCESS |  
2019-08-30 05:51:55,862 [grpc-default-executor-4] INFO  client.GrpcClientProtocolClient (GrpcClientProtocolClient.java:onNext(255)) - client-66420869BE01->39b5c586-5c16-4d91-b521-ddac34f0fc4c: receive RaftClientReply:client-66420869BE01->39b5c586-5c16-4d91-b521-ddac34f0fc4c@group-F96D3AAC4001, cid=6, FAILED org.apache.ratis.protocol.NotLeaderException: Server 39b5c586-5c16-4d91-b521-ddac34f0fc4c is not the leader (null). Request must be sent to leader., logIndex=0, commits[39b5c586-5c16-4d91-b521-ddac34f0fc4c:c-1]
2019-08-30 05:51:55,885 | INFO  | SCMAudit | user=jenkins1000 | ip=192.168.69.118 | op=SEND_HEARTBEAT {datanodeUUID=39b5c586-5c16-4d91-b521-ddac34f0fc4c, command=[]} | ret=SUCCESS |  
2019-08-30 05:51:55,898 | INFO  | SCMAudit | user=jenkins1000 | ip=192.168.69.118 | op=SEND_HEARTBEAT {datanodeUUID=3db231e5-aa41-417a-9eb1-ebae727224a1, command=[]} | ret=SUCCESS |  
2019-08-30 05:51:55,909 | INFO  | SCMAudit | user=jenkins1000 | ip=192.168.69.118 | op=SEND_HEARTBEAT {datanodeUUID=0c3d5d33-5004-4ad0-a181-1b32c8916f48, command=[]} | ret=SUCCESS |  
2019-08-30 05:51:55,986 | INFO  | SCMAudit | user=jenkins1000 | ip=192.168.69.118 | op=SEND_HEARTBEAT {datanodeUUID=39b5c586-5c16-4d91-b521-ddac34f0fc4c, command=[]} | ret=SUCCESS |  
2019-08-30 05:51:55,997 | INFO  | SCMAudit | user=jenkins1000 | ip=192.168.69.118 | op=SEND_HEARTBEAT {datanodeUUID=3db231e5-aa41-417a-9eb1-ebae727224a1, command=[]} | ret=SUCCESS |  
2019-08-30 05:51:56,009 | INFO  | SCMAudit | user=jenkins1000 | ip=192.168.69.118 | op=SEND_HEARTBEAT {datanodeUUID=0c3d5d33-5004-4ad0-a181-1b32c8916f48, command=[]} | ret=SUCCESS |  
2019-08-30 05:51:56,087 | INFO  | SCMAudit | user=jenkins1000 | ip=192.168.69.118 | op=SEND_HEARTBEAT {datanodeUUID=39b5c586-5c16-4d91-b521-ddac34f0fc4c, command=[]} | ret=SUCCESS |  
2019-08-30 05:51:56,098 | INFO  | SCMAudit | user=jenkins1000 | ip=192.168.69.118 | op=SEND_HEARTBEAT {datanodeUUID=3db231e5-aa41-417a-9eb1-ebae727224a1, command=[]} | ret=SUCCESS |  
2019-08-30 05:51:56,110 | INFO  | SCMAudit | user=jenkins1000 | ip=192.168.69.118 | op=SEND_HEARTBEAT {datanodeUUID=0c3d5d33-5004-4ad0-a181-1b32c8916f48, command=[]} | ret=SUCCESS |  
2019-08-30 05:51:56,186 | INFO  | SCMAudit | user=jenkins1000 | ip=192.168.69.118 | op=SEND_HEARTBEAT {datanodeUUID=39b5c586-5c16-4d91-b521-ddac34f0fc4c, command=[]} | ret=SUCCESS |  
2019-08-30 05:51:56,199 | INFO  | SCMAudit | user=jenkins1000 | ip=192.168.69.118 | op=SEND_HEARTBEAT {datanodeUUID=3db231e5-aa41-417a-9eb1-ebae727224a1, command=[]} | ret=SUCCESS |  
2019-08-30 05:51:56,211 | INFO  | SCMAudit | user=jenkins1000 | ip=192.168.69.118 | op=SEND_HEARTBEAT {datanodeUUID=0c3d5d33-5004-4ad0-a181-1b32c8916f48, command=[]} | ret=SUCCESS |  
2019-08-30 05:51:56,286 | INFO  | SCMAudit | user=jenkins1000 | ip=192.168.69.118 | op=SEND_HEARTBEAT {datanodeUUID=39b5c586-5c16-4d91-b521-ddac34f0fc4c, command=[]} | ret=SUCCESS |  
2019-08-30 05:51:56,299 | INFO  | SCMAudit | user=jenkins1000 | ip=192.168.69.118 | op=SEND_HEARTBEAT {datanodeUUID=3db231e5-aa41-417a-9eb1-ebae727224a1, command=[]} | ret=SUCCESS |  
2019-08-30 05:51:56,310 | INFO  | SCMAudit | user=jenkins1000 | ip=192.168.69.118 | op=SEND_HEARTBEAT {datanodeUUID=0c3d5d33-5004-4ad0-a181-1b32c8916f48, command=[]} | ret=SUCCESS |  
2019-08-30 05:51:56,386 | INFO  | SCMAudit | user=jenkins1000 | ip=192.168.69.118 | op=SEND_HEARTBEAT {datanodeUUID=39b5c586-5c16-4d91-b521-ddac34f0fc4c, command=[]} | ret=SUCCESS |  
2019-08-30 05:51:56,398 | INFO  | SCMAudit | user=jenkins1000 | ip=192.168.69.118 | op=SEND_HEARTBEAT {datanodeUUID=3db231e5-aa41-417a-9eb1-ebae727224a1, command=[]} | ret=SUCCESS |  
2019-08-30 05:51:56,411 | INFO  | SCMAudit | user=jenkins1000 | ip=192.168.69.118 | op=SEND_HEARTBEAT {datanodeUUID=0c3d5d33-5004-4ad0-a181-1b32c8916f48, command=[]} | ret=SUCCESS |  
2019-08-30 05:51:56,487 | INFO  | SCMAudit | user=jenkins1000 | ip=192.168.69.118 | op=SEND_HEARTBEAT {datanodeUUID=39b5c586-5c16-4d91-b521-ddac34f0fc4c, command=[]} | ret=SUCCESS |  
2019-08-30 05:51:56,498 | INFO  | SCMAudit | user=jenkins1000 | ip=192.168.69.118 | op=SEND_HEARTBEAT {datanodeUUID=3db231e5-aa41-417a-9eb1-ebae727224a1, command=[]} | ret=SUCCESS |  
2019-08-30 05:51:56,511 | INFO  | SCMAudit | user=jenkins1000 | ip=192.168.69.118 | op=SEND_HEARTBEAT {datanodeUUID=0c3d5d33-5004-4ad0-a181-1b32c8916f48, command=[]} | ret=SUCCESS |  
2019-08-30 05:51:56,588 | INFO  | SCMAudit | user=jenkins1000 | ip=192.168.69.118 | op=SEND_HEARTBEAT {datanodeUUID=39b5c586-5c16-4d91-b521-ddac34f0fc4c, command=[]} | ret=SUCCESS |  
2019-08-30 05:51:56,599 | INFO  | SCMAudit | user=jenkins1000 | ip=192.168.69.118 | op=SEND_HEARTBEAT {datanodeUUID=3db231e5-aa41-417a-9eb1-ebae727224a1, command=[]} | ret=SUCCESS |  
2019-08-30 05:51:56,610 | INFO  | SCMAudit | user=jenkins1000 | ip=192.168.69.118 | op=SEND_HEARTBEAT {datanodeUUID=0c3d5d33-5004-4ad0-a181-1b32c8916f48, command=[]} | ret=SUCCESS |  
2019-08-30 05:51:56,689 | INFO  | SCMAudit | user=jenkins1000 | ip=192.168.69.118 | op=SEND_HEARTBEAT {datanodeUUID=39b5c586-5c16-4d91-b521-ddac34f0fc4c, command=[]} | ret=SUCCESS |  
2019-08-30 05:51:56,700 | INFO  | SCMAudit | user=jenkins1000 | ip=192.168.69.118 | op=SEND_HEARTBEAT {datanodeUUID=3db231e5-aa41-417a-9eb1-ebae727224a1, command=[]} | ret=SUCCESS |  
2019-08-30 05:51:56,711 | INFO  | SCMAudit | user=jenkins1000 | ip=192.168.69.118 | op=SEND_HEARTBEAT {datanodeUUID=0c3d5d33-5004-4ad0-a181-1b32c8916f48, command=[]} | ret=SUCCESS |  
2019-08-30 05:51:56,789 | INFO  | SCMAudit | user=jenkins1000 | ip=192.168.69.118 | op=SEND_HEARTBEAT {datanodeUUID=39b5c586-5c16-4d91-b521-ddac34f0fc4c, command=[]} | ret=SUCCESS |  
2019-08-30 05:51:56,800 | INFO  | SCMAudit | user=jenkins1000 | ip=192.168.69.118 | op=SEND_HEARTBEAT {datanodeUUID=3db231e5-aa41-417a-9eb1-ebae727224a1, command=[]} | ret=SUCCESS |  
2019-08-30 05:51:56,812 | INFO  | SCMAudit | user=jenkins1000 | ip=192.168.69.118 | op=SEND_HEARTBEAT {datanodeUUID=0c3d5d33-5004-4ad0-a181-1b32c8916f48, command=[]} | ret=SUCCESS |  
2019-08-30 05:51:56,881 [grpc-default-executor-0] INFO  client.GrpcClientProtocolClient (GrpcClientProtocolClient.java:onNext(255)) - client-66420869BE01->0c3d5d33-5004-4ad0-a181-1b32c8916f48: receive RaftClientReply:client-66420869BE01->0c3d5d33-5004-4ad0-a181-1b32c8916f48@group-F96D3AAC4001, cid=6, FAILED org.apache.ratis.protocol.NotLeaderException: Server 0c3d5d33-5004-4ad0-a181-1b32c8916f48 is not the leader (null). Request must be sent to leader., logIndex=0, commits[0c3d5d33-5004-4ad0-a181-1b32c8916f48:c-1]
2019-08-30 05:51:56,890 | INFO  | SCMAudit | user=jenkins1000 | ip=192.168.69.118 | op=SEND_HEARTBEAT {datanodeUUID=39b5c586-5c16-4d91-b521-ddac34f0fc4c, command=[]} | ret=SUCCESS |  
2019-08-30 05:51:56,900 | INFO  | SCMAudit | user=jenkins1000 | ip=192.168.69.118 | op=SEND_HEARTBEAT {datanodeUUID=3db231e5-aa41-417a-9eb1-ebae727224a1, command=[]} | ret=SUCCESS |  
2019-08-30 05:51:56,911 | INFO  | SCMAudit | user=jenkins1000 | ip=192.168.69.118 | op=SEND_HEARTBEAT {datanodeUUID=0c3d5d33-5004-4ad0-a181-1b32c8916f48, command=[]} | ret=SUCCESS |  
2019-08-30 05:51:56,990 | INFO  | SCMAudit | user=jenkins1000 | ip=192.168.69.118 | op=SEND_HEARTBEAT {datanodeUUID=39b5c586-5c16-4d91-b521-ddac34f0fc4c, command=[]} | ret=SUCCESS |  
2019-08-30 05:51:56,999 | INFO  | SCMAudit | user=jenkins1000 | ip=192.168.69.118 | op=SEND_HEARTBEAT {datanodeUUID=3db231e5-aa41-417a-9eb1-ebae727224a1, command=[]} | ret=SUCCESS |  
2019-08-30 05:51:57,011 | INFO  | SCMAudit | user=jenkins1000 | ip=192.168.69.118 | op=SEND_HEARTBEAT {datanodeUUID=0c3d5d33-5004-4ad0-a181-1b32c8916f48, command=[]} | ret=SUCCESS |  
2019-08-30 05:51:57,090 | INFO  | SCMAudit | user=jenkins1000 | ip=192.168.69.118 | op=SEND_HEARTBEAT {datanodeUUID=39b5c586-5c16-4d91-b521-ddac34f0fc4c, command=[]} | ret=SUCCESS |  
2019-08-30 05:51:57,099 | INFO  | SCMAudit | user=jenkins1000 | ip=192.168.69.118 | op=SEND_HEARTBEAT {datanodeUUID=3db231e5-aa41-417a-9eb1-ebae727224a1, command=[]} | ret=SUCCESS |  
2019-08-30 05:51:57,112 | INFO  | SCMAudit | user=jenkins1000 | ip=192.168.69.118 | op=SEND_HEARTBEAT {datanodeUUID=0c3d5d33-5004-4ad0-a181-1b32c8916f48, command=[]} | ret=SUCCESS |  
2019-08-30 05:51:57,190 | INFO  | SCMAudit | user=jenkins1000 | ip=192.168.69.118 | op=SEND_HEARTBEAT {datanodeUUID=39b5c586-5c16-4d91-b521-ddac34f0fc4c, command=[]} | ret=SUCCESS |  
2019-08-30 05:51:57,199 | INFO  | SCMAudit | user=jenkins1000 | ip=192.168.69.118 | op=SEND_HEARTBEAT {datanodeUUID=3db231e5-aa41-417a-9eb1-ebae727224a1, command=[]} | ret=SUCCESS |  
2019-08-30 05:51:57,211 | INFO  | SCMAudit | user=jenkins1000 | ip=192.168.69.118 | op=SEND_HEARTBEAT {datanodeUUID=0c3d5d33-5004-4ad0-a181-1b32c8916f48, command=[]} | ret=SUCCESS |  
2019-08-30 05:51:57,290 | INFO  | SCMAudit | user=jenkins1000 | ip=192.168.69.118 | op=SEND_HEARTBEAT {datanodeUUID=39b5c586-5c16-4d91-b521-ddac34f0fc4c, command=[]} | ret=SUCCESS |  
2019-08-30 05:51:57,300 | INFO  | SCMAudit | user=jenkins1000 | ip=192.168.69.118 | op=SEND_HEARTBEAT {datanodeUUID=3db231e5-aa41-417a-9eb1-ebae727224a1, command=[]} | ret=SUCCESS |  
2019-08-30 05:51:57,312 | INFO  | SCMAudit | user=jenkins1000 | ip=192.168.69.118 | op=SEND_HEARTBEAT {datanodeUUID=0c3d5d33-5004-4ad0-a181-1b32c8916f48, command=[]} | ret=SUCCESS |  
2019-08-30 05:51:57,390 | INFO  | SCMAudit | user=jenkins1000 | ip=192.168.69.118 | op=SEND_HEARTBEAT {datanodeUUID=39b5c586-5c16-4d91-b521-ddac34f0fc4c, command=[]} | ret=SUCCESS |  
2019-08-30 05:51:57,400 | INFO  | SCMAudit | user=jenkins1000 | ip=192.168.69.118 | op=SEND_HEARTBEAT {datanodeUUID=3db231e5-aa41-417a-9eb1-ebae727224a1, command=[]} | ret=SUCCESS |  
2019-08-30 05:51:57,413 | INFO  | SCMAudit | user=jenkins1000 | ip=192.168.69.118 | op=SEND_HEARTBEAT {datanodeUUID=0c3d5d33-5004-4ad0-a181-1b32c8916f48, command=[]} | ret=SUCCESS |  
2019-08-30 05:51:57,490 | INFO  | SCMAudit | user=jenkins1000 | ip=192.168.69.118 | op=SEND_HEARTBEAT {datanodeUUID=39b5c586-5c16-4d91-b521-ddac34f0fc4c, command=[]} | ret=SUCCESS |  
2019-08-30 05:51:57,499 | INFO  | SCMAudit | user=jenkins1000 | ip=192.168.69.118 | op=SEND_HEARTBEAT {datanodeUUID=3db231e5-aa41-417a-9eb1-ebae727224a1, command=[]} | ret=SUCCESS |  
2019-08-30 05:51:57,513 | INFO  | SCMAudit | user=jenkins1000 | ip=192.168.69.118 | op=SEND_HEARTBEAT {datanodeUUID=0c3d5d33-5004-4ad0-a181-1b32c8916f48, command=[]} | ret=SUCCESS |  
2019-08-30 05:51:57,590 | INFO  | SCMAudit | user=jenkins1000 | ip=192.168.69.118 | op=SEND_HEARTBEAT {datanodeUUID=39b5c586-5c16-4d91-b521-ddac34f0fc4c, command=[]} | ret=SUCCESS |  
2019-08-30 05:51:57,599 | INFO  | SCMAudit | user=jenkins1000 | ip=192.168.69.118 | op=SEND_HEARTBEAT {datanodeUUID=3db231e5-aa41-417a-9eb1-ebae727224a1, command=[]} | ret=SUCCESS |  
2019-08-30 05:51:57,613 | INFO  | SCMAudit | user=jenkins1000 | ip=192.168.69.118 | op=SEND_HEARTBEAT {datanodeUUID=0c3d5d33-5004-4ad0-a181-1b32c8916f48, command=[]} | ret=SUCCESS |  
2019-08-30 05:51:57,689 | INFO  | SCMAudit | user=jenkins1000 | ip=192.168.69.118 | op=SEND_HEARTBEAT {datanodeUUID=39b5c586-5c16-4d91-b521-ddac34f0fc4c, command=[]} | ret=SUCCESS |  
2019-08-30 05:51:57,699 | INFO  | SCMAudit | user=jenkins1000 | ip=192.168.69.118 | op=SEND_HEARTBEAT {datanodeUUID=3db231e5-aa41-417a-9eb1-ebae727224a1, command=[]} | ret=SUCCESS |  
2019-08-30 05:51:57,713 | INFO  | SCMAudit | user=jenkins1000 | ip=192.168.69.118 | op=SEND_HEARTBEAT {datanodeUUID=0c3d5d33-5004-4ad0-a181-1b32c8916f48, command=[]} | ret=SUCCESS |  
2019-08-30 05:51:57,790 | INFO  | SCMAudit | user=jenkins1000 | ip=192.168.69.118 | op=SEND_HEARTBEAT {datanodeUUID=39b5c586-5c16-4d91-b521-ddac34f0fc4c, command=[]} | ret=SUCCESS |  
2019-08-30 05:51:57,800 | INFO  | SCMAudit | user=jenkins1000 | ip=192.168.69.118 | op=SEND_HEARTBEAT {datanodeUUID=3db231e5-aa41-417a-9eb1-ebae727224a1, command=[]} | ret=SUCCESS |  
2019-08-30 05:51:57,813 | INFO  | SCMAudit | user=jenkins1000 | ip=192.168.69.118 | op=SEND_HEARTBEAT {datanodeUUID=0c3d5d33-5004-4ad0-a181-1b32c8916f48, command=[]} | ret=SUCCESS |  
2019-08-30 05:51:57,893 | INFO  | SCMAudit | user=jenkins1000 | ip=192.168.69.118 | op=SEND_HEARTBEAT {datanodeUUID=39b5c586-5c16-4d91-b521-ddac34f0fc4c, command=[]} | ret=SUCCESS |  
2019-08-30 05:51:57,901 | INFO  | SCMAudit | user=jenkins1000 | ip=192.168.69.118 | op=SEND_HEARTBEAT {datanodeUUID=3db231e5-aa41-417a-9eb1-ebae727224a1, command=[]} | ret=SUCCESS |  
2019-08-30 05:51:57,904 [grpc-default-executor-0] INFO  client.GrpcClientProtocolClient (GrpcClientProtocolClient.java:onNext(255)) - client-66420869BE01->39b5c586-5c16-4d91-b521-ddac34f0fc4c: receive RaftClientReply:client-66420869BE01->39b5c586-5c16-4d91-b521-ddac34f0fc4c@group-F96D3AAC4001, cid=6, FAILED org.apache.ratis.protocol.NotLeaderException: Server 39b5c586-5c16-4d91-b521-ddac34f0fc4c is not the leader (null). Request must be sent to leader., logIndex=0, commits[39b5c586-5c16-4d91-b521-ddac34f0fc4c:c-1]
2019-08-30 05:51:57,914 | INFO  | SCMAudit | user=jenkins1000 | ip=192.168.69.118 | op=SEND_HEARTBEAT {datanodeUUID=0c3d5d33-5004-4ad0-a181-1b32c8916f48, command=[]} | ret=SUCCESS |  
2019-08-30 05:51:57,992 | INFO  | SCMAudit | user=jenkins1000 | ip=192.168.69.118 | op=SEND_HEARTBEAT {datanodeUUID=39b5c586-5c16-4d91-b521-ddac34f0fc4c, command=[]} | ret=SUCCESS |  
2019-08-30 05:51:58,001 | INFO  | SCMAudit | user=jenkins1000 | ip=192.168.69.118 | op=SEND_HEARTBEAT {datanodeUUID=3db231e5-aa41-417a-9eb1-ebae727224a1, command=[]} | ret=SUCCESS |  
2019-08-30 05:51:58,013 | INFO  | SCMAudit | user=jenkins1000 | ip=192.168.69.118 | op=SEND_HEARTBEAT {datanodeUUID=0c3d5d33-5004-4ad0-a181-1b32c8916f48, command=[]} | ret=SUCCESS |  
2019-08-30 05:51:58,093 | INFO  | SCMAudit | user=jenkins1000 | ip=192.168.69.118 | op=SEND_HEARTBEAT {datanodeUUID=39b5c586-5c16-4d91-b521-ddac34f0fc4c, command=[]} | ret=SUCCESS |  
2019-08-30 05:51:58,101 | INFO  | SCMAudit | user=jenkins1000 | ip=192.168.69.118 | op=SEND_HEARTBEAT {datanodeUUID=3db231e5-aa41-417a-9eb1-ebae727224a1, command=[]} | ret=SUCCESS |  
2019-08-30 05:51:58,114 | INFO  | SCMAudit | user=jenkins1000 | ip=192.168.69.118 | op=SEND_HEARTBEAT {datanodeUUID=0c3d5d33-5004-4ad0-a181-1b32c8916f48, command=[]} | ret=SUCCESS |  
2019-08-30 05:51:58,194 | INFO  | SCMAudit | user=jenkins1000 | ip=192.168.69.118 | op=SEND_HEARTBEAT {datanodeUUID=39b5c586-5c16-4d91-b521-ddac34f0fc4c, command=[]} | ret=SUCCESS |  
2019-08-30 05:51:58,202 | INFO  | SCMAudit | user=jenkins1000 | ip=192.168.69.118 | op=SEND_HEARTBEAT {datanodeUUID=3db231e5-aa41-417a-9eb1-ebae727224a1, command=[]} | ret=SUCCESS |  
2019-08-30 05:51:58,214 | INFO  | SCMAudit | user=jenkins1000 | ip=192.168.69.118 | op=SEND_HEARTBEAT {datanodeUUID=0c3d5d33-5004-4ad0-a181-1b32c8916f48, command=[]} | ret=SUCCESS |  
2019-08-30 05:51:58,294 | INFO  | SCMAudit | user=jenkins1000 | ip=192.168.69.118 | op=SEND_HEARTBEAT {datanodeUUID=39b5c586-5c16-4d91-b521-ddac34f0fc4c, command=[]} | ret=SUCCESS |  
2019-08-30 05:51:58,301 | INFO  | SCMAudit | user=jenkins1000 | ip=192.168.69.118 | op=SEND_HEARTBEAT {datanodeUUID=3db231e5-aa41-417a-9eb1-ebae727224a1, command=[]} | ret=SUCCESS |  
2019-08-30 05:51:58,315 | INFO  | SCMAudit | user=jenkins1000 | ip=192.168.69.118 | op=SEND_HEARTBEAT {datanodeUUID=0c3d5d33-5004-4ad0-a181-1b32c8916f48, command=[]} | ret=SUCCESS |  
2019-08-30 05:51:58,395 | INFO  | SCMAudit | user=jenkins1000 | ip=192.168.69.118 | op=SEND_HEARTBEAT {datanodeUUID=39b5c586-5c16-4d91-b521-ddac34f0fc4c, command=[]} | ret=SUCCESS |  
2019-08-30 05:51:58,402 | INFO  | SCMAudit | user=jenkins1000 | ip=192.168.69.118 | op=SEND_HEARTBEAT {datanodeUUID=3db231e5-aa41-417a-9eb1-ebae727224a1, command=[]} | ret=SUCCESS |  
2019-08-30 05:51:58,414 | INFO  | SCMAudit | user=jenkins1000 | ip=192.168.69.118 | op=SEND_HEARTBEAT {datanodeUUID=0c3d5d33-5004-4ad0-a181-1b32c8916f48, command=[]} | ret=SUCCESS |  
2019-08-30 05:51:58,494 | INFO  | SCMAudit | user=jenkins1000 | ip=192.168.69.118 | op=SEND_HEARTBEAT {datanodeUUID=39b5c586-5c16-4d91-b521-ddac34f0fc4c, command=[]} | ret=SUCCESS |  
2019-08-30 05:51:58,501 | INFO  | SCMAudit | user=jenkins1000 | ip=192.168.69.118 | op=SEND_HEARTBEAT {datanodeUUID=3db231e5-aa41-417a-9eb1-ebae727224a1, command=[]} | ret=SUCCESS |  
2019-08-30 05:51:58,515 | INFO  | SCMAudit | user=jenkins1000 | ip=192.168.69.118 | op=SEND_HEARTBEAT {datanodeUUID=0c3d5d33-5004-4ad0-a181-1b32c8916f48, command=[]} | ret=SUCCESS |  
2019-08-30 05:51:58,595 | INFO  | SCMAudit | user=jenkins1000 | ip=192.168.69.118 | op=SEND_HEARTBEAT {datanodeUUID=39b5c586-5c16-4d91-b521-ddac34f0fc4c, command=[]} | ret=SUCCESS |  
2019-08-30 05:51:58,602 | INFO  | SCMAudit | user=jenkins1000 | ip=192.168.69.118 | op=SEND_HEARTBEAT {datanodeUUID=3db231e5-aa41-417a-9eb1-ebae727224a1, command=[]} | ret=SUCCESS |  
2019-08-30 05:51:58,616 | INFO  | SCMAudit | user=jenkins1000 | ip=192.168.69.118 | op=SEND_HEARTBEAT {datanodeUUID=0c3d5d33-5004-4ad0-a181-1b32c8916f48, command=[]} | ret=SUCCESS |  
2019-08-30 05:51:58,694 | INFO  | SCMAudit | user=jenkins1000 | ip=192.168.69.118 | op=SEND_HEARTBEAT {datanodeUUID=39b5c586-5c16-4d91-b521-ddac34f0fc4c, command=[]} | ret=SUCCESS |  
2019-08-30 05:51:58,702 | INFO  | SCMAudit | user=jenkins1000 | ip=192.168.69.118 | op=SEND_HEARTBEAT {datanodeUUID=3db231e5-aa41-417a-9eb1-ebae727224a1, command=[]} | ret=SUCCESS |  
2019-08-30 05:51:58,715 | INFO  | SCMAudit | user=jenkins1000 | ip=192.168.69.118 | op=SEND_HEARTBEAT {datanodeUUID=0c3d5d33-5004-4ad0-a181-1b32c8916f48, command=[]} | ret=SUCCESS |  
2019-08-30 05:51:58,795 | INFO  | SCMAudit | user=jenkins1000 | ip=192.168.69.118 | op=SEND_HEARTBEAT {datanodeUUID=39b5c586-5c16-4d91-b521-ddac34f0fc4c, command=[]} | ret=SUCCESS |  
2019-08-30 05:51:58,801 | INFO  | SCMAudit | user=jenkins1000 | ip=192.168.69.118 | op=SEND_HEARTBEAT {datanodeUUID=3db231e5-aa41-417a-9eb1-ebae727224a1, command=[]} | ret=SUCCESS |  
2019-08-30 05:51:58,816 | INFO  | SCMAudit | user=jenkins1000 | ip=192.168.69.118 | op=SEND_HEARTBEAT {datanodeUUID=0c3d5d33-5004-4ad0-a181-1b32c8916f48, command=[]} | ret=SUCCESS |  
2019-08-30 05:51:58,895 | INFO  | SCMAudit | user=jenkins1000 | ip=192.168.69.118 | op=SEND_HEARTBEAT {datanodeUUID=39b5c586-5c16-4d91-b521-ddac34f0fc4c, command=[]} | ret=SUCCESS |  
2019-08-30 05:51:58,901 | INFO  | SCMAudit | user=jenkins1000 | ip=192.168.69.118 | op=SEND_HEARTBEAT {datanodeUUID=3db231e5-aa41-417a-9eb1-ebae727224a1, command=[]} | ret=SUCCESS |  
2019-08-30 05:51:58,916 | INFO  | SCMAudit | user=jenkins1000 | ip=192.168.69.118 | op=SEND_HEARTBEAT {datanodeUUID=0c3d5d33-5004-4ad0-a181-1b32c8916f48, command=[]} | ret=SUCCESS |  
2019-08-30 05:51:58,923 [grpc-default-executor-4] INFO  client.GrpcClientProtocolClient (GrpcClientProtocolClient.java:onNext(255)) - client-66420869BE01->0c3d5d33-5004-4ad0-a181-1b32c8916f48: receive RaftClientReply:client-66420869BE01->0c3d5d33-5004-4ad0-a181-1b32c8916f48@group-F96D3AAC4001, cid=6, FAILED org.apache.ratis.protocol.NotLeaderException: Server 0c3d5d33-5004-4ad0-a181-1b32c8916f48 is not the leader (null). Request must be sent to leader., logIndex=0, commits[0c3d5d33-5004-4ad0-a181-1b32c8916f48:c-1]
2019-08-30 05:51:58,995 | INFO  | SCMAudit | user=jenkins1000 | ip=192.168.69.118 | op=SEND_HEARTBEAT {datanodeUUID=39b5c586-5c16-4d91-b521-ddac34f0fc4c, command=[]} | ret=SUCCESS |  
2019-08-30 05:51:59,002 | INFO  | SCMAudit | user=jenkins1000 | ip=192.168.69.118 | op=SEND_HEARTBEAT {datanodeUUID=3db231e5-aa41-417a-9eb1-ebae727224a1, command=[]} | ret=SUCCESS |  
2019-08-30 05:51:59,016 | INFO  | SCMAudit | user=jenkins1000 | ip=192.168.69.118 | op=SEND_HEARTBEAT {datanodeUUID=0c3d5d33-5004-4ad0-a181-1b32c8916f48, command=[]} | ret=SUCCESS |  
2019-08-30 05:51:59,095 | INFO  | SCMAudit | user=jenkins1000 | ip=192.168.69.118 | op=SEND_HEARTBEAT {datanodeUUID=39b5c586-5c16-4d91-b521-ddac34f0fc4c, command=[]} | ret=SUCCESS |  
2019-08-30 05:51:59,102 | INFO  | SCMAudit | user=jenkins1000 | ip=192.168.69.118 | op=SEND_HEARTBEAT {datanodeUUID=3db231e5-aa41-417a-9eb1-ebae727224a1, command=[]} | ret=SUCCESS |  
2019-08-30 05:51:59,117 | INFO  | SCMAudit | user=jenkins1000 | ip=192.168.69.118 | op=SEND_HEARTBEAT {datanodeUUID=0c3d5d33-5004-4ad0-a181-1b32c8916f48, command=[]} | ret=SUCCESS |  
2019-08-30 05:51:59,194 | INFO  | SCMAudit | user=jenkins1000 | ip=192.168.69.118 | op=SEND_HEARTBEAT {datanodeUUID=39b5c586-5c16-4d91-b521-ddac34f0fc4c, command=[]} | ret=SUCCESS |  
2019-08-30 05:51:59,201 | INFO  | SCMAudit | user=jenkins1000 | ip=192.168.69.118 | op=SEND_HEARTBEAT {datanodeUUID=3db231e5-aa41-417a-9eb1-ebae727224a1, command=[]} | ret=SUCCESS |  
2019-08-30 05:51:59,216 | INFO  | SCMAudit | user=jenkins1000 | ip=192.168.69.118 | op=SEND_HEARTBEAT {datanodeUUID=0c3d5d33-5004-4ad0-a181-1b32c8916f48, command=[]} | ret=SUCCESS |  
2019-08-30 05:51:59,294 | INFO  | SCMAudit | user=jenkins1000 | ip=192.168.69.118 | op=SEND_HEARTBEAT {datanodeUUID=39b5c586-5c16-4d91-b521-ddac34f0fc4c, command=[]} | ret=SUCCESS |  
2019-08-30 05:51:59,301 | INFO  | SCMAudit | user=jenkins1000 | ip=192.168.69.118 | op=SEND_HEARTBEAT {datanodeUUID=3db231e5-aa41-417a-9eb1-ebae727224a1, command=[]} | ret=SUCCESS |  
2019-08-30 05:51:59,317 | INFO  | SCMAudit | user=jenkins1000 | ip=192.168.69.118 | op=SEND_HEARTBEAT {datanodeUUID=0c3d5d33-5004-4ad0-a181-1b32c8916f48, command=[]} | ret=SUCCESS |  
2019-08-30 05:51:59,360 [Thread-283] INFO  impl.FollowerState (FollowerState.java:run(106)) - 0c3d5d33-5004-4ad0-a181-1b32c8916f48:group-F96D3AAC4001 changes to CANDIDATE, lastRpcTime:5050, electionTimeout:5048ms
2019-08-30 05:51:59,362 [Thread-283] INFO  impl.RoleInfo (RoleInfo.java:shutdownFollowerState(121)) - 0c3d5d33-5004-4ad0-a181-1b32c8916f48: shutdown FollowerState
2019-08-30 05:51:59,362 [Thread-283] INFO  impl.RaftServerImpl (RaftServerImpl.java:setRole(171)) - 0c3d5d33-5004-4ad0-a181-1b32c8916f48:group-F96D3AAC4001 changes role from FOLLOWER to CANDIDATE at term 2 for changeToCandidate
2019-08-30 05:51:59,363 [Thread-283] INFO  impl.RoleInfo (RoleInfo.java:updateAndGet(143)) - 0c3d5d33-5004-4ad0-a181-1b32c8916f48: start LeaderElection
2019-08-30 05:51:59,393 [Thread-282] INFO  impl.FollowerState (FollowerState.java:run(106)) - 3db231e5-aa41-417a-9eb1-ebae727224a1:group-F96D3AAC4001 changes to CANDIDATE, lastRpcTime:5087, electionTimeout:5083ms
2019-08-30 05:51:59,395 [Thread-282] INFO  impl.RoleInfo (RoleInfo.java:shutdownFollowerState(121)) - 3db231e5-aa41-417a-9eb1-ebae727224a1: shutdown FollowerState
2019-08-30 05:51:59,395 [Thread-282] INFO  impl.RaftServerImpl (RaftServerImpl.java:setRole(171)) - 3db231e5-aa41-417a-9eb1-ebae727224a1:group-F96D3AAC4001 changes role from FOLLOWER to CANDIDATE at term 2 for changeToCandidate
2019-08-30 05:51:59,395 [Thread-282] INFO  impl.RoleInfo (RoleInfo.java:updateAndGet(143)) - 3db231e5-aa41-417a-9eb1-ebae727224a1: start LeaderElection
2019-08-30 05:51:59,397 | INFO  | SCMAudit | user=jenkins1000 | ip=192.168.69.118 | op=SEND_HEARTBEAT {datanodeUUID=39b5c586-5c16-4d91-b521-ddac34f0fc4c, command=[]} | ret=SUCCESS |  
2019-08-30 05:51:59,398 [0c3d5d33-5004-4ad0-a181-1b32c8916f48:group-F96D3AAC4001:LeaderElection10] INFO  impl.LeaderElection (LeaderElection.java:askForVotes(181)) - 0c3d5d33-5004-4ad0-a181-1b32c8916f48:group-F96D3AAC4001:LeaderElection10: begin an election at term 3 for -1: [39b5c586-5c16-4d91-b521-ddac34f0fc4c:192.168.69.118:41067, 0c3d5d33-5004-4ad0-a181-1b32c8916f48:192.168.69.118:44044, 3db231e5-aa41-417a-9eb1-ebae727224a1:192.168.69.118:39216], old=null
2019-08-30 05:51:59,401 | INFO  | SCMAudit | user=jenkins1000 | ip=192.168.69.118 | op=SEND_HEARTBEAT {datanodeUUID=3db231e5-aa41-417a-9eb1-ebae727224a1, command=[]} | ret=SUCCESS |  
2019-08-30 05:51:59,404 [grpc-default-executor-0] INFO  impl.RaftServerImpl (RaftServerImpl.java:setRole(171)) - 39b5c586-5c16-4d91-b521-ddac34f0fc4c:group-F96D3AAC4001 changes role from FOLLOWER to FOLLOWER at term 3 for recognizeCandidate:0c3d5d33-5004-4ad0-a181-1b32c8916f48
2019-08-30 05:51:59,404 [grpc-default-executor-0] INFO  impl.RoleInfo (RoleInfo.java:shutdownFollowerState(121)) - 39b5c586-5c16-4d91-b521-ddac34f0fc4c: shutdown FollowerState
2019-08-30 05:51:59,405 [grpc-default-executor-0] INFO  impl.RoleInfo (RoleInfo.java:updateAndGet(143)) - 39b5c586-5c16-4d91-b521-ddac34f0fc4c: start FollowerState
2019-08-30 05:51:59,405 [Thread-284] INFO  impl.FollowerState (FollowerState.java:run(114)) - 39b5c586-5c16-4d91-b521-ddac34f0fc4c: FollowerState was interrupted: java.lang.InterruptedException: sleep interrupted
2019-08-30 05:51:59,418 | INFO  | SCMAudit | user=jenkins1000 | ip=192.168.69.118 | op=SEND_HEARTBEAT {datanodeUUID=0c3d5d33-5004-4ad0-a181-1b32c8916f48, command=[]} | ret=SUCCESS |  
2019-08-30 05:51:59,421 [3db231e5-aa41-417a-9eb1-ebae727224a1:group-F96D3AAC4001:LeaderElection11] INFO  impl.LeaderElection (LeaderElection.java:askForVotes(181)) - 3db231e5-aa41-417a-9eb1-ebae727224a1:group-F96D3AAC4001:LeaderElection11: begin an election at term 3 for -1: [39b5c586-5c16-4d91-b521-ddac34f0fc4c:192.168.69.118:41067, 0c3d5d33-5004-4ad0-a181-1b32c8916f48:192.168.69.118:44044, 3db231e5-aa41-417a-9eb1-ebae727224a1:192.168.69.118:39216], old=null
2019-08-30 05:51:59,446 [3db231e5-aa41-417a-9eb1-ebae727224a1:group-F96D3AAC4001:LeaderElection11] INFO  impl.LeaderElection (LeaderElection.java:logAndReturn(56)) - 3db231e5-aa41-417a-9eb1-ebae727224a1:group-F96D3AAC4001:LeaderElection11: Election REJECTED; received 2 response(s) [3db231e5-aa41-417a-9eb1-ebae727224a1<-39b5c586-5c16-4d91-b521-ddac34f0fc4c#0:FAIL-t3, 3db231e5-aa41-417a-9eb1-ebae727224a1<-0c3d5d33-5004-4ad0-a181-1b32c8916f48#0:FAIL-t3] and 0 exception(s); 3db231e5-aa41-417a-9eb1-ebae727224a1:t3, leader=null, voted=3db231e5-aa41-417a-9eb1-ebae727224a1, raftlog=3db231e5-aa41-417a-9eb1-ebae727224a1-SegmentedRaftLog:OPENED:c-1,f-1,i0, conf=-1: [39b5c586-5c16-4d91-b521-ddac34f0fc4c:192.168.69.118:41067, 0c3d5d33-5004-4ad0-a181-1b32c8916f48:192.168.69.118:44044, 3db231e5-aa41-417a-9eb1-ebae727224a1:192.168.69.118:39216], old=null
2019-08-30 05:51:59,447 [0c3d5d33-5004-4ad0-a181-1b32c8916f48:group-F96D3AAC4001:LeaderElection10] INFO  impl.LeaderElection (LeaderElection.java:logAndReturn(56)) - 0c3d5d33-5004-4ad0-a181-1b32c8916f48:group-F96D3AAC4001:LeaderElection10: Election PASSED; received 2 response(s) [0c3d5d33-5004-4ad0-a181-1b32c8916f48<-39b5c586-5c16-4d91-b521-ddac34f0fc4c#0:OK-t3, 0c3d5d33-5004-4ad0-a181-1b32c8916f48<-3db231e5-aa41-417a-9eb1-ebae727224a1#0:FAIL-t3] and 0 exception(s); 0c3d5d33-5004-4ad0-a181-1b32c8916f48:t3, leader=null, voted=0c3d5d33-5004-4ad0-a181-1b32c8916f48, raftlog=0c3d5d33-5004-4ad0-a181-1b32c8916f48-SegmentedRaftLog:OPENED:c-1,f-1,i0, conf=-1: [39b5c586-5c16-4d91-b521-ddac34f0fc4c:192.168.69.118:41067, 0c3d5d33-5004-4ad0-a181-1b32c8916f48:192.168.69.118:44044, 3db231e5-aa41-417a-9eb1-ebae727224a1:192.168.69.118:39216], old=null
2019-08-30 05:51:59,447 [3db231e5-aa41-417a-9eb1-ebae727224a1:group-F96D3AAC4001:LeaderElection11] INFO  impl.RaftServerImpl (RaftServerImpl.java:setRole(171)) - 3db231e5-aa41-417a-9eb1-ebae727224a1:group-F96D3AAC4001 changes role from CANDIDATE to FOLLOWER at term 3 for DISCOVERED_A_NEW_TERM
2019-08-30 05:51:59,451 [0c3d5d33-5004-4ad0-a181-1b32c8916f48:group-F96D3AAC4001:LeaderElection10] INFO  impl.RoleInfo (RoleInfo.java:shutdownLeaderElection(134)) - 0c3d5d33-5004-4ad0-a181-1b32c8916f48: shutdown LeaderElection
2019-08-30 05:51:59,451 [3db231e5-aa41-417a-9eb1-ebae727224a1:group-F96D3AAC4001:LeaderElection11] INFO  impl.RoleInfo (RoleInfo.java:shutdownLeaderElection(134)) - 3db231e5-aa41-417a-9eb1-ebae727224a1: shutdown LeaderElection
2019-08-30 05:51:59,455 [0c3d5d33-5004-4ad0-a181-1b32c8916f48:group-F96D3AAC4001:LeaderElection10] INFO  impl.RaftServerImpl (RaftServerImpl.java:setRole(171)) - 0c3d5d33-5004-4ad0-a181-1b32c8916f48:group-F96D3AAC4001 changes role from CANDIDATE to LEADER at term 3 for changeToLeader
2019-08-30 05:51:59,455 [3db231e5-aa41-417a-9eb1-ebae727224a1:group-F96D3AAC4001:LeaderElection11] INFO  impl.RoleInfo (RoleInfo.java:updateAndGet(143)) - 3db231e5-aa41-417a-9eb1-ebae727224a1: start FollowerState
2019-08-30 05:51:59,455 [0c3d5d33-5004-4ad0-a181-1b32c8916f48:group-F96D3AAC4001:LeaderElection10] INFO  impl.RaftServerImpl (ServerState.java:setLeader(263)) - 0c3d5d33-5004-4ad0-a181-1b32c8916f48:group-F96D3AAC4001 change Leader from null to 0c3d5d33-5004-4ad0-a181-1b32c8916f48 at term 3 for becomeLeader, leader elected after 15528ms
2019-08-30 05:51:59,457 [0c3d5d33-5004-4ad0-a181-1b32c8916f48:group-F96D3AAC4001:LeaderElection10] INFO  server.RaftServerConfigKeys (ConfUtils.java:logGet(43)) - raft.server.staging.catchup.gap = 1000 (default)
2019-08-30 05:51:59,457 [0c3d5d33-5004-4ad0-a181-1b32c8916f48:group-F96D3AAC4001:LeaderElection10] INFO  server.RaftServerConfigKeys (ConfUtils.java:logGet(43)) - raft.server.rpc.sleep.time = 25ms (default)
2019-08-30 05:51:59,457 [0c3d5d33-5004-4ad0-a181-1b32c8916f48:group-F96D3AAC4001:LeaderElection10] INFO  server.RaftServerConfigKeys (ConfUtils.java:logGet(43)) - raft.server.write.element-limit = 4096 (default)
2019-08-30 05:51:59,458 [0c3d5d33-5004-4ad0-a181-1b32c8916f48:group-F96D3AAC4001:LeaderElection10] INFO  server.RaftServerConfigKeys (ConfUtils.java:logGet(43)) - raft.server.watch.timeout = 10s (default)
2019-08-30 05:51:59,458 [0c3d5d33-5004-4ad0-a181-1b32c8916f48:group-F96D3AAC4001:LeaderElection10] INFO  server.RaftServerConfigKeys (ConfUtils.java:logGet(43)) - raft.server.watch.timeout.denomination = 1s (default)
2019-08-30 05:51:59,458 [0c3d5d33-5004-4ad0-a181-1b32c8916f48:group-F96D3AAC4001:LeaderElection10] INFO  server.RaftServerConfigKeys (ConfUtils.java:logGet(43)) - raft.server.watch.element-limit = 65536 (default)
2019-08-30 05:51:59,461 [0c3d5d33-5004-4ad0-a181-1b32c8916f48:group-F96D3AAC4001:LeaderElection10] INFO  server.RaftServerConfigKeys (ConfUtils.java:logGet(43)) - raft.server.log.appender.snapshot.chunk.size.max = 16MB (=16777216) (default)
2019-08-30 05:51:59,462 [0c3d5d33-5004-4ad0-a181-1b32c8916f48:group-F96D3AAC4001:LeaderElection10] INFO  server.RaftServerConfigKeys (ConfUtils.java:logGet(43)) - raft.server.log.appender.buffer.byte-limit = 33554432 (custom)
2019-08-30 05:51:59,463 [0c3d5d33-5004-4ad0-a181-1b32c8916f48:group-F96D3AAC4001:LeaderElection10] INFO  server.RaftServerConfigKeys (ConfUtils.java:logGet(43)) - raft.server.log.appender.buffer.element-limit = 1 (custom)
2019-08-30 05:51:59,467 [0c3d5d33-5004-4ad0-a181-1b32c8916f48:group-F96D3AAC4001:LeaderElection10] INFO  grpc.GrpcConfigKeys$Server (ConfUtils.java:logGet(43)) - raft.grpc.server.leader.outstanding.appends.max = 128 (default)
2019-08-30 05:51:59,472 [0c3d5d33-5004-4ad0-a181-1b32c8916f48:group-F96D3AAC4001:LeaderElection10] INFO  server.RaftServerConfigKeys (ConfUtils.java:logGet(43)) - raft.server.rpc.request.timeout = 3000ms (default)
2019-08-30 05:51:59,472 [0c3d5d33-5004-4ad0-a181-1b32c8916f48:group-F96D3AAC4001:LeaderElection10] INFO  server.RaftServerConfigKeys (ConfUtils.java:logGet(43)) - raft.server.log.appender.install.snapshot.enabled = false (custom)
2019-08-30 05:51:59,473 [0c3d5d33-5004-4ad0-a181-1b32c8916f48:group-F96D3AAC4001:LeaderElection10] INFO  server.RaftServerConfigKeys (ConfUtils.java:logGet(43)) - raft.server.log.appender.snapshot.chunk.size.max = 16MB (=16777216) (default)
2019-08-30 05:51:59,473 [0c3d5d33-5004-4ad0-a181-1b32c8916f48:group-F96D3AAC4001:LeaderElection10] INFO  server.RaftServerConfigKeys (ConfUtils.java:logGet(43)) - raft.server.log.appender.buffer.byte-limit = 33554432 (custom)
2019-08-30 05:51:59,473 [0c3d5d33-5004-4ad0-a181-1b32c8916f48:group-F96D3AAC4001:LeaderElection10] INFO  server.RaftServerConfigKeys (ConfUtils.java:logGet(43)) - raft.server.log.appender.buffer.element-limit = 1 (custom)
2019-08-30 05:51:59,473 [0c3d5d33-5004-4ad0-a181-1b32c8916f48:group-F96D3AAC4001:LeaderElection10] INFO  grpc.GrpcConfigKeys$Server (ConfUtils.java:logGet(43)) - raft.grpc.server.leader.outstanding.appends.max = 128 (default)
2019-08-30 05:51:59,474 [0c3d5d33-5004-4ad0-a181-1b32c8916f48:group-F96D3AAC4001:LeaderElection10] INFO  server.RaftServerConfigKeys (ConfUtils.java:logGet(43)) - raft.server.rpc.request.timeout = 3000ms (default)
2019-08-30 05:51:59,474 [0c3d5d33-5004-4ad0-a181-1b32c8916f48:group-F96D3AAC4001:LeaderElection10] INFO  server.RaftServerConfigKeys (ConfUtils.java:logGet(43)) - raft.server.log.appender.install.snapshot.enabled = false (custom)
2019-08-30 05:51:59,476 [0c3d5d33-5004-4ad0-a181-1b32c8916f48:group-F96D3AAC4001:LeaderElection10] INFO  impl.RoleInfo (RoleInfo.java:updateAndGet(143)) - 0c3d5d33-5004-4ad0-a181-1b32c8916f48: start LeaderState
2019-08-30 05:51:59,476 [0c3d5d33-5004-4ad0-a181-1b32c8916f48:group-F96D3AAC4001:LeaderElection10] INFO  segmented.SegmentedRaftLogWorker (SegmentedRaftLogWorker.java:startLogSegment(380)) - 0c3d5d33-5004-4ad0-a181-1b32c8916f48-SegmentedRaftLogWorker:Storage Directory /workdir/hadoop-ozone/integration-test/target/test-dir/MiniOzoneClusterImpl-6c81b17e-d379-4dd7-9ace-7f7e99a9bc26/datanode-0/data/ratis/1239619d-f8f3-45fb-8433-f96d3aac4001: Starting segment from index:0
2019-08-30 05:51:59,477 [0c3d5d33-5004-4ad0-a181-1b32c8916f48:group-F96D3AAC4001:LeaderElection10] INFO  impl.RaftServerImpl (ServerState.java:setRaftConf(361)) - 0c3d5d33-5004-4ad0-a181-1b32c8916f48:group-F96D3AAC4001 set configuration 0: [39b5c586-5c16-4d91-b521-ddac34f0fc4c:192.168.69.118:41067, 0c3d5d33-5004-4ad0-a181-1b32c8916f48:192.168.69.118:44044, 3db231e5-aa41-417a-9eb1-ebae727224a1:192.168.69.118:39216], old=null at 0
2019-08-30 05:51:59,522 | INFO  | SCMAudit | user=jenkins1000 | ip=192.168.69.118 | op=SEND_HEARTBEAT {datanodeUUID=3db231e5-aa41-417a-9eb1-ebae727224a1, command=[]} | ret=SUCCESS |  
2019-08-30 05:51:59,522 | INFO  | SCMAudit | user=jenkins1000 | ip=192.168.69.118 | op=SEND_HEARTBEAT {datanodeUUID=39b5c586-5c16-4d91-b521-ddac34f0fc4c, command=[]} | ret=SUCCESS |  
2019-08-30 05:51:59,523 | INFO  | SCMAudit | user=jenkins1000 | ip=192.168.69.118 | op=SEND_HEARTBEAT {datanodeUUID=0c3d5d33-5004-4ad0-a181-1b32c8916f48, command=[]} | ret=SUCCESS |  
2019-08-30 05:51:59,540 [grpc-default-executor-4] INFO  impl.RaftServerImpl (ServerState.java:setLeader(263)) - 39b5c586-5c16-4d91-b521-ddac34f0fc4c:group-F96D3AAC4001 change Leader from null to 0c3d5d33-5004-4ad0-a181-1b32c8916f48 at term 3 for appendEntries, leader elected after 15612ms
2019-08-30 05:51:59,540 [grpc-default-executor-0] INFO  impl.RaftServerImpl (ServerState.java:setLeader(263)) - 3db231e5-aa41-417a-9eb1-ebae727224a1:group-F96D3AAC4001 change Leader from null to 0c3d5d33-5004-4ad0-a181-1b32c8916f48 at term 3 for appendEntries, leader elected after 15613ms
2019-08-30 05:51:59,544 [0c3d5d33-5004-4ad0-a181-1b32c8916f48-SegmentedRaftLogWorker:Storage Directory /workdir/hadoop-ozone/integration-test/target/test-dir/MiniOzoneClusterImpl-6c81b17e-d379-4dd7-9ace-7f7e99a9bc26/datanode-0/data/ratis/1239619d-f8f3-45fb-8433-f96d3aac4001] INFO  segmented.SegmentedRaftLogWorker (SegmentedRaftLogWorker.java:execute(569)) - 0c3d5d33-5004-4ad0-a181-1b32c8916f48-SegmentedRaftLogWorker:Storage Directory /workdir/hadoop-ozone/integration-test/target/test-dir/MiniOzoneClusterImpl-6c81b17e-d379-4dd7-9ace-7f7e99a9bc26/datanode-0/data/ratis/1239619d-f8f3-45fb-8433-f96d3aac4001: created new log segment /workdir/hadoop-ozone/integration-test/target/test-dir/MiniOzoneClusterImpl-6c81b17e-d379-4dd7-9ace-7f7e99a9bc26/datanode-0/data/ratis/1239619d-f8f3-45fb-8433-f96d3aac4001/current/log_inprogress_0
2019-08-30 05:51:59,568 [grpc-default-executor-0] INFO  impl.RaftServerImpl (ServerState.java:setRaftConf(361)) - 3db231e5-aa41-417a-9eb1-ebae727224a1:group-F96D3AAC4001 set configuration 0: [39b5c586-5c16-4d91-b521-ddac34f0fc4c:192.168.69.118:41067, 0c3d5d33-5004-4ad0-a181-1b32c8916f48:192.168.69.118:44044, 3db231e5-aa41-417a-9eb1-ebae727224a1:192.168.69.118:39216], old=null at 0
2019-08-30 05:51:59,568 [grpc-default-executor-4] INFO  impl.RaftServerImpl (ServerState.java:setRaftConf(361)) - 39b5c586-5c16-4d91-b521-ddac34f0fc4c:group-F96D3AAC4001 set configuration 0: [39b5c586-5c16-4d91-b521-ddac34f0fc4c:192.168.69.118:41067, 0c3d5d33-5004-4ad0-a181-1b32c8916f48:192.168.69.118:44044, 3db231e5-aa41-417a-9eb1-ebae727224a1:192.168.69.118:39216], old=null at 0
2019-08-30 05:51:59,569 [grpc-default-executor-0] INFO  segmented.SegmentedRaftLogWorker (SegmentedRaftLogWorker.java:startLogSegment(380)) - 3db231e5-aa41-417a-9eb1-ebae727224a1-SegmentedRaftLogWorker:Storage Directory /workdir/hadoop-ozone/integration-test/target/test-dir/MiniOzoneClusterImpl-6c81b17e-d379-4dd7-9ace-7f7e99a9bc26/datanode-1/data/ratis/1239619d-f8f3-45fb-8433-f96d3aac4001: Starting segment from index:0
2019-08-30 05:51:59,570 [grpc-default-executor-4] INFO  segmented.SegmentedRaftLogWorker (SegmentedRaftLogWorker.java:startLogSegment(380)) - 39b5c586-5c16-4d91-b521-ddac34f0fc4c-SegmentedRaftLogWorker:Storage Directory /workdir/hadoop-ozone/integration-test/target/test-dir/MiniOzoneClusterImpl-6c81b17e-d379-4dd7-9ace-7f7e99a9bc26/datanode-2/data/ratis/1239619d-f8f3-45fb-8433-f96d3aac4001: Starting segment from index:0
2019-08-30 05:51:59,622 [3db231e5-aa41-417a-9eb1-ebae727224a1-SegmentedRaftLogWorker:Storage Directory /workdir/hadoop-ozone/integration-test/target/test-dir/MiniOzoneClusterImpl-6c81b17e-d379-4dd7-9ace-7f7e99a9bc26/datanode-1/data/ratis/1239619d-f8f3-45fb-8433-f96d3aac4001] INFO  segmented.SegmentedRaftLogWorker (SegmentedRaftLogWorker.java:execute(569)) - 3db231e5-aa41-417a-9eb1-ebae727224a1-SegmentedRaftLogWorker:Storage Directory /workdir/hadoop-ozone/integration-test/target/test-dir/MiniOzoneClusterImpl-6c81b17e-d379-4dd7-9ace-7f7e99a9bc26/datanode-1/data/ratis/1239619d-f8f3-45fb-8433-f96d3aac4001: created new log segment /workdir/hadoop-ozone/integration-test/target/test-dir/MiniOzoneClusterImpl-6c81b17e-d379-4dd7-9ace-7f7e99a9bc26/datanode-1/data/ratis/1239619d-f8f3-45fb-8433-f96d3aac4001/current/log_inprogress_0
2019-08-30 05:51:59,622 [39b5c586-5c16-4d91-b521-ddac34f0fc4c-SegmentedRaftLogWorker:Storage Directory /workdir/hadoop-ozone/integration-test/target/test-dir/MiniOzoneClusterImpl-6c81b17e-d379-4dd7-9ace-7f7e99a9bc26/datanode-2/data/ratis/1239619d-f8f3-45fb-8433-f96d3aac4001] INFO  segmented.SegmentedRaftLogWorker (SegmentedRaftLogWorker.java:execute(569)) - 39b5c586-5c16-4d91-b521-ddac34f0fc4c-SegmentedRaftLogWorker:Storage Directory /workdir/hadoop-ozone/integration-test/target/test-dir/MiniOzoneClusterImpl-6c81b17e-d379-4dd7-9ace-7f7e99a9bc26/datanode-2/data/ratis/1239619d-f8f3-45fb-8433-f96d3aac4001: created new log segment /workdir/hadoop-ozone/integration-test/target/test-dir/MiniOzoneClusterImpl-6c81b17e-d379-4dd7-9ace-7f7e99a9bc26/datanode-2/data/ratis/1239619d-f8f3-45fb-8433-f96d3aac4001/current/log_inprogress_0
2019-08-30 05:51:59,622 | INFO  | SCMAudit | user=jenkins1000 | ip=192.168.69.118 | op=SEND_HEARTBEAT {datanodeUUID=3db231e5-aa41-417a-9eb1-ebae727224a1, command=[]} | ret=SUCCESS |  
2019-08-30 05:51:59,622 | INFO  | SCMAudit | user=jenkins1000 | ip=192.168.69.118 | op=SEND_HEARTBEAT {datanodeUUID=0c3d5d33-5004-4ad0-a181-1b32c8916f48, command=[]} | ret=SUCCESS |  
2019-08-30 05:51:59,623 | INFO  | SCMAudit | user=jenkins1000 | ip=192.168.69.118 | op=SEND_HEARTBEAT {datanodeUUID=39b5c586-5c16-4d91-b521-ddac34f0fc4c, command=[]} | ret=SUCCESS |  
2019-08-30 05:51:59,722 | INFO  | SCMAudit | user=jenkins1000 | ip=192.168.69.118 | op=SEND_HEARTBEAT {datanodeUUID=3db231e5-aa41-417a-9eb1-ebae727224a1, command=[]} | ret=SUCCESS |  
2019-08-30 05:51:59,722 | INFO  | SCMAudit | user=jenkins1000 | ip=192.168.69.118 | op=SEND_HEARTBEAT {datanodeUUID=0c3d5d33-5004-4ad0-a181-1b32c8916f48, command=[]} | ret=SUCCESS |  
2019-08-30 05:51:59,722 | INFO  | SCMAudit | user=jenkins1000 | ip=192.168.69.118 | op=SEND_HEARTBEAT {datanodeUUID=39b5c586-5c16-4d91-b521-ddac34f0fc4c, command=[]} | ret=SUCCESS |  
2019-08-30 05:51:59,823 | INFO  | SCMAudit | user=jenkins1000 | ip=192.168.69.118 | op=SEND_HEARTBEAT {datanodeUUID=0c3d5d33-5004-4ad0-a181-1b32c8916f48, command=[]} | ret=SUCCESS |  
2019-08-30 05:51:59,823 | INFO  | SCMAudit | user=jenkins1000 | ip=192.168.69.118 | op=SEND_HEARTBEAT {datanodeUUID=39b5c586-5c16-4d91-b521-ddac34f0fc4c, command=[]} | ret=SUCCESS |  
2019-08-30 05:51:59,823 | INFO  | SCMAudit | user=jenkins1000 | ip=192.168.69.118 | op=SEND_HEARTBEAT {datanodeUUID=3db231e5-aa41-417a-9eb1-ebae727224a1, command=[]} | ret=SUCCESS |  
2019-08-30 05:51:59,922 | INFO  | SCMAudit | user=jenkins1000 | ip=192.168.69.118 | op=SEND_HEARTBEAT {datanodeUUID=0c3d5d33-5004-4ad0-a181-1b32c8916f48, command=[]} | ret=SUCCESS |  
2019-08-30 05:51:59,922 | INFO  | SCMAudit | user=jenkins1000 | ip=192.168.69.118 | op=SEND_HEARTBEAT {datanodeUUID=3db231e5-aa41-417a-9eb1-ebae727224a1, command=[]} | ret=SUCCESS |  
2019-08-30 05:51:59,924 | INFO  | SCMAudit | user=jenkins1000 | ip=192.168.69.118 | op=SEND_HEARTBEAT {datanodeUUID=39b5c586-5c16-4d91-b521-ddac34f0fc4c, command=[]} | ret=SUCCESS |  
2019-08-30 05:51:59,943 [grpc-default-executor-4] INFO  client.GrpcClientProtocolClient (GrpcClientProtocolClient.java:onNext(255)) - client-66420869BE01->3db231e5-aa41-417a-9eb1-ebae727224a1: receive RaftClientReply:client-66420869BE01->3db231e5-aa41-417a-9eb1-ebae727224a1@group-F96D3AAC4001, cid=6, FAILED org.apache.ratis.protocol.NotLeaderException: Server 3db231e5-aa41-417a-9eb1-ebae727224a1 is not the leader (0c3d5d33-5004-4ad0-a181-1b32c8916f48:192.168.69.118:44044). Request must be sent to leader., logIndex=0, commits[3db231e5-aa41-417a-9eb1-ebae727224a1:c0, 39b5c586-5c16-4d91-b521-ddac34f0fc4c:c-1, 0c3d5d33-5004-4ad0-a181-1b32c8916f48:c0]
2019-08-30 05:52:00,022 | INFO  | SCMAudit | user=jenkins1000 | ip=192.168.69.118 | op=SEND_HEARTBEAT {datanodeUUID=3db231e5-aa41-417a-9eb1-ebae727224a1, command=[]} | ret=SUCCESS |  
2019-08-30 05:52:00,022 | INFO  | SCMAudit | user=jenkins1000 | ip=192.168.69.118 | op=SEND_HEARTBEAT {datanodeUUID=0c3d5d33-5004-4ad0-a181-1b32c8916f48, command=[]} | ret=SUCCESS |  
2019-08-30 05:52:00,023 | INFO  | SCMAudit | user=jenkins1000 | ip=192.168.69.118 | op=SEND_HEARTBEAT {datanodeUUID=39b5c586-5c16-4d91-b521-ddac34f0fc4c, command=[]} | ret=SUCCESS |  
2019-08-30 05:52:00,123 | INFO  | SCMAudit | user=jenkins1000 | ip=192.168.69.118 | op=SEND_HEARTBEAT {datanodeUUID=0c3d5d33-5004-4ad0-a181-1b32c8916f48, command=[]} | ret=SUCCESS |  
2019-08-30 05:52:00,123 | INFO  | SCMAudit | user=jenkins1000 | ip=192.168.69.118 | op=SEND_HEARTBEAT {datanodeUUID=3db231e5-aa41-417a-9eb1-ebae727224a1, command=[]} | ret=SUCCESS |  
2019-08-30 05:52:00,123 | INFO  | SCMAudit | user=jenkins1000 | ip=192.168.69.118 | op=SEND_HEARTBEAT {datanodeUUID=39b5c586-5c16-4d91-b521-ddac34f0fc4c, command=[]} | ret=SUCCESS |  
2019-08-30 05:52:00,222 | INFO  | SCMAudit | user=jenkins1000 | ip=192.168.69.118 | op=SEND_HEARTBEAT {datanodeUUID=0c3d5d33-5004-4ad0-a181-1b32c8916f48, command=[]} | ret=SUCCESS |  
2019-08-30 05:52:00,223 | INFO  | SCMAudit | user=jenkins1000 | ip=192.168.69.118 | op=SEND_HEARTBEAT {datanodeUUID=3db231e5-aa41-417a-9eb1-ebae727224a1, command=[]} | ret=SUCCESS |  
2019-08-30 05:52:00,223 | INFO  | SCMAudit | user=jenkins1000 | ip=192.168.69.118 | op=SEND_HEARTBEAT {datanodeUUID=39b5c586-5c16-4d91-b521-ddac34f0fc4c, command=[]} | ret=SUCCESS |  
2019-08-30 05:52:00,249 | INFO  | DNAudit | user=null | ip=null | op=WRITE_CHUNK {blockData=conID: 1 locID: 102704369106026497 bcsId: 0} | ret=SUCCESS |  
2019-08-30 05:52:00,283 | INFO  | DNAudit | user=null | ip=null | op=WRITE_CHUNK {blockData=conID: 1 locID: 102704369106026497 bcsId: 0} | ret=SUCCESS |  
2019-08-30 05:52:00,283 | INFO  | DNAudit | user=null | ip=null | op=WRITE_CHUNK {blockData=conID: 1 locID: 102704369106026497 bcsId: 0} | ret=SUCCESS |  
2019-08-30 05:52:00,283 | INFO  | SCMAudit | user=jenkins1000 | ip=192.168.69.118 | op=SEND_HEARTBEAT {datanodeUUID=39b5c586-5c16-4d91-b521-ddac34f0fc4c, command=[]} | ret=SUCCESS |  
2019-08-30 05:52:00,283 | INFO  | SCMAudit | user=jenkins1000 | ip=192.168.69.118 | op=SEND_HEARTBEAT {datanodeUUID=3db231e5-aa41-417a-9eb1-ebae727224a1, command=[]} | ret=SUCCESS |  
2019-08-30 05:52:00,300 | INFO  | DNAudit | user=null | ip=null | op=WRITE_CHUNK {blockData=conID: 1 locID: 102704369106026497 bcsId: 0} | ret=SUCCESS |  
2019-08-30 05:52:00,314 [grpc-default-executor-0] INFO  client.GrpcClientProtocolClient (GrpcClientProtocolClient.java:onNext(255)) - client-66420869BE01->0c3d5d33-5004-4ad0-a181-1b32c8916f48: receive RaftClientReply:client-66420869BE01->0c3d5d33-5004-4ad0-a181-1b32c8916f48@group-F96D3AAC4001, cid=6, SUCCESS, logIndex=1, commits[0c3d5d33-5004-4ad0-a181-1b32c8916f48:c1, 39b5c586-5c16-4d91-b521-ddac34f0fc4c:c0, 3db231e5-aa41-417a-9eb1-ebae727224a1:c0]
2019-08-30 05:52:00,325 | INFO  | DNAudit | user=null | ip=null | op=WRITE_CHUNK {blockData=conID: 1 locID: 102704369106026497 bcsId: 0} | ret=SUCCESS |  
2019-08-30 05:52:00,325 | INFO  | DNAudit | user=null | ip=null | op=WRITE_CHUNK {blockData=conID: 1 locID: 102704369106026497 bcsId: 0} | ret=SUCCESS |  
2019-08-30 05:52:00,325 | INFO  | SCMAudit | user=jenkins1000 | ip=192.168.69.118 | op=SEND_HEARTBEAT {datanodeUUID=0c3d5d33-5004-4ad0-a181-1b32c8916f48, command=[]} | ret=SUCCESS |  
2019-08-30 05:52:00,381 | INFO  | SCMAudit | user=jenkins1000 | ip=192.168.69.118 | op=SEND_HEARTBEAT {datanodeUUID=3db231e5-aa41-417a-9eb1-ebae727224a1, command=[]} | ret=SUCCESS |  
2019-08-30 05:52:00,382 | INFO  | SCMAudit | user=jenkins1000 | ip=192.168.69.118 | op=SEND_HEARTBEAT {datanodeUUID=39b5c586-5c16-4d91-b521-ddac34f0fc4c, command=[]} | ret=SUCCESS |  
2019-08-30 05:52:00,421 | INFO  | SCMAudit | user=jenkins1000 | ip=192.168.69.118 | op=SEND_HEARTBEAT {datanodeUUID=0c3d5d33-5004-4ad0-a181-1b32c8916f48, command=[]} | ret=SUCCESS |  
2019-08-30 05:52:00,444 | INFO  | DNAudit | user=null | ip=null | op=PUT_BLOCK {blockData=[blockId=conID: 1 locID: 102704369106026497 bcsId: 0,size=5]} | ret=SUCCESS |  
2019-08-30 05:52:00,451 [grpc-default-executor-4] INFO  client.GrpcClientProtocolClient (GrpcClientProtocolClient.java:onNext(255)) - client-66420869BE01->0c3d5d33-5004-4ad0-a181-1b32c8916f48: receive RaftClientReply:client-66420869BE01->0c3d5d33-5004-4ad0-a181-1b32c8916f48@group-F96D3AAC4001, cid=7, SUCCESS, logIndex=3, commits[0c3d5d33-5004-4ad0-a181-1b32c8916f48:c4, 39b5c586-5c16-4d91-b521-ddac34f0fc4c:c3, 3db231e5-aa41-417a-9eb1-ebae727224a1:c3]
2019-08-30 05:52:00,480 [Datanode State Machine Thread - 0] INFO  statemachine.DatanodeStateMachine (DatanodeStateMachine.java:lambda$startDaemon$0(350)) - Ozone container server started.
2019-08-30 05:52:00,482 | INFO  | SCMAudit | user=jenkins1000 | ip=192.168.69.118 | op=SEND_HEARTBEAT {datanodeUUID=3db231e5-aa41-417a-9eb1-ebae727224a1, command=[]} | ret=SUCCESS |  
2019-08-30 05:52:00,511 | INFO  | DNAudit | user=null | ip=null | op=PUT_BLOCK {blockData=[blockId=conID: 1 locID: 102704369106026497 bcsId: 0,size=5]} | ret=SUCCESS |  
2019-08-30 05:52:00,522 | INFO  | SCMAudit | user=jenkins1000 | ip=192.168.69.118 | op=SEND_HEARTBEAT {datanodeUUID=0c3d5d33-5004-4ad0-a181-1b32c8916f48, command=[]} | ret=SUCCESS |  
2019-08-30 05:52:00,581 | INFO  | SCMAudit | user=jenkins1000 | ip=192.168.69.118 | op=SEND_HEARTBEAT {datanodeUUID=3db231e5-aa41-417a-9eb1-ebae727224a1, command=[]} | ret=SUCCESS |  
2019-08-30 05:52:00,605 | INFO  | DNAudit | user=null | ip=null | op=PUT_BLOCK {blockData=[blockId=conID: 1 locID: 102704369106026497 bcsId: 0,size=5]} | ret=SUCCESS |  
2019-08-30 05:52:00,621 | INFO  | SCMAudit | user=jenkins1000 | ip=192.168.69.118 | op=SEND_HEARTBEAT {datanodeUUID=0c3d5d33-5004-4ad0-a181-1b32c8916f48, command=[]} | ret=SUCCESS |  
2019-08-30 05:52:00,681 | INFO  | SCMAudit | user=jenkins1000 | ip=192.168.69.118 | op=SEND_HEARTBEAT {datanodeUUID=3db231e5-aa41-417a-9eb1-ebae727224a1, command=[]} | ret=SUCCESS |  
2019-08-30 05:52:00,721 | INFO  | SCMAudit | user=jenkins1000 | ip=192.168.69.118 | op=SEND_HEARTBEAT {datanodeUUID=0c3d5d33-5004-4ad0-a181-1b32c8916f48, command=[]} | ret=SUCCESS |  
2019-08-30 05:52:00,782 | INFO  | SCMAudit | user=jenkins1000 | ip=192.168.69.118 | op=SEND_HEARTBEAT {datanodeUUID=3db231e5-aa41-417a-9eb1-ebae727224a1, command=[]} | ret=SUCCESS |  
2019-08-30 05:52:00,822 | INFO  | SCMAudit | user=jenkins1000 | ip=192.168.69.118 | op=SEND_HEARTBEAT {datanodeUUID=0c3d5d33-5004-4ad0-a181-1b32c8916f48, command=[]} | ret=SUCCESS |  
2019-08-30 05:52:00,883 | INFO  | SCMAudit | user=jenkins1000 | ip=192.168.69.118 | op=SEND_HEARTBEAT {datanodeUUID=3db231e5-aa41-417a-9eb1-ebae727224a1, command=[]} | ret=SUCCESS |  
2019-08-30 05:52:00,921 | INFO  | SCMAudit | user=jenkins1000 | ip=192.168.69.118 | op=SEND_HEARTBEAT {datanodeUUID=0c3d5d33-5004-4ad0-a181-1b32c8916f48, command=[]} | ret=SUCCESS |  
2019-08-30 05:52:00,983 | INFO  | SCMAudit | user=jenkins1000 | ip=192.168.69.118 | op=SEND_HEARTBEAT {datanodeUUID=3db231e5-aa41-417a-9eb1-ebae727224a1, command=[]} | ret=SUCCESS |  
2019-08-30 05:52:01,021 | INFO  | SCMAudit | user=jenkins1000 | ip=192.168.69.118 | op=SEND_HEARTBEAT {datanodeUUID=0c3d5d33-5004-4ad0-a181-1b32c8916f48, command=[]} | ret=SUCCESS |  
2019-08-30 05:52:01,084 | INFO  | SCMAudit | user=jenkins1000 | ip=192.168.69.118 | op=SEND_HEARTBEAT {datanodeUUID=3db231e5-aa41-417a-9eb1-ebae727224a1, command=[]} | ret=SUCCESS |  
2019-08-30 05:52:01,122 | INFO  | SCMAudit | user=jenkins1000 | ip=192.168.69.118 | op=SEND_HEARTBEAT {datanodeUUID=0c3d5d33-5004-4ad0-a181-1b32c8916f48, command=[]} | ret=SUCCESS |  
2019-08-30 05:52:01,185 | INFO  | SCMAudit | user=jenkins1000 | ip=192.168.69.118 | op=SEND_HEARTBEAT {datanodeUUID=3db231e5-aa41-417a-9eb1-ebae727224a1, command=[]} | ret=SUCCESS |  
2019-08-30 05:52:01,223 | INFO  | SCMAudit | user=jenkins1000 | ip=192.168.69.118 | op=SEND_HEARTBEAT {datanodeUUID=0c3d5d33-5004-4ad0-a181-1b32c8916f48, command=[]} | ret=SUCCESS |  
2019-08-30 05:52:01,284 | INFO  | SCMAudit | user=jenkins1000 | ip=192.168.69.118 | op=SEND_HEARTBEAT {datanodeUUID=3db231e5-aa41-417a-9eb1-ebae727224a1, command=[]} | ret=SUCCESS |  
2019-08-30 05:52:01,322 | INFO  | SCMAudit | user=jenkins1000 | ip=192.168.69.118 | op=SEND_HEARTBEAT {datanodeUUID=0c3d5d33-5004-4ad0-a181-1b32c8916f48, command=[]} | ret=SUCCESS |  
2019-08-30 05:52:01,385 | INFO  | SCMAudit | user=jenkins1000 | ip=192.168.69.118 | op=SEND_HEARTBEAT {datanodeUUID=3db231e5-aa41-417a-9eb1-ebae727224a1, command=[]} | ret=SUCCESS |  
2019-08-30 05:52:01,423 | INFO  | SCMAudit | user=jenkins1000 | ip=192.168.69.118 | op=SEND_HEARTBEAT {datanodeUUID=0c3d5d33-5004-4ad0-a181-1b32c8916f48, command=[]} | ret=SUCCESS |  
2019-08-30 05:52:01,486 | INFO  | SCMAudit | user=jenkins1000 | ip=192.168.69.118 | op=SEND_HEARTBEAT {datanodeUUID=3db231e5-aa41-417a-9eb1-ebae727224a1, command=[]} | ret=SUCCESS |  
2019-08-30 05:52:01,525 | INFO  | SCMAudit | user=jenkins1000 | ip=192.168.69.118 | op=SEND_HEARTBEAT {datanodeUUID=0c3d5d33-5004-4ad0-a181-1b32c8916f48, command=[]} | ret=SUCCESS |  
2019-08-30 05:52:01,587 | INFO  | SCMAudit | user=jenkins1000 | ip=192.168.69.118 | op=SEND_HEARTBEAT {datanodeUUID=3db231e5-aa41-417a-9eb1-ebae727224a1, command=[]} | ret=SUCCESS |  
2019-08-30 05:52:01,623 | INFO  | SCMAudit | user=jenkins1000 | ip=192.168.69.118 | op=SEND_HEARTBEAT {datanodeUUID=0c3d5d33-5004-4ad0-a181-1b32c8916f48, command=[]} | ret=SUCCESS |  
2019-08-30 05:52:01,686 | INFO  | SCMAudit | user=jenkins1000 | ip=192.168.69.118 | op=SEND_HEARTBEAT {datanodeUUID=3db231e5-aa41-417a-9eb1-ebae727224a1, command=[]} | ret=SUCCESS |  
2019-08-30 05:52:01,724 | INFO  | SCMAudit | user=jenkins1000 | ip=192.168.69.118 | op=SEND_HEARTBEAT {datanodeUUID=0c3d5d33-5004-4ad0-a181-1b32c8916f48, command=[]} | ret=SUCCESS |  
2019-08-30 05:52:01,787 | INFO  | SCMAudit | user=jenkins1000 | ip=192.168.69.118 | op=SEND_HEARTBEAT {datanodeUUID=3db231e5-aa41-417a-9eb1-ebae727224a1, command=[]} | ret=SUCCESS |  
2019-08-30 05:52:01,823 | INFO  | SCMAudit | user=jenkins1000 | ip=192.168.69.118 | op=SEND_HEARTBEAT {datanodeUUID=0c3d5d33-5004-4ad0-a181-1b32c8916f48, command=[]} | ret=SUCCESS |  
2019-08-30 05:52:01,888 | INFO  | SCMAudit | user=jenkins1000 | ip=192.168.69.118 | op=SEND_HEARTBEAT {datanodeUUID=3db231e5-aa41-417a-9eb1-ebae727224a1, command=[]} | ret=SUCCESS |  
2019-08-30 05:52:01,924 | INFO  | SCMAudit | user=jenkins1000 | ip=192.168.69.118 | op=SEND_HEARTBEAT {datanodeUUID=0c3d5d33-5004-4ad0-a181-1b32c8916f48, command=[]} | ret=SUCCESS |  
2019-08-30 05:52:01,989 | INFO  | SCMAudit | user=jenkins1000 | ip=192.168.69.118 | op=SEND_HEARTBEAT {datanodeUUID=3db231e5-aa41-417a-9eb1-ebae727224a1, command=[]} | ret=SUCCESS |  
2019-08-30 05:52:02,025 | INFO  | SCMAudit | user=jenkins1000 | ip=192.168.69.118 | op=SEND_HEARTBEAT {datanodeUUID=0c3d5d33-5004-4ad0-a181-1b32c8916f48, command=[]} | ret=SUCCESS |  
2019-08-30 05:52:02,089 | INFO  | SCMAudit | user=jenkins1000 | ip=192.168.69.118 | op=SEND_HEARTBEAT {datanodeUUID=3db231e5-aa41-417a-9eb1-ebae727224a1, command=[]} | ret=SUCCESS |  
2019-08-30 05:52:02,123 | INFO  | SCMAudit | user=jenkins1000 | ip=192.168.69.118 | op=SEND_HEARTBEAT {datanodeUUID=0c3d5d33-5004-4ad0-a181-1b32c8916f48, command=[]} | ret=SUCCESS |  
2019-08-30 05:52:02,189 | INFO  | SCMAudit | user=jenkins1000 | ip=192.168.69.118 | op=SEND_HEARTBEAT {datanodeUUID=3db231e5-aa41-417a-9eb1-ebae727224a1, command=[]} | ret=SUCCESS |  
2019-08-30 05:52:02,224 | INFO  | SCMAudit | user=jenkins1000 | ip=192.168.69.118 | op=SEND_HEARTBEAT {datanodeUUID=0c3d5d33-5004-4ad0-a181-1b32c8916f48, command=[]} | ret=SUCCESS |  
2019-08-30 05:52:02,289 | INFO  | SCMAudit | user=jenkins1000 | ip=192.168.69.118 | op=SEND_HEARTBEAT {datanodeUUID=3db231e5-aa41-417a-9eb1-ebae727224a1, command=[]} | ret=SUCCESS |  
2019-08-30 05:52:02,324 | INFO  | SCMAudit | user=jenkins1000 | ip=192.168.69.118 | op=SEND_HEARTBEAT {datanodeUUID=0c3d5d33-5004-4ad0-a181-1b32c8916f48, command=[]} | ret=SUCCESS |  
2019-08-30 05:52:02,389 | INFO  | SCMAudit | user=jenkins1000 | ip=192.168.69.118 | op=SEND_HEARTBEAT {datanodeUUID=3db231e5-aa41-417a-9eb1-ebae727224a1, command=[]} | ret=SUCCESS |  
2019-08-30 05:52:02,423 | INFO  | SCMAudit | user=jenkins1000 | ip=192.168.69.118 | op=SEND_HEARTBEAT {datanodeUUID=0c3d5d33-5004-4ad0-a181-1b32c8916f48, command=[]} | ret=SUCCESS |  
2019-08-30 05:52:02,489 | INFO  | SCMAudit | user=jenkins1000 | ip=192.168.69.118 | op=SEND_HEARTBEAT {datanodeUUID=3db231e5-aa41-417a-9eb1-ebae727224a1, command=[]} | ret=SUCCESS |  
2019-08-30 05:52:02,524 | INFO  | SCMAudit | user=jenkins1000 | ip=192.168.69.118 | op=SEND_HEARTBEAT {datanodeUUID=0c3d5d33-5004-4ad0-a181-1b32c8916f48, command=[]} | ret=SUCCESS |  
2019-08-30 05:52:02,588 | INFO  | SCMAudit | user=jenkins1000 | ip=192.168.69.118 | op=SEND_HEARTBEAT {datanodeUUID=3db231e5-aa41-417a-9eb1-ebae727224a1, command=[]} | ret=SUCCESS |  
2019-08-30 05:52:02,623 | INFO  | SCMAudit | user=jenkins1000 | ip=192.168.69.118 | op=SEND_HEARTBEAT {datanodeUUID=0c3d5d33-5004-4ad0-a181-1b32c8916f48, command=[]} | ret=SUCCESS |  
2019-08-30 05:52:02,688 | INFO  | SCMAudit | user=jenkins1000 | ip=192.168.69.118 | op=SEND_HEARTBEAT {datanodeUUID=3db231e5-aa41-417a-9eb1-ebae727224a1, command=[]} | ret=SUCCESS |  
2019-08-30 05:52:02,724 | INFO  | SCMAudit | user=jenkins1000 | ip=192.168.69.118 | op=SEND_HEARTBEAT {datanodeUUID=0c3d5d33-5004-4ad0-a181-1b32c8916f48, command=[]} | ret=SUCCESS |  
2019-08-30 05:52:02,788 | INFO  | SCMAudit | user=jenkins1000 | ip=192.168.69.118 | op=SEND_HEARTBEAT {datanodeUUID=3db231e5-aa41-417a-9eb1-ebae727224a1, command=[]} | ret=SUCCESS |  
2019-08-30 05:52:02,824 | INFO  | SCMAudit | user=jenkins1000 | ip=192.168.69.118 | op=SEND_HEARTBEAT {datanodeUUID=0c3d5d33-5004-4ad0-a181-1b32c8916f48, command=[]} | ret=SUCCESS |  
2019-08-30 05:52:02,888 | INFO  | SCMAudit | user=jenkins1000 | ip=192.168.69.118 | op=SEND_HEARTBEAT {datanodeUUID=3db231e5-aa41-417a-9eb1-ebae727224a1, command=[]} | ret=SUCCESS |  
2019-08-30 05:52:02,925 | INFO  | SCMAudit | user=jenkins1000 | ip=192.168.69.118 | op=SEND_HEARTBEAT {datanodeUUID=0c3d5d33-5004-4ad0-a181-1b32c8916f48, command=[]} | ret=SUCCESS |  
2019-08-30 05:52:02,988 | INFO  | SCMAudit | user=jenkins1000 | ip=192.168.69.118 | op=SEND_HEARTBEAT {datanodeUUID=3db231e5-aa41-417a-9eb1-ebae727224a1, command=[]} | ret=SUCCESS |  
2019-08-30 05:52:03,024 | INFO  | SCMAudit | user=jenkins1000 | ip=192.168.69.118 | op=SEND_HEARTBEAT {datanodeUUID=0c3d5d33-5004-4ad0-a181-1b32c8916f48, command=[]} | ret=SUCCESS |  
2019-08-30 05:52:03,088 | INFO  | SCMAudit | user=jenkins1000 | ip=192.168.69.118 | op=SEND_HEARTBEAT {datanodeUUID=3db231e5-aa41-417a-9eb1-ebae727224a1, command=[]} | ret=SUCCESS |  
2019-08-30 05:52:03,125 | INFO  | SCMAudit | user=jenkins1000 | ip=192.168.69.118 | op=SEND_HEARTBEAT {datanodeUUID=0c3d5d33-5004-4ad0-a181-1b32c8916f48, command=[]} | ret=SUCCESS |  
2019-08-30 05:52:03,189 | INFO  | SCMAudit | user=jenkins1000 | ip=192.168.69.118 | op=SEND_HEARTBEAT {datanodeUUID=3db231e5-aa41-417a-9eb1-ebae727224a1, command=[]} | ret=SUCCESS |  
2019-08-30 05:52:03,224 | INFO  | SCMAudit | user=jenkins1000 | ip=192.168.69.118 | op=SEND_HEARTBEAT {datanodeUUID=0c3d5d33-5004-4ad0-a181-1b32c8916f48, command=[]} | ret=SUCCESS |  
2019-08-30 05:52:03,288 | INFO  | SCMAudit | user=jenkins1000 | ip=192.168.69.118 | op=SEND_HEARTBEAT {datanodeUUID=3db231e5-aa41-417a-9eb1-ebae727224a1, command=[]} | ret=SUCCESS |  
2019-08-30 05:52:03,325 | INFO  | SCMAudit | user=jenkins1000 | ip=192.168.69.118 | op=SEND_HEARTBEAT {datanodeUUID=0c3d5d33-5004-4ad0-a181-1b32c8916f48, command=[]} | ret=SUCCESS |  
2019-08-30 05:52:03,389 | INFO  | SCMAudit | user=jenkins1000 | ip=192.168.69.118 | op=SEND_HEARTBEAT {datanodeUUID=3db231e5-aa41-417a-9eb1-ebae727224a1, command=[]} | ret=SUCCESS |  
2019-08-30 05:52:03,424 | INFO  | SCMAudit | user=jenkins1000 | ip=192.168.69.118 | op=SEND_HEARTBEAT {datanodeUUID=0c3d5d33-5004-4ad0-a181-1b32c8916f48, command=[]} | ret=SUCCESS |  
2019-08-30 05:52:03,489 | INFO  | SCMAudit | user=jenkins1000 | ip=192.168.69.118 | op=SEND_HEARTBEAT {datanodeUUID=3db231e5-aa41-417a-9eb1-ebae727224a1, command=[]} | ret=SUCCESS |  
2019-08-30 05:52:03,524 | INFO  | SCMAudit | user=jenkins1000 | ip=192.168.69.118 | op=SEND_HEARTBEAT {datanodeUUID=0c3d5d33-5004-4ad0-a181-1b32c8916f48, command=[]} | ret=SUCCESS |  
2019-08-30 05:52:03,589 | INFO  | SCMAudit | user=jenkins1000 | ip=192.168.69.118 | op=SEND_HEARTBEAT {datanodeUUID=3db231e5-aa41-417a-9eb1-ebae727224a1, command=[]} | ret=SUCCESS |  
2019-08-30 05:52:03,625 | INFO  | SCMAudit | user=jenkins1000 | ip=192.168.69.118 | op=SEND_HEARTBEAT {datanodeUUID=0c3d5d33-5004-4ad0-a181-1b32c8916f48, command=[]} | ret=SUCCESS |  
2019-08-30 05:52:03,689 | INFO  | SCMAudit | user=jenkins1000 | ip=192.168.69.118 | op=SEND_HEARTBEAT {datanodeUUID=3db231e5-aa41-417a-9eb1-ebae727224a1, command=[]} | ret=SUCCESS |  
2019-08-30 05:52:03,726 | INFO  | SCMAudit | user=jenkins1000 | ip=192.168.69.118 | op=SEND_HEARTBEAT {datanodeUUID=0c3d5d33-5004-4ad0-a181-1b32c8916f48, command=[]} | ret=SUCCESS |  
2019-08-30 05:52:03,789 | INFO  | SCMAudit | user=jenkins1000 | ip=192.168.69.118 | op=SEND_HEARTBEAT {datanodeUUID=3db231e5-aa41-417a-9eb1-ebae727224a1, command=[]} | ret=SUCCESS |  
2019-08-30 05:52:03,825 | INFO  | SCMAudit | user=jenkins1000 | ip=192.168.69.118 | op=SEND_HEARTBEAT {datanodeUUID=0c3d5d33-5004-4ad0-a181-1b32c8916f48, command=[]} | ret=SUCCESS |  
2019-08-30 05:52:03,889 | INFO  | SCMAudit | user=jenkins1000 | ip=192.168.69.118 | op=SEND_HEARTBEAT {datanodeUUID=3db231e5-aa41-417a-9eb1-ebae727224a1, command=[]} | ret=SUCCESS |  
2019-08-30 05:52:03,926 | INFO  | SCMAudit | user=jenkins1000 | ip=192.168.69.118 | op=SEND_HEARTBEAT {datanodeUUID=0c3d5d33-5004-4ad0-a181-1b32c8916f48, command=[]} | ret=SUCCESS |  
2019-08-30 05:52:03,989 | INFO  | SCMAudit | user=jenkins1000 | ip=192.168.69.118 | op=SEND_HEARTBEAT {datanodeUUID=3db231e5-aa41-417a-9eb1-ebae727224a1, command=[]} | ret=SUCCESS |  
2019-08-30 05:52:04,025 | INFO  | SCMAudit | user=jenkins1000 | ip=192.168.69.118 | op=SEND_HEARTBEAT {datanodeUUID=0c3d5d33-5004-4ad0-a181-1b32c8916f48, command=[]} | ret=SUCCESS |  
2019-08-30 05:52:04,091 | INFO  | SCMAudit | user=jenkins1000 | ip=192.168.69.118 | op=SEND_HEARTBEAT {datanodeUUID=3db231e5-aa41-417a-9eb1-ebae727224a1, command=[]} | ret=SUCCESS |  
2019-08-30 05:52:04,126 | INFO  | SCMAudit | user=jenkins1000 | ip=192.168.69.118 | op=SEND_HEARTBEAT {datanodeUUID=0c3d5d33-5004-4ad0-a181-1b32c8916f48, command=[]} | ret=SUCCESS |  
2019-08-30 05:52:04,191 | INFO  | SCMAudit | user=jenkins1000 | ip=192.168.69.118 | op=SEND_HEARTBEAT {datanodeUUID=3db231e5-aa41-417a-9eb1-ebae727224a1, command=[]} | ret=SUCCESS |  
2019-08-30 05:52:04,227 | INFO  | SCMAudit | user=jenkins1000 | ip=192.168.69.118 | op=SEND_HEARTBEAT {datanodeUUID=0c3d5d33-5004-4ad0-a181-1b32c8916f48, command=[]} | ret=SUCCESS |  
2019-08-30 05:52:04,290 | INFO  | SCMAudit | user=jenkins1000 | ip=192.168.69.118 | op=SEND_HEARTBEAT {datanodeUUID=3db231e5-aa41-417a-9eb1-ebae727224a1, command=[]} | ret=SUCCESS |  
2019-08-30 05:52:04,326 | INFO  | SCMAudit | user=jenkins1000 | ip=192.168.69.118 | op=SEND_HEARTBEAT {datanodeUUID=0c3d5d33-5004-4ad0-a181-1b32c8916f48, command=[]} | ret=SUCCESS |  
2019-08-30 05:52:04,390 | INFO  | SCMAudit | user=jenkins1000 | ip=192.168.69.118 | op=SEND_HEARTBEAT {datanodeUUID=3db231e5-aa41-417a-9eb1-ebae727224a1, command=[]} | ret=SUCCESS |  
2019-08-30 05:52:04,427 | INFO  | SCMAudit | user=jenkins1000 | ip=192.168.69.118 | op=SEND_HEARTBEAT {datanodeUUID=0c3d5d33-5004-4ad0-a181-1b32c8916f48, command=[]} | ret=SUCCESS |  
2019-08-30 05:52:04,490 | INFO  | SCMAudit | user=jenkins1000 | ip=192.168.69.118 | op=SEND_HEARTBEAT {datanodeUUID=3db231e5-aa41-417a-9eb1-ebae727224a1, command=[]} | ret=SUCCESS |  
2019-08-30 05:52:04,527 | INFO  | SCMAudit | user=jenkins1000 | ip=192.168.69.118 | op=SEND_HEARTBEAT {datanodeUUID=0c3d5d33-5004-4ad0-a181-1b32c8916f48, command=[]} | ret=SUCCESS |  
2019-08-30 05:52:04,591 | INFO  | SCMAudit | user=jenkins1000 | ip=192.168.69.118 | op=SEND_HEARTBEAT {datanodeUUID=3db231e5-aa41-417a-9eb1-ebae727224a1, command=[]} | ret=SUCCESS |  
2019-08-30 05:52:04,626 | INFO  | SCMAudit | user=jenkins1000 | ip=192.168.69.118 | op=SEND_HEARTBEAT {datanodeUUID=0c3d5d33-5004-4ad0-a181-1b32c8916f48, command=[]} | ret=SUCCESS |  
2019-08-30 05:52:04,690 | INFO  | SCMAudit | user=jenkins1000 | ip=192.168.69.118 | op=SEND_HEARTBEAT {datanodeUUID=3db231e5-aa41-417a-9eb1-ebae727224a1, command=[]} | ret=SUCCESS |  
2019-08-30 05:52:04,727 | INFO  | SCMAudit | user=jenkins1000 | ip=192.168.69.118 | op=SEND_HEARTBEAT {datanodeUUID=0c3d5d33-5004-4ad0-a181-1b32c8916f48, command=[]} | ret=SUCCESS |  
2019-08-30 05:52:04,791 | INFO  | SCMAudit | user=jenkins1000 | ip=192.168.69.118 | op=SEND_HEARTBEAT {datanodeUUID=3db231e5-aa41-417a-9eb1-ebae727224a1, command=[]} | ret=SUCCESS |  
2019-08-30 05:52:04,826 | INFO  | SCMAudit | user=jenkins1000 | ip=192.168.69.118 | op=SEND_HEARTBEAT {datanodeUUID=0c3d5d33-5004-4ad0-a181-1b32c8916f48, command=[]} | ret=SUCCESS |  
2019-08-30 05:52:04,890 | INFO  | SCMAudit | user=jenkins1000 | ip=192.168.69.118 | op=SEND_HEARTBEAT {datanodeUUID=3db231e5-aa41-417a-9eb1-ebae727224a1, command=[]} | ret=SUCCESS |  
2019-08-30 05:52:04,927 | INFO  | SCMAudit | user=jenkins1000 | ip=192.168.69.118 | op=SEND_HEARTBEAT {datanodeUUID=0c3d5d33-5004-4ad0-a181-1b32c8916f48, command=[]} | ret=SUCCESS |  
2019-08-30 05:52:04,990 | INFO  | SCMAudit | user=jenkins1000 | ip=192.168.69.118 | op=SEND_HEARTBEAT {datanodeUUID=3db231e5-aa41-417a-9eb1-ebae727224a1, command=[]} | ret=SUCCESS |  
2019-08-30 05:52:05,026 | INFO  | SCMAudit | user=jenkins1000 | ip=192.168.69.118 | op=SEND_HEARTBEAT {datanodeUUID=0c3d5d33-5004-4ad0-a181-1b32c8916f48, command=[]} | ret=SUCCESS |  
2019-08-30 05:52:05,091 | INFO  | SCMAudit | user=jenkins1000 | ip=192.168.69.118 | op=SEND_HEARTBEAT {datanodeUUID=3db231e5-aa41-417a-9eb1-ebae727224a1, command=[]} | ret=SUCCESS |  
2019-08-30 05:52:05,127 | INFO  | SCMAudit | user=jenkins1000 | ip=192.168.69.118 | op=SEND_HEARTBEAT {datanodeUUID=0c3d5d33-5004-4ad0-a181-1b32c8916f48, command=[]} | ret=SUCCESS |  
2019-08-30 05:52:05,190 | INFO  | SCMAudit | user=jenkins1000 | ip=192.168.69.118 | op=SEND_HEARTBEAT {datanodeUUID=3db231e5-aa41-417a-9eb1-ebae727224a1, command=[]} | ret=SUCCESS |  
2019-08-30 05:52:05,226 | INFO  | SCMAudit | user=jenkins1000 | ip=192.168.69.118 | op=SEND_HEARTBEAT {datanodeUUID=0c3d5d33-5004-4ad0-a181-1b32c8916f48, command=[]} | ret=SUCCESS |  
2019-08-30 05:52:05,290 | INFO  | SCMAudit | user=jenkins1000 | ip=192.168.69.118 | op=SEND_HEARTBEAT {datanodeUUID=3db231e5-aa41-417a-9eb1-ebae727224a1, command=[]} | ret=SUCCESS |  
2019-08-30 05:52:05,327 | INFO  | SCMAudit | user=jenkins1000 | ip=192.168.69.118 | op=SEND_HEARTBEAT {datanodeUUID=0c3d5d33-5004-4ad0-a181-1b32c8916f48, command=[]} | ret=SUCCESS |  
2019-08-30 05:52:05,391 | INFO  | SCMAudit | user=jenkins1000 | ip=192.168.69.118 | op=SEND_HEARTBEAT {datanodeUUID=3db231e5-aa41-417a-9eb1-ebae727224a1, command=[]} | ret=SUCCESS |  
2019-08-30 05:52:05,427 | INFO  | SCMAudit | user=jenkins1000 | ip=192.168.69.118 | op=SEND_HEARTBEAT {datanodeUUID=0c3d5d33-5004-4ad0-a181-1b32c8916f48, command=[]} | ret=SUCCESS |  
2019-08-30 05:52:05,470 [main] INFO  ozoneimpl.OzoneContainer (OzoneContainer.java:stop(215)) - Attempting to stop container services.
2019-08-30 05:52:05,471 [main] INFO  impl.RaftServerProxy (RaftServerProxy.java:lambda$close$4(314)) - 39b5c586-5c16-4d91-b521-ddac34f0fc4c: close
2019-08-30 05:52:05,473 [main] INFO  impl.RaftServerImpl (RaftServerImpl.java:lambda$shutdown$3(245)) - 39b5c586-5c16-4d91-b521-ddac34f0fc4c: shutdown group-5798017B6283
2019-08-30 05:52:05,473 [ForkJoinPool.commonPool-worker-1] INFO  impl.RaftServerImpl (RaftServerImpl.java:lambda$shutdown$3(245)) - 39b5c586-5c16-4d91-b521-ddac34f0fc4c: shutdown group-F96D3AAC4001
2019-08-30 05:52:05,474 [main] INFO  util.JmxRegister (JmxRegister.java:unregister(73)) - Successfully un-registered JMX Bean with object name Ratis:service=RaftServer,group=group-5798017B6283,id=39b5c586-5c16-4d91-b521-ddac34f0fc4c
2019-08-30 05:52:05,474 [ForkJoinPool.commonPool-worker-1] INFO  util.JmxRegister (JmxRegister.java:unregister(73)) - Successfully un-registered JMX Bean with object name Ratis:service=RaftServer,group=group-F96D3AAC4001,id=39b5c586-5c16-4d91-b521-ddac34f0fc4c
2019-08-30 05:52:05,474 [main] INFO  impl.RoleInfo (RoleInfo.java:shutdownLeaderState(104)) - 39b5c586-5c16-4d91-b521-ddac34f0fc4c: shutdown LeaderState
2019-08-30 05:52:05,474 [ForkJoinPool.commonPool-worker-1] INFO  impl.RoleInfo (RoleInfo.java:shutdownFollowerState(121)) - 39b5c586-5c16-4d91-b521-ddac34f0fc4c: shutdown FollowerState
2019-08-30 05:52:05,475 [ForkJoinPool.commonPool-worker-1] INFO  impl.StateMachineUpdater (StateMachineUpdater.java:stopAndJoin(115)) - StateMachineUpdater:39b5c586-5c16-4d91-b521-ddac34f0fc4c:group-F96D3AAC4001: set stopIndex = 4
2019-08-30 05:52:05,475 [StateMachineUpdater:39b5c586-5c16-4d91-b521-ddac34f0fc4c:group-F96D3AAC4001] INFO  ratis.ContainerStateMachine (ContainerStateMachine.java:takeSnapshot(284)) - group-F96D3AAC4001: Taking a snapshot at:(t:3, i:3) file /workdir/hadoop-ozone/integration-test/target/test-dir/MiniOzoneClusterImpl-6c81b17e-d379-4dd7-9ace-7f7e99a9bc26/datanode-2/data/ratis/1239619d-f8f3-45fb-8433-f96d3aac4001/sm/snapshot.3_3
2019-08-30 05:52:05,475 [main] INFO  impl.PendingRequests (PendingRequests.java:sendNotLeaderResponses(202)) - 39b5c586-5c16-4d91-b521-ddac34f0fc4c-PendingRequests: sendNotLeaderResponses
2019-08-30 05:52:05,475 [Thread-304] INFO  impl.FollowerState (FollowerState.java:run(114)) - 39b5c586-5c16-4d91-b521-ddac34f0fc4c: FollowerState was interrupted: java.lang.InterruptedException: sleep interrupted
2019-08-30 05:52:05,479 [main] INFO  impl.StateMachineUpdater (StateMachineUpdater.java:stopAndJoin(115)) - StateMachineUpdater:39b5c586-5c16-4d91-b521-ddac34f0fc4c:group-5798017B6283: set stopIndex = 0
2019-08-30 05:52:05,482 [main] INFO  impl.RaftServerImpl (ServerState.java:close(394)) - 39b5c586-5c16-4d91-b521-ddac34f0fc4c:group-5798017B6283 closes. The last applied log index is 0
2019-08-30 05:52:05,484 [39b5c586-5c16-4d91-b521-ddac34f0fc4c-SegmentedRaftLogWorker:Storage Directory /workdir/hadoop-ozone/integration-test/target/test-dir/MiniOzoneClusterImpl-6c81b17e-d379-4dd7-9ace-7f7e99a9bc26/datanode-2/data/ratis/e7e7df2d-8c7d-4035-9666-5798017b6283] INFO  segmented.SegmentedRaftLogWorker (SegmentedRaftLogWorker.java:run(313)) - 39b5c586-5c16-4d91-b521-ddac34f0fc4c-SegmentedRaftLogWorker:Storage Directory /workdir/hadoop-ozone/integration-test/target/test-dir/MiniOzoneClusterImpl-6c81b17e-d379-4dd7-9ace-7f7e99a9bc26/datanode-2/data/ratis/e7e7df2d-8c7d-4035-9666-5798017b6283 was interrupted, exiting. There are 0 tasks remaining in the queue.
2019-08-30 05:52:05,486 [main] INFO  segmented.SegmentedRaftLogWorker (SegmentedRaftLogWorker.java:close(228)) - 39b5c586-5c16-4d91-b521-ddac34f0fc4c-SegmentedRaftLogWorker:Storage Directory /workdir/hadoop-ozone/integration-test/target/test-dir/MiniOzoneClusterImpl-6c81b17e-d379-4dd7-9ace-7f7e99a9bc26/datanode-2/data/ratis/e7e7df2d-8c7d-4035-9666-5798017b6283 close()
2019-08-30 05:52:05,491 | INFO  | SCMAudit | user=jenkins1000 | ip=192.168.69.118 | op=SEND_HEARTBEAT {datanodeUUID=3db231e5-aa41-417a-9eb1-ebae727224a1, command=[]} | ret=SUCCESS |  
2019-08-30 05:52:05,518 [StateMachineUpdater:39b5c586-5c16-4d91-b521-ddac34f0fc4c:group-F96D3AAC4001] INFO  ratis.ContainerStateMachine (ContainerStateMachine.java:takeSnapshot(295)) - group-F96D3AAC4001: Finished taking a snapshot at:(t:3, i:3) file:/workdir/hadoop-ozone/integration-test/target/test-dir/MiniOzoneClusterImpl-6c81b17e-d379-4dd7-9ace-7f7e99a9bc26/datanode-2/data/ratis/1239619d-f8f3-45fb-8433-f96d3aac4001/sm/snapshot.3_3 time:42
2019-08-30 05:52:05,519 [StateMachineUpdater:39b5c586-5c16-4d91-b521-ddac34f0fc4c:group-F96D3AAC4001] INFO  impl.StateMachineUpdater (StateMachineUpdater.java:takeSnapshot(242)) - StateMachineUpdater:39b5c586-5c16-4d91-b521-ddac34f0fc4c:group-F96D3AAC4001: Took a snapshot at index 3
2019-08-30 05:52:05,519 [StateMachineUpdater:39b5c586-5c16-4d91-b521-ddac34f0fc4c:group-F96D3AAC4001] INFO  impl.StateMachineUpdater (StateMachineUpdater.java:lambda$new$0(80)) - StateMachineUpdater:39b5c586-5c16-4d91-b521-ddac34f0fc4c:group-F96D3AAC4001: snapshotIndex: updateIncreasingly -1 -> 3
2019-08-30 05:52:05,525 [ForkJoinPool.commonPool-worker-1] INFO  impl.RaftServerImpl (ServerState.java:close(394)) - 39b5c586-5c16-4d91-b521-ddac34f0fc4c:group-F96D3AAC4001 closes. The last applied log index is 4
2019-08-30 05:52:05,525 [39b5c586-5c16-4d91-b521-ddac34f0fc4c-SegmentedRaftLogWorker:Storage Directory /workdir/hadoop-ozone/integration-test/target/test-dir/MiniOzoneClusterImpl-6c81b17e-d379-4dd7-9ace-7f7e99a9bc26/datanode-2/data/ratis/1239619d-f8f3-45fb-8433-f96d3aac4001] INFO  segmented.SegmentedRaftLogWorker (SegmentedRaftLogWorker.java:run(313)) - 39b5c586-5c16-4d91-b521-ddac34f0fc4c-SegmentedRaftLogWorker:Storage Directory /workdir/hadoop-ozone/integration-test/target/test-dir/MiniOzoneClusterImpl-6c81b17e-d379-4dd7-9ace-7f7e99a9bc26/datanode-2/data/ratis/1239619d-f8f3-45fb-8433-f96d3aac4001 was interrupted, exiting. There are 0 tasks remaining in the queue.
2019-08-30 05:52:05,527 [ForkJoinPool.commonPool-worker-1] INFO  segmented.SegmentedRaftLogWorker (SegmentedRaftLogWorker.java:close(228)) - 39b5c586-5c16-4d91-b521-ddac34f0fc4c-SegmentedRaftLogWorker:Storage Directory /workdir/hadoop-ozone/integration-test/target/test-dir/MiniOzoneClusterImpl-6c81b17e-d379-4dd7-9ace-7f7e99a9bc26/datanode-2/data/ratis/1239619d-f8f3-45fb-8433-f96d3aac4001 close()
2019-08-30 05:52:05,530 | INFO  | SCMAudit | user=jenkins1000 | ip=192.168.69.118 | op=SEND_HEARTBEAT {datanodeUUID=0c3d5d33-5004-4ad0-a181-1b32c8916f48, command=[]} | ret=SUCCESS |  
2019-08-30 05:52:05,530 [main] INFO  server.GrpcService (GrpcService.java:closeImpl(155)) - 39b5c586-5c16-4d91-b521-ddac34f0fc4c: shutdown server with port 41067 now
2019-08-30 05:52:05,541 [main] INFO  server.GrpcService (GrpcService.java:closeImpl(163)) - 39b5c586-5c16-4d91-b521-ddac34f0fc4c: shutdown server with port 41067 successfully
2019-08-30 05:52:05,541 [grpc-default-executor-1] WARN  server.GrpcServerProtocolService (LogUtils.java:warn(134)) - 39b5c586-5c16-4d91-b521-ddac34f0fc4c: appendEntries onError: org.apache.ratis.thirdparty.io.grpc.StatusRuntimeException: CANCELLED: cancelled before receiving half close
2019-08-30 05:52:05,542 [grpc-default-executor-0] WARN  server.GrpcLogAppender (LogUtils.java:warn(134)) - 0c3d5d33-5004-4ad0-a181-1b32c8916f48->39b5c586-5c16-4d91-b521-ddac34f0fc4c: Failed appendEntries: org.apache.ratis.thirdparty.io.grpc.StatusRuntimeException: CANCELLED: HTTP/2 error code: CANCEL
Received Rst Stream
2019-08-30 05:52:05,544 [grpc-default-executor-0] INFO  impl.FollowerInfo (FollowerInfo.java:lambda$new$0(50)) - 0c3d5d33-5004-4ad0-a181-1b32c8916f48->39b5c586-5c16-4d91-b521-ddac34f0fc4c: nextIndex: updateUnconditionally 5 -> 4
2019-08-30 05:52:05,553 [refreshUsed-/workdir/hadoop-ozone/integration-test/target/test-dir/MiniOzoneClusterImpl-6c81b17e-d379-4dd7-9ace-7f7e99a9bc26/datanode-2/data/containers] WARN  fs.CachingGetSpaceUsed (CachingGetSpaceUsed.java:run(183)) - Thread Interrupted waiting to refresh disk information: sleep interrupted
2019-08-30 05:52:05,570 [main] INFO  utils.BackgroundService (BackgroundService.java:shutdown(148)) - Shutting down service BlockDeletingService
2019-08-30 05:52:05,574 [main] INFO  statemachine.DatanodeStateMachine (DatanodeStateMachine.java:stopDaemon(395)) - Ozone container server stopped.
2019-08-30 05:52:05,580 [main] INFO  handler.ContextHandler (ContextHandler.java:doStop(910)) - Stopped o.e.j.w.WebAppContext@10c72a6f{/,null,UNAVAILABLE}{/hddsDatanode}
2019-08-30 05:52:05,585 [main] INFO  server.AbstractConnector (AbstractConnector.java:doStop(318)) - Stopped ServerConnector@70e94ecb{HTTP/1.1,[http/1.1]}{0.0.0.0:0}
2019-08-30 05:52:05,585 [main] INFO  handler.ContextHandler (ContextHandler.java:doStop(910)) - Stopped o.e.j.s.ServletContextHandler@19a64eae{/static,jar:file:/home/user/.m2/repository/org/apache/hadoop/hadoop-hdds-container-service/0.5.0-SNAPSHOT/hadoop-hdds-container-service-0.5.0-SNAPSHOT.jar!/webapps/static,UNAVAILABLE}
2019-08-30 05:52:05,586 [main] INFO  handler.ContextHandler (ContextHandler.java:doStop(910)) - Stopped o.e.j.s.ServletContextHandler@6cbd0674{/logs,file:///workdir/hadoop-ozone/integration-test/target/log,UNAVAILABLE}
2019-08-30 05:52:05,590 | INFO  | SCMAudit | user=jenkins1000 | ip=192.168.69.118 | op=SEND_HEARTBEAT {datanodeUUID=3db231e5-aa41-417a-9eb1-ebae727224a1, command=[]} | ret=SUCCESS |  
2019-08-30 05:52:05,592 | INFO  | DNAudit | user=null | ip=null | op=WRITE_CHUNK {blockData=conID: 1 locID: 102704369106026497 bcsId: 3} | ret=SUCCESS |  
2019-08-30 05:52:05,596 | INFO  | DNAudit | user=null | ip=null | op=WRITE_CHUNK {blockData=conID: 1 locID: 102704369106026497 bcsId: 3} | ret=SUCCESS |  
2019-08-30 05:52:05,602 [grpc-default-executor-1] WARN  server.GrpcLogAppender (LogUtils.java:warn(134)) - 0c3d5d33-5004-4ad0-a181-1b32c8916f48->39b5c586-5c16-4d91-b521-ddac34f0fc4c: Failed appendEntries: org.apache.ratis.thirdparty.io.grpc.StatusRuntimeException: UNAVAILABLE: io exception
2019-08-30 05:52:05,607 [grpc-default-executor-1] INFO  impl.FollowerInfo (FollowerInfo.java:lambda$new$0(50)) - 0c3d5d33-5004-4ad0-a181-1b32c8916f48->39b5c586-5c16-4d91-b521-ddac34f0fc4c: nextIndex: updateUnconditionally 5 -> 4
2019-08-30 05:52:05,610 | INFO  | DNAudit | user=null | ip=null | op=WRITE_CHUNK {blockData=conID: 1 locID: 102704369106026497 bcsId: 3} | ret=SUCCESS |  
2019-08-30 05:52:05,613 [grpc-default-executor-0] INFO  client.GrpcClientProtocolClient (GrpcClientProtocolClient.java:onNext(255)) - client-66420869BE01->0c3d5d33-5004-4ad0-a181-1b32c8916f48: receive RaftClientReply:client-66420869BE01->0c3d5d33-5004-4ad0-a181-1b32c8916f48@group-F96D3AAC4001, cid=8, SUCCESS, logIndex=5, commits[0c3d5d33-5004-4ad0-a181-1b32c8916f48:c5, 39b5c586-5c16-4d91-b521-ddac34f0fc4c:c4, 3db231e5-aa41-417a-9eb1-ebae727224a1:c4]
2019-08-30 05:52:05,613 [grpc-default-executor-2] WARN  server.GrpcLogAppender (LogUtils.java:warn(134)) - 0c3d5d33-5004-4ad0-a181-1b32c8916f48->39b5c586-5c16-4d91-b521-ddac34f0fc4c: Failed appendEntries: org.apache.ratis.thirdparty.io.grpc.StatusRuntimeException: UNAVAILABLE: io exception
2019-08-30 05:52:05,614 [grpc-default-executor-2] INFO  impl.FollowerInfo (FollowerInfo.java:lambda$new$0(50)) - 0c3d5d33-5004-4ad0-a181-1b32c8916f48->39b5c586-5c16-4d91-b521-ddac34f0fc4c: nextIndex: updateUnconditionally 5 -> 4
2019-08-30 05:52:05,623 | INFO  | DNAudit | user=null | ip=null | op=PUT_BLOCK {blockData=[blockId=conID: 1 locID: 102704369106026497 bcsId: 0,size=10]} | ret=SUCCESS |  
2019-08-30 05:52:05,624 | INFO  | DNAudit | user=null | ip=null | op=WRITE_CHUNK {blockData=conID: 1 locID: 102704369106026497 bcsId: 3} | ret=SUCCESS |  
2019-08-30 05:52:05,624 [grpc-default-executor-1] WARN  server.GrpcLogAppender (LogUtils.java:warn(134)) - 0c3d5d33-5004-4ad0-a181-1b32c8916f48->39b5c586-5c16-4d91-b521-ddac34f0fc4c: Failed appendEntries: org.apache.ratis.thirdparty.io.grpc.StatusRuntimeException: UNAVAILABLE: io exception
2019-08-30 05:52:05,625 [grpc-default-executor-1] INFO  impl.FollowerInfo (FollowerInfo.java:lambda$new$0(50)) - 0c3d5d33-5004-4ad0-a181-1b32c8916f48->39b5c586-5c16-4d91-b521-ddac34f0fc4c: nextIndex: updateUnconditionally 5 -> 4
2019-08-30 05:52:05,626 [grpc-default-executor-0] INFO  client.GrpcClientProtocolClient (GrpcClientProtocolClient.java:onNext(255)) - client-66420869BE01->0c3d5d33-5004-4ad0-a181-1b32c8916f48: receive RaftClientReply:client-66420869BE01->0c3d5d33-5004-4ad0-a181-1b32c8916f48@group-F96D3AAC4001, cid=9, SUCCESS, logIndex=6, commits[0c3d5d33-5004-4ad0-a181-1b32c8916f48:c6, 39b5c586-5c16-4d91-b521-ddac34f0fc4c:c4, 3db231e5-aa41-417a-9eb1-ebae727224a1:c4]
2019-08-30 05:52:05,628 | INFO  | SCMAudit | user=jenkins1000 | ip=192.168.69.118 | op=SEND_HEARTBEAT {datanodeUUID=0c3d5d33-5004-4ad0-a181-1b32c8916f48, command=[]} | ret=SUCCESS |  
2019-08-30 05:52:05,629 [grpc-default-executor-2] WARN  server.GrpcLogAppender (LogUtils.java:warn(134)) - 0c3d5d33-5004-4ad0-a181-1b32c8916f48->39b5c586-5c16-4d91-b521-ddac34f0fc4c: Failed appendEntries: org.apache.ratis.thirdparty.io.grpc.StatusRuntimeException: UNAVAILABLE: io exception
2019-08-30 05:52:05,630 [grpc-default-executor-2] INFO  impl.FollowerInfo (FollowerInfo.java:lambda$new$0(50)) - 0c3d5d33-5004-4ad0-a181-1b32c8916f48->39b5c586-5c16-4d91-b521-ddac34f0fc4c: nextIndex: updateUnconditionally 5 -> 4
2019-08-30 05:52:05,634 | INFO  | DNAudit | user=null | ip=null | op=PUT_BLOCK {blockData=[blockId=conID: 1 locID: 102704369106026497 bcsId: 0,size=10]} | ret=SUCCESS |  
2019-08-30 05:52:05,637 [grpc-default-executor-4] WARN  server.GrpcLogAppender (LogUtils.java:warn(134)) - 0c3d5d33-5004-4ad0-a181-1b32c8916f48->39b5c586-5c16-4d91-b521-ddac34f0fc4c: Failed appendEntries: org.apache.ratis.thirdparty.io.grpc.StatusRuntimeException: UNAVAILABLE: io exception
2019-08-30 05:52:05,638 [grpc-default-executor-4] INFO  impl.FollowerInfo (FollowerInfo.java:lambda$new$0(50)) - 0c3d5d33-5004-4ad0-a181-1b32c8916f48->39b5c586-5c16-4d91-b521-ddac34f0fc4c: nextIndex: updateUnconditionally 5 -> 4
2019-08-30 05:52:05,691 | INFO  | SCMAudit | user=jenkins1000 | ip=192.168.69.118 | op=SEND_HEARTBEAT {datanodeUUID=3db231e5-aa41-417a-9eb1-ebae727224a1, command=[]} | ret=SUCCESS |  
2019-08-30 05:52:05,727 | INFO  | SCMAudit | user=jenkins1000 | ip=192.168.69.118 | op=SEND_HEARTBEAT {datanodeUUID=0c3d5d33-5004-4ad0-a181-1b32c8916f48, command=[]} | ret=SUCCESS |  
2019-08-30 05:52:05,792 | INFO  | SCMAudit | user=jenkins1000 | ip=192.168.69.118 | op=SEND_HEARTBEAT {datanodeUUID=3db231e5-aa41-417a-9eb1-ebae727224a1, command=[]} | ret=SUCCESS |  
2019-08-30 05:52:05,828 | INFO  | SCMAudit | user=jenkins1000 | ip=192.168.69.118 | op=SEND_HEARTBEAT {datanodeUUID=0c3d5d33-5004-4ad0-a181-1b32c8916f48, command=[]} | ret=SUCCESS |  
2019-08-30 05:52:05,893 | INFO  | SCMAudit | user=jenkins1000 | ip=192.168.69.118 | op=SEND_HEARTBEAT {datanodeUUID=3db231e5-aa41-417a-9eb1-ebae727224a1, command=[]} | ret=SUCCESS |  
2019-08-30 05:52:05,928 | INFO  | SCMAudit | user=jenkins1000 | ip=192.168.69.118 | op=SEND_HEARTBEAT {datanodeUUID=0c3d5d33-5004-4ad0-a181-1b32c8916f48, command=[]} | ret=SUCCESS |  
2019-08-30 05:52:05,992 | INFO  | SCMAudit | user=jenkins1000 | ip=192.168.69.118 | op=SEND_HEARTBEAT {datanodeUUID=3db231e5-aa41-417a-9eb1-ebae727224a1, command=[]} | ret=SUCCESS |  
2019-08-30 05:52:06,027 | INFO  | SCMAudit | user=jenkins1000 | ip=192.168.69.118 | op=SEND_HEARTBEAT {datanodeUUID=0c3d5d33-5004-4ad0-a181-1b32c8916f48, command=[]} | ret=SUCCESS |  
2019-08-30 05:52:06,091 | INFO  | SCMAudit | user=jenkins1000 | ip=192.168.69.118 | op=SEND_HEARTBEAT {datanodeUUID=3db231e5-aa41-417a-9eb1-ebae727224a1, command=[]} | ret=SUCCESS |  
2019-08-30 05:52:06,128 | INFO  | SCMAudit | user=jenkins1000 | ip=192.168.69.118 | op=SEND_HEARTBEAT {datanodeUUID=0c3d5d33-5004-4ad0-a181-1b32c8916f48, command=[]} | ret=SUCCESS |  
2019-08-30 05:52:06,191 | INFO  | SCMAudit | user=jenkins1000 | ip=192.168.69.118 | op=SEND_HEARTBEAT {datanodeUUID=3db231e5-aa41-417a-9eb1-ebae727224a1, command=[]} | ret=SUCCESS |  
2019-08-30 05:52:06,228 | INFO  | SCMAudit | user=jenkins1000 | ip=192.168.69.118 | op=SEND_HEARTBEAT {datanodeUUID=0c3d5d33-5004-4ad0-a181-1b32c8916f48, command=[]} | ret=SUCCESS |  
2019-08-30 05:52:06,292 | INFO  | SCMAudit | user=jenkins1000 | ip=192.168.69.118 | op=SEND_HEARTBEAT {datanodeUUID=3db231e5-aa41-417a-9eb1-ebae727224a1, command=[]} | ret=SUCCESS |  
2019-08-30 05:52:06,328 | INFO  | SCMAudit | user=jenkins1000 | ip=192.168.69.118 | op=SEND_HEARTBEAT {datanodeUUID=0c3d5d33-5004-4ad0-a181-1b32c8916f48, command=[]} | ret=SUCCESS |  
2019-08-30 05:52:06,393 | INFO  | SCMAudit | user=jenkins1000 | ip=192.168.69.118 | op=SEND_HEARTBEAT {datanodeUUID=3db231e5-aa41-417a-9eb1-ebae727224a1, command=[]} | ret=SUCCESS |  
2019-08-30 05:52:06,429 | INFO  | SCMAudit | user=jenkins1000 | ip=192.168.69.118 | op=SEND_HEARTBEAT {datanodeUUID=0c3d5d33-5004-4ad0-a181-1b32c8916f48, command=[]} | ret=SUCCESS |  
2019-08-30 05:52:06,492 | INFO  | SCMAudit | user=jenkins1000 | ip=192.168.69.118 | op=SEND_HEARTBEAT {datanodeUUID=3db231e5-aa41-417a-9eb1-ebae727224a1, command=[]} | ret=SUCCESS |  
2019-08-30 05:52:06,528 | INFO  | SCMAudit | user=jenkins1000 | ip=192.168.69.118 | op=SEND_HEARTBEAT {datanodeUUID=0c3d5d33-5004-4ad0-a181-1b32c8916f48, command=[]} | ret=SUCCESS |  
2019-08-30 05:52:06,593 | INFO  | SCMAudit | user=jenkins1000 | ip=192.168.69.118 | op=SEND_HEARTBEAT {datanodeUUID=3db231e5-aa41-417a-9eb1-ebae727224a1, command=[]} | ret=SUCCESS |  
2019-08-30 05:52:06,629 | INFO  | SCMAudit | user=jenkins1000 | ip=192.168.69.118 | op=SEND_HEARTBEAT {datanodeUUID=0c3d5d33-5004-4ad0-a181-1b32c8916f48, command=[]} | ret=SUCCESS |  
2019-08-30 05:52:06,693 | INFO  | SCMAudit | user=jenkins1000 | ip=192.168.69.118 | op=SEND_HEARTBEAT {datanodeUUID=3db231e5-aa41-417a-9eb1-ebae727224a1, command=[]} | ret=SUCCESS |  
2019-08-30 05:52:06,728 | INFO  | SCMAudit | user=jenkins1000 | ip=192.168.69.118 | op=SEND_HEARTBEAT {datanodeUUID=0c3d5d33-5004-4ad0-a181-1b32c8916f48, command=[]} | ret=SUCCESS |  
2019-08-30 05:52:06,792 | INFO  | SCMAudit | user=jenkins1000 | ip=192.168.69.118 | op=SEND_HEARTBEAT {datanodeUUID=3db231e5-aa41-417a-9eb1-ebae727224a1, command=[]} | ret=SUCCESS |  
2019-08-30 05:52:06,828 | INFO  | SCMAudit | user=jenkins1000 | ip=192.168.69.118 | op=SEND_HEARTBEAT {datanodeUUID=0c3d5d33-5004-4ad0-a181-1b32c8916f48, command=[]} | ret=SUCCESS |  
2019-08-30 05:52:06,893 | INFO  | SCMAudit | user=jenkins1000 | ip=192.168.69.118 | op=SEND_HEARTBEAT {datanodeUUID=3db231e5-aa41-417a-9eb1-ebae727224a1, command=[]} | ret=SUCCESS |  
2019-08-30 05:52:06,928 | INFO  | SCMAudit | user=jenkins1000 | ip=192.168.69.118 | op=SEND_HEARTBEAT {datanodeUUID=0c3d5d33-5004-4ad0-a181-1b32c8916f48, command=[]} | ret=SUCCESS |  
2019-08-30 05:52:06,992 | INFO  | SCMAudit | user=jenkins1000 | ip=192.168.69.118 | op=SEND_HEARTBEAT {datanodeUUID=3db231e5-aa41-417a-9eb1-ebae727224a1, command=[]} | ret=SUCCESS |  
2019-08-30 05:52:07,029 | INFO  | SCMAudit | user=jenkins1000 | ip=192.168.69.118 | op=SEND_HEARTBEAT {datanodeUUID=0c3d5d33-5004-4ad0-a181-1b32c8916f48, command=[]} | ret=SUCCESS |  
2019-08-30 05:52:07,092 | INFO  | SCMAudit | user=jenkins1000 | ip=192.168.69.118 | op=SEND_HEARTBEAT {datanodeUUID=3db231e5-aa41-417a-9eb1-ebae727224a1, command=[]} | ret=SUCCESS |  
2019-08-30 05:52:07,128 | INFO  | SCMAudit | user=jenkins1000 | ip=192.168.69.118 | op=SEND_HEARTBEAT {datanodeUUID=0c3d5d33-5004-4ad0-a181-1b32c8916f48, command=[]} | ret=SUCCESS |  
2019-08-30 05:52:07,193 | INFO  | SCMAudit | user=jenkins1000 | ip=192.168.69.118 | op=SEND_HEARTBEAT {datanodeUUID=3db231e5-aa41-417a-9eb1-ebae727224a1, command=[]} | ret=SUCCESS |  
2019-08-30 05:52:07,228 | INFO  | SCMAudit | user=jenkins1000 | ip=192.168.69.118 | op=SEND_HEARTBEAT {datanodeUUID=0c3d5d33-5004-4ad0-a181-1b32c8916f48, command=[]} | ret=SUCCESS |  
2019-08-30 05:52:07,294 | INFO  | SCMAudit | user=jenkins1000 | ip=192.168.69.118 | op=SEND_HEARTBEAT {datanodeUUID=3db231e5-aa41-417a-9eb1-ebae727224a1, command=[]} | ret=SUCCESS |  
2019-08-30 05:52:07,329 | INFO  | SCMAudit | user=jenkins1000 | ip=192.168.69.118 | op=SEND_HEARTBEAT {datanodeUUID=0c3d5d33-5004-4ad0-a181-1b32c8916f48, command=[]} | ret=SUCCESS |  
2019-08-30 05:52:07,394 | INFO  | SCMAudit | user=jenkins1000 | ip=192.168.69.118 | op=SEND_HEARTBEAT {datanodeUUID=3db231e5-aa41-417a-9eb1-ebae727224a1, command=[]} | ret=SUCCESS |  
2019-08-30 05:52:07,428 | INFO  | SCMAudit | user=jenkins1000 | ip=192.168.69.118 | op=SEND_HEARTBEAT {datanodeUUID=0c3d5d33-5004-4ad0-a181-1b32c8916f48, command=[]} | ret=SUCCESS |  
2019-08-30 05:52:07,494 | INFO  | SCMAudit | user=jenkins1000 | ip=192.168.69.118 | op=SEND_HEARTBEAT {datanodeUUID=3db231e5-aa41-417a-9eb1-ebae727224a1, command=[]} | ret=SUCCESS |  
2019-08-30 05:52:07,528 | INFO  | SCMAudit | user=jenkins1000 | ip=192.168.69.118 | op=SEND_HEARTBEAT {datanodeUUID=0c3d5d33-5004-4ad0-a181-1b32c8916f48, command=[]} | ret=SUCCESS |  
2019-08-30 05:52:07,594 | INFO  | SCMAudit | user=jenkins1000 | ip=192.168.69.118 | op=SEND_HEARTBEAT {datanodeUUID=3db231e5-aa41-417a-9eb1-ebae727224a1, command=[]} | ret=SUCCESS |  
2019-08-30 05:52:07,629 | INFO  | SCMAudit | user=jenkins1000 | ip=192.168.69.118 | op=SEND_HEARTBEAT {datanodeUUID=0c3d5d33-5004-4ad0-a181-1b32c8916f48, command=[]} | ret=SUCCESS |  
2019-08-30 05:52:07,694 | INFO  | SCMAudit | user=jenkins1000 | ip=192.168.69.118 | op=SEND_HEARTBEAT {datanodeUUID=3db231e5-aa41-417a-9eb1-ebae727224a1, command=[]} | ret=SUCCESS |  
2019-08-30 05:52:07,728 | INFO  | SCMAudit | user=jenkins1000 | ip=192.168.69.118 | op=SEND_HEARTBEAT {datanodeUUID=0c3d5d33-5004-4ad0-a181-1b32c8916f48, command=[]} | ret=SUCCESS |  
2019-08-30 05:52:07,793 | INFO  | SCMAudit | user=jenkins1000 | ip=192.168.69.118 | op=SEND_HEARTBEAT {datanodeUUID=3db231e5-aa41-417a-9eb1-ebae727224a1, command=[]} | ret=SUCCESS |  
2019-08-30 05:52:07,828 | INFO  | SCMAudit | user=jenkins1000 | ip=192.168.69.118 | op=SEND_HEARTBEAT {datanodeUUID=0c3d5d33-5004-4ad0-a181-1b32c8916f48, command=[]} | ret=SUCCESS |  
2019-08-30 05:52:07,893 | INFO  | SCMAudit | user=jenkins1000 | ip=192.168.69.118 | op=SEND_HEARTBEAT {datanodeUUID=3db231e5-aa41-417a-9eb1-ebae727224a1, command=[]} | ret=SUCCESS |  
2019-08-30 05:52:07,929 | INFO  | SCMAudit | user=jenkins1000 | ip=192.168.69.118 | op=SEND_HEARTBEAT {datanodeUUID=0c3d5d33-5004-4ad0-a181-1b32c8916f48, command=[]} | ret=SUCCESS |  
2019-08-30 05:52:07,993 | INFO  | SCMAudit | user=jenkins1000 | ip=192.168.69.118 | op=SEND_HEARTBEAT {datanodeUUID=3db231e5-aa41-417a-9eb1-ebae727224a1, command=[]} | ret=SUCCESS |  
2019-08-30 05:52:08,028 | INFO  | SCMAudit | user=jenkins1000 | ip=192.168.69.118 | op=SEND_HEARTBEAT {datanodeUUID=0c3d5d33-5004-4ad0-a181-1b32c8916f48, command=[]} | ret=SUCCESS |  
2019-08-30 05:52:08,094 | INFO  | SCMAudit | user=jenkins1000 | ip=192.168.69.118 | op=SEND_HEARTBEAT {datanodeUUID=3db231e5-aa41-417a-9eb1-ebae727224a1, command=[]} | ret=SUCCESS |  
2019-08-30 05:52:08,128 | INFO  | SCMAudit | user=jenkins1000 | ip=192.168.69.118 | op=SEND_HEARTBEAT {datanodeUUID=0c3d5d33-5004-4ad0-a181-1b32c8916f48, command=[]} | ret=SUCCESS |  
2019-08-30 05:52:08,141 [grpc-default-executor-2] WARN  server.GrpcLogAppender (LogUtils.java:warn(134)) - 0c3d5d33-5004-4ad0-a181-1b32c8916f48->39b5c586-5c16-4d91-b521-ddac34f0fc4c: Failed appendEntries: org.apache.ratis.thirdparty.io.grpc.StatusRuntimeException: UNAVAILABLE: io exception
2019-08-30 05:52:08,143 [grpc-default-executor-2] INFO  impl.FollowerInfo (FollowerInfo.java:lambda$new$0(50)) - 0c3d5d33-5004-4ad0-a181-1b32c8916f48->39b5c586-5c16-4d91-b521-ddac34f0fc4c: nextIndex: updateUnconditionally 4 -> 3
2019-08-30 05:52:08,193 | INFO  | SCMAudit | user=jenkins1000 | ip=192.168.69.118 | op=SEND_HEARTBEAT {datanodeUUID=3db231e5-aa41-417a-9eb1-ebae727224a1, command=[]} | ret=SUCCESS |  
2019-08-30 05:52:08,228 | INFO  | SCMAudit | user=jenkins1000 | ip=192.168.69.118 | op=SEND_HEARTBEAT {datanodeUUID=0c3d5d33-5004-4ad0-a181-1b32c8916f48, command=[]} | ret=SUCCESS |  
2019-08-30 05:52:08,293 | INFO  | SCMAudit | user=jenkins1000 | ip=192.168.69.118 | op=SEND_HEARTBEAT {datanodeUUID=3db231e5-aa41-417a-9eb1-ebae727224a1, command=[]} | ret=SUCCESS |  
2019-08-30 05:52:08,328 | INFO  | SCMAudit | user=jenkins1000 | ip=192.168.69.118 | op=SEND_HEARTBEAT {datanodeUUID=0c3d5d33-5004-4ad0-a181-1b32c8916f48, command=[]} | ret=SUCCESS |  
2019-08-30 05:52:08,394 | INFO  | SCMAudit | user=jenkins1000 | ip=192.168.69.118 | op=SEND_HEARTBEAT {datanodeUUID=3db231e5-aa41-417a-9eb1-ebae727224a1, command=[]} | ret=SUCCESS |  
2019-08-30 05:52:08,428 | INFO  | SCMAudit | user=jenkins1000 | ip=192.168.69.118 | op=SEND_HEARTBEAT {datanodeUUID=0c3d5d33-5004-4ad0-a181-1b32c8916f48, command=[]} | ret=SUCCESS |  
2019-08-30 05:52:08,493 | INFO  | SCMAudit | user=jenkins1000 | ip=192.168.69.118 | op=SEND_HEARTBEAT {datanodeUUID=3db231e5-aa41-417a-9eb1-ebae727224a1, command=[]} | ret=SUCCESS |  
2019-08-30 05:52:08,529 | INFO  | SCMAudit | user=jenkins1000 | ip=192.168.69.118 | op=SEND_HEARTBEAT {datanodeUUID=0c3d5d33-5004-4ad0-a181-1b32c8916f48, command=[]} | ret=SUCCESS |  
2019-08-30 05:52:08,593 | INFO  | SCMAudit | user=jenkins1000 | ip=192.168.69.118 | op=SEND_HEARTBEAT {datanodeUUID=3db231e5-aa41-417a-9eb1-ebae727224a1, command=[]} | ret=SUCCESS |  
2019-08-30 05:52:08,628 | INFO  | SCMAudit | user=jenkins1000 | ip=192.168.69.118 | op=SEND_HEARTBEAT {datanodeUUID=0c3d5d33-5004-4ad0-a181-1b32c8916f48, command=[]} | ret=SUCCESS |  
2019-08-30 05:52:08,693 | INFO  | SCMAudit | user=jenkins1000 | ip=192.168.69.118 | op=SEND_HEARTBEAT {datanodeUUID=3db231e5-aa41-417a-9eb1-ebae727224a1, command=[]} | ret=SUCCESS |  
2019-08-30 05:52:08,728 | INFO  | SCMAudit | user=jenkins1000 | ip=192.168.69.118 | op=SEND_HEARTBEAT {datanodeUUID=0c3d5d33-5004-4ad0-a181-1b32c8916f48, command=[]} | ret=SUCCESS |  
2019-08-30 05:52:08,793 | INFO  | SCMAudit | user=jenkins1000 | ip=192.168.69.118 | op=SEND_HEARTBEAT {datanodeUUID=3db231e5-aa41-417a-9eb1-ebae727224a1, command=[]} | ret=SUCCESS |  
2019-08-30 05:52:08,828 | INFO  | SCMAudit | user=jenkins1000 | ip=192.168.69.118 | op=SEND_HEARTBEAT {datanodeUUID=0c3d5d33-5004-4ad0-a181-1b32c8916f48, command=[]} | ret=SUCCESS |  
2019-08-30 05:52:08,893 | INFO  | SCMAudit | user=jenkins1000 | ip=192.168.69.118 | op=SEND_HEARTBEAT {datanodeUUID=3db231e5-aa41-417a-9eb1-ebae727224a1, command=[]} | ret=SUCCESS |  
2019-08-30 05:52:08,929 | INFO  | SCMAudit | user=jenkins1000 | ip=192.168.69.118 | op=SEND_HEARTBEAT {datanodeUUID=0c3d5d33-5004-4ad0-a181-1b32c8916f48, command=[]} | ret=SUCCESS |  
2019-08-30 05:52:08,994 | INFO  | SCMAudit | user=jenkins1000 | ip=192.168.69.118 | op=SEND_HEARTBEAT {datanodeUUID=3db231e5-aa41-417a-9eb1-ebae727224a1, command=[]} | ret=SUCCESS |  
2019-08-30 05:52:09,028 | INFO  | SCMAudit | user=jenkins1000 | ip=192.168.69.118 | op=SEND_HEARTBEAT {datanodeUUID=0c3d5d33-5004-4ad0-a181-1b32c8916f48, command=[]} | ret=SUCCESS |  
2019-08-30 05:52:09,093 | INFO  | SCMAudit | user=jenkins1000 | ip=192.168.69.118 | op=SEND_HEARTBEAT {datanodeUUID=3db231e5-aa41-417a-9eb1-ebae727224a1, command=[]} | ret=SUCCESS |  
2019-08-30 05:52:09,128 | INFO  | SCMAudit | user=jenkins1000 | ip=192.168.69.118 | op=SEND_HEARTBEAT {datanodeUUID=0c3d5d33-5004-4ad0-a181-1b32c8916f48, command=[]} | ret=SUCCESS |  
2019-08-30 05:52:09,194 | INFO  | SCMAudit | user=jenkins1000 | ip=192.168.69.118 | op=SEND_HEARTBEAT {datanodeUUID=3db231e5-aa41-417a-9eb1-ebae727224a1, command=[]} | ret=SUCCESS |  
2019-08-30 05:52:09,229 | INFO  | SCMAudit | user=jenkins1000 | ip=192.168.69.118 | op=SEND_HEARTBEAT {datanodeUUID=0c3d5d33-5004-4ad0-a181-1b32c8916f48, command=[]} | ret=SUCCESS |  
2019-08-30 05:52:09,293 | INFO  | SCMAudit | user=jenkins1000 | ip=192.168.69.118 | op=SEND_HEARTBEAT {datanodeUUID=3db231e5-aa41-417a-9eb1-ebae727224a1, command=[]} | ret=SUCCESS |  
2019-08-30 05:52:09,329 | INFO  | SCMAudit | user=jenkins1000 | ip=192.168.69.118 | op=SEND_HEARTBEAT {datanodeUUID=0c3d5d33-5004-4ad0-a181-1b32c8916f48, command=[]} | ret=SUCCESS |  
2019-08-30 05:52:09,394 | INFO  | SCMAudit | user=jenkins1000 | ip=192.168.69.118 | op=SEND_HEARTBEAT {datanodeUUID=3db231e5-aa41-417a-9eb1-ebae727224a1, command=[]} | ret=SUCCESS |  
2019-08-30 05:52:09,430 | INFO  | SCMAudit | user=jenkins1000 | ip=192.168.69.118 | op=SEND_HEARTBEAT {datanodeUUID=0c3d5d33-5004-4ad0-a181-1b32c8916f48, command=[]} | ret=SUCCESS |  
2019-08-30 05:52:09,494 | INFO  | SCMAudit | user=jenkins1000 | ip=192.168.69.118 | op=SEND_HEARTBEAT {datanodeUUID=3db231e5-aa41-417a-9eb1-ebae727224a1, command=[]} | ret=SUCCESS |  
2019-08-30 05:52:09,530 | INFO  | SCMAudit | user=jenkins1000 | ip=192.168.69.118 | op=SEND_HEARTBEAT {datanodeUUID=0c3d5d33-5004-4ad0-a181-1b32c8916f48, command=[]} | ret=SUCCESS |  
2019-08-30 05:52:09,595 | INFO  | SCMAudit | user=jenkins1000 | ip=192.168.69.118 | op=SEND_HEARTBEAT {datanodeUUID=3db231e5-aa41-417a-9eb1-ebae727224a1, command=[]} | ret=SUCCESS |  
2019-08-30 05:52:09,629 | INFO  | SCMAudit | user=jenkins1000 | ip=192.168.69.118 | op=SEND_HEARTBEAT {datanodeUUID=0c3d5d33-5004-4ad0-a181-1b32c8916f48, command=[]} | ret=SUCCESS |  
2019-08-30 05:52:09,694 | INFO  | SCMAudit | user=jenkins1000 | ip=192.168.69.118 | op=SEND_HEARTBEAT {datanodeUUID=3db231e5-aa41-417a-9eb1-ebae727224a1, command=[]} | ret=SUCCESS |  
2019-08-30 05:52:09,729 | INFO  | SCMAudit | user=jenkins1000 | ip=192.168.69.118 | op=SEND_HEARTBEAT {datanodeUUID=0c3d5d33-5004-4ad0-a181-1b32c8916f48, command=[]} | ret=SUCCESS |  
2019-08-30 05:52:09,794 | INFO  | SCMAudit | user=jenkins1000 | ip=192.168.69.118 | op=SEND_HEARTBEAT {datanodeUUID=3db231e5-aa41-417a-9eb1-ebae727224a1, command=[]} | ret=SUCCESS |  
2019-08-30 05:52:09,830 | INFO  | SCMAudit | user=jenkins1000 | ip=192.168.69.118 | op=SEND_HEARTBEAT {datanodeUUID=0c3d5d33-5004-4ad0-a181-1b32c8916f48, command=[]} | ret=SUCCESS |  
2019-08-30 05:52:09,894 | INFO  | SCMAudit | user=jenkins1000 | ip=192.168.69.118 | op=SEND_HEARTBEAT {datanodeUUID=3db231e5-aa41-417a-9eb1-ebae727224a1, command=[]} | ret=SUCCESS |  
2019-08-30 05:52:09,930 | INFO  | SCMAudit | user=jenkins1000 | ip=192.168.69.118 | op=SEND_HEARTBEAT {datanodeUUID=0c3d5d33-5004-4ad0-a181-1b32c8916f48, command=[]} | ret=SUCCESS |  
2019-08-30 05:52:09,994 | INFO  | SCMAudit | user=jenkins1000 | ip=192.168.69.118 | op=SEND_HEARTBEAT {datanodeUUID=3db231e5-aa41-417a-9eb1-ebae727224a1, command=[]} | ret=SUCCESS |  
2019-08-30 05:52:10,031 | INFO  | SCMAudit | user=jenkins1000 | ip=192.168.69.118 | op=SEND_HEARTBEAT {datanodeUUID=0c3d5d33-5004-4ad0-a181-1b32c8916f48, command=[]} | ret=SUCCESS |  
2019-08-30 05:52:10,095 | INFO  | SCMAudit | user=jenkins1000 | ip=192.168.69.118 | op=SEND_HEARTBEAT {datanodeUUID=3db231e5-aa41-417a-9eb1-ebae727224a1, command=[]} | ret=SUCCESS |  
2019-08-30 05:52:10,130 | INFO  | SCMAudit | user=jenkins1000 | ip=192.168.69.118 | op=SEND_HEARTBEAT {datanodeUUID=0c3d5d33-5004-4ad0-a181-1b32c8916f48, command=[]} | ret=SUCCESS |  
2019-08-30 05:52:10,194 | INFO  | SCMAudit | user=jenkins1000 | ip=192.168.69.118 | op=SEND_HEARTBEAT {datanodeUUID=3db231e5-aa41-417a-9eb1-ebae727224a1, command=[]} | ret=SUCCESS |  
2019-08-30 05:52:10,231 | INFO  | SCMAudit | user=jenkins1000 | ip=192.168.69.118 | op=SEND_HEARTBEAT {datanodeUUID=0c3d5d33-5004-4ad0-a181-1b32c8916f48, command=[]} | ret=SUCCESS |  
2019-08-30 05:52:10,295 | INFO  | SCMAudit | user=jenkins1000 | ip=192.168.69.118 | op=SEND_HEARTBEAT {datanodeUUID=3db231e5-aa41-417a-9eb1-ebae727224a1, command=[]} | ret=SUCCESS |  
2019-08-30 05:52:10,330 | INFO  | SCMAudit | user=jenkins1000 | ip=192.168.69.118 | op=SEND_HEARTBEAT {datanodeUUID=0c3d5d33-5004-4ad0-a181-1b32c8916f48, command=[]} | ret=SUCCESS |  
2019-08-30 05:52:10,394 | INFO  | SCMAudit | user=jenkins1000 | ip=192.168.69.118 | op=SEND_HEARTBEAT {datanodeUUID=3db231e5-aa41-417a-9eb1-ebae727224a1, command=[]} | ret=SUCCESS |  
2019-08-30 05:52:10,431 | INFO  | SCMAudit | user=jenkins1000 | ip=192.168.69.118 | op=SEND_HEARTBEAT {datanodeUUID=0c3d5d33-5004-4ad0-a181-1b32c8916f48, command=[]} | ret=SUCCESS |  
2019-08-30 05:52:10,494 | INFO  | SCMAudit | user=jenkins1000 | ip=192.168.69.118 | op=SEND_HEARTBEAT {datanodeUUID=3db231e5-aa41-417a-9eb1-ebae727224a1, command=[]} | ret=SUCCESS |  
2019-08-30 05:52:10,530 | INFO  | SCMAudit | user=jenkins1000 | ip=192.168.69.118 | op=SEND_HEARTBEAT {datanodeUUID=0c3d5d33-5004-4ad0-a181-1b32c8916f48, command=[]} | ret=SUCCESS |  
2019-08-30 05:52:10,595 | INFO  | SCMAudit | user=jenkins1000 | ip=192.168.69.118 | op=SEND_HEARTBEAT {datanodeUUID=3db231e5-aa41-417a-9eb1-ebae727224a1, command=[]} | ret=SUCCESS |  
2019-08-30 05:52:10,631 | INFO  | SCMAudit | user=jenkins1000 | ip=192.168.69.118 | op=SEND_HEARTBEAT {datanodeUUID=0c3d5d33-5004-4ad0-a181-1b32c8916f48, command=[]} | ret=SUCCESS |  
2019-08-30 05:52:10,644 [grpc-default-executor-1] WARN  server.GrpcLogAppender (LogUtils.java:warn(134)) - 0c3d5d33-5004-4ad0-a181-1b32c8916f48->39b5c586-5c16-4d91-b521-ddac34f0fc4c: Failed appendEntries: org.apache.ratis.thirdparty.io.grpc.StatusRuntimeException: UNAVAILABLE: io exception
2019-08-30 05:52:10,646 [grpc-default-executor-1] INFO  impl.FollowerInfo (FollowerInfo.java:lambda$new$0(50)) - 0c3d5d33-5004-4ad0-a181-1b32c8916f48->39b5c586-5c16-4d91-b521-ddac34f0fc4c: nextIndex: updateUnconditionally 3 -> 2
2019-08-30 05:52:10,695 | INFO  | SCMAudit | user=jenkins1000 | ip=192.168.69.118 | op=SEND_HEARTBEAT {datanodeUUID=3db231e5-aa41-417a-9eb1-ebae727224a1, command=[]} | ret=SUCCESS |  
2019-08-30 05:52:10,730 | INFO  | SCMAudit | user=jenkins1000 | ip=192.168.69.118 | op=SEND_HEARTBEAT {datanodeUUID=0c3d5d33-5004-4ad0-a181-1b32c8916f48, command=[]} | ret=SUCCESS |  
2019-08-30 05:52:10,795 | INFO  | SCMAudit | user=jenkins1000 | ip=192.168.69.118 | op=SEND_HEARTBEAT {datanodeUUID=3db231e5-aa41-417a-9eb1-ebae727224a1, command=[]} | ret=SUCCESS |  
2019-08-30 05:52:10,830 | INFO  | SCMAudit | user=jenkins1000 | ip=192.168.69.118 | op=SEND_HEARTBEAT {datanodeUUID=0c3d5d33-5004-4ad0-a181-1b32c8916f48, command=[]} | ret=SUCCESS |  
2019-08-30 05:52:10,896 | INFO  | SCMAudit | user=jenkins1000 | ip=192.168.69.118 | op=SEND_HEARTBEAT {datanodeUUID=3db231e5-aa41-417a-9eb1-ebae727224a1, command=[]} | ret=SUCCESS |  
2019-08-30 05:52:10,931 | INFO  | SCMAudit | user=jenkins1000 | ip=192.168.69.118 | op=SEND_HEARTBEAT {datanodeUUID=0c3d5d33-5004-4ad0-a181-1b32c8916f48, command=[]} | ret=SUCCESS |  
2019-08-30 05:52:10,995 | INFO  | SCMAudit | user=jenkins1000 | ip=192.168.69.118 | op=SEND_HEARTBEAT {datanodeUUID=3db231e5-aa41-417a-9eb1-ebae727224a1, command=[]} | ret=SUCCESS |  
2019-08-30 05:52:11,030 | INFO  | SCMAudit | user=jenkins1000 | ip=192.168.69.118 | op=SEND_HEARTBEAT {datanodeUUID=0c3d5d33-5004-4ad0-a181-1b32c8916f48, command=[]} | ret=SUCCESS |  
2019-08-30 05:52:11,101 | INFO  | SCMAudit | user=jenkins1000 | ip=192.168.69.118 | op=SEND_HEARTBEAT {datanodeUUID=3db231e5-aa41-417a-9eb1-ebae727224a1, command=[]} | ret=SUCCESS |  
2019-08-30 05:52:11,131 | INFO  | SCMAudit | user=jenkins1000 | ip=192.168.69.118 | op=SEND_HEARTBEAT {datanodeUUID=0c3d5d33-5004-4ad0-a181-1b32c8916f48, command=[]} | ret=SUCCESS |  
2019-08-30 05:52:11,197 | INFO  | SCMAudit | user=jenkins1000 | ip=192.168.69.118 | op=SEND_HEARTBEAT {datanodeUUID=3db231e5-aa41-417a-9eb1-ebae727224a1, command=[]} | ret=SUCCESS |  
2019-08-30 05:52:11,230 | INFO  | SCMAudit | user=jenkins1000 | ip=192.168.69.118 | op=SEND_HEARTBEAT {datanodeUUID=0c3d5d33-5004-4ad0-a181-1b32c8916f48, command=[]} | ret=SUCCESS |  
2019-08-30 05:52:11,296 | INFO  | SCMAudit | user=jenkins1000 | ip=192.168.69.118 | op=SEND_HEARTBEAT {datanodeUUID=3db231e5-aa41-417a-9eb1-ebae727224a1, command=[]} | ret=SUCCESS |  
2019-08-30 05:52:11,331 | INFO  | SCMAudit | user=jenkins1000 | ip=192.168.69.118 | op=SEND_HEARTBEAT {datanodeUUID=0c3d5d33-5004-4ad0-a181-1b32c8916f48, command=[]} | ret=SUCCESS |  
2019-08-30 05:52:11,397 | INFO  | SCMAudit | user=jenkins1000 | ip=192.168.69.118 | op=SEND_HEARTBEAT {datanodeUUID=3db231e5-aa41-417a-9eb1-ebae727224a1, command=[]} | ret=SUCCESS |  
2019-08-30 05:52:11,430 | INFO  | SCMAudit | user=jenkins1000 | ip=192.168.69.118 | op=SEND_HEARTBEAT {datanodeUUID=0c3d5d33-5004-4ad0-a181-1b32c8916f48, command=[]} | ret=SUCCESS |  
2019-08-30 05:52:11,496 | INFO  | SCMAudit | user=jenkins1000 | ip=192.168.69.118 | op=SEND_HEARTBEAT {datanodeUUID=3db231e5-aa41-417a-9eb1-ebae727224a1, command=[]} | ret=SUCCESS |  
2019-08-30 05:52:11,531 | INFO  | SCMAudit | user=jenkins1000 | ip=192.168.69.118 | op=SEND_HEARTBEAT {datanodeUUID=0c3d5d33-5004-4ad0-a181-1b32c8916f48, command=[]} | ret=SUCCESS |  
2019-08-30 05:52:11,596 | INFO  | SCMAudit | user=jenkins1000 | ip=192.168.69.118 | op=SEND_HEARTBEAT {datanodeUUID=3db231e5-aa41-417a-9eb1-ebae727224a1, command=[]} | ret=SUCCESS |  
2019-08-30 05:52:11,631 | INFO  | SCMAudit | user=jenkins1000 | ip=192.168.69.118 | op=SEND_HEARTBEAT {datanodeUUID=0c3d5d33-5004-4ad0-a181-1b32c8916f48, command=[]} | ret=SUCCESS |  
2019-08-30 05:52:11,696 | INFO  | SCMAudit | user=jenkins1000 | ip=192.168.69.118 | op=SEND_HEARTBEAT {datanodeUUID=3db231e5-aa41-417a-9eb1-ebae727224a1, command=[]} | ret=SUCCESS |  
2019-08-30 05:52:11,731 | INFO  | SCMAudit | user=jenkins1000 | ip=192.168.69.118 | op=SEND_HEARTBEAT {datanodeUUID=0c3d5d33-5004-4ad0-a181-1b32c8916f48, command=[]} | ret=SUCCESS |  
2019-08-30 05:52:11,796 | INFO  | SCMAudit | user=jenkins1000 | ip=192.168.69.118 | op=SEND_HEARTBEAT {datanodeUUID=3db231e5-aa41-417a-9eb1-ebae727224a1, command=[]} | ret=SUCCESS |  
2019-08-30 05:52:11,831 | INFO  | SCMAudit | user=jenkins1000 | ip=192.168.69.118 | op=SEND_HEARTBEAT {datanodeUUID=0c3d5d33-5004-4ad0-a181-1b32c8916f48, command=[]} | ret=SUCCESS |  
2019-08-30 05:52:11,897 | INFO  | SCMAudit | user=jenkins1000 | ip=192.168.69.118 | op=SEND_HEARTBEAT {datanodeUUID=3db231e5-aa41-417a-9eb1-ebae727224a1, command=[]} | ret=SUCCESS |  
2019-08-30 05:52:11,932 | INFO  | SCMAudit | user=jenkins1000 | ip=192.168.69.118 | op=SEND_HEARTBEAT {datanodeUUID=0c3d5d33-5004-4ad0-a181-1b32c8916f48, command=[]} | ret=SUCCESS |  
2019-08-30 05:52:11,996 | INFO  | SCMAudit | user=jenkins1000 | ip=192.168.69.118 | op=SEND_HEARTBEAT {datanodeUUID=3db231e5-aa41-417a-9eb1-ebae727224a1, command=[]} | ret=SUCCESS |  
2019-08-30 05:52:12,032 | INFO  | SCMAudit | user=jenkins1000 | ip=192.168.69.118 | op=SEND_HEARTBEAT {datanodeUUID=0c3d5d33-5004-4ad0-a181-1b32c8916f48, command=[]} | ret=SUCCESS |  
2019-08-30 05:52:12,097 | INFO  | SCMAudit | user=jenkins1000 | ip=192.168.69.118 | op=SEND_HEARTBEAT {datanodeUUID=3db231e5-aa41-417a-9eb1-ebae727224a1, command=[]} | ret=SUCCESS |  
2019-08-30 05:52:12,133 | INFO  | SCMAudit | user=jenkins1000 | ip=192.168.69.118 | op=SEND_HEARTBEAT {datanodeUUID=0c3d5d33-5004-4ad0-a181-1b32c8916f48, command=[]} | ret=SUCCESS |  
2019-08-30 05:52:12,196 | INFO  | SCMAudit | user=jenkins1000 | ip=192.168.69.118 | op=SEND_HEARTBEAT {datanodeUUID=3db231e5-aa41-417a-9eb1-ebae727224a1, command=[]} | ret=SUCCESS |  
2019-08-30 05:52:12,232 | INFO  | SCMAudit | user=jenkins1000 | ip=192.168.69.118 | op=SEND_HEARTBEAT {datanodeUUID=0c3d5d33-5004-4ad0-a181-1b32c8916f48, command=[]} | ret=SUCCESS |  
2019-08-30 05:52:12,296 | INFO  | SCMAudit | user=jenkins1000 | ip=192.168.69.118 | op=SEND_HEARTBEAT {datanodeUUID=3db231e5-aa41-417a-9eb1-ebae727224a1, command=[]} | ret=SUCCESS |  
2019-08-30 05:52:12,333 | INFO  | SCMAudit | user=jenkins1000 | ip=192.168.69.118 | op=SEND_HEARTBEAT {datanodeUUID=0c3d5d33-5004-4ad0-a181-1b32c8916f48, command=[]} | ret=SUCCESS |  
2019-08-30 05:52:12,397 | INFO  | SCMAudit | user=jenkins1000 | ip=192.168.69.118 | op=SEND_HEARTBEAT {datanodeUUID=3db231e5-aa41-417a-9eb1-ebae727224a1, command=[]} | ret=SUCCESS |  
2019-08-30 05:52:12,432 | INFO  | SCMAudit | user=jenkins1000 | ip=192.168.69.118 | op=SEND_HEARTBEAT {datanodeUUID=0c3d5d33-5004-4ad0-a181-1b32c8916f48, command=[]} | ret=SUCCESS |  
2019-08-30 05:52:12,496 | INFO  | SCMAudit | user=jenkins1000 | ip=192.168.69.118 | op=SEND_HEARTBEAT {datanodeUUID=3db231e5-aa41-417a-9eb1-ebae727224a1, command=[]} | ret=SUCCESS |  
2019-08-30 05:52:12,533 | INFO  | SCMAudit | user=jenkins1000 | ip=192.168.69.118 | op=SEND_HEARTBEAT {datanodeUUID=0c3d5d33-5004-4ad0-a181-1b32c8916f48, command=[]} | ret=SUCCESS |  
2019-08-30 05:52:12,596 | INFO  | SCMAudit | user=jenkins1000 | ip=192.168.69.118 | op=SEND_HEARTBEAT {datanodeUUID=3db231e5-aa41-417a-9eb1-ebae727224a1, command=[]} | ret=SUCCESS |  
2019-08-30 05:52:12,632 | INFO  | SCMAudit | user=jenkins1000 | ip=192.168.69.118 | op=SEND_HEARTBEAT {datanodeUUID=0c3d5d33-5004-4ad0-a181-1b32c8916f48, command=[]} | ret=SUCCESS |  
2019-08-30 05:52:12,696 | INFO  | SCMAudit | user=jenkins1000 | ip=192.168.69.118 | op=SEND_HEARTBEAT {datanodeUUID=3db231e5-aa41-417a-9eb1-ebae727224a1, command=[]} | ret=SUCCESS |  
2019-08-30 05:52:12,732 | INFO  | SCMAudit | user=jenkins1000 | ip=192.168.69.118 | op=SEND_HEARTBEAT {datanodeUUID=0c3d5d33-5004-4ad0-a181-1b32c8916f48, command=[]} | ret=SUCCESS |  
2019-08-30 05:52:12,797 | INFO  | SCMAudit | user=jenkins1000 | ip=192.168.69.118 | op=SEND_HEARTBEAT {datanodeUUID=3db231e5-aa41-417a-9eb1-ebae727224a1, command=[]} | ret=SUCCESS |  
2019-08-30 05:52:12,833 | INFO  | SCMAudit | user=jenkins1000 | ip=192.168.69.118 | op=SEND_HEARTBEAT {datanodeUUID=0c3d5d33-5004-4ad0-a181-1b32c8916f48, command=[]} | ret=SUCCESS |  
2019-08-30 05:52:12,896 | INFO  | SCMAudit | user=jenkins1000 | ip=192.168.69.118 | op=SEND_HEARTBEAT {datanodeUUID=3db231e5-aa41-417a-9eb1-ebae727224a1, command=[]} | ret=SUCCESS |  
2019-08-30 05:52:12,933 | INFO  | SCMAudit | user=jenkins1000 | ip=192.168.69.118 | op=SEND_HEARTBEAT {datanodeUUID=0c3d5d33-5004-4ad0-a181-1b32c8916f48, command=[]} | ret=SUCCESS |  
2019-08-30 05:52:12,997 | INFO  | SCMAudit | user=jenkins1000 | ip=192.168.69.118 | op=SEND_HEARTBEAT {datanodeUUID=3db231e5-aa41-417a-9eb1-ebae727224a1, command=[]} | ret=SUCCESS |  
2019-08-30 05:52:13,034 | INFO  | SCMAudit | user=jenkins1000 | ip=192.168.69.118 | op=SEND_HEARTBEAT {datanodeUUID=0c3d5d33-5004-4ad0-a181-1b32c8916f48, command=[]} | ret=SUCCESS |  
2019-08-30 05:52:13,096 | INFO  | SCMAudit | user=jenkins1000 | ip=192.168.69.118 | op=SEND_HEARTBEAT {datanodeUUID=3db231e5-aa41-417a-9eb1-ebae727224a1, command=[]} | ret=SUCCESS |  
2019-08-30 05:52:13,134 | INFO  | SCMAudit | user=jenkins1000 | ip=192.168.69.118 | op=SEND_HEARTBEAT {datanodeUUID=0c3d5d33-5004-4ad0-a181-1b32c8916f48, command=[]} | ret=SUCCESS |  
2019-08-30 05:52:13,148 [grpc-default-executor-4] WARN  server.GrpcLogAppender (LogUtils.java:warn(134)) - 0c3d5d33-5004-4ad0-a181-1b32c8916f48->39b5c586-5c16-4d91-b521-ddac34f0fc4c: Failed appendEntries: org.apache.ratis.thirdparty.io.grpc.StatusRuntimeException: UNAVAILABLE: io exception
2019-08-30 05:52:13,151 [grpc-default-executor-4] INFO  impl.FollowerInfo (FollowerInfo.java:lambda$new$0(50)) - 0c3d5d33-5004-4ad0-a181-1b32c8916f48->39b5c586-5c16-4d91-b521-ddac34f0fc4c: nextIndex: updateUnconditionally 2 -> 1
2019-08-30 05:52:13,197 | INFO  | SCMAudit | user=jenkins1000 | ip=192.168.69.118 | op=SEND_HEARTBEAT {datanodeUUID=3db231e5-aa41-417a-9eb1-ebae727224a1, command=[]} | ret=SUCCESS |  
2019-08-30 05:52:13,233 | INFO  | SCMAudit | user=jenkins1000 | ip=192.168.69.118 | op=SEND_HEARTBEAT {datanodeUUID=0c3d5d33-5004-4ad0-a181-1b32c8916f48, command=[]} | ret=SUCCESS |  
2019-08-30 05:52:13,298 | INFO  | SCMAudit | user=jenkins1000 | ip=192.168.69.118 | op=SEND_HEARTBEAT {datanodeUUID=3db231e5-aa41-417a-9eb1-ebae727224a1, command=[]} | ret=SUCCESS |  
2019-08-30 05:52:13,334 | INFO  | SCMAudit | user=jenkins1000 | ip=192.168.69.118 | op=SEND_HEARTBEAT {datanodeUUID=0c3d5d33-5004-4ad0-a181-1b32c8916f48, command=[]} | ret=SUCCESS |  
2019-08-30 05:52:13,398 | INFO  | SCMAudit | user=jenkins1000 | ip=192.168.69.118 | op=SEND_HEARTBEAT {datanodeUUID=3db231e5-aa41-417a-9eb1-ebae727224a1, command=[]} | ret=SUCCESS |  
2019-08-30 05:52:13,435 | INFO  | SCMAudit | user=jenkins1000 | ip=192.168.69.118 | op=SEND_HEARTBEAT {datanodeUUID=0c3d5d33-5004-4ad0-a181-1b32c8916f48, command=[]} | ret=SUCCESS |  
2019-08-30 05:52:13,498 | INFO  | SCMAudit | user=jenkins1000 | ip=192.168.69.118 | op=SEND_HEARTBEAT {datanodeUUID=3db231e5-aa41-417a-9eb1-ebae727224a1, command=[]} | ret=SUCCESS |  
2019-08-30 05:52:13,535 | INFO  | SCMAudit | user=jenkins1000 | ip=192.168.69.118 | op=SEND_HEARTBEAT {datanodeUUID=0c3d5d33-5004-4ad0-a181-1b32c8916f48, command=[]} | ret=SUCCESS |  
2019-08-30 05:52:13,598 | INFO  | SCMAudit | user=jenkins1000 | ip=192.168.69.118 | op=SEND_HEARTBEAT {datanodeUUID=3db231e5-aa41-417a-9eb1-ebae727224a1, command=[]} | ret=SUCCESS |  
2019-08-30 05:52:13,635 | INFO  | SCMAudit | user=jenkins1000 | ip=192.168.69.118 | op=SEND_HEARTBEAT {datanodeUUID=0c3d5d33-5004-4ad0-a181-1b32c8916f48, command=[]} | ret=SUCCESS |  
2019-08-30 05:52:13,698 | INFO  | SCMAudit | user=jenkins1000 | ip=192.168.69.118 | op=SEND_HEARTBEAT {datanodeUUID=3db231e5-aa41-417a-9eb1-ebae727224a1, command=[]} | ret=SUCCESS |  
2019-08-30 05:52:13,734 | INFO  | SCMAudit | user=jenkins1000 | ip=192.168.69.118 | op=SEND_HEARTBEAT {datanodeUUID=0c3d5d33-5004-4ad0-a181-1b32c8916f48, command=[]} | ret=SUCCESS |  
2019-08-30 05:52:13,797 | INFO  | SCMAudit | user=jenkins1000 | ip=192.168.69.118 | op=SEND_HEARTBEAT {datanodeUUID=3db231e5-aa41-417a-9eb1-ebae727224a1, command=[]} | ret=SUCCESS |  
2019-08-30 05:52:13,835 | INFO  | SCMAudit | user=jenkins1000 | ip=192.168.69.118 | op=SEND_HEARTBEAT {datanodeUUID=0c3d5d33-5004-4ad0-a181-1b32c8916f48, command=[]} | ret=SUCCESS |  
2019-08-30 05:52:13,898 | INFO  | SCMAudit | user=jenkins1000 | ip=192.168.69.118 | op=SEND_HEARTBEAT {datanodeUUID=3db231e5-aa41-417a-9eb1-ebae727224a1, command=[]} | ret=SUCCESS |  
2019-08-30 05:52:13,934 | INFO  | SCMAudit | user=jenkins1000 | ip=192.168.69.118 | op=SEND_HEARTBEAT {datanodeUUID=0c3d5d33-5004-4ad0-a181-1b32c8916f48, command=[]} | ret=SUCCESS |  
2019-08-30 05:52:13,997 | INFO  | SCMAudit | user=jenkins1000 | ip=192.168.69.118 | op=SEND_HEARTBEAT {datanodeUUID=3db231e5-aa41-417a-9eb1-ebae727224a1, command=[]} | ret=SUCCESS |  
2019-08-30 05:52:14,035 | INFO  | SCMAudit | user=jenkins1000 | ip=192.168.69.118 | op=SEND_HEARTBEAT {datanodeUUID=0c3d5d33-5004-4ad0-a181-1b32c8916f48, command=[]} | ret=SUCCESS |  
2019-08-30 05:52:14,098 | INFO  | SCMAudit | user=jenkins1000 | ip=192.168.69.118 | op=SEND_HEARTBEAT {datanodeUUID=3db231e5-aa41-417a-9eb1-ebae727224a1, command=[]} | ret=SUCCESS |  
2019-08-30 05:52:14,134 | INFO  | SCMAudit | user=jenkins1000 | ip=192.168.69.118 | op=SEND_HEARTBEAT {datanodeUUID=0c3d5d33-5004-4ad0-a181-1b32c8916f48, command=[]} | ret=SUCCESS |  
2019-08-30 05:52:14,198 | INFO  | SCMAudit | user=jenkins1000 | ip=192.168.69.118 | op=SEND_HEARTBEAT {datanodeUUID=3db231e5-aa41-417a-9eb1-ebae727224a1, command=[]} | ret=SUCCESS |  
2019-08-30 05:52:14,235 | INFO  | SCMAudit | user=jenkins1000 | ip=192.168.69.118 | op=SEND_HEARTBEAT {datanodeUUID=0c3d5d33-5004-4ad0-a181-1b32c8916f48, command=[]} | ret=SUCCESS |  
2019-08-30 05:52:14,297 | INFO  | SCMAudit | user=jenkins1000 | ip=192.168.69.118 | op=SEND_HEARTBEAT {datanodeUUID=3db231e5-aa41-417a-9eb1-ebae727224a1, command=[]} | ret=SUCCESS |  
2019-08-30 05:52:14,334 | INFO  | SCMAudit | user=jenkins1000 | ip=192.168.69.118 | op=SEND_HEARTBEAT {datanodeUUID=0c3d5d33-5004-4ad0-a181-1b32c8916f48, command=[]} | ret=SUCCESS |  
2019-08-30 05:52:14,398 | INFO  | SCMAudit | user=jenkins1000 | ip=192.168.69.118 | op=SEND_HEARTBEAT {datanodeUUID=3db231e5-aa41-417a-9eb1-ebae727224a1, command=[]} | ret=SUCCESS |  
2019-08-30 05:52:14,435 | INFO  | SCMAudit | user=jenkins1000 | ip=192.168.69.118 | op=SEND_HEARTBEAT {datanodeUUID=0c3d5d33-5004-4ad0-a181-1b32c8916f48, command=[]} | ret=SUCCESS |  
2019-08-30 05:52:14,499 | INFO  | SCMAudit | user=jenkins1000 | ip=192.168.69.118 | op=SEND_HEARTBEAT {datanodeUUID=3db231e5-aa41-417a-9eb1-ebae727224a1, command=[]} | ret=SUCCESS |  
2019-08-30 05:52:14,536 | INFO  | SCMAudit | user=jenkins1000 | ip=192.168.69.118 | op=SEND_HEARTBEAT {datanodeUUID=0c3d5d33-5004-4ad0-a181-1b32c8916f48, command=[]} | ret=SUCCESS |  
2019-08-30 05:52:14,600 | INFO  | SCMAudit | user=jenkins1000 | ip=192.168.69.118 | op=SEND_HEARTBEAT {datanodeUUID=3db231e5-aa41-417a-9eb1-ebae727224a1, command=[]} | ret=SUCCESS |  
2019-08-30 05:52:14,636 | INFO  | SCMAudit | user=jenkins1000 | ip=192.168.69.118 | op=SEND_HEARTBEAT {datanodeUUID=0c3d5d33-5004-4ad0-a181-1b32c8916f48, command=[]} | ret=SUCCESS |  
2019-08-30 05:52:14,699 | INFO  | SCMAudit | user=jenkins1000 | ip=192.168.69.118 | op=SEND_HEARTBEAT {datanodeUUID=3db231e5-aa41-417a-9eb1-ebae727224a1, command=[]} | ret=SUCCESS |  
2019-08-30 05:52:14,735 | INFO  | SCMAudit | user=jenkins1000 | ip=192.168.69.118 | op=SEND_HEARTBEAT {datanodeUUID=0c3d5d33-5004-4ad0-a181-1b32c8916f48, command=[]} | ret=SUCCESS |  
2019-08-30 05:52:14,800 | INFO  | SCMAudit | user=jenkins1000 | ip=192.168.69.118 | op=SEND_HEARTBEAT {datanodeUUID=3db231e5-aa41-417a-9eb1-ebae727224a1, command=[]} | ret=SUCCESS |  
2019-08-30 05:52:14,836 | INFO  | SCMAudit | user=jenkins1000 | ip=192.168.69.118 | op=SEND_HEARTBEAT {datanodeUUID=0c3d5d33-5004-4ad0-a181-1b32c8916f48, command=[]} | ret=SUCCESS |  
2019-08-30 05:52:14,899 | INFO  | SCMAudit | user=jenkins1000 | ip=192.168.69.118 | op=SEND_HEARTBEAT {datanodeUUID=3db231e5-aa41-417a-9eb1-ebae727224a1, command=[]} | ret=SUCCESS |  
2019-08-30 05:52:14,935 | INFO  | SCMAudit | user=jenkins1000 | ip=192.168.69.118 | op=SEND_HEARTBEAT {datanodeUUID=0c3d5d33-5004-4ad0-a181-1b32c8916f48, command=[]} | ret=SUCCESS |  
2019-08-30 05:52:14,999 | INFO  | SCMAudit | user=jenkins1000 | ip=192.168.69.118 | op=SEND_HEARTBEAT {datanodeUUID=3db231e5-aa41-417a-9eb1-ebae727224a1, command=[]} | ret=SUCCESS |  
2019-08-30 05:52:15,035 | INFO  | SCMAudit | user=jenkins1000 | ip=192.168.69.118 | op=SEND_HEARTBEAT {datanodeUUID=0c3d5d33-5004-4ad0-a181-1b32c8916f48, command=[]} | ret=SUCCESS |  
2019-08-30 05:52:15,099 | INFO  | SCMAudit | user=jenkins1000 | ip=192.168.69.118 | op=SEND_HEARTBEAT {datanodeUUID=3db231e5-aa41-417a-9eb1-ebae727224a1, command=[]} | ret=SUCCESS |  
2019-08-30 05:52:15,136 | INFO  | SCMAudit | user=jenkins1000 | ip=192.168.69.118 | op=SEND_HEARTBEAT {datanodeUUID=0c3d5d33-5004-4ad0-a181-1b32c8916f48, command=[]} | ret=SUCCESS |  
2019-08-30 05:52:15,200 | INFO  | SCMAudit | user=jenkins1000 | ip=192.168.69.118 | op=SEND_HEARTBEAT {datanodeUUID=3db231e5-aa41-417a-9eb1-ebae727224a1, command=[]} | ret=SUCCESS |  
2019-08-30 05:52:15,236 | INFO  | SCMAudit | user=jenkins1000 | ip=192.168.69.118 | op=SEND_HEARTBEAT {datanodeUUID=0c3d5d33-5004-4ad0-a181-1b32c8916f48, command=[]} | ret=SUCCESS |  
2019-08-30 05:52:15,299 | INFO  | SCMAudit | user=jenkins1000 | ip=192.168.69.118 | op=SEND_HEARTBEAT {datanodeUUID=3db231e5-aa41-417a-9eb1-ebae727224a1, command=[]} | ret=SUCCESS |  
2019-08-30 05:52:15,337 | INFO  | SCMAudit | user=jenkins1000 | ip=192.168.69.118 | op=SEND_HEARTBEAT {datanodeUUID=0c3d5d33-5004-4ad0-a181-1b32c8916f48, command=[]} | ret=SUCCESS |  
2019-08-30 05:52:15,400 | INFO  | SCMAudit | user=jenkins1000 | ip=192.168.69.118 | op=SEND_HEARTBEAT {datanodeUUID=3db231e5-aa41-417a-9eb1-ebae727224a1, command=[]} | ret=SUCCESS |  
2019-08-30 05:52:15,437 | INFO  | SCMAudit | user=jenkins1000 | ip=192.168.69.118 | op=SEND_HEARTBEAT {datanodeUUID=0c3d5d33-5004-4ad0-a181-1b32c8916f48, command=[]} | ret=SUCCESS |  
2019-08-30 05:52:15,499 | INFO  | SCMAudit | user=jenkins1000 | ip=192.168.69.118 | op=SEND_HEARTBEAT {datanodeUUID=3db231e5-aa41-417a-9eb1-ebae727224a1, command=[]} | ret=SUCCESS |  
2019-08-30 05:52:15,537 | INFO  | SCMAudit | user=jenkins1000 | ip=192.168.69.118 | op=SEND_HEARTBEAT {datanodeUUID=0c3d5d33-5004-4ad0-a181-1b32c8916f48, command=[]} | ret=SUCCESS |  
2019-08-30 05:52:15,599 | INFO  | SCMAudit | user=jenkins1000 | ip=192.168.69.118 | op=SEND_HEARTBEAT {datanodeUUID=3db231e5-aa41-417a-9eb1-ebae727224a1, command=[]} | ret=SUCCESS |  
2019-08-30 05:52:15,638 | INFO  | SCMAudit | user=jenkins1000 | ip=192.168.69.118 | op=SEND_HEARTBEAT {datanodeUUID=0c3d5d33-5004-4ad0-a181-1b32c8916f48, command=[]} | ret=SUCCESS |  
2019-08-30 05:52:15,653 [grpc-default-executor-1] WARN  server.GrpcLogAppender (LogUtils.java:warn(134)) - 0c3d5d33-5004-4ad0-a181-1b32c8916f48->39b5c586-5c16-4d91-b521-ddac34f0fc4c: Failed appendEntries: org.apache.ratis.thirdparty.io.grpc.StatusRuntimeException: UNAVAILABLE: io exception
2019-08-30 05:52:15,655 [grpc-default-executor-1] INFO  impl.FollowerInfo (FollowerInfo.java:lambda$new$0(50)) - 0c3d5d33-5004-4ad0-a181-1b32c8916f48->39b5c586-5c16-4d91-b521-ddac34f0fc4c: nextIndex: updateUnconditionally 1 -> 0
2019-08-30 05:52:15,700 | INFO  | SCMAudit | user=jenkins1000 | ip=192.168.69.118 | op=SEND_HEARTBEAT {datanodeUUID=3db231e5-aa41-417a-9eb1-ebae727224a1, command=[]} | ret=SUCCESS |  
2019-08-30 05:52:15,737 | INFO  | SCMAudit | user=jenkins1000 | ip=192.168.69.118 | op=SEND_HEARTBEAT {datanodeUUID=0c3d5d33-5004-4ad0-a181-1b32c8916f48, command=[]} | ret=SUCCESS |  
2019-08-30 05:52:15,799 | INFO  | SCMAudit | user=jenkins1000 | ip=192.168.69.118 | op=SEND_HEARTBEAT {datanodeUUID=3db231e5-aa41-417a-9eb1-ebae727224a1, command=[]} | ret=SUCCESS |  
2019-08-30 05:52:15,837 | INFO  | SCMAudit | user=jenkins1000 | ip=192.168.69.118 | op=SEND_HEARTBEAT {datanodeUUID=0c3d5d33-5004-4ad0-a181-1b32c8916f48, command=[]} | ret=SUCCESS |  
2019-08-30 05:52:15,888 [Thread-358] INFO  client.GrpcClientProtocolService (GrpcClientProtocolService.java:lambda$processClientRequest$0(278)) - Failed RaftClientRequest:client-66420869BE01->0c3d5d33-5004-4ad0-a181-1b32c8916f48@group-F96D3AAC4001, cid=10, seq=0, Watch-ALL_COMMITTED(6), Message:<EMPTY>, reply=RaftClientReply:client-66420869BE01->0c3d5d33-5004-4ad0-a181-1b32c8916f48@group-F96D3AAC4001, cid=10, FAILED org.apache.ratis.protocol.NotReplicatedException: Request with call Id 10 and log index 6 is not yet replicated to ALL_COMMITTED, logIndex=6, commits[0c3d5d33-5004-4ad0-a181-1b32c8916f48:c8, 39b5c586-5c16-4d91-b521-ddac34f0fc4c:c4, 3db231e5-aa41-417a-9eb1-ebae727224a1:c8]
2019-08-30 05:52:15,895 [grpc-default-executor-1] INFO  client.GrpcClientProtocolClient (GrpcClientProtocolClient.java:onNext(255)) - client-66420869BE01->0c3d5d33-5004-4ad0-a181-1b32c8916f48: receive RaftClientReply:client-66420869BE01->0c3d5d33-5004-4ad0-a181-1b32c8916f48@group-F96D3AAC4001, cid=10, FAILED org.apache.ratis.protocol.NotReplicatedException: Request with call Id 10 and log index 6 is not yet replicated to ALL_COMMITTED, logIndex=6, commits[0c3d5d33-5004-4ad0-a181-1b32c8916f48:c8, 39b5c586-5c16-4d91-b521-ddac34f0fc4c:c4, 3db231e5-aa41-417a-9eb1-ebae727224a1:c8]
2019-08-30 05:52:15,900 | INFO  | SCMAudit | user=jenkins1000 | ip=192.168.69.118 | op=SEND_HEARTBEAT {datanodeUUID=3db231e5-aa41-417a-9eb1-ebae727224a1, command=[]} | ret=SUCCESS |  
2019-08-30 05:52:15,900 [main] WARN  scm.XceiverClientRatis (XceiverClientRatis.java:watchForCommit(262)) - 3 way commit failed on pipeline Pipeline[ Id: 1239619d-f8f3-45fb-8433-f96d3aac4001, Nodes: 0c3d5d33-5004-4ad0-a181-1b32c8916f48{ip: 192.168.69.118, host: trunk-nightly-20190830-rr75b-3244975676, networkLocation: /default-rack, certSerialId: null}3db231e5-aa41-417a-9eb1-ebae727224a1{ip: 192.168.69.118, host: trunk-nightly-20190830-rr75b-3244975676, networkLocation: /default-rack, certSerialId: null}39b5c586-5c16-4d91-b521-ddac34f0fc4c{ip: 192.168.69.118, host: trunk-nightly-20190830-rr75b-3244975676, networkLocation: /default-rack, certSerialId: null}, Type:RATIS, Factor:THREE, State:OPEN]
java.util.concurrent.ExecutionException: org.apache.ratis.protocol.NotReplicatedException: Request with call Id 10 and log index 6 is not yet replicated to ALL_COMMITTED
	at java.util.concurrent.CompletableFuture.reportGet(CompletableFuture.java:357)
	at java.util.concurrent.CompletableFuture.get(CompletableFuture.java:1915)
	at org.apache.hadoop.hdds.scm.XceiverClientRatis.watchForCommit(XceiverClientRatis.java:259)
	at org.apache.hadoop.hdds.scm.storage.CommitWatcher.watchForCommit(CommitWatcher.java:194)
	at org.apache.hadoop.hdds.scm.storage.CommitWatcher.watchOnLastIndex(CommitWatcher.java:157)
	at org.apache.hadoop.hdds.scm.storage.BlockOutputStream.watchForCommit(BlockOutputStream.java:347)
	at org.apache.hadoop.hdds.scm.storage.BlockOutputStream.handleFlush(BlockOutputStream.java:479)
	at org.apache.hadoop.hdds.scm.storage.BlockOutputStream.close(BlockOutputStream.java:493)
	at org.apache.hadoop.ozone.client.io.BlockOutputStreamEntry.close(BlockOutputStreamEntry.java:143)
	at org.apache.hadoop.ozone.client.io.KeyOutputStream.handleFlushOrClose(KeyOutputStream.java:434)
	at org.apache.hadoop.ozone.client.io.KeyOutputStream.close(KeyOutputStream.java:472)
	at org.apache.hadoop.ozone.client.io.OzoneOutputStream.close(OzoneOutputStream.java:60)
	at org.apache.hadoop.ozone.client.rpc.TestDeleteWithSlowFollower.testDeleteKeyWithSlowFollower(TestDeleteWithSlowFollower.java:193)
	at sun.reflect.NativeMethodAccessorImpl.invoke0(Native Method)
	at sun.reflect.NativeMethodAccessorImpl.invoke(NativeMethodAccessorImpl.java:62)
	at sun.reflect.DelegatingMethodAccessorImpl.invoke(DelegatingMethodAccessorImpl.java:43)
	at java.lang.reflect.Method.invoke(Method.java:498)
	at org.junit.runners.model.FrameworkMethod$1.runReflectiveCall(FrameworkMethod.java:47)
	at org.junit.internal.runners.model.ReflectiveCallable.run(ReflectiveCallable.java:12)
	at org.junit.runners.model.FrameworkMethod.invokeExplosively(FrameworkMethod.java:44)
	at org.junit.internal.runners.statements.InvokeMethod.evaluate(InvokeMethod.java:17)
	at org.junit.runners.ParentRunner.runLeaf(ParentRunner.java:271)
	at org.junit.runners.BlockJUnit4ClassRunner.runChild(BlockJUnit4ClassRunner.java:70)
	at org.junit.runners.BlockJUnit4ClassRunner.runChild(BlockJUnit4ClassRunner.java:50)
	at org.junit.runners.ParentRunner$3.run(ParentRunner.java:238)
	at org.junit.runners.ParentRunner$1.schedule(ParentRunner.java:63)
	at org.junit.runners.ParentRunner.runChildren(ParentRunner.java:236)
	at org.junit.runners.ParentRunner.access$000(ParentRunner.java:53)
	at org.junit.runners.ParentRunner$2.evaluate(ParentRunner.java:229)
	at org.junit.internal.runners.statements.RunBefores.evaluate(RunBefores.java:26)
	at org.junit.internal.runners.statements.RunAfters.evaluate(RunAfters.java:27)
	at org.junit.runners.ParentRunner.run(ParentRunner.java:309)
	at org.apache.maven.surefire.junit4.JUnit4Provider.execute(JUnit4Provider.java:365)
	at org.apache.maven.surefire.junit4.JUnit4Provider.executeWithRerun(JUnit4Provider.java:273)
	at org.apache.maven.surefire.junit4.JUnit4Provider.executeTestSet(JUnit4Provider.java:238)
	at org.apache.maven.surefire.junit4.JUnit4Provider.invoke(JUnit4Provider.java:159)
	at org.apache.maven.surefire.booter.ForkedBooter.invokeProviderInSameClassLoader(ForkedBooter.java:384)
	at org.apache.maven.surefire.booter.ForkedBooter.runSuitesInProcess(ForkedBooter.java:345)
	at org.apache.maven.surefire.booter.ForkedBooter.execute(ForkedBooter.java:126)
	at org.apache.maven.surefire.booter.ForkedBooter.main(ForkedBooter.java:418)
Caused by: org.apache.ratis.protocol.NotReplicatedException: Request with call Id 10 and log index 6 is not yet replicated to ALL_COMMITTED
	at org.apache.ratis.client.impl.ClientProtoUtils.toRaftClientReply(ClientProtoUtils.java:245)
	at org.apache.ratis.grpc.client.GrpcClientProtocolClient$AsyncStreamObservers$1.onNext(GrpcClientProtocolClient.java:254)
	at org.apache.ratis.grpc.client.GrpcClientProtocolClient$AsyncStreamObservers$1.onNext(GrpcClientProtocolClient.java:249)
	at org.apache.ratis.thirdparty.io.grpc.stub.ClientCalls$StreamObserverToCallListenerAdapter.onMessage(ClientCalls.java:421)
	at org.apache.ratis.thirdparty.io.grpc.ForwardingClientCallListener.onMessage(ForwardingClientCallListener.java:33)
	at org.apache.ratis.thirdparty.io.grpc.ForwardingClientCallListener.onMessage(ForwardingClientCallListener.java:33)
	at org.apache.ratis.thirdparty.io.grpc.internal.ClientCallImpl$ClientStreamListenerImpl$1MessagesAvailable.runInContext(ClientCallImpl.java:519)
	at org.apache.ratis.thirdparty.io.grpc.internal.ContextRunnable.run(ContextRunnable.java:37)
	at org.apache.ratis.thirdparty.io.grpc.internal.SerializingExecutor.run(SerializingExecutor.java:123)
	at java.util.concurrent.ThreadPoolExecutor.runWorker(ThreadPoolExecutor.java:1149)
	at java.util.concurrent.ThreadPoolExecutor$Worker.run(ThreadPoolExecutor.java:624)
	at java.lang.Thread.run(Thread.java:748)
2019-08-30 05:52:15,910 [grpc-default-executor-1] INFO  client.GrpcClientProtocolClient (GrpcClientProtocolClient.java:onNext(255)) - client-66420869BE01->0c3d5d33-5004-4ad0-a181-1b32c8916f48: receive RaftClientReply:client-66420869BE01->0c3d5d33-5004-4ad0-a181-1b32c8916f48@group-F96D3AAC4001, cid=11, SUCCESS, logIndex=0, commits[0c3d5d33-5004-4ad0-a181-1b32c8916f48:c8, 39b5c586-5c16-4d91-b521-ddac34f0fc4c:c4, 3db231e5-aa41-417a-9eb1-ebae727224a1:c8]
2019-08-30 05:52:15,918 [main] INFO  scm.XceiverClientRatis (XceiverClientRatis.java:lambda$watchForCommit$7(280)) - Could not commit index 6 on pipeline Pipeline[ Id: 1239619d-f8f3-45fb-8433-f96d3aac4001, Nodes: 0c3d5d33-5004-4ad0-a181-1b32c8916f48{ip: 192.168.69.118, host: trunk-nightly-20190830-rr75b-3244975676, networkLocation: /default-rack, certSerialId: null}3db231e5-aa41-417a-9eb1-ebae727224a1{ip: 192.168.69.118, host: trunk-nightly-20190830-rr75b-3244975676, networkLocation: /default-rack, certSerialId: null}39b5c586-5c16-4d91-b521-ddac34f0fc4c{ip: 192.168.69.118, host: trunk-nightly-20190830-rr75b-3244975676, networkLocation: /default-rack, certSerialId: null}, Type:RATIS, Factor:THREE, State:OPEN] to all the nodes. Server 39b5c586-5c16-4d91-b521-ddac34f0fc4c has failed. Committed by majority.
2019-08-30 05:52:15,918 [main] WARN  storage.BlockOutputStream (BlockOutputStream.java:watchForCommit(353)) - Failed to commit BlockId conID: 1 locID: 102704369106026497 bcsId: 6 on Pipeline[ Id: 1239619d-f8f3-45fb-8433-f96d3aac4001, Nodes: 0c3d5d33-5004-4ad0-a181-1b32c8916f48{ip: 192.168.69.118, host: trunk-nightly-20190830-rr75b-3244975676, networkLocation: /default-rack, certSerialId: null}3db231e5-aa41-417a-9eb1-ebae727224a1{ip: 192.168.69.118, host: trunk-nightly-20190830-rr75b-3244975676, networkLocation: /default-rack, certSerialId: null}39b5c586-5c16-4d91-b521-ddac34f0fc4c{ip: 192.168.69.118, host: trunk-nightly-20190830-rr75b-3244975676, networkLocation: /default-rack, certSerialId: null}, Type:RATIS, Factor:THREE, State:OPEN]. Failed nodes: [39b5c586-5c16-4d91-b521-ddac34f0fc4c{ip: null, host: null, networkLocation: /default-rack, certSerialId: null}]
2019-08-30 05:52:15,936 | INFO  | OMAudit | user=jenkins1000 | ip=127.0.0.1 | op=COMMIT_KEY {volume=testcontainerstatemachinefailures, bucket=testcontainerstatemachinefailures, key=ratis, dataSize=10, replicationType=null, replicationFactor=null, keyLocationInfo=[{blockID={containerID=1, localID=102704369106026497}, length=10, offset=0, token=null, pipeline=Pipeline[ Id: 1239619d-f8f3-45fb-8433-f96d3aac4001, Nodes: 0c3d5d33-5004-4ad0-a181-1b32c8916f48{ip: 192.168.69.118, host: trunk-nightly-20190830-rr75b-3244975676, networkLocation: /default-rack, certSerialId: null}3db231e5-aa41-417a-9eb1-ebae727224a1{ip: 192.168.69.118, host: trunk-nightly-20190830-rr75b-3244975676, networkLocation: /default-rack, certSerialId: null}39b5c586-5c16-4d91-b521-ddac34f0fc4c{ip: 192.168.69.118, host: trunk-nightly-20190830-rr75b-3244975676, networkLocation: /default-rack, certSerialId: null}, Type:RATIS, Factor:THREE, State:OPEN], createVersion=0}], clientID=102704369071161344} | ret=SUCCESS |  
2019-08-30 05:52:15,938 | INFO  | SCMAudit | user=jenkins1000 | ip=192.168.69.118 | op=SEND_HEARTBEAT {datanodeUUID=0c3d5d33-5004-4ad0-a181-1b32c8916f48, command=[]} | ret=SUCCESS |  
2019-08-30 05:52:15,960 [grpc-default-executor-2] WARN  server.GrpcLogAppender (LogUtils.java:warn(134)) - 0c3d5d33-5004-4ad0-a181-1b32c8916f48->39b5c586-5c16-4d91-b521-ddac34f0fc4c: Failed appendEntries: org.apache.ratis.thirdparty.io.grpc.StatusRuntimeException: UNAVAILABLE: io exception
2019-08-30 05:52:15,962 [grpc-default-executor-2] INFO  impl.FollowerInfo (FollowerInfo.java:lambda$new$0(50)) - 0c3d5d33-5004-4ad0-a181-1b32c8916f48->39b5c586-5c16-4d91-b521-ddac34f0fc4c: nextIndex: updateUnconditionally 1 -> 0
2019-08-30 05:52:15,969 [grpc-default-executor-4] WARN  server.GrpcLogAppender (LogUtils.java:warn(134)) - 0c3d5d33-5004-4ad0-a181-1b32c8916f48->39b5c586-5c16-4d91-b521-ddac34f0fc4c: Failed appendEntries: org.apache.ratis.thirdparty.io.grpc.StatusRuntimeException: UNAVAILABLE: io exception
2019-08-30 05:52:15,971 [grpc-default-executor-4] INFO  impl.FollowerInfo (FollowerInfo.java:lambda$new$0(50)) - 0c3d5d33-5004-4ad0-a181-1b32c8916f48->39b5c586-5c16-4d91-b521-ddac34f0fc4c: nextIndex: updateUnconditionally 1 -> 0
2019-08-30 05:52:15,982 [grpc-default-executor-1] WARN  server.GrpcLogAppender (LogUtils.java:warn(134)) - 0c3d5d33-5004-4ad0-a181-1b32c8916f48->39b5c586-5c16-4d91-b521-ddac34f0fc4c: Failed appendEntries: org.apache.ratis.thirdparty.io.grpc.StatusRuntimeException: UNAVAILABLE: io exception
2019-08-30 05:52:15,983 [grpc-default-executor-1] INFO  impl.FollowerInfo (FollowerInfo.java:lambda$new$0(50)) - 0c3d5d33-5004-4ad0-a181-1b32c8916f48->39b5c586-5c16-4d91-b521-ddac34f0fc4c: nextIndex: updateUnconditionally 1 -> 0
2019-08-30 05:52:15,999 | INFO  | SCMAudit | user=jenkins1000 | ip=192.168.69.118 | op=SEND_HEARTBEAT {datanodeUUID=3db231e5-aa41-417a-9eb1-ebae727224a1, command=[]} | ret=SUCCESS |  
2019-08-30 05:52:16,008 | INFO  | SCMAudit | user=jenkins1000 | ip=192.168.69.118 | op=SEND_HEARTBEAT {datanodeUUID=0c3d5d33-5004-4ad0-a181-1b32c8916f48, command=[]} | ret=SUCCESS |  
2019-08-30 05:52:16,008 | INFO  | SCMAudit | user=jenkins1000 | ip=192.168.69.118 | op=SEND_HEARTBEAT {datanodeUUID=3db231e5-aa41-417a-9eb1-ebae727224a1, command=[]} | ret=SUCCESS |  
2019-08-30 05:52:16,009 [EventQueue-IncrementalContainerReportForIncrementalContainerReportHandler] WARN  container.IncrementalContainerReportHandler (AbstractContainerReportHandler.java:updateContainerState(143)) - Container #1 is in OPEN state, but the datanode 3db231e5-aa41-417a-9eb1-ebae727224a1{ip: 192.168.69.118, host: trunk-nightly-20190830-rr75b-3244975676, networkLocation: /default-rack, certSerialId: null} reports an CLOSING replica.
2019-08-30 05:52:16,009 [EventQueue-IncrementalContainerReportForIncrementalContainerReportHandler] WARN  container.IncrementalContainerReportHandler (AbstractContainerReportHandler.java:updateContainerState(143)) - Container #1 is in OPEN state, but the datanode 0c3d5d33-5004-4ad0-a181-1b32c8916f48{ip: 192.168.69.118, host: trunk-nightly-20190830-rr75b-3244975676, networkLocation: /default-rack, certSerialId: null} reports an CLOSING replica.
2019-08-30 05:52:16,015 | INFO  | DNAudit | user=null | ip=null | op=READ_CHUNK {blockData=conID: 1 locID: 102704369106026497 bcsId: 0} | ret=SUCCESS |  
2019-08-30 05:52:16,030 [RatisApplyTransactionExecutor 1] INFO  interfaces.Container (KeyValueContainer.java:flushAndSyncDB(382)) - Container 1 is synced with bcsId 6.
2019-08-30 05:52:16,030 [RatisApplyTransactionExecutor 1] INFO  interfaces.Container (KeyValueContainer.java:flushAndSyncDB(382)) - Container 1 is synced with bcsId 6.
2019-08-30 05:52:16,032 [RatisApplyTransactionExecutor 1] INFO  interfaces.Container (KeyValueContainer.java:flushAndSyncDB(382)) - Container 1 is synced with bcsId 6.
2019-08-30 05:52:16,032 [RatisApplyTransactionExecutor 1] INFO  interfaces.Container (KeyValueContainer.java:flushAndSyncDB(382)) - Container 1 is synced with bcsId 6.
2019-08-30 05:52:16,061 | INFO  | DNAudit | user=null | ip=null | op=CLOSE_CONTAINER {containerID=1} | ret=SUCCESS |  
2019-08-30 05:52:16,061 | INFO  | DNAudit | user=null | ip=null | op=CLOSE_CONTAINER {containerID=1} | ret=SUCCESS |  
2019-08-30 05:52:16,064 | INFO  | SCMAudit | user=jenkins1000 | ip=192.168.69.118 | op=SEND_HEARTBEAT {datanodeUUID=0c3d5d33-5004-4ad0-a181-1b32c8916f48, command=[]} | ret=SUCCESS |  
2019-08-30 05:52:16,064 | INFO  | SCMAudit | user=jenkins1000 | ip=192.168.69.118 | op=SEND_HEARTBEAT {datanodeUUID=3db231e5-aa41-417a-9eb1-ebae727224a1, command=[]} | ret=SUCCESS |  
2019-08-30 05:52:16,064 [EventQueue-IncrementalContainerReportForIncrementalContainerReportHandler] WARN  container.IncrementalContainerReportHandler (AbstractContainerReportHandler.java:updateContainerState(143)) - Container #1 is in OPEN state, but the datanode 3db231e5-aa41-417a-9eb1-ebae727224a1{ip: 192.168.69.118, host: trunk-nightly-20190830-rr75b-3244975676, networkLocation: /default-rack, certSerialId: null} reports an CLOSED replica.
2019-08-30 05:52:16,065 [EventQueue-IncrementalContainerReportForIncrementalContainerReportHandler] WARN  container.IncrementalContainerReportHandler (AbstractContainerReportHandler.java:updateContainerState(143)) - Container #1 is in OPEN state, but the datanode 0c3d5d33-5004-4ad0-a181-1b32c8916f48{ip: 192.168.69.118, host: trunk-nightly-20190830-rr75b-3244975676, networkLocation: /default-rack, certSerialId: null} reports an CLOSED replica.
2019-08-30 05:52:16,067 [grpc-default-executor-1] INFO  client.GrpcClientProtocolClient (GrpcClientProtocolClient.java:onNext(255)) - client-55FAFC35B5E5->0c3d5d33-5004-4ad0-a181-1b32c8916f48: receive RaftClientReply:client-55FAFC35B5E5->0c3d5d33-5004-4ad0-a181-1b32c8916f48@group-F96D3AAC4001, cid=12, SUCCESS, logIndex=9, commits[0c3d5d33-5004-4ad0-a181-1b32c8916f48:c10, 39b5c586-5c16-4d91-b521-ddac34f0fc4c:c4, 3db231e5-aa41-417a-9eb1-ebae727224a1:c9]
2019-08-30 05:52:16,071 | INFO  | OMAudit | user=null | ip=null | op=READ_KEY {volume=testcontainerstatemachinefailures, bucket=testcontainerstatemachinefailures, key=ratis, dataSize=0, replicationType=RATIS, replicationFactor=THREE, keyLocationInfo=null} | ret=SUCCESS |  
2019-08-30 05:52:16,074 | INFO  | OMAudit | user=null | ip=null | op=DELETE_KEY {volume=testcontainerstatemachinefailures, bucket=testcontainerstatemachinefailures, key=ratis, dataSize=0, replicationType=RATIS, replicationFactor=THREE, keyLocationInfo=null} | ret=SUCCESS |  
2019-08-30 05:52:16,162 | INFO  | SCMAudit | user=jenkins1000 | ip=192.168.69.118 | op=SEND_HEARTBEAT {datanodeUUID=3db231e5-aa41-417a-9eb1-ebae727224a1, command=[]} | ret=SUCCESS |  
2019-08-30 05:52:16,162 | INFO  | SCMAudit | user=jenkins1000 | ip=192.168.69.118 | op=SEND_HEARTBEAT {datanodeUUID=0c3d5d33-5004-4ad0-a181-1b32c8916f48, command=[]} | ret=SUCCESS |  
2019-08-30 05:52:16,162 [EventQueue-ContainerReportForContainerReportHandler] WARN  container.ContainerReportHandler (AbstractContainerReportHandler.java:updateContainerState(143)) - Container #1 is in OPEN state, but the datanode 0c3d5d33-5004-4ad0-a181-1b32c8916f48{ip: 192.168.69.118, host: trunk-nightly-20190830-rr75b-3244975676, networkLocation: /default-rack, certSerialId: null} reports an CLOSED replica.
2019-08-30 05:52:16,261 | INFO  | SCMAudit | user=jenkins1000 | ip=192.168.69.118 | op=SEND_HEARTBEAT {datanodeUUID=0c3d5d33-5004-4ad0-a181-1b32c8916f48, command=[]} | ret=SUCCESS |  
2019-08-30 05:52:16,262 | INFO  | SCMAudit | user=jenkins1000 | ip=192.168.69.118 | op=SEND_HEARTBEAT {datanodeUUID=3db231e5-aa41-417a-9eb1-ebae727224a1, command=[]} | ret=SUCCESS |  
2019-08-30 05:52:16,362 | INFO  | SCMAudit | user=jenkins1000 | ip=192.168.69.118 | op=SEND_HEARTBEAT {datanodeUUID=0c3d5d33-5004-4ad0-a181-1b32c8916f48, command=[]} | ret=SUCCESS |  
2019-08-30 05:52:16,363 | INFO  | SCMAudit | user=jenkins1000 | ip=192.168.69.118 | op=SEND_HEARTBEAT {datanodeUUID=3db231e5-aa41-417a-9eb1-ebae727224a1, command=[]} | ret=SUCCESS |  
2019-08-30 05:52:16,462 | INFO  | SCMAudit | user=jenkins1000 | ip=192.168.69.118 | op=SEND_HEARTBEAT {datanodeUUID=0c3d5d33-5004-4ad0-a181-1b32c8916f48, command=[]} | ret=SUCCESS |  
2019-08-30 05:52:16,462 | INFO  | SCMAudit | user=jenkins1000 | ip=192.168.69.118 | op=SEND_HEARTBEAT {datanodeUUID=3db231e5-aa41-417a-9eb1-ebae727224a1, command=[]} | ret=SUCCESS |  
2019-08-30 05:52:16,462 [EventQueue-ContainerReportForContainerReportHandler] WARN  container.ContainerReportHandler (AbstractContainerReportHandler.java:updateContainerState(143)) - Container #1 is in OPEN state, but the datanode 0c3d5d33-5004-4ad0-a181-1b32c8916f48{ip: 192.168.69.118, host: trunk-nightly-20190830-rr75b-3244975676, networkLocation: /default-rack, certSerialId: null} reports an CLOSED replica.
2019-08-30 05:52:16,463 [EventQueue-ContainerReportForContainerReportHandler] WARN  container.ContainerReportHandler (AbstractContainerReportHandler.java:updateContainerState(143)) - Container #1 is in OPEN state, but the datanode 3db231e5-aa41-417a-9eb1-ebae727224a1{ip: 192.168.69.118, host: trunk-nightly-20190830-rr75b-3244975676, networkLocation: /default-rack, certSerialId: null} reports an CLOSED replica.
2019-08-30 05:52:16,563 | INFO  | SCMAudit | user=jenkins1000 | ip=192.168.69.118 | op=SEND_HEARTBEAT {datanodeUUID=3db231e5-aa41-417a-9eb1-ebae727224a1, command=[]} | ret=SUCCESS |  
2019-08-30 05:52:16,563 | INFO  | SCMAudit | user=jenkins1000 | ip=192.168.69.118 | op=SEND_HEARTBEAT {datanodeUUID=0c3d5d33-5004-4ad0-a181-1b32c8916f48, command=[]} | ret=SUCCESS |  
2019-08-30 05:52:16,663 | INFO  | SCMAudit | user=jenkins1000 | ip=192.168.69.118 | op=SEND_HEARTBEAT {datanodeUUID=0c3d5d33-5004-4ad0-a181-1b32c8916f48, command=[]} | ret=SUCCESS |  
2019-08-30 05:52:16,664 | INFO  | SCMAudit | user=jenkins1000 | ip=192.168.69.118 | op=SEND_HEARTBEAT {datanodeUUID=3db231e5-aa41-417a-9eb1-ebae727224a1, command=[]} | ret=SUCCESS |  
2019-08-30 05:52:16,763 | INFO  | SCMAudit | user=jenkins1000 | ip=192.168.69.118 | op=SEND_HEARTBEAT {datanodeUUID=0c3d5d33-5004-4ad0-a181-1b32c8916f48, command=[]} | ret=SUCCESS |  
2019-08-30 05:52:16,763 [EventQueue-ContainerReportForContainerReportHandler] WARN  container.ContainerReportHandler (AbstractContainerReportHandler.java:updateContainerState(143)) - Container #1 is in OPEN state, but the datanode 0c3d5d33-5004-4ad0-a181-1b32c8916f48{ip: 192.168.69.118, host: trunk-nightly-20190830-rr75b-3244975676, networkLocation: /default-rack, certSerialId: null} reports an CLOSED replica.
2019-08-30 05:52:16,764 | INFO  | SCMAudit | user=jenkins1000 | ip=192.168.69.118 | op=SEND_HEARTBEAT {datanodeUUID=3db231e5-aa41-417a-9eb1-ebae727224a1, command=[]} | ret=SUCCESS |  
2019-08-30 05:52:16,764 [EventQueue-ContainerReportForContainerReportHandler] WARN  container.ContainerReportHandler (AbstractContainerReportHandler.java:updateContainerState(143)) - Container #1 is in OPEN state, but the datanode 3db231e5-aa41-417a-9eb1-ebae727224a1{ip: 192.168.69.118, host: trunk-nightly-20190830-rr75b-3244975676, networkLocation: /default-rack, certSerialId: null} reports an CLOSED replica.
2019-08-30 05:52:16,793 [IPC Server handler 2 on 33419] INFO  server.SCMBlockProtocolServer (SCMBlockProtocolServer.java:deleteKeyBlocks(212)) - SCM is informed by OM to delete 1 blocks
2019-08-30 05:52:16,793 [IPC Server handler 2 on 33419] INFO  block.BlockManagerImpl (BlockManagerImpl.java:deleteBlocks(269)) - Deleting blocks conID: 1 locID: 102704369106026497 bcsId: 0
2019-08-30 05:52:16,799 | INFO  | SCMAudit | user=jenkins1000 | ip=192.168.69.118 | op=DELETE_KEY_BLOCK {keyBlockToDelete=BlockGroup[groupID='/testcontainerstatemachinefailures/testcontainerstatemachinefailures/ratis', blockIDs=[conID: 1 locID: 102704369106026497 bcsId: 0]]} | ret=SUCCESS |  
2019-08-30 05:52:16,863 | INFO  | SCMAudit | user=jenkins1000 | ip=192.168.69.118 | op=SEND_HEARTBEAT {datanodeUUID=0c3d5d33-5004-4ad0-a181-1b32c8916f48, command=[]} | ret=SUCCESS |  
2019-08-30 05:52:16,864 | INFO  | SCMAudit | user=jenkins1000 | ip=192.168.69.118 | op=SEND_HEARTBEAT {datanodeUUID=3db231e5-aa41-417a-9eb1-ebae727224a1, command=[]} | ret=SUCCESS |  
2019-08-30 05:52:16,930 [BlockDeletingService#2] WARN  background.BlockDeletingService (BlockDeletingService.java:isDeletionAllowed(186)) - Close Container log Index 6 is not replicated across allthe servers in the pipeline 1239619d-f8f3-45fb-8433-f96d3aac4001 as the min replicated index is 4. Deletion is not allowed in this container yet.
2019-08-30 05:52:16,932 [BlockDeletingService#8] WARN  background.BlockDeletingService (BlockDeletingService.java:isDeletionAllowed(186)) - Close Container log Index 6 is not replicated across allthe servers in the pipeline 1239619d-f8f3-45fb-8433-f96d3aac4001 as the min replicated index is 4. Deletion is not allowed in this container yet.
2019-08-30 05:52:16,963 | INFO  | SCMAudit | user=jenkins1000 | ip=192.168.69.118 | op=SEND_HEARTBEAT {datanodeUUID=0c3d5d33-5004-4ad0-a181-1b32c8916f48, command=[]} | ret=SUCCESS |  
2019-08-30 05:52:16,965 | INFO  | SCMAudit | user=jenkins1000 | ip=192.168.69.118 | op=SEND_HEARTBEAT {datanodeUUID=3db231e5-aa41-417a-9eb1-ebae727224a1, command=[]} | ret=SUCCESS |  
2019-08-30 05:52:17,064 | INFO  | SCMAudit | user=jenkins1000 | ip=192.168.69.118 | op=SEND_HEARTBEAT {datanodeUUID=0c3d5d33-5004-4ad0-a181-1b32c8916f48, command=[]} | ret=SUCCESS |  
2019-08-30 05:52:17,064 [EventQueue-ContainerReportForContainerReportHandler] WARN  container.ContainerReportHandler (AbstractContainerReportHandler.java:updateContainerState(143)) - Container #1 is in OPEN state, but the datanode 0c3d5d33-5004-4ad0-a181-1b32c8916f48{ip: 192.168.69.118, host: trunk-nightly-20190830-rr75b-3244975676, networkLocation: /default-rack, certSerialId: null} reports an CLOSED replica.
2019-08-30 05:52:17,065 | INFO  | SCMAudit | user=jenkins1000 | ip=192.168.69.118 | op=SEND_HEARTBEAT {datanodeUUID=3db231e5-aa41-417a-9eb1-ebae727224a1, command=[]} | ret=SUCCESS |  
2019-08-30 05:52:17,065 [EventQueue-ContainerReportForContainerReportHandler] WARN  container.ContainerReportHandler (AbstractContainerReportHandler.java:updateContainerState(143)) - Container #1 is in OPEN state, but the datanode 3db231e5-aa41-417a-9eb1-ebae727224a1{ip: 192.168.69.118, host: trunk-nightly-20190830-rr75b-3244975676, networkLocation: /default-rack, certSerialId: null} reports an CLOSED replica.
2019-08-30 05:52:17,164 | INFO  | SCMAudit | user=jenkins1000 | ip=192.168.69.118 | op=SEND_HEARTBEAT {datanodeUUID=0c3d5d33-5004-4ad0-a181-1b32c8916f48, command=[]} | ret=SUCCESS |  
2019-08-30 05:52:17,165 | INFO  | SCMAudit | user=jenkins1000 | ip=192.168.69.118 | op=SEND_HEARTBEAT {datanodeUUID=3db231e5-aa41-417a-9eb1-ebae727224a1, command=[]} | ret=SUCCESS |  
2019-08-30 05:52:17,265 | INFO  | SCMAudit | user=jenkins1000 | ip=192.168.69.118 | op=SEND_HEARTBEAT {datanodeUUID=0c3d5d33-5004-4ad0-a181-1b32c8916f48, command=[]} | ret=SUCCESS |  
2019-08-30 05:52:17,265 | INFO  | SCMAudit | user=jenkins1000 | ip=192.168.69.118 | op=SEND_HEARTBEAT {datanodeUUID=3db231e5-aa41-417a-9eb1-ebae727224a1, command=[]} | ret=SUCCESS |  
2019-08-30 05:52:17,266 [EventQueue-ContainerReportForContainerReportHandler] WARN  container.ContainerReportHandler (AbstractContainerReportHandler.java:updateContainerState(143)) - Container #1 is in OPEN state, but the datanode 3db231e5-aa41-417a-9eb1-ebae727224a1{ip: 192.168.69.118, host: trunk-nightly-20190830-rr75b-3244975676, networkLocation: /default-rack, certSerialId: null} reports an CLOSED replica.
2019-08-30 05:52:17,365 | INFO  | SCMAudit | user=jenkins1000 | ip=192.168.69.118 | op=SEND_HEARTBEAT {datanodeUUID=3db231e5-aa41-417a-9eb1-ebae727224a1, command=[]} | ret=SUCCESS |  
2019-08-30 05:52:17,365 | INFO  | SCMAudit | user=jenkins1000 | ip=192.168.69.118 | op=SEND_HEARTBEAT {datanodeUUID=0c3d5d33-5004-4ad0-a181-1b32c8916f48, command=[]} | ret=SUCCESS |  
2019-08-30 05:52:17,466 | INFO  | SCMAudit | user=jenkins1000 | ip=192.168.69.118 | op=SEND_HEARTBEAT {datanodeUUID=3db231e5-aa41-417a-9eb1-ebae727224a1, command=[]} | ret=SUCCESS |  
2019-08-30 05:52:17,466 | INFO  | SCMAudit | user=jenkins1000 | ip=192.168.69.118 | op=SEND_HEARTBEAT {datanodeUUID=0c3d5d33-5004-4ad0-a181-1b32c8916f48, command=[]} | ret=SUCCESS |  
2019-08-30 05:52:17,466 [EventQueue-ContainerReportForContainerReportHandler] WARN  container.ContainerReportHandler (AbstractContainerReportHandler.java:updateContainerState(143)) - Container #1 is in OPEN state, but the datanode 0c3d5d33-5004-4ad0-a181-1b32c8916f48{ip: 192.168.69.118, host: trunk-nightly-20190830-rr75b-3244975676, networkLocation: /default-rack, certSerialId: null} reports an CLOSED replica.
2019-08-30 05:52:17,566 | INFO  | SCMAudit | user=jenkins1000 | ip=192.168.69.118 | op=SEND_HEARTBEAT {datanodeUUID=3db231e5-aa41-417a-9eb1-ebae727224a1, command=[]} | ret=SUCCESS |  
2019-08-30 05:52:17,566 | INFO  | SCMAudit | user=jenkins1000 | ip=192.168.69.118 | op=SEND_HEARTBEAT {datanodeUUID=0c3d5d33-5004-4ad0-a181-1b32c8916f48, command=[]} | ret=SUCCESS |  
2019-08-30 05:52:17,665 | INFO  | SCMAudit | user=jenkins1000 | ip=192.168.69.118 | op=SEND_HEARTBEAT {datanodeUUID=0c3d5d33-5004-4ad0-a181-1b32c8916f48, command=[]} | ret=SUCCESS |  
2019-08-30 05:52:17,666 | INFO  | SCMAudit | user=jenkins1000 | ip=192.168.69.118 | op=SEND_HEARTBEAT {datanodeUUID=3db231e5-aa41-417a-9eb1-ebae727224a1, command=[]} | ret=SUCCESS |  
2019-08-30 05:52:17,666 [EventQueue-ContainerReportForContainerReportHandler] WARN  container.ContainerReportHandler (AbstractContainerReportHandler.java:updateContainerState(143)) - Container #1 is in OPEN state, but the datanode 3db231e5-aa41-417a-9eb1-ebae727224a1{ip: 192.168.69.118, host: trunk-nightly-20190830-rr75b-3244975676, networkLocation: /default-rack, certSerialId: null} reports an CLOSED replica.
2019-08-30 05:52:17,765 | INFO  | SCMAudit | user=jenkins1000 | ip=192.168.69.118 | op=SEND_HEARTBEAT {datanodeUUID=3db231e5-aa41-417a-9eb1-ebae727224a1, command=[]} | ret=SUCCESS |  
2019-08-30 05:52:17,765 | INFO  | SCMAudit | user=jenkins1000 | ip=192.168.69.118 | op=SEND_HEARTBEAT {datanodeUUID=0c3d5d33-5004-4ad0-a181-1b32c8916f48, command=[]} | ret=SUCCESS |  
2019-08-30 05:52:17,765 [EventQueue-ContainerReportForContainerReportHandler] WARN  container.ContainerReportHandler (AbstractContainerReportHandler.java:updateContainerState(143)) - Container #1 is in OPEN state, but the datanode 0c3d5d33-5004-4ad0-a181-1b32c8916f48{ip: 192.168.69.118, host: trunk-nightly-20190830-rr75b-3244975676, networkLocation: /default-rack, certSerialId: null} reports an CLOSED replica.
2019-08-30 05:52:17,865 | INFO  | SCMAudit | user=jenkins1000 | ip=192.168.69.118 | op=SEND_HEARTBEAT {datanodeUUID=3db231e5-aa41-417a-9eb1-ebae727224a1, command=[]} | ret=SUCCESS |  
2019-08-30 05:52:17,865 | INFO  | SCMAudit | user=jenkins1000 | ip=192.168.69.118 | op=SEND_HEARTBEAT {datanodeUUID=0c3d5d33-5004-4ad0-a181-1b32c8916f48, command=[]} | ret=SUCCESS |  
2019-08-30 05:52:17,931 [BlockDeletingService#2] WARN  background.BlockDeletingService (BlockDeletingService.java:isDeletionAllowed(186)) - Close Container log Index 6 is not replicated across allthe servers in the pipeline 1239619d-f8f3-45fb-8433-f96d3aac4001 as the min replicated index is 4. Deletion is not allowed in this container yet.
2019-08-30 05:52:17,936 [BlockDeletingService#8] WARN  background.BlockDeletingService (BlockDeletingService.java:isDeletionAllowed(186)) - Close Container log Index 6 is not replicated across allthe servers in the pipeline 1239619d-f8f3-45fb-8433-f96d3aac4001 as the min replicated index is 4. Deletion is not allowed in this container yet.
2019-08-30 05:52:17,965 | INFO  | SCMAudit | user=jenkins1000 | ip=192.168.69.118 | op=SEND_HEARTBEAT {datanodeUUID=0c3d5d33-5004-4ad0-a181-1b32c8916f48, command=[]} | ret=SUCCESS |  
2019-08-30 05:52:17,966 | INFO  | SCMAudit | user=jenkins1000 | ip=192.168.69.118 | op=SEND_HEARTBEAT {datanodeUUID=3db231e5-aa41-417a-9eb1-ebae727224a1, command=[]} | ret=SUCCESS |  
2019-08-30 05:52:17,966 [EventQueue-ContainerReportForContainerReportHandler] WARN  container.ContainerReportHandler (AbstractContainerReportHandler.java:updateContainerState(143)) - Container #1 is in OPEN state, but the datanode 3db231e5-aa41-417a-9eb1-ebae727224a1{ip: 192.168.69.118, host: trunk-nightly-20190830-rr75b-3244975676, networkLocation: /default-rack, certSerialId: null} reports an CLOSED replica.
2019-08-30 05:52:18,065 | INFO  | SCMAudit | user=jenkins1000 | ip=192.168.69.118 | op=SEND_HEARTBEAT {datanodeUUID=0c3d5d33-5004-4ad0-a181-1b32c8916f48, command=[]} | ret=SUCCESS |  
2019-08-30 05:52:18,066 | INFO  | SCMAudit | user=jenkins1000 | ip=192.168.69.118 | op=SEND_HEARTBEAT {datanodeUUID=3db231e5-aa41-417a-9eb1-ebae727224a1, command=[]} | ret=SUCCESS |  
2019-08-30 05:52:18,166 | INFO  | SCMAudit | user=jenkins1000 | ip=192.168.69.118 | op=SEND_HEARTBEAT {datanodeUUID=0c3d5d33-5004-4ad0-a181-1b32c8916f48, command=[]} | ret=SUCCESS |  
2019-08-30 05:52:18,166 | INFO  | SCMAudit | user=jenkins1000 | ip=192.168.69.118 | op=SEND_HEARTBEAT {datanodeUUID=3db231e5-aa41-417a-9eb1-ebae727224a1, command=[]} | ret=SUCCESS |  
2019-08-30 05:52:18,166 [EventQueue-ContainerReportForContainerReportHandler] WARN  container.ContainerReportHandler (AbstractContainerReportHandler.java:updateContainerState(143)) - Container #1 is in OPEN state, but the datanode 0c3d5d33-5004-4ad0-a181-1b32c8916f48{ip: 192.168.69.118, host: trunk-nightly-20190830-rr75b-3244975676, networkLocation: /default-rack, certSerialId: null} reports an CLOSED replica.
2019-08-30 05:52:18,167 [EventQueue-ContainerReportForContainerReportHandler] WARN  container.ContainerReportHandler (AbstractContainerReportHandler.java:updateContainerState(143)) - Container #1 is in OPEN state, but the datanode 3db231e5-aa41-417a-9eb1-ebae727224a1{ip: 192.168.69.118, host: trunk-nightly-20190830-rr75b-3244975676, networkLocation: /default-rack, certSerialId: null} reports an CLOSED replica.
2019-08-30 05:52:18,267 | INFO  | SCMAudit | user=jenkins1000 | ip=192.168.69.118 | op=SEND_HEARTBEAT {datanodeUUID=0c3d5d33-5004-4ad0-a181-1b32c8916f48, command=[]} | ret=SUCCESS |  
2019-08-30 05:52:18,267 | INFO  | SCMAudit | user=jenkins1000 | ip=192.168.69.118 | op=SEND_HEARTBEAT {datanodeUUID=3db231e5-aa41-417a-9eb1-ebae727224a1, command=[]} | ret=SUCCESS |  
2019-08-30 05:52:18,366 | INFO  | SCMAudit | user=jenkins1000 | ip=192.168.69.118 | op=SEND_HEARTBEAT {datanodeUUID=0c3d5d33-5004-4ad0-a181-1b32c8916f48, command=[]} | ret=SUCCESS |  
2019-08-30 05:52:18,367 | INFO  | SCMAudit | user=jenkins1000 | ip=192.168.69.118 | op=SEND_HEARTBEAT {datanodeUUID=3db231e5-aa41-417a-9eb1-ebae727224a1, command=[]} | ret=SUCCESS |  
2019-08-30 05:52:18,467 | INFO  | SCMAudit | user=jenkins1000 | ip=192.168.69.118 | op=SEND_HEARTBEAT {datanodeUUID=0c3d5d33-5004-4ad0-a181-1b32c8916f48, command=[]} | ret=SUCCESS |  
2019-08-30 05:52:18,467 | INFO  | SCMAudit | user=jenkins1000 | ip=192.168.69.118 | op=SEND_HEARTBEAT {datanodeUUID=3db231e5-aa41-417a-9eb1-ebae727224a1, command=[]} | ret=SUCCESS |  
2019-08-30 05:52:18,467 [EventQueue-ContainerReportForContainerReportHandler] WARN  container.ContainerReportHandler (AbstractContainerReportHandler.java:updateContainerState(143)) - Container #1 is in OPEN state, but the datanode 0c3d5d33-5004-4ad0-a181-1b32c8916f48{ip: 192.168.69.118, host: trunk-nightly-20190830-rr75b-3244975676, networkLocation: /default-rack, certSerialId: null} reports an CLOSED replica.
2019-08-30 05:52:18,468 [EventQueue-ContainerReportForContainerReportHandler] WARN  container.ContainerReportHandler (AbstractContainerReportHandler.java:updateContainerState(143)) - Container #1 is in OPEN state, but the datanode 3db231e5-aa41-417a-9eb1-ebae727224a1{ip: 192.168.69.118, host: trunk-nightly-20190830-rr75b-3244975676, networkLocation: /default-rack, certSerialId: null} reports an CLOSED replica.
2019-08-30 05:52:18,484 [grpc-default-executor-0] WARN  server.GrpcLogAppender (LogUtils.java:warn(134)) - 0c3d5d33-5004-4ad0-a181-1b32c8916f48->39b5c586-5c16-4d91-b521-ddac34f0fc4c: Failed appendEntries: org.apache.ratis.thirdparty.io.grpc.StatusRuntimeException: UNAVAILABLE: io exception
2019-08-30 05:52:18,486 [grpc-default-executor-0] INFO  impl.FollowerInfo (FollowerInfo.java:lambda$new$0(50)) - 0c3d5d33-5004-4ad0-a181-1b32c8916f48->39b5c586-5c16-4d91-b521-ddac34f0fc4c: nextIndex: updateUnconditionally 0 -> 0
2019-08-30 05:52:18,567 | INFO  | SCMAudit | user=jenkins1000 | ip=192.168.69.118 | op=SEND_HEARTBEAT {datanodeUUID=0c3d5d33-5004-4ad0-a181-1b32c8916f48, command=[]} | ret=SUCCESS |  
2019-08-30 05:52:18,567 | INFO  | SCMAudit | user=jenkins1000 | ip=192.168.69.118 | op=SEND_HEARTBEAT {datanodeUUID=3db231e5-aa41-417a-9eb1-ebae727224a1, command=[]} | ret=SUCCESS |  
2019-08-30 05:52:18,667 | INFO  | SCMAudit | user=jenkins1000 | ip=192.168.69.118 | op=SEND_HEARTBEAT {datanodeUUID=3db231e5-aa41-417a-9eb1-ebae727224a1, command=[]} | ret=SUCCESS |  
2019-08-30 05:52:18,667 | INFO  | SCMAudit | user=jenkins1000 | ip=192.168.69.118 | op=SEND_HEARTBEAT {datanodeUUID=0c3d5d33-5004-4ad0-a181-1b32c8916f48, command=[]} | ret=SUCCESS |  
2019-08-30 05:52:18,768 | INFO  | SCMAudit | user=jenkins1000 | ip=192.168.69.118 | op=SEND_HEARTBEAT {datanodeUUID=0c3d5d33-5004-4ad0-a181-1b32c8916f48, command=[]} | ret=SUCCESS |  
2019-08-30 05:52:18,768 | INFO  | SCMAudit | user=jenkins1000 | ip=192.168.69.118 | op=SEND_HEARTBEAT {datanodeUUID=3db231e5-aa41-417a-9eb1-ebae727224a1, command=[]} | ret=SUCCESS |  
2019-08-30 05:52:18,768 [EventQueue-ContainerReportForContainerReportHandler] WARN  container.ContainerReportHandler (AbstractContainerReportHandler.java:updateContainerState(143)) - Container #1 is in OPEN state, but the datanode 0c3d5d33-5004-4ad0-a181-1b32c8916f48{ip: 192.168.69.118, host: trunk-nightly-20190830-rr75b-3244975676, networkLocation: /default-rack, certSerialId: null} reports an CLOSED replica.
2019-08-30 05:52:18,768 [EventQueue-ContainerReportForContainerReportHandler] WARN  container.ContainerReportHandler (AbstractContainerReportHandler.java:updateContainerState(143)) - Container #1 is in OPEN state, but the datanode 3db231e5-aa41-417a-9eb1-ebae727224a1{ip: 192.168.69.118, host: trunk-nightly-20190830-rr75b-3244975676, networkLocation: /default-rack, certSerialId: null} reports an CLOSED replica.
2019-08-30 05:52:18,868 | INFO  | SCMAudit | user=jenkins1000 | ip=192.168.69.118 | op=SEND_HEARTBEAT {datanodeUUID=3db231e5-aa41-417a-9eb1-ebae727224a1, command=[]} | ret=SUCCESS |  
2019-08-30 05:52:18,868 | INFO  | SCMAudit | user=jenkins1000 | ip=192.168.69.118 | op=SEND_HEARTBEAT {datanodeUUID=0c3d5d33-5004-4ad0-a181-1b32c8916f48, command=[]} | ret=SUCCESS |  
2019-08-30 05:52:18,933 [BlockDeletingService#2] WARN  background.BlockDeletingService (BlockDeletingService.java:isDeletionAllowed(186)) - Close Container log Index 6 is not replicated across allthe servers in the pipeline 1239619d-f8f3-45fb-8433-f96d3aac4001 as the min replicated index is 4. Deletion is not allowed in this container yet.
2019-08-30 05:52:18,938 [BlockDeletingService#8] WARN  background.BlockDeletingService (BlockDeletingService.java:isDeletionAllowed(186)) - Close Container log Index 6 is not replicated across allthe servers in the pipeline 1239619d-f8f3-45fb-8433-f96d3aac4001 as the min replicated index is 4. Deletion is not allowed in this container yet.
2019-08-30 05:52:18,968 | INFO  | SCMAudit | user=jenkins1000 | ip=192.168.69.118 | op=SEND_HEARTBEAT {datanodeUUID=0c3d5d33-5004-4ad0-a181-1b32c8916f48, command=[]} | ret=SUCCESS |  
2019-08-30 05:52:18,968 | INFO  | SCMAudit | user=jenkins1000 | ip=192.168.69.118 | op=SEND_HEARTBEAT {datanodeUUID=3db231e5-aa41-417a-9eb1-ebae727224a1, command=[]} | ret=SUCCESS |  
2019-08-30 05:52:19,068 | INFO  | SCMAudit | user=jenkins1000 | ip=192.168.69.118 | op=SEND_HEARTBEAT {datanodeUUID=3db231e5-aa41-417a-9eb1-ebae727224a1, command=[]} | ret=SUCCESS |  
2019-08-30 05:52:19,068 | INFO  | SCMAudit | user=jenkins1000 | ip=192.168.69.118 | op=SEND_HEARTBEAT {datanodeUUID=0c3d5d33-5004-4ad0-a181-1b32c8916f48, command=[]} | ret=SUCCESS |  
2019-08-30 05:52:19,069 [EventQueue-ContainerReportForContainerReportHandler] WARN  container.ContainerReportHandler (AbstractContainerReportHandler.java:updateContainerState(143)) - Container #1 is in OPEN state, but the datanode 0c3d5d33-5004-4ad0-a181-1b32c8916f48{ip: 192.168.69.118, host: trunk-nightly-20190830-rr75b-3244975676, networkLocation: /default-rack, certSerialId: null} reports an CLOSED replica.
2019-08-30 05:52:19,169 | INFO  | SCMAudit | user=jenkins1000 | ip=192.168.69.118 | op=SEND_HEARTBEAT {datanodeUUID=0c3d5d33-5004-4ad0-a181-1b32c8916f48, command=[]} | ret=SUCCESS |  
2019-08-30 05:52:19,169 | INFO  | SCMAudit | user=jenkins1000 | ip=192.168.69.118 | op=SEND_HEARTBEAT {datanodeUUID=3db231e5-aa41-417a-9eb1-ebae727224a1, command=[]} | ret=SUCCESS |  
2019-08-30 05:52:19,169 [EventQueue-ContainerReportForContainerReportHandler] WARN  container.ContainerReportHandler (AbstractContainerReportHandler.java:updateContainerState(143)) - Container #1 is in OPEN state, but the datanode 3db231e5-aa41-417a-9eb1-ebae727224a1{ip: 192.168.69.118, host: trunk-nightly-20190830-rr75b-3244975676, networkLocation: /default-rack, certSerialId: null} reports an CLOSED replica.
2019-08-30 05:52:19,269 | INFO  | SCMAudit | user=jenkins1000 | ip=192.168.69.118 | op=SEND_HEARTBEAT {datanodeUUID=0c3d5d33-5004-4ad0-a181-1b32c8916f48, command=[]} | ret=SUCCESS |  
2019-08-30 05:52:19,269 | INFO  | SCMAudit | user=jenkins1000 | ip=192.168.69.118 | op=SEND_HEARTBEAT {datanodeUUID=3db231e5-aa41-417a-9eb1-ebae727224a1, command=[]} | ret=SUCCESS |  
2019-08-30 05:52:19,370 | INFO  | SCMAudit | user=jenkins1000 | ip=192.168.69.118 | op=SEND_HEARTBEAT {datanodeUUID=3db231e5-aa41-417a-9eb1-ebae727224a1, command=[]} | ret=SUCCESS |  
2019-08-30 05:52:19,371 | INFO  | SCMAudit | user=jenkins1000 | ip=192.168.69.118 | op=SEND_HEARTBEAT {datanodeUUID=0c3d5d33-5004-4ad0-a181-1b32c8916f48, command=[]} | ret=SUCCESS |  
2019-08-30 05:52:19,371 [EventQueue-ContainerReportForContainerReportHandler] WARN  container.ContainerReportHandler (AbstractContainerReportHandler.java:updateContainerState(143)) - Container #1 is in OPEN state, but the datanode 0c3d5d33-5004-4ad0-a181-1b32c8916f48{ip: 192.168.69.118, host: trunk-nightly-20190830-rr75b-3244975676, networkLocation: /default-rack, certSerialId: null} reports an CLOSED replica.
2019-08-30 05:52:19,470 | INFO  | SCMAudit | user=jenkins1000 | ip=192.168.69.118 | op=SEND_HEARTBEAT {datanodeUUID=0c3d5d33-5004-4ad0-a181-1b32c8916f48, command=[]} | ret=SUCCESS |  
2019-08-30 05:52:19,470 | INFO  | SCMAudit | user=jenkins1000 | ip=192.168.69.118 | op=SEND_HEARTBEAT {datanodeUUID=3db231e5-aa41-417a-9eb1-ebae727224a1, command=[]} | ret=SUCCESS |  
2019-08-30 05:52:19,470 [EventQueue-ContainerReportForContainerReportHandler] WARN  container.ContainerReportHandler (AbstractContainerReportHandler.java:updateContainerState(143)) - Container #1 is in OPEN state, but the datanode 3db231e5-aa41-417a-9eb1-ebae727224a1{ip: 192.168.69.118, host: trunk-nightly-20190830-rr75b-3244975676, networkLocation: /default-rack, certSerialId: null} reports an CLOSED replica.
2019-08-30 05:52:19,569 | INFO  | SCMAudit | user=jenkins1000 | ip=192.168.69.118 | op=SEND_HEARTBEAT {datanodeUUID=0c3d5d33-5004-4ad0-a181-1b32c8916f48, command=[]} | ret=SUCCESS |  
2019-08-30 05:52:19,569 | INFO  | SCMAudit | user=jenkins1000 | ip=192.168.69.118 | op=SEND_HEARTBEAT {datanodeUUID=3db231e5-aa41-417a-9eb1-ebae727224a1, command=[]} | ret=SUCCESS |  
2019-08-30 05:52:19,570 [EventQueue-ContainerReportForContainerReportHandler] WARN  container.ContainerReportHandler (AbstractContainerReportHandler.java:updateContainerState(143)) - Container #1 is in OPEN state, but the datanode 0c3d5d33-5004-4ad0-a181-1b32c8916f48{ip: 192.168.69.118, host: trunk-nightly-20190830-rr75b-3244975676, networkLocation: /default-rack, certSerialId: null} reports an CLOSED replica.
2019-08-30 05:52:19,669 | INFO  | SCMAudit | user=jenkins1000 | ip=192.168.69.118 | op=SEND_HEARTBEAT {datanodeUUID=3db231e5-aa41-417a-9eb1-ebae727224a1, command=[]} | ret=SUCCESS |  
2019-08-30 05:52:19,669 | INFO  | SCMAudit | user=jenkins1000 | ip=192.168.69.118 | op=SEND_HEARTBEAT {datanodeUUID=0c3d5d33-5004-4ad0-a181-1b32c8916f48, command=[]} | ret=SUCCESS |  
2019-08-30 05:52:19,770 | INFO  | SCMAudit | user=jenkins1000 | ip=192.168.69.118 | op=SEND_HEARTBEAT {datanodeUUID=0c3d5d33-5004-4ad0-a181-1b32c8916f48, command=[]} | ret=SUCCESS |  
2019-08-30 05:52:19,770 | INFO  | SCMAudit | user=jenkins1000 | ip=192.168.69.118 | op=SEND_HEARTBEAT {datanodeUUID=3db231e5-aa41-417a-9eb1-ebae727224a1, command=[]} | ret=SUCCESS |  
2019-08-30 05:52:19,770 [EventQueue-ContainerReportForContainerReportHandler] WARN  container.ContainerReportHandler (AbstractContainerReportHandler.java:updateContainerState(143)) - Container #1 is in OPEN state, but the datanode 3db231e5-aa41-417a-9eb1-ebae727224a1{ip: 192.168.69.118, host: trunk-nightly-20190830-rr75b-3244975676, networkLocation: /default-rack, certSerialId: null} reports an CLOSED replica.
2019-08-30 05:52:19,869 | INFO  | SCMAudit | user=jenkins1000 | ip=192.168.69.118 | op=SEND_HEARTBEAT {datanodeUUID=3db231e5-aa41-417a-9eb1-ebae727224a1, command=[]} | ret=SUCCESS |  
2019-08-30 05:52:19,869 | INFO  | SCMAudit | user=jenkins1000 | ip=192.168.69.118 | op=SEND_HEARTBEAT {datanodeUUID=0c3d5d33-5004-4ad0-a181-1b32c8916f48, command=[]} | ret=SUCCESS |  
2019-08-30 05:52:19,869 [EventQueue-ContainerReportForContainerReportHandler] WARN  container.ContainerReportHandler (AbstractContainerReportHandler.java:updateContainerState(143)) - Container #1 is in OPEN state, but the datanode 0c3d5d33-5004-4ad0-a181-1b32c8916f48{ip: 192.168.69.118, host: trunk-nightly-20190830-rr75b-3244975676, networkLocation: /default-rack, certSerialId: null} reports an CLOSED replica.
2019-08-30 05:52:19,884 [Thread-376] INFO  client.GrpcClientProtocolService (GrpcClientProtocolService.java:lambda$processClientRequest$0(278)) - Failed RaftClientRequest:client-66420869BE01->0c3d5d33-5004-4ad0-a181-1b32c8916f48@group-F96D3AAC4001, cid=10, seq=0, Watch-ALL_COMMITTED(6), Message:<EMPTY>, reply=RaftClientReply:client-66420869BE01->0c3d5d33-5004-4ad0-a181-1b32c8916f48@group-F96D3AAC4001, cid=10, FAILED org.apache.ratis.protocol.NotReplicatedException: Request with call Id 10 and log index 6 is not yet replicated to ALL_COMMITTED, logIndex=6, commits[0c3d5d33-5004-4ad0-a181-1b32c8916f48:c10, 39b5c586-5c16-4d91-b521-ddac34f0fc4c:c4, 3db231e5-aa41-417a-9eb1-ebae727224a1:c10]
2019-08-30 05:52:19,889 [grpc-default-executor-0] INFO  client.GrpcClientProtocolClient (GrpcClientProtocolClient.java:onNext(255)) - client-66420869BE01->0c3d5d33-5004-4ad0-a181-1b32c8916f48: receive RaftClientReply:client-66420869BE01->0c3d5d33-5004-4ad0-a181-1b32c8916f48@group-F96D3AAC4001, cid=10, FAILED org.apache.ratis.protocol.NotReplicatedException: Request with call Id 10 and log index 6 is not yet replicated to ALL_COMMITTED, logIndex=6, commits[0c3d5d33-5004-4ad0-a181-1b32c8916f48:c10, 39b5c586-5c16-4d91-b521-ddac34f0fc4c:c4, 3db231e5-aa41-417a-9eb1-ebae727224a1:c10]
2019-08-30 05:52:19,935 [BlockDeletingService#2] WARN  background.BlockDeletingService (BlockDeletingService.java:isDeletionAllowed(186)) - Close Container log Index 6 is not replicated across allthe servers in the pipeline 1239619d-f8f3-45fb-8433-f96d3aac4001 as the min replicated index is 4. Deletion is not allowed in this container yet.
2019-08-30 05:52:19,939 [BlockDeletingService#6] WARN  background.BlockDeletingService (BlockDeletingService.java:isDeletionAllowed(186)) - Close Container log Index 6 is not replicated across allthe servers in the pipeline 1239619d-f8f3-45fb-8433-f96d3aac4001 as the min replicated index is 4. Deletion is not allowed in this container yet.
2019-08-30 05:52:19,970 | INFO  | SCMAudit | user=jenkins1000 | ip=192.168.69.118 | op=SEND_HEARTBEAT {datanodeUUID=3db231e5-aa41-417a-9eb1-ebae727224a1, command=[]} | ret=SUCCESS |  
2019-08-30 05:52:19,970 | INFO  | SCMAudit | user=jenkins1000 | ip=192.168.69.118 | op=SEND_HEARTBEAT {datanodeUUID=0c3d5d33-5004-4ad0-a181-1b32c8916f48, command=[]} | ret=SUCCESS |  
2019-08-30 05:52:20,070 | INFO  | SCMAudit | user=jenkins1000 | ip=192.168.69.118 | op=SEND_HEARTBEAT {datanodeUUID=0c3d5d33-5004-4ad0-a181-1b32c8916f48, command=[]} | ret=SUCCESS |  
2019-08-30 05:52:20,070 | INFO  | SCMAudit | user=jenkins1000 | ip=192.168.69.118 | op=SEND_HEARTBEAT {datanodeUUID=3db231e5-aa41-417a-9eb1-ebae727224a1, command=[]} | ret=SUCCESS |  
2019-08-30 05:52:20,070 [EventQueue-ContainerReportForContainerReportHandler] WARN  container.ContainerReportHandler (AbstractContainerReportHandler.java:updateContainerState(143)) - Container #1 is in OPEN state, but the datanode 0c3d5d33-5004-4ad0-a181-1b32c8916f48{ip: 192.168.69.118, host: trunk-nightly-20190830-rr75b-3244975676, networkLocation: /default-rack, certSerialId: null} reports an CLOSED replica.
2019-08-30 05:52:20,071 [EventQueue-ContainerReportForContainerReportHandler] WARN  container.ContainerReportHandler (AbstractContainerReportHandler.java:updateContainerState(143)) - Container #1 is in OPEN state, but the datanode 3db231e5-aa41-417a-9eb1-ebae727224a1{ip: 192.168.69.118, host: trunk-nightly-20190830-rr75b-3244975676, networkLocation: /default-rack, certSerialId: null} reports an CLOSED replica.
2019-08-30 05:52:20,171 | INFO  | SCMAudit | user=jenkins1000 | ip=192.168.69.118 | op=SEND_HEARTBEAT {datanodeUUID=0c3d5d33-5004-4ad0-a181-1b32c8916f48, command=[]} | ret=SUCCESS |  
2019-08-30 05:52:20,171 | INFO  | SCMAudit | user=jenkins1000 | ip=192.168.69.118 | op=SEND_HEARTBEAT {datanodeUUID=3db231e5-aa41-417a-9eb1-ebae727224a1, command=[]} | ret=SUCCESS |  
2019-08-30 05:52:20,270 | INFO  | SCMAudit | user=jenkins1000 | ip=192.168.69.118 | op=SEND_HEARTBEAT {datanodeUUID=0c3d5d33-5004-4ad0-a181-1b32c8916f48, command=[]} | ret=SUCCESS |  
2019-08-30 05:52:20,271 | INFO  | SCMAudit | user=jenkins1000 | ip=192.168.69.118 | op=SEND_HEARTBEAT {datanodeUUID=3db231e5-aa41-417a-9eb1-ebae727224a1, command=[]} | ret=SUCCESS |  
2019-08-30 05:52:20,271 [EventQueue-ContainerReportForContainerReportHandler] WARN  container.ContainerReportHandler (AbstractContainerReportHandler.java:updateContainerState(143)) - Container #1 is in OPEN state, but the datanode 3db231e5-aa41-417a-9eb1-ebae727224a1{ip: 192.168.69.118, host: trunk-nightly-20190830-rr75b-3244975676, networkLocation: /default-rack, certSerialId: null} reports an CLOSED replica.
2019-08-30 05:52:20,371 | INFO  | SCMAudit | user=jenkins1000 | ip=192.168.69.118 | op=SEND_HEARTBEAT {datanodeUUID=0c3d5d33-5004-4ad0-a181-1b32c8916f48, command=[]} | ret=SUCCESS |  
2019-08-30 05:52:20,371 [EventQueue-ContainerReportForContainerReportHandler] WARN  container.ContainerReportHandler (AbstractContainerReportHandler.java:updateContainerState(143)) - Container #1 is in OPEN state, but the datanode 0c3d5d33-5004-4ad0-a181-1b32c8916f48{ip: 192.168.69.118, host: trunk-nightly-20190830-rr75b-3244975676, networkLocation: /default-rack, certSerialId: null} reports an CLOSED replica.
2019-08-30 05:52:20,371 | INFO  | SCMAudit | user=jenkins1000 | ip=192.168.69.118 | op=SEND_HEARTBEAT {datanodeUUID=3db231e5-aa41-417a-9eb1-ebae727224a1, command=[]} | ret=SUCCESS |  
2019-08-30 05:52:20,471 | INFO  | SCMAudit | user=jenkins1000 | ip=192.168.69.118 | op=SEND_HEARTBEAT {datanodeUUID=0c3d5d33-5004-4ad0-a181-1b32c8916f48, command=[]} | ret=SUCCESS |  
2019-08-30 05:52:20,471 | INFO  | SCMAudit | user=jenkins1000 | ip=192.168.69.118 | op=SEND_HEARTBEAT {datanodeUUID=3db231e5-aa41-417a-9eb1-ebae727224a1, command=[]} | ret=SUCCESS |  
2019-08-30 05:52:20,570 | INFO  | SCMAudit | user=jenkins1000 | ip=192.168.69.118 | op=SEND_HEARTBEAT {datanodeUUID=0c3d5d33-5004-4ad0-a181-1b32c8916f48, command=[]} | ret=SUCCESS |  
2019-08-30 05:52:20,571 | INFO  | SCMAudit | user=jenkins1000 | ip=192.168.69.118 | op=SEND_HEARTBEAT {datanodeUUID=3db231e5-aa41-417a-9eb1-ebae727224a1, command=[]} | ret=SUCCESS |  
2019-08-30 05:52:20,671 | INFO  | SCMAudit | user=jenkins1000 | ip=192.168.69.118 | op=SEND_HEARTBEAT {datanodeUUID=0c3d5d33-5004-4ad0-a181-1b32c8916f48, command=[]} | ret=SUCCESS |  
2019-08-30 05:52:20,672 | INFO  | SCMAudit | user=jenkins1000 | ip=192.168.69.118 | op=SEND_HEARTBEAT {datanodeUUID=3db231e5-aa41-417a-9eb1-ebae727224a1, command=[]} | ret=SUCCESS |  
2019-08-30 05:52:20,672 [EventQueue-ContainerReportForContainerReportHandler] WARN  container.ContainerReportHandler (AbstractContainerReportHandler.java:updateContainerState(143)) - Container #1 is in OPEN state, but the datanode 0c3d5d33-5004-4ad0-a181-1b32c8916f48{ip: 192.168.69.118, host: trunk-nightly-20190830-rr75b-3244975676, networkLocation: /default-rack, certSerialId: null} reports an CLOSED replica.
2019-08-30 05:52:20,672 [EventQueue-ContainerReportForContainerReportHandler] WARN  container.ContainerReportHandler (AbstractContainerReportHandler.java:updateContainerState(143)) - Container #1 is in OPEN state, but the datanode 3db231e5-aa41-417a-9eb1-ebae727224a1{ip: 192.168.69.118, host: trunk-nightly-20190830-rr75b-3244975676, networkLocation: /default-rack, certSerialId: null} reports an CLOSED replica.
2019-08-30 05:52:20,771 | INFO  | SCMAudit | user=jenkins1000 | ip=192.168.69.118 | op=SEND_HEARTBEAT {datanodeUUID=0c3d5d33-5004-4ad0-a181-1b32c8916f48, command=[]} | ret=SUCCESS |  
2019-08-30 05:52:20,771 | INFO  | SCMAudit | user=jenkins1000 | ip=192.168.69.118 | op=SEND_HEARTBEAT {datanodeUUID=3db231e5-aa41-417a-9eb1-ebae727224a1, command=[]} | ret=SUCCESS |  
2019-08-30 05:52:20,872 | INFO  | SCMAudit | user=jenkins1000 | ip=192.168.69.118 | op=SEND_HEARTBEAT {datanodeUUID=3db231e5-aa41-417a-9eb1-ebae727224a1, command=[]} | ret=SUCCESS |  
2019-08-30 05:52:20,872 | INFO  | SCMAudit | user=jenkins1000 | ip=192.168.69.118 | op=SEND_HEARTBEAT {datanodeUUID=0c3d5d33-5004-4ad0-a181-1b32c8916f48, command=[]} | ret=SUCCESS |  
2019-08-30 05:52:20,872 [EventQueue-ContainerReportForContainerReportHandler] WARN  container.ContainerReportHandler (AbstractContainerReportHandler.java:updateContainerState(143)) - Container #1 is in OPEN state, but the datanode 0c3d5d33-5004-4ad0-a181-1b32c8916f48{ip: 192.168.69.118, host: trunk-nightly-20190830-rr75b-3244975676, networkLocation: /default-rack, certSerialId: null} reports an CLOSED replica.
2019-08-30 05:52:20,936 [BlockDeletingService#2] WARN  background.BlockDeletingService (BlockDeletingService.java:isDeletionAllowed(186)) - Close Container log Index 6 is not replicated across allthe servers in the pipeline 1239619d-f8f3-45fb-8433-f96d3aac4001 as the min replicated index is 4. Deletion is not allowed in this container yet.
2019-08-30 05:52:20,940 [BlockDeletingService#6] WARN  background.BlockDeletingService (BlockDeletingService.java:isDeletionAllowed(186)) - Close Container log Index 6 is not replicated across allthe servers in the pipeline 1239619d-f8f3-45fb-8433-f96d3aac4001 as the min replicated index is 4. Deletion is not allowed in this container yet.
2019-08-30 05:52:20,972 | INFO  | SCMAudit | user=jenkins1000 | ip=192.168.69.118 | op=SEND_HEARTBEAT {datanodeUUID=3db231e5-aa41-417a-9eb1-ebae727224a1, command=[]} | ret=SUCCESS |  
2019-08-30 05:52:20,972 | INFO  | SCMAudit | user=jenkins1000 | ip=192.168.69.118 | op=SEND_HEARTBEAT {datanodeUUID=0c3d5d33-5004-4ad0-a181-1b32c8916f48, command=[]} | ret=SUCCESS |  
2019-08-30 05:52:20,972 [EventQueue-ContainerReportForContainerReportHandler] WARN  container.ContainerReportHandler (AbstractContainerReportHandler.java:updateContainerState(143)) - Container #1 is in OPEN state, but the datanode 3db231e5-aa41-417a-9eb1-ebae727224a1{ip: 192.168.69.118, host: trunk-nightly-20190830-rr75b-3244975676, networkLocation: /default-rack, certSerialId: null} reports an CLOSED replica.
2019-08-30 05:52:20,985 [grpc-default-executor-1] WARN  server.GrpcLogAppender (LogUtils.java:warn(134)) - 0c3d5d33-5004-4ad0-a181-1b32c8916f48->39b5c586-5c16-4d91-b521-ddac34f0fc4c: Failed appendEntries: org.apache.ratis.thirdparty.io.grpc.StatusRuntimeException: UNAVAILABLE: io exception
2019-08-30 05:52:20,987 [grpc-default-executor-1] INFO  impl.FollowerInfo (FollowerInfo.java:lambda$new$0(50)) - 0c3d5d33-5004-4ad0-a181-1b32c8916f48->39b5c586-5c16-4d91-b521-ddac34f0fc4c: nextIndex: updateUnconditionally 0 -> 0
2019-08-30 05:52:21,073 | INFO  | SCMAudit | user=jenkins1000 | ip=192.168.69.118 | op=SEND_HEARTBEAT {datanodeUUID=0c3d5d33-5004-4ad0-a181-1b32c8916f48, command=[]} | ret=SUCCESS |  
2019-08-30 05:52:21,073 | INFO  | SCMAudit | user=jenkins1000 | ip=192.168.69.118 | op=SEND_HEARTBEAT {datanodeUUID=3db231e5-aa41-417a-9eb1-ebae727224a1, command=[]} | ret=SUCCESS |  
2019-08-30 05:52:21,172 | INFO  | SCMAudit | user=jenkins1000 | ip=192.168.69.118 | op=SEND_HEARTBEAT {datanodeUUID=3db231e5-aa41-417a-9eb1-ebae727224a1, command=[]} | ret=SUCCESS |  
2019-08-30 05:52:21,172 | INFO  | SCMAudit | user=jenkins1000 | ip=192.168.69.118 | op=SEND_HEARTBEAT {datanodeUUID=0c3d5d33-5004-4ad0-a181-1b32c8916f48, command=[]} | ret=SUCCESS |  
2019-08-30 05:52:21,172 [EventQueue-ContainerReportForContainerReportHandler] WARN  container.ContainerReportHandler (AbstractContainerReportHandler.java:updateContainerState(143)) - Container #1 is in OPEN state, but the datanode 3db231e5-aa41-417a-9eb1-ebae727224a1{ip: 192.168.69.118, host: trunk-nightly-20190830-rr75b-3244975676, networkLocation: /default-rack, certSerialId: null} reports an CLOSED replica.
2019-08-30 05:52:21,173 [EventQueue-ContainerReportForContainerReportHandler] WARN  container.ContainerReportHandler (AbstractContainerReportHandler.java:updateContainerState(143)) - Container #1 is in OPEN state, but the datanode 0c3d5d33-5004-4ad0-a181-1b32c8916f48{ip: 192.168.69.118, host: trunk-nightly-20190830-rr75b-3244975676, networkLocation: /default-rack, certSerialId: null} reports an CLOSED replica.
2019-08-30 05:52:21,272 | INFO  | SCMAudit | user=jenkins1000 | ip=192.168.69.118 | op=SEND_HEARTBEAT {datanodeUUID=3db231e5-aa41-417a-9eb1-ebae727224a1, command=[]} | ret=SUCCESS |  
2019-08-30 05:52:21,272 | INFO  | SCMAudit | user=jenkins1000 | ip=192.168.69.118 | op=SEND_HEARTBEAT {datanodeUUID=0c3d5d33-5004-4ad0-a181-1b32c8916f48, command=[]} | ret=SUCCESS |  
2019-08-30 05:52:21,373 | INFO  | SCMAudit | user=jenkins1000 | ip=192.168.69.118 | op=SEND_HEARTBEAT {datanodeUUID=3db231e5-aa41-417a-9eb1-ebae727224a1, command=[]} | ret=SUCCESS |  
2019-08-30 05:52:21,373 | INFO  | SCMAudit | user=jenkins1000 | ip=192.168.69.118 | op=SEND_HEARTBEAT {datanodeUUID=0c3d5d33-5004-4ad0-a181-1b32c8916f48, command=[]} | ret=SUCCESS |  
2019-08-30 05:52:21,472 | INFO  | SCMAudit | user=jenkins1000 | ip=192.168.69.118 | op=SEND_HEARTBEAT {datanodeUUID=3db231e5-aa41-417a-9eb1-ebae727224a1, command=[]} | ret=SUCCESS |  
2019-08-30 05:52:21,473 | INFO  | SCMAudit | user=jenkins1000 | ip=192.168.69.118 | op=SEND_HEARTBEAT {datanodeUUID=0c3d5d33-5004-4ad0-a181-1b32c8916f48, command=[]} | ret=SUCCESS |  
2019-08-30 05:52:21,474 [EventQueue-ContainerReportForContainerReportHandler] WARN  container.ContainerReportHandler (AbstractContainerReportHandler.java:updateContainerState(143)) - Container #1 is in OPEN state, but the datanode 0c3d5d33-5004-4ad0-a181-1b32c8916f48{ip: 192.168.69.118, host: trunk-nightly-20190830-rr75b-3244975676, networkLocation: /default-rack, certSerialId: null} reports an CLOSED replica.
2019-08-30 05:52:21,572 | INFO  | SCMAudit | user=jenkins1000 | ip=192.168.69.118 | op=SEND_HEARTBEAT {datanodeUUID=3db231e5-aa41-417a-9eb1-ebae727224a1, command=[]} | ret=SUCCESS |  
2019-08-30 05:52:21,572 [EventQueue-ContainerReportForContainerReportHandler] WARN  container.ContainerReportHandler (AbstractContainerReportHandler.java:updateContainerState(143)) - Container #1 is in OPEN state, but the datanode 3db231e5-aa41-417a-9eb1-ebae727224a1{ip: 192.168.69.118, host: trunk-nightly-20190830-rr75b-3244975676, networkLocation: /default-rack, certSerialId: null} reports an CLOSED replica.
2019-08-30 05:52:21,574 | INFO  | SCMAudit | user=jenkins1000 | ip=192.168.69.118 | op=SEND_HEARTBEAT {datanodeUUID=0c3d5d33-5004-4ad0-a181-1b32c8916f48, command=[]} | ret=SUCCESS |  
2019-08-30 05:52:21,672 | INFO  | SCMAudit | user=jenkins1000 | ip=192.168.69.118 | op=SEND_HEARTBEAT {datanodeUUID=3db231e5-aa41-417a-9eb1-ebae727224a1, command=[]} | ret=SUCCESS |  
2019-08-30 05:52:21,673 | INFO  | SCMAudit | user=jenkins1000 | ip=192.168.69.118 | op=SEND_HEARTBEAT {datanodeUUID=0c3d5d33-5004-4ad0-a181-1b32c8916f48, command=[]} | ret=SUCCESS |  
2019-08-30 05:52:21,773 | INFO  | SCMAudit | user=jenkins1000 | ip=192.168.69.118 | op=SEND_HEARTBEAT {datanodeUUID=3db231e5-aa41-417a-9eb1-ebae727224a1, command=[]} | ret=SUCCESS |  
2019-08-30 05:52:21,773 | INFO  | SCMAudit | user=jenkins1000 | ip=192.168.69.118 | op=SEND_HEARTBEAT {datanodeUUID=0c3d5d33-5004-4ad0-a181-1b32c8916f48, command=[]} | ret=SUCCESS |  
2019-08-30 05:52:21,872 | INFO  | SCMAudit | user=jenkins1000 | ip=192.168.69.118 | op=SEND_HEARTBEAT {datanodeUUID=3db231e5-aa41-417a-9eb1-ebae727224a1, command=[]} | ret=SUCCESS |  
2019-08-30 05:52:21,872 [EventQueue-ContainerReportForContainerReportHandler] WARN  container.ContainerReportHandler (AbstractContainerReportHandler.java:updateContainerState(143)) - Container #1 is in OPEN state, but the datanode 3db231e5-aa41-417a-9eb1-ebae727224a1{ip: 192.168.69.118, host: trunk-nightly-20190830-rr75b-3244975676, networkLocation: /default-rack, certSerialId: null} reports an CLOSED replica.
2019-08-30 05:52:21,873 | INFO  | SCMAudit | user=jenkins1000 | ip=192.168.69.118 | op=SEND_HEARTBEAT {datanodeUUID=0c3d5d33-5004-4ad0-a181-1b32c8916f48, command=[]} | ret=SUCCESS |  
2019-08-30 05:52:21,873 [EventQueue-ContainerReportForContainerReportHandler] WARN  container.ContainerReportHandler (AbstractContainerReportHandler.java:updateContainerState(143)) - Container #1 is in OPEN state, but the datanode 0c3d5d33-5004-4ad0-a181-1b32c8916f48{ip: 192.168.69.118, host: trunk-nightly-20190830-rr75b-3244975676, networkLocation: /default-rack, certSerialId: null} reports an CLOSED replica.
2019-08-30 05:52:21,937 [BlockDeletingService#2] WARN  background.BlockDeletingService (BlockDeletingService.java:isDeletionAllowed(186)) - Close Container log Index 6 is not replicated across allthe servers in the pipeline 1239619d-f8f3-45fb-8433-f96d3aac4001 as the min replicated index is 4. Deletion is not allowed in this container yet.
2019-08-30 05:52:21,942 [BlockDeletingService#6] WARN  background.BlockDeletingService (BlockDeletingService.java:isDeletionAllowed(186)) - Close Container log Index 6 is not replicated across allthe servers in the pipeline 1239619d-f8f3-45fb-8433-f96d3aac4001 as the min replicated index is 4. Deletion is not allowed in this container yet.
2019-08-30 05:52:21,973 | INFO  | SCMAudit | user=jenkins1000 | ip=192.168.69.118 | op=SEND_HEARTBEAT {datanodeUUID=3db231e5-aa41-417a-9eb1-ebae727224a1, command=[]} | ret=SUCCESS |  
2019-08-30 05:52:21,973 | INFO  | SCMAudit | user=jenkins1000 | ip=192.168.69.118 | op=SEND_HEARTBEAT {datanodeUUID=0c3d5d33-5004-4ad0-a181-1b32c8916f48, command=[]} | ret=SUCCESS |  
2019-08-30 05:52:22,073 | INFO  | SCMAudit | user=jenkins1000 | ip=192.168.69.118 | op=SEND_HEARTBEAT {datanodeUUID=3db231e5-aa41-417a-9eb1-ebae727224a1, command=[]} | ret=SUCCESS |  
2019-08-30 05:52:22,073 | INFO  | SCMAudit | user=jenkins1000 | ip=192.168.69.118 | op=SEND_HEARTBEAT {datanodeUUID=0c3d5d33-5004-4ad0-a181-1b32c8916f48, command=[]} | ret=SUCCESS |  
2019-08-30 05:52:22,073 [EventQueue-ContainerReportForContainerReportHandler] WARN  container.ContainerReportHandler (AbstractContainerReportHandler.java:updateContainerState(143)) - Container #1 is in OPEN state, but the datanode 0c3d5d33-5004-4ad0-a181-1b32c8916f48{ip: 192.168.69.118, host: trunk-nightly-20190830-rr75b-3244975676, networkLocation: /default-rack, certSerialId: null} reports an CLOSED replica.
2019-08-30 05:52:22,173 | INFO  | SCMAudit | user=jenkins1000 | ip=192.168.69.118 | op=SEND_HEARTBEAT {datanodeUUID=3db231e5-aa41-417a-9eb1-ebae727224a1, command=[]} | ret=SUCCESS |  
2019-08-30 05:52:22,173 | INFO  | SCMAudit | user=jenkins1000 | ip=192.168.69.118 | op=SEND_HEARTBEAT {datanodeUUID=0c3d5d33-5004-4ad0-a181-1b32c8916f48, command=[]} | ret=SUCCESS |  
2019-08-30 05:52:22,174 [EventQueue-ContainerReportForContainerReportHandler] WARN  container.ContainerReportHandler (AbstractContainerReportHandler.java:updateContainerState(143)) - Container #1 is in OPEN state, but the datanode 3db231e5-aa41-417a-9eb1-ebae727224a1{ip: 192.168.69.118, host: trunk-nightly-20190830-rr75b-3244975676, networkLocation: /default-rack, certSerialId: null} reports an CLOSED replica.
2019-08-30 05:52:22,273 | INFO  | SCMAudit | user=jenkins1000 | ip=192.168.69.118 | op=SEND_HEARTBEAT {datanodeUUID=3db231e5-aa41-417a-9eb1-ebae727224a1, command=[]} | ret=SUCCESS |  
2019-08-30 05:52:22,273 | INFO  | SCMAudit | user=jenkins1000 | ip=192.168.69.118 | op=SEND_HEARTBEAT {datanodeUUID=0c3d5d33-5004-4ad0-a181-1b32c8916f48, command=[]} | ret=SUCCESS |  
2019-08-30 05:52:22,373 | INFO  | SCMAudit | user=jenkins1000 | ip=192.168.69.118 | op=SEND_HEARTBEAT {datanodeUUID=3db231e5-aa41-417a-9eb1-ebae727224a1, command=[]} | ret=SUCCESS |  
2019-08-30 05:52:22,374 | INFO  | SCMAudit | user=jenkins1000 | ip=192.168.69.118 | op=SEND_HEARTBEAT {datanodeUUID=0c3d5d33-5004-4ad0-a181-1b32c8916f48, command=[]} | ret=SUCCESS |  
2019-08-30 05:52:22,374 [EventQueue-ContainerReportForContainerReportHandler] WARN  container.ContainerReportHandler (AbstractContainerReportHandler.java:updateContainerState(143)) - Container #1 is in OPEN state, but the datanode 0c3d5d33-5004-4ad0-a181-1b32c8916f48{ip: 192.168.69.118, host: trunk-nightly-20190830-rr75b-3244975676, networkLocation: /default-rack, certSerialId: null} reports an CLOSED replica.
2019-08-30 05:52:22,474 | INFO  | SCMAudit | user=jenkins1000 | ip=192.168.69.118 | op=SEND_HEARTBEAT {datanodeUUID=3db231e5-aa41-417a-9eb1-ebae727224a1, command=[]} | ret=SUCCESS |  
2019-08-30 05:52:22,474 | INFO  | SCMAudit | user=jenkins1000 | ip=192.168.69.118 | op=SEND_HEARTBEAT {datanodeUUID=0c3d5d33-5004-4ad0-a181-1b32c8916f48, command=[]} | ret=SUCCESS |  
2019-08-30 05:52:22,474 [EventQueue-ContainerReportForContainerReportHandler] WARN  container.ContainerReportHandler (AbstractContainerReportHandler.java:updateContainerState(143)) - Container #1 is in OPEN state, but the datanode 3db231e5-aa41-417a-9eb1-ebae727224a1{ip: 192.168.69.118, host: trunk-nightly-20190830-rr75b-3244975676, networkLocation: /default-rack, certSerialId: null} reports an CLOSED replica.
2019-08-30 05:52:22,574 | INFO  | SCMAudit | user=jenkins1000 | ip=192.168.69.118 | op=SEND_HEARTBEAT {datanodeUUID=3db231e5-aa41-417a-9eb1-ebae727224a1, command=[]} | ret=SUCCESS |  
2019-08-30 05:52:22,574 | INFO  | SCMAudit | user=jenkins1000 | ip=192.168.69.118 | op=SEND_HEARTBEAT {datanodeUUID=0c3d5d33-5004-4ad0-a181-1b32c8916f48, command=[]} | ret=SUCCESS |  
2019-08-30 05:52:22,674 | INFO  | SCMAudit | user=jenkins1000 | ip=192.168.69.118 | op=SEND_HEARTBEAT {datanodeUUID=0c3d5d33-5004-4ad0-a181-1b32c8916f48, command=[]} | ret=SUCCESS |  
2019-08-30 05:52:22,674 [EventQueue-ContainerReportForContainerReportHandler] WARN  container.ContainerReportHandler (AbstractContainerReportHandler.java:updateContainerState(143)) - Container #1 is in OPEN state, but the datanode 0c3d5d33-5004-4ad0-a181-1b32c8916f48{ip: 192.168.69.118, host: trunk-nightly-20190830-rr75b-3244975676, networkLocation: /default-rack, certSerialId: null} reports an CLOSED replica.
2019-08-30 05:52:22,675 | INFO  | SCMAudit | user=jenkins1000 | ip=192.168.69.118 | op=SEND_HEARTBEAT {datanodeUUID=3db231e5-aa41-417a-9eb1-ebae727224a1, command=[]} | ret=SUCCESS |  
2019-08-30 05:52:22,774 | INFO  | SCMAudit | user=jenkins1000 | ip=192.168.69.118 | op=SEND_HEARTBEAT {datanodeUUID=0c3d5d33-5004-4ad0-a181-1b32c8916f48, command=[]} | ret=SUCCESS |  
2019-08-30 05:52:22,775 | INFO  | SCMAudit | user=jenkins1000 | ip=192.168.69.118 | op=SEND_HEARTBEAT {datanodeUUID=3db231e5-aa41-417a-9eb1-ebae727224a1, command=[]} | ret=SUCCESS |  
2019-08-30 05:52:22,874 | INFO  | SCMAudit | user=jenkins1000 | ip=192.168.69.118 | op=SEND_HEARTBEAT {datanodeUUID=0c3d5d33-5004-4ad0-a181-1b32c8916f48, command=[]} | ret=SUCCESS |  
2019-08-30 05:52:22,875 | INFO  | SCMAudit | user=jenkins1000 | ip=192.168.69.118 | op=SEND_HEARTBEAT {datanodeUUID=3db231e5-aa41-417a-9eb1-ebae727224a1, command=[]} | ret=SUCCESS |  
2019-08-30 05:52:22,875 [EventQueue-ContainerReportForContainerReportHandler] WARN  container.ContainerReportHandler (AbstractContainerReportHandler.java:updateContainerState(143)) - Container #1 is in OPEN state, but the datanode 3db231e5-aa41-417a-9eb1-ebae727224a1{ip: 192.168.69.118, host: trunk-nightly-20190830-rr75b-3244975676, networkLocation: /default-rack, certSerialId: null} reports an CLOSED replica.
2019-08-30 05:52:22,939 [BlockDeletingService#2] WARN  background.BlockDeletingService (BlockDeletingService.java:isDeletionAllowed(186)) - Close Container log Index 6 is not replicated across allthe servers in the pipeline 1239619d-f8f3-45fb-8433-f96d3aac4001 as the min replicated index is 4. Deletion is not allowed in this container yet.
2019-08-30 05:52:22,943 [BlockDeletingService#6] WARN  background.BlockDeletingService (BlockDeletingService.java:isDeletionAllowed(186)) - Close Container log Index 6 is not replicated across allthe servers in the pipeline 1239619d-f8f3-45fb-8433-f96d3aac4001 as the min replicated index is 4. Deletion is not allowed in this container yet.
2019-08-30 05:52:22,975 | INFO  | SCMAudit | user=jenkins1000 | ip=192.168.69.118 | op=SEND_HEARTBEAT {datanodeUUID=0c3d5d33-5004-4ad0-a181-1b32c8916f48, command=[]} | ret=SUCCESS |  
2019-08-30 05:52:22,975 [EventQueue-ContainerReportForContainerReportHandler] WARN  container.ContainerReportHandler (AbstractContainerReportHandler.java:updateContainerState(143)) - Container #1 is in OPEN state, but the datanode 0c3d5d33-5004-4ad0-a181-1b32c8916f48{ip: 192.168.69.118, host: trunk-nightly-20190830-rr75b-3244975676, networkLocation: /default-rack, certSerialId: null} reports an CLOSED replica.
2019-08-30 05:52:22,975 | INFO  | SCMAudit | user=jenkins1000 | ip=192.168.69.118 | op=SEND_HEARTBEAT {datanodeUUID=3db231e5-aa41-417a-9eb1-ebae727224a1, command=[]} | ret=SUCCESS |  
2019-08-30 05:52:23,075 | INFO  | SCMAudit | user=jenkins1000 | ip=192.168.69.118 | op=SEND_HEARTBEAT {datanodeUUID=0c3d5d33-5004-4ad0-a181-1b32c8916f48, command=[]} | ret=SUCCESS |  
2019-08-30 05:52:23,075 | INFO  | SCMAudit | user=jenkins1000 | ip=192.168.69.118 | op=SEND_HEARTBEAT {datanodeUUID=3db231e5-aa41-417a-9eb1-ebae727224a1, command=[]} | ret=SUCCESS |  
2019-08-30 05:52:23,175 | INFO  | SCMAudit | user=jenkins1000 | ip=192.168.69.118 | op=SEND_HEARTBEAT {datanodeUUID=3db231e5-aa41-417a-9eb1-ebae727224a1, command=[]} | ret=SUCCESS |  
2019-08-30 05:52:23,175 [EventQueue-ContainerReportForContainerReportHandler] WARN  container.ContainerReportHandler (AbstractContainerReportHandler.java:updateContainerState(143)) - Container #1 is in OPEN state, but the datanode 3db231e5-aa41-417a-9eb1-ebae727224a1{ip: 192.168.69.118, host: trunk-nightly-20190830-rr75b-3244975676, networkLocation: /default-rack, certSerialId: null} reports an CLOSED replica.
2019-08-30 05:52:23,175 | INFO  | SCMAudit | user=jenkins1000 | ip=192.168.69.118 | op=SEND_HEARTBEAT {datanodeUUID=0c3d5d33-5004-4ad0-a181-1b32c8916f48, command=[]} | ret=SUCCESS |  
2019-08-30 05:52:23,176 [EventQueue-ContainerReportForContainerReportHandler] WARN  container.ContainerReportHandler (AbstractContainerReportHandler.java:updateContainerState(143)) - Container #1 is in OPEN state, but the datanode 0c3d5d33-5004-4ad0-a181-1b32c8916f48{ip: 192.168.69.118, host: trunk-nightly-20190830-rr75b-3244975676, networkLocation: /default-rack, certSerialId: null} reports an CLOSED replica.
2019-08-30 05:52:23,275 | INFO  | SCMAudit | user=jenkins1000 | ip=192.168.69.118 | op=SEND_HEARTBEAT {datanodeUUID=0c3d5d33-5004-4ad0-a181-1b32c8916f48, command=[]} | ret=SUCCESS |  
2019-08-30 05:52:23,275 | INFO  | SCMAudit | user=jenkins1000 | ip=192.168.69.118 | op=SEND_HEARTBEAT {datanodeUUID=3db231e5-aa41-417a-9eb1-ebae727224a1, command=[]} | ret=SUCCESS |  
2019-08-30 05:52:23,375 | INFO  | SCMAudit | user=jenkins1000 | ip=192.168.69.118 | op=SEND_HEARTBEAT {datanodeUUID=0c3d5d33-5004-4ad0-a181-1b32c8916f48, command=[]} | ret=SUCCESS |  
2019-08-30 05:52:23,376 | INFO  | SCMAudit | user=jenkins1000 | ip=192.168.69.118 | op=SEND_HEARTBEAT {datanodeUUID=3db231e5-aa41-417a-9eb1-ebae727224a1, command=[]} | ret=SUCCESS |  
2019-08-30 05:52:23,376 [EventQueue-ContainerReportForContainerReportHandler] WARN  container.ContainerReportHandler (AbstractContainerReportHandler.java:updateContainerState(143)) - Container #1 is in OPEN state, but the datanode 3db231e5-aa41-417a-9eb1-ebae727224a1{ip: 192.168.69.118, host: trunk-nightly-20190830-rr75b-3244975676, networkLocation: /default-rack, certSerialId: null} reports an CLOSED replica.
2019-08-30 05:52:23,475 | INFO  | SCMAudit | user=jenkins1000 | ip=192.168.69.118 | op=SEND_HEARTBEAT {datanodeUUID=3db231e5-aa41-417a-9eb1-ebae727224a1, command=[]} | ret=SUCCESS |  
2019-08-30 05:52:23,476 | INFO  | SCMAudit | user=jenkins1000 | ip=192.168.69.118 | op=SEND_HEARTBEAT {datanodeUUID=0c3d5d33-5004-4ad0-a181-1b32c8916f48, command=[]} | ret=SUCCESS |  
2019-08-30 05:52:23,476 [EventQueue-ContainerReportForContainerReportHandler] WARN  container.ContainerReportHandler (AbstractContainerReportHandler.java:updateContainerState(143)) - Container #1 is in OPEN state, but the datanode 0c3d5d33-5004-4ad0-a181-1b32c8916f48{ip: 192.168.69.118, host: trunk-nightly-20190830-rr75b-3244975676, networkLocation: /default-rack, certSerialId: null} reports an CLOSED replica.
2019-08-30 05:52:23,487 [grpc-default-executor-0] WARN  server.GrpcLogAppender (LogUtils.java:warn(134)) - 0c3d5d33-5004-4ad0-a181-1b32c8916f48->39b5c586-5c16-4d91-b521-ddac34f0fc4c: Failed appendEntries: org.apache.ratis.thirdparty.io.grpc.StatusRuntimeException: UNAVAILABLE: io exception
2019-08-30 05:52:23,490 [grpc-default-executor-0] INFO  impl.FollowerInfo (FollowerInfo.java:lambda$new$0(50)) - 0c3d5d33-5004-4ad0-a181-1b32c8916f48->39b5c586-5c16-4d91-b521-ddac34f0fc4c: nextIndex: updateUnconditionally 0 -> 0
2019-08-30 05:52:23,576 | INFO  | SCMAudit | user=jenkins1000 | ip=192.168.69.118 | op=SEND_HEARTBEAT {datanodeUUID=3db231e5-aa41-417a-9eb1-ebae727224a1, command=[]} | ret=SUCCESS |  
2019-08-30 05:52:23,576 | INFO  | SCMAudit | user=jenkins1000 | ip=192.168.69.118 | op=SEND_HEARTBEAT {datanodeUUID=0c3d5d33-5004-4ad0-a181-1b32c8916f48, command=[]} | ret=SUCCESS |  
2019-08-30 05:52:23,675 | INFO  | SCMAudit | user=jenkins1000 | ip=192.168.69.118 | op=SEND_HEARTBEAT {datanodeUUID=3db231e5-aa41-417a-9eb1-ebae727224a1, command=[]} | ret=SUCCESS |  
2019-08-30 05:52:23,676 | INFO  | SCMAudit | user=jenkins1000 | ip=192.168.69.118 | op=SEND_HEARTBEAT {datanodeUUID=0c3d5d33-5004-4ad0-a181-1b32c8916f48, command=[]} | ret=SUCCESS |  
2019-08-30 05:52:23,775 | INFO  | SCMAudit | user=jenkins1000 | ip=192.168.69.118 | op=SEND_HEARTBEAT {datanodeUUID=3db231e5-aa41-417a-9eb1-ebae727224a1, command=[]} | ret=SUCCESS |  
2019-08-30 05:52:23,775 [EventQueue-ContainerReportForContainerReportHandler] WARN  container.ContainerReportHandler (AbstractContainerReportHandler.java:updateContainerState(143)) - Container #1 is in OPEN state, but the datanode 3db231e5-aa41-417a-9eb1-ebae727224a1{ip: 192.168.69.118, host: trunk-nightly-20190830-rr75b-3244975676, networkLocation: /default-rack, certSerialId: null} reports an CLOSED replica.
2019-08-30 05:52:23,776 | INFO  | SCMAudit | user=jenkins1000 | ip=192.168.69.118 | op=SEND_HEARTBEAT {datanodeUUID=0c3d5d33-5004-4ad0-a181-1b32c8916f48, command=[]} | ret=SUCCESS |  
2019-08-30 05:52:23,776 [EventQueue-ContainerReportForContainerReportHandler] WARN  container.ContainerReportHandler (AbstractContainerReportHandler.java:updateContainerState(143)) - Container #1 is in OPEN state, but the datanode 0c3d5d33-5004-4ad0-a181-1b32c8916f48{ip: 192.168.69.118, host: trunk-nightly-20190830-rr75b-3244975676, networkLocation: /default-rack, certSerialId: null} reports an CLOSED replica.
2019-08-30 05:52:23,875 | INFO  | SCMAudit | user=jenkins1000 | ip=192.168.69.118 | op=SEND_HEARTBEAT {datanodeUUID=3db231e5-aa41-417a-9eb1-ebae727224a1, command=[]} | ret=SUCCESS |  
2019-08-30 05:52:23,876 | INFO  | SCMAudit | user=jenkins1000 | ip=192.168.69.118 | op=SEND_HEARTBEAT {datanodeUUID=0c3d5d33-5004-4ad0-a181-1b32c8916f48, command=[]} | ret=SUCCESS |  
2019-08-30 05:52:23,886 [Thread-387] INFO  client.GrpcClientProtocolService (GrpcClientProtocolService.java:lambda$processClientRequest$0(278)) - Failed RaftClientRequest:client-66420869BE01->0c3d5d33-5004-4ad0-a181-1b32c8916f48@group-F96D3AAC4001, cid=10, seq=0, Watch-ALL_COMMITTED(6), Message:<EMPTY>, reply=RaftClientReply:client-66420869BE01->0c3d5d33-5004-4ad0-a181-1b32c8916f48@group-F96D3AAC4001, cid=10, FAILED org.apache.ratis.protocol.NotReplicatedException: Request with call Id 10 and log index 6 is not yet replicated to ALL_COMMITTED, logIndex=6, commits[0c3d5d33-5004-4ad0-a181-1b32c8916f48:c10, 39b5c586-5c16-4d91-b521-ddac34f0fc4c:c4, 3db231e5-aa41-417a-9eb1-ebae727224a1:c10]
2019-08-30 05:52:23,888 [grpc-default-executor-0] INFO  client.GrpcClientProtocolClient (GrpcClientProtocolClient.java:onNext(255)) - client-66420869BE01->0c3d5d33-5004-4ad0-a181-1b32c8916f48: receive RaftClientReply:client-66420869BE01->0c3d5d33-5004-4ad0-a181-1b32c8916f48@group-F96D3AAC4001, cid=10, FAILED org.apache.ratis.protocol.NotReplicatedException: Request with call Id 10 and log index 6 is not yet replicated to ALL_COMMITTED, logIndex=6, commits[0c3d5d33-5004-4ad0-a181-1b32c8916f48:c10, 39b5c586-5c16-4d91-b521-ddac34f0fc4c:c4, 3db231e5-aa41-417a-9eb1-ebae727224a1:c10]
2019-08-30 05:52:23,941 [BlockDeletingService#2] WARN  background.BlockDeletingService (BlockDeletingService.java:isDeletionAllowed(186)) - Close Container log Index 6 is not replicated across allthe servers in the pipeline 1239619d-f8f3-45fb-8433-f96d3aac4001 as the min replicated index is 4. Deletion is not allowed in this container yet.
2019-08-30 05:52:23,944 [BlockDeletingService#6] WARN  background.BlockDeletingService (BlockDeletingService.java:isDeletionAllowed(186)) - Close Container log Index 6 is not replicated across allthe servers in the pipeline 1239619d-f8f3-45fb-8433-f96d3aac4001 as the min replicated index is 4. Deletion is not allowed in this container yet.
2019-08-30 05:52:23,976 | INFO  | SCMAudit | user=jenkins1000 | ip=192.168.69.118 | op=SEND_HEARTBEAT {datanodeUUID=3db231e5-aa41-417a-9eb1-ebae727224a1, command=[]} | ret=SUCCESS |  
2019-08-30 05:52:23,976 | INFO  | SCMAudit | user=jenkins1000 | ip=192.168.69.118 | op=SEND_HEARTBEAT {datanodeUUID=0c3d5d33-5004-4ad0-a181-1b32c8916f48, command=[]} | ret=SUCCESS |  
2019-08-30 05:52:24,076 | INFO  | SCMAudit | user=jenkins1000 | ip=192.168.69.118 | op=SEND_HEARTBEAT {datanodeUUID=0c3d5d33-5004-4ad0-a181-1b32c8916f48, command=[]} | ret=SUCCESS |  
2019-08-30 05:52:24,077 | INFO  | SCMAudit | user=jenkins1000 | ip=192.168.69.118 | op=SEND_HEARTBEAT {datanodeUUID=3db231e5-aa41-417a-9eb1-ebae727224a1, command=[]} | ret=SUCCESS |  
2019-08-30 05:52:24,077 [EventQueue-ContainerReportForContainerReportHandler] WARN  container.ContainerReportHandler (AbstractContainerReportHandler.java:updateContainerState(143)) - Container #1 is in OPEN state, but the datanode 0c3d5d33-5004-4ad0-a181-1b32c8916f48{ip: 192.168.69.118, host: trunk-nightly-20190830-rr75b-3244975676, networkLocation: /default-rack, certSerialId: null} reports an CLOSED replica.
2019-08-30 05:52:24,077 [EventQueue-ContainerReportForContainerReportHandler] WARN  container.ContainerReportHandler (AbstractContainerReportHandler.java:updateContainerState(143)) - Container #1 is in OPEN state, but the datanode 3db231e5-aa41-417a-9eb1-ebae727224a1{ip: 192.168.69.118, host: trunk-nightly-20190830-rr75b-3244975676, networkLocation: /default-rack, certSerialId: null} reports an CLOSED replica.
2019-08-30 05:52:24,176 | INFO  | SCMAudit | user=jenkins1000 | ip=192.168.69.118 | op=SEND_HEARTBEAT {datanodeUUID=3db231e5-aa41-417a-9eb1-ebae727224a1, command=[]} | ret=SUCCESS |  
2019-08-30 05:52:24,176 | INFO  | SCMAudit | user=jenkins1000 | ip=192.168.69.118 | op=SEND_HEARTBEAT {datanodeUUID=0c3d5d33-5004-4ad0-a181-1b32c8916f48, command=[]} | ret=SUCCESS |  
2019-08-30 05:52:24,276 | INFO  | SCMAudit | user=jenkins1000 | ip=192.168.69.118 | op=SEND_HEARTBEAT {datanodeUUID=0c3d5d33-5004-4ad0-a181-1b32c8916f48, command=[]} | ret=SUCCESS |  
2019-08-30 05:52:24,277 | INFO  | SCMAudit | user=jenkins1000 | ip=192.168.69.118 | op=SEND_HEARTBEAT {datanodeUUID=3db231e5-aa41-417a-9eb1-ebae727224a1, command=[]} | ret=SUCCESS |  
2019-08-30 05:52:24,376 | INFO  | SCMAudit | user=jenkins1000 | ip=192.168.69.118 | op=SEND_HEARTBEAT {datanodeUUID=0c3d5d33-5004-4ad0-a181-1b32c8916f48, command=[]} | ret=SUCCESS |  
2019-08-30 05:52:24,376 | INFO  | SCMAudit | user=jenkins1000 | ip=192.168.69.118 | op=SEND_HEARTBEAT {datanodeUUID=3db231e5-aa41-417a-9eb1-ebae727224a1, command=[]} | ret=SUCCESS |  
2019-08-30 05:52:24,376 [EventQueue-ContainerReportForContainerReportHandler] WARN  container.ContainerReportHandler (AbstractContainerReportHandler.java:updateContainerState(143)) - Container #1 is in OPEN state, but the datanode 0c3d5d33-5004-4ad0-a181-1b32c8916f48{ip: 192.168.69.118, host: trunk-nightly-20190830-rr75b-3244975676, networkLocation: /default-rack, certSerialId: null} reports an CLOSED replica.
2019-08-30 05:52:24,377 [EventQueue-ContainerReportForContainerReportHandler] WARN  container.ContainerReportHandler (AbstractContainerReportHandler.java:updateContainerState(143)) - Container #1 is in OPEN state, but the datanode 3db231e5-aa41-417a-9eb1-ebae727224a1{ip: 192.168.69.118, host: trunk-nightly-20190830-rr75b-3244975676, networkLocation: /default-rack, certSerialId: null} reports an CLOSED replica.
2019-08-30 05:52:24,476 | INFO  | SCMAudit | user=jenkins1000 | ip=192.168.69.118 | op=SEND_HEARTBEAT {datanodeUUID=0c3d5d33-5004-4ad0-a181-1b32c8916f48, command=[]} | ret=SUCCESS |  
2019-08-30 05:52:24,477 | INFO  | SCMAudit | user=jenkins1000 | ip=192.168.69.118 | op=SEND_HEARTBEAT {datanodeUUID=3db231e5-aa41-417a-9eb1-ebae727224a1, command=[]} | ret=SUCCESS |  
2019-08-30 05:52:24,576 | INFO  | SCMAudit | user=jenkins1000 | ip=192.168.69.118 | op=SEND_HEARTBEAT {datanodeUUID=0c3d5d33-5004-4ad0-a181-1b32c8916f48, command=[]} | ret=SUCCESS |  
2019-08-30 05:52:24,577 | INFO  | SCMAudit | user=jenkins1000 | ip=192.168.69.118 | op=SEND_HEARTBEAT {datanodeUUID=3db231e5-aa41-417a-9eb1-ebae727224a1, command=[]} | ret=SUCCESS |  
2019-08-30 05:52:24,676 | INFO  | SCMAudit | user=jenkins1000 | ip=192.168.69.118 | op=SEND_HEARTBEAT {datanodeUUID=0c3d5d33-5004-4ad0-a181-1b32c8916f48, command=[]} | ret=SUCCESS |  
2019-08-30 05:52:24,676 [EventQueue-ContainerReportForContainerReportHandler] WARN  container.ContainerReportHandler (AbstractContainerReportHandler.java:updateContainerState(143)) - Container #1 is in OPEN state, but the datanode 0c3d5d33-5004-4ad0-a181-1b32c8916f48{ip: 192.168.69.118, host: trunk-nightly-20190830-rr75b-3244975676, networkLocation: /default-rack, certSerialId: null} reports an CLOSED replica.
2019-08-30 05:52:24,677 | INFO  | SCMAudit | user=jenkins1000 | ip=192.168.69.118 | op=SEND_HEARTBEAT {datanodeUUID=3db231e5-aa41-417a-9eb1-ebae727224a1, command=[]} | ret=SUCCESS |  
2019-08-30 05:52:24,777 | INFO  | SCMAudit | user=jenkins1000 | ip=192.168.69.118 | op=SEND_HEARTBEAT {datanodeUUID=0c3d5d33-5004-4ad0-a181-1b32c8916f48, command=[]} | ret=SUCCESS |  
2019-08-30 05:52:24,777 | INFO  | SCMAudit | user=jenkins1000 | ip=192.168.69.118 | op=SEND_HEARTBEAT {datanodeUUID=3db231e5-aa41-417a-9eb1-ebae727224a1, command=[]} | ret=SUCCESS |  
2019-08-30 05:52:24,777 [EventQueue-ContainerReportForContainerReportHandler] WARN  container.ContainerReportHandler (AbstractContainerReportHandler.java:updateContainerState(143)) - Container #1 is in OPEN state, but the datanode 3db231e5-aa41-417a-9eb1-ebae727224a1{ip: 192.168.69.118, host: trunk-nightly-20190830-rr75b-3244975676, networkLocation: /default-rack, certSerialId: null} reports an CLOSED replica.
2019-08-30 05:52:24,877 | INFO  | SCMAudit | user=jenkins1000 | ip=192.168.69.118 | op=SEND_HEARTBEAT {datanodeUUID=0c3d5d33-5004-4ad0-a181-1b32c8916f48, command=[]} | ret=SUCCESS |  
2019-08-30 05:52:24,877 | INFO  | SCMAudit | user=jenkins1000 | ip=192.168.69.118 | op=SEND_HEARTBEAT {datanodeUUID=3db231e5-aa41-417a-9eb1-ebae727224a1, command=[]} | ret=SUCCESS |  
2019-08-30 05:52:24,877 [EventQueue-ContainerReportForContainerReportHandler] WARN  container.ContainerReportHandler (AbstractContainerReportHandler.java:updateContainerState(143)) - Container #1 is in OPEN state, but the datanode 0c3d5d33-5004-4ad0-a181-1b32c8916f48{ip: 192.168.69.118, host: trunk-nightly-20190830-rr75b-3244975676, networkLocation: /default-rack, certSerialId: null} reports an CLOSED replica.
2019-08-30 05:52:24,942 [BlockDeletingService#2] WARN  background.BlockDeletingService (BlockDeletingService.java:isDeletionAllowed(186)) - Close Container log Index 6 is not replicated across allthe servers in the pipeline 1239619d-f8f3-45fb-8433-f96d3aac4001 as the min replicated index is 4. Deletion is not allowed in this container yet.
2019-08-30 05:52:24,946 [BlockDeletingService#6] WARN  background.BlockDeletingService (BlockDeletingService.java:isDeletionAllowed(186)) - Close Container log Index 6 is not replicated across allthe servers in the pipeline 1239619d-f8f3-45fb-8433-f96d3aac4001 as the min replicated index is 4. Deletion is not allowed in this container yet.
2019-08-30 05:52:24,977 | INFO  | SCMAudit | user=jenkins1000 | ip=192.168.69.118 | op=SEND_HEARTBEAT {datanodeUUID=0c3d5d33-5004-4ad0-a181-1b32c8916f48, command=[]} | ret=SUCCESS |  
2019-08-30 05:52:24,978 | INFO  | SCMAudit | user=jenkins1000 | ip=192.168.69.118 | op=SEND_HEARTBEAT {datanodeUUID=3db231e5-aa41-417a-9eb1-ebae727224a1, command=[]} | ret=SUCCESS |  
2019-08-30 05:52:24,978 [EventQueue-ContainerReportForContainerReportHandler] WARN  container.ContainerReportHandler (AbstractContainerReportHandler.java:updateContainerState(143)) - Container #1 is in OPEN state, but the datanode 3db231e5-aa41-417a-9eb1-ebae727224a1{ip: 192.168.69.118, host: trunk-nightly-20190830-rr75b-3244975676, networkLocation: /default-rack, certSerialId: null} reports an CLOSED replica.
2019-08-30 05:52:25,077 | INFO  | SCMAudit | user=jenkins1000 | ip=192.168.69.118 | op=SEND_HEARTBEAT {datanodeUUID=3db231e5-aa41-417a-9eb1-ebae727224a1, command=[]} | ret=SUCCESS |  
2019-08-30 05:52:25,078 | INFO  | SCMAudit | user=jenkins1000 | ip=192.168.69.118 | op=SEND_HEARTBEAT {datanodeUUID=0c3d5d33-5004-4ad0-a181-1b32c8916f48, command=[]} | ret=SUCCESS |  
2019-08-30 05:52:25,078 [EventQueue-ContainerReportForContainerReportHandler] WARN  container.ContainerReportHandler (AbstractContainerReportHandler.java:updateContainerState(143)) - Container #1 is in OPEN state, but the datanode 0c3d5d33-5004-4ad0-a181-1b32c8916f48{ip: 192.168.69.118, host: trunk-nightly-20190830-rr75b-3244975676, networkLocation: /default-rack, certSerialId: null} reports an CLOSED replica.
2019-08-30 05:52:25,178 | INFO  | SCMAudit | user=jenkins1000 | ip=192.168.69.118 | op=SEND_HEARTBEAT {datanodeUUID=3db231e5-aa41-417a-9eb1-ebae727224a1, command=[]} | ret=SUCCESS |  
2019-08-30 05:52:25,178 | INFO  | SCMAudit | user=jenkins1000 | ip=192.168.69.118 | op=SEND_HEARTBEAT {datanodeUUID=0c3d5d33-5004-4ad0-a181-1b32c8916f48, command=[]} | ret=SUCCESS |  
2019-08-30 05:52:25,278 | INFO  | SCMAudit | user=jenkins1000 | ip=192.168.69.118 | op=SEND_HEARTBEAT {datanodeUUID=3db231e5-aa41-417a-9eb1-ebae727224a1, command=[]} | ret=SUCCESS |  
2019-08-30 05:52:25,278 [EventQueue-ContainerReportForContainerReportHandler] WARN  container.ContainerReportHandler (AbstractContainerReportHandler.java:updateContainerState(143)) - Container #1 is in OPEN state, but the datanode 3db231e5-aa41-417a-9eb1-ebae727224a1{ip: 192.168.69.118, host: trunk-nightly-20190830-rr75b-3244975676, networkLocation: /default-rack, certSerialId: null} reports an CLOSED replica.
2019-08-30 05:52:25,278 | INFO  | SCMAudit | user=jenkins1000 | ip=192.168.69.118 | op=SEND_HEARTBEAT {datanodeUUID=0c3d5d33-5004-4ad0-a181-1b32c8916f48, command=[]} | ret=SUCCESS |  
2019-08-30 05:52:25,377 | INFO  | SCMAudit | user=jenkins1000 | ip=192.168.69.118 | op=SEND_HEARTBEAT {datanodeUUID=3db231e5-aa41-417a-9eb1-ebae727224a1, command=[]} | ret=SUCCESS |  
2019-08-30 05:52:25,379 | INFO  | SCMAudit | user=jenkins1000 | ip=192.168.69.118 | op=SEND_HEARTBEAT {datanodeUUID=0c3d5d33-5004-4ad0-a181-1b32c8916f48, command=[]} | ret=SUCCESS |  
2019-08-30 05:52:25,379 [EventQueue-ContainerReportForContainerReportHandler] WARN  container.ContainerReportHandler (AbstractContainerReportHandler.java:updateContainerState(143)) - Container #1 is in OPEN state, but the datanode 0c3d5d33-5004-4ad0-a181-1b32c8916f48{ip: 192.168.69.118, host: trunk-nightly-20190830-rr75b-3244975676, networkLocation: /default-rack, certSerialId: null} reports an CLOSED replica.
2019-08-30 05:52:25,478 | INFO  | SCMAudit | user=jenkins1000 | ip=192.168.69.118 | op=SEND_HEARTBEAT {datanodeUUID=3db231e5-aa41-417a-9eb1-ebae727224a1, command=[]} | ret=SUCCESS |  
2019-08-30 05:52:25,478 | INFO  | SCMAudit | user=jenkins1000 | ip=192.168.69.118 | op=SEND_HEARTBEAT {datanodeUUID=0c3d5d33-5004-4ad0-a181-1b32c8916f48, command=[]} | ret=SUCCESS |  
2019-08-30 05:52:25,578 | INFO  | SCMAudit | user=jenkins1000 | ip=192.168.69.118 | op=SEND_HEARTBEAT {datanodeUUID=3db231e5-aa41-417a-9eb1-ebae727224a1, command=[]} | ret=SUCCESS |  
2019-08-30 05:52:25,579 | INFO  | SCMAudit | user=jenkins1000 | ip=192.168.69.118 | op=SEND_HEARTBEAT {datanodeUUID=0c3d5d33-5004-4ad0-a181-1b32c8916f48, command=[]} | ret=SUCCESS |  
2019-08-30 05:52:25,578 [EventQueue-ContainerReportForContainerReportHandler] WARN  container.ContainerReportHandler (AbstractContainerReportHandler.java:updateContainerState(143)) - Container #1 is in OPEN state, but the datanode 3db231e5-aa41-417a-9eb1-ebae727224a1{ip: 192.168.69.118, host: trunk-nightly-20190830-rr75b-3244975676, networkLocation: /default-rack, certSerialId: null} reports an CLOSED replica.
2019-08-30 05:52:25,679 | INFO  | SCMAudit | user=jenkins1000 | ip=192.168.69.118 | op=SEND_HEARTBEAT {datanodeUUID=3db231e5-aa41-417a-9eb1-ebae727224a1, command=[]} | ret=SUCCESS |  
2019-08-30 05:52:25,680 | INFO  | SCMAudit | user=jenkins1000 | ip=192.168.69.118 | op=SEND_HEARTBEAT {datanodeUUID=0c3d5d33-5004-4ad0-a181-1b32c8916f48, command=[]} | ret=SUCCESS |  
2019-08-30 05:52:25,778 | INFO  | SCMAudit | user=jenkins1000 | ip=192.168.69.118 | op=SEND_HEARTBEAT {datanodeUUID=3db231e5-aa41-417a-9eb1-ebae727224a1, command=[]} | ret=SUCCESS |  
2019-08-30 05:52:25,780 | INFO  | SCMAudit | user=jenkins1000 | ip=192.168.69.118 | op=SEND_HEARTBEAT {datanodeUUID=0c3d5d33-5004-4ad0-a181-1b32c8916f48, command=[]} | ret=SUCCESS |  
2019-08-30 05:52:25,780 [EventQueue-ContainerReportForContainerReportHandler] WARN  container.ContainerReportHandler (AbstractContainerReportHandler.java:updateContainerState(143)) - Container #1 is in OPEN state, but the datanode 0c3d5d33-5004-4ad0-a181-1b32c8916f48{ip: 192.168.69.118, host: trunk-nightly-20190830-rr75b-3244975676, networkLocation: /default-rack, certSerialId: null} reports an CLOSED replica.
2019-08-30 05:52:25,879 | INFO  | SCMAudit | user=jenkins1000 | ip=192.168.69.118 | op=SEND_HEARTBEAT {datanodeUUID=3db231e5-aa41-417a-9eb1-ebae727224a1, command=[]} | ret=SUCCESS |  
2019-08-30 05:52:25,879 [EventQueue-ContainerReportForContainerReportHandler] WARN  container.ContainerReportHandler (AbstractContainerReportHandler.java:updateContainerState(143)) - Container #1 is in OPEN state, but the datanode 3db231e5-aa41-417a-9eb1-ebae727224a1{ip: 192.168.69.118, host: trunk-nightly-20190830-rr75b-3244975676, networkLocation: /default-rack, certSerialId: null} reports an CLOSED replica.
2019-08-30 05:52:25,880 | INFO  | SCMAudit | user=jenkins1000 | ip=192.168.69.118 | op=SEND_HEARTBEAT {datanodeUUID=0c3d5d33-5004-4ad0-a181-1b32c8916f48, command=[]} | ret=SUCCESS |  
2019-08-30 05:52:25,944 [BlockDeletingService#2] WARN  background.BlockDeletingService (BlockDeletingService.java:isDeletionAllowed(186)) - Close Container log Index 6 is not replicated across allthe servers in the pipeline 1239619d-f8f3-45fb-8433-f96d3aac4001 as the min replicated index is 4. Deletion is not allowed in this container yet.
2019-08-30 05:52:25,947 [BlockDeletingService#6] WARN  background.BlockDeletingService (BlockDeletingService.java:isDeletionAllowed(186)) - Close Container log Index 6 is not replicated across allthe servers in the pipeline 1239619d-f8f3-45fb-8433-f96d3aac4001 as the min replicated index is 4. Deletion is not allowed in this container yet.
2019-08-30 05:52:25,979 | INFO  | SCMAudit | user=jenkins1000 | ip=192.168.69.118 | op=SEND_HEARTBEAT {datanodeUUID=3db231e5-aa41-417a-9eb1-ebae727224a1, command=[]} | ret=SUCCESS |  
2019-08-30 05:52:25,980 | INFO  | SCMAudit | user=jenkins1000 | ip=192.168.69.118 | op=SEND_HEARTBEAT {datanodeUUID=0c3d5d33-5004-4ad0-a181-1b32c8916f48, command=[]} | ret=SUCCESS |  
2019-08-30 05:52:25,981 [EventQueue-ContainerReportForContainerReportHandler] WARN  container.ContainerReportHandler (AbstractContainerReportHandler.java:updateContainerState(143)) - Container #1 is in OPEN state, but the datanode 0c3d5d33-5004-4ad0-a181-1b32c8916f48{ip: 192.168.69.118, host: trunk-nightly-20190830-rr75b-3244975676, networkLocation: /default-rack, certSerialId: null} reports an CLOSED replica.
2019-08-30 05:52:25,988 [grpc-default-executor-4] WARN  server.GrpcLogAppender (LogUtils.java:warn(134)) - 0c3d5d33-5004-4ad0-a181-1b32c8916f48->39b5c586-5c16-4d91-b521-ddac34f0fc4c: Failed appendEntries: org.apache.ratis.thirdparty.io.grpc.StatusRuntimeException: UNAVAILABLE: io exception
2019-08-30 05:52:25,990 [grpc-default-executor-4] INFO  impl.FollowerInfo (FollowerInfo.java:lambda$new$0(50)) - 0c3d5d33-5004-4ad0-a181-1b32c8916f48->39b5c586-5c16-4d91-b521-ddac34f0fc4c: nextIndex: updateUnconditionally 0 -> 0
2019-08-30 05:52:26,079 | INFO  | SCMAudit | user=jenkins1000 | ip=192.168.69.118 | op=SEND_HEARTBEAT {datanodeUUID=3db231e5-aa41-417a-9eb1-ebae727224a1, command=[]} | ret=SUCCESS |  
2019-08-30 05:52:26,080 | INFO  | SCMAudit | user=jenkins1000 | ip=192.168.69.118 | op=SEND_HEARTBEAT {datanodeUUID=0c3d5d33-5004-4ad0-a181-1b32c8916f48, command=[]} | ret=SUCCESS |  
2019-08-30 05:52:26,179 | INFO  | SCMAudit | user=jenkins1000 | ip=192.168.69.118 | op=SEND_HEARTBEAT {datanodeUUID=3db231e5-aa41-417a-9eb1-ebae727224a1, command=[]} | ret=SUCCESS |  
2019-08-30 05:52:26,179 [EventQueue-ContainerReportForContainerReportHandler] WARN  container.ContainerReportHandler (AbstractContainerReportHandler.java:updateContainerState(143)) - Container #1 is in OPEN state, but the datanode 3db231e5-aa41-417a-9eb1-ebae727224a1{ip: 192.168.69.118, host: trunk-nightly-20190830-rr75b-3244975676, networkLocation: /default-rack, certSerialId: null} reports an CLOSED replica.
2019-08-30 05:52:26,180 | INFO  | SCMAudit | user=jenkins1000 | ip=192.168.69.118 | op=SEND_HEARTBEAT {datanodeUUID=0c3d5d33-5004-4ad0-a181-1b32c8916f48, command=[]} | ret=SUCCESS |  
2019-08-30 05:52:26,280 | INFO  | SCMAudit | user=jenkins1000 | ip=192.168.69.118 | op=SEND_HEARTBEAT {datanodeUUID=3db231e5-aa41-417a-9eb1-ebae727224a1, command=[]} | ret=SUCCESS |  
2019-08-30 05:52:26,281 | INFO  | SCMAudit | user=jenkins1000 | ip=192.168.69.118 | op=SEND_HEARTBEAT {datanodeUUID=0c3d5d33-5004-4ad0-a181-1b32c8916f48, command=[]} | ret=SUCCESS |  
2019-08-30 05:52:26,281 [EventQueue-ContainerReportForContainerReportHandler] WARN  container.ContainerReportHandler (AbstractContainerReportHandler.java:updateContainerState(143)) - Container #1 is in OPEN state, but the datanode 0c3d5d33-5004-4ad0-a181-1b32c8916f48{ip: 192.168.69.118, host: trunk-nightly-20190830-rr75b-3244975676, networkLocation: /default-rack, certSerialId: null} reports an CLOSED replica.
2019-08-30 05:52:26,380 | INFO  | SCMAudit | user=jenkins1000 | ip=192.168.69.118 | op=SEND_HEARTBEAT {datanodeUUID=3db231e5-aa41-417a-9eb1-ebae727224a1, command=[]} | ret=SUCCESS |  
2019-08-30 05:52:26,381 | INFO  | SCMAudit | user=jenkins1000 | ip=192.168.69.118 | op=SEND_HEARTBEAT {datanodeUUID=0c3d5d33-5004-4ad0-a181-1b32c8916f48, command=[]} | ret=SUCCESS |  
2019-08-30 05:52:26,481 | INFO  | SCMAudit | user=jenkins1000 | ip=192.168.69.118 | op=SEND_HEARTBEAT {datanodeUUID=3db231e5-aa41-417a-9eb1-ebae727224a1, command=[]} | ret=SUCCESS |  
2019-08-30 05:52:26,481 [EventQueue-ContainerReportForContainerReportHandler] WARN  container.ContainerReportHandler (AbstractContainerReportHandler.java:updateContainerState(143)) - Container #1 is in OPEN state, but the datanode 3db231e5-aa41-417a-9eb1-ebae727224a1{ip: 192.168.69.118, host: trunk-nightly-20190830-rr75b-3244975676, networkLocation: /default-rack, certSerialId: null} reports an CLOSED replica.
2019-08-30 05:52:26,481 | INFO  | SCMAudit | user=jenkins1000 | ip=192.168.69.118 | op=SEND_HEARTBEAT {datanodeUUID=0c3d5d33-5004-4ad0-a181-1b32c8916f48, command=[]} | ret=SUCCESS |  
2019-08-30 05:52:26,482 [EventQueue-ContainerReportForContainerReportHandler] WARN  container.ContainerReportHandler (AbstractContainerReportHandler.java:updateContainerState(143)) - Container #1 is in OPEN state, but the datanode 0c3d5d33-5004-4ad0-a181-1b32c8916f48{ip: 192.168.69.118, host: trunk-nightly-20190830-rr75b-3244975676, networkLocation: /default-rack, certSerialId: null} reports an CLOSED replica.
2019-08-30 05:52:26,580 | INFO  | SCMAudit | user=jenkins1000 | ip=192.168.69.118 | op=SEND_HEARTBEAT {datanodeUUID=3db231e5-aa41-417a-9eb1-ebae727224a1, command=[]} | ret=SUCCESS |  
2019-08-30 05:52:26,581 | INFO  | SCMAudit | user=jenkins1000 | ip=192.168.69.118 | op=SEND_HEARTBEAT {datanodeUUID=0c3d5d33-5004-4ad0-a181-1b32c8916f48, command=[]} | ret=SUCCESS |  
2019-08-30 05:52:26,681 | INFO  | SCMAudit | user=jenkins1000 | ip=192.168.69.118 | op=SEND_HEARTBEAT {datanodeUUID=3db231e5-aa41-417a-9eb1-ebae727224a1, command=[]} | ret=SUCCESS |  
2019-08-30 05:52:26,681 | INFO  | SCMAudit | user=jenkins1000 | ip=192.168.69.118 | op=SEND_HEARTBEAT {datanodeUUID=0c3d5d33-5004-4ad0-a181-1b32c8916f48, command=[]} | ret=SUCCESS |  
2019-08-30 05:52:26,780 | INFO  | SCMAudit | user=jenkins1000 | ip=192.168.69.118 | op=SEND_HEARTBEAT {datanodeUUID=3db231e5-aa41-417a-9eb1-ebae727224a1, command=[]} | ret=SUCCESS |  
2019-08-30 05:52:26,780 [EventQueue-ContainerReportForContainerReportHandler] WARN  container.ContainerReportHandler (AbstractContainerReportHandler.java:updateContainerState(143)) - Container #1 is in OPEN state, but the datanode 3db231e5-aa41-417a-9eb1-ebae727224a1{ip: 192.168.69.118, host: trunk-nightly-20190830-rr75b-3244975676, networkLocation: /default-rack, certSerialId: null} reports an CLOSED replica.
2019-08-30 05:52:26,781 | INFO  | SCMAudit | user=jenkins1000 | ip=192.168.69.118 | op=SEND_HEARTBEAT {datanodeUUID=0c3d5d33-5004-4ad0-a181-1b32c8916f48, command=[]} | ret=SUCCESS |  
2019-08-30 05:52:26,880 | INFO  | SCMAudit | user=jenkins1000 | ip=192.168.69.118 | op=SEND_HEARTBEAT {datanodeUUID=3db231e5-aa41-417a-9eb1-ebae727224a1, command=[]} | ret=SUCCESS |  
2019-08-30 05:52:26,881 | INFO  | SCMAudit | user=jenkins1000 | ip=192.168.69.118 | op=SEND_HEARTBEAT {datanodeUUID=0c3d5d33-5004-4ad0-a181-1b32c8916f48, command=[]} | ret=SUCCESS |  
2019-08-30 05:52:26,882 [EventQueue-ContainerReportForContainerReportHandler] WARN  container.ContainerReportHandler (AbstractContainerReportHandler.java:updateContainerState(143)) - Container #1 is in OPEN state, but the datanode 0c3d5d33-5004-4ad0-a181-1b32c8916f48{ip: 192.168.69.118, host: trunk-nightly-20190830-rr75b-3244975676, networkLocation: /default-rack, certSerialId: null} reports an CLOSED replica.
2019-08-30 05:52:26,947 [BlockDeletingService#2] WARN  background.BlockDeletingService (BlockDeletingService.java:isDeletionAllowed(186)) - Close Container log Index 6 is not replicated across allthe servers in the pipeline 1239619d-f8f3-45fb-8433-f96d3aac4001 as the min replicated index is 4. Deletion is not allowed in this container yet.
2019-08-30 05:52:26,949 [BlockDeletingService#6] WARN  background.BlockDeletingService (BlockDeletingService.java:isDeletionAllowed(186)) - Close Container log Index 6 is not replicated across allthe servers in the pipeline 1239619d-f8f3-45fb-8433-f96d3aac4001 as the min replicated index is 4. Deletion is not allowed in this container yet.
2019-08-30 05:52:26,980 | INFO  | SCMAudit | user=jenkins1000 | ip=192.168.69.118 | op=SEND_HEARTBEAT {datanodeUUID=3db231e5-aa41-417a-9eb1-ebae727224a1, command=[]} | ret=SUCCESS |  
2019-08-30 05:52:26,982 | INFO  | SCMAudit | user=jenkins1000 | ip=192.168.69.118 | op=SEND_HEARTBEAT {datanodeUUID=0c3d5d33-5004-4ad0-a181-1b32c8916f48, command=[]} | ret=SUCCESS |  
2019-08-30 05:52:27,081 | INFO  | SCMAudit | user=jenkins1000 | ip=192.168.69.118 | op=SEND_HEARTBEAT {datanodeUUID=3db231e5-aa41-417a-9eb1-ebae727224a1, command=[]} | ret=SUCCESS |  
2019-08-30 05:52:27,081 [EventQueue-ContainerReportForContainerReportHandler] WARN  container.ContainerReportHandler (AbstractContainerReportHandler.java:updateContainerState(143)) - Container #1 is in OPEN state, but the datanode 3db231e5-aa41-417a-9eb1-ebae727224a1{ip: 192.168.69.118, host: trunk-nightly-20190830-rr75b-3244975676, networkLocation: /default-rack, certSerialId: null} reports an CLOSED replica.
2019-08-30 05:52:27,082 | INFO  | SCMAudit | user=jenkins1000 | ip=192.168.69.118 | op=SEND_HEARTBEAT {datanodeUUID=0c3d5d33-5004-4ad0-a181-1b32c8916f48, command=[]} | ret=SUCCESS |  
2019-08-30 05:52:27,082 [EventQueue-ContainerReportForContainerReportHandler] WARN  container.ContainerReportHandler (AbstractContainerReportHandler.java:updateContainerState(143)) - Container #1 is in OPEN state, but the datanode 0c3d5d33-5004-4ad0-a181-1b32c8916f48{ip: 192.168.69.118, host: trunk-nightly-20190830-rr75b-3244975676, networkLocation: /default-rack, certSerialId: null} reports an CLOSED replica.
2019-08-30 05:52:27,180 | INFO  | SCMAudit | user=jenkins1000 | ip=192.168.69.118 | op=SEND_HEARTBEAT {datanodeUUID=3db231e5-aa41-417a-9eb1-ebae727224a1, command=[]} | ret=SUCCESS |  
2019-08-30 05:52:27,183 | INFO  | SCMAudit | user=jenkins1000 | ip=192.168.69.118 | op=SEND_HEARTBEAT {datanodeUUID=0c3d5d33-5004-4ad0-a181-1b32c8916f48, command=[]} | ret=SUCCESS |  
2019-08-30 05:52:27,281 | INFO  | SCMAudit | user=jenkins1000 | ip=192.168.69.118 | op=SEND_HEARTBEAT {datanodeUUID=3db231e5-aa41-417a-9eb1-ebae727224a1, command=[]} | ret=SUCCESS |  
2019-08-30 05:52:27,281 [EventQueue-ContainerReportForContainerReportHandler] WARN  container.ContainerReportHandler (AbstractContainerReportHandler.java:updateContainerState(143)) - Container #1 is in OPEN state, but the datanode 3db231e5-aa41-417a-9eb1-ebae727224a1{ip: 192.168.69.118, host: trunk-nightly-20190830-rr75b-3244975676, networkLocation: /default-rack, certSerialId: null} reports an CLOSED replica.
2019-08-30 05:52:27,283 | INFO  | SCMAudit | user=jenkins1000 | ip=192.168.69.118 | op=SEND_HEARTBEAT {datanodeUUID=0c3d5d33-5004-4ad0-a181-1b32c8916f48, command=[]} | ret=SUCCESS |  
2019-08-30 05:52:27,380 | INFO  | SCMAudit | user=jenkins1000 | ip=192.168.69.118 | op=SEND_HEARTBEAT {datanodeUUID=3db231e5-aa41-417a-9eb1-ebae727224a1, command=[]} | ret=SUCCESS |  
2019-08-30 05:52:27,383 | INFO  | SCMAudit | user=jenkins1000 | ip=192.168.69.118 | op=SEND_HEARTBEAT {datanodeUUID=0c3d5d33-5004-4ad0-a181-1b32c8916f48, command=[]} | ret=SUCCESS |  
2019-08-30 05:52:27,481 | INFO  | SCMAudit | user=jenkins1000 | ip=192.168.69.118 | op=SEND_HEARTBEAT {datanodeUUID=3db231e5-aa41-417a-9eb1-ebae727224a1, command=[]} | ret=SUCCESS |  
2019-08-30 05:52:27,483 | INFO  | SCMAudit | user=jenkins1000 | ip=192.168.69.118 | op=SEND_HEARTBEAT {datanodeUUID=0c3d5d33-5004-4ad0-a181-1b32c8916f48, command=[]} | ret=SUCCESS |  
2019-08-30 05:52:27,483 [EventQueue-ContainerReportForContainerReportHandler] WARN  container.ContainerReportHandler (AbstractContainerReportHandler.java:updateContainerState(143)) - Container #1 is in OPEN state, but the datanode 0c3d5d33-5004-4ad0-a181-1b32c8916f48{ip: 192.168.69.118, host: trunk-nightly-20190830-rr75b-3244975676, networkLocation: /default-rack, certSerialId: null} reports an CLOSED replica.
2019-08-30 05:52:27,580 | INFO  | SCMAudit | user=jenkins1000 | ip=192.168.69.118 | op=SEND_HEARTBEAT {datanodeUUID=3db231e5-aa41-417a-9eb1-ebae727224a1, command=[]} | ret=SUCCESS |  
2019-08-30 05:52:27,580 [EventQueue-ContainerReportForContainerReportHandler] WARN  container.ContainerReportHandler (AbstractContainerReportHandler.java:updateContainerState(143)) - Container #1 is in OPEN state, but the datanode 3db231e5-aa41-417a-9eb1-ebae727224a1{ip: 192.168.69.118, host: trunk-nightly-20190830-rr75b-3244975676, networkLocation: /default-rack, certSerialId: null} reports an CLOSED replica.
2019-08-30 05:52:27,584 | INFO  | SCMAudit | user=jenkins1000 | ip=192.168.69.118 | op=SEND_HEARTBEAT {datanodeUUID=0c3d5d33-5004-4ad0-a181-1b32c8916f48, command=[]} | ret=SUCCESS |  
2019-08-30 05:52:27,681 | INFO  | SCMAudit | user=jenkins1000 | ip=192.168.69.118 | op=SEND_HEARTBEAT {datanodeUUID=3db231e5-aa41-417a-9eb1-ebae727224a1, command=[]} | ret=SUCCESS |  
2019-08-30 05:52:27,685 | INFO  | SCMAudit | user=jenkins1000 | ip=192.168.69.118 | op=SEND_HEARTBEAT {datanodeUUID=0c3d5d33-5004-4ad0-a181-1b32c8916f48, command=[]} | ret=SUCCESS |  
2019-08-30 05:52:27,685 [EventQueue-ContainerReportForContainerReportHandler] WARN  container.ContainerReportHandler (AbstractContainerReportHandler.java:updateContainerState(143)) - Container #1 is in OPEN state, but the datanode 0c3d5d33-5004-4ad0-a181-1b32c8916f48{ip: 192.168.69.118, host: trunk-nightly-20190830-rr75b-3244975676, networkLocation: /default-rack, certSerialId: null} reports an CLOSED replica.
2019-08-30 05:52:27,780 | INFO  | SCMAudit | user=jenkins1000 | ip=192.168.69.118 | op=SEND_HEARTBEAT {datanodeUUID=3db231e5-aa41-417a-9eb1-ebae727224a1, command=[]} | ret=SUCCESS |  
2019-08-30 05:52:27,780 [EventQueue-ContainerReportForContainerReportHandler] WARN  container.ContainerReportHandler (AbstractContainerReportHandler.java:updateContainerState(143)) - Container #1 is in OPEN state, but the datanode 3db231e5-aa41-417a-9eb1-ebae727224a1{ip: 192.168.69.118, host: trunk-nightly-20190830-rr75b-3244975676, networkLocation: /default-rack, certSerialId: null} reports an CLOSED replica.
2019-08-30 05:52:27,785 | INFO  | SCMAudit | user=jenkins1000 | ip=192.168.69.118 | op=SEND_HEARTBEAT {datanodeUUID=0c3d5d33-5004-4ad0-a181-1b32c8916f48, command=[]} | ret=SUCCESS |  
2019-08-30 05:52:27,881 | INFO  | SCMAudit | user=jenkins1000 | ip=192.168.69.118 | op=SEND_HEARTBEAT {datanodeUUID=3db231e5-aa41-417a-9eb1-ebae727224a1, command=[]} | ret=SUCCESS |  
2019-08-30 05:52:27,885 | INFO  | SCMAudit | user=jenkins1000 | ip=192.168.69.118 | op=SEND_HEARTBEAT {datanodeUUID=0c3d5d33-5004-4ad0-a181-1b32c8916f48, command=[]} | ret=SUCCESS |  
2019-08-30 05:52:27,885 [EventQueue-ContainerReportForContainerReportHandler] WARN  container.ContainerReportHandler (AbstractContainerReportHandler.java:updateContainerState(143)) - Container #1 is in OPEN state, but the datanode 0c3d5d33-5004-4ad0-a181-1b32c8916f48{ip: 192.168.69.118, host: trunk-nightly-20190830-rr75b-3244975676, networkLocation: /default-rack, certSerialId: null} reports an CLOSED replica.
2019-08-30 05:52:27,949 [BlockDeletingService#2] WARN  background.BlockDeletingService (BlockDeletingService.java:isDeletionAllowed(186)) - Close Container log Index 6 is not replicated across allthe servers in the pipeline 1239619d-f8f3-45fb-8433-f96d3aac4001 as the min replicated index is 4. Deletion is not allowed in this container yet.
2019-08-30 05:52:27,950 [BlockDeletingService#6] WARN  background.BlockDeletingService (BlockDeletingService.java:isDeletionAllowed(186)) - Close Container log Index 6 is not replicated across allthe servers in the pipeline 1239619d-f8f3-45fb-8433-f96d3aac4001 as the min replicated index is 4. Deletion is not allowed in this container yet.
2019-08-30 05:52:27,980 | INFO  | SCMAudit | user=jenkins1000 | ip=192.168.69.118 | op=SEND_HEARTBEAT {datanodeUUID=3db231e5-aa41-417a-9eb1-ebae727224a1, command=[]} | ret=SUCCESS |  
2019-08-30 05:52:27,985 | INFO  | SCMAudit | user=jenkins1000 | ip=192.168.69.118 | op=SEND_HEARTBEAT {datanodeUUID=0c3d5d33-5004-4ad0-a181-1b32c8916f48, command=[]} | ret=SUCCESS |  
2019-08-30 05:52:28,080 | INFO  | SCMAudit | user=jenkins1000 | ip=192.168.69.118 | op=SEND_HEARTBEAT {datanodeUUID=3db231e5-aa41-417a-9eb1-ebae727224a1, command=[]} | ret=SUCCESS |  
2019-08-30 05:52:28,085 | INFO  | SCMAudit | user=jenkins1000 | ip=192.168.69.118 | op=SEND_HEARTBEAT {datanodeUUID=0c3d5d33-5004-4ad0-a181-1b32c8916f48, command=[]} | ret=SUCCESS |  
2019-08-30 05:52:28,085 [EventQueue-ContainerReportForContainerReportHandler] WARN  container.ContainerReportHandler (AbstractContainerReportHandler.java:updateContainerState(143)) - Container #1 is in OPEN state, but the datanode 0c3d5d33-5004-4ad0-a181-1b32c8916f48{ip: 192.168.69.118, host: trunk-nightly-20190830-rr75b-3244975676, networkLocation: /default-rack, certSerialId: null} reports an CLOSED replica.
2019-08-30 05:52:28,180 | INFO  | SCMAudit | user=jenkins1000 | ip=192.168.69.118 | op=SEND_HEARTBEAT {datanodeUUID=3db231e5-aa41-417a-9eb1-ebae727224a1, command=[]} | ret=SUCCESS |  
2019-08-30 05:52:28,180 [EventQueue-ContainerReportForContainerReportHandler] WARN  container.ContainerReportHandler (AbstractContainerReportHandler.java:updateContainerState(143)) - Container #1 is in OPEN state, but the datanode 3db231e5-aa41-417a-9eb1-ebae727224a1{ip: 192.168.69.118, host: trunk-nightly-20190830-rr75b-3244975676, networkLocation: /default-rack, certSerialId: null} reports an CLOSED replica.
2019-08-30 05:52:28,185 | INFO  | SCMAudit | user=jenkins1000 | ip=192.168.69.118 | op=SEND_HEARTBEAT {datanodeUUID=0c3d5d33-5004-4ad0-a181-1b32c8916f48, command=[]} | ret=SUCCESS |  
2019-08-30 05:52:28,280 | INFO  | SCMAudit | user=jenkins1000 | ip=192.168.69.118 | op=SEND_HEARTBEAT {datanodeUUID=3db231e5-aa41-417a-9eb1-ebae727224a1, command=[]} | ret=SUCCESS |  
2019-08-30 05:52:28,285 | INFO  | SCMAudit | user=jenkins1000 | ip=192.168.69.118 | op=SEND_HEARTBEAT {datanodeUUID=0c3d5d33-5004-4ad0-a181-1b32c8916f48, command=[]} | ret=SUCCESS |  
2019-08-30 05:52:28,380 | INFO  | SCMAudit | user=jenkins1000 | ip=192.168.69.118 | op=SEND_HEARTBEAT {datanodeUUID=3db231e5-aa41-417a-9eb1-ebae727224a1, command=[]} | ret=SUCCESS |  
2019-08-30 05:52:28,386 | INFO  | SCMAudit | user=jenkins1000 | ip=192.168.69.118 | op=SEND_HEARTBEAT {datanodeUUID=0c3d5d33-5004-4ad0-a181-1b32c8916f48, command=[]} | ret=SUCCESS |  
2019-08-30 05:52:28,386 [EventQueue-ContainerReportForContainerReportHandler] WARN  container.ContainerReportHandler (AbstractContainerReportHandler.java:updateContainerState(143)) - Container #1 is in OPEN state, but the datanode 0c3d5d33-5004-4ad0-a181-1b32c8916f48{ip: 192.168.69.118, host: trunk-nightly-20190830-rr75b-3244975676, networkLocation: /default-rack, certSerialId: null} reports an CLOSED replica.
2019-08-30 05:52:28,481 | INFO  | SCMAudit | user=jenkins1000 | ip=192.168.69.118 | op=SEND_HEARTBEAT {datanodeUUID=3db231e5-aa41-417a-9eb1-ebae727224a1, command=[]} | ret=SUCCESS |  
2019-08-30 05:52:28,481 [EventQueue-ContainerReportForContainerReportHandler] WARN  container.ContainerReportHandler (AbstractContainerReportHandler.java:updateContainerState(143)) - Container #1 is in OPEN state, but the datanode 3db231e5-aa41-417a-9eb1-ebae727224a1{ip: 192.168.69.118, host: trunk-nightly-20190830-rr75b-3244975676, networkLocation: /default-rack, certSerialId: null} reports an CLOSED replica.
2019-08-30 05:52:28,487 | INFO  | SCMAudit | user=jenkins1000 | ip=192.168.69.118 | op=SEND_HEARTBEAT {datanodeUUID=0c3d5d33-5004-4ad0-a181-1b32c8916f48, command=[]} | ret=SUCCESS |  
2019-08-30 05:52:28,494 [grpc-default-executor-4] WARN  server.GrpcLogAppender (LogUtils.java:warn(134)) - 0c3d5d33-5004-4ad0-a181-1b32c8916f48->39b5c586-5c16-4d91-b521-ddac34f0fc4c: Failed appendEntries: org.apache.ratis.thirdparty.io.grpc.StatusRuntimeException: UNAVAILABLE: io exception
2019-08-30 05:52:28,497 [grpc-default-executor-4] INFO  impl.FollowerInfo (FollowerInfo.java:lambda$new$0(50)) - 0c3d5d33-5004-4ad0-a181-1b32c8916f48->39b5c586-5c16-4d91-b521-ddac34f0fc4c: nextIndex: updateUnconditionally 0 -> 0
2019-08-30 05:52:28,580 | INFO  | SCMAudit | user=jenkins1000 | ip=192.168.69.118 | op=SEND_HEARTBEAT {datanodeUUID=3db231e5-aa41-417a-9eb1-ebae727224a1, command=[]} | ret=SUCCESS |  
2019-08-30 05:52:28,587 | INFO  | SCMAudit | user=jenkins1000 | ip=192.168.69.118 | op=SEND_HEARTBEAT {datanodeUUID=0c3d5d33-5004-4ad0-a181-1b32c8916f48, command=[]} | ret=SUCCESS |  
2019-08-30 05:52:28,680 | INFO  | SCMAudit | user=jenkins1000 | ip=192.168.69.118 | op=SEND_HEARTBEAT {datanodeUUID=3db231e5-aa41-417a-9eb1-ebae727224a1, command=[]} | ret=SUCCESS |  
2019-08-30 05:52:28,687 | INFO  | SCMAudit | user=jenkins1000 | ip=192.168.69.118 | op=SEND_HEARTBEAT {datanodeUUID=0c3d5d33-5004-4ad0-a181-1b32c8916f48, command=[]} | ret=SUCCESS |  
2019-08-30 05:52:28,780 | INFO  | SCMAudit | user=jenkins1000 | ip=192.168.69.118 | op=SEND_HEARTBEAT {datanodeUUID=3db231e5-aa41-417a-9eb1-ebae727224a1, command=[]} | ret=SUCCESS |  
2019-08-30 05:52:28,787 | INFO  | SCMAudit | user=jenkins1000 | ip=192.168.69.118 | op=SEND_HEARTBEAT {datanodeUUID=0c3d5d33-5004-4ad0-a181-1b32c8916f48, command=[]} | ret=SUCCESS |  
2019-08-30 05:52:28,787 [EventQueue-ContainerReportForContainerReportHandler] WARN  container.ContainerReportHandler (AbstractContainerReportHandler.java:updateContainerState(143)) - Container #1 is in OPEN state, but the datanode 0c3d5d33-5004-4ad0-a181-1b32c8916f48{ip: 192.168.69.118, host: trunk-nightly-20190830-rr75b-3244975676, networkLocation: /default-rack, certSerialId: null} reports an CLOSED replica.
2019-08-30 05:52:28,881 | INFO  | SCMAudit | user=jenkins1000 | ip=192.168.69.118 | op=SEND_HEARTBEAT {datanodeUUID=3db231e5-aa41-417a-9eb1-ebae727224a1, command=[]} | ret=SUCCESS |  
2019-08-30 05:52:28,881 [EventQueue-ContainerReportForContainerReportHandler] WARN  container.ContainerReportHandler (AbstractContainerReportHandler.java:updateContainerState(143)) - Container #1 is in OPEN state, but the datanode 3db231e5-aa41-417a-9eb1-ebae727224a1{ip: 192.168.69.118, host: trunk-nightly-20190830-rr75b-3244975676, networkLocation: /default-rack, certSerialId: null} reports an CLOSED replica.
2019-08-30 05:52:28,887 | INFO  | SCMAudit | user=jenkins1000 | ip=192.168.69.118 | op=SEND_HEARTBEAT {datanodeUUID=0c3d5d33-5004-4ad0-a181-1b32c8916f48, command=[]} | ret=SUCCESS |  
2019-08-30 05:52:28,950 [BlockDeletingService#2] WARN  background.BlockDeletingService (BlockDeletingService.java:isDeletionAllowed(186)) - Close Container log Index 6 is not replicated across allthe servers in the pipeline 1239619d-f8f3-45fb-8433-f96d3aac4001 as the min replicated index is 4. Deletion is not allowed in this container yet.
2019-08-30 05:52:28,952 [BlockDeletingService#6] WARN  background.BlockDeletingService (BlockDeletingService.java:isDeletionAllowed(186)) - Close Container log Index 6 is not replicated across allthe servers in the pipeline 1239619d-f8f3-45fb-8433-f96d3aac4001 as the min replicated index is 4. Deletion is not allowed in this container yet.
2019-08-30 05:52:28,981 | INFO  | SCMAudit | user=jenkins1000 | ip=192.168.69.118 | op=SEND_HEARTBEAT {datanodeUUID=3db231e5-aa41-417a-9eb1-ebae727224a1, command=[]} | ret=SUCCESS |  
2019-08-30 05:52:28,988 | INFO  | SCMAudit | user=jenkins1000 | ip=192.168.69.118 | op=SEND_HEARTBEAT {datanodeUUID=0c3d5d33-5004-4ad0-a181-1b32c8916f48, command=[]} | ret=SUCCESS |  
2019-08-30 05:52:29,081 | INFO  | SCMAudit | user=jenkins1000 | ip=192.168.69.118 | op=SEND_HEARTBEAT {datanodeUUID=3db231e5-aa41-417a-9eb1-ebae727224a1, command=[]} | ret=SUCCESS |  
2019-08-30 05:52:29,082 [EventQueue-ContainerReportForContainerReportHandler] WARN  container.ContainerReportHandler (AbstractContainerReportHandler.java:updateContainerState(143)) - Container #1 is in OPEN state, but the datanode 3db231e5-aa41-417a-9eb1-ebae727224a1{ip: 192.168.69.118, host: trunk-nightly-20190830-rr75b-3244975676, networkLocation: /default-rack, certSerialId: null} reports an CLOSED replica.
2019-08-30 05:52:29,088 | INFO  | SCMAudit | user=jenkins1000 | ip=192.168.69.118 | op=SEND_HEARTBEAT {datanodeUUID=0c3d5d33-5004-4ad0-a181-1b32c8916f48, command=[]} | ret=SUCCESS |  
2019-08-30 05:52:29,088 [EventQueue-ContainerReportForContainerReportHandler] WARN  container.ContainerReportHandler (AbstractContainerReportHandler.java:updateContainerState(143)) - Container #1 is in OPEN state, but the datanode 0c3d5d33-5004-4ad0-a181-1b32c8916f48{ip: 192.168.69.118, host: trunk-nightly-20190830-rr75b-3244975676, networkLocation: /default-rack, certSerialId: null} reports an CLOSED replica.
2019-08-30 05:52:29,181 | INFO  | SCMAudit | user=jenkins1000 | ip=192.168.69.118 | op=SEND_HEARTBEAT {datanodeUUID=3db231e5-aa41-417a-9eb1-ebae727224a1, command=[]} | ret=SUCCESS |  
2019-08-30 05:52:29,188 | INFO  | SCMAudit | user=jenkins1000 | ip=192.168.69.118 | op=SEND_HEARTBEAT {datanodeUUID=0c3d5d33-5004-4ad0-a181-1b32c8916f48, command=[]} | ret=SUCCESS |  
2019-08-30 05:52:29,282 | INFO  | SCMAudit | user=jenkins1000 | ip=192.168.69.118 | op=SEND_HEARTBEAT {datanodeUUID=3db231e5-aa41-417a-9eb1-ebae727224a1, command=[]} | ret=SUCCESS |  
2019-08-30 05:52:29,288 | INFO  | SCMAudit | user=jenkins1000 | ip=192.168.69.118 | op=SEND_HEARTBEAT {datanodeUUID=0c3d5d33-5004-4ad0-a181-1b32c8916f48, command=[]} | ret=SUCCESS |  
2019-08-30 05:52:29,382 | INFO  | SCMAudit | user=jenkins1000 | ip=192.168.69.118 | op=SEND_HEARTBEAT {datanodeUUID=3db231e5-aa41-417a-9eb1-ebae727224a1, command=[]} | ret=SUCCESS |  
2019-08-30 05:52:29,383 [EventQueue-ContainerReportForContainerReportHandler] WARN  container.ContainerReportHandler (AbstractContainerReportHandler.java:updateContainerState(143)) - Container #1 is in OPEN state, but the datanode 3db231e5-aa41-417a-9eb1-ebae727224a1{ip: 192.168.69.118, host: trunk-nightly-20190830-rr75b-3244975676, networkLocation: /default-rack, certSerialId: null} reports an CLOSED replica.
2019-08-30 05:52:29,389 | INFO  | SCMAudit | user=jenkins1000 | ip=192.168.69.118 | op=SEND_HEARTBEAT {datanodeUUID=0c3d5d33-5004-4ad0-a181-1b32c8916f48, command=[]} | ret=SUCCESS |  
2019-08-30 05:52:29,389 [EventQueue-ContainerReportForContainerReportHandler] WARN  container.ContainerReportHandler (AbstractContainerReportHandler.java:updateContainerState(143)) - Container #1 is in OPEN state, but the datanode 0c3d5d33-5004-4ad0-a181-1b32c8916f48{ip: 192.168.69.118, host: trunk-nightly-20190830-rr75b-3244975676, networkLocation: /default-rack, certSerialId: null} reports an CLOSED replica.
2019-08-30 05:52:29,482 | INFO  | SCMAudit | user=jenkins1000 | ip=192.168.69.118 | op=SEND_HEARTBEAT {datanodeUUID=3db231e5-aa41-417a-9eb1-ebae727224a1, command=[]} | ret=SUCCESS |  
2019-08-30 05:52:29,490 | INFO  | SCMAudit | user=jenkins1000 | ip=192.168.69.118 | op=SEND_HEARTBEAT {datanodeUUID=0c3d5d33-5004-4ad0-a181-1b32c8916f48, command=[]} | ret=SUCCESS |  
2019-08-30 05:52:29,581 | INFO  | SCMAudit | user=jenkins1000 | ip=192.168.69.118 | op=SEND_HEARTBEAT {datanodeUUID=3db231e5-aa41-417a-9eb1-ebae727224a1, command=[]} | ret=SUCCESS |  
2019-08-30 05:52:29,590 | INFO  | SCMAudit | user=jenkins1000 | ip=192.168.69.118 | op=SEND_HEARTBEAT {datanodeUUID=0c3d5d33-5004-4ad0-a181-1b32c8916f48, command=[]} | ret=SUCCESS |  
2019-08-30 05:52:29,590 [EventQueue-ContainerReportForContainerReportHandler] WARN  container.ContainerReportHandler (AbstractContainerReportHandler.java:updateContainerState(143)) - Container #1 is in OPEN state, but the datanode 0c3d5d33-5004-4ad0-a181-1b32c8916f48{ip: 192.168.69.118, host: trunk-nightly-20190830-rr75b-3244975676, networkLocation: /default-rack, certSerialId: null} reports an CLOSED replica.
2019-08-30 05:52:29,681 | INFO  | SCMAudit | user=jenkins1000 | ip=192.168.69.118 | op=SEND_HEARTBEAT {datanodeUUID=3db231e5-aa41-417a-9eb1-ebae727224a1, command=[]} | ret=SUCCESS |  
2019-08-30 05:52:29,690 | INFO  | SCMAudit | user=jenkins1000 | ip=192.168.69.118 | op=SEND_HEARTBEAT {datanodeUUID=0c3d5d33-5004-4ad0-a181-1b32c8916f48, command=[]} | ret=SUCCESS |  
2019-08-30 05:52:29,781 | INFO  | SCMAudit | user=jenkins1000 | ip=192.168.69.118 | op=SEND_HEARTBEAT {datanodeUUID=3db231e5-aa41-417a-9eb1-ebae727224a1, command=[]} | ret=SUCCESS |  
2019-08-30 05:52:29,781 [EventQueue-ContainerReportForContainerReportHandler] WARN  container.ContainerReportHandler (AbstractContainerReportHandler.java:updateContainerState(143)) - Container #1 is in OPEN state, but the datanode 3db231e5-aa41-417a-9eb1-ebae727224a1{ip: 192.168.69.118, host: trunk-nightly-20190830-rr75b-3244975676, networkLocation: /default-rack, certSerialId: null} reports an CLOSED replica.
2019-08-30 05:52:29,791 | INFO  | SCMAudit | user=jenkins1000 | ip=192.168.69.118 | op=SEND_HEARTBEAT {datanodeUUID=0c3d5d33-5004-4ad0-a181-1b32c8916f48, command=[]} | ret=SUCCESS |  
2019-08-30 05:52:29,881 | INFO  | SCMAudit | user=jenkins1000 | ip=192.168.69.118 | op=SEND_HEARTBEAT {datanodeUUID=3db231e5-aa41-417a-9eb1-ebae727224a1, command=[]} | ret=SUCCESS |  
2019-08-30 05:52:29,890 | INFO  | SCMAudit | user=jenkins1000 | ip=192.168.69.118 | op=SEND_HEARTBEAT {datanodeUUID=0c3d5d33-5004-4ad0-a181-1b32c8916f48, command=[]} | ret=SUCCESS |  
2019-08-30 05:52:29,952 [BlockDeletingService#2] WARN  background.BlockDeletingService (BlockDeletingService.java:isDeletionAllowed(186)) - Close Container log Index 6 is not replicated across allthe servers in the pipeline 1239619d-f8f3-45fb-8433-f96d3aac4001 as the min replicated index is 4. Deletion is not allowed in this container yet.
2019-08-30 05:52:29,953 [BlockDeletingService#6] WARN  background.BlockDeletingService (BlockDeletingService.java:isDeletionAllowed(186)) - Close Container log Index 6 is not replicated across allthe servers in the pipeline 1239619d-f8f3-45fb-8433-f96d3aac4001 as the min replicated index is 4. Deletion is not allowed in this container yet.
2019-08-30 05:52:29,982 | INFO  | SCMAudit | user=jenkins1000 | ip=192.168.69.118 | op=SEND_HEARTBEAT {datanodeUUID=3db231e5-aa41-417a-9eb1-ebae727224a1, command=[]} | ret=SUCCESS |  
2019-08-30 05:52:29,990 | INFO  | SCMAudit | user=jenkins1000 | ip=192.168.69.118 | op=SEND_HEARTBEAT {datanodeUUID=0c3d5d33-5004-4ad0-a181-1b32c8916f48, command=[]} | ret=SUCCESS |  
2019-08-30 05:52:29,990 [EventQueue-ContainerReportForContainerReportHandler] WARN  container.ContainerReportHandler (AbstractContainerReportHandler.java:updateContainerState(143)) - Container #1 is in OPEN state, but the datanode 0c3d5d33-5004-4ad0-a181-1b32c8916f48{ip: 192.168.69.118, host: trunk-nightly-20190830-rr75b-3244975676, networkLocation: /default-rack, certSerialId: null} reports an CLOSED replica.
2019-08-30 05:52:30,082 | INFO  | SCMAudit | user=jenkins1000 | ip=192.168.69.118 | op=SEND_HEARTBEAT {datanodeUUID=3db231e5-aa41-417a-9eb1-ebae727224a1, command=[]} | ret=SUCCESS |  
2019-08-30 05:52:30,082 [EventQueue-ContainerReportForContainerReportHandler] WARN  container.ContainerReportHandler (AbstractContainerReportHandler.java:updateContainerState(143)) - Container #1 is in OPEN state, but the datanode 3db231e5-aa41-417a-9eb1-ebae727224a1{ip: 192.168.69.118, host: trunk-nightly-20190830-rr75b-3244975676, networkLocation: /default-rack, certSerialId: null} reports an CLOSED replica.
2019-08-30 05:52:30,091 | INFO  | SCMAudit | user=jenkins1000 | ip=192.168.69.118 | op=SEND_HEARTBEAT {datanodeUUID=0c3d5d33-5004-4ad0-a181-1b32c8916f48, command=[]} | ret=SUCCESS |  
2019-08-30 05:52:30,182 | INFO  | SCMAudit | user=jenkins1000 | ip=192.168.69.118 | op=SEND_HEARTBEAT {datanodeUUID=3db231e5-aa41-417a-9eb1-ebae727224a1, command=[]} | ret=SUCCESS |  
2019-08-30 05:52:30,190 | INFO  | SCMAudit | user=jenkins1000 | ip=192.168.69.118 | op=SEND_HEARTBEAT {datanodeUUID=0c3d5d33-5004-4ad0-a181-1b32c8916f48, command=[]} | ret=SUCCESS |  
2019-08-30 05:52:30,190 [EventQueue-ContainerReportForContainerReportHandler] WARN  container.ContainerReportHandler (AbstractContainerReportHandler.java:updateContainerState(143)) - Container #1 is in OPEN state, but the datanode 0c3d5d33-5004-4ad0-a181-1b32c8916f48{ip: 192.168.69.118, host: trunk-nightly-20190830-rr75b-3244975676, networkLocation: /default-rack, certSerialId: null} reports an CLOSED replica.
2019-08-30 05:52:30,282 | INFO  | SCMAudit | user=jenkins1000 | ip=192.168.69.118 | op=SEND_HEARTBEAT {datanodeUUID=3db231e5-aa41-417a-9eb1-ebae727224a1, command=[]} | ret=SUCCESS |  
2019-08-30 05:52:30,290 | INFO  | SCMAudit | user=jenkins1000 | ip=192.168.69.118 | op=SEND_HEARTBEAT {datanodeUUID=0c3d5d33-5004-4ad0-a181-1b32c8916f48, command=[]} | ret=SUCCESS |  
2019-08-30 05:52:30,383 | INFO  | SCMAudit | user=jenkins1000 | ip=192.168.69.118 | op=SEND_HEARTBEAT {datanodeUUID=3db231e5-aa41-417a-9eb1-ebae727224a1, command=[]} | ret=SUCCESS |  
2019-08-30 05:52:30,383 [EventQueue-ContainerReportForContainerReportHandler] WARN  container.ContainerReportHandler (AbstractContainerReportHandler.java:updateContainerState(143)) - Container #1 is in OPEN state, but the datanode 3db231e5-aa41-417a-9eb1-ebae727224a1{ip: 192.168.69.118, host: trunk-nightly-20190830-rr75b-3244975676, networkLocation: /default-rack, certSerialId: null} reports an CLOSED replica.
2019-08-30 05:52:30,391 | INFO  | SCMAudit | user=jenkins1000 | ip=192.168.69.118 | op=SEND_HEARTBEAT {datanodeUUID=0c3d5d33-5004-4ad0-a181-1b32c8916f48, command=[]} | ret=SUCCESS |  
2019-08-30 05:52:30,482 | INFO  | SCMAudit | user=jenkins1000 | ip=192.168.69.118 | op=SEND_HEARTBEAT {datanodeUUID=3db231e5-aa41-417a-9eb1-ebae727224a1, command=[]} | ret=SUCCESS |  
2019-08-30 05:52:30,490 | INFO  | SCMAudit | user=jenkins1000 | ip=192.168.69.118 | op=SEND_HEARTBEAT {datanodeUUID=0c3d5d33-5004-4ad0-a181-1b32c8916f48, command=[]} | ret=SUCCESS |  
2019-08-30 05:52:30,582 | INFO  | SCMAudit | user=jenkins1000 | ip=192.168.69.118 | op=SEND_HEARTBEAT {datanodeUUID=3db231e5-aa41-417a-9eb1-ebae727224a1, command=[]} | ret=SUCCESS |  
2019-08-30 05:52:30,590 | INFO  | SCMAudit | user=jenkins1000 | ip=192.168.69.118 | op=SEND_HEARTBEAT {datanodeUUID=0c3d5d33-5004-4ad0-a181-1b32c8916f48, command=[]} | ret=SUCCESS |  
2019-08-30 05:52:30,590 [EventQueue-ContainerReportForContainerReportHandler] WARN  container.ContainerReportHandler (AbstractContainerReportHandler.java:updateContainerState(143)) - Container #1 is in OPEN state, but the datanode 0c3d5d33-5004-4ad0-a181-1b32c8916f48{ip: 192.168.69.118, host: trunk-nightly-20190830-rr75b-3244975676, networkLocation: /default-rack, certSerialId: null} reports an CLOSED replica.
2019-08-30 05:52:30,683 | INFO  | SCMAudit | user=jenkins1000 | ip=192.168.69.118 | op=SEND_HEARTBEAT {datanodeUUID=3db231e5-aa41-417a-9eb1-ebae727224a1, command=[]} | ret=SUCCESS |  
2019-08-30 05:52:30,683 [EventQueue-ContainerReportForContainerReportHandler] WARN  container.ContainerReportHandler (AbstractContainerReportHandler.java:updateContainerState(143)) - Container #1 is in OPEN state, but the datanode 3db231e5-aa41-417a-9eb1-ebae727224a1{ip: 192.168.69.118, host: trunk-nightly-20190830-rr75b-3244975676, networkLocation: /default-rack, certSerialId: null} reports an CLOSED replica.
2019-08-30 05:52:30,690 | INFO  | SCMAudit | user=jenkins1000 | ip=192.168.69.118 | op=SEND_HEARTBEAT {datanodeUUID=0c3d5d33-5004-4ad0-a181-1b32c8916f48, command=[]} | ret=SUCCESS |  
2019-08-30 05:52:30,782 | INFO  | SCMAudit | user=jenkins1000 | ip=192.168.69.118 | op=SEND_HEARTBEAT {datanodeUUID=3db231e5-aa41-417a-9eb1-ebae727224a1, command=[]} | ret=SUCCESS |  
2019-08-30 05:52:30,790 | INFO  | SCMAudit | user=jenkins1000 | ip=192.168.69.118 | op=SEND_HEARTBEAT {datanodeUUID=0c3d5d33-5004-4ad0-a181-1b32c8916f48, command=[]} | ret=SUCCESS |  
2019-08-30 05:52:30,790 [EventQueue-ContainerReportForContainerReportHandler] WARN  container.ContainerReportHandler (AbstractContainerReportHandler.java:updateContainerState(143)) - Container #1 is in OPEN state, but the datanode 0c3d5d33-5004-4ad0-a181-1b32c8916f48{ip: 192.168.69.118, host: trunk-nightly-20190830-rr75b-3244975676, networkLocation: /default-rack, certSerialId: null} reports an CLOSED replica.
2019-08-30 05:52:30,883 | INFO  | SCMAudit | user=jenkins1000 | ip=192.168.69.118 | op=SEND_HEARTBEAT {datanodeUUID=3db231e5-aa41-417a-9eb1-ebae727224a1, command=[]} | ret=SUCCESS |  
2019-08-30 05:52:30,883 [EventQueue-ContainerReportForContainerReportHandler] WARN  container.ContainerReportHandler (AbstractContainerReportHandler.java:updateContainerState(143)) - Container #1 is in OPEN state, but the datanode 3db231e5-aa41-417a-9eb1-ebae727224a1{ip: 192.168.69.118, host: trunk-nightly-20190830-rr75b-3244975676, networkLocation: /default-rack, certSerialId: null} reports an CLOSED replica.
2019-08-30 05:52:30,890 | INFO  | SCMAudit | user=jenkins1000 | ip=192.168.69.118 | op=SEND_HEARTBEAT {datanodeUUID=0c3d5d33-5004-4ad0-a181-1b32c8916f48, command=[]} | ret=SUCCESS |  
2019-08-30 05:52:30,954 [BlockDeletingService#2] WARN  background.BlockDeletingService (BlockDeletingService.java:isDeletionAllowed(186)) - Close Container log Index 6 is not replicated across allthe servers in the pipeline 1239619d-f8f3-45fb-8433-f96d3aac4001 as the min replicated index is 4. Deletion is not allowed in this container yet.
2019-08-30 05:52:30,955 [BlockDeletingService#6] WARN  background.BlockDeletingService (BlockDeletingService.java:isDeletionAllowed(186)) - Close Container log Index 6 is not replicated across allthe servers in the pipeline 1239619d-f8f3-45fb-8433-f96d3aac4001 as the min replicated index is 4. Deletion is not allowed in this container yet.
2019-08-30 05:52:30,982 | INFO  | SCMAudit | user=jenkins1000 | ip=192.168.69.118 | op=SEND_HEARTBEAT {datanodeUUID=3db231e5-aa41-417a-9eb1-ebae727224a1, command=[]} | ret=SUCCESS |  
2019-08-30 05:52:30,990 | INFO  | SCMAudit | user=jenkins1000 | ip=192.168.69.118 | op=SEND_HEARTBEAT {datanodeUUID=0c3d5d33-5004-4ad0-a181-1b32c8916f48, command=[]} | ret=SUCCESS |  
2019-08-30 05:52:30,991 [EventQueue-ContainerReportForContainerReportHandler] WARN  container.ContainerReportHandler (AbstractContainerReportHandler.java:updateContainerState(143)) - Container #1 is in OPEN state, but the datanode 0c3d5d33-5004-4ad0-a181-1b32c8916f48{ip: 192.168.69.118, host: trunk-nightly-20190830-rr75b-3244975676, networkLocation: /default-rack, certSerialId: null} reports an CLOSED replica.
2019-08-30 05:52:30,993 [grpc-default-executor-1] WARN  server.GrpcLogAppender (LogUtils.java:warn(134)) - 0c3d5d33-5004-4ad0-a181-1b32c8916f48->39b5c586-5c16-4d91-b521-ddac34f0fc4c: Failed appendEntries: org.apache.ratis.thirdparty.io.grpc.StatusRuntimeException: UNAVAILABLE: io exception
2019-08-30 05:52:30,996 [grpc-default-executor-1] INFO  impl.FollowerInfo (FollowerInfo.java:lambda$new$0(50)) - 0c3d5d33-5004-4ad0-a181-1b32c8916f48->39b5c586-5c16-4d91-b521-ddac34f0fc4c: nextIndex: updateUnconditionally 0 -> 0
2019-08-30 05:52:31,083 | INFO  | SCMAudit | user=jenkins1000 | ip=192.168.69.118 | op=SEND_HEARTBEAT {datanodeUUID=3db231e5-aa41-417a-9eb1-ebae727224a1, command=[]} | ret=SUCCESS |  
2019-08-30 05:52:31,091 | INFO  | SCMAudit | user=jenkins1000 | ip=192.168.69.118 | op=SEND_HEARTBEAT {datanodeUUID=0c3d5d33-5004-4ad0-a181-1b32c8916f48, command=[]} | ret=SUCCESS |  
2019-08-30 05:52:31,182 | INFO  | SCMAudit | user=jenkins1000 | ip=192.168.69.118 | op=SEND_HEARTBEAT {datanodeUUID=3db231e5-aa41-417a-9eb1-ebae727224a1, command=[]} | ret=SUCCESS |  
2019-08-30 05:52:31,182 [EventQueue-ContainerReportForContainerReportHandler] WARN  container.ContainerReportHandler (AbstractContainerReportHandler.java:updateContainerState(143)) - Container #1 is in OPEN state, but the datanode 3db231e5-aa41-417a-9eb1-ebae727224a1{ip: 192.168.69.118, host: trunk-nightly-20190830-rr75b-3244975676, networkLocation: /default-rack, certSerialId: null} reports an CLOSED replica.
2019-08-30 05:52:31,191 | INFO  | SCMAudit | user=jenkins1000 | ip=192.168.69.118 | op=SEND_HEARTBEAT {datanodeUUID=0c3d5d33-5004-4ad0-a181-1b32c8916f48, command=[]} | ret=SUCCESS |  
2019-08-30 05:52:31,282 | INFO  | SCMAudit | user=jenkins1000 | ip=192.168.69.118 | op=SEND_HEARTBEAT {datanodeUUID=3db231e5-aa41-417a-9eb1-ebae727224a1, command=[]} | ret=SUCCESS |  
2019-08-30 05:52:31,291 | INFO  | SCMAudit | user=jenkins1000 | ip=192.168.69.118 | op=SEND_HEARTBEAT {datanodeUUID=0c3d5d33-5004-4ad0-a181-1b32c8916f48, command=[]} | ret=SUCCESS |  
2019-08-30 05:52:31,383 | INFO  | SCMAudit | user=jenkins1000 | ip=192.168.69.118 | op=SEND_HEARTBEAT {datanodeUUID=3db231e5-aa41-417a-9eb1-ebae727224a1, command=[]} | ret=SUCCESS |  
2019-08-30 05:52:31,391 | INFO  | SCMAudit | user=jenkins1000 | ip=192.168.69.118 | op=SEND_HEARTBEAT {datanodeUUID=0c3d5d33-5004-4ad0-a181-1b32c8916f48, command=[]} | ret=SUCCESS |  
2019-08-30 05:52:31,391 [EventQueue-ContainerReportForContainerReportHandler] WARN  container.ContainerReportHandler (AbstractContainerReportHandler.java:updateContainerState(143)) - Container #1 is in OPEN state, but the datanode 0c3d5d33-5004-4ad0-a181-1b32c8916f48{ip: 192.168.69.118, host: trunk-nightly-20190830-rr75b-3244975676, networkLocation: /default-rack, certSerialId: null} reports an CLOSED replica.
2019-08-30 05:52:31,482 | INFO  | SCMAudit | user=jenkins1000 | ip=192.168.69.118 | op=SEND_HEARTBEAT {datanodeUUID=3db231e5-aa41-417a-9eb1-ebae727224a1, command=[]} | ret=SUCCESS |  
2019-08-30 05:52:31,482 [EventQueue-ContainerReportForContainerReportHandler] WARN  container.ContainerReportHandler (AbstractContainerReportHandler.java:updateContainerState(143)) - Container #1 is in OPEN state, but the datanode 3db231e5-aa41-417a-9eb1-ebae727224a1{ip: 192.168.69.118, host: trunk-nightly-20190830-rr75b-3244975676, networkLocation: /default-rack, certSerialId: null} reports an CLOSED replica.
2019-08-30 05:52:31,491 | INFO  | SCMAudit | user=jenkins1000 | ip=192.168.69.118 | op=SEND_HEARTBEAT {datanodeUUID=0c3d5d33-5004-4ad0-a181-1b32c8916f48, command=[]} | ret=SUCCESS |  
2019-08-30 05:52:31,583 | INFO  | SCMAudit | user=jenkins1000 | ip=192.168.69.118 | op=SEND_HEARTBEAT {datanodeUUID=3db231e5-aa41-417a-9eb1-ebae727224a1, command=[]} | ret=SUCCESS |  
2019-08-30 05:52:31,591 | INFO  | SCMAudit | user=jenkins1000 | ip=192.168.69.118 | op=SEND_HEARTBEAT {datanodeUUID=0c3d5d33-5004-4ad0-a181-1b32c8916f48, command=[]} | ret=SUCCESS |  
2019-08-30 05:52:31,682 | INFO  | SCMAudit | user=jenkins1000 | ip=192.168.69.118 | op=SEND_HEARTBEAT {datanodeUUID=3db231e5-aa41-417a-9eb1-ebae727224a1, command=[]} | ret=SUCCESS |  
2019-08-30 05:52:31,691 | INFO  | SCMAudit | user=jenkins1000 | ip=192.168.69.118 | op=SEND_HEARTBEAT {datanodeUUID=0c3d5d33-5004-4ad0-a181-1b32c8916f48, command=[]} | ret=SUCCESS |  
2019-08-30 05:52:31,692 [EventQueue-ContainerReportForContainerReportHandler] WARN  container.ContainerReportHandler (AbstractContainerReportHandler.java:updateContainerState(143)) - Container #1 is in OPEN state, but the datanode 0c3d5d33-5004-4ad0-a181-1b32c8916f48{ip: 192.168.69.118, host: trunk-nightly-20190830-rr75b-3244975676, networkLocation: /default-rack, certSerialId: null} reports an CLOSED replica.
2019-08-30 05:52:31,783 | INFO  | SCMAudit | user=jenkins1000 | ip=192.168.69.118 | op=SEND_HEARTBEAT {datanodeUUID=3db231e5-aa41-417a-9eb1-ebae727224a1, command=[]} | ret=SUCCESS |  
2019-08-30 05:52:31,783 [EventQueue-ContainerReportForContainerReportHandler] WARN  container.ContainerReportHandler (AbstractContainerReportHandler.java:updateContainerState(143)) - Container #1 is in OPEN state, but the datanode 3db231e5-aa41-417a-9eb1-ebae727224a1{ip: 192.168.69.118, host: trunk-nightly-20190830-rr75b-3244975676, networkLocation: /default-rack, certSerialId: null} reports an CLOSED replica.
2019-08-30 05:52:31,791 | INFO  | SCMAudit | user=jenkins1000 | ip=192.168.69.118 | op=SEND_HEARTBEAT {datanodeUUID=0c3d5d33-5004-4ad0-a181-1b32c8916f48, command=[]} | ret=SUCCESS |  
2019-08-30 05:52:31,884 | INFO  | SCMAudit | user=jenkins1000 | ip=192.168.69.118 | op=SEND_HEARTBEAT {datanodeUUID=3db231e5-aa41-417a-9eb1-ebae727224a1, command=[]} | ret=SUCCESS |  
2019-08-30 05:52:31,892 | INFO  | SCMAudit | user=jenkins1000 | ip=192.168.69.118 | op=SEND_HEARTBEAT {datanodeUUID=0c3d5d33-5004-4ad0-a181-1b32c8916f48, command=[]} | ret=SUCCESS |  
2019-08-30 05:52:31,892 [EventQueue-ContainerReportForContainerReportHandler] WARN  container.ContainerReportHandler (AbstractContainerReportHandler.java:updateContainerState(143)) - Container #1 is in OPEN state, but the datanode 0c3d5d33-5004-4ad0-a181-1b32c8916f48{ip: 192.168.69.118, host: trunk-nightly-20190830-rr75b-3244975676, networkLocation: /default-rack, certSerialId: null} reports an CLOSED replica.
2019-08-30 05:52:31,956 [BlockDeletingService#2] WARN  background.BlockDeletingService (BlockDeletingService.java:isDeletionAllowed(186)) - Close Container log Index 6 is not replicated across allthe servers in the pipeline 1239619d-f8f3-45fb-8433-f96d3aac4001 as the min replicated index is 4. Deletion is not allowed in this container yet.
2019-08-30 05:52:31,956 [BlockDeletingService#6] WARN  background.BlockDeletingService (BlockDeletingService.java:isDeletionAllowed(186)) - Close Container log Index 6 is not replicated across allthe servers in the pipeline 1239619d-f8f3-45fb-8433-f96d3aac4001 as the min replicated index is 4. Deletion is not allowed in this container yet.
2019-08-30 05:52:31,983 | INFO  | SCMAudit | user=jenkins1000 | ip=192.168.69.118 | op=SEND_HEARTBEAT {datanodeUUID=3db231e5-aa41-417a-9eb1-ebae727224a1, command=[]} | ret=SUCCESS |  
2019-08-30 05:52:31,991 | INFO  | SCMAudit | user=jenkins1000 | ip=192.168.69.118 | op=SEND_HEARTBEAT {datanodeUUID=0c3d5d33-5004-4ad0-a181-1b32c8916f48, command=[]} | ret=SUCCESS |  
2019-08-30 05:52:32,083 | INFO  | SCMAudit | user=jenkins1000 | ip=192.168.69.118 | op=SEND_HEARTBEAT {datanodeUUID=3db231e5-aa41-417a-9eb1-ebae727224a1, command=[]} | ret=SUCCESS |  
2019-08-30 05:52:32,091 | INFO  | SCMAudit | user=jenkins1000 | ip=192.168.69.118 | op=SEND_HEARTBEAT {datanodeUUID=0c3d5d33-5004-4ad0-a181-1b32c8916f48, command=[]} | ret=SUCCESS |  
2019-08-30 05:52:32,184 | INFO  | SCMAudit | user=jenkins1000 | ip=192.168.69.118 | op=SEND_HEARTBEAT {datanodeUUID=3db231e5-aa41-417a-9eb1-ebae727224a1, command=[]} | ret=SUCCESS |  
2019-08-30 05:52:32,184 [EventQueue-ContainerReportForContainerReportHandler] WARN  container.ContainerReportHandler (AbstractContainerReportHandler.java:updateContainerState(143)) - Container #1 is in OPEN state, but the datanode 3db231e5-aa41-417a-9eb1-ebae727224a1{ip: 192.168.69.118, host: trunk-nightly-20190830-rr75b-3244975676, networkLocation: /default-rack, certSerialId: null} reports an CLOSED replica.
2019-08-30 05:52:32,191 | INFO  | SCMAudit | user=jenkins1000 | ip=192.168.69.118 | op=SEND_HEARTBEAT {datanodeUUID=0c3d5d33-5004-4ad0-a181-1b32c8916f48, command=[]} | ret=SUCCESS |  
2019-08-30 05:52:32,283 | INFO  | SCMAudit | user=jenkins1000 | ip=192.168.69.118 | op=SEND_HEARTBEAT {datanodeUUID=3db231e5-aa41-417a-9eb1-ebae727224a1, command=[]} | ret=SUCCESS |  
2019-08-30 05:52:32,292 | INFO  | SCMAudit | user=jenkins1000 | ip=192.168.69.118 | op=SEND_HEARTBEAT {datanodeUUID=0c3d5d33-5004-4ad0-a181-1b32c8916f48, command=[]} | ret=SUCCESS |  
2019-08-30 05:52:32,292 [EventQueue-ContainerReportForContainerReportHandler] WARN  container.ContainerReportHandler (AbstractContainerReportHandler.java:updateContainerState(143)) - Container #1 is in OPEN state, but the datanode 0c3d5d33-5004-4ad0-a181-1b32c8916f48{ip: 192.168.69.118, host: trunk-nightly-20190830-rr75b-3244975676, networkLocation: /default-rack, certSerialId: null} reports an CLOSED replica.
2019-08-30 05:52:32,383 | INFO  | SCMAudit | user=jenkins1000 | ip=192.168.69.118 | op=SEND_HEARTBEAT {datanodeUUID=3db231e5-aa41-417a-9eb1-ebae727224a1, command=[]} | ret=SUCCESS |  
2019-08-30 05:52:32,384 [EventQueue-ContainerReportForContainerReportHandler] WARN  container.ContainerReportHandler (AbstractContainerReportHandler.java:updateContainerState(143)) - Container #1 is in OPEN state, but the datanode 3db231e5-aa41-417a-9eb1-ebae727224a1{ip: 192.168.69.118, host: trunk-nightly-20190830-rr75b-3244975676, networkLocation: /default-rack, certSerialId: null} reports an CLOSED replica.
2019-08-30 05:52:32,391 | INFO  | SCMAudit | user=jenkins1000 | ip=192.168.69.118 | op=SEND_HEARTBEAT {datanodeUUID=0c3d5d33-5004-4ad0-a181-1b32c8916f48, command=[]} | ret=SUCCESS |  
2019-08-30 05:52:32,483 | INFO  | SCMAudit | user=jenkins1000 | ip=192.168.69.118 | op=SEND_HEARTBEAT {datanodeUUID=3db231e5-aa41-417a-9eb1-ebae727224a1, command=[]} | ret=SUCCESS |  
2019-08-30 05:52:32,491 | INFO  | SCMAudit | user=jenkins1000 | ip=192.168.69.118 | op=SEND_HEARTBEAT {datanodeUUID=0c3d5d33-5004-4ad0-a181-1b32c8916f48, command=[]} | ret=SUCCESS |  
2019-08-30 05:52:32,491 [EventQueue-ContainerReportForContainerReportHandler] WARN  container.ContainerReportHandler (AbstractContainerReportHandler.java:updateContainerState(143)) - Container #1 is in OPEN state, but the datanode 0c3d5d33-5004-4ad0-a181-1b32c8916f48{ip: 192.168.69.118, host: trunk-nightly-20190830-rr75b-3244975676, networkLocation: /default-rack, certSerialId: null} reports an CLOSED replica.
2019-08-30 05:52:32,583 | INFO  | SCMAudit | user=jenkins1000 | ip=192.168.69.118 | op=SEND_HEARTBEAT {datanodeUUID=3db231e5-aa41-417a-9eb1-ebae727224a1, command=[]} | ret=SUCCESS |  
2019-08-30 05:52:32,591 | INFO  | SCMAudit | user=jenkins1000 | ip=192.168.69.118 | op=SEND_HEARTBEAT {datanodeUUID=0c3d5d33-5004-4ad0-a181-1b32c8916f48, command=[]} | ret=SUCCESS |  
2019-08-30 05:52:32,683 | INFO  | SCMAudit | user=jenkins1000 | ip=192.168.69.118 | op=SEND_HEARTBEAT {datanodeUUID=3db231e5-aa41-417a-9eb1-ebae727224a1, command=[]} | ret=SUCCESS |  
2019-08-30 05:52:32,691 | INFO  | SCMAudit | user=jenkins1000 | ip=192.168.69.118 | op=SEND_HEARTBEAT {datanodeUUID=0c3d5d33-5004-4ad0-a181-1b32c8916f48, command=[]} | ret=SUCCESS |  
2019-08-30 05:52:32,783 | INFO  | SCMAudit | user=jenkins1000 | ip=192.168.69.118 | op=SEND_HEARTBEAT {datanodeUUID=3db231e5-aa41-417a-9eb1-ebae727224a1, command=[]} | ret=SUCCESS |  
2019-08-30 05:52:32,784 [EventQueue-ContainerReportForContainerReportHandler] WARN  container.ContainerReportHandler (AbstractContainerReportHandler.java:updateContainerState(143)) - Container #1 is in OPEN state, but the datanode 3db231e5-aa41-417a-9eb1-ebae727224a1{ip: 192.168.69.118, host: trunk-nightly-20190830-rr75b-3244975676, networkLocation: /default-rack, certSerialId: null} reports an CLOSED replica.
2019-08-30 05:52:32,792 | INFO  | SCMAudit | user=jenkins1000 | ip=192.168.69.118 | op=SEND_HEARTBEAT {datanodeUUID=0c3d5d33-5004-4ad0-a181-1b32c8916f48, command=[]} | ret=SUCCESS |  
2019-08-30 05:52:32,884 | INFO  | SCMAudit | user=jenkins1000 | ip=192.168.69.118 | op=SEND_HEARTBEAT {datanodeUUID=3db231e5-aa41-417a-9eb1-ebae727224a1, command=[]} | ret=SUCCESS |  
2019-08-30 05:52:32,892 | INFO  | SCMAudit | user=jenkins1000 | ip=192.168.69.118 | op=SEND_HEARTBEAT {datanodeUUID=0c3d5d33-5004-4ad0-a181-1b32c8916f48, command=[]} | ret=SUCCESS |  
2019-08-30 05:52:32,892 [EventQueue-ContainerReportForContainerReportHandler] WARN  container.ContainerReportHandler (AbstractContainerReportHandler.java:updateContainerState(143)) - Container #1 is in OPEN state, but the datanode 0c3d5d33-5004-4ad0-a181-1b32c8916f48{ip: 192.168.69.118, host: trunk-nightly-20190830-rr75b-3244975676, networkLocation: /default-rack, certSerialId: null} reports an CLOSED replica.
2019-08-30 05:52:32,957 [BlockDeletingService#2] WARN  background.BlockDeletingService (BlockDeletingService.java:isDeletionAllowed(186)) - Close Container log Index 6 is not replicated across allthe servers in the pipeline 1239619d-f8f3-45fb-8433-f96d3aac4001 as the min replicated index is 4. Deletion is not allowed in this container yet.
2019-08-30 05:52:32,958 [BlockDeletingService#6] WARN  background.BlockDeletingService (BlockDeletingService.java:isDeletionAllowed(186)) - Close Container log Index 6 is not replicated across allthe servers in the pipeline 1239619d-f8f3-45fb-8433-f96d3aac4001 as the min replicated index is 4. Deletion is not allowed in this container yet.
2019-08-30 05:52:32,983 | INFO  | SCMAudit | user=jenkins1000 | ip=192.168.69.118 | op=SEND_HEARTBEAT {datanodeUUID=3db231e5-aa41-417a-9eb1-ebae727224a1, command=[]} | ret=SUCCESS |  
2019-08-30 05:52:32,983 [EventQueue-ContainerReportForContainerReportHandler] WARN  container.ContainerReportHandler (AbstractContainerReportHandler.java:updateContainerState(143)) - Container #1 is in OPEN state, but the datanode 3db231e5-aa41-417a-9eb1-ebae727224a1{ip: 192.168.69.118, host: trunk-nightly-20190830-rr75b-3244975676, networkLocation: /default-rack, certSerialId: null} reports an CLOSED replica.
2019-08-30 05:52:32,992 | INFO  | SCMAudit | user=jenkins1000 | ip=192.168.69.118 | op=SEND_HEARTBEAT {datanodeUUID=0c3d5d33-5004-4ad0-a181-1b32c8916f48, command=[]} | ret=SUCCESS |  
2019-08-30 05:52:33,083 | INFO  | SCMAudit | user=jenkins1000 | ip=192.168.69.118 | op=SEND_HEARTBEAT {datanodeUUID=3db231e5-aa41-417a-9eb1-ebae727224a1, command=[]} | ret=SUCCESS |  
2019-08-30 05:52:33,092 | INFO  | SCMAudit | user=jenkins1000 | ip=192.168.69.118 | op=SEND_HEARTBEAT {datanodeUUID=0c3d5d33-5004-4ad0-a181-1b32c8916f48, command=[]} | ret=SUCCESS |  
2019-08-30 05:52:33,093 [EventQueue-ContainerReportForContainerReportHandler] WARN  container.ContainerReportHandler (AbstractContainerReportHandler.java:updateContainerState(143)) - Container #1 is in OPEN state, but the datanode 0c3d5d33-5004-4ad0-a181-1b32c8916f48{ip: 192.168.69.118, host: trunk-nightly-20190830-rr75b-3244975676, networkLocation: /default-rack, certSerialId: null} reports an CLOSED replica.
2019-08-30 05:52:33,184 | INFO  | SCMAudit | user=jenkins1000 | ip=192.168.69.118 | op=SEND_HEARTBEAT {datanodeUUID=3db231e5-aa41-417a-9eb1-ebae727224a1, command=[]} | ret=SUCCESS |  
2019-08-30 05:52:33,192 | INFO  | SCMAudit | user=jenkins1000 | ip=192.168.69.118 | op=SEND_HEARTBEAT {datanodeUUID=0c3d5d33-5004-4ad0-a181-1b32c8916f48, command=[]} | ret=SUCCESS |  
2019-08-30 05:52:33,284 | INFO  | SCMAudit | user=jenkins1000 | ip=192.168.69.118 | op=SEND_HEARTBEAT {datanodeUUID=3db231e5-aa41-417a-9eb1-ebae727224a1, command=[]} | ret=SUCCESS |  
2019-08-30 05:52:33,284 [EventQueue-ContainerReportForContainerReportHandler] WARN  container.ContainerReportHandler (AbstractContainerReportHandler.java:updateContainerState(143)) - Container #1 is in OPEN state, but the datanode 3db231e5-aa41-417a-9eb1-ebae727224a1{ip: 192.168.69.118, host: trunk-nightly-20190830-rr75b-3244975676, networkLocation: /default-rack, certSerialId: null} reports an CLOSED replica.
2019-08-30 05:52:33,293 | INFO  | SCMAudit | user=jenkins1000 | ip=192.168.69.118 | op=SEND_HEARTBEAT {datanodeUUID=0c3d5d33-5004-4ad0-a181-1b32c8916f48, command=[]} | ret=SUCCESS |  
2019-08-30 05:52:33,385 | INFO  | SCMAudit | user=jenkins1000 | ip=192.168.69.118 | op=SEND_HEARTBEAT {datanodeUUID=3db231e5-aa41-417a-9eb1-ebae727224a1, command=[]} | ret=SUCCESS |  
2019-08-30 05:52:33,393 | INFO  | SCMAudit | user=jenkins1000 | ip=192.168.69.118 | op=SEND_HEARTBEAT {datanodeUUID=0c3d5d33-5004-4ad0-a181-1b32c8916f48, command=[]} | ret=SUCCESS |  
2019-08-30 05:52:33,393 [EventQueue-ContainerReportForContainerReportHandler] WARN  container.ContainerReportHandler (AbstractContainerReportHandler.java:updateContainerState(143)) - Container #1 is in OPEN state, but the datanode 0c3d5d33-5004-4ad0-a181-1b32c8916f48{ip: 192.168.69.118, host: trunk-nightly-20190830-rr75b-3244975676, networkLocation: /default-rack, certSerialId: null} reports an CLOSED replica.
2019-08-30 05:52:33,484 | INFO  | SCMAudit | user=jenkins1000 | ip=192.168.69.118 | op=SEND_HEARTBEAT {datanodeUUID=3db231e5-aa41-417a-9eb1-ebae727224a1, command=[]} | ret=SUCCESS |  
2019-08-30 05:52:33,494 | INFO  | SCMAudit | user=jenkins1000 | ip=192.168.69.118 | op=SEND_HEARTBEAT {datanodeUUID=0c3d5d33-5004-4ad0-a181-1b32c8916f48, command=[]} | ret=SUCCESS |  
2019-08-30 05:52:33,494 [grpc-default-executor-4] WARN  server.GrpcLogAppender (LogUtils.java:warn(134)) - 0c3d5d33-5004-4ad0-a181-1b32c8916f48->39b5c586-5c16-4d91-b521-ddac34f0fc4c: Failed appendEntries: org.apache.ratis.thirdparty.io.grpc.StatusRuntimeException: UNAVAILABLE: io exception
2019-08-30 05:52:33,497 [grpc-default-executor-4] INFO  impl.FollowerInfo (FollowerInfo.java:lambda$new$0(50)) - 0c3d5d33-5004-4ad0-a181-1b32c8916f48->39b5c586-5c16-4d91-b521-ddac34f0fc4c: nextIndex: updateUnconditionally 0 -> 0
2019-08-30 05:52:33,584 | INFO  | SCMAudit | user=jenkins1000 | ip=192.168.69.118 | op=SEND_HEARTBEAT {datanodeUUID=3db231e5-aa41-417a-9eb1-ebae727224a1, command=[]} | ret=SUCCESS |  
2019-08-30 05:52:33,585 [EventQueue-ContainerReportForContainerReportHandler] WARN  container.ContainerReportHandler (AbstractContainerReportHandler.java:updateContainerState(143)) - Container #1 is in OPEN state, but the datanode 3db231e5-aa41-417a-9eb1-ebae727224a1{ip: 192.168.69.118, host: trunk-nightly-20190830-rr75b-3244975676, networkLocation: /default-rack, certSerialId: null} reports an CLOSED replica.
2019-08-30 05:52:33,593 | INFO  | SCMAudit | user=jenkins1000 | ip=192.168.69.118 | op=SEND_HEARTBEAT {datanodeUUID=0c3d5d33-5004-4ad0-a181-1b32c8916f48, command=[]} | ret=SUCCESS |  
2019-08-30 05:52:33,684 | INFO  | SCMAudit | user=jenkins1000 | ip=192.168.69.118 | op=SEND_HEARTBEAT {datanodeUUID=3db231e5-aa41-417a-9eb1-ebae727224a1, command=[]} | ret=SUCCESS |  
2019-08-30 05:52:33,693 | INFO  | SCMAudit | user=jenkins1000 | ip=192.168.69.118 | op=SEND_HEARTBEAT {datanodeUUID=0c3d5d33-5004-4ad0-a181-1b32c8916f48, command=[]} | ret=SUCCESS |  
2019-08-30 05:52:33,694 [EventQueue-ContainerReportForContainerReportHandler] WARN  container.ContainerReportHandler (AbstractContainerReportHandler.java:updateContainerState(143)) - Container #1 is in OPEN state, but the datanode 0c3d5d33-5004-4ad0-a181-1b32c8916f48{ip: 192.168.69.118, host: trunk-nightly-20190830-rr75b-3244975676, networkLocation: /default-rack, certSerialId: null} reports an CLOSED replica.
2019-08-30 05:52:33,785 | INFO  | SCMAudit | user=jenkins1000 | ip=192.168.69.118 | op=SEND_HEARTBEAT {datanodeUUID=3db231e5-aa41-417a-9eb1-ebae727224a1, command=[]} | ret=SUCCESS |  
2019-08-30 05:52:33,793 | INFO  | SCMAudit | user=jenkins1000 | ip=192.168.69.118 | op=SEND_HEARTBEAT {datanodeUUID=0c3d5d33-5004-4ad0-a181-1b32c8916f48, command=[]} | ret=SUCCESS |  
2019-08-30 05:52:33,884 | INFO  | SCMAudit | user=jenkins1000 | ip=192.168.69.118 | op=SEND_HEARTBEAT {datanodeUUID=3db231e5-aa41-417a-9eb1-ebae727224a1, command=[]} | ret=SUCCESS |  
2019-08-30 05:52:33,884 [EventQueue-ContainerReportForContainerReportHandler] WARN  container.ContainerReportHandler (AbstractContainerReportHandler.java:updateContainerState(143)) - Container #1 is in OPEN state, but the datanode 3db231e5-aa41-417a-9eb1-ebae727224a1{ip: 192.168.69.118, host: trunk-nightly-20190830-rr75b-3244975676, networkLocation: /default-rack, certSerialId: null} reports an CLOSED replica.
2019-08-30 05:52:33,893 | INFO  | SCMAudit | user=jenkins1000 | ip=192.168.69.118 | op=SEND_HEARTBEAT {datanodeUUID=0c3d5d33-5004-4ad0-a181-1b32c8916f48, command=[]} | ret=SUCCESS |  
2019-08-30 05:52:33,959 [BlockDeletingService#2] WARN  background.BlockDeletingService (BlockDeletingService.java:isDeletionAllowed(186)) - Close Container log Index 6 is not replicated across allthe servers in the pipeline 1239619d-f8f3-45fb-8433-f96d3aac4001 as the min replicated index is 4. Deletion is not allowed in this container yet.
2019-08-30 05:52:33,959 [BlockDeletingService#6] WARN  background.BlockDeletingService (BlockDeletingService.java:isDeletionAllowed(186)) - Close Container log Index 6 is not replicated across allthe servers in the pipeline 1239619d-f8f3-45fb-8433-f96d3aac4001 as the min replicated index is 4. Deletion is not allowed in this container yet.
2019-08-30 05:52:33,984 | INFO  | SCMAudit | user=jenkins1000 | ip=192.168.69.118 | op=SEND_HEARTBEAT {datanodeUUID=3db231e5-aa41-417a-9eb1-ebae727224a1, command=[]} | ret=SUCCESS |  
2019-08-30 05:52:33,994 | INFO  | SCMAudit | user=jenkins1000 | ip=192.168.69.118 | op=SEND_HEARTBEAT {datanodeUUID=0c3d5d33-5004-4ad0-a181-1b32c8916f48, command=[]} | ret=SUCCESS |  
2019-08-30 05:52:33,994 [EventQueue-ContainerReportForContainerReportHandler] WARN  container.ContainerReportHandler (AbstractContainerReportHandler.java:updateContainerState(143)) - Container #1 is in OPEN state, but the datanode 0c3d5d33-5004-4ad0-a181-1b32c8916f48{ip: 192.168.69.118, host: trunk-nightly-20190830-rr75b-3244975676, networkLocation: /default-rack, certSerialId: null} reports an CLOSED replica.
2019-08-30 05:52:34,085 | INFO  | SCMAudit | user=jenkins1000 | ip=192.168.69.118 | op=SEND_HEARTBEAT {datanodeUUID=3db231e5-aa41-417a-9eb1-ebae727224a1, command=[]} | ret=SUCCESS |  
2019-08-30 05:52:34,094 | INFO  | SCMAudit | user=jenkins1000 | ip=192.168.69.118 | op=SEND_HEARTBEAT {datanodeUUID=0c3d5d33-5004-4ad0-a181-1b32c8916f48, command=[]} | ret=SUCCESS |  
2019-08-30 05:52:34,185 | INFO  | SCMAudit | user=jenkins1000 | ip=192.168.69.118 | op=SEND_HEARTBEAT {datanodeUUID=3db231e5-aa41-417a-9eb1-ebae727224a1, command=[]} | ret=SUCCESS |  
2019-08-30 05:52:34,194 | INFO  | SCMAudit | user=jenkins1000 | ip=192.168.69.118 | op=SEND_HEARTBEAT {datanodeUUID=0c3d5d33-5004-4ad0-a181-1b32c8916f48, command=[]} | ret=SUCCESS |  
2019-08-30 05:52:34,194 [EventQueue-ContainerReportForContainerReportHandler] WARN  container.ContainerReportHandler (AbstractContainerReportHandler.java:updateContainerState(143)) - Container #1 is in OPEN state, but the datanode 0c3d5d33-5004-4ad0-a181-1b32c8916f48{ip: 192.168.69.118, host: trunk-nightly-20190830-rr75b-3244975676, networkLocation: /default-rack, certSerialId: null} reports an CLOSED replica.
2019-08-30 05:52:34,285 | INFO  | SCMAudit | user=jenkins1000 | ip=192.168.69.118 | op=SEND_HEARTBEAT {datanodeUUID=3db231e5-aa41-417a-9eb1-ebae727224a1, command=[]} | ret=SUCCESS |  
2019-08-30 05:52:34,285 [EventQueue-ContainerReportForContainerReportHandler] WARN  container.ContainerReportHandler (AbstractContainerReportHandler.java:updateContainerState(143)) - Container #1 is in OPEN state, but the datanode 3db231e5-aa41-417a-9eb1-ebae727224a1{ip: 192.168.69.118, host: trunk-nightly-20190830-rr75b-3244975676, networkLocation: /default-rack, certSerialId: null} reports an CLOSED replica.
2019-08-30 05:52:34,294 | INFO  | SCMAudit | user=jenkins1000 | ip=192.168.69.118 | op=SEND_HEARTBEAT {datanodeUUID=0c3d5d33-5004-4ad0-a181-1b32c8916f48, command=[]} | ret=SUCCESS |  
2019-08-30 05:52:34,386 | INFO  | SCMAudit | user=jenkins1000 | ip=192.168.69.118 | op=SEND_HEARTBEAT {datanodeUUID=3db231e5-aa41-417a-9eb1-ebae727224a1, command=[]} | ret=SUCCESS |  
2019-08-30 05:52:34,394 | INFO  | SCMAudit | user=jenkins1000 | ip=192.168.69.118 | op=SEND_HEARTBEAT {datanodeUUID=0c3d5d33-5004-4ad0-a181-1b32c8916f48, command=[]} | ret=SUCCESS |  
2019-08-30 05:52:34,485 | INFO  | SCMAudit | user=jenkins1000 | ip=192.168.69.118 | op=SEND_HEARTBEAT {datanodeUUID=3db231e5-aa41-417a-9eb1-ebae727224a1, command=[]} | ret=SUCCESS |  
2019-08-30 05:52:34,495 | INFO  | SCMAudit | user=jenkins1000 | ip=192.168.69.118 | op=SEND_HEARTBEAT {datanodeUUID=0c3d5d33-5004-4ad0-a181-1b32c8916f48, command=[]} | ret=SUCCESS |  
2019-08-30 05:52:34,495 [EventQueue-ContainerReportForContainerReportHandler] WARN  container.ContainerReportHandler (AbstractContainerReportHandler.java:updateContainerState(143)) - Container #1 is in OPEN state, but the datanode 0c3d5d33-5004-4ad0-a181-1b32c8916f48{ip: 192.168.69.118, host: trunk-nightly-20190830-rr75b-3244975676, networkLocation: /default-rack, certSerialId: null} reports an CLOSED replica.
2019-08-30 05:52:34,585 | INFO  | SCMAudit | user=jenkins1000 | ip=192.168.69.118 | op=SEND_HEARTBEAT {datanodeUUID=3db231e5-aa41-417a-9eb1-ebae727224a1, command=[]} | ret=SUCCESS |  
2019-08-30 05:52:34,586 [EventQueue-ContainerReportForContainerReportHandler] WARN  container.ContainerReportHandler (AbstractContainerReportHandler.java:updateContainerState(143)) - Container #1 is in OPEN state, but the datanode 3db231e5-aa41-417a-9eb1-ebae727224a1{ip: 192.168.69.118, host: trunk-nightly-20190830-rr75b-3244975676, networkLocation: /default-rack, certSerialId: null} reports an CLOSED replica.
2019-08-30 05:52:34,594 | INFO  | SCMAudit | user=jenkins1000 | ip=192.168.69.118 | op=SEND_HEARTBEAT {datanodeUUID=0c3d5d33-5004-4ad0-a181-1b32c8916f48, command=[]} | ret=SUCCESS |  
2019-08-30 05:52:34,685 | INFO  | SCMAudit | user=jenkins1000 | ip=192.168.69.118 | op=SEND_HEARTBEAT {datanodeUUID=3db231e5-aa41-417a-9eb1-ebae727224a1, command=[]} | ret=SUCCESS |  
2019-08-30 05:52:34,694 | INFO  | SCMAudit | user=jenkins1000 | ip=192.168.69.118 | op=SEND_HEARTBEAT {datanodeUUID=0c3d5d33-5004-4ad0-a181-1b32c8916f48, command=[]} | ret=SUCCESS |  
2019-08-30 05:52:34,785 | INFO  | SCMAudit | user=jenkins1000 | ip=192.168.69.118 | op=SEND_HEARTBEAT {datanodeUUID=3db231e5-aa41-417a-9eb1-ebae727224a1, command=[]} | ret=SUCCESS |  
2019-08-30 05:52:34,794 | INFO  | SCMAudit | user=jenkins1000 | ip=192.168.69.118 | op=SEND_HEARTBEAT {datanodeUUID=0c3d5d33-5004-4ad0-a181-1b32c8916f48, command=[]} | ret=SUCCESS |  
2019-08-30 05:52:34,885 | INFO  | SCMAudit | user=jenkins1000 | ip=192.168.69.118 | op=SEND_HEARTBEAT {datanodeUUID=3db231e5-aa41-417a-9eb1-ebae727224a1, command=[]} | ret=SUCCESS |  
2019-08-30 05:52:34,885 [EventQueue-ContainerReportForContainerReportHandler] WARN  container.ContainerReportHandler (AbstractContainerReportHandler.java:updateContainerState(143)) - Container #1 is in OPEN state, but the datanode 3db231e5-aa41-417a-9eb1-ebae727224a1{ip: 192.168.69.118, host: trunk-nightly-20190830-rr75b-3244975676, networkLocation: /default-rack, certSerialId: null} reports an CLOSED replica.
2019-08-30 05:52:34,894 | INFO  | SCMAudit | user=jenkins1000 | ip=192.168.69.118 | op=SEND_HEARTBEAT {datanodeUUID=0c3d5d33-5004-4ad0-a181-1b32c8916f48, command=[]} | ret=SUCCESS |  
2019-08-30 05:52:34,894 [EventQueue-ContainerReportForContainerReportHandler] WARN  container.ContainerReportHandler (AbstractContainerReportHandler.java:updateContainerState(143)) - Container #1 is in OPEN state, but the datanode 0c3d5d33-5004-4ad0-a181-1b32c8916f48{ip: 192.168.69.118, host: trunk-nightly-20190830-rr75b-3244975676, networkLocation: /default-rack, certSerialId: null} reports an CLOSED replica.
2019-08-30 05:52:34,960 [BlockDeletingService#2] WARN  background.BlockDeletingService (BlockDeletingService.java:isDeletionAllowed(186)) - Close Container log Index 6 is not replicated across allthe servers in the pipeline 1239619d-f8f3-45fb-8433-f96d3aac4001 as the min replicated index is 4. Deletion is not allowed in this container yet.
2019-08-30 05:52:34,961 [BlockDeletingService#6] WARN  background.BlockDeletingService (BlockDeletingService.java:isDeletionAllowed(186)) - Close Container log Index 6 is not replicated across allthe servers in the pipeline 1239619d-f8f3-45fb-8433-f96d3aac4001 as the min replicated index is 4. Deletion is not allowed in this container yet.
2019-08-30 05:52:34,986 | INFO  | SCMAudit | user=jenkins1000 | ip=192.168.69.118 | op=SEND_HEARTBEAT {datanodeUUID=3db231e5-aa41-417a-9eb1-ebae727224a1, command=[]} | ret=SUCCESS |  
2019-08-30 05:52:34,994 | INFO  | SCMAudit | user=jenkins1000 | ip=192.168.69.118 | op=SEND_HEARTBEAT {datanodeUUID=0c3d5d33-5004-4ad0-a181-1b32c8916f48, command=[]} | ret=SUCCESS |  
2019-08-30 05:52:35,085 | INFO  | SCMAudit | user=jenkins1000 | ip=192.168.69.118 | op=SEND_HEARTBEAT {datanodeUUID=3db231e5-aa41-417a-9eb1-ebae727224a1, command=[]} | ret=SUCCESS |  
2019-08-30 05:52:35,094 | INFO  | SCMAudit | user=jenkins1000 | ip=192.168.69.118 | op=SEND_HEARTBEAT {datanodeUUID=0c3d5d33-5004-4ad0-a181-1b32c8916f48, command=[]} | ret=SUCCESS |  
2019-08-30 05:52:35,185 | INFO  | SCMAudit | user=jenkins1000 | ip=192.168.69.118 | op=SEND_HEARTBEAT {datanodeUUID=3db231e5-aa41-417a-9eb1-ebae727224a1, command=[]} | ret=SUCCESS |  
2019-08-30 05:52:35,186 [EventQueue-ContainerReportForContainerReportHandler] WARN  container.ContainerReportHandler (AbstractContainerReportHandler.java:updateContainerState(143)) - Container #1 is in OPEN state, but the datanode 3db231e5-aa41-417a-9eb1-ebae727224a1{ip: 192.168.69.118, host: trunk-nightly-20190830-rr75b-3244975676, networkLocation: /default-rack, certSerialId: null} reports an CLOSED replica.
2019-08-30 05:52:35,195 | INFO  | SCMAudit | user=jenkins1000 | ip=192.168.69.118 | op=SEND_HEARTBEAT {datanodeUUID=0c3d5d33-5004-4ad0-a181-1b32c8916f48, command=[]} | ret=SUCCESS |  
2019-08-30 05:52:35,286 | INFO  | SCMAudit | user=jenkins1000 | ip=192.168.69.118 | op=SEND_HEARTBEAT {datanodeUUID=3db231e5-aa41-417a-9eb1-ebae727224a1, command=[]} | ret=SUCCESS |  
2019-08-30 05:52:35,294 | INFO  | SCMAudit | user=jenkins1000 | ip=192.168.69.118 | op=SEND_HEARTBEAT {datanodeUUID=0c3d5d33-5004-4ad0-a181-1b32c8916f48, command=[]} | ret=SUCCESS |  
2019-08-30 05:52:35,294 [EventQueue-ContainerReportForContainerReportHandler] WARN  container.ContainerReportHandler (AbstractContainerReportHandler.java:updateContainerState(143)) - Container #1 is in OPEN state, but the datanode 0c3d5d33-5004-4ad0-a181-1b32c8916f48{ip: 192.168.69.118, host: trunk-nightly-20190830-rr75b-3244975676, networkLocation: /default-rack, certSerialId: null} reports an CLOSED replica.
2019-08-30 05:52:35,386 | INFO  | SCMAudit | user=jenkins1000 | ip=192.168.69.118 | op=SEND_HEARTBEAT {datanodeUUID=3db231e5-aa41-417a-9eb1-ebae727224a1, command=[]} | ret=SUCCESS |  
2019-08-30 05:52:35,394 | INFO  | SCMAudit | user=jenkins1000 | ip=192.168.69.118 | op=SEND_HEARTBEAT {datanodeUUID=0c3d5d33-5004-4ad0-a181-1b32c8916f48, command=[]} | ret=SUCCESS |  
2019-08-30 05:52:35,487 | INFO  | SCMAudit | user=jenkins1000 | ip=192.168.69.118 | op=SEND_HEARTBEAT {datanodeUUID=3db231e5-aa41-417a-9eb1-ebae727224a1, command=[]} | ret=SUCCESS |  
2019-08-30 05:52:35,494 | INFO  | SCMAudit | user=jenkins1000 | ip=192.168.69.118 | op=SEND_HEARTBEAT {datanodeUUID=0c3d5d33-5004-4ad0-a181-1b32c8916f48, command=[]} | ret=SUCCESS |  
2019-08-30 05:52:35,494 [EventQueue-ContainerReportForContainerReportHandler] WARN  container.ContainerReportHandler (AbstractContainerReportHandler.java:updateContainerState(143)) - Container #1 is in OPEN state, but the datanode 0c3d5d33-5004-4ad0-a181-1b32c8916f48{ip: 192.168.69.118, host: trunk-nightly-20190830-rr75b-3244975676, networkLocation: /default-rack, certSerialId: null} reports an CLOSED replica.
2019-08-30 05:52:35,587 | INFO  | SCMAudit | user=jenkins1000 | ip=192.168.69.118 | op=SEND_HEARTBEAT {datanodeUUID=3db231e5-aa41-417a-9eb1-ebae727224a1, command=[]} | ret=SUCCESS |  
2019-08-30 05:52:35,587 [EventQueue-ContainerReportForContainerReportHandler] WARN  container.ContainerReportHandler (AbstractContainerReportHandler.java:updateContainerState(143)) - Container #1 is in OPEN state, but the datanode 3db231e5-aa41-417a-9eb1-ebae727224a1{ip: 192.168.69.118, host: trunk-nightly-20190830-rr75b-3244975676, networkLocation: /default-rack, certSerialId: null} reports an CLOSED replica.
2019-08-30 05:52:35,594 | INFO  | SCMAudit | user=jenkins1000 | ip=192.168.69.118 | op=SEND_HEARTBEAT {datanodeUUID=0c3d5d33-5004-4ad0-a181-1b32c8916f48, command=[]} | ret=SUCCESS |  
2019-08-30 05:52:35,687 | INFO  | SCMAudit | user=jenkins1000 | ip=192.168.69.118 | op=SEND_HEARTBEAT {datanodeUUID=3db231e5-aa41-417a-9eb1-ebae727224a1, command=[]} | ret=SUCCESS |  
2019-08-30 05:52:35,695 | INFO  | SCMAudit | user=jenkins1000 | ip=192.168.69.118 | op=SEND_HEARTBEAT {datanodeUUID=0c3d5d33-5004-4ad0-a181-1b32c8916f48, command=[]} | ret=SUCCESS |  
2019-08-30 05:52:35,787 | INFO  | SCMAudit | user=jenkins1000 | ip=192.168.69.118 | op=SEND_HEARTBEAT {datanodeUUID=3db231e5-aa41-417a-9eb1-ebae727224a1, command=[]} | ret=SUCCESS |  
2019-08-30 05:52:35,795 | INFO  | SCMAudit | user=jenkins1000 | ip=192.168.69.118 | op=SEND_HEARTBEAT {datanodeUUID=0c3d5d33-5004-4ad0-a181-1b32c8916f48, command=[]} | ret=SUCCESS |  
2019-08-30 05:52:35,887 | INFO  | SCMAudit | user=jenkins1000 | ip=192.168.69.118 | op=SEND_HEARTBEAT {datanodeUUID=3db231e5-aa41-417a-9eb1-ebae727224a1, command=[]} | ret=SUCCESS |  
2019-08-30 05:52:35,895 | INFO  | SCMAudit | user=jenkins1000 | ip=192.168.69.118 | op=SEND_HEARTBEAT {datanodeUUID=0c3d5d33-5004-4ad0-a181-1b32c8916f48, command=[]} | ret=SUCCESS |  
2019-08-30 05:52:35,895 [EventQueue-ContainerReportForContainerReportHandler] WARN  container.ContainerReportHandler (AbstractContainerReportHandler.java:updateContainerState(143)) - Container #1 is in OPEN state, but the datanode 0c3d5d33-5004-4ad0-a181-1b32c8916f48{ip: 192.168.69.118, host: trunk-nightly-20190830-rr75b-3244975676, networkLocation: /default-rack, certSerialId: null} reports an CLOSED replica.
2019-08-30 05:52:35,962 [BlockDeletingService#2] WARN  background.BlockDeletingService (BlockDeletingService.java:isDeletionAllowed(186)) - Close Container log Index 6 is not replicated across allthe servers in the pipeline 1239619d-f8f3-45fb-8433-f96d3aac4001 as the min replicated index is 4. Deletion is not allowed in this container yet.
2019-08-30 05:52:35,963 [BlockDeletingService#6] WARN  background.BlockDeletingService (BlockDeletingService.java:isDeletionAllowed(186)) - Close Container log Index 6 is not replicated across allthe servers in the pipeline 1239619d-f8f3-45fb-8433-f96d3aac4001 as the min replicated index is 4. Deletion is not allowed in this container yet.
2019-08-30 05:52:35,987 | INFO  | SCMAudit | user=jenkins1000 | ip=192.168.69.118 | op=SEND_HEARTBEAT {datanodeUUID=3db231e5-aa41-417a-9eb1-ebae727224a1, command=[]} | ret=SUCCESS |  
2019-08-30 05:52:35,987 [EventQueue-ContainerReportForContainerReportHandler] WARN  container.ContainerReportHandler (AbstractContainerReportHandler.java:updateContainerState(143)) - Container #1 is in OPEN state, but the datanode 3db231e5-aa41-417a-9eb1-ebae727224a1{ip: 192.168.69.118, host: trunk-nightly-20190830-rr75b-3244975676, networkLocation: /default-rack, certSerialId: null} reports an CLOSED replica.
2019-08-30 05:52:35,995 | INFO  | SCMAudit | user=jenkins1000 | ip=192.168.69.118 | op=SEND_HEARTBEAT {datanodeUUID=0c3d5d33-5004-4ad0-a181-1b32c8916f48, command=[]} | ret=SUCCESS |  
2019-08-30 05:52:36,008 [grpc-default-executor-0] WARN  server.GrpcLogAppender (LogUtils.java:warn(134)) - 0c3d5d33-5004-4ad0-a181-1b32c8916f48->39b5c586-5c16-4d91-b521-ddac34f0fc4c: Failed appendEntries: org.apache.ratis.thirdparty.io.grpc.StatusRuntimeException: UNAVAILABLE: io exception
2019-08-30 05:52:36,009 [grpc-default-executor-0] INFO  impl.FollowerInfo (FollowerInfo.java:lambda$new$0(50)) - 0c3d5d33-5004-4ad0-a181-1b32c8916f48->39b5c586-5c16-4d91-b521-ddac34f0fc4c: nextIndex: updateUnconditionally 0 -> 0
2019-08-30 05:52:36,087 | INFO  | SCMAudit | user=jenkins1000 | ip=192.168.69.118 | op=SEND_HEARTBEAT {datanodeUUID=3db231e5-aa41-417a-9eb1-ebae727224a1, command=[]} | ret=SUCCESS |  
2019-08-30 05:52:36,095 | INFO  | SCMAudit | user=jenkins1000 | ip=192.168.69.118 | op=SEND_HEARTBEAT {datanodeUUID=0c3d5d33-5004-4ad0-a181-1b32c8916f48, command=[]} | ret=SUCCESS |  
2019-08-30 05:52:36,188 | INFO  | SCMAudit | user=jenkins1000 | ip=192.168.69.118 | op=SEND_HEARTBEAT {datanodeUUID=3db231e5-aa41-417a-9eb1-ebae727224a1, command=[]} | ret=SUCCESS |  
2019-08-30 05:52:36,188 [EventQueue-ContainerReportForContainerReportHandler] WARN  container.ContainerReportHandler (AbstractContainerReportHandler.java:updateContainerState(143)) - Container #1 is in OPEN state, but the datanode 3db231e5-aa41-417a-9eb1-ebae727224a1{ip: 192.168.69.118, host: trunk-nightly-20190830-rr75b-3244975676, networkLocation: /default-rack, certSerialId: null} reports an CLOSED replica.
2019-08-30 05:52:36,195 | INFO  | SCMAudit | user=jenkins1000 | ip=192.168.69.118 | op=SEND_HEARTBEAT {datanodeUUID=0c3d5d33-5004-4ad0-a181-1b32c8916f48, command=[]} | ret=SUCCESS |  
2019-08-30 05:52:36,196 [EventQueue-ContainerReportForContainerReportHandler] WARN  container.ContainerReportHandler (AbstractContainerReportHandler.java:updateContainerState(143)) - Container #1 is in OPEN state, but the datanode 0c3d5d33-5004-4ad0-a181-1b32c8916f48{ip: 192.168.69.118, host: trunk-nightly-20190830-rr75b-3244975676, networkLocation: /default-rack, certSerialId: null} reports an CLOSED replica.
2019-08-30 05:52:36,288 | INFO  | SCMAudit | user=jenkins1000 | ip=192.168.69.118 | op=SEND_HEARTBEAT {datanodeUUID=3db231e5-aa41-417a-9eb1-ebae727224a1, command=[]} | ret=SUCCESS |  
2019-08-30 05:52:36,296 | INFO  | SCMAudit | user=jenkins1000 | ip=192.168.69.118 | op=SEND_HEARTBEAT {datanodeUUID=0c3d5d33-5004-4ad0-a181-1b32c8916f48, command=[]} | ret=SUCCESS |  
2019-08-30 05:52:36,387 | INFO  | SCMAudit | user=jenkins1000 | ip=192.168.69.118 | op=SEND_HEARTBEAT {datanodeUUID=3db231e5-aa41-417a-9eb1-ebae727224a1, command=[]} | ret=SUCCESS |  
2019-08-30 05:52:36,387 [EventQueue-ContainerReportForContainerReportHandler] WARN  container.ContainerReportHandler (AbstractContainerReportHandler.java:updateContainerState(143)) - Container #1 is in OPEN state, but the datanode 3db231e5-aa41-417a-9eb1-ebae727224a1{ip: 192.168.69.118, host: trunk-nightly-20190830-rr75b-3244975676, networkLocation: /default-rack, certSerialId: null} reports an CLOSED replica.
2019-08-30 05:52:36,396 | INFO  | SCMAudit | user=jenkins1000 | ip=192.168.69.118 | op=SEND_HEARTBEAT {datanodeUUID=0c3d5d33-5004-4ad0-a181-1b32c8916f48, command=[]} | ret=SUCCESS |  
2019-08-30 05:52:36,396 [EventQueue-ContainerReportForContainerReportHandler] WARN  container.ContainerReportHandler (AbstractContainerReportHandler.java:updateContainerState(143)) - Container #1 is in OPEN state, but the datanode 0c3d5d33-5004-4ad0-a181-1b32c8916f48{ip: 192.168.69.118, host: trunk-nightly-20190830-rr75b-3244975676, networkLocation: /default-rack, certSerialId: null} reports an CLOSED replica.
2019-08-30 05:52:36,487 | INFO  | SCMAudit | user=jenkins1000 | ip=192.168.69.118 | op=SEND_HEARTBEAT {datanodeUUID=3db231e5-aa41-417a-9eb1-ebae727224a1, command=[]} | ret=SUCCESS |  
2019-08-30 05:52:36,496 | INFO  | SCMAudit | user=jenkins1000 | ip=192.168.69.118 | op=SEND_HEARTBEAT {datanodeUUID=0c3d5d33-5004-4ad0-a181-1b32c8916f48, command=[]} | ret=SUCCESS |  
2019-08-30 05:52:36,587 | INFO  | SCMAudit | user=jenkins1000 | ip=192.168.69.118 | op=SEND_HEARTBEAT {datanodeUUID=3db231e5-aa41-417a-9eb1-ebae727224a1, command=[]} | ret=SUCCESS |  
2019-08-30 05:52:36,596 | INFO  | SCMAudit | user=jenkins1000 | ip=192.168.69.118 | op=SEND_HEARTBEAT {datanodeUUID=0c3d5d33-5004-4ad0-a181-1b32c8916f48, command=[]} | ret=SUCCESS |  
2019-08-30 05:52:36,688 | INFO  | SCMAudit | user=jenkins1000 | ip=192.168.69.118 | op=SEND_HEARTBEAT {datanodeUUID=3db231e5-aa41-417a-9eb1-ebae727224a1, command=[]} | ret=SUCCESS |  
2019-08-30 05:52:36,696 | INFO  | SCMAudit | user=jenkins1000 | ip=192.168.69.118 | op=SEND_HEARTBEAT {datanodeUUID=0c3d5d33-5004-4ad0-a181-1b32c8916f48, command=[]} | ret=SUCCESS |  
2019-08-30 05:52:36,788 | INFO  | SCMAudit | user=jenkins1000 | ip=192.168.69.118 | op=SEND_HEARTBEAT {datanodeUUID=3db231e5-aa41-417a-9eb1-ebae727224a1, command=[]} | ret=SUCCESS |  
2019-08-30 05:52:36,788 [EventQueue-ContainerReportForContainerReportHandler] WARN  container.ContainerReportHandler (AbstractContainerReportHandler.java:updateContainerState(143)) - Container #1 is in OPEN state, but the datanode 3db231e5-aa41-417a-9eb1-ebae727224a1{ip: 192.168.69.118, host: trunk-nightly-20190830-rr75b-3244975676, networkLocation: /default-rack, certSerialId: null} reports an CLOSED replica.
2019-08-30 05:52:36,797 | INFO  | SCMAudit | user=jenkins1000 | ip=192.168.69.118 | op=SEND_HEARTBEAT {datanodeUUID=0c3d5d33-5004-4ad0-a181-1b32c8916f48, command=[]} | ret=SUCCESS |  
2019-08-30 05:52:36,797 [EventQueue-ContainerReportForContainerReportHandler] WARN  container.ContainerReportHandler (AbstractContainerReportHandler.java:updateContainerState(143)) - Container #1 is in OPEN state, but the datanode 0c3d5d33-5004-4ad0-a181-1b32c8916f48{ip: 192.168.69.118, host: trunk-nightly-20190830-rr75b-3244975676, networkLocation: /default-rack, certSerialId: null} reports an CLOSED replica.
2019-08-30 05:52:36,888 | INFO  | SCMAudit | user=jenkins1000 | ip=192.168.69.118 | op=SEND_HEARTBEAT {datanodeUUID=3db231e5-aa41-417a-9eb1-ebae727224a1, command=[]} | ret=SUCCESS |  
2019-08-30 05:52:36,897 | INFO  | SCMAudit | user=jenkins1000 | ip=192.168.69.118 | op=SEND_HEARTBEAT {datanodeUUID=0c3d5d33-5004-4ad0-a181-1b32c8916f48, command=[]} | ret=SUCCESS |  
2019-08-30 05:52:36,964 [BlockDeletingService#2] WARN  background.BlockDeletingService (BlockDeletingService.java:isDeletionAllowed(186)) - Close Container log Index 6 is not replicated across allthe servers in the pipeline 1239619d-f8f3-45fb-8433-f96d3aac4001 as the min replicated index is 4. Deletion is not allowed in this container yet.
2019-08-30 05:52:36,964 [BlockDeletingService#6] WARN  background.BlockDeletingService (BlockDeletingService.java:isDeletionAllowed(186)) - Close Container log Index 6 is not replicated across allthe servers in the pipeline 1239619d-f8f3-45fb-8433-f96d3aac4001 as the min replicated index is 4. Deletion is not allowed in this container yet.
2019-08-30 05:52:36,989 | INFO  | SCMAudit | user=jenkins1000 | ip=192.168.69.118 | op=SEND_HEARTBEAT {datanodeUUID=3db231e5-aa41-417a-9eb1-ebae727224a1, command=[]} | ret=SUCCESS |  
2019-08-30 05:52:36,989 [EventQueue-ContainerReportForContainerReportHandler] WARN  container.ContainerReportHandler (AbstractContainerReportHandler.java:updateContainerState(143)) - Container #1 is in OPEN state, but the datanode 3db231e5-aa41-417a-9eb1-ebae727224a1{ip: 192.168.69.118, host: trunk-nightly-20190830-rr75b-3244975676, networkLocation: /default-rack, certSerialId: null} reports an CLOSED replica.
2019-08-30 05:52:36,997 | INFO  | SCMAudit | user=jenkins1000 | ip=192.168.69.118 | op=SEND_HEARTBEAT {datanodeUUID=0c3d5d33-5004-4ad0-a181-1b32c8916f48, command=[]} | ret=SUCCESS |  
2019-08-30 05:52:36,997 [EventQueue-ContainerReportForContainerReportHandler] WARN  container.ContainerReportHandler (AbstractContainerReportHandler.java:updateContainerState(143)) - Container #1 is in OPEN state, but the datanode 0c3d5d33-5004-4ad0-a181-1b32c8916f48{ip: 192.168.69.118, host: trunk-nightly-20190830-rr75b-3244975676, networkLocation: /default-rack, certSerialId: null} reports an CLOSED replica.
2019-08-30 05:52:37,088 | INFO  | SCMAudit | user=jenkins1000 | ip=192.168.69.118 | op=SEND_HEARTBEAT {datanodeUUID=3db231e5-aa41-417a-9eb1-ebae727224a1, command=[]} | ret=SUCCESS |  
2019-08-30 05:52:37,097 | INFO  | SCMAudit | user=jenkins1000 | ip=192.168.69.118 | op=SEND_HEARTBEAT {datanodeUUID=0c3d5d33-5004-4ad0-a181-1b32c8916f48, command=[]} | ret=SUCCESS |  
2019-08-30 05:52:37,188 | INFO  | SCMAudit | user=jenkins1000 | ip=192.168.69.118 | op=SEND_HEARTBEAT {datanodeUUID=3db231e5-aa41-417a-9eb1-ebae727224a1, command=[]} | ret=SUCCESS |  
2019-08-30 05:52:37,188 [EventQueue-ContainerReportForContainerReportHandler] WARN  container.ContainerReportHandler (AbstractContainerReportHandler.java:updateContainerState(143)) - Container #1 is in OPEN state, but the datanode 3db231e5-aa41-417a-9eb1-ebae727224a1{ip: 192.168.69.118, host: trunk-nightly-20190830-rr75b-3244975676, networkLocation: /default-rack, certSerialId: null} reports an CLOSED replica.
2019-08-30 05:52:37,198 | INFO  | SCMAudit | user=jenkins1000 | ip=192.168.69.118 | op=SEND_HEARTBEAT {datanodeUUID=0c3d5d33-5004-4ad0-a181-1b32c8916f48, command=[]} | ret=SUCCESS |  
2019-08-30 05:52:37,288 | INFO  | SCMAudit | user=jenkins1000 | ip=192.168.69.118 | op=SEND_HEARTBEAT {datanodeUUID=3db231e5-aa41-417a-9eb1-ebae727224a1, command=[]} | ret=SUCCESS |  
2019-08-30 05:52:37,297 | INFO  | SCMAudit | user=jenkins1000 | ip=192.168.69.118 | op=SEND_HEARTBEAT {datanodeUUID=0c3d5d33-5004-4ad0-a181-1b32c8916f48, command=[]} | ret=SUCCESS |  
2019-08-30 05:52:37,389 | INFO  | SCMAudit | user=jenkins1000 | ip=192.168.69.118 | op=SEND_HEARTBEAT {datanodeUUID=3db231e5-aa41-417a-9eb1-ebae727224a1, command=[]} | ret=SUCCESS |  
2019-08-30 05:52:37,397 | INFO  | SCMAudit | user=jenkins1000 | ip=192.168.69.118 | op=SEND_HEARTBEAT {datanodeUUID=0c3d5d33-5004-4ad0-a181-1b32c8916f48, command=[]} | ret=SUCCESS |  
2019-08-30 05:52:37,397 [EventQueue-ContainerReportForContainerReportHandler] WARN  container.ContainerReportHandler (AbstractContainerReportHandler.java:updateContainerState(143)) - Container #1 is in OPEN state, but the datanode 0c3d5d33-5004-4ad0-a181-1b32c8916f48{ip: 192.168.69.118, host: trunk-nightly-20190830-rr75b-3244975676, networkLocation: /default-rack, certSerialId: null} reports an CLOSED replica.
2019-08-30 05:52:37,489 | INFO  | SCMAudit | user=jenkins1000 | ip=192.168.69.118 | op=SEND_HEARTBEAT {datanodeUUID=3db231e5-aa41-417a-9eb1-ebae727224a1, command=[]} | ret=SUCCESS |  
2019-08-30 05:52:37,490 [EventQueue-ContainerReportForContainerReportHandler] WARN  container.ContainerReportHandler (AbstractContainerReportHandler.java:updateContainerState(143)) - Container #1 is in OPEN state, but the datanode 3db231e5-aa41-417a-9eb1-ebae727224a1{ip: 192.168.69.118, host: trunk-nightly-20190830-rr75b-3244975676, networkLocation: /default-rack, certSerialId: null} reports an CLOSED replica.
2019-08-30 05:52:37,497 | INFO  | SCMAudit | user=jenkins1000 | ip=192.168.69.118 | op=SEND_HEARTBEAT {datanodeUUID=0c3d5d33-5004-4ad0-a181-1b32c8916f48, command=[]} | ret=SUCCESS |  
2019-08-30 05:52:37,589 | INFO  | SCMAudit | user=jenkins1000 | ip=192.168.69.118 | op=SEND_HEARTBEAT {datanodeUUID=3db231e5-aa41-417a-9eb1-ebae727224a1, command=[]} | ret=SUCCESS |  
2019-08-30 05:52:37,598 | INFO  | SCMAudit | user=jenkins1000 | ip=192.168.69.118 | op=SEND_HEARTBEAT {datanodeUUID=0c3d5d33-5004-4ad0-a181-1b32c8916f48, command=[]} | ret=SUCCESS |  
2019-08-30 05:52:37,690 | INFO  | SCMAudit | user=jenkins1000 | ip=192.168.69.118 | op=SEND_HEARTBEAT {datanodeUUID=3db231e5-aa41-417a-9eb1-ebae727224a1, command=[]} | ret=SUCCESS |  
2019-08-30 05:52:37,698 | INFO  | SCMAudit | user=jenkins1000 | ip=192.168.69.118 | op=SEND_HEARTBEAT {datanodeUUID=0c3d5d33-5004-4ad0-a181-1b32c8916f48, command=[]} | ret=SUCCESS |  
2019-08-30 05:52:37,698 [EventQueue-ContainerReportForContainerReportHandler] WARN  container.ContainerReportHandler (AbstractContainerReportHandler.java:updateContainerState(143)) - Container #1 is in OPEN state, but the datanode 0c3d5d33-5004-4ad0-a181-1b32c8916f48{ip: 192.168.69.118, host: trunk-nightly-20190830-rr75b-3244975676, networkLocation: /default-rack, certSerialId: null} reports an CLOSED replica.
2019-08-30 05:52:37,789 | INFO  | SCMAudit | user=jenkins1000 | ip=192.168.69.118 | op=SEND_HEARTBEAT {datanodeUUID=3db231e5-aa41-417a-9eb1-ebae727224a1, command=[]} | ret=SUCCESS |  
2019-08-30 05:52:37,789 [EventQueue-ContainerReportForContainerReportHandler] WARN  container.ContainerReportHandler (AbstractContainerReportHandler.java:updateContainerState(143)) - Container #1 is in OPEN state, but the datanode 3db231e5-aa41-417a-9eb1-ebae727224a1{ip: 192.168.69.118, host: trunk-nightly-20190830-rr75b-3244975676, networkLocation: /default-rack, certSerialId: null} reports an CLOSED replica.
2019-08-30 05:52:37,797 | INFO  | SCMAudit | user=jenkins1000 | ip=192.168.69.118 | op=SEND_HEARTBEAT {datanodeUUID=0c3d5d33-5004-4ad0-a181-1b32c8916f48, command=[]} | ret=SUCCESS |  
2019-08-30 05:52:37,889 | INFO  | SCMAudit | user=jenkins1000 | ip=192.168.69.118 | op=SEND_HEARTBEAT {datanodeUUID=3db231e5-aa41-417a-9eb1-ebae727224a1, command=[]} | ret=SUCCESS |  
2019-08-30 05:52:37,897 | INFO  | SCMAudit | user=jenkins1000 | ip=192.168.69.118 | op=SEND_HEARTBEAT {datanodeUUID=0c3d5d33-5004-4ad0-a181-1b32c8916f48, command=[]} | ret=SUCCESS |  
2019-08-30 05:52:37,966 [BlockDeletingService#2] WARN  background.BlockDeletingService (BlockDeletingService.java:isDeletionAllowed(186)) - Close Container log Index 6 is not replicated across allthe servers in the pipeline 1239619d-f8f3-45fb-8433-f96d3aac4001 as the min replicated index is 4. Deletion is not allowed in this container yet.
2019-08-30 05:52:37,966 [BlockDeletingService#6] WARN  background.BlockDeletingService (BlockDeletingService.java:isDeletionAllowed(186)) - Close Container log Index 6 is not replicated across allthe servers in the pipeline 1239619d-f8f3-45fb-8433-f96d3aac4001 as the min replicated index is 4. Deletion is not allowed in this container yet.
2019-08-30 05:52:37,990 | INFO  | SCMAudit | user=jenkins1000 | ip=192.168.69.118 | op=SEND_HEARTBEAT {datanodeUUID=3db231e5-aa41-417a-9eb1-ebae727224a1, command=[]} | ret=SUCCESS |  
2019-08-30 05:52:37,997 | INFO  | SCMAudit | user=jenkins1000 | ip=192.168.69.118 | op=SEND_HEARTBEAT {datanodeUUID=0c3d5d33-5004-4ad0-a181-1b32c8916f48, command=[]} | ret=SUCCESS |  
2019-08-30 05:52:37,998 [EventQueue-ContainerReportForContainerReportHandler] WARN  container.ContainerReportHandler (AbstractContainerReportHandler.java:updateContainerState(143)) - Container #1 is in OPEN state, but the datanode 0c3d5d33-5004-4ad0-a181-1b32c8916f48{ip: 192.168.69.118, host: trunk-nightly-20190830-rr75b-3244975676, networkLocation: /default-rack, certSerialId: null} reports an CLOSED replica.
2019-08-30 05:52:38,090 | INFO  | SCMAudit | user=jenkins1000 | ip=192.168.69.118 | op=SEND_HEARTBEAT {datanodeUUID=3db231e5-aa41-417a-9eb1-ebae727224a1, command=[]} | ret=SUCCESS |  
2019-08-30 05:52:38,090 [EventQueue-ContainerReportForContainerReportHandler] WARN  container.ContainerReportHandler (AbstractContainerReportHandler.java:updateContainerState(143)) - Container #1 is in OPEN state, but the datanode 3db231e5-aa41-417a-9eb1-ebae727224a1{ip: 192.168.69.118, host: trunk-nightly-20190830-rr75b-3244975676, networkLocation: /default-rack, certSerialId: null} reports an CLOSED replica.
2019-08-30 05:52:38,098 | INFO  | SCMAudit | user=jenkins1000 | ip=192.168.69.118 | op=SEND_HEARTBEAT {datanodeUUID=0c3d5d33-5004-4ad0-a181-1b32c8916f48, command=[]} | ret=SUCCESS |  
2019-08-30 05:52:38,190 | INFO  | SCMAudit | user=jenkins1000 | ip=192.168.69.118 | op=SEND_HEARTBEAT {datanodeUUID=3db231e5-aa41-417a-9eb1-ebae727224a1, command=[]} | ret=SUCCESS |  
2019-08-30 05:52:38,198 | INFO  | SCMAudit | user=jenkins1000 | ip=192.168.69.118 | op=SEND_HEARTBEAT {datanodeUUID=0c3d5d33-5004-4ad0-a181-1b32c8916f48, command=[]} | ret=SUCCESS |  
2019-08-30 05:52:38,291 | INFO  | SCMAudit | user=jenkins1000 | ip=192.168.69.118 | op=SEND_HEARTBEAT {datanodeUUID=3db231e5-aa41-417a-9eb1-ebae727224a1, command=[]} | ret=SUCCESS |  
2019-08-30 05:52:38,291 [EventQueue-ContainerReportForContainerReportHandler] WARN  container.ContainerReportHandler (AbstractContainerReportHandler.java:updateContainerState(143)) - Container #1 is in OPEN state, but the datanode 3db231e5-aa41-417a-9eb1-ebae727224a1{ip: 192.168.69.118, host: trunk-nightly-20190830-rr75b-3244975676, networkLocation: /default-rack, certSerialId: null} reports an CLOSED replica.
2019-08-30 05:52:38,298 | INFO  | SCMAudit | user=jenkins1000 | ip=192.168.69.118 | op=SEND_HEARTBEAT {datanodeUUID=0c3d5d33-5004-4ad0-a181-1b32c8916f48, command=[]} | ret=SUCCESS |  
2019-08-30 05:52:38,298 [EventQueue-ContainerReportForContainerReportHandler] WARN  container.ContainerReportHandler (AbstractContainerReportHandler.java:updateContainerState(143)) - Container #1 is in OPEN state, but the datanode 0c3d5d33-5004-4ad0-a181-1b32c8916f48{ip: 192.168.69.118, host: trunk-nightly-20190830-rr75b-3244975676, networkLocation: /default-rack, certSerialId: null} reports an CLOSED replica.
2019-08-30 05:52:38,391 | INFO  | SCMAudit | user=jenkins1000 | ip=192.168.69.118 | op=SEND_HEARTBEAT {datanodeUUID=3db231e5-aa41-417a-9eb1-ebae727224a1, command=[]} | ret=SUCCESS |  
2019-08-30 05:52:38,398 | INFO  | SCMAudit | user=jenkins1000 | ip=192.168.69.118 | op=SEND_HEARTBEAT {datanodeUUID=0c3d5d33-5004-4ad0-a181-1b32c8916f48, command=[]} | ret=SUCCESS |  
2019-08-30 05:52:38,491 | INFO  | SCMAudit | user=jenkins1000 | ip=192.168.69.118 | op=SEND_HEARTBEAT {datanodeUUID=3db231e5-aa41-417a-9eb1-ebae727224a1, command=[]} | ret=SUCCESS |  
2019-08-30 05:52:38,498 | INFO  | SCMAudit | user=jenkins1000 | ip=192.168.69.118 | op=SEND_HEARTBEAT {datanodeUUID=0c3d5d33-5004-4ad0-a181-1b32c8916f48, command=[]} | ret=SUCCESS |  
2019-08-30 05:52:38,498 [grpc-default-executor-1] WARN  server.GrpcLogAppender (LogUtils.java:warn(134)) - 0c3d5d33-5004-4ad0-a181-1b32c8916f48->39b5c586-5c16-4d91-b521-ddac34f0fc4c: Failed appendEntries: org.apache.ratis.thirdparty.io.grpc.StatusRuntimeException: UNAVAILABLE: io exception
2019-08-30 05:52:38,501 [grpc-default-executor-1] INFO  impl.FollowerInfo (FollowerInfo.java:lambda$new$0(50)) - 0c3d5d33-5004-4ad0-a181-1b32c8916f48->39b5c586-5c16-4d91-b521-ddac34f0fc4c: nextIndex: updateUnconditionally 0 -> 0
2019-08-30 05:52:38,592 | INFO  | SCMAudit | user=jenkins1000 | ip=192.168.69.118 | op=SEND_HEARTBEAT {datanodeUUID=3db231e5-aa41-417a-9eb1-ebae727224a1, command=[]} | ret=SUCCESS |  
2019-08-30 05:52:38,592 [EventQueue-ContainerReportForContainerReportHandler] WARN  container.ContainerReportHandler (AbstractContainerReportHandler.java:updateContainerState(143)) - Container #1 is in OPEN state, but the datanode 3db231e5-aa41-417a-9eb1-ebae727224a1{ip: 192.168.69.118, host: trunk-nightly-20190830-rr75b-3244975676, networkLocation: /default-rack, certSerialId: null} reports an CLOSED replica.
2019-08-30 05:52:38,600 | INFO  | SCMAudit | user=jenkins1000 | ip=192.168.69.118 | op=SEND_HEARTBEAT {datanodeUUID=0c3d5d33-5004-4ad0-a181-1b32c8916f48, command=[]} | ret=SUCCESS |  
2019-08-30 05:52:38,600 [EventQueue-ContainerReportForContainerReportHandler] WARN  container.ContainerReportHandler (AbstractContainerReportHandler.java:updateContainerState(143)) - Container #1 is in OPEN state, but the datanode 0c3d5d33-5004-4ad0-a181-1b32c8916f48{ip: 192.168.69.118, host: trunk-nightly-20190830-rr75b-3244975676, networkLocation: /default-rack, certSerialId: null} reports an CLOSED replica.
2019-08-30 05:52:38,691 | INFO  | SCMAudit | user=jenkins1000 | ip=192.168.69.118 | op=SEND_HEARTBEAT {datanodeUUID=3db231e5-aa41-417a-9eb1-ebae727224a1, command=[]} | ret=SUCCESS |  
2019-08-30 05:52:38,698 | INFO  | SCMAudit | user=jenkins1000 | ip=192.168.69.118 | op=SEND_HEARTBEAT {datanodeUUID=0c3d5d33-5004-4ad0-a181-1b32c8916f48, command=[]} | ret=SUCCESS |  
2019-08-30 05:52:38,791 | INFO  | SCMAudit | user=jenkins1000 | ip=192.168.69.118 | op=SEND_HEARTBEAT {datanodeUUID=3db231e5-aa41-417a-9eb1-ebae727224a1, command=[]} | ret=SUCCESS |  
2019-08-30 05:52:38,799 | INFO  | SCMAudit | user=jenkins1000 | ip=192.168.69.118 | op=SEND_HEARTBEAT {datanodeUUID=0c3d5d33-5004-4ad0-a181-1b32c8916f48, command=[]} | ret=SUCCESS |  
2019-08-30 05:52:38,891 | INFO  | SCMAudit | user=jenkins1000 | ip=192.168.69.118 | op=SEND_HEARTBEAT {datanodeUUID=3db231e5-aa41-417a-9eb1-ebae727224a1, command=[]} | ret=SUCCESS |  
2019-08-30 05:52:38,891 [EventQueue-ContainerReportForContainerReportHandler] WARN  container.ContainerReportHandler (AbstractContainerReportHandler.java:updateContainerState(143)) - Container #1 is in OPEN state, but the datanode 3db231e5-aa41-417a-9eb1-ebae727224a1{ip: 192.168.69.118, host: trunk-nightly-20190830-rr75b-3244975676, networkLocation: /default-rack, certSerialId: null} reports an CLOSED replica.
2019-08-30 05:52:38,899 | INFO  | SCMAudit | user=jenkins1000 | ip=192.168.69.118 | op=SEND_HEARTBEAT {datanodeUUID=0c3d5d33-5004-4ad0-a181-1b32c8916f48, command=[]} | ret=SUCCESS |  
2019-08-30 05:52:38,899 [EventQueue-ContainerReportForContainerReportHandler] WARN  container.ContainerReportHandler (AbstractContainerReportHandler.java:updateContainerState(143)) - Container #1 is in OPEN state, but the datanode 0c3d5d33-5004-4ad0-a181-1b32c8916f48{ip: 192.168.69.118, host: trunk-nightly-20190830-rr75b-3244975676, networkLocation: /default-rack, certSerialId: null} reports an CLOSED replica.
2019-08-30 05:52:38,968 [BlockDeletingService#2] WARN  background.BlockDeletingService (BlockDeletingService.java:isDeletionAllowed(186)) - Close Container log Index 6 is not replicated across allthe servers in the pipeline 1239619d-f8f3-45fb-8433-f96d3aac4001 as the min replicated index is 4. Deletion is not allowed in this container yet.
2019-08-30 05:52:38,968 [BlockDeletingService#6] WARN  background.BlockDeletingService (BlockDeletingService.java:isDeletionAllowed(186)) - Close Container log Index 6 is not replicated across allthe servers in the pipeline 1239619d-f8f3-45fb-8433-f96d3aac4001 as the min replicated index is 4. Deletion is not allowed in this container yet.
2019-08-30 05:52:38,991 | INFO  | SCMAudit | user=jenkins1000 | ip=192.168.69.118 | op=SEND_HEARTBEAT {datanodeUUID=3db231e5-aa41-417a-9eb1-ebae727224a1, command=[]} | ret=SUCCESS |  
2019-08-30 05:52:38,999 | INFO  | SCMAudit | user=jenkins1000 | ip=192.168.69.118 | op=SEND_HEARTBEAT {datanodeUUID=0c3d5d33-5004-4ad0-a181-1b32c8916f48, command=[]} | ret=SUCCESS |  
2019-08-30 05:52:39,091 | INFO  | SCMAudit | user=jenkins1000 | ip=192.168.69.118 | op=SEND_HEARTBEAT {datanodeUUID=3db231e5-aa41-417a-9eb1-ebae727224a1, command=[]} | ret=SUCCESS |  
2019-08-30 05:52:39,099 | INFO  | SCMAudit | user=jenkins1000 | ip=192.168.69.118 | op=SEND_HEARTBEAT {datanodeUUID=0c3d5d33-5004-4ad0-a181-1b32c8916f48, command=[]} | ret=SUCCESS |  
2019-08-30 05:52:39,191 | INFO  | SCMAudit | user=jenkins1000 | ip=192.168.69.118 | op=SEND_HEARTBEAT {datanodeUUID=3db231e5-aa41-417a-9eb1-ebae727224a1, command=[]} | ret=SUCCESS |  
2019-08-30 05:52:39,192 [EventQueue-ContainerReportForContainerReportHandler] WARN  container.ContainerReportHandler (AbstractContainerReportHandler.java:updateContainerState(143)) - Container #1 is in OPEN state, but the datanode 3db231e5-aa41-417a-9eb1-ebae727224a1{ip: 192.168.69.118, host: trunk-nightly-20190830-rr75b-3244975676, networkLocation: /default-rack, certSerialId: null} reports an CLOSED replica.
2019-08-30 05:52:39,199 | INFO  | SCMAudit | user=jenkins1000 | ip=192.168.69.118 | op=SEND_HEARTBEAT {datanodeUUID=0c3d5d33-5004-4ad0-a181-1b32c8916f48, command=[]} | ret=SUCCESS |  
2019-08-30 05:52:39,291 | INFO  | SCMAudit | user=jenkins1000 | ip=192.168.69.118 | op=SEND_HEARTBEAT {datanodeUUID=3db231e5-aa41-417a-9eb1-ebae727224a1, command=[]} | ret=SUCCESS |  
2019-08-30 05:52:39,299 | INFO  | SCMAudit | user=jenkins1000 | ip=192.168.69.118 | op=SEND_HEARTBEAT {datanodeUUID=0c3d5d33-5004-4ad0-a181-1b32c8916f48, command=[]} | ret=SUCCESS |  
2019-08-30 05:52:39,300 [EventQueue-ContainerReportForContainerReportHandler] WARN  container.ContainerReportHandler (AbstractContainerReportHandler.java:updateContainerState(143)) - Container #1 is in OPEN state, but the datanode 0c3d5d33-5004-4ad0-a181-1b32c8916f48{ip: 192.168.69.118, host: trunk-nightly-20190830-rr75b-3244975676, networkLocation: /default-rack, certSerialId: null} reports an CLOSED replica.
2019-08-30 05:52:39,392 | INFO  | SCMAudit | user=jenkins1000 | ip=192.168.69.118 | op=SEND_HEARTBEAT {datanodeUUID=3db231e5-aa41-417a-9eb1-ebae727224a1, command=[]} | ret=SUCCESS |  
2019-08-30 05:52:39,400 | INFO  | SCMAudit | user=jenkins1000 | ip=192.168.69.118 | op=SEND_HEARTBEAT {datanodeUUID=0c3d5d33-5004-4ad0-a181-1b32c8916f48, command=[]} | ret=SUCCESS |  
2019-08-30 05:52:39,492 | INFO  | SCMAudit | user=jenkins1000 | ip=192.168.69.118 | op=SEND_HEARTBEAT {datanodeUUID=3db231e5-aa41-417a-9eb1-ebae727224a1, command=[]} | ret=SUCCESS |  
2019-08-30 05:52:39,493 [EventQueue-ContainerReportForContainerReportHandler] WARN  container.ContainerReportHandler (AbstractContainerReportHandler.java:updateContainerState(143)) - Container #1 is in OPEN state, but the datanode 3db231e5-aa41-417a-9eb1-ebae727224a1{ip: 192.168.69.118, host: trunk-nightly-20190830-rr75b-3244975676, networkLocation: /default-rack, certSerialId: null} reports an CLOSED replica.
2019-08-30 05:52:39,500 | INFO  | SCMAudit | user=jenkins1000 | ip=192.168.69.118 | op=SEND_HEARTBEAT {datanodeUUID=0c3d5d33-5004-4ad0-a181-1b32c8916f48, command=[]} | ret=SUCCESS |  
2019-08-30 05:52:39,593 | INFO  | SCMAudit | user=jenkins1000 | ip=192.168.69.118 | op=SEND_HEARTBEAT {datanodeUUID=3db231e5-aa41-417a-9eb1-ebae727224a1, command=[]} | ret=SUCCESS |  
2019-08-30 05:52:39,600 | INFO  | SCMAudit | user=jenkins1000 | ip=192.168.69.118 | op=SEND_HEARTBEAT {datanodeUUID=0c3d5d33-5004-4ad0-a181-1b32c8916f48, command=[]} | ret=SUCCESS |  
2019-08-30 05:52:39,600 [EventQueue-ContainerReportForContainerReportHandler] WARN  container.ContainerReportHandler (AbstractContainerReportHandler.java:updateContainerState(143)) - Container #1 is in OPEN state, but the datanode 0c3d5d33-5004-4ad0-a181-1b32c8916f48{ip: 192.168.69.118, host: trunk-nightly-20190830-rr75b-3244975676, networkLocation: /default-rack, certSerialId: null} reports an CLOSED replica.
2019-08-30 05:52:39,692 | INFO  | SCMAudit | user=jenkins1000 | ip=192.168.69.118 | op=SEND_HEARTBEAT {datanodeUUID=3db231e5-aa41-417a-9eb1-ebae727224a1, command=[]} | ret=SUCCESS |  
2019-08-30 05:52:39,700 | INFO  | SCMAudit | user=jenkins1000 | ip=192.168.69.118 | op=SEND_HEARTBEAT {datanodeUUID=0c3d5d33-5004-4ad0-a181-1b32c8916f48, command=[]} | ret=SUCCESS |  
2019-08-30 05:52:39,792 | INFO  | SCMAudit | user=jenkins1000 | ip=192.168.69.118 | op=SEND_HEARTBEAT {datanodeUUID=3db231e5-aa41-417a-9eb1-ebae727224a1, command=[]} | ret=SUCCESS |  
2019-08-30 05:52:39,792 [EventQueue-ContainerReportForContainerReportHandler] WARN  container.ContainerReportHandler (AbstractContainerReportHandler.java:updateContainerState(143)) - Container #1 is in OPEN state, but the datanode 3db231e5-aa41-417a-9eb1-ebae727224a1{ip: 192.168.69.118, host: trunk-nightly-20190830-rr75b-3244975676, networkLocation: /default-rack, certSerialId: null} reports an CLOSED replica.
2019-08-30 05:52:39,801 | INFO  | SCMAudit | user=jenkins1000 | ip=192.168.69.118 | op=SEND_HEARTBEAT {datanodeUUID=0c3d5d33-5004-4ad0-a181-1b32c8916f48, command=[]} | ret=SUCCESS |  
2019-08-30 05:52:39,893 | INFO  | SCMAudit | user=jenkins1000 | ip=192.168.69.118 | op=SEND_HEARTBEAT {datanodeUUID=3db231e5-aa41-417a-9eb1-ebae727224a1, command=[]} | ret=SUCCESS |  
2019-08-30 05:52:39,900 | INFO  | SCMAudit | user=jenkins1000 | ip=192.168.69.118 | op=SEND_HEARTBEAT {datanodeUUID=0c3d5d33-5004-4ad0-a181-1b32c8916f48, command=[]} | ret=SUCCESS |  
2019-08-30 05:52:39,900 [EventQueue-ContainerReportForContainerReportHandler] WARN  container.ContainerReportHandler (AbstractContainerReportHandler.java:updateContainerState(143)) - Container #1 is in OPEN state, but the datanode 0c3d5d33-5004-4ad0-a181-1b32c8916f48{ip: 192.168.69.118, host: trunk-nightly-20190830-rr75b-3244975676, networkLocation: /default-rack, certSerialId: null} reports an CLOSED replica.
2019-08-30 05:52:39,969 [BlockDeletingService#2] WARN  background.BlockDeletingService (BlockDeletingService.java:isDeletionAllowed(186)) - Close Container log Index 6 is not replicated across allthe servers in the pipeline 1239619d-f8f3-45fb-8433-f96d3aac4001 as the min replicated index is 4. Deletion is not allowed in this container yet.
2019-08-30 05:52:39,970 [BlockDeletingService#6] WARN  background.BlockDeletingService (BlockDeletingService.java:isDeletionAllowed(186)) - Close Container log Index 6 is not replicated across allthe servers in the pipeline 1239619d-f8f3-45fb-8433-f96d3aac4001 as the min replicated index is 4. Deletion is not allowed in this container yet.
2019-08-30 05:52:39,992 | INFO  | SCMAudit | user=jenkins1000 | ip=192.168.69.118 | op=SEND_HEARTBEAT {datanodeUUID=3db231e5-aa41-417a-9eb1-ebae727224a1, command=[]} | ret=SUCCESS |  
2019-08-30 05:52:40,000 | INFO  | SCMAudit | user=jenkins1000 | ip=192.168.69.118 | op=SEND_HEARTBEAT {datanodeUUID=0c3d5d33-5004-4ad0-a181-1b32c8916f48, command=[]} | ret=SUCCESS |  
2019-08-30 05:52:40,092 | INFO  | SCMAudit | user=jenkins1000 | ip=192.168.69.118 | op=SEND_HEARTBEAT {datanodeUUID=3db231e5-aa41-417a-9eb1-ebae727224a1, command=[]} | ret=SUCCESS |  
2019-08-30 05:52:40,093 [EventQueue-ContainerReportForContainerReportHandler] WARN  container.ContainerReportHandler (AbstractContainerReportHandler.java:updateContainerState(143)) - Container #1 is in OPEN state, but the datanode 3db231e5-aa41-417a-9eb1-ebae727224a1{ip: 192.168.69.118, host: trunk-nightly-20190830-rr75b-3244975676, networkLocation: /default-rack, certSerialId: null} reports an CLOSED replica.
2019-08-30 05:52:40,100 | INFO  | SCMAudit | user=jenkins1000 | ip=192.168.69.118 | op=SEND_HEARTBEAT {datanodeUUID=0c3d5d33-5004-4ad0-a181-1b32c8916f48, command=[]} | ret=SUCCESS |  
2019-08-30 05:52:40,192 | INFO  | SCMAudit | user=jenkins1000 | ip=192.168.69.118 | op=SEND_HEARTBEAT {datanodeUUID=3db231e5-aa41-417a-9eb1-ebae727224a1, command=[]} | ret=SUCCESS |  
2019-08-30 05:52:40,200 | INFO  | SCMAudit | user=jenkins1000 | ip=192.168.69.118 | op=SEND_HEARTBEAT {datanodeUUID=0c3d5d33-5004-4ad0-a181-1b32c8916f48, command=[]} | ret=SUCCESS |  
2019-08-30 05:52:40,292 | INFO  | SCMAudit | user=jenkins1000 | ip=192.168.69.118 | op=SEND_HEARTBEAT {datanodeUUID=3db231e5-aa41-417a-9eb1-ebae727224a1, command=[]} | ret=SUCCESS |  
2019-08-30 05:52:40,293 [EventQueue-ContainerReportForContainerReportHandler] WARN  container.ContainerReportHandler (AbstractContainerReportHandler.java:updateContainerState(143)) - Container #1 is in OPEN state, but the datanode 3db231e5-aa41-417a-9eb1-ebae727224a1{ip: 192.168.69.118, host: trunk-nightly-20190830-rr75b-3244975676, networkLocation: /default-rack, certSerialId: null} reports an CLOSED replica.
2019-08-30 05:52:40,301 | INFO  | SCMAudit | user=jenkins1000 | ip=192.168.69.118 | op=SEND_HEARTBEAT {datanodeUUID=0c3d5d33-5004-4ad0-a181-1b32c8916f48, command=[]} | ret=SUCCESS |  
2019-08-30 05:52:40,301 [EventQueue-ContainerReportForContainerReportHandler] WARN  container.ContainerReportHandler (AbstractContainerReportHandler.java:updateContainerState(143)) - Container #1 is in OPEN state, but the datanode 0c3d5d33-5004-4ad0-a181-1b32c8916f48{ip: 192.168.69.118, host: trunk-nightly-20190830-rr75b-3244975676, networkLocation: /default-rack, certSerialId: null} reports an CLOSED replica.
2019-08-30 05:52:40,394 | INFO  | SCMAudit | user=jenkins1000 | ip=192.168.69.118 | op=SEND_HEARTBEAT {datanodeUUID=3db231e5-aa41-417a-9eb1-ebae727224a1, command=[]} | ret=SUCCESS |  
2019-08-30 05:52:40,400 | INFO  | SCMAudit | user=jenkins1000 | ip=192.168.69.118 | op=SEND_HEARTBEAT {datanodeUUID=0c3d5d33-5004-4ad0-a181-1b32c8916f48, command=[]} | ret=SUCCESS |  
2019-08-30 05:52:40,494 | INFO  | SCMAudit | user=jenkins1000 | ip=192.168.69.118 | op=SEND_HEARTBEAT {datanodeUUID=3db231e5-aa41-417a-9eb1-ebae727224a1, command=[]} | ret=SUCCESS |  
2019-08-30 05:52:40,500 | INFO  | SCMAudit | user=jenkins1000 | ip=192.168.69.118 | op=SEND_HEARTBEAT {datanodeUUID=0c3d5d33-5004-4ad0-a181-1b32c8916f48, command=[]} | ret=SUCCESS |  
2019-08-30 05:52:40,595 | INFO  | SCMAudit | user=jenkins1000 | ip=192.168.69.118 | op=SEND_HEARTBEAT {datanodeUUID=3db231e5-aa41-417a-9eb1-ebae727224a1, command=[]} | ret=SUCCESS |  
2019-08-30 05:52:40,595 [EventQueue-ContainerReportForContainerReportHandler] WARN  container.ContainerReportHandler (AbstractContainerReportHandler.java:updateContainerState(143)) - Container #1 is in OPEN state, but the datanode 3db231e5-aa41-417a-9eb1-ebae727224a1{ip: 192.168.69.118, host: trunk-nightly-20190830-rr75b-3244975676, networkLocation: /default-rack, certSerialId: null} reports an CLOSED replica.
2019-08-30 05:52:40,600 | INFO  | SCMAudit | user=jenkins1000 | ip=192.168.69.118 | op=SEND_HEARTBEAT {datanodeUUID=0c3d5d33-5004-4ad0-a181-1b32c8916f48, command=[]} | ret=SUCCESS |  
2019-08-30 05:52:40,600 [EventQueue-ContainerReportForContainerReportHandler] WARN  container.ContainerReportHandler (AbstractContainerReportHandler.java:updateContainerState(143)) - Container #1 is in OPEN state, but the datanode 0c3d5d33-5004-4ad0-a181-1b32c8916f48{ip: 192.168.69.118, host: trunk-nightly-20190830-rr75b-3244975676, networkLocation: /default-rack, certSerialId: null} reports an CLOSED replica.
2019-08-30 05:52:40,694 | INFO  | SCMAudit | user=jenkins1000 | ip=192.168.69.118 | op=SEND_HEARTBEAT {datanodeUUID=3db231e5-aa41-417a-9eb1-ebae727224a1, command=[]} | ret=SUCCESS |  
2019-08-30 05:52:40,700 | INFO  | SCMAudit | user=jenkins1000 | ip=192.168.69.118 | op=SEND_HEARTBEAT {datanodeUUID=0c3d5d33-5004-4ad0-a181-1b32c8916f48, command=[]} | ret=SUCCESS |  
2019-08-30 05:52:40,794 | INFO  | SCMAudit | user=jenkins1000 | ip=192.168.69.118 | op=SEND_HEARTBEAT {datanodeUUID=3db231e5-aa41-417a-9eb1-ebae727224a1, command=[]} | ret=SUCCESS |  
2019-08-30 05:52:40,800 | INFO  | SCMAudit | user=jenkins1000 | ip=192.168.69.118 | op=SEND_HEARTBEAT {datanodeUUID=0c3d5d33-5004-4ad0-a181-1b32c8916f48, command=[]} | ret=SUCCESS |  
2019-08-30 05:52:40,800 [EventQueue-ContainerReportForContainerReportHandler] WARN  container.ContainerReportHandler (AbstractContainerReportHandler.java:updateContainerState(143)) - Container #1 is in OPEN state, but the datanode 0c3d5d33-5004-4ad0-a181-1b32c8916f48{ip: 192.168.69.118, host: trunk-nightly-20190830-rr75b-3244975676, networkLocation: /default-rack, certSerialId: null} reports an CLOSED replica.
2019-08-30 05:52:40,895 | INFO  | SCMAudit | user=jenkins1000 | ip=192.168.69.118 | op=SEND_HEARTBEAT {datanodeUUID=3db231e5-aa41-417a-9eb1-ebae727224a1, command=[]} | ret=SUCCESS |  
2019-08-30 05:52:40,895 [EventQueue-ContainerReportForContainerReportHandler] WARN  container.ContainerReportHandler (AbstractContainerReportHandler.java:updateContainerState(143)) - Container #1 is in OPEN state, but the datanode 3db231e5-aa41-417a-9eb1-ebae727224a1{ip: 192.168.69.118, host: trunk-nightly-20190830-rr75b-3244975676, networkLocation: /default-rack, certSerialId: null} reports an CLOSED replica.
2019-08-30 05:52:40,901 | INFO  | SCMAudit | user=jenkins1000 | ip=192.168.69.118 | op=SEND_HEARTBEAT {datanodeUUID=0c3d5d33-5004-4ad0-a181-1b32c8916f48, command=[]} | ret=SUCCESS |  
2019-08-30 05:52:40,972 [BlockDeletingService#2] WARN  background.BlockDeletingService (BlockDeletingService.java:isDeletionAllowed(186)) - Close Container log Index 6 is not replicated across allthe servers in the pipeline 1239619d-f8f3-45fb-8433-f96d3aac4001 as the min replicated index is 4. Deletion is not allowed in this container yet.
2019-08-30 05:52:40,972 [BlockDeletingService#6] WARN  background.BlockDeletingService (BlockDeletingService.java:isDeletionAllowed(186)) - Close Container log Index 6 is not replicated across allthe servers in the pipeline 1239619d-f8f3-45fb-8433-f96d3aac4001 as the min replicated index is 4. Deletion is not allowed in this container yet.
2019-08-30 05:52:40,994 | INFO  | SCMAudit | user=jenkins1000 | ip=192.168.69.118 | op=SEND_HEARTBEAT {datanodeUUID=3db231e5-aa41-417a-9eb1-ebae727224a1, command=[]} | ret=SUCCESS |  
2019-08-30 05:52:40,999 [grpc-default-executor-4] WARN  server.GrpcLogAppender (LogUtils.java:warn(134)) - 0c3d5d33-5004-4ad0-a181-1b32c8916f48->39b5c586-5c16-4d91-b521-ddac34f0fc4c: Failed appendEntries: org.apache.ratis.thirdparty.io.grpc.StatusRuntimeException: UNAVAILABLE: io exception
2019-08-30 05:52:41,002 [grpc-default-executor-4] INFO  impl.FollowerInfo (FollowerInfo.java:lambda$new$0(50)) - 0c3d5d33-5004-4ad0-a181-1b32c8916f48->39b5c586-5c16-4d91-b521-ddac34f0fc4c: nextIndex: updateUnconditionally 0 -> 0
2019-08-30 05:52:41,002 | INFO  | SCMAudit | user=jenkins1000 | ip=192.168.69.118 | op=SEND_HEARTBEAT {datanodeUUID=0c3d5d33-5004-4ad0-a181-1b32c8916f48, command=[]} | ret=SUCCESS |  
2019-08-30 05:52:41,094 | INFO  | SCMAudit | user=jenkins1000 | ip=192.168.69.118 | op=SEND_HEARTBEAT {datanodeUUID=3db231e5-aa41-417a-9eb1-ebae727224a1, command=[]} | ret=SUCCESS |  
2019-08-30 05:52:41,102 | INFO  | SCMAudit | user=jenkins1000 | ip=192.168.69.118 | op=SEND_HEARTBEAT {datanodeUUID=0c3d5d33-5004-4ad0-a181-1b32c8916f48, command=[]} | ret=SUCCESS |  
2019-08-30 05:52:41,102 [EventQueue-ContainerReportForContainerReportHandler] WARN  container.ContainerReportHandler (AbstractContainerReportHandler.java:updateContainerState(143)) - Container #1 is in OPEN state, but the datanode 0c3d5d33-5004-4ad0-a181-1b32c8916f48{ip: 192.168.69.118, host: trunk-nightly-20190830-rr75b-3244975676, networkLocation: /default-rack, certSerialId: null} reports an CLOSED replica.
2019-08-30 05:52:41,194 | INFO  | SCMAudit | user=jenkins1000 | ip=192.168.69.118 | op=SEND_HEARTBEAT {datanodeUUID=3db231e5-aa41-417a-9eb1-ebae727224a1, command=[]} | ret=SUCCESS |  
2019-08-30 05:52:41,194 [EventQueue-ContainerReportForContainerReportHandler] WARN  container.ContainerReportHandler (AbstractContainerReportHandler.java:updateContainerState(143)) - Container #1 is in OPEN state, but the datanode 3db231e5-aa41-417a-9eb1-ebae727224a1{ip: 192.168.69.118, host: trunk-nightly-20190830-rr75b-3244975676, networkLocation: /default-rack, certSerialId: null} reports an CLOSED replica.
2019-08-30 05:52:41,202 | INFO  | SCMAudit | user=jenkins1000 | ip=192.168.69.118 | op=SEND_HEARTBEAT {datanodeUUID=0c3d5d33-5004-4ad0-a181-1b32c8916f48, command=[]} | ret=SUCCESS |  
2019-08-30 05:52:41,294 | INFO  | SCMAudit | user=jenkins1000 | ip=192.168.69.118 | op=SEND_HEARTBEAT {datanodeUUID=3db231e5-aa41-417a-9eb1-ebae727224a1, command=[]} | ret=SUCCESS |  
2019-08-30 05:52:41,302 | INFO  | SCMAudit | user=jenkins1000 | ip=192.168.69.118 | op=SEND_HEARTBEAT {datanodeUUID=0c3d5d33-5004-4ad0-a181-1b32c8916f48, command=[]} | ret=SUCCESS |  
2019-08-30 05:52:41,395 | INFO  | SCMAudit | user=jenkins1000 | ip=192.168.69.118 | op=SEND_HEARTBEAT {datanodeUUID=3db231e5-aa41-417a-9eb1-ebae727224a1, command=[]} | ret=SUCCESS |  
2019-08-30 05:52:41,403 | INFO  | SCMAudit | user=jenkins1000 | ip=192.168.69.118 | op=SEND_HEARTBEAT {datanodeUUID=0c3d5d33-5004-4ad0-a181-1b32c8916f48, command=[]} | ret=SUCCESS |  
2019-08-30 05:52:41,403 [EventQueue-ContainerReportForContainerReportHandler] WARN  container.ContainerReportHandler (AbstractContainerReportHandler.java:updateContainerState(143)) - Container #1 is in OPEN state, but the datanode 0c3d5d33-5004-4ad0-a181-1b32c8916f48{ip: 192.168.69.118, host: trunk-nightly-20190830-rr75b-3244975676, networkLocation: /default-rack, certSerialId: null} reports an CLOSED replica.
2019-08-30 05:52:41,497 | INFO  | SCMAudit | user=jenkins1000 | ip=192.168.69.118 | op=SEND_HEARTBEAT {datanodeUUID=3db231e5-aa41-417a-9eb1-ebae727224a1, command=[]} | ret=SUCCESS |  
2019-08-30 05:52:41,503 | INFO  | SCMAudit | user=jenkins1000 | ip=192.168.69.118 | op=SEND_HEARTBEAT {datanodeUUID=0c3d5d33-5004-4ad0-a181-1b32c8916f48, command=[]} | ret=SUCCESS |  
2019-08-30 05:52:41,595 | INFO  | SCMAudit | user=jenkins1000 | ip=192.168.69.118 | op=SEND_HEARTBEAT {datanodeUUID=3db231e5-aa41-417a-9eb1-ebae727224a1, command=[]} | ret=SUCCESS |  
2019-08-30 05:52:41,595 [EventQueue-ContainerReportForContainerReportHandler] WARN  container.ContainerReportHandler (AbstractContainerReportHandler.java:updateContainerState(143)) - Container #1 is in OPEN state, but the datanode 3db231e5-aa41-417a-9eb1-ebae727224a1{ip: 192.168.69.118, host: trunk-nightly-20190830-rr75b-3244975676, networkLocation: /default-rack, certSerialId: null} reports an CLOSED replica.
2019-08-30 05:52:41,603 | INFO  | SCMAudit | user=jenkins1000 | ip=192.168.69.118 | op=SEND_HEARTBEAT {datanodeUUID=0c3d5d33-5004-4ad0-a181-1b32c8916f48, command=[]} | ret=SUCCESS |  
2019-08-30 05:52:41,695 | INFO  | SCMAudit | user=jenkins1000 | ip=192.168.69.118 | op=SEND_HEARTBEAT {datanodeUUID=3db231e5-aa41-417a-9eb1-ebae727224a1, command=[]} | ret=SUCCESS |  
2019-08-30 05:52:41,703 | INFO  | SCMAudit | user=jenkins1000 | ip=192.168.69.118 | op=SEND_HEARTBEAT {datanodeUUID=0c3d5d33-5004-4ad0-a181-1b32c8916f48, command=[]} | ret=SUCCESS |  
2019-08-30 05:52:41,703 [EventQueue-ContainerReportForContainerReportHandler] WARN  container.ContainerReportHandler (AbstractContainerReportHandler.java:updateContainerState(143)) - Container #1 is in OPEN state, but the datanode 0c3d5d33-5004-4ad0-a181-1b32c8916f48{ip: 192.168.69.118, host: trunk-nightly-20190830-rr75b-3244975676, networkLocation: /default-rack, certSerialId: null} reports an CLOSED replica.
2019-08-30 05:52:41,796 | INFO  | SCMAudit | user=jenkins1000 | ip=192.168.69.118 | op=SEND_HEARTBEAT {datanodeUUID=3db231e5-aa41-417a-9eb1-ebae727224a1, command=[]} | ret=SUCCESS |  
2019-08-30 05:52:41,796 [EventQueue-ContainerReportForContainerReportHandler] WARN  container.ContainerReportHandler (AbstractContainerReportHandler.java:updateContainerState(143)) - Container #1 is in OPEN state, but the datanode 3db231e5-aa41-417a-9eb1-ebae727224a1{ip: 192.168.69.118, host: trunk-nightly-20190830-rr75b-3244975676, networkLocation: /default-rack, certSerialId: null} reports an CLOSED replica.
2019-08-30 05:52:41,803 | INFO  | SCMAudit | user=jenkins1000 | ip=192.168.69.118 | op=SEND_HEARTBEAT {datanodeUUID=0c3d5d33-5004-4ad0-a181-1b32c8916f48, command=[]} | ret=SUCCESS |  
2019-08-30 05:52:41,895 | INFO  | SCMAudit | user=jenkins1000 | ip=192.168.69.118 | op=SEND_HEARTBEAT {datanodeUUID=3db231e5-aa41-417a-9eb1-ebae727224a1, command=[]} | ret=SUCCESS |  
2019-08-30 05:52:41,903 | INFO  | SCMAudit | user=jenkins1000 | ip=192.168.69.118 | op=SEND_HEARTBEAT {datanodeUUID=0c3d5d33-5004-4ad0-a181-1b32c8916f48, command=[]} | ret=SUCCESS |  
2019-08-30 05:52:41,973 [BlockDeletingService#2] WARN  background.BlockDeletingService (BlockDeletingService.java:isDeletionAllowed(186)) - Close Container log Index 6 is not replicated across allthe servers in the pipeline 1239619d-f8f3-45fb-8433-f96d3aac4001 as the min replicated index is 4. Deletion is not allowed in this container yet.
2019-08-30 05:52:41,973 [BlockDeletingService#6] WARN  background.BlockDeletingService (BlockDeletingService.java:isDeletionAllowed(186)) - Close Container log Index 6 is not replicated across allthe servers in the pipeline 1239619d-f8f3-45fb-8433-f96d3aac4001 as the min replicated index is 4. Deletion is not allowed in this container yet.
2019-08-30 05:52:41,995 | INFO  | SCMAudit | user=jenkins1000 | ip=192.168.69.118 | op=SEND_HEARTBEAT {datanodeUUID=3db231e5-aa41-417a-9eb1-ebae727224a1, command=[]} | ret=SUCCESS |  
2019-08-30 05:52:42,004 | INFO  | SCMAudit | user=jenkins1000 | ip=192.168.69.118 | op=SEND_HEARTBEAT {datanodeUUID=0c3d5d33-5004-4ad0-a181-1b32c8916f48, command=[]} | ret=SUCCESS |  
2019-08-30 05:52:42,004 [EventQueue-ContainerReportForContainerReportHandler] WARN  container.ContainerReportHandler (AbstractContainerReportHandler.java:updateContainerState(143)) - Container #1 is in OPEN state, but the datanode 0c3d5d33-5004-4ad0-a181-1b32c8916f48{ip: 192.168.69.118, host: trunk-nightly-20190830-rr75b-3244975676, networkLocation: /default-rack, certSerialId: null} reports an CLOSED replica.
2019-08-30 05:52:42,095 | INFO  | SCMAudit | user=jenkins1000 | ip=192.168.69.118 | op=SEND_HEARTBEAT {datanodeUUID=3db231e5-aa41-417a-9eb1-ebae727224a1, command=[]} | ret=SUCCESS |  
2019-08-30 05:52:42,104 | INFO  | SCMAudit | user=jenkins1000 | ip=192.168.69.118 | op=SEND_HEARTBEAT {datanodeUUID=0c3d5d33-5004-4ad0-a181-1b32c8916f48, command=[]} | ret=SUCCESS |  
2019-08-30 05:52:42,196 | INFO  | SCMAudit | user=jenkins1000 | ip=192.168.69.118 | op=SEND_HEARTBEAT {datanodeUUID=3db231e5-aa41-417a-9eb1-ebae727224a1, command=[]} | ret=SUCCESS |  
2019-08-30 05:52:42,196 [EventQueue-ContainerReportForContainerReportHandler] WARN  container.ContainerReportHandler (AbstractContainerReportHandler.java:updateContainerState(143)) - Container #1 is in OPEN state, but the datanode 3db231e5-aa41-417a-9eb1-ebae727224a1{ip: 192.168.69.118, host: trunk-nightly-20190830-rr75b-3244975676, networkLocation: /default-rack, certSerialId: null} reports an CLOSED replica.
2019-08-30 05:52:42,204 | INFO  | SCMAudit | user=jenkins1000 | ip=192.168.69.118 | op=SEND_HEARTBEAT {datanodeUUID=0c3d5d33-5004-4ad0-a181-1b32c8916f48, command=[]} | ret=SUCCESS |  
2019-08-30 05:52:42,295 | INFO  | SCMAudit | user=jenkins1000 | ip=192.168.69.118 | op=SEND_HEARTBEAT {datanodeUUID=3db231e5-aa41-417a-9eb1-ebae727224a1, command=[]} | ret=SUCCESS |  
2019-08-30 05:52:42,304 | INFO  | SCMAudit | user=jenkins1000 | ip=192.168.69.118 | op=SEND_HEARTBEAT {datanodeUUID=0c3d5d33-5004-4ad0-a181-1b32c8916f48, command=[]} | ret=SUCCESS |  
2019-08-30 05:52:42,304 [EventQueue-ContainerReportForContainerReportHandler] WARN  container.ContainerReportHandler (AbstractContainerReportHandler.java:updateContainerState(143)) - Container #1 is in OPEN state, but the datanode 0c3d5d33-5004-4ad0-a181-1b32c8916f48{ip: 192.168.69.118, host: trunk-nightly-20190830-rr75b-3244975676, networkLocation: /default-rack, certSerialId: null} reports an CLOSED replica.
2019-08-30 05:52:42,395 | INFO  | SCMAudit | user=jenkins1000 | ip=192.168.69.118 | op=SEND_HEARTBEAT {datanodeUUID=3db231e5-aa41-417a-9eb1-ebae727224a1, command=[]} | ret=SUCCESS |  
2019-08-30 05:52:42,395 [EventQueue-ContainerReportForContainerReportHandler] WARN  container.ContainerReportHandler (AbstractContainerReportHandler.java:updateContainerState(143)) - Container #1 is in OPEN state, but the datanode 3db231e5-aa41-417a-9eb1-ebae727224a1{ip: 192.168.69.118, host: trunk-nightly-20190830-rr75b-3244975676, networkLocation: /default-rack, certSerialId: null} reports an CLOSED replica.
2019-08-30 05:52:42,404 | INFO  | SCMAudit | user=jenkins1000 | ip=192.168.69.118 | op=SEND_HEARTBEAT {datanodeUUID=0c3d5d33-5004-4ad0-a181-1b32c8916f48, command=[]} | ret=SUCCESS |  
2019-08-30 05:52:42,496 | INFO  | SCMAudit | user=jenkins1000 | ip=192.168.69.118 | op=SEND_HEARTBEAT {datanodeUUID=3db231e5-aa41-417a-9eb1-ebae727224a1, command=[]} | ret=SUCCESS |  
2019-08-30 05:52:42,504 | INFO  | SCMAudit | user=jenkins1000 | ip=192.168.69.118 | op=SEND_HEARTBEAT {datanodeUUID=0c3d5d33-5004-4ad0-a181-1b32c8916f48, command=[]} | ret=SUCCESS |  
2019-08-30 05:52:42,595 | INFO  | SCMAudit | user=jenkins1000 | ip=192.168.69.118 | op=SEND_HEARTBEAT {datanodeUUID=3db231e5-aa41-417a-9eb1-ebae727224a1, command=[]} | ret=SUCCESS |  
2019-08-30 05:52:42,604 | INFO  | SCMAudit | user=jenkins1000 | ip=192.168.69.118 | op=SEND_HEARTBEAT {datanodeUUID=0c3d5d33-5004-4ad0-a181-1b32c8916f48, command=[]} | ret=SUCCESS |  
2019-08-30 05:52:42,695 | INFO  | SCMAudit | user=jenkins1000 | ip=192.168.69.118 | op=SEND_HEARTBEAT {datanodeUUID=3db231e5-aa41-417a-9eb1-ebae727224a1, command=[]} | ret=SUCCESS |  
2019-08-30 05:52:42,695 [EventQueue-ContainerReportForContainerReportHandler] WARN  container.ContainerReportHandler (AbstractContainerReportHandler.java:updateContainerState(143)) - Container #1 is in OPEN state, but the datanode 3db231e5-aa41-417a-9eb1-ebae727224a1{ip: 192.168.69.118, host: trunk-nightly-20190830-rr75b-3244975676, networkLocation: /default-rack, certSerialId: null} reports an CLOSED replica.
2019-08-30 05:52:42,705 | INFO  | SCMAudit | user=jenkins1000 | ip=192.168.69.118 | op=SEND_HEARTBEAT {datanodeUUID=0c3d5d33-5004-4ad0-a181-1b32c8916f48, command=[]} | ret=SUCCESS |  
2019-08-30 05:52:42,705 [EventQueue-ContainerReportForContainerReportHandler] WARN  container.ContainerReportHandler (AbstractContainerReportHandler.java:updateContainerState(143)) - Container #1 is in OPEN state, but the datanode 0c3d5d33-5004-4ad0-a181-1b32c8916f48{ip: 192.168.69.118, host: trunk-nightly-20190830-rr75b-3244975676, networkLocation: /default-rack, certSerialId: null} reports an CLOSED replica.
2019-08-30 05:52:42,795 | INFO  | SCMAudit | user=jenkins1000 | ip=192.168.69.118 | op=SEND_HEARTBEAT {datanodeUUID=3db231e5-aa41-417a-9eb1-ebae727224a1, command=[]} | ret=SUCCESS |  
2019-08-30 05:52:42,805 | INFO  | SCMAudit | user=jenkins1000 | ip=192.168.69.118 | op=SEND_HEARTBEAT {datanodeUUID=0c3d5d33-5004-4ad0-a181-1b32c8916f48, command=[]} | ret=SUCCESS |  
2019-08-30 05:52:42,896 | INFO  | SCMAudit | user=jenkins1000 | ip=192.168.69.118 | op=SEND_HEARTBEAT {datanodeUUID=3db231e5-aa41-417a-9eb1-ebae727224a1, command=[]} | ret=SUCCESS |  
2019-08-30 05:52:42,896 [EventQueue-ContainerReportForContainerReportHandler] WARN  container.ContainerReportHandler (AbstractContainerReportHandler.java:updateContainerState(143)) - Container #1 is in OPEN state, but the datanode 3db231e5-aa41-417a-9eb1-ebae727224a1{ip: 192.168.69.118, host: trunk-nightly-20190830-rr75b-3244975676, networkLocation: /default-rack, certSerialId: null} reports an CLOSED replica.
2019-08-30 05:52:42,905 | INFO  | SCMAudit | user=jenkins1000 | ip=192.168.69.118 | op=SEND_HEARTBEAT {datanodeUUID=0c3d5d33-5004-4ad0-a181-1b32c8916f48, command=[]} | ret=SUCCESS |  
2019-08-30 05:52:42,905 [EventQueue-ContainerReportForContainerReportHandler] WARN  container.ContainerReportHandler (AbstractContainerReportHandler.java:updateContainerState(143)) - Container #1 is in OPEN state, but the datanode 0c3d5d33-5004-4ad0-a181-1b32c8916f48{ip: 192.168.69.118, host: trunk-nightly-20190830-rr75b-3244975676, networkLocation: /default-rack, certSerialId: null} reports an CLOSED replica.
2019-08-30 05:52:42,975 [BlockDeletingService#2] WARN  background.BlockDeletingService (BlockDeletingService.java:isDeletionAllowed(186)) - Close Container log Index 6 is not replicated across allthe servers in the pipeline 1239619d-f8f3-45fb-8433-f96d3aac4001 as the min replicated index is 4. Deletion is not allowed in this container yet.
2019-08-30 05:52:42,975 [BlockDeletingService#6] WARN  background.BlockDeletingService (BlockDeletingService.java:isDeletionAllowed(186)) - Close Container log Index 6 is not replicated across allthe servers in the pipeline 1239619d-f8f3-45fb-8433-f96d3aac4001 as the min replicated index is 4. Deletion is not allowed in this container yet.
2019-08-30 05:52:42,996 | INFO  | SCMAudit | user=jenkins1000 | ip=192.168.69.118 | op=SEND_HEARTBEAT {datanodeUUID=3db231e5-aa41-417a-9eb1-ebae727224a1, command=[]} | ret=SUCCESS |  
2019-08-30 05:52:43,005 | INFO  | SCMAudit | user=jenkins1000 | ip=192.168.69.118 | op=SEND_HEARTBEAT {datanodeUUID=0c3d5d33-5004-4ad0-a181-1b32c8916f48, command=[]} | ret=SUCCESS |  
2019-08-30 05:52:43,096 | INFO  | SCMAudit | user=jenkins1000 | ip=192.168.69.118 | op=SEND_HEARTBEAT {datanodeUUID=3db231e5-aa41-417a-9eb1-ebae727224a1, command=[]} | ret=SUCCESS |  
2019-08-30 05:52:43,096 [EventQueue-ContainerReportForContainerReportHandler] WARN  container.ContainerReportHandler (AbstractContainerReportHandler.java:updateContainerState(143)) - Container #1 is in OPEN state, but the datanode 3db231e5-aa41-417a-9eb1-ebae727224a1{ip: 192.168.69.118, host: trunk-nightly-20190830-rr75b-3244975676, networkLocation: /default-rack, certSerialId: null} reports an CLOSED replica.
2019-08-30 05:52:43,106 | INFO  | SCMAudit | user=jenkins1000 | ip=192.168.69.118 | op=SEND_HEARTBEAT {datanodeUUID=0c3d5d33-5004-4ad0-a181-1b32c8916f48, command=[]} | ret=SUCCESS |  
2019-08-30 05:52:43,196 | INFO  | SCMAudit | user=jenkins1000 | ip=192.168.69.118 | op=SEND_HEARTBEAT {datanodeUUID=3db231e5-aa41-417a-9eb1-ebae727224a1, command=[]} | ret=SUCCESS |  
2019-08-30 05:52:43,206 | INFO  | SCMAudit | user=jenkins1000 | ip=192.168.69.118 | op=SEND_HEARTBEAT {datanodeUUID=0c3d5d33-5004-4ad0-a181-1b32c8916f48, command=[]} | ret=SUCCESS |  
2019-08-30 05:52:43,296 | INFO  | SCMAudit | user=jenkins1000 | ip=192.168.69.118 | op=SEND_HEARTBEAT {datanodeUUID=3db231e5-aa41-417a-9eb1-ebae727224a1, command=[]} | ret=SUCCESS |  
2019-08-30 05:52:43,296 [EventQueue-ContainerReportForContainerReportHandler] WARN  container.ContainerReportHandler (AbstractContainerReportHandler.java:updateContainerState(143)) - Container #1 is in OPEN state, but the datanode 3db231e5-aa41-417a-9eb1-ebae727224a1{ip: 192.168.69.118, host: trunk-nightly-20190830-rr75b-3244975676, networkLocation: /default-rack, certSerialId: null} reports an CLOSED replica.
2019-08-30 05:52:43,306 | INFO  | SCMAudit | user=jenkins1000 | ip=192.168.69.118 | op=SEND_HEARTBEAT {datanodeUUID=0c3d5d33-5004-4ad0-a181-1b32c8916f48, command=[]} | ret=SUCCESS |  
2019-08-30 05:52:43,306 [EventQueue-ContainerReportForContainerReportHandler] WARN  container.ContainerReportHandler (AbstractContainerReportHandler.java:updateContainerState(143)) - Container #1 is in OPEN state, but the datanode 0c3d5d33-5004-4ad0-a181-1b32c8916f48{ip: 192.168.69.118, host: trunk-nightly-20190830-rr75b-3244975676, networkLocation: /default-rack, certSerialId: null} reports an CLOSED replica.
2019-08-30 05:52:43,397 | INFO  | SCMAudit | user=jenkins1000 | ip=192.168.69.118 | op=SEND_HEARTBEAT {datanodeUUID=3db231e5-aa41-417a-9eb1-ebae727224a1, command=[]} | ret=SUCCESS |  
2019-08-30 05:52:43,406 | INFO  | SCMAudit | user=jenkins1000 | ip=192.168.69.118 | op=SEND_HEARTBEAT {datanodeUUID=0c3d5d33-5004-4ad0-a181-1b32c8916f48, command=[]} | ret=SUCCESS |  
2019-08-30 05:52:43,497 | INFO  | SCMAudit | user=jenkins1000 | ip=192.168.69.118 | op=SEND_HEARTBEAT {datanodeUUID=3db231e5-aa41-417a-9eb1-ebae727224a1, command=[]} | ret=SUCCESS |  
2019-08-30 05:52:43,497 [EventQueue-ContainerReportForContainerReportHandler] WARN  container.ContainerReportHandler (AbstractContainerReportHandler.java:updateContainerState(143)) - Container #1 is in OPEN state, but the datanode 3db231e5-aa41-417a-9eb1-ebae727224a1{ip: 192.168.69.118, host: trunk-nightly-20190830-rr75b-3244975676, networkLocation: /default-rack, certSerialId: null} reports an CLOSED replica.
2019-08-30 05:52:43,500 [grpc-default-executor-0] WARN  server.GrpcLogAppender (LogUtils.java:warn(134)) - 0c3d5d33-5004-4ad0-a181-1b32c8916f48->39b5c586-5c16-4d91-b521-ddac34f0fc4c: Failed appendEntries: org.apache.ratis.thirdparty.io.grpc.StatusRuntimeException: UNAVAILABLE: io exception
2019-08-30 05:52:43,503 [grpc-default-executor-0] INFO  impl.FollowerInfo (FollowerInfo.java:lambda$new$0(50)) - 0c3d5d33-5004-4ad0-a181-1b32c8916f48->39b5c586-5c16-4d91-b521-ddac34f0fc4c: nextIndex: updateUnconditionally 0 -> 0
2019-08-30 05:52:43,506 | INFO  | SCMAudit | user=jenkins1000 | ip=192.168.69.118 | op=SEND_HEARTBEAT {datanodeUUID=0c3d5d33-5004-4ad0-a181-1b32c8916f48, command=[]} | ret=SUCCESS |  
2019-08-30 05:52:43,598 | INFO  | SCMAudit | user=jenkins1000 | ip=192.168.69.118 | op=SEND_HEARTBEAT {datanodeUUID=3db231e5-aa41-417a-9eb1-ebae727224a1, command=[]} | ret=SUCCESS |  
2019-08-30 05:52:43,606 | INFO  | SCMAudit | user=jenkins1000 | ip=192.168.69.118 | op=SEND_HEARTBEAT {datanodeUUID=0c3d5d33-5004-4ad0-a181-1b32c8916f48, command=[]} | ret=SUCCESS |  
2019-08-30 05:52:43,607 [EventQueue-ContainerReportForContainerReportHandler] WARN  container.ContainerReportHandler (AbstractContainerReportHandler.java:updateContainerState(143)) - Container #1 is in OPEN state, but the datanode 0c3d5d33-5004-4ad0-a181-1b32c8916f48{ip: 192.168.69.118, host: trunk-nightly-20190830-rr75b-3244975676, networkLocation: /default-rack, certSerialId: null} reports an CLOSED replica.
2019-08-30 05:52:43,697 | INFO  | SCMAudit | user=jenkins1000 | ip=192.168.69.118 | op=SEND_HEARTBEAT {datanodeUUID=3db231e5-aa41-417a-9eb1-ebae727224a1, command=[]} | ret=SUCCESS |  
2019-08-30 05:52:43,707 | INFO  | SCMAudit | user=jenkins1000 | ip=192.168.69.118 | op=SEND_HEARTBEAT {datanodeUUID=0c3d5d33-5004-4ad0-a181-1b32c8916f48, command=[]} | ret=SUCCESS |  
2019-08-30 05:52:43,797 | INFO  | SCMAudit | user=jenkins1000 | ip=192.168.69.118 | op=SEND_HEARTBEAT {datanodeUUID=3db231e5-aa41-417a-9eb1-ebae727224a1, command=[]} | ret=SUCCESS |  
2019-08-30 05:52:43,797 [EventQueue-ContainerReportForContainerReportHandler] WARN  container.ContainerReportHandler (AbstractContainerReportHandler.java:updateContainerState(143)) - Container #1 is in OPEN state, but the datanode 3db231e5-aa41-417a-9eb1-ebae727224a1{ip: 192.168.69.118, host: trunk-nightly-20190830-rr75b-3244975676, networkLocation: /default-rack, certSerialId: null} reports an CLOSED replica.
2019-08-30 05:52:43,807 | INFO  | SCMAudit | user=jenkins1000 | ip=192.168.69.118 | op=SEND_HEARTBEAT {datanodeUUID=0c3d5d33-5004-4ad0-a181-1b32c8916f48, command=[]} | ret=SUCCESS |  
2019-08-30 05:52:43,897 | INFO  | SCMAudit | user=jenkins1000 | ip=192.168.69.118 | op=SEND_HEARTBEAT {datanodeUUID=3db231e5-aa41-417a-9eb1-ebae727224a1, command=[]} | ret=SUCCESS |  
2019-08-30 05:52:43,907 | INFO  | SCMAudit | user=jenkins1000 | ip=192.168.69.118 | op=SEND_HEARTBEAT {datanodeUUID=0c3d5d33-5004-4ad0-a181-1b32c8916f48, command=[]} | ret=SUCCESS |  
2019-08-30 05:52:43,907 [EventQueue-ContainerReportForContainerReportHandler] WARN  container.ContainerReportHandler (AbstractContainerReportHandler.java:updateContainerState(143)) - Container #1 is in OPEN state, but the datanode 0c3d5d33-5004-4ad0-a181-1b32c8916f48{ip: 192.168.69.118, host: trunk-nightly-20190830-rr75b-3244975676, networkLocation: /default-rack, certSerialId: null} reports an CLOSED replica.
2019-08-30 05:52:43,977 [BlockDeletingService#2] WARN  background.BlockDeletingService (BlockDeletingService.java:isDeletionAllowed(186)) - Close Container log Index 6 is not replicated across allthe servers in the pipeline 1239619d-f8f3-45fb-8433-f96d3aac4001 as the min replicated index is 4. Deletion is not allowed in this container yet.
2019-08-30 05:52:43,977 [BlockDeletingService#6] WARN  background.BlockDeletingService (BlockDeletingService.java:isDeletionAllowed(186)) - Close Container log Index 6 is not replicated across allthe servers in the pipeline 1239619d-f8f3-45fb-8433-f96d3aac4001 as the min replicated index is 4. Deletion is not allowed in this container yet.
2019-08-30 05:52:43,997 | INFO  | SCMAudit | user=jenkins1000 | ip=192.168.69.118 | op=SEND_HEARTBEAT {datanodeUUID=3db231e5-aa41-417a-9eb1-ebae727224a1, command=[]} | ret=SUCCESS |  
2019-08-30 05:52:44,007 | INFO  | SCMAudit | user=jenkins1000 | ip=192.168.69.118 | op=SEND_HEARTBEAT {datanodeUUID=0c3d5d33-5004-4ad0-a181-1b32c8916f48, command=[]} | ret=SUCCESS |  
2019-08-30 05:52:44,097 | INFO  | SCMAudit | user=jenkins1000 | ip=192.168.69.118 | op=SEND_HEARTBEAT {datanodeUUID=3db231e5-aa41-417a-9eb1-ebae727224a1, command=[]} | ret=SUCCESS |  
2019-08-30 05:52:44,107 | INFO  | SCMAudit | user=jenkins1000 | ip=192.168.69.118 | op=SEND_HEARTBEAT {datanodeUUID=0c3d5d33-5004-4ad0-a181-1b32c8916f48, command=[]} | ret=SUCCESS |  
2019-08-30 05:52:44,198 | INFO  | SCMAudit | user=jenkins1000 | ip=192.168.69.118 | op=SEND_HEARTBEAT {datanodeUUID=3db231e5-aa41-417a-9eb1-ebae727224a1, command=[]} | ret=SUCCESS |  
2019-08-30 05:52:44,198 [EventQueue-ContainerReportForContainerReportHandler] WARN  container.ContainerReportHandler (AbstractContainerReportHandler.java:updateContainerState(143)) - Container #1 is in OPEN state, but the datanode 3db231e5-aa41-417a-9eb1-ebae727224a1{ip: 192.168.69.118, host: trunk-nightly-20190830-rr75b-3244975676, networkLocation: /default-rack, certSerialId: null} reports an CLOSED replica.
2019-08-30 05:52:44,207 | INFO  | SCMAudit | user=jenkins1000 | ip=192.168.69.118 | op=SEND_HEARTBEAT {datanodeUUID=0c3d5d33-5004-4ad0-a181-1b32c8916f48, command=[]} | ret=SUCCESS |  
2019-08-30 05:52:44,298 | INFO  | SCMAudit | user=jenkins1000 | ip=192.168.69.118 | op=SEND_HEARTBEAT {datanodeUUID=3db231e5-aa41-417a-9eb1-ebae727224a1, command=[]} | ret=SUCCESS |  
2019-08-30 05:52:44,307 | INFO  | SCMAudit | user=jenkins1000 | ip=192.168.69.118 | op=SEND_HEARTBEAT {datanodeUUID=0c3d5d33-5004-4ad0-a181-1b32c8916f48, command=[]} | ret=SUCCESS |  
2019-08-30 05:52:44,308 [EventQueue-ContainerReportForContainerReportHandler] WARN  container.ContainerReportHandler (AbstractContainerReportHandler.java:updateContainerState(143)) - Container #1 is in OPEN state, but the datanode 0c3d5d33-5004-4ad0-a181-1b32c8916f48{ip: 192.168.69.118, host: trunk-nightly-20190830-rr75b-3244975676, networkLocation: /default-rack, certSerialId: null} reports an CLOSED replica.
2019-08-30 05:52:44,399 | INFO  | SCMAudit | user=jenkins1000 | ip=192.168.69.118 | op=SEND_HEARTBEAT {datanodeUUID=3db231e5-aa41-417a-9eb1-ebae727224a1, command=[]} | ret=SUCCESS |  
2019-08-30 05:52:44,399 [EventQueue-ContainerReportForContainerReportHandler] WARN  container.ContainerReportHandler (AbstractContainerReportHandler.java:updateContainerState(143)) - Container #1 is in OPEN state, but the datanode 3db231e5-aa41-417a-9eb1-ebae727224a1{ip: 192.168.69.118, host: trunk-nightly-20190830-rr75b-3244975676, networkLocation: /default-rack, certSerialId: null} reports an CLOSED replica.
2019-08-30 05:52:44,408 | INFO  | SCMAudit | user=jenkins1000 | ip=192.168.69.118 | op=SEND_HEARTBEAT {datanodeUUID=0c3d5d33-5004-4ad0-a181-1b32c8916f48, command=[]} | ret=SUCCESS |  
2019-08-30 05:52:44,498 | INFO  | SCMAudit | user=jenkins1000 | ip=192.168.69.118 | op=SEND_HEARTBEAT {datanodeUUID=3db231e5-aa41-417a-9eb1-ebae727224a1, command=[]} | ret=SUCCESS |  
2019-08-30 05:52:44,507 | INFO  | SCMAudit | user=jenkins1000 | ip=192.168.69.118 | op=SEND_HEARTBEAT {datanodeUUID=0c3d5d33-5004-4ad0-a181-1b32c8916f48, command=[]} | ret=SUCCESS |  
2019-08-30 05:52:44,598 | INFO  | SCMAudit | user=jenkins1000 | ip=192.168.69.118 | op=SEND_HEARTBEAT {datanodeUUID=3db231e5-aa41-417a-9eb1-ebae727224a1, command=[]} | ret=SUCCESS |  
2019-08-30 05:52:44,598 [EventQueue-ContainerReportForContainerReportHandler] WARN  container.ContainerReportHandler (AbstractContainerReportHandler.java:updateContainerState(143)) - Container #1 is in OPEN state, but the datanode 3db231e5-aa41-417a-9eb1-ebae727224a1{ip: 192.168.69.118, host: trunk-nightly-20190830-rr75b-3244975676, networkLocation: /default-rack, certSerialId: null} reports an CLOSED replica.
2019-08-30 05:52:44,607 | INFO  | SCMAudit | user=jenkins1000 | ip=192.168.69.118 | op=SEND_HEARTBEAT {datanodeUUID=0c3d5d33-5004-4ad0-a181-1b32c8916f48, command=[]} | ret=SUCCESS |  
2019-08-30 05:52:44,698 | INFO  | SCMAudit | user=jenkins1000 | ip=192.168.69.118 | op=SEND_HEARTBEAT {datanodeUUID=3db231e5-aa41-417a-9eb1-ebae727224a1, command=[]} | ret=SUCCESS |  
2019-08-30 05:52:44,707 | INFO  | SCMAudit | user=jenkins1000 | ip=192.168.69.118 | op=SEND_HEARTBEAT {datanodeUUID=0c3d5d33-5004-4ad0-a181-1b32c8916f48, command=[]} | ret=SUCCESS |  
2019-08-30 05:52:44,707 [EventQueue-ContainerReportForContainerReportHandler] WARN  container.ContainerReportHandler (AbstractContainerReportHandler.java:updateContainerState(143)) - Container #1 is in OPEN state, but the datanode 0c3d5d33-5004-4ad0-a181-1b32c8916f48{ip: 192.168.69.118, host: trunk-nightly-20190830-rr75b-3244975676, networkLocation: /default-rack, certSerialId: null} reports an CLOSED replica.
2019-08-30 05:52:44,799 | INFO  | SCMAudit | user=jenkins1000 | ip=192.168.69.118 | op=SEND_HEARTBEAT {datanodeUUID=3db231e5-aa41-417a-9eb1-ebae727224a1, command=[]} | ret=SUCCESS |  
2019-08-30 05:52:44,807 | INFO  | SCMAudit | user=jenkins1000 | ip=192.168.69.118 | op=SEND_HEARTBEAT {datanodeUUID=0c3d5d33-5004-4ad0-a181-1b32c8916f48, command=[]} | ret=SUCCESS |  
2019-08-30 05:52:44,898 | INFO  | SCMAudit | user=jenkins1000 | ip=192.168.69.118 | op=SEND_HEARTBEAT {datanodeUUID=3db231e5-aa41-417a-9eb1-ebae727224a1, command=[]} | ret=SUCCESS |  
2019-08-30 05:52:44,898 [EventQueue-ContainerReportForContainerReportHandler] WARN  container.ContainerReportHandler (AbstractContainerReportHandler.java:updateContainerState(143)) - Container #1 is in OPEN state, but the datanode 3db231e5-aa41-417a-9eb1-ebae727224a1{ip: 192.168.69.118, host: trunk-nightly-20190830-rr75b-3244975676, networkLocation: /default-rack, certSerialId: null} reports an CLOSED replica.
2019-08-30 05:52:44,907 | INFO  | SCMAudit | user=jenkins1000 | ip=192.168.69.118 | op=SEND_HEARTBEAT {datanodeUUID=0c3d5d33-5004-4ad0-a181-1b32c8916f48, command=[]} | ret=SUCCESS |  
2019-08-30 05:52:44,908 [EventQueue-ContainerReportForContainerReportHandler] WARN  container.ContainerReportHandler (AbstractContainerReportHandler.java:updateContainerState(143)) - Container #1 is in OPEN state, but the datanode 0c3d5d33-5004-4ad0-a181-1b32c8916f48{ip: 192.168.69.118, host: trunk-nightly-20190830-rr75b-3244975676, networkLocation: /default-rack, certSerialId: null} reports an CLOSED replica.
2019-08-30 05:52:44,978 [BlockDeletingService#2] WARN  background.BlockDeletingService (BlockDeletingService.java:isDeletionAllowed(186)) - Close Container log Index 6 is not replicated across allthe servers in the pipeline 1239619d-f8f3-45fb-8433-f96d3aac4001 as the min replicated index is 4. Deletion is not allowed in this container yet.
2019-08-30 05:52:44,979 [BlockDeletingService#6] WARN  background.BlockDeletingService (BlockDeletingService.java:isDeletionAllowed(186)) - Close Container log Index 6 is not replicated across allthe servers in the pipeline 1239619d-f8f3-45fb-8433-f96d3aac4001 as the min replicated index is 4. Deletion is not allowed in this container yet.
2019-08-30 05:52:44,998 | INFO  | SCMAudit | user=jenkins1000 | ip=192.168.69.118 | op=SEND_HEARTBEAT {datanodeUUID=3db231e5-aa41-417a-9eb1-ebae727224a1, command=[]} | ret=SUCCESS |  
2019-08-30 05:52:45,007 | INFO  | SCMAudit | user=jenkins1000 | ip=192.168.69.118 | op=SEND_HEARTBEAT {datanodeUUID=0c3d5d33-5004-4ad0-a181-1b32c8916f48, command=[]} | ret=SUCCESS |  
2019-08-30 05:52:45,098 | INFO  | SCMAudit | user=jenkins1000 | ip=192.168.69.118 | op=SEND_HEARTBEAT {datanodeUUID=3db231e5-aa41-417a-9eb1-ebae727224a1, command=[]} | ret=SUCCESS |  
2019-08-30 05:52:45,098 [EventQueue-ContainerReportForContainerReportHandler] WARN  container.ContainerReportHandler (AbstractContainerReportHandler.java:updateContainerState(143)) - Container #1 is in OPEN state, but the datanode 3db231e5-aa41-417a-9eb1-ebae727224a1{ip: 192.168.69.118, host: trunk-nightly-20190830-rr75b-3244975676, networkLocation: /default-rack, certSerialId: null} reports an CLOSED replica.
2019-08-30 05:52:45,108 | INFO  | SCMAudit | user=jenkins1000 | ip=192.168.69.118 | op=SEND_HEARTBEAT {datanodeUUID=0c3d5d33-5004-4ad0-a181-1b32c8916f48, command=[]} | ret=SUCCESS |  
2019-08-30 05:52:45,108 [EventQueue-ContainerReportForContainerReportHandler] WARN  container.ContainerReportHandler (AbstractContainerReportHandler.java:updateContainerState(143)) - Container #1 is in OPEN state, but the datanode 0c3d5d33-5004-4ad0-a181-1b32c8916f48{ip: 192.168.69.118, host: trunk-nightly-20190830-rr75b-3244975676, networkLocation: /default-rack, certSerialId: null} reports an CLOSED replica.
2019-08-30 05:52:45,198 | INFO  | SCMAudit | user=jenkins1000 | ip=192.168.69.118 | op=SEND_HEARTBEAT {datanodeUUID=3db231e5-aa41-417a-9eb1-ebae727224a1, command=[]} | ret=SUCCESS |  
2019-08-30 05:52:45,208 | INFO  | SCMAudit | user=jenkins1000 | ip=192.168.69.118 | op=SEND_HEARTBEAT {datanodeUUID=0c3d5d33-5004-4ad0-a181-1b32c8916f48, command=[]} | ret=SUCCESS |  
2019-08-30 05:52:45,298 | INFO  | SCMAudit | user=jenkins1000 | ip=192.168.69.118 | op=SEND_HEARTBEAT {datanodeUUID=3db231e5-aa41-417a-9eb1-ebae727224a1, command=[]} | ret=SUCCESS |  
2019-08-30 05:52:45,308 | INFO  | SCMAudit | user=jenkins1000 | ip=192.168.69.118 | op=SEND_HEARTBEAT {datanodeUUID=0c3d5d33-5004-4ad0-a181-1b32c8916f48, command=[]} | ret=SUCCESS |  
2019-08-30 05:52:45,308 [EventQueue-ContainerReportForContainerReportHandler] WARN  container.ContainerReportHandler (AbstractContainerReportHandler.java:updateContainerState(143)) - Container #1 is in OPEN state, but the datanode 0c3d5d33-5004-4ad0-a181-1b32c8916f48{ip: 192.168.69.118, host: trunk-nightly-20190830-rr75b-3244975676, networkLocation: /default-rack, certSerialId: null} reports an CLOSED replica.
2019-08-30 05:52:45,399 | INFO  | SCMAudit | user=jenkins1000 | ip=192.168.69.118 | op=SEND_HEARTBEAT {datanodeUUID=3db231e5-aa41-417a-9eb1-ebae727224a1, command=[]} | ret=SUCCESS |  
2019-08-30 05:52:45,399 [EventQueue-ContainerReportForContainerReportHandler] WARN  container.ContainerReportHandler (AbstractContainerReportHandler.java:updateContainerState(143)) - Container #1 is in OPEN state, but the datanode 3db231e5-aa41-417a-9eb1-ebae727224a1{ip: 192.168.69.118, host: trunk-nightly-20190830-rr75b-3244975676, networkLocation: /default-rack, certSerialId: null} reports an CLOSED replica.
2019-08-30 05:52:45,408 | INFO  | SCMAudit | user=jenkins1000 | ip=192.168.69.118 | op=SEND_HEARTBEAT {datanodeUUID=0c3d5d33-5004-4ad0-a181-1b32c8916f48, command=[]} | ret=SUCCESS |  
2019-08-30 05:52:45,499 | INFO  | SCMAudit | user=jenkins1000 | ip=192.168.69.118 | op=SEND_HEARTBEAT {datanodeUUID=3db231e5-aa41-417a-9eb1-ebae727224a1, command=[]} | ret=SUCCESS |  
2019-08-30 05:52:45,508 | INFO  | SCMAudit | user=jenkins1000 | ip=192.168.69.118 | op=SEND_HEARTBEAT {datanodeUUID=0c3d5d33-5004-4ad0-a181-1b32c8916f48, command=[]} | ret=SUCCESS |  
2019-08-30 05:52:45,600 | INFO  | SCMAudit | user=jenkins1000 | ip=192.168.69.118 | op=SEND_HEARTBEAT {datanodeUUID=3db231e5-aa41-417a-9eb1-ebae727224a1, command=[]} | ret=SUCCESS |  
2019-08-30 05:52:45,608 | INFO  | SCMAudit | user=jenkins1000 | ip=192.168.69.118 | op=SEND_HEARTBEAT {datanodeUUID=0c3d5d33-5004-4ad0-a181-1b32c8916f48, command=[]} | ret=SUCCESS |  
2019-08-30 05:52:45,609 [EventQueue-ContainerReportForContainerReportHandler] WARN  container.ContainerReportHandler (AbstractContainerReportHandler.java:updateContainerState(143)) - Container #1 is in OPEN state, but the datanode 0c3d5d33-5004-4ad0-a181-1b32c8916f48{ip: 192.168.69.118, host: trunk-nightly-20190830-rr75b-3244975676, networkLocation: /default-rack, certSerialId: null} reports an CLOSED replica.
2019-08-30 05:52:45,700 | INFO  | SCMAudit | user=jenkins1000 | ip=192.168.69.118 | op=SEND_HEARTBEAT {datanodeUUID=3db231e5-aa41-417a-9eb1-ebae727224a1, command=[]} | ret=SUCCESS |  
2019-08-30 05:52:45,700 [EventQueue-ContainerReportForContainerReportHandler] WARN  container.ContainerReportHandler (AbstractContainerReportHandler.java:updateContainerState(143)) - Container #1 is in OPEN state, but the datanode 3db231e5-aa41-417a-9eb1-ebae727224a1{ip: 192.168.69.118, host: trunk-nightly-20190830-rr75b-3244975676, networkLocation: /default-rack, certSerialId: null} reports an CLOSED replica.
2019-08-30 05:52:45,709 | INFO  | SCMAudit | user=jenkins1000 | ip=192.168.69.118 | op=SEND_HEARTBEAT {datanodeUUID=0c3d5d33-5004-4ad0-a181-1b32c8916f48, command=[]} | ret=SUCCESS |  
2019-08-30 05:52:45,800 | INFO  | SCMAudit | user=jenkins1000 | ip=192.168.69.118 | op=SEND_HEARTBEAT {datanodeUUID=3db231e5-aa41-417a-9eb1-ebae727224a1, command=[]} | ret=SUCCESS |  
2019-08-30 05:52:45,809 | INFO  | SCMAudit | user=jenkins1000 | ip=192.168.69.118 | op=SEND_HEARTBEAT {datanodeUUID=0c3d5d33-5004-4ad0-a181-1b32c8916f48, command=[]} | ret=SUCCESS |  
2019-08-30 05:52:45,901 | INFO  | SCMAudit | user=jenkins1000 | ip=192.168.69.118 | op=SEND_HEARTBEAT {datanodeUUID=3db231e5-aa41-417a-9eb1-ebae727224a1, command=[]} | ret=SUCCESS |  
2019-08-30 05:52:45,911 | INFO  | SCMAudit | user=jenkins1000 | ip=192.168.69.118 | op=SEND_HEARTBEAT {datanodeUUID=0c3d5d33-5004-4ad0-a181-1b32c8916f48, command=[]} | ret=SUCCESS |  
2019-08-30 05:52:45,911 [EventQueue-ContainerReportForContainerReportHandler] WARN  container.ContainerReportHandler (AbstractContainerReportHandler.java:updateContainerState(143)) - Container #1 is in OPEN state, but the datanode 0c3d5d33-5004-4ad0-a181-1b32c8916f48{ip: 192.168.69.118, host: trunk-nightly-20190830-rr75b-3244975676, networkLocation: /default-rack, certSerialId: null} reports an CLOSED replica.
2019-08-30 05:52:45,980 [BlockDeletingService#2] WARN  background.BlockDeletingService (BlockDeletingService.java:isDeletionAllowed(186)) - Close Container log Index 6 is not replicated across allthe servers in the pipeline 1239619d-f8f3-45fb-8433-f96d3aac4001 as the min replicated index is 4. Deletion is not allowed in this container yet.
2019-08-30 05:52:45,980 [BlockDeletingService#6] WARN  background.BlockDeletingService (BlockDeletingService.java:isDeletionAllowed(186)) - Close Container log Index 6 is not replicated across allthe servers in the pipeline 1239619d-f8f3-45fb-8433-f96d3aac4001 as the min replicated index is 4. Deletion is not allowed in this container yet.
2019-08-30 05:52:46,002 | INFO  | SCMAudit | user=jenkins1000 | ip=192.168.69.118 | op=SEND_HEARTBEAT {datanodeUUID=3db231e5-aa41-417a-9eb1-ebae727224a1, command=[]} | ret=SUCCESS |  
2019-08-30 05:52:46,002 [grpc-default-executor-1] WARN  server.GrpcLogAppender (LogUtils.java:warn(134)) - 0c3d5d33-5004-4ad0-a181-1b32c8916f48->39b5c586-5c16-4d91-b521-ddac34f0fc4c: Failed appendEntries: org.apache.ratis.thirdparty.io.grpc.StatusRuntimeException: UNAVAILABLE: io exception
2019-08-30 05:52:46,004 [grpc-default-executor-1] INFO  impl.FollowerInfo (FollowerInfo.java:lambda$new$0(50)) - 0c3d5d33-5004-4ad0-a181-1b32c8916f48->39b5c586-5c16-4d91-b521-ddac34f0fc4c: nextIndex: updateUnconditionally 0 -> 0
2019-08-30 05:52:46,011 | INFO  | SCMAudit | user=jenkins1000 | ip=192.168.69.118 | op=SEND_HEARTBEAT {datanodeUUID=0c3d5d33-5004-4ad0-a181-1b32c8916f48, command=[]} | ret=SUCCESS |  
2019-08-30 05:52:46,102 | INFO  | SCMAudit | user=jenkins1000 | ip=192.168.69.118 | op=SEND_HEARTBEAT {datanodeUUID=3db231e5-aa41-417a-9eb1-ebae727224a1, command=[]} | ret=SUCCESS |  
2019-08-30 05:52:46,102 [EventQueue-ContainerReportForContainerReportHandler] WARN  container.ContainerReportHandler (AbstractContainerReportHandler.java:updateContainerState(143)) - Container #1 is in OPEN state, but the datanode 3db231e5-aa41-417a-9eb1-ebae727224a1{ip: 192.168.69.118, host: trunk-nightly-20190830-rr75b-3244975676, networkLocation: /default-rack, certSerialId: null} reports an CLOSED replica.
2019-08-30 05:52:46,111 | INFO  | SCMAudit | user=jenkins1000 | ip=192.168.69.118 | op=SEND_HEARTBEAT {datanodeUUID=0c3d5d33-5004-4ad0-a181-1b32c8916f48, command=[]} | ret=SUCCESS |  
2019-08-30 05:52:46,202 | INFO  | SCMAudit | user=jenkins1000 | ip=192.168.69.118 | op=SEND_HEARTBEAT {datanodeUUID=3db231e5-aa41-417a-9eb1-ebae727224a1, command=[]} | ret=SUCCESS |  
2019-08-30 05:52:46,211 | INFO  | SCMAudit | user=jenkins1000 | ip=192.168.69.118 | op=SEND_HEARTBEAT {datanodeUUID=0c3d5d33-5004-4ad0-a181-1b32c8916f48, command=[]} | ret=SUCCESS |  
2019-08-30 05:52:46,302 | INFO  | SCMAudit | user=jenkins1000 | ip=192.168.69.118 | op=SEND_HEARTBEAT {datanodeUUID=3db231e5-aa41-417a-9eb1-ebae727224a1, command=[]} | ret=SUCCESS |  
2019-08-30 05:52:46,311 | INFO  | SCMAudit | user=jenkins1000 | ip=192.168.69.118 | op=SEND_HEARTBEAT {datanodeUUID=0c3d5d33-5004-4ad0-a181-1b32c8916f48, command=[]} | ret=SUCCESS |  
2019-08-30 05:52:46,312 [EventQueue-ContainerReportForContainerReportHandler] WARN  container.ContainerReportHandler (AbstractContainerReportHandler.java:updateContainerState(143)) - Container #1 is in OPEN state, but the datanode 0c3d5d33-5004-4ad0-a181-1b32c8916f48{ip: 192.168.69.118, host: trunk-nightly-20190830-rr75b-3244975676, networkLocation: /default-rack, certSerialId: null} reports an CLOSED replica.
2019-08-30 05:52:46,403 | INFO  | SCMAudit | user=jenkins1000 | ip=192.168.69.118 | op=SEND_HEARTBEAT {datanodeUUID=3db231e5-aa41-417a-9eb1-ebae727224a1, command=[]} | ret=SUCCESS |  
2019-08-30 05:52:46,403 [EventQueue-ContainerReportForContainerReportHandler] WARN  container.ContainerReportHandler (AbstractContainerReportHandler.java:updateContainerState(143)) - Container #1 is in OPEN state, but the datanode 3db231e5-aa41-417a-9eb1-ebae727224a1{ip: 192.168.69.118, host: trunk-nightly-20190830-rr75b-3244975676, networkLocation: /default-rack, certSerialId: null} reports an CLOSED replica.
2019-08-30 05:52:46,412 | INFO  | SCMAudit | user=jenkins1000 | ip=192.168.69.118 | op=SEND_HEARTBEAT {datanodeUUID=0c3d5d33-5004-4ad0-a181-1b32c8916f48, command=[]} | ret=SUCCESS |  
2019-08-30 05:52:46,502 | INFO  | SCMAudit | user=jenkins1000 | ip=192.168.69.118 | op=SEND_HEARTBEAT {datanodeUUID=3db231e5-aa41-417a-9eb1-ebae727224a1, command=[]} | ret=SUCCESS |  
2019-08-30 05:52:46,512 | INFO  | SCMAudit | user=jenkins1000 | ip=192.168.69.118 | op=SEND_HEARTBEAT {datanodeUUID=0c3d5d33-5004-4ad0-a181-1b32c8916f48, command=[]} | ret=SUCCESS |  
2019-08-30 05:52:46,513 [EventQueue-ContainerReportForContainerReportHandler] WARN  container.ContainerReportHandler (AbstractContainerReportHandler.java:updateContainerState(143)) - Container #1 is in OPEN state, but the datanode 0c3d5d33-5004-4ad0-a181-1b32c8916f48{ip: 192.168.69.118, host: trunk-nightly-20190830-rr75b-3244975676, networkLocation: /default-rack, certSerialId: null} reports an CLOSED replica.
2019-08-30 05:52:46,602 | INFO  | SCMAudit | user=jenkins1000 | ip=192.168.69.118 | op=SEND_HEARTBEAT {datanodeUUID=3db231e5-aa41-417a-9eb1-ebae727224a1, command=[]} | ret=SUCCESS |  
2019-08-30 05:52:46,612 | INFO  | SCMAudit | user=jenkins1000 | ip=192.168.69.118 | op=SEND_HEARTBEAT {datanodeUUID=0c3d5d33-5004-4ad0-a181-1b32c8916f48, command=[]} | ret=SUCCESS |  
2019-08-30 05:52:46,703 | INFO  | SCMAudit | user=jenkins1000 | ip=192.168.69.118 | op=SEND_HEARTBEAT {datanodeUUID=3db231e5-aa41-417a-9eb1-ebae727224a1, command=[]} | ret=SUCCESS |  
2019-08-30 05:52:46,703 [EventQueue-ContainerReportForContainerReportHandler] WARN  container.ContainerReportHandler (AbstractContainerReportHandler.java:updateContainerState(143)) - Container #1 is in OPEN state, but the datanode 3db231e5-aa41-417a-9eb1-ebae727224a1{ip: 192.168.69.118, host: trunk-nightly-20190830-rr75b-3244975676, networkLocation: /default-rack, certSerialId: null} reports an CLOSED replica.
2019-08-30 05:52:46,712 | INFO  | SCMAudit | user=jenkins1000 | ip=192.168.69.118 | op=SEND_HEARTBEAT {datanodeUUID=0c3d5d33-5004-4ad0-a181-1b32c8916f48, command=[]} | ret=SUCCESS |  
2019-08-30 05:52:46,802 | INFO  | SCMAudit | user=jenkins1000 | ip=192.168.69.118 | op=SEND_HEARTBEAT {datanodeUUID=3db231e5-aa41-417a-9eb1-ebae727224a1, command=[]} | ret=SUCCESS |  
2019-08-30 05:52:46,812 | INFO  | SCMAudit | user=jenkins1000 | ip=192.168.69.118 | op=SEND_HEARTBEAT {datanodeUUID=0c3d5d33-5004-4ad0-a181-1b32c8916f48, command=[]} | ret=SUCCESS |  
2019-08-30 05:52:46,813 [EventQueue-ContainerReportForContainerReportHandler] WARN  container.ContainerReportHandler (AbstractContainerReportHandler.java:updateContainerState(143)) - Container #1 is in OPEN state, but the datanode 0c3d5d33-5004-4ad0-a181-1b32c8916f48{ip: 192.168.69.118, host: trunk-nightly-20190830-rr75b-3244975676, networkLocation: /default-rack, certSerialId: null} reports an CLOSED replica.
2019-08-30 05:52:46,902 | INFO  | SCMAudit | user=jenkins1000 | ip=192.168.69.118 | op=SEND_HEARTBEAT {datanodeUUID=3db231e5-aa41-417a-9eb1-ebae727224a1, command=[]} | ret=SUCCESS |  
2019-08-30 05:52:46,913 | INFO  | SCMAudit | user=jenkins1000 | ip=192.168.69.118 | op=SEND_HEARTBEAT {datanodeUUID=0c3d5d33-5004-4ad0-a181-1b32c8916f48, command=[]} | ret=SUCCESS |  
2019-08-30 05:52:46,983 [BlockDeletingService#2] WARN  background.BlockDeletingService (BlockDeletingService.java:isDeletionAllowed(186)) - Close Container log Index 6 is not replicated across allthe servers in the pipeline 1239619d-f8f3-45fb-8433-f96d3aac4001 as the min replicated index is 4. Deletion is not allowed in this container yet.
2019-08-30 05:52:46,983 [BlockDeletingService#6] WARN  background.BlockDeletingService (BlockDeletingService.java:isDeletionAllowed(186)) - Close Container log Index 6 is not replicated across allthe servers in the pipeline 1239619d-f8f3-45fb-8433-f96d3aac4001 as the min replicated index is 4. Deletion is not allowed in this container yet.
2019-08-30 05:52:47,002 | INFO  | SCMAudit | user=jenkins1000 | ip=192.168.69.118 | op=SEND_HEARTBEAT {datanodeUUID=3db231e5-aa41-417a-9eb1-ebae727224a1, command=[]} | ret=SUCCESS |  
2019-08-30 05:52:47,003 [EventQueue-ContainerReportForContainerReportHandler] WARN  container.ContainerReportHandler (AbstractContainerReportHandler.java:updateContainerState(143)) - Container #1 is in OPEN state, but the datanode 3db231e5-aa41-417a-9eb1-ebae727224a1{ip: 192.168.69.118, host: trunk-nightly-20190830-rr75b-3244975676, networkLocation: /default-rack, certSerialId: null} reports an CLOSED replica.
2019-08-30 05:52:47,013 | INFO  | SCMAudit | user=jenkins1000 | ip=192.168.69.118 | op=SEND_HEARTBEAT {datanodeUUID=0c3d5d33-5004-4ad0-a181-1b32c8916f48, command=[]} | ret=SUCCESS |  
2019-08-30 05:52:47,102 | INFO  | SCMAudit | user=jenkins1000 | ip=192.168.69.118 | op=SEND_HEARTBEAT {datanodeUUID=3db231e5-aa41-417a-9eb1-ebae727224a1, command=[]} | ret=SUCCESS |  
2019-08-30 05:52:47,113 | INFO  | SCMAudit | user=jenkins1000 | ip=192.168.69.118 | op=SEND_HEARTBEAT {datanodeUUID=0c3d5d33-5004-4ad0-a181-1b32c8916f48, command=[]} | ret=SUCCESS |  
2019-08-30 05:52:47,113 [EventQueue-ContainerReportForContainerReportHandler] WARN  container.ContainerReportHandler (AbstractContainerReportHandler.java:updateContainerState(143)) - Container #1 is in OPEN state, but the datanode 0c3d5d33-5004-4ad0-a181-1b32c8916f48{ip: 192.168.69.118, host: trunk-nightly-20190830-rr75b-3244975676, networkLocation: /default-rack, certSerialId: null} reports an CLOSED replica.
2019-08-30 05:52:47,202 | INFO  | SCMAudit | user=jenkins1000 | ip=192.168.69.118 | op=SEND_HEARTBEAT {datanodeUUID=3db231e5-aa41-417a-9eb1-ebae727224a1, command=[]} | ret=SUCCESS |  
2019-08-30 05:52:47,213 | INFO  | SCMAudit | user=jenkins1000 | ip=192.168.69.118 | op=SEND_HEARTBEAT {datanodeUUID=0c3d5d33-5004-4ad0-a181-1b32c8916f48, command=[]} | ret=SUCCESS |  
2019-08-30 05:52:47,302 | INFO  | SCMAudit | user=jenkins1000 | ip=192.168.69.118 | op=SEND_HEARTBEAT {datanodeUUID=3db231e5-aa41-417a-9eb1-ebae727224a1, command=[]} | ret=SUCCESS |  
2019-08-30 05:52:47,314 | INFO  | SCMAudit | user=jenkins1000 | ip=192.168.69.118 | op=SEND_HEARTBEAT {datanodeUUID=0c3d5d33-5004-4ad0-a181-1b32c8916f48, command=[]} | ret=SUCCESS |  
2019-08-30 05:52:47,406 | INFO  | SCMAudit | user=jenkins1000 | ip=192.168.69.118 | op=SEND_HEARTBEAT {datanodeUUID=3db231e5-aa41-417a-9eb1-ebae727224a1, command=[]} | ret=SUCCESS |  
2019-08-30 05:52:47,407 [EventQueue-ContainerReportForContainerReportHandler] WARN  container.ContainerReportHandler (AbstractContainerReportHandler.java:updateContainerState(143)) - Container #1 is in OPEN state, but the datanode 3db231e5-aa41-417a-9eb1-ebae727224a1{ip: 192.168.69.118, host: trunk-nightly-20190830-rr75b-3244975676, networkLocation: /default-rack, certSerialId: null} reports an CLOSED replica.
2019-08-30 05:52:47,413 | INFO  | SCMAudit | user=jenkins1000 | ip=192.168.69.118 | op=SEND_HEARTBEAT {datanodeUUID=0c3d5d33-5004-4ad0-a181-1b32c8916f48, command=[]} | ret=SUCCESS |  
2019-08-30 05:52:47,413 [EventQueue-ContainerReportForContainerReportHandler] WARN  container.ContainerReportHandler (AbstractContainerReportHandler.java:updateContainerState(143)) - Container #1 is in OPEN state, but the datanode 0c3d5d33-5004-4ad0-a181-1b32c8916f48{ip: 192.168.69.118, host: trunk-nightly-20190830-rr75b-3244975676, networkLocation: /default-rack, certSerialId: null} reports an CLOSED replica.
2019-08-30 05:52:47,502 | INFO  | SCMAudit | user=jenkins1000 | ip=192.168.69.118 | op=SEND_HEARTBEAT {datanodeUUID=3db231e5-aa41-417a-9eb1-ebae727224a1, command=[]} | ret=SUCCESS |  
2019-08-30 05:52:47,513 | INFO  | SCMAudit | user=jenkins1000 | ip=192.168.69.118 | op=SEND_HEARTBEAT {datanodeUUID=0c3d5d33-5004-4ad0-a181-1b32c8916f48, command=[]} | ret=SUCCESS |  
2019-08-30 05:52:47,602 | INFO  | SCMAudit | user=jenkins1000 | ip=192.168.69.118 | op=SEND_HEARTBEAT {datanodeUUID=3db231e5-aa41-417a-9eb1-ebae727224a1, command=[]} | ret=SUCCESS |  
2019-08-30 05:52:47,613 | INFO  | SCMAudit | user=jenkins1000 | ip=192.168.69.118 | op=SEND_HEARTBEAT {datanodeUUID=0c3d5d33-5004-4ad0-a181-1b32c8916f48, command=[]} | ret=SUCCESS |  
2019-08-30 05:52:47,703 | INFO  | SCMAudit | user=jenkins1000 | ip=192.168.69.118 | op=SEND_HEARTBEAT {datanodeUUID=3db231e5-aa41-417a-9eb1-ebae727224a1, command=[]} | ret=SUCCESS |  
2019-08-30 05:52:47,703 [EventQueue-ContainerReportForContainerReportHandler] WARN  container.ContainerReportHandler (AbstractContainerReportHandler.java:updateContainerState(143)) - Container #1 is in OPEN state, but the datanode 3db231e5-aa41-417a-9eb1-ebae727224a1{ip: 192.168.69.118, host: trunk-nightly-20190830-rr75b-3244975676, networkLocation: /default-rack, certSerialId: null} reports an CLOSED replica.
2019-08-30 05:52:47,713 | INFO  | SCMAudit | user=jenkins1000 | ip=192.168.69.118 | op=SEND_HEARTBEAT {datanodeUUID=0c3d5d33-5004-4ad0-a181-1b32c8916f48, command=[]} | ret=SUCCESS |  
2019-08-30 05:52:47,713 [EventQueue-ContainerReportForContainerReportHandler] WARN  container.ContainerReportHandler (AbstractContainerReportHandler.java:updateContainerState(143)) - Container #1 is in OPEN state, but the datanode 0c3d5d33-5004-4ad0-a181-1b32c8916f48{ip: 192.168.69.118, host: trunk-nightly-20190830-rr75b-3244975676, networkLocation: /default-rack, certSerialId: null} reports an CLOSED replica.
2019-08-30 05:52:47,802 | INFO  | SCMAudit | user=jenkins1000 | ip=192.168.69.118 | op=SEND_HEARTBEAT {datanodeUUID=3db231e5-aa41-417a-9eb1-ebae727224a1, command=[]} | ret=SUCCESS |  
2019-08-30 05:52:47,814 | INFO  | SCMAudit | user=jenkins1000 | ip=192.168.69.118 | op=SEND_HEARTBEAT {datanodeUUID=0c3d5d33-5004-4ad0-a181-1b32c8916f48, command=[]} | ret=SUCCESS |  
2019-08-30 05:52:47,903 | INFO  | SCMAudit | user=jenkins1000 | ip=192.168.69.118 | op=SEND_HEARTBEAT {datanodeUUID=3db231e5-aa41-417a-9eb1-ebae727224a1, command=[]} | ret=SUCCESS |  
2019-08-30 05:52:47,903 [EventQueue-ContainerReportForContainerReportHandler] WARN  container.ContainerReportHandler (AbstractContainerReportHandler.java:updateContainerState(143)) - Container #1 is in OPEN state, but the datanode 3db231e5-aa41-417a-9eb1-ebae727224a1{ip: 192.168.69.118, host: trunk-nightly-20190830-rr75b-3244975676, networkLocation: /default-rack, certSerialId: null} reports an CLOSED replica.
2019-08-30 05:52:47,913 | INFO  | SCMAudit | user=jenkins1000 | ip=192.168.69.118 | op=SEND_HEARTBEAT {datanodeUUID=0c3d5d33-5004-4ad0-a181-1b32c8916f48, command=[]} | ret=SUCCESS |  
2019-08-30 05:52:47,913 [EventQueue-ContainerReportForContainerReportHandler] WARN  container.ContainerReportHandler (AbstractContainerReportHandler.java:updateContainerState(143)) - Container #1 is in OPEN state, but the datanode 0c3d5d33-5004-4ad0-a181-1b32c8916f48{ip: 192.168.69.118, host: trunk-nightly-20190830-rr75b-3244975676, networkLocation: /default-rack, certSerialId: null} reports an CLOSED replica.
2019-08-30 05:52:47,985 [BlockDeletingService#6] WARN  background.BlockDeletingService (BlockDeletingService.java:isDeletionAllowed(186)) - Close Container log Index 6 is not replicated across allthe servers in the pipeline 1239619d-f8f3-45fb-8433-f96d3aac4001 as the min replicated index is 4. Deletion is not allowed in this container yet.
2019-08-30 05:52:47,986 [BlockDeletingService#2] WARN  background.BlockDeletingService (BlockDeletingService.java:isDeletionAllowed(186)) - Close Container log Index 6 is not replicated across allthe servers in the pipeline 1239619d-f8f3-45fb-8433-f96d3aac4001 as the min replicated index is 4. Deletion is not allowed in this container yet.
2019-08-30 05:52:48,002 | INFO  | SCMAudit | user=jenkins1000 | ip=192.168.69.118 | op=SEND_HEARTBEAT {datanodeUUID=3db231e5-aa41-417a-9eb1-ebae727224a1, command=[]} | ret=SUCCESS |  
2019-08-30 05:52:48,013 | INFO  | SCMAudit | user=jenkins1000 | ip=192.168.69.118 | op=SEND_HEARTBEAT {datanodeUUID=0c3d5d33-5004-4ad0-a181-1b32c8916f48, command=[]} | ret=SUCCESS |  
2019-08-30 05:52:48,102 | INFO  | SCMAudit | user=jenkins1000 | ip=192.168.69.118 | op=SEND_HEARTBEAT {datanodeUUID=3db231e5-aa41-417a-9eb1-ebae727224a1, command=[]} | ret=SUCCESS |  
2019-08-30 05:52:48,113 | INFO  | SCMAudit | user=jenkins1000 | ip=192.168.69.118 | op=SEND_HEARTBEAT {datanodeUUID=0c3d5d33-5004-4ad0-a181-1b32c8916f48, command=[]} | ret=SUCCESS |  
2019-08-30 05:52:48,202 | INFO  | SCMAudit | user=jenkins1000 | ip=192.168.69.118 | op=SEND_HEARTBEAT {datanodeUUID=3db231e5-aa41-417a-9eb1-ebae727224a1, command=[]} | ret=SUCCESS |  
2019-08-30 05:52:48,213 | INFO  | SCMAudit | user=jenkins1000 | ip=192.168.69.118 | op=SEND_HEARTBEAT {datanodeUUID=0c3d5d33-5004-4ad0-a181-1b32c8916f48, command=[]} | ret=SUCCESS |  
2019-08-30 05:52:48,302 | INFO  | SCMAudit | user=jenkins1000 | ip=192.168.69.118 | op=SEND_HEARTBEAT {datanodeUUID=3db231e5-aa41-417a-9eb1-ebae727224a1, command=[]} | ret=SUCCESS |  
2019-08-30 05:52:48,302 [EventQueue-ContainerReportForContainerReportHandler] WARN  container.ContainerReportHandler (AbstractContainerReportHandler.java:updateContainerState(143)) - Container #1 is in OPEN state, but the datanode 3db231e5-aa41-417a-9eb1-ebae727224a1{ip: 192.168.69.118, host: trunk-nightly-20190830-rr75b-3244975676, networkLocation: /default-rack, certSerialId: null} reports an CLOSED replica.
2019-08-30 05:52:48,314 | INFO  | SCMAudit | user=jenkins1000 | ip=192.168.69.118 | op=SEND_HEARTBEAT {datanodeUUID=0c3d5d33-5004-4ad0-a181-1b32c8916f48, command=[]} | ret=SUCCESS |  
2019-08-30 05:52:48,314 [EventQueue-ContainerReportForContainerReportHandler] WARN  container.ContainerReportHandler (AbstractContainerReportHandler.java:updateContainerState(143)) - Container #1 is in OPEN state, but the datanode 0c3d5d33-5004-4ad0-a181-1b32c8916f48{ip: 192.168.69.118, host: trunk-nightly-20190830-rr75b-3244975676, networkLocation: /default-rack, certSerialId: null} reports an CLOSED replica.
2019-08-30 05:52:48,402 | INFO  | SCMAudit | user=jenkins1000 | ip=192.168.69.118 | op=SEND_HEARTBEAT {datanodeUUID=3db231e5-aa41-417a-9eb1-ebae727224a1, command=[]} | ret=SUCCESS |  
2019-08-30 05:52:48,414 | INFO  | SCMAudit | user=jenkins1000 | ip=192.168.69.118 | op=SEND_HEARTBEAT {datanodeUUID=0c3d5d33-5004-4ad0-a181-1b32c8916f48, command=[]} | ret=SUCCESS |  
2019-08-30 05:52:48,502 | INFO  | SCMAudit | user=jenkins1000 | ip=192.168.69.118 | op=SEND_HEARTBEAT {datanodeUUID=3db231e5-aa41-417a-9eb1-ebae727224a1, command=[]} | ret=SUCCESS |  
2019-08-30 05:52:48,506 [grpc-default-executor-4] WARN  server.GrpcLogAppender (LogUtils.java:warn(134)) - 0c3d5d33-5004-4ad0-a181-1b32c8916f48->39b5c586-5c16-4d91-b521-ddac34f0fc4c: Failed appendEntries: org.apache.ratis.thirdparty.io.grpc.StatusRuntimeException: UNAVAILABLE: io exception
2019-08-30 05:52:48,509 [grpc-default-executor-4] INFO  impl.FollowerInfo (FollowerInfo.java:lambda$new$0(50)) - 0c3d5d33-5004-4ad0-a181-1b32c8916f48->39b5c586-5c16-4d91-b521-ddac34f0fc4c: nextIndex: updateUnconditionally 0 -> 0
2019-08-30 05:52:48,514 | INFO  | SCMAudit | user=jenkins1000 | ip=192.168.69.118 | op=SEND_HEARTBEAT {datanodeUUID=0c3d5d33-5004-4ad0-a181-1b32c8916f48, command=[]} | ret=SUCCESS |  
2019-08-30 05:52:48,603 | INFO  | SCMAudit | user=jenkins1000 | ip=192.168.69.118 | op=SEND_HEARTBEAT {datanodeUUID=3db231e5-aa41-417a-9eb1-ebae727224a1, command=[]} | ret=SUCCESS |  
2019-08-30 05:52:48,603 [EventQueue-ContainerReportForContainerReportHandler] WARN  container.ContainerReportHandler (AbstractContainerReportHandler.java:updateContainerState(143)) - Container #1 is in OPEN state, but the datanode 3db231e5-aa41-417a-9eb1-ebae727224a1{ip: 192.168.69.118, host: trunk-nightly-20190830-rr75b-3244975676, networkLocation: /default-rack, certSerialId: null} reports an CLOSED replica.
2019-08-30 05:52:48,614 | INFO  | SCMAudit | user=jenkins1000 | ip=192.168.69.118 | op=SEND_HEARTBEAT {datanodeUUID=0c3d5d33-5004-4ad0-a181-1b32c8916f48, command=[]} | ret=SUCCESS |  
2019-08-30 05:52:48,615 [EventQueue-ContainerReportForContainerReportHandler] WARN  container.ContainerReportHandler (AbstractContainerReportHandler.java:updateContainerState(143)) - Container #1 is in OPEN state, but the datanode 0c3d5d33-5004-4ad0-a181-1b32c8916f48{ip: 192.168.69.118, host: trunk-nightly-20190830-rr75b-3244975676, networkLocation: /default-rack, certSerialId: null} reports an CLOSED replica.
2019-08-30 05:52:48,703 | INFO  | SCMAudit | user=jenkins1000 | ip=192.168.69.118 | op=SEND_HEARTBEAT {datanodeUUID=3db231e5-aa41-417a-9eb1-ebae727224a1, command=[]} | ret=SUCCESS |  
2019-08-30 05:52:48,715 | INFO  | SCMAudit | user=jenkins1000 | ip=192.168.69.118 | op=SEND_HEARTBEAT {datanodeUUID=0c3d5d33-5004-4ad0-a181-1b32c8916f48, command=[]} | ret=SUCCESS |  
2019-08-30 05:52:48,803 | INFO  | SCMAudit | user=jenkins1000 | ip=192.168.69.118 | op=SEND_HEARTBEAT {datanodeUUID=3db231e5-aa41-417a-9eb1-ebae727224a1, command=[]} | ret=SUCCESS |  
2019-08-30 05:52:48,803 [EventQueue-ContainerReportForContainerReportHandler] WARN  container.ContainerReportHandler (AbstractContainerReportHandler.java:updateContainerState(143)) - Container #1 is in OPEN state, but the datanode 3db231e5-aa41-417a-9eb1-ebae727224a1{ip: 192.168.69.118, host: trunk-nightly-20190830-rr75b-3244975676, networkLocation: /default-rack, certSerialId: null} reports an CLOSED replica.
2019-08-30 05:52:48,815 | INFO  | SCMAudit | user=jenkins1000 | ip=192.168.69.118 | op=SEND_HEARTBEAT {datanodeUUID=0c3d5d33-5004-4ad0-a181-1b32c8916f48, command=[]} | ret=SUCCESS |  
2019-08-30 05:52:48,903 | INFO  | SCMAudit | user=jenkins1000 | ip=192.168.69.118 | op=SEND_HEARTBEAT {datanodeUUID=3db231e5-aa41-417a-9eb1-ebae727224a1, command=[]} | ret=SUCCESS |  
2019-08-30 05:52:48,915 | INFO  | SCMAudit | user=jenkins1000 | ip=192.168.69.118 | op=SEND_HEARTBEAT {datanodeUUID=0c3d5d33-5004-4ad0-a181-1b32c8916f48, command=[]} | ret=SUCCESS |  
2019-08-30 05:52:48,915 [EventQueue-ContainerReportForContainerReportHandler] WARN  container.ContainerReportHandler (AbstractContainerReportHandler.java:updateContainerState(143)) - Container #1 is in OPEN state, but the datanode 0c3d5d33-5004-4ad0-a181-1b32c8916f48{ip: 192.168.69.118, host: trunk-nightly-20190830-rr75b-3244975676, networkLocation: /default-rack, certSerialId: null} reports an CLOSED replica.
2019-08-30 05:52:48,987 [BlockDeletingService#6] WARN  background.BlockDeletingService (BlockDeletingService.java:isDeletionAllowed(186)) - Close Container log Index 6 is not replicated across allthe servers in the pipeline 1239619d-f8f3-45fb-8433-f96d3aac4001 as the min replicated index is 4. Deletion is not allowed in this container yet.
2019-08-30 05:52:48,988 [BlockDeletingService#2] WARN  background.BlockDeletingService (BlockDeletingService.java:isDeletionAllowed(186)) - Close Container log Index 6 is not replicated across allthe servers in the pipeline 1239619d-f8f3-45fb-8433-f96d3aac4001 as the min replicated index is 4. Deletion is not allowed in this container yet.
2019-08-30 05:52:49,003 | INFO  | SCMAudit | user=jenkins1000 | ip=192.168.69.118 | op=SEND_HEARTBEAT {datanodeUUID=3db231e5-aa41-417a-9eb1-ebae727224a1, command=[]} | ret=SUCCESS |  
2019-08-30 05:52:49,015 | INFO  | SCMAudit | user=jenkins1000 | ip=192.168.69.118 | op=SEND_HEARTBEAT {datanodeUUID=0c3d5d33-5004-4ad0-a181-1b32c8916f48, command=[]} | ret=SUCCESS |  
2019-08-30 05:52:49,103 | INFO  | SCMAudit | user=jenkins1000 | ip=192.168.69.118 | op=SEND_HEARTBEAT {datanodeUUID=3db231e5-aa41-417a-9eb1-ebae727224a1, command=[]} | ret=SUCCESS |  
2019-08-30 05:52:49,103 [EventQueue-ContainerReportForContainerReportHandler] WARN  container.ContainerReportHandler (AbstractContainerReportHandler.java:updateContainerState(143)) - Container #1 is in OPEN state, but the datanode 3db231e5-aa41-417a-9eb1-ebae727224a1{ip: 192.168.69.118, host: trunk-nightly-20190830-rr75b-3244975676, networkLocation: /default-rack, certSerialId: null} reports an CLOSED replica.
2019-08-30 05:52:49,115 | INFO  | SCMAudit | user=jenkins1000 | ip=192.168.69.118 | op=SEND_HEARTBEAT {datanodeUUID=0c3d5d33-5004-4ad0-a181-1b32c8916f48, command=[]} | ret=SUCCESS |  
2019-08-30 05:52:49,115 [EventQueue-ContainerReportForContainerReportHandler] WARN  container.ContainerReportHandler (AbstractContainerReportHandler.java:updateContainerState(143)) - Container #1 is in OPEN state, but the datanode 0c3d5d33-5004-4ad0-a181-1b32c8916f48{ip: 192.168.69.118, host: trunk-nightly-20190830-rr75b-3244975676, networkLocation: /default-rack, certSerialId: null} reports an CLOSED replica.
2019-08-30 05:52:49,203 | INFO  | SCMAudit | user=jenkins1000 | ip=192.168.69.118 | op=SEND_HEARTBEAT {datanodeUUID=3db231e5-aa41-417a-9eb1-ebae727224a1, command=[]} | ret=SUCCESS |  
2019-08-30 05:52:49,215 | INFO  | SCMAudit | user=jenkins1000 | ip=192.168.69.118 | op=SEND_HEARTBEAT {datanodeUUID=0c3d5d33-5004-4ad0-a181-1b32c8916f48, command=[]} | ret=SUCCESS |  
2019-08-30 05:52:49,303 | INFO  | SCMAudit | user=jenkins1000 | ip=192.168.69.118 | op=SEND_HEARTBEAT {datanodeUUID=3db231e5-aa41-417a-9eb1-ebae727224a1, command=[]} | ret=SUCCESS |  
2019-08-30 05:52:49,315 | INFO  | SCMAudit | user=jenkins1000 | ip=192.168.69.118 | op=SEND_HEARTBEAT {datanodeUUID=0c3d5d33-5004-4ad0-a181-1b32c8916f48, command=[]} | ret=SUCCESS |  
2019-08-30 05:52:49,403 | INFO  | SCMAudit | user=jenkins1000 | ip=192.168.69.118 | op=SEND_HEARTBEAT {datanodeUUID=3db231e5-aa41-417a-9eb1-ebae727224a1, command=[]} | ret=SUCCESS |  
2019-08-30 05:52:49,403 [EventQueue-ContainerReportForContainerReportHandler] WARN  container.ContainerReportHandler (AbstractContainerReportHandler.java:updateContainerState(143)) - Container #1 is in OPEN state, but the datanode 3db231e5-aa41-417a-9eb1-ebae727224a1{ip: 192.168.69.118, host: trunk-nightly-20190830-rr75b-3244975676, networkLocation: /default-rack, certSerialId: null} reports an CLOSED replica.
2019-08-30 05:52:49,415 | INFO  | SCMAudit | user=jenkins1000 | ip=192.168.69.118 | op=SEND_HEARTBEAT {datanodeUUID=0c3d5d33-5004-4ad0-a181-1b32c8916f48, command=[]} | ret=SUCCESS |  
2019-08-30 05:52:49,416 [EventQueue-ContainerReportForContainerReportHandler] WARN  container.ContainerReportHandler (AbstractContainerReportHandler.java:updateContainerState(143)) - Container #1 is in OPEN state, but the datanode 0c3d5d33-5004-4ad0-a181-1b32c8916f48{ip: 192.168.69.118, host: trunk-nightly-20190830-rr75b-3244975676, networkLocation: /default-rack, certSerialId: null} reports an CLOSED replica.
2019-08-30 05:52:49,503 | INFO  | SCMAudit | user=jenkins1000 | ip=192.168.69.118 | op=SEND_HEARTBEAT {datanodeUUID=3db231e5-aa41-417a-9eb1-ebae727224a1, command=[]} | ret=SUCCESS |  
2019-08-30 05:52:49,515 | INFO  | SCMAudit | user=jenkins1000 | ip=192.168.69.118 | op=SEND_HEARTBEAT {datanodeUUID=0c3d5d33-5004-4ad0-a181-1b32c8916f48, command=[]} | ret=SUCCESS |  
2019-08-30 05:52:49,604 | INFO  | SCMAudit | user=jenkins1000 | ip=192.168.69.118 | op=SEND_HEARTBEAT {datanodeUUID=3db231e5-aa41-417a-9eb1-ebae727224a1, command=[]} | ret=SUCCESS |  
2019-08-30 05:52:49,617 | INFO  | SCMAudit | user=jenkins1000 | ip=192.168.69.118 | op=SEND_HEARTBEAT {datanodeUUID=0c3d5d33-5004-4ad0-a181-1b32c8916f48, command=[]} | ret=SUCCESS |  
2019-08-30 05:52:49,617 [EventQueue-ContainerReportForContainerReportHandler] WARN  container.ContainerReportHandler (AbstractContainerReportHandler.java:updateContainerState(143)) - Container #1 is in OPEN state, but the datanode 0c3d5d33-5004-4ad0-a181-1b32c8916f48{ip: 192.168.69.118, host: trunk-nightly-20190830-rr75b-3244975676, networkLocation: /default-rack, certSerialId: null} reports an CLOSED replica.
2019-08-30 05:52:49,705 | INFO  | SCMAudit | user=jenkins1000 | ip=192.168.69.118 | op=SEND_HEARTBEAT {datanodeUUID=3db231e5-aa41-417a-9eb1-ebae727224a1, command=[]} | ret=SUCCESS |  
2019-08-30 05:52:49,705 [EventQueue-ContainerReportForContainerReportHandler] WARN  container.ContainerReportHandler (AbstractContainerReportHandler.java:updateContainerState(143)) - Container #1 is in OPEN state, but the datanode 3db231e5-aa41-417a-9eb1-ebae727224a1{ip: 192.168.69.118, host: trunk-nightly-20190830-rr75b-3244975676, networkLocation: /default-rack, certSerialId: null} reports an CLOSED replica.
2019-08-30 05:52:49,717 | INFO  | SCMAudit | user=jenkins1000 | ip=192.168.69.118 | op=SEND_HEARTBEAT {datanodeUUID=0c3d5d33-5004-4ad0-a181-1b32c8916f48, command=[]} | ret=SUCCESS |  
2019-08-30 05:52:49,804 | INFO  | SCMAudit | user=jenkins1000 | ip=192.168.69.118 | op=SEND_HEARTBEAT {datanodeUUID=3db231e5-aa41-417a-9eb1-ebae727224a1, command=[]} | ret=SUCCESS |  
2019-08-30 05:52:49,817 | INFO  | SCMAudit | user=jenkins1000 | ip=192.168.69.118 | op=SEND_HEARTBEAT {datanodeUUID=0c3d5d33-5004-4ad0-a181-1b32c8916f48, command=[]} | ret=SUCCESS |  
2019-08-30 05:52:49,817 [EventQueue-ContainerReportForContainerReportHandler] WARN  container.ContainerReportHandler (AbstractContainerReportHandler.java:updateContainerState(143)) - Container #1 is in OPEN state, but the datanode 0c3d5d33-5004-4ad0-a181-1b32c8916f48{ip: 192.168.69.118, host: trunk-nightly-20190830-rr75b-3244975676, networkLocation: /default-rack, certSerialId: null} reports an CLOSED replica.
2019-08-30 05:52:49,904 | INFO  | SCMAudit | user=jenkins1000 | ip=192.168.69.118 | op=SEND_HEARTBEAT {datanodeUUID=3db231e5-aa41-417a-9eb1-ebae727224a1, command=[]} | ret=SUCCESS |  
2019-08-30 05:52:49,917 | INFO  | SCMAudit | user=jenkins1000 | ip=192.168.69.118 | op=SEND_HEARTBEAT {datanodeUUID=0c3d5d33-5004-4ad0-a181-1b32c8916f48, command=[]} | ret=SUCCESS |  
2019-08-30 05:52:49,989 [BlockDeletingService#6] WARN  background.BlockDeletingService (BlockDeletingService.java:isDeletionAllowed(186)) - Close Container log Index 6 is not replicated across allthe servers in the pipeline 1239619d-f8f3-45fb-8433-f96d3aac4001 as the min replicated index is 4. Deletion is not allowed in this container yet.
2019-08-30 05:52:49,989 [BlockDeletingService#2] WARN  background.BlockDeletingService (BlockDeletingService.java:isDeletionAllowed(186)) - Close Container log Index 6 is not replicated across allthe servers in the pipeline 1239619d-f8f3-45fb-8433-f96d3aac4001 as the min replicated index is 4. Deletion is not allowed in this container yet.
2019-08-30 05:52:50,005 | INFO  | SCMAudit | user=jenkins1000 | ip=192.168.69.118 | op=SEND_HEARTBEAT {datanodeUUID=3db231e5-aa41-417a-9eb1-ebae727224a1, command=[]} | ret=SUCCESS |  
2019-08-30 05:52:50,005 [EventQueue-ContainerReportForContainerReportHandler] WARN  container.ContainerReportHandler (AbstractContainerReportHandler.java:updateContainerState(143)) - Container #1 is in OPEN state, but the datanode 3db231e5-aa41-417a-9eb1-ebae727224a1{ip: 192.168.69.118, host: trunk-nightly-20190830-rr75b-3244975676, networkLocation: /default-rack, certSerialId: null} reports an CLOSED replica.
2019-08-30 05:52:50,017 | INFO  | SCMAudit | user=jenkins1000 | ip=192.168.69.118 | op=SEND_HEARTBEAT {datanodeUUID=0c3d5d33-5004-4ad0-a181-1b32c8916f48, command=[]} | ret=SUCCESS |  
2019-08-30 05:52:50,105 | INFO  | SCMAudit | user=jenkins1000 | ip=192.168.69.118 | op=SEND_HEARTBEAT {datanodeUUID=3db231e5-aa41-417a-9eb1-ebae727224a1, command=[]} | ret=SUCCESS |  
2019-08-30 05:52:50,118 | INFO  | SCMAudit | user=jenkins1000 | ip=192.168.69.118 | op=SEND_HEARTBEAT {datanodeUUID=0c3d5d33-5004-4ad0-a181-1b32c8916f48, command=[]} | ret=SUCCESS |  
2019-08-30 05:52:50,118 [EventQueue-ContainerReportForContainerReportHandler] WARN  container.ContainerReportHandler (AbstractContainerReportHandler.java:updateContainerState(143)) - Container #1 is in OPEN state, but the datanode 0c3d5d33-5004-4ad0-a181-1b32c8916f48{ip: 192.168.69.118, host: trunk-nightly-20190830-rr75b-3244975676, networkLocation: /default-rack, certSerialId: null} reports an CLOSED replica.
2019-08-30 05:52:50,205 | INFO  | SCMAudit | user=jenkins1000 | ip=192.168.69.118 | op=SEND_HEARTBEAT {datanodeUUID=3db231e5-aa41-417a-9eb1-ebae727224a1, command=[]} | ret=SUCCESS |  
2019-08-30 05:52:50,218 | INFO  | SCMAudit | user=jenkins1000 | ip=192.168.69.118 | op=SEND_HEARTBEAT {datanodeUUID=0c3d5d33-5004-4ad0-a181-1b32c8916f48, command=[]} | ret=SUCCESS |  
2019-08-30 05:52:50,305 | INFO  | SCMAudit | user=jenkins1000 | ip=192.168.69.118 | op=SEND_HEARTBEAT {datanodeUUID=3db231e5-aa41-417a-9eb1-ebae727224a1, command=[]} | ret=SUCCESS |  
2019-08-30 05:52:50,318 | INFO  | SCMAudit | user=jenkins1000 | ip=192.168.69.118 | op=SEND_HEARTBEAT {datanodeUUID=0c3d5d33-5004-4ad0-a181-1b32c8916f48, command=[]} | ret=SUCCESS |  
2019-08-30 05:52:50,405 | INFO  | SCMAudit | user=jenkins1000 | ip=192.168.69.118 | op=SEND_HEARTBEAT {datanodeUUID=3db231e5-aa41-417a-9eb1-ebae727224a1, command=[]} | ret=SUCCESS |  
2019-08-30 05:52:50,405 [EventQueue-ContainerReportForContainerReportHandler] WARN  container.ContainerReportHandler (AbstractContainerReportHandler.java:updateContainerState(143)) - Container #1 is in OPEN state, but the datanode 3db231e5-aa41-417a-9eb1-ebae727224a1{ip: 192.168.69.118, host: trunk-nightly-20190830-rr75b-3244975676, networkLocation: /default-rack, certSerialId: null} reports an CLOSED replica.
2019-08-30 05:52:50,418 | INFO  | SCMAudit | user=jenkins1000 | ip=192.168.69.118 | op=SEND_HEARTBEAT {datanodeUUID=0c3d5d33-5004-4ad0-a181-1b32c8916f48, command=[]} | ret=SUCCESS |  
2019-08-30 05:52:50,418 [EventQueue-ContainerReportForContainerReportHandler] WARN  container.ContainerReportHandler (AbstractContainerReportHandler.java:updateContainerState(143)) - Container #1 is in OPEN state, but the datanode 0c3d5d33-5004-4ad0-a181-1b32c8916f48{ip: 192.168.69.118, host: trunk-nightly-20190830-rr75b-3244975676, networkLocation: /default-rack, certSerialId: null} reports an CLOSED replica.
2019-08-30 05:52:50,505 | INFO  | SCMAudit | user=jenkins1000 | ip=192.168.69.118 | op=SEND_HEARTBEAT {datanodeUUID=3db231e5-aa41-417a-9eb1-ebae727224a1, command=[]} | ret=SUCCESS |  
2019-08-30 05:52:50,518 | INFO  | SCMAudit | user=jenkins1000 | ip=192.168.69.118 | op=SEND_HEARTBEAT {datanodeUUID=0c3d5d33-5004-4ad0-a181-1b32c8916f48, command=[]} | ret=SUCCESS |  
2019-08-30 05:52:50,605 | INFO  | SCMAudit | user=jenkins1000 | ip=192.168.69.118 | op=SEND_HEARTBEAT {datanodeUUID=3db231e5-aa41-417a-9eb1-ebae727224a1, command=[]} | ret=SUCCESS |  
2019-08-30 05:52:50,618 | INFO  | SCMAudit | user=jenkins1000 | ip=192.168.69.118 | op=SEND_HEARTBEAT {datanodeUUID=0c3d5d33-5004-4ad0-a181-1b32c8916f48, command=[]} | ret=SUCCESS |  
2019-08-30 05:52:50,705 | INFO  | SCMAudit | user=jenkins1000 | ip=192.168.69.118 | op=SEND_HEARTBEAT {datanodeUUID=3db231e5-aa41-417a-9eb1-ebae727224a1, command=[]} | ret=SUCCESS |  
2019-08-30 05:52:50,706 [EventQueue-ContainerReportForContainerReportHandler] WARN  container.ContainerReportHandler (AbstractContainerReportHandler.java:updateContainerState(143)) - Container #1 is in OPEN state, but the datanode 3db231e5-aa41-417a-9eb1-ebae727224a1{ip: 192.168.69.118, host: trunk-nightly-20190830-rr75b-3244975676, networkLocation: /default-rack, certSerialId: null} reports an CLOSED replica.
2019-08-30 05:52:50,719 | INFO  | SCMAudit | user=jenkins1000 | ip=192.168.69.118 | op=SEND_HEARTBEAT {datanodeUUID=0c3d5d33-5004-4ad0-a181-1b32c8916f48, command=[]} | ret=SUCCESS |  
2019-08-30 05:52:50,719 [EventQueue-ContainerReportForContainerReportHandler] WARN  container.ContainerReportHandler (AbstractContainerReportHandler.java:updateContainerState(143)) - Container #1 is in OPEN state, but the datanode 0c3d5d33-5004-4ad0-a181-1b32c8916f48{ip: 192.168.69.118, host: trunk-nightly-20190830-rr75b-3244975676, networkLocation: /default-rack, certSerialId: null} reports an CLOSED replica.
2019-08-30 05:52:50,805 | INFO  | SCMAudit | user=jenkins1000 | ip=192.168.69.118 | op=SEND_HEARTBEAT {datanodeUUID=3db231e5-aa41-417a-9eb1-ebae727224a1, command=[]} | ret=SUCCESS |  
2019-08-30 05:52:50,819 | INFO  | SCMAudit | user=jenkins1000 | ip=192.168.69.118 | op=SEND_HEARTBEAT {datanodeUUID=0c3d5d33-5004-4ad0-a181-1b32c8916f48, command=[]} | ret=SUCCESS |  
2019-08-30 05:52:50,905 | INFO  | SCMAudit | user=jenkins1000 | ip=192.168.69.118 | op=SEND_HEARTBEAT {datanodeUUID=3db231e5-aa41-417a-9eb1-ebae727224a1, command=[]} | ret=SUCCESS |  
2019-08-30 05:52:50,905 [EventQueue-ContainerReportForContainerReportHandler] WARN  container.ContainerReportHandler (AbstractContainerReportHandler.java:updateContainerState(143)) - Container #1 is in OPEN state, but the datanode 3db231e5-aa41-417a-9eb1-ebae727224a1{ip: 192.168.69.118, host: trunk-nightly-20190830-rr75b-3244975676, networkLocation: /default-rack, certSerialId: null} reports an CLOSED replica.
2019-08-30 05:52:50,919 | INFO  | SCMAudit | user=jenkins1000 | ip=192.168.69.118 | op=SEND_HEARTBEAT {datanodeUUID=0c3d5d33-5004-4ad0-a181-1b32c8916f48, command=[]} | ret=SUCCESS |  
2019-08-30 05:52:50,919 [EventQueue-ContainerReportForContainerReportHandler] WARN  container.ContainerReportHandler (AbstractContainerReportHandler.java:updateContainerState(143)) - Container #1 is in OPEN state, but the datanode 0c3d5d33-5004-4ad0-a181-1b32c8916f48{ip: 192.168.69.118, host: trunk-nightly-20190830-rr75b-3244975676, networkLocation: /default-rack, certSerialId: null} reports an CLOSED replica.
2019-08-30 05:52:50,991 [BlockDeletingService#6] WARN  background.BlockDeletingService (BlockDeletingService.java:isDeletionAllowed(186)) - Close Container log Index 6 is not replicated across allthe servers in the pipeline 1239619d-f8f3-45fb-8433-f96d3aac4001 as the min replicated index is 4. Deletion is not allowed in this container yet.
2019-08-30 05:52:50,991 [BlockDeletingService#2] WARN  background.BlockDeletingService (BlockDeletingService.java:isDeletionAllowed(186)) - Close Container log Index 6 is not replicated across allthe servers in the pipeline 1239619d-f8f3-45fb-8433-f96d3aac4001 as the min replicated index is 4. Deletion is not allowed in this container yet.
2019-08-30 05:52:51,005 | INFO  | SCMAudit | user=jenkins1000 | ip=192.168.69.118 | op=SEND_HEARTBEAT {datanodeUUID=3db231e5-aa41-417a-9eb1-ebae727224a1, command=[]} | ret=SUCCESS |  
2019-08-30 05:52:51,005 [grpc-default-executor-0] WARN  server.GrpcLogAppender (LogUtils.java:warn(134)) - 0c3d5d33-5004-4ad0-a181-1b32c8916f48->39b5c586-5c16-4d91-b521-ddac34f0fc4c: Failed appendEntries: org.apache.ratis.thirdparty.io.grpc.StatusRuntimeException: UNAVAILABLE: io exception
2019-08-30 05:52:51,008 [grpc-default-executor-0] INFO  impl.FollowerInfo (FollowerInfo.java:lambda$new$0(50)) - 0c3d5d33-5004-4ad0-a181-1b32c8916f48->39b5c586-5c16-4d91-b521-ddac34f0fc4c: nextIndex: updateUnconditionally 0 -> 0
2019-08-30 05:52:51,019 | INFO  | SCMAudit | user=jenkins1000 | ip=192.168.69.118 | op=SEND_HEARTBEAT {datanodeUUID=0c3d5d33-5004-4ad0-a181-1b32c8916f48, command=[]} | ret=SUCCESS |  
2019-08-30 05:52:51,105 | INFO  | SCMAudit | user=jenkins1000 | ip=192.168.69.118 | op=SEND_HEARTBEAT {datanodeUUID=3db231e5-aa41-417a-9eb1-ebae727224a1, command=[]} | ret=SUCCESS |  
2019-08-30 05:52:51,119 | INFO  | SCMAudit | user=jenkins1000 | ip=192.168.69.118 | op=SEND_HEARTBEAT {datanodeUUID=0c3d5d33-5004-4ad0-a181-1b32c8916f48, command=[]} | ret=SUCCESS |  
2019-08-30 05:52:51,205 | INFO  | SCMAudit | user=jenkins1000 | ip=192.168.69.118 | op=SEND_HEARTBEAT {datanodeUUID=3db231e5-aa41-417a-9eb1-ebae727224a1, command=[]} | ret=SUCCESS |  
2019-08-30 05:52:51,219 | INFO  | SCMAudit | user=jenkins1000 | ip=192.168.69.118 | op=SEND_HEARTBEAT {datanodeUUID=0c3d5d33-5004-4ad0-a181-1b32c8916f48, command=[]} | ret=SUCCESS |  
2019-08-30 05:52:51,305 | INFO  | SCMAudit | user=jenkins1000 | ip=192.168.69.118 | op=SEND_HEARTBEAT {datanodeUUID=3db231e5-aa41-417a-9eb1-ebae727224a1, command=[]} | ret=SUCCESS |  
2019-08-30 05:52:51,305 [EventQueue-ContainerReportForContainerReportHandler] WARN  container.ContainerReportHandler (AbstractContainerReportHandler.java:updateContainerState(143)) - Container #1 is in OPEN state, but the datanode 3db231e5-aa41-417a-9eb1-ebae727224a1{ip: 192.168.69.118, host: trunk-nightly-20190830-rr75b-3244975676, networkLocation: /default-rack, certSerialId: null} reports an CLOSED replica.
2019-08-30 05:52:51,319 | INFO  | SCMAudit | user=jenkins1000 | ip=192.168.69.118 | op=SEND_HEARTBEAT {datanodeUUID=0c3d5d33-5004-4ad0-a181-1b32c8916f48, command=[]} | ret=SUCCESS |  
2019-08-30 05:52:51,319 [EventQueue-ContainerReportForContainerReportHandler] WARN  container.ContainerReportHandler (AbstractContainerReportHandler.java:updateContainerState(143)) - Container #1 is in OPEN state, but the datanode 0c3d5d33-5004-4ad0-a181-1b32c8916f48{ip: 192.168.69.118, host: trunk-nightly-20190830-rr75b-3244975676, networkLocation: /default-rack, certSerialId: null} reports an CLOSED replica.
2019-08-30 05:52:51,406 | INFO  | SCMAudit | user=jenkins1000 | ip=192.168.69.118 | op=SEND_HEARTBEAT {datanodeUUID=3db231e5-aa41-417a-9eb1-ebae727224a1, command=[]} | ret=SUCCESS |  
2019-08-30 05:52:51,419 | INFO  | SCMAudit | user=jenkins1000 | ip=192.168.69.118 | op=SEND_HEARTBEAT {datanodeUUID=0c3d5d33-5004-4ad0-a181-1b32c8916f48, command=[]} | ret=SUCCESS |  
2019-08-30 05:52:51,505 | INFO  | SCMAudit | user=jenkins1000 | ip=192.168.69.118 | op=SEND_HEARTBEAT {datanodeUUID=3db231e5-aa41-417a-9eb1-ebae727224a1, command=[]} | ret=SUCCESS |  
2019-08-30 05:52:51,519 | INFO  | SCMAudit | user=jenkins1000 | ip=192.168.69.118 | op=SEND_HEARTBEAT {datanodeUUID=0c3d5d33-5004-4ad0-a181-1b32c8916f48, command=[]} | ret=SUCCESS |  
2019-08-30 05:52:51,519 [EventQueue-ContainerReportForContainerReportHandler] WARN  container.ContainerReportHandler (AbstractContainerReportHandler.java:updateContainerState(143)) - Container #1 is in OPEN state, but the datanode 0c3d5d33-5004-4ad0-a181-1b32c8916f48{ip: 192.168.69.118, host: trunk-nightly-20190830-rr75b-3244975676, networkLocation: /default-rack, certSerialId: null} reports an CLOSED replica.
2019-08-30 05:52:51,605 | INFO  | SCMAudit | user=jenkins1000 | ip=192.168.69.118 | op=SEND_HEARTBEAT {datanodeUUID=3db231e5-aa41-417a-9eb1-ebae727224a1, command=[]} | ret=SUCCESS |  
2019-08-30 05:52:51,605 [EventQueue-ContainerReportForContainerReportHandler] WARN  container.ContainerReportHandler (AbstractContainerReportHandler.java:updateContainerState(143)) - Container #1 is in OPEN state, but the datanode 3db231e5-aa41-417a-9eb1-ebae727224a1{ip: 192.168.69.118, host: trunk-nightly-20190830-rr75b-3244975676, networkLocation: /default-rack, certSerialId: null} reports an CLOSED replica.
2019-08-30 05:52:51,619 | INFO  | SCMAudit | user=jenkins1000 | ip=192.168.69.118 | op=SEND_HEARTBEAT {datanodeUUID=0c3d5d33-5004-4ad0-a181-1b32c8916f48, command=[]} | ret=SUCCESS |  
2019-08-30 05:52:51,706 | INFO  | SCMAudit | user=jenkins1000 | ip=192.168.69.118 | op=SEND_HEARTBEAT {datanodeUUID=3db231e5-aa41-417a-9eb1-ebae727224a1, command=[]} | ret=SUCCESS |  
2019-08-30 05:52:51,719 | INFO  | SCMAudit | user=jenkins1000 | ip=192.168.69.118 | op=SEND_HEARTBEAT {datanodeUUID=0c3d5d33-5004-4ad0-a181-1b32c8916f48, command=[]} | ret=SUCCESS |  
2019-08-30 05:52:51,805 | INFO  | SCMAudit | user=jenkins1000 | ip=192.168.69.118 | op=SEND_HEARTBEAT {datanodeUUID=3db231e5-aa41-417a-9eb1-ebae727224a1, command=[]} | ret=SUCCESS |  
2019-08-30 05:52:51,819 | INFO  | SCMAudit | user=jenkins1000 | ip=192.168.69.118 | op=SEND_HEARTBEAT {datanodeUUID=0c3d5d33-5004-4ad0-a181-1b32c8916f48, command=[]} | ret=SUCCESS |  
2019-08-30 05:52:51,819 [EventQueue-ContainerReportForContainerReportHandler] WARN  container.ContainerReportHandler (AbstractContainerReportHandler.java:updateContainerState(143)) - Container #1 is in OPEN state, but the datanode 0c3d5d33-5004-4ad0-a181-1b32c8916f48{ip: 192.168.69.118, host: trunk-nightly-20190830-rr75b-3244975676, networkLocation: /default-rack, certSerialId: null} reports an CLOSED replica.
2019-08-30 05:52:51,906 | INFO  | SCMAudit | user=jenkins1000 | ip=192.168.69.118 | op=SEND_HEARTBEAT {datanodeUUID=3db231e5-aa41-417a-9eb1-ebae727224a1, command=[]} | ret=SUCCESS |  
2019-08-30 05:52:51,906 [EventQueue-ContainerReportForContainerReportHandler] WARN  container.ContainerReportHandler (AbstractContainerReportHandler.java:updateContainerState(143)) - Container #1 is in OPEN state, but the datanode 3db231e5-aa41-417a-9eb1-ebae727224a1{ip: 192.168.69.118, host: trunk-nightly-20190830-rr75b-3244975676, networkLocation: /default-rack, certSerialId: null} reports an CLOSED replica.
2019-08-30 05:52:51,919 | INFO  | SCMAudit | user=jenkins1000 | ip=192.168.69.118 | op=SEND_HEARTBEAT {datanodeUUID=0c3d5d33-5004-4ad0-a181-1b32c8916f48, command=[]} | ret=SUCCESS |  
2019-08-30 05:52:51,992 [BlockDeletingService#6] WARN  background.BlockDeletingService (BlockDeletingService.java:isDeletionAllowed(186)) - Close Container log Index 6 is not replicated across allthe servers in the pipeline 1239619d-f8f3-45fb-8433-f96d3aac4001 as the min replicated index is 4. Deletion is not allowed in this container yet.
2019-08-30 05:52:51,993 [BlockDeletingService#2] WARN  background.BlockDeletingService (BlockDeletingService.java:isDeletionAllowed(186)) - Close Container log Index 6 is not replicated across allthe servers in the pipeline 1239619d-f8f3-45fb-8433-f96d3aac4001 as the min replicated index is 4. Deletion is not allowed in this container yet.
2019-08-30 05:52:52,005 | INFO  | SCMAudit | user=jenkins1000 | ip=192.168.69.118 | op=SEND_HEARTBEAT {datanodeUUID=3db231e5-aa41-417a-9eb1-ebae727224a1, command=[]} | ret=SUCCESS |  
2019-08-30 05:52:52,020 | INFO  | SCMAudit | user=jenkins1000 | ip=192.168.69.118 | op=SEND_HEARTBEAT {datanodeUUID=0c3d5d33-5004-4ad0-a181-1b32c8916f48, command=[]} | ret=SUCCESS |  
2019-08-30 05:52:52,105 | INFO  | SCMAudit | user=jenkins1000 | ip=192.168.69.118 | op=SEND_HEARTBEAT {datanodeUUID=3db231e5-aa41-417a-9eb1-ebae727224a1, command=[]} | ret=SUCCESS |  
2019-08-30 05:52:52,120 | INFO  | SCMAudit | user=jenkins1000 | ip=192.168.69.118 | op=SEND_HEARTBEAT {datanodeUUID=0c3d5d33-5004-4ad0-a181-1b32c8916f48, command=[]} | ret=SUCCESS |  
2019-08-30 05:52:52,205 | INFO  | SCMAudit | user=jenkins1000 | ip=192.168.69.118 | op=SEND_HEARTBEAT {datanodeUUID=3db231e5-aa41-417a-9eb1-ebae727224a1, command=[]} | ret=SUCCESS |  
2019-08-30 05:52:52,206 [EventQueue-ContainerReportForContainerReportHandler] WARN  container.ContainerReportHandler (AbstractContainerReportHandler.java:updateContainerState(143)) - Container #1 is in OPEN state, but the datanode 3db231e5-aa41-417a-9eb1-ebae727224a1{ip: 192.168.69.118, host: trunk-nightly-20190830-rr75b-3244975676, networkLocation: /default-rack, certSerialId: null} reports an CLOSED replica.
2019-08-30 05:52:52,220 | INFO  | SCMAudit | user=jenkins1000 | ip=192.168.69.118 | op=SEND_HEARTBEAT {datanodeUUID=0c3d5d33-5004-4ad0-a181-1b32c8916f48, command=[]} | ret=SUCCESS |  
2019-08-30 05:52:52,220 [EventQueue-ContainerReportForContainerReportHandler] WARN  container.ContainerReportHandler (AbstractContainerReportHandler.java:updateContainerState(143)) - Container #1 is in OPEN state, but the datanode 0c3d5d33-5004-4ad0-a181-1b32c8916f48{ip: 192.168.69.118, host: trunk-nightly-20190830-rr75b-3244975676, networkLocation: /default-rack, certSerialId: null} reports an CLOSED replica.
2019-08-30 05:52:52,306 | INFO  | SCMAudit | user=jenkins1000 | ip=192.168.69.118 | op=SEND_HEARTBEAT {datanodeUUID=3db231e5-aa41-417a-9eb1-ebae727224a1, command=[]} | ret=SUCCESS |  
2019-08-30 05:52:52,320 | INFO  | SCMAudit | user=jenkins1000 | ip=192.168.69.118 | op=SEND_HEARTBEAT {datanodeUUID=0c3d5d33-5004-4ad0-a181-1b32c8916f48, command=[]} | ret=SUCCESS |  
2019-08-30 05:52:52,406 | INFO  | SCMAudit | user=jenkins1000 | ip=192.168.69.118 | op=SEND_HEARTBEAT {datanodeUUID=3db231e5-aa41-417a-9eb1-ebae727224a1, command=[]} | ret=SUCCESS |  
2019-08-30 05:52:52,420 | INFO  | SCMAudit | user=jenkins1000 | ip=192.168.69.118 | op=SEND_HEARTBEAT {datanodeUUID=0c3d5d33-5004-4ad0-a181-1b32c8916f48, command=[]} | ret=SUCCESS |  
2019-08-30 05:52:52,506 | INFO  | SCMAudit | user=jenkins1000 | ip=192.168.69.118 | op=SEND_HEARTBEAT {datanodeUUID=3db231e5-aa41-417a-9eb1-ebae727224a1, command=[]} | ret=SUCCESS |  
2019-08-30 05:52:52,520 | INFO  | SCMAudit | user=jenkins1000 | ip=192.168.69.118 | op=SEND_HEARTBEAT {datanodeUUID=0c3d5d33-5004-4ad0-a181-1b32c8916f48, command=[]} | ret=SUCCESS |  
2019-08-30 05:52:52,521 [EventQueue-ContainerReportForContainerReportHandler] WARN  container.ContainerReportHandler (AbstractContainerReportHandler.java:updateContainerState(143)) - Container #1 is in OPEN state, but the datanode 0c3d5d33-5004-4ad0-a181-1b32c8916f48{ip: 192.168.69.118, host: trunk-nightly-20190830-rr75b-3244975676, networkLocation: /default-rack, certSerialId: null} reports an CLOSED replica.
2019-08-30 05:52:52,607 | INFO  | SCMAudit | user=jenkins1000 | ip=192.168.69.118 | op=SEND_HEARTBEAT {datanodeUUID=3db231e5-aa41-417a-9eb1-ebae727224a1, command=[]} | ret=SUCCESS |  
2019-08-30 05:52:52,607 [EventQueue-ContainerReportForContainerReportHandler] WARN  container.ContainerReportHandler (AbstractContainerReportHandler.java:updateContainerState(143)) - Container #1 is in OPEN state, but the datanode 3db231e5-aa41-417a-9eb1-ebae727224a1{ip: 192.168.69.118, host: trunk-nightly-20190830-rr75b-3244975676, networkLocation: /default-rack, certSerialId: null} reports an CLOSED replica.
2019-08-30 05:52:52,621 | INFO  | SCMAudit | user=jenkins1000 | ip=192.168.69.118 | op=SEND_HEARTBEAT {datanodeUUID=0c3d5d33-5004-4ad0-a181-1b32c8916f48, command=[]} | ret=SUCCESS |  
2019-08-30 05:52:52,706 | INFO  | SCMAudit | user=jenkins1000 | ip=192.168.69.118 | op=SEND_HEARTBEAT {datanodeUUID=3db231e5-aa41-417a-9eb1-ebae727224a1, command=[]} | ret=SUCCESS |  
2019-08-30 05:52:52,721 | INFO  | SCMAudit | user=jenkins1000 | ip=192.168.69.118 | op=SEND_HEARTBEAT {datanodeUUID=0c3d5d33-5004-4ad0-a181-1b32c8916f48, command=[]} | ret=SUCCESS |  
2019-08-30 05:52:52,807 | INFO  | SCMAudit | user=jenkins1000 | ip=192.168.69.118 | op=SEND_HEARTBEAT {datanodeUUID=3db231e5-aa41-417a-9eb1-ebae727224a1, command=[]} | ret=SUCCESS |  
2019-08-30 05:52:52,807 [EventQueue-ContainerReportForContainerReportHandler] WARN  container.ContainerReportHandler (AbstractContainerReportHandler.java:updateContainerState(143)) - Container #1 is in OPEN state, but the datanode 3db231e5-aa41-417a-9eb1-ebae727224a1{ip: 192.168.69.118, host: trunk-nightly-20190830-rr75b-3244975676, networkLocation: /default-rack, certSerialId: null} reports an CLOSED replica.
2019-08-30 05:52:52,821 | INFO  | SCMAudit | user=jenkins1000 | ip=192.168.69.118 | op=SEND_HEARTBEAT {datanodeUUID=0c3d5d33-5004-4ad0-a181-1b32c8916f48, command=[]} | ret=SUCCESS |  
2019-08-30 05:52:52,906 | INFO  | SCMAudit | user=jenkins1000 | ip=192.168.69.118 | op=SEND_HEARTBEAT {datanodeUUID=3db231e5-aa41-417a-9eb1-ebae727224a1, command=[]} | ret=SUCCESS |  
2019-08-30 05:52:52,921 | INFO  | SCMAudit | user=jenkins1000 | ip=192.168.69.118 | op=SEND_HEARTBEAT {datanodeUUID=0c3d5d33-5004-4ad0-a181-1b32c8916f48, command=[]} | ret=SUCCESS |  
2019-08-30 05:52:52,921 [EventQueue-ContainerReportForContainerReportHandler] WARN  container.ContainerReportHandler (AbstractContainerReportHandler.java:updateContainerState(143)) - Container #1 is in OPEN state, but the datanode 0c3d5d33-5004-4ad0-a181-1b32c8916f48{ip: 192.168.69.118, host: trunk-nightly-20190830-rr75b-3244975676, networkLocation: /default-rack, certSerialId: null} reports an CLOSED replica.
2019-08-30 05:52:52,994 [BlockDeletingService#2] WARN  background.BlockDeletingService (BlockDeletingService.java:isDeletionAllowed(186)) - Close Container log Index 6 is not replicated across allthe servers in the pipeline 1239619d-f8f3-45fb-8433-f96d3aac4001 as the min replicated index is 4. Deletion is not allowed in this container yet.
2019-08-30 05:52:52,994 [BlockDeletingService#6] WARN  background.BlockDeletingService (BlockDeletingService.java:isDeletionAllowed(186)) - Close Container log Index 6 is not replicated across allthe servers in the pipeline 1239619d-f8f3-45fb-8433-f96d3aac4001 as the min replicated index is 4. Deletion is not allowed in this container yet.
2019-08-30 05:52:53,006 | INFO  | SCMAudit | user=jenkins1000 | ip=192.168.69.118 | op=SEND_HEARTBEAT {datanodeUUID=3db231e5-aa41-417a-9eb1-ebae727224a1, command=[]} | ret=SUCCESS |  
2019-08-30 05:52:53,006 [EventQueue-ContainerReportForContainerReportHandler] WARN  container.ContainerReportHandler (AbstractContainerReportHandler.java:updateContainerState(143)) - Container #1 is in OPEN state, but the datanode 3db231e5-aa41-417a-9eb1-ebae727224a1{ip: 192.168.69.118, host: trunk-nightly-20190830-rr75b-3244975676, networkLocation: /default-rack, certSerialId: null} reports an CLOSED replica.
2019-08-30 05:52:53,021 | INFO  | SCMAudit | user=jenkins1000 | ip=192.168.69.118 | op=SEND_HEARTBEAT {datanodeUUID=0c3d5d33-5004-4ad0-a181-1b32c8916f48, command=[]} | ret=SUCCESS |  
2019-08-30 05:52:53,106 | INFO  | SCMAudit | user=jenkins1000 | ip=192.168.69.118 | op=SEND_HEARTBEAT {datanodeUUID=3db231e5-aa41-417a-9eb1-ebae727224a1, command=[]} | ret=SUCCESS |  
2019-08-30 05:52:53,121 | INFO  | SCMAudit | user=jenkins1000 | ip=192.168.69.118 | op=SEND_HEARTBEAT {datanodeUUID=0c3d5d33-5004-4ad0-a181-1b32c8916f48, command=[]} | ret=SUCCESS |  
2019-08-30 05:52:53,121 [EventQueue-ContainerReportForContainerReportHandler] WARN  container.ContainerReportHandler (AbstractContainerReportHandler.java:updateContainerState(143)) - Container #1 is in OPEN state, but the datanode 0c3d5d33-5004-4ad0-a181-1b32c8916f48{ip: 192.168.69.118, host: trunk-nightly-20190830-rr75b-3244975676, networkLocation: /default-rack, certSerialId: null} reports an CLOSED replica.
2019-08-30 05:52:53,207 | INFO  | SCMAudit | user=jenkins1000 | ip=192.168.69.118 | op=SEND_HEARTBEAT {datanodeUUID=3db231e5-aa41-417a-9eb1-ebae727224a1, command=[]} | ret=SUCCESS |  
2019-08-30 05:52:53,221 | INFO  | SCMAudit | user=jenkins1000 | ip=192.168.69.118 | op=SEND_HEARTBEAT {datanodeUUID=0c3d5d33-5004-4ad0-a181-1b32c8916f48, command=[]} | ret=SUCCESS |  
2019-08-30 05:52:53,308 | INFO  | SCMAudit | user=jenkins1000 | ip=192.168.69.118 | op=SEND_HEARTBEAT {datanodeUUID=3db231e5-aa41-417a-9eb1-ebae727224a1, command=[]} | ret=SUCCESS |  
2019-08-30 05:52:53,309 [EventQueue-ContainerReportForContainerReportHandler] WARN  container.ContainerReportHandler (AbstractContainerReportHandler.java:updateContainerState(143)) - Container #1 is in OPEN state, but the datanode 3db231e5-aa41-417a-9eb1-ebae727224a1{ip: 192.168.69.118, host: trunk-nightly-20190830-rr75b-3244975676, networkLocation: /default-rack, certSerialId: null} reports an CLOSED replica.
2019-08-30 05:52:53,321 | INFO  | SCMAudit | user=jenkins1000 | ip=192.168.69.118 | op=SEND_HEARTBEAT {datanodeUUID=0c3d5d33-5004-4ad0-a181-1b32c8916f48, command=[]} | ret=SUCCESS |  
2019-08-30 05:52:53,408 | INFO  | SCMAudit | user=jenkins1000 | ip=192.168.69.118 | op=SEND_HEARTBEAT {datanodeUUID=3db231e5-aa41-417a-9eb1-ebae727224a1, command=[]} | ret=SUCCESS |  
2019-08-30 05:52:53,421 | INFO  | SCMAudit | user=jenkins1000 | ip=192.168.69.118 | op=SEND_HEARTBEAT {datanodeUUID=0c3d5d33-5004-4ad0-a181-1b32c8916f48, command=[]} | ret=SUCCESS |  
2019-08-30 05:52:53,507 [grpc-default-executor-0] WARN  server.GrpcLogAppender (LogUtils.java:warn(134)) - 0c3d5d33-5004-4ad0-a181-1b32c8916f48->39b5c586-5c16-4d91-b521-ddac34f0fc4c: Failed appendEntries: org.apache.ratis.thirdparty.io.grpc.StatusRuntimeException: UNAVAILABLE: io exception
2019-08-30 05:52:53,509 [grpc-default-executor-0] INFO  impl.FollowerInfo (FollowerInfo.java:lambda$new$0(50)) - 0c3d5d33-5004-4ad0-a181-1b32c8916f48->39b5c586-5c16-4d91-b521-ddac34f0fc4c: nextIndex: updateUnconditionally 0 -> 0
2019-08-30 05:52:53,510 | INFO  | SCMAudit | user=jenkins1000 | ip=192.168.69.118 | op=SEND_HEARTBEAT {datanodeUUID=3db231e5-aa41-417a-9eb1-ebae727224a1, command=[]} | ret=SUCCESS |  
2019-08-30 05:52:53,510 [EventQueue-ContainerReportForContainerReportHandler] WARN  container.ContainerReportHandler (AbstractContainerReportHandler.java:updateContainerState(143)) - Container #1 is in OPEN state, but the datanode 3db231e5-aa41-417a-9eb1-ebae727224a1{ip: 192.168.69.118, host: trunk-nightly-20190830-rr75b-3244975676, networkLocation: /default-rack, certSerialId: null} reports an CLOSED replica.
2019-08-30 05:52:53,521 | INFO  | SCMAudit | user=jenkins1000 | ip=192.168.69.118 | op=SEND_HEARTBEAT {datanodeUUID=0c3d5d33-5004-4ad0-a181-1b32c8916f48, command=[]} | ret=SUCCESS |  
2019-08-30 05:52:53,521 [EventQueue-ContainerReportForContainerReportHandler] WARN  container.ContainerReportHandler (AbstractContainerReportHandler.java:updateContainerState(143)) - Container #1 is in OPEN state, but the datanode 0c3d5d33-5004-4ad0-a181-1b32c8916f48{ip: 192.168.69.118, host: trunk-nightly-20190830-rr75b-3244975676, networkLocation: /default-rack, certSerialId: null} reports an CLOSED replica.
2019-08-30 05:52:53,611 | INFO  | SCMAudit | user=jenkins1000 | ip=192.168.69.118 | op=SEND_HEARTBEAT {datanodeUUID=3db231e5-aa41-417a-9eb1-ebae727224a1, command=[]} | ret=SUCCESS |  
2019-08-30 05:52:53,621 | INFO  | SCMAudit | user=jenkins1000 | ip=192.168.69.118 | op=SEND_HEARTBEAT {datanodeUUID=0c3d5d33-5004-4ad0-a181-1b32c8916f48, command=[]} | ret=SUCCESS |  
2019-08-30 05:52:53,710 | INFO  | SCMAudit | user=jenkins1000 | ip=192.168.69.118 | op=SEND_HEARTBEAT {datanodeUUID=3db231e5-aa41-417a-9eb1-ebae727224a1, command=[]} | ret=SUCCESS |  
2019-08-30 05:52:53,721 | INFO  | SCMAudit | user=jenkins1000 | ip=192.168.69.118 | op=SEND_HEARTBEAT {datanodeUUID=0c3d5d33-5004-4ad0-a181-1b32c8916f48, command=[]} | ret=SUCCESS |  
2019-08-30 05:52:53,811 | INFO  | SCMAudit | user=jenkins1000 | ip=192.168.69.118 | op=SEND_HEARTBEAT {datanodeUUID=3db231e5-aa41-417a-9eb1-ebae727224a1, command=[]} | ret=SUCCESS |  
2019-08-30 05:52:53,811 [EventQueue-ContainerReportForContainerReportHandler] WARN  container.ContainerReportHandler (AbstractContainerReportHandler.java:updateContainerState(143)) - Container #1 is in OPEN state, but the datanode 3db231e5-aa41-417a-9eb1-ebae727224a1{ip: 192.168.69.118, host: trunk-nightly-20190830-rr75b-3244975676, networkLocation: /default-rack, certSerialId: null} reports an CLOSED replica.
2019-08-30 05:52:53,821 | INFO  | SCMAudit | user=jenkins1000 | ip=192.168.69.118 | op=SEND_HEARTBEAT {datanodeUUID=0c3d5d33-5004-4ad0-a181-1b32c8916f48, command=[]} | ret=SUCCESS |  
2019-08-30 05:52:53,910 | INFO  | SCMAudit | user=jenkins1000 | ip=192.168.69.118 | op=SEND_HEARTBEAT {datanodeUUID=3db231e5-aa41-417a-9eb1-ebae727224a1, command=[]} | ret=SUCCESS |  
2019-08-30 05:52:53,921 | INFO  | SCMAudit | user=jenkins1000 | ip=192.168.69.118 | op=SEND_HEARTBEAT {datanodeUUID=0c3d5d33-5004-4ad0-a181-1b32c8916f48, command=[]} | ret=SUCCESS |  
2019-08-30 05:52:53,921 [EventQueue-ContainerReportForContainerReportHandler] WARN  container.ContainerReportHandler (AbstractContainerReportHandler.java:updateContainerState(143)) - Container #1 is in OPEN state, but the datanode 0c3d5d33-5004-4ad0-a181-1b32c8916f48{ip: 192.168.69.118, host: trunk-nightly-20190830-rr75b-3244975676, networkLocation: /default-rack, certSerialId: null} reports an CLOSED replica.
2019-08-30 05:52:53,996 [BlockDeletingService#2] WARN  background.BlockDeletingService (BlockDeletingService.java:isDeletionAllowed(186)) - Close Container log Index 6 is not replicated across allthe servers in the pipeline 1239619d-f8f3-45fb-8433-f96d3aac4001 as the min replicated index is 4. Deletion is not allowed in this container yet.
2019-08-30 05:52:53,996 [BlockDeletingService#6] WARN  background.BlockDeletingService (BlockDeletingService.java:isDeletionAllowed(186)) - Close Container log Index 6 is not replicated across allthe servers in the pipeline 1239619d-f8f3-45fb-8433-f96d3aac4001 as the min replicated index is 4. Deletion is not allowed in this container yet.
2019-08-30 05:52:54,010 | INFO  | SCMAudit | user=jenkins1000 | ip=192.168.69.118 | op=SEND_HEARTBEAT {datanodeUUID=3db231e5-aa41-417a-9eb1-ebae727224a1, command=[]} | ret=SUCCESS |  
2019-08-30 05:52:54,021 | INFO  | SCMAudit | user=jenkins1000 | ip=192.168.69.118 | op=SEND_HEARTBEAT {datanodeUUID=0c3d5d33-5004-4ad0-a181-1b32c8916f48, command=[]} | ret=SUCCESS |  
2019-08-30 05:52:54,110 | INFO  | SCMAudit | user=jenkins1000 | ip=192.168.69.118 | op=SEND_HEARTBEAT {datanodeUUID=3db231e5-aa41-417a-9eb1-ebae727224a1, command=[]} | ret=SUCCESS |  
2019-08-30 05:52:54,122 | INFO  | SCMAudit | user=jenkins1000 | ip=192.168.69.118 | op=SEND_HEARTBEAT {datanodeUUID=0c3d5d33-5004-4ad0-a181-1b32c8916f48, command=[]} | ret=SUCCESS |  
2019-08-30 05:52:54,210 | INFO  | SCMAudit | user=jenkins1000 | ip=192.168.69.118 | op=SEND_HEARTBEAT {datanodeUUID=3db231e5-aa41-417a-9eb1-ebae727224a1, command=[]} | ret=SUCCESS |  
2019-08-30 05:52:54,210 [EventQueue-ContainerReportForContainerReportHandler] WARN  container.ContainerReportHandler (AbstractContainerReportHandler.java:updateContainerState(143)) - Container #1 is in OPEN state, but the datanode 3db231e5-aa41-417a-9eb1-ebae727224a1{ip: 192.168.69.118, host: trunk-nightly-20190830-rr75b-3244975676, networkLocation: /default-rack, certSerialId: null} reports an CLOSED replica.
2019-08-30 05:52:54,222 | INFO  | SCMAudit | user=jenkins1000 | ip=192.168.69.118 | op=SEND_HEARTBEAT {datanodeUUID=0c3d5d33-5004-4ad0-a181-1b32c8916f48, command=[]} | ret=SUCCESS |  
2019-08-30 05:52:54,222 [EventQueue-ContainerReportForContainerReportHandler] WARN  container.ContainerReportHandler (AbstractContainerReportHandler.java:updateContainerState(143)) - Container #1 is in OPEN state, but the datanode 0c3d5d33-5004-4ad0-a181-1b32c8916f48{ip: 192.168.69.118, host: trunk-nightly-20190830-rr75b-3244975676, networkLocation: /default-rack, certSerialId: null} reports an CLOSED replica.
2019-08-30 05:52:54,310 | INFO  | SCMAudit | user=jenkins1000 | ip=192.168.69.118 | op=SEND_HEARTBEAT {datanodeUUID=3db231e5-aa41-417a-9eb1-ebae727224a1, command=[]} | ret=SUCCESS |  
2019-08-30 05:52:54,322 | INFO  | SCMAudit | user=jenkins1000 | ip=192.168.69.118 | op=SEND_HEARTBEAT {datanodeUUID=0c3d5d33-5004-4ad0-a181-1b32c8916f48, command=[]} | ret=SUCCESS |  
2019-08-30 05:52:54,411 | INFO  | SCMAudit | user=jenkins1000 | ip=192.168.69.118 | op=SEND_HEARTBEAT {datanodeUUID=3db231e5-aa41-417a-9eb1-ebae727224a1, command=[]} | ret=SUCCESS |  
2019-08-30 05:52:54,411 [EventQueue-ContainerReportForContainerReportHandler] WARN  container.ContainerReportHandler (AbstractContainerReportHandler.java:updateContainerState(143)) - Container #1 is in OPEN state, but the datanode 3db231e5-aa41-417a-9eb1-ebae727224a1{ip: 192.168.69.118, host: trunk-nightly-20190830-rr75b-3244975676, networkLocation: /default-rack, certSerialId: null} reports an CLOSED replica.
2019-08-30 05:52:54,422 | INFO  | SCMAudit | user=jenkins1000 | ip=192.168.69.118 | op=SEND_HEARTBEAT {datanodeUUID=0c3d5d33-5004-4ad0-a181-1b32c8916f48, command=[]} | ret=SUCCESS |  
2019-08-30 05:52:54,512 | INFO  | SCMAudit | user=jenkins1000 | ip=192.168.69.118 | op=SEND_HEARTBEAT {datanodeUUID=3db231e5-aa41-417a-9eb1-ebae727224a1, command=[]} | ret=SUCCESS |  
2019-08-30 05:52:54,522 | INFO  | SCMAudit | user=jenkins1000 | ip=192.168.69.118 | op=SEND_HEARTBEAT {datanodeUUID=0c3d5d33-5004-4ad0-a181-1b32c8916f48, command=[]} | ret=SUCCESS |  
2019-08-30 05:52:54,523 [EventQueue-ContainerReportForContainerReportHandler] WARN  container.ContainerReportHandler (AbstractContainerReportHandler.java:updateContainerState(143)) - Container #1 is in OPEN state, but the datanode 0c3d5d33-5004-4ad0-a181-1b32c8916f48{ip: 192.168.69.118, host: trunk-nightly-20190830-rr75b-3244975676, networkLocation: /default-rack, certSerialId: null} reports an CLOSED replica.
2019-08-30 05:52:54,611 | INFO  | SCMAudit | user=jenkins1000 | ip=192.168.69.118 | op=SEND_HEARTBEAT {datanodeUUID=3db231e5-aa41-417a-9eb1-ebae727224a1, command=[]} | ret=SUCCESS |  
2019-08-30 05:52:54,623 | INFO  | SCMAudit | user=jenkins1000 | ip=192.168.69.118 | op=SEND_HEARTBEAT {datanodeUUID=0c3d5d33-5004-4ad0-a181-1b32c8916f48, command=[]} | ret=SUCCESS |  
2019-08-30 05:52:54,711 | INFO  | SCMAudit | user=jenkins1000 | ip=192.168.69.118 | op=SEND_HEARTBEAT {datanodeUUID=3db231e5-aa41-417a-9eb1-ebae727224a1, command=[]} | ret=SUCCESS |  
2019-08-30 05:52:54,711 [EventQueue-ContainerReportForContainerReportHandler] WARN  container.ContainerReportHandler (AbstractContainerReportHandler.java:updateContainerState(143)) - Container #1 is in OPEN state, but the datanode 3db231e5-aa41-417a-9eb1-ebae727224a1{ip: 192.168.69.118, host: trunk-nightly-20190830-rr75b-3244975676, networkLocation: /default-rack, certSerialId: null} reports an CLOSED replica.
2019-08-30 05:52:54,723 | INFO  | SCMAudit | user=jenkins1000 | ip=192.168.69.118 | op=SEND_HEARTBEAT {datanodeUUID=0c3d5d33-5004-4ad0-a181-1b32c8916f48, command=[]} | ret=SUCCESS |  
2019-08-30 05:52:54,723 [EventQueue-ContainerReportForContainerReportHandler] WARN  container.ContainerReportHandler (AbstractContainerReportHandler.java:updateContainerState(143)) - Container #1 is in OPEN state, but the datanode 0c3d5d33-5004-4ad0-a181-1b32c8916f48{ip: 192.168.69.118, host: trunk-nightly-20190830-rr75b-3244975676, networkLocation: /default-rack, certSerialId: null} reports an CLOSED replica.
2019-08-30 05:52:54,811 | INFO  | SCMAudit | user=jenkins1000 | ip=192.168.69.118 | op=SEND_HEARTBEAT {datanodeUUID=3db231e5-aa41-417a-9eb1-ebae727224a1, command=[]} | ret=SUCCESS |  
2019-08-30 05:52:54,823 | INFO  | SCMAudit | user=jenkins1000 | ip=192.168.69.118 | op=SEND_HEARTBEAT {datanodeUUID=0c3d5d33-5004-4ad0-a181-1b32c8916f48, command=[]} | ret=SUCCESS |  
2019-08-30 05:52:54,912 | INFO  | SCMAudit | user=jenkins1000 | ip=192.168.69.118 | op=SEND_HEARTBEAT {datanodeUUID=3db231e5-aa41-417a-9eb1-ebae727224a1, command=[]} | ret=SUCCESS |  
2019-08-30 05:52:54,923 | INFO  | SCMAudit | user=jenkins1000 | ip=192.168.69.118 | op=SEND_HEARTBEAT {datanodeUUID=0c3d5d33-5004-4ad0-a181-1b32c8916f48, command=[]} | ret=SUCCESS |  
2019-08-30 05:52:54,923 [EventQueue-ContainerReportForContainerReportHandler] WARN  container.ContainerReportHandler (AbstractContainerReportHandler.java:updateContainerState(143)) - Container #1 is in OPEN state, but the datanode 0c3d5d33-5004-4ad0-a181-1b32c8916f48{ip: 192.168.69.118, host: trunk-nightly-20190830-rr75b-3244975676, networkLocation: /default-rack, certSerialId: null} reports an CLOSED replica.
2019-08-30 05:52:54,998 [BlockDeletingService#2] WARN  background.BlockDeletingService (BlockDeletingService.java:isDeletionAllowed(186)) - Close Container log Index 6 is not replicated across allthe servers in the pipeline 1239619d-f8f3-45fb-8433-f96d3aac4001 as the min replicated index is 4. Deletion is not allowed in this container yet.
2019-08-30 05:52:54,998 [BlockDeletingService#6] WARN  background.BlockDeletingService (BlockDeletingService.java:isDeletionAllowed(186)) - Close Container log Index 6 is not replicated across allthe servers in the pipeline 1239619d-f8f3-45fb-8433-f96d3aac4001 as the min replicated index is 4. Deletion is not allowed in this container yet.
2019-08-30 05:52:55,011 | INFO  | SCMAudit | user=jenkins1000 | ip=192.168.69.118 | op=SEND_HEARTBEAT {datanodeUUID=3db231e5-aa41-417a-9eb1-ebae727224a1, command=[]} | ret=SUCCESS |  
2019-08-30 05:52:55,011 [EventQueue-ContainerReportForContainerReportHandler] WARN  container.ContainerReportHandler (AbstractContainerReportHandler.java:updateContainerState(143)) - Container #1 is in OPEN state, but the datanode 3db231e5-aa41-417a-9eb1-ebae727224a1{ip: 192.168.69.118, host: trunk-nightly-20190830-rr75b-3244975676, networkLocation: /default-rack, certSerialId: null} reports an CLOSED replica.
2019-08-30 05:52:55,023 | INFO  | SCMAudit | user=jenkins1000 | ip=192.168.69.118 | op=SEND_HEARTBEAT {datanodeUUID=0c3d5d33-5004-4ad0-a181-1b32c8916f48, command=[]} | ret=SUCCESS |  
2019-08-30 05:52:55,111 | INFO  | SCMAudit | user=jenkins1000 | ip=192.168.69.118 | op=SEND_HEARTBEAT {datanodeUUID=3db231e5-aa41-417a-9eb1-ebae727224a1, command=[]} | ret=SUCCESS |  
2019-08-30 05:52:55,123 | INFO  | SCMAudit | user=jenkins1000 | ip=192.168.69.118 | op=SEND_HEARTBEAT {datanodeUUID=0c3d5d33-5004-4ad0-a181-1b32c8916f48, command=[]} | ret=SUCCESS |  
2019-08-30 05:52:55,124 [EventQueue-ContainerReportForContainerReportHandler] WARN  container.ContainerReportHandler (AbstractContainerReportHandler.java:updateContainerState(143)) - Container #1 is in OPEN state, but the datanode 0c3d5d33-5004-4ad0-a181-1b32c8916f48{ip: 192.168.69.118, host: trunk-nightly-20190830-rr75b-3244975676, networkLocation: /default-rack, certSerialId: null} reports an CLOSED replica.
2019-08-30 05:52:55,212 | INFO  | SCMAudit | user=jenkins1000 | ip=192.168.69.118 | op=SEND_HEARTBEAT {datanodeUUID=3db231e5-aa41-417a-9eb1-ebae727224a1, command=[]} | ret=SUCCESS |  
2019-08-30 05:52:55,223 | INFO  | SCMAudit | user=jenkins1000 | ip=192.168.69.118 | op=SEND_HEARTBEAT {datanodeUUID=0c3d5d33-5004-4ad0-a181-1b32c8916f48, command=[]} | ret=SUCCESS |  
2019-08-30 05:52:55,312 | INFO  | SCMAudit | user=jenkins1000 | ip=192.168.69.118 | op=SEND_HEARTBEAT {datanodeUUID=3db231e5-aa41-417a-9eb1-ebae727224a1, command=[]} | ret=SUCCESS |  
2019-08-30 05:52:55,312 [EventQueue-ContainerReportForContainerReportHandler] WARN  container.ContainerReportHandler (AbstractContainerReportHandler.java:updateContainerState(143)) - Container #1 is in OPEN state, but the datanode 3db231e5-aa41-417a-9eb1-ebae727224a1{ip: 192.168.69.118, host: trunk-nightly-20190830-rr75b-3244975676, networkLocation: /default-rack, certSerialId: null} reports an CLOSED replica.
2019-08-30 05:52:55,324 | INFO  | SCMAudit | user=jenkins1000 | ip=192.168.69.118 | op=SEND_HEARTBEAT {datanodeUUID=0c3d5d33-5004-4ad0-a181-1b32c8916f48, command=[]} | ret=SUCCESS |  
2019-08-30 05:52:55,324 [EventQueue-ContainerReportForContainerReportHandler] WARN  container.ContainerReportHandler (AbstractContainerReportHandler.java:updateContainerState(143)) - Container #1 is in OPEN state, but the datanode 0c3d5d33-5004-4ad0-a181-1b32c8916f48{ip: 192.168.69.118, host: trunk-nightly-20190830-rr75b-3244975676, networkLocation: /default-rack, certSerialId: null} reports an CLOSED replica.
2019-08-30 05:52:55,413 | INFO  | SCMAudit | user=jenkins1000 | ip=192.168.69.118 | op=SEND_HEARTBEAT {datanodeUUID=3db231e5-aa41-417a-9eb1-ebae727224a1, command=[]} | ret=SUCCESS |  
2019-08-30 05:52:55,424 | INFO  | SCMAudit | user=jenkins1000 | ip=192.168.69.118 | op=SEND_HEARTBEAT {datanodeUUID=0c3d5d33-5004-4ad0-a181-1b32c8916f48, command=[]} | ret=SUCCESS |  
2019-08-30 05:52:55,512 | INFO  | SCMAudit | user=jenkins1000 | ip=192.168.69.118 | op=SEND_HEARTBEAT {datanodeUUID=3db231e5-aa41-417a-9eb1-ebae727224a1, command=[]} | ret=SUCCESS |  
2019-08-30 05:52:55,512 [EventQueue-ContainerReportForContainerReportHandler] WARN  container.ContainerReportHandler (AbstractContainerReportHandler.java:updateContainerState(143)) - Container #1 is in OPEN state, but the datanode 3db231e5-aa41-417a-9eb1-ebae727224a1{ip: 192.168.69.118, host: trunk-nightly-20190830-rr75b-3244975676, networkLocation: /default-rack, certSerialId: null} reports an CLOSED replica.
2019-08-30 05:52:55,524 | INFO  | SCMAudit | user=jenkins1000 | ip=192.168.69.118 | op=SEND_HEARTBEAT {datanodeUUID=0c3d5d33-5004-4ad0-a181-1b32c8916f48, command=[]} | ret=SUCCESS |  
2019-08-30 05:52:55,524 [EventQueue-ContainerReportForContainerReportHandler] WARN  container.ContainerReportHandler (AbstractContainerReportHandler.java:updateContainerState(143)) - Container #1 is in OPEN state, but the datanode 0c3d5d33-5004-4ad0-a181-1b32c8916f48{ip: 192.168.69.118, host: trunk-nightly-20190830-rr75b-3244975676, networkLocation: /default-rack, certSerialId: null} reports an CLOSED replica.
2019-08-30 05:52:55,612 | INFO  | SCMAudit | user=jenkins1000 | ip=192.168.69.118 | op=SEND_HEARTBEAT {datanodeUUID=3db231e5-aa41-417a-9eb1-ebae727224a1, command=[]} | ret=SUCCESS |  
2019-08-30 05:52:55,624 | INFO  | SCMAudit | user=jenkins1000 | ip=192.168.69.118 | op=SEND_HEARTBEAT {datanodeUUID=0c3d5d33-5004-4ad0-a181-1b32c8916f48, command=[]} | ret=SUCCESS |  
2019-08-30 05:52:55,712 | INFO  | SCMAudit | user=jenkins1000 | ip=192.168.69.118 | op=SEND_HEARTBEAT {datanodeUUID=3db231e5-aa41-417a-9eb1-ebae727224a1, command=[]} | ret=SUCCESS |  
2019-08-30 05:52:55,724 | INFO  | SCMAudit | user=jenkins1000 | ip=192.168.69.118 | op=SEND_HEARTBEAT {datanodeUUID=0c3d5d33-5004-4ad0-a181-1b32c8916f48, command=[]} | ret=SUCCESS |  
2019-08-30 05:52:55,812 | INFO  | SCMAudit | user=jenkins1000 | ip=192.168.69.118 | op=SEND_HEARTBEAT {datanodeUUID=3db231e5-aa41-417a-9eb1-ebae727224a1, command=[]} | ret=SUCCESS |  
2019-08-30 05:52:55,812 [EventQueue-ContainerReportForContainerReportHandler] WARN  container.ContainerReportHandler (AbstractContainerReportHandler.java:updateContainerState(143)) - Container #1 is in OPEN state, but the datanode 3db231e5-aa41-417a-9eb1-ebae727224a1{ip: 192.168.69.118, host: trunk-nightly-20190830-rr75b-3244975676, networkLocation: /default-rack, certSerialId: null} reports an CLOSED replica.
2019-08-30 05:52:55,824 | INFO  | SCMAudit | user=jenkins1000 | ip=192.168.69.118 | op=SEND_HEARTBEAT {datanodeUUID=0c3d5d33-5004-4ad0-a181-1b32c8916f48, command=[]} | ret=SUCCESS |  
2019-08-30 05:52:55,912 | INFO  | SCMAudit | user=jenkins1000 | ip=192.168.69.118 | op=SEND_HEARTBEAT {datanodeUUID=3db231e5-aa41-417a-9eb1-ebae727224a1, command=[]} | ret=SUCCESS |  
2019-08-30 05:52:55,925 | INFO  | SCMAudit | user=jenkins1000 | ip=192.168.69.118 | op=SEND_HEARTBEAT {datanodeUUID=0c3d5d33-5004-4ad0-a181-1b32c8916f48, command=[]} | ret=SUCCESS |  
2019-08-30 05:52:55,925 [EventQueue-ContainerReportForContainerReportHandler] WARN  container.ContainerReportHandler (AbstractContainerReportHandler.java:updateContainerState(143)) - Container #1 is in OPEN state, but the datanode 0c3d5d33-5004-4ad0-a181-1b32c8916f48{ip: 192.168.69.118, host: trunk-nightly-20190830-rr75b-3244975676, networkLocation: /default-rack, certSerialId: null} reports an CLOSED replica.
2019-08-30 05:52:55,999 [BlockDeletingService#2] WARN  background.BlockDeletingService (BlockDeletingService.java:isDeletionAllowed(186)) - Close Container log Index 6 is not replicated across allthe servers in the pipeline 1239619d-f8f3-45fb-8433-f96d3aac4001 as the min replicated index is 4. Deletion is not allowed in this container yet.
2019-08-30 05:52:56,000 [BlockDeletingService#6] WARN  background.BlockDeletingService (BlockDeletingService.java:isDeletionAllowed(186)) - Close Container log Index 6 is not replicated across allthe servers in the pipeline 1239619d-f8f3-45fb-8433-f96d3aac4001 as the min replicated index is 4. Deletion is not allowed in this container yet.
2019-08-30 05:52:56,008 [grpc-default-executor-1] WARN  server.GrpcLogAppender (LogUtils.java:warn(134)) - 0c3d5d33-5004-4ad0-a181-1b32c8916f48->39b5c586-5c16-4d91-b521-ddac34f0fc4c: Failed appendEntries: org.apache.ratis.thirdparty.io.grpc.StatusRuntimeException: UNAVAILABLE: io exception
2019-08-30 05:52:56,010 [grpc-default-executor-1] INFO  impl.FollowerInfo (FollowerInfo.java:lambda$new$0(50)) - 0c3d5d33-5004-4ad0-a181-1b32c8916f48->39b5c586-5c16-4d91-b521-ddac34f0fc4c: nextIndex: updateUnconditionally 0 -> 0
2019-08-30 05:52:56,013 | INFO  | SCMAudit | user=jenkins1000 | ip=192.168.69.118 | op=SEND_HEARTBEAT {datanodeUUID=3db231e5-aa41-417a-9eb1-ebae727224a1, command=[]} | ret=SUCCESS |  
2019-08-30 05:52:56,025 | INFO  | SCMAudit | user=jenkins1000 | ip=192.168.69.118 | op=SEND_HEARTBEAT {datanodeUUID=0c3d5d33-5004-4ad0-a181-1b32c8916f48, command=[]} | ret=SUCCESS |  
2019-08-30 05:52:56,113 | INFO  | SCMAudit | user=jenkins1000 | ip=192.168.69.118 | op=SEND_HEARTBEAT {datanodeUUID=3db231e5-aa41-417a-9eb1-ebae727224a1, command=[]} | ret=SUCCESS |  
2019-08-30 05:52:56,113 [EventQueue-ContainerReportForContainerReportHandler] WARN  container.ContainerReportHandler (AbstractContainerReportHandler.java:updateContainerState(143)) - Container #1 is in OPEN state, but the datanode 3db231e5-aa41-417a-9eb1-ebae727224a1{ip: 192.168.69.118, host: trunk-nightly-20190830-rr75b-3244975676, networkLocation: /default-rack, certSerialId: null} reports an CLOSED replica.
2019-08-30 05:52:56,125 | INFO  | SCMAudit | user=jenkins1000 | ip=192.168.69.118 | op=SEND_HEARTBEAT {datanodeUUID=0c3d5d33-5004-4ad0-a181-1b32c8916f48, command=[]} | ret=SUCCESS |  
2019-08-30 05:52:56,125 [EventQueue-ContainerReportForContainerReportHandler] WARN  container.ContainerReportHandler (AbstractContainerReportHandler.java:updateContainerState(143)) - Container #1 is in OPEN state, but the datanode 0c3d5d33-5004-4ad0-a181-1b32c8916f48{ip: 192.168.69.118, host: trunk-nightly-20190830-rr75b-3244975676, networkLocation: /default-rack, certSerialId: null} reports an CLOSED replica.
2019-08-30 05:52:56,213 | INFO  | SCMAudit | user=jenkins1000 | ip=192.168.69.118 | op=SEND_HEARTBEAT {datanodeUUID=3db231e5-aa41-417a-9eb1-ebae727224a1, command=[]} | ret=SUCCESS |  
2019-08-30 05:52:56,225 | INFO  | SCMAudit | user=jenkins1000 | ip=192.168.69.118 | op=SEND_HEARTBEAT {datanodeUUID=0c3d5d33-5004-4ad0-a181-1b32c8916f48, command=[]} | ret=SUCCESS |  
2019-08-30 05:52:56,313 | INFO  | SCMAudit | user=jenkins1000 | ip=192.168.69.118 | op=SEND_HEARTBEAT {datanodeUUID=3db231e5-aa41-417a-9eb1-ebae727224a1, command=[]} | ret=SUCCESS |  
2019-08-30 05:52:56,313 [EventQueue-ContainerReportForContainerReportHandler] WARN  container.ContainerReportHandler (AbstractContainerReportHandler.java:updateContainerState(143)) - Container #1 is in OPEN state, but the datanode 3db231e5-aa41-417a-9eb1-ebae727224a1{ip: 192.168.69.118, host: trunk-nightly-20190830-rr75b-3244975676, networkLocation: /default-rack, certSerialId: null} reports an CLOSED replica.
2019-08-30 05:52:56,325 | INFO  | SCMAudit | user=jenkins1000 | ip=192.168.69.118 | op=SEND_HEARTBEAT {datanodeUUID=0c3d5d33-5004-4ad0-a181-1b32c8916f48, command=[]} | ret=SUCCESS |  
2019-08-30 05:52:56,413 | INFO  | SCMAudit | user=jenkins1000 | ip=192.168.69.118 | op=SEND_HEARTBEAT {datanodeUUID=3db231e5-aa41-417a-9eb1-ebae727224a1, command=[]} | ret=SUCCESS |  
2019-08-30 05:52:56,425 | INFO  | SCMAudit | user=jenkins1000 | ip=192.168.69.118 | op=SEND_HEARTBEAT {datanodeUUID=0c3d5d33-5004-4ad0-a181-1b32c8916f48, command=[]} | ret=SUCCESS |  
2019-08-30 05:52:56,426 [EventQueue-ContainerReportForContainerReportHandler] WARN  container.ContainerReportHandler (AbstractContainerReportHandler.java:updateContainerState(143)) - Container #1 is in OPEN state, but the datanode 0c3d5d33-5004-4ad0-a181-1b32c8916f48{ip: 192.168.69.118, host: trunk-nightly-20190830-rr75b-3244975676, networkLocation: /default-rack, certSerialId: null} reports an CLOSED replica.
2019-08-30 05:52:56,513 | INFO  | SCMAudit | user=jenkins1000 | ip=192.168.69.118 | op=SEND_HEARTBEAT {datanodeUUID=3db231e5-aa41-417a-9eb1-ebae727224a1, command=[]} | ret=SUCCESS |  
2019-08-30 05:52:56,525 | INFO  | SCMAudit | user=jenkins1000 | ip=192.168.69.118 | op=SEND_HEARTBEAT {datanodeUUID=0c3d5d33-5004-4ad0-a181-1b32c8916f48, command=[]} | ret=SUCCESS |  
2019-08-30 05:52:56,613 | INFO  | SCMAudit | user=jenkins1000 | ip=192.168.69.118 | op=SEND_HEARTBEAT {datanodeUUID=3db231e5-aa41-417a-9eb1-ebae727224a1, command=[]} | ret=SUCCESS |  
2019-08-30 05:52:56,625 | INFO  | SCMAudit | user=jenkins1000 | ip=192.168.69.118 | op=SEND_HEARTBEAT {datanodeUUID=0c3d5d33-5004-4ad0-a181-1b32c8916f48, command=[]} | ret=SUCCESS |  
2019-08-30 05:52:56,713 | INFO  | SCMAudit | user=jenkins1000 | ip=192.168.69.118 | op=SEND_HEARTBEAT {datanodeUUID=3db231e5-aa41-417a-9eb1-ebae727224a1, command=[]} | ret=SUCCESS |  
2019-08-30 05:52:56,713 [EventQueue-ContainerReportForContainerReportHandler] WARN  container.ContainerReportHandler (AbstractContainerReportHandler.java:updateContainerState(143)) - Container #1 is in OPEN state, but the datanode 3db231e5-aa41-417a-9eb1-ebae727224a1{ip: 192.168.69.118, host: trunk-nightly-20190830-rr75b-3244975676, networkLocation: /default-rack, certSerialId: null} reports an CLOSED replica.
2019-08-30 05:52:56,725 | INFO  | SCMAudit | user=jenkins1000 | ip=192.168.69.118 | op=SEND_HEARTBEAT {datanodeUUID=0c3d5d33-5004-4ad0-a181-1b32c8916f48, command=[]} | ret=SUCCESS |  
2019-08-30 05:52:56,813 | INFO  | SCMAudit | user=jenkins1000 | ip=192.168.69.118 | op=SEND_HEARTBEAT {datanodeUUID=3db231e5-aa41-417a-9eb1-ebae727224a1, command=[]} | ret=SUCCESS |  
2019-08-30 05:52:56,826 | INFO  | SCMAudit | user=jenkins1000 | ip=192.168.69.118 | op=SEND_HEARTBEAT {datanodeUUID=0c3d5d33-5004-4ad0-a181-1b32c8916f48, command=[]} | ret=SUCCESS |  
2019-08-30 05:52:56,826 [EventQueue-ContainerReportForContainerReportHandler] WARN  container.ContainerReportHandler (AbstractContainerReportHandler.java:updateContainerState(143)) - Container #1 is in OPEN state, but the datanode 0c3d5d33-5004-4ad0-a181-1b32c8916f48{ip: 192.168.69.118, host: trunk-nightly-20190830-rr75b-3244975676, networkLocation: /default-rack, certSerialId: null} reports an CLOSED replica.
2019-08-30 05:52:56,914 | INFO  | SCMAudit | user=jenkins1000 | ip=192.168.69.118 | op=SEND_HEARTBEAT {datanodeUUID=3db231e5-aa41-417a-9eb1-ebae727224a1, command=[]} | ret=SUCCESS |  
2019-08-30 05:52:56,914 [EventQueue-ContainerReportForContainerReportHandler] WARN  container.ContainerReportHandler (AbstractContainerReportHandler.java:updateContainerState(143)) - Container #1 is in OPEN state, but the datanode 3db231e5-aa41-417a-9eb1-ebae727224a1{ip: 192.168.69.118, host: trunk-nightly-20190830-rr75b-3244975676, networkLocation: /default-rack, certSerialId: null} reports an CLOSED replica.
2019-08-30 05:52:56,925 | INFO  | SCMAudit | user=jenkins1000 | ip=192.168.69.118 | op=SEND_HEARTBEAT {datanodeUUID=0c3d5d33-5004-4ad0-a181-1b32c8916f48, command=[]} | ret=SUCCESS |  
2019-08-30 05:52:57,001 [BlockDeletingService#2] WARN  background.BlockDeletingService (BlockDeletingService.java:isDeletionAllowed(186)) - Close Container log Index 6 is not replicated across allthe servers in the pipeline 1239619d-f8f3-45fb-8433-f96d3aac4001 as the min replicated index is 4. Deletion is not allowed in this container yet.
2019-08-30 05:52:57,001 [BlockDeletingService#6] WARN  background.BlockDeletingService (BlockDeletingService.java:isDeletionAllowed(186)) - Close Container log Index 6 is not replicated across allthe servers in the pipeline 1239619d-f8f3-45fb-8433-f96d3aac4001 as the min replicated index is 4. Deletion is not allowed in this container yet.
2019-08-30 05:52:57,014 | INFO  | SCMAudit | user=jenkins1000 | ip=192.168.69.118 | op=SEND_HEARTBEAT {datanodeUUID=3db231e5-aa41-417a-9eb1-ebae727224a1, command=[]} | ret=SUCCESS |  
2019-08-30 05:52:57,025 | INFO  | SCMAudit | user=jenkins1000 | ip=192.168.69.118 | op=SEND_HEARTBEAT {datanodeUUID=0c3d5d33-5004-4ad0-a181-1b32c8916f48, command=[]} | ret=SUCCESS |  
2019-08-30 05:52:57,114 | INFO  | SCMAudit | user=jenkins1000 | ip=192.168.69.118 | op=SEND_HEARTBEAT {datanodeUUID=3db231e5-aa41-417a-9eb1-ebae727224a1, command=[]} | ret=SUCCESS |  
2019-08-30 05:52:57,114 [EventQueue-ContainerReportForContainerReportHandler] WARN  container.ContainerReportHandler (AbstractContainerReportHandler.java:updateContainerState(143)) - Container #1 is in OPEN state, but the datanode 3db231e5-aa41-417a-9eb1-ebae727224a1{ip: 192.168.69.118, host: trunk-nightly-20190830-rr75b-3244975676, networkLocation: /default-rack, certSerialId: null} reports an CLOSED replica.
2019-08-30 05:52:57,125 | INFO  | SCMAudit | user=jenkins1000 | ip=192.168.69.118 | op=SEND_HEARTBEAT {datanodeUUID=0c3d5d33-5004-4ad0-a181-1b32c8916f48, command=[]} | ret=SUCCESS |  
2019-08-30 05:52:57,214 | INFO  | SCMAudit | user=jenkins1000 | ip=192.168.69.118 | op=SEND_HEARTBEAT {datanodeUUID=3db231e5-aa41-417a-9eb1-ebae727224a1, command=[]} | ret=SUCCESS |  
2019-08-30 05:52:57,225 | INFO  | SCMAudit | user=jenkins1000 | ip=192.168.69.118 | op=SEND_HEARTBEAT {datanodeUUID=0c3d5d33-5004-4ad0-a181-1b32c8916f48, command=[]} | ret=SUCCESS |  
2019-08-30 05:52:57,225 [EventQueue-ContainerReportForContainerReportHandler] WARN  container.ContainerReportHandler (AbstractContainerReportHandler.java:updateContainerState(143)) - Container #1 is in OPEN state, but the datanode 0c3d5d33-5004-4ad0-a181-1b32c8916f48{ip: 192.168.69.118, host: trunk-nightly-20190830-rr75b-3244975676, networkLocation: /default-rack, certSerialId: null} reports an CLOSED replica.
2019-08-30 05:52:57,315 | INFO  | SCMAudit | user=jenkins1000 | ip=192.168.69.118 | op=SEND_HEARTBEAT {datanodeUUID=3db231e5-aa41-417a-9eb1-ebae727224a1, command=[]} | ret=SUCCESS |  
2019-08-30 05:52:57,315 [EventQueue-ContainerReportForContainerReportHandler] WARN  container.ContainerReportHandler (AbstractContainerReportHandler.java:updateContainerState(143)) - Container #1 is in OPEN state, but the datanode 3db231e5-aa41-417a-9eb1-ebae727224a1{ip: 192.168.69.118, host: trunk-nightly-20190830-rr75b-3244975676, networkLocation: /default-rack, certSerialId: null} reports an CLOSED replica.
2019-08-30 05:52:57,325 | INFO  | SCMAudit | user=jenkins1000 | ip=192.168.69.118 | op=SEND_HEARTBEAT {datanodeUUID=0c3d5d33-5004-4ad0-a181-1b32c8916f48, command=[]} | ret=SUCCESS |  
2019-08-30 05:52:57,414 | INFO  | SCMAudit | user=jenkins1000 | ip=192.168.69.118 | op=SEND_HEARTBEAT {datanodeUUID=3db231e5-aa41-417a-9eb1-ebae727224a1, command=[]} | ret=SUCCESS |  
2019-08-30 05:52:57,425 | INFO  | SCMAudit | user=jenkins1000 | ip=192.168.69.118 | op=SEND_HEARTBEAT {datanodeUUID=0c3d5d33-5004-4ad0-a181-1b32c8916f48, command=[]} | ret=SUCCESS |  
2019-08-30 05:52:57,515 | INFO  | SCMAudit | user=jenkins1000 | ip=192.168.69.118 | op=SEND_HEARTBEAT {datanodeUUID=3db231e5-aa41-417a-9eb1-ebae727224a1, command=[]} | ret=SUCCESS |  
2019-08-30 05:52:57,525 | INFO  | SCMAudit | user=jenkins1000 | ip=192.168.69.118 | op=SEND_HEARTBEAT {datanodeUUID=0c3d5d33-5004-4ad0-a181-1b32c8916f48, command=[]} | ret=SUCCESS |  
2019-08-30 05:52:57,526 [EventQueue-ContainerReportForContainerReportHandler] WARN  container.ContainerReportHandler (AbstractContainerReportHandler.java:updateContainerState(143)) - Container #1 is in OPEN state, but the datanode 0c3d5d33-5004-4ad0-a181-1b32c8916f48{ip: 192.168.69.118, host: trunk-nightly-20190830-rr75b-3244975676, networkLocation: /default-rack, certSerialId: null} reports an CLOSED replica.
2019-08-30 05:52:57,614 | INFO  | SCMAudit | user=jenkins1000 | ip=192.168.69.118 | op=SEND_HEARTBEAT {datanodeUUID=3db231e5-aa41-417a-9eb1-ebae727224a1, command=[]} | ret=SUCCESS |  
2019-08-30 05:52:57,614 [EventQueue-ContainerReportForContainerReportHandler] WARN  container.ContainerReportHandler (AbstractContainerReportHandler.java:updateContainerState(143)) - Container #1 is in OPEN state, but the datanode 3db231e5-aa41-417a-9eb1-ebae727224a1{ip: 192.168.69.118, host: trunk-nightly-20190830-rr75b-3244975676, networkLocation: /default-rack, certSerialId: null} reports an CLOSED replica.
2019-08-30 05:52:57,626 | INFO  | SCMAudit | user=jenkins1000 | ip=192.168.69.118 | op=SEND_HEARTBEAT {datanodeUUID=0c3d5d33-5004-4ad0-a181-1b32c8916f48, command=[]} | ret=SUCCESS |  
2019-08-30 05:52:57,714 | INFO  | SCMAudit | user=jenkins1000 | ip=192.168.69.118 | op=SEND_HEARTBEAT {datanodeUUID=3db231e5-aa41-417a-9eb1-ebae727224a1, command=[]} | ret=SUCCESS |  
2019-08-30 05:52:57,726 | INFO  | SCMAudit | user=jenkins1000 | ip=192.168.69.118 | op=SEND_HEARTBEAT {datanodeUUID=0c3d5d33-5004-4ad0-a181-1b32c8916f48, command=[]} | ret=SUCCESS |  
2019-08-30 05:52:57,814 | INFO  | SCMAudit | user=jenkins1000 | ip=192.168.69.118 | op=SEND_HEARTBEAT {datanodeUUID=3db231e5-aa41-417a-9eb1-ebae727224a1, command=[]} | ret=SUCCESS |  
2019-08-30 05:52:57,826 | INFO  | SCMAudit | user=jenkins1000 | ip=192.168.69.118 | op=SEND_HEARTBEAT {datanodeUUID=0c3d5d33-5004-4ad0-a181-1b32c8916f48, command=[]} | ret=SUCCESS |  
2019-08-30 05:52:57,826 [EventQueue-ContainerReportForContainerReportHandler] WARN  container.ContainerReportHandler (AbstractContainerReportHandler.java:updateContainerState(143)) - Container #1 is in OPEN state, but the datanode 0c3d5d33-5004-4ad0-a181-1b32c8916f48{ip: 192.168.69.118, host: trunk-nightly-20190830-rr75b-3244975676, networkLocation: /default-rack, certSerialId: null} reports an CLOSED replica.
2019-08-30 05:52:57,914 | INFO  | SCMAudit | user=jenkins1000 | ip=192.168.69.118 | op=SEND_HEARTBEAT {datanodeUUID=3db231e5-aa41-417a-9eb1-ebae727224a1, command=[]} | ret=SUCCESS |  
2019-08-30 05:52:57,914 [EventQueue-ContainerReportForContainerReportHandler] WARN  container.ContainerReportHandler (AbstractContainerReportHandler.java:updateContainerState(143)) - Container #1 is in OPEN state, but the datanode 3db231e5-aa41-417a-9eb1-ebae727224a1{ip: 192.168.69.118, host: trunk-nightly-20190830-rr75b-3244975676, networkLocation: /default-rack, certSerialId: null} reports an CLOSED replica.
2019-08-30 05:52:57,926 | INFO  | SCMAudit | user=jenkins1000 | ip=192.168.69.118 | op=SEND_HEARTBEAT {datanodeUUID=0c3d5d33-5004-4ad0-a181-1b32c8916f48, command=[]} | ret=SUCCESS |  
2019-08-30 05:52:58,002 [BlockDeletingService#2] WARN  background.BlockDeletingService (BlockDeletingService.java:isDeletionAllowed(186)) - Close Container log Index 6 is not replicated across allthe servers in the pipeline 1239619d-f8f3-45fb-8433-f96d3aac4001 as the min replicated index is 4. Deletion is not allowed in this container yet.
2019-08-30 05:52:58,003 [BlockDeletingService#6] WARN  background.BlockDeletingService (BlockDeletingService.java:isDeletionAllowed(186)) - Close Container log Index 6 is not replicated across allthe servers in the pipeline 1239619d-f8f3-45fb-8433-f96d3aac4001 as the min replicated index is 4. Deletion is not allowed in this container yet.
2019-08-30 05:52:58,015 | INFO  | SCMAudit | user=jenkins1000 | ip=192.168.69.118 | op=SEND_HEARTBEAT {datanodeUUID=3db231e5-aa41-417a-9eb1-ebae727224a1, command=[]} | ret=SUCCESS |  
2019-08-30 05:52:58,026 | INFO  | SCMAudit | user=jenkins1000 | ip=192.168.69.118 | op=SEND_HEARTBEAT {datanodeUUID=0c3d5d33-5004-4ad0-a181-1b32c8916f48, command=[]} | ret=SUCCESS |  
2019-08-30 05:52:58,115 | INFO  | SCMAudit | user=jenkins1000 | ip=192.168.69.118 | op=SEND_HEARTBEAT {datanodeUUID=3db231e5-aa41-417a-9eb1-ebae727224a1, command=[]} | ret=SUCCESS |  
2019-08-30 05:52:58,115 [EventQueue-ContainerReportForContainerReportHandler] WARN  container.ContainerReportHandler (AbstractContainerReportHandler.java:updateContainerState(143)) - Container #1 is in OPEN state, but the datanode 3db231e5-aa41-417a-9eb1-ebae727224a1{ip: 192.168.69.118, host: trunk-nightly-20190830-rr75b-3244975676, networkLocation: /default-rack, certSerialId: null} reports an CLOSED replica.
2019-08-30 05:52:58,126 | INFO  | SCMAudit | user=jenkins1000 | ip=192.168.69.118 | op=SEND_HEARTBEAT {datanodeUUID=0c3d5d33-5004-4ad0-a181-1b32c8916f48, command=[]} | ret=SUCCESS |  
2019-08-30 05:52:58,216 | INFO  | SCMAudit | user=jenkins1000 | ip=192.168.69.118 | op=SEND_HEARTBEAT {datanodeUUID=3db231e5-aa41-417a-9eb1-ebae727224a1, command=[]} | ret=SUCCESS |  
2019-08-30 05:52:58,226 | INFO  | SCMAudit | user=jenkins1000 | ip=192.168.69.118 | op=SEND_HEARTBEAT {datanodeUUID=0c3d5d33-5004-4ad0-a181-1b32c8916f48, command=[]} | ret=SUCCESS |  
2019-08-30 05:52:58,227 [EventQueue-ContainerReportForContainerReportHandler] WARN  container.ContainerReportHandler (AbstractContainerReportHandler.java:updateContainerState(143)) - Container #1 is in OPEN state, but the datanode 0c3d5d33-5004-4ad0-a181-1b32c8916f48{ip: 192.168.69.118, host: trunk-nightly-20190830-rr75b-3244975676, networkLocation: /default-rack, certSerialId: null} reports an CLOSED replica.
2019-08-30 05:52:58,315 | INFO  | SCMAudit | user=jenkins1000 | ip=192.168.69.118 | op=SEND_HEARTBEAT {datanodeUUID=3db231e5-aa41-417a-9eb1-ebae727224a1, command=[]} | ret=SUCCESS |  
2019-08-30 05:52:58,327 | INFO  | SCMAudit | user=jenkins1000 | ip=192.168.69.118 | op=SEND_HEARTBEAT {datanodeUUID=0c3d5d33-5004-4ad0-a181-1b32c8916f48, command=[]} | ret=SUCCESS |  
2019-08-30 05:52:58,415 | INFO  | SCMAudit | user=jenkins1000 | ip=192.168.69.118 | op=SEND_HEARTBEAT {datanodeUUID=3db231e5-aa41-417a-9eb1-ebae727224a1, command=[]} | ret=SUCCESS |  
2019-08-30 05:52:58,416 [EventQueue-ContainerReportForContainerReportHandler] WARN  container.ContainerReportHandler (AbstractContainerReportHandler.java:updateContainerState(143)) - Container #1 is in OPEN state, but the datanode 3db231e5-aa41-417a-9eb1-ebae727224a1{ip: 192.168.69.118, host: trunk-nightly-20190830-rr75b-3244975676, networkLocation: /default-rack, certSerialId: null} reports an CLOSED replica.
2019-08-30 05:52:58,427 | INFO  | SCMAudit | user=jenkins1000 | ip=192.168.69.118 | op=SEND_HEARTBEAT {datanodeUUID=0c3d5d33-5004-4ad0-a181-1b32c8916f48, command=[]} | ret=SUCCESS |  
2019-08-30 05:52:58,509 [grpc-default-executor-4] WARN  server.GrpcLogAppender (LogUtils.java:warn(134)) - 0c3d5d33-5004-4ad0-a181-1b32c8916f48->39b5c586-5c16-4d91-b521-ddac34f0fc4c: Failed appendEntries: org.apache.ratis.thirdparty.io.grpc.StatusRuntimeException: UNAVAILABLE: io exception
2019-08-30 05:52:58,511 [grpc-default-executor-4] INFO  impl.FollowerInfo (FollowerInfo.java:lambda$new$0(50)) - 0c3d5d33-5004-4ad0-a181-1b32c8916f48->39b5c586-5c16-4d91-b521-ddac34f0fc4c: nextIndex: updateUnconditionally 0 -> 0
2019-08-30 05:52:58,515 | INFO  | SCMAudit | user=jenkins1000 | ip=192.168.69.118 | op=SEND_HEARTBEAT {datanodeUUID=3db231e5-aa41-417a-9eb1-ebae727224a1, command=[]} | ret=SUCCESS |  
2019-08-30 05:52:58,527 | INFO  | SCMAudit | user=jenkins1000 | ip=192.168.69.118 | op=SEND_HEARTBEAT {datanodeUUID=0c3d5d33-5004-4ad0-a181-1b32c8916f48, command=[]} | ret=SUCCESS |  
2019-08-30 05:52:58,615 | INFO  | SCMAudit | user=jenkins1000 | ip=192.168.69.118 | op=SEND_HEARTBEAT {datanodeUUID=3db231e5-aa41-417a-9eb1-ebae727224a1, command=[]} | ret=SUCCESS |  
2019-08-30 05:52:58,627 | INFO  | SCMAudit | user=jenkins1000 | ip=192.168.69.118 | op=SEND_HEARTBEAT {datanodeUUID=0c3d5d33-5004-4ad0-a181-1b32c8916f48, command=[]} | ret=SUCCESS |  
2019-08-30 05:52:58,627 [EventQueue-ContainerReportForContainerReportHandler] WARN  container.ContainerReportHandler (AbstractContainerReportHandler.java:updateContainerState(143)) - Container #1 is in OPEN state, but the datanode 0c3d5d33-5004-4ad0-a181-1b32c8916f48{ip: 192.168.69.118, host: trunk-nightly-20190830-rr75b-3244975676, networkLocation: /default-rack, certSerialId: null} reports an CLOSED replica.
2019-08-30 05:52:58,716 | INFO  | SCMAudit | user=jenkins1000 | ip=192.168.69.118 | op=SEND_HEARTBEAT {datanodeUUID=3db231e5-aa41-417a-9eb1-ebae727224a1, command=[]} | ret=SUCCESS |  
2019-08-30 05:52:58,716 [EventQueue-ContainerReportForContainerReportHandler] WARN  container.ContainerReportHandler (AbstractContainerReportHandler.java:updateContainerState(143)) - Container #1 is in OPEN state, but the datanode 3db231e5-aa41-417a-9eb1-ebae727224a1{ip: 192.168.69.118, host: trunk-nightly-20190830-rr75b-3244975676, networkLocation: /default-rack, certSerialId: null} reports an CLOSED replica.
2019-08-30 05:52:58,727 | INFO  | SCMAudit | user=jenkins1000 | ip=192.168.69.118 | op=SEND_HEARTBEAT {datanodeUUID=0c3d5d33-5004-4ad0-a181-1b32c8916f48, command=[]} | ret=SUCCESS |  
2019-08-30 05:52:58,815 | INFO  | SCMAudit | user=jenkins1000 | ip=192.168.69.118 | op=SEND_HEARTBEAT {datanodeUUID=3db231e5-aa41-417a-9eb1-ebae727224a1, command=[]} | ret=SUCCESS |  
2019-08-30 05:52:58,827 | INFO  | SCMAudit | user=jenkins1000 | ip=192.168.69.118 | op=SEND_HEARTBEAT {datanodeUUID=0c3d5d33-5004-4ad0-a181-1b32c8916f48, command=[]} | ret=SUCCESS |  
2019-08-30 05:52:58,827 [EventQueue-ContainerReportForContainerReportHandler] WARN  container.ContainerReportHandler (AbstractContainerReportHandler.java:updateContainerState(143)) - Container #1 is in OPEN state, but the datanode 0c3d5d33-5004-4ad0-a181-1b32c8916f48{ip: 192.168.69.118, host: trunk-nightly-20190830-rr75b-3244975676, networkLocation: /default-rack, certSerialId: null} reports an CLOSED replica.
2019-08-30 05:52:58,916 | INFO  | SCMAudit | user=jenkins1000 | ip=192.168.69.118 | op=SEND_HEARTBEAT {datanodeUUID=3db231e5-aa41-417a-9eb1-ebae727224a1, command=[]} | ret=SUCCESS |  
2019-08-30 05:52:58,916 [EventQueue-ContainerReportForContainerReportHandler] WARN  container.ContainerReportHandler (AbstractContainerReportHandler.java:updateContainerState(143)) - Container #1 is in OPEN state, but the datanode 3db231e5-aa41-417a-9eb1-ebae727224a1{ip: 192.168.69.118, host: trunk-nightly-20190830-rr75b-3244975676, networkLocation: /default-rack, certSerialId: null} reports an CLOSED replica.
2019-08-30 05:52:58,927 | INFO  | SCMAudit | user=jenkins1000 | ip=192.168.69.118 | op=SEND_HEARTBEAT {datanodeUUID=0c3d5d33-5004-4ad0-a181-1b32c8916f48, command=[]} | ret=SUCCESS |  
2019-08-30 05:52:59,004 [BlockDeletingService#2] WARN  background.BlockDeletingService (BlockDeletingService.java:isDeletionAllowed(186)) - Close Container log Index 6 is not replicated across allthe servers in the pipeline 1239619d-f8f3-45fb-8433-f96d3aac4001 as the min replicated index is 4. Deletion is not allowed in this container yet.
2019-08-30 05:52:59,005 [BlockDeletingService#6] WARN  background.BlockDeletingService (BlockDeletingService.java:isDeletionAllowed(186)) - Close Container log Index 6 is not replicated across allthe servers in the pipeline 1239619d-f8f3-45fb-8433-f96d3aac4001 as the min replicated index is 4. Deletion is not allowed in this container yet.
2019-08-30 05:52:59,015 | INFO  | SCMAudit | user=jenkins1000 | ip=192.168.69.118 | op=SEND_HEARTBEAT {datanodeUUID=3db231e5-aa41-417a-9eb1-ebae727224a1, command=[]} | ret=SUCCESS |  
2019-08-30 05:52:59,027 | INFO  | SCMAudit | user=jenkins1000 | ip=192.168.69.118 | op=SEND_HEARTBEAT {datanodeUUID=0c3d5d33-5004-4ad0-a181-1b32c8916f48, command=[]} | ret=SUCCESS |  
2019-08-30 05:52:59,115 | INFO  | SCMAudit | user=jenkins1000 | ip=192.168.69.118 | op=SEND_HEARTBEAT {datanodeUUID=3db231e5-aa41-417a-9eb1-ebae727224a1, command=[]} | ret=SUCCESS |  
2019-08-30 05:52:59,115 [EventQueue-ContainerReportForContainerReportHandler] WARN  container.ContainerReportHandler (AbstractContainerReportHandler.java:updateContainerState(143)) - Container #1 is in OPEN state, but the datanode 3db231e5-aa41-417a-9eb1-ebae727224a1{ip: 192.168.69.118, host: trunk-nightly-20190830-rr75b-3244975676, networkLocation: /default-rack, certSerialId: null} reports an CLOSED replica.
2019-08-30 05:52:59,127 | INFO  | SCMAudit | user=jenkins1000 | ip=192.168.69.118 | op=SEND_HEARTBEAT {datanodeUUID=0c3d5d33-5004-4ad0-a181-1b32c8916f48, command=[]} | ret=SUCCESS |  
2019-08-30 05:52:59,215 | INFO  | SCMAudit | user=jenkins1000 | ip=192.168.69.118 | op=SEND_HEARTBEAT {datanodeUUID=3db231e5-aa41-417a-9eb1-ebae727224a1, command=[]} | ret=SUCCESS |  
2019-08-30 05:52:59,228 | INFO  | SCMAudit | user=jenkins1000 | ip=192.168.69.118 | op=SEND_HEARTBEAT {datanodeUUID=0c3d5d33-5004-4ad0-a181-1b32c8916f48, command=[]} | ret=SUCCESS |  
2019-08-30 05:52:59,228 [EventQueue-ContainerReportForContainerReportHandler] WARN  container.ContainerReportHandler (AbstractContainerReportHandler.java:updateContainerState(143)) - Container #1 is in OPEN state, but the datanode 0c3d5d33-5004-4ad0-a181-1b32c8916f48{ip: 192.168.69.118, host: trunk-nightly-20190830-rr75b-3244975676, networkLocation: /default-rack, certSerialId: null} reports an CLOSED replica.
2019-08-30 05:52:59,316 | INFO  | SCMAudit | user=jenkins1000 | ip=192.168.69.118 | op=SEND_HEARTBEAT {datanodeUUID=3db231e5-aa41-417a-9eb1-ebae727224a1, command=[]} | ret=SUCCESS |  
2019-08-30 05:52:59,327 | INFO  | SCMAudit | user=jenkins1000 | ip=192.168.69.118 | op=SEND_HEARTBEAT {datanodeUUID=0c3d5d33-5004-4ad0-a181-1b32c8916f48, command=[]} | ret=SUCCESS |  
2019-08-30 05:52:59,415 | INFO  | SCMAudit | user=jenkins1000 | ip=192.168.69.118 | op=SEND_HEARTBEAT {datanodeUUID=3db231e5-aa41-417a-9eb1-ebae727224a1, command=[]} | ret=SUCCESS |  
2019-08-30 05:52:59,415 [EventQueue-ContainerReportForContainerReportHandler] WARN  container.ContainerReportHandler (AbstractContainerReportHandler.java:updateContainerState(143)) - Container #1 is in OPEN state, but the datanode 3db231e5-aa41-417a-9eb1-ebae727224a1{ip: 192.168.69.118, host: trunk-nightly-20190830-rr75b-3244975676, networkLocation: /default-rack, certSerialId: null} reports an CLOSED replica.
2019-08-30 05:52:59,427 | INFO  | SCMAudit | user=jenkins1000 | ip=192.168.69.118 | op=SEND_HEARTBEAT {datanodeUUID=0c3d5d33-5004-4ad0-a181-1b32c8916f48, command=[]} | ret=SUCCESS |  
2019-08-30 05:52:59,516 | INFO  | SCMAudit | user=jenkins1000 | ip=192.168.69.118 | op=SEND_HEARTBEAT {datanodeUUID=3db231e5-aa41-417a-9eb1-ebae727224a1, command=[]} | ret=SUCCESS |  
2019-08-30 05:52:59,527 | INFO  | SCMAudit | user=jenkins1000 | ip=192.168.69.118 | op=SEND_HEARTBEAT {datanodeUUID=0c3d5d33-5004-4ad0-a181-1b32c8916f48, command=[]} | ret=SUCCESS |  
2019-08-30 05:52:59,527 [EventQueue-ContainerReportForContainerReportHandler] WARN  container.ContainerReportHandler (AbstractContainerReportHandler.java:updateContainerState(143)) - Container #1 is in OPEN state, but the datanode 0c3d5d33-5004-4ad0-a181-1b32c8916f48{ip: 192.168.69.118, host: trunk-nightly-20190830-rr75b-3244975676, networkLocation: /default-rack, certSerialId: null} reports an CLOSED replica.
2019-08-30 05:52:59,615 | INFO  | SCMAudit | user=jenkins1000 | ip=192.168.69.118 | op=SEND_HEARTBEAT {datanodeUUID=3db231e5-aa41-417a-9eb1-ebae727224a1, command=[]} | ret=SUCCESS |  
2019-08-30 05:52:59,627 | INFO  | SCMAudit | user=jenkins1000 | ip=192.168.69.118 | op=SEND_HEARTBEAT {datanodeUUID=0c3d5d33-5004-4ad0-a181-1b32c8916f48, command=[]} | ret=SUCCESS |  
2019-08-30 05:52:59,715 | INFO  | SCMAudit | user=jenkins1000 | ip=192.168.69.118 | op=SEND_HEARTBEAT {datanodeUUID=3db231e5-aa41-417a-9eb1-ebae727224a1, command=[]} | ret=SUCCESS |  
2019-08-30 05:52:59,715 [EventQueue-ContainerReportForContainerReportHandler] WARN  container.ContainerReportHandler (AbstractContainerReportHandler.java:updateContainerState(143)) - Container #1 is in OPEN state, but the datanode 3db231e5-aa41-417a-9eb1-ebae727224a1{ip: 192.168.69.118, host: trunk-nightly-20190830-rr75b-3244975676, networkLocation: /default-rack, certSerialId: null} reports an CLOSED replica.
2019-08-30 05:52:59,727 | INFO  | SCMAudit | user=jenkins1000 | ip=192.168.69.118 | op=SEND_HEARTBEAT {datanodeUUID=0c3d5d33-5004-4ad0-a181-1b32c8916f48, command=[]} | ret=SUCCESS |  
2019-08-30 05:52:59,815 | INFO  | SCMAudit | user=jenkins1000 | ip=192.168.69.118 | op=SEND_HEARTBEAT {datanodeUUID=3db231e5-aa41-417a-9eb1-ebae727224a1, command=[]} | ret=SUCCESS |  
2019-08-30 05:52:59,827 | INFO  | SCMAudit | user=jenkins1000 | ip=192.168.69.118 | op=SEND_HEARTBEAT {datanodeUUID=0c3d5d33-5004-4ad0-a181-1b32c8916f48, command=[]} | ret=SUCCESS |  
2019-08-30 05:52:59,827 [EventQueue-ContainerReportForContainerReportHandler] WARN  container.ContainerReportHandler (AbstractContainerReportHandler.java:updateContainerState(143)) - Container #1 is in OPEN state, but the datanode 0c3d5d33-5004-4ad0-a181-1b32c8916f48{ip: 192.168.69.118, host: trunk-nightly-20190830-rr75b-3244975676, networkLocation: /default-rack, certSerialId: null} reports an CLOSED replica.
2019-08-30 05:52:59,915 | INFO  | SCMAudit | user=jenkins1000 | ip=192.168.69.118 | op=SEND_HEARTBEAT {datanodeUUID=3db231e5-aa41-417a-9eb1-ebae727224a1, command=[]} | ret=SUCCESS |  
2019-08-30 05:52:59,927 | INFO  | SCMAudit | user=jenkins1000 | ip=192.168.69.118 | op=SEND_HEARTBEAT {datanodeUUID=0c3d5d33-5004-4ad0-a181-1b32c8916f48, command=[]} | ret=SUCCESS |  
2019-08-30 05:53:00,006 [BlockDeletingService#2] WARN  background.BlockDeletingService (BlockDeletingService.java:isDeletionAllowed(186)) - Close Container log Index 6 is not replicated across allthe servers in the pipeline 1239619d-f8f3-45fb-8433-f96d3aac4001 as the min replicated index is 4. Deletion is not allowed in this container yet.
2019-08-30 05:53:00,006 [BlockDeletingService#6] WARN  background.BlockDeletingService (BlockDeletingService.java:isDeletionAllowed(186)) - Close Container log Index 6 is not replicated across allthe servers in the pipeline 1239619d-f8f3-45fb-8433-f96d3aac4001 as the min replicated index is 4. Deletion is not allowed in this container yet.
2019-08-30 05:53:00,015 | INFO  | SCMAudit | user=jenkins1000 | ip=192.168.69.118 | op=SEND_HEARTBEAT {datanodeUUID=3db231e5-aa41-417a-9eb1-ebae727224a1, command=[]} | ret=SUCCESS |  
2019-08-30 05:53:00,016 [EventQueue-ContainerReportForContainerReportHandler] WARN  container.ContainerReportHandler (AbstractContainerReportHandler.java:updateContainerState(143)) - Container #1 is in OPEN state, but the datanode 3db231e5-aa41-417a-9eb1-ebae727224a1{ip: 192.168.69.118, host: trunk-nightly-20190830-rr75b-3244975676, networkLocation: /default-rack, certSerialId: null} reports an CLOSED replica.
2019-08-30 05:53:00,027 | INFO  | SCMAudit | user=jenkins1000 | ip=192.168.69.118 | op=SEND_HEARTBEAT {datanodeUUID=0c3d5d33-5004-4ad0-a181-1b32c8916f48, command=[]} | ret=SUCCESS |  
2019-08-30 05:53:00,027 [EventQueue-ContainerReportForContainerReportHandler] WARN  container.ContainerReportHandler (AbstractContainerReportHandler.java:updateContainerState(143)) - Container #1 is in OPEN state, but the datanode 0c3d5d33-5004-4ad0-a181-1b32c8916f48{ip: 192.168.69.118, host: trunk-nightly-20190830-rr75b-3244975676, networkLocation: /default-rack, certSerialId: null} reports an CLOSED replica.
2019-08-30 05:53:00,115 | INFO  | SCMAudit | user=jenkins1000 | ip=192.168.69.118 | op=SEND_HEARTBEAT {datanodeUUID=3db231e5-aa41-417a-9eb1-ebae727224a1, command=[]} | ret=SUCCESS |  
2019-08-30 05:53:00,127 | INFO  | SCMAudit | user=jenkins1000 | ip=192.168.69.118 | op=SEND_HEARTBEAT {datanodeUUID=0c3d5d33-5004-4ad0-a181-1b32c8916f48, command=[]} | ret=SUCCESS |  
2019-08-30 05:53:00,215 | INFO  | SCMAudit | user=jenkins1000 | ip=192.168.69.118 | op=SEND_HEARTBEAT {datanodeUUID=3db231e5-aa41-417a-9eb1-ebae727224a1, command=[]} | ret=SUCCESS |  
2019-08-30 05:53:00,215 [EventQueue-ContainerReportForContainerReportHandler] WARN  container.ContainerReportHandler (AbstractContainerReportHandler.java:updateContainerState(143)) - Container #1 is in OPEN state, but the datanode 3db231e5-aa41-417a-9eb1-ebae727224a1{ip: 192.168.69.118, host: trunk-nightly-20190830-rr75b-3244975676, networkLocation: /default-rack, certSerialId: null} reports an CLOSED replica.
2019-08-30 05:53:00,227 | INFO  | SCMAudit | user=jenkins1000 | ip=192.168.69.118 | op=SEND_HEARTBEAT {datanodeUUID=0c3d5d33-5004-4ad0-a181-1b32c8916f48, command=[]} | ret=SUCCESS |  
2019-08-30 05:53:00,315 | INFO  | SCMAudit | user=jenkins1000 | ip=192.168.69.118 | op=SEND_HEARTBEAT {datanodeUUID=3db231e5-aa41-417a-9eb1-ebae727224a1, command=[]} | ret=SUCCESS |  
2019-08-30 05:53:00,327 | INFO  | SCMAudit | user=jenkins1000 | ip=192.168.69.118 | op=SEND_HEARTBEAT {datanodeUUID=0c3d5d33-5004-4ad0-a181-1b32c8916f48, command=[]} | ret=SUCCESS |  
2019-08-30 05:53:00,328 [EventQueue-ContainerReportForContainerReportHandler] WARN  container.ContainerReportHandler (AbstractContainerReportHandler.java:updateContainerState(143)) - Container #1 is in OPEN state, but the datanode 0c3d5d33-5004-4ad0-a181-1b32c8916f48{ip: 192.168.69.118, host: trunk-nightly-20190830-rr75b-3244975676, networkLocation: /default-rack, certSerialId: null} reports an CLOSED replica.
2019-08-30 05:53:00,415 | INFO  | SCMAudit | user=jenkins1000 | ip=192.168.69.118 | op=SEND_HEARTBEAT {datanodeUUID=3db231e5-aa41-417a-9eb1-ebae727224a1, command=[]} | ret=SUCCESS |  
2019-08-30 05:53:00,428 | INFO  | SCMAudit | user=jenkins1000 | ip=192.168.69.118 | op=SEND_HEARTBEAT {datanodeUUID=0c3d5d33-5004-4ad0-a181-1b32c8916f48, command=[]} | ret=SUCCESS |  
2019-08-30 05:53:00,516 | INFO  | SCMAudit | user=jenkins1000 | ip=192.168.69.118 | op=SEND_HEARTBEAT {datanodeUUID=3db231e5-aa41-417a-9eb1-ebae727224a1, command=[]} | ret=SUCCESS |  
2019-08-30 05:53:00,516 [EventQueue-ContainerReportForContainerReportHandler] WARN  container.ContainerReportHandler (AbstractContainerReportHandler.java:updateContainerState(143)) - Container #1 is in OPEN state, but the datanode 3db231e5-aa41-417a-9eb1-ebae727224a1{ip: 192.168.69.118, host: trunk-nightly-20190830-rr75b-3244975676, networkLocation: /default-rack, certSerialId: null} reports an CLOSED replica.
2019-08-30 05:53:00,528 | INFO  | SCMAudit | user=jenkins1000 | ip=192.168.69.118 | op=SEND_HEARTBEAT {datanodeUUID=0c3d5d33-5004-4ad0-a181-1b32c8916f48, command=[]} | ret=SUCCESS |  
2019-08-30 05:53:00,616 | INFO  | SCMAudit | user=jenkins1000 | ip=192.168.69.118 | op=SEND_HEARTBEAT {datanodeUUID=3db231e5-aa41-417a-9eb1-ebae727224a1, command=[]} | ret=SUCCESS |  
2019-08-30 05:53:00,628 | INFO  | SCMAudit | user=jenkins1000 | ip=192.168.69.118 | op=SEND_HEARTBEAT {datanodeUUID=0c3d5d33-5004-4ad0-a181-1b32c8916f48, command=[]} | ret=SUCCESS |  
2019-08-30 05:53:00,716 | INFO  | SCMAudit | user=jenkins1000 | ip=192.168.69.118 | op=SEND_HEARTBEAT {datanodeUUID=3db231e5-aa41-417a-9eb1-ebae727224a1, command=[]} | ret=SUCCESS |  
2019-08-30 05:53:00,716 [EventQueue-ContainerReportForContainerReportHandler] WARN  container.ContainerReportHandler (AbstractContainerReportHandler.java:updateContainerState(143)) - Container #1 is in OPEN state, but the datanode 3db231e5-aa41-417a-9eb1-ebae727224a1{ip: 192.168.69.118, host: trunk-nightly-20190830-rr75b-3244975676, networkLocation: /default-rack, certSerialId: null} reports an CLOSED replica.
2019-08-30 05:53:00,728 | INFO  | SCMAudit | user=jenkins1000 | ip=192.168.69.118 | op=SEND_HEARTBEAT {datanodeUUID=0c3d5d33-5004-4ad0-a181-1b32c8916f48, command=[]} | ret=SUCCESS |  
2019-08-30 05:53:00,728 [EventQueue-ContainerReportForContainerReportHandler] WARN  container.ContainerReportHandler (AbstractContainerReportHandler.java:updateContainerState(143)) - Container #1 is in OPEN state, but the datanode 0c3d5d33-5004-4ad0-a181-1b32c8916f48{ip: 192.168.69.118, host: trunk-nightly-20190830-rr75b-3244975676, networkLocation: /default-rack, certSerialId: null} reports an CLOSED replica.
2019-08-30 05:53:00,816 | INFO  | SCMAudit | user=jenkins1000 | ip=192.168.69.118 | op=SEND_HEARTBEAT {datanodeUUID=3db231e5-aa41-417a-9eb1-ebae727224a1, command=[]} | ret=SUCCESS |  
2019-08-30 05:53:00,828 | INFO  | SCMAudit | user=jenkins1000 | ip=192.168.69.118 | op=SEND_HEARTBEAT {datanodeUUID=0c3d5d33-5004-4ad0-a181-1b32c8916f48, command=[]} | ret=SUCCESS |  
2019-08-30 05:53:00,916 | INFO  | SCMAudit | user=jenkins1000 | ip=192.168.69.118 | op=SEND_HEARTBEAT {datanodeUUID=3db231e5-aa41-417a-9eb1-ebae727224a1, command=[]} | ret=SUCCESS |  
2019-08-30 05:53:00,916 [EventQueue-ContainerReportForContainerReportHandler] WARN  container.ContainerReportHandler (AbstractContainerReportHandler.java:updateContainerState(143)) - Container #1 is in OPEN state, but the datanode 3db231e5-aa41-417a-9eb1-ebae727224a1{ip: 192.168.69.118, host: trunk-nightly-20190830-rr75b-3244975676, networkLocation: /default-rack, certSerialId: null} reports an CLOSED replica.
2019-08-30 05:53:00,928 | INFO  | SCMAudit | user=jenkins1000 | ip=192.168.69.118 | op=SEND_HEARTBEAT {datanodeUUID=0c3d5d33-5004-4ad0-a181-1b32c8916f48, command=[]} | ret=SUCCESS |  
2019-08-30 05:53:01,007 [BlockDeletingService#2] WARN  background.BlockDeletingService (BlockDeletingService.java:isDeletionAllowed(186)) - Close Container log Index 6 is not replicated across allthe servers in the pipeline 1239619d-f8f3-45fb-8433-f96d3aac4001 as the min replicated index is 4. Deletion is not allowed in this container yet.
2019-08-30 05:53:01,008 [BlockDeletingService#6] WARN  background.BlockDeletingService (BlockDeletingService.java:isDeletionAllowed(186)) - Close Container log Index 6 is not replicated across allthe servers in the pipeline 1239619d-f8f3-45fb-8433-f96d3aac4001 as the min replicated index is 4. Deletion is not allowed in this container yet.
2019-08-30 05:53:01,011 [grpc-default-executor-4] WARN  server.GrpcLogAppender (LogUtils.java:warn(134)) - 0c3d5d33-5004-4ad0-a181-1b32c8916f48->39b5c586-5c16-4d91-b521-ddac34f0fc4c: Failed appendEntries: org.apache.ratis.thirdparty.io.grpc.StatusRuntimeException: UNAVAILABLE: io exception
2019-08-30 05:53:01,013 [grpc-default-executor-4] INFO  impl.FollowerInfo (FollowerInfo.java:lambda$new$0(50)) - 0c3d5d33-5004-4ad0-a181-1b32c8916f48->39b5c586-5c16-4d91-b521-ddac34f0fc4c: nextIndex: updateUnconditionally 0 -> 0
2019-08-30 05:53:01,016 | INFO  | SCMAudit | user=jenkins1000 | ip=192.168.69.118 | op=SEND_HEARTBEAT {datanodeUUID=3db231e5-aa41-417a-9eb1-ebae727224a1, command=[]} | ret=SUCCESS |  
2019-08-30 05:53:01,028 | INFO  | SCMAudit | user=jenkins1000 | ip=192.168.69.118 | op=SEND_HEARTBEAT {datanodeUUID=0c3d5d33-5004-4ad0-a181-1b32c8916f48, command=[]} | ret=SUCCESS |  
2019-08-30 05:53:01,029 [EventQueue-ContainerReportForContainerReportHandler] WARN  container.ContainerReportHandler (AbstractContainerReportHandler.java:updateContainerState(143)) - Container #1 is in OPEN state, but the datanode 0c3d5d33-5004-4ad0-a181-1b32c8916f48{ip: 192.168.69.118, host: trunk-nightly-20190830-rr75b-3244975676, networkLocation: /default-rack, certSerialId: null} reports an CLOSED replica.
2019-08-30 05:53:01,116 | INFO  | SCMAudit | user=jenkins1000 | ip=192.168.69.118 | op=SEND_HEARTBEAT {datanodeUUID=3db231e5-aa41-417a-9eb1-ebae727224a1, command=[]} | ret=SUCCESS |  
2019-08-30 05:53:01,128 | INFO  | SCMAudit | user=jenkins1000 | ip=192.168.69.118 | op=SEND_HEARTBEAT {datanodeUUID=0c3d5d33-5004-4ad0-a181-1b32c8916f48, command=[]} | ret=SUCCESS |  
2019-08-30 05:53:01,217 | INFO  | SCMAudit | user=jenkins1000 | ip=192.168.69.118 | op=SEND_HEARTBEAT {datanodeUUID=3db231e5-aa41-417a-9eb1-ebae727224a1, command=[]} | ret=SUCCESS |  
2019-08-30 05:53:01,217 [EventQueue-ContainerReportForContainerReportHandler] WARN  container.ContainerReportHandler (AbstractContainerReportHandler.java:updateContainerState(143)) - Container #1 is in OPEN state, but the datanode 3db231e5-aa41-417a-9eb1-ebae727224a1{ip: 192.168.69.118, host: trunk-nightly-20190830-rr75b-3244975676, networkLocation: /default-rack, certSerialId: null} reports an CLOSED replica.
2019-08-30 05:53:01,229 | INFO  | SCMAudit | user=jenkins1000 | ip=192.168.69.118 | op=SEND_HEARTBEAT {datanodeUUID=0c3d5d33-5004-4ad0-a181-1b32c8916f48, command=[]} | ret=SUCCESS |  
2019-08-30 05:53:01,316 | INFO  | SCMAudit | user=jenkins1000 | ip=192.168.69.118 | op=SEND_HEARTBEAT {datanodeUUID=3db231e5-aa41-417a-9eb1-ebae727224a1, command=[]} | ret=SUCCESS |  
2019-08-30 05:53:01,329 | INFO  | SCMAudit | user=jenkins1000 | ip=192.168.69.118 | op=SEND_HEARTBEAT {datanodeUUID=0c3d5d33-5004-4ad0-a181-1b32c8916f48, command=[]} | ret=SUCCESS |  
2019-08-30 05:53:01,329 [EventQueue-ContainerReportForContainerReportHandler] WARN  container.ContainerReportHandler (AbstractContainerReportHandler.java:updateContainerState(143)) - Container #1 is in OPEN state, but the datanode 0c3d5d33-5004-4ad0-a181-1b32c8916f48{ip: 192.168.69.118, host: trunk-nightly-20190830-rr75b-3244975676, networkLocation: /default-rack, certSerialId: null} reports an CLOSED replica.
2019-08-30 05:53:01,416 | INFO  | SCMAudit | user=jenkins1000 | ip=192.168.69.118 | op=SEND_HEARTBEAT {datanodeUUID=3db231e5-aa41-417a-9eb1-ebae727224a1, command=[]} | ret=SUCCESS |  
2019-08-30 05:53:01,416 [EventQueue-ContainerReportForContainerReportHandler] WARN  container.ContainerReportHandler (AbstractContainerReportHandler.java:updateContainerState(143)) - Container #1 is in OPEN state, but the datanode 3db231e5-aa41-417a-9eb1-ebae727224a1{ip: 192.168.69.118, host: trunk-nightly-20190830-rr75b-3244975676, networkLocation: /default-rack, certSerialId: null} reports an CLOSED replica.
2019-08-30 05:53:01,429 | INFO  | SCMAudit | user=jenkins1000 | ip=192.168.69.118 | op=SEND_HEARTBEAT {datanodeUUID=0c3d5d33-5004-4ad0-a181-1b32c8916f48, command=[]} | ret=SUCCESS |  
2019-08-30 05:53:01,517 | INFO  | SCMAudit | user=jenkins1000 | ip=192.168.69.118 | op=SEND_HEARTBEAT {datanodeUUID=3db231e5-aa41-417a-9eb1-ebae727224a1, command=[]} | ret=SUCCESS |  
2019-08-30 05:53:01,529 | INFO  | SCMAudit | user=jenkins1000 | ip=192.168.69.118 | op=SEND_HEARTBEAT {datanodeUUID=0c3d5d33-5004-4ad0-a181-1b32c8916f48, command=[]} | ret=SUCCESS |  
2019-08-30 05:53:01,617 | INFO  | SCMAudit | user=jenkins1000 | ip=192.168.69.118 | op=SEND_HEARTBEAT {datanodeUUID=3db231e5-aa41-417a-9eb1-ebae727224a1, command=[]} | ret=SUCCESS |  
2019-08-30 05:53:01,629 | INFO  | SCMAudit | user=jenkins1000 | ip=192.168.69.118 | op=SEND_HEARTBEAT {datanodeUUID=0c3d5d33-5004-4ad0-a181-1b32c8916f48, command=[]} | ret=SUCCESS |  
2019-08-30 05:53:01,717 | INFO  | SCMAudit | user=jenkins1000 | ip=192.168.69.118 | op=SEND_HEARTBEAT {datanodeUUID=3db231e5-aa41-417a-9eb1-ebae727224a1, command=[]} | ret=SUCCESS |  
2019-08-30 05:53:01,717 [EventQueue-ContainerReportForContainerReportHandler] WARN  container.ContainerReportHandler (AbstractContainerReportHandler.java:updateContainerState(143)) - Container #1 is in OPEN state, but the datanode 3db231e5-aa41-417a-9eb1-ebae727224a1{ip: 192.168.69.118, host: trunk-nightly-20190830-rr75b-3244975676, networkLocation: /default-rack, certSerialId: null} reports an CLOSED replica.
2019-08-30 05:53:01,729 | INFO  | SCMAudit | user=jenkins1000 | ip=192.168.69.118 | op=SEND_HEARTBEAT {datanodeUUID=0c3d5d33-5004-4ad0-a181-1b32c8916f48, command=[]} | ret=SUCCESS |  
2019-08-30 05:53:01,729 [EventQueue-ContainerReportForContainerReportHandler] WARN  container.ContainerReportHandler (AbstractContainerReportHandler.java:updateContainerState(143)) - Container #1 is in OPEN state, but the datanode 0c3d5d33-5004-4ad0-a181-1b32c8916f48{ip: 192.168.69.118, host: trunk-nightly-20190830-rr75b-3244975676, networkLocation: /default-rack, certSerialId: null} reports an CLOSED replica.
2019-08-30 05:53:01,817 | INFO  | SCMAudit | user=jenkins1000 | ip=192.168.69.118 | op=SEND_HEARTBEAT {datanodeUUID=3db231e5-aa41-417a-9eb1-ebae727224a1, command=[]} | ret=SUCCESS |  
2019-08-30 05:53:01,829 | INFO  | SCMAudit | user=jenkins1000 | ip=192.168.69.118 | op=SEND_HEARTBEAT {datanodeUUID=0c3d5d33-5004-4ad0-a181-1b32c8916f48, command=[]} | ret=SUCCESS |  
2019-08-30 05:53:01,918 | INFO  | SCMAudit | user=jenkins1000 | ip=192.168.69.118 | op=SEND_HEARTBEAT {datanodeUUID=3db231e5-aa41-417a-9eb1-ebae727224a1, command=[]} | ret=SUCCESS |  
2019-08-30 05:53:01,918 [EventQueue-ContainerReportForContainerReportHandler] WARN  container.ContainerReportHandler (AbstractContainerReportHandler.java:updateContainerState(143)) - Container #1 is in OPEN state, but the datanode 3db231e5-aa41-417a-9eb1-ebae727224a1{ip: 192.168.69.118, host: trunk-nightly-20190830-rr75b-3244975676, networkLocation: /default-rack, certSerialId: null} reports an CLOSED replica.
2019-08-30 05:53:01,928 | INFO  | SCMAudit | user=jenkins1000 | ip=192.168.69.118 | op=SEND_HEARTBEAT {datanodeUUID=0c3d5d33-5004-4ad0-a181-1b32c8916f48, command=[]} | ret=SUCCESS |  
2019-08-30 05:53:02,009 [BlockDeletingService#2] WARN  background.BlockDeletingService (BlockDeletingService.java:isDeletionAllowed(186)) - Close Container log Index 6 is not replicated across allthe servers in the pipeline 1239619d-f8f3-45fb-8433-f96d3aac4001 as the min replicated index is 4. Deletion is not allowed in this container yet.
2019-08-30 05:53:02,009 [BlockDeletingService#6] WARN  background.BlockDeletingService (BlockDeletingService.java:isDeletionAllowed(186)) - Close Container log Index 6 is not replicated across allthe servers in the pipeline 1239619d-f8f3-45fb-8433-f96d3aac4001 as the min replicated index is 4. Deletion is not allowed in this container yet.
2019-08-30 05:53:02,017 | INFO  | SCMAudit | user=jenkins1000 | ip=192.168.69.118 | op=SEND_HEARTBEAT {datanodeUUID=3db231e5-aa41-417a-9eb1-ebae727224a1, command=[]} | ret=SUCCESS |  
2019-08-30 05:53:02,029 | INFO  | SCMAudit | user=jenkins1000 | ip=192.168.69.118 | op=SEND_HEARTBEAT {datanodeUUID=0c3d5d33-5004-4ad0-a181-1b32c8916f48, command=[]} | ret=SUCCESS |  
2019-08-30 05:53:02,030 [EventQueue-ContainerReportForContainerReportHandler] WARN  container.ContainerReportHandler (AbstractContainerReportHandler.java:updateContainerState(143)) - Container #1 is in OPEN state, but the datanode 0c3d5d33-5004-4ad0-a181-1b32c8916f48{ip: 192.168.69.118, host: trunk-nightly-20190830-rr75b-3244975676, networkLocation: /default-rack, certSerialId: null} reports an CLOSED replica.
2019-08-30 05:53:02,117 | INFO  | SCMAudit | user=jenkins1000 | ip=192.168.69.118 | op=SEND_HEARTBEAT {datanodeUUID=3db231e5-aa41-417a-9eb1-ebae727224a1, command=[]} | ret=SUCCESS |  
2019-08-30 05:53:02,131 | INFO  | SCMAudit | user=jenkins1000 | ip=192.168.69.118 | op=SEND_HEARTBEAT {datanodeUUID=0c3d5d33-5004-4ad0-a181-1b32c8916f48, command=[]} | ret=SUCCESS |  
2019-08-30 05:53:02,217 | INFO  | SCMAudit | user=jenkins1000 | ip=192.168.69.118 | op=SEND_HEARTBEAT {datanodeUUID=3db231e5-aa41-417a-9eb1-ebae727224a1, command=[]} | ret=SUCCESS |  
2019-08-30 05:53:02,231 | INFO  | SCMAudit | user=jenkins1000 | ip=192.168.69.118 | op=SEND_HEARTBEAT {datanodeUUID=0c3d5d33-5004-4ad0-a181-1b32c8916f48, command=[]} | ret=SUCCESS |  
2019-08-30 05:53:02,318 | INFO  | SCMAudit | user=jenkins1000 | ip=192.168.69.118 | op=SEND_HEARTBEAT {datanodeUUID=3db231e5-aa41-417a-9eb1-ebae727224a1, command=[]} | ret=SUCCESS |  
2019-08-30 05:53:02,318 [EventQueue-ContainerReportForContainerReportHandler] WARN  container.ContainerReportHandler (AbstractContainerReportHandler.java:updateContainerState(143)) - Container #1 is in OPEN state, but the datanode 3db231e5-aa41-417a-9eb1-ebae727224a1{ip: 192.168.69.118, host: trunk-nightly-20190830-rr75b-3244975676, networkLocation: /default-rack, certSerialId: null} reports an CLOSED replica.
2019-08-30 05:53:02,331 | INFO  | SCMAudit | user=jenkins1000 | ip=192.168.69.118 | op=SEND_HEARTBEAT {datanodeUUID=0c3d5d33-5004-4ad0-a181-1b32c8916f48, command=[]} | ret=SUCCESS |  
2019-08-30 05:53:02,331 [EventQueue-ContainerReportForContainerReportHandler] WARN  container.ContainerReportHandler (AbstractContainerReportHandler.java:updateContainerState(143)) - Container #1 is in OPEN state, but the datanode 0c3d5d33-5004-4ad0-a181-1b32c8916f48{ip: 192.168.69.118, host: trunk-nightly-20190830-rr75b-3244975676, networkLocation: /default-rack, certSerialId: null} reports an CLOSED replica.
2019-08-30 05:53:02,417 | INFO  | SCMAudit | user=jenkins1000 | ip=192.168.69.118 | op=SEND_HEARTBEAT {datanodeUUID=3db231e5-aa41-417a-9eb1-ebae727224a1, command=[]} | ret=SUCCESS |  
2019-08-30 05:53:02,431 | INFO  | SCMAudit | user=jenkins1000 | ip=192.168.69.118 | op=SEND_HEARTBEAT {datanodeUUID=0c3d5d33-5004-4ad0-a181-1b32c8916f48, command=[]} | ret=SUCCESS |  
2019-08-30 05:53:02,517 | INFO  | SCMAudit | user=jenkins1000 | ip=192.168.69.118 | op=SEND_HEARTBEAT {datanodeUUID=3db231e5-aa41-417a-9eb1-ebae727224a1, command=[]} | ret=SUCCESS |  
2019-08-30 05:53:02,531 | INFO  | SCMAudit | user=jenkins1000 | ip=192.168.69.118 | op=SEND_HEARTBEAT {datanodeUUID=0c3d5d33-5004-4ad0-a181-1b32c8916f48, command=[]} | ret=SUCCESS |  
2019-08-30 05:53:02,617 | INFO  | SCMAudit | user=jenkins1000 | ip=192.168.69.118 | op=SEND_HEARTBEAT {datanodeUUID=3db231e5-aa41-417a-9eb1-ebae727224a1, command=[]} | ret=SUCCESS |  
2019-08-30 05:53:02,617 [EventQueue-ContainerReportForContainerReportHandler] WARN  container.ContainerReportHandler (AbstractContainerReportHandler.java:updateContainerState(143)) - Container #1 is in OPEN state, but the datanode 3db231e5-aa41-417a-9eb1-ebae727224a1{ip: 192.168.69.118, host: trunk-nightly-20190830-rr75b-3244975676, networkLocation: /default-rack, certSerialId: null} reports an CLOSED replica.
2019-08-30 05:53:02,631 | INFO  | SCMAudit | user=jenkins1000 | ip=192.168.69.118 | op=SEND_HEARTBEAT {datanodeUUID=0c3d5d33-5004-4ad0-a181-1b32c8916f48, command=[]} | ret=SUCCESS |  
2019-08-30 05:53:02,631 [EventQueue-ContainerReportForContainerReportHandler] WARN  container.ContainerReportHandler (AbstractContainerReportHandler.java:updateContainerState(143)) - Container #1 is in OPEN state, but the datanode 0c3d5d33-5004-4ad0-a181-1b32c8916f48{ip: 192.168.69.118, host: trunk-nightly-20190830-rr75b-3244975676, networkLocation: /default-rack, certSerialId: null} reports an CLOSED replica.
2019-08-30 05:53:02,717 | INFO  | SCMAudit | user=jenkins1000 | ip=192.168.69.118 | op=SEND_HEARTBEAT {datanodeUUID=3db231e5-aa41-417a-9eb1-ebae727224a1, command=[]} | ret=SUCCESS |  
2019-08-30 05:53:02,731 | INFO  | SCMAudit | user=jenkins1000 | ip=192.168.69.118 | op=SEND_HEARTBEAT {datanodeUUID=0c3d5d33-5004-4ad0-a181-1b32c8916f48, command=[]} | ret=SUCCESS |  
2019-08-30 05:53:02,817 | INFO  | SCMAudit | user=jenkins1000 | ip=192.168.69.118 | op=SEND_HEARTBEAT {datanodeUUID=3db231e5-aa41-417a-9eb1-ebae727224a1, command=[]} | ret=SUCCESS |  
2019-08-30 05:53:02,831 | INFO  | SCMAudit | user=jenkins1000 | ip=192.168.69.118 | op=SEND_HEARTBEAT {datanodeUUID=0c3d5d33-5004-4ad0-a181-1b32c8916f48, command=[]} | ret=SUCCESS |  
2019-08-30 05:53:02,918 | INFO  | SCMAudit | user=jenkins1000 | ip=192.168.69.118 | op=SEND_HEARTBEAT {datanodeUUID=3db231e5-aa41-417a-9eb1-ebae727224a1, command=[]} | ret=SUCCESS |  
2019-08-30 05:53:02,918 [EventQueue-ContainerReportForContainerReportHandler] WARN  container.ContainerReportHandler (AbstractContainerReportHandler.java:updateContainerState(143)) - Container #1 is in OPEN state, but the datanode 3db231e5-aa41-417a-9eb1-ebae727224a1{ip: 192.168.69.118, host: trunk-nightly-20190830-rr75b-3244975676, networkLocation: /default-rack, certSerialId: null} reports an CLOSED replica.
2019-08-30 05:53:02,932 | INFO  | SCMAudit | user=jenkins1000 | ip=192.168.69.118 | op=SEND_HEARTBEAT {datanodeUUID=0c3d5d33-5004-4ad0-a181-1b32c8916f48, command=[]} | ret=SUCCESS |  
2019-08-30 05:53:02,932 [EventQueue-ContainerReportForContainerReportHandler] WARN  container.ContainerReportHandler (AbstractContainerReportHandler.java:updateContainerState(143)) - Container #1 is in OPEN state, but the datanode 0c3d5d33-5004-4ad0-a181-1b32c8916f48{ip: 192.168.69.118, host: trunk-nightly-20190830-rr75b-3244975676, networkLocation: /default-rack, certSerialId: null} reports an CLOSED replica.
2019-08-30 05:53:03,011 [BlockDeletingService#2] WARN  background.BlockDeletingService (BlockDeletingService.java:isDeletionAllowed(186)) - Close Container log Index 6 is not replicated across allthe servers in the pipeline 1239619d-f8f3-45fb-8433-f96d3aac4001 as the min replicated index is 4. Deletion is not allowed in this container yet.
2019-08-30 05:53:03,011 [BlockDeletingService#6] WARN  background.BlockDeletingService (BlockDeletingService.java:isDeletionAllowed(186)) - Close Container log Index 6 is not replicated across allthe servers in the pipeline 1239619d-f8f3-45fb-8433-f96d3aac4001 as the min replicated index is 4. Deletion is not allowed in this container yet.
2019-08-30 05:53:03,017 | INFO  | SCMAudit | user=jenkins1000 | ip=192.168.69.118 | op=SEND_HEARTBEAT {datanodeUUID=3db231e5-aa41-417a-9eb1-ebae727224a1, command=[]} | ret=SUCCESS |  
2019-08-30 05:53:03,032 | INFO  | SCMAudit | user=jenkins1000 | ip=192.168.69.118 | op=SEND_HEARTBEAT {datanodeUUID=0c3d5d33-5004-4ad0-a181-1b32c8916f48, command=[]} | ret=SUCCESS |  
2019-08-30 05:53:03,117 | INFO  | SCMAudit | user=jenkins1000 | ip=192.168.69.118 | op=SEND_HEARTBEAT {datanodeUUID=3db231e5-aa41-417a-9eb1-ebae727224a1, command=[]} | ret=SUCCESS |  
2019-08-30 05:53:03,132 | INFO  | SCMAudit | user=jenkins1000 | ip=192.168.69.118 | op=SEND_HEARTBEAT {datanodeUUID=0c3d5d33-5004-4ad0-a181-1b32c8916f48, command=[]} | ret=SUCCESS |  
2019-08-30 05:53:03,132 [EventQueue-ContainerReportForContainerReportHandler] WARN  container.ContainerReportHandler (AbstractContainerReportHandler.java:updateContainerState(143)) - Container #1 is in OPEN state, but the datanode 0c3d5d33-5004-4ad0-a181-1b32c8916f48{ip: 192.168.69.118, host: trunk-nightly-20190830-rr75b-3244975676, networkLocation: /default-rack, certSerialId: null} reports an CLOSED replica.
2019-08-30 05:53:03,218 | INFO  | SCMAudit | user=jenkins1000 | ip=192.168.69.118 | op=SEND_HEARTBEAT {datanodeUUID=3db231e5-aa41-417a-9eb1-ebae727224a1, command=[]} | ret=SUCCESS |  
2019-08-30 05:53:03,218 [EventQueue-ContainerReportForContainerReportHandler] WARN  container.ContainerReportHandler (AbstractContainerReportHandler.java:updateContainerState(143)) - Container #1 is in OPEN state, but the datanode 3db231e5-aa41-417a-9eb1-ebae727224a1{ip: 192.168.69.118, host: trunk-nightly-20190830-rr75b-3244975676, networkLocation: /default-rack, certSerialId: null} reports an CLOSED replica.
2019-08-30 05:53:03,232 | INFO  | SCMAudit | user=jenkins1000 | ip=192.168.69.118 | op=SEND_HEARTBEAT {datanodeUUID=0c3d5d33-5004-4ad0-a181-1b32c8916f48, command=[]} | ret=SUCCESS |  
2019-08-30 05:53:03,318 | INFO  | SCMAudit | user=jenkins1000 | ip=192.168.69.118 | op=SEND_HEARTBEAT {datanodeUUID=3db231e5-aa41-417a-9eb1-ebae727224a1, command=[]} | ret=SUCCESS |  
2019-08-30 05:53:03,332 | INFO  | SCMAudit | user=jenkins1000 | ip=192.168.69.118 | op=SEND_HEARTBEAT {datanodeUUID=0c3d5d33-5004-4ad0-a181-1b32c8916f48, command=[]} | ret=SUCCESS |  
2019-08-30 05:53:03,418 | INFO  | SCMAudit | user=jenkins1000 | ip=192.168.69.118 | op=SEND_HEARTBEAT {datanodeUUID=3db231e5-aa41-417a-9eb1-ebae727224a1, command=[]} | ret=SUCCESS |  
2019-08-30 05:53:03,418 [EventQueue-ContainerReportForContainerReportHandler] WARN  container.ContainerReportHandler (AbstractContainerReportHandler.java:updateContainerState(143)) - Container #1 is in OPEN state, but the datanode 3db231e5-aa41-417a-9eb1-ebae727224a1{ip: 192.168.69.118, host: trunk-nightly-20190830-rr75b-3244975676, networkLocation: /default-rack, certSerialId: null} reports an CLOSED replica.
2019-08-30 05:53:03,432 | INFO  | SCMAudit | user=jenkins1000 | ip=192.168.69.118 | op=SEND_HEARTBEAT {datanodeUUID=0c3d5d33-5004-4ad0-a181-1b32c8916f48, command=[]} | ret=SUCCESS |  
2019-08-30 05:53:03,432 [EventQueue-ContainerReportForContainerReportHandler] WARN  container.ContainerReportHandler (AbstractContainerReportHandler.java:updateContainerState(143)) - Container #1 is in OPEN state, but the datanode 0c3d5d33-5004-4ad0-a181-1b32c8916f48{ip: 192.168.69.118, host: trunk-nightly-20190830-rr75b-3244975676, networkLocation: /default-rack, certSerialId: null} reports an CLOSED replica.
2019-08-30 05:53:03,512 [grpc-default-executor-1] WARN  server.GrpcLogAppender (LogUtils.java:warn(134)) - 0c3d5d33-5004-4ad0-a181-1b32c8916f48->39b5c586-5c16-4d91-b521-ddac34f0fc4c: Failed appendEntries: org.apache.ratis.thirdparty.io.grpc.StatusRuntimeException: UNAVAILABLE: io exception
2019-08-30 05:53:03,514 [grpc-default-executor-1] INFO  impl.FollowerInfo (FollowerInfo.java:lambda$new$0(50)) - 0c3d5d33-5004-4ad0-a181-1b32c8916f48->39b5c586-5c16-4d91-b521-ddac34f0fc4c: nextIndex: updateUnconditionally 0 -> 0
2019-08-30 05:53:03,519 | INFO  | SCMAudit | user=jenkins1000 | ip=192.168.69.118 | op=SEND_HEARTBEAT {datanodeUUID=3db231e5-aa41-417a-9eb1-ebae727224a1, command=[]} | ret=SUCCESS |  
2019-08-30 05:53:03,533 | INFO  | SCMAudit | user=jenkins1000 | ip=192.168.69.118 | op=SEND_HEARTBEAT {datanodeUUID=0c3d5d33-5004-4ad0-a181-1b32c8916f48, command=[]} | ret=SUCCESS |  
2019-08-30 05:53:03,618 | INFO  | SCMAudit | user=jenkins1000 | ip=192.168.69.118 | op=SEND_HEARTBEAT {datanodeUUID=3db231e5-aa41-417a-9eb1-ebae727224a1, command=[]} | ret=SUCCESS |  
2019-08-30 05:53:03,632 | INFO  | SCMAudit | user=jenkins1000 | ip=192.168.69.118 | op=SEND_HEARTBEAT {datanodeUUID=0c3d5d33-5004-4ad0-a181-1b32c8916f48, command=[]} | ret=SUCCESS |  
2019-08-30 05:53:03,718 | INFO  | SCMAudit | user=jenkins1000 | ip=192.168.69.118 | op=SEND_HEARTBEAT {datanodeUUID=3db231e5-aa41-417a-9eb1-ebae727224a1, command=[]} | ret=SUCCESS |  
2019-08-30 05:53:03,732 | INFO  | SCMAudit | user=jenkins1000 | ip=192.168.69.118 | op=SEND_HEARTBEAT {datanodeUUID=0c3d5d33-5004-4ad0-a181-1b32c8916f48, command=[]} | ret=SUCCESS |  
2019-08-30 05:53:03,818 | INFO  | SCMAudit | user=jenkins1000 | ip=192.168.69.118 | op=SEND_HEARTBEAT {datanodeUUID=3db231e5-aa41-417a-9eb1-ebae727224a1, command=[]} | ret=SUCCESS |  
2019-08-30 05:53:03,818 [EventQueue-ContainerReportForContainerReportHandler] WARN  container.ContainerReportHandler (AbstractContainerReportHandler.java:updateContainerState(143)) - Container #1 is in OPEN state, but the datanode 3db231e5-aa41-417a-9eb1-ebae727224a1{ip: 192.168.69.118, host: trunk-nightly-20190830-rr75b-3244975676, networkLocation: /default-rack, certSerialId: null} reports an CLOSED replica.
2019-08-30 05:53:03,832 | INFO  | SCMAudit | user=jenkins1000 | ip=192.168.69.118 | op=SEND_HEARTBEAT {datanodeUUID=0c3d5d33-5004-4ad0-a181-1b32c8916f48, command=[]} | ret=SUCCESS |  
2019-08-30 05:53:03,833 [EventQueue-ContainerReportForContainerReportHandler] WARN  container.ContainerReportHandler (AbstractContainerReportHandler.java:updateContainerState(143)) - Container #1 is in OPEN state, but the datanode 0c3d5d33-5004-4ad0-a181-1b32c8916f48{ip: 192.168.69.118, host: trunk-nightly-20190830-rr75b-3244975676, networkLocation: /default-rack, certSerialId: null} reports an CLOSED replica.
2019-08-30 05:53:03,918 | INFO  | SCMAudit | user=jenkins1000 | ip=192.168.69.118 | op=SEND_HEARTBEAT {datanodeUUID=3db231e5-aa41-417a-9eb1-ebae727224a1, command=[]} | ret=SUCCESS |  
2019-08-30 05:53:03,932 | INFO  | SCMAudit | user=jenkins1000 | ip=192.168.69.118 | op=SEND_HEARTBEAT {datanodeUUID=0c3d5d33-5004-4ad0-a181-1b32c8916f48, command=[]} | ret=SUCCESS |  
2019-08-30 05:53:04,012 [BlockDeletingService#2] WARN  background.BlockDeletingService (BlockDeletingService.java:isDeletionAllowed(186)) - Close Container log Index 6 is not replicated across allthe servers in the pipeline 1239619d-f8f3-45fb-8433-f96d3aac4001 as the min replicated index is 4. Deletion is not allowed in this container yet.
2019-08-30 05:53:04,013 [BlockDeletingService#6] WARN  background.BlockDeletingService (BlockDeletingService.java:isDeletionAllowed(186)) - Close Container log Index 6 is not replicated across allthe servers in the pipeline 1239619d-f8f3-45fb-8433-f96d3aac4001 as the min replicated index is 4. Deletion is not allowed in this container yet.
2019-08-30 05:53:04,018 | INFO  | SCMAudit | user=jenkins1000 | ip=192.168.69.118 | op=SEND_HEARTBEAT {datanodeUUID=3db231e5-aa41-417a-9eb1-ebae727224a1, command=[]} | ret=SUCCESS |  
2019-08-30 05:53:04,034 | INFO  | SCMAudit | user=jenkins1000 | ip=192.168.69.118 | op=SEND_HEARTBEAT {datanodeUUID=0c3d5d33-5004-4ad0-a181-1b32c8916f48, command=[]} | ret=SUCCESS |  
2019-08-30 05:53:04,119 | INFO  | SCMAudit | user=jenkins1000 | ip=192.168.69.118 | op=SEND_HEARTBEAT {datanodeUUID=3db231e5-aa41-417a-9eb1-ebae727224a1, command=[]} | ret=SUCCESS |  
2019-08-30 05:53:04,119 [EventQueue-ContainerReportForContainerReportHandler] WARN  container.ContainerReportHandler (AbstractContainerReportHandler.java:updateContainerState(143)) - Container #1 is in OPEN state, but the datanode 3db231e5-aa41-417a-9eb1-ebae727224a1{ip: 192.168.69.118, host: trunk-nightly-20190830-rr75b-3244975676, networkLocation: /default-rack, certSerialId: null} reports an CLOSED replica.
2019-08-30 05:53:04,134 | INFO  | SCMAudit | user=jenkins1000 | ip=192.168.69.118 | op=SEND_HEARTBEAT {datanodeUUID=0c3d5d33-5004-4ad0-a181-1b32c8916f48, command=[]} | ret=SUCCESS |  
2019-08-30 05:53:04,134 [EventQueue-ContainerReportForContainerReportHandler] WARN  container.ContainerReportHandler (AbstractContainerReportHandler.java:updateContainerState(143)) - Container #1 is in OPEN state, but the datanode 0c3d5d33-5004-4ad0-a181-1b32c8916f48{ip: 192.168.69.118, host: trunk-nightly-20190830-rr75b-3244975676, networkLocation: /default-rack, certSerialId: null} reports an CLOSED replica.
2019-08-30 05:53:04,218 | INFO  | SCMAudit | user=jenkins1000 | ip=192.168.69.118 | op=SEND_HEARTBEAT {datanodeUUID=3db231e5-aa41-417a-9eb1-ebae727224a1, command=[]} | ret=SUCCESS |  
2019-08-30 05:53:04,234 | INFO  | SCMAudit | user=jenkins1000 | ip=192.168.69.118 | op=SEND_HEARTBEAT {datanodeUUID=0c3d5d33-5004-4ad0-a181-1b32c8916f48, command=[]} | ret=SUCCESS |  
2019-08-30 05:53:04,318 | INFO  | SCMAudit | user=jenkins1000 | ip=192.168.69.118 | op=SEND_HEARTBEAT {datanodeUUID=3db231e5-aa41-417a-9eb1-ebae727224a1, command=[]} | ret=SUCCESS |  
2019-08-30 05:53:04,334 | INFO  | SCMAudit | user=jenkins1000 | ip=192.168.69.118 | op=SEND_HEARTBEAT {datanodeUUID=0c3d5d33-5004-4ad0-a181-1b32c8916f48, command=[]} | ret=SUCCESS |  
2019-08-30 05:53:04,419 | INFO  | SCMAudit | user=jenkins1000 | ip=192.168.69.118 | op=SEND_HEARTBEAT {datanodeUUID=3db231e5-aa41-417a-9eb1-ebae727224a1, command=[]} | ret=SUCCESS |  
2019-08-30 05:53:04,419 [EventQueue-ContainerReportForContainerReportHandler] WARN  container.ContainerReportHandler (AbstractContainerReportHandler.java:updateContainerState(143)) - Container #1 is in OPEN state, but the datanode 3db231e5-aa41-417a-9eb1-ebae727224a1{ip: 192.168.69.118, host: trunk-nightly-20190830-rr75b-3244975676, networkLocation: /default-rack, certSerialId: null} reports an CLOSED replica.
2019-08-30 05:53:04,434 | INFO  | SCMAudit | user=jenkins1000 | ip=192.168.69.118 | op=SEND_HEARTBEAT {datanodeUUID=0c3d5d33-5004-4ad0-a181-1b32c8916f48, command=[]} | ret=SUCCESS |  
2019-08-30 05:53:04,434 [EventQueue-ContainerReportForContainerReportHandler] WARN  container.ContainerReportHandler (AbstractContainerReportHandler.java:updateContainerState(143)) - Container #1 is in OPEN state, but the datanode 0c3d5d33-5004-4ad0-a181-1b32c8916f48{ip: 192.168.69.118, host: trunk-nightly-20190830-rr75b-3244975676, networkLocation: /default-rack, certSerialId: null} reports an CLOSED replica.
2019-08-30 05:53:04,518 | INFO  | SCMAudit | user=jenkins1000 | ip=192.168.69.118 | op=SEND_HEARTBEAT {datanodeUUID=3db231e5-aa41-417a-9eb1-ebae727224a1, command=[]} | ret=SUCCESS |  
2019-08-30 05:53:04,534 | INFO  | SCMAudit | user=jenkins1000 | ip=192.168.69.118 | op=SEND_HEARTBEAT {datanodeUUID=0c3d5d33-5004-4ad0-a181-1b32c8916f48, command=[]} | ret=SUCCESS |  
2019-08-30 05:53:04,618 | INFO  | SCMAudit | user=jenkins1000 | ip=192.168.69.118 | op=SEND_HEARTBEAT {datanodeUUID=3db231e5-aa41-417a-9eb1-ebae727224a1, command=[]} | ret=SUCCESS |  
2019-08-30 05:53:04,635 | INFO  | SCMAudit | user=jenkins1000 | ip=192.168.69.118 | op=SEND_HEARTBEAT {datanodeUUID=0c3d5d33-5004-4ad0-a181-1b32c8916f48, command=[]} | ret=SUCCESS |  
2019-08-30 05:53:04,718 | INFO  | SCMAudit | user=jenkins1000 | ip=192.168.69.118 | op=SEND_HEARTBEAT {datanodeUUID=3db231e5-aa41-417a-9eb1-ebae727224a1, command=[]} | ret=SUCCESS |  
2019-08-30 05:53:04,718 [EventQueue-ContainerReportForContainerReportHandler] WARN  container.ContainerReportHandler (AbstractContainerReportHandler.java:updateContainerState(143)) - Container #1 is in OPEN state, but the datanode 3db231e5-aa41-417a-9eb1-ebae727224a1{ip: 192.168.69.118, host: trunk-nightly-20190830-rr75b-3244975676, networkLocation: /default-rack, certSerialId: null} reports an CLOSED replica.
2019-08-30 05:53:04,735 | INFO  | SCMAudit | user=jenkins1000 | ip=192.168.69.118 | op=SEND_HEARTBEAT {datanodeUUID=0c3d5d33-5004-4ad0-a181-1b32c8916f48, command=[]} | ret=SUCCESS |  
2019-08-30 05:53:04,735 [EventQueue-ContainerReportForContainerReportHandler] WARN  container.ContainerReportHandler (AbstractContainerReportHandler.java:updateContainerState(143)) - Container #1 is in OPEN state, but the datanode 0c3d5d33-5004-4ad0-a181-1b32c8916f48{ip: 192.168.69.118, host: trunk-nightly-20190830-rr75b-3244975676, networkLocation: /default-rack, certSerialId: null} reports an CLOSED replica.
2019-08-30 05:53:04,818 | INFO  | SCMAudit | user=jenkins1000 | ip=192.168.69.118 | op=SEND_HEARTBEAT {datanodeUUID=3db231e5-aa41-417a-9eb1-ebae727224a1, command=[]} | ret=SUCCESS |  
2019-08-30 05:53:04,835 | INFO  | SCMAudit | user=jenkins1000 | ip=192.168.69.118 | op=SEND_HEARTBEAT {datanodeUUID=0c3d5d33-5004-4ad0-a181-1b32c8916f48, command=[]} | ret=SUCCESS |  
2019-08-30 05:53:04,919 | INFO  | SCMAudit | user=jenkins1000 | ip=192.168.69.118 | op=SEND_HEARTBEAT {datanodeUUID=3db231e5-aa41-417a-9eb1-ebae727224a1, command=[]} | ret=SUCCESS |  
2019-08-30 05:53:04,919 [EventQueue-ContainerReportForContainerReportHandler] WARN  container.ContainerReportHandler (AbstractContainerReportHandler.java:updateContainerState(143)) - Container #1 is in OPEN state, but the datanode 3db231e5-aa41-417a-9eb1-ebae727224a1{ip: 192.168.69.118, host: trunk-nightly-20190830-rr75b-3244975676, networkLocation: /default-rack, certSerialId: null} reports an CLOSED replica.
2019-08-30 05:53:04,935 | INFO  | SCMAudit | user=jenkins1000 | ip=192.168.69.118 | op=SEND_HEARTBEAT {datanodeUUID=0c3d5d33-5004-4ad0-a181-1b32c8916f48, command=[]} | ret=SUCCESS |  
2019-08-30 05:53:05,014 [BlockDeletingService#2] WARN  background.BlockDeletingService (BlockDeletingService.java:isDeletionAllowed(186)) - Close Container log Index 6 is not replicated across allthe servers in the pipeline 1239619d-f8f3-45fb-8433-f96d3aac4001 as the min replicated index is 4. Deletion is not allowed in this container yet.
2019-08-30 05:53:05,014 [BlockDeletingService#6] WARN  background.BlockDeletingService (BlockDeletingService.java:isDeletionAllowed(186)) - Close Container log Index 6 is not replicated across allthe servers in the pipeline 1239619d-f8f3-45fb-8433-f96d3aac4001 as the min replicated index is 4. Deletion is not allowed in this container yet.
2019-08-30 05:53:05,018 | INFO  | SCMAudit | user=jenkins1000 | ip=192.168.69.118 | op=SEND_HEARTBEAT {datanodeUUID=3db231e5-aa41-417a-9eb1-ebae727224a1, command=[]} | ret=SUCCESS |  
2019-08-30 05:53:05,035 | INFO  | SCMAudit | user=jenkins1000 | ip=192.168.69.118 | op=SEND_HEARTBEAT {datanodeUUID=0c3d5d33-5004-4ad0-a181-1b32c8916f48, command=[]} | ret=SUCCESS |  
2019-08-30 05:53:05,118 | INFO  | SCMAudit | user=jenkins1000 | ip=192.168.69.118 | op=SEND_HEARTBEAT {datanodeUUID=3db231e5-aa41-417a-9eb1-ebae727224a1, command=[]} | ret=SUCCESS |  
2019-08-30 05:53:05,135 | INFO  | SCMAudit | user=jenkins1000 | ip=192.168.69.118 | op=SEND_HEARTBEAT {datanodeUUID=0c3d5d33-5004-4ad0-a181-1b32c8916f48, command=[]} | ret=SUCCESS |  
2019-08-30 05:53:05,136 [EventQueue-ContainerReportForContainerReportHandler] WARN  container.ContainerReportHandler (AbstractContainerReportHandler.java:updateContainerState(143)) - Container #1 is in OPEN state, but the datanode 0c3d5d33-5004-4ad0-a181-1b32c8916f48{ip: 192.168.69.118, host: trunk-nightly-20190830-rr75b-3244975676, networkLocation: /default-rack, certSerialId: null} reports an CLOSED replica.
2019-08-30 05:53:05,219 | INFO  | SCMAudit | user=jenkins1000 | ip=192.168.69.118 | op=SEND_HEARTBEAT {datanodeUUID=3db231e5-aa41-417a-9eb1-ebae727224a1, command=[]} | ret=SUCCESS |  
2019-08-30 05:53:05,219 [EventQueue-ContainerReportForContainerReportHandler] WARN  container.ContainerReportHandler (AbstractContainerReportHandler.java:updateContainerState(143)) - Container #1 is in OPEN state, but the datanode 3db231e5-aa41-417a-9eb1-ebae727224a1{ip: 192.168.69.118, host: trunk-nightly-20190830-rr75b-3244975676, networkLocation: /default-rack, certSerialId: null} reports an CLOSED replica.
2019-08-30 05:53:05,236 | INFO  | SCMAudit | user=jenkins1000 | ip=192.168.69.118 | op=SEND_HEARTBEAT {datanodeUUID=0c3d5d33-5004-4ad0-a181-1b32c8916f48, command=[]} | ret=SUCCESS |  
2019-08-30 05:53:05,319 | INFO  | SCMAudit | user=jenkins1000 | ip=192.168.69.118 | op=SEND_HEARTBEAT {datanodeUUID=3db231e5-aa41-417a-9eb1-ebae727224a1, command=[]} | ret=SUCCESS |  
2019-08-30 05:53:05,336 | INFO  | SCMAudit | user=jenkins1000 | ip=192.168.69.118 | op=SEND_HEARTBEAT {datanodeUUID=0c3d5d33-5004-4ad0-a181-1b32c8916f48, command=[]} | ret=SUCCESS |  
2019-08-30 05:53:05,336 [EventQueue-ContainerReportForContainerReportHandler] WARN  container.ContainerReportHandler (AbstractContainerReportHandler.java:updateContainerState(143)) - Container #1 is in OPEN state, but the datanode 0c3d5d33-5004-4ad0-a181-1b32c8916f48{ip: 192.168.69.118, host: trunk-nightly-20190830-rr75b-3244975676, networkLocation: /default-rack, certSerialId: null} reports an CLOSED replica.
2019-08-30 05:53:05,420 | INFO  | SCMAudit | user=jenkins1000 | ip=192.168.69.118 | op=SEND_HEARTBEAT {datanodeUUID=3db231e5-aa41-417a-9eb1-ebae727224a1, command=[]} | ret=SUCCESS |  
2019-08-30 05:53:05,436 | INFO  | SCMAudit | user=jenkins1000 | ip=192.168.69.118 | op=SEND_HEARTBEAT {datanodeUUID=0c3d5d33-5004-4ad0-a181-1b32c8916f48, command=[]} | ret=SUCCESS |  
2019-08-30 05:53:05,520 | INFO  | SCMAudit | user=jenkins1000 | ip=192.168.69.118 | op=SEND_HEARTBEAT {datanodeUUID=3db231e5-aa41-417a-9eb1-ebae727224a1, command=[]} | ret=SUCCESS |  
2019-08-30 05:53:05,520 [EventQueue-ContainerReportForContainerReportHandler] WARN  container.ContainerReportHandler (AbstractContainerReportHandler.java:updateContainerState(143)) - Container #1 is in OPEN state, but the datanode 3db231e5-aa41-417a-9eb1-ebae727224a1{ip: 192.168.69.118, host: trunk-nightly-20190830-rr75b-3244975676, networkLocation: /default-rack, certSerialId: null} reports an CLOSED replica.
2019-08-30 05:53:05,536 | INFO  | SCMAudit | user=jenkins1000 | ip=192.168.69.118 | op=SEND_HEARTBEAT {datanodeUUID=0c3d5d33-5004-4ad0-a181-1b32c8916f48, command=[]} | ret=SUCCESS |  
2019-08-30 05:53:05,536 [EventQueue-ContainerReportForContainerReportHandler] WARN  container.ContainerReportHandler (AbstractContainerReportHandler.java:updateContainerState(143)) - Container #1 is in OPEN state, but the datanode 0c3d5d33-5004-4ad0-a181-1b32c8916f48{ip: 192.168.69.118, host: trunk-nightly-20190830-rr75b-3244975676, networkLocation: /default-rack, certSerialId: null} reports an CLOSED replica.
2019-08-30 05:53:05,620 | INFO  | SCMAudit | user=jenkins1000 | ip=192.168.69.118 | op=SEND_HEARTBEAT {datanodeUUID=3db231e5-aa41-417a-9eb1-ebae727224a1, command=[]} | ret=SUCCESS |  
2019-08-30 05:53:05,636 | INFO  | SCMAudit | user=jenkins1000 | ip=192.168.69.118 | op=SEND_HEARTBEAT {datanodeUUID=0c3d5d33-5004-4ad0-a181-1b32c8916f48, command=[]} | ret=SUCCESS |  
2019-08-30 05:53:05,720 | INFO  | SCMAudit | user=jenkins1000 | ip=192.168.69.118 | op=SEND_HEARTBEAT {datanodeUUID=3db231e5-aa41-417a-9eb1-ebae727224a1, command=[]} | ret=SUCCESS |  
2019-08-30 05:53:05,736 | INFO  | SCMAudit | user=jenkins1000 | ip=192.168.69.118 | op=SEND_HEARTBEAT {datanodeUUID=0c3d5d33-5004-4ad0-a181-1b32c8916f48, command=[]} | ret=SUCCESS |  
2019-08-30 05:53:05,820 | INFO  | SCMAudit | user=jenkins1000 | ip=192.168.69.118 | op=SEND_HEARTBEAT {datanodeUUID=3db231e5-aa41-417a-9eb1-ebae727224a1, command=[]} | ret=SUCCESS |  
2019-08-30 05:53:05,836 | INFO  | SCMAudit | user=jenkins1000 | ip=192.168.69.118 | op=SEND_HEARTBEAT {datanodeUUID=0c3d5d33-5004-4ad0-a181-1b32c8916f48, command=[]} | ret=SUCCESS |  
2019-08-30 05:53:05,921 | INFO  | SCMAudit | user=jenkins1000 | ip=192.168.69.118 | op=SEND_HEARTBEAT {datanodeUUID=3db231e5-aa41-417a-9eb1-ebae727224a1, command=[]} | ret=SUCCESS |  
2019-08-30 05:53:05,922 [EventQueue-ContainerReportForContainerReportHandler] WARN  container.ContainerReportHandler (AbstractContainerReportHandler.java:updateContainerState(143)) - Container #1 is in OPEN state, but the datanode 3db231e5-aa41-417a-9eb1-ebae727224a1{ip: 192.168.69.118, host: trunk-nightly-20190830-rr75b-3244975676, networkLocation: /default-rack, certSerialId: null} reports an CLOSED replica.
2019-08-30 05:53:05,937 | INFO  | SCMAudit | user=jenkins1000 | ip=192.168.69.118 | op=SEND_HEARTBEAT {datanodeUUID=0c3d5d33-5004-4ad0-a181-1b32c8916f48, command=[]} | ret=SUCCESS |  
2019-08-30 05:53:05,937 [EventQueue-ContainerReportForContainerReportHandler] WARN  container.ContainerReportHandler (AbstractContainerReportHandler.java:updateContainerState(143)) - Container #1 is in OPEN state, but the datanode 0c3d5d33-5004-4ad0-a181-1b32c8916f48{ip: 192.168.69.118, host: trunk-nightly-20190830-rr75b-3244975676, networkLocation: /default-rack, certSerialId: null} reports an CLOSED replica.
2019-08-30 05:53:06,015 [grpc-default-executor-0] WARN  server.GrpcLogAppender (LogUtils.java:warn(134)) - 0c3d5d33-5004-4ad0-a181-1b32c8916f48->39b5c586-5c16-4d91-b521-ddac34f0fc4c: Failed appendEntries: org.apache.ratis.thirdparty.io.grpc.StatusRuntimeException: UNAVAILABLE: io exception
2019-08-30 05:53:06,017 [grpc-default-executor-0] INFO  impl.FollowerInfo (FollowerInfo.java:lambda$new$0(50)) - 0c3d5d33-5004-4ad0-a181-1b32c8916f48->39b5c586-5c16-4d91-b521-ddac34f0fc4c: nextIndex: updateUnconditionally 0 -> 0
2019-08-30 05:53:06,018 [BlockDeletingService#2] WARN  background.BlockDeletingService (BlockDeletingService.java:isDeletionAllowed(186)) - Close Container log Index 6 is not replicated across allthe servers in the pipeline 1239619d-f8f3-45fb-8433-f96d3aac4001 as the min replicated index is 4. Deletion is not allowed in this container yet.
2019-08-30 05:53:06,018 [BlockDeletingService#6] WARN  background.BlockDeletingService (BlockDeletingService.java:isDeletionAllowed(186)) - Close Container log Index 6 is not replicated across allthe servers in the pipeline 1239619d-f8f3-45fb-8433-f96d3aac4001 as the min replicated index is 4. Deletion is not allowed in this container yet.
2019-08-30 05:53:06,020 | INFO  | SCMAudit | user=jenkins1000 | ip=192.168.69.118 | op=SEND_HEARTBEAT {datanodeUUID=3db231e5-aa41-417a-9eb1-ebae727224a1, command=[]} | ret=SUCCESS |  
2019-08-30 05:53:06,036 | INFO  | SCMAudit | user=jenkins1000 | ip=192.168.69.118 | op=SEND_HEARTBEAT {datanodeUUID=0c3d5d33-5004-4ad0-a181-1b32c8916f48, command=[]} | ret=SUCCESS |  
2019-08-30 05:53:06,120 | INFO  | SCMAudit | user=jenkins1000 | ip=192.168.69.118 | op=SEND_HEARTBEAT {datanodeUUID=3db231e5-aa41-417a-9eb1-ebae727224a1, command=[]} | ret=SUCCESS |  
2019-08-30 05:53:06,136 | INFO  | SCMAudit | user=jenkins1000 | ip=192.168.69.118 | op=SEND_HEARTBEAT {datanodeUUID=0c3d5d33-5004-4ad0-a181-1b32c8916f48, command=[]} | ret=SUCCESS |  
2019-08-30 05:53:06,220 | INFO  | SCMAudit | user=jenkins1000 | ip=192.168.69.118 | op=SEND_HEARTBEAT {datanodeUUID=3db231e5-aa41-417a-9eb1-ebae727224a1, command=[]} | ret=SUCCESS |  
2019-08-30 05:53:06,221 [EventQueue-ContainerReportForContainerReportHandler] WARN  container.ContainerReportHandler (AbstractContainerReportHandler.java:updateContainerState(143)) - Container #1 is in OPEN state, but the datanode 3db231e5-aa41-417a-9eb1-ebae727224a1{ip: 192.168.69.118, host: trunk-nightly-20190830-rr75b-3244975676, networkLocation: /default-rack, certSerialId: null} reports an CLOSED replica.
2019-08-30 05:53:06,236 | INFO  | SCMAudit | user=jenkins1000 | ip=192.168.69.118 | op=SEND_HEARTBEAT {datanodeUUID=0c3d5d33-5004-4ad0-a181-1b32c8916f48, command=[]} | ret=SUCCESS |  
2019-08-30 05:53:06,321 | INFO  | SCMAudit | user=jenkins1000 | ip=192.168.69.118 | op=SEND_HEARTBEAT {datanodeUUID=3db231e5-aa41-417a-9eb1-ebae727224a1, command=[]} | ret=SUCCESS |  
2019-08-30 05:53:06,336 | INFO  | SCMAudit | user=jenkins1000 | ip=192.168.69.118 | op=SEND_HEARTBEAT {datanodeUUID=0c3d5d33-5004-4ad0-a181-1b32c8916f48, command=[]} | ret=SUCCESS |  
2019-08-30 05:53:06,336 [EventQueue-ContainerReportForContainerReportHandler] WARN  container.ContainerReportHandler (AbstractContainerReportHandler.java:updateContainerState(143)) - Container #1 is in OPEN state, but the datanode 0c3d5d33-5004-4ad0-a181-1b32c8916f48{ip: 192.168.69.118, host: trunk-nightly-20190830-rr75b-3244975676, networkLocation: /default-rack, certSerialId: null} reports an CLOSED replica.
2019-08-30 05:53:06,421 | INFO  | SCMAudit | user=jenkins1000 | ip=192.168.69.118 | op=SEND_HEARTBEAT {datanodeUUID=3db231e5-aa41-417a-9eb1-ebae727224a1, command=[]} | ret=SUCCESS |  
2019-08-30 05:53:06,436 | INFO  | SCMAudit | user=jenkins1000 | ip=192.168.69.118 | op=SEND_HEARTBEAT {datanodeUUID=0c3d5d33-5004-4ad0-a181-1b32c8916f48, command=[]} | ret=SUCCESS |  
2019-08-30 05:53:06,521 | INFO  | SCMAudit | user=jenkins1000 | ip=192.168.69.118 | op=SEND_HEARTBEAT {datanodeUUID=3db231e5-aa41-417a-9eb1-ebae727224a1, command=[]} | ret=SUCCESS |  
2019-08-30 05:53:06,536 | INFO  | SCMAudit | user=jenkins1000 | ip=192.168.69.118 | op=SEND_HEARTBEAT {datanodeUUID=0c3d5d33-5004-4ad0-a181-1b32c8916f48, command=[]} | ret=SUCCESS |  
2019-08-30 05:53:06,536 [EventQueue-ContainerReportForContainerReportHandler] WARN  container.ContainerReportHandler (AbstractContainerReportHandler.java:updateContainerState(143)) - Container #1 is in OPEN state, but the datanode 0c3d5d33-5004-4ad0-a181-1b32c8916f48{ip: 192.168.69.118, host: trunk-nightly-20190830-rr75b-3244975676, networkLocation: /default-rack, certSerialId: null} reports an CLOSED replica.
2019-08-30 05:53:06,621 | INFO  | SCMAudit | user=jenkins1000 | ip=192.168.69.118 | op=SEND_HEARTBEAT {datanodeUUID=3db231e5-aa41-417a-9eb1-ebae727224a1, command=[]} | ret=SUCCESS |  
2019-08-30 05:53:06,621 [EventQueue-ContainerReportForContainerReportHandler] WARN  container.ContainerReportHandler (AbstractContainerReportHandler.java:updateContainerState(143)) - Container #1 is in OPEN state, but the datanode 3db231e5-aa41-417a-9eb1-ebae727224a1{ip: 192.168.69.118, host: trunk-nightly-20190830-rr75b-3244975676, networkLocation: /default-rack, certSerialId: null} reports an CLOSED replica.
2019-08-30 05:53:06,636 | INFO  | SCMAudit | user=jenkins1000 | ip=192.168.69.118 | op=SEND_HEARTBEAT {datanodeUUID=0c3d5d33-5004-4ad0-a181-1b32c8916f48, command=[]} | ret=SUCCESS |  
2019-08-30 05:53:06,721 | INFO  | SCMAudit | user=jenkins1000 | ip=192.168.69.118 | op=SEND_HEARTBEAT {datanodeUUID=3db231e5-aa41-417a-9eb1-ebae727224a1, command=[]} | ret=SUCCESS |  
2019-08-30 05:53:06,736 | INFO  | SCMAudit | user=jenkins1000 | ip=192.168.69.118 | op=SEND_HEARTBEAT {datanodeUUID=0c3d5d33-5004-4ad0-a181-1b32c8916f48, command=[]} | ret=SUCCESS |  
2019-08-30 05:53:06,822 | INFO  | SCMAudit | user=jenkins1000 | ip=192.168.69.118 | op=SEND_HEARTBEAT {datanodeUUID=3db231e5-aa41-417a-9eb1-ebae727224a1, command=[]} | ret=SUCCESS |  
2019-08-30 05:53:06,822 [EventQueue-ContainerReportForContainerReportHandler] WARN  container.ContainerReportHandler (AbstractContainerReportHandler.java:updateContainerState(143)) - Container #1 is in OPEN state, but the datanode 3db231e5-aa41-417a-9eb1-ebae727224a1{ip: 192.168.69.118, host: trunk-nightly-20190830-rr75b-3244975676, networkLocation: /default-rack, certSerialId: null} reports an CLOSED replica.
2019-08-30 05:53:06,838 | INFO  | SCMAudit | user=jenkins1000 | ip=192.168.69.118 | op=SEND_HEARTBEAT {datanodeUUID=0c3d5d33-5004-4ad0-a181-1b32c8916f48, command=[]} | ret=SUCCESS |  
2019-08-30 05:53:06,922 | INFO  | SCMAudit | user=jenkins1000 | ip=192.168.69.118 | op=SEND_HEARTBEAT {datanodeUUID=3db231e5-aa41-417a-9eb1-ebae727224a1, command=[]} | ret=SUCCESS |  
2019-08-30 05:53:06,938 | INFO  | SCMAudit | user=jenkins1000 | ip=192.168.69.118 | op=SEND_HEARTBEAT {datanodeUUID=0c3d5d33-5004-4ad0-a181-1b32c8916f48, command=[]} | ret=SUCCESS |  
2019-08-30 05:53:06,938 [EventQueue-ContainerReportForContainerReportHandler] WARN  container.ContainerReportHandler (AbstractContainerReportHandler.java:updateContainerState(143)) - Container #1 is in OPEN state, but the datanode 0c3d5d33-5004-4ad0-a181-1b32c8916f48{ip: 192.168.69.118, host: trunk-nightly-20190830-rr75b-3244975676, networkLocation: /default-rack, certSerialId: null} reports an CLOSED replica.
2019-08-30 05:53:07,019 [BlockDeletingService#6] WARN  background.BlockDeletingService (BlockDeletingService.java:isDeletionAllowed(186)) - Close Container log Index 6 is not replicated across allthe servers in the pipeline 1239619d-f8f3-45fb-8433-f96d3aac4001 as the min replicated index is 4. Deletion is not allowed in this container yet.
2019-08-30 05:53:07,020 [BlockDeletingService#2] WARN  background.BlockDeletingService (BlockDeletingService.java:isDeletionAllowed(186)) - Close Container log Index 6 is not replicated across allthe servers in the pipeline 1239619d-f8f3-45fb-8433-f96d3aac4001 as the min replicated index is 4. Deletion is not allowed in this container yet.
2019-08-30 05:53:07,022 | INFO  | SCMAudit | user=jenkins1000 | ip=192.168.69.118 | op=SEND_HEARTBEAT {datanodeUUID=3db231e5-aa41-417a-9eb1-ebae727224a1, command=[]} | ret=SUCCESS |  
2019-08-30 05:53:07,038 | INFO  | SCMAudit | user=jenkins1000 | ip=192.168.69.118 | op=SEND_HEARTBEAT {datanodeUUID=0c3d5d33-5004-4ad0-a181-1b32c8916f48, command=[]} | ret=SUCCESS |  
2019-08-30 05:53:07,122 | INFO  | SCMAudit | user=jenkins1000 | ip=192.168.69.118 | op=SEND_HEARTBEAT {datanodeUUID=3db231e5-aa41-417a-9eb1-ebae727224a1, command=[]} | ret=SUCCESS |  
2019-08-30 05:53:07,122 [EventQueue-ContainerReportForContainerReportHandler] WARN  container.ContainerReportHandler (AbstractContainerReportHandler.java:updateContainerState(143)) - Container #1 is in OPEN state, but the datanode 3db231e5-aa41-417a-9eb1-ebae727224a1{ip: 192.168.69.118, host: trunk-nightly-20190830-rr75b-3244975676, networkLocation: /default-rack, certSerialId: null} reports an CLOSED replica.
2019-08-30 05:53:07,138 | INFO  | SCMAudit | user=jenkins1000 | ip=192.168.69.118 | op=SEND_HEARTBEAT {datanodeUUID=0c3d5d33-5004-4ad0-a181-1b32c8916f48, command=[]} | ret=SUCCESS |  
2019-08-30 05:53:07,223 | INFO  | SCMAudit | user=jenkins1000 | ip=192.168.69.118 | op=SEND_HEARTBEAT {datanodeUUID=3db231e5-aa41-417a-9eb1-ebae727224a1, command=[]} | ret=SUCCESS |  
2019-08-30 05:53:07,238 | INFO  | SCMAudit | user=jenkins1000 | ip=192.168.69.118 | op=SEND_HEARTBEAT {datanodeUUID=0c3d5d33-5004-4ad0-a181-1b32c8916f48, command=[]} | ret=SUCCESS |  
2019-08-30 05:53:07,238 [EventQueue-ContainerReportForContainerReportHandler] WARN  container.ContainerReportHandler (AbstractContainerReportHandler.java:updateContainerState(143)) - Container #1 is in OPEN state, but the datanode 0c3d5d33-5004-4ad0-a181-1b32c8916f48{ip: 192.168.69.118, host: trunk-nightly-20190830-rr75b-3244975676, networkLocation: /default-rack, certSerialId: null} reports an CLOSED replica.
2019-08-30 05:53:07,322 | INFO  | SCMAudit | user=jenkins1000 | ip=192.168.69.118 | op=SEND_HEARTBEAT {datanodeUUID=3db231e5-aa41-417a-9eb1-ebae727224a1, command=[]} | ret=SUCCESS |  
2019-08-30 05:53:07,338 | INFO  | SCMAudit | user=jenkins1000 | ip=192.168.69.118 | op=SEND_HEARTBEAT {datanodeUUID=0c3d5d33-5004-4ad0-a181-1b32c8916f48, command=[]} | ret=SUCCESS |  
2019-08-30 05:53:07,422 | INFO  | SCMAudit | user=jenkins1000 | ip=192.168.69.118 | op=SEND_HEARTBEAT {datanodeUUID=3db231e5-aa41-417a-9eb1-ebae727224a1, command=[]} | ret=SUCCESS |  
2019-08-30 05:53:07,438 | INFO  | SCMAudit | user=jenkins1000 | ip=192.168.69.118 | op=SEND_HEARTBEAT {datanodeUUID=0c3d5d33-5004-4ad0-a181-1b32c8916f48, command=[]} | ret=SUCCESS |  
2019-08-30 05:53:07,523 | INFO  | SCMAudit | user=jenkins1000 | ip=192.168.69.118 | op=SEND_HEARTBEAT {datanodeUUID=3db231e5-aa41-417a-9eb1-ebae727224a1, command=[]} | ret=SUCCESS |  
2019-08-30 05:53:07,523 [EventQueue-ContainerReportForContainerReportHandler] WARN  container.ContainerReportHandler (AbstractContainerReportHandler.java:updateContainerState(143)) - Container #1 is in OPEN state, but the datanode 3db231e5-aa41-417a-9eb1-ebae727224a1{ip: 192.168.69.118, host: trunk-nightly-20190830-rr75b-3244975676, networkLocation: /default-rack, certSerialId: null} reports an CLOSED replica.
2019-08-30 05:53:07,539 | INFO  | SCMAudit | user=jenkins1000 | ip=192.168.69.118 | op=SEND_HEARTBEAT {datanodeUUID=0c3d5d33-5004-4ad0-a181-1b32c8916f48, command=[]} | ret=SUCCESS |  
2019-08-30 05:53:07,539 [EventQueue-ContainerReportForContainerReportHandler] WARN  container.ContainerReportHandler (AbstractContainerReportHandler.java:updateContainerState(143)) - Container #1 is in OPEN state, but the datanode 0c3d5d33-5004-4ad0-a181-1b32c8916f48{ip: 192.168.69.118, host: trunk-nightly-20190830-rr75b-3244975676, networkLocation: /default-rack, certSerialId: null} reports an CLOSED replica.
2019-08-30 05:53:07,622 | INFO  | SCMAudit | user=jenkins1000 | ip=192.168.69.118 | op=SEND_HEARTBEAT {datanodeUUID=3db231e5-aa41-417a-9eb1-ebae727224a1, command=[]} | ret=SUCCESS |  
2019-08-30 05:53:07,638 | INFO  | SCMAudit | user=jenkins1000 | ip=192.168.69.118 | op=SEND_HEARTBEAT {datanodeUUID=0c3d5d33-5004-4ad0-a181-1b32c8916f48, command=[]} | ret=SUCCESS |  
2019-08-30 05:53:07,722 | INFO  | SCMAudit | user=jenkins1000 | ip=192.168.69.118 | op=SEND_HEARTBEAT {datanodeUUID=3db231e5-aa41-417a-9eb1-ebae727224a1, command=[]} | ret=SUCCESS |  
2019-08-30 05:53:07,723 [EventQueue-ContainerReportForContainerReportHandler] WARN  container.ContainerReportHandler (AbstractContainerReportHandler.java:updateContainerState(143)) - Container #1 is in OPEN state, but the datanode 3db231e5-aa41-417a-9eb1-ebae727224a1{ip: 192.168.69.118, host: trunk-nightly-20190830-rr75b-3244975676, networkLocation: /default-rack, certSerialId: null} reports an CLOSED replica.
2019-08-30 05:53:07,738 | INFO  | SCMAudit | user=jenkins1000 | ip=192.168.69.118 | op=SEND_HEARTBEAT {datanodeUUID=0c3d5d33-5004-4ad0-a181-1b32c8916f48, command=[]} | ret=SUCCESS |  
2019-08-30 05:53:07,738 [EventQueue-ContainerReportForContainerReportHandler] WARN  container.ContainerReportHandler (AbstractContainerReportHandler.java:updateContainerState(143)) - Container #1 is in OPEN state, but the datanode 0c3d5d33-5004-4ad0-a181-1b32c8916f48{ip: 192.168.69.118, host: trunk-nightly-20190830-rr75b-3244975676, networkLocation: /default-rack, certSerialId: null} reports an CLOSED replica.
2019-08-30 05:53:07,823 | INFO  | SCMAudit | user=jenkins1000 | ip=192.168.69.118 | op=SEND_HEARTBEAT {datanodeUUID=3db231e5-aa41-417a-9eb1-ebae727224a1, command=[]} | ret=SUCCESS |  
2019-08-30 05:53:07,838 | INFO  | SCMAudit | user=jenkins1000 | ip=192.168.69.118 | op=SEND_HEARTBEAT {datanodeUUID=0c3d5d33-5004-4ad0-a181-1b32c8916f48, command=[]} | ret=SUCCESS |  
2019-08-30 05:53:07,923 | INFO  | SCMAudit | user=jenkins1000 | ip=192.168.69.118 | op=SEND_HEARTBEAT {datanodeUUID=3db231e5-aa41-417a-9eb1-ebae727224a1, command=[]} | ret=SUCCESS |  
2019-08-30 05:53:07,923 [EventQueue-ContainerReportForContainerReportHandler] WARN  container.ContainerReportHandler (AbstractContainerReportHandler.java:updateContainerState(143)) - Container #1 is in OPEN state, but the datanode 3db231e5-aa41-417a-9eb1-ebae727224a1{ip: 192.168.69.118, host: trunk-nightly-20190830-rr75b-3244975676, networkLocation: /default-rack, certSerialId: null} reports an CLOSED replica.
2019-08-30 05:53:07,938 | INFO  | SCMAudit | user=jenkins1000 | ip=192.168.69.118 | op=SEND_HEARTBEAT {datanodeUUID=0c3d5d33-5004-4ad0-a181-1b32c8916f48, command=[]} | ret=SUCCESS |  
2019-08-30 05:53:08,021 [BlockDeletingService#6] WARN  background.BlockDeletingService (BlockDeletingService.java:isDeletionAllowed(186)) - Close Container log Index 6 is not replicated across allthe servers in the pipeline 1239619d-f8f3-45fb-8433-f96d3aac4001 as the min replicated index is 4. Deletion is not allowed in this container yet.
2019-08-30 05:53:08,021 [BlockDeletingService#2] WARN  background.BlockDeletingService (BlockDeletingService.java:isDeletionAllowed(186)) - Close Container log Index 6 is not replicated across allthe servers in the pipeline 1239619d-f8f3-45fb-8433-f96d3aac4001 as the min replicated index is 4. Deletion is not allowed in this container yet.
2019-08-30 05:53:08,023 | INFO  | SCMAudit | user=jenkins1000 | ip=192.168.69.118 | op=SEND_HEARTBEAT {datanodeUUID=3db231e5-aa41-417a-9eb1-ebae727224a1, command=[]} | ret=SUCCESS |  
2019-08-30 05:53:08,038 | INFO  | SCMAudit | user=jenkins1000 | ip=192.168.69.118 | op=SEND_HEARTBEAT {datanodeUUID=0c3d5d33-5004-4ad0-a181-1b32c8916f48, command=[]} | ret=SUCCESS |  
2019-08-30 05:53:08,124 | INFO  | SCMAudit | user=jenkins1000 | ip=192.168.69.118 | op=SEND_HEARTBEAT {datanodeUUID=3db231e5-aa41-417a-9eb1-ebae727224a1, command=[]} | ret=SUCCESS |  
2019-08-30 05:53:08,138 | INFO  | SCMAudit | user=jenkins1000 | ip=192.168.69.118 | op=SEND_HEARTBEAT {datanodeUUID=0c3d5d33-5004-4ad0-a181-1b32c8916f48, command=[]} | ret=SUCCESS |  
2019-08-30 05:53:08,138 [EventQueue-ContainerReportForContainerReportHandler] WARN  container.ContainerReportHandler (AbstractContainerReportHandler.java:updateContainerState(143)) - Container #1 is in OPEN state, but the datanode 0c3d5d33-5004-4ad0-a181-1b32c8916f48{ip: 192.168.69.118, host: trunk-nightly-20190830-rr75b-3244975676, networkLocation: /default-rack, certSerialId: null} reports an CLOSED replica.
2019-08-30 05:53:08,224 | INFO  | SCMAudit | user=jenkins1000 | ip=192.168.69.118 | op=SEND_HEARTBEAT {datanodeUUID=3db231e5-aa41-417a-9eb1-ebae727224a1, command=[]} | ret=SUCCESS |  
2019-08-30 05:53:08,227 [EventQueue-ContainerReportForContainerReportHandler] WARN  container.ContainerReportHandler (AbstractContainerReportHandler.java:updateContainerState(143)) - Container #1 is in OPEN state, but the datanode 3db231e5-aa41-417a-9eb1-ebae727224a1{ip: 192.168.69.118, host: trunk-nightly-20190830-rr75b-3244975676, networkLocation: /default-rack, certSerialId: null} reports an CLOSED replica.
2019-08-30 05:53:08,238 | INFO  | SCMAudit | user=jenkins1000 | ip=192.168.69.118 | op=SEND_HEARTBEAT {datanodeUUID=0c3d5d33-5004-4ad0-a181-1b32c8916f48, command=[]} | ret=SUCCESS |  
2019-08-30 05:53:08,324 | INFO  | SCMAudit | user=jenkins1000 | ip=192.168.69.118 | op=SEND_HEARTBEAT {datanodeUUID=3db231e5-aa41-417a-9eb1-ebae727224a1, command=[]} | ret=SUCCESS |  
2019-08-30 05:53:08,339 | INFO  | SCMAudit | user=jenkins1000 | ip=192.168.69.118 | op=SEND_HEARTBEAT {datanodeUUID=0c3d5d33-5004-4ad0-a181-1b32c8916f48, command=[]} | ret=SUCCESS |  
2019-08-30 05:53:08,339 [EventQueue-ContainerReportForContainerReportHandler] WARN  container.ContainerReportHandler (AbstractContainerReportHandler.java:updateContainerState(143)) - Container #1 is in OPEN state, but the datanode 0c3d5d33-5004-4ad0-a181-1b32c8916f48{ip: 192.168.69.118, host: trunk-nightly-20190830-rr75b-3244975676, networkLocation: /default-rack, certSerialId: null} reports an CLOSED replica.
2019-08-30 05:53:08,424 | INFO  | SCMAudit | user=jenkins1000 | ip=192.168.69.118 | op=SEND_HEARTBEAT {datanodeUUID=3db231e5-aa41-417a-9eb1-ebae727224a1, command=[]} | ret=SUCCESS |  
2019-08-30 05:53:08,439 | INFO  | SCMAudit | user=jenkins1000 | ip=192.168.69.118 | op=SEND_HEARTBEAT {datanodeUUID=0c3d5d33-5004-4ad0-a181-1b32c8916f48, command=[]} | ret=SUCCESS |  
2019-08-30 05:53:08,516 [grpc-default-executor-4] WARN  server.GrpcLogAppender (LogUtils.java:warn(134)) - 0c3d5d33-5004-4ad0-a181-1b32c8916f48->39b5c586-5c16-4d91-b521-ddac34f0fc4c: Failed appendEntries: org.apache.ratis.thirdparty.io.grpc.StatusRuntimeException: UNAVAILABLE: io exception
2019-08-30 05:53:08,519 [grpc-default-executor-4] INFO  impl.FollowerInfo (FollowerInfo.java:lambda$new$0(50)) - 0c3d5d33-5004-4ad0-a181-1b32c8916f48->39b5c586-5c16-4d91-b521-ddac34f0fc4c: nextIndex: updateUnconditionally 0 -> 0
2019-08-30 05:53:08,524 | INFO  | SCMAudit | user=jenkins1000 | ip=192.168.69.118 | op=SEND_HEARTBEAT {datanodeUUID=3db231e5-aa41-417a-9eb1-ebae727224a1, command=[]} | ret=SUCCESS |  
2019-08-30 05:53:08,539 | INFO  | SCMAudit | user=jenkins1000 | ip=192.168.69.118 | op=SEND_HEARTBEAT {datanodeUUID=0c3d5d33-5004-4ad0-a181-1b32c8916f48, command=[]} | ret=SUCCESS |  
2019-08-30 05:53:08,624 | INFO  | SCMAudit | user=jenkins1000 | ip=192.168.69.118 | op=SEND_HEARTBEAT {datanodeUUID=3db231e5-aa41-417a-9eb1-ebae727224a1, command=[]} | ret=SUCCESS |  
2019-08-30 05:53:08,625 [EventQueue-ContainerReportForContainerReportHandler] WARN  container.ContainerReportHandler (AbstractContainerReportHandler.java:updateContainerState(143)) - Container #1 is in OPEN state, but the datanode 3db231e5-aa41-417a-9eb1-ebae727224a1{ip: 192.168.69.118, host: trunk-nightly-20190830-rr75b-3244975676, networkLocation: /default-rack, certSerialId: null} reports an CLOSED replica.
2019-08-30 05:53:08,639 | INFO  | SCMAudit | user=jenkins1000 | ip=192.168.69.118 | op=SEND_HEARTBEAT {datanodeUUID=0c3d5d33-5004-4ad0-a181-1b32c8916f48, command=[]} | ret=SUCCESS |  
2019-08-30 05:53:08,640 [EventQueue-ContainerReportForContainerReportHandler] WARN  container.ContainerReportHandler (AbstractContainerReportHandler.java:updateContainerState(143)) - Container #1 is in OPEN state, but the datanode 0c3d5d33-5004-4ad0-a181-1b32c8916f48{ip: 192.168.69.118, host: trunk-nightly-20190830-rr75b-3244975676, networkLocation: /default-rack, certSerialId: null} reports an CLOSED replica.
2019-08-30 05:53:08,725 | INFO  | SCMAudit | user=jenkins1000 | ip=192.168.69.118 | op=SEND_HEARTBEAT {datanodeUUID=3db231e5-aa41-417a-9eb1-ebae727224a1, command=[]} | ret=SUCCESS |  
2019-08-30 05:53:08,739 | INFO  | SCMAudit | user=jenkins1000 | ip=192.168.69.118 | op=SEND_HEARTBEAT {datanodeUUID=0c3d5d33-5004-4ad0-a181-1b32c8916f48, command=[]} | ret=SUCCESS |  
2019-08-30 05:53:08,826 | INFO  | SCMAudit | user=jenkins1000 | ip=192.168.69.118 | op=SEND_HEARTBEAT {datanodeUUID=3db231e5-aa41-417a-9eb1-ebae727224a1, command=[]} | ret=SUCCESS |  
2019-08-30 05:53:08,826 [EventQueue-ContainerReportForContainerReportHandler] WARN  container.ContainerReportHandler (AbstractContainerReportHandler.java:updateContainerState(143)) - Container #1 is in OPEN state, but the datanode 3db231e5-aa41-417a-9eb1-ebae727224a1{ip: 192.168.69.118, host: trunk-nightly-20190830-rr75b-3244975676, networkLocation: /default-rack, certSerialId: null} reports an CLOSED replica.
2019-08-30 05:53:08,840 | INFO  | SCMAudit | user=jenkins1000 | ip=192.168.69.118 | op=SEND_HEARTBEAT {datanodeUUID=0c3d5d33-5004-4ad0-a181-1b32c8916f48, command=[]} | ret=SUCCESS |  
2019-08-30 05:53:08,840 [EventQueue-ContainerReportForContainerReportHandler] WARN  container.ContainerReportHandler (AbstractContainerReportHandler.java:updateContainerState(143)) - Container #1 is in OPEN state, but the datanode 0c3d5d33-5004-4ad0-a181-1b32c8916f48{ip: 192.168.69.118, host: trunk-nightly-20190830-rr75b-3244975676, networkLocation: /default-rack, certSerialId: null} reports an CLOSED replica.
2019-08-30 05:53:08,926 | INFO  | SCMAudit | user=jenkins1000 | ip=192.168.69.118 | op=SEND_HEARTBEAT {datanodeUUID=3db231e5-aa41-417a-9eb1-ebae727224a1, command=[]} | ret=SUCCESS |  
2019-08-30 05:53:08,940 | INFO  | SCMAudit | user=jenkins1000 | ip=192.168.69.118 | op=SEND_HEARTBEAT {datanodeUUID=0c3d5d33-5004-4ad0-a181-1b32c8916f48, command=[]} | ret=SUCCESS |  
2019-08-30 05:53:09,023 [BlockDeletingService#6] WARN  background.BlockDeletingService (BlockDeletingService.java:isDeletionAllowed(186)) - Close Container log Index 6 is not replicated across allthe servers in the pipeline 1239619d-f8f3-45fb-8433-f96d3aac4001 as the min replicated index is 4. Deletion is not allowed in this container yet.
2019-08-30 05:53:09,023 [BlockDeletingService#2] WARN  background.BlockDeletingService (BlockDeletingService.java:isDeletionAllowed(186)) - Close Container log Index 6 is not replicated across allthe servers in the pipeline 1239619d-f8f3-45fb-8433-f96d3aac4001 as the min replicated index is 4. Deletion is not allowed in this container yet.
2019-08-30 05:53:09,026 | INFO  | SCMAudit | user=jenkins1000 | ip=192.168.69.118 | op=SEND_HEARTBEAT {datanodeUUID=3db231e5-aa41-417a-9eb1-ebae727224a1, command=[]} | ret=SUCCESS |  
2019-08-30 05:53:09,040 | INFO  | SCMAudit | user=jenkins1000 | ip=192.168.69.118 | op=SEND_HEARTBEAT {datanodeUUID=0c3d5d33-5004-4ad0-a181-1b32c8916f48, command=[]} | ret=SUCCESS |  
2019-08-30 05:53:09,127 | INFO  | SCMAudit | user=jenkins1000 | ip=192.168.69.118 | op=SEND_HEARTBEAT {datanodeUUID=3db231e5-aa41-417a-9eb1-ebae727224a1, command=[]} | ret=SUCCESS |  
2019-08-30 05:53:09,140 | INFO  | SCMAudit | user=jenkins1000 | ip=192.168.69.118 | op=SEND_HEARTBEAT {datanodeUUID=0c3d5d33-5004-4ad0-a181-1b32c8916f48, command=[]} | ret=SUCCESS |  
2019-08-30 05:53:09,226 | INFO  | SCMAudit | user=jenkins1000 | ip=192.168.69.118 | op=SEND_HEARTBEAT {datanodeUUID=3db231e5-aa41-417a-9eb1-ebae727224a1, command=[]} | ret=SUCCESS |  
2019-08-30 05:53:09,226 [EventQueue-ContainerReportForContainerReportHandler] WARN  container.ContainerReportHandler (AbstractContainerReportHandler.java:updateContainerState(143)) - Container #1 is in OPEN state, but the datanode 3db231e5-aa41-417a-9eb1-ebae727224a1{ip: 192.168.69.118, host: trunk-nightly-20190830-rr75b-3244975676, networkLocation: /default-rack, certSerialId: null} reports an CLOSED replica.
2019-08-30 05:53:09,240 | INFO  | SCMAudit | user=jenkins1000 | ip=192.168.69.118 | op=SEND_HEARTBEAT {datanodeUUID=0c3d5d33-5004-4ad0-a181-1b32c8916f48, command=[]} | ret=SUCCESS |  
2019-08-30 05:53:09,240 [EventQueue-ContainerReportForContainerReportHandler] WARN  container.ContainerReportHandler (AbstractContainerReportHandler.java:updateContainerState(143)) - Container #1 is in OPEN state, but the datanode 0c3d5d33-5004-4ad0-a181-1b32c8916f48{ip: 192.168.69.118, host: trunk-nightly-20190830-rr75b-3244975676, networkLocation: /default-rack, certSerialId: null} reports an CLOSED replica.
2019-08-30 05:53:09,326 | INFO  | SCMAudit | user=jenkins1000 | ip=192.168.69.118 | op=SEND_HEARTBEAT {datanodeUUID=3db231e5-aa41-417a-9eb1-ebae727224a1, command=[]} | ret=SUCCESS |  
2019-08-30 05:53:09,340 | INFO  | SCMAudit | user=jenkins1000 | ip=192.168.69.118 | op=SEND_HEARTBEAT {datanodeUUID=0c3d5d33-5004-4ad0-a181-1b32c8916f48, command=[]} | ret=SUCCESS |  
2019-08-30 05:53:09,427 | INFO  | SCMAudit | user=jenkins1000 | ip=192.168.69.118 | op=SEND_HEARTBEAT {datanodeUUID=3db231e5-aa41-417a-9eb1-ebae727224a1, command=[]} | ret=SUCCESS |  
2019-08-30 05:53:09,427 [EventQueue-ContainerReportForContainerReportHandler] WARN  container.ContainerReportHandler (AbstractContainerReportHandler.java:updateContainerState(143)) - Container #1 is in OPEN state, but the datanode 3db231e5-aa41-417a-9eb1-ebae727224a1{ip: 192.168.69.118, host: trunk-nightly-20190830-rr75b-3244975676, networkLocation: /default-rack, certSerialId: null} reports an CLOSED replica.
2019-08-30 05:53:09,440 | INFO  | SCMAudit | user=jenkins1000 | ip=192.168.69.118 | op=SEND_HEARTBEAT {datanodeUUID=0c3d5d33-5004-4ad0-a181-1b32c8916f48, command=[]} | ret=SUCCESS |  
2019-08-30 05:53:09,440 [EventQueue-ContainerReportForContainerReportHandler] WARN  container.ContainerReportHandler (AbstractContainerReportHandler.java:updateContainerState(143)) - Container #1 is in OPEN state, but the datanode 0c3d5d33-5004-4ad0-a181-1b32c8916f48{ip: 192.168.69.118, host: trunk-nightly-20190830-rr75b-3244975676, networkLocation: /default-rack, certSerialId: null} reports an CLOSED replica.
2019-08-30 05:53:09,526 | INFO  | SCMAudit | user=jenkins1000 | ip=192.168.69.118 | op=SEND_HEARTBEAT {datanodeUUID=3db231e5-aa41-417a-9eb1-ebae727224a1, command=[]} | ret=SUCCESS |  
2019-08-30 05:53:09,540 | INFO  | SCMAudit | user=jenkins1000 | ip=192.168.69.118 | op=SEND_HEARTBEAT {datanodeUUID=0c3d5d33-5004-4ad0-a181-1b32c8916f48, command=[]} | ret=SUCCESS |  
2019-08-30 05:53:09,627 | INFO  | SCMAudit | user=jenkins1000 | ip=192.168.69.118 | op=SEND_HEARTBEAT {datanodeUUID=3db231e5-aa41-417a-9eb1-ebae727224a1, command=[]} | ret=SUCCESS |  
2019-08-30 05:53:09,640 | INFO  | SCMAudit | user=jenkins1000 | ip=192.168.69.118 | op=SEND_HEARTBEAT {datanodeUUID=0c3d5d33-5004-4ad0-a181-1b32c8916f48, command=[]} | ret=SUCCESS |  
2019-08-30 05:53:09,727 | INFO  | SCMAudit | user=jenkins1000 | ip=192.168.69.118 | op=SEND_HEARTBEAT {datanodeUUID=3db231e5-aa41-417a-9eb1-ebae727224a1, command=[]} | ret=SUCCESS |  
2019-08-30 05:53:09,740 | INFO  | SCMAudit | user=jenkins1000 | ip=192.168.69.118 | op=SEND_HEARTBEAT {datanodeUUID=0c3d5d33-5004-4ad0-a181-1b32c8916f48, command=[]} | ret=SUCCESS |  
2019-08-30 05:53:09,741 [EventQueue-ContainerReportForContainerReportHandler] WARN  container.ContainerReportHandler (AbstractContainerReportHandler.java:updateContainerState(143)) - Container #1 is in OPEN state, but the datanode 0c3d5d33-5004-4ad0-a181-1b32c8916f48{ip: 192.168.69.118, host: trunk-nightly-20190830-rr75b-3244975676, networkLocation: /default-rack, certSerialId: null} reports an CLOSED replica.
2019-08-30 05:53:09,827 | INFO  | SCMAudit | user=jenkins1000 | ip=192.168.69.118 | op=SEND_HEARTBEAT {datanodeUUID=3db231e5-aa41-417a-9eb1-ebae727224a1, command=[]} | ret=SUCCESS |  
2019-08-30 05:53:09,827 [EventQueue-ContainerReportForContainerReportHandler] WARN  container.ContainerReportHandler (AbstractContainerReportHandler.java:updateContainerState(143)) - Container #1 is in OPEN state, but the datanode 3db231e5-aa41-417a-9eb1-ebae727224a1{ip: 192.168.69.118, host: trunk-nightly-20190830-rr75b-3244975676, networkLocation: /default-rack, certSerialId: null} reports an CLOSED replica.
2019-08-30 05:53:09,841 | INFO  | SCMAudit | user=jenkins1000 | ip=192.168.69.118 | op=SEND_HEARTBEAT {datanodeUUID=0c3d5d33-5004-4ad0-a181-1b32c8916f48, command=[]} | ret=SUCCESS |  
2019-08-30 05:53:09,927 | INFO  | SCMAudit | user=jenkins1000 | ip=192.168.69.118 | op=SEND_HEARTBEAT {datanodeUUID=3db231e5-aa41-417a-9eb1-ebae727224a1, command=[]} | ret=SUCCESS |  
2019-08-30 05:53:09,941 | INFO  | SCMAudit | user=jenkins1000 | ip=192.168.69.118 | op=SEND_HEARTBEAT {datanodeUUID=0c3d5d33-5004-4ad0-a181-1b32c8916f48, command=[]} | ret=SUCCESS |  
2019-08-30 05:53:09,941 [EventQueue-ContainerReportForContainerReportHandler] WARN  container.ContainerReportHandler (AbstractContainerReportHandler.java:updateContainerState(143)) - Container #1 is in OPEN state, but the datanode 0c3d5d33-5004-4ad0-a181-1b32c8916f48{ip: 192.168.69.118, host: trunk-nightly-20190830-rr75b-3244975676, networkLocation: /default-rack, certSerialId: null} reports an CLOSED replica.
2019-08-30 05:53:10,025 [BlockDeletingService#6] WARN  background.BlockDeletingService (BlockDeletingService.java:isDeletionAllowed(186)) - Close Container log Index 6 is not replicated across allthe servers in the pipeline 1239619d-f8f3-45fb-8433-f96d3aac4001 as the min replicated index is 4. Deletion is not allowed in this container yet.
2019-08-30 05:53:10,025 [BlockDeletingService#2] WARN  background.BlockDeletingService (BlockDeletingService.java:isDeletionAllowed(186)) - Close Container log Index 6 is not replicated across allthe servers in the pipeline 1239619d-f8f3-45fb-8433-f96d3aac4001 as the min replicated index is 4. Deletion is not allowed in this container yet.
2019-08-30 05:53:10,027 | INFO  | SCMAudit | user=jenkins1000 | ip=192.168.69.118 | op=SEND_HEARTBEAT {datanodeUUID=3db231e5-aa41-417a-9eb1-ebae727224a1, command=[]} | ret=SUCCESS |  
2019-08-30 05:53:10,041 | INFO  | SCMAudit | user=jenkins1000 | ip=192.168.69.118 | op=SEND_HEARTBEAT {datanodeUUID=0c3d5d33-5004-4ad0-a181-1b32c8916f48, command=[]} | ret=SUCCESS |  
2019-08-30 05:53:10,128 | INFO  | SCMAudit | user=jenkins1000 | ip=192.168.69.118 | op=SEND_HEARTBEAT {datanodeUUID=3db231e5-aa41-417a-9eb1-ebae727224a1, command=[]} | ret=SUCCESS |  
2019-08-30 05:53:10,141 | INFO  | SCMAudit | user=jenkins1000 | ip=192.168.69.118 | op=SEND_HEARTBEAT {datanodeUUID=0c3d5d33-5004-4ad0-a181-1b32c8916f48, command=[]} | ret=SUCCESS |  
2019-08-30 05:53:10,228 | INFO  | SCMAudit | user=jenkins1000 | ip=192.168.69.118 | op=SEND_HEARTBEAT {datanodeUUID=3db231e5-aa41-417a-9eb1-ebae727224a1, command=[]} | ret=SUCCESS |  
2019-08-30 05:53:10,228 [EventQueue-ContainerReportForContainerReportHandler] WARN  container.ContainerReportHandler (AbstractContainerReportHandler.java:updateContainerState(143)) - Container #1 is in OPEN state, but the datanode 3db231e5-aa41-417a-9eb1-ebae727224a1{ip: 192.168.69.118, host: trunk-nightly-20190830-rr75b-3244975676, networkLocation: /default-rack, certSerialId: null} reports an CLOSED replica.
2019-08-30 05:53:10,241 | INFO  | SCMAudit | user=jenkins1000 | ip=192.168.69.118 | op=SEND_HEARTBEAT {datanodeUUID=0c3d5d33-5004-4ad0-a181-1b32c8916f48, command=[]} | ret=SUCCESS |  
2019-08-30 05:53:10,241 [EventQueue-ContainerReportForContainerReportHandler] WARN  container.ContainerReportHandler (AbstractContainerReportHandler.java:updateContainerState(143)) - Container #1 is in OPEN state, but the datanode 0c3d5d33-5004-4ad0-a181-1b32c8916f48{ip: 192.168.69.118, host: trunk-nightly-20190830-rr75b-3244975676, networkLocation: /default-rack, certSerialId: null} reports an CLOSED replica.
2019-08-30 05:53:10,328 | INFO  | SCMAudit | user=jenkins1000 | ip=192.168.69.118 | op=SEND_HEARTBEAT {datanodeUUID=3db231e5-aa41-417a-9eb1-ebae727224a1, command=[]} | ret=SUCCESS |  
2019-08-30 05:53:10,341 | INFO  | SCMAudit | user=jenkins1000 | ip=192.168.69.118 | op=SEND_HEARTBEAT {datanodeUUID=0c3d5d33-5004-4ad0-a181-1b32c8916f48, command=[]} | ret=SUCCESS |  
2019-08-30 05:53:10,428 | INFO  | SCMAudit | user=jenkins1000 | ip=192.168.69.118 | op=SEND_HEARTBEAT {datanodeUUID=3db231e5-aa41-417a-9eb1-ebae727224a1, command=[]} | ret=SUCCESS |  
2019-08-30 05:53:10,428 [EventQueue-ContainerReportForContainerReportHandler] WARN  container.ContainerReportHandler (AbstractContainerReportHandler.java:updateContainerState(143)) - Container #1 is in OPEN state, but the datanode 3db231e5-aa41-417a-9eb1-ebae727224a1{ip: 192.168.69.118, host: trunk-nightly-20190830-rr75b-3244975676, networkLocation: /default-rack, certSerialId: null} reports an CLOSED replica.
2019-08-30 05:53:10,441 | INFO  | SCMAudit | user=jenkins1000 | ip=192.168.69.118 | op=SEND_HEARTBEAT {datanodeUUID=0c3d5d33-5004-4ad0-a181-1b32c8916f48, command=[]} | ret=SUCCESS |  
2019-08-30 05:53:10,528 | INFO  | SCMAudit | user=jenkins1000 | ip=192.168.69.118 | op=SEND_HEARTBEAT {datanodeUUID=3db231e5-aa41-417a-9eb1-ebae727224a1, command=[]} | ret=SUCCESS |  
2019-08-30 05:53:10,541 | INFO  | SCMAudit | user=jenkins1000 | ip=192.168.69.118 | op=SEND_HEARTBEAT {datanodeUUID=0c3d5d33-5004-4ad0-a181-1b32c8916f48, command=[]} | ret=SUCCESS |  
2019-08-30 05:53:10,542 [EventQueue-ContainerReportForContainerReportHandler] WARN  container.ContainerReportHandler (AbstractContainerReportHandler.java:updateContainerState(143)) - Container #1 is in OPEN state, but the datanode 0c3d5d33-5004-4ad0-a181-1b32c8916f48{ip: 192.168.69.118, host: trunk-nightly-20190830-rr75b-3244975676, networkLocation: /default-rack, certSerialId: null} reports an CLOSED replica.
2019-08-30 05:53:10,629 | INFO  | SCMAudit | user=jenkins1000 | ip=192.168.69.118 | op=SEND_HEARTBEAT {datanodeUUID=3db231e5-aa41-417a-9eb1-ebae727224a1, command=[]} | ret=SUCCESS |  
2019-08-30 05:53:10,642 | INFO  | SCMAudit | user=jenkins1000 | ip=192.168.69.118 | op=SEND_HEARTBEAT {datanodeUUID=0c3d5d33-5004-4ad0-a181-1b32c8916f48, command=[]} | ret=SUCCESS |  
2019-08-30 05:53:10,729 | INFO  | SCMAudit | user=jenkins1000 | ip=192.168.69.118 | op=SEND_HEARTBEAT {datanodeUUID=3db231e5-aa41-417a-9eb1-ebae727224a1, command=[]} | ret=SUCCESS |  
2019-08-30 05:53:10,729 [EventQueue-ContainerReportForContainerReportHandler] WARN  container.ContainerReportHandler (AbstractContainerReportHandler.java:updateContainerState(143)) - Container #1 is in OPEN state, but the datanode 3db231e5-aa41-417a-9eb1-ebae727224a1{ip: 192.168.69.118, host: trunk-nightly-20190830-rr75b-3244975676, networkLocation: /default-rack, certSerialId: null} reports an CLOSED replica.
2019-08-30 05:53:10,743 | INFO  | SCMAudit | user=jenkins1000 | ip=192.168.69.118 | op=SEND_HEARTBEAT {datanodeUUID=0c3d5d33-5004-4ad0-a181-1b32c8916f48, command=[]} | ret=SUCCESS |  
2019-08-30 05:53:10,829 | INFO  | SCMAudit | user=jenkins1000 | ip=192.168.69.118 | op=SEND_HEARTBEAT {datanodeUUID=3db231e5-aa41-417a-9eb1-ebae727224a1, command=[]} | ret=SUCCESS |  
2019-08-30 05:53:10,843 | INFO  | SCMAudit | user=jenkins1000 | ip=192.168.69.118 | op=SEND_HEARTBEAT {datanodeUUID=0c3d5d33-5004-4ad0-a181-1b32c8916f48, command=[]} | ret=SUCCESS |  
2019-08-30 05:53:10,843 [EventQueue-ContainerReportForContainerReportHandler] WARN  container.ContainerReportHandler (AbstractContainerReportHandler.java:updateContainerState(143)) - Container #1 is in OPEN state, but the datanode 0c3d5d33-5004-4ad0-a181-1b32c8916f48{ip: 192.168.69.118, host: trunk-nightly-20190830-rr75b-3244975676, networkLocation: /default-rack, certSerialId: null} reports an CLOSED replica.
2019-08-30 05:53:10,930 | INFO  | SCMAudit | user=jenkins1000 | ip=192.168.69.118 | op=SEND_HEARTBEAT {datanodeUUID=3db231e5-aa41-417a-9eb1-ebae727224a1, command=[]} | ret=SUCCESS |  
2019-08-30 05:53:10,943 | INFO  | SCMAudit | user=jenkins1000 | ip=192.168.69.118 | op=SEND_HEARTBEAT {datanodeUUID=0c3d5d33-5004-4ad0-a181-1b32c8916f48, command=[]} | ret=SUCCESS |  
2019-08-30 05:53:11,018 [grpc-default-executor-0] WARN  server.GrpcLogAppender (LogUtils.java:warn(134)) - 0c3d5d33-5004-4ad0-a181-1b32c8916f48->39b5c586-5c16-4d91-b521-ddac34f0fc4c: Failed appendEntries: org.apache.ratis.thirdparty.io.grpc.StatusRuntimeException: UNAVAILABLE: io exception
2019-08-30 05:53:11,020 [grpc-default-executor-0] INFO  impl.FollowerInfo (FollowerInfo.java:lambda$new$0(50)) - 0c3d5d33-5004-4ad0-a181-1b32c8916f48->39b5c586-5c16-4d91-b521-ddac34f0fc4c: nextIndex: updateUnconditionally 0 -> 0
2019-08-30 05:53:11,026 [BlockDeletingService#6] WARN  background.BlockDeletingService (BlockDeletingService.java:isDeletionAllowed(186)) - Close Container log Index 6 is not replicated across allthe servers in the pipeline 1239619d-f8f3-45fb-8433-f96d3aac4001 as the min replicated index is 4. Deletion is not allowed in this container yet.
2019-08-30 05:53:11,027 [BlockDeletingService#2] WARN  background.BlockDeletingService (BlockDeletingService.java:isDeletionAllowed(186)) - Close Container log Index 6 is not replicated across allthe servers in the pipeline 1239619d-f8f3-45fb-8433-f96d3aac4001 as the min replicated index is 4. Deletion is not allowed in this container yet.
2019-08-30 05:53:11,029 | INFO  | SCMAudit | user=jenkins1000 | ip=192.168.69.118 | op=SEND_HEARTBEAT {datanodeUUID=3db231e5-aa41-417a-9eb1-ebae727224a1, command=[]} | ret=SUCCESS |  
2019-08-30 05:53:11,029 [EventQueue-ContainerReportForContainerReportHandler] WARN  container.ContainerReportHandler (AbstractContainerReportHandler.java:updateContainerState(143)) - Container #1 is in OPEN state, but the datanode 3db231e5-aa41-417a-9eb1-ebae727224a1{ip: 192.168.69.118, host: trunk-nightly-20190830-rr75b-3244975676, networkLocation: /default-rack, certSerialId: null} reports an CLOSED replica.
2019-08-30 05:53:11,043 | INFO  | SCMAudit | user=jenkins1000 | ip=192.168.69.118 | op=SEND_HEARTBEAT {datanodeUUID=0c3d5d33-5004-4ad0-a181-1b32c8916f48, command=[]} | ret=SUCCESS |  
2019-08-30 05:53:11,043 [EventQueue-ContainerReportForContainerReportHandler] WARN  container.ContainerReportHandler (AbstractContainerReportHandler.java:updateContainerState(143)) - Container #1 is in OPEN state, but the datanode 0c3d5d33-5004-4ad0-a181-1b32c8916f48{ip: 192.168.69.118, host: trunk-nightly-20190830-rr75b-3244975676, networkLocation: /default-rack, certSerialId: null} reports an CLOSED replica.
2019-08-30 05:53:11,129 | INFO  | SCMAudit | user=jenkins1000 | ip=192.168.69.118 | op=SEND_HEARTBEAT {datanodeUUID=3db231e5-aa41-417a-9eb1-ebae727224a1, command=[]} | ret=SUCCESS |  
2019-08-30 05:53:11,143 | INFO  | SCMAudit | user=jenkins1000 | ip=192.168.69.118 | op=SEND_HEARTBEAT {datanodeUUID=0c3d5d33-5004-4ad0-a181-1b32c8916f48, command=[]} | ret=SUCCESS |  
2019-08-30 05:53:11,229 | INFO  | SCMAudit | user=jenkins1000 | ip=192.168.69.118 | op=SEND_HEARTBEAT {datanodeUUID=3db231e5-aa41-417a-9eb1-ebae727224a1, command=[]} | ret=SUCCESS |  
2019-08-30 05:53:11,230 [EventQueue-ContainerReportForContainerReportHandler] WARN  container.ContainerReportHandler (AbstractContainerReportHandler.java:updateContainerState(143)) - Container #1 is in OPEN state, but the datanode 3db231e5-aa41-417a-9eb1-ebae727224a1{ip: 192.168.69.118, host: trunk-nightly-20190830-rr75b-3244975676, networkLocation: /default-rack, certSerialId: null} reports an CLOSED replica.
2019-08-30 05:53:11,243 | INFO  | SCMAudit | user=jenkins1000 | ip=192.168.69.118 | op=SEND_HEARTBEAT {datanodeUUID=0c3d5d33-5004-4ad0-a181-1b32c8916f48, command=[]} | ret=SUCCESS |  
2019-08-30 05:53:11,243 [EventQueue-ContainerReportForContainerReportHandler] WARN  container.ContainerReportHandler (AbstractContainerReportHandler.java:updateContainerState(143)) - Container #1 is in OPEN state, but the datanode 0c3d5d33-5004-4ad0-a181-1b32c8916f48{ip: 192.168.69.118, host: trunk-nightly-20190830-rr75b-3244975676, networkLocation: /default-rack, certSerialId: null} reports an CLOSED replica.
2019-08-30 05:53:11,329 | INFO  | SCMAudit | user=jenkins1000 | ip=192.168.69.118 | op=SEND_HEARTBEAT {datanodeUUID=3db231e5-aa41-417a-9eb1-ebae727224a1, command=[]} | ret=SUCCESS |  
2019-08-30 05:53:11,343 | INFO  | SCMAudit | user=jenkins1000 | ip=192.168.69.118 | op=SEND_HEARTBEAT {datanodeUUID=0c3d5d33-5004-4ad0-a181-1b32c8916f48, command=[]} | ret=SUCCESS |  
2019-08-30 05:53:11,429 | INFO  | SCMAudit | user=jenkins1000 | ip=192.168.69.118 | op=SEND_HEARTBEAT {datanodeUUID=3db231e5-aa41-417a-9eb1-ebae727224a1, command=[]} | ret=SUCCESS |  
2019-08-30 05:53:11,443 | INFO  | SCMAudit | user=jenkins1000 | ip=192.168.69.118 | op=SEND_HEARTBEAT {datanodeUUID=0c3d5d33-5004-4ad0-a181-1b32c8916f48, command=[]} | ret=SUCCESS |  
2019-08-30 05:53:11,529 | INFO  | SCMAudit | user=jenkins1000 | ip=192.168.69.118 | op=SEND_HEARTBEAT {datanodeUUID=3db231e5-aa41-417a-9eb1-ebae727224a1, command=[]} | ret=SUCCESS |  
2019-08-30 05:53:11,530 [EventQueue-ContainerReportForContainerReportHandler] WARN  container.ContainerReportHandler (AbstractContainerReportHandler.java:updateContainerState(143)) - Container #1 is in OPEN state, but the datanode 3db231e5-aa41-417a-9eb1-ebae727224a1{ip: 192.168.69.118, host: trunk-nightly-20190830-rr75b-3244975676, networkLocation: /default-rack, certSerialId: null} reports an CLOSED replica.
2019-08-30 05:53:11,543 | INFO  | SCMAudit | user=jenkins1000 | ip=192.168.69.118 | op=SEND_HEARTBEAT {datanodeUUID=0c3d5d33-5004-4ad0-a181-1b32c8916f48, command=[]} | ret=SUCCESS |  
2019-08-30 05:53:11,543 [EventQueue-ContainerReportForContainerReportHandler] WARN  container.ContainerReportHandler (AbstractContainerReportHandler.java:updateContainerState(143)) - Container #1 is in OPEN state, but the datanode 0c3d5d33-5004-4ad0-a181-1b32c8916f48{ip: 192.168.69.118, host: trunk-nightly-20190830-rr75b-3244975676, networkLocation: /default-rack, certSerialId: null} reports an CLOSED replica.
2019-08-30 05:53:11,630 | INFO  | SCMAudit | user=jenkins1000 | ip=192.168.69.118 | op=SEND_HEARTBEAT {datanodeUUID=3db231e5-aa41-417a-9eb1-ebae727224a1, command=[]} | ret=SUCCESS |  
2019-08-30 05:53:11,643 | INFO  | SCMAudit | user=jenkins1000 | ip=192.168.69.118 | op=SEND_HEARTBEAT {datanodeUUID=0c3d5d33-5004-4ad0-a181-1b32c8916f48, command=[]} | ret=SUCCESS |  
2019-08-30 05:53:11,730 | INFO  | SCMAudit | user=jenkins1000 | ip=192.168.69.118 | op=SEND_HEARTBEAT {datanodeUUID=3db231e5-aa41-417a-9eb1-ebae727224a1, command=[]} | ret=SUCCESS |  
2019-08-30 05:53:11,744 | INFO  | SCMAudit | user=jenkins1000 | ip=192.168.69.118 | op=SEND_HEARTBEAT {datanodeUUID=0c3d5d33-5004-4ad0-a181-1b32c8916f48, command=[]} | ret=SUCCESS |  
2019-08-30 05:53:11,830 | INFO  | SCMAudit | user=jenkins1000 | ip=192.168.69.118 | op=SEND_HEARTBEAT {datanodeUUID=3db231e5-aa41-417a-9eb1-ebae727224a1, command=[]} | ret=SUCCESS |  
2019-08-30 05:53:11,831 [EventQueue-ContainerReportForContainerReportHandler] WARN  container.ContainerReportHandler (AbstractContainerReportHandler.java:updateContainerState(143)) - Container #1 is in OPEN state, but the datanode 3db231e5-aa41-417a-9eb1-ebae727224a1{ip: 192.168.69.118, host: trunk-nightly-20190830-rr75b-3244975676, networkLocation: /default-rack, certSerialId: null} reports an CLOSED replica.
2019-08-30 05:53:11,844 | INFO  | SCMAudit | user=jenkins1000 | ip=192.168.69.118 | op=SEND_HEARTBEAT {datanodeUUID=0c3d5d33-5004-4ad0-a181-1b32c8916f48, command=[]} | ret=SUCCESS |  
2019-08-30 05:53:11,844 [EventQueue-ContainerReportForContainerReportHandler] WARN  container.ContainerReportHandler (AbstractContainerReportHandler.java:updateContainerState(143)) - Container #1 is in OPEN state, but the datanode 0c3d5d33-5004-4ad0-a181-1b32c8916f48{ip: 192.168.69.118, host: trunk-nightly-20190830-rr75b-3244975676, networkLocation: /default-rack, certSerialId: null} reports an CLOSED replica.
2019-08-30 05:53:11,931 | INFO  | SCMAudit | user=jenkins1000 | ip=192.168.69.118 | op=SEND_HEARTBEAT {datanodeUUID=3db231e5-aa41-417a-9eb1-ebae727224a1, command=[]} | ret=SUCCESS |  
2019-08-30 05:53:11,944 | INFO  | SCMAudit | user=jenkins1000 | ip=192.168.69.118 | op=SEND_HEARTBEAT {datanodeUUID=0c3d5d33-5004-4ad0-a181-1b32c8916f48, command=[]} | ret=SUCCESS |  
2019-08-30 05:53:12,028 [BlockDeletingService#6] WARN  background.BlockDeletingService (BlockDeletingService.java:isDeletionAllowed(186)) - Close Container log Index 6 is not replicated across allthe servers in the pipeline 1239619d-f8f3-45fb-8433-f96d3aac4001 as the min replicated index is 4. Deletion is not allowed in this container yet.
2019-08-30 05:53:12,028 [BlockDeletingService#2] WARN  background.BlockDeletingService (BlockDeletingService.java:isDeletionAllowed(186)) - Close Container log Index 6 is not replicated across allthe servers in the pipeline 1239619d-f8f3-45fb-8433-f96d3aac4001 as the min replicated index is 4. Deletion is not allowed in this container yet.
2019-08-30 05:53:12,031 | INFO  | SCMAudit | user=jenkins1000 | ip=192.168.69.118 | op=SEND_HEARTBEAT {datanodeUUID=3db231e5-aa41-417a-9eb1-ebae727224a1, command=[]} | ret=SUCCESS |  
2019-08-30 05:53:12,031 [EventQueue-ContainerReportForContainerReportHandler] WARN  container.ContainerReportHandler (AbstractContainerReportHandler.java:updateContainerState(143)) - Container #1 is in OPEN state, but the datanode 3db231e5-aa41-417a-9eb1-ebae727224a1{ip: 192.168.69.118, host: trunk-nightly-20190830-rr75b-3244975676, networkLocation: /default-rack, certSerialId: null} reports an CLOSED replica.
2019-08-30 05:53:12,044 | INFO  | SCMAudit | user=jenkins1000 | ip=192.168.69.118 | op=SEND_HEARTBEAT {datanodeUUID=0c3d5d33-5004-4ad0-a181-1b32c8916f48, command=[]} | ret=SUCCESS |  
2019-08-30 05:53:12,131 | INFO  | SCMAudit | user=jenkins1000 | ip=192.168.69.118 | op=SEND_HEARTBEAT {datanodeUUID=3db231e5-aa41-417a-9eb1-ebae727224a1, command=[]} | ret=SUCCESS |  
2019-08-30 05:53:12,144 | INFO  | SCMAudit | user=jenkins1000 | ip=192.168.69.118 | op=SEND_HEARTBEAT {datanodeUUID=0c3d5d33-5004-4ad0-a181-1b32c8916f48, command=[]} | ret=SUCCESS |  
2019-08-30 05:53:12,144 [EventQueue-ContainerReportForContainerReportHandler] WARN  container.ContainerReportHandler (AbstractContainerReportHandler.java:updateContainerState(143)) - Container #1 is in OPEN state, but the datanode 0c3d5d33-5004-4ad0-a181-1b32c8916f48{ip: 192.168.69.118, host: trunk-nightly-20190830-rr75b-3244975676, networkLocation: /default-rack, certSerialId: null} reports an CLOSED replica.
2019-08-30 05:53:12,231 | INFO  | SCMAudit | user=jenkins1000 | ip=192.168.69.118 | op=SEND_HEARTBEAT {datanodeUUID=3db231e5-aa41-417a-9eb1-ebae727224a1, command=[]} | ret=SUCCESS |  
2019-08-30 05:53:12,244 | INFO  | SCMAudit | user=jenkins1000 | ip=192.168.69.118 | op=SEND_HEARTBEAT {datanodeUUID=0c3d5d33-5004-4ad0-a181-1b32c8916f48, command=[]} | ret=SUCCESS |  
2019-08-30 05:53:12,331 | INFO  | SCMAudit | user=jenkins1000 | ip=192.168.69.118 | op=SEND_HEARTBEAT {datanodeUUID=3db231e5-aa41-417a-9eb1-ebae727224a1, command=[]} | ret=SUCCESS |  
2019-08-30 05:53:12,331 [EventQueue-ContainerReportForContainerReportHandler] WARN  container.ContainerReportHandler (AbstractContainerReportHandler.java:updateContainerState(143)) - Container #1 is in OPEN state, but the datanode 3db231e5-aa41-417a-9eb1-ebae727224a1{ip: 192.168.69.118, host: trunk-nightly-20190830-rr75b-3244975676, networkLocation: /default-rack, certSerialId: null} reports an CLOSED replica.
2019-08-30 05:53:12,344 | INFO  | SCMAudit | user=jenkins1000 | ip=192.168.69.118 | op=SEND_HEARTBEAT {datanodeUUID=0c3d5d33-5004-4ad0-a181-1b32c8916f48, command=[]} | ret=SUCCESS |  
2019-08-30 05:53:12,431 | INFO  | SCMAudit | user=jenkins1000 | ip=192.168.69.118 | op=SEND_HEARTBEAT {datanodeUUID=3db231e5-aa41-417a-9eb1-ebae727224a1, command=[]} | ret=SUCCESS |  
2019-08-30 05:53:12,444 | INFO  | SCMAudit | user=jenkins1000 | ip=192.168.69.118 | op=SEND_HEARTBEAT {datanodeUUID=0c3d5d33-5004-4ad0-a181-1b32c8916f48, command=[]} | ret=SUCCESS |  
2019-08-30 05:53:12,445 [EventQueue-ContainerReportForContainerReportHandler] WARN  container.ContainerReportHandler (AbstractContainerReportHandler.java:updateContainerState(143)) - Container #1 is in OPEN state, but the datanode 0c3d5d33-5004-4ad0-a181-1b32c8916f48{ip: 192.168.69.118, host: trunk-nightly-20190830-rr75b-3244975676, networkLocation: /default-rack, certSerialId: null} reports an CLOSED replica.
2019-08-30 05:53:12,532 | INFO  | SCMAudit | user=jenkins1000 | ip=192.168.69.118 | op=SEND_HEARTBEAT {datanodeUUID=3db231e5-aa41-417a-9eb1-ebae727224a1, command=[]} | ret=SUCCESS |  
2019-08-30 05:53:12,544 | INFO  | SCMAudit | user=jenkins1000 | ip=192.168.69.118 | op=SEND_HEARTBEAT {datanodeUUID=0c3d5d33-5004-4ad0-a181-1b32c8916f48, command=[]} | ret=SUCCESS |  
2019-08-30 05:53:12,631 | INFO  | SCMAudit | user=jenkins1000 | ip=192.168.69.118 | op=SEND_HEARTBEAT {datanodeUUID=3db231e5-aa41-417a-9eb1-ebae727224a1, command=[]} | ret=SUCCESS |  
2019-08-30 05:53:12,631 [EventQueue-ContainerReportForContainerReportHandler] WARN  container.ContainerReportHandler (AbstractContainerReportHandler.java:updateContainerState(143)) - Container #1 is in OPEN state, but the datanode 3db231e5-aa41-417a-9eb1-ebae727224a1{ip: 192.168.69.118, host: trunk-nightly-20190830-rr75b-3244975676, networkLocation: /default-rack, certSerialId: null} reports an CLOSED replica.
2019-08-30 05:53:12,644 | INFO  | SCMAudit | user=jenkins1000 | ip=192.168.69.118 | op=SEND_HEARTBEAT {datanodeUUID=0c3d5d33-5004-4ad0-a181-1b32c8916f48, command=[]} | ret=SUCCESS |  
2019-08-30 05:53:12,731 | INFO  | SCMAudit | user=jenkins1000 | ip=192.168.69.118 | op=SEND_HEARTBEAT {datanodeUUID=3db231e5-aa41-417a-9eb1-ebae727224a1, command=[]} | ret=SUCCESS |  
2019-08-30 05:53:12,744 | INFO  | SCMAudit | user=jenkins1000 | ip=192.168.69.118 | op=SEND_HEARTBEAT {datanodeUUID=0c3d5d33-5004-4ad0-a181-1b32c8916f48, command=[]} | ret=SUCCESS |  
2019-08-30 05:53:12,745 [EventQueue-ContainerReportForContainerReportHandler] WARN  container.ContainerReportHandler (AbstractContainerReportHandler.java:updateContainerState(143)) - Container #1 is in OPEN state, but the datanode 0c3d5d33-5004-4ad0-a181-1b32c8916f48{ip: 192.168.69.118, host: trunk-nightly-20190830-rr75b-3244975676, networkLocation: /default-rack, certSerialId: null} reports an CLOSED replica.
2019-08-30 05:53:12,831 | INFO  | SCMAudit | user=jenkins1000 | ip=192.168.69.118 | op=SEND_HEARTBEAT {datanodeUUID=3db231e5-aa41-417a-9eb1-ebae727224a1, command=[]} | ret=SUCCESS |  
2019-08-30 05:53:12,845 | INFO  | SCMAudit | user=jenkins1000 | ip=192.168.69.118 | op=SEND_HEARTBEAT {datanodeUUID=0c3d5d33-5004-4ad0-a181-1b32c8916f48, command=[]} | ret=SUCCESS |  
2019-08-30 05:53:12,931 | INFO  | SCMAudit | user=jenkins1000 | ip=192.168.69.118 | op=SEND_HEARTBEAT {datanodeUUID=3db231e5-aa41-417a-9eb1-ebae727224a1, command=[]} | ret=SUCCESS |  
2019-08-30 05:53:12,931 [EventQueue-ContainerReportForContainerReportHandler] WARN  container.ContainerReportHandler (AbstractContainerReportHandler.java:updateContainerState(143)) - Container #1 is in OPEN state, but the datanode 3db231e5-aa41-417a-9eb1-ebae727224a1{ip: 192.168.69.118, host: trunk-nightly-20190830-rr75b-3244975676, networkLocation: /default-rack, certSerialId: null} reports an CLOSED replica.
2019-08-30 05:53:12,945 | INFO  | SCMAudit | user=jenkins1000 | ip=192.168.69.118 | op=SEND_HEARTBEAT {datanodeUUID=0c3d5d33-5004-4ad0-a181-1b32c8916f48, command=[]} | ret=SUCCESS |  
2019-08-30 05:53:13,030 [BlockDeletingService#6] WARN  background.BlockDeletingService (BlockDeletingService.java:isDeletionAllowed(186)) - Close Container log Index 6 is not replicated across allthe servers in the pipeline 1239619d-f8f3-45fb-8433-f96d3aac4001 as the min replicated index is 4. Deletion is not allowed in this container yet.
2019-08-30 05:53:13,030 [BlockDeletingService#2] WARN  background.BlockDeletingService (BlockDeletingService.java:isDeletionAllowed(186)) - Close Container log Index 6 is not replicated across allthe servers in the pipeline 1239619d-f8f3-45fb-8433-f96d3aac4001 as the min replicated index is 4. Deletion is not allowed in this container yet.
2019-08-30 05:53:13,031 | INFO  | SCMAudit | user=jenkins1000 | ip=192.168.69.118 | op=SEND_HEARTBEAT {datanodeUUID=3db231e5-aa41-417a-9eb1-ebae727224a1, command=[]} | ret=SUCCESS |  
2019-08-30 05:53:13,045 | INFO  | SCMAudit | user=jenkins1000 | ip=192.168.69.118 | op=SEND_HEARTBEAT {datanodeUUID=0c3d5d33-5004-4ad0-a181-1b32c8916f48, command=[]} | ret=SUCCESS |  
2019-08-30 05:53:13,045 [EventQueue-ContainerReportForContainerReportHandler] WARN  container.ContainerReportHandler (AbstractContainerReportHandler.java:updateContainerState(143)) - Container #1 is in OPEN state, but the datanode 0c3d5d33-5004-4ad0-a181-1b32c8916f48{ip: 192.168.69.118, host: trunk-nightly-20190830-rr75b-3244975676, networkLocation: /default-rack, certSerialId: null} reports an CLOSED replica.
2019-08-30 05:53:13,131 | INFO  | SCMAudit | user=jenkins1000 | ip=192.168.69.118 | op=SEND_HEARTBEAT {datanodeUUID=3db231e5-aa41-417a-9eb1-ebae727224a1, command=[]} | ret=SUCCESS |  
2019-08-30 05:53:13,145 | INFO  | SCMAudit | user=jenkins1000 | ip=192.168.69.118 | op=SEND_HEARTBEAT {datanodeUUID=0c3d5d33-5004-4ad0-a181-1b32c8916f48, command=[]} | ret=SUCCESS |  
2019-08-30 05:53:13,231 | INFO  | SCMAudit | user=jenkins1000 | ip=192.168.69.118 | op=SEND_HEARTBEAT {datanodeUUID=3db231e5-aa41-417a-9eb1-ebae727224a1, command=[]} | ret=SUCCESS |  
2019-08-30 05:53:13,232 [EventQueue-ContainerReportForContainerReportHandler] WARN  container.ContainerReportHandler (AbstractContainerReportHandler.java:updateContainerState(143)) - Container #1 is in OPEN state, but the datanode 3db231e5-aa41-417a-9eb1-ebae727224a1{ip: 192.168.69.118, host: trunk-nightly-20190830-rr75b-3244975676, networkLocation: /default-rack, certSerialId: null} reports an CLOSED replica.
2019-08-30 05:53:13,245 | INFO  | SCMAudit | user=jenkins1000 | ip=192.168.69.118 | op=SEND_HEARTBEAT {datanodeUUID=0c3d5d33-5004-4ad0-a181-1b32c8916f48, command=[]} | ret=SUCCESS |  
2019-08-30 05:53:13,332 | INFO  | SCMAudit | user=jenkins1000 | ip=192.168.69.118 | op=SEND_HEARTBEAT {datanodeUUID=3db231e5-aa41-417a-9eb1-ebae727224a1, command=[]} | ret=SUCCESS |  
2019-08-30 05:53:13,345 | INFO  | SCMAudit | user=jenkins1000 | ip=192.168.69.118 | op=SEND_HEARTBEAT {datanodeUUID=0c3d5d33-5004-4ad0-a181-1b32c8916f48, command=[]} | ret=SUCCESS |  
2019-08-30 05:53:13,345 [EventQueue-ContainerReportForContainerReportHandler] WARN  container.ContainerReportHandler (AbstractContainerReportHandler.java:updateContainerState(143)) - Container #1 is in OPEN state, but the datanode 0c3d5d33-5004-4ad0-a181-1b32c8916f48{ip: 192.168.69.118, host: trunk-nightly-20190830-rr75b-3244975676, networkLocation: /default-rack, certSerialId: null} reports an CLOSED replica.
2019-08-30 05:53:13,432 | INFO  | SCMAudit | user=jenkins1000 | ip=192.168.69.118 | op=SEND_HEARTBEAT {datanodeUUID=3db231e5-aa41-417a-9eb1-ebae727224a1, command=[]} | ret=SUCCESS |  
2019-08-30 05:53:13,445 | INFO  | SCMAudit | user=jenkins1000 | ip=192.168.69.118 | op=SEND_HEARTBEAT {datanodeUUID=0c3d5d33-5004-4ad0-a181-1b32c8916f48, command=[]} | ret=SUCCESS |  
2019-08-30 05:53:13,519 [grpc-default-executor-0] WARN  server.GrpcLogAppender (LogUtils.java:warn(134)) - 0c3d5d33-5004-4ad0-a181-1b32c8916f48->39b5c586-5c16-4d91-b521-ddac34f0fc4c: Failed appendEntries: org.apache.ratis.thirdparty.io.grpc.StatusRuntimeException: UNAVAILABLE: io exception
2019-08-30 05:53:13,521 [grpc-default-executor-0] INFO  impl.FollowerInfo (FollowerInfo.java:lambda$new$0(50)) - 0c3d5d33-5004-4ad0-a181-1b32c8916f48->39b5c586-5c16-4d91-b521-ddac34f0fc4c: nextIndex: updateUnconditionally 0 -> 0
2019-08-30 05:53:13,532 | INFO  | SCMAudit | user=jenkins1000 | ip=192.168.69.118 | op=SEND_HEARTBEAT {datanodeUUID=3db231e5-aa41-417a-9eb1-ebae727224a1, command=[]} | ret=SUCCESS |  
2019-08-30 05:53:13,545 | INFO  | SCMAudit | user=jenkins1000 | ip=192.168.69.118 | op=SEND_HEARTBEAT {datanodeUUID=0c3d5d33-5004-4ad0-a181-1b32c8916f48, command=[]} | ret=SUCCESS |  
2019-08-30 05:53:13,632 | INFO  | SCMAudit | user=jenkins1000 | ip=192.168.69.118 | op=SEND_HEARTBEAT {datanodeUUID=3db231e5-aa41-417a-9eb1-ebae727224a1, command=[]} | ret=SUCCESS |  
2019-08-30 05:53:13,632 [EventQueue-ContainerReportForContainerReportHandler] WARN  container.ContainerReportHandler (AbstractContainerReportHandler.java:updateContainerState(143)) - Container #1 is in OPEN state, but the datanode 3db231e5-aa41-417a-9eb1-ebae727224a1{ip: 192.168.69.118, host: trunk-nightly-20190830-rr75b-3244975676, networkLocation: /default-rack, certSerialId: null} reports an CLOSED replica.
2019-08-30 05:53:13,646 | INFO  | SCMAudit | user=jenkins1000 | ip=192.168.69.118 | op=SEND_HEARTBEAT {datanodeUUID=0c3d5d33-5004-4ad0-a181-1b32c8916f48, command=[]} | ret=SUCCESS |  
2019-08-30 05:53:13,646 [EventQueue-ContainerReportForContainerReportHandler] WARN  container.ContainerReportHandler (AbstractContainerReportHandler.java:updateContainerState(143)) - Container #1 is in OPEN state, but the datanode 0c3d5d33-5004-4ad0-a181-1b32c8916f48{ip: 192.168.69.118, host: trunk-nightly-20190830-rr75b-3244975676, networkLocation: /default-rack, certSerialId: null} reports an CLOSED replica.
2019-08-30 05:53:13,733 | INFO  | SCMAudit | user=jenkins1000 | ip=192.168.69.118 | op=SEND_HEARTBEAT {datanodeUUID=3db231e5-aa41-417a-9eb1-ebae727224a1, command=[]} | ret=SUCCESS |  
2019-08-30 05:53:13,746 | INFO  | SCMAudit | user=jenkins1000 | ip=192.168.69.118 | op=SEND_HEARTBEAT {datanodeUUID=0c3d5d33-5004-4ad0-a181-1b32c8916f48, command=[]} | ret=SUCCESS |  
2019-08-30 05:53:13,832 | INFO  | SCMAudit | user=jenkins1000 | ip=192.168.69.118 | op=SEND_HEARTBEAT {datanodeUUID=3db231e5-aa41-417a-9eb1-ebae727224a1, command=[]} | ret=SUCCESS |  
2019-08-30 05:53:13,832 [EventQueue-ContainerReportForContainerReportHandler] WARN  container.ContainerReportHandler (AbstractContainerReportHandler.java:updateContainerState(143)) - Container #1 is in OPEN state, but the datanode 3db231e5-aa41-417a-9eb1-ebae727224a1{ip: 192.168.69.118, host: trunk-nightly-20190830-rr75b-3244975676, networkLocation: /default-rack, certSerialId: null} reports an CLOSED replica.
2019-08-30 05:53:13,846 | INFO  | SCMAudit | user=jenkins1000 | ip=192.168.69.118 | op=SEND_HEARTBEAT {datanodeUUID=0c3d5d33-5004-4ad0-a181-1b32c8916f48, command=[]} | ret=SUCCESS |  
2019-08-30 05:53:13,932 | INFO  | SCMAudit | user=jenkins1000 | ip=192.168.69.118 | op=SEND_HEARTBEAT {datanodeUUID=3db231e5-aa41-417a-9eb1-ebae727224a1, command=[]} | ret=SUCCESS |  
2019-08-30 05:53:13,946 | INFO  | SCMAudit | user=jenkins1000 | ip=192.168.69.118 | op=SEND_HEARTBEAT {datanodeUUID=0c3d5d33-5004-4ad0-a181-1b32c8916f48, command=[]} | ret=SUCCESS |  
2019-08-30 05:53:13,946 [EventQueue-ContainerReportForContainerReportHandler] WARN  container.ContainerReportHandler (AbstractContainerReportHandler.java:updateContainerState(143)) - Container #1 is in OPEN state, but the datanode 0c3d5d33-5004-4ad0-a181-1b32c8916f48{ip: 192.168.69.118, host: trunk-nightly-20190830-rr75b-3244975676, networkLocation: /default-rack, certSerialId: null} reports an CLOSED replica.
2019-08-30 05:53:14,031 [BlockDeletingService#6] WARN  background.BlockDeletingService (BlockDeletingService.java:isDeletionAllowed(186)) - Close Container log Index 6 is not replicated across allthe servers in the pipeline 1239619d-f8f3-45fb-8433-f96d3aac4001 as the min replicated index is 4. Deletion is not allowed in this container yet.
2019-08-30 05:53:14,032 | INFO  | SCMAudit | user=jenkins1000 | ip=192.168.69.118 | op=SEND_HEARTBEAT {datanodeUUID=3db231e5-aa41-417a-9eb1-ebae727224a1, command=[]} | ret=SUCCESS |  
2019-08-30 05:53:14,032 [BlockDeletingService#2] WARN  background.BlockDeletingService (BlockDeletingService.java:isDeletionAllowed(186)) - Close Container log Index 6 is not replicated across allthe servers in the pipeline 1239619d-f8f3-45fb-8433-f96d3aac4001 as the min replicated index is 4. Deletion is not allowed in this container yet.
2019-08-30 05:53:14,046 | INFO  | SCMAudit | user=jenkins1000 | ip=192.168.69.118 | op=SEND_HEARTBEAT {datanodeUUID=0c3d5d33-5004-4ad0-a181-1b32c8916f48, command=[]} | ret=SUCCESS |  
2019-08-30 05:53:14,132 | INFO  | SCMAudit | user=jenkins1000 | ip=192.168.69.118 | op=SEND_HEARTBEAT {datanodeUUID=3db231e5-aa41-417a-9eb1-ebae727224a1, command=[]} | ret=SUCCESS |  
2019-08-30 05:53:14,132 [EventQueue-ContainerReportForContainerReportHandler] WARN  container.ContainerReportHandler (AbstractContainerReportHandler.java:updateContainerState(143)) - Container #1 is in OPEN state, but the datanode 3db231e5-aa41-417a-9eb1-ebae727224a1{ip: 192.168.69.118, host: trunk-nightly-20190830-rr75b-3244975676, networkLocation: /default-rack, certSerialId: null} reports an CLOSED replica.
2019-08-30 05:53:14,146 | INFO  | SCMAudit | user=jenkins1000 | ip=192.168.69.118 | op=SEND_HEARTBEAT {datanodeUUID=0c3d5d33-5004-4ad0-a181-1b32c8916f48, command=[]} | ret=SUCCESS |  
2019-08-30 05:53:14,232 | INFO  | SCMAudit | user=jenkins1000 | ip=192.168.69.118 | op=SEND_HEARTBEAT {datanodeUUID=3db231e5-aa41-417a-9eb1-ebae727224a1, command=[]} | ret=SUCCESS |  
2019-08-30 05:53:14,246 | INFO  | SCMAudit | user=jenkins1000 | ip=192.168.69.118 | op=SEND_HEARTBEAT {datanodeUUID=0c3d5d33-5004-4ad0-a181-1b32c8916f48, command=[]} | ret=SUCCESS |  
2019-08-30 05:53:14,332 | INFO  | SCMAudit | user=jenkins1000 | ip=192.168.69.118 | op=SEND_HEARTBEAT {datanodeUUID=3db231e5-aa41-417a-9eb1-ebae727224a1, command=[]} | ret=SUCCESS |  
2019-08-30 05:53:14,347 | INFO  | SCMAudit | user=jenkins1000 | ip=192.168.69.118 | op=SEND_HEARTBEAT {datanodeUUID=0c3d5d33-5004-4ad0-a181-1b32c8916f48, command=[]} | ret=SUCCESS |  
2019-08-30 05:53:14,347 [EventQueue-ContainerReportForContainerReportHandler] WARN  container.ContainerReportHandler (AbstractContainerReportHandler.java:updateContainerState(143)) - Container #1 is in OPEN state, but the datanode 0c3d5d33-5004-4ad0-a181-1b32c8916f48{ip: 192.168.69.118, host: trunk-nightly-20190830-rr75b-3244975676, networkLocation: /default-rack, certSerialId: null} reports an CLOSED replica.
2019-08-30 05:53:14,432 | INFO  | SCMAudit | user=jenkins1000 | ip=192.168.69.118 | op=SEND_HEARTBEAT {datanodeUUID=3db231e5-aa41-417a-9eb1-ebae727224a1, command=[]} | ret=SUCCESS |  
2019-08-30 05:53:14,432 [EventQueue-ContainerReportForContainerReportHandler] WARN  container.ContainerReportHandler (AbstractContainerReportHandler.java:updateContainerState(143)) - Container #1 is in OPEN state, but the datanode 3db231e5-aa41-417a-9eb1-ebae727224a1{ip: 192.168.69.118, host: trunk-nightly-20190830-rr75b-3244975676, networkLocation: /default-rack, certSerialId: null} reports an CLOSED replica.
2019-08-30 05:53:14,447 | INFO  | SCMAudit | user=jenkins1000 | ip=192.168.69.118 | op=SEND_HEARTBEAT {datanodeUUID=0c3d5d33-5004-4ad0-a181-1b32c8916f48, command=[]} | ret=SUCCESS |  
2019-08-30 05:53:14,532 | INFO  | SCMAudit | user=jenkins1000 | ip=192.168.69.118 | op=SEND_HEARTBEAT {datanodeUUID=3db231e5-aa41-417a-9eb1-ebae727224a1, command=[]} | ret=SUCCESS |  
2019-08-30 05:53:14,547 | INFO  | SCMAudit | user=jenkins1000 | ip=192.168.69.118 | op=SEND_HEARTBEAT {datanodeUUID=0c3d5d33-5004-4ad0-a181-1b32c8916f48, command=[]} | ret=SUCCESS |  
2019-08-30 05:53:14,632 | INFO  | SCMAudit | user=jenkins1000 | ip=192.168.69.118 | op=SEND_HEARTBEAT {datanodeUUID=3db231e5-aa41-417a-9eb1-ebae727224a1, command=[]} | ret=SUCCESS |  
2019-08-30 05:53:14,632 [EventQueue-ContainerReportForContainerReportHandler] WARN  container.ContainerReportHandler (AbstractContainerReportHandler.java:updateContainerState(143)) - Container #1 is in OPEN state, but the datanode 3db231e5-aa41-417a-9eb1-ebae727224a1{ip: 192.168.69.118, host: trunk-nightly-20190830-rr75b-3244975676, networkLocation: /default-rack, certSerialId: null} reports an CLOSED replica.
2019-08-30 05:53:14,648 | INFO  | SCMAudit | user=jenkins1000 | ip=192.168.69.118 | op=SEND_HEARTBEAT {datanodeUUID=0c3d5d33-5004-4ad0-a181-1b32c8916f48, command=[]} | ret=SUCCESS |  
2019-08-30 05:53:14,649 [EventQueue-ContainerReportForContainerReportHandler] WARN  container.ContainerReportHandler (AbstractContainerReportHandler.java:updateContainerState(143)) - Container #1 is in OPEN state, but the datanode 0c3d5d33-5004-4ad0-a181-1b32c8916f48{ip: 192.168.69.118, host: trunk-nightly-20190830-rr75b-3244975676, networkLocation: /default-rack, certSerialId: null} reports an CLOSED replica.
2019-08-30 05:53:14,732 | INFO  | SCMAudit | user=jenkins1000 | ip=192.168.69.118 | op=SEND_HEARTBEAT {datanodeUUID=3db231e5-aa41-417a-9eb1-ebae727224a1, command=[]} | ret=SUCCESS |  
2019-08-30 05:53:14,750 | INFO  | SCMAudit | user=jenkins1000 | ip=192.168.69.118 | op=SEND_HEARTBEAT {datanodeUUID=0c3d5d33-5004-4ad0-a181-1b32c8916f48, command=[]} | ret=SUCCESS |  
2019-08-30 05:53:14,833 | INFO  | SCMAudit | user=jenkins1000 | ip=192.168.69.118 | op=SEND_HEARTBEAT {datanodeUUID=3db231e5-aa41-417a-9eb1-ebae727224a1, command=[]} | ret=SUCCESS |  
2019-08-30 05:53:14,833 [EventQueue-ContainerReportForContainerReportHandler] WARN  container.ContainerReportHandler (AbstractContainerReportHandler.java:updateContainerState(143)) - Container #1 is in OPEN state, but the datanode 3db231e5-aa41-417a-9eb1-ebae727224a1{ip: 192.168.69.118, host: trunk-nightly-20190830-rr75b-3244975676, networkLocation: /default-rack, certSerialId: null} reports an CLOSED replica.
2019-08-30 05:53:14,851 | INFO  | SCMAudit | user=jenkins1000 | ip=192.168.69.118 | op=SEND_HEARTBEAT {datanodeUUID=0c3d5d33-5004-4ad0-a181-1b32c8916f48, command=[]} | ret=SUCCESS |  
2019-08-30 05:53:14,851 [EventQueue-ContainerReportForContainerReportHandler] WARN  container.ContainerReportHandler (AbstractContainerReportHandler.java:updateContainerState(143)) - Container #1 is in OPEN state, but the datanode 0c3d5d33-5004-4ad0-a181-1b32c8916f48{ip: 192.168.69.118, host: trunk-nightly-20190830-rr75b-3244975676, networkLocation: /default-rack, certSerialId: null} reports an CLOSED replica.
2019-08-30 05:53:14,932 | INFO  | SCMAudit | user=jenkins1000 | ip=192.168.69.118 | op=SEND_HEARTBEAT {datanodeUUID=3db231e5-aa41-417a-9eb1-ebae727224a1, command=[]} | ret=SUCCESS |  
2019-08-30 05:53:14,951 | INFO  | SCMAudit | user=jenkins1000 | ip=192.168.69.118 | op=SEND_HEARTBEAT {datanodeUUID=0c3d5d33-5004-4ad0-a181-1b32c8916f48, command=[]} | ret=SUCCESS |  
2019-08-30 05:53:15,032 | INFO  | SCMAudit | user=jenkins1000 | ip=192.168.69.118 | op=SEND_HEARTBEAT {datanodeUUID=3db231e5-aa41-417a-9eb1-ebae727224a1, command=[]} | ret=SUCCESS |  
2019-08-30 05:53:15,033 [BlockDeletingService#6] WARN  background.BlockDeletingService (BlockDeletingService.java:isDeletionAllowed(186)) - Close Container log Index 6 is not replicated across allthe servers in the pipeline 1239619d-f8f3-45fb-8433-f96d3aac4001 as the min replicated index is 4. Deletion is not allowed in this container yet.
2019-08-30 05:53:15,033 [BlockDeletingService#2] WARN  background.BlockDeletingService (BlockDeletingService.java:isDeletionAllowed(186)) - Close Container log Index 6 is not replicated across allthe servers in the pipeline 1239619d-f8f3-45fb-8433-f96d3aac4001 as the min replicated index is 4. Deletion is not allowed in this container yet.
2019-08-30 05:53:15,052 | INFO  | SCMAudit | user=jenkins1000 | ip=192.168.69.118 | op=SEND_HEARTBEAT {datanodeUUID=0c3d5d33-5004-4ad0-a181-1b32c8916f48, command=[]} | ret=SUCCESS |  
2019-08-30 05:53:15,052 [EventQueue-ContainerReportForContainerReportHandler] WARN  container.ContainerReportHandler (AbstractContainerReportHandler.java:updateContainerState(143)) - Container #1 is in OPEN state, but the datanode 0c3d5d33-5004-4ad0-a181-1b32c8916f48{ip: 192.168.69.118, host: trunk-nightly-20190830-rr75b-3244975676, networkLocation: /default-rack, certSerialId: null} reports an CLOSED replica.
2019-08-30 05:53:15,132 | INFO  | SCMAudit | user=jenkins1000 | ip=192.168.69.118 | op=SEND_HEARTBEAT {datanodeUUID=3db231e5-aa41-417a-9eb1-ebae727224a1, command=[]} | ret=SUCCESS |  
2019-08-30 05:53:15,132 [EventQueue-ContainerReportForContainerReportHandler] WARN  container.ContainerReportHandler (AbstractContainerReportHandler.java:updateContainerState(143)) - Container #1 is in OPEN state, but the datanode 3db231e5-aa41-417a-9eb1-ebae727224a1{ip: 192.168.69.118, host: trunk-nightly-20190830-rr75b-3244975676, networkLocation: /default-rack, certSerialId: null} reports an CLOSED replica.
2019-08-30 05:53:15,151 | INFO  | SCMAudit | user=jenkins1000 | ip=192.168.69.118 | op=SEND_HEARTBEAT {datanodeUUID=0c3d5d33-5004-4ad0-a181-1b32c8916f48, command=[]} | ret=SUCCESS |  
2019-08-30 05:53:15,232 | INFO  | SCMAudit | user=jenkins1000 | ip=192.168.69.118 | op=SEND_HEARTBEAT {datanodeUUID=3db231e5-aa41-417a-9eb1-ebae727224a1, command=[]} | ret=SUCCESS |  
2019-08-30 05:53:15,251 | INFO  | SCMAudit | user=jenkins1000 | ip=192.168.69.118 | op=SEND_HEARTBEAT {datanodeUUID=0c3d5d33-5004-4ad0-a181-1b32c8916f48, command=[]} | ret=SUCCESS |  
2019-08-30 05:53:15,332 | INFO  | SCMAudit | user=jenkins1000 | ip=192.168.69.118 | op=SEND_HEARTBEAT {datanodeUUID=3db231e5-aa41-417a-9eb1-ebae727224a1, command=[]} | ret=SUCCESS |  
2019-08-30 05:53:15,351 | INFO  | SCMAudit | user=jenkins1000 | ip=192.168.69.118 | op=SEND_HEARTBEAT {datanodeUUID=0c3d5d33-5004-4ad0-a181-1b32c8916f48, command=[]} | ret=SUCCESS |  
2019-08-30 05:53:15,351 [EventQueue-ContainerReportForContainerReportHandler] WARN  container.ContainerReportHandler (AbstractContainerReportHandler.java:updateContainerState(143)) - Container #1 is in OPEN state, but the datanode 0c3d5d33-5004-4ad0-a181-1b32c8916f48{ip: 192.168.69.118, host: trunk-nightly-20190830-rr75b-3244975676, networkLocation: /default-rack, certSerialId: null} reports an CLOSED replica.
2019-08-30 05:53:15,432 | INFO  | SCMAudit | user=jenkins1000 | ip=192.168.69.118 | op=SEND_HEARTBEAT {datanodeUUID=3db231e5-aa41-417a-9eb1-ebae727224a1, command=[]} | ret=SUCCESS |  
2019-08-30 05:53:15,433 [EventQueue-ContainerReportForContainerReportHandler] WARN  container.ContainerReportHandler (AbstractContainerReportHandler.java:updateContainerState(143)) - Container #1 is in OPEN state, but the datanode 3db231e5-aa41-417a-9eb1-ebae727224a1{ip: 192.168.69.118, host: trunk-nightly-20190830-rr75b-3244975676, networkLocation: /default-rack, certSerialId: null} reports an CLOSED replica.
2019-08-30 05:53:15,452 | INFO  | SCMAudit | user=jenkins1000 | ip=192.168.69.118 | op=SEND_HEARTBEAT {datanodeUUID=0c3d5d33-5004-4ad0-a181-1b32c8916f48, command=[]} | ret=SUCCESS |  
2019-08-30 05:53:15,532 | INFO  | SCMAudit | user=jenkins1000 | ip=192.168.69.118 | op=SEND_HEARTBEAT {datanodeUUID=3db231e5-aa41-417a-9eb1-ebae727224a1, command=[]} | ret=SUCCESS |  
2019-08-30 05:53:15,552 | INFO  | SCMAudit | user=jenkins1000 | ip=192.168.69.118 | op=SEND_HEARTBEAT {datanodeUUID=0c3d5d33-5004-4ad0-a181-1b32c8916f48, command=[]} | ret=SUCCESS |  
2019-08-30 05:53:15,633 | INFO  | SCMAudit | user=jenkins1000 | ip=192.168.69.118 | op=SEND_HEARTBEAT {datanodeUUID=3db231e5-aa41-417a-9eb1-ebae727224a1, command=[]} | ret=SUCCESS |  
2019-08-30 05:53:15,651 | INFO  | SCMAudit | user=jenkins1000 | ip=192.168.69.118 | op=SEND_HEARTBEAT {datanodeUUID=0c3d5d33-5004-4ad0-a181-1b32c8916f48, command=[]} | ret=SUCCESS |  
2019-08-30 05:53:15,651 [EventQueue-ContainerReportForContainerReportHandler] WARN  container.ContainerReportHandler (AbstractContainerReportHandler.java:updateContainerState(143)) - Container #1 is in OPEN state, but the datanode 0c3d5d33-5004-4ad0-a181-1b32c8916f48{ip: 192.168.69.118, host: trunk-nightly-20190830-rr75b-3244975676, networkLocation: /default-rack, certSerialId: null} reports an CLOSED replica.
2019-08-30 05:53:15,732 | INFO  | SCMAudit | user=jenkins1000 | ip=192.168.69.118 | op=SEND_HEARTBEAT {datanodeUUID=3db231e5-aa41-417a-9eb1-ebae727224a1, command=[]} | ret=SUCCESS |  
2019-08-30 05:53:15,732 [EventQueue-ContainerReportForContainerReportHandler] WARN  container.ContainerReportHandler (AbstractContainerReportHandler.java:updateContainerState(143)) - Container #1 is in OPEN state, but the datanode 3db231e5-aa41-417a-9eb1-ebae727224a1{ip: 192.168.69.118, host: trunk-nightly-20190830-rr75b-3244975676, networkLocation: /default-rack, certSerialId: null} reports an CLOSED replica.
2019-08-30 05:53:15,751 | INFO  | SCMAudit | user=jenkins1000 | ip=192.168.69.118 | op=SEND_HEARTBEAT {datanodeUUID=0c3d5d33-5004-4ad0-a181-1b32c8916f48, command=[]} | ret=SUCCESS |  
2019-08-30 05:53:15,832 | INFO  | SCMAudit | user=jenkins1000 | ip=192.168.69.118 | op=SEND_HEARTBEAT {datanodeUUID=3db231e5-aa41-417a-9eb1-ebae727224a1, command=[]} | ret=SUCCESS |  
2019-08-30 05:53:15,851 | INFO  | SCMAudit | user=jenkins1000 | ip=192.168.69.118 | op=SEND_HEARTBEAT {datanodeUUID=0c3d5d33-5004-4ad0-a181-1b32c8916f48, command=[]} | ret=SUCCESS |  
2019-08-30 05:53:15,852 [EventQueue-ContainerReportForContainerReportHandler] WARN  container.ContainerReportHandler (AbstractContainerReportHandler.java:updateContainerState(143)) - Container #1 is in OPEN state, but the datanode 0c3d5d33-5004-4ad0-a181-1b32c8916f48{ip: 192.168.69.118, host: trunk-nightly-20190830-rr75b-3244975676, networkLocation: /default-rack, certSerialId: null} reports an CLOSED replica.
2019-08-30 05:53:15,932 | INFO  | SCMAudit | user=jenkins1000 | ip=192.168.69.118 | op=SEND_HEARTBEAT {datanodeUUID=3db231e5-aa41-417a-9eb1-ebae727224a1, command=[]} | ret=SUCCESS |  
2019-08-30 05:53:15,933 [EventQueue-ContainerReportForContainerReportHandler] WARN  container.ContainerReportHandler (AbstractContainerReportHandler.java:updateContainerState(143)) - Container #1 is in OPEN state, but the datanode 3db231e5-aa41-417a-9eb1-ebae727224a1{ip: 192.168.69.118, host: trunk-nightly-20190830-rr75b-3244975676, networkLocation: /default-rack, certSerialId: null} reports an CLOSED replica.
2019-08-30 05:53:15,951 | INFO  | SCMAudit | user=jenkins1000 | ip=192.168.69.118 | op=SEND_HEARTBEAT {datanodeUUID=0c3d5d33-5004-4ad0-a181-1b32c8916f48, command=[]} | ret=SUCCESS |  
2019-08-30 05:53:16,020 [grpc-default-executor-1] WARN  server.GrpcLogAppender (LogUtils.java:warn(134)) - 0c3d5d33-5004-4ad0-a181-1b32c8916f48->39b5c586-5c16-4d91-b521-ddac34f0fc4c: Failed appendEntries: org.apache.ratis.thirdparty.io.grpc.StatusRuntimeException: UNAVAILABLE: io exception
2019-08-30 05:53:16,023 [grpc-default-executor-1] INFO  impl.FollowerInfo (FollowerInfo.java:lambda$new$0(50)) - 0c3d5d33-5004-4ad0-a181-1b32c8916f48->39b5c586-5c16-4d91-b521-ddac34f0fc4c: nextIndex: updateUnconditionally 0 -> 0
2019-08-30 05:53:16,032 | INFO  | SCMAudit | user=jenkins1000 | ip=192.168.69.118 | op=SEND_HEARTBEAT {datanodeUUID=3db231e5-aa41-417a-9eb1-ebae727224a1, command=[]} | ret=SUCCESS |  
2019-08-30 05:53:16,035 [BlockDeletingService#6] WARN  background.BlockDeletingService (BlockDeletingService.java:isDeletionAllowed(186)) - Close Container log Index 6 is not replicated across allthe servers in the pipeline 1239619d-f8f3-45fb-8433-f96d3aac4001 as the min replicated index is 4. Deletion is not allowed in this container yet.
2019-08-30 05:53:16,035 [BlockDeletingService#2] WARN  background.BlockDeletingService (BlockDeletingService.java:isDeletionAllowed(186)) - Close Container log Index 6 is not replicated across allthe servers in the pipeline 1239619d-f8f3-45fb-8433-f96d3aac4001 as the min replicated index is 4. Deletion is not allowed in this container yet.
2019-08-30 05:53:16,053 | INFO  | SCMAudit | user=jenkins1000 | ip=192.168.69.118 | op=SEND_HEARTBEAT {datanodeUUID=0c3d5d33-5004-4ad0-a181-1b32c8916f48, command=[]} | ret=SUCCESS |  
2019-08-30 05:53:16,134 | INFO  | SCMAudit | user=jenkins1000 | ip=192.168.69.118 | op=SEND_HEARTBEAT {datanodeUUID=3db231e5-aa41-417a-9eb1-ebae727224a1, command=[]} | ret=SUCCESS |  
2019-08-30 05:53:16,153 | INFO  | SCMAudit | user=jenkins1000 | ip=192.168.69.118 | op=SEND_HEARTBEAT {datanodeUUID=0c3d5d33-5004-4ad0-a181-1b32c8916f48, command=[]} | ret=SUCCESS |  
2019-08-30 05:53:16,153 [EventQueue-ContainerReportForContainerReportHandler] WARN  container.ContainerReportHandler (AbstractContainerReportHandler.java:updateContainerState(143)) - Container #1 is in OPEN state, but the datanode 0c3d5d33-5004-4ad0-a181-1b32c8916f48{ip: 192.168.69.118, host: trunk-nightly-20190830-rr75b-3244975676, networkLocation: /default-rack, certSerialId: null} reports an CLOSED replica.
2019-08-30 05:53:16,235 | INFO  | SCMAudit | user=jenkins1000 | ip=192.168.69.118 | op=SEND_HEARTBEAT {datanodeUUID=3db231e5-aa41-417a-9eb1-ebae727224a1, command=[]} | ret=SUCCESS |  
2019-08-30 05:53:16,235 [EventQueue-ContainerReportForContainerReportHandler] WARN  container.ContainerReportHandler (AbstractContainerReportHandler.java:updateContainerState(143)) - Container #1 is in OPEN state, but the datanode 3db231e5-aa41-417a-9eb1-ebae727224a1{ip: 192.168.69.118, host: trunk-nightly-20190830-rr75b-3244975676, networkLocation: /default-rack, certSerialId: null} reports an CLOSED replica.
2019-08-30 05:53:16,253 | INFO  | SCMAudit | user=jenkins1000 | ip=192.168.69.118 | op=SEND_HEARTBEAT {datanodeUUID=0c3d5d33-5004-4ad0-a181-1b32c8916f48, command=[]} | ret=SUCCESS |  
2019-08-30 05:53:16,334 | INFO  | SCMAudit | user=jenkins1000 | ip=192.168.69.118 | op=SEND_HEARTBEAT {datanodeUUID=3db231e5-aa41-417a-9eb1-ebae727224a1, command=[]} | ret=SUCCESS |  
2019-08-30 05:53:16,353 | INFO  | SCMAudit | user=jenkins1000 | ip=192.168.69.118 | op=SEND_HEARTBEAT {datanodeUUID=0c3d5d33-5004-4ad0-a181-1b32c8916f48, command=[]} | ret=SUCCESS |  
2019-08-30 05:53:16,434 | INFO  | SCMAudit | user=jenkins1000 | ip=192.168.69.118 | op=SEND_HEARTBEAT {datanodeUUID=3db231e5-aa41-417a-9eb1-ebae727224a1, command=[]} | ret=SUCCESS |  
2019-08-30 05:53:16,453 | INFO  | SCMAudit | user=jenkins1000 | ip=192.168.69.118 | op=SEND_HEARTBEAT {datanodeUUID=0c3d5d33-5004-4ad0-a181-1b32c8916f48, command=[]} | ret=SUCCESS |  
2019-08-30 05:53:16,454 [EventQueue-ContainerReportForContainerReportHandler] WARN  container.ContainerReportHandler (AbstractContainerReportHandler.java:updateContainerState(143)) - Container #1 is in OPEN state, but the datanode 0c3d5d33-5004-4ad0-a181-1b32c8916f48{ip: 192.168.69.118, host: trunk-nightly-20190830-rr75b-3244975676, networkLocation: /default-rack, certSerialId: null} reports an CLOSED replica.
2019-08-30 05:53:16,534 | INFO  | SCMAudit | user=jenkins1000 | ip=192.168.69.118 | op=SEND_HEARTBEAT {datanodeUUID=3db231e5-aa41-417a-9eb1-ebae727224a1, command=[]} | ret=SUCCESS |  
2019-08-30 05:53:16,553 | INFO  | SCMAudit | user=jenkins1000 | ip=192.168.69.118 | op=SEND_HEARTBEAT {datanodeUUID=0c3d5d33-5004-4ad0-a181-1b32c8916f48, command=[]} | ret=SUCCESS |  
2019-08-30 05:53:16,634 | INFO  | SCMAudit | user=jenkins1000 | ip=192.168.69.118 | op=SEND_HEARTBEAT {datanodeUUID=3db231e5-aa41-417a-9eb1-ebae727224a1, command=[]} | ret=SUCCESS |  
2019-08-30 05:53:16,634 [EventQueue-ContainerReportForContainerReportHandler] WARN  container.ContainerReportHandler (AbstractContainerReportHandler.java:updateContainerState(143)) - Container #1 is in OPEN state, but the datanode 3db231e5-aa41-417a-9eb1-ebae727224a1{ip: 192.168.69.118, host: trunk-nightly-20190830-rr75b-3244975676, networkLocation: /default-rack, certSerialId: null} reports an CLOSED replica.
2019-08-30 05:53:16,653 | INFO  | SCMAudit | user=jenkins1000 | ip=192.168.69.118 | op=SEND_HEARTBEAT {datanodeUUID=0c3d5d33-5004-4ad0-a181-1b32c8916f48, command=[]} | ret=SUCCESS |  
2019-08-30 05:53:16,654 [EventQueue-ContainerReportForContainerReportHandler] WARN  container.ContainerReportHandler (AbstractContainerReportHandler.java:updateContainerState(143)) - Container #1 is in OPEN state, but the datanode 0c3d5d33-5004-4ad0-a181-1b32c8916f48{ip: 192.168.69.118, host: trunk-nightly-20190830-rr75b-3244975676, networkLocation: /default-rack, certSerialId: null} reports an CLOSED replica.
2019-08-30 05:53:16,734 | INFO  | SCMAudit | user=jenkins1000 | ip=192.168.69.118 | op=SEND_HEARTBEAT {datanodeUUID=3db231e5-aa41-417a-9eb1-ebae727224a1, command=[]} | ret=SUCCESS |  
2019-08-30 05:53:16,754 | INFO  | SCMAudit | user=jenkins1000 | ip=192.168.69.118 | op=SEND_HEARTBEAT {datanodeUUID=0c3d5d33-5004-4ad0-a181-1b32c8916f48, command=[]} | ret=SUCCESS |  
2019-08-30 05:53:16,835 | INFO  | SCMAudit | user=jenkins1000 | ip=192.168.69.118 | op=SEND_HEARTBEAT {datanodeUUID=3db231e5-aa41-417a-9eb1-ebae727224a1, command=[]} | ret=SUCCESS |  
2019-08-30 05:53:16,835 [EventQueue-ContainerReportForContainerReportHandler] WARN  container.ContainerReportHandler (AbstractContainerReportHandler.java:updateContainerState(143)) - Container #1 is in OPEN state, but the datanode 3db231e5-aa41-417a-9eb1-ebae727224a1{ip: 192.168.69.118, host: trunk-nightly-20190830-rr75b-3244975676, networkLocation: /default-rack, certSerialId: null} reports an CLOSED replica.
2019-08-30 05:53:16,855 | INFO  | SCMAudit | user=jenkins1000 | ip=192.168.69.118 | op=SEND_HEARTBEAT {datanodeUUID=0c3d5d33-5004-4ad0-a181-1b32c8916f48, command=[]} | ret=SUCCESS |  
2019-08-30 05:53:16,935 | INFO  | SCMAudit | user=jenkins1000 | ip=192.168.69.118 | op=SEND_HEARTBEAT {datanodeUUID=3db231e5-aa41-417a-9eb1-ebae727224a1, command=[]} | ret=SUCCESS |  
2019-08-30 05:53:16,956 | INFO  | SCMAudit | user=jenkins1000 | ip=192.168.69.118 | op=SEND_HEARTBEAT {datanodeUUID=0c3d5d33-5004-4ad0-a181-1b32c8916f48, command=[]} | ret=SUCCESS |  
2019-08-30 05:53:16,957 [EventQueue-ContainerReportForContainerReportHandler] WARN  container.ContainerReportHandler (AbstractContainerReportHandler.java:updateContainerState(143)) - Container #1 is in OPEN state, but the datanode 0c3d5d33-5004-4ad0-a181-1b32c8916f48{ip: 192.168.69.118, host: trunk-nightly-20190830-rr75b-3244975676, networkLocation: /default-rack, certSerialId: null} reports an CLOSED replica.
2019-08-30 05:53:17,035 | INFO  | SCMAudit | user=jenkins1000 | ip=192.168.69.118 | op=SEND_HEARTBEAT {datanodeUUID=3db231e5-aa41-417a-9eb1-ebae727224a1, command=[]} | ret=SUCCESS |  
2019-08-30 05:53:17,036 [BlockDeletingService#6] WARN  background.BlockDeletingService (BlockDeletingService.java:isDeletionAllowed(186)) - Close Container log Index 6 is not replicated across allthe servers in the pipeline 1239619d-f8f3-45fb-8433-f96d3aac4001 as the min replicated index is 4. Deletion is not allowed in this container yet.
2019-08-30 05:53:17,037 [BlockDeletingService#2] WARN  background.BlockDeletingService (BlockDeletingService.java:isDeletionAllowed(186)) - Close Container log Index 6 is not replicated across allthe servers in the pipeline 1239619d-f8f3-45fb-8433-f96d3aac4001 as the min replicated index is 4. Deletion is not allowed in this container yet.
2019-08-30 05:53:17,056 | INFO  | SCMAudit | user=jenkins1000 | ip=192.168.69.118 | op=SEND_HEARTBEAT {datanodeUUID=0c3d5d33-5004-4ad0-a181-1b32c8916f48, command=[]} | ret=SUCCESS |  
2019-08-30 05:53:17,136 | INFO  | SCMAudit | user=jenkins1000 | ip=192.168.69.118 | op=SEND_HEARTBEAT {datanodeUUID=3db231e5-aa41-417a-9eb1-ebae727224a1, command=[]} | ret=SUCCESS |  
2019-08-30 05:53:17,136 [EventQueue-ContainerReportForContainerReportHandler] WARN  container.ContainerReportHandler (AbstractContainerReportHandler.java:updateContainerState(143)) - Container #1 is in OPEN state, but the datanode 3db231e5-aa41-417a-9eb1-ebae727224a1{ip: 192.168.69.118, host: trunk-nightly-20190830-rr75b-3244975676, networkLocation: /default-rack, certSerialId: null} reports an CLOSED replica.
2019-08-30 05:53:17,157 | INFO  | SCMAudit | user=jenkins1000 | ip=192.168.69.118 | op=SEND_HEARTBEAT {datanodeUUID=0c3d5d33-5004-4ad0-a181-1b32c8916f48, command=[]} | ret=SUCCESS |  
2019-08-30 05:53:17,235 | INFO  | SCMAudit | user=jenkins1000 | ip=192.168.69.118 | op=SEND_HEARTBEAT {datanodeUUID=3db231e5-aa41-417a-9eb1-ebae727224a1, command=[]} | ret=SUCCESS |  
2019-08-30 05:53:17,256 | INFO  | SCMAudit | user=jenkins1000 | ip=192.168.69.118 | op=SEND_HEARTBEAT {datanodeUUID=0c3d5d33-5004-4ad0-a181-1b32c8916f48, command=[]} | ret=SUCCESS |  
2019-08-30 05:53:17,256 [EventQueue-ContainerReportForContainerReportHandler] WARN  container.ContainerReportHandler (AbstractContainerReportHandler.java:updateContainerState(143)) - Container #1 is in OPEN state, but the datanode 0c3d5d33-5004-4ad0-a181-1b32c8916f48{ip: 192.168.69.118, host: trunk-nightly-20190830-rr75b-3244975676, networkLocation: /default-rack, certSerialId: null} reports an CLOSED replica.
2019-08-30 05:53:17,335 | INFO  | SCMAudit | user=jenkins1000 | ip=192.168.69.118 | op=SEND_HEARTBEAT {datanodeUUID=3db231e5-aa41-417a-9eb1-ebae727224a1, command=[]} | ret=SUCCESS |  
2019-08-30 05:53:17,335 [EventQueue-ContainerReportForContainerReportHandler] WARN  container.ContainerReportHandler (AbstractContainerReportHandler.java:updateContainerState(143)) - Container #1 is in OPEN state, but the datanode 3db231e5-aa41-417a-9eb1-ebae727224a1{ip: 192.168.69.118, host: trunk-nightly-20190830-rr75b-3244975676, networkLocation: /default-rack, certSerialId: null} reports an CLOSED replica.
2019-08-30 05:53:17,356 | INFO  | SCMAudit | user=jenkins1000 | ip=192.168.69.118 | op=SEND_HEARTBEAT {datanodeUUID=0c3d5d33-5004-4ad0-a181-1b32c8916f48, command=[]} | ret=SUCCESS |  
2019-08-30 05:53:17,435 | INFO  | SCMAudit | user=jenkins1000 | ip=192.168.69.118 | op=SEND_HEARTBEAT {datanodeUUID=3db231e5-aa41-417a-9eb1-ebae727224a1, command=[]} | ret=SUCCESS |  
2019-08-30 05:53:17,456 | INFO  | SCMAudit | user=jenkins1000 | ip=192.168.69.118 | op=SEND_HEARTBEAT {datanodeUUID=0c3d5d33-5004-4ad0-a181-1b32c8916f48, command=[]} | ret=SUCCESS |  
2019-08-30 05:53:17,535 | INFO  | SCMAudit | user=jenkins1000 | ip=192.168.69.118 | op=SEND_HEARTBEAT {datanodeUUID=3db231e5-aa41-417a-9eb1-ebae727224a1, command=[]} | ret=SUCCESS |  
2019-08-30 05:53:17,535 [EventQueue-ContainerReportForContainerReportHandler] WARN  container.ContainerReportHandler (AbstractContainerReportHandler.java:updateContainerState(143)) - Container #1 is in OPEN state, but the datanode 3db231e5-aa41-417a-9eb1-ebae727224a1{ip: 192.168.69.118, host: trunk-nightly-20190830-rr75b-3244975676, networkLocation: /default-rack, certSerialId: null} reports an CLOSED replica.
2019-08-30 05:53:17,556 | INFO  | SCMAudit | user=jenkins1000 | ip=192.168.69.118 | op=SEND_HEARTBEAT {datanodeUUID=0c3d5d33-5004-4ad0-a181-1b32c8916f48, command=[]} | ret=SUCCESS |  
2019-08-30 05:53:17,556 [EventQueue-ContainerReportForContainerReportHandler] WARN  container.ContainerReportHandler (AbstractContainerReportHandler.java:updateContainerState(143)) - Container #1 is in OPEN state, but the datanode 0c3d5d33-5004-4ad0-a181-1b32c8916f48{ip: 192.168.69.118, host: trunk-nightly-20190830-rr75b-3244975676, networkLocation: /default-rack, certSerialId: null} reports an CLOSED replica.
2019-08-30 05:53:17,635 | INFO  | SCMAudit | user=jenkins1000 | ip=192.168.69.118 | op=SEND_HEARTBEAT {datanodeUUID=3db231e5-aa41-417a-9eb1-ebae727224a1, command=[]} | ret=SUCCESS |  
2019-08-30 05:53:17,656 | INFO  | SCMAudit | user=jenkins1000 | ip=192.168.69.118 | op=SEND_HEARTBEAT {datanodeUUID=0c3d5d33-5004-4ad0-a181-1b32c8916f48, command=[]} | ret=SUCCESS |  
2019-08-30 05:53:17,735 | INFO  | SCMAudit | user=jenkins1000 | ip=192.168.69.118 | op=SEND_HEARTBEAT {datanodeUUID=3db231e5-aa41-417a-9eb1-ebae727224a1, command=[]} | ret=SUCCESS |  
2019-08-30 05:53:17,735 [EventQueue-ContainerReportForContainerReportHandler] WARN  container.ContainerReportHandler (AbstractContainerReportHandler.java:updateContainerState(143)) - Container #1 is in OPEN state, but the datanode 3db231e5-aa41-417a-9eb1-ebae727224a1{ip: 192.168.69.118, host: trunk-nightly-20190830-rr75b-3244975676, networkLocation: /default-rack, certSerialId: null} reports an CLOSED replica.
2019-08-30 05:53:17,757 | INFO  | SCMAudit | user=jenkins1000 | ip=192.168.69.118 | op=SEND_HEARTBEAT {datanodeUUID=0c3d5d33-5004-4ad0-a181-1b32c8916f48, command=[]} | ret=SUCCESS |  
2019-08-30 05:53:17,835 | INFO  | SCMAudit | user=jenkins1000 | ip=192.168.69.118 | op=SEND_HEARTBEAT {datanodeUUID=3db231e5-aa41-417a-9eb1-ebae727224a1, command=[]} | ret=SUCCESS |  
2019-08-30 05:53:17,856 | INFO  | SCMAudit | user=jenkins1000 | ip=192.168.69.118 | op=SEND_HEARTBEAT {datanodeUUID=0c3d5d33-5004-4ad0-a181-1b32c8916f48, command=[]} | ret=SUCCESS |  
2019-08-30 05:53:17,856 [EventQueue-ContainerReportForContainerReportHandler] WARN  container.ContainerReportHandler (AbstractContainerReportHandler.java:updateContainerState(143)) - Container #1 is in OPEN state, but the datanode 0c3d5d33-5004-4ad0-a181-1b32c8916f48{ip: 192.168.69.118, host: trunk-nightly-20190830-rr75b-3244975676, networkLocation: /default-rack, certSerialId: null} reports an CLOSED replica.
2019-08-30 05:53:17,936 | INFO  | SCMAudit | user=jenkins1000 | ip=192.168.69.118 | op=SEND_HEARTBEAT {datanodeUUID=3db231e5-aa41-417a-9eb1-ebae727224a1, command=[]} | ret=SUCCESS |  
2019-08-30 05:53:17,956 | INFO  | SCMAudit | user=jenkins1000 | ip=192.168.69.118 | op=SEND_HEARTBEAT {datanodeUUID=0c3d5d33-5004-4ad0-a181-1b32c8916f48, command=[]} | ret=SUCCESS |  
2019-08-30 05:53:18,036 | INFO  | SCMAudit | user=jenkins1000 | ip=192.168.69.118 | op=SEND_HEARTBEAT {datanodeUUID=3db231e5-aa41-417a-9eb1-ebae727224a1, command=[]} | ret=SUCCESS |  
2019-08-30 05:53:18,036 [EventQueue-ContainerReportForContainerReportHandler] WARN  container.ContainerReportHandler (AbstractContainerReportHandler.java:updateContainerState(143)) - Container #1 is in OPEN state, but the datanode 3db231e5-aa41-417a-9eb1-ebae727224a1{ip: 192.168.69.118, host: trunk-nightly-20190830-rr75b-3244975676, networkLocation: /default-rack, certSerialId: null} reports an CLOSED replica.
2019-08-30 05:53:18,038 [BlockDeletingService#6] WARN  background.BlockDeletingService (BlockDeletingService.java:isDeletionAllowed(186)) - Close Container log Index 6 is not replicated across allthe servers in the pipeline 1239619d-f8f3-45fb-8433-f96d3aac4001 as the min replicated index is 4. Deletion is not allowed in this container yet.
2019-08-30 05:53:18,038 [BlockDeletingService#2] WARN  background.BlockDeletingService (BlockDeletingService.java:isDeletionAllowed(186)) - Close Container log Index 6 is not replicated across allthe servers in the pipeline 1239619d-f8f3-45fb-8433-f96d3aac4001 as the min replicated index is 4. Deletion is not allowed in this container yet.
2019-08-30 05:53:18,056 | INFO  | SCMAudit | user=jenkins1000 | ip=192.168.69.118 | op=SEND_HEARTBEAT {datanodeUUID=0c3d5d33-5004-4ad0-a181-1b32c8916f48, command=[]} | ret=SUCCESS |  
2019-08-30 05:53:18,137 | INFO  | SCMAudit | user=jenkins1000 | ip=192.168.69.118 | op=SEND_HEARTBEAT {datanodeUUID=3db231e5-aa41-417a-9eb1-ebae727224a1, command=[]} | ret=SUCCESS |  
2019-08-30 05:53:18,156 | INFO  | SCMAudit | user=jenkins1000 | ip=192.168.69.118 | op=SEND_HEARTBEAT {datanodeUUID=0c3d5d33-5004-4ad0-a181-1b32c8916f48, command=[]} | ret=SUCCESS |  
2019-08-30 05:53:18,156 [EventQueue-ContainerReportForContainerReportHandler] WARN  container.ContainerReportHandler (AbstractContainerReportHandler.java:updateContainerState(143)) - Container #1 is in OPEN state, but the datanode 0c3d5d33-5004-4ad0-a181-1b32c8916f48{ip: 192.168.69.118, host: trunk-nightly-20190830-rr75b-3244975676, networkLocation: /default-rack, certSerialId: null} reports an CLOSED replica.
2019-08-30 05:53:18,236 | INFO  | SCMAudit | user=jenkins1000 | ip=192.168.69.118 | op=SEND_HEARTBEAT {datanodeUUID=3db231e5-aa41-417a-9eb1-ebae727224a1, command=[]} | ret=SUCCESS |  
2019-08-30 05:53:18,256 | INFO  | SCMAudit | user=jenkins1000 | ip=192.168.69.118 | op=SEND_HEARTBEAT {datanodeUUID=0c3d5d33-5004-4ad0-a181-1b32c8916f48, command=[]} | ret=SUCCESS |  
2019-08-30 05:53:18,336 | INFO  | SCMAudit | user=jenkins1000 | ip=192.168.69.118 | op=SEND_HEARTBEAT {datanodeUUID=3db231e5-aa41-417a-9eb1-ebae727224a1, command=[]} | ret=SUCCESS |  
2019-08-30 05:53:18,356 | INFO  | SCMAudit | user=jenkins1000 | ip=192.168.69.118 | op=SEND_HEARTBEAT {datanodeUUID=0c3d5d33-5004-4ad0-a181-1b32c8916f48, command=[]} | ret=SUCCESS |  
2019-08-30 05:53:18,356 [EventQueue-ContainerReportForContainerReportHandler] WARN  container.ContainerReportHandler (AbstractContainerReportHandler.java:updateContainerState(143)) - Container #1 is in OPEN state, but the datanode 0c3d5d33-5004-4ad0-a181-1b32c8916f48{ip: 192.168.69.118, host: trunk-nightly-20190830-rr75b-3244975676, networkLocation: /default-rack, certSerialId: null} reports an CLOSED replica.
2019-08-30 05:53:18,436 | INFO  | SCMAudit | user=jenkins1000 | ip=192.168.69.118 | op=SEND_HEARTBEAT {datanodeUUID=3db231e5-aa41-417a-9eb1-ebae727224a1, command=[]} | ret=SUCCESS |  
2019-08-30 05:53:18,436 [EventQueue-ContainerReportForContainerReportHandler] WARN  container.ContainerReportHandler (AbstractContainerReportHandler.java:updateContainerState(143)) - Container #1 is in OPEN state, but the datanode 3db231e5-aa41-417a-9eb1-ebae727224a1{ip: 192.168.69.118, host: trunk-nightly-20190830-rr75b-3244975676, networkLocation: /default-rack, certSerialId: null} reports an CLOSED replica.
2019-08-30 05:53:18,456 | INFO  | SCMAudit | user=jenkins1000 | ip=192.168.69.118 | op=SEND_HEARTBEAT {datanodeUUID=0c3d5d33-5004-4ad0-a181-1b32c8916f48, command=[]} | ret=SUCCESS |  
2019-08-30 05:53:18,521 [grpc-default-executor-0] WARN  server.GrpcLogAppender (LogUtils.java:warn(134)) - 0c3d5d33-5004-4ad0-a181-1b32c8916f48->39b5c586-5c16-4d91-b521-ddac34f0fc4c: Failed appendEntries: org.apache.ratis.thirdparty.io.grpc.StatusRuntimeException: UNAVAILABLE: io exception
2019-08-30 05:53:18,527 [grpc-default-executor-0] INFO  impl.FollowerInfo (FollowerInfo.java:lambda$new$0(50)) - 0c3d5d33-5004-4ad0-a181-1b32c8916f48->39b5c586-5c16-4d91-b521-ddac34f0fc4c: nextIndex: updateUnconditionally 0 -> 0
2019-08-30 05:53:18,536 | INFO  | SCMAudit | user=jenkins1000 | ip=192.168.69.118 | op=SEND_HEARTBEAT {datanodeUUID=3db231e5-aa41-417a-9eb1-ebae727224a1, command=[]} | ret=SUCCESS |  
2019-08-30 05:53:18,556 | INFO  | SCMAudit | user=jenkins1000 | ip=192.168.69.118 | op=SEND_HEARTBEAT {datanodeUUID=0c3d5d33-5004-4ad0-a181-1b32c8916f48, command=[]} | ret=SUCCESS |  
2019-08-30 05:53:18,636 | INFO  | SCMAudit | user=jenkins1000 | ip=192.168.69.118 | op=SEND_HEARTBEAT {datanodeUUID=3db231e5-aa41-417a-9eb1-ebae727224a1, command=[]} | ret=SUCCESS |  
2019-08-30 05:53:18,656 | INFO  | SCMAudit | user=jenkins1000 | ip=192.168.69.118 | op=SEND_HEARTBEAT {datanodeUUID=0c3d5d33-5004-4ad0-a181-1b32c8916f48, command=[]} | ret=SUCCESS |  
2019-08-30 05:53:18,657 [EventQueue-ContainerReportForContainerReportHandler] WARN  container.ContainerReportHandler (AbstractContainerReportHandler.java:updateContainerState(143)) - Container #1 is in OPEN state, but the datanode 0c3d5d33-5004-4ad0-a181-1b32c8916f48{ip: 192.168.69.118, host: trunk-nightly-20190830-rr75b-3244975676, networkLocation: /default-rack, certSerialId: null} reports an CLOSED replica.
2019-08-30 05:53:18,738 | INFO  | SCMAudit | user=jenkins1000 | ip=192.168.69.118 | op=SEND_HEARTBEAT {datanodeUUID=3db231e5-aa41-417a-9eb1-ebae727224a1, command=[]} | ret=SUCCESS |  
2019-08-30 05:53:18,738 [EventQueue-ContainerReportForContainerReportHandler] WARN  container.ContainerReportHandler (AbstractContainerReportHandler.java:updateContainerState(143)) - Container #1 is in OPEN state, but the datanode 3db231e5-aa41-417a-9eb1-ebae727224a1{ip: 192.168.69.118, host: trunk-nightly-20190830-rr75b-3244975676, networkLocation: /default-rack, certSerialId: null} reports an CLOSED replica.
2019-08-30 05:53:18,757 | INFO  | SCMAudit | user=jenkins1000 | ip=192.168.69.118 | op=SEND_HEARTBEAT {datanodeUUID=0c3d5d33-5004-4ad0-a181-1b32c8916f48, command=[]} | ret=SUCCESS |  
2019-08-30 05:53:18,838 | INFO  | SCMAudit | user=jenkins1000 | ip=192.168.69.118 | op=SEND_HEARTBEAT {datanodeUUID=3db231e5-aa41-417a-9eb1-ebae727224a1, command=[]} | ret=SUCCESS |  
2019-08-30 05:53:18,857 | INFO  | SCMAudit | user=jenkins1000 | ip=192.168.69.118 | op=SEND_HEARTBEAT {datanodeUUID=0c3d5d33-5004-4ad0-a181-1b32c8916f48, command=[]} | ret=SUCCESS |  
2019-08-30 05:53:18,938 | INFO  | SCMAudit | user=jenkins1000 | ip=192.168.69.118 | op=SEND_HEARTBEAT {datanodeUUID=3db231e5-aa41-417a-9eb1-ebae727224a1, command=[]} | ret=SUCCESS |  
2019-08-30 05:53:18,957 | INFO  | SCMAudit | user=jenkins1000 | ip=192.168.69.118 | op=SEND_HEARTBEAT {datanodeUUID=0c3d5d33-5004-4ad0-a181-1b32c8916f48, command=[]} | ret=SUCCESS |  
2019-08-30 05:53:18,957 [EventQueue-ContainerReportForContainerReportHandler] WARN  container.ContainerReportHandler (AbstractContainerReportHandler.java:updateContainerState(143)) - Container #1 is in OPEN state, but the datanode 0c3d5d33-5004-4ad0-a181-1b32c8916f48{ip: 192.168.69.118, host: trunk-nightly-20190830-rr75b-3244975676, networkLocation: /default-rack, certSerialId: null} reports an CLOSED replica.
2019-08-30 05:53:19,038 | INFO  | SCMAudit | user=jenkins1000 | ip=192.168.69.118 | op=SEND_HEARTBEAT {datanodeUUID=3db231e5-aa41-417a-9eb1-ebae727224a1, command=[]} | ret=SUCCESS |  
2019-08-30 05:53:19,040 [BlockDeletingService#6] WARN  background.BlockDeletingService (BlockDeletingService.java:isDeletionAllowed(186)) - Close Container log Index 6 is not replicated across allthe servers in the pipeline 1239619d-f8f3-45fb-8433-f96d3aac4001 as the min replicated index is 4. Deletion is not allowed in this container yet.
2019-08-30 05:53:19,040 [BlockDeletingService#2] WARN  background.BlockDeletingService (BlockDeletingService.java:isDeletionAllowed(186)) - Close Container log Index 6 is not replicated across allthe servers in the pipeline 1239619d-f8f3-45fb-8433-f96d3aac4001 as the min replicated index is 4. Deletion is not allowed in this container yet.
2019-08-30 05:53:19,057 | INFO  | SCMAudit | user=jenkins1000 | ip=192.168.69.118 | op=SEND_HEARTBEAT {datanodeUUID=0c3d5d33-5004-4ad0-a181-1b32c8916f48, command=[]} | ret=SUCCESS |  
2019-08-30 05:53:19,138 | INFO  | SCMAudit | user=jenkins1000 | ip=192.168.69.118 | op=SEND_HEARTBEAT {datanodeUUID=3db231e5-aa41-417a-9eb1-ebae727224a1, command=[]} | ret=SUCCESS |  
2019-08-30 05:53:19,138 [EventQueue-ContainerReportForContainerReportHandler] WARN  container.ContainerReportHandler (AbstractContainerReportHandler.java:updateContainerState(143)) - Container #1 is in OPEN state, but the datanode 3db231e5-aa41-417a-9eb1-ebae727224a1{ip: 192.168.69.118, host: trunk-nightly-20190830-rr75b-3244975676, networkLocation: /default-rack, certSerialId: null} reports an CLOSED replica.
2019-08-30 05:53:19,157 | INFO  | SCMAudit | user=jenkins1000 | ip=192.168.69.118 | op=SEND_HEARTBEAT {datanodeUUID=0c3d5d33-5004-4ad0-a181-1b32c8916f48, command=[]} | ret=SUCCESS |  
2019-08-30 05:53:19,238 | INFO  | SCMAudit | user=jenkins1000 | ip=192.168.69.118 | op=SEND_HEARTBEAT {datanodeUUID=3db231e5-aa41-417a-9eb1-ebae727224a1, command=[]} | ret=SUCCESS |  
2019-08-30 05:53:19,257 | INFO  | SCMAudit | user=jenkins1000 | ip=192.168.69.118 | op=SEND_HEARTBEAT {datanodeUUID=0c3d5d33-5004-4ad0-a181-1b32c8916f48, command=[]} | ret=SUCCESS |  
2019-08-30 05:53:19,257 [EventQueue-ContainerReportForContainerReportHandler] WARN  container.ContainerReportHandler (AbstractContainerReportHandler.java:updateContainerState(143)) - Container #1 is in OPEN state, but the datanode 0c3d5d33-5004-4ad0-a181-1b32c8916f48{ip: 192.168.69.118, host: trunk-nightly-20190830-rr75b-3244975676, networkLocation: /default-rack, certSerialId: null} reports an CLOSED replica.
2019-08-30 05:53:19,339 | INFO  | SCMAudit | user=jenkins1000 | ip=192.168.69.118 | op=SEND_HEARTBEAT {datanodeUUID=3db231e5-aa41-417a-9eb1-ebae727224a1, command=[]} | ret=SUCCESS |  
2019-08-30 05:53:19,357 | INFO  | SCMAudit | user=jenkins1000 | ip=192.168.69.118 | op=SEND_HEARTBEAT {datanodeUUID=0c3d5d33-5004-4ad0-a181-1b32c8916f48, command=[]} | ret=SUCCESS |  
2019-08-30 05:53:19,438 | INFO  | SCMAudit | user=jenkins1000 | ip=192.168.69.118 | op=SEND_HEARTBEAT {datanodeUUID=3db231e5-aa41-417a-9eb1-ebae727224a1, command=[]} | ret=SUCCESS |  
2019-08-30 05:53:19,438 [EventQueue-ContainerReportForContainerReportHandler] WARN  container.ContainerReportHandler (AbstractContainerReportHandler.java:updateContainerState(143)) - Container #1 is in OPEN state, but the datanode 3db231e5-aa41-417a-9eb1-ebae727224a1{ip: 192.168.69.118, host: trunk-nightly-20190830-rr75b-3244975676, networkLocation: /default-rack, certSerialId: null} reports an CLOSED replica.
2019-08-30 05:53:19,458 | INFO  | SCMAudit | user=jenkins1000 | ip=192.168.69.118 | op=SEND_HEARTBEAT {datanodeUUID=0c3d5d33-5004-4ad0-a181-1b32c8916f48, command=[]} | ret=SUCCESS |  
2019-08-30 05:53:19,539 | INFO  | SCMAudit | user=jenkins1000 | ip=192.168.69.118 | op=SEND_HEARTBEAT {datanodeUUID=3db231e5-aa41-417a-9eb1-ebae727224a1, command=[]} | ret=SUCCESS |  
2019-08-30 05:53:19,558 | INFO  | SCMAudit | user=jenkins1000 | ip=192.168.69.118 | op=SEND_HEARTBEAT {datanodeUUID=0c3d5d33-5004-4ad0-a181-1b32c8916f48, command=[]} | ret=SUCCESS |  
2019-08-30 05:53:19,558 [EventQueue-ContainerReportForContainerReportHandler] WARN  container.ContainerReportHandler (AbstractContainerReportHandler.java:updateContainerState(143)) - Container #1 is in OPEN state, but the datanode 0c3d5d33-5004-4ad0-a181-1b32c8916f48{ip: 192.168.69.118, host: trunk-nightly-20190830-rr75b-3244975676, networkLocation: /default-rack, certSerialId: null} reports an CLOSED replica.
2019-08-30 05:53:19,638 | INFO  | SCMAudit | user=jenkins1000 | ip=192.168.69.118 | op=SEND_HEARTBEAT {datanodeUUID=3db231e5-aa41-417a-9eb1-ebae727224a1, command=[]} | ret=SUCCESS |  
2019-08-30 05:53:19,658 | INFO  | SCMAudit | user=jenkins1000 | ip=192.168.69.118 | op=SEND_HEARTBEAT {datanodeUUID=0c3d5d33-5004-4ad0-a181-1b32c8916f48, command=[]} | ret=SUCCESS |  
2019-08-30 05:53:19,738 | INFO  | SCMAudit | user=jenkins1000 | ip=192.168.69.118 | op=SEND_HEARTBEAT {datanodeUUID=3db231e5-aa41-417a-9eb1-ebae727224a1, command=[]} | ret=SUCCESS |  
2019-08-30 05:53:19,758 | INFO  | SCMAudit | user=jenkins1000 | ip=192.168.69.118 | op=SEND_HEARTBEAT {datanodeUUID=0c3d5d33-5004-4ad0-a181-1b32c8916f48, command=[]} | ret=SUCCESS |  
2019-08-30 05:53:19,839 | INFO  | SCMAudit | user=jenkins1000 | ip=192.168.69.118 | op=SEND_HEARTBEAT {datanodeUUID=3db231e5-aa41-417a-9eb1-ebae727224a1, command=[]} | ret=SUCCESS |  
2019-08-30 05:53:19,839 [EventQueue-ContainerReportForContainerReportHandler] WARN  container.ContainerReportHandler (AbstractContainerReportHandler.java:updateContainerState(143)) - Container #1 is in OPEN state, but the datanode 3db231e5-aa41-417a-9eb1-ebae727224a1{ip: 192.168.69.118, host: trunk-nightly-20190830-rr75b-3244975676, networkLocation: /default-rack, certSerialId: null} reports an CLOSED replica.
2019-08-30 05:53:19,858 | INFO  | SCMAudit | user=jenkins1000 | ip=192.168.69.118 | op=SEND_HEARTBEAT {datanodeUUID=0c3d5d33-5004-4ad0-a181-1b32c8916f48, command=[]} | ret=SUCCESS |  
2019-08-30 05:53:19,859 [EventQueue-ContainerReportForContainerReportHandler] WARN  container.ContainerReportHandler (AbstractContainerReportHandler.java:updateContainerState(143)) - Container #1 is in OPEN state, but the datanode 0c3d5d33-5004-4ad0-a181-1b32c8916f48{ip: 192.168.69.118, host: trunk-nightly-20190830-rr75b-3244975676, networkLocation: /default-rack, certSerialId: null} reports an CLOSED replica.
2019-08-30 05:53:19,938 | INFO  | SCMAudit | user=jenkins1000 | ip=192.168.69.118 | op=SEND_HEARTBEAT {datanodeUUID=3db231e5-aa41-417a-9eb1-ebae727224a1, command=[]} | ret=SUCCESS |  
2019-08-30 05:53:19,959 | INFO  | SCMAudit | user=jenkins1000 | ip=192.168.69.118 | op=SEND_HEARTBEAT {datanodeUUID=0c3d5d33-5004-4ad0-a181-1b32c8916f48, command=[]} | ret=SUCCESS |  
2019-08-30 05:53:20,038 | INFO  | SCMAudit | user=jenkins1000 | ip=192.168.69.118 | op=SEND_HEARTBEAT {datanodeUUID=3db231e5-aa41-417a-9eb1-ebae727224a1, command=[]} | ret=SUCCESS |  
2019-08-30 05:53:20,038 [EventQueue-ContainerReportForContainerReportHandler] WARN  container.ContainerReportHandler (AbstractContainerReportHandler.java:updateContainerState(143)) - Container #1 is in OPEN state, but the datanode 3db231e5-aa41-417a-9eb1-ebae727224a1{ip: 192.168.69.118, host: trunk-nightly-20190830-rr75b-3244975676, networkLocation: /default-rack, certSerialId: null} reports an CLOSED replica.
2019-08-30 05:53:20,041 [BlockDeletingService#6] WARN  background.BlockDeletingService (BlockDeletingService.java:isDeletionAllowed(186)) - Close Container log Index 6 is not replicated across allthe servers in the pipeline 1239619d-f8f3-45fb-8433-f96d3aac4001 as the min replicated index is 4. Deletion is not allowed in this container yet.
2019-08-30 05:53:20,042 [BlockDeletingService#2] WARN  background.BlockDeletingService (BlockDeletingService.java:isDeletionAllowed(186)) - Close Container log Index 6 is not replicated across allthe servers in the pipeline 1239619d-f8f3-45fb-8433-f96d3aac4001 as the min replicated index is 4. Deletion is not allowed in this container yet.
2019-08-30 05:53:20,059 | INFO  | SCMAudit | user=jenkins1000 | ip=192.168.69.118 | op=SEND_HEARTBEAT {datanodeUUID=0c3d5d33-5004-4ad0-a181-1b32c8916f48, command=[]} | ret=SUCCESS |  
2019-08-30 05:53:20,059 [EventQueue-ContainerReportForContainerReportHandler] WARN  container.ContainerReportHandler (AbstractContainerReportHandler.java:updateContainerState(143)) - Container #1 is in OPEN state, but the datanode 0c3d5d33-5004-4ad0-a181-1b32c8916f48{ip: 192.168.69.118, host: trunk-nightly-20190830-rr75b-3244975676, networkLocation: /default-rack, certSerialId: null} reports an CLOSED replica.
2019-08-30 05:53:20,139 | INFO  | SCMAudit | user=jenkins1000 | ip=192.168.69.118 | op=SEND_HEARTBEAT {datanodeUUID=3db231e5-aa41-417a-9eb1-ebae727224a1, command=[]} | ret=SUCCESS |  
2019-08-30 05:53:20,159 | INFO  | SCMAudit | user=jenkins1000 | ip=192.168.69.118 | op=SEND_HEARTBEAT {datanodeUUID=0c3d5d33-5004-4ad0-a181-1b32c8916f48, command=[]} | ret=SUCCESS |  
2019-08-30 05:53:20,238 | INFO  | SCMAudit | user=jenkins1000 | ip=192.168.69.118 | op=SEND_HEARTBEAT {datanodeUUID=3db231e5-aa41-417a-9eb1-ebae727224a1, command=[]} | ret=SUCCESS |  
2019-08-30 05:53:20,259 | INFO  | SCMAudit | user=jenkins1000 | ip=192.168.69.118 | op=SEND_HEARTBEAT {datanodeUUID=0c3d5d33-5004-4ad0-a181-1b32c8916f48, command=[]} | ret=SUCCESS |  
2019-08-30 05:53:20,259 [EventQueue-ContainerReportForContainerReportHandler] WARN  container.ContainerReportHandler (AbstractContainerReportHandler.java:updateContainerState(143)) - Container #1 is in OPEN state, but the datanode 0c3d5d33-5004-4ad0-a181-1b32c8916f48{ip: 192.168.69.118, host: trunk-nightly-20190830-rr75b-3244975676, networkLocation: /default-rack, certSerialId: null} reports an CLOSED replica.
2019-08-30 05:53:20,338 | INFO  | SCMAudit | user=jenkins1000 | ip=192.168.69.118 | op=SEND_HEARTBEAT {datanodeUUID=3db231e5-aa41-417a-9eb1-ebae727224a1, command=[]} | ret=SUCCESS |  
2019-08-30 05:53:20,359 | INFO  | SCMAudit | user=jenkins1000 | ip=192.168.69.118 | op=SEND_HEARTBEAT {datanodeUUID=0c3d5d33-5004-4ad0-a181-1b32c8916f48, command=[]} | ret=SUCCESS |  
2019-08-30 05:53:20,438 | INFO  | SCMAudit | user=jenkins1000 | ip=192.168.69.118 | op=SEND_HEARTBEAT {datanodeUUID=3db231e5-aa41-417a-9eb1-ebae727224a1, command=[]} | ret=SUCCESS |  
2019-08-30 05:53:20,439 [EventQueue-ContainerReportForContainerReportHandler] WARN  container.ContainerReportHandler (AbstractContainerReportHandler.java:updateContainerState(143)) - Container #1 is in OPEN state, but the datanode 3db231e5-aa41-417a-9eb1-ebae727224a1{ip: 192.168.69.118, host: trunk-nightly-20190830-rr75b-3244975676, networkLocation: /default-rack, certSerialId: null} reports an CLOSED replica.
2019-08-30 05:53:20,459 | INFO  | SCMAudit | user=jenkins1000 | ip=192.168.69.118 | op=SEND_HEARTBEAT {datanodeUUID=0c3d5d33-5004-4ad0-a181-1b32c8916f48, command=[]} | ret=SUCCESS |  
2019-08-30 05:53:20,538 | INFO  | SCMAudit | user=jenkins1000 | ip=192.168.69.118 | op=SEND_HEARTBEAT {datanodeUUID=3db231e5-aa41-417a-9eb1-ebae727224a1, command=[]} | ret=SUCCESS |  
2019-08-30 05:53:20,559 | INFO  | SCMAudit | user=jenkins1000 | ip=192.168.69.118 | op=SEND_HEARTBEAT {datanodeUUID=0c3d5d33-5004-4ad0-a181-1b32c8916f48, command=[]} | ret=SUCCESS |  
2019-08-30 05:53:20,559 [EventQueue-ContainerReportForContainerReportHandler] WARN  container.ContainerReportHandler (AbstractContainerReportHandler.java:updateContainerState(143)) - Container #1 is in OPEN state, but the datanode 0c3d5d33-5004-4ad0-a181-1b32c8916f48{ip: 192.168.69.118, host: trunk-nightly-20190830-rr75b-3244975676, networkLocation: /default-rack, certSerialId: null} reports an CLOSED replica.
2019-08-30 05:53:20,638 | INFO  | SCMAudit | user=jenkins1000 | ip=192.168.69.118 | op=SEND_HEARTBEAT {datanodeUUID=3db231e5-aa41-417a-9eb1-ebae727224a1, command=[]} | ret=SUCCESS |  
2019-08-30 05:53:20,659 | INFO  | SCMAudit | user=jenkins1000 | ip=192.168.69.118 | op=SEND_HEARTBEAT {datanodeUUID=0c3d5d33-5004-4ad0-a181-1b32c8916f48, command=[]} | ret=SUCCESS |  
2019-08-30 05:53:20,738 | INFO  | SCMAudit | user=jenkins1000 | ip=192.168.69.118 | op=SEND_HEARTBEAT {datanodeUUID=3db231e5-aa41-417a-9eb1-ebae727224a1, command=[]} | ret=SUCCESS |  
2019-08-30 05:53:20,738 [EventQueue-ContainerReportForContainerReportHandler] WARN  container.ContainerReportHandler (AbstractContainerReportHandler.java:updateContainerState(143)) - Container #1 is in OPEN state, but the datanode 3db231e5-aa41-417a-9eb1-ebae727224a1{ip: 192.168.69.118, host: trunk-nightly-20190830-rr75b-3244975676, networkLocation: /default-rack, certSerialId: null} reports an CLOSED replica.
2019-08-30 05:53:20,759 | INFO  | SCMAudit | user=jenkins1000 | ip=192.168.69.118 | op=SEND_HEARTBEAT {datanodeUUID=0c3d5d33-5004-4ad0-a181-1b32c8916f48, command=[]} | ret=SUCCESS |  
2019-08-30 05:53:20,838 | INFO  | SCMAudit | user=jenkins1000 | ip=192.168.69.118 | op=SEND_HEARTBEAT {datanodeUUID=3db231e5-aa41-417a-9eb1-ebae727224a1, command=[]} | ret=SUCCESS |  
2019-08-30 05:53:20,859 | INFO  | SCMAudit | user=jenkins1000 | ip=192.168.69.118 | op=SEND_HEARTBEAT {datanodeUUID=0c3d5d33-5004-4ad0-a181-1b32c8916f48, command=[]} | ret=SUCCESS |  
2019-08-30 05:53:20,938 | INFO  | SCMAudit | user=jenkins1000 | ip=192.168.69.118 | op=SEND_HEARTBEAT {datanodeUUID=3db231e5-aa41-417a-9eb1-ebae727224a1, command=[]} | ret=SUCCESS |  
2019-08-30 05:53:20,963 | INFO  | SCMAudit | user=jenkins1000 | ip=192.168.69.118 | op=SEND_HEARTBEAT {datanodeUUID=0c3d5d33-5004-4ad0-a181-1b32c8916f48, command=[]} | ret=SUCCESS |  
2019-08-30 05:53:20,963 [EventQueue-ContainerReportForContainerReportHandler] WARN  container.ContainerReportHandler (AbstractContainerReportHandler.java:updateContainerState(143)) - Container #1 is in OPEN state, but the datanode 0c3d5d33-5004-4ad0-a181-1b32c8916f48{ip: 192.168.69.118, host: trunk-nightly-20190830-rr75b-3244975676, networkLocation: /default-rack, certSerialId: null} reports an CLOSED replica.
2019-08-30 05:53:21,026 [grpc-default-executor-0] WARN  server.GrpcLogAppender (LogUtils.java:warn(134)) - 0c3d5d33-5004-4ad0-a181-1b32c8916f48->39b5c586-5c16-4d91-b521-ddac34f0fc4c: Failed appendEntries: org.apache.ratis.thirdparty.io.grpc.StatusRuntimeException: UNAVAILABLE: io exception
2019-08-30 05:53:21,028 [grpc-default-executor-0] INFO  impl.FollowerInfo (FollowerInfo.java:lambda$new$0(50)) - 0c3d5d33-5004-4ad0-a181-1b32c8916f48->39b5c586-5c16-4d91-b521-ddac34f0fc4c: nextIndex: updateUnconditionally 0 -> 0
2019-08-30 05:53:21,039 | INFO  | SCMAudit | user=jenkins1000 | ip=192.168.69.118 | op=SEND_HEARTBEAT {datanodeUUID=3db231e5-aa41-417a-9eb1-ebae727224a1, command=[]} | ret=SUCCESS |  
2019-08-30 05:53:21,039 [EventQueue-ContainerReportForContainerReportHandler] WARN  container.ContainerReportHandler (AbstractContainerReportHandler.java:updateContainerState(143)) - Container #1 is in OPEN state, but the datanode 3db231e5-aa41-417a-9eb1-ebae727224a1{ip: 192.168.69.118, host: trunk-nightly-20190830-rr75b-3244975676, networkLocation: /default-rack, certSerialId: null} reports an CLOSED replica.
2019-08-30 05:53:21,044 [BlockDeletingService#2] WARN  background.BlockDeletingService (BlockDeletingService.java:isDeletionAllowed(186)) - Close Container log Index 6 is not replicated across allthe servers in the pipeline 1239619d-f8f3-45fb-8433-f96d3aac4001 as the min replicated index is 4. Deletion is not allowed in this container yet.
2019-08-30 05:53:21,044 [BlockDeletingService#6] WARN  background.BlockDeletingService (BlockDeletingService.java:isDeletionAllowed(186)) - Close Container log Index 6 is not replicated across allthe servers in the pipeline 1239619d-f8f3-45fb-8433-f96d3aac4001 as the min replicated index is 4. Deletion is not allowed in this container yet.
2019-08-30 05:53:21,061 | INFO  | SCMAudit | user=jenkins1000 | ip=192.168.69.118 | op=SEND_HEARTBEAT {datanodeUUID=0c3d5d33-5004-4ad0-a181-1b32c8916f48, command=[]} | ret=SUCCESS |  
2019-08-30 05:53:21,139 | INFO  | SCMAudit | user=jenkins1000 | ip=192.168.69.118 | op=SEND_HEARTBEAT {datanodeUUID=3db231e5-aa41-417a-9eb1-ebae727224a1, command=[]} | ret=SUCCESS |  
2019-08-30 05:53:21,161 | INFO  | SCMAudit | user=jenkins1000 | ip=192.168.69.118 | op=SEND_HEARTBEAT {datanodeUUID=0c3d5d33-5004-4ad0-a181-1b32c8916f48, command=[]} | ret=SUCCESS |  
2019-08-30 05:53:21,239 | INFO  | SCMAudit | user=jenkins1000 | ip=192.168.69.118 | op=SEND_HEARTBEAT {datanodeUUID=3db231e5-aa41-417a-9eb1-ebae727224a1, command=[]} | ret=SUCCESS |  
2019-08-30 05:53:21,239 [EventQueue-ContainerReportForContainerReportHandler] WARN  container.ContainerReportHandler (AbstractContainerReportHandler.java:updateContainerState(143)) - Container #1 is in OPEN state, but the datanode 3db231e5-aa41-417a-9eb1-ebae727224a1{ip: 192.168.69.118, host: trunk-nightly-20190830-rr75b-3244975676, networkLocation: /default-rack, certSerialId: null} reports an CLOSED replica.
2019-08-30 05:53:21,261 | INFO  | SCMAudit | user=jenkins1000 | ip=192.168.69.118 | op=SEND_HEARTBEAT {datanodeUUID=0c3d5d33-5004-4ad0-a181-1b32c8916f48, command=[]} | ret=SUCCESS |  
2019-08-30 05:53:21,262 [EventQueue-ContainerReportForContainerReportHandler] WARN  container.ContainerReportHandler (AbstractContainerReportHandler.java:updateContainerState(143)) - Container #1 is in OPEN state, but the datanode 0c3d5d33-5004-4ad0-a181-1b32c8916f48{ip: 192.168.69.118, host: trunk-nightly-20190830-rr75b-3244975676, networkLocation: /default-rack, certSerialId: null} reports an CLOSED replica.
2019-08-30 05:53:21,339 | INFO  | SCMAudit | user=jenkins1000 | ip=192.168.69.118 | op=SEND_HEARTBEAT {datanodeUUID=3db231e5-aa41-417a-9eb1-ebae727224a1, command=[]} | ret=SUCCESS |  
2019-08-30 05:53:21,362 | INFO  | SCMAudit | user=jenkins1000 | ip=192.168.69.118 | op=SEND_HEARTBEAT {datanodeUUID=0c3d5d33-5004-4ad0-a181-1b32c8916f48, command=[]} | ret=SUCCESS |  
2019-08-30 05:53:21,440 | INFO  | SCMAudit | user=jenkins1000 | ip=192.168.69.118 | op=SEND_HEARTBEAT {datanodeUUID=3db231e5-aa41-417a-9eb1-ebae727224a1, command=[]} | ret=SUCCESS |  
2019-08-30 05:53:21,463 | INFO  | SCMAudit | user=jenkins1000 | ip=192.168.69.118 | op=SEND_HEARTBEAT {datanodeUUID=0c3d5d33-5004-4ad0-a181-1b32c8916f48, command=[]} | ret=SUCCESS |  
2019-08-30 05:53:21,463 [EventQueue-ContainerReportForContainerReportHandler] WARN  container.ContainerReportHandler (AbstractContainerReportHandler.java:updateContainerState(143)) - Container #1 is in OPEN state, but the datanode 0c3d5d33-5004-4ad0-a181-1b32c8916f48{ip: 192.168.69.118, host: trunk-nightly-20190830-rr75b-3244975676, networkLocation: /default-rack, certSerialId: null} reports an CLOSED replica.
2019-08-30 05:53:21,540 | INFO  | SCMAudit | user=jenkins1000 | ip=192.168.69.118 | op=SEND_HEARTBEAT {datanodeUUID=3db231e5-aa41-417a-9eb1-ebae727224a1, command=[]} | ret=SUCCESS |  
2019-08-30 05:53:21,541 [EventQueue-ContainerReportForContainerReportHandler] WARN  container.ContainerReportHandler (AbstractContainerReportHandler.java:updateContainerState(143)) - Container #1 is in OPEN state, but the datanode 3db231e5-aa41-417a-9eb1-ebae727224a1{ip: 192.168.69.118, host: trunk-nightly-20190830-rr75b-3244975676, networkLocation: /default-rack, certSerialId: null} reports an CLOSED replica.
2019-08-30 05:53:21,563 | INFO  | SCMAudit | user=jenkins1000 | ip=192.168.69.118 | op=SEND_HEARTBEAT {datanodeUUID=0c3d5d33-5004-4ad0-a181-1b32c8916f48, command=[]} | ret=SUCCESS |  
2019-08-30 05:53:21,640 | INFO  | SCMAudit | user=jenkins1000 | ip=192.168.69.118 | op=SEND_HEARTBEAT {datanodeUUID=3db231e5-aa41-417a-9eb1-ebae727224a1, command=[]} | ret=SUCCESS |  
2019-08-30 05:53:21,663 | INFO  | SCMAudit | user=jenkins1000 | ip=192.168.69.118 | op=SEND_HEARTBEAT {datanodeUUID=0c3d5d33-5004-4ad0-a181-1b32c8916f48, command=[]} | ret=SUCCESS |  
2019-08-30 05:53:21,663 [EventQueue-ContainerReportForContainerReportHandler] WARN  container.ContainerReportHandler (AbstractContainerReportHandler.java:updateContainerState(143)) - Container #1 is in OPEN state, but the datanode 0c3d5d33-5004-4ad0-a181-1b32c8916f48{ip: 192.168.69.118, host: trunk-nightly-20190830-rr75b-3244975676, networkLocation: /default-rack, certSerialId: null} reports an CLOSED replica.
2019-08-30 05:53:21,740 | INFO  | SCMAudit | user=jenkins1000 | ip=192.168.69.118 | op=SEND_HEARTBEAT {datanodeUUID=3db231e5-aa41-417a-9eb1-ebae727224a1, command=[]} | ret=SUCCESS |  
2019-08-30 05:53:21,763 | INFO  | SCMAudit | user=jenkins1000 | ip=192.168.69.118 | op=SEND_HEARTBEAT {datanodeUUID=0c3d5d33-5004-4ad0-a181-1b32c8916f48, command=[]} | ret=SUCCESS |  
2019-08-30 05:53:21,841 | INFO  | SCMAudit | user=jenkins1000 | ip=192.168.69.118 | op=SEND_HEARTBEAT {datanodeUUID=3db231e5-aa41-417a-9eb1-ebae727224a1, command=[]} | ret=SUCCESS |  
2019-08-30 05:53:21,841 [EventQueue-ContainerReportForContainerReportHandler] WARN  container.ContainerReportHandler (AbstractContainerReportHandler.java:updateContainerState(143)) - Container #1 is in OPEN state, but the datanode 3db231e5-aa41-417a-9eb1-ebae727224a1{ip: 192.168.69.118, host: trunk-nightly-20190830-rr75b-3244975676, networkLocation: /default-rack, certSerialId: null} reports an CLOSED replica.
2019-08-30 05:53:21,863 | INFO  | SCMAudit | user=jenkins1000 | ip=192.168.69.118 | op=SEND_HEARTBEAT {datanodeUUID=0c3d5d33-5004-4ad0-a181-1b32c8916f48, command=[]} | ret=SUCCESS |  
2019-08-30 05:53:21,941 | INFO  | SCMAudit | user=jenkins1000 | ip=192.168.69.118 | op=SEND_HEARTBEAT {datanodeUUID=3db231e5-aa41-417a-9eb1-ebae727224a1, command=[]} | ret=SUCCESS |  
2019-08-30 05:53:21,963 | INFO  | SCMAudit | user=jenkins1000 | ip=192.168.69.118 | op=SEND_HEARTBEAT {datanodeUUID=0c3d5d33-5004-4ad0-a181-1b32c8916f48, command=[]} | ret=SUCCESS |  
2019-08-30 05:53:21,963 [EventQueue-ContainerReportForContainerReportHandler] WARN  container.ContainerReportHandler (AbstractContainerReportHandler.java:updateContainerState(143)) - Container #1 is in OPEN state, but the datanode 0c3d5d33-5004-4ad0-a181-1b32c8916f48{ip: 192.168.69.118, host: trunk-nightly-20190830-rr75b-3244975676, networkLocation: /default-rack, certSerialId: null} reports an CLOSED replica.
2019-08-30 05:53:22,041 | INFO  | SCMAudit | user=jenkins1000 | ip=192.168.69.118 | op=SEND_HEARTBEAT {datanodeUUID=3db231e5-aa41-417a-9eb1-ebae727224a1, command=[]} | ret=SUCCESS |  
2019-08-30 05:53:22,045 [BlockDeletingService#2] WARN  background.BlockDeletingService (BlockDeletingService.java:isDeletionAllowed(186)) - Close Container log Index 6 is not replicated across allthe servers in the pipeline 1239619d-f8f3-45fb-8433-f96d3aac4001 as the min replicated index is 4. Deletion is not allowed in this container yet.
2019-08-30 05:53:22,046 [BlockDeletingService#6] WARN  background.BlockDeletingService (BlockDeletingService.java:isDeletionAllowed(186)) - Close Container log Index 6 is not replicated across allthe servers in the pipeline 1239619d-f8f3-45fb-8433-f96d3aac4001 as the min replicated index is 4. Deletion is not allowed in this container yet.
2019-08-30 05:53:22,063 | INFO  | SCMAudit | user=jenkins1000 | ip=192.168.69.118 | op=SEND_HEARTBEAT {datanodeUUID=0c3d5d33-5004-4ad0-a181-1b32c8916f48, command=[]} | ret=SUCCESS |  
2019-08-30 05:53:22,142 | INFO  | SCMAudit | user=jenkins1000 | ip=192.168.69.118 | op=SEND_HEARTBEAT {datanodeUUID=3db231e5-aa41-417a-9eb1-ebae727224a1, command=[]} | ret=SUCCESS |  
2019-08-30 05:53:22,142 [EventQueue-ContainerReportForContainerReportHandler] WARN  container.ContainerReportHandler (AbstractContainerReportHandler.java:updateContainerState(143)) - Container #1 is in OPEN state, but the datanode 3db231e5-aa41-417a-9eb1-ebae727224a1{ip: 192.168.69.118, host: trunk-nightly-20190830-rr75b-3244975676, networkLocation: /default-rack, certSerialId: null} reports an CLOSED replica.
2019-08-30 05:53:22,163 | INFO  | SCMAudit | user=jenkins1000 | ip=192.168.69.118 | op=SEND_HEARTBEAT {datanodeUUID=0c3d5d33-5004-4ad0-a181-1b32c8916f48, command=[]} | ret=SUCCESS |  
2019-08-30 05:53:22,241 | INFO  | SCMAudit | user=jenkins1000 | ip=192.168.69.118 | op=SEND_HEARTBEAT {datanodeUUID=3db231e5-aa41-417a-9eb1-ebae727224a1, command=[]} | ret=SUCCESS |  
2019-08-30 05:53:22,263 | INFO  | SCMAudit | user=jenkins1000 | ip=192.168.69.118 | op=SEND_HEARTBEAT {datanodeUUID=0c3d5d33-5004-4ad0-a181-1b32c8916f48, command=[]} | ret=SUCCESS |  
2019-08-30 05:53:22,264 [EventQueue-ContainerReportForContainerReportHandler] WARN  container.ContainerReportHandler (AbstractContainerReportHandler.java:updateContainerState(143)) - Container #1 is in OPEN state, but the datanode 0c3d5d33-5004-4ad0-a181-1b32c8916f48{ip: 192.168.69.118, host: trunk-nightly-20190830-rr75b-3244975676, networkLocation: /default-rack, certSerialId: null} reports an CLOSED replica.
2019-08-30 05:53:22,341 | INFO  | SCMAudit | user=jenkins1000 | ip=192.168.69.118 | op=SEND_HEARTBEAT {datanodeUUID=3db231e5-aa41-417a-9eb1-ebae727224a1, command=[]} | ret=SUCCESS |  
2019-08-30 05:53:22,364 | INFO  | SCMAudit | user=jenkins1000 | ip=192.168.69.118 | op=SEND_HEARTBEAT {datanodeUUID=0c3d5d33-5004-4ad0-a181-1b32c8916f48, command=[]} | ret=SUCCESS |  
2019-08-30 05:53:22,442 | INFO  | SCMAudit | user=jenkins1000 | ip=192.168.69.118 | op=SEND_HEARTBEAT {datanodeUUID=3db231e5-aa41-417a-9eb1-ebae727224a1, command=[]} | ret=SUCCESS |  
2019-08-30 05:53:22,442 [EventQueue-ContainerReportForContainerReportHandler] WARN  container.ContainerReportHandler (AbstractContainerReportHandler.java:updateContainerState(143)) - Container #1 is in OPEN state, but the datanode 3db231e5-aa41-417a-9eb1-ebae727224a1{ip: 192.168.69.118, host: trunk-nightly-20190830-rr75b-3244975676, networkLocation: /default-rack, certSerialId: null} reports an CLOSED replica.
2019-08-30 05:53:22,464 | INFO  | SCMAudit | user=jenkins1000 | ip=192.168.69.118 | op=SEND_HEARTBEAT {datanodeUUID=0c3d5d33-5004-4ad0-a181-1b32c8916f48, command=[]} | ret=SUCCESS |  
2019-08-30 05:53:22,464 [EventQueue-ContainerReportForContainerReportHandler] WARN  container.ContainerReportHandler (AbstractContainerReportHandler.java:updateContainerState(143)) - Container #1 is in OPEN state, but the datanode 0c3d5d33-5004-4ad0-a181-1b32c8916f48{ip: 192.168.69.118, host: trunk-nightly-20190830-rr75b-3244975676, networkLocation: /default-rack, certSerialId: null} reports an CLOSED replica.
2019-08-30 05:53:22,542 | INFO  | SCMAudit | user=jenkins1000 | ip=192.168.69.118 | op=SEND_HEARTBEAT {datanodeUUID=3db231e5-aa41-417a-9eb1-ebae727224a1, command=[]} | ret=SUCCESS |  
2019-08-30 05:53:22,564 | INFO  | SCMAudit | user=jenkins1000 | ip=192.168.69.118 | op=SEND_HEARTBEAT {datanodeUUID=0c3d5d33-5004-4ad0-a181-1b32c8916f48, command=[]} | ret=SUCCESS |  
2019-08-30 05:53:22,642 | INFO  | SCMAudit | user=jenkins1000 | ip=192.168.69.118 | op=SEND_HEARTBEAT {datanodeUUID=3db231e5-aa41-417a-9eb1-ebae727224a1, command=[]} | ret=SUCCESS |  
2019-08-30 05:53:22,642 [EventQueue-ContainerReportForContainerReportHandler] WARN  container.ContainerReportHandler (AbstractContainerReportHandler.java:updateContainerState(143)) - Container #1 is in OPEN state, but the datanode 3db231e5-aa41-417a-9eb1-ebae727224a1{ip: 192.168.69.118, host: trunk-nightly-20190830-rr75b-3244975676, networkLocation: /default-rack, certSerialId: null} reports an CLOSED replica.
2019-08-30 05:53:22,664 | INFO  | SCMAudit | user=jenkins1000 | ip=192.168.69.118 | op=SEND_HEARTBEAT {datanodeUUID=0c3d5d33-5004-4ad0-a181-1b32c8916f48, command=[]} | ret=SUCCESS |  
2019-08-30 05:53:22,742 | INFO  | SCMAudit | user=jenkins1000 | ip=192.168.69.118 | op=SEND_HEARTBEAT {datanodeUUID=3db231e5-aa41-417a-9eb1-ebae727224a1, command=[]} | ret=SUCCESS |  
2019-08-30 05:53:22,764 | INFO  | SCMAudit | user=jenkins1000 | ip=192.168.69.118 | op=SEND_HEARTBEAT {datanodeUUID=0c3d5d33-5004-4ad0-a181-1b32c8916f48, command=[]} | ret=SUCCESS |  
2019-08-30 05:53:22,764 [EventQueue-ContainerReportForContainerReportHandler] WARN  container.ContainerReportHandler (AbstractContainerReportHandler.java:updateContainerState(143)) - Container #1 is in OPEN state, but the datanode 0c3d5d33-5004-4ad0-a181-1b32c8916f48{ip: 192.168.69.118, host: trunk-nightly-20190830-rr75b-3244975676, networkLocation: /default-rack, certSerialId: null} reports an CLOSED replica.
2019-08-30 05:53:22,843 | INFO  | SCMAudit | user=jenkins1000 | ip=192.168.69.118 | op=SEND_HEARTBEAT {datanodeUUID=3db231e5-aa41-417a-9eb1-ebae727224a1, command=[]} | ret=SUCCESS |  
2019-08-30 05:53:22,843 [EventQueue-ContainerReportForContainerReportHandler] WARN  container.ContainerReportHandler (AbstractContainerReportHandler.java:updateContainerState(143)) - Container #1 is in OPEN state, but the datanode 3db231e5-aa41-417a-9eb1-ebae727224a1{ip: 192.168.69.118, host: trunk-nightly-20190830-rr75b-3244975676, networkLocation: /default-rack, certSerialId: null} reports an CLOSED replica.
2019-08-30 05:53:22,864 | INFO  | SCMAudit | user=jenkins1000 | ip=192.168.69.118 | op=SEND_HEARTBEAT {datanodeUUID=0c3d5d33-5004-4ad0-a181-1b32c8916f48, command=[]} | ret=SUCCESS |  
2019-08-30 05:53:22,943 | INFO  | SCMAudit | user=jenkins1000 | ip=192.168.69.118 | op=SEND_HEARTBEAT {datanodeUUID=3db231e5-aa41-417a-9eb1-ebae727224a1, command=[]} | ret=SUCCESS |  
2019-08-30 05:53:22,964 | INFO  | SCMAudit | user=jenkins1000 | ip=192.168.69.118 | op=SEND_HEARTBEAT {datanodeUUID=0c3d5d33-5004-4ad0-a181-1b32c8916f48, command=[]} | ret=SUCCESS |  
2019-08-30 05:53:23,043 | INFO  | SCMAudit | user=jenkins1000 | ip=192.168.69.118 | op=SEND_HEARTBEAT {datanodeUUID=3db231e5-aa41-417a-9eb1-ebae727224a1, command=[]} | ret=SUCCESS |  
2019-08-30 05:53:23,047 [BlockDeletingService#2] WARN  background.BlockDeletingService (BlockDeletingService.java:isDeletionAllowed(186)) - Close Container log Index 6 is not replicated across allthe servers in the pipeline 1239619d-f8f3-45fb-8433-f96d3aac4001 as the min replicated index is 4. Deletion is not allowed in this container yet.
2019-08-30 05:53:23,047 [BlockDeletingService#6] WARN  background.BlockDeletingService (BlockDeletingService.java:isDeletionAllowed(186)) - Close Container log Index 6 is not replicated across allthe servers in the pipeline 1239619d-f8f3-45fb-8433-f96d3aac4001 as the min replicated index is 4. Deletion is not allowed in this container yet.
2019-08-30 05:53:23,065 | INFO  | SCMAudit | user=jenkins1000 | ip=192.168.69.118 | op=SEND_HEARTBEAT {datanodeUUID=0c3d5d33-5004-4ad0-a181-1b32c8916f48, command=[]} | ret=SUCCESS |  
2019-08-30 05:53:23,065 [EventQueue-ContainerReportForContainerReportHandler] WARN  container.ContainerReportHandler (AbstractContainerReportHandler.java:updateContainerState(143)) - Container #1 is in OPEN state, but the datanode 0c3d5d33-5004-4ad0-a181-1b32c8916f48{ip: 192.168.69.118, host: trunk-nightly-20190830-rr75b-3244975676, networkLocation: /default-rack, certSerialId: null} reports an CLOSED replica.
2019-08-30 05:53:23,144 | INFO  | SCMAudit | user=jenkins1000 | ip=192.168.69.118 | op=SEND_HEARTBEAT {datanodeUUID=3db231e5-aa41-417a-9eb1-ebae727224a1, command=[]} | ret=SUCCESS |  
2019-08-30 05:53:23,144 [EventQueue-ContainerReportForContainerReportHandler] WARN  container.ContainerReportHandler (AbstractContainerReportHandler.java:updateContainerState(143)) - Container #1 is in OPEN state, but the datanode 3db231e5-aa41-417a-9eb1-ebae727224a1{ip: 192.168.69.118, host: trunk-nightly-20190830-rr75b-3244975676, networkLocation: /default-rack, certSerialId: null} reports an CLOSED replica.
2019-08-30 05:53:23,165 | INFO  | SCMAudit | user=jenkins1000 | ip=192.168.69.118 | op=SEND_HEARTBEAT {datanodeUUID=0c3d5d33-5004-4ad0-a181-1b32c8916f48, command=[]} | ret=SUCCESS |  
2019-08-30 05:53:23,244 | INFO  | SCMAudit | user=jenkins1000 | ip=192.168.69.118 | op=SEND_HEARTBEAT {datanodeUUID=3db231e5-aa41-417a-9eb1-ebae727224a1, command=[]} | ret=SUCCESS |  
2019-08-30 05:53:23,265 | INFO  | SCMAudit | user=jenkins1000 | ip=192.168.69.118 | op=SEND_HEARTBEAT {datanodeUUID=0c3d5d33-5004-4ad0-a181-1b32c8916f48, command=[]} | ret=SUCCESS |  
2019-08-30 05:53:23,344 | INFO  | SCMAudit | user=jenkins1000 | ip=192.168.69.118 | op=SEND_HEARTBEAT {datanodeUUID=3db231e5-aa41-417a-9eb1-ebae727224a1, command=[]} | ret=SUCCESS |  
2019-08-30 05:53:23,365 | INFO  | SCMAudit | user=jenkins1000 | ip=192.168.69.118 | op=SEND_HEARTBEAT {datanodeUUID=0c3d5d33-5004-4ad0-a181-1b32c8916f48, command=[]} | ret=SUCCESS |  
2019-08-30 05:53:23,365 [EventQueue-ContainerReportForContainerReportHandler] WARN  container.ContainerReportHandler (AbstractContainerReportHandler.java:updateContainerState(143)) - Container #1 is in OPEN state, but the datanode 0c3d5d33-5004-4ad0-a181-1b32c8916f48{ip: 192.168.69.118, host: trunk-nightly-20190830-rr75b-3244975676, networkLocation: /default-rack, certSerialId: null} reports an CLOSED replica.
2019-08-30 05:53:23,445 | INFO  | SCMAudit | user=jenkins1000 | ip=192.168.69.118 | op=SEND_HEARTBEAT {datanodeUUID=3db231e5-aa41-417a-9eb1-ebae727224a1, command=[]} | ret=SUCCESS |  
2019-08-30 05:53:23,465 | INFO  | SCMAudit | user=jenkins1000 | ip=192.168.69.118 | op=SEND_HEARTBEAT {datanodeUUID=0c3d5d33-5004-4ad0-a181-1b32c8916f48, command=[]} | ret=SUCCESS |  
2019-08-30 05:53:23,526 [grpc-default-executor-1] WARN  server.GrpcLogAppender (LogUtils.java:warn(134)) - 0c3d5d33-5004-4ad0-a181-1b32c8916f48->39b5c586-5c16-4d91-b521-ddac34f0fc4c: Failed appendEntries: org.apache.ratis.thirdparty.io.grpc.StatusRuntimeException: UNAVAILABLE: io exception
2019-08-30 05:53:23,528 [grpc-default-executor-1] INFO  impl.FollowerInfo (FollowerInfo.java:lambda$new$0(50)) - 0c3d5d33-5004-4ad0-a181-1b32c8916f48->39b5c586-5c16-4d91-b521-ddac34f0fc4c: nextIndex: updateUnconditionally 0 -> 0
2019-08-30 05:53:23,544 | INFO  | SCMAudit | user=jenkins1000 | ip=192.168.69.118 | op=SEND_HEARTBEAT {datanodeUUID=3db231e5-aa41-417a-9eb1-ebae727224a1, command=[]} | ret=SUCCESS |  
2019-08-30 05:53:23,544 [EventQueue-ContainerReportForContainerReportHandler] WARN  container.ContainerReportHandler (AbstractContainerReportHandler.java:updateContainerState(143)) - Container #1 is in OPEN state, but the datanode 3db231e5-aa41-417a-9eb1-ebae727224a1{ip: 192.168.69.118, host: trunk-nightly-20190830-rr75b-3244975676, networkLocation: /default-rack, certSerialId: null} reports an CLOSED replica.
2019-08-30 05:53:23,565 | INFO  | SCMAudit | user=jenkins1000 | ip=192.168.69.118 | op=SEND_HEARTBEAT {datanodeUUID=0c3d5d33-5004-4ad0-a181-1b32c8916f48, command=[]} | ret=SUCCESS |  
2019-08-30 05:53:23,645 | INFO  | SCMAudit | user=jenkins1000 | ip=192.168.69.118 | op=SEND_HEARTBEAT {datanodeUUID=3db231e5-aa41-417a-9eb1-ebae727224a1, command=[]} | ret=SUCCESS |  
2019-08-30 05:53:23,666 | INFO  | SCMAudit | user=jenkins1000 | ip=192.168.69.118 | op=SEND_HEARTBEAT {datanodeUUID=0c3d5d33-5004-4ad0-a181-1b32c8916f48, command=[]} | ret=SUCCESS |  
2019-08-30 05:53:23,666 [EventQueue-ContainerReportForContainerReportHandler] WARN  container.ContainerReportHandler (AbstractContainerReportHandler.java:updateContainerState(143)) - Container #1 is in OPEN state, but the datanode 0c3d5d33-5004-4ad0-a181-1b32c8916f48{ip: 192.168.69.118, host: trunk-nightly-20190830-rr75b-3244975676, networkLocation: /default-rack, certSerialId: null} reports an CLOSED replica.
2019-08-30 05:53:23,745 | INFO  | SCMAudit | user=jenkins1000 | ip=192.168.69.118 | op=SEND_HEARTBEAT {datanodeUUID=3db231e5-aa41-417a-9eb1-ebae727224a1, command=[]} | ret=SUCCESS |  
2019-08-30 05:53:23,745 [EventQueue-ContainerReportForContainerReportHandler] WARN  container.ContainerReportHandler (AbstractContainerReportHandler.java:updateContainerState(143)) - Container #1 is in OPEN state, but the datanode 3db231e5-aa41-417a-9eb1-ebae727224a1{ip: 192.168.69.118, host: trunk-nightly-20190830-rr75b-3244975676, networkLocation: /default-rack, certSerialId: null} reports an CLOSED replica.
2019-08-30 05:53:23,766 | INFO  | SCMAudit | user=jenkins1000 | ip=192.168.69.118 | op=SEND_HEARTBEAT {datanodeUUID=0c3d5d33-5004-4ad0-a181-1b32c8916f48, command=[]} | ret=SUCCESS |  
2019-08-30 05:53:23,845 | INFO  | SCMAudit | user=jenkins1000 | ip=192.168.69.118 | op=SEND_HEARTBEAT {datanodeUUID=3db231e5-aa41-417a-9eb1-ebae727224a1, command=[]} | ret=SUCCESS |  
2019-08-30 05:53:23,866 | INFO  | SCMAudit | user=jenkins1000 | ip=192.168.69.118 | op=SEND_HEARTBEAT {datanodeUUID=0c3d5d33-5004-4ad0-a181-1b32c8916f48, command=[]} | ret=SUCCESS |  
2019-08-30 05:53:23,866 [EventQueue-ContainerReportForContainerReportHandler] WARN  container.ContainerReportHandler (AbstractContainerReportHandler.java:updateContainerState(143)) - Container #1 is in OPEN state, but the datanode 0c3d5d33-5004-4ad0-a181-1b32c8916f48{ip: 192.168.69.118, host: trunk-nightly-20190830-rr75b-3244975676, networkLocation: /default-rack, certSerialId: null} reports an CLOSED replica.
2019-08-30 05:53:23,945 | INFO  | SCMAudit | user=jenkins1000 | ip=192.168.69.118 | op=SEND_HEARTBEAT {datanodeUUID=3db231e5-aa41-417a-9eb1-ebae727224a1, command=[]} | ret=SUCCESS |  
2019-08-30 05:53:23,966 | INFO  | SCMAudit | user=jenkins1000 | ip=192.168.69.118 | op=SEND_HEARTBEAT {datanodeUUID=0c3d5d33-5004-4ad0-a181-1b32c8916f48, command=[]} | ret=SUCCESS |  
2019-08-30 05:53:24,046 | INFO  | SCMAudit | user=jenkins1000 | ip=192.168.69.118 | op=SEND_HEARTBEAT {datanodeUUID=3db231e5-aa41-417a-9eb1-ebae727224a1, command=[]} | ret=SUCCESS |  
2019-08-30 05:53:24,046 [EventQueue-ContainerReportForContainerReportHandler] WARN  container.ContainerReportHandler (AbstractContainerReportHandler.java:updateContainerState(143)) - Container #1 is in OPEN state, but the datanode 3db231e5-aa41-417a-9eb1-ebae727224a1{ip: 192.168.69.118, host: trunk-nightly-20190830-rr75b-3244975676, networkLocation: /default-rack, certSerialId: null} reports an CLOSED replica.
2019-08-30 05:53:24,049 [BlockDeletingService#2] WARN  background.BlockDeletingService (BlockDeletingService.java:isDeletionAllowed(186)) - Close Container log Index 6 is not replicated across allthe servers in the pipeline 1239619d-f8f3-45fb-8433-f96d3aac4001 as the min replicated index is 4. Deletion is not allowed in this container yet.
2019-08-30 05:53:24,049 [BlockDeletingService#6] WARN  background.BlockDeletingService (BlockDeletingService.java:isDeletionAllowed(186)) - Close Container log Index 6 is not replicated across allthe servers in the pipeline 1239619d-f8f3-45fb-8433-f96d3aac4001 as the min replicated index is 4. Deletion is not allowed in this container yet.
2019-08-30 05:53:24,066 | INFO  | SCMAudit | user=jenkins1000 | ip=192.168.69.118 | op=SEND_HEARTBEAT {datanodeUUID=0c3d5d33-5004-4ad0-a181-1b32c8916f48, command=[]} | ret=SUCCESS |  
2019-08-30 05:53:24,145 | INFO  | SCMAudit | user=jenkins1000 | ip=192.168.69.118 | op=SEND_HEARTBEAT {datanodeUUID=3db231e5-aa41-417a-9eb1-ebae727224a1, command=[]} | ret=SUCCESS |  
2019-08-30 05:53:24,166 | INFO  | SCMAudit | user=jenkins1000 | ip=192.168.69.118 | op=SEND_HEARTBEAT {datanodeUUID=0c3d5d33-5004-4ad0-a181-1b32c8916f48, command=[]} | ret=SUCCESS |  
2019-08-30 05:53:24,245 | INFO  | SCMAudit | user=jenkins1000 | ip=192.168.69.118 | op=SEND_HEARTBEAT {datanodeUUID=3db231e5-aa41-417a-9eb1-ebae727224a1, command=[]} | ret=SUCCESS |  
2019-08-30 05:53:24,267 | INFO  | SCMAudit | user=jenkins1000 | ip=192.168.69.118 | op=SEND_HEARTBEAT {datanodeUUID=0c3d5d33-5004-4ad0-a181-1b32c8916f48, command=[]} | ret=SUCCESS |  
2019-08-30 05:53:24,267 [EventQueue-ContainerReportForContainerReportHandler] WARN  container.ContainerReportHandler (AbstractContainerReportHandler.java:updateContainerState(143)) - Container #1 is in OPEN state, but the datanode 0c3d5d33-5004-4ad0-a181-1b32c8916f48{ip: 192.168.69.118, host: trunk-nightly-20190830-rr75b-3244975676, networkLocation: /default-rack, certSerialId: null} reports an CLOSED replica.
2019-08-30 05:53:24,345 | INFO  | SCMAudit | user=jenkins1000 | ip=192.168.69.118 | op=SEND_HEARTBEAT {datanodeUUID=3db231e5-aa41-417a-9eb1-ebae727224a1, command=[]} | ret=SUCCESS |  
2019-08-30 05:53:24,345 [EventQueue-ContainerReportForContainerReportHandler] WARN  container.ContainerReportHandler (AbstractContainerReportHandler.java:updateContainerState(143)) - Container #1 is in OPEN state, but the datanode 3db231e5-aa41-417a-9eb1-ebae727224a1{ip: 192.168.69.118, host: trunk-nightly-20190830-rr75b-3244975676, networkLocation: /default-rack, certSerialId: null} reports an CLOSED replica.
2019-08-30 05:53:24,367 | INFO  | SCMAudit | user=jenkins1000 | ip=192.168.69.118 | op=SEND_HEARTBEAT {datanodeUUID=0c3d5d33-5004-4ad0-a181-1b32c8916f48, command=[]} | ret=SUCCESS |  
2019-08-30 05:53:24,445 | INFO  | SCMAudit | user=jenkins1000 | ip=192.168.69.118 | op=SEND_HEARTBEAT {datanodeUUID=3db231e5-aa41-417a-9eb1-ebae727224a1, command=[]} | ret=SUCCESS |  
2019-08-30 05:53:24,469 | INFO  | SCMAudit | user=jenkins1000 | ip=192.168.69.118 | op=SEND_HEARTBEAT {datanodeUUID=0c3d5d33-5004-4ad0-a181-1b32c8916f48, command=[]} | ret=SUCCESS |  
2019-08-30 05:53:24,469 [EventQueue-ContainerReportForContainerReportHandler] WARN  container.ContainerReportHandler (AbstractContainerReportHandler.java:updateContainerState(143)) - Container #1 is in OPEN state, but the datanode 0c3d5d33-5004-4ad0-a181-1b32c8916f48{ip: 192.168.69.118, host: trunk-nightly-20190830-rr75b-3244975676, networkLocation: /default-rack, certSerialId: null} reports an CLOSED replica.
2019-08-30 05:53:24,545 | INFO  | SCMAudit | user=jenkins1000 | ip=192.168.69.118 | op=SEND_HEARTBEAT {datanodeUUID=3db231e5-aa41-417a-9eb1-ebae727224a1, command=[]} | ret=SUCCESS |  
2019-08-30 05:53:24,569 | INFO  | SCMAudit | user=jenkins1000 | ip=192.168.69.118 | op=SEND_HEARTBEAT {datanodeUUID=0c3d5d33-5004-4ad0-a181-1b32c8916f48, command=[]} | ret=SUCCESS |  
2019-08-30 05:53:24,645 | INFO  | SCMAudit | user=jenkins1000 | ip=192.168.69.118 | op=SEND_HEARTBEAT {datanodeUUID=3db231e5-aa41-417a-9eb1-ebae727224a1, command=[]} | ret=SUCCESS |  
2019-08-30 05:53:24,645 [EventQueue-ContainerReportForContainerReportHandler] WARN  container.ContainerReportHandler (AbstractContainerReportHandler.java:updateContainerState(143)) - Container #1 is in OPEN state, but the datanode 3db231e5-aa41-417a-9eb1-ebae727224a1{ip: 192.168.69.118, host: trunk-nightly-20190830-rr75b-3244975676, networkLocation: /default-rack, certSerialId: null} reports an CLOSED replica.
2019-08-30 05:53:24,669 | INFO  | SCMAudit | user=jenkins1000 | ip=192.168.69.118 | op=SEND_HEARTBEAT {datanodeUUID=0c3d5d33-5004-4ad0-a181-1b32c8916f48, command=[]} | ret=SUCCESS |  
2019-08-30 05:53:24,745 | INFO  | SCMAudit | user=jenkins1000 | ip=192.168.69.118 | op=SEND_HEARTBEAT {datanodeUUID=3db231e5-aa41-417a-9eb1-ebae727224a1, command=[]} | ret=SUCCESS |  
2019-08-30 05:53:24,769 | INFO  | SCMAudit | user=jenkins1000 | ip=192.168.69.118 | op=SEND_HEARTBEAT {datanodeUUID=0c3d5d33-5004-4ad0-a181-1b32c8916f48, command=[]} | ret=SUCCESS |  
2019-08-30 05:53:24,769 [EventQueue-ContainerReportForContainerReportHandler] WARN  container.ContainerReportHandler (AbstractContainerReportHandler.java:updateContainerState(143)) - Container #1 is in OPEN state, but the datanode 0c3d5d33-5004-4ad0-a181-1b32c8916f48{ip: 192.168.69.118, host: trunk-nightly-20190830-rr75b-3244975676, networkLocation: /default-rack, certSerialId: null} reports an CLOSED replica.
2019-08-30 05:53:24,845 | INFO  | SCMAudit | user=jenkins1000 | ip=192.168.69.118 | op=SEND_HEARTBEAT {datanodeUUID=3db231e5-aa41-417a-9eb1-ebae727224a1, command=[]} | ret=SUCCESS |  
2019-08-30 05:53:24,869 | INFO  | SCMAudit | user=jenkins1000 | ip=192.168.69.118 | op=SEND_HEARTBEAT {datanodeUUID=0c3d5d33-5004-4ad0-a181-1b32c8916f48, command=[]} | ret=SUCCESS |  
2019-08-30 05:53:24,947 | INFO  | SCMAudit | user=jenkins1000 | ip=192.168.69.118 | op=SEND_HEARTBEAT {datanodeUUID=3db231e5-aa41-417a-9eb1-ebae727224a1, command=[]} | ret=SUCCESS |  
2019-08-30 05:53:24,947 [EventQueue-ContainerReportForContainerReportHandler] WARN  container.ContainerReportHandler (AbstractContainerReportHandler.java:updateContainerState(143)) - Container #1 is in OPEN state, but the datanode 3db231e5-aa41-417a-9eb1-ebae727224a1{ip: 192.168.69.118, host: trunk-nightly-20190830-rr75b-3244975676, networkLocation: /default-rack, certSerialId: null} reports an CLOSED replica.
2019-08-30 05:53:24,969 | INFO  | SCMAudit | user=jenkins1000 | ip=192.168.69.118 | op=SEND_HEARTBEAT {datanodeUUID=0c3d5d33-5004-4ad0-a181-1b32c8916f48, command=[]} | ret=SUCCESS |  
2019-08-30 05:53:25,047 | INFO  | SCMAudit | user=jenkins1000 | ip=192.168.69.118 | op=SEND_HEARTBEAT {datanodeUUID=3db231e5-aa41-417a-9eb1-ebae727224a1, command=[]} | ret=SUCCESS |  
2019-08-30 05:53:25,050 [BlockDeletingService#2] WARN  background.BlockDeletingService (BlockDeletingService.java:isDeletionAllowed(186)) - Close Container log Index 6 is not replicated across allthe servers in the pipeline 1239619d-f8f3-45fb-8433-f96d3aac4001 as the min replicated index is 4. Deletion is not allowed in this container yet.
2019-08-30 05:53:25,051 [BlockDeletingService#6] WARN  background.BlockDeletingService (BlockDeletingService.java:isDeletionAllowed(186)) - Close Container log Index 6 is not replicated across allthe servers in the pipeline 1239619d-f8f3-45fb-8433-f96d3aac4001 as the min replicated index is 4. Deletion is not allowed in this container yet.
2019-08-30 05:53:25,069 | INFO  | SCMAudit | user=jenkins1000 | ip=192.168.69.118 | op=SEND_HEARTBEAT {datanodeUUID=0c3d5d33-5004-4ad0-a181-1b32c8916f48, command=[]} | ret=SUCCESS |  
2019-08-30 05:53:25,069 [EventQueue-ContainerReportForContainerReportHandler] WARN  container.ContainerReportHandler (AbstractContainerReportHandler.java:updateContainerState(143)) - Container #1 is in OPEN state, but the datanode 0c3d5d33-5004-4ad0-a181-1b32c8916f48{ip: 192.168.69.118, host: trunk-nightly-20190830-rr75b-3244975676, networkLocation: /default-rack, certSerialId: null} reports an CLOSED replica.
2019-08-30 05:53:25,147 | INFO  | SCMAudit | user=jenkins1000 | ip=192.168.69.118 | op=SEND_HEARTBEAT {datanodeUUID=3db231e5-aa41-417a-9eb1-ebae727224a1, command=[]} | ret=SUCCESS |  
2019-08-30 05:53:25,169 | INFO  | SCMAudit | user=jenkins1000 | ip=192.168.69.118 | op=SEND_HEARTBEAT {datanodeUUID=0c3d5d33-5004-4ad0-a181-1b32c8916f48, command=[]} | ret=SUCCESS |  
2019-08-30 05:53:25,247 | INFO  | SCMAudit | user=jenkins1000 | ip=192.168.69.118 | op=SEND_HEARTBEAT {datanodeUUID=3db231e5-aa41-417a-9eb1-ebae727224a1, command=[]} | ret=SUCCESS |  
2019-08-30 05:53:25,247 [EventQueue-ContainerReportForContainerReportHandler] WARN  container.ContainerReportHandler (AbstractContainerReportHandler.java:updateContainerState(143)) - Container #1 is in OPEN state, but the datanode 3db231e5-aa41-417a-9eb1-ebae727224a1{ip: 192.168.69.118, host: trunk-nightly-20190830-rr75b-3244975676, networkLocation: /default-rack, certSerialId: null} reports an CLOSED replica.
2019-08-30 05:53:25,269 | INFO  | SCMAudit | user=jenkins1000 | ip=192.168.69.118 | op=SEND_HEARTBEAT {datanodeUUID=0c3d5d33-5004-4ad0-a181-1b32c8916f48, command=[]} | ret=SUCCESS |  
2019-08-30 05:53:25,347 | INFO  | SCMAudit | user=jenkins1000 | ip=192.168.69.118 | op=SEND_HEARTBEAT {datanodeUUID=3db231e5-aa41-417a-9eb1-ebae727224a1, command=[]} | ret=SUCCESS |  
2019-08-30 05:53:25,370 | INFO  | SCMAudit | user=jenkins1000 | ip=192.168.69.118 | op=SEND_HEARTBEAT {datanodeUUID=0c3d5d33-5004-4ad0-a181-1b32c8916f48, command=[]} | ret=SUCCESS |  
2019-08-30 05:53:25,370 [EventQueue-ContainerReportForContainerReportHandler] WARN  container.ContainerReportHandler (AbstractContainerReportHandler.java:updateContainerState(143)) - Container #1 is in OPEN state, but the datanode 0c3d5d33-5004-4ad0-a181-1b32c8916f48{ip: 192.168.69.118, host: trunk-nightly-20190830-rr75b-3244975676, networkLocation: /default-rack, certSerialId: null} reports an CLOSED replica.
2019-08-30 05:53:25,448 | INFO  | SCMAudit | user=jenkins1000 | ip=192.168.69.118 | op=SEND_HEARTBEAT {datanodeUUID=3db231e5-aa41-417a-9eb1-ebae727224a1, command=[]} | ret=SUCCESS |  
2019-08-30 05:53:25,470 | INFO  | SCMAudit | user=jenkins1000 | ip=192.168.69.118 | op=SEND_HEARTBEAT {datanodeUUID=0c3d5d33-5004-4ad0-a181-1b32c8916f48, command=[]} | ret=SUCCESS |  
2019-08-30 05:53:25,547 | INFO  | SCMAudit | user=jenkins1000 | ip=192.168.69.118 | op=SEND_HEARTBEAT {datanodeUUID=3db231e5-aa41-417a-9eb1-ebae727224a1, command=[]} | ret=SUCCESS |  
2019-08-30 05:53:25,548 [EventQueue-ContainerReportForContainerReportHandler] WARN  container.ContainerReportHandler (AbstractContainerReportHandler.java:updateContainerState(143)) - Container #1 is in OPEN state, but the datanode 3db231e5-aa41-417a-9eb1-ebae727224a1{ip: 192.168.69.118, host: trunk-nightly-20190830-rr75b-3244975676, networkLocation: /default-rack, certSerialId: null} reports an CLOSED replica.
2019-08-30 05:53:25,570 | INFO  | SCMAudit | user=jenkins1000 | ip=192.168.69.118 | op=SEND_HEARTBEAT {datanodeUUID=0c3d5d33-5004-4ad0-a181-1b32c8916f48, command=[]} | ret=SUCCESS |  
2019-08-30 05:53:25,647 | INFO  | SCMAudit | user=jenkins1000 | ip=192.168.69.118 | op=SEND_HEARTBEAT {datanodeUUID=3db231e5-aa41-417a-9eb1-ebae727224a1, command=[]} | ret=SUCCESS |  
2019-08-30 05:53:25,670 | INFO  | SCMAudit | user=jenkins1000 | ip=192.168.69.118 | op=SEND_HEARTBEAT {datanodeUUID=0c3d5d33-5004-4ad0-a181-1b32c8916f48, command=[]} | ret=SUCCESS |  
2019-08-30 05:53:25,670 [EventQueue-ContainerReportForContainerReportHandler] WARN  container.ContainerReportHandler (AbstractContainerReportHandler.java:updateContainerState(143)) - Container #1 is in OPEN state, but the datanode 0c3d5d33-5004-4ad0-a181-1b32c8916f48{ip: 192.168.69.118, host: trunk-nightly-20190830-rr75b-3244975676, networkLocation: /default-rack, certSerialId: null} reports an CLOSED replica.
2019-08-30 05:53:25,747 | INFO  | SCMAudit | user=jenkins1000 | ip=192.168.69.118 | op=SEND_HEARTBEAT {datanodeUUID=3db231e5-aa41-417a-9eb1-ebae727224a1, command=[]} | ret=SUCCESS |  
2019-08-30 05:53:25,770 | INFO  | SCMAudit | user=jenkins1000 | ip=192.168.69.118 | op=SEND_HEARTBEAT {datanodeUUID=0c3d5d33-5004-4ad0-a181-1b32c8916f48, command=[]} | ret=SUCCESS |  
2019-08-30 05:53:25,848 | INFO  | SCMAudit | user=jenkins1000 | ip=192.168.69.118 | op=SEND_HEARTBEAT {datanodeUUID=3db231e5-aa41-417a-9eb1-ebae727224a1, command=[]} | ret=SUCCESS |  
2019-08-30 05:53:25,848 [EventQueue-ContainerReportForContainerReportHandler] WARN  container.ContainerReportHandler (AbstractContainerReportHandler.java:updateContainerState(143)) - Container #1 is in OPEN state, but the datanode 3db231e5-aa41-417a-9eb1-ebae727224a1{ip: 192.168.69.118, host: trunk-nightly-20190830-rr75b-3244975676, networkLocation: /default-rack, certSerialId: null} reports an CLOSED replica.
2019-08-30 05:53:25,870 | INFO  | SCMAudit | user=jenkins1000 | ip=192.168.69.118 | op=SEND_HEARTBEAT {datanodeUUID=0c3d5d33-5004-4ad0-a181-1b32c8916f48, command=[]} | ret=SUCCESS |  
2019-08-30 05:53:25,870 [EventQueue-ContainerReportForContainerReportHandler] WARN  container.ContainerReportHandler (AbstractContainerReportHandler.java:updateContainerState(143)) - Container #1 is in OPEN state, but the datanode 0c3d5d33-5004-4ad0-a181-1b32c8916f48{ip: 192.168.69.118, host: trunk-nightly-20190830-rr75b-3244975676, networkLocation: /default-rack, certSerialId: null} reports an CLOSED replica.
2019-08-30 05:53:25,947 | INFO  | SCMAudit | user=jenkins1000 | ip=192.168.69.118 | op=SEND_HEARTBEAT {datanodeUUID=3db231e5-aa41-417a-9eb1-ebae727224a1, command=[]} | ret=SUCCESS |  
2019-08-30 05:53:25,971 | INFO  | SCMAudit | user=jenkins1000 | ip=192.168.69.118 | op=SEND_HEARTBEAT {datanodeUUID=0c3d5d33-5004-4ad0-a181-1b32c8916f48, command=[]} | ret=SUCCESS |  
2019-08-30 05:53:26,027 [grpc-default-executor-1] WARN  server.GrpcLogAppender (LogUtils.java:warn(134)) - 0c3d5d33-5004-4ad0-a181-1b32c8916f48->39b5c586-5c16-4d91-b521-ddac34f0fc4c: Failed appendEntries: org.apache.ratis.thirdparty.io.grpc.StatusRuntimeException: UNAVAILABLE: io exception
2019-08-30 05:53:26,029 [grpc-default-executor-1] INFO  impl.FollowerInfo (FollowerInfo.java:lambda$new$0(50)) - 0c3d5d33-5004-4ad0-a181-1b32c8916f48->39b5c586-5c16-4d91-b521-ddac34f0fc4c: nextIndex: updateUnconditionally 0 -> 0
2019-08-30 05:53:26,047 | INFO  | SCMAudit | user=jenkins1000 | ip=192.168.69.118 | op=SEND_HEARTBEAT {datanodeUUID=3db231e5-aa41-417a-9eb1-ebae727224a1, command=[]} | ret=SUCCESS |  
2019-08-30 05:53:26,052 [BlockDeletingService#2] WARN  background.BlockDeletingService (BlockDeletingService.java:isDeletionAllowed(186)) - Close Container log Index 6 is not replicated across allthe servers in the pipeline 1239619d-f8f3-45fb-8433-f96d3aac4001 as the min replicated index is 4. Deletion is not allowed in this container yet.
2019-08-30 05:53:26,052 [BlockDeletingService#6] WARN  background.BlockDeletingService (BlockDeletingService.java:isDeletionAllowed(186)) - Close Container log Index 6 is not replicated across allthe servers in the pipeline 1239619d-f8f3-45fb-8433-f96d3aac4001 as the min replicated index is 4. Deletion is not allowed in this container yet.
2019-08-30 05:53:26,070 | INFO  | SCMAudit | user=jenkins1000 | ip=192.168.69.118 | op=SEND_HEARTBEAT {datanodeUUID=0c3d5d33-5004-4ad0-a181-1b32c8916f48, command=[]} | ret=SUCCESS |  
2019-08-30 05:53:26,070 [EventQueue-ContainerReportForContainerReportHandler] WARN  container.ContainerReportHandler (AbstractContainerReportHandler.java:updateContainerState(143)) - Container #1 is in OPEN state, but the datanode 0c3d5d33-5004-4ad0-a181-1b32c8916f48{ip: 192.168.69.118, host: trunk-nightly-20190830-rr75b-3244975676, networkLocation: /default-rack, certSerialId: null} reports an CLOSED replica.
2019-08-30 05:53:26,148 | INFO  | SCMAudit | user=jenkins1000 | ip=192.168.69.118 | op=SEND_HEARTBEAT {datanodeUUID=3db231e5-aa41-417a-9eb1-ebae727224a1, command=[]} | ret=SUCCESS |  
2019-08-30 05:53:26,148 [EventQueue-ContainerReportForContainerReportHandler] WARN  container.ContainerReportHandler (AbstractContainerReportHandler.java:updateContainerState(143)) - Container #1 is in OPEN state, but the datanode 3db231e5-aa41-417a-9eb1-ebae727224a1{ip: 192.168.69.118, host: trunk-nightly-20190830-rr75b-3244975676, networkLocation: /default-rack, certSerialId: null} reports an CLOSED replica.
2019-08-30 05:53:26,170 | INFO  | SCMAudit | user=jenkins1000 | ip=192.168.69.118 | op=SEND_HEARTBEAT {datanodeUUID=0c3d5d33-5004-4ad0-a181-1b32c8916f48, command=[]} | ret=SUCCESS |  
2019-08-30 05:53:26,247 | INFO  | SCMAudit | user=jenkins1000 | ip=192.168.69.118 | op=SEND_HEARTBEAT {datanodeUUID=3db231e5-aa41-417a-9eb1-ebae727224a1, command=[]} | ret=SUCCESS |  
2019-08-30 05:53:26,270 | INFO  | SCMAudit | user=jenkins1000 | ip=192.168.69.118 | op=SEND_HEARTBEAT {datanodeUUID=0c3d5d33-5004-4ad0-a181-1b32c8916f48, command=[]} | ret=SUCCESS |  
2019-08-30 05:53:26,347 | INFO  | SCMAudit | user=jenkins1000 | ip=192.168.69.118 | op=SEND_HEARTBEAT {datanodeUUID=3db231e5-aa41-417a-9eb1-ebae727224a1, command=[]} | ret=SUCCESS |  
2019-08-30 05:53:26,370 | INFO  | SCMAudit | user=jenkins1000 | ip=192.168.69.118 | op=SEND_HEARTBEAT {datanodeUUID=0c3d5d33-5004-4ad0-a181-1b32c8916f48, command=[]} | ret=SUCCESS |  
2019-08-30 05:53:26,370 [EventQueue-ContainerReportForContainerReportHandler] WARN  container.ContainerReportHandler (AbstractContainerReportHandler.java:updateContainerState(143)) - Container #1 is in OPEN state, but the datanode 0c3d5d33-5004-4ad0-a181-1b32c8916f48{ip: 192.168.69.118, host: trunk-nightly-20190830-rr75b-3244975676, networkLocation: /default-rack, certSerialId: null} reports an CLOSED replica.
2019-08-30 05:53:26,447 | INFO  | SCMAudit | user=jenkins1000 | ip=192.168.69.118 | op=SEND_HEARTBEAT {datanodeUUID=3db231e5-aa41-417a-9eb1-ebae727224a1, command=[]} | ret=SUCCESS |  
2019-08-30 05:53:26,447 [EventQueue-ContainerReportForContainerReportHandler] WARN  container.ContainerReportHandler (AbstractContainerReportHandler.java:updateContainerState(143)) - Container #1 is in OPEN state, but the datanode 3db231e5-aa41-417a-9eb1-ebae727224a1{ip: 192.168.69.118, host: trunk-nightly-20190830-rr75b-3244975676, networkLocation: /default-rack, certSerialId: null} reports an CLOSED replica.
2019-08-30 05:53:26,470 | INFO  | SCMAudit | user=jenkins1000 | ip=192.168.69.118 | op=SEND_HEARTBEAT {datanodeUUID=0c3d5d33-5004-4ad0-a181-1b32c8916f48, command=[]} | ret=SUCCESS |  
2019-08-30 05:53:26,547 | INFO  | SCMAudit | user=jenkins1000 | ip=192.168.69.118 | op=SEND_HEARTBEAT {datanodeUUID=3db231e5-aa41-417a-9eb1-ebae727224a1, command=[]} | ret=SUCCESS |  
2019-08-30 05:53:26,571 | INFO  | SCMAudit | user=jenkins1000 | ip=192.168.69.118 | op=SEND_HEARTBEAT {datanodeUUID=0c3d5d33-5004-4ad0-a181-1b32c8916f48, command=[]} | ret=SUCCESS |  
2019-08-30 05:53:26,648 | INFO  | SCMAudit | user=jenkins1000 | ip=192.168.69.118 | op=SEND_HEARTBEAT {datanodeUUID=3db231e5-aa41-417a-9eb1-ebae727224a1, command=[]} | ret=SUCCESS |  
2019-08-30 05:53:26,672 | INFO  | SCMAudit | user=jenkins1000 | ip=192.168.69.118 | op=SEND_HEARTBEAT {datanodeUUID=0c3d5d33-5004-4ad0-a181-1b32c8916f48, command=[]} | ret=SUCCESS |  
2019-08-30 05:53:26,748 | INFO  | SCMAudit | user=jenkins1000 | ip=192.168.69.118 | op=SEND_HEARTBEAT {datanodeUUID=3db231e5-aa41-417a-9eb1-ebae727224a1, command=[]} | ret=SUCCESS |  
2019-08-30 05:53:26,748 [EventQueue-ContainerReportForContainerReportHandler] WARN  container.ContainerReportHandler (AbstractContainerReportHandler.java:updateContainerState(143)) - Container #1 is in OPEN state, but the datanode 3db231e5-aa41-417a-9eb1-ebae727224a1{ip: 192.168.69.118, host: trunk-nightly-20190830-rr75b-3244975676, networkLocation: /default-rack, certSerialId: null} reports an CLOSED replica.
2019-08-30 05:53:26,772 | INFO  | SCMAudit | user=jenkins1000 | ip=192.168.69.118 | op=SEND_HEARTBEAT {datanodeUUID=0c3d5d33-5004-4ad0-a181-1b32c8916f48, command=[]} | ret=SUCCESS |  
2019-08-30 05:53:26,772 [EventQueue-ContainerReportForContainerReportHandler] WARN  container.ContainerReportHandler (AbstractContainerReportHandler.java:updateContainerState(143)) - Container #1 is in OPEN state, but the datanode 0c3d5d33-5004-4ad0-a181-1b32c8916f48{ip: 192.168.69.118, host: trunk-nightly-20190830-rr75b-3244975676, networkLocation: /default-rack, certSerialId: null} reports an CLOSED replica.
2019-08-30 05:53:26,848 | INFO  | SCMAudit | user=jenkins1000 | ip=192.168.69.118 | op=SEND_HEARTBEAT {datanodeUUID=3db231e5-aa41-417a-9eb1-ebae727224a1, command=[]} | ret=SUCCESS |  
2019-08-30 05:53:26,872 | INFO  | SCMAudit | user=jenkins1000 | ip=192.168.69.118 | op=SEND_HEARTBEAT {datanodeUUID=0c3d5d33-5004-4ad0-a181-1b32c8916f48, command=[]} | ret=SUCCESS |  
2019-08-30 05:53:26,948 | INFO  | SCMAudit | user=jenkins1000 | ip=192.168.69.118 | op=SEND_HEARTBEAT {datanodeUUID=3db231e5-aa41-417a-9eb1-ebae727224a1, command=[]} | ret=SUCCESS |  
2019-08-30 05:53:26,972 | INFO  | SCMAudit | user=jenkins1000 | ip=192.168.69.118 | op=SEND_HEARTBEAT {datanodeUUID=0c3d5d33-5004-4ad0-a181-1b32c8916f48, command=[]} | ret=SUCCESS |  
2019-08-30 05:53:26,972 [EventQueue-ContainerReportForContainerReportHandler] WARN  container.ContainerReportHandler (AbstractContainerReportHandler.java:updateContainerState(143)) - Container #1 is in OPEN state, but the datanode 0c3d5d33-5004-4ad0-a181-1b32c8916f48{ip: 192.168.69.118, host: trunk-nightly-20190830-rr75b-3244975676, networkLocation: /default-rack, certSerialId: null} reports an CLOSED replica.
2019-08-30 05:53:27,048 | INFO  | SCMAudit | user=jenkins1000 | ip=192.168.69.118 | op=SEND_HEARTBEAT {datanodeUUID=3db231e5-aa41-417a-9eb1-ebae727224a1, command=[]} | ret=SUCCESS |  
2019-08-30 05:53:27,048 [EventQueue-ContainerReportForContainerReportHandler] WARN  container.ContainerReportHandler (AbstractContainerReportHandler.java:updateContainerState(143)) - Container #1 is in OPEN state, but the datanode 3db231e5-aa41-417a-9eb1-ebae727224a1{ip: 192.168.69.118, host: trunk-nightly-20190830-rr75b-3244975676, networkLocation: /default-rack, certSerialId: null} reports an CLOSED replica.
2019-08-30 05:53:27,053 [BlockDeletingService#2] WARN  background.BlockDeletingService (BlockDeletingService.java:isDeletionAllowed(186)) - Close Container log Index 6 is not replicated across allthe servers in the pipeline 1239619d-f8f3-45fb-8433-f96d3aac4001 as the min replicated index is 4. Deletion is not allowed in this container yet.
2019-08-30 05:53:27,054 [BlockDeletingService#6] WARN  background.BlockDeletingService (BlockDeletingService.java:isDeletionAllowed(186)) - Close Container log Index 6 is not replicated across allthe servers in the pipeline 1239619d-f8f3-45fb-8433-f96d3aac4001 as the min replicated index is 4. Deletion is not allowed in this container yet.
2019-08-30 05:53:27,072 | INFO  | SCMAudit | user=jenkins1000 | ip=192.168.69.118 | op=SEND_HEARTBEAT {datanodeUUID=0c3d5d33-5004-4ad0-a181-1b32c8916f48, command=[]} | ret=SUCCESS |  
2019-08-30 05:53:27,148 | INFO  | SCMAudit | user=jenkins1000 | ip=192.168.69.118 | op=SEND_HEARTBEAT {datanodeUUID=3db231e5-aa41-417a-9eb1-ebae727224a1, command=[]} | ret=SUCCESS |  
2019-08-30 05:53:27,172 | INFO  | SCMAudit | user=jenkins1000 | ip=192.168.69.118 | op=SEND_HEARTBEAT {datanodeUUID=0c3d5d33-5004-4ad0-a181-1b32c8916f48, command=[]} | ret=SUCCESS |  
2019-08-30 05:53:27,248 | INFO  | SCMAudit | user=jenkins1000 | ip=192.168.69.118 | op=SEND_HEARTBEAT {datanodeUUID=3db231e5-aa41-417a-9eb1-ebae727224a1, command=[]} | ret=SUCCESS |  
2019-08-30 05:53:27,248 [EventQueue-ContainerReportForContainerReportHandler] WARN  container.ContainerReportHandler (AbstractContainerReportHandler.java:updateContainerState(143)) - Container #1 is in OPEN state, but the datanode 3db231e5-aa41-417a-9eb1-ebae727224a1{ip: 192.168.69.118, host: trunk-nightly-20190830-rr75b-3244975676, networkLocation: /default-rack, certSerialId: null} reports an CLOSED replica.
2019-08-30 05:53:27,273 | INFO  | SCMAudit | user=jenkins1000 | ip=192.168.69.118 | op=SEND_HEARTBEAT {datanodeUUID=0c3d5d33-5004-4ad0-a181-1b32c8916f48, command=[]} | ret=SUCCESS |  
2019-08-30 05:53:27,273 [EventQueue-ContainerReportForContainerReportHandler] WARN  container.ContainerReportHandler (AbstractContainerReportHandler.java:updateContainerState(143)) - Container #1 is in OPEN state, but the datanode 0c3d5d33-5004-4ad0-a181-1b32c8916f48{ip: 192.168.69.118, host: trunk-nightly-20190830-rr75b-3244975676, networkLocation: /default-rack, certSerialId: null} reports an CLOSED replica.
2019-08-30 05:53:27,348 | INFO  | SCMAudit | user=jenkins1000 | ip=192.168.69.118 | op=SEND_HEARTBEAT {datanodeUUID=3db231e5-aa41-417a-9eb1-ebae727224a1, command=[]} | ret=SUCCESS |  
2019-08-30 05:53:27,372 | INFO  | SCMAudit | user=jenkins1000 | ip=192.168.69.118 | op=SEND_HEARTBEAT {datanodeUUID=0c3d5d33-5004-4ad0-a181-1b32c8916f48, command=[]} | ret=SUCCESS |  
2019-08-30 05:53:27,448 | INFO  | SCMAudit | user=jenkins1000 | ip=192.168.69.118 | op=SEND_HEARTBEAT {datanodeUUID=3db231e5-aa41-417a-9eb1-ebae727224a1, command=[]} | ret=SUCCESS |  
2019-08-30 05:53:27,472 | INFO  | SCMAudit | user=jenkins1000 | ip=192.168.69.118 | op=SEND_HEARTBEAT {datanodeUUID=0c3d5d33-5004-4ad0-a181-1b32c8916f48, command=[]} | ret=SUCCESS |  
2019-08-30 05:53:27,549 | INFO  | SCMAudit | user=jenkins1000 | ip=192.168.69.118 | op=SEND_HEARTBEAT {datanodeUUID=3db231e5-aa41-417a-9eb1-ebae727224a1, command=[]} | ret=SUCCESS |  
2019-08-30 05:53:27,549 [EventQueue-ContainerReportForContainerReportHandler] WARN  container.ContainerReportHandler (AbstractContainerReportHandler.java:updateContainerState(143)) - Container #1 is in OPEN state, but the datanode 3db231e5-aa41-417a-9eb1-ebae727224a1{ip: 192.168.69.118, host: trunk-nightly-20190830-rr75b-3244975676, networkLocation: /default-rack, certSerialId: null} reports an CLOSED replica.
2019-08-30 05:53:27,573 | INFO  | SCMAudit | user=jenkins1000 | ip=192.168.69.118 | op=SEND_HEARTBEAT {datanodeUUID=0c3d5d33-5004-4ad0-a181-1b32c8916f48, command=[]} | ret=SUCCESS |  
2019-08-30 05:53:27,573 [EventQueue-ContainerReportForContainerReportHandler] WARN  container.ContainerReportHandler (AbstractContainerReportHandler.java:updateContainerState(143)) - Container #1 is in OPEN state, but the datanode 0c3d5d33-5004-4ad0-a181-1b32c8916f48{ip: 192.168.69.118, host: trunk-nightly-20190830-rr75b-3244975676, networkLocation: /default-rack, certSerialId: null} reports an CLOSED replica.
2019-08-30 05:53:27,650 | INFO  | SCMAudit | user=jenkins1000 | ip=192.168.69.118 | op=SEND_HEARTBEAT {datanodeUUID=3db231e5-aa41-417a-9eb1-ebae727224a1, command=[]} | ret=SUCCESS |  
2019-08-30 05:53:27,672 | INFO  | SCMAudit | user=jenkins1000 | ip=192.168.69.118 | op=SEND_HEARTBEAT {datanodeUUID=0c3d5d33-5004-4ad0-a181-1b32c8916f48, command=[]} | ret=SUCCESS |  
2019-08-30 05:53:27,749 | INFO  | SCMAudit | user=jenkins1000 | ip=192.168.69.118 | op=SEND_HEARTBEAT {datanodeUUID=3db231e5-aa41-417a-9eb1-ebae727224a1, command=[]} | ret=SUCCESS |  
2019-08-30 05:53:27,749 [EventQueue-ContainerReportForContainerReportHandler] WARN  container.ContainerReportHandler (AbstractContainerReportHandler.java:updateContainerState(143)) - Container #1 is in OPEN state, but the datanode 3db231e5-aa41-417a-9eb1-ebae727224a1{ip: 192.168.69.118, host: trunk-nightly-20190830-rr75b-3244975676, networkLocation: /default-rack, certSerialId: null} reports an CLOSED replica.
2019-08-30 05:53:27,772 | INFO  | SCMAudit | user=jenkins1000 | ip=192.168.69.118 | op=SEND_HEARTBEAT {datanodeUUID=0c3d5d33-5004-4ad0-a181-1b32c8916f48, command=[]} | ret=SUCCESS |  
2019-08-30 05:53:27,849 | INFO  | SCMAudit | user=jenkins1000 | ip=192.168.69.118 | op=SEND_HEARTBEAT {datanodeUUID=3db231e5-aa41-417a-9eb1-ebae727224a1, command=[]} | ret=SUCCESS |  
2019-08-30 05:53:27,872 | INFO  | SCMAudit | user=jenkins1000 | ip=192.168.69.118 | op=SEND_HEARTBEAT {datanodeUUID=0c3d5d33-5004-4ad0-a181-1b32c8916f48, command=[]} | ret=SUCCESS |  
2019-08-30 05:53:27,872 [EventQueue-ContainerReportForContainerReportHandler] WARN  container.ContainerReportHandler (AbstractContainerReportHandler.java:updateContainerState(143)) - Container #1 is in OPEN state, but the datanode 0c3d5d33-5004-4ad0-a181-1b32c8916f48{ip: 192.168.69.118, host: trunk-nightly-20190830-rr75b-3244975676, networkLocation: /default-rack, certSerialId: null} reports an CLOSED replica.
2019-08-30 05:53:27,950 | INFO  | SCMAudit | user=jenkins1000 | ip=192.168.69.118 | op=SEND_HEARTBEAT {datanodeUUID=3db231e5-aa41-417a-9eb1-ebae727224a1, command=[]} | ret=SUCCESS |  
2019-08-30 05:53:27,950 [EventQueue-ContainerReportForContainerReportHandler] WARN  container.ContainerReportHandler (AbstractContainerReportHandler.java:updateContainerState(143)) - Container #1 is in OPEN state, but the datanode 3db231e5-aa41-417a-9eb1-ebae727224a1{ip: 192.168.69.118, host: trunk-nightly-20190830-rr75b-3244975676, networkLocation: /default-rack, certSerialId: null} reports an CLOSED replica.
2019-08-30 05:53:27,972 | INFO  | SCMAudit | user=jenkins1000 | ip=192.168.69.118 | op=SEND_HEARTBEAT {datanodeUUID=0c3d5d33-5004-4ad0-a181-1b32c8916f48, command=[]} | ret=SUCCESS |  
2019-08-30 05:53:28,050 | INFO  | SCMAudit | user=jenkins1000 | ip=192.168.69.118 | op=SEND_HEARTBEAT {datanodeUUID=3db231e5-aa41-417a-9eb1-ebae727224a1, command=[]} | ret=SUCCESS |  
2019-08-30 05:53:28,055 [BlockDeletingService#2] WARN  background.BlockDeletingService (BlockDeletingService.java:isDeletionAllowed(186)) - Close Container log Index 6 is not replicated across allthe servers in the pipeline 1239619d-f8f3-45fb-8433-f96d3aac4001 as the min replicated index is 4. Deletion is not allowed in this container yet.
2019-08-30 05:53:28,056 [BlockDeletingService#6] WARN  background.BlockDeletingService (BlockDeletingService.java:isDeletionAllowed(186)) - Close Container log Index 6 is not replicated across allthe servers in the pipeline 1239619d-f8f3-45fb-8433-f96d3aac4001 as the min replicated index is 4. Deletion is not allowed in this container yet.
2019-08-30 05:53:28,072 | INFO  | SCMAudit | user=jenkins1000 | ip=192.168.69.118 | op=SEND_HEARTBEAT {datanodeUUID=0c3d5d33-5004-4ad0-a181-1b32c8916f48, command=[]} | ret=SUCCESS |  
2019-08-30 05:53:28,072 [EventQueue-ContainerReportForContainerReportHandler] WARN  container.ContainerReportHandler (AbstractContainerReportHandler.java:updateContainerState(143)) - Container #1 is in OPEN state, but the datanode 0c3d5d33-5004-4ad0-a181-1b32c8916f48{ip: 192.168.69.118, host: trunk-nightly-20190830-rr75b-3244975676, networkLocation: /default-rack, certSerialId: null} reports an CLOSED replica.
2019-08-30 05:53:28,150 | INFO  | SCMAudit | user=jenkins1000 | ip=192.168.69.118 | op=SEND_HEARTBEAT {datanodeUUID=3db231e5-aa41-417a-9eb1-ebae727224a1, command=[]} | ret=SUCCESS |  
2019-08-30 05:53:28,150 [EventQueue-ContainerReportForContainerReportHandler] WARN  container.ContainerReportHandler (AbstractContainerReportHandler.java:updateContainerState(143)) - Container #1 is in OPEN state, but the datanode 3db231e5-aa41-417a-9eb1-ebae727224a1{ip: 192.168.69.118, host: trunk-nightly-20190830-rr75b-3244975676, networkLocation: /default-rack, certSerialId: null} reports an CLOSED replica.
2019-08-30 05:53:28,172 | INFO  | SCMAudit | user=jenkins1000 | ip=192.168.69.118 | op=SEND_HEARTBEAT {datanodeUUID=0c3d5d33-5004-4ad0-a181-1b32c8916f48, command=[]} | ret=SUCCESS |  
2019-08-30 05:53:28,250 | INFO  | SCMAudit | user=jenkins1000 | ip=192.168.69.118 | op=SEND_HEARTBEAT {datanodeUUID=3db231e5-aa41-417a-9eb1-ebae727224a1, command=[]} | ret=SUCCESS |  
2019-08-30 05:53:28,272 | INFO  | SCMAudit | user=jenkins1000 | ip=192.168.69.118 | op=SEND_HEARTBEAT {datanodeUUID=0c3d5d33-5004-4ad0-a181-1b32c8916f48, command=[]} | ret=SUCCESS |  
2019-08-30 05:53:28,350 | INFO  | SCMAudit | user=jenkins1000 | ip=192.168.69.118 | op=SEND_HEARTBEAT {datanodeUUID=3db231e5-aa41-417a-9eb1-ebae727224a1, command=[]} | ret=SUCCESS |  
2019-08-30 05:53:28,350 [EventQueue-ContainerReportForContainerReportHandler] WARN  container.ContainerReportHandler (AbstractContainerReportHandler.java:updateContainerState(143)) - Container #1 is in OPEN state, but the datanode 3db231e5-aa41-417a-9eb1-ebae727224a1{ip: 192.168.69.118, host: trunk-nightly-20190830-rr75b-3244975676, networkLocation: /default-rack, certSerialId: null} reports an CLOSED replica.
2019-08-30 05:53:28,372 | INFO  | SCMAudit | user=jenkins1000 | ip=192.168.69.118 | op=SEND_HEARTBEAT {datanodeUUID=0c3d5d33-5004-4ad0-a181-1b32c8916f48, command=[]} | ret=SUCCESS |  
2019-08-30 05:53:28,372 [EventQueue-ContainerReportForContainerReportHandler] WARN  container.ContainerReportHandler (AbstractContainerReportHandler.java:updateContainerState(143)) - Container #1 is in OPEN state, but the datanode 0c3d5d33-5004-4ad0-a181-1b32c8916f48{ip: 192.168.69.118, host: trunk-nightly-20190830-rr75b-3244975676, networkLocation: /default-rack, certSerialId: null} reports an CLOSED replica.
2019-08-30 05:53:28,450 | INFO  | SCMAudit | user=jenkins1000 | ip=192.168.69.118 | op=SEND_HEARTBEAT {datanodeUUID=3db231e5-aa41-417a-9eb1-ebae727224a1, command=[]} | ret=SUCCESS |  
2019-08-30 05:53:28,473 | INFO  | SCMAudit | user=jenkins1000 | ip=192.168.69.118 | op=SEND_HEARTBEAT {datanodeUUID=0c3d5d33-5004-4ad0-a181-1b32c8916f48, command=[]} | ret=SUCCESS |  
2019-08-30 05:53:28,528 [grpc-default-executor-4] WARN  server.GrpcLogAppender (LogUtils.java:warn(134)) - 0c3d5d33-5004-4ad0-a181-1b32c8916f48->39b5c586-5c16-4d91-b521-ddac34f0fc4c: Failed appendEntries: org.apache.ratis.thirdparty.io.grpc.StatusRuntimeException: UNAVAILABLE: io exception
2019-08-30 05:53:28,531 [grpc-default-executor-4] INFO  impl.FollowerInfo (FollowerInfo.java:lambda$new$0(50)) - 0c3d5d33-5004-4ad0-a181-1b32c8916f48->39b5c586-5c16-4d91-b521-ddac34f0fc4c: nextIndex: updateUnconditionally 0 -> 0
2019-08-30 05:53:28,550 | INFO  | SCMAudit | user=jenkins1000 | ip=192.168.69.118 | op=SEND_HEARTBEAT {datanodeUUID=3db231e5-aa41-417a-9eb1-ebae727224a1, command=[]} | ret=SUCCESS |  
2019-08-30 05:53:28,573 | INFO  | SCMAudit | user=jenkins1000 | ip=192.168.69.118 | op=SEND_HEARTBEAT {datanodeUUID=0c3d5d33-5004-4ad0-a181-1b32c8916f48, command=[]} | ret=SUCCESS |  
2019-08-30 05:53:28,573 [EventQueue-ContainerReportForContainerReportHandler] WARN  container.ContainerReportHandler (AbstractContainerReportHandler.java:updateContainerState(143)) - Container #1 is in OPEN state, but the datanode 0c3d5d33-5004-4ad0-a181-1b32c8916f48{ip: 192.168.69.118, host: trunk-nightly-20190830-rr75b-3244975676, networkLocation: /default-rack, certSerialId: null} reports an CLOSED replica.
2019-08-30 05:53:28,651 | INFO  | SCMAudit | user=jenkins1000 | ip=192.168.69.118 | op=SEND_HEARTBEAT {datanodeUUID=3db231e5-aa41-417a-9eb1-ebae727224a1, command=[]} | ret=SUCCESS |  
2019-08-30 05:53:28,651 [EventQueue-ContainerReportForContainerReportHandler] WARN  container.ContainerReportHandler (AbstractContainerReportHandler.java:updateContainerState(143)) - Container #1 is in OPEN state, but the datanode 3db231e5-aa41-417a-9eb1-ebae727224a1{ip: 192.168.69.118, host: trunk-nightly-20190830-rr75b-3244975676, networkLocation: /default-rack, certSerialId: null} reports an CLOSED replica.
2019-08-30 05:53:28,673 | INFO  | SCMAudit | user=jenkins1000 | ip=192.168.69.118 | op=SEND_HEARTBEAT {datanodeUUID=0c3d5d33-5004-4ad0-a181-1b32c8916f48, command=[]} | ret=SUCCESS |  
2019-08-30 05:53:28,750 | INFO  | SCMAudit | user=jenkins1000 | ip=192.168.69.118 | op=SEND_HEARTBEAT {datanodeUUID=3db231e5-aa41-417a-9eb1-ebae727224a1, command=[]} | ret=SUCCESS |  
2019-08-30 05:53:28,773 | INFO  | SCMAudit | user=jenkins1000 | ip=192.168.69.118 | op=SEND_HEARTBEAT {datanodeUUID=0c3d5d33-5004-4ad0-a181-1b32c8916f48, command=[]} | ret=SUCCESS |  
2019-08-30 05:53:28,850 | INFO  | SCMAudit | user=jenkins1000 | ip=192.168.69.118 | op=SEND_HEARTBEAT {datanodeUUID=3db231e5-aa41-417a-9eb1-ebae727224a1, command=[]} | ret=SUCCESS |  
2019-08-30 05:53:28,873 | INFO  | SCMAudit | user=jenkins1000 | ip=192.168.69.118 | op=SEND_HEARTBEAT {datanodeUUID=0c3d5d33-5004-4ad0-a181-1b32c8916f48, command=[]} | ret=SUCCESS |  
2019-08-30 05:53:28,950 | INFO  | SCMAudit | user=jenkins1000 | ip=192.168.69.118 | op=SEND_HEARTBEAT {datanodeUUID=3db231e5-aa41-417a-9eb1-ebae727224a1, command=[]} | ret=SUCCESS |  
2019-08-30 05:53:28,950 [EventQueue-ContainerReportForContainerReportHandler] WARN  container.ContainerReportHandler (AbstractContainerReportHandler.java:updateContainerState(143)) - Container #1 is in OPEN state, but the datanode 3db231e5-aa41-417a-9eb1-ebae727224a1{ip: 192.168.69.118, host: trunk-nightly-20190830-rr75b-3244975676, networkLocation: /default-rack, certSerialId: null} reports an CLOSED replica.
2019-08-30 05:53:28,974 | INFO  | SCMAudit | user=jenkins1000 | ip=192.168.69.118 | op=SEND_HEARTBEAT {datanodeUUID=0c3d5d33-5004-4ad0-a181-1b32c8916f48, command=[]} | ret=SUCCESS |  
2019-08-30 05:53:28,974 [EventQueue-ContainerReportForContainerReportHandler] WARN  container.ContainerReportHandler (AbstractContainerReportHandler.java:updateContainerState(143)) - Container #1 is in OPEN state, but the datanode 0c3d5d33-5004-4ad0-a181-1b32c8916f48{ip: 192.168.69.118, host: trunk-nightly-20190830-rr75b-3244975676, networkLocation: /default-rack, certSerialId: null} reports an CLOSED replica.
2019-08-30 05:53:29,050 | INFO  | SCMAudit | user=jenkins1000 | ip=192.168.69.118 | op=SEND_HEARTBEAT {datanodeUUID=3db231e5-aa41-417a-9eb1-ebae727224a1, command=[]} | ret=SUCCESS |  
2019-08-30 05:53:29,057 [BlockDeletingService#2] WARN  background.BlockDeletingService (BlockDeletingService.java:isDeletionAllowed(186)) - Close Container log Index 6 is not replicated across allthe servers in the pipeline 1239619d-f8f3-45fb-8433-f96d3aac4001 as the min replicated index is 4. Deletion is not allowed in this container yet.
2019-08-30 05:53:29,057 [BlockDeletingService#6] WARN  background.BlockDeletingService (BlockDeletingService.java:isDeletionAllowed(186)) - Close Container log Index 6 is not replicated across allthe servers in the pipeline 1239619d-f8f3-45fb-8433-f96d3aac4001 as the min replicated index is 4. Deletion is not allowed in this container yet.
2019-08-30 05:53:29,074 | INFO  | SCMAudit | user=jenkins1000 | ip=192.168.69.118 | op=SEND_HEARTBEAT {datanodeUUID=0c3d5d33-5004-4ad0-a181-1b32c8916f48, command=[]} | ret=SUCCESS |  
2019-08-30 05:53:29,150 | INFO  | SCMAudit | user=jenkins1000 | ip=192.168.69.118 | op=SEND_HEARTBEAT {datanodeUUID=3db231e5-aa41-417a-9eb1-ebae727224a1, command=[]} | ret=SUCCESS |  
2019-08-30 05:53:29,150 [EventQueue-ContainerReportForContainerReportHandler] WARN  container.ContainerReportHandler (AbstractContainerReportHandler.java:updateContainerState(143)) - Container #1 is in OPEN state, but the datanode 3db231e5-aa41-417a-9eb1-ebae727224a1{ip: 192.168.69.118, host: trunk-nightly-20190830-rr75b-3244975676, networkLocation: /default-rack, certSerialId: null} reports an CLOSED replica.
2019-08-30 05:53:29,174 | INFO  | SCMAudit | user=jenkins1000 | ip=192.168.69.118 | op=SEND_HEARTBEAT {datanodeUUID=0c3d5d33-5004-4ad0-a181-1b32c8916f48, command=[]} | ret=SUCCESS |  
2019-08-30 05:53:29,250 | INFO  | SCMAudit | user=jenkins1000 | ip=192.168.69.118 | op=SEND_HEARTBEAT {datanodeUUID=3db231e5-aa41-417a-9eb1-ebae727224a1, command=[]} | ret=SUCCESS |  
2019-08-30 05:53:29,274 | INFO  | SCMAudit | user=jenkins1000 | ip=192.168.69.118 | op=SEND_HEARTBEAT {datanodeUUID=0c3d5d33-5004-4ad0-a181-1b32c8916f48, command=[]} | ret=SUCCESS |  
2019-08-30 05:53:29,274 [EventQueue-ContainerReportForContainerReportHandler] WARN  container.ContainerReportHandler (AbstractContainerReportHandler.java:updateContainerState(143)) - Container #1 is in OPEN state, but the datanode 0c3d5d33-5004-4ad0-a181-1b32c8916f48{ip: 192.168.69.118, host: trunk-nightly-20190830-rr75b-3244975676, networkLocation: /default-rack, certSerialId: null} reports an CLOSED replica.
2019-08-30 05:53:29,350 | INFO  | SCMAudit | user=jenkins1000 | ip=192.168.69.118 | op=SEND_HEARTBEAT {datanodeUUID=3db231e5-aa41-417a-9eb1-ebae727224a1, command=[]} | ret=SUCCESS |  
2019-08-30 05:53:29,374 | INFO  | SCMAudit | user=jenkins1000 | ip=192.168.69.118 | op=SEND_HEARTBEAT {datanodeUUID=0c3d5d33-5004-4ad0-a181-1b32c8916f48, command=[]} | ret=SUCCESS |  
2019-08-30 05:53:29,451 | INFO  | SCMAudit | user=jenkins1000 | ip=192.168.69.118 | op=SEND_HEARTBEAT {datanodeUUID=3db231e5-aa41-417a-9eb1-ebae727224a1, command=[]} | ret=SUCCESS |  
2019-08-30 05:53:29,451 [EventQueue-ContainerReportForContainerReportHandler] WARN  container.ContainerReportHandler (AbstractContainerReportHandler.java:updateContainerState(143)) - Container #1 is in OPEN state, but the datanode 3db231e5-aa41-417a-9eb1-ebae727224a1{ip: 192.168.69.118, host: trunk-nightly-20190830-rr75b-3244975676, networkLocation: /default-rack, certSerialId: null} reports an CLOSED replica.
2019-08-30 05:53:29,474 | INFO  | SCMAudit | user=jenkins1000 | ip=192.168.69.118 | op=SEND_HEARTBEAT {datanodeUUID=0c3d5d33-5004-4ad0-a181-1b32c8916f48, command=[]} | ret=SUCCESS |  
2019-08-30 05:53:29,550 | INFO  | SCMAudit | user=jenkins1000 | ip=192.168.69.118 | op=SEND_HEARTBEAT {datanodeUUID=3db231e5-aa41-417a-9eb1-ebae727224a1, command=[]} | ret=SUCCESS |  
2019-08-30 05:53:29,574 | INFO  | SCMAudit | user=jenkins1000 | ip=192.168.69.118 | op=SEND_HEARTBEAT {datanodeUUID=0c3d5d33-5004-4ad0-a181-1b32c8916f48, command=[]} | ret=SUCCESS |  
2019-08-30 05:53:29,574 [EventQueue-ContainerReportForContainerReportHandler] WARN  container.ContainerReportHandler (AbstractContainerReportHandler.java:updateContainerState(143)) - Container #1 is in OPEN state, but the datanode 0c3d5d33-5004-4ad0-a181-1b32c8916f48{ip: 192.168.69.118, host: trunk-nightly-20190830-rr75b-3244975676, networkLocation: /default-rack, certSerialId: null} reports an CLOSED replica.
2019-08-30 05:53:29,650 | INFO  | SCMAudit | user=jenkins1000 | ip=192.168.69.118 | op=SEND_HEARTBEAT {datanodeUUID=3db231e5-aa41-417a-9eb1-ebae727224a1, command=[]} | ret=SUCCESS |  
2019-08-30 05:53:29,674 | INFO  | SCMAudit | user=jenkins1000 | ip=192.168.69.118 | op=SEND_HEARTBEAT {datanodeUUID=0c3d5d33-5004-4ad0-a181-1b32c8916f48, command=[]} | ret=SUCCESS |  
2019-08-30 05:53:29,750 | INFO  | SCMAudit | user=jenkins1000 | ip=192.168.69.118 | op=SEND_HEARTBEAT {datanodeUUID=3db231e5-aa41-417a-9eb1-ebae727224a1, command=[]} | ret=SUCCESS |  
2019-08-30 05:53:29,750 [EventQueue-ContainerReportForContainerReportHandler] WARN  container.ContainerReportHandler (AbstractContainerReportHandler.java:updateContainerState(143)) - Container #1 is in OPEN state, but the datanode 3db231e5-aa41-417a-9eb1-ebae727224a1{ip: 192.168.69.118, host: trunk-nightly-20190830-rr75b-3244975676, networkLocation: /default-rack, certSerialId: null} reports an CLOSED replica.
2019-08-30 05:53:29,775 | INFO  | SCMAudit | user=jenkins1000 | ip=192.168.69.118 | op=SEND_HEARTBEAT {datanodeUUID=0c3d5d33-5004-4ad0-a181-1b32c8916f48, command=[]} | ret=SUCCESS |  
2019-08-30 05:53:29,851 | INFO  | SCMAudit | user=jenkins1000 | ip=192.168.69.118 | op=SEND_HEARTBEAT {datanodeUUID=3db231e5-aa41-417a-9eb1-ebae727224a1, command=[]} | ret=SUCCESS |  
2019-08-30 05:53:29,874 | INFO  | SCMAudit | user=jenkins1000 | ip=192.168.69.118 | op=SEND_HEARTBEAT {datanodeUUID=0c3d5d33-5004-4ad0-a181-1b32c8916f48, command=[]} | ret=SUCCESS |  
2019-08-30 05:53:29,874 [EventQueue-ContainerReportForContainerReportHandler] WARN  container.ContainerReportHandler (AbstractContainerReportHandler.java:updateContainerState(143)) - Container #1 is in OPEN state, but the datanode 0c3d5d33-5004-4ad0-a181-1b32c8916f48{ip: 192.168.69.118, host: trunk-nightly-20190830-rr75b-3244975676, networkLocation: /default-rack, certSerialId: null} reports an CLOSED replica.
2019-08-30 05:53:29,950 | INFO  | SCMAudit | user=jenkins1000 | ip=192.168.69.118 | op=SEND_HEARTBEAT {datanodeUUID=3db231e5-aa41-417a-9eb1-ebae727224a1, command=[]} | ret=SUCCESS |  
2019-08-30 05:53:29,974 | INFO  | SCMAudit | user=jenkins1000 | ip=192.168.69.118 | op=SEND_HEARTBEAT {datanodeUUID=0c3d5d33-5004-4ad0-a181-1b32c8916f48, command=[]} | ret=SUCCESS |  
2019-08-30 05:53:30,050 | INFO  | SCMAudit | user=jenkins1000 | ip=192.168.69.118 | op=SEND_HEARTBEAT {datanodeUUID=3db231e5-aa41-417a-9eb1-ebae727224a1, command=[]} | ret=SUCCESS |  
2019-08-30 05:53:30,050 [EventQueue-ContainerReportForContainerReportHandler] WARN  container.ContainerReportHandler (AbstractContainerReportHandler.java:updateContainerState(143)) - Container #1 is in OPEN state, but the datanode 3db231e5-aa41-417a-9eb1-ebae727224a1{ip: 192.168.69.118, host: trunk-nightly-20190830-rr75b-3244975676, networkLocation: /default-rack, certSerialId: null} reports an CLOSED replica.
2019-08-30 05:53:30,058 [BlockDeletingService#2] WARN  background.BlockDeletingService (BlockDeletingService.java:isDeletionAllowed(186)) - Close Container log Index 6 is not replicated across allthe servers in the pipeline 1239619d-f8f3-45fb-8433-f96d3aac4001 as the min replicated index is 4. Deletion is not allowed in this container yet.
2019-08-30 05:53:30,059 [BlockDeletingService#6] WARN  background.BlockDeletingService (BlockDeletingService.java:isDeletionAllowed(186)) - Close Container log Index 6 is not replicated across allthe servers in the pipeline 1239619d-f8f3-45fb-8433-f96d3aac4001 as the min replicated index is 4. Deletion is not allowed in this container yet.
2019-08-30 05:53:30,074 | INFO  | SCMAudit | user=jenkins1000 | ip=192.168.69.118 | op=SEND_HEARTBEAT {datanodeUUID=0c3d5d33-5004-4ad0-a181-1b32c8916f48, command=[]} | ret=SUCCESS |  
2019-08-30 05:53:30,074 [EventQueue-ContainerReportForContainerReportHandler] WARN  container.ContainerReportHandler (AbstractContainerReportHandler.java:updateContainerState(143)) - Container #1 is in OPEN state, but the datanode 0c3d5d33-5004-4ad0-a181-1b32c8916f48{ip: 192.168.69.118, host: trunk-nightly-20190830-rr75b-3244975676, networkLocation: /default-rack, certSerialId: null} reports an CLOSED replica.
2019-08-30 05:53:30,150 | INFO  | SCMAudit | user=jenkins1000 | ip=192.168.69.118 | op=SEND_HEARTBEAT {datanodeUUID=3db231e5-aa41-417a-9eb1-ebae727224a1, command=[]} | ret=SUCCESS |  
2019-08-30 05:53:30,174 | INFO  | SCMAudit | user=jenkins1000 | ip=192.168.69.118 | op=SEND_HEARTBEAT {datanodeUUID=0c3d5d33-5004-4ad0-a181-1b32c8916f48, command=[]} | ret=SUCCESS |  
2019-08-30 05:53:30,250 | INFO  | SCMAudit | user=jenkins1000 | ip=192.168.69.118 | op=SEND_HEARTBEAT {datanodeUUID=3db231e5-aa41-417a-9eb1-ebae727224a1, command=[]} | ret=SUCCESS |  
2019-08-30 05:53:30,274 | INFO  | SCMAudit | user=jenkins1000 | ip=192.168.69.118 | op=SEND_HEARTBEAT {datanodeUUID=0c3d5d33-5004-4ad0-a181-1b32c8916f48, command=[]} | ret=SUCCESS |  
2019-08-30 05:53:30,351 | INFO  | SCMAudit | user=jenkins1000 | ip=192.168.69.118 | op=SEND_HEARTBEAT {datanodeUUID=3db231e5-aa41-417a-9eb1-ebae727224a1, command=[]} | ret=SUCCESS |  
2019-08-30 05:53:30,374 | INFO  | SCMAudit | user=jenkins1000 | ip=192.168.69.118 | op=SEND_HEARTBEAT {datanodeUUID=0c3d5d33-5004-4ad0-a181-1b32c8916f48, command=[]} | ret=SUCCESS |  
2019-08-30 05:53:30,374 [EventQueue-ContainerReportForContainerReportHandler] WARN  container.ContainerReportHandler (AbstractContainerReportHandler.java:updateContainerState(143)) - Container #1 is in OPEN state, but the datanode 0c3d5d33-5004-4ad0-a181-1b32c8916f48{ip: 192.168.69.118, host: trunk-nightly-20190830-rr75b-3244975676, networkLocation: /default-rack, certSerialId: null} reports an CLOSED replica.
2019-08-30 05:53:30,451 | INFO  | SCMAudit | user=jenkins1000 | ip=192.168.69.118 | op=SEND_HEARTBEAT {datanodeUUID=3db231e5-aa41-417a-9eb1-ebae727224a1, command=[]} | ret=SUCCESS |  
2019-08-30 05:53:30,451 [EventQueue-ContainerReportForContainerReportHandler] WARN  container.ContainerReportHandler (AbstractContainerReportHandler.java:updateContainerState(143)) - Container #1 is in OPEN state, but the datanode 3db231e5-aa41-417a-9eb1-ebae727224a1{ip: 192.168.69.118, host: trunk-nightly-20190830-rr75b-3244975676, networkLocation: /default-rack, certSerialId: null} reports an CLOSED replica.
2019-08-30 05:53:30,474 | INFO  | SCMAudit | user=jenkins1000 | ip=192.168.69.118 | op=SEND_HEARTBEAT {datanodeUUID=0c3d5d33-5004-4ad0-a181-1b32c8916f48, command=[]} | ret=SUCCESS |  
2019-08-30 05:53:30,551 | INFO  | SCMAudit | user=jenkins1000 | ip=192.168.69.118 | op=SEND_HEARTBEAT {datanodeUUID=3db231e5-aa41-417a-9eb1-ebae727224a1, command=[]} | ret=SUCCESS |  
2019-08-30 05:53:30,574 | INFO  | SCMAudit | user=jenkins1000 | ip=192.168.69.118 | op=SEND_HEARTBEAT {datanodeUUID=0c3d5d33-5004-4ad0-a181-1b32c8916f48, command=[]} | ret=SUCCESS |  
2019-08-30 05:53:30,651 | INFO  | SCMAudit | user=jenkins1000 | ip=192.168.69.118 | op=SEND_HEARTBEAT {datanodeUUID=3db231e5-aa41-417a-9eb1-ebae727224a1, command=[]} | ret=SUCCESS |  
2019-08-30 05:53:30,674 | INFO  | SCMAudit | user=jenkins1000 | ip=192.168.69.118 | op=SEND_HEARTBEAT {datanodeUUID=0c3d5d33-5004-4ad0-a181-1b32c8916f48, command=[]} | ret=SUCCESS |  
2019-08-30 05:53:30,675 [EventQueue-ContainerReportForContainerReportHandler] WARN  container.ContainerReportHandler (AbstractContainerReportHandler.java:updateContainerState(143)) - Container #1 is in OPEN state, but the datanode 0c3d5d33-5004-4ad0-a181-1b32c8916f48{ip: 192.168.69.118, host: trunk-nightly-20190830-rr75b-3244975676, networkLocation: /default-rack, certSerialId: null} reports an CLOSED replica.
2019-08-30 05:53:30,751 | INFO  | SCMAudit | user=jenkins1000 | ip=192.168.69.118 | op=SEND_HEARTBEAT {datanodeUUID=3db231e5-aa41-417a-9eb1-ebae727224a1, command=[]} | ret=SUCCESS |  
2019-08-30 05:53:30,751 [EventQueue-ContainerReportForContainerReportHandler] WARN  container.ContainerReportHandler (AbstractContainerReportHandler.java:updateContainerState(143)) - Container #1 is in OPEN state, but the datanode 3db231e5-aa41-417a-9eb1-ebae727224a1{ip: 192.168.69.118, host: trunk-nightly-20190830-rr75b-3244975676, networkLocation: /default-rack, certSerialId: null} reports an CLOSED replica.
2019-08-30 05:53:30,775 | INFO  | SCMAudit | user=jenkins1000 | ip=192.168.69.118 | op=SEND_HEARTBEAT {datanodeUUID=0c3d5d33-5004-4ad0-a181-1b32c8916f48, command=[]} | ret=SUCCESS |  
2019-08-30 05:53:30,852 | INFO  | SCMAudit | user=jenkins1000 | ip=192.168.69.118 | op=SEND_HEARTBEAT {datanodeUUID=3db231e5-aa41-417a-9eb1-ebae727224a1, command=[]} | ret=SUCCESS |  
2019-08-30 05:53:30,874 | INFO  | SCMAudit | user=jenkins1000 | ip=192.168.69.118 | op=SEND_HEARTBEAT {datanodeUUID=0c3d5d33-5004-4ad0-a181-1b32c8916f48, command=[]} | ret=SUCCESS |  
2019-08-30 05:53:30,952 | INFO  | SCMAudit | user=jenkins1000 | ip=192.168.69.118 | op=SEND_HEARTBEAT {datanodeUUID=3db231e5-aa41-417a-9eb1-ebae727224a1, command=[]} | ret=SUCCESS |  
2019-08-30 05:53:30,974 | INFO  | SCMAudit | user=jenkins1000 | ip=192.168.69.118 | op=SEND_HEARTBEAT {datanodeUUID=0c3d5d33-5004-4ad0-a181-1b32c8916f48, command=[]} | ret=SUCCESS |  
2019-08-30 05:53:30,974 [EventQueue-ContainerReportForContainerReportHandler] WARN  container.ContainerReportHandler (AbstractContainerReportHandler.java:updateContainerState(143)) - Container #1 is in OPEN state, but the datanode 0c3d5d33-5004-4ad0-a181-1b32c8916f48{ip: 192.168.69.118, host: trunk-nightly-20190830-rr75b-3244975676, networkLocation: /default-rack, certSerialId: null} reports an CLOSED replica.
2019-08-30 05:53:31,030 [grpc-default-executor-0] WARN  server.GrpcLogAppender (LogUtils.java:warn(134)) - 0c3d5d33-5004-4ad0-a181-1b32c8916f48->39b5c586-5c16-4d91-b521-ddac34f0fc4c: Failed appendEntries: org.apache.ratis.thirdparty.io.grpc.StatusRuntimeException: UNAVAILABLE: io exception
2019-08-30 05:53:31,032 [grpc-default-executor-0] INFO  impl.FollowerInfo (FollowerInfo.java:lambda$new$0(50)) - 0c3d5d33-5004-4ad0-a181-1b32c8916f48->39b5c586-5c16-4d91-b521-ddac34f0fc4c: nextIndex: updateUnconditionally 0 -> 0
2019-08-30 05:53:31,052 | INFO  | SCMAudit | user=jenkins1000 | ip=192.168.69.118 | op=SEND_HEARTBEAT {datanodeUUID=3db231e5-aa41-417a-9eb1-ebae727224a1, command=[]} | ret=SUCCESS |  
2019-08-30 05:53:31,060 [BlockDeletingService#2] WARN  background.BlockDeletingService (BlockDeletingService.java:isDeletionAllowed(186)) - Close Container log Index 6 is not replicated across allthe servers in the pipeline 1239619d-f8f3-45fb-8433-f96d3aac4001 as the min replicated index is 4. Deletion is not allowed in this container yet.
2019-08-30 05:53:31,060 [BlockDeletingService#6] WARN  background.BlockDeletingService (BlockDeletingService.java:isDeletionAllowed(186)) - Close Container log Index 6 is not replicated across allthe servers in the pipeline 1239619d-f8f3-45fb-8433-f96d3aac4001 as the min replicated index is 4. Deletion is not allowed in this container yet.
2019-08-30 05:53:31,074 | INFO  | SCMAudit | user=jenkins1000 | ip=192.168.69.118 | op=SEND_HEARTBEAT {datanodeUUID=0c3d5d33-5004-4ad0-a181-1b32c8916f48, command=[]} | ret=SUCCESS |  
2019-08-30 05:53:31,152 | INFO  | SCMAudit | user=jenkins1000 | ip=192.168.69.118 | op=SEND_HEARTBEAT {datanodeUUID=3db231e5-aa41-417a-9eb1-ebae727224a1, command=[]} | ret=SUCCESS |  
2019-08-30 05:53:31,152 [EventQueue-ContainerReportForContainerReportHandler] WARN  container.ContainerReportHandler (AbstractContainerReportHandler.java:updateContainerState(143)) - Container #1 is in OPEN state, but the datanode 3db231e5-aa41-417a-9eb1-ebae727224a1{ip: 192.168.69.118, host: trunk-nightly-20190830-rr75b-3244975676, networkLocation: /default-rack, certSerialId: null} reports an CLOSED replica.
2019-08-30 05:53:31,174 | INFO  | SCMAudit | user=jenkins1000 | ip=192.168.69.118 | op=SEND_HEARTBEAT {datanodeUUID=0c3d5d33-5004-4ad0-a181-1b32c8916f48, command=[]} | ret=SUCCESS |  
2019-08-30 05:53:31,174 [EventQueue-ContainerReportForContainerReportHandler] WARN  container.ContainerReportHandler (AbstractContainerReportHandler.java:updateContainerState(143)) - Container #1 is in OPEN state, but the datanode 0c3d5d33-5004-4ad0-a181-1b32c8916f48{ip: 192.168.69.118, host: trunk-nightly-20190830-rr75b-3244975676, networkLocation: /default-rack, certSerialId: null} reports an CLOSED replica.
2019-08-30 05:53:31,252 | INFO  | SCMAudit | user=jenkins1000 | ip=192.168.69.118 | op=SEND_HEARTBEAT {datanodeUUID=3db231e5-aa41-417a-9eb1-ebae727224a1, command=[]} | ret=SUCCESS |  
2019-08-30 05:53:31,274 | INFO  | SCMAudit | user=jenkins1000 | ip=192.168.69.118 | op=SEND_HEARTBEAT {datanodeUUID=0c3d5d33-5004-4ad0-a181-1b32c8916f48, command=[]} | ret=SUCCESS |  
2019-08-30 05:53:31,353 | INFO  | SCMAudit | user=jenkins1000 | ip=192.168.69.118 | op=SEND_HEARTBEAT {datanodeUUID=3db231e5-aa41-417a-9eb1-ebae727224a1, command=[]} | ret=SUCCESS |  
2019-08-30 05:53:31,353 [EventQueue-ContainerReportForContainerReportHandler] WARN  container.ContainerReportHandler (AbstractContainerReportHandler.java:updateContainerState(143)) - Container #1 is in OPEN state, but the datanode 3db231e5-aa41-417a-9eb1-ebae727224a1{ip: 192.168.69.118, host: trunk-nightly-20190830-rr75b-3244975676, networkLocation: /default-rack, certSerialId: null} reports an CLOSED replica.
2019-08-30 05:53:31,374 | INFO  | SCMAudit | user=jenkins1000 | ip=192.168.69.118 | op=SEND_HEARTBEAT {datanodeUUID=0c3d5d33-5004-4ad0-a181-1b32c8916f48, command=[]} | ret=SUCCESS |  
2019-08-30 05:53:31,374 [EventQueue-ContainerReportForContainerReportHandler] WARN  container.ContainerReportHandler (AbstractContainerReportHandler.java:updateContainerState(143)) - Container #1 is in OPEN state, but the datanode 0c3d5d33-5004-4ad0-a181-1b32c8916f48{ip: 192.168.69.118, host: trunk-nightly-20190830-rr75b-3244975676, networkLocation: /default-rack, certSerialId: null} reports an CLOSED replica.
2019-08-30 05:53:31,452 | INFO  | SCMAudit | user=jenkins1000 | ip=192.168.69.118 | op=SEND_HEARTBEAT {datanodeUUID=3db231e5-aa41-417a-9eb1-ebae727224a1, command=[]} | ret=SUCCESS |  
2019-08-30 05:53:31,475 | INFO  | SCMAudit | user=jenkins1000 | ip=192.168.69.118 | op=SEND_HEARTBEAT {datanodeUUID=0c3d5d33-5004-4ad0-a181-1b32c8916f48, command=[]} | ret=SUCCESS |  
2019-08-30 05:53:31,552 | INFO  | SCMAudit | user=jenkins1000 | ip=192.168.69.118 | op=SEND_HEARTBEAT {datanodeUUID=3db231e5-aa41-417a-9eb1-ebae727224a1, command=[]} | ret=SUCCESS |  
2019-08-30 05:53:31,574 | INFO  | SCMAudit | user=jenkins1000 | ip=192.168.69.118 | op=SEND_HEARTBEAT {datanodeUUID=0c3d5d33-5004-4ad0-a181-1b32c8916f48, command=[]} | ret=SUCCESS |  
2019-08-30 05:53:31,653 | INFO  | SCMAudit | user=jenkins1000 | ip=192.168.69.118 | op=SEND_HEARTBEAT {datanodeUUID=3db231e5-aa41-417a-9eb1-ebae727224a1, command=[]} | ret=SUCCESS |  
2019-08-30 05:53:31,653 [EventQueue-ContainerReportForContainerReportHandler] WARN  container.ContainerReportHandler (AbstractContainerReportHandler.java:updateContainerState(143)) - Container #1 is in OPEN state, but the datanode 3db231e5-aa41-417a-9eb1-ebae727224a1{ip: 192.168.69.118, host: trunk-nightly-20190830-rr75b-3244975676, networkLocation: /default-rack, certSerialId: null} reports an CLOSED replica.
2019-08-30 05:53:31,674 | INFO  | SCMAudit | user=jenkins1000 | ip=192.168.69.118 | op=SEND_HEARTBEAT {datanodeUUID=0c3d5d33-5004-4ad0-a181-1b32c8916f48, command=[]} | ret=SUCCESS |  
2019-08-30 05:53:31,674 [EventQueue-ContainerReportForContainerReportHandler] WARN  container.ContainerReportHandler (AbstractContainerReportHandler.java:updateContainerState(143)) - Container #1 is in OPEN state, but the datanode 0c3d5d33-5004-4ad0-a181-1b32c8916f48{ip: 192.168.69.118, host: trunk-nightly-20190830-rr75b-3244975676, networkLocation: /default-rack, certSerialId: null} reports an CLOSED replica.
2019-08-30 05:53:31,752 | INFO  | SCMAudit | user=jenkins1000 | ip=192.168.69.118 | op=SEND_HEARTBEAT {datanodeUUID=3db231e5-aa41-417a-9eb1-ebae727224a1, command=[]} | ret=SUCCESS |  
2019-08-30 05:53:31,774 | INFO  | SCMAudit | user=jenkins1000 | ip=192.168.69.118 | op=SEND_HEARTBEAT {datanodeUUID=0c3d5d33-5004-4ad0-a181-1b32c8916f48, command=[]} | ret=SUCCESS |  
2019-08-30 05:53:31,852 | INFO  | SCMAudit | user=jenkins1000 | ip=192.168.69.118 | op=SEND_HEARTBEAT {datanodeUUID=3db231e5-aa41-417a-9eb1-ebae727224a1, command=[]} | ret=SUCCESS |  
2019-08-30 05:53:31,874 | INFO  | SCMAudit | user=jenkins1000 | ip=192.168.69.118 | op=SEND_HEARTBEAT {datanodeUUID=0c3d5d33-5004-4ad0-a181-1b32c8916f48, command=[]} | ret=SUCCESS |  
2019-08-30 05:53:31,952 | INFO  | SCMAudit | user=jenkins1000 | ip=192.168.69.118 | op=SEND_HEARTBEAT {datanodeUUID=3db231e5-aa41-417a-9eb1-ebae727224a1, command=[]} | ret=SUCCESS |  
2019-08-30 05:53:31,952 [EventQueue-ContainerReportForContainerReportHandler] WARN  container.ContainerReportHandler (AbstractContainerReportHandler.java:updateContainerState(143)) - Container #1 is in OPEN state, but the datanode 3db231e5-aa41-417a-9eb1-ebae727224a1{ip: 192.168.69.118, host: trunk-nightly-20190830-rr75b-3244975676, networkLocation: /default-rack, certSerialId: null} reports an CLOSED replica.
2019-08-30 05:53:31,974 | INFO  | SCMAudit | user=jenkins1000 | ip=192.168.69.118 | op=SEND_HEARTBEAT {datanodeUUID=0c3d5d33-5004-4ad0-a181-1b32c8916f48, command=[]} | ret=SUCCESS |  
2019-08-30 05:53:31,974 [EventQueue-ContainerReportForContainerReportHandler] WARN  container.ContainerReportHandler (AbstractContainerReportHandler.java:updateContainerState(143)) - Container #1 is in OPEN state, but the datanode 0c3d5d33-5004-4ad0-a181-1b32c8916f48{ip: 192.168.69.118, host: trunk-nightly-20190830-rr75b-3244975676, networkLocation: /default-rack, certSerialId: null} reports an CLOSED replica.
2019-08-30 05:53:32,052 | INFO  | SCMAudit | user=jenkins1000 | ip=192.168.69.118 | op=SEND_HEARTBEAT {datanodeUUID=3db231e5-aa41-417a-9eb1-ebae727224a1, command=[]} | ret=SUCCESS |  
2019-08-30 05:53:32,061 [BlockDeletingService#2] WARN  background.BlockDeletingService (BlockDeletingService.java:isDeletionAllowed(186)) - Close Container log Index 6 is not replicated across allthe servers in the pipeline 1239619d-f8f3-45fb-8433-f96d3aac4001 as the min replicated index is 4. Deletion is not allowed in this container yet.
2019-08-30 05:53:32,062 [BlockDeletingService#6] WARN  background.BlockDeletingService (BlockDeletingService.java:isDeletionAllowed(186)) - Close Container log Index 6 is not replicated across allthe servers in the pipeline 1239619d-f8f3-45fb-8433-f96d3aac4001 as the min replicated index is 4. Deletion is not allowed in this container yet.
2019-08-30 05:53:32,074 | INFO  | SCMAudit | user=jenkins1000 | ip=192.168.69.118 | op=SEND_HEARTBEAT {datanodeUUID=0c3d5d33-5004-4ad0-a181-1b32c8916f48, command=[]} | ret=SUCCESS |  
2019-08-30 05:53:32,152 | INFO  | SCMAudit | user=jenkins1000 | ip=192.168.69.118 | op=SEND_HEARTBEAT {datanodeUUID=3db231e5-aa41-417a-9eb1-ebae727224a1, command=[]} | ret=SUCCESS |  
2019-08-30 05:53:32,152 [EventQueue-ContainerReportForContainerReportHandler] WARN  container.ContainerReportHandler (AbstractContainerReportHandler.java:updateContainerState(143)) - Container #1 is in OPEN state, but the datanode 3db231e5-aa41-417a-9eb1-ebae727224a1{ip: 192.168.69.118, host: trunk-nightly-20190830-rr75b-3244975676, networkLocation: /default-rack, certSerialId: null} reports an CLOSED replica.
2019-08-30 05:53:32,174 | INFO  | SCMAudit | user=jenkins1000 | ip=192.168.69.118 | op=SEND_HEARTBEAT {datanodeUUID=0c3d5d33-5004-4ad0-a181-1b32c8916f48, command=[]} | ret=SUCCESS |  
2019-08-30 05:53:32,252 | INFO  | SCMAudit | user=jenkins1000 | ip=192.168.69.118 | op=SEND_HEARTBEAT {datanodeUUID=3db231e5-aa41-417a-9eb1-ebae727224a1, command=[]} | ret=SUCCESS |  
2019-08-30 05:53:32,274 | INFO  | SCMAudit | user=jenkins1000 | ip=192.168.69.118 | op=SEND_HEARTBEAT {datanodeUUID=0c3d5d33-5004-4ad0-a181-1b32c8916f48, command=[]} | ret=SUCCESS |  
2019-08-30 05:53:32,274 [EventQueue-ContainerReportForContainerReportHandler] WARN  container.ContainerReportHandler (AbstractContainerReportHandler.java:updateContainerState(143)) - Container #1 is in OPEN state, but the datanode 0c3d5d33-5004-4ad0-a181-1b32c8916f48{ip: 192.168.69.118, host: trunk-nightly-20190830-rr75b-3244975676, networkLocation: /default-rack, certSerialId: null} reports an CLOSED replica.
2019-08-30 05:53:32,352 | INFO  | SCMAudit | user=jenkins1000 | ip=192.168.69.118 | op=SEND_HEARTBEAT {datanodeUUID=3db231e5-aa41-417a-9eb1-ebae727224a1, command=[]} | ret=SUCCESS |  
2019-08-30 05:53:32,352 [EventQueue-ContainerReportForContainerReportHandler] WARN  container.ContainerReportHandler (AbstractContainerReportHandler.java:updateContainerState(143)) - Container #1 is in OPEN state, but the datanode 3db231e5-aa41-417a-9eb1-ebae727224a1{ip: 192.168.69.118, host: trunk-nightly-20190830-rr75b-3244975676, networkLocation: /default-rack, certSerialId: null} reports an CLOSED replica.
2019-08-30 05:53:32,374 | INFO  | SCMAudit | user=jenkins1000 | ip=192.168.69.118 | op=SEND_HEARTBEAT {datanodeUUID=0c3d5d33-5004-4ad0-a181-1b32c8916f48, command=[]} | ret=SUCCESS |  
2019-08-30 05:53:32,452 | INFO  | SCMAudit | user=jenkins1000 | ip=192.168.69.118 | op=SEND_HEARTBEAT {datanodeUUID=3db231e5-aa41-417a-9eb1-ebae727224a1, command=[]} | ret=SUCCESS |  
2019-08-30 05:53:32,474 | INFO  | SCMAudit | user=jenkins1000 | ip=192.168.69.118 | op=SEND_HEARTBEAT {datanodeUUID=0c3d5d33-5004-4ad0-a181-1b32c8916f48, command=[]} | ret=SUCCESS |  
2019-08-30 05:53:32,552 | INFO  | SCMAudit | user=jenkins1000 | ip=192.168.69.118 | op=SEND_HEARTBEAT {datanodeUUID=3db231e5-aa41-417a-9eb1-ebae727224a1, command=[]} | ret=SUCCESS |  
2019-08-30 05:53:32,574 | INFO  | SCMAudit | user=jenkins1000 | ip=192.168.69.118 | op=SEND_HEARTBEAT {datanodeUUID=0c3d5d33-5004-4ad0-a181-1b32c8916f48, command=[]} | ret=SUCCESS |  
2019-08-30 05:53:32,574 [EventQueue-ContainerReportForContainerReportHandler] WARN  container.ContainerReportHandler (AbstractContainerReportHandler.java:updateContainerState(143)) - Container #1 is in OPEN state, but the datanode 0c3d5d33-5004-4ad0-a181-1b32c8916f48{ip: 192.168.69.118, host: trunk-nightly-20190830-rr75b-3244975676, networkLocation: /default-rack, certSerialId: null} reports an CLOSED replica.
2019-08-30 05:53:32,652 | INFO  | SCMAudit | user=jenkins1000 | ip=192.168.69.118 | op=SEND_HEARTBEAT {datanodeUUID=3db231e5-aa41-417a-9eb1-ebae727224a1, command=[]} | ret=SUCCESS |  
2019-08-30 05:53:32,653 [EventQueue-ContainerReportForContainerReportHandler] WARN  container.ContainerReportHandler (AbstractContainerReportHandler.java:updateContainerState(143)) - Container #1 is in OPEN state, but the datanode 3db231e5-aa41-417a-9eb1-ebae727224a1{ip: 192.168.69.118, host: trunk-nightly-20190830-rr75b-3244975676, networkLocation: /default-rack, certSerialId: null} reports an CLOSED replica.
2019-08-30 05:53:32,674 | INFO  | SCMAudit | user=jenkins1000 | ip=192.168.69.118 | op=SEND_HEARTBEAT {datanodeUUID=0c3d5d33-5004-4ad0-a181-1b32c8916f48, command=[]} | ret=SUCCESS |  
2019-08-30 05:53:32,753 | INFO  | SCMAudit | user=jenkins1000 | ip=192.168.69.118 | op=SEND_HEARTBEAT {datanodeUUID=3db231e5-aa41-417a-9eb1-ebae727224a1, command=[]} | ret=SUCCESS |  
2019-08-30 05:53:32,774 | INFO  | SCMAudit | user=jenkins1000 | ip=192.168.69.118 | op=SEND_HEARTBEAT {datanodeUUID=0c3d5d33-5004-4ad0-a181-1b32c8916f48, command=[]} | ret=SUCCESS |  
2019-08-30 05:53:32,774 [EventQueue-ContainerReportForContainerReportHandler] WARN  container.ContainerReportHandler (AbstractContainerReportHandler.java:updateContainerState(143)) - Container #1 is in OPEN state, but the datanode 0c3d5d33-5004-4ad0-a181-1b32c8916f48{ip: 192.168.69.118, host: trunk-nightly-20190830-rr75b-3244975676, networkLocation: /default-rack, certSerialId: null} reports an CLOSED replica.
2019-08-30 05:53:32,853 | INFO  | SCMAudit | user=jenkins1000 | ip=192.168.69.118 | op=SEND_HEARTBEAT {datanodeUUID=3db231e5-aa41-417a-9eb1-ebae727224a1, command=[]} | ret=SUCCESS |  
2019-08-30 05:53:32,874 | INFO  | SCMAudit | user=jenkins1000 | ip=192.168.69.118 | op=SEND_HEARTBEAT {datanodeUUID=0c3d5d33-5004-4ad0-a181-1b32c8916f48, command=[]} | ret=SUCCESS |  
2019-08-30 05:53:32,953 | INFO  | SCMAudit | user=jenkins1000 | ip=192.168.69.118 | op=SEND_HEARTBEAT {datanodeUUID=3db231e5-aa41-417a-9eb1-ebae727224a1, command=[]} | ret=SUCCESS |  
2019-08-30 05:53:32,953 [EventQueue-ContainerReportForContainerReportHandler] WARN  container.ContainerReportHandler (AbstractContainerReportHandler.java:updateContainerState(143)) - Container #1 is in OPEN state, but the datanode 3db231e5-aa41-417a-9eb1-ebae727224a1{ip: 192.168.69.118, host: trunk-nightly-20190830-rr75b-3244975676, networkLocation: /default-rack, certSerialId: null} reports an CLOSED replica.
2019-08-30 05:53:32,974 | INFO  | SCMAudit | user=jenkins1000 | ip=192.168.69.118 | op=SEND_HEARTBEAT {datanodeUUID=0c3d5d33-5004-4ad0-a181-1b32c8916f48, command=[]} | ret=SUCCESS |  
2019-08-30 05:53:33,053 | INFO  | SCMAudit | user=jenkins1000 | ip=192.168.69.118 | op=SEND_HEARTBEAT {datanodeUUID=3db231e5-aa41-417a-9eb1-ebae727224a1, command=[]} | ret=SUCCESS |  
2019-08-30 05:53:33,063 [BlockDeletingService#2] WARN  background.BlockDeletingService (BlockDeletingService.java:isDeletionAllowed(186)) - Close Container log Index 6 is not replicated across allthe servers in the pipeline 1239619d-f8f3-45fb-8433-f96d3aac4001 as the min replicated index is 4. Deletion is not allowed in this container yet.
2019-08-30 05:53:33,063 [BlockDeletingService#6] WARN  background.BlockDeletingService (BlockDeletingService.java:isDeletionAllowed(186)) - Close Container log Index 6 is not replicated across allthe servers in the pipeline 1239619d-f8f3-45fb-8433-f96d3aac4001 as the min replicated index is 4. Deletion is not allowed in this container yet.
2019-08-30 05:53:33,074 | INFO  | SCMAudit | user=jenkins1000 | ip=192.168.69.118 | op=SEND_HEARTBEAT {datanodeUUID=0c3d5d33-5004-4ad0-a181-1b32c8916f48, command=[]} | ret=SUCCESS |  
2019-08-30 05:53:33,153 | INFO  | SCMAudit | user=jenkins1000 | ip=192.168.69.118 | op=SEND_HEARTBEAT {datanodeUUID=3db231e5-aa41-417a-9eb1-ebae727224a1, command=[]} | ret=SUCCESS |  
2019-08-30 05:53:33,174 | INFO  | SCMAudit | user=jenkins1000 | ip=192.168.69.118 | op=SEND_HEARTBEAT {datanodeUUID=0c3d5d33-5004-4ad0-a181-1b32c8916f48, command=[]} | ret=SUCCESS |  
2019-08-30 05:53:33,174 [EventQueue-ContainerReportForContainerReportHandler] WARN  container.ContainerReportHandler (AbstractContainerReportHandler.java:updateContainerState(143)) - Container #1 is in OPEN state, but the datanode 0c3d5d33-5004-4ad0-a181-1b32c8916f48{ip: 192.168.69.118, host: trunk-nightly-20190830-rr75b-3244975676, networkLocation: /default-rack, certSerialId: null} reports an CLOSED replica.
2019-08-30 05:53:33,253 | INFO  | SCMAudit | user=jenkins1000 | ip=192.168.69.118 | op=SEND_HEARTBEAT {datanodeUUID=3db231e5-aa41-417a-9eb1-ebae727224a1, command=[]} | ret=SUCCESS |  
2019-08-30 05:53:33,254 [EventQueue-ContainerReportForContainerReportHandler] WARN  container.ContainerReportHandler (AbstractContainerReportHandler.java:updateContainerState(143)) - Container #1 is in OPEN state, but the datanode 3db231e5-aa41-417a-9eb1-ebae727224a1{ip: 192.168.69.118, host: trunk-nightly-20190830-rr75b-3244975676, networkLocation: /default-rack, certSerialId: null} reports an CLOSED replica.
2019-08-30 05:53:33,274 | INFO  | SCMAudit | user=jenkins1000 | ip=192.168.69.118 | op=SEND_HEARTBEAT {datanodeUUID=0c3d5d33-5004-4ad0-a181-1b32c8916f48, command=[]} | ret=SUCCESS |  
2019-08-30 05:53:33,354 | INFO  | SCMAudit | user=jenkins1000 | ip=192.168.69.118 | op=SEND_HEARTBEAT {datanodeUUID=3db231e5-aa41-417a-9eb1-ebae727224a1, command=[]} | ret=SUCCESS |  
2019-08-30 05:53:33,374 | INFO  | SCMAudit | user=jenkins1000 | ip=192.168.69.118 | op=SEND_HEARTBEAT {datanodeUUID=0c3d5d33-5004-4ad0-a181-1b32c8916f48, command=[]} | ret=SUCCESS |  
2019-08-30 05:53:33,454 | INFO  | SCMAudit | user=jenkins1000 | ip=192.168.69.118 | op=SEND_HEARTBEAT {datanodeUUID=3db231e5-aa41-417a-9eb1-ebae727224a1, command=[]} | ret=SUCCESS |  
2019-08-30 05:53:33,474 | INFO  | SCMAudit | user=jenkins1000 | ip=192.168.69.118 | op=SEND_HEARTBEAT {datanodeUUID=0c3d5d33-5004-4ad0-a181-1b32c8916f48, command=[]} | ret=SUCCESS |  
2019-08-30 05:53:33,474 [EventQueue-ContainerReportForContainerReportHandler] WARN  container.ContainerReportHandler (AbstractContainerReportHandler.java:updateContainerState(143)) - Container #1 is in OPEN state, but the datanode 0c3d5d33-5004-4ad0-a181-1b32c8916f48{ip: 192.168.69.118, host: trunk-nightly-20190830-rr75b-3244975676, networkLocation: /default-rack, certSerialId: null} reports an CLOSED replica.
2019-08-30 05:53:33,531 [grpc-default-executor-4] WARN  server.GrpcLogAppender (LogUtils.java:warn(134)) - 0c3d5d33-5004-4ad0-a181-1b32c8916f48->39b5c586-5c16-4d91-b521-ddac34f0fc4c: Failed appendEntries: org.apache.ratis.thirdparty.io.grpc.StatusRuntimeException: UNAVAILABLE: io exception
2019-08-30 05:53:33,534 [grpc-default-executor-4] INFO  impl.FollowerInfo (FollowerInfo.java:lambda$new$0(50)) - 0c3d5d33-5004-4ad0-a181-1b32c8916f48->39b5c586-5c16-4d91-b521-ddac34f0fc4c: nextIndex: updateUnconditionally 0 -> 0
2019-08-30 05:53:33,555 | INFO  | SCMAudit | user=jenkins1000 | ip=192.168.69.118 | op=SEND_HEARTBEAT {datanodeUUID=3db231e5-aa41-417a-9eb1-ebae727224a1, command=[]} | ret=SUCCESS |  
2019-08-30 05:53:33,575 | INFO  | SCMAudit | user=jenkins1000 | ip=192.168.69.118 | op=SEND_HEARTBEAT {datanodeUUID=0c3d5d33-5004-4ad0-a181-1b32c8916f48, command=[]} | ret=SUCCESS |  
2019-08-30 05:53:33,655 | INFO  | SCMAudit | user=jenkins1000 | ip=192.168.69.118 | op=SEND_HEARTBEAT {datanodeUUID=3db231e5-aa41-417a-9eb1-ebae727224a1, command=[]} | ret=SUCCESS |  
2019-08-30 05:53:33,655 [EventQueue-ContainerReportForContainerReportHandler] WARN  container.ContainerReportHandler (AbstractContainerReportHandler.java:updateContainerState(143)) - Container #1 is in OPEN state, but the datanode 3db231e5-aa41-417a-9eb1-ebae727224a1{ip: 192.168.69.118, host: trunk-nightly-20190830-rr75b-3244975676, networkLocation: /default-rack, certSerialId: null} reports an CLOSED replica.
2019-08-30 05:53:33,674 | INFO  | SCMAudit | user=jenkins1000 | ip=192.168.69.118 | op=SEND_HEARTBEAT {datanodeUUID=0c3d5d33-5004-4ad0-a181-1b32c8916f48, command=[]} | ret=SUCCESS |  
2019-08-30 05:53:33,755 | INFO  | SCMAudit | user=jenkins1000 | ip=192.168.69.118 | op=SEND_HEARTBEAT {datanodeUUID=3db231e5-aa41-417a-9eb1-ebae727224a1, command=[]} | ret=SUCCESS |  
2019-08-30 05:53:33,774 | INFO  | SCMAudit | user=jenkins1000 | ip=192.168.69.118 | op=SEND_HEARTBEAT {datanodeUUID=0c3d5d33-5004-4ad0-a181-1b32c8916f48, command=[]} | ret=SUCCESS |  
2019-08-30 05:53:33,774 [EventQueue-ContainerReportForContainerReportHandler] WARN  container.ContainerReportHandler (AbstractContainerReportHandler.java:updateContainerState(143)) - Container #1 is in OPEN state, but the datanode 0c3d5d33-5004-4ad0-a181-1b32c8916f48{ip: 192.168.69.118, host: trunk-nightly-20190830-rr75b-3244975676, networkLocation: /default-rack, certSerialId: null} reports an CLOSED replica.
2019-08-30 05:53:33,855 | INFO  | SCMAudit | user=jenkins1000 | ip=192.168.69.118 | op=SEND_HEARTBEAT {datanodeUUID=3db231e5-aa41-417a-9eb1-ebae727224a1, command=[]} | ret=SUCCESS |  
2019-08-30 05:53:33,874 | INFO  | SCMAudit | user=jenkins1000 | ip=192.168.69.118 | op=SEND_HEARTBEAT {datanodeUUID=0c3d5d33-5004-4ad0-a181-1b32c8916f48, command=[]} | ret=SUCCESS |  
2019-08-30 05:53:33,955 | INFO  | SCMAudit | user=jenkins1000 | ip=192.168.69.118 | op=SEND_HEARTBEAT {datanodeUUID=3db231e5-aa41-417a-9eb1-ebae727224a1, command=[]} | ret=SUCCESS |  
2019-08-30 05:53:33,955 [EventQueue-ContainerReportForContainerReportHandler] WARN  container.ContainerReportHandler (AbstractContainerReportHandler.java:updateContainerState(143)) - Container #1 is in OPEN state, but the datanode 3db231e5-aa41-417a-9eb1-ebae727224a1{ip: 192.168.69.118, host: trunk-nightly-20190830-rr75b-3244975676, networkLocation: /default-rack, certSerialId: null} reports an CLOSED replica.
2019-08-30 05:53:33,974 | INFO  | SCMAudit | user=jenkins1000 | ip=192.168.69.118 | op=SEND_HEARTBEAT {datanodeUUID=0c3d5d33-5004-4ad0-a181-1b32c8916f48, command=[]} | ret=SUCCESS |  
2019-08-30 05:53:33,974 [EventQueue-ContainerReportForContainerReportHandler] WARN  container.ContainerReportHandler (AbstractContainerReportHandler.java:updateContainerState(143)) - Container #1 is in OPEN state, but the datanode 0c3d5d33-5004-4ad0-a181-1b32c8916f48{ip: 192.168.69.118, host: trunk-nightly-20190830-rr75b-3244975676, networkLocation: /default-rack, certSerialId: null} reports an CLOSED replica.
2019-08-30 05:53:34,055 | INFO  | SCMAudit | user=jenkins1000 | ip=192.168.69.118 | op=SEND_HEARTBEAT {datanodeUUID=3db231e5-aa41-417a-9eb1-ebae727224a1, command=[]} | ret=SUCCESS |  
2019-08-30 05:53:34,064 [BlockDeletingService#2] WARN  background.BlockDeletingService (BlockDeletingService.java:isDeletionAllowed(186)) - Close Container log Index 6 is not replicated across allthe servers in the pipeline 1239619d-f8f3-45fb-8433-f96d3aac4001 as the min replicated index is 4. Deletion is not allowed in this container yet.
2019-08-30 05:53:34,065 [BlockDeletingService#6] WARN  background.BlockDeletingService (BlockDeletingService.java:isDeletionAllowed(186)) - Close Container log Index 6 is not replicated across allthe servers in the pipeline 1239619d-f8f3-45fb-8433-f96d3aac4001 as the min replicated index is 4. Deletion is not allowed in this container yet.
2019-08-30 05:53:34,074 | INFO  | SCMAudit | user=jenkins1000 | ip=192.168.69.118 | op=SEND_HEARTBEAT {datanodeUUID=0c3d5d33-5004-4ad0-a181-1b32c8916f48, command=[]} | ret=SUCCESS |  
2019-08-30 05:53:34,155 | INFO  | SCMAudit | user=jenkins1000 | ip=192.168.69.118 | op=SEND_HEARTBEAT {datanodeUUID=3db231e5-aa41-417a-9eb1-ebae727224a1, command=[]} | ret=SUCCESS |  
2019-08-30 05:53:34,174 | INFO  | SCMAudit | user=jenkins1000 | ip=192.168.69.118 | op=SEND_HEARTBEAT {datanodeUUID=0c3d5d33-5004-4ad0-a181-1b32c8916f48, command=[]} | ret=SUCCESS |  
2019-08-30 05:53:34,255 | INFO  | SCMAudit | user=jenkins1000 | ip=192.168.69.118 | op=SEND_HEARTBEAT {datanodeUUID=3db231e5-aa41-417a-9eb1-ebae727224a1, command=[]} | ret=SUCCESS |  
2019-08-30 05:53:34,274 | INFO  | SCMAudit | user=jenkins1000 | ip=192.168.69.118 | op=SEND_HEARTBEAT {datanodeUUID=0c3d5d33-5004-4ad0-a181-1b32c8916f48, command=[]} | ret=SUCCESS |  
2019-08-30 05:53:34,275 [EventQueue-ContainerReportForContainerReportHandler] WARN  container.ContainerReportHandler (AbstractContainerReportHandler.java:updateContainerState(143)) - Container #1 is in OPEN state, but the datanode 0c3d5d33-5004-4ad0-a181-1b32c8916f48{ip: 192.168.69.118, host: trunk-nightly-20190830-rr75b-3244975676, networkLocation: /default-rack, certSerialId: null} reports an CLOSED replica.
2019-08-30 05:53:34,355 | INFO  | SCMAudit | user=jenkins1000 | ip=192.168.69.118 | op=SEND_HEARTBEAT {datanodeUUID=3db231e5-aa41-417a-9eb1-ebae727224a1, command=[]} | ret=SUCCESS |  
2019-08-30 05:53:34,355 [EventQueue-ContainerReportForContainerReportHandler] WARN  container.ContainerReportHandler (AbstractContainerReportHandler.java:updateContainerState(143)) - Container #1 is in OPEN state, but the datanode 3db231e5-aa41-417a-9eb1-ebae727224a1{ip: 192.168.69.118, host: trunk-nightly-20190830-rr75b-3244975676, networkLocation: /default-rack, certSerialId: null} reports an CLOSED replica.
2019-08-30 05:53:34,374 | INFO  | SCMAudit | user=jenkins1000 | ip=192.168.69.118 | op=SEND_HEARTBEAT {datanodeUUID=0c3d5d33-5004-4ad0-a181-1b32c8916f48, command=[]} | ret=SUCCESS |  
2019-08-30 05:53:34,455 | INFO  | SCMAudit | user=jenkins1000 | ip=192.168.69.118 | op=SEND_HEARTBEAT {datanodeUUID=3db231e5-aa41-417a-9eb1-ebae727224a1, command=[]} | ret=SUCCESS |  
2019-08-30 05:53:34,476 | INFO  | SCMAudit | user=jenkins1000 | ip=192.168.69.118 | op=SEND_HEARTBEAT {datanodeUUID=0c3d5d33-5004-4ad0-a181-1b32c8916f48, command=[]} | ret=SUCCESS |  
2019-08-30 05:53:34,556 | INFO  | SCMAudit | user=jenkins1000 | ip=192.168.69.118 | op=SEND_HEARTBEAT {datanodeUUID=3db231e5-aa41-417a-9eb1-ebae727224a1, command=[]} | ret=SUCCESS |  
2019-08-30 05:53:34,577 | INFO  | SCMAudit | user=jenkins1000 | ip=192.168.69.118 | op=SEND_HEARTBEAT {datanodeUUID=0c3d5d33-5004-4ad0-a181-1b32c8916f48, command=[]} | ret=SUCCESS |  
2019-08-30 05:53:34,577 [EventQueue-ContainerReportForContainerReportHandler] WARN  container.ContainerReportHandler (AbstractContainerReportHandler.java:updateContainerState(143)) - Container #1 is in OPEN state, but the datanode 0c3d5d33-5004-4ad0-a181-1b32c8916f48{ip: 192.168.69.118, host: trunk-nightly-20190830-rr75b-3244975676, networkLocation: /default-rack, certSerialId: null} reports an CLOSED replica.
2019-08-30 05:53:34,655 | INFO  | SCMAudit | user=jenkins1000 | ip=192.168.69.118 | op=SEND_HEARTBEAT {datanodeUUID=3db231e5-aa41-417a-9eb1-ebae727224a1, command=[]} | ret=SUCCESS |  
2019-08-30 05:53:34,677 | INFO  | SCMAudit | user=jenkins1000 | ip=192.168.69.118 | op=SEND_HEARTBEAT {datanodeUUID=0c3d5d33-5004-4ad0-a181-1b32c8916f48, command=[]} | ret=SUCCESS |  
2019-08-30 05:53:34,755 | INFO  | SCMAudit | user=jenkins1000 | ip=192.168.69.118 | op=SEND_HEARTBEAT {datanodeUUID=3db231e5-aa41-417a-9eb1-ebae727224a1, command=[]} | ret=SUCCESS |  
2019-08-30 05:53:34,755 [EventQueue-ContainerReportForContainerReportHandler] WARN  container.ContainerReportHandler (AbstractContainerReportHandler.java:updateContainerState(143)) - Container #1 is in OPEN state, but the datanode 3db231e5-aa41-417a-9eb1-ebae727224a1{ip: 192.168.69.118, host: trunk-nightly-20190830-rr75b-3244975676, networkLocation: /default-rack, certSerialId: null} reports an CLOSED replica.
2019-08-30 05:53:34,777 | INFO  | SCMAudit | user=jenkins1000 | ip=192.168.69.118 | op=SEND_HEARTBEAT {datanodeUUID=0c3d5d33-5004-4ad0-a181-1b32c8916f48, command=[]} | ret=SUCCESS |  
2019-08-30 05:53:34,855 | INFO  | SCMAudit | user=jenkins1000 | ip=192.168.69.118 | op=SEND_HEARTBEAT {datanodeUUID=3db231e5-aa41-417a-9eb1-ebae727224a1, command=[]} | ret=SUCCESS |  
2019-08-30 05:53:34,877 | INFO  | SCMAudit | user=jenkins1000 | ip=192.168.69.118 | op=SEND_HEARTBEAT {datanodeUUID=0c3d5d33-5004-4ad0-a181-1b32c8916f48, command=[]} | ret=SUCCESS |  
2019-08-30 05:53:34,877 [EventQueue-ContainerReportForContainerReportHandler] WARN  container.ContainerReportHandler (AbstractContainerReportHandler.java:updateContainerState(143)) - Container #1 is in OPEN state, but the datanode 0c3d5d33-5004-4ad0-a181-1b32c8916f48{ip: 192.168.69.118, host: trunk-nightly-20190830-rr75b-3244975676, networkLocation: /default-rack, certSerialId: null} reports an CLOSED replica.
2019-08-30 05:53:34,956 | INFO  | SCMAudit | user=jenkins1000 | ip=192.168.69.118 | op=SEND_HEARTBEAT {datanodeUUID=3db231e5-aa41-417a-9eb1-ebae727224a1, command=[]} | ret=SUCCESS |  
2019-08-30 05:53:34,956 [EventQueue-ContainerReportForContainerReportHandler] WARN  container.ContainerReportHandler (AbstractContainerReportHandler.java:updateContainerState(143)) - Container #1 is in OPEN state, but the datanode 3db231e5-aa41-417a-9eb1-ebae727224a1{ip: 192.168.69.118, host: trunk-nightly-20190830-rr75b-3244975676, networkLocation: /default-rack, certSerialId: null} reports an CLOSED replica.
2019-08-30 05:53:34,977 | INFO  | SCMAudit | user=jenkins1000 | ip=192.168.69.118 | op=SEND_HEARTBEAT {datanodeUUID=0c3d5d33-5004-4ad0-a181-1b32c8916f48, command=[]} | ret=SUCCESS |  
2019-08-30 05:53:35,055 | INFO  | SCMAudit | user=jenkins1000 | ip=192.168.69.118 | op=SEND_HEARTBEAT {datanodeUUID=3db231e5-aa41-417a-9eb1-ebae727224a1, command=[]} | ret=SUCCESS |  
2019-08-30 05:53:35,066 [BlockDeletingService#2] WARN  background.BlockDeletingService (BlockDeletingService.java:isDeletionAllowed(186)) - Close Container log Index 6 is not replicated across allthe servers in the pipeline 1239619d-f8f3-45fb-8433-f96d3aac4001 as the min replicated index is 4. Deletion is not allowed in this container yet.
2019-08-30 05:53:35,066 [BlockDeletingService#6] WARN  background.BlockDeletingService (BlockDeletingService.java:isDeletionAllowed(186)) - Close Container log Index 6 is not replicated across allthe servers in the pipeline 1239619d-f8f3-45fb-8433-f96d3aac4001 as the min replicated index is 4. Deletion is not allowed in this container yet.
2019-08-30 05:53:35,077 | INFO  | SCMAudit | user=jenkins1000 | ip=192.168.69.118 | op=SEND_HEARTBEAT {datanodeUUID=0c3d5d33-5004-4ad0-a181-1b32c8916f48, command=[]} | ret=SUCCESS |  
2019-08-30 05:53:35,155 | INFO  | SCMAudit | user=jenkins1000 | ip=192.168.69.118 | op=SEND_HEARTBEAT {datanodeUUID=3db231e5-aa41-417a-9eb1-ebae727224a1, command=[]} | ret=SUCCESS |  
2019-08-30 05:53:35,177 | INFO  | SCMAudit | user=jenkins1000 | ip=192.168.69.118 | op=SEND_HEARTBEAT {datanodeUUID=0c3d5d33-5004-4ad0-a181-1b32c8916f48, command=[]} | ret=SUCCESS |  
2019-08-30 05:53:35,178 [EventQueue-ContainerReportForContainerReportHandler] WARN  container.ContainerReportHandler (AbstractContainerReportHandler.java:updateContainerState(143)) - Container #1 is in OPEN state, but the datanode 0c3d5d33-5004-4ad0-a181-1b32c8916f48{ip: 192.168.69.118, host: trunk-nightly-20190830-rr75b-3244975676, networkLocation: /default-rack, certSerialId: null} reports an CLOSED replica.
2019-08-30 05:53:35,256 | INFO  | SCMAudit | user=jenkins1000 | ip=192.168.69.118 | op=SEND_HEARTBEAT {datanodeUUID=3db231e5-aa41-417a-9eb1-ebae727224a1, command=[]} | ret=SUCCESS |  
2019-08-30 05:53:35,256 [EventQueue-ContainerReportForContainerReportHandler] WARN  container.ContainerReportHandler (AbstractContainerReportHandler.java:updateContainerState(143)) - Container #1 is in OPEN state, but the datanode 3db231e5-aa41-417a-9eb1-ebae727224a1{ip: 192.168.69.118, host: trunk-nightly-20190830-rr75b-3244975676, networkLocation: /default-rack, certSerialId: null} reports an CLOSED replica.
2019-08-30 05:53:35,277 | INFO  | SCMAudit | user=jenkins1000 | ip=192.168.69.118 | op=SEND_HEARTBEAT {datanodeUUID=0c3d5d33-5004-4ad0-a181-1b32c8916f48, command=[]} | ret=SUCCESS |  
2019-08-30 05:53:35,355 | INFO  | SCMAudit | user=jenkins1000 | ip=192.168.69.118 | op=SEND_HEARTBEAT {datanodeUUID=3db231e5-aa41-417a-9eb1-ebae727224a1, command=[]} | ret=SUCCESS |  
2019-08-30 05:53:35,379 | INFO  | SCMAudit | user=jenkins1000 | ip=192.168.69.118 | op=SEND_HEARTBEAT {datanodeUUID=0c3d5d33-5004-4ad0-a181-1b32c8916f48, command=[]} | ret=SUCCESS |  
2019-08-30 05:53:35,456 | INFO  | SCMAudit | user=jenkins1000 | ip=192.168.69.118 | op=SEND_HEARTBEAT {datanodeUUID=3db231e5-aa41-417a-9eb1-ebae727224a1, command=[]} | ret=SUCCESS |  
2019-08-30 05:53:35,479 | INFO  | SCMAudit | user=jenkins1000 | ip=192.168.69.118 | op=SEND_HEARTBEAT {datanodeUUID=0c3d5d33-5004-4ad0-a181-1b32c8916f48, command=[]} | ret=SUCCESS |  
2019-08-30 05:53:35,480 [EventQueue-ContainerReportForContainerReportHandler] WARN  container.ContainerReportHandler (AbstractContainerReportHandler.java:updateContainerState(143)) - Container #1 is in OPEN state, but the datanode 0c3d5d33-5004-4ad0-a181-1b32c8916f48{ip: 192.168.69.118, host: trunk-nightly-20190830-rr75b-3244975676, networkLocation: /default-rack, certSerialId: null} reports an CLOSED replica.
2019-08-30 05:53:35,555 | INFO  | SCMAudit | user=jenkins1000 | ip=192.168.69.118 | op=SEND_HEARTBEAT {datanodeUUID=3db231e5-aa41-417a-9eb1-ebae727224a1, command=[]} | ret=SUCCESS |  
2019-08-30 05:53:35,580 | INFO  | SCMAudit | user=jenkins1000 | ip=192.168.69.118 | op=SEND_HEARTBEAT {datanodeUUID=0c3d5d33-5004-4ad0-a181-1b32c8916f48, command=[]} | ret=SUCCESS |  
2019-08-30 05:53:35,655 | INFO  | SCMAudit | user=jenkins1000 | ip=192.168.69.118 | op=SEND_HEARTBEAT {datanodeUUID=3db231e5-aa41-417a-9eb1-ebae727224a1, command=[]} | ret=SUCCESS |  
2019-08-30 05:53:35,655 [EventQueue-ContainerReportForContainerReportHandler] WARN  container.ContainerReportHandler (AbstractContainerReportHandler.java:updateContainerState(143)) - Container #1 is in OPEN state, but the datanode 3db231e5-aa41-417a-9eb1-ebae727224a1{ip: 192.168.69.118, host: trunk-nightly-20190830-rr75b-3244975676, networkLocation: /default-rack, certSerialId: null} reports an CLOSED replica.
2019-08-30 05:53:35,680 | INFO  | SCMAudit | user=jenkins1000 | ip=192.168.69.118 | op=SEND_HEARTBEAT {datanodeUUID=0c3d5d33-5004-4ad0-a181-1b32c8916f48, command=[]} | ret=SUCCESS |  
2019-08-30 05:53:35,680 [EventQueue-ContainerReportForContainerReportHandler] WARN  container.ContainerReportHandler (AbstractContainerReportHandler.java:updateContainerState(143)) - Container #1 is in OPEN state, but the datanode 0c3d5d33-5004-4ad0-a181-1b32c8916f48{ip: 192.168.69.118, host: trunk-nightly-20190830-rr75b-3244975676, networkLocation: /default-rack, certSerialId: null} reports an CLOSED replica.
2019-08-30 05:53:35,756 | INFO  | SCMAudit | user=jenkins1000 | ip=192.168.69.118 | op=SEND_HEARTBEAT {datanodeUUID=3db231e5-aa41-417a-9eb1-ebae727224a1, command=[]} | ret=SUCCESS |  
2019-08-30 05:53:35,780 | INFO  | SCMAudit | user=jenkins1000 | ip=192.168.69.118 | op=SEND_HEARTBEAT {datanodeUUID=0c3d5d33-5004-4ad0-a181-1b32c8916f48, command=[]} | ret=SUCCESS |  
2019-08-30 05:53:35,856 | INFO  | SCMAudit | user=jenkins1000 | ip=192.168.69.118 | op=SEND_HEARTBEAT {datanodeUUID=3db231e5-aa41-417a-9eb1-ebae727224a1, command=[]} | ret=SUCCESS |  
2019-08-30 05:53:35,880 | INFO  | SCMAudit | user=jenkins1000 | ip=192.168.69.118 | op=SEND_HEARTBEAT {datanodeUUID=0c3d5d33-5004-4ad0-a181-1b32c8916f48, command=[]} | ret=SUCCESS |  
2019-08-30 05:53:35,956 | INFO  | SCMAudit | user=jenkins1000 | ip=192.168.69.118 | op=SEND_HEARTBEAT {datanodeUUID=3db231e5-aa41-417a-9eb1-ebae727224a1, command=[]} | ret=SUCCESS |  
2019-08-30 05:53:35,956 [EventQueue-ContainerReportForContainerReportHandler] WARN  container.ContainerReportHandler (AbstractContainerReportHandler.java:updateContainerState(143)) - Container #1 is in OPEN state, but the datanode 3db231e5-aa41-417a-9eb1-ebae727224a1{ip: 192.168.69.118, host: trunk-nightly-20190830-rr75b-3244975676, networkLocation: /default-rack, certSerialId: null} reports an CLOSED replica.
2019-08-30 05:53:35,980 | INFO  | SCMAudit | user=jenkins1000 | ip=192.168.69.118 | op=SEND_HEARTBEAT {datanodeUUID=0c3d5d33-5004-4ad0-a181-1b32c8916f48, command=[]} | ret=SUCCESS |  
2019-08-30 05:53:36,037 [grpc-default-executor-0] WARN  server.GrpcLogAppender (LogUtils.java:warn(134)) - 0c3d5d33-5004-4ad0-a181-1b32c8916f48->39b5c586-5c16-4d91-b521-ddac34f0fc4c: Failed appendEntries: org.apache.ratis.thirdparty.io.grpc.StatusRuntimeException: UNAVAILABLE: io exception
2019-08-30 05:53:36,040 [grpc-default-executor-0] INFO  impl.FollowerInfo (FollowerInfo.java:lambda$new$0(50)) - 0c3d5d33-5004-4ad0-a181-1b32c8916f48->39b5c586-5c16-4d91-b521-ddac34f0fc4c: nextIndex: updateUnconditionally 0 -> 0
2019-08-30 05:53:36,056 | INFO  | SCMAudit | user=jenkins1000 | ip=192.168.69.118 | op=SEND_HEARTBEAT {datanodeUUID=3db231e5-aa41-417a-9eb1-ebae727224a1, command=[]} | ret=SUCCESS |  
2019-08-30 05:53:36,068 [BlockDeletingService#2] WARN  background.BlockDeletingService (BlockDeletingService.java:isDeletionAllowed(186)) - Close Container log Index 6 is not replicated across allthe servers in the pipeline 1239619d-f8f3-45fb-8433-f96d3aac4001 as the min replicated index is 4. Deletion is not allowed in this container yet.
2019-08-30 05:53:36,068 [BlockDeletingService#6] WARN  background.BlockDeletingService (BlockDeletingService.java:isDeletionAllowed(186)) - Close Container log Index 6 is not replicated across allthe servers in the pipeline 1239619d-f8f3-45fb-8433-f96d3aac4001 as the min replicated index is 4. Deletion is not allowed in this container yet.
2019-08-30 05:53:36,080 | INFO  | SCMAudit | user=jenkins1000 | ip=192.168.69.118 | op=SEND_HEARTBEAT {datanodeUUID=0c3d5d33-5004-4ad0-a181-1b32c8916f48, command=[]} | ret=SUCCESS |  
2019-08-30 05:53:36,081 [EventQueue-ContainerReportForContainerReportHandler] WARN  container.ContainerReportHandler (AbstractContainerReportHandler.java:updateContainerState(143)) - Container #1 is in OPEN state, but the datanode 0c3d5d33-5004-4ad0-a181-1b32c8916f48{ip: 192.168.69.118, host: trunk-nightly-20190830-rr75b-3244975676, networkLocation: /default-rack, certSerialId: null} reports an CLOSED replica.
2019-08-30 05:53:36,156 | INFO  | SCMAudit | user=jenkins1000 | ip=192.168.69.118 | op=SEND_HEARTBEAT {datanodeUUID=3db231e5-aa41-417a-9eb1-ebae727224a1, command=[]} | ret=SUCCESS |  
2019-08-30 05:53:36,181 | INFO  | SCMAudit | user=jenkins1000 | ip=192.168.69.118 | op=SEND_HEARTBEAT {datanodeUUID=0c3d5d33-5004-4ad0-a181-1b32c8916f48, command=[]} | ret=SUCCESS |  
2019-08-30 05:53:36,257 | INFO  | SCMAudit | user=jenkins1000 | ip=192.168.69.118 | op=SEND_HEARTBEAT {datanodeUUID=3db231e5-aa41-417a-9eb1-ebae727224a1, command=[]} | ret=SUCCESS |  
2019-08-30 05:53:36,257 [EventQueue-ContainerReportForContainerReportHandler] WARN  container.ContainerReportHandler (AbstractContainerReportHandler.java:updateContainerState(143)) - Container #1 is in OPEN state, but the datanode 3db231e5-aa41-417a-9eb1-ebae727224a1{ip: 192.168.69.118, host: trunk-nightly-20190830-rr75b-3244975676, networkLocation: /default-rack, certSerialId: null} reports an CLOSED replica.
2019-08-30 05:53:36,281 | INFO  | SCMAudit | user=jenkins1000 | ip=192.168.69.118 | op=SEND_HEARTBEAT {datanodeUUID=0c3d5d33-5004-4ad0-a181-1b32c8916f48, command=[]} | ret=SUCCESS |  
2019-08-30 05:53:36,281 [EventQueue-ContainerReportForContainerReportHandler] WARN  container.ContainerReportHandler (AbstractContainerReportHandler.java:updateContainerState(143)) - Container #1 is in OPEN state, but the datanode 0c3d5d33-5004-4ad0-a181-1b32c8916f48{ip: 192.168.69.118, host: trunk-nightly-20190830-rr75b-3244975676, networkLocation: /default-rack, certSerialId: null} reports an CLOSED replica.
2019-08-30 05:53:36,357 | INFO  | SCMAudit | user=jenkins1000 | ip=192.168.69.118 | op=SEND_HEARTBEAT {datanodeUUID=3db231e5-aa41-417a-9eb1-ebae727224a1, command=[]} | ret=SUCCESS |  
2019-08-30 05:53:36,381 | INFO  | SCMAudit | user=jenkins1000 | ip=192.168.69.118 | op=SEND_HEARTBEAT {datanodeUUID=0c3d5d33-5004-4ad0-a181-1b32c8916f48, command=[]} | ret=SUCCESS |  
2019-08-30 05:53:36,457 | INFO  | SCMAudit | user=jenkins1000 | ip=192.168.69.118 | op=SEND_HEARTBEAT {datanodeUUID=3db231e5-aa41-417a-9eb1-ebae727224a1, command=[]} | ret=SUCCESS |  
2019-08-30 05:53:36,481 | INFO  | SCMAudit | user=jenkins1000 | ip=192.168.69.118 | op=SEND_HEARTBEAT {datanodeUUID=0c3d5d33-5004-4ad0-a181-1b32c8916f48, command=[]} | ret=SUCCESS |  
2019-08-30 05:53:36,558 | INFO  | SCMAudit | user=jenkins1000 | ip=192.168.69.118 | op=SEND_HEARTBEAT {datanodeUUID=3db231e5-aa41-417a-9eb1-ebae727224a1, command=[]} | ret=SUCCESS |  
2019-08-30 05:53:36,558 [EventQueue-ContainerReportForContainerReportHandler] WARN  container.ContainerReportHandler (AbstractContainerReportHandler.java:updateContainerState(143)) - Container #1 is in OPEN state, but the datanode 3db231e5-aa41-417a-9eb1-ebae727224a1{ip: 192.168.69.118, host: trunk-nightly-20190830-rr75b-3244975676, networkLocation: /default-rack, certSerialId: null} reports an CLOSED replica.
2019-08-30 05:53:36,581 | INFO  | SCMAudit | user=jenkins1000 | ip=192.168.69.118 | op=SEND_HEARTBEAT {datanodeUUID=0c3d5d33-5004-4ad0-a181-1b32c8916f48, command=[]} | ret=SUCCESS |  
2019-08-30 05:53:36,581 [EventQueue-ContainerReportForContainerReportHandler] WARN  container.ContainerReportHandler (AbstractContainerReportHandler.java:updateContainerState(143)) - Container #1 is in OPEN state, but the datanode 0c3d5d33-5004-4ad0-a181-1b32c8916f48{ip: 192.168.69.118, host: trunk-nightly-20190830-rr75b-3244975676, networkLocation: /default-rack, certSerialId: null} reports an CLOSED replica.
2019-08-30 05:53:36,657 | INFO  | SCMAudit | user=jenkins1000 | ip=192.168.69.118 | op=SEND_HEARTBEAT {datanodeUUID=3db231e5-aa41-417a-9eb1-ebae727224a1, command=[]} | ret=SUCCESS |  
2019-08-30 05:53:36,681 | INFO  | SCMAudit | user=jenkins1000 | ip=192.168.69.118 | op=SEND_HEARTBEAT {datanodeUUID=0c3d5d33-5004-4ad0-a181-1b32c8916f48, command=[]} | ret=SUCCESS |  
2019-08-30 05:53:36,757 | INFO  | SCMAudit | user=jenkins1000 | ip=192.168.69.118 | op=SEND_HEARTBEAT {datanodeUUID=3db231e5-aa41-417a-9eb1-ebae727224a1, command=[]} | ret=SUCCESS |  
2019-08-30 05:53:36,757 [EventQueue-ContainerReportForContainerReportHandler] WARN  container.ContainerReportHandler (AbstractContainerReportHandler.java:updateContainerState(143)) - Container #1 is in OPEN state, but the datanode 3db231e5-aa41-417a-9eb1-ebae727224a1{ip: 192.168.69.118, host: trunk-nightly-20190830-rr75b-3244975676, networkLocation: /default-rack, certSerialId: null} reports an CLOSED replica.
2019-08-30 05:53:36,781 | INFO  | SCMAudit | user=jenkins1000 | ip=192.168.69.118 | op=SEND_HEARTBEAT {datanodeUUID=0c3d5d33-5004-4ad0-a181-1b32c8916f48, command=[]} | ret=SUCCESS |  
2019-08-30 05:53:36,781 [EventQueue-ContainerReportForContainerReportHandler] WARN  container.ContainerReportHandler (AbstractContainerReportHandler.java:updateContainerState(143)) - Container #1 is in OPEN state, but the datanode 0c3d5d33-5004-4ad0-a181-1b32c8916f48{ip: 192.168.69.118, host: trunk-nightly-20190830-rr75b-3244975676, networkLocation: /default-rack, certSerialId: null} reports an CLOSED replica.
2019-08-30 05:53:36,857 | INFO  | SCMAudit | user=jenkins1000 | ip=192.168.69.118 | op=SEND_HEARTBEAT {datanodeUUID=3db231e5-aa41-417a-9eb1-ebae727224a1, command=[]} | ret=SUCCESS |  
2019-08-30 05:53:36,881 | INFO  | SCMAudit | user=jenkins1000 | ip=192.168.69.118 | op=SEND_HEARTBEAT {datanodeUUID=0c3d5d33-5004-4ad0-a181-1b32c8916f48, command=[]} | ret=SUCCESS |  
2019-08-30 05:53:36,958 | INFO  | SCMAudit | user=jenkins1000 | ip=192.168.69.118 | op=SEND_HEARTBEAT {datanodeUUID=3db231e5-aa41-417a-9eb1-ebae727224a1, command=[]} | ret=SUCCESS |  
2019-08-30 05:53:36,982 | INFO  | SCMAudit | user=jenkins1000 | ip=192.168.69.118 | op=SEND_HEARTBEAT {datanodeUUID=0c3d5d33-5004-4ad0-a181-1b32c8916f48, command=[]} | ret=SUCCESS |  
2019-08-30 05:53:37,057 | INFO  | SCMAudit | user=jenkins1000 | ip=192.168.69.118 | op=SEND_HEARTBEAT {datanodeUUID=3db231e5-aa41-417a-9eb1-ebae727224a1, command=[]} | ret=SUCCESS |  
2019-08-30 05:53:37,057 [EventQueue-ContainerReportForContainerReportHandler] WARN  container.ContainerReportHandler (AbstractContainerReportHandler.java:updateContainerState(143)) - Container #1 is in OPEN state, but the datanode 3db231e5-aa41-417a-9eb1-ebae727224a1{ip: 192.168.69.118, host: trunk-nightly-20190830-rr75b-3244975676, networkLocation: /default-rack, certSerialId: null} reports an CLOSED replica.
2019-08-30 05:53:37,069 [BlockDeletingService#2] WARN  background.BlockDeletingService (BlockDeletingService.java:isDeletionAllowed(186)) - Close Container log Index 6 is not replicated across allthe servers in the pipeline 1239619d-f8f3-45fb-8433-f96d3aac4001 as the min replicated index is 4. Deletion is not allowed in this container yet.
2019-08-30 05:53:37,069 [BlockDeletingService#6] WARN  background.BlockDeletingService (BlockDeletingService.java:isDeletionAllowed(186)) - Close Container log Index 6 is not replicated across allthe servers in the pipeline 1239619d-f8f3-45fb-8433-f96d3aac4001 as the min replicated index is 4. Deletion is not allowed in this container yet.
2019-08-30 05:53:37,081 | INFO  | SCMAudit | user=jenkins1000 | ip=192.168.69.118 | op=SEND_HEARTBEAT {datanodeUUID=0c3d5d33-5004-4ad0-a181-1b32c8916f48, command=[]} | ret=SUCCESS |  
2019-08-30 05:53:37,081 [EventQueue-ContainerReportForContainerReportHandler] WARN  container.ContainerReportHandler (AbstractContainerReportHandler.java:updateContainerState(143)) - Container #1 is in OPEN state, but the datanode 0c3d5d33-5004-4ad0-a181-1b32c8916f48{ip: 192.168.69.118, host: trunk-nightly-20190830-rr75b-3244975676, networkLocation: /default-rack, certSerialId: null} reports an CLOSED replica.
2019-08-30 05:53:37,157 | INFO  | SCMAudit | user=jenkins1000 | ip=192.168.69.118 | op=SEND_HEARTBEAT {datanodeUUID=3db231e5-aa41-417a-9eb1-ebae727224a1, command=[]} | ret=SUCCESS |  
2019-08-30 05:53:37,181 | INFO  | SCMAudit | user=jenkins1000 | ip=192.168.69.118 | op=SEND_HEARTBEAT {datanodeUUID=0c3d5d33-5004-4ad0-a181-1b32c8916f48, command=[]} | ret=SUCCESS |  
2019-08-30 05:53:37,257 | INFO  | SCMAudit | user=jenkins1000 | ip=192.168.69.118 | op=SEND_HEARTBEAT {datanodeUUID=3db231e5-aa41-417a-9eb1-ebae727224a1, command=[]} | ret=SUCCESS |  
2019-08-30 05:53:37,281 | INFO  | SCMAudit | user=jenkins1000 | ip=192.168.69.118 | op=SEND_HEARTBEAT {datanodeUUID=0c3d5d33-5004-4ad0-a181-1b32c8916f48, command=[]} | ret=SUCCESS |  
2019-08-30 05:53:37,281 [EventQueue-ContainerReportForContainerReportHandler] WARN  container.ContainerReportHandler (AbstractContainerReportHandler.java:updateContainerState(143)) - Container #1 is in OPEN state, but the datanode 0c3d5d33-5004-4ad0-a181-1b32c8916f48{ip: 192.168.69.118, host: trunk-nightly-20190830-rr75b-3244975676, networkLocation: /default-rack, certSerialId: null} reports an CLOSED replica.
2019-08-30 05:53:37,358 | INFO  | SCMAudit | user=jenkins1000 | ip=192.168.69.118 | op=SEND_HEARTBEAT {datanodeUUID=3db231e5-aa41-417a-9eb1-ebae727224a1, command=[]} | ret=SUCCESS |  
2019-08-30 05:53:37,358 [EventQueue-ContainerReportForContainerReportHandler] WARN  container.ContainerReportHandler (AbstractContainerReportHandler.java:updateContainerState(143)) - Container #1 is in OPEN state, but the datanode 3db231e5-aa41-417a-9eb1-ebae727224a1{ip: 192.168.69.118, host: trunk-nightly-20190830-rr75b-3244975676, networkLocation: /default-rack, certSerialId: null} reports an CLOSED replica.
2019-08-30 05:53:37,381 | INFO  | SCMAudit | user=jenkins1000 | ip=192.168.69.118 | op=SEND_HEARTBEAT {datanodeUUID=0c3d5d33-5004-4ad0-a181-1b32c8916f48, command=[]} | ret=SUCCESS |  
2019-08-30 05:53:37,458 | INFO  | SCMAudit | user=jenkins1000 | ip=192.168.69.118 | op=SEND_HEARTBEAT {datanodeUUID=3db231e5-aa41-417a-9eb1-ebae727224a1, command=[]} | ret=SUCCESS |  
2019-08-30 05:53:37,481 | INFO  | SCMAudit | user=jenkins1000 | ip=192.168.69.118 | op=SEND_HEARTBEAT {datanodeUUID=0c3d5d33-5004-4ad0-a181-1b32c8916f48, command=[]} | ret=SUCCESS |  
2019-08-30 05:53:37,559 | INFO  | SCMAudit | user=jenkins1000 | ip=192.168.69.118 | op=SEND_HEARTBEAT {datanodeUUID=3db231e5-aa41-417a-9eb1-ebae727224a1, command=[]} | ret=SUCCESS |  
2019-08-30 05:53:37,581 | INFO  | SCMAudit | user=jenkins1000 | ip=192.168.69.118 | op=SEND_HEARTBEAT {datanodeUUID=0c3d5d33-5004-4ad0-a181-1b32c8916f48, command=[]} | ret=SUCCESS |  
2019-08-30 05:53:37,658 | INFO  | SCMAudit | user=jenkins1000 | ip=192.168.69.118 | op=SEND_HEARTBEAT {datanodeUUID=3db231e5-aa41-417a-9eb1-ebae727224a1, command=[]} | ret=SUCCESS |  
2019-08-30 05:53:37,658 [EventQueue-ContainerReportForContainerReportHandler] WARN  container.ContainerReportHandler (AbstractContainerReportHandler.java:updateContainerState(143)) - Container #1 is in OPEN state, but the datanode 3db231e5-aa41-417a-9eb1-ebae727224a1{ip: 192.168.69.118, host: trunk-nightly-20190830-rr75b-3244975676, networkLocation: /default-rack, certSerialId: null} reports an CLOSED replica.
2019-08-30 05:53:37,681 | INFO  | SCMAudit | user=jenkins1000 | ip=192.168.69.118 | op=SEND_HEARTBEAT {datanodeUUID=0c3d5d33-5004-4ad0-a181-1b32c8916f48, command=[]} | ret=SUCCESS |  
2019-08-30 05:53:37,681 [EventQueue-ContainerReportForContainerReportHandler] WARN  container.ContainerReportHandler (AbstractContainerReportHandler.java:updateContainerState(143)) - Container #1 is in OPEN state, but the datanode 0c3d5d33-5004-4ad0-a181-1b32c8916f48{ip: 192.168.69.118, host: trunk-nightly-20190830-rr75b-3244975676, networkLocation: /default-rack, certSerialId: null} reports an CLOSED replica.
2019-08-30 05:53:37,758 | INFO  | SCMAudit | user=jenkins1000 | ip=192.168.69.118 | op=SEND_HEARTBEAT {datanodeUUID=3db231e5-aa41-417a-9eb1-ebae727224a1, command=[]} | ret=SUCCESS |  
2019-08-30 05:53:37,781 | INFO  | SCMAudit | user=jenkins1000 | ip=192.168.69.118 | op=SEND_HEARTBEAT {datanodeUUID=0c3d5d33-5004-4ad0-a181-1b32c8916f48, command=[]} | ret=SUCCESS |  
2019-08-30 05:53:37,858 | INFO  | SCMAudit | user=jenkins1000 | ip=192.168.69.118 | op=SEND_HEARTBEAT {datanodeUUID=3db231e5-aa41-417a-9eb1-ebae727224a1, command=[]} | ret=SUCCESS |  
2019-08-30 05:53:37,858 [EventQueue-ContainerReportForContainerReportHandler] WARN  container.ContainerReportHandler (AbstractContainerReportHandler.java:updateContainerState(143)) - Container #1 is in OPEN state, but the datanode 3db231e5-aa41-417a-9eb1-ebae727224a1{ip: 192.168.69.118, host: trunk-nightly-20190830-rr75b-3244975676, networkLocation: /default-rack, certSerialId: null} reports an CLOSED replica.
2019-08-30 05:53:37,881 | INFO  | SCMAudit | user=jenkins1000 | ip=192.168.69.118 | op=SEND_HEARTBEAT {datanodeUUID=0c3d5d33-5004-4ad0-a181-1b32c8916f48, command=[]} | ret=SUCCESS |  
2019-08-30 05:53:37,958 | INFO  | SCMAudit | user=jenkins1000 | ip=192.168.69.118 | op=SEND_HEARTBEAT {datanodeUUID=3db231e5-aa41-417a-9eb1-ebae727224a1, command=[]} | ret=SUCCESS |  
2019-08-30 05:53:37,981 | INFO  | SCMAudit | user=jenkins1000 | ip=192.168.69.118 | op=SEND_HEARTBEAT {datanodeUUID=0c3d5d33-5004-4ad0-a181-1b32c8916f48, command=[]} | ret=SUCCESS |  
2019-08-30 05:53:37,981 [EventQueue-ContainerReportForContainerReportHandler] WARN  container.ContainerReportHandler (AbstractContainerReportHandler.java:updateContainerState(143)) - Container #1 is in OPEN state, but the datanode 0c3d5d33-5004-4ad0-a181-1b32c8916f48{ip: 192.168.69.118, host: trunk-nightly-20190830-rr75b-3244975676, networkLocation: /default-rack, certSerialId: null} reports an CLOSED replica.
2019-08-30 05:53:38,059 | INFO  | SCMAudit | user=jenkins1000 | ip=192.168.69.118 | op=SEND_HEARTBEAT {datanodeUUID=3db231e5-aa41-417a-9eb1-ebae727224a1, command=[]} | ret=SUCCESS |  
2019-08-30 05:53:38,071 [BlockDeletingService#2] WARN  background.BlockDeletingService (BlockDeletingService.java:isDeletionAllowed(186)) - Close Container log Index 6 is not replicated across allthe servers in the pipeline 1239619d-f8f3-45fb-8433-f96d3aac4001 as the min replicated index is 4. Deletion is not allowed in this container yet.
2019-08-30 05:53:38,071 [BlockDeletingService#6] WARN  background.BlockDeletingService (BlockDeletingService.java:isDeletionAllowed(186)) - Close Container log Index 6 is not replicated across allthe servers in the pipeline 1239619d-f8f3-45fb-8433-f96d3aac4001 as the min replicated index is 4. Deletion is not allowed in this container yet.
2019-08-30 05:53:38,081 | INFO  | SCMAudit | user=jenkins1000 | ip=192.168.69.118 | op=SEND_HEARTBEAT {datanodeUUID=0c3d5d33-5004-4ad0-a181-1b32c8916f48, command=[]} | ret=SUCCESS |  
2019-08-30 05:53:38,160 | INFO  | SCMAudit | user=jenkins1000 | ip=192.168.69.118 | op=SEND_HEARTBEAT {datanodeUUID=3db231e5-aa41-417a-9eb1-ebae727224a1, command=[]} | ret=SUCCESS |  
2019-08-30 05:53:38,181 | INFO  | SCMAudit | user=jenkins1000 | ip=192.168.69.118 | op=SEND_HEARTBEAT {datanodeUUID=0c3d5d33-5004-4ad0-a181-1b32c8916f48, command=[]} | ret=SUCCESS |  
2019-08-30 05:53:38,261 | INFO  | SCMAudit | user=jenkins1000 | ip=192.168.69.118 | op=SEND_HEARTBEAT {datanodeUUID=3db231e5-aa41-417a-9eb1-ebae727224a1, command=[]} | ret=SUCCESS |  
2019-08-30 05:53:38,261 [EventQueue-ContainerReportForContainerReportHandler] WARN  container.ContainerReportHandler (AbstractContainerReportHandler.java:updateContainerState(143)) - Container #1 is in OPEN state, but the datanode 3db231e5-aa41-417a-9eb1-ebae727224a1{ip: 192.168.69.118, host: trunk-nightly-20190830-rr75b-3244975676, networkLocation: /default-rack, certSerialId: null} reports an CLOSED replica.
2019-08-30 05:53:38,281 | INFO  | SCMAudit | user=jenkins1000 | ip=192.168.69.118 | op=SEND_HEARTBEAT {datanodeUUID=0c3d5d33-5004-4ad0-a181-1b32c8916f48, command=[]} | ret=SUCCESS |  
2019-08-30 05:53:38,361 | INFO  | SCMAudit | user=jenkins1000 | ip=192.168.69.118 | op=SEND_HEARTBEAT {datanodeUUID=3db231e5-aa41-417a-9eb1-ebae727224a1, command=[]} | ret=SUCCESS |  
2019-08-30 05:53:38,382 | INFO  | SCMAudit | user=jenkins1000 | ip=192.168.69.118 | op=SEND_HEARTBEAT {datanodeUUID=0c3d5d33-5004-4ad0-a181-1b32c8916f48, command=[]} | ret=SUCCESS |  
2019-08-30 05:53:38,382 [EventQueue-ContainerReportForContainerReportHandler] WARN  container.ContainerReportHandler (AbstractContainerReportHandler.java:updateContainerState(143)) - Container #1 is in OPEN state, but the datanode 0c3d5d33-5004-4ad0-a181-1b32c8916f48{ip: 192.168.69.118, host: trunk-nightly-20190830-rr75b-3244975676, networkLocation: /default-rack, certSerialId: null} reports an CLOSED replica.
2019-08-30 05:53:38,461 | INFO  | SCMAudit | user=jenkins1000 | ip=192.168.69.118 | op=SEND_HEARTBEAT {datanodeUUID=3db231e5-aa41-417a-9eb1-ebae727224a1, command=[]} | ret=SUCCESS |  
2019-08-30 05:53:38,482 | INFO  | SCMAudit | user=jenkins1000 | ip=192.168.69.118 | op=SEND_HEARTBEAT {datanodeUUID=0c3d5d33-5004-4ad0-a181-1b32c8916f48, command=[]} | ret=SUCCESS |  
2019-08-30 05:53:38,534 [grpc-default-executor-0] WARN  server.GrpcLogAppender (LogUtils.java:warn(134)) - 0c3d5d33-5004-4ad0-a181-1b32c8916f48->39b5c586-5c16-4d91-b521-ddac34f0fc4c: Failed appendEntries: org.apache.ratis.thirdparty.io.grpc.StatusRuntimeException: UNAVAILABLE: io exception
2019-08-30 05:53:38,536 [grpc-default-executor-0] INFO  impl.FollowerInfo (FollowerInfo.java:lambda$new$0(50)) - 0c3d5d33-5004-4ad0-a181-1b32c8916f48->39b5c586-5c16-4d91-b521-ddac34f0fc4c: nextIndex: updateUnconditionally 0 -> 0
2019-08-30 05:53:38,561 | INFO  | SCMAudit | user=jenkins1000 | ip=192.168.69.118 | op=SEND_HEARTBEAT {datanodeUUID=3db231e5-aa41-417a-9eb1-ebae727224a1, command=[]} | ret=SUCCESS |  
2019-08-30 05:53:38,561 [EventQueue-ContainerReportForContainerReportHandler] WARN  container.ContainerReportHandler (AbstractContainerReportHandler.java:updateContainerState(143)) - Container #1 is in OPEN state, but the datanode 3db231e5-aa41-417a-9eb1-ebae727224a1{ip: 192.168.69.118, host: trunk-nightly-20190830-rr75b-3244975676, networkLocation: /default-rack, certSerialId: null} reports an CLOSED replica.
2019-08-30 05:53:38,582 | INFO  | SCMAudit | user=jenkins1000 | ip=192.168.69.118 | op=SEND_HEARTBEAT {datanodeUUID=0c3d5d33-5004-4ad0-a181-1b32c8916f48, command=[]} | ret=SUCCESS |  
2019-08-30 05:53:38,661 | INFO  | SCMAudit | user=jenkins1000 | ip=192.168.69.118 | op=SEND_HEARTBEAT {datanodeUUID=3db231e5-aa41-417a-9eb1-ebae727224a1, command=[]} | ret=SUCCESS |  
2019-08-30 05:53:38,683 | INFO  | SCMAudit | user=jenkins1000 | ip=192.168.69.118 | op=SEND_HEARTBEAT {datanodeUUID=0c3d5d33-5004-4ad0-a181-1b32c8916f48, command=[]} | ret=SUCCESS |  
2019-08-30 05:53:38,683 [EventQueue-ContainerReportForContainerReportHandler] WARN  container.ContainerReportHandler (AbstractContainerReportHandler.java:updateContainerState(143)) - Container #1 is in OPEN state, but the datanode 0c3d5d33-5004-4ad0-a181-1b32c8916f48{ip: 192.168.69.118, host: trunk-nightly-20190830-rr75b-3244975676, networkLocation: /default-rack, certSerialId: null} reports an CLOSED replica.
2019-08-30 05:53:38,762 | INFO  | SCMAudit | user=jenkins1000 | ip=192.168.69.118 | op=SEND_HEARTBEAT {datanodeUUID=3db231e5-aa41-417a-9eb1-ebae727224a1, command=[]} | ret=SUCCESS |  
2019-08-30 05:53:38,762 [EventQueue-ContainerReportForContainerReportHandler] WARN  container.ContainerReportHandler (AbstractContainerReportHandler.java:updateContainerState(143)) - Container #1 is in OPEN state, but the datanode 3db231e5-aa41-417a-9eb1-ebae727224a1{ip: 192.168.69.118, host: trunk-nightly-20190830-rr75b-3244975676, networkLocation: /default-rack, certSerialId: null} reports an CLOSED replica.
2019-08-30 05:53:38,783 | INFO  | SCMAudit | user=jenkins1000 | ip=192.168.69.118 | op=SEND_HEARTBEAT {datanodeUUID=0c3d5d33-5004-4ad0-a181-1b32c8916f48, command=[]} | ret=SUCCESS |  
2019-08-30 05:53:38,861 | INFO  | SCMAudit | user=jenkins1000 | ip=192.168.69.118 | op=SEND_HEARTBEAT {datanodeUUID=3db231e5-aa41-417a-9eb1-ebae727224a1, command=[]} | ret=SUCCESS |  
2019-08-30 05:53:38,883 | INFO  | SCMAudit | user=jenkins1000 | ip=192.168.69.118 | op=SEND_HEARTBEAT {datanodeUUID=0c3d5d33-5004-4ad0-a181-1b32c8916f48, command=[]} | ret=SUCCESS |  
2019-08-30 05:53:38,961 | INFO  | SCMAudit | user=jenkins1000 | ip=192.168.69.118 | op=SEND_HEARTBEAT {datanodeUUID=3db231e5-aa41-417a-9eb1-ebae727224a1, command=[]} | ret=SUCCESS |  
2019-08-30 05:53:38,983 | INFO  | SCMAudit | user=jenkins1000 | ip=192.168.69.118 | op=SEND_HEARTBEAT {datanodeUUID=0c3d5d33-5004-4ad0-a181-1b32c8916f48, command=[]} | ret=SUCCESS |  
2019-08-30 05:53:38,983 [EventQueue-ContainerReportForContainerReportHandler] WARN  container.ContainerReportHandler (AbstractContainerReportHandler.java:updateContainerState(143)) - Container #1 is in OPEN state, but the datanode 0c3d5d33-5004-4ad0-a181-1b32c8916f48{ip: 192.168.69.118, host: trunk-nightly-20190830-rr75b-3244975676, networkLocation: /default-rack, certSerialId: null} reports an CLOSED replica.
2019-08-30 05:53:39,061 | INFO  | SCMAudit | user=jenkins1000 | ip=192.168.69.118 | op=SEND_HEARTBEAT {datanodeUUID=3db231e5-aa41-417a-9eb1-ebae727224a1, command=[]} | ret=SUCCESS |  
2019-08-30 05:53:39,073 [BlockDeletingService#6] WARN  background.BlockDeletingService (BlockDeletingService.java:isDeletionAllowed(186)) - Close Container log Index 6 is not replicated across allthe servers in the pipeline 1239619d-f8f3-45fb-8433-f96d3aac4001 as the min replicated index is 4. Deletion is not allowed in this container yet.
2019-08-30 05:53:39,073 [BlockDeletingService#2] WARN  background.BlockDeletingService (BlockDeletingService.java:isDeletionAllowed(186)) - Close Container log Index 6 is not replicated across allthe servers in the pipeline 1239619d-f8f3-45fb-8433-f96d3aac4001 as the min replicated index is 4. Deletion is not allowed in this container yet.
2019-08-30 05:53:39,083 | INFO  | SCMAudit | user=jenkins1000 | ip=192.168.69.118 | op=SEND_HEARTBEAT {datanodeUUID=0c3d5d33-5004-4ad0-a181-1b32c8916f48, command=[]} | ret=SUCCESS |  
2019-08-30 05:53:39,161 | INFO  | SCMAudit | user=jenkins1000 | ip=192.168.69.118 | op=SEND_HEARTBEAT {datanodeUUID=3db231e5-aa41-417a-9eb1-ebae727224a1, command=[]} | ret=SUCCESS |  
2019-08-30 05:53:39,161 [EventQueue-ContainerReportForContainerReportHandler] WARN  container.ContainerReportHandler (AbstractContainerReportHandler.java:updateContainerState(143)) - Container #1 is in OPEN state, but the datanode 3db231e5-aa41-417a-9eb1-ebae727224a1{ip: 192.168.69.118, host: trunk-nightly-20190830-rr75b-3244975676, networkLocation: /default-rack, certSerialId: null} reports an CLOSED replica.
2019-08-30 05:53:39,183 | INFO  | SCMAudit | user=jenkins1000 | ip=192.168.69.118 | op=SEND_HEARTBEAT {datanodeUUID=0c3d5d33-5004-4ad0-a181-1b32c8916f48, command=[]} | ret=SUCCESS |  
2019-08-30 05:53:39,261 | INFO  | SCMAudit | user=jenkins1000 | ip=192.168.69.118 | op=SEND_HEARTBEAT {datanodeUUID=3db231e5-aa41-417a-9eb1-ebae727224a1, command=[]} | ret=SUCCESS |  
2019-08-30 05:53:39,283 | INFO  | SCMAudit | user=jenkins1000 | ip=192.168.69.118 | op=SEND_HEARTBEAT {datanodeUUID=0c3d5d33-5004-4ad0-a181-1b32c8916f48, command=[]} | ret=SUCCESS |  
2019-08-30 05:53:39,283 [EventQueue-ContainerReportForContainerReportHandler] WARN  container.ContainerReportHandler (AbstractContainerReportHandler.java:updateContainerState(143)) - Container #1 is in OPEN state, but the datanode 0c3d5d33-5004-4ad0-a181-1b32c8916f48{ip: 192.168.69.118, host: trunk-nightly-20190830-rr75b-3244975676, networkLocation: /default-rack, certSerialId: null} reports an CLOSED replica.
2019-08-30 05:53:39,361 | INFO  | SCMAudit | user=jenkins1000 | ip=192.168.69.118 | op=SEND_HEARTBEAT {datanodeUUID=3db231e5-aa41-417a-9eb1-ebae727224a1, command=[]} | ret=SUCCESS |  
2019-08-30 05:53:39,384 | INFO  | SCMAudit | user=jenkins1000 | ip=192.168.69.118 | op=SEND_HEARTBEAT {datanodeUUID=0c3d5d33-5004-4ad0-a181-1b32c8916f48, command=[]} | ret=SUCCESS |  
2019-08-30 05:53:39,462 | INFO  | SCMAudit | user=jenkins1000 | ip=192.168.69.118 | op=SEND_HEARTBEAT {datanodeUUID=3db231e5-aa41-417a-9eb1-ebae727224a1, command=[]} | ret=SUCCESS |  
2019-08-30 05:53:39,483 | INFO  | SCMAudit | user=jenkins1000 | ip=192.168.69.118 | op=SEND_HEARTBEAT {datanodeUUID=0c3d5d33-5004-4ad0-a181-1b32c8916f48, command=[]} | ret=SUCCESS |  
2019-08-30 05:53:39,562 | INFO  | SCMAudit | user=jenkins1000 | ip=192.168.69.118 | op=SEND_HEARTBEAT {datanodeUUID=3db231e5-aa41-417a-9eb1-ebae727224a1, command=[]} | ret=SUCCESS |  
2019-08-30 05:53:39,562 [EventQueue-ContainerReportForContainerReportHandler] WARN  container.ContainerReportHandler (AbstractContainerReportHandler.java:updateContainerState(143)) - Container #1 is in OPEN state, but the datanode 3db231e5-aa41-417a-9eb1-ebae727224a1{ip: 192.168.69.118, host: trunk-nightly-20190830-rr75b-3244975676, networkLocation: /default-rack, certSerialId: null} reports an CLOSED replica.
2019-08-30 05:53:39,583 | INFO  | SCMAudit | user=jenkins1000 | ip=192.168.69.118 | op=SEND_HEARTBEAT {datanodeUUID=0c3d5d33-5004-4ad0-a181-1b32c8916f48, command=[]} | ret=SUCCESS |  
2019-08-30 05:53:39,584 [EventQueue-ContainerReportForContainerReportHandler] WARN  container.ContainerReportHandler (AbstractContainerReportHandler.java:updateContainerState(143)) - Container #1 is in OPEN state, but the datanode 0c3d5d33-5004-4ad0-a181-1b32c8916f48{ip: 192.168.69.118, host: trunk-nightly-20190830-rr75b-3244975676, networkLocation: /default-rack, certSerialId: null} reports an CLOSED replica.
2019-08-30 05:53:39,662 | INFO  | SCMAudit | user=jenkins1000 | ip=192.168.69.118 | op=SEND_HEARTBEAT {datanodeUUID=3db231e5-aa41-417a-9eb1-ebae727224a1, command=[]} | ret=SUCCESS |  
2019-08-30 05:53:39,684 | INFO  | SCMAudit | user=jenkins1000 | ip=192.168.69.118 | op=SEND_HEARTBEAT {datanodeUUID=0c3d5d33-5004-4ad0-a181-1b32c8916f48, command=[]} | ret=SUCCESS |  
2019-08-30 05:53:39,763 | INFO  | SCMAudit | user=jenkins1000 | ip=192.168.69.118 | op=SEND_HEARTBEAT {datanodeUUID=3db231e5-aa41-417a-9eb1-ebae727224a1, command=[]} | ret=SUCCESS |  
2019-08-30 05:53:39,784 | INFO  | SCMAudit | user=jenkins1000 | ip=192.168.69.118 | op=SEND_HEARTBEAT {datanodeUUID=0c3d5d33-5004-4ad0-a181-1b32c8916f48, command=[]} | ret=SUCCESS |  
2019-08-30 05:53:39,863 | INFO  | SCMAudit | user=jenkins1000 | ip=192.168.69.118 | op=SEND_HEARTBEAT {datanodeUUID=3db231e5-aa41-417a-9eb1-ebae727224a1, command=[]} | ret=SUCCESS |  
2019-08-30 05:53:39,863 [EventQueue-ContainerReportForContainerReportHandler] WARN  container.ContainerReportHandler (AbstractContainerReportHandler.java:updateContainerState(143)) - Container #1 is in OPEN state, but the datanode 3db231e5-aa41-417a-9eb1-ebae727224a1{ip: 192.168.69.118, host: trunk-nightly-20190830-rr75b-3244975676, networkLocation: /default-rack, certSerialId: null} reports an CLOSED replica.
2019-08-30 05:53:39,884 | INFO  | SCMAudit | user=jenkins1000 | ip=192.168.69.118 | op=SEND_HEARTBEAT {datanodeUUID=0c3d5d33-5004-4ad0-a181-1b32c8916f48, command=[]} | ret=SUCCESS |  
2019-08-30 05:53:39,963 | INFO  | SCMAudit | user=jenkins1000 | ip=192.168.69.118 | op=SEND_HEARTBEAT {datanodeUUID=3db231e5-aa41-417a-9eb1-ebae727224a1, command=[]} | ret=SUCCESS |  
2019-08-30 05:53:39,984 | INFO  | SCMAudit | user=jenkins1000 | ip=192.168.69.118 | op=SEND_HEARTBEAT {datanodeUUID=0c3d5d33-5004-4ad0-a181-1b32c8916f48, command=[]} | ret=SUCCESS |  
2019-08-30 05:53:39,984 [EventQueue-ContainerReportForContainerReportHandler] WARN  container.ContainerReportHandler (AbstractContainerReportHandler.java:updateContainerState(143)) - Container #1 is in OPEN state, but the datanode 0c3d5d33-5004-4ad0-a181-1b32c8916f48{ip: 192.168.69.118, host: trunk-nightly-20190830-rr75b-3244975676, networkLocation: /default-rack, certSerialId: null} reports an CLOSED replica.
2019-08-30 05:53:40,063 | INFO  | SCMAudit | user=jenkins1000 | ip=192.168.69.118 | op=SEND_HEARTBEAT {datanodeUUID=3db231e5-aa41-417a-9eb1-ebae727224a1, command=[]} | ret=SUCCESS |  
2019-08-30 05:53:40,075 [BlockDeletingService#6] WARN  background.BlockDeletingService (BlockDeletingService.java:isDeletionAllowed(186)) - Close Container log Index 6 is not replicated across allthe servers in the pipeline 1239619d-f8f3-45fb-8433-f96d3aac4001 as the min replicated index is 4. Deletion is not allowed in this container yet.
2019-08-30 05:53:40,075 [BlockDeletingService#2] WARN  background.BlockDeletingService (BlockDeletingService.java:isDeletionAllowed(186)) - Close Container log Index 6 is not replicated across allthe servers in the pipeline 1239619d-f8f3-45fb-8433-f96d3aac4001 as the min replicated index is 4. Deletion is not allowed in this container yet.
2019-08-30 05:53:40,084 | INFO  | SCMAudit | user=jenkins1000 | ip=192.168.69.118 | op=SEND_HEARTBEAT {datanodeUUID=0c3d5d33-5004-4ad0-a181-1b32c8916f48, command=[]} | ret=SUCCESS |  
2019-08-30 05:53:40,163 | INFO  | SCMAudit | user=jenkins1000 | ip=192.168.69.118 | op=SEND_HEARTBEAT {datanodeUUID=3db231e5-aa41-417a-9eb1-ebae727224a1, command=[]} | ret=SUCCESS |  
2019-08-30 05:53:40,163 [EventQueue-ContainerReportForContainerReportHandler] WARN  container.ContainerReportHandler (AbstractContainerReportHandler.java:updateContainerState(143)) - Container #1 is in OPEN state, but the datanode 3db231e5-aa41-417a-9eb1-ebae727224a1{ip: 192.168.69.118, host: trunk-nightly-20190830-rr75b-3244975676, networkLocation: /default-rack, certSerialId: null} reports an CLOSED replica.
2019-08-30 05:53:40,184 | INFO  | SCMAudit | user=jenkins1000 | ip=192.168.69.118 | op=SEND_HEARTBEAT {datanodeUUID=0c3d5d33-5004-4ad0-a181-1b32c8916f48, command=[]} | ret=SUCCESS |  
2019-08-30 05:53:40,263 | INFO  | SCMAudit | user=jenkins1000 | ip=192.168.69.118 | op=SEND_HEARTBEAT {datanodeUUID=3db231e5-aa41-417a-9eb1-ebae727224a1, command=[]} | ret=SUCCESS |  
2019-08-30 05:53:40,284 | INFO  | SCMAudit | user=jenkins1000 | ip=192.168.69.118 | op=SEND_HEARTBEAT {datanodeUUID=0c3d5d33-5004-4ad0-a181-1b32c8916f48, command=[]} | ret=SUCCESS |  
2019-08-30 05:53:40,363 | INFO  | SCMAudit | user=jenkins1000 | ip=192.168.69.118 | op=SEND_HEARTBEAT {datanodeUUID=3db231e5-aa41-417a-9eb1-ebae727224a1, command=[]} | ret=SUCCESS |  
2019-08-30 05:53:40,384 | INFO  | SCMAudit | user=jenkins1000 | ip=192.168.69.118 | op=SEND_HEARTBEAT {datanodeUUID=0c3d5d33-5004-4ad0-a181-1b32c8916f48, command=[]} | ret=SUCCESS |  
2019-08-30 05:53:40,384 [EventQueue-ContainerReportForContainerReportHandler] WARN  container.ContainerReportHandler (AbstractContainerReportHandler.java:updateContainerState(143)) - Container #1 is in OPEN state, but the datanode 0c3d5d33-5004-4ad0-a181-1b32c8916f48{ip: 192.168.69.118, host: trunk-nightly-20190830-rr75b-3244975676, networkLocation: /default-rack, certSerialId: null} reports an CLOSED replica.
2019-08-30 05:53:40,388 [EventQueue-StaleNodeForStaleNodeHandler] INFO  node.StaleNodeHandler (StaleNodeHandler.java:onMessage(58)) - Datanode 39b5c586-5c16-4d91-b521-ddac34f0fc4c{ip: 192.168.69.118, host: trunk-nightly-20190830-rr75b-3244975676, networkLocation: /default-rack, certSerialId: null} moved to stale state. Finalizing its pipelines [PipelineID=e7e7df2d-8c7d-4035-9666-5798017b6283, PipelineID=1239619d-f8f3-45fb-8433-f96d3aac4001]
2019-08-30 05:53:40,388 [EventQueue-StaleNodeForStaleNodeHandler] INFO  pipeline.SCMPipelineManager (SCMPipelineManager.java:finalizeAndDestroyPipeline(309)) - destroying pipeline:Pipeline[ Id: e7e7df2d-8c7d-4035-9666-5798017b6283, Nodes: 39b5c586-5c16-4d91-b521-ddac34f0fc4c{ip: 192.168.69.118, host: trunk-nightly-20190830-rr75b-3244975676, networkLocation: /default-rack, certSerialId: null}, Type:RATIS, Factor:ONE, State:OPEN]
2019-08-30 05:53:40,390 [EventQueue-StaleNodeForStaleNodeHandler] INFO  pipeline.PipelineStateManager (PipelineStateManager.java:finalizePipeline(123)) - Pipeline Pipeline[ Id: e7e7df2d-8c7d-4035-9666-5798017b6283, Nodes: 39b5c586-5c16-4d91-b521-ddac34f0fc4c{ip: 192.168.69.118, host: trunk-nightly-20190830-rr75b-3244975676, networkLocation: /default-rack, certSerialId: null}, Type:RATIS, Factor:ONE, State:CLOSED] moved to CLOSED state
2019-08-30 05:53:40,393 [EventQueue-StaleNodeForStaleNodeHandler] INFO  pipeline.SCMPipelineManager (SCMPipelineManager.java:finalizeAndDestroyPipeline(309)) - destroying pipeline:Pipeline[ Id: 1239619d-f8f3-45fb-8433-f96d3aac4001, Nodes: 0c3d5d33-5004-4ad0-a181-1b32c8916f48{ip: 192.168.69.118, host: trunk-nightly-20190830-rr75b-3244975676, networkLocation: /default-rack, certSerialId: null}3db231e5-aa41-417a-9eb1-ebae727224a1{ip: 192.168.69.118, host: trunk-nightly-20190830-rr75b-3244975676, networkLocation: /default-rack, certSerialId: null}39b5c586-5c16-4d91-b521-ddac34f0fc4c{ip: 192.168.69.118, host: trunk-nightly-20190830-rr75b-3244975676, networkLocation: /default-rack, certSerialId: null}, Type:RATIS, Factor:THREE, State:OPEN]
2019-08-30 05:53:40,393 [EventQueue-StaleNodeForStaleNodeHandler] INFO  pipeline.PipelineStateManager (PipelineStateManager.java:finalizePipeline(123)) - Pipeline Pipeline[ Id: 1239619d-f8f3-45fb-8433-f96d3aac4001, Nodes: 0c3d5d33-5004-4ad0-a181-1b32c8916f48{ip: 192.168.69.118, host: trunk-nightly-20190830-rr75b-3244975676, networkLocation: /default-rack, certSerialId: null}3db231e5-aa41-417a-9eb1-ebae727224a1{ip: 192.168.69.118, host: trunk-nightly-20190830-rr75b-3244975676, networkLocation: /default-rack, certSerialId: null}39b5c586-5c16-4d91-b521-ddac34f0fc4c{ip: 192.168.69.118, host: trunk-nightly-20190830-rr75b-3244975676, networkLocation: /default-rack, certSerialId: null}, Type:RATIS, Factor:THREE, State:CLOSED] moved to CLOSED state
2019-08-30 05:53:40,394 [EventQueue-CloseContainerForCloseContainerEventHandler] INFO  container.CloseContainerEventHandler (CloseContainerEventHandler.java:onMessage(61)) - Close container Event triggered for container : #1
2019-08-30 05:53:40,464 [EventQueue-ContainerReportForContainerReportHandler] INFO  container.ContainerReportHandler (AbstractContainerReportHandler.java:updateContainerState(176)) - Moving container #1 to CLOSED state, datanode 3db231e5-aa41-417a-9eb1-ebae727224a1{ip: 192.168.69.118, host: trunk-nightly-20190830-rr75b-3244975676, networkLocation: /default-rack, certSerialId: null} reported CLOSED replica.
2019-08-30 05:53:40,497 | INFO  | SCMAudit | user=jenkins1000 | ip=192.168.69.118 | op=SEND_HEARTBEAT {datanodeUUID=3db231e5-aa41-417a-9eb1-ebae727224a1, command=[commandType: closeContainerCommand closeContainerCommandProto { containerID: 1 pipelineID { id: "1239619d-f8f3-45fb-8433-f96d3aac4001" } cmdId: 1 force: false } ]} | ret=SUCCESS |  
2019-08-30 05:53:40,497 | INFO  | SCMAudit | user=jenkins1000 | ip=192.168.69.118 | op=SEND_HEARTBEAT {datanodeUUID=0c3d5d33-5004-4ad0-a181-1b32c8916f48, command=[commandType: closeContainerCommand closeContainerCommandProto { containerID: 1 pipelineID { id: "1239619d-f8f3-45fb-8433-f96d3aac4001" } cmdId: 1 force: false } ]} | ret=SUCCESS |  
2019-08-30 05:53:40,565 | INFO  | SCMAudit | user=jenkins1000 | ip=192.168.69.118 | op=SEND_HEARTBEAT {datanodeUUID=3db231e5-aa41-417a-9eb1-ebae727224a1, command=[]} | ret=SUCCESS |  
2019-08-30 05:53:40,584 | INFO  | SCMAudit | user=jenkins1000 | ip=192.168.69.118 | op=SEND_HEARTBEAT {datanodeUUID=0c3d5d33-5004-4ad0-a181-1b32c8916f48, command=[]} | ret=SUCCESS |  
2019-08-30 05:53:40,664 | INFO  | SCMAudit | user=jenkins1000 | ip=192.168.69.118 | op=SEND_HEARTBEAT {datanodeUUID=3db231e5-aa41-417a-9eb1-ebae727224a1, command=[]} | ret=SUCCESS |  
2019-08-30 05:53:40,686 | INFO  | SCMAudit | user=jenkins1000 | ip=192.168.69.118 | op=SEND_HEARTBEAT {datanodeUUID=0c3d5d33-5004-4ad0-a181-1b32c8916f48, command=[]} | ret=SUCCESS |  
2019-08-30 05:53:40,765 | INFO  | SCMAudit | user=jenkins1000 | ip=192.168.69.118 | op=SEND_HEARTBEAT {datanodeUUID=3db231e5-aa41-417a-9eb1-ebae727224a1, command=[]} | ret=SUCCESS |  
2019-08-30 05:53:40,784 | INFO  | SCMAudit | user=jenkins1000 | ip=192.168.69.118 | op=SEND_HEARTBEAT {datanodeUUID=0c3d5d33-5004-4ad0-a181-1b32c8916f48, command=[]} | ret=SUCCESS |  
2019-08-30 05:53:40,818 [SCMBlockDeletingService#1] INFO  block.SCMBlockDeletingService (SCMBlockDeletingService.java:call(182)) - Totally added 3 delete blocks command for 3 datanodes, task elapsed time: 11ms
2019-08-30 05:53:40,866 [EventQueue-PendingDeleteStatusForPendingDeleteHandler] INFO  block.SCMBlockDeletingService (SCMBlockDeletingService.java:handlePendingDeletes(115)) - Block deletion txnID mismatch in datanode 3db231e5-aa41-417a-9eb1-ebae727224a1 for containerID 1. Datanode delete txnID: 0, SCM txnID: 1
2019-08-30 05:53:40,869 | INFO  | SCMAudit | user=jenkins1000 | ip=192.168.69.118 | op=SEND_HEARTBEAT {datanodeUUID=3db231e5-aa41-417a-9eb1-ebae727224a1, command=[commandType: deleteBlocksCommand deleteBlocksCommandProto { deletedBlocksTransactions { txID: 1 containerID: 1 localID: 102704369106026497 count: 0 } cmdId: 1567144420813 } ]} | ret=SUCCESS |  
2019-08-30 05:53:40,885 [EventQueue-PendingDeleteStatusForPendingDeleteHandler] INFO  block.SCMBlockDeletingService (SCMBlockDeletingService.java:handlePendingDeletes(115)) - Block deletion txnID mismatch in datanode 0c3d5d33-5004-4ad0-a181-1b32c8916f48 for containerID 1. Datanode delete txnID: 0, SCM txnID: 1
2019-08-30 05:53:40,885 | INFO  | SCMAudit | user=jenkins1000 | ip=192.168.69.118 | op=SEND_HEARTBEAT {datanodeUUID=0c3d5d33-5004-4ad0-a181-1b32c8916f48, command=[commandType: deleteBlocksCommand deleteBlocksCommandProto { deletedBlocksTransactions { txID: 1 containerID: 1 localID: 102704369106026497 count: 0 } cmdId: 1567144420812 } ]} | ret=SUCCESS |  
2019-08-30 05:53:40,964 | INFO  | SCMAudit | user=jenkins1000 | ip=192.168.69.118 | op=SEND_HEARTBEAT {datanodeUUID=3db231e5-aa41-417a-9eb1-ebae727224a1, command=[]} | ret=SUCCESS |  
2019-08-30 05:53:40,984 | INFO  | SCMAudit | user=jenkins1000 | ip=192.168.69.118 | op=SEND_HEARTBEAT {datanodeUUID=0c3d5d33-5004-4ad0-a181-1b32c8916f48, command=[]} | ret=SUCCESS |  
2019-08-30 05:53:41,036 [grpc-default-executor-0] WARN  server.GrpcLogAppender (LogUtils.java:warn(134)) - 0c3d5d33-5004-4ad0-a181-1b32c8916f48->39b5c586-5c16-4d91-b521-ddac34f0fc4c: Failed appendEntries: org.apache.ratis.thirdparty.io.grpc.StatusRuntimeException: UNAVAILABLE: io exception
2019-08-30 05:53:41,039 [grpc-default-executor-0] INFO  impl.FollowerInfo (FollowerInfo.java:lambda$new$0(50)) - 0c3d5d33-5004-4ad0-a181-1b32c8916f48->39b5c586-5c16-4d91-b521-ddac34f0fc4c: nextIndex: updateUnconditionally 0 -> 0
2019-08-30 05:53:41,064 | INFO  | SCMAudit | user=jenkins1000 | ip=192.168.69.118 | op=SEND_HEARTBEAT {datanodeUUID=3db231e5-aa41-417a-9eb1-ebae727224a1, command=[]} | ret=SUCCESS |  
2019-08-30 05:53:41,076 [BlockDeletingService#6] WARN  background.BlockDeletingService (BlockDeletingService.java:isDeletionAllowed(186)) - Close Container log Index 6 is not replicated across allthe servers in the pipeline 1239619d-f8f3-45fb-8433-f96d3aac4001 as the min replicated index is 4. Deletion is not allowed in this container yet.
2019-08-30 05:53:41,077 [BlockDeletingService#2] WARN  background.BlockDeletingService (BlockDeletingService.java:isDeletionAllowed(186)) - Close Container log Index 6 is not replicated across allthe servers in the pipeline 1239619d-f8f3-45fb-8433-f96d3aac4001 as the min replicated index is 4. Deletion is not allowed in this container yet.
2019-08-30 05:53:41,084 | INFO  | SCMAudit | user=jenkins1000 | ip=192.168.69.118 | op=SEND_HEARTBEAT {datanodeUUID=0c3d5d33-5004-4ad0-a181-1b32c8916f48, command=[]} | ret=SUCCESS |  
2019-08-30 05:53:41,084 [EventQueue-PendingDeleteStatusForPendingDeleteHandler] INFO  block.SCMBlockDeletingService (SCMBlockDeletingService.java:handlePendingDeletes(115)) - Block deletion txnID mismatch in datanode 0c3d5d33-5004-4ad0-a181-1b32c8916f48 for containerID 1. Datanode delete txnID: 0, SCM txnID: 1
2019-08-30 05:53:41,165 | INFO  | SCMAudit | user=jenkins1000 | ip=192.168.69.118 | op=SEND_HEARTBEAT {datanodeUUID=3db231e5-aa41-417a-9eb1-ebae727224a1, command=[]} | ret=SUCCESS |  
2019-08-30 05:53:41,165 [EventQueue-PendingDeleteStatusForPendingDeleteHandler] INFO  block.SCMBlockDeletingService (SCMBlockDeletingService.java:handlePendingDeletes(115)) - Block deletion txnID mismatch in datanode 3db231e5-aa41-417a-9eb1-ebae727224a1 for containerID 1. Datanode delete txnID: 0, SCM txnID: 1
2019-08-30 05:53:41,184 | INFO  | SCMAudit | user=jenkins1000 | ip=192.168.69.118 | op=SEND_HEARTBEAT {datanodeUUID=0c3d5d33-5004-4ad0-a181-1b32c8916f48, command=[]} | ret=SUCCESS |  
2019-08-30 05:53:41,265 | INFO  | SCMAudit | user=jenkins1000 | ip=192.168.69.118 | op=SEND_HEARTBEAT {datanodeUUID=3db231e5-aa41-417a-9eb1-ebae727224a1, command=[]} | ret=SUCCESS |  
2019-08-30 05:53:41,284 | INFO  | SCMAudit | user=jenkins1000 | ip=192.168.69.118 | op=SEND_HEARTBEAT {datanodeUUID=0c3d5d33-5004-4ad0-a181-1b32c8916f48, command=[]} | ret=SUCCESS |  
2019-08-30 05:53:41,365 | INFO  | SCMAudit | user=jenkins1000 | ip=192.168.69.118 | op=SEND_HEARTBEAT {datanodeUUID=3db231e5-aa41-417a-9eb1-ebae727224a1, command=[]} | ret=SUCCESS |  
2019-08-30 05:53:41,384 | INFO  | SCMAudit | user=jenkins1000 | ip=192.168.69.118 | op=SEND_HEARTBEAT {datanodeUUID=0c3d5d33-5004-4ad0-a181-1b32c8916f48, command=[]} | ret=SUCCESS |  
2019-08-30 05:53:41,466 | INFO  | SCMAudit | user=jenkins1000 | ip=192.168.69.118 | op=SEND_HEARTBEAT {datanodeUUID=3db231e5-aa41-417a-9eb1-ebae727224a1, command=[]} | ret=SUCCESS |  
2019-08-30 05:53:41,466 [EventQueue-PendingDeleteStatusForPendingDeleteHandler] INFO  block.SCMBlockDeletingService (SCMBlockDeletingService.java:handlePendingDeletes(115)) - Block deletion txnID mismatch in datanode 3db231e5-aa41-417a-9eb1-ebae727224a1 for containerID 1. Datanode delete txnID: 0, SCM txnID: 1
2019-08-30 05:53:41,485 | INFO  | SCMAudit | user=jenkins1000 | ip=192.168.69.118 | op=SEND_HEARTBEAT {datanodeUUID=0c3d5d33-5004-4ad0-a181-1b32c8916f48, command=[]} | ret=SUCCESS |  
2019-08-30 05:53:41,485 [EventQueue-PendingDeleteStatusForPendingDeleteHandler] INFO  block.SCMBlockDeletingService (SCMBlockDeletingService.java:handlePendingDeletes(115)) - Block deletion txnID mismatch in datanode 0c3d5d33-5004-4ad0-a181-1b32c8916f48 for containerID 1. Datanode delete txnID: 0, SCM txnID: 1
2019-08-30 05:53:41,565 | INFO  | SCMAudit | user=jenkins1000 | ip=192.168.69.118 | op=SEND_HEARTBEAT {datanodeUUID=3db231e5-aa41-417a-9eb1-ebae727224a1, command=[]} | ret=SUCCESS |  
2019-08-30 05:53:41,585 | INFO  | SCMAudit | user=jenkins1000 | ip=192.168.69.118 | op=SEND_HEARTBEAT {datanodeUUID=0c3d5d33-5004-4ad0-a181-1b32c8916f48, command=[]} | ret=SUCCESS |  
2019-08-30 05:53:41,587 [Command processor thread] INFO  commandhandler.DeleteBlocksCommandHandler (DeleteBlocksCommandHandler.java:handle(106)) - Start to delete container blocks, TXIDs=[1(0)], numOfContainers=1, numOfBlocks=1
]]></system-out>
  </testcase>
</testsuite>