<?xml version="1.0" encoding="UTF-8"?>
<testsuite xmlns:xsi="http://www.w3.org/2001/XMLSchema-instance" xsi:noNamespaceSchemaLocation="https://maven.apache.org/surefire/maven-surefire-plugin/xsd/surefire-test-report.xsd" name="org.apache.hadoop.ozone.client.rpc.TestCommitWatcher" time="50.009" tests="2" errors="0" skipped="0" failures="1">
  <properties>
    <property name="awt.toolkit" value="sun.awt.X11.XToolkit"/>
    <property name="file.encoding.pkg" value="sun.io"/>
    <property name="java.specification.version" value="1.8"/>
    <property name="sun.cpu.isalist" value=""/>
    <property name="sun.jnu.encoding" value="UTF-8"/>
    <property name="java.class.path" value="/workdir/hadoop-ozone/integration-test/target/test-classes:/workdir/hadoop-ozone/integration-test/target/classes:/home/user/.m2/repository/org/apache/hadoop/hadoop-ozone-common/0.5.0-SNAPSHOT/hadoop-ozone-common-0.5.0-SNAPSHOT.jar:/home/user/.m2/repository/org/apache/commons/commons-compress/1.4.1/commons-compress-1.4.1.jar:/home/user/.m2/repository/org/tukaani/xz/1.0/xz-1.0.jar:/home/user/.m2/repository/org/apache/hadoop/hadoop-common/3.2.0/hadoop-common-3.2.0.jar:/home/user/.m2/repository/org/apache/hadoop/hadoop-hdfs/3.2.0/hadoop-hdfs-3.2.0.jar:/home/user/.m2/repository/org/apache/hadoop/hadoop-hdfs-client/3.2.0/hadoop-hdfs-client-3.2.0.jar:/home/user/.m2/repository/com/fasterxml/jackson/core/jackson-annotations/2.9.5/jackson-annotations-2.9.5.jar:/home/user/.m2/repository/org/apache/hadoop/hadoop-hdds-common/0.5.0-SNAPSHOT/hadoop-hdds-common-0.5.0-SNAPSHOT.jar:/home/user/.m2/repository/javax/annotation/javax.annotation-api/1.2/javax.annotation-api-1.2.jar:/home/user/.m2/repository/org/apache/ratis/ratis-server/0.4.0-2337318-SNAPSHOT/ratis-server-0.4.0-2337318-SNAPSHOT.jar:/home/user/.m2/repository/org/apache/ratis/ratis-thirdparty-misc/0.2.0/ratis-thirdparty-misc-0.2.0.jar:/home/user/.m2/repository/org/apache/ratis/ratis-proto/0.4.0-2337318-SNAPSHOT/ratis-proto-0.4.0-2337318-SNAPSHOT.jar:/home/user/.m2/repository/org/apache/ratis/ratis-common/0.4.0-2337318-SNAPSHOT/ratis-common-0.4.0-2337318-SNAPSHOT.jar:/home/user/.m2/repository/org/apache/ratis/ratis-client/0.4.0-2337318-SNAPSHOT/ratis-client-0.4.0-2337318-SNAPSHOT.jar:/home/user/.m2/repository/org/apache/ratis/ratis-metrics/0.4.0-2337318-SNAPSHOT/ratis-metrics-0.4.0-2337318-SNAPSHOT.jar:/home/user/.m2/repository/org/apache/ratis/ratis-netty/0.4.0-2337318-SNAPSHOT/ratis-netty-0.4.0-2337318-SNAPSHOT.jar:/home/user/.m2/repository/org/apache/ratis/ratis-grpc/0.4.0-2337318-SNAPSHOT/ratis-grpc-0.4.0-2337318-SNAPSHOT.jar:/home/user/.m2/repository/org/rocksdb/rocksdbjni/6.0.1/rocksdbjni-6.0.1.jar:/home/user/.m2/repository/org/apache/logging/log4j/log4j-api/2.11.0/log4j-api-2.11.0.jar:/home/user/.m2/repository/org/apache/logging/log4j/log4j-core/2.11.0/log4j-core-2.11.0.jar:/home/user/.m2/repository/com/lmax/disruptor/3.4.2/disruptor-3.4.2.jar:/home/user/.m2/repository/org/apache/commons/commons-pool2/2.6.0/commons-pool2-2.6.0.jar:/home/user/.m2/repository/org/bouncycastle/bcpkix-jdk15on/1.60/bcpkix-jdk15on-1.60.jar:/home/user/.m2/repository/commons-validator/commons-validator/1.6/commons-validator-1.6.jar:/home/user/.m2/repository/commons-digester/commons-digester/1.8.1/commons-digester-1.8.1.jar:/home/user/.m2/repository/io/jaegertracing/jaeger-client/0.33.1/jaeger-client-0.33.1.jar:/home/user/.m2/repository/io/jaegertracing/jaeger-thrift/0.33.1/jaeger-thrift-0.33.1.jar:/home/user/.m2/repository/org/apache/thrift/libthrift/0.11.0/libthrift-0.11.0.jar:/home/user/.m2/repository/com/squareup/okhttp3/okhttp/3.9.0/okhttp-3.9.0.jar:/home/user/.m2/repository/com/squareup/okio/okio/1.13.0/okio-1.13.0.jar:/home/user/.m2/repository/io/jaegertracing/jaeger-core/0.33.1/jaeger-core-0.33.1.jar:/home/user/.m2/repository/io/jaegertracing/jaeger-tracerresolver/0.33.1/jaeger-tracerresolver-0.33.1.jar:/home/user/.m2/repository/io/opentracing/contrib/opentracing-tracerresolver/0.1.5/opentracing-tracerresolver-0.1.5.jar:/home/user/.m2/repository/io/opentracing/opentracing-util/0.31.0/opentracing-util-0.31.0.jar:/home/user/.m2/repository/io/opentracing/opentracing-api/0.31.0/opentracing-api-0.31.0.jar:/home/user/.m2/repository/io/opentracing/opentracing-noop/0.31.0/opentracing-noop-0.31.0.jar:/home/user/.m2/repository/org/apache/hadoop/hadoop-hdds-server-framework/0.5.0-SNAPSHOT/hadoop-hdds-server-framework-0.5.0-SNAPSHOT.jar:/home/user/.m2/repository/org/apache/hadoop/hadoop-hdds-container-service/0.5.0-SNAPSHOT/hadoop-hdds-container-service-0.5.0-SNAPSHOT.jar:/home/user/.m2/repository/org/apache/hadoop/hadoop-hdds-client/0.5.0-SNAPSHOT/hadoop-hdds-client-0.5.0-SNAPSHOT.jar:/home/user/.m2/repository/org/apache/hadoop/hadoop-hdds-tools/0.5.0-SNAPSHOT/hadoop-hdds-tools-0.5.0-SNAPSHOT.jar:/home/user/.m2/repository/org/apache/hadoop/hadoop-hdds-server-scm/0.5.0-SNAPSHOT/hadoop-hdds-server-scm-0.5.0-SNAPSHOT.jar:/home/user/.m2/repository/org/apache/hadoop/hadoop-hdds-docs/0.5.0-SNAPSHOT/hadoop-hdds-docs-0.5.0-SNAPSHOT.jar:/home/user/.m2/repository/io/dropwizard/metrics/metrics-core/3.2.4/metrics-core-3.2.4.jar:/home/user/.m2/repository/org/hamcrest/hamcrest-all/1.3/hamcrest-all-1.3.jar:/home/user/.m2/repository/org/bouncycastle/bcprov-jdk15on/1.60/bcprov-jdk15on-1.60.jar:/home/user/.m2/repository/info/picocli/picocli/3.9.6/picocli-3.9.6.jar:/home/user/.m2/repository/com/google/protobuf/protobuf-java/2.5.0/protobuf-java-2.5.0.jar:/home/user/.m2/repository/com/google/guava/guava/11.0.2/guava-11.0.2.jar:/home/user/.m2/repository/org/apache/hadoop/hadoop-ozone-ozone-manager/0.5.0-SNAPSHOT/hadoop-ozone-ozone-manager-0.5.0-SNAPSHOT.jar:/home/user/.m2/repository/org/apache/hadoop/hadoop-minikdc/3.2.0/hadoop-minikdc-3.2.0.jar:/home/user/.m2/repository/commons-io/commons-io/2.5/commons-io-2.5.jar:/home/user/.m2/repository/org/apache/kerby/kerb-simplekdc/1.0.1/kerb-simplekdc-1.0.1.jar:/home/user/.m2/repository/org/apache/kerby/kerb-client/1.0.1/kerb-client-1.0.1.jar:/home/user/.m2/repository/org/apache/kerby/kerby-config/1.0.1/kerby-config-1.0.1.jar:/home/user/.m2/repository/org/apache/kerby/kerb-core/1.0.1/kerb-core-1.0.1.jar:/home/user/.m2/repository/org/apache/kerby/kerby-pkix/1.0.1/kerby-pkix-1.0.1.jar:/home/user/.m2/repository/org/apache/kerby/kerby-asn1/1.0.1/kerby-asn1-1.0.1.jar:/home/user/.m2/repository/org/apache/kerby/kerby-util/1.0.1/kerby-util-1.0.1.jar:/home/user/.m2/repository/org/apache/kerby/kerb-common/1.0.1/kerb-common-1.0.1.jar:/home/user/.m2/repository/org/apache/kerby/kerb-crypto/1.0.1/kerb-crypto-1.0.1.jar:/home/user/.m2/repository/org/apache/kerby/kerb-util/1.0.1/kerb-util-1.0.1.jar:/home/user/.m2/repository/org/apache/kerby/token-provider/1.0.1/token-provider-1.0.1.jar:/home/user/.m2/repository/org/apache/kerby/kerb-admin/1.0.1/kerb-admin-1.0.1.jar:/home/user/.m2/repository/org/apache/kerby/kerb-server/1.0.1/kerb-server-1.0.1.jar:/home/user/.m2/repository/org/apache/kerby/kerb-identity/1.0.1/kerb-identity-1.0.1.jar:/home/user/.m2/repository/org/apache/kerby/kerby-xdr/1.0.1/kerby-xdr-1.0.1.jar:/home/user/.m2/repository/org/slf4j/slf4j-log4j12/1.7.25/slf4j-log4j12-1.7.25.jar:/home/user/.m2/repository/org/apache/hadoop/hadoop-ozone-objectstore-service/0.5.0-SNAPSHOT/hadoop-ozone-objectstore-service-0.5.0-SNAPSHOT.jar:/home/user/.m2/repository/org/apache/hadoop/hadoop-ozone-s3gateway/0.5.0-SNAPSHOT/hadoop-ozone-s3gateway-0.5.0-SNAPSHOT.jar:/home/user/.m2/repository/org/jboss/weld/servlet/weld-servlet/2.4.7.Final/weld-servlet-2.4.7.Final.jar:/home/user/.m2/repository/org/glassfish/jersey/containers/jersey-container-servlet-core/2.27/jersey-container-servlet-core-2.27.jar:/home/user/.m2/repository/org/glassfish/hk2/external/javax.inject/2.5.0-b42/javax.inject-2.5.0-b42.jar:/home/user/.m2/repository/org/glassfish/jersey/core/jersey-common/2.27/jersey-common-2.27.jar:/home/user/.m2/repository/org/glassfish/hk2/osgi-resource-locator/1.0.1/osgi-resource-locator-1.0.1.jar:/home/user/.m2/repository/javax/ws/rs/javax.ws.rs-api/2.1/javax.ws.rs-api-2.1.jar:/home/user/.m2/repository/org/glassfish/jersey/ext/cdi/jersey-cdi1x/2.27/jersey-cdi1x-2.27.jar:/home/user/.m2/repository/org/glassfish/jersey/inject/jersey-hk2/2.27/jersey-hk2-2.27.jar:/home/user/.m2/repository/org/glassfish/hk2/hk2-locator/2.5.0-b42/hk2-locator-2.5.0-b42.jar:/home/user/.m2/repository/org/javassist/javassist/3.22.0-CR2/javassist-3.22.0-CR2.jar:/home/user/.m2/repository/org/glassfish/hk2/hk2-api/2.5.0/hk2-api-2.5.0.jar:/home/user/.m2/repository/org/glassfish/hk2/external/jakarta.inject/2.5.0/jakarta.inject-2.5.0.jar:/home/user/.m2/repository/org/glassfish/hk2/hk2-utils/2.5.0/hk2-utils-2.5.0.jar:/home/user/.m2/repository/jakarta/annotation/jakarta.annotation-api/1.3.4/jakarta.annotation-api-1.3.4.jar:/home/user/.m2/repository/org/glassfish/hk2/external/aopalliance-repackaged/2.5.0/aopalliance-repackaged-2.5.0.jar:/home/user/.m2/repository/com/fasterxml/jackson/dataformat/jackson-dataformat-xml/2.9.0/jackson-dataformat-xml-2.9.0.jar:/home/user/.m2/repository/com/fasterxml/jackson/core/jackson-core/2.9.5/jackson-core-2.9.5.jar:/home/user/.m2/repository/com/fasterxml/jackson/module/jackson-module-jaxb-annotations/2.9.5/jackson-module-jaxb-annotations-2.9.5.jar:/home/user/.m2/repository/javax/enterprise/cdi-api/1.2/cdi-api-1.2.jar:/home/user/.m2/repository/javax/el/javax.el-api/3.0.0/javax.el-api-3.0.0.jar:/home/user/.m2/repository/javax/interceptor/javax.interceptor-api/1.2/javax.interceptor-api-1.2.jar:/home/user/.m2/repository/javax/inject/javax.inject/1/javax.inject-1.jar:/home/user/.m2/repository/com/sun/xml/bind/jaxb-impl/2.3.0.1/jaxb-impl-2.3.0.1.jar:/home/user/.m2/repository/com/sun/xml/bind/jaxb-core/2.3.0.1/jaxb-core-2.3.0.1.jar:/home/user/.m2/repository/javax/xml/bind/jaxb-api/2.3.0/jaxb-api-2.3.0.jar:/home/user/.m2/repository/javax/activation/activation/1.1.1/activation-1.1.1.jar:/home/user/.m2/repository/org/apache/hadoop/hadoop-ozone-csi/0.5.0-SNAPSHOT/hadoop-ozone-csi-0.5.0-SNAPSHOT.jar:/home/user/.m2/repository/com/google/protobuf/protobuf-java-util/3.5.1/protobuf-java-util-3.5.1.jar:/home/user/.m2/repository/org/apache/hadoop/hadoop-hdds-config/0.5.0-SNAPSHOT/hadoop-hdds-config-0.5.0-SNAPSHOT.jar:/home/user/.m2/repository/io/grpc/grpc-netty/1.17.1/grpc-netty-1.17.1.jar:/home/user/.m2/repository/io/grpc/grpc-core/1.17.1/grpc-core-1.17.1.jar:/home/user/.m2/repository/io/grpc/grpc-context/1.17.1/grpc-context-1.17.1.jar:/home/user/.m2/repository/com/google/errorprone/error_prone_annotations/2.2.0/error_prone_annotations-2.2.0.jar:/home/user/.m2/repository/org/codehaus/mojo/animal-sniffer-annotations/1.17/animal-sniffer-annotations-1.17.jar:/home/user/.m2/repository/io/opencensus/opencensus-api/0.17.0/opencensus-api-0.17.0.jar:/home/user/.m2/repository/io/opencensus/opencensus-contrib-grpc-metrics/0.17.0/opencensus-contrib-grpc-metrics-0.17.0.jar:/home/user/.m2/repository/io/netty/netty-codec-http2/4.1.30.Final/netty-codec-http2-4.1.30.Final.jar:/home/user/.m2/repository/io/netty/netty-codec-http/4.1.30.Final/netty-codec-http-4.1.30.Final.jar:/home/user/.m2/repository/io/netty/netty-codec/4.1.30.Final/netty-codec-4.1.30.Final.jar:/home/user/.m2/repository/io/netty/netty-handler/4.1.30.Final/netty-handler-4.1.30.Final.jar:/home/user/.m2/repository/io/netty/netty-handler-proxy/4.1.30.Final/netty-handler-proxy-4.1.30.Final.jar:/home/user/.m2/repository/io/netty/netty-codec-socks/4.1.30.Final/netty-codec-socks-4.1.30.Final.jar:/home/user/.m2/repository/io/netty/netty-transport-native-epoll/4.1.30.Final/netty-transport-native-epoll-4.1.30.Final.jar:/home/user/.m2/repository/io/netty/netty-common/4.1.30.Final/netty-common-4.1.30.Final.jar:/home/user/.m2/repository/io/netty/netty-buffer/4.1.30.Final/netty-buffer-4.1.30.Final.jar:/home/user/.m2/repository/io/netty/netty-transport/4.1.30.Final/netty-transport-4.1.30.Final.jar:/home/user/.m2/repository/io/netty/netty-resolver/4.1.30.Final/netty-resolver-4.1.30.Final.jar:/home/user/.m2/repository/io/netty/netty-transport-native-unix-common/4.1.30.Final/netty-transport-native-unix-common-4.1.30.Final.jar:/home/user/.m2/repository/io/grpc/grpc-protobuf/1.17.1/grpc-protobuf-1.17.1.jar:/home/user/.m2/repository/com/google/api/grpc/proto-google-common-protos/1.0.0/proto-google-common-protos-1.0.0.jar:/home/user/.m2/repository/io/grpc/grpc-protobuf-lite/1.17.1/grpc-protobuf-lite-1.17.1.jar:/home/user/.m2/repository/io/grpc/grpc-stub/1.17.1/grpc-stub-1.17.1.jar:/home/user/.m2/repository/org/apache/hadoop/hadoop-ozone-recon/0.5.0-SNAPSHOT/hadoop-ozone-recon-0.5.0-SNAPSHOT.jar:/home/user/.m2/repository/org/apache/hadoop/hadoop-ozone-reconcodegen/0.5.0-SNAPSHOT/hadoop-ozone-reconcodegen-0.5.0-SNAPSHOT.jar:/home/user/.m2/repository/com/google/inject/extensions/guice-multibindings/4.0/guice-multibindings-4.0.jar:/home/user/.m2/repository/com/google/inject/guice/4.0/guice-4.0.jar:/home/user/.m2/repository/aopalliance/aopalliance/1.0/aopalliance-1.0.jar:/home/user/.m2/repository/com/google/inject/extensions/guice-servlet/4.0/guice-servlet-4.0.jar:/home/user/.m2/repository/org/glassfish/jersey/containers/jersey-container-servlet/2.27/jersey-container-servlet-2.27.jar:/home/user/.m2/repository/org/glassfish/hk2/guice-bridge/2.5.0/guice-bridge-2.5.0.jar:/home/user/.m2/repository/org/glassfish/jersey/core/jersey-server/2.27/jersey-server-2.27.jar:/home/user/.m2/repository/org/glassfish/jersey/core/jersey-client/2.27/jersey-client-2.27.jar:/home/user/.m2/repository/org/glassfish/jersey/media/jersey-media-jaxb/2.27/jersey-media-jaxb-2.27.jar:/home/user/.m2/repository/javax/validation/validation-api/1.1.0.Final/validation-api-1.1.0.Final.jar:/home/user/.m2/repository/org/glassfish/jersey/media/jersey-media-json-jackson/2.27/jersey-media-json-jackson-2.27.jar:/home/user/.m2/repository/org/glassfish/jersey/ext/jersey-entity-filtering/2.27/jersey-entity-filtering-2.27.jar:/home/user/.m2/repository/com/google/inject/extensions/guice-assistedinject/4.0/guice-assistedinject-4.0.jar:/home/user/.m2/repository/org/jooq/jooq/3.11.10/jooq-3.11.10.jar:/home/user/.m2/repository/org/jooq/jooq-meta/3.11.10/jooq-meta-3.11.10.jar:/home/user/.m2/repository/org/jooq/jooq-codegen/3.11.10/jooq-codegen-3.11.10.jar:/home/user/.m2/repository/com/jolbox/bonecp/0.8.0.RELEASE/bonecp-0.8.0.RELEASE.jar:/home/user/.m2/repository/org/xerial/sqlite-jdbc/3.25.2/sqlite-jdbc-3.25.2.jar:/home/user/.m2/repository/org/springframework/spring-jdbc/5.1.3.RELEASE/spring-jdbc-5.1.3.RELEASE.jar:/home/user/.m2/repository/org/springframework/spring-beans/5.1.3.RELEASE/spring-beans-5.1.3.RELEASE.jar:/home/user/.m2/repository/org/springframework/spring-core/5.1.3.RELEASE/spring-core-5.1.3.RELEASE.jar:/home/user/.m2/repository/org/springframework/spring-jcl/5.1.3.RELEASE/spring-jcl-5.1.3.RELEASE.jar:/home/user/.m2/repository/org/springframework/spring-tx/5.1.3.RELEASE/spring-tx-5.1.3.RELEASE.jar:/home/user/.m2/repository/org/apache/hadoop/hadoop-ozone-client/0.5.0-SNAPSHOT/hadoop-ozone-client-0.5.0-SNAPSHOT.jar:/home/user/.m2/repository/commons-lang/commons-lang/2.6/commons-lang-2.6.jar:/home/user/.m2/repository/org/apache/hadoop/hadoop-ozone-ozone-manager/0.5.0-SNAPSHOT/hadoop-ozone-ozone-manager-0.5.0-SNAPSHOT-tests.jar:/home/user/.m2/repository/junit/junit/4.11/junit-4.11.jar:/home/user/.m2/repository/org/hamcrest/hamcrest-core/1.3/hamcrest-core-1.3.jar:/home/user/.m2/repository/org/openjdk/jmh/jmh-core/1.19/jmh-core-1.19.jar:/home/user/.m2/repository/net/sf/jopt-simple/jopt-simple/4.6/jopt-simple-4.6.jar:/home/user/.m2/repository/org/apache/commons/commons-math3/3.1.1/commons-math3-3.1.1.jar:/home/user/.m2/repository/org/openjdk/jmh/jmh-generator-annprocess/1.19/jmh-generator-annprocess-1.19.jar:/home/user/.m2/repository/org/mockito/mockito-all/1.8.5/mockito-all-1.8.5.jar:/home/user/.m2/repository/org/apache/hadoop/hadoop-kms/3.2.0/hadoop-kms-3.2.0.jar:/home/user/.m2/repository/org/apache/hadoop/hadoop-auth/3.2.0/hadoop-auth-3.2.0.jar:/home/user/.m2/repository/com/nimbusds/nimbus-jose-jwt/4.41.1/nimbus-jose-jwt-4.41.1.jar:/home/user/.m2/repository/com/github/stephenc/jcip/jcip-annotations/1.0-1/jcip-annotations-1.0-1.jar:/home/user/.m2/repository/net/minidev/json-smart/2.3/json-smart-2.3.jar:/home/user/.m2/repository/net/minidev/accessors-smart/1.2/accessors-smart-1.2.jar:/home/user/.m2/repository/org/ow2/asm/asm/5.0.4/asm-5.0.4.jar:/home/user/.m2/repository/org/apache/curator/curator-framework/2.12.0/curator-framework-2.12.0.jar:/home/user/.m2/repository/com/sun/jersey/jersey-core/1.19/jersey-core-1.19.jar:/home/user/.m2/repository/javax/ws/rs/jsr311-api/1.1.1/jsr311-api-1.1.1.jar:/home/user/.m2/repository/com/sun/jersey/jersey-server/1.19/jersey-server-1.19.jar:/home/user/.m2/repository/javax/servlet/javax.servlet-api/3.1.0/javax.servlet-api-3.1.0.jar:/home/user/.m2/repository/org/eclipse/jetty/jetty-server/9.3.24.v20180605/jetty-server-9.3.24.v20180605.jar:/home/user/.m2/repository/org/eclipse/jetty/jetty-http/9.3.24.v20180605/jetty-http-9.3.24.v20180605.jar:/home/user/.m2/repository/org/eclipse/jetty/jetty-io/9.3.24.v20180605/jetty-io-9.3.24.v20180605.jar:/home/user/.m2/repository/org/eclipse/jetty/jetty-webapp/9.3.24.v20180605/jetty-webapp-9.3.24.v20180605.jar:/home/user/.m2/repository/org/eclipse/jetty/jetty-xml/9.3.24.v20180605/jetty-xml-9.3.24.v20180605.jar:/home/user/.m2/repository/log4j/log4j/1.2.17/log4j-1.2.17.jar:/home/user/.m2/repository/org/slf4j/slf4j-api/1.7.25/slf4j-api-1.7.25.jar:/home/user/.m2/repository/org/slf4j/jul-to-slf4j/1.7.25/jul-to-slf4j-1.7.25.jar:/home/user/.m2/repository/org/eclipse/jetty/jetty-util/9.3.24.v20180605/jetty-util-9.3.24.v20180605.jar:/home/user/.m2/repository/com/fasterxml/jackson/core/jackson-databind/2.9.5/jackson-databind-2.9.5.jar:/home/user/.m2/repository/org/apache/hadoop/hadoop-kms/3.2.0/hadoop-kms-3.2.0-tests.jar:/home/user/.m2/repository/org/apache/hadoop/hadoop-hdds-server-scm/0.5.0-SNAPSHOT/hadoop-hdds-server-scm-0.5.0-SNAPSHOT-tests.jar:/home/user/.m2/repository/org/apache/hadoop/hadoop-hdds-container-service/0.5.0-SNAPSHOT/hadoop-hdds-container-service-0.5.0-SNAPSHOT-tests.jar:/home/user/.m2/repository/org/yaml/snakeyaml/1.16/snakeyaml-1.16.jar:/home/user/.m2/repository/org/apache/hadoop/hadoop-common/3.2.0/hadoop-common-3.2.0-tests.jar:/home/user/.m2/repository/org/apache/hadoop/hadoop-annotations/3.2.0/hadoop-annotations-3.2.0.jar:/usr/lib/jvm/java-1.8-openjdk/jre/../lib/tools.jar:/home/user/.m2/repository/commons-cli/commons-cli/1.2/commons-cli-1.2.jar:/home/user/.m2/repository/org/apache/httpcomponents/httpclient/4.5.2/httpclient-4.5.2.jar:/home/user/.m2/repository/org/apache/httpcomponents/httpcore/4.4.4/httpcore-4.4.4.jar:/home/user/.m2/repository/commons-codec/commons-codec/1.11/commons-codec-1.11.jar:/home/user/.m2/repository/commons-net/commons-net/3.6/commons-net-3.6.jar:/home/user/.m2/repository/commons-collections/commons-collections/3.2.2/commons-collections-3.2.2.jar:/home/user/.m2/repository/org/eclipse/jetty/jetty-servlet/9.3.24.v20180605/jetty-servlet-9.3.24.v20180605.jar:/home/user/.m2/repository/org/eclipse/jetty/jetty-security/9.3.24.v20180605/jetty-security-9.3.24.v20180605.jar:/home/user/.m2/repository/javax/servlet/jsp/jsp-api/2.1/jsp-api-2.1.jar:/home/user/.m2/repository/com/sun/jersey/jersey-servlet/1.19/jersey-servlet-1.19.jar:/home/user/.m2/repository/com/sun/jersey/jersey-json/1.19/jersey-json-1.19.jar:/home/user/.m2/repository/org/codehaus/jettison/jettison/1.1/jettison-1.1.jar:/home/user/.m2/repository/org/codehaus/jackson/jackson-core-asl/1.9.13/jackson-core-asl-1.9.13.jar:/home/user/.m2/repository/org/codehaus/jackson/jackson-mapper-asl/1.9.13/jackson-mapper-asl-1.9.13.jar:/home/user/.m2/repository/org/codehaus/jackson/jackson-jaxrs/1.9.13/jackson-jaxrs-1.9.13.jar:/home/user/.m2/repository/org/codehaus/jackson/jackson-xc/1.9.13/jackson-xc-1.9.13.jar:/home/user/.m2/repository/commons-logging/commons-logging/1.1.3/commons-logging-1.1.3.jar:/home/user/.m2/repository/commons-beanutils/commons-beanutils/1.9.3/commons-beanutils-1.9.3.jar:/home/user/.m2/repository/org/apache/commons/commons-configuration2/2.1.1/commons-configuration2-2.1.1.jar:/home/user/.m2/repository/org/apache/commons/commons-lang3/3.7/commons-lang3-3.7.jar:/home/user/.m2/repository/org/apache/commons/commons-text/1.4/commons-text-1.4.jar:/home/user/.m2/repository/org/apache/avro/avro/1.7.7/avro-1.7.7.jar:/home/user/.m2/repository/com/thoughtworks/paranamer/paranamer/2.3/paranamer-2.3.jar:/home/user/.m2/repository/org/xerial/snappy/snappy-java/1.0.5/snappy-java-1.0.5.jar:/home/user/.m2/repository/com/google/re2j/re2j/1.1/re2j-1.1.jar:/home/user/.m2/repository/com/google/code/gson/gson/2.2.4/gson-2.2.4.jar:/home/user/.m2/repository/com/jcraft/jsch/0.1.54/jsch-0.1.54.jar:/home/user/.m2/repository/org/apache/curator/curator-client/2.12.0/curator-client-2.12.0.jar:/home/user/.m2/repository/org/apache/curator/curator-recipes/2.12.0/curator-recipes-2.12.0.jar:/home/user/.m2/repository/com/google/code/findbugs/jsr305/3.0.0/jsr305-3.0.0.jar:/home/user/.m2/repository/org/apache/htrace/htrace-core4/4.1.0-incubating/htrace-core4-4.1.0-incubating.jar:/home/user/.m2/repository/org/apache/zookeeper/zookeeper/3.4.13/zookeeper-3.4.13.jar:/home/user/.m2/repository/org/apache/yetus/audience-annotations/0.5.0/audience-annotations-0.5.0.jar:/home/user/.m2/repository/org/codehaus/woodstox/stax2-api/3.1.4/stax2-api-3.1.4.jar:/home/user/.m2/repository/com/fasterxml/woodstox/woodstox-core/5.0.3/woodstox-core-5.0.3.jar:/home/user/.m2/repository/dnsjava/dnsjava/2.1.7/dnsjava-2.1.7.jar:/home/user/.m2/repository/org/apache/hadoop/hadoop-hdfs/3.2.0/hadoop-hdfs-3.2.0-tests.jar:/home/user/.m2/repository/org/eclipse/jetty/jetty-util-ajax/9.3.24.v20180605/jetty-util-ajax-9.3.24.v20180605.jar:/home/user/.m2/repository/commons-daemon/commons-daemon/1.0.13/commons-daemon-1.0.13.jar:/home/user/.m2/repository/io/netty/netty/3.10.5.Final/netty-3.10.5.Final.jar:/home/user/.m2/repository/io/netty/netty-all/4.0.52.Final/netty-all-4.0.52.Final.jar:/home/user/.m2/repository/org/fusesource/leveldbjni/leveldbjni-all/1.8/leveldbjni-all-1.8.jar:"/>
    <property name="java.vm.vendor" value="IcedTea"/>
    <property name="sun.arch.data.model" value="64"/>
    <property name="test.build.dir" value="/workdir/hadoop-ozone/integration-test/target/test-dir"/>
    <property name="test.cache.data" value=""/>
    <property name="java.vendor.url" value="https://icedtea.classpath.org"/>
    <property name="user.timezone" value=""/>
    <property name="java.vm.specification.version" value="1.8"/>
    <property name="os.name" value="Linux"/>
    <property name="test.build.data" value="/workdir/hadoop-ozone/integration-test/target/test-dir"/>
    <property name="user.country" value="US"/>
    <property name="sun.java.launcher" value="SUN_STANDARD"/>
    <property name="sun.boot.library.path" value="/usr/lib/jvm/java-1.8-openjdk/jre/lib/amd64"/>
    <property name="sun.java.command" value="/workdir/hadoop-ozone/integration-test/target/surefire/surefirebooter3399132186857598021.jar /workdir/hadoop-ozone/integration-test/target/surefire 2019-08-28T12-35-35_301-jvmRun1 surefire4244935325945180511tmp surefire_56232526118328011580tmp"/>
    <property name="test" value="!TestMiniChaosOzoneCluster"/>
    <property name="surefire.test.class.path" value="/workdir/hadoop-ozone/integration-test/target/test-classes:/workdir/hadoop-ozone/integration-test/target/classes:/home/user/.m2/repository/org/apache/hadoop/hadoop-ozone-common/0.5.0-SNAPSHOT/hadoop-ozone-common-0.5.0-SNAPSHOT.jar:/home/user/.m2/repository/org/apache/commons/commons-compress/1.4.1/commons-compress-1.4.1.jar:/home/user/.m2/repository/org/tukaani/xz/1.0/xz-1.0.jar:/home/user/.m2/repository/org/apache/hadoop/hadoop-common/3.2.0/hadoop-common-3.2.0.jar:/home/user/.m2/repository/org/apache/hadoop/hadoop-hdfs/3.2.0/hadoop-hdfs-3.2.0.jar:/home/user/.m2/repository/org/apache/hadoop/hadoop-hdfs-client/3.2.0/hadoop-hdfs-client-3.2.0.jar:/home/user/.m2/repository/com/fasterxml/jackson/core/jackson-annotations/2.9.5/jackson-annotations-2.9.5.jar:/home/user/.m2/repository/org/apache/hadoop/hadoop-hdds-common/0.5.0-SNAPSHOT/hadoop-hdds-common-0.5.0-SNAPSHOT.jar:/home/user/.m2/repository/javax/annotation/javax.annotation-api/1.2/javax.annotation-api-1.2.jar:/home/user/.m2/repository/org/apache/ratis/ratis-server/0.4.0-2337318-SNAPSHOT/ratis-server-0.4.0-2337318-SNAPSHOT.jar:/home/user/.m2/repository/org/apache/ratis/ratis-thirdparty-misc/0.2.0/ratis-thirdparty-misc-0.2.0.jar:/home/user/.m2/repository/org/apache/ratis/ratis-proto/0.4.0-2337318-SNAPSHOT/ratis-proto-0.4.0-2337318-SNAPSHOT.jar:/home/user/.m2/repository/org/apache/ratis/ratis-common/0.4.0-2337318-SNAPSHOT/ratis-common-0.4.0-2337318-SNAPSHOT.jar:/home/user/.m2/repository/org/apache/ratis/ratis-client/0.4.0-2337318-SNAPSHOT/ratis-client-0.4.0-2337318-SNAPSHOT.jar:/home/user/.m2/repository/org/apache/ratis/ratis-metrics/0.4.0-2337318-SNAPSHOT/ratis-metrics-0.4.0-2337318-SNAPSHOT.jar:/home/user/.m2/repository/org/apache/ratis/ratis-netty/0.4.0-2337318-SNAPSHOT/ratis-netty-0.4.0-2337318-SNAPSHOT.jar:/home/user/.m2/repository/org/apache/ratis/ratis-grpc/0.4.0-2337318-SNAPSHOT/ratis-grpc-0.4.0-2337318-SNAPSHOT.jar:/home/user/.m2/repository/org/rocksdb/rocksdbjni/6.0.1/rocksdbjni-6.0.1.jar:/home/user/.m2/repository/org/apache/logging/log4j/log4j-api/2.11.0/log4j-api-2.11.0.jar:/home/user/.m2/repository/org/apache/logging/log4j/log4j-core/2.11.0/log4j-core-2.11.0.jar:/home/user/.m2/repository/com/lmax/disruptor/3.4.2/disruptor-3.4.2.jar:/home/user/.m2/repository/org/apache/commons/commons-pool2/2.6.0/commons-pool2-2.6.0.jar:/home/user/.m2/repository/org/bouncycastle/bcpkix-jdk15on/1.60/bcpkix-jdk15on-1.60.jar:/home/user/.m2/repository/commons-validator/commons-validator/1.6/commons-validator-1.6.jar:/home/user/.m2/repository/commons-digester/commons-digester/1.8.1/commons-digester-1.8.1.jar:/home/user/.m2/repository/io/jaegertracing/jaeger-client/0.33.1/jaeger-client-0.33.1.jar:/home/user/.m2/repository/io/jaegertracing/jaeger-thrift/0.33.1/jaeger-thrift-0.33.1.jar:/home/user/.m2/repository/org/apache/thrift/libthrift/0.11.0/libthrift-0.11.0.jar:/home/user/.m2/repository/com/squareup/okhttp3/okhttp/3.9.0/okhttp-3.9.0.jar:/home/user/.m2/repository/com/squareup/okio/okio/1.13.0/okio-1.13.0.jar:/home/user/.m2/repository/io/jaegertracing/jaeger-core/0.33.1/jaeger-core-0.33.1.jar:/home/user/.m2/repository/io/jaegertracing/jaeger-tracerresolver/0.33.1/jaeger-tracerresolver-0.33.1.jar:/home/user/.m2/repository/io/opentracing/contrib/opentracing-tracerresolver/0.1.5/opentracing-tracerresolver-0.1.5.jar:/home/user/.m2/repository/io/opentracing/opentracing-util/0.31.0/opentracing-util-0.31.0.jar:/home/user/.m2/repository/io/opentracing/opentracing-api/0.31.0/opentracing-api-0.31.0.jar:/home/user/.m2/repository/io/opentracing/opentracing-noop/0.31.0/opentracing-noop-0.31.0.jar:/home/user/.m2/repository/org/apache/hadoop/hadoop-hdds-server-framework/0.5.0-SNAPSHOT/hadoop-hdds-server-framework-0.5.0-SNAPSHOT.jar:/home/user/.m2/repository/org/apache/hadoop/hadoop-hdds-container-service/0.5.0-SNAPSHOT/hadoop-hdds-container-service-0.5.0-SNAPSHOT.jar:/home/user/.m2/repository/org/apache/hadoop/hadoop-hdds-client/0.5.0-SNAPSHOT/hadoop-hdds-client-0.5.0-SNAPSHOT.jar:/home/user/.m2/repository/org/apache/hadoop/hadoop-hdds-tools/0.5.0-SNAPSHOT/hadoop-hdds-tools-0.5.0-SNAPSHOT.jar:/home/user/.m2/repository/org/apache/hadoop/hadoop-hdds-server-scm/0.5.0-SNAPSHOT/hadoop-hdds-server-scm-0.5.0-SNAPSHOT.jar:/home/user/.m2/repository/org/apache/hadoop/hadoop-hdds-docs/0.5.0-SNAPSHOT/hadoop-hdds-docs-0.5.0-SNAPSHOT.jar:/home/user/.m2/repository/io/dropwizard/metrics/metrics-core/3.2.4/metrics-core-3.2.4.jar:/home/user/.m2/repository/org/hamcrest/hamcrest-all/1.3/hamcrest-all-1.3.jar:/home/user/.m2/repository/org/bouncycastle/bcprov-jdk15on/1.60/bcprov-jdk15on-1.60.jar:/home/user/.m2/repository/info/picocli/picocli/3.9.6/picocli-3.9.6.jar:/home/user/.m2/repository/com/google/protobuf/protobuf-java/2.5.0/protobuf-java-2.5.0.jar:/home/user/.m2/repository/com/google/guava/guava/11.0.2/guava-11.0.2.jar:/home/user/.m2/repository/org/apache/hadoop/hadoop-ozone-ozone-manager/0.5.0-SNAPSHOT/hadoop-ozone-ozone-manager-0.5.0-SNAPSHOT.jar:/home/user/.m2/repository/org/apache/hadoop/hadoop-minikdc/3.2.0/hadoop-minikdc-3.2.0.jar:/home/user/.m2/repository/commons-io/commons-io/2.5/commons-io-2.5.jar:/home/user/.m2/repository/org/apache/kerby/kerb-simplekdc/1.0.1/kerb-simplekdc-1.0.1.jar:/home/user/.m2/repository/org/apache/kerby/kerb-client/1.0.1/kerb-client-1.0.1.jar:/home/user/.m2/repository/org/apache/kerby/kerby-config/1.0.1/kerby-config-1.0.1.jar:/home/user/.m2/repository/org/apache/kerby/kerb-core/1.0.1/kerb-core-1.0.1.jar:/home/user/.m2/repository/org/apache/kerby/kerby-pkix/1.0.1/kerby-pkix-1.0.1.jar:/home/user/.m2/repository/org/apache/kerby/kerby-asn1/1.0.1/kerby-asn1-1.0.1.jar:/home/user/.m2/repository/org/apache/kerby/kerby-util/1.0.1/kerby-util-1.0.1.jar:/home/user/.m2/repository/org/apache/kerby/kerb-common/1.0.1/kerb-common-1.0.1.jar:/home/user/.m2/repository/org/apache/kerby/kerb-crypto/1.0.1/kerb-crypto-1.0.1.jar:/home/user/.m2/repository/org/apache/kerby/kerb-util/1.0.1/kerb-util-1.0.1.jar:/home/user/.m2/repository/org/apache/kerby/token-provider/1.0.1/token-provider-1.0.1.jar:/home/user/.m2/repository/org/apache/kerby/kerb-admin/1.0.1/kerb-admin-1.0.1.jar:/home/user/.m2/repository/org/apache/kerby/kerb-server/1.0.1/kerb-server-1.0.1.jar:/home/user/.m2/repository/org/apache/kerby/kerb-identity/1.0.1/kerb-identity-1.0.1.jar:/home/user/.m2/repository/org/apache/kerby/kerby-xdr/1.0.1/kerby-xdr-1.0.1.jar:/home/user/.m2/repository/org/slf4j/slf4j-log4j12/1.7.25/slf4j-log4j12-1.7.25.jar:/home/user/.m2/repository/org/apache/hadoop/hadoop-ozone-objectstore-service/0.5.0-SNAPSHOT/hadoop-ozone-objectstore-service-0.5.0-SNAPSHOT.jar:/home/user/.m2/repository/org/apache/hadoop/hadoop-ozone-s3gateway/0.5.0-SNAPSHOT/hadoop-ozone-s3gateway-0.5.0-SNAPSHOT.jar:/home/user/.m2/repository/org/jboss/weld/servlet/weld-servlet/2.4.7.Final/weld-servlet-2.4.7.Final.jar:/home/user/.m2/repository/org/glassfish/jersey/containers/jersey-container-servlet-core/2.27/jersey-container-servlet-core-2.27.jar:/home/user/.m2/repository/org/glassfish/hk2/external/javax.inject/2.5.0-b42/javax.inject-2.5.0-b42.jar:/home/user/.m2/repository/org/glassfish/jersey/core/jersey-common/2.27/jersey-common-2.27.jar:/home/user/.m2/repository/org/glassfish/hk2/osgi-resource-locator/1.0.1/osgi-resource-locator-1.0.1.jar:/home/user/.m2/repository/javax/ws/rs/javax.ws.rs-api/2.1/javax.ws.rs-api-2.1.jar:/home/user/.m2/repository/org/glassfish/jersey/ext/cdi/jersey-cdi1x/2.27/jersey-cdi1x-2.27.jar:/home/user/.m2/repository/org/glassfish/jersey/inject/jersey-hk2/2.27/jersey-hk2-2.27.jar:/home/user/.m2/repository/org/glassfish/hk2/hk2-locator/2.5.0-b42/hk2-locator-2.5.0-b42.jar:/home/user/.m2/repository/org/javassist/javassist/3.22.0-CR2/javassist-3.22.0-CR2.jar:/home/user/.m2/repository/org/glassfish/hk2/hk2-api/2.5.0/hk2-api-2.5.0.jar:/home/user/.m2/repository/org/glassfish/hk2/external/jakarta.inject/2.5.0/jakarta.inject-2.5.0.jar:/home/user/.m2/repository/org/glassfish/hk2/hk2-utils/2.5.0/hk2-utils-2.5.0.jar:/home/user/.m2/repository/jakarta/annotation/jakarta.annotation-api/1.3.4/jakarta.annotation-api-1.3.4.jar:/home/user/.m2/repository/org/glassfish/hk2/external/aopalliance-repackaged/2.5.0/aopalliance-repackaged-2.5.0.jar:/home/user/.m2/repository/com/fasterxml/jackson/dataformat/jackson-dataformat-xml/2.9.0/jackson-dataformat-xml-2.9.0.jar:/home/user/.m2/repository/com/fasterxml/jackson/core/jackson-core/2.9.5/jackson-core-2.9.5.jar:/home/user/.m2/repository/com/fasterxml/jackson/module/jackson-module-jaxb-annotations/2.9.5/jackson-module-jaxb-annotations-2.9.5.jar:/home/user/.m2/repository/javax/enterprise/cdi-api/1.2/cdi-api-1.2.jar:/home/user/.m2/repository/javax/el/javax.el-api/3.0.0/javax.el-api-3.0.0.jar:/home/user/.m2/repository/javax/interceptor/javax.interceptor-api/1.2/javax.interceptor-api-1.2.jar:/home/user/.m2/repository/javax/inject/javax.inject/1/javax.inject-1.jar:/home/user/.m2/repository/com/sun/xml/bind/jaxb-impl/2.3.0.1/jaxb-impl-2.3.0.1.jar:/home/user/.m2/repository/com/sun/xml/bind/jaxb-core/2.3.0.1/jaxb-core-2.3.0.1.jar:/home/user/.m2/repository/javax/xml/bind/jaxb-api/2.3.0/jaxb-api-2.3.0.jar:/home/user/.m2/repository/javax/activation/activation/1.1.1/activation-1.1.1.jar:/home/user/.m2/repository/org/apache/hadoop/hadoop-ozone-csi/0.5.0-SNAPSHOT/hadoop-ozone-csi-0.5.0-SNAPSHOT.jar:/home/user/.m2/repository/com/google/protobuf/protobuf-java-util/3.5.1/protobuf-java-util-3.5.1.jar:/home/user/.m2/repository/org/apache/hadoop/hadoop-hdds-config/0.5.0-SNAPSHOT/hadoop-hdds-config-0.5.0-SNAPSHOT.jar:/home/user/.m2/repository/io/grpc/grpc-netty/1.17.1/grpc-netty-1.17.1.jar:/home/user/.m2/repository/io/grpc/grpc-core/1.17.1/grpc-core-1.17.1.jar:/home/user/.m2/repository/io/grpc/grpc-context/1.17.1/grpc-context-1.17.1.jar:/home/user/.m2/repository/com/google/errorprone/error_prone_annotations/2.2.0/error_prone_annotations-2.2.0.jar:/home/user/.m2/repository/org/codehaus/mojo/animal-sniffer-annotations/1.17/animal-sniffer-annotations-1.17.jar:/home/user/.m2/repository/io/opencensus/opencensus-api/0.17.0/opencensus-api-0.17.0.jar:/home/user/.m2/repository/io/opencensus/opencensus-contrib-grpc-metrics/0.17.0/opencensus-contrib-grpc-metrics-0.17.0.jar:/home/user/.m2/repository/io/netty/netty-codec-http2/4.1.30.Final/netty-codec-http2-4.1.30.Final.jar:/home/user/.m2/repository/io/netty/netty-codec-http/4.1.30.Final/netty-codec-http-4.1.30.Final.jar:/home/user/.m2/repository/io/netty/netty-codec/4.1.30.Final/netty-codec-4.1.30.Final.jar:/home/user/.m2/repository/io/netty/netty-handler/4.1.30.Final/netty-handler-4.1.30.Final.jar:/home/user/.m2/repository/io/netty/netty-handler-proxy/4.1.30.Final/netty-handler-proxy-4.1.30.Final.jar:/home/user/.m2/repository/io/netty/netty-codec-socks/4.1.30.Final/netty-codec-socks-4.1.30.Final.jar:/home/user/.m2/repository/io/netty/netty-transport-native-epoll/4.1.30.Final/netty-transport-native-epoll-4.1.30.Final.jar:/home/user/.m2/repository/io/netty/netty-common/4.1.30.Final/netty-common-4.1.30.Final.jar:/home/user/.m2/repository/io/netty/netty-buffer/4.1.30.Final/netty-buffer-4.1.30.Final.jar:/home/user/.m2/repository/io/netty/netty-transport/4.1.30.Final/netty-transport-4.1.30.Final.jar:/home/user/.m2/repository/io/netty/netty-resolver/4.1.30.Final/netty-resolver-4.1.30.Final.jar:/home/user/.m2/repository/io/netty/netty-transport-native-unix-common/4.1.30.Final/netty-transport-native-unix-common-4.1.30.Final.jar:/home/user/.m2/repository/io/grpc/grpc-protobuf/1.17.1/grpc-protobuf-1.17.1.jar:/home/user/.m2/repository/com/google/api/grpc/proto-google-common-protos/1.0.0/proto-google-common-protos-1.0.0.jar:/home/user/.m2/repository/io/grpc/grpc-protobuf-lite/1.17.1/grpc-protobuf-lite-1.17.1.jar:/home/user/.m2/repository/io/grpc/grpc-stub/1.17.1/grpc-stub-1.17.1.jar:/home/user/.m2/repository/org/apache/hadoop/hadoop-ozone-recon/0.5.0-SNAPSHOT/hadoop-ozone-recon-0.5.0-SNAPSHOT.jar:/home/user/.m2/repository/org/apache/hadoop/hadoop-ozone-reconcodegen/0.5.0-SNAPSHOT/hadoop-ozone-reconcodegen-0.5.0-SNAPSHOT.jar:/home/user/.m2/repository/com/google/inject/extensions/guice-multibindings/4.0/guice-multibindings-4.0.jar:/home/user/.m2/repository/com/google/inject/guice/4.0/guice-4.0.jar:/home/user/.m2/repository/aopalliance/aopalliance/1.0/aopalliance-1.0.jar:/home/user/.m2/repository/com/google/inject/extensions/guice-servlet/4.0/guice-servlet-4.0.jar:/home/user/.m2/repository/org/glassfish/jersey/containers/jersey-container-servlet/2.27/jersey-container-servlet-2.27.jar:/home/user/.m2/repository/org/glassfish/hk2/guice-bridge/2.5.0/guice-bridge-2.5.0.jar:/home/user/.m2/repository/org/glassfish/jersey/core/jersey-server/2.27/jersey-server-2.27.jar:/home/user/.m2/repository/org/glassfish/jersey/core/jersey-client/2.27/jersey-client-2.27.jar:/home/user/.m2/repository/org/glassfish/jersey/media/jersey-media-jaxb/2.27/jersey-media-jaxb-2.27.jar:/home/user/.m2/repository/javax/validation/validation-api/1.1.0.Final/validation-api-1.1.0.Final.jar:/home/user/.m2/repository/org/glassfish/jersey/media/jersey-media-json-jackson/2.27/jersey-media-json-jackson-2.27.jar:/home/user/.m2/repository/org/glassfish/jersey/ext/jersey-entity-filtering/2.27/jersey-entity-filtering-2.27.jar:/home/user/.m2/repository/com/google/inject/extensions/guice-assistedinject/4.0/guice-assistedinject-4.0.jar:/home/user/.m2/repository/org/jooq/jooq/3.11.10/jooq-3.11.10.jar:/home/user/.m2/repository/org/jooq/jooq-meta/3.11.10/jooq-meta-3.11.10.jar:/home/user/.m2/repository/org/jooq/jooq-codegen/3.11.10/jooq-codegen-3.11.10.jar:/home/user/.m2/repository/com/jolbox/bonecp/0.8.0.RELEASE/bonecp-0.8.0.RELEASE.jar:/home/user/.m2/repository/org/xerial/sqlite-jdbc/3.25.2/sqlite-jdbc-3.25.2.jar:/home/user/.m2/repository/org/springframework/spring-jdbc/5.1.3.RELEASE/spring-jdbc-5.1.3.RELEASE.jar:/home/user/.m2/repository/org/springframework/spring-beans/5.1.3.RELEASE/spring-beans-5.1.3.RELEASE.jar:/home/user/.m2/repository/org/springframework/spring-core/5.1.3.RELEASE/spring-core-5.1.3.RELEASE.jar:/home/user/.m2/repository/org/springframework/spring-jcl/5.1.3.RELEASE/spring-jcl-5.1.3.RELEASE.jar:/home/user/.m2/repository/org/springframework/spring-tx/5.1.3.RELEASE/spring-tx-5.1.3.RELEASE.jar:/home/user/.m2/repository/org/apache/hadoop/hadoop-ozone-client/0.5.0-SNAPSHOT/hadoop-ozone-client-0.5.0-SNAPSHOT.jar:/home/user/.m2/repository/commons-lang/commons-lang/2.6/commons-lang-2.6.jar:/home/user/.m2/repository/org/apache/hadoop/hadoop-ozone-ozone-manager/0.5.0-SNAPSHOT/hadoop-ozone-ozone-manager-0.5.0-SNAPSHOT-tests.jar:/home/user/.m2/repository/junit/junit/4.11/junit-4.11.jar:/home/user/.m2/repository/org/hamcrest/hamcrest-core/1.3/hamcrest-core-1.3.jar:/home/user/.m2/repository/org/openjdk/jmh/jmh-core/1.19/jmh-core-1.19.jar:/home/user/.m2/repository/net/sf/jopt-simple/jopt-simple/4.6/jopt-simple-4.6.jar:/home/user/.m2/repository/org/apache/commons/commons-math3/3.1.1/commons-math3-3.1.1.jar:/home/user/.m2/repository/org/openjdk/jmh/jmh-generator-annprocess/1.19/jmh-generator-annprocess-1.19.jar:/home/user/.m2/repository/org/mockito/mockito-all/1.8.5/mockito-all-1.8.5.jar:/home/user/.m2/repository/org/apache/hadoop/hadoop-kms/3.2.0/hadoop-kms-3.2.0.jar:/home/user/.m2/repository/org/apache/hadoop/hadoop-auth/3.2.0/hadoop-auth-3.2.0.jar:/home/user/.m2/repository/com/nimbusds/nimbus-jose-jwt/4.41.1/nimbus-jose-jwt-4.41.1.jar:/home/user/.m2/repository/com/github/stephenc/jcip/jcip-annotations/1.0-1/jcip-annotations-1.0-1.jar:/home/user/.m2/repository/net/minidev/json-smart/2.3/json-smart-2.3.jar:/home/user/.m2/repository/net/minidev/accessors-smart/1.2/accessors-smart-1.2.jar:/home/user/.m2/repository/org/ow2/asm/asm/5.0.4/asm-5.0.4.jar:/home/user/.m2/repository/org/apache/curator/curator-framework/2.12.0/curator-framework-2.12.0.jar:/home/user/.m2/repository/com/sun/jersey/jersey-core/1.19/jersey-core-1.19.jar:/home/user/.m2/repository/javax/ws/rs/jsr311-api/1.1.1/jsr311-api-1.1.1.jar:/home/user/.m2/repository/com/sun/jersey/jersey-server/1.19/jersey-server-1.19.jar:/home/user/.m2/repository/javax/servlet/javax.servlet-api/3.1.0/javax.servlet-api-3.1.0.jar:/home/user/.m2/repository/org/eclipse/jetty/jetty-server/9.3.24.v20180605/jetty-server-9.3.24.v20180605.jar:/home/user/.m2/repository/org/eclipse/jetty/jetty-http/9.3.24.v20180605/jetty-http-9.3.24.v20180605.jar:/home/user/.m2/repository/org/eclipse/jetty/jetty-io/9.3.24.v20180605/jetty-io-9.3.24.v20180605.jar:/home/user/.m2/repository/org/eclipse/jetty/jetty-webapp/9.3.24.v20180605/jetty-webapp-9.3.24.v20180605.jar:/home/user/.m2/repository/org/eclipse/jetty/jetty-xml/9.3.24.v20180605/jetty-xml-9.3.24.v20180605.jar:/home/user/.m2/repository/log4j/log4j/1.2.17/log4j-1.2.17.jar:/home/user/.m2/repository/org/slf4j/slf4j-api/1.7.25/slf4j-api-1.7.25.jar:/home/user/.m2/repository/org/slf4j/jul-to-slf4j/1.7.25/jul-to-slf4j-1.7.25.jar:/home/user/.m2/repository/org/eclipse/jetty/jetty-util/9.3.24.v20180605/jetty-util-9.3.24.v20180605.jar:/home/user/.m2/repository/com/fasterxml/jackson/core/jackson-databind/2.9.5/jackson-databind-2.9.5.jar:/home/user/.m2/repository/org/apache/hadoop/hadoop-kms/3.2.0/hadoop-kms-3.2.0-tests.jar:/home/user/.m2/repository/org/apache/hadoop/hadoop-hdds-server-scm/0.5.0-SNAPSHOT/hadoop-hdds-server-scm-0.5.0-SNAPSHOT-tests.jar:/home/user/.m2/repository/org/apache/hadoop/hadoop-hdds-container-service/0.5.0-SNAPSHOT/hadoop-hdds-container-service-0.5.0-SNAPSHOT-tests.jar:/home/user/.m2/repository/org/yaml/snakeyaml/1.16/snakeyaml-1.16.jar:/home/user/.m2/repository/org/apache/hadoop/hadoop-common/3.2.0/hadoop-common-3.2.0-tests.jar:/home/user/.m2/repository/org/apache/hadoop/hadoop-annotations/3.2.0/hadoop-annotations-3.2.0.jar:/usr/lib/jvm/java-1.8-openjdk/jre/../lib/tools.jar:/home/user/.m2/repository/commons-cli/commons-cli/1.2/commons-cli-1.2.jar:/home/user/.m2/repository/org/apache/httpcomponents/httpclient/4.5.2/httpclient-4.5.2.jar:/home/user/.m2/repository/org/apache/httpcomponents/httpcore/4.4.4/httpcore-4.4.4.jar:/home/user/.m2/repository/commons-codec/commons-codec/1.11/commons-codec-1.11.jar:/home/user/.m2/repository/commons-net/commons-net/3.6/commons-net-3.6.jar:/home/user/.m2/repository/commons-collections/commons-collections/3.2.2/commons-collections-3.2.2.jar:/home/user/.m2/repository/org/eclipse/jetty/jetty-servlet/9.3.24.v20180605/jetty-servlet-9.3.24.v20180605.jar:/home/user/.m2/repository/org/eclipse/jetty/jetty-security/9.3.24.v20180605/jetty-security-9.3.24.v20180605.jar:/home/user/.m2/repository/javax/servlet/jsp/jsp-api/2.1/jsp-api-2.1.jar:/home/user/.m2/repository/com/sun/jersey/jersey-servlet/1.19/jersey-servlet-1.19.jar:/home/user/.m2/repository/com/sun/jersey/jersey-json/1.19/jersey-json-1.19.jar:/home/user/.m2/repository/org/codehaus/jettison/jettison/1.1/jettison-1.1.jar:/home/user/.m2/repository/org/codehaus/jackson/jackson-core-asl/1.9.13/jackson-core-asl-1.9.13.jar:/home/user/.m2/repository/org/codehaus/jackson/jackson-mapper-asl/1.9.13/jackson-mapper-asl-1.9.13.jar:/home/user/.m2/repository/org/codehaus/jackson/jackson-jaxrs/1.9.13/jackson-jaxrs-1.9.13.jar:/home/user/.m2/repository/org/codehaus/jackson/jackson-xc/1.9.13/jackson-xc-1.9.13.jar:/home/user/.m2/repository/commons-logging/commons-logging/1.1.3/commons-logging-1.1.3.jar:/home/user/.m2/repository/commons-beanutils/commons-beanutils/1.9.3/commons-beanutils-1.9.3.jar:/home/user/.m2/repository/org/apache/commons/commons-configuration2/2.1.1/commons-configuration2-2.1.1.jar:/home/user/.m2/repository/org/apache/commons/commons-lang3/3.7/commons-lang3-3.7.jar:/home/user/.m2/repository/org/apache/commons/commons-text/1.4/commons-text-1.4.jar:/home/user/.m2/repository/org/apache/avro/avro/1.7.7/avro-1.7.7.jar:/home/user/.m2/repository/com/thoughtworks/paranamer/paranamer/2.3/paranamer-2.3.jar:/home/user/.m2/repository/org/xerial/snappy/snappy-java/1.0.5/snappy-java-1.0.5.jar:/home/user/.m2/repository/com/google/re2j/re2j/1.1/re2j-1.1.jar:/home/user/.m2/repository/com/google/code/gson/gson/2.2.4/gson-2.2.4.jar:/home/user/.m2/repository/com/jcraft/jsch/0.1.54/jsch-0.1.54.jar:/home/user/.m2/repository/org/apache/curator/curator-client/2.12.0/curator-client-2.12.0.jar:/home/user/.m2/repository/org/apache/curator/curator-recipes/2.12.0/curator-recipes-2.12.0.jar:/home/user/.m2/repository/com/google/code/findbugs/jsr305/3.0.0/jsr305-3.0.0.jar:/home/user/.m2/repository/org/apache/htrace/htrace-core4/4.1.0-incubating/htrace-core4-4.1.0-incubating.jar:/home/user/.m2/repository/org/apache/zookeeper/zookeeper/3.4.13/zookeeper-3.4.13.jar:/home/user/.m2/repository/org/apache/yetus/audience-annotations/0.5.0/audience-annotations-0.5.0.jar:/home/user/.m2/repository/org/codehaus/woodstox/stax2-api/3.1.4/stax2-api-3.1.4.jar:/home/user/.m2/repository/com/fasterxml/woodstox/woodstox-core/5.0.3/woodstox-core-5.0.3.jar:/home/user/.m2/repository/dnsjava/dnsjava/2.1.7/dnsjava-2.1.7.jar:/home/user/.m2/repository/org/apache/hadoop/hadoop-hdfs/3.2.0/hadoop-hdfs-3.2.0-tests.jar:/home/user/.m2/repository/org/eclipse/jetty/jetty-util-ajax/9.3.24.v20180605/jetty-util-ajax-9.3.24.v20180605.jar:/home/user/.m2/repository/commons-daemon/commons-daemon/1.0.13/commons-daemon-1.0.13.jar:/home/user/.m2/repository/io/netty/netty/3.10.5.Final/netty-3.10.5.Final.jar:/home/user/.m2/repository/io/netty/netty-all/4.0.52.Final/netty-all-4.0.52.Final.jar:/home/user/.m2/repository/org/fusesource/leveldbjni/leveldbjni-all/1.8/leveldbjni-all-1.8.jar:"/>
    <property name="sun.cpu.endian" value="little"/>
    <property name="user.home" value="/home/user"/>
    <property name="user.language" value="en"/>
    <property name="java.specification.vendor" value="Oracle Corporation"/>
    <property name="java.home" value="/usr/lib/jvm/java-1.8-openjdk/jre"/>
    <property name="java.security.krb5.conf" value="/workdir/hadoop-ozone/integration-test/target/test-classes/krb5.conf"/>
    <property name="basedir" value="/workdir/hadoop-ozone/integration-test"/>
    <property name="file.separator" value="/"/>
    <property name="line.separator" value="&#10;"/>
    <property name="java.vm.specification.vendor" value="Oracle Corporation"/>
    <property name="java.specification.name" value="Java Platform API Specification"/>
    <property name="java.awt.graphicsenv" value="sun.awt.X11GraphicsEnvironment"/>
    <property name="surefire.real.class.path" value="/workdir/hadoop-ozone/integration-test/target/surefire/surefirebooter3399132186857598021.jar"/>
    <property name="hadoop.log.dir" value="/workdir/hadoop-ozone/integration-test/target/log"/>
    <property name="sun.boot.class.path" value="/usr/lib/jvm/java-1.8-openjdk/jre/lib/resources.jar:/usr/lib/jvm/java-1.8-openjdk/jre/lib/rt.jar:/usr/lib/jvm/java-1.8-openjdk/jre/lib/sunrsasign.jar:/usr/lib/jvm/java-1.8-openjdk/jre/lib/jsse.jar:/usr/lib/jvm/java-1.8-openjdk/jre/lib/jce.jar:/usr/lib/jvm/java-1.8-openjdk/jre/lib/charsets.jar:/usr/lib/jvm/java-1.8-openjdk/jre/lib/jfr.jar:/usr/lib/jvm/java-1.8-openjdk/jre/classes"/>
    <property name="sun.management.compiler" value="HotSpot 64-Bit Tiered Compilers"/>
    <property name="java.runtime.version" value="1.8.0_212-b04"/>
    <property name="java.net.preferIPv4Stack" value="true"/>
    <property name="user.name" value="jenkins1000"/>
    <property name="path.separator" value=":"/>
    <property name="java.security.egd" value="file:///dev/urandom"/>
    <property name="os.version" value="3.10.0-957.12.2.el7.x86_64"/>
    <property name="java.endorsed.dirs" value="/usr/lib/jvm/java-1.8-openjdk/jre/lib/endorsed"/>
    <property name="java.runtime.name" value="OpenJDK Runtime Environment"/>
    <property name="file.encoding" value="UTF-8"/>
    <property name="java.vm.name" value="OpenJDK 64-Bit Server VM"/>
    <property name="test.build.webapps" value=""/>
    <property name="localRepository" value="/home/user/.m2/repository"/>
    <property name="java.vendor.url.bug" value="https://icedtea.classpath.org/bugzilla"/>
    <property name="java.io.tmpdir" value="/tmp"/>
    <property name="require.test.libhadoop" value=""/>
    <property name="java.version" value="1.8.0_212"/>
    <property name="user.dir" value="/workdir/hadoop-ozone/integration-test"/>
    <property name="os.arch" value="amd64"/>
    <property name="java.vm.specification.name" value="Java Virtual Machine Specification"/>
    <property name="test.build.classes" value="/workdir/hadoop-ozone/integration-test/target/test-classes"/>
    <property name="java.awt.printerjob" value="sun.print.PSPrinterJob"/>
    <property name="sun.os.patch.level" value="unknown"/>
    <property name="hadoop.tmp.dir" value="/workdir/hadoop-ozone/integration-test/target/tmp"/>
    <property name="java.library.path" value="/usr/lib/jvm/java-1.8-openjdk/jre/lib/amd64/server:/usr/lib/jvm/java-1.8-openjdk/jre/lib/amd64:/usr/lib/jvm/java-1.8-openjdk/jre/../lib/amd64:/workdir/hadoop-ozone/integration-test/target/native/target/usr/local/lib:/workdir/hadoop-ozone/integration-test/../../hadoop-common-project/hadoop-common/target/native/target/usr/local/lib:/usr/java/packages/lib/amd64:/usr/lib64:/lib64:/lib:/usr/lib"/>
    <property name="java.vm.info" value="mixed mode"/>
    <property name="java.vendor" value="IcedTea"/>
    <property name="java.vm.version" value="25.212-b04"/>
    <property name="java.ext.dirs" value="/usr/lib/jvm/java-1.8-openjdk/jre/lib/ext:/usr/java/packages/lib/ext"/>
    <property name="sun.io.unicode.encoding" value="UnicodeLittle"/>
    <property name="java.class.version" value="52.0"/>
  </properties>
  <testcase name="testReleaseBuffers" classname="org.apache.hadoop.ozone.client.rpc.TestCommitWatcher" time="11.078"/>
  <testcase name="testReleaseBuffersOnException" classname="org.apache.hadoop.ozone.client.rpc.TestCommitWatcher" time="10.658">
    <failure type="java.lang.AssertionError">java.lang.AssertionError
	at org.junit.Assert.fail(Assert.java:86)
	at org.junit.Assert.assertTrue(Assert.java:41)
	at org.junit.Assert.assertTrue(Assert.java:52)
	at org.apache.hadoop.ozone.client.rpc.TestCommitWatcher.testReleaseBuffersOnException(TestCommitWatcher.java:284)
	at sun.reflect.NativeMethodAccessorImpl.invoke0(Native Method)
	at sun.reflect.NativeMethodAccessorImpl.invoke(NativeMethodAccessorImpl.java:62)
	at sun.reflect.DelegatingMethodAccessorImpl.invoke(DelegatingMethodAccessorImpl.java:43)
	at java.lang.reflect.Method.invoke(Method.java:498)
	at org.junit.runners.model.FrameworkMethod$1.runReflectiveCall(FrameworkMethod.java:47)
	at org.junit.internal.runners.model.ReflectiveCallable.run(ReflectiveCallable.java:12)
	at org.junit.runners.model.FrameworkMethod.invokeExplosively(FrameworkMethod.java:44)
	at org.junit.internal.runners.statements.InvokeMethod.evaluate(InvokeMethod.java:17)
	at org.junit.runners.ParentRunner.runLeaf(ParentRunner.java:271)
	at org.junit.runners.BlockJUnit4ClassRunner.runChild(BlockJUnit4ClassRunner.java:70)
	at org.junit.runners.BlockJUnit4ClassRunner.runChild(BlockJUnit4ClassRunner.java:50)
	at org.junit.runners.ParentRunner$3.run(ParentRunner.java:238)
	at org.junit.runners.ParentRunner$1.schedule(ParentRunner.java:63)
	at org.junit.runners.ParentRunner.runChildren(ParentRunner.java:236)
	at org.junit.runners.ParentRunner.access$000(ParentRunner.java:53)
	at org.junit.runners.ParentRunner$2.evaluate(ParentRunner.java:229)
	at org.junit.internal.runners.statements.RunBefores.evaluate(RunBefores.java:26)
	at org.junit.internal.runners.statements.RunAfters.evaluate(RunAfters.java:27)
	at org.junit.runners.ParentRunner.run(ParentRunner.java:309)
	at org.apache.maven.surefire.junit4.JUnit4Provider.execute(JUnit4Provider.java:365)
	at org.apache.maven.surefire.junit4.JUnit4Provider.executeWithRerun(JUnit4Provider.java:273)
	at org.apache.maven.surefire.junit4.JUnit4Provider.executeTestSet(JUnit4Provider.java:238)
	at org.apache.maven.surefire.junit4.JUnit4Provider.invoke(JUnit4Provider.java:159)
	at org.apache.maven.surefire.booter.ForkedBooter.invokeProviderInSameClassLoader(ForkedBooter.java:384)
	at org.apache.maven.surefire.booter.ForkedBooter.runSuitesInProcess(ForkedBooter.java:345)
	at org.apache.maven.surefire.booter.ForkedBooter.execute(ForkedBooter.java:126)
	at org.apache.maven.surefire.booter.ForkedBooter.main(ForkedBooter.java:418)
</failure>
    <system-out><![CDATA[2019-08-28 13:19:54,354 [grpc-default-executor-4] INFO  client.GrpcClientProtocolClient (GrpcClientProtocolClient.java:onNext(255)) - client-AF0264A5B409->006b0b15-3e31-449e-8c60-b0373321860d: receive RaftClientReply:client-AF0264A5B409->006b0b15-3e31-449e-8c60-b0373321860d@group-88D45CC39B61, cid=17, FAILED org.apache.ratis.protocol.NotLeaderException: Server 006b0b15-3e31-449e-8c60-b0373321860d is not the leader (cf71054c-db5b-452c-ace2-a984aec58884:192.168.34.13:33144). Request must be sent to leader., logIndex=0, commits[006b0b15-3e31-449e-8c60-b0373321860d:c0, cf71054c-db5b-452c-ace2-a984aec58884:c0, d8e6d5e2-9168-4998-82c4-09074c129aab:c0]
2019-08-28 13:19:54,508 | INFO  | SCMAudit | user=jenkins1000 | ip=192.168.34.13 | op=SEND_HEARTBEAT {datanodeUUID=d8e6d5e2-9168-4998-82c4-09074c129aab, command=[]} | ret=SUCCESS |  
2019-08-28 13:19:54,508 | INFO  | SCMAudit | user=jenkins1000 | ip=192.168.34.13 | op=SEND_HEARTBEAT {datanodeUUID=cf71054c-db5b-452c-ace2-a984aec58884, command=[]} | ret=SUCCESS |  
2019-08-28 13:19:54,508 | INFO  | SCMAudit | user=jenkins1000 | ip=192.168.34.13 | op=SEND_HEARTBEAT {datanodeUUID=006b0b15-3e31-449e-8c60-b0373321860d, command=[]} | ret=SUCCESS |  
2019-08-28 13:19:54,512 | INFO  | DNAudit | user=null | ip=null | op=WRITE_CHUNK {blockData=conID: 2 locID: 1566998394319 bcsId: 0} | ret=SUCCESS |  
2019-08-28 13:19:54,515 | INFO  | DNAudit | user=null | ip=null | op=WRITE_CHUNK {blockData=conID: 2 locID: 1566998394319 bcsId: 0} | ret=SUCCESS |  
2019-08-28 13:19:54,516 | INFO  | DNAudit | user=null | ip=null | op=WRITE_CHUNK {blockData=conID: 2 locID: 1566998394319 bcsId: 0} | ret=SUCCESS |  
2019-08-28 13:19:54,532 | INFO  | DNAudit | user=null | ip=null | op=WRITE_CHUNK {blockData=conID: 2 locID: 1566998394319 bcsId: 0} | ret=SUCCESS |  
2019-08-28 13:19:54,541 [grpc-default-executor-4] INFO  client.GrpcClientProtocolClient (GrpcClientProtocolClient.java:onNext(255)) - client-AF0264A5B409->cf71054c-db5b-452c-ace2-a984aec58884: receive RaftClientReply:client-AF0264A5B409->cf71054c-db5b-452c-ace2-a984aec58884@group-88D45CC39B61, cid=17, SUCCESS, logIndex=1, commits[cf71054c-db5b-452c-ace2-a984aec58884:c1, 006b0b15-3e31-449e-8c60-b0373321860d:c0, d8e6d5e2-9168-4998-82c4-09074c129aab:c0]
2019-08-28 13:19:54,548 | INFO  | DNAudit | user=null | ip=null | op=WRITE_CHUNK {blockData=conID: 2 locID: 1566998394319 bcsId: 0} | ret=SUCCESS |  
2019-08-28 13:19:54,548 | INFO  | DNAudit | user=null | ip=null | op=WRITE_CHUNK {blockData=conID: 2 locID: 1566998394319 bcsId: 0} | ret=SUCCESS |  
2019-08-28 13:19:54,554 [pool-70-thread-4] WARN  impl.ChunkManagerImpl (ChunkUtils.java:validateChunkForOverwrite(218)) - Duplicate write chunk request. Chunk overwrite without explicit request. ChunkInfo{chunkName='1566998394319.data.0, offset=0, len=1048576}
2019-08-28 13:19:54,554 [pool-70-thread-4] WARN  impl.ChunkManagerImpl (ChunkManagerImpl.java:writeChunk(111)) - ChunkFile already exists/workdir/hadoop-ozone/integration-test/target/test-dir/MiniOzoneClusterImpl-8e9173f0-69d9-4518-b4a3-1c830ac0aa43/datanode-4/data/containers/hdds/854ee1a7-e716-453b-8831-9d2879d01ce9/current/containerDir0/2/chunks/1566998394319.data.0.Deleting it.
2019-08-28 13:19:54,559 | INFO  | DNAudit | user=null | ip=null | op=WRITE_CHUNK {blockData=conID: 2 locID: 1566998394319 bcsId: 0} | ret=SUCCESS |  
2019-08-28 13:19:54,563 [pool-92-thread-2] WARN  impl.ChunkManagerImpl (ChunkUtils.java:validateChunkForOverwrite(218)) - Duplicate write chunk request. Chunk overwrite without explicit request. ChunkInfo{chunkName='1566998394319.data.0, offset=0, len=1048576}
2019-08-28 13:19:54,563 [pool-48-thread-2] WARN  impl.ChunkManagerImpl (ChunkUtils.java:validateChunkForOverwrite(218)) - Duplicate write chunk request. Chunk overwrite without explicit request. ChunkInfo{chunkName='1566998394319.data.0, offset=0, len=1048576}
2019-08-28 13:19:54,563 [pool-92-thread-2] WARN  impl.ChunkManagerImpl (ChunkManagerImpl.java:writeChunk(111)) - ChunkFile already exists/workdir/hadoop-ozone/integration-test/target/test-dir/MiniOzoneClusterImpl-8e9173f0-69d9-4518-b4a3-1c830ac0aa43/datanode-6/data/containers/hdds/854ee1a7-e716-453b-8831-9d2879d01ce9/current/containerDir0/2/chunks/1566998394319.data.0.Deleting it.
2019-08-28 13:19:54,563 [pool-48-thread-2] WARN  impl.ChunkManagerImpl (ChunkManagerImpl.java:writeChunk(111)) - ChunkFile already exists/workdir/hadoop-ozone/integration-test/target/test-dir/MiniOzoneClusterImpl-8e9173f0-69d9-4518-b4a3-1c830ac0aa43/datanode-2/data/containers/hdds/854ee1a7-e716-453b-8831-9d2879d01ce9/current/containerDir0/2/chunks/1566998394319.data.0.Deleting it.
2019-08-28 13:19:54,567 | INFO  | DNAudit | user=null | ip=null | op=WRITE_CHUNK {blockData=conID: 2 locID: 1566998394319 bcsId: 0} | ret=SUCCESS |  
2019-08-28 13:19:54,567 | INFO  | DNAudit | user=null | ip=null | op=WRITE_CHUNK {blockData=conID: 2 locID: 1566998394319 bcsId: 0} | ret=SUCCESS |  
2019-08-28 13:19:54,606 | INFO  | DNAudit | user=null | ip=null | op=PUT_BLOCK {blockData=[blockId=conID: 2 locID: 1566998394319 bcsId: 0,size=1048576]} | ret=SUCCESS |  
2019-08-28 13:19:54,616 | INFO  | DNAudit | user=null | ip=null | op=WRITE_CHUNK {blockData=conID: 2 locID: 1566998394319 bcsId: 0} | ret=SUCCESS |  
2019-08-28 13:19:54,616 [grpc-default-executor-4] INFO  client.GrpcClientProtocolClient (GrpcClientProtocolClient.java:onNext(255)) - client-AF0264A5B409->cf71054c-db5b-452c-ace2-a984aec58884: receive RaftClientReply:client-AF0264A5B409->cf71054c-db5b-452c-ace2-a984aec58884@group-88D45CC39B61, cid=18, SUCCESS, logIndex=3, commits[cf71054c-db5b-452c-ace2-a984aec58884:c8, 006b0b15-3e31-449e-8c60-b0373321860d:c6, d8e6d5e2-9168-4998-82c4-09074c129aab:c6]
2019-08-28 13:19:54,617 [grpc-default-executor-4] INFO  client.GrpcClientProtocolClient (GrpcClientProtocolClient.java:onNext(255)) - client-AF0264A5B409->cf71054c-db5b-452c-ace2-a984aec58884: receive RaftClientReply:client-AF0264A5B409->cf71054c-db5b-452c-ace2-a984aec58884@group-88D45CC39B61, cid=19, SUCCESS, logIndex=4, commits[cf71054c-db5b-452c-ace2-a984aec58884:c8, 006b0b15-3e31-449e-8c60-b0373321860d:c6, d8e6d5e2-9168-4998-82c4-09074c129aab:c6]
2019-08-28 13:19:54,649 | INFO  | DNAudit | user=null | ip=null | op=PUT_BLOCK {blockData=[blockId=conID: 2 locID: 1566998394319 bcsId: 0,size=1048576]} | ret=SUCCESS |  
2019-08-28 13:19:54,650 | INFO  | DNAudit | user=null | ip=null | op=WRITE_CHUNK {blockData=conID: 2 locID: 1566998394319 bcsId: 0} | ret=SUCCESS |  
2019-08-28 13:19:54,696 | INFO  | DNAudit | user=null | ip=null | op=PUT_BLOCK {blockData=[blockId=conID: 2 locID: 1566998394319 bcsId: 0,size=1048576]} | ret=SUCCESS |  
2019-08-28 13:19:54,696 | INFO  | DNAudit | user=null | ip=null | op=PUT_BLOCK {blockData=[blockId=conID: 2 locID: 1566998394319 bcsId: 0,size=1048576]} | ret=SUCCESS |  
2019-08-28 13:19:54,696 | INFO  | DNAudit | user=null | ip=null | op=PUT_BLOCK {blockData=[blockId=conID: 2 locID: 1566998394319 bcsId: 0,size=1048576]} | ret=SUCCESS |  
2019-08-28 13:19:54,697 | INFO  | DNAudit | user=null | ip=null | op=WRITE_CHUNK {blockData=conID: 2 locID: 1566998394319 bcsId: 0} | ret=SUCCESS |  
2019-08-28 13:19:54,698 | INFO  | DNAudit | user=null | ip=null | op=PUT_BLOCK {blockData=[blockId=conID: 2 locID: 1566998394319 bcsId: 0,size=1048576]} | ret=SUCCESS |  
2019-08-28 13:19:54,699 [grpc-default-executor-4] INFO  client.GrpcClientProtocolClient (GrpcClientProtocolClient.java:onNext(255)) - client-AF0264A5B409->cf71054c-db5b-452c-ace2-a984aec58884: receive RaftClientReply:client-AF0264A5B409->cf71054c-db5b-452c-ace2-a984aec58884@group-88D45CC39B61, cid=20, SUCCESS, logIndex=5, commits[cf71054c-db5b-452c-ace2-a984aec58884:c8, 006b0b15-3e31-449e-8c60-b0373321860d:c6, d8e6d5e2-9168-4998-82c4-09074c129aab:c6]
2019-08-28 13:19:54,700 [main] INFO  datanode.ObjectStoreHandler (ObjectStoreHandler.java:close(155)) - Closing ObjectStoreHandler.
2019-08-28 13:19:54,701 [main] INFO  ozone.HddsDatanodeService (HddsDatanodeService.java:stop(451)) - Stopped plug-in org.apache.hadoop.ozone.web.OzoneHddsDatanodeService@5563bb40
2019-08-28 13:19:54,771 | INFO  | SCMAudit | user=jenkins1000 | ip=192.168.34.13 | op=SEND_HEARTBEAT {datanodeUUID=154fa27b-0767-46d6-a804-318a5ced5e49, command=[]} | ret=SUCCESS |  
2019-08-28 13:19:55,013 | INFO  | SCMAudit | user=jenkins1000 | ip=192.168.34.13 | op=SEND_HEARTBEAT {datanodeUUID=e4ade172-ccc8-461e-b9e2-67c5ae12c90c, command=[]} | ret=SUCCESS |  
2019-08-28 13:19:55,082 | INFO  | SCMAudit | user=jenkins1000 | ip=192.168.34.13 | op=SEND_HEARTBEAT {datanodeUUID=5e115a4e-6b63-49bc-b60a-43d9af2ea818, command=[]} | ret=SUCCESS |  
2019-08-28 13:19:55,082 | INFO  | SCMAudit | user=jenkins1000 | ip=192.168.34.13 | op=SEND_HEARTBEAT {datanodeUUID=4be5b8ce-d742-49cd-a9fd-e7c925e008e2, command=[]} | ret=SUCCESS |  
2019-08-28 13:19:55,505 [Datanode State Machine Thread - 0] INFO  statemachine.DatanodeStateMachine (DatanodeStateMachine.java:lambda$startDaemon$0(350)) - Ozone container server started.
2019-08-28 13:19:55,507 | INFO  | SCMAudit | user=jenkins1000 | ip=192.168.34.13 | op=SEND_HEARTBEAT {datanodeUUID=cf71054c-db5b-452c-ace2-a984aec58884, command=[]} | ret=SUCCESS |  
2019-08-28 13:19:55,507 | INFO  | SCMAudit | user=jenkins1000 | ip=192.168.34.13 | op=SEND_HEARTBEAT {datanodeUUID=d8e6d5e2-9168-4998-82c4-09074c129aab, command=[]} | ret=SUCCESS |  
2019-08-28 13:19:55,771 | INFO  | SCMAudit | user=jenkins1000 | ip=192.168.34.13 | op=SEND_HEARTBEAT {datanodeUUID=154fa27b-0767-46d6-a804-318a5ced5e49, command=[]} | ret=SUCCESS |  
2019-08-28 13:19:56,013 | INFO  | SCMAudit | user=jenkins1000 | ip=192.168.34.13 | op=SEND_HEARTBEAT {datanodeUUID=e4ade172-ccc8-461e-b9e2-67c5ae12c90c, command=[]} | ret=SUCCESS |  
2019-08-28 13:19:56,082 | INFO  | SCMAudit | user=jenkins1000 | ip=192.168.34.13 | op=SEND_HEARTBEAT {datanodeUUID=5e115a4e-6b63-49bc-b60a-43d9af2ea818, command=[]} | ret=SUCCESS |  
2019-08-28 13:19:56,082 | INFO  | SCMAudit | user=jenkins1000 | ip=192.168.34.13 | op=SEND_HEARTBEAT {datanodeUUID=4be5b8ce-d742-49cd-a9fd-e7c925e008e2, command=[]} | ret=SUCCESS |  
2019-08-28 13:19:56,508 | INFO  | SCMAudit | user=jenkins1000 | ip=192.168.34.13 | op=SEND_HEARTBEAT {datanodeUUID=cf71054c-db5b-452c-ace2-a984aec58884, command=[]} | ret=SUCCESS |  
2019-08-28 13:19:56,508 | INFO  | SCMAudit | user=jenkins1000 | ip=192.168.34.13 | op=SEND_HEARTBEAT {datanodeUUID=d8e6d5e2-9168-4998-82c4-09074c129aab, command=[]} | ret=SUCCESS |  
2019-08-28 13:19:56,771 | INFO  | SCMAudit | user=jenkins1000 | ip=192.168.34.13 | op=SEND_HEARTBEAT {datanodeUUID=154fa27b-0767-46d6-a804-318a5ced5e49, command=[]} | ret=SUCCESS |  
2019-08-28 13:19:57,018 | INFO  | SCMAudit | user=jenkins1000 | ip=192.168.34.13 | op=SEND_HEARTBEAT {datanodeUUID=e4ade172-ccc8-461e-b9e2-67c5ae12c90c, command=[]} | ret=SUCCESS |  
2019-08-28 13:19:57,082 | INFO  | SCMAudit | user=jenkins1000 | ip=192.168.34.13 | op=SEND_HEARTBEAT {datanodeUUID=4be5b8ce-d742-49cd-a9fd-e7c925e008e2, command=[]} | ret=SUCCESS |  
2019-08-28 13:19:57,082 | INFO  | SCMAudit | user=jenkins1000 | ip=192.168.34.13 | op=SEND_HEARTBEAT {datanodeUUID=5e115a4e-6b63-49bc-b60a-43d9af2ea818, command=[]} | ret=SUCCESS |  
2019-08-28 13:19:57,508 | INFO  | SCMAudit | user=jenkins1000 | ip=192.168.34.13 | op=SEND_HEARTBEAT {datanodeUUID=d8e6d5e2-9168-4998-82c4-09074c129aab, command=[]} | ret=SUCCESS |  
2019-08-28 13:19:57,510 | INFO  | SCMAudit | user=jenkins1000 | ip=192.168.34.13 | op=SEND_HEARTBEAT {datanodeUUID=cf71054c-db5b-452c-ace2-a984aec58884, command=[]} | ret=SUCCESS |  
2019-08-28 13:19:57,522 [EventQueue-StaleNodeForStaleNodeHandler] INFO  node.StaleNodeHandler (StaleNodeHandler.java:onMessage(58)) - Datanode 006b0b15-3e31-449e-8c60-b0373321860d{ip: 192.168.34.13, host: pr-hdds-1054-rtxcd-4193373042, networkLocation: /default-rack, certSerialId: null} moved to stale state. Finalizing its pipelines [PipelineID=7ac73636-d978-4678-a9f6-88d45cc39b61, PipelineID=18bb371e-d904-4a9d-9966-3b324819b85c]
2019-08-28 13:19:57,522 [EventQueue-StaleNodeForStaleNodeHandler] INFO  pipeline.SCMPipelineManager (SCMPipelineManager.java:finalizeAndDestroyPipeline(309)) - destroying pipeline:Pipeline[ Id: 7ac73636-d978-4678-a9f6-88d45cc39b61, Nodes: 006b0b15-3e31-449e-8c60-b0373321860d{ip: 192.168.34.13, host: pr-hdds-1054-rtxcd-4193373042, networkLocation: /default-rack, certSerialId: null}cf71054c-db5b-452c-ace2-a984aec58884{ip: 192.168.34.13, host: pr-hdds-1054-rtxcd-4193373042, networkLocation: /default-rack, certSerialId: null}d8e6d5e2-9168-4998-82c4-09074c129aab{ip: 192.168.34.13, host: pr-hdds-1054-rtxcd-4193373042, networkLocation: /default-rack, certSerialId: null}, Type:RATIS, Factor:THREE, State:OPEN]
2019-08-28 13:19:57,524 [EventQueue-StaleNodeForStaleNodeHandler] INFO  pipeline.PipelineStateManager (PipelineStateManager.java:finalizePipeline(123)) - Pipeline Pipeline[ Id: 7ac73636-d978-4678-a9f6-88d45cc39b61, Nodes: 006b0b15-3e31-449e-8c60-b0373321860d{ip: 192.168.34.13, host: pr-hdds-1054-rtxcd-4193373042, networkLocation: /default-rack, certSerialId: null}cf71054c-db5b-452c-ace2-a984aec58884{ip: 192.168.34.13, host: pr-hdds-1054-rtxcd-4193373042, networkLocation: /default-rack, certSerialId: null}d8e6d5e2-9168-4998-82c4-09074c129aab{ip: 192.168.34.13, host: pr-hdds-1054-rtxcd-4193373042, networkLocation: /default-rack, certSerialId: null}, Type:RATIS, Factor:THREE, State:CLOSED] moved to CLOSED state
2019-08-28 13:19:57,525 [EventQueue-CloseContainerForCloseContainerEventHandler] INFO  container.CloseContainerEventHandler (CloseContainerEventHandler.java:onMessage(61)) - Close container Event triggered for container : #2
2019-08-28 13:19:57,526 [EventQueue-StaleNodeForStaleNodeHandler] INFO  pipeline.SCMPipelineManager (SCMPipelineManager.java:finalizeAndDestroyPipeline(309)) - destroying pipeline:Pipeline[ Id: 18bb371e-d904-4a9d-9966-3b324819b85c, Nodes: 006b0b15-3e31-449e-8c60-b0373321860d{ip: 192.168.34.13, host: pr-hdds-1054-rtxcd-4193373042, networkLocation: /default-rack, certSerialId: null}, Type:RATIS, Factor:ONE, State:OPEN]
2019-08-28 13:19:57,526 [EventQueue-StaleNodeForStaleNodeHandler] INFO  pipeline.PipelineStateManager (PipelineStateManager.java:finalizePipeline(123)) - Pipeline Pipeline[ Id: 18bb371e-d904-4a9d-9966-3b324819b85c, Nodes: 006b0b15-3e31-449e-8c60-b0373321860d{ip: 192.168.34.13, host: pr-hdds-1054-rtxcd-4193373042, networkLocation: /default-rack, certSerialId: null}, Type:RATIS, Factor:ONE, State:CLOSED] moved to CLOSED state
2019-08-28 13:19:57,772 | INFO  | SCMAudit | user=jenkins1000 | ip=192.168.34.13 | op=SEND_HEARTBEAT {datanodeUUID=154fa27b-0767-46d6-a804-318a5ced5e49, command=[]} | ret=SUCCESS |  
2019-08-28 13:19:58,016 | INFO  | SCMAudit | user=jenkins1000 | ip=192.168.34.13 | op=SEND_HEARTBEAT {datanodeUUID=e4ade172-ccc8-461e-b9e2-67c5ae12c90c, command=[]} | ret=SUCCESS |  
2019-08-28 13:19:58,082 | INFO  | SCMAudit | user=jenkins1000 | ip=192.168.34.13 | op=SEND_HEARTBEAT {datanodeUUID=4be5b8ce-d742-49cd-a9fd-e7c925e008e2, command=[]} | ret=SUCCESS |  
2019-08-28 13:19:58,082 | INFO  | SCMAudit | user=jenkins1000 | ip=192.168.34.13 | op=SEND_HEARTBEAT {datanodeUUID=5e115a4e-6b63-49bc-b60a-43d9af2ea818, command=[]} | ret=SUCCESS |  
2019-08-28 13:19:58,548 | INFO  | SCMAudit | user=jenkins1000 | ip=192.168.34.13 | op=SEND_HEARTBEAT {datanodeUUID=cf71054c-db5b-452c-ace2-a984aec58884, command=[commandType: closeContainerCommand closeContainerCommandProto { containerID: 2 pipelineID { id: "7ac73636-d978-4678-a9f6-88d45cc39b61" } cmdId: 2 force: false } ]} | ret=SUCCESS |  
2019-08-28 13:19:58,548 | INFO  | SCMAudit | user=jenkins1000 | ip=192.168.34.13 | op=SEND_HEARTBEAT {datanodeUUID=d8e6d5e2-9168-4998-82c4-09074c129aab, command=[commandType: closeContainerCommand closeContainerCommandProto { containerID: 2 pipelineID { id: "7ac73636-d978-4678-a9f6-88d45cc39b61" } cmdId: 2 force: false } ]} | ret=SUCCESS |  
2019-08-28 13:19:58,772 | INFO  | SCMAudit | user=jenkins1000 | ip=192.168.34.13 | op=SEND_HEARTBEAT {datanodeUUID=154fa27b-0767-46d6-a804-318a5ced5e49, command=[]} | ret=SUCCESS |  
2019-08-28 13:19:59,016 | INFO  | SCMAudit | user=jenkins1000 | ip=192.168.34.13 | op=SEND_HEARTBEAT {datanodeUUID=e4ade172-ccc8-461e-b9e2-67c5ae12c90c, command=[]} | ret=SUCCESS |  
2019-08-28 13:19:59,083 | INFO  | SCMAudit | user=jenkins1000 | ip=192.168.34.13 | op=SEND_HEARTBEAT {datanodeUUID=4be5b8ce-d742-49cd-a9fd-e7c925e008e2, command=[]} | ret=SUCCESS |  
2019-08-28 13:19:59,083 | INFO  | SCMAudit | user=jenkins1000 | ip=192.168.34.13 | op=SEND_HEARTBEAT {datanodeUUID=5e115a4e-6b63-49bc-b60a-43d9af2ea818, command=[]} | ret=SUCCESS |  
2019-08-28 13:19:59,509 | INFO  | SCMAudit | user=jenkins1000 | ip=192.168.34.13 | op=SEND_HEARTBEAT {datanodeUUID=d8e6d5e2-9168-4998-82c4-09074c129aab, command=[]} | ret=SUCCESS |  
2019-08-28 13:19:59,509 | INFO  | SCMAudit | user=jenkins1000 | ip=192.168.34.13 | op=SEND_HEARTBEAT {datanodeUUID=cf71054c-db5b-452c-ace2-a984aec58884, command=[]} | ret=SUCCESS |  
2019-08-28 13:19:59,704 [main] INFO  ozoneimpl.OzoneContainer (OzoneContainer.java:stop(199)) - Attempting to stop container services.
2019-08-28 13:19:59,705 [main] INFO  impl.RaftServerProxy (RaftServerProxy.java:lambda$close$4(314)) - 006b0b15-3e31-449e-8c60-b0373321860d: close
2019-08-28 13:19:59,713 [main] INFO  impl.RaftServerImpl (RaftServerImpl.java:lambda$shutdown$3(245)) - 006b0b15-3e31-449e-8c60-b0373321860d: shutdown group-88D45CC39B61
2019-08-28 13:19:59,713 [ForkJoinPool.commonPool-worker-1] INFO  impl.RaftServerImpl (RaftServerImpl.java:lambda$shutdown$3(245)) - 006b0b15-3e31-449e-8c60-b0373321860d: shutdown group-3B324819B85C
2019-08-28 13:19:59,714 [main] INFO  util.JmxRegister (JmxRegister.java:unregister(73)) - Successfully un-registered JMX Bean with object name Ratis:service=RaftServer,group=group-88D45CC39B61,id=006b0b15-3e31-449e-8c60-b0373321860d
2019-08-28 13:19:59,714 [ForkJoinPool.commonPool-worker-1] INFO  util.JmxRegister (JmxRegister.java:unregister(73)) - Successfully un-registered JMX Bean with object name Ratis:service=RaftServer,group=group-3B324819B85C,id=006b0b15-3e31-449e-8c60-b0373321860d
2019-08-28 13:19:59,714 [main] INFO  impl.RoleInfo (RoleInfo.java:shutdownFollowerState(121)) - 006b0b15-3e31-449e-8c60-b0373321860d: shutdown FollowerState
2019-08-28 13:19:59,714 [ForkJoinPool.commonPool-worker-1] INFO  impl.RoleInfo (RoleInfo.java:shutdownLeaderState(104)) - 006b0b15-3e31-449e-8c60-b0373321860d: shutdown LeaderState
2019-08-28 13:19:59,715 [main] INFO  impl.StateMachineUpdater (StateMachineUpdater.java:stopAndJoin(115)) - StateMachineUpdater:006b0b15-3e31-449e-8c60-b0373321860d:group-88D45CC39B61: set stopIndex = 8
2019-08-28 13:19:59,715 [Thread-332] INFO  impl.FollowerState (FollowerState.java:run(114)) - 006b0b15-3e31-449e-8c60-b0373321860d: FollowerState was interrupted: java.lang.InterruptedException: sleep interrupted
2019-08-28 13:19:59,727 [StateMachineUpdater:006b0b15-3e31-449e-8c60-b0373321860d:group-88D45CC39B61] INFO  ratis.ContainerStateMachine (ContainerStateMachine.java:takeSnapshot(283)) - group-88D45CC39B61: Taking a snapshot at:(t:1, i:6) file /workdir/hadoop-ozone/integration-test/target/test-dir/MiniOzoneClusterImpl-8e9173f0-69d9-4518-b4a3-1c830ac0aa43/datanode-6/data/ratis/7ac73636-d978-4678-a9f6-88d45cc39b61/sm/snapshot.1_6
2019-08-28 13:19:59,727 [ForkJoinPool.commonPool-worker-1] INFO  impl.PendingRequests (PendingRequests.java:sendNotLeaderResponses(202)) - 006b0b15-3e31-449e-8c60-b0373321860d-PendingRequests: sendNotLeaderResponses
2019-08-28 13:19:59,730 [ForkJoinPool.commonPool-worker-1] INFO  impl.StateMachineUpdater (StateMachineUpdater.java:stopAndJoin(115)) - StateMachineUpdater:006b0b15-3e31-449e-8c60-b0373321860d:group-3B324819B85C: set stopIndex = 0
2019-08-28 13:19:59,735 [ForkJoinPool.commonPool-worker-1] INFO  impl.RaftServerImpl (ServerState.java:close(394)) - 006b0b15-3e31-449e-8c60-b0373321860d:group-3B324819B85C closes. The last applied log index is 0
2019-08-28 13:19:59,737 [006b0b15-3e31-449e-8c60-b0373321860d-SegmentedRaftLogWorker:Storage Directory /workdir/hadoop-ozone/integration-test/target/test-dir/MiniOzoneClusterImpl-8e9173f0-69d9-4518-b4a3-1c830ac0aa43/datanode-6/data/ratis/18bb371e-d904-4a9d-9966-3b324819b85c] INFO  segmented.SegmentedRaftLogWorker (SegmentedRaftLogWorker.java:run(313)) - 006b0b15-3e31-449e-8c60-b0373321860d-SegmentedRaftLogWorker:Storage Directory /workdir/hadoop-ozone/integration-test/target/test-dir/MiniOzoneClusterImpl-8e9173f0-69d9-4518-b4a3-1c830ac0aa43/datanode-6/data/ratis/18bb371e-d904-4a9d-9966-3b324819b85c was interrupted, exiting. There are 0 tasks remaining in the queue.
2019-08-28 13:19:59,740 [ForkJoinPool.commonPool-worker-1] INFO  segmented.SegmentedRaftLogWorker (SegmentedRaftLogWorker.java:close(228)) - 006b0b15-3e31-449e-8c60-b0373321860d-SegmentedRaftLogWorker:Storage Directory /workdir/hadoop-ozone/integration-test/target/test-dir/MiniOzoneClusterImpl-8e9173f0-69d9-4518-b4a3-1c830ac0aa43/datanode-6/data/ratis/18bb371e-d904-4a9d-9966-3b324819b85c close()
2019-08-28 13:19:59,772 | INFO  | SCMAudit | user=jenkins1000 | ip=192.168.34.13 | op=SEND_HEARTBEAT {datanodeUUID=154fa27b-0767-46d6-a804-318a5ced5e49, command=[]} | ret=SUCCESS |  
2019-08-28 13:19:59,775 [StateMachineUpdater:006b0b15-3e31-449e-8c60-b0373321860d:group-88D45CC39B61] INFO  ratis.ContainerStateMachine (ContainerStateMachine.java:takeSnapshot(294)) - group-88D45CC39B61: Finished taking a snapshot at:(t:1, i:6) file:/workdir/hadoop-ozone/integration-test/target/test-dir/MiniOzoneClusterImpl-8e9173f0-69d9-4518-b4a3-1c830ac0aa43/datanode-6/data/ratis/7ac73636-d978-4678-a9f6-88d45cc39b61/sm/snapshot.1_6 time:61
2019-08-28 13:19:59,775 [StateMachineUpdater:006b0b15-3e31-449e-8c60-b0373321860d:group-88D45CC39B61] INFO  impl.StateMachineUpdater (StateMachineUpdater.java:takeSnapshot(242)) - StateMachineUpdater:006b0b15-3e31-449e-8c60-b0373321860d:group-88D45CC39B61: Took a snapshot at index 6
2019-08-28 13:19:59,776 [StateMachineUpdater:006b0b15-3e31-449e-8c60-b0373321860d:group-88D45CC39B61] INFO  impl.StateMachineUpdater (StateMachineUpdater.java:lambda$new$0(80)) - StateMachineUpdater:006b0b15-3e31-449e-8c60-b0373321860d:group-88D45CC39B61: snapshotIndex: updateIncreasingly -1 -> 6
2019-08-28 13:19:59,781 [main] INFO  impl.RaftServerImpl (ServerState.java:close(394)) - 006b0b15-3e31-449e-8c60-b0373321860d:group-88D45CC39B61 closes. The last applied log index is 8
2019-08-28 13:19:59,782 [006b0b15-3e31-449e-8c60-b0373321860d-SegmentedRaftLogWorker:Storage Directory /workdir/hadoop-ozone/integration-test/target/test-dir/MiniOzoneClusterImpl-8e9173f0-69d9-4518-b4a3-1c830ac0aa43/datanode-6/data/ratis/7ac73636-d978-4678-a9f6-88d45cc39b61] INFO  segmented.SegmentedRaftLogWorker (SegmentedRaftLogWorker.java:run(313)) - 006b0b15-3e31-449e-8c60-b0373321860d-SegmentedRaftLogWorker:Storage Directory /workdir/hadoop-ozone/integration-test/target/test-dir/MiniOzoneClusterImpl-8e9173f0-69d9-4518-b4a3-1c830ac0aa43/datanode-6/data/ratis/7ac73636-d978-4678-a9f6-88d45cc39b61 was interrupted, exiting. There are 0 tasks remaining in the queue.
2019-08-28 13:19:59,784 [main] INFO  segmented.SegmentedRaftLogWorker (SegmentedRaftLogWorker.java:close(228)) - 006b0b15-3e31-449e-8c60-b0373321860d-SegmentedRaftLogWorker:Storage Directory /workdir/hadoop-ozone/integration-test/target/test-dir/MiniOzoneClusterImpl-8e9173f0-69d9-4518-b4a3-1c830ac0aa43/datanode-6/data/ratis/7ac73636-d978-4678-a9f6-88d45cc39b61 close()
2019-08-28 13:19:59,789 [main] INFO  server.GrpcService (GrpcService.java:closeImpl(155)) - 006b0b15-3e31-449e-8c60-b0373321860d: shutdown server with port 43359 now
2019-08-28 13:19:59,801 [main] INFO  server.GrpcService (GrpcService.java:closeImpl(163)) - 006b0b15-3e31-449e-8c60-b0373321860d: shutdown server with port 43359 successfully
2019-08-28 13:19:59,801 [grpc-default-executor-4] WARN  server.GrpcServerProtocolService (LogUtils.java:warn(134)) - 006b0b15-3e31-449e-8c60-b0373321860d: appendEntries onError: org.apache.ratis.thirdparty.io.grpc.StatusRuntimeException: CANCELLED: cancelled before receiving half close
2019-08-28 13:19:59,805 [grpc-default-executor-1] WARN  server.GrpcLogAppender (LogUtils.java:warn(134)) - cf71054c-db5b-452c-ace2-a984aec58884->006b0b15-3e31-449e-8c60-b0373321860d: Failed appendEntries: org.apache.ratis.thirdparty.io.grpc.StatusRuntimeException: CANCELLED: HTTP/2 error code: CANCEL
Received Rst Stream
2019-08-28 13:19:59,808 [main] INFO  utils.BackgroundService (BackgroundService.java:shutdown(148)) - Shutting down service BlockDeletingService
2019-08-28 13:19:59,810 [grpc-default-executor-1] INFO  impl.FollowerInfo (FollowerInfo.java:lambda$new$0(50)) - cf71054c-db5b-452c-ace2-a984aec58884->006b0b15-3e31-449e-8c60-b0373321860d: nextIndex: updateUnconditionally 9 -> 8
2019-08-28 13:19:59,810 [refreshUsed-/workdir/hadoop-ozone/integration-test/target/test-dir/MiniOzoneClusterImpl-8e9173f0-69d9-4518-b4a3-1c830ac0aa43/datanode-6/data/containers] WARN  fs.CachingGetSpaceUsed (CachingGetSpaceUsed.java:run(183)) - Thread Interrupted waiting to refresh disk information: sleep interrupted
2019-08-28 13:19:59,841 [main] INFO  statemachine.DatanodeStateMachine (DatanodeStateMachine.java:stopDaemon(395)) - Ozone container server stopped.
2019-08-28 13:19:59,847 [main] INFO  handler.ContextHandler (ContextHandler.java:doStop(910)) - Stopped o.e.j.w.WebAppContext@70d3cdbf{/,null,UNAVAILABLE}{/hddsDatanode}
2019-08-28 13:19:59,855 [main] INFO  server.AbstractConnector (AbstractConnector.java:doStop(318)) - Stopped ServerConnector@72a7aa4f{HTTP/1.1,[http/1.1]}{0.0.0.0:0}
2019-08-28 13:19:59,856 [main] INFO  handler.ContextHandler (ContextHandler.java:doStop(910)) - Stopped o.e.j.s.ServletContextHandler@117b2cc6{/static,jar:file:/home/user/.m2/repository/org/apache/hadoop/hadoop-hdds-container-service/0.5.0-SNAPSHOT/hadoop-hdds-container-service-0.5.0-SNAPSHOT.jar!/webapps/static,UNAVAILABLE}
2019-08-28 13:19:59,856 [main] INFO  handler.ContextHandler (ContextHandler.java:doStop(910)) - Stopped o.e.j.s.ServletContextHandler@73aaec54{/logs,file:///workdir/hadoop-ozone/integration-test/target/log,UNAVAILABLE}
2019-08-28 13:19:59,858 [main] INFO  datanode.ObjectStoreHandler (ObjectStoreHandler.java:close(155)) - Closing ObjectStoreHandler.
2019-08-28 13:19:59,859 [main] INFO  ozone.HddsDatanodeService (HddsDatanodeService.java:stop(451)) - Stopped plug-in org.apache.hadoop.ozone.web.OzoneHddsDatanodeService@7345f97d
2019-08-28 13:20:00,017 | INFO  | SCMAudit | user=jenkins1000 | ip=192.168.34.13 | op=SEND_HEARTBEAT {datanodeUUID=e4ade172-ccc8-461e-b9e2-67c5ae12c90c, command=[]} | ret=SUCCESS |  
2019-08-28 13:20:00,082 | INFO  | SCMAudit | user=jenkins1000 | ip=192.168.34.13 | op=SEND_HEARTBEAT {datanodeUUID=4be5b8ce-d742-49cd-a9fd-e7c925e008e2, command=[]} | ret=SUCCESS |  
2019-08-28 13:20:00,083 | INFO  | SCMAudit | user=jenkins1000 | ip=192.168.34.13 | op=SEND_HEARTBEAT {datanodeUUID=5e115a4e-6b63-49bc-b60a-43d9af2ea818, command=[]} | ret=SUCCESS |  
2019-08-28 13:20:00,508 [Datanode State Machine Thread - 0] INFO  statemachine.DatanodeStateMachine (DatanodeStateMachine.java:lambda$startDaemon$0(350)) - Ozone container server started.
2019-08-28 13:20:00,509 | INFO  | SCMAudit | user=jenkins1000 | ip=192.168.34.13 | op=SEND_HEARTBEAT {datanodeUUID=d8e6d5e2-9168-4998-82c4-09074c129aab, command=[]} | ret=SUCCESS |  
2019-08-28 13:20:00,530 | INFO  | SCMAudit | user=jenkins1000 | ip=192.168.34.13 | op=SEND_HEARTBEAT {datanodeUUID=d8e6d5e2-9168-4998-82c4-09074c129aab, command=[]} | ret=SUCCESS |  
2019-08-28 13:20:00,771 | INFO  | SCMAudit | user=jenkins1000 | ip=192.168.34.13 | op=SEND_HEARTBEAT {datanodeUUID=154fa27b-0767-46d6-a804-318a5ced5e49, command=[]} | ret=SUCCESS |  
2019-08-28 13:20:01,016 | INFO  | SCMAudit | user=jenkins1000 | ip=192.168.34.13 | op=SEND_HEARTBEAT {datanodeUUID=e4ade172-ccc8-461e-b9e2-67c5ae12c90c, command=[]} | ret=SUCCESS |  
2019-08-28 13:20:01,083 | INFO  | SCMAudit | user=jenkins1000 | ip=192.168.34.13 | op=SEND_HEARTBEAT {datanodeUUID=4be5b8ce-d742-49cd-a9fd-e7c925e008e2, command=[]} | ret=SUCCESS |  
2019-08-28 13:20:01,083 | INFO  | SCMAudit | user=jenkins1000 | ip=192.168.34.13 | op=SEND_HEARTBEAT {datanodeUUID=5e115a4e-6b63-49bc-b60a-43d9af2ea818, command=[]} | ret=SUCCESS |  
2019-08-28 13:20:01,531 | INFO  | SCMAudit | user=jenkins1000 | ip=192.168.34.13 | op=SEND_HEARTBEAT {datanodeUUID=d8e6d5e2-9168-4998-82c4-09074c129aab, command=[]} | ret=SUCCESS |  
2019-08-28 13:20:01,772 | INFO  | SCMAudit | user=jenkins1000 | ip=192.168.34.13 | op=SEND_HEARTBEAT {datanodeUUID=154fa27b-0767-46d6-a804-318a5ced5e49, command=[]} | ret=SUCCESS |  
2019-08-28 13:20:02,016 | INFO  | SCMAudit | user=jenkins1000 | ip=192.168.34.13 | op=SEND_HEARTBEAT {datanodeUUID=e4ade172-ccc8-461e-b9e2-67c5ae12c90c, command=[]} | ret=SUCCESS |  
2019-08-28 13:20:02,082 | INFO  | SCMAudit | user=jenkins1000 | ip=192.168.34.13 | op=SEND_HEARTBEAT {datanodeUUID=4be5b8ce-d742-49cd-a9fd-e7c925e008e2, command=[]} | ret=SUCCESS |  
2019-08-28 13:20:02,083 | INFO  | SCMAudit | user=jenkins1000 | ip=192.168.34.13 | op=SEND_HEARTBEAT {datanodeUUID=5e115a4e-6b63-49bc-b60a-43d9af2ea818, command=[]} | ret=SUCCESS |  
2019-08-28 13:20:02,123 [grpc-default-executor-1] WARN  server.GrpcLogAppender (LogUtils.java:warn(134)) - cf71054c-db5b-452c-ace2-a984aec58884->006b0b15-3e31-449e-8c60-b0373321860d: Failed appendEntries: org.apache.ratis.thirdparty.io.grpc.StatusRuntimeException: UNAVAILABLE: io exception
2019-08-28 13:20:02,126 [grpc-default-executor-1] INFO  impl.FollowerInfo (FollowerInfo.java:lambda$new$0(50)) - cf71054c-db5b-452c-ace2-a984aec58884->006b0b15-3e31-449e-8c60-b0373321860d: nextIndex: updateUnconditionally 8 -> 7
2019-08-28 13:20:02,531 | INFO  | SCMAudit | user=jenkins1000 | ip=192.168.34.13 | op=SEND_HEARTBEAT {datanodeUUID=d8e6d5e2-9168-4998-82c4-09074c129aab, command=[]} | ret=SUCCESS |  
2019-08-28 13:20:02,532 [EventQueue-StaleNodeForStaleNodeHandler] INFO  node.StaleNodeHandler (StaleNodeHandler.java:onMessage(58)) - Datanode cf71054c-db5b-452c-ace2-a984aec58884{ip: 192.168.34.13, host: pr-hdds-1054-rtxcd-4193373042, networkLocation: /default-rack, certSerialId: null} moved to stale state. Finalizing its pipelines [PipelineID=7ac73636-d978-4678-a9f6-88d45cc39b61, PipelineID=c33bb9db-e17e-47aa-ab36-52224f518539]
2019-08-28 13:20:02,533 [EventQueue-StaleNodeForStaleNodeHandler] INFO  pipeline.SCMPipelineManager (SCMPipelineManager.java:finalizeAndDestroyPipeline(309)) - destroying pipeline:Pipeline[ Id: 7ac73636-d978-4678-a9f6-88d45cc39b61, Nodes: 006b0b15-3e31-449e-8c60-b0373321860d{ip: 192.168.34.13, host: pr-hdds-1054-rtxcd-4193373042, networkLocation: /default-rack, certSerialId: null}cf71054c-db5b-452c-ace2-a984aec58884{ip: 192.168.34.13, host: pr-hdds-1054-rtxcd-4193373042, networkLocation: /default-rack, certSerialId: null}d8e6d5e2-9168-4998-82c4-09074c129aab{ip: 192.168.34.13, host: pr-hdds-1054-rtxcd-4193373042, networkLocation: /default-rack, certSerialId: null}, Type:RATIS, Factor:THREE, State:CLOSED]
2019-08-28 13:20:02,533 [EventQueue-StaleNodeForStaleNodeHandler] INFO  pipeline.SCMPipelineManager (SCMPipelineManager.java:finalizeAndDestroyPipeline(309)) - destroying pipeline:Pipeline[ Id: c33bb9db-e17e-47aa-ab36-52224f518539, Nodes: cf71054c-db5b-452c-ace2-a984aec58884{ip: 192.168.34.13, host: pr-hdds-1054-rtxcd-4193373042, networkLocation: /default-rack, certSerialId: null}, Type:RATIS, Factor:ONE, State:OPEN]
2019-08-28 13:20:02,533 [EventQueue-StaleNodeForStaleNodeHandler] INFO  pipeline.PipelineStateManager (PipelineStateManager.java:finalizePipeline(123)) - Pipeline Pipeline[ Id: c33bb9db-e17e-47aa-ab36-52224f518539, Nodes: cf71054c-db5b-452c-ace2-a984aec58884{ip: 192.168.34.13, host: pr-hdds-1054-rtxcd-4193373042, networkLocation: /default-rack, certSerialId: null}, Type:RATIS, Factor:ONE, State:CLOSED] moved to CLOSED state
2019-08-28 13:20:02,771 | INFO  | SCMAudit | user=jenkins1000 | ip=192.168.34.13 | op=SEND_HEARTBEAT {datanodeUUID=154fa27b-0767-46d6-a804-318a5ced5e49, command=[]} | ret=SUCCESS |  
2019-08-28 13:20:03,016 | INFO  | SCMAudit | user=jenkins1000 | ip=192.168.34.13 | op=SEND_HEARTBEAT {datanodeUUID=e4ade172-ccc8-461e-b9e2-67c5ae12c90c, command=[]} | ret=SUCCESS |  
2019-08-28 13:20:03,083 | INFO  | SCMAudit | user=jenkins1000 | ip=192.168.34.13 | op=SEND_HEARTBEAT {datanodeUUID=4be5b8ce-d742-49cd-a9fd-e7c925e008e2, command=[]} | ret=SUCCESS |  
2019-08-28 13:20:03,086 | INFO  | SCMAudit | user=jenkins1000 | ip=192.168.34.13 | op=SEND_HEARTBEAT {datanodeUUID=5e115a4e-6b63-49bc-b60a-43d9af2ea818, command=[]} | ret=SUCCESS |  
2019-08-28 13:20:03,530 | INFO  | SCMAudit | user=jenkins1000 | ip=192.168.34.13 | op=SEND_HEARTBEAT {datanodeUUID=d8e6d5e2-9168-4998-82c4-09074c129aab, command=[]} | ret=SUCCESS |  
2019-08-28 13:20:03,771 | INFO  | SCMAudit | user=jenkins1000 | ip=192.168.34.13 | op=SEND_HEARTBEAT {datanodeUUID=154fa27b-0767-46d6-a804-318a5ced5e49, command=[]} | ret=SUCCESS |  
2019-08-28 13:20:04,016 | INFO  | SCMAudit | user=jenkins1000 | ip=192.168.34.13 | op=SEND_HEARTBEAT {datanodeUUID=e4ade172-ccc8-461e-b9e2-67c5ae12c90c, command=[]} | ret=SUCCESS |  
2019-08-28 13:20:04,082 | INFO  | SCMAudit | user=jenkins1000 | ip=192.168.34.13 | op=SEND_HEARTBEAT {datanodeUUID=4be5b8ce-d742-49cd-a9fd-e7c925e008e2, command=[]} | ret=SUCCESS |  
2019-08-28 13:20:04,085 | INFO  | SCMAudit | user=jenkins1000 | ip=192.168.34.13 | op=SEND_HEARTBEAT {datanodeUUID=5e115a4e-6b63-49bc-b60a-43d9af2ea818, command=[]} | ret=SUCCESS |  
2019-08-28 13:20:04,530 | INFO  | SCMAudit | user=jenkins1000 | ip=192.168.34.13 | op=SEND_HEARTBEAT {datanodeUUID=d8e6d5e2-9168-4998-82c4-09074c129aab, command=[]} | ret=SUCCESS |  
2019-08-28 13:20:04,613 [grpc-default-executor-1] WARN  server.GrpcLogAppender (LogUtils.java:warn(134)) - cf71054c-db5b-452c-ace2-a984aec58884->006b0b15-3e31-449e-8c60-b0373321860d: Failed appendEntries: org.apache.ratis.thirdparty.io.grpc.StatusRuntimeException: UNAVAILABLE: io exception
2019-08-28 13:20:04,615 [grpc-default-executor-1] INFO  impl.FollowerInfo (FollowerInfo.java:lambda$new$0(50)) - cf71054c-db5b-452c-ace2-a984aec58884->006b0b15-3e31-449e-8c60-b0373321860d: nextIndex: updateUnconditionally 7 -> 6
2019-08-28 13:20:04,771 | INFO  | SCMAudit | user=jenkins1000 | ip=192.168.34.13 | op=SEND_HEARTBEAT {datanodeUUID=154fa27b-0767-46d6-a804-318a5ced5e49, command=[]} | ret=SUCCESS |  
2019-08-28 13:20:04,860 [main] INFO  ozoneimpl.OzoneContainer (OzoneContainer.java:stop(199)) - Attempting to stop container services.
2019-08-28 13:20:04,861 [main] INFO  impl.RaftServerProxy (RaftServerProxy.java:lambda$close$4(314)) - cf71054c-db5b-452c-ace2-a984aec58884: close
2019-08-28 13:20:04,861 [main] INFO  impl.RaftServerImpl (RaftServerImpl.java:lambda$shutdown$3(245)) - cf71054c-db5b-452c-ace2-a984aec58884: shutdown group-88D45CC39B61
2019-08-28 13:20:04,862 [ForkJoinPool.commonPool-worker-0] INFO  impl.RaftServerImpl (RaftServerImpl.java:lambda$shutdown$3(245)) - cf71054c-db5b-452c-ace2-a984aec58884: shutdown group-52224F518539
2019-08-28 13:20:04,862 [main] INFO  util.JmxRegister (JmxRegister.java:unregister(73)) - Successfully un-registered JMX Bean with object name Ratis:service=RaftServer,group=group-88D45CC39B61,id=cf71054c-db5b-452c-ace2-a984aec58884
2019-08-28 13:20:04,862 [ForkJoinPool.commonPool-worker-0] INFO  util.JmxRegister (JmxRegister.java:unregister(73)) - Successfully un-registered JMX Bean with object name Ratis:service=RaftServer,group=group-52224F518539,id=cf71054c-db5b-452c-ace2-a984aec58884
2019-08-28 13:20:04,863 [main] INFO  impl.RoleInfo (RoleInfo.java:shutdownLeaderState(104)) - cf71054c-db5b-452c-ace2-a984aec58884: shutdown LeaderState
2019-08-28 13:20:04,863 [ForkJoinPool.commonPool-worker-0] INFO  impl.RoleInfo (RoleInfo.java:shutdownLeaderState(104)) - cf71054c-db5b-452c-ace2-a984aec58884: shutdown LeaderState
2019-08-28 13:20:04,869 [ForkJoinPool.commonPool-worker-0] INFO  impl.PendingRequests (PendingRequests.java:sendNotLeaderResponses(202)) - cf71054c-db5b-452c-ace2-a984aec58884-PendingRequests: sendNotLeaderResponses
2019-08-28 13:20:04,871 [org.apache.ratis.server.impl.LogAppender$AppenderDaemon$$Lambda$445/1679356295@46f80c37] WARN  server.GrpcLogAppender (GrpcLogAppender.java:mayWait(143)) - GrpcLogAppender(cf71054c-db5b-452c-ace2-a984aec58884->006b0b15-3e31-449e-8c60-b0373321860d): Wait interrupted by java.lang.InterruptedException
2019-08-28 13:20:04,871 [org.apache.ratis.server.impl.LogAppender$AppenderDaemon$$Lambda$445/1679356295@556531d] WARN  server.GrpcLogAppender (GrpcLogAppender.java:mayWait(143)) - GrpcLogAppender(cf71054c-db5b-452c-ace2-a984aec58884->d8e6d5e2-9168-4998-82c4-09074c129aab): Wait interrupted by java.lang.InterruptedException
2019-08-28 13:20:04,869 [main] INFO  impl.PendingRequests (PendingRequests.java:sendNotLeaderResponses(202)) - cf71054c-db5b-452c-ace2-a984aec58884-PendingRequests: sendNotLeaderResponses
2019-08-28 13:20:04,873 [ForkJoinPool.commonPool-worker-0] INFO  impl.StateMachineUpdater (StateMachineUpdater.java:stopAndJoin(115)) - StateMachineUpdater:cf71054c-db5b-452c-ace2-a984aec58884:group-52224F518539: set stopIndex = 0
2019-08-28 13:20:04,876 [ForkJoinPool.commonPool-worker-0] INFO  impl.RaftServerImpl (ServerState.java:close(394)) - cf71054c-db5b-452c-ace2-a984aec58884:group-52224F518539 closes. The last applied log index is 0
2019-08-28 13:20:04,876 [cf71054c-db5b-452c-ace2-a984aec58884-SegmentedRaftLogWorker:Storage Directory /workdir/hadoop-ozone/integration-test/target/test-dir/MiniOzoneClusterImpl-8e9173f0-69d9-4518-b4a3-1c830ac0aa43/datanode-4/data/ratis/c33bb9db-e17e-47aa-ab36-52224f518539] INFO  segmented.SegmentedRaftLogWorker (SegmentedRaftLogWorker.java:run(313)) - cf71054c-db5b-452c-ace2-a984aec58884-SegmentedRaftLogWorker:Storage Directory /workdir/hadoop-ozone/integration-test/target/test-dir/MiniOzoneClusterImpl-8e9173f0-69d9-4518-b4a3-1c830ac0aa43/datanode-4/data/ratis/c33bb9db-e17e-47aa-ab36-52224f518539 was interrupted, exiting. There are 0 tasks remaining in the queue.
2019-08-28 13:20:04,878 [ForkJoinPool.commonPool-worker-0] INFO  segmented.SegmentedRaftLogWorker (SegmentedRaftLogWorker.java:close(228)) - cf71054c-db5b-452c-ace2-a984aec58884-SegmentedRaftLogWorker:Storage Directory /workdir/hadoop-ozone/integration-test/target/test-dir/MiniOzoneClusterImpl-8e9173f0-69d9-4518-b4a3-1c830ac0aa43/datanode-4/data/ratis/c33bb9db-e17e-47aa-ab36-52224f518539 close()
2019-08-28 13:20:04,878 [grpc-default-executor-1] INFO  server.GrpcServerProtocolService (GrpcServerProtocolService.java:onCompleted(104)) - d8e6d5e2-9168-4998-82c4-09074c129aab: appendEntries completed
2019-08-28 13:20:04,887 [grpc-default-executor-1] INFO  server.GrpcLogAppender (GrpcLogAppender.java:onCompleted(292)) - cf71054c-db5b-452c-ace2-a984aec58884->d8e6d5e2-9168-4998-82c4-09074c129aab: follower responses appendEntries COMPLETED
2019-08-28 13:20:04,889 [grpc-default-executor-1] INFO  impl.FollowerInfo (FollowerInfo.java:lambda$new$0(50)) - cf71054c-db5b-452c-ace2-a984aec58884->d8e6d5e2-9168-4998-82c4-09074c129aab: nextIndex: updateUnconditionally 9 -> 8
2019-08-28 13:20:04,893 [main] INFO  impl.StateMachineUpdater (StateMachineUpdater.java:stopAndJoin(115)) - StateMachineUpdater:cf71054c-db5b-452c-ace2-a984aec58884:group-88D45CC39B61: set stopIndex = 8
2019-08-28 13:20:04,894 [StateMachineUpdater:cf71054c-db5b-452c-ace2-a984aec58884:group-88D45CC39B61] INFO  ratis.ContainerStateMachine (ContainerStateMachine.java:takeSnapshot(283)) - group-88D45CC39B61: Taking a snapshot at:(t:1, i:8) file /workdir/hadoop-ozone/integration-test/target/test-dir/MiniOzoneClusterImpl-8e9173f0-69d9-4518-b4a3-1c830ac0aa43/datanode-4/data/ratis/7ac73636-d978-4678-a9f6-88d45cc39b61/sm/snapshot.1_8
2019-08-28 13:20:04,907 [StateMachineUpdater:cf71054c-db5b-452c-ace2-a984aec58884:group-88D45CC39B61] INFO  ratis.ContainerStateMachine (ContainerStateMachine.java:takeSnapshot(294)) - group-88D45CC39B61: Finished taking a snapshot at:(t:1, i:8) file:/workdir/hadoop-ozone/integration-test/target/test-dir/MiniOzoneClusterImpl-8e9173f0-69d9-4518-b4a3-1c830ac0aa43/datanode-4/data/ratis/7ac73636-d978-4678-a9f6-88d45cc39b61/sm/snapshot.1_8 time:14
2019-08-28 13:20:04,907 [StateMachineUpdater:cf71054c-db5b-452c-ace2-a984aec58884:group-88D45CC39B61] INFO  impl.StateMachineUpdater (StateMachineUpdater.java:takeSnapshot(242)) - StateMachineUpdater:cf71054c-db5b-452c-ace2-a984aec58884:group-88D45CC39B61: Took a snapshot at index 8
2019-08-28 13:20:04,908 [StateMachineUpdater:cf71054c-db5b-452c-ace2-a984aec58884:group-88D45CC39B61] INFO  impl.StateMachineUpdater (StateMachineUpdater.java:lambda$new$0(80)) - StateMachineUpdater:cf71054c-db5b-452c-ace2-a984aec58884:group-88D45CC39B61: snapshotIndex: updateIncreasingly -1 -> 8
2019-08-28 13:20:04,908 [main] INFO  impl.RaftServerImpl (ServerState.java:close(394)) - cf71054c-db5b-452c-ace2-a984aec58884:group-88D45CC39B61 closes. The last applied log index is 8
2019-08-28 13:20:04,909 [cf71054c-db5b-452c-ace2-a984aec58884-SegmentedRaftLogWorker:Storage Directory /workdir/hadoop-ozone/integration-test/target/test-dir/MiniOzoneClusterImpl-8e9173f0-69d9-4518-b4a3-1c830ac0aa43/datanode-4/data/ratis/7ac73636-d978-4678-a9f6-88d45cc39b61] INFO  segmented.SegmentedRaftLogWorker (SegmentedRaftLogWorker.java:run(313)) - cf71054c-db5b-452c-ace2-a984aec58884-SegmentedRaftLogWorker:Storage Directory /workdir/hadoop-ozone/integration-test/target/test-dir/MiniOzoneClusterImpl-8e9173f0-69d9-4518-b4a3-1c830ac0aa43/datanode-4/data/ratis/7ac73636-d978-4678-a9f6-88d45cc39b61 was interrupted, exiting. There are 0 tasks remaining in the queue.
2019-08-28 13:20:04,911 [main] INFO  segmented.SegmentedRaftLogWorker (SegmentedRaftLogWorker.java:close(228)) - cf71054c-db5b-452c-ace2-a984aec58884-SegmentedRaftLogWorker:Storage Directory /workdir/hadoop-ozone/integration-test/target/test-dir/MiniOzoneClusterImpl-8e9173f0-69d9-4518-b4a3-1c830ac0aa43/datanode-4/data/ratis/7ac73636-d978-4678-a9f6-88d45cc39b61 close()
2019-08-28 13:20:04,915 [main] INFO  server.GrpcService (GrpcService.java:closeImpl(155)) - cf71054c-db5b-452c-ace2-a984aec58884: shutdown server with port 33144 now
2019-08-28 13:20:04,916 [main] INFO  server.GrpcService (GrpcService.java:closeImpl(163)) - cf71054c-db5b-452c-ace2-a984aec58884: shutdown server with port 33144 successfully
2019-08-28 13:20:04,917 [main] INFO  utils.BackgroundService (BackgroundService.java:shutdown(148)) - Shutting down service BlockDeletingService
2019-08-28 13:20:04,918 [refreshUsed-/workdir/hadoop-ozone/integration-test/target/test-dir/MiniOzoneClusterImpl-8e9173f0-69d9-4518-b4a3-1c830ac0aa43/datanode-4/data/containers] WARN  fs.CachingGetSpaceUsed (CachingGetSpaceUsed.java:run(183)) - Thread Interrupted waiting to refresh disk information: sleep interrupted
2019-08-28 13:20:04,946 [main] INFO  statemachine.DatanodeStateMachine (DatanodeStateMachine.java:stopDaemon(395)) - Ozone container server stopped.
2019-08-28 13:20:04,947 [main] INFO  handler.ContextHandler (ContextHandler.java:doStop(910)) - Stopped o.e.j.w.WebAppContext@11e71181{/,null,UNAVAILABLE}{/hddsDatanode}
2019-08-28 13:20:04,948 [main] INFO  server.AbstractConnector (AbstractConnector.java:doStop(318)) - Stopped ServerConnector@342beaf6{HTTP/1.1,[http/1.1]}{0.0.0.0:0}
2019-08-28 13:20:04,948 [main] INFO  handler.ContextHandler (ContextHandler.java:doStop(910)) - Stopped o.e.j.s.ServletContextHandler@123307c4{/static,jar:file:/home/user/.m2/repository/org/apache/hadoop/hadoop-hdds-container-service/0.5.0-SNAPSHOT/hadoop-hdds-container-service-0.5.0-SNAPSHOT.jar!/webapps/static,UNAVAILABLE}
2019-08-28 13:20:04,948 [main] INFO  handler.ContextHandler (ContextHandler.java:doStop(910)) - Stopped o.e.j.s.ServletContextHandler@6dd79214{/logs,file:///workdir/hadoop-ozone/integration-test/target/log,UNAVAILABLE}
]]></system-out>
  </testcase>
</testsuite>