<?xml version="1.0" encoding="UTF-8"?>
<testsuite xmlns:xsi="http://www.w3.org/2001/XMLSchema-instance" xsi:noNamespaceSchemaLocation="https://maven.apache.org/surefire/maven-surefire-plugin/xsd/surefire-test-report.xsd" name="org.apache.hadoop.ozone.client.rpc.TestOzoneClientRetriesOnException" time="72.462" tests="2" errors="1" skipped="0" failures="0">
  <properties>
    <property name="awt.toolkit" value="sun.awt.X11.XToolkit"/>
    <property name="file.encoding.pkg" value="sun.io"/>
    <property name="java.specification.version" value="1.8"/>
    <property name="sun.cpu.isalist" value=""/>
    <property name="sun.jnu.encoding" value="UTF-8"/>
    <property name="java.class.path" value="/workdir/hadoop-ozone/integration-test/target/test-classes:/workdir/hadoop-ozone/integration-test/target/classes:/home/user/.m2/repository/org/apache/hadoop/hadoop-ozone-common/0.5.0-SNAPSHOT/hadoop-ozone-common-0.5.0-SNAPSHOT.jar:/home/user/.m2/repository/org/apache/commons/commons-compress/1.4.1/commons-compress-1.4.1.jar:/home/user/.m2/repository/org/tukaani/xz/1.0/xz-1.0.jar:/home/user/.m2/repository/org/apache/hadoop/hadoop-common/3.2.0/hadoop-common-3.2.0.jar:/home/user/.m2/repository/org/apache/hadoop/hadoop-hdfs/3.2.0/hadoop-hdfs-3.2.0.jar:/home/user/.m2/repository/org/apache/hadoop/hadoop-hdfs-client/3.2.0/hadoop-hdfs-client-3.2.0.jar:/home/user/.m2/repository/com/fasterxml/jackson/core/jackson-annotations/2.9.5/jackson-annotations-2.9.5.jar:/home/user/.m2/repository/org/apache/hadoop/hadoop-hdds-common/0.5.0-SNAPSHOT/hadoop-hdds-common-0.5.0-SNAPSHOT.jar:/home/user/.m2/repository/javax/annotation/javax.annotation-api/1.2/javax.annotation-api-1.2.jar:/home/user/.m2/repository/org/apache/ratis/ratis-server/0.4.0-2337318-SNAPSHOT/ratis-server-0.4.0-2337318-SNAPSHOT.jar:/home/user/.m2/repository/org/apache/ratis/ratis-thirdparty-misc/0.2.0/ratis-thirdparty-misc-0.2.0.jar:/home/user/.m2/repository/org/apache/ratis/ratis-proto/0.4.0-2337318-SNAPSHOT/ratis-proto-0.4.0-2337318-SNAPSHOT.jar:/home/user/.m2/repository/org/apache/ratis/ratis-common/0.4.0-2337318-SNAPSHOT/ratis-common-0.4.0-2337318-SNAPSHOT.jar:/home/user/.m2/repository/org/apache/ratis/ratis-client/0.4.0-2337318-SNAPSHOT/ratis-client-0.4.0-2337318-SNAPSHOT.jar:/home/user/.m2/repository/org/apache/ratis/ratis-metrics/0.4.0-2337318-SNAPSHOT/ratis-metrics-0.4.0-2337318-SNAPSHOT.jar:/home/user/.m2/repository/org/apache/ratis/ratis-netty/0.4.0-2337318-SNAPSHOT/ratis-netty-0.4.0-2337318-SNAPSHOT.jar:/home/user/.m2/repository/org/apache/ratis/ratis-grpc/0.4.0-2337318-SNAPSHOT/ratis-grpc-0.4.0-2337318-SNAPSHOT.jar:/home/user/.m2/repository/org/rocksdb/rocksdbjni/6.0.1/rocksdbjni-6.0.1.jar:/home/user/.m2/repository/org/apache/logging/log4j/log4j-api/2.11.0/log4j-api-2.11.0.jar:/home/user/.m2/repository/org/apache/logging/log4j/log4j-core/2.11.0/log4j-core-2.11.0.jar:/home/user/.m2/repository/com/lmax/disruptor/3.4.2/disruptor-3.4.2.jar:/home/user/.m2/repository/org/apache/commons/commons-pool2/2.6.0/commons-pool2-2.6.0.jar:/home/user/.m2/repository/org/bouncycastle/bcpkix-jdk15on/1.60/bcpkix-jdk15on-1.60.jar:/home/user/.m2/repository/commons-validator/commons-validator/1.6/commons-validator-1.6.jar:/home/user/.m2/repository/commons-digester/commons-digester/1.8.1/commons-digester-1.8.1.jar:/home/user/.m2/repository/io/jaegertracing/jaeger-client/0.33.1/jaeger-client-0.33.1.jar:/home/user/.m2/repository/io/jaegertracing/jaeger-thrift/0.33.1/jaeger-thrift-0.33.1.jar:/home/user/.m2/repository/org/apache/thrift/libthrift/0.11.0/libthrift-0.11.0.jar:/home/user/.m2/repository/com/squareup/okhttp3/okhttp/3.9.0/okhttp-3.9.0.jar:/home/user/.m2/repository/com/squareup/okio/okio/1.13.0/okio-1.13.0.jar:/home/user/.m2/repository/io/jaegertracing/jaeger-core/0.33.1/jaeger-core-0.33.1.jar:/home/user/.m2/repository/io/jaegertracing/jaeger-tracerresolver/0.33.1/jaeger-tracerresolver-0.33.1.jar:/home/user/.m2/repository/io/opentracing/contrib/opentracing-tracerresolver/0.1.5/opentracing-tracerresolver-0.1.5.jar:/home/user/.m2/repository/io/opentracing/opentracing-util/0.31.0/opentracing-util-0.31.0.jar:/home/user/.m2/repository/io/opentracing/opentracing-api/0.31.0/opentracing-api-0.31.0.jar:/home/user/.m2/repository/io/opentracing/opentracing-noop/0.31.0/opentracing-noop-0.31.0.jar:/home/user/.m2/repository/org/apache/hadoop/hadoop-hdds-server-framework/0.5.0-SNAPSHOT/hadoop-hdds-server-framework-0.5.0-SNAPSHOT.jar:/home/user/.m2/repository/org/apache/hadoop/hadoop-hdds-container-service/0.5.0-SNAPSHOT/hadoop-hdds-container-service-0.5.0-SNAPSHOT.jar:/home/user/.m2/repository/org/apache/hadoop/hadoop-hdds-client/0.5.0-SNAPSHOT/hadoop-hdds-client-0.5.0-SNAPSHOT.jar:/home/user/.m2/repository/org/apache/hadoop/hadoop-hdds-tools/0.5.0-SNAPSHOT/hadoop-hdds-tools-0.5.0-SNAPSHOT.jar:/home/user/.m2/repository/org/apache/hadoop/hadoop-hdds-server-scm/0.5.0-SNAPSHOT/hadoop-hdds-server-scm-0.5.0-SNAPSHOT.jar:/home/user/.m2/repository/org/apache/hadoop/hadoop-hdds-docs/0.5.0-SNAPSHOT/hadoop-hdds-docs-0.5.0-SNAPSHOT.jar:/home/user/.m2/repository/io/dropwizard/metrics/metrics-core/3.2.4/metrics-core-3.2.4.jar:/home/user/.m2/repository/org/hamcrest/hamcrest-all/1.3/hamcrest-all-1.3.jar:/home/user/.m2/repository/org/bouncycastle/bcprov-jdk15on/1.60/bcprov-jdk15on-1.60.jar:/home/user/.m2/repository/info/picocli/picocli/3.9.6/picocli-3.9.6.jar:/home/user/.m2/repository/com/google/protobuf/protobuf-java/2.5.0/protobuf-java-2.5.0.jar:/home/user/.m2/repository/com/google/guava/guava/11.0.2/guava-11.0.2.jar:/home/user/.m2/repository/org/apache/hadoop/hadoop-ozone-ozone-manager/0.5.0-SNAPSHOT/hadoop-ozone-ozone-manager-0.5.0-SNAPSHOT.jar:/home/user/.m2/repository/org/apache/hadoop/hadoop-minikdc/3.2.0/hadoop-minikdc-3.2.0.jar:/home/user/.m2/repository/commons-io/commons-io/2.5/commons-io-2.5.jar:/home/user/.m2/repository/org/apache/kerby/kerb-simplekdc/1.0.1/kerb-simplekdc-1.0.1.jar:/home/user/.m2/repository/org/apache/kerby/kerb-client/1.0.1/kerb-client-1.0.1.jar:/home/user/.m2/repository/org/apache/kerby/kerby-config/1.0.1/kerby-config-1.0.1.jar:/home/user/.m2/repository/org/apache/kerby/kerb-core/1.0.1/kerb-core-1.0.1.jar:/home/user/.m2/repository/org/apache/kerby/kerby-pkix/1.0.1/kerby-pkix-1.0.1.jar:/home/user/.m2/repository/org/apache/kerby/kerby-asn1/1.0.1/kerby-asn1-1.0.1.jar:/home/user/.m2/repository/org/apache/kerby/kerby-util/1.0.1/kerby-util-1.0.1.jar:/home/user/.m2/repository/org/apache/kerby/kerb-common/1.0.1/kerb-common-1.0.1.jar:/home/user/.m2/repository/org/apache/kerby/kerb-crypto/1.0.1/kerb-crypto-1.0.1.jar:/home/user/.m2/repository/org/apache/kerby/kerb-util/1.0.1/kerb-util-1.0.1.jar:/home/user/.m2/repository/org/apache/kerby/token-provider/1.0.1/token-provider-1.0.1.jar:/home/user/.m2/repository/org/apache/kerby/kerb-admin/1.0.1/kerb-admin-1.0.1.jar:/home/user/.m2/repository/org/apache/kerby/kerb-server/1.0.1/kerb-server-1.0.1.jar:/home/user/.m2/repository/org/apache/kerby/kerb-identity/1.0.1/kerb-identity-1.0.1.jar:/home/user/.m2/repository/org/apache/kerby/kerby-xdr/1.0.1/kerby-xdr-1.0.1.jar:/home/user/.m2/repository/org/slf4j/slf4j-log4j12/1.7.25/slf4j-log4j12-1.7.25.jar:/home/user/.m2/repository/org/apache/hadoop/hadoop-ozone-objectstore-service/0.5.0-SNAPSHOT/hadoop-ozone-objectstore-service-0.5.0-SNAPSHOT.jar:/home/user/.m2/repository/org/apache/hadoop/hadoop-ozone-s3gateway/0.5.0-SNAPSHOT/hadoop-ozone-s3gateway-0.5.0-SNAPSHOT.jar:/home/user/.m2/repository/org/jboss/weld/servlet/weld-servlet/2.4.7.Final/weld-servlet-2.4.7.Final.jar:/home/user/.m2/repository/org/glassfish/jersey/containers/jersey-container-servlet-core/2.27/jersey-container-servlet-core-2.27.jar:/home/user/.m2/repository/org/glassfish/hk2/external/javax.inject/2.5.0-b42/javax.inject-2.5.0-b42.jar:/home/user/.m2/repository/org/glassfish/jersey/core/jersey-common/2.27/jersey-common-2.27.jar:/home/user/.m2/repository/org/glassfish/hk2/osgi-resource-locator/1.0.1/osgi-resource-locator-1.0.1.jar:/home/user/.m2/repository/javax/ws/rs/javax.ws.rs-api/2.1/javax.ws.rs-api-2.1.jar:/home/user/.m2/repository/org/glassfish/jersey/ext/cdi/jersey-cdi1x/2.27/jersey-cdi1x-2.27.jar:/home/user/.m2/repository/org/glassfish/jersey/inject/jersey-hk2/2.27/jersey-hk2-2.27.jar:/home/user/.m2/repository/org/glassfish/hk2/hk2-locator/2.5.0-b42/hk2-locator-2.5.0-b42.jar:/home/user/.m2/repository/org/javassist/javassist/3.22.0-CR2/javassist-3.22.0-CR2.jar:/home/user/.m2/repository/org/glassfish/hk2/hk2-api/2.5.0/hk2-api-2.5.0.jar:/home/user/.m2/repository/org/glassfish/hk2/external/jakarta.inject/2.5.0/jakarta.inject-2.5.0.jar:/home/user/.m2/repository/org/glassfish/hk2/hk2-utils/2.5.0/hk2-utils-2.5.0.jar:/home/user/.m2/repository/jakarta/annotation/jakarta.annotation-api/1.3.4/jakarta.annotation-api-1.3.4.jar:/home/user/.m2/repository/org/glassfish/hk2/external/aopalliance-repackaged/2.5.0/aopalliance-repackaged-2.5.0.jar:/home/user/.m2/repository/com/fasterxml/jackson/dataformat/jackson-dataformat-xml/2.9.0/jackson-dataformat-xml-2.9.0.jar:/home/user/.m2/repository/com/fasterxml/jackson/core/jackson-core/2.9.5/jackson-core-2.9.5.jar:/home/user/.m2/repository/com/fasterxml/jackson/module/jackson-module-jaxb-annotations/2.9.5/jackson-module-jaxb-annotations-2.9.5.jar:/home/user/.m2/repository/javax/enterprise/cdi-api/1.2/cdi-api-1.2.jar:/home/user/.m2/repository/javax/el/javax.el-api/3.0.0/javax.el-api-3.0.0.jar:/home/user/.m2/repository/javax/interceptor/javax.interceptor-api/1.2/javax.interceptor-api-1.2.jar:/home/user/.m2/repository/javax/inject/javax.inject/1/javax.inject-1.jar:/home/user/.m2/repository/com/sun/xml/bind/jaxb-impl/2.3.0.1/jaxb-impl-2.3.0.1.jar:/home/user/.m2/repository/com/sun/xml/bind/jaxb-core/2.3.0.1/jaxb-core-2.3.0.1.jar:/home/user/.m2/repository/javax/xml/bind/jaxb-api/2.3.0/jaxb-api-2.3.0.jar:/home/user/.m2/repository/javax/activation/activation/1.1.1/activation-1.1.1.jar:/home/user/.m2/repository/org/apache/hadoop/hadoop-ozone-csi/0.5.0-SNAPSHOT/hadoop-ozone-csi-0.5.0-SNAPSHOT.jar:/home/user/.m2/repository/com/google/protobuf/protobuf-java-util/3.5.1/protobuf-java-util-3.5.1.jar:/home/user/.m2/repository/org/apache/hadoop/hadoop-hdds-config/0.5.0-SNAPSHOT/hadoop-hdds-config-0.5.0-SNAPSHOT.jar:/home/user/.m2/repository/io/grpc/grpc-netty/1.17.1/grpc-netty-1.17.1.jar:/home/user/.m2/repository/io/grpc/grpc-core/1.17.1/grpc-core-1.17.1.jar:/home/user/.m2/repository/io/grpc/grpc-context/1.17.1/grpc-context-1.17.1.jar:/home/user/.m2/repository/com/google/errorprone/error_prone_annotations/2.2.0/error_prone_annotations-2.2.0.jar:/home/user/.m2/repository/org/codehaus/mojo/animal-sniffer-annotations/1.17/animal-sniffer-annotations-1.17.jar:/home/user/.m2/repository/io/opencensus/opencensus-api/0.17.0/opencensus-api-0.17.0.jar:/home/user/.m2/repository/io/opencensus/opencensus-contrib-grpc-metrics/0.17.0/opencensus-contrib-grpc-metrics-0.17.0.jar:/home/user/.m2/repository/io/netty/netty-codec-http2/4.1.30.Final/netty-codec-http2-4.1.30.Final.jar:/home/user/.m2/repository/io/netty/netty-codec-http/4.1.30.Final/netty-codec-http-4.1.30.Final.jar:/home/user/.m2/repository/io/netty/netty-codec/4.1.30.Final/netty-codec-4.1.30.Final.jar:/home/user/.m2/repository/io/netty/netty-handler/4.1.30.Final/netty-handler-4.1.30.Final.jar:/home/user/.m2/repository/io/netty/netty-handler-proxy/4.1.30.Final/netty-handler-proxy-4.1.30.Final.jar:/home/user/.m2/repository/io/netty/netty-codec-socks/4.1.30.Final/netty-codec-socks-4.1.30.Final.jar:/home/user/.m2/repository/io/netty/netty-transport-native-epoll/4.1.30.Final/netty-transport-native-epoll-4.1.30.Final.jar:/home/user/.m2/repository/io/netty/netty-common/4.1.30.Final/netty-common-4.1.30.Final.jar:/home/user/.m2/repository/io/netty/netty-buffer/4.1.30.Final/netty-buffer-4.1.30.Final.jar:/home/user/.m2/repository/io/netty/netty-transport/4.1.30.Final/netty-transport-4.1.30.Final.jar:/home/user/.m2/repository/io/netty/netty-resolver/4.1.30.Final/netty-resolver-4.1.30.Final.jar:/home/user/.m2/repository/io/netty/netty-transport-native-unix-common/4.1.30.Final/netty-transport-native-unix-common-4.1.30.Final.jar:/home/user/.m2/repository/io/grpc/grpc-protobuf/1.17.1/grpc-protobuf-1.17.1.jar:/home/user/.m2/repository/com/google/api/grpc/proto-google-common-protos/1.0.0/proto-google-common-protos-1.0.0.jar:/home/user/.m2/repository/io/grpc/grpc-protobuf-lite/1.17.1/grpc-protobuf-lite-1.17.1.jar:/home/user/.m2/repository/io/grpc/grpc-stub/1.17.1/grpc-stub-1.17.1.jar:/home/user/.m2/repository/org/apache/hadoop/hadoop-ozone-recon/0.5.0-SNAPSHOT/hadoop-ozone-recon-0.5.0-SNAPSHOT.jar:/home/user/.m2/repository/org/apache/hadoop/hadoop-ozone-reconcodegen/0.5.0-SNAPSHOT/hadoop-ozone-reconcodegen-0.5.0-SNAPSHOT.jar:/home/user/.m2/repository/com/google/inject/extensions/guice-multibindings/4.0/guice-multibindings-4.0.jar:/home/user/.m2/repository/com/google/inject/guice/4.0/guice-4.0.jar:/home/user/.m2/repository/aopalliance/aopalliance/1.0/aopalliance-1.0.jar:/home/user/.m2/repository/com/google/inject/extensions/guice-servlet/4.0/guice-servlet-4.0.jar:/home/user/.m2/repository/org/glassfish/jersey/containers/jersey-container-servlet/2.27/jersey-container-servlet-2.27.jar:/home/user/.m2/repository/org/glassfish/hk2/guice-bridge/2.5.0/guice-bridge-2.5.0.jar:/home/user/.m2/repository/org/glassfish/jersey/core/jersey-server/2.27/jersey-server-2.27.jar:/home/user/.m2/repository/org/glassfish/jersey/core/jersey-client/2.27/jersey-client-2.27.jar:/home/user/.m2/repository/org/glassfish/jersey/media/jersey-media-jaxb/2.27/jersey-media-jaxb-2.27.jar:/home/user/.m2/repository/javax/validation/validation-api/1.1.0.Final/validation-api-1.1.0.Final.jar:/home/user/.m2/repository/org/glassfish/jersey/media/jersey-media-json-jackson/2.27/jersey-media-json-jackson-2.27.jar:/home/user/.m2/repository/org/glassfish/jersey/ext/jersey-entity-filtering/2.27/jersey-entity-filtering-2.27.jar:/home/user/.m2/repository/com/google/inject/extensions/guice-assistedinject/4.0/guice-assistedinject-4.0.jar:/home/user/.m2/repository/org/jooq/jooq/3.11.10/jooq-3.11.10.jar:/home/user/.m2/repository/org/jooq/jooq-meta/3.11.10/jooq-meta-3.11.10.jar:/home/user/.m2/repository/org/jooq/jooq-codegen/3.11.10/jooq-codegen-3.11.10.jar:/home/user/.m2/repository/com/jolbox/bonecp/0.8.0.RELEASE/bonecp-0.8.0.RELEASE.jar:/home/user/.m2/repository/org/xerial/sqlite-jdbc/3.25.2/sqlite-jdbc-3.25.2.jar:/home/user/.m2/repository/org/springframework/spring-jdbc/5.1.3.RELEASE/spring-jdbc-5.1.3.RELEASE.jar:/home/user/.m2/repository/org/springframework/spring-beans/5.1.3.RELEASE/spring-beans-5.1.3.RELEASE.jar:/home/user/.m2/repository/org/springframework/spring-core/5.1.3.RELEASE/spring-core-5.1.3.RELEASE.jar:/home/user/.m2/repository/org/springframework/spring-jcl/5.1.3.RELEASE/spring-jcl-5.1.3.RELEASE.jar:/home/user/.m2/repository/org/springframework/spring-tx/5.1.3.RELEASE/spring-tx-5.1.3.RELEASE.jar:/home/user/.m2/repository/org/apache/hadoop/hadoop-ozone-client/0.5.0-SNAPSHOT/hadoop-ozone-client-0.5.0-SNAPSHOT.jar:/home/user/.m2/repository/commons-lang/commons-lang/2.6/commons-lang-2.6.jar:/home/user/.m2/repository/org/apache/hadoop/hadoop-ozone-ozone-manager/0.5.0-SNAPSHOT/hadoop-ozone-ozone-manager-0.5.0-SNAPSHOT-tests.jar:/home/user/.m2/repository/junit/junit/4.11/junit-4.11.jar:/home/user/.m2/repository/org/hamcrest/hamcrest-core/1.3/hamcrest-core-1.3.jar:/home/user/.m2/repository/org/openjdk/jmh/jmh-core/1.19/jmh-core-1.19.jar:/home/user/.m2/repository/net/sf/jopt-simple/jopt-simple/4.6/jopt-simple-4.6.jar:/home/user/.m2/repository/org/apache/commons/commons-math3/3.1.1/commons-math3-3.1.1.jar:/home/user/.m2/repository/org/openjdk/jmh/jmh-generator-annprocess/1.19/jmh-generator-annprocess-1.19.jar:/home/user/.m2/repository/org/mockito/mockito-all/1.8.5/mockito-all-1.8.5.jar:/home/user/.m2/repository/org/apache/hadoop/hadoop-kms/3.2.0/hadoop-kms-3.2.0.jar:/home/user/.m2/repository/org/apache/hadoop/hadoop-auth/3.2.0/hadoop-auth-3.2.0.jar:/home/user/.m2/repository/com/nimbusds/nimbus-jose-jwt/4.41.1/nimbus-jose-jwt-4.41.1.jar:/home/user/.m2/repository/com/github/stephenc/jcip/jcip-annotations/1.0-1/jcip-annotations-1.0-1.jar:/home/user/.m2/repository/net/minidev/json-smart/2.3/json-smart-2.3.jar:/home/user/.m2/repository/net/minidev/accessors-smart/1.2/accessors-smart-1.2.jar:/home/user/.m2/repository/org/ow2/asm/asm/5.0.4/asm-5.0.4.jar:/home/user/.m2/repository/org/apache/curator/curator-framework/2.12.0/curator-framework-2.12.0.jar:/home/user/.m2/repository/com/sun/jersey/jersey-core/1.19/jersey-core-1.19.jar:/home/user/.m2/repository/javax/ws/rs/jsr311-api/1.1.1/jsr311-api-1.1.1.jar:/home/user/.m2/repository/com/sun/jersey/jersey-server/1.19/jersey-server-1.19.jar:/home/user/.m2/repository/javax/servlet/javax.servlet-api/3.1.0/javax.servlet-api-3.1.0.jar:/home/user/.m2/repository/org/eclipse/jetty/jetty-server/9.3.24.v20180605/jetty-server-9.3.24.v20180605.jar:/home/user/.m2/repository/org/eclipse/jetty/jetty-http/9.3.24.v20180605/jetty-http-9.3.24.v20180605.jar:/home/user/.m2/repository/org/eclipse/jetty/jetty-io/9.3.24.v20180605/jetty-io-9.3.24.v20180605.jar:/home/user/.m2/repository/org/eclipse/jetty/jetty-webapp/9.3.24.v20180605/jetty-webapp-9.3.24.v20180605.jar:/home/user/.m2/repository/org/eclipse/jetty/jetty-xml/9.3.24.v20180605/jetty-xml-9.3.24.v20180605.jar:/home/user/.m2/repository/log4j/log4j/1.2.17/log4j-1.2.17.jar:/home/user/.m2/repository/org/slf4j/slf4j-api/1.7.25/slf4j-api-1.7.25.jar:/home/user/.m2/repository/org/slf4j/jul-to-slf4j/1.7.25/jul-to-slf4j-1.7.25.jar:/home/user/.m2/repository/org/eclipse/jetty/jetty-util/9.3.24.v20180605/jetty-util-9.3.24.v20180605.jar:/home/user/.m2/repository/com/fasterxml/jackson/core/jackson-databind/2.9.5/jackson-databind-2.9.5.jar:/home/user/.m2/repository/org/apache/hadoop/hadoop-kms/3.2.0/hadoop-kms-3.2.0-tests.jar:/home/user/.m2/repository/org/apache/hadoop/hadoop-hdds-server-scm/0.5.0-SNAPSHOT/hadoop-hdds-server-scm-0.5.0-SNAPSHOT-tests.jar:/home/user/.m2/repository/org/apache/hadoop/hadoop-hdds-container-service/0.5.0-SNAPSHOT/hadoop-hdds-container-service-0.5.0-SNAPSHOT-tests.jar:/home/user/.m2/repository/org/yaml/snakeyaml/1.16/snakeyaml-1.16.jar:/home/user/.m2/repository/org/apache/hadoop/hadoop-common/3.2.0/hadoop-common-3.2.0-tests.jar:/home/user/.m2/repository/org/apache/hadoop/hadoop-annotations/3.2.0/hadoop-annotations-3.2.0.jar:/usr/lib/jvm/java-1.8-openjdk/jre/../lib/tools.jar:/home/user/.m2/repository/commons-cli/commons-cli/1.2/commons-cli-1.2.jar:/home/user/.m2/repository/org/apache/httpcomponents/httpclient/4.5.2/httpclient-4.5.2.jar:/home/user/.m2/repository/org/apache/httpcomponents/httpcore/4.4.4/httpcore-4.4.4.jar:/home/user/.m2/repository/commons-codec/commons-codec/1.11/commons-codec-1.11.jar:/home/user/.m2/repository/commons-net/commons-net/3.6/commons-net-3.6.jar:/home/user/.m2/repository/commons-collections/commons-collections/3.2.2/commons-collections-3.2.2.jar:/home/user/.m2/repository/org/eclipse/jetty/jetty-servlet/9.3.24.v20180605/jetty-servlet-9.3.24.v20180605.jar:/home/user/.m2/repository/org/eclipse/jetty/jetty-security/9.3.24.v20180605/jetty-security-9.3.24.v20180605.jar:/home/user/.m2/repository/javax/servlet/jsp/jsp-api/2.1/jsp-api-2.1.jar:/home/user/.m2/repository/com/sun/jersey/jersey-servlet/1.19/jersey-servlet-1.19.jar:/home/user/.m2/repository/com/sun/jersey/jersey-json/1.19/jersey-json-1.19.jar:/home/user/.m2/repository/org/codehaus/jettison/jettison/1.1/jettison-1.1.jar:/home/user/.m2/repository/org/codehaus/jackson/jackson-core-asl/1.9.13/jackson-core-asl-1.9.13.jar:/home/user/.m2/repository/org/codehaus/jackson/jackson-mapper-asl/1.9.13/jackson-mapper-asl-1.9.13.jar:/home/user/.m2/repository/org/codehaus/jackson/jackson-jaxrs/1.9.13/jackson-jaxrs-1.9.13.jar:/home/user/.m2/repository/org/codehaus/jackson/jackson-xc/1.9.13/jackson-xc-1.9.13.jar:/home/user/.m2/repository/commons-logging/commons-logging/1.1.3/commons-logging-1.1.3.jar:/home/user/.m2/repository/commons-beanutils/commons-beanutils/1.9.3/commons-beanutils-1.9.3.jar:/home/user/.m2/repository/org/apache/commons/commons-configuration2/2.1.1/commons-configuration2-2.1.1.jar:/home/user/.m2/repository/org/apache/commons/commons-lang3/3.7/commons-lang3-3.7.jar:/home/user/.m2/repository/org/apache/commons/commons-text/1.4/commons-text-1.4.jar:/home/user/.m2/repository/org/apache/avro/avro/1.7.7/avro-1.7.7.jar:/home/user/.m2/repository/com/thoughtworks/paranamer/paranamer/2.3/paranamer-2.3.jar:/home/user/.m2/repository/org/xerial/snappy/snappy-java/1.0.5/snappy-java-1.0.5.jar:/home/user/.m2/repository/com/google/re2j/re2j/1.1/re2j-1.1.jar:/home/user/.m2/repository/com/google/code/gson/gson/2.2.4/gson-2.2.4.jar:/home/user/.m2/repository/com/jcraft/jsch/0.1.54/jsch-0.1.54.jar:/home/user/.m2/repository/org/apache/curator/curator-client/2.12.0/curator-client-2.12.0.jar:/home/user/.m2/repository/org/apache/curator/curator-recipes/2.12.0/curator-recipes-2.12.0.jar:/home/user/.m2/repository/com/google/code/findbugs/jsr305/3.0.0/jsr305-3.0.0.jar:/home/user/.m2/repository/org/apache/htrace/htrace-core4/4.1.0-incubating/htrace-core4-4.1.0-incubating.jar:/home/user/.m2/repository/org/apache/zookeeper/zookeeper/3.4.13/zookeeper-3.4.13.jar:/home/user/.m2/repository/org/apache/yetus/audience-annotations/0.5.0/audience-annotations-0.5.0.jar:/home/user/.m2/repository/org/codehaus/woodstox/stax2-api/3.1.4/stax2-api-3.1.4.jar:/home/user/.m2/repository/com/fasterxml/woodstox/woodstox-core/5.0.3/woodstox-core-5.0.3.jar:/home/user/.m2/repository/dnsjava/dnsjava/2.1.7/dnsjava-2.1.7.jar:/home/user/.m2/repository/org/apache/hadoop/hadoop-hdfs/3.2.0/hadoop-hdfs-3.2.0-tests.jar:/home/user/.m2/repository/org/eclipse/jetty/jetty-util-ajax/9.3.24.v20180605/jetty-util-ajax-9.3.24.v20180605.jar:/home/user/.m2/repository/commons-daemon/commons-daemon/1.0.13/commons-daemon-1.0.13.jar:/home/user/.m2/repository/io/netty/netty/3.10.5.Final/netty-3.10.5.Final.jar:/home/user/.m2/repository/io/netty/netty-all/4.0.52.Final/netty-all-4.0.52.Final.jar:/home/user/.m2/repository/org/fusesource/leveldbjni/leveldbjni-all/1.8/leveldbjni-all-1.8.jar:"/>
    <property name="java.vm.vendor" value="IcedTea"/>
    <property name="sun.arch.data.model" value="64"/>
    <property name="test.build.dir" value="/workdir/hadoop-ozone/integration-test/target/test-dir"/>
    <property name="test.cache.data" value=""/>
    <property name="java.vendor.url" value="https://icedtea.classpath.org"/>
    <property name="user.timezone" value=""/>
    <property name="java.vm.specification.version" value="1.8"/>
    <property name="os.name" value="Linux"/>
    <property name="test.build.data" value="/workdir/hadoop-ozone/integration-test/target/test-dir"/>
    <property name="user.country" value="US"/>
    <property name="sun.java.launcher" value="SUN_STANDARD"/>
    <property name="sun.boot.library.path" value="/usr/lib/jvm/java-1.8-openjdk/jre/lib/amd64"/>
    <property name="sun.java.command" value="/workdir/hadoop-ozone/integration-test/target/surefire/surefirebooter2671043107496247801.jar /workdir/hadoop-ozone/integration-test/target/surefire 2019-08-21T08-44-45_267-jvmRun1 surefire5985171724556556335tmp surefire_294491180693224274903tmp"/>
    <property name="surefire.test.class.path" value="/workdir/hadoop-ozone/integration-test/target/test-classes:/workdir/hadoop-ozone/integration-test/target/classes:/home/user/.m2/repository/org/apache/hadoop/hadoop-ozone-common/0.5.0-SNAPSHOT/hadoop-ozone-common-0.5.0-SNAPSHOT.jar:/home/user/.m2/repository/org/apache/commons/commons-compress/1.4.1/commons-compress-1.4.1.jar:/home/user/.m2/repository/org/tukaani/xz/1.0/xz-1.0.jar:/home/user/.m2/repository/org/apache/hadoop/hadoop-common/3.2.0/hadoop-common-3.2.0.jar:/home/user/.m2/repository/org/apache/hadoop/hadoop-hdfs/3.2.0/hadoop-hdfs-3.2.0.jar:/home/user/.m2/repository/org/apache/hadoop/hadoop-hdfs-client/3.2.0/hadoop-hdfs-client-3.2.0.jar:/home/user/.m2/repository/com/fasterxml/jackson/core/jackson-annotations/2.9.5/jackson-annotations-2.9.5.jar:/home/user/.m2/repository/org/apache/hadoop/hadoop-hdds-common/0.5.0-SNAPSHOT/hadoop-hdds-common-0.5.0-SNAPSHOT.jar:/home/user/.m2/repository/javax/annotation/javax.annotation-api/1.2/javax.annotation-api-1.2.jar:/home/user/.m2/repository/org/apache/ratis/ratis-server/0.4.0-2337318-SNAPSHOT/ratis-server-0.4.0-2337318-SNAPSHOT.jar:/home/user/.m2/repository/org/apache/ratis/ratis-thirdparty-misc/0.2.0/ratis-thirdparty-misc-0.2.0.jar:/home/user/.m2/repository/org/apache/ratis/ratis-proto/0.4.0-2337318-SNAPSHOT/ratis-proto-0.4.0-2337318-SNAPSHOT.jar:/home/user/.m2/repository/org/apache/ratis/ratis-common/0.4.0-2337318-SNAPSHOT/ratis-common-0.4.0-2337318-SNAPSHOT.jar:/home/user/.m2/repository/org/apache/ratis/ratis-client/0.4.0-2337318-SNAPSHOT/ratis-client-0.4.0-2337318-SNAPSHOT.jar:/home/user/.m2/repository/org/apache/ratis/ratis-metrics/0.4.0-2337318-SNAPSHOT/ratis-metrics-0.4.0-2337318-SNAPSHOT.jar:/home/user/.m2/repository/org/apache/ratis/ratis-netty/0.4.0-2337318-SNAPSHOT/ratis-netty-0.4.0-2337318-SNAPSHOT.jar:/home/user/.m2/repository/org/apache/ratis/ratis-grpc/0.4.0-2337318-SNAPSHOT/ratis-grpc-0.4.0-2337318-SNAPSHOT.jar:/home/user/.m2/repository/org/rocksdb/rocksdbjni/6.0.1/rocksdbjni-6.0.1.jar:/home/user/.m2/repository/org/apache/logging/log4j/log4j-api/2.11.0/log4j-api-2.11.0.jar:/home/user/.m2/repository/org/apache/logging/log4j/log4j-core/2.11.0/log4j-core-2.11.0.jar:/home/user/.m2/repository/com/lmax/disruptor/3.4.2/disruptor-3.4.2.jar:/home/user/.m2/repository/org/apache/commons/commons-pool2/2.6.0/commons-pool2-2.6.0.jar:/home/user/.m2/repository/org/bouncycastle/bcpkix-jdk15on/1.60/bcpkix-jdk15on-1.60.jar:/home/user/.m2/repository/commons-validator/commons-validator/1.6/commons-validator-1.6.jar:/home/user/.m2/repository/commons-digester/commons-digester/1.8.1/commons-digester-1.8.1.jar:/home/user/.m2/repository/io/jaegertracing/jaeger-client/0.33.1/jaeger-client-0.33.1.jar:/home/user/.m2/repository/io/jaegertracing/jaeger-thrift/0.33.1/jaeger-thrift-0.33.1.jar:/home/user/.m2/repository/org/apache/thrift/libthrift/0.11.0/libthrift-0.11.0.jar:/home/user/.m2/repository/com/squareup/okhttp3/okhttp/3.9.0/okhttp-3.9.0.jar:/home/user/.m2/repository/com/squareup/okio/okio/1.13.0/okio-1.13.0.jar:/home/user/.m2/repository/io/jaegertracing/jaeger-core/0.33.1/jaeger-core-0.33.1.jar:/home/user/.m2/repository/io/jaegertracing/jaeger-tracerresolver/0.33.1/jaeger-tracerresolver-0.33.1.jar:/home/user/.m2/repository/io/opentracing/contrib/opentracing-tracerresolver/0.1.5/opentracing-tracerresolver-0.1.5.jar:/home/user/.m2/repository/io/opentracing/opentracing-util/0.31.0/opentracing-util-0.31.0.jar:/home/user/.m2/repository/io/opentracing/opentracing-api/0.31.0/opentracing-api-0.31.0.jar:/home/user/.m2/repository/io/opentracing/opentracing-noop/0.31.0/opentracing-noop-0.31.0.jar:/home/user/.m2/repository/org/apache/hadoop/hadoop-hdds-server-framework/0.5.0-SNAPSHOT/hadoop-hdds-server-framework-0.5.0-SNAPSHOT.jar:/home/user/.m2/repository/org/apache/hadoop/hadoop-hdds-container-service/0.5.0-SNAPSHOT/hadoop-hdds-container-service-0.5.0-SNAPSHOT.jar:/home/user/.m2/repository/org/apache/hadoop/hadoop-hdds-client/0.5.0-SNAPSHOT/hadoop-hdds-client-0.5.0-SNAPSHOT.jar:/home/user/.m2/repository/org/apache/hadoop/hadoop-hdds-tools/0.5.0-SNAPSHOT/hadoop-hdds-tools-0.5.0-SNAPSHOT.jar:/home/user/.m2/repository/org/apache/hadoop/hadoop-hdds-server-scm/0.5.0-SNAPSHOT/hadoop-hdds-server-scm-0.5.0-SNAPSHOT.jar:/home/user/.m2/repository/org/apache/hadoop/hadoop-hdds-docs/0.5.0-SNAPSHOT/hadoop-hdds-docs-0.5.0-SNAPSHOT.jar:/home/user/.m2/repository/io/dropwizard/metrics/metrics-core/3.2.4/metrics-core-3.2.4.jar:/home/user/.m2/repository/org/hamcrest/hamcrest-all/1.3/hamcrest-all-1.3.jar:/home/user/.m2/repository/org/bouncycastle/bcprov-jdk15on/1.60/bcprov-jdk15on-1.60.jar:/home/user/.m2/repository/info/picocli/picocli/3.9.6/picocli-3.9.6.jar:/home/user/.m2/repository/com/google/protobuf/protobuf-java/2.5.0/protobuf-java-2.5.0.jar:/home/user/.m2/repository/com/google/guava/guava/11.0.2/guava-11.0.2.jar:/home/user/.m2/repository/org/apache/hadoop/hadoop-ozone-ozone-manager/0.5.0-SNAPSHOT/hadoop-ozone-ozone-manager-0.5.0-SNAPSHOT.jar:/home/user/.m2/repository/org/apache/hadoop/hadoop-minikdc/3.2.0/hadoop-minikdc-3.2.0.jar:/home/user/.m2/repository/commons-io/commons-io/2.5/commons-io-2.5.jar:/home/user/.m2/repository/org/apache/kerby/kerb-simplekdc/1.0.1/kerb-simplekdc-1.0.1.jar:/home/user/.m2/repository/org/apache/kerby/kerb-client/1.0.1/kerb-client-1.0.1.jar:/home/user/.m2/repository/org/apache/kerby/kerby-config/1.0.1/kerby-config-1.0.1.jar:/home/user/.m2/repository/org/apache/kerby/kerb-core/1.0.1/kerb-core-1.0.1.jar:/home/user/.m2/repository/org/apache/kerby/kerby-pkix/1.0.1/kerby-pkix-1.0.1.jar:/home/user/.m2/repository/org/apache/kerby/kerby-asn1/1.0.1/kerby-asn1-1.0.1.jar:/home/user/.m2/repository/org/apache/kerby/kerby-util/1.0.1/kerby-util-1.0.1.jar:/home/user/.m2/repository/org/apache/kerby/kerb-common/1.0.1/kerb-common-1.0.1.jar:/home/user/.m2/repository/org/apache/kerby/kerb-crypto/1.0.1/kerb-crypto-1.0.1.jar:/home/user/.m2/repository/org/apache/kerby/kerb-util/1.0.1/kerb-util-1.0.1.jar:/home/user/.m2/repository/org/apache/kerby/token-provider/1.0.1/token-provider-1.0.1.jar:/home/user/.m2/repository/org/apache/kerby/kerb-admin/1.0.1/kerb-admin-1.0.1.jar:/home/user/.m2/repository/org/apache/kerby/kerb-server/1.0.1/kerb-server-1.0.1.jar:/home/user/.m2/repository/org/apache/kerby/kerb-identity/1.0.1/kerb-identity-1.0.1.jar:/home/user/.m2/repository/org/apache/kerby/kerby-xdr/1.0.1/kerby-xdr-1.0.1.jar:/home/user/.m2/repository/org/slf4j/slf4j-log4j12/1.7.25/slf4j-log4j12-1.7.25.jar:/home/user/.m2/repository/org/apache/hadoop/hadoop-ozone-objectstore-service/0.5.0-SNAPSHOT/hadoop-ozone-objectstore-service-0.5.0-SNAPSHOT.jar:/home/user/.m2/repository/org/apache/hadoop/hadoop-ozone-s3gateway/0.5.0-SNAPSHOT/hadoop-ozone-s3gateway-0.5.0-SNAPSHOT.jar:/home/user/.m2/repository/org/jboss/weld/servlet/weld-servlet/2.4.7.Final/weld-servlet-2.4.7.Final.jar:/home/user/.m2/repository/org/glassfish/jersey/containers/jersey-container-servlet-core/2.27/jersey-container-servlet-core-2.27.jar:/home/user/.m2/repository/org/glassfish/hk2/external/javax.inject/2.5.0-b42/javax.inject-2.5.0-b42.jar:/home/user/.m2/repository/org/glassfish/jersey/core/jersey-common/2.27/jersey-common-2.27.jar:/home/user/.m2/repository/org/glassfish/hk2/osgi-resource-locator/1.0.1/osgi-resource-locator-1.0.1.jar:/home/user/.m2/repository/javax/ws/rs/javax.ws.rs-api/2.1/javax.ws.rs-api-2.1.jar:/home/user/.m2/repository/org/glassfish/jersey/ext/cdi/jersey-cdi1x/2.27/jersey-cdi1x-2.27.jar:/home/user/.m2/repository/org/glassfish/jersey/inject/jersey-hk2/2.27/jersey-hk2-2.27.jar:/home/user/.m2/repository/org/glassfish/hk2/hk2-locator/2.5.0-b42/hk2-locator-2.5.0-b42.jar:/home/user/.m2/repository/org/javassist/javassist/3.22.0-CR2/javassist-3.22.0-CR2.jar:/home/user/.m2/repository/org/glassfish/hk2/hk2-api/2.5.0/hk2-api-2.5.0.jar:/home/user/.m2/repository/org/glassfish/hk2/external/jakarta.inject/2.5.0/jakarta.inject-2.5.0.jar:/home/user/.m2/repository/org/glassfish/hk2/hk2-utils/2.5.0/hk2-utils-2.5.0.jar:/home/user/.m2/repository/jakarta/annotation/jakarta.annotation-api/1.3.4/jakarta.annotation-api-1.3.4.jar:/home/user/.m2/repository/org/glassfish/hk2/external/aopalliance-repackaged/2.5.0/aopalliance-repackaged-2.5.0.jar:/home/user/.m2/repository/com/fasterxml/jackson/dataformat/jackson-dataformat-xml/2.9.0/jackson-dataformat-xml-2.9.0.jar:/home/user/.m2/repository/com/fasterxml/jackson/core/jackson-core/2.9.5/jackson-core-2.9.5.jar:/home/user/.m2/repository/com/fasterxml/jackson/module/jackson-module-jaxb-annotations/2.9.5/jackson-module-jaxb-annotations-2.9.5.jar:/home/user/.m2/repository/javax/enterprise/cdi-api/1.2/cdi-api-1.2.jar:/home/user/.m2/repository/javax/el/javax.el-api/3.0.0/javax.el-api-3.0.0.jar:/home/user/.m2/repository/javax/interceptor/javax.interceptor-api/1.2/javax.interceptor-api-1.2.jar:/home/user/.m2/repository/javax/inject/javax.inject/1/javax.inject-1.jar:/home/user/.m2/repository/com/sun/xml/bind/jaxb-impl/2.3.0.1/jaxb-impl-2.3.0.1.jar:/home/user/.m2/repository/com/sun/xml/bind/jaxb-core/2.3.0.1/jaxb-core-2.3.0.1.jar:/home/user/.m2/repository/javax/xml/bind/jaxb-api/2.3.0/jaxb-api-2.3.0.jar:/home/user/.m2/repository/javax/activation/activation/1.1.1/activation-1.1.1.jar:/home/user/.m2/repository/org/apache/hadoop/hadoop-ozone-csi/0.5.0-SNAPSHOT/hadoop-ozone-csi-0.5.0-SNAPSHOT.jar:/home/user/.m2/repository/com/google/protobuf/protobuf-java-util/3.5.1/protobuf-java-util-3.5.1.jar:/home/user/.m2/repository/org/apache/hadoop/hadoop-hdds-config/0.5.0-SNAPSHOT/hadoop-hdds-config-0.5.0-SNAPSHOT.jar:/home/user/.m2/repository/io/grpc/grpc-netty/1.17.1/grpc-netty-1.17.1.jar:/home/user/.m2/repository/io/grpc/grpc-core/1.17.1/grpc-core-1.17.1.jar:/home/user/.m2/repository/io/grpc/grpc-context/1.17.1/grpc-context-1.17.1.jar:/home/user/.m2/repository/com/google/errorprone/error_prone_annotations/2.2.0/error_prone_annotations-2.2.0.jar:/home/user/.m2/repository/org/codehaus/mojo/animal-sniffer-annotations/1.17/animal-sniffer-annotations-1.17.jar:/home/user/.m2/repository/io/opencensus/opencensus-api/0.17.0/opencensus-api-0.17.0.jar:/home/user/.m2/repository/io/opencensus/opencensus-contrib-grpc-metrics/0.17.0/opencensus-contrib-grpc-metrics-0.17.0.jar:/home/user/.m2/repository/io/netty/netty-codec-http2/4.1.30.Final/netty-codec-http2-4.1.30.Final.jar:/home/user/.m2/repository/io/netty/netty-codec-http/4.1.30.Final/netty-codec-http-4.1.30.Final.jar:/home/user/.m2/repository/io/netty/netty-codec/4.1.30.Final/netty-codec-4.1.30.Final.jar:/home/user/.m2/repository/io/netty/netty-handler/4.1.30.Final/netty-handler-4.1.30.Final.jar:/home/user/.m2/repository/io/netty/netty-handler-proxy/4.1.30.Final/netty-handler-proxy-4.1.30.Final.jar:/home/user/.m2/repository/io/netty/netty-codec-socks/4.1.30.Final/netty-codec-socks-4.1.30.Final.jar:/home/user/.m2/repository/io/netty/netty-transport-native-epoll/4.1.30.Final/netty-transport-native-epoll-4.1.30.Final.jar:/home/user/.m2/repository/io/netty/netty-common/4.1.30.Final/netty-common-4.1.30.Final.jar:/home/user/.m2/repository/io/netty/netty-buffer/4.1.30.Final/netty-buffer-4.1.30.Final.jar:/home/user/.m2/repository/io/netty/netty-transport/4.1.30.Final/netty-transport-4.1.30.Final.jar:/home/user/.m2/repository/io/netty/netty-resolver/4.1.30.Final/netty-resolver-4.1.30.Final.jar:/home/user/.m2/repository/io/netty/netty-transport-native-unix-common/4.1.30.Final/netty-transport-native-unix-common-4.1.30.Final.jar:/home/user/.m2/repository/io/grpc/grpc-protobuf/1.17.1/grpc-protobuf-1.17.1.jar:/home/user/.m2/repository/com/google/api/grpc/proto-google-common-protos/1.0.0/proto-google-common-protos-1.0.0.jar:/home/user/.m2/repository/io/grpc/grpc-protobuf-lite/1.17.1/grpc-protobuf-lite-1.17.1.jar:/home/user/.m2/repository/io/grpc/grpc-stub/1.17.1/grpc-stub-1.17.1.jar:/home/user/.m2/repository/org/apache/hadoop/hadoop-ozone-recon/0.5.0-SNAPSHOT/hadoop-ozone-recon-0.5.0-SNAPSHOT.jar:/home/user/.m2/repository/org/apache/hadoop/hadoop-ozone-reconcodegen/0.5.0-SNAPSHOT/hadoop-ozone-reconcodegen-0.5.0-SNAPSHOT.jar:/home/user/.m2/repository/com/google/inject/extensions/guice-multibindings/4.0/guice-multibindings-4.0.jar:/home/user/.m2/repository/com/google/inject/guice/4.0/guice-4.0.jar:/home/user/.m2/repository/aopalliance/aopalliance/1.0/aopalliance-1.0.jar:/home/user/.m2/repository/com/google/inject/extensions/guice-servlet/4.0/guice-servlet-4.0.jar:/home/user/.m2/repository/org/glassfish/jersey/containers/jersey-container-servlet/2.27/jersey-container-servlet-2.27.jar:/home/user/.m2/repository/org/glassfish/hk2/guice-bridge/2.5.0/guice-bridge-2.5.0.jar:/home/user/.m2/repository/org/glassfish/jersey/core/jersey-server/2.27/jersey-server-2.27.jar:/home/user/.m2/repository/org/glassfish/jersey/core/jersey-client/2.27/jersey-client-2.27.jar:/home/user/.m2/repository/org/glassfish/jersey/media/jersey-media-jaxb/2.27/jersey-media-jaxb-2.27.jar:/home/user/.m2/repository/javax/validation/validation-api/1.1.0.Final/validation-api-1.1.0.Final.jar:/home/user/.m2/repository/org/glassfish/jersey/media/jersey-media-json-jackson/2.27/jersey-media-json-jackson-2.27.jar:/home/user/.m2/repository/org/glassfish/jersey/ext/jersey-entity-filtering/2.27/jersey-entity-filtering-2.27.jar:/home/user/.m2/repository/com/google/inject/extensions/guice-assistedinject/4.0/guice-assistedinject-4.0.jar:/home/user/.m2/repository/org/jooq/jooq/3.11.10/jooq-3.11.10.jar:/home/user/.m2/repository/org/jooq/jooq-meta/3.11.10/jooq-meta-3.11.10.jar:/home/user/.m2/repository/org/jooq/jooq-codegen/3.11.10/jooq-codegen-3.11.10.jar:/home/user/.m2/repository/com/jolbox/bonecp/0.8.0.RELEASE/bonecp-0.8.0.RELEASE.jar:/home/user/.m2/repository/org/xerial/sqlite-jdbc/3.25.2/sqlite-jdbc-3.25.2.jar:/home/user/.m2/repository/org/springframework/spring-jdbc/5.1.3.RELEASE/spring-jdbc-5.1.3.RELEASE.jar:/home/user/.m2/repository/org/springframework/spring-beans/5.1.3.RELEASE/spring-beans-5.1.3.RELEASE.jar:/home/user/.m2/repository/org/springframework/spring-core/5.1.3.RELEASE/spring-core-5.1.3.RELEASE.jar:/home/user/.m2/repository/org/springframework/spring-jcl/5.1.3.RELEASE/spring-jcl-5.1.3.RELEASE.jar:/home/user/.m2/repository/org/springframework/spring-tx/5.1.3.RELEASE/spring-tx-5.1.3.RELEASE.jar:/home/user/.m2/repository/org/apache/hadoop/hadoop-ozone-client/0.5.0-SNAPSHOT/hadoop-ozone-client-0.5.0-SNAPSHOT.jar:/home/user/.m2/repository/commons-lang/commons-lang/2.6/commons-lang-2.6.jar:/home/user/.m2/repository/org/apache/hadoop/hadoop-ozone-ozone-manager/0.5.0-SNAPSHOT/hadoop-ozone-ozone-manager-0.5.0-SNAPSHOT-tests.jar:/home/user/.m2/repository/junit/junit/4.11/junit-4.11.jar:/home/user/.m2/repository/org/hamcrest/hamcrest-core/1.3/hamcrest-core-1.3.jar:/home/user/.m2/repository/org/openjdk/jmh/jmh-core/1.19/jmh-core-1.19.jar:/home/user/.m2/repository/net/sf/jopt-simple/jopt-simple/4.6/jopt-simple-4.6.jar:/home/user/.m2/repository/org/apache/commons/commons-math3/3.1.1/commons-math3-3.1.1.jar:/home/user/.m2/repository/org/openjdk/jmh/jmh-generator-annprocess/1.19/jmh-generator-annprocess-1.19.jar:/home/user/.m2/repository/org/mockito/mockito-all/1.8.5/mockito-all-1.8.5.jar:/home/user/.m2/repository/org/apache/hadoop/hadoop-kms/3.2.0/hadoop-kms-3.2.0.jar:/home/user/.m2/repository/org/apache/hadoop/hadoop-auth/3.2.0/hadoop-auth-3.2.0.jar:/home/user/.m2/repository/com/nimbusds/nimbus-jose-jwt/4.41.1/nimbus-jose-jwt-4.41.1.jar:/home/user/.m2/repository/com/github/stephenc/jcip/jcip-annotations/1.0-1/jcip-annotations-1.0-1.jar:/home/user/.m2/repository/net/minidev/json-smart/2.3/json-smart-2.3.jar:/home/user/.m2/repository/net/minidev/accessors-smart/1.2/accessors-smart-1.2.jar:/home/user/.m2/repository/org/ow2/asm/asm/5.0.4/asm-5.0.4.jar:/home/user/.m2/repository/org/apache/curator/curator-framework/2.12.0/curator-framework-2.12.0.jar:/home/user/.m2/repository/com/sun/jersey/jersey-core/1.19/jersey-core-1.19.jar:/home/user/.m2/repository/javax/ws/rs/jsr311-api/1.1.1/jsr311-api-1.1.1.jar:/home/user/.m2/repository/com/sun/jersey/jersey-server/1.19/jersey-server-1.19.jar:/home/user/.m2/repository/javax/servlet/javax.servlet-api/3.1.0/javax.servlet-api-3.1.0.jar:/home/user/.m2/repository/org/eclipse/jetty/jetty-server/9.3.24.v20180605/jetty-server-9.3.24.v20180605.jar:/home/user/.m2/repository/org/eclipse/jetty/jetty-http/9.3.24.v20180605/jetty-http-9.3.24.v20180605.jar:/home/user/.m2/repository/org/eclipse/jetty/jetty-io/9.3.24.v20180605/jetty-io-9.3.24.v20180605.jar:/home/user/.m2/repository/org/eclipse/jetty/jetty-webapp/9.3.24.v20180605/jetty-webapp-9.3.24.v20180605.jar:/home/user/.m2/repository/org/eclipse/jetty/jetty-xml/9.3.24.v20180605/jetty-xml-9.3.24.v20180605.jar:/home/user/.m2/repository/log4j/log4j/1.2.17/log4j-1.2.17.jar:/home/user/.m2/repository/org/slf4j/slf4j-api/1.7.25/slf4j-api-1.7.25.jar:/home/user/.m2/repository/org/slf4j/jul-to-slf4j/1.7.25/jul-to-slf4j-1.7.25.jar:/home/user/.m2/repository/org/eclipse/jetty/jetty-util/9.3.24.v20180605/jetty-util-9.3.24.v20180605.jar:/home/user/.m2/repository/com/fasterxml/jackson/core/jackson-databind/2.9.5/jackson-databind-2.9.5.jar:/home/user/.m2/repository/org/apache/hadoop/hadoop-kms/3.2.0/hadoop-kms-3.2.0-tests.jar:/home/user/.m2/repository/org/apache/hadoop/hadoop-hdds-server-scm/0.5.0-SNAPSHOT/hadoop-hdds-server-scm-0.5.0-SNAPSHOT-tests.jar:/home/user/.m2/repository/org/apache/hadoop/hadoop-hdds-container-service/0.5.0-SNAPSHOT/hadoop-hdds-container-service-0.5.0-SNAPSHOT-tests.jar:/home/user/.m2/repository/org/yaml/snakeyaml/1.16/snakeyaml-1.16.jar:/home/user/.m2/repository/org/apache/hadoop/hadoop-common/3.2.0/hadoop-common-3.2.0-tests.jar:/home/user/.m2/repository/org/apache/hadoop/hadoop-annotations/3.2.0/hadoop-annotations-3.2.0.jar:/usr/lib/jvm/java-1.8-openjdk/jre/../lib/tools.jar:/home/user/.m2/repository/commons-cli/commons-cli/1.2/commons-cli-1.2.jar:/home/user/.m2/repository/org/apache/httpcomponents/httpclient/4.5.2/httpclient-4.5.2.jar:/home/user/.m2/repository/org/apache/httpcomponents/httpcore/4.4.4/httpcore-4.4.4.jar:/home/user/.m2/repository/commons-codec/commons-codec/1.11/commons-codec-1.11.jar:/home/user/.m2/repository/commons-net/commons-net/3.6/commons-net-3.6.jar:/home/user/.m2/repository/commons-collections/commons-collections/3.2.2/commons-collections-3.2.2.jar:/home/user/.m2/repository/org/eclipse/jetty/jetty-servlet/9.3.24.v20180605/jetty-servlet-9.3.24.v20180605.jar:/home/user/.m2/repository/org/eclipse/jetty/jetty-security/9.3.24.v20180605/jetty-security-9.3.24.v20180605.jar:/home/user/.m2/repository/javax/servlet/jsp/jsp-api/2.1/jsp-api-2.1.jar:/home/user/.m2/repository/com/sun/jersey/jersey-servlet/1.19/jersey-servlet-1.19.jar:/home/user/.m2/repository/com/sun/jersey/jersey-json/1.19/jersey-json-1.19.jar:/home/user/.m2/repository/org/codehaus/jettison/jettison/1.1/jettison-1.1.jar:/home/user/.m2/repository/org/codehaus/jackson/jackson-core-asl/1.9.13/jackson-core-asl-1.9.13.jar:/home/user/.m2/repository/org/codehaus/jackson/jackson-mapper-asl/1.9.13/jackson-mapper-asl-1.9.13.jar:/home/user/.m2/repository/org/codehaus/jackson/jackson-jaxrs/1.9.13/jackson-jaxrs-1.9.13.jar:/home/user/.m2/repository/org/codehaus/jackson/jackson-xc/1.9.13/jackson-xc-1.9.13.jar:/home/user/.m2/repository/commons-logging/commons-logging/1.1.3/commons-logging-1.1.3.jar:/home/user/.m2/repository/commons-beanutils/commons-beanutils/1.9.3/commons-beanutils-1.9.3.jar:/home/user/.m2/repository/org/apache/commons/commons-configuration2/2.1.1/commons-configuration2-2.1.1.jar:/home/user/.m2/repository/org/apache/commons/commons-lang3/3.7/commons-lang3-3.7.jar:/home/user/.m2/repository/org/apache/commons/commons-text/1.4/commons-text-1.4.jar:/home/user/.m2/repository/org/apache/avro/avro/1.7.7/avro-1.7.7.jar:/home/user/.m2/repository/com/thoughtworks/paranamer/paranamer/2.3/paranamer-2.3.jar:/home/user/.m2/repository/org/xerial/snappy/snappy-java/1.0.5/snappy-java-1.0.5.jar:/home/user/.m2/repository/com/google/re2j/re2j/1.1/re2j-1.1.jar:/home/user/.m2/repository/com/google/code/gson/gson/2.2.4/gson-2.2.4.jar:/home/user/.m2/repository/com/jcraft/jsch/0.1.54/jsch-0.1.54.jar:/home/user/.m2/repository/org/apache/curator/curator-client/2.12.0/curator-client-2.12.0.jar:/home/user/.m2/repository/org/apache/curator/curator-recipes/2.12.0/curator-recipes-2.12.0.jar:/home/user/.m2/repository/com/google/code/findbugs/jsr305/3.0.0/jsr305-3.0.0.jar:/home/user/.m2/repository/org/apache/htrace/htrace-core4/4.1.0-incubating/htrace-core4-4.1.0-incubating.jar:/home/user/.m2/repository/org/apache/zookeeper/zookeeper/3.4.13/zookeeper-3.4.13.jar:/home/user/.m2/repository/org/apache/yetus/audience-annotations/0.5.0/audience-annotations-0.5.0.jar:/home/user/.m2/repository/org/codehaus/woodstox/stax2-api/3.1.4/stax2-api-3.1.4.jar:/home/user/.m2/repository/com/fasterxml/woodstox/woodstox-core/5.0.3/woodstox-core-5.0.3.jar:/home/user/.m2/repository/dnsjava/dnsjava/2.1.7/dnsjava-2.1.7.jar:/home/user/.m2/repository/org/apache/hadoop/hadoop-hdfs/3.2.0/hadoop-hdfs-3.2.0-tests.jar:/home/user/.m2/repository/org/eclipse/jetty/jetty-util-ajax/9.3.24.v20180605/jetty-util-ajax-9.3.24.v20180605.jar:/home/user/.m2/repository/commons-daemon/commons-daemon/1.0.13/commons-daemon-1.0.13.jar:/home/user/.m2/repository/io/netty/netty/3.10.5.Final/netty-3.10.5.Final.jar:/home/user/.m2/repository/io/netty/netty-all/4.0.52.Final/netty-all-4.0.52.Final.jar:/home/user/.m2/repository/org/fusesource/leveldbjni/leveldbjni-all/1.8/leveldbjni-all-1.8.jar:"/>
    <property name="sun.cpu.endian" value="little"/>
    <property name="user.home" value="/home/user"/>
    <property name="user.language" value="en"/>
    <property name="java.specification.vendor" value="Oracle Corporation"/>
    <property name="java.home" value="/usr/lib/jvm/java-1.8-openjdk/jre"/>
    <property name="java.security.krb5.conf" value="/workdir/hadoop-ozone/integration-test/target/test-classes/krb5.conf"/>
    <property name="basedir" value="/workdir/hadoop-ozone/integration-test"/>
    <property name="file.separator" value="/"/>
    <property name="line.separator" value="&#10;"/>
    <property name="java.vm.specification.vendor" value="Oracle Corporation"/>
    <property name="java.specification.name" value="Java Platform API Specification"/>
    <property name="java.awt.graphicsenv" value="sun.awt.X11GraphicsEnvironment"/>
    <property name="surefire.real.class.path" value="/workdir/hadoop-ozone/integration-test/target/surefire/surefirebooter2671043107496247801.jar"/>
    <property name="hadoop.log.dir" value="/workdir/hadoop-ozone/integration-test/target/log"/>
    <property name="sun.boot.class.path" value="/usr/lib/jvm/java-1.8-openjdk/jre/lib/resources.jar:/usr/lib/jvm/java-1.8-openjdk/jre/lib/rt.jar:/usr/lib/jvm/java-1.8-openjdk/jre/lib/sunrsasign.jar:/usr/lib/jvm/java-1.8-openjdk/jre/lib/jsse.jar:/usr/lib/jvm/java-1.8-openjdk/jre/lib/jce.jar:/usr/lib/jvm/java-1.8-openjdk/jre/lib/charsets.jar:/usr/lib/jvm/java-1.8-openjdk/jre/lib/jfr.jar:/usr/lib/jvm/java-1.8-openjdk/jre/classes"/>
    <property name="sun.management.compiler" value="HotSpot 64-Bit Tiered Compilers"/>
    <property name="java.runtime.version" value="1.8.0_212-b04"/>
    <property name="java.net.preferIPv4Stack" value="true"/>
    <property name="user.name" value="jenkins1000"/>
    <property name="path.separator" value=":"/>
    <property name="java.security.egd" value="file:///dev/urandom"/>
    <property name="os.version" value="3.10.0-957.12.2.el7.x86_64"/>
    <property name="java.endorsed.dirs" value="/usr/lib/jvm/java-1.8-openjdk/jre/lib/endorsed"/>
    <property name="java.runtime.name" value="OpenJDK Runtime Environment"/>
    <property name="file.encoding" value="UTF-8"/>
    <property name="java.vm.name" value="OpenJDK 64-Bit Server VM"/>
    <property name="test.build.webapps" value=""/>
    <property name="localRepository" value="/home/user/.m2/repository"/>
    <property name="java.vendor.url.bug" value="https://icedtea.classpath.org/bugzilla"/>
    <property name="java.io.tmpdir" value="/tmp"/>
    <property name="require.test.libhadoop" value=""/>
    <property name="java.version" value="1.8.0_212"/>
    <property name="user.dir" value="/workdir/hadoop-ozone/integration-test"/>
    <property name="os.arch" value="amd64"/>
    <property name="java.vm.specification.name" value="Java Virtual Machine Specification"/>
    <property name="test.build.classes" value="/workdir/hadoop-ozone/integration-test/target/test-classes"/>
    <property name="java.awt.printerjob" value="sun.print.PSPrinterJob"/>
    <property name="sun.os.patch.level" value="unknown"/>
    <property name="hadoop.tmp.dir" value="/workdir/hadoop-ozone/integration-test/target/tmp"/>
    <property name="java.library.path" value="/usr/lib/jvm/java-1.8-openjdk/jre/lib/amd64/server:/usr/lib/jvm/java-1.8-openjdk/jre/lib/amd64:/usr/lib/jvm/java-1.8-openjdk/jre/../lib/amd64:/workdir/hadoop-ozone/integration-test/target/native/target/usr/local/lib:/workdir/hadoop-ozone/integration-test/../../hadoop-common-project/hadoop-common/target/native/target/usr/local/lib:/usr/java/packages/lib/amd64:/usr/lib64:/lib64:/lib:/usr/lib"/>
    <property name="java.vm.info" value="mixed mode"/>
    <property name="java.vendor" value="IcedTea"/>
    <property name="java.vm.version" value="25.212-b04"/>
    <property name="java.ext.dirs" value="/usr/lib/jvm/java-1.8-openjdk/jre/lib/ext:/usr/java/packages/lib/ext"/>
    <property name="sun.io.unicode.encoding" value="UnicodeLittle"/>
    <property name="java.class.version" value="52.0"/>
  </properties>
  <testcase name="testGroupMismatchExceptionHandling" classname="org.apache.hadoop.ozone.client.rpc.TestOzoneClientRetriesOnException" time="40.171"/>
  <testcase name="testMaxRetriesByOzoneClient" classname="org.apache.hadoop.ozone.client.rpc.TestOzoneClientRetriesOnException" time="32.056">
    <error message="Failed to command cmdType: CreateContainer&#10;containerID: 1&#10;datanodeUuid: &quot;84c80f7a-cb80-4090-88c4-05efb54ad056&quot;&#10;createContainer {&#10;}&#10;" type="java.io.IOException">java.io.IOException: 
Failed to command cmdType: CreateContainer
containerID: 1
datanodeUuid: "84c80f7a-cb80-4090-88c4-05efb54ad056"
createContainer {
}

	at org.apache.hadoop.hdds.scm.XceiverClientSpi.sendCommand(XceiverClientSpi.java:113)
	at org.apache.hadoop.ozone.client.rpc.TestOzoneClientRetriesOnException.testMaxRetriesByOzoneClient(TestOzoneClientRetriesOnException.java:190)
	at sun.reflect.NativeMethodAccessorImpl.invoke0(Native Method)
	at sun.reflect.NativeMethodAccessorImpl.invoke(NativeMethodAccessorImpl.java:62)
	at sun.reflect.DelegatingMethodAccessorImpl.invoke(DelegatingMethodAccessorImpl.java:43)
	at java.lang.reflect.Method.invoke(Method.java:498)
	at org.junit.runners.model.FrameworkMethod$1.runReflectiveCall(FrameworkMethod.java:47)
	at org.junit.internal.runners.model.ReflectiveCallable.run(ReflectiveCallable.java:12)
	at org.junit.runners.model.FrameworkMethod.invokeExplosively(FrameworkMethod.java:44)
	at org.junit.internal.runners.statements.InvokeMethod.evaluate(InvokeMethod.java:17)
	at org.junit.internal.runners.statements.RunBefores.evaluate(RunBefores.java:26)
	at org.junit.internal.runners.statements.RunAfters.evaluate(RunAfters.java:27)
	at org.junit.runners.ParentRunner.runLeaf(ParentRunner.java:271)
	at org.junit.runners.BlockJUnit4ClassRunner.runChild(BlockJUnit4ClassRunner.java:70)
	at org.junit.runners.BlockJUnit4ClassRunner.runChild(BlockJUnit4ClassRunner.java:50)
	at org.junit.runners.ParentRunner$3.run(ParentRunner.java:238)
	at org.junit.runners.ParentRunner$1.schedule(ParentRunner.java:63)
	at org.junit.runners.ParentRunner.runChildren(ParentRunner.java:236)
	at org.junit.runners.ParentRunner.access$000(ParentRunner.java:53)
	at org.junit.runners.ParentRunner$2.evaluate(ParentRunner.java:229)
	at org.junit.runners.ParentRunner.run(ParentRunner.java:309)
	at org.apache.maven.surefire.junit4.JUnit4Provider.execute(JUnit4Provider.java:365)
	at org.apache.maven.surefire.junit4.JUnit4Provider.executeWithRerun(JUnit4Provider.java:273)
	at org.apache.maven.surefire.junit4.JUnit4Provider.executeTestSet(JUnit4Provider.java:238)
	at org.apache.maven.surefire.junit4.JUnit4Provider.invoke(JUnit4Provider.java:159)
	at org.apache.maven.surefire.booter.ForkedBooter.invokeProviderInSameClassLoader(ForkedBooter.java:384)
	at org.apache.maven.surefire.booter.ForkedBooter.runSuitesInProcess(ForkedBooter.java:345)
	at org.apache.maven.surefire.booter.ForkedBooter.execute(ForkedBooter.java:126)
	at org.apache.maven.surefire.booter.ForkedBooter.main(ForkedBooter.java:418)
Caused by: java.util.concurrent.ExecutionException: org.apache.ratis.protocol.StateMachineException: java.util.concurrent.CompletionException: java.lang.IllegalArgumentException
	at java.util.concurrent.CompletableFuture.reportGet(CompletableFuture.java:357)
	at java.util.concurrent.CompletableFuture.get(CompletableFuture.java:1895)
	at org.apache.hadoop.hdds.scm.XceiverClientSpi.sendCommand(XceiverClientSpi.java:110)
	... 28 more
Caused by: org.apache.ratis.protocol.StateMachineException: java.util.concurrent.CompletionException: java.lang.IllegalArgumentException
	at java.util.concurrent.CompletableFuture.encodeThrowable(CompletableFuture.java:273)
	at java.util.concurrent.CompletableFuture.completeThrowable(CompletableFuture.java:280)
	at java.util.concurrent.CompletableFuture$AsyncSupply.run(CompletableFuture.java:1592)
	at java.util.concurrent.ThreadPoolExecutor.runWorker(ThreadPoolExecutor.java:1149)
	at java.util.concurrent.ThreadPoolExecutor$Worker.run(ThreadPoolExecutor.java:624)
	at java.lang.Thread.run(Thread.java:748)
</error>
    <system-out><![CDATA[2019-08-21 09:03:51,846 WARN  server.ServerUtils (ServerUtils.java:getScmDbDir(145)) - ozone.scm.db.dirs is not configured. We recommend adding this setting. Falling back to ozone.metadata.dirs instead.
2019-08-21 09:03:51,891 WARN  server.ServerUtils (ServerUtils.java:getScmDbDir(145)) - ozone.scm.db.dirs is not configured. We recommend adding this setting. Falling back to ozone.metadata.dirs instead.
2019-08-21 09:03:51,891 WARN  server.ServerUtils (ServerUtils.java:getScmDbDir(145)) - ozone.scm.db.dirs is not configured. We recommend adding this setting. Falling back to ozone.metadata.dirs instead.
2019-08-21 09:03:51,892 INFO  db.DBStoreBuilder (DBStoreBuilder.java:addTable(110)) - using custom profile for table: deletedBlocks
2019-08-21 09:03:51,892 INFO  db.DBStoreBuilder (DBStoreBuilder.java:processTables(161)) - Using default column profile:DBProfile.DISK for Table:deletedBlocks
2019-08-21 09:03:51,893 INFO  db.DBStoreBuilder (DBStoreBuilder.java:addTable(110)) - using custom profile for table: validCerts
2019-08-21 09:03:51,893 INFO  db.DBStoreBuilder (DBStoreBuilder.java:processTables(161)) - Using default column profile:DBProfile.DISK for Table:validCerts
2019-08-21 09:03:51,894 INFO  db.DBStoreBuilder (DBStoreBuilder.java:addTable(110)) - using custom profile for table: revokedCerts
2019-08-21 09:03:51,894 INFO  db.DBStoreBuilder (DBStoreBuilder.java:processTables(161)) - Using default column profile:DBProfile.DISK for Table:revokedCerts
2019-08-21 09:03:51,894 INFO  db.DBStoreBuilder (DBStoreBuilder.java:addTable(110)) - using custom profile for table: default
2019-08-21 09:03:51,894 INFO  db.DBStoreBuilder (DBStoreBuilder.java:processTables(167)) - Using default column profile:DBProfile.DISK for Table:default
2019-08-21 09:03:51,895 INFO  db.DBStoreBuilder (DBStoreBuilder.java:getDbProfile(198)) - Using default options. DBProfile.DISK
2019-08-21 09:03:52,096 INFO  net.NodeSchemaLoader (NodeSchemaLoader.java:loadSchemaFromFile(125)) - Loading file from sun.misc.CompoundEnumeration@40016ce1
2019-08-21 09:03:52,097 INFO  net.NodeSchemaLoader (NodeSchemaLoader.java:loadSchema(171)) - Loading network topology layer schema file
2019-08-21 09:03:52,102 WARN  server.ServerUtils (ServerUtils.java:sanitizeUserArgs(70)) - ozone.scm.stale.node.interval value = 300000 is larger than max = 100000 based on the key value of ozone.scm.heartbeat.thread.interval, reset to the max value 100000.
2019-08-21 09:03:52,103 WARN  server.ServerUtils (ServerUtils.java:sanitizeUserArgs(70)) - ozone.scm.stale.node.interval value = 300000 is larger than max = 100000 based on the key value of ozone.scm.heartbeat.thread.interval, reset to the max value 100000.
2019-08-21 09:03:52,103 INFO  node.SCMNodeManager (SCMNodeManager.java:<init>(121)) - Entering startup safe mode.
2019-08-21 09:03:52,104 INFO  algorithms.ContainerPlacementPolicyFactory (ContainerPlacementPolicyFactory.java:getPolicy(55)) - Create container placement policy of type org.apache.hadoop.hdds.scm.container.placement.algorithms.SCMContainerPlacementRandom
2019-08-21 09:03:52,104 WARN  server.ServerUtils (ServerUtils.java:getScmDbDir(145)) - ozone.scm.db.dirs is not configured. We recommend adding this setting. Falling back to ozone.metadata.dirs instead.
2019-08-21 09:03:52,153 INFO  pipeline.SCMPipelineManager (SCMPipelineManager.java:initializePipelineState(126)) - No pipeline exists in current db
2019-08-21 09:03:52,153 WARN  server.ServerUtils (ServerUtils.java:getScmDbDir(145)) - ozone.scm.db.dirs is not configured. We recommend adding this setting. Falling back to ozone.metadata.dirs instead.
2019-08-21 09:03:52,185 WARN  events.EventQueue (EventQueue.java:fireEvent(175)) - No event handler registered for event TypedEvent{payloadType=SafeModeStatus, name='SafeModeStatus'}
2019-08-21 09:03:52,186 INFO  ipc.CallQueueManager (CallQueueManager.java:<init>(84)) - Using callQueue: class java.util.concurrent.LinkedBlockingQueue, queueCapacity: 2000, scheduler: class org.apache.hadoop.ipc.DefaultRpcScheduler, ipcBackoff: false.
2019-08-21 09:03:52,189 INFO  ipc.CallQueueManager (CallQueueManager.java:<init>(84)) - Using callQueue: class java.util.concurrent.LinkedBlockingQueue, queueCapacity: 2000, scheduler: class org.apache.hadoop.ipc.DefaultRpcScheduler, ipcBackoff: false.
2019-08-21 09:03:52,189 INFO  ipc.Server (Server.java:run(1074)) - Starting Socket Reader #1 for port 44626
2019-08-21 09:03:52,191 INFO  ipc.Server (Server.java:run(1074)) - Starting Socket Reader #1 for port 46022
2019-08-21 09:03:52,192 INFO  ipc.CallQueueManager (CallQueueManager.java:<init>(84)) - Using callQueue: class java.util.concurrent.LinkedBlockingQueue, queueCapacity: 2000, scheduler: class org.apache.hadoop.ipc.DefaultRpcScheduler, ipcBackoff: false.
2019-08-21 09:03:52,193 INFO  ipc.Server (Server.java:run(1074)) - Starting Socket Reader #1 for port 45818
2019-08-21 09:03:52,195 INFO  hdfs.DFSUtil (DFSUtil.java:httpServerTemplateForNNAndJN(1641)) - Starting Web-server for scm at: http://0.0.0.0:0
2019-08-21 09:03:52,198 INFO  server.AuthenticationFilter (AuthenticationFilter.java:constructSecretProvider(240)) - Unable to initialize FileSignerSecretProvider, falling back to use random secrets.
2019-08-21 09:03:52,198 WARN  http.HttpRequestLog (HttpRequestLog.java:getRequestLog(97)) - Jetty request log can only be enabled using Log4j
2019-08-21 09:03:52,200 INFO  http.HttpServer2 (HttpServer2.java:addGlobalFilter(975)) - Added global filter 'safety' (class=org.apache.hadoop.http.HttpServer2$QuotingInputFilter)
2019-08-21 09:03:52,201 INFO  http.HttpServer2 (HttpServer2.java:addFilter(948)) - Added filter static_user_filter (class=org.apache.hadoop.http.lib.StaticUserWebFilter$StaticUserFilter) to context scm
2019-08-21 09:03:52,202 INFO  http.HttpServer2 (HttpServer2.java:addFilter(958)) - Added filter static_user_filter (class=org.apache.hadoop.http.lib.StaticUserWebFilter$StaticUserFilter) to context logs
2019-08-21 09:03:52,202 INFO  http.HttpServer2 (HttpServer2.java:addFilter(958)) - Added filter static_user_filter (class=org.apache.hadoop.http.lib.StaticUserWebFilter$StaticUserFilter) to context static
2019-08-21 09:03:52,204 INFO  server.StorageContainerManager (StorageContainerManager.java:start(759)) - StorageContainerLocationProtocol RPC server is listening at /0.0.0.0:45818
2019-08-21 09:03:52,206 WARN  impl.MetricsConfig (MetricsConfig.java:loadFirst(134)) - Cannot locate configuration: tried hadoop-metrics2-storagecontainermanager.properties,hadoop-metrics2.properties
2019-08-21 09:03:52,207 INFO  impl.MetricsSystemImpl (MetricsSystemImpl.java:startTimer(374)) - Scheduled Metric snapshot period at 10 second(s).
2019-08-21 09:03:52,208 INFO  impl.MetricsSystemImpl (MetricsSystemImpl.java:start(191)) - StorageContainerManager metrics system started
2019-08-21 09:03:52,254 INFO  server.SCMClientProtocolServer (SCMClientProtocolServer.java:start(151)) - RPC server for Client  is listening at /0.0.0.0:45818
2019-08-21 09:03:52,254 INFO  ipc.Server (Server.java:run(1314)) - IPC Server Responder: starting
2019-08-21 09:03:52,254 INFO  ipc.Server (Server.java:run(1153)) - IPC Server listener on 45818: starting
2019-08-21 09:03:52,259 INFO  server.StorageContainerManager (StorageContainerManager.java:start(769)) - ScmBlockLocationProtocol RPC server is listening at /0.0.0.0:46022
2019-08-21 09:03:52,259 INFO  server.SCMBlockProtocolServer (SCMBlockProtocolServer.java:start(140)) - RPC server for Block Protocol is listening at /0.0.0.0:46022
2019-08-21 09:03:52,260 INFO  ipc.Server (Server.java:run(1314)) - IPC Server Responder: starting
2019-08-21 09:03:52,260 INFO  ipc.Server (Server.java:run(1153)) - IPC Server listener on 46022: starting
2019-08-21 09:03:52,264 INFO  server.StorageContainerManager (StorageContainerManager.java:start(773)) - ScmDatanodeProtocl RPC server is listening at /0.0.0.0:44626
2019-08-21 09:03:52,264 INFO  server.SCMDatanodeProtocolServer (SCMDatanodeProtocolServer.java:start(191)) - RPC server for DataNodes is listening at /0.0.0.0:44626
2019-08-21 09:03:52,265 INFO  ipc.Server (Server.java:run(1153)) - IPC Server listener on 44626: starting
2019-08-21 09:03:52,265 INFO  ipc.Server (Server.java:run(1314)) - IPC Server Responder: starting
2019-08-21 09:03:52,268 INFO  http.HttpServer2 (HttpServer2.java:bindListener(1191)) - Jetty bound to port 45436
2019-08-21 09:03:52,269 INFO  server.Server (Server.java:doStart(351)) - jetty-9.3.24.v20180605, build timestamp: 2018-06-05T17:11:56Z, git hash: 84205aa28f11a4f31f2a3b86d1bba2cc8ab69827
2019-08-21 09:03:52,271 INFO  handler.ContextHandler (ContextHandler.java:doStart(781)) - Started o.e.j.s.ServletContextHandler@15c16f19{/logs,file:///workdir/hadoop-ozone/integration-test/target/log,AVAILABLE}
2019-08-21 09:03:52,271 INFO  handler.ContextHandler (ContextHandler.java:doStart(781)) - Started o.e.j.s.ServletContextHandler@be6d228{/static,file:///workdir/hadoop-ozone/integration-test/target/test-classes/webapps/static,AVAILABLE}
2019-08-21 09:03:52,276 INFO  handler.ContextHandler (ContextHandler.java:doStart(781)) - Started o.e.j.w.WebAppContext@1570cad0{/,file:///workdir/hadoop-ozone/integration-test/target/test-classes/webapps/scm/,AVAILABLE}{/scm}
2019-08-21 09:03:52,277 INFO  server.AbstractConnector (AbstractConnector.java:doStart(278)) - Started ServerConnector@21090c88{HTTP/1.1,[http/1.1]}{0.0.0.0:45436}
2019-08-21 09:03:52,277 INFO  server.Server (Server.java:doStart(419)) - Started @41216ms
2019-08-21 09:03:52,278 INFO  server.BaseHttpServer (BaseHttpServer.java:updateConnectorAddress(213)) - HTTP server of SCM is listening at http://0.0.0.0:45436
2019-08-21 09:03:52,279 WARN  server.ServerUtils (ServerUtils.java:getDBPath(222)) - ozone.om.db.dirs is not configured. We recommend adding this setting. Falling back to ozone.metadata.dirs instead.
2019-08-21 09:03:52,280 INFO  util.JvmPauseMonitor (JvmPauseMonitor.java:run(188)) - Starting JVM pause monitor
2019-08-21 09:03:52,293 WARN  server.ServerUtils (ServerUtils.java:getDBPath(222)) - ozone.om.db.dirs is not configured. We recommend adding this setting. Falling back to ozone.metadata.dirs instead.
2019-08-21 09:03:52,293 WARN  server.ServerUtils (ServerUtils.java:getDBPath(222)) - ozone.om.db.dirs is not configured. We recommend adding this setting. Falling back to ozone.metadata.dirs instead.
2019-08-21 09:03:52,293 INFO  om.OzoneManager (OzoneManager.java:setOMNodeDetails(647)) - OM Service ID is not set. Setting it to the default ID: omServiceIdDefault
2019-08-21 09:03:52,293 INFO  om.OzoneManager (OzoneManager.java:setOMNodeDetails(653)) - OM Node ID is not set. Setting it to the OmStorage's OmID: ddc50822-be7f-4f8b-b6dd-e786f97ddf89
2019-08-21 09:03:52,294 INFO  om.OzoneManager (OzoneManager.java:loadOMHAConfigs(604)) - Found matching OM address with OMServiceId: null, OMNodeId: null, RPC Address: localhost:0 and Ratis port: 9872
2019-08-21 09:03:52,301 WARN  server.ServerUtils (ServerUtils.java:getDBPath(222)) - ozone.om.db.dirs is not configured. We recommend adding this setting. Falling back to ozone.metadata.dirs instead.
2019-08-21 09:03:52,302 INFO  db.DBStoreBuilder (DBStoreBuilder.java:addTable(110)) - using custom profile for table: userTable
2019-08-21 09:03:52,302 INFO  db.DBStoreBuilder (DBStoreBuilder.java:processTables(161)) - Using default column profile:DBProfile.DISK for Table:userTable
2019-08-21 09:03:52,302 INFO  db.DBStoreBuilder (DBStoreBuilder.java:addTable(110)) - using custom profile for table: volumeTable
2019-08-21 09:03:52,302 INFO  db.DBStoreBuilder (DBStoreBuilder.java:processTables(161)) - Using default column profile:DBProfile.DISK for Table:volumeTable
2019-08-21 09:03:52,303 INFO  db.DBStoreBuilder (DBStoreBuilder.java:addTable(110)) - using custom profile for table: bucketTable
2019-08-21 09:03:52,303 INFO  db.DBStoreBuilder (DBStoreBuilder.java:processTables(161)) - Using default column profile:DBProfile.DISK for Table:bucketTable
2019-08-21 09:03:52,303 INFO  db.DBStoreBuilder (DBStoreBuilder.java:addTable(110)) - using custom profile for table: keyTable
2019-08-21 09:03:52,303 INFO  db.DBStoreBuilder (DBStoreBuilder.java:processTables(161)) - Using default column profile:DBProfile.DISK for Table:keyTable
2019-08-21 09:03:52,303 INFO  db.DBStoreBuilder (DBStoreBuilder.java:addTable(110)) - using custom profile for table: deletedTable
2019-08-21 09:03:52,304 INFO  db.DBStoreBuilder (DBStoreBuilder.java:processTables(161)) - Using default column profile:DBProfile.DISK for Table:deletedTable
2019-08-21 09:03:52,304 INFO  db.DBStoreBuilder (DBStoreBuilder.java:addTable(110)) - using custom profile for table: openKeyTable
2019-08-21 09:03:52,304 INFO  db.DBStoreBuilder (DBStoreBuilder.java:processTables(161)) - Using default column profile:DBProfile.DISK for Table:openKeyTable
2019-08-21 09:03:52,304 INFO  db.DBStoreBuilder (DBStoreBuilder.java:addTable(110)) - using custom profile for table: s3Table
2019-08-21 09:03:52,304 INFO  db.DBStoreBuilder (DBStoreBuilder.java:processTables(161)) - Using default column profile:DBProfile.DISK for Table:s3Table
2019-08-21 09:03:52,304 INFO  db.DBStoreBuilder (DBStoreBuilder.java:addTable(110)) - using custom profile for table: multipartInfoTable
2019-08-21 09:03:52,305 INFO  db.DBStoreBuilder (DBStoreBuilder.java:processTables(161)) - Using default column profile:DBProfile.DISK for Table:multipartInfoTable
2019-08-21 09:03:52,305 INFO  db.DBStoreBuilder (DBStoreBuilder.java:addTable(110)) - using custom profile for table: dTokenTable
2019-08-21 09:03:52,305 INFO  db.DBStoreBuilder (DBStoreBuilder.java:processTables(161)) - Using default column profile:DBProfile.DISK for Table:dTokenTable
2019-08-21 09:03:52,305 INFO  db.DBStoreBuilder (DBStoreBuilder.java:addTable(110)) - using custom profile for table: s3SecretTable
2019-08-21 09:03:52,305 INFO  db.DBStoreBuilder (DBStoreBuilder.java:processTables(161)) - Using default column profile:DBProfile.DISK for Table:s3SecretTable
2019-08-21 09:03:52,306 INFO  db.DBStoreBuilder (DBStoreBuilder.java:addTable(110)) - using custom profile for table: prefixTable
2019-08-21 09:03:52,306 INFO  db.DBStoreBuilder (DBStoreBuilder.java:processTables(161)) - Using default column profile:DBProfile.DISK for Table:prefixTable
2019-08-21 09:03:52,306 INFO  db.DBStoreBuilder (DBStoreBuilder.java:addTable(110)) - using custom profile for table: default
2019-08-21 09:03:52,306 INFO  db.DBStoreBuilder (DBStoreBuilder.java:processTables(167)) - Using default column profile:DBProfile.DISK for Table:default
2019-08-21 09:03:52,306 INFO  db.DBStoreBuilder (DBStoreBuilder.java:getDbProfile(198)) - Using default options. DBProfile.DISK
2019-08-21 09:03:52,834 INFO  ipc.CallQueueManager (CallQueueManager.java:<init>(84)) - Using callQueue: class java.util.concurrent.LinkedBlockingQueue, queueCapacity: 2000, scheduler: class org.apache.hadoop.ipc.DefaultRpcScheduler, ipcBackoff: false.
2019-08-21 09:03:52,835 INFO  ipc.Server (Server.java:run(1074)) - Starting Socket Reader #1 for port 43716
2019-08-21 09:03:52,850 INFO  om.OzoneManager (OzoneManager.java:start(1258)) - OzoneManager RPC server is listening at localhost/127.0.0.1:43716
2019-08-21 09:03:52,850 INFO  impl.MetricsSystemImpl (MetricsSystemImpl.java:init(158)) - OzoneManager metrics system started (again)
2019-08-21 09:03:52,851 INFO  ipc.Server (Server.java:run(1314)) - IPC Server Responder: starting
2019-08-21 09:03:52,852 INFO  ipc.Server (Server.java:run(1153)) - IPC Server listener on 43716: starting
2019-08-21 09:03:52,858 INFO  hdfs.DFSUtil (DFSUtil.java:httpServerTemplateForNNAndJN(1641)) - Starting Web-server for ozoneManager at: http://0.0.0.0:0
2019-08-21 09:03:52,859 INFO  server.AuthenticationFilter (AuthenticationFilter.java:constructSecretProvider(240)) - Unable to initialize FileSignerSecretProvider, falling back to use random secrets.
2019-08-21 09:03:52,860 WARN  http.HttpRequestLog (HttpRequestLog.java:getRequestLog(97)) - Jetty request log can only be enabled using Log4j
2019-08-21 09:03:52,862 INFO  http.HttpServer2 (HttpServer2.java:addGlobalFilter(975)) - Added global filter 'safety' (class=org.apache.hadoop.http.HttpServer2$QuotingInputFilter)
2019-08-21 09:03:52,862 INFO  http.HttpServer2 (HttpServer2.java:addFilter(948)) - Added filter static_user_filter (class=org.apache.hadoop.http.lib.StaticUserWebFilter$StaticUserFilter) to context ozoneManager
2019-08-21 09:03:52,863 INFO  http.HttpServer2 (HttpServer2.java:addFilter(958)) - Added filter static_user_filter (class=org.apache.hadoop.http.lib.StaticUserWebFilter$StaticUserFilter) to context logs
2019-08-21 09:03:52,863 INFO  http.HttpServer2 (HttpServer2.java:addFilter(958)) - Added filter static_user_filter (class=org.apache.hadoop.http.lib.StaticUserWebFilter$StaticUserFilter) to context static
2019-08-21 09:03:52,864 INFO  http.HttpServer2 (HttpServer2.java:bindListener(1191)) - Jetty bound to port 44850
2019-08-21 09:03:52,864 INFO  server.Server (Server.java:doStart(351)) - jetty-9.3.24.v20180605, build timestamp: 2018-06-05T17:11:56Z, git hash: 84205aa28f11a4f31f2a3b86d1bba2cc8ab69827
2019-08-21 09:03:52,866 INFO  handler.ContextHandler (ContextHandler.java:doStart(781)) - Started o.e.j.s.ServletContextHandler@49631cfb{/logs,file:///workdir/hadoop-ozone/integration-test/target/log,AVAILABLE}
2019-08-21 09:03:52,867 INFO  handler.ContextHandler (ContextHandler.java:doStart(781)) - Started o.e.j.s.ServletContextHandler@6133e20b{/static,file:///workdir/hadoop-ozone/integration-test/target/test-classes/webapps/static,AVAILABLE}
2019-08-21 09:03:52,872 INFO  handler.ContextHandler (ContextHandler.java:doStart(781)) - Started o.e.j.w.WebAppContext@1f45db49{/,file:///workdir/hadoop-ozone/integration-test/target/test-classes/webapps/ozoneManager/,AVAILABLE}{/ozoneManager}
2019-08-21 09:03:52,873 INFO  server.AbstractConnector (AbstractConnector.java:doStart(278)) - Started ServerConnector@3ac0a14b{HTTP/1.1,[http/1.1]}{0.0.0.0:44850}
2019-08-21 09:03:52,874 INFO  server.Server (Server.java:doStart(419)) - Started @41813ms
2019-08-21 09:03:52,875 INFO  server.BaseHttpServer (BaseHttpServer.java:updateConnectorAddress(213)) - HTTP server of OZONEMANAGER is listening at http://0.0.0.0:44850
2019-08-21 09:03:52,890 INFO  impl.MetricsSystemImpl (MetricsSystemImpl.java:init(158)) - HddsDatanode metrics system started (again)
2019-08-21 09:03:52,892 INFO  ozone.HddsDatanodeService (HddsDatanodeService.java:start(184)) - HddsDatanodeService host:pr-hdds-1948-qvnss-3490636412 ip:192.168.157.251
2019-08-21 09:03:52,900 INFO  volume.HddsVolume (HddsVolume.java:<init>(176)) - Creating Volume: /workdir/hadoop-ozone/integration-test/target/test-dir/MiniOzoneClusterImpl-99126c74-8a49-4d65-9125-af5d1c669fa0/datanode-0/data/containers/hdds of  storage type : DISK and capacity : 1482555576320
2019-08-21 09:03:52,900 INFO  volume.VolumeSet (VolumeSet.java:initializeVolumeSet(170)) - Added Volume : /workdir/hadoop-ozone/integration-test/target/test-dir/MiniOzoneClusterImpl-99126c74-8a49-4d65-9125-af5d1c669fa0/datanode-0/data/containers/hdds to VolumeSet
2019-08-21 09:03:52,900 INFO  volume.ThrottledAsyncChecker (ThrottledAsyncChecker.java:schedule(140)) - Scheduling a check for org.apache.hadoop.ozone.container.common.volume.HddsVolume@1b475663
2019-08-21 09:03:52,901 INFO  volume.HddsVolumeChecker (HddsVolumeChecker.java:checkAllVolumes(203)) - Scheduled health check for volume org.apache.hadoop.ozone.container.common.volume.HddsVolume@1b475663
2019-08-21 09:03:52,916 INFO  impl.RaftServerProxy (ConfUtils.java:logGet(43)) - raft.rpc.type = GRPC (default)
2019-08-21 09:03:52,916 INFO  grpc.GrpcFactory (GrpcFactory.java:checkPooledByteBufAllocatorUseCacheForAllThreads(45)) - PERFORMANCE WARNING: useCacheForAllThreads is true that may cause Netty to create a lot garbage objects and, as a result, trigger GC.
	It is recommended to disable useCacheForAllThreads by setting -Dorg.apache.ratis.thirdparty.io.netty.allocator.useCacheForAllThreads=false in command line.
2019-08-21 09:03:52,916 INFO  grpc.GrpcConfigKeys$Server (ConfUtils.java:logGet(43)) - raft.grpc.server.port = 0 (default)
2019-08-21 09:03:52,917 INFO  server.GrpcService (ConfUtils.java:logGet(43)) - raft.grpc.message.size.max = 33570816 (custom)
2019-08-21 09:03:52,917 INFO  server.RaftServerConfigKeys (ConfUtils.java:logGet(43)) - raft.server.log.appender.buffer.byte-limit = 33554432 (custom)
2019-08-21 09:03:52,917 INFO  server.GrpcService (ConfUtils.java:logGet(43)) - raft.grpc.flow.control.window = 1MB (=1048576) (default)
2019-08-21 09:03:52,917 INFO  server.RaftServerConfigKeys (ConfUtils.java:logGet(43)) - raft.server.rpc.request.timeout = 3000ms (default)
2019-08-21 09:03:52,918 INFO  server.RaftServerConfigKeys (ConfUtils.java:logGet(43)) - raft.server.storage.dir = [/workdir/hadoop-ozone/integration-test/target/test-dir/MiniOzoneClusterImpl-99126c74-8a49-4d65-9125-af5d1c669fa0/datanode-0/data/ratis] (custom)
2019-08-21 09:03:52,918 INFO  replication.SimpleContainerDownloader (SimpleContainerDownloader.java:<init>(72)) - Starting container downloader service to copy containers to replicate.
2019-08-21 09:03:52,919 INFO  hdfs.DFSUtil (DFSUtil.java:httpServerTemplateForNNAndJN(1641)) - Starting Web-server for hddsDatanode at: http://0.0.0.0:0
2019-08-21 09:03:52,921 INFO  server.AuthenticationFilter (AuthenticationFilter.java:constructSecretProvider(240)) - Unable to initialize FileSignerSecretProvider, falling back to use random secrets.
2019-08-21 09:03:52,921 WARN  http.HttpRequestLog (HttpRequestLog.java:getRequestLog(97)) - Jetty request log can only be enabled using Log4j
2019-08-21 09:03:52,922 INFO  http.HttpServer2 (HttpServer2.java:addGlobalFilter(975)) - Added global filter 'safety' (class=org.apache.hadoop.http.HttpServer2$QuotingInputFilter)
2019-08-21 09:03:52,923 INFO  http.HttpServer2 (HttpServer2.java:addFilter(948)) - Added filter static_user_filter (class=org.apache.hadoop.http.lib.StaticUserWebFilter$StaticUserFilter) to context hddsDatanode
2019-08-21 09:03:52,923 INFO  http.HttpServer2 (HttpServer2.java:addFilter(958)) - Added filter static_user_filter (class=org.apache.hadoop.http.lib.StaticUserWebFilter$StaticUserFilter) to context static
2019-08-21 09:03:52,923 INFO  http.HttpServer2 (HttpServer2.java:addFilter(958)) - Added filter static_user_filter (class=org.apache.hadoop.http.lib.StaticUserWebFilter$StaticUserFilter) to context logs
2019-08-21 09:03:52,924 INFO  http.HttpServer2 (HttpServer2.java:bindListener(1191)) - Jetty bound to port 39398
2019-08-21 09:03:52,924 INFO  server.Server (Server.java:doStart(351)) - jetty-9.3.24.v20180605, build timestamp: 2018-06-05T17:11:56Z, git hash: 84205aa28f11a4f31f2a3b86d1bba2cc8ab69827
2019-08-21 09:03:52,926 INFO  handler.ContextHandler (ContextHandler.java:doStart(781)) - Started o.e.j.s.ServletContextHandler@30dd00b6{/logs,file:///workdir/hadoop-ozone/integration-test/target/log,AVAILABLE}
2019-08-21 09:03:52,926 INFO  handler.ContextHandler (ContextHandler.java:doStart(781)) - Started o.e.j.s.ServletContextHandler@2c16677c{/static,jar:file:/home/user/.m2/repository/org/apache/hadoop/hadoop-hdds-container-service/0.5.0-SNAPSHOT/hadoop-hdds-container-service-0.5.0-SNAPSHOT.jar!/webapps/static,AVAILABLE}
2019-08-21 09:03:52,960 INFO  handler.ContextHandler (ContextHandler.java:doStart(781)) - Started o.e.j.w.WebAppContext@5c5f0edc{/,file:///tmp/jetty-0.0.0.0-39398-hddsDatanode-_-any-5628149161512774341.dir/webapp/,AVAILABLE}{/hddsDatanode}
2019-08-21 09:03:52,961 INFO  server.AbstractConnector (AbstractConnector.java:doStart(278)) - Started ServerConnector@153cfd86{HTTP/1.1,[http/1.1]}{0.0.0.0:39398}
2019-08-21 09:03:52,962 INFO  server.Server (Server.java:doStart(419)) - Started @41901ms
2019-08-21 09:03:52,963 INFO  server.BaseHttpServer (BaseHttpServer.java:updateConnectorAddress(213)) - HTTP server of HDDSDATANODE is listening at http://0.0.0.0:39398
2019-08-21 09:03:53,136 INFO  ozone.HddsDatanodeService (HddsDatanodeService.java:startPlugins(395)) - Started plug-in org.apache.hadoop.ozone.web.OzoneHddsDatanodeService@5ed65e4b
2019-08-21 09:03:53,136 INFO  impl.MetricsSystemImpl (MetricsSystemImpl.java:init(158)) - HddsDatanode metrics system started (again)
2019-08-21 09:03:53,141 INFO  ozone.HddsDatanodeService (HddsDatanodeService.java:start(184)) - HddsDatanodeService host:pr-hdds-1948-qvnss-3490636412 ip:192.168.157.251
2019-08-21 09:03:53,141 INFO  util.JvmPauseMonitor (JvmPauseMonitor.java:run(188)) - Starting JVM pause monitor
2019-08-21 09:03:53,144 INFO  datanode.InitDatanodeState (InitDatanodeState.java:persistContainerDatanodeDetails(140)) - DatanodeDetails is persisted to /workdir/hadoop-ozone/integration-test/target/test-dir/MiniOzoneClusterImpl-99126c74-8a49-4d65-9125-af5d1c669fa0/datanode-0/meta/datanode.id
2019-08-21 09:03:53,149 INFO  volume.HddsVolume (HddsVolume.java:<init>(176)) - Creating Volume: /workdir/hadoop-ozone/integration-test/target/test-dir/MiniOzoneClusterImpl-99126c74-8a49-4d65-9125-af5d1c669fa0/datanode-1/data/containers/hdds of  storage type : DISK and capacity : 1482555576320
2019-08-21 09:03:53,149 INFO  volume.VolumeSet (VolumeSet.java:initializeVolumeSet(170)) - Added Volume : /workdir/hadoop-ozone/integration-test/target/test-dir/MiniOzoneClusterImpl-99126c74-8a49-4d65-9125-af5d1c669fa0/datanode-1/data/containers/hdds to VolumeSet
2019-08-21 09:03:53,149 INFO  volume.ThrottledAsyncChecker (ThrottledAsyncChecker.java:schedule(140)) - Scheduling a check for org.apache.hadoop.ozone.container.common.volume.HddsVolume@6e46891d
2019-08-21 09:03:53,150 INFO  volume.HddsVolumeChecker (HddsVolumeChecker.java:checkAllVolumes(203)) - Scheduled health check for volume org.apache.hadoop.ozone.container.common.volume.HddsVolume@6e46891d
2019-08-21 09:03:53,165 INFO  impl.RaftServerProxy (ConfUtils.java:logGet(43)) - raft.rpc.type = GRPC (default)
2019-08-21 09:03:53,165 INFO  grpc.GrpcFactory (GrpcFactory.java:checkPooledByteBufAllocatorUseCacheForAllThreads(45)) - PERFORMANCE WARNING: useCacheForAllThreads is true that may cause Netty to create a lot garbage objects and, as a result, trigger GC.
	It is recommended to disable useCacheForAllThreads by setting -Dorg.apache.ratis.thirdparty.io.netty.allocator.useCacheForAllThreads=false in command line.
2019-08-21 09:03:53,165 INFO  grpc.GrpcConfigKeys$Server (ConfUtils.java:logGet(43)) - raft.grpc.server.port = 0 (default)
2019-08-21 09:03:53,165 INFO  server.GrpcService (ConfUtils.java:logGet(43)) - raft.grpc.message.size.max = 33570816 (custom)
2019-08-21 09:03:53,166 INFO  server.RaftServerConfigKeys (ConfUtils.java:logGet(43)) - raft.server.log.appender.buffer.byte-limit = 33554432 (custom)
2019-08-21 09:03:53,166 INFO  server.GrpcService (ConfUtils.java:logGet(43)) - raft.grpc.flow.control.window = 1MB (=1048576) (default)
2019-08-21 09:03:53,166 INFO  server.RaftServerConfigKeys (ConfUtils.java:logGet(43)) - raft.server.rpc.request.timeout = 3000ms (default)
2019-08-21 09:03:53,166 INFO  server.RaftServerConfigKeys (ConfUtils.java:logGet(43)) - raft.server.storage.dir = [/workdir/hadoop-ozone/integration-test/target/test-dir/MiniOzoneClusterImpl-99126c74-8a49-4d65-9125-af5d1c669fa0/datanode-1/data/ratis] (custom)
2019-08-21 09:03:53,167 INFO  replication.SimpleContainerDownloader (SimpleContainerDownloader.java:<init>(72)) - Starting container downloader service to copy containers to replicate.
2019-08-21 09:03:53,168 INFO  hdfs.DFSUtil (DFSUtil.java:httpServerTemplateForNNAndJN(1641)) - Starting Web-server for hddsDatanode at: http://0.0.0.0:0
2019-08-21 09:03:53,170 INFO  server.AuthenticationFilter (AuthenticationFilter.java:constructSecretProvider(240)) - Unable to initialize FileSignerSecretProvider, falling back to use random secrets.
2019-08-21 09:03:53,171 WARN  http.HttpRequestLog (HttpRequestLog.java:getRequestLog(97)) - Jetty request log can only be enabled using Log4j
2019-08-21 09:03:53,173 INFO  http.HttpServer2 (HttpServer2.java:addGlobalFilter(975)) - Added global filter 'safety' (class=org.apache.hadoop.http.HttpServer2$QuotingInputFilter)
2019-08-21 09:03:53,173 INFO  http.HttpServer2 (HttpServer2.java:addFilter(948)) - Added filter static_user_filter (class=org.apache.hadoop.http.lib.StaticUserWebFilter$StaticUserFilter) to context hddsDatanode
2019-08-21 09:03:53,174 INFO  http.HttpServer2 (HttpServer2.java:addFilter(958)) - Added filter static_user_filter (class=org.apache.hadoop.http.lib.StaticUserWebFilter$StaticUserFilter) to context static
2019-08-21 09:03:53,174 INFO  http.HttpServer2 (HttpServer2.java:addFilter(958)) - Added filter static_user_filter (class=org.apache.hadoop.http.lib.StaticUserWebFilter$StaticUserFilter) to context logs
2019-08-21 09:03:53,175 INFO  http.HttpServer2 (HttpServer2.java:bindListener(1191)) - Jetty bound to port 34534
2019-08-21 09:03:53,175 INFO  server.Server (Server.java:doStart(351)) - jetty-9.3.24.v20180605, build timestamp: 2018-06-05T17:11:56Z, git hash: 84205aa28f11a4f31f2a3b86d1bba2cc8ab69827
2019-08-21 09:03:53,177 INFO  handler.ContextHandler (ContextHandler.java:doStart(781)) - Started o.e.j.s.ServletContextHandler@2913ca3e{/logs,file:///workdir/hadoop-ozone/integration-test/target/log,AVAILABLE}
2019-08-21 09:03:53,178 INFO  handler.ContextHandler (ContextHandler.java:doStart(781)) - Started o.e.j.s.ServletContextHandler@42ecc554{/static,jar:file:/home/user/.m2/repository/org/apache/hadoop/hadoop-hdds-container-service/0.5.0-SNAPSHOT/hadoop-hdds-container-service-0.5.0-SNAPSHOT.jar!/webapps/static,AVAILABLE}
2019-08-21 09:03:53,217 INFO  handler.ContextHandler (ContextHandler.java:doStart(781)) - Started o.e.j.w.WebAppContext@7f012923{/,file:///tmp/jetty-0.0.0.0-34534-hddsDatanode-_-any-3084217467340848831.dir/webapp/,AVAILABLE}{/hddsDatanode}
2019-08-21 09:03:53,218 INFO  server.AbstractConnector (AbstractConnector.java:doStart(278)) - Started ServerConnector@601f264d{HTTP/1.1,[http/1.1]}{0.0.0.0:34534}
2019-08-21 09:03:53,219 INFO  server.Server (Server.java:doStart(419)) - Started @42158ms
2019-08-21 09:03:53,220 INFO  server.BaseHttpServer (BaseHttpServer.java:updateConnectorAddress(213)) - HTTP server of HDDSDATANODE is listening at http://0.0.0.0:34534
2019-08-21 09:03:53,355 INFO  ozone.HddsDatanodeService (HddsDatanodeService.java:startPlugins(395)) - Started plug-in org.apache.hadoop.ozone.web.OzoneHddsDatanodeService@12aa381f
2019-08-21 09:03:53,356 INFO  impl.MetricsSystemImpl (MetricsSystemImpl.java:init(158)) - HddsDatanode metrics system started (again)
2019-08-21 09:03:53,360 INFO  util.JvmPauseMonitor (JvmPauseMonitor.java:run(188)) - Starting JVM pause monitor
2019-08-21 09:03:53,360 INFO  ozone.HddsDatanodeService (HddsDatanodeService.java:start(184)) - HddsDatanodeService host:pr-hdds-1948-qvnss-3490636412 ip:192.168.157.251
2019-08-21 09:03:53,362 INFO  datanode.InitDatanodeState (InitDatanodeState.java:persistContainerDatanodeDetails(140)) - DatanodeDetails is persisted to /workdir/hadoop-ozone/integration-test/target/test-dir/MiniOzoneClusterImpl-99126c74-8a49-4d65-9125-af5d1c669fa0/datanode-1/meta/datanode.id
2019-08-21 09:03:53,368 INFO  volume.HddsVolume (HddsVolume.java:<init>(176)) - Creating Volume: /workdir/hadoop-ozone/integration-test/target/test-dir/MiniOzoneClusterImpl-99126c74-8a49-4d65-9125-af5d1c669fa0/datanode-2/data/containers/hdds of  storage type : DISK and capacity : 1482555576320
2019-08-21 09:03:53,368 INFO  volume.VolumeSet (VolumeSet.java:initializeVolumeSet(170)) - Added Volume : /workdir/hadoop-ozone/integration-test/target/test-dir/MiniOzoneClusterImpl-99126c74-8a49-4d65-9125-af5d1c669fa0/datanode-2/data/containers/hdds to VolumeSet
2019-08-21 09:03:53,368 INFO  volume.ThrottledAsyncChecker (ThrottledAsyncChecker.java:schedule(140)) - Scheduling a check for org.apache.hadoop.ozone.container.common.volume.HddsVolume@3c6bd624
2019-08-21 09:03:53,369 INFO  volume.HddsVolumeChecker (HddsVolumeChecker.java:checkAllVolumes(203)) - Scheduled health check for volume org.apache.hadoop.ozone.container.common.volume.HddsVolume@3c6bd624
2019-08-21 09:03:53,384 INFO  impl.RaftServerProxy (ConfUtils.java:logGet(43)) - raft.rpc.type = GRPC (default)
2019-08-21 09:03:53,384 INFO  grpc.GrpcFactory (GrpcFactory.java:checkPooledByteBufAllocatorUseCacheForAllThreads(45)) - PERFORMANCE WARNING: useCacheForAllThreads is true that may cause Netty to create a lot garbage objects and, as a result, trigger GC.
	It is recommended to disable useCacheForAllThreads by setting -Dorg.apache.ratis.thirdparty.io.netty.allocator.useCacheForAllThreads=false in command line.
2019-08-21 09:03:53,384 INFO  grpc.GrpcConfigKeys$Server (ConfUtils.java:logGet(43)) - raft.grpc.server.port = 0 (default)
2019-08-21 09:03:53,384 INFO  server.GrpcService (ConfUtils.java:logGet(43)) - raft.grpc.message.size.max = 33570816 (custom)
2019-08-21 09:03:53,385 INFO  server.RaftServerConfigKeys (ConfUtils.java:logGet(43)) - raft.server.log.appender.buffer.byte-limit = 33554432 (custom)
2019-08-21 09:03:53,385 INFO  server.GrpcService (ConfUtils.java:logGet(43)) - raft.grpc.flow.control.window = 1MB (=1048576) (default)
2019-08-21 09:03:53,385 INFO  server.RaftServerConfigKeys (ConfUtils.java:logGet(43)) - raft.server.rpc.request.timeout = 3000ms (default)
2019-08-21 09:03:53,385 INFO  server.RaftServerConfigKeys (ConfUtils.java:logGet(43)) - raft.server.storage.dir = [/workdir/hadoop-ozone/integration-test/target/test-dir/MiniOzoneClusterImpl-99126c74-8a49-4d65-9125-af5d1c669fa0/datanode-2/data/ratis] (custom)
2019-08-21 09:03:53,386 INFO  replication.SimpleContainerDownloader (SimpleContainerDownloader.java:<init>(72)) - Starting container downloader service to copy containers to replicate.
2019-08-21 09:03:53,387 INFO  hdfs.DFSUtil (DFSUtil.java:httpServerTemplateForNNAndJN(1641)) - Starting Web-server for hddsDatanode at: http://0.0.0.0:0
2019-08-21 09:03:53,388 INFO  server.AuthenticationFilter (AuthenticationFilter.java:constructSecretProvider(240)) - Unable to initialize FileSignerSecretProvider, falling back to use random secrets.
2019-08-21 09:03:53,389 WARN  http.HttpRequestLog (HttpRequestLog.java:getRequestLog(97)) - Jetty request log can only be enabled using Log4j
2019-08-21 09:03:53,390 INFO  http.HttpServer2 (HttpServer2.java:addGlobalFilter(975)) - Added global filter 'safety' (class=org.apache.hadoop.http.HttpServer2$QuotingInputFilter)
2019-08-21 09:03:53,391 INFO  http.HttpServer2 (HttpServer2.java:addFilter(948)) - Added filter static_user_filter (class=org.apache.hadoop.http.lib.StaticUserWebFilter$StaticUserFilter) to context hddsDatanode
2019-08-21 09:03:53,391 INFO  http.HttpServer2 (HttpServer2.java:addFilter(958)) - Added filter static_user_filter (class=org.apache.hadoop.http.lib.StaticUserWebFilter$StaticUserFilter) to context logs
2019-08-21 09:03:53,391 INFO  http.HttpServer2 (HttpServer2.java:addFilter(958)) - Added filter static_user_filter (class=org.apache.hadoop.http.lib.StaticUserWebFilter$StaticUserFilter) to context static
2019-08-21 09:03:53,392 INFO  http.HttpServer2 (HttpServer2.java:bindListener(1191)) - Jetty bound to port 35307
2019-08-21 09:03:53,392 INFO  server.Server (Server.java:doStart(351)) - jetty-9.3.24.v20180605, build timestamp: 2018-06-05T17:11:56Z, git hash: 84205aa28f11a4f31f2a3b86d1bba2cc8ab69827
2019-08-21 09:03:53,394 INFO  handler.ContextHandler (ContextHandler.java:doStart(781)) - Started o.e.j.s.ServletContextHandler@5a82bc58{/logs,file:///workdir/hadoop-ozone/integration-test/target/log,AVAILABLE}
2019-08-21 09:03:53,395 INFO  handler.ContextHandler (ContextHandler.java:doStart(781)) - Started o.e.j.s.ServletContextHandler@6210666c{/static,jar:file:/home/user/.m2/repository/org/apache/hadoop/hadoop-hdds-container-service/0.5.0-SNAPSHOT/hadoop-hdds-container-service-0.5.0-SNAPSHOT.jar!/webapps/static,AVAILABLE}
2019-08-21 09:03:53,425 INFO  handler.ContextHandler (ContextHandler.java:doStart(781)) - Started o.e.j.w.WebAppContext@693f2c89{/,file:///tmp/jetty-0.0.0.0-35307-hddsDatanode-_-any-3891726580190591272.dir/webapp/,AVAILABLE}{/hddsDatanode}
2019-08-21 09:03:53,425 INFO  server.AbstractConnector (AbstractConnector.java:doStart(278)) - Started ServerConnector@50b4364{HTTP/1.1,[http/1.1]}{0.0.0.0:35307}
2019-08-21 09:03:53,427 INFO  server.Server (Server.java:doStart(419)) - Started @42366ms
2019-08-21 09:03:53,427 INFO  server.BaseHttpServer (BaseHttpServer.java:updateConnectorAddress(213)) - HTTP server of HDDSDATANODE is listening at http://0.0.0.0:35307
2019-08-21 09:03:53,568 INFO  ozone.HddsDatanodeService (HddsDatanodeService.java:startPlugins(395)) - Started plug-in org.apache.hadoop.ozone.web.OzoneHddsDatanodeService@636e4bf8
2019-08-21 09:03:53,569 INFO  impl.MetricsSystemImpl (MetricsSystemImpl.java:init(158)) - HddsDatanode metrics system started (again)
2019-08-21 09:03:53,573 INFO  util.JvmPauseMonitor (JvmPauseMonitor.java:run(188)) - Starting JVM pause monitor
2019-08-21 09:03:53,573 INFO  ozone.HddsDatanodeService (HddsDatanodeService.java:start(184)) - HddsDatanodeService host:pr-hdds-1948-qvnss-3490636412 ip:192.168.157.251
2019-08-21 09:03:53,576 INFO  datanode.InitDatanodeState (InitDatanodeState.java:persistContainerDatanodeDetails(140)) - DatanodeDetails is persisted to /workdir/hadoop-ozone/integration-test/target/test-dir/MiniOzoneClusterImpl-99126c74-8a49-4d65-9125-af5d1c669fa0/datanode-2/meta/datanode.id
2019-08-21 09:03:53,582 INFO  volume.HddsVolume (HddsVolume.java:<init>(176)) - Creating Volume: /workdir/hadoop-ozone/integration-test/target/test-dir/MiniOzoneClusterImpl-99126c74-8a49-4d65-9125-af5d1c669fa0/datanode-3/data/containers/hdds of  storage type : DISK and capacity : 1482555576320
2019-08-21 09:03:53,582 INFO  volume.VolumeSet (VolumeSet.java:initializeVolumeSet(170)) - Added Volume : /workdir/hadoop-ozone/integration-test/target/test-dir/MiniOzoneClusterImpl-99126c74-8a49-4d65-9125-af5d1c669fa0/datanode-3/data/containers/hdds to VolumeSet
2019-08-21 09:03:53,582 INFO  volume.ThrottledAsyncChecker (ThrottledAsyncChecker.java:schedule(140)) - Scheduling a check for org.apache.hadoop.ozone.container.common.volume.HddsVolume@63c84d31
2019-08-21 09:03:53,583 INFO  volume.HddsVolumeChecker (HddsVolumeChecker.java:checkAllVolumes(203)) - Scheduled health check for volume org.apache.hadoop.ozone.container.common.volume.HddsVolume@63c84d31
2019-08-21 09:03:53,605 INFO  impl.RaftServerProxy (ConfUtils.java:logGet(43)) - raft.rpc.type = GRPC (default)
2019-08-21 09:03:53,606 INFO  grpc.GrpcFactory (GrpcFactory.java:checkPooledByteBufAllocatorUseCacheForAllThreads(45)) - PERFORMANCE WARNING: useCacheForAllThreads is true that may cause Netty to create a lot garbage objects and, as a result, trigger GC.
	It is recommended to disable useCacheForAllThreads by setting -Dorg.apache.ratis.thirdparty.io.netty.allocator.useCacheForAllThreads=false in command line.
2019-08-21 09:03:53,606 INFO  grpc.GrpcConfigKeys$Server (ConfUtils.java:logGet(43)) - raft.grpc.server.port = 0 (default)
2019-08-21 09:03:53,606 INFO  server.GrpcService (ConfUtils.java:logGet(43)) - raft.grpc.message.size.max = 33570816 (custom)
2019-08-21 09:03:53,606 INFO  server.RaftServerConfigKeys (ConfUtils.java:logGet(43)) - raft.server.log.appender.buffer.byte-limit = 33554432 (custom)
2019-08-21 09:03:53,607 INFO  server.GrpcService (ConfUtils.java:logGet(43)) - raft.grpc.flow.control.window = 1MB (=1048576) (default)
2019-08-21 09:03:53,607 INFO  server.RaftServerConfigKeys (ConfUtils.java:logGet(43)) - raft.server.rpc.request.timeout = 3000ms (default)
2019-08-21 09:03:53,608 INFO  server.RaftServerConfigKeys (ConfUtils.java:logGet(43)) - raft.server.storage.dir = [/workdir/hadoop-ozone/integration-test/target/test-dir/MiniOzoneClusterImpl-99126c74-8a49-4d65-9125-af5d1c669fa0/datanode-3/data/ratis] (custom)
2019-08-21 09:03:53,609 INFO  replication.SimpleContainerDownloader (SimpleContainerDownloader.java:<init>(72)) - Starting container downloader service to copy containers to replicate.
2019-08-21 09:03:53,610 INFO  hdfs.DFSUtil (DFSUtil.java:httpServerTemplateForNNAndJN(1641)) - Starting Web-server for hddsDatanode at: http://0.0.0.0:0
2019-08-21 09:03:53,612 INFO  server.AuthenticationFilter (AuthenticationFilter.java:constructSecretProvider(240)) - Unable to initialize FileSignerSecretProvider, falling back to use random secrets.
2019-08-21 09:03:53,613 WARN  http.HttpRequestLog (HttpRequestLog.java:getRequestLog(97)) - Jetty request log can only be enabled using Log4j
2019-08-21 09:03:53,615 INFO  http.HttpServer2 (HttpServer2.java:addGlobalFilter(975)) - Added global filter 'safety' (class=org.apache.hadoop.http.HttpServer2$QuotingInputFilter)
2019-08-21 09:03:53,616 INFO  http.HttpServer2 (HttpServer2.java:addFilter(948)) - Added filter static_user_filter (class=org.apache.hadoop.http.lib.StaticUserWebFilter$StaticUserFilter) to context hddsDatanode
2019-08-21 09:03:53,616 INFO  http.HttpServer2 (HttpServer2.java:addFilter(958)) - Added filter static_user_filter (class=org.apache.hadoop.http.lib.StaticUserWebFilter$StaticUserFilter) to context logs
2019-08-21 09:03:53,616 INFO  http.HttpServer2 (HttpServer2.java:addFilter(958)) - Added filter static_user_filter (class=org.apache.hadoop.http.lib.StaticUserWebFilter$StaticUserFilter) to context static
2019-08-21 09:03:53,617 INFO  http.HttpServer2 (HttpServer2.java:bindListener(1191)) - Jetty bound to port 41167
2019-08-21 09:03:53,617 INFO  server.Server (Server.java:doStart(351)) - jetty-9.3.24.v20180605, build timestamp: 2018-06-05T17:11:56Z, git hash: 84205aa28f11a4f31f2a3b86d1bba2cc8ab69827
2019-08-21 09:03:53,620 INFO  handler.ContextHandler (ContextHandler.java:doStart(781)) - Started o.e.j.s.ServletContextHandler@37cf91d8{/logs,file:///workdir/hadoop-ozone/integration-test/target/log,AVAILABLE}
2019-08-21 09:03:53,620 INFO  handler.ContextHandler (ContextHandler.java:doStart(781)) - Started o.e.j.s.ServletContextHandler@54e0f76f{/static,jar:file:/home/user/.m2/repository/org/apache/hadoop/hadoop-hdds-container-service/0.5.0-SNAPSHOT/hadoop-hdds-container-service-0.5.0-SNAPSHOT.jar!/webapps/static,AVAILABLE}
2019-08-21 09:03:53,661 INFO  handler.ContextHandler (ContextHandler.java:doStart(781)) - Started o.e.j.w.WebAppContext@340c57e0{/,file:///tmp/jetty-0.0.0.0-41167-hddsDatanode-_-any-3902344050753697093.dir/webapp/,AVAILABLE}{/hddsDatanode}
2019-08-21 09:03:53,663 INFO  server.AbstractConnector (AbstractConnector.java:doStart(278)) - Started ServerConnector@137a4b54{HTTP/1.1,[http/1.1]}{0.0.0.0:41167}
2019-08-21 09:03:53,665 INFO  server.Server (Server.java:doStart(419)) - Started @42604ms
2019-08-21 09:03:53,666 INFO  server.BaseHttpServer (BaseHttpServer.java:updateConnectorAddress(213)) - HTTP server of HDDSDATANODE is listening at http://0.0.0.0:41167
2019-08-21 09:03:53,800 INFO  ozone.HddsDatanodeService (HddsDatanodeService.java:startPlugins(395)) - Started plug-in org.apache.hadoop.ozone.web.OzoneHddsDatanodeService@1255de25
2019-08-21 09:03:53,800 INFO  impl.MetricsSystemImpl (MetricsSystemImpl.java:init(158)) - HddsDatanode metrics system started (again)
2019-08-21 09:03:53,805 INFO  util.JvmPauseMonitor (JvmPauseMonitor.java:run(188)) - Starting JVM pause monitor
2019-08-21 09:03:53,805 INFO  ozone.HddsDatanodeService (HddsDatanodeService.java:start(184)) - HddsDatanodeService host:pr-hdds-1948-qvnss-3490636412 ip:192.168.157.251
2019-08-21 09:03:53,806 INFO  datanode.InitDatanodeState (InitDatanodeState.java:persistContainerDatanodeDetails(140)) - DatanodeDetails is persisted to /workdir/hadoop-ozone/integration-test/target/test-dir/MiniOzoneClusterImpl-99126c74-8a49-4d65-9125-af5d1c669fa0/datanode-3/meta/datanode.id
2019-08-21 09:03:53,813 INFO  volume.HddsVolume (HddsVolume.java:<init>(176)) - Creating Volume: /workdir/hadoop-ozone/integration-test/target/test-dir/MiniOzoneClusterImpl-99126c74-8a49-4d65-9125-af5d1c669fa0/datanode-4/data/containers/hdds of  storage type : DISK and capacity : 1482555576320
2019-08-21 09:03:53,814 INFO  volume.VolumeSet (VolumeSet.java:initializeVolumeSet(170)) - Added Volume : /workdir/hadoop-ozone/integration-test/target/test-dir/MiniOzoneClusterImpl-99126c74-8a49-4d65-9125-af5d1c669fa0/datanode-4/data/containers/hdds to VolumeSet
2019-08-21 09:03:53,814 INFO  volume.ThrottledAsyncChecker (ThrottledAsyncChecker.java:schedule(140)) - Scheduling a check for org.apache.hadoop.ozone.container.common.volume.HddsVolume@37c87fcc
2019-08-21 09:03:53,815 INFO  volume.HddsVolumeChecker (HddsVolumeChecker.java:checkAllVolumes(203)) - Scheduled health check for volume org.apache.hadoop.ozone.container.common.volume.HddsVolume@37c87fcc
2019-08-21 09:03:53,830 INFO  impl.RaftServerProxy (ConfUtils.java:logGet(43)) - raft.rpc.type = GRPC (default)
2019-08-21 09:03:53,830 INFO  grpc.GrpcFactory (GrpcFactory.java:checkPooledByteBufAllocatorUseCacheForAllThreads(45)) - PERFORMANCE WARNING: useCacheForAllThreads is true that may cause Netty to create a lot garbage objects and, as a result, trigger GC.
	It is recommended to disable useCacheForAllThreads by setting -Dorg.apache.ratis.thirdparty.io.netty.allocator.useCacheForAllThreads=false in command line.
2019-08-21 09:03:53,830 INFO  grpc.GrpcConfigKeys$Server (ConfUtils.java:logGet(43)) - raft.grpc.server.port = 0 (default)
2019-08-21 09:03:53,830 INFO  server.GrpcService (ConfUtils.java:logGet(43)) - raft.grpc.message.size.max = 33570816 (custom)
2019-08-21 09:03:53,830 INFO  server.RaftServerConfigKeys (ConfUtils.java:logGet(43)) - raft.server.log.appender.buffer.byte-limit = 33554432 (custom)
2019-08-21 09:03:53,831 INFO  server.GrpcService (ConfUtils.java:logGet(43)) - raft.grpc.flow.control.window = 1MB (=1048576) (default)
2019-08-21 09:03:53,831 INFO  server.RaftServerConfigKeys (ConfUtils.java:logGet(43)) - raft.server.rpc.request.timeout = 3000ms (default)
2019-08-21 09:03:53,831 INFO  server.RaftServerConfigKeys (ConfUtils.java:logGet(43)) - raft.server.storage.dir = [/workdir/hadoop-ozone/integration-test/target/test-dir/MiniOzoneClusterImpl-99126c74-8a49-4d65-9125-af5d1c669fa0/datanode-4/data/ratis] (custom)
2019-08-21 09:03:53,832 INFO  replication.SimpleContainerDownloader (SimpleContainerDownloader.java:<init>(72)) - Starting container downloader service to copy containers to replicate.
2019-08-21 09:03:53,833 INFO  hdfs.DFSUtil (DFSUtil.java:httpServerTemplateForNNAndJN(1641)) - Starting Web-server for hddsDatanode at: http://0.0.0.0:0
2019-08-21 09:03:53,835 INFO  server.AuthenticationFilter (AuthenticationFilter.java:constructSecretProvider(240)) - Unable to initialize FileSignerSecretProvider, falling back to use random secrets.
2019-08-21 09:03:53,835 WARN  http.HttpRequestLog (HttpRequestLog.java:getRequestLog(97)) - Jetty request log can only be enabled using Log4j
2019-08-21 09:03:53,836 INFO  http.HttpServer2 (HttpServer2.java:addGlobalFilter(975)) - Added global filter 'safety' (class=org.apache.hadoop.http.HttpServer2$QuotingInputFilter)
2019-08-21 09:03:53,837 INFO  http.HttpServer2 (HttpServer2.java:addFilter(948)) - Added filter static_user_filter (class=org.apache.hadoop.http.lib.StaticUserWebFilter$StaticUserFilter) to context hddsDatanode
2019-08-21 09:03:53,837 INFO  http.HttpServer2 (HttpServer2.java:addFilter(958)) - Added filter static_user_filter (class=org.apache.hadoop.http.lib.StaticUserWebFilter$StaticUserFilter) to context logs
2019-08-21 09:03:53,837 INFO  http.HttpServer2 (HttpServer2.java:addFilter(958)) - Added filter static_user_filter (class=org.apache.hadoop.http.lib.StaticUserWebFilter$StaticUserFilter) to context static
2019-08-21 09:03:53,838 INFO  http.HttpServer2 (HttpServer2.java:bindListener(1191)) - Jetty bound to port 34016
2019-08-21 09:03:53,838 INFO  server.Server (Server.java:doStart(351)) - jetty-9.3.24.v20180605, build timestamp: 2018-06-05T17:11:56Z, git hash: 84205aa28f11a4f31f2a3b86d1bba2cc8ab69827
2019-08-21 09:03:53,840 INFO  handler.ContextHandler (ContextHandler.java:doStart(781)) - Started o.e.j.s.ServletContextHandler@21540255{/logs,file:///workdir/hadoop-ozone/integration-test/target/log,AVAILABLE}
2019-08-21 09:03:53,841 INFO  handler.ContextHandler (ContextHandler.java:doStart(781)) - Started o.e.j.s.ServletContextHandler@1c8e8fed{/static,jar:file:/home/user/.m2/repository/org/apache/hadoop/hadoop-hdds-container-service/0.5.0-SNAPSHOT/hadoop-hdds-container-service-0.5.0-SNAPSHOT.jar!/webapps/static,AVAILABLE}
2019-08-21 09:03:53,873 INFO  handler.ContextHandler (ContextHandler.java:doStart(781)) - Started o.e.j.w.WebAppContext@25216999{/,file:///tmp/jetty-0.0.0.0-34016-hddsDatanode-_-any-3927432917415431038.dir/webapp/,AVAILABLE}{/hddsDatanode}
2019-08-21 09:03:53,873 INFO  server.AbstractConnector (AbstractConnector.java:doStart(278)) - Started ServerConnector@77e6761f{HTTP/1.1,[http/1.1]}{0.0.0.0:34016}
2019-08-21 09:03:53,875 INFO  server.Server (Server.java:doStart(419)) - Started @42814ms
2019-08-21 09:03:53,876 INFO  server.BaseHttpServer (BaseHttpServer.java:updateConnectorAddress(213)) - HTTP server of HDDSDATANODE is listening at http://0.0.0.0:34016
2019-08-21 09:03:54,187 INFO  ozone.HddsDatanodeService (HddsDatanodeService.java:startPlugins(395)) - Started plug-in org.apache.hadoop.ozone.web.OzoneHddsDatanodeService@1e4d8770
2019-08-21 09:03:54,187 INFO  impl.MetricsSystemImpl (MetricsSystemImpl.java:init(158)) - HddsDatanode metrics system started (again)
2019-08-21 09:03:54,195 INFO  util.JvmPauseMonitor (JvmPauseMonitor.java:run(188)) - Starting JVM pause monitor
2019-08-21 09:03:54,198 INFO  ozone.HddsDatanodeService (HddsDatanodeService.java:start(184)) - HddsDatanodeService host:pr-hdds-1948-qvnss-3490636412 ip:192.168.157.251
2019-08-21 09:03:54,199 INFO  datanode.InitDatanodeState (InitDatanodeState.java:persistContainerDatanodeDetails(140)) - DatanodeDetails is persisted to /workdir/hadoop-ozone/integration-test/target/test-dir/MiniOzoneClusterImpl-99126c74-8a49-4d65-9125-af5d1c669fa0/datanode-4/meta/datanode.id
2019-08-21 09:03:54,205 INFO  volume.HddsVolume (HddsVolume.java:<init>(176)) - Creating Volume: /workdir/hadoop-ozone/integration-test/target/test-dir/MiniOzoneClusterImpl-99126c74-8a49-4d65-9125-af5d1c669fa0/datanode-5/data/containers/hdds of  storage type : DISK and capacity : 1482555576320
2019-08-21 09:03:54,206 INFO  volume.VolumeSet (VolumeSet.java:initializeVolumeSet(170)) - Added Volume : /workdir/hadoop-ozone/integration-test/target/test-dir/MiniOzoneClusterImpl-99126c74-8a49-4d65-9125-af5d1c669fa0/datanode-5/data/containers/hdds to VolumeSet
2019-08-21 09:03:54,206 INFO  volume.ThrottledAsyncChecker (ThrottledAsyncChecker.java:schedule(140)) - Scheduling a check for org.apache.hadoop.ozone.container.common.volume.HddsVolume@7962a746
2019-08-21 09:03:54,207 INFO  volume.HddsVolumeChecker (HddsVolumeChecker.java:checkAllVolumes(203)) - Scheduled health check for volume org.apache.hadoop.ozone.container.common.volume.HddsVolume@7962a746
2019-08-21 09:03:54,224 INFO  impl.RaftServerProxy (ConfUtils.java:logGet(43)) - raft.rpc.type = GRPC (default)
2019-08-21 09:03:54,224 INFO  grpc.GrpcFactory (GrpcFactory.java:checkPooledByteBufAllocatorUseCacheForAllThreads(45)) - PERFORMANCE WARNING: useCacheForAllThreads is true that may cause Netty to create a lot garbage objects and, as a result, trigger GC.
	It is recommended to disable useCacheForAllThreads by setting -Dorg.apache.ratis.thirdparty.io.netty.allocator.useCacheForAllThreads=false in command line.
2019-08-21 09:03:54,224 INFO  grpc.GrpcConfigKeys$Server (ConfUtils.java:logGet(43)) - raft.grpc.server.port = 0 (default)
2019-08-21 09:03:54,224 INFO  server.GrpcService (ConfUtils.java:logGet(43)) - raft.grpc.message.size.max = 33570816 (custom)
2019-08-21 09:03:54,224 INFO  server.RaftServerConfigKeys (ConfUtils.java:logGet(43)) - raft.server.log.appender.buffer.byte-limit = 33554432 (custom)
2019-08-21 09:03:54,225 INFO  server.GrpcService (ConfUtils.java:logGet(43)) - raft.grpc.flow.control.window = 1MB (=1048576) (default)
2019-08-21 09:03:54,225 INFO  server.RaftServerConfigKeys (ConfUtils.java:logGet(43)) - raft.server.rpc.request.timeout = 3000ms (default)
2019-08-21 09:03:54,225 INFO  server.RaftServerConfigKeys (ConfUtils.java:logGet(43)) - raft.server.storage.dir = [/workdir/hadoop-ozone/integration-test/target/test-dir/MiniOzoneClusterImpl-99126c74-8a49-4d65-9125-af5d1c669fa0/datanode-5/data/ratis] (custom)
2019-08-21 09:03:54,226 INFO  replication.SimpleContainerDownloader (SimpleContainerDownloader.java:<init>(72)) - Starting container downloader service to copy containers to replicate.
2019-08-21 09:03:54,227 INFO  hdfs.DFSUtil (DFSUtil.java:httpServerTemplateForNNAndJN(1641)) - Starting Web-server for hddsDatanode at: http://0.0.0.0:0
2019-08-21 09:03:54,229 INFO  server.AuthenticationFilter (AuthenticationFilter.java:constructSecretProvider(240)) - Unable to initialize FileSignerSecretProvider, falling back to use random secrets.
2019-08-21 09:03:54,230 WARN  http.HttpRequestLog (HttpRequestLog.java:getRequestLog(97)) - Jetty request log can only be enabled using Log4j
2019-08-21 09:03:54,232 INFO  http.HttpServer2 (HttpServer2.java:addGlobalFilter(975)) - Added global filter 'safety' (class=org.apache.hadoop.http.HttpServer2$QuotingInputFilter)
2019-08-21 09:03:54,234 INFO  http.HttpServer2 (HttpServer2.java:addFilter(948)) - Added filter static_user_filter (class=org.apache.hadoop.http.lib.StaticUserWebFilter$StaticUserFilter) to context hddsDatanode
2019-08-21 09:03:54,234 INFO  http.HttpServer2 (HttpServer2.java:addFilter(958)) - Added filter static_user_filter (class=org.apache.hadoop.http.lib.StaticUserWebFilter$StaticUserFilter) to context static
2019-08-21 09:03:54,234 INFO  http.HttpServer2 (HttpServer2.java:addFilter(958)) - Added filter static_user_filter (class=org.apache.hadoop.http.lib.StaticUserWebFilter$StaticUserFilter) to context logs
2019-08-21 09:03:54,235 INFO  http.HttpServer2 (HttpServer2.java:bindListener(1191)) - Jetty bound to port 37013
2019-08-21 09:03:54,236 INFO  server.Server (Server.java:doStart(351)) - jetty-9.3.24.v20180605, build timestamp: 2018-06-05T17:11:56Z, git hash: 84205aa28f11a4f31f2a3b86d1bba2cc8ab69827
2019-08-21 09:03:54,238 INFO  handler.ContextHandler (ContextHandler.java:doStart(781)) - Started o.e.j.s.ServletContextHandler@445b85d7{/logs,file:///workdir/hadoop-ozone/integration-test/target/log,AVAILABLE}
2019-08-21 09:03:54,238 INFO  handler.ContextHandler (ContextHandler.java:doStart(781)) - Started o.e.j.s.ServletContextHandler@4a0c3aa8{/static,jar:file:/home/user/.m2/repository/org/apache/hadoop/hadoop-hdds-container-service/0.5.0-SNAPSHOT/hadoop-hdds-container-service-0.5.0-SNAPSHOT.jar!/webapps/static,AVAILABLE}
2019-08-21 09:03:54,282 INFO  handler.ContextHandler (ContextHandler.java:doStart(781)) - Started o.e.j.w.WebAppContext@6fe5da76{/,file:///tmp/jetty-0.0.0.0-37013-hddsDatanode-_-any-248355152865839346.dir/webapp/,AVAILABLE}{/hddsDatanode}
2019-08-21 09:03:54,283 INFO  server.AbstractConnector (AbstractConnector.java:doStart(278)) - Started ServerConnector@77d95e5a{HTTP/1.1,[http/1.1]}{0.0.0.0:37013}
2019-08-21 09:03:54,285 INFO  server.Server (Server.java:doStart(419)) - Started @43224ms
2019-08-21 09:03:54,286 INFO  server.BaseHttpServer (BaseHttpServer.java:updateConnectorAddress(213)) - HTTP server of HDDSDATANODE is listening at http://0.0.0.0:37013
2019-08-21 09:03:54,418 INFO  ozone.HddsDatanodeService (HddsDatanodeService.java:startPlugins(395)) - Started plug-in org.apache.hadoop.ozone.web.OzoneHddsDatanodeService@300aa927
2019-08-21 09:03:54,418 INFO  impl.MetricsSystemImpl (MetricsSystemImpl.java:init(158)) - HddsDatanode metrics system started (again)
2019-08-21 09:03:54,424 INFO  util.JvmPauseMonitor (JvmPauseMonitor.java:run(188)) - Starting JVM pause monitor
2019-08-21 09:03:54,425 INFO  ozone.HddsDatanodeService (HddsDatanodeService.java:start(184)) - HddsDatanodeService host:pr-hdds-1948-qvnss-3490636412 ip:192.168.157.251
2019-08-21 09:03:54,426 INFO  datanode.InitDatanodeState (InitDatanodeState.java:persistContainerDatanodeDetails(140)) - DatanodeDetails is persisted to /workdir/hadoop-ozone/integration-test/target/test-dir/MiniOzoneClusterImpl-99126c74-8a49-4d65-9125-af5d1c669fa0/datanode-5/meta/datanode.id
2019-08-21 09:03:54,432 INFO  volume.HddsVolume (HddsVolume.java:<init>(176)) - Creating Volume: /workdir/hadoop-ozone/integration-test/target/test-dir/MiniOzoneClusterImpl-99126c74-8a49-4d65-9125-af5d1c669fa0/datanode-6/data/containers/hdds of  storage type : DISK and capacity : 1482555576320
2019-08-21 09:03:54,432 INFO  volume.VolumeSet (VolumeSet.java:initializeVolumeSet(170)) - Added Volume : /workdir/hadoop-ozone/integration-test/target/test-dir/MiniOzoneClusterImpl-99126c74-8a49-4d65-9125-af5d1c669fa0/datanode-6/data/containers/hdds to VolumeSet
2019-08-21 09:03:54,433 INFO  volume.ThrottledAsyncChecker (ThrottledAsyncChecker.java:schedule(140)) - Scheduling a check for org.apache.hadoop.ozone.container.common.volume.HddsVolume@3dad535f
2019-08-21 09:03:54,433 INFO  volume.HddsVolumeChecker (HddsVolumeChecker.java:checkAllVolumes(203)) - Scheduled health check for volume org.apache.hadoop.ozone.container.common.volume.HddsVolume@3dad535f
2019-08-21 09:03:54,448 INFO  impl.RaftServerProxy (ConfUtils.java:logGet(43)) - raft.rpc.type = GRPC (default)
2019-08-21 09:03:54,448 INFO  grpc.GrpcFactory (GrpcFactory.java:checkPooledByteBufAllocatorUseCacheForAllThreads(45)) - PERFORMANCE WARNING: useCacheForAllThreads is true that may cause Netty to create a lot garbage objects and, as a result, trigger GC.
	It is recommended to disable useCacheForAllThreads by setting -Dorg.apache.ratis.thirdparty.io.netty.allocator.useCacheForAllThreads=false in command line.
2019-08-21 09:03:54,448 INFO  grpc.GrpcConfigKeys$Server (ConfUtils.java:logGet(43)) - raft.grpc.server.port = 0 (default)
2019-08-21 09:03:54,449 INFO  server.GrpcService (ConfUtils.java:logGet(43)) - raft.grpc.message.size.max = 33570816 (custom)
2019-08-21 09:03:54,449 INFO  server.RaftServerConfigKeys (ConfUtils.java:logGet(43)) - raft.server.log.appender.buffer.byte-limit = 33554432 (custom)
2019-08-21 09:03:54,449 INFO  server.GrpcService (ConfUtils.java:logGet(43)) - raft.grpc.flow.control.window = 1MB (=1048576) (default)
2019-08-21 09:03:54,449 INFO  server.RaftServerConfigKeys (ConfUtils.java:logGet(43)) - raft.server.rpc.request.timeout = 3000ms (default)
2019-08-21 09:03:54,450 INFO  server.RaftServerConfigKeys (ConfUtils.java:logGet(43)) - raft.server.storage.dir = [/workdir/hadoop-ozone/integration-test/target/test-dir/MiniOzoneClusterImpl-99126c74-8a49-4d65-9125-af5d1c669fa0/datanode-6/data/ratis] (custom)
2019-08-21 09:03:54,450 INFO  replication.SimpleContainerDownloader (SimpleContainerDownloader.java:<init>(72)) - Starting container downloader service to copy containers to replicate.
2019-08-21 09:03:54,451 INFO  hdfs.DFSUtil (DFSUtil.java:httpServerTemplateForNNAndJN(1641)) - Starting Web-server for hddsDatanode at: http://0.0.0.0:0
2019-08-21 09:03:54,452 INFO  server.AuthenticationFilter (AuthenticationFilter.java:constructSecretProvider(240)) - Unable to initialize FileSignerSecretProvider, falling back to use random secrets.
2019-08-21 09:03:54,453 WARN  http.HttpRequestLog (HttpRequestLog.java:getRequestLog(97)) - Jetty request log can only be enabled using Log4j
2019-08-21 09:03:54,454 INFO  http.HttpServer2 (HttpServer2.java:addGlobalFilter(975)) - Added global filter 'safety' (class=org.apache.hadoop.http.HttpServer2$QuotingInputFilter)
2019-08-21 09:03:54,454 INFO  http.HttpServer2 (HttpServer2.java:addFilter(948)) - Added filter static_user_filter (class=org.apache.hadoop.http.lib.StaticUserWebFilter$StaticUserFilter) to context hddsDatanode
2019-08-21 09:03:54,455 INFO  http.HttpServer2 (HttpServer2.java:addFilter(958)) - Added filter static_user_filter (class=org.apache.hadoop.http.lib.StaticUserWebFilter$StaticUserFilter) to context logs
2019-08-21 09:03:54,455 INFO  http.HttpServer2 (HttpServer2.java:addFilter(958)) - Added filter static_user_filter (class=org.apache.hadoop.http.lib.StaticUserWebFilter$StaticUserFilter) to context static
2019-08-21 09:03:54,455 INFO  http.HttpServer2 (HttpServer2.java:bindListener(1191)) - Jetty bound to port 40302
2019-08-21 09:03:54,456 INFO  server.Server (Server.java:doStart(351)) - jetty-9.3.24.v20180605, build timestamp: 2018-06-05T17:11:56Z, git hash: 84205aa28f11a4f31f2a3b86d1bba2cc8ab69827
2019-08-21 09:03:54,457 INFO  handler.ContextHandler (ContextHandler.java:doStart(781)) - Started o.e.j.s.ServletContextHandler@6d0a14c2{/logs,file:///workdir/hadoop-ozone/integration-test/target/log,AVAILABLE}
2019-08-21 09:03:54,458 INFO  handler.ContextHandler (ContextHandler.java:doStart(781)) - Started o.e.j.s.ServletContextHandler@153c6603{/static,jar:file:/home/user/.m2/repository/org/apache/hadoop/hadoop-hdds-container-service/0.5.0-SNAPSHOT/hadoop-hdds-container-service-0.5.0-SNAPSHOT.jar!/webapps/static,AVAILABLE}
2019-08-21 09:03:54,490 INFO  handler.ContextHandler (ContextHandler.java:doStart(781)) - Started o.e.j.w.WebAppContext@2a984952{/,file:///tmp/jetty-0.0.0.0-40302-hddsDatanode-_-any-6484737095298271147.dir/webapp/,AVAILABLE}{/hddsDatanode}
2019-08-21 09:03:54,491 INFO  server.AbstractConnector (AbstractConnector.java:doStart(278)) - Started ServerConnector@16944b58{HTTP/1.1,[http/1.1]}{0.0.0.0:40302}
2019-08-21 09:03:54,493 INFO  server.Server (Server.java:doStart(419)) - Started @43432ms
2019-08-21 09:03:54,494 INFO  server.BaseHttpServer (BaseHttpServer.java:updateConnectorAddress(213)) - HTTP server of HDDSDATANODE is listening at http://0.0.0.0:40302
2019-08-21 09:03:54,628 INFO  ozone.HddsDatanodeService (HddsDatanodeService.java:startPlugins(395)) - Started plug-in org.apache.hadoop.ozone.web.OzoneHddsDatanodeService@2d7aa291
2019-08-21 09:03:54,629 INFO  ozone.MiniOzoneClusterImpl (MiniOzoneClusterImpl.java:lambda$waitForClusterToBeReady$0(142)) - Waiting for cluster to be ready. Got 0 of 7 DN Heartbeats.
2019-08-21 09:03:54,632 INFO  util.JvmPauseMonitor (JvmPauseMonitor.java:run(188)) - Starting JVM pause monitor
2019-08-21 09:03:54,633 INFO  datanode.InitDatanodeState (InitDatanodeState.java:persistContainerDatanodeDetails(140)) - DatanodeDetails is persisted to /workdir/hadoop-ozone/integration-test/target/test-dir/MiniOzoneClusterImpl-99126c74-8a49-4d65-9125-af5d1c669fa0/datanode-6/meta/datanode.id
2019-08-21 09:03:55,173 INFO  ozoneimpl.OzoneContainer (OzoneContainer.java:start(186)) - Attempting to start container services.
2019-08-21 09:03:55,176 INFO  ozoneimpl.OzoneContainer (OzoneContainer.java:startContainerScrub(160)) - Background container scrubber has been disabled by hdds.containerscrub.enabled
2019-08-21 09:03:55,177 INFO  ratis.XceiverServerRatis (XceiverServerRatis.java:start(404)) - Starting XceiverServerRatis 51c797bf-85d4-46b6-bb6a-11c05d27fa2a at port 0
2019-08-21 09:03:55,182 INFO  impl.RaftServerProxy (RaftServerProxy.java:lambda$start$3(299)) - 51c797bf-85d4-46b6-bb6a-11c05d27fa2a: start RPC server
2019-08-21 09:03:55,184 INFO  server.GrpcService (GrpcService.java:startImpl(149)) - 51c797bf-85d4-46b6-bb6a-11c05d27fa2a: GrpcService started, listening on 0.0.0.0/0.0.0.0:41606
2019-08-21 09:03:55,184 INFO  ratis.XceiverServerRatis (XceiverServerRatis.java:start(414)) - XceiverServerRatis 51c797bf-85d4-46b6-bb6a-11c05d27fa2a is started using port 41606
2019-08-21 09:03:55,187 INFO  server.XceiverServerGrpc (XceiverServerGrpc.java:start(161)) - XceiverServerGrpc 51c797bf-85d4-46b6-bb6a-11c05d27fa2a is started using port 38528
2019-08-21 09:03:55,373 INFO  ozoneimpl.OzoneContainer (OzoneContainer.java:start(186)) - Attempting to start container services.
2019-08-21 09:03:55,380 INFO  ozoneimpl.OzoneContainer (OzoneContainer.java:startContainerScrub(160)) - Background container scrubber has been disabled by hdds.containerscrub.enabled
2019-08-21 09:03:55,380 INFO  ratis.XceiverServerRatis (XceiverServerRatis.java:start(404)) - Starting XceiverServerRatis f351392b-6c44-4f93-98c8-a108c538f35f at port 0
2019-08-21 09:03:55,387 INFO  impl.RaftServerProxy (RaftServerProxy.java:lambda$start$3(299)) - f351392b-6c44-4f93-98c8-a108c538f35f: start RPC server
2019-08-21 09:03:55,388 INFO  server.GrpcService (GrpcService.java:startImpl(149)) - f351392b-6c44-4f93-98c8-a108c538f35f: GrpcService started, listening on 0.0.0.0/0.0.0.0:33770
2019-08-21 09:03:55,388 INFO  ratis.XceiverServerRatis (XceiverServerRatis.java:start(414)) - XceiverServerRatis f351392b-6c44-4f93-98c8-a108c538f35f is started using port 33770
2019-08-21 09:03:55,395 INFO  server.XceiverServerGrpc (XceiverServerGrpc.java:start(161)) - XceiverServerGrpc f351392b-6c44-4f93-98c8-a108c538f35f is started using port 33941
2019-08-21 09:03:55,590 INFO  ozoneimpl.OzoneContainer (OzoneContainer.java:start(186)) - Attempting to start container services.
2019-08-21 09:03:55,590 INFO  ozoneimpl.OzoneContainer (OzoneContainer.java:startContainerScrub(160)) - Background container scrubber has been disabled by hdds.containerscrub.enabled
2019-08-21 09:03:55,590 INFO  ratis.XceiverServerRatis (XceiverServerRatis.java:start(404)) - Starting XceiverServerRatis 84c80f7a-cb80-4090-88c4-05efb54ad056 at port 0
2019-08-21 09:03:55,597 INFO  impl.RaftServerProxy (RaftServerProxy.java:lambda$start$3(299)) - 84c80f7a-cb80-4090-88c4-05efb54ad056: start RPC server
2019-08-21 09:03:55,598 INFO  server.GrpcService (GrpcService.java:startImpl(149)) - 84c80f7a-cb80-4090-88c4-05efb54ad056: GrpcService started, listening on 0.0.0.0/0.0.0.0:34608
2019-08-21 09:03:55,599 INFO  ratis.XceiverServerRatis (XceiverServerRatis.java:start(414)) - XceiverServerRatis 84c80f7a-cb80-4090-88c4-05efb54ad056 is started using port 34608
2019-08-21 09:03:55,606 INFO  server.XceiverServerGrpc (XceiverServerGrpc.java:start(161)) - XceiverServerGrpc 84c80f7a-cb80-4090-88c4-05efb54ad056 is started using port 40907
2019-08-21 09:03:55,631 INFO  ozone.MiniOzoneClusterImpl (MiniOzoneClusterImpl.java:lambda$waitForClusterToBeReady$0(142)) - Waiting for cluster to be ready. Got 0 of 7 DN Heartbeats.
2019-08-21 09:03:55,828 INFO  ozoneimpl.OzoneContainer (OzoneContainer.java:start(186)) - Attempting to start container services.
2019-08-21 09:03:55,828 INFO  ozoneimpl.OzoneContainer (OzoneContainer.java:startContainerScrub(160)) - Background container scrubber has been disabled by hdds.containerscrub.enabled
2019-08-21 09:03:55,828 INFO  ratis.XceiverServerRatis (XceiverServerRatis.java:start(404)) - Starting XceiverServerRatis 3da2288a-6198-4d5f-b9de-b237789eac1a at port 0
2019-08-21 09:03:55,834 INFO  impl.RaftServerProxy (RaftServerProxy.java:lambda$start$3(299)) - 3da2288a-6198-4d5f-b9de-b237789eac1a: start RPC server
2019-08-21 09:03:55,835 INFO  server.GrpcService (GrpcService.java:startImpl(149)) - 3da2288a-6198-4d5f-b9de-b237789eac1a: GrpcService started, listening on 0.0.0.0/0.0.0.0:45178
2019-08-21 09:03:55,835 INFO  ratis.XceiverServerRatis (XceiverServerRatis.java:start(414)) - XceiverServerRatis 3da2288a-6198-4d5f-b9de-b237789eac1a is started using port 45178
2019-08-21 09:03:55,836 INFO  server.XceiverServerGrpc (XceiverServerGrpc.java:start(161)) - XceiverServerGrpc 3da2288a-6198-4d5f-b9de-b237789eac1a is started using port 41756
2019-08-21 09:03:56,210 INFO  ozoneimpl.OzoneContainer (OzoneContainer.java:start(186)) - Attempting to start container services.
2019-08-21 09:03:56,210 INFO  ozoneimpl.OzoneContainer (OzoneContainer.java:startContainerScrub(160)) - Background container scrubber has been disabled by hdds.containerscrub.enabled
2019-08-21 09:03:56,210 INFO  ratis.XceiverServerRatis (XceiverServerRatis.java:start(404)) - Starting XceiverServerRatis a25b4cb1-2cd9-4739-87bc-31f2539422aa at port 0
2019-08-21 09:03:56,217 INFO  impl.RaftServerProxy (RaftServerProxy.java:lambda$start$3(299)) - a25b4cb1-2cd9-4739-87bc-31f2539422aa: start RPC server
2019-08-21 09:03:56,218 INFO  server.GrpcService (GrpcService.java:startImpl(149)) - a25b4cb1-2cd9-4739-87bc-31f2539422aa: GrpcService started, listening on 0.0.0.0/0.0.0.0:40382
2019-08-21 09:03:56,218 INFO  ratis.XceiverServerRatis (XceiverServerRatis.java:start(414)) - XceiverServerRatis a25b4cb1-2cd9-4739-87bc-31f2539422aa is started using port 40382
2019-08-21 09:03:56,219 INFO  server.XceiverServerGrpc (XceiverServerGrpc.java:start(161)) - XceiverServerGrpc a25b4cb1-2cd9-4739-87bc-31f2539422aa is started using port 40179
2019-08-21 09:03:56,440 INFO  ozoneimpl.OzoneContainer (OzoneContainer.java:start(186)) - Attempting to start container services.
2019-08-21 09:03:56,441 INFO  ozoneimpl.OzoneContainer (OzoneContainer.java:startContainerScrub(160)) - Background container scrubber has been disabled by hdds.containerscrub.enabled
2019-08-21 09:03:56,441 INFO  ratis.XceiverServerRatis (XceiverServerRatis.java:start(404)) - Starting XceiverServerRatis bf9fc535-e9a8-4527-8a78-1ff9b600d2eb at port 0
2019-08-21 09:03:56,448 INFO  impl.RaftServerProxy (RaftServerProxy.java:lambda$start$3(299)) - bf9fc535-e9a8-4527-8a78-1ff9b600d2eb: start RPC server
2019-08-21 09:03:56,449 INFO  server.GrpcService (GrpcService.java:startImpl(149)) - bf9fc535-e9a8-4527-8a78-1ff9b600d2eb: GrpcService started, listening on 0.0.0.0/0.0.0.0:34230
2019-08-21 09:03:56,449 INFO  ratis.XceiverServerRatis (XceiverServerRatis.java:start(414)) - XceiverServerRatis bf9fc535-e9a8-4527-8a78-1ff9b600d2eb is started using port 34230
2019-08-21 09:03:56,450 INFO  server.XceiverServerGrpc (XceiverServerGrpc.java:start(161)) - XceiverServerGrpc bf9fc535-e9a8-4527-8a78-1ff9b600d2eb is started using port 42617
2019-08-21 09:03:56,631 INFO  ozone.MiniOzoneClusterImpl (MiniOzoneClusterImpl.java:lambda$waitForClusterToBeReady$0(142)) - Waiting for cluster to be ready. Got 0 of 7 DN Heartbeats.
2019-08-21 09:03:56,647 INFO  ozoneimpl.OzoneContainer (OzoneContainer.java:start(186)) - Attempting to start container services.
2019-08-21 09:03:56,647 INFO  ozoneimpl.OzoneContainer (OzoneContainer.java:startContainerScrub(160)) - Background container scrubber has been disabled by hdds.containerscrub.enabled
2019-08-21 09:03:56,648 INFO  ratis.XceiverServerRatis (XceiverServerRatis.java:start(404)) - Starting XceiverServerRatis 741e8cac-fe64-4d95-a55a-62e307ff834d at port 0
2019-08-21 09:03:56,655 INFO  impl.RaftServerProxy (RaftServerProxy.java:lambda$start$3(299)) - 741e8cac-fe64-4d95-a55a-62e307ff834d: start RPC server
2019-08-21 09:03:56,656 INFO  server.GrpcService (GrpcService.java:startImpl(149)) - 741e8cac-fe64-4d95-a55a-62e307ff834d: GrpcService started, listening on 0.0.0.0/0.0.0.0:38401
2019-08-21 09:03:56,656 INFO  ratis.XceiverServerRatis (XceiverServerRatis.java:start(414)) - XceiverServerRatis 741e8cac-fe64-4d95-a55a-62e307ff834d is started using port 38401
2019-08-21 09:03:56,657 INFO  server.XceiverServerGrpc (XceiverServerGrpc.java:start(161)) - XceiverServerGrpc 741e8cac-fe64-4d95-a55a-62e307ff834d is started using port 37033
2019-08-21 09:03:57,147 INFO  net.NetworkTopology (NetworkTopologyImpl.java:add(110)) - Added a new node: /default-rack/51c797bf-85d4-46b6-bb6a-11c05d27fa2a
2019-08-21 09:03:57,150 INFO  node.SCMNodeManager (SCMNodeManager.java:register(273)) - Registered Data node : 51c797bf-85d4-46b6-bb6a-11c05d27fa2a{ip: 192.168.157.251, host: pr-hdds-1948-qvnss-3490636412, networkLocation: /default-rack, certSerialId: null}
2019-08-21 09:03:57,151 INFO  safemode.SCMSafeModeManager (DataNodeSafeModeRule.java:process(71)) - SCM in safe mode. 1 DataNodes registered, 1 required.
2019-08-21 09:03:57,154 INFO  safemode.SCMSafeModeManager (SCMSafeModeManager.java:validateSafeModeExitRules(177)) - ScmSafeModeManager, all rules are successfully validated
2019-08-21 09:03:57,154 INFO  safemode.SCMSafeModeManager (SCMSafeModeManager.java:exitSafeMode(193)) - SCM exiting safe mode.
2019-08-21 09:03:57,170 INFO  impl.RaftServerProxy (RaftServerProxy.java:addNew(89)) - 51c797bf-85d4-46b6-bb6a-11c05d27fa2a: addNew group-73207E972AB4:[51c797bf-85d4-46b6-bb6a-11c05d27fa2a:192.168.157.251:41606] returns group-73207E972AB4:java.util.concurrent.CompletableFuture@392e9991[Not completed]
2019-08-21 09:03:57,173 INFO  impl.RaftServerImpl (RaftServerImpl.java:<init>(93)) - 51c797bf-85d4-46b6-bb6a-11c05d27fa2a: new RaftServerImpl for group-73207E972AB4:[51c797bf-85d4-46b6-bb6a-11c05d27fa2a:192.168.157.251:41606] with ContainerStateMachine:uninitialized
2019-08-21 09:03:57,174 INFO  server.RaftServerConfigKeys (ConfUtils.java:logGet(43)) - raft.server.rpc.timeout.min = 5s (custom)
2019-08-21 09:03:57,174 INFO  server.RaftServerConfigKeys (ConfUtils.java:logGet(43)) - raft.server.rpc.timeout.max = 5200ms (custom)
2019-08-21 09:03:57,174 INFO  server.RaftServerConfigKeys (ConfUtils.java:logGet(43)) - raft.server.rpcslowness.timeout = 120s (custom)
2019-08-21 09:03:57,174 INFO  server.RaftServerConfigKeys (ConfUtils.java:logGet(43)) - raft.server.sleep.deviation.threshold = 300 (default)
2019-08-21 09:03:57,174 INFO  server.RaftServerConfigKeys (ConfUtils.java:logGet(43)) - raft.server.log.appender.install.snapshot.enabled = false (custom)
2019-08-21 09:03:57,175 INFO  impl.RaftServerImpl (ServerState.java:<init>(105)) - 51c797bf-85d4-46b6-bb6a-11c05d27fa2a:group-73207E972AB4 ConfigurationManager, init=-1: [51c797bf-85d4-46b6-bb6a-11c05d27fa2a:192.168.157.251:41606], old=null, confs=<EMPTY_MAP>
2019-08-21 09:03:57,175 INFO  server.RaftServerConfigKeys (ConfUtils.java:logGet(43)) - raft.server.storage.dir = [/workdir/hadoop-ozone/integration-test/target/test-dir/MiniOzoneClusterImpl-99126c74-8a49-4d65-9125-af5d1c669fa0/datanode-0/data/ratis] (custom)
2019-08-21 09:03:57,175 INFO  storage.RaftStorageDirectory (RaftStorageDirectory.java:analyzeStorage(246)) - The storage directory /workdir/hadoop-ozone/integration-test/target/test-dir/MiniOzoneClusterImpl-99126c74-8a49-4d65-9125-af5d1c669fa0/datanode-0/data/ratis/a76cf734-e079-4b0f-a589-73207e972ab4 does not exist. Creating ...
2019-08-21 09:03:57,200 INFO  storage.RaftStorageDirectory (RaftStorageDirectory.java:tryLock(328)) - Lock on /workdir/hadoop-ozone/integration-test/target/test-dir/MiniOzoneClusterImpl-99126c74-8a49-4d65-9125-af5d1c669fa0/datanode-0/data/ratis/a76cf734-e079-4b0f-a589-73207e972ab4/in_use.lock acquired by nodename 1744@pr-hdds-1948-qvnss-3490636412
2019-08-21 09:03:57,214 INFO  storage.RaftStorage (RaftStorage.java:format(72)) - Storage directory /workdir/hadoop-ozone/integration-test/target/test-dir/MiniOzoneClusterImpl-99126c74-8a49-4d65-9125-af5d1c669fa0/datanode-0/data/ratis/a76cf734-e079-4b0f-a589-73207e972ab4 has been successfully formatted.
2019-08-21 09:03:57,214 INFO  ratis.ContainerStateMachine (ContainerStateMachine.java:loadSnapshot(222)) - group-73207E972AB4: The snapshot info is null. Setting the last applied indexto:(t:0, i:~)
2019-08-21 09:03:57,214 INFO  server.RaftServerConfigKeys (ConfUtils.java:logGet(43)) - raft.server.leader.election.timeout = 120s (custom)
2019-08-21 09:03:57,214 INFO  server.RaftServerConfigKeys (ConfUtils.java:logGet(43)) - raft.server.log.use.memory = false (default)
2019-08-21 09:03:57,215 INFO  server.RaftServerConfigKeys (ConfUtils.java:logGet(43)) - raft.server.log.purge.gap = 1000000000 (custom)
2019-08-21 09:03:57,215 INFO  server.RaftServerConfigKeys (ConfUtils.java:logGet(43)) - raft.server.log.appender.buffer.byte-limit = 33554432 (custom)
2019-08-21 09:03:57,215 INFO  server.RaftServerConfigKeys (ConfUtils.java:logGet(43)) - raft.server.log.segment.size.max = 1048576 (custom)
2019-08-21 09:03:57,215 INFO  server.RaftServerConfigKeys (ConfUtils.java:logGet(43)) - raft.server.log.segment.cache.num.max = 2 (custom)
2019-08-21 09:03:57,215 INFO  segmented.SegmentedRaftLogWorker (SegmentedRaftLogWorker.java:<init>(172)) - new 51c797bf-85d4-46b6-bb6a-11c05d27fa2a-SegmentedRaftLogWorker:Storage Directory /workdir/hadoop-ozone/integration-test/target/test-dir/MiniOzoneClusterImpl-99126c74-8a49-4d65-9125-af5d1c669fa0/datanode-0/data/ratis/a76cf734-e079-4b0f-a589-73207e972ab4 for RaftStorage:Storage Directory /workdir/hadoop-ozone/integration-test/target/test-dir/MiniOzoneClusterImpl-99126c74-8a49-4d65-9125-af5d1c669fa0/datanode-0/data/ratis/a76cf734-e079-4b0f-a589-73207e972ab4
2019-08-21 09:03:57,216 INFO  server.RaftServerConfigKeys (ConfUtils.java:logGet(43)) - raft.server.log.queue.byte-limit = 2147483647 (custom)
2019-08-21 09:03:57,216 INFO  server.RaftServerConfigKeys (ConfUtils.java:logGet(43)) - raft.server.log.queue.element-limit = 1024 (custom)
2019-08-21 09:03:57,216 INFO  server.RaftServerConfigKeys (ConfUtils.java:logGet(43)) - raft.server.log.segment.size.max = 1048576 (custom)
2019-08-21 09:03:57,216 INFO  server.RaftServerConfigKeys (ConfUtils.java:logGet(43)) - raft.server.log.preallocated.size = 16384 (custom)
2019-08-21 09:03:57,217 INFO  server.RaftServerConfigKeys (ConfUtils.java:logGet(43)) - raft.server.log.write.buffer.size = 33554432 (custom)
2019-08-21 09:03:57,217 INFO  server.RaftServerConfigKeys (ConfUtils.java:logGet(43)) - raft.server.log.force.sync.num = 128 (default)
2019-08-21 09:03:57,217 INFO  server.RaftServerConfigKeys (ConfUtils.java:logGet(43)) - raft.server.log.statemachine.data.sync = true (default)
2019-08-21 09:03:57,217 INFO  server.RaftServerConfigKeys (ConfUtils.java:logGet(43)) - raft.server.log.statemachine.data.sync.timeout = 10s (default)
2019-08-21 09:03:57,217 INFO  server.RaftServerConfigKeys (ConfUtils.java:logGet(43)) - raft.server.log.statemachine.data.sync.timeout.retry = -1 (default)
2019-08-21 09:03:57,218 INFO  server.RaftServerConfigKeys (ConfUtils.java:logGet(43)) - raft.server.log.statemachine.data.caching.enabled = true (custom)
2019-08-21 09:03:57,218 INFO  segmented.SegmentedRaftLogWorker (SegmentedRaftLogWorker.java:lambda$new$0(132)) - 51c797bf-85d4-46b6-bb6a-11c05d27fa2a-SegmentedRaftLogWorker:Storage Directory /workdir/hadoop-ozone/integration-test/target/test-dir/MiniOzoneClusterImpl-99126c74-8a49-4d65-9125-af5d1c669fa0/datanode-0/data/ratis/a76cf734-e079-4b0f-a589-73207e972ab4: flushIndex: setUnconditionally 0 -> -1
2019-08-21 09:03:57,219 INFO  server.RaftServerConfigKeys (ConfUtils.java:logGet(43)) - raft.server.snapshot.auto.trigger.enabled = true (custom)
2019-08-21 09:03:57,219 INFO  server.RaftServerConfigKeys (ConfUtils.java:logGet(43)) - raft.server.snapshot.auto.trigger.threshold = 10000 (custom)
2019-08-21 09:03:57,219 INFO  server.RaftServerConfigKeys (ConfUtils.java:logGet(43)) - raft.server.retrycache.expirytime = 600000ms (custom)
2019-08-21 09:03:57,220 INFO  impl.RaftServerImpl (RaftServerImpl.java:start(180)) - 51c797bf-85d4-46b6-bb6a-11c05d27fa2a: start group-73207E972AB4
2019-08-21 09:03:57,220 INFO  impl.RaftServerImpl (RaftServerImpl.java:setRole(171)) - 51c797bf-85d4-46b6-bb6a-11c05d27fa2a:group-73207E972AB4 changes role from null to FOLLOWER at term 0 for startAsFollower
2019-08-21 09:03:57,220 INFO  impl.RoleInfo (RoleInfo.java:updateAndGet(143)) - 51c797bf-85d4-46b6-bb6a-11c05d27fa2a: start FollowerState
2019-08-21 09:03:57,222 INFO  util.JmxRegister (JmxRegister.java:tryRegister(44)) - Successfully registered JMX Bean with object name Ratis:service=RaftServer,group=group-73207E972AB4,id=51c797bf-85d4-46b6-bb6a-11c05d27fa2a
2019-08-21 09:03:57,229 INFO  pipeline.PipelineStateManager (PipelineStateManager.java:addPipeline(56)) - Created pipeline Pipeline[ Id: a76cf734-e079-4b0f-a589-73207e972ab4, Nodes: 51c797bf-85d4-46b6-bb6a-11c05d27fa2a{ip: 192.168.157.251, host: pr-hdds-1948-qvnss-3490636412, networkLocation: /default-rack, certSerialId: null}, Type:RATIS, Factor:ONE, State:OPEN]
2019-08-21 09:03:57,361 INFO  net.NetworkTopology (NetworkTopologyImpl.java:add(110)) - Added a new node: /default-rack/f351392b-6c44-4f93-98c8-a108c538f35f
2019-08-21 09:03:57,361 INFO  node.SCMNodeManager (SCMNodeManager.java:register(273)) - Registered Data node : f351392b-6c44-4f93-98c8-a108c538f35f{ip: 192.168.157.251, host: pr-hdds-1948-qvnss-3490636412, networkLocation: /default-rack, certSerialId: null}
2019-08-21 09:03:57,372 INFO  impl.RaftServerProxy (RaftServerProxy.java:addNew(89)) - f351392b-6c44-4f93-98c8-a108c538f35f: addNew group-669F84DE7C40:[f351392b-6c44-4f93-98c8-a108c538f35f:192.168.157.251:33770] returns group-669F84DE7C40:java.util.concurrent.CompletableFuture@12ec19f5[Not completed]
2019-08-21 09:03:57,377 INFO  impl.RaftServerImpl (RaftServerImpl.java:<init>(93)) - f351392b-6c44-4f93-98c8-a108c538f35f: new RaftServerImpl for group-669F84DE7C40:[f351392b-6c44-4f93-98c8-a108c538f35f:192.168.157.251:33770] with ContainerStateMachine:uninitialized
2019-08-21 09:03:57,377 INFO  server.RaftServerConfigKeys (ConfUtils.java:logGet(43)) - raft.server.rpc.timeout.min = 5s (custom)
2019-08-21 09:03:57,377 INFO  server.RaftServerConfigKeys (ConfUtils.java:logGet(43)) - raft.server.rpc.timeout.max = 5200ms (custom)
2019-08-21 09:03:57,378 INFO  server.RaftServerConfigKeys (ConfUtils.java:logGet(43)) - raft.server.rpcslowness.timeout = 120s (custom)
2019-08-21 09:03:57,378 INFO  server.RaftServerConfigKeys (ConfUtils.java:logGet(43)) - raft.server.sleep.deviation.threshold = 300 (default)
2019-08-21 09:03:57,378 INFO  server.RaftServerConfigKeys (ConfUtils.java:logGet(43)) - raft.server.log.appender.install.snapshot.enabled = false (custom)
2019-08-21 09:03:57,378 INFO  impl.RaftServerImpl (ServerState.java:<init>(105)) - f351392b-6c44-4f93-98c8-a108c538f35f:group-669F84DE7C40 ConfigurationManager, init=-1: [f351392b-6c44-4f93-98c8-a108c538f35f:192.168.157.251:33770], old=null, confs=<EMPTY_MAP>
2019-08-21 09:03:57,379 INFO  server.RaftServerConfigKeys (ConfUtils.java:logGet(43)) - raft.server.storage.dir = [/workdir/hadoop-ozone/integration-test/target/test-dir/MiniOzoneClusterImpl-99126c74-8a49-4d65-9125-af5d1c669fa0/datanode-1/data/ratis] (custom)
2019-08-21 09:03:57,379 INFO  storage.RaftStorageDirectory (RaftStorageDirectory.java:analyzeStorage(246)) - The storage directory /workdir/hadoop-ozone/integration-test/target/test-dir/MiniOzoneClusterImpl-99126c74-8a49-4d65-9125-af5d1c669fa0/datanode-1/data/ratis/76d11264-1fea-4c70-b2bd-669f84de7c40 does not exist. Creating ...
2019-08-21 09:03:57,404 INFO  storage.RaftStorageDirectory (RaftStorageDirectory.java:tryLock(328)) - Lock on /workdir/hadoop-ozone/integration-test/target/test-dir/MiniOzoneClusterImpl-99126c74-8a49-4d65-9125-af5d1c669fa0/datanode-1/data/ratis/76d11264-1fea-4c70-b2bd-669f84de7c40/in_use.lock acquired by nodename 1744@pr-hdds-1948-qvnss-3490636412
2019-08-21 09:03:57,417 INFO  storage.RaftStorage (RaftStorage.java:format(72)) - Storage directory /workdir/hadoop-ozone/integration-test/target/test-dir/MiniOzoneClusterImpl-99126c74-8a49-4d65-9125-af5d1c669fa0/datanode-1/data/ratis/76d11264-1fea-4c70-b2bd-669f84de7c40 has been successfully formatted.
2019-08-21 09:03:57,418 INFO  ratis.ContainerStateMachine (ContainerStateMachine.java:loadSnapshot(222)) - group-669F84DE7C40: The snapshot info is null. Setting the last applied indexto:(t:0, i:~)
2019-08-21 09:03:57,418 INFO  server.RaftServerConfigKeys (ConfUtils.java:logGet(43)) - raft.server.leader.election.timeout = 120s (custom)
2019-08-21 09:03:57,418 INFO  server.RaftServerConfigKeys (ConfUtils.java:logGet(43)) - raft.server.log.use.memory = false (default)
2019-08-21 09:03:57,418 INFO  server.RaftServerConfigKeys (ConfUtils.java:logGet(43)) - raft.server.log.purge.gap = 1000000000 (custom)
2019-08-21 09:03:57,418 INFO  server.RaftServerConfigKeys (ConfUtils.java:logGet(43)) - raft.server.log.appender.buffer.byte-limit = 33554432 (custom)
2019-08-21 09:03:57,419 INFO  server.RaftServerConfigKeys (ConfUtils.java:logGet(43)) - raft.server.log.segment.size.max = 1048576 (custom)
2019-08-21 09:03:57,419 INFO  server.RaftServerConfigKeys (ConfUtils.java:logGet(43)) - raft.server.log.segment.cache.num.max = 2 (custom)
2019-08-21 09:03:57,419 INFO  segmented.SegmentedRaftLogWorker (SegmentedRaftLogWorker.java:<init>(172)) - new f351392b-6c44-4f93-98c8-a108c538f35f-SegmentedRaftLogWorker:Storage Directory /workdir/hadoop-ozone/integration-test/target/test-dir/MiniOzoneClusterImpl-99126c74-8a49-4d65-9125-af5d1c669fa0/datanode-1/data/ratis/76d11264-1fea-4c70-b2bd-669f84de7c40 for RaftStorage:Storage Directory /workdir/hadoop-ozone/integration-test/target/test-dir/MiniOzoneClusterImpl-99126c74-8a49-4d65-9125-af5d1c669fa0/datanode-1/data/ratis/76d11264-1fea-4c70-b2bd-669f84de7c40
2019-08-21 09:03:57,419 INFO  server.RaftServerConfigKeys (ConfUtils.java:logGet(43)) - raft.server.log.queue.byte-limit = 2147483647 (custom)
2019-08-21 09:03:57,419 INFO  server.RaftServerConfigKeys (ConfUtils.java:logGet(43)) - raft.server.log.queue.element-limit = 1024 (custom)
2019-08-21 09:03:57,420 INFO  server.RaftServerConfigKeys (ConfUtils.java:logGet(43)) - raft.server.log.segment.size.max = 1048576 (custom)
2019-08-21 09:03:57,420 INFO  server.RaftServerConfigKeys (ConfUtils.java:logGet(43)) - raft.server.log.preallocated.size = 16384 (custom)
2019-08-21 09:03:57,420 INFO  server.RaftServerConfigKeys (ConfUtils.java:logGet(43)) - raft.server.log.write.buffer.size = 33554432 (custom)
2019-08-21 09:03:57,421 INFO  server.RaftServerConfigKeys (ConfUtils.java:logGet(43)) - raft.server.log.force.sync.num = 128 (default)
2019-08-21 09:03:57,421 INFO  server.RaftServerConfigKeys (ConfUtils.java:logGet(43)) - raft.server.log.statemachine.data.sync = true (default)
2019-08-21 09:03:57,421 INFO  server.RaftServerConfigKeys (ConfUtils.java:logGet(43)) - raft.server.log.statemachine.data.sync.timeout = 10s (default)
2019-08-21 09:03:57,421 INFO  server.RaftServerConfigKeys (ConfUtils.java:logGet(43)) - raft.server.log.statemachine.data.sync.timeout.retry = -1 (default)
2019-08-21 09:03:57,422 INFO  server.RaftServerConfigKeys (ConfUtils.java:logGet(43)) - raft.server.log.statemachine.data.caching.enabled = true (custom)
2019-08-21 09:03:57,422 INFO  segmented.SegmentedRaftLogWorker (SegmentedRaftLogWorker.java:lambda$new$0(132)) - f351392b-6c44-4f93-98c8-a108c538f35f-SegmentedRaftLogWorker:Storage Directory /workdir/hadoop-ozone/integration-test/target/test-dir/MiniOzoneClusterImpl-99126c74-8a49-4d65-9125-af5d1c669fa0/datanode-1/data/ratis/76d11264-1fea-4c70-b2bd-669f84de7c40: flushIndex: setUnconditionally 0 -> -1
2019-08-21 09:03:57,422 INFO  server.RaftServerConfigKeys (ConfUtils.java:logGet(43)) - raft.server.snapshot.auto.trigger.enabled = true (custom)
2019-08-21 09:03:57,423 INFO  server.RaftServerConfigKeys (ConfUtils.java:logGet(43)) - raft.server.snapshot.auto.trigger.threshold = 10000 (custom)
2019-08-21 09:03:57,423 INFO  server.RaftServerConfigKeys (ConfUtils.java:logGet(43)) - raft.server.retrycache.expirytime = 600000ms (custom)
2019-08-21 09:03:57,423 INFO  impl.RaftServerImpl (RaftServerImpl.java:start(180)) - f351392b-6c44-4f93-98c8-a108c538f35f: start group-669F84DE7C40
2019-08-21 09:03:57,423 INFO  impl.RaftServerImpl (RaftServerImpl.java:setRole(171)) - f351392b-6c44-4f93-98c8-a108c538f35f:group-669F84DE7C40 changes role from null to FOLLOWER at term 0 for startAsFollower
2019-08-21 09:03:57,424 INFO  impl.RoleInfo (RoleInfo.java:updateAndGet(143)) - f351392b-6c44-4f93-98c8-a108c538f35f: start FollowerState
2019-08-21 09:03:57,424 INFO  util.JmxRegister (JmxRegister.java:tryRegister(44)) - Successfully registered JMX Bean with object name Ratis:service=RaftServer,group=group-669F84DE7C40,id=f351392b-6c44-4f93-98c8-a108c538f35f
2019-08-21 09:03:57,430 INFO  pipeline.PipelineStateManager (PipelineStateManager.java:addPipeline(56)) - Created pipeline Pipeline[ Id: 76d11264-1fea-4c70-b2bd-669f84de7c40, Nodes: f351392b-6c44-4f93-98c8-a108c538f35f{ip: 192.168.157.251, host: pr-hdds-1948-qvnss-3490636412, networkLocation: /default-rack, certSerialId: null}, Type:RATIS, Factor:ONE, State:OPEN]
2019-08-21 09:03:57,575 INFO  net.NetworkTopology (NetworkTopologyImpl.java:add(110)) - Added a new node: /default-rack/84c80f7a-cb80-4090-88c4-05efb54ad056
2019-08-21 09:03:57,575 INFO  node.SCMNodeManager (SCMNodeManager.java:register(273)) - Registered Data node : 84c80f7a-cb80-4090-88c4-05efb54ad056{ip: 192.168.157.251, host: pr-hdds-1948-qvnss-3490636412, networkLocation: /default-rack, certSerialId: null}
2019-08-21 09:03:57,587 INFO  impl.RaftServerProxy (RaftServerProxy.java:addNew(89)) - 84c80f7a-cb80-4090-88c4-05efb54ad056: addNew group-3EF503B72CE8:[84c80f7a-cb80-4090-88c4-05efb54ad056:192.168.157.251:34608] returns group-3EF503B72CE8:java.util.concurrent.CompletableFuture@ce27952[Not completed]
2019-08-21 09:03:57,593 INFO  impl.RaftServerImpl (RaftServerImpl.java:<init>(93)) - 84c80f7a-cb80-4090-88c4-05efb54ad056: new RaftServerImpl for group-3EF503B72CE8:[84c80f7a-cb80-4090-88c4-05efb54ad056:192.168.157.251:34608] with ContainerStateMachine:uninitialized
2019-08-21 09:03:57,593 INFO  server.RaftServerConfigKeys (ConfUtils.java:logGet(43)) - raft.server.rpc.timeout.min = 5s (custom)
2019-08-21 09:03:57,593 INFO  server.RaftServerConfigKeys (ConfUtils.java:logGet(43)) - raft.server.rpc.timeout.max = 5200ms (custom)
2019-08-21 09:03:57,594 INFO  server.RaftServerConfigKeys (ConfUtils.java:logGet(43)) - raft.server.rpcslowness.timeout = 120s (custom)
2019-08-21 09:03:57,594 INFO  server.RaftServerConfigKeys (ConfUtils.java:logGet(43)) - raft.server.sleep.deviation.threshold = 300 (default)
2019-08-21 09:03:57,594 INFO  server.RaftServerConfigKeys (ConfUtils.java:logGet(43)) - raft.server.log.appender.install.snapshot.enabled = false (custom)
2019-08-21 09:03:57,594 INFO  impl.RaftServerImpl (ServerState.java:<init>(105)) - 84c80f7a-cb80-4090-88c4-05efb54ad056:group-3EF503B72CE8 ConfigurationManager, init=-1: [84c80f7a-cb80-4090-88c4-05efb54ad056:192.168.157.251:34608], old=null, confs=<EMPTY_MAP>
2019-08-21 09:03:57,594 INFO  server.RaftServerConfigKeys (ConfUtils.java:logGet(43)) - raft.server.storage.dir = [/workdir/hadoop-ozone/integration-test/target/test-dir/MiniOzoneClusterImpl-99126c74-8a49-4d65-9125-af5d1c669fa0/datanode-2/data/ratis] (custom)
2019-08-21 09:03:57,595 INFO  storage.RaftStorageDirectory (RaftStorageDirectory.java:analyzeStorage(246)) - The storage directory /workdir/hadoop-ozone/integration-test/target/test-dir/MiniOzoneClusterImpl-99126c74-8a49-4d65-9125-af5d1c669fa0/datanode-2/data/ratis/408e2101-e0e2-4186-aefd-3ef503b72ce8 does not exist. Creating ...
2019-08-21 09:03:57,609 INFO  storage.RaftStorageDirectory (RaftStorageDirectory.java:tryLock(328)) - Lock on /workdir/hadoop-ozone/integration-test/target/test-dir/MiniOzoneClusterImpl-99126c74-8a49-4d65-9125-af5d1c669fa0/datanode-2/data/ratis/408e2101-e0e2-4186-aefd-3ef503b72ce8/in_use.lock acquired by nodename 1744@pr-hdds-1948-qvnss-3490636412
2019-08-21 09:03:57,630 INFO  storage.RaftStorage (RaftStorage.java:format(72)) - Storage directory /workdir/hadoop-ozone/integration-test/target/test-dir/MiniOzoneClusterImpl-99126c74-8a49-4d65-9125-af5d1c669fa0/datanode-2/data/ratis/408e2101-e0e2-4186-aefd-3ef503b72ce8 has been successfully formatted.
2019-08-21 09:03:57,631 INFO  ratis.ContainerStateMachine (ContainerStateMachine.java:loadSnapshot(222)) - group-3EF503B72CE8: The snapshot info is null. Setting the last applied indexto:(t:0, i:~)
2019-08-21 09:03:57,631 INFO  server.RaftServerConfigKeys (ConfUtils.java:logGet(43)) - raft.server.leader.election.timeout = 120s (custom)
2019-08-21 09:03:57,631 INFO  server.RaftServerConfigKeys (ConfUtils.java:logGet(43)) - raft.server.log.use.memory = false (default)
2019-08-21 09:03:57,631 INFO  server.RaftServerConfigKeys (ConfUtils.java:logGet(43)) - raft.server.log.purge.gap = 1000000000 (custom)
2019-08-21 09:03:57,632 INFO  server.RaftServerConfigKeys (ConfUtils.java:logGet(43)) - raft.server.log.appender.buffer.byte-limit = 33554432 (custom)
2019-08-21 09:03:57,632 INFO  server.RaftServerConfigKeys (ConfUtils.java:logGet(43)) - raft.server.log.segment.size.max = 1048576 (custom)
2019-08-21 09:03:57,632 INFO  ozone.MiniOzoneClusterImpl (MiniOzoneClusterImpl.java:lambda$waitForClusterToBeReady$0(142)) - Waiting for cluster to be ready. Got 3 of 7 DN Heartbeats.
2019-08-21 09:03:57,632 INFO  server.RaftServerConfigKeys (ConfUtils.java:logGet(43)) - raft.server.log.segment.cache.num.max = 2 (custom)
2019-08-21 09:03:57,632 INFO  segmented.SegmentedRaftLogWorker (SegmentedRaftLogWorker.java:<init>(172)) - new 84c80f7a-cb80-4090-88c4-05efb54ad056-SegmentedRaftLogWorker:Storage Directory /workdir/hadoop-ozone/integration-test/target/test-dir/MiniOzoneClusterImpl-99126c74-8a49-4d65-9125-af5d1c669fa0/datanode-2/data/ratis/408e2101-e0e2-4186-aefd-3ef503b72ce8 for RaftStorage:Storage Directory /workdir/hadoop-ozone/integration-test/target/test-dir/MiniOzoneClusterImpl-99126c74-8a49-4d65-9125-af5d1c669fa0/datanode-2/data/ratis/408e2101-e0e2-4186-aefd-3ef503b72ce8
2019-08-21 09:03:57,633 INFO  server.RaftServerConfigKeys (ConfUtils.java:logGet(43)) - raft.server.log.queue.byte-limit = 2147483647 (custom)
2019-08-21 09:03:57,633 INFO  server.RaftServerConfigKeys (ConfUtils.java:logGet(43)) - raft.server.log.queue.element-limit = 1024 (custom)
2019-08-21 09:03:57,633 INFO  server.RaftServerConfigKeys (ConfUtils.java:logGet(43)) - raft.server.log.segment.size.max = 1048576 (custom)
2019-08-21 09:03:57,633 INFO  server.RaftServerConfigKeys (ConfUtils.java:logGet(43)) - raft.server.log.preallocated.size = 16384 (custom)
2019-08-21 09:03:57,634 INFO  server.RaftServerConfigKeys (ConfUtils.java:logGet(43)) - raft.server.log.write.buffer.size = 33554432 (custom)
2019-08-21 09:03:57,634 INFO  server.RaftServerConfigKeys (ConfUtils.java:logGet(43)) - raft.server.log.force.sync.num = 128 (default)
2019-08-21 09:03:57,634 INFO  server.RaftServerConfigKeys (ConfUtils.java:logGet(43)) - raft.server.log.statemachine.data.sync = true (default)
2019-08-21 09:03:57,634 INFO  server.RaftServerConfigKeys (ConfUtils.java:logGet(43)) - raft.server.log.statemachine.data.sync.timeout = 10s (default)
2019-08-21 09:03:57,634 INFO  server.RaftServerConfigKeys (ConfUtils.java:logGet(43)) - raft.server.log.statemachine.data.sync.timeout.retry = -1 (default)
2019-08-21 09:03:57,635 INFO  server.RaftServerConfigKeys (ConfUtils.java:logGet(43)) - raft.server.log.statemachine.data.caching.enabled = true (custom)
2019-08-21 09:03:57,635 INFO  segmented.SegmentedRaftLogWorker (SegmentedRaftLogWorker.java:lambda$new$0(132)) - 84c80f7a-cb80-4090-88c4-05efb54ad056-SegmentedRaftLogWorker:Storage Directory /workdir/hadoop-ozone/integration-test/target/test-dir/MiniOzoneClusterImpl-99126c74-8a49-4d65-9125-af5d1c669fa0/datanode-2/data/ratis/408e2101-e0e2-4186-aefd-3ef503b72ce8: flushIndex: setUnconditionally 0 -> -1
2019-08-21 09:03:57,635 INFO  server.RaftServerConfigKeys (ConfUtils.java:logGet(43)) - raft.server.snapshot.auto.trigger.enabled = true (custom)
2019-08-21 09:03:57,636 INFO  server.RaftServerConfigKeys (ConfUtils.java:logGet(43)) - raft.server.snapshot.auto.trigger.threshold = 10000 (custom)
2019-08-21 09:03:57,636 INFO  server.RaftServerConfigKeys (ConfUtils.java:logGet(43)) - raft.server.retrycache.expirytime = 600000ms (custom)
2019-08-21 09:03:57,636 INFO  impl.RaftServerImpl (RaftServerImpl.java:start(180)) - 84c80f7a-cb80-4090-88c4-05efb54ad056: start group-3EF503B72CE8
2019-08-21 09:03:57,636 INFO  impl.RaftServerImpl (RaftServerImpl.java:setRole(171)) - 84c80f7a-cb80-4090-88c4-05efb54ad056:group-3EF503B72CE8 changes role from null to FOLLOWER at term 0 for startAsFollower
2019-08-21 09:03:57,637 INFO  impl.RoleInfo (RoleInfo.java:updateAndGet(143)) - 84c80f7a-cb80-4090-88c4-05efb54ad056: start FollowerState
2019-08-21 09:03:57,637 INFO  util.JmxRegister (JmxRegister.java:tryRegister(44)) - Successfully registered JMX Bean with object name Ratis:service=RaftServer,group=group-3EF503B72CE8,id=84c80f7a-cb80-4090-88c4-05efb54ad056
2019-08-21 09:03:57,643 INFO  pipeline.PipelineStateManager (PipelineStateManager.java:addPipeline(56)) - Created pipeline Pipeline[ Id: 408e2101-e0e2-4186-aefd-3ef503b72ce8, Nodes: 84c80f7a-cb80-4090-88c4-05efb54ad056{ip: 192.168.157.251, host: pr-hdds-1948-qvnss-3490636412, networkLocation: /default-rack, certSerialId: null}, Type:RATIS, Factor:ONE, State:OPEN]
2019-08-21 09:03:57,658 INFO  impl.RaftServerProxy (RaftServerProxy.java:addNew(89)) - f351392b-6c44-4f93-98c8-a108c538f35f: addNew group-06FDDC7179C9:[f351392b-6c44-4f93-98c8-a108c538f35f:192.168.157.251:33770, 84c80f7a-cb80-4090-88c4-05efb54ad056:192.168.157.251:34608, 51c797bf-85d4-46b6-bb6a-11c05d27fa2a:192.168.157.251:41606] returns group-06FDDC7179C9:java.util.concurrent.CompletableFuture@6a0d28b7[Not completed]
2019-08-21 09:03:57,659 INFO  impl.RaftServerProxy (RaftServerProxy.java:addNew(89)) - 51c797bf-85d4-46b6-bb6a-11c05d27fa2a: addNew group-06FDDC7179C9:[f351392b-6c44-4f93-98c8-a108c538f35f:192.168.157.251:33770, 84c80f7a-cb80-4090-88c4-05efb54ad056:192.168.157.251:34608, 51c797bf-85d4-46b6-bb6a-11c05d27fa2a:192.168.157.251:41606] returns group-06FDDC7179C9:java.util.concurrent.CompletableFuture@4f7865bc[Not completed]
2019-08-21 09:03:57,659 INFO  impl.RaftServerProxy (RaftServerProxy.java:addNew(89)) - 84c80f7a-cb80-4090-88c4-05efb54ad056: addNew group-06FDDC7179C9:[f351392b-6c44-4f93-98c8-a108c538f35f:192.168.157.251:33770, 84c80f7a-cb80-4090-88c4-05efb54ad056:192.168.157.251:34608, 51c797bf-85d4-46b6-bb6a-11c05d27fa2a:192.168.157.251:41606] returns group-06FDDC7179C9:java.util.concurrent.CompletableFuture@7ed8b853[Not completed]
2019-08-21 09:03:57,661 INFO  impl.RaftServerImpl (RaftServerImpl.java:<init>(93)) - f351392b-6c44-4f93-98c8-a108c538f35f: new RaftServerImpl for group-06FDDC7179C9:[f351392b-6c44-4f93-98c8-a108c538f35f:192.168.157.251:33770, 84c80f7a-cb80-4090-88c4-05efb54ad056:192.168.157.251:34608, 51c797bf-85d4-46b6-bb6a-11c05d27fa2a:192.168.157.251:41606] with ContainerStateMachine:uninitialized
2019-08-21 09:03:57,661 INFO  server.RaftServerConfigKeys (ConfUtils.java:logGet(43)) - raft.server.rpc.timeout.min = 5s (custom)
2019-08-21 09:03:57,662 INFO  server.RaftServerConfigKeys (ConfUtils.java:logGet(43)) - raft.server.rpc.timeout.max = 5200ms (custom)
2019-08-21 09:03:57,662 INFO  server.RaftServerConfigKeys (ConfUtils.java:logGet(43)) - raft.server.rpcslowness.timeout = 120s (custom)
2019-08-21 09:03:57,662 INFO  server.RaftServerConfigKeys (ConfUtils.java:logGet(43)) - raft.server.sleep.deviation.threshold = 300 (default)
2019-08-21 09:03:57,662 INFO  server.RaftServerConfigKeys (ConfUtils.java:logGet(43)) - raft.server.log.appender.install.snapshot.enabled = false (custom)
2019-08-21 09:03:57,662 INFO  impl.RaftServerImpl (ServerState.java:<init>(105)) - f351392b-6c44-4f93-98c8-a108c538f35f:group-06FDDC7179C9 ConfigurationManager, init=-1: [f351392b-6c44-4f93-98c8-a108c538f35f:192.168.157.251:33770, 84c80f7a-cb80-4090-88c4-05efb54ad056:192.168.157.251:34608, 51c797bf-85d4-46b6-bb6a-11c05d27fa2a:192.168.157.251:41606], old=null, confs=<EMPTY_MAP>
2019-08-21 09:03:57,663 INFO  server.RaftServerConfigKeys (ConfUtils.java:logGet(43)) - raft.server.storage.dir = [/workdir/hadoop-ozone/integration-test/target/test-dir/MiniOzoneClusterImpl-99126c74-8a49-4d65-9125-af5d1c669fa0/datanode-1/data/ratis] (custom)
2019-08-21 09:03:57,663 INFO  impl.RaftServerImpl (RaftServerImpl.java:<init>(93)) - 84c80f7a-cb80-4090-88c4-05efb54ad056: new RaftServerImpl for group-06FDDC7179C9:[f351392b-6c44-4f93-98c8-a108c538f35f:192.168.157.251:33770, 84c80f7a-cb80-4090-88c4-05efb54ad056:192.168.157.251:34608, 51c797bf-85d4-46b6-bb6a-11c05d27fa2a:192.168.157.251:41606] with ContainerStateMachine:uninitialized
2019-08-21 09:03:57,663 INFO  storage.RaftStorageDirectory (RaftStorageDirectory.java:analyzeStorage(246)) - The storage directory /workdir/hadoop-ozone/integration-test/target/test-dir/MiniOzoneClusterImpl-99126c74-8a49-4d65-9125-af5d1c669fa0/datanode-1/data/ratis/65e641a3-b8dc-4fb0-85f5-06fddc7179c9 does not exist. Creating ...
2019-08-21 09:03:57,663 INFO  server.RaftServerConfigKeys (ConfUtils.java:logGet(43)) - raft.server.rpc.timeout.min = 5s (custom)
2019-08-21 09:03:57,663 INFO  server.RaftServerConfigKeys (ConfUtils.java:logGet(43)) - raft.server.rpc.timeout.max = 5200ms (custom)
2019-08-21 09:03:57,664 INFO  server.RaftServerConfigKeys (ConfUtils.java:logGet(43)) - raft.server.rpcslowness.timeout = 120s (custom)
2019-08-21 09:03:57,664 INFO  server.RaftServerConfigKeys (ConfUtils.java:logGet(43)) - raft.server.sleep.deviation.threshold = 300 (default)
2019-08-21 09:03:57,664 INFO  server.RaftServerConfigKeys (ConfUtils.java:logGet(43)) - raft.server.log.appender.install.snapshot.enabled = false (custom)
2019-08-21 09:03:57,664 INFO  impl.RaftServerImpl (ServerState.java:<init>(105)) - 84c80f7a-cb80-4090-88c4-05efb54ad056:group-06FDDC7179C9 ConfigurationManager, init=-1: [f351392b-6c44-4f93-98c8-a108c538f35f:192.168.157.251:33770, 84c80f7a-cb80-4090-88c4-05efb54ad056:192.168.157.251:34608, 51c797bf-85d4-46b6-bb6a-11c05d27fa2a:192.168.157.251:41606], old=null, confs=<EMPTY_MAP>
2019-08-21 09:03:57,664 INFO  impl.RaftServerImpl (RaftServerImpl.java:<init>(93)) - 51c797bf-85d4-46b6-bb6a-11c05d27fa2a: new RaftServerImpl for group-06FDDC7179C9:[f351392b-6c44-4f93-98c8-a108c538f35f:192.168.157.251:33770, 84c80f7a-cb80-4090-88c4-05efb54ad056:192.168.157.251:34608, 51c797bf-85d4-46b6-bb6a-11c05d27fa2a:192.168.157.251:41606] with ContainerStateMachine:uninitialized
2019-08-21 09:03:57,665 INFO  server.RaftServerConfigKeys (ConfUtils.java:logGet(43)) - raft.server.storage.dir = [/workdir/hadoop-ozone/integration-test/target/test-dir/MiniOzoneClusterImpl-99126c74-8a49-4d65-9125-af5d1c669fa0/datanode-2/data/ratis] (custom)
2019-08-21 09:03:57,665 INFO  server.RaftServerConfigKeys (ConfUtils.java:logGet(43)) - raft.server.rpc.timeout.min = 5s (custom)
2019-08-21 09:03:57,665 INFO  server.RaftServerConfigKeys (ConfUtils.java:logGet(43)) - raft.server.rpc.timeout.max = 5200ms (custom)
2019-08-21 09:03:57,665 INFO  storage.RaftStorageDirectory (RaftStorageDirectory.java:analyzeStorage(246)) - The storage directory /workdir/hadoop-ozone/integration-test/target/test-dir/MiniOzoneClusterImpl-99126c74-8a49-4d65-9125-af5d1c669fa0/datanode-2/data/ratis/65e641a3-b8dc-4fb0-85f5-06fddc7179c9 does not exist. Creating ...
2019-08-21 09:03:57,665 INFO  server.RaftServerConfigKeys (ConfUtils.java:logGet(43)) - raft.server.rpcslowness.timeout = 120s (custom)
2019-08-21 09:03:57,666 INFO  server.RaftServerConfigKeys (ConfUtils.java:logGet(43)) - raft.server.sleep.deviation.threshold = 300 (default)
2019-08-21 09:03:57,666 INFO  server.RaftServerConfigKeys (ConfUtils.java:logGet(43)) - raft.server.log.appender.install.snapshot.enabled = false (custom)
2019-08-21 09:03:57,666 INFO  impl.RaftServerImpl (ServerState.java:<init>(105)) - 51c797bf-85d4-46b6-bb6a-11c05d27fa2a:group-06FDDC7179C9 ConfigurationManager, init=-1: [f351392b-6c44-4f93-98c8-a108c538f35f:192.168.157.251:33770, 84c80f7a-cb80-4090-88c4-05efb54ad056:192.168.157.251:34608, 51c797bf-85d4-46b6-bb6a-11c05d27fa2a:192.168.157.251:41606], old=null, confs=<EMPTY_MAP>
2019-08-21 09:03:57,666 INFO  server.RaftServerConfigKeys (ConfUtils.java:logGet(43)) - raft.server.storage.dir = [/workdir/hadoop-ozone/integration-test/target/test-dir/MiniOzoneClusterImpl-99126c74-8a49-4d65-9125-af5d1c669fa0/datanode-0/data/ratis] (custom)
2019-08-21 09:03:57,667 INFO  storage.RaftStorageDirectory (RaftStorageDirectory.java:analyzeStorage(246)) - The storage directory /workdir/hadoop-ozone/integration-test/target/test-dir/MiniOzoneClusterImpl-99126c74-8a49-4d65-9125-af5d1c669fa0/datanode-0/data/ratis/65e641a3-b8dc-4fb0-85f5-06fddc7179c9 does not exist. Creating ...
2019-08-21 09:03:57,689 INFO  storage.RaftStorageDirectory (RaftStorageDirectory.java:tryLock(328)) - Lock on /workdir/hadoop-ozone/integration-test/target/test-dir/MiniOzoneClusterImpl-99126c74-8a49-4d65-9125-af5d1c669fa0/datanode-0/data/ratis/65e641a3-b8dc-4fb0-85f5-06fddc7179c9/in_use.lock acquired by nodename 1744@pr-hdds-1948-qvnss-3490636412
2019-08-21 09:03:57,689 INFO  storage.RaftStorageDirectory (RaftStorageDirectory.java:tryLock(328)) - Lock on /workdir/hadoop-ozone/integration-test/target/test-dir/MiniOzoneClusterImpl-99126c74-8a49-4d65-9125-af5d1c669fa0/datanode-2/data/ratis/65e641a3-b8dc-4fb0-85f5-06fddc7179c9/in_use.lock acquired by nodename 1744@pr-hdds-1948-qvnss-3490636412
2019-08-21 09:03:57,689 INFO  storage.RaftStorageDirectory (RaftStorageDirectory.java:tryLock(328)) - Lock on /workdir/hadoop-ozone/integration-test/target/test-dir/MiniOzoneClusterImpl-99126c74-8a49-4d65-9125-af5d1c669fa0/datanode-1/data/ratis/65e641a3-b8dc-4fb0-85f5-06fddc7179c9/in_use.lock acquired by nodename 1744@pr-hdds-1948-qvnss-3490636412
2019-08-21 09:03:57,712 INFO  storage.RaftStorage (RaftStorage.java:format(72)) - Storage directory /workdir/hadoop-ozone/integration-test/target/test-dir/MiniOzoneClusterImpl-99126c74-8a49-4d65-9125-af5d1c669fa0/datanode-0/data/ratis/65e641a3-b8dc-4fb0-85f5-06fddc7179c9 has been successfully formatted.
2019-08-21 09:03:57,712 INFO  storage.RaftStorage (RaftStorage.java:format(72)) - Storage directory /workdir/hadoop-ozone/integration-test/target/test-dir/MiniOzoneClusterImpl-99126c74-8a49-4d65-9125-af5d1c669fa0/datanode-1/data/ratis/65e641a3-b8dc-4fb0-85f5-06fddc7179c9 has been successfully formatted.
2019-08-21 09:03:57,712 INFO  ratis.ContainerStateMachine (ContainerStateMachine.java:loadSnapshot(222)) - group-06FDDC7179C9: The snapshot info is null. Setting the last applied indexto:(t:0, i:~)
2019-08-21 09:03:57,712 INFO  storage.RaftStorage (RaftStorage.java:format(72)) - Storage directory /workdir/hadoop-ozone/integration-test/target/test-dir/MiniOzoneClusterImpl-99126c74-8a49-4d65-9125-af5d1c669fa0/datanode-2/data/ratis/65e641a3-b8dc-4fb0-85f5-06fddc7179c9 has been successfully formatted.
2019-08-21 09:03:57,712 INFO  server.RaftServerConfigKeys (ConfUtils.java:logGet(43)) - raft.server.leader.election.timeout = 120s (custom)
2019-08-21 09:03:57,712 INFO  ratis.ContainerStateMachine (ContainerStateMachine.java:loadSnapshot(222)) - group-06FDDC7179C9: The snapshot info is null. Setting the last applied indexto:(t:0, i:~)
2019-08-21 09:03:57,713 INFO  server.RaftServerConfigKeys (ConfUtils.java:logGet(43)) - raft.server.log.use.memory = false (default)
2019-08-21 09:03:57,713 INFO  ratis.ContainerStateMachine (ContainerStateMachine.java:loadSnapshot(222)) - group-06FDDC7179C9: The snapshot info is null. Setting the last applied indexto:(t:0, i:~)
2019-08-21 09:03:57,713 INFO  server.RaftServerConfigKeys (ConfUtils.java:logGet(43)) - raft.server.log.purge.gap = 1000000000 (custom)
2019-08-21 09:03:57,713 INFO  server.RaftServerConfigKeys (ConfUtils.java:logGet(43)) - raft.server.leader.election.timeout = 120s (custom)
2019-08-21 09:03:57,714 INFO  server.RaftServerConfigKeys (ConfUtils.java:logGet(43)) - raft.server.log.appender.buffer.byte-limit = 33554432 (custom)
2019-08-21 09:03:57,713 INFO  server.RaftServerConfigKeys (ConfUtils.java:logGet(43)) - raft.server.leader.election.timeout = 120s (custom)
2019-08-21 09:03:57,714 INFO  server.RaftServerConfigKeys (ConfUtils.java:logGet(43)) - raft.server.log.segment.size.max = 1048576 (custom)
2019-08-21 09:03:57,714 INFO  server.RaftServerConfigKeys (ConfUtils.java:logGet(43)) - raft.server.log.use.memory = false (default)
2019-08-21 09:03:57,714 INFO  server.RaftServerConfigKeys (ConfUtils.java:logGet(43)) - raft.server.log.segment.cache.num.max = 2 (custom)
2019-08-21 09:03:57,714 INFO  server.RaftServerConfigKeys (ConfUtils.java:logGet(43)) - raft.server.log.use.memory = false (default)
2019-08-21 09:03:57,715 INFO  segmented.SegmentedRaftLogWorker (SegmentedRaftLogWorker.java:<init>(172)) - new 51c797bf-85d4-46b6-bb6a-11c05d27fa2a-SegmentedRaftLogWorker:Storage Directory /workdir/hadoop-ozone/integration-test/target/test-dir/MiniOzoneClusterImpl-99126c74-8a49-4d65-9125-af5d1c669fa0/datanode-0/data/ratis/65e641a3-b8dc-4fb0-85f5-06fddc7179c9 for RaftStorage:Storage Directory /workdir/hadoop-ozone/integration-test/target/test-dir/MiniOzoneClusterImpl-99126c74-8a49-4d65-9125-af5d1c669fa0/datanode-0/data/ratis/65e641a3-b8dc-4fb0-85f5-06fddc7179c9
2019-08-21 09:03:57,715 INFO  server.RaftServerConfigKeys (ConfUtils.java:logGet(43)) - raft.server.log.purge.gap = 1000000000 (custom)
2019-08-21 09:03:57,715 INFO  server.RaftServerConfigKeys (ConfUtils.java:logGet(43)) - raft.server.log.queue.byte-limit = 2147483647 (custom)
2019-08-21 09:03:57,715 INFO  server.RaftServerConfigKeys (ConfUtils.java:logGet(43)) - raft.server.log.purge.gap = 1000000000 (custom)
2019-08-21 09:03:57,716 INFO  server.RaftServerConfigKeys (ConfUtils.java:logGet(43)) - raft.server.log.queue.element-limit = 1024 (custom)
2019-08-21 09:03:57,715 INFO  server.RaftServerConfigKeys (ConfUtils.java:logGet(43)) - raft.server.log.appender.buffer.byte-limit = 33554432 (custom)
2019-08-21 09:03:57,716 INFO  server.RaftServerConfigKeys (ConfUtils.java:logGet(43)) - raft.server.log.segment.size.max = 1048576 (custom)
2019-08-21 09:03:57,716 INFO  server.RaftServerConfigKeys (ConfUtils.java:logGet(43)) - raft.server.log.appender.buffer.byte-limit = 33554432 (custom)
2019-08-21 09:03:57,716 INFO  server.RaftServerConfigKeys (ConfUtils.java:logGet(43)) - raft.server.log.preallocated.size = 16384 (custom)
2019-08-21 09:03:57,716 INFO  server.RaftServerConfigKeys (ConfUtils.java:logGet(43)) - raft.server.log.segment.size.max = 1048576 (custom)
2019-08-21 09:03:57,717 INFO  server.RaftServerConfigKeys (ConfUtils.java:logGet(43)) - raft.server.log.write.buffer.size = 33554432 (custom)
2019-08-21 09:03:57,717 INFO  server.RaftServerConfigKeys (ConfUtils.java:logGet(43)) - raft.server.log.segment.size.max = 1048576 (custom)
2019-08-21 09:03:57,717 INFO  server.RaftServerConfigKeys (ConfUtils.java:logGet(43)) - raft.server.log.force.sync.num = 128 (default)
2019-08-21 09:03:57,717 INFO  server.RaftServerConfigKeys (ConfUtils.java:logGet(43)) - raft.server.log.segment.cache.num.max = 2 (custom)
2019-08-21 09:03:57,718 INFO  server.RaftServerConfigKeys (ConfUtils.java:logGet(43)) - raft.server.log.statemachine.data.sync = true (default)
2019-08-21 09:03:57,717 INFO  server.RaftServerConfigKeys (ConfUtils.java:logGet(43)) - raft.server.log.segment.cache.num.max = 2 (custom)
2019-08-21 09:03:57,718 INFO  server.RaftServerConfigKeys (ConfUtils.java:logGet(43)) - raft.server.log.statemachine.data.sync.timeout = 10s (default)
2019-08-21 09:03:57,718 INFO  segmented.SegmentedRaftLogWorker (SegmentedRaftLogWorker.java:<init>(172)) - new f351392b-6c44-4f93-98c8-a108c538f35f-SegmentedRaftLogWorker:Storage Directory /workdir/hadoop-ozone/integration-test/target/test-dir/MiniOzoneClusterImpl-99126c74-8a49-4d65-9125-af5d1c669fa0/datanode-1/data/ratis/65e641a3-b8dc-4fb0-85f5-06fddc7179c9 for RaftStorage:Storage Directory /workdir/hadoop-ozone/integration-test/target/test-dir/MiniOzoneClusterImpl-99126c74-8a49-4d65-9125-af5d1c669fa0/datanode-1/data/ratis/65e641a3-b8dc-4fb0-85f5-06fddc7179c9
2019-08-21 09:03:57,718 INFO  server.RaftServerConfigKeys (ConfUtils.java:logGet(43)) - raft.server.log.statemachine.data.sync.timeout.retry = -1 (default)
2019-08-21 09:03:57,718 INFO  segmented.SegmentedRaftLogWorker (SegmentedRaftLogWorker.java:<init>(172)) - new 84c80f7a-cb80-4090-88c4-05efb54ad056-SegmentedRaftLogWorker:Storage Directory /workdir/hadoop-ozone/integration-test/target/test-dir/MiniOzoneClusterImpl-99126c74-8a49-4d65-9125-af5d1c669fa0/datanode-2/data/ratis/65e641a3-b8dc-4fb0-85f5-06fddc7179c9 for RaftStorage:Storage Directory /workdir/hadoop-ozone/integration-test/target/test-dir/MiniOzoneClusterImpl-99126c74-8a49-4d65-9125-af5d1c669fa0/datanode-2/data/ratis/65e641a3-b8dc-4fb0-85f5-06fddc7179c9
2019-08-21 09:03:57,719 INFO  server.RaftServerConfigKeys (ConfUtils.java:logGet(43)) - raft.server.log.statemachine.data.caching.enabled = true (custom)
2019-08-21 09:03:57,719 INFO  server.RaftServerConfigKeys (ConfUtils.java:logGet(43)) - raft.server.log.queue.byte-limit = 2147483647 (custom)
2019-08-21 09:03:57,719 INFO  server.RaftServerConfigKeys (ConfUtils.java:logGet(43)) - raft.server.log.queue.byte-limit = 2147483647 (custom)
2019-08-21 09:03:57,720 INFO  segmented.SegmentedRaftLogWorker (SegmentedRaftLogWorker.java:lambda$new$0(132)) - 51c797bf-85d4-46b6-bb6a-11c05d27fa2a-SegmentedRaftLogWorker:Storage Directory /workdir/hadoop-ozone/integration-test/target/test-dir/MiniOzoneClusterImpl-99126c74-8a49-4d65-9125-af5d1c669fa0/datanode-0/data/ratis/65e641a3-b8dc-4fb0-85f5-06fddc7179c9: flushIndex: setUnconditionally 0 -> -1
2019-08-21 09:03:57,720 INFO  server.RaftServerConfigKeys (ConfUtils.java:logGet(43)) - raft.server.log.queue.element-limit = 1024 (custom)
2019-08-21 09:03:57,720 INFO  server.RaftServerConfigKeys (ConfUtils.java:logGet(43)) - raft.server.log.queue.element-limit = 1024 (custom)
2019-08-21 09:03:57,720 INFO  server.RaftServerConfigKeys (ConfUtils.java:logGet(43)) - raft.server.log.segment.size.max = 1048576 (custom)
2019-08-21 09:03:57,720 INFO  server.RaftServerConfigKeys (ConfUtils.java:logGet(43)) - raft.server.snapshot.auto.trigger.enabled = true (custom)
2019-08-21 09:03:57,721 INFO  server.RaftServerConfigKeys (ConfUtils.java:logGet(43)) - raft.server.log.preallocated.size = 16384 (custom)
2019-08-21 09:03:57,720 INFO  server.RaftServerConfigKeys (ConfUtils.java:logGet(43)) - raft.server.log.segment.size.max = 1048576 (custom)
2019-08-21 09:03:57,721 INFO  server.RaftServerConfigKeys (ConfUtils.java:logGet(43)) - raft.server.log.write.buffer.size = 33554432 (custom)
2019-08-21 09:03:57,721 INFO  server.RaftServerConfigKeys (ConfUtils.java:logGet(43)) - raft.server.snapshot.auto.trigger.threshold = 10000 (custom)
2019-08-21 09:03:57,721 INFO  server.RaftServerConfigKeys (ConfUtils.java:logGet(43)) - raft.server.log.force.sync.num = 128 (default)
2019-08-21 09:03:57,722 INFO  server.RaftServerConfigKeys (ConfUtils.java:logGet(43)) - raft.server.log.statemachine.data.sync = true (default)
2019-08-21 09:03:57,721 INFO  server.RaftServerConfigKeys (ConfUtils.java:logGet(43)) - raft.server.log.preallocated.size = 16384 (custom)
2019-08-21 09:03:57,722 INFO  server.RaftServerConfigKeys (ConfUtils.java:logGet(43)) - raft.server.log.statemachine.data.sync.timeout = 10s (default)
2019-08-21 09:03:57,722 INFO  server.RaftServerConfigKeys (ConfUtils.java:logGet(43)) - raft.server.retrycache.expirytime = 600000ms (custom)
2019-08-21 09:03:57,722 INFO  server.RaftServerConfigKeys (ConfUtils.java:logGet(43)) - raft.server.log.statemachine.data.sync.timeout.retry = -1 (default)
2019-08-21 09:03:57,723 INFO  impl.RaftServerImpl (RaftServerImpl.java:start(180)) - 51c797bf-85d4-46b6-bb6a-11c05d27fa2a: start group-06FDDC7179C9
2019-08-21 09:03:57,722 INFO  server.RaftServerConfigKeys (ConfUtils.java:logGet(43)) - raft.server.log.write.buffer.size = 33554432 (custom)
2019-08-21 09:03:57,723 INFO  impl.RaftServerImpl (RaftServerImpl.java:setRole(171)) - 51c797bf-85d4-46b6-bb6a-11c05d27fa2a:group-06FDDC7179C9 changes role from null to FOLLOWER at term 0 for startAsFollower
2019-08-21 09:03:57,723 INFO  server.RaftServerConfigKeys (ConfUtils.java:logGet(43)) - raft.server.log.statemachine.data.caching.enabled = true (custom)
2019-08-21 09:03:57,723 INFO  impl.RoleInfo (RoleInfo.java:updateAndGet(143)) - 51c797bf-85d4-46b6-bb6a-11c05d27fa2a: start FollowerState
2019-08-21 09:03:57,723 INFO  server.RaftServerConfigKeys (ConfUtils.java:logGet(43)) - raft.server.log.force.sync.num = 128 (default)
2019-08-21 09:03:57,724 INFO  segmented.SegmentedRaftLogWorker (SegmentedRaftLogWorker.java:lambda$new$0(132)) - f351392b-6c44-4f93-98c8-a108c538f35f-SegmentedRaftLogWorker:Storage Directory /workdir/hadoop-ozone/integration-test/target/test-dir/MiniOzoneClusterImpl-99126c74-8a49-4d65-9125-af5d1c669fa0/datanode-1/data/ratis/65e641a3-b8dc-4fb0-85f5-06fddc7179c9: flushIndex: setUnconditionally 0 -> -1
2019-08-21 09:03:57,724 INFO  server.RaftServerConfigKeys (ConfUtils.java:logGet(43)) - raft.server.log.statemachine.data.sync = true (default)
2019-08-21 09:03:57,735 INFO  util.JmxRegister (JmxRegister.java:tryRegister(44)) - Successfully registered JMX Bean with object name Ratis:service=RaftServer,group=group-06FDDC7179C9,id=51c797bf-85d4-46b6-bb6a-11c05d27fa2a
2019-08-21 09:03:57,735 INFO  server.RaftServerConfigKeys (ConfUtils.java:logGet(43)) - raft.server.snapshot.auto.trigger.enabled = true (custom)
2019-08-21 09:03:57,735 INFO  server.RaftServerConfigKeys (ConfUtils.java:logGet(43)) - raft.server.log.statemachine.data.sync.timeout = 10s (default)
2019-08-21 09:03:57,735 INFO  server.RaftServerConfigKeys (ConfUtils.java:logGet(43)) - raft.server.snapshot.auto.trigger.threshold = 10000 (custom)
2019-08-21 09:03:57,736 INFO  server.RaftServerConfigKeys (ConfUtils.java:logGet(43)) - raft.server.log.statemachine.data.sync.timeout.retry = -1 (default)
2019-08-21 09:03:57,743 INFO  server.RaftServerConfigKeys (ConfUtils.java:logGet(43)) - raft.server.retrycache.expirytime = 600000ms (custom)
2019-08-21 09:03:57,744 INFO  server.RaftServerConfigKeys (ConfUtils.java:logGet(43)) - raft.server.log.statemachine.data.caching.enabled = true (custom)
2019-08-21 09:03:57,744 INFO  impl.RaftServerImpl (RaftServerImpl.java:start(180)) - f351392b-6c44-4f93-98c8-a108c538f35f: start group-06FDDC7179C9
2019-08-21 09:03:57,744 INFO  impl.RaftServerImpl (RaftServerImpl.java:setRole(171)) - f351392b-6c44-4f93-98c8-a108c538f35f:group-06FDDC7179C9 changes role from null to FOLLOWER at term 0 for startAsFollower
2019-08-21 09:03:57,744 INFO  segmented.SegmentedRaftLogWorker (SegmentedRaftLogWorker.java:lambda$new$0(132)) - 84c80f7a-cb80-4090-88c4-05efb54ad056-SegmentedRaftLogWorker:Storage Directory /workdir/hadoop-ozone/integration-test/target/test-dir/MiniOzoneClusterImpl-99126c74-8a49-4d65-9125-af5d1c669fa0/datanode-2/data/ratis/65e641a3-b8dc-4fb0-85f5-06fddc7179c9: flushIndex: setUnconditionally 0 -> -1
2019-08-21 09:03:57,746 INFO  impl.RoleInfo (RoleInfo.java:updateAndGet(143)) - f351392b-6c44-4f93-98c8-a108c538f35f: start FollowerState
2019-08-21 09:03:57,747 INFO  server.RaftServerConfigKeys (ConfUtils.java:logGet(43)) - raft.server.snapshot.auto.trigger.enabled = true (custom)
2019-08-21 09:03:57,747 INFO  server.RaftServerConfigKeys (ConfUtils.java:logGet(43)) - raft.server.snapshot.auto.trigger.threshold = 10000 (custom)
2019-08-21 09:03:57,747 INFO  util.JmxRegister (JmxRegister.java:tryRegister(44)) - Successfully registered JMX Bean with object name Ratis:service=RaftServer,group=group-06FDDC7179C9,id=f351392b-6c44-4f93-98c8-a108c538f35f
2019-08-21 09:03:57,747 INFO  server.RaftServerConfigKeys (ConfUtils.java:logGet(43)) - raft.server.retrycache.expirytime = 600000ms (custom)
2019-08-21 09:03:57,748 INFO  impl.RaftServerImpl (RaftServerImpl.java:start(180)) - 84c80f7a-cb80-4090-88c4-05efb54ad056: start group-06FDDC7179C9
2019-08-21 09:03:57,748 INFO  impl.RaftServerImpl (RaftServerImpl.java:setRole(171)) - 84c80f7a-cb80-4090-88c4-05efb54ad056:group-06FDDC7179C9 changes role from null to FOLLOWER at term 0 for startAsFollower
2019-08-21 09:03:57,748 INFO  impl.RoleInfo (RoleInfo.java:updateAndGet(143)) - 84c80f7a-cb80-4090-88c4-05efb54ad056: start FollowerState
2019-08-21 09:03:57,748 INFO  util.JmxRegister (JmxRegister.java:tryRegister(44)) - Successfully registered JMX Bean with object name Ratis:service=RaftServer,group=group-06FDDC7179C9,id=84c80f7a-cb80-4090-88c4-05efb54ad056
2019-08-21 09:03:57,756 INFO  pipeline.PipelineStateManager (PipelineStateManager.java:addPipeline(56)) - Created pipeline Pipeline[ Id: 65e641a3-b8dc-4fb0-85f5-06fddc7179c9, Nodes: 84c80f7a-cb80-4090-88c4-05efb54ad056{ip: 192.168.157.251, host: pr-hdds-1948-qvnss-3490636412, networkLocation: /default-rack, certSerialId: null}f351392b-6c44-4f93-98c8-a108c538f35f{ip: 192.168.157.251, host: pr-hdds-1948-qvnss-3490636412, networkLocation: /default-rack, certSerialId: null}51c797bf-85d4-46b6-bb6a-11c05d27fa2a{ip: 192.168.157.251, host: pr-hdds-1948-qvnss-3490636412, networkLocation: /default-rack, certSerialId: null}, Type:RATIS, Factor:THREE, State:OPEN]
2019-08-21 09:03:57,806 INFO  net.NetworkTopology (NetworkTopologyImpl.java:add(110)) - Added a new node: /default-rack/3da2288a-6198-4d5f-b9de-b237789eac1a
2019-08-21 09:03:57,806 INFO  node.SCMNodeManager (SCMNodeManager.java:register(273)) - Registered Data node : 3da2288a-6198-4d5f-b9de-b237789eac1a{ip: 192.168.157.251, host: pr-hdds-1948-qvnss-3490636412, networkLocation: /default-rack, certSerialId: null}
2019-08-21 09:03:57,818 INFO  impl.RaftServerProxy (RaftServerProxy.java:addNew(89)) - 3da2288a-6198-4d5f-b9de-b237789eac1a: addNew group-5E7FF559D197:[3da2288a-6198-4d5f-b9de-b237789eac1a:192.168.157.251:45178] returns group-5E7FF559D197:java.util.concurrent.CompletableFuture@19c14fa6[Not completed]
2019-08-21 09:03:57,825 INFO  impl.RaftServerImpl (RaftServerImpl.java:<init>(93)) - 3da2288a-6198-4d5f-b9de-b237789eac1a: new RaftServerImpl for group-5E7FF559D197:[3da2288a-6198-4d5f-b9de-b237789eac1a:192.168.157.251:45178] with ContainerStateMachine:uninitialized
2019-08-21 09:03:57,825 INFO  server.RaftServerConfigKeys (ConfUtils.java:logGet(43)) - raft.server.rpc.timeout.min = 5s (custom)
2019-08-21 09:03:57,826 INFO  server.RaftServerConfigKeys (ConfUtils.java:logGet(43)) - raft.server.rpc.timeout.max = 5200ms (custom)
2019-08-21 09:03:57,826 INFO  server.RaftServerConfigKeys (ConfUtils.java:logGet(43)) - raft.server.rpcslowness.timeout = 120s (custom)
2019-08-21 09:03:57,826 INFO  server.RaftServerConfigKeys (ConfUtils.java:logGet(43)) - raft.server.sleep.deviation.threshold = 300 (default)
2019-08-21 09:03:57,826 INFO  server.RaftServerConfigKeys (ConfUtils.java:logGet(43)) - raft.server.log.appender.install.snapshot.enabled = false (custom)
2019-08-21 09:03:57,826 INFO  impl.RaftServerImpl (ServerState.java:<init>(105)) - 3da2288a-6198-4d5f-b9de-b237789eac1a:group-5E7FF559D197 ConfigurationManager, init=-1: [3da2288a-6198-4d5f-b9de-b237789eac1a:192.168.157.251:45178], old=null, confs=<EMPTY_MAP>
2019-08-21 09:03:57,826 INFO  server.RaftServerConfigKeys (ConfUtils.java:logGet(43)) - raft.server.storage.dir = [/workdir/hadoop-ozone/integration-test/target/test-dir/MiniOzoneClusterImpl-99126c74-8a49-4d65-9125-af5d1c669fa0/datanode-3/data/ratis] (custom)
2019-08-21 09:03:57,827 INFO  storage.RaftStorageDirectory (RaftStorageDirectory.java:analyzeStorage(246)) - The storage directory /workdir/hadoop-ozone/integration-test/target/test-dir/MiniOzoneClusterImpl-99126c74-8a49-4d65-9125-af5d1c669fa0/datanode-3/data/ratis/5136477d-fc7e-46c3-9b2c-5e7ff559d197 does not exist. Creating ...
2019-08-21 09:03:57,840 INFO  storage.RaftStorageDirectory (RaftStorageDirectory.java:tryLock(328)) - Lock on /workdir/hadoop-ozone/integration-test/target/test-dir/MiniOzoneClusterImpl-99126c74-8a49-4d65-9125-af5d1c669fa0/datanode-3/data/ratis/5136477d-fc7e-46c3-9b2c-5e7ff559d197/in_use.lock acquired by nodename 1744@pr-hdds-1948-qvnss-3490636412
2019-08-21 09:03:57,853 INFO  storage.RaftStorage (RaftStorage.java:format(72)) - Storage directory /workdir/hadoop-ozone/integration-test/target/test-dir/MiniOzoneClusterImpl-99126c74-8a49-4d65-9125-af5d1c669fa0/datanode-3/data/ratis/5136477d-fc7e-46c3-9b2c-5e7ff559d197 has been successfully formatted.
2019-08-21 09:03:57,853 INFO  ratis.ContainerStateMachine (ContainerStateMachine.java:loadSnapshot(222)) - group-5E7FF559D197: The snapshot info is null. Setting the last applied indexto:(t:0, i:~)
2019-08-21 09:03:57,854 INFO  server.RaftServerConfigKeys (ConfUtils.java:logGet(43)) - raft.server.leader.election.timeout = 120s (custom)
2019-08-21 09:03:57,854 INFO  server.RaftServerConfigKeys (ConfUtils.java:logGet(43)) - raft.server.log.use.memory = false (default)
2019-08-21 09:03:57,854 INFO  server.RaftServerConfigKeys (ConfUtils.java:logGet(43)) - raft.server.log.purge.gap = 1000000000 (custom)
2019-08-21 09:03:57,854 INFO  server.RaftServerConfigKeys (ConfUtils.java:logGet(43)) - raft.server.log.appender.buffer.byte-limit = 33554432 (custom)
2019-08-21 09:03:57,854 INFO  server.RaftServerConfigKeys (ConfUtils.java:logGet(43)) - raft.server.log.segment.size.max = 1048576 (custom)
2019-08-21 09:03:57,855 INFO  server.RaftServerConfigKeys (ConfUtils.java:logGet(43)) - raft.server.log.segment.cache.num.max = 2 (custom)
2019-08-21 09:03:57,855 INFO  segmented.SegmentedRaftLogWorker (SegmentedRaftLogWorker.java:<init>(172)) - new 3da2288a-6198-4d5f-b9de-b237789eac1a-SegmentedRaftLogWorker:Storage Directory /workdir/hadoop-ozone/integration-test/target/test-dir/MiniOzoneClusterImpl-99126c74-8a49-4d65-9125-af5d1c669fa0/datanode-3/data/ratis/5136477d-fc7e-46c3-9b2c-5e7ff559d197 for RaftStorage:Storage Directory /workdir/hadoop-ozone/integration-test/target/test-dir/MiniOzoneClusterImpl-99126c74-8a49-4d65-9125-af5d1c669fa0/datanode-3/data/ratis/5136477d-fc7e-46c3-9b2c-5e7ff559d197
2019-08-21 09:03:57,855 INFO  server.RaftServerConfigKeys (ConfUtils.java:logGet(43)) - raft.server.log.queue.byte-limit = 2147483647 (custom)
2019-08-21 09:03:57,855 INFO  server.RaftServerConfigKeys (ConfUtils.java:logGet(43)) - raft.server.log.queue.element-limit = 1024 (custom)
2019-08-21 09:03:57,856 INFO  server.RaftServerConfigKeys (ConfUtils.java:logGet(43)) - raft.server.log.segment.size.max = 1048576 (custom)
2019-08-21 09:03:57,856 INFO  server.RaftServerConfigKeys (ConfUtils.java:logGet(43)) - raft.server.log.preallocated.size = 16384 (custom)
2019-08-21 09:03:57,856 INFO  server.RaftServerConfigKeys (ConfUtils.java:logGet(43)) - raft.server.log.write.buffer.size = 33554432 (custom)
2019-08-21 09:03:57,856 INFO  server.RaftServerConfigKeys (ConfUtils.java:logGet(43)) - raft.server.log.force.sync.num = 128 (default)
2019-08-21 09:03:57,857 INFO  server.RaftServerConfigKeys (ConfUtils.java:logGet(43)) - raft.server.log.statemachine.data.sync = true (default)
2019-08-21 09:03:57,857 INFO  server.RaftServerConfigKeys (ConfUtils.java:logGet(43)) - raft.server.log.statemachine.data.sync.timeout = 10s (default)
2019-08-21 09:03:57,857 INFO  server.RaftServerConfigKeys (ConfUtils.java:logGet(43)) - raft.server.log.statemachine.data.sync.timeout.retry = -1 (default)
2019-08-21 09:03:57,857 INFO  server.RaftServerConfigKeys (ConfUtils.java:logGet(43)) - raft.server.log.statemachine.data.caching.enabled = true (custom)
2019-08-21 09:03:57,858 INFO  segmented.SegmentedRaftLogWorker (SegmentedRaftLogWorker.java:lambda$new$0(132)) - 3da2288a-6198-4d5f-b9de-b237789eac1a-SegmentedRaftLogWorker:Storage Directory /workdir/hadoop-ozone/integration-test/target/test-dir/MiniOzoneClusterImpl-99126c74-8a49-4d65-9125-af5d1c669fa0/datanode-3/data/ratis/5136477d-fc7e-46c3-9b2c-5e7ff559d197: flushIndex: setUnconditionally 0 -> -1
2019-08-21 09:03:57,858 INFO  server.RaftServerConfigKeys (ConfUtils.java:logGet(43)) - raft.server.snapshot.auto.trigger.enabled = true (custom)
2019-08-21 09:03:57,859 INFO  server.RaftServerConfigKeys (ConfUtils.java:logGet(43)) - raft.server.snapshot.auto.trigger.threshold = 10000 (custom)
2019-08-21 09:03:57,859 INFO  server.RaftServerConfigKeys (ConfUtils.java:logGet(43)) - raft.server.retrycache.expirytime = 600000ms (custom)
2019-08-21 09:03:57,859 INFO  impl.RaftServerImpl (RaftServerImpl.java:start(180)) - 3da2288a-6198-4d5f-b9de-b237789eac1a: start group-5E7FF559D197
2019-08-21 09:03:57,859 INFO  impl.RaftServerImpl (RaftServerImpl.java:setRole(171)) - 3da2288a-6198-4d5f-b9de-b237789eac1a:group-5E7FF559D197 changes role from null to FOLLOWER at term 0 for startAsFollower
2019-08-21 09:03:57,860 INFO  impl.RoleInfo (RoleInfo.java:updateAndGet(143)) - 3da2288a-6198-4d5f-b9de-b237789eac1a: start FollowerState
2019-08-21 09:03:57,860 INFO  util.JmxRegister (JmxRegister.java:tryRegister(44)) - Successfully registered JMX Bean with object name Ratis:service=RaftServer,group=group-5E7FF559D197,id=3da2288a-6198-4d5f-b9de-b237789eac1a
2019-08-21 09:03:57,867 INFO  pipeline.PipelineStateManager (PipelineStateManager.java:addPipeline(56)) - Created pipeline Pipeline[ Id: 5136477d-fc7e-46c3-9b2c-5e7ff559d197, Nodes: 3da2288a-6198-4d5f-b9de-b237789eac1a{ip: 192.168.157.251, host: pr-hdds-1948-qvnss-3490636412, networkLocation: /default-rack, certSerialId: null}, Type:RATIS, Factor:ONE, State:OPEN]
2019-08-21 09:03:58,194 INFO  net.NetworkTopology (NetworkTopologyImpl.java:add(110)) - Added a new node: /default-rack/a25b4cb1-2cd9-4739-87bc-31f2539422aa
2019-08-21 09:03:58,194 INFO  node.SCMNodeManager (SCMNodeManager.java:register(273)) - Registered Data node : a25b4cb1-2cd9-4739-87bc-31f2539422aa{ip: 192.168.157.251, host: pr-hdds-1948-qvnss-3490636412, networkLocation: /default-rack, certSerialId: null}
2019-08-21 09:03:58,205 INFO  impl.RaftServerProxy (RaftServerProxy.java:addNew(89)) - a25b4cb1-2cd9-4739-87bc-31f2539422aa: addNew group-00717E326443:[a25b4cb1-2cd9-4739-87bc-31f2539422aa:192.168.157.251:40382] returns group-00717E326443:java.util.concurrent.CompletableFuture@14499d20[Not completed]
2019-08-21 09:03:58,212 INFO  impl.RaftServerImpl (RaftServerImpl.java:<init>(93)) - a25b4cb1-2cd9-4739-87bc-31f2539422aa: new RaftServerImpl for group-00717E326443:[a25b4cb1-2cd9-4739-87bc-31f2539422aa:192.168.157.251:40382] with ContainerStateMachine:uninitialized
2019-08-21 09:03:58,212 INFO  server.RaftServerConfigKeys (ConfUtils.java:logGet(43)) - raft.server.rpc.timeout.min = 5s (custom)
2019-08-21 09:03:58,212 INFO  server.RaftServerConfigKeys (ConfUtils.java:logGet(43)) - raft.server.rpc.timeout.max = 5200ms (custom)
2019-08-21 09:03:58,212 INFO  server.RaftServerConfigKeys (ConfUtils.java:logGet(43)) - raft.server.rpcslowness.timeout = 120s (custom)
2019-08-21 09:03:58,213 INFO  server.RaftServerConfigKeys (ConfUtils.java:logGet(43)) - raft.server.sleep.deviation.threshold = 300 (default)
2019-08-21 09:03:58,213 INFO  server.RaftServerConfigKeys (ConfUtils.java:logGet(43)) - raft.server.log.appender.install.snapshot.enabled = false (custom)
2019-08-21 09:03:58,213 INFO  impl.RaftServerImpl (ServerState.java:<init>(105)) - a25b4cb1-2cd9-4739-87bc-31f2539422aa:group-00717E326443 ConfigurationManager, init=-1: [a25b4cb1-2cd9-4739-87bc-31f2539422aa:192.168.157.251:40382], old=null, confs=<EMPTY_MAP>
2019-08-21 09:03:58,213 INFO  server.RaftServerConfigKeys (ConfUtils.java:logGet(43)) - raft.server.storage.dir = [/workdir/hadoop-ozone/integration-test/target/test-dir/MiniOzoneClusterImpl-99126c74-8a49-4d65-9125-af5d1c669fa0/datanode-4/data/ratis] (custom)
2019-08-21 09:03:58,214 INFO  storage.RaftStorageDirectory (RaftStorageDirectory.java:analyzeStorage(246)) - The storage directory /workdir/hadoop-ozone/integration-test/target/test-dir/MiniOzoneClusterImpl-99126c74-8a49-4d65-9125-af5d1c669fa0/datanode-4/data/ratis/01b34a5d-47cf-4409-a110-00717e326443 does not exist. Creating ...
2019-08-21 09:03:58,227 INFO  storage.RaftStorageDirectory (RaftStorageDirectory.java:tryLock(328)) - Lock on /workdir/hadoop-ozone/integration-test/target/test-dir/MiniOzoneClusterImpl-99126c74-8a49-4d65-9125-af5d1c669fa0/datanode-4/data/ratis/01b34a5d-47cf-4409-a110-00717e326443/in_use.lock acquired by nodename 1744@pr-hdds-1948-qvnss-3490636412
2019-08-21 09:03:58,241 INFO  storage.RaftStorage (RaftStorage.java:format(72)) - Storage directory /workdir/hadoop-ozone/integration-test/target/test-dir/MiniOzoneClusterImpl-99126c74-8a49-4d65-9125-af5d1c669fa0/datanode-4/data/ratis/01b34a5d-47cf-4409-a110-00717e326443 has been successfully formatted.
2019-08-21 09:03:58,241 INFO  ratis.ContainerStateMachine (ContainerStateMachine.java:loadSnapshot(222)) - group-00717E326443: The snapshot info is null. Setting the last applied indexto:(t:0, i:~)
2019-08-21 09:03:58,242 INFO  server.RaftServerConfigKeys (ConfUtils.java:logGet(43)) - raft.server.leader.election.timeout = 120s (custom)
2019-08-21 09:03:58,242 INFO  server.RaftServerConfigKeys (ConfUtils.java:logGet(43)) - raft.server.log.use.memory = false (default)
2019-08-21 09:03:58,242 INFO  server.RaftServerConfigKeys (ConfUtils.java:logGet(43)) - raft.server.log.purge.gap = 1000000000 (custom)
2019-08-21 09:03:58,242 INFO  server.RaftServerConfigKeys (ConfUtils.java:logGet(43)) - raft.server.log.appender.buffer.byte-limit = 33554432 (custom)
2019-08-21 09:03:58,242 INFO  server.RaftServerConfigKeys (ConfUtils.java:logGet(43)) - raft.server.log.segment.size.max = 1048576 (custom)
2019-08-21 09:03:58,243 INFO  server.RaftServerConfigKeys (ConfUtils.java:logGet(43)) - raft.server.log.segment.cache.num.max = 2 (custom)
2019-08-21 09:03:58,243 INFO  segmented.SegmentedRaftLogWorker (SegmentedRaftLogWorker.java:<init>(172)) - new a25b4cb1-2cd9-4739-87bc-31f2539422aa-SegmentedRaftLogWorker:Storage Directory /workdir/hadoop-ozone/integration-test/target/test-dir/MiniOzoneClusterImpl-99126c74-8a49-4d65-9125-af5d1c669fa0/datanode-4/data/ratis/01b34a5d-47cf-4409-a110-00717e326443 for RaftStorage:Storage Directory /workdir/hadoop-ozone/integration-test/target/test-dir/MiniOzoneClusterImpl-99126c74-8a49-4d65-9125-af5d1c669fa0/datanode-4/data/ratis/01b34a5d-47cf-4409-a110-00717e326443
2019-08-21 09:03:58,243 INFO  server.RaftServerConfigKeys (ConfUtils.java:logGet(43)) - raft.server.log.queue.byte-limit = 2147483647 (custom)
2019-08-21 09:03:58,243 INFO  server.RaftServerConfigKeys (ConfUtils.java:logGet(43)) - raft.server.log.queue.element-limit = 1024 (custom)
2019-08-21 09:03:58,243 INFO  server.RaftServerConfigKeys (ConfUtils.java:logGet(43)) - raft.server.log.segment.size.max = 1048576 (custom)
2019-08-21 09:03:58,244 INFO  server.RaftServerConfigKeys (ConfUtils.java:logGet(43)) - raft.server.log.preallocated.size = 16384 (custom)
2019-08-21 09:03:58,244 INFO  server.RaftServerConfigKeys (ConfUtils.java:logGet(43)) - raft.server.log.write.buffer.size = 33554432 (custom)
2019-08-21 09:03:58,244 INFO  server.RaftServerConfigKeys (ConfUtils.java:logGet(43)) - raft.server.log.force.sync.num = 128 (default)
2019-08-21 09:03:58,244 INFO  server.RaftServerConfigKeys (ConfUtils.java:logGet(43)) - raft.server.log.statemachine.data.sync = true (default)
2019-08-21 09:03:58,244 INFO  server.RaftServerConfigKeys (ConfUtils.java:logGet(43)) - raft.server.log.statemachine.data.sync.timeout = 10s (default)
2019-08-21 09:03:58,245 INFO  server.RaftServerConfigKeys (ConfUtils.java:logGet(43)) - raft.server.log.statemachine.data.sync.timeout.retry = -1 (default)
2019-08-21 09:03:58,245 INFO  server.RaftServerConfigKeys (ConfUtils.java:logGet(43)) - raft.server.log.statemachine.data.caching.enabled = true (custom)
2019-08-21 09:03:58,245 INFO  segmented.SegmentedRaftLogWorker (SegmentedRaftLogWorker.java:lambda$new$0(132)) - a25b4cb1-2cd9-4739-87bc-31f2539422aa-SegmentedRaftLogWorker:Storage Directory /workdir/hadoop-ozone/integration-test/target/test-dir/MiniOzoneClusterImpl-99126c74-8a49-4d65-9125-af5d1c669fa0/datanode-4/data/ratis/01b34a5d-47cf-4409-a110-00717e326443: flushIndex: setUnconditionally 0 -> -1
2019-08-21 09:03:58,246 INFO  server.RaftServerConfigKeys (ConfUtils.java:logGet(43)) - raft.server.snapshot.auto.trigger.enabled = true (custom)
2019-08-21 09:03:58,246 INFO  server.RaftServerConfigKeys (ConfUtils.java:logGet(43)) - raft.server.snapshot.auto.trigger.threshold = 10000 (custom)
2019-08-21 09:03:58,246 INFO  server.RaftServerConfigKeys (ConfUtils.java:logGet(43)) - raft.server.retrycache.expirytime = 600000ms (custom)
2019-08-21 09:03:58,247 INFO  impl.RaftServerImpl (RaftServerImpl.java:start(180)) - a25b4cb1-2cd9-4739-87bc-31f2539422aa: start group-00717E326443
2019-08-21 09:03:58,247 INFO  impl.RaftServerImpl (RaftServerImpl.java:setRole(171)) - a25b4cb1-2cd9-4739-87bc-31f2539422aa:group-00717E326443 changes role from null to FOLLOWER at term 0 for startAsFollower
2019-08-21 09:03:58,247 INFO  impl.RoleInfo (RoleInfo.java:updateAndGet(143)) - a25b4cb1-2cd9-4739-87bc-31f2539422aa: start FollowerState
2019-08-21 09:03:58,247 INFO  util.JmxRegister (JmxRegister.java:tryRegister(44)) - Successfully registered JMX Bean with object name Ratis:service=RaftServer,group=group-00717E326443,id=a25b4cb1-2cd9-4739-87bc-31f2539422aa
2019-08-21 09:03:58,253 INFO  pipeline.PipelineStateManager (PipelineStateManager.java:addPipeline(56)) - Created pipeline Pipeline[ Id: 01b34a5d-47cf-4409-a110-00717e326443, Nodes: a25b4cb1-2cd9-4739-87bc-31f2539422aa{ip: 192.168.157.251, host: pr-hdds-1948-qvnss-3490636412, networkLocation: /default-rack, certSerialId: null}, Type:RATIS, Factor:ONE, State:OPEN]
2019-08-21 09:03:58,426 INFO  net.NetworkTopology (NetworkTopologyImpl.java:add(110)) - Added a new node: /default-rack/bf9fc535-e9a8-4527-8a78-1ff9b600d2eb
2019-08-21 09:03:58,426 INFO  node.SCMNodeManager (SCMNodeManager.java:register(273)) - Registered Data node : bf9fc535-e9a8-4527-8a78-1ff9b600d2eb{ip: 192.168.157.251, host: pr-hdds-1948-qvnss-3490636412, networkLocation: /default-rack, certSerialId: null}
2019-08-21 09:03:58,436 INFO  impl.RaftServerProxy (RaftServerProxy.java:addNew(89)) - bf9fc535-e9a8-4527-8a78-1ff9b600d2eb: addNew group-641DF9F6E236:[bf9fc535-e9a8-4527-8a78-1ff9b600d2eb:192.168.157.251:34230] returns group-641DF9F6E236:java.util.concurrent.CompletableFuture@25c9ed2a[Not completed]
2019-08-21 09:03:58,442 INFO  impl.RaftServerImpl (RaftServerImpl.java:<init>(93)) - bf9fc535-e9a8-4527-8a78-1ff9b600d2eb: new RaftServerImpl for group-641DF9F6E236:[bf9fc535-e9a8-4527-8a78-1ff9b600d2eb:192.168.157.251:34230] with ContainerStateMachine:uninitialized
2019-08-21 09:03:58,442 INFO  server.RaftServerConfigKeys (ConfUtils.java:logGet(43)) - raft.server.rpc.timeout.min = 5s (custom)
2019-08-21 09:03:58,442 INFO  server.RaftServerConfigKeys (ConfUtils.java:logGet(43)) - raft.server.rpc.timeout.max = 5200ms (custom)
2019-08-21 09:03:58,443 INFO  server.RaftServerConfigKeys (ConfUtils.java:logGet(43)) - raft.server.rpcslowness.timeout = 120s (custom)
2019-08-21 09:03:58,443 INFO  server.RaftServerConfigKeys (ConfUtils.java:logGet(43)) - raft.server.sleep.deviation.threshold = 300 (default)
2019-08-21 09:03:58,443 INFO  server.RaftServerConfigKeys (ConfUtils.java:logGet(43)) - raft.server.log.appender.install.snapshot.enabled = false (custom)
2019-08-21 09:03:58,443 INFO  impl.RaftServerImpl (ServerState.java:<init>(105)) - bf9fc535-e9a8-4527-8a78-1ff9b600d2eb:group-641DF9F6E236 ConfigurationManager, init=-1: [bf9fc535-e9a8-4527-8a78-1ff9b600d2eb:192.168.157.251:34230], old=null, confs=<EMPTY_MAP>
2019-08-21 09:03:58,443 INFO  server.RaftServerConfigKeys (ConfUtils.java:logGet(43)) - raft.server.storage.dir = [/workdir/hadoop-ozone/integration-test/target/test-dir/MiniOzoneClusterImpl-99126c74-8a49-4d65-9125-af5d1c669fa0/datanode-5/data/ratis] (custom)
2019-08-21 09:03:58,444 INFO  storage.RaftStorageDirectory (RaftStorageDirectory.java:analyzeStorage(246)) - The storage directory /workdir/hadoop-ozone/integration-test/target/test-dir/MiniOzoneClusterImpl-99126c74-8a49-4d65-9125-af5d1c669fa0/datanode-5/data/ratis/8dd29c77-7b70-4ae8-ac36-641df9f6e236 does not exist. Creating ...
2019-08-21 09:03:58,469 INFO  storage.RaftStorageDirectory (RaftStorageDirectory.java:tryLock(328)) - Lock on /workdir/hadoop-ozone/integration-test/target/test-dir/MiniOzoneClusterImpl-99126c74-8a49-4d65-9125-af5d1c669fa0/datanode-5/data/ratis/8dd29c77-7b70-4ae8-ac36-641df9f6e236/in_use.lock acquired by nodename 1744@pr-hdds-1948-qvnss-3490636412
2019-08-21 09:03:58,482 INFO  storage.RaftStorage (RaftStorage.java:format(72)) - Storage directory /workdir/hadoop-ozone/integration-test/target/test-dir/MiniOzoneClusterImpl-99126c74-8a49-4d65-9125-af5d1c669fa0/datanode-5/data/ratis/8dd29c77-7b70-4ae8-ac36-641df9f6e236 has been successfully formatted.
2019-08-21 09:03:58,482 INFO  ratis.ContainerStateMachine (ContainerStateMachine.java:loadSnapshot(222)) - group-641DF9F6E236: The snapshot info is null. Setting the last applied indexto:(t:0, i:~)
2019-08-21 09:03:58,483 INFO  server.RaftServerConfigKeys (ConfUtils.java:logGet(43)) - raft.server.leader.election.timeout = 120s (custom)
2019-08-21 09:03:58,483 INFO  server.RaftServerConfigKeys (ConfUtils.java:logGet(43)) - raft.server.log.use.memory = false (default)
2019-08-21 09:03:58,483 INFO  server.RaftServerConfigKeys (ConfUtils.java:logGet(43)) - raft.server.log.purge.gap = 1000000000 (custom)
2019-08-21 09:03:58,483 INFO  server.RaftServerConfigKeys (ConfUtils.java:logGet(43)) - raft.server.log.appender.buffer.byte-limit = 33554432 (custom)
2019-08-21 09:03:58,483 INFO  server.RaftServerConfigKeys (ConfUtils.java:logGet(43)) - raft.server.log.segment.size.max = 1048576 (custom)
2019-08-21 09:03:58,483 INFO  server.RaftServerConfigKeys (ConfUtils.java:logGet(43)) - raft.server.log.segment.cache.num.max = 2 (custom)
2019-08-21 09:03:58,484 INFO  segmented.SegmentedRaftLogWorker (SegmentedRaftLogWorker.java:<init>(172)) - new bf9fc535-e9a8-4527-8a78-1ff9b600d2eb-SegmentedRaftLogWorker:Storage Directory /workdir/hadoop-ozone/integration-test/target/test-dir/MiniOzoneClusterImpl-99126c74-8a49-4d65-9125-af5d1c669fa0/datanode-5/data/ratis/8dd29c77-7b70-4ae8-ac36-641df9f6e236 for RaftStorage:Storage Directory /workdir/hadoop-ozone/integration-test/target/test-dir/MiniOzoneClusterImpl-99126c74-8a49-4d65-9125-af5d1c669fa0/datanode-5/data/ratis/8dd29c77-7b70-4ae8-ac36-641df9f6e236
2019-08-21 09:03:58,484 INFO  server.RaftServerConfigKeys (ConfUtils.java:logGet(43)) - raft.server.log.queue.byte-limit = 2147483647 (custom)
2019-08-21 09:03:58,484 INFO  server.RaftServerConfigKeys (ConfUtils.java:logGet(43)) - raft.server.log.queue.element-limit = 1024 (custom)
2019-08-21 09:03:58,484 INFO  server.RaftServerConfigKeys (ConfUtils.java:logGet(43)) - raft.server.log.segment.size.max = 1048576 (custom)
2019-08-21 09:03:58,485 INFO  server.RaftServerConfigKeys (ConfUtils.java:logGet(43)) - raft.server.log.preallocated.size = 16384 (custom)
2019-08-21 09:03:58,485 INFO  server.RaftServerConfigKeys (ConfUtils.java:logGet(43)) - raft.server.log.write.buffer.size = 33554432 (custom)
2019-08-21 09:03:58,485 INFO  server.RaftServerConfigKeys (ConfUtils.java:logGet(43)) - raft.server.log.force.sync.num = 128 (default)
2019-08-21 09:03:58,485 INFO  server.RaftServerConfigKeys (ConfUtils.java:logGet(43)) - raft.server.log.statemachine.data.sync = true (default)
2019-08-21 09:03:58,485 INFO  server.RaftServerConfigKeys (ConfUtils.java:logGet(43)) - raft.server.log.statemachine.data.sync.timeout = 10s (default)
2019-08-21 09:03:58,485 INFO  server.RaftServerConfigKeys (ConfUtils.java:logGet(43)) - raft.server.log.statemachine.data.sync.timeout.retry = -1 (default)
2019-08-21 09:03:58,486 INFO  server.RaftServerConfigKeys (ConfUtils.java:logGet(43)) - raft.server.log.statemachine.data.caching.enabled = true (custom)
2019-08-21 09:03:58,486 INFO  segmented.SegmentedRaftLogWorker (SegmentedRaftLogWorker.java:lambda$new$0(132)) - bf9fc535-e9a8-4527-8a78-1ff9b600d2eb-SegmentedRaftLogWorker:Storage Directory /workdir/hadoop-ozone/integration-test/target/test-dir/MiniOzoneClusterImpl-99126c74-8a49-4d65-9125-af5d1c669fa0/datanode-5/data/ratis/8dd29c77-7b70-4ae8-ac36-641df9f6e236: flushIndex: setUnconditionally 0 -> -1
2019-08-21 09:03:58,486 INFO  server.RaftServerConfigKeys (ConfUtils.java:logGet(43)) - raft.server.snapshot.auto.trigger.enabled = true (custom)
2019-08-21 09:03:58,487 INFO  server.RaftServerConfigKeys (ConfUtils.java:logGet(43)) - raft.server.snapshot.auto.trigger.threshold = 10000 (custom)
2019-08-21 09:03:58,487 INFO  server.RaftServerConfigKeys (ConfUtils.java:logGet(43)) - raft.server.retrycache.expirytime = 600000ms (custom)
2019-08-21 09:03:58,487 INFO  impl.RaftServerImpl (RaftServerImpl.java:start(180)) - bf9fc535-e9a8-4527-8a78-1ff9b600d2eb: start group-641DF9F6E236
2019-08-21 09:03:58,487 INFO  impl.RaftServerImpl (RaftServerImpl.java:setRole(171)) - bf9fc535-e9a8-4527-8a78-1ff9b600d2eb:group-641DF9F6E236 changes role from null to FOLLOWER at term 0 for startAsFollower
2019-08-21 09:03:58,487 INFO  impl.RoleInfo (RoleInfo.java:updateAndGet(143)) - bf9fc535-e9a8-4527-8a78-1ff9b600d2eb: start FollowerState
2019-08-21 09:03:58,488 INFO  util.JmxRegister (JmxRegister.java:tryRegister(44)) - Successfully registered JMX Bean with object name Ratis:service=RaftServer,group=group-641DF9F6E236,id=bf9fc535-e9a8-4527-8a78-1ff9b600d2eb
2019-08-21 09:03:58,493 INFO  pipeline.PipelineStateManager (PipelineStateManager.java:addPipeline(56)) - Created pipeline Pipeline[ Id: 8dd29c77-7b70-4ae8-ac36-641df9f6e236, Nodes: bf9fc535-e9a8-4527-8a78-1ff9b600d2eb{ip: 192.168.157.251, host: pr-hdds-1948-qvnss-3490636412, networkLocation: /default-rack, certSerialId: null}, Type:RATIS, Factor:ONE, State:OPEN]
2019-08-21 09:03:58,509 INFO  impl.RaftServerProxy (RaftServerProxy.java:addNew(89)) - bf9fc535-e9a8-4527-8a78-1ff9b600d2eb: addNew group-AC25E80A9394:[3da2288a-6198-4d5f-b9de-b237789eac1a:192.168.157.251:45178, bf9fc535-e9a8-4527-8a78-1ff9b600d2eb:192.168.157.251:34230, a25b4cb1-2cd9-4739-87bc-31f2539422aa:192.168.157.251:40382] returns group-AC25E80A9394:java.util.concurrent.CompletableFuture@48818224[Not completed]
2019-08-21 09:03:58,509 INFO  impl.RaftServerProxy (RaftServerProxy.java:addNew(89)) - 3da2288a-6198-4d5f-b9de-b237789eac1a: addNew group-AC25E80A9394:[3da2288a-6198-4d5f-b9de-b237789eac1a:192.168.157.251:45178, bf9fc535-e9a8-4527-8a78-1ff9b600d2eb:192.168.157.251:34230, a25b4cb1-2cd9-4739-87bc-31f2539422aa:192.168.157.251:40382] returns group-AC25E80A9394:java.util.concurrent.CompletableFuture@20fd23b1[Not completed]
2019-08-21 09:03:58,509 INFO  impl.RaftServerProxy (RaftServerProxy.java:addNew(89)) - a25b4cb1-2cd9-4739-87bc-31f2539422aa: addNew group-AC25E80A9394:[3da2288a-6198-4d5f-b9de-b237789eac1a:192.168.157.251:45178, bf9fc535-e9a8-4527-8a78-1ff9b600d2eb:192.168.157.251:34230, a25b4cb1-2cd9-4739-87bc-31f2539422aa:192.168.157.251:40382] returns group-AC25E80A9394:java.util.concurrent.CompletableFuture@72dcc37b[Not completed]
2019-08-21 09:03:58,510 INFO  impl.RaftServerImpl (RaftServerImpl.java:<init>(93)) - a25b4cb1-2cd9-4739-87bc-31f2539422aa: new RaftServerImpl for group-AC25E80A9394:[3da2288a-6198-4d5f-b9de-b237789eac1a:192.168.157.251:45178, bf9fc535-e9a8-4527-8a78-1ff9b600d2eb:192.168.157.251:34230, a25b4cb1-2cd9-4739-87bc-31f2539422aa:192.168.157.251:40382] with ContainerStateMachine:uninitialized
2019-08-21 09:03:58,511 INFO  server.RaftServerConfigKeys (ConfUtils.java:logGet(43)) - raft.server.rpc.timeout.min = 5s (custom)
2019-08-21 09:03:58,511 INFO  server.RaftServerConfigKeys (ConfUtils.java:logGet(43)) - raft.server.rpc.timeout.max = 5200ms (custom)
2019-08-21 09:03:58,511 INFO  server.RaftServerConfigKeys (ConfUtils.java:logGet(43)) - raft.server.rpcslowness.timeout = 120s (custom)
2019-08-21 09:03:58,511 INFO  server.RaftServerConfigKeys (ConfUtils.java:logGet(43)) - raft.server.sleep.deviation.threshold = 300 (default)
2019-08-21 09:03:58,511 INFO  server.RaftServerConfigKeys (ConfUtils.java:logGet(43)) - raft.server.log.appender.install.snapshot.enabled = false (custom)
2019-08-21 09:03:58,511 INFO  impl.RaftServerImpl (RaftServerImpl.java:<init>(93)) - bf9fc535-e9a8-4527-8a78-1ff9b600d2eb: new RaftServerImpl for group-AC25E80A9394:[3da2288a-6198-4d5f-b9de-b237789eac1a:192.168.157.251:45178, bf9fc535-e9a8-4527-8a78-1ff9b600d2eb:192.168.157.251:34230, a25b4cb1-2cd9-4739-87bc-31f2539422aa:192.168.157.251:40382] with ContainerStateMachine:uninitialized
2019-08-21 09:03:58,511 INFO  impl.RaftServerImpl (ServerState.java:<init>(105)) - a25b4cb1-2cd9-4739-87bc-31f2539422aa:group-AC25E80A9394 ConfigurationManager, init=-1: [3da2288a-6198-4d5f-b9de-b237789eac1a:192.168.157.251:45178, bf9fc535-e9a8-4527-8a78-1ff9b600d2eb:192.168.157.251:34230, a25b4cb1-2cd9-4739-87bc-31f2539422aa:192.168.157.251:40382], old=null, confs=<EMPTY_MAP>
2019-08-21 09:03:58,512 INFO  server.RaftServerConfigKeys (ConfUtils.java:logGet(43)) - raft.server.rpc.timeout.min = 5s (custom)
2019-08-21 09:03:58,512 INFO  server.RaftServerConfigKeys (ConfUtils.java:logGet(43)) - raft.server.storage.dir = [/workdir/hadoop-ozone/integration-test/target/test-dir/MiniOzoneClusterImpl-99126c74-8a49-4d65-9125-af5d1c669fa0/datanode-4/data/ratis] (custom)
2019-08-21 09:03:58,512 INFO  server.RaftServerConfigKeys (ConfUtils.java:logGet(43)) - raft.server.rpc.timeout.max = 5200ms (custom)
2019-08-21 09:03:58,512 INFO  server.RaftServerConfigKeys (ConfUtils.java:logGet(43)) - raft.server.rpcslowness.timeout = 120s (custom)
2019-08-21 09:03:58,512 INFO  storage.RaftStorageDirectory (RaftStorageDirectory.java:analyzeStorage(246)) - The storage directory /workdir/hadoop-ozone/integration-test/target/test-dir/MiniOzoneClusterImpl-99126c74-8a49-4d65-9125-af5d1c669fa0/datanode-4/data/ratis/548f426d-6be0-40e1-b7cd-ac25e80a9394 does not exist. Creating ...
2019-08-21 09:03:58,512 INFO  impl.RaftServerImpl (RaftServerImpl.java:<init>(93)) - 3da2288a-6198-4d5f-b9de-b237789eac1a: new RaftServerImpl for group-AC25E80A9394:[3da2288a-6198-4d5f-b9de-b237789eac1a:192.168.157.251:45178, bf9fc535-e9a8-4527-8a78-1ff9b600d2eb:192.168.157.251:34230, a25b4cb1-2cd9-4739-87bc-31f2539422aa:192.168.157.251:40382] with ContainerStateMachine:uninitialized
2019-08-21 09:03:58,512 INFO  server.RaftServerConfigKeys (ConfUtils.java:logGet(43)) - raft.server.sleep.deviation.threshold = 300 (default)
2019-08-21 09:03:58,513 INFO  server.RaftServerConfigKeys (ConfUtils.java:logGet(43)) - raft.server.rpc.timeout.min = 5s (custom)
2019-08-21 09:03:58,513 INFO  server.RaftServerConfigKeys (ConfUtils.java:logGet(43)) - raft.server.log.appender.install.snapshot.enabled = false (custom)
2019-08-21 09:03:58,513 INFO  server.RaftServerConfigKeys (ConfUtils.java:logGet(43)) - raft.server.rpc.timeout.max = 5200ms (custom)
2019-08-21 09:03:58,513 INFO  impl.RaftServerImpl (ServerState.java:<init>(105)) - bf9fc535-e9a8-4527-8a78-1ff9b600d2eb:group-AC25E80A9394 ConfigurationManager, init=-1: [3da2288a-6198-4d5f-b9de-b237789eac1a:192.168.157.251:45178, bf9fc535-e9a8-4527-8a78-1ff9b600d2eb:192.168.157.251:34230, a25b4cb1-2cd9-4739-87bc-31f2539422aa:192.168.157.251:40382], old=null, confs=<EMPTY_MAP>
2019-08-21 09:03:58,513 INFO  server.RaftServerConfigKeys (ConfUtils.java:logGet(43)) - raft.server.rpcslowness.timeout = 120s (custom)
2019-08-21 09:03:58,514 INFO  server.RaftServerConfigKeys (ConfUtils.java:logGet(43)) - raft.server.storage.dir = [/workdir/hadoop-ozone/integration-test/target/test-dir/MiniOzoneClusterImpl-99126c74-8a49-4d65-9125-af5d1c669fa0/datanode-5/data/ratis] (custom)
2019-08-21 09:03:58,514 INFO  server.RaftServerConfigKeys (ConfUtils.java:logGet(43)) - raft.server.sleep.deviation.threshold = 300 (default)
2019-08-21 09:03:58,514 INFO  server.RaftServerConfigKeys (ConfUtils.java:logGet(43)) - raft.server.log.appender.install.snapshot.enabled = false (custom)
2019-08-21 09:03:58,514 INFO  storage.RaftStorageDirectory (RaftStorageDirectory.java:analyzeStorage(246)) - The storage directory /workdir/hadoop-ozone/integration-test/target/test-dir/MiniOzoneClusterImpl-99126c74-8a49-4d65-9125-af5d1c669fa0/datanode-5/data/ratis/548f426d-6be0-40e1-b7cd-ac25e80a9394 does not exist. Creating ...
2019-08-21 09:03:58,514 INFO  impl.RaftServerImpl (ServerState.java:<init>(105)) - 3da2288a-6198-4d5f-b9de-b237789eac1a:group-AC25E80A9394 ConfigurationManager, init=-1: [3da2288a-6198-4d5f-b9de-b237789eac1a:192.168.157.251:45178, bf9fc535-e9a8-4527-8a78-1ff9b600d2eb:192.168.157.251:34230, a25b4cb1-2cd9-4739-87bc-31f2539422aa:192.168.157.251:40382], old=null, confs=<EMPTY_MAP>
2019-08-21 09:03:58,514 INFO  server.RaftServerConfigKeys (ConfUtils.java:logGet(43)) - raft.server.storage.dir = [/workdir/hadoop-ozone/integration-test/target/test-dir/MiniOzoneClusterImpl-99126c74-8a49-4d65-9125-af5d1c669fa0/datanode-3/data/ratis] (custom)
2019-08-21 09:03:58,515 INFO  storage.RaftStorageDirectory (RaftStorageDirectory.java:analyzeStorage(246)) - The storage directory /workdir/hadoop-ozone/integration-test/target/test-dir/MiniOzoneClusterImpl-99126c74-8a49-4d65-9125-af5d1c669fa0/datanode-3/data/ratis/548f426d-6be0-40e1-b7cd-ac25e80a9394 does not exist. Creating ...
2019-08-21 09:03:58,526 INFO  storage.RaftStorageDirectory (RaftStorageDirectory.java:tryLock(328)) - Lock on /workdir/hadoop-ozone/integration-test/target/test-dir/MiniOzoneClusterImpl-99126c74-8a49-4d65-9125-af5d1c669fa0/datanode-4/data/ratis/548f426d-6be0-40e1-b7cd-ac25e80a9394/in_use.lock acquired by nodename 1744@pr-hdds-1948-qvnss-3490636412
2019-08-21 09:03:58,526 INFO  storage.RaftStorageDirectory (RaftStorageDirectory.java:tryLock(328)) - Lock on /workdir/hadoop-ozone/integration-test/target/test-dir/MiniOzoneClusterImpl-99126c74-8a49-4d65-9125-af5d1c669fa0/datanode-3/data/ratis/548f426d-6be0-40e1-b7cd-ac25e80a9394/in_use.lock acquired by nodename 1744@pr-hdds-1948-qvnss-3490636412
2019-08-21 09:03:58,526 INFO  storage.RaftStorageDirectory (RaftStorageDirectory.java:tryLock(328)) - Lock on /workdir/hadoop-ozone/integration-test/target/test-dir/MiniOzoneClusterImpl-99126c74-8a49-4d65-9125-af5d1c669fa0/datanode-5/data/ratis/548f426d-6be0-40e1-b7cd-ac25e80a9394/in_use.lock acquired by nodename 1744@pr-hdds-1948-qvnss-3490636412
2019-08-21 09:03:58,541 INFO  storage.RaftStorage (RaftStorage.java:format(72)) - Storage directory /workdir/hadoop-ozone/integration-test/target/test-dir/MiniOzoneClusterImpl-99126c74-8a49-4d65-9125-af5d1c669fa0/datanode-5/data/ratis/548f426d-6be0-40e1-b7cd-ac25e80a9394 has been successfully formatted.
2019-08-21 09:03:58,541 INFO  storage.RaftStorage (RaftStorage.java:format(72)) - Storage directory /workdir/hadoop-ozone/integration-test/target/test-dir/MiniOzoneClusterImpl-99126c74-8a49-4d65-9125-af5d1c669fa0/datanode-4/data/ratis/548f426d-6be0-40e1-b7cd-ac25e80a9394 has been successfully formatted.
2019-08-21 09:03:58,541 INFO  storage.RaftStorage (RaftStorage.java:format(72)) - Storage directory /workdir/hadoop-ozone/integration-test/target/test-dir/MiniOzoneClusterImpl-99126c74-8a49-4d65-9125-af5d1c669fa0/datanode-3/data/ratis/548f426d-6be0-40e1-b7cd-ac25e80a9394 has been successfully formatted.
2019-08-21 09:03:58,541 INFO  ratis.ContainerStateMachine (ContainerStateMachine.java:loadSnapshot(222)) - group-AC25E80A9394: The snapshot info is null. Setting the last applied indexto:(t:0, i:~)
2019-08-21 09:03:58,541 INFO  ratis.ContainerStateMachine (ContainerStateMachine.java:loadSnapshot(222)) - group-AC25E80A9394: The snapshot info is null. Setting the last applied indexto:(t:0, i:~)
2019-08-21 09:03:58,541 INFO  server.RaftServerConfigKeys (ConfUtils.java:logGet(43)) - raft.server.leader.election.timeout = 120s (custom)
2019-08-21 09:03:58,541 INFO  ratis.ContainerStateMachine (ContainerStateMachine.java:loadSnapshot(222)) - group-AC25E80A9394: The snapshot info is null. Setting the last applied indexto:(t:0, i:~)
2019-08-21 09:03:58,542 INFO  server.RaftServerConfigKeys (ConfUtils.java:logGet(43)) - raft.server.log.use.memory = false (default)
2019-08-21 09:03:58,542 INFO  server.RaftServerConfigKeys (ConfUtils.java:logGet(43)) - raft.server.leader.election.timeout = 120s (custom)
2019-08-21 09:03:58,542 INFO  server.RaftServerConfigKeys (ConfUtils.java:logGet(43)) - raft.server.log.purge.gap = 1000000000 (custom)
2019-08-21 09:03:58,542 INFO  server.RaftServerConfigKeys (ConfUtils.java:logGet(43)) - raft.server.leader.election.timeout = 120s (custom)
2019-08-21 09:03:58,542 INFO  server.RaftServerConfigKeys (ConfUtils.java:logGet(43)) - raft.server.log.appender.buffer.byte-limit = 33554432 (custom)
2019-08-21 09:03:58,542 INFO  server.RaftServerConfigKeys (ConfUtils.java:logGet(43)) - raft.server.log.use.memory = false (default)
2019-08-21 09:03:58,543 INFO  server.RaftServerConfigKeys (ConfUtils.java:logGet(43)) - raft.server.log.segment.size.max = 1048576 (custom)
2019-08-21 09:03:58,543 INFO  server.RaftServerConfigKeys (ConfUtils.java:logGet(43)) - raft.server.log.use.memory = false (default)
2019-08-21 09:03:58,543 INFO  server.RaftServerConfigKeys (ConfUtils.java:logGet(43)) - raft.server.log.segment.cache.num.max = 2 (custom)
2019-08-21 09:03:58,543 INFO  server.RaftServerConfigKeys (ConfUtils.java:logGet(43)) - raft.server.log.purge.gap = 1000000000 (custom)
2019-08-21 09:03:58,543 INFO  segmented.SegmentedRaftLogWorker (SegmentedRaftLogWorker.java:<init>(172)) - new a25b4cb1-2cd9-4739-87bc-31f2539422aa-SegmentedRaftLogWorker:Storage Directory /workdir/hadoop-ozone/integration-test/target/test-dir/MiniOzoneClusterImpl-99126c74-8a49-4d65-9125-af5d1c669fa0/datanode-4/data/ratis/548f426d-6be0-40e1-b7cd-ac25e80a9394 for RaftStorage:Storage Directory /workdir/hadoop-ozone/integration-test/target/test-dir/MiniOzoneClusterImpl-99126c74-8a49-4d65-9125-af5d1c669fa0/datanode-4/data/ratis/548f426d-6be0-40e1-b7cd-ac25e80a9394
2019-08-21 09:03:58,543 INFO  server.RaftServerConfigKeys (ConfUtils.java:logGet(43)) - raft.server.log.purge.gap = 1000000000 (custom)
2019-08-21 09:03:58,544 INFO  server.RaftServerConfigKeys (ConfUtils.java:logGet(43)) - raft.server.log.queue.byte-limit = 2147483647 (custom)
2019-08-21 09:03:58,543 INFO  server.RaftServerConfigKeys (ConfUtils.java:logGet(43)) - raft.server.log.appender.buffer.byte-limit = 33554432 (custom)
2019-08-21 09:03:58,544 INFO  server.RaftServerConfigKeys (ConfUtils.java:logGet(43)) - raft.server.log.queue.element-limit = 1024 (custom)
2019-08-21 09:03:58,544 INFO  server.RaftServerConfigKeys (ConfUtils.java:logGet(43)) - raft.server.log.appender.buffer.byte-limit = 33554432 (custom)
2019-08-21 09:03:58,544 INFO  server.RaftServerConfigKeys (ConfUtils.java:logGet(43)) - raft.server.log.segment.size.max = 1048576 (custom)
2019-08-21 09:03:58,544 INFO  server.RaftServerConfigKeys (ConfUtils.java:logGet(43)) - raft.server.log.segment.size.max = 1048576 (custom)
2019-08-21 09:03:58,545 INFO  server.RaftServerConfigKeys (ConfUtils.java:logGet(43)) - raft.server.log.preallocated.size = 16384 (custom)
2019-08-21 09:03:58,544 INFO  server.RaftServerConfigKeys (ConfUtils.java:logGet(43)) - raft.server.log.segment.size.max = 1048576 (custom)
2019-08-21 09:03:58,545 INFO  server.RaftServerConfigKeys (ConfUtils.java:logGet(43)) - raft.server.log.write.buffer.size = 33554432 (custom)
2019-08-21 09:03:58,545 INFO  server.RaftServerConfigKeys (ConfUtils.java:logGet(43)) - raft.server.log.segment.cache.num.max = 2 (custom)
2019-08-21 09:03:58,545 INFO  server.RaftServerConfigKeys (ConfUtils.java:logGet(43)) - raft.server.log.force.sync.num = 128 (default)
2019-08-21 09:03:58,545 INFO  server.RaftServerConfigKeys (ConfUtils.java:logGet(43)) - raft.server.log.segment.cache.num.max = 2 (custom)
2019-08-21 09:03:58,545 INFO  server.RaftServerConfigKeys (ConfUtils.java:logGet(43)) - raft.server.log.statemachine.data.sync = true (default)
2019-08-21 09:03:58,545 INFO  segmented.SegmentedRaftLogWorker (SegmentedRaftLogWorker.java:<init>(172)) - new bf9fc535-e9a8-4527-8a78-1ff9b600d2eb-SegmentedRaftLogWorker:Storage Directory /workdir/hadoop-ozone/integration-test/target/test-dir/MiniOzoneClusterImpl-99126c74-8a49-4d65-9125-af5d1c669fa0/datanode-5/data/ratis/548f426d-6be0-40e1-b7cd-ac25e80a9394 for RaftStorage:Storage Directory /workdir/hadoop-ozone/integration-test/target/test-dir/MiniOzoneClusterImpl-99126c74-8a49-4d65-9125-af5d1c669fa0/datanode-5/data/ratis/548f426d-6be0-40e1-b7cd-ac25e80a9394
2019-08-21 09:03:58,546 INFO  server.RaftServerConfigKeys (ConfUtils.java:logGet(43)) - raft.server.log.statemachine.data.sync.timeout = 10s (default)
2019-08-21 09:03:58,546 INFO  segmented.SegmentedRaftLogWorker (SegmentedRaftLogWorker.java:<init>(172)) - new 3da2288a-6198-4d5f-b9de-b237789eac1a-SegmentedRaftLogWorker:Storage Directory /workdir/hadoop-ozone/integration-test/target/test-dir/MiniOzoneClusterImpl-99126c74-8a49-4d65-9125-af5d1c669fa0/datanode-3/data/ratis/548f426d-6be0-40e1-b7cd-ac25e80a9394 for RaftStorage:Storage Directory /workdir/hadoop-ozone/integration-test/target/test-dir/MiniOzoneClusterImpl-99126c74-8a49-4d65-9125-af5d1c669fa0/datanode-3/data/ratis/548f426d-6be0-40e1-b7cd-ac25e80a9394
2019-08-21 09:03:58,546 INFO  server.RaftServerConfigKeys (ConfUtils.java:logGet(43)) - raft.server.log.statemachine.data.sync.timeout.retry = -1 (default)
2019-08-21 09:03:58,546 INFO  server.RaftServerConfigKeys (ConfUtils.java:logGet(43)) - raft.server.log.queue.byte-limit = 2147483647 (custom)
2019-08-21 09:03:58,546 INFO  server.RaftServerConfigKeys (ConfUtils.java:logGet(43)) - raft.server.log.statemachine.data.caching.enabled = true (custom)
2019-08-21 09:03:58,546 INFO  server.RaftServerConfigKeys (ConfUtils.java:logGet(43)) - raft.server.log.queue.byte-limit = 2147483647 (custom)
2019-08-21 09:03:58,547 INFO  server.RaftServerConfigKeys (ConfUtils.java:logGet(43)) - raft.server.log.queue.element-limit = 1024 (custom)
2019-08-21 09:03:58,547 INFO  segmented.SegmentedRaftLogWorker (SegmentedRaftLogWorker.java:lambda$new$0(132)) - a25b4cb1-2cd9-4739-87bc-31f2539422aa-SegmentedRaftLogWorker:Storage Directory /workdir/hadoop-ozone/integration-test/target/test-dir/MiniOzoneClusterImpl-99126c74-8a49-4d65-9125-af5d1c669fa0/datanode-4/data/ratis/548f426d-6be0-40e1-b7cd-ac25e80a9394: flushIndex: setUnconditionally 0 -> -1
2019-08-21 09:03:58,547 INFO  server.RaftServerConfigKeys (ConfUtils.java:logGet(43)) - raft.server.log.queue.element-limit = 1024 (custom)
2019-08-21 09:03:58,547 INFO  server.RaftServerConfigKeys (ConfUtils.java:logGet(43)) - raft.server.log.segment.size.max = 1048576 (custom)
2019-08-21 09:03:58,548 INFO  server.RaftServerConfigKeys (ConfUtils.java:logGet(43)) - raft.server.snapshot.auto.trigger.enabled = true (custom)
2019-08-21 09:03:58,547 INFO  server.RaftServerConfigKeys (ConfUtils.java:logGet(43)) - raft.server.log.segment.size.max = 1048576 (custom)
2019-08-21 09:03:58,548 INFO  server.RaftServerConfigKeys (ConfUtils.java:logGet(43)) - raft.server.snapshot.auto.trigger.threshold = 10000 (custom)
2019-08-21 09:03:58,548 INFO  server.RaftServerConfigKeys (ConfUtils.java:logGet(43)) - raft.server.log.preallocated.size = 16384 (custom)
2019-08-21 09:03:58,548 INFO  server.RaftServerConfigKeys (ConfUtils.java:logGet(43)) - raft.server.retrycache.expirytime = 600000ms (custom)
2019-08-21 09:03:58,548 INFO  server.RaftServerConfigKeys (ConfUtils.java:logGet(43)) - raft.server.log.preallocated.size = 16384 (custom)
2019-08-21 09:03:58,548 INFO  server.RaftServerConfigKeys (ConfUtils.java:logGet(43)) - raft.server.log.write.buffer.size = 33554432 (custom)
2019-08-21 09:03:58,548 INFO  impl.RaftServerImpl (RaftServerImpl.java:start(180)) - a25b4cb1-2cd9-4739-87bc-31f2539422aa: start group-AC25E80A9394
2019-08-21 09:03:58,548 INFO  server.RaftServerConfigKeys (ConfUtils.java:logGet(43)) - raft.server.log.write.buffer.size = 33554432 (custom)
2019-08-21 09:03:58,549 INFO  impl.RaftServerImpl (RaftServerImpl.java:setRole(171)) - a25b4cb1-2cd9-4739-87bc-31f2539422aa:group-AC25E80A9394 changes role from null to FOLLOWER at term 0 for startAsFollower
2019-08-21 09:03:58,549 INFO  server.RaftServerConfigKeys (ConfUtils.java:logGet(43)) - raft.server.log.force.sync.num = 128 (default)
2019-08-21 09:03:58,549 INFO  impl.RoleInfo (RoleInfo.java:updateAndGet(143)) - a25b4cb1-2cd9-4739-87bc-31f2539422aa: start FollowerState
2019-08-21 09:03:58,549 INFO  server.RaftServerConfigKeys (ConfUtils.java:logGet(43)) - raft.server.log.force.sync.num = 128 (default)
2019-08-21 09:03:58,549 INFO  server.RaftServerConfigKeys (ConfUtils.java:logGet(43)) - raft.server.log.statemachine.data.sync = true (default)
2019-08-21 09:03:58,550 INFO  server.RaftServerConfigKeys (ConfUtils.java:logGet(43)) - raft.server.log.statemachine.data.sync = true (default)
2019-08-21 09:03:58,550 INFO  server.RaftServerConfigKeys (ConfUtils.java:logGet(43)) - raft.server.log.statemachine.data.sync.timeout = 10s (default)
2019-08-21 09:03:58,550 INFO  server.RaftServerConfigKeys (ConfUtils.java:logGet(43)) - raft.server.log.statemachine.data.sync.timeout = 10s (default)
2019-08-21 09:03:58,550 INFO  util.JmxRegister (JmxRegister.java:tryRegister(44)) - Successfully registered JMX Bean with object name Ratis:service=RaftServer,group=group-AC25E80A9394,id=a25b4cb1-2cd9-4739-87bc-31f2539422aa
2019-08-21 09:03:58,550 INFO  server.RaftServerConfigKeys (ConfUtils.java:logGet(43)) - raft.server.log.statemachine.data.sync.timeout.retry = -1 (default)
2019-08-21 09:03:58,550 INFO  server.RaftServerConfigKeys (ConfUtils.java:logGet(43)) - raft.server.log.statemachine.data.sync.timeout.retry = -1 (default)
2019-08-21 09:03:58,551 INFO  server.RaftServerConfigKeys (ConfUtils.java:logGet(43)) - raft.server.log.statemachine.data.caching.enabled = true (custom)
2019-08-21 09:03:58,551 INFO  server.RaftServerConfigKeys (ConfUtils.java:logGet(43)) - raft.server.log.statemachine.data.caching.enabled = true (custom)
2019-08-21 09:03:58,551 INFO  segmented.SegmentedRaftLogWorker (SegmentedRaftLogWorker.java:lambda$new$0(132)) - 3da2288a-6198-4d5f-b9de-b237789eac1a-SegmentedRaftLogWorker:Storage Directory /workdir/hadoop-ozone/integration-test/target/test-dir/MiniOzoneClusterImpl-99126c74-8a49-4d65-9125-af5d1c669fa0/datanode-3/data/ratis/548f426d-6be0-40e1-b7cd-ac25e80a9394: flushIndex: setUnconditionally 0 -> -1
2019-08-21 09:03:58,551 INFO  segmented.SegmentedRaftLogWorker (SegmentedRaftLogWorker.java:lambda$new$0(132)) - bf9fc535-e9a8-4527-8a78-1ff9b600d2eb-SegmentedRaftLogWorker:Storage Directory /workdir/hadoop-ozone/integration-test/target/test-dir/MiniOzoneClusterImpl-99126c74-8a49-4d65-9125-af5d1c669fa0/datanode-5/data/ratis/548f426d-6be0-40e1-b7cd-ac25e80a9394: flushIndex: setUnconditionally 0 -> -1
2019-08-21 09:03:58,552 INFO  server.RaftServerConfigKeys (ConfUtils.java:logGet(43)) - raft.server.snapshot.auto.trigger.enabled = true (custom)
2019-08-21 09:03:58,552 INFO  server.RaftServerConfigKeys (ConfUtils.java:logGet(43)) - raft.server.snapshot.auto.trigger.enabled = true (custom)
2019-08-21 09:03:58,552 INFO  server.RaftServerConfigKeys (ConfUtils.java:logGet(43)) - raft.server.snapshot.auto.trigger.threshold = 10000 (custom)
2019-08-21 09:03:58,552 INFO  server.RaftServerConfigKeys (ConfUtils.java:logGet(43)) - raft.server.snapshot.auto.trigger.threshold = 10000 (custom)
2019-08-21 09:03:58,552 INFO  server.RaftServerConfigKeys (ConfUtils.java:logGet(43)) - raft.server.retrycache.expirytime = 600000ms (custom)
2019-08-21 09:03:58,552 INFO  server.RaftServerConfigKeys (ConfUtils.java:logGet(43)) - raft.server.retrycache.expirytime = 600000ms (custom)
2019-08-21 09:03:58,553 INFO  impl.RaftServerImpl (RaftServerImpl.java:start(180)) - 3da2288a-6198-4d5f-b9de-b237789eac1a: start group-AC25E80A9394
2019-08-21 09:03:58,553 INFO  impl.RaftServerImpl (RaftServerImpl.java:start(180)) - bf9fc535-e9a8-4527-8a78-1ff9b600d2eb: start group-AC25E80A9394
2019-08-21 09:03:58,553 INFO  impl.RaftServerImpl (RaftServerImpl.java:setRole(171)) - 3da2288a-6198-4d5f-b9de-b237789eac1a:group-AC25E80A9394 changes role from null to FOLLOWER at term 0 for startAsFollower
2019-08-21 09:03:58,553 INFO  impl.RaftServerImpl (RaftServerImpl.java:setRole(171)) - bf9fc535-e9a8-4527-8a78-1ff9b600d2eb:group-AC25E80A9394 changes role from null to FOLLOWER at term 0 for startAsFollower
2019-08-21 09:03:58,553 INFO  impl.RoleInfo (RoleInfo.java:updateAndGet(143)) - 3da2288a-6198-4d5f-b9de-b237789eac1a: start FollowerState
2019-08-21 09:03:58,553 INFO  impl.RoleInfo (RoleInfo.java:updateAndGet(143)) - bf9fc535-e9a8-4527-8a78-1ff9b600d2eb: start FollowerState
2019-08-21 09:03:58,554 INFO  util.JmxRegister (JmxRegister.java:tryRegister(44)) - Successfully registered JMX Bean with object name Ratis:service=RaftServer,group=group-AC25E80A9394,id=3da2288a-6198-4d5f-b9de-b237789eac1a
2019-08-21 09:03:58,554 INFO  util.JmxRegister (JmxRegister.java:tryRegister(44)) - Successfully registered JMX Bean with object name Ratis:service=RaftServer,group=group-AC25E80A9394,id=bf9fc535-e9a8-4527-8a78-1ff9b600d2eb
2019-08-21 09:03:58,569 INFO  pipeline.PipelineStateManager (PipelineStateManager.java:addPipeline(56)) - Created pipeline Pipeline[ Id: 548f426d-6be0-40e1-b7cd-ac25e80a9394, Nodes: 3da2288a-6198-4d5f-b9de-b237789eac1a{ip: 192.168.157.251, host: pr-hdds-1948-qvnss-3490636412, networkLocation: /default-rack, certSerialId: null}a25b4cb1-2cd9-4739-87bc-31f2539422aa{ip: 192.168.157.251, host: pr-hdds-1948-qvnss-3490636412, networkLocation: /default-rack, certSerialId: null}bf9fc535-e9a8-4527-8a78-1ff9b600d2eb{ip: 192.168.157.251, host: pr-hdds-1948-qvnss-3490636412, networkLocation: /default-rack, certSerialId: null}, Type:RATIS, Factor:THREE, State:OPEN]
2019-08-21 09:03:58,632 INFO  ozone.MiniOzoneClusterImpl (MiniOzoneClusterImpl.java:lambda$waitForClusterToBeReady$0(142)) - Waiting for cluster to be ready. Got 6 of 7 DN Heartbeats.
2019-08-21 09:03:58,634 INFO  net.NetworkTopology (NetworkTopologyImpl.java:add(110)) - Added a new node: /default-rack/741e8cac-fe64-4d95-a55a-62e307ff834d
2019-08-21 09:03:58,634 INFO  node.SCMNodeManager (SCMNodeManager.java:register(273)) - Registered Data node : 741e8cac-fe64-4d95-a55a-62e307ff834d{ip: 192.168.157.251, host: pr-hdds-1948-qvnss-3490636412, networkLocation: /default-rack, certSerialId: null}
2019-08-21 09:03:58,648 INFO  impl.RaftServerProxy (RaftServerProxy.java:addNew(89)) - 741e8cac-fe64-4d95-a55a-62e307ff834d: addNew group-2A7E5BF64585:[741e8cac-fe64-4d95-a55a-62e307ff834d:192.168.157.251:38401] returns group-2A7E5BF64585:java.util.concurrent.CompletableFuture@31fbf352[Not completed]
2019-08-21 09:03:58,655 INFO  impl.RaftServerImpl (RaftServerImpl.java:<init>(93)) - 741e8cac-fe64-4d95-a55a-62e307ff834d: new RaftServerImpl for group-2A7E5BF64585:[741e8cac-fe64-4d95-a55a-62e307ff834d:192.168.157.251:38401] with ContainerStateMachine:uninitialized
2019-08-21 09:03:58,655 INFO  server.RaftServerConfigKeys (ConfUtils.java:logGet(43)) - raft.server.rpc.timeout.min = 5s (custom)
2019-08-21 09:03:58,655 INFO  server.RaftServerConfigKeys (ConfUtils.java:logGet(43)) - raft.server.rpc.timeout.max = 5200ms (custom)
2019-08-21 09:03:58,656 INFO  server.RaftServerConfigKeys (ConfUtils.java:logGet(43)) - raft.server.rpcslowness.timeout = 120s (custom)
2019-08-21 09:03:58,656 INFO  server.RaftServerConfigKeys (ConfUtils.java:logGet(43)) - raft.server.sleep.deviation.threshold = 300 (default)
2019-08-21 09:03:58,656 INFO  server.RaftServerConfigKeys (ConfUtils.java:logGet(43)) - raft.server.log.appender.install.snapshot.enabled = false (custom)
2019-08-21 09:03:58,656 INFO  impl.RaftServerImpl (ServerState.java:<init>(105)) - 741e8cac-fe64-4d95-a55a-62e307ff834d:group-2A7E5BF64585 ConfigurationManager, init=-1: [741e8cac-fe64-4d95-a55a-62e307ff834d:192.168.157.251:38401], old=null, confs=<EMPTY_MAP>
2019-08-21 09:03:58,657 INFO  server.RaftServerConfigKeys (ConfUtils.java:logGet(43)) - raft.server.storage.dir = [/workdir/hadoop-ozone/integration-test/target/test-dir/MiniOzoneClusterImpl-99126c74-8a49-4d65-9125-af5d1c669fa0/datanode-6/data/ratis] (custom)
2019-08-21 09:03:58,657 INFO  storage.RaftStorageDirectory (RaftStorageDirectory.java:analyzeStorage(246)) - The storage directory /workdir/hadoop-ozone/integration-test/target/test-dir/MiniOzoneClusterImpl-99126c74-8a49-4d65-9125-af5d1c669fa0/datanode-6/data/ratis/8f330897-7203-4d38-a042-2a7e5bf64585 does not exist. Creating ...
2019-08-21 09:03:58,671 INFO  storage.RaftStorageDirectory (RaftStorageDirectory.java:tryLock(328)) - Lock on /workdir/hadoop-ozone/integration-test/target/test-dir/MiniOzoneClusterImpl-99126c74-8a49-4d65-9125-af5d1c669fa0/datanode-6/data/ratis/8f330897-7203-4d38-a042-2a7e5bf64585/in_use.lock acquired by nodename 1744@pr-hdds-1948-qvnss-3490636412
2019-08-21 09:03:58,684 INFO  storage.RaftStorage (RaftStorage.java:format(72)) - Storage directory /workdir/hadoop-ozone/integration-test/target/test-dir/MiniOzoneClusterImpl-99126c74-8a49-4d65-9125-af5d1c669fa0/datanode-6/data/ratis/8f330897-7203-4d38-a042-2a7e5bf64585 has been successfully formatted.
2019-08-21 09:03:58,684 INFO  ratis.ContainerStateMachine (ContainerStateMachine.java:loadSnapshot(222)) - group-2A7E5BF64585: The snapshot info is null. Setting the last applied indexto:(t:0, i:~)
2019-08-21 09:03:58,685 INFO  server.RaftServerConfigKeys (ConfUtils.java:logGet(43)) - raft.server.leader.election.timeout = 120s (custom)
2019-08-21 09:03:58,685 INFO  server.RaftServerConfigKeys (ConfUtils.java:logGet(43)) - raft.server.log.use.memory = false (default)
2019-08-21 09:03:58,685 INFO  server.RaftServerConfigKeys (ConfUtils.java:logGet(43)) - raft.server.log.purge.gap = 1000000000 (custom)
2019-08-21 09:03:58,685 INFO  server.RaftServerConfigKeys (ConfUtils.java:logGet(43)) - raft.server.log.appender.buffer.byte-limit = 33554432 (custom)
2019-08-21 09:03:58,685 INFO  server.RaftServerConfigKeys (ConfUtils.java:logGet(43)) - raft.server.log.segment.size.max = 1048576 (custom)
2019-08-21 09:03:58,686 INFO  server.RaftServerConfigKeys (ConfUtils.java:logGet(43)) - raft.server.log.segment.cache.num.max = 2 (custom)
2019-08-21 09:03:58,686 INFO  segmented.SegmentedRaftLogWorker (SegmentedRaftLogWorker.java:<init>(172)) - new 741e8cac-fe64-4d95-a55a-62e307ff834d-SegmentedRaftLogWorker:Storage Directory /workdir/hadoop-ozone/integration-test/target/test-dir/MiniOzoneClusterImpl-99126c74-8a49-4d65-9125-af5d1c669fa0/datanode-6/data/ratis/8f330897-7203-4d38-a042-2a7e5bf64585 for RaftStorage:Storage Directory /workdir/hadoop-ozone/integration-test/target/test-dir/MiniOzoneClusterImpl-99126c74-8a49-4d65-9125-af5d1c669fa0/datanode-6/data/ratis/8f330897-7203-4d38-a042-2a7e5bf64585
2019-08-21 09:03:58,686 INFO  server.RaftServerConfigKeys (ConfUtils.java:logGet(43)) - raft.server.log.queue.byte-limit = 2147483647 (custom)
2019-08-21 09:03:58,686 INFO  server.RaftServerConfigKeys (ConfUtils.java:logGet(43)) - raft.server.log.queue.element-limit = 1024 (custom)
2019-08-21 09:03:58,687 INFO  server.RaftServerConfigKeys (ConfUtils.java:logGet(43)) - raft.server.log.segment.size.max = 1048576 (custom)
2019-08-21 09:03:58,687 INFO  server.RaftServerConfigKeys (ConfUtils.java:logGet(43)) - raft.server.log.preallocated.size = 16384 (custom)
2019-08-21 09:03:58,687 INFO  server.RaftServerConfigKeys (ConfUtils.java:logGet(43)) - raft.server.log.write.buffer.size = 33554432 (custom)
2019-08-21 09:03:58,687 INFO  server.RaftServerConfigKeys (ConfUtils.java:logGet(43)) - raft.server.log.force.sync.num = 128 (default)
2019-08-21 09:03:58,687 INFO  server.RaftServerConfigKeys (ConfUtils.java:logGet(43)) - raft.server.log.statemachine.data.sync = true (default)
2019-08-21 09:03:58,688 INFO  server.RaftServerConfigKeys (ConfUtils.java:logGet(43)) - raft.server.log.statemachine.data.sync.timeout = 10s (default)
2019-08-21 09:03:58,688 INFO  server.RaftServerConfigKeys (ConfUtils.java:logGet(43)) - raft.server.log.statemachine.data.sync.timeout.retry = -1 (default)
2019-08-21 09:03:58,688 INFO  server.RaftServerConfigKeys (ConfUtils.java:logGet(43)) - raft.server.log.statemachine.data.caching.enabled = true (custom)
2019-08-21 09:03:58,689 INFO  segmented.SegmentedRaftLogWorker (SegmentedRaftLogWorker.java:lambda$new$0(132)) - 741e8cac-fe64-4d95-a55a-62e307ff834d-SegmentedRaftLogWorker:Storage Directory /workdir/hadoop-ozone/integration-test/target/test-dir/MiniOzoneClusterImpl-99126c74-8a49-4d65-9125-af5d1c669fa0/datanode-6/data/ratis/8f330897-7203-4d38-a042-2a7e5bf64585: flushIndex: setUnconditionally 0 -> -1
2019-08-21 09:03:58,689 INFO  server.RaftServerConfigKeys (ConfUtils.java:logGet(43)) - raft.server.snapshot.auto.trigger.enabled = true (custom)
2019-08-21 09:03:58,689 INFO  server.RaftServerConfigKeys (ConfUtils.java:logGet(43)) - raft.server.snapshot.auto.trigger.threshold = 10000 (custom)
2019-08-21 09:03:58,689 INFO  server.RaftServerConfigKeys (ConfUtils.java:logGet(43)) - raft.server.retrycache.expirytime = 600000ms (custom)
2019-08-21 09:03:58,690 INFO  impl.RaftServerImpl (RaftServerImpl.java:start(180)) - 741e8cac-fe64-4d95-a55a-62e307ff834d: start group-2A7E5BF64585
2019-08-21 09:03:58,690 INFO  impl.RaftServerImpl (RaftServerImpl.java:setRole(171)) - 741e8cac-fe64-4d95-a55a-62e307ff834d:group-2A7E5BF64585 changes role from null to FOLLOWER at term 0 for startAsFollower
2019-08-21 09:03:58,690 INFO  impl.RoleInfo (RoleInfo.java:updateAndGet(143)) - 741e8cac-fe64-4d95-a55a-62e307ff834d: start FollowerState
2019-08-21 09:03:58,691 INFO  util.JmxRegister (JmxRegister.java:tryRegister(44)) - Successfully registered JMX Bean with object name Ratis:service=RaftServer,group=group-2A7E5BF64585,id=741e8cac-fe64-4d95-a55a-62e307ff834d
2019-08-21 09:03:58,696 INFO  pipeline.PipelineStateManager (PipelineStateManager.java:addPipeline(56)) - Created pipeline Pipeline[ Id: 8f330897-7203-4d38-a042-2a7e5bf64585, Nodes: 741e8cac-fe64-4d95-a55a-62e307ff834d{ip: 192.168.157.251, host: pr-hdds-1948-qvnss-3490636412, networkLocation: /default-rack, certSerialId: null}, Type:RATIS, Factor:ONE, State:OPEN]
2019-08-21 09:03:59,633 INFO  ozone.MiniOzoneClusterImpl (MiniOzoneClusterImpl.java:lambda$waitForClusterToBeReady$0(142)) - Cluster is ready. Got 7 of 7 DN Heartbeats.
2019-08-21 09:03:59,681 INFO  rpc.RpcClient (RpcClient.java:createVolume(292)) - Creating Volume: testblockoutputstreamwithretries, with jenkins1000 as owner.
2019-08-21 09:03:59,698 INFO  rpc.RpcClient (RpcClient.java:createBucket(429)) - Creating Bucket: testblockoutputstreamwithretries/testblockoutputstreamwithretries, with Versioning false and Storage Type set to DISK and Encryption set to false 
2019-08-21 09:03:59,731 INFO  client.GrpcClientProtocolClient (GrpcClientProtocolClient.java:onNext(255)) - client-A9547B8EA7B8->84c80f7a-cb80-4090-88c4-05efb54ad056: receive RaftClientReply:client-A9547B8EA7B8->84c80f7a-cb80-4090-88c4-05efb54ad056@group-06FDDC7179C9, cid=42, FAILED org.apache.ratis.protocol.NotLeaderException: Server 84c80f7a-cb80-4090-88c4-05efb54ad056 is not the leader (null). Request must be sent to leader., logIndex=0, commits[84c80f7a-cb80-4090-88c4-05efb54ad056:c-1]
2019-08-21 09:04:00,158 INFO  container.ReplicationManager (ReplicationManager.java:start(155)) - Starting Replication Monitor Thread.
2019-08-21 09:04:00,163 INFO  container.ReplicationManager (ReplicationManager.java:run(207)) - Replication Monitor Thread took 0 milliseconds for processing 3 containers.
2019-08-21 09:04:00,773 INFO  client.GrpcClientProtocolClient (GrpcClientProtocolClient.java:onNext(255)) - client-A9547B8EA7B8->f351392b-6c44-4f93-98c8-a108c538f35f: receive RaftClientReply:client-A9547B8EA7B8->f351392b-6c44-4f93-98c8-a108c538f35f@group-06FDDC7179C9, cid=42, FAILED org.apache.ratis.protocol.NotLeaderException: Server f351392b-6c44-4f93-98c8-a108c538f35f is not the leader (null). Request must be sent to leader., logIndex=0, commits[f351392b-6c44-4f93-98c8-a108c538f35f:c-1]
2019-08-21 09:04:01,795 INFO  client.GrpcClientProtocolClient (GrpcClientProtocolClient.java:onNext(255)) - client-A9547B8EA7B8->51c797bf-85d4-46b6-bb6a-11c05d27fa2a: receive RaftClientReply:client-A9547B8EA7B8->51c797bf-85d4-46b6-bb6a-11c05d27fa2a@group-06FDDC7179C9, cid=42, FAILED org.apache.ratis.protocol.NotLeaderException: Server 51c797bf-85d4-46b6-bb6a-11c05d27fa2a is not the leader (null). Request must be sent to leader., logIndex=0, commits[51c797bf-85d4-46b6-bb6a-11c05d27fa2a:c-1]
2019-08-21 09:04:02,271 INFO  impl.FollowerState (FollowerState.java:run(106)) - 51c797bf-85d4-46b6-bb6a-11c05d27fa2a:group-73207E972AB4 changes to CANDIDATE, lastRpcTime:5050, electionTimeout:5050ms
2019-08-21 09:04:02,271 INFO  impl.RoleInfo (RoleInfo.java:shutdownFollowerState(121)) - 51c797bf-85d4-46b6-bb6a-11c05d27fa2a: shutdown FollowerState
2019-08-21 09:04:02,271 INFO  impl.RaftServerImpl (RaftServerImpl.java:setRole(171)) - 51c797bf-85d4-46b6-bb6a-11c05d27fa2a:group-73207E972AB4 changes role from FOLLOWER to CANDIDATE at term 0 for changeToCandidate
2019-08-21 09:04:02,272 INFO  impl.RoleInfo (RoleInfo.java:updateAndGet(143)) - 51c797bf-85d4-46b6-bb6a-11c05d27fa2a: start LeaderElection
2019-08-21 09:04:02,305 INFO  impl.LeaderElection (LeaderElection.java:askForVotes(181)) - 51c797bf-85d4-46b6-bb6a-11c05d27fa2a:group-73207E972AB4:LeaderElection15: begin an election at term 1 for -1: [51c797bf-85d4-46b6-bb6a-11c05d27fa2a:192.168.157.251:41606], old=null
2019-08-21 09:04:02,305 INFO  impl.RoleInfo (RoleInfo.java:shutdownLeaderElection(134)) - 51c797bf-85d4-46b6-bb6a-11c05d27fa2a: shutdown LeaderElection
2019-08-21 09:04:02,306 INFO  impl.RaftServerImpl (RaftServerImpl.java:setRole(171)) - 51c797bf-85d4-46b6-bb6a-11c05d27fa2a:group-73207E972AB4 changes role from CANDIDATE to LEADER at term 1 for changeToLeader
2019-08-21 09:04:02,306 INFO  impl.RaftServerImpl (ServerState.java:setLeader(263)) - 51c797bf-85d4-46b6-bb6a-11c05d27fa2a:group-73207E972AB4 change Leader from null to 51c797bf-85d4-46b6-bb6a-11c05d27fa2a at term 1 for becomeLeader, leader elected after 5091ms
2019-08-21 09:04:02,309 INFO  server.RaftServerConfigKeys (ConfUtils.java:logGet(43)) - raft.server.staging.catchup.gap = 1000 (default)
2019-08-21 09:04:02,309 INFO  server.RaftServerConfigKeys (ConfUtils.java:logGet(43)) - raft.server.rpc.sleep.time = 25ms (default)
2019-08-21 09:04:02,309 INFO  server.RaftServerConfigKeys (ConfUtils.java:logGet(43)) - raft.server.write.element-limit = 4096 (default)
2019-08-21 09:04:02,309 INFO  server.RaftServerConfigKeys (ConfUtils.java:logGet(43)) - raft.server.watch.timeout = 10s (default)
2019-08-21 09:04:02,310 INFO  server.RaftServerConfigKeys (ConfUtils.java:logGet(43)) - raft.server.watch.timeout.denomination = 1s (default)
2019-08-21 09:04:02,310 INFO  server.RaftServerConfigKeys (ConfUtils.java:logGet(43)) - raft.server.watch.element-limit = 65536 (default)
2019-08-21 09:04:02,310 INFO  impl.RoleInfo (RoleInfo.java:updateAndGet(143)) - 51c797bf-85d4-46b6-bb6a-11c05d27fa2a: start LeaderState
2019-08-21 09:04:02,311 INFO  segmented.SegmentedRaftLogWorker (SegmentedRaftLogWorker.java:startLogSegment(380)) - 51c797bf-85d4-46b6-bb6a-11c05d27fa2a-SegmentedRaftLogWorker:Storage Directory /workdir/hadoop-ozone/integration-test/target/test-dir/MiniOzoneClusterImpl-99126c74-8a49-4d65-9125-af5d1c669fa0/datanode-0/data/ratis/a76cf734-e079-4b0f-a589-73207e972ab4: Starting segment from index:0
2019-08-21 09:04:02,311 INFO  impl.RaftServerImpl (ServerState.java:setRaftConf(361)) - 51c797bf-85d4-46b6-bb6a-11c05d27fa2a:group-73207E972AB4 set configuration 0: [51c797bf-85d4-46b6-bb6a-11c05d27fa2a:192.168.157.251:41606], old=null at 0
2019-08-21 09:04:02,366 INFO  segmented.SegmentedRaftLogWorker (SegmentedRaftLogWorker.java:execute(569)) - 51c797bf-85d4-46b6-bb6a-11c05d27fa2a-SegmentedRaftLogWorker:Storage Directory /workdir/hadoop-ozone/integration-test/target/test-dir/MiniOzoneClusterImpl-99126c74-8a49-4d65-9125-af5d1c669fa0/datanode-0/data/ratis/a76cf734-e079-4b0f-a589-73207e972ab4: created new log segment /workdir/hadoop-ozone/integration-test/target/test-dir/MiniOzoneClusterImpl-99126c74-8a49-4d65-9125-af5d1c669fa0/datanode-0/data/ratis/a76cf734-e079-4b0f-a589-73207e972ab4/current/log_inprogress_0
2019-08-21 09:04:02,540 INFO  impl.FollowerState (FollowerState.java:run(106)) - f351392b-6c44-4f93-98c8-a108c538f35f:group-669F84DE7C40 changes to CANDIDATE, lastRpcTime:5116, electionTimeout:5116ms
2019-08-21 09:04:02,541 INFO  impl.RoleInfo (RoleInfo.java:shutdownFollowerState(121)) - f351392b-6c44-4f93-98c8-a108c538f35f: shutdown FollowerState
2019-08-21 09:04:02,541 INFO  impl.RaftServerImpl (RaftServerImpl.java:setRole(171)) - f351392b-6c44-4f93-98c8-a108c538f35f:group-669F84DE7C40 changes role from FOLLOWER to CANDIDATE at term 0 for changeToCandidate
2019-08-21 09:04:02,541 INFO  impl.RoleInfo (RoleInfo.java:updateAndGet(143)) - f351392b-6c44-4f93-98c8-a108c538f35f: start LeaderElection
2019-08-21 09:04:02,562 INFO  impl.LeaderElection (LeaderElection.java:askForVotes(181)) - f351392b-6c44-4f93-98c8-a108c538f35f:group-669F84DE7C40:LeaderElection16: begin an election at term 1 for -1: [f351392b-6c44-4f93-98c8-a108c538f35f:192.168.157.251:33770], old=null
2019-08-21 09:04:02,562 INFO  impl.RoleInfo (RoleInfo.java:shutdownLeaderElection(134)) - f351392b-6c44-4f93-98c8-a108c538f35f: shutdown LeaderElection
2019-08-21 09:04:02,562 INFO  impl.RaftServerImpl (RaftServerImpl.java:setRole(171)) - f351392b-6c44-4f93-98c8-a108c538f35f:group-669F84DE7C40 changes role from CANDIDATE to LEADER at term 1 for changeToLeader
2019-08-21 09:04:02,562 INFO  impl.RaftServerImpl (ServerState.java:setLeader(263)) - f351392b-6c44-4f93-98c8-a108c538f35f:group-669F84DE7C40 change Leader from null to f351392b-6c44-4f93-98c8-a108c538f35f at term 1 for becomeLeader, leader elected after 5144ms
2019-08-21 09:04:02,565 INFO  server.RaftServerConfigKeys (ConfUtils.java:logGet(43)) - raft.server.staging.catchup.gap = 1000 (default)
2019-08-21 09:04:02,565 INFO  server.RaftServerConfigKeys (ConfUtils.java:logGet(43)) - raft.server.rpc.sleep.time = 25ms (default)
2019-08-21 09:04:02,566 INFO  server.RaftServerConfigKeys (ConfUtils.java:logGet(43)) - raft.server.write.element-limit = 4096 (default)
2019-08-21 09:04:02,566 INFO  server.RaftServerConfigKeys (ConfUtils.java:logGet(43)) - raft.server.watch.timeout = 10s (default)
2019-08-21 09:04:02,566 INFO  server.RaftServerConfigKeys (ConfUtils.java:logGet(43)) - raft.server.watch.timeout.denomination = 1s (default)
2019-08-21 09:04:02,566 INFO  server.RaftServerConfigKeys (ConfUtils.java:logGet(43)) - raft.server.watch.element-limit = 65536 (default)
2019-08-21 09:04:02,566 INFO  impl.RoleInfo (RoleInfo.java:updateAndGet(143)) - f351392b-6c44-4f93-98c8-a108c538f35f: start LeaderState
2019-08-21 09:04:02,567 INFO  segmented.SegmentedRaftLogWorker (SegmentedRaftLogWorker.java:startLogSegment(380)) - f351392b-6c44-4f93-98c8-a108c538f35f-SegmentedRaftLogWorker:Storage Directory /workdir/hadoop-ozone/integration-test/target/test-dir/MiniOzoneClusterImpl-99126c74-8a49-4d65-9125-af5d1c669fa0/datanode-1/data/ratis/76d11264-1fea-4c70-b2bd-669f84de7c40: Starting segment from index:0
2019-08-21 09:04:02,568 INFO  impl.RaftServerImpl (ServerState.java:setRaftConf(361)) - f351392b-6c44-4f93-98c8-a108c538f35f:group-669F84DE7C40 set configuration 0: [f351392b-6c44-4f93-98c8-a108c538f35f:192.168.157.251:33770], old=null at 0
2019-08-21 09:04:02,632 INFO  segmented.SegmentedRaftLogWorker (SegmentedRaftLogWorker.java:execute(569)) - f351392b-6c44-4f93-98c8-a108c538f35f-SegmentedRaftLogWorker:Storage Directory /workdir/hadoop-ozone/integration-test/target/test-dir/MiniOzoneClusterImpl-99126c74-8a49-4d65-9125-af5d1c669fa0/datanode-1/data/ratis/76d11264-1fea-4c70-b2bd-669f84de7c40: created new log segment /workdir/hadoop-ozone/integration-test/target/test-dir/MiniOzoneClusterImpl-99126c74-8a49-4d65-9125-af5d1c669fa0/datanode-1/data/ratis/76d11264-1fea-4c70-b2bd-669f84de7c40/current/log_inprogress_0
2019-08-21 09:04:02,641 INFO  impl.FollowerState (FollowerState.java:run(106)) - 84c80f7a-cb80-4090-88c4-05efb54ad056:group-3EF503B72CE8 changes to CANDIDATE, lastRpcTime:5004, electionTimeout:5004ms
2019-08-21 09:04:02,641 INFO  impl.RoleInfo (RoleInfo.java:shutdownFollowerState(121)) - 84c80f7a-cb80-4090-88c4-05efb54ad056: shutdown FollowerState
2019-08-21 09:04:02,642 INFO  impl.RaftServerImpl (RaftServerImpl.java:setRole(171)) - 84c80f7a-cb80-4090-88c4-05efb54ad056:group-3EF503B72CE8 changes role from FOLLOWER to CANDIDATE at term 0 for changeToCandidate
2019-08-21 09:04:02,642 INFO  impl.RoleInfo (RoleInfo.java:updateAndGet(143)) - 84c80f7a-cb80-4090-88c4-05efb54ad056: start LeaderElection
2019-08-21 09:04:02,660 INFO  impl.LeaderElection (LeaderElection.java:askForVotes(181)) - 84c80f7a-cb80-4090-88c4-05efb54ad056:group-3EF503B72CE8:LeaderElection17: begin an election at term 1 for -1: [84c80f7a-cb80-4090-88c4-05efb54ad056:192.168.157.251:34608], old=null
2019-08-21 09:04:02,660 INFO  impl.RoleInfo (RoleInfo.java:shutdownLeaderElection(134)) - 84c80f7a-cb80-4090-88c4-05efb54ad056: shutdown LeaderElection
2019-08-21 09:04:02,661 INFO  impl.RaftServerImpl (RaftServerImpl.java:setRole(171)) - 84c80f7a-cb80-4090-88c4-05efb54ad056:group-3EF503B72CE8 changes role from CANDIDATE to LEADER at term 1 for changeToLeader
2019-08-21 09:04:02,661 INFO  impl.RaftServerImpl (ServerState.java:setLeader(263)) - 84c80f7a-cb80-4090-88c4-05efb54ad056:group-3EF503B72CE8 change Leader from null to 84c80f7a-cb80-4090-88c4-05efb54ad056 at term 1 for becomeLeader, leader elected after 5029ms
2019-08-21 09:04:02,663 INFO  server.RaftServerConfigKeys (ConfUtils.java:logGet(43)) - raft.server.staging.catchup.gap = 1000 (default)
2019-08-21 09:04:02,664 INFO  server.RaftServerConfigKeys (ConfUtils.java:logGet(43)) - raft.server.rpc.sleep.time = 25ms (default)
2019-08-21 09:04:02,664 INFO  server.RaftServerConfigKeys (ConfUtils.java:logGet(43)) - raft.server.write.element-limit = 4096 (default)
2019-08-21 09:04:02,664 INFO  server.RaftServerConfigKeys (ConfUtils.java:logGet(43)) - raft.server.watch.timeout = 10s (default)
2019-08-21 09:04:02,664 INFO  server.RaftServerConfigKeys (ConfUtils.java:logGet(43)) - raft.server.watch.timeout.denomination = 1s (default)
2019-08-21 09:04:02,664 INFO  server.RaftServerConfigKeys (ConfUtils.java:logGet(43)) - raft.server.watch.element-limit = 65536 (default)
2019-08-21 09:04:02,665 INFO  impl.RoleInfo (RoleInfo.java:updateAndGet(143)) - 84c80f7a-cb80-4090-88c4-05efb54ad056: start LeaderState
2019-08-21 09:04:02,665 INFO  segmented.SegmentedRaftLogWorker (SegmentedRaftLogWorker.java:startLogSegment(380)) - 84c80f7a-cb80-4090-88c4-05efb54ad056-SegmentedRaftLogWorker:Storage Directory /workdir/hadoop-ozone/integration-test/target/test-dir/MiniOzoneClusterImpl-99126c74-8a49-4d65-9125-af5d1c669fa0/datanode-2/data/ratis/408e2101-e0e2-4186-aefd-3ef503b72ce8: Starting segment from index:0
2019-08-21 09:04:02,666 INFO  impl.RaftServerImpl (ServerState.java:setRaftConf(361)) - 84c80f7a-cb80-4090-88c4-05efb54ad056:group-3EF503B72CE8 set configuration 0: [84c80f7a-cb80-4090-88c4-05efb54ad056:192.168.157.251:34608], old=null at 0
2019-08-21 09:04:02,717 INFO  segmented.SegmentedRaftLogWorker (SegmentedRaftLogWorker.java:execute(569)) - 84c80f7a-cb80-4090-88c4-05efb54ad056-SegmentedRaftLogWorker:Storage Directory /workdir/hadoop-ozone/integration-test/target/test-dir/MiniOzoneClusterImpl-99126c74-8a49-4d65-9125-af5d1c669fa0/datanode-2/data/ratis/408e2101-e0e2-4186-aefd-3ef503b72ce8: created new log segment /workdir/hadoop-ozone/integration-test/target/test-dir/MiniOzoneClusterImpl-99126c74-8a49-4d65-9125-af5d1c669fa0/datanode-2/data/ratis/408e2101-e0e2-4186-aefd-3ef503b72ce8/current/log_inprogress_0
2019-08-21 09:04:02,728 INFO  impl.FollowerState (FollowerState.java:run(106)) - 51c797bf-85d4-46b6-bb6a-11c05d27fa2a:group-06FDDC7179C9 changes to CANDIDATE, lastRpcTime:5004, electionTimeout:5004ms
2019-08-21 09:04:02,728 INFO  impl.RoleInfo (RoleInfo.java:shutdownFollowerState(121)) - 51c797bf-85d4-46b6-bb6a-11c05d27fa2a: shutdown FollowerState
2019-08-21 09:04:02,728 INFO  impl.RaftServerImpl (RaftServerImpl.java:setRole(171)) - 51c797bf-85d4-46b6-bb6a-11c05d27fa2a:group-06FDDC7179C9 changes role from FOLLOWER to CANDIDATE at term 0 for changeToCandidate
2019-08-21 09:04:02,729 INFO  impl.RoleInfo (RoleInfo.java:updateAndGet(143)) - 51c797bf-85d4-46b6-bb6a-11c05d27fa2a: start LeaderElection
2019-08-21 09:04:02,753 INFO  impl.LeaderElection (LeaderElection.java:askForVotes(181)) - 51c797bf-85d4-46b6-bb6a-11c05d27fa2a:group-06FDDC7179C9:LeaderElection18: begin an election at term 1 for -1: [f351392b-6c44-4f93-98c8-a108c538f35f:192.168.157.251:33770, 84c80f7a-cb80-4090-88c4-05efb54ad056:192.168.157.251:34608, 51c797bf-85d4-46b6-bb6a-11c05d27fa2a:192.168.157.251:41606], old=null
2019-08-21 09:04:02,760 INFO  impl.RaftServerImpl (RaftServerImpl.java:setRole(171)) - 84c80f7a-cb80-4090-88c4-05efb54ad056:group-06FDDC7179C9 changes role from FOLLOWER to FOLLOWER at term 1 for recognizeCandidate:51c797bf-85d4-46b6-bb6a-11c05d27fa2a
2019-08-21 09:04:02,760 INFO  impl.RaftServerImpl (RaftServerImpl.java:setRole(171)) - f351392b-6c44-4f93-98c8-a108c538f35f:group-06FDDC7179C9 changes role from FOLLOWER to FOLLOWER at term 1 for recognizeCandidate:51c797bf-85d4-46b6-bb6a-11c05d27fa2a
2019-08-21 09:04:02,760 INFO  impl.RoleInfo (RoleInfo.java:shutdownFollowerState(121)) - 84c80f7a-cb80-4090-88c4-05efb54ad056: shutdown FollowerState
2019-08-21 09:04:02,760 INFO  impl.RoleInfo (RoleInfo.java:shutdownFollowerState(121)) - f351392b-6c44-4f93-98c8-a108c538f35f: shutdown FollowerState
2019-08-21 09:04:02,761 INFO  impl.RoleInfo (RoleInfo.java:updateAndGet(143)) - 84c80f7a-cb80-4090-88c4-05efb54ad056: start FollowerState
2019-08-21 09:04:02,761 INFO  impl.RoleInfo (RoleInfo.java:updateAndGet(143)) - f351392b-6c44-4f93-98c8-a108c538f35f: start FollowerState
2019-08-21 09:04:02,761 INFO  impl.FollowerState (FollowerState.java:run(114)) - 84c80f7a-cb80-4090-88c4-05efb54ad056: FollowerState was interrupted: java.lang.InterruptedException: sleep interrupted
2019-08-21 09:04:02,761 INFO  impl.FollowerState (FollowerState.java:run(114)) - f351392b-6c44-4f93-98c8-a108c538f35f: FollowerState was interrupted: java.lang.InterruptedException: sleep interrupted
2019-08-21 09:04:02,788 INFO  impl.LeaderElection (LeaderElection.java:logAndReturn(56)) - 51c797bf-85d4-46b6-bb6a-11c05d27fa2a:group-06FDDC7179C9:LeaderElection18: Election PASSED; received 1 response(s) [51c797bf-85d4-46b6-bb6a-11c05d27fa2a<-f351392b-6c44-4f93-98c8-a108c538f35f#0:OK-t1] and 0 exception(s); 51c797bf-85d4-46b6-bb6a-11c05d27fa2a:t1, leader=null, voted=51c797bf-85d4-46b6-bb6a-11c05d27fa2a, raftlog=51c797bf-85d4-46b6-bb6a-11c05d27fa2a-SegmentedRaftLog:OPENED:c-1,f-1,i0, conf=-1: [f351392b-6c44-4f93-98c8-a108c538f35f:192.168.157.251:33770, 84c80f7a-cb80-4090-88c4-05efb54ad056:192.168.157.251:34608, 51c797bf-85d4-46b6-bb6a-11c05d27fa2a:192.168.157.251:41606], old=null
2019-08-21 09:04:02,789 INFO  impl.RoleInfo (RoleInfo.java:shutdownLeaderElection(134)) - 51c797bf-85d4-46b6-bb6a-11c05d27fa2a: shutdown LeaderElection
2019-08-21 09:04:02,789 INFO  impl.RaftServerImpl (RaftServerImpl.java:setRole(171)) - 51c797bf-85d4-46b6-bb6a-11c05d27fa2a:group-06FDDC7179C9 changes role from CANDIDATE to LEADER at term 1 for changeToLeader
2019-08-21 09:04:02,789 INFO  impl.RaftServerImpl (ServerState.java:setLeader(263)) - 51c797bf-85d4-46b6-bb6a-11c05d27fa2a:group-06FDDC7179C9 change Leader from null to 51c797bf-85d4-46b6-bb6a-11c05d27fa2a at term 1 for becomeLeader, leader elected after 5076ms
2019-08-21 09:04:02,789 INFO  server.RaftServerConfigKeys (ConfUtils.java:logGet(43)) - raft.server.staging.catchup.gap = 1000 (default)
2019-08-21 09:04:02,789 INFO  server.RaftServerConfigKeys (ConfUtils.java:logGet(43)) - raft.server.rpc.sleep.time = 25ms (default)
2019-08-21 09:04:02,790 INFO  server.RaftServerConfigKeys (ConfUtils.java:logGet(43)) - raft.server.write.element-limit = 4096 (default)
2019-08-21 09:04:02,790 INFO  server.RaftServerConfigKeys (ConfUtils.java:logGet(43)) - raft.server.watch.timeout = 10s (default)
2019-08-21 09:04:02,790 INFO  server.RaftServerConfigKeys (ConfUtils.java:logGet(43)) - raft.server.watch.timeout.denomination = 1s (default)
2019-08-21 09:04:02,790 INFO  server.RaftServerConfigKeys (ConfUtils.java:logGet(43)) - raft.server.watch.element-limit = 65536 (default)
2019-08-21 09:04:02,790 INFO  server.RaftServerConfigKeys (ConfUtils.java:logGet(43)) - raft.server.log.appender.snapshot.chunk.size.max = 16MB (=16777216) (default)
2019-08-21 09:04:02,791 INFO  server.RaftServerConfigKeys (ConfUtils.java:logGet(43)) - raft.server.log.appender.buffer.byte-limit = 33554432 (custom)
2019-08-21 09:04:02,791 INFO  server.RaftServerConfigKeys (ConfUtils.java:logGet(43)) - raft.server.log.appender.buffer.element-limit = 1 (custom)
2019-08-21 09:04:02,791 INFO  grpc.GrpcConfigKeys$Server (ConfUtils.java:logGet(43)) - raft.grpc.server.leader.outstanding.appends.max = 128 (default)
2019-08-21 09:04:02,791 INFO  server.RaftServerConfigKeys (ConfUtils.java:logGet(43)) - raft.server.rpc.request.timeout = 3000ms (default)
2019-08-21 09:04:02,792 INFO  server.RaftServerConfigKeys (ConfUtils.java:logGet(43)) - raft.server.log.appender.install.snapshot.enabled = false (custom)
2019-08-21 09:04:02,792 INFO  server.RaftServerConfigKeys (ConfUtils.java:logGet(43)) - raft.server.log.appender.snapshot.chunk.size.max = 16MB (=16777216) (default)
2019-08-21 09:04:02,792 INFO  server.RaftServerConfigKeys (ConfUtils.java:logGet(43)) - raft.server.log.appender.buffer.byte-limit = 33554432 (custom)
2019-08-21 09:04:02,792 INFO  server.RaftServerConfigKeys (ConfUtils.java:logGet(43)) - raft.server.log.appender.buffer.element-limit = 1 (custom)
2019-08-21 09:04:02,792 INFO  grpc.GrpcConfigKeys$Server (ConfUtils.java:logGet(43)) - raft.grpc.server.leader.outstanding.appends.max = 128 (default)
2019-08-21 09:04:02,792 INFO  server.RaftServerConfigKeys (ConfUtils.java:logGet(43)) - raft.server.rpc.request.timeout = 3000ms (default)
2019-08-21 09:04:02,793 INFO  server.RaftServerConfigKeys (ConfUtils.java:logGet(43)) - raft.server.log.appender.install.snapshot.enabled = false (custom)
2019-08-21 09:04:02,793 INFO  impl.RoleInfo (RoleInfo.java:updateAndGet(143)) - 51c797bf-85d4-46b6-bb6a-11c05d27fa2a: start LeaderState
2019-08-21 09:04:02,793 INFO  segmented.SegmentedRaftLogWorker (SegmentedRaftLogWorker.java:startLogSegment(380)) - 51c797bf-85d4-46b6-bb6a-11c05d27fa2a-SegmentedRaftLogWorker:Storage Directory /workdir/hadoop-ozone/integration-test/target/test-dir/MiniOzoneClusterImpl-99126c74-8a49-4d65-9125-af5d1c669fa0/datanode-0/data/ratis/65e641a3-b8dc-4fb0-85f5-06fddc7179c9: Starting segment from index:0
2019-08-21 09:04:02,827 INFO  impl.RaftServerImpl (ServerState.java:setRaftConf(361)) - 51c797bf-85d4-46b6-bb6a-11c05d27fa2a:group-06FDDC7179C9 set configuration 0: [f351392b-6c44-4f93-98c8-a108c538f35f:192.168.157.251:33770, 84c80f7a-cb80-4090-88c4-05efb54ad056:192.168.157.251:34608, 51c797bf-85d4-46b6-bb6a-11c05d27fa2a:192.168.157.251:41606], old=null at 0
2019-08-21 09:04:02,834 INFO  impl.RaftServerImpl (ServerState.java:setLeader(263)) - 84c80f7a-cb80-4090-88c4-05efb54ad056:group-06FDDC7179C9 change Leader from null to 51c797bf-85d4-46b6-bb6a-11c05d27fa2a at term 1 for appendEntries, leader elected after 5120ms
2019-08-21 09:04:02,838 INFO  impl.RaftServerImpl (ServerState.java:setLeader(263)) - f351392b-6c44-4f93-98c8-a108c538f35f:group-06FDDC7179C9 change Leader from null to 51c797bf-85d4-46b6-bb6a-11c05d27fa2a at term 1 for appendEntries, leader elected after 5125ms
2019-08-21 09:04:02,847 INFO  impl.RaftServerImpl (ServerState.java:setRaftConf(361)) - 84c80f7a-cb80-4090-88c4-05efb54ad056:group-06FDDC7179C9 set configuration 0: [f351392b-6c44-4f93-98c8-a108c538f35f:192.168.157.251:33770, 84c80f7a-cb80-4090-88c4-05efb54ad056:192.168.157.251:34608, 51c797bf-85d4-46b6-bb6a-11c05d27fa2a:192.168.157.251:41606], old=null at 0
2019-08-21 09:04:02,847 INFO  segmented.SegmentedRaftLogWorker (SegmentedRaftLogWorker.java:startLogSegment(380)) - 84c80f7a-cb80-4090-88c4-05efb54ad056-SegmentedRaftLogWorker:Storage Directory /workdir/hadoop-ozone/integration-test/target/test-dir/MiniOzoneClusterImpl-99126c74-8a49-4d65-9125-af5d1c669fa0/datanode-2/data/ratis/65e641a3-b8dc-4fb0-85f5-06fddc7179c9: Starting segment from index:0
2019-08-21 09:04:02,847 INFO  impl.RaftServerImpl (ServerState.java:setRaftConf(361)) - f351392b-6c44-4f93-98c8-a108c538f35f:group-06FDDC7179C9 set configuration 0: [f351392b-6c44-4f93-98c8-a108c538f35f:192.168.157.251:33770, 84c80f7a-cb80-4090-88c4-05efb54ad056:192.168.157.251:34608, 51c797bf-85d4-46b6-bb6a-11c05d27fa2a:192.168.157.251:41606], old=null at 0
2019-08-21 09:04:02,848 INFO  segmented.SegmentedRaftLogWorker (SegmentedRaftLogWorker.java:startLogSegment(380)) - f351392b-6c44-4f93-98c8-a108c538f35f-SegmentedRaftLogWorker:Storage Directory /workdir/hadoop-ozone/integration-test/target/test-dir/MiniOzoneClusterImpl-99126c74-8a49-4d65-9125-af5d1c669fa0/datanode-1/data/ratis/65e641a3-b8dc-4fb0-85f5-06fddc7179c9: Starting segment from index:0
2019-08-21 09:04:02,848 INFO  segmented.SegmentedRaftLogWorker (SegmentedRaftLogWorker.java:execute(569)) - 51c797bf-85d4-46b6-bb6a-11c05d27fa2a-SegmentedRaftLogWorker:Storage Directory /workdir/hadoop-ozone/integration-test/target/test-dir/MiniOzoneClusterImpl-99126c74-8a49-4d65-9125-af5d1c669fa0/datanode-0/data/ratis/65e641a3-b8dc-4fb0-85f5-06fddc7179c9: created new log segment /workdir/hadoop-ozone/integration-test/target/test-dir/MiniOzoneClusterImpl-99126c74-8a49-4d65-9125-af5d1c669fa0/datanode-0/data/ratis/65e641a3-b8dc-4fb0-85f5-06fddc7179c9/current/log_inprogress_0
2019-08-21 09:04:02,848 INFO  client.GrpcClientProtocolClient (GrpcClientProtocolClient.java:onNext(255)) - client-A9547B8EA7B8->f351392b-6c44-4f93-98c8-a108c538f35f: receive RaftClientReply:client-A9547B8EA7B8->f351392b-6c44-4f93-98c8-a108c538f35f@group-06FDDC7179C9, cid=42, FAILED org.apache.ratis.protocol.NotLeaderException: Server f351392b-6c44-4f93-98c8-a108c538f35f is not the leader (51c797bf-85d4-46b6-bb6a-11c05d27fa2a:192.168.157.251:41606). Request must be sent to leader., logIndex=0, commits[f351392b-6c44-4f93-98c8-a108c538f35f:c-1, 84c80f7a-cb80-4090-88c4-05efb54ad056:c-1, 51c797bf-85d4-46b6-bb6a-11c05d27fa2a:c-1]
2019-08-21 09:04:02,899 INFO  segmented.SegmentedRaftLogWorker (SegmentedRaftLogWorker.java:execute(569)) - f351392b-6c44-4f93-98c8-a108c538f35f-SegmentedRaftLogWorker:Storage Directory /workdir/hadoop-ozone/integration-test/target/test-dir/MiniOzoneClusterImpl-99126c74-8a49-4d65-9125-af5d1c669fa0/datanode-1/data/ratis/65e641a3-b8dc-4fb0-85f5-06fddc7179c9: created new log segment /workdir/hadoop-ozone/integration-test/target/test-dir/MiniOzoneClusterImpl-99126c74-8a49-4d65-9125-af5d1c669fa0/datanode-1/data/ratis/65e641a3-b8dc-4fb0-85f5-06fddc7179c9/current/log_inprogress_0
2019-08-21 09:04:02,899 INFO  segmented.SegmentedRaftLogWorker (SegmentedRaftLogWorker.java:execute(569)) - 84c80f7a-cb80-4090-88c4-05efb54ad056-SegmentedRaftLogWorker:Storage Directory /workdir/hadoop-ozone/integration-test/target/test-dir/MiniOzoneClusterImpl-99126c74-8a49-4d65-9125-af5d1c669fa0/datanode-2/data/ratis/65e641a3-b8dc-4fb0-85f5-06fddc7179c9: created new log segment /workdir/hadoop-ozone/integration-test/target/test-dir/MiniOzoneClusterImpl-99126c74-8a49-4d65-9125-af5d1c669fa0/datanode-2/data/ratis/65e641a3-b8dc-4fb0-85f5-06fddc7179c9/current/log_inprogress_0
2019-08-21 09:04:02,946 INFO  impl.FollowerState (FollowerState.java:run(106)) - 3da2288a-6198-4d5f-b9de-b237789eac1a:group-5E7FF559D197 changes to CANDIDATE, lastRpcTime:5086, electionTimeout:5086ms
2019-08-21 09:04:02,946 INFO  impl.RoleInfo (RoleInfo.java:shutdownFollowerState(121)) - 3da2288a-6198-4d5f-b9de-b237789eac1a: shutdown FollowerState
2019-08-21 09:04:02,946 INFO  impl.RaftServerImpl (RaftServerImpl.java:setRole(171)) - 3da2288a-6198-4d5f-b9de-b237789eac1a:group-5E7FF559D197 changes role from FOLLOWER to CANDIDATE at term 0 for changeToCandidate
2019-08-21 09:04:02,947 INFO  impl.RoleInfo (RoleInfo.java:updateAndGet(143)) - 3da2288a-6198-4d5f-b9de-b237789eac1a: start LeaderElection
2019-08-21 09:04:02,973 INFO  impl.LeaderElection (LeaderElection.java:askForVotes(181)) - 3da2288a-6198-4d5f-b9de-b237789eac1a:group-5E7FF559D197:LeaderElection19: begin an election at term 1 for -1: [3da2288a-6198-4d5f-b9de-b237789eac1a:192.168.157.251:45178], old=null
2019-08-21 09:04:02,973 INFO  impl.RoleInfo (RoleInfo.java:shutdownLeaderElection(134)) - 3da2288a-6198-4d5f-b9de-b237789eac1a: shutdown LeaderElection
2019-08-21 09:04:02,974 INFO  impl.RaftServerImpl (RaftServerImpl.java:setRole(171)) - 3da2288a-6198-4d5f-b9de-b237789eac1a:group-5E7FF559D197 changes role from CANDIDATE to LEADER at term 1 for changeToLeader
2019-08-21 09:04:02,974 INFO  impl.RaftServerImpl (ServerState.java:setLeader(263)) - 3da2288a-6198-4d5f-b9de-b237789eac1a:group-5E7FF559D197 change Leader from null to 3da2288a-6198-4d5f-b9de-b237789eac1a at term 1 for becomeLeader, leader elected after 5120ms
2019-08-21 09:04:02,977 INFO  server.RaftServerConfigKeys (ConfUtils.java:logGet(43)) - raft.server.staging.catchup.gap = 1000 (default)
2019-08-21 09:04:02,977 INFO  server.RaftServerConfigKeys (ConfUtils.java:logGet(43)) - raft.server.rpc.sleep.time = 25ms (default)
2019-08-21 09:04:02,977 INFO  server.RaftServerConfigKeys (ConfUtils.java:logGet(43)) - raft.server.write.element-limit = 4096 (default)
2019-08-21 09:04:02,977 INFO  server.RaftServerConfigKeys (ConfUtils.java:logGet(43)) - raft.server.watch.timeout = 10s (default)
2019-08-21 09:04:02,977 INFO  server.RaftServerConfigKeys (ConfUtils.java:logGet(43)) - raft.server.watch.timeout.denomination = 1s (default)
2019-08-21 09:04:02,978 INFO  server.RaftServerConfigKeys (ConfUtils.java:logGet(43)) - raft.server.watch.element-limit = 65536 (default)
2019-08-21 09:04:02,978 INFO  impl.RoleInfo (RoleInfo.java:updateAndGet(143)) - 3da2288a-6198-4d5f-b9de-b237789eac1a: start LeaderState
2019-08-21 09:04:02,978 INFO  segmented.SegmentedRaftLogWorker (SegmentedRaftLogWorker.java:startLogSegment(380)) - 3da2288a-6198-4d5f-b9de-b237789eac1a-SegmentedRaftLogWorker:Storage Directory /workdir/hadoop-ozone/integration-test/target/test-dir/MiniOzoneClusterImpl-99126c74-8a49-4d65-9125-af5d1c669fa0/datanode-3/data/ratis/5136477d-fc7e-46c3-9b2c-5e7ff559d197: Starting segment from index:0
2019-08-21 09:04:02,979 INFO  impl.RaftServerImpl (ServerState.java:setRaftConf(361)) - 3da2288a-6198-4d5f-b9de-b237789eac1a:group-5E7FF559D197 set configuration 0: [3da2288a-6198-4d5f-b9de-b237789eac1a:192.168.157.251:45178], old=null at 0
2019-08-21 09:04:03,033 INFO  segmented.SegmentedRaftLogWorker (SegmentedRaftLogWorker.java:execute(569)) - 3da2288a-6198-4d5f-b9de-b237789eac1a-SegmentedRaftLogWorker:Storage Directory /workdir/hadoop-ozone/integration-test/target/test-dir/MiniOzoneClusterImpl-99126c74-8a49-4d65-9125-af5d1c669fa0/datanode-3/data/ratis/5136477d-fc7e-46c3-9b2c-5e7ff559d197: created new log segment /workdir/hadoop-ozone/integration-test/target/test-dir/MiniOzoneClusterImpl-99126c74-8a49-4d65-9125-af5d1c669fa0/datanode-3/data/ratis/5136477d-fc7e-46c3-9b2c-5e7ff559d197/current/log_inprogress_0
2019-08-21 09:04:03,056 INFO  client.GrpcClientProtocolClient (GrpcClientProtocolClient.java:onNext(255)) - client-A9547B8EA7B8->51c797bf-85d4-46b6-bb6a-11c05d27fa2a: receive RaftClientReply:client-A9547B8EA7B8->51c797bf-85d4-46b6-bb6a-11c05d27fa2a@group-06FDDC7179C9, cid=42, SUCCESS, logIndex=1, commits[51c797bf-85d4-46b6-bb6a-11c05d27fa2a:c2, f351392b-6c44-4f93-98c8-a108c538f35f:c1, 84c80f7a-cb80-4090-88c4-05efb54ad056:c1]
2019-08-21 09:04:03,207 INFO  client.GrpcClientProtocolClient (GrpcClientProtocolClient.java:onNext(255)) - client-A9547B8EA7B8->51c797bf-85d4-46b6-bb6a-11c05d27fa2a: receive RaftClientReply:client-A9547B8EA7B8->51c797bf-85d4-46b6-bb6a-11c05d27fa2a@group-06FDDC7179C9, cid=43, SUCCESS, logIndex=3, commits[51c797bf-85d4-46b6-bb6a-11c05d27fa2a:c4, f351392b-6c44-4f93-98c8-a108c538f35f:c3, 84c80f7a-cb80-4090-88c4-05efb54ad056:c3]
2019-08-21 09:04:03,289 INFO  impl.FollowerState (FollowerState.java:run(106)) - a25b4cb1-2cd9-4739-87bc-31f2539422aa:group-00717E326443 changes to CANDIDATE, lastRpcTime:5042, electionTimeout:5042ms
2019-08-21 09:04:03,290 INFO  impl.RoleInfo (RoleInfo.java:shutdownFollowerState(121)) - a25b4cb1-2cd9-4739-87bc-31f2539422aa: shutdown FollowerState
2019-08-21 09:04:03,290 INFO  impl.RaftServerImpl (RaftServerImpl.java:setRole(171)) - a25b4cb1-2cd9-4739-87bc-31f2539422aa:group-00717E326443 changes role from FOLLOWER to CANDIDATE at term 0 for changeToCandidate
2019-08-21 09:04:03,290 INFO  impl.RoleInfo (RoleInfo.java:updateAndGet(143)) - a25b4cb1-2cd9-4739-87bc-31f2539422aa: start LeaderElection
2019-08-21 09:04:03,309 INFO  impl.LeaderElection (LeaderElection.java:askForVotes(181)) - a25b4cb1-2cd9-4739-87bc-31f2539422aa:group-00717E326443:LeaderElection20: begin an election at term 1 for -1: [a25b4cb1-2cd9-4739-87bc-31f2539422aa:192.168.157.251:40382], old=null
2019-08-21 09:04:03,309 INFO  impl.RoleInfo (RoleInfo.java:shutdownLeaderElection(134)) - a25b4cb1-2cd9-4739-87bc-31f2539422aa: shutdown LeaderElection
2019-08-21 09:04:03,309 INFO  impl.RaftServerImpl (RaftServerImpl.java:setRole(171)) - a25b4cb1-2cd9-4739-87bc-31f2539422aa:group-00717E326443 changes role from CANDIDATE to LEADER at term 1 for changeToLeader
2019-08-21 09:04:03,309 INFO  impl.RaftServerImpl (ServerState.java:setLeader(263)) - a25b4cb1-2cd9-4739-87bc-31f2539422aa:group-00717E326443 change Leader from null to a25b4cb1-2cd9-4739-87bc-31f2539422aa at term 1 for becomeLeader, leader elected after 5067ms
2019-08-21 09:04:03,312 INFO  server.RaftServerConfigKeys (ConfUtils.java:logGet(43)) - raft.server.staging.catchup.gap = 1000 (default)
2019-08-21 09:04:03,312 INFO  server.RaftServerConfigKeys (ConfUtils.java:logGet(43)) - raft.server.rpc.sleep.time = 25ms (default)
2019-08-21 09:04:03,312 INFO  server.RaftServerConfigKeys (ConfUtils.java:logGet(43)) - raft.server.write.element-limit = 4096 (default)
2019-08-21 09:04:03,312 INFO  server.RaftServerConfigKeys (ConfUtils.java:logGet(43)) - raft.server.watch.timeout = 10s (default)
2019-08-21 09:04:03,312 INFO  server.RaftServerConfigKeys (ConfUtils.java:logGet(43)) - raft.server.watch.timeout.denomination = 1s (default)
2019-08-21 09:04:03,313 INFO  server.RaftServerConfigKeys (ConfUtils.java:logGet(43)) - raft.server.watch.element-limit = 65536 (default)
2019-08-21 09:04:03,313 INFO  impl.RoleInfo (RoleInfo.java:updateAndGet(143)) - a25b4cb1-2cd9-4739-87bc-31f2539422aa: start LeaderState
2019-08-21 09:04:03,313 INFO  segmented.SegmentedRaftLogWorker (SegmentedRaftLogWorker.java:startLogSegment(380)) - a25b4cb1-2cd9-4739-87bc-31f2539422aa-SegmentedRaftLogWorker:Storage Directory /workdir/hadoop-ozone/integration-test/target/test-dir/MiniOzoneClusterImpl-99126c74-8a49-4d65-9125-af5d1c669fa0/datanode-4/data/ratis/01b34a5d-47cf-4409-a110-00717e326443: Starting segment from index:0
2019-08-21 09:04:03,313 INFO  client.GrpcClientProtocolClient (GrpcClientProtocolClient.java:onNext(255)) - client-A9547B8EA7B8->51c797bf-85d4-46b6-bb6a-11c05d27fa2a: receive RaftClientReply:client-A9547B8EA7B8->51c797bf-85d4-46b6-bb6a-11c05d27fa2a@group-06FDDC7179C9, cid=44, SUCCESS, logIndex=5, commits[51c797bf-85d4-46b6-bb6a-11c05d27fa2a:c6, f351392b-6c44-4f93-98c8-a108c538f35f:c5, 84c80f7a-cb80-4090-88c4-05efb54ad056:c5]
2019-08-21 09:04:03,316 INFO  impl.RaftServerImpl (ServerState.java:setRaftConf(361)) - a25b4cb1-2cd9-4739-87bc-31f2539422aa:group-00717E326443 set configuration 0: [a25b4cb1-2cd9-4739-87bc-31f2539422aa:192.168.157.251:40382], old=null at 0
2019-08-21 09:04:03,376 INFO  segmented.SegmentedRaftLogWorker (SegmentedRaftLogWorker.java:execute(569)) - a25b4cb1-2cd9-4739-87bc-31f2539422aa-SegmentedRaftLogWorker:Storage Directory /workdir/hadoop-ozone/integration-test/target/test-dir/MiniOzoneClusterImpl-99126c74-8a49-4d65-9125-af5d1c669fa0/datanode-4/data/ratis/01b34a5d-47cf-4409-a110-00717e326443: created new log segment /workdir/hadoop-ozone/integration-test/target/test-dir/MiniOzoneClusterImpl-99126c74-8a49-4d65-9125-af5d1c669fa0/datanode-4/data/ratis/01b34a5d-47cf-4409-a110-00717e326443/current/log_inprogress_0
2019-08-21 09:04:03,379 INFO  client.GrpcClientProtocolClient (GrpcClientProtocolClient.java:onNext(255)) - client-A9547B8EA7B8->51c797bf-85d4-46b6-bb6a-11c05d27fa2a: receive RaftClientReply:client-A9547B8EA7B8->51c797bf-85d4-46b6-bb6a-11c05d27fa2a@group-06FDDC7179C9, cid=45, FAILED org.apache.ratis.protocol.StateMachineException: java.util.concurrent.CompletionException: java.lang.IllegalArgumentException, logIndex=7, commits[51c797bf-85d4-46b6-bb6a-11c05d27fa2a:c7, f351392b-6c44-4f93-98c8-a108c538f35f:c6, 84c80f7a-cb80-4090-88c4-05efb54ad056:c6]
2019-08-21 09:04:03,385 INFO  ozone.MiniOzoneClusterImpl (MiniOzoneClusterImpl.java:shutdown(321)) - Shutting down the Mini Ozone Cluster
2019-08-21 09:04:03,386 INFO  ozone.MiniOzoneClusterImpl (MiniOzoneClusterImpl.java:stop(336)) - Stopping the Mini Ozone Cluster
2019-08-21 09:04:03,386 INFO  ozone.MiniOzoneClusterImpl (MiniOzoneClusterImpl.java:stop(338)) - Stopping the OzoneManager
2019-08-21 09:04:03,386 INFO  ipc.Server (Server.java:stop(3082)) - Stopping server on 43716
2019-08-21 09:04:03,410 INFO  ratis.OzoneManagerDoubleBuffer (OzoneManagerDoubleBuffer.java:stop(248)) - Stopping OMDoubleBuffer flush thread
2019-08-21 09:04:03,414 INFO  ipc.Server (Server.java:run(1319)) - Stopping IPC Server Responder
2019-08-21 09:04:03,414 INFO  ipc.Server (Server.java:run(1185)) - Stopping IPC Server listener on 43716
2019-08-21 09:04:03,426 INFO  ratis.OzoneManagerDoubleBuffer (OzoneManagerDoubleBuffer.java:flushTransactions(191)) - OMDoubleBuffer flush thread OMDoubleBufferFlushThread is interrupted and will exit. OMDoubleBufferFlushThread
2019-08-21 09:04:03,438 INFO  utils.BackgroundService (BackgroundService.java:shutdown(148)) - Shutting down service KeyDeletingService
2019-08-21 09:04:03,440 INFO  handler.ContextHandler (ContextHandler.java:doStop(910)) - Stopped o.e.j.w.WebAppContext@1f45db49{/,null,UNAVAILABLE}{/ozoneManager}
2019-08-21 09:04:03,441 INFO  server.AbstractConnector (AbstractConnector.java:doStop(318)) - Stopped ServerConnector@3ac0a14b{HTTP/1.1,[http/1.1]}{0.0.0.0:0}
2019-08-21 09:04:03,442 INFO  handler.ContextHandler (ContextHandler.java:doStop(910)) - Stopped o.e.j.s.ServletContextHandler@6133e20b{/static,file:///workdir/hadoop-ozone/integration-test/target/test-classes/webapps/static,UNAVAILABLE}
2019-08-21 09:04:03,442 INFO  handler.ContextHandler (ContextHandler.java:doStop(910)) - Stopped o.e.j.s.ServletContextHandler@49631cfb{/logs,file:///workdir/hadoop-ozone/integration-test/target/log,UNAVAILABLE}
2019-08-21 09:04:03,446 INFO  ozone.MiniOzoneClusterImpl (MiniOzoneClusterImpl.java:stop(344)) - Shutting the HddsDatanodes
2019-08-21 09:04:03,447 INFO  datanode.ObjectStoreHandler (ObjectStoreHandler.java:close(155)) - Closing ObjectStoreHandler.
2019-08-21 09:04:03,447 INFO  datanode.ObjectStoreHandler (ObjectStoreHandler.java:close(155)) - Closing ObjectStoreHandler.
2019-08-21 09:04:03,448 INFO  ozone.HddsDatanodeService (HddsDatanodeService.java:stop(451)) - Stopped plug-in org.apache.hadoop.ozone.web.OzoneHddsDatanodeService@1e4d8770
2019-08-21 09:04:03,448 INFO  ozone.HddsDatanodeService (HddsDatanodeService.java:stop(451)) - Stopped plug-in org.apache.hadoop.ozone.web.OzoneHddsDatanodeService@12aa381f
2019-08-21 09:04:03,525 INFO  impl.FollowerState (FollowerState.java:run(106)) - bf9fc535-e9a8-4527-8a78-1ff9b600d2eb:group-641DF9F6E236 changes to CANDIDATE, lastRpcTime:5037, electionTimeout:5037ms
2019-08-21 09:04:03,525 INFO  impl.RoleInfo (RoleInfo.java:shutdownFollowerState(121)) - bf9fc535-e9a8-4527-8a78-1ff9b600d2eb: shutdown FollowerState
2019-08-21 09:04:03,525 INFO  impl.RaftServerImpl (RaftServerImpl.java:setRole(171)) - bf9fc535-e9a8-4527-8a78-1ff9b600d2eb:group-641DF9F6E236 changes role from FOLLOWER to CANDIDATE at term 0 for changeToCandidate
2019-08-21 09:04:03,526 INFO  impl.RoleInfo (RoleInfo.java:updateAndGet(143)) - bf9fc535-e9a8-4527-8a78-1ff9b600d2eb: start LeaderElection
2019-08-21 09:04:03,546 INFO  impl.LeaderElection (LeaderElection.java:askForVotes(181)) - bf9fc535-e9a8-4527-8a78-1ff9b600d2eb:group-641DF9F6E236:LeaderElection21: begin an election at term 1 for -1: [bf9fc535-e9a8-4527-8a78-1ff9b600d2eb:192.168.157.251:34230], old=null
2019-08-21 09:04:03,546 INFO  impl.RoleInfo (RoleInfo.java:shutdownLeaderElection(134)) - bf9fc535-e9a8-4527-8a78-1ff9b600d2eb: shutdown LeaderElection
2019-08-21 09:04:03,546 INFO  impl.RaftServerImpl (RaftServerImpl.java:setRole(171)) - bf9fc535-e9a8-4527-8a78-1ff9b600d2eb:group-641DF9F6E236 changes role from CANDIDATE to LEADER at term 1 for changeToLeader
2019-08-21 09:04:03,546 INFO  impl.RaftServerImpl (ServerState.java:setLeader(263)) - bf9fc535-e9a8-4527-8a78-1ff9b600d2eb:group-641DF9F6E236 change Leader from null to bf9fc535-e9a8-4527-8a78-1ff9b600d2eb at term 1 for becomeLeader, leader elected after 5063ms
2019-08-21 09:04:03,549 INFO  server.RaftServerConfigKeys (ConfUtils.java:logGet(43)) - raft.server.staging.catchup.gap = 1000 (default)
2019-08-21 09:04:03,549 INFO  server.RaftServerConfigKeys (ConfUtils.java:logGet(43)) - raft.server.rpc.sleep.time = 25ms (default)
2019-08-21 09:04:03,549 INFO  server.RaftServerConfigKeys (ConfUtils.java:logGet(43)) - raft.server.write.element-limit = 4096 (default)
2019-08-21 09:04:03,549 INFO  server.RaftServerConfigKeys (ConfUtils.java:logGet(43)) - raft.server.watch.timeout = 10s (default)
2019-08-21 09:04:03,550 INFO  server.RaftServerConfigKeys (ConfUtils.java:logGet(43)) - raft.server.watch.timeout.denomination = 1s (default)
2019-08-21 09:04:03,550 INFO  server.RaftServerConfigKeys (ConfUtils.java:logGet(43)) - raft.server.watch.element-limit = 65536 (default)
2019-08-21 09:04:03,550 INFO  impl.RoleInfo (RoleInfo.java:updateAndGet(143)) - bf9fc535-e9a8-4527-8a78-1ff9b600d2eb: start LeaderState
2019-08-21 09:04:03,550 INFO  segmented.SegmentedRaftLogWorker (SegmentedRaftLogWorker.java:startLogSegment(380)) - bf9fc535-e9a8-4527-8a78-1ff9b600d2eb-SegmentedRaftLogWorker:Storage Directory /workdir/hadoop-ozone/integration-test/target/test-dir/MiniOzoneClusterImpl-99126c74-8a49-4d65-9125-af5d1c669fa0/datanode-5/data/ratis/8dd29c77-7b70-4ae8-ac36-641df9f6e236: Starting segment from index:0
2019-08-21 09:04:03,551 INFO  impl.RaftServerImpl (ServerState.java:setRaftConf(361)) - bf9fc535-e9a8-4527-8a78-1ff9b600d2eb:group-641DF9F6E236 set configuration 0: [bf9fc535-e9a8-4527-8a78-1ff9b600d2eb:192.168.157.251:34230], old=null at 0
2019-08-21 09:04:03,595 INFO  impl.FollowerState (FollowerState.java:run(106)) - 3da2288a-6198-4d5f-b9de-b237789eac1a:group-AC25E80A9394 changes to CANDIDATE, lastRpcTime:5041, electionTimeout:5032ms
2019-08-21 09:04:03,595 INFO  impl.RoleInfo (RoleInfo.java:shutdownFollowerState(121)) - 3da2288a-6198-4d5f-b9de-b237789eac1a: shutdown FollowerState
2019-08-21 09:04:03,595 INFO  impl.RaftServerImpl (RaftServerImpl.java:setRole(171)) - 3da2288a-6198-4d5f-b9de-b237789eac1a:group-AC25E80A9394 changes role from FOLLOWER to CANDIDATE at term 0 for changeToCandidate
2019-08-21 09:04:03,595 INFO  impl.RoleInfo (RoleInfo.java:updateAndGet(143)) - 3da2288a-6198-4d5f-b9de-b237789eac1a: start LeaderElection
2019-08-21 09:04:03,608 INFO  segmented.SegmentedRaftLogWorker (SegmentedRaftLogWorker.java:execute(569)) - bf9fc535-e9a8-4527-8a78-1ff9b600d2eb-SegmentedRaftLogWorker:Storage Directory /workdir/hadoop-ozone/integration-test/target/test-dir/MiniOzoneClusterImpl-99126c74-8a49-4d65-9125-af5d1c669fa0/datanode-5/data/ratis/8dd29c77-7b70-4ae8-ac36-641df9f6e236: created new log segment /workdir/hadoop-ozone/integration-test/target/test-dir/MiniOzoneClusterImpl-99126c74-8a49-4d65-9125-af5d1c669fa0/datanode-5/data/ratis/8dd29c77-7b70-4ae8-ac36-641df9f6e236/current/log_inprogress_0
2019-08-21 09:04:03,608 INFO  impl.LeaderElection (LeaderElection.java:askForVotes(181)) - 3da2288a-6198-4d5f-b9de-b237789eac1a:group-AC25E80A9394:LeaderElection22: begin an election at term 1 for -1: [3da2288a-6198-4d5f-b9de-b237789eac1a:192.168.157.251:45178, bf9fc535-e9a8-4527-8a78-1ff9b600d2eb:192.168.157.251:34230, a25b4cb1-2cd9-4739-87bc-31f2539422aa:192.168.157.251:40382], old=null
2019-08-21 09:04:03,624 INFO  impl.RaftServerImpl (RaftServerImpl.java:setRole(171)) - a25b4cb1-2cd9-4739-87bc-31f2539422aa:group-AC25E80A9394 changes role from FOLLOWER to FOLLOWER at term 1 for recognizeCandidate:3da2288a-6198-4d5f-b9de-b237789eac1a
2019-08-21 09:04:03,624 INFO  impl.RaftServerImpl (RaftServerImpl.java:setRole(171)) - bf9fc535-e9a8-4527-8a78-1ff9b600d2eb:group-AC25E80A9394 changes role from FOLLOWER to FOLLOWER at term 1 for recognizeCandidate:3da2288a-6198-4d5f-b9de-b237789eac1a
2019-08-21 09:04:03,624 INFO  impl.RoleInfo (RoleInfo.java:shutdownFollowerState(121)) - a25b4cb1-2cd9-4739-87bc-31f2539422aa: shutdown FollowerState
2019-08-21 09:04:03,624 INFO  impl.RoleInfo (RoleInfo.java:shutdownFollowerState(121)) - bf9fc535-e9a8-4527-8a78-1ff9b600d2eb: shutdown FollowerState
2019-08-21 09:04:03,625 INFO  impl.FollowerState (FollowerState.java:run(114)) - a25b4cb1-2cd9-4739-87bc-31f2539422aa: FollowerState was interrupted: java.lang.InterruptedException: sleep interrupted
2019-08-21 09:04:03,624 INFO  impl.RoleInfo (RoleInfo.java:updateAndGet(143)) - a25b4cb1-2cd9-4739-87bc-31f2539422aa: start FollowerState
2019-08-21 09:04:03,627 INFO  impl.FollowerState (FollowerState.java:run(114)) - bf9fc535-e9a8-4527-8a78-1ff9b600d2eb: FollowerState was interrupted: java.lang.InterruptedException: sleep interrupted
2019-08-21 09:04:03,625 INFO  impl.RoleInfo (RoleInfo.java:updateAndGet(143)) - bf9fc535-e9a8-4527-8a78-1ff9b600d2eb: start FollowerState
2019-08-21 09:04:03,644 INFO  impl.LeaderElection (LeaderElection.java:logAndReturn(56)) - 3da2288a-6198-4d5f-b9de-b237789eac1a:group-AC25E80A9394:LeaderElection22: Election PASSED; received 1 response(s) [3da2288a-6198-4d5f-b9de-b237789eac1a<-a25b4cb1-2cd9-4739-87bc-31f2539422aa#0:OK-t1] and 0 exception(s); 3da2288a-6198-4d5f-b9de-b237789eac1a:t1, leader=null, voted=3da2288a-6198-4d5f-b9de-b237789eac1a, raftlog=3da2288a-6198-4d5f-b9de-b237789eac1a-SegmentedRaftLog:OPENED:c-1,f-1,i0, conf=-1: [3da2288a-6198-4d5f-b9de-b237789eac1a:192.168.157.251:45178, bf9fc535-e9a8-4527-8a78-1ff9b600d2eb:192.168.157.251:34230, a25b4cb1-2cd9-4739-87bc-31f2539422aa:192.168.157.251:40382], old=null
2019-08-21 09:04:03,644 INFO  impl.RoleInfo (RoleInfo.java:shutdownLeaderElection(134)) - 3da2288a-6198-4d5f-b9de-b237789eac1a: shutdown LeaderElection
2019-08-21 09:04:03,644 INFO  impl.RaftServerImpl (RaftServerImpl.java:setRole(171)) - 3da2288a-6198-4d5f-b9de-b237789eac1a:group-AC25E80A9394 changes role from CANDIDATE to LEADER at term 1 for changeToLeader
2019-08-21 09:04:03,644 INFO  impl.RaftServerImpl (ServerState.java:setLeader(263)) - 3da2288a-6198-4d5f-b9de-b237789eac1a:group-AC25E80A9394 change Leader from null to 3da2288a-6198-4d5f-b9de-b237789eac1a at term 1 for becomeLeader, leader elected after 5102ms
2019-08-21 09:04:03,644 INFO  server.RaftServerConfigKeys (ConfUtils.java:logGet(43)) - raft.server.staging.catchup.gap = 1000 (default)
2019-08-21 09:04:03,645 INFO  server.RaftServerConfigKeys (ConfUtils.java:logGet(43)) - raft.server.rpc.sleep.time = 25ms (default)
2019-08-21 09:04:03,645 INFO  server.RaftServerConfigKeys (ConfUtils.java:logGet(43)) - raft.server.write.element-limit = 4096 (default)
2019-08-21 09:04:03,645 INFO  server.RaftServerConfigKeys (ConfUtils.java:logGet(43)) - raft.server.watch.timeout = 10s (default)
2019-08-21 09:04:03,645 INFO  server.RaftServerConfigKeys (ConfUtils.java:logGet(43)) - raft.server.watch.timeout.denomination = 1s (default)
2019-08-21 09:04:03,646 INFO  server.RaftServerConfigKeys (ConfUtils.java:logGet(43)) - raft.server.watch.element-limit = 65536 (default)
2019-08-21 09:04:03,646 INFO  server.RaftServerConfigKeys (ConfUtils.java:logGet(43)) - raft.server.log.appender.snapshot.chunk.size.max = 16MB (=16777216) (default)
2019-08-21 09:04:03,646 INFO  server.RaftServerConfigKeys (ConfUtils.java:logGet(43)) - raft.server.log.appender.buffer.byte-limit = 33554432 (custom)
2019-08-21 09:04:03,646 INFO  server.RaftServerConfigKeys (ConfUtils.java:logGet(43)) - raft.server.log.appender.buffer.element-limit = 1 (custom)
2019-08-21 09:04:03,647 INFO  grpc.GrpcConfigKeys$Server (ConfUtils.java:logGet(43)) - raft.grpc.server.leader.outstanding.appends.max = 128 (default)
2019-08-21 09:04:03,647 INFO  server.RaftServerConfigKeys (ConfUtils.java:logGet(43)) - raft.server.rpc.request.timeout = 3000ms (default)
2019-08-21 09:04:03,647 INFO  server.RaftServerConfigKeys (ConfUtils.java:logGet(43)) - raft.server.log.appender.install.snapshot.enabled = false (custom)
2019-08-21 09:04:03,647 INFO  server.RaftServerConfigKeys (ConfUtils.java:logGet(43)) - raft.server.log.appender.snapshot.chunk.size.max = 16MB (=16777216) (default)
2019-08-21 09:04:03,648 INFO  server.RaftServerConfigKeys (ConfUtils.java:logGet(43)) - raft.server.log.appender.buffer.byte-limit = 33554432 (custom)
2019-08-21 09:04:03,648 INFO  server.RaftServerConfigKeys (ConfUtils.java:logGet(43)) - raft.server.log.appender.buffer.element-limit = 1 (custom)
2019-08-21 09:04:03,648 INFO  grpc.GrpcConfigKeys$Server (ConfUtils.java:logGet(43)) - raft.grpc.server.leader.outstanding.appends.max = 128 (default)
2019-08-21 09:04:03,648 INFO  server.RaftServerConfigKeys (ConfUtils.java:logGet(43)) - raft.server.rpc.request.timeout = 3000ms (default)
2019-08-21 09:04:03,649 INFO  server.RaftServerConfigKeys (ConfUtils.java:logGet(43)) - raft.server.log.appender.install.snapshot.enabled = false (custom)
2019-08-21 09:04:03,649 INFO  impl.RoleInfo (RoleInfo.java:updateAndGet(143)) - 3da2288a-6198-4d5f-b9de-b237789eac1a: start LeaderState
2019-08-21 09:04:03,649 INFO  segmented.SegmentedRaftLogWorker (SegmentedRaftLogWorker.java:startLogSegment(380)) - 3da2288a-6198-4d5f-b9de-b237789eac1a-SegmentedRaftLogWorker:Storage Directory /workdir/hadoop-ozone/integration-test/target/test-dir/MiniOzoneClusterImpl-99126c74-8a49-4d65-9125-af5d1c669fa0/datanode-3/data/ratis/548f426d-6be0-40e1-b7cd-ac25e80a9394: Starting segment from index:0
2019-08-21 09:04:03,650 INFO  impl.RaftServerImpl (ServerState.java:setRaftConf(361)) - 3da2288a-6198-4d5f-b9de-b237789eac1a:group-AC25E80A9394 set configuration 0: [3da2288a-6198-4d5f-b9de-b237789eac1a:192.168.157.251:45178, bf9fc535-e9a8-4527-8a78-1ff9b600d2eb:192.168.157.251:34230, a25b4cb1-2cd9-4739-87bc-31f2539422aa:192.168.157.251:40382], old=null at 0
2019-08-21 09:04:03,697 INFO  impl.RaftServerImpl (ServerState.java:setLeader(263)) - a25b4cb1-2cd9-4739-87bc-31f2539422aa:group-AC25E80A9394 change Leader from null to 3da2288a-6198-4d5f-b9de-b237789eac1a at term 1 for appendEntries, leader elected after 5155ms
2019-08-21 09:04:03,697 INFO  impl.RaftServerImpl (ServerState.java:setLeader(263)) - bf9fc535-e9a8-4527-8a78-1ff9b600d2eb:group-AC25E80A9394 change Leader from null to 3da2288a-6198-4d5f-b9de-b237789eac1a at term 1 for appendEntries, leader elected after 5155ms
2019-08-21 09:04:03,708 INFO  segmented.SegmentedRaftLogWorker (SegmentedRaftLogWorker.java:execute(569)) - 3da2288a-6198-4d5f-b9de-b237789eac1a-SegmentedRaftLogWorker:Storage Directory /workdir/hadoop-ozone/integration-test/target/test-dir/MiniOzoneClusterImpl-99126c74-8a49-4d65-9125-af5d1c669fa0/datanode-3/data/ratis/548f426d-6be0-40e1-b7cd-ac25e80a9394: created new log segment /workdir/hadoop-ozone/integration-test/target/test-dir/MiniOzoneClusterImpl-99126c74-8a49-4d65-9125-af5d1c669fa0/datanode-3/data/ratis/548f426d-6be0-40e1-b7cd-ac25e80a9394/current/log_inprogress_0
2019-08-21 09:04:03,708 INFO  impl.RaftServerImpl (ServerState.java:setRaftConf(361)) - bf9fc535-e9a8-4527-8a78-1ff9b600d2eb:group-AC25E80A9394 set configuration 0: [3da2288a-6198-4d5f-b9de-b237789eac1a:192.168.157.251:45178, bf9fc535-e9a8-4527-8a78-1ff9b600d2eb:192.168.157.251:34230, a25b4cb1-2cd9-4739-87bc-31f2539422aa:192.168.157.251:40382], old=null at 0
2019-08-21 09:04:03,711 INFO  impl.RaftServerImpl (ServerState.java:setRaftConf(361)) - a25b4cb1-2cd9-4739-87bc-31f2539422aa:group-AC25E80A9394 set configuration 0: [3da2288a-6198-4d5f-b9de-b237789eac1a:192.168.157.251:45178, bf9fc535-e9a8-4527-8a78-1ff9b600d2eb:192.168.157.251:34230, a25b4cb1-2cd9-4739-87bc-31f2539422aa:192.168.157.251:40382], old=null at 0
2019-08-21 09:04:03,711 INFO  segmented.SegmentedRaftLogWorker (SegmentedRaftLogWorker.java:startLogSegment(380)) - bf9fc535-e9a8-4527-8a78-1ff9b600d2eb-SegmentedRaftLogWorker:Storage Directory /workdir/hadoop-ozone/integration-test/target/test-dir/MiniOzoneClusterImpl-99126c74-8a49-4d65-9125-af5d1c669fa0/datanode-5/data/ratis/548f426d-6be0-40e1-b7cd-ac25e80a9394: Starting segment from index:0
2019-08-21 09:04:03,711 INFO  segmented.SegmentedRaftLogWorker (SegmentedRaftLogWorker.java:startLogSegment(380)) - a25b4cb1-2cd9-4739-87bc-31f2539422aa-SegmentedRaftLogWorker:Storage Directory /workdir/hadoop-ozone/integration-test/target/test-dir/MiniOzoneClusterImpl-99126c74-8a49-4d65-9125-af5d1c669fa0/datanode-4/data/ratis/548f426d-6be0-40e1-b7cd-ac25e80a9394: Starting segment from index:0
2019-08-21 09:04:03,768 INFO  segmented.SegmentedRaftLogWorker (SegmentedRaftLogWorker.java:execute(569)) - a25b4cb1-2cd9-4739-87bc-31f2539422aa-SegmentedRaftLogWorker:Storage Directory /workdir/hadoop-ozone/integration-test/target/test-dir/MiniOzoneClusterImpl-99126c74-8a49-4d65-9125-af5d1c669fa0/datanode-4/data/ratis/548f426d-6be0-40e1-b7cd-ac25e80a9394: created new log segment /workdir/hadoop-ozone/integration-test/target/test-dir/MiniOzoneClusterImpl-99126c74-8a49-4d65-9125-af5d1c669fa0/datanode-4/data/ratis/548f426d-6be0-40e1-b7cd-ac25e80a9394/current/log_inprogress_0
2019-08-21 09:04:03,768 INFO  segmented.SegmentedRaftLogWorker (SegmentedRaftLogWorker.java:execute(569)) - bf9fc535-e9a8-4527-8a78-1ff9b600d2eb-SegmentedRaftLogWorker:Storage Directory /workdir/hadoop-ozone/integration-test/target/test-dir/MiniOzoneClusterImpl-99126c74-8a49-4d65-9125-af5d1c669fa0/datanode-5/data/ratis/548f426d-6be0-40e1-b7cd-ac25e80a9394: created new log segment /workdir/hadoop-ozone/integration-test/target/test-dir/MiniOzoneClusterImpl-99126c74-8a49-4d65-9125-af5d1c669fa0/datanode-5/data/ratis/548f426d-6be0-40e1-b7cd-ac25e80a9394/current/log_inprogress_0
2019-08-21 09:04:03,864 INFO  impl.FollowerState (FollowerState.java:run(106)) - 741e8cac-fe64-4d95-a55a-62e307ff834d:group-2A7E5BF64585 changes to CANDIDATE, lastRpcTime:5173, electionTimeout:5173ms
2019-08-21 09:04:03,864 INFO  impl.RoleInfo (RoleInfo.java:shutdownFollowerState(121)) - 741e8cac-fe64-4d95-a55a-62e307ff834d: shutdown FollowerState
2019-08-21 09:04:03,864 INFO  impl.RaftServerImpl (RaftServerImpl.java:setRole(171)) - 741e8cac-fe64-4d95-a55a-62e307ff834d:group-2A7E5BF64585 changes role from FOLLOWER to CANDIDATE at term 0 for changeToCandidate
2019-08-21 09:04:03,864 INFO  impl.RoleInfo (RoleInfo.java:updateAndGet(143)) - 741e8cac-fe64-4d95-a55a-62e307ff834d: start LeaderElection
2019-08-21 09:04:03,889 INFO  impl.LeaderElection (LeaderElection.java:askForVotes(181)) - 741e8cac-fe64-4d95-a55a-62e307ff834d:group-2A7E5BF64585:LeaderElection23: begin an election at term 1 for -1: [741e8cac-fe64-4d95-a55a-62e307ff834d:192.168.157.251:38401], old=null
2019-08-21 09:04:03,890 INFO  impl.RoleInfo (RoleInfo.java:shutdownLeaderElection(134)) - 741e8cac-fe64-4d95-a55a-62e307ff834d: shutdown LeaderElection
2019-08-21 09:04:03,890 INFO  impl.RaftServerImpl (RaftServerImpl.java:setRole(171)) - 741e8cac-fe64-4d95-a55a-62e307ff834d:group-2A7E5BF64585 changes role from CANDIDATE to LEADER at term 1 for changeToLeader
2019-08-21 09:04:03,890 INFO  impl.RaftServerImpl (ServerState.java:setLeader(263)) - 741e8cac-fe64-4d95-a55a-62e307ff834d:group-2A7E5BF64585 change Leader from null to 741e8cac-fe64-4d95-a55a-62e307ff834d at term 1 for becomeLeader, leader elected after 5205ms
2019-08-21 09:04:03,900 INFO  server.RaftServerConfigKeys (ConfUtils.java:logGet(43)) - raft.server.staging.catchup.gap = 1000 (default)
2019-08-21 09:04:03,900 INFO  server.RaftServerConfigKeys (ConfUtils.java:logGet(43)) - raft.server.rpc.sleep.time = 25ms (default)
2019-08-21 09:04:03,900 INFO  server.RaftServerConfigKeys (ConfUtils.java:logGet(43)) - raft.server.write.element-limit = 4096 (default)
2019-08-21 09:04:03,901 INFO  server.RaftServerConfigKeys (ConfUtils.java:logGet(43)) - raft.server.watch.timeout = 10s (default)
2019-08-21 09:04:03,901 INFO  server.RaftServerConfigKeys (ConfUtils.java:logGet(43)) - raft.server.watch.timeout.denomination = 1s (default)
2019-08-21 09:04:03,901 INFO  server.RaftServerConfigKeys (ConfUtils.java:logGet(43)) - raft.server.watch.element-limit = 65536 (default)
2019-08-21 09:04:03,901 INFO  impl.RoleInfo (RoleInfo.java:updateAndGet(143)) - 741e8cac-fe64-4d95-a55a-62e307ff834d: start LeaderState
2019-08-21 09:04:03,902 INFO  segmented.SegmentedRaftLogWorker (SegmentedRaftLogWorker.java:startLogSegment(380)) - 741e8cac-fe64-4d95-a55a-62e307ff834d-SegmentedRaftLogWorker:Storage Directory /workdir/hadoop-ozone/integration-test/target/test-dir/MiniOzoneClusterImpl-99126c74-8a49-4d65-9125-af5d1c669fa0/datanode-6/data/ratis/8f330897-7203-4d38-a042-2a7e5bf64585: Starting segment from index:0
2019-08-21 09:04:03,902 INFO  impl.RaftServerImpl (ServerState.java:setRaftConf(361)) - 741e8cac-fe64-4d95-a55a-62e307ff834d:group-2A7E5BF64585 set configuration 0: [741e8cac-fe64-4d95-a55a-62e307ff834d:192.168.157.251:38401], old=null at 0
2019-08-21 09:04:03,959 INFO  segmented.SegmentedRaftLogWorker (SegmentedRaftLogWorker.java:execute(569)) - 741e8cac-fe64-4d95-a55a-62e307ff834d-SegmentedRaftLogWorker:Storage Directory /workdir/hadoop-ozone/integration-test/target/test-dir/MiniOzoneClusterImpl-99126c74-8a49-4d65-9125-af5d1c669fa0/datanode-6/data/ratis/8f330897-7203-4d38-a042-2a7e5bf64585: created new log segment /workdir/hadoop-ozone/integration-test/target/test-dir/MiniOzoneClusterImpl-99126c74-8a49-4d65-9125-af5d1c669fa0/datanode-6/data/ratis/8f330897-7203-4d38-a042-2a7e5bf64585/current/log_inprogress_0
2019-08-21 09:04:04,193 INFO  statemachine.DatanodeStateMachine (DatanodeStateMachine.java:lambda$startDaemon$0(350)) - Ozone container server started.
2019-08-21 09:04:04,376 INFO  statemachine.DatanodeStateMachine (DatanodeStateMachine.java:lambda$startDaemon$0(350)) - Ozone container server started.
2019-08-21 09:04:08,449 INFO  ozoneimpl.OzoneContainer (OzoneContainer.java:stop(199)) - Attempting to stop container services.
2019-08-21 09:04:08,449 INFO  ozoneimpl.OzoneContainer (OzoneContainer.java:stop(199)) - Attempting to stop container services.
2019-08-21 09:04:08,450 INFO  impl.RaftServerProxy (RaftServerProxy.java:lambda$close$4(314)) - f351392b-6c44-4f93-98c8-a108c538f35f: close
2019-08-21 09:04:08,451 INFO  impl.RaftServerProxy (RaftServerProxy.java:lambda$close$4(314)) - a25b4cb1-2cd9-4739-87bc-31f2539422aa: close
2019-08-21 09:04:08,451 INFO  impl.RaftServerImpl (RaftServerImpl.java:lambda$shutdown$3(245)) - f351392b-6c44-4f93-98c8-a108c538f35f: shutdown group-669F84DE7C40
2019-08-21 09:04:08,451 INFO  impl.RaftServerImpl (RaftServerImpl.java:lambda$shutdown$3(245)) - a25b4cb1-2cd9-4739-87bc-31f2539422aa: shutdown group-AC25E80A9394
2019-08-21 09:04:08,452 INFO  util.JmxRegister (JmxRegister.java:unregister(73)) - Successfully un-registered JMX Bean with object name Ratis:service=RaftServer,group=group-669F84DE7C40,id=f351392b-6c44-4f93-98c8-a108c538f35f
2019-08-21 09:04:08,452 INFO  util.JmxRegister (JmxRegister.java:unregister(73)) - Successfully un-registered JMX Bean with object name Ratis:service=RaftServer,group=group-AC25E80A9394,id=a25b4cb1-2cd9-4739-87bc-31f2539422aa
2019-08-21 09:04:08,453 INFO  impl.RoleInfo (RoleInfo.java:shutdownFollowerState(121)) - a25b4cb1-2cd9-4739-87bc-31f2539422aa: shutdown FollowerState
2019-08-21 09:04:08,452 INFO  impl.RoleInfo (RoleInfo.java:shutdownLeaderState(104)) - f351392b-6c44-4f93-98c8-a108c538f35f: shutdown LeaderState
2019-08-21 09:04:08,453 INFO  impl.FollowerState (FollowerState.java:run(114)) - a25b4cb1-2cd9-4739-87bc-31f2539422aa: FollowerState was interrupted: java.lang.InterruptedException: sleep interrupted
2019-08-21 09:04:08,453 INFO  impl.StateMachineUpdater (StateMachineUpdater.java:stopAndJoin(115)) - StateMachineUpdater:a25b4cb1-2cd9-4739-87bc-31f2539422aa:group-AC25E80A9394: set stopIndex = 0
2019-08-21 09:04:08,454 INFO  impl.PendingRequests (PendingRequests.java:sendNotLeaderResponses(202)) - f351392b-6c44-4f93-98c8-a108c538f35f-PendingRequests: sendNotLeaderResponses
2019-08-21 09:04:08,458 INFO  impl.RaftServerImpl (ServerState.java:close(394)) - a25b4cb1-2cd9-4739-87bc-31f2539422aa:group-AC25E80A9394 closes. The last applied log index is 0
2019-08-21 09:04:08,459 INFO  impl.StateMachineUpdater (StateMachineUpdater.java:stopAndJoin(115)) - StateMachineUpdater:f351392b-6c44-4f93-98c8-a108c538f35f:group-669F84DE7C40: set stopIndex = 0
2019-08-21 09:04:08,459 INFO  segmented.SegmentedRaftLogWorker (SegmentedRaftLogWorker.java:run(313)) - a25b4cb1-2cd9-4739-87bc-31f2539422aa-SegmentedRaftLogWorker:Storage Directory /workdir/hadoop-ozone/integration-test/target/test-dir/MiniOzoneClusterImpl-99126c74-8a49-4d65-9125-af5d1c669fa0/datanode-4/data/ratis/548f426d-6be0-40e1-b7cd-ac25e80a9394 was interrupted, exiting. There are 0 tasks remaining in the queue.
2019-08-21 09:04:08,459 INFO  impl.RaftServerImpl (ServerState.java:close(394)) - f351392b-6c44-4f93-98c8-a108c538f35f:group-669F84DE7C40 closes. The last applied log index is 0
2019-08-21 09:04:08,462 INFO  segmented.SegmentedRaftLogWorker (SegmentedRaftLogWorker.java:close(228)) - a25b4cb1-2cd9-4739-87bc-31f2539422aa-SegmentedRaftLogWorker:Storage Directory /workdir/hadoop-ozone/integration-test/target/test-dir/MiniOzoneClusterImpl-99126c74-8a49-4d65-9125-af5d1c669fa0/datanode-4/data/ratis/548f426d-6be0-40e1-b7cd-ac25e80a9394 close()
2019-08-21 09:04:08,463 INFO  segmented.SegmentedRaftLogWorker (SegmentedRaftLogWorker.java:run(313)) - f351392b-6c44-4f93-98c8-a108c538f35f-SegmentedRaftLogWorker:Storage Directory /workdir/hadoop-ozone/integration-test/target/test-dir/MiniOzoneClusterImpl-99126c74-8a49-4d65-9125-af5d1c669fa0/datanode-1/data/ratis/76d11264-1fea-4c70-b2bd-669f84de7c40 was interrupted, exiting. There are 0 tasks remaining in the queue.
2019-08-21 09:04:08,468 INFO  impl.RaftServerImpl (RaftServerImpl.java:lambda$shutdown$3(245)) - a25b4cb1-2cd9-4739-87bc-31f2539422aa: shutdown group-00717E326443
2019-08-21 09:04:08,470 INFO  segmented.SegmentedRaftLogWorker (SegmentedRaftLogWorker.java:close(228)) - f351392b-6c44-4f93-98c8-a108c538f35f-SegmentedRaftLogWorker:Storage Directory /workdir/hadoop-ozone/integration-test/target/test-dir/MiniOzoneClusterImpl-99126c74-8a49-4d65-9125-af5d1c669fa0/datanode-1/data/ratis/76d11264-1fea-4c70-b2bd-669f84de7c40 close()
2019-08-21 09:04:08,471 INFO  util.JmxRegister (JmxRegister.java:unregister(73)) - Successfully un-registered JMX Bean with object name Ratis:service=RaftServer,group=group-00717E326443,id=a25b4cb1-2cd9-4739-87bc-31f2539422aa
2019-08-21 09:04:08,476 INFO  impl.RaftServerImpl (RaftServerImpl.java:lambda$shutdown$3(245)) - f351392b-6c44-4f93-98c8-a108c538f35f: shutdown group-06FDDC7179C9
2019-08-21 09:04:08,476 INFO  impl.RoleInfo (RoleInfo.java:shutdownLeaderState(104)) - a25b4cb1-2cd9-4739-87bc-31f2539422aa: shutdown LeaderState
2019-08-21 09:04:08,476 INFO  util.JmxRegister (JmxRegister.java:unregister(73)) - Successfully un-registered JMX Bean with object name Ratis:service=RaftServer,group=group-06FDDC7179C9,id=f351392b-6c44-4f93-98c8-a108c538f35f
2019-08-21 09:04:08,477 INFO  impl.PendingRequests (PendingRequests.java:sendNotLeaderResponses(202)) - a25b4cb1-2cd9-4739-87bc-31f2539422aa-PendingRequests: sendNotLeaderResponses
2019-08-21 09:04:08,477 INFO  impl.RoleInfo (RoleInfo.java:shutdownFollowerState(121)) - f351392b-6c44-4f93-98c8-a108c538f35f: shutdown FollowerState
2019-08-21 09:04:08,477 INFO  impl.StateMachineUpdater (StateMachineUpdater.java:stopAndJoin(115)) - StateMachineUpdater:a25b4cb1-2cd9-4739-87bc-31f2539422aa:group-00717E326443: set stopIndex = 0
2019-08-21 09:04:08,478 INFO  impl.FollowerState (FollowerState.java:run(114)) - f351392b-6c44-4f93-98c8-a108c538f35f: FollowerState was interrupted: java.lang.InterruptedException: sleep interrupted
2019-08-21 09:04:08,478 INFO  ratis.ContainerStateMachine (ContainerStateMachine.java:takeSnapshot(271)) - group-06FDDC7179C9: Taking a snapshot at:(t:1, i:6) file /workdir/hadoop-ozone/integration-test/target/test-dir/MiniOzoneClusterImpl-99126c74-8a49-4d65-9125-af5d1c669fa0/datanode-1/data/ratis/65e641a3-b8dc-4fb0-85f5-06fddc7179c9/sm/snapshot.1_6
2019-08-21 09:04:08,478 INFO  impl.StateMachineUpdater (StateMachineUpdater.java:stopAndJoin(115)) - StateMachineUpdater:f351392b-6c44-4f93-98c8-a108c538f35f:group-06FDDC7179C9: set stopIndex = 8
2019-08-21 09:04:08,478 INFO  impl.RaftServerImpl (ServerState.java:close(394)) - a25b4cb1-2cd9-4739-87bc-31f2539422aa:group-00717E326443 closes. The last applied log index is 0
2019-08-21 09:04:08,482 INFO  segmented.SegmentedRaftLogWorker (SegmentedRaftLogWorker.java:run(313)) - a25b4cb1-2cd9-4739-87bc-31f2539422aa-SegmentedRaftLogWorker:Storage Directory /workdir/hadoop-ozone/integration-test/target/test-dir/MiniOzoneClusterImpl-99126c74-8a49-4d65-9125-af5d1c669fa0/datanode-4/data/ratis/01b34a5d-47cf-4409-a110-00717e326443 was interrupted, exiting. There are 0 tasks remaining in the queue.
2019-08-21 09:04:08,501 INFO  segmented.SegmentedRaftLogWorker (SegmentedRaftLogWorker.java:close(228)) - a25b4cb1-2cd9-4739-87bc-31f2539422aa-SegmentedRaftLogWorker:Storage Directory /workdir/hadoop-ozone/integration-test/target/test-dir/MiniOzoneClusterImpl-99126c74-8a49-4d65-9125-af5d1c669fa0/datanode-4/data/ratis/01b34a5d-47cf-4409-a110-00717e326443 close()
2019-08-21 09:04:08,506 INFO  ratis.ContainerStateMachine (ContainerStateMachine.java:takeSnapshot(282)) - group-06FDDC7179C9: Finished taking a snapshot at:(t:1, i:6) file:/workdir/hadoop-ozone/integration-test/target/test-dir/MiniOzoneClusterImpl-99126c74-8a49-4d65-9125-af5d1c669fa0/datanode-1/data/ratis/65e641a3-b8dc-4fb0-85f5-06fddc7179c9/sm/snapshot.1_6 time:27
2019-08-21 09:04:08,507 INFO  impl.StateMachineUpdater (StateMachineUpdater.java:takeSnapshot(242)) - StateMachineUpdater:f351392b-6c44-4f93-98c8-a108c538f35f:group-06FDDC7179C9: Took a snapshot at index 6
2019-08-21 09:04:08,507 INFO  server.GrpcService (GrpcService.java:closeImpl(155)) - a25b4cb1-2cd9-4739-87bc-31f2539422aa: shutdown server with port 40382 now
2019-08-21 09:04:08,507 INFO  impl.StateMachineUpdater (StateMachineUpdater.java:lambda$new$0(80)) - StateMachineUpdater:f351392b-6c44-4f93-98c8-a108c538f35f:group-06FDDC7179C9: snapshotIndex: updateIncreasingly -1 -> 6
2019-08-21 09:04:08,508 INFO  impl.RaftServerImpl (ServerState.java:close(394)) - f351392b-6c44-4f93-98c8-a108c538f35f:group-06FDDC7179C9 closes. The last applied log index is 8
2019-08-21 09:04:08,508 INFO  segmented.SegmentedRaftLogWorker (SegmentedRaftLogWorker.java:run(313)) - f351392b-6c44-4f93-98c8-a108c538f35f-SegmentedRaftLogWorker:Storage Directory /workdir/hadoop-ozone/integration-test/target/test-dir/MiniOzoneClusterImpl-99126c74-8a49-4d65-9125-af5d1c669fa0/datanode-1/data/ratis/65e641a3-b8dc-4fb0-85f5-06fddc7179c9 was interrupted, exiting. There are 0 tasks remaining in the queue.
2019-08-21 09:04:08,509 WARN  server.GrpcServerProtocolService (LogUtils.java:warn(134)) - a25b4cb1-2cd9-4739-87bc-31f2539422aa: appendEntries onError: org.apache.ratis.thirdparty.io.grpc.StatusRuntimeException: CANCELLED: cancelled before receiving half close
2019-08-21 09:04:08,511 INFO  segmented.SegmentedRaftLogWorker (SegmentedRaftLogWorker.java:close(228)) - f351392b-6c44-4f93-98c8-a108c538f35f-SegmentedRaftLogWorker:Storage Directory /workdir/hadoop-ozone/integration-test/target/test-dir/MiniOzoneClusterImpl-99126c74-8a49-4d65-9125-af5d1c669fa0/datanode-1/data/ratis/65e641a3-b8dc-4fb0-85f5-06fddc7179c9 close()
2019-08-21 09:04:08,511 WARN  server.GrpcLogAppender (LogUtils.java:warn(134)) - 3da2288a-6198-4d5f-b9de-b237789eac1a->a25b4cb1-2cd9-4739-87bc-31f2539422aa: Failed appendEntries: org.apache.ratis.thirdparty.io.grpc.StatusRuntimeException: CANCELLED: HTTP/2 error code: CANCEL
Received Rst Stream
2019-08-21 09:04:08,511 INFO  server.GrpcService (GrpcService.java:closeImpl(163)) - a25b4cb1-2cd9-4739-87bc-31f2539422aa: shutdown server with port 40382 successfully
2019-08-21 09:04:08,530 INFO  impl.FollowerInfo (FollowerInfo.java:lambda$new$0(50)) - 3da2288a-6198-4d5f-b9de-b237789eac1a->a25b4cb1-2cd9-4739-87bc-31f2539422aa: nextIndex: updateUnconditionally 1 -> 0
2019-08-21 09:04:08,528 INFO  server.GrpcService (GrpcService.java:closeImpl(155)) - f351392b-6c44-4f93-98c8-a108c538f35f: shutdown server with port 33770 now
2019-08-21 09:04:08,531 INFO  utils.BackgroundService (BackgroundService.java:shutdown(148)) - Shutting down service BlockDeletingService
2019-08-21 09:04:08,532 WARN  server.GrpcServerProtocolService (LogUtils.java:warn(134)) - f351392b-6c44-4f93-98c8-a108c538f35f: appendEntries onError: org.apache.ratis.thirdparty.io.grpc.StatusRuntimeException: CANCELLED: cancelled before receiving half close
2019-08-21 09:04:08,532 INFO  server.GrpcService (GrpcService.java:closeImpl(163)) - f351392b-6c44-4f93-98c8-a108c538f35f: shutdown server with port 33770 successfully
2019-08-21 09:04:08,532 WARN  server.GrpcLogAppender (LogUtils.java:warn(134)) - 51c797bf-85d4-46b6-bb6a-11c05d27fa2a->f351392b-6c44-4f93-98c8-a108c538f35f: Failed appendEntries: org.apache.ratis.thirdparty.io.grpc.StatusRuntimeException: CANCELLED: HTTP/2 error code: CANCEL
Received Rst Stream
2019-08-21 09:04:08,535 INFO  impl.FollowerInfo (FollowerInfo.java:lambda$new$0(50)) - 51c797bf-85d4-46b6-bb6a-11c05d27fa2a->f351392b-6c44-4f93-98c8-a108c538f35f: nextIndex: updateUnconditionally 9 -> 8
2019-08-21 09:04:08,536 WARN  fs.CachingGetSpaceUsed (CachingGetSpaceUsed.java:run(183)) - Thread Interrupted waiting to refresh disk information: sleep interrupted
2019-08-21 09:04:08,537 INFO  utils.BackgroundService (BackgroundService.java:shutdown(148)) - Shutting down service BlockDeletingService
2019-08-21 09:04:08,542 WARN  fs.CachingGetSpaceUsed (CachingGetSpaceUsed.java:run(183)) - Thread Interrupted waiting to refresh disk information: sleep interrupted
2019-08-21 09:04:08,569 INFO  statemachine.DatanodeStateMachine (DatanodeStateMachine.java:stopDaemon(395)) - Ozone container server stopped.
2019-08-21 09:04:08,576 INFO  statemachine.DatanodeStateMachine (DatanodeStateMachine.java:stopDaemon(395)) - Ozone container server stopped.
2019-08-21 09:04:08,581 INFO  handler.ContextHandler (ContextHandler.java:doStop(910)) - Stopped o.e.j.w.WebAppContext@25216999{/,null,UNAVAILABLE}{/hddsDatanode}
2019-08-21 09:04:08,583 INFO  handler.ContextHandler (ContextHandler.java:doStop(910)) - Stopped o.e.j.w.WebAppContext@7f012923{/,null,UNAVAILABLE}{/hddsDatanode}
2019-08-21 09:04:08,584 INFO  server.AbstractConnector (AbstractConnector.java:doStop(318)) - Stopped ServerConnector@77e6761f{HTTP/1.1,[http/1.1]}{0.0.0.0:0}
2019-08-21 09:04:08,584 INFO  server.AbstractConnector (AbstractConnector.java:doStop(318)) - Stopped ServerConnector@601f264d{HTTP/1.1,[http/1.1]}{0.0.0.0:0}
2019-08-21 09:04:08,584 INFO  handler.ContextHandler (ContextHandler.java:doStop(910)) - Stopped o.e.j.s.ServletContextHandler@1c8e8fed{/static,jar:file:/home/user/.m2/repository/org/apache/hadoop/hadoop-hdds-container-service/0.5.0-SNAPSHOT/hadoop-hdds-container-service-0.5.0-SNAPSHOT.jar!/webapps/static,UNAVAILABLE}
2019-08-21 09:04:08,586 INFO  handler.ContextHandler (ContextHandler.java:doStop(910)) - Stopped o.e.j.s.ServletContextHandler@42ecc554{/static,jar:file:/home/user/.m2/repository/org/apache/hadoop/hadoop-hdds-container-service/0.5.0-SNAPSHOT/hadoop-hdds-container-service-0.5.0-SNAPSHOT.jar!/webapps/static,UNAVAILABLE}
2019-08-21 09:04:08,586 INFO  handler.ContextHandler (ContextHandler.java:doStop(910)) - Stopped o.e.j.s.ServletContextHandler@21540255{/logs,file:///workdir/hadoop-ozone/integration-test/target/log,UNAVAILABLE}
2019-08-21 09:04:08,589 INFO  handler.ContextHandler (ContextHandler.java:doStop(910)) - Stopped o.e.j.s.ServletContextHandler@2913ca3e{/logs,file:///workdir/hadoop-ozone/integration-test/target/log,UNAVAILABLE}
2019-08-21 09:04:08,592 INFO  datanode.ObjectStoreHandler (ObjectStoreHandler.java:close(155)) - Closing ObjectStoreHandler.
2019-08-21 09:04:08,592 INFO  datanode.ObjectStoreHandler (ObjectStoreHandler.java:close(155)) - Closing ObjectStoreHandler.
2019-08-21 09:04:08,593 INFO  ozone.HddsDatanodeService (HddsDatanodeService.java:stop(451)) - Stopped plug-in org.apache.hadoop.ozone.web.OzoneHddsDatanodeService@636e4bf8
2019-08-21 09:04:08,593 INFO  ozone.HddsDatanodeService (HddsDatanodeService.java:stop(451)) - Stopped plug-in org.apache.hadoop.ozone.web.OzoneHddsDatanodeService@1255de25
2019-08-21 09:04:08,794 WARN  server.GrpcLogAppender (LogUtils.java:warn(134)) - 3da2288a-6198-4d5f-b9de-b237789eac1a->a25b4cb1-2cd9-4739-87bc-31f2539422aa: Failed appendEntries: org.apache.ratis.thirdparty.io.grpc.StatusRuntimeException: UNAVAILABLE: io exception
2019-08-21 09:04:08,797 INFO  impl.FollowerInfo (FollowerInfo.java:lambda$new$0(50)) - 3da2288a-6198-4d5f-b9de-b237789eac1a->a25b4cb1-2cd9-4739-87bc-31f2539422aa: nextIndex: updateUnconditionally 0 -> 0
2019-08-21 09:04:08,828 INFO  statemachine.DatanodeStateMachine (DatanodeStateMachine.java:lambda$startDaemon$0(350)) - Ozone container server started.
2019-08-21 09:04:09,377 INFO  statemachine.DatanodeStateMachine (DatanodeStateMachine.java:lambda$startDaemon$0(350)) - Ozone container server started.
2019-08-21 09:04:10,893 WARN  server.GrpcLogAppender (LogUtils.java:warn(134)) - 51c797bf-85d4-46b6-bb6a-11c05d27fa2a->f351392b-6c44-4f93-98c8-a108c538f35f: Failed appendEntries: org.apache.ratis.thirdparty.io.grpc.StatusRuntimeException: UNAVAILABLE: io exception
2019-08-21 09:04:10,896 INFO  impl.FollowerInfo (FollowerInfo.java:lambda$new$0(50)) - 51c797bf-85d4-46b6-bb6a-11c05d27fa2a->f351392b-6c44-4f93-98c8-a108c538f35f: nextIndex: updateUnconditionally 8 -> 7
2019-08-21 09:04:11,295 WARN  server.GrpcLogAppender (LogUtils.java:warn(134)) - 3da2288a-6198-4d5f-b9de-b237789eac1a->a25b4cb1-2cd9-4739-87bc-31f2539422aa: Failed appendEntries: org.apache.ratis.thirdparty.io.grpc.StatusRuntimeException: UNAVAILABLE: io exception
2019-08-21 09:04:11,299 INFO  impl.FollowerInfo (FollowerInfo.java:lambda$new$0(50)) - 3da2288a-6198-4d5f-b9de-b237789eac1a->a25b4cb1-2cd9-4739-87bc-31f2539422aa: nextIndex: updateUnconditionally 0 -> 0
2019-08-21 09:04:13,395 WARN  server.GrpcLogAppender (LogUtils.java:warn(134)) - 51c797bf-85d4-46b6-bb6a-11c05d27fa2a->f351392b-6c44-4f93-98c8-a108c538f35f: Failed appendEntries: org.apache.ratis.thirdparty.io.grpc.StatusRuntimeException: UNAVAILABLE: io exception
2019-08-21 09:04:13,399 INFO  impl.FollowerInfo (FollowerInfo.java:lambda$new$0(50)) - 51c797bf-85d4-46b6-bb6a-11c05d27fa2a->f351392b-6c44-4f93-98c8-a108c538f35f: nextIndex: updateUnconditionally 7 -> 6
2019-08-21 09:04:13,594 INFO  ozoneimpl.OzoneContainer (OzoneContainer.java:stop(199)) - Attempting to stop container services.
2019-08-21 09:04:13,594 INFO  ozoneimpl.OzoneContainer (OzoneContainer.java:stop(199)) - Attempting to stop container services.
2019-08-21 09:04:13,595 INFO  impl.RaftServerProxy (RaftServerProxy.java:lambda$close$4(314)) - 84c80f7a-cb80-4090-88c4-05efb54ad056: close
2019-08-21 09:04:13,596 INFO  impl.RaftServerProxy (RaftServerProxy.java:lambda$close$4(314)) - 3da2288a-6198-4d5f-b9de-b237789eac1a: close
2019-08-21 09:04:13,596 INFO  impl.RaftServerImpl (RaftServerImpl.java:lambda$shutdown$3(245)) - 84c80f7a-cb80-4090-88c4-05efb54ad056: shutdown group-06FDDC7179C9
2019-08-21 09:04:13,596 INFO  impl.RaftServerImpl (RaftServerImpl.java:lambda$shutdown$3(245)) - 3da2288a-6198-4d5f-b9de-b237789eac1a: shutdown group-AC25E80A9394
2019-08-21 09:04:13,597 INFO  util.JmxRegister (JmxRegister.java:unregister(73)) - Successfully un-registered JMX Bean with object name Ratis:service=RaftServer,group=group-06FDDC7179C9,id=84c80f7a-cb80-4090-88c4-05efb54ad056
2019-08-21 09:04:13,597 INFO  util.JmxRegister (JmxRegister.java:unregister(73)) - Successfully un-registered JMX Bean with object name Ratis:service=RaftServer,group=group-AC25E80A9394,id=3da2288a-6198-4d5f-b9de-b237789eac1a
2019-08-21 09:04:13,598 INFO  impl.RoleInfo (RoleInfo.java:shutdownLeaderState(104)) - 3da2288a-6198-4d5f-b9de-b237789eac1a: shutdown LeaderState
2019-08-21 09:04:13,597 INFO  impl.RoleInfo (RoleInfo.java:shutdownFollowerState(121)) - 84c80f7a-cb80-4090-88c4-05efb54ad056: shutdown FollowerState
2019-08-21 09:04:13,603 WARN  server.GrpcLogAppender (GrpcLogAppender.java:mayWait(143)) - GrpcLogAppender(3da2288a-6198-4d5f-b9de-b237789eac1a->a25b4cb1-2cd9-4739-87bc-31f2539422aa): Wait interrupted by java.lang.InterruptedException
2019-08-21 09:04:13,603 WARN  server.GrpcLogAppender (GrpcLogAppender.java:mayWait(143)) - GrpcLogAppender(3da2288a-6198-4d5f-b9de-b237789eac1a->bf9fc535-e9a8-4527-8a78-1ff9b600d2eb): Wait interrupted by java.lang.InterruptedException
2019-08-21 09:04:13,603 INFO  impl.PendingRequests (PendingRequests.java:sendNotLeaderResponses(202)) - 3da2288a-6198-4d5f-b9de-b237789eac1a-PendingRequests: sendNotLeaderResponses
2019-08-21 09:04:13,604 INFO  ratis.ContainerStateMachine (ContainerStateMachine.java:takeSnapshot(271)) - group-06FDDC7179C9: Taking a snapshot at:(t:1, i:6) file /workdir/hadoop-ozone/integration-test/target/test-dir/MiniOzoneClusterImpl-99126c74-8a49-4d65-9125-af5d1c669fa0/datanode-2/data/ratis/65e641a3-b8dc-4fb0-85f5-06fddc7179c9/sm/snapshot.1_6
2019-08-21 09:04:13,603 INFO  impl.StateMachineUpdater (StateMachineUpdater.java:stopAndJoin(115)) - StateMachineUpdater:84c80f7a-cb80-4090-88c4-05efb54ad056:group-06FDDC7179C9: set stopIndex = 8
2019-08-21 09:04:13,603 INFO  impl.FollowerState (FollowerState.java:run(114)) - 84c80f7a-cb80-4090-88c4-05efb54ad056: FollowerState was interrupted: java.lang.InterruptedException: sleep interrupted
2019-08-21 09:04:13,605 INFO  impl.StateMachineUpdater (StateMachineUpdater.java:stopAndJoin(115)) - StateMachineUpdater:3da2288a-6198-4d5f-b9de-b237789eac1a:group-AC25E80A9394: set stopIndex = 0
2019-08-21 09:04:13,605 INFO  server.GrpcServerProtocolService (GrpcServerProtocolService.java:onCompleted(104)) - bf9fc535-e9a8-4527-8a78-1ff9b600d2eb: appendEntries completed
2019-08-21 09:04:13,608 INFO  impl.RaftServerImpl (ServerState.java:close(394)) - 3da2288a-6198-4d5f-b9de-b237789eac1a:group-AC25E80A9394 closes. The last applied log index is 0
2019-08-21 09:04:13,609 INFO  server.GrpcLogAppender (GrpcLogAppender.java:onCompleted(292)) - 3da2288a-6198-4d5f-b9de-b237789eac1a->bf9fc535-e9a8-4527-8a78-1ff9b600d2eb: follower responses appendEntries COMPLETED
2019-08-21 09:04:13,609 INFO  segmented.SegmentedRaftLogWorker (SegmentedRaftLogWorker.java:run(313)) - 3da2288a-6198-4d5f-b9de-b237789eac1a-SegmentedRaftLogWorker:Storage Directory /workdir/hadoop-ozone/integration-test/target/test-dir/MiniOzoneClusterImpl-99126c74-8a49-4d65-9125-af5d1c669fa0/datanode-3/data/ratis/548f426d-6be0-40e1-b7cd-ac25e80a9394 was interrupted, exiting. There are 0 tasks remaining in the queue.
2019-08-21 09:04:13,612 INFO  impl.FollowerInfo (FollowerInfo.java:lambda$new$0(50)) - 3da2288a-6198-4d5f-b9de-b237789eac1a->bf9fc535-e9a8-4527-8a78-1ff9b600d2eb: nextIndex: updateUnconditionally 1 -> 0
2019-08-21 09:04:13,617 INFO  segmented.SegmentedRaftLogWorker (SegmentedRaftLogWorker.java:close(228)) - 3da2288a-6198-4d5f-b9de-b237789eac1a-SegmentedRaftLogWorker:Storage Directory /workdir/hadoop-ozone/integration-test/target/test-dir/MiniOzoneClusterImpl-99126c74-8a49-4d65-9125-af5d1c669fa0/datanode-3/data/ratis/548f426d-6be0-40e1-b7cd-ac25e80a9394 close()
2019-08-21 09:04:13,619 INFO  ratis.ContainerStateMachine (ContainerStateMachine.java:takeSnapshot(282)) - group-06FDDC7179C9: Finished taking a snapshot at:(t:1, i:6) file:/workdir/hadoop-ozone/integration-test/target/test-dir/MiniOzoneClusterImpl-99126c74-8a49-4d65-9125-af5d1c669fa0/datanode-2/data/ratis/65e641a3-b8dc-4fb0-85f5-06fddc7179c9/sm/snapshot.1_6 time:16
2019-08-21 09:04:13,619 INFO  impl.RaftServerImpl (RaftServerImpl.java:lambda$shutdown$3(245)) - 3da2288a-6198-4d5f-b9de-b237789eac1a: shutdown group-5E7FF559D197
2019-08-21 09:04:13,620 INFO  impl.StateMachineUpdater (StateMachineUpdater.java:takeSnapshot(242)) - StateMachineUpdater:84c80f7a-cb80-4090-88c4-05efb54ad056:group-06FDDC7179C9: Took a snapshot at index 6
2019-08-21 09:04:13,620 INFO  util.JmxRegister (JmxRegister.java:unregister(73)) - Successfully un-registered JMX Bean with object name Ratis:service=RaftServer,group=group-5E7FF559D197,id=3da2288a-6198-4d5f-b9de-b237789eac1a
2019-08-21 09:04:13,621 INFO  impl.RoleInfo (RoleInfo.java:shutdownLeaderState(104)) - 3da2288a-6198-4d5f-b9de-b237789eac1a: shutdown LeaderState
2019-08-21 09:04:13,620 INFO  impl.StateMachineUpdater (StateMachineUpdater.java:lambda$new$0(80)) - StateMachineUpdater:84c80f7a-cb80-4090-88c4-05efb54ad056:group-06FDDC7179C9: snapshotIndex: updateIncreasingly -1 -> 6
2019-08-21 09:04:13,621 INFO  impl.PendingRequests (PendingRequests.java:sendNotLeaderResponses(202)) - 3da2288a-6198-4d5f-b9de-b237789eac1a-PendingRequests: sendNotLeaderResponses
2019-08-21 09:04:13,622 INFO  impl.RaftServerImpl (ServerState.java:close(394)) - 84c80f7a-cb80-4090-88c4-05efb54ad056:group-06FDDC7179C9 closes. The last applied log index is 8
2019-08-21 09:04:13,622 INFO  impl.StateMachineUpdater (StateMachineUpdater.java:stopAndJoin(115)) - StateMachineUpdater:3da2288a-6198-4d5f-b9de-b237789eac1a:group-5E7FF559D197: set stopIndex = 0
2019-08-21 09:04:13,623 INFO  segmented.SegmentedRaftLogWorker (SegmentedRaftLogWorker.java:run(313)) - 84c80f7a-cb80-4090-88c4-05efb54ad056-SegmentedRaftLogWorker:Storage Directory /workdir/hadoop-ozone/integration-test/target/test-dir/MiniOzoneClusterImpl-99126c74-8a49-4d65-9125-af5d1c669fa0/datanode-2/data/ratis/65e641a3-b8dc-4fb0-85f5-06fddc7179c9 was interrupted, exiting. There are 0 tasks remaining in the queue.
2019-08-21 09:04:13,623 INFO  impl.RaftServerImpl (ServerState.java:close(394)) - 3da2288a-6198-4d5f-b9de-b237789eac1a:group-5E7FF559D197 closes. The last applied log index is 0
2019-08-21 09:04:13,625 INFO  segmented.SegmentedRaftLogWorker (SegmentedRaftLogWorker.java:close(228)) - 84c80f7a-cb80-4090-88c4-05efb54ad056-SegmentedRaftLogWorker:Storage Directory /workdir/hadoop-ozone/integration-test/target/test-dir/MiniOzoneClusterImpl-99126c74-8a49-4d65-9125-af5d1c669fa0/datanode-2/data/ratis/65e641a3-b8dc-4fb0-85f5-06fddc7179c9 close()
2019-08-21 09:04:13,626 INFO  segmented.SegmentedRaftLogWorker (SegmentedRaftLogWorker.java:run(313)) - 3da2288a-6198-4d5f-b9de-b237789eac1a-SegmentedRaftLogWorker:Storage Directory /workdir/hadoop-ozone/integration-test/target/test-dir/MiniOzoneClusterImpl-99126c74-8a49-4d65-9125-af5d1c669fa0/datanode-3/data/ratis/5136477d-fc7e-46c3-9b2c-5e7ff559d197 was interrupted, exiting. There are 0 tasks remaining in the queue.
2019-08-21 09:04:13,628 INFO  impl.RaftServerImpl (RaftServerImpl.java:lambda$shutdown$3(245)) - 84c80f7a-cb80-4090-88c4-05efb54ad056: shutdown group-3EF503B72CE8
2019-08-21 09:04:13,630 INFO  segmented.SegmentedRaftLogWorker (SegmentedRaftLogWorker.java:close(228)) - 3da2288a-6198-4d5f-b9de-b237789eac1a-SegmentedRaftLogWorker:Storage Directory /workdir/hadoop-ozone/integration-test/target/test-dir/MiniOzoneClusterImpl-99126c74-8a49-4d65-9125-af5d1c669fa0/datanode-3/data/ratis/5136477d-fc7e-46c3-9b2c-5e7ff559d197 close()
2019-08-21 09:04:13,630 INFO  util.JmxRegister (JmxRegister.java:unregister(73)) - Successfully un-registered JMX Bean with object name Ratis:service=RaftServer,group=group-3EF503B72CE8,id=84c80f7a-cb80-4090-88c4-05efb54ad056
2019-08-21 09:04:13,633 INFO  server.GrpcService (GrpcService.java:closeImpl(155)) - 3da2288a-6198-4d5f-b9de-b237789eac1a: shutdown server with port 45178 now
2019-08-21 09:04:13,633 INFO  impl.RoleInfo (RoleInfo.java:shutdownLeaderState(104)) - 84c80f7a-cb80-4090-88c4-05efb54ad056: shutdown LeaderState
2019-08-21 09:04:13,634 INFO  server.GrpcService (GrpcService.java:closeImpl(163)) - 3da2288a-6198-4d5f-b9de-b237789eac1a: shutdown server with port 45178 successfully
2019-08-21 09:04:13,634 INFO  impl.PendingRequests (PendingRequests.java:sendNotLeaderResponses(202)) - 84c80f7a-cb80-4090-88c4-05efb54ad056-PendingRequests: sendNotLeaderResponses
2019-08-21 09:04:13,635 INFO  impl.StateMachineUpdater (StateMachineUpdater.java:stopAndJoin(115)) - StateMachineUpdater:84c80f7a-cb80-4090-88c4-05efb54ad056:group-3EF503B72CE8: set stopIndex = 0
2019-08-21 09:04:13,635 INFO  impl.RaftServerImpl (ServerState.java:close(394)) - 84c80f7a-cb80-4090-88c4-05efb54ad056:group-3EF503B72CE8 closes. The last applied log index is 0
2019-08-21 09:04:13,636 INFO  segmented.SegmentedRaftLogWorker (SegmentedRaftLogWorker.java:run(313)) - 84c80f7a-cb80-4090-88c4-05efb54ad056-SegmentedRaftLogWorker:Storage Directory /workdir/hadoop-ozone/integration-test/target/test-dir/MiniOzoneClusterImpl-99126c74-8a49-4d65-9125-af5d1c669fa0/datanode-2/data/ratis/408e2101-e0e2-4186-aefd-3ef503b72ce8 was interrupted, exiting. There are 0 tasks remaining in the queue.
2019-08-21 09:04:13,639 INFO  segmented.SegmentedRaftLogWorker (SegmentedRaftLogWorker.java:close(228)) - 84c80f7a-cb80-4090-88c4-05efb54ad056-SegmentedRaftLogWorker:Storage Directory /workdir/hadoop-ozone/integration-test/target/test-dir/MiniOzoneClusterImpl-99126c74-8a49-4d65-9125-af5d1c669fa0/datanode-2/data/ratis/408e2101-e0e2-4186-aefd-3ef503b72ce8 close()
2019-08-21 09:04:13,641 INFO  server.GrpcService (GrpcService.java:closeImpl(155)) - 84c80f7a-cb80-4090-88c4-05efb54ad056: shutdown server with port 34608 now
2019-08-21 09:04:13,642 WARN  server.GrpcServerProtocolService (LogUtils.java:warn(134)) - 84c80f7a-cb80-4090-88c4-05efb54ad056: appendEntries onError: org.apache.ratis.thirdparty.io.grpc.StatusRuntimeException: CANCELLED: cancelled before receiving half close
2019-08-21 09:04:13,643 INFO  server.GrpcService (GrpcService.java:closeImpl(163)) - 84c80f7a-cb80-4090-88c4-05efb54ad056: shutdown server with port 34608 successfully
2019-08-21 09:04:13,643 WARN  server.GrpcLogAppender (LogUtils.java:warn(134)) - 51c797bf-85d4-46b6-bb6a-11c05d27fa2a->84c80f7a-cb80-4090-88c4-05efb54ad056: Failed appendEntries: org.apache.ratis.thirdparty.io.grpc.StatusRuntimeException: CANCELLED: HTTP/2 error code: CANCEL
Received Rst Stream
2019-08-21 09:04:13,643 INFO  utils.BackgroundService (BackgroundService.java:shutdown(148)) - Shutting down service BlockDeletingService
2019-08-21 09:04:13,646 INFO  impl.FollowerInfo (FollowerInfo.java:lambda$new$0(50)) - 51c797bf-85d4-46b6-bb6a-11c05d27fa2a->84c80f7a-cb80-4090-88c4-05efb54ad056: nextIndex: updateUnconditionally 9 -> 8
2019-08-21 09:04:13,649 INFO  utils.BackgroundService (BackgroundService.java:shutdown(148)) - Shutting down service BlockDeletingService
2019-08-21 09:04:13,651 WARN  fs.CachingGetSpaceUsed (CachingGetSpaceUsed.java:run(183)) - Thread Interrupted waiting to refresh disk information: sleep interrupted
2019-08-21 09:04:13,652 WARN  fs.CachingGetSpaceUsed (CachingGetSpaceUsed.java:run(183)) - Thread Interrupted waiting to refresh disk information: sleep interrupted
2019-08-21 09:04:13,677 INFO  statemachine.DatanodeStateMachine (DatanodeStateMachine.java:stopDaemon(395)) - Ozone container server stopped.
2019-08-21 09:04:13,679 INFO  handler.ContextHandler (ContextHandler.java:doStop(910)) - Stopped o.e.j.w.WebAppContext@340c57e0{/,null,UNAVAILABLE}{/hddsDatanode}
2019-08-21 09:04:13,683 INFO  server.AbstractConnector (AbstractConnector.java:doStop(318)) - Stopped ServerConnector@137a4b54{HTTP/1.1,[http/1.1]}{0.0.0.0:0}
2019-08-21 09:04:13,684 INFO  statemachine.DatanodeStateMachine (DatanodeStateMachine.java:stopDaemon(395)) - Ozone container server stopped.
2019-08-21 09:04:13,685 INFO  handler.ContextHandler (ContextHandler.java:doStop(910)) - Stopped o.e.j.s.ServletContextHandler@54e0f76f{/static,jar:file:/home/user/.m2/repository/org/apache/hadoop/hadoop-hdds-container-service/0.5.0-SNAPSHOT/hadoop-hdds-container-service-0.5.0-SNAPSHOT.jar!/webapps/static,UNAVAILABLE}
2019-08-21 09:04:13,689 INFO  handler.ContextHandler (ContextHandler.java:doStop(910)) - Stopped o.e.j.s.ServletContextHandler@37cf91d8{/logs,file:///workdir/hadoop-ozone/integration-test/target/log,UNAVAILABLE}
2019-08-21 09:04:13,691 INFO  handler.ContextHandler (ContextHandler.java:doStop(910)) - Stopped o.e.j.w.WebAppContext@693f2c89{/,null,UNAVAILABLE}{/hddsDatanode}
2019-08-21 09:04:13,692 INFO  datanode.ObjectStoreHandler (ObjectStoreHandler.java:close(155)) - Closing ObjectStoreHandler.
2019-08-21 09:04:13,692 INFO  server.AbstractConnector (AbstractConnector.java:doStop(318)) - Stopped ServerConnector@50b4364{HTTP/1.1,[http/1.1]}{0.0.0.0:0}
2019-08-21 09:04:13,695 INFO  ozone.HddsDatanodeService (HddsDatanodeService.java:stop(451)) - Stopped plug-in org.apache.hadoop.ozone.web.OzoneHddsDatanodeService@2d7aa291
2019-08-21 09:04:13,695 INFO  handler.ContextHandler (ContextHandler.java:doStop(910)) - Stopped o.e.j.s.ServletContextHandler@6210666c{/static,jar:file:/home/user/.m2/repository/org/apache/hadoop/hadoop-hdds-container-service/0.5.0-SNAPSHOT/hadoop-hdds-container-service-0.5.0-SNAPSHOT.jar!/webapps/static,UNAVAILABLE}
2019-08-21 09:04:13,697 INFO  handler.ContextHandler (ContextHandler.java:doStop(910)) - Stopped o.e.j.s.ServletContextHandler@5a82bc58{/logs,file:///workdir/hadoop-ozone/integration-test/target/log,UNAVAILABLE}
2019-08-21 09:04:13,699 INFO  datanode.ObjectStoreHandler (ObjectStoreHandler.java:close(155)) - Closing ObjectStoreHandler.
2019-08-21 09:04:13,699 INFO  ozone.HddsDatanodeService (HddsDatanodeService.java:stop(451)) - Stopped plug-in org.apache.hadoop.ozone.web.OzoneHddsDatanodeService@5ed65e4b
2019-08-21 09:04:14,313 INFO  statemachine.DatanodeStateMachine (DatanodeStateMachine.java:lambda$startDaemon$0(350)) - Ozone container server started.
2019-08-21 09:04:14,634 INFO  statemachine.DatanodeStateMachine (DatanodeStateMachine.java:lambda$startDaemon$0(350)) - Ozone container server started.
2019-08-21 09:04:15,896 WARN  server.GrpcLogAppender (LogUtils.java:warn(134)) - 51c797bf-85d4-46b6-bb6a-11c05d27fa2a->f351392b-6c44-4f93-98c8-a108c538f35f: Failed appendEntries: org.apache.ratis.thirdparty.io.grpc.StatusRuntimeException: UNAVAILABLE: io exception
2019-08-21 09:04:15,899 INFO  impl.FollowerInfo (FollowerInfo.java:lambda$new$0(50)) - 51c797bf-85d4-46b6-bb6a-11c05d27fa2a->f351392b-6c44-4f93-98c8-a108c538f35f: nextIndex: updateUnconditionally 6 -> 5
2019-08-21 09:04:15,903 WARN  server.GrpcLogAppender (LogUtils.java:warn(134)) - 51c797bf-85d4-46b6-bb6a-11c05d27fa2a->84c80f7a-cb80-4090-88c4-05efb54ad056: Failed appendEntries: org.apache.ratis.thirdparty.io.grpc.StatusRuntimeException: UNAVAILABLE: io exception
2019-08-21 09:04:15,905 INFO  impl.FollowerInfo (FollowerInfo.java:lambda$new$0(50)) - 51c797bf-85d4-46b6-bb6a-11c05d27fa2a->84c80f7a-cb80-4090-88c4-05efb54ad056: nextIndex: updateUnconditionally 8 -> 7
2019-08-21 09:04:18,397 WARN  server.GrpcLogAppender (LogUtils.java:warn(134)) - 51c797bf-85d4-46b6-bb6a-11c05d27fa2a->f351392b-6c44-4f93-98c8-a108c538f35f: Failed appendEntries: org.apache.ratis.thirdparty.io.grpc.StatusRuntimeException: UNAVAILABLE: io exception
2019-08-21 09:04:18,400 INFO  impl.FollowerInfo (FollowerInfo.java:lambda$new$0(50)) - 51c797bf-85d4-46b6-bb6a-11c05d27fa2a->f351392b-6c44-4f93-98c8-a108c538f35f: nextIndex: updateUnconditionally 5 -> 4
2019-08-21 09:04:18,403 WARN  server.GrpcLogAppender (LogUtils.java:warn(134)) - 51c797bf-85d4-46b6-bb6a-11c05d27fa2a->84c80f7a-cb80-4090-88c4-05efb54ad056: Failed appendEntries: org.apache.ratis.thirdparty.io.grpc.StatusRuntimeException: UNAVAILABLE: io exception
2019-08-21 09:04:18,405 INFO  impl.FollowerInfo (FollowerInfo.java:lambda$new$0(50)) - 51c797bf-85d4-46b6-bb6a-11c05d27fa2a->84c80f7a-cb80-4090-88c4-05efb54ad056: nextIndex: updateUnconditionally 7 -> 6
2019-08-21 09:04:18,696 INFO  ozoneimpl.OzoneContainer (OzoneContainer.java:stop(199)) - Attempting to stop container services.
2019-08-21 09:04:18,697 INFO  impl.RaftServerProxy (RaftServerProxy.java:lambda$close$4(314)) - 741e8cac-fe64-4d95-a55a-62e307ff834d: close
2019-08-21 09:04:18,697 INFO  impl.RaftServerImpl (RaftServerImpl.java:lambda$shutdown$3(245)) - 741e8cac-fe64-4d95-a55a-62e307ff834d: shutdown group-2A7E5BF64585
2019-08-21 09:04:18,698 INFO  util.JmxRegister (JmxRegister.java:unregister(73)) - Successfully un-registered JMX Bean with object name Ratis:service=RaftServer,group=group-2A7E5BF64585,id=741e8cac-fe64-4d95-a55a-62e307ff834d
2019-08-21 09:04:18,698 INFO  impl.RoleInfo (RoleInfo.java:shutdownLeaderState(104)) - 741e8cac-fe64-4d95-a55a-62e307ff834d: shutdown LeaderState
2019-08-21 09:04:18,699 INFO  impl.PendingRequests (PendingRequests.java:sendNotLeaderResponses(202)) - 741e8cac-fe64-4d95-a55a-62e307ff834d-PendingRequests: sendNotLeaderResponses
2019-08-21 09:04:18,699 INFO  impl.StateMachineUpdater (StateMachineUpdater.java:stopAndJoin(115)) - StateMachineUpdater:741e8cac-fe64-4d95-a55a-62e307ff834d:group-2A7E5BF64585: set stopIndex = 0
2019-08-21 09:04:18,700 INFO  impl.RaftServerImpl (ServerState.java:close(394)) - 741e8cac-fe64-4d95-a55a-62e307ff834d:group-2A7E5BF64585 closes. The last applied log index is 0
2019-08-21 09:04:18,700 INFO  ozoneimpl.OzoneContainer (OzoneContainer.java:stop(199)) - Attempting to stop container services.
2019-08-21 09:04:18,701 INFO  segmented.SegmentedRaftLogWorker (SegmentedRaftLogWorker.java:run(313)) - 741e8cac-fe64-4d95-a55a-62e307ff834d-SegmentedRaftLogWorker:Storage Directory /workdir/hadoop-ozone/integration-test/target/test-dir/MiniOzoneClusterImpl-99126c74-8a49-4d65-9125-af5d1c669fa0/datanode-6/data/ratis/8f330897-7203-4d38-a042-2a7e5bf64585 was interrupted, exiting. There are 0 tasks remaining in the queue.
2019-08-21 09:04:18,701 INFO  impl.RaftServerProxy (RaftServerProxy.java:lambda$close$4(314)) - 51c797bf-85d4-46b6-bb6a-11c05d27fa2a: close
2019-08-21 09:04:18,703 INFO  impl.RaftServerImpl (RaftServerImpl.java:lambda$shutdown$3(245)) - 51c797bf-85d4-46b6-bb6a-11c05d27fa2a: shutdown group-73207E972AB4
2019-08-21 09:04:18,703 INFO  segmented.SegmentedRaftLogWorker (SegmentedRaftLogWorker.java:close(228)) - 741e8cac-fe64-4d95-a55a-62e307ff834d-SegmentedRaftLogWorker:Storage Directory /workdir/hadoop-ozone/integration-test/target/test-dir/MiniOzoneClusterImpl-99126c74-8a49-4d65-9125-af5d1c669fa0/datanode-6/data/ratis/8f330897-7203-4d38-a042-2a7e5bf64585 close()
2019-08-21 09:04:18,704 INFO  util.JmxRegister (JmxRegister.java:unregister(73)) - Successfully un-registered JMX Bean with object name Ratis:service=RaftServer,group=group-73207E972AB4,id=51c797bf-85d4-46b6-bb6a-11c05d27fa2a
2019-08-21 09:04:18,706 INFO  server.GrpcService (GrpcService.java:closeImpl(155)) - 741e8cac-fe64-4d95-a55a-62e307ff834d: shutdown server with port 38401 now
2019-08-21 09:04:18,706 INFO  impl.RoleInfo (RoleInfo.java:shutdownLeaderState(104)) - 51c797bf-85d4-46b6-bb6a-11c05d27fa2a: shutdown LeaderState
2019-08-21 09:04:18,708 INFO  server.GrpcService (GrpcService.java:closeImpl(163)) - 741e8cac-fe64-4d95-a55a-62e307ff834d: shutdown server with port 38401 successfully
2019-08-21 09:04:18,708 INFO  impl.PendingRequests (PendingRequests.java:sendNotLeaderResponses(202)) - 51c797bf-85d4-46b6-bb6a-11c05d27fa2a-PendingRequests: sendNotLeaderResponses
2019-08-21 09:04:18,709 INFO  impl.StateMachineUpdater (StateMachineUpdater.java:stopAndJoin(115)) - StateMachineUpdater:51c797bf-85d4-46b6-bb6a-11c05d27fa2a:group-73207E972AB4: set stopIndex = 0
2019-08-21 09:04:18,709 INFO  impl.RaftServerImpl (ServerState.java:close(394)) - 51c797bf-85d4-46b6-bb6a-11c05d27fa2a:group-73207E972AB4 closes. The last applied log index is 0
2019-08-21 09:04:18,710 INFO  utils.BackgroundService (BackgroundService.java:shutdown(148)) - Shutting down service BlockDeletingService
2019-08-21 09:04:18,710 INFO  segmented.SegmentedRaftLogWorker (SegmentedRaftLogWorker.java:run(313)) - 51c797bf-85d4-46b6-bb6a-11c05d27fa2a-SegmentedRaftLogWorker:Storage Directory /workdir/hadoop-ozone/integration-test/target/test-dir/MiniOzoneClusterImpl-99126c74-8a49-4d65-9125-af5d1c669fa0/datanode-0/data/ratis/a76cf734-e079-4b0f-a589-73207e972ab4 was interrupted, exiting. There are 0 tasks remaining in the queue.
2019-08-21 09:04:18,712 INFO  segmented.SegmentedRaftLogWorker (SegmentedRaftLogWorker.java:close(228)) - 51c797bf-85d4-46b6-bb6a-11c05d27fa2a-SegmentedRaftLogWorker:Storage Directory /workdir/hadoop-ozone/integration-test/target/test-dir/MiniOzoneClusterImpl-99126c74-8a49-4d65-9125-af5d1c669fa0/datanode-0/data/ratis/a76cf734-e079-4b0f-a589-73207e972ab4 close()
2019-08-21 09:04:18,718 INFO  impl.RaftServerImpl (RaftServerImpl.java:lambda$shutdown$3(245)) - 51c797bf-85d4-46b6-bb6a-11c05d27fa2a: shutdown group-06FDDC7179C9
2019-08-21 09:04:18,719 INFO  util.JmxRegister (JmxRegister.java:unregister(73)) - Successfully un-registered JMX Bean with object name Ratis:service=RaftServer,group=group-06FDDC7179C9,id=51c797bf-85d4-46b6-bb6a-11c05d27fa2a
2019-08-21 09:04:18,719 INFO  impl.RoleInfo (RoleInfo.java:shutdownLeaderState(104)) - 51c797bf-85d4-46b6-bb6a-11c05d27fa2a: shutdown LeaderState
2019-08-21 09:04:18,722 INFO  impl.PendingRequests (PendingRequests.java:sendNotLeaderResponses(202)) - 51c797bf-85d4-46b6-bb6a-11c05d27fa2a-PendingRequests: sendNotLeaderResponses
2019-08-21 09:04:18,723 WARN  server.GrpcLogAppender (GrpcLogAppender.java:mayWait(143)) - GrpcLogAppender(51c797bf-85d4-46b6-bb6a-11c05d27fa2a->84c80f7a-cb80-4090-88c4-05efb54ad056): Wait interrupted by java.lang.InterruptedException
2019-08-21 09:04:18,723 WARN  server.GrpcLogAppender (GrpcLogAppender.java:mayWait(143)) - GrpcLogAppender(51c797bf-85d4-46b6-bb6a-11c05d27fa2a->f351392b-6c44-4f93-98c8-a108c538f35f): Wait interrupted by java.lang.InterruptedException
2019-08-21 09:04:18,726 INFO  impl.StateMachineUpdater (StateMachineUpdater.java:stopAndJoin(115)) - StateMachineUpdater:51c797bf-85d4-46b6-bb6a-11c05d27fa2a:group-06FDDC7179C9: set stopIndex = 8
2019-08-21 09:04:18,726 INFO  ratis.ContainerStateMachine (ContainerStateMachine.java:takeSnapshot(271)) - group-06FDDC7179C9: Taking a snapshot at:(t:1, i:6) file /workdir/hadoop-ozone/integration-test/target/test-dir/MiniOzoneClusterImpl-99126c74-8a49-4d65-9125-af5d1c669fa0/datanode-0/data/ratis/65e641a3-b8dc-4fb0-85f5-06fddc7179c9/sm/snapshot.1_6
2019-08-21 09:04:18,728 WARN  fs.CachingGetSpaceUsed (CachingGetSpaceUsed.java:run(183)) - Thread Interrupted waiting to refresh disk information: sleep interrupted
2019-08-21 09:04:18,739 INFO  ratis.ContainerStateMachine (ContainerStateMachine.java:takeSnapshot(282)) - group-06FDDC7179C9: Finished taking a snapshot at:(t:1, i:6) file:/workdir/hadoop-ozone/integration-test/target/test-dir/MiniOzoneClusterImpl-99126c74-8a49-4d65-9125-af5d1c669fa0/datanode-0/data/ratis/65e641a3-b8dc-4fb0-85f5-06fddc7179c9/sm/snapshot.1_6 time:13
2019-08-21 09:04:18,739 INFO  impl.StateMachineUpdater (StateMachineUpdater.java:takeSnapshot(242)) - StateMachineUpdater:51c797bf-85d4-46b6-bb6a-11c05d27fa2a:group-06FDDC7179C9: Took a snapshot at index 6
2019-08-21 09:04:18,739 INFO  impl.StateMachineUpdater (StateMachineUpdater.java:lambda$new$0(80)) - StateMachineUpdater:51c797bf-85d4-46b6-bb6a-11c05d27fa2a:group-06FDDC7179C9: snapshotIndex: updateIncreasingly -1 -> 6
2019-08-21 09:04:18,740 INFO  impl.RaftServerImpl (ServerState.java:close(394)) - 51c797bf-85d4-46b6-bb6a-11c05d27fa2a:group-06FDDC7179C9 closes. The last applied log index is 8
2019-08-21 09:04:18,740 INFO  segmented.SegmentedRaftLogWorker (SegmentedRaftLogWorker.java:run(313)) - 51c797bf-85d4-46b6-bb6a-11c05d27fa2a-SegmentedRaftLogWorker:Storage Directory /workdir/hadoop-ozone/integration-test/target/test-dir/MiniOzoneClusterImpl-99126c74-8a49-4d65-9125-af5d1c669fa0/datanode-0/data/ratis/65e641a3-b8dc-4fb0-85f5-06fddc7179c9 was interrupted, exiting. There are 0 tasks remaining in the queue.
2019-08-21 09:04:18,741 INFO  segmented.SegmentedRaftLogWorker (SegmentedRaftLogWorker.java:close(228)) - 51c797bf-85d4-46b6-bb6a-11c05d27fa2a-SegmentedRaftLogWorker:Storage Directory /workdir/hadoop-ozone/integration-test/target/test-dir/MiniOzoneClusterImpl-99126c74-8a49-4d65-9125-af5d1c669fa0/datanode-0/data/ratis/65e641a3-b8dc-4fb0-85f5-06fddc7179c9 close()
2019-08-21 09:04:18,741 INFO  server.GrpcService (GrpcService.java:closeImpl(155)) - 51c797bf-85d4-46b6-bb6a-11c05d27fa2a: shutdown server with port 41606 now
2019-08-21 09:04:18,742 INFO  server.GrpcService (GrpcService.java:closeImpl(163)) - 51c797bf-85d4-46b6-bb6a-11c05d27fa2a: shutdown server with port 41606 successfully
2019-08-21 09:04:18,744 INFO  utils.BackgroundService (BackgroundService.java:shutdown(148)) - Shutting down service BlockDeletingService
2019-08-21 09:04:18,746 WARN  fs.CachingGetSpaceUsed (CachingGetSpaceUsed.java:run(183)) - Thread Interrupted waiting to refresh disk information: sleep interrupted
2019-08-21 09:04:18,752 INFO  statemachine.DatanodeStateMachine (DatanodeStateMachine.java:stopDaemon(395)) - Ozone container server stopped.
2019-08-21 09:04:18,755 INFO  handler.ContextHandler (ContextHandler.java:doStop(910)) - Stopped o.e.j.w.WebAppContext@2a984952{/,null,UNAVAILABLE}{/hddsDatanode}
2019-08-21 09:04:18,756 INFO  server.AbstractConnector (AbstractConnector.java:doStop(318)) - Stopped ServerConnector@16944b58{HTTP/1.1,[http/1.1]}{0.0.0.0:0}
2019-08-21 09:04:18,756 INFO  handler.ContextHandler (ContextHandler.java:doStop(910)) - Stopped o.e.j.s.ServletContextHandler@153c6603{/static,jar:file:/home/user/.m2/repository/org/apache/hadoop/hadoop-hdds-container-service/0.5.0-SNAPSHOT/hadoop-hdds-container-service-0.5.0-SNAPSHOT.jar!/webapps/static,UNAVAILABLE}
2019-08-21 09:04:18,757 INFO  handler.ContextHandler (ContextHandler.java:doStop(910)) - Stopped o.e.j.s.ServletContextHandler@6d0a14c2{/logs,file:///workdir/hadoop-ozone/integration-test/target/log,UNAVAILABLE}
2019-08-21 09:04:18,758 INFO  datanode.ObjectStoreHandler (ObjectStoreHandler.java:close(155)) - Closing ObjectStoreHandler.
2019-08-21 09:04:18,759 INFO  ozone.HddsDatanodeService (HddsDatanodeService.java:stop(451)) - Stopped plug-in org.apache.hadoop.ozone.web.OzoneHddsDatanodeService@300aa927
2019-08-21 09:04:18,769 INFO  statemachine.DatanodeStateMachine (DatanodeStateMachine.java:stopDaemon(395)) - Ozone container server stopped.
2019-08-21 09:04:18,773 INFO  handler.ContextHandler (ContextHandler.java:doStop(910)) - Stopped o.e.j.w.WebAppContext@5c5f0edc{/,null,UNAVAILABLE}{/hddsDatanode}
2019-08-21 09:04:18,774 INFO  server.AbstractConnector (AbstractConnector.java:doStop(318)) - Stopped ServerConnector@153cfd86{HTTP/1.1,[http/1.1]}{0.0.0.0:0}
2019-08-21 09:04:18,775 INFO  handler.ContextHandler (ContextHandler.java:doStop(910)) - Stopped o.e.j.s.ServletContextHandler@2c16677c{/static,jar:file:/home/user/.m2/repository/org/apache/hadoop/hadoop-hdds-container-service/0.5.0-SNAPSHOT/hadoop-hdds-container-service-0.5.0-SNAPSHOT.jar!/webapps/static,UNAVAILABLE}
2019-08-21 09:04:18,776 INFO  handler.ContextHandler (ContextHandler.java:doStop(910)) - Stopped o.e.j.s.ServletContextHandler@30dd00b6{/logs,file:///workdir/hadoop-ozone/integration-test/target/log,UNAVAILABLE}
2019-08-21 09:04:18,907 INFO  impl.FollowerState (FollowerState.java:run(106)) - bf9fc535-e9a8-4527-8a78-1ff9b600d2eb:group-AC25E80A9394 changes to CANDIDATE, lastRpcTime:7608, electionTimeout:5141ms
2019-08-21 09:04:18,908 INFO  impl.RoleInfo (RoleInfo.java:shutdownFollowerState(121)) - bf9fc535-e9a8-4527-8a78-1ff9b600d2eb: shutdown FollowerState
2019-08-21 09:04:18,908 INFO  impl.RaftServerImpl (RaftServerImpl.java:setRole(171)) - bf9fc535-e9a8-4527-8a78-1ff9b600d2eb:group-AC25E80A9394 changes role from FOLLOWER to CANDIDATE at term 1 for changeToCandidate
2019-08-21 09:04:18,908 INFO  impl.RoleInfo (RoleInfo.java:updateAndGet(143)) - bf9fc535-e9a8-4527-8a78-1ff9b600d2eb: start LeaderElection
2019-08-21 09:04:18,910 INFO  impl.RaftServerImpl (ServerState.java:setLeader(263)) - bf9fc535-e9a8-4527-8a78-1ff9b600d2eb:group-AC25E80A9394 change Leader from 3da2288a-6198-4d5f-b9de-b237789eac1a to null at term 1 for initElection
2019-08-21 09:04:18,933 INFO  impl.LeaderElection (LeaderElection.java:askForVotes(181)) - bf9fc535-e9a8-4527-8a78-1ff9b600d2eb:group-AC25E80A9394:LeaderElection24: begin an election at term 2 for 0: [3da2288a-6198-4d5f-b9de-b237789eac1a:192.168.157.251:45178, bf9fc535-e9a8-4527-8a78-1ff9b600d2eb:192.168.157.251:34230, a25b4cb1-2cd9-4739-87bc-31f2539422aa:192.168.157.251:40382], old=null
2019-08-21 09:04:18,943 INFO  impl.LeaderElection (LogUtils.java:infoOrTrace(149)) - bf9fc535-e9a8-4527-8a78-1ff9b600d2eb:group-AC25E80A9394:LeaderElection24 got exception when requesting votes: {}
java.util.concurrent.ExecutionException: org.apache.ratis.thirdparty.io.grpc.StatusRuntimeException: UNAVAILABLE: io exception
	at java.util.concurrent.FutureTask.report(FutureTask.java:122)
	at java.util.concurrent.FutureTask.get(FutureTask.java:192)
	at org.apache.ratis.server.impl.LeaderElection.waitForResults(LeaderElection.java:262)
	at org.apache.ratis.server.impl.LeaderElection.askForVotes(LeaderElection.java:200)
	at org.apache.ratis.server.impl.LeaderElection.run(LeaderElection.java:130)
	at java.lang.Thread.run(Thread.java:748)
Caused by: org.apache.ratis.thirdparty.io.grpc.StatusRuntimeException: UNAVAILABLE: io exception
	at org.apache.ratis.thirdparty.io.grpc.stub.ClientCalls.toStatusRuntimeException(ClientCalls.java:233)
	at org.apache.ratis.thirdparty.io.grpc.stub.ClientCalls.getUnchecked(ClientCalls.java:214)
	at org.apache.ratis.thirdparty.io.grpc.stub.ClientCalls.blockingUnaryCall(ClientCalls.java:139)
	at org.apache.ratis.proto.grpc.RaftServerProtocolServiceGrpc$RaftServerProtocolServiceBlockingStub.requestVote(RaftServerProtocolServiceGrpc.java:265)
	at org.apache.ratis.grpc.server.GrpcServerProtocolClient.requestVote(GrpcServerProtocolClient.java:83)
	at org.apache.ratis.grpc.server.GrpcService.requestVote(GrpcService.java:195)
	at org.apache.ratis.server.impl.LeaderElection.lambda$submitRequests$1(LeaderElection.java:237)
	at java.util.concurrent.FutureTask.run(FutureTask.java:266)
	at java.util.concurrent.Executors$RunnableAdapter.call(Executors.java:511)
	at java.util.concurrent.FutureTask.run(FutureTask.java:266)
	at java.util.concurrent.ThreadPoolExecutor.runWorker(ThreadPoolExecutor.java:1149)
	at java.util.concurrent.ThreadPoolExecutor$Worker.run(ThreadPoolExecutor.java:624)
	... 1 more
Caused by: org.apache.ratis.thirdparty.io.netty.channel.AbstractChannel$AnnotatedConnectException: Connection refused: /192.168.157.251:40382
	at sun.nio.ch.SocketChannelImpl.checkConnect(Native Method)
	at sun.nio.ch.SocketChannelImpl.finishConnect(SocketChannelImpl.java:717)
	at org.apache.ratis.thirdparty.io.netty.channel.socket.nio.NioSocketChannel.doFinishConnect(NioSocketChannel.java:327)
	at org.apache.ratis.thirdparty.io.netty.channel.nio.AbstractNioChannel$AbstractNioUnsafe.finishConnect(AbstractNioChannel.java:340)
	at org.apache.ratis.thirdparty.io.netty.channel.nio.NioEventLoop.processSelectedKey(NioEventLoop.java:632)
	at org.apache.ratis.thirdparty.io.netty.channel.nio.NioEventLoop.processSelectedKeysOptimized(NioEventLoop.java:579)
	at org.apache.ratis.thirdparty.io.netty.channel.nio.NioEventLoop.processSelectedKeys(NioEventLoop.java:496)
	at org.apache.ratis.thirdparty.io.netty.channel.nio.NioEventLoop.run(NioEventLoop.java:458)
	at org.apache.ratis.thirdparty.io.netty.util.concurrent.SingleThreadEventExecutor$5.run(SingleThreadEventExecutor.java:897)
	at org.apache.ratis.thirdparty.io.netty.util.concurrent.FastThreadLocalRunnable.run(FastThreadLocalRunnable.java:30)
	... 1 more
Caused by: java.net.ConnectException: Connection refused
	... 11 more
2019-08-21 09:04:18,948 INFO  impl.LeaderElection (LogUtils.java:infoOrTrace(149)) - bf9fc535-e9a8-4527-8a78-1ff9b600d2eb:group-AC25E80A9394:LeaderElection24 got exception when requesting votes: {}
java.util.concurrent.ExecutionException: org.apache.ratis.thirdparty.io.grpc.StatusRuntimeException: UNAVAILABLE: io exception
	at java.util.concurrent.FutureTask.report(FutureTask.java:122)
	at java.util.concurrent.FutureTask.get(FutureTask.java:192)
	at org.apache.ratis.server.impl.LeaderElection.waitForResults(LeaderElection.java:262)
	at org.apache.ratis.server.impl.LeaderElection.askForVotes(LeaderElection.java:200)
	at org.apache.ratis.server.impl.LeaderElection.run(LeaderElection.java:130)
	at java.lang.Thread.run(Thread.java:748)
Caused by: org.apache.ratis.thirdparty.io.grpc.StatusRuntimeException: UNAVAILABLE: io exception
	at org.apache.ratis.thirdparty.io.grpc.stub.ClientCalls.toStatusRuntimeException(ClientCalls.java:233)
	at org.apache.ratis.thirdparty.io.grpc.stub.ClientCalls.getUnchecked(ClientCalls.java:214)
	at org.apache.ratis.thirdparty.io.grpc.stub.ClientCalls.blockingUnaryCall(ClientCalls.java:139)
	at org.apache.ratis.proto.grpc.RaftServerProtocolServiceGrpc$RaftServerProtocolServiceBlockingStub.requestVote(RaftServerProtocolServiceGrpc.java:265)
	at org.apache.ratis.grpc.server.GrpcServerProtocolClient.requestVote(GrpcServerProtocolClient.java:83)
	at org.apache.ratis.grpc.server.GrpcService.requestVote(GrpcService.java:195)
	at org.apache.ratis.server.impl.LeaderElection.lambda$submitRequests$1(LeaderElection.java:237)
	at java.util.concurrent.FutureTask.run(FutureTask.java:266)
	at java.util.concurrent.Executors$RunnableAdapter.call(Executors.java:511)
	at java.util.concurrent.FutureTask.run(FutureTask.java:266)
	at java.util.concurrent.ThreadPoolExecutor.runWorker(ThreadPoolExecutor.java:1149)
	at java.util.concurrent.ThreadPoolExecutor$Worker.run(ThreadPoolExecutor.java:624)
	... 1 more
Caused by: org.apache.ratis.thirdparty.io.netty.channel.AbstractChannel$AnnotatedConnectException: Connection refused: /192.168.157.251:45178
	at sun.nio.ch.SocketChannelImpl.checkConnect(Native Method)
	at sun.nio.ch.SocketChannelImpl.finishConnect(SocketChannelImpl.java:717)
	at org.apache.ratis.thirdparty.io.netty.channel.socket.nio.NioSocketChannel.doFinishConnect(NioSocketChannel.java:327)
	at org.apache.ratis.thirdparty.io.netty.channel.nio.AbstractNioChannel$AbstractNioUnsafe.finishConnect(AbstractNioChannel.java:340)
	at org.apache.ratis.thirdparty.io.netty.channel.nio.NioEventLoop.processSelectedKey(NioEventLoop.java:632)
	at org.apache.ratis.thirdparty.io.netty.channel.nio.NioEventLoop.processSelectedKeysOptimized(NioEventLoop.java:579)
	at org.apache.ratis.thirdparty.io.netty.channel.nio.NioEventLoop.processSelectedKeys(NioEventLoop.java:496)
	at org.apache.ratis.thirdparty.io.netty.channel.nio.NioEventLoop.run(NioEventLoop.java:458)
	at org.apache.ratis.thirdparty.io.netty.util.concurrent.SingleThreadEventExecutor$5.run(SingleThreadEventExecutor.java:897)
	at org.apache.ratis.thirdparty.io.netty.util.concurrent.FastThreadLocalRunnable.run(FastThreadLocalRunnable.java:30)
	... 1 more
Caused by: java.net.ConnectException: Connection refused
	... 11 more
2019-08-21 09:04:18,950 INFO  impl.LeaderElection (LeaderElection.java:logAndReturn(56)) - bf9fc535-e9a8-4527-8a78-1ff9b600d2eb:group-AC25E80A9394:LeaderElection24: Election REJECTED; received 0 response(s) [] and 2 exception(s); bf9fc535-e9a8-4527-8a78-1ff9b600d2eb:t2, leader=null, voted=bf9fc535-e9a8-4527-8a78-1ff9b600d2eb, raftlog=bf9fc535-e9a8-4527-8a78-1ff9b600d2eb-SegmentedRaftLog:OPENED:c0,f0,i0, conf=0: [3da2288a-6198-4d5f-b9de-b237789eac1a:192.168.157.251:45178, bf9fc535-e9a8-4527-8a78-1ff9b600d2eb:192.168.157.251:34230, a25b4cb1-2cd9-4739-87bc-31f2539422aa:192.168.157.251:40382], old=null
2019-08-21 09:04:18,951 INFO  impl.LeaderElection (LogUtils.java:infoOrTrace(149)) -   Exception 0: {}
java.util.concurrent.ExecutionException: org.apache.ratis.thirdparty.io.grpc.StatusRuntimeException: UNAVAILABLE: io exception
	at java.util.concurrent.FutureTask.report(FutureTask.java:122)
	at java.util.concurrent.FutureTask.get(FutureTask.java:192)
	at org.apache.ratis.server.impl.LeaderElection.waitForResults(LeaderElection.java:262)
	at org.apache.ratis.server.impl.LeaderElection.askForVotes(LeaderElection.java:200)
	at org.apache.ratis.server.impl.LeaderElection.run(LeaderElection.java:130)
	at java.lang.Thread.run(Thread.java:748)
Caused by: org.apache.ratis.thirdparty.io.grpc.StatusRuntimeException: UNAVAILABLE: io exception
	at org.apache.ratis.thirdparty.io.grpc.stub.ClientCalls.toStatusRuntimeException(ClientCalls.java:233)
	at org.apache.ratis.thirdparty.io.grpc.stub.ClientCalls.getUnchecked(ClientCalls.java:214)
	at org.apache.ratis.thirdparty.io.grpc.stub.ClientCalls.blockingUnaryCall(ClientCalls.java:139)
	at org.apache.ratis.proto.grpc.RaftServerProtocolServiceGrpc$RaftServerProtocolServiceBlockingStub.requestVote(RaftServerProtocolServiceGrpc.java:265)
	at org.apache.ratis.grpc.server.GrpcServerProtocolClient.requestVote(GrpcServerProtocolClient.java:83)
	at org.apache.ratis.grpc.server.GrpcService.requestVote(GrpcService.java:195)
	at org.apache.ratis.server.impl.LeaderElection.lambda$submitRequests$1(LeaderElection.java:237)
	at java.util.concurrent.FutureTask.run(FutureTask.java:266)
	at java.util.concurrent.Executors$RunnableAdapter.call(Executors.java:511)
	at java.util.concurrent.FutureTask.run(FutureTask.java:266)
	at java.util.concurrent.ThreadPoolExecutor.runWorker(ThreadPoolExecutor.java:1149)
	at java.util.concurrent.ThreadPoolExecutor$Worker.run(ThreadPoolExecutor.java:624)
	... 1 more
Caused by: org.apache.ratis.thirdparty.io.netty.channel.AbstractChannel$AnnotatedConnectException: Connection refused: /192.168.157.251:40382
	at sun.nio.ch.SocketChannelImpl.checkConnect(Native Method)
	at sun.nio.ch.SocketChannelImpl.finishConnect(SocketChannelImpl.java:717)
	at org.apache.ratis.thirdparty.io.netty.channel.socket.nio.NioSocketChannel.doFinishConnect(NioSocketChannel.java:327)
	at org.apache.ratis.thirdparty.io.netty.channel.nio.AbstractNioChannel$AbstractNioUnsafe.finishConnect(AbstractNioChannel.java:340)
	at org.apache.ratis.thirdparty.io.netty.channel.nio.NioEventLoop.processSelectedKey(NioEventLoop.java:632)
	at org.apache.ratis.thirdparty.io.netty.channel.nio.NioEventLoop.processSelectedKeysOptimized(NioEventLoop.java:579)
	at org.apache.ratis.thirdparty.io.netty.channel.nio.NioEventLoop.processSelectedKeys(NioEventLoop.java:496)
	at org.apache.ratis.thirdparty.io.netty.channel.nio.NioEventLoop.run(NioEventLoop.java:458)
	at org.apache.ratis.thirdparty.io.netty.util.concurrent.SingleThreadEventExecutor$5.run(SingleThreadEventExecutor.java:897)
	at org.apache.ratis.thirdparty.io.netty.util.concurrent.FastThreadLocalRunnable.run(FastThreadLocalRunnable.java:30)
	... 1 more
Caused by: java.net.ConnectException: Connection refused
	... 11 more
2019-08-21 09:04:18,952 INFO  impl.LeaderElection (LogUtils.java:infoOrTrace(149)) -   Exception 1: {}
java.util.concurrent.ExecutionException: org.apache.ratis.thirdparty.io.grpc.StatusRuntimeException: UNAVAILABLE: io exception
	at java.util.concurrent.FutureTask.report(FutureTask.java:122)
	at java.util.concurrent.FutureTask.get(FutureTask.java:192)
	at org.apache.ratis.server.impl.LeaderElection.waitForResults(LeaderElection.java:262)
	at org.apache.ratis.server.impl.LeaderElection.askForVotes(LeaderElection.java:200)
	at org.apache.ratis.server.impl.LeaderElection.run(LeaderElection.java:130)
	at java.lang.Thread.run(Thread.java:748)
Caused by: org.apache.ratis.thirdparty.io.grpc.StatusRuntimeException: UNAVAILABLE: io exception
	at org.apache.ratis.thirdparty.io.grpc.stub.ClientCalls.toStatusRuntimeException(ClientCalls.java:233)
	at org.apache.ratis.thirdparty.io.grpc.stub.ClientCalls.getUnchecked(ClientCalls.java:214)
	at org.apache.ratis.thirdparty.io.grpc.stub.ClientCalls.blockingUnaryCall(ClientCalls.java:139)
	at org.apache.ratis.proto.grpc.RaftServerProtocolServiceGrpc$RaftServerProtocolServiceBlockingStub.requestVote(RaftServerProtocolServiceGrpc.java:265)
	at org.apache.ratis.grpc.server.GrpcServerProtocolClient.requestVote(GrpcServerProtocolClient.java:83)
	at org.apache.ratis.grpc.server.GrpcService.requestVote(GrpcService.java:195)
	at org.apache.ratis.server.impl.LeaderElection.lambda$submitRequests$1(LeaderElection.java:237)
	at java.util.concurrent.FutureTask.run(FutureTask.java:266)
	at java.util.concurrent.Executors$RunnableAdapter.call(Executors.java:511)
	at java.util.concurrent.FutureTask.run(FutureTask.java:266)
	at java.util.concurrent.ThreadPoolExecutor.runWorker(ThreadPoolExecutor.java:1149)
	at java.util.concurrent.ThreadPoolExecutor$Worker.run(ThreadPoolExecutor.java:624)
	... 1 more
Caused by: org.apache.ratis.thirdparty.io.netty.channel.AbstractChannel$AnnotatedConnectException: Connection refused: /192.168.157.251:45178
	at sun.nio.ch.SocketChannelImpl.checkConnect(Native Method)
	at sun.nio.ch.SocketChannelImpl.finishConnect(SocketChannelImpl.java:717)
	at org.apache.ratis.thirdparty.io.netty.channel.socket.nio.NioSocketChannel.doFinishConnect(NioSocketChannel.java:327)
	at org.apache.ratis.thirdparty.io.netty.channel.nio.AbstractNioChannel$AbstractNioUnsafe.finishConnect(AbstractNioChannel.java:340)
	at org.apache.ratis.thirdparty.io.netty.channel.nio.NioEventLoop.processSelectedKey(NioEventLoop.java:632)
	at org.apache.ratis.thirdparty.io.netty.channel.nio.NioEventLoop.processSelectedKeysOptimized(NioEventLoop.java:579)
	at org.apache.ratis.thirdparty.io.netty.channel.nio.NioEventLoop.processSelectedKeys(NioEventLoop.java:496)
	at org.apache.ratis.thirdparty.io.netty.channel.nio.NioEventLoop.run(NioEventLoop.java:458)
	at org.apache.ratis.thirdparty.io.netty.util.concurrent.SingleThreadEventExecutor$5.run(SingleThreadEventExecutor.java:897)
	at org.apache.ratis.thirdparty.io.netty.util.concurrent.FastThreadLocalRunnable.run(FastThreadLocalRunnable.java:30)
	... 1 more
Caused by: java.net.ConnectException: Connection refused
	... 11 more
2019-08-21 09:04:18,953 INFO  impl.RaftServerImpl (RaftServerImpl.java:setRole(171)) - bf9fc535-e9a8-4527-8a78-1ff9b600d2eb:group-AC25E80A9394 changes role from CANDIDATE to FOLLOWER at term 2 for DISCOVERED_A_NEW_TERM
2019-08-21 09:04:18,953 INFO  impl.RoleInfo (RoleInfo.java:shutdownLeaderElection(134)) - bf9fc535-e9a8-4527-8a78-1ff9b600d2eb: shutdown LeaderElection
2019-08-21 09:04:18,953 INFO  impl.RoleInfo (RoleInfo.java:updateAndGet(143)) - bf9fc535-e9a8-4527-8a78-1ff9b600d2eb: start FollowerState
2019-08-21 09:04:19,428 INFO  statemachine.DatanodeStateMachine (DatanodeStateMachine.java:lambda$startDaemon$0(350)) - Ozone container server started.
2019-08-21 09:04:23,760 INFO  ozoneimpl.OzoneContainer (OzoneContainer.java:stop(199)) - Attempting to stop container services.
2019-08-21 09:04:23,761 INFO  impl.RaftServerProxy (RaftServerProxy.java:lambda$close$4(314)) - bf9fc535-e9a8-4527-8a78-1ff9b600d2eb: close
2019-08-21 09:04:23,761 INFO  impl.RaftServerImpl (RaftServerImpl.java:lambda$shutdown$3(245)) - bf9fc535-e9a8-4527-8a78-1ff9b600d2eb: shutdown group-AC25E80A9394
2019-08-21 09:04:23,762 INFO  util.JmxRegister (JmxRegister.java:unregister(73)) - Successfully un-registered JMX Bean with object name Ratis:service=RaftServer,group=group-AC25E80A9394,id=bf9fc535-e9a8-4527-8a78-1ff9b600d2eb
2019-08-21 09:04:23,762 INFO  impl.RoleInfo (RoleInfo.java:shutdownFollowerState(121)) - bf9fc535-e9a8-4527-8a78-1ff9b600d2eb: shutdown FollowerState
2019-08-21 09:04:23,763 INFO  impl.StateMachineUpdater (StateMachineUpdater.java:stopAndJoin(115)) - StateMachineUpdater:bf9fc535-e9a8-4527-8a78-1ff9b600d2eb:group-AC25E80A9394: set stopIndex = 0
2019-08-21 09:04:23,763 INFO  impl.FollowerState (FollowerState.java:run(114)) - bf9fc535-e9a8-4527-8a78-1ff9b600d2eb: FollowerState was interrupted: java.lang.InterruptedException: sleep interrupted
2019-08-21 09:04:23,763 INFO  impl.RaftServerImpl (ServerState.java:close(394)) - bf9fc535-e9a8-4527-8a78-1ff9b600d2eb:group-AC25E80A9394 closes. The last applied log index is 0
2019-08-21 09:04:23,765 INFO  segmented.SegmentedRaftLogWorker (SegmentedRaftLogWorker.java:run(313)) - bf9fc535-e9a8-4527-8a78-1ff9b600d2eb-SegmentedRaftLogWorker:Storage Directory /workdir/hadoop-ozone/integration-test/target/test-dir/MiniOzoneClusterImpl-99126c74-8a49-4d65-9125-af5d1c669fa0/datanode-5/data/ratis/548f426d-6be0-40e1-b7cd-ac25e80a9394 was interrupted, exiting. There are 0 tasks remaining in the queue.
2019-08-21 09:04:23,766 INFO  segmented.SegmentedRaftLogWorker (SegmentedRaftLogWorker.java:close(228)) - bf9fc535-e9a8-4527-8a78-1ff9b600d2eb-SegmentedRaftLogWorker:Storage Directory /workdir/hadoop-ozone/integration-test/target/test-dir/MiniOzoneClusterImpl-99126c74-8a49-4d65-9125-af5d1c669fa0/datanode-5/data/ratis/548f426d-6be0-40e1-b7cd-ac25e80a9394 close()
2019-08-21 09:04:23,766 INFO  impl.RaftServerImpl (RaftServerImpl.java:lambda$shutdown$3(245)) - bf9fc535-e9a8-4527-8a78-1ff9b600d2eb: shutdown group-641DF9F6E236
2019-08-21 09:04:23,767 INFO  util.JmxRegister (JmxRegister.java:unregister(73)) - Successfully un-registered JMX Bean with object name Ratis:service=RaftServer,group=group-641DF9F6E236,id=bf9fc535-e9a8-4527-8a78-1ff9b600d2eb
2019-08-21 09:04:23,767 INFO  impl.RoleInfo (RoleInfo.java:shutdownLeaderState(104)) - bf9fc535-e9a8-4527-8a78-1ff9b600d2eb: shutdown LeaderState
2019-08-21 09:04:23,768 INFO  impl.PendingRequests (PendingRequests.java:sendNotLeaderResponses(202)) - bf9fc535-e9a8-4527-8a78-1ff9b600d2eb-PendingRequests: sendNotLeaderResponses
2019-08-21 09:04:23,768 INFO  impl.StateMachineUpdater (StateMachineUpdater.java:stopAndJoin(115)) - StateMachineUpdater:bf9fc535-e9a8-4527-8a78-1ff9b600d2eb:group-641DF9F6E236: set stopIndex = 0
2019-08-21 09:04:23,768 INFO  impl.RaftServerImpl (ServerState.java:close(394)) - bf9fc535-e9a8-4527-8a78-1ff9b600d2eb:group-641DF9F6E236 closes. The last applied log index is 0
2019-08-21 09:04:23,769 INFO  segmented.SegmentedRaftLogWorker (SegmentedRaftLogWorker.java:run(313)) - bf9fc535-e9a8-4527-8a78-1ff9b600d2eb-SegmentedRaftLogWorker:Storage Directory /workdir/hadoop-ozone/integration-test/target/test-dir/MiniOzoneClusterImpl-99126c74-8a49-4d65-9125-af5d1c669fa0/datanode-5/data/ratis/8dd29c77-7b70-4ae8-ac36-641df9f6e236 was interrupted, exiting. There are 0 tasks remaining in the queue.
2019-08-21 09:04:23,769 INFO  segmented.SegmentedRaftLogWorker (SegmentedRaftLogWorker.java:close(228)) - bf9fc535-e9a8-4527-8a78-1ff9b600d2eb-SegmentedRaftLogWorker:Storage Directory /workdir/hadoop-ozone/integration-test/target/test-dir/MiniOzoneClusterImpl-99126c74-8a49-4d65-9125-af5d1c669fa0/datanode-5/data/ratis/8dd29c77-7b70-4ae8-ac36-641df9f6e236 close()
2019-08-21 09:04:23,770 INFO  server.GrpcService (GrpcService.java:closeImpl(155)) - bf9fc535-e9a8-4527-8a78-1ff9b600d2eb: shutdown server with port 34230 now
2019-08-21 09:04:23,772 INFO  server.GrpcService (GrpcService.java:closeImpl(163)) - bf9fc535-e9a8-4527-8a78-1ff9b600d2eb: shutdown server with port 34230 successfully
2019-08-21 09:04:23,773 INFO  utils.BackgroundService (BackgroundService.java:shutdown(148)) - Shutting down service BlockDeletingService
2019-08-21 09:04:23,775 WARN  fs.CachingGetSpaceUsed (CachingGetSpaceUsed.java:run(183)) - Thread Interrupted waiting to refresh disk information: sleep interrupted
2019-08-21 09:04:23,798 INFO  statemachine.DatanodeStateMachine (DatanodeStateMachine.java:stopDaemon(395)) - Ozone container server stopped.
2019-08-21 09:04:23,800 INFO  handler.ContextHandler (ContextHandler.java:doStop(910)) - Stopped o.e.j.w.WebAppContext@6fe5da76{/,null,UNAVAILABLE}{/hddsDatanode}
2019-08-21 09:04:23,801 INFO  server.AbstractConnector (AbstractConnector.java:doStop(318)) - Stopped ServerConnector@77d95e5a{HTTP/1.1,[http/1.1]}{0.0.0.0:0}
2019-08-21 09:04:23,801 INFO  handler.ContextHandler (ContextHandler.java:doStop(910)) - Stopped o.e.j.s.ServletContextHandler@4a0c3aa8{/static,jar:file:/home/user/.m2/repository/org/apache/hadoop/hadoop-hdds-container-service/0.5.0-SNAPSHOT/hadoop-hdds-container-service-0.5.0-SNAPSHOT.jar!/webapps/static,UNAVAILABLE}
2019-08-21 09:04:23,802 INFO  handler.ContextHandler (ContextHandler.java:doStop(910)) - Stopped o.e.j.s.ServletContextHandler@445b85d7{/logs,file:///workdir/hadoop-ozone/integration-test/target/log,UNAVAILABLE}
2019-08-21 09:04:23,803 INFO  ozone.MiniOzoneClusterImpl (MiniOzoneClusterImpl.java:stop(353)) - Stopping the StorageContainerManager
2019-08-21 09:04:23,803 INFO  server.StorageContainerManager (StorageContainerManager.java:stop(797)) - Stopping Replication Manager Service.
2019-08-21 09:04:23,804 INFO  container.ReplicationManager (ReplicationManager.java:stop(187)) - Stopping Replication Monitor Thread.
2019-08-21 09:04:23,804 INFO  server.StorageContainerManager (StorageContainerManager.java:stop(804)) - Stopping Lease Manager of the command watchers
2019-08-21 09:04:23,804 INFO  server.StorageContainerManager (StorageContainerManager.java:stop(811)) - Stopping datanode service RPC server
2019-08-21 09:04:23,804 INFO  server.SCMDatanodeProtocolServer (SCMDatanodeProtocolServer.java:stop(367)) - Stopping the RPC server for DataNodes
2019-08-21 09:04:23,804 INFO  ipc.Server (Server.java:stop(3082)) - Stopping server on 44626
2019-08-21 09:04:23,806 INFO  ipc.Server (Server.java:run(1185)) - Stopping IPC Server listener on 44626
2019-08-21 09:04:23,807 INFO  ipc.Server (Server.java:run(1319)) - Stopping IPC Server Responder
2019-08-21 09:04:23,833 WARN  node.NodeStateManager (NodeStateManager.java:scheduleNextHealthCheck(646)) - Current Thread is interrupted, shutting down HB processing thread for Node Manager.
2019-08-21 09:04:23,833 INFO  server.StorageContainerManager (StorageContainerManager.java:stop(819)) - Stopping block service RPC server
2019-08-21 09:04:23,833 INFO  server.SCMBlockProtocolServer (SCMBlockProtocolServer.java:stop(148)) - Stopping the RPC server for Block Protocol
2019-08-21 09:04:23,834 INFO  ipc.Server (Server.java:stop(3082)) - Stopping server on 46022
2019-08-21 09:04:23,835 INFO  server.StorageContainerManager (StorageContainerManager.java:stop(826)) - Stopping the StorageContainerLocationProtocol RPC server
2019-08-21 09:04:23,836 INFO  ipc.Server (Server.java:run(1185)) - Stopping IPC Server listener on 46022
2019-08-21 09:04:23,837 INFO  ipc.Server (Server.java:run(1319)) - Stopping IPC Server Responder
2019-08-21 09:04:23,837 INFO  server.SCMClientProtocolServer (SCMClientProtocolServer.java:stop(159)) - Stopping the RPC server for Client Protocol
2019-08-21 09:04:23,837 INFO  ipc.Server (Server.java:stop(3082)) - Stopping server on 45818
2019-08-21 09:04:23,839 INFO  server.StorageContainerManager (StorageContainerManager.java:stop(833)) - Stopping Storage Container Manager HTTP server.
2019-08-21 09:04:23,839 INFO  ipc.Server (Server.java:run(1185)) - Stopping IPC Server listener on 45818
2019-08-21 09:04:23,839 INFO  ipc.Server (Server.java:run(1319)) - Stopping IPC Server Responder
2019-08-21 09:04:23,841 INFO  handler.ContextHandler (ContextHandler.java:doStop(910)) - Stopped o.e.j.w.WebAppContext@1570cad0{/,null,UNAVAILABLE}{/scm}
2019-08-21 09:04:23,841 INFO  server.AbstractConnector (AbstractConnector.java:doStop(318)) - Stopped ServerConnector@21090c88{HTTP/1.1,[http/1.1]}{0.0.0.0:0}
2019-08-21 09:04:23,842 INFO  handler.ContextHandler (ContextHandler.java:doStop(910)) - Stopped o.e.j.s.ServletContextHandler@be6d228{/static,file:///workdir/hadoop-ozone/integration-test/target/test-classes/webapps/static,UNAVAILABLE}
2019-08-21 09:04:23,842 INFO  handler.ContextHandler (ContextHandler.java:doStop(910)) - Stopped o.e.j.s.ServletContextHandler@15c16f19{/logs,file:///workdir/hadoop-ozone/integration-test/target/log,UNAVAILABLE}
2019-08-21 09:04:23,843 INFO  server.StorageContainerManager (StorageContainerManager.java:stop(844)) - Stopping Block Manager Service.
2019-08-21 09:04:23,843 INFO  utils.BackgroundService (BackgroundService.java:shutdown(148)) - Shutting down service SCMBlockDeletingService
2019-08-21 09:04:23,844 INFO  utils.BackgroundService (BackgroundService.java:shutdown(148)) - Shutting down service SCMBlockDeletingService
2019-08-21 09:04:23,844 INFO  server.StorageContainerManager (StorageContainerManager.java:stop(866)) - Stopping SCM Event Queue.
2019-08-21 09:04:23,849 INFO  impl.MetricsSystemImpl (MetricsSystemImpl.java:stop(210)) - Stopping HddsDatanode metrics system...
2019-08-21 09:04:23,856 INFO  impl.MetricsSystemImpl (MetricsSystemImpl.java:stop(216)) - HddsDatanode metrics system stopped.
]]></system-out>
    <system-err><![CDATA[Aug 21, 2019 9:03:52 AM com.sun.jersey.server.impl.application.WebApplicationImpl _initiate
INFO: Initiating Jersey application, version 'Jersey: 1.19 02/11/2015 03:25 AM'
Aug 21, 2019 9:03:53 AM com.sun.jersey.server.impl.application.WebApplicationImpl _initiate
INFO: Initiating Jersey application, version 'Jersey: 1.19 02/11/2015 03:25 AM'
Aug 21, 2019 9:03:53 AM com.sun.jersey.server.impl.application.WebApplicationImpl _initiate
INFO: Initiating Jersey application, version 'Jersey: 1.19 02/11/2015 03:25 AM'
Aug 21, 2019 9:03:53 AM com.sun.jersey.server.impl.application.WebApplicationImpl _initiate
INFO: Initiating Jersey application, version 'Jersey: 1.19 02/11/2015 03:25 AM'
Aug 21, 2019 9:03:53 AM com.sun.jersey.server.impl.application.WebApplicationImpl _initiate
INFO: Initiating Jersey application, version 'Jersey: 1.19 02/11/2015 03:25 AM'
Aug 21, 2019 9:03:54 AM com.sun.jersey.server.impl.application.WebApplicationImpl _initiate
INFO: Initiating Jersey application, version 'Jersey: 1.19 02/11/2015 03:25 AM'
Aug 21, 2019 9:03:54 AM com.sun.jersey.server.impl.application.WebApplicationImpl _initiate
INFO: Initiating Jersey application, version 'Jersey: 1.19 02/11/2015 03:25 AM'
]]></system-err>
  </testcase>
</testsuite>