<?xml version="1.0" encoding="UTF-8"?>
<testsuite xmlns:xsi="http://www.w3.org/2001/XMLSchema-instance" xsi:noNamespaceSchemaLocation="https://maven.apache.org/surefire/maven-surefire-plugin/xsd/surefire-test-report.xsd" name="org.apache.hadoop.ozone.client.rpc.Test2WayCommitInRatis" time="34.362" tests="1" errors="1" skipped="0" failures="0">
  <properties>
    <property name="awt.toolkit" value="sun.awt.X11.XToolkit"/>
    <property name="file.encoding.pkg" value="sun.io"/>
    <property name="java.specification.version" value="1.8"/>
    <property name="sun.cpu.isalist" value=""/>
    <property name="sun.jnu.encoding" value="UTF-8"/>
    <property name="java.class.path" value="/workdir/hadoop-ozone/integration-test/target/test-classes:/workdir/hadoop-ozone/integration-test/target/classes:/home/user/.m2/repository/org/apache/hadoop/hadoop-ozone-common/0.5.0-SNAPSHOT/hadoop-ozone-common-0.5.0-SNAPSHOT.jar:/home/user/.m2/repository/org/apache/commons/commons-compress/1.4.1/commons-compress-1.4.1.jar:/home/user/.m2/repository/org/tukaani/xz/1.0/xz-1.0.jar:/home/user/.m2/repository/org/apache/hadoop/hadoop-common/3.2.0/hadoop-common-3.2.0.jar:/home/user/.m2/repository/org/apache/hadoop/hadoop-hdfs/3.2.0/hadoop-hdfs-3.2.0.jar:/home/user/.m2/repository/org/apache/hadoop/hadoop-hdfs-client/3.2.0/hadoop-hdfs-client-3.2.0.jar:/home/user/.m2/repository/com/fasterxml/jackson/core/jackson-annotations/2.9.5/jackson-annotations-2.9.5.jar:/home/user/.m2/repository/org/apache/hadoop/hadoop-hdds-common/0.5.0-SNAPSHOT/hadoop-hdds-common-0.5.0-SNAPSHOT.jar:/home/user/.m2/repository/javax/annotation/javax.annotation-api/1.2/javax.annotation-api-1.2.jar:/home/user/.m2/repository/org/apache/ratis/ratis-server/0.4.0-2337318-SNAPSHOT/ratis-server-0.4.0-2337318-SNAPSHOT.jar:/home/user/.m2/repository/org/apache/ratis/ratis-thirdparty-misc/0.2.0/ratis-thirdparty-misc-0.2.0.jar:/home/user/.m2/repository/org/apache/ratis/ratis-proto/0.4.0-2337318-SNAPSHOT/ratis-proto-0.4.0-2337318-SNAPSHOT.jar:/home/user/.m2/repository/org/apache/ratis/ratis-common/0.4.0-2337318-SNAPSHOT/ratis-common-0.4.0-2337318-SNAPSHOT.jar:/home/user/.m2/repository/org/apache/ratis/ratis-client/0.4.0-2337318-SNAPSHOT/ratis-client-0.4.0-2337318-SNAPSHOT.jar:/home/user/.m2/repository/org/apache/ratis/ratis-metrics/0.4.0-2337318-SNAPSHOT/ratis-metrics-0.4.0-2337318-SNAPSHOT.jar:/home/user/.m2/repository/org/apache/ratis/ratis-netty/0.4.0-2337318-SNAPSHOT/ratis-netty-0.4.0-2337318-SNAPSHOT.jar:/home/user/.m2/repository/org/apache/ratis/ratis-grpc/0.4.0-2337318-SNAPSHOT/ratis-grpc-0.4.0-2337318-SNAPSHOT.jar:/home/user/.m2/repository/org/rocksdb/rocksdbjni/6.0.1/rocksdbjni-6.0.1.jar:/home/user/.m2/repository/org/apache/logging/log4j/log4j-api/2.11.0/log4j-api-2.11.0.jar:/home/user/.m2/repository/org/apache/logging/log4j/log4j-core/2.11.0/log4j-core-2.11.0.jar:/home/user/.m2/repository/com/lmax/disruptor/3.4.2/disruptor-3.4.2.jar:/home/user/.m2/repository/org/apache/commons/commons-pool2/2.6.0/commons-pool2-2.6.0.jar:/home/user/.m2/repository/org/bouncycastle/bcpkix-jdk15on/1.60/bcpkix-jdk15on-1.60.jar:/home/user/.m2/repository/commons-validator/commons-validator/1.6/commons-validator-1.6.jar:/home/user/.m2/repository/commons-digester/commons-digester/1.8.1/commons-digester-1.8.1.jar:/home/user/.m2/repository/io/jaegertracing/jaeger-client/0.33.1/jaeger-client-0.33.1.jar:/home/user/.m2/repository/io/jaegertracing/jaeger-thrift/0.33.1/jaeger-thrift-0.33.1.jar:/home/user/.m2/repository/org/apache/thrift/libthrift/0.11.0/libthrift-0.11.0.jar:/home/user/.m2/repository/com/squareup/okhttp3/okhttp/3.9.0/okhttp-3.9.0.jar:/home/user/.m2/repository/com/squareup/okio/okio/1.13.0/okio-1.13.0.jar:/home/user/.m2/repository/io/jaegertracing/jaeger-core/0.33.1/jaeger-core-0.33.1.jar:/home/user/.m2/repository/io/jaegertracing/jaeger-tracerresolver/0.33.1/jaeger-tracerresolver-0.33.1.jar:/home/user/.m2/repository/io/opentracing/contrib/opentracing-tracerresolver/0.1.5/opentracing-tracerresolver-0.1.5.jar:/home/user/.m2/repository/io/opentracing/opentracing-util/0.31.0/opentracing-util-0.31.0.jar:/home/user/.m2/repository/io/opentracing/opentracing-api/0.31.0/opentracing-api-0.31.0.jar:/home/user/.m2/repository/io/opentracing/opentracing-noop/0.31.0/opentracing-noop-0.31.0.jar:/home/user/.m2/repository/org/apache/hadoop/hadoop-hdds-server-framework/0.5.0-SNAPSHOT/hadoop-hdds-server-framework-0.5.0-SNAPSHOT.jar:/home/user/.m2/repository/org/apache/hadoop/hadoop-hdds-container-service/0.5.0-SNAPSHOT/hadoop-hdds-container-service-0.5.0-SNAPSHOT.jar:/home/user/.m2/repository/org/apache/hadoop/hadoop-hdds-client/0.5.0-SNAPSHOT/hadoop-hdds-client-0.5.0-SNAPSHOT.jar:/home/user/.m2/repository/org/apache/hadoop/hadoop-hdds-tools/0.5.0-SNAPSHOT/hadoop-hdds-tools-0.5.0-SNAPSHOT.jar:/home/user/.m2/repository/org/apache/hadoop/hadoop-hdds-server-scm/0.5.0-SNAPSHOT/hadoop-hdds-server-scm-0.5.0-SNAPSHOT.jar:/home/user/.m2/repository/org/apache/hadoop/hadoop-hdds-docs/0.5.0-SNAPSHOT/hadoop-hdds-docs-0.5.0-SNAPSHOT.jar:/home/user/.m2/repository/io/dropwizard/metrics/metrics-core/3.2.4/metrics-core-3.2.4.jar:/home/user/.m2/repository/org/hamcrest/hamcrest-all/1.3/hamcrest-all-1.3.jar:/home/user/.m2/repository/org/bouncycastle/bcprov-jdk15on/1.60/bcprov-jdk15on-1.60.jar:/home/user/.m2/repository/info/picocli/picocli/3.9.6/picocli-3.9.6.jar:/home/user/.m2/repository/com/google/protobuf/protobuf-java/2.5.0/protobuf-java-2.5.0.jar:/home/user/.m2/repository/com/google/guava/guava/11.0.2/guava-11.0.2.jar:/home/user/.m2/repository/org/apache/hadoop/hadoop-ozone-ozone-manager/0.5.0-SNAPSHOT/hadoop-ozone-ozone-manager-0.5.0-SNAPSHOT.jar:/home/user/.m2/repository/org/apache/hadoop/hadoop-minikdc/3.2.0/hadoop-minikdc-3.2.0.jar:/home/user/.m2/repository/commons-io/commons-io/2.5/commons-io-2.5.jar:/home/user/.m2/repository/org/apache/kerby/kerb-simplekdc/1.0.1/kerb-simplekdc-1.0.1.jar:/home/user/.m2/repository/org/apache/kerby/kerb-client/1.0.1/kerb-client-1.0.1.jar:/home/user/.m2/repository/org/apache/kerby/kerby-config/1.0.1/kerby-config-1.0.1.jar:/home/user/.m2/repository/org/apache/kerby/kerb-core/1.0.1/kerb-core-1.0.1.jar:/home/user/.m2/repository/org/apache/kerby/kerby-pkix/1.0.1/kerby-pkix-1.0.1.jar:/home/user/.m2/repository/org/apache/kerby/kerby-asn1/1.0.1/kerby-asn1-1.0.1.jar:/home/user/.m2/repository/org/apache/kerby/kerby-util/1.0.1/kerby-util-1.0.1.jar:/home/user/.m2/repository/org/apache/kerby/kerb-common/1.0.1/kerb-common-1.0.1.jar:/home/user/.m2/repository/org/apache/kerby/kerb-crypto/1.0.1/kerb-crypto-1.0.1.jar:/home/user/.m2/repository/org/apache/kerby/kerb-util/1.0.1/kerb-util-1.0.1.jar:/home/user/.m2/repository/org/apache/kerby/token-provider/1.0.1/token-provider-1.0.1.jar:/home/user/.m2/repository/org/apache/kerby/kerb-admin/1.0.1/kerb-admin-1.0.1.jar:/home/user/.m2/repository/org/apache/kerby/kerb-server/1.0.1/kerb-server-1.0.1.jar:/home/user/.m2/repository/org/apache/kerby/kerb-identity/1.0.1/kerb-identity-1.0.1.jar:/home/user/.m2/repository/org/apache/kerby/kerby-xdr/1.0.1/kerby-xdr-1.0.1.jar:/home/user/.m2/repository/org/slf4j/slf4j-log4j12/1.7.25/slf4j-log4j12-1.7.25.jar:/home/user/.m2/repository/org/apache/hadoop/hadoop-ozone-objectstore-service/0.5.0-SNAPSHOT/hadoop-ozone-objectstore-service-0.5.0-SNAPSHOT.jar:/home/user/.m2/repository/org/apache/hadoop/hadoop-ozone-s3gateway/0.5.0-SNAPSHOT/hadoop-ozone-s3gateway-0.5.0-SNAPSHOT.jar:/home/user/.m2/repository/org/jboss/weld/servlet/weld-servlet/2.4.7.Final/weld-servlet-2.4.7.Final.jar:/home/user/.m2/repository/org/glassfish/jersey/containers/jersey-container-servlet-core/2.27/jersey-container-servlet-core-2.27.jar:/home/user/.m2/repository/org/glassfish/hk2/external/javax.inject/2.5.0-b42/javax.inject-2.5.0-b42.jar:/home/user/.m2/repository/org/glassfish/jersey/core/jersey-common/2.27/jersey-common-2.27.jar:/home/user/.m2/repository/org/glassfish/hk2/osgi-resource-locator/1.0.1/osgi-resource-locator-1.0.1.jar:/home/user/.m2/repository/javax/ws/rs/javax.ws.rs-api/2.1/javax.ws.rs-api-2.1.jar:/home/user/.m2/repository/org/glassfish/jersey/ext/cdi/jersey-cdi1x/2.27/jersey-cdi1x-2.27.jar:/home/user/.m2/repository/org/glassfish/jersey/inject/jersey-hk2/2.27/jersey-hk2-2.27.jar:/home/user/.m2/repository/org/glassfish/hk2/hk2-locator/2.5.0-b42/hk2-locator-2.5.0-b42.jar:/home/user/.m2/repository/org/javassist/javassist/3.22.0-CR2/javassist-3.22.0-CR2.jar:/home/user/.m2/repository/org/glassfish/hk2/hk2-api/2.5.0/hk2-api-2.5.0.jar:/home/user/.m2/repository/org/glassfish/hk2/external/jakarta.inject/2.5.0/jakarta.inject-2.5.0.jar:/home/user/.m2/repository/org/glassfish/hk2/hk2-utils/2.5.0/hk2-utils-2.5.0.jar:/home/user/.m2/repository/jakarta/annotation/jakarta.annotation-api/1.3.4/jakarta.annotation-api-1.3.4.jar:/home/user/.m2/repository/org/glassfish/hk2/external/aopalliance-repackaged/2.5.0/aopalliance-repackaged-2.5.0.jar:/home/user/.m2/repository/com/fasterxml/jackson/dataformat/jackson-dataformat-xml/2.9.0/jackson-dataformat-xml-2.9.0.jar:/home/user/.m2/repository/com/fasterxml/jackson/core/jackson-core/2.9.5/jackson-core-2.9.5.jar:/home/user/.m2/repository/com/fasterxml/jackson/module/jackson-module-jaxb-annotations/2.9.5/jackson-module-jaxb-annotations-2.9.5.jar:/home/user/.m2/repository/javax/enterprise/cdi-api/1.2/cdi-api-1.2.jar:/home/user/.m2/repository/javax/el/javax.el-api/3.0.0/javax.el-api-3.0.0.jar:/home/user/.m2/repository/javax/interceptor/javax.interceptor-api/1.2/javax.interceptor-api-1.2.jar:/home/user/.m2/repository/javax/inject/javax.inject/1/javax.inject-1.jar:/home/user/.m2/repository/com/sun/xml/bind/jaxb-impl/2.3.0.1/jaxb-impl-2.3.0.1.jar:/home/user/.m2/repository/com/sun/xml/bind/jaxb-core/2.3.0.1/jaxb-core-2.3.0.1.jar:/home/user/.m2/repository/javax/xml/bind/jaxb-api/2.3.0/jaxb-api-2.3.0.jar:/home/user/.m2/repository/javax/activation/activation/1.1.1/activation-1.1.1.jar:/home/user/.m2/repository/org/apache/hadoop/hadoop-ozone-csi/0.5.0-SNAPSHOT/hadoop-ozone-csi-0.5.0-SNAPSHOT.jar:/home/user/.m2/repository/com/google/protobuf/protobuf-java-util/3.5.1/protobuf-java-util-3.5.1.jar:/home/user/.m2/repository/org/apache/hadoop/hadoop-hdds-config/0.5.0-SNAPSHOT/hadoop-hdds-config-0.5.0-SNAPSHOT.jar:/home/user/.m2/repository/io/grpc/grpc-netty/1.17.1/grpc-netty-1.17.1.jar:/home/user/.m2/repository/io/grpc/grpc-core/1.17.1/grpc-core-1.17.1.jar:/home/user/.m2/repository/io/grpc/grpc-context/1.17.1/grpc-context-1.17.1.jar:/home/user/.m2/repository/com/google/errorprone/error_prone_annotations/2.2.0/error_prone_annotations-2.2.0.jar:/home/user/.m2/repository/org/codehaus/mojo/animal-sniffer-annotations/1.17/animal-sniffer-annotations-1.17.jar:/home/user/.m2/repository/io/opencensus/opencensus-api/0.17.0/opencensus-api-0.17.0.jar:/home/user/.m2/repository/io/opencensus/opencensus-contrib-grpc-metrics/0.17.0/opencensus-contrib-grpc-metrics-0.17.0.jar:/home/user/.m2/repository/io/netty/netty-codec-http2/4.1.30.Final/netty-codec-http2-4.1.30.Final.jar:/home/user/.m2/repository/io/netty/netty-codec-http/4.1.30.Final/netty-codec-http-4.1.30.Final.jar:/home/user/.m2/repository/io/netty/netty-codec/4.1.30.Final/netty-codec-4.1.30.Final.jar:/home/user/.m2/repository/io/netty/netty-handler/4.1.30.Final/netty-handler-4.1.30.Final.jar:/home/user/.m2/repository/io/netty/netty-handler-proxy/4.1.30.Final/netty-handler-proxy-4.1.30.Final.jar:/home/user/.m2/repository/io/netty/netty-codec-socks/4.1.30.Final/netty-codec-socks-4.1.30.Final.jar:/home/user/.m2/repository/io/netty/netty-transport-native-epoll/4.1.30.Final/netty-transport-native-epoll-4.1.30.Final.jar:/home/user/.m2/repository/io/netty/netty-common/4.1.30.Final/netty-common-4.1.30.Final.jar:/home/user/.m2/repository/io/netty/netty-buffer/4.1.30.Final/netty-buffer-4.1.30.Final.jar:/home/user/.m2/repository/io/netty/netty-transport/4.1.30.Final/netty-transport-4.1.30.Final.jar:/home/user/.m2/repository/io/netty/netty-resolver/4.1.30.Final/netty-resolver-4.1.30.Final.jar:/home/user/.m2/repository/io/netty/netty-transport-native-unix-common/4.1.30.Final/netty-transport-native-unix-common-4.1.30.Final.jar:/home/user/.m2/repository/io/grpc/grpc-protobuf/1.17.1/grpc-protobuf-1.17.1.jar:/home/user/.m2/repository/com/google/api/grpc/proto-google-common-protos/1.0.0/proto-google-common-protos-1.0.0.jar:/home/user/.m2/repository/io/grpc/grpc-protobuf-lite/1.17.1/grpc-protobuf-lite-1.17.1.jar:/home/user/.m2/repository/io/grpc/grpc-stub/1.17.1/grpc-stub-1.17.1.jar:/home/user/.m2/repository/org/apache/hadoop/hadoop-ozone-recon/0.5.0-SNAPSHOT/hadoop-ozone-recon-0.5.0-SNAPSHOT.jar:/home/user/.m2/repository/org/apache/hadoop/hadoop-ozone-reconcodegen/0.5.0-SNAPSHOT/hadoop-ozone-reconcodegen-0.5.0-SNAPSHOT.jar:/home/user/.m2/repository/com/google/inject/extensions/guice-multibindings/4.0/guice-multibindings-4.0.jar:/home/user/.m2/repository/com/google/inject/guice/4.0/guice-4.0.jar:/home/user/.m2/repository/aopalliance/aopalliance/1.0/aopalliance-1.0.jar:/home/user/.m2/repository/com/google/inject/extensions/guice-servlet/4.0/guice-servlet-4.0.jar:/home/user/.m2/repository/org/glassfish/jersey/containers/jersey-container-servlet/2.27/jersey-container-servlet-2.27.jar:/home/user/.m2/repository/org/glassfish/hk2/guice-bridge/2.5.0/guice-bridge-2.5.0.jar:/home/user/.m2/repository/org/glassfish/jersey/core/jersey-server/2.27/jersey-server-2.27.jar:/home/user/.m2/repository/org/glassfish/jersey/core/jersey-client/2.27/jersey-client-2.27.jar:/home/user/.m2/repository/org/glassfish/jersey/media/jersey-media-jaxb/2.27/jersey-media-jaxb-2.27.jar:/home/user/.m2/repository/javax/validation/validation-api/1.1.0.Final/validation-api-1.1.0.Final.jar:/home/user/.m2/repository/org/glassfish/jersey/media/jersey-media-json-jackson/2.27/jersey-media-json-jackson-2.27.jar:/home/user/.m2/repository/org/glassfish/jersey/ext/jersey-entity-filtering/2.27/jersey-entity-filtering-2.27.jar:/home/user/.m2/repository/com/google/inject/extensions/guice-assistedinject/4.0/guice-assistedinject-4.0.jar:/home/user/.m2/repository/org/jooq/jooq/3.11.10/jooq-3.11.10.jar:/home/user/.m2/repository/org/jooq/jooq-meta/3.11.10/jooq-meta-3.11.10.jar:/home/user/.m2/repository/org/jooq/jooq-codegen/3.11.10/jooq-codegen-3.11.10.jar:/home/user/.m2/repository/com/jolbox/bonecp/0.8.0.RELEASE/bonecp-0.8.0.RELEASE.jar:/home/user/.m2/repository/org/xerial/sqlite-jdbc/3.25.2/sqlite-jdbc-3.25.2.jar:/home/user/.m2/repository/org/springframework/spring-jdbc/5.1.3.RELEASE/spring-jdbc-5.1.3.RELEASE.jar:/home/user/.m2/repository/org/springframework/spring-beans/5.1.3.RELEASE/spring-beans-5.1.3.RELEASE.jar:/home/user/.m2/repository/org/springframework/spring-core/5.1.3.RELEASE/spring-core-5.1.3.RELEASE.jar:/home/user/.m2/repository/org/springframework/spring-jcl/5.1.3.RELEASE/spring-jcl-5.1.3.RELEASE.jar:/home/user/.m2/repository/org/springframework/spring-tx/5.1.3.RELEASE/spring-tx-5.1.3.RELEASE.jar:/home/user/.m2/repository/org/apache/hadoop/hadoop-ozone-client/0.5.0-SNAPSHOT/hadoop-ozone-client-0.5.0-SNAPSHOT.jar:/home/user/.m2/repository/commons-lang/commons-lang/2.6/commons-lang-2.6.jar:/home/user/.m2/repository/org/apache/hadoop/hadoop-ozone-ozone-manager/0.5.0-SNAPSHOT/hadoop-ozone-ozone-manager-0.5.0-SNAPSHOT-tests.jar:/home/user/.m2/repository/junit/junit/4.11/junit-4.11.jar:/home/user/.m2/repository/org/hamcrest/hamcrest-core/1.3/hamcrest-core-1.3.jar:/home/user/.m2/repository/org/openjdk/jmh/jmh-core/1.19/jmh-core-1.19.jar:/home/user/.m2/repository/net/sf/jopt-simple/jopt-simple/4.6/jopt-simple-4.6.jar:/home/user/.m2/repository/org/apache/commons/commons-math3/3.1.1/commons-math3-3.1.1.jar:/home/user/.m2/repository/org/openjdk/jmh/jmh-generator-annprocess/1.19/jmh-generator-annprocess-1.19.jar:/home/user/.m2/repository/org/mockito/mockito-all/1.8.5/mockito-all-1.8.5.jar:/home/user/.m2/repository/org/apache/hadoop/hadoop-kms/3.2.0/hadoop-kms-3.2.0.jar:/home/user/.m2/repository/org/apache/hadoop/hadoop-auth/3.2.0/hadoop-auth-3.2.0.jar:/home/user/.m2/repository/com/nimbusds/nimbus-jose-jwt/4.41.1/nimbus-jose-jwt-4.41.1.jar:/home/user/.m2/repository/com/github/stephenc/jcip/jcip-annotations/1.0-1/jcip-annotations-1.0-1.jar:/home/user/.m2/repository/net/minidev/json-smart/2.3/json-smart-2.3.jar:/home/user/.m2/repository/net/minidev/accessors-smart/1.2/accessors-smart-1.2.jar:/home/user/.m2/repository/org/ow2/asm/asm/5.0.4/asm-5.0.4.jar:/home/user/.m2/repository/org/apache/curator/curator-framework/2.12.0/curator-framework-2.12.0.jar:/home/user/.m2/repository/com/sun/jersey/jersey-core/1.19/jersey-core-1.19.jar:/home/user/.m2/repository/javax/ws/rs/jsr311-api/1.1.1/jsr311-api-1.1.1.jar:/home/user/.m2/repository/com/sun/jersey/jersey-server/1.19/jersey-server-1.19.jar:/home/user/.m2/repository/javax/servlet/javax.servlet-api/3.1.0/javax.servlet-api-3.1.0.jar:/home/user/.m2/repository/org/eclipse/jetty/jetty-server/9.3.24.v20180605/jetty-server-9.3.24.v20180605.jar:/home/user/.m2/repository/org/eclipse/jetty/jetty-http/9.3.24.v20180605/jetty-http-9.3.24.v20180605.jar:/home/user/.m2/repository/org/eclipse/jetty/jetty-io/9.3.24.v20180605/jetty-io-9.3.24.v20180605.jar:/home/user/.m2/repository/org/eclipse/jetty/jetty-webapp/9.3.24.v20180605/jetty-webapp-9.3.24.v20180605.jar:/home/user/.m2/repository/org/eclipse/jetty/jetty-xml/9.3.24.v20180605/jetty-xml-9.3.24.v20180605.jar:/home/user/.m2/repository/log4j/log4j/1.2.17/log4j-1.2.17.jar:/home/user/.m2/repository/org/slf4j/slf4j-api/1.7.25/slf4j-api-1.7.25.jar:/home/user/.m2/repository/org/slf4j/jul-to-slf4j/1.7.25/jul-to-slf4j-1.7.25.jar:/home/user/.m2/repository/org/eclipse/jetty/jetty-util/9.3.24.v20180605/jetty-util-9.3.24.v20180605.jar:/home/user/.m2/repository/com/fasterxml/jackson/core/jackson-databind/2.9.5/jackson-databind-2.9.5.jar:/home/user/.m2/repository/org/apache/hadoop/hadoop-kms/3.2.0/hadoop-kms-3.2.0-tests.jar:/home/user/.m2/repository/org/apache/hadoop/hadoop-hdds-server-scm/0.5.0-SNAPSHOT/hadoop-hdds-server-scm-0.5.0-SNAPSHOT-tests.jar:/home/user/.m2/repository/org/apache/hadoop/hadoop-hdds-container-service/0.5.0-SNAPSHOT/hadoop-hdds-container-service-0.5.0-SNAPSHOT-tests.jar:/home/user/.m2/repository/org/yaml/snakeyaml/1.16/snakeyaml-1.16.jar:/home/user/.m2/repository/org/apache/hadoop/hadoop-common/3.2.0/hadoop-common-3.2.0-tests.jar:/home/user/.m2/repository/org/apache/hadoop/hadoop-annotations/3.2.0/hadoop-annotations-3.2.0.jar:/usr/lib/jvm/java-1.8-openjdk/jre/../lib/tools.jar:/home/user/.m2/repository/commons-cli/commons-cli/1.2/commons-cli-1.2.jar:/home/user/.m2/repository/org/apache/httpcomponents/httpclient/4.5.2/httpclient-4.5.2.jar:/home/user/.m2/repository/org/apache/httpcomponents/httpcore/4.4.4/httpcore-4.4.4.jar:/home/user/.m2/repository/commons-codec/commons-codec/1.11/commons-codec-1.11.jar:/home/user/.m2/repository/commons-net/commons-net/3.6/commons-net-3.6.jar:/home/user/.m2/repository/commons-collections/commons-collections/3.2.2/commons-collections-3.2.2.jar:/home/user/.m2/repository/org/eclipse/jetty/jetty-servlet/9.3.24.v20180605/jetty-servlet-9.3.24.v20180605.jar:/home/user/.m2/repository/org/eclipse/jetty/jetty-security/9.3.24.v20180605/jetty-security-9.3.24.v20180605.jar:/home/user/.m2/repository/javax/servlet/jsp/jsp-api/2.1/jsp-api-2.1.jar:/home/user/.m2/repository/com/sun/jersey/jersey-servlet/1.19/jersey-servlet-1.19.jar:/home/user/.m2/repository/com/sun/jersey/jersey-json/1.19/jersey-json-1.19.jar:/home/user/.m2/repository/org/codehaus/jettison/jettison/1.1/jettison-1.1.jar:/home/user/.m2/repository/org/codehaus/jackson/jackson-core-asl/1.9.13/jackson-core-asl-1.9.13.jar:/home/user/.m2/repository/org/codehaus/jackson/jackson-mapper-asl/1.9.13/jackson-mapper-asl-1.9.13.jar:/home/user/.m2/repository/org/codehaus/jackson/jackson-jaxrs/1.9.13/jackson-jaxrs-1.9.13.jar:/home/user/.m2/repository/org/codehaus/jackson/jackson-xc/1.9.13/jackson-xc-1.9.13.jar:/home/user/.m2/repository/commons-logging/commons-logging/1.1.3/commons-logging-1.1.3.jar:/home/user/.m2/repository/commons-beanutils/commons-beanutils/1.9.3/commons-beanutils-1.9.3.jar:/home/user/.m2/repository/org/apache/commons/commons-configuration2/2.1.1/commons-configuration2-2.1.1.jar:/home/user/.m2/repository/org/apache/commons/commons-lang3/3.7/commons-lang3-3.7.jar:/home/user/.m2/repository/org/apache/commons/commons-text/1.4/commons-text-1.4.jar:/home/user/.m2/repository/org/apache/avro/avro/1.7.7/avro-1.7.7.jar:/home/user/.m2/repository/com/thoughtworks/paranamer/paranamer/2.3/paranamer-2.3.jar:/home/user/.m2/repository/org/xerial/snappy/snappy-java/1.0.5/snappy-java-1.0.5.jar:/home/user/.m2/repository/com/google/re2j/re2j/1.1/re2j-1.1.jar:/home/user/.m2/repository/com/google/code/gson/gson/2.2.4/gson-2.2.4.jar:/home/user/.m2/repository/com/jcraft/jsch/0.1.54/jsch-0.1.54.jar:/home/user/.m2/repository/org/apache/curator/curator-client/2.12.0/curator-client-2.12.0.jar:/home/user/.m2/repository/org/apache/curator/curator-recipes/2.12.0/curator-recipes-2.12.0.jar:/home/user/.m2/repository/com/google/code/findbugs/jsr305/3.0.0/jsr305-3.0.0.jar:/home/user/.m2/repository/org/apache/htrace/htrace-core4/4.1.0-incubating/htrace-core4-4.1.0-incubating.jar:/home/user/.m2/repository/org/apache/zookeeper/zookeeper/3.4.13/zookeeper-3.4.13.jar:/home/user/.m2/repository/org/apache/yetus/audience-annotations/0.5.0/audience-annotations-0.5.0.jar:/home/user/.m2/repository/org/codehaus/woodstox/stax2-api/3.1.4/stax2-api-3.1.4.jar:/home/user/.m2/repository/com/fasterxml/woodstox/woodstox-core/5.0.3/woodstox-core-5.0.3.jar:/home/user/.m2/repository/dnsjava/dnsjava/2.1.7/dnsjava-2.1.7.jar:/home/user/.m2/repository/org/apache/hadoop/hadoop-hdfs/3.2.0/hadoop-hdfs-3.2.0-tests.jar:/home/user/.m2/repository/org/eclipse/jetty/jetty-util-ajax/9.3.24.v20180605/jetty-util-ajax-9.3.24.v20180605.jar:/home/user/.m2/repository/commons-daemon/commons-daemon/1.0.13/commons-daemon-1.0.13.jar:/home/user/.m2/repository/io/netty/netty/3.10.5.Final/netty-3.10.5.Final.jar:/home/user/.m2/repository/io/netty/netty-all/4.0.52.Final/netty-all-4.0.52.Final.jar:/home/user/.m2/repository/org/fusesource/leveldbjni/leveldbjni-all/1.8/leveldbjni-all-1.8.jar:"/>
    <property name="java.vm.vendor" value="IcedTea"/>
    <property name="sun.arch.data.model" value="64"/>
    <property name="test.build.dir" value="/workdir/hadoop-ozone/integration-test/target/test-dir"/>
    <property name="test.cache.data" value=""/>
    <property name="java.vendor.url" value="https://icedtea.classpath.org"/>
    <property name="user.timezone" value=""/>
    <property name="java.vm.specification.version" value="1.8"/>
    <property name="os.name" value="Linux"/>
    <property name="test.build.data" value="/workdir/hadoop-ozone/integration-test/target/test-dir"/>
    <property name="user.country" value="US"/>
    <property name="sun.java.launcher" value="SUN_STANDARD"/>
    <property name="sun.boot.library.path" value="/usr/lib/jvm/java-1.8-openjdk/jre/lib/amd64"/>
    <property name="sun.java.command" value="/workdir/hadoop-ozone/integration-test/target/surefire/surefirebooter8377662816146226290.jar /workdir/hadoop-ozone/integration-test/target/surefire 2019-08-21T08-44-45_267-jvmRun1 surefire1347785653775923485tmp surefire_394587582539184405015tmp"/>
    <property name="surefire.test.class.path" value="/workdir/hadoop-ozone/integration-test/target/test-classes:/workdir/hadoop-ozone/integration-test/target/classes:/home/user/.m2/repository/org/apache/hadoop/hadoop-ozone-common/0.5.0-SNAPSHOT/hadoop-ozone-common-0.5.0-SNAPSHOT.jar:/home/user/.m2/repository/org/apache/commons/commons-compress/1.4.1/commons-compress-1.4.1.jar:/home/user/.m2/repository/org/tukaani/xz/1.0/xz-1.0.jar:/home/user/.m2/repository/org/apache/hadoop/hadoop-common/3.2.0/hadoop-common-3.2.0.jar:/home/user/.m2/repository/org/apache/hadoop/hadoop-hdfs/3.2.0/hadoop-hdfs-3.2.0.jar:/home/user/.m2/repository/org/apache/hadoop/hadoop-hdfs-client/3.2.0/hadoop-hdfs-client-3.2.0.jar:/home/user/.m2/repository/com/fasterxml/jackson/core/jackson-annotations/2.9.5/jackson-annotations-2.9.5.jar:/home/user/.m2/repository/org/apache/hadoop/hadoop-hdds-common/0.5.0-SNAPSHOT/hadoop-hdds-common-0.5.0-SNAPSHOT.jar:/home/user/.m2/repository/javax/annotation/javax.annotation-api/1.2/javax.annotation-api-1.2.jar:/home/user/.m2/repository/org/apache/ratis/ratis-server/0.4.0-2337318-SNAPSHOT/ratis-server-0.4.0-2337318-SNAPSHOT.jar:/home/user/.m2/repository/org/apache/ratis/ratis-thirdparty-misc/0.2.0/ratis-thirdparty-misc-0.2.0.jar:/home/user/.m2/repository/org/apache/ratis/ratis-proto/0.4.0-2337318-SNAPSHOT/ratis-proto-0.4.0-2337318-SNAPSHOT.jar:/home/user/.m2/repository/org/apache/ratis/ratis-common/0.4.0-2337318-SNAPSHOT/ratis-common-0.4.0-2337318-SNAPSHOT.jar:/home/user/.m2/repository/org/apache/ratis/ratis-client/0.4.0-2337318-SNAPSHOT/ratis-client-0.4.0-2337318-SNAPSHOT.jar:/home/user/.m2/repository/org/apache/ratis/ratis-metrics/0.4.0-2337318-SNAPSHOT/ratis-metrics-0.4.0-2337318-SNAPSHOT.jar:/home/user/.m2/repository/org/apache/ratis/ratis-netty/0.4.0-2337318-SNAPSHOT/ratis-netty-0.4.0-2337318-SNAPSHOT.jar:/home/user/.m2/repository/org/apache/ratis/ratis-grpc/0.4.0-2337318-SNAPSHOT/ratis-grpc-0.4.0-2337318-SNAPSHOT.jar:/home/user/.m2/repository/org/rocksdb/rocksdbjni/6.0.1/rocksdbjni-6.0.1.jar:/home/user/.m2/repository/org/apache/logging/log4j/log4j-api/2.11.0/log4j-api-2.11.0.jar:/home/user/.m2/repository/org/apache/logging/log4j/log4j-core/2.11.0/log4j-core-2.11.0.jar:/home/user/.m2/repository/com/lmax/disruptor/3.4.2/disruptor-3.4.2.jar:/home/user/.m2/repository/org/apache/commons/commons-pool2/2.6.0/commons-pool2-2.6.0.jar:/home/user/.m2/repository/org/bouncycastle/bcpkix-jdk15on/1.60/bcpkix-jdk15on-1.60.jar:/home/user/.m2/repository/commons-validator/commons-validator/1.6/commons-validator-1.6.jar:/home/user/.m2/repository/commons-digester/commons-digester/1.8.1/commons-digester-1.8.1.jar:/home/user/.m2/repository/io/jaegertracing/jaeger-client/0.33.1/jaeger-client-0.33.1.jar:/home/user/.m2/repository/io/jaegertracing/jaeger-thrift/0.33.1/jaeger-thrift-0.33.1.jar:/home/user/.m2/repository/org/apache/thrift/libthrift/0.11.0/libthrift-0.11.0.jar:/home/user/.m2/repository/com/squareup/okhttp3/okhttp/3.9.0/okhttp-3.9.0.jar:/home/user/.m2/repository/com/squareup/okio/okio/1.13.0/okio-1.13.0.jar:/home/user/.m2/repository/io/jaegertracing/jaeger-core/0.33.1/jaeger-core-0.33.1.jar:/home/user/.m2/repository/io/jaegertracing/jaeger-tracerresolver/0.33.1/jaeger-tracerresolver-0.33.1.jar:/home/user/.m2/repository/io/opentracing/contrib/opentracing-tracerresolver/0.1.5/opentracing-tracerresolver-0.1.5.jar:/home/user/.m2/repository/io/opentracing/opentracing-util/0.31.0/opentracing-util-0.31.0.jar:/home/user/.m2/repository/io/opentracing/opentracing-api/0.31.0/opentracing-api-0.31.0.jar:/home/user/.m2/repository/io/opentracing/opentracing-noop/0.31.0/opentracing-noop-0.31.0.jar:/home/user/.m2/repository/org/apache/hadoop/hadoop-hdds-server-framework/0.5.0-SNAPSHOT/hadoop-hdds-server-framework-0.5.0-SNAPSHOT.jar:/home/user/.m2/repository/org/apache/hadoop/hadoop-hdds-container-service/0.5.0-SNAPSHOT/hadoop-hdds-container-service-0.5.0-SNAPSHOT.jar:/home/user/.m2/repository/org/apache/hadoop/hadoop-hdds-client/0.5.0-SNAPSHOT/hadoop-hdds-client-0.5.0-SNAPSHOT.jar:/home/user/.m2/repository/org/apache/hadoop/hadoop-hdds-tools/0.5.0-SNAPSHOT/hadoop-hdds-tools-0.5.0-SNAPSHOT.jar:/home/user/.m2/repository/org/apache/hadoop/hadoop-hdds-server-scm/0.5.0-SNAPSHOT/hadoop-hdds-server-scm-0.5.0-SNAPSHOT.jar:/home/user/.m2/repository/org/apache/hadoop/hadoop-hdds-docs/0.5.0-SNAPSHOT/hadoop-hdds-docs-0.5.0-SNAPSHOT.jar:/home/user/.m2/repository/io/dropwizard/metrics/metrics-core/3.2.4/metrics-core-3.2.4.jar:/home/user/.m2/repository/org/hamcrest/hamcrest-all/1.3/hamcrest-all-1.3.jar:/home/user/.m2/repository/org/bouncycastle/bcprov-jdk15on/1.60/bcprov-jdk15on-1.60.jar:/home/user/.m2/repository/info/picocli/picocli/3.9.6/picocli-3.9.6.jar:/home/user/.m2/repository/com/google/protobuf/protobuf-java/2.5.0/protobuf-java-2.5.0.jar:/home/user/.m2/repository/com/google/guava/guava/11.0.2/guava-11.0.2.jar:/home/user/.m2/repository/org/apache/hadoop/hadoop-ozone-ozone-manager/0.5.0-SNAPSHOT/hadoop-ozone-ozone-manager-0.5.0-SNAPSHOT.jar:/home/user/.m2/repository/org/apache/hadoop/hadoop-minikdc/3.2.0/hadoop-minikdc-3.2.0.jar:/home/user/.m2/repository/commons-io/commons-io/2.5/commons-io-2.5.jar:/home/user/.m2/repository/org/apache/kerby/kerb-simplekdc/1.0.1/kerb-simplekdc-1.0.1.jar:/home/user/.m2/repository/org/apache/kerby/kerb-client/1.0.1/kerb-client-1.0.1.jar:/home/user/.m2/repository/org/apache/kerby/kerby-config/1.0.1/kerby-config-1.0.1.jar:/home/user/.m2/repository/org/apache/kerby/kerb-core/1.0.1/kerb-core-1.0.1.jar:/home/user/.m2/repository/org/apache/kerby/kerby-pkix/1.0.1/kerby-pkix-1.0.1.jar:/home/user/.m2/repository/org/apache/kerby/kerby-asn1/1.0.1/kerby-asn1-1.0.1.jar:/home/user/.m2/repository/org/apache/kerby/kerby-util/1.0.1/kerby-util-1.0.1.jar:/home/user/.m2/repository/org/apache/kerby/kerb-common/1.0.1/kerb-common-1.0.1.jar:/home/user/.m2/repository/org/apache/kerby/kerb-crypto/1.0.1/kerb-crypto-1.0.1.jar:/home/user/.m2/repository/org/apache/kerby/kerb-util/1.0.1/kerb-util-1.0.1.jar:/home/user/.m2/repository/org/apache/kerby/token-provider/1.0.1/token-provider-1.0.1.jar:/home/user/.m2/repository/org/apache/kerby/kerb-admin/1.0.1/kerb-admin-1.0.1.jar:/home/user/.m2/repository/org/apache/kerby/kerb-server/1.0.1/kerb-server-1.0.1.jar:/home/user/.m2/repository/org/apache/kerby/kerb-identity/1.0.1/kerb-identity-1.0.1.jar:/home/user/.m2/repository/org/apache/kerby/kerby-xdr/1.0.1/kerby-xdr-1.0.1.jar:/home/user/.m2/repository/org/slf4j/slf4j-log4j12/1.7.25/slf4j-log4j12-1.7.25.jar:/home/user/.m2/repository/org/apache/hadoop/hadoop-ozone-objectstore-service/0.5.0-SNAPSHOT/hadoop-ozone-objectstore-service-0.5.0-SNAPSHOT.jar:/home/user/.m2/repository/org/apache/hadoop/hadoop-ozone-s3gateway/0.5.0-SNAPSHOT/hadoop-ozone-s3gateway-0.5.0-SNAPSHOT.jar:/home/user/.m2/repository/org/jboss/weld/servlet/weld-servlet/2.4.7.Final/weld-servlet-2.4.7.Final.jar:/home/user/.m2/repository/org/glassfish/jersey/containers/jersey-container-servlet-core/2.27/jersey-container-servlet-core-2.27.jar:/home/user/.m2/repository/org/glassfish/hk2/external/javax.inject/2.5.0-b42/javax.inject-2.5.0-b42.jar:/home/user/.m2/repository/org/glassfish/jersey/core/jersey-common/2.27/jersey-common-2.27.jar:/home/user/.m2/repository/org/glassfish/hk2/osgi-resource-locator/1.0.1/osgi-resource-locator-1.0.1.jar:/home/user/.m2/repository/javax/ws/rs/javax.ws.rs-api/2.1/javax.ws.rs-api-2.1.jar:/home/user/.m2/repository/org/glassfish/jersey/ext/cdi/jersey-cdi1x/2.27/jersey-cdi1x-2.27.jar:/home/user/.m2/repository/org/glassfish/jersey/inject/jersey-hk2/2.27/jersey-hk2-2.27.jar:/home/user/.m2/repository/org/glassfish/hk2/hk2-locator/2.5.0-b42/hk2-locator-2.5.0-b42.jar:/home/user/.m2/repository/org/javassist/javassist/3.22.0-CR2/javassist-3.22.0-CR2.jar:/home/user/.m2/repository/org/glassfish/hk2/hk2-api/2.5.0/hk2-api-2.5.0.jar:/home/user/.m2/repository/org/glassfish/hk2/external/jakarta.inject/2.5.0/jakarta.inject-2.5.0.jar:/home/user/.m2/repository/org/glassfish/hk2/hk2-utils/2.5.0/hk2-utils-2.5.0.jar:/home/user/.m2/repository/jakarta/annotation/jakarta.annotation-api/1.3.4/jakarta.annotation-api-1.3.4.jar:/home/user/.m2/repository/org/glassfish/hk2/external/aopalliance-repackaged/2.5.0/aopalliance-repackaged-2.5.0.jar:/home/user/.m2/repository/com/fasterxml/jackson/dataformat/jackson-dataformat-xml/2.9.0/jackson-dataformat-xml-2.9.0.jar:/home/user/.m2/repository/com/fasterxml/jackson/core/jackson-core/2.9.5/jackson-core-2.9.5.jar:/home/user/.m2/repository/com/fasterxml/jackson/module/jackson-module-jaxb-annotations/2.9.5/jackson-module-jaxb-annotations-2.9.5.jar:/home/user/.m2/repository/javax/enterprise/cdi-api/1.2/cdi-api-1.2.jar:/home/user/.m2/repository/javax/el/javax.el-api/3.0.0/javax.el-api-3.0.0.jar:/home/user/.m2/repository/javax/interceptor/javax.interceptor-api/1.2/javax.interceptor-api-1.2.jar:/home/user/.m2/repository/javax/inject/javax.inject/1/javax.inject-1.jar:/home/user/.m2/repository/com/sun/xml/bind/jaxb-impl/2.3.0.1/jaxb-impl-2.3.0.1.jar:/home/user/.m2/repository/com/sun/xml/bind/jaxb-core/2.3.0.1/jaxb-core-2.3.0.1.jar:/home/user/.m2/repository/javax/xml/bind/jaxb-api/2.3.0/jaxb-api-2.3.0.jar:/home/user/.m2/repository/javax/activation/activation/1.1.1/activation-1.1.1.jar:/home/user/.m2/repository/org/apache/hadoop/hadoop-ozone-csi/0.5.0-SNAPSHOT/hadoop-ozone-csi-0.5.0-SNAPSHOT.jar:/home/user/.m2/repository/com/google/protobuf/protobuf-java-util/3.5.1/protobuf-java-util-3.5.1.jar:/home/user/.m2/repository/org/apache/hadoop/hadoop-hdds-config/0.5.0-SNAPSHOT/hadoop-hdds-config-0.5.0-SNAPSHOT.jar:/home/user/.m2/repository/io/grpc/grpc-netty/1.17.1/grpc-netty-1.17.1.jar:/home/user/.m2/repository/io/grpc/grpc-core/1.17.1/grpc-core-1.17.1.jar:/home/user/.m2/repository/io/grpc/grpc-context/1.17.1/grpc-context-1.17.1.jar:/home/user/.m2/repository/com/google/errorprone/error_prone_annotations/2.2.0/error_prone_annotations-2.2.0.jar:/home/user/.m2/repository/org/codehaus/mojo/animal-sniffer-annotations/1.17/animal-sniffer-annotations-1.17.jar:/home/user/.m2/repository/io/opencensus/opencensus-api/0.17.0/opencensus-api-0.17.0.jar:/home/user/.m2/repository/io/opencensus/opencensus-contrib-grpc-metrics/0.17.0/opencensus-contrib-grpc-metrics-0.17.0.jar:/home/user/.m2/repository/io/netty/netty-codec-http2/4.1.30.Final/netty-codec-http2-4.1.30.Final.jar:/home/user/.m2/repository/io/netty/netty-codec-http/4.1.30.Final/netty-codec-http-4.1.30.Final.jar:/home/user/.m2/repository/io/netty/netty-codec/4.1.30.Final/netty-codec-4.1.30.Final.jar:/home/user/.m2/repository/io/netty/netty-handler/4.1.30.Final/netty-handler-4.1.30.Final.jar:/home/user/.m2/repository/io/netty/netty-handler-proxy/4.1.30.Final/netty-handler-proxy-4.1.30.Final.jar:/home/user/.m2/repository/io/netty/netty-codec-socks/4.1.30.Final/netty-codec-socks-4.1.30.Final.jar:/home/user/.m2/repository/io/netty/netty-transport-native-epoll/4.1.30.Final/netty-transport-native-epoll-4.1.30.Final.jar:/home/user/.m2/repository/io/netty/netty-common/4.1.30.Final/netty-common-4.1.30.Final.jar:/home/user/.m2/repository/io/netty/netty-buffer/4.1.30.Final/netty-buffer-4.1.30.Final.jar:/home/user/.m2/repository/io/netty/netty-transport/4.1.30.Final/netty-transport-4.1.30.Final.jar:/home/user/.m2/repository/io/netty/netty-resolver/4.1.30.Final/netty-resolver-4.1.30.Final.jar:/home/user/.m2/repository/io/netty/netty-transport-native-unix-common/4.1.30.Final/netty-transport-native-unix-common-4.1.30.Final.jar:/home/user/.m2/repository/io/grpc/grpc-protobuf/1.17.1/grpc-protobuf-1.17.1.jar:/home/user/.m2/repository/com/google/api/grpc/proto-google-common-protos/1.0.0/proto-google-common-protos-1.0.0.jar:/home/user/.m2/repository/io/grpc/grpc-protobuf-lite/1.17.1/grpc-protobuf-lite-1.17.1.jar:/home/user/.m2/repository/io/grpc/grpc-stub/1.17.1/grpc-stub-1.17.1.jar:/home/user/.m2/repository/org/apache/hadoop/hadoop-ozone-recon/0.5.0-SNAPSHOT/hadoop-ozone-recon-0.5.0-SNAPSHOT.jar:/home/user/.m2/repository/org/apache/hadoop/hadoop-ozone-reconcodegen/0.5.0-SNAPSHOT/hadoop-ozone-reconcodegen-0.5.0-SNAPSHOT.jar:/home/user/.m2/repository/com/google/inject/extensions/guice-multibindings/4.0/guice-multibindings-4.0.jar:/home/user/.m2/repository/com/google/inject/guice/4.0/guice-4.0.jar:/home/user/.m2/repository/aopalliance/aopalliance/1.0/aopalliance-1.0.jar:/home/user/.m2/repository/com/google/inject/extensions/guice-servlet/4.0/guice-servlet-4.0.jar:/home/user/.m2/repository/org/glassfish/jersey/containers/jersey-container-servlet/2.27/jersey-container-servlet-2.27.jar:/home/user/.m2/repository/org/glassfish/hk2/guice-bridge/2.5.0/guice-bridge-2.5.0.jar:/home/user/.m2/repository/org/glassfish/jersey/core/jersey-server/2.27/jersey-server-2.27.jar:/home/user/.m2/repository/org/glassfish/jersey/core/jersey-client/2.27/jersey-client-2.27.jar:/home/user/.m2/repository/org/glassfish/jersey/media/jersey-media-jaxb/2.27/jersey-media-jaxb-2.27.jar:/home/user/.m2/repository/javax/validation/validation-api/1.1.0.Final/validation-api-1.1.0.Final.jar:/home/user/.m2/repository/org/glassfish/jersey/media/jersey-media-json-jackson/2.27/jersey-media-json-jackson-2.27.jar:/home/user/.m2/repository/org/glassfish/jersey/ext/jersey-entity-filtering/2.27/jersey-entity-filtering-2.27.jar:/home/user/.m2/repository/com/google/inject/extensions/guice-assistedinject/4.0/guice-assistedinject-4.0.jar:/home/user/.m2/repository/org/jooq/jooq/3.11.10/jooq-3.11.10.jar:/home/user/.m2/repository/org/jooq/jooq-meta/3.11.10/jooq-meta-3.11.10.jar:/home/user/.m2/repository/org/jooq/jooq-codegen/3.11.10/jooq-codegen-3.11.10.jar:/home/user/.m2/repository/com/jolbox/bonecp/0.8.0.RELEASE/bonecp-0.8.0.RELEASE.jar:/home/user/.m2/repository/org/xerial/sqlite-jdbc/3.25.2/sqlite-jdbc-3.25.2.jar:/home/user/.m2/repository/org/springframework/spring-jdbc/5.1.3.RELEASE/spring-jdbc-5.1.3.RELEASE.jar:/home/user/.m2/repository/org/springframework/spring-beans/5.1.3.RELEASE/spring-beans-5.1.3.RELEASE.jar:/home/user/.m2/repository/org/springframework/spring-core/5.1.3.RELEASE/spring-core-5.1.3.RELEASE.jar:/home/user/.m2/repository/org/springframework/spring-jcl/5.1.3.RELEASE/spring-jcl-5.1.3.RELEASE.jar:/home/user/.m2/repository/org/springframework/spring-tx/5.1.3.RELEASE/spring-tx-5.1.3.RELEASE.jar:/home/user/.m2/repository/org/apache/hadoop/hadoop-ozone-client/0.5.0-SNAPSHOT/hadoop-ozone-client-0.5.0-SNAPSHOT.jar:/home/user/.m2/repository/commons-lang/commons-lang/2.6/commons-lang-2.6.jar:/home/user/.m2/repository/org/apache/hadoop/hadoop-ozone-ozone-manager/0.5.0-SNAPSHOT/hadoop-ozone-ozone-manager-0.5.0-SNAPSHOT-tests.jar:/home/user/.m2/repository/junit/junit/4.11/junit-4.11.jar:/home/user/.m2/repository/org/hamcrest/hamcrest-core/1.3/hamcrest-core-1.3.jar:/home/user/.m2/repository/org/openjdk/jmh/jmh-core/1.19/jmh-core-1.19.jar:/home/user/.m2/repository/net/sf/jopt-simple/jopt-simple/4.6/jopt-simple-4.6.jar:/home/user/.m2/repository/org/apache/commons/commons-math3/3.1.1/commons-math3-3.1.1.jar:/home/user/.m2/repository/org/openjdk/jmh/jmh-generator-annprocess/1.19/jmh-generator-annprocess-1.19.jar:/home/user/.m2/repository/org/mockito/mockito-all/1.8.5/mockito-all-1.8.5.jar:/home/user/.m2/repository/org/apache/hadoop/hadoop-kms/3.2.0/hadoop-kms-3.2.0.jar:/home/user/.m2/repository/org/apache/hadoop/hadoop-auth/3.2.0/hadoop-auth-3.2.0.jar:/home/user/.m2/repository/com/nimbusds/nimbus-jose-jwt/4.41.1/nimbus-jose-jwt-4.41.1.jar:/home/user/.m2/repository/com/github/stephenc/jcip/jcip-annotations/1.0-1/jcip-annotations-1.0-1.jar:/home/user/.m2/repository/net/minidev/json-smart/2.3/json-smart-2.3.jar:/home/user/.m2/repository/net/minidev/accessors-smart/1.2/accessors-smart-1.2.jar:/home/user/.m2/repository/org/ow2/asm/asm/5.0.4/asm-5.0.4.jar:/home/user/.m2/repository/org/apache/curator/curator-framework/2.12.0/curator-framework-2.12.0.jar:/home/user/.m2/repository/com/sun/jersey/jersey-core/1.19/jersey-core-1.19.jar:/home/user/.m2/repository/javax/ws/rs/jsr311-api/1.1.1/jsr311-api-1.1.1.jar:/home/user/.m2/repository/com/sun/jersey/jersey-server/1.19/jersey-server-1.19.jar:/home/user/.m2/repository/javax/servlet/javax.servlet-api/3.1.0/javax.servlet-api-3.1.0.jar:/home/user/.m2/repository/org/eclipse/jetty/jetty-server/9.3.24.v20180605/jetty-server-9.3.24.v20180605.jar:/home/user/.m2/repository/org/eclipse/jetty/jetty-http/9.3.24.v20180605/jetty-http-9.3.24.v20180605.jar:/home/user/.m2/repository/org/eclipse/jetty/jetty-io/9.3.24.v20180605/jetty-io-9.3.24.v20180605.jar:/home/user/.m2/repository/org/eclipse/jetty/jetty-webapp/9.3.24.v20180605/jetty-webapp-9.3.24.v20180605.jar:/home/user/.m2/repository/org/eclipse/jetty/jetty-xml/9.3.24.v20180605/jetty-xml-9.3.24.v20180605.jar:/home/user/.m2/repository/log4j/log4j/1.2.17/log4j-1.2.17.jar:/home/user/.m2/repository/org/slf4j/slf4j-api/1.7.25/slf4j-api-1.7.25.jar:/home/user/.m2/repository/org/slf4j/jul-to-slf4j/1.7.25/jul-to-slf4j-1.7.25.jar:/home/user/.m2/repository/org/eclipse/jetty/jetty-util/9.3.24.v20180605/jetty-util-9.3.24.v20180605.jar:/home/user/.m2/repository/com/fasterxml/jackson/core/jackson-databind/2.9.5/jackson-databind-2.9.5.jar:/home/user/.m2/repository/org/apache/hadoop/hadoop-kms/3.2.0/hadoop-kms-3.2.0-tests.jar:/home/user/.m2/repository/org/apache/hadoop/hadoop-hdds-server-scm/0.5.0-SNAPSHOT/hadoop-hdds-server-scm-0.5.0-SNAPSHOT-tests.jar:/home/user/.m2/repository/org/apache/hadoop/hadoop-hdds-container-service/0.5.0-SNAPSHOT/hadoop-hdds-container-service-0.5.0-SNAPSHOT-tests.jar:/home/user/.m2/repository/org/yaml/snakeyaml/1.16/snakeyaml-1.16.jar:/home/user/.m2/repository/org/apache/hadoop/hadoop-common/3.2.0/hadoop-common-3.2.0-tests.jar:/home/user/.m2/repository/org/apache/hadoop/hadoop-annotations/3.2.0/hadoop-annotations-3.2.0.jar:/usr/lib/jvm/java-1.8-openjdk/jre/../lib/tools.jar:/home/user/.m2/repository/commons-cli/commons-cli/1.2/commons-cli-1.2.jar:/home/user/.m2/repository/org/apache/httpcomponents/httpclient/4.5.2/httpclient-4.5.2.jar:/home/user/.m2/repository/org/apache/httpcomponents/httpcore/4.4.4/httpcore-4.4.4.jar:/home/user/.m2/repository/commons-codec/commons-codec/1.11/commons-codec-1.11.jar:/home/user/.m2/repository/commons-net/commons-net/3.6/commons-net-3.6.jar:/home/user/.m2/repository/commons-collections/commons-collections/3.2.2/commons-collections-3.2.2.jar:/home/user/.m2/repository/org/eclipse/jetty/jetty-servlet/9.3.24.v20180605/jetty-servlet-9.3.24.v20180605.jar:/home/user/.m2/repository/org/eclipse/jetty/jetty-security/9.3.24.v20180605/jetty-security-9.3.24.v20180605.jar:/home/user/.m2/repository/javax/servlet/jsp/jsp-api/2.1/jsp-api-2.1.jar:/home/user/.m2/repository/com/sun/jersey/jersey-servlet/1.19/jersey-servlet-1.19.jar:/home/user/.m2/repository/com/sun/jersey/jersey-json/1.19/jersey-json-1.19.jar:/home/user/.m2/repository/org/codehaus/jettison/jettison/1.1/jettison-1.1.jar:/home/user/.m2/repository/org/codehaus/jackson/jackson-core-asl/1.9.13/jackson-core-asl-1.9.13.jar:/home/user/.m2/repository/org/codehaus/jackson/jackson-mapper-asl/1.9.13/jackson-mapper-asl-1.9.13.jar:/home/user/.m2/repository/org/codehaus/jackson/jackson-jaxrs/1.9.13/jackson-jaxrs-1.9.13.jar:/home/user/.m2/repository/org/codehaus/jackson/jackson-xc/1.9.13/jackson-xc-1.9.13.jar:/home/user/.m2/repository/commons-logging/commons-logging/1.1.3/commons-logging-1.1.3.jar:/home/user/.m2/repository/commons-beanutils/commons-beanutils/1.9.3/commons-beanutils-1.9.3.jar:/home/user/.m2/repository/org/apache/commons/commons-configuration2/2.1.1/commons-configuration2-2.1.1.jar:/home/user/.m2/repository/org/apache/commons/commons-lang3/3.7/commons-lang3-3.7.jar:/home/user/.m2/repository/org/apache/commons/commons-text/1.4/commons-text-1.4.jar:/home/user/.m2/repository/org/apache/avro/avro/1.7.7/avro-1.7.7.jar:/home/user/.m2/repository/com/thoughtworks/paranamer/paranamer/2.3/paranamer-2.3.jar:/home/user/.m2/repository/org/xerial/snappy/snappy-java/1.0.5/snappy-java-1.0.5.jar:/home/user/.m2/repository/com/google/re2j/re2j/1.1/re2j-1.1.jar:/home/user/.m2/repository/com/google/code/gson/gson/2.2.4/gson-2.2.4.jar:/home/user/.m2/repository/com/jcraft/jsch/0.1.54/jsch-0.1.54.jar:/home/user/.m2/repository/org/apache/curator/curator-client/2.12.0/curator-client-2.12.0.jar:/home/user/.m2/repository/org/apache/curator/curator-recipes/2.12.0/curator-recipes-2.12.0.jar:/home/user/.m2/repository/com/google/code/findbugs/jsr305/3.0.0/jsr305-3.0.0.jar:/home/user/.m2/repository/org/apache/htrace/htrace-core4/4.1.0-incubating/htrace-core4-4.1.0-incubating.jar:/home/user/.m2/repository/org/apache/zookeeper/zookeeper/3.4.13/zookeeper-3.4.13.jar:/home/user/.m2/repository/org/apache/yetus/audience-annotations/0.5.0/audience-annotations-0.5.0.jar:/home/user/.m2/repository/org/codehaus/woodstox/stax2-api/3.1.4/stax2-api-3.1.4.jar:/home/user/.m2/repository/com/fasterxml/woodstox/woodstox-core/5.0.3/woodstox-core-5.0.3.jar:/home/user/.m2/repository/dnsjava/dnsjava/2.1.7/dnsjava-2.1.7.jar:/home/user/.m2/repository/org/apache/hadoop/hadoop-hdfs/3.2.0/hadoop-hdfs-3.2.0-tests.jar:/home/user/.m2/repository/org/eclipse/jetty/jetty-util-ajax/9.3.24.v20180605/jetty-util-ajax-9.3.24.v20180605.jar:/home/user/.m2/repository/commons-daemon/commons-daemon/1.0.13/commons-daemon-1.0.13.jar:/home/user/.m2/repository/io/netty/netty/3.10.5.Final/netty-3.10.5.Final.jar:/home/user/.m2/repository/io/netty/netty-all/4.0.52.Final/netty-all-4.0.52.Final.jar:/home/user/.m2/repository/org/fusesource/leveldbjni/leveldbjni-all/1.8/leveldbjni-all-1.8.jar:"/>
    <property name="sun.cpu.endian" value="little"/>
    <property name="user.home" value="/home/user"/>
    <property name="user.language" value="en"/>
    <property name="java.specification.vendor" value="Oracle Corporation"/>
    <property name="java.home" value="/usr/lib/jvm/java-1.8-openjdk/jre"/>
    <property name="java.security.krb5.conf" value="/workdir/hadoop-ozone/integration-test/target/test-classes/krb5.conf"/>
    <property name="basedir" value="/workdir/hadoop-ozone/integration-test"/>
    <property name="file.separator" value="/"/>
    <property name="line.separator" value="&#10;"/>
    <property name="java.vm.specification.vendor" value="Oracle Corporation"/>
    <property name="java.specification.name" value="Java Platform API Specification"/>
    <property name="java.awt.graphicsenv" value="sun.awt.X11GraphicsEnvironment"/>
    <property name="surefire.real.class.path" value="/workdir/hadoop-ozone/integration-test/target/surefire/surefirebooter8377662816146226290.jar"/>
    <property name="hadoop.log.dir" value="/workdir/hadoop-ozone/integration-test/target/log"/>
    <property name="sun.boot.class.path" value="/usr/lib/jvm/java-1.8-openjdk/jre/lib/resources.jar:/usr/lib/jvm/java-1.8-openjdk/jre/lib/rt.jar:/usr/lib/jvm/java-1.8-openjdk/jre/lib/sunrsasign.jar:/usr/lib/jvm/java-1.8-openjdk/jre/lib/jsse.jar:/usr/lib/jvm/java-1.8-openjdk/jre/lib/jce.jar:/usr/lib/jvm/java-1.8-openjdk/jre/lib/charsets.jar:/usr/lib/jvm/java-1.8-openjdk/jre/lib/jfr.jar:/usr/lib/jvm/java-1.8-openjdk/jre/classes"/>
    <property name="sun.management.compiler" value="HotSpot 64-Bit Tiered Compilers"/>
    <property name="java.runtime.version" value="1.8.0_212-b04"/>
    <property name="java.net.preferIPv4Stack" value="true"/>
    <property name="user.name" value="jenkins1000"/>
    <property name="path.separator" value=":"/>
    <property name="java.security.egd" value="file:///dev/urandom"/>
    <property name="os.version" value="3.10.0-957.12.2.el7.x86_64"/>
    <property name="java.endorsed.dirs" value="/usr/lib/jvm/java-1.8-openjdk/jre/lib/endorsed"/>
    <property name="java.runtime.name" value="OpenJDK Runtime Environment"/>
    <property name="file.encoding" value="UTF-8"/>
    <property name="java.vm.name" value="OpenJDK 64-Bit Server VM"/>
    <property name="test.build.webapps" value=""/>
    <property name="localRepository" value="/home/user/.m2/repository"/>
    <property name="java.vendor.url.bug" value="https://icedtea.classpath.org/bugzilla"/>
    <property name="java.io.tmpdir" value="/tmp"/>
    <property name="require.test.libhadoop" value=""/>
    <property name="java.version" value="1.8.0_212"/>
    <property name="user.dir" value="/workdir/hadoop-ozone/integration-test"/>
    <property name="os.arch" value="amd64"/>
    <property name="java.vm.specification.name" value="Java Virtual Machine Specification"/>
    <property name="test.build.classes" value="/workdir/hadoop-ozone/integration-test/target/test-classes"/>
    <property name="java.awt.printerjob" value="sun.print.PSPrinterJob"/>
    <property name="sun.os.patch.level" value="unknown"/>
    <property name="hadoop.tmp.dir" value="/workdir/hadoop-ozone/integration-test/target/tmp"/>
    <property name="java.library.path" value="/usr/lib/jvm/java-1.8-openjdk/jre/lib/amd64/server:/usr/lib/jvm/java-1.8-openjdk/jre/lib/amd64:/usr/lib/jvm/java-1.8-openjdk/jre/../lib/amd64:/workdir/hadoop-ozone/integration-test/target/native/target/usr/local/lib:/workdir/hadoop-ozone/integration-test/../../hadoop-common-project/hadoop-common/target/native/target/usr/local/lib:/usr/java/packages/lib/amd64:/usr/lib64:/lib64:/lib:/usr/lib"/>
    <property name="java.vm.info" value="mixed mode"/>
    <property name="java.vendor" value="IcedTea"/>
    <property name="java.vm.version" value="25.212-b04"/>
    <property name="java.ext.dirs" value="/usr/lib/jvm/java-1.8-openjdk/jre/lib/ext:/usr/java/packages/lib/ext"/>
    <property name="sun.io.unicode.encoding" value="UnicodeLittle"/>
    <property name="java.class.version" value="52.0"/>
  </properties>
  <testcase name="test2WayCommitForRetryfailure" classname="org.apache.hadoop.ozone.client.rpc.Test2WayCommitInRatis" time="34.3">
    <error message="org.apache.ratis.protocol.RaftRetryFailureException: Failed RaftClientRequest:client-77AF89B2F952-&gt;1c89303c-4cf4-4a41-a1ec-4ab916346441@group-6065D336B8D0, cid=14, seq=2*, RW, org.apache.hadoop.hdds.scm.XceiverClientRatis$$Lambda$298/456826612@23a7cea6 for 20 attempts with RetryLimited(maxAttempts=20, sleepTime=1000ms)" type="java.util.concurrent.ExecutionException">java.util.concurrent.ExecutionException: org.apache.ratis.protocol.RaftRetryFailureException: Failed RaftClientRequest:client-77AF89B2F952->1c89303c-4cf4-4a41-a1ec-4ab916346441@group-6065D336B8D0, cid=14, seq=2*, RW, org.apache.hadoop.hdds.scm.XceiverClientRatis$$Lambda$298/456826612@23a7cea6 for 20 attempts with RetryLimited(maxAttempts=20, sleepTime=1000ms)
	at java.util.concurrent.CompletableFuture.reportGet(CompletableFuture.java:357)
	at java.util.concurrent.CompletableFuture.get(CompletableFuture.java:1895)
	at org.apache.hadoop.ozone.client.rpc.Test2WayCommitInRatis.test2WayCommitForRetryfailure(Test2WayCommitInRatis.java:144)
	at sun.reflect.NativeMethodAccessorImpl.invoke0(Native Method)
	at sun.reflect.NativeMethodAccessorImpl.invoke(NativeMethodAccessorImpl.java:62)
	at sun.reflect.DelegatingMethodAccessorImpl.invoke(DelegatingMethodAccessorImpl.java:43)
	at java.lang.reflect.Method.invoke(Method.java:498)
	at org.junit.runners.model.FrameworkMethod$1.runReflectiveCall(FrameworkMethod.java:47)
	at org.junit.internal.runners.model.ReflectiveCallable.run(ReflectiveCallable.java:12)
	at org.junit.runners.model.FrameworkMethod.invokeExplosively(FrameworkMethod.java:44)
	at org.junit.internal.runners.statements.InvokeMethod.evaluate(InvokeMethod.java:17)
	at org.junit.runners.ParentRunner.runLeaf(ParentRunner.java:271)
	at org.junit.runners.BlockJUnit4ClassRunner.runChild(BlockJUnit4ClassRunner.java:70)
	at org.junit.runners.BlockJUnit4ClassRunner.runChild(BlockJUnit4ClassRunner.java:50)
	at org.junit.runners.ParentRunner$3.run(ParentRunner.java:238)
	at org.junit.runners.ParentRunner$1.schedule(ParentRunner.java:63)
	at org.junit.runners.ParentRunner.runChildren(ParentRunner.java:236)
	at org.junit.runners.ParentRunner.access$000(ParentRunner.java:53)
	at org.junit.runners.ParentRunner$2.evaluate(ParentRunner.java:229)
	at org.junit.runners.ParentRunner.run(ParentRunner.java:309)
	at org.apache.maven.surefire.junit4.JUnit4Provider.execute(JUnit4Provider.java:365)
	at org.apache.maven.surefire.junit4.JUnit4Provider.executeWithRerun(JUnit4Provider.java:273)
	at org.apache.maven.surefire.junit4.JUnit4Provider.executeTestSet(JUnit4Provider.java:238)
	at org.apache.maven.surefire.junit4.JUnit4Provider.invoke(JUnit4Provider.java:159)
	at org.apache.maven.surefire.booter.ForkedBooter.invokeProviderInSameClassLoader(ForkedBooter.java:384)
	at org.apache.maven.surefire.booter.ForkedBooter.runSuitesInProcess(ForkedBooter.java:345)
	at org.apache.maven.surefire.booter.ForkedBooter.execute(ForkedBooter.java:126)
	at org.apache.maven.surefire.booter.ForkedBooter.main(ForkedBooter.java:418)
Caused by: org.apache.ratis.protocol.RaftRetryFailureException: Failed RaftClientRequest:client-77AF89B2F952->1c89303c-4cf4-4a41-a1ec-4ab916346441@group-6065D336B8D0, cid=14, seq=2*, RW, org.apache.hadoop.hdds.scm.XceiverClientRatis$$Lambda$298/456826612@23a7cea6 for 20 attempts with RetryLimited(maxAttempts=20, sleepTime=1000ms)
	at org.apache.ratis.client.impl.RaftClientImpl.noMoreRetries(RaftClientImpl.java:272)
	at org.apache.ratis.client.impl.OrderedAsync.handleAsyncRetryFailure(OrderedAsync.java:138)
	at org.apache.ratis.client.impl.OrderedAsync.lambda$sendRequest$10(OrderedAsync.java:230)
	at java.util.concurrent.CompletableFuture.uniExceptionally(CompletableFuture.java:870)
	at java.util.concurrent.CompletableFuture$UniExceptionally.tryFire(CompletableFuture.java:852)
	at java.util.concurrent.CompletableFuture.postComplete(CompletableFuture.java:474)
	at java.util.concurrent.CompletableFuture.completeExceptionally(CompletableFuture.java:1977)
	at org.apache.ratis.grpc.client.GrpcClientProtocolClient$AsyncStreamObservers.completeReplyExceptionally(GrpcClientProtocolClient.java:330)
	at org.apache.ratis.grpc.client.GrpcClientProtocolClient$AsyncStreamObservers.access$000(GrpcClientProtocolClient.java:246)
	at org.apache.ratis.grpc.client.GrpcClientProtocolClient$AsyncStreamObservers$1.onError(GrpcClientProtocolClient.java:275)
	at org.apache.ratis.thirdparty.io.grpc.stub.ClientCalls$StreamObserverToCallListenerAdapter.onClose(ClientCalls.java:434)
	at org.apache.ratis.thirdparty.io.grpc.PartialForwardingClientCallListener.onClose(PartialForwardingClientCallListener.java:39)
	at org.apache.ratis.thirdparty.io.grpc.ForwardingClientCallListener.onClose(ForwardingClientCallListener.java:23)
	at org.apache.ratis.thirdparty.io.grpc.ForwardingClientCallListener$SimpleForwardingClientCallListener.onClose(ForwardingClientCallListener.java:40)
	at org.apache.ratis.thirdparty.io.grpc.internal.CensusStatsModule$StatsClientInterceptor$1$1.onClose(CensusStatsModule.java:678)
	at org.apache.ratis.thirdparty.io.grpc.PartialForwardingClientCallListener.onClose(PartialForwardingClientCallListener.java:39)
	at org.apache.ratis.thirdparty.io.grpc.ForwardingClientCallListener.onClose(ForwardingClientCallListener.java:23)
	at org.apache.ratis.thirdparty.io.grpc.ForwardingClientCallListener$SimpleForwardingClientCallListener.onClose(ForwardingClientCallListener.java:40)
	at org.apache.ratis.thirdparty.io.grpc.internal.CensusTracingModule$TracingClientInterceptor$1$1.onClose(CensusTracingModule.java:397)
	at org.apache.ratis.thirdparty.io.grpc.internal.ClientCallImpl.closeObserver(ClientCallImpl.java:459)
	at org.apache.ratis.thirdparty.io.grpc.internal.ClientCallImpl.access$300(ClientCallImpl.java:63)
	at org.apache.ratis.thirdparty.io.grpc.internal.ClientCallImpl$ClientStreamListenerImpl.close(ClientCallImpl.java:546)
	at org.apache.ratis.thirdparty.io.grpc.internal.ClientCallImpl$ClientStreamListenerImpl.access$600(ClientCallImpl.java:467)
	at org.apache.ratis.thirdparty.io.grpc.internal.ClientCallImpl$ClientStreamListenerImpl$1StreamClosed.runInContext(ClientCallImpl.java:584)
	at org.apache.ratis.thirdparty.io.grpc.internal.ContextRunnable.run(ContextRunnable.java:37)
	at org.apache.ratis.thirdparty.io.grpc.internal.SerializingExecutor.run(SerializingExecutor.java:123)
	at java.util.concurrent.ThreadPoolExecutor.runWorker(ThreadPoolExecutor.java:1149)
	at java.util.concurrent.ThreadPoolExecutor$Worker.run(ThreadPoolExecutor.java:624)
	at java.lang.Thread.run(Thread.java:748)
Caused by: java.io.IOException: org.apache.ratis.thirdparty.io.grpc.StatusRuntimeException: UNAVAILABLE: io exception
	at org.apache.ratis.grpc.GrpcUtil.unwrapException(GrpcUtil.java:76)
	at org.apache.ratis.grpc.GrpcUtil.unwrapIOException(GrpcUtil.java:128)
	at org.apache.ratis.grpc.client.GrpcClientProtocolClient$AsyncStreamObservers$1.onError(GrpcClientProtocolClient.java:274)
	... 19 more
Caused by: org.apache.ratis.thirdparty.io.grpc.StatusRuntimeException: UNAVAILABLE: io exception
	at org.apache.ratis.thirdparty.io.grpc.Status.asRuntimeException(Status.java:526)
	... 19 more
Caused by: org.apache.ratis.thirdparty.io.netty.channel.AbstractChannel$AnnotatedConnectException: Connection refused: /192.168.157.251:36995
	at sun.nio.ch.SocketChannelImpl.checkConnect(Native Method)
	at sun.nio.ch.SocketChannelImpl.finishConnect(SocketChannelImpl.java:717)
	at org.apache.ratis.thirdparty.io.netty.channel.socket.nio.NioSocketChannel.doFinishConnect(NioSocketChannel.java:327)
	at org.apache.ratis.thirdparty.io.netty.channel.nio.AbstractNioChannel$AbstractNioUnsafe.finishConnect(AbstractNioChannel.java:340)
	at org.apache.ratis.thirdparty.io.netty.channel.nio.NioEventLoop.processSelectedKey(NioEventLoop.java:632)
	at org.apache.ratis.thirdparty.io.netty.channel.nio.NioEventLoop.processSelectedKeysOptimized(NioEventLoop.java:579)
	at org.apache.ratis.thirdparty.io.netty.channel.nio.NioEventLoop.processSelectedKeys(NioEventLoop.java:496)
	at org.apache.ratis.thirdparty.io.netty.channel.nio.NioEventLoop.run(NioEventLoop.java:458)
	at org.apache.ratis.thirdparty.io.netty.util.concurrent.SingleThreadEventExecutor$5.run(SingleThreadEventExecutor.java:897)
	at org.apache.ratis.thirdparty.io.netty.util.concurrent.FastThreadLocalRunnable.run(FastThreadLocalRunnable.java:30)
	... 1 more
Caused by: java.net.ConnectException: Connection refused
	... 11 more
</error>
    <system-out><![CDATA[2019-08-21 09:30:49,161 WARN  server.ServerUtils (ServerUtils.java:getScmDbDir(145)) - ozone.scm.db.dirs is not configured. We recommend adding this setting. Falling back to ozone.metadata.dirs instead.
2019-08-21 09:30:49,259 WARN  server.ServerUtils (ServerUtils.java:getScmDbDir(145)) - ozone.scm.db.dirs is not configured. We recommend adding this setting. Falling back to ozone.metadata.dirs instead.
2019-08-21 09:30:49,262 WARN  server.ServerUtils (ServerUtils.java:getScmDbDir(145)) - ozone.scm.db.dirs is not configured. We recommend adding this setting. Falling back to ozone.metadata.dirs instead.
2019-08-21 09:30:49,280 INFO  util.log (Log.java:initialized(192)) - Logging initialized @893ms
2019-08-21 09:30:49,386 INFO  db.DBStoreBuilder (DBStoreBuilder.java:addTable(110)) - using custom profile for table: deletedBlocks
2019-08-21 09:30:49,386 INFO  db.DBStoreBuilder (DBStoreBuilder.java:processTables(161)) - Using default column profile:DBProfile.DISK for Table:deletedBlocks
2019-08-21 09:30:49,387 INFO  db.DBStoreBuilder (DBStoreBuilder.java:addTable(110)) - using custom profile for table: validCerts
2019-08-21 09:30:49,387 INFO  db.DBStoreBuilder (DBStoreBuilder.java:processTables(161)) - Using default column profile:DBProfile.DISK for Table:validCerts
2019-08-21 09:30:49,387 INFO  db.DBStoreBuilder (DBStoreBuilder.java:addTable(110)) - using custom profile for table: revokedCerts
2019-08-21 09:30:49,387 INFO  db.DBStoreBuilder (DBStoreBuilder.java:processTables(161)) - Using default column profile:DBProfile.DISK for Table:revokedCerts
2019-08-21 09:30:49,400 INFO  db.DBStoreBuilder (DBStoreBuilder.java:addTable(110)) - using custom profile for table: default
2019-08-21 09:30:49,400 INFO  db.DBStoreBuilder (DBStoreBuilder.java:processTables(167)) - Using default column profile:DBProfile.DISK for Table:default
2019-08-21 09:30:49,402 INFO  db.DBStoreBuilder (DBStoreBuilder.java:getDbProfile(198)) - Using default options. DBProfile.DISK
2019-08-21 09:30:49,629 INFO  net.NodeSchemaLoader (NodeSchemaLoader.java:loadSchemaFromFile(125)) - Loading file from sun.misc.CompoundEnumeration@6eda5c9
2019-08-21 09:30:49,631 INFO  net.NodeSchemaLoader (NodeSchemaLoader.java:loadSchema(171)) - Loading network topology layer schema file
2019-08-21 09:30:49,709 WARN  server.ServerUtils (ServerUtils.java:sanitizeUserArgs(70)) - ozone.scm.stale.node.interval value = 300000 is larger than max = 100000 based on the key value of ozone.scm.heartbeat.thread.interval, reset to the max value 100000.
2019-08-21 09:30:49,710 WARN  server.ServerUtils (ServerUtils.java:sanitizeUserArgs(70)) - ozone.scm.stale.node.interval value = 300000 is larger than max = 100000 based on the key value of ozone.scm.heartbeat.thread.interval, reset to the max value 100000.
2019-08-21 09:30:49,713 INFO  node.SCMNodeManager (SCMNodeManager.java:<init>(121)) - Entering startup safe mode.
2019-08-21 09:30:49,784 INFO  algorithms.ContainerPlacementPolicyFactory (ContainerPlacementPolicyFactory.java:getPolicy(55)) - Create container placement policy of type org.apache.hadoop.hdds.scm.container.placement.algorithms.SCMContainerPlacementRandom
2019-08-21 09:30:49,798 WARN  server.ServerUtils (ServerUtils.java:getScmDbDir(145)) - ozone.scm.db.dirs is not configured. We recommend adding this setting. Falling back to ozone.metadata.dirs instead.
2019-08-21 09:30:49,885 INFO  pipeline.SCMPipelineManager (SCMPipelineManager.java:initializePipelineState(126)) - No pipeline exists in current db
2019-08-21 09:30:49,888 WARN  server.ServerUtils (ServerUtils.java:getScmDbDir(145)) - ozone.scm.db.dirs is not configured. We recommend adding this setting. Falling back to ozone.metadata.dirs instead.
2019-08-21 09:30:50,023 WARN  events.EventQueue (EventQueue.java:fireEvent(175)) - No event handler registered for event TypedEvent{payloadType=SafeModeStatus, name='SafeModeStatus'}
2019-08-21 09:30:50,389 INFO  ipc.CallQueueManager (CallQueueManager.java:<init>(84)) - Using callQueue: class java.util.concurrent.LinkedBlockingQueue, queueCapacity: 2000, scheduler: class org.apache.hadoop.ipc.DefaultRpcScheduler, ipcBackoff: false.
2019-08-21 09:30:50,417 INFO  ipc.Server (Server.java:run(1074)) - Starting Socket Reader #1 for port 39918
2019-08-21 09:30:50,441 INFO  ipc.CallQueueManager (CallQueueManager.java:<init>(84)) - Using callQueue: class java.util.concurrent.LinkedBlockingQueue, queueCapacity: 2000, scheduler: class org.apache.hadoop.ipc.DefaultRpcScheduler, ipcBackoff: false.
2019-08-21 09:30:50,442 INFO  ipc.Server (Server.java:run(1074)) - Starting Socket Reader #1 for port 41232
2019-08-21 09:30:50,448 INFO  ipc.CallQueueManager (CallQueueManager.java:<init>(84)) - Using callQueue: class java.util.concurrent.LinkedBlockingQueue, queueCapacity: 2000, scheduler: class org.apache.hadoop.ipc.DefaultRpcScheduler, ipcBackoff: false.
2019-08-21 09:30:50,449 INFO  ipc.Server (Server.java:run(1074)) - Starting Socket Reader #1 for port 34187
2019-08-21 09:30:50,623 INFO  hdfs.DFSUtil (DFSUtil.java:httpServerTemplateForNNAndJN(1641)) - Starting Web-server for scm at: http://0.0.0.0:0
2019-08-21 09:30:50,801 INFO  server.AuthenticationFilter (AuthenticationFilter.java:constructSecretProvider(240)) - Unable to initialize FileSignerSecretProvider, falling back to use random secrets.
2019-08-21 09:30:50,810 WARN  http.HttpRequestLog (HttpRequestLog.java:getRequestLog(97)) - Jetty request log can only be enabled using Log4j
2019-08-21 09:30:50,818 INFO  http.HttpServer2 (HttpServer2.java:addGlobalFilter(975)) - Added global filter 'safety' (class=org.apache.hadoop.http.HttpServer2$QuotingInputFilter)
2019-08-21 09:30:50,821 INFO  http.HttpServer2 (HttpServer2.java:addFilter(948)) - Added filter static_user_filter (class=org.apache.hadoop.http.lib.StaticUserWebFilter$StaticUserFilter) to context scm
2019-08-21 09:30:50,821 INFO  http.HttpServer2 (HttpServer2.java:addFilter(958)) - Added filter static_user_filter (class=org.apache.hadoop.http.lib.StaticUserWebFilter$StaticUserFilter) to context static
2019-08-21 09:30:50,821 INFO  http.HttpServer2 (HttpServer2.java:addFilter(958)) - Added filter static_user_filter (class=org.apache.hadoop.http.lib.StaticUserWebFilter$StaticUserFilter) to context logs
2019-08-21 09:30:50,853 INFO  server.StorageContainerManager (StorageContainerManager.java:start(759)) - StorageContainerLocationProtocol RPC server is listening at /0.0.0.0:34187
2019-08-21 09:30:50,923 WARN  impl.MetricsConfig (MetricsConfig.java:loadFirst(134)) - Cannot locate configuration: tried hadoop-metrics2-storagecontainermanager.properties,hadoop-metrics2.properties
2019-08-21 09:30:50,936 INFO  impl.MetricsSystemImpl (MetricsSystemImpl.java:startTimer(374)) - Scheduled Metric snapshot period at 10 second(s).
2019-08-21 09:30:50,936 INFO  impl.MetricsSystemImpl (MetricsSystemImpl.java:start(191)) - StorageContainerManager metrics system started
2019-08-21 09:30:51,178 INFO  server.SCMClientProtocolServer (SCMClientProtocolServer.java:start(151)) - RPC server for Client  is listening at /0.0.0.0:34187
2019-08-21 09:30:51,179 INFO  ipc.Server (Server.java:run(1314)) - IPC Server Responder: starting
2019-08-21 09:30:51,179 INFO  ipc.Server (Server.java:run(1153)) - IPC Server listener on 34187: starting
2019-08-21 09:30:51,182 INFO  server.StorageContainerManager (StorageContainerManager.java:start(769)) - ScmBlockLocationProtocol RPC server is listening at /0.0.0.0:41232
2019-08-21 09:30:51,182 INFO  server.SCMBlockProtocolServer (SCMBlockProtocolServer.java:start(140)) - RPC server for Block Protocol is listening at /0.0.0.0:41232
2019-08-21 09:30:51,183 INFO  ipc.Server (Server.java:run(1314)) - IPC Server Responder: starting
2019-08-21 09:30:51,183 INFO  ipc.Server (Server.java:run(1153)) - IPC Server listener on 41232: starting
2019-08-21 09:30:51,186 INFO  server.StorageContainerManager (StorageContainerManager.java:start(773)) - ScmDatanodeProtocl RPC server is listening at /0.0.0.0:39918
2019-08-21 09:30:51,186 INFO  server.SCMDatanodeProtocolServer (SCMDatanodeProtocolServer.java:start(191)) - RPC server for DataNodes is listening at /0.0.0.0:39918
2019-08-21 09:30:51,187 INFO  ipc.Server (Server.java:run(1314)) - IPC Server Responder: starting
2019-08-21 09:30:51,187 INFO  ipc.Server (Server.java:run(1153)) - IPC Server listener on 39918: starting
2019-08-21 09:30:51,193 INFO  http.HttpServer2 (HttpServer2.java:bindListener(1191)) - Jetty bound to port 44490
2019-08-21 09:30:51,196 INFO  server.Server (Server.java:doStart(351)) - jetty-9.3.24.v20180605, build timestamp: 2018-06-05T17:11:56Z, git hash: 84205aa28f11a4f31f2a3b86d1bba2cc8ab69827
2019-08-21 09:30:51,261 INFO  handler.ContextHandler (ContextHandler.java:doStart(781)) - Started o.e.j.s.ServletContextHandler@79d94571{/logs,file:///workdir/hadoop-ozone/integration-test/target/log,AVAILABLE}
2019-08-21 09:30:51,262 INFO  handler.ContextHandler (ContextHandler.java:doStart(781)) - Started o.e.j.s.ServletContextHandler@3212a8d7{/static,file:///workdir/hadoop-ozone/integration-test/target/test-classes/webapps/static,AVAILABLE}
2019-08-21 09:30:51,308 INFO  handler.ContextHandler (ContextHandler.java:doStart(781)) - Started o.e.j.w.WebAppContext@4a3e3e8b{/,file:///workdir/hadoop-ozone/integration-test/target/test-classes/webapps/scm/,AVAILABLE}{/scm}
2019-08-21 09:30:51,314 INFO  server.AbstractConnector (AbstractConnector.java:doStart(278)) - Started ServerConnector@6e9319f{HTTP/1.1,[http/1.1]}{0.0.0.0:44490}
2019-08-21 09:30:51,315 INFO  server.Server (Server.java:doStart(419)) - Started @2927ms
2019-08-21 09:30:51,316 INFO  server.BaseHttpServer (BaseHttpServer.java:updateConnectorAddress(213)) - HTTP server of SCM is listening at http://0.0.0.0:44490
2019-08-21 09:30:51,321 INFO  util.JvmPauseMonitor (JvmPauseMonitor.java:run(188)) - Starting JVM pause monitor
2019-08-21 09:30:51,325 WARN  server.ServerUtils (ServerUtils.java:getDBPath(222)) - ozone.om.db.dirs is not configured. We recommend adding this setting. Falling back to ozone.metadata.dirs instead.
2019-08-21 09:30:51,436 WARN  server.ServerUtils (ServerUtils.java:getDBPath(222)) - ozone.om.db.dirs is not configured. We recommend adding this setting. Falling back to ozone.metadata.dirs instead.
2019-08-21 09:30:51,436 WARN  server.ServerUtils (ServerUtils.java:getDBPath(222)) - ozone.om.db.dirs is not configured. We recommend adding this setting. Falling back to ozone.metadata.dirs instead.
2019-08-21 09:30:51,437 INFO  om.OzoneManager (OzoneManager.java:setOMNodeDetails(647)) - OM Service ID is not set. Setting it to the default ID: omServiceIdDefault
2019-08-21 09:30:51,438 INFO  om.OzoneManager (OzoneManager.java:setOMNodeDetails(653)) - OM Node ID is not set. Setting it to the OmStorage's OmID: b4e2b0a0-be8d-4620-9fb1-57dfa9621f9a
2019-08-21 09:30:51,439 INFO  om.OzoneManager (OzoneManager.java:loadOMHAConfigs(604)) - Found matching OM address with OMServiceId: null, OMNodeId: null, RPC Address: localhost:0 and Ratis port: 9872
2019-08-21 09:30:52,195 WARN  server.ServerUtils (ServerUtils.java:getDBPath(222)) - ozone.om.db.dirs is not configured. We recommend adding this setting. Falling back to ozone.metadata.dirs instead.
2019-08-21 09:30:52,203 INFO  db.DBStoreBuilder (DBStoreBuilder.java:addTable(110)) - using custom profile for table: userTable
2019-08-21 09:30:52,203 INFO  db.DBStoreBuilder (DBStoreBuilder.java:processTables(161)) - Using default column profile:DBProfile.DISK for Table:userTable
2019-08-21 09:30:52,203 INFO  db.DBStoreBuilder (DBStoreBuilder.java:addTable(110)) - using custom profile for table: volumeTable
2019-08-21 09:30:52,203 INFO  db.DBStoreBuilder (DBStoreBuilder.java:processTables(161)) - Using default column profile:DBProfile.DISK for Table:volumeTable
2019-08-21 09:30:52,204 INFO  db.DBStoreBuilder (DBStoreBuilder.java:addTable(110)) - using custom profile for table: bucketTable
2019-08-21 09:30:52,204 INFO  db.DBStoreBuilder (DBStoreBuilder.java:processTables(161)) - Using default column profile:DBProfile.DISK for Table:bucketTable
2019-08-21 09:30:52,204 INFO  db.DBStoreBuilder (DBStoreBuilder.java:addTable(110)) - using custom profile for table: keyTable
2019-08-21 09:30:52,204 INFO  db.DBStoreBuilder (DBStoreBuilder.java:processTables(161)) - Using default column profile:DBProfile.DISK for Table:keyTable
2019-08-21 09:30:52,205 INFO  db.DBStoreBuilder (DBStoreBuilder.java:addTable(110)) - using custom profile for table: deletedTable
2019-08-21 09:30:52,205 INFO  db.DBStoreBuilder (DBStoreBuilder.java:processTables(161)) - Using default column profile:DBProfile.DISK for Table:deletedTable
2019-08-21 09:30:52,205 INFO  db.DBStoreBuilder (DBStoreBuilder.java:addTable(110)) - using custom profile for table: openKeyTable
2019-08-21 09:30:52,205 INFO  db.DBStoreBuilder (DBStoreBuilder.java:processTables(161)) - Using default column profile:DBProfile.DISK for Table:openKeyTable
2019-08-21 09:30:52,206 INFO  db.DBStoreBuilder (DBStoreBuilder.java:addTable(110)) - using custom profile for table: s3Table
2019-08-21 09:30:52,206 INFO  db.DBStoreBuilder (DBStoreBuilder.java:processTables(161)) - Using default column profile:DBProfile.DISK for Table:s3Table
2019-08-21 09:30:52,206 INFO  db.DBStoreBuilder (DBStoreBuilder.java:addTable(110)) - using custom profile for table: multipartInfoTable
2019-08-21 09:30:52,206 INFO  db.DBStoreBuilder (DBStoreBuilder.java:processTables(161)) - Using default column profile:DBProfile.DISK for Table:multipartInfoTable
2019-08-21 09:30:52,206 INFO  db.DBStoreBuilder (DBStoreBuilder.java:addTable(110)) - using custom profile for table: dTokenTable
2019-08-21 09:30:52,207 INFO  db.DBStoreBuilder (DBStoreBuilder.java:processTables(161)) - Using default column profile:DBProfile.DISK for Table:dTokenTable
2019-08-21 09:30:52,207 INFO  db.DBStoreBuilder (DBStoreBuilder.java:addTable(110)) - using custom profile for table: s3SecretTable
2019-08-21 09:30:52,207 INFO  db.DBStoreBuilder (DBStoreBuilder.java:processTables(161)) - Using default column profile:DBProfile.DISK for Table:s3SecretTable
2019-08-21 09:30:52,208 INFO  db.DBStoreBuilder (DBStoreBuilder.java:addTable(110)) - using custom profile for table: prefixTable
2019-08-21 09:30:52,208 INFO  db.DBStoreBuilder (DBStoreBuilder.java:processTables(161)) - Using default column profile:DBProfile.DISK for Table:prefixTable
2019-08-21 09:30:52,208 INFO  db.DBStoreBuilder (DBStoreBuilder.java:addTable(110)) - using custom profile for table: default
2019-08-21 09:30:52,208 INFO  db.DBStoreBuilder (DBStoreBuilder.java:processTables(167)) - Using default column profile:DBProfile.DISK for Table:default
2019-08-21 09:30:52,208 INFO  db.DBStoreBuilder (DBStoreBuilder.java:getDbProfile(198)) - Using default options. DBProfile.DISK
2019-08-21 09:30:52,641 INFO  ipc.CallQueueManager (CallQueueManager.java:<init>(84)) - Using callQueue: class java.util.concurrent.LinkedBlockingQueue, queueCapacity: 2000, scheduler: class org.apache.hadoop.ipc.DefaultRpcScheduler, ipcBackoff: false.
2019-08-21 09:30:52,642 INFO  ipc.Server (Server.java:run(1074)) - Starting Socket Reader #1 for port 46529
2019-08-21 09:30:52,666 INFO  om.OzoneManager (OzoneManager.java:start(1258)) - OzoneManager RPC server is listening at localhost/127.0.0.1:46529
2019-08-21 09:30:52,666 INFO  impl.MetricsSystemImpl (MetricsSystemImpl.java:init(158)) - OzoneManager metrics system started (again)
2019-08-21 09:30:52,667 INFO  ipc.Server (Server.java:run(1314)) - IPC Server Responder: starting
2019-08-21 09:30:52,668 INFO  ipc.Server (Server.java:run(1153)) - IPC Server listener on 46529: starting
2019-08-21 09:30:52,674 INFO  hdfs.DFSUtil (DFSUtil.java:httpServerTemplateForNNAndJN(1641)) - Starting Web-server for ozoneManager at: http://0.0.0.0:0
2019-08-21 09:30:52,677 INFO  server.AuthenticationFilter (AuthenticationFilter.java:constructSecretProvider(240)) - Unable to initialize FileSignerSecretProvider, falling back to use random secrets.
2019-08-21 09:30:52,677 WARN  http.HttpRequestLog (HttpRequestLog.java:getRequestLog(97)) - Jetty request log can only be enabled using Log4j
2019-08-21 09:30:52,681 INFO  http.HttpServer2 (HttpServer2.java:addGlobalFilter(975)) - Added global filter 'safety' (class=org.apache.hadoop.http.HttpServer2$QuotingInputFilter)
2019-08-21 09:30:52,683 INFO  http.HttpServer2 (HttpServer2.java:addFilter(948)) - Added filter static_user_filter (class=org.apache.hadoop.http.lib.StaticUserWebFilter$StaticUserFilter) to context ozoneManager
2019-08-21 09:30:52,683 INFO  http.HttpServer2 (HttpServer2.java:addFilter(958)) - Added filter static_user_filter (class=org.apache.hadoop.http.lib.StaticUserWebFilter$StaticUserFilter) to context static
2019-08-21 09:30:52,684 INFO  http.HttpServer2 (HttpServer2.java:addFilter(958)) - Added filter static_user_filter (class=org.apache.hadoop.http.lib.StaticUserWebFilter$StaticUserFilter) to context logs
2019-08-21 09:30:52,687 INFO  http.HttpServer2 (HttpServer2.java:bindListener(1191)) - Jetty bound to port 38474
2019-08-21 09:30:52,687 INFO  server.Server (Server.java:doStart(351)) - jetty-9.3.24.v20180605, build timestamp: 2018-06-05T17:11:56Z, git hash: 84205aa28f11a4f31f2a3b86d1bba2cc8ab69827
2019-08-21 09:30:52,690 INFO  handler.ContextHandler (ContextHandler.java:doStart(781)) - Started o.e.j.s.ServletContextHandler@7004e3d{/logs,file:///workdir/hadoop-ozone/integration-test/target/log,AVAILABLE}
2019-08-21 09:30:52,691 INFO  handler.ContextHandler (ContextHandler.java:doStart(781)) - Started o.e.j.s.ServletContextHandler@71a3a190{/static,file:///workdir/hadoop-ozone/integration-test/target/test-classes/webapps/static,AVAILABLE}
2019-08-21 09:30:52,700 INFO  handler.ContextHandler (ContextHandler.java:doStart(781)) - Started o.e.j.w.WebAppContext@4e868ef5{/,file:///workdir/hadoop-ozone/integration-test/target/test-classes/webapps/ozoneManager/,AVAILABLE}{/ozoneManager}
2019-08-21 09:30:52,701 INFO  server.AbstractConnector (AbstractConnector.java:doStart(278)) - Started ServerConnector@71c905a3{HTTP/1.1,[http/1.1]}{0.0.0.0:38474}
2019-08-21 09:30:52,702 INFO  server.Server (Server.java:doStart(419)) - Started @4315ms
2019-08-21 09:30:52,703 INFO  server.BaseHttpServer (BaseHttpServer.java:updateConnectorAddress(213)) - HTTP server of OZONEMANAGER is listening at http://0.0.0.0:38474
2019-08-21 09:30:53,100 INFO  impl.MetricsSystemImpl (MetricsSystemImpl.java:init(158)) - HddsDatanode metrics system started (again)
2019-08-21 09:30:53,210 INFO  ozone.HddsDatanodeService (HddsDatanodeService.java:start(184)) - HddsDatanodeService host:pr-hdds-1948-qvnss-3490636412 ip:192.168.157.251
2019-08-21 09:30:53,260 INFO  volume.HddsVolume (HddsVolume.java:<init>(176)) - Creating Volume: /workdir/hadoop-ozone/integration-test/target/test-dir/MiniOzoneClusterImpl-a9f09a8a-841d-4252-92d8-3ce110573119/datanode-0/data/containers/hdds of  storage type : DISK and capacity : 1482555576320
2019-08-21 09:30:53,263 INFO  volume.VolumeSet (VolumeSet.java:initializeVolumeSet(170)) - Added Volume : /workdir/hadoop-ozone/integration-test/target/test-dir/MiniOzoneClusterImpl-a9f09a8a-841d-4252-92d8-3ce110573119/datanode-0/data/containers/hdds to VolumeSet
2019-08-21 09:30:53,267 INFO  volume.ThrottledAsyncChecker (ThrottledAsyncChecker.java:schedule(140)) - Scheduling a check for org.apache.hadoop.ozone.container.common.volume.HddsVolume@58a4a74d
2019-08-21 09:30:53,290 INFO  volume.HddsVolumeChecker (HddsVolumeChecker.java:checkAllVolumes(203)) - Scheduled health check for volume org.apache.hadoop.ozone.container.common.volume.HddsVolume@58a4a74d
2019-08-21 09:30:53,414 INFO  impl.RaftServerProxy (ConfUtils.java:logGet(43)) - raft.rpc.type = GRPC (default)
2019-08-21 09:30:53,485 INFO  grpc.GrpcFactory (GrpcFactory.java:checkPooledByteBufAllocatorUseCacheForAllThreads(45)) - PERFORMANCE WARNING: useCacheForAllThreads is true that may cause Netty to create a lot garbage objects and, as a result, trigger GC.
	It is recommended to disable useCacheForAllThreads by setting -Dorg.apache.ratis.thirdparty.io.netty.allocator.useCacheForAllThreads=false in command line.
2019-08-21 09:30:53,490 INFO  grpc.GrpcConfigKeys$Server (ConfUtils.java:logGet(43)) - raft.grpc.server.port = 0 (default)
2019-08-21 09:30:53,491 INFO  server.GrpcService (ConfUtils.java:logGet(43)) - raft.grpc.message.size.max = 33570816 (custom)
2019-08-21 09:30:53,492 INFO  server.RaftServerConfigKeys (ConfUtils.java:logGet(43)) - raft.server.log.appender.buffer.byte-limit = 33554432 (custom)
2019-08-21 09:30:53,493 INFO  server.GrpcService (ConfUtils.java:logGet(43)) - raft.grpc.flow.control.window = 1MB (=1048576) (default)
2019-08-21 09:30:53,494 INFO  server.RaftServerConfigKeys (ConfUtils.java:logGet(43)) - raft.server.rpc.request.timeout = 3000ms (default)
2019-08-21 09:30:53,676 INFO  server.RaftServerConfigKeys (ConfUtils.java:logGet(43)) - raft.server.storage.dir = [/workdir/hadoop-ozone/integration-test/target/test-dir/MiniOzoneClusterImpl-a9f09a8a-841d-4252-92d8-3ce110573119/datanode-0/data/ratis] (custom)
2019-08-21 09:30:53,728 INFO  replication.SimpleContainerDownloader (SimpleContainerDownloader.java:<init>(72)) - Starting container downloader service to copy containers to replicate.
2019-08-21 09:30:53,744 INFO  hdfs.DFSUtil (DFSUtil.java:httpServerTemplateForNNAndJN(1641)) - Starting Web-server for hddsDatanode at: http://0.0.0.0:0
2019-08-21 09:30:53,748 INFO  server.AuthenticationFilter (AuthenticationFilter.java:constructSecretProvider(240)) - Unable to initialize FileSignerSecretProvider, falling back to use random secrets.
2019-08-21 09:30:53,749 WARN  http.HttpRequestLog (HttpRequestLog.java:getRequestLog(97)) - Jetty request log can only be enabled using Log4j
2019-08-21 09:30:53,752 INFO  http.HttpServer2 (HttpServer2.java:addGlobalFilter(975)) - Added global filter 'safety' (class=org.apache.hadoop.http.HttpServer2$QuotingInputFilter)
2019-08-21 09:30:53,754 INFO  http.HttpServer2 (HttpServer2.java:addFilter(948)) - Added filter static_user_filter (class=org.apache.hadoop.http.lib.StaticUserWebFilter$StaticUserFilter) to context hddsDatanode
2019-08-21 09:30:53,754 INFO  http.HttpServer2 (HttpServer2.java:addFilter(958)) - Added filter static_user_filter (class=org.apache.hadoop.http.lib.StaticUserWebFilter$StaticUserFilter) to context static
2019-08-21 09:30:53,755 INFO  http.HttpServer2 (HttpServer2.java:addFilter(958)) - Added filter static_user_filter (class=org.apache.hadoop.http.lib.StaticUserWebFilter$StaticUserFilter) to context logs
2019-08-21 09:30:53,756 INFO  http.HttpServer2 (HttpServer2.java:bindListener(1191)) - Jetty bound to port 42662
2019-08-21 09:30:53,757 INFO  server.Server (Server.java:doStart(351)) - jetty-9.3.24.v20180605, build timestamp: 2018-06-05T17:11:56Z, git hash: 84205aa28f11a4f31f2a3b86d1bba2cc8ab69827
2019-08-21 09:30:53,760 INFO  handler.ContextHandler (ContextHandler.java:doStart(781)) - Started o.e.j.s.ServletContextHandler@302edb74{/logs,file:///workdir/hadoop-ozone/integration-test/target/log,AVAILABLE}
2019-08-21 09:30:53,761 INFO  handler.ContextHandler (ContextHandler.java:doStart(781)) - Started o.e.j.s.ServletContextHandler@672b72ba{/static,jar:file:/home/user/.m2/repository/org/apache/hadoop/hadoop-hdds-container-service/0.5.0-SNAPSHOT/hadoop-hdds-container-service-0.5.0-SNAPSHOT.jar!/webapps/static,AVAILABLE}
2019-08-21 09:30:53,833 INFO  handler.ContextHandler (ContextHandler.java:doStart(781)) - Started o.e.j.w.WebAppContext@4b6d92e{/,file:///tmp/jetty-0.0.0.0-42662-hddsDatanode-_-any-6078694566331012948.dir/webapp/,AVAILABLE}{/hddsDatanode}
2019-08-21 09:30:53,835 INFO  server.AbstractConnector (AbstractConnector.java:doStart(278)) - Started ServerConnector@33899f7a{HTTP/1.1,[http/1.1]}{0.0.0.0:42662}
2019-08-21 09:30:53,837 INFO  server.Server (Server.java:doStart(419)) - Started @5449ms
2019-08-21 09:30:53,838 INFO  server.BaseHttpServer (BaseHttpServer.java:updateConnectorAddress(213)) - HTTP server of HDDSDATANODE is listening at http://0.0.0.0:42662
2019-08-21 09:30:54,967 INFO  ozone.HddsDatanodeService (HddsDatanodeService.java:startPlugins(395)) - Started plug-in org.apache.hadoop.ozone.web.OzoneHddsDatanodeService@5c059a68
2019-08-21 09:30:54,968 INFO  impl.MetricsSystemImpl (MetricsSystemImpl.java:init(158)) - HddsDatanode metrics system started (again)
2019-08-21 09:30:54,971 INFO  ozone.HddsDatanodeService (HddsDatanodeService.java:start(184)) - HddsDatanodeService host:pr-hdds-1948-qvnss-3490636412 ip:192.168.157.251
2019-08-21 09:30:54,976 INFO  util.JvmPauseMonitor (JvmPauseMonitor.java:run(188)) - Starting JVM pause monitor
2019-08-21 09:30:54,983 INFO  volume.HddsVolume (HddsVolume.java:<init>(176)) - Creating Volume: /workdir/hadoop-ozone/integration-test/target/test-dir/MiniOzoneClusterImpl-a9f09a8a-841d-4252-92d8-3ce110573119/datanode-1/data/containers/hdds of  storage type : DISK and capacity : 1482555576320
2019-08-21 09:30:54,983 INFO  volume.VolumeSet (VolumeSet.java:initializeVolumeSet(170)) - Added Volume : /workdir/hadoop-ozone/integration-test/target/test-dir/MiniOzoneClusterImpl-a9f09a8a-841d-4252-92d8-3ce110573119/datanode-1/data/containers/hdds to VolumeSet
2019-08-21 09:30:54,983 INFO  volume.ThrottledAsyncChecker (ThrottledAsyncChecker.java:schedule(140)) - Scheduling a check for org.apache.hadoop.ozone.container.common.volume.HddsVolume@2d7637e6
2019-08-21 09:30:54,984 INFO  volume.HddsVolumeChecker (HddsVolumeChecker.java:checkAllVolumes(203)) - Scheduled health check for volume org.apache.hadoop.ozone.container.common.volume.HddsVolume@2d7637e6
2019-08-21 09:30:55,005 INFO  impl.RaftServerProxy (ConfUtils.java:logGet(43)) - raft.rpc.type = GRPC (default)
2019-08-21 09:30:55,005 INFO  grpc.GrpcFactory (GrpcFactory.java:checkPooledByteBufAllocatorUseCacheForAllThreads(45)) - PERFORMANCE WARNING: useCacheForAllThreads is true that may cause Netty to create a lot garbage objects and, as a result, trigger GC.
	It is recommended to disable useCacheForAllThreads by setting -Dorg.apache.ratis.thirdparty.io.netty.allocator.useCacheForAllThreads=false in command line.
2019-08-21 09:30:55,006 INFO  grpc.GrpcConfigKeys$Server (ConfUtils.java:logGet(43)) - raft.grpc.server.port = 0 (default)
2019-08-21 09:30:55,006 INFO  server.GrpcService (ConfUtils.java:logGet(43)) - raft.grpc.message.size.max = 33570816 (custom)
2019-08-21 09:30:55,006 INFO  server.RaftServerConfigKeys (ConfUtils.java:logGet(43)) - raft.server.log.appender.buffer.byte-limit = 33554432 (custom)
2019-08-21 09:30:55,006 INFO  server.GrpcService (ConfUtils.java:logGet(43)) - raft.grpc.flow.control.window = 1MB (=1048576) (default)
2019-08-21 09:30:55,007 INFO  server.RaftServerConfigKeys (ConfUtils.java:logGet(43)) - raft.server.rpc.request.timeout = 3000ms (default)
2019-08-21 09:30:55,007 INFO  server.RaftServerConfigKeys (ConfUtils.java:logGet(43)) - raft.server.storage.dir = [/workdir/hadoop-ozone/integration-test/target/test-dir/MiniOzoneClusterImpl-a9f09a8a-841d-4252-92d8-3ce110573119/datanode-1/data/ratis] (custom)
2019-08-21 09:30:55,008 INFO  replication.SimpleContainerDownloader (SimpleContainerDownloader.java:<init>(72)) - Starting container downloader service to copy containers to replicate.
2019-08-21 09:30:55,009 INFO  hdfs.DFSUtil (DFSUtil.java:httpServerTemplateForNNAndJN(1641)) - Starting Web-server for hddsDatanode at: http://0.0.0.0:0
2019-08-21 09:30:55,011 INFO  server.AuthenticationFilter (AuthenticationFilter.java:constructSecretProvider(240)) - Unable to initialize FileSignerSecretProvider, falling back to use random secrets.
2019-08-21 09:30:55,013 WARN  http.HttpRequestLog (HttpRequestLog.java:getRequestLog(97)) - Jetty request log can only be enabled using Log4j
2019-08-21 09:30:55,015 INFO  http.HttpServer2 (HttpServer2.java:addGlobalFilter(975)) - Added global filter 'safety' (class=org.apache.hadoop.http.HttpServer2$QuotingInputFilter)
2019-08-21 09:30:55,016 INFO  http.HttpServer2 (HttpServer2.java:addFilter(948)) - Added filter static_user_filter (class=org.apache.hadoop.http.lib.StaticUserWebFilter$StaticUserFilter) to context hddsDatanode
2019-08-21 09:30:55,016 INFO  http.HttpServer2 (HttpServer2.java:addFilter(958)) - Added filter static_user_filter (class=org.apache.hadoop.http.lib.StaticUserWebFilter$StaticUserFilter) to context static
2019-08-21 09:30:55,017 INFO  http.HttpServer2 (HttpServer2.java:addFilter(958)) - Added filter static_user_filter (class=org.apache.hadoop.http.lib.StaticUserWebFilter$StaticUserFilter) to context logs
2019-08-21 09:30:55,018 INFO  http.HttpServer2 (HttpServer2.java:bindListener(1191)) - Jetty bound to port 43818
2019-08-21 09:30:55,018 INFO  server.Server (Server.java:doStart(351)) - jetty-9.3.24.v20180605, build timestamp: 2018-06-05T17:11:56Z, git hash: 84205aa28f11a4f31f2a3b86d1bba2cc8ab69827
2019-08-21 09:30:55,025 INFO  handler.ContextHandler (ContextHandler.java:doStart(781)) - Started o.e.j.s.ServletContextHandler@3cc053{/logs,file:///workdir/hadoop-ozone/integration-test/target/log,AVAILABLE}
2019-08-21 09:30:55,026 INFO  handler.ContextHandler (ContextHandler.java:doStart(781)) - Started o.e.j.s.ServletContextHandler@7fbd3e75{/static,jar:file:/home/user/.m2/repository/org/apache/hadoop/hadoop-hdds-container-service/0.5.0-SNAPSHOT/hadoop-hdds-container-service-0.5.0-SNAPSHOT.jar!/webapps/static,AVAILABLE}
2019-08-21 09:30:55,069 INFO  handler.ContextHandler (ContextHandler.java:doStart(781)) - Started o.e.j.w.WebAppContext@2a50b32d{/,file:///tmp/jetty-0.0.0.0-43818-hddsDatanode-_-any-4584161727761288139.dir/webapp/,AVAILABLE}{/hddsDatanode}
2019-08-21 09:30:55,070 INFO  server.AbstractConnector (AbstractConnector.java:doStart(278)) - Started ServerConnector@36c7cbe1{HTTP/1.1,[http/1.1]}{0.0.0.0:43818}
2019-08-21 09:30:55,072 INFO  server.Server (Server.java:doStart(419)) - Started @6684ms
2019-08-21 09:30:55,073 INFO  server.BaseHttpServer (BaseHttpServer.java:updateConnectorAddress(213)) - HTTP server of HDDSDATANODE is listening at http://0.0.0.0:43818
2019-08-21 09:30:55,123 INFO  datanode.InitDatanodeState (InitDatanodeState.java:persistContainerDatanodeDetails(140)) - DatanodeDetails is persisted to /workdir/hadoop-ozone/integration-test/target/test-dir/MiniOzoneClusterImpl-a9f09a8a-841d-4252-92d8-3ce110573119/datanode-0/meta/datanode.id
2019-08-21 09:30:55,236 INFO  ozone.HddsDatanodeService (HddsDatanodeService.java:startPlugins(395)) - Started plug-in org.apache.hadoop.ozone.web.OzoneHddsDatanodeService@3daf03d8
2019-08-21 09:30:55,236 INFO  impl.MetricsSystemImpl (MetricsSystemImpl.java:init(158)) - HddsDatanode metrics system started (again)
2019-08-21 09:30:55,240 INFO  ozone.HddsDatanodeService (HddsDatanodeService.java:start(184)) - HddsDatanodeService host:pr-hdds-1948-qvnss-3490636412 ip:192.168.157.251
2019-08-21 09:30:55,240 INFO  util.JvmPauseMonitor (JvmPauseMonitor.java:run(188)) - Starting JVM pause monitor
2019-08-21 09:30:55,246 INFO  datanode.InitDatanodeState (InitDatanodeState.java:persistContainerDatanodeDetails(140)) - DatanodeDetails is persisted to /workdir/hadoop-ozone/integration-test/target/test-dir/MiniOzoneClusterImpl-a9f09a8a-841d-4252-92d8-3ce110573119/datanode-1/meta/datanode.id
2019-08-21 09:30:55,251 INFO  volume.HddsVolume (HddsVolume.java:<init>(176)) - Creating Volume: /workdir/hadoop-ozone/integration-test/target/test-dir/MiniOzoneClusterImpl-a9f09a8a-841d-4252-92d8-3ce110573119/datanode-2/data/containers/hdds of  storage type : DISK and capacity : 1482555576320
2019-08-21 09:30:55,252 INFO  volume.VolumeSet (VolumeSet.java:initializeVolumeSet(170)) - Added Volume : /workdir/hadoop-ozone/integration-test/target/test-dir/MiniOzoneClusterImpl-a9f09a8a-841d-4252-92d8-3ce110573119/datanode-2/data/containers/hdds to VolumeSet
2019-08-21 09:30:55,252 INFO  volume.ThrottledAsyncChecker (ThrottledAsyncChecker.java:schedule(140)) - Scheduling a check for org.apache.hadoop.ozone.container.common.volume.HddsVolume@6b63abdc
2019-08-21 09:30:55,253 INFO  volume.HddsVolumeChecker (HddsVolumeChecker.java:checkAllVolumes(203)) - Scheduled health check for volume org.apache.hadoop.ozone.container.common.volume.HddsVolume@6b63abdc
2019-08-21 09:30:55,269 INFO  impl.RaftServerProxy (ConfUtils.java:logGet(43)) - raft.rpc.type = GRPC (default)
2019-08-21 09:30:55,270 INFO  grpc.GrpcFactory (GrpcFactory.java:checkPooledByteBufAllocatorUseCacheForAllThreads(45)) - PERFORMANCE WARNING: useCacheForAllThreads is true that may cause Netty to create a lot garbage objects and, as a result, trigger GC.
	It is recommended to disable useCacheForAllThreads by setting -Dorg.apache.ratis.thirdparty.io.netty.allocator.useCacheForAllThreads=false in command line.
2019-08-21 09:30:55,270 INFO  grpc.GrpcConfigKeys$Server (ConfUtils.java:logGet(43)) - raft.grpc.server.port = 0 (default)
2019-08-21 09:30:55,270 INFO  server.GrpcService (ConfUtils.java:logGet(43)) - raft.grpc.message.size.max = 33570816 (custom)
2019-08-21 09:30:55,270 INFO  server.RaftServerConfigKeys (ConfUtils.java:logGet(43)) - raft.server.log.appender.buffer.byte-limit = 33554432 (custom)
2019-08-21 09:30:55,270 INFO  server.GrpcService (ConfUtils.java:logGet(43)) - raft.grpc.flow.control.window = 1MB (=1048576) (default)
2019-08-21 09:30:55,271 INFO  server.RaftServerConfigKeys (ConfUtils.java:logGet(43)) - raft.server.rpc.request.timeout = 3000ms (default)
2019-08-21 09:30:55,271 INFO  server.RaftServerConfigKeys (ConfUtils.java:logGet(43)) - raft.server.storage.dir = [/workdir/hadoop-ozone/integration-test/target/test-dir/MiniOzoneClusterImpl-a9f09a8a-841d-4252-92d8-3ce110573119/datanode-2/data/ratis] (custom)
2019-08-21 09:30:55,272 INFO  replication.SimpleContainerDownloader (SimpleContainerDownloader.java:<init>(72)) - Starting container downloader service to copy containers to replicate.
2019-08-21 09:30:55,273 INFO  hdfs.DFSUtil (DFSUtil.java:httpServerTemplateForNNAndJN(1641)) - Starting Web-server for hddsDatanode at: http://0.0.0.0:0
2019-08-21 09:30:55,274 INFO  server.AuthenticationFilter (AuthenticationFilter.java:constructSecretProvider(240)) - Unable to initialize FileSignerSecretProvider, falling back to use random secrets.
2019-08-21 09:30:55,275 WARN  http.HttpRequestLog (HttpRequestLog.java:getRequestLog(97)) - Jetty request log can only be enabled using Log4j
2019-08-21 09:30:55,276 INFO  http.HttpServer2 (HttpServer2.java:addGlobalFilter(975)) - Added global filter 'safety' (class=org.apache.hadoop.http.HttpServer2$QuotingInputFilter)
2019-08-21 09:30:55,277 INFO  http.HttpServer2 (HttpServer2.java:addFilter(948)) - Added filter static_user_filter (class=org.apache.hadoop.http.lib.StaticUserWebFilter$StaticUserFilter) to context hddsDatanode
2019-08-21 09:30:55,277 INFO  http.HttpServer2 (HttpServer2.java:addFilter(958)) - Added filter static_user_filter (class=org.apache.hadoop.http.lib.StaticUserWebFilter$StaticUserFilter) to context static
2019-08-21 09:30:55,277 INFO  http.HttpServer2 (HttpServer2.java:addFilter(958)) - Added filter static_user_filter (class=org.apache.hadoop.http.lib.StaticUserWebFilter$StaticUserFilter) to context logs
2019-08-21 09:30:55,278 INFO  http.HttpServer2 (HttpServer2.java:bindListener(1191)) - Jetty bound to port 36315
2019-08-21 09:30:55,278 INFO  server.Server (Server.java:doStart(351)) - jetty-9.3.24.v20180605, build timestamp: 2018-06-05T17:11:56Z, git hash: 84205aa28f11a4f31f2a3b86d1bba2cc8ab69827
2019-08-21 09:30:55,280 INFO  handler.ContextHandler (ContextHandler.java:doStart(781)) - Started o.e.j.s.ServletContextHandler@1213ffbc{/logs,file:///workdir/hadoop-ozone/integration-test/target/log,AVAILABLE}
2019-08-21 09:30:55,281 INFO  handler.ContextHandler (ContextHandler.java:doStart(781)) - Started o.e.j.s.ServletContextHandler@6637a365{/static,jar:file:/home/user/.m2/repository/org/apache/hadoop/hadoop-hdds-container-service/0.5.0-SNAPSHOT/hadoop-hdds-container-service-0.5.0-SNAPSHOT.jar!/webapps/static,AVAILABLE}
2019-08-21 09:30:55,309 INFO  handler.ContextHandler (ContextHandler.java:doStart(781)) - Started o.e.j.w.WebAppContext@1f78d415{/,file:///tmp/jetty-0.0.0.0-36315-hddsDatanode-_-any-1035773309644925188.dir/webapp/,AVAILABLE}{/hddsDatanode}
2019-08-21 09:30:55,310 INFO  server.AbstractConnector (AbstractConnector.java:doStart(278)) - Started ServerConnector@1c046c92{HTTP/1.1,[http/1.1]}{0.0.0.0:36315}
2019-08-21 09:30:55,311 INFO  server.Server (Server.java:doStart(419)) - Started @6923ms
2019-08-21 09:30:55,312 INFO  server.BaseHttpServer (BaseHttpServer.java:updateConnectorAddress(213)) - HTTP server of HDDSDATANODE is listening at http://0.0.0.0:36315
2019-08-21 09:30:55,498 INFO  ozone.HddsDatanodeService (HddsDatanodeService.java:startPlugins(395)) - Started plug-in org.apache.hadoop.ozone.web.OzoneHddsDatanodeService@491f8831
2019-08-21 09:30:55,498 INFO  impl.MetricsSystemImpl (MetricsSystemImpl.java:init(158)) - HddsDatanode metrics system started (again)
2019-08-21 09:30:55,502 INFO  util.JvmPauseMonitor (JvmPauseMonitor.java:run(188)) - Starting JVM pause monitor
2019-08-21 09:30:55,502 INFO  ozone.HddsDatanodeService (HddsDatanodeService.java:start(184)) - HddsDatanodeService host:pr-hdds-1948-qvnss-3490636412 ip:192.168.157.251
2019-08-21 09:30:55,504 INFO  datanode.InitDatanodeState (InitDatanodeState.java:persistContainerDatanodeDetails(140)) - DatanodeDetails is persisted to /workdir/hadoop-ozone/integration-test/target/test-dir/MiniOzoneClusterImpl-a9f09a8a-841d-4252-92d8-3ce110573119/datanode-2/meta/datanode.id
2019-08-21 09:30:55,508 INFO  volume.HddsVolume (HddsVolume.java:<init>(176)) - Creating Volume: /workdir/hadoop-ozone/integration-test/target/test-dir/MiniOzoneClusterImpl-a9f09a8a-841d-4252-92d8-3ce110573119/datanode-3/data/containers/hdds of  storage type : DISK and capacity : 1482555576320
2019-08-21 09:30:55,509 INFO  volume.VolumeSet (VolumeSet.java:initializeVolumeSet(170)) - Added Volume : /workdir/hadoop-ozone/integration-test/target/test-dir/MiniOzoneClusterImpl-a9f09a8a-841d-4252-92d8-3ce110573119/datanode-3/data/containers/hdds to VolumeSet
2019-08-21 09:30:55,509 INFO  volume.ThrottledAsyncChecker (ThrottledAsyncChecker.java:schedule(140)) - Scheduling a check for org.apache.hadoop.ozone.container.common.volume.HddsVolume@1e1e837d
2019-08-21 09:30:55,510 INFO  volume.HddsVolumeChecker (HddsVolumeChecker.java:checkAllVolumes(203)) - Scheduled health check for volume org.apache.hadoop.ozone.container.common.volume.HddsVolume@1e1e837d
2019-08-21 09:30:55,524 INFO  impl.RaftServerProxy (ConfUtils.java:logGet(43)) - raft.rpc.type = GRPC (default)
2019-08-21 09:30:55,525 INFO  grpc.GrpcFactory (GrpcFactory.java:checkPooledByteBufAllocatorUseCacheForAllThreads(45)) - PERFORMANCE WARNING: useCacheForAllThreads is true that may cause Netty to create a lot garbage objects and, as a result, trigger GC.
	It is recommended to disable useCacheForAllThreads by setting -Dorg.apache.ratis.thirdparty.io.netty.allocator.useCacheForAllThreads=false in command line.
2019-08-21 09:30:55,525 INFO  grpc.GrpcConfigKeys$Server (ConfUtils.java:logGet(43)) - raft.grpc.server.port = 0 (default)
2019-08-21 09:30:55,525 INFO  server.GrpcService (ConfUtils.java:logGet(43)) - raft.grpc.message.size.max = 33570816 (custom)
2019-08-21 09:30:55,526 INFO  server.RaftServerConfigKeys (ConfUtils.java:logGet(43)) - raft.server.log.appender.buffer.byte-limit = 33554432 (custom)
2019-08-21 09:30:55,526 INFO  server.GrpcService (ConfUtils.java:logGet(43)) - raft.grpc.flow.control.window = 1MB (=1048576) (default)
2019-08-21 09:30:55,526 INFO  server.RaftServerConfigKeys (ConfUtils.java:logGet(43)) - raft.server.rpc.request.timeout = 3000ms (default)
2019-08-21 09:30:55,527 INFO  server.RaftServerConfigKeys (ConfUtils.java:logGet(43)) - raft.server.storage.dir = [/workdir/hadoop-ozone/integration-test/target/test-dir/MiniOzoneClusterImpl-a9f09a8a-841d-4252-92d8-3ce110573119/datanode-3/data/ratis] (custom)
2019-08-21 09:30:55,527 INFO  replication.SimpleContainerDownloader (SimpleContainerDownloader.java:<init>(72)) - Starting container downloader service to copy containers to replicate.
2019-08-21 09:30:55,528 INFO  hdfs.DFSUtil (DFSUtil.java:httpServerTemplateForNNAndJN(1641)) - Starting Web-server for hddsDatanode at: http://0.0.0.0:0
2019-08-21 09:30:55,530 INFO  server.AuthenticationFilter (AuthenticationFilter.java:constructSecretProvider(240)) - Unable to initialize FileSignerSecretProvider, falling back to use random secrets.
2019-08-21 09:30:55,530 WARN  http.HttpRequestLog (HttpRequestLog.java:getRequestLog(97)) - Jetty request log can only be enabled using Log4j
2019-08-21 09:30:55,532 INFO  http.HttpServer2 (HttpServer2.java:addGlobalFilter(975)) - Added global filter 'safety' (class=org.apache.hadoop.http.HttpServer2$QuotingInputFilter)
2019-08-21 09:30:55,533 INFO  http.HttpServer2 (HttpServer2.java:addFilter(948)) - Added filter static_user_filter (class=org.apache.hadoop.http.lib.StaticUserWebFilter$StaticUserFilter) to context hddsDatanode
2019-08-21 09:30:55,533 INFO  http.HttpServer2 (HttpServer2.java:addFilter(958)) - Added filter static_user_filter (class=org.apache.hadoop.http.lib.StaticUserWebFilter$StaticUserFilter) to context logs
2019-08-21 09:30:55,533 INFO  http.HttpServer2 (HttpServer2.java:addFilter(958)) - Added filter static_user_filter (class=org.apache.hadoop.http.lib.StaticUserWebFilter$StaticUserFilter) to context static
2019-08-21 09:30:55,534 INFO  http.HttpServer2 (HttpServer2.java:bindListener(1191)) - Jetty bound to port 46765
2019-08-21 09:30:55,534 INFO  server.Server (Server.java:doStart(351)) - jetty-9.3.24.v20180605, build timestamp: 2018-06-05T17:11:56Z, git hash: 84205aa28f11a4f31f2a3b86d1bba2cc8ab69827
2019-08-21 09:30:55,538 INFO  handler.ContextHandler (ContextHandler.java:doStart(781)) - Started o.e.j.s.ServletContextHandler@3b435211{/logs,file:///workdir/hadoop-ozone/integration-test/target/log,AVAILABLE}
2019-08-21 09:30:55,538 INFO  handler.ContextHandler (ContextHandler.java:doStart(781)) - Started o.e.j.s.ServletContextHandler@58a765ce{/static,jar:file:/home/user/.m2/repository/org/apache/hadoop/hadoop-hdds-container-service/0.5.0-SNAPSHOT/hadoop-hdds-container-service-0.5.0-SNAPSHOT.jar!/webapps/static,AVAILABLE}
2019-08-21 09:30:55,569 INFO  handler.ContextHandler (ContextHandler.java:doStart(781)) - Started o.e.j.w.WebAppContext@5d1d9d73{/,file:///tmp/jetty-0.0.0.0-46765-hddsDatanode-_-any-1068241631826067194.dir/webapp/,AVAILABLE}{/hddsDatanode}
2019-08-21 09:30:55,569 INFO  server.AbstractConnector (AbstractConnector.java:doStart(278)) - Started ServerConnector@b30a50d{HTTP/1.1,[http/1.1]}{0.0.0.0:46765}
2019-08-21 09:30:55,570 INFO  server.Server (Server.java:doStart(419)) - Started @7183ms
2019-08-21 09:30:55,571 INFO  server.BaseHttpServer (BaseHttpServer.java:updateConnectorAddress(213)) - HTTP server of HDDSDATANODE is listening at http://0.0.0.0:46765
2019-08-21 09:30:55,726 INFO  ozone.HddsDatanodeService (HddsDatanodeService.java:startPlugins(395)) - Started plug-in org.apache.hadoop.ozone.web.OzoneHddsDatanodeService@508ad266
2019-08-21 09:30:55,727 INFO  impl.MetricsSystemImpl (MetricsSystemImpl.java:init(158)) - HddsDatanode metrics system started (again)
2019-08-21 09:30:55,730 INFO  util.JvmPauseMonitor (JvmPauseMonitor.java:run(188)) - Starting JVM pause monitor
2019-08-21 09:30:55,730 INFO  ozone.HddsDatanodeService (HddsDatanodeService.java:start(184)) - HddsDatanodeService host:pr-hdds-1948-qvnss-3490636412 ip:192.168.157.251
2019-08-21 09:30:55,733 INFO  datanode.InitDatanodeState (InitDatanodeState.java:persistContainerDatanodeDetails(140)) - DatanodeDetails is persisted to /workdir/hadoop-ozone/integration-test/target/test-dir/MiniOzoneClusterImpl-a9f09a8a-841d-4252-92d8-3ce110573119/datanode-3/meta/datanode.id
2019-08-21 09:30:55,737 INFO  volume.HddsVolume (HddsVolume.java:<init>(176)) - Creating Volume: /workdir/hadoop-ozone/integration-test/target/test-dir/MiniOzoneClusterImpl-a9f09a8a-841d-4252-92d8-3ce110573119/datanode-4/data/containers/hdds of  storage type : DISK and capacity : 1482555576320
2019-08-21 09:30:55,737 INFO  volume.VolumeSet (VolumeSet.java:initializeVolumeSet(170)) - Added Volume : /workdir/hadoop-ozone/integration-test/target/test-dir/MiniOzoneClusterImpl-a9f09a8a-841d-4252-92d8-3ce110573119/datanode-4/data/containers/hdds to VolumeSet
2019-08-21 09:30:55,737 INFO  volume.ThrottledAsyncChecker (ThrottledAsyncChecker.java:schedule(140)) - Scheduling a check for org.apache.hadoop.ozone.container.common.volume.HddsVolume@46f73ffa
2019-08-21 09:30:55,738 INFO  volume.HddsVolumeChecker (HddsVolumeChecker.java:checkAllVolumes(203)) - Scheduled health check for volume org.apache.hadoop.ozone.container.common.volume.HddsVolume@46f73ffa
2019-08-21 09:30:55,754 INFO  impl.RaftServerProxy (ConfUtils.java:logGet(43)) - raft.rpc.type = GRPC (default)
2019-08-21 09:30:55,754 INFO  grpc.GrpcFactory (GrpcFactory.java:checkPooledByteBufAllocatorUseCacheForAllThreads(45)) - PERFORMANCE WARNING: useCacheForAllThreads is true that may cause Netty to create a lot garbage objects and, as a result, trigger GC.
	It is recommended to disable useCacheForAllThreads by setting -Dorg.apache.ratis.thirdparty.io.netty.allocator.useCacheForAllThreads=false in command line.
2019-08-21 09:30:55,755 INFO  grpc.GrpcConfigKeys$Server (ConfUtils.java:logGet(43)) - raft.grpc.server.port = 0 (default)
2019-08-21 09:30:55,755 INFO  server.GrpcService (ConfUtils.java:logGet(43)) - raft.grpc.message.size.max = 33570816 (custom)
2019-08-21 09:30:55,755 INFO  server.RaftServerConfigKeys (ConfUtils.java:logGet(43)) - raft.server.log.appender.buffer.byte-limit = 33554432 (custom)
2019-08-21 09:30:55,755 INFO  server.GrpcService (ConfUtils.java:logGet(43)) - raft.grpc.flow.control.window = 1MB (=1048576) (default)
2019-08-21 09:30:55,756 INFO  server.RaftServerConfigKeys (ConfUtils.java:logGet(43)) - raft.server.rpc.request.timeout = 3000ms (default)
2019-08-21 09:30:55,756 INFO  server.RaftServerConfigKeys (ConfUtils.java:logGet(43)) - raft.server.storage.dir = [/workdir/hadoop-ozone/integration-test/target/test-dir/MiniOzoneClusterImpl-a9f09a8a-841d-4252-92d8-3ce110573119/datanode-4/data/ratis] (custom)
2019-08-21 09:30:55,757 INFO  replication.SimpleContainerDownloader (SimpleContainerDownloader.java:<init>(72)) - Starting container downloader service to copy containers to replicate.
2019-08-21 09:30:55,758 INFO  hdfs.DFSUtil (DFSUtil.java:httpServerTemplateForNNAndJN(1641)) - Starting Web-server for hddsDatanode at: http://0.0.0.0:0
2019-08-21 09:30:55,759 INFO  server.AuthenticationFilter (AuthenticationFilter.java:constructSecretProvider(240)) - Unable to initialize FileSignerSecretProvider, falling back to use random secrets.
2019-08-21 09:30:55,760 WARN  http.HttpRequestLog (HttpRequestLog.java:getRequestLog(97)) - Jetty request log can only be enabled using Log4j
2019-08-21 09:30:55,761 INFO  http.HttpServer2 (HttpServer2.java:addGlobalFilter(975)) - Added global filter 'safety' (class=org.apache.hadoop.http.HttpServer2$QuotingInputFilter)
2019-08-21 09:30:55,762 INFO  http.HttpServer2 (HttpServer2.java:addFilter(948)) - Added filter static_user_filter (class=org.apache.hadoop.http.lib.StaticUserWebFilter$StaticUserFilter) to context hddsDatanode
2019-08-21 09:30:55,762 INFO  http.HttpServer2 (HttpServer2.java:addFilter(958)) - Added filter static_user_filter (class=org.apache.hadoop.http.lib.StaticUserWebFilter$StaticUserFilter) to context logs
2019-08-21 09:30:55,762 INFO  http.HttpServer2 (HttpServer2.java:addFilter(958)) - Added filter static_user_filter (class=org.apache.hadoop.http.lib.StaticUserWebFilter$StaticUserFilter) to context static
2019-08-21 09:30:55,763 INFO  http.HttpServer2 (HttpServer2.java:bindListener(1191)) - Jetty bound to port 44813
2019-08-21 09:30:55,763 INFO  server.Server (Server.java:doStart(351)) - jetty-9.3.24.v20180605, build timestamp: 2018-06-05T17:11:56Z, git hash: 84205aa28f11a4f31f2a3b86d1bba2cc8ab69827
2019-08-21 09:30:55,765 INFO  handler.ContextHandler (ContextHandler.java:doStart(781)) - Started o.e.j.s.ServletContextHandler@2bd8f7db{/logs,file:///workdir/hadoop-ozone/integration-test/target/log,AVAILABLE}
2019-08-21 09:30:55,766 INFO  handler.ContextHandler (ContextHandler.java:doStart(781)) - Started o.e.j.s.ServletContextHandler@30abf79c{/static,jar:file:/home/user/.m2/repository/org/apache/hadoop/hadoop-hdds-container-service/0.5.0-SNAPSHOT/hadoop-hdds-container-service-0.5.0-SNAPSHOT.jar!/webapps/static,AVAILABLE}
2019-08-21 09:30:55,795 INFO  handler.ContextHandler (ContextHandler.java:doStart(781)) - Started o.e.j.w.WebAppContext@4837f97e{/,file:///tmp/jetty-0.0.0.0-44813-hddsDatanode-_-any-2651134408281734422.dir/webapp/,AVAILABLE}{/hddsDatanode}
2019-08-21 09:30:55,796 INFO  server.AbstractConnector (AbstractConnector.java:doStart(278)) - Started ServerConnector@53314f76{HTTP/1.1,[http/1.1]}{0.0.0.0:44813}
2019-08-21 09:30:55,797 INFO  server.Server (Server.java:doStart(419)) - Started @7409ms
2019-08-21 09:30:55,797 INFO  server.BaseHttpServer (BaseHttpServer.java:updateConnectorAddress(213)) - HTTP server of HDDSDATANODE is listening at http://0.0.0.0:44813
2019-08-21 09:30:55,949 INFO  ozone.HddsDatanodeService (HddsDatanodeService.java:startPlugins(395)) - Started plug-in org.apache.hadoop.ozone.web.OzoneHddsDatanodeService@23e61112
2019-08-21 09:30:55,949 INFO  impl.MetricsSystemImpl (MetricsSystemImpl.java:init(158)) - HddsDatanode metrics system started (again)
2019-08-21 09:30:55,953 INFO  ozone.HddsDatanodeService (HddsDatanodeService.java:start(184)) - HddsDatanodeService host:pr-hdds-1948-qvnss-3490636412 ip:192.168.157.251
2019-08-21 09:30:55,953 INFO  util.JvmPauseMonitor (JvmPauseMonitor.java:run(188)) - Starting JVM pause monitor
2019-08-21 09:30:55,956 INFO  datanode.InitDatanodeState (InitDatanodeState.java:persistContainerDatanodeDetails(140)) - DatanodeDetails is persisted to /workdir/hadoop-ozone/integration-test/target/test-dir/MiniOzoneClusterImpl-a9f09a8a-841d-4252-92d8-3ce110573119/datanode-4/meta/datanode.id
2019-08-21 09:30:55,962 INFO  volume.HddsVolume (HddsVolume.java:<init>(176)) - Creating Volume: /workdir/hadoop-ozone/integration-test/target/test-dir/MiniOzoneClusterImpl-a9f09a8a-841d-4252-92d8-3ce110573119/datanode-5/data/containers/hdds of  storage type : DISK and capacity : 1482555576320
2019-08-21 09:30:55,963 INFO  volume.VolumeSet (VolumeSet.java:initializeVolumeSet(170)) - Added Volume : /workdir/hadoop-ozone/integration-test/target/test-dir/MiniOzoneClusterImpl-a9f09a8a-841d-4252-92d8-3ce110573119/datanode-5/data/containers/hdds to VolumeSet
2019-08-21 09:30:55,963 INFO  volume.ThrottledAsyncChecker (ThrottledAsyncChecker.java:schedule(140)) - Scheduling a check for org.apache.hadoop.ozone.container.common.volume.HddsVolume@255d9277
2019-08-21 09:30:55,964 INFO  volume.HddsVolumeChecker (HddsVolumeChecker.java:checkAllVolumes(203)) - Scheduled health check for volume org.apache.hadoop.ozone.container.common.volume.HddsVolume@255d9277
2019-08-21 09:30:55,979 INFO  impl.RaftServerProxy (ConfUtils.java:logGet(43)) - raft.rpc.type = GRPC (default)
2019-08-21 09:30:55,979 INFO  grpc.GrpcFactory (GrpcFactory.java:checkPooledByteBufAllocatorUseCacheForAllThreads(45)) - PERFORMANCE WARNING: useCacheForAllThreads is true that may cause Netty to create a lot garbage objects and, as a result, trigger GC.
	It is recommended to disable useCacheForAllThreads by setting -Dorg.apache.ratis.thirdparty.io.netty.allocator.useCacheForAllThreads=false in command line.
2019-08-21 09:30:55,979 INFO  grpc.GrpcConfigKeys$Server (ConfUtils.java:logGet(43)) - raft.grpc.server.port = 0 (default)
2019-08-21 09:30:55,979 INFO  server.GrpcService (ConfUtils.java:logGet(43)) - raft.grpc.message.size.max = 33570816 (custom)
2019-08-21 09:30:55,980 INFO  server.RaftServerConfigKeys (ConfUtils.java:logGet(43)) - raft.server.log.appender.buffer.byte-limit = 33554432 (custom)
2019-08-21 09:30:55,980 INFO  server.GrpcService (ConfUtils.java:logGet(43)) - raft.grpc.flow.control.window = 1MB (=1048576) (default)
2019-08-21 09:30:55,980 INFO  server.RaftServerConfigKeys (ConfUtils.java:logGet(43)) - raft.server.rpc.request.timeout = 3000ms (default)
2019-08-21 09:30:55,981 INFO  server.RaftServerConfigKeys (ConfUtils.java:logGet(43)) - raft.server.storage.dir = [/workdir/hadoop-ozone/integration-test/target/test-dir/MiniOzoneClusterImpl-a9f09a8a-841d-4252-92d8-3ce110573119/datanode-5/data/ratis] (custom)
2019-08-21 09:30:55,981 INFO  replication.SimpleContainerDownloader (SimpleContainerDownloader.java:<init>(72)) - Starting container downloader service to copy containers to replicate.
2019-08-21 09:30:55,982 INFO  hdfs.DFSUtil (DFSUtil.java:httpServerTemplateForNNAndJN(1641)) - Starting Web-server for hddsDatanode at: http://0.0.0.0:0
2019-08-21 09:30:55,983 INFO  server.AuthenticationFilter (AuthenticationFilter.java:constructSecretProvider(240)) - Unable to initialize FileSignerSecretProvider, falling back to use random secrets.
2019-08-21 09:30:55,984 WARN  http.HttpRequestLog (HttpRequestLog.java:getRequestLog(97)) - Jetty request log can only be enabled using Log4j
2019-08-21 09:30:55,985 INFO  http.HttpServer2 (HttpServer2.java:addGlobalFilter(975)) - Added global filter 'safety' (class=org.apache.hadoop.http.HttpServer2$QuotingInputFilter)
2019-08-21 09:30:55,986 INFO  http.HttpServer2 (HttpServer2.java:addFilter(948)) - Added filter static_user_filter (class=org.apache.hadoop.http.lib.StaticUserWebFilter$StaticUserFilter) to context hddsDatanode
2019-08-21 09:30:55,986 INFO  http.HttpServer2 (HttpServer2.java:addFilter(958)) - Added filter static_user_filter (class=org.apache.hadoop.http.lib.StaticUserWebFilter$StaticUserFilter) to context static
2019-08-21 09:30:55,986 INFO  http.HttpServer2 (HttpServer2.java:addFilter(958)) - Added filter static_user_filter (class=org.apache.hadoop.http.lib.StaticUserWebFilter$StaticUserFilter) to context logs
2019-08-21 09:30:55,988 INFO  http.HttpServer2 (HttpServer2.java:bindListener(1191)) - Jetty bound to port 35920
2019-08-21 09:30:55,988 INFO  server.Server (Server.java:doStart(351)) - jetty-9.3.24.v20180605, build timestamp: 2018-06-05T17:11:56Z, git hash: 84205aa28f11a4f31f2a3b86d1bba2cc8ab69827
2019-08-21 09:30:55,990 INFO  handler.ContextHandler (ContextHandler.java:doStart(781)) - Started o.e.j.s.ServletContextHandler@13192275{/logs,file:///workdir/hadoop-ozone/integration-test/target/log,AVAILABLE}
2019-08-21 09:30:55,991 INFO  handler.ContextHandler (ContextHandler.java:doStart(781)) - Started o.e.j.s.ServletContextHandler@c9b5a99{/static,jar:file:/home/user/.m2/repository/org/apache/hadoop/hadoop-hdds-container-service/0.5.0-SNAPSHOT/hadoop-hdds-container-service-0.5.0-SNAPSHOT.jar!/webapps/static,AVAILABLE}
2019-08-21 09:30:56,019 INFO  handler.ContextHandler (ContextHandler.java:doStart(781)) - Started o.e.j.w.WebAppContext@403364e9{/,file:///tmp/jetty-0.0.0.0-35920-hddsDatanode-_-any-7333130771639615577.dir/webapp/,AVAILABLE}{/hddsDatanode}
2019-08-21 09:30:56,020 INFO  server.AbstractConnector (AbstractConnector.java:doStart(278)) - Started ServerConnector@447521e{HTTP/1.1,[http/1.1]}{0.0.0.0:35920}
2019-08-21 09:30:56,021 INFO  server.Server (Server.java:doStart(419)) - Started @7633ms
2019-08-21 09:30:56,021 INFO  server.BaseHttpServer (BaseHttpServer.java:updateConnectorAddress(213)) - HTTP server of HDDSDATANODE is listening at http://0.0.0.0:35920
2019-08-21 09:30:56,167 INFO  ozone.HddsDatanodeService (HddsDatanodeService.java:startPlugins(395)) - Started plug-in org.apache.hadoop.ozone.web.OzoneHddsDatanodeService@10618775
2019-08-21 09:30:56,167 INFO  impl.MetricsSystemImpl (MetricsSystemImpl.java:init(158)) - HddsDatanode metrics system started (again)
2019-08-21 09:30:56,172 INFO  ozone.HddsDatanodeService (HddsDatanodeService.java:start(184)) - HddsDatanodeService host:pr-hdds-1948-qvnss-3490636412 ip:192.168.157.251
2019-08-21 09:30:56,172 INFO  util.JvmPauseMonitor (JvmPauseMonitor.java:run(188)) - Starting JVM pause monitor
2019-08-21 09:30:56,175 INFO  datanode.InitDatanodeState (InitDatanodeState.java:persistContainerDatanodeDetails(140)) - DatanodeDetails is persisted to /workdir/hadoop-ozone/integration-test/target/test-dir/MiniOzoneClusterImpl-a9f09a8a-841d-4252-92d8-3ce110573119/datanode-5/meta/datanode.id
2019-08-21 09:30:56,180 INFO  volume.HddsVolume (HddsVolume.java:<init>(176)) - Creating Volume: /workdir/hadoop-ozone/integration-test/target/test-dir/MiniOzoneClusterImpl-a9f09a8a-841d-4252-92d8-3ce110573119/datanode-6/data/containers/hdds of  storage type : DISK and capacity : 1482555576320
2019-08-21 09:30:56,180 INFO  volume.VolumeSet (VolumeSet.java:initializeVolumeSet(170)) - Added Volume : /workdir/hadoop-ozone/integration-test/target/test-dir/MiniOzoneClusterImpl-a9f09a8a-841d-4252-92d8-3ce110573119/datanode-6/data/containers/hdds to VolumeSet
2019-08-21 09:30:56,181 INFO  volume.ThrottledAsyncChecker (ThrottledAsyncChecker.java:schedule(140)) - Scheduling a check for org.apache.hadoop.ozone.container.common.volume.HddsVolume@2c60ce47
2019-08-21 09:30:56,181 INFO  volume.HddsVolumeChecker (HddsVolumeChecker.java:checkAllVolumes(203)) - Scheduled health check for volume org.apache.hadoop.ozone.container.common.volume.HddsVolume@2c60ce47
2019-08-21 09:30:56,197 INFO  impl.RaftServerProxy (ConfUtils.java:logGet(43)) - raft.rpc.type = GRPC (default)
2019-08-21 09:30:56,197 INFO  grpc.GrpcFactory (GrpcFactory.java:checkPooledByteBufAllocatorUseCacheForAllThreads(45)) - PERFORMANCE WARNING: useCacheForAllThreads is true that may cause Netty to create a lot garbage objects and, as a result, trigger GC.
	It is recommended to disable useCacheForAllThreads by setting -Dorg.apache.ratis.thirdparty.io.netty.allocator.useCacheForAllThreads=false in command line.
2019-08-21 09:30:56,198 INFO  grpc.GrpcConfigKeys$Server (ConfUtils.java:logGet(43)) - raft.grpc.server.port = 0 (default)
2019-08-21 09:30:56,198 INFO  server.GrpcService (ConfUtils.java:logGet(43)) - raft.grpc.message.size.max = 33570816 (custom)
2019-08-21 09:30:56,198 INFO  server.RaftServerConfigKeys (ConfUtils.java:logGet(43)) - raft.server.log.appender.buffer.byte-limit = 33554432 (custom)
2019-08-21 09:30:56,198 INFO  server.GrpcService (ConfUtils.java:logGet(43)) - raft.grpc.flow.control.window = 1MB (=1048576) (default)
2019-08-21 09:30:56,198 INFO  server.RaftServerConfigKeys (ConfUtils.java:logGet(43)) - raft.server.rpc.request.timeout = 3000ms (default)
2019-08-21 09:30:56,199 INFO  server.RaftServerConfigKeys (ConfUtils.java:logGet(43)) - raft.server.storage.dir = [/workdir/hadoop-ozone/integration-test/target/test-dir/MiniOzoneClusterImpl-a9f09a8a-841d-4252-92d8-3ce110573119/datanode-6/data/ratis] (custom)
2019-08-21 09:30:56,199 INFO  replication.SimpleContainerDownloader (SimpleContainerDownloader.java:<init>(72)) - Starting container downloader service to copy containers to replicate.
2019-08-21 09:30:56,201 INFO  hdfs.DFSUtil (DFSUtil.java:httpServerTemplateForNNAndJN(1641)) - Starting Web-server for hddsDatanode at: http://0.0.0.0:0
2019-08-21 09:30:56,202 INFO  server.AuthenticationFilter (AuthenticationFilter.java:constructSecretProvider(240)) - Unable to initialize FileSignerSecretProvider, falling back to use random secrets.
2019-08-21 09:30:56,202 WARN  http.HttpRequestLog (HttpRequestLog.java:getRequestLog(97)) - Jetty request log can only be enabled using Log4j
2019-08-21 09:30:56,204 INFO  http.HttpServer2 (HttpServer2.java:addGlobalFilter(975)) - Added global filter 'safety' (class=org.apache.hadoop.http.HttpServer2$QuotingInputFilter)
2019-08-21 09:30:56,204 INFO  http.HttpServer2 (HttpServer2.java:addFilter(948)) - Added filter static_user_filter (class=org.apache.hadoop.http.lib.StaticUserWebFilter$StaticUserFilter) to context hddsDatanode
2019-08-21 09:30:56,204 INFO  http.HttpServer2 (HttpServer2.java:addFilter(958)) - Added filter static_user_filter (class=org.apache.hadoop.http.lib.StaticUserWebFilter$StaticUserFilter) to context logs
2019-08-21 09:30:56,205 INFO  http.HttpServer2 (HttpServer2.java:addFilter(958)) - Added filter static_user_filter (class=org.apache.hadoop.http.lib.StaticUserWebFilter$StaticUserFilter) to context static
2019-08-21 09:30:56,205 INFO  http.HttpServer2 (HttpServer2.java:bindListener(1191)) - Jetty bound to port 36855
2019-08-21 09:30:56,205 INFO  server.Server (Server.java:doStart(351)) - jetty-9.3.24.v20180605, build timestamp: 2018-06-05T17:11:56Z, git hash: 84205aa28f11a4f31f2a3b86d1bba2cc8ab69827
2019-08-21 09:30:56,207 INFO  handler.ContextHandler (ContextHandler.java:doStart(781)) - Started o.e.j.s.ServletContextHandler@18c880ea{/logs,file:///workdir/hadoop-ozone/integration-test/target/log,AVAILABLE}
2019-08-21 09:30:56,208 INFO  handler.ContextHandler (ContextHandler.java:doStart(781)) - Started o.e.j.s.ServletContextHandler@6afbe6a1{/static,jar:file:/home/user/.m2/repository/org/apache/hadoop/hadoop-hdds-container-service/0.5.0-SNAPSHOT/hadoop-hdds-container-service-0.5.0-SNAPSHOT.jar!/webapps/static,AVAILABLE}
2019-08-21 09:30:56,235 INFO  handler.ContextHandler (ContextHandler.java:doStart(781)) - Started o.e.j.w.WebAppContext@48cdb156{/,file:///tmp/jetty-0.0.0.0-36855-hddsDatanode-_-any-5986646455231642381.dir/webapp/,AVAILABLE}{/hddsDatanode}
2019-08-21 09:30:56,236 INFO  server.AbstractConnector (AbstractConnector.java:doStart(278)) - Started ServerConnector@4b4814d0{HTTP/1.1,[http/1.1]}{0.0.0.0:36855}
2019-08-21 09:30:56,237 INFO  server.Server (Server.java:doStart(419)) - Started @7850ms
2019-08-21 09:30:56,238 INFO  server.BaseHttpServer (BaseHttpServer.java:updateConnectorAddress(213)) - HTTP server of HDDSDATANODE is listening at http://0.0.0.0:36855
2019-08-21 09:30:56,486 INFO  ozone.HddsDatanodeService (HddsDatanodeService.java:startPlugins(395)) - Started plug-in org.apache.hadoop.ozone.web.OzoneHddsDatanodeService@52f9e8bb
2019-08-21 09:30:56,489 INFO  ozone.MiniOzoneClusterImpl (MiniOzoneClusterImpl.java:lambda$waitForClusterToBeReady$0(142)) - Waiting for cluster to be ready. Got 0 of 7 DN Heartbeats.
2019-08-21 09:30:56,490 INFO  util.JvmPauseMonitor (JvmPauseMonitor.java:run(188)) - Starting JVM pause monitor
2019-08-21 09:30:56,493 INFO  datanode.InitDatanodeState (InitDatanodeState.java:persistContainerDatanodeDetails(140)) - DatanodeDetails is persisted to /workdir/hadoop-ozone/integration-test/target/test-dir/MiniOzoneClusterImpl-a9f09a8a-841d-4252-92d8-3ce110573119/datanode-6/meta/datanode.id
2019-08-21 09:30:57,064 INFO  ozoneimpl.OzoneContainer (OzoneContainer.java:start(186)) - Attempting to start container services.
2019-08-21 09:30:57,067 INFO  ozoneimpl.OzoneContainer (OzoneContainer.java:startContainerScrub(160)) - Background container scrubber has been disabled by hdds.containerscrub.enabled
2019-08-21 09:30:57,067 INFO  ratis.XceiverServerRatis (XceiverServerRatis.java:start(404)) - Starting XceiverServerRatis afac5fb6-01fb-405e-840f-c7cc7bc9b1e3 at port 0
2019-08-21 09:30:57,093 INFO  impl.RaftServerProxy (RaftServerProxy.java:lambda$start$3(299)) - afac5fb6-01fb-405e-840f-c7cc7bc9b1e3: start RPC server
2019-08-21 09:30:57,226 INFO  server.GrpcService (GrpcService.java:startImpl(149)) - afac5fb6-01fb-405e-840f-c7cc7bc9b1e3: GrpcService started, listening on 0.0.0.0/0.0.0.0:35951
2019-08-21 09:30:57,227 INFO  ratis.XceiverServerRatis (XceiverServerRatis.java:start(414)) - XceiverServerRatis afac5fb6-01fb-405e-840f-c7cc7bc9b1e3 is started using port 35951
2019-08-21 09:30:57,230 INFO  server.XceiverServerGrpc (XceiverServerGrpc.java:start(161)) - XceiverServerGrpc afac5fb6-01fb-405e-840f-c7cc7bc9b1e3 is started using port 42059
2019-08-21 09:30:57,266 INFO  ozoneimpl.OzoneContainer (OzoneContainer.java:start(186)) - Attempting to start container services.
2019-08-21 09:30:57,268 INFO  ozoneimpl.OzoneContainer (OzoneContainer.java:startContainerScrub(160)) - Background container scrubber has been disabled by hdds.containerscrub.enabled
2019-08-21 09:30:57,269 INFO  ratis.XceiverServerRatis (XceiverServerRatis.java:start(404)) - Starting XceiverServerRatis 8b885c43-3275-4247-ace6-35192e2b0349 at port 0
2019-08-21 09:30:57,279 INFO  impl.RaftServerProxy (RaftServerProxy.java:lambda$start$3(299)) - 8b885c43-3275-4247-ace6-35192e2b0349: start RPC server
2019-08-21 09:30:57,283 INFO  server.GrpcService (GrpcService.java:startImpl(149)) - 8b885c43-3275-4247-ace6-35192e2b0349: GrpcService started, listening on 0.0.0.0/0.0.0.0:38527
2019-08-21 09:30:57,283 INFO  ratis.XceiverServerRatis (XceiverServerRatis.java:start(414)) - XceiverServerRatis 8b885c43-3275-4247-ace6-35192e2b0349 is started using port 38527
2019-08-21 09:30:57,286 INFO  server.XceiverServerGrpc (XceiverServerGrpc.java:start(161)) - XceiverServerGrpc 8b885c43-3275-4247-ace6-35192e2b0349 is started using port 39575
2019-08-21 09:30:57,489 INFO  ozone.MiniOzoneClusterImpl (MiniOzoneClusterImpl.java:lambda$waitForClusterToBeReady$0(142)) - Waiting for cluster to be ready. Got 0 of 7 DN Heartbeats.
2019-08-21 09:30:57,520 INFO  ozoneimpl.OzoneContainer (OzoneContainer.java:start(186)) - Attempting to start container services.
2019-08-21 09:30:57,527 INFO  ozoneimpl.OzoneContainer (OzoneContainer.java:startContainerScrub(160)) - Background container scrubber has been disabled by hdds.containerscrub.enabled
2019-08-21 09:30:57,527 INFO  ratis.XceiverServerRatis (XceiverServerRatis.java:start(404)) - Starting XceiverServerRatis 5e005968-32f6-4a99-94bf-bbc0f8ee2cb1 at port 0
2019-08-21 09:30:57,536 INFO  impl.RaftServerProxy (RaftServerProxy.java:lambda$start$3(299)) - 5e005968-32f6-4a99-94bf-bbc0f8ee2cb1: start RPC server
2019-08-21 09:30:57,539 INFO  server.GrpcService (GrpcService.java:startImpl(149)) - 5e005968-32f6-4a99-94bf-bbc0f8ee2cb1: GrpcService started, listening on 0.0.0.0/0.0.0.0:42617
2019-08-21 09:30:57,540 INFO  ratis.XceiverServerRatis (XceiverServerRatis.java:start(414)) - XceiverServerRatis 5e005968-32f6-4a99-94bf-bbc0f8ee2cb1 is started using port 42617
2019-08-21 09:30:57,542 INFO  server.XceiverServerGrpc (XceiverServerGrpc.java:start(161)) - XceiverServerGrpc 5e005968-32f6-4a99-94bf-bbc0f8ee2cb1 is started using port 36756
2019-08-21 09:30:57,747 INFO  ozoneimpl.OzoneContainer (OzoneContainer.java:start(186)) - Attempting to start container services.
2019-08-21 09:30:57,747 INFO  ozoneimpl.OzoneContainer (OzoneContainer.java:startContainerScrub(160)) - Background container scrubber has been disabled by hdds.containerscrub.enabled
2019-08-21 09:30:57,747 INFO  ratis.XceiverServerRatis (XceiverServerRatis.java:start(404)) - Starting XceiverServerRatis abf91b30-021b-4d31-aafd-ed4c2a5594b1 at port 0
2019-08-21 09:30:57,755 INFO  impl.RaftServerProxy (RaftServerProxy.java:lambda$start$3(299)) - abf91b30-021b-4d31-aafd-ed4c2a5594b1: start RPC server
2019-08-21 09:30:57,759 INFO  server.GrpcService (GrpcService.java:startImpl(149)) - abf91b30-021b-4d31-aafd-ed4c2a5594b1: GrpcService started, listening on 0.0.0.0/0.0.0.0:44647
2019-08-21 09:30:57,760 INFO  ratis.XceiverServerRatis (XceiverServerRatis.java:start(414)) - XceiverServerRatis abf91b30-021b-4d31-aafd-ed4c2a5594b1 is started using port 44647
2019-08-21 09:30:57,763 INFO  server.XceiverServerGrpc (XceiverServerGrpc.java:start(161)) - XceiverServerGrpc abf91b30-021b-4d31-aafd-ed4c2a5594b1 is started using port 40680
2019-08-21 09:30:57,983 INFO  ozoneimpl.OzoneContainer (OzoneContainer.java:start(186)) - Attempting to start container services.
2019-08-21 09:30:57,984 INFO  ozoneimpl.OzoneContainer (OzoneContainer.java:startContainerScrub(160)) - Background container scrubber has been disabled by hdds.containerscrub.enabled
2019-08-21 09:30:57,984 INFO  ratis.XceiverServerRatis (XceiverServerRatis.java:start(404)) - Starting XceiverServerRatis e32711c2-4492-4d3d-a441-ee4ec4df5188 at port 0
2019-08-21 09:30:57,995 INFO  impl.RaftServerProxy (RaftServerProxy.java:lambda$start$3(299)) - e32711c2-4492-4d3d-a441-ee4ec4df5188: start RPC server
2019-08-21 09:30:57,999 INFO  server.GrpcService (GrpcService.java:startImpl(149)) - e32711c2-4492-4d3d-a441-ee4ec4df5188: GrpcService started, listening on 0.0.0.0/0.0.0.0:44243
2019-08-21 09:30:57,999 INFO  ratis.XceiverServerRatis (XceiverServerRatis.java:start(414)) - XceiverServerRatis e32711c2-4492-4d3d-a441-ee4ec4df5188 is started using port 44243
2019-08-21 09:30:58,003 INFO  server.XceiverServerGrpc (XceiverServerGrpc.java:start(161)) - XceiverServerGrpc e32711c2-4492-4d3d-a441-ee4ec4df5188 is started using port 45078
2019-08-21 09:30:58,200 INFO  ozoneimpl.OzoneContainer (OzoneContainer.java:start(186)) - Attempting to start container services.
2019-08-21 09:30:58,200 INFO  ozoneimpl.OzoneContainer (OzoneContainer.java:startContainerScrub(160)) - Background container scrubber has been disabled by hdds.containerscrub.enabled
2019-08-21 09:30:58,201 INFO  ratis.XceiverServerRatis (XceiverServerRatis.java:start(404)) - Starting XceiverServerRatis 1c89303c-4cf4-4a41-a1ec-4ab916346441 at port 0
2019-08-21 09:30:58,212 INFO  impl.RaftServerProxy (RaftServerProxy.java:lambda$start$3(299)) - 1c89303c-4cf4-4a41-a1ec-4ab916346441: start RPC server
2019-08-21 09:30:58,216 INFO  server.GrpcService (GrpcService.java:startImpl(149)) - 1c89303c-4cf4-4a41-a1ec-4ab916346441: GrpcService started, listening on 0.0.0.0/0.0.0.0:36995
2019-08-21 09:30:58,216 INFO  ratis.XceiverServerRatis (XceiverServerRatis.java:start(414)) - XceiverServerRatis 1c89303c-4cf4-4a41-a1ec-4ab916346441 is started using port 36995
2019-08-21 09:30:58,219 INFO  server.XceiverServerGrpc (XceiverServerGrpc.java:start(161)) - XceiverServerGrpc 1c89303c-4cf4-4a41-a1ec-4ab916346441 is started using port 45807
2019-08-21 09:30:58,489 INFO  ozone.MiniOzoneClusterImpl (MiniOzoneClusterImpl.java:lambda$waitForClusterToBeReady$0(142)) - Waiting for cluster to be ready. Got 0 of 7 DN Heartbeats.
2019-08-21 09:30:58,525 INFO  ozoneimpl.OzoneContainer (OzoneContainer.java:start(186)) - Attempting to start container services.
2019-08-21 09:30:58,525 INFO  ozoneimpl.OzoneContainer (OzoneContainer.java:startContainerScrub(160)) - Background container scrubber has been disabled by hdds.containerscrub.enabled
2019-08-21 09:30:58,526 INFO  ratis.XceiverServerRatis (XceiverServerRatis.java:start(404)) - Starting XceiverServerRatis 9fa49919-9efe-4ead-b812-fbfd8bbb612f at port 0
2019-08-21 09:30:58,535 INFO  impl.RaftServerProxy (RaftServerProxy.java:lambda$start$3(299)) - 9fa49919-9efe-4ead-b812-fbfd8bbb612f: start RPC server
2019-08-21 09:30:58,540 INFO  server.GrpcService (GrpcService.java:startImpl(149)) - 9fa49919-9efe-4ead-b812-fbfd8bbb612f: GrpcService started, listening on 0.0.0.0/0.0.0.0:45775
2019-08-21 09:30:58,541 INFO  ratis.XceiverServerRatis (XceiverServerRatis.java:start(414)) - XceiverServerRatis 9fa49919-9efe-4ead-b812-fbfd8bbb612f is started using port 45775
2019-08-21 09:30:58,545 INFO  server.XceiverServerGrpc (XceiverServerGrpc.java:start(161)) - XceiverServerGrpc 9fa49919-9efe-4ead-b812-fbfd8bbb612f is started using port 42284
2019-08-21 09:30:59,027 INFO  net.NetworkTopology (NetworkTopologyImpl.java:add(110)) - Added a new node: /default-rack/afac5fb6-01fb-405e-840f-c7cc7bc9b1e3
2019-08-21 09:30:59,027 INFO  node.SCMNodeManager (SCMNodeManager.java:register(273)) - Registered Data node : afac5fb6-01fb-405e-840f-c7cc7bc9b1e3{ip: 192.168.157.251, host: pr-hdds-1948-qvnss-3490636412, networkLocation: /default-rack, certSerialId: null}
2019-08-21 09:30:59,044 INFO  safemode.SCMSafeModeManager (DataNodeSafeModeRule.java:process(71)) - SCM in safe mode. 1 DataNodes registered, 1 required.
2019-08-21 09:30:59,044 INFO  safemode.SCMSafeModeManager (SCMSafeModeManager.java:validateSafeModeExitRules(177)) - ScmSafeModeManager, all rules are successfully validated
2019-08-21 09:30:59,044 INFO  safemode.SCMSafeModeManager (SCMSafeModeManager.java:exitSafeMode(193)) - SCM exiting safe mode.
2019-08-21 09:30:59,244 INFO  net.NetworkTopology (NetworkTopologyImpl.java:add(110)) - Added a new node: /default-rack/8b885c43-3275-4247-ace6-35192e2b0349
2019-08-21 09:30:59,244 INFO  node.SCMNodeManager (SCMNodeManager.java:register(273)) - Registered Data node : 8b885c43-3275-4247-ace6-35192e2b0349{ip: 192.168.157.251, host: pr-hdds-1948-qvnss-3490636412, networkLocation: /default-rack, certSerialId: null}
2019-08-21 09:30:59,490 INFO  ozone.MiniOzoneClusterImpl (MiniOzoneClusterImpl.java:lambda$waitForClusterToBeReady$0(142)) - Waiting for cluster to be ready. Got 2 of 7 DN Heartbeats.
2019-08-21 09:30:59,507 INFO  net.NetworkTopology (NetworkTopologyImpl.java:add(110)) - Added a new node: /default-rack/5e005968-32f6-4a99-94bf-bbc0f8ee2cb1
2019-08-21 09:30:59,507 INFO  node.SCMNodeManager (SCMNodeManager.java:register(273)) - Registered Data node : 5e005968-32f6-4a99-94bf-bbc0f8ee2cb1{ip: 192.168.157.251, host: pr-hdds-1948-qvnss-3490636412, networkLocation: /default-rack, certSerialId: null}
2019-08-21 09:30:59,943 INFO  net.NetworkTopology (NetworkTopologyImpl.java:add(110)) - Added a new node: /default-rack/abf91b30-021b-4d31-aafd-ed4c2a5594b1
2019-08-21 09:30:59,943 INFO  node.SCMNodeManager (SCMNodeManager.java:register(273)) - Registered Data node : abf91b30-021b-4d31-aafd-ed4c2a5594b1{ip: 192.168.157.251, host: pr-hdds-1948-qvnss-3490636412, networkLocation: /default-rack, certSerialId: null}
2019-08-21 09:30:59,951 INFO  impl.RaftServerProxy (RaftServerProxy.java:addNew(89)) - afac5fb6-01fb-405e-840f-c7cc7bc9b1e3: addNew group-BCD8C0A0379E:[afac5fb6-01fb-405e-840f-c7cc7bc9b1e3:192.168.157.251:35951] returns group-BCD8C0A0379E:java.util.concurrent.CompletableFuture@5ac44eef[Not completed]
2019-08-21 09:30:59,962 INFO  net.NetworkTopology (NetworkTopologyImpl.java:add(110)) - Added a new node: /default-rack/e32711c2-4492-4d3d-a441-ee4ec4df5188
2019-08-21 09:30:59,962 INFO  node.SCMNodeManager (SCMNodeManager.java:register(273)) - Registered Data node : e32711c2-4492-4d3d-a441-ee4ec4df5188{ip: 192.168.157.251, host: pr-hdds-1948-qvnss-3490636412, networkLocation: /default-rack, certSerialId: null}
2019-08-21 09:30:59,968 INFO  impl.RaftServerImpl (RaftServerImpl.java:<init>(93)) - afac5fb6-01fb-405e-840f-c7cc7bc9b1e3: new RaftServerImpl for group-BCD8C0A0379E:[afac5fb6-01fb-405e-840f-c7cc7bc9b1e3:192.168.157.251:35951] with ContainerStateMachine:uninitialized
2019-08-21 09:30:59,970 INFO  server.RaftServerConfigKeys (ConfUtils.java:logGet(43)) - raft.server.rpc.timeout.min = 5s (custom)
2019-08-21 09:30:59,971 INFO  server.RaftServerConfigKeys (ConfUtils.java:logGet(43)) - raft.server.rpc.timeout.max = 5200ms (custom)
2019-08-21 09:30:59,971 INFO  server.RaftServerConfigKeys (ConfUtils.java:logGet(43)) - raft.server.rpcslowness.timeout = 120s (custom)
2019-08-21 09:30:59,972 INFO  server.RaftServerConfigKeys (ConfUtils.java:logGet(43)) - raft.server.sleep.deviation.threshold = 300 (default)
2019-08-21 09:30:59,972 INFO  server.RaftServerConfigKeys (ConfUtils.java:logGet(43)) - raft.server.log.appender.install.snapshot.enabled = false (custom)
2019-08-21 09:30:59,979 INFO  impl.RaftServerImpl (ServerState.java:<init>(105)) - afac5fb6-01fb-405e-840f-c7cc7bc9b1e3:group-BCD8C0A0379E ConfigurationManager, init=-1: [afac5fb6-01fb-405e-840f-c7cc7bc9b1e3:192.168.157.251:35951], old=null, confs=<EMPTY_MAP>
2019-08-21 09:30:59,979 INFO  server.RaftServerConfigKeys (ConfUtils.java:logGet(43)) - raft.server.storage.dir = [/workdir/hadoop-ozone/integration-test/target/test-dir/MiniOzoneClusterImpl-a9f09a8a-841d-4252-92d8-3ce110573119/datanode-0/data/ratis] (custom)
2019-08-21 09:30:59,985 INFO  storage.RaftStorageDirectory (RaftStorageDirectory.java:analyzeStorage(246)) - The storage directory /workdir/hadoop-ozone/integration-test/target/test-dir/MiniOzoneClusterImpl-a9f09a8a-841d-4252-92d8-3ce110573119/datanode-0/data/ratis/efdaf4a8-b562-481f-a23f-bcd8c0a0379e does not exist. Creating ...
2019-08-21 09:31:00,002 INFO  storage.RaftStorageDirectory (RaftStorageDirectory.java:tryLock(328)) - Lock on /workdir/hadoop-ozone/integration-test/target/test-dir/MiniOzoneClusterImpl-a9f09a8a-841d-4252-92d8-3ce110573119/datanode-0/data/ratis/efdaf4a8-b562-481f-a23f-bcd8c0a0379e/in_use.lock acquired by nodename 11296@pr-hdds-1948-qvnss-3490636412
2019-08-21 09:31:00,016 INFO  storage.RaftStorage (RaftStorage.java:format(72)) - Storage directory /workdir/hadoop-ozone/integration-test/target/test-dir/MiniOzoneClusterImpl-a9f09a8a-841d-4252-92d8-3ce110573119/datanode-0/data/ratis/efdaf4a8-b562-481f-a23f-bcd8c0a0379e has been successfully formatted.
2019-08-21 09:31:00,018 INFO  ratis.ContainerStateMachine (ContainerStateMachine.java:loadSnapshot(222)) - group-BCD8C0A0379E: The snapshot info is null. Setting the last applied indexto:(t:0, i:~)
2019-08-21 09:31:00,019 INFO  server.RaftServerConfigKeys (ConfUtils.java:logGet(43)) - raft.server.leader.election.timeout = 120s (custom)
2019-08-21 09:31:00,021 INFO  server.RaftServerConfigKeys (ConfUtils.java:logGet(43)) - raft.server.log.use.memory = false (default)
2019-08-21 09:31:00,025 INFO  server.RaftServerConfigKeys (ConfUtils.java:logGet(43)) - raft.server.log.purge.gap = 1000000000 (custom)
2019-08-21 09:31:00,025 INFO  server.RaftServerConfigKeys (ConfUtils.java:logGet(43)) - raft.server.log.appender.buffer.byte-limit = 33554432 (custom)
2019-08-21 09:31:00,027 INFO  server.RaftServerConfigKeys (ConfUtils.java:logGet(43)) - raft.server.log.segment.size.max = 1048576 (custom)
2019-08-21 09:31:00,031 INFO  server.RaftServerConfigKeys (ConfUtils.java:logGet(43)) - raft.server.log.segment.cache.num.max = 2 (custom)
2019-08-21 09:31:00,036 INFO  segmented.SegmentedRaftLogWorker (SegmentedRaftLogWorker.java:<init>(172)) - new afac5fb6-01fb-405e-840f-c7cc7bc9b1e3-SegmentedRaftLogWorker:Storage Directory /workdir/hadoop-ozone/integration-test/target/test-dir/MiniOzoneClusterImpl-a9f09a8a-841d-4252-92d8-3ce110573119/datanode-0/data/ratis/efdaf4a8-b562-481f-a23f-bcd8c0a0379e for RaftStorage:Storage Directory /workdir/hadoop-ozone/integration-test/target/test-dir/MiniOzoneClusterImpl-a9f09a8a-841d-4252-92d8-3ce110573119/datanode-0/data/ratis/efdaf4a8-b562-481f-a23f-bcd8c0a0379e
2019-08-21 09:31:00,047 INFO  server.RaftServerConfigKeys (ConfUtils.java:logGet(43)) - raft.server.log.queue.byte-limit = 2147483647 (custom)
2019-08-21 09:31:00,054 INFO  server.RaftServerConfigKeys (ConfUtils.java:logGet(43)) - raft.server.log.queue.element-limit = 1024 (custom)
2019-08-21 09:31:00,059 INFO  server.RaftServerConfigKeys (ConfUtils.java:logGet(43)) - raft.server.log.segment.size.max = 1048576 (custom)
2019-08-21 09:31:00,060 INFO  server.RaftServerConfigKeys (ConfUtils.java:logGet(43)) - raft.server.log.preallocated.size = 16384 (custom)
2019-08-21 09:31:00,060 INFO  server.RaftServerConfigKeys (ConfUtils.java:logGet(43)) - raft.server.log.write.buffer.size = 33554432 (custom)
2019-08-21 09:31:00,060 INFO  server.RaftServerConfigKeys (ConfUtils.java:logGet(43)) - raft.server.log.force.sync.num = 128 (default)
2019-08-21 09:31:00,061 INFO  server.RaftServerConfigKeys (ConfUtils.java:logGet(43)) - raft.server.log.statemachine.data.sync = true (default)
2019-08-21 09:31:00,062 INFO  server.RaftServerConfigKeys (ConfUtils.java:logGet(43)) - raft.server.log.statemachine.data.sync.timeout = 10s (default)
2019-08-21 09:31:00,062 INFO  server.RaftServerConfigKeys (ConfUtils.java:logGet(43)) - raft.server.log.statemachine.data.sync.timeout.retry = -1 (default)
2019-08-21 09:31:00,070 INFO  server.RaftServerConfigKeys (ConfUtils.java:logGet(43)) - raft.server.log.statemachine.data.caching.enabled = true (custom)
2019-08-21 09:31:00,075 INFO  segmented.SegmentedRaftLogWorker (SegmentedRaftLogWorker.java:lambda$new$0(132)) - afac5fb6-01fb-405e-840f-c7cc7bc9b1e3-SegmentedRaftLogWorker:Storage Directory /workdir/hadoop-ozone/integration-test/target/test-dir/MiniOzoneClusterImpl-a9f09a8a-841d-4252-92d8-3ce110573119/datanode-0/data/ratis/efdaf4a8-b562-481f-a23f-bcd8c0a0379e: flushIndex: setUnconditionally 0 -> -1
2019-08-21 09:31:00,079 INFO  server.RaftServerConfigKeys (ConfUtils.java:logGet(43)) - raft.server.snapshot.auto.trigger.enabled = true (custom)
2019-08-21 09:31:00,079 INFO  server.RaftServerConfigKeys (ConfUtils.java:logGet(43)) - raft.server.snapshot.auto.trigger.threshold = 10000 (custom)
2019-08-21 09:31:00,080 INFO  server.RaftServerConfigKeys (ConfUtils.java:logGet(43)) - raft.server.retrycache.expirytime = 600000ms (custom)
2019-08-21 09:31:00,100 INFO  impl.RaftServerImpl (RaftServerImpl.java:start(180)) - afac5fb6-01fb-405e-840f-c7cc7bc9b1e3: start group-BCD8C0A0379E
2019-08-21 09:31:00,101 INFO  impl.RaftServerImpl (RaftServerImpl.java:setRole(171)) - afac5fb6-01fb-405e-840f-c7cc7bc9b1e3:group-BCD8C0A0379E changes role from null to FOLLOWER at term 0 for startAsFollower
2019-08-21 09:31:00,102 INFO  impl.RoleInfo (RoleInfo.java:updateAndGet(143)) - afac5fb6-01fb-405e-840f-c7cc7bc9b1e3: start FollowerState
2019-08-21 09:31:00,104 INFO  util.JmxRegister (JmxRegister.java:tryRegister(44)) - Successfully registered JMX Bean with object name Ratis:service=RaftServer,group=group-BCD8C0A0379E,id=afac5fb6-01fb-405e-840f-c7cc7bc9b1e3
2019-08-21 09:31:00,166 INFO  pipeline.PipelineStateManager (PipelineStateManager.java:addPipeline(56)) - Created pipeline Pipeline[ Id: efdaf4a8-b562-481f-a23f-bcd8c0a0379e, Nodes: afac5fb6-01fb-405e-840f-c7cc7bc9b1e3{ip: 192.168.157.251, host: pr-hdds-1948-qvnss-3490636412, networkLocation: /default-rack, certSerialId: null}, Type:RATIS, Factor:ONE, State:OPEN]
2019-08-21 09:31:00,175 INFO  net.NetworkTopology (NetworkTopologyImpl.java:add(110)) - Added a new node: /default-rack/1c89303c-4cf4-4a41-a1ec-4ab916346441
2019-08-21 09:31:00,175 INFO  node.SCMNodeManager (SCMNodeManager.java:register(273)) - Registered Data node : 1c89303c-4cf4-4a41-a1ec-4ab916346441{ip: 192.168.157.251, host: pr-hdds-1948-qvnss-3490636412, networkLocation: /default-rack, certSerialId: null}
2019-08-21 09:31:00,202 INFO  impl.RaftServerProxy (RaftServerProxy.java:addNew(89)) - e32711c2-4492-4d3d-a441-ee4ec4df5188: addNew group-78C4ECE4ABF1:[e32711c2-4492-4d3d-a441-ee4ec4df5188:192.168.157.251:44243] returns group-78C4ECE4ABF1:java.util.concurrent.CompletableFuture@739519e7[Not completed]
2019-08-21 09:31:00,256 INFO  impl.RaftServerImpl (RaftServerImpl.java:<init>(93)) - e32711c2-4492-4d3d-a441-ee4ec4df5188: new RaftServerImpl for group-78C4ECE4ABF1:[e32711c2-4492-4d3d-a441-ee4ec4df5188:192.168.157.251:44243] with ContainerStateMachine:uninitialized
2019-08-21 09:31:00,258 INFO  server.RaftServerConfigKeys (ConfUtils.java:logGet(43)) - raft.server.rpc.timeout.min = 5s (custom)
2019-08-21 09:31:00,258 INFO  server.RaftServerConfigKeys (ConfUtils.java:logGet(43)) - raft.server.rpc.timeout.max = 5200ms (custom)
2019-08-21 09:31:00,258 INFO  server.RaftServerConfigKeys (ConfUtils.java:logGet(43)) - raft.server.rpcslowness.timeout = 120s (custom)
2019-08-21 09:31:00,258 INFO  server.RaftServerConfigKeys (ConfUtils.java:logGet(43)) - raft.server.sleep.deviation.threshold = 300 (default)
2019-08-21 09:31:00,259 INFO  server.RaftServerConfigKeys (ConfUtils.java:logGet(43)) - raft.server.log.appender.install.snapshot.enabled = false (custom)
2019-08-21 09:31:00,259 INFO  impl.RaftServerImpl (ServerState.java:<init>(105)) - e32711c2-4492-4d3d-a441-ee4ec4df5188:group-78C4ECE4ABF1 ConfigurationManager, init=-1: [e32711c2-4492-4d3d-a441-ee4ec4df5188:192.168.157.251:44243], old=null, confs=<EMPTY_MAP>
2019-08-21 09:31:00,259 INFO  server.RaftServerConfigKeys (ConfUtils.java:logGet(43)) - raft.server.storage.dir = [/workdir/hadoop-ozone/integration-test/target/test-dir/MiniOzoneClusterImpl-a9f09a8a-841d-4252-92d8-3ce110573119/datanode-4/data/ratis] (custom)
2019-08-21 09:31:00,259 INFO  storage.RaftStorageDirectory (RaftStorageDirectory.java:analyzeStorage(246)) - The storage directory /workdir/hadoop-ozone/integration-test/target/test-dir/MiniOzoneClusterImpl-a9f09a8a-841d-4252-92d8-3ce110573119/datanode-4/data/ratis/211defa3-6576-4251-9d4e-78c4ece4abf1 does not exist. Creating ...
2019-08-21 09:31:00,274 INFO  storage.RaftStorageDirectory (RaftStorageDirectory.java:tryLock(328)) - Lock on /workdir/hadoop-ozone/integration-test/target/test-dir/MiniOzoneClusterImpl-a9f09a8a-841d-4252-92d8-3ce110573119/datanode-4/data/ratis/211defa3-6576-4251-9d4e-78c4ece4abf1/in_use.lock acquired by nodename 11296@pr-hdds-1948-qvnss-3490636412
2019-08-21 09:31:00,294 INFO  storage.RaftStorage (RaftStorage.java:format(72)) - Storage directory /workdir/hadoop-ozone/integration-test/target/test-dir/MiniOzoneClusterImpl-a9f09a8a-841d-4252-92d8-3ce110573119/datanode-4/data/ratis/211defa3-6576-4251-9d4e-78c4ece4abf1 has been successfully formatted.
2019-08-21 09:31:00,295 INFO  ratis.ContainerStateMachine (ContainerStateMachine.java:loadSnapshot(222)) - group-78C4ECE4ABF1: The snapshot info is null. Setting the last applied indexto:(t:0, i:~)
2019-08-21 09:31:00,297 INFO  server.RaftServerConfigKeys (ConfUtils.java:logGet(43)) - raft.server.leader.election.timeout = 120s (custom)
2019-08-21 09:31:00,297 INFO  server.RaftServerConfigKeys (ConfUtils.java:logGet(43)) - raft.server.log.use.memory = false (default)
2019-08-21 09:31:00,297 INFO  server.RaftServerConfigKeys (ConfUtils.java:logGet(43)) - raft.server.log.purge.gap = 1000000000 (custom)
2019-08-21 09:31:00,297 INFO  server.RaftServerConfigKeys (ConfUtils.java:logGet(43)) - raft.server.log.appender.buffer.byte-limit = 33554432 (custom)
2019-08-21 09:31:00,297 INFO  server.RaftServerConfigKeys (ConfUtils.java:logGet(43)) - raft.server.log.segment.size.max = 1048576 (custom)
2019-08-21 09:31:00,298 INFO  server.RaftServerConfigKeys (ConfUtils.java:logGet(43)) - raft.server.log.segment.cache.num.max = 2 (custom)
2019-08-21 09:31:00,298 INFO  segmented.SegmentedRaftLogWorker (SegmentedRaftLogWorker.java:<init>(172)) - new e32711c2-4492-4d3d-a441-ee4ec4df5188-SegmentedRaftLogWorker:Storage Directory /workdir/hadoop-ozone/integration-test/target/test-dir/MiniOzoneClusterImpl-a9f09a8a-841d-4252-92d8-3ce110573119/datanode-4/data/ratis/211defa3-6576-4251-9d4e-78c4ece4abf1 for RaftStorage:Storage Directory /workdir/hadoop-ozone/integration-test/target/test-dir/MiniOzoneClusterImpl-a9f09a8a-841d-4252-92d8-3ce110573119/datanode-4/data/ratis/211defa3-6576-4251-9d4e-78c4ece4abf1
2019-08-21 09:31:00,299 INFO  server.RaftServerConfigKeys (ConfUtils.java:logGet(43)) - raft.server.log.queue.byte-limit = 2147483647 (custom)
2019-08-21 09:31:00,299 INFO  server.RaftServerConfigKeys (ConfUtils.java:logGet(43)) - raft.server.log.queue.element-limit = 1024 (custom)
2019-08-21 09:31:00,300 INFO  server.RaftServerConfigKeys (ConfUtils.java:logGet(43)) - raft.server.log.segment.size.max = 1048576 (custom)
2019-08-21 09:31:00,300 INFO  server.RaftServerConfigKeys (ConfUtils.java:logGet(43)) - raft.server.log.preallocated.size = 16384 (custom)
2019-08-21 09:31:00,300 INFO  server.RaftServerConfigKeys (ConfUtils.java:logGet(43)) - raft.server.log.write.buffer.size = 33554432 (custom)
2019-08-21 09:31:00,300 INFO  server.RaftServerConfigKeys (ConfUtils.java:logGet(43)) - raft.server.log.force.sync.num = 128 (default)
2019-08-21 09:31:00,301 INFO  server.RaftServerConfigKeys (ConfUtils.java:logGet(43)) - raft.server.log.statemachine.data.sync = true (default)
2019-08-21 09:31:00,301 INFO  server.RaftServerConfigKeys (ConfUtils.java:logGet(43)) - raft.server.log.statemachine.data.sync.timeout = 10s (default)
2019-08-21 09:31:00,301 INFO  server.RaftServerConfigKeys (ConfUtils.java:logGet(43)) - raft.server.log.statemachine.data.sync.timeout.retry = -1 (default)
2019-08-21 09:31:00,302 INFO  server.RaftServerConfigKeys (ConfUtils.java:logGet(43)) - raft.server.log.statemachine.data.caching.enabled = true (custom)
2019-08-21 09:31:00,302 INFO  segmented.SegmentedRaftLogWorker (SegmentedRaftLogWorker.java:lambda$new$0(132)) - e32711c2-4492-4d3d-a441-ee4ec4df5188-SegmentedRaftLogWorker:Storage Directory /workdir/hadoop-ozone/integration-test/target/test-dir/MiniOzoneClusterImpl-a9f09a8a-841d-4252-92d8-3ce110573119/datanode-4/data/ratis/211defa3-6576-4251-9d4e-78c4ece4abf1: flushIndex: setUnconditionally 0 -> -1
2019-08-21 09:31:00,303 INFO  server.RaftServerConfigKeys (ConfUtils.java:logGet(43)) - raft.server.snapshot.auto.trigger.enabled = true (custom)
2019-08-21 09:31:00,303 INFO  server.RaftServerConfigKeys (ConfUtils.java:logGet(43)) - raft.server.snapshot.auto.trigger.threshold = 10000 (custom)
2019-08-21 09:31:00,303 INFO  server.RaftServerConfigKeys (ConfUtils.java:logGet(43)) - raft.server.retrycache.expirytime = 600000ms (custom)
2019-08-21 09:31:00,304 INFO  impl.RaftServerImpl (RaftServerImpl.java:start(180)) - e32711c2-4492-4d3d-a441-ee4ec4df5188: start group-78C4ECE4ABF1
2019-08-21 09:31:00,304 INFO  impl.RaftServerImpl (RaftServerImpl.java:setRole(171)) - e32711c2-4492-4d3d-a441-ee4ec4df5188:group-78C4ECE4ABF1 changes role from null to FOLLOWER at term 0 for startAsFollower
2019-08-21 09:31:00,304 INFO  impl.RoleInfo (RoleInfo.java:updateAndGet(143)) - e32711c2-4492-4d3d-a441-ee4ec4df5188: start FollowerState
2019-08-21 09:31:00,305 INFO  util.JmxRegister (JmxRegister.java:tryRegister(44)) - Successfully registered JMX Bean with object name Ratis:service=RaftServer,group=group-78C4ECE4ABF1,id=e32711c2-4492-4d3d-a441-ee4ec4df5188
2019-08-21 09:31:00,324 INFO  pipeline.PipelineStateManager (PipelineStateManager.java:addPipeline(56)) - Created pipeline Pipeline[ Id: 211defa3-6576-4251-9d4e-78c4ece4abf1, Nodes: e32711c2-4492-4d3d-a441-ee4ec4df5188{ip: 192.168.157.251, host: pr-hdds-1948-qvnss-3490636412, networkLocation: /default-rack, certSerialId: null}, Type:RATIS, Factor:ONE, State:OPEN]
2019-08-21 09:31:00,348 INFO  impl.RaftServerProxy (RaftServerProxy.java:addNew(89)) - 1c89303c-4cf4-4a41-a1ec-4ab916346441: addNew group-F45D93F98A33:[1c89303c-4cf4-4a41-a1ec-4ab916346441:192.168.157.251:36995] returns group-F45D93F98A33:java.util.concurrent.CompletableFuture@410171f9[Not completed]
2019-08-21 09:31:00,361 INFO  impl.RaftServerImpl (RaftServerImpl.java:<init>(93)) - 1c89303c-4cf4-4a41-a1ec-4ab916346441: new RaftServerImpl for group-F45D93F98A33:[1c89303c-4cf4-4a41-a1ec-4ab916346441:192.168.157.251:36995] with ContainerStateMachine:uninitialized
2019-08-21 09:31:00,362 INFO  server.RaftServerConfigKeys (ConfUtils.java:logGet(43)) - raft.server.rpc.timeout.min = 5s (custom)
2019-08-21 09:31:00,362 INFO  server.RaftServerConfigKeys (ConfUtils.java:logGet(43)) - raft.server.rpc.timeout.max = 5200ms (custom)
2019-08-21 09:31:00,362 INFO  server.RaftServerConfigKeys (ConfUtils.java:logGet(43)) - raft.server.rpcslowness.timeout = 120s (custom)
2019-08-21 09:31:00,362 INFO  server.RaftServerConfigKeys (ConfUtils.java:logGet(43)) - raft.server.sleep.deviation.threshold = 300 (default)
2019-08-21 09:31:00,363 INFO  server.RaftServerConfigKeys (ConfUtils.java:logGet(43)) - raft.server.log.appender.install.snapshot.enabled = false (custom)
2019-08-21 09:31:00,363 INFO  impl.RaftServerImpl (ServerState.java:<init>(105)) - 1c89303c-4cf4-4a41-a1ec-4ab916346441:group-F45D93F98A33 ConfigurationManager, init=-1: [1c89303c-4cf4-4a41-a1ec-4ab916346441:192.168.157.251:36995], old=null, confs=<EMPTY_MAP>
2019-08-21 09:31:00,363 INFO  server.RaftServerConfigKeys (ConfUtils.java:logGet(43)) - raft.server.storage.dir = [/workdir/hadoop-ozone/integration-test/target/test-dir/MiniOzoneClusterImpl-a9f09a8a-841d-4252-92d8-3ce110573119/datanode-5/data/ratis] (custom)
2019-08-21 09:31:00,364 INFO  storage.RaftStorageDirectory (RaftStorageDirectory.java:analyzeStorage(246)) - The storage directory /workdir/hadoop-ozone/integration-test/target/test-dir/MiniOzoneClusterImpl-a9f09a8a-841d-4252-92d8-3ce110573119/datanode-5/data/ratis/84858c32-0320-42a8-9c00-f45d93f98a33 does not exist. Creating ...
2019-08-21 09:31:00,379 INFO  storage.RaftStorageDirectory (RaftStorageDirectory.java:tryLock(328)) - Lock on /workdir/hadoop-ozone/integration-test/target/test-dir/MiniOzoneClusterImpl-a9f09a8a-841d-4252-92d8-3ce110573119/datanode-5/data/ratis/84858c32-0320-42a8-9c00-f45d93f98a33/in_use.lock acquired by nodename 11296@pr-hdds-1948-qvnss-3490636412
2019-08-21 09:31:00,392 INFO  storage.RaftStorage (RaftStorage.java:format(72)) - Storage directory /workdir/hadoop-ozone/integration-test/target/test-dir/MiniOzoneClusterImpl-a9f09a8a-841d-4252-92d8-3ce110573119/datanode-5/data/ratis/84858c32-0320-42a8-9c00-f45d93f98a33 has been successfully formatted.
2019-08-21 09:31:00,392 INFO  ratis.ContainerStateMachine (ContainerStateMachine.java:loadSnapshot(222)) - group-F45D93F98A33: The snapshot info is null. Setting the last applied indexto:(t:0, i:~)
2019-08-21 09:31:00,393 INFO  server.RaftServerConfigKeys (ConfUtils.java:logGet(43)) - raft.server.leader.election.timeout = 120s (custom)
2019-08-21 09:31:00,393 INFO  server.RaftServerConfigKeys (ConfUtils.java:logGet(43)) - raft.server.log.use.memory = false (default)
2019-08-21 09:31:00,393 INFO  server.RaftServerConfigKeys (ConfUtils.java:logGet(43)) - raft.server.log.purge.gap = 1000000000 (custom)
2019-08-21 09:31:00,394 INFO  server.RaftServerConfigKeys (ConfUtils.java:logGet(43)) - raft.server.log.appender.buffer.byte-limit = 33554432 (custom)
2019-08-21 09:31:00,394 INFO  server.RaftServerConfigKeys (ConfUtils.java:logGet(43)) - raft.server.log.segment.size.max = 1048576 (custom)
2019-08-21 09:31:00,394 INFO  server.RaftServerConfigKeys (ConfUtils.java:logGet(43)) - raft.server.log.segment.cache.num.max = 2 (custom)
2019-08-21 09:31:00,394 INFO  segmented.SegmentedRaftLogWorker (SegmentedRaftLogWorker.java:<init>(172)) - new 1c89303c-4cf4-4a41-a1ec-4ab916346441-SegmentedRaftLogWorker:Storage Directory /workdir/hadoop-ozone/integration-test/target/test-dir/MiniOzoneClusterImpl-a9f09a8a-841d-4252-92d8-3ce110573119/datanode-5/data/ratis/84858c32-0320-42a8-9c00-f45d93f98a33 for RaftStorage:Storage Directory /workdir/hadoop-ozone/integration-test/target/test-dir/MiniOzoneClusterImpl-a9f09a8a-841d-4252-92d8-3ce110573119/datanode-5/data/ratis/84858c32-0320-42a8-9c00-f45d93f98a33
2019-08-21 09:31:00,395 INFO  server.RaftServerConfigKeys (ConfUtils.java:logGet(43)) - raft.server.log.queue.byte-limit = 2147483647 (custom)
2019-08-21 09:31:00,395 INFO  server.RaftServerConfigKeys (ConfUtils.java:logGet(43)) - raft.server.log.queue.element-limit = 1024 (custom)
2019-08-21 09:31:00,395 INFO  server.RaftServerConfigKeys (ConfUtils.java:logGet(43)) - raft.server.log.segment.size.max = 1048576 (custom)
2019-08-21 09:31:00,396 INFO  server.RaftServerConfigKeys (ConfUtils.java:logGet(43)) - raft.server.log.preallocated.size = 16384 (custom)
2019-08-21 09:31:00,396 INFO  server.RaftServerConfigKeys (ConfUtils.java:logGet(43)) - raft.server.log.write.buffer.size = 33554432 (custom)
2019-08-21 09:31:00,396 INFO  server.RaftServerConfigKeys (ConfUtils.java:logGet(43)) - raft.server.log.force.sync.num = 128 (default)
2019-08-21 09:31:00,396 INFO  server.RaftServerConfigKeys (ConfUtils.java:logGet(43)) - raft.server.log.statemachine.data.sync = true (default)
2019-08-21 09:31:00,397 INFO  server.RaftServerConfigKeys (ConfUtils.java:logGet(43)) - raft.server.log.statemachine.data.sync.timeout = 10s (default)
2019-08-21 09:31:00,397 INFO  server.RaftServerConfigKeys (ConfUtils.java:logGet(43)) - raft.server.log.statemachine.data.sync.timeout.retry = -1 (default)
2019-08-21 09:31:00,397 INFO  server.RaftServerConfigKeys (ConfUtils.java:logGet(43)) - raft.server.log.statemachine.data.caching.enabled = true (custom)
2019-08-21 09:31:00,398 INFO  segmented.SegmentedRaftLogWorker (SegmentedRaftLogWorker.java:lambda$new$0(132)) - 1c89303c-4cf4-4a41-a1ec-4ab916346441-SegmentedRaftLogWorker:Storage Directory /workdir/hadoop-ozone/integration-test/target/test-dir/MiniOzoneClusterImpl-a9f09a8a-841d-4252-92d8-3ce110573119/datanode-5/data/ratis/84858c32-0320-42a8-9c00-f45d93f98a33: flushIndex: setUnconditionally 0 -> -1
2019-08-21 09:31:00,398 INFO  server.RaftServerConfigKeys (ConfUtils.java:logGet(43)) - raft.server.snapshot.auto.trigger.enabled = true (custom)
2019-08-21 09:31:00,399 INFO  server.RaftServerConfigKeys (ConfUtils.java:logGet(43)) - raft.server.snapshot.auto.trigger.threshold = 10000 (custom)
2019-08-21 09:31:00,399 INFO  server.RaftServerConfigKeys (ConfUtils.java:logGet(43)) - raft.server.retrycache.expirytime = 600000ms (custom)
2019-08-21 09:31:00,399 INFO  impl.RaftServerImpl (RaftServerImpl.java:start(180)) - 1c89303c-4cf4-4a41-a1ec-4ab916346441: start group-F45D93F98A33
2019-08-21 09:31:00,399 INFO  impl.RaftServerImpl (RaftServerImpl.java:setRole(171)) - 1c89303c-4cf4-4a41-a1ec-4ab916346441:group-F45D93F98A33 changes role from null to FOLLOWER at term 0 for startAsFollower
2019-08-21 09:31:00,400 INFO  impl.RoleInfo (RoleInfo.java:updateAndGet(143)) - 1c89303c-4cf4-4a41-a1ec-4ab916346441: start FollowerState
2019-08-21 09:31:00,400 INFO  util.JmxRegister (JmxRegister.java:tryRegister(44)) - Successfully registered JMX Bean with object name Ratis:service=RaftServer,group=group-F45D93F98A33,id=1c89303c-4cf4-4a41-a1ec-4ab916346441
2019-08-21 09:31:00,410 INFO  pipeline.PipelineStateManager (PipelineStateManager.java:addPipeline(56)) - Created pipeline Pipeline[ Id: 84858c32-0320-42a8-9c00-f45d93f98a33, Nodes: 1c89303c-4cf4-4a41-a1ec-4ab916346441{ip: 192.168.157.251, host: pr-hdds-1948-qvnss-3490636412, networkLocation: /default-rack, certSerialId: null}, Type:RATIS, Factor:ONE, State:OPEN]
2019-08-21 09:31:00,432 INFO  impl.RaftServerProxy (RaftServerProxy.java:addNew(89)) - 8b885c43-3275-4247-ace6-35192e2b0349: addNew group-75E523B44BA3:[8b885c43-3275-4247-ace6-35192e2b0349:192.168.157.251:38527] returns group-75E523B44BA3:java.util.concurrent.CompletableFuture@435c07f6[Not completed]
2019-08-21 09:31:00,434 INFO  impl.RaftServerImpl (RaftServerImpl.java:<init>(93)) - 8b885c43-3275-4247-ace6-35192e2b0349: new RaftServerImpl for group-75E523B44BA3:[8b885c43-3275-4247-ace6-35192e2b0349:192.168.157.251:38527] with ContainerStateMachine:uninitialized
2019-08-21 09:31:00,434 INFO  server.RaftServerConfigKeys (ConfUtils.java:logGet(43)) - raft.server.rpc.timeout.min = 5s (custom)
2019-08-21 09:31:00,435 INFO  server.RaftServerConfigKeys (ConfUtils.java:logGet(43)) - raft.server.rpc.timeout.max = 5200ms (custom)
2019-08-21 09:31:00,435 INFO  server.RaftServerConfigKeys (ConfUtils.java:logGet(43)) - raft.server.rpcslowness.timeout = 120s (custom)
2019-08-21 09:31:00,435 INFO  server.RaftServerConfigKeys (ConfUtils.java:logGet(43)) - raft.server.sleep.deviation.threshold = 300 (default)
2019-08-21 09:31:00,435 INFO  server.RaftServerConfigKeys (ConfUtils.java:logGet(43)) - raft.server.log.appender.install.snapshot.enabled = false (custom)
2019-08-21 09:31:00,435 INFO  impl.RaftServerImpl (ServerState.java:<init>(105)) - 8b885c43-3275-4247-ace6-35192e2b0349:group-75E523B44BA3 ConfigurationManager, init=-1: [8b885c43-3275-4247-ace6-35192e2b0349:192.168.157.251:38527], old=null, confs=<EMPTY_MAP>
2019-08-21 09:31:00,436 INFO  server.RaftServerConfigKeys (ConfUtils.java:logGet(43)) - raft.server.storage.dir = [/workdir/hadoop-ozone/integration-test/target/test-dir/MiniOzoneClusterImpl-a9f09a8a-841d-4252-92d8-3ce110573119/datanode-1/data/ratis] (custom)
2019-08-21 09:31:00,436 INFO  storage.RaftStorageDirectory (RaftStorageDirectory.java:analyzeStorage(246)) - The storage directory /workdir/hadoop-ozone/integration-test/target/test-dir/MiniOzoneClusterImpl-a9f09a8a-841d-4252-92d8-3ce110573119/datanode-1/data/ratis/3b29fa43-b832-4340-9597-75e523b44ba3 does not exist. Creating ...
2019-08-21 09:31:00,450 INFO  storage.RaftStorageDirectory (RaftStorageDirectory.java:tryLock(328)) - Lock on /workdir/hadoop-ozone/integration-test/target/test-dir/MiniOzoneClusterImpl-a9f09a8a-841d-4252-92d8-3ce110573119/datanode-1/data/ratis/3b29fa43-b832-4340-9597-75e523b44ba3/in_use.lock acquired by nodename 11296@pr-hdds-1948-qvnss-3490636412
2019-08-21 09:31:00,463 INFO  storage.RaftStorage (RaftStorage.java:format(72)) - Storage directory /workdir/hadoop-ozone/integration-test/target/test-dir/MiniOzoneClusterImpl-a9f09a8a-841d-4252-92d8-3ce110573119/datanode-1/data/ratis/3b29fa43-b832-4340-9597-75e523b44ba3 has been successfully formatted.
2019-08-21 09:31:00,463 INFO  ratis.ContainerStateMachine (ContainerStateMachine.java:loadSnapshot(222)) - group-75E523B44BA3: The snapshot info is null. Setting the last applied indexto:(t:0, i:~)
2019-08-21 09:31:00,463 INFO  server.RaftServerConfigKeys (ConfUtils.java:logGet(43)) - raft.server.leader.election.timeout = 120s (custom)
2019-08-21 09:31:00,464 INFO  server.RaftServerConfigKeys (ConfUtils.java:logGet(43)) - raft.server.log.use.memory = false (default)
2019-08-21 09:31:00,464 INFO  server.RaftServerConfigKeys (ConfUtils.java:logGet(43)) - raft.server.log.purge.gap = 1000000000 (custom)
2019-08-21 09:31:00,464 INFO  server.RaftServerConfigKeys (ConfUtils.java:logGet(43)) - raft.server.log.appender.buffer.byte-limit = 33554432 (custom)
2019-08-21 09:31:00,464 INFO  server.RaftServerConfigKeys (ConfUtils.java:logGet(43)) - raft.server.log.segment.size.max = 1048576 (custom)
2019-08-21 09:31:00,464 INFO  server.RaftServerConfigKeys (ConfUtils.java:logGet(43)) - raft.server.log.segment.cache.num.max = 2 (custom)
2019-08-21 09:31:00,465 INFO  segmented.SegmentedRaftLogWorker (SegmentedRaftLogWorker.java:<init>(172)) - new 8b885c43-3275-4247-ace6-35192e2b0349-SegmentedRaftLogWorker:Storage Directory /workdir/hadoop-ozone/integration-test/target/test-dir/MiniOzoneClusterImpl-a9f09a8a-841d-4252-92d8-3ce110573119/datanode-1/data/ratis/3b29fa43-b832-4340-9597-75e523b44ba3 for RaftStorage:Storage Directory /workdir/hadoop-ozone/integration-test/target/test-dir/MiniOzoneClusterImpl-a9f09a8a-841d-4252-92d8-3ce110573119/datanode-1/data/ratis/3b29fa43-b832-4340-9597-75e523b44ba3
2019-08-21 09:31:00,465 INFO  server.RaftServerConfigKeys (ConfUtils.java:logGet(43)) - raft.server.log.queue.byte-limit = 2147483647 (custom)
2019-08-21 09:31:00,465 INFO  server.RaftServerConfigKeys (ConfUtils.java:logGet(43)) - raft.server.log.queue.element-limit = 1024 (custom)
2019-08-21 09:31:00,465 INFO  server.RaftServerConfigKeys (ConfUtils.java:logGet(43)) - raft.server.log.segment.size.max = 1048576 (custom)
2019-08-21 09:31:00,466 INFO  server.RaftServerConfigKeys (ConfUtils.java:logGet(43)) - raft.server.log.preallocated.size = 16384 (custom)
2019-08-21 09:31:00,466 INFO  server.RaftServerConfigKeys (ConfUtils.java:logGet(43)) - raft.server.log.write.buffer.size = 33554432 (custom)
2019-08-21 09:31:00,466 INFO  server.RaftServerConfigKeys (ConfUtils.java:logGet(43)) - raft.server.log.force.sync.num = 128 (default)
2019-08-21 09:31:00,466 INFO  server.RaftServerConfigKeys (ConfUtils.java:logGet(43)) - raft.server.log.statemachine.data.sync = true (default)
2019-08-21 09:31:00,466 INFO  server.RaftServerConfigKeys (ConfUtils.java:logGet(43)) - raft.server.log.statemachine.data.sync.timeout = 10s (default)
2019-08-21 09:31:00,466 INFO  server.RaftServerConfigKeys (ConfUtils.java:logGet(43)) - raft.server.log.statemachine.data.sync.timeout.retry = -1 (default)
2019-08-21 09:31:00,467 INFO  server.RaftServerConfigKeys (ConfUtils.java:logGet(43)) - raft.server.log.statemachine.data.caching.enabled = true (custom)
2019-08-21 09:31:00,467 INFO  segmented.SegmentedRaftLogWorker (SegmentedRaftLogWorker.java:lambda$new$0(132)) - 8b885c43-3275-4247-ace6-35192e2b0349-SegmentedRaftLogWorker:Storage Directory /workdir/hadoop-ozone/integration-test/target/test-dir/MiniOzoneClusterImpl-a9f09a8a-841d-4252-92d8-3ce110573119/datanode-1/data/ratis/3b29fa43-b832-4340-9597-75e523b44ba3: flushIndex: setUnconditionally 0 -> -1
2019-08-21 09:31:00,468 INFO  server.RaftServerConfigKeys (ConfUtils.java:logGet(43)) - raft.server.snapshot.auto.trigger.enabled = true (custom)
2019-08-21 09:31:00,468 INFO  server.RaftServerConfigKeys (ConfUtils.java:logGet(43)) - raft.server.snapshot.auto.trigger.threshold = 10000 (custom)
2019-08-21 09:31:00,468 INFO  server.RaftServerConfigKeys (ConfUtils.java:logGet(43)) - raft.server.retrycache.expirytime = 600000ms (custom)
2019-08-21 09:31:00,468 INFO  impl.RaftServerImpl (RaftServerImpl.java:start(180)) - 8b885c43-3275-4247-ace6-35192e2b0349: start group-75E523B44BA3
2019-08-21 09:31:00,469 INFO  impl.RaftServerImpl (RaftServerImpl.java:setRole(171)) - 8b885c43-3275-4247-ace6-35192e2b0349:group-75E523B44BA3 changes role from null to FOLLOWER at term 0 for startAsFollower
2019-08-21 09:31:00,469 INFO  impl.RoleInfo (RoleInfo.java:updateAndGet(143)) - 8b885c43-3275-4247-ace6-35192e2b0349: start FollowerState
2019-08-21 09:31:00,469 INFO  util.JmxRegister (JmxRegister.java:tryRegister(44)) - Successfully registered JMX Bean with object name Ratis:service=RaftServer,group=group-75E523B44BA3,id=8b885c43-3275-4247-ace6-35192e2b0349
2019-08-21 09:31:00,483 INFO  pipeline.PipelineStateManager (PipelineStateManager.java:addPipeline(56)) - Created pipeline Pipeline[ Id: 3b29fa43-b832-4340-9597-75e523b44ba3, Nodes: 8b885c43-3275-4247-ace6-35192e2b0349{ip: 192.168.157.251, host: pr-hdds-1948-qvnss-3490636412, networkLocation: /default-rack, certSerialId: null}, Type:RATIS, Factor:ONE, State:OPEN]
2019-08-21 09:31:00,491 INFO  ozone.MiniOzoneClusterImpl (MiniOzoneClusterImpl.java:lambda$waitForClusterToBeReady$0(142)) - Waiting for cluster to be ready. Got 6 of 7 DN Heartbeats.
2019-08-21 09:31:00,498 INFO  net.NetworkTopology (NetworkTopologyImpl.java:add(110)) - Added a new node: /default-rack/9fa49919-9efe-4ead-b812-fbfd8bbb612f
2019-08-21 09:31:00,498 INFO  node.SCMNodeManager (SCMNodeManager.java:register(273)) - Registered Data node : 9fa49919-9efe-4ead-b812-fbfd8bbb612f{ip: 192.168.157.251, host: pr-hdds-1948-qvnss-3490636412, networkLocation: /default-rack, certSerialId: null}
2019-08-21 09:31:00,506 INFO  impl.RaftServerProxy (RaftServerProxy.java:addNew(89)) - abf91b30-021b-4d31-aafd-ed4c2a5594b1: addNew group-6A3ADBE4CE8D:[abf91b30-021b-4d31-aafd-ed4c2a5594b1:192.168.157.251:44647] returns group-6A3ADBE4CE8D:java.util.concurrent.CompletableFuture@570e475e[Not completed]
2019-08-21 09:31:00,511 INFO  impl.RaftServerImpl (RaftServerImpl.java:<init>(93)) - abf91b30-021b-4d31-aafd-ed4c2a5594b1: new RaftServerImpl for group-6A3ADBE4CE8D:[abf91b30-021b-4d31-aafd-ed4c2a5594b1:192.168.157.251:44647] with ContainerStateMachine:uninitialized
2019-08-21 09:31:00,512 INFO  server.RaftServerConfigKeys (ConfUtils.java:logGet(43)) - raft.server.rpc.timeout.min = 5s (custom)
2019-08-21 09:31:00,512 INFO  server.RaftServerConfigKeys (ConfUtils.java:logGet(43)) - raft.server.rpc.timeout.max = 5200ms (custom)
2019-08-21 09:31:00,512 INFO  server.RaftServerConfigKeys (ConfUtils.java:logGet(43)) - raft.server.rpcslowness.timeout = 120s (custom)
2019-08-21 09:31:00,512 INFO  server.RaftServerConfigKeys (ConfUtils.java:logGet(43)) - raft.server.sleep.deviation.threshold = 300 (default)
2019-08-21 09:31:00,512 INFO  server.RaftServerConfigKeys (ConfUtils.java:logGet(43)) - raft.server.log.appender.install.snapshot.enabled = false (custom)
2019-08-21 09:31:00,513 INFO  impl.RaftServerImpl (ServerState.java:<init>(105)) - abf91b30-021b-4d31-aafd-ed4c2a5594b1:group-6A3ADBE4CE8D ConfigurationManager, init=-1: [abf91b30-021b-4d31-aafd-ed4c2a5594b1:192.168.157.251:44647], old=null, confs=<EMPTY_MAP>
2019-08-21 09:31:00,513 INFO  server.RaftServerConfigKeys (ConfUtils.java:logGet(43)) - raft.server.storage.dir = [/workdir/hadoop-ozone/integration-test/target/test-dir/MiniOzoneClusterImpl-a9f09a8a-841d-4252-92d8-3ce110573119/datanode-3/data/ratis] (custom)
2019-08-21 09:31:00,513 INFO  storage.RaftStorageDirectory (RaftStorageDirectory.java:analyzeStorage(246)) - The storage directory /workdir/hadoop-ozone/integration-test/target/test-dir/MiniOzoneClusterImpl-a9f09a8a-841d-4252-92d8-3ce110573119/datanode-3/data/ratis/326fe11d-1d59-4f79-9b7c-6a3adbe4ce8d does not exist. Creating ...
2019-08-21 09:31:00,526 INFO  storage.RaftStorageDirectory (RaftStorageDirectory.java:tryLock(328)) - Lock on /workdir/hadoop-ozone/integration-test/target/test-dir/MiniOzoneClusterImpl-a9f09a8a-841d-4252-92d8-3ce110573119/datanode-3/data/ratis/326fe11d-1d59-4f79-9b7c-6a3adbe4ce8d/in_use.lock acquired by nodename 11296@pr-hdds-1948-qvnss-3490636412
2019-08-21 09:31:00,559 INFO  storage.RaftStorage (RaftStorage.java:format(72)) - Storage directory /workdir/hadoop-ozone/integration-test/target/test-dir/MiniOzoneClusterImpl-a9f09a8a-841d-4252-92d8-3ce110573119/datanode-3/data/ratis/326fe11d-1d59-4f79-9b7c-6a3adbe4ce8d has been successfully formatted.
2019-08-21 09:31:00,560 INFO  ratis.ContainerStateMachine (ContainerStateMachine.java:loadSnapshot(222)) - group-6A3ADBE4CE8D: The snapshot info is null. Setting the last applied indexto:(t:0, i:~)
2019-08-21 09:31:00,560 INFO  server.RaftServerConfigKeys (ConfUtils.java:logGet(43)) - raft.server.leader.election.timeout = 120s (custom)
2019-08-21 09:31:00,560 INFO  server.RaftServerConfigKeys (ConfUtils.java:logGet(43)) - raft.server.log.use.memory = false (default)
2019-08-21 09:31:00,560 INFO  server.RaftServerConfigKeys (ConfUtils.java:logGet(43)) - raft.server.log.purge.gap = 1000000000 (custom)
2019-08-21 09:31:00,561 INFO  server.RaftServerConfigKeys (ConfUtils.java:logGet(43)) - raft.server.log.appender.buffer.byte-limit = 33554432 (custom)
2019-08-21 09:31:00,561 INFO  server.RaftServerConfigKeys (ConfUtils.java:logGet(43)) - raft.server.log.segment.size.max = 1048576 (custom)
2019-08-21 09:31:00,561 INFO  server.RaftServerConfigKeys (ConfUtils.java:logGet(43)) - raft.server.log.segment.cache.num.max = 2 (custom)
2019-08-21 09:31:00,561 INFO  segmented.SegmentedRaftLogWorker (SegmentedRaftLogWorker.java:<init>(172)) - new abf91b30-021b-4d31-aafd-ed4c2a5594b1-SegmentedRaftLogWorker:Storage Directory /workdir/hadoop-ozone/integration-test/target/test-dir/MiniOzoneClusterImpl-a9f09a8a-841d-4252-92d8-3ce110573119/datanode-3/data/ratis/326fe11d-1d59-4f79-9b7c-6a3adbe4ce8d for RaftStorage:Storage Directory /workdir/hadoop-ozone/integration-test/target/test-dir/MiniOzoneClusterImpl-a9f09a8a-841d-4252-92d8-3ce110573119/datanode-3/data/ratis/326fe11d-1d59-4f79-9b7c-6a3adbe4ce8d
2019-08-21 09:31:00,562 INFO  server.RaftServerConfigKeys (ConfUtils.java:logGet(43)) - raft.server.log.queue.byte-limit = 2147483647 (custom)
2019-08-21 09:31:00,562 INFO  server.RaftServerConfigKeys (ConfUtils.java:logGet(43)) - raft.server.log.queue.element-limit = 1024 (custom)
2019-08-21 09:31:00,562 INFO  server.RaftServerConfigKeys (ConfUtils.java:logGet(43)) - raft.server.log.segment.size.max = 1048576 (custom)
2019-08-21 09:31:00,562 INFO  server.RaftServerConfigKeys (ConfUtils.java:logGet(43)) - raft.server.log.preallocated.size = 16384 (custom)
2019-08-21 09:31:00,563 INFO  server.RaftServerConfigKeys (ConfUtils.java:logGet(43)) - raft.server.log.write.buffer.size = 33554432 (custom)
2019-08-21 09:31:00,563 INFO  server.RaftServerConfigKeys (ConfUtils.java:logGet(43)) - raft.server.log.force.sync.num = 128 (default)
2019-08-21 09:31:00,563 INFO  server.RaftServerConfigKeys (ConfUtils.java:logGet(43)) - raft.server.log.statemachine.data.sync = true (default)
2019-08-21 09:31:00,563 INFO  server.RaftServerConfigKeys (ConfUtils.java:logGet(43)) - raft.server.log.statemachine.data.sync.timeout = 10s (default)
2019-08-21 09:31:00,563 INFO  server.RaftServerConfigKeys (ConfUtils.java:logGet(43)) - raft.server.log.statemachine.data.sync.timeout.retry = -1 (default)
2019-08-21 09:31:00,564 INFO  server.RaftServerConfigKeys (ConfUtils.java:logGet(43)) - raft.server.log.statemachine.data.caching.enabled = true (custom)
2019-08-21 09:31:00,564 INFO  segmented.SegmentedRaftLogWorker (SegmentedRaftLogWorker.java:lambda$new$0(132)) - abf91b30-021b-4d31-aafd-ed4c2a5594b1-SegmentedRaftLogWorker:Storage Directory /workdir/hadoop-ozone/integration-test/target/test-dir/MiniOzoneClusterImpl-a9f09a8a-841d-4252-92d8-3ce110573119/datanode-3/data/ratis/326fe11d-1d59-4f79-9b7c-6a3adbe4ce8d: flushIndex: setUnconditionally 0 -> -1
2019-08-21 09:31:00,565 INFO  server.RaftServerConfigKeys (ConfUtils.java:logGet(43)) - raft.server.snapshot.auto.trigger.enabled = true (custom)
2019-08-21 09:31:00,565 INFO  server.RaftServerConfigKeys (ConfUtils.java:logGet(43)) - raft.server.snapshot.auto.trigger.threshold = 10000 (custom)
2019-08-21 09:31:00,565 INFO  server.RaftServerConfigKeys (ConfUtils.java:logGet(43)) - raft.server.retrycache.expirytime = 600000ms (custom)
2019-08-21 09:31:00,566 INFO  impl.RaftServerImpl (RaftServerImpl.java:start(180)) - abf91b30-021b-4d31-aafd-ed4c2a5594b1: start group-6A3ADBE4CE8D
2019-08-21 09:31:00,566 INFO  impl.RaftServerImpl (RaftServerImpl.java:setRole(171)) - abf91b30-021b-4d31-aafd-ed4c2a5594b1:group-6A3ADBE4CE8D changes role from null to FOLLOWER at term 0 for startAsFollower
2019-08-21 09:31:00,566 INFO  impl.RoleInfo (RoleInfo.java:updateAndGet(143)) - abf91b30-021b-4d31-aafd-ed4c2a5594b1: start FollowerState
2019-08-21 09:31:00,566 INFO  util.JmxRegister (JmxRegister.java:tryRegister(44)) - Successfully registered JMX Bean with object name Ratis:service=RaftServer,group=group-6A3ADBE4CE8D,id=abf91b30-021b-4d31-aafd-ed4c2a5594b1
2019-08-21 09:31:00,581 INFO  pipeline.PipelineStateManager (PipelineStateManager.java:addPipeline(56)) - Created pipeline Pipeline[ Id: 326fe11d-1d59-4f79-9b7c-6a3adbe4ce8d, Nodes: abf91b30-021b-4d31-aafd-ed4c2a5594b1{ip: 192.168.157.251, host: pr-hdds-1948-qvnss-3490636412, networkLocation: /default-rack, certSerialId: null}, Type:RATIS, Factor:ONE, State:OPEN]
2019-08-21 09:31:00,607 INFO  impl.RaftServerProxy (RaftServerProxy.java:addNew(89)) - 9fa49919-9efe-4ead-b812-fbfd8bbb612f: addNew group-850E600A3BAE:[9fa49919-9efe-4ead-b812-fbfd8bbb612f:192.168.157.251:45775] returns group-850E600A3BAE:java.util.concurrent.CompletableFuture@39d71f71[Not completed]
2019-08-21 09:31:00,611 INFO  impl.RaftServerImpl (RaftServerImpl.java:<init>(93)) - 9fa49919-9efe-4ead-b812-fbfd8bbb612f: new RaftServerImpl for group-850E600A3BAE:[9fa49919-9efe-4ead-b812-fbfd8bbb612f:192.168.157.251:45775] with ContainerStateMachine:uninitialized
2019-08-21 09:31:00,612 INFO  server.RaftServerConfigKeys (ConfUtils.java:logGet(43)) - raft.server.rpc.timeout.min = 5s (custom)
2019-08-21 09:31:00,612 INFO  server.RaftServerConfigKeys (ConfUtils.java:logGet(43)) - raft.server.rpc.timeout.max = 5200ms (custom)
2019-08-21 09:31:00,612 INFO  server.RaftServerConfigKeys (ConfUtils.java:logGet(43)) - raft.server.rpcslowness.timeout = 120s (custom)
2019-08-21 09:31:00,612 INFO  server.RaftServerConfigKeys (ConfUtils.java:logGet(43)) - raft.server.sleep.deviation.threshold = 300 (default)
2019-08-21 09:31:00,612 INFO  server.RaftServerConfigKeys (ConfUtils.java:logGet(43)) - raft.server.log.appender.install.snapshot.enabled = false (custom)
2019-08-21 09:31:00,613 INFO  impl.RaftServerImpl (ServerState.java:<init>(105)) - 9fa49919-9efe-4ead-b812-fbfd8bbb612f:group-850E600A3BAE ConfigurationManager, init=-1: [9fa49919-9efe-4ead-b812-fbfd8bbb612f:192.168.157.251:45775], old=null, confs=<EMPTY_MAP>
2019-08-21 09:31:00,613 INFO  server.RaftServerConfigKeys (ConfUtils.java:logGet(43)) - raft.server.storage.dir = [/workdir/hadoop-ozone/integration-test/target/test-dir/MiniOzoneClusterImpl-a9f09a8a-841d-4252-92d8-3ce110573119/datanode-6/data/ratis] (custom)
2019-08-21 09:31:00,613 INFO  storage.RaftStorageDirectory (RaftStorageDirectory.java:analyzeStorage(246)) - The storage directory /workdir/hadoop-ozone/integration-test/target/test-dir/MiniOzoneClusterImpl-a9f09a8a-841d-4252-92d8-3ce110573119/datanode-6/data/ratis/e3bd38ae-bcba-43bc-b59d-850e600a3bae does not exist. Creating ...
2019-08-21 09:31:00,638 INFO  storage.RaftStorageDirectory (RaftStorageDirectory.java:tryLock(328)) - Lock on /workdir/hadoop-ozone/integration-test/target/test-dir/MiniOzoneClusterImpl-a9f09a8a-841d-4252-92d8-3ce110573119/datanode-6/data/ratis/e3bd38ae-bcba-43bc-b59d-850e600a3bae/in_use.lock acquired by nodename 11296@pr-hdds-1948-qvnss-3490636412
2019-08-21 09:31:00,651 INFO  storage.RaftStorage (RaftStorage.java:format(72)) - Storage directory /workdir/hadoop-ozone/integration-test/target/test-dir/MiniOzoneClusterImpl-a9f09a8a-841d-4252-92d8-3ce110573119/datanode-6/data/ratis/e3bd38ae-bcba-43bc-b59d-850e600a3bae has been successfully formatted.
2019-08-21 09:31:00,652 INFO  ratis.ContainerStateMachine (ContainerStateMachine.java:loadSnapshot(222)) - group-850E600A3BAE: The snapshot info is null. Setting the last applied indexto:(t:0, i:~)
2019-08-21 09:31:00,652 INFO  server.RaftServerConfigKeys (ConfUtils.java:logGet(43)) - raft.server.leader.election.timeout = 120s (custom)
2019-08-21 09:31:00,652 INFO  server.RaftServerConfigKeys (ConfUtils.java:logGet(43)) - raft.server.log.use.memory = false (default)
2019-08-21 09:31:00,652 INFO  server.RaftServerConfigKeys (ConfUtils.java:logGet(43)) - raft.server.log.purge.gap = 1000000000 (custom)
2019-08-21 09:31:00,652 INFO  server.RaftServerConfigKeys (ConfUtils.java:logGet(43)) - raft.server.log.appender.buffer.byte-limit = 33554432 (custom)
2019-08-21 09:31:00,653 INFO  server.RaftServerConfigKeys (ConfUtils.java:logGet(43)) - raft.server.log.segment.size.max = 1048576 (custom)
2019-08-21 09:31:00,653 INFO  server.RaftServerConfigKeys (ConfUtils.java:logGet(43)) - raft.server.log.segment.cache.num.max = 2 (custom)
2019-08-21 09:31:00,653 INFO  segmented.SegmentedRaftLogWorker (SegmentedRaftLogWorker.java:<init>(172)) - new 9fa49919-9efe-4ead-b812-fbfd8bbb612f-SegmentedRaftLogWorker:Storage Directory /workdir/hadoop-ozone/integration-test/target/test-dir/MiniOzoneClusterImpl-a9f09a8a-841d-4252-92d8-3ce110573119/datanode-6/data/ratis/e3bd38ae-bcba-43bc-b59d-850e600a3bae for RaftStorage:Storage Directory /workdir/hadoop-ozone/integration-test/target/test-dir/MiniOzoneClusterImpl-a9f09a8a-841d-4252-92d8-3ce110573119/datanode-6/data/ratis/e3bd38ae-bcba-43bc-b59d-850e600a3bae
2019-08-21 09:31:00,653 INFO  server.RaftServerConfigKeys (ConfUtils.java:logGet(43)) - raft.server.log.queue.byte-limit = 2147483647 (custom)
2019-08-21 09:31:00,653 INFO  server.RaftServerConfigKeys (ConfUtils.java:logGet(43)) - raft.server.log.queue.element-limit = 1024 (custom)
2019-08-21 09:31:00,654 INFO  server.RaftServerConfigKeys (ConfUtils.java:logGet(43)) - raft.server.log.segment.size.max = 1048576 (custom)
2019-08-21 09:31:00,654 INFO  server.RaftServerConfigKeys (ConfUtils.java:logGet(43)) - raft.server.log.preallocated.size = 16384 (custom)
2019-08-21 09:31:00,654 INFO  server.RaftServerConfigKeys (ConfUtils.java:logGet(43)) - raft.server.log.write.buffer.size = 33554432 (custom)
2019-08-21 09:31:00,654 INFO  server.RaftServerConfigKeys (ConfUtils.java:logGet(43)) - raft.server.log.force.sync.num = 128 (default)
2019-08-21 09:31:00,655 INFO  server.RaftServerConfigKeys (ConfUtils.java:logGet(43)) - raft.server.log.statemachine.data.sync = true (default)
2019-08-21 09:31:00,655 INFO  server.RaftServerConfigKeys (ConfUtils.java:logGet(43)) - raft.server.log.statemachine.data.sync.timeout = 10s (default)
2019-08-21 09:31:00,655 INFO  server.RaftServerConfigKeys (ConfUtils.java:logGet(43)) - raft.server.log.statemachine.data.sync.timeout.retry = -1 (default)
2019-08-21 09:31:00,655 INFO  server.RaftServerConfigKeys (ConfUtils.java:logGet(43)) - raft.server.log.statemachine.data.caching.enabled = true (custom)
2019-08-21 09:31:00,656 INFO  segmented.SegmentedRaftLogWorker (SegmentedRaftLogWorker.java:lambda$new$0(132)) - 9fa49919-9efe-4ead-b812-fbfd8bbb612f-SegmentedRaftLogWorker:Storage Directory /workdir/hadoop-ozone/integration-test/target/test-dir/MiniOzoneClusterImpl-a9f09a8a-841d-4252-92d8-3ce110573119/datanode-6/data/ratis/e3bd38ae-bcba-43bc-b59d-850e600a3bae: flushIndex: setUnconditionally 0 -> -1
2019-08-21 09:31:00,656 INFO  server.RaftServerConfigKeys (ConfUtils.java:logGet(43)) - raft.server.snapshot.auto.trigger.enabled = true (custom)
2019-08-21 09:31:00,656 INFO  server.RaftServerConfigKeys (ConfUtils.java:logGet(43)) - raft.server.snapshot.auto.trigger.threshold = 10000 (custom)
2019-08-21 09:31:00,657 INFO  server.RaftServerConfigKeys (ConfUtils.java:logGet(43)) - raft.server.retrycache.expirytime = 600000ms (custom)
2019-08-21 09:31:00,657 INFO  impl.RaftServerImpl (RaftServerImpl.java:start(180)) - 9fa49919-9efe-4ead-b812-fbfd8bbb612f: start group-850E600A3BAE
2019-08-21 09:31:00,657 INFO  impl.RaftServerImpl (RaftServerImpl.java:setRole(171)) - 9fa49919-9efe-4ead-b812-fbfd8bbb612f:group-850E600A3BAE changes role from null to FOLLOWER at term 0 for startAsFollower
2019-08-21 09:31:00,657 INFO  impl.RoleInfo (RoleInfo.java:updateAndGet(143)) - 9fa49919-9efe-4ead-b812-fbfd8bbb612f: start FollowerState
2019-08-21 09:31:00,658 INFO  util.JmxRegister (JmxRegister.java:tryRegister(44)) - Successfully registered JMX Bean with object name Ratis:service=RaftServer,group=group-850E600A3BAE,id=9fa49919-9efe-4ead-b812-fbfd8bbb612f
2019-08-21 09:31:00,671 INFO  pipeline.PipelineStateManager (PipelineStateManager.java:addPipeline(56)) - Created pipeline Pipeline[ Id: e3bd38ae-bcba-43bc-b59d-850e600a3bae, Nodes: 9fa49919-9efe-4ead-b812-fbfd8bbb612f{ip: 192.168.157.251, host: pr-hdds-1948-qvnss-3490636412, networkLocation: /default-rack, certSerialId: null}, Type:RATIS, Factor:ONE, State:OPEN]
2019-08-21 09:31:00,690 INFO  impl.RaftServerProxy (RaftServerProxy.java:addNew(89)) - 5e005968-32f6-4a99-94bf-bbc0f8ee2cb1: addNew group-7C4BFBD249AB:[5e005968-32f6-4a99-94bf-bbc0f8ee2cb1:192.168.157.251:42617] returns group-7C4BFBD249AB:java.util.concurrent.CompletableFuture@60a8b916[Not completed]
2019-08-21 09:31:00,694 INFO  impl.RaftServerImpl (RaftServerImpl.java:<init>(93)) - 5e005968-32f6-4a99-94bf-bbc0f8ee2cb1: new RaftServerImpl for group-7C4BFBD249AB:[5e005968-32f6-4a99-94bf-bbc0f8ee2cb1:192.168.157.251:42617] with ContainerStateMachine:uninitialized
2019-08-21 09:31:00,694 INFO  server.RaftServerConfigKeys (ConfUtils.java:logGet(43)) - raft.server.rpc.timeout.min = 5s (custom)
2019-08-21 09:31:00,694 INFO  server.RaftServerConfigKeys (ConfUtils.java:logGet(43)) - raft.server.rpc.timeout.max = 5200ms (custom)
2019-08-21 09:31:00,695 INFO  server.RaftServerConfigKeys (ConfUtils.java:logGet(43)) - raft.server.rpcslowness.timeout = 120s (custom)
2019-08-21 09:31:00,695 INFO  server.RaftServerConfigKeys (ConfUtils.java:logGet(43)) - raft.server.sleep.deviation.threshold = 300 (default)
2019-08-21 09:31:00,695 INFO  server.RaftServerConfigKeys (ConfUtils.java:logGet(43)) - raft.server.log.appender.install.snapshot.enabled = false (custom)
2019-08-21 09:31:00,695 INFO  impl.RaftServerImpl (ServerState.java:<init>(105)) - 5e005968-32f6-4a99-94bf-bbc0f8ee2cb1:group-7C4BFBD249AB ConfigurationManager, init=-1: [5e005968-32f6-4a99-94bf-bbc0f8ee2cb1:192.168.157.251:42617], old=null, confs=<EMPTY_MAP>
2019-08-21 09:31:00,696 INFO  server.RaftServerConfigKeys (ConfUtils.java:logGet(43)) - raft.server.storage.dir = [/workdir/hadoop-ozone/integration-test/target/test-dir/MiniOzoneClusterImpl-a9f09a8a-841d-4252-92d8-3ce110573119/datanode-2/data/ratis] (custom)
2019-08-21 09:31:00,696 INFO  storage.RaftStorageDirectory (RaftStorageDirectory.java:analyzeStorage(246)) - The storage directory /workdir/hadoop-ozone/integration-test/target/test-dir/MiniOzoneClusterImpl-a9f09a8a-841d-4252-92d8-3ce110573119/datanode-2/data/ratis/92289459-bccf-49ac-bcd1-7c4bfbd249ab does not exist. Creating ...
2019-08-21 09:31:00,709 INFO  storage.RaftStorageDirectory (RaftStorageDirectory.java:tryLock(328)) - Lock on /workdir/hadoop-ozone/integration-test/target/test-dir/MiniOzoneClusterImpl-a9f09a8a-841d-4252-92d8-3ce110573119/datanode-2/data/ratis/92289459-bccf-49ac-bcd1-7c4bfbd249ab/in_use.lock acquired by nodename 11296@pr-hdds-1948-qvnss-3490636412
2019-08-21 09:31:00,722 INFO  storage.RaftStorage (RaftStorage.java:format(72)) - Storage directory /workdir/hadoop-ozone/integration-test/target/test-dir/MiniOzoneClusterImpl-a9f09a8a-841d-4252-92d8-3ce110573119/datanode-2/data/ratis/92289459-bccf-49ac-bcd1-7c4bfbd249ab has been successfully formatted.
2019-08-21 09:31:00,722 INFO  ratis.ContainerStateMachine (ContainerStateMachine.java:loadSnapshot(222)) - group-7C4BFBD249AB: The snapshot info is null. Setting the last applied indexto:(t:0, i:~)
2019-08-21 09:31:00,723 INFO  server.RaftServerConfigKeys (ConfUtils.java:logGet(43)) - raft.server.leader.election.timeout = 120s (custom)
2019-08-21 09:31:00,723 INFO  server.RaftServerConfigKeys (ConfUtils.java:logGet(43)) - raft.server.log.use.memory = false (default)
2019-08-21 09:31:00,723 INFO  server.RaftServerConfigKeys (ConfUtils.java:logGet(43)) - raft.server.log.purge.gap = 1000000000 (custom)
2019-08-21 09:31:00,723 INFO  server.RaftServerConfigKeys (ConfUtils.java:logGet(43)) - raft.server.log.appender.buffer.byte-limit = 33554432 (custom)
2019-08-21 09:31:00,723 INFO  server.RaftServerConfigKeys (ConfUtils.java:logGet(43)) - raft.server.log.segment.size.max = 1048576 (custom)
2019-08-21 09:31:00,724 INFO  server.RaftServerConfigKeys (ConfUtils.java:logGet(43)) - raft.server.log.segment.cache.num.max = 2 (custom)
2019-08-21 09:31:00,724 INFO  segmented.SegmentedRaftLogWorker (SegmentedRaftLogWorker.java:<init>(172)) - new 5e005968-32f6-4a99-94bf-bbc0f8ee2cb1-SegmentedRaftLogWorker:Storage Directory /workdir/hadoop-ozone/integration-test/target/test-dir/MiniOzoneClusterImpl-a9f09a8a-841d-4252-92d8-3ce110573119/datanode-2/data/ratis/92289459-bccf-49ac-bcd1-7c4bfbd249ab for RaftStorage:Storage Directory /workdir/hadoop-ozone/integration-test/target/test-dir/MiniOzoneClusterImpl-a9f09a8a-841d-4252-92d8-3ce110573119/datanode-2/data/ratis/92289459-bccf-49ac-bcd1-7c4bfbd249ab
2019-08-21 09:31:00,724 INFO  server.RaftServerConfigKeys (ConfUtils.java:logGet(43)) - raft.server.log.queue.byte-limit = 2147483647 (custom)
2019-08-21 09:31:00,724 INFO  server.RaftServerConfigKeys (ConfUtils.java:logGet(43)) - raft.server.log.queue.element-limit = 1024 (custom)
2019-08-21 09:31:00,725 INFO  server.RaftServerConfigKeys (ConfUtils.java:logGet(43)) - raft.server.log.segment.size.max = 1048576 (custom)
2019-08-21 09:31:00,725 INFO  server.RaftServerConfigKeys (ConfUtils.java:logGet(43)) - raft.server.log.preallocated.size = 16384 (custom)
2019-08-21 09:31:00,725 INFO  server.RaftServerConfigKeys (ConfUtils.java:logGet(43)) - raft.server.log.write.buffer.size = 33554432 (custom)
2019-08-21 09:31:00,725 INFO  server.RaftServerConfigKeys (ConfUtils.java:logGet(43)) - raft.server.log.force.sync.num = 128 (default)
2019-08-21 09:31:00,725 INFO  server.RaftServerConfigKeys (ConfUtils.java:logGet(43)) - raft.server.log.statemachine.data.sync = true (default)
2019-08-21 09:31:00,726 INFO  server.RaftServerConfigKeys (ConfUtils.java:logGet(43)) - raft.server.log.statemachine.data.sync.timeout = 10s (default)
2019-08-21 09:31:00,726 INFO  server.RaftServerConfigKeys (ConfUtils.java:logGet(43)) - raft.server.log.statemachine.data.sync.timeout.retry = -1 (default)
2019-08-21 09:31:00,726 INFO  server.RaftServerConfigKeys (ConfUtils.java:logGet(43)) - raft.server.log.statemachine.data.caching.enabled = true (custom)
2019-08-21 09:31:00,727 INFO  segmented.SegmentedRaftLogWorker (SegmentedRaftLogWorker.java:lambda$new$0(132)) - 5e005968-32f6-4a99-94bf-bbc0f8ee2cb1-SegmentedRaftLogWorker:Storage Directory /workdir/hadoop-ozone/integration-test/target/test-dir/MiniOzoneClusterImpl-a9f09a8a-841d-4252-92d8-3ce110573119/datanode-2/data/ratis/92289459-bccf-49ac-bcd1-7c4bfbd249ab: flushIndex: setUnconditionally 0 -> -1
2019-08-21 09:31:00,727 INFO  server.RaftServerConfigKeys (ConfUtils.java:logGet(43)) - raft.server.snapshot.auto.trigger.enabled = true (custom)
2019-08-21 09:31:00,728 INFO  server.RaftServerConfigKeys (ConfUtils.java:logGet(43)) - raft.server.snapshot.auto.trigger.threshold = 10000 (custom)
2019-08-21 09:31:00,728 INFO  server.RaftServerConfigKeys (ConfUtils.java:logGet(43)) - raft.server.retrycache.expirytime = 600000ms (custom)
2019-08-21 09:31:00,728 INFO  impl.RaftServerImpl (RaftServerImpl.java:start(180)) - 5e005968-32f6-4a99-94bf-bbc0f8ee2cb1: start group-7C4BFBD249AB
2019-08-21 09:31:00,728 INFO  impl.RaftServerImpl (RaftServerImpl.java:setRole(171)) - 5e005968-32f6-4a99-94bf-bbc0f8ee2cb1:group-7C4BFBD249AB changes role from null to FOLLOWER at term 0 for startAsFollower
2019-08-21 09:31:00,729 INFO  impl.RoleInfo (RoleInfo.java:updateAndGet(143)) - 5e005968-32f6-4a99-94bf-bbc0f8ee2cb1: start FollowerState
2019-08-21 09:31:00,729 INFO  util.JmxRegister (JmxRegister.java:tryRegister(44)) - Successfully registered JMX Bean with object name Ratis:service=RaftServer,group=group-7C4BFBD249AB,id=5e005968-32f6-4a99-94bf-bbc0f8ee2cb1
2019-08-21 09:31:00,749 INFO  pipeline.PipelineStateManager (PipelineStateManager.java:addPipeline(56)) - Created pipeline Pipeline[ Id: 92289459-bccf-49ac-bcd1-7c4bfbd249ab, Nodes: 5e005968-32f6-4a99-94bf-bbc0f8ee2cb1{ip: 192.168.157.251, host: pr-hdds-1948-qvnss-3490636412, networkLocation: /default-rack, certSerialId: null}, Type:RATIS, Factor:ONE, State:OPEN]
2019-08-21 09:31:00,793 INFO  impl.RaftServerProxy (RaftServerProxy.java:addNew(89)) - e32711c2-4492-4d3d-a441-ee4ec4df5188: addNew group-6065D336B8D0:[e32711c2-4492-4d3d-a441-ee4ec4df5188:192.168.157.251:44243, 1c89303c-4cf4-4a41-a1ec-4ab916346441:192.168.157.251:36995, 8b885c43-3275-4247-ace6-35192e2b0349:192.168.157.251:38527] returns group-6065D336B8D0:java.util.concurrent.CompletableFuture@1bd8eeca[Not completed]
2019-08-21 09:31:00,796 INFO  impl.RaftServerProxy (RaftServerProxy.java:addNew(89)) - 1c89303c-4cf4-4a41-a1ec-4ab916346441: addNew group-6065D336B8D0:[e32711c2-4492-4d3d-a441-ee4ec4df5188:192.168.157.251:44243, 1c89303c-4cf4-4a41-a1ec-4ab916346441:192.168.157.251:36995, 8b885c43-3275-4247-ace6-35192e2b0349:192.168.157.251:38527] returns group-6065D336B8D0:java.util.concurrent.CompletableFuture@5ae5e4f1[Not completed]
2019-08-21 09:31:00,798 INFO  impl.RaftServerImpl (RaftServerImpl.java:<init>(93)) - e32711c2-4492-4d3d-a441-ee4ec4df5188: new RaftServerImpl for group-6065D336B8D0:[e32711c2-4492-4d3d-a441-ee4ec4df5188:192.168.157.251:44243, 1c89303c-4cf4-4a41-a1ec-4ab916346441:192.168.157.251:36995, 8b885c43-3275-4247-ace6-35192e2b0349:192.168.157.251:38527] with ContainerStateMachine:uninitialized
2019-08-21 09:31:00,799 INFO  server.RaftServerConfigKeys (ConfUtils.java:logGet(43)) - raft.server.rpc.timeout.min = 5s (custom)
2019-08-21 09:31:00,799 INFO  server.RaftServerConfigKeys (ConfUtils.java:logGet(43)) - raft.server.rpc.timeout.max = 5200ms (custom)
2019-08-21 09:31:00,799 INFO  impl.RaftServerProxy (RaftServerProxy.java:addNew(89)) - 8b885c43-3275-4247-ace6-35192e2b0349: addNew group-6065D336B8D0:[e32711c2-4492-4d3d-a441-ee4ec4df5188:192.168.157.251:44243, 1c89303c-4cf4-4a41-a1ec-4ab916346441:192.168.157.251:36995, 8b885c43-3275-4247-ace6-35192e2b0349:192.168.157.251:38527] returns group-6065D336B8D0:java.util.concurrent.CompletableFuture@502d69a0[Not completed]
2019-08-21 09:31:00,799 INFO  server.RaftServerConfigKeys (ConfUtils.java:logGet(43)) - raft.server.rpcslowness.timeout = 120s (custom)
2019-08-21 09:31:00,800 INFO  server.RaftServerConfigKeys (ConfUtils.java:logGet(43)) - raft.server.sleep.deviation.threshold = 300 (default)
2019-08-21 09:31:00,800 INFO  server.RaftServerConfigKeys (ConfUtils.java:logGet(43)) - raft.server.log.appender.install.snapshot.enabled = false (custom)
2019-08-21 09:31:00,800 INFO  impl.RaftServerImpl (RaftServerImpl.java:<init>(93)) - 1c89303c-4cf4-4a41-a1ec-4ab916346441: new RaftServerImpl for group-6065D336B8D0:[e32711c2-4492-4d3d-a441-ee4ec4df5188:192.168.157.251:44243, 1c89303c-4cf4-4a41-a1ec-4ab916346441:192.168.157.251:36995, 8b885c43-3275-4247-ace6-35192e2b0349:192.168.157.251:38527] with ContainerStateMachine:uninitialized
2019-08-21 09:31:00,800 INFO  impl.RaftServerImpl (ServerState.java:<init>(105)) - e32711c2-4492-4d3d-a441-ee4ec4df5188:group-6065D336B8D0 ConfigurationManager, init=-1: [e32711c2-4492-4d3d-a441-ee4ec4df5188:192.168.157.251:44243, 1c89303c-4cf4-4a41-a1ec-4ab916346441:192.168.157.251:36995, 8b885c43-3275-4247-ace6-35192e2b0349:192.168.157.251:38527], old=null, confs=<EMPTY_MAP>
2019-08-21 09:31:00,800 INFO  server.RaftServerConfigKeys (ConfUtils.java:logGet(43)) - raft.server.rpc.timeout.min = 5s (custom)
2019-08-21 09:31:00,801 INFO  server.RaftServerConfigKeys (ConfUtils.java:logGet(43)) - raft.server.storage.dir = [/workdir/hadoop-ozone/integration-test/target/test-dir/MiniOzoneClusterImpl-a9f09a8a-841d-4252-92d8-3ce110573119/datanode-4/data/ratis] (custom)
2019-08-21 09:31:00,801 INFO  server.RaftServerConfigKeys (ConfUtils.java:logGet(43)) - raft.server.rpc.timeout.max = 5200ms (custom)
2019-08-21 09:31:00,801 INFO  server.RaftServerConfigKeys (ConfUtils.java:logGet(43)) - raft.server.rpcslowness.timeout = 120s (custom)
2019-08-21 09:31:00,801 INFO  server.RaftServerConfigKeys (ConfUtils.java:logGet(43)) - raft.server.sleep.deviation.threshold = 300 (default)
2019-08-21 09:31:00,801 INFO  server.RaftServerConfigKeys (ConfUtils.java:logGet(43)) - raft.server.log.appender.install.snapshot.enabled = false (custom)
2019-08-21 09:31:00,802 INFO  storage.RaftStorageDirectory (RaftStorageDirectory.java:analyzeStorage(246)) - The storage directory /workdir/hadoop-ozone/integration-test/target/test-dir/MiniOzoneClusterImpl-a9f09a8a-841d-4252-92d8-3ce110573119/datanode-4/data/ratis/a372eb94-be13-4b20-87f3-6065d336b8d0 does not exist. Creating ...
2019-08-21 09:31:00,802 INFO  impl.RaftServerImpl (RaftServerImpl.java:<init>(93)) - 8b885c43-3275-4247-ace6-35192e2b0349: new RaftServerImpl for group-6065D336B8D0:[e32711c2-4492-4d3d-a441-ee4ec4df5188:192.168.157.251:44243, 1c89303c-4cf4-4a41-a1ec-4ab916346441:192.168.157.251:36995, 8b885c43-3275-4247-ace6-35192e2b0349:192.168.157.251:38527] with ContainerStateMachine:uninitialized
2019-08-21 09:31:00,802 INFO  impl.RaftServerImpl (ServerState.java:<init>(105)) - 1c89303c-4cf4-4a41-a1ec-4ab916346441:group-6065D336B8D0 ConfigurationManager, init=-1: [e32711c2-4492-4d3d-a441-ee4ec4df5188:192.168.157.251:44243, 1c89303c-4cf4-4a41-a1ec-4ab916346441:192.168.157.251:36995, 8b885c43-3275-4247-ace6-35192e2b0349:192.168.157.251:38527], old=null, confs=<EMPTY_MAP>
2019-08-21 09:31:00,802 INFO  server.RaftServerConfigKeys (ConfUtils.java:logGet(43)) - raft.server.rpc.timeout.min = 5s (custom)
2019-08-21 09:31:00,802 INFO  server.RaftServerConfigKeys (ConfUtils.java:logGet(43)) - raft.server.storage.dir = [/workdir/hadoop-ozone/integration-test/target/test-dir/MiniOzoneClusterImpl-a9f09a8a-841d-4252-92d8-3ce110573119/datanode-5/data/ratis] (custom)
2019-08-21 09:31:00,803 INFO  server.RaftServerConfigKeys (ConfUtils.java:logGet(43)) - raft.server.rpc.timeout.max = 5200ms (custom)
2019-08-21 09:31:00,803 INFO  server.RaftServerConfigKeys (ConfUtils.java:logGet(43)) - raft.server.rpcslowness.timeout = 120s (custom)
2019-08-21 09:31:00,803 INFO  storage.RaftStorageDirectory (RaftStorageDirectory.java:analyzeStorage(246)) - The storage directory /workdir/hadoop-ozone/integration-test/target/test-dir/MiniOzoneClusterImpl-a9f09a8a-841d-4252-92d8-3ce110573119/datanode-5/data/ratis/a372eb94-be13-4b20-87f3-6065d336b8d0 does not exist. Creating ...
2019-08-21 09:31:00,803 INFO  server.RaftServerConfigKeys (ConfUtils.java:logGet(43)) - raft.server.sleep.deviation.threshold = 300 (default)
2019-08-21 09:31:00,803 INFO  server.RaftServerConfigKeys (ConfUtils.java:logGet(43)) - raft.server.log.appender.install.snapshot.enabled = false (custom)
2019-08-21 09:31:00,804 INFO  impl.RaftServerImpl (ServerState.java:<init>(105)) - 8b885c43-3275-4247-ace6-35192e2b0349:group-6065D336B8D0 ConfigurationManager, init=-1: [e32711c2-4492-4d3d-a441-ee4ec4df5188:192.168.157.251:44243, 1c89303c-4cf4-4a41-a1ec-4ab916346441:192.168.157.251:36995, 8b885c43-3275-4247-ace6-35192e2b0349:192.168.157.251:38527], old=null, confs=<EMPTY_MAP>
2019-08-21 09:31:00,804 INFO  server.RaftServerConfigKeys (ConfUtils.java:logGet(43)) - raft.server.storage.dir = [/workdir/hadoop-ozone/integration-test/target/test-dir/MiniOzoneClusterImpl-a9f09a8a-841d-4252-92d8-3ce110573119/datanode-1/data/ratis] (custom)
2019-08-21 09:31:00,804 INFO  storage.RaftStorageDirectory (RaftStorageDirectory.java:analyzeStorage(246)) - The storage directory /workdir/hadoop-ozone/integration-test/target/test-dir/MiniOzoneClusterImpl-a9f09a8a-841d-4252-92d8-3ce110573119/datanode-1/data/ratis/a372eb94-be13-4b20-87f3-6065d336b8d0 does not exist. Creating ...
2019-08-21 09:31:00,828 INFO  storage.RaftStorageDirectory (RaftStorageDirectory.java:tryLock(328)) - Lock on /workdir/hadoop-ozone/integration-test/target/test-dir/MiniOzoneClusterImpl-a9f09a8a-841d-4252-92d8-3ce110573119/datanode-4/data/ratis/a372eb94-be13-4b20-87f3-6065d336b8d0/in_use.lock acquired by nodename 11296@pr-hdds-1948-qvnss-3490636412
2019-08-21 09:31:00,828 INFO  storage.RaftStorageDirectory (RaftStorageDirectory.java:tryLock(328)) - Lock on /workdir/hadoop-ozone/integration-test/target/test-dir/MiniOzoneClusterImpl-a9f09a8a-841d-4252-92d8-3ce110573119/datanode-5/data/ratis/a372eb94-be13-4b20-87f3-6065d336b8d0/in_use.lock acquired by nodename 11296@pr-hdds-1948-qvnss-3490636412
2019-08-21 09:31:00,828 INFO  storage.RaftStorageDirectory (RaftStorageDirectory.java:tryLock(328)) - Lock on /workdir/hadoop-ozone/integration-test/target/test-dir/MiniOzoneClusterImpl-a9f09a8a-841d-4252-92d8-3ce110573119/datanode-1/data/ratis/a372eb94-be13-4b20-87f3-6065d336b8d0/in_use.lock acquired by nodename 11296@pr-hdds-1948-qvnss-3490636412
2019-08-21 09:31:00,854 INFO  storage.RaftStorage (RaftStorage.java:format(72)) - Storage directory /workdir/hadoop-ozone/integration-test/target/test-dir/MiniOzoneClusterImpl-a9f09a8a-841d-4252-92d8-3ce110573119/datanode-4/data/ratis/a372eb94-be13-4b20-87f3-6065d336b8d0 has been successfully formatted.
2019-08-21 09:31:00,854 INFO  storage.RaftStorage (RaftStorage.java:format(72)) - Storage directory /workdir/hadoop-ozone/integration-test/target/test-dir/MiniOzoneClusterImpl-a9f09a8a-841d-4252-92d8-3ce110573119/datanode-1/data/ratis/a372eb94-be13-4b20-87f3-6065d336b8d0 has been successfully formatted.
2019-08-21 09:31:00,854 INFO  storage.RaftStorage (RaftStorage.java:format(72)) - Storage directory /workdir/hadoop-ozone/integration-test/target/test-dir/MiniOzoneClusterImpl-a9f09a8a-841d-4252-92d8-3ce110573119/datanode-5/data/ratis/a372eb94-be13-4b20-87f3-6065d336b8d0 has been successfully formatted.
2019-08-21 09:31:00,855 INFO  ratis.ContainerStateMachine (ContainerStateMachine.java:loadSnapshot(222)) - group-6065D336B8D0: The snapshot info is null. Setting the last applied indexto:(t:0, i:~)
2019-08-21 09:31:00,855 INFO  ratis.ContainerStateMachine (ContainerStateMachine.java:loadSnapshot(222)) - group-6065D336B8D0: The snapshot info is null. Setting the last applied indexto:(t:0, i:~)
2019-08-21 09:31:00,855 INFO  server.RaftServerConfigKeys (ConfUtils.java:logGet(43)) - raft.server.leader.election.timeout = 120s (custom)
2019-08-21 09:31:00,855 INFO  ratis.ContainerStateMachine (ContainerStateMachine.java:loadSnapshot(222)) - group-6065D336B8D0: The snapshot info is null. Setting the last applied indexto:(t:0, i:~)
2019-08-21 09:31:00,856 INFO  server.RaftServerConfigKeys (ConfUtils.java:logGet(43)) - raft.server.log.use.memory = false (default)
2019-08-21 09:31:00,855 INFO  server.RaftServerConfigKeys (ConfUtils.java:logGet(43)) - raft.server.leader.election.timeout = 120s (custom)
2019-08-21 09:31:00,856 INFO  server.RaftServerConfigKeys (ConfUtils.java:logGet(43)) - raft.server.log.purge.gap = 1000000000 (custom)
2019-08-21 09:31:00,856 INFO  server.RaftServerConfigKeys (ConfUtils.java:logGet(43)) - raft.server.leader.election.timeout = 120s (custom)
2019-08-21 09:31:00,856 INFO  server.RaftServerConfigKeys (ConfUtils.java:logGet(43)) - raft.server.log.appender.buffer.byte-limit = 33554432 (custom)
2019-08-21 09:31:00,856 INFO  server.RaftServerConfigKeys (ConfUtils.java:logGet(43)) - raft.server.log.use.memory = false (default)
2019-08-21 09:31:00,857 INFO  server.RaftServerConfigKeys (ConfUtils.java:logGet(43)) - raft.server.log.segment.size.max = 1048576 (custom)
2019-08-21 09:31:00,857 INFO  server.RaftServerConfigKeys (ConfUtils.java:logGet(43)) - raft.server.log.use.memory = false (default)
2019-08-21 09:31:00,857 INFO  server.RaftServerConfigKeys (ConfUtils.java:logGet(43)) - raft.server.log.segment.cache.num.max = 2 (custom)
2019-08-21 09:31:00,857 INFO  server.RaftServerConfigKeys (ConfUtils.java:logGet(43)) - raft.server.log.purge.gap = 1000000000 (custom)
2019-08-21 09:31:00,857 INFO  segmented.SegmentedRaftLogWorker (SegmentedRaftLogWorker.java:<init>(172)) - new 8b885c43-3275-4247-ace6-35192e2b0349-SegmentedRaftLogWorker:Storage Directory /workdir/hadoop-ozone/integration-test/target/test-dir/MiniOzoneClusterImpl-a9f09a8a-841d-4252-92d8-3ce110573119/datanode-1/data/ratis/a372eb94-be13-4b20-87f3-6065d336b8d0 for RaftStorage:Storage Directory /workdir/hadoop-ozone/integration-test/target/test-dir/MiniOzoneClusterImpl-a9f09a8a-841d-4252-92d8-3ce110573119/datanode-1/data/ratis/a372eb94-be13-4b20-87f3-6065d336b8d0
2019-08-21 09:31:00,857 INFO  server.RaftServerConfigKeys (ConfUtils.java:logGet(43)) - raft.server.log.purge.gap = 1000000000 (custom)
2019-08-21 09:31:00,858 INFO  server.RaftServerConfigKeys (ConfUtils.java:logGet(43)) - raft.server.log.queue.byte-limit = 2147483647 (custom)
2019-08-21 09:31:00,858 INFO  server.RaftServerConfigKeys (ConfUtils.java:logGet(43)) - raft.server.log.appender.buffer.byte-limit = 33554432 (custom)
2019-08-21 09:31:00,860 INFO  server.RaftServerConfigKeys (ConfUtils.java:logGet(43)) - raft.server.log.queue.element-limit = 1024 (custom)
2019-08-21 09:31:00,858 INFO  server.RaftServerConfigKeys (ConfUtils.java:logGet(43)) - raft.server.log.appender.buffer.byte-limit = 33554432 (custom)
2019-08-21 09:31:00,860 INFO  server.RaftServerConfigKeys (ConfUtils.java:logGet(43)) - raft.server.log.segment.size.max = 1048576 (custom)
2019-08-21 09:31:00,860 INFO  server.RaftServerConfigKeys (ConfUtils.java:logGet(43)) - raft.server.log.segment.size.max = 1048576 (custom)
2019-08-21 09:31:00,861 INFO  server.RaftServerConfigKeys (ConfUtils.java:logGet(43)) - raft.server.log.preallocated.size = 16384 (custom)
2019-08-21 09:31:00,861 INFO  server.RaftServerConfigKeys (ConfUtils.java:logGet(43)) - raft.server.log.segment.size.max = 1048576 (custom)
2019-08-21 09:31:00,861 INFO  server.RaftServerConfigKeys (ConfUtils.java:logGet(43)) - raft.server.log.write.buffer.size = 33554432 (custom)
2019-08-21 09:31:00,861 INFO  server.RaftServerConfigKeys (ConfUtils.java:logGet(43)) - raft.server.log.segment.cache.num.max = 2 (custom)
2019-08-21 09:31:00,861 INFO  server.RaftServerConfigKeys (ConfUtils.java:logGet(43)) - raft.server.log.force.sync.num = 128 (default)
2019-08-21 09:31:00,861 INFO  server.RaftServerConfigKeys (ConfUtils.java:logGet(43)) - raft.server.log.segment.cache.num.max = 2 (custom)
2019-08-21 09:31:00,862 INFO  server.RaftServerConfigKeys (ConfUtils.java:logGet(43)) - raft.server.log.statemachine.data.sync = true (default)
2019-08-21 09:31:00,862 INFO  segmented.SegmentedRaftLogWorker (SegmentedRaftLogWorker.java:<init>(172)) - new e32711c2-4492-4d3d-a441-ee4ec4df5188-SegmentedRaftLogWorker:Storage Directory /workdir/hadoop-ozone/integration-test/target/test-dir/MiniOzoneClusterImpl-a9f09a8a-841d-4252-92d8-3ce110573119/datanode-4/data/ratis/a372eb94-be13-4b20-87f3-6065d336b8d0 for RaftStorage:Storage Directory /workdir/hadoop-ozone/integration-test/target/test-dir/MiniOzoneClusterImpl-a9f09a8a-841d-4252-92d8-3ce110573119/datanode-4/data/ratis/a372eb94-be13-4b20-87f3-6065d336b8d0
2019-08-21 09:31:00,862 INFO  server.RaftServerConfigKeys (ConfUtils.java:logGet(43)) - raft.server.log.statemachine.data.sync.timeout = 10s (default)
2019-08-21 09:31:00,862 INFO  segmented.SegmentedRaftLogWorker (SegmentedRaftLogWorker.java:<init>(172)) - new 1c89303c-4cf4-4a41-a1ec-4ab916346441-SegmentedRaftLogWorker:Storage Directory /workdir/hadoop-ozone/integration-test/target/test-dir/MiniOzoneClusterImpl-a9f09a8a-841d-4252-92d8-3ce110573119/datanode-5/data/ratis/a372eb94-be13-4b20-87f3-6065d336b8d0 for RaftStorage:Storage Directory /workdir/hadoop-ozone/integration-test/target/test-dir/MiniOzoneClusterImpl-a9f09a8a-841d-4252-92d8-3ce110573119/datanode-5/data/ratis/a372eb94-be13-4b20-87f3-6065d336b8d0
2019-08-21 09:31:00,863 INFO  server.RaftServerConfigKeys (ConfUtils.java:logGet(43)) - raft.server.log.statemachine.data.sync.timeout.retry = -1 (default)
2019-08-21 09:31:00,862 INFO  server.RaftServerConfigKeys (ConfUtils.java:logGet(43)) - raft.server.log.queue.byte-limit = 2147483647 (custom)
2019-08-21 09:31:00,867 INFO  server.RaftServerConfigKeys (ConfUtils.java:logGet(43)) - raft.server.log.statemachine.data.caching.enabled = true (custom)
2019-08-21 09:31:00,865 INFO  server.RaftServerConfigKeys (ConfUtils.java:logGet(43)) - raft.server.log.queue.byte-limit = 2147483647 (custom)
2019-08-21 09:31:00,867 INFO  segmented.SegmentedRaftLogWorker (SegmentedRaftLogWorker.java:lambda$new$0(132)) - 8b885c43-3275-4247-ace6-35192e2b0349-SegmentedRaftLogWorker:Storage Directory /workdir/hadoop-ozone/integration-test/target/test-dir/MiniOzoneClusterImpl-a9f09a8a-841d-4252-92d8-3ce110573119/datanode-1/data/ratis/a372eb94-be13-4b20-87f3-6065d336b8d0: flushIndex: setUnconditionally 0 -> -1
2019-08-21 09:31:00,867 INFO  server.RaftServerConfigKeys (ConfUtils.java:logGet(43)) - raft.server.log.queue.element-limit = 1024 (custom)
2019-08-21 09:31:00,867 INFO  server.RaftServerConfigKeys (ConfUtils.java:logGet(43)) - raft.server.log.queue.element-limit = 1024 (custom)
2019-08-21 09:31:00,868 INFO  server.RaftServerConfigKeys (ConfUtils.java:logGet(43)) - raft.server.log.segment.size.max = 1048576 (custom)
2019-08-21 09:31:00,868 INFO  server.RaftServerConfigKeys (ConfUtils.java:logGet(43)) - raft.server.snapshot.auto.trigger.enabled = true (custom)
2019-08-21 09:31:00,868 INFO  server.RaftServerConfigKeys (ConfUtils.java:logGet(43)) - raft.server.log.preallocated.size = 16384 (custom)
2019-08-21 09:31:00,868 INFO  server.RaftServerConfigKeys (ConfUtils.java:logGet(43)) - raft.server.log.segment.size.max = 1048576 (custom)
2019-08-21 09:31:00,868 INFO  server.RaftServerConfigKeys (ConfUtils.java:logGet(43)) - raft.server.log.write.buffer.size = 33554432 (custom)
2019-08-21 09:31:00,868 INFO  server.RaftServerConfigKeys (ConfUtils.java:logGet(43)) - raft.server.snapshot.auto.trigger.threshold = 10000 (custom)
2019-08-21 09:31:00,869 INFO  server.RaftServerConfigKeys (ConfUtils.java:logGet(43)) - raft.server.log.force.sync.num = 128 (default)
2019-08-21 09:31:00,869 INFO  server.RaftServerConfigKeys (ConfUtils.java:logGet(43)) - raft.server.log.preallocated.size = 16384 (custom)
2019-08-21 09:31:00,869 INFO  server.RaftServerConfigKeys (ConfUtils.java:logGet(43)) - raft.server.log.statemachine.data.sync = true (default)
2019-08-21 09:31:00,869 INFO  server.RaftServerConfigKeys (ConfUtils.java:logGet(43)) - raft.server.retrycache.expirytime = 600000ms (custom)
2019-08-21 09:31:00,870 INFO  server.RaftServerConfigKeys (ConfUtils.java:logGet(43)) - raft.server.log.statemachine.data.sync.timeout = 10s (default)
2019-08-21 09:31:00,869 INFO  server.RaftServerConfigKeys (ConfUtils.java:logGet(43)) - raft.server.log.write.buffer.size = 33554432 (custom)
2019-08-21 09:31:00,870 INFO  server.RaftServerConfigKeys (ConfUtils.java:logGet(43)) - raft.server.log.statemachine.data.sync.timeout.retry = -1 (default)
2019-08-21 09:31:00,870 INFO  impl.RaftServerImpl (RaftServerImpl.java:start(180)) - 8b885c43-3275-4247-ace6-35192e2b0349: start group-6065D336B8D0
2019-08-21 09:31:00,870 INFO  server.RaftServerConfigKeys (ConfUtils.java:logGet(43)) - raft.server.log.statemachine.data.caching.enabled = true (custom)
2019-08-21 09:31:00,870 INFO  server.RaftServerConfigKeys (ConfUtils.java:logGet(43)) - raft.server.log.force.sync.num = 128 (default)
2019-08-21 09:31:00,871 INFO  impl.RaftServerImpl (RaftServerImpl.java:setRole(171)) - 8b885c43-3275-4247-ace6-35192e2b0349:group-6065D336B8D0 changes role from null to FOLLOWER at term 0 for startAsFollower
2019-08-21 09:31:00,871 INFO  segmented.SegmentedRaftLogWorker (SegmentedRaftLogWorker.java:lambda$new$0(132)) - e32711c2-4492-4d3d-a441-ee4ec4df5188-SegmentedRaftLogWorker:Storage Directory /workdir/hadoop-ozone/integration-test/target/test-dir/MiniOzoneClusterImpl-a9f09a8a-841d-4252-92d8-3ce110573119/datanode-4/data/ratis/a372eb94-be13-4b20-87f3-6065d336b8d0: flushIndex: setUnconditionally 0 -> -1
2019-08-21 09:31:00,871 INFO  server.RaftServerConfigKeys (ConfUtils.java:logGet(43)) - raft.server.log.statemachine.data.sync = true (default)
2019-08-21 09:31:00,871 INFO  impl.RoleInfo (RoleInfo.java:updateAndGet(143)) - 8b885c43-3275-4247-ace6-35192e2b0349: start FollowerState
2019-08-21 09:31:00,871 INFO  server.RaftServerConfigKeys (ConfUtils.java:logGet(43)) - raft.server.snapshot.auto.trigger.enabled = true (custom)
2019-08-21 09:31:00,871 INFO  server.RaftServerConfigKeys (ConfUtils.java:logGet(43)) - raft.server.log.statemachine.data.sync.timeout = 10s (default)
2019-08-21 09:31:00,872 INFO  server.RaftServerConfigKeys (ConfUtils.java:logGet(43)) - raft.server.snapshot.auto.trigger.threshold = 10000 (custom)
2019-08-21 09:31:00,872 INFO  util.JmxRegister (JmxRegister.java:tryRegister(44)) - Successfully registered JMX Bean with object name Ratis:service=RaftServer,group=group-6065D336B8D0,id=8b885c43-3275-4247-ace6-35192e2b0349
2019-08-21 09:31:00,872 INFO  server.RaftServerConfigKeys (ConfUtils.java:logGet(43)) - raft.server.log.statemachine.data.sync.timeout.retry = -1 (default)
2019-08-21 09:31:00,872 INFO  server.RaftServerConfigKeys (ConfUtils.java:logGet(43)) - raft.server.retrycache.expirytime = 600000ms (custom)
2019-08-21 09:31:00,873 INFO  server.RaftServerConfigKeys (ConfUtils.java:logGet(43)) - raft.server.log.statemachine.data.caching.enabled = true (custom)
2019-08-21 09:31:00,873 INFO  impl.RaftServerImpl (RaftServerImpl.java:start(180)) - e32711c2-4492-4d3d-a441-ee4ec4df5188: start group-6065D336B8D0
2019-08-21 09:31:00,873 INFO  impl.RaftServerImpl (RaftServerImpl.java:setRole(171)) - e32711c2-4492-4d3d-a441-ee4ec4df5188:group-6065D336B8D0 changes role from null to FOLLOWER at term 0 for startAsFollower
2019-08-21 09:31:00,873 INFO  segmented.SegmentedRaftLogWorker (SegmentedRaftLogWorker.java:lambda$new$0(132)) - 1c89303c-4cf4-4a41-a1ec-4ab916346441-SegmentedRaftLogWorker:Storage Directory /workdir/hadoop-ozone/integration-test/target/test-dir/MiniOzoneClusterImpl-a9f09a8a-841d-4252-92d8-3ce110573119/datanode-5/data/ratis/a372eb94-be13-4b20-87f3-6065d336b8d0: flushIndex: setUnconditionally 0 -> -1
2019-08-21 09:31:00,873 INFO  impl.RoleInfo (RoleInfo.java:updateAndGet(143)) - e32711c2-4492-4d3d-a441-ee4ec4df5188: start FollowerState
2019-08-21 09:31:00,874 INFO  server.RaftServerConfigKeys (ConfUtils.java:logGet(43)) - raft.server.snapshot.auto.trigger.enabled = true (custom)
2019-08-21 09:31:00,874 INFO  server.RaftServerConfigKeys (ConfUtils.java:logGet(43)) - raft.server.snapshot.auto.trigger.threshold = 10000 (custom)
2019-08-21 09:31:00,874 INFO  util.JmxRegister (JmxRegister.java:tryRegister(44)) - Successfully registered JMX Bean with object name Ratis:service=RaftServer,group=group-6065D336B8D0,id=e32711c2-4492-4d3d-a441-ee4ec4df5188
2019-08-21 09:31:00,874 INFO  server.RaftServerConfigKeys (ConfUtils.java:logGet(43)) - raft.server.retrycache.expirytime = 600000ms (custom)
2019-08-21 09:31:00,877 INFO  impl.RaftServerImpl (RaftServerImpl.java:start(180)) - 1c89303c-4cf4-4a41-a1ec-4ab916346441: start group-6065D336B8D0
2019-08-21 09:31:00,877 INFO  impl.RaftServerImpl (RaftServerImpl.java:setRole(171)) - 1c89303c-4cf4-4a41-a1ec-4ab916346441:group-6065D336B8D0 changes role from null to FOLLOWER at term 0 for startAsFollower
2019-08-21 09:31:00,877 INFO  impl.RoleInfo (RoleInfo.java:updateAndGet(143)) - 1c89303c-4cf4-4a41-a1ec-4ab916346441: start FollowerState
2019-08-21 09:31:00,880 INFO  util.JmxRegister (JmxRegister.java:tryRegister(44)) - Successfully registered JMX Bean with object name Ratis:service=RaftServer,group=group-6065D336B8D0,id=1c89303c-4cf4-4a41-a1ec-4ab916346441
2019-08-21 09:31:00,901 INFO  pipeline.PipelineStateManager (PipelineStateManager.java:addPipeline(56)) - Created pipeline Pipeline[ Id: a372eb94-be13-4b20-87f3-6065d336b8d0, Nodes: 1c89303c-4cf4-4a41-a1ec-4ab916346441{ip: 192.168.157.251, host: pr-hdds-1948-qvnss-3490636412, networkLocation: /default-rack, certSerialId: null}e32711c2-4492-4d3d-a441-ee4ec4df5188{ip: 192.168.157.251, host: pr-hdds-1948-qvnss-3490636412, networkLocation: /default-rack, certSerialId: null}8b885c43-3275-4247-ace6-35192e2b0349{ip: 192.168.157.251, host: pr-hdds-1948-qvnss-3490636412, networkLocation: /default-rack, certSerialId: null}, Type:RATIS, Factor:THREE, State:OPEN]
2019-08-21 09:31:00,940 INFO  impl.RaftServerProxy (RaftServerProxy.java:addNew(89)) - 9fa49919-9efe-4ead-b812-fbfd8bbb612f: addNew group-ED59F7ABFE81:[afac5fb6-01fb-405e-840f-c7cc7bc9b1e3:192.168.157.251:35951, 9fa49919-9efe-4ead-b812-fbfd8bbb612f:192.168.157.251:45775, abf91b30-021b-4d31-aafd-ed4c2a5594b1:192.168.157.251:44647] returns group-ED59F7ABFE81:java.util.concurrent.CompletableFuture@6bf53cfa[Not completed]
2019-08-21 09:31:00,940 INFO  impl.RaftServerProxy (RaftServerProxy.java:addNew(89)) - abf91b30-021b-4d31-aafd-ed4c2a5594b1: addNew group-ED59F7ABFE81:[afac5fb6-01fb-405e-840f-c7cc7bc9b1e3:192.168.157.251:35951, 9fa49919-9efe-4ead-b812-fbfd8bbb612f:192.168.157.251:45775, abf91b30-021b-4d31-aafd-ed4c2a5594b1:192.168.157.251:44647] returns group-ED59F7ABFE81:java.util.concurrent.CompletableFuture@6ed3417f[Not completed]
2019-08-21 09:31:00,940 INFO  impl.RaftServerProxy (RaftServerProxy.java:addNew(89)) - afac5fb6-01fb-405e-840f-c7cc7bc9b1e3: addNew group-ED59F7ABFE81:[afac5fb6-01fb-405e-840f-c7cc7bc9b1e3:192.168.157.251:35951, 9fa49919-9efe-4ead-b812-fbfd8bbb612f:192.168.157.251:45775, abf91b30-021b-4d31-aafd-ed4c2a5594b1:192.168.157.251:44647] returns group-ED59F7ABFE81:java.util.concurrent.CompletableFuture@1110639b[Not completed]
2019-08-21 09:31:00,944 INFO  impl.RaftServerImpl (RaftServerImpl.java:<init>(93)) - 9fa49919-9efe-4ead-b812-fbfd8bbb612f: new RaftServerImpl for group-ED59F7ABFE81:[afac5fb6-01fb-405e-840f-c7cc7bc9b1e3:192.168.157.251:35951, 9fa49919-9efe-4ead-b812-fbfd8bbb612f:192.168.157.251:45775, abf91b30-021b-4d31-aafd-ed4c2a5594b1:192.168.157.251:44647] with ContainerStateMachine:uninitialized
2019-08-21 09:31:00,945 INFO  server.RaftServerConfigKeys (ConfUtils.java:logGet(43)) - raft.server.rpc.timeout.min = 5s (custom)
2019-08-21 09:31:00,945 INFO  server.RaftServerConfigKeys (ConfUtils.java:logGet(43)) - raft.server.rpc.timeout.max = 5200ms (custom)
2019-08-21 09:31:00,945 INFO  server.RaftServerConfigKeys (ConfUtils.java:logGet(43)) - raft.server.rpcslowness.timeout = 120s (custom)
2019-08-21 09:31:00,945 INFO  server.RaftServerConfigKeys (ConfUtils.java:logGet(43)) - raft.server.sleep.deviation.threshold = 300 (default)
2019-08-21 09:31:00,945 INFO  server.RaftServerConfigKeys (ConfUtils.java:logGet(43)) - raft.server.log.appender.install.snapshot.enabled = false (custom)
2019-08-21 09:31:00,945 INFO  impl.RaftServerImpl (RaftServerImpl.java:<init>(93)) - afac5fb6-01fb-405e-840f-c7cc7bc9b1e3: new RaftServerImpl for group-ED59F7ABFE81:[afac5fb6-01fb-405e-840f-c7cc7bc9b1e3:192.168.157.251:35951, 9fa49919-9efe-4ead-b812-fbfd8bbb612f:192.168.157.251:45775, abf91b30-021b-4d31-aafd-ed4c2a5594b1:192.168.157.251:44647] with ContainerStateMachine:uninitialized
2019-08-21 09:31:00,945 INFO  impl.RaftServerImpl (ServerState.java:<init>(105)) - 9fa49919-9efe-4ead-b812-fbfd8bbb612f:group-ED59F7ABFE81 ConfigurationManager, init=-1: [afac5fb6-01fb-405e-840f-c7cc7bc9b1e3:192.168.157.251:35951, 9fa49919-9efe-4ead-b812-fbfd8bbb612f:192.168.157.251:45775, abf91b30-021b-4d31-aafd-ed4c2a5594b1:192.168.157.251:44647], old=null, confs=<EMPTY_MAP>
2019-08-21 09:31:00,946 INFO  server.RaftServerConfigKeys (ConfUtils.java:logGet(43)) - raft.server.rpc.timeout.min = 5s (custom)
2019-08-21 09:31:00,946 INFO  server.RaftServerConfigKeys (ConfUtils.java:logGet(43)) - raft.server.storage.dir = [/workdir/hadoop-ozone/integration-test/target/test-dir/MiniOzoneClusterImpl-a9f09a8a-841d-4252-92d8-3ce110573119/datanode-6/data/ratis] (custom)
2019-08-21 09:31:00,946 INFO  server.RaftServerConfigKeys (ConfUtils.java:logGet(43)) - raft.server.rpc.timeout.max = 5200ms (custom)
2019-08-21 09:31:00,946 INFO  server.RaftServerConfigKeys (ConfUtils.java:logGet(43)) - raft.server.rpcslowness.timeout = 120s (custom)
2019-08-21 09:31:00,946 INFO  storage.RaftStorageDirectory (RaftStorageDirectory.java:analyzeStorage(246)) - The storage directory /workdir/hadoop-ozone/integration-test/target/test-dir/MiniOzoneClusterImpl-a9f09a8a-841d-4252-92d8-3ce110573119/datanode-6/data/ratis/a2018dee-7298-45be-aaea-ed59f7abfe81 does not exist. Creating ...
2019-08-21 09:31:00,946 INFO  server.RaftServerConfigKeys (ConfUtils.java:logGet(43)) - raft.server.sleep.deviation.threshold = 300 (default)
2019-08-21 09:31:00,947 INFO  server.RaftServerConfigKeys (ConfUtils.java:logGet(43)) - raft.server.log.appender.install.snapshot.enabled = false (custom)
2019-08-21 09:31:00,947 INFO  impl.RaftServerImpl (ServerState.java:<init>(105)) - afac5fb6-01fb-405e-840f-c7cc7bc9b1e3:group-ED59F7ABFE81 ConfigurationManager, init=-1: [afac5fb6-01fb-405e-840f-c7cc7bc9b1e3:192.168.157.251:35951, 9fa49919-9efe-4ead-b812-fbfd8bbb612f:192.168.157.251:45775, abf91b30-021b-4d31-aafd-ed4c2a5594b1:192.168.157.251:44647], old=null, confs=<EMPTY_MAP>
2019-08-21 09:31:00,947 INFO  impl.RaftServerImpl (RaftServerImpl.java:<init>(93)) - abf91b30-021b-4d31-aafd-ed4c2a5594b1: new RaftServerImpl for group-ED59F7ABFE81:[afac5fb6-01fb-405e-840f-c7cc7bc9b1e3:192.168.157.251:35951, 9fa49919-9efe-4ead-b812-fbfd8bbb612f:192.168.157.251:45775, abf91b30-021b-4d31-aafd-ed4c2a5594b1:192.168.157.251:44647] with ContainerStateMachine:uninitialized
2019-08-21 09:31:00,947 INFO  server.RaftServerConfigKeys (ConfUtils.java:logGet(43)) - raft.server.storage.dir = [/workdir/hadoop-ozone/integration-test/target/test-dir/MiniOzoneClusterImpl-a9f09a8a-841d-4252-92d8-3ce110573119/datanode-0/data/ratis] (custom)
2019-08-21 09:31:00,947 INFO  server.RaftServerConfigKeys (ConfUtils.java:logGet(43)) - raft.server.rpc.timeout.min = 5s (custom)
2019-08-21 09:31:00,948 INFO  server.RaftServerConfigKeys (ConfUtils.java:logGet(43)) - raft.server.rpc.timeout.max = 5200ms (custom)
2019-08-21 09:31:00,948 INFO  storage.RaftStorageDirectory (RaftStorageDirectory.java:analyzeStorage(246)) - The storage directory /workdir/hadoop-ozone/integration-test/target/test-dir/MiniOzoneClusterImpl-a9f09a8a-841d-4252-92d8-3ce110573119/datanode-0/data/ratis/a2018dee-7298-45be-aaea-ed59f7abfe81 does not exist. Creating ...
2019-08-21 09:31:00,948 INFO  server.RaftServerConfigKeys (ConfUtils.java:logGet(43)) - raft.server.rpcslowness.timeout = 120s (custom)
2019-08-21 09:31:00,948 INFO  server.RaftServerConfigKeys (ConfUtils.java:logGet(43)) - raft.server.sleep.deviation.threshold = 300 (default)
2019-08-21 09:31:00,948 INFO  server.RaftServerConfigKeys (ConfUtils.java:logGet(43)) - raft.server.log.appender.install.snapshot.enabled = false (custom)
2019-08-21 09:31:00,949 INFO  impl.RaftServerImpl (ServerState.java:<init>(105)) - abf91b30-021b-4d31-aafd-ed4c2a5594b1:group-ED59F7ABFE81 ConfigurationManager, init=-1: [afac5fb6-01fb-405e-840f-c7cc7bc9b1e3:192.168.157.251:35951, 9fa49919-9efe-4ead-b812-fbfd8bbb612f:192.168.157.251:45775, abf91b30-021b-4d31-aafd-ed4c2a5594b1:192.168.157.251:44647], old=null, confs=<EMPTY_MAP>
2019-08-21 09:31:00,949 INFO  server.RaftServerConfigKeys (ConfUtils.java:logGet(43)) - raft.server.storage.dir = [/workdir/hadoop-ozone/integration-test/target/test-dir/MiniOzoneClusterImpl-a9f09a8a-841d-4252-92d8-3ce110573119/datanode-3/data/ratis] (custom)
2019-08-21 09:31:00,949 INFO  storage.RaftStorageDirectory (RaftStorageDirectory.java:analyzeStorage(246)) - The storage directory /workdir/hadoop-ozone/integration-test/target/test-dir/MiniOzoneClusterImpl-a9f09a8a-841d-4252-92d8-3ce110573119/datanode-3/data/ratis/a2018dee-7298-45be-aaea-ed59f7abfe81 does not exist. Creating ...
2019-08-21 09:31:00,960 INFO  storage.RaftStorageDirectory (RaftStorageDirectory.java:tryLock(328)) - Lock on /workdir/hadoop-ozone/integration-test/target/test-dir/MiniOzoneClusterImpl-a9f09a8a-841d-4252-92d8-3ce110573119/datanode-3/data/ratis/a2018dee-7298-45be-aaea-ed59f7abfe81/in_use.lock acquired by nodename 11296@pr-hdds-1948-qvnss-3490636412
2019-08-21 09:31:00,960 INFO  storage.RaftStorageDirectory (RaftStorageDirectory.java:tryLock(328)) - Lock on /workdir/hadoop-ozone/integration-test/target/test-dir/MiniOzoneClusterImpl-a9f09a8a-841d-4252-92d8-3ce110573119/datanode-6/data/ratis/a2018dee-7298-45be-aaea-ed59f7abfe81/in_use.lock acquired by nodename 11296@pr-hdds-1948-qvnss-3490636412
2019-08-21 09:31:00,960 INFO  storage.RaftStorageDirectory (RaftStorageDirectory.java:tryLock(328)) - Lock on /workdir/hadoop-ozone/integration-test/target/test-dir/MiniOzoneClusterImpl-a9f09a8a-841d-4252-92d8-3ce110573119/datanode-0/data/ratis/a2018dee-7298-45be-aaea-ed59f7abfe81/in_use.lock acquired by nodename 11296@pr-hdds-1948-qvnss-3490636412
2019-08-21 09:31:00,987 INFO  storage.RaftStorage (RaftStorage.java:format(72)) - Storage directory /workdir/hadoop-ozone/integration-test/target/test-dir/MiniOzoneClusterImpl-a9f09a8a-841d-4252-92d8-3ce110573119/datanode-6/data/ratis/a2018dee-7298-45be-aaea-ed59f7abfe81 has been successfully formatted.
2019-08-21 09:31:00,987 INFO  storage.RaftStorage (RaftStorage.java:format(72)) - Storage directory /workdir/hadoop-ozone/integration-test/target/test-dir/MiniOzoneClusterImpl-a9f09a8a-841d-4252-92d8-3ce110573119/datanode-0/data/ratis/a2018dee-7298-45be-aaea-ed59f7abfe81 has been successfully formatted.
2019-08-21 09:31:00,987 INFO  storage.RaftStorage (RaftStorage.java:format(72)) - Storage directory /workdir/hadoop-ozone/integration-test/target/test-dir/MiniOzoneClusterImpl-a9f09a8a-841d-4252-92d8-3ce110573119/datanode-3/data/ratis/a2018dee-7298-45be-aaea-ed59f7abfe81 has been successfully formatted.
2019-08-21 09:31:00,988 INFO  ratis.ContainerStateMachine (ContainerStateMachine.java:loadSnapshot(222)) - group-ED59F7ABFE81: The snapshot info is null. Setting the last applied indexto:(t:0, i:~)
2019-08-21 09:31:00,988 INFO  ratis.ContainerStateMachine (ContainerStateMachine.java:loadSnapshot(222)) - group-ED59F7ABFE81: The snapshot info is null. Setting the last applied indexto:(t:0, i:~)
2019-08-21 09:31:00,988 INFO  server.RaftServerConfigKeys (ConfUtils.java:logGet(43)) - raft.server.leader.election.timeout = 120s (custom)
2019-08-21 09:31:00,988 INFO  ratis.ContainerStateMachine (ContainerStateMachine.java:loadSnapshot(222)) - group-ED59F7ABFE81: The snapshot info is null. Setting the last applied indexto:(t:0, i:~)
2019-08-21 09:31:00,988 INFO  server.RaftServerConfigKeys (ConfUtils.java:logGet(43)) - raft.server.log.use.memory = false (default)
2019-08-21 09:31:00,988 INFO  server.RaftServerConfigKeys (ConfUtils.java:logGet(43)) - raft.server.leader.election.timeout = 120s (custom)
2019-08-21 09:31:00,989 INFO  server.RaftServerConfigKeys (ConfUtils.java:logGet(43)) - raft.server.log.purge.gap = 1000000000 (custom)
2019-08-21 09:31:00,988 INFO  server.RaftServerConfigKeys (ConfUtils.java:logGet(43)) - raft.server.leader.election.timeout = 120s (custom)
2019-08-21 09:31:00,989 INFO  server.RaftServerConfigKeys (ConfUtils.java:logGet(43)) - raft.server.log.appender.buffer.byte-limit = 33554432 (custom)
2019-08-21 09:31:00,989 INFO  server.RaftServerConfigKeys (ConfUtils.java:logGet(43)) - raft.server.log.use.memory = false (default)
2019-08-21 09:31:00,989 INFO  server.RaftServerConfigKeys (ConfUtils.java:logGet(43)) - raft.server.log.segment.size.max = 1048576 (custom)
2019-08-21 09:31:00,989 INFO  server.RaftServerConfigKeys (ConfUtils.java:logGet(43)) - raft.server.log.use.memory = false (default)
2019-08-21 09:31:00,990 INFO  server.RaftServerConfigKeys (ConfUtils.java:logGet(43)) - raft.server.log.segment.cache.num.max = 2 (custom)
2019-08-21 09:31:00,989 INFO  server.RaftServerConfigKeys (ConfUtils.java:logGet(43)) - raft.server.log.purge.gap = 1000000000 (custom)
2019-08-21 09:31:00,990 INFO  segmented.SegmentedRaftLogWorker (SegmentedRaftLogWorker.java:<init>(172)) - new 9fa49919-9efe-4ead-b812-fbfd8bbb612f-SegmentedRaftLogWorker:Storage Directory /workdir/hadoop-ozone/integration-test/target/test-dir/MiniOzoneClusterImpl-a9f09a8a-841d-4252-92d8-3ce110573119/datanode-6/data/ratis/a2018dee-7298-45be-aaea-ed59f7abfe81 for RaftStorage:Storage Directory /workdir/hadoop-ozone/integration-test/target/test-dir/MiniOzoneClusterImpl-a9f09a8a-841d-4252-92d8-3ce110573119/datanode-6/data/ratis/a2018dee-7298-45be-aaea-ed59f7abfe81
2019-08-21 09:31:00,990 INFO  server.RaftServerConfigKeys (ConfUtils.java:logGet(43)) - raft.server.log.purge.gap = 1000000000 (custom)
2019-08-21 09:31:00,990 INFO  server.RaftServerConfigKeys (ConfUtils.java:logGet(43)) - raft.server.log.queue.byte-limit = 2147483647 (custom)
2019-08-21 09:31:00,990 INFO  server.RaftServerConfigKeys (ConfUtils.java:logGet(43)) - raft.server.log.appender.buffer.byte-limit = 33554432 (custom)
2019-08-21 09:31:00,993 INFO  server.RaftServerConfigKeys (ConfUtils.java:logGet(43)) - raft.server.log.queue.element-limit = 1024 (custom)
2019-08-21 09:31:00,992 INFO  server.RaftServerConfigKeys (ConfUtils.java:logGet(43)) - raft.server.log.appender.buffer.byte-limit = 33554432 (custom)
2019-08-21 09:31:00,993 INFO  server.RaftServerConfigKeys (ConfUtils.java:logGet(43)) - raft.server.log.segment.size.max = 1048576 (custom)
2019-08-21 09:31:00,993 INFO  server.RaftServerConfigKeys (ConfUtils.java:logGet(43)) - raft.server.log.segment.size.max = 1048576 (custom)
2019-08-21 09:31:00,993 INFO  server.RaftServerConfigKeys (ConfUtils.java:logGet(43)) - raft.server.log.preallocated.size = 16384 (custom)
2019-08-21 09:31:00,993 INFO  server.RaftServerConfigKeys (ConfUtils.java:logGet(43)) - raft.server.log.segment.size.max = 1048576 (custom)
2019-08-21 09:31:00,994 INFO  server.RaftServerConfigKeys (ConfUtils.java:logGet(43)) - raft.server.log.write.buffer.size = 33554432 (custom)
2019-08-21 09:31:00,994 INFO  server.RaftServerConfigKeys (ConfUtils.java:logGet(43)) - raft.server.log.segment.cache.num.max = 2 (custom)
2019-08-21 09:31:00,994 INFO  server.RaftServerConfigKeys (ConfUtils.java:logGet(43)) - raft.server.log.force.sync.num = 128 (default)
2019-08-21 09:31:00,994 INFO  server.RaftServerConfigKeys (ConfUtils.java:logGet(43)) - raft.server.log.segment.cache.num.max = 2 (custom)
2019-08-21 09:31:00,995 INFO  server.RaftServerConfigKeys (ConfUtils.java:logGet(43)) - raft.server.log.statemachine.data.sync = true (default)
2019-08-21 09:31:00,995 INFO  segmented.SegmentedRaftLogWorker (SegmentedRaftLogWorker.java:<init>(172)) - new afac5fb6-01fb-405e-840f-c7cc7bc9b1e3-SegmentedRaftLogWorker:Storage Directory /workdir/hadoop-ozone/integration-test/target/test-dir/MiniOzoneClusterImpl-a9f09a8a-841d-4252-92d8-3ce110573119/datanode-0/data/ratis/a2018dee-7298-45be-aaea-ed59f7abfe81 for RaftStorage:Storage Directory /workdir/hadoop-ozone/integration-test/target/test-dir/MiniOzoneClusterImpl-a9f09a8a-841d-4252-92d8-3ce110573119/datanode-0/data/ratis/a2018dee-7298-45be-aaea-ed59f7abfe81
2019-08-21 09:31:00,995 INFO  server.RaftServerConfigKeys (ConfUtils.java:logGet(43)) - raft.server.log.statemachine.data.sync.timeout = 10s (default)
2019-08-21 09:31:00,995 INFO  segmented.SegmentedRaftLogWorker (SegmentedRaftLogWorker.java:<init>(172)) - new abf91b30-021b-4d31-aafd-ed4c2a5594b1-SegmentedRaftLogWorker:Storage Directory /workdir/hadoop-ozone/integration-test/target/test-dir/MiniOzoneClusterImpl-a9f09a8a-841d-4252-92d8-3ce110573119/datanode-3/data/ratis/a2018dee-7298-45be-aaea-ed59f7abfe81 for RaftStorage:Storage Directory /workdir/hadoop-ozone/integration-test/target/test-dir/MiniOzoneClusterImpl-a9f09a8a-841d-4252-92d8-3ce110573119/datanode-3/data/ratis/a2018dee-7298-45be-aaea-ed59f7abfe81
2019-08-21 09:31:00,995 INFO  server.RaftServerConfigKeys (ConfUtils.java:logGet(43)) - raft.server.log.statemachine.data.sync.timeout.retry = -1 (default)
2019-08-21 09:31:00,995 INFO  server.RaftServerConfigKeys (ConfUtils.java:logGet(43)) - raft.server.log.queue.byte-limit = 2147483647 (custom)
2019-08-21 09:31:00,999 INFO  server.RaftServerConfigKeys (ConfUtils.java:logGet(43)) - raft.server.log.statemachine.data.caching.enabled = true (custom)
2019-08-21 09:31:00,998 INFO  server.RaftServerConfigKeys (ConfUtils.java:logGet(43)) - raft.server.log.queue.byte-limit = 2147483647 (custom)
2019-08-21 09:31:00,999 INFO  server.RaftServerConfigKeys (ConfUtils.java:logGet(43)) - raft.server.log.queue.element-limit = 1024 (custom)
2019-08-21 09:31:01,000 INFO  segmented.SegmentedRaftLogWorker (SegmentedRaftLogWorker.java:lambda$new$0(132)) - 9fa49919-9efe-4ead-b812-fbfd8bbb612f-SegmentedRaftLogWorker:Storage Directory /workdir/hadoop-ozone/integration-test/target/test-dir/MiniOzoneClusterImpl-a9f09a8a-841d-4252-92d8-3ce110573119/datanode-6/data/ratis/a2018dee-7298-45be-aaea-ed59f7abfe81: flushIndex: setUnconditionally 0 -> -1
2019-08-21 09:31:01,000 INFO  server.RaftServerConfigKeys (ConfUtils.java:logGet(43)) - raft.server.log.queue.element-limit = 1024 (custom)
2019-08-21 09:31:01,000 INFO  server.RaftServerConfigKeys (ConfUtils.java:logGet(43)) - raft.server.log.segment.size.max = 1048576 (custom)
2019-08-21 09:31:01,000 INFO  server.RaftServerConfigKeys (ConfUtils.java:logGet(43)) - raft.server.snapshot.auto.trigger.enabled = true (custom)
2019-08-21 09:31:01,000 INFO  server.RaftServerConfigKeys (ConfUtils.java:logGet(43)) - raft.server.log.segment.size.max = 1048576 (custom)
2019-08-21 09:31:01,001 INFO  server.RaftServerConfigKeys (ConfUtils.java:logGet(43)) - raft.server.snapshot.auto.trigger.threshold = 10000 (custom)
2019-08-21 09:31:01,001 INFO  server.RaftServerConfigKeys (ConfUtils.java:logGet(43)) - raft.server.log.preallocated.size = 16384 (custom)
2019-08-21 09:31:01,001 INFO  server.RaftServerConfigKeys (ConfUtils.java:logGet(43)) - raft.server.retrycache.expirytime = 600000ms (custom)
2019-08-21 09:31:01,001 INFO  server.RaftServerConfigKeys (ConfUtils.java:logGet(43)) - raft.server.log.preallocated.size = 16384 (custom)
2019-08-21 09:31:01,002 INFO  impl.RaftServerImpl (RaftServerImpl.java:start(180)) - 9fa49919-9efe-4ead-b812-fbfd8bbb612f: start group-ED59F7ABFE81
2019-08-21 09:31:01,001 INFO  server.RaftServerConfigKeys (ConfUtils.java:logGet(43)) - raft.server.log.write.buffer.size = 33554432 (custom)
2019-08-21 09:31:01,002 INFO  impl.RaftServerImpl (RaftServerImpl.java:setRole(171)) - 9fa49919-9efe-4ead-b812-fbfd8bbb612f:group-ED59F7ABFE81 changes role from null to FOLLOWER at term 0 for startAsFollower
2019-08-21 09:31:01,002 INFO  server.RaftServerConfigKeys (ConfUtils.java:logGet(43)) - raft.server.log.write.buffer.size = 33554432 (custom)
2019-08-21 09:31:01,002 INFO  impl.RoleInfo (RoleInfo.java:updateAndGet(143)) - 9fa49919-9efe-4ead-b812-fbfd8bbb612f: start FollowerState
2019-08-21 09:31:01,002 INFO  server.RaftServerConfigKeys (ConfUtils.java:logGet(43)) - raft.server.log.force.sync.num = 128 (default)
2019-08-21 09:31:01,002 INFO  server.RaftServerConfigKeys (ConfUtils.java:logGet(43)) - raft.server.log.force.sync.num = 128 (default)
2019-08-21 09:31:01,003 INFO  server.RaftServerConfigKeys (ConfUtils.java:logGet(43)) - raft.server.log.statemachine.data.sync = true (default)
2019-08-21 09:31:01,003 INFO  server.RaftServerConfigKeys (ConfUtils.java:logGet(43)) - raft.server.log.statemachine.data.sync = true (default)
2019-08-21 09:31:01,003 INFO  util.JmxRegister (JmxRegister.java:tryRegister(44)) - Successfully registered JMX Bean with object name Ratis:service=RaftServer,group=group-ED59F7ABFE81,id=9fa49919-9efe-4ead-b812-fbfd8bbb612f
2019-08-21 09:31:01,003 INFO  server.RaftServerConfigKeys (ConfUtils.java:logGet(43)) - raft.server.log.statemachine.data.sync.timeout = 10s (default)
2019-08-21 09:31:01,003 INFO  server.RaftServerConfigKeys (ConfUtils.java:logGet(43)) - raft.server.log.statemachine.data.sync.timeout = 10s (default)
2019-08-21 09:31:01,004 INFO  server.RaftServerConfigKeys (ConfUtils.java:logGet(43)) - raft.server.log.statemachine.data.sync.timeout.retry = -1 (default)
2019-08-21 09:31:01,004 INFO  server.RaftServerConfigKeys (ConfUtils.java:logGet(43)) - raft.server.log.statemachine.data.sync.timeout.retry = -1 (default)
2019-08-21 09:31:01,004 INFO  server.RaftServerConfigKeys (ConfUtils.java:logGet(43)) - raft.server.log.statemachine.data.caching.enabled = true (custom)
2019-08-21 09:31:01,004 INFO  server.RaftServerConfigKeys (ConfUtils.java:logGet(43)) - raft.server.log.statemachine.data.caching.enabled = true (custom)
2019-08-21 09:31:01,005 INFO  segmented.SegmentedRaftLogWorker (SegmentedRaftLogWorker.java:lambda$new$0(132)) - abf91b30-021b-4d31-aafd-ed4c2a5594b1-SegmentedRaftLogWorker:Storage Directory /workdir/hadoop-ozone/integration-test/target/test-dir/MiniOzoneClusterImpl-a9f09a8a-841d-4252-92d8-3ce110573119/datanode-3/data/ratis/a2018dee-7298-45be-aaea-ed59f7abfe81: flushIndex: setUnconditionally 0 -> -1
2019-08-21 09:31:01,005 INFO  segmented.SegmentedRaftLogWorker (SegmentedRaftLogWorker.java:lambda$new$0(132)) - afac5fb6-01fb-405e-840f-c7cc7bc9b1e3-SegmentedRaftLogWorker:Storage Directory /workdir/hadoop-ozone/integration-test/target/test-dir/MiniOzoneClusterImpl-a9f09a8a-841d-4252-92d8-3ce110573119/datanode-0/data/ratis/a2018dee-7298-45be-aaea-ed59f7abfe81: flushIndex: setUnconditionally 0 -> -1
2019-08-21 09:31:01,005 INFO  server.RaftServerConfigKeys (ConfUtils.java:logGet(43)) - raft.server.snapshot.auto.trigger.enabled = true (custom)
2019-08-21 09:31:01,005 INFO  server.RaftServerConfigKeys (ConfUtils.java:logGet(43)) - raft.server.snapshot.auto.trigger.threshold = 10000 (custom)
2019-08-21 09:31:01,005 INFO  server.RaftServerConfigKeys (ConfUtils.java:logGet(43)) - raft.server.snapshot.auto.trigger.enabled = true (custom)
2019-08-21 09:31:01,006 INFO  server.RaftServerConfigKeys (ConfUtils.java:logGet(43)) - raft.server.retrycache.expirytime = 600000ms (custom)
2019-08-21 09:31:01,007 INFO  server.RaftServerConfigKeys (ConfUtils.java:logGet(43)) - raft.server.snapshot.auto.trigger.threshold = 10000 (custom)
2019-08-21 09:31:01,008 INFO  impl.RaftServerImpl (RaftServerImpl.java:start(180)) - abf91b30-021b-4d31-aafd-ed4c2a5594b1: start group-ED59F7ABFE81
2019-08-21 09:31:01,009 INFO  server.RaftServerConfigKeys (ConfUtils.java:logGet(43)) - raft.server.retrycache.expirytime = 600000ms (custom)
2019-08-21 09:31:01,009 INFO  impl.RaftServerImpl (RaftServerImpl.java:setRole(171)) - abf91b30-021b-4d31-aafd-ed4c2a5594b1:group-ED59F7ABFE81 changes role from null to FOLLOWER at term 0 for startAsFollower
2019-08-21 09:31:01,011 INFO  impl.RaftServerImpl (RaftServerImpl.java:start(180)) - afac5fb6-01fb-405e-840f-c7cc7bc9b1e3: start group-ED59F7ABFE81
2019-08-21 09:31:01,011 INFO  impl.RoleInfo (RoleInfo.java:updateAndGet(143)) - abf91b30-021b-4d31-aafd-ed4c2a5594b1: start FollowerState
2019-08-21 09:31:01,011 INFO  impl.RaftServerImpl (RaftServerImpl.java:setRole(171)) - afac5fb6-01fb-405e-840f-c7cc7bc9b1e3:group-ED59F7ABFE81 changes role from null to FOLLOWER at term 0 for startAsFollower
2019-08-21 09:31:01,012 INFO  impl.RoleInfo (RoleInfo.java:updateAndGet(143)) - afac5fb6-01fb-405e-840f-c7cc7bc9b1e3: start FollowerState
2019-08-21 09:31:01,013 INFO  util.JmxRegister (JmxRegister.java:tryRegister(44)) - Successfully registered JMX Bean with object name Ratis:service=RaftServer,group=group-ED59F7ABFE81,id=abf91b30-021b-4d31-aafd-ed4c2a5594b1
2019-08-21 09:31:01,013 INFO  util.JmxRegister (JmxRegister.java:tryRegister(44)) - Successfully registered JMX Bean with object name Ratis:service=RaftServer,group=group-ED59F7ABFE81,id=afac5fb6-01fb-405e-840f-c7cc7bc9b1e3
2019-08-21 09:31:01,028 INFO  pipeline.PipelineStateManager (PipelineStateManager.java:addPipeline(56)) - Created pipeline Pipeline[ Id: a2018dee-7298-45be-aaea-ed59f7abfe81, Nodes: 9fa49919-9efe-4ead-b812-fbfd8bbb612f{ip: 192.168.157.251, host: pr-hdds-1948-qvnss-3490636412, networkLocation: /default-rack, certSerialId: null}afac5fb6-01fb-405e-840f-c7cc7bc9b1e3{ip: 192.168.157.251, host: pr-hdds-1948-qvnss-3490636412, networkLocation: /default-rack, certSerialId: null}abf91b30-021b-4d31-aafd-ed4c2a5594b1{ip: 192.168.157.251, host: pr-hdds-1948-qvnss-3490636412, networkLocation: /default-rack, certSerialId: null}, Type:RATIS, Factor:THREE, State:OPEN]
2019-08-21 09:31:01,491 INFO  ozone.MiniOzoneClusterImpl (MiniOzoneClusterImpl.java:lambda$waitForClusterToBeReady$0(142)) - Cluster is ready. Got 7 of 7 DN Heartbeats.
2019-08-21 09:31:01,847 INFO  rpc.RpcClient (RpcClient.java:createVolume(292)) - Creating Volume: watchforcommithandlingtest, with jenkins1000 as owner.
2019-08-21 09:31:01,905 INFO  rpc.RpcClient (RpcClient.java:createBucket(429)) - Creating Bucket: watchforcommithandlingtest/watchforcommithandlingtest, with Versioning false and Storage Type set to DISK and Encryption set to false 
2019-08-21 09:31:01,927 INFO  ozone.MiniOzoneClusterImpl (MiniOzoneClusterImpl.java:getStorageContainerLocationClient(241)) - Creating StorageContainerLocationProtocol RPC client with address /0.0.0.0:34187
2019-08-21 09:31:01,977 INFO  impl.MetricsSystemImpl (MetricsSystemImpl.java:init(158)) - XceiverClientMetrics metrics system started (again)
2019-08-21 09:31:02,046 INFO  container.ReplicationManager (ReplicationManager.java:start(155)) - Starting Replication Monitor Thread.
2019-08-21 09:31:02,056 INFO  container.ReplicationManager (ReplicationManager.java:run(207)) - Replication Monitor Thread took 7 milliseconds for processing 1 containers.
2019-08-21 09:31:02,064 INFO  client.GrpcClientProtocolClient (GrpcClientProtocolClient.java:onNext(255)) - client-77AF89B2F952->1c89303c-4cf4-4a41-a1ec-4ab916346441: receive RaftClientReply:client-77AF89B2F952->1c89303c-4cf4-4a41-a1ec-4ab916346441@group-6065D336B8D0, cid=13, FAILED org.apache.ratis.protocol.NotLeaderException: Server 1c89303c-4cf4-4a41-a1ec-4ab916346441 is not the leader (null). Request must be sent to leader., logIndex=0, commits[1c89303c-4cf4-4a41-a1ec-4ab916346441:c-1]
2019-08-21 09:31:03,129 INFO  client.GrpcClientProtocolClient (GrpcClientProtocolClient.java:onNext(255)) - client-77AF89B2F952->8b885c43-3275-4247-ace6-35192e2b0349: receive RaftClientReply:client-77AF89B2F952->8b885c43-3275-4247-ace6-35192e2b0349@group-6065D336B8D0, cid=13, FAILED org.apache.ratis.protocol.NotLeaderException: Server 8b885c43-3275-4247-ace6-35192e2b0349 is not the leader (null). Request must be sent to leader., logIndex=0, commits[8b885c43-3275-4247-ace6-35192e2b0349:c-1]
2019-08-21 09:31:04,159 INFO  client.GrpcClientProtocolClient (GrpcClientProtocolClient.java:onNext(255)) - client-77AF89B2F952->1c89303c-4cf4-4a41-a1ec-4ab916346441: receive RaftClientReply:client-77AF89B2F952->1c89303c-4cf4-4a41-a1ec-4ab916346441@group-6065D336B8D0, cid=13, FAILED org.apache.ratis.protocol.NotLeaderException: Server 1c89303c-4cf4-4a41-a1ec-4ab916346441 is not the leader (null). Request must be sent to leader., logIndex=0, commits[1c89303c-4cf4-4a41-a1ec-4ab916346441:c-1]
2019-08-21 09:31:05,186 INFO  client.GrpcClientProtocolClient (GrpcClientProtocolClient.java:onNext(255)) - client-77AF89B2F952->e32711c2-4492-4d3d-a441-ee4ec4df5188: receive RaftClientReply:client-77AF89B2F952->e32711c2-4492-4d3d-a441-ee4ec4df5188@group-6065D336B8D0, cid=13, FAILED org.apache.ratis.protocol.NotLeaderException: Server e32711c2-4492-4d3d-a441-ee4ec4df5188 is not the leader (null). Request must be sent to leader., logIndex=0, commits[e32711c2-4492-4d3d-a441-ee4ec4df5188:c-1]
2019-08-21 09:31:05,300 INFO  impl.FollowerState (FollowerState.java:run(106)) - afac5fb6-01fb-405e-840f-c7cc7bc9b1e3:group-BCD8C0A0379E changes to CANDIDATE, lastRpcTime:5198, electionTimeout:5197ms
2019-08-21 09:31:05,300 INFO  impl.RoleInfo (RoleInfo.java:shutdownFollowerState(121)) - afac5fb6-01fb-405e-840f-c7cc7bc9b1e3: shutdown FollowerState
2019-08-21 09:31:05,300 INFO  impl.RaftServerImpl (RaftServerImpl.java:setRole(171)) - afac5fb6-01fb-405e-840f-c7cc7bc9b1e3:group-BCD8C0A0379E changes role from FOLLOWER to CANDIDATE at term 0 for changeToCandidate
2019-08-21 09:31:05,310 INFO  impl.RoleInfo (RoleInfo.java:updateAndGet(143)) - afac5fb6-01fb-405e-840f-c7cc7bc9b1e3: start LeaderElection
2019-08-21 09:31:05,321 INFO  impl.FollowerState (FollowerState.java:run(106)) - e32711c2-4492-4d3d-a441-ee4ec4df5188:group-78C4ECE4ABF1 changes to CANDIDATE, lastRpcTime:5016, electionTimeout:5015ms
2019-08-21 09:31:05,322 INFO  impl.RoleInfo (RoleInfo.java:shutdownFollowerState(121)) - e32711c2-4492-4d3d-a441-ee4ec4df5188: shutdown FollowerState
2019-08-21 09:31:05,322 INFO  impl.RaftServerImpl (RaftServerImpl.java:setRole(171)) - e32711c2-4492-4d3d-a441-ee4ec4df5188:group-78C4ECE4ABF1 changes role from FOLLOWER to CANDIDATE at term 0 for changeToCandidate
2019-08-21 09:31:05,323 INFO  impl.RoleInfo (RoleInfo.java:updateAndGet(143)) - e32711c2-4492-4d3d-a441-ee4ec4df5188: start LeaderElection
2019-08-21 09:31:05,342 INFO  impl.LeaderElection (LeaderElection.java:askForVotes(181)) - afac5fb6-01fb-405e-840f-c7cc7bc9b1e3:group-BCD8C0A0379E:LeaderElection1: begin an election at term 1 for -1: [afac5fb6-01fb-405e-840f-c7cc7bc9b1e3:192.168.157.251:35951], old=null
2019-08-21 09:31:05,344 INFO  impl.LeaderElection (LeaderElection.java:askForVotes(181)) - e32711c2-4492-4d3d-a441-ee4ec4df5188:group-78C4ECE4ABF1:LeaderElection2: begin an election at term 1 for -1: [e32711c2-4492-4d3d-a441-ee4ec4df5188:192.168.157.251:44243], old=null
2019-08-21 09:31:05,347 INFO  impl.RoleInfo (RoleInfo.java:shutdownLeaderElection(134)) - e32711c2-4492-4d3d-a441-ee4ec4df5188: shutdown LeaderElection
2019-08-21 09:31:05,347 INFO  impl.RoleInfo (RoleInfo.java:shutdownLeaderElection(134)) - afac5fb6-01fb-405e-840f-c7cc7bc9b1e3: shutdown LeaderElection
2019-08-21 09:31:05,347 INFO  impl.RaftServerImpl (RaftServerImpl.java:setRole(171)) - e32711c2-4492-4d3d-a441-ee4ec4df5188:group-78C4ECE4ABF1 changes role from CANDIDATE to LEADER at term 1 for changeToLeader
2019-08-21 09:31:05,347 INFO  impl.RaftServerImpl (RaftServerImpl.java:setRole(171)) - afac5fb6-01fb-405e-840f-c7cc7bc9b1e3:group-BCD8C0A0379E changes role from CANDIDATE to LEADER at term 1 for changeToLeader
2019-08-21 09:31:05,348 INFO  impl.RaftServerImpl (ServerState.java:setLeader(263)) - e32711c2-4492-4d3d-a441-ee4ec4df5188:group-78C4ECE4ABF1 change Leader from null to e32711c2-4492-4d3d-a441-ee4ec4df5188 at term 1 for becomeLeader, leader elected after 5051ms
2019-08-21 09:31:05,348 INFO  impl.RaftServerImpl (ServerState.java:setLeader(263)) - afac5fb6-01fb-405e-840f-c7cc7bc9b1e3:group-BCD8C0A0379E change Leader from null to afac5fb6-01fb-405e-840f-c7cc7bc9b1e3 at term 1 for becomeLeader, leader elected after 5329ms
2019-08-21 09:31:05,356 INFO  server.RaftServerConfigKeys (ConfUtils.java:logGet(43)) - raft.server.staging.catchup.gap = 1000 (default)
2019-08-21 09:31:05,356 INFO  server.RaftServerConfigKeys (ConfUtils.java:logGet(43)) - raft.server.staging.catchup.gap = 1000 (default)
2019-08-21 09:31:05,356 INFO  server.RaftServerConfigKeys (ConfUtils.java:logGet(43)) - raft.server.rpc.sleep.time = 25ms (default)
2019-08-21 09:31:05,356 INFO  server.RaftServerConfigKeys (ConfUtils.java:logGet(43)) - raft.server.rpc.sleep.time = 25ms (default)
2019-08-21 09:31:05,360 INFO  server.RaftServerConfigKeys (ConfUtils.java:logGet(43)) - raft.server.write.element-limit = 4096 (default)
2019-08-21 09:31:05,360 INFO  server.RaftServerConfigKeys (ConfUtils.java:logGet(43)) - raft.server.write.element-limit = 4096 (default)
2019-08-21 09:31:05,362 INFO  server.RaftServerConfigKeys (ConfUtils.java:logGet(43)) - raft.server.watch.timeout = 10s (default)
2019-08-21 09:31:05,362 INFO  server.RaftServerConfigKeys (ConfUtils.java:logGet(43)) - raft.server.watch.timeout = 10s (default)
2019-08-21 09:31:05,363 INFO  server.RaftServerConfigKeys (ConfUtils.java:logGet(43)) - raft.server.watch.timeout.denomination = 1s (default)
2019-08-21 09:31:05,363 INFO  server.RaftServerConfigKeys (ConfUtils.java:logGet(43)) - raft.server.watch.timeout.denomination = 1s (default)
2019-08-21 09:31:05,364 INFO  server.RaftServerConfigKeys (ConfUtils.java:logGet(43)) - raft.server.watch.element-limit = 65536 (default)
2019-08-21 09:31:05,364 INFO  server.RaftServerConfigKeys (ConfUtils.java:logGet(43)) - raft.server.watch.element-limit = 65536 (default)
2019-08-21 09:31:05,384 INFO  impl.RoleInfo (RoleInfo.java:updateAndGet(143)) - e32711c2-4492-4d3d-a441-ee4ec4df5188: start LeaderState
2019-08-21 09:31:05,384 INFO  impl.RoleInfo (RoleInfo.java:updateAndGet(143)) - afac5fb6-01fb-405e-840f-c7cc7bc9b1e3: start LeaderState
2019-08-21 09:31:05,413 INFO  segmented.SegmentedRaftLogWorker (SegmentedRaftLogWorker.java:startLogSegment(380)) - afac5fb6-01fb-405e-840f-c7cc7bc9b1e3-SegmentedRaftLogWorker:Storage Directory /workdir/hadoop-ozone/integration-test/target/test-dir/MiniOzoneClusterImpl-a9f09a8a-841d-4252-92d8-3ce110573119/datanode-0/data/ratis/efdaf4a8-b562-481f-a23f-bcd8c0a0379e: Starting segment from index:0
2019-08-21 09:31:05,413 INFO  segmented.SegmentedRaftLogWorker (SegmentedRaftLogWorker.java:startLogSegment(380)) - e32711c2-4492-4d3d-a441-ee4ec4df5188-SegmentedRaftLogWorker:Storage Directory /workdir/hadoop-ozone/integration-test/target/test-dir/MiniOzoneClusterImpl-a9f09a8a-841d-4252-92d8-3ce110573119/datanode-4/data/ratis/211defa3-6576-4251-9d4e-78c4ece4abf1: Starting segment from index:0
2019-08-21 09:31:05,424 INFO  impl.RaftServerImpl (ServerState.java:setRaftConf(361)) - afac5fb6-01fb-405e-840f-c7cc7bc9b1e3:group-BCD8C0A0379E set configuration 0: [afac5fb6-01fb-405e-840f-c7cc7bc9b1e3:192.168.157.251:35951], old=null at 0
2019-08-21 09:31:05,424 INFO  impl.RaftServerImpl (ServerState.java:setRaftConf(361)) - e32711c2-4492-4d3d-a441-ee4ec4df5188:group-78C4ECE4ABF1 set configuration 0: [e32711c2-4492-4d3d-a441-ee4ec4df5188:192.168.157.251:44243], old=null at 0
2019-08-21 09:31:05,436 INFO  impl.FollowerState (FollowerState.java:run(106)) - 1c89303c-4cf4-4a41-a1ec-4ab916346441:group-F45D93F98A33 changes to CANDIDATE, lastRpcTime:5036, electionTimeout:5036ms
2019-08-21 09:31:05,437 INFO  impl.RoleInfo (RoleInfo.java:shutdownFollowerState(121)) - 1c89303c-4cf4-4a41-a1ec-4ab916346441: shutdown FollowerState
2019-08-21 09:31:05,437 INFO  impl.RaftServerImpl (RaftServerImpl.java:setRole(171)) - 1c89303c-4cf4-4a41-a1ec-4ab916346441:group-F45D93F98A33 changes role from FOLLOWER to CANDIDATE at term 0 for changeToCandidate
2019-08-21 09:31:05,437 INFO  impl.RoleInfo (RoleInfo.java:updateAndGet(143)) - 1c89303c-4cf4-4a41-a1ec-4ab916346441: start LeaderElection
2019-08-21 09:31:05,469 INFO  impl.LeaderElection (LeaderElection.java:askForVotes(181)) - 1c89303c-4cf4-4a41-a1ec-4ab916346441:group-F45D93F98A33:LeaderElection3: begin an election at term 1 for -1: [1c89303c-4cf4-4a41-a1ec-4ab916346441:192.168.157.251:36995], old=null
2019-08-21 09:31:05,469 INFO  impl.RoleInfo (RoleInfo.java:shutdownLeaderElection(134)) - 1c89303c-4cf4-4a41-a1ec-4ab916346441: shutdown LeaderElection
2019-08-21 09:31:05,469 INFO  impl.RaftServerImpl (RaftServerImpl.java:setRole(171)) - 1c89303c-4cf4-4a41-a1ec-4ab916346441:group-F45D93F98A33 changes role from CANDIDATE to LEADER at term 1 for changeToLeader
2019-08-21 09:31:05,469 INFO  impl.RaftServerImpl (ServerState.java:setLeader(263)) - 1c89303c-4cf4-4a41-a1ec-4ab916346441:group-F45D93F98A33 change Leader from null to 1c89303c-4cf4-4a41-a1ec-4ab916346441 at term 1 for becomeLeader, leader elected after 5076ms
2019-08-21 09:31:05,471 INFO  server.RaftServerConfigKeys (ConfUtils.java:logGet(43)) - raft.server.staging.catchup.gap = 1000 (default)
2019-08-21 09:31:05,472 INFO  server.RaftServerConfigKeys (ConfUtils.java:logGet(43)) - raft.server.rpc.sleep.time = 25ms (default)
2019-08-21 09:31:05,472 INFO  server.RaftServerConfigKeys (ConfUtils.java:logGet(43)) - raft.server.write.element-limit = 4096 (default)
2019-08-21 09:31:05,472 INFO  server.RaftServerConfigKeys (ConfUtils.java:logGet(43)) - raft.server.watch.timeout = 10s (default)
2019-08-21 09:31:05,472 INFO  server.RaftServerConfigKeys (ConfUtils.java:logGet(43)) - raft.server.watch.timeout.denomination = 1s (default)
2019-08-21 09:31:05,473 INFO  server.RaftServerConfigKeys (ConfUtils.java:logGet(43)) - raft.server.watch.element-limit = 65536 (default)
2019-08-21 09:31:05,473 INFO  impl.RoleInfo (RoleInfo.java:updateAndGet(143)) - 1c89303c-4cf4-4a41-a1ec-4ab916346441: start LeaderState
2019-08-21 09:31:05,473 INFO  segmented.SegmentedRaftLogWorker (SegmentedRaftLogWorker.java:startLogSegment(380)) - 1c89303c-4cf4-4a41-a1ec-4ab916346441-SegmentedRaftLogWorker:Storage Directory /workdir/hadoop-ozone/integration-test/target/test-dir/MiniOzoneClusterImpl-a9f09a8a-841d-4252-92d8-3ce110573119/datanode-5/data/ratis/84858c32-0320-42a8-9c00-f45d93f98a33: Starting segment from index:0
2019-08-21 09:31:05,474 INFO  impl.RaftServerImpl (ServerState.java:setRaftConf(361)) - 1c89303c-4cf4-4a41-a1ec-4ab916346441:group-F45D93F98A33 set configuration 0: [1c89303c-4cf4-4a41-a1ec-4ab916346441:192.168.157.251:36995], old=null at 0
2019-08-21 09:31:05,582 INFO  impl.FollowerState (FollowerState.java:run(106)) - 8b885c43-3275-4247-ace6-35192e2b0349:group-75E523B44BA3 changes to CANDIDATE, lastRpcTime:5112, electionTimeout:5112ms
2019-08-21 09:31:05,582 INFO  impl.RoleInfo (RoleInfo.java:shutdownFollowerState(121)) - 8b885c43-3275-4247-ace6-35192e2b0349: shutdown FollowerState
2019-08-21 09:31:05,582 INFO  impl.RaftServerImpl (RaftServerImpl.java:setRole(171)) - 8b885c43-3275-4247-ace6-35192e2b0349:group-75E523B44BA3 changes role from FOLLOWER to CANDIDATE at term 0 for changeToCandidate
2019-08-21 09:31:05,582 INFO  impl.RoleInfo (RoleInfo.java:updateAndGet(143)) - 8b885c43-3275-4247-ace6-35192e2b0349: start LeaderElection
2019-08-21 09:31:05,591 INFO  impl.FollowerState (FollowerState.java:run(106)) - abf91b30-021b-4d31-aafd-ed4c2a5594b1:group-6A3ADBE4CE8D changes to CANDIDATE, lastRpcTime:5024, electionTimeout:5024ms
2019-08-21 09:31:05,591 INFO  impl.RoleInfo (RoleInfo.java:shutdownFollowerState(121)) - abf91b30-021b-4d31-aafd-ed4c2a5594b1: shutdown FollowerState
2019-08-21 09:31:05,591 INFO  impl.RaftServerImpl (RaftServerImpl.java:setRole(171)) - abf91b30-021b-4d31-aafd-ed4c2a5594b1:group-6A3ADBE4CE8D changes role from FOLLOWER to CANDIDATE at term 0 for changeToCandidate
2019-08-21 09:31:05,591 INFO  impl.RoleInfo (RoleInfo.java:updateAndGet(143)) - abf91b30-021b-4d31-aafd-ed4c2a5594b1: start LeaderElection
2019-08-21 09:31:05,602 INFO  impl.LeaderElection (LeaderElection.java:askForVotes(181)) - 8b885c43-3275-4247-ace6-35192e2b0349:group-75E523B44BA3:LeaderElection4: begin an election at term 1 for -1: [8b885c43-3275-4247-ace6-35192e2b0349:192.168.157.251:38527], old=null
2019-08-21 09:31:05,602 INFO  impl.LeaderElection (LeaderElection.java:askForVotes(181)) - abf91b30-021b-4d31-aafd-ed4c2a5594b1:group-6A3ADBE4CE8D:LeaderElection5: begin an election at term 1 for -1: [abf91b30-021b-4d31-aafd-ed4c2a5594b1:192.168.157.251:44647], old=null
2019-08-21 09:31:05,602 INFO  impl.RoleInfo (RoleInfo.java:shutdownLeaderElection(134)) - 8b885c43-3275-4247-ace6-35192e2b0349: shutdown LeaderElection
2019-08-21 09:31:05,602 INFO  impl.RoleInfo (RoleInfo.java:shutdownLeaderElection(134)) - abf91b30-021b-4d31-aafd-ed4c2a5594b1: shutdown LeaderElection
2019-08-21 09:31:05,602 INFO  impl.RaftServerImpl (RaftServerImpl.java:setRole(171)) - 8b885c43-3275-4247-ace6-35192e2b0349:group-75E523B44BA3 changes role from CANDIDATE to LEADER at term 1 for changeToLeader
2019-08-21 09:31:05,603 INFO  impl.RaftServerImpl (RaftServerImpl.java:setRole(171)) - abf91b30-021b-4d31-aafd-ed4c2a5594b1:group-6A3ADBE4CE8D changes role from CANDIDATE to LEADER at term 1 for changeToLeader
2019-08-21 09:31:05,603 INFO  impl.RaftServerImpl (ServerState.java:setLeader(263)) - 8b885c43-3275-4247-ace6-35192e2b0349:group-75E523B44BA3 change Leader from null to 8b885c43-3275-4247-ace6-35192e2b0349 at term 1 for becomeLeader, leader elected after 5139ms
2019-08-21 09:31:05,603 INFO  impl.RaftServerImpl (ServerState.java:setLeader(263)) - abf91b30-021b-4d31-aafd-ed4c2a5594b1:group-6A3ADBE4CE8D change Leader from null to abf91b30-021b-4d31-aafd-ed4c2a5594b1 at term 1 for becomeLeader, leader elected after 5042ms
2019-08-21 09:31:05,605 INFO  server.RaftServerConfigKeys (ConfUtils.java:logGet(43)) - raft.server.staging.catchup.gap = 1000 (default)
2019-08-21 09:31:05,607 INFO  server.RaftServerConfigKeys (ConfUtils.java:logGet(43)) - raft.server.staging.catchup.gap = 1000 (default)
2019-08-21 09:31:05,608 INFO  server.RaftServerConfigKeys (ConfUtils.java:logGet(43)) - raft.server.rpc.sleep.time = 25ms (default)
2019-08-21 09:31:05,608 INFO  server.RaftServerConfigKeys (ConfUtils.java:logGet(43)) - raft.server.rpc.sleep.time = 25ms (default)
2019-08-21 09:31:05,608 INFO  server.RaftServerConfigKeys (ConfUtils.java:logGet(43)) - raft.server.write.element-limit = 4096 (default)
2019-08-21 09:31:05,608 INFO  server.RaftServerConfigKeys (ConfUtils.java:logGet(43)) - raft.server.write.element-limit = 4096 (default)
2019-08-21 09:31:05,608 INFO  server.RaftServerConfigKeys (ConfUtils.java:logGet(43)) - raft.server.watch.timeout = 10s (default)
2019-08-21 09:31:05,609 INFO  server.RaftServerConfigKeys (ConfUtils.java:logGet(43)) - raft.server.watch.timeout = 10s (default)
2019-08-21 09:31:05,609 INFO  server.RaftServerConfigKeys (ConfUtils.java:logGet(43)) - raft.server.watch.timeout.denomination = 1s (default)
2019-08-21 09:31:05,609 INFO  server.RaftServerConfigKeys (ConfUtils.java:logGet(43)) - raft.server.watch.timeout.denomination = 1s (default)
2019-08-21 09:31:05,609 INFO  server.RaftServerConfigKeys (ConfUtils.java:logGet(43)) - raft.server.watch.element-limit = 65536 (default)
2019-08-21 09:31:05,609 INFO  server.RaftServerConfigKeys (ConfUtils.java:logGet(43)) - raft.server.watch.element-limit = 65536 (default)
2019-08-21 09:31:05,610 INFO  impl.RoleInfo (RoleInfo.java:updateAndGet(143)) - abf91b30-021b-4d31-aafd-ed4c2a5594b1: start LeaderState
2019-08-21 09:31:05,610 INFO  impl.RoleInfo (RoleInfo.java:updateAndGet(143)) - 8b885c43-3275-4247-ace6-35192e2b0349: start LeaderState
2019-08-21 09:31:05,610 INFO  segmented.SegmentedRaftLogWorker (SegmentedRaftLogWorker.java:startLogSegment(380)) - abf91b30-021b-4d31-aafd-ed4c2a5594b1-SegmentedRaftLogWorker:Storage Directory /workdir/hadoop-ozone/integration-test/target/test-dir/MiniOzoneClusterImpl-a9f09a8a-841d-4252-92d8-3ce110573119/datanode-3/data/ratis/326fe11d-1d59-4f79-9b7c-6a3adbe4ce8d: Starting segment from index:0
2019-08-21 09:31:05,611 INFO  segmented.SegmentedRaftLogWorker (SegmentedRaftLogWorker.java:startLogSegment(380)) - 8b885c43-3275-4247-ace6-35192e2b0349-SegmentedRaftLogWorker:Storage Directory /workdir/hadoop-ozone/integration-test/target/test-dir/MiniOzoneClusterImpl-a9f09a8a-841d-4252-92d8-3ce110573119/datanode-1/data/ratis/3b29fa43-b832-4340-9597-75e523b44ba3: Starting segment from index:0
2019-08-21 09:31:05,611 INFO  impl.RaftServerImpl (ServerState.java:setRaftConf(361)) - abf91b30-021b-4d31-aafd-ed4c2a5594b1:group-6A3ADBE4CE8D set configuration 0: [abf91b30-021b-4d31-aafd-ed4c2a5594b1:192.168.157.251:44647], old=null at 0
2019-08-21 09:31:05,614 INFO  impl.RaftServerImpl (ServerState.java:setRaftConf(361)) - 8b885c43-3275-4247-ace6-35192e2b0349:group-75E523B44BA3 set configuration 0: [8b885c43-3275-4247-ace6-35192e2b0349:192.168.157.251:38527], old=null at 0
2019-08-21 09:31:05,709 INFO  segmented.SegmentedRaftLogWorker (SegmentedRaftLogWorker.java:execute(569)) - 1c89303c-4cf4-4a41-a1ec-4ab916346441-SegmentedRaftLogWorker:Storage Directory /workdir/hadoop-ozone/integration-test/target/test-dir/MiniOzoneClusterImpl-a9f09a8a-841d-4252-92d8-3ce110573119/datanode-5/data/ratis/84858c32-0320-42a8-9c00-f45d93f98a33: created new log segment /workdir/hadoop-ozone/integration-test/target/test-dir/MiniOzoneClusterImpl-a9f09a8a-841d-4252-92d8-3ce110573119/datanode-5/data/ratis/84858c32-0320-42a8-9c00-f45d93f98a33/current/log_inprogress_0
2019-08-21 09:31:05,709 INFO  segmented.SegmentedRaftLogWorker (SegmentedRaftLogWorker.java:execute(569)) - 8b885c43-3275-4247-ace6-35192e2b0349-SegmentedRaftLogWorker:Storage Directory /workdir/hadoop-ozone/integration-test/target/test-dir/MiniOzoneClusterImpl-a9f09a8a-841d-4252-92d8-3ce110573119/datanode-1/data/ratis/3b29fa43-b832-4340-9597-75e523b44ba3: created new log segment /workdir/hadoop-ozone/integration-test/target/test-dir/MiniOzoneClusterImpl-a9f09a8a-841d-4252-92d8-3ce110573119/datanode-1/data/ratis/3b29fa43-b832-4340-9597-75e523b44ba3/current/log_inprogress_0
2019-08-21 09:31:05,709 INFO  segmented.SegmentedRaftLogWorker (SegmentedRaftLogWorker.java:execute(569)) - abf91b30-021b-4d31-aafd-ed4c2a5594b1-SegmentedRaftLogWorker:Storage Directory /workdir/hadoop-ozone/integration-test/target/test-dir/MiniOzoneClusterImpl-a9f09a8a-841d-4252-92d8-3ce110573119/datanode-3/data/ratis/326fe11d-1d59-4f79-9b7c-6a3adbe4ce8d: created new log segment /workdir/hadoop-ozone/integration-test/target/test-dir/MiniOzoneClusterImpl-a9f09a8a-841d-4252-92d8-3ce110573119/datanode-3/data/ratis/326fe11d-1d59-4f79-9b7c-6a3adbe4ce8d/current/log_inprogress_0
2019-08-21 09:31:05,709 INFO  segmented.SegmentedRaftLogWorker (SegmentedRaftLogWorker.java:execute(569)) - afac5fb6-01fb-405e-840f-c7cc7bc9b1e3-SegmentedRaftLogWorker:Storage Directory /workdir/hadoop-ozone/integration-test/target/test-dir/MiniOzoneClusterImpl-a9f09a8a-841d-4252-92d8-3ce110573119/datanode-0/data/ratis/efdaf4a8-b562-481f-a23f-bcd8c0a0379e: created new log segment /workdir/hadoop-ozone/integration-test/target/test-dir/MiniOzoneClusterImpl-a9f09a8a-841d-4252-92d8-3ce110573119/datanode-0/data/ratis/efdaf4a8-b562-481f-a23f-bcd8c0a0379e/current/log_inprogress_0
2019-08-21 09:31:05,709 INFO  segmented.SegmentedRaftLogWorker (SegmentedRaftLogWorker.java:execute(569)) - e32711c2-4492-4d3d-a441-ee4ec4df5188-SegmentedRaftLogWorker:Storage Directory /workdir/hadoop-ozone/integration-test/target/test-dir/MiniOzoneClusterImpl-a9f09a8a-841d-4252-92d8-3ce110573119/datanode-4/data/ratis/211defa3-6576-4251-9d4e-78c4ece4abf1: created new log segment /workdir/hadoop-ozone/integration-test/target/test-dir/MiniOzoneClusterImpl-a9f09a8a-841d-4252-92d8-3ce110573119/datanode-4/data/ratis/211defa3-6576-4251-9d4e-78c4ece4abf1/current/log_inprogress_0
2019-08-21 09:31:05,776 INFO  impl.FollowerState (FollowerState.java:run(106)) - 5e005968-32f6-4a99-94bf-bbc0f8ee2cb1:group-7C4BFBD249AB changes to CANDIDATE, lastRpcTime:5047, electionTimeout:5047ms
2019-08-21 09:31:05,778 INFO  impl.RoleInfo (RoleInfo.java:shutdownFollowerState(121)) - 5e005968-32f6-4a99-94bf-bbc0f8ee2cb1: shutdown FollowerState
2019-08-21 09:31:05,778 INFO  impl.RaftServerImpl (RaftServerImpl.java:setRole(171)) - 5e005968-32f6-4a99-94bf-bbc0f8ee2cb1:group-7C4BFBD249AB changes role from FOLLOWER to CANDIDATE at term 0 for changeToCandidate
2019-08-21 09:31:05,779 INFO  impl.RoleInfo (RoleInfo.java:updateAndGet(143)) - 5e005968-32f6-4a99-94bf-bbc0f8ee2cb1: start LeaderElection
2019-08-21 09:31:05,798 INFO  impl.LeaderElection (LeaderElection.java:askForVotes(181)) - 5e005968-32f6-4a99-94bf-bbc0f8ee2cb1:group-7C4BFBD249AB:LeaderElection6: begin an election at term 1 for -1: [5e005968-32f6-4a99-94bf-bbc0f8ee2cb1:192.168.157.251:42617], old=null
2019-08-21 09:31:05,806 INFO  impl.FollowerState (FollowerState.java:run(106)) - 9fa49919-9efe-4ead-b812-fbfd8bbb612f:group-850E600A3BAE changes to CANDIDATE, lastRpcTime:5148, electionTimeout:5147ms
2019-08-21 09:31:05,808 INFO  impl.RoleInfo (RoleInfo.java:shutdownLeaderElection(134)) - 5e005968-32f6-4a99-94bf-bbc0f8ee2cb1: shutdown LeaderElection
2019-08-21 09:31:05,808 INFO  impl.RoleInfo (RoleInfo.java:shutdownFollowerState(121)) - 9fa49919-9efe-4ead-b812-fbfd8bbb612f: shutdown FollowerState
2019-08-21 09:31:05,808 INFO  impl.RaftServerImpl (RaftServerImpl.java:setRole(171)) - 5e005968-32f6-4a99-94bf-bbc0f8ee2cb1:group-7C4BFBD249AB changes role from CANDIDATE to LEADER at term 1 for changeToLeader
2019-08-21 09:31:05,808 INFO  impl.RaftServerImpl (RaftServerImpl.java:setRole(171)) - 9fa49919-9efe-4ead-b812-fbfd8bbb612f:group-850E600A3BAE changes role from FOLLOWER to CANDIDATE at term 0 for changeToCandidate
2019-08-21 09:31:05,808 INFO  impl.RaftServerImpl (ServerState.java:setLeader(263)) - 5e005968-32f6-4a99-94bf-bbc0f8ee2cb1:group-7C4BFBD249AB change Leader from null to 5e005968-32f6-4a99-94bf-bbc0f8ee2cb1 at term 1 for becomeLeader, leader elected after 5085ms
2019-08-21 09:31:05,809 INFO  impl.RoleInfo (RoleInfo.java:updateAndGet(143)) - 9fa49919-9efe-4ead-b812-fbfd8bbb612f: start LeaderElection
2019-08-21 09:31:05,811 INFO  server.RaftServerConfigKeys (ConfUtils.java:logGet(43)) - raft.server.staging.catchup.gap = 1000 (default)
2019-08-21 09:31:05,813 INFO  server.RaftServerConfigKeys (ConfUtils.java:logGet(43)) - raft.server.rpc.sleep.time = 25ms (default)
2019-08-21 09:31:05,816 INFO  server.RaftServerConfigKeys (ConfUtils.java:logGet(43)) - raft.server.write.element-limit = 4096 (default)
2019-08-21 09:31:05,816 INFO  server.RaftServerConfigKeys (ConfUtils.java:logGet(43)) - raft.server.watch.timeout = 10s (default)
2019-08-21 09:31:05,817 INFO  server.RaftServerConfigKeys (ConfUtils.java:logGet(43)) - raft.server.watch.timeout.denomination = 1s (default)
2019-08-21 09:31:05,817 INFO  server.RaftServerConfigKeys (ConfUtils.java:logGet(43)) - raft.server.watch.element-limit = 65536 (default)
2019-08-21 09:31:05,817 INFO  impl.RoleInfo (RoleInfo.java:updateAndGet(143)) - 5e005968-32f6-4a99-94bf-bbc0f8ee2cb1: start LeaderState
2019-08-21 09:31:05,817 INFO  segmented.SegmentedRaftLogWorker (SegmentedRaftLogWorker.java:startLogSegment(380)) - 5e005968-32f6-4a99-94bf-bbc0f8ee2cb1-SegmentedRaftLogWorker:Storage Directory /workdir/hadoop-ozone/integration-test/target/test-dir/MiniOzoneClusterImpl-a9f09a8a-841d-4252-92d8-3ce110573119/datanode-2/data/ratis/92289459-bccf-49ac-bcd1-7c4bfbd249ab: Starting segment from index:0
2019-08-21 09:31:05,818 INFO  impl.RaftServerImpl (ServerState.java:setRaftConf(361)) - 5e005968-32f6-4a99-94bf-bbc0f8ee2cb1:group-7C4BFBD249AB set configuration 0: [5e005968-32f6-4a99-94bf-bbc0f8ee2cb1:192.168.157.251:42617], old=null at 0
2019-08-21 09:31:05,848 INFO  impl.LeaderElection (LeaderElection.java:askForVotes(181)) - 9fa49919-9efe-4ead-b812-fbfd8bbb612f:group-850E600A3BAE:LeaderElection7: begin an election at term 1 for -1: [9fa49919-9efe-4ead-b812-fbfd8bbb612f:192.168.157.251:45775], old=null
2019-08-21 09:31:05,848 INFO  impl.RoleInfo (RoleInfo.java:shutdownLeaderElection(134)) - 9fa49919-9efe-4ead-b812-fbfd8bbb612f: shutdown LeaderElection
2019-08-21 09:31:05,848 INFO  impl.RaftServerImpl (RaftServerImpl.java:setRole(171)) - 9fa49919-9efe-4ead-b812-fbfd8bbb612f:group-850E600A3BAE changes role from CANDIDATE to LEADER at term 1 for changeToLeader
2019-08-21 09:31:05,848 INFO  impl.RaftServerImpl (ServerState.java:setLeader(263)) - 9fa49919-9efe-4ead-b812-fbfd8bbb612f:group-850E600A3BAE change Leader from null to 9fa49919-9efe-4ead-b812-fbfd8bbb612f at term 1 for becomeLeader, leader elected after 5196ms
2019-08-21 09:31:05,850 INFO  server.RaftServerConfigKeys (ConfUtils.java:logGet(43)) - raft.server.staging.catchup.gap = 1000 (default)
2019-08-21 09:31:05,851 INFO  server.RaftServerConfigKeys (ConfUtils.java:logGet(43)) - raft.server.rpc.sleep.time = 25ms (default)
2019-08-21 09:31:05,851 INFO  server.RaftServerConfigKeys (ConfUtils.java:logGet(43)) - raft.server.write.element-limit = 4096 (default)
2019-08-21 09:31:05,851 INFO  server.RaftServerConfigKeys (ConfUtils.java:logGet(43)) - raft.server.watch.timeout = 10s (default)
2019-08-21 09:31:05,851 INFO  server.RaftServerConfigKeys (ConfUtils.java:logGet(43)) - raft.server.watch.timeout.denomination = 1s (default)
2019-08-21 09:31:05,851 INFO  server.RaftServerConfigKeys (ConfUtils.java:logGet(43)) - raft.server.watch.element-limit = 65536 (default)
2019-08-21 09:31:05,852 INFO  impl.RoleInfo (RoleInfo.java:updateAndGet(143)) - 9fa49919-9efe-4ead-b812-fbfd8bbb612f: start LeaderState
2019-08-21 09:31:05,852 INFO  segmented.SegmentedRaftLogWorker (SegmentedRaftLogWorker.java:startLogSegment(380)) - 9fa49919-9efe-4ead-b812-fbfd8bbb612f-SegmentedRaftLogWorker:Storage Directory /workdir/hadoop-ozone/integration-test/target/test-dir/MiniOzoneClusterImpl-a9f09a8a-841d-4252-92d8-3ce110573119/datanode-6/data/ratis/e3bd38ae-bcba-43bc-b59d-850e600a3bae: Starting segment from index:0
2019-08-21 09:31:05,853 INFO  impl.RaftServerImpl (ServerState.java:setRaftConf(361)) - 9fa49919-9efe-4ead-b812-fbfd8bbb612f:group-850E600A3BAE set configuration 0: [9fa49919-9efe-4ead-b812-fbfd8bbb612f:192.168.157.251:45775], old=null at 0
2019-08-21 09:31:05,881 INFO  segmented.SegmentedRaftLogWorker (SegmentedRaftLogWorker.java:execute(569)) - 5e005968-32f6-4a99-94bf-bbc0f8ee2cb1-SegmentedRaftLogWorker:Storage Directory /workdir/hadoop-ozone/integration-test/target/test-dir/MiniOzoneClusterImpl-a9f09a8a-841d-4252-92d8-3ce110573119/datanode-2/data/ratis/92289459-bccf-49ac-bcd1-7c4bfbd249ab: created new log segment /workdir/hadoop-ozone/integration-test/target/test-dir/MiniOzoneClusterImpl-a9f09a8a-841d-4252-92d8-3ce110573119/datanode-2/data/ratis/92289459-bccf-49ac-bcd1-7c4bfbd249ab/current/log_inprogress_0
2019-08-21 09:31:05,886 INFO  segmented.SegmentedRaftLogWorker (SegmentedRaftLogWorker.java:execute(569)) - 9fa49919-9efe-4ead-b812-fbfd8bbb612f-SegmentedRaftLogWorker:Storage Directory /workdir/hadoop-ozone/integration-test/target/test-dir/MiniOzoneClusterImpl-a9f09a8a-841d-4252-92d8-3ce110573119/datanode-6/data/ratis/e3bd38ae-bcba-43bc-b59d-850e600a3bae: created new log segment /workdir/hadoop-ozone/integration-test/target/test-dir/MiniOzoneClusterImpl-a9f09a8a-841d-4252-92d8-3ce110573119/datanode-6/data/ratis/e3bd38ae-bcba-43bc-b59d-850e600a3bae/current/log_inprogress_0
2019-08-21 09:31:05,957 INFO  impl.FollowerState (FollowerState.java:run(106)) - 1c89303c-4cf4-4a41-a1ec-4ab916346441:group-6065D336B8D0 changes to CANDIDATE, lastRpcTime:5079, electionTimeout:5077ms
2019-08-21 09:31:05,959 INFO  impl.RoleInfo (RoleInfo.java:shutdownFollowerState(121)) - 1c89303c-4cf4-4a41-a1ec-4ab916346441: shutdown FollowerState
2019-08-21 09:31:05,959 INFO  impl.RaftServerImpl (RaftServerImpl.java:setRole(171)) - 1c89303c-4cf4-4a41-a1ec-4ab916346441:group-6065D336B8D0 changes role from FOLLOWER to CANDIDATE at term 0 for changeToCandidate
2019-08-21 09:31:05,959 INFO  impl.RoleInfo (RoleInfo.java:updateAndGet(143)) - 1c89303c-4cf4-4a41-a1ec-4ab916346441: start LeaderElection
2019-08-21 09:31:05,980 INFO  impl.LeaderElection (LeaderElection.java:askForVotes(181)) - 1c89303c-4cf4-4a41-a1ec-4ab916346441:group-6065D336B8D0:LeaderElection8: begin an election at term 1 for -1: [e32711c2-4492-4d3d-a441-ee4ec4df5188:192.168.157.251:44243, 1c89303c-4cf4-4a41-a1ec-4ab916346441:192.168.157.251:36995, 8b885c43-3275-4247-ace6-35192e2b0349:192.168.157.251:38527], old=null
2019-08-21 09:31:06,009 INFO  impl.RaftServerImpl (RaftServerImpl.java:setRole(171)) - 8b885c43-3275-4247-ace6-35192e2b0349:group-6065D336B8D0 changes role from FOLLOWER to FOLLOWER at term 1 for recognizeCandidate:1c89303c-4cf4-4a41-a1ec-4ab916346441
2019-08-21 09:31:06,009 INFO  impl.RaftServerImpl (RaftServerImpl.java:setRole(171)) - e32711c2-4492-4d3d-a441-ee4ec4df5188:group-6065D336B8D0 changes role from FOLLOWER to FOLLOWER at term 1 for recognizeCandidate:1c89303c-4cf4-4a41-a1ec-4ab916346441
2019-08-21 09:31:06,009 INFO  impl.RoleInfo (RoleInfo.java:shutdownFollowerState(121)) - 8b885c43-3275-4247-ace6-35192e2b0349: shutdown FollowerState
2019-08-21 09:31:06,009 INFO  impl.RoleInfo (RoleInfo.java:shutdownFollowerState(121)) - e32711c2-4492-4d3d-a441-ee4ec4df5188: shutdown FollowerState
2019-08-21 09:31:06,010 INFO  impl.RoleInfo (RoleInfo.java:updateAndGet(143)) - 8b885c43-3275-4247-ace6-35192e2b0349: start FollowerState
2019-08-21 09:31:06,010 INFO  impl.FollowerState (FollowerState.java:run(114)) - e32711c2-4492-4d3d-a441-ee4ec4df5188: FollowerState was interrupted: java.lang.InterruptedException: sleep interrupted
2019-08-21 09:31:06,010 INFO  impl.RoleInfo (RoleInfo.java:updateAndGet(143)) - e32711c2-4492-4d3d-a441-ee4ec4df5188: start FollowerState
2019-08-21 09:31:06,010 INFO  impl.FollowerState (FollowerState.java:run(114)) - 8b885c43-3275-4247-ace6-35192e2b0349: FollowerState was interrupted: java.lang.InterruptedException: sleep interrupted
2019-08-21 09:31:06,042 INFO  impl.LeaderElection (LeaderElection.java:logAndReturn(56)) - 1c89303c-4cf4-4a41-a1ec-4ab916346441:group-6065D336B8D0:LeaderElection8: Election PASSED; received 1 response(s) [1c89303c-4cf4-4a41-a1ec-4ab916346441<-e32711c2-4492-4d3d-a441-ee4ec4df5188#0:OK-t1] and 0 exception(s); 1c89303c-4cf4-4a41-a1ec-4ab916346441:t1, leader=null, voted=1c89303c-4cf4-4a41-a1ec-4ab916346441, raftlog=1c89303c-4cf4-4a41-a1ec-4ab916346441-SegmentedRaftLog:OPENED:c-1,f-1,i0, conf=-1: [e32711c2-4492-4d3d-a441-ee4ec4df5188:192.168.157.251:44243, 1c89303c-4cf4-4a41-a1ec-4ab916346441:192.168.157.251:36995, 8b885c43-3275-4247-ace6-35192e2b0349:192.168.157.251:38527], old=null
2019-08-21 09:31:06,042 INFO  impl.RoleInfo (RoleInfo.java:shutdownLeaderElection(134)) - 1c89303c-4cf4-4a41-a1ec-4ab916346441: shutdown LeaderElection
2019-08-21 09:31:06,043 INFO  impl.RaftServerImpl (RaftServerImpl.java:setRole(171)) - 1c89303c-4cf4-4a41-a1ec-4ab916346441:group-6065D336B8D0 changes role from CANDIDATE to LEADER at term 1 for changeToLeader
2019-08-21 09:31:06,047 INFO  impl.RaftServerImpl (ServerState.java:setLeader(263)) - 1c89303c-4cf4-4a41-a1ec-4ab916346441:group-6065D336B8D0 change Leader from null to 1c89303c-4cf4-4a41-a1ec-4ab916346441 at term 1 for becomeLeader, leader elected after 5189ms
2019-08-21 09:31:06,047 INFO  server.RaftServerConfigKeys (ConfUtils.java:logGet(43)) - raft.server.staging.catchup.gap = 1000 (default)
2019-08-21 09:31:06,047 INFO  server.RaftServerConfigKeys (ConfUtils.java:logGet(43)) - raft.server.rpc.sleep.time = 25ms (default)
2019-08-21 09:31:06,050 INFO  server.RaftServerConfigKeys (ConfUtils.java:logGet(43)) - raft.server.write.element-limit = 4096 (default)
2019-08-21 09:31:06,050 INFO  server.RaftServerConfigKeys (ConfUtils.java:logGet(43)) - raft.server.watch.timeout = 10s (default)
2019-08-21 09:31:06,050 INFO  server.RaftServerConfigKeys (ConfUtils.java:logGet(43)) - raft.server.watch.timeout.denomination = 1s (default)
2019-08-21 09:31:06,050 INFO  server.RaftServerConfigKeys (ConfUtils.java:logGet(43)) - raft.server.watch.element-limit = 65536 (default)
2019-08-21 09:31:06,054 INFO  server.RaftServerConfigKeys (ConfUtils.java:logGet(43)) - raft.server.log.appender.snapshot.chunk.size.max = 16MB (=16777216) (default)
2019-08-21 09:31:06,054 INFO  server.RaftServerConfigKeys (ConfUtils.java:logGet(43)) - raft.server.log.appender.buffer.byte-limit = 33554432 (custom)
2019-08-21 09:31:06,055 INFO  server.RaftServerConfigKeys (ConfUtils.java:logGet(43)) - raft.server.log.appender.buffer.element-limit = 1 (custom)
2019-08-21 09:31:06,059 INFO  grpc.GrpcConfigKeys$Server (ConfUtils.java:logGet(43)) - raft.grpc.server.leader.outstanding.appends.max = 128 (default)
2019-08-21 09:31:06,061 INFO  server.RaftServerConfigKeys (ConfUtils.java:logGet(43)) - raft.server.rpc.request.timeout = 3000ms (default)
2019-08-21 09:31:06,062 INFO  server.RaftServerConfigKeys (ConfUtils.java:logGet(43)) - raft.server.log.appender.install.snapshot.enabled = false (custom)
2019-08-21 09:31:06,062 INFO  server.RaftServerConfigKeys (ConfUtils.java:logGet(43)) - raft.server.log.appender.snapshot.chunk.size.max = 16MB (=16777216) (default)
2019-08-21 09:31:06,062 INFO  server.RaftServerConfigKeys (ConfUtils.java:logGet(43)) - raft.server.log.appender.buffer.byte-limit = 33554432 (custom)
2019-08-21 09:31:06,063 INFO  server.RaftServerConfigKeys (ConfUtils.java:logGet(43)) - raft.server.log.appender.buffer.element-limit = 1 (custom)
2019-08-21 09:31:06,063 INFO  grpc.GrpcConfigKeys$Server (ConfUtils.java:logGet(43)) - raft.grpc.server.leader.outstanding.appends.max = 128 (default)
2019-08-21 09:31:06,063 INFO  server.RaftServerConfigKeys (ConfUtils.java:logGet(43)) - raft.server.rpc.request.timeout = 3000ms (default)
2019-08-21 09:31:06,063 INFO  server.RaftServerConfigKeys (ConfUtils.java:logGet(43)) - raft.server.log.appender.install.snapshot.enabled = false (custom)
2019-08-21 09:31:06,065 INFO  impl.RoleInfo (RoleInfo.java:updateAndGet(143)) - 1c89303c-4cf4-4a41-a1ec-4ab916346441: start LeaderState
2019-08-21 09:31:06,066 INFO  segmented.SegmentedRaftLogWorker (SegmentedRaftLogWorker.java:startLogSegment(380)) - 1c89303c-4cf4-4a41-a1ec-4ab916346441-SegmentedRaftLogWorker:Storage Directory /workdir/hadoop-ozone/integration-test/target/test-dir/MiniOzoneClusterImpl-a9f09a8a-841d-4252-92d8-3ce110573119/datanode-5/data/ratis/a372eb94-be13-4b20-87f3-6065d336b8d0: Starting segment from index:0
2019-08-21 09:31:06,067 INFO  impl.RaftServerImpl (ServerState.java:setRaftConf(361)) - 1c89303c-4cf4-4a41-a1ec-4ab916346441:group-6065D336B8D0 set configuration 0: [e32711c2-4492-4d3d-a441-ee4ec4df5188:192.168.157.251:44243, 1c89303c-4cf4-4a41-a1ec-4ab916346441:192.168.157.251:36995, 8b885c43-3275-4247-ace6-35192e2b0349:192.168.157.251:38527], old=null at 0
2019-08-21 09:31:06,108 INFO  impl.FollowerState (FollowerState.java:run(106)) - afac5fb6-01fb-405e-840f-c7cc7bc9b1e3:group-ED59F7ABFE81 changes to CANDIDATE, lastRpcTime:5095, electionTimeout:5059ms
2019-08-21 09:31:06,111 INFO  impl.RoleInfo (RoleInfo.java:shutdownFollowerState(121)) - afac5fb6-01fb-405e-840f-c7cc7bc9b1e3: shutdown FollowerState
2019-08-21 09:31:06,111 INFO  impl.RaftServerImpl (RaftServerImpl.java:setRole(171)) - afac5fb6-01fb-405e-840f-c7cc7bc9b1e3:group-ED59F7ABFE81 changes role from FOLLOWER to CANDIDATE at term 0 for changeToCandidate
2019-08-21 09:31:06,111 INFO  impl.RoleInfo (RoleInfo.java:updateAndGet(143)) - afac5fb6-01fb-405e-840f-c7cc7bc9b1e3: start LeaderElection
2019-08-21 09:31:06,135 INFO  segmented.SegmentedRaftLogWorker (SegmentedRaftLogWorker.java:execute(569)) - 1c89303c-4cf4-4a41-a1ec-4ab916346441-SegmentedRaftLogWorker:Storage Directory /workdir/hadoop-ozone/integration-test/target/test-dir/MiniOzoneClusterImpl-a9f09a8a-841d-4252-92d8-3ce110573119/datanode-5/data/ratis/a372eb94-be13-4b20-87f3-6065d336b8d0: created new log segment /workdir/hadoop-ozone/integration-test/target/test-dir/MiniOzoneClusterImpl-a9f09a8a-841d-4252-92d8-3ce110573119/datanode-5/data/ratis/a372eb94-be13-4b20-87f3-6065d336b8d0/current/log_inprogress_0
2019-08-21 09:31:06,135 INFO  impl.LeaderElection (LeaderElection.java:askForVotes(181)) - afac5fb6-01fb-405e-840f-c7cc7bc9b1e3:group-ED59F7ABFE81:LeaderElection9: begin an election at term 1 for -1: [afac5fb6-01fb-405e-840f-c7cc7bc9b1e3:192.168.157.251:35951, 9fa49919-9efe-4ead-b812-fbfd8bbb612f:192.168.157.251:45775, abf91b30-021b-4d31-aafd-ed4c2a5594b1:192.168.157.251:44647], old=null
2019-08-21 09:31:06,151 INFO  impl.RaftServerImpl (ServerState.java:setLeader(263)) - e32711c2-4492-4d3d-a441-ee4ec4df5188:group-6065D336B8D0 change Leader from null to 1c89303c-4cf4-4a41-a1ec-4ab916346441 at term 1 for appendEntries, leader elected after 5295ms
2019-08-21 09:31:06,155 INFO  impl.RaftServerImpl (ServerState.java:setLeader(263)) - 8b885c43-3275-4247-ace6-35192e2b0349:group-6065D336B8D0 change Leader from null to 1c89303c-4cf4-4a41-a1ec-4ab916346441 at term 1 for appendEntries, leader elected after 5299ms
2019-08-21 09:31:06,159 INFO  impl.FollowerState (FollowerState.java:run(106)) - 9fa49919-9efe-4ead-b812-fbfd8bbb612f:group-ED59F7ABFE81 changes to CANDIDATE, lastRpcTime:5156, electionTimeout:5156ms
2019-08-21 09:31:06,159 INFO  impl.RoleInfo (RoleInfo.java:shutdownFollowerState(121)) - 9fa49919-9efe-4ead-b812-fbfd8bbb612f: shutdown FollowerState
2019-08-21 09:31:06,159 INFO  impl.RaftServerImpl (RaftServerImpl.java:setRole(171)) - 9fa49919-9efe-4ead-b812-fbfd8bbb612f:group-ED59F7ABFE81 changes role from FOLLOWER to CANDIDATE at term 0 for changeToCandidate
2019-08-21 09:31:06,161 INFO  impl.RoleInfo (RoleInfo.java:updateAndGet(143)) - 9fa49919-9efe-4ead-b812-fbfd8bbb612f: start LeaderElection
2019-08-21 09:31:06,190 INFO  impl.FollowerState (FollowerState.java:run(106)) - abf91b30-021b-4d31-aafd-ed4c2a5594b1:group-ED59F7ABFE81 changes to CANDIDATE, lastRpcTime:5178, electionTimeout:5170ms
2019-08-21 09:31:06,190 INFO  impl.LeaderElection (LeaderElection.java:askForVotes(181)) - 9fa49919-9efe-4ead-b812-fbfd8bbb612f:group-ED59F7ABFE81:LeaderElection10: begin an election at term 1 for -1: [afac5fb6-01fb-405e-840f-c7cc7bc9b1e3:192.168.157.251:35951, 9fa49919-9efe-4ead-b812-fbfd8bbb612f:192.168.157.251:45775, abf91b30-021b-4d31-aafd-ed4c2a5594b1:192.168.157.251:44647], old=null
2019-08-21 09:31:06,190 INFO  impl.RoleInfo (RoleInfo.java:shutdownFollowerState(121)) - abf91b30-021b-4d31-aafd-ed4c2a5594b1: shutdown FollowerState
2019-08-21 09:31:06,190 INFO  impl.RaftServerImpl (RaftServerImpl.java:setRole(171)) - abf91b30-021b-4d31-aafd-ed4c2a5594b1:group-ED59F7ABFE81 changes role from FOLLOWER to CANDIDATE at term 0 for changeToCandidate
2019-08-21 09:31:06,190 INFO  impl.RoleInfo (RoleInfo.java:updateAndGet(143)) - abf91b30-021b-4d31-aafd-ed4c2a5594b1: start LeaderElection
2019-08-21 09:31:06,213 INFO  impl.LeaderElection (LeaderElection.java:askForVotes(181)) - abf91b30-021b-4d31-aafd-ed4c2a5594b1:group-ED59F7ABFE81:LeaderElection11: begin an election at term 1 for -1: [afac5fb6-01fb-405e-840f-c7cc7bc9b1e3:192.168.157.251:35951, 9fa49919-9efe-4ead-b812-fbfd8bbb612f:192.168.157.251:45775, abf91b30-021b-4d31-aafd-ed4c2a5594b1:192.168.157.251:44647], old=null
2019-08-21 09:31:06,220 INFO  impl.LeaderElection (LeaderElection.java:logAndReturn(56)) - afac5fb6-01fb-405e-840f-c7cc7bc9b1e3:group-ED59F7ABFE81:LeaderElection9: Election REJECTED; received 2 response(s) [afac5fb6-01fb-405e-840f-c7cc7bc9b1e3<-9fa49919-9efe-4ead-b812-fbfd8bbb612f#0:FAIL-t1, afac5fb6-01fb-405e-840f-c7cc7bc9b1e3<-abf91b30-021b-4d31-aafd-ed4c2a5594b1#0:FAIL-t1] and 0 exception(s); afac5fb6-01fb-405e-840f-c7cc7bc9b1e3:t1, leader=null, voted=afac5fb6-01fb-405e-840f-c7cc7bc9b1e3, raftlog=afac5fb6-01fb-405e-840f-c7cc7bc9b1e3-SegmentedRaftLog:OPENED:c-1,f-1,i0, conf=-1: [afac5fb6-01fb-405e-840f-c7cc7bc9b1e3:192.168.157.251:35951, 9fa49919-9efe-4ead-b812-fbfd8bbb612f:192.168.157.251:45775, abf91b30-021b-4d31-aafd-ed4c2a5594b1:192.168.157.251:44647], old=null
2019-08-21 09:31:06,221 INFO  impl.RaftServerImpl (RaftServerImpl.java:setRole(171)) - afac5fb6-01fb-405e-840f-c7cc7bc9b1e3:group-ED59F7ABFE81 changes role from CANDIDATE to FOLLOWER at term 1 for DISCOVERED_A_NEW_TERM
2019-08-21 09:31:06,225 INFO  impl.RoleInfo (RoleInfo.java:shutdownLeaderElection(134)) - afac5fb6-01fb-405e-840f-c7cc7bc9b1e3: shutdown LeaderElection
2019-08-21 09:31:06,225 INFO  impl.RoleInfo (RoleInfo.java:updateAndGet(143)) - afac5fb6-01fb-405e-840f-c7cc7bc9b1e3: start FollowerState
2019-08-21 09:31:06,256 INFO  impl.LeaderElection (LeaderElection.java:logAndReturn(56)) - abf91b30-021b-4d31-aafd-ed4c2a5594b1:group-ED59F7ABFE81:LeaderElection11: Election REJECTED; received 2 response(s) [abf91b30-021b-4d31-aafd-ed4c2a5594b1<-afac5fb6-01fb-405e-840f-c7cc7bc9b1e3#0:FAIL-t1, abf91b30-021b-4d31-aafd-ed4c2a5594b1<-9fa49919-9efe-4ead-b812-fbfd8bbb612f#0:FAIL-t1] and 0 exception(s); abf91b30-021b-4d31-aafd-ed4c2a5594b1:t1, leader=null, voted=abf91b30-021b-4d31-aafd-ed4c2a5594b1, raftlog=abf91b30-021b-4d31-aafd-ed4c2a5594b1-SegmentedRaftLog:OPENED:c-1,f-1,i0, conf=-1: [afac5fb6-01fb-405e-840f-c7cc7bc9b1e3:192.168.157.251:35951, 9fa49919-9efe-4ead-b812-fbfd8bbb612f:192.168.157.251:45775, abf91b30-021b-4d31-aafd-ed4c2a5594b1:192.168.157.251:44647], old=null
2019-08-21 09:31:06,258 INFO  impl.RaftServerImpl (RaftServerImpl.java:setRole(171)) - abf91b30-021b-4d31-aafd-ed4c2a5594b1:group-ED59F7ABFE81 changes role from CANDIDATE to FOLLOWER at term 1 for DISCOVERED_A_NEW_TERM
2019-08-21 09:31:06,261 INFO  impl.RoleInfo (RoleInfo.java:shutdownLeaderElection(134)) - abf91b30-021b-4d31-aafd-ed4c2a5594b1: shutdown LeaderElection
2019-08-21 09:31:06,261 INFO  impl.LeaderElection (LeaderElection.java:logAndReturn(56)) - 9fa49919-9efe-4ead-b812-fbfd8bbb612f:group-ED59F7ABFE81:LeaderElection10: Election REJECTED; received 2 response(s) [9fa49919-9efe-4ead-b812-fbfd8bbb612f<-afac5fb6-01fb-405e-840f-c7cc7bc9b1e3#0:FAIL-t1, 9fa49919-9efe-4ead-b812-fbfd8bbb612f<-abf91b30-021b-4d31-aafd-ed4c2a5594b1#0:FAIL-t1] and 0 exception(s); 9fa49919-9efe-4ead-b812-fbfd8bbb612f:t1, leader=null, voted=9fa49919-9efe-4ead-b812-fbfd8bbb612f, raftlog=9fa49919-9efe-4ead-b812-fbfd8bbb612f-SegmentedRaftLog:OPENED:c-1,f-1,i0, conf=-1: [afac5fb6-01fb-405e-840f-c7cc7bc9b1e3:192.168.157.251:35951, 9fa49919-9efe-4ead-b812-fbfd8bbb612f:192.168.157.251:45775, abf91b30-021b-4d31-aafd-ed4c2a5594b1:192.168.157.251:44647], old=null
2019-08-21 09:31:06,263 INFO  impl.RaftServerImpl (RaftServerImpl.java:setRole(171)) - 9fa49919-9efe-4ead-b812-fbfd8bbb612f:group-ED59F7ABFE81 changes role from CANDIDATE to FOLLOWER at term 1 for DISCOVERED_A_NEW_TERM
2019-08-21 09:31:06,266 INFO  impl.RoleInfo (RoleInfo.java:shutdownLeaderElection(134)) - 9fa49919-9efe-4ead-b812-fbfd8bbb612f: shutdown LeaderElection
2019-08-21 09:31:06,266 INFO  impl.RoleInfo (RoleInfo.java:updateAndGet(143)) - abf91b30-021b-4d31-aafd-ed4c2a5594b1: start FollowerState
2019-08-21 09:31:06,268 INFO  impl.RoleInfo (RoleInfo.java:updateAndGet(143)) - 9fa49919-9efe-4ead-b812-fbfd8bbb612f: start FollowerState
2019-08-21 09:31:06,275 INFO  impl.RaftServerImpl (ServerState.java:setRaftConf(361)) - 8b885c43-3275-4247-ace6-35192e2b0349:group-6065D336B8D0 set configuration 0: [e32711c2-4492-4d3d-a441-ee4ec4df5188:192.168.157.251:44243, 1c89303c-4cf4-4a41-a1ec-4ab916346441:192.168.157.251:36995, 8b885c43-3275-4247-ace6-35192e2b0349:192.168.157.251:38527], old=null at 0
2019-08-21 09:31:06,275 INFO  impl.RaftServerImpl (ServerState.java:setRaftConf(361)) - e32711c2-4492-4d3d-a441-ee4ec4df5188:group-6065D336B8D0 set configuration 0: [e32711c2-4492-4d3d-a441-ee4ec4df5188:192.168.157.251:44243, 1c89303c-4cf4-4a41-a1ec-4ab916346441:192.168.157.251:36995, 8b885c43-3275-4247-ace6-35192e2b0349:192.168.157.251:38527], old=null at 0
2019-08-21 09:31:06,275 INFO  segmented.SegmentedRaftLogWorker (SegmentedRaftLogWorker.java:startLogSegment(380)) - 8b885c43-3275-4247-ace6-35192e2b0349-SegmentedRaftLogWorker:Storage Directory /workdir/hadoop-ozone/integration-test/target/test-dir/MiniOzoneClusterImpl-a9f09a8a-841d-4252-92d8-3ce110573119/datanode-1/data/ratis/a372eb94-be13-4b20-87f3-6065d336b8d0: Starting segment from index:0
2019-08-21 09:31:06,276 INFO  segmented.SegmentedRaftLogWorker (SegmentedRaftLogWorker.java:startLogSegment(380)) - e32711c2-4492-4d3d-a441-ee4ec4df5188-SegmentedRaftLogWorker:Storage Directory /workdir/hadoop-ozone/integration-test/target/test-dir/MiniOzoneClusterImpl-a9f09a8a-841d-4252-92d8-3ce110573119/datanode-4/data/ratis/a372eb94-be13-4b20-87f3-6065d336b8d0: Starting segment from index:0
2019-08-21 09:31:06,329 INFO  segmented.SegmentedRaftLogWorker (SegmentedRaftLogWorker.java:execute(569)) - e32711c2-4492-4d3d-a441-ee4ec4df5188-SegmentedRaftLogWorker:Storage Directory /workdir/hadoop-ozone/integration-test/target/test-dir/MiniOzoneClusterImpl-a9f09a8a-841d-4252-92d8-3ce110573119/datanode-4/data/ratis/a372eb94-be13-4b20-87f3-6065d336b8d0: created new log segment /workdir/hadoop-ozone/integration-test/target/test-dir/MiniOzoneClusterImpl-a9f09a8a-841d-4252-92d8-3ce110573119/datanode-4/data/ratis/a372eb94-be13-4b20-87f3-6065d336b8d0/current/log_inprogress_0
2019-08-21 09:31:06,329 INFO  segmented.SegmentedRaftLogWorker (SegmentedRaftLogWorker.java:execute(569)) - 8b885c43-3275-4247-ace6-35192e2b0349-SegmentedRaftLogWorker:Storage Directory /workdir/hadoop-ozone/integration-test/target/test-dir/MiniOzoneClusterImpl-a9f09a8a-841d-4252-92d8-3ce110573119/datanode-1/data/ratis/a372eb94-be13-4b20-87f3-6065d336b8d0: created new log segment /workdir/hadoop-ozone/integration-test/target/test-dir/MiniOzoneClusterImpl-a9f09a8a-841d-4252-92d8-3ce110573119/datanode-1/data/ratis/a372eb94-be13-4b20-87f3-6065d336b8d0/current/log_inprogress_0
2019-08-21 09:31:06,585 INFO  client.GrpcClientProtocolClient (GrpcClientProtocolClient.java:onNext(255)) - client-77AF89B2F952->1c89303c-4cf4-4a41-a1ec-4ab916346441: receive RaftClientReply:client-77AF89B2F952->1c89303c-4cf4-4a41-a1ec-4ab916346441@group-6065D336B8D0, cid=13, SUCCESS, logIndex=1, commits[1c89303c-4cf4-4a41-a1ec-4ab916346441:c2, e32711c2-4492-4d3d-a441-ee4ec4df5188:c1, 8b885c43-3275-4247-ace6-35192e2b0349:c1]
2019-08-21 09:31:06,592 INFO  datanode.ObjectStoreHandler (ObjectStoreHandler.java:close(155)) - Closing ObjectStoreHandler.
2019-08-21 09:31:06,595 INFO  ozone.HddsDatanodeService (HddsDatanodeService.java:stop(451)) - Stopped plug-in org.apache.hadoop.ozone.web.OzoneHddsDatanodeService@10618775
2019-08-21 09:31:07,535 INFO  statemachine.DatanodeStateMachine (DatanodeStateMachine.java:lambda$startDaemon$0(350)) - Ozone container server started.
2019-08-21 09:31:11,305 INFO  impl.FollowerState (FollowerState.java:run(106)) - 9fa49919-9efe-4ead-b812-fbfd8bbb612f:group-ED59F7ABFE81 changes to CANDIDATE, lastRpcTime:5036, electionTimeout:5033ms
2019-08-21 09:31:11,305 INFO  impl.RoleInfo (RoleInfo.java:shutdownFollowerState(121)) - 9fa49919-9efe-4ead-b812-fbfd8bbb612f: shutdown FollowerState
2019-08-21 09:31:11,305 INFO  impl.RaftServerImpl (RaftServerImpl.java:setRole(171)) - 9fa49919-9efe-4ead-b812-fbfd8bbb612f:group-ED59F7ABFE81 changes role from FOLLOWER to CANDIDATE at term 1 for changeToCandidate
2019-08-21 09:31:11,305 INFO  impl.RoleInfo (RoleInfo.java:updateAndGet(143)) - 9fa49919-9efe-4ead-b812-fbfd8bbb612f: start LeaderElection
2019-08-21 09:31:11,334 INFO  impl.LeaderElection (LeaderElection.java:askForVotes(181)) - 9fa49919-9efe-4ead-b812-fbfd8bbb612f:group-ED59F7ABFE81:LeaderElection12: begin an election at term 2 for -1: [afac5fb6-01fb-405e-840f-c7cc7bc9b1e3:192.168.157.251:35951, 9fa49919-9efe-4ead-b812-fbfd8bbb612f:192.168.157.251:45775, abf91b30-021b-4d31-aafd-ed4c2a5594b1:192.168.157.251:44647], old=null
2019-08-21 09:31:11,345 INFO  impl.RaftServerImpl (RaftServerImpl.java:setRole(171)) - abf91b30-021b-4d31-aafd-ed4c2a5594b1:group-ED59F7ABFE81 changes role from FOLLOWER to FOLLOWER at term 2 for recognizeCandidate:9fa49919-9efe-4ead-b812-fbfd8bbb612f
2019-08-21 09:31:11,345 INFO  impl.RaftServerImpl (RaftServerImpl.java:setRole(171)) - afac5fb6-01fb-405e-840f-c7cc7bc9b1e3:group-ED59F7ABFE81 changes role from FOLLOWER to FOLLOWER at term 2 for recognizeCandidate:9fa49919-9efe-4ead-b812-fbfd8bbb612f
2019-08-21 09:31:11,345 INFO  impl.RoleInfo (RoleInfo.java:shutdownFollowerState(121)) - abf91b30-021b-4d31-aafd-ed4c2a5594b1: shutdown FollowerState
2019-08-21 09:31:11,345 INFO  impl.RoleInfo (RoleInfo.java:shutdownFollowerState(121)) - afac5fb6-01fb-405e-840f-c7cc7bc9b1e3: shutdown FollowerState
2019-08-21 09:31:11,346 INFO  impl.FollowerState (FollowerState.java:run(114)) - abf91b30-021b-4d31-aafd-ed4c2a5594b1: FollowerState was interrupted: java.lang.InterruptedException: sleep interrupted
2019-08-21 09:31:11,346 INFO  impl.RoleInfo (RoleInfo.java:updateAndGet(143)) - abf91b30-021b-4d31-aafd-ed4c2a5594b1: start FollowerState
2019-08-21 09:31:11,348 INFO  impl.FollowerState (FollowerState.java:run(114)) - afac5fb6-01fb-405e-840f-c7cc7bc9b1e3: FollowerState was interrupted: java.lang.InterruptedException: sleep interrupted
2019-08-21 09:31:11,348 INFO  impl.RoleInfo (RoleInfo.java:updateAndGet(143)) - afac5fb6-01fb-405e-840f-c7cc7bc9b1e3: start FollowerState
2019-08-21 09:31:11,379 INFO  impl.LeaderElection (LeaderElection.java:logAndReturn(56)) - 9fa49919-9efe-4ead-b812-fbfd8bbb612f:group-ED59F7ABFE81:LeaderElection12: Election PASSED; received 1 response(s) [9fa49919-9efe-4ead-b812-fbfd8bbb612f<-abf91b30-021b-4d31-aafd-ed4c2a5594b1#0:OK-t2] and 0 exception(s); 9fa49919-9efe-4ead-b812-fbfd8bbb612f:t2, leader=null, voted=9fa49919-9efe-4ead-b812-fbfd8bbb612f, raftlog=9fa49919-9efe-4ead-b812-fbfd8bbb612f-SegmentedRaftLog:OPENED:c-1,f-1,i0, conf=-1: [afac5fb6-01fb-405e-840f-c7cc7bc9b1e3:192.168.157.251:35951, 9fa49919-9efe-4ead-b812-fbfd8bbb612f:192.168.157.251:45775, abf91b30-021b-4d31-aafd-ed4c2a5594b1:192.168.157.251:44647], old=null
2019-08-21 09:31:11,379 INFO  impl.RoleInfo (RoleInfo.java:shutdownLeaderElection(134)) - 9fa49919-9efe-4ead-b812-fbfd8bbb612f: shutdown LeaderElection
2019-08-21 09:31:11,396 INFO  impl.RaftServerImpl (RaftServerImpl.java:setRole(171)) - 9fa49919-9efe-4ead-b812-fbfd8bbb612f:group-ED59F7ABFE81 changes role from CANDIDATE to LEADER at term 2 for changeToLeader
2019-08-21 09:31:11,396 INFO  impl.RaftServerImpl (ServerState.java:setLeader(263)) - 9fa49919-9efe-4ead-b812-fbfd8bbb612f:group-ED59F7ABFE81 change Leader from null to 9fa49919-9efe-4ead-b812-fbfd8bbb612f at term 2 for becomeLeader, leader elected after 10408ms
2019-08-21 09:31:11,397 INFO  server.RaftServerConfigKeys (ConfUtils.java:logGet(43)) - raft.server.staging.catchup.gap = 1000 (default)
2019-08-21 09:31:11,397 INFO  server.RaftServerConfigKeys (ConfUtils.java:logGet(43)) - raft.server.rpc.sleep.time = 25ms (default)
2019-08-21 09:31:11,397 INFO  server.RaftServerConfigKeys (ConfUtils.java:logGet(43)) - raft.server.write.element-limit = 4096 (default)
2019-08-21 09:31:11,398 INFO  server.RaftServerConfigKeys (ConfUtils.java:logGet(43)) - raft.server.watch.timeout = 10s (default)
2019-08-21 09:31:11,398 INFO  server.RaftServerConfigKeys (ConfUtils.java:logGet(43)) - raft.server.watch.timeout.denomination = 1s (default)
2019-08-21 09:31:11,398 INFO  server.RaftServerConfigKeys (ConfUtils.java:logGet(43)) - raft.server.watch.element-limit = 65536 (default)
2019-08-21 09:31:11,399 INFO  server.RaftServerConfigKeys (ConfUtils.java:logGet(43)) - raft.server.log.appender.snapshot.chunk.size.max = 16MB (=16777216) (default)
2019-08-21 09:31:11,399 INFO  server.RaftServerConfigKeys (ConfUtils.java:logGet(43)) - raft.server.log.appender.buffer.byte-limit = 33554432 (custom)
2019-08-21 09:31:11,400 INFO  server.RaftServerConfigKeys (ConfUtils.java:logGet(43)) - raft.server.log.appender.buffer.element-limit = 1 (custom)
2019-08-21 09:31:11,400 INFO  grpc.GrpcConfigKeys$Server (ConfUtils.java:logGet(43)) - raft.grpc.server.leader.outstanding.appends.max = 128 (default)
2019-08-21 09:31:11,400 INFO  server.RaftServerConfigKeys (ConfUtils.java:logGet(43)) - raft.server.rpc.request.timeout = 3000ms (default)
2019-08-21 09:31:11,401 INFO  server.RaftServerConfigKeys (ConfUtils.java:logGet(43)) - raft.server.log.appender.install.snapshot.enabled = false (custom)
2019-08-21 09:31:11,401 INFO  server.RaftServerConfigKeys (ConfUtils.java:logGet(43)) - raft.server.log.appender.snapshot.chunk.size.max = 16MB (=16777216) (default)
2019-08-21 09:31:11,401 INFO  server.RaftServerConfigKeys (ConfUtils.java:logGet(43)) - raft.server.log.appender.buffer.byte-limit = 33554432 (custom)
2019-08-21 09:31:11,401 INFO  server.RaftServerConfigKeys (ConfUtils.java:logGet(43)) - raft.server.log.appender.buffer.element-limit = 1 (custom)
2019-08-21 09:31:11,402 INFO  grpc.GrpcConfigKeys$Server (ConfUtils.java:logGet(43)) - raft.grpc.server.leader.outstanding.appends.max = 128 (default)
2019-08-21 09:31:11,402 INFO  server.RaftServerConfigKeys (ConfUtils.java:logGet(43)) - raft.server.rpc.request.timeout = 3000ms (default)
2019-08-21 09:31:11,402 INFO  server.RaftServerConfigKeys (ConfUtils.java:logGet(43)) - raft.server.log.appender.install.snapshot.enabled = false (custom)
2019-08-21 09:31:11,402 INFO  impl.RoleInfo (RoleInfo.java:updateAndGet(143)) - 9fa49919-9efe-4ead-b812-fbfd8bbb612f: start LeaderState
2019-08-21 09:31:11,403 INFO  segmented.SegmentedRaftLogWorker (SegmentedRaftLogWorker.java:startLogSegment(380)) - 9fa49919-9efe-4ead-b812-fbfd8bbb612f-SegmentedRaftLogWorker:Storage Directory /workdir/hadoop-ozone/integration-test/target/test-dir/MiniOzoneClusterImpl-a9f09a8a-841d-4252-92d8-3ce110573119/datanode-6/data/ratis/a2018dee-7298-45be-aaea-ed59f7abfe81: Starting segment from index:0
2019-08-21 09:31:11,404 INFO  impl.RaftServerImpl (ServerState.java:setRaftConf(361)) - 9fa49919-9efe-4ead-b812-fbfd8bbb612f:group-ED59F7ABFE81 set configuration 0: [afac5fb6-01fb-405e-840f-c7cc7bc9b1e3:192.168.157.251:35951, 9fa49919-9efe-4ead-b812-fbfd8bbb612f:192.168.157.251:45775, abf91b30-021b-4d31-aafd-ed4c2a5594b1:192.168.157.251:44647], old=null at 0
2019-08-21 09:31:11,407 INFO  impl.RaftServerImpl (ServerState.java:setLeader(263)) - afac5fb6-01fb-405e-840f-c7cc7bc9b1e3:group-ED59F7ABFE81 change Leader from null to 9fa49919-9efe-4ead-b812-fbfd8bbb612f at term 2 for appendEntries, leader elected after 10419ms
2019-08-21 09:31:11,450 INFO  impl.RaftServerImpl (ServerState.java:setLeader(263)) - abf91b30-021b-4d31-aafd-ed4c2a5594b1:group-ED59F7ABFE81 change Leader from null to 9fa49919-9efe-4ead-b812-fbfd8bbb612f at term 2 for appendEntries, leader elected after 10462ms
2019-08-21 09:31:11,456 INFO  impl.RaftServerImpl (ServerState.java:setRaftConf(361)) - abf91b30-021b-4d31-aafd-ed4c2a5594b1:group-ED59F7ABFE81 set configuration 0: [afac5fb6-01fb-405e-840f-c7cc7bc9b1e3:192.168.157.251:35951, 9fa49919-9efe-4ead-b812-fbfd8bbb612f:192.168.157.251:45775, abf91b30-021b-4d31-aafd-ed4c2a5594b1:192.168.157.251:44647], old=null at 0
2019-08-21 09:31:11,456 INFO  segmented.SegmentedRaftLogWorker (SegmentedRaftLogWorker.java:startLogSegment(380)) - abf91b30-021b-4d31-aafd-ed4c2a5594b1-SegmentedRaftLogWorker:Storage Directory /workdir/hadoop-ozone/integration-test/target/test-dir/MiniOzoneClusterImpl-a9f09a8a-841d-4252-92d8-3ce110573119/datanode-3/data/ratis/a2018dee-7298-45be-aaea-ed59f7abfe81: Starting segment from index:0
2019-08-21 09:31:11,457 INFO  impl.RaftServerImpl (ServerState.java:setRaftConf(361)) - afac5fb6-01fb-405e-840f-c7cc7bc9b1e3:group-ED59F7ABFE81 set configuration 0: [afac5fb6-01fb-405e-840f-c7cc7bc9b1e3:192.168.157.251:35951, 9fa49919-9efe-4ead-b812-fbfd8bbb612f:192.168.157.251:45775, abf91b30-021b-4d31-aafd-ed4c2a5594b1:192.168.157.251:44647], old=null at 0
2019-08-21 09:31:11,457 INFO  segmented.SegmentedRaftLogWorker (SegmentedRaftLogWorker.java:startLogSegment(380)) - afac5fb6-01fb-405e-840f-c7cc7bc9b1e3-SegmentedRaftLogWorker:Storage Directory /workdir/hadoop-ozone/integration-test/target/test-dir/MiniOzoneClusterImpl-a9f09a8a-841d-4252-92d8-3ce110573119/datanode-0/data/ratis/a2018dee-7298-45be-aaea-ed59f7abfe81: Starting segment from index:0
2019-08-21 09:31:11,475 INFO  segmented.SegmentedRaftLogWorker (SegmentedRaftLogWorker.java:execute(569)) - 9fa49919-9efe-4ead-b812-fbfd8bbb612f-SegmentedRaftLogWorker:Storage Directory /workdir/hadoop-ozone/integration-test/target/test-dir/MiniOzoneClusterImpl-a9f09a8a-841d-4252-92d8-3ce110573119/datanode-6/data/ratis/a2018dee-7298-45be-aaea-ed59f7abfe81: created new log segment /workdir/hadoop-ozone/integration-test/target/test-dir/MiniOzoneClusterImpl-a9f09a8a-841d-4252-92d8-3ce110573119/datanode-6/data/ratis/a2018dee-7298-45be-aaea-ed59f7abfe81/current/log_inprogress_0
2019-08-21 09:31:11,507 INFO  segmented.SegmentedRaftLogWorker (SegmentedRaftLogWorker.java:execute(569)) - afac5fb6-01fb-405e-840f-c7cc7bc9b1e3-SegmentedRaftLogWorker:Storage Directory /workdir/hadoop-ozone/integration-test/target/test-dir/MiniOzoneClusterImpl-a9f09a8a-841d-4252-92d8-3ce110573119/datanode-0/data/ratis/a2018dee-7298-45be-aaea-ed59f7abfe81: created new log segment /workdir/hadoop-ozone/integration-test/target/test-dir/MiniOzoneClusterImpl-a9f09a8a-841d-4252-92d8-3ce110573119/datanode-0/data/ratis/a2018dee-7298-45be-aaea-ed59f7abfe81/current/log_inprogress_0
2019-08-21 09:31:11,507 INFO  segmented.SegmentedRaftLogWorker (SegmentedRaftLogWorker.java:execute(569)) - abf91b30-021b-4d31-aafd-ed4c2a5594b1-SegmentedRaftLogWorker:Storage Directory /workdir/hadoop-ozone/integration-test/target/test-dir/MiniOzoneClusterImpl-a9f09a8a-841d-4252-92d8-3ce110573119/datanode-3/data/ratis/a2018dee-7298-45be-aaea-ed59f7abfe81: created new log segment /workdir/hadoop-ozone/integration-test/target/test-dir/MiniOzoneClusterImpl-a9f09a8a-841d-4252-92d8-3ce110573119/datanode-3/data/ratis/a2018dee-7298-45be-aaea-ed59f7abfe81/current/log_inprogress_0
2019-08-21 09:31:11,598 INFO  ozoneimpl.OzoneContainer (OzoneContainer.java:stop(199)) - Attempting to stop container services.
2019-08-21 09:31:11,602 INFO  impl.RaftServerProxy (RaftServerProxy.java:lambda$close$4(314)) - 1c89303c-4cf4-4a41-a1ec-4ab916346441: close
2019-08-21 09:31:11,605 INFO  impl.RaftServerImpl (RaftServerImpl.java:lambda$shutdown$3(245)) - 1c89303c-4cf4-4a41-a1ec-4ab916346441: shutdown group-6065D336B8D0
2019-08-21 09:31:11,605 INFO  impl.RaftServerImpl (RaftServerImpl.java:lambda$shutdown$3(245)) - 1c89303c-4cf4-4a41-a1ec-4ab916346441: shutdown group-F45D93F98A33
2019-08-21 09:31:11,607 INFO  util.JmxRegister (JmxRegister.java:unregister(73)) - Successfully un-registered JMX Bean with object name Ratis:service=RaftServer,group=group-6065D336B8D0,id=1c89303c-4cf4-4a41-a1ec-4ab916346441
2019-08-21 09:31:11,608 INFO  util.JmxRegister (JmxRegister.java:unregister(73)) - Successfully un-registered JMX Bean with object name Ratis:service=RaftServer,group=group-F45D93F98A33,id=1c89303c-4cf4-4a41-a1ec-4ab916346441
2019-08-21 09:31:11,608 INFO  impl.RoleInfo (RoleInfo.java:shutdownLeaderState(104)) - 1c89303c-4cf4-4a41-a1ec-4ab916346441: shutdown LeaderState
2019-08-21 09:31:11,608 INFO  impl.RoleInfo (RoleInfo.java:shutdownLeaderState(104)) - 1c89303c-4cf4-4a41-a1ec-4ab916346441: shutdown LeaderState
2019-08-21 09:31:11,610 INFO  impl.PendingRequests (PendingRequests.java:sendNotLeaderResponses(202)) - 1c89303c-4cf4-4a41-a1ec-4ab916346441-PendingRequests: sendNotLeaderResponses
2019-08-21 09:31:11,612 WARN  server.GrpcLogAppender (GrpcLogAppender.java:mayWait(143)) - GrpcLogAppender(1c89303c-4cf4-4a41-a1ec-4ab916346441->8b885c43-3275-4247-ace6-35192e2b0349): Wait interrupted by java.lang.InterruptedException
2019-08-21 09:31:11,612 INFO  impl.PendingRequests (PendingRequests.java:sendNotLeaderResponses(202)) - 1c89303c-4cf4-4a41-a1ec-4ab916346441-PendingRequests: sendNotLeaderResponses
2019-08-21 09:31:11,612 WARN  server.GrpcLogAppender (GrpcLogAppender.java:mayWait(143)) - GrpcLogAppender(1c89303c-4cf4-4a41-a1ec-4ab916346441->e32711c2-4492-4d3d-a441-ee4ec4df5188): Wait interrupted by java.lang.InterruptedException
2019-08-21 09:31:11,623 INFO  server.GrpcServerProtocolService (GrpcServerProtocolService.java:onCompleted(104)) - 8b885c43-3275-4247-ace6-35192e2b0349: appendEntries completed
2019-08-21 09:31:11,623 INFO  server.GrpcServerProtocolService (GrpcServerProtocolService.java:onCompleted(104)) - e32711c2-4492-4d3d-a441-ee4ec4df5188: appendEntries completed
2019-08-21 09:31:11,628 INFO  impl.StateMachineUpdater (StateMachineUpdater.java:stopAndJoin(115)) - StateMachineUpdater:1c89303c-4cf4-4a41-a1ec-4ab916346441:group-F45D93F98A33: set stopIndex = 0
2019-08-21 09:31:11,628 INFO  impl.StateMachineUpdater (StateMachineUpdater.java:stopAndJoin(115)) - StateMachineUpdater:1c89303c-4cf4-4a41-a1ec-4ab916346441:group-6065D336B8D0: set stopIndex = 2
2019-08-21 09:31:11,634 INFO  ratis.ContainerStateMachine (ContainerStateMachine.java:takeSnapshot(271)) - group-6065D336B8D0: Taking a snapshot at:(t:1, i:2) file /workdir/hadoop-ozone/integration-test/target/test-dir/MiniOzoneClusterImpl-a9f09a8a-841d-4252-92d8-3ce110573119/datanode-5/data/ratis/a372eb94-be13-4b20-87f3-6065d336b8d0/sm/snapshot.1_2
2019-08-21 09:31:11,634 INFO  impl.RaftServerImpl (ServerState.java:close(394)) - 1c89303c-4cf4-4a41-a1ec-4ab916346441:group-F45D93F98A33 closes. The last applied log index is 0
2019-08-21 09:31:11,635 INFO  server.GrpcLogAppender (GrpcLogAppender.java:onCompleted(292)) - 1c89303c-4cf4-4a41-a1ec-4ab916346441->8b885c43-3275-4247-ace6-35192e2b0349: follower responses appendEntries COMPLETED
2019-08-21 09:31:11,635 INFO  server.GrpcLogAppender (GrpcLogAppender.java:onCompleted(292)) - 1c89303c-4cf4-4a41-a1ec-4ab916346441->e32711c2-4492-4d3d-a441-ee4ec4df5188: follower responses appendEntries COMPLETED
2019-08-21 09:31:11,642 INFO  impl.FollowerInfo (FollowerInfo.java:lambda$new$0(50)) - 1c89303c-4cf4-4a41-a1ec-4ab916346441->8b885c43-3275-4247-ace6-35192e2b0349: nextIndex: updateUnconditionally 3 -> 2
2019-08-21 09:31:11,642 INFO  impl.FollowerInfo (FollowerInfo.java:lambda$new$0(50)) - 1c89303c-4cf4-4a41-a1ec-4ab916346441->e32711c2-4492-4d3d-a441-ee4ec4df5188: nextIndex: updateUnconditionally 3 -> 2
2019-08-21 09:31:11,645 INFO  segmented.SegmentedRaftLogWorker (SegmentedRaftLogWorker.java:run(313)) - 1c89303c-4cf4-4a41-a1ec-4ab916346441-SegmentedRaftLogWorker:Storage Directory /workdir/hadoop-ozone/integration-test/target/test-dir/MiniOzoneClusterImpl-a9f09a8a-841d-4252-92d8-3ce110573119/datanode-5/data/ratis/84858c32-0320-42a8-9c00-f45d93f98a33 was interrupted, exiting. There are 0 tasks remaining in the queue.
2019-08-21 09:31:11,648 INFO  segmented.SegmentedRaftLogWorker (SegmentedRaftLogWorker.java:close(228)) - 1c89303c-4cf4-4a41-a1ec-4ab916346441-SegmentedRaftLogWorker:Storage Directory /workdir/hadoop-ozone/integration-test/target/test-dir/MiniOzoneClusterImpl-a9f09a8a-841d-4252-92d8-3ce110573119/datanode-5/data/ratis/84858c32-0320-42a8-9c00-f45d93f98a33 close()
2019-08-21 09:31:11,670 INFO  ratis.ContainerStateMachine (ContainerStateMachine.java:takeSnapshot(282)) - group-6065D336B8D0: Finished taking a snapshot at:(t:1, i:2) file:/workdir/hadoop-ozone/integration-test/target/test-dir/MiniOzoneClusterImpl-a9f09a8a-841d-4252-92d8-3ce110573119/datanode-5/data/ratis/a372eb94-be13-4b20-87f3-6065d336b8d0/sm/snapshot.1_2 time:35
2019-08-21 09:31:11,670 INFO  impl.StateMachineUpdater (StateMachineUpdater.java:takeSnapshot(242)) - StateMachineUpdater:1c89303c-4cf4-4a41-a1ec-4ab916346441:group-6065D336B8D0: Took a snapshot at index 2
2019-08-21 09:31:11,670 INFO  impl.StateMachineUpdater (StateMachineUpdater.java:lambda$new$0(80)) - StateMachineUpdater:1c89303c-4cf4-4a41-a1ec-4ab916346441:group-6065D336B8D0: snapshotIndex: updateIncreasingly -1 -> 2
2019-08-21 09:31:11,677 INFO  impl.RaftServerImpl (ServerState.java:close(394)) - 1c89303c-4cf4-4a41-a1ec-4ab916346441:group-6065D336B8D0 closes. The last applied log index is 2
2019-08-21 09:31:11,678 INFO  segmented.SegmentedRaftLogWorker (SegmentedRaftLogWorker.java:run(313)) - 1c89303c-4cf4-4a41-a1ec-4ab916346441-SegmentedRaftLogWorker:Storage Directory /workdir/hadoop-ozone/integration-test/target/test-dir/MiniOzoneClusterImpl-a9f09a8a-841d-4252-92d8-3ce110573119/datanode-5/data/ratis/a372eb94-be13-4b20-87f3-6065d336b8d0 was interrupted, exiting. There are 0 tasks remaining in the queue.
2019-08-21 09:31:11,680 INFO  segmented.SegmentedRaftLogWorker (SegmentedRaftLogWorker.java:close(228)) - 1c89303c-4cf4-4a41-a1ec-4ab916346441-SegmentedRaftLogWorker:Storage Directory /workdir/hadoop-ozone/integration-test/target/test-dir/MiniOzoneClusterImpl-a9f09a8a-841d-4252-92d8-3ce110573119/datanode-5/data/ratis/a372eb94-be13-4b20-87f3-6065d336b8d0 close()
2019-08-21 09:31:11,685 INFO  server.GrpcService (GrpcService.java:closeImpl(155)) - 1c89303c-4cf4-4a41-a1ec-4ab916346441: shutdown server with port 36995 now
2019-08-21 09:31:11,688 INFO  server.GrpcService (GrpcService.java:closeImpl(163)) - 1c89303c-4cf4-4a41-a1ec-4ab916346441: shutdown server with port 36995 successfully
2019-08-21 09:31:11,697 INFO  utils.BackgroundService (BackgroundService.java:shutdown(148)) - Shutting down service BlockDeletingService
2019-08-21 09:31:11,698 WARN  fs.CachingGetSpaceUsed (CachingGetSpaceUsed.java:run(183)) - Thread Interrupted waiting to refresh disk information: sleep interrupted
2019-08-21 09:31:11,721 INFO  statemachine.DatanodeStateMachine (DatanodeStateMachine.java:stopDaemon(395)) - Ozone container server stopped.
2019-08-21 09:31:11,726 INFO  handler.ContextHandler (ContextHandler.java:doStop(910)) - Stopped o.e.j.w.WebAppContext@403364e9{/,null,UNAVAILABLE}{/hddsDatanode}
2019-08-21 09:31:11,733 INFO  server.AbstractConnector (AbstractConnector.java:doStop(318)) - Stopped ServerConnector@447521e{HTTP/1.1,[http/1.1]}{0.0.0.0:0}
2019-08-21 09:31:11,733 INFO  handler.ContextHandler (ContextHandler.java:doStop(910)) - Stopped o.e.j.s.ServletContextHandler@c9b5a99{/static,jar:file:/home/user/.m2/repository/org/apache/hadoop/hadoop-hdds-container-service/0.5.0-SNAPSHOT/hadoop-hdds-container-service-0.5.0-SNAPSHOT.jar!/webapps/static,UNAVAILABLE}
2019-08-21 09:31:11,734 INFO  handler.ContextHandler (ContextHandler.java:doStop(910)) - Stopped o.e.j.s.ServletContextHandler@13192275{/logs,file:///workdir/hadoop-ozone/integration-test/target/log,UNAVAILABLE}
2019-08-21 09:31:13,786 INFO  client.GrpcClientProtocolClient (GrpcClientProtocolClient.java:onNext(255)) - client-77AF89B2F952->e32711c2-4492-4d3d-a441-ee4ec4df5188: receive RaftClientReply:client-77AF89B2F952->e32711c2-4492-4d3d-a441-ee4ec4df5188@group-6065D336B8D0, cid=14, FAILED org.apache.ratis.protocol.NotLeaderException: Server e32711c2-4492-4d3d-a441-ee4ec4df5188 is not the leader (1c89303c-4cf4-4a41-a1ec-4ab916346441:192.168.157.251:36995). Request must be sent to leader., logIndex=0, commits[e32711c2-4492-4d3d-a441-ee4ec4df5188:c2, 1c89303c-4cf4-4a41-a1ec-4ab916346441:c2, 8b885c43-3275-4247-ace6-35192e2b0349:c2]
2019-08-21 09:31:14,821 INFO  client.GrpcClientProtocolClient (GrpcClientProtocolClient.java:onNext(255)) - client-77AF89B2F952->8b885c43-3275-4247-ace6-35192e2b0349: receive RaftClientReply:client-77AF89B2F952->8b885c43-3275-4247-ace6-35192e2b0349@group-6065D336B8D0, cid=14, FAILED org.apache.ratis.protocol.NotLeaderException: Server 8b885c43-3275-4247-ace6-35192e2b0349 is not the leader (1c89303c-4cf4-4a41-a1ec-4ab916346441:192.168.157.251:36995). Request must be sent to leader., logIndex=0, commits[8b885c43-3275-4247-ace6-35192e2b0349:c2, e32711c2-4492-4d3d-a441-ee4ec4df5188:c2, 1c89303c-4cf4-4a41-a1ec-4ab916346441:c2]
2019-08-21 09:31:15,853 INFO  client.GrpcClientProtocolClient (GrpcClientProtocolClient.java:onNext(255)) - client-77AF89B2F952->8b885c43-3275-4247-ace6-35192e2b0349: receive RaftClientReply:client-77AF89B2F952->8b885c43-3275-4247-ace6-35192e2b0349@group-6065D336B8D0, cid=14, FAILED org.apache.ratis.protocol.NotLeaderException: Server 8b885c43-3275-4247-ace6-35192e2b0349 is not the leader (1c89303c-4cf4-4a41-a1ec-4ab916346441:192.168.157.251:36995). Request must be sent to leader., logIndex=0, commits[8b885c43-3275-4247-ace6-35192e2b0349:c2, e32711c2-4492-4d3d-a441-ee4ec4df5188:c2, 1c89303c-4cf4-4a41-a1ec-4ab916346441:c2]
2019-08-21 09:31:16,882 INFO  client.GrpcClientProtocolClient (GrpcClientProtocolClient.java:onNext(255)) - client-77AF89B2F952->8b885c43-3275-4247-ace6-35192e2b0349: receive RaftClientReply:client-77AF89B2F952->8b885c43-3275-4247-ace6-35192e2b0349@group-6065D336B8D0, cid=14, FAILED org.apache.ratis.protocol.NotLeaderException: Server 8b885c43-3275-4247-ace6-35192e2b0349 is not the leader (1c89303c-4cf4-4a41-a1ec-4ab916346441:192.168.157.251:36995). Request must be sent to leader., logIndex=0, commits[8b885c43-3275-4247-ace6-35192e2b0349:c2, e32711c2-4492-4d3d-a441-ee4ec4df5188:c2, 1c89303c-4cf4-4a41-a1ec-4ab916346441:c2]
2019-08-21 09:31:17,913 INFO  client.GrpcClientProtocolClient (GrpcClientProtocolClient.java:onNext(255)) - client-77AF89B2F952->8b885c43-3275-4247-ace6-35192e2b0349: receive RaftClientReply:client-77AF89B2F952->8b885c43-3275-4247-ace6-35192e2b0349@group-6065D336B8D0, cid=14, FAILED org.apache.ratis.protocol.NotLeaderException: Server 8b885c43-3275-4247-ace6-35192e2b0349 is not the leader (1c89303c-4cf4-4a41-a1ec-4ab916346441:192.168.157.251:36995). Request must be sent to leader., logIndex=0, commits[8b885c43-3275-4247-ace6-35192e2b0349:c2, e32711c2-4492-4d3d-a441-ee4ec4df5188:c2, 1c89303c-4cf4-4a41-a1ec-4ab916346441:c2]
2019-08-21 09:31:18,956 INFO  client.GrpcClientProtocolClient (GrpcClientProtocolClient.java:onNext(255)) - client-77AF89B2F952->8b885c43-3275-4247-ace6-35192e2b0349: receive RaftClientReply:client-77AF89B2F952->8b885c43-3275-4247-ace6-35192e2b0349@group-6065D336B8D0, cid=14, FAILED org.apache.ratis.protocol.NotLeaderException: Server 8b885c43-3275-4247-ace6-35192e2b0349 is not the leader (1c89303c-4cf4-4a41-a1ec-4ab916346441:192.168.157.251:36995). Request must be sent to leader., logIndex=0, commits[8b885c43-3275-4247-ace6-35192e2b0349:c2, e32711c2-4492-4d3d-a441-ee4ec4df5188:c2, 1c89303c-4cf4-4a41-a1ec-4ab916346441:c2]
2019-08-21 09:31:20,012 INFO  client.GrpcClientProtocolClient (GrpcClientProtocolClient.java:onNext(255)) - client-77AF89B2F952->8b885c43-3275-4247-ace6-35192e2b0349: receive RaftClientReply:client-77AF89B2F952->8b885c43-3275-4247-ace6-35192e2b0349@group-6065D336B8D0, cid=14, FAILED org.apache.ratis.protocol.NotLeaderException: Server 8b885c43-3275-4247-ace6-35192e2b0349 is not the leader (1c89303c-4cf4-4a41-a1ec-4ab916346441:192.168.157.251:36995). Request must be sent to leader., logIndex=0, commits[8b885c43-3275-4247-ace6-35192e2b0349:c2, e32711c2-4492-4d3d-a441-ee4ec4df5188:c2, 1c89303c-4cf4-4a41-a1ec-4ab916346441:c2]
2019-08-21 09:31:21,058 INFO  client.GrpcClientProtocolClient (GrpcClientProtocolClient.java:onNext(255)) - client-77AF89B2F952->e32711c2-4492-4d3d-a441-ee4ec4df5188: receive RaftClientReply:client-77AF89B2F952->e32711c2-4492-4d3d-a441-ee4ec4df5188@group-6065D336B8D0, cid=14, FAILED org.apache.ratis.protocol.NotLeaderException: Server e32711c2-4492-4d3d-a441-ee4ec4df5188 is not the leader (1c89303c-4cf4-4a41-a1ec-4ab916346441:192.168.157.251:36995). Request must be sent to leader., logIndex=0, commits[e32711c2-4492-4d3d-a441-ee4ec4df5188:c2, 1c89303c-4cf4-4a41-a1ec-4ab916346441:c2, 8b885c43-3275-4247-ace6-35192e2b0349:c2]
2019-08-21 09:31:21,326 INFO  impl.FollowerState (FollowerState.java:run(106)) - e32711c2-4492-4d3d-a441-ee4ec4df5188:group-6065D336B8D0 changes to CANDIDATE, lastRpcTime:9927, electionTimeout:5076ms
2019-08-21 09:31:21,335 INFO  impl.RoleInfo (RoleInfo.java:shutdownFollowerState(121)) - e32711c2-4492-4d3d-a441-ee4ec4df5188: shutdown FollowerState
2019-08-21 09:31:21,335 INFO  impl.RaftServerImpl (RaftServerImpl.java:setRole(171)) - e32711c2-4492-4d3d-a441-ee4ec4df5188:group-6065D336B8D0 changes role from FOLLOWER to CANDIDATE at term 1 for changeToCandidate
2019-08-21 09:31:21,335 INFO  impl.RoleInfo (RoleInfo.java:updateAndGet(143)) - e32711c2-4492-4d3d-a441-ee4ec4df5188: start LeaderElection
2019-08-21 09:31:21,338 INFO  impl.RaftServerImpl (ServerState.java:setLeader(263)) - e32711c2-4492-4d3d-a441-ee4ec4df5188:group-6065D336B8D0 change Leader from 1c89303c-4cf4-4a41-a1ec-4ab916346441 to null at term 1 for initElection
2019-08-21 09:31:21,363 INFO  impl.FollowerState (FollowerState.java:run(106)) - 8b885c43-3275-4247-ace6-35192e2b0349:group-6065D336B8D0 changes to CANDIDATE, lastRpcTime:9963, electionTimeout:5087ms
2019-08-21 09:31:21,363 INFO  impl.RoleInfo (RoleInfo.java:shutdownFollowerState(121)) - 8b885c43-3275-4247-ace6-35192e2b0349: shutdown FollowerState
2019-08-21 09:31:21,363 INFO  impl.RaftServerImpl (RaftServerImpl.java:setRole(171)) - 8b885c43-3275-4247-ace6-35192e2b0349:group-6065D336B8D0 changes role from FOLLOWER to CANDIDATE at term 1 for changeToCandidate
2019-08-21 09:31:21,363 INFO  impl.RoleInfo (RoleInfo.java:updateAndGet(143)) - 8b885c43-3275-4247-ace6-35192e2b0349: start LeaderElection
2019-08-21 09:31:21,363 INFO  impl.LeaderElection (LeaderElection.java:askForVotes(181)) - e32711c2-4492-4d3d-a441-ee4ec4df5188:group-6065D336B8D0:LeaderElection13: begin an election at term 2 for 0: [e32711c2-4492-4d3d-a441-ee4ec4df5188:192.168.157.251:44243, 1c89303c-4cf4-4a41-a1ec-4ab916346441:192.168.157.251:36995, 8b885c43-3275-4247-ace6-35192e2b0349:192.168.157.251:38527], old=null
2019-08-21 09:31:21,366 INFO  impl.RaftServerImpl (ServerState.java:setLeader(263)) - 8b885c43-3275-4247-ace6-35192e2b0349:group-6065D336B8D0 change Leader from 1c89303c-4cf4-4a41-a1ec-4ab916346441 to null at term 1 for initElection
2019-08-21 09:31:21,378 INFO  impl.LeaderElection (LogUtils.java:infoOrTrace(149)) - e32711c2-4492-4d3d-a441-ee4ec4df5188:group-6065D336B8D0:LeaderElection13 got exception when requesting votes: {}
java.util.concurrent.ExecutionException: org.apache.ratis.thirdparty.io.grpc.StatusRuntimeException: UNAVAILABLE: io exception
	at java.util.concurrent.FutureTask.report(FutureTask.java:122)
	at java.util.concurrent.FutureTask.get(FutureTask.java:192)
	at org.apache.ratis.server.impl.LeaderElection.waitForResults(LeaderElection.java:262)
	at org.apache.ratis.server.impl.LeaderElection.askForVotes(LeaderElection.java:200)
	at org.apache.ratis.server.impl.LeaderElection.run(LeaderElection.java:130)
	at java.lang.Thread.run(Thread.java:748)
Caused by: org.apache.ratis.thirdparty.io.grpc.StatusRuntimeException: UNAVAILABLE: io exception
	at org.apache.ratis.thirdparty.io.grpc.stub.ClientCalls.toStatusRuntimeException(ClientCalls.java:233)
	at org.apache.ratis.thirdparty.io.grpc.stub.ClientCalls.getUnchecked(ClientCalls.java:214)
	at org.apache.ratis.thirdparty.io.grpc.stub.ClientCalls.blockingUnaryCall(ClientCalls.java:139)
	at org.apache.ratis.proto.grpc.RaftServerProtocolServiceGrpc$RaftServerProtocolServiceBlockingStub.requestVote(RaftServerProtocolServiceGrpc.java:265)
	at org.apache.ratis.grpc.server.GrpcServerProtocolClient.requestVote(GrpcServerProtocolClient.java:83)
	at org.apache.ratis.grpc.server.GrpcService.requestVote(GrpcService.java:195)
	at org.apache.ratis.server.impl.LeaderElection.lambda$submitRequests$1(LeaderElection.java:237)
	at java.util.concurrent.FutureTask.run(FutureTask.java:266)
	at java.util.concurrent.Executors$RunnableAdapter.call(Executors.java:511)
	at java.util.concurrent.FutureTask.run(FutureTask.java:266)
	at java.util.concurrent.ThreadPoolExecutor.runWorker(ThreadPoolExecutor.java:1149)
	at java.util.concurrent.ThreadPoolExecutor$Worker.run(ThreadPoolExecutor.java:624)
	... 1 more
Caused by: org.apache.ratis.thirdparty.io.netty.channel.AbstractChannel$AnnotatedConnectException: Connection refused: /192.168.157.251:36995
	at sun.nio.ch.SocketChannelImpl.checkConnect(Native Method)
	at sun.nio.ch.SocketChannelImpl.finishConnect(SocketChannelImpl.java:717)
	at org.apache.ratis.thirdparty.io.netty.channel.socket.nio.NioSocketChannel.doFinishConnect(NioSocketChannel.java:327)
	at org.apache.ratis.thirdparty.io.netty.channel.nio.AbstractNioChannel$AbstractNioUnsafe.finishConnect(AbstractNioChannel.java:340)
	at org.apache.ratis.thirdparty.io.netty.channel.nio.NioEventLoop.processSelectedKey(NioEventLoop.java:632)
	at org.apache.ratis.thirdparty.io.netty.channel.nio.NioEventLoop.processSelectedKeysOptimized(NioEventLoop.java:579)
	at org.apache.ratis.thirdparty.io.netty.channel.nio.NioEventLoop.processSelectedKeys(NioEventLoop.java:496)
	at org.apache.ratis.thirdparty.io.netty.channel.nio.NioEventLoop.run(NioEventLoop.java:458)
	at org.apache.ratis.thirdparty.io.netty.util.concurrent.SingleThreadEventExecutor$5.run(SingleThreadEventExecutor.java:897)
	at org.apache.ratis.thirdparty.io.netty.util.concurrent.FastThreadLocalRunnable.run(FastThreadLocalRunnable.java:30)
	... 1 more
Caused by: java.net.ConnectException: Connection refused
	... 11 more
2019-08-21 09:31:21,379 INFO  impl.LeaderElection (LeaderElection.java:askForVotes(181)) - 8b885c43-3275-4247-ace6-35192e2b0349:group-6065D336B8D0:LeaderElection14: begin an election at term 2 for 0: [e32711c2-4492-4d3d-a441-ee4ec4df5188:192.168.157.251:44243, 1c89303c-4cf4-4a41-a1ec-4ab916346441:192.168.157.251:36995, 8b885c43-3275-4247-ace6-35192e2b0349:192.168.157.251:38527], old=null
2019-08-21 09:31:21,385 INFO  impl.LeaderElection (LeaderElection.java:logAndReturn(56)) - e32711c2-4492-4d3d-a441-ee4ec4df5188:group-6065D336B8D0:LeaderElection13: Election REJECTED; received 1 response(s) [e32711c2-4492-4d3d-a441-ee4ec4df5188<-8b885c43-3275-4247-ace6-35192e2b0349#0:FAIL-t2] and 1 exception(s); e32711c2-4492-4d3d-a441-ee4ec4df5188:t2, leader=null, voted=e32711c2-4492-4d3d-a441-ee4ec4df5188, raftlog=e32711c2-4492-4d3d-a441-ee4ec4df5188-SegmentedRaftLog:OPENED:c2,f2,i2, conf=0: [e32711c2-4492-4d3d-a441-ee4ec4df5188:192.168.157.251:44243, 1c89303c-4cf4-4a41-a1ec-4ab916346441:192.168.157.251:36995, 8b885c43-3275-4247-ace6-35192e2b0349:192.168.157.251:38527], old=null
2019-08-21 09:31:21,386 INFO  impl.LeaderElection (LogUtils.java:infoOrTrace(149)) -   Exception 0: {}
java.util.concurrent.ExecutionException: org.apache.ratis.thirdparty.io.grpc.StatusRuntimeException: UNAVAILABLE: io exception
	at java.util.concurrent.FutureTask.report(FutureTask.java:122)
	at java.util.concurrent.FutureTask.get(FutureTask.java:192)
	at org.apache.ratis.server.impl.LeaderElection.waitForResults(LeaderElection.java:262)
	at org.apache.ratis.server.impl.LeaderElection.askForVotes(LeaderElection.java:200)
	at org.apache.ratis.server.impl.LeaderElection.run(LeaderElection.java:130)
	at java.lang.Thread.run(Thread.java:748)
Caused by: org.apache.ratis.thirdparty.io.grpc.StatusRuntimeException: UNAVAILABLE: io exception
	at org.apache.ratis.thirdparty.io.grpc.stub.ClientCalls.toStatusRuntimeException(ClientCalls.java:233)
	at org.apache.ratis.thirdparty.io.grpc.stub.ClientCalls.getUnchecked(ClientCalls.java:214)
	at org.apache.ratis.thirdparty.io.grpc.stub.ClientCalls.blockingUnaryCall(ClientCalls.java:139)
	at org.apache.ratis.proto.grpc.RaftServerProtocolServiceGrpc$RaftServerProtocolServiceBlockingStub.requestVote(RaftServerProtocolServiceGrpc.java:265)
	at org.apache.ratis.grpc.server.GrpcServerProtocolClient.requestVote(GrpcServerProtocolClient.java:83)
	at org.apache.ratis.grpc.server.GrpcService.requestVote(GrpcService.java:195)
	at org.apache.ratis.server.impl.LeaderElection.lambda$submitRequests$1(LeaderElection.java:237)
	at java.util.concurrent.FutureTask.run(FutureTask.java:266)
	at java.util.concurrent.Executors$RunnableAdapter.call(Executors.java:511)
	at java.util.concurrent.FutureTask.run(FutureTask.java:266)
	at java.util.concurrent.ThreadPoolExecutor.runWorker(ThreadPoolExecutor.java:1149)
	at java.util.concurrent.ThreadPoolExecutor$Worker.run(ThreadPoolExecutor.java:624)
	... 1 more
Caused by: org.apache.ratis.thirdparty.io.netty.channel.AbstractChannel$AnnotatedConnectException: Connection refused: /192.168.157.251:36995
	at sun.nio.ch.SocketChannelImpl.checkConnect(Native Method)
	at sun.nio.ch.SocketChannelImpl.finishConnect(SocketChannelImpl.java:717)
	at org.apache.ratis.thirdparty.io.netty.channel.socket.nio.NioSocketChannel.doFinishConnect(NioSocketChannel.java:327)
	at org.apache.ratis.thirdparty.io.netty.channel.nio.AbstractNioChannel$AbstractNioUnsafe.finishConnect(AbstractNioChannel.java:340)
	at org.apache.ratis.thirdparty.io.netty.channel.nio.NioEventLoop.processSelectedKey(NioEventLoop.java:632)
	at org.apache.ratis.thirdparty.io.netty.channel.nio.NioEventLoop.processSelectedKeysOptimized(NioEventLoop.java:579)
	at org.apache.ratis.thirdparty.io.netty.channel.nio.NioEventLoop.processSelectedKeys(NioEventLoop.java:496)
	at org.apache.ratis.thirdparty.io.netty.channel.nio.NioEventLoop.run(NioEventLoop.java:458)
	at org.apache.ratis.thirdparty.io.netty.util.concurrent.SingleThreadEventExecutor$5.run(SingleThreadEventExecutor.java:897)
	at org.apache.ratis.thirdparty.io.netty.util.concurrent.FastThreadLocalRunnable.run(FastThreadLocalRunnable.java:30)
	... 1 more
Caused by: java.net.ConnectException: Connection refused
	... 11 more
2019-08-21 09:31:21,387 INFO  impl.RaftServerImpl (RaftServerImpl.java:setRole(171)) - e32711c2-4492-4d3d-a441-ee4ec4df5188:group-6065D336B8D0 changes role from CANDIDATE to FOLLOWER at term 2 for DISCOVERED_A_NEW_TERM
2019-08-21 09:31:21,389 INFO  impl.RoleInfo (RoleInfo.java:shutdownLeaderElection(134)) - e32711c2-4492-4d3d-a441-ee4ec4df5188: shutdown LeaderElection
2019-08-21 09:31:21,389 INFO  impl.RoleInfo (RoleInfo.java:updateAndGet(143)) - e32711c2-4492-4d3d-a441-ee4ec4df5188: start FollowerState
2019-08-21 09:31:21,393 INFO  impl.LeaderElection (LogUtils.java:infoOrTrace(149)) - 8b885c43-3275-4247-ace6-35192e2b0349:group-6065D336B8D0:LeaderElection14 got exception when requesting votes: {}
java.util.concurrent.ExecutionException: org.apache.ratis.thirdparty.io.grpc.StatusRuntimeException: UNAVAILABLE: io exception
	at java.util.concurrent.FutureTask.report(FutureTask.java:122)
	at java.util.concurrent.FutureTask.get(FutureTask.java:192)
	at org.apache.ratis.server.impl.LeaderElection.waitForResults(LeaderElection.java:262)
	at org.apache.ratis.server.impl.LeaderElection.askForVotes(LeaderElection.java:200)
	at org.apache.ratis.server.impl.LeaderElection.run(LeaderElection.java:130)
	at java.lang.Thread.run(Thread.java:748)
Caused by: org.apache.ratis.thirdparty.io.grpc.StatusRuntimeException: UNAVAILABLE: io exception
	at org.apache.ratis.thirdparty.io.grpc.stub.ClientCalls.toStatusRuntimeException(ClientCalls.java:233)
	at org.apache.ratis.thirdparty.io.grpc.stub.ClientCalls.getUnchecked(ClientCalls.java:214)
	at org.apache.ratis.thirdparty.io.grpc.stub.ClientCalls.blockingUnaryCall(ClientCalls.java:139)
	at org.apache.ratis.proto.grpc.RaftServerProtocolServiceGrpc$RaftServerProtocolServiceBlockingStub.requestVote(RaftServerProtocolServiceGrpc.java:265)
	at org.apache.ratis.grpc.server.GrpcServerProtocolClient.requestVote(GrpcServerProtocolClient.java:83)
	at org.apache.ratis.grpc.server.GrpcService.requestVote(GrpcService.java:195)
	at org.apache.ratis.server.impl.LeaderElection.lambda$submitRequests$1(LeaderElection.java:237)
	at java.util.concurrent.FutureTask.run(FutureTask.java:266)
	at java.util.concurrent.Executors$RunnableAdapter.call(Executors.java:511)
	at java.util.concurrent.FutureTask.run(FutureTask.java:266)
	at java.util.concurrent.ThreadPoolExecutor.runWorker(ThreadPoolExecutor.java:1149)
	at java.util.concurrent.ThreadPoolExecutor$Worker.run(ThreadPoolExecutor.java:624)
	... 1 more
Caused by: org.apache.ratis.thirdparty.io.netty.channel.AbstractChannel$AnnotatedConnectException: Connection refused: /192.168.157.251:36995
	at sun.nio.ch.SocketChannelImpl.checkConnect(Native Method)
	at sun.nio.ch.SocketChannelImpl.finishConnect(SocketChannelImpl.java:717)
	at org.apache.ratis.thirdparty.io.netty.channel.socket.nio.NioSocketChannel.doFinishConnect(NioSocketChannel.java:327)
	at org.apache.ratis.thirdparty.io.netty.channel.nio.AbstractNioChannel$AbstractNioUnsafe.finishConnect(AbstractNioChannel.java:340)
	at org.apache.ratis.thirdparty.io.netty.channel.nio.NioEventLoop.processSelectedKey(NioEventLoop.java:632)
	at org.apache.ratis.thirdparty.io.netty.channel.nio.NioEventLoop.processSelectedKeysOptimized(NioEventLoop.java:579)
	at org.apache.ratis.thirdparty.io.netty.channel.nio.NioEventLoop.processSelectedKeys(NioEventLoop.java:496)
	at org.apache.ratis.thirdparty.io.netty.channel.nio.NioEventLoop.run(NioEventLoop.java:458)
	at org.apache.ratis.thirdparty.io.netty.util.concurrent.SingleThreadEventExecutor$5.run(SingleThreadEventExecutor.java:897)
	at org.apache.ratis.thirdparty.io.netty.util.concurrent.FastThreadLocalRunnable.run(FastThreadLocalRunnable.java:30)
	... 1 more
Caused by: java.net.ConnectException: Connection refused
	... 11 more
2019-08-21 09:31:21,402 INFO  impl.LeaderElection (LeaderElection.java:logAndReturn(56)) - 8b885c43-3275-4247-ace6-35192e2b0349:group-6065D336B8D0:LeaderElection14: Election REJECTED; received 1 response(s) [8b885c43-3275-4247-ace6-35192e2b0349<-e32711c2-4492-4d3d-a441-ee4ec4df5188#0:FAIL-t2] and 1 exception(s); 8b885c43-3275-4247-ace6-35192e2b0349:t2, leader=null, voted=8b885c43-3275-4247-ace6-35192e2b0349, raftlog=8b885c43-3275-4247-ace6-35192e2b0349-SegmentedRaftLog:OPENED:c2,f2,i2, conf=0: [e32711c2-4492-4d3d-a441-ee4ec4df5188:192.168.157.251:44243, 1c89303c-4cf4-4a41-a1ec-4ab916346441:192.168.157.251:36995, 8b885c43-3275-4247-ace6-35192e2b0349:192.168.157.251:38527], old=null
2019-08-21 09:31:21,403 INFO  impl.LeaderElection (LogUtils.java:infoOrTrace(149)) -   Exception 0: {}
java.util.concurrent.ExecutionException: org.apache.ratis.thirdparty.io.grpc.StatusRuntimeException: UNAVAILABLE: io exception
	at java.util.concurrent.FutureTask.report(FutureTask.java:122)
	at java.util.concurrent.FutureTask.get(FutureTask.java:192)
	at org.apache.ratis.server.impl.LeaderElection.waitForResults(LeaderElection.java:262)
	at org.apache.ratis.server.impl.LeaderElection.askForVotes(LeaderElection.java:200)
	at org.apache.ratis.server.impl.LeaderElection.run(LeaderElection.java:130)
	at java.lang.Thread.run(Thread.java:748)
Caused by: org.apache.ratis.thirdparty.io.grpc.StatusRuntimeException: UNAVAILABLE: io exception
	at org.apache.ratis.thirdparty.io.grpc.stub.ClientCalls.toStatusRuntimeException(ClientCalls.java:233)
	at org.apache.ratis.thirdparty.io.grpc.stub.ClientCalls.getUnchecked(ClientCalls.java:214)
	at org.apache.ratis.thirdparty.io.grpc.stub.ClientCalls.blockingUnaryCall(ClientCalls.java:139)
	at org.apache.ratis.proto.grpc.RaftServerProtocolServiceGrpc$RaftServerProtocolServiceBlockingStub.requestVote(RaftServerProtocolServiceGrpc.java:265)
	at org.apache.ratis.grpc.server.GrpcServerProtocolClient.requestVote(GrpcServerProtocolClient.java:83)
	at org.apache.ratis.grpc.server.GrpcService.requestVote(GrpcService.java:195)
	at org.apache.ratis.server.impl.LeaderElection.lambda$submitRequests$1(LeaderElection.java:237)
	at java.util.concurrent.FutureTask.run(FutureTask.java:266)
	at java.util.concurrent.Executors$RunnableAdapter.call(Executors.java:511)
	at java.util.concurrent.FutureTask.run(FutureTask.java:266)
	at java.util.concurrent.ThreadPoolExecutor.runWorker(ThreadPoolExecutor.java:1149)
	at java.util.concurrent.ThreadPoolExecutor$Worker.run(ThreadPoolExecutor.java:624)
	... 1 more
Caused by: org.apache.ratis.thirdparty.io.netty.channel.AbstractChannel$AnnotatedConnectException: Connection refused: /192.168.157.251:36995
	at sun.nio.ch.SocketChannelImpl.checkConnect(Native Method)
	at sun.nio.ch.SocketChannelImpl.finishConnect(SocketChannelImpl.java:717)
	at org.apache.ratis.thirdparty.io.netty.channel.socket.nio.NioSocketChannel.doFinishConnect(NioSocketChannel.java:327)
	at org.apache.ratis.thirdparty.io.netty.channel.nio.AbstractNioChannel$AbstractNioUnsafe.finishConnect(AbstractNioChannel.java:340)
	at org.apache.ratis.thirdparty.io.netty.channel.nio.NioEventLoop.processSelectedKey(NioEventLoop.java:632)
	at org.apache.ratis.thirdparty.io.netty.channel.nio.NioEventLoop.processSelectedKeysOptimized(NioEventLoop.java:579)
	at org.apache.ratis.thirdparty.io.netty.channel.nio.NioEventLoop.processSelectedKeys(NioEventLoop.java:496)
	at org.apache.ratis.thirdparty.io.netty.channel.nio.NioEventLoop.run(NioEventLoop.java:458)
	at org.apache.ratis.thirdparty.io.netty.util.concurrent.SingleThreadEventExecutor$5.run(SingleThreadEventExecutor.java:897)
	at org.apache.ratis.thirdparty.io.netty.util.concurrent.FastThreadLocalRunnable.run(FastThreadLocalRunnable.java:30)
	... 1 more
Caused by: java.net.ConnectException: Connection refused
	... 11 more
2019-08-21 09:31:21,403 INFO  impl.RaftServerImpl (RaftServerImpl.java:setRole(171)) - 8b885c43-3275-4247-ace6-35192e2b0349:group-6065D336B8D0 changes role from CANDIDATE to FOLLOWER at term 2 for DISCOVERED_A_NEW_TERM
2019-08-21 09:31:21,405 INFO  impl.RoleInfo (RoleInfo.java:shutdownLeaderElection(134)) - 8b885c43-3275-4247-ace6-35192e2b0349: shutdown LeaderElection
2019-08-21 09:31:21,406 INFO  impl.RoleInfo (RoleInfo.java:updateAndGet(143)) - 8b885c43-3275-4247-ace6-35192e2b0349: start FollowerState
2019-08-21 09:31:22,091 INFO  client.GrpcClientProtocolClient (GrpcClientProtocolClient.java:onNext(255)) - client-77AF89B2F952->e32711c2-4492-4d3d-a441-ee4ec4df5188: receive RaftClientReply:client-77AF89B2F952->e32711c2-4492-4d3d-a441-ee4ec4df5188@group-6065D336B8D0, cid=14, FAILED org.apache.ratis.protocol.NotLeaderException: Server e32711c2-4492-4d3d-a441-ee4ec4df5188 is not the leader (null). Request must be sent to leader., logIndex=0, commits[e32711c2-4492-4d3d-a441-ee4ec4df5188:c2, 1c89303c-4cf4-4a41-a1ec-4ab916346441:c2, 8b885c43-3275-4247-ace6-35192e2b0349:c2]
]]></system-out>
    <system-err><![CDATA[ERROR StatusLogger No Log4j 2 configuration file found. Using default configuration (logging only errors to the console), or user programmatically provided configurations. Set system property 'log4j2.debug' to show Log4j 2 internal initialization logging. See https://logging.apache.org/log4j/2.x/manual/configuration.html for instructions on how to configure Log4j 2
Aug 21, 2019 9:30:54 AM com.sun.jersey.server.impl.application.WebApplicationImpl _initiate
INFO: Initiating Jersey application, version 'Jersey: 1.19 02/11/2015 03:25 AM'
Aug 21, 2019 9:30:55 AM com.sun.jersey.server.impl.application.WebApplicationImpl _initiate
INFO: Initiating Jersey application, version 'Jersey: 1.19 02/11/2015 03:25 AM'
Aug 21, 2019 9:30:55 AM com.sun.jersey.server.impl.application.WebApplicationImpl _initiate
INFO: Initiating Jersey application, version 'Jersey: 1.19 02/11/2015 03:25 AM'
Aug 21, 2019 9:30:55 AM com.sun.jersey.server.impl.application.WebApplicationImpl _initiate
INFO: Initiating Jersey application, version 'Jersey: 1.19 02/11/2015 03:25 AM'
Aug 21, 2019 9:30:55 AM com.sun.jersey.server.impl.application.WebApplicationImpl _initiate
INFO: Initiating Jersey application, version 'Jersey: 1.19 02/11/2015 03:25 AM'
Aug 21, 2019 9:30:56 AM com.sun.jersey.server.impl.application.WebApplicationImpl _initiate
INFO: Initiating Jersey application, version 'Jersey: 1.19 02/11/2015 03:25 AM'
Aug 21, 2019 9:30:56 AM com.sun.jersey.server.impl.application.WebApplicationImpl _initiate
INFO: Initiating Jersey application, version 'Jersey: 1.19 02/11/2015 03:25 AM'
]]></system-err>
  </testcase>
</testsuite>