<?xml version="1.0" encoding="UTF-8"?>
<testsuite xmlns:xsi="http://www.w3.org/2001/XMLSchema-instance" xsi:noNamespaceSchemaLocation="https://maven.apache.org/surefire/maven-surefire-plugin/xsd/surefire-test-report.xsd" name="org.apache.hadoop.ozone.client.rpc.TestBlockOutputStreamWithFailures" time="674.577" tests="8" errors="0" skipped="0" failures="1">
  <properties>
    <property name="awt.toolkit" value="sun.awt.X11.XToolkit"/>
    <property name="file.encoding.pkg" value="sun.io"/>
    <property name="java.specification.version" value="1.8"/>
    <property name="sun.cpu.isalist" value=""/>
    <property name="sun.jnu.encoding" value="UTF-8"/>
    <property name="java.class.path" value="/workdir/hadoop-ozone/integration-test/target/test-classes:/workdir/hadoop-ozone/integration-test/target/classes:/home/user/.m2/repository/org/apache/hadoop/hadoop-ozone-common/0.5.0-SNAPSHOT/hadoop-ozone-common-0.5.0-SNAPSHOT.jar:/home/user/.m2/repository/org/apache/commons/commons-compress/1.4.1/commons-compress-1.4.1.jar:/home/user/.m2/repository/org/tukaani/xz/1.0/xz-1.0.jar:/home/user/.m2/repository/org/apache/hadoop/hadoop-common/3.2.0/hadoop-common-3.2.0.jar:/home/user/.m2/repository/org/apache/hadoop/hadoop-hdfs/3.2.0/hadoop-hdfs-3.2.0.jar:/home/user/.m2/repository/org/apache/hadoop/hadoop-hdfs-client/3.2.0/hadoop-hdfs-client-3.2.0.jar:/home/user/.m2/repository/com/fasterxml/jackson/core/jackson-annotations/2.9.5/jackson-annotations-2.9.5.jar:/home/user/.m2/repository/org/apache/hadoop/hadoop-hdds-common/0.5.0-SNAPSHOT/hadoop-hdds-common-0.5.0-SNAPSHOT.jar:/home/user/.m2/repository/javax/annotation/javax.annotation-api/1.2/javax.annotation-api-1.2.jar:/home/user/.m2/repository/org/apache/ratis/ratis-server/0.4.0-2337318-SNAPSHOT/ratis-server-0.4.0-2337318-SNAPSHOT.jar:/home/user/.m2/repository/org/apache/ratis/ratis-thirdparty-misc/0.2.0/ratis-thirdparty-misc-0.2.0.jar:/home/user/.m2/repository/org/apache/ratis/ratis-proto/0.4.0-2337318-SNAPSHOT/ratis-proto-0.4.0-2337318-SNAPSHOT.jar:/home/user/.m2/repository/org/apache/ratis/ratis-common/0.4.0-2337318-SNAPSHOT/ratis-common-0.4.0-2337318-SNAPSHOT.jar:/home/user/.m2/repository/org/apache/ratis/ratis-client/0.4.0-2337318-SNAPSHOT/ratis-client-0.4.0-2337318-SNAPSHOT.jar:/home/user/.m2/repository/org/apache/ratis/ratis-metrics/0.4.0-2337318-SNAPSHOT/ratis-metrics-0.4.0-2337318-SNAPSHOT.jar:/home/user/.m2/repository/org/apache/ratis/ratis-netty/0.4.0-2337318-SNAPSHOT/ratis-netty-0.4.0-2337318-SNAPSHOT.jar:/home/user/.m2/repository/org/apache/ratis/ratis-grpc/0.4.0-2337318-SNAPSHOT/ratis-grpc-0.4.0-2337318-SNAPSHOT.jar:/home/user/.m2/repository/org/rocksdb/rocksdbjni/6.0.1/rocksdbjni-6.0.1.jar:/home/user/.m2/repository/org/apache/logging/log4j/log4j-api/2.11.0/log4j-api-2.11.0.jar:/home/user/.m2/repository/org/apache/logging/log4j/log4j-core/2.11.0/log4j-core-2.11.0.jar:/home/user/.m2/repository/com/lmax/disruptor/3.4.2/disruptor-3.4.2.jar:/home/user/.m2/repository/org/apache/commons/commons-pool2/2.6.0/commons-pool2-2.6.0.jar:/home/user/.m2/repository/org/bouncycastle/bcpkix-jdk15on/1.60/bcpkix-jdk15on-1.60.jar:/home/user/.m2/repository/commons-validator/commons-validator/1.6/commons-validator-1.6.jar:/home/user/.m2/repository/commons-digester/commons-digester/1.8.1/commons-digester-1.8.1.jar:/home/user/.m2/repository/io/jaegertracing/jaeger-client/0.33.1/jaeger-client-0.33.1.jar:/home/user/.m2/repository/io/jaegertracing/jaeger-thrift/0.33.1/jaeger-thrift-0.33.1.jar:/home/user/.m2/repository/org/apache/thrift/libthrift/0.11.0/libthrift-0.11.0.jar:/home/user/.m2/repository/com/squareup/okhttp3/okhttp/3.9.0/okhttp-3.9.0.jar:/home/user/.m2/repository/com/squareup/okio/okio/1.13.0/okio-1.13.0.jar:/home/user/.m2/repository/io/jaegertracing/jaeger-core/0.33.1/jaeger-core-0.33.1.jar:/home/user/.m2/repository/io/jaegertracing/jaeger-tracerresolver/0.33.1/jaeger-tracerresolver-0.33.1.jar:/home/user/.m2/repository/io/opentracing/contrib/opentracing-tracerresolver/0.1.5/opentracing-tracerresolver-0.1.5.jar:/home/user/.m2/repository/io/opentracing/opentracing-util/0.31.0/opentracing-util-0.31.0.jar:/home/user/.m2/repository/io/opentracing/opentracing-api/0.31.0/opentracing-api-0.31.0.jar:/home/user/.m2/repository/io/opentracing/opentracing-noop/0.31.0/opentracing-noop-0.31.0.jar:/home/user/.m2/repository/org/apache/hadoop/hadoop-hdds-server-framework/0.5.0-SNAPSHOT/hadoop-hdds-server-framework-0.5.0-SNAPSHOT.jar:/home/user/.m2/repository/org/apache/hadoop/hadoop-hdds-container-service/0.5.0-SNAPSHOT/hadoop-hdds-container-service-0.5.0-SNAPSHOT.jar:/home/user/.m2/repository/org/apache/hadoop/hadoop-hdds-client/0.5.0-SNAPSHOT/hadoop-hdds-client-0.5.0-SNAPSHOT.jar:/home/user/.m2/repository/org/apache/hadoop/hadoop-hdds-tools/0.5.0-SNAPSHOT/hadoop-hdds-tools-0.5.0-SNAPSHOT.jar:/home/user/.m2/repository/org/apache/hadoop/hadoop-hdds-server-scm/0.5.0-SNAPSHOT/hadoop-hdds-server-scm-0.5.0-SNAPSHOT.jar:/home/user/.m2/repository/org/apache/hadoop/hadoop-hdds-docs/0.5.0-SNAPSHOT/hadoop-hdds-docs-0.5.0-SNAPSHOT.jar:/home/user/.m2/repository/io/dropwizard/metrics/metrics-core/3.2.4/metrics-core-3.2.4.jar:/home/user/.m2/repository/org/hamcrest/hamcrest-all/1.3/hamcrest-all-1.3.jar:/home/user/.m2/repository/org/bouncycastle/bcprov-jdk15on/1.60/bcprov-jdk15on-1.60.jar:/home/user/.m2/repository/info/picocli/picocli/3.9.6/picocli-3.9.6.jar:/home/user/.m2/repository/com/google/protobuf/protobuf-java/2.5.0/protobuf-java-2.5.0.jar:/home/user/.m2/repository/com/google/guava/guava/11.0.2/guava-11.0.2.jar:/home/user/.m2/repository/org/apache/hadoop/hadoop-ozone-ozone-manager/0.5.0-SNAPSHOT/hadoop-ozone-ozone-manager-0.5.0-SNAPSHOT.jar:/home/user/.m2/repository/org/apache/hadoop/hadoop-minikdc/3.2.0/hadoop-minikdc-3.2.0.jar:/home/user/.m2/repository/commons-io/commons-io/2.5/commons-io-2.5.jar:/home/user/.m2/repository/org/apache/kerby/kerb-simplekdc/1.0.1/kerb-simplekdc-1.0.1.jar:/home/user/.m2/repository/org/apache/kerby/kerb-client/1.0.1/kerb-client-1.0.1.jar:/home/user/.m2/repository/org/apache/kerby/kerby-config/1.0.1/kerby-config-1.0.1.jar:/home/user/.m2/repository/org/apache/kerby/kerb-core/1.0.1/kerb-core-1.0.1.jar:/home/user/.m2/repository/org/apache/kerby/kerby-pkix/1.0.1/kerby-pkix-1.0.1.jar:/home/user/.m2/repository/org/apache/kerby/kerby-asn1/1.0.1/kerby-asn1-1.0.1.jar:/home/user/.m2/repository/org/apache/kerby/kerby-util/1.0.1/kerby-util-1.0.1.jar:/home/user/.m2/repository/org/apache/kerby/kerb-common/1.0.1/kerb-common-1.0.1.jar:/home/user/.m2/repository/org/apache/kerby/kerb-crypto/1.0.1/kerb-crypto-1.0.1.jar:/home/user/.m2/repository/org/apache/kerby/kerb-util/1.0.1/kerb-util-1.0.1.jar:/home/user/.m2/repository/org/apache/kerby/token-provider/1.0.1/token-provider-1.0.1.jar:/home/user/.m2/repository/org/apache/kerby/kerb-admin/1.0.1/kerb-admin-1.0.1.jar:/home/user/.m2/repository/org/apache/kerby/kerb-server/1.0.1/kerb-server-1.0.1.jar:/home/user/.m2/repository/org/apache/kerby/kerb-identity/1.0.1/kerb-identity-1.0.1.jar:/home/user/.m2/repository/org/apache/kerby/kerby-xdr/1.0.1/kerby-xdr-1.0.1.jar:/home/user/.m2/repository/org/slf4j/slf4j-log4j12/1.7.25/slf4j-log4j12-1.7.25.jar:/home/user/.m2/repository/org/apache/hadoop/hadoop-ozone-objectstore-service/0.5.0-SNAPSHOT/hadoop-ozone-objectstore-service-0.5.0-SNAPSHOT.jar:/home/user/.m2/repository/org/apache/hadoop/hadoop-ozone-s3gateway/0.5.0-SNAPSHOT/hadoop-ozone-s3gateway-0.5.0-SNAPSHOT.jar:/home/user/.m2/repository/org/jboss/weld/servlet/weld-servlet/2.4.7.Final/weld-servlet-2.4.7.Final.jar:/home/user/.m2/repository/org/glassfish/jersey/containers/jersey-container-servlet-core/2.27/jersey-container-servlet-core-2.27.jar:/home/user/.m2/repository/org/glassfish/hk2/external/javax.inject/2.5.0-b42/javax.inject-2.5.0-b42.jar:/home/user/.m2/repository/org/glassfish/jersey/core/jersey-common/2.27/jersey-common-2.27.jar:/home/user/.m2/repository/org/glassfish/hk2/osgi-resource-locator/1.0.1/osgi-resource-locator-1.0.1.jar:/home/user/.m2/repository/javax/ws/rs/javax.ws.rs-api/2.1/javax.ws.rs-api-2.1.jar:/home/user/.m2/repository/org/glassfish/jersey/ext/cdi/jersey-cdi1x/2.27/jersey-cdi1x-2.27.jar:/home/user/.m2/repository/org/glassfish/jersey/inject/jersey-hk2/2.27/jersey-hk2-2.27.jar:/home/user/.m2/repository/org/glassfish/hk2/hk2-locator/2.5.0-b42/hk2-locator-2.5.0-b42.jar:/home/user/.m2/repository/org/javassist/javassist/3.22.0-CR2/javassist-3.22.0-CR2.jar:/home/user/.m2/repository/org/glassfish/hk2/hk2-api/2.5.0/hk2-api-2.5.0.jar:/home/user/.m2/repository/org/glassfish/hk2/external/jakarta.inject/2.5.0/jakarta.inject-2.5.0.jar:/home/user/.m2/repository/org/glassfish/hk2/hk2-utils/2.5.0/hk2-utils-2.5.0.jar:/home/user/.m2/repository/jakarta/annotation/jakarta.annotation-api/1.3.4/jakarta.annotation-api-1.3.4.jar:/home/user/.m2/repository/org/glassfish/hk2/external/aopalliance-repackaged/2.5.0/aopalliance-repackaged-2.5.0.jar:/home/user/.m2/repository/com/fasterxml/jackson/dataformat/jackson-dataformat-xml/2.9.0/jackson-dataformat-xml-2.9.0.jar:/home/user/.m2/repository/com/fasterxml/jackson/core/jackson-core/2.9.5/jackson-core-2.9.5.jar:/home/user/.m2/repository/com/fasterxml/jackson/module/jackson-module-jaxb-annotations/2.9.5/jackson-module-jaxb-annotations-2.9.5.jar:/home/user/.m2/repository/javax/enterprise/cdi-api/1.2/cdi-api-1.2.jar:/home/user/.m2/repository/javax/el/javax.el-api/3.0.0/javax.el-api-3.0.0.jar:/home/user/.m2/repository/javax/interceptor/javax.interceptor-api/1.2/javax.interceptor-api-1.2.jar:/home/user/.m2/repository/javax/inject/javax.inject/1/javax.inject-1.jar:/home/user/.m2/repository/com/sun/xml/bind/jaxb-impl/2.3.0.1/jaxb-impl-2.3.0.1.jar:/home/user/.m2/repository/com/sun/xml/bind/jaxb-core/2.3.0.1/jaxb-core-2.3.0.1.jar:/home/user/.m2/repository/javax/xml/bind/jaxb-api/2.3.0/jaxb-api-2.3.0.jar:/home/user/.m2/repository/javax/activation/activation/1.1.1/activation-1.1.1.jar:/home/user/.m2/repository/org/apache/hadoop/hadoop-ozone-csi/0.5.0-SNAPSHOT/hadoop-ozone-csi-0.5.0-SNAPSHOT.jar:/home/user/.m2/repository/com/google/protobuf/protobuf-java-util/3.5.1/protobuf-java-util-3.5.1.jar:/home/user/.m2/repository/org/apache/hadoop/hadoop-hdds-config/0.5.0-SNAPSHOT/hadoop-hdds-config-0.5.0-SNAPSHOT.jar:/home/user/.m2/repository/io/grpc/grpc-netty/1.17.1/grpc-netty-1.17.1.jar:/home/user/.m2/repository/io/grpc/grpc-core/1.17.1/grpc-core-1.17.1.jar:/home/user/.m2/repository/io/grpc/grpc-context/1.17.1/grpc-context-1.17.1.jar:/home/user/.m2/repository/com/google/errorprone/error_prone_annotations/2.2.0/error_prone_annotations-2.2.0.jar:/home/user/.m2/repository/org/codehaus/mojo/animal-sniffer-annotations/1.17/animal-sniffer-annotations-1.17.jar:/home/user/.m2/repository/io/opencensus/opencensus-api/0.17.0/opencensus-api-0.17.0.jar:/home/user/.m2/repository/io/opencensus/opencensus-contrib-grpc-metrics/0.17.0/opencensus-contrib-grpc-metrics-0.17.0.jar:/home/user/.m2/repository/io/netty/netty-codec-http2/4.1.30.Final/netty-codec-http2-4.1.30.Final.jar:/home/user/.m2/repository/io/netty/netty-codec-http/4.1.30.Final/netty-codec-http-4.1.30.Final.jar:/home/user/.m2/repository/io/netty/netty-codec/4.1.30.Final/netty-codec-4.1.30.Final.jar:/home/user/.m2/repository/io/netty/netty-handler/4.1.30.Final/netty-handler-4.1.30.Final.jar:/home/user/.m2/repository/io/netty/netty-handler-proxy/4.1.30.Final/netty-handler-proxy-4.1.30.Final.jar:/home/user/.m2/repository/io/netty/netty-codec-socks/4.1.30.Final/netty-codec-socks-4.1.30.Final.jar:/home/user/.m2/repository/io/netty/netty-transport-native-epoll/4.1.30.Final/netty-transport-native-epoll-4.1.30.Final.jar:/home/user/.m2/repository/io/netty/netty-common/4.1.30.Final/netty-common-4.1.30.Final.jar:/home/user/.m2/repository/io/netty/netty-buffer/4.1.30.Final/netty-buffer-4.1.30.Final.jar:/home/user/.m2/repository/io/netty/netty-transport/4.1.30.Final/netty-transport-4.1.30.Final.jar:/home/user/.m2/repository/io/netty/netty-resolver/4.1.30.Final/netty-resolver-4.1.30.Final.jar:/home/user/.m2/repository/io/netty/netty-transport-native-unix-common/4.1.30.Final/netty-transport-native-unix-common-4.1.30.Final.jar:/home/user/.m2/repository/io/grpc/grpc-protobuf/1.17.1/grpc-protobuf-1.17.1.jar:/home/user/.m2/repository/com/google/api/grpc/proto-google-common-protos/1.0.0/proto-google-common-protos-1.0.0.jar:/home/user/.m2/repository/io/grpc/grpc-protobuf-lite/1.17.1/grpc-protobuf-lite-1.17.1.jar:/home/user/.m2/repository/io/grpc/grpc-stub/1.17.1/grpc-stub-1.17.1.jar:/home/user/.m2/repository/org/apache/hadoop/hadoop-ozone-recon/0.5.0-SNAPSHOT/hadoop-ozone-recon-0.5.0-SNAPSHOT.jar:/home/user/.m2/repository/org/apache/hadoop/hadoop-ozone-reconcodegen/0.5.0-SNAPSHOT/hadoop-ozone-reconcodegen-0.5.0-SNAPSHOT.jar:/home/user/.m2/repository/com/google/inject/extensions/guice-multibindings/4.0/guice-multibindings-4.0.jar:/home/user/.m2/repository/com/google/inject/guice/4.0/guice-4.0.jar:/home/user/.m2/repository/aopalliance/aopalliance/1.0/aopalliance-1.0.jar:/home/user/.m2/repository/com/google/inject/extensions/guice-servlet/4.0/guice-servlet-4.0.jar:/home/user/.m2/repository/org/glassfish/jersey/containers/jersey-container-servlet/2.27/jersey-container-servlet-2.27.jar:/home/user/.m2/repository/org/glassfish/hk2/guice-bridge/2.5.0/guice-bridge-2.5.0.jar:/home/user/.m2/repository/org/glassfish/jersey/core/jersey-server/2.27/jersey-server-2.27.jar:/home/user/.m2/repository/org/glassfish/jersey/core/jersey-client/2.27/jersey-client-2.27.jar:/home/user/.m2/repository/org/glassfish/jersey/media/jersey-media-jaxb/2.27/jersey-media-jaxb-2.27.jar:/home/user/.m2/repository/javax/validation/validation-api/1.1.0.Final/validation-api-1.1.0.Final.jar:/home/user/.m2/repository/org/glassfish/jersey/media/jersey-media-json-jackson/2.27/jersey-media-json-jackson-2.27.jar:/home/user/.m2/repository/org/glassfish/jersey/ext/jersey-entity-filtering/2.27/jersey-entity-filtering-2.27.jar:/home/user/.m2/repository/com/google/inject/extensions/guice-assistedinject/4.0/guice-assistedinject-4.0.jar:/home/user/.m2/repository/org/jooq/jooq/3.11.10/jooq-3.11.10.jar:/home/user/.m2/repository/org/jooq/jooq-meta/3.11.10/jooq-meta-3.11.10.jar:/home/user/.m2/repository/org/jooq/jooq-codegen/3.11.10/jooq-codegen-3.11.10.jar:/home/user/.m2/repository/com/jolbox/bonecp/0.8.0.RELEASE/bonecp-0.8.0.RELEASE.jar:/home/user/.m2/repository/org/xerial/sqlite-jdbc/3.25.2/sqlite-jdbc-3.25.2.jar:/home/user/.m2/repository/org/springframework/spring-jdbc/5.1.3.RELEASE/spring-jdbc-5.1.3.RELEASE.jar:/home/user/.m2/repository/org/springframework/spring-beans/5.1.3.RELEASE/spring-beans-5.1.3.RELEASE.jar:/home/user/.m2/repository/org/springframework/spring-core/5.1.3.RELEASE/spring-core-5.1.3.RELEASE.jar:/home/user/.m2/repository/org/springframework/spring-jcl/5.1.3.RELEASE/spring-jcl-5.1.3.RELEASE.jar:/home/user/.m2/repository/org/springframework/spring-tx/5.1.3.RELEASE/spring-tx-5.1.3.RELEASE.jar:/home/user/.m2/repository/org/apache/hadoop/hadoop-ozone-client/0.5.0-SNAPSHOT/hadoop-ozone-client-0.5.0-SNAPSHOT.jar:/home/user/.m2/repository/commons-lang/commons-lang/2.6/commons-lang-2.6.jar:/home/user/.m2/repository/org/apache/hadoop/hadoop-ozone-ozone-manager/0.5.0-SNAPSHOT/hadoop-ozone-ozone-manager-0.5.0-SNAPSHOT-tests.jar:/home/user/.m2/repository/junit/junit/4.11/junit-4.11.jar:/home/user/.m2/repository/org/hamcrest/hamcrest-core/1.3/hamcrest-core-1.3.jar:/home/user/.m2/repository/org/openjdk/jmh/jmh-core/1.19/jmh-core-1.19.jar:/home/user/.m2/repository/net/sf/jopt-simple/jopt-simple/4.6/jopt-simple-4.6.jar:/home/user/.m2/repository/org/apache/commons/commons-math3/3.1.1/commons-math3-3.1.1.jar:/home/user/.m2/repository/org/openjdk/jmh/jmh-generator-annprocess/1.19/jmh-generator-annprocess-1.19.jar:/home/user/.m2/repository/org/mockito/mockito-all/1.8.5/mockito-all-1.8.5.jar:/home/user/.m2/repository/org/apache/hadoop/hadoop-kms/3.2.0/hadoop-kms-3.2.0.jar:/home/user/.m2/repository/org/apache/hadoop/hadoop-auth/3.2.0/hadoop-auth-3.2.0.jar:/home/user/.m2/repository/com/nimbusds/nimbus-jose-jwt/4.41.1/nimbus-jose-jwt-4.41.1.jar:/home/user/.m2/repository/com/github/stephenc/jcip/jcip-annotations/1.0-1/jcip-annotations-1.0-1.jar:/home/user/.m2/repository/net/minidev/json-smart/2.3/json-smart-2.3.jar:/home/user/.m2/repository/net/minidev/accessors-smart/1.2/accessors-smart-1.2.jar:/home/user/.m2/repository/org/ow2/asm/asm/5.0.4/asm-5.0.4.jar:/home/user/.m2/repository/org/apache/curator/curator-framework/2.12.0/curator-framework-2.12.0.jar:/home/user/.m2/repository/com/sun/jersey/jersey-core/1.19/jersey-core-1.19.jar:/home/user/.m2/repository/javax/ws/rs/jsr311-api/1.1.1/jsr311-api-1.1.1.jar:/home/user/.m2/repository/com/sun/jersey/jersey-server/1.19/jersey-server-1.19.jar:/home/user/.m2/repository/javax/servlet/javax.servlet-api/3.1.0/javax.servlet-api-3.1.0.jar:/home/user/.m2/repository/org/eclipse/jetty/jetty-server/9.3.24.v20180605/jetty-server-9.3.24.v20180605.jar:/home/user/.m2/repository/org/eclipse/jetty/jetty-http/9.3.24.v20180605/jetty-http-9.3.24.v20180605.jar:/home/user/.m2/repository/org/eclipse/jetty/jetty-io/9.3.24.v20180605/jetty-io-9.3.24.v20180605.jar:/home/user/.m2/repository/org/eclipse/jetty/jetty-webapp/9.3.24.v20180605/jetty-webapp-9.3.24.v20180605.jar:/home/user/.m2/repository/org/eclipse/jetty/jetty-xml/9.3.24.v20180605/jetty-xml-9.3.24.v20180605.jar:/home/user/.m2/repository/log4j/log4j/1.2.17/log4j-1.2.17.jar:/home/user/.m2/repository/org/slf4j/slf4j-api/1.7.25/slf4j-api-1.7.25.jar:/home/user/.m2/repository/org/slf4j/jul-to-slf4j/1.7.25/jul-to-slf4j-1.7.25.jar:/home/user/.m2/repository/org/eclipse/jetty/jetty-util/9.3.24.v20180605/jetty-util-9.3.24.v20180605.jar:/home/user/.m2/repository/com/fasterxml/jackson/core/jackson-databind/2.9.5/jackson-databind-2.9.5.jar:/home/user/.m2/repository/org/apache/hadoop/hadoop-kms/3.2.0/hadoop-kms-3.2.0-tests.jar:/home/user/.m2/repository/org/apache/hadoop/hadoop-hdds-server-scm/0.5.0-SNAPSHOT/hadoop-hdds-server-scm-0.5.0-SNAPSHOT-tests.jar:/home/user/.m2/repository/org/apache/hadoop/hadoop-hdds-container-service/0.5.0-SNAPSHOT/hadoop-hdds-container-service-0.5.0-SNAPSHOT-tests.jar:/home/user/.m2/repository/org/yaml/snakeyaml/1.16/snakeyaml-1.16.jar:/home/user/.m2/repository/org/apache/hadoop/hadoop-common/3.2.0/hadoop-common-3.2.0-tests.jar:/home/user/.m2/repository/org/apache/hadoop/hadoop-annotations/3.2.0/hadoop-annotations-3.2.0.jar:/usr/lib/jvm/java-1.8-openjdk/jre/../lib/tools.jar:/home/user/.m2/repository/commons-cli/commons-cli/1.2/commons-cli-1.2.jar:/home/user/.m2/repository/org/apache/httpcomponents/httpclient/4.5.2/httpclient-4.5.2.jar:/home/user/.m2/repository/org/apache/httpcomponents/httpcore/4.4.4/httpcore-4.4.4.jar:/home/user/.m2/repository/commons-codec/commons-codec/1.11/commons-codec-1.11.jar:/home/user/.m2/repository/commons-net/commons-net/3.6/commons-net-3.6.jar:/home/user/.m2/repository/commons-collections/commons-collections/3.2.2/commons-collections-3.2.2.jar:/home/user/.m2/repository/org/eclipse/jetty/jetty-servlet/9.3.24.v20180605/jetty-servlet-9.3.24.v20180605.jar:/home/user/.m2/repository/org/eclipse/jetty/jetty-security/9.3.24.v20180605/jetty-security-9.3.24.v20180605.jar:/home/user/.m2/repository/javax/servlet/jsp/jsp-api/2.1/jsp-api-2.1.jar:/home/user/.m2/repository/com/sun/jersey/jersey-servlet/1.19/jersey-servlet-1.19.jar:/home/user/.m2/repository/com/sun/jersey/jersey-json/1.19/jersey-json-1.19.jar:/home/user/.m2/repository/org/codehaus/jettison/jettison/1.1/jettison-1.1.jar:/home/user/.m2/repository/org/codehaus/jackson/jackson-core-asl/1.9.13/jackson-core-asl-1.9.13.jar:/home/user/.m2/repository/org/codehaus/jackson/jackson-mapper-asl/1.9.13/jackson-mapper-asl-1.9.13.jar:/home/user/.m2/repository/org/codehaus/jackson/jackson-jaxrs/1.9.13/jackson-jaxrs-1.9.13.jar:/home/user/.m2/repository/org/codehaus/jackson/jackson-xc/1.9.13/jackson-xc-1.9.13.jar:/home/user/.m2/repository/commons-logging/commons-logging/1.1.3/commons-logging-1.1.3.jar:/home/user/.m2/repository/commons-beanutils/commons-beanutils/1.9.3/commons-beanutils-1.9.3.jar:/home/user/.m2/repository/org/apache/commons/commons-configuration2/2.1.1/commons-configuration2-2.1.1.jar:/home/user/.m2/repository/org/apache/commons/commons-lang3/3.7/commons-lang3-3.7.jar:/home/user/.m2/repository/org/apache/commons/commons-text/1.4/commons-text-1.4.jar:/home/user/.m2/repository/org/apache/avro/avro/1.7.7/avro-1.7.7.jar:/home/user/.m2/repository/com/thoughtworks/paranamer/paranamer/2.3/paranamer-2.3.jar:/home/user/.m2/repository/org/xerial/snappy/snappy-java/1.0.5/snappy-java-1.0.5.jar:/home/user/.m2/repository/com/google/re2j/re2j/1.1/re2j-1.1.jar:/home/user/.m2/repository/com/google/code/gson/gson/2.2.4/gson-2.2.4.jar:/home/user/.m2/repository/com/jcraft/jsch/0.1.54/jsch-0.1.54.jar:/home/user/.m2/repository/org/apache/curator/curator-client/2.12.0/curator-client-2.12.0.jar:/home/user/.m2/repository/org/apache/curator/curator-recipes/2.12.0/curator-recipes-2.12.0.jar:/home/user/.m2/repository/com/google/code/findbugs/jsr305/3.0.0/jsr305-3.0.0.jar:/home/user/.m2/repository/org/apache/htrace/htrace-core4/4.1.0-incubating/htrace-core4-4.1.0-incubating.jar:/home/user/.m2/repository/org/apache/zookeeper/zookeeper/3.4.13/zookeeper-3.4.13.jar:/home/user/.m2/repository/org/apache/yetus/audience-annotations/0.5.0/audience-annotations-0.5.0.jar:/home/user/.m2/repository/org/codehaus/woodstox/stax2-api/3.1.4/stax2-api-3.1.4.jar:/home/user/.m2/repository/com/fasterxml/woodstox/woodstox-core/5.0.3/woodstox-core-5.0.3.jar:/home/user/.m2/repository/dnsjava/dnsjava/2.1.7/dnsjava-2.1.7.jar:/home/user/.m2/repository/org/apache/hadoop/hadoop-hdfs/3.2.0/hadoop-hdfs-3.2.0-tests.jar:/home/user/.m2/repository/org/eclipse/jetty/jetty-util-ajax/9.3.24.v20180605/jetty-util-ajax-9.3.24.v20180605.jar:/home/user/.m2/repository/commons-daemon/commons-daemon/1.0.13/commons-daemon-1.0.13.jar:/home/user/.m2/repository/io/netty/netty/3.10.5.Final/netty-3.10.5.Final.jar:/home/user/.m2/repository/io/netty/netty-all/4.0.52.Final/netty-all-4.0.52.Final.jar:/home/user/.m2/repository/org/fusesource/leveldbjni/leveldbjni-all/1.8/leveldbjni-all-1.8.jar:"/>
    <property name="java.vm.vendor" value="IcedTea"/>
    <property name="sun.arch.data.model" value="64"/>
    <property name="test.build.dir" value="/workdir/hadoop-ozone/integration-test/target/test-dir"/>
    <property name="test.cache.data" value=""/>
    <property name="java.vendor.url" value="https://icedtea.classpath.org"/>
    <property name="user.timezone" value=""/>
    <property name="java.vm.specification.version" value="1.8"/>
    <property name="os.name" value="Linux"/>
    <property name="test.build.data" value="/workdir/hadoop-ozone/integration-test/target/test-dir"/>
    <property name="user.country" value="US"/>
    <property name="sun.java.launcher" value="SUN_STANDARD"/>
    <property name="sun.boot.library.path" value="/usr/lib/jvm/java-1.8-openjdk/jre/lib/amd64"/>
    <property name="sun.java.command" value="/workdir/hadoop-ozone/integration-test/target/surefire/surefirebooter2245411090750330399.jar /workdir/hadoop-ozone/integration-test/target/surefire 2019-08-21T08-44-45_267-jvmRun1 surefire7533222253511408000tmp surefire_308277848610414648542tmp"/>
    <property name="surefire.test.class.path" value="/workdir/hadoop-ozone/integration-test/target/test-classes:/workdir/hadoop-ozone/integration-test/target/classes:/home/user/.m2/repository/org/apache/hadoop/hadoop-ozone-common/0.5.0-SNAPSHOT/hadoop-ozone-common-0.5.0-SNAPSHOT.jar:/home/user/.m2/repository/org/apache/commons/commons-compress/1.4.1/commons-compress-1.4.1.jar:/home/user/.m2/repository/org/tukaani/xz/1.0/xz-1.0.jar:/home/user/.m2/repository/org/apache/hadoop/hadoop-common/3.2.0/hadoop-common-3.2.0.jar:/home/user/.m2/repository/org/apache/hadoop/hadoop-hdfs/3.2.0/hadoop-hdfs-3.2.0.jar:/home/user/.m2/repository/org/apache/hadoop/hadoop-hdfs-client/3.2.0/hadoop-hdfs-client-3.2.0.jar:/home/user/.m2/repository/com/fasterxml/jackson/core/jackson-annotations/2.9.5/jackson-annotations-2.9.5.jar:/home/user/.m2/repository/org/apache/hadoop/hadoop-hdds-common/0.5.0-SNAPSHOT/hadoop-hdds-common-0.5.0-SNAPSHOT.jar:/home/user/.m2/repository/javax/annotation/javax.annotation-api/1.2/javax.annotation-api-1.2.jar:/home/user/.m2/repository/org/apache/ratis/ratis-server/0.4.0-2337318-SNAPSHOT/ratis-server-0.4.0-2337318-SNAPSHOT.jar:/home/user/.m2/repository/org/apache/ratis/ratis-thirdparty-misc/0.2.0/ratis-thirdparty-misc-0.2.0.jar:/home/user/.m2/repository/org/apache/ratis/ratis-proto/0.4.0-2337318-SNAPSHOT/ratis-proto-0.4.0-2337318-SNAPSHOT.jar:/home/user/.m2/repository/org/apache/ratis/ratis-common/0.4.0-2337318-SNAPSHOT/ratis-common-0.4.0-2337318-SNAPSHOT.jar:/home/user/.m2/repository/org/apache/ratis/ratis-client/0.4.0-2337318-SNAPSHOT/ratis-client-0.4.0-2337318-SNAPSHOT.jar:/home/user/.m2/repository/org/apache/ratis/ratis-metrics/0.4.0-2337318-SNAPSHOT/ratis-metrics-0.4.0-2337318-SNAPSHOT.jar:/home/user/.m2/repository/org/apache/ratis/ratis-netty/0.4.0-2337318-SNAPSHOT/ratis-netty-0.4.0-2337318-SNAPSHOT.jar:/home/user/.m2/repository/org/apache/ratis/ratis-grpc/0.4.0-2337318-SNAPSHOT/ratis-grpc-0.4.0-2337318-SNAPSHOT.jar:/home/user/.m2/repository/org/rocksdb/rocksdbjni/6.0.1/rocksdbjni-6.0.1.jar:/home/user/.m2/repository/org/apache/logging/log4j/log4j-api/2.11.0/log4j-api-2.11.0.jar:/home/user/.m2/repository/org/apache/logging/log4j/log4j-core/2.11.0/log4j-core-2.11.0.jar:/home/user/.m2/repository/com/lmax/disruptor/3.4.2/disruptor-3.4.2.jar:/home/user/.m2/repository/org/apache/commons/commons-pool2/2.6.0/commons-pool2-2.6.0.jar:/home/user/.m2/repository/org/bouncycastle/bcpkix-jdk15on/1.60/bcpkix-jdk15on-1.60.jar:/home/user/.m2/repository/commons-validator/commons-validator/1.6/commons-validator-1.6.jar:/home/user/.m2/repository/commons-digester/commons-digester/1.8.1/commons-digester-1.8.1.jar:/home/user/.m2/repository/io/jaegertracing/jaeger-client/0.33.1/jaeger-client-0.33.1.jar:/home/user/.m2/repository/io/jaegertracing/jaeger-thrift/0.33.1/jaeger-thrift-0.33.1.jar:/home/user/.m2/repository/org/apache/thrift/libthrift/0.11.0/libthrift-0.11.0.jar:/home/user/.m2/repository/com/squareup/okhttp3/okhttp/3.9.0/okhttp-3.9.0.jar:/home/user/.m2/repository/com/squareup/okio/okio/1.13.0/okio-1.13.0.jar:/home/user/.m2/repository/io/jaegertracing/jaeger-core/0.33.1/jaeger-core-0.33.1.jar:/home/user/.m2/repository/io/jaegertracing/jaeger-tracerresolver/0.33.1/jaeger-tracerresolver-0.33.1.jar:/home/user/.m2/repository/io/opentracing/contrib/opentracing-tracerresolver/0.1.5/opentracing-tracerresolver-0.1.5.jar:/home/user/.m2/repository/io/opentracing/opentracing-util/0.31.0/opentracing-util-0.31.0.jar:/home/user/.m2/repository/io/opentracing/opentracing-api/0.31.0/opentracing-api-0.31.0.jar:/home/user/.m2/repository/io/opentracing/opentracing-noop/0.31.0/opentracing-noop-0.31.0.jar:/home/user/.m2/repository/org/apache/hadoop/hadoop-hdds-server-framework/0.5.0-SNAPSHOT/hadoop-hdds-server-framework-0.5.0-SNAPSHOT.jar:/home/user/.m2/repository/org/apache/hadoop/hadoop-hdds-container-service/0.5.0-SNAPSHOT/hadoop-hdds-container-service-0.5.0-SNAPSHOT.jar:/home/user/.m2/repository/org/apache/hadoop/hadoop-hdds-client/0.5.0-SNAPSHOT/hadoop-hdds-client-0.5.0-SNAPSHOT.jar:/home/user/.m2/repository/org/apache/hadoop/hadoop-hdds-tools/0.5.0-SNAPSHOT/hadoop-hdds-tools-0.5.0-SNAPSHOT.jar:/home/user/.m2/repository/org/apache/hadoop/hadoop-hdds-server-scm/0.5.0-SNAPSHOT/hadoop-hdds-server-scm-0.5.0-SNAPSHOT.jar:/home/user/.m2/repository/org/apache/hadoop/hadoop-hdds-docs/0.5.0-SNAPSHOT/hadoop-hdds-docs-0.5.0-SNAPSHOT.jar:/home/user/.m2/repository/io/dropwizard/metrics/metrics-core/3.2.4/metrics-core-3.2.4.jar:/home/user/.m2/repository/org/hamcrest/hamcrest-all/1.3/hamcrest-all-1.3.jar:/home/user/.m2/repository/org/bouncycastle/bcprov-jdk15on/1.60/bcprov-jdk15on-1.60.jar:/home/user/.m2/repository/info/picocli/picocli/3.9.6/picocli-3.9.6.jar:/home/user/.m2/repository/com/google/protobuf/protobuf-java/2.5.0/protobuf-java-2.5.0.jar:/home/user/.m2/repository/com/google/guava/guava/11.0.2/guava-11.0.2.jar:/home/user/.m2/repository/org/apache/hadoop/hadoop-ozone-ozone-manager/0.5.0-SNAPSHOT/hadoop-ozone-ozone-manager-0.5.0-SNAPSHOT.jar:/home/user/.m2/repository/org/apache/hadoop/hadoop-minikdc/3.2.0/hadoop-minikdc-3.2.0.jar:/home/user/.m2/repository/commons-io/commons-io/2.5/commons-io-2.5.jar:/home/user/.m2/repository/org/apache/kerby/kerb-simplekdc/1.0.1/kerb-simplekdc-1.0.1.jar:/home/user/.m2/repository/org/apache/kerby/kerb-client/1.0.1/kerb-client-1.0.1.jar:/home/user/.m2/repository/org/apache/kerby/kerby-config/1.0.1/kerby-config-1.0.1.jar:/home/user/.m2/repository/org/apache/kerby/kerb-core/1.0.1/kerb-core-1.0.1.jar:/home/user/.m2/repository/org/apache/kerby/kerby-pkix/1.0.1/kerby-pkix-1.0.1.jar:/home/user/.m2/repository/org/apache/kerby/kerby-asn1/1.0.1/kerby-asn1-1.0.1.jar:/home/user/.m2/repository/org/apache/kerby/kerby-util/1.0.1/kerby-util-1.0.1.jar:/home/user/.m2/repository/org/apache/kerby/kerb-common/1.0.1/kerb-common-1.0.1.jar:/home/user/.m2/repository/org/apache/kerby/kerb-crypto/1.0.1/kerb-crypto-1.0.1.jar:/home/user/.m2/repository/org/apache/kerby/kerb-util/1.0.1/kerb-util-1.0.1.jar:/home/user/.m2/repository/org/apache/kerby/token-provider/1.0.1/token-provider-1.0.1.jar:/home/user/.m2/repository/org/apache/kerby/kerb-admin/1.0.1/kerb-admin-1.0.1.jar:/home/user/.m2/repository/org/apache/kerby/kerb-server/1.0.1/kerb-server-1.0.1.jar:/home/user/.m2/repository/org/apache/kerby/kerb-identity/1.0.1/kerb-identity-1.0.1.jar:/home/user/.m2/repository/org/apache/kerby/kerby-xdr/1.0.1/kerby-xdr-1.0.1.jar:/home/user/.m2/repository/org/slf4j/slf4j-log4j12/1.7.25/slf4j-log4j12-1.7.25.jar:/home/user/.m2/repository/org/apache/hadoop/hadoop-ozone-objectstore-service/0.5.0-SNAPSHOT/hadoop-ozone-objectstore-service-0.5.0-SNAPSHOT.jar:/home/user/.m2/repository/org/apache/hadoop/hadoop-ozone-s3gateway/0.5.0-SNAPSHOT/hadoop-ozone-s3gateway-0.5.0-SNAPSHOT.jar:/home/user/.m2/repository/org/jboss/weld/servlet/weld-servlet/2.4.7.Final/weld-servlet-2.4.7.Final.jar:/home/user/.m2/repository/org/glassfish/jersey/containers/jersey-container-servlet-core/2.27/jersey-container-servlet-core-2.27.jar:/home/user/.m2/repository/org/glassfish/hk2/external/javax.inject/2.5.0-b42/javax.inject-2.5.0-b42.jar:/home/user/.m2/repository/org/glassfish/jersey/core/jersey-common/2.27/jersey-common-2.27.jar:/home/user/.m2/repository/org/glassfish/hk2/osgi-resource-locator/1.0.1/osgi-resource-locator-1.0.1.jar:/home/user/.m2/repository/javax/ws/rs/javax.ws.rs-api/2.1/javax.ws.rs-api-2.1.jar:/home/user/.m2/repository/org/glassfish/jersey/ext/cdi/jersey-cdi1x/2.27/jersey-cdi1x-2.27.jar:/home/user/.m2/repository/org/glassfish/jersey/inject/jersey-hk2/2.27/jersey-hk2-2.27.jar:/home/user/.m2/repository/org/glassfish/hk2/hk2-locator/2.5.0-b42/hk2-locator-2.5.0-b42.jar:/home/user/.m2/repository/org/javassist/javassist/3.22.0-CR2/javassist-3.22.0-CR2.jar:/home/user/.m2/repository/org/glassfish/hk2/hk2-api/2.5.0/hk2-api-2.5.0.jar:/home/user/.m2/repository/org/glassfish/hk2/external/jakarta.inject/2.5.0/jakarta.inject-2.5.0.jar:/home/user/.m2/repository/org/glassfish/hk2/hk2-utils/2.5.0/hk2-utils-2.5.0.jar:/home/user/.m2/repository/jakarta/annotation/jakarta.annotation-api/1.3.4/jakarta.annotation-api-1.3.4.jar:/home/user/.m2/repository/org/glassfish/hk2/external/aopalliance-repackaged/2.5.0/aopalliance-repackaged-2.5.0.jar:/home/user/.m2/repository/com/fasterxml/jackson/dataformat/jackson-dataformat-xml/2.9.0/jackson-dataformat-xml-2.9.0.jar:/home/user/.m2/repository/com/fasterxml/jackson/core/jackson-core/2.9.5/jackson-core-2.9.5.jar:/home/user/.m2/repository/com/fasterxml/jackson/module/jackson-module-jaxb-annotations/2.9.5/jackson-module-jaxb-annotations-2.9.5.jar:/home/user/.m2/repository/javax/enterprise/cdi-api/1.2/cdi-api-1.2.jar:/home/user/.m2/repository/javax/el/javax.el-api/3.0.0/javax.el-api-3.0.0.jar:/home/user/.m2/repository/javax/interceptor/javax.interceptor-api/1.2/javax.interceptor-api-1.2.jar:/home/user/.m2/repository/javax/inject/javax.inject/1/javax.inject-1.jar:/home/user/.m2/repository/com/sun/xml/bind/jaxb-impl/2.3.0.1/jaxb-impl-2.3.0.1.jar:/home/user/.m2/repository/com/sun/xml/bind/jaxb-core/2.3.0.1/jaxb-core-2.3.0.1.jar:/home/user/.m2/repository/javax/xml/bind/jaxb-api/2.3.0/jaxb-api-2.3.0.jar:/home/user/.m2/repository/javax/activation/activation/1.1.1/activation-1.1.1.jar:/home/user/.m2/repository/org/apache/hadoop/hadoop-ozone-csi/0.5.0-SNAPSHOT/hadoop-ozone-csi-0.5.0-SNAPSHOT.jar:/home/user/.m2/repository/com/google/protobuf/protobuf-java-util/3.5.1/protobuf-java-util-3.5.1.jar:/home/user/.m2/repository/org/apache/hadoop/hadoop-hdds-config/0.5.0-SNAPSHOT/hadoop-hdds-config-0.5.0-SNAPSHOT.jar:/home/user/.m2/repository/io/grpc/grpc-netty/1.17.1/grpc-netty-1.17.1.jar:/home/user/.m2/repository/io/grpc/grpc-core/1.17.1/grpc-core-1.17.1.jar:/home/user/.m2/repository/io/grpc/grpc-context/1.17.1/grpc-context-1.17.1.jar:/home/user/.m2/repository/com/google/errorprone/error_prone_annotations/2.2.0/error_prone_annotations-2.2.0.jar:/home/user/.m2/repository/org/codehaus/mojo/animal-sniffer-annotations/1.17/animal-sniffer-annotations-1.17.jar:/home/user/.m2/repository/io/opencensus/opencensus-api/0.17.0/opencensus-api-0.17.0.jar:/home/user/.m2/repository/io/opencensus/opencensus-contrib-grpc-metrics/0.17.0/opencensus-contrib-grpc-metrics-0.17.0.jar:/home/user/.m2/repository/io/netty/netty-codec-http2/4.1.30.Final/netty-codec-http2-4.1.30.Final.jar:/home/user/.m2/repository/io/netty/netty-codec-http/4.1.30.Final/netty-codec-http-4.1.30.Final.jar:/home/user/.m2/repository/io/netty/netty-codec/4.1.30.Final/netty-codec-4.1.30.Final.jar:/home/user/.m2/repository/io/netty/netty-handler/4.1.30.Final/netty-handler-4.1.30.Final.jar:/home/user/.m2/repository/io/netty/netty-handler-proxy/4.1.30.Final/netty-handler-proxy-4.1.30.Final.jar:/home/user/.m2/repository/io/netty/netty-codec-socks/4.1.30.Final/netty-codec-socks-4.1.30.Final.jar:/home/user/.m2/repository/io/netty/netty-transport-native-epoll/4.1.30.Final/netty-transport-native-epoll-4.1.30.Final.jar:/home/user/.m2/repository/io/netty/netty-common/4.1.30.Final/netty-common-4.1.30.Final.jar:/home/user/.m2/repository/io/netty/netty-buffer/4.1.30.Final/netty-buffer-4.1.30.Final.jar:/home/user/.m2/repository/io/netty/netty-transport/4.1.30.Final/netty-transport-4.1.30.Final.jar:/home/user/.m2/repository/io/netty/netty-resolver/4.1.30.Final/netty-resolver-4.1.30.Final.jar:/home/user/.m2/repository/io/netty/netty-transport-native-unix-common/4.1.30.Final/netty-transport-native-unix-common-4.1.30.Final.jar:/home/user/.m2/repository/io/grpc/grpc-protobuf/1.17.1/grpc-protobuf-1.17.1.jar:/home/user/.m2/repository/com/google/api/grpc/proto-google-common-protos/1.0.0/proto-google-common-protos-1.0.0.jar:/home/user/.m2/repository/io/grpc/grpc-protobuf-lite/1.17.1/grpc-protobuf-lite-1.17.1.jar:/home/user/.m2/repository/io/grpc/grpc-stub/1.17.1/grpc-stub-1.17.1.jar:/home/user/.m2/repository/org/apache/hadoop/hadoop-ozone-recon/0.5.0-SNAPSHOT/hadoop-ozone-recon-0.5.0-SNAPSHOT.jar:/home/user/.m2/repository/org/apache/hadoop/hadoop-ozone-reconcodegen/0.5.0-SNAPSHOT/hadoop-ozone-reconcodegen-0.5.0-SNAPSHOT.jar:/home/user/.m2/repository/com/google/inject/extensions/guice-multibindings/4.0/guice-multibindings-4.0.jar:/home/user/.m2/repository/com/google/inject/guice/4.0/guice-4.0.jar:/home/user/.m2/repository/aopalliance/aopalliance/1.0/aopalliance-1.0.jar:/home/user/.m2/repository/com/google/inject/extensions/guice-servlet/4.0/guice-servlet-4.0.jar:/home/user/.m2/repository/org/glassfish/jersey/containers/jersey-container-servlet/2.27/jersey-container-servlet-2.27.jar:/home/user/.m2/repository/org/glassfish/hk2/guice-bridge/2.5.0/guice-bridge-2.5.0.jar:/home/user/.m2/repository/org/glassfish/jersey/core/jersey-server/2.27/jersey-server-2.27.jar:/home/user/.m2/repository/org/glassfish/jersey/core/jersey-client/2.27/jersey-client-2.27.jar:/home/user/.m2/repository/org/glassfish/jersey/media/jersey-media-jaxb/2.27/jersey-media-jaxb-2.27.jar:/home/user/.m2/repository/javax/validation/validation-api/1.1.0.Final/validation-api-1.1.0.Final.jar:/home/user/.m2/repository/org/glassfish/jersey/media/jersey-media-json-jackson/2.27/jersey-media-json-jackson-2.27.jar:/home/user/.m2/repository/org/glassfish/jersey/ext/jersey-entity-filtering/2.27/jersey-entity-filtering-2.27.jar:/home/user/.m2/repository/com/google/inject/extensions/guice-assistedinject/4.0/guice-assistedinject-4.0.jar:/home/user/.m2/repository/org/jooq/jooq/3.11.10/jooq-3.11.10.jar:/home/user/.m2/repository/org/jooq/jooq-meta/3.11.10/jooq-meta-3.11.10.jar:/home/user/.m2/repository/org/jooq/jooq-codegen/3.11.10/jooq-codegen-3.11.10.jar:/home/user/.m2/repository/com/jolbox/bonecp/0.8.0.RELEASE/bonecp-0.8.0.RELEASE.jar:/home/user/.m2/repository/org/xerial/sqlite-jdbc/3.25.2/sqlite-jdbc-3.25.2.jar:/home/user/.m2/repository/org/springframework/spring-jdbc/5.1.3.RELEASE/spring-jdbc-5.1.3.RELEASE.jar:/home/user/.m2/repository/org/springframework/spring-beans/5.1.3.RELEASE/spring-beans-5.1.3.RELEASE.jar:/home/user/.m2/repository/org/springframework/spring-core/5.1.3.RELEASE/spring-core-5.1.3.RELEASE.jar:/home/user/.m2/repository/org/springframework/spring-jcl/5.1.3.RELEASE/spring-jcl-5.1.3.RELEASE.jar:/home/user/.m2/repository/org/springframework/spring-tx/5.1.3.RELEASE/spring-tx-5.1.3.RELEASE.jar:/home/user/.m2/repository/org/apache/hadoop/hadoop-ozone-client/0.5.0-SNAPSHOT/hadoop-ozone-client-0.5.0-SNAPSHOT.jar:/home/user/.m2/repository/commons-lang/commons-lang/2.6/commons-lang-2.6.jar:/home/user/.m2/repository/org/apache/hadoop/hadoop-ozone-ozone-manager/0.5.0-SNAPSHOT/hadoop-ozone-ozone-manager-0.5.0-SNAPSHOT-tests.jar:/home/user/.m2/repository/junit/junit/4.11/junit-4.11.jar:/home/user/.m2/repository/org/hamcrest/hamcrest-core/1.3/hamcrest-core-1.3.jar:/home/user/.m2/repository/org/openjdk/jmh/jmh-core/1.19/jmh-core-1.19.jar:/home/user/.m2/repository/net/sf/jopt-simple/jopt-simple/4.6/jopt-simple-4.6.jar:/home/user/.m2/repository/org/apache/commons/commons-math3/3.1.1/commons-math3-3.1.1.jar:/home/user/.m2/repository/org/openjdk/jmh/jmh-generator-annprocess/1.19/jmh-generator-annprocess-1.19.jar:/home/user/.m2/repository/org/mockito/mockito-all/1.8.5/mockito-all-1.8.5.jar:/home/user/.m2/repository/org/apache/hadoop/hadoop-kms/3.2.0/hadoop-kms-3.2.0.jar:/home/user/.m2/repository/org/apache/hadoop/hadoop-auth/3.2.0/hadoop-auth-3.2.0.jar:/home/user/.m2/repository/com/nimbusds/nimbus-jose-jwt/4.41.1/nimbus-jose-jwt-4.41.1.jar:/home/user/.m2/repository/com/github/stephenc/jcip/jcip-annotations/1.0-1/jcip-annotations-1.0-1.jar:/home/user/.m2/repository/net/minidev/json-smart/2.3/json-smart-2.3.jar:/home/user/.m2/repository/net/minidev/accessors-smart/1.2/accessors-smart-1.2.jar:/home/user/.m2/repository/org/ow2/asm/asm/5.0.4/asm-5.0.4.jar:/home/user/.m2/repository/org/apache/curator/curator-framework/2.12.0/curator-framework-2.12.0.jar:/home/user/.m2/repository/com/sun/jersey/jersey-core/1.19/jersey-core-1.19.jar:/home/user/.m2/repository/javax/ws/rs/jsr311-api/1.1.1/jsr311-api-1.1.1.jar:/home/user/.m2/repository/com/sun/jersey/jersey-server/1.19/jersey-server-1.19.jar:/home/user/.m2/repository/javax/servlet/javax.servlet-api/3.1.0/javax.servlet-api-3.1.0.jar:/home/user/.m2/repository/org/eclipse/jetty/jetty-server/9.3.24.v20180605/jetty-server-9.3.24.v20180605.jar:/home/user/.m2/repository/org/eclipse/jetty/jetty-http/9.3.24.v20180605/jetty-http-9.3.24.v20180605.jar:/home/user/.m2/repository/org/eclipse/jetty/jetty-io/9.3.24.v20180605/jetty-io-9.3.24.v20180605.jar:/home/user/.m2/repository/org/eclipse/jetty/jetty-webapp/9.3.24.v20180605/jetty-webapp-9.3.24.v20180605.jar:/home/user/.m2/repository/org/eclipse/jetty/jetty-xml/9.3.24.v20180605/jetty-xml-9.3.24.v20180605.jar:/home/user/.m2/repository/log4j/log4j/1.2.17/log4j-1.2.17.jar:/home/user/.m2/repository/org/slf4j/slf4j-api/1.7.25/slf4j-api-1.7.25.jar:/home/user/.m2/repository/org/slf4j/jul-to-slf4j/1.7.25/jul-to-slf4j-1.7.25.jar:/home/user/.m2/repository/org/eclipse/jetty/jetty-util/9.3.24.v20180605/jetty-util-9.3.24.v20180605.jar:/home/user/.m2/repository/com/fasterxml/jackson/core/jackson-databind/2.9.5/jackson-databind-2.9.5.jar:/home/user/.m2/repository/org/apache/hadoop/hadoop-kms/3.2.0/hadoop-kms-3.2.0-tests.jar:/home/user/.m2/repository/org/apache/hadoop/hadoop-hdds-server-scm/0.5.0-SNAPSHOT/hadoop-hdds-server-scm-0.5.0-SNAPSHOT-tests.jar:/home/user/.m2/repository/org/apache/hadoop/hadoop-hdds-container-service/0.5.0-SNAPSHOT/hadoop-hdds-container-service-0.5.0-SNAPSHOT-tests.jar:/home/user/.m2/repository/org/yaml/snakeyaml/1.16/snakeyaml-1.16.jar:/home/user/.m2/repository/org/apache/hadoop/hadoop-common/3.2.0/hadoop-common-3.2.0-tests.jar:/home/user/.m2/repository/org/apache/hadoop/hadoop-annotations/3.2.0/hadoop-annotations-3.2.0.jar:/usr/lib/jvm/java-1.8-openjdk/jre/../lib/tools.jar:/home/user/.m2/repository/commons-cli/commons-cli/1.2/commons-cli-1.2.jar:/home/user/.m2/repository/org/apache/httpcomponents/httpclient/4.5.2/httpclient-4.5.2.jar:/home/user/.m2/repository/org/apache/httpcomponents/httpcore/4.4.4/httpcore-4.4.4.jar:/home/user/.m2/repository/commons-codec/commons-codec/1.11/commons-codec-1.11.jar:/home/user/.m2/repository/commons-net/commons-net/3.6/commons-net-3.6.jar:/home/user/.m2/repository/commons-collections/commons-collections/3.2.2/commons-collections-3.2.2.jar:/home/user/.m2/repository/org/eclipse/jetty/jetty-servlet/9.3.24.v20180605/jetty-servlet-9.3.24.v20180605.jar:/home/user/.m2/repository/org/eclipse/jetty/jetty-security/9.3.24.v20180605/jetty-security-9.3.24.v20180605.jar:/home/user/.m2/repository/javax/servlet/jsp/jsp-api/2.1/jsp-api-2.1.jar:/home/user/.m2/repository/com/sun/jersey/jersey-servlet/1.19/jersey-servlet-1.19.jar:/home/user/.m2/repository/com/sun/jersey/jersey-json/1.19/jersey-json-1.19.jar:/home/user/.m2/repository/org/codehaus/jettison/jettison/1.1/jettison-1.1.jar:/home/user/.m2/repository/org/codehaus/jackson/jackson-core-asl/1.9.13/jackson-core-asl-1.9.13.jar:/home/user/.m2/repository/org/codehaus/jackson/jackson-mapper-asl/1.9.13/jackson-mapper-asl-1.9.13.jar:/home/user/.m2/repository/org/codehaus/jackson/jackson-jaxrs/1.9.13/jackson-jaxrs-1.9.13.jar:/home/user/.m2/repository/org/codehaus/jackson/jackson-xc/1.9.13/jackson-xc-1.9.13.jar:/home/user/.m2/repository/commons-logging/commons-logging/1.1.3/commons-logging-1.1.3.jar:/home/user/.m2/repository/commons-beanutils/commons-beanutils/1.9.3/commons-beanutils-1.9.3.jar:/home/user/.m2/repository/org/apache/commons/commons-configuration2/2.1.1/commons-configuration2-2.1.1.jar:/home/user/.m2/repository/org/apache/commons/commons-lang3/3.7/commons-lang3-3.7.jar:/home/user/.m2/repository/org/apache/commons/commons-text/1.4/commons-text-1.4.jar:/home/user/.m2/repository/org/apache/avro/avro/1.7.7/avro-1.7.7.jar:/home/user/.m2/repository/com/thoughtworks/paranamer/paranamer/2.3/paranamer-2.3.jar:/home/user/.m2/repository/org/xerial/snappy/snappy-java/1.0.5/snappy-java-1.0.5.jar:/home/user/.m2/repository/com/google/re2j/re2j/1.1/re2j-1.1.jar:/home/user/.m2/repository/com/google/code/gson/gson/2.2.4/gson-2.2.4.jar:/home/user/.m2/repository/com/jcraft/jsch/0.1.54/jsch-0.1.54.jar:/home/user/.m2/repository/org/apache/curator/curator-client/2.12.0/curator-client-2.12.0.jar:/home/user/.m2/repository/org/apache/curator/curator-recipes/2.12.0/curator-recipes-2.12.0.jar:/home/user/.m2/repository/com/google/code/findbugs/jsr305/3.0.0/jsr305-3.0.0.jar:/home/user/.m2/repository/org/apache/htrace/htrace-core4/4.1.0-incubating/htrace-core4-4.1.0-incubating.jar:/home/user/.m2/repository/org/apache/zookeeper/zookeeper/3.4.13/zookeeper-3.4.13.jar:/home/user/.m2/repository/org/apache/yetus/audience-annotations/0.5.0/audience-annotations-0.5.0.jar:/home/user/.m2/repository/org/codehaus/woodstox/stax2-api/3.1.4/stax2-api-3.1.4.jar:/home/user/.m2/repository/com/fasterxml/woodstox/woodstox-core/5.0.3/woodstox-core-5.0.3.jar:/home/user/.m2/repository/dnsjava/dnsjava/2.1.7/dnsjava-2.1.7.jar:/home/user/.m2/repository/org/apache/hadoop/hadoop-hdfs/3.2.0/hadoop-hdfs-3.2.0-tests.jar:/home/user/.m2/repository/org/eclipse/jetty/jetty-util-ajax/9.3.24.v20180605/jetty-util-ajax-9.3.24.v20180605.jar:/home/user/.m2/repository/commons-daemon/commons-daemon/1.0.13/commons-daemon-1.0.13.jar:/home/user/.m2/repository/io/netty/netty/3.10.5.Final/netty-3.10.5.Final.jar:/home/user/.m2/repository/io/netty/netty-all/4.0.52.Final/netty-all-4.0.52.Final.jar:/home/user/.m2/repository/org/fusesource/leveldbjni/leveldbjni-all/1.8/leveldbjni-all-1.8.jar:"/>
    <property name="sun.cpu.endian" value="little"/>
    <property name="user.home" value="/home/user"/>
    <property name="user.language" value="en"/>
    <property name="java.specification.vendor" value="Oracle Corporation"/>
    <property name="java.home" value="/usr/lib/jvm/java-1.8-openjdk/jre"/>
    <property name="java.security.krb5.conf" value="/workdir/hadoop-ozone/integration-test/target/test-classes/krb5.conf"/>
    <property name="basedir" value="/workdir/hadoop-ozone/integration-test"/>
    <property name="file.separator" value="/"/>
    <property name="line.separator" value="&#10;"/>
    <property name="java.vm.specification.vendor" value="Oracle Corporation"/>
    <property name="java.specification.name" value="Java Platform API Specification"/>
    <property name="java.awt.graphicsenv" value="sun.awt.X11GraphicsEnvironment"/>
    <property name="surefire.real.class.path" value="/workdir/hadoop-ozone/integration-test/target/surefire/surefirebooter2245411090750330399.jar"/>
    <property name="hadoop.log.dir" value="/workdir/hadoop-ozone/integration-test/target/log"/>
    <property name="sun.boot.class.path" value="/usr/lib/jvm/java-1.8-openjdk/jre/lib/resources.jar:/usr/lib/jvm/java-1.8-openjdk/jre/lib/rt.jar:/usr/lib/jvm/java-1.8-openjdk/jre/lib/sunrsasign.jar:/usr/lib/jvm/java-1.8-openjdk/jre/lib/jsse.jar:/usr/lib/jvm/java-1.8-openjdk/jre/lib/jce.jar:/usr/lib/jvm/java-1.8-openjdk/jre/lib/charsets.jar:/usr/lib/jvm/java-1.8-openjdk/jre/lib/jfr.jar:/usr/lib/jvm/java-1.8-openjdk/jre/classes"/>
    <property name="sun.management.compiler" value="HotSpot 64-Bit Tiered Compilers"/>
    <property name="java.runtime.version" value="1.8.0_212-b04"/>
    <property name="java.net.preferIPv4Stack" value="true"/>
    <property name="user.name" value="jenkins1000"/>
    <property name="path.separator" value=":"/>
    <property name="java.security.egd" value="file:///dev/urandom"/>
    <property name="os.version" value="3.10.0-957.12.2.el7.x86_64"/>
    <property name="java.endorsed.dirs" value="/usr/lib/jvm/java-1.8-openjdk/jre/lib/endorsed"/>
    <property name="java.runtime.name" value="OpenJDK Runtime Environment"/>
    <property name="file.encoding" value="UTF-8"/>
    <property name="java.vm.name" value="OpenJDK 64-Bit Server VM"/>
    <property name="test.build.webapps" value=""/>
    <property name="localRepository" value="/home/user/.m2/repository"/>
    <property name="java.vendor.url.bug" value="https://icedtea.classpath.org/bugzilla"/>
    <property name="java.io.tmpdir" value="/tmp"/>
    <property name="require.test.libhadoop" value=""/>
    <property name="java.version" value="1.8.0_212"/>
    <property name="user.dir" value="/workdir/hadoop-ozone/integration-test"/>
    <property name="os.arch" value="amd64"/>
    <property name="java.vm.specification.name" value="Java Virtual Machine Specification"/>
    <property name="test.build.classes" value="/workdir/hadoop-ozone/integration-test/target/test-classes"/>
    <property name="java.awt.printerjob" value="sun.print.PSPrinterJob"/>
    <property name="sun.os.patch.level" value="unknown"/>
    <property name="hadoop.tmp.dir" value="/workdir/hadoop-ozone/integration-test/target/tmp"/>
    <property name="java.library.path" value="/usr/lib/jvm/java-1.8-openjdk/jre/lib/amd64/server:/usr/lib/jvm/java-1.8-openjdk/jre/lib/amd64:/usr/lib/jvm/java-1.8-openjdk/jre/../lib/amd64:/workdir/hadoop-ozone/integration-test/target/native/target/usr/local/lib:/workdir/hadoop-ozone/integration-test/../../hadoop-common-project/hadoop-common/target/native/target/usr/local/lib:/usr/java/packages/lib/amd64:/usr/lib64:/lib64:/lib:/usr/lib"/>
    <property name="java.vm.info" value="mixed mode"/>
    <property name="java.vendor" value="IcedTea"/>
    <property name="java.vm.version" value="25.212-b04"/>
    <property name="java.ext.dirs" value="/usr/lib/jvm/java-1.8-openjdk/jre/lib/ext:/usr/java/packages/lib/ext"/>
    <property name="sun.io.unicode.encoding" value="UnicodeLittle"/>
    <property name="java.class.version" value="52.0"/>
  </properties>
  <testcase name="test2DatanodesFailure" classname="org.apache.hadoop.ozone.client.rpc.TestBlockOutputStreamWithFailures" time="44.171">
    <failure type="java.lang.AssertionError">java.lang.AssertionError
	at org.junit.Assert.fail(Assert.java:86)
	at org.junit.Assert.assertTrue(Assert.java:41)
	at org.junit.Assert.assertTrue(Assert.java:52)
	at org.apache.hadoop.ozone.client.rpc.TestBlockOutputStreamWithFailures.test2DatanodesFailure(TestBlockOutputStreamWithFailures.java:507)
	at sun.reflect.NativeMethodAccessorImpl.invoke0(Native Method)
	at sun.reflect.NativeMethodAccessorImpl.invoke(NativeMethodAccessorImpl.java:62)
	at sun.reflect.DelegatingMethodAccessorImpl.invoke(DelegatingMethodAccessorImpl.java:43)
	at java.lang.reflect.Method.invoke(Method.java:498)
	at org.junit.runners.model.FrameworkMethod$1.runReflectiveCall(FrameworkMethod.java:47)
	at org.junit.internal.runners.model.ReflectiveCallable.run(ReflectiveCallable.java:12)
	at org.junit.runners.model.FrameworkMethod.invokeExplosively(FrameworkMethod.java:44)
	at org.junit.internal.runners.statements.InvokeMethod.evaluate(InvokeMethod.java:17)
	at org.junit.internal.runners.statements.RunBefores.evaluate(RunBefores.java:26)
	at org.junit.internal.runners.statements.RunAfters.evaluate(RunAfters.java:27)
	at org.junit.runners.ParentRunner.runLeaf(ParentRunner.java:271)
	at org.junit.runners.BlockJUnit4ClassRunner.runChild(BlockJUnit4ClassRunner.java:70)
	at org.junit.runners.BlockJUnit4ClassRunner.runChild(BlockJUnit4ClassRunner.java:50)
	at org.junit.runners.ParentRunner$3.run(ParentRunner.java:238)
	at org.junit.runners.ParentRunner$1.schedule(ParentRunner.java:63)
	at org.junit.runners.ParentRunner.runChildren(ParentRunner.java:236)
	at org.junit.runners.ParentRunner.access$000(ParentRunner.java:53)
	at org.junit.runners.ParentRunner$2.evaluate(ParentRunner.java:229)
	at org.junit.runners.ParentRunner.run(ParentRunner.java:309)
	at org.apache.maven.surefire.junit4.JUnit4Provider.execute(JUnit4Provider.java:365)
	at org.apache.maven.surefire.junit4.JUnit4Provider.executeWithRerun(JUnit4Provider.java:273)
	at org.apache.maven.surefire.junit4.JUnit4Provider.executeTestSet(JUnit4Provider.java:238)
	at org.apache.maven.surefire.junit4.JUnit4Provider.invoke(JUnit4Provider.java:159)
	at org.apache.maven.surefire.booter.ForkedBooter.invokeProviderInSameClassLoader(ForkedBooter.java:384)
	at org.apache.maven.surefire.booter.ForkedBooter.runSuitesInProcess(ForkedBooter.java:345)
	at org.apache.maven.surefire.booter.ForkedBooter.execute(ForkedBooter.java:126)
	at org.apache.maven.surefire.booter.ForkedBooter.main(ForkedBooter.java:418)
</failure>
    <system-out><![CDATA[2019-08-21 09:04:25,245 WARN  server.ServerUtils (ServerUtils.java:getScmDbDir(145)) - ozone.scm.db.dirs is not configured. We recommend adding this setting. Falling back to ozone.metadata.dirs instead.
2019-08-21 09:04:25,371 WARN  server.ServerUtils (ServerUtils.java:getScmDbDir(145)) - ozone.scm.db.dirs is not configured. We recommend adding this setting. Falling back to ozone.metadata.dirs instead.
2019-08-21 09:04:25,375 WARN  server.ServerUtils (ServerUtils.java:getScmDbDir(145)) - ozone.scm.db.dirs is not configured. We recommend adding this setting. Falling back to ozone.metadata.dirs instead.
2019-08-21 09:04:25,395 INFO  util.log (Log.java:initialized(192)) - Logging initialized @931ms
2019-08-21 09:04:25,501 INFO  db.DBStoreBuilder (DBStoreBuilder.java:addTable(110)) - using custom profile for table: deletedBlocks
2019-08-21 09:04:25,501 INFO  db.DBStoreBuilder (DBStoreBuilder.java:processTables(161)) - Using default column profile:DBProfile.DISK for Table:deletedBlocks
2019-08-21 09:04:25,502 INFO  db.DBStoreBuilder (DBStoreBuilder.java:addTable(110)) - using custom profile for table: validCerts
2019-08-21 09:04:25,502 INFO  db.DBStoreBuilder (DBStoreBuilder.java:processTables(161)) - Using default column profile:DBProfile.DISK for Table:validCerts
2019-08-21 09:04:25,502 INFO  db.DBStoreBuilder (DBStoreBuilder.java:addTable(110)) - using custom profile for table: revokedCerts
2019-08-21 09:04:25,502 INFO  db.DBStoreBuilder (DBStoreBuilder.java:processTables(161)) - Using default column profile:DBProfile.DISK for Table:revokedCerts
2019-08-21 09:04:25,516 INFO  db.DBStoreBuilder (DBStoreBuilder.java:addTable(110)) - using custom profile for table: default
2019-08-21 09:04:25,516 INFO  db.DBStoreBuilder (DBStoreBuilder.java:processTables(167)) - Using default column profile:DBProfile.DISK for Table:default
2019-08-21 09:04:25,517 INFO  db.DBStoreBuilder (DBStoreBuilder.java:getDbProfile(198)) - Using default options. DBProfile.DISK
2019-08-21 09:04:25,743 INFO  net.NodeSchemaLoader (NodeSchemaLoader.java:loadSchemaFromFile(125)) - Loading file from sun.misc.CompoundEnumeration@5f058f00
2019-08-21 09:04:25,746 INFO  net.NodeSchemaLoader (NodeSchemaLoader.java:loadSchema(171)) - Loading network topology layer schema file
2019-08-21 09:04:25,844 INFO  node.SCMNodeManager (SCMNodeManager.java:<init>(121)) - Entering startup safe mode.
2019-08-21 09:04:25,921 INFO  algorithms.ContainerPlacementPolicyFactory (ContainerPlacementPolicyFactory.java:getPolicy(55)) - Create container placement policy of type org.apache.hadoop.hdds.scm.container.placement.algorithms.SCMContainerPlacementRandom
2019-08-21 09:04:25,936 WARN  server.ServerUtils (ServerUtils.java:getScmDbDir(145)) - ozone.scm.db.dirs is not configured. We recommend adding this setting. Falling back to ozone.metadata.dirs instead.
2019-08-21 09:04:26,006 INFO  pipeline.SCMPipelineManager (SCMPipelineManager.java:initializePipelineState(126)) - No pipeline exists in current db
2019-08-21 09:04:26,010 WARN  server.ServerUtils (ServerUtils.java:getScmDbDir(145)) - ozone.scm.db.dirs is not configured. We recommend adding this setting. Falling back to ozone.metadata.dirs instead.
2019-08-21 09:04:26,189 WARN  events.EventQueue (EventQueue.java:fireEvent(175)) - No event handler registered for event TypedEvent{payloadType=SafeModeStatus, name='SafeModeStatus'}
2019-08-21 09:04:26,558 INFO  ipc.CallQueueManager (CallQueueManager.java:<init>(84)) - Using callQueue: class java.util.concurrent.LinkedBlockingQueue, queueCapacity: 2000, scheduler: class org.apache.hadoop.ipc.DefaultRpcScheduler, ipcBackoff: false.
2019-08-21 09:04:26,586 INFO  ipc.Server (Server.java:run(1074)) - Starting Socket Reader #1 for port 40022
2019-08-21 09:04:26,610 INFO  ipc.CallQueueManager (CallQueueManager.java:<init>(84)) - Using callQueue: class java.util.concurrent.LinkedBlockingQueue, queueCapacity: 2000, scheduler: class org.apache.hadoop.ipc.DefaultRpcScheduler, ipcBackoff: false.
2019-08-21 09:04:26,611 INFO  ipc.Server (Server.java:run(1074)) - Starting Socket Reader #1 for port 45139
2019-08-21 09:04:26,618 INFO  ipc.CallQueueManager (CallQueueManager.java:<init>(84)) - Using callQueue: class java.util.concurrent.LinkedBlockingQueue, queueCapacity: 2000, scheduler: class org.apache.hadoop.ipc.DefaultRpcScheduler, ipcBackoff: false.
2019-08-21 09:04:26,619 INFO  ipc.Server (Server.java:run(1074)) - Starting Socket Reader #1 for port 42615
2019-08-21 09:04:26,785 INFO  hdfs.DFSUtil (DFSUtil.java:httpServerTemplateForNNAndJN(1641)) - Starting Web-server for scm at: http://0.0.0.0:0
2019-08-21 09:04:26,943 INFO  server.AuthenticationFilter (AuthenticationFilter.java:constructSecretProvider(240)) - Unable to initialize FileSignerSecretProvider, falling back to use random secrets.
2019-08-21 09:04:26,952 WARN  http.HttpRequestLog (HttpRequestLog.java:getRequestLog(97)) - Jetty request log can only be enabled using Log4j
2019-08-21 09:04:26,960 INFO  http.HttpServer2 (HttpServer2.java:addGlobalFilter(975)) - Added global filter 'safety' (class=org.apache.hadoop.http.HttpServer2$QuotingInputFilter)
2019-08-21 09:04:26,963 INFO  http.HttpServer2 (HttpServer2.java:addFilter(948)) - Added filter static_user_filter (class=org.apache.hadoop.http.lib.StaticUserWebFilter$StaticUserFilter) to context scm
2019-08-21 09:04:26,963 INFO  http.HttpServer2 (HttpServer2.java:addFilter(958)) - Added filter static_user_filter (class=org.apache.hadoop.http.lib.StaticUserWebFilter$StaticUserFilter) to context static
2019-08-21 09:04:26,963 INFO  http.HttpServer2 (HttpServer2.java:addFilter(958)) - Added filter static_user_filter (class=org.apache.hadoop.http.lib.StaticUserWebFilter$StaticUserFilter) to context logs
2019-08-21 09:04:26,992 INFO  server.StorageContainerManager (StorageContainerManager.java:start(759)) - StorageContainerLocationProtocol RPC server is listening at /0.0.0.0:42615
2019-08-21 09:04:27,055 WARN  impl.MetricsConfig (MetricsConfig.java:loadFirst(134)) - Cannot locate configuration: tried hadoop-metrics2-storagecontainermanager.properties,hadoop-metrics2.properties
2019-08-21 09:04:27,068 INFO  impl.MetricsSystemImpl (MetricsSystemImpl.java:startTimer(374)) - Scheduled Metric snapshot period at 10 second(s).
2019-08-21 09:04:27,068 INFO  impl.MetricsSystemImpl (MetricsSystemImpl.java:start(191)) - StorageContainerManager metrics system started
2019-08-21 09:04:27,377 INFO  server.SCMClientProtocolServer (SCMClientProtocolServer.java:start(151)) - RPC server for Client  is listening at /0.0.0.0:42615
2019-08-21 09:04:27,378 INFO  ipc.Server (Server.java:run(1314)) - IPC Server Responder: starting
2019-08-21 09:04:27,378 INFO  ipc.Server (Server.java:run(1153)) - IPC Server listener on 42615: starting
2019-08-21 09:04:27,381 INFO  server.StorageContainerManager (StorageContainerManager.java:start(769)) - ScmBlockLocationProtocol RPC server is listening at /0.0.0.0:45139
2019-08-21 09:04:27,382 INFO  server.SCMBlockProtocolServer (SCMBlockProtocolServer.java:start(140)) - RPC server for Block Protocol is listening at /0.0.0.0:45139
2019-08-21 09:04:27,382 INFO  ipc.Server (Server.java:run(1314)) - IPC Server Responder: starting
2019-08-21 09:04:27,383 INFO  ipc.Server (Server.java:run(1153)) - IPC Server listener on 45139: starting
2019-08-21 09:04:27,385 INFO  server.StorageContainerManager (StorageContainerManager.java:start(773)) - ScmDatanodeProtocl RPC server is listening at /0.0.0.0:40022
2019-08-21 09:04:27,386 INFO  server.SCMDatanodeProtocolServer (SCMDatanodeProtocolServer.java:start(191)) - RPC server for DataNodes is listening at /0.0.0.0:40022
2019-08-21 09:04:27,387 INFO  ipc.Server (Server.java:run(1314)) - IPC Server Responder: starting
2019-08-21 09:04:27,387 INFO  ipc.Server (Server.java:run(1153)) - IPC Server listener on 40022: starting
2019-08-21 09:04:27,392 INFO  http.HttpServer2 (HttpServer2.java:bindListener(1191)) - Jetty bound to port 34088
2019-08-21 09:04:27,394 INFO  server.Server (Server.java:doStart(351)) - jetty-9.3.24.v20180605, build timestamp: 2018-06-05T17:11:56Z, git hash: 84205aa28f11a4f31f2a3b86d1bba2cc8ab69827
2019-08-21 09:04:27,443 INFO  handler.ContextHandler (ContextHandler.java:doStart(781)) - Started o.e.j.s.ServletContextHandler@495b0487{/logs,file:///workdir/hadoop-ozone/integration-test/target/log,AVAILABLE}
2019-08-21 09:04:27,444 INFO  handler.ContextHandler (ContextHandler.java:doStart(781)) - Started o.e.j.s.ServletContextHandler@222eb8aa{/static,file:///workdir/hadoop-ozone/integration-test/target/test-classes/webapps/static,AVAILABLE}
2019-08-21 09:04:27,488 INFO  handler.ContextHandler (ContextHandler.java:doStart(781)) - Started o.e.j.w.WebAppContext@72f46e16{/,file:///workdir/hadoop-ozone/integration-test/target/test-classes/webapps/scm/,AVAILABLE}{/scm}
2019-08-21 09:04:27,495 INFO  server.AbstractConnector (AbstractConnector.java:doStart(278)) - Started ServerConnector@77307458{HTTP/1.1,[http/1.1]}{0.0.0.0:34088}
2019-08-21 09:04:27,495 INFO  server.Server (Server.java:doStart(419)) - Started @3031ms
2019-08-21 09:04:27,496 INFO  server.BaseHttpServer (BaseHttpServer.java:updateConnectorAddress(213)) - HTTP server of SCM is listening at http://0.0.0.0:34088
2019-08-21 09:04:27,501 INFO  util.JvmPauseMonitor (JvmPauseMonitor.java:run(188)) - Starting JVM pause monitor
2019-08-21 09:04:27,505 WARN  server.ServerUtils (ServerUtils.java:getDBPath(222)) - ozone.om.db.dirs is not configured. We recommend adding this setting. Falling back to ozone.metadata.dirs instead.
2019-08-21 09:04:27,621 WARN  server.ServerUtils (ServerUtils.java:getDBPath(222)) - ozone.om.db.dirs is not configured. We recommend adding this setting. Falling back to ozone.metadata.dirs instead.
2019-08-21 09:04:27,621 WARN  server.ServerUtils (ServerUtils.java:getDBPath(222)) - ozone.om.db.dirs is not configured. We recommend adding this setting. Falling back to ozone.metadata.dirs instead.
2019-08-21 09:04:27,622 INFO  om.OzoneManager (OzoneManager.java:setOMNodeDetails(647)) - OM Service ID is not set. Setting it to the default ID: omServiceIdDefault
2019-08-21 09:04:27,623 INFO  om.OzoneManager (OzoneManager.java:setOMNodeDetails(653)) - OM Node ID is not set. Setting it to the OmStorage's OmID: 27278de3-2164-4de3-8ec0-9e47fc4ed340
2019-08-21 09:04:27,624 INFO  om.OzoneManager (OzoneManager.java:loadOMHAConfigs(604)) - Found matching OM address with OMServiceId: null, OMNodeId: null, RPC Address: localhost:0 and Ratis port: 9872
2019-08-21 09:04:28,354 WARN  server.ServerUtils (ServerUtils.java:getDBPath(222)) - ozone.om.db.dirs is not configured. We recommend adding this setting. Falling back to ozone.metadata.dirs instead.
2019-08-21 09:04:28,363 INFO  db.DBStoreBuilder (DBStoreBuilder.java:addTable(110)) - using custom profile for table: userTable
2019-08-21 09:04:28,363 INFO  db.DBStoreBuilder (DBStoreBuilder.java:processTables(161)) - Using default column profile:DBProfile.DISK for Table:userTable
2019-08-21 09:04:28,363 INFO  db.DBStoreBuilder (DBStoreBuilder.java:addTable(110)) - using custom profile for table: volumeTable
2019-08-21 09:04:28,364 INFO  db.DBStoreBuilder (DBStoreBuilder.java:processTables(161)) - Using default column profile:DBProfile.DISK for Table:volumeTable
2019-08-21 09:04:28,364 INFO  db.DBStoreBuilder (DBStoreBuilder.java:addTable(110)) - using custom profile for table: bucketTable
2019-08-21 09:04:28,364 INFO  db.DBStoreBuilder (DBStoreBuilder.java:processTables(161)) - Using default column profile:DBProfile.DISK for Table:bucketTable
2019-08-21 09:04:28,365 INFO  db.DBStoreBuilder (DBStoreBuilder.java:addTable(110)) - using custom profile for table: keyTable
2019-08-21 09:04:28,365 INFO  db.DBStoreBuilder (DBStoreBuilder.java:processTables(161)) - Using default column profile:DBProfile.DISK for Table:keyTable
2019-08-21 09:04:28,365 INFO  db.DBStoreBuilder (DBStoreBuilder.java:addTable(110)) - using custom profile for table: deletedTable
2019-08-21 09:04:28,365 INFO  db.DBStoreBuilder (DBStoreBuilder.java:processTables(161)) - Using default column profile:DBProfile.DISK for Table:deletedTable
2019-08-21 09:04:28,366 INFO  db.DBStoreBuilder (DBStoreBuilder.java:addTable(110)) - using custom profile for table: openKeyTable
2019-08-21 09:04:28,366 INFO  db.DBStoreBuilder (DBStoreBuilder.java:processTables(161)) - Using default column profile:DBProfile.DISK for Table:openKeyTable
2019-08-21 09:04:28,366 INFO  db.DBStoreBuilder (DBStoreBuilder.java:addTable(110)) - using custom profile for table: s3Table
2019-08-21 09:04:28,367 INFO  db.DBStoreBuilder (DBStoreBuilder.java:processTables(161)) - Using default column profile:DBProfile.DISK for Table:s3Table
2019-08-21 09:04:28,367 INFO  db.DBStoreBuilder (DBStoreBuilder.java:addTable(110)) - using custom profile for table: multipartInfoTable
2019-08-21 09:04:28,367 INFO  db.DBStoreBuilder (DBStoreBuilder.java:processTables(161)) - Using default column profile:DBProfile.DISK for Table:multipartInfoTable
2019-08-21 09:04:28,368 INFO  db.DBStoreBuilder (DBStoreBuilder.java:addTable(110)) - using custom profile for table: dTokenTable
2019-08-21 09:04:28,368 INFO  db.DBStoreBuilder (DBStoreBuilder.java:processTables(161)) - Using default column profile:DBProfile.DISK for Table:dTokenTable
2019-08-21 09:04:28,368 INFO  db.DBStoreBuilder (DBStoreBuilder.java:addTable(110)) - using custom profile for table: s3SecretTable
2019-08-21 09:04:28,368 INFO  db.DBStoreBuilder (DBStoreBuilder.java:processTables(161)) - Using default column profile:DBProfile.DISK for Table:s3SecretTable
2019-08-21 09:04:28,369 INFO  db.DBStoreBuilder (DBStoreBuilder.java:addTable(110)) - using custom profile for table: prefixTable
2019-08-21 09:04:28,369 INFO  db.DBStoreBuilder (DBStoreBuilder.java:processTables(161)) - Using default column profile:DBProfile.DISK for Table:prefixTable
2019-08-21 09:04:28,369 INFO  db.DBStoreBuilder (DBStoreBuilder.java:addTable(110)) - using custom profile for table: default
2019-08-21 09:04:28,370 INFO  db.DBStoreBuilder (DBStoreBuilder.java:processTables(167)) - Using default column profile:DBProfile.DISK for Table:default
2019-08-21 09:04:28,370 INFO  db.DBStoreBuilder (DBStoreBuilder.java:getDbProfile(198)) - Using default options. DBProfile.DISK
2019-08-21 09:04:28,755 INFO  ipc.CallQueueManager (CallQueueManager.java:<init>(84)) - Using callQueue: class java.util.concurrent.LinkedBlockingQueue, queueCapacity: 2000, scheduler: class org.apache.hadoop.ipc.DefaultRpcScheduler, ipcBackoff: false.
2019-08-21 09:04:28,757 INFO  ipc.Server (Server.java:run(1074)) - Starting Socket Reader #1 for port 35525
2019-08-21 09:04:28,785 INFO  om.OzoneManager (OzoneManager.java:start(1258)) - OzoneManager RPC server is listening at localhost/127.0.0.1:35525
2019-08-21 09:04:28,786 INFO  impl.MetricsSystemImpl (MetricsSystemImpl.java:init(158)) - OzoneManager metrics system started (again)
2019-08-21 09:04:28,788 INFO  ipc.Server (Server.java:run(1314)) - IPC Server Responder: starting
2019-08-21 09:04:28,788 INFO  ipc.Server (Server.java:run(1153)) - IPC Server listener on 35525: starting
2019-08-21 09:04:28,795 INFO  hdfs.DFSUtil (DFSUtil.java:httpServerTemplateForNNAndJN(1641)) - Starting Web-server for ozoneManager at: http://0.0.0.0:0
2019-08-21 09:04:28,798 INFO  server.AuthenticationFilter (AuthenticationFilter.java:constructSecretProvider(240)) - Unable to initialize FileSignerSecretProvider, falling back to use random secrets.
2019-08-21 09:04:28,799 WARN  http.HttpRequestLog (HttpRequestLog.java:getRequestLog(97)) - Jetty request log can only be enabled using Log4j
2019-08-21 09:04:28,802 INFO  http.HttpServer2 (HttpServer2.java:addGlobalFilter(975)) - Added global filter 'safety' (class=org.apache.hadoop.http.HttpServer2$QuotingInputFilter)
2019-08-21 09:04:28,804 INFO  http.HttpServer2 (HttpServer2.java:addFilter(948)) - Added filter static_user_filter (class=org.apache.hadoop.http.lib.StaticUserWebFilter$StaticUserFilter) to context ozoneManager
2019-08-21 09:04:28,804 INFO  http.HttpServer2 (HttpServer2.java:addFilter(958)) - Added filter static_user_filter (class=org.apache.hadoop.http.lib.StaticUserWebFilter$StaticUserFilter) to context static
2019-08-21 09:04:28,805 INFO  http.HttpServer2 (HttpServer2.java:addFilter(958)) - Added filter static_user_filter (class=org.apache.hadoop.http.lib.StaticUserWebFilter$StaticUserFilter) to context logs
2019-08-21 09:04:28,808 INFO  http.HttpServer2 (HttpServer2.java:bindListener(1191)) - Jetty bound to port 43098
2019-08-21 09:04:28,808 INFO  server.Server (Server.java:doStart(351)) - jetty-9.3.24.v20180605, build timestamp: 2018-06-05T17:11:56Z, git hash: 84205aa28f11a4f31f2a3b86d1bba2cc8ab69827
2019-08-21 09:04:28,811 INFO  handler.ContextHandler (ContextHandler.java:doStart(781)) - Started o.e.j.s.ServletContextHandler@4482469c{/logs,file:///workdir/hadoop-ozone/integration-test/target/log,AVAILABLE}
2019-08-21 09:04:28,812 INFO  handler.ContextHandler (ContextHandler.java:doStart(781)) - Started o.e.j.s.ServletContextHandler@34cf5a97{/static,file:///workdir/hadoop-ozone/integration-test/target/test-classes/webapps/static,AVAILABLE}
2019-08-21 09:04:28,819 INFO  handler.ContextHandler (ContextHandler.java:doStart(781)) - Started o.e.j.w.WebAppContext@4bff2185{/,file:///workdir/hadoop-ozone/integration-test/target/test-classes/webapps/ozoneManager/,AVAILABLE}{/ozoneManager}
2019-08-21 09:04:28,820 INFO  server.AbstractConnector (AbstractConnector.java:doStart(278)) - Started ServerConnector@5c20ffa8{HTTP/1.1,[http/1.1]}{0.0.0.0:43098}
2019-08-21 09:04:28,821 INFO  server.Server (Server.java:doStart(419)) - Started @4357ms
2019-08-21 09:04:28,822 INFO  server.BaseHttpServer (BaseHttpServer.java:updateConnectorAddress(213)) - HTTP server of OZONEMANAGER is listening at http://0.0.0.0:43098
2019-08-21 09:04:29,153 INFO  impl.MetricsSystemImpl (MetricsSystemImpl.java:init(158)) - HddsDatanode metrics system started (again)
2019-08-21 09:04:29,282 INFO  ozone.HddsDatanodeService (HddsDatanodeService.java:start(184)) - HddsDatanodeService host:pr-hdds-1948-qvnss-3490636412 ip:192.168.157.251
2019-08-21 09:04:29,321 INFO  volume.HddsVolume (HddsVolume.java:<init>(176)) - Creating Volume: /workdir/hadoop-ozone/integration-test/target/test-dir/MiniOzoneClusterImpl-1abac8c2-5122-4d50-8eb0-e3407d0689a4/datanode-0/data/containers/hdds of  storage type : DISK and capacity : 1482555576320
2019-08-21 09:04:29,324 INFO  volume.VolumeSet (VolumeSet.java:initializeVolumeSet(170)) - Added Volume : /workdir/hadoop-ozone/integration-test/target/test-dir/MiniOzoneClusterImpl-1abac8c2-5122-4d50-8eb0-e3407d0689a4/datanode-0/data/containers/hdds to VolumeSet
2019-08-21 09:04:29,327 INFO  volume.ThrottledAsyncChecker (ThrottledAsyncChecker.java:schedule(140)) - Scheduling a check for org.apache.hadoop.ozone.container.common.volume.HddsVolume@59532566
2019-08-21 09:04:29,346 INFO  volume.HddsVolumeChecker (HddsVolumeChecker.java:checkAllVolumes(203)) - Scheduled health check for volume org.apache.hadoop.ozone.container.common.volume.HddsVolume@59532566
2019-08-21 09:04:29,463 INFO  impl.RaftServerProxy (ConfUtils.java:logGet(43)) - raft.rpc.type = GRPC (default)
2019-08-21 09:04:29,530 INFO  grpc.GrpcFactory (GrpcFactory.java:checkPooledByteBufAllocatorUseCacheForAllThreads(45)) - PERFORMANCE WARNING: useCacheForAllThreads is true that may cause Netty to create a lot garbage objects and, as a result, trigger GC.
	It is recommended to disable useCacheForAllThreads by setting -Dorg.apache.ratis.thirdparty.io.netty.allocator.useCacheForAllThreads=false in command line.
2019-08-21 09:04:29,535 INFO  grpc.GrpcConfigKeys$Server (ConfUtils.java:logGet(43)) - raft.grpc.server.port = 0 (default)
2019-08-21 09:04:29,536 INFO  server.GrpcService (ConfUtils.java:logGet(43)) - raft.grpc.message.size.max = 33570816 (custom)
2019-08-21 09:04:29,537 INFO  server.RaftServerConfigKeys (ConfUtils.java:logGet(43)) - raft.server.log.appender.buffer.byte-limit = 33554432 (custom)
2019-08-21 09:04:29,538 INFO  server.GrpcService (ConfUtils.java:logGet(43)) - raft.grpc.flow.control.window = 1MB (=1048576) (default)
2019-08-21 09:04:29,539 INFO  server.RaftServerConfigKeys (ConfUtils.java:logGet(43)) - raft.server.rpc.request.timeout = 3000ms (default)
2019-08-21 09:04:29,695 INFO  server.RaftServerConfigKeys (ConfUtils.java:logGet(43)) - raft.server.storage.dir = [/workdir/hadoop-ozone/integration-test/target/test-dir/MiniOzoneClusterImpl-1abac8c2-5122-4d50-8eb0-e3407d0689a4/datanode-0/data/ratis] (custom)
2019-08-21 09:04:29,728 INFO  replication.SimpleContainerDownloader (SimpleContainerDownloader.java:<init>(72)) - Starting container downloader service to copy containers to replicate.
2019-08-21 09:04:29,743 INFO  hdfs.DFSUtil (DFSUtil.java:httpServerTemplateForNNAndJN(1641)) - Starting Web-server for hddsDatanode at: http://0.0.0.0:0
2019-08-21 09:04:29,744 INFO  server.AuthenticationFilter (AuthenticationFilter.java:constructSecretProvider(240)) - Unable to initialize FileSignerSecretProvider, falling back to use random secrets.
2019-08-21 09:04:29,745 WARN  http.HttpRequestLog (HttpRequestLog.java:getRequestLog(97)) - Jetty request log can only be enabled using Log4j
2019-08-21 09:04:29,747 INFO  http.HttpServer2 (HttpServer2.java:addGlobalFilter(975)) - Added global filter 'safety' (class=org.apache.hadoop.http.HttpServer2$QuotingInputFilter)
2019-08-21 09:04:29,748 INFO  http.HttpServer2 (HttpServer2.java:addFilter(948)) - Added filter static_user_filter (class=org.apache.hadoop.http.lib.StaticUserWebFilter$StaticUserFilter) to context hddsDatanode
2019-08-21 09:04:29,748 INFO  http.HttpServer2 (HttpServer2.java:addFilter(958)) - Added filter static_user_filter (class=org.apache.hadoop.http.lib.StaticUserWebFilter$StaticUserFilter) to context static
2019-08-21 09:04:29,748 INFO  http.HttpServer2 (HttpServer2.java:addFilter(958)) - Added filter static_user_filter (class=org.apache.hadoop.http.lib.StaticUserWebFilter$StaticUserFilter) to context logs
2019-08-21 09:04:29,749 INFO  http.HttpServer2 (HttpServer2.java:bindListener(1191)) - Jetty bound to port 39821
2019-08-21 09:04:29,749 INFO  server.Server (Server.java:doStart(351)) - jetty-9.3.24.v20180605, build timestamp: 2018-06-05T17:11:56Z, git hash: 84205aa28f11a4f31f2a3b86d1bba2cc8ab69827
2019-08-21 09:04:29,751 INFO  handler.ContextHandler (ContextHandler.java:doStart(781)) - Started o.e.j.s.ServletContextHandler@312b34e3{/logs,file:///workdir/hadoop-ozone/integration-test/target/log,AVAILABLE}
2019-08-21 09:04:29,752 INFO  handler.ContextHandler (ContextHandler.java:doStart(781)) - Started o.e.j.s.ServletContextHandler@1a865273{/static,jar:file:/home/user/.m2/repository/org/apache/hadoop/hadoop-hdds-container-service/0.5.0-SNAPSHOT/hadoop-hdds-container-service-0.5.0-SNAPSHOT.jar!/webapps/static,AVAILABLE}
2019-08-21 09:04:29,784 INFO  handler.ContextHandler (ContextHandler.java:doStart(781)) - Started o.e.j.w.WebAppContext@1bc0d349{/,file:///tmp/jetty-0.0.0.0-39821-hddsDatanode-_-any-6455765845705925678.dir/webapp/,AVAILABLE}{/hddsDatanode}
2019-08-21 09:04:29,784 INFO  server.AbstractConnector (AbstractConnector.java:doStart(278)) - Started ServerConnector@644ded04{HTTP/1.1,[http/1.1]}{0.0.0.0:39821}
2019-08-21 09:04:29,785 INFO  server.Server (Server.java:doStart(419)) - Started @5321ms
2019-08-21 09:04:29,787 INFO  server.BaseHttpServer (BaseHttpServer.java:updateConnectorAddress(213)) - HTTP server of HDDSDATANODE is listening at http://0.0.0.0:39821
2019-08-21 09:04:30,986 INFO  ozone.HddsDatanodeService (HddsDatanodeService.java:startPlugins(395)) - Started plug-in org.apache.hadoop.ozone.web.OzoneHddsDatanodeService@3f9b7fe1
2019-08-21 09:04:30,987 INFO  impl.MetricsSystemImpl (MetricsSystemImpl.java:init(158)) - HddsDatanode metrics system started (again)
2019-08-21 09:04:30,991 INFO  ozone.HddsDatanodeService (HddsDatanodeService.java:start(184)) - HddsDatanodeService host:pr-hdds-1948-qvnss-3490636412 ip:192.168.157.251
2019-08-21 09:04:30,995 INFO  util.JvmPauseMonitor (JvmPauseMonitor.java:run(188)) - Starting JVM pause monitor
2019-08-21 09:04:31,000 INFO  volume.HddsVolume (HddsVolume.java:<init>(176)) - Creating Volume: /workdir/hadoop-ozone/integration-test/target/test-dir/MiniOzoneClusterImpl-1abac8c2-5122-4d50-8eb0-e3407d0689a4/datanode-1/data/containers/hdds of  storage type : DISK and capacity : 1482555576320
2019-08-21 09:04:31,001 INFO  volume.VolumeSet (VolumeSet.java:initializeVolumeSet(170)) - Added Volume : /workdir/hadoop-ozone/integration-test/target/test-dir/MiniOzoneClusterImpl-1abac8c2-5122-4d50-8eb0-e3407d0689a4/datanode-1/data/containers/hdds to VolumeSet
2019-08-21 09:04:31,001 INFO  volume.ThrottledAsyncChecker (ThrottledAsyncChecker.java:schedule(140)) - Scheduling a check for org.apache.hadoop.ozone.container.common.volume.HddsVolume@515b9d4a
2019-08-21 09:04:31,002 INFO  volume.HddsVolumeChecker (HddsVolumeChecker.java:checkAllVolumes(203)) - Scheduled health check for volume org.apache.hadoop.ozone.container.common.volume.HddsVolume@515b9d4a
2019-08-21 09:04:31,022 INFO  impl.RaftServerProxy (ConfUtils.java:logGet(43)) - raft.rpc.type = GRPC (default)
2019-08-21 09:04:31,023 INFO  grpc.GrpcFactory (GrpcFactory.java:checkPooledByteBufAllocatorUseCacheForAllThreads(45)) - PERFORMANCE WARNING: useCacheForAllThreads is true that may cause Netty to create a lot garbage objects and, as a result, trigger GC.
	It is recommended to disable useCacheForAllThreads by setting -Dorg.apache.ratis.thirdparty.io.netty.allocator.useCacheForAllThreads=false in command line.
2019-08-21 09:04:31,023 INFO  grpc.GrpcConfigKeys$Server (ConfUtils.java:logGet(43)) - raft.grpc.server.port = 0 (default)
2019-08-21 09:04:31,023 INFO  server.GrpcService (ConfUtils.java:logGet(43)) - raft.grpc.message.size.max = 33570816 (custom)
2019-08-21 09:04:31,023 INFO  server.RaftServerConfigKeys (ConfUtils.java:logGet(43)) - raft.server.log.appender.buffer.byte-limit = 33554432 (custom)
2019-08-21 09:04:31,024 INFO  server.GrpcService (ConfUtils.java:logGet(43)) - raft.grpc.flow.control.window = 1MB (=1048576) (default)
2019-08-21 09:04:31,024 INFO  server.RaftServerConfigKeys (ConfUtils.java:logGet(43)) - raft.server.rpc.request.timeout = 3000ms (default)
2019-08-21 09:04:31,025 INFO  server.RaftServerConfigKeys (ConfUtils.java:logGet(43)) - raft.server.storage.dir = [/workdir/hadoop-ozone/integration-test/target/test-dir/MiniOzoneClusterImpl-1abac8c2-5122-4d50-8eb0-e3407d0689a4/datanode-1/data/ratis] (custom)
2019-08-21 09:04:31,025 INFO  replication.SimpleContainerDownloader (SimpleContainerDownloader.java:<init>(72)) - Starting container downloader service to copy containers to replicate.
2019-08-21 09:04:31,027 INFO  hdfs.DFSUtil (DFSUtil.java:httpServerTemplateForNNAndJN(1641)) - Starting Web-server for hddsDatanode at: http://0.0.0.0:0
2019-08-21 09:04:31,029 INFO  server.AuthenticationFilter (AuthenticationFilter.java:constructSecretProvider(240)) - Unable to initialize FileSignerSecretProvider, falling back to use random secrets.
2019-08-21 09:04:31,031 WARN  http.HttpRequestLog (HttpRequestLog.java:getRequestLog(97)) - Jetty request log can only be enabled using Log4j
2019-08-21 09:04:31,035 INFO  http.HttpServer2 (HttpServer2.java:addGlobalFilter(975)) - Added global filter 'safety' (class=org.apache.hadoop.http.HttpServer2$QuotingInputFilter)
2019-08-21 09:04:31,041 INFO  http.HttpServer2 (HttpServer2.java:addFilter(948)) - Added filter static_user_filter (class=org.apache.hadoop.http.lib.StaticUserWebFilter$StaticUserFilter) to context hddsDatanode
2019-08-21 09:04:31,042 INFO  http.HttpServer2 (HttpServer2.java:addFilter(958)) - Added filter static_user_filter (class=org.apache.hadoop.http.lib.StaticUserWebFilter$StaticUserFilter) to context logs
2019-08-21 09:04:31,042 INFO  http.HttpServer2 (HttpServer2.java:addFilter(958)) - Added filter static_user_filter (class=org.apache.hadoop.http.lib.StaticUserWebFilter$StaticUserFilter) to context static
2019-08-21 09:04:31,044 INFO  http.HttpServer2 (HttpServer2.java:bindListener(1191)) - Jetty bound to port 39294
2019-08-21 09:04:31,044 INFO  server.Server (Server.java:doStart(351)) - jetty-9.3.24.v20180605, build timestamp: 2018-06-05T17:11:56Z, git hash: 84205aa28f11a4f31f2a3b86d1bba2cc8ab69827
2019-08-21 09:04:31,049 INFO  handler.ContextHandler (ContextHandler.java:doStart(781)) - Started o.e.j.s.ServletContextHandler@388c519{/logs,file:///workdir/hadoop-ozone/integration-test/target/log,AVAILABLE}
2019-08-21 09:04:31,050 INFO  handler.ContextHandler (ContextHandler.java:doStart(781)) - Started o.e.j.s.ServletContextHandler@198536f6{/static,jar:file:/home/user/.m2/repository/org/apache/hadoop/hadoop-hdds-container-service/0.5.0-SNAPSHOT/hadoop-hdds-container-service-0.5.0-SNAPSHOT.jar!/webapps/static,AVAILABLE}
2019-08-21 09:04:31,094 INFO  handler.ContextHandler (ContextHandler.java:doStart(781)) - Started o.e.j.w.WebAppContext@36c7cbe1{/,file:///tmp/jetty-0.0.0.0-39294-hddsDatanode-_-any-1321569887770349572.dir/webapp/,AVAILABLE}{/hddsDatanode}
2019-08-21 09:04:31,095 INFO  server.AbstractConnector (AbstractConnector.java:doStart(278)) - Started ServerConnector@1ac6dd3d{HTTP/1.1,[http/1.1]}{0.0.0.0:39294}
2019-08-21 09:04:31,097 INFO  server.Server (Server.java:doStart(419)) - Started @6632ms
2019-08-21 09:04:31,098 INFO  server.BaseHttpServer (BaseHttpServer.java:updateConnectorAddress(213)) - HTTP server of HDDSDATANODE is listening at http://0.0.0.0:39294
2019-08-21 09:04:31,115 INFO  datanode.InitDatanodeState (InitDatanodeState.java:persistContainerDatanodeDetails(140)) - DatanodeDetails is persisted to /workdir/hadoop-ozone/integration-test/target/test-dir/MiniOzoneClusterImpl-1abac8c2-5122-4d50-8eb0-e3407d0689a4/datanode-0/meta/datanode.id
2019-08-21 09:04:31,278 INFO  ozone.HddsDatanodeService (HddsDatanodeService.java:startPlugins(395)) - Started plug-in org.apache.hadoop.ozone.web.OzoneHddsDatanodeService@510689af
2019-08-21 09:04:31,278 INFO  impl.MetricsSystemImpl (MetricsSystemImpl.java:init(158)) - HddsDatanode metrics system started (again)
2019-08-21 09:04:31,281 INFO  ozone.HddsDatanodeService (HddsDatanodeService.java:start(184)) - HddsDatanodeService host:pr-hdds-1948-qvnss-3490636412 ip:192.168.157.251
2019-08-21 09:04:31,282 INFO  util.JvmPauseMonitor (JvmPauseMonitor.java:run(188)) - Starting JVM pause monitor
2019-08-21 09:04:31,292 INFO  volume.HddsVolume (HddsVolume.java:<init>(176)) - Creating Volume: /workdir/hadoop-ozone/integration-test/target/test-dir/MiniOzoneClusterImpl-1abac8c2-5122-4d50-8eb0-e3407d0689a4/datanode-2/data/containers/hdds of  storage type : DISK and capacity : 1482555576320
2019-08-21 09:04:31,293 INFO  volume.VolumeSet (VolumeSet.java:initializeVolumeSet(170)) - Added Volume : /workdir/hadoop-ozone/integration-test/target/test-dir/MiniOzoneClusterImpl-1abac8c2-5122-4d50-8eb0-e3407d0689a4/datanode-2/data/containers/hdds to VolumeSet
2019-08-21 09:04:31,293 INFO  datanode.InitDatanodeState (InitDatanodeState.java:persistContainerDatanodeDetails(140)) - DatanodeDetails is persisted to /workdir/hadoop-ozone/integration-test/target/test-dir/MiniOzoneClusterImpl-1abac8c2-5122-4d50-8eb0-e3407d0689a4/datanode-1/meta/datanode.id
2019-08-21 09:04:31,294 INFO  volume.ThrottledAsyncChecker (ThrottledAsyncChecker.java:schedule(140)) - Scheduling a check for org.apache.hadoop.ozone.container.common.volume.HddsVolume@7b351446
2019-08-21 09:04:31,295 INFO  volume.HddsVolumeChecker (HddsVolumeChecker.java:checkAllVolumes(203)) - Scheduled health check for volume org.apache.hadoop.ozone.container.common.volume.HddsVolume@7b351446
2019-08-21 09:04:31,318 INFO  impl.RaftServerProxy (ConfUtils.java:logGet(43)) - raft.rpc.type = GRPC (default)
2019-08-21 09:04:31,319 INFO  grpc.GrpcFactory (GrpcFactory.java:checkPooledByteBufAllocatorUseCacheForAllThreads(45)) - PERFORMANCE WARNING: useCacheForAllThreads is true that may cause Netty to create a lot garbage objects and, as a result, trigger GC.
	It is recommended to disable useCacheForAllThreads by setting -Dorg.apache.ratis.thirdparty.io.netty.allocator.useCacheForAllThreads=false in command line.
2019-08-21 09:04:31,319 INFO  grpc.GrpcConfigKeys$Server (ConfUtils.java:logGet(43)) - raft.grpc.server.port = 0 (default)
2019-08-21 09:04:31,319 INFO  server.GrpcService (ConfUtils.java:logGet(43)) - raft.grpc.message.size.max = 33570816 (custom)
2019-08-21 09:04:31,320 INFO  server.RaftServerConfigKeys (ConfUtils.java:logGet(43)) - raft.server.log.appender.buffer.byte-limit = 33554432 (custom)
2019-08-21 09:04:31,320 INFO  server.GrpcService (ConfUtils.java:logGet(43)) - raft.grpc.flow.control.window = 1MB (=1048576) (default)
2019-08-21 09:04:31,321 INFO  server.RaftServerConfigKeys (ConfUtils.java:logGet(43)) - raft.server.rpc.request.timeout = 3000ms (default)
2019-08-21 09:04:31,321 INFO  server.RaftServerConfigKeys (ConfUtils.java:logGet(43)) - raft.server.storage.dir = [/workdir/hadoop-ozone/integration-test/target/test-dir/MiniOzoneClusterImpl-1abac8c2-5122-4d50-8eb0-e3407d0689a4/datanode-2/data/ratis] (custom)
2019-08-21 09:04:31,323 INFO  replication.SimpleContainerDownloader (SimpleContainerDownloader.java:<init>(72)) - Starting container downloader service to copy containers to replicate.
2019-08-21 09:04:31,324 INFO  hdfs.DFSUtil (DFSUtil.java:httpServerTemplateForNNAndJN(1641)) - Starting Web-server for hddsDatanode at: http://0.0.0.0:0
2019-08-21 09:04:31,326 INFO  server.AuthenticationFilter (AuthenticationFilter.java:constructSecretProvider(240)) - Unable to initialize FileSignerSecretProvider, falling back to use random secrets.
2019-08-21 09:04:31,326 WARN  http.HttpRequestLog (HttpRequestLog.java:getRequestLog(97)) - Jetty request log can only be enabled using Log4j
2019-08-21 09:04:31,329 INFO  http.HttpServer2 (HttpServer2.java:addGlobalFilter(975)) - Added global filter 'safety' (class=org.apache.hadoop.http.HttpServer2$QuotingInputFilter)
2019-08-21 09:04:31,329 INFO  http.HttpServer2 (HttpServer2.java:addFilter(948)) - Added filter static_user_filter (class=org.apache.hadoop.http.lib.StaticUserWebFilter$StaticUserFilter) to context hddsDatanode
2019-08-21 09:04:31,330 INFO  http.HttpServer2 (HttpServer2.java:addFilter(958)) - Added filter static_user_filter (class=org.apache.hadoop.http.lib.StaticUserWebFilter$StaticUserFilter) to context static
2019-08-21 09:04:31,330 INFO  http.HttpServer2 (HttpServer2.java:addFilter(958)) - Added filter static_user_filter (class=org.apache.hadoop.http.lib.StaticUserWebFilter$StaticUserFilter) to context logs
2019-08-21 09:04:31,331 INFO  http.HttpServer2 (HttpServer2.java:bindListener(1191)) - Jetty bound to port 41646
2019-08-21 09:04:31,331 INFO  server.Server (Server.java:doStart(351)) - jetty-9.3.24.v20180605, build timestamp: 2018-06-05T17:11:56Z, git hash: 84205aa28f11a4f31f2a3b86d1bba2cc8ab69827
2019-08-21 09:04:31,334 INFO  handler.ContextHandler (ContextHandler.java:doStart(781)) - Started o.e.j.s.ServletContextHandler@68a305eb{/logs,file:///workdir/hadoop-ozone/integration-test/target/log,AVAILABLE}
2019-08-21 09:04:31,334 INFO  handler.ContextHandler (ContextHandler.java:doStart(781)) - Started o.e.j.s.ServletContextHandler@1310fcb0{/static,jar:file:/home/user/.m2/repository/org/apache/hadoop/hadoop-hdds-container-service/0.5.0-SNAPSHOT/hadoop-hdds-container-service-0.5.0-SNAPSHOT.jar!/webapps/static,AVAILABLE}
2019-08-21 09:04:31,370 INFO  handler.ContextHandler (ContextHandler.java:doStart(781)) - Started o.e.j.w.WebAppContext@1c046c92{/,file:///tmp/jetty-0.0.0.0-41646-hddsDatanode-_-any-7702380114657819161.dir/webapp/,AVAILABLE}{/hddsDatanode}
2019-08-21 09:04:31,371 INFO  server.AbstractConnector (AbstractConnector.java:doStart(278)) - Started ServerConnector@27960b1e{HTTP/1.1,[http/1.1]}{0.0.0.0:41646}
2019-08-21 09:04:31,372 INFO  server.Server (Server.java:doStart(419)) - Started @6908ms
2019-08-21 09:04:31,375 INFO  server.BaseHttpServer (BaseHttpServer.java:updateConnectorAddress(213)) - HTTP server of HDDSDATANODE is listening at http://0.0.0.0:41646
2019-08-21 09:04:31,580 INFO  ozone.HddsDatanodeService (HddsDatanodeService.java:startPlugins(395)) - Started plug-in org.apache.hadoop.ozone.web.OzoneHddsDatanodeService@691541bc
2019-08-21 09:04:31,580 INFO  impl.MetricsSystemImpl (MetricsSystemImpl.java:init(158)) - HddsDatanode metrics system started (again)
2019-08-21 09:04:31,583 INFO  ozone.HddsDatanodeService (HddsDatanodeService.java:start(184)) - HddsDatanodeService host:pr-hdds-1948-qvnss-3490636412 ip:192.168.157.251
2019-08-21 09:04:31,584 INFO  util.JvmPauseMonitor (JvmPauseMonitor.java:run(188)) - Starting JVM pause monitor
2019-08-21 09:04:31,587 INFO  datanode.InitDatanodeState (InitDatanodeState.java:persistContainerDatanodeDetails(140)) - DatanodeDetails is persisted to /workdir/hadoop-ozone/integration-test/target/test-dir/MiniOzoneClusterImpl-1abac8c2-5122-4d50-8eb0-e3407d0689a4/datanode-2/meta/datanode.id
2019-08-21 09:04:31,591 INFO  volume.HddsVolume (HddsVolume.java:<init>(176)) - Creating Volume: /workdir/hadoop-ozone/integration-test/target/test-dir/MiniOzoneClusterImpl-1abac8c2-5122-4d50-8eb0-e3407d0689a4/datanode-3/data/containers/hdds of  storage type : DISK and capacity : 1482555576320
2019-08-21 09:04:31,591 INFO  volume.VolumeSet (VolumeSet.java:initializeVolumeSet(170)) - Added Volume : /workdir/hadoop-ozone/integration-test/target/test-dir/MiniOzoneClusterImpl-1abac8c2-5122-4d50-8eb0-e3407d0689a4/datanode-3/data/containers/hdds to VolumeSet
2019-08-21 09:04:31,591 INFO  volume.ThrottledAsyncChecker (ThrottledAsyncChecker.java:schedule(140)) - Scheduling a check for org.apache.hadoop.ozone.container.common.volume.HddsVolume@1e1e837d
2019-08-21 09:04:31,592 INFO  volume.HddsVolumeChecker (HddsVolumeChecker.java:checkAllVolumes(203)) - Scheduled health check for volume org.apache.hadoop.ozone.container.common.volume.HddsVolume@1e1e837d
2019-08-21 09:04:31,607 INFO  impl.RaftServerProxy (ConfUtils.java:logGet(43)) - raft.rpc.type = GRPC (default)
2019-08-21 09:04:31,607 INFO  grpc.GrpcFactory (GrpcFactory.java:checkPooledByteBufAllocatorUseCacheForAllThreads(45)) - PERFORMANCE WARNING: useCacheForAllThreads is true that may cause Netty to create a lot garbage objects and, as a result, trigger GC.
	It is recommended to disable useCacheForAllThreads by setting -Dorg.apache.ratis.thirdparty.io.netty.allocator.useCacheForAllThreads=false in command line.
2019-08-21 09:04:31,608 INFO  grpc.GrpcConfigKeys$Server (ConfUtils.java:logGet(43)) - raft.grpc.server.port = 0 (default)
2019-08-21 09:04:31,608 INFO  server.GrpcService (ConfUtils.java:logGet(43)) - raft.grpc.message.size.max = 33570816 (custom)
2019-08-21 09:04:31,608 INFO  server.RaftServerConfigKeys (ConfUtils.java:logGet(43)) - raft.server.log.appender.buffer.byte-limit = 33554432 (custom)
2019-08-21 09:04:31,608 INFO  server.GrpcService (ConfUtils.java:logGet(43)) - raft.grpc.flow.control.window = 1MB (=1048576) (default)
2019-08-21 09:04:31,609 INFO  server.RaftServerConfigKeys (ConfUtils.java:logGet(43)) - raft.server.rpc.request.timeout = 3000ms (default)
2019-08-21 09:04:31,609 INFO  server.RaftServerConfigKeys (ConfUtils.java:logGet(43)) - raft.server.storage.dir = [/workdir/hadoop-ozone/integration-test/target/test-dir/MiniOzoneClusterImpl-1abac8c2-5122-4d50-8eb0-e3407d0689a4/datanode-3/data/ratis] (custom)
2019-08-21 09:04:31,610 INFO  replication.SimpleContainerDownloader (SimpleContainerDownloader.java:<init>(72)) - Starting container downloader service to copy containers to replicate.
2019-08-21 09:04:31,611 INFO  hdfs.DFSUtil (DFSUtil.java:httpServerTemplateForNNAndJN(1641)) - Starting Web-server for hddsDatanode at: http://0.0.0.0:0
2019-08-21 09:04:31,613 INFO  server.AuthenticationFilter (AuthenticationFilter.java:constructSecretProvider(240)) - Unable to initialize FileSignerSecretProvider, falling back to use random secrets.
2019-08-21 09:04:31,613 WARN  http.HttpRequestLog (HttpRequestLog.java:getRequestLog(97)) - Jetty request log can only be enabled using Log4j
2019-08-21 09:04:31,615 INFO  http.HttpServer2 (HttpServer2.java:addGlobalFilter(975)) - Added global filter 'safety' (class=org.apache.hadoop.http.HttpServer2$QuotingInputFilter)
2019-08-21 09:04:31,615 INFO  http.HttpServer2 (HttpServer2.java:addFilter(948)) - Added filter static_user_filter (class=org.apache.hadoop.http.lib.StaticUserWebFilter$StaticUserFilter) to context hddsDatanode
2019-08-21 09:04:31,615 INFO  http.HttpServer2 (HttpServer2.java:addFilter(958)) - Added filter static_user_filter (class=org.apache.hadoop.http.lib.StaticUserWebFilter$StaticUserFilter) to context logs
2019-08-21 09:04:31,616 INFO  http.HttpServer2 (HttpServer2.java:addFilter(958)) - Added filter static_user_filter (class=org.apache.hadoop.http.lib.StaticUserWebFilter$StaticUserFilter) to context static
2019-08-21 09:04:31,616 INFO  http.HttpServer2 (HttpServer2.java:bindListener(1191)) - Jetty bound to port 40230
2019-08-21 09:04:31,616 INFO  server.Server (Server.java:doStart(351)) - jetty-9.3.24.v20180605, build timestamp: 2018-06-05T17:11:56Z, git hash: 84205aa28f11a4f31f2a3b86d1bba2cc8ab69827
2019-08-21 09:04:31,620 INFO  handler.ContextHandler (ContextHandler.java:doStart(781)) - Started o.e.j.s.ServletContextHandler@3b435211{/logs,file:///workdir/hadoop-ozone/integration-test/target/log,AVAILABLE}
2019-08-21 09:04:31,620 INFO  handler.ContextHandler (ContextHandler.java:doStart(781)) - Started o.e.j.s.ServletContextHandler@58a765ce{/static,jar:file:/home/user/.m2/repository/org/apache/hadoop/hadoop-hdds-container-service/0.5.0-SNAPSHOT/hadoop-hdds-container-service-0.5.0-SNAPSHOT.jar!/webapps/static,AVAILABLE}
2019-08-21 09:04:31,648 INFO  handler.ContextHandler (ContextHandler.java:doStart(781)) - Started o.e.j.w.WebAppContext@5d1d9d73{/,file:///tmp/jetty-0.0.0.0-40230-hddsDatanode-_-any-3863955351076093963.dir/webapp/,AVAILABLE}{/hddsDatanode}
2019-08-21 09:04:31,649 INFO  server.AbstractConnector (AbstractConnector.java:doStart(278)) - Started ServerConnector@b30a50d{HTTP/1.1,[http/1.1]}{0.0.0.0:40230}
2019-08-21 09:04:31,650 INFO  server.Server (Server.java:doStart(419)) - Started @7186ms
2019-08-21 09:04:31,650 INFO  server.BaseHttpServer (BaseHttpServer.java:updateConnectorAddress(213)) - HTTP server of HDDSDATANODE is listening at http://0.0.0.0:40230
2019-08-21 09:04:31,820 INFO  ozone.HddsDatanodeService (HddsDatanodeService.java:startPlugins(395)) - Started plug-in org.apache.hadoop.ozone.web.OzoneHddsDatanodeService@508ad266
2019-08-21 09:04:31,821 INFO  impl.MetricsSystemImpl (MetricsSystemImpl.java:init(158)) - HddsDatanode metrics system started (again)
2019-08-21 09:04:31,825 INFO  ozone.HddsDatanodeService (HddsDatanodeService.java:start(184)) - HddsDatanodeService host:pr-hdds-1948-qvnss-3490636412 ip:192.168.157.251
2019-08-21 09:04:31,825 INFO  util.JvmPauseMonitor (JvmPauseMonitor.java:run(188)) - Starting JVM pause monitor
2019-08-21 09:04:31,828 INFO  datanode.InitDatanodeState (InitDatanodeState.java:persistContainerDatanodeDetails(140)) - DatanodeDetails is persisted to /workdir/hadoop-ozone/integration-test/target/test-dir/MiniOzoneClusterImpl-1abac8c2-5122-4d50-8eb0-e3407d0689a4/datanode-3/meta/datanode.id
2019-08-21 09:04:31,834 INFO  volume.HddsVolume (HddsVolume.java:<init>(176)) - Creating Volume: /workdir/hadoop-ozone/integration-test/target/test-dir/MiniOzoneClusterImpl-1abac8c2-5122-4d50-8eb0-e3407d0689a4/datanode-4/data/containers/hdds of  storage type : DISK and capacity : 1482555576320
2019-08-21 09:04:31,834 INFO  volume.VolumeSet (VolumeSet.java:initializeVolumeSet(170)) - Added Volume : /workdir/hadoop-ozone/integration-test/target/test-dir/MiniOzoneClusterImpl-1abac8c2-5122-4d50-8eb0-e3407d0689a4/datanode-4/data/containers/hdds to VolumeSet
2019-08-21 09:04:31,835 INFO  volume.ThrottledAsyncChecker (ThrottledAsyncChecker.java:schedule(140)) - Scheduling a check for org.apache.hadoop.ozone.container.common.volume.HddsVolume@46f73ffa
2019-08-21 09:04:31,835 INFO  volume.HddsVolumeChecker (HddsVolumeChecker.java:checkAllVolumes(203)) - Scheduled health check for volume org.apache.hadoop.ozone.container.common.volume.HddsVolume@46f73ffa
2019-08-21 09:04:31,851 INFO  impl.RaftServerProxy (ConfUtils.java:logGet(43)) - raft.rpc.type = GRPC (default)
2019-08-21 09:04:31,851 INFO  grpc.GrpcFactory (GrpcFactory.java:checkPooledByteBufAllocatorUseCacheForAllThreads(45)) - PERFORMANCE WARNING: useCacheForAllThreads is true that may cause Netty to create a lot garbage objects and, as a result, trigger GC.
	It is recommended to disable useCacheForAllThreads by setting -Dorg.apache.ratis.thirdparty.io.netty.allocator.useCacheForAllThreads=false in command line.
2019-08-21 09:04:31,851 INFO  grpc.GrpcConfigKeys$Server (ConfUtils.java:logGet(43)) - raft.grpc.server.port = 0 (default)
2019-08-21 09:04:31,851 INFO  server.GrpcService (ConfUtils.java:logGet(43)) - raft.grpc.message.size.max = 33570816 (custom)
2019-08-21 09:04:31,852 INFO  server.RaftServerConfigKeys (ConfUtils.java:logGet(43)) - raft.server.log.appender.buffer.byte-limit = 33554432 (custom)
2019-08-21 09:04:31,852 INFO  server.GrpcService (ConfUtils.java:logGet(43)) - raft.grpc.flow.control.window = 1MB (=1048576) (default)
2019-08-21 09:04:31,852 INFO  server.RaftServerConfigKeys (ConfUtils.java:logGet(43)) - raft.server.rpc.request.timeout = 3000ms (default)
2019-08-21 09:04:31,853 INFO  server.RaftServerConfigKeys (ConfUtils.java:logGet(43)) - raft.server.storage.dir = [/workdir/hadoop-ozone/integration-test/target/test-dir/MiniOzoneClusterImpl-1abac8c2-5122-4d50-8eb0-e3407d0689a4/datanode-4/data/ratis] (custom)
2019-08-21 09:04:31,853 INFO  replication.SimpleContainerDownloader (SimpleContainerDownloader.java:<init>(72)) - Starting container downloader service to copy containers to replicate.
2019-08-21 09:04:31,854 INFO  hdfs.DFSUtil (DFSUtil.java:httpServerTemplateForNNAndJN(1641)) - Starting Web-server for hddsDatanode at: http://0.0.0.0:0
2019-08-21 09:04:31,857 INFO  server.AuthenticationFilter (AuthenticationFilter.java:constructSecretProvider(240)) - Unable to initialize FileSignerSecretProvider, falling back to use random secrets.
2019-08-21 09:04:31,858 WARN  http.HttpRequestLog (HttpRequestLog.java:getRequestLog(97)) - Jetty request log can only be enabled using Log4j
2019-08-21 09:04:31,861 INFO  http.HttpServer2 (HttpServer2.java:addGlobalFilter(975)) - Added global filter 'safety' (class=org.apache.hadoop.http.HttpServer2$QuotingInputFilter)
2019-08-21 09:04:31,862 INFO  http.HttpServer2 (HttpServer2.java:addFilter(948)) - Added filter static_user_filter (class=org.apache.hadoop.http.lib.StaticUserWebFilter$StaticUserFilter) to context hddsDatanode
2019-08-21 09:04:31,862 INFO  http.HttpServer2 (HttpServer2.java:addFilter(958)) - Added filter static_user_filter (class=org.apache.hadoop.http.lib.StaticUserWebFilter$StaticUserFilter) to context logs
2019-08-21 09:04:31,863 INFO  http.HttpServer2 (HttpServer2.java:addFilter(958)) - Added filter static_user_filter (class=org.apache.hadoop.http.lib.StaticUserWebFilter$StaticUserFilter) to context static
2019-08-21 09:04:31,864 INFO  http.HttpServer2 (HttpServer2.java:bindListener(1191)) - Jetty bound to port 33980
2019-08-21 09:04:31,864 INFO  server.Server (Server.java:doStart(351)) - jetty-9.3.24.v20180605, build timestamp: 2018-06-05T17:11:56Z, git hash: 84205aa28f11a4f31f2a3b86d1bba2cc8ab69827
2019-08-21 09:04:31,867 INFO  handler.ContextHandler (ContextHandler.java:doStart(781)) - Started o.e.j.s.ServletContextHandler@2bd8f7db{/logs,file:///workdir/hadoop-ozone/integration-test/target/log,AVAILABLE}
2019-08-21 09:04:31,868 INFO  handler.ContextHandler (ContextHandler.java:doStart(781)) - Started o.e.j.s.ServletContextHandler@30abf79c{/static,jar:file:/home/user/.m2/repository/org/apache/hadoop/hadoop-hdds-container-service/0.5.0-SNAPSHOT/hadoop-hdds-container-service-0.5.0-SNAPSHOT.jar!/webapps/static,AVAILABLE}
2019-08-21 09:04:31,911 INFO  handler.ContextHandler (ContextHandler.java:doStart(781)) - Started o.e.j.w.WebAppContext@4837f97e{/,file:///tmp/jetty-0.0.0.0-33980-hddsDatanode-_-any-4104897869580642668.dir/webapp/,AVAILABLE}{/hddsDatanode}
2019-08-21 09:04:31,912 INFO  server.AbstractConnector (AbstractConnector.java:doStart(278)) - Started ServerConnector@53314f76{HTTP/1.1,[http/1.1]}{0.0.0.0:33980}
2019-08-21 09:04:31,913 INFO  server.Server (Server.java:doStart(419)) - Started @7449ms
2019-08-21 09:04:31,914 INFO  server.BaseHttpServer (BaseHttpServer.java:updateConnectorAddress(213)) - HTTP server of HDDSDATANODE is listening at http://0.0.0.0:33980
2019-08-21 09:04:32,052 INFO  ozone.HddsDatanodeService (HddsDatanodeService.java:startPlugins(395)) - Started plug-in org.apache.hadoop.ozone.web.OzoneHddsDatanodeService@23e61112
2019-08-21 09:04:32,052 INFO  impl.MetricsSystemImpl (MetricsSystemImpl.java:init(158)) - HddsDatanode metrics system started (again)
2019-08-21 09:04:32,056 INFO  util.JvmPauseMonitor (JvmPauseMonitor.java:run(188)) - Starting JVM pause monitor
2019-08-21 09:04:32,057 INFO  ozone.HddsDatanodeService (HddsDatanodeService.java:start(184)) - HddsDatanodeService host:pr-hdds-1948-qvnss-3490636412 ip:192.168.157.251
2019-08-21 09:04:32,059 INFO  datanode.InitDatanodeState (InitDatanodeState.java:persistContainerDatanodeDetails(140)) - DatanodeDetails is persisted to /workdir/hadoop-ozone/integration-test/target/test-dir/MiniOzoneClusterImpl-1abac8c2-5122-4d50-8eb0-e3407d0689a4/datanode-4/meta/datanode.id
2019-08-21 09:04:32,066 INFO  volume.HddsVolume (HddsVolume.java:<init>(176)) - Creating Volume: /workdir/hadoop-ozone/integration-test/target/test-dir/MiniOzoneClusterImpl-1abac8c2-5122-4d50-8eb0-e3407d0689a4/datanode-5/data/containers/hdds of  storage type : DISK and capacity : 1482555576320
2019-08-21 09:04:32,066 INFO  volume.VolumeSet (VolumeSet.java:initializeVolumeSet(170)) - Added Volume : /workdir/hadoop-ozone/integration-test/target/test-dir/MiniOzoneClusterImpl-1abac8c2-5122-4d50-8eb0-e3407d0689a4/datanode-5/data/containers/hdds to VolumeSet
2019-08-21 09:04:32,066 INFO  volume.ThrottledAsyncChecker (ThrottledAsyncChecker.java:schedule(140)) - Scheduling a check for org.apache.hadoop.ozone.container.common.volume.HddsVolume@7e191fda
2019-08-21 09:04:32,067 INFO  volume.HddsVolumeChecker (HddsVolumeChecker.java:checkAllVolumes(203)) - Scheduled health check for volume org.apache.hadoop.ozone.container.common.volume.HddsVolume@7e191fda
2019-08-21 09:04:32,081 INFO  impl.RaftServerProxy (ConfUtils.java:logGet(43)) - raft.rpc.type = GRPC (default)
2019-08-21 09:04:32,081 INFO  grpc.GrpcFactory (GrpcFactory.java:checkPooledByteBufAllocatorUseCacheForAllThreads(45)) - PERFORMANCE WARNING: useCacheForAllThreads is true that may cause Netty to create a lot garbage objects and, as a result, trigger GC.
	It is recommended to disable useCacheForAllThreads by setting -Dorg.apache.ratis.thirdparty.io.netty.allocator.useCacheForAllThreads=false in command line.
2019-08-21 09:04:32,082 INFO  grpc.GrpcConfigKeys$Server (ConfUtils.java:logGet(43)) - raft.grpc.server.port = 0 (default)
2019-08-21 09:04:32,082 INFO  server.GrpcService (ConfUtils.java:logGet(43)) - raft.grpc.message.size.max = 33570816 (custom)
2019-08-21 09:04:32,082 INFO  server.RaftServerConfigKeys (ConfUtils.java:logGet(43)) - raft.server.log.appender.buffer.byte-limit = 33554432 (custom)
2019-08-21 09:04:32,082 INFO  server.GrpcService (ConfUtils.java:logGet(43)) - raft.grpc.flow.control.window = 1MB (=1048576) (default)
2019-08-21 09:04:32,083 INFO  server.RaftServerConfigKeys (ConfUtils.java:logGet(43)) - raft.server.rpc.request.timeout = 3000ms (default)
2019-08-21 09:04:32,083 INFO  server.RaftServerConfigKeys (ConfUtils.java:logGet(43)) - raft.server.storage.dir = [/workdir/hadoop-ozone/integration-test/target/test-dir/MiniOzoneClusterImpl-1abac8c2-5122-4d50-8eb0-e3407d0689a4/datanode-5/data/ratis] (custom)
2019-08-21 09:04:32,084 INFO  replication.SimpleContainerDownloader (SimpleContainerDownloader.java:<init>(72)) - Starting container downloader service to copy containers to replicate.
2019-08-21 09:04:32,085 INFO  hdfs.DFSUtil (DFSUtil.java:httpServerTemplateForNNAndJN(1641)) - Starting Web-server for hddsDatanode at: http://0.0.0.0:0
2019-08-21 09:04:32,086 INFO  server.AuthenticationFilter (AuthenticationFilter.java:constructSecretProvider(240)) - Unable to initialize FileSignerSecretProvider, falling back to use random secrets.
2019-08-21 09:04:32,086 WARN  http.HttpRequestLog (HttpRequestLog.java:getRequestLog(97)) - Jetty request log can only be enabled using Log4j
2019-08-21 09:04:32,088 INFO  http.HttpServer2 (HttpServer2.java:addGlobalFilter(975)) - Added global filter 'safety' (class=org.apache.hadoop.http.HttpServer2$QuotingInputFilter)
2019-08-21 09:04:32,088 INFO  http.HttpServer2 (HttpServer2.java:addFilter(948)) - Added filter static_user_filter (class=org.apache.hadoop.http.lib.StaticUserWebFilter$StaticUserFilter) to context hddsDatanode
2019-08-21 09:04:32,089 INFO  http.HttpServer2 (HttpServer2.java:addFilter(958)) - Added filter static_user_filter (class=org.apache.hadoop.http.lib.StaticUserWebFilter$StaticUserFilter) to context logs
2019-08-21 09:04:32,089 INFO  http.HttpServer2 (HttpServer2.java:addFilter(958)) - Added filter static_user_filter (class=org.apache.hadoop.http.lib.StaticUserWebFilter$StaticUserFilter) to context static
2019-08-21 09:04:32,089 INFO  http.HttpServer2 (HttpServer2.java:bindListener(1191)) - Jetty bound to port 46407
2019-08-21 09:04:32,090 INFO  server.Server (Server.java:doStart(351)) - jetty-9.3.24.v20180605, build timestamp: 2018-06-05T17:11:56Z, git hash: 84205aa28f11a4f31f2a3b86d1bba2cc8ab69827
2019-08-21 09:04:32,091 INFO  handler.ContextHandler (ContextHandler.java:doStart(781)) - Started o.e.j.s.ServletContextHandler@c9b5a99{/logs,file:///workdir/hadoop-ozone/integration-test/target/log,AVAILABLE}
2019-08-21 09:04:32,092 INFO  handler.ContextHandler (ContextHandler.java:doStart(781)) - Started o.e.j.s.ServletContextHandler@2aee0704{/static,jar:file:/home/user/.m2/repository/org/apache/hadoop/hadoop-hdds-container-service/0.5.0-SNAPSHOT/hadoop-hdds-container-service-0.5.0-SNAPSHOT.jar!/webapps/static,AVAILABLE}
2019-08-21 09:04:32,120 INFO  handler.ContextHandler (ContextHandler.java:doStart(781)) - Started o.e.j.w.WebAppContext@2fde9469{/,file:///tmp/jetty-0.0.0.0-46407-hddsDatanode-_-any-6962443312660440142.dir/webapp/,AVAILABLE}{/hddsDatanode}
2019-08-21 09:04:32,121 INFO  server.AbstractConnector (AbstractConnector.java:doStart(278)) - Started ServerConnector@1ecf0ac6{HTTP/1.1,[http/1.1]}{0.0.0.0:46407}
2019-08-21 09:04:32,122 INFO  server.Server (Server.java:doStart(419)) - Started @7658ms
2019-08-21 09:04:32,122 INFO  server.BaseHttpServer (BaseHttpServer.java:updateConnectorAddress(213)) - HTTP server of HDDSDATANODE is listening at http://0.0.0.0:46407
2019-08-21 09:04:32,297 INFO  ozone.HddsDatanodeService (HddsDatanodeService.java:startPlugins(395)) - Started plug-in org.apache.hadoop.ozone.web.OzoneHddsDatanodeService@20a3e10c
2019-08-21 09:04:32,298 INFO  impl.MetricsSystemImpl (MetricsSystemImpl.java:init(158)) - HddsDatanode metrics system started (again)
2019-08-21 09:04:32,302 INFO  util.JvmPauseMonitor (JvmPauseMonitor.java:run(188)) - Starting JVM pause monitor
2019-08-21 09:04:32,303 INFO  ozone.HddsDatanodeService (HddsDatanodeService.java:start(184)) - HddsDatanodeService host:pr-hdds-1948-qvnss-3490636412 ip:192.168.157.251
2019-08-21 09:04:32,304 INFO  datanode.InitDatanodeState (InitDatanodeState.java:persistContainerDatanodeDetails(140)) - DatanodeDetails is persisted to /workdir/hadoop-ozone/integration-test/target/test-dir/MiniOzoneClusterImpl-1abac8c2-5122-4d50-8eb0-e3407d0689a4/datanode-5/meta/datanode.id
2019-08-21 09:04:32,313 INFO  volume.HddsVolume (HddsVolume.java:<init>(176)) - Creating Volume: /workdir/hadoop-ozone/integration-test/target/test-dir/MiniOzoneClusterImpl-1abac8c2-5122-4d50-8eb0-e3407d0689a4/datanode-6/data/containers/hdds of  storage type : DISK and capacity : 1482555576320
2019-08-21 09:04:32,314 INFO  volume.VolumeSet (VolumeSet.java:initializeVolumeSet(170)) - Added Volume : /workdir/hadoop-ozone/integration-test/target/test-dir/MiniOzoneClusterImpl-1abac8c2-5122-4d50-8eb0-e3407d0689a4/datanode-6/data/containers/hdds to VolumeSet
2019-08-21 09:04:32,314 INFO  volume.ThrottledAsyncChecker (ThrottledAsyncChecker.java:schedule(140)) - Scheduling a check for org.apache.hadoop.ozone.container.common.volume.HddsVolume@59918c8f
2019-08-21 09:04:32,314 INFO  volume.HddsVolumeChecker (HddsVolumeChecker.java:checkAllVolumes(203)) - Scheduled health check for volume org.apache.hadoop.ozone.container.common.volume.HddsVolume@59918c8f
2019-08-21 09:04:32,334 INFO  impl.RaftServerProxy (ConfUtils.java:logGet(43)) - raft.rpc.type = GRPC (default)
2019-08-21 09:04:32,335 INFO  grpc.GrpcFactory (GrpcFactory.java:checkPooledByteBufAllocatorUseCacheForAllThreads(45)) - PERFORMANCE WARNING: useCacheForAllThreads is true that may cause Netty to create a lot garbage objects and, as a result, trigger GC.
	It is recommended to disable useCacheForAllThreads by setting -Dorg.apache.ratis.thirdparty.io.netty.allocator.useCacheForAllThreads=false in command line.
2019-08-21 09:04:32,335 INFO  grpc.GrpcConfigKeys$Server (ConfUtils.java:logGet(43)) - raft.grpc.server.port = 0 (default)
2019-08-21 09:04:32,335 INFO  server.GrpcService (ConfUtils.java:logGet(43)) - raft.grpc.message.size.max = 33570816 (custom)
2019-08-21 09:04:32,335 INFO  server.RaftServerConfigKeys (ConfUtils.java:logGet(43)) - raft.server.log.appender.buffer.byte-limit = 33554432 (custom)
2019-08-21 09:04:32,336 INFO  server.GrpcService (ConfUtils.java:logGet(43)) - raft.grpc.flow.control.window = 1MB (=1048576) (default)
2019-08-21 09:04:32,336 INFO  server.RaftServerConfigKeys (ConfUtils.java:logGet(43)) - raft.server.rpc.request.timeout = 3000ms (default)
2019-08-21 09:04:32,337 INFO  server.RaftServerConfigKeys (ConfUtils.java:logGet(43)) - raft.server.storage.dir = [/workdir/hadoop-ozone/integration-test/target/test-dir/MiniOzoneClusterImpl-1abac8c2-5122-4d50-8eb0-e3407d0689a4/datanode-6/data/ratis] (custom)
2019-08-21 09:04:32,337 INFO  replication.SimpleContainerDownloader (SimpleContainerDownloader.java:<init>(72)) - Starting container downloader service to copy containers to replicate.
2019-08-21 09:04:32,338 INFO  hdfs.DFSUtil (DFSUtil.java:httpServerTemplateForNNAndJN(1641)) - Starting Web-server for hddsDatanode at: http://0.0.0.0:0
2019-08-21 09:04:32,340 INFO  server.AuthenticationFilter (AuthenticationFilter.java:constructSecretProvider(240)) - Unable to initialize FileSignerSecretProvider, falling back to use random secrets.
2019-08-21 09:04:32,340 WARN  http.HttpRequestLog (HttpRequestLog.java:getRequestLog(97)) - Jetty request log can only be enabled using Log4j
2019-08-21 09:04:32,399 INFO  http.HttpServer2 (HttpServer2.java:addGlobalFilter(975)) - Added global filter 'safety' (class=org.apache.hadoop.http.HttpServer2$QuotingInputFilter)
2019-08-21 09:04:32,403 INFO  http.HttpServer2 (HttpServer2.java:addFilter(948)) - Added filter static_user_filter (class=org.apache.hadoop.http.lib.StaticUserWebFilter$StaticUserFilter) to context hddsDatanode
2019-08-21 09:04:32,403 INFO  http.HttpServer2 (HttpServer2.java:addFilter(958)) - Added filter static_user_filter (class=org.apache.hadoop.http.lib.StaticUserWebFilter$StaticUserFilter) to context static
2019-08-21 09:04:32,404 INFO  http.HttpServer2 (HttpServer2.java:addFilter(958)) - Added filter static_user_filter (class=org.apache.hadoop.http.lib.StaticUserWebFilter$StaticUserFilter) to context logs
2019-08-21 09:04:32,404 INFO  http.HttpServer2 (HttpServer2.java:bindListener(1191)) - Jetty bound to port 43188
2019-08-21 09:04:32,405 INFO  server.Server (Server.java:doStart(351)) - jetty-9.3.24.v20180605, build timestamp: 2018-06-05T17:11:56Z, git hash: 84205aa28f11a4f31f2a3b86d1bba2cc8ab69827
2019-08-21 09:04:32,412 INFO  handler.ContextHandler (ContextHandler.java:doStart(781)) - Started o.e.j.s.ServletContextHandler@6afbe6a1{/logs,file:///workdir/hadoop-ozone/integration-test/target/log,AVAILABLE}
2019-08-21 09:04:32,413 INFO  handler.ContextHandler (ContextHandler.java:doStart(781)) - Started o.e.j.s.ServletContextHandler@48567727{/static,jar:file:/home/user/.m2/repository/org/apache/hadoop/hadoop-hdds-container-service/0.5.0-SNAPSHOT/hadoop-hdds-container-service-0.5.0-SNAPSHOT.jar!/webapps/static,AVAILABLE}
2019-08-21 09:04:32,442 INFO  handler.ContextHandler (ContextHandler.java:doStart(781)) - Started o.e.j.w.WebAppContext@4ae8fb2a{/,file:///tmp/jetty-0.0.0.0-43188-hddsDatanode-_-any-3048435699778770604.dir/webapp/,AVAILABLE}{/hddsDatanode}
2019-08-21 09:04:32,443 INFO  server.AbstractConnector (AbstractConnector.java:doStart(278)) - Started ServerConnector@54326e9{HTTP/1.1,[http/1.1]}{0.0.0.0:43188}
2019-08-21 09:04:32,444 INFO  server.Server (Server.java:doStart(419)) - Started @7980ms
2019-08-21 09:04:32,444 INFO  server.BaseHttpServer (BaseHttpServer.java:updateConnectorAddress(213)) - HTTP server of HDDSDATANODE is listening at http://0.0.0.0:43188
2019-08-21 09:04:32,607 INFO  ozone.HddsDatanodeService (HddsDatanodeService.java:startPlugins(395)) - Started plug-in org.apache.hadoop.ozone.web.OzoneHddsDatanodeService@240a2619
2019-08-21 09:04:32,610 INFO  ozone.MiniOzoneClusterImpl (MiniOzoneClusterImpl.java:lambda$waitForClusterToBeReady$0(142)) - Waiting for cluster to be ready. Got 0 of 7 DN Heartbeats.
2019-08-21 09:04:32,611 INFO  util.JvmPauseMonitor (JvmPauseMonitor.java:run(188)) - Starting JVM pause monitor
2019-08-21 09:04:32,614 INFO  datanode.InitDatanodeState (InitDatanodeState.java:persistContainerDatanodeDetails(140)) - DatanodeDetails is persisted to /workdir/hadoop-ozone/integration-test/target/test-dir/MiniOzoneClusterImpl-1abac8c2-5122-4d50-8eb0-e3407d0689a4/datanode-6/meta/datanode.id
2019-08-21 09:04:33,081 INFO  ozoneimpl.OzoneContainer (OzoneContainer.java:start(186)) - Attempting to start container services.
2019-08-21 09:04:33,083 INFO  ozoneimpl.OzoneContainer (OzoneContainer.java:startContainerScrub(160)) - Background container scrubber has been disabled by hdds.containerscrub.enabled
2019-08-21 09:04:33,083 INFO  ratis.XceiverServerRatis (XceiverServerRatis.java:start(404)) - Starting XceiverServerRatis 1dfce845-6d7d-4e6b-815a-0ae574d8651b at port 0
2019-08-21 09:04:33,109 INFO  impl.RaftServerProxy (RaftServerProxy.java:lambda$start$3(299)) - 1dfce845-6d7d-4e6b-815a-0ae574d8651b: start RPC server
2019-08-21 09:04:33,263 INFO  server.GrpcService (GrpcService.java:startImpl(149)) - 1dfce845-6d7d-4e6b-815a-0ae574d8651b: GrpcService started, listening on 0.0.0.0/0.0.0.0:35311
2019-08-21 09:04:33,264 INFO  ratis.XceiverServerRatis (XceiverServerRatis.java:start(414)) - XceiverServerRatis 1dfce845-6d7d-4e6b-815a-0ae574d8651b is started using port 35311
2019-08-21 09:04:33,267 INFO  server.XceiverServerGrpc (XceiverServerGrpc.java:start(161)) - XceiverServerGrpc 1dfce845-6d7d-4e6b-815a-0ae574d8651b is started using port 37327
2019-08-21 09:04:33,301 INFO  ozoneimpl.OzoneContainer (OzoneContainer.java:start(186)) - Attempting to start container services.
2019-08-21 09:04:33,305 INFO  ozoneimpl.OzoneContainer (OzoneContainer.java:startContainerScrub(160)) - Background container scrubber has been disabled by hdds.containerscrub.enabled
2019-08-21 09:04:33,305 INFO  ratis.XceiverServerRatis (XceiverServerRatis.java:start(404)) - Starting XceiverServerRatis a5d326b4-5ae1-4ccd-a59a-21215a91a7bb at port 0
2019-08-21 09:04:33,313 INFO  impl.RaftServerProxy (RaftServerProxy.java:lambda$start$3(299)) - a5d326b4-5ae1-4ccd-a59a-21215a91a7bb: start RPC server
2019-08-21 09:04:33,317 INFO  server.GrpcService (GrpcService.java:startImpl(149)) - a5d326b4-5ae1-4ccd-a59a-21215a91a7bb: GrpcService started, listening on 0.0.0.0/0.0.0.0:43807
2019-08-21 09:04:33,318 INFO  ratis.XceiverServerRatis (XceiverServerRatis.java:start(414)) - XceiverServerRatis a5d326b4-5ae1-4ccd-a59a-21215a91a7bb is started using port 43807
2019-08-21 09:04:33,320 INFO  server.XceiverServerGrpc (XceiverServerGrpc.java:start(161)) - XceiverServerGrpc a5d326b4-5ae1-4ccd-a59a-21215a91a7bb is started using port 36865
2019-08-21 09:04:33,600 INFO  ozoneimpl.OzoneContainer (OzoneContainer.java:start(186)) - Attempting to start container services.
2019-08-21 09:04:33,605 INFO  ozoneimpl.OzoneContainer (OzoneContainer.java:startContainerScrub(160)) - Background container scrubber has been disabled by hdds.containerscrub.enabled
2019-08-21 09:04:33,605 INFO  ratis.XceiverServerRatis (XceiverServerRatis.java:start(404)) - Starting XceiverServerRatis 96f58e83-9e7a-4514-a1b7-98a6f7f2da98 at port 0
2019-08-21 09:04:33,611 INFO  ozone.MiniOzoneClusterImpl (MiniOzoneClusterImpl.java:lambda$waitForClusterToBeReady$0(142)) - Waiting for cluster to be ready. Got 0 of 7 DN Heartbeats.
2019-08-21 09:04:33,612 INFO  impl.RaftServerProxy (RaftServerProxy.java:lambda$start$3(299)) - 96f58e83-9e7a-4514-a1b7-98a6f7f2da98: start RPC server
2019-08-21 09:04:33,615 INFO  server.GrpcService (GrpcService.java:startImpl(149)) - 96f58e83-9e7a-4514-a1b7-98a6f7f2da98: GrpcService started, listening on 0.0.0.0/0.0.0.0:39725
2019-08-21 09:04:33,615 INFO  ratis.XceiverServerRatis (XceiverServerRatis.java:start(414)) - XceiverServerRatis 96f58e83-9e7a-4514-a1b7-98a6f7f2da98 is started using port 39725
2019-08-21 09:04:33,617 INFO  server.XceiverServerGrpc (XceiverServerGrpc.java:start(161)) - XceiverServerGrpc 96f58e83-9e7a-4514-a1b7-98a6f7f2da98 is started using port 45706
2019-08-21 09:04:33,841 INFO  ozoneimpl.OzoneContainer (OzoneContainer.java:start(186)) - Attempting to start container services.
2019-08-21 09:04:33,842 INFO  ozoneimpl.OzoneContainer (OzoneContainer.java:startContainerScrub(160)) - Background container scrubber has been disabled by hdds.containerscrub.enabled
2019-08-21 09:04:33,842 INFO  ratis.XceiverServerRatis (XceiverServerRatis.java:start(404)) - Starting XceiverServerRatis 74efcb56-65b7-4b2b-a8f1-0ea6352f04f4 at port 0
2019-08-21 09:04:33,852 INFO  impl.RaftServerProxy (RaftServerProxy.java:lambda$start$3(299)) - 74efcb56-65b7-4b2b-a8f1-0ea6352f04f4: start RPC server
2019-08-21 09:04:33,856 INFO  server.GrpcService (GrpcService.java:startImpl(149)) - 74efcb56-65b7-4b2b-a8f1-0ea6352f04f4: GrpcService started, listening on 0.0.0.0/0.0.0.0:38719
2019-08-21 09:04:33,857 INFO  ratis.XceiverServerRatis (XceiverServerRatis.java:start(414)) - XceiverServerRatis 74efcb56-65b7-4b2b-a8f1-0ea6352f04f4 is started using port 38719
2019-08-21 09:04:33,859 INFO  server.XceiverServerGrpc (XceiverServerGrpc.java:start(161)) - XceiverServerGrpc 74efcb56-65b7-4b2b-a8f1-0ea6352f04f4 is started using port 35251
2019-08-21 09:04:34,080 INFO  ozoneimpl.OzoneContainer (OzoneContainer.java:start(186)) - Attempting to start container services.
2019-08-21 09:04:34,080 INFO  ozoneimpl.OzoneContainer (OzoneContainer.java:startContainerScrub(160)) - Background container scrubber has been disabled by hdds.containerscrub.enabled
2019-08-21 09:04:34,080 INFO  ratis.XceiverServerRatis (XceiverServerRatis.java:start(404)) - Starting XceiverServerRatis da6f2729-b507-40c4-bf72-576bc4d2323c at port 0
2019-08-21 09:04:34,090 INFO  impl.RaftServerProxy (RaftServerProxy.java:lambda$start$3(299)) - da6f2729-b507-40c4-bf72-576bc4d2323c: start RPC server
2019-08-21 09:04:34,095 INFO  server.GrpcService (GrpcService.java:startImpl(149)) - da6f2729-b507-40c4-bf72-576bc4d2323c: GrpcService started, listening on 0.0.0.0/0.0.0.0:40707
2019-08-21 09:04:34,096 INFO  ratis.XceiverServerRatis (XceiverServerRatis.java:start(414)) - XceiverServerRatis da6f2729-b507-40c4-bf72-576bc4d2323c is started using port 40707
2019-08-21 09:04:34,100 INFO  server.XceiverServerGrpc (XceiverServerGrpc.java:start(161)) - XceiverServerGrpc da6f2729-b507-40c4-bf72-576bc4d2323c is started using port 44874
2019-08-21 09:04:34,320 INFO  ozoneimpl.OzoneContainer (OzoneContainer.java:start(186)) - Attempting to start container services.
2019-08-21 09:04:34,320 INFO  ozoneimpl.OzoneContainer (OzoneContainer.java:startContainerScrub(160)) - Background container scrubber has been disabled by hdds.containerscrub.enabled
2019-08-21 09:04:34,320 INFO  ratis.XceiverServerRatis (XceiverServerRatis.java:start(404)) - Starting XceiverServerRatis edcd44f5-5bba-4f95-8988-58d97d9bab93 at port 0
2019-08-21 09:04:34,329 INFO  impl.RaftServerProxy (RaftServerProxy.java:lambda$start$3(299)) - edcd44f5-5bba-4f95-8988-58d97d9bab93: start RPC server
2019-08-21 09:04:34,334 INFO  server.GrpcService (GrpcService.java:startImpl(149)) - edcd44f5-5bba-4f95-8988-58d97d9bab93: GrpcService started, listening on 0.0.0.0/0.0.0.0:34452
2019-08-21 09:04:34,334 INFO  ratis.XceiverServerRatis (XceiverServerRatis.java:start(414)) - XceiverServerRatis edcd44f5-5bba-4f95-8988-58d97d9bab93 is started using port 34452
2019-08-21 09:04:34,338 INFO  server.XceiverServerGrpc (XceiverServerGrpc.java:start(161)) - XceiverServerGrpc edcd44f5-5bba-4f95-8988-58d97d9bab93 is started using port 38371
2019-08-21 09:04:34,611 INFO  ozone.MiniOzoneClusterImpl (MiniOzoneClusterImpl.java:lambda$waitForClusterToBeReady$0(142)) - Waiting for cluster to be ready. Got 0 of 7 DN Heartbeats.
2019-08-21 09:04:34,631 INFO  ozoneimpl.OzoneContainer (OzoneContainer.java:start(186)) - Attempting to start container services.
2019-08-21 09:04:34,631 INFO  ozoneimpl.OzoneContainer (OzoneContainer.java:startContainerScrub(160)) - Background container scrubber has been disabled by hdds.containerscrub.enabled
2019-08-21 09:04:34,631 INFO  ratis.XceiverServerRatis (XceiverServerRatis.java:start(404)) - Starting XceiverServerRatis f261e572-4f21-430e-a56c-78edd2a2bfef at port 0
2019-08-21 09:04:34,639 INFO  impl.RaftServerProxy (RaftServerProxy.java:lambda$start$3(299)) - f261e572-4f21-430e-a56c-78edd2a2bfef: start RPC server
2019-08-21 09:04:34,644 INFO  server.GrpcService (GrpcService.java:startImpl(149)) - f261e572-4f21-430e-a56c-78edd2a2bfef: GrpcService started, listening on 0.0.0.0/0.0.0.0:38373
2019-08-21 09:04:34,644 INFO  ratis.XceiverServerRatis (XceiverServerRatis.java:start(414)) - XceiverServerRatis f261e572-4f21-430e-a56c-78edd2a2bfef is started using port 38373
2019-08-21 09:04:34,649 INFO  server.XceiverServerGrpc (XceiverServerGrpc.java:start(161)) - XceiverServerGrpc f261e572-4f21-430e-a56c-78edd2a2bfef is started using port 43147
2019-08-21 09:04:35,044 INFO  net.NetworkTopology (NetworkTopologyImpl.java:add(110)) - Added a new node: /default-rack/1dfce845-6d7d-4e6b-815a-0ae574d8651b
2019-08-21 09:04:35,047 INFO  node.SCMNodeManager (SCMNodeManager.java:register(273)) - Registered Data node : 1dfce845-6d7d-4e6b-815a-0ae574d8651b{ip: 192.168.157.251, host: pr-hdds-1948-qvnss-3490636412, networkLocation: /default-rack, certSerialId: null}
2019-08-21 09:04:35,054 INFO  safemode.SCMSafeModeManager (DataNodeSafeModeRule.java:process(71)) - SCM in safe mode. 1 DataNodes registered, 1 required.
2019-08-21 09:04:35,054 INFO  safemode.SCMSafeModeManager (SCMSafeModeManager.java:validateSafeModeExitRules(177)) - ScmSafeModeManager, all rules are successfully validated
2019-08-21 09:04:35,054 INFO  safemode.SCMSafeModeManager (SCMSafeModeManager.java:exitSafeMode(193)) - SCM exiting safe mode.
2019-08-21 09:04:35,286 INFO  net.NetworkTopology (NetworkTopologyImpl.java:add(110)) - Added a new node: /default-rack/a5d326b4-5ae1-4ccd-a59a-21215a91a7bb
2019-08-21 09:04:35,286 INFO  node.SCMNodeManager (SCMNodeManager.java:register(273)) - Registered Data node : a5d326b4-5ae1-4ccd-a59a-21215a91a7bb{ip: 192.168.157.251, host: pr-hdds-1948-qvnss-3490636412, networkLocation: /default-rack, certSerialId: null}
2019-08-21 09:04:35,590 INFO  net.NetworkTopology (NetworkTopologyImpl.java:add(110)) - Added a new node: /default-rack/96f58e83-9e7a-4514-a1b7-98a6f7f2da98
2019-08-21 09:04:35,590 INFO  node.SCMNodeManager (SCMNodeManager.java:register(273)) - Registered Data node : 96f58e83-9e7a-4514-a1b7-98a6f7f2da98{ip: 192.168.157.251, host: pr-hdds-1948-qvnss-3490636412, networkLocation: /default-rack, certSerialId: null}
2019-08-21 09:04:35,612 INFO  ozone.MiniOzoneClusterImpl (MiniOzoneClusterImpl.java:lambda$waitForClusterToBeReady$0(142)) - Waiting for cluster to be ready. Got 3 of 7 DN Heartbeats.
2019-08-21 09:04:36,029 INFO  net.NetworkTopology (NetworkTopologyImpl.java:add(110)) - Added a new node: /default-rack/74efcb56-65b7-4b2b-a8f1-0ea6352f04f4
2019-08-21 09:04:36,030 INFO  node.SCMNodeManager (SCMNodeManager.java:register(273)) - Registered Data node : 74efcb56-65b7-4b2b-a8f1-0ea6352f04f4{ip: 192.168.157.251, host: pr-hdds-1948-qvnss-3490636412, networkLocation: /default-rack, certSerialId: null}
2019-08-21 09:04:36,066 INFO  net.NetworkTopology (NetworkTopologyImpl.java:add(110)) - Added a new node: /default-rack/da6f2729-b507-40c4-bf72-576bc4d2323c
2019-08-21 09:04:36,066 INFO  node.SCMNodeManager (SCMNodeManager.java:register(273)) - Registered Data node : da6f2729-b507-40c4-bf72-576bc4d2323c{ip: 192.168.157.251, host: pr-hdds-1948-qvnss-3490636412, networkLocation: /default-rack, certSerialId: null}
2019-08-21 09:04:36,068 INFO  impl.RaftServerProxy (RaftServerProxy.java:addNew(89)) - 1dfce845-6d7d-4e6b-815a-0ae574d8651b: addNew group-890E201E4F97:[1dfce845-6d7d-4e6b-815a-0ae574d8651b:192.168.157.251:35311] returns group-890E201E4F97:java.util.concurrent.CompletableFuture@60fbaba[Not completed]
2019-08-21 09:04:36,086 INFO  impl.RaftServerImpl (RaftServerImpl.java:<init>(93)) - 1dfce845-6d7d-4e6b-815a-0ae574d8651b: new RaftServerImpl for group-890E201E4F97:[1dfce845-6d7d-4e6b-815a-0ae574d8651b:192.168.157.251:35311] with ContainerStateMachine:uninitialized
2019-08-21 09:04:36,088 INFO  server.RaftServerConfigKeys (ConfUtils.java:logGet(43)) - raft.server.rpc.timeout.min = 5s (custom)
2019-08-21 09:04:36,089 INFO  server.RaftServerConfigKeys (ConfUtils.java:logGet(43)) - raft.server.rpc.timeout.max = 5200ms (custom)
2019-08-21 09:04:36,090 INFO  server.RaftServerConfigKeys (ConfUtils.java:logGet(43)) - raft.server.rpcslowness.timeout = 120s (custom)
2019-08-21 09:04:36,090 INFO  server.RaftServerConfigKeys (ConfUtils.java:logGet(43)) - raft.server.sleep.deviation.threshold = 300 (default)
2019-08-21 09:04:36,091 INFO  server.RaftServerConfigKeys (ConfUtils.java:logGet(43)) - raft.server.log.appender.install.snapshot.enabled = false (custom)
2019-08-21 09:04:36,099 INFO  impl.RaftServerImpl (ServerState.java:<init>(105)) - 1dfce845-6d7d-4e6b-815a-0ae574d8651b:group-890E201E4F97 ConfigurationManager, init=-1: [1dfce845-6d7d-4e6b-815a-0ae574d8651b:192.168.157.251:35311], old=null, confs=<EMPTY_MAP>
2019-08-21 09:04:36,099 INFO  server.RaftServerConfigKeys (ConfUtils.java:logGet(43)) - raft.server.storage.dir = [/workdir/hadoop-ozone/integration-test/target/test-dir/MiniOzoneClusterImpl-1abac8c2-5122-4d50-8eb0-e3407d0689a4/datanode-0/data/ratis] (custom)
2019-08-21 09:04:36,112 INFO  storage.RaftStorageDirectory (RaftStorageDirectory.java:analyzeStorage(246)) - The storage directory /workdir/hadoop-ozone/integration-test/target/test-dir/MiniOzoneClusterImpl-1abac8c2-5122-4d50-8eb0-e3407d0689a4/datanode-0/data/ratis/3e0ca93d-b728-448b-81c9-890e201e4f97 does not exist. Creating ...
2019-08-21 09:04:36,128 INFO  storage.RaftStorageDirectory (RaftStorageDirectory.java:tryLock(328)) - Lock on /workdir/hadoop-ozone/integration-test/target/test-dir/MiniOzoneClusterImpl-1abac8c2-5122-4d50-8eb0-e3407d0689a4/datanode-0/data/ratis/3e0ca93d-b728-448b-81c9-890e201e4f97/in_use.lock acquired by nodename 4376@pr-hdds-1948-qvnss-3490636412
2019-08-21 09:04:36,143 INFO  storage.RaftStorage (RaftStorage.java:format(72)) - Storage directory /workdir/hadoop-ozone/integration-test/target/test-dir/MiniOzoneClusterImpl-1abac8c2-5122-4d50-8eb0-e3407d0689a4/datanode-0/data/ratis/3e0ca93d-b728-448b-81c9-890e201e4f97 has been successfully formatted.
2019-08-21 09:04:36,147 INFO  ratis.ContainerStateMachine (ContainerStateMachine.java:loadSnapshot(222)) - group-890E201E4F97: The snapshot info is null. Setting the last applied indexto:(t:0, i:~)
2019-08-21 09:04:36,147 INFO  server.RaftServerConfigKeys (ConfUtils.java:logGet(43)) - raft.server.leader.election.timeout = 120s (custom)
2019-08-21 09:04:36,150 INFO  server.RaftServerConfigKeys (ConfUtils.java:logGet(43)) - raft.server.log.use.memory = false (default)
2019-08-21 09:04:36,158 INFO  server.RaftServerConfigKeys (ConfUtils.java:logGet(43)) - raft.server.log.purge.gap = 1000000000 (custom)
2019-08-21 09:04:36,159 INFO  server.RaftServerConfigKeys (ConfUtils.java:logGet(43)) - raft.server.log.appender.buffer.byte-limit = 33554432 (custom)
2019-08-21 09:04:36,161 INFO  server.RaftServerConfigKeys (ConfUtils.java:logGet(43)) - raft.server.log.segment.size.max = 1048576 (custom)
2019-08-21 09:04:36,168 INFO  server.RaftServerConfigKeys (ConfUtils.java:logGet(43)) - raft.server.log.segment.cache.num.max = 2 (custom)
2019-08-21 09:04:36,176 INFO  segmented.SegmentedRaftLogWorker (SegmentedRaftLogWorker.java:<init>(172)) - new 1dfce845-6d7d-4e6b-815a-0ae574d8651b-SegmentedRaftLogWorker:Storage Directory /workdir/hadoop-ozone/integration-test/target/test-dir/MiniOzoneClusterImpl-1abac8c2-5122-4d50-8eb0-e3407d0689a4/datanode-0/data/ratis/3e0ca93d-b728-448b-81c9-890e201e4f97 for RaftStorage:Storage Directory /workdir/hadoop-ozone/integration-test/target/test-dir/MiniOzoneClusterImpl-1abac8c2-5122-4d50-8eb0-e3407d0689a4/datanode-0/data/ratis/3e0ca93d-b728-448b-81c9-890e201e4f97
2019-08-21 09:04:36,191 INFO  server.RaftServerConfigKeys (ConfUtils.java:logGet(43)) - raft.server.log.queue.byte-limit = 2147483647 (custom)
2019-08-21 09:04:36,192 INFO  server.RaftServerConfigKeys (ConfUtils.java:logGet(43)) - raft.server.log.queue.element-limit = 1024 (custom)
2019-08-21 09:04:36,197 INFO  server.RaftServerConfigKeys (ConfUtils.java:logGet(43)) - raft.server.log.segment.size.max = 1048576 (custom)
2019-08-21 09:04:36,198 INFO  server.RaftServerConfigKeys (ConfUtils.java:logGet(43)) - raft.server.log.preallocated.size = 16384 (custom)
2019-08-21 09:04:36,198 INFO  server.RaftServerConfigKeys (ConfUtils.java:logGet(43)) - raft.server.log.write.buffer.size = 33554432 (custom)
2019-08-21 09:04:36,199 INFO  server.RaftServerConfigKeys (ConfUtils.java:logGet(43)) - raft.server.log.force.sync.num = 128 (default)
2019-08-21 09:04:36,200 INFO  server.RaftServerConfigKeys (ConfUtils.java:logGet(43)) - raft.server.log.statemachine.data.sync = true (default)
2019-08-21 09:04:36,200 INFO  server.RaftServerConfigKeys (ConfUtils.java:logGet(43)) - raft.server.log.statemachine.data.sync.timeout = 10s (default)
2019-08-21 09:04:36,201 INFO  server.RaftServerConfigKeys (ConfUtils.java:logGet(43)) - raft.server.log.statemachine.data.sync.timeout.retry = -1 (default)
2019-08-21 09:04:36,211 INFO  server.RaftServerConfigKeys (ConfUtils.java:logGet(43)) - raft.server.log.statemachine.data.caching.enabled = true (custom)
2019-08-21 09:04:36,216 INFO  segmented.SegmentedRaftLogWorker (SegmentedRaftLogWorker.java:lambda$new$0(132)) - 1dfce845-6d7d-4e6b-815a-0ae574d8651b-SegmentedRaftLogWorker:Storage Directory /workdir/hadoop-ozone/integration-test/target/test-dir/MiniOzoneClusterImpl-1abac8c2-5122-4d50-8eb0-e3407d0689a4/datanode-0/data/ratis/3e0ca93d-b728-448b-81c9-890e201e4f97: flushIndex: setUnconditionally 0 -> -1
2019-08-21 09:04:36,221 INFO  server.RaftServerConfigKeys (ConfUtils.java:logGet(43)) - raft.server.snapshot.auto.trigger.enabled = true (custom)
2019-08-21 09:04:36,222 INFO  server.RaftServerConfigKeys (ConfUtils.java:logGet(43)) - raft.server.snapshot.auto.trigger.threshold = 10000 (custom)
2019-08-21 09:04:36,222 INFO  server.RaftServerConfigKeys (ConfUtils.java:logGet(43)) - raft.server.retrycache.expirytime = 600000ms (custom)
2019-08-21 09:04:36,247 INFO  impl.RaftServerImpl (RaftServerImpl.java:start(180)) - 1dfce845-6d7d-4e6b-815a-0ae574d8651b: start group-890E201E4F97
2019-08-21 09:04:36,249 INFO  impl.RaftServerImpl (RaftServerImpl.java:setRole(171)) - 1dfce845-6d7d-4e6b-815a-0ae574d8651b:group-890E201E4F97 changes role from null to FOLLOWER at term 0 for startAsFollower
2019-08-21 09:04:36,250 INFO  impl.RoleInfo (RoleInfo.java:updateAndGet(143)) - 1dfce845-6d7d-4e6b-815a-0ae574d8651b: start FollowerState
2019-08-21 09:04:36,252 INFO  util.JmxRegister (JmxRegister.java:tryRegister(44)) - Successfully registered JMX Bean with object name Ratis:service=RaftServer,group=group-890E201E4F97,id=1dfce845-6d7d-4e6b-815a-0ae574d8651b
2019-08-21 09:04:36,307 INFO  net.NetworkTopology (NetworkTopologyImpl.java:add(110)) - Added a new node: /default-rack/edcd44f5-5bba-4f95-8988-58d97d9bab93
2019-08-21 09:04:36,309 INFO  node.SCMNodeManager (SCMNodeManager.java:register(273)) - Registered Data node : edcd44f5-5bba-4f95-8988-58d97d9bab93{ip: 192.168.157.251, host: pr-hdds-1948-qvnss-3490636412, networkLocation: /default-rack, certSerialId: null}
2019-08-21 09:04:36,328 INFO  pipeline.PipelineStateManager (PipelineStateManager.java:addPipeline(56)) - Created pipeline Pipeline[ Id: 3e0ca93d-b728-448b-81c9-890e201e4f97, Nodes: 1dfce845-6d7d-4e6b-815a-0ae574d8651b{ip: 192.168.157.251, host: pr-hdds-1948-qvnss-3490636412, networkLocation: /default-rack, certSerialId: null}, Type:RATIS, Factor:ONE, State:OPEN]
2019-08-21 09:04:36,357 INFO  impl.RaftServerProxy (RaftServerProxy.java:addNew(89)) - da6f2729-b507-40c4-bf72-576bc4d2323c: addNew group-621553FC5646:[da6f2729-b507-40c4-bf72-576bc4d2323c:192.168.157.251:40707] returns group-621553FC5646:java.util.concurrent.CompletableFuture@533d9e7[Not completed]
2019-08-21 09:04:36,407 INFO  impl.RaftServerImpl (RaftServerImpl.java:<init>(93)) - da6f2729-b507-40c4-bf72-576bc4d2323c: new RaftServerImpl for group-621553FC5646:[da6f2729-b507-40c4-bf72-576bc4d2323c:192.168.157.251:40707] with ContainerStateMachine:uninitialized
2019-08-21 09:04:36,408 INFO  server.RaftServerConfigKeys (ConfUtils.java:logGet(43)) - raft.server.rpc.timeout.min = 5s (custom)
2019-08-21 09:04:36,409 INFO  server.RaftServerConfigKeys (ConfUtils.java:logGet(43)) - raft.server.rpc.timeout.max = 5200ms (custom)
2019-08-21 09:04:36,409 INFO  server.RaftServerConfigKeys (ConfUtils.java:logGet(43)) - raft.server.rpcslowness.timeout = 120s (custom)
2019-08-21 09:04:36,409 INFO  server.RaftServerConfigKeys (ConfUtils.java:logGet(43)) - raft.server.sleep.deviation.threshold = 300 (default)
2019-08-21 09:04:36,409 INFO  server.RaftServerConfigKeys (ConfUtils.java:logGet(43)) - raft.server.log.appender.install.snapshot.enabled = false (custom)
2019-08-21 09:04:36,410 INFO  impl.RaftServerImpl (ServerState.java:<init>(105)) - da6f2729-b507-40c4-bf72-576bc4d2323c:group-621553FC5646 ConfigurationManager, init=-1: [da6f2729-b507-40c4-bf72-576bc4d2323c:192.168.157.251:40707], old=null, confs=<EMPTY_MAP>
2019-08-21 09:04:36,410 INFO  server.RaftServerConfigKeys (ConfUtils.java:logGet(43)) - raft.server.storage.dir = [/workdir/hadoop-ozone/integration-test/target/test-dir/MiniOzoneClusterImpl-1abac8c2-5122-4d50-8eb0-e3407d0689a4/datanode-4/data/ratis] (custom)
2019-08-21 09:04:36,410 INFO  storage.RaftStorageDirectory (RaftStorageDirectory.java:analyzeStorage(246)) - The storage directory /workdir/hadoop-ozone/integration-test/target/test-dir/MiniOzoneClusterImpl-1abac8c2-5122-4d50-8eb0-e3407d0689a4/datanode-4/data/ratis/c29c30e2-3879-4743-b44f-621553fc5646 does not exist. Creating ...
2019-08-21 09:04:36,424 INFO  storage.RaftStorageDirectory (RaftStorageDirectory.java:tryLock(328)) - Lock on /workdir/hadoop-ozone/integration-test/target/test-dir/MiniOzoneClusterImpl-1abac8c2-5122-4d50-8eb0-e3407d0689a4/datanode-4/data/ratis/c29c30e2-3879-4743-b44f-621553fc5646/in_use.lock acquired by nodename 4376@pr-hdds-1948-qvnss-3490636412
2019-08-21 09:04:36,438 INFO  storage.RaftStorage (RaftStorage.java:format(72)) - Storage directory /workdir/hadoop-ozone/integration-test/target/test-dir/MiniOzoneClusterImpl-1abac8c2-5122-4d50-8eb0-e3407d0689a4/datanode-4/data/ratis/c29c30e2-3879-4743-b44f-621553fc5646 has been successfully formatted.
2019-08-21 09:04:36,440 INFO  ratis.ContainerStateMachine (ContainerStateMachine.java:loadSnapshot(222)) - group-621553FC5646: The snapshot info is null. Setting the last applied indexto:(t:0, i:~)
2019-08-21 09:04:36,441 INFO  server.RaftServerConfigKeys (ConfUtils.java:logGet(43)) - raft.server.leader.election.timeout = 120s (custom)
2019-08-21 09:04:36,441 INFO  server.RaftServerConfigKeys (ConfUtils.java:logGet(43)) - raft.server.log.use.memory = false (default)
2019-08-21 09:04:36,442 INFO  server.RaftServerConfigKeys (ConfUtils.java:logGet(43)) - raft.server.log.purge.gap = 1000000000 (custom)
2019-08-21 09:04:36,442 INFO  server.RaftServerConfigKeys (ConfUtils.java:logGet(43)) - raft.server.log.appender.buffer.byte-limit = 33554432 (custom)
2019-08-21 09:04:36,442 INFO  server.RaftServerConfigKeys (ConfUtils.java:logGet(43)) - raft.server.log.segment.size.max = 1048576 (custom)
2019-08-21 09:04:36,442 INFO  server.RaftServerConfigKeys (ConfUtils.java:logGet(43)) - raft.server.log.segment.cache.num.max = 2 (custom)
2019-08-21 09:04:36,442 INFO  segmented.SegmentedRaftLogWorker (SegmentedRaftLogWorker.java:<init>(172)) - new da6f2729-b507-40c4-bf72-576bc4d2323c-SegmentedRaftLogWorker:Storage Directory /workdir/hadoop-ozone/integration-test/target/test-dir/MiniOzoneClusterImpl-1abac8c2-5122-4d50-8eb0-e3407d0689a4/datanode-4/data/ratis/c29c30e2-3879-4743-b44f-621553fc5646 for RaftStorage:Storage Directory /workdir/hadoop-ozone/integration-test/target/test-dir/MiniOzoneClusterImpl-1abac8c2-5122-4d50-8eb0-e3407d0689a4/datanode-4/data/ratis/c29c30e2-3879-4743-b44f-621553fc5646
2019-08-21 09:04:36,444 INFO  server.RaftServerConfigKeys (ConfUtils.java:logGet(43)) - raft.server.log.queue.byte-limit = 2147483647 (custom)
2019-08-21 09:04:36,444 INFO  server.RaftServerConfigKeys (ConfUtils.java:logGet(43)) - raft.server.log.queue.element-limit = 1024 (custom)
2019-08-21 09:04:36,444 INFO  server.RaftServerConfigKeys (ConfUtils.java:logGet(43)) - raft.server.log.segment.size.max = 1048576 (custom)
2019-08-21 09:04:36,444 INFO  server.RaftServerConfigKeys (ConfUtils.java:logGet(43)) - raft.server.log.preallocated.size = 16384 (custom)
2019-08-21 09:04:36,444 INFO  server.RaftServerConfigKeys (ConfUtils.java:logGet(43)) - raft.server.log.write.buffer.size = 33554432 (custom)
2019-08-21 09:04:36,445 INFO  server.RaftServerConfigKeys (ConfUtils.java:logGet(43)) - raft.server.log.force.sync.num = 128 (default)
2019-08-21 09:04:36,445 INFO  server.RaftServerConfigKeys (ConfUtils.java:logGet(43)) - raft.server.log.statemachine.data.sync = true (default)
2019-08-21 09:04:36,445 INFO  server.RaftServerConfigKeys (ConfUtils.java:logGet(43)) - raft.server.log.statemachine.data.sync.timeout = 10s (default)
2019-08-21 09:04:36,445 INFO  server.RaftServerConfigKeys (ConfUtils.java:logGet(43)) - raft.server.log.statemachine.data.sync.timeout.retry = -1 (default)
2019-08-21 09:04:36,446 INFO  server.RaftServerConfigKeys (ConfUtils.java:logGet(43)) - raft.server.log.statemachine.data.caching.enabled = true (custom)
2019-08-21 09:04:36,446 INFO  segmented.SegmentedRaftLogWorker (SegmentedRaftLogWorker.java:lambda$new$0(132)) - da6f2729-b507-40c4-bf72-576bc4d2323c-SegmentedRaftLogWorker:Storage Directory /workdir/hadoop-ozone/integration-test/target/test-dir/MiniOzoneClusterImpl-1abac8c2-5122-4d50-8eb0-e3407d0689a4/datanode-4/data/ratis/c29c30e2-3879-4743-b44f-621553fc5646: flushIndex: setUnconditionally 0 -> -1
2019-08-21 09:04:36,446 INFO  server.RaftServerConfigKeys (ConfUtils.java:logGet(43)) - raft.server.snapshot.auto.trigger.enabled = true (custom)
2019-08-21 09:04:36,446 INFO  server.RaftServerConfigKeys (ConfUtils.java:logGet(43)) - raft.server.snapshot.auto.trigger.threshold = 10000 (custom)
2019-08-21 09:04:36,447 INFO  server.RaftServerConfigKeys (ConfUtils.java:logGet(43)) - raft.server.retrycache.expirytime = 600000ms (custom)
2019-08-21 09:04:36,447 INFO  impl.RaftServerImpl (RaftServerImpl.java:start(180)) - da6f2729-b507-40c4-bf72-576bc4d2323c: start group-621553FC5646
2019-08-21 09:04:36,447 INFO  impl.RaftServerImpl (RaftServerImpl.java:setRole(171)) - da6f2729-b507-40c4-bf72-576bc4d2323c:group-621553FC5646 changes role from null to FOLLOWER at term 0 for startAsFollower
2019-08-21 09:04:36,447 INFO  impl.RoleInfo (RoleInfo.java:updateAndGet(143)) - da6f2729-b507-40c4-bf72-576bc4d2323c: start FollowerState
2019-08-21 09:04:36,449 INFO  util.JmxRegister (JmxRegister.java:tryRegister(44)) - Successfully registered JMX Bean with object name Ratis:service=RaftServer,group=group-621553FC5646,id=da6f2729-b507-40c4-bf72-576bc4d2323c
2019-08-21 09:04:36,468 INFO  pipeline.PipelineStateManager (PipelineStateManager.java:addPipeline(56)) - Created pipeline Pipeline[ Id: c29c30e2-3879-4743-b44f-621553fc5646, Nodes: da6f2729-b507-40c4-bf72-576bc4d2323c{ip: 192.168.157.251, host: pr-hdds-1948-qvnss-3490636412, networkLocation: /default-rack, certSerialId: null}, Type:RATIS, Factor:ONE, State:OPEN]
2019-08-21 09:04:36,498 INFO  impl.RaftServerProxy (RaftServerProxy.java:addNew(89)) - 96f58e83-9e7a-4514-a1b7-98a6f7f2da98: addNew group-570510EEEC22:[96f58e83-9e7a-4514-a1b7-98a6f7f2da98:192.168.157.251:39725] returns group-570510EEEC22:java.util.concurrent.CompletableFuture@716ec14e[Not completed]
2019-08-21 09:04:36,510 INFO  impl.RaftServerImpl (RaftServerImpl.java:<init>(93)) - 96f58e83-9e7a-4514-a1b7-98a6f7f2da98: new RaftServerImpl for group-570510EEEC22:[96f58e83-9e7a-4514-a1b7-98a6f7f2da98:192.168.157.251:39725] with ContainerStateMachine:uninitialized
2019-08-21 09:04:36,510 INFO  server.RaftServerConfigKeys (ConfUtils.java:logGet(43)) - raft.server.rpc.timeout.min = 5s (custom)
2019-08-21 09:04:36,510 INFO  server.RaftServerConfigKeys (ConfUtils.java:logGet(43)) - raft.server.rpc.timeout.max = 5200ms (custom)
2019-08-21 09:04:36,510 INFO  server.RaftServerConfigKeys (ConfUtils.java:logGet(43)) - raft.server.rpcslowness.timeout = 120s (custom)
2019-08-21 09:04:36,510 INFO  server.RaftServerConfigKeys (ConfUtils.java:logGet(43)) - raft.server.sleep.deviation.threshold = 300 (default)
2019-08-21 09:04:36,510 INFO  server.RaftServerConfigKeys (ConfUtils.java:logGet(43)) - raft.server.log.appender.install.snapshot.enabled = false (custom)
2019-08-21 09:04:36,510 INFO  impl.RaftServerImpl (ServerState.java:<init>(105)) - 96f58e83-9e7a-4514-a1b7-98a6f7f2da98:group-570510EEEC22 ConfigurationManager, init=-1: [96f58e83-9e7a-4514-a1b7-98a6f7f2da98:192.168.157.251:39725], old=null, confs=<EMPTY_MAP>
2019-08-21 09:04:36,511 INFO  server.RaftServerConfigKeys (ConfUtils.java:logGet(43)) - raft.server.storage.dir = [/workdir/hadoop-ozone/integration-test/target/test-dir/MiniOzoneClusterImpl-1abac8c2-5122-4d50-8eb0-e3407d0689a4/datanode-2/data/ratis] (custom)
2019-08-21 09:04:36,511 INFO  storage.RaftStorageDirectory (RaftStorageDirectory.java:analyzeStorage(246)) - The storage directory /workdir/hadoop-ozone/integration-test/target/test-dir/MiniOzoneClusterImpl-1abac8c2-5122-4d50-8eb0-e3407d0689a4/datanode-2/data/ratis/75211846-7c63-4c1f-bcb5-570510eeec22 does not exist. Creating ...
2019-08-21 09:04:36,524 INFO  storage.RaftStorageDirectory (RaftStorageDirectory.java:tryLock(328)) - Lock on /workdir/hadoop-ozone/integration-test/target/test-dir/MiniOzoneClusterImpl-1abac8c2-5122-4d50-8eb0-e3407d0689a4/datanode-2/data/ratis/75211846-7c63-4c1f-bcb5-570510eeec22/in_use.lock acquired by nodename 4376@pr-hdds-1948-qvnss-3490636412
2019-08-21 09:04:36,538 INFO  storage.RaftStorage (RaftStorage.java:format(72)) - Storage directory /workdir/hadoop-ozone/integration-test/target/test-dir/MiniOzoneClusterImpl-1abac8c2-5122-4d50-8eb0-e3407d0689a4/datanode-2/data/ratis/75211846-7c63-4c1f-bcb5-570510eeec22 has been successfully formatted.
2019-08-21 09:04:36,538 INFO  ratis.ContainerStateMachine (ContainerStateMachine.java:loadSnapshot(222)) - group-570510EEEC22: The snapshot info is null. Setting the last applied indexto:(t:0, i:~)
2019-08-21 09:04:36,538 INFO  server.RaftServerConfigKeys (ConfUtils.java:logGet(43)) - raft.server.leader.election.timeout = 120s (custom)
2019-08-21 09:04:36,538 INFO  server.RaftServerConfigKeys (ConfUtils.java:logGet(43)) - raft.server.log.use.memory = false (default)
2019-08-21 09:04:36,539 INFO  server.RaftServerConfigKeys (ConfUtils.java:logGet(43)) - raft.server.log.purge.gap = 1000000000 (custom)
2019-08-21 09:04:36,539 INFO  server.RaftServerConfigKeys (ConfUtils.java:logGet(43)) - raft.server.log.appender.buffer.byte-limit = 33554432 (custom)
2019-08-21 09:04:36,539 INFO  server.RaftServerConfigKeys (ConfUtils.java:logGet(43)) - raft.server.log.segment.size.max = 1048576 (custom)
2019-08-21 09:04:36,539 INFO  server.RaftServerConfigKeys (ConfUtils.java:logGet(43)) - raft.server.log.segment.cache.num.max = 2 (custom)
2019-08-21 09:04:36,539 INFO  segmented.SegmentedRaftLogWorker (SegmentedRaftLogWorker.java:<init>(172)) - new 96f58e83-9e7a-4514-a1b7-98a6f7f2da98-SegmentedRaftLogWorker:Storage Directory /workdir/hadoop-ozone/integration-test/target/test-dir/MiniOzoneClusterImpl-1abac8c2-5122-4d50-8eb0-e3407d0689a4/datanode-2/data/ratis/75211846-7c63-4c1f-bcb5-570510eeec22 for RaftStorage:Storage Directory /workdir/hadoop-ozone/integration-test/target/test-dir/MiniOzoneClusterImpl-1abac8c2-5122-4d50-8eb0-e3407d0689a4/datanode-2/data/ratis/75211846-7c63-4c1f-bcb5-570510eeec22
2019-08-21 09:04:36,539 INFO  server.RaftServerConfigKeys (ConfUtils.java:logGet(43)) - raft.server.log.queue.byte-limit = 2147483647 (custom)
2019-08-21 09:04:36,540 INFO  server.RaftServerConfigKeys (ConfUtils.java:logGet(43)) - raft.server.log.queue.element-limit = 1024 (custom)
2019-08-21 09:04:36,540 INFO  server.RaftServerConfigKeys (ConfUtils.java:logGet(43)) - raft.server.log.segment.size.max = 1048576 (custom)
2019-08-21 09:04:36,540 INFO  server.RaftServerConfigKeys (ConfUtils.java:logGet(43)) - raft.server.log.preallocated.size = 16384 (custom)
2019-08-21 09:04:36,540 INFO  server.RaftServerConfigKeys (ConfUtils.java:logGet(43)) - raft.server.log.write.buffer.size = 33554432 (custom)
2019-08-21 09:04:36,540 INFO  server.RaftServerConfigKeys (ConfUtils.java:logGet(43)) - raft.server.log.force.sync.num = 128 (default)
2019-08-21 09:04:36,541 INFO  server.RaftServerConfigKeys (ConfUtils.java:logGet(43)) - raft.server.log.statemachine.data.sync = true (default)
2019-08-21 09:04:36,541 INFO  server.RaftServerConfigKeys (ConfUtils.java:logGet(43)) - raft.server.log.statemachine.data.sync.timeout = 10s (default)
2019-08-21 09:04:36,541 INFO  server.RaftServerConfigKeys (ConfUtils.java:logGet(43)) - raft.server.log.statemachine.data.sync.timeout.retry = -1 (default)
2019-08-21 09:04:36,541 INFO  server.RaftServerConfigKeys (ConfUtils.java:logGet(43)) - raft.server.log.statemachine.data.caching.enabled = true (custom)
2019-08-21 09:04:36,542 INFO  segmented.SegmentedRaftLogWorker (SegmentedRaftLogWorker.java:lambda$new$0(132)) - 96f58e83-9e7a-4514-a1b7-98a6f7f2da98-SegmentedRaftLogWorker:Storage Directory /workdir/hadoop-ozone/integration-test/target/test-dir/MiniOzoneClusterImpl-1abac8c2-5122-4d50-8eb0-e3407d0689a4/datanode-2/data/ratis/75211846-7c63-4c1f-bcb5-570510eeec22: flushIndex: setUnconditionally 0 -> -1
2019-08-21 09:04:36,542 INFO  server.RaftServerConfigKeys (ConfUtils.java:logGet(43)) - raft.server.snapshot.auto.trigger.enabled = true (custom)
2019-08-21 09:04:36,542 INFO  server.RaftServerConfigKeys (ConfUtils.java:logGet(43)) - raft.server.snapshot.auto.trigger.threshold = 10000 (custom)
2019-08-21 09:04:36,542 INFO  server.RaftServerConfigKeys (ConfUtils.java:logGet(43)) - raft.server.retrycache.expirytime = 600000ms (custom)
2019-08-21 09:04:36,543 INFO  impl.RaftServerImpl (RaftServerImpl.java:start(180)) - 96f58e83-9e7a-4514-a1b7-98a6f7f2da98: start group-570510EEEC22
2019-08-21 09:04:36,543 INFO  impl.RaftServerImpl (RaftServerImpl.java:setRole(171)) - 96f58e83-9e7a-4514-a1b7-98a6f7f2da98:group-570510EEEC22 changes role from null to FOLLOWER at term 0 for startAsFollower
2019-08-21 09:04:36,543 INFO  impl.RoleInfo (RoleInfo.java:updateAndGet(143)) - 96f58e83-9e7a-4514-a1b7-98a6f7f2da98: start FollowerState
2019-08-21 09:04:36,543 INFO  util.JmxRegister (JmxRegister.java:tryRegister(44)) - Successfully registered JMX Bean with object name Ratis:service=RaftServer,group=group-570510EEEC22,id=96f58e83-9e7a-4514-a1b7-98a6f7f2da98
2019-08-21 09:04:36,556 INFO  pipeline.PipelineStateManager (PipelineStateManager.java:addPipeline(56)) - Created pipeline Pipeline[ Id: 75211846-7c63-4c1f-bcb5-570510eeec22, Nodes: 96f58e83-9e7a-4514-a1b7-98a6f7f2da98{ip: 192.168.157.251, host: pr-hdds-1948-qvnss-3490636412, networkLocation: /default-rack, certSerialId: null}, Type:RATIS, Factor:ONE, State:OPEN]
2019-08-21 09:04:36,582 INFO  impl.RaftServerProxy (RaftServerProxy.java:addNew(89)) - 74efcb56-65b7-4b2b-a8f1-0ea6352f04f4: addNew group-4C6B03ACD099:[74efcb56-65b7-4b2b-a8f1-0ea6352f04f4:192.168.157.251:38719] returns group-4C6B03ACD099:java.util.concurrent.CompletableFuture@be242b4[Not completed]
2019-08-21 09:04:36,586 INFO  impl.RaftServerImpl (RaftServerImpl.java:<init>(93)) - 74efcb56-65b7-4b2b-a8f1-0ea6352f04f4: new RaftServerImpl for group-4C6B03ACD099:[74efcb56-65b7-4b2b-a8f1-0ea6352f04f4:192.168.157.251:38719] with ContainerStateMachine:uninitialized
2019-08-21 09:04:36,587 INFO  server.RaftServerConfigKeys (ConfUtils.java:logGet(43)) - raft.server.rpc.timeout.min = 5s (custom)
2019-08-21 09:04:36,587 INFO  server.RaftServerConfigKeys (ConfUtils.java:logGet(43)) - raft.server.rpc.timeout.max = 5200ms (custom)
2019-08-21 09:04:36,587 INFO  server.RaftServerConfigKeys (ConfUtils.java:logGet(43)) - raft.server.rpcslowness.timeout = 120s (custom)
2019-08-21 09:04:36,587 INFO  server.RaftServerConfigKeys (ConfUtils.java:logGet(43)) - raft.server.sleep.deviation.threshold = 300 (default)
2019-08-21 09:04:36,587 INFO  server.RaftServerConfigKeys (ConfUtils.java:logGet(43)) - raft.server.log.appender.install.snapshot.enabled = false (custom)
2019-08-21 09:04:36,588 INFO  impl.RaftServerImpl (ServerState.java:<init>(105)) - 74efcb56-65b7-4b2b-a8f1-0ea6352f04f4:group-4C6B03ACD099 ConfigurationManager, init=-1: [74efcb56-65b7-4b2b-a8f1-0ea6352f04f4:192.168.157.251:38719], old=null, confs=<EMPTY_MAP>
2019-08-21 09:04:36,588 INFO  server.RaftServerConfigKeys (ConfUtils.java:logGet(43)) - raft.server.storage.dir = [/workdir/hadoop-ozone/integration-test/target/test-dir/MiniOzoneClusterImpl-1abac8c2-5122-4d50-8eb0-e3407d0689a4/datanode-3/data/ratis] (custom)
2019-08-21 09:04:36,588 INFO  storage.RaftStorageDirectory (RaftStorageDirectory.java:analyzeStorage(246)) - The storage directory /workdir/hadoop-ozone/integration-test/target/test-dir/MiniOzoneClusterImpl-1abac8c2-5122-4d50-8eb0-e3407d0689a4/datanode-3/data/ratis/4a55dbde-818e-472f-9f07-4c6b03acd099 does not exist. Creating ...
2019-08-21 09:04:36,601 INFO  storage.RaftStorageDirectory (RaftStorageDirectory.java:tryLock(328)) - Lock on /workdir/hadoop-ozone/integration-test/target/test-dir/MiniOzoneClusterImpl-1abac8c2-5122-4d50-8eb0-e3407d0689a4/datanode-3/data/ratis/4a55dbde-818e-472f-9f07-4c6b03acd099/in_use.lock acquired by nodename 4376@pr-hdds-1948-qvnss-3490636412
2019-08-21 09:04:36,613 INFO  ozone.MiniOzoneClusterImpl (MiniOzoneClusterImpl.java:lambda$waitForClusterToBeReady$0(142)) - Waiting for cluster to be ready. Got 6 of 7 DN Heartbeats.
2019-08-21 09:04:36,614 INFO  storage.RaftStorage (RaftStorage.java:format(72)) - Storage directory /workdir/hadoop-ozone/integration-test/target/test-dir/MiniOzoneClusterImpl-1abac8c2-5122-4d50-8eb0-e3407d0689a4/datanode-3/data/ratis/4a55dbde-818e-472f-9f07-4c6b03acd099 has been successfully formatted.
2019-08-21 09:04:36,614 INFO  ratis.ContainerStateMachine (ContainerStateMachine.java:loadSnapshot(222)) - group-4C6B03ACD099: The snapshot info is null. Setting the last applied indexto:(t:0, i:~)
2019-08-21 09:04:36,614 INFO  server.RaftServerConfigKeys (ConfUtils.java:logGet(43)) - raft.server.leader.election.timeout = 120s (custom)
2019-08-21 09:04:36,614 INFO  net.NetworkTopology (NetworkTopologyImpl.java:add(110)) - Added a new node: /default-rack/f261e572-4f21-430e-a56c-78edd2a2bfef
2019-08-21 09:04:36,614 INFO  server.RaftServerConfigKeys (ConfUtils.java:logGet(43)) - raft.server.log.use.memory = false (default)
2019-08-21 09:04:36,615 INFO  node.SCMNodeManager (SCMNodeManager.java:register(273)) - Registered Data node : f261e572-4f21-430e-a56c-78edd2a2bfef{ip: 192.168.157.251, host: pr-hdds-1948-qvnss-3490636412, networkLocation: /default-rack, certSerialId: null}
2019-08-21 09:04:36,615 INFO  server.RaftServerConfigKeys (ConfUtils.java:logGet(43)) - raft.server.log.purge.gap = 1000000000 (custom)
2019-08-21 09:04:36,615 INFO  server.RaftServerConfigKeys (ConfUtils.java:logGet(43)) - raft.server.log.appender.buffer.byte-limit = 33554432 (custom)
2019-08-21 09:04:36,615 INFO  server.RaftServerConfigKeys (ConfUtils.java:logGet(43)) - raft.server.log.segment.size.max = 1048576 (custom)
2019-08-21 09:04:36,615 INFO  server.RaftServerConfigKeys (ConfUtils.java:logGet(43)) - raft.server.log.segment.cache.num.max = 2 (custom)
2019-08-21 09:04:36,615 INFO  segmented.SegmentedRaftLogWorker (SegmentedRaftLogWorker.java:<init>(172)) - new 74efcb56-65b7-4b2b-a8f1-0ea6352f04f4-SegmentedRaftLogWorker:Storage Directory /workdir/hadoop-ozone/integration-test/target/test-dir/MiniOzoneClusterImpl-1abac8c2-5122-4d50-8eb0-e3407d0689a4/datanode-3/data/ratis/4a55dbde-818e-472f-9f07-4c6b03acd099 for RaftStorage:Storage Directory /workdir/hadoop-ozone/integration-test/target/test-dir/MiniOzoneClusterImpl-1abac8c2-5122-4d50-8eb0-e3407d0689a4/datanode-3/data/ratis/4a55dbde-818e-472f-9f07-4c6b03acd099
2019-08-21 09:04:36,615 INFO  server.RaftServerConfigKeys (ConfUtils.java:logGet(43)) - raft.server.log.queue.byte-limit = 2147483647 (custom)
2019-08-21 09:04:36,616 INFO  server.RaftServerConfigKeys (ConfUtils.java:logGet(43)) - raft.server.log.queue.element-limit = 1024 (custom)
2019-08-21 09:04:36,616 INFO  server.RaftServerConfigKeys (ConfUtils.java:logGet(43)) - raft.server.log.segment.size.max = 1048576 (custom)
2019-08-21 09:04:36,616 INFO  server.RaftServerConfigKeys (ConfUtils.java:logGet(43)) - raft.server.log.preallocated.size = 16384 (custom)
2019-08-21 09:04:36,616 INFO  server.RaftServerConfigKeys (ConfUtils.java:logGet(43)) - raft.server.log.write.buffer.size = 33554432 (custom)
2019-08-21 09:04:36,616 INFO  server.RaftServerConfigKeys (ConfUtils.java:logGet(43)) - raft.server.log.force.sync.num = 128 (default)
2019-08-21 09:04:36,616 INFO  server.RaftServerConfigKeys (ConfUtils.java:logGet(43)) - raft.server.log.statemachine.data.sync = true (default)
2019-08-21 09:04:36,616 INFO  server.RaftServerConfigKeys (ConfUtils.java:logGet(43)) - raft.server.log.statemachine.data.sync.timeout = 10s (default)
2019-08-21 09:04:36,617 INFO  server.RaftServerConfigKeys (ConfUtils.java:logGet(43)) - raft.server.log.statemachine.data.sync.timeout.retry = -1 (default)
2019-08-21 09:04:36,617 INFO  server.RaftServerConfigKeys (ConfUtils.java:logGet(43)) - raft.server.log.statemachine.data.caching.enabled = true (custom)
2019-08-21 09:04:36,617 INFO  segmented.SegmentedRaftLogWorker (SegmentedRaftLogWorker.java:lambda$new$0(132)) - 74efcb56-65b7-4b2b-a8f1-0ea6352f04f4-SegmentedRaftLogWorker:Storage Directory /workdir/hadoop-ozone/integration-test/target/test-dir/MiniOzoneClusterImpl-1abac8c2-5122-4d50-8eb0-e3407d0689a4/datanode-3/data/ratis/4a55dbde-818e-472f-9f07-4c6b03acd099: flushIndex: setUnconditionally 0 -> -1
2019-08-21 09:04:36,617 INFO  server.RaftServerConfigKeys (ConfUtils.java:logGet(43)) - raft.server.snapshot.auto.trigger.enabled = true (custom)
2019-08-21 09:04:36,618 INFO  server.RaftServerConfigKeys (ConfUtils.java:logGet(43)) - raft.server.snapshot.auto.trigger.threshold = 10000 (custom)
2019-08-21 09:04:36,618 INFO  server.RaftServerConfigKeys (ConfUtils.java:logGet(43)) - raft.server.retrycache.expirytime = 600000ms (custom)
2019-08-21 09:04:36,618 INFO  impl.RaftServerImpl (RaftServerImpl.java:start(180)) - 74efcb56-65b7-4b2b-a8f1-0ea6352f04f4: start group-4C6B03ACD099
2019-08-21 09:04:36,618 INFO  impl.RaftServerImpl (RaftServerImpl.java:setRole(171)) - 74efcb56-65b7-4b2b-a8f1-0ea6352f04f4:group-4C6B03ACD099 changes role from null to FOLLOWER at term 0 for startAsFollower
2019-08-21 09:04:36,618 INFO  impl.RoleInfo (RoleInfo.java:updateAndGet(143)) - 74efcb56-65b7-4b2b-a8f1-0ea6352f04f4: start FollowerState
2019-08-21 09:04:36,618 INFO  util.JmxRegister (JmxRegister.java:tryRegister(44)) - Successfully registered JMX Bean with object name Ratis:service=RaftServer,group=group-4C6B03ACD099,id=74efcb56-65b7-4b2b-a8f1-0ea6352f04f4
2019-08-21 09:04:36,634 INFO  pipeline.PipelineStateManager (PipelineStateManager.java:addPipeline(56)) - Created pipeline Pipeline[ Id: 4a55dbde-818e-472f-9f07-4c6b03acd099, Nodes: 74efcb56-65b7-4b2b-a8f1-0ea6352f04f4{ip: 192.168.157.251, host: pr-hdds-1948-qvnss-3490636412, networkLocation: /default-rack, certSerialId: null}, Type:RATIS, Factor:ONE, State:OPEN]
2019-08-21 09:04:36,660 INFO  impl.RaftServerProxy (RaftServerProxy.java:addNew(89)) - f261e572-4f21-430e-a56c-78edd2a2bfef: addNew group-130620583CD3:[f261e572-4f21-430e-a56c-78edd2a2bfef:192.168.157.251:38373] returns group-130620583CD3:java.util.concurrent.CompletableFuture@6dcf63f[Not completed]
2019-08-21 09:04:36,665 INFO  impl.RaftServerImpl (RaftServerImpl.java:<init>(93)) - f261e572-4f21-430e-a56c-78edd2a2bfef: new RaftServerImpl for group-130620583CD3:[f261e572-4f21-430e-a56c-78edd2a2bfef:192.168.157.251:38373] with ContainerStateMachine:uninitialized
2019-08-21 09:04:36,665 INFO  server.RaftServerConfigKeys (ConfUtils.java:logGet(43)) - raft.server.rpc.timeout.min = 5s (custom)
2019-08-21 09:04:36,665 INFO  server.RaftServerConfigKeys (ConfUtils.java:logGet(43)) - raft.server.rpc.timeout.max = 5200ms (custom)
2019-08-21 09:04:36,665 INFO  server.RaftServerConfigKeys (ConfUtils.java:logGet(43)) - raft.server.rpcslowness.timeout = 120s (custom)
2019-08-21 09:04:36,666 INFO  server.RaftServerConfigKeys (ConfUtils.java:logGet(43)) - raft.server.sleep.deviation.threshold = 300 (default)
2019-08-21 09:04:36,666 INFO  server.RaftServerConfigKeys (ConfUtils.java:logGet(43)) - raft.server.log.appender.install.snapshot.enabled = false (custom)
2019-08-21 09:04:36,666 INFO  impl.RaftServerImpl (ServerState.java:<init>(105)) - f261e572-4f21-430e-a56c-78edd2a2bfef:group-130620583CD3 ConfigurationManager, init=-1: [f261e572-4f21-430e-a56c-78edd2a2bfef:192.168.157.251:38373], old=null, confs=<EMPTY_MAP>
2019-08-21 09:04:36,666 INFO  server.RaftServerConfigKeys (ConfUtils.java:logGet(43)) - raft.server.storage.dir = [/workdir/hadoop-ozone/integration-test/target/test-dir/MiniOzoneClusterImpl-1abac8c2-5122-4d50-8eb0-e3407d0689a4/datanode-6/data/ratis] (custom)
2019-08-21 09:04:36,667 INFO  storage.RaftStorageDirectory (RaftStorageDirectory.java:analyzeStorage(246)) - The storage directory /workdir/hadoop-ozone/integration-test/target/test-dir/MiniOzoneClusterImpl-1abac8c2-5122-4d50-8eb0-e3407d0689a4/datanode-6/data/ratis/d5709aff-7bc4-4b1c-bf37-130620583cd3 does not exist. Creating ...
2019-08-21 09:04:36,692 INFO  storage.RaftStorageDirectory (RaftStorageDirectory.java:tryLock(328)) - Lock on /workdir/hadoop-ozone/integration-test/target/test-dir/MiniOzoneClusterImpl-1abac8c2-5122-4d50-8eb0-e3407d0689a4/datanode-6/data/ratis/d5709aff-7bc4-4b1c-bf37-130620583cd3/in_use.lock acquired by nodename 4376@pr-hdds-1948-qvnss-3490636412
2019-08-21 09:04:36,705 INFO  storage.RaftStorage (RaftStorage.java:format(72)) - Storage directory /workdir/hadoop-ozone/integration-test/target/test-dir/MiniOzoneClusterImpl-1abac8c2-5122-4d50-8eb0-e3407d0689a4/datanode-6/data/ratis/d5709aff-7bc4-4b1c-bf37-130620583cd3 has been successfully formatted.
2019-08-21 09:04:36,706 INFO  ratis.ContainerStateMachine (ContainerStateMachine.java:loadSnapshot(222)) - group-130620583CD3: The snapshot info is null. Setting the last applied indexto:(t:0, i:~)
2019-08-21 09:04:36,706 INFO  server.RaftServerConfigKeys (ConfUtils.java:logGet(43)) - raft.server.leader.election.timeout = 120s (custom)
2019-08-21 09:04:36,706 INFO  server.RaftServerConfigKeys (ConfUtils.java:logGet(43)) - raft.server.log.use.memory = false (default)
2019-08-21 09:04:36,707 INFO  server.RaftServerConfigKeys (ConfUtils.java:logGet(43)) - raft.server.log.purge.gap = 1000000000 (custom)
2019-08-21 09:04:36,707 INFO  server.RaftServerConfigKeys (ConfUtils.java:logGet(43)) - raft.server.log.appender.buffer.byte-limit = 33554432 (custom)
2019-08-21 09:04:36,707 INFO  server.RaftServerConfigKeys (ConfUtils.java:logGet(43)) - raft.server.log.segment.size.max = 1048576 (custom)
2019-08-21 09:04:36,707 INFO  server.RaftServerConfigKeys (ConfUtils.java:logGet(43)) - raft.server.log.segment.cache.num.max = 2 (custom)
2019-08-21 09:04:36,707 INFO  segmented.SegmentedRaftLogWorker (SegmentedRaftLogWorker.java:<init>(172)) - new f261e572-4f21-430e-a56c-78edd2a2bfef-SegmentedRaftLogWorker:Storage Directory /workdir/hadoop-ozone/integration-test/target/test-dir/MiniOzoneClusterImpl-1abac8c2-5122-4d50-8eb0-e3407d0689a4/datanode-6/data/ratis/d5709aff-7bc4-4b1c-bf37-130620583cd3 for RaftStorage:Storage Directory /workdir/hadoop-ozone/integration-test/target/test-dir/MiniOzoneClusterImpl-1abac8c2-5122-4d50-8eb0-e3407d0689a4/datanode-6/data/ratis/d5709aff-7bc4-4b1c-bf37-130620583cd3
2019-08-21 09:04:36,708 INFO  server.RaftServerConfigKeys (ConfUtils.java:logGet(43)) - raft.server.log.queue.byte-limit = 2147483647 (custom)
2019-08-21 09:04:36,708 INFO  server.RaftServerConfigKeys (ConfUtils.java:logGet(43)) - raft.server.log.queue.element-limit = 1024 (custom)
2019-08-21 09:04:36,708 INFO  server.RaftServerConfigKeys (ConfUtils.java:logGet(43)) - raft.server.log.segment.size.max = 1048576 (custom)
2019-08-21 09:04:36,709 INFO  server.RaftServerConfigKeys (ConfUtils.java:logGet(43)) - raft.server.log.preallocated.size = 16384 (custom)
2019-08-21 09:04:36,709 INFO  server.RaftServerConfigKeys (ConfUtils.java:logGet(43)) - raft.server.log.write.buffer.size = 33554432 (custom)
2019-08-21 09:04:36,709 INFO  server.RaftServerConfigKeys (ConfUtils.java:logGet(43)) - raft.server.log.force.sync.num = 128 (default)
2019-08-21 09:04:36,709 INFO  server.RaftServerConfigKeys (ConfUtils.java:logGet(43)) - raft.server.log.statemachine.data.sync = true (default)
2019-08-21 09:04:36,709 INFO  server.RaftServerConfigKeys (ConfUtils.java:logGet(43)) - raft.server.log.statemachine.data.sync.timeout = 10s (default)
2019-08-21 09:04:36,710 INFO  server.RaftServerConfigKeys (ConfUtils.java:logGet(43)) - raft.server.log.statemachine.data.sync.timeout.retry = -1 (default)
2019-08-21 09:04:36,710 INFO  server.RaftServerConfigKeys (ConfUtils.java:logGet(43)) - raft.server.log.statemachine.data.caching.enabled = true (custom)
2019-08-21 09:04:36,711 INFO  segmented.SegmentedRaftLogWorker (SegmentedRaftLogWorker.java:lambda$new$0(132)) - f261e572-4f21-430e-a56c-78edd2a2bfef-SegmentedRaftLogWorker:Storage Directory /workdir/hadoop-ozone/integration-test/target/test-dir/MiniOzoneClusterImpl-1abac8c2-5122-4d50-8eb0-e3407d0689a4/datanode-6/data/ratis/d5709aff-7bc4-4b1c-bf37-130620583cd3: flushIndex: setUnconditionally 0 -> -1
2019-08-21 09:04:36,711 INFO  server.RaftServerConfigKeys (ConfUtils.java:logGet(43)) - raft.server.snapshot.auto.trigger.enabled = true (custom)
2019-08-21 09:04:36,711 INFO  server.RaftServerConfigKeys (ConfUtils.java:logGet(43)) - raft.server.snapshot.auto.trigger.threshold = 10000 (custom)
2019-08-21 09:04:36,712 INFO  server.RaftServerConfigKeys (ConfUtils.java:logGet(43)) - raft.server.retrycache.expirytime = 600000ms (custom)
2019-08-21 09:04:36,712 INFO  impl.RaftServerImpl (RaftServerImpl.java:start(180)) - f261e572-4f21-430e-a56c-78edd2a2bfef: start group-130620583CD3
2019-08-21 09:04:36,712 INFO  impl.RaftServerImpl (RaftServerImpl.java:setRole(171)) - f261e572-4f21-430e-a56c-78edd2a2bfef:group-130620583CD3 changes role from null to FOLLOWER at term 0 for startAsFollower
2019-08-21 09:04:36,712 INFO  impl.RoleInfo (RoleInfo.java:updateAndGet(143)) - f261e572-4f21-430e-a56c-78edd2a2bfef: start FollowerState
2019-08-21 09:04:36,713 INFO  util.JmxRegister (JmxRegister.java:tryRegister(44)) - Successfully registered JMX Bean with object name Ratis:service=RaftServer,group=group-130620583CD3,id=f261e572-4f21-430e-a56c-78edd2a2bfef
2019-08-21 09:04:36,732 INFO  pipeline.PipelineStateManager (PipelineStateManager.java:addPipeline(56)) - Created pipeline Pipeline[ Id: d5709aff-7bc4-4b1c-bf37-130620583cd3, Nodes: f261e572-4f21-430e-a56c-78edd2a2bfef{ip: 192.168.157.251, host: pr-hdds-1948-qvnss-3490636412, networkLocation: /default-rack, certSerialId: null}, Type:RATIS, Factor:ONE, State:OPEN]
2019-08-21 09:04:36,761 INFO  impl.RaftServerProxy (RaftServerProxy.java:addNew(89)) - a5d326b4-5ae1-4ccd-a59a-21215a91a7bb: addNew group-5A0AFD2DC96B:[a5d326b4-5ae1-4ccd-a59a-21215a91a7bb:192.168.157.251:43807] returns group-5A0AFD2DC96B:java.util.concurrent.CompletableFuture@4cd75c22[Not completed]
2019-08-21 09:04:36,763 INFO  impl.RaftServerImpl (RaftServerImpl.java:<init>(93)) - a5d326b4-5ae1-4ccd-a59a-21215a91a7bb: new RaftServerImpl for group-5A0AFD2DC96B:[a5d326b4-5ae1-4ccd-a59a-21215a91a7bb:192.168.157.251:43807] with ContainerStateMachine:uninitialized
2019-08-21 09:04:36,763 INFO  server.RaftServerConfigKeys (ConfUtils.java:logGet(43)) - raft.server.rpc.timeout.min = 5s (custom)
2019-08-21 09:04:36,764 INFO  server.RaftServerConfigKeys (ConfUtils.java:logGet(43)) - raft.server.rpc.timeout.max = 5200ms (custom)
2019-08-21 09:04:36,764 INFO  server.RaftServerConfigKeys (ConfUtils.java:logGet(43)) - raft.server.rpcslowness.timeout = 120s (custom)
2019-08-21 09:04:36,764 INFO  server.RaftServerConfigKeys (ConfUtils.java:logGet(43)) - raft.server.sleep.deviation.threshold = 300 (default)
2019-08-21 09:04:36,764 INFO  server.RaftServerConfigKeys (ConfUtils.java:logGet(43)) - raft.server.log.appender.install.snapshot.enabled = false (custom)
2019-08-21 09:04:36,764 INFO  impl.RaftServerImpl (ServerState.java:<init>(105)) - a5d326b4-5ae1-4ccd-a59a-21215a91a7bb:group-5A0AFD2DC96B ConfigurationManager, init=-1: [a5d326b4-5ae1-4ccd-a59a-21215a91a7bb:192.168.157.251:43807], old=null, confs=<EMPTY_MAP>
2019-08-21 09:04:36,764 INFO  server.RaftServerConfigKeys (ConfUtils.java:logGet(43)) - raft.server.storage.dir = [/workdir/hadoop-ozone/integration-test/target/test-dir/MiniOzoneClusterImpl-1abac8c2-5122-4d50-8eb0-e3407d0689a4/datanode-1/data/ratis] (custom)
2019-08-21 09:04:36,765 INFO  storage.RaftStorageDirectory (RaftStorageDirectory.java:analyzeStorage(246)) - The storage directory /workdir/hadoop-ozone/integration-test/target/test-dir/MiniOzoneClusterImpl-1abac8c2-5122-4d50-8eb0-e3407d0689a4/datanode-1/data/ratis/3c8f4c80-ec14-4929-b560-5a0afd2dc96b does not exist. Creating ...
2019-08-21 09:04:36,779 INFO  storage.RaftStorageDirectory (RaftStorageDirectory.java:tryLock(328)) - Lock on /workdir/hadoop-ozone/integration-test/target/test-dir/MiniOzoneClusterImpl-1abac8c2-5122-4d50-8eb0-e3407d0689a4/datanode-1/data/ratis/3c8f4c80-ec14-4929-b560-5a0afd2dc96b/in_use.lock acquired by nodename 4376@pr-hdds-1948-qvnss-3490636412
2019-08-21 09:04:36,792 INFO  storage.RaftStorage (RaftStorage.java:format(72)) - Storage directory /workdir/hadoop-ozone/integration-test/target/test-dir/MiniOzoneClusterImpl-1abac8c2-5122-4d50-8eb0-e3407d0689a4/datanode-1/data/ratis/3c8f4c80-ec14-4929-b560-5a0afd2dc96b has been successfully formatted.
2019-08-21 09:04:36,792 INFO  ratis.ContainerStateMachine (ContainerStateMachine.java:loadSnapshot(222)) - group-5A0AFD2DC96B: The snapshot info is null. Setting the last applied indexto:(t:0, i:~)
2019-08-21 09:04:36,793 INFO  server.RaftServerConfigKeys (ConfUtils.java:logGet(43)) - raft.server.leader.election.timeout = 120s (custom)
2019-08-21 09:04:36,793 INFO  server.RaftServerConfigKeys (ConfUtils.java:logGet(43)) - raft.server.log.use.memory = false (default)
2019-08-21 09:04:36,793 INFO  server.RaftServerConfigKeys (ConfUtils.java:logGet(43)) - raft.server.log.purge.gap = 1000000000 (custom)
2019-08-21 09:04:36,793 INFO  server.RaftServerConfigKeys (ConfUtils.java:logGet(43)) - raft.server.log.appender.buffer.byte-limit = 33554432 (custom)
2019-08-21 09:04:36,793 INFO  server.RaftServerConfigKeys (ConfUtils.java:logGet(43)) - raft.server.log.segment.size.max = 1048576 (custom)
2019-08-21 09:04:36,794 INFO  server.RaftServerConfigKeys (ConfUtils.java:logGet(43)) - raft.server.log.segment.cache.num.max = 2 (custom)
2019-08-21 09:04:36,794 INFO  segmented.SegmentedRaftLogWorker (SegmentedRaftLogWorker.java:<init>(172)) - new a5d326b4-5ae1-4ccd-a59a-21215a91a7bb-SegmentedRaftLogWorker:Storage Directory /workdir/hadoop-ozone/integration-test/target/test-dir/MiniOzoneClusterImpl-1abac8c2-5122-4d50-8eb0-e3407d0689a4/datanode-1/data/ratis/3c8f4c80-ec14-4929-b560-5a0afd2dc96b for RaftStorage:Storage Directory /workdir/hadoop-ozone/integration-test/target/test-dir/MiniOzoneClusterImpl-1abac8c2-5122-4d50-8eb0-e3407d0689a4/datanode-1/data/ratis/3c8f4c80-ec14-4929-b560-5a0afd2dc96b
2019-08-21 09:04:36,794 INFO  server.RaftServerConfigKeys (ConfUtils.java:logGet(43)) - raft.server.log.queue.byte-limit = 2147483647 (custom)
2019-08-21 09:04:36,794 INFO  server.RaftServerConfigKeys (ConfUtils.java:logGet(43)) - raft.server.log.queue.element-limit = 1024 (custom)
2019-08-21 09:04:36,794 INFO  server.RaftServerConfigKeys (ConfUtils.java:logGet(43)) - raft.server.log.segment.size.max = 1048576 (custom)
2019-08-21 09:04:36,795 INFO  server.RaftServerConfigKeys (ConfUtils.java:logGet(43)) - raft.server.log.preallocated.size = 16384 (custom)
2019-08-21 09:04:36,795 INFO  server.RaftServerConfigKeys (ConfUtils.java:logGet(43)) - raft.server.log.write.buffer.size = 33554432 (custom)
2019-08-21 09:04:36,795 INFO  server.RaftServerConfigKeys (ConfUtils.java:logGet(43)) - raft.server.log.force.sync.num = 128 (default)
2019-08-21 09:04:36,795 INFO  server.RaftServerConfigKeys (ConfUtils.java:logGet(43)) - raft.server.log.statemachine.data.sync = true (default)
2019-08-21 09:04:36,796 INFO  server.RaftServerConfigKeys (ConfUtils.java:logGet(43)) - raft.server.log.statemachine.data.sync.timeout = 10s (default)
2019-08-21 09:04:36,796 INFO  server.RaftServerConfigKeys (ConfUtils.java:logGet(43)) - raft.server.log.statemachine.data.sync.timeout.retry = -1 (default)
2019-08-21 09:04:36,796 INFO  server.RaftServerConfigKeys (ConfUtils.java:logGet(43)) - raft.server.log.statemachine.data.caching.enabled = true (custom)
2019-08-21 09:04:36,797 INFO  segmented.SegmentedRaftLogWorker (SegmentedRaftLogWorker.java:lambda$new$0(132)) - a5d326b4-5ae1-4ccd-a59a-21215a91a7bb-SegmentedRaftLogWorker:Storage Directory /workdir/hadoop-ozone/integration-test/target/test-dir/MiniOzoneClusterImpl-1abac8c2-5122-4d50-8eb0-e3407d0689a4/datanode-1/data/ratis/3c8f4c80-ec14-4929-b560-5a0afd2dc96b: flushIndex: setUnconditionally 0 -> -1
2019-08-21 09:04:36,797 INFO  server.RaftServerConfigKeys (ConfUtils.java:logGet(43)) - raft.server.snapshot.auto.trigger.enabled = true (custom)
2019-08-21 09:04:36,798 INFO  server.RaftServerConfigKeys (ConfUtils.java:logGet(43)) - raft.server.snapshot.auto.trigger.threshold = 10000 (custom)
2019-08-21 09:04:36,798 INFO  server.RaftServerConfigKeys (ConfUtils.java:logGet(43)) - raft.server.retrycache.expirytime = 600000ms (custom)
2019-08-21 09:04:36,798 INFO  impl.RaftServerImpl (RaftServerImpl.java:start(180)) - a5d326b4-5ae1-4ccd-a59a-21215a91a7bb: start group-5A0AFD2DC96B
2019-08-21 09:04:36,798 INFO  impl.RaftServerImpl (RaftServerImpl.java:setRole(171)) - a5d326b4-5ae1-4ccd-a59a-21215a91a7bb:group-5A0AFD2DC96B changes role from null to FOLLOWER at term 0 for startAsFollower
2019-08-21 09:04:36,798 INFO  impl.RoleInfo (RoleInfo.java:updateAndGet(143)) - a5d326b4-5ae1-4ccd-a59a-21215a91a7bb: start FollowerState
2019-08-21 09:04:36,799 INFO  util.JmxRegister (JmxRegister.java:tryRegister(44)) - Successfully registered JMX Bean with object name Ratis:service=RaftServer,group=group-5A0AFD2DC96B,id=a5d326b4-5ae1-4ccd-a59a-21215a91a7bb
2019-08-21 09:04:36,813 INFO  pipeline.PipelineStateManager (PipelineStateManager.java:addPipeline(56)) - Created pipeline Pipeline[ Id: 3c8f4c80-ec14-4929-b560-5a0afd2dc96b, Nodes: a5d326b4-5ae1-4ccd-a59a-21215a91a7bb{ip: 192.168.157.251, host: pr-hdds-1948-qvnss-3490636412, networkLocation: /default-rack, certSerialId: null}, Type:RATIS, Factor:ONE, State:OPEN]
2019-08-21 09:04:36,833 INFO  impl.RaftServerProxy (RaftServerProxy.java:addNew(89)) - edcd44f5-5bba-4f95-8988-58d97d9bab93: addNew group-666D5BE1A717:[edcd44f5-5bba-4f95-8988-58d97d9bab93:192.168.157.251:34452] returns group-666D5BE1A717:java.util.concurrent.CompletableFuture@2d049d97[Not completed]
2019-08-21 09:04:36,839 INFO  impl.RaftServerImpl (RaftServerImpl.java:<init>(93)) - edcd44f5-5bba-4f95-8988-58d97d9bab93: new RaftServerImpl for group-666D5BE1A717:[edcd44f5-5bba-4f95-8988-58d97d9bab93:192.168.157.251:34452] with ContainerStateMachine:uninitialized
2019-08-21 09:04:36,839 INFO  server.RaftServerConfigKeys (ConfUtils.java:logGet(43)) - raft.server.rpc.timeout.min = 5s (custom)
2019-08-21 09:04:36,840 INFO  server.RaftServerConfigKeys (ConfUtils.java:logGet(43)) - raft.server.rpc.timeout.max = 5200ms (custom)
2019-08-21 09:04:36,840 INFO  server.RaftServerConfigKeys (ConfUtils.java:logGet(43)) - raft.server.rpcslowness.timeout = 120s (custom)
2019-08-21 09:04:36,840 INFO  server.RaftServerConfigKeys (ConfUtils.java:logGet(43)) - raft.server.sleep.deviation.threshold = 300 (default)
2019-08-21 09:04:36,840 INFO  server.RaftServerConfigKeys (ConfUtils.java:logGet(43)) - raft.server.log.appender.install.snapshot.enabled = false (custom)
2019-08-21 09:04:36,841 INFO  impl.RaftServerImpl (ServerState.java:<init>(105)) - edcd44f5-5bba-4f95-8988-58d97d9bab93:group-666D5BE1A717 ConfigurationManager, init=-1: [edcd44f5-5bba-4f95-8988-58d97d9bab93:192.168.157.251:34452], old=null, confs=<EMPTY_MAP>
2019-08-21 09:04:36,841 INFO  server.RaftServerConfigKeys (ConfUtils.java:logGet(43)) - raft.server.storage.dir = [/workdir/hadoop-ozone/integration-test/target/test-dir/MiniOzoneClusterImpl-1abac8c2-5122-4d50-8eb0-e3407d0689a4/datanode-5/data/ratis] (custom)
2019-08-21 09:04:36,842 INFO  storage.RaftStorageDirectory (RaftStorageDirectory.java:analyzeStorage(246)) - The storage directory /workdir/hadoop-ozone/integration-test/target/test-dir/MiniOzoneClusterImpl-1abac8c2-5122-4d50-8eb0-e3407d0689a4/datanode-5/data/ratis/6cdbb0c0-0014-4a2a-a823-666d5be1a717 does not exist. Creating ...
2019-08-21 09:04:36,854 INFO  storage.RaftStorageDirectory (RaftStorageDirectory.java:tryLock(328)) - Lock on /workdir/hadoop-ozone/integration-test/target/test-dir/MiniOzoneClusterImpl-1abac8c2-5122-4d50-8eb0-e3407d0689a4/datanode-5/data/ratis/6cdbb0c0-0014-4a2a-a823-666d5be1a717/in_use.lock acquired by nodename 4376@pr-hdds-1948-qvnss-3490636412
2019-08-21 09:04:36,868 INFO  storage.RaftStorage (RaftStorage.java:format(72)) - Storage directory /workdir/hadoop-ozone/integration-test/target/test-dir/MiniOzoneClusterImpl-1abac8c2-5122-4d50-8eb0-e3407d0689a4/datanode-5/data/ratis/6cdbb0c0-0014-4a2a-a823-666d5be1a717 has been successfully formatted.
2019-08-21 09:04:36,868 INFO  ratis.ContainerStateMachine (ContainerStateMachine.java:loadSnapshot(222)) - group-666D5BE1A717: The snapshot info is null. Setting the last applied indexto:(t:0, i:~)
2019-08-21 09:04:36,869 INFO  server.RaftServerConfigKeys (ConfUtils.java:logGet(43)) - raft.server.leader.election.timeout = 120s (custom)
2019-08-21 09:04:36,869 INFO  server.RaftServerConfigKeys (ConfUtils.java:logGet(43)) - raft.server.log.use.memory = false (default)
2019-08-21 09:04:36,869 INFO  server.RaftServerConfigKeys (ConfUtils.java:logGet(43)) - raft.server.log.purge.gap = 1000000000 (custom)
2019-08-21 09:04:36,869 INFO  server.RaftServerConfigKeys (ConfUtils.java:logGet(43)) - raft.server.log.appender.buffer.byte-limit = 33554432 (custom)
2019-08-21 09:04:36,870 INFO  server.RaftServerConfigKeys (ConfUtils.java:logGet(43)) - raft.server.log.segment.size.max = 1048576 (custom)
2019-08-21 09:04:36,870 INFO  server.RaftServerConfigKeys (ConfUtils.java:logGet(43)) - raft.server.log.segment.cache.num.max = 2 (custom)
2019-08-21 09:04:36,870 INFO  segmented.SegmentedRaftLogWorker (SegmentedRaftLogWorker.java:<init>(172)) - new edcd44f5-5bba-4f95-8988-58d97d9bab93-SegmentedRaftLogWorker:Storage Directory /workdir/hadoop-ozone/integration-test/target/test-dir/MiniOzoneClusterImpl-1abac8c2-5122-4d50-8eb0-e3407d0689a4/datanode-5/data/ratis/6cdbb0c0-0014-4a2a-a823-666d5be1a717 for RaftStorage:Storage Directory /workdir/hadoop-ozone/integration-test/target/test-dir/MiniOzoneClusterImpl-1abac8c2-5122-4d50-8eb0-e3407d0689a4/datanode-5/data/ratis/6cdbb0c0-0014-4a2a-a823-666d5be1a717
2019-08-21 09:04:36,870 INFO  server.RaftServerConfigKeys (ConfUtils.java:logGet(43)) - raft.server.log.queue.byte-limit = 2147483647 (custom)
2019-08-21 09:04:36,871 INFO  server.RaftServerConfigKeys (ConfUtils.java:logGet(43)) - raft.server.log.queue.element-limit = 1024 (custom)
2019-08-21 09:04:36,871 INFO  server.RaftServerConfigKeys (ConfUtils.java:logGet(43)) - raft.server.log.segment.size.max = 1048576 (custom)
2019-08-21 09:04:36,871 INFO  server.RaftServerConfigKeys (ConfUtils.java:logGet(43)) - raft.server.log.preallocated.size = 16384 (custom)
2019-08-21 09:04:36,871 INFO  server.RaftServerConfigKeys (ConfUtils.java:logGet(43)) - raft.server.log.write.buffer.size = 33554432 (custom)
2019-08-21 09:04:36,872 INFO  server.RaftServerConfigKeys (ConfUtils.java:logGet(43)) - raft.server.log.force.sync.num = 128 (default)
2019-08-21 09:04:36,872 INFO  server.RaftServerConfigKeys (ConfUtils.java:logGet(43)) - raft.server.log.statemachine.data.sync = true (default)
2019-08-21 09:04:36,872 INFO  server.RaftServerConfigKeys (ConfUtils.java:logGet(43)) - raft.server.log.statemachine.data.sync.timeout = 10s (default)
2019-08-21 09:04:36,872 INFO  server.RaftServerConfigKeys (ConfUtils.java:logGet(43)) - raft.server.log.statemachine.data.sync.timeout.retry = -1 (default)
2019-08-21 09:04:36,873 INFO  server.RaftServerConfigKeys (ConfUtils.java:logGet(43)) - raft.server.log.statemachine.data.caching.enabled = true (custom)
2019-08-21 09:04:36,873 INFO  segmented.SegmentedRaftLogWorker (SegmentedRaftLogWorker.java:lambda$new$0(132)) - edcd44f5-5bba-4f95-8988-58d97d9bab93-SegmentedRaftLogWorker:Storage Directory /workdir/hadoop-ozone/integration-test/target/test-dir/MiniOzoneClusterImpl-1abac8c2-5122-4d50-8eb0-e3407d0689a4/datanode-5/data/ratis/6cdbb0c0-0014-4a2a-a823-666d5be1a717: flushIndex: setUnconditionally 0 -> -1
2019-08-21 09:04:36,874 INFO  server.RaftServerConfigKeys (ConfUtils.java:logGet(43)) - raft.server.snapshot.auto.trigger.enabled = true (custom)
2019-08-21 09:04:36,874 INFO  server.RaftServerConfigKeys (ConfUtils.java:logGet(43)) - raft.server.snapshot.auto.trigger.threshold = 10000 (custom)
2019-08-21 09:04:36,874 INFO  server.RaftServerConfigKeys (ConfUtils.java:logGet(43)) - raft.server.retrycache.expirytime = 600000ms (custom)
2019-08-21 09:04:36,875 INFO  impl.RaftServerImpl (RaftServerImpl.java:start(180)) - edcd44f5-5bba-4f95-8988-58d97d9bab93: start group-666D5BE1A717
2019-08-21 09:04:36,875 INFO  impl.RaftServerImpl (RaftServerImpl.java:setRole(171)) - edcd44f5-5bba-4f95-8988-58d97d9bab93:group-666D5BE1A717 changes role from null to FOLLOWER at term 0 for startAsFollower
2019-08-21 09:04:36,875 INFO  impl.RoleInfo (RoleInfo.java:updateAndGet(143)) - edcd44f5-5bba-4f95-8988-58d97d9bab93: start FollowerState
2019-08-21 09:04:36,876 INFO  util.JmxRegister (JmxRegister.java:tryRegister(44)) - Successfully registered JMX Bean with object name Ratis:service=RaftServer,group=group-666D5BE1A717,id=edcd44f5-5bba-4f95-8988-58d97d9bab93
2019-08-21 09:04:36,896 INFO  pipeline.PipelineStateManager (PipelineStateManager.java:addPipeline(56)) - Created pipeline Pipeline[ Id: 6cdbb0c0-0014-4a2a-a823-666d5be1a717, Nodes: edcd44f5-5bba-4f95-8988-58d97d9bab93{ip: 192.168.157.251, host: pr-hdds-1948-qvnss-3490636412, networkLocation: /default-rack, certSerialId: null}, Type:RATIS, Factor:ONE, State:OPEN]
2019-08-21 09:04:36,934 INFO  impl.RaftServerProxy (RaftServerProxy.java:addNew(89)) - da6f2729-b507-40c4-bf72-576bc4d2323c: addNew group-C39518EB4219:[f261e572-4f21-430e-a56c-78edd2a2bfef:192.168.157.251:38373, 1dfce845-6d7d-4e6b-815a-0ae574d8651b:192.168.157.251:35311, da6f2729-b507-40c4-bf72-576bc4d2323c:192.168.157.251:40707] returns group-C39518EB4219:java.util.concurrent.CompletableFuture@281268e5[Not completed]
2019-08-21 09:04:36,940 INFO  impl.RaftServerProxy (RaftServerProxy.java:addNew(89)) - f261e572-4f21-430e-a56c-78edd2a2bfef: addNew group-C39518EB4219:[f261e572-4f21-430e-a56c-78edd2a2bfef:192.168.157.251:38373, 1dfce845-6d7d-4e6b-815a-0ae574d8651b:192.168.157.251:35311, da6f2729-b507-40c4-bf72-576bc4d2323c:192.168.157.251:40707] returns group-C39518EB4219:java.util.concurrent.CompletableFuture@33a78930[Not completed]
2019-08-21 09:04:36,940 INFO  impl.RaftServerImpl (RaftServerImpl.java:<init>(93)) - da6f2729-b507-40c4-bf72-576bc4d2323c: new RaftServerImpl for group-C39518EB4219:[f261e572-4f21-430e-a56c-78edd2a2bfef:192.168.157.251:38373, 1dfce845-6d7d-4e6b-815a-0ae574d8651b:192.168.157.251:35311, da6f2729-b507-40c4-bf72-576bc4d2323c:192.168.157.251:40707] with ContainerStateMachine:uninitialized
2019-08-21 09:04:36,940 INFO  impl.RaftServerProxy (RaftServerProxy.java:addNew(89)) - 1dfce845-6d7d-4e6b-815a-0ae574d8651b: addNew group-C39518EB4219:[f261e572-4f21-430e-a56c-78edd2a2bfef:192.168.157.251:38373, 1dfce845-6d7d-4e6b-815a-0ae574d8651b:192.168.157.251:35311, da6f2729-b507-40c4-bf72-576bc4d2323c:192.168.157.251:40707] returns group-C39518EB4219:java.util.concurrent.CompletableFuture@2c2df93f[Not completed]
2019-08-21 09:04:36,940 INFO  server.RaftServerConfigKeys (ConfUtils.java:logGet(43)) - raft.server.rpc.timeout.min = 5s (custom)
2019-08-21 09:04:36,941 INFO  server.RaftServerConfigKeys (ConfUtils.java:logGet(43)) - raft.server.rpc.timeout.max = 5200ms (custom)
2019-08-21 09:04:36,941 INFO  server.RaftServerConfigKeys (ConfUtils.java:logGet(43)) - raft.server.rpcslowness.timeout = 120s (custom)
2019-08-21 09:04:36,941 INFO  server.RaftServerConfigKeys (ConfUtils.java:logGet(43)) - raft.server.sleep.deviation.threshold = 300 (default)
2019-08-21 09:04:36,941 INFO  server.RaftServerConfigKeys (ConfUtils.java:logGet(43)) - raft.server.log.appender.install.snapshot.enabled = false (custom)
2019-08-21 09:04:36,941 INFO  impl.RaftServerImpl (ServerState.java:<init>(105)) - da6f2729-b507-40c4-bf72-576bc4d2323c:group-C39518EB4219 ConfigurationManager, init=-1: [f261e572-4f21-430e-a56c-78edd2a2bfef:192.168.157.251:38373, 1dfce845-6d7d-4e6b-815a-0ae574d8651b:192.168.157.251:35311, da6f2729-b507-40c4-bf72-576bc4d2323c:192.168.157.251:40707], old=null, confs=<EMPTY_MAP>
2019-08-21 09:04:36,942 INFO  server.RaftServerConfigKeys (ConfUtils.java:logGet(43)) - raft.server.storage.dir = [/workdir/hadoop-ozone/integration-test/target/test-dir/MiniOzoneClusterImpl-1abac8c2-5122-4d50-8eb0-e3407d0689a4/datanode-4/data/ratis] (custom)
2019-08-21 09:04:36,942 INFO  impl.RaftServerImpl (RaftServerImpl.java:<init>(93)) - f261e572-4f21-430e-a56c-78edd2a2bfef: new RaftServerImpl for group-C39518EB4219:[f261e572-4f21-430e-a56c-78edd2a2bfef:192.168.157.251:38373, 1dfce845-6d7d-4e6b-815a-0ae574d8651b:192.168.157.251:35311, da6f2729-b507-40c4-bf72-576bc4d2323c:192.168.157.251:40707] with ContainerStateMachine:uninitialized
2019-08-21 09:04:36,942 INFO  storage.RaftStorageDirectory (RaftStorageDirectory.java:analyzeStorage(246)) - The storage directory /workdir/hadoop-ozone/integration-test/target/test-dir/MiniOzoneClusterImpl-1abac8c2-5122-4d50-8eb0-e3407d0689a4/datanode-4/data/ratis/ab7bcd18-39e7-40e1-8c71-c39518eb4219 does not exist. Creating ...
2019-08-21 09:04:36,943 INFO  server.RaftServerConfigKeys (ConfUtils.java:logGet(43)) - raft.server.rpc.timeout.min = 5s (custom)
2019-08-21 09:04:36,943 INFO  server.RaftServerConfigKeys (ConfUtils.java:logGet(43)) - raft.server.rpc.timeout.max = 5200ms (custom)
2019-08-21 09:04:36,943 INFO  server.RaftServerConfigKeys (ConfUtils.java:logGet(43)) - raft.server.rpcslowness.timeout = 120s (custom)
2019-08-21 09:04:36,943 INFO  server.RaftServerConfigKeys (ConfUtils.java:logGet(43)) - raft.server.sleep.deviation.threshold = 300 (default)
2019-08-21 09:04:36,944 INFO  server.RaftServerConfigKeys (ConfUtils.java:logGet(43)) - raft.server.log.appender.install.snapshot.enabled = false (custom)
2019-08-21 09:04:36,944 INFO  impl.RaftServerImpl (RaftServerImpl.java:<init>(93)) - 1dfce845-6d7d-4e6b-815a-0ae574d8651b: new RaftServerImpl for group-C39518EB4219:[f261e572-4f21-430e-a56c-78edd2a2bfef:192.168.157.251:38373, 1dfce845-6d7d-4e6b-815a-0ae574d8651b:192.168.157.251:35311, da6f2729-b507-40c4-bf72-576bc4d2323c:192.168.157.251:40707] with ContainerStateMachine:uninitialized
2019-08-21 09:04:36,944 INFO  impl.RaftServerImpl (ServerState.java:<init>(105)) - f261e572-4f21-430e-a56c-78edd2a2bfef:group-C39518EB4219 ConfigurationManager, init=-1: [f261e572-4f21-430e-a56c-78edd2a2bfef:192.168.157.251:38373, 1dfce845-6d7d-4e6b-815a-0ae574d8651b:192.168.157.251:35311, da6f2729-b507-40c4-bf72-576bc4d2323c:192.168.157.251:40707], old=null, confs=<EMPTY_MAP>
2019-08-21 09:04:36,944 INFO  server.RaftServerConfigKeys (ConfUtils.java:logGet(43)) - raft.server.rpc.timeout.min = 5s (custom)
2019-08-21 09:04:36,944 INFO  server.RaftServerConfigKeys (ConfUtils.java:logGet(43)) - raft.server.storage.dir = [/workdir/hadoop-ozone/integration-test/target/test-dir/MiniOzoneClusterImpl-1abac8c2-5122-4d50-8eb0-e3407d0689a4/datanode-6/data/ratis] (custom)
2019-08-21 09:04:36,944 INFO  server.RaftServerConfigKeys (ConfUtils.java:logGet(43)) - raft.server.rpc.timeout.max = 5200ms (custom)
2019-08-21 09:04:36,945 INFO  server.RaftServerConfigKeys (ConfUtils.java:logGet(43)) - raft.server.rpcslowness.timeout = 120s (custom)
2019-08-21 09:04:36,945 INFO  storage.RaftStorageDirectory (RaftStorageDirectory.java:analyzeStorage(246)) - The storage directory /workdir/hadoop-ozone/integration-test/target/test-dir/MiniOzoneClusterImpl-1abac8c2-5122-4d50-8eb0-e3407d0689a4/datanode-6/data/ratis/ab7bcd18-39e7-40e1-8c71-c39518eb4219 does not exist. Creating ...
2019-08-21 09:04:36,945 INFO  server.RaftServerConfigKeys (ConfUtils.java:logGet(43)) - raft.server.sleep.deviation.threshold = 300 (default)
2019-08-21 09:04:36,945 INFO  server.RaftServerConfigKeys (ConfUtils.java:logGet(43)) - raft.server.log.appender.install.snapshot.enabled = false (custom)
2019-08-21 09:04:36,945 INFO  impl.RaftServerImpl (ServerState.java:<init>(105)) - 1dfce845-6d7d-4e6b-815a-0ae574d8651b:group-C39518EB4219 ConfigurationManager, init=-1: [f261e572-4f21-430e-a56c-78edd2a2bfef:192.168.157.251:38373, 1dfce845-6d7d-4e6b-815a-0ae574d8651b:192.168.157.251:35311, da6f2729-b507-40c4-bf72-576bc4d2323c:192.168.157.251:40707], old=null, confs=<EMPTY_MAP>
2019-08-21 09:04:36,946 INFO  server.RaftServerConfigKeys (ConfUtils.java:logGet(43)) - raft.server.storage.dir = [/workdir/hadoop-ozone/integration-test/target/test-dir/MiniOzoneClusterImpl-1abac8c2-5122-4d50-8eb0-e3407d0689a4/datanode-0/data/ratis] (custom)
2019-08-21 09:04:36,946 INFO  storage.RaftStorageDirectory (RaftStorageDirectory.java:analyzeStorage(246)) - The storage directory /workdir/hadoop-ozone/integration-test/target/test-dir/MiniOzoneClusterImpl-1abac8c2-5122-4d50-8eb0-e3407d0689a4/datanode-0/data/ratis/ab7bcd18-39e7-40e1-8c71-c39518eb4219 does not exist. Creating ...
2019-08-21 09:04:36,956 INFO  storage.RaftStorageDirectory (RaftStorageDirectory.java:tryLock(328)) - Lock on /workdir/hadoop-ozone/integration-test/target/test-dir/MiniOzoneClusterImpl-1abac8c2-5122-4d50-8eb0-e3407d0689a4/datanode-6/data/ratis/ab7bcd18-39e7-40e1-8c71-c39518eb4219/in_use.lock acquired by nodename 4376@pr-hdds-1948-qvnss-3490636412
2019-08-21 09:04:36,956 INFO  storage.RaftStorageDirectory (RaftStorageDirectory.java:tryLock(328)) - Lock on /workdir/hadoop-ozone/integration-test/target/test-dir/MiniOzoneClusterImpl-1abac8c2-5122-4d50-8eb0-e3407d0689a4/datanode-4/data/ratis/ab7bcd18-39e7-40e1-8c71-c39518eb4219/in_use.lock acquired by nodename 4376@pr-hdds-1948-qvnss-3490636412
2019-08-21 09:04:36,956 INFO  storage.RaftStorageDirectory (RaftStorageDirectory.java:tryLock(328)) - Lock on /workdir/hadoop-ozone/integration-test/target/test-dir/MiniOzoneClusterImpl-1abac8c2-5122-4d50-8eb0-e3407d0689a4/datanode-0/data/ratis/ab7bcd18-39e7-40e1-8c71-c39518eb4219/in_use.lock acquired by nodename 4376@pr-hdds-1948-qvnss-3490636412
2019-08-21 09:04:36,972 INFO  storage.RaftStorage (RaftStorage.java:format(72)) - Storage directory /workdir/hadoop-ozone/integration-test/target/test-dir/MiniOzoneClusterImpl-1abac8c2-5122-4d50-8eb0-e3407d0689a4/datanode-6/data/ratis/ab7bcd18-39e7-40e1-8c71-c39518eb4219 has been successfully formatted.
2019-08-21 09:04:36,972 INFO  storage.RaftStorage (RaftStorage.java:format(72)) - Storage directory /workdir/hadoop-ozone/integration-test/target/test-dir/MiniOzoneClusterImpl-1abac8c2-5122-4d50-8eb0-e3407d0689a4/datanode-4/data/ratis/ab7bcd18-39e7-40e1-8c71-c39518eb4219 has been successfully formatted.
2019-08-21 09:04:36,972 INFO  storage.RaftStorage (RaftStorage.java:format(72)) - Storage directory /workdir/hadoop-ozone/integration-test/target/test-dir/MiniOzoneClusterImpl-1abac8c2-5122-4d50-8eb0-e3407d0689a4/datanode-0/data/ratis/ab7bcd18-39e7-40e1-8c71-c39518eb4219 has been successfully formatted.
2019-08-21 09:04:36,973 INFO  ratis.ContainerStateMachine (ContainerStateMachine.java:loadSnapshot(222)) - group-C39518EB4219: The snapshot info is null. Setting the last applied indexto:(t:0, i:~)
2019-08-21 09:04:36,973 INFO  ratis.ContainerStateMachine (ContainerStateMachine.java:loadSnapshot(222)) - group-C39518EB4219: The snapshot info is null. Setting the last applied indexto:(t:0, i:~)
2019-08-21 09:04:36,973 INFO  server.RaftServerConfigKeys (ConfUtils.java:logGet(43)) - raft.server.leader.election.timeout = 120s (custom)
2019-08-21 09:04:36,973 INFO  ratis.ContainerStateMachine (ContainerStateMachine.java:loadSnapshot(222)) - group-C39518EB4219: The snapshot info is null. Setting the last applied indexto:(t:0, i:~)
2019-08-21 09:04:36,973 INFO  server.RaftServerConfigKeys (ConfUtils.java:logGet(43)) - raft.server.log.use.memory = false (default)
2019-08-21 09:04:36,973 INFO  server.RaftServerConfigKeys (ConfUtils.java:logGet(43)) - raft.server.leader.election.timeout = 120s (custom)
2019-08-21 09:04:36,974 INFO  server.RaftServerConfigKeys (ConfUtils.java:logGet(43)) - raft.server.log.purge.gap = 1000000000 (custom)
2019-08-21 09:04:36,974 INFO  server.RaftServerConfigKeys (ConfUtils.java:logGet(43)) - raft.server.leader.election.timeout = 120s (custom)
2019-08-21 09:04:36,974 INFO  server.RaftServerConfigKeys (ConfUtils.java:logGet(43)) - raft.server.log.appender.buffer.byte-limit = 33554432 (custom)
2019-08-21 09:04:36,974 INFO  server.RaftServerConfigKeys (ConfUtils.java:logGet(43)) - raft.server.log.use.memory = false (default)
2019-08-21 09:04:36,975 INFO  server.RaftServerConfigKeys (ConfUtils.java:logGet(43)) - raft.server.log.segment.size.max = 1048576 (custom)
2019-08-21 09:04:36,974 INFO  server.RaftServerConfigKeys (ConfUtils.java:logGet(43)) - raft.server.log.use.memory = false (default)
2019-08-21 09:04:36,975 INFO  server.RaftServerConfigKeys (ConfUtils.java:logGet(43)) - raft.server.log.segment.cache.num.max = 2 (custom)
2019-08-21 09:04:36,975 INFO  server.RaftServerConfigKeys (ConfUtils.java:logGet(43)) - raft.server.log.purge.gap = 1000000000 (custom)
2019-08-21 09:04:36,975 INFO  segmented.SegmentedRaftLogWorker (SegmentedRaftLogWorker.java:<init>(172)) - new da6f2729-b507-40c4-bf72-576bc4d2323c-SegmentedRaftLogWorker:Storage Directory /workdir/hadoop-ozone/integration-test/target/test-dir/MiniOzoneClusterImpl-1abac8c2-5122-4d50-8eb0-e3407d0689a4/datanode-4/data/ratis/ab7bcd18-39e7-40e1-8c71-c39518eb4219 for RaftStorage:Storage Directory /workdir/hadoop-ozone/integration-test/target/test-dir/MiniOzoneClusterImpl-1abac8c2-5122-4d50-8eb0-e3407d0689a4/datanode-4/data/ratis/ab7bcd18-39e7-40e1-8c71-c39518eb4219
2019-08-21 09:04:36,975 INFO  server.RaftServerConfigKeys (ConfUtils.java:logGet(43)) - raft.server.log.purge.gap = 1000000000 (custom)
2019-08-21 09:04:36,976 INFO  server.RaftServerConfigKeys (ConfUtils.java:logGet(43)) - raft.server.log.queue.byte-limit = 2147483647 (custom)
2019-08-21 09:04:36,976 INFO  server.RaftServerConfigKeys (ConfUtils.java:logGet(43)) - raft.server.log.appender.buffer.byte-limit = 33554432 (custom)
2019-08-21 09:04:36,978 INFO  server.RaftServerConfigKeys (ConfUtils.java:logGet(43)) - raft.server.log.queue.element-limit = 1024 (custom)
2019-08-21 09:04:36,976 INFO  server.RaftServerConfigKeys (ConfUtils.java:logGet(43)) - raft.server.log.appender.buffer.byte-limit = 33554432 (custom)
2019-08-21 09:04:36,978 INFO  server.RaftServerConfigKeys (ConfUtils.java:logGet(43)) - raft.server.log.segment.size.max = 1048576 (custom)
2019-08-21 09:04:36,978 INFO  server.RaftServerConfigKeys (ConfUtils.java:logGet(43)) - raft.server.log.segment.size.max = 1048576 (custom)
2019-08-21 09:04:36,979 INFO  server.RaftServerConfigKeys (ConfUtils.java:logGet(43)) - raft.server.log.preallocated.size = 16384 (custom)
2019-08-21 09:04:36,979 INFO  server.RaftServerConfigKeys (ConfUtils.java:logGet(43)) - raft.server.log.segment.size.max = 1048576 (custom)
2019-08-21 09:04:36,979 INFO  server.RaftServerConfigKeys (ConfUtils.java:logGet(43)) - raft.server.log.write.buffer.size = 33554432 (custom)
2019-08-21 09:04:36,979 INFO  server.RaftServerConfigKeys (ConfUtils.java:logGet(43)) - raft.server.log.segment.cache.num.max = 2 (custom)
2019-08-21 09:04:36,980 INFO  server.RaftServerConfigKeys (ConfUtils.java:logGet(43)) - raft.server.log.force.sync.num = 128 (default)
2019-08-21 09:04:36,980 INFO  server.RaftServerConfigKeys (ConfUtils.java:logGet(43)) - raft.server.log.segment.cache.num.max = 2 (custom)
2019-08-21 09:04:36,980 INFO  server.RaftServerConfigKeys (ConfUtils.java:logGet(43)) - raft.server.log.statemachine.data.sync = true (default)
2019-08-21 09:04:36,980 INFO  segmented.SegmentedRaftLogWorker (SegmentedRaftLogWorker.java:<init>(172)) - new f261e572-4f21-430e-a56c-78edd2a2bfef-SegmentedRaftLogWorker:Storage Directory /workdir/hadoop-ozone/integration-test/target/test-dir/MiniOzoneClusterImpl-1abac8c2-5122-4d50-8eb0-e3407d0689a4/datanode-6/data/ratis/ab7bcd18-39e7-40e1-8c71-c39518eb4219 for RaftStorage:Storage Directory /workdir/hadoop-ozone/integration-test/target/test-dir/MiniOzoneClusterImpl-1abac8c2-5122-4d50-8eb0-e3407d0689a4/datanode-6/data/ratis/ab7bcd18-39e7-40e1-8c71-c39518eb4219
2019-08-21 09:04:36,981 INFO  server.RaftServerConfigKeys (ConfUtils.java:logGet(43)) - raft.server.log.statemachine.data.sync.timeout = 10s (default)
2019-08-21 09:04:36,980 INFO  segmented.SegmentedRaftLogWorker (SegmentedRaftLogWorker.java:<init>(172)) - new 1dfce845-6d7d-4e6b-815a-0ae574d8651b-SegmentedRaftLogWorker:Storage Directory /workdir/hadoop-ozone/integration-test/target/test-dir/MiniOzoneClusterImpl-1abac8c2-5122-4d50-8eb0-e3407d0689a4/datanode-0/data/ratis/ab7bcd18-39e7-40e1-8c71-c39518eb4219 for RaftStorage:Storage Directory /workdir/hadoop-ozone/integration-test/target/test-dir/MiniOzoneClusterImpl-1abac8c2-5122-4d50-8eb0-e3407d0689a4/datanode-0/data/ratis/ab7bcd18-39e7-40e1-8c71-c39518eb4219
2019-08-21 09:04:36,981 INFO  server.RaftServerConfigKeys (ConfUtils.java:logGet(43)) - raft.server.log.statemachine.data.sync.timeout.retry = -1 (default)
2019-08-21 09:04:36,981 INFO  server.RaftServerConfigKeys (ConfUtils.java:logGet(43)) - raft.server.log.queue.byte-limit = 2147483647 (custom)
2019-08-21 09:04:36,986 INFO  server.RaftServerConfigKeys (ConfUtils.java:logGet(43)) - raft.server.log.statemachine.data.caching.enabled = true (custom)
2019-08-21 09:04:36,983 INFO  server.RaftServerConfigKeys (ConfUtils.java:logGet(43)) - raft.server.log.queue.byte-limit = 2147483647 (custom)
2019-08-21 09:04:36,986 INFO  segmented.SegmentedRaftLogWorker (SegmentedRaftLogWorker.java:lambda$new$0(132)) - da6f2729-b507-40c4-bf72-576bc4d2323c-SegmentedRaftLogWorker:Storage Directory /workdir/hadoop-ozone/integration-test/target/test-dir/MiniOzoneClusterImpl-1abac8c2-5122-4d50-8eb0-e3407d0689a4/datanode-4/data/ratis/ab7bcd18-39e7-40e1-8c71-c39518eb4219: flushIndex: setUnconditionally 0 -> -1
2019-08-21 09:04:36,986 INFO  server.RaftServerConfigKeys (ConfUtils.java:logGet(43)) - raft.server.log.queue.element-limit = 1024 (custom)
2019-08-21 09:04:36,986 INFO  server.RaftServerConfigKeys (ConfUtils.java:logGet(43)) - raft.server.log.queue.element-limit = 1024 (custom)
2019-08-21 09:04:36,987 INFO  server.RaftServerConfigKeys (ConfUtils.java:logGet(43)) - raft.server.log.segment.size.max = 1048576 (custom)
2019-08-21 09:04:36,987 INFO  server.RaftServerConfigKeys (ConfUtils.java:logGet(43)) - raft.server.snapshot.auto.trigger.enabled = true (custom)
2019-08-21 09:04:36,987 INFO  server.RaftServerConfigKeys (ConfUtils.java:logGet(43)) - raft.server.log.preallocated.size = 16384 (custom)
2019-08-21 09:04:36,987 INFO  server.RaftServerConfigKeys (ConfUtils.java:logGet(43)) - raft.server.log.segment.size.max = 1048576 (custom)
2019-08-21 09:04:36,987 INFO  server.RaftServerConfigKeys (ConfUtils.java:logGet(43)) - raft.server.log.write.buffer.size = 33554432 (custom)
2019-08-21 09:04:36,987 INFO  server.RaftServerConfigKeys (ConfUtils.java:logGet(43)) - raft.server.snapshot.auto.trigger.threshold = 10000 (custom)
2019-08-21 09:04:36,988 INFO  server.RaftServerConfigKeys (ConfUtils.java:logGet(43)) - raft.server.log.force.sync.num = 128 (default)
2019-08-21 09:04:36,988 INFO  server.RaftServerConfigKeys (ConfUtils.java:logGet(43)) - raft.server.log.preallocated.size = 16384 (custom)
2019-08-21 09:04:36,988 INFO  server.RaftServerConfigKeys (ConfUtils.java:logGet(43)) - raft.server.log.statemachine.data.sync = true (default)
2019-08-21 09:04:36,988 INFO  server.RaftServerConfigKeys (ConfUtils.java:logGet(43)) - raft.server.retrycache.expirytime = 600000ms (custom)
2019-08-21 09:04:36,989 INFO  server.RaftServerConfigKeys (ConfUtils.java:logGet(43)) - raft.server.log.statemachine.data.sync.timeout = 10s (default)
2019-08-21 09:04:36,988 INFO  server.RaftServerConfigKeys (ConfUtils.java:logGet(43)) - raft.server.log.write.buffer.size = 33554432 (custom)
2019-08-21 09:04:36,989 INFO  server.RaftServerConfigKeys (ConfUtils.java:logGet(43)) - raft.server.log.statemachine.data.sync.timeout.retry = -1 (default)
2019-08-21 09:04:36,989 INFO  impl.RaftServerImpl (RaftServerImpl.java:start(180)) - da6f2729-b507-40c4-bf72-576bc4d2323c: start group-C39518EB4219
2019-08-21 09:04:36,989 INFO  server.RaftServerConfigKeys (ConfUtils.java:logGet(43)) - raft.server.log.statemachine.data.caching.enabled = true (custom)
2019-08-21 09:04:36,989 INFO  server.RaftServerConfigKeys (ConfUtils.java:logGet(43)) - raft.server.log.force.sync.num = 128 (default)
2019-08-21 09:04:36,990 INFO  impl.RaftServerImpl (RaftServerImpl.java:setRole(171)) - da6f2729-b507-40c4-bf72-576bc4d2323c:group-C39518EB4219 changes role from null to FOLLOWER at term 0 for startAsFollower
2019-08-21 09:04:36,990 INFO  segmented.SegmentedRaftLogWorker (SegmentedRaftLogWorker.java:lambda$new$0(132)) - f261e572-4f21-430e-a56c-78edd2a2bfef-SegmentedRaftLogWorker:Storage Directory /workdir/hadoop-ozone/integration-test/target/test-dir/MiniOzoneClusterImpl-1abac8c2-5122-4d50-8eb0-e3407d0689a4/datanode-6/data/ratis/ab7bcd18-39e7-40e1-8c71-c39518eb4219: flushIndex: setUnconditionally 0 -> -1
2019-08-21 09:04:36,990 INFO  server.RaftServerConfigKeys (ConfUtils.java:logGet(43)) - raft.server.log.statemachine.data.sync = true (default)
2019-08-21 09:04:36,990 INFO  impl.RoleInfo (RoleInfo.java:updateAndGet(143)) - da6f2729-b507-40c4-bf72-576bc4d2323c: start FollowerState
2019-08-21 09:04:36,991 INFO  server.RaftServerConfigKeys (ConfUtils.java:logGet(43)) - raft.server.log.statemachine.data.sync.timeout = 10s (default)
2019-08-21 09:04:36,990 INFO  server.RaftServerConfigKeys (ConfUtils.java:logGet(43)) - raft.server.snapshot.auto.trigger.enabled = true (custom)
2019-08-21 09:04:36,991 INFO  server.RaftServerConfigKeys (ConfUtils.java:logGet(43)) - raft.server.log.statemachine.data.sync.timeout.retry = -1 (default)
2019-08-21 09:04:36,991 INFO  util.JmxRegister (JmxRegister.java:tryRegister(44)) - Successfully registered JMX Bean with object name Ratis:service=RaftServer,group=group-C39518EB4219,id=da6f2729-b507-40c4-bf72-576bc4d2323c
2019-08-21 09:04:36,991 INFO  server.RaftServerConfigKeys (ConfUtils.java:logGet(43)) - raft.server.snapshot.auto.trigger.threshold = 10000 (custom)
2019-08-21 09:04:36,991 INFO  server.RaftServerConfigKeys (ConfUtils.java:logGet(43)) - raft.server.log.statemachine.data.caching.enabled = true (custom)
2019-08-21 09:04:36,992 INFO  server.RaftServerConfigKeys (ConfUtils.java:logGet(43)) - raft.server.retrycache.expirytime = 600000ms (custom)
2019-08-21 09:04:36,992 INFO  segmented.SegmentedRaftLogWorker (SegmentedRaftLogWorker.java:lambda$new$0(132)) - 1dfce845-6d7d-4e6b-815a-0ae574d8651b-SegmentedRaftLogWorker:Storage Directory /workdir/hadoop-ozone/integration-test/target/test-dir/MiniOzoneClusterImpl-1abac8c2-5122-4d50-8eb0-e3407d0689a4/datanode-0/data/ratis/ab7bcd18-39e7-40e1-8c71-c39518eb4219: flushIndex: setUnconditionally 0 -> -1
2019-08-21 09:04:36,992 INFO  impl.RaftServerImpl (RaftServerImpl.java:start(180)) - f261e572-4f21-430e-a56c-78edd2a2bfef: start group-C39518EB4219
2019-08-21 09:04:36,992 INFO  impl.RaftServerImpl (RaftServerImpl.java:setRole(171)) - f261e572-4f21-430e-a56c-78edd2a2bfef:group-C39518EB4219 changes role from null to FOLLOWER at term 0 for startAsFollower
2019-08-21 09:04:36,993 INFO  server.RaftServerConfigKeys (ConfUtils.java:logGet(43)) - raft.server.snapshot.auto.trigger.enabled = true (custom)
2019-08-21 09:04:36,993 INFO  impl.RoleInfo (RoleInfo.java:updateAndGet(143)) - f261e572-4f21-430e-a56c-78edd2a2bfef: start FollowerState
2019-08-21 09:04:36,993 INFO  server.RaftServerConfigKeys (ConfUtils.java:logGet(43)) - raft.server.snapshot.auto.trigger.threshold = 10000 (custom)
2019-08-21 09:04:36,993 INFO  server.RaftServerConfigKeys (ConfUtils.java:logGet(43)) - raft.server.retrycache.expirytime = 600000ms (custom)
2019-08-21 09:04:36,994 INFO  util.JmxRegister (JmxRegister.java:tryRegister(44)) - Successfully registered JMX Bean with object name Ratis:service=RaftServer,group=group-C39518EB4219,id=f261e572-4f21-430e-a56c-78edd2a2bfef
2019-08-21 09:04:36,994 INFO  impl.RaftServerImpl (RaftServerImpl.java:start(180)) - 1dfce845-6d7d-4e6b-815a-0ae574d8651b: start group-C39518EB4219
2019-08-21 09:04:36,994 INFO  impl.RaftServerImpl (RaftServerImpl.java:setRole(171)) - 1dfce845-6d7d-4e6b-815a-0ae574d8651b:group-C39518EB4219 changes role from null to FOLLOWER at term 0 for startAsFollower
2019-08-21 09:04:36,996 INFO  impl.RoleInfo (RoleInfo.java:updateAndGet(143)) - 1dfce845-6d7d-4e6b-815a-0ae574d8651b: start FollowerState
2019-08-21 09:04:36,997 INFO  util.JmxRegister (JmxRegister.java:tryRegister(44)) - Successfully registered JMX Bean with object name Ratis:service=RaftServer,group=group-C39518EB4219,id=1dfce845-6d7d-4e6b-815a-0ae574d8651b
2019-08-21 09:04:37,032 INFO  pipeline.PipelineStateManager (PipelineStateManager.java:addPipeline(56)) - Created pipeline Pipeline[ Id: ab7bcd18-39e7-40e1-8c71-c39518eb4219, Nodes: f261e572-4f21-430e-a56c-78edd2a2bfef{ip: 192.168.157.251, host: pr-hdds-1948-qvnss-3490636412, networkLocation: /default-rack, certSerialId: null}da6f2729-b507-40c4-bf72-576bc4d2323c{ip: 192.168.157.251, host: pr-hdds-1948-qvnss-3490636412, networkLocation: /default-rack, certSerialId: null}1dfce845-6d7d-4e6b-815a-0ae574d8651b{ip: 192.168.157.251, host: pr-hdds-1948-qvnss-3490636412, networkLocation: /default-rack, certSerialId: null}, Type:RATIS, Factor:THREE, State:OPEN]
2019-08-21 09:04:37,076 INFO  impl.RaftServerProxy (RaftServerProxy.java:addNew(89)) - 96f58e83-9e7a-4514-a1b7-98a6f7f2da98: addNew group-0A8797E472E2:[74efcb56-65b7-4b2b-a8f1-0ea6352f04f4:192.168.157.251:38719, 96f58e83-9e7a-4514-a1b7-98a6f7f2da98:192.168.157.251:39725, a5d326b4-5ae1-4ccd-a59a-21215a91a7bb:192.168.157.251:43807] returns group-0A8797E472E2:java.util.concurrent.CompletableFuture@6d1e9939[Not completed]
2019-08-21 09:04:37,076 INFO  impl.RaftServerProxy (RaftServerProxy.java:addNew(89)) - 74efcb56-65b7-4b2b-a8f1-0ea6352f04f4: addNew group-0A8797E472E2:[74efcb56-65b7-4b2b-a8f1-0ea6352f04f4:192.168.157.251:38719, 96f58e83-9e7a-4514-a1b7-98a6f7f2da98:192.168.157.251:39725, a5d326b4-5ae1-4ccd-a59a-21215a91a7bb:192.168.157.251:43807] returns group-0A8797E472E2:java.util.concurrent.CompletableFuture@30aea056[Not completed]
2019-08-21 09:04:37,076 INFO  impl.RaftServerProxy (RaftServerProxy.java:addNew(89)) - a5d326b4-5ae1-4ccd-a59a-21215a91a7bb: addNew group-0A8797E472E2:[74efcb56-65b7-4b2b-a8f1-0ea6352f04f4:192.168.157.251:38719, 96f58e83-9e7a-4514-a1b7-98a6f7f2da98:192.168.157.251:39725, a5d326b4-5ae1-4ccd-a59a-21215a91a7bb:192.168.157.251:43807] returns group-0A8797E472E2:java.util.concurrent.CompletableFuture@63e2d25e[Not completed]
2019-08-21 09:04:37,079 INFO  impl.RaftServerImpl (RaftServerImpl.java:<init>(93)) - 74efcb56-65b7-4b2b-a8f1-0ea6352f04f4: new RaftServerImpl for group-0A8797E472E2:[74efcb56-65b7-4b2b-a8f1-0ea6352f04f4:192.168.157.251:38719, 96f58e83-9e7a-4514-a1b7-98a6f7f2da98:192.168.157.251:39725, a5d326b4-5ae1-4ccd-a59a-21215a91a7bb:192.168.157.251:43807] with ContainerStateMachine:uninitialized
2019-08-21 09:04:37,079 INFO  server.RaftServerConfigKeys (ConfUtils.java:logGet(43)) - raft.server.rpc.timeout.min = 5s (custom)
2019-08-21 09:04:37,080 INFO  server.RaftServerConfigKeys (ConfUtils.java:logGet(43)) - raft.server.rpc.timeout.max = 5200ms (custom)
2019-08-21 09:04:37,080 INFO  server.RaftServerConfigKeys (ConfUtils.java:logGet(43)) - raft.server.rpcslowness.timeout = 120s (custom)
2019-08-21 09:04:37,080 INFO  server.RaftServerConfigKeys (ConfUtils.java:logGet(43)) - raft.server.sleep.deviation.threshold = 300 (default)
2019-08-21 09:04:37,080 INFO  server.RaftServerConfigKeys (ConfUtils.java:logGet(43)) - raft.server.log.appender.install.snapshot.enabled = false (custom)
2019-08-21 09:04:37,080 INFO  impl.RaftServerImpl (ServerState.java:<init>(105)) - 74efcb56-65b7-4b2b-a8f1-0ea6352f04f4:group-0A8797E472E2 ConfigurationManager, init=-1: [74efcb56-65b7-4b2b-a8f1-0ea6352f04f4:192.168.157.251:38719, 96f58e83-9e7a-4514-a1b7-98a6f7f2da98:192.168.157.251:39725, a5d326b4-5ae1-4ccd-a59a-21215a91a7bb:192.168.157.251:43807], old=null, confs=<EMPTY_MAP>
2019-08-21 09:04:37,080 INFO  server.RaftServerConfigKeys (ConfUtils.java:logGet(43)) - raft.server.storage.dir = [/workdir/hadoop-ozone/integration-test/target/test-dir/MiniOzoneClusterImpl-1abac8c2-5122-4d50-8eb0-e3407d0689a4/datanode-3/data/ratis] (custom)
2019-08-21 09:04:37,081 INFO  storage.RaftStorageDirectory (RaftStorageDirectory.java:analyzeStorage(246)) - The storage directory /workdir/hadoop-ozone/integration-test/target/test-dir/MiniOzoneClusterImpl-1abac8c2-5122-4d50-8eb0-e3407d0689a4/datanode-3/data/ratis/b4c8d299-78ae-4403-8e75-0a8797e472e2 does not exist. Creating ...
2019-08-21 09:04:37,081 INFO  impl.RaftServerImpl (RaftServerImpl.java:<init>(93)) - 96f58e83-9e7a-4514-a1b7-98a6f7f2da98: new RaftServerImpl for group-0A8797E472E2:[74efcb56-65b7-4b2b-a8f1-0ea6352f04f4:192.168.157.251:38719, 96f58e83-9e7a-4514-a1b7-98a6f7f2da98:192.168.157.251:39725, a5d326b4-5ae1-4ccd-a59a-21215a91a7bb:192.168.157.251:43807] with ContainerStateMachine:uninitialized
2019-08-21 09:04:37,081 INFO  server.RaftServerConfigKeys (ConfUtils.java:logGet(43)) - raft.server.rpc.timeout.min = 5s (custom)
2019-08-21 09:04:37,081 INFO  server.RaftServerConfigKeys (ConfUtils.java:logGet(43)) - raft.server.rpc.timeout.max = 5200ms (custom)
2019-08-21 09:04:37,082 INFO  server.RaftServerConfigKeys (ConfUtils.java:logGet(43)) - raft.server.rpcslowness.timeout = 120s (custom)
2019-08-21 09:04:37,082 INFO  server.RaftServerConfigKeys (ConfUtils.java:logGet(43)) - raft.server.sleep.deviation.threshold = 300 (default)
2019-08-21 09:04:37,082 INFO  server.RaftServerConfigKeys (ConfUtils.java:logGet(43)) - raft.server.log.appender.install.snapshot.enabled = false (custom)
2019-08-21 09:04:37,082 INFO  impl.RaftServerImpl (RaftServerImpl.java:<init>(93)) - a5d326b4-5ae1-4ccd-a59a-21215a91a7bb: new RaftServerImpl for group-0A8797E472E2:[74efcb56-65b7-4b2b-a8f1-0ea6352f04f4:192.168.157.251:38719, 96f58e83-9e7a-4514-a1b7-98a6f7f2da98:192.168.157.251:39725, a5d326b4-5ae1-4ccd-a59a-21215a91a7bb:192.168.157.251:43807] with ContainerStateMachine:uninitialized
2019-08-21 09:04:37,082 INFO  impl.RaftServerImpl (ServerState.java:<init>(105)) - 96f58e83-9e7a-4514-a1b7-98a6f7f2da98:group-0A8797E472E2 ConfigurationManager, init=-1: [74efcb56-65b7-4b2b-a8f1-0ea6352f04f4:192.168.157.251:38719, 96f58e83-9e7a-4514-a1b7-98a6f7f2da98:192.168.157.251:39725, a5d326b4-5ae1-4ccd-a59a-21215a91a7bb:192.168.157.251:43807], old=null, confs=<EMPTY_MAP>
2019-08-21 09:04:37,083 INFO  server.RaftServerConfigKeys (ConfUtils.java:logGet(43)) - raft.server.rpc.timeout.min = 5s (custom)
2019-08-21 09:04:37,083 INFO  server.RaftServerConfigKeys (ConfUtils.java:logGet(43)) - raft.server.storage.dir = [/workdir/hadoop-ozone/integration-test/target/test-dir/MiniOzoneClusterImpl-1abac8c2-5122-4d50-8eb0-e3407d0689a4/datanode-2/data/ratis] (custom)
2019-08-21 09:04:37,083 INFO  server.RaftServerConfigKeys (ConfUtils.java:logGet(43)) - raft.server.rpc.timeout.max = 5200ms (custom)
2019-08-21 09:04:37,083 INFO  server.RaftServerConfigKeys (ConfUtils.java:logGet(43)) - raft.server.rpcslowness.timeout = 120s (custom)
2019-08-21 09:04:37,083 INFO  server.RaftServerConfigKeys (ConfUtils.java:logGet(43)) - raft.server.sleep.deviation.threshold = 300 (default)
2019-08-21 09:04:37,083 INFO  storage.RaftStorageDirectory (RaftStorageDirectory.java:analyzeStorage(246)) - The storage directory /workdir/hadoop-ozone/integration-test/target/test-dir/MiniOzoneClusterImpl-1abac8c2-5122-4d50-8eb0-e3407d0689a4/datanode-2/data/ratis/b4c8d299-78ae-4403-8e75-0a8797e472e2 does not exist. Creating ...
2019-08-21 09:04:37,084 INFO  server.RaftServerConfigKeys (ConfUtils.java:logGet(43)) - raft.server.log.appender.install.snapshot.enabled = false (custom)
2019-08-21 09:04:37,084 INFO  impl.RaftServerImpl (ServerState.java:<init>(105)) - a5d326b4-5ae1-4ccd-a59a-21215a91a7bb:group-0A8797E472E2 ConfigurationManager, init=-1: [74efcb56-65b7-4b2b-a8f1-0ea6352f04f4:192.168.157.251:38719, 96f58e83-9e7a-4514-a1b7-98a6f7f2da98:192.168.157.251:39725, a5d326b4-5ae1-4ccd-a59a-21215a91a7bb:192.168.157.251:43807], old=null, confs=<EMPTY_MAP>
2019-08-21 09:04:37,084 INFO  server.RaftServerConfigKeys (ConfUtils.java:logGet(43)) - raft.server.storage.dir = [/workdir/hadoop-ozone/integration-test/target/test-dir/MiniOzoneClusterImpl-1abac8c2-5122-4d50-8eb0-e3407d0689a4/datanode-1/data/ratis] (custom)
2019-08-21 09:04:37,085 INFO  storage.RaftStorageDirectory (RaftStorageDirectory.java:analyzeStorage(246)) - The storage directory /workdir/hadoop-ozone/integration-test/target/test-dir/MiniOzoneClusterImpl-1abac8c2-5122-4d50-8eb0-e3407d0689a4/datanode-1/data/ratis/b4c8d299-78ae-4403-8e75-0a8797e472e2 does not exist. Creating ...
2019-08-21 09:04:37,094 INFO  storage.RaftStorageDirectory (RaftStorageDirectory.java:tryLock(328)) - Lock on /workdir/hadoop-ozone/integration-test/target/test-dir/MiniOzoneClusterImpl-1abac8c2-5122-4d50-8eb0-e3407d0689a4/datanode-2/data/ratis/b4c8d299-78ae-4403-8e75-0a8797e472e2/in_use.lock acquired by nodename 4376@pr-hdds-1948-qvnss-3490636412
2019-08-21 09:04:37,094 INFO  storage.RaftStorageDirectory (RaftStorageDirectory.java:tryLock(328)) - Lock on /workdir/hadoop-ozone/integration-test/target/test-dir/MiniOzoneClusterImpl-1abac8c2-5122-4d50-8eb0-e3407d0689a4/datanode-3/data/ratis/b4c8d299-78ae-4403-8e75-0a8797e472e2/in_use.lock acquired by nodename 4376@pr-hdds-1948-qvnss-3490636412
2019-08-21 09:04:37,094 INFO  storage.RaftStorageDirectory (RaftStorageDirectory.java:tryLock(328)) - Lock on /workdir/hadoop-ozone/integration-test/target/test-dir/MiniOzoneClusterImpl-1abac8c2-5122-4d50-8eb0-e3407d0689a4/datanode-1/data/ratis/b4c8d299-78ae-4403-8e75-0a8797e472e2/in_use.lock acquired by nodename 4376@pr-hdds-1948-qvnss-3490636412
2019-08-21 09:04:37,108 INFO  storage.RaftStorage (RaftStorage.java:format(72)) - Storage directory /workdir/hadoop-ozone/integration-test/target/test-dir/MiniOzoneClusterImpl-1abac8c2-5122-4d50-8eb0-e3407d0689a4/datanode-2/data/ratis/b4c8d299-78ae-4403-8e75-0a8797e472e2 has been successfully formatted.
2019-08-21 09:04:37,108 INFO  storage.RaftStorage (RaftStorage.java:format(72)) - Storage directory /workdir/hadoop-ozone/integration-test/target/test-dir/MiniOzoneClusterImpl-1abac8c2-5122-4d50-8eb0-e3407d0689a4/datanode-3/data/ratis/b4c8d299-78ae-4403-8e75-0a8797e472e2 has been successfully formatted.
2019-08-21 09:04:37,108 INFO  storage.RaftStorage (RaftStorage.java:format(72)) - Storage directory /workdir/hadoop-ozone/integration-test/target/test-dir/MiniOzoneClusterImpl-1abac8c2-5122-4d50-8eb0-e3407d0689a4/datanode-1/data/ratis/b4c8d299-78ae-4403-8e75-0a8797e472e2 has been successfully formatted.
2019-08-21 09:04:37,109 INFO  ratis.ContainerStateMachine (ContainerStateMachine.java:loadSnapshot(222)) - group-0A8797E472E2: The snapshot info is null. Setting the last applied indexto:(t:0, i:~)
2019-08-21 09:04:37,109 INFO  ratis.ContainerStateMachine (ContainerStateMachine.java:loadSnapshot(222)) - group-0A8797E472E2: The snapshot info is null. Setting the last applied indexto:(t:0, i:~)
2019-08-21 09:04:37,109 INFO  ratis.ContainerStateMachine (ContainerStateMachine.java:loadSnapshot(222)) - group-0A8797E472E2: The snapshot info is null. Setting the last applied indexto:(t:0, i:~)
2019-08-21 09:04:37,109 INFO  server.RaftServerConfigKeys (ConfUtils.java:logGet(43)) - raft.server.leader.election.timeout = 120s (custom)
2019-08-21 09:04:37,109 INFO  server.RaftServerConfigKeys (ConfUtils.java:logGet(43)) - raft.server.leader.election.timeout = 120s (custom)
2019-08-21 09:04:37,110 INFO  server.RaftServerConfigKeys (ConfUtils.java:logGet(43)) - raft.server.leader.election.timeout = 120s (custom)
2019-08-21 09:04:37,110 INFO  server.RaftServerConfigKeys (ConfUtils.java:logGet(43)) - raft.server.log.use.memory = false (default)
2019-08-21 09:04:37,110 INFO  server.RaftServerConfigKeys (ConfUtils.java:logGet(43)) - raft.server.log.use.memory = false (default)
2019-08-21 09:04:37,110 INFO  server.RaftServerConfigKeys (ConfUtils.java:logGet(43)) - raft.server.log.use.memory = false (default)
2019-08-21 09:04:37,110 INFO  server.RaftServerConfigKeys (ConfUtils.java:logGet(43)) - raft.server.log.purge.gap = 1000000000 (custom)
2019-08-21 09:04:37,110 INFO  server.RaftServerConfigKeys (ConfUtils.java:logGet(43)) - raft.server.log.purge.gap = 1000000000 (custom)
2019-08-21 09:04:37,111 INFO  server.RaftServerConfigKeys (ConfUtils.java:logGet(43)) - raft.server.log.appender.buffer.byte-limit = 33554432 (custom)
2019-08-21 09:04:37,111 INFO  server.RaftServerConfigKeys (ConfUtils.java:logGet(43)) - raft.server.log.purge.gap = 1000000000 (custom)
2019-08-21 09:04:37,111 INFO  server.RaftServerConfigKeys (ConfUtils.java:logGet(43)) - raft.server.log.segment.size.max = 1048576 (custom)
2019-08-21 09:04:37,111 INFO  server.RaftServerConfigKeys (ConfUtils.java:logGet(43)) - raft.server.log.appender.buffer.byte-limit = 33554432 (custom)
2019-08-21 09:04:37,112 INFO  server.RaftServerConfigKeys (ConfUtils.java:logGet(43)) - raft.server.log.segment.cache.num.max = 2 (custom)
2019-08-21 09:04:37,111 INFO  server.RaftServerConfigKeys (ConfUtils.java:logGet(43)) - raft.server.log.appender.buffer.byte-limit = 33554432 (custom)
2019-08-21 09:04:37,112 INFO  segmented.SegmentedRaftLogWorker (SegmentedRaftLogWorker.java:<init>(172)) - new a5d326b4-5ae1-4ccd-a59a-21215a91a7bb-SegmentedRaftLogWorker:Storage Directory /workdir/hadoop-ozone/integration-test/target/test-dir/MiniOzoneClusterImpl-1abac8c2-5122-4d50-8eb0-e3407d0689a4/datanode-1/data/ratis/b4c8d299-78ae-4403-8e75-0a8797e472e2 for RaftStorage:Storage Directory /workdir/hadoop-ozone/integration-test/target/test-dir/MiniOzoneClusterImpl-1abac8c2-5122-4d50-8eb0-e3407d0689a4/datanode-1/data/ratis/b4c8d299-78ae-4403-8e75-0a8797e472e2
2019-08-21 09:04:37,112 INFO  server.RaftServerConfigKeys (ConfUtils.java:logGet(43)) - raft.server.log.segment.size.max = 1048576 (custom)
2019-08-21 09:04:37,112 INFO  server.RaftServerConfigKeys (ConfUtils.java:logGet(43)) - raft.server.log.queue.byte-limit = 2147483647 (custom)
2019-08-21 09:04:37,112 INFO  server.RaftServerConfigKeys (ConfUtils.java:logGet(43)) - raft.server.log.segment.size.max = 1048576 (custom)
2019-08-21 09:04:37,123 INFO  server.RaftServerConfigKeys (ConfUtils.java:logGet(43)) - raft.server.log.queue.element-limit = 1024 (custom)
2019-08-21 09:04:37,116 INFO  server.RaftServerConfigKeys (ConfUtils.java:logGet(43)) - raft.server.log.segment.cache.num.max = 2 (custom)
2019-08-21 09:04:37,123 INFO  server.RaftServerConfigKeys (ConfUtils.java:logGet(43)) - raft.server.log.segment.cache.num.max = 2 (custom)
2019-08-21 09:04:37,125 INFO  server.RaftServerConfigKeys (ConfUtils.java:logGet(43)) - raft.server.log.segment.size.max = 1048576 (custom)
2019-08-21 09:04:37,125 INFO  segmented.SegmentedRaftLogWorker (SegmentedRaftLogWorker.java:<init>(172)) - new 74efcb56-65b7-4b2b-a8f1-0ea6352f04f4-SegmentedRaftLogWorker:Storage Directory /workdir/hadoop-ozone/integration-test/target/test-dir/MiniOzoneClusterImpl-1abac8c2-5122-4d50-8eb0-e3407d0689a4/datanode-3/data/ratis/b4c8d299-78ae-4403-8e75-0a8797e472e2 for RaftStorage:Storage Directory /workdir/hadoop-ozone/integration-test/target/test-dir/MiniOzoneClusterImpl-1abac8c2-5122-4d50-8eb0-e3407d0689a4/datanode-3/data/ratis/b4c8d299-78ae-4403-8e75-0a8797e472e2
2019-08-21 09:04:37,125 INFO  server.RaftServerConfigKeys (ConfUtils.java:logGet(43)) - raft.server.log.preallocated.size = 16384 (custom)
2019-08-21 09:04:37,125 INFO  segmented.SegmentedRaftLogWorker (SegmentedRaftLogWorker.java:<init>(172)) - new 96f58e83-9e7a-4514-a1b7-98a6f7f2da98-SegmentedRaftLogWorker:Storage Directory /workdir/hadoop-ozone/integration-test/target/test-dir/MiniOzoneClusterImpl-1abac8c2-5122-4d50-8eb0-e3407d0689a4/datanode-2/data/ratis/b4c8d299-78ae-4403-8e75-0a8797e472e2 for RaftStorage:Storage Directory /workdir/hadoop-ozone/integration-test/target/test-dir/MiniOzoneClusterImpl-1abac8c2-5122-4d50-8eb0-e3407d0689a4/datanode-2/data/ratis/b4c8d299-78ae-4403-8e75-0a8797e472e2
2019-08-21 09:04:37,126 INFO  server.RaftServerConfigKeys (ConfUtils.java:logGet(43)) - raft.server.log.write.buffer.size = 33554432 (custom)
2019-08-21 09:04:37,125 INFO  server.RaftServerConfigKeys (ConfUtils.java:logGet(43)) - raft.server.log.queue.byte-limit = 2147483647 (custom)
2019-08-21 09:04:37,130 INFO  server.RaftServerConfigKeys (ConfUtils.java:logGet(43)) - raft.server.log.force.sync.num = 128 (default)
2019-08-21 09:04:37,128 INFO  server.RaftServerConfigKeys (ConfUtils.java:logGet(43)) - raft.server.log.queue.byte-limit = 2147483647 (custom)
2019-08-21 09:04:37,130 INFO  server.RaftServerConfigKeys (ConfUtils.java:logGet(43)) - raft.server.log.statemachine.data.sync = true (default)
2019-08-21 09:04:37,130 INFO  server.RaftServerConfigKeys (ConfUtils.java:logGet(43)) - raft.server.log.queue.element-limit = 1024 (custom)
2019-08-21 09:04:37,131 INFO  server.RaftServerConfigKeys (ConfUtils.java:logGet(43)) - raft.server.log.statemachine.data.sync.timeout = 10s (default)
2019-08-21 09:04:37,130 INFO  server.RaftServerConfigKeys (ConfUtils.java:logGet(43)) - raft.server.log.queue.element-limit = 1024 (custom)
2019-08-21 09:04:37,131 INFO  server.RaftServerConfigKeys (ConfUtils.java:logGet(43)) - raft.server.log.statemachine.data.sync.timeout.retry = -1 (default)
2019-08-21 09:04:37,131 INFO  server.RaftServerConfigKeys (ConfUtils.java:logGet(43)) - raft.server.log.segment.size.max = 1048576 (custom)
2019-08-21 09:04:37,131 INFO  server.RaftServerConfigKeys (ConfUtils.java:logGet(43)) - raft.server.log.segment.size.max = 1048576 (custom)
2019-08-21 09:04:37,132 INFO  server.RaftServerConfigKeys (ConfUtils.java:logGet(43)) - raft.server.log.statemachine.data.caching.enabled = true (custom)
2019-08-21 09:04:37,132 INFO  server.RaftServerConfigKeys (ConfUtils.java:logGet(43)) - raft.server.log.preallocated.size = 16384 (custom)
2019-08-21 09:04:37,132 INFO  server.RaftServerConfigKeys (ConfUtils.java:logGet(43)) - raft.server.log.preallocated.size = 16384 (custom)
2019-08-21 09:04:37,132 INFO  server.RaftServerConfigKeys (ConfUtils.java:logGet(43)) - raft.server.log.write.buffer.size = 33554432 (custom)
2019-08-21 09:04:37,132 INFO  server.RaftServerConfigKeys (ConfUtils.java:logGet(43)) - raft.server.log.write.buffer.size = 33554432 (custom)
2019-08-21 09:04:37,132 INFO  segmented.SegmentedRaftLogWorker (SegmentedRaftLogWorker.java:lambda$new$0(132)) - a5d326b4-5ae1-4ccd-a59a-21215a91a7bb-SegmentedRaftLogWorker:Storage Directory /workdir/hadoop-ozone/integration-test/target/test-dir/MiniOzoneClusterImpl-1abac8c2-5122-4d50-8eb0-e3407d0689a4/datanode-1/data/ratis/b4c8d299-78ae-4403-8e75-0a8797e472e2: flushIndex: setUnconditionally 0 -> -1
2019-08-21 09:04:37,133 INFO  server.RaftServerConfigKeys (ConfUtils.java:logGet(43)) - raft.server.log.force.sync.num = 128 (default)
2019-08-21 09:04:37,133 INFO  server.RaftServerConfigKeys (ConfUtils.java:logGet(43)) - raft.server.log.force.sync.num = 128 (default)
2019-08-21 09:04:37,133 INFO  server.RaftServerConfigKeys (ConfUtils.java:logGet(43)) - raft.server.log.statemachine.data.sync = true (default)
2019-08-21 09:04:37,133 INFO  server.RaftServerConfigKeys (ConfUtils.java:logGet(43)) - raft.server.log.statemachine.data.sync = true (default)
2019-08-21 09:04:37,133 INFO  server.RaftServerConfigKeys (ConfUtils.java:logGet(43)) - raft.server.snapshot.auto.trigger.enabled = true (custom)
2019-08-21 09:04:37,134 INFO  server.RaftServerConfigKeys (ConfUtils.java:logGet(43)) - raft.server.log.statemachine.data.sync.timeout = 10s (default)
2019-08-21 09:04:37,133 INFO  server.RaftServerConfigKeys (ConfUtils.java:logGet(43)) - raft.server.log.statemachine.data.sync.timeout = 10s (default)
2019-08-21 09:04:37,134 INFO  server.RaftServerConfigKeys (ConfUtils.java:logGet(43)) - raft.server.log.statemachine.data.sync.timeout.retry = -1 (default)
2019-08-21 09:04:37,134 INFO  server.RaftServerConfigKeys (ConfUtils.java:logGet(43)) - raft.server.snapshot.auto.trigger.threshold = 10000 (custom)
2019-08-21 09:04:37,134 INFO  server.RaftServerConfigKeys (ConfUtils.java:logGet(43)) - raft.server.log.statemachine.data.caching.enabled = true (custom)
2019-08-21 09:04:37,134 INFO  server.RaftServerConfigKeys (ConfUtils.java:logGet(43)) - raft.server.log.statemachine.data.sync.timeout.retry = -1 (default)
2019-08-21 09:04:37,135 INFO  segmented.SegmentedRaftLogWorker (SegmentedRaftLogWorker.java:lambda$new$0(132)) - 74efcb56-65b7-4b2b-a8f1-0ea6352f04f4-SegmentedRaftLogWorker:Storage Directory /workdir/hadoop-ozone/integration-test/target/test-dir/MiniOzoneClusterImpl-1abac8c2-5122-4d50-8eb0-e3407d0689a4/datanode-3/data/ratis/b4c8d299-78ae-4403-8e75-0a8797e472e2: flushIndex: setUnconditionally 0 -> -1
2019-08-21 09:04:37,135 INFO  server.RaftServerConfigKeys (ConfUtils.java:logGet(43)) - raft.server.log.statemachine.data.caching.enabled = true (custom)
2019-08-21 09:04:37,135 INFO  server.RaftServerConfigKeys (ConfUtils.java:logGet(43)) - raft.server.retrycache.expirytime = 600000ms (custom)
2019-08-21 09:04:37,135 INFO  server.RaftServerConfigKeys (ConfUtils.java:logGet(43)) - raft.server.snapshot.auto.trigger.enabled = true (custom)
2019-08-21 09:04:37,135 INFO  segmented.SegmentedRaftLogWorker (SegmentedRaftLogWorker.java:lambda$new$0(132)) - 96f58e83-9e7a-4514-a1b7-98a6f7f2da98-SegmentedRaftLogWorker:Storage Directory /workdir/hadoop-ozone/integration-test/target/test-dir/MiniOzoneClusterImpl-1abac8c2-5122-4d50-8eb0-e3407d0689a4/datanode-2/data/ratis/b4c8d299-78ae-4403-8e75-0a8797e472e2: flushIndex: setUnconditionally 0 -> -1
2019-08-21 09:04:37,136 INFO  impl.RaftServerImpl (RaftServerImpl.java:start(180)) - a5d326b4-5ae1-4ccd-a59a-21215a91a7bb: start group-0A8797E472E2
2019-08-21 09:04:37,136 INFO  server.RaftServerConfigKeys (ConfUtils.java:logGet(43)) - raft.server.snapshot.auto.trigger.threshold = 10000 (custom)
2019-08-21 09:04:37,136 INFO  impl.RaftServerImpl (RaftServerImpl.java:setRole(171)) - a5d326b4-5ae1-4ccd-a59a-21215a91a7bb:group-0A8797E472E2 changes role from null to FOLLOWER at term 0 for startAsFollower
2019-08-21 09:04:37,136 INFO  server.RaftServerConfigKeys (ConfUtils.java:logGet(43)) - raft.server.snapshot.auto.trigger.enabled = true (custom)
2019-08-21 09:04:37,136 INFO  impl.RoleInfo (RoleInfo.java:updateAndGet(143)) - a5d326b4-5ae1-4ccd-a59a-21215a91a7bb: start FollowerState
2019-08-21 09:04:37,136 INFO  server.RaftServerConfigKeys (ConfUtils.java:logGet(43)) - raft.server.retrycache.expirytime = 600000ms (custom)
2019-08-21 09:04:37,136 INFO  server.RaftServerConfigKeys (ConfUtils.java:logGet(43)) - raft.server.snapshot.auto.trigger.threshold = 10000 (custom)
2019-08-21 09:04:37,137 INFO  impl.RaftServerImpl (RaftServerImpl.java:start(180)) - 74efcb56-65b7-4b2b-a8f1-0ea6352f04f4: start group-0A8797E472E2
2019-08-21 09:04:37,137 INFO  server.RaftServerConfigKeys (ConfUtils.java:logGet(43)) - raft.server.retrycache.expirytime = 600000ms (custom)
2019-08-21 09:04:37,137 INFO  impl.RaftServerImpl (RaftServerImpl.java:setRole(171)) - 74efcb56-65b7-4b2b-a8f1-0ea6352f04f4:group-0A8797E472E2 changes role from null to FOLLOWER at term 0 for startAsFollower
2019-08-21 09:04:37,137 INFO  util.JmxRegister (JmxRegister.java:tryRegister(44)) - Successfully registered JMX Bean with object name Ratis:service=RaftServer,group=group-0A8797E472E2,id=a5d326b4-5ae1-4ccd-a59a-21215a91a7bb
2019-08-21 09:04:37,137 INFO  impl.RoleInfo (RoleInfo.java:updateAndGet(143)) - 74efcb56-65b7-4b2b-a8f1-0ea6352f04f4: start FollowerState
2019-08-21 09:04:37,137 INFO  impl.RaftServerImpl (RaftServerImpl.java:start(180)) - 96f58e83-9e7a-4514-a1b7-98a6f7f2da98: start group-0A8797E472E2
2019-08-21 09:04:37,138 INFO  impl.RaftServerImpl (RaftServerImpl.java:setRole(171)) - 96f58e83-9e7a-4514-a1b7-98a6f7f2da98:group-0A8797E472E2 changes role from null to FOLLOWER at term 0 for startAsFollower
2019-08-21 09:04:37,138 INFO  util.JmxRegister (JmxRegister.java:tryRegister(44)) - Successfully registered JMX Bean with object name Ratis:service=RaftServer,group=group-0A8797E472E2,id=74efcb56-65b7-4b2b-a8f1-0ea6352f04f4
2019-08-21 09:04:37,138 INFO  impl.RoleInfo (RoleInfo.java:updateAndGet(143)) - 96f58e83-9e7a-4514-a1b7-98a6f7f2da98: start FollowerState
2019-08-21 09:04:37,139 INFO  util.JmxRegister (JmxRegister.java:tryRegister(44)) - Successfully registered JMX Bean with object name Ratis:service=RaftServer,group=group-0A8797E472E2,id=96f58e83-9e7a-4514-a1b7-98a6f7f2da98
2019-08-21 09:04:37,166 INFO  pipeline.PipelineStateManager (PipelineStateManager.java:addPipeline(56)) - Created pipeline Pipeline[ Id: b4c8d299-78ae-4403-8e75-0a8797e472e2, Nodes: 96f58e83-9e7a-4514-a1b7-98a6f7f2da98{ip: 192.168.157.251, host: pr-hdds-1948-qvnss-3490636412, networkLocation: /default-rack, certSerialId: null}74efcb56-65b7-4b2b-a8f1-0ea6352f04f4{ip: 192.168.157.251, host: pr-hdds-1948-qvnss-3490636412, networkLocation: /default-rack, certSerialId: null}a5d326b4-5ae1-4ccd-a59a-21215a91a7bb{ip: 192.168.157.251, host: pr-hdds-1948-qvnss-3490636412, networkLocation: /default-rack, certSerialId: null}, Type:RATIS, Factor:THREE, State:OPEN]
2019-08-21 09:04:37,614 INFO  ozone.MiniOzoneClusterImpl (MiniOzoneClusterImpl.java:lambda$waitForClusterToBeReady$0(142)) - Cluster is ready. Got 7 of 7 DN Heartbeats.
2019-08-21 09:04:37,944 INFO  rpc.RpcClient (RpcClient.java:createVolume(292)) - Creating Volume: testblockoutputstream, with jenkins1000 as owner.
2019-08-21 09:04:38,006 INFO  rpc.RpcClient (RpcClient.java:createBucket(429)) - Creating Bucket: testblockoutputstream/testblockoutputstream, with Versioning false and Storage Type set to DISK and Encryption set to false 
2019-08-21 09:04:38,029 INFO  impl.MetricsSystemImpl (MetricsSystemImpl.java:init(158)) - XceiverClientMetrics metrics system started (again)
2019-08-21 09:04:38,057 INFO  container.ReplicationManager (ReplicationManager.java:start(155)) - Starting Replication Monitor Thread.
2019-08-21 09:04:38,060 INFO  container.ReplicationManager (ReplicationManager.java:run(207)) - Replication Monitor Thread took 1 milliseconds for processing 0 containers.
2019-08-21 09:04:38,319 INFO  client.GrpcClientProtocolClient (GrpcClientProtocolClient.java:onNext(255)) - client-E24050992D17->96f58e83-9e7a-4514-a1b7-98a6f7f2da98: receive RaftClientReply:client-E24050992D17->96f58e83-9e7a-4514-a1b7-98a6f7f2da98@group-0A8797E472E2, cid=13, FAILED org.apache.ratis.protocol.NotLeaderException: Server 96f58e83-9e7a-4514-a1b7-98a6f7f2da98 is not the leader (null). Request must be sent to leader., logIndex=0, commits[96f58e83-9e7a-4514-a1b7-98a6f7f2da98:c-1]
2019-08-21 09:04:39,366 INFO  client.GrpcClientProtocolClient (GrpcClientProtocolClient.java:onNext(255)) - client-E24050992D17->74efcb56-65b7-4b2b-a8f1-0ea6352f04f4: receive RaftClientReply:client-E24050992D17->74efcb56-65b7-4b2b-a8f1-0ea6352f04f4@group-0A8797E472E2, cid=13, FAILED org.apache.ratis.protocol.NotLeaderException: Server 74efcb56-65b7-4b2b-a8f1-0ea6352f04f4 is not the leader (null). Request must be sent to leader., logIndex=0, commits[74efcb56-65b7-4b2b-a8f1-0ea6352f04f4:c-1]
2019-08-21 09:04:40,394 INFO  client.GrpcClientProtocolClient (GrpcClientProtocolClient.java:onNext(255)) - client-E24050992D17->96f58e83-9e7a-4514-a1b7-98a6f7f2da98: receive RaftClientReply:client-E24050992D17->96f58e83-9e7a-4514-a1b7-98a6f7f2da98@group-0A8797E472E2, cid=13, FAILED org.apache.ratis.protocol.NotLeaderException: Server 96f58e83-9e7a-4514-a1b7-98a6f7f2da98 is not the leader (null). Request must be sent to leader., logIndex=0, commits[96f58e83-9e7a-4514-a1b7-98a6f7f2da98:c-1]
2019-08-21 09:04:41,387 INFO  impl.FollowerState (FollowerState.java:run(106)) - 1dfce845-6d7d-4e6b-815a-0ae574d8651b:group-890E201E4F97 changes to CANDIDATE, lastRpcTime:5137, electionTimeout:5136ms
2019-08-21 09:04:41,387 INFO  impl.RoleInfo (RoleInfo.java:shutdownFollowerState(121)) - 1dfce845-6d7d-4e6b-815a-0ae574d8651b: shutdown FollowerState
2019-08-21 09:04:41,388 INFO  impl.RaftServerImpl (RaftServerImpl.java:setRole(171)) - 1dfce845-6d7d-4e6b-815a-0ae574d8651b:group-890E201E4F97 changes role from FOLLOWER to CANDIDATE at term 0 for changeToCandidate
2019-08-21 09:04:41,398 INFO  impl.RoleInfo (RoleInfo.java:updateAndGet(143)) - 1dfce845-6d7d-4e6b-815a-0ae574d8651b: start LeaderElection
2019-08-21 09:04:41,419 INFO  client.GrpcClientProtocolClient (GrpcClientProtocolClient.java:onNext(255)) - client-E24050992D17->74efcb56-65b7-4b2b-a8f1-0ea6352f04f4: receive RaftClientReply:client-E24050992D17->74efcb56-65b7-4b2b-a8f1-0ea6352f04f4@group-0A8797E472E2, cid=13, FAILED org.apache.ratis.protocol.NotLeaderException: Server 74efcb56-65b7-4b2b-a8f1-0ea6352f04f4 is not the leader (null). Request must be sent to leader., logIndex=0, commits[74efcb56-65b7-4b2b-a8f1-0ea6352f04f4:c-1]
2019-08-21 09:04:41,431 INFO  impl.LeaderElection (LeaderElection.java:askForVotes(181)) - 1dfce845-6d7d-4e6b-815a-0ae574d8651b:group-890E201E4F97:LeaderElection1: begin an election at term 1 for -1: [1dfce845-6d7d-4e6b-815a-0ae574d8651b:192.168.157.251:35311], old=null
2019-08-21 09:04:41,438 INFO  impl.RoleInfo (RoleInfo.java:shutdownLeaderElection(134)) - 1dfce845-6d7d-4e6b-815a-0ae574d8651b: shutdown LeaderElection
2019-08-21 09:04:41,441 INFO  impl.RaftServerImpl (RaftServerImpl.java:setRole(171)) - 1dfce845-6d7d-4e6b-815a-0ae574d8651b:group-890E201E4F97 changes role from CANDIDATE to LEADER at term 1 for changeToLeader
2019-08-21 09:04:41,441 INFO  impl.RaftServerImpl (ServerState.java:setLeader(263)) - 1dfce845-6d7d-4e6b-815a-0ae574d8651b:group-890E201E4F97 change Leader from null to 1dfce845-6d7d-4e6b-815a-0ae574d8651b at term 1 for becomeLeader, leader elected after 5293ms
2019-08-21 09:04:41,451 INFO  server.RaftServerConfigKeys (ConfUtils.java:logGet(43)) - raft.server.staging.catchup.gap = 1000 (default)
2019-08-21 09:04:41,451 INFO  server.RaftServerConfigKeys (ConfUtils.java:logGet(43)) - raft.server.rpc.sleep.time = 25ms (default)
2019-08-21 09:04:41,454 INFO  server.RaftServerConfigKeys (ConfUtils.java:logGet(43)) - raft.server.write.element-limit = 4096 (default)
2019-08-21 09:04:41,457 INFO  server.RaftServerConfigKeys (ConfUtils.java:logGet(43)) - raft.server.watch.timeout = 10s (default)
2019-08-21 09:04:41,457 INFO  server.RaftServerConfigKeys (ConfUtils.java:logGet(43)) - raft.server.watch.timeout.denomination = 1s (default)
2019-08-21 09:04:41,458 INFO  server.RaftServerConfigKeys (ConfUtils.java:logGet(43)) - raft.server.watch.element-limit = 65536 (default)
2019-08-21 09:04:41,473 INFO  impl.RoleInfo (RoleInfo.java:updateAndGet(143)) - 1dfce845-6d7d-4e6b-815a-0ae574d8651b: start LeaderState
2019-08-21 09:04:41,495 INFO  segmented.SegmentedRaftLogWorker (SegmentedRaftLogWorker.java:startLogSegment(380)) - 1dfce845-6d7d-4e6b-815a-0ae574d8651b-SegmentedRaftLogWorker:Storage Directory /workdir/hadoop-ozone/integration-test/target/test-dir/MiniOzoneClusterImpl-1abac8c2-5122-4d50-8eb0-e3407d0689a4/datanode-0/data/ratis/3e0ca93d-b728-448b-81c9-890e201e4f97: Starting segment from index:0
2019-08-21 09:04:41,503 INFO  impl.RaftServerImpl (ServerState.java:setRaftConf(361)) - 1dfce845-6d7d-4e6b-815a-0ae574d8651b:group-890E201E4F97 set configuration 0: [1dfce845-6d7d-4e6b-815a-0ae574d8651b:192.168.157.251:35311], old=null at 0
2019-08-21 09:04:41,581 INFO  impl.FollowerState (FollowerState.java:run(106)) - da6f2729-b507-40c4-bf72-576bc4d2323c:group-621553FC5646 changes to CANDIDATE, lastRpcTime:5133, electionTimeout:5131ms
2019-08-21 09:04:41,584 INFO  impl.RoleInfo (RoleInfo.java:shutdownFollowerState(121)) - da6f2729-b507-40c4-bf72-576bc4d2323c: shutdown FollowerState
2019-08-21 09:04:41,584 INFO  impl.RaftServerImpl (RaftServerImpl.java:setRole(171)) - da6f2729-b507-40c4-bf72-576bc4d2323c:group-621553FC5646 changes role from FOLLOWER to CANDIDATE at term 0 for changeToCandidate
2019-08-21 09:04:41,585 INFO  impl.RoleInfo (RoleInfo.java:updateAndGet(143)) - da6f2729-b507-40c4-bf72-576bc4d2323c: start LeaderElection
2019-08-21 09:04:41,605 INFO  impl.LeaderElection (LeaderElection.java:askForVotes(181)) - da6f2729-b507-40c4-bf72-576bc4d2323c:group-621553FC5646:LeaderElection2: begin an election at term 1 for -1: [da6f2729-b507-40c4-bf72-576bc4d2323c:192.168.157.251:40707], old=null
2019-08-21 09:04:41,608 INFO  impl.RoleInfo (RoleInfo.java:shutdownLeaderElection(134)) - da6f2729-b507-40c4-bf72-576bc4d2323c: shutdown LeaderElection
2019-08-21 09:04:41,608 INFO  impl.RaftServerImpl (RaftServerImpl.java:setRole(171)) - da6f2729-b507-40c4-bf72-576bc4d2323c:group-621553FC5646 changes role from CANDIDATE to LEADER at term 1 for changeToLeader
2019-08-21 09:04:41,608 INFO  impl.RaftServerImpl (ServerState.java:setLeader(263)) - da6f2729-b507-40c4-bf72-576bc4d2323c:group-621553FC5646 change Leader from null to da6f2729-b507-40c4-bf72-576bc4d2323c at term 1 for becomeLeader, leader elected after 5167ms
2019-08-21 09:04:41,610 INFO  server.RaftServerConfigKeys (ConfUtils.java:logGet(43)) - raft.server.staging.catchup.gap = 1000 (default)
2019-08-21 09:04:41,611 INFO  server.RaftServerConfigKeys (ConfUtils.java:logGet(43)) - raft.server.rpc.sleep.time = 25ms (default)
2019-08-21 09:04:41,611 INFO  server.RaftServerConfigKeys (ConfUtils.java:logGet(43)) - raft.server.write.element-limit = 4096 (default)
2019-08-21 09:04:41,611 INFO  server.RaftServerConfigKeys (ConfUtils.java:logGet(43)) - raft.server.watch.timeout = 10s (default)
2019-08-21 09:04:41,611 INFO  server.RaftServerConfigKeys (ConfUtils.java:logGet(43)) - raft.server.watch.timeout.denomination = 1s (default)
2019-08-21 09:04:41,611 INFO  server.RaftServerConfigKeys (ConfUtils.java:logGet(43)) - raft.server.watch.element-limit = 65536 (default)
2019-08-21 09:04:41,611 INFO  impl.RoleInfo (RoleInfo.java:updateAndGet(143)) - da6f2729-b507-40c4-bf72-576bc4d2323c: start LeaderState
2019-08-21 09:04:41,612 INFO  segmented.SegmentedRaftLogWorker (SegmentedRaftLogWorker.java:startLogSegment(380)) - da6f2729-b507-40c4-bf72-576bc4d2323c-SegmentedRaftLogWorker:Storage Directory /workdir/hadoop-ozone/integration-test/target/test-dir/MiniOzoneClusterImpl-1abac8c2-5122-4d50-8eb0-e3407d0689a4/datanode-4/data/ratis/c29c30e2-3879-4743-b44f-621553fc5646: Starting segment from index:0
2019-08-21 09:04:41,612 INFO  impl.RaftServerImpl (ServerState.java:setRaftConf(361)) - da6f2729-b507-40c4-bf72-576bc4d2323c:group-621553FC5646 set configuration 0: [da6f2729-b507-40c4-bf72-576bc4d2323c:192.168.157.251:40707], old=null at 0
2019-08-21 09:04:41,632 INFO  impl.FollowerState (FollowerState.java:run(106)) - 96f58e83-9e7a-4514-a1b7-98a6f7f2da98:group-570510EEEC22 changes to CANDIDATE, lastRpcTime:5089, electionTimeout:5089ms
2019-08-21 09:04:41,633 INFO  impl.RoleInfo (RoleInfo.java:shutdownFollowerState(121)) - 96f58e83-9e7a-4514-a1b7-98a6f7f2da98: shutdown FollowerState
2019-08-21 09:04:41,633 INFO  impl.RaftServerImpl (RaftServerImpl.java:setRole(171)) - 96f58e83-9e7a-4514-a1b7-98a6f7f2da98:group-570510EEEC22 changes role from FOLLOWER to CANDIDATE at term 0 for changeToCandidate
2019-08-21 09:04:41,633 INFO  impl.RoleInfo (RoleInfo.java:updateAndGet(143)) - 96f58e83-9e7a-4514-a1b7-98a6f7f2da98: start LeaderElection
2019-08-21 09:04:41,651 INFO  impl.LeaderElection (LeaderElection.java:askForVotes(181)) - 96f58e83-9e7a-4514-a1b7-98a6f7f2da98:group-570510EEEC22:LeaderElection3: begin an election at term 1 for -1: [96f58e83-9e7a-4514-a1b7-98a6f7f2da98:192.168.157.251:39725], old=null
2019-08-21 09:04:41,651 INFO  impl.RoleInfo (RoleInfo.java:shutdownLeaderElection(134)) - 96f58e83-9e7a-4514-a1b7-98a6f7f2da98: shutdown LeaderElection
2019-08-21 09:04:41,651 INFO  impl.RaftServerImpl (RaftServerImpl.java:setRole(171)) - 96f58e83-9e7a-4514-a1b7-98a6f7f2da98:group-570510EEEC22 changes role from CANDIDATE to LEADER at term 1 for changeToLeader
2019-08-21 09:04:41,652 INFO  impl.RaftServerImpl (ServerState.java:setLeader(263)) - 96f58e83-9e7a-4514-a1b7-98a6f7f2da98:group-570510EEEC22 change Leader from null to 96f58e83-9e7a-4514-a1b7-98a6f7f2da98 at term 1 for becomeLeader, leader elected after 5113ms
2019-08-21 09:04:41,654 INFO  server.RaftServerConfigKeys (ConfUtils.java:logGet(43)) - raft.server.staging.catchup.gap = 1000 (default)
2019-08-21 09:04:41,654 INFO  server.RaftServerConfigKeys (ConfUtils.java:logGet(43)) - raft.server.rpc.sleep.time = 25ms (default)
2019-08-21 09:04:41,655 INFO  server.RaftServerConfigKeys (ConfUtils.java:logGet(43)) - raft.server.write.element-limit = 4096 (default)
2019-08-21 09:04:41,655 INFO  server.RaftServerConfigKeys (ConfUtils.java:logGet(43)) - raft.server.watch.timeout = 10s (default)
2019-08-21 09:04:41,655 INFO  server.RaftServerConfigKeys (ConfUtils.java:logGet(43)) - raft.server.watch.timeout.denomination = 1s (default)
2019-08-21 09:04:41,655 INFO  server.RaftServerConfigKeys (ConfUtils.java:logGet(43)) - raft.server.watch.element-limit = 65536 (default)
2019-08-21 09:04:41,655 INFO  impl.RoleInfo (RoleInfo.java:updateAndGet(143)) - 96f58e83-9e7a-4514-a1b7-98a6f7f2da98: start LeaderState
2019-08-21 09:04:41,655 INFO  segmented.SegmentedRaftLogWorker (SegmentedRaftLogWorker.java:startLogSegment(380)) - 96f58e83-9e7a-4514-a1b7-98a6f7f2da98-SegmentedRaftLogWorker:Storage Directory /workdir/hadoop-ozone/integration-test/target/test-dir/MiniOzoneClusterImpl-1abac8c2-5122-4d50-8eb0-e3407d0689a4/datanode-2/data/ratis/75211846-7c63-4c1f-bcb5-570510eeec22: Starting segment from index:0
2019-08-21 09:04:41,656 INFO  impl.RaftServerImpl (ServerState.java:setRaftConf(361)) - 96f58e83-9e7a-4514-a1b7-98a6f7f2da98:group-570510EEEC22 set configuration 0: [96f58e83-9e7a-4514-a1b7-98a6f7f2da98:192.168.157.251:39725], old=null at 0
2019-08-21 09:04:41,684 INFO  impl.FollowerState (FollowerState.java:run(106)) - 74efcb56-65b7-4b2b-a8f1-0ea6352f04f4:group-4C6B03ACD099 changes to CANDIDATE, lastRpcTime:5065, electionTimeout:5065ms
2019-08-21 09:04:41,684 INFO  impl.RoleInfo (RoleInfo.java:shutdownFollowerState(121)) - 74efcb56-65b7-4b2b-a8f1-0ea6352f04f4: shutdown FollowerState
2019-08-21 09:04:41,684 INFO  impl.RaftServerImpl (RaftServerImpl.java:setRole(171)) - 74efcb56-65b7-4b2b-a8f1-0ea6352f04f4:group-4C6B03ACD099 changes role from FOLLOWER to CANDIDATE at term 0 for changeToCandidate
2019-08-21 09:04:41,684 INFO  impl.RoleInfo (RoleInfo.java:updateAndGet(143)) - 74efcb56-65b7-4b2b-a8f1-0ea6352f04f4: start LeaderElection
2019-08-21 09:04:41,707 INFO  segmented.SegmentedRaftLogWorker (SegmentedRaftLogWorker.java:execute(569)) - da6f2729-b507-40c4-bf72-576bc4d2323c-SegmentedRaftLogWorker:Storage Directory /workdir/hadoop-ozone/integration-test/target/test-dir/MiniOzoneClusterImpl-1abac8c2-5122-4d50-8eb0-e3407d0689a4/datanode-4/data/ratis/c29c30e2-3879-4743-b44f-621553fc5646: created new log segment /workdir/hadoop-ozone/integration-test/target/test-dir/MiniOzoneClusterImpl-1abac8c2-5122-4d50-8eb0-e3407d0689a4/datanode-4/data/ratis/c29c30e2-3879-4743-b44f-621553fc5646/current/log_inprogress_0
2019-08-21 09:04:41,707 INFO  impl.LeaderElection (LeaderElection.java:askForVotes(181)) - 74efcb56-65b7-4b2b-a8f1-0ea6352f04f4:group-4C6B03ACD099:LeaderElection4: begin an election at term 1 for -1: [74efcb56-65b7-4b2b-a8f1-0ea6352f04f4:192.168.157.251:38719], old=null
2019-08-21 09:04:41,707 INFO  segmented.SegmentedRaftLogWorker (SegmentedRaftLogWorker.java:execute(569)) - 96f58e83-9e7a-4514-a1b7-98a6f7f2da98-SegmentedRaftLogWorker:Storage Directory /workdir/hadoop-ozone/integration-test/target/test-dir/MiniOzoneClusterImpl-1abac8c2-5122-4d50-8eb0-e3407d0689a4/datanode-2/data/ratis/75211846-7c63-4c1f-bcb5-570510eeec22: created new log segment /workdir/hadoop-ozone/integration-test/target/test-dir/MiniOzoneClusterImpl-1abac8c2-5122-4d50-8eb0-e3407d0689a4/datanode-2/data/ratis/75211846-7c63-4c1f-bcb5-570510eeec22/current/log_inprogress_0
2019-08-21 09:04:41,707 INFO  segmented.SegmentedRaftLogWorker (SegmentedRaftLogWorker.java:execute(569)) - 1dfce845-6d7d-4e6b-815a-0ae574d8651b-SegmentedRaftLogWorker:Storage Directory /workdir/hadoop-ozone/integration-test/target/test-dir/MiniOzoneClusterImpl-1abac8c2-5122-4d50-8eb0-e3407d0689a4/datanode-0/data/ratis/3e0ca93d-b728-448b-81c9-890e201e4f97: created new log segment /workdir/hadoop-ozone/integration-test/target/test-dir/MiniOzoneClusterImpl-1abac8c2-5122-4d50-8eb0-e3407d0689a4/datanode-0/data/ratis/3e0ca93d-b728-448b-81c9-890e201e4f97/current/log_inprogress_0
2019-08-21 09:04:41,708 INFO  impl.RoleInfo (RoleInfo.java:shutdownLeaderElection(134)) - 74efcb56-65b7-4b2b-a8f1-0ea6352f04f4: shutdown LeaderElection
2019-08-21 09:04:41,710 INFO  impl.RaftServerImpl (RaftServerImpl.java:setRole(171)) - 74efcb56-65b7-4b2b-a8f1-0ea6352f04f4:group-4C6B03ACD099 changes role from CANDIDATE to LEADER at term 1 for changeToLeader
2019-08-21 09:04:41,710 INFO  impl.RaftServerImpl (ServerState.java:setLeader(263)) - 74efcb56-65b7-4b2b-a8f1-0ea6352f04f4:group-4C6B03ACD099 change Leader from null to 74efcb56-65b7-4b2b-a8f1-0ea6352f04f4 at term 1 for becomeLeader, leader elected after 5095ms
2019-08-21 09:04:41,711 INFO  server.RaftServerConfigKeys (ConfUtils.java:logGet(43)) - raft.server.staging.catchup.gap = 1000 (default)
2019-08-21 09:04:41,711 INFO  server.RaftServerConfigKeys (ConfUtils.java:logGet(43)) - raft.server.rpc.sleep.time = 25ms (default)
2019-08-21 09:04:41,712 INFO  server.RaftServerConfigKeys (ConfUtils.java:logGet(43)) - raft.server.write.element-limit = 4096 (default)
2019-08-21 09:04:41,712 INFO  server.RaftServerConfigKeys (ConfUtils.java:logGet(43)) - raft.server.watch.timeout = 10s (default)
2019-08-21 09:04:41,712 INFO  server.RaftServerConfigKeys (ConfUtils.java:logGet(43)) - raft.server.watch.timeout.denomination = 1s (default)
2019-08-21 09:04:41,712 INFO  server.RaftServerConfigKeys (ConfUtils.java:logGet(43)) - raft.server.watch.element-limit = 65536 (default)
2019-08-21 09:04:41,712 INFO  impl.RoleInfo (RoleInfo.java:updateAndGet(143)) - 74efcb56-65b7-4b2b-a8f1-0ea6352f04f4: start LeaderState
2019-08-21 09:04:41,713 INFO  segmented.SegmentedRaftLogWorker (SegmentedRaftLogWorker.java:startLogSegment(380)) - 74efcb56-65b7-4b2b-a8f1-0ea6352f04f4-SegmentedRaftLogWorker:Storage Directory /workdir/hadoop-ozone/integration-test/target/test-dir/MiniOzoneClusterImpl-1abac8c2-5122-4d50-8eb0-e3407d0689a4/datanode-3/data/ratis/4a55dbde-818e-472f-9f07-4c6b03acd099: Starting segment from index:0
2019-08-21 09:04:41,713 INFO  impl.RaftServerImpl (ServerState.java:setRaftConf(361)) - 74efcb56-65b7-4b2b-a8f1-0ea6352f04f4:group-4C6B03ACD099 set configuration 0: [74efcb56-65b7-4b2b-a8f1-0ea6352f04f4:192.168.157.251:38719], old=null at 0
2019-08-21 09:04:41,756 INFO  segmented.SegmentedRaftLogWorker (SegmentedRaftLogWorker.java:execute(569)) - 74efcb56-65b7-4b2b-a8f1-0ea6352f04f4-SegmentedRaftLogWorker:Storage Directory /workdir/hadoop-ozone/integration-test/target/test-dir/MiniOzoneClusterImpl-1abac8c2-5122-4d50-8eb0-e3407d0689a4/datanode-3/data/ratis/4a55dbde-818e-472f-9f07-4c6b03acd099: created new log segment /workdir/hadoop-ozone/integration-test/target/test-dir/MiniOzoneClusterImpl-1abac8c2-5122-4d50-8eb0-e3407d0689a4/datanode-3/data/ratis/4a55dbde-818e-472f-9f07-4c6b03acd099/current/log_inprogress_0
2019-08-21 09:04:41,844 INFO  impl.FollowerState (FollowerState.java:run(106)) - f261e572-4f21-430e-a56c-78edd2a2bfef:group-130620583CD3 changes to CANDIDATE, lastRpcTime:5131, electionTimeout:5131ms
2019-08-21 09:04:41,844 INFO  impl.RoleInfo (RoleInfo.java:shutdownFollowerState(121)) - f261e572-4f21-430e-a56c-78edd2a2bfef: shutdown FollowerState
2019-08-21 09:04:41,844 INFO  impl.RaftServerImpl (RaftServerImpl.java:setRole(171)) - f261e572-4f21-430e-a56c-78edd2a2bfef:group-130620583CD3 changes role from FOLLOWER to CANDIDATE at term 0 for changeToCandidate
2019-08-21 09:04:41,845 INFO  impl.RoleInfo (RoleInfo.java:updateAndGet(143)) - f261e572-4f21-430e-a56c-78edd2a2bfef: start LeaderElection
2019-08-21 09:04:41,864 INFO  impl.LeaderElection (LeaderElection.java:askForVotes(181)) - f261e572-4f21-430e-a56c-78edd2a2bfef:group-130620583CD3:LeaderElection5: begin an election at term 1 for -1: [f261e572-4f21-430e-a56c-78edd2a2bfef:192.168.157.251:38373], old=null
2019-08-21 09:04:41,866 INFO  impl.RoleInfo (RoleInfo.java:shutdownLeaderElection(134)) - f261e572-4f21-430e-a56c-78edd2a2bfef: shutdown LeaderElection
2019-08-21 09:04:41,866 INFO  impl.RaftServerImpl (RaftServerImpl.java:setRole(171)) - f261e572-4f21-430e-a56c-78edd2a2bfef:group-130620583CD3 changes role from CANDIDATE to LEADER at term 1 for changeToLeader
2019-08-21 09:04:41,866 INFO  impl.RaftServerImpl (ServerState.java:setLeader(263)) - f261e572-4f21-430e-a56c-78edd2a2bfef:group-130620583CD3 change Leader from null to f261e572-4f21-430e-a56c-78edd2a2bfef at term 1 for becomeLeader, leader elected after 5160ms
2019-08-21 09:04:41,868 INFO  server.RaftServerConfigKeys (ConfUtils.java:logGet(43)) - raft.server.staging.catchup.gap = 1000 (default)
2019-08-21 09:04:41,868 INFO  server.RaftServerConfigKeys (ConfUtils.java:logGet(43)) - raft.server.rpc.sleep.time = 25ms (default)
2019-08-21 09:04:41,869 INFO  server.RaftServerConfigKeys (ConfUtils.java:logGet(43)) - raft.server.write.element-limit = 4096 (default)
2019-08-21 09:04:41,869 INFO  server.RaftServerConfigKeys (ConfUtils.java:logGet(43)) - raft.server.watch.timeout = 10s (default)
2019-08-21 09:04:41,869 INFO  server.RaftServerConfigKeys (ConfUtils.java:logGet(43)) - raft.server.watch.timeout.denomination = 1s (default)
2019-08-21 09:04:41,869 INFO  server.RaftServerConfigKeys (ConfUtils.java:logGet(43)) - raft.server.watch.element-limit = 65536 (default)
2019-08-21 09:04:41,870 INFO  impl.RoleInfo (RoleInfo.java:updateAndGet(143)) - f261e572-4f21-430e-a56c-78edd2a2bfef: start LeaderState
2019-08-21 09:04:41,870 INFO  segmented.SegmentedRaftLogWorker (SegmentedRaftLogWorker.java:startLogSegment(380)) - f261e572-4f21-430e-a56c-78edd2a2bfef-SegmentedRaftLogWorker:Storage Directory /workdir/hadoop-ozone/integration-test/target/test-dir/MiniOzoneClusterImpl-1abac8c2-5122-4d50-8eb0-e3407d0689a4/datanode-6/data/ratis/d5709aff-7bc4-4b1c-bf37-130620583cd3: Starting segment from index:0
2019-08-21 09:04:41,871 INFO  impl.RaftServerImpl (ServerState.java:setRaftConf(361)) - f261e572-4f21-430e-a56c-78edd2a2bfef:group-130620583CD3 set configuration 0: [f261e572-4f21-430e-a56c-78edd2a2bfef:192.168.157.251:38373], old=null at 0
2019-08-21 09:04:41,904 INFO  impl.FollowerState (FollowerState.java:run(106)) - edcd44f5-5bba-4f95-8988-58d97d9bab93:group-666D5BE1A717 changes to CANDIDATE, lastRpcTime:5029, electionTimeout:5024ms
2019-08-21 09:04:41,904 INFO  impl.FollowerState (FollowerState.java:run(106)) - a5d326b4-5ae1-4ccd-a59a-21215a91a7bb:group-5A0AFD2DC96B changes to CANDIDATE, lastRpcTime:5105, electionTimeout:5101ms
2019-08-21 09:04:41,905 INFO  impl.RoleInfo (RoleInfo.java:shutdownFollowerState(121)) - edcd44f5-5bba-4f95-8988-58d97d9bab93: shutdown FollowerState
2019-08-21 09:04:41,905 INFO  impl.RoleInfo (RoleInfo.java:shutdownFollowerState(121)) - a5d326b4-5ae1-4ccd-a59a-21215a91a7bb: shutdown FollowerState
2019-08-21 09:04:41,905 INFO  impl.RaftServerImpl (RaftServerImpl.java:setRole(171)) - edcd44f5-5bba-4f95-8988-58d97d9bab93:group-666D5BE1A717 changes role from FOLLOWER to CANDIDATE at term 0 for changeToCandidate
2019-08-21 09:04:41,905 INFO  impl.RaftServerImpl (RaftServerImpl.java:setRole(171)) - a5d326b4-5ae1-4ccd-a59a-21215a91a7bb:group-5A0AFD2DC96B changes role from FOLLOWER to CANDIDATE at term 0 for changeToCandidate
2019-08-21 09:04:41,905 INFO  impl.RoleInfo (RoleInfo.java:updateAndGet(143)) - edcd44f5-5bba-4f95-8988-58d97d9bab93: start LeaderElection
2019-08-21 09:04:41,905 INFO  impl.RoleInfo (RoleInfo.java:updateAndGet(143)) - a5d326b4-5ae1-4ccd-a59a-21215a91a7bb: start LeaderElection
2019-08-21 09:04:41,917 INFO  segmented.SegmentedRaftLogWorker (SegmentedRaftLogWorker.java:execute(569)) - f261e572-4f21-430e-a56c-78edd2a2bfef-SegmentedRaftLogWorker:Storage Directory /workdir/hadoop-ozone/integration-test/target/test-dir/MiniOzoneClusterImpl-1abac8c2-5122-4d50-8eb0-e3407d0689a4/datanode-6/data/ratis/d5709aff-7bc4-4b1c-bf37-130620583cd3: created new log segment /workdir/hadoop-ozone/integration-test/target/test-dir/MiniOzoneClusterImpl-1abac8c2-5122-4d50-8eb0-e3407d0689a4/datanode-6/data/ratis/d5709aff-7bc4-4b1c-bf37-130620583cd3/current/log_inprogress_0
2019-08-21 09:04:41,917 INFO  impl.LeaderElection (LeaderElection.java:askForVotes(181)) - edcd44f5-5bba-4f95-8988-58d97d9bab93:group-666D5BE1A717:LeaderElection6: begin an election at term 1 for -1: [edcd44f5-5bba-4f95-8988-58d97d9bab93:192.168.157.251:34452], old=null
2019-08-21 09:04:41,917 INFO  impl.LeaderElection (LeaderElection.java:askForVotes(181)) - a5d326b4-5ae1-4ccd-a59a-21215a91a7bb:group-5A0AFD2DC96B:LeaderElection7: begin an election at term 1 for -1: [a5d326b4-5ae1-4ccd-a59a-21215a91a7bb:192.168.157.251:43807], old=null
2019-08-21 09:04:41,929 INFO  impl.RoleInfo (RoleInfo.java:shutdownLeaderElection(134)) - edcd44f5-5bba-4f95-8988-58d97d9bab93: shutdown LeaderElection
2019-08-21 09:04:41,929 INFO  impl.RoleInfo (RoleInfo.java:shutdownLeaderElection(134)) - a5d326b4-5ae1-4ccd-a59a-21215a91a7bb: shutdown LeaderElection
2019-08-21 09:04:41,931 INFO  impl.RaftServerImpl (RaftServerImpl.java:setRole(171)) - edcd44f5-5bba-4f95-8988-58d97d9bab93:group-666D5BE1A717 changes role from CANDIDATE to LEADER at term 1 for changeToLeader
2019-08-21 09:04:41,931 INFO  impl.RaftServerImpl (RaftServerImpl.java:setRole(171)) - a5d326b4-5ae1-4ccd-a59a-21215a91a7bb:group-5A0AFD2DC96B changes role from CANDIDATE to LEADER at term 1 for changeToLeader
2019-08-21 09:04:41,931 INFO  impl.RaftServerImpl (ServerState.java:setLeader(263)) - edcd44f5-5bba-4f95-8988-58d97d9bab93:group-666D5BE1A717 change Leader from null to edcd44f5-5bba-4f95-8988-58d97d9bab93 at term 1 for becomeLeader, leader elected after 5062ms
2019-08-21 09:04:41,931 INFO  impl.RaftServerImpl (ServerState.java:setLeader(263)) - a5d326b4-5ae1-4ccd-a59a-21215a91a7bb:group-5A0AFD2DC96B change Leader from null to a5d326b4-5ae1-4ccd-a59a-21215a91a7bb at term 1 for becomeLeader, leader elected after 5138ms
2019-08-21 09:04:41,933 INFO  server.RaftServerConfigKeys (ConfUtils.java:logGet(43)) - raft.server.staging.catchup.gap = 1000 (default)
2019-08-21 09:04:41,934 INFO  server.RaftServerConfigKeys (ConfUtils.java:logGet(43)) - raft.server.staging.catchup.gap = 1000 (default)
2019-08-21 09:04:41,934 INFO  server.RaftServerConfigKeys (ConfUtils.java:logGet(43)) - raft.server.rpc.sleep.time = 25ms (default)
2019-08-21 09:04:41,934 INFO  server.RaftServerConfigKeys (ConfUtils.java:logGet(43)) - raft.server.rpc.sleep.time = 25ms (default)
2019-08-21 09:04:41,935 INFO  server.RaftServerConfigKeys (ConfUtils.java:logGet(43)) - raft.server.write.element-limit = 4096 (default)
2019-08-21 09:04:41,935 INFO  server.RaftServerConfigKeys (ConfUtils.java:logGet(43)) - raft.server.write.element-limit = 4096 (default)
2019-08-21 09:04:41,935 INFO  server.RaftServerConfigKeys (ConfUtils.java:logGet(43)) - raft.server.watch.timeout = 10s (default)
2019-08-21 09:04:41,935 INFO  server.RaftServerConfigKeys (ConfUtils.java:logGet(43)) - raft.server.watch.timeout = 10s (default)
2019-08-21 09:04:41,935 INFO  server.RaftServerConfigKeys (ConfUtils.java:logGet(43)) - raft.server.watch.timeout.denomination = 1s (default)
2019-08-21 09:04:41,935 INFO  server.RaftServerConfigKeys (ConfUtils.java:logGet(43)) - raft.server.watch.timeout.denomination = 1s (default)
2019-08-21 09:04:41,935 INFO  server.RaftServerConfigKeys (ConfUtils.java:logGet(43)) - raft.server.watch.element-limit = 65536 (default)
2019-08-21 09:04:41,936 INFO  server.RaftServerConfigKeys (ConfUtils.java:logGet(43)) - raft.server.watch.element-limit = 65536 (default)
2019-08-21 09:04:41,936 INFO  impl.RoleInfo (RoleInfo.java:updateAndGet(143)) - edcd44f5-5bba-4f95-8988-58d97d9bab93: start LeaderState
2019-08-21 09:04:41,936 INFO  impl.RoleInfo (RoleInfo.java:updateAndGet(143)) - a5d326b4-5ae1-4ccd-a59a-21215a91a7bb: start LeaderState
2019-08-21 09:04:41,936 INFO  segmented.SegmentedRaftLogWorker (SegmentedRaftLogWorker.java:startLogSegment(380)) - edcd44f5-5bba-4f95-8988-58d97d9bab93-SegmentedRaftLogWorker:Storage Directory /workdir/hadoop-ozone/integration-test/target/test-dir/MiniOzoneClusterImpl-1abac8c2-5122-4d50-8eb0-e3407d0689a4/datanode-5/data/ratis/6cdbb0c0-0014-4a2a-a823-666d5be1a717: Starting segment from index:0
2019-08-21 09:04:41,936 INFO  segmented.SegmentedRaftLogWorker (SegmentedRaftLogWorker.java:startLogSegment(380)) - a5d326b4-5ae1-4ccd-a59a-21215a91a7bb-SegmentedRaftLogWorker:Storage Directory /workdir/hadoop-ozone/integration-test/target/test-dir/MiniOzoneClusterImpl-1abac8c2-5122-4d50-8eb0-e3407d0689a4/datanode-1/data/ratis/3c8f4c80-ec14-4929-b560-5a0afd2dc96b: Starting segment from index:0
2019-08-21 09:04:41,937 INFO  impl.RaftServerImpl (ServerState.java:setRaftConf(361)) - edcd44f5-5bba-4f95-8988-58d97d9bab93:group-666D5BE1A717 set configuration 0: [edcd44f5-5bba-4f95-8988-58d97d9bab93:192.168.157.251:34452], old=null at 0
2019-08-21 09:04:41,979 INFO  impl.RaftServerImpl (ServerState.java:setRaftConf(361)) - a5d326b4-5ae1-4ccd-a59a-21215a91a7bb:group-5A0AFD2DC96B set configuration 0: [a5d326b4-5ae1-4ccd-a59a-21215a91a7bb:192.168.157.251:43807], old=null at 0
2019-08-21 09:04:41,992 INFO  segmented.SegmentedRaftLogWorker (SegmentedRaftLogWorker.java:execute(569)) - a5d326b4-5ae1-4ccd-a59a-21215a91a7bb-SegmentedRaftLogWorker:Storage Directory /workdir/hadoop-ozone/integration-test/target/test-dir/MiniOzoneClusterImpl-1abac8c2-5122-4d50-8eb0-e3407d0689a4/datanode-1/data/ratis/3c8f4c80-ec14-4929-b560-5a0afd2dc96b: created new log segment /workdir/hadoop-ozone/integration-test/target/test-dir/MiniOzoneClusterImpl-1abac8c2-5122-4d50-8eb0-e3407d0689a4/datanode-1/data/ratis/3c8f4c80-ec14-4929-b560-5a0afd2dc96b/current/log_inprogress_0
2019-08-21 09:04:41,992 INFO  segmented.SegmentedRaftLogWorker (SegmentedRaftLogWorker.java:execute(569)) - edcd44f5-5bba-4f95-8988-58d97d9bab93-SegmentedRaftLogWorker:Storage Directory /workdir/hadoop-ozone/integration-test/target/test-dir/MiniOzoneClusterImpl-1abac8c2-5122-4d50-8eb0-e3407d0689a4/datanode-5/data/ratis/6cdbb0c0-0014-4a2a-a823-666d5be1a717: created new log segment /workdir/hadoop-ozone/integration-test/target/test-dir/MiniOzoneClusterImpl-1abac8c2-5122-4d50-8eb0-e3407d0689a4/datanode-5/data/ratis/6cdbb0c0-0014-4a2a-a823-666d5be1a717/current/log_inprogress_0
2019-08-21 09:04:42,036 INFO  impl.FollowerState (FollowerState.java:run(106)) - da6f2729-b507-40c4-bf72-576bc4d2323c:group-C39518EB4219 changes to CANDIDATE, lastRpcTime:5046, electionTimeout:5045ms
2019-08-21 09:04:42,038 INFO  impl.RoleInfo (RoleInfo.java:shutdownFollowerState(121)) - da6f2729-b507-40c4-bf72-576bc4d2323c: shutdown FollowerState
2019-08-21 09:04:42,039 INFO  impl.RaftServerImpl (RaftServerImpl.java:setRole(171)) - da6f2729-b507-40c4-bf72-576bc4d2323c:group-C39518EB4219 changes role from FOLLOWER to CANDIDATE at term 0 for changeToCandidate
2019-08-21 09:04:42,039 INFO  impl.RoleInfo (RoleInfo.java:updateAndGet(143)) - da6f2729-b507-40c4-bf72-576bc4d2323c: start LeaderElection
2019-08-21 09:04:42,058 INFO  impl.LeaderElection (LeaderElection.java:askForVotes(181)) - da6f2729-b507-40c4-bf72-576bc4d2323c:group-C39518EB4219:LeaderElection8: begin an election at term 1 for -1: [f261e572-4f21-430e-a56c-78edd2a2bfef:192.168.157.251:38373, 1dfce845-6d7d-4e6b-815a-0ae574d8651b:192.168.157.251:35311, da6f2729-b507-40c4-bf72-576bc4d2323c:192.168.157.251:40707], old=null
2019-08-21 09:04:42,062 INFO  impl.FollowerState (FollowerState.java:run(106)) - f261e572-4f21-430e-a56c-78edd2a2bfef:group-C39518EB4219 changes to CANDIDATE, lastRpcTime:5069, electionTimeout:5068ms
2019-08-21 09:04:42,062 INFO  impl.RoleInfo (RoleInfo.java:shutdownFollowerState(121)) - f261e572-4f21-430e-a56c-78edd2a2bfef: shutdown FollowerState
2019-08-21 09:04:42,062 INFO  impl.RaftServerImpl (RaftServerImpl.java:setRole(171)) - f261e572-4f21-430e-a56c-78edd2a2bfef:group-C39518EB4219 changes role from FOLLOWER to CANDIDATE at term 0 for changeToCandidate
2019-08-21 09:04:42,062 INFO  impl.RoleInfo (RoleInfo.java:updateAndGet(143)) - f261e572-4f21-430e-a56c-78edd2a2bfef: start LeaderElection
2019-08-21 09:04:42,080 INFO  impl.LeaderElection (LeaderElection.java:askForVotes(181)) - f261e572-4f21-430e-a56c-78edd2a2bfef:group-C39518EB4219:LeaderElection9: begin an election at term 1 for -1: [f261e572-4f21-430e-a56c-78edd2a2bfef:192.168.157.251:38373, 1dfce845-6d7d-4e6b-815a-0ae574d8651b:192.168.157.251:35311, da6f2729-b507-40c4-bf72-576bc4d2323c:192.168.157.251:40707], old=null
2019-08-21 09:04:42,120 INFO  impl.RaftServerImpl (RaftServerImpl.java:setRole(171)) - 1dfce845-6d7d-4e6b-815a-0ae574d8651b:group-C39518EB4219 changes role from FOLLOWER to FOLLOWER at term 1 for recognizeCandidate:da6f2729-b507-40c4-bf72-576bc4d2323c
2019-08-21 09:04:42,121 INFO  impl.RoleInfo (RoleInfo.java:shutdownFollowerState(121)) - 1dfce845-6d7d-4e6b-815a-0ae574d8651b: shutdown FollowerState
2019-08-21 09:04:42,121 INFO  impl.RoleInfo (RoleInfo.java:updateAndGet(143)) - 1dfce845-6d7d-4e6b-815a-0ae574d8651b: start FollowerState
2019-08-21 09:04:42,121 INFO  impl.FollowerState (FollowerState.java:run(114)) - 1dfce845-6d7d-4e6b-815a-0ae574d8651b: FollowerState was interrupted: java.lang.InterruptedException: sleep interrupted
2019-08-21 09:04:42,156 INFO  impl.LeaderElection (LeaderElection.java:logAndReturn(56)) - f261e572-4f21-430e-a56c-78edd2a2bfef:group-C39518EB4219:LeaderElection9: Election REJECTED; received 2 response(s) [f261e572-4f21-430e-a56c-78edd2a2bfef<-1dfce845-6d7d-4e6b-815a-0ae574d8651b#0:FAIL-t1, f261e572-4f21-430e-a56c-78edd2a2bfef<-da6f2729-b507-40c4-bf72-576bc4d2323c#0:FAIL-t1] and 0 exception(s); f261e572-4f21-430e-a56c-78edd2a2bfef:t1, leader=null, voted=f261e572-4f21-430e-a56c-78edd2a2bfef, raftlog=f261e572-4f21-430e-a56c-78edd2a2bfef-SegmentedRaftLog:OPENED:c-1,f-1,i0, conf=-1: [f261e572-4f21-430e-a56c-78edd2a2bfef:192.168.157.251:38373, 1dfce845-6d7d-4e6b-815a-0ae574d8651b:192.168.157.251:35311, da6f2729-b507-40c4-bf72-576bc4d2323c:192.168.157.251:40707], old=null
2019-08-21 09:04:42,156 INFO  impl.LeaderElection (LeaderElection.java:logAndReturn(56)) - da6f2729-b507-40c4-bf72-576bc4d2323c:group-C39518EB4219:LeaderElection8: Election PASSED; received 2 response(s) [da6f2729-b507-40c4-bf72-576bc4d2323c<-f261e572-4f21-430e-a56c-78edd2a2bfef#0:FAIL-t1, da6f2729-b507-40c4-bf72-576bc4d2323c<-1dfce845-6d7d-4e6b-815a-0ae574d8651b#0:OK-t1] and 0 exception(s); da6f2729-b507-40c4-bf72-576bc4d2323c:t1, leader=null, voted=da6f2729-b507-40c4-bf72-576bc4d2323c, raftlog=da6f2729-b507-40c4-bf72-576bc4d2323c-SegmentedRaftLog:OPENED:c-1,f-1,i0, conf=-1: [f261e572-4f21-430e-a56c-78edd2a2bfef:192.168.157.251:38373, 1dfce845-6d7d-4e6b-815a-0ae574d8651b:192.168.157.251:35311, da6f2729-b507-40c4-bf72-576bc4d2323c:192.168.157.251:40707], old=null
2019-08-21 09:04:42,157 INFO  impl.RoleInfo (RoleInfo.java:shutdownLeaderElection(134)) - da6f2729-b507-40c4-bf72-576bc4d2323c: shutdown LeaderElection
2019-08-21 09:04:42,157 INFO  impl.RaftServerImpl (RaftServerImpl.java:setRole(171)) - f261e572-4f21-430e-a56c-78edd2a2bfef:group-C39518EB4219 changes role from CANDIDATE to FOLLOWER at term 1 for DISCOVERED_A_NEW_TERM
2019-08-21 09:04:42,159 INFO  impl.RoleInfo (RoleInfo.java:shutdownLeaderElection(134)) - f261e572-4f21-430e-a56c-78edd2a2bfef: shutdown LeaderElection
2019-08-21 09:04:42,157 INFO  impl.RaftServerImpl (RaftServerImpl.java:setRole(171)) - da6f2729-b507-40c4-bf72-576bc4d2323c:group-C39518EB4219 changes role from CANDIDATE to LEADER at term 1 for changeToLeader
2019-08-21 09:04:42,166 INFO  impl.RaftServerImpl (ServerState.java:setLeader(263)) - da6f2729-b507-40c4-bf72-576bc4d2323c:group-C39518EB4219 change Leader from null to da6f2729-b507-40c4-bf72-576bc4d2323c at term 1 for becomeLeader, leader elected after 5191ms
2019-08-21 09:04:42,166 INFO  impl.RoleInfo (RoleInfo.java:updateAndGet(143)) - f261e572-4f21-430e-a56c-78edd2a2bfef: start FollowerState
2019-08-21 09:04:42,166 INFO  server.RaftServerConfigKeys (ConfUtils.java:logGet(43)) - raft.server.staging.catchup.gap = 1000 (default)
2019-08-21 09:04:42,166 INFO  server.RaftServerConfigKeys (ConfUtils.java:logGet(43)) - raft.server.rpc.sleep.time = 25ms (default)
2019-08-21 09:04:42,168 INFO  server.RaftServerConfigKeys (ConfUtils.java:logGet(43)) - raft.server.write.element-limit = 4096 (default)
2019-08-21 09:04:42,168 INFO  server.RaftServerConfigKeys (ConfUtils.java:logGet(43)) - raft.server.watch.timeout = 10s (default)
2019-08-21 09:04:42,169 INFO  server.RaftServerConfigKeys (ConfUtils.java:logGet(43)) - raft.server.watch.timeout.denomination = 1s (default)
2019-08-21 09:04:42,169 INFO  server.RaftServerConfigKeys (ConfUtils.java:logGet(43)) - raft.server.watch.element-limit = 65536 (default)
2019-08-21 09:04:42,171 INFO  server.RaftServerConfigKeys (ConfUtils.java:logGet(43)) - raft.server.log.appender.snapshot.chunk.size.max = 16MB (=16777216) (default)
2019-08-21 09:04:42,171 INFO  server.RaftServerConfigKeys (ConfUtils.java:logGet(43)) - raft.server.log.appender.buffer.byte-limit = 33554432 (custom)
2019-08-21 09:04:42,172 INFO  server.RaftServerConfigKeys (ConfUtils.java:logGet(43)) - raft.server.log.appender.buffer.element-limit = 1 (custom)
2019-08-21 09:04:42,175 INFO  grpc.GrpcConfigKeys$Server (ConfUtils.java:logGet(43)) - raft.grpc.server.leader.outstanding.appends.max = 128 (default)
2019-08-21 09:04:42,177 INFO  server.RaftServerConfigKeys (ConfUtils.java:logGet(43)) - raft.server.rpc.request.timeout = 3000ms (default)
2019-08-21 09:04:42,177 INFO  server.RaftServerConfigKeys (ConfUtils.java:logGet(43)) - raft.server.log.appender.install.snapshot.enabled = false (custom)
2019-08-21 09:04:42,178 INFO  server.RaftServerConfigKeys (ConfUtils.java:logGet(43)) - raft.server.log.appender.snapshot.chunk.size.max = 16MB (=16777216) (default)
2019-08-21 09:04:42,178 INFO  server.RaftServerConfigKeys (ConfUtils.java:logGet(43)) - raft.server.log.appender.buffer.byte-limit = 33554432 (custom)
2019-08-21 09:04:42,178 INFO  server.RaftServerConfigKeys (ConfUtils.java:logGet(43)) - raft.server.log.appender.buffer.element-limit = 1 (custom)
2019-08-21 09:04:42,178 INFO  grpc.GrpcConfigKeys$Server (ConfUtils.java:logGet(43)) - raft.grpc.server.leader.outstanding.appends.max = 128 (default)
2019-08-21 09:04:42,178 INFO  server.RaftServerConfigKeys (ConfUtils.java:logGet(43)) - raft.server.rpc.request.timeout = 3000ms (default)
2019-08-21 09:04:42,179 INFO  server.RaftServerConfigKeys (ConfUtils.java:logGet(43)) - raft.server.log.appender.install.snapshot.enabled = false (custom)
2019-08-21 09:04:42,180 INFO  impl.RoleInfo (RoleInfo.java:updateAndGet(143)) - da6f2729-b507-40c4-bf72-576bc4d2323c: start LeaderState
2019-08-21 09:04:42,180 INFO  segmented.SegmentedRaftLogWorker (SegmentedRaftLogWorker.java:startLogSegment(380)) - da6f2729-b507-40c4-bf72-576bc4d2323c-SegmentedRaftLogWorker:Storage Directory /workdir/hadoop-ozone/integration-test/target/test-dir/MiniOzoneClusterImpl-1abac8c2-5122-4d50-8eb0-e3407d0689a4/datanode-4/data/ratis/ab7bcd18-39e7-40e1-8c71-c39518eb4219: Starting segment from index:0
2019-08-21 09:04:42,181 INFO  impl.RaftServerImpl (ServerState.java:setRaftConf(361)) - da6f2729-b507-40c4-bf72-576bc4d2323c:group-C39518EB4219 set configuration 0: [f261e572-4f21-430e-a56c-78edd2a2bfef:192.168.157.251:38373, 1dfce845-6d7d-4e6b-815a-0ae574d8651b:192.168.157.251:35311, da6f2729-b507-40c4-bf72-576bc4d2323c:192.168.157.251:40707], old=null at 0
2019-08-21 09:04:42,215 INFO  impl.FollowerState (FollowerState.java:run(106)) - a5d326b4-5ae1-4ccd-a59a-21215a91a7bb:group-0A8797E472E2 changes to CANDIDATE, lastRpcTime:5078, electionTimeout:5076ms
2019-08-21 09:04:42,215 INFO  impl.RoleInfo (RoleInfo.java:shutdownFollowerState(121)) - a5d326b4-5ae1-4ccd-a59a-21215a91a7bb: shutdown FollowerState
2019-08-21 09:04:42,216 INFO  impl.RaftServerImpl (RaftServerImpl.java:setRole(171)) - a5d326b4-5ae1-4ccd-a59a-21215a91a7bb:group-0A8797E472E2 changes role from FOLLOWER to CANDIDATE at term 0 for changeToCandidate
2019-08-21 09:04:42,216 INFO  impl.RoleInfo (RoleInfo.java:updateAndGet(143)) - a5d326b4-5ae1-4ccd-a59a-21215a91a7bb: start LeaderElection
2019-08-21 09:04:42,228 INFO  segmented.SegmentedRaftLogWorker (SegmentedRaftLogWorker.java:execute(569)) - da6f2729-b507-40c4-bf72-576bc4d2323c-SegmentedRaftLogWorker:Storage Directory /workdir/hadoop-ozone/integration-test/target/test-dir/MiniOzoneClusterImpl-1abac8c2-5122-4d50-8eb0-e3407d0689a4/datanode-4/data/ratis/ab7bcd18-39e7-40e1-8c71-c39518eb4219: created new log segment /workdir/hadoop-ozone/integration-test/target/test-dir/MiniOzoneClusterImpl-1abac8c2-5122-4d50-8eb0-e3407d0689a4/datanode-4/data/ratis/ab7bcd18-39e7-40e1-8c71-c39518eb4219/current/log_inprogress_0
2019-08-21 09:04:42,230 INFO  impl.LeaderElection (LeaderElection.java:askForVotes(181)) - a5d326b4-5ae1-4ccd-a59a-21215a91a7bb:group-0A8797E472E2:LeaderElection10: begin an election at term 1 for -1: [74efcb56-65b7-4b2b-a8f1-0ea6352f04f4:192.168.157.251:38719, 96f58e83-9e7a-4514-a1b7-98a6f7f2da98:192.168.157.251:39725, a5d326b4-5ae1-4ccd-a59a-21215a91a7bb:192.168.157.251:43807], old=null
2019-08-21 09:04:42,246 INFO  impl.RaftServerImpl (RaftServerImpl.java:setRole(171)) - 96f58e83-9e7a-4514-a1b7-98a6f7f2da98:group-0A8797E472E2 changes role from FOLLOWER to FOLLOWER at term 1 for recognizeCandidate:a5d326b4-5ae1-4ccd-a59a-21215a91a7bb
2019-08-21 09:04:42,248 INFO  impl.RoleInfo (RoleInfo.java:shutdownFollowerState(121)) - 96f58e83-9e7a-4514-a1b7-98a6f7f2da98: shutdown FollowerState
2019-08-21 09:04:42,248 INFO  impl.RaftServerImpl (RaftServerImpl.java:setRole(171)) - 74efcb56-65b7-4b2b-a8f1-0ea6352f04f4:group-0A8797E472E2 changes role from FOLLOWER to FOLLOWER at term 1 for recognizeCandidate:a5d326b4-5ae1-4ccd-a59a-21215a91a7bb
2019-08-21 09:04:42,248 INFO  impl.RoleInfo (RoleInfo.java:updateAndGet(143)) - 96f58e83-9e7a-4514-a1b7-98a6f7f2da98: start FollowerState
2019-08-21 09:04:42,248 INFO  impl.FollowerState (FollowerState.java:run(114)) - 96f58e83-9e7a-4514-a1b7-98a6f7f2da98: FollowerState was interrupted: java.lang.InterruptedException: sleep interrupted
2019-08-21 09:04:42,248 INFO  impl.RoleInfo (RoleInfo.java:shutdownFollowerState(121)) - 74efcb56-65b7-4b2b-a8f1-0ea6352f04f4: shutdown FollowerState
2019-08-21 09:04:42,251 INFO  impl.RoleInfo (RoleInfo.java:updateAndGet(143)) - 74efcb56-65b7-4b2b-a8f1-0ea6352f04f4: start FollowerState
2019-08-21 09:04:42,251 INFO  impl.FollowerState (FollowerState.java:run(114)) - 74efcb56-65b7-4b2b-a8f1-0ea6352f04f4: FollowerState was interrupted: java.lang.InterruptedException: sleep interrupted
2019-08-21 09:04:42,267 INFO  impl.RaftServerImpl (ServerState.java:setLeader(263)) - 1dfce845-6d7d-4e6b-815a-0ae574d8651b:group-C39518EB4219 change Leader from null to da6f2729-b507-40c4-bf72-576bc4d2323c at term 1 for appendEntries, leader elected after 5293ms
2019-08-21 09:04:42,267 INFO  impl.RaftServerImpl (ServerState.java:setLeader(263)) - f261e572-4f21-430e-a56c-78edd2a2bfef:group-C39518EB4219 change Leader from null to da6f2729-b507-40c4-bf72-576bc4d2323c at term 1 for appendEntries, leader elected after 5294ms
2019-08-21 09:04:42,268 INFO  impl.LeaderElection (LeaderElection.java:logAndReturn(56)) - a5d326b4-5ae1-4ccd-a59a-21215a91a7bb:group-0A8797E472E2:LeaderElection10: Election PASSED; received 1 response(s) [a5d326b4-5ae1-4ccd-a59a-21215a91a7bb<-96f58e83-9e7a-4514-a1b7-98a6f7f2da98#0:OK-t1] and 0 exception(s); a5d326b4-5ae1-4ccd-a59a-21215a91a7bb:t1, leader=null, voted=a5d326b4-5ae1-4ccd-a59a-21215a91a7bb, raftlog=a5d326b4-5ae1-4ccd-a59a-21215a91a7bb-SegmentedRaftLog:OPENED:c-1,f-1,i0, conf=-1: [74efcb56-65b7-4b2b-a8f1-0ea6352f04f4:192.168.157.251:38719, 96f58e83-9e7a-4514-a1b7-98a6f7f2da98:192.168.157.251:39725, a5d326b4-5ae1-4ccd-a59a-21215a91a7bb:192.168.157.251:43807], old=null
2019-08-21 09:04:42,268 INFO  impl.RoleInfo (RoleInfo.java:shutdownLeaderElection(134)) - a5d326b4-5ae1-4ccd-a59a-21215a91a7bb: shutdown LeaderElection
2019-08-21 09:04:42,270 INFO  impl.RaftServerImpl (RaftServerImpl.java:setRole(171)) - a5d326b4-5ae1-4ccd-a59a-21215a91a7bb:group-0A8797E472E2 changes role from CANDIDATE to LEADER at term 1 for changeToLeader
2019-08-21 09:04:42,273 INFO  impl.RaftServerImpl (ServerState.java:setLeader(263)) - a5d326b4-5ae1-4ccd-a59a-21215a91a7bb:group-0A8797E472E2 change Leader from null to a5d326b4-5ae1-4ccd-a59a-21215a91a7bb at term 1 for becomeLeader, leader elected after 5163ms
2019-08-21 09:04:42,273 INFO  server.RaftServerConfigKeys (ConfUtils.java:logGet(43)) - raft.server.staging.catchup.gap = 1000 (default)
2019-08-21 09:04:42,273 INFO  server.RaftServerConfigKeys (ConfUtils.java:logGet(43)) - raft.server.rpc.sleep.time = 25ms (default)
2019-08-21 09:04:42,274 INFO  server.RaftServerConfigKeys (ConfUtils.java:logGet(43)) - raft.server.write.element-limit = 4096 (default)
2019-08-21 09:04:42,274 INFO  server.RaftServerConfigKeys (ConfUtils.java:logGet(43)) - raft.server.watch.timeout = 10s (default)
2019-08-21 09:04:42,274 INFO  server.RaftServerConfigKeys (ConfUtils.java:logGet(43)) - raft.server.watch.timeout.denomination = 1s (default)
2019-08-21 09:04:42,275 INFO  server.RaftServerConfigKeys (ConfUtils.java:logGet(43)) - raft.server.watch.element-limit = 65536 (default)
2019-08-21 09:04:42,277 INFO  server.RaftServerConfigKeys (ConfUtils.java:logGet(43)) - raft.server.log.appender.snapshot.chunk.size.max = 16MB (=16777216) (default)
2019-08-21 09:04:42,277 INFO  server.RaftServerConfigKeys (ConfUtils.java:logGet(43)) - raft.server.log.appender.buffer.byte-limit = 33554432 (custom)
2019-08-21 09:04:42,278 INFO  server.RaftServerConfigKeys (ConfUtils.java:logGet(43)) - raft.server.log.appender.buffer.element-limit = 1 (custom)
2019-08-21 09:04:42,284 INFO  grpc.GrpcConfigKeys$Server (ConfUtils.java:logGet(43)) - raft.grpc.server.leader.outstanding.appends.max = 128 (default)
2019-08-21 09:04:42,284 INFO  server.RaftServerConfigKeys (ConfUtils.java:logGet(43)) - raft.server.rpc.request.timeout = 3000ms (default)
2019-08-21 09:04:42,284 INFO  server.RaftServerConfigKeys (ConfUtils.java:logGet(43)) - raft.server.log.appender.install.snapshot.enabled = false (custom)
2019-08-21 09:04:42,285 INFO  server.RaftServerConfigKeys (ConfUtils.java:logGet(43)) - raft.server.log.appender.snapshot.chunk.size.max = 16MB (=16777216) (default)
2019-08-21 09:04:42,285 INFO  server.RaftServerConfigKeys (ConfUtils.java:logGet(43)) - raft.server.log.appender.buffer.byte-limit = 33554432 (custom)
2019-08-21 09:04:42,285 INFO  server.RaftServerConfigKeys (ConfUtils.java:logGet(43)) - raft.server.log.appender.buffer.element-limit = 1 (custom)
2019-08-21 09:04:42,286 INFO  grpc.GrpcConfigKeys$Server (ConfUtils.java:logGet(43)) - raft.grpc.server.leader.outstanding.appends.max = 128 (default)
2019-08-21 09:04:42,286 INFO  server.RaftServerConfigKeys (ConfUtils.java:logGet(43)) - raft.server.rpc.request.timeout = 3000ms (default)
2019-08-21 09:04:42,286 INFO  server.RaftServerConfigKeys (ConfUtils.java:logGet(43)) - raft.server.log.appender.install.snapshot.enabled = false (custom)
2019-08-21 09:04:42,286 INFO  impl.RoleInfo (RoleInfo.java:updateAndGet(143)) - a5d326b4-5ae1-4ccd-a59a-21215a91a7bb: start LeaderState
2019-08-21 09:04:42,287 INFO  segmented.SegmentedRaftLogWorker (SegmentedRaftLogWorker.java:startLogSegment(380)) - a5d326b4-5ae1-4ccd-a59a-21215a91a7bb-SegmentedRaftLogWorker:Storage Directory /workdir/hadoop-ozone/integration-test/target/test-dir/MiniOzoneClusterImpl-1abac8c2-5122-4d50-8eb0-e3407d0689a4/datanode-1/data/ratis/b4c8d299-78ae-4403-8e75-0a8797e472e2: Starting segment from index:0
2019-08-21 09:04:42,288 INFO  impl.RaftServerImpl (ServerState.java:setRaftConf(361)) - a5d326b4-5ae1-4ccd-a59a-21215a91a7bb:group-0A8797E472E2 set configuration 0: [74efcb56-65b7-4b2b-a8f1-0ea6352f04f4:192.168.157.251:38719, 96f58e83-9e7a-4514-a1b7-98a6f7f2da98:192.168.157.251:39725, a5d326b4-5ae1-4ccd-a59a-21215a91a7bb:192.168.157.251:43807], old=null at 0
2019-08-21 09:04:42,332 INFO  impl.RaftServerImpl (ServerState.java:setLeader(263)) - 74efcb56-65b7-4b2b-a8f1-0ea6352f04f4:group-0A8797E472E2 change Leader from null to a5d326b4-5ae1-4ccd-a59a-21215a91a7bb at term 1 for appendEntries, leader elected after 5223ms
2019-08-21 09:04:42,337 INFO  impl.RaftServerImpl (ServerState.java:setLeader(263)) - 96f58e83-9e7a-4514-a1b7-98a6f7f2da98:group-0A8797E472E2 change Leader from null to a5d326b4-5ae1-4ccd-a59a-21215a91a7bb at term 1 for appendEntries, leader elected after 5227ms
2019-08-21 09:04:42,338 INFO  segmented.SegmentedRaftLogWorker (SegmentedRaftLogWorker.java:execute(569)) - a5d326b4-5ae1-4ccd-a59a-21215a91a7bb-SegmentedRaftLogWorker:Storage Directory /workdir/hadoop-ozone/integration-test/target/test-dir/MiniOzoneClusterImpl-1abac8c2-5122-4d50-8eb0-e3407d0689a4/datanode-1/data/ratis/b4c8d299-78ae-4403-8e75-0a8797e472e2: created new log segment /workdir/hadoop-ozone/integration-test/target/test-dir/MiniOzoneClusterImpl-1abac8c2-5122-4d50-8eb0-e3407d0689a4/datanode-1/data/ratis/b4c8d299-78ae-4403-8e75-0a8797e472e2/current/log_inprogress_0
2019-08-21 09:04:42,362 INFO  impl.RaftServerImpl (ServerState.java:setRaftConf(361)) - 74efcb56-65b7-4b2b-a8f1-0ea6352f04f4:group-0A8797E472E2 set configuration 0: [74efcb56-65b7-4b2b-a8f1-0ea6352f04f4:192.168.157.251:38719, 96f58e83-9e7a-4514-a1b7-98a6f7f2da98:192.168.157.251:39725, a5d326b4-5ae1-4ccd-a59a-21215a91a7bb:192.168.157.251:43807], old=null at 0
2019-08-21 09:04:42,362 INFO  impl.RaftServerImpl (ServerState.java:setRaftConf(361)) - 1dfce845-6d7d-4e6b-815a-0ae574d8651b:group-C39518EB4219 set configuration 0: [f261e572-4f21-430e-a56c-78edd2a2bfef:192.168.157.251:38373, 1dfce845-6d7d-4e6b-815a-0ae574d8651b:192.168.157.251:35311, da6f2729-b507-40c4-bf72-576bc4d2323c:192.168.157.251:40707], old=null at 0
2019-08-21 09:04:42,362 INFO  impl.RaftServerImpl (ServerState.java:setRaftConf(361)) - 96f58e83-9e7a-4514-a1b7-98a6f7f2da98:group-0A8797E472E2 set configuration 0: [74efcb56-65b7-4b2b-a8f1-0ea6352f04f4:192.168.157.251:38719, 96f58e83-9e7a-4514-a1b7-98a6f7f2da98:192.168.157.251:39725, a5d326b4-5ae1-4ccd-a59a-21215a91a7bb:192.168.157.251:43807], old=null at 0
2019-08-21 09:04:42,362 INFO  impl.RaftServerImpl (ServerState.java:setRaftConf(361)) - f261e572-4f21-430e-a56c-78edd2a2bfef:group-C39518EB4219 set configuration 0: [f261e572-4f21-430e-a56c-78edd2a2bfef:192.168.157.251:38373, 1dfce845-6d7d-4e6b-815a-0ae574d8651b:192.168.157.251:35311, da6f2729-b507-40c4-bf72-576bc4d2323c:192.168.157.251:40707], old=null at 0
2019-08-21 09:04:42,364 INFO  segmented.SegmentedRaftLogWorker (SegmentedRaftLogWorker.java:startLogSegment(380)) - 96f58e83-9e7a-4514-a1b7-98a6f7f2da98-SegmentedRaftLogWorker:Storage Directory /workdir/hadoop-ozone/integration-test/target/test-dir/MiniOzoneClusterImpl-1abac8c2-5122-4d50-8eb0-e3407d0689a4/datanode-2/data/ratis/b4c8d299-78ae-4403-8e75-0a8797e472e2: Starting segment from index:0
2019-08-21 09:04:42,364 INFO  segmented.SegmentedRaftLogWorker (SegmentedRaftLogWorker.java:startLogSegment(380)) - 1dfce845-6d7d-4e6b-815a-0ae574d8651b-SegmentedRaftLogWorker:Storage Directory /workdir/hadoop-ozone/integration-test/target/test-dir/MiniOzoneClusterImpl-1abac8c2-5122-4d50-8eb0-e3407d0689a4/datanode-0/data/ratis/ab7bcd18-39e7-40e1-8c71-c39518eb4219: Starting segment from index:0
2019-08-21 09:04:42,363 INFO  segmented.SegmentedRaftLogWorker (SegmentedRaftLogWorker.java:startLogSegment(380)) - 74efcb56-65b7-4b2b-a8f1-0ea6352f04f4-SegmentedRaftLogWorker:Storage Directory /workdir/hadoop-ozone/integration-test/target/test-dir/MiniOzoneClusterImpl-1abac8c2-5122-4d50-8eb0-e3407d0689a4/datanode-3/data/ratis/b4c8d299-78ae-4403-8e75-0a8797e472e2: Starting segment from index:0
2019-08-21 09:04:42,364 INFO  segmented.SegmentedRaftLogWorker (SegmentedRaftLogWorker.java:startLogSegment(380)) - f261e572-4f21-430e-a56c-78edd2a2bfef-SegmentedRaftLogWorker:Storage Directory /workdir/hadoop-ozone/integration-test/target/test-dir/MiniOzoneClusterImpl-1abac8c2-5122-4d50-8eb0-e3407d0689a4/datanode-6/data/ratis/ab7bcd18-39e7-40e1-8c71-c39518eb4219: Starting segment from index:0
2019-08-21 09:04:42,410 INFO  segmented.SegmentedRaftLogWorker (SegmentedRaftLogWorker.java:execute(569)) - 96f58e83-9e7a-4514-a1b7-98a6f7f2da98-SegmentedRaftLogWorker:Storage Directory /workdir/hadoop-ozone/integration-test/target/test-dir/MiniOzoneClusterImpl-1abac8c2-5122-4d50-8eb0-e3407d0689a4/datanode-2/data/ratis/b4c8d299-78ae-4403-8e75-0a8797e472e2: created new log segment /workdir/hadoop-ozone/integration-test/target/test-dir/MiniOzoneClusterImpl-1abac8c2-5122-4d50-8eb0-e3407d0689a4/datanode-2/data/ratis/b4c8d299-78ae-4403-8e75-0a8797e472e2/current/log_inprogress_0
2019-08-21 09:04:42,410 INFO  segmented.SegmentedRaftLogWorker (SegmentedRaftLogWorker.java:execute(569)) - 1dfce845-6d7d-4e6b-815a-0ae574d8651b-SegmentedRaftLogWorker:Storage Directory /workdir/hadoop-ozone/integration-test/target/test-dir/MiniOzoneClusterImpl-1abac8c2-5122-4d50-8eb0-e3407d0689a4/datanode-0/data/ratis/ab7bcd18-39e7-40e1-8c71-c39518eb4219: created new log segment /workdir/hadoop-ozone/integration-test/target/test-dir/MiniOzoneClusterImpl-1abac8c2-5122-4d50-8eb0-e3407d0689a4/datanode-0/data/ratis/ab7bcd18-39e7-40e1-8c71-c39518eb4219/current/log_inprogress_0
2019-08-21 09:04:42,410 INFO  segmented.SegmentedRaftLogWorker (SegmentedRaftLogWorker.java:execute(569)) - 74efcb56-65b7-4b2b-a8f1-0ea6352f04f4-SegmentedRaftLogWorker:Storage Directory /workdir/hadoop-ozone/integration-test/target/test-dir/MiniOzoneClusterImpl-1abac8c2-5122-4d50-8eb0-e3407d0689a4/datanode-3/data/ratis/b4c8d299-78ae-4403-8e75-0a8797e472e2: created new log segment /workdir/hadoop-ozone/integration-test/target/test-dir/MiniOzoneClusterImpl-1abac8c2-5122-4d50-8eb0-e3407d0689a4/datanode-3/data/ratis/b4c8d299-78ae-4403-8e75-0a8797e472e2/current/log_inprogress_0
2019-08-21 09:04:42,413 INFO  segmented.SegmentedRaftLogWorker (SegmentedRaftLogWorker.java:execute(569)) - f261e572-4f21-430e-a56c-78edd2a2bfef-SegmentedRaftLogWorker:Storage Directory /workdir/hadoop-ozone/integration-test/target/test-dir/MiniOzoneClusterImpl-1abac8c2-5122-4d50-8eb0-e3407d0689a4/datanode-6/data/ratis/ab7bcd18-39e7-40e1-8c71-c39518eb4219: created new log segment /workdir/hadoop-ozone/integration-test/target/test-dir/MiniOzoneClusterImpl-1abac8c2-5122-4d50-8eb0-e3407d0689a4/datanode-6/data/ratis/ab7bcd18-39e7-40e1-8c71-c39518eb4219/current/log_inprogress_0
2019-08-21 09:04:42,447 INFO  client.GrpcClientProtocolClient (GrpcClientProtocolClient.java:onNext(255)) - client-E24050992D17->96f58e83-9e7a-4514-a1b7-98a6f7f2da98: receive RaftClientReply:client-E24050992D17->96f58e83-9e7a-4514-a1b7-98a6f7f2da98@group-0A8797E472E2, cid=13, FAILED org.apache.ratis.protocol.NotLeaderException: Server 96f58e83-9e7a-4514-a1b7-98a6f7f2da98 is not the leader (a5d326b4-5ae1-4ccd-a59a-21215a91a7bb:192.168.157.251:43807). Request must be sent to leader., logIndex=0, commits[96f58e83-9e7a-4514-a1b7-98a6f7f2da98:c0, 74efcb56-65b7-4b2b-a8f1-0ea6352f04f4:c-1, a5d326b4-5ae1-4ccd-a59a-21215a91a7bb:c0]
2019-08-21 09:04:42,731 INFO  client.GrpcClientProtocolClient (GrpcClientProtocolClient.java:onNext(255)) - client-E24050992D17->a5d326b4-5ae1-4ccd-a59a-21215a91a7bb: receive RaftClientReply:client-E24050992D17->a5d326b4-5ae1-4ccd-a59a-21215a91a7bb@group-0A8797E472E2, cid=13, SUCCESS, logIndex=1, commits[a5d326b4-5ae1-4ccd-a59a-21215a91a7bb:c1, 74efcb56-65b7-4b2b-a8f1-0ea6352f04f4:c0, 96f58e83-9e7a-4514-a1b7-98a6f7f2da98:c0]
2019-08-21 09:04:42,773 INFO  client.GrpcClientProtocolClient (GrpcClientProtocolClient.java:onNext(255)) - client-E24050992D17->a5d326b4-5ae1-4ccd-a59a-21215a91a7bb: receive RaftClientReply:client-E24050992D17->a5d326b4-5ae1-4ccd-a59a-21215a91a7bb@group-0A8797E472E2, cid=14, SUCCESS, logIndex=3, commits[a5d326b4-5ae1-4ccd-a59a-21215a91a7bb:c3, 74efcb56-65b7-4b2b-a8f1-0ea6352f04f4:c2, 96f58e83-9e7a-4514-a1b7-98a6f7f2da98:c2]
2019-08-21 09:04:42,857 INFO  client.GrpcClientProtocolClient (GrpcClientProtocolClient.java:onNext(255)) - client-E24050992D17->a5d326b4-5ae1-4ccd-a59a-21215a91a7bb: receive RaftClientReply:client-E24050992D17->a5d326b4-5ae1-4ccd-a59a-21215a91a7bb@group-0A8797E472E2, cid=15, SUCCESS, logIndex=4, commits[a5d326b4-5ae1-4ccd-a59a-21215a91a7bb:c12, 74efcb56-65b7-4b2b-a8f1-0ea6352f04f4:c7, 96f58e83-9e7a-4514-a1b7-98a6f7f2da98:c7]
2019-08-21 09:04:42,860 INFO  client.GrpcClientProtocolClient (GrpcClientProtocolClient.java:onNext(255)) - client-E24050992D17->a5d326b4-5ae1-4ccd-a59a-21215a91a7bb: receive RaftClientReply:client-E24050992D17->a5d326b4-5ae1-4ccd-a59a-21215a91a7bb@group-0A8797E472E2, cid=16, SUCCESS, logIndex=5, commits[a5d326b4-5ae1-4ccd-a59a-21215a91a7bb:c12, 74efcb56-65b7-4b2b-a8f1-0ea6352f04f4:c7, 96f58e83-9e7a-4514-a1b7-98a6f7f2da98:c7]
2019-08-21 09:04:42,860 INFO  client.GrpcClientProtocolClient (GrpcClientProtocolClient.java:onNext(255)) - client-E24050992D17->a5d326b4-5ae1-4ccd-a59a-21215a91a7bb: receive RaftClientReply:client-E24050992D17->a5d326b4-5ae1-4ccd-a59a-21215a91a7bb@group-0A8797E472E2, cid=17, SUCCESS, logIndex=6, commits[a5d326b4-5ae1-4ccd-a59a-21215a91a7bb:c12, 74efcb56-65b7-4b2b-a8f1-0ea6352f04f4:c7, 96f58e83-9e7a-4514-a1b7-98a6f7f2da98:c7]
2019-08-21 09:04:42,946 INFO  client.GrpcClientProtocolClient (GrpcClientProtocolClient.java:onNext(255)) - client-E24050992D17->a5d326b4-5ae1-4ccd-a59a-21215a91a7bb: receive RaftClientReply:client-E24050992D17->a5d326b4-5ae1-4ccd-a59a-21215a91a7bb@group-0A8797E472E2, cid=18, SUCCESS, logIndex=7, commits[a5d326b4-5ae1-4ccd-a59a-21215a91a7bb:c12, 74efcb56-65b7-4b2b-a8f1-0ea6352f04f4:c7, 96f58e83-9e7a-4514-a1b7-98a6f7f2da98:c7]
2019-08-21 09:04:42,970 INFO  client.GrpcClientProtocolClient (GrpcClientProtocolClient.java:onNext(255)) - client-E24050992D17->a5d326b4-5ae1-4ccd-a59a-21215a91a7bb: receive RaftClientReply:client-E24050992D17->a5d326b4-5ae1-4ccd-a59a-21215a91a7bb@group-0A8797E472E2, cid=19, SUCCESS, logIndex=13, commits[a5d326b4-5ae1-4ccd-a59a-21215a91a7bb:c14, 74efcb56-65b7-4b2b-a8f1-0ea6352f04f4:c12, 96f58e83-9e7a-4514-a1b7-98a6f7f2da98:c12]
2019-08-21 09:04:42,971 INFO  client.GrpcClientProtocolClient (GrpcClientProtocolClient.java:onNext(255)) - client-E24050992D17->a5d326b4-5ae1-4ccd-a59a-21215a91a7bb: receive RaftClientReply:client-E24050992D17->a5d326b4-5ae1-4ccd-a59a-21215a91a7bb@group-0A8797E472E2, cid=20, SUCCESS, logIndex=14, commits[a5d326b4-5ae1-4ccd-a59a-21215a91a7bb:c14, 74efcb56-65b7-4b2b-a8f1-0ea6352f04f4:c12, 96f58e83-9e7a-4514-a1b7-98a6f7f2da98:c12]
2019-08-21 09:04:42,991 INFO  client.GrpcClientProtocolClient (GrpcClientProtocolClient.java:onNext(255)) - client-E24050992D17->a5d326b4-5ae1-4ccd-a59a-21215a91a7bb: receive RaftClientReply:client-E24050992D17->a5d326b4-5ae1-4ccd-a59a-21215a91a7bb@group-0A8797E472E2, cid=21, SUCCESS, logIndex=0, commits[a5d326b4-5ae1-4ccd-a59a-21215a91a7bb:c16, 74efcb56-65b7-4b2b-a8f1-0ea6352f04f4:c14, 96f58e83-9e7a-4514-a1b7-98a6f7f2da98:c14]
2019-08-21 09:04:42,992 INFO  datanode.ObjectStoreHandler (ObjectStoreHandler.java:close(155)) - Closing ObjectStoreHandler.
2019-08-21 09:04:42,993 INFO  ozone.HddsDatanodeService (HddsDatanodeService.java:stop(451)) - Stopped plug-in org.apache.hadoop.ozone.web.OzoneHddsDatanodeService@691541bc
2019-08-21 09:04:43,679 INFO  statemachine.DatanodeStateMachine (DatanodeStateMachine.java:lambda$startDaemon$0(350)) - Ozone container server started.
2019-08-21 09:04:47,696 INFO  node.StaleNodeHandler (StaleNodeHandler.java:onMessage(58)) - Datanode 96f58e83-9e7a-4514-a1b7-98a6f7f2da98{ip: 192.168.157.251, host: pr-hdds-1948-qvnss-3490636412, networkLocation: /default-rack, certSerialId: null} moved to stale state. Finalizing its pipelines [PipelineID=75211846-7c63-4c1f-bcb5-570510eeec22, PipelineID=b4c8d299-78ae-4403-8e75-0a8797e472e2]
2019-08-21 09:04:47,697 INFO  pipeline.SCMPipelineManager (SCMPipelineManager.java:finalizeAndDestroyPipeline(309)) - destroying pipeline:Pipeline[ Id: 75211846-7c63-4c1f-bcb5-570510eeec22, Nodes: 96f58e83-9e7a-4514-a1b7-98a6f7f2da98{ip: 192.168.157.251, host: pr-hdds-1948-qvnss-3490636412, networkLocation: /default-rack, certSerialId: null}, Type:RATIS, Factor:ONE, State:OPEN]
2019-08-21 09:04:47,699 INFO  pipeline.PipelineStateManager (PipelineStateManager.java:finalizePipeline(123)) - Pipeline Pipeline[ Id: 75211846-7c63-4c1f-bcb5-570510eeec22, Nodes: 96f58e83-9e7a-4514-a1b7-98a6f7f2da98{ip: 192.168.157.251, host: pr-hdds-1948-qvnss-3490636412, networkLocation: /default-rack, certSerialId: null}, Type:RATIS, Factor:ONE, State:CLOSED] moved to CLOSED state
2019-08-21 09:04:47,701 INFO  pipeline.SCMPipelineManager (SCMPipelineManager.java:finalizeAndDestroyPipeline(309)) - destroying pipeline:Pipeline[ Id: b4c8d299-78ae-4403-8e75-0a8797e472e2, Nodes: 96f58e83-9e7a-4514-a1b7-98a6f7f2da98{ip: 192.168.157.251, host: pr-hdds-1948-qvnss-3490636412, networkLocation: /default-rack, certSerialId: null}74efcb56-65b7-4b2b-a8f1-0ea6352f04f4{ip: 192.168.157.251, host: pr-hdds-1948-qvnss-3490636412, networkLocation: /default-rack, certSerialId: null}a5d326b4-5ae1-4ccd-a59a-21215a91a7bb{ip: 192.168.157.251, host: pr-hdds-1948-qvnss-3490636412, networkLocation: /default-rack, certSerialId: null}, Type:RATIS, Factor:THREE, State:OPEN]
2019-08-21 09:04:47,701 INFO  pipeline.PipelineStateManager (PipelineStateManager.java:finalizePipeline(123)) - Pipeline Pipeline[ Id: b4c8d299-78ae-4403-8e75-0a8797e472e2, Nodes: 96f58e83-9e7a-4514-a1b7-98a6f7f2da98{ip: 192.168.157.251, host: pr-hdds-1948-qvnss-3490636412, networkLocation: /default-rack, certSerialId: null}74efcb56-65b7-4b2b-a8f1-0ea6352f04f4{ip: 192.168.157.251, host: pr-hdds-1948-qvnss-3490636412, networkLocation: /default-rack, certSerialId: null}a5d326b4-5ae1-4ccd-a59a-21215a91a7bb{ip: 192.168.157.251, host: pr-hdds-1948-qvnss-3490636412, networkLocation: /default-rack, certSerialId: null}, Type:RATIS, Factor:THREE, State:CLOSED] moved to CLOSED state
2019-08-21 09:04:47,702 INFO  container.CloseContainerEventHandler (CloseContainerEventHandler.java:onMessage(61)) - Close container Event triggered for container : #1
2019-08-21 09:04:47,997 INFO  ozoneimpl.OzoneContainer (OzoneContainer.java:stop(199)) - Attempting to stop container services.
2019-08-21 09:04:48,003 INFO  impl.RaftServerProxy (RaftServerProxy.java:lambda$close$4(314)) - 96f58e83-9e7a-4514-a1b7-98a6f7f2da98: close
2019-08-21 09:04:48,005 INFO  impl.RaftServerImpl (RaftServerImpl.java:lambda$shutdown$3(245)) - 96f58e83-9e7a-4514-a1b7-98a6f7f2da98: shutdown group-570510EEEC22
2019-08-21 09:04:48,005 INFO  impl.RaftServerImpl (RaftServerImpl.java:lambda$shutdown$3(245)) - 96f58e83-9e7a-4514-a1b7-98a6f7f2da98: shutdown group-0A8797E472E2
2019-08-21 09:04:48,006 INFO  util.JmxRegister (JmxRegister.java:unregister(73)) - Successfully un-registered JMX Bean with object name Ratis:service=RaftServer,group=group-570510EEEC22,id=96f58e83-9e7a-4514-a1b7-98a6f7f2da98
2019-08-21 09:04:48,006 INFO  util.JmxRegister (JmxRegister.java:unregister(73)) - Successfully un-registered JMX Bean with object name Ratis:service=RaftServer,group=group-0A8797E472E2,id=96f58e83-9e7a-4514-a1b7-98a6f7f2da98
2019-08-21 09:04:48,007 INFO  impl.RoleInfo (RoleInfo.java:shutdownLeaderState(104)) - 96f58e83-9e7a-4514-a1b7-98a6f7f2da98: shutdown LeaderState
2019-08-21 09:04:48,007 INFO  impl.RoleInfo (RoleInfo.java:shutdownFollowerState(121)) - 96f58e83-9e7a-4514-a1b7-98a6f7f2da98: shutdown FollowerState
2019-08-21 09:04:48,007 INFO  impl.StateMachineUpdater (StateMachineUpdater.java:stopAndJoin(115)) - StateMachineUpdater:96f58e83-9e7a-4514-a1b7-98a6f7f2da98:group-0A8797E472E2: set stopIndex = 16
2019-08-21 09:04:48,007 INFO  impl.FollowerState (FollowerState.java:run(114)) - 96f58e83-9e7a-4514-a1b7-98a6f7f2da98: FollowerState was interrupted: java.lang.InterruptedException: sleep interrupted
2019-08-21 09:04:48,008 INFO  impl.PendingRequests (PendingRequests.java:sendNotLeaderResponses(202)) - 96f58e83-9e7a-4514-a1b7-98a6f7f2da98-PendingRequests: sendNotLeaderResponses
2019-08-21 09:04:48,010 INFO  ratis.ContainerStateMachine (ContainerStateMachine.java:takeSnapshot(271)) - group-0A8797E472E2: Taking a snapshot at:(t:1, i:14) file /workdir/hadoop-ozone/integration-test/target/test-dir/MiniOzoneClusterImpl-1abac8c2-5122-4d50-8eb0-e3407d0689a4/datanode-2/data/ratis/b4c8d299-78ae-4403-8e75-0a8797e472e2/sm/snapshot.1_14
2019-08-21 09:04:48,015 INFO  impl.StateMachineUpdater (StateMachineUpdater.java:stopAndJoin(115)) - StateMachineUpdater:96f58e83-9e7a-4514-a1b7-98a6f7f2da98:group-570510EEEC22: set stopIndex = 0
2019-08-21 09:04:48,020 INFO  impl.RaftServerImpl (ServerState.java:close(394)) - 96f58e83-9e7a-4514-a1b7-98a6f7f2da98:group-570510EEEC22 closes. The last applied log index is 0
2019-08-21 09:04:48,022 INFO  segmented.SegmentedRaftLogWorker (SegmentedRaftLogWorker.java:run(313)) - 96f58e83-9e7a-4514-a1b7-98a6f7f2da98-SegmentedRaftLogWorker:Storage Directory /workdir/hadoop-ozone/integration-test/target/test-dir/MiniOzoneClusterImpl-1abac8c2-5122-4d50-8eb0-e3407d0689a4/datanode-2/data/ratis/75211846-7c63-4c1f-bcb5-570510eeec22 was interrupted, exiting. There are 0 tasks remaining in the queue.
2019-08-21 09:04:48,026 INFO  segmented.SegmentedRaftLogWorker (SegmentedRaftLogWorker.java:close(228)) - 96f58e83-9e7a-4514-a1b7-98a6f7f2da98-SegmentedRaftLogWorker:Storage Directory /workdir/hadoop-ozone/integration-test/target/test-dir/MiniOzoneClusterImpl-1abac8c2-5122-4d50-8eb0-e3407d0689a4/datanode-2/data/ratis/75211846-7c63-4c1f-bcb5-570510eeec22 close()
2019-08-21 09:04:48,042 INFO  ratis.ContainerStateMachine (ContainerStateMachine.java:takeSnapshot(282)) - group-0A8797E472E2: Finished taking a snapshot at:(t:1, i:14) file:/workdir/hadoop-ozone/integration-test/target/test-dir/MiniOzoneClusterImpl-1abac8c2-5122-4d50-8eb0-e3407d0689a4/datanode-2/data/ratis/b4c8d299-78ae-4403-8e75-0a8797e472e2/sm/snapshot.1_14 time:35
2019-08-21 09:04:48,043 INFO  impl.StateMachineUpdater (StateMachineUpdater.java:takeSnapshot(242)) - StateMachineUpdater:96f58e83-9e7a-4514-a1b7-98a6f7f2da98:group-0A8797E472E2: Took a snapshot at index 14
2019-08-21 09:04:48,043 INFO  impl.StateMachineUpdater (StateMachineUpdater.java:lambda$new$0(80)) - StateMachineUpdater:96f58e83-9e7a-4514-a1b7-98a6f7f2da98:group-0A8797E472E2: snapshotIndex: updateIncreasingly -1 -> 14
2019-08-21 09:04:48,048 INFO  impl.RaftServerImpl (ServerState.java:close(394)) - 96f58e83-9e7a-4514-a1b7-98a6f7f2da98:group-0A8797E472E2 closes. The last applied log index is 16
2019-08-21 09:04:48,049 INFO  segmented.SegmentedRaftLogWorker (SegmentedRaftLogWorker.java:run(313)) - 96f58e83-9e7a-4514-a1b7-98a6f7f2da98-SegmentedRaftLogWorker:Storage Directory /workdir/hadoop-ozone/integration-test/target/test-dir/MiniOzoneClusterImpl-1abac8c2-5122-4d50-8eb0-e3407d0689a4/datanode-2/data/ratis/b4c8d299-78ae-4403-8e75-0a8797e472e2 was interrupted, exiting. There are 0 tasks remaining in the queue.
2019-08-21 09:04:48,052 INFO  segmented.SegmentedRaftLogWorker (SegmentedRaftLogWorker.java:close(228)) - 96f58e83-9e7a-4514-a1b7-98a6f7f2da98-SegmentedRaftLogWorker:Storage Directory /workdir/hadoop-ozone/integration-test/target/test-dir/MiniOzoneClusterImpl-1abac8c2-5122-4d50-8eb0-e3407d0689a4/datanode-2/data/ratis/b4c8d299-78ae-4403-8e75-0a8797e472e2 close()
2019-08-21 09:04:48,057 INFO  server.GrpcService (GrpcService.java:closeImpl(155)) - 96f58e83-9e7a-4514-a1b7-98a6f7f2da98: shutdown server with port 39725 now
2019-08-21 09:04:48,066 INFO  server.GrpcService (GrpcService.java:closeImpl(163)) - 96f58e83-9e7a-4514-a1b7-98a6f7f2da98: shutdown server with port 39725 successfully
2019-08-21 09:04:48,066 WARN  server.GrpcServerProtocolService (LogUtils.java:warn(134)) - 96f58e83-9e7a-4514-a1b7-98a6f7f2da98: appendEntries onError: org.apache.ratis.thirdparty.io.grpc.StatusRuntimeException: CANCELLED: cancelled before receiving half close
2019-08-21 09:04:48,067 WARN  server.GrpcLogAppender (LogUtils.java:warn(134)) - a5d326b4-5ae1-4ccd-a59a-21215a91a7bb->96f58e83-9e7a-4514-a1b7-98a6f7f2da98: Failed appendEntries: org.apache.ratis.thirdparty.io.grpc.StatusRuntimeException: CANCELLED: HTTP/2 error code: CANCEL
Received Rst Stream
2019-08-21 09:04:48,070 INFO  utils.BackgroundService (BackgroundService.java:shutdown(148)) - Shutting down service BlockDeletingService
2019-08-21 09:04:48,071 INFO  impl.FollowerInfo (FollowerInfo.java:lambda$new$0(50)) - a5d326b4-5ae1-4ccd-a59a-21215a91a7bb->96f58e83-9e7a-4514-a1b7-98a6f7f2da98: nextIndex: updateUnconditionally 17 -> 16
2019-08-21 09:04:48,073 WARN  fs.CachingGetSpaceUsed (CachingGetSpaceUsed.java:run(183)) - Thread Interrupted waiting to refresh disk information: sleep interrupted
2019-08-21 09:04:48,102 INFO  statemachine.DatanodeStateMachine (DatanodeStateMachine.java:stopDaemon(395)) - Ozone container server stopped.
2019-08-21 09:04:48,118 INFO  handler.ContextHandler (ContextHandler.java:doStop(910)) - Stopped o.e.j.w.WebAppContext@1c046c92{/,null,UNAVAILABLE}{/hddsDatanode}
2019-08-21 09:04:48,126 INFO  server.AbstractConnector (AbstractConnector.java:doStop(318)) - Stopped ServerConnector@27960b1e{HTTP/1.1,[http/1.1]}{0.0.0.0:0}
2019-08-21 09:04:48,126 INFO  handler.ContextHandler (ContextHandler.java:doStop(910)) - Stopped o.e.j.s.ServletContextHandler@1310fcb0{/static,jar:file:/home/user/.m2/repository/org/apache/hadoop/hadoop-hdds-container-service/0.5.0-SNAPSHOT/hadoop-hdds-container-service-0.5.0-SNAPSHOT.jar!/webapps/static,UNAVAILABLE}
2019-08-21 09:04:48,127 INFO  handler.ContextHandler (ContextHandler.java:doStop(910)) - Stopped o.e.j.s.ServletContextHandler@68a305eb{/logs,file:///workdir/hadoop-ozone/integration-test/target/log,UNAVAILABLE}
2019-08-21 09:04:48,130 INFO  datanode.ObjectStoreHandler (ObjectStoreHandler.java:close(155)) - Closing ObjectStoreHandler.
2019-08-21 09:04:48,131 INFO  ozone.HddsDatanodeService (HddsDatanodeService.java:stop(451)) - Stopped plug-in org.apache.hadoop.ozone.web.OzoneHddsDatanodeService@508ad266
2019-08-21 09:04:48,679 INFO  statemachine.DatanodeStateMachine (DatanodeStateMachine.java:lambda$startDaemon$0(350)) - Ozone container server started.
2019-08-21 09:04:49,654 WARN  server.GrpcLogAppender (LogUtils.java:warn(134)) - a5d326b4-5ae1-4ccd-a59a-21215a91a7bb->96f58e83-9e7a-4514-a1b7-98a6f7f2da98: Failed appendEntries: org.apache.ratis.thirdparty.io.grpc.StatusRuntimeException: UNAVAILABLE: io exception
2019-08-21 09:04:49,657 INFO  impl.FollowerInfo (FollowerInfo.java:lambda$new$0(50)) - a5d326b4-5ae1-4ccd-a59a-21215a91a7bb->96f58e83-9e7a-4514-a1b7-98a6f7f2da98: nextIndex: updateUnconditionally 17 -> 16
2019-08-21 09:04:49,669 WARN  server.GrpcLogAppender (LogUtils.java:warn(134)) - a5d326b4-5ae1-4ccd-a59a-21215a91a7bb->96f58e83-9e7a-4514-a1b7-98a6f7f2da98: Failed appendEntries: org.apache.ratis.thirdparty.io.grpc.StatusRuntimeException: UNAVAILABLE: io exception
2019-08-21 09:04:49,673 INFO  impl.FollowerInfo (FollowerInfo.java:lambda$new$0(50)) - a5d326b4-5ae1-4ccd-a59a-21215a91a7bb->96f58e83-9e7a-4514-a1b7-98a6f7f2da98: nextIndex: updateUnconditionally 17 -> 16
2019-08-21 09:04:49,705 INFO  interfaces.Container (KeyValueContainer.java:compactDB(356)) - Container 1 is closed with bcsId 14.
2019-08-21 09:04:49,712 INFO  container.IncrementalContainerReportHandler (AbstractContainerReportHandler.java:updateContainerState(176)) - Moving container #1 to CLOSED state, datanode a5d326b4-5ae1-4ccd-a59a-21215a91a7bb{ip: 192.168.157.251, host: pr-hdds-1948-qvnss-3490636412, networkLocation: /default-rack, certSerialId: null} reported CLOSED replica.
2019-08-21 09:04:49,735 INFO  interfaces.Container (KeyValueContainer.java:compactDB(356)) - Container 1 is closed with bcsId 14.
2019-08-21 09:04:52,173 WARN  server.GrpcLogAppender (LogUtils.java:warn(134)) - a5d326b4-5ae1-4ccd-a59a-21215a91a7bb->96f58e83-9e7a-4514-a1b7-98a6f7f2da98: Failed appendEntries: org.apache.ratis.thirdparty.io.grpc.StatusRuntimeException: UNAVAILABLE: io exception
2019-08-21 09:04:52,176 INFO  impl.FollowerInfo (FollowerInfo.java:lambda$new$0(50)) - a5d326b4-5ae1-4ccd-a59a-21215a91a7bb->96f58e83-9e7a-4514-a1b7-98a6f7f2da98: nextIndex: updateUnconditionally 16 -> 15
2019-08-21 09:04:52,721 INFO  node.StaleNodeHandler (StaleNodeHandler.java:onMessage(58)) - Datanode 74efcb56-65b7-4b2b-a8f1-0ea6352f04f4{ip: 192.168.157.251, host: pr-hdds-1948-qvnss-3490636412, networkLocation: /default-rack, certSerialId: null} moved to stale state. Finalizing its pipelines [PipelineID=4a55dbde-818e-472f-9f07-4c6b03acd099, PipelineID=b4c8d299-78ae-4403-8e75-0a8797e472e2]
2019-08-21 09:04:52,722 INFO  pipeline.SCMPipelineManager (SCMPipelineManager.java:finalizeAndDestroyPipeline(309)) - destroying pipeline:Pipeline[ Id: 4a55dbde-818e-472f-9f07-4c6b03acd099, Nodes: 74efcb56-65b7-4b2b-a8f1-0ea6352f04f4{ip: 192.168.157.251, host: pr-hdds-1948-qvnss-3490636412, networkLocation: /default-rack, certSerialId: null}, Type:RATIS, Factor:ONE, State:OPEN]
2019-08-21 09:04:52,722 INFO  pipeline.PipelineStateManager (PipelineStateManager.java:finalizePipeline(123)) - Pipeline Pipeline[ Id: 4a55dbde-818e-472f-9f07-4c6b03acd099, Nodes: 74efcb56-65b7-4b2b-a8f1-0ea6352f04f4{ip: 192.168.157.251, host: pr-hdds-1948-qvnss-3490636412, networkLocation: /default-rack, certSerialId: null}, Type:RATIS, Factor:ONE, State:CLOSED] moved to CLOSED state
2019-08-21 09:04:52,722 INFO  pipeline.SCMPipelineManager (SCMPipelineManager.java:finalizeAndDestroyPipeline(309)) - destroying pipeline:Pipeline[ Id: b4c8d299-78ae-4403-8e75-0a8797e472e2, Nodes: 96f58e83-9e7a-4514-a1b7-98a6f7f2da98{ip: 192.168.157.251, host: pr-hdds-1948-qvnss-3490636412, networkLocation: /default-rack, certSerialId: null}74efcb56-65b7-4b2b-a8f1-0ea6352f04f4{ip: 192.168.157.251, host: pr-hdds-1948-qvnss-3490636412, networkLocation: /default-rack, certSerialId: null}a5d326b4-5ae1-4ccd-a59a-21215a91a7bb{ip: 192.168.157.251, host: pr-hdds-1948-qvnss-3490636412, networkLocation: /default-rack, certSerialId: null}, Type:RATIS, Factor:THREE, State:CLOSED]
2019-08-21 09:04:53,132 INFO  ozoneimpl.OzoneContainer (OzoneContainer.java:stop(199)) - Attempting to stop container services.
2019-08-21 09:04:53,133 INFO  impl.RaftServerProxy (RaftServerProxy.java:lambda$close$4(314)) - 74efcb56-65b7-4b2b-a8f1-0ea6352f04f4: close
2019-08-21 09:04:53,134 INFO  impl.RaftServerImpl (RaftServerImpl.java:lambda$shutdown$3(245)) - 74efcb56-65b7-4b2b-a8f1-0ea6352f04f4: shutdown group-4C6B03ACD099
2019-08-21 09:04:53,134 INFO  impl.RaftServerImpl (RaftServerImpl.java:lambda$shutdown$3(245)) - 74efcb56-65b7-4b2b-a8f1-0ea6352f04f4: shutdown group-0A8797E472E2
2019-08-21 09:04:53,134 INFO  util.JmxRegister (JmxRegister.java:unregister(73)) - Successfully un-registered JMX Bean with object name Ratis:service=RaftServer,group=group-4C6B03ACD099,id=74efcb56-65b7-4b2b-a8f1-0ea6352f04f4
2019-08-21 09:04:53,138 INFO  util.JmxRegister (JmxRegister.java:unregister(73)) - Successfully un-registered JMX Bean with object name Ratis:service=RaftServer,group=group-0A8797E472E2,id=74efcb56-65b7-4b2b-a8f1-0ea6352f04f4
2019-08-21 09:04:53,138 INFO  impl.RoleInfo (RoleInfo.java:shutdownLeaderState(104)) - 74efcb56-65b7-4b2b-a8f1-0ea6352f04f4: shutdown LeaderState
2019-08-21 09:04:53,139 INFO  impl.RoleInfo (RoleInfo.java:shutdownFollowerState(121)) - 74efcb56-65b7-4b2b-a8f1-0ea6352f04f4: shutdown FollowerState
2019-08-21 09:04:53,139 INFO  impl.PendingRequests (PendingRequests.java:sendNotLeaderResponses(202)) - 74efcb56-65b7-4b2b-a8f1-0ea6352f04f4-PendingRequests: sendNotLeaderResponses
2019-08-21 09:04:53,140 INFO  ratis.ContainerStateMachine (ContainerStateMachine.java:takeSnapshot(271)) - group-0A8797E472E2: Taking a snapshot at:(t:1, i:17) file /workdir/hadoop-ozone/integration-test/target/test-dir/MiniOzoneClusterImpl-1abac8c2-5122-4d50-8eb0-e3407d0689a4/datanode-3/data/ratis/b4c8d299-78ae-4403-8e75-0a8797e472e2/sm/snapshot.1_17
2019-08-21 09:04:53,140 INFO  impl.FollowerState (FollowerState.java:run(114)) - 74efcb56-65b7-4b2b-a8f1-0ea6352f04f4: FollowerState was interrupted: java.lang.InterruptedException: sleep interrupted
2019-08-21 09:04:53,140 INFO  impl.StateMachineUpdater (StateMachineUpdater.java:stopAndJoin(115)) - StateMachineUpdater:74efcb56-65b7-4b2b-a8f1-0ea6352f04f4:group-0A8797E472E2: set stopIndex = 18
2019-08-21 09:04:53,140 INFO  impl.StateMachineUpdater (StateMachineUpdater.java:stopAndJoin(115)) - StateMachineUpdater:74efcb56-65b7-4b2b-a8f1-0ea6352f04f4:group-4C6B03ACD099: set stopIndex = 0
2019-08-21 09:04:53,152 INFO  impl.RaftServerImpl (ServerState.java:close(394)) - 74efcb56-65b7-4b2b-a8f1-0ea6352f04f4:group-4C6B03ACD099 closes. The last applied log index is 0
2019-08-21 09:04:53,152 INFO  segmented.SegmentedRaftLogWorker (SegmentedRaftLogWorker.java:run(313)) - 74efcb56-65b7-4b2b-a8f1-0ea6352f04f4-SegmentedRaftLogWorker:Storage Directory /workdir/hadoop-ozone/integration-test/target/test-dir/MiniOzoneClusterImpl-1abac8c2-5122-4d50-8eb0-e3407d0689a4/datanode-3/data/ratis/4a55dbde-818e-472f-9f07-4c6b03acd099 was interrupted, exiting. There are 0 tasks remaining in the queue.
2019-08-21 09:04:53,154 INFO  segmented.SegmentedRaftLogWorker (SegmentedRaftLogWorker.java:close(228)) - 74efcb56-65b7-4b2b-a8f1-0ea6352f04f4-SegmentedRaftLogWorker:Storage Directory /workdir/hadoop-ozone/integration-test/target/test-dir/MiniOzoneClusterImpl-1abac8c2-5122-4d50-8eb0-e3407d0689a4/datanode-3/data/ratis/4a55dbde-818e-472f-9f07-4c6b03acd099 close()
2019-08-21 09:04:53,158 INFO  ratis.ContainerStateMachine (ContainerStateMachine.java:takeSnapshot(282)) - group-0A8797E472E2: Finished taking a snapshot at:(t:1, i:17) file:/workdir/hadoop-ozone/integration-test/target/test-dir/MiniOzoneClusterImpl-1abac8c2-5122-4d50-8eb0-e3407d0689a4/datanode-3/data/ratis/b4c8d299-78ae-4403-8e75-0a8797e472e2/sm/snapshot.1_17 time:17
2019-08-21 09:04:53,159 INFO  impl.StateMachineUpdater (StateMachineUpdater.java:takeSnapshot(242)) - StateMachineUpdater:74efcb56-65b7-4b2b-a8f1-0ea6352f04f4:group-0A8797E472E2: Took a snapshot at index 17
2019-08-21 09:04:53,159 INFO  impl.StateMachineUpdater (StateMachineUpdater.java:lambda$new$0(80)) - StateMachineUpdater:74efcb56-65b7-4b2b-a8f1-0ea6352f04f4:group-0A8797E472E2: snapshotIndex: updateIncreasingly -1 -> 17
2019-08-21 09:04:53,159 INFO  impl.RaftServerImpl (ServerState.java:close(394)) - 74efcb56-65b7-4b2b-a8f1-0ea6352f04f4:group-0A8797E472E2 closes. The last applied log index is 18
2019-08-21 09:04:53,160 INFO  segmented.SegmentedRaftLogWorker (SegmentedRaftLogWorker.java:run(313)) - 74efcb56-65b7-4b2b-a8f1-0ea6352f04f4-SegmentedRaftLogWorker:Storage Directory /workdir/hadoop-ozone/integration-test/target/test-dir/MiniOzoneClusterImpl-1abac8c2-5122-4d50-8eb0-e3407d0689a4/datanode-3/data/ratis/b4c8d299-78ae-4403-8e75-0a8797e472e2 was interrupted, exiting. There are 0 tasks remaining in the queue.
2019-08-21 09:04:53,162 INFO  segmented.SegmentedRaftLogWorker (SegmentedRaftLogWorker.java:close(228)) - 74efcb56-65b7-4b2b-a8f1-0ea6352f04f4-SegmentedRaftLogWorker:Storage Directory /workdir/hadoop-ozone/integration-test/target/test-dir/MiniOzoneClusterImpl-1abac8c2-5122-4d50-8eb0-e3407d0689a4/datanode-3/data/ratis/b4c8d299-78ae-4403-8e75-0a8797e472e2 close()
2019-08-21 09:04:53,166 INFO  server.GrpcService (GrpcService.java:closeImpl(155)) - 74efcb56-65b7-4b2b-a8f1-0ea6352f04f4: shutdown server with port 38719 now
2019-08-21 09:04:53,170 WARN  server.GrpcServerProtocolService (LogUtils.java:warn(134)) - 74efcb56-65b7-4b2b-a8f1-0ea6352f04f4: appendEntries onError: org.apache.ratis.thirdparty.io.grpc.StatusRuntimeException: CANCELLED: cancelled before receiving half close
2019-08-21 09:04:53,170 INFO  server.GrpcService (GrpcService.java:closeImpl(163)) - 74efcb56-65b7-4b2b-a8f1-0ea6352f04f4: shutdown server with port 38719 successfully
2019-08-21 09:04:53,170 WARN  server.GrpcLogAppender (LogUtils.java:warn(134)) - a5d326b4-5ae1-4ccd-a59a-21215a91a7bb->74efcb56-65b7-4b2b-a8f1-0ea6352f04f4: Failed appendEntries: org.apache.ratis.thirdparty.io.grpc.StatusRuntimeException: CANCELLED: HTTP/2 error code: CANCEL
Received Rst Stream
2019-08-21 09:04:53,173 INFO  impl.FollowerInfo (FollowerInfo.java:lambda$new$0(50)) - a5d326b4-5ae1-4ccd-a59a-21215a91a7bb->74efcb56-65b7-4b2b-a8f1-0ea6352f04f4: nextIndex: updateUnconditionally 19 -> 18
2019-08-21 09:04:53,185 INFO  utils.BackgroundService (BackgroundService.java:shutdown(148)) - Shutting down service BlockDeletingService
2019-08-21 09:04:53,190 WARN  fs.CachingGetSpaceUsed (CachingGetSpaceUsed.java:run(183)) - Thread Interrupted waiting to refresh disk information: sleep interrupted
2019-08-21 09:04:53,214 INFO  statemachine.DatanodeStateMachine (DatanodeStateMachine.java:stopDaemon(395)) - Ozone container server stopped.
2019-08-21 09:04:53,215 INFO  handler.ContextHandler (ContextHandler.java:doStop(910)) - Stopped o.e.j.w.WebAppContext@5d1d9d73{/,null,UNAVAILABLE}{/hddsDatanode}
2019-08-21 09:04:53,216 INFO  server.AbstractConnector (AbstractConnector.java:doStop(318)) - Stopped ServerConnector@b30a50d{HTTP/1.1,[http/1.1]}{0.0.0.0:0}
2019-08-21 09:04:53,216 INFO  handler.ContextHandler (ContextHandler.java:doStop(910)) - Stopped o.e.j.s.ServletContextHandler@58a765ce{/static,jar:file:/home/user/.m2/repository/org/apache/hadoop/hadoop-hdds-container-service/0.5.0-SNAPSHOT/hadoop-hdds-container-service-0.5.0-SNAPSHOT.jar!/webapps/static,UNAVAILABLE}
2019-08-21 09:04:53,217 INFO  handler.ContextHandler (ContextHandler.java:doStop(910)) - Stopped o.e.j.s.ServletContextHandler@3b435211{/logs,file:///workdir/hadoop-ozone/integration-test/target/log,UNAVAILABLE}
09:04:53.225 [grpc-default-executor-1] ERROR DNAudit - user=null | ip=null | op=WRITE_CHUNK {blockData=conID: 1 locID: 102654166834544641 bcsId: 14} | ret=FAILURE
org.apache.hadoop.hdds.scm.container.common.helpers.ContainerNotOpenException: Container 1 in CLOSED state
	at org.apache.hadoop.ozone.container.common.impl.HddsDispatcher.validateContainerCommand(HddsDispatcher.java:408) ~[hadoop-hdds-container-service-0.5.0-SNAPSHOT.jar:?]
	at org.apache.hadoop.ozone.container.common.transport.server.ratis.ContainerStateMachine.startTransaction(ContainerStateMachine.java:297) ~[hadoop-hdds-container-service-0.5.0-SNAPSHOT.jar:?]
	at org.apache.ratis.server.impl.RaftServerImpl.submitClientRequestAsync(RaftServerImpl.java:566) ~[ratis-server-0.4.0-2337318-SNAPSHOT.jar:0.4.0-2337318-SNAPSHOT]
	at org.apache.ratis.server.impl.RaftServerProxy.lambda$submitClientRequestAsync$7(RaftServerProxy.java:333) ~[ratis-server-0.4.0-2337318-SNAPSHOT.jar:0.4.0-2337318-SNAPSHOT]
	at org.apache.ratis.server.impl.RaftServerProxy.lambda$null$5(RaftServerProxy.java:328) ~[ratis-server-0.4.0-2337318-SNAPSHOT.jar:0.4.0-2337318-SNAPSHOT]
	at org.apache.ratis.util.JavaUtils.callAsUnchecked(JavaUtils.java:109) ~[ratis-common-0.4.0-2337318-SNAPSHOT.jar:0.4.0-2337318-SNAPSHOT]
	at org.apache.ratis.server.impl.RaftServerProxy.lambda$submitRequest$6(RaftServerProxy.java:328) ~[ratis-server-0.4.0-2337318-SNAPSHOT.jar:0.4.0-2337318-SNAPSHOT]
	at java.util.concurrent.CompletableFuture.uniComposeStage(CompletableFuture.java:981) ~[?:1.8.0_212]
	at java.util.concurrent.CompletableFuture.thenCompose(CompletableFuture.java:2124) ~[?:1.8.0_212]
	at org.apache.ratis.server.impl.RaftServerProxy.submitRequest(RaftServerProxy.java:327) ~[ratis-server-0.4.0-2337318-SNAPSHOT.jar:0.4.0-2337318-SNAPSHOT]
	at org.apache.ratis.server.impl.RaftServerProxy.submitClientRequestAsync(RaftServerProxy.java:333) ~[ratis-server-0.4.0-2337318-SNAPSHOT.jar:0.4.0-2337318-SNAPSHOT]
	at org.apache.ratis.grpc.client.GrpcClientProtocolService$RequestStreamObserver.processClientRequest(GrpcClientProtocolService.java:220) ~[ratis-grpc-0.4.0-2337318-SNAPSHOT.jar:0.4.0-2337318-SNAPSHOT]
	at org.apache.ratis.grpc.client.GrpcClientProtocolService$OrderedRequestStreamObserver.processClientRequest(GrpcClientProtocolService.java:326) ~[ratis-grpc-0.4.0-2337318-SNAPSHOT.jar:0.4.0-2337318-SNAPSHOT]
	at org.apache.ratis.util.SlidingWindow$Server.processRequestsFromHead(SlidingWindow.java:429) [ratis-common-0.4.0-2337318-SNAPSHOT.jar:0.4.0-2337318-SNAPSHOT]
	at org.apache.ratis.util.SlidingWindow$Server.receivedRequest(SlidingWindow.java:421) [ratis-common-0.4.0-2337318-SNAPSHOT.jar:0.4.0-2337318-SNAPSHOT]
	at org.apache.ratis.grpc.client.GrpcClientProtocolService$OrderedRequestStreamObserver.processClientRequest(GrpcClientProtocolService.java:345) [ratis-grpc-0.4.0-2337318-SNAPSHOT.jar:0.4.0-2337318-SNAPSHOT]
	at org.apache.ratis.grpc.client.GrpcClientProtocolService$RequestStreamObserver.onNext(GrpcClientProtocolService.java:240) [ratis-grpc-0.4.0-2337318-SNAPSHOT.jar:0.4.0-2337318-SNAPSHOT]
	at org.apache.ratis.grpc.client.GrpcClientProtocolService$RequestStreamObserver.onNext(GrpcClientProtocolService.java:168) [ratis-grpc-0.4.0-2337318-SNAPSHOT.jar:0.4.0-2337318-SNAPSHOT]
	at org.apache.ratis.thirdparty.io.grpc.stub.ServerCalls$StreamingServerCallHandler$StreamingServerCallListener.onMessage(ServerCalls.java:248) [ratis-thirdparty-misc-0.2.0.jar:0.2.0]
	at org.apache.ratis.thirdparty.io.grpc.internal.ServerCallImpl$ServerStreamListenerImpl.messagesAvailable(ServerCallImpl.java:263) [ratis-thirdparty-misc-0.2.0.jar:0.2.0]
	at org.apache.ratis.thirdparty.io.grpc.internal.ServerImpl$JumpToApplicationThreadServerStreamListener$1MessagesAvailable.runInContext(ServerImpl.java:686) [ratis-thirdparty-misc-0.2.0.jar:0.2.0]
	at org.apache.ratis.thirdparty.io.grpc.internal.ContextRunnable.run(ContextRunnable.java:37) [ratis-thirdparty-misc-0.2.0.jar:0.2.0]
	at org.apache.ratis.thirdparty.io.grpc.internal.SerializingExecutor.run(SerializingExecutor.java:123) [ratis-thirdparty-misc-0.2.0.jar:0.2.0]
	at java.util.concurrent.ThreadPoolExecutor.runWorker(ThreadPoolExecutor.java:1149) [?:1.8.0_212]
	at java.util.concurrent.ThreadPoolExecutor$Worker.run(ThreadPoolExecutor.java:624) [?:1.8.0_212]
	at java.lang.Thread.run(Thread.java:748) [?:1.8.0_212]
09:04:53.266 [grpc-default-executor-1] ERROR DNAudit - user=null | ip=null | op=WRITE_CHUNK {blockData=conID: 1 locID: 102654166834544641 bcsId: 14} | ret=FAILURE
org.apache.hadoop.hdds.scm.container.common.helpers.ContainerNotOpenException: Container 1 in CLOSED state
	at org.apache.hadoop.ozone.container.common.impl.HddsDispatcher.validateContainerCommand(HddsDispatcher.java:408) ~[hadoop-hdds-container-service-0.5.0-SNAPSHOT.jar:?]
	at org.apache.hadoop.ozone.container.common.transport.server.ratis.ContainerStateMachine.startTransaction(ContainerStateMachine.java:297) ~[hadoop-hdds-container-service-0.5.0-SNAPSHOT.jar:?]
	at org.apache.ratis.server.impl.RaftServerImpl.submitClientRequestAsync(RaftServerImpl.java:566) ~[ratis-server-0.4.0-2337318-SNAPSHOT.jar:0.4.0-2337318-SNAPSHOT]
	at org.apache.ratis.server.impl.RaftServerProxy.lambda$submitClientRequestAsync$7(RaftServerProxy.java:333) ~[ratis-server-0.4.0-2337318-SNAPSHOT.jar:0.4.0-2337318-SNAPSHOT]
	at org.apache.ratis.server.impl.RaftServerProxy.lambda$null$5(RaftServerProxy.java:328) ~[ratis-server-0.4.0-2337318-SNAPSHOT.jar:0.4.0-2337318-SNAPSHOT]
	at org.apache.ratis.util.JavaUtils.callAsUnchecked(JavaUtils.java:109) ~[ratis-common-0.4.0-2337318-SNAPSHOT.jar:0.4.0-2337318-SNAPSHOT]
	at org.apache.ratis.server.impl.RaftServerProxy.lambda$submitRequest$6(RaftServerProxy.java:328) ~[ratis-server-0.4.0-2337318-SNAPSHOT.jar:0.4.0-2337318-SNAPSHOT]
	at java.util.concurrent.CompletableFuture.uniComposeStage(CompletableFuture.java:981) ~[?:1.8.0_212]
	at java.util.concurrent.CompletableFuture.thenCompose(CompletableFuture.java:2124) ~[?:1.8.0_212]
	at org.apache.ratis.server.impl.RaftServerProxy.submitRequest(RaftServerProxy.java:327) ~[ratis-server-0.4.0-2337318-SNAPSHOT.jar:0.4.0-2337318-SNAPSHOT]
	at org.apache.ratis.server.impl.RaftServerProxy.submitClientRequestAsync(RaftServerProxy.java:333) ~[ratis-server-0.4.0-2337318-SNAPSHOT.jar:0.4.0-2337318-SNAPSHOT]
	at org.apache.ratis.grpc.client.GrpcClientProtocolService$RequestStreamObserver.processClientRequest(GrpcClientProtocolService.java:220) ~[ratis-grpc-0.4.0-2337318-SNAPSHOT.jar:0.4.0-2337318-SNAPSHOT]
	at org.apache.ratis.grpc.client.GrpcClientProtocolService$OrderedRequestStreamObserver.processClientRequest(GrpcClientProtocolService.java:326) ~[ratis-grpc-0.4.0-2337318-SNAPSHOT.jar:0.4.0-2337318-SNAPSHOT]
	at org.apache.ratis.util.SlidingWindow$Server.processRequestsFromHead(SlidingWindow.java:429) [ratis-common-0.4.0-2337318-SNAPSHOT.jar:0.4.0-2337318-SNAPSHOT]
	at org.apache.ratis.util.SlidingWindow$Server.receivedRequest(SlidingWindow.java:421) [ratis-common-0.4.0-2337318-SNAPSHOT.jar:0.4.0-2337318-SNAPSHOT]
	at org.apache.ratis.grpc.client.GrpcClientProtocolService$OrderedRequestStreamObserver.processClientRequest(GrpcClientProtocolService.java:345) [ratis-grpc-0.4.0-2337318-SNAPSHOT.jar:0.4.0-2337318-SNAPSHOT]
	at org.apache.ratis.grpc.client.GrpcClientProtocolService$RequestStreamObserver.onNext(GrpcClientProtocolService.java:240) [ratis-grpc-0.4.0-2337318-SNAPSHOT.jar:0.4.0-2337318-SNAPSHOT]
	at org.apache.ratis.grpc.client.GrpcClientProtocolService$RequestStreamObserver.onNext(GrpcClientProtocolService.java:168) [ratis-grpc-0.4.0-2337318-SNAPSHOT.jar:0.4.0-2337318-SNAPSHOT]
	at org.apache.ratis.thirdparty.io.grpc.stub.ServerCalls$StreamingServerCallHandler$StreamingServerCallListener.onMessage(ServerCalls.java:248) [ratis-thirdparty-misc-0.2.0.jar:0.2.0]
	at org.apache.ratis.thirdparty.io.grpc.internal.ServerCallImpl$ServerStreamListenerImpl.messagesAvailable(ServerCallImpl.java:263) [ratis-thirdparty-misc-0.2.0.jar:0.2.0]
	at org.apache.ratis.thirdparty.io.grpc.internal.ServerImpl$JumpToApplicationThreadServerStreamListener$1MessagesAvailable.runInContext(ServerImpl.java:686) [ratis-thirdparty-misc-0.2.0.jar:0.2.0]
	at org.apache.ratis.thirdparty.io.grpc.internal.ContextRunnable.run(ContextRunnable.java:37) [ratis-thirdparty-misc-0.2.0.jar:0.2.0]
	at org.apache.ratis.thirdparty.io.grpc.internal.SerializingExecutor.run(SerializingExecutor.java:123) [ratis-thirdparty-misc-0.2.0.jar:0.2.0]
	at java.util.concurrent.ThreadPoolExecutor.runWorker(ThreadPoolExecutor.java:1149) [?:1.8.0_212]
	at java.util.concurrent.ThreadPoolExecutor$Worker.run(ThreadPoolExecutor.java:624) [?:1.8.0_212]
	at java.lang.Thread.run(Thread.java:748) [?:1.8.0_212]
09:04:53.274 [grpc-default-executor-1] ERROR DNAudit - user=null | ip=null | op=PUT_BLOCK {blockData=[blockId=conID: 1 locID: 102654166834544641 bcsId: 0,size=650]} | ret=FAILURE
org.apache.hadoop.hdds.scm.container.common.helpers.ContainerNotOpenException: Container 1 in CLOSED state
	at org.apache.hadoop.ozone.container.common.impl.HddsDispatcher.validateContainerCommand(HddsDispatcher.java:408) ~[hadoop-hdds-container-service-0.5.0-SNAPSHOT.jar:?]
	at org.apache.hadoop.ozone.container.common.transport.server.ratis.ContainerStateMachine.startTransaction(ContainerStateMachine.java:297) ~[hadoop-hdds-container-service-0.5.0-SNAPSHOT.jar:?]
	at org.apache.ratis.server.impl.RaftServerImpl.submitClientRequestAsync(RaftServerImpl.java:566) ~[ratis-server-0.4.0-2337318-SNAPSHOT.jar:0.4.0-2337318-SNAPSHOT]
	at org.apache.ratis.server.impl.RaftServerProxy.lambda$submitClientRequestAsync$7(RaftServerProxy.java:333) ~[ratis-server-0.4.0-2337318-SNAPSHOT.jar:0.4.0-2337318-SNAPSHOT]
	at org.apache.ratis.server.impl.RaftServerProxy.lambda$null$5(RaftServerProxy.java:328) ~[ratis-server-0.4.0-2337318-SNAPSHOT.jar:0.4.0-2337318-SNAPSHOT]
	at org.apache.ratis.util.JavaUtils.callAsUnchecked(JavaUtils.java:109) ~[ratis-common-0.4.0-2337318-SNAPSHOT.jar:0.4.0-2337318-SNAPSHOT]
	at org.apache.ratis.server.impl.RaftServerProxy.lambda$submitRequest$6(RaftServerProxy.java:328) ~[ratis-server-0.4.0-2337318-SNAPSHOT.jar:0.4.0-2337318-SNAPSHOT]
	at java.util.concurrent.CompletableFuture.uniComposeStage(CompletableFuture.java:981) ~[?:1.8.0_212]
	at java.util.concurrent.CompletableFuture.thenCompose(CompletableFuture.java:2124) ~[?:1.8.0_212]
	at org.apache.ratis.server.impl.RaftServerProxy.submitRequest(RaftServerProxy.java:327) ~[ratis-server-0.4.0-2337318-SNAPSHOT.jar:0.4.0-2337318-SNAPSHOT]
	at org.apache.ratis.server.impl.RaftServerProxy.submitClientRequestAsync(RaftServerProxy.java:333) ~[ratis-server-0.4.0-2337318-SNAPSHOT.jar:0.4.0-2337318-SNAPSHOT]
	at org.apache.ratis.grpc.client.GrpcClientProtocolService$RequestStreamObserver.processClientRequest(GrpcClientProtocolService.java:220) ~[ratis-grpc-0.4.0-2337318-SNAPSHOT.jar:0.4.0-2337318-SNAPSHOT]
	at org.apache.ratis.grpc.client.GrpcClientProtocolService$OrderedRequestStreamObserver.processClientRequest(GrpcClientProtocolService.java:326) ~[ratis-grpc-0.4.0-2337318-SNAPSHOT.jar:0.4.0-2337318-SNAPSHOT]
	at org.apache.ratis.util.SlidingWindow$Server.processRequestsFromHead(SlidingWindow.java:429) [ratis-common-0.4.0-2337318-SNAPSHOT.jar:0.4.0-2337318-SNAPSHOT]
	at org.apache.ratis.util.SlidingWindow$Server.receivedRequest(SlidingWindow.java:421) [ratis-common-0.4.0-2337318-SNAPSHOT.jar:0.4.0-2337318-SNAPSHOT]
	at org.apache.ratis.grpc.client.GrpcClientProtocolService$OrderedRequestStreamObserver.processClientRequest(GrpcClientProtocolService.java:345) [ratis-grpc-0.4.0-2337318-SNAPSHOT.jar:0.4.0-2337318-SNAPSHOT]
	at org.apache.ratis.grpc.client.GrpcClientProtocolService$RequestStreamObserver.onNext(GrpcClientProtocolService.java:240) [ratis-grpc-0.4.0-2337318-SNAPSHOT.jar:0.4.0-2337318-SNAPSHOT]
	at org.apache.ratis.grpc.client.GrpcClientProtocolService$RequestStreamObserver.onNext(GrpcClientProtocolService.java:168) [ratis-grpc-0.4.0-2337318-SNAPSHOT.jar:0.4.0-2337318-SNAPSHOT]
	at org.apache.ratis.thirdparty.io.grpc.stub.ServerCalls$StreamingServerCallHandler$StreamingServerCallListener.onMessage(ServerCalls.java:248) [ratis-thirdparty-misc-0.2.0.jar:0.2.0]
	at org.apache.ratis.thirdparty.io.grpc.internal.ServerCallImpl$ServerStreamListenerImpl.messagesAvailable(ServerCallImpl.java:263) [ratis-thirdparty-misc-0.2.0.jar:0.2.0]
	at org.apache.ratis.thirdparty.io.grpc.internal.ServerImpl$JumpToApplicationThreadServerStreamListener$1MessagesAvailable.runInContext(ServerImpl.java:686) [ratis-thirdparty-misc-0.2.0.jar:0.2.0]
	at org.apache.ratis.thirdparty.io.grpc.internal.ContextRunnable.run(ContextRunnable.java:37) [ratis-thirdparty-misc-0.2.0.jar:0.2.0]
	at org.apache.ratis.thirdparty.io.grpc.internal.SerializingExecutor.run(SerializingExecutor.java:123) [ratis-thirdparty-misc-0.2.0.jar:0.2.0]
	at java.util.concurrent.ThreadPoolExecutor.runWorker(ThreadPoolExecutor.java:1149) [?:1.8.0_212]
	at java.util.concurrent.ThreadPoolExecutor$Worker.run(ThreadPoolExecutor.java:624) [?:1.8.0_212]
	at java.lang.Thread.run(Thread.java:748) [?:1.8.0_212]
2019-08-21 09:04:53,279 INFO  client.GrpcClientProtocolClient (GrpcClientProtocolClient.java:onNext(255)) - client-E24050992D17->a5d326b4-5ae1-4ccd-a59a-21215a91a7bb: receive RaftClientReply:client-E24050992D17->a5d326b4-5ae1-4ccd-a59a-21215a91a7bb@group-0A8797E472E2, cid=22, FAILED org.apache.ratis.protocol.StateMachineException: org.apache.hadoop.hdds.scm.container.common.helpers.ContainerNotOpenException from Server a5d326b4-5ae1-4ccd-a59a-21215a91a7bb: Container 1 in CLOSED state, logIndex=0, commits[a5d326b4-5ae1-4ccd-a59a-21215a91a7bb:c18, 74efcb56-65b7-4b2b-a8f1-0ea6352f04f4:c18, 96f58e83-9e7a-4514-a1b7-98a6f7f2da98:c16]
09:04:53.280 [grpc-default-executor-1] ERROR DNAudit - user=null | ip=null | op=WRITE_CHUNK {blockData=conID: 1 locID: 102654166834544641 bcsId: 14} | ret=FAILURE
org.apache.hadoop.hdds.scm.container.common.helpers.ContainerNotOpenException: Container 1 in CLOSED state
	at org.apache.hadoop.ozone.container.common.impl.HddsDispatcher.validateContainerCommand(HddsDispatcher.java:408) ~[hadoop-hdds-container-service-0.5.0-SNAPSHOT.jar:?]
	at org.apache.hadoop.ozone.container.common.transport.server.ratis.ContainerStateMachine.startTransaction(ContainerStateMachine.java:297) ~[hadoop-hdds-container-service-0.5.0-SNAPSHOT.jar:?]
	at org.apache.ratis.server.impl.RaftServerImpl.submitClientRequestAsync(RaftServerImpl.java:566) ~[ratis-server-0.4.0-2337318-SNAPSHOT.jar:0.4.0-2337318-SNAPSHOT]
	at org.apache.ratis.server.impl.RaftServerProxy.lambda$submitClientRequestAsync$7(RaftServerProxy.java:333) ~[ratis-server-0.4.0-2337318-SNAPSHOT.jar:0.4.0-2337318-SNAPSHOT]
	at org.apache.ratis.server.impl.RaftServerProxy.lambda$null$5(RaftServerProxy.java:328) ~[ratis-server-0.4.0-2337318-SNAPSHOT.jar:0.4.0-2337318-SNAPSHOT]
	at org.apache.ratis.util.JavaUtils.callAsUnchecked(JavaUtils.java:109) ~[ratis-common-0.4.0-2337318-SNAPSHOT.jar:0.4.0-2337318-SNAPSHOT]
	at org.apache.ratis.server.impl.RaftServerProxy.lambda$submitRequest$6(RaftServerProxy.java:328) ~[ratis-server-0.4.0-2337318-SNAPSHOT.jar:0.4.0-2337318-SNAPSHOT]
	at java.util.concurrent.CompletableFuture.uniComposeStage(CompletableFuture.java:981) ~[?:1.8.0_212]
	at java.util.concurrent.CompletableFuture.thenCompose(CompletableFuture.java:2124) ~[?:1.8.0_212]
	at org.apache.ratis.server.impl.RaftServerProxy.submitRequest(RaftServerProxy.java:327) ~[ratis-server-0.4.0-2337318-SNAPSHOT.jar:0.4.0-2337318-SNAPSHOT]
	at org.apache.ratis.server.impl.RaftServerProxy.submitClientRequestAsync(RaftServerProxy.java:333) ~[ratis-server-0.4.0-2337318-SNAPSHOT.jar:0.4.0-2337318-SNAPSHOT]
	at org.apache.ratis.grpc.client.GrpcClientProtocolService$RequestStreamObserver.processClientRequest(GrpcClientProtocolService.java:220) ~[ratis-grpc-0.4.0-2337318-SNAPSHOT.jar:0.4.0-2337318-SNAPSHOT]
	at org.apache.ratis.grpc.client.GrpcClientProtocolService$OrderedRequestStreamObserver.processClientRequest(GrpcClientProtocolService.java:326) ~[ratis-grpc-0.4.0-2337318-SNAPSHOT.jar:0.4.0-2337318-SNAPSHOT]
	at org.apache.ratis.util.SlidingWindow$Server.processRequestsFromHead(SlidingWindow.java:429) [ratis-common-0.4.0-2337318-SNAPSHOT.jar:0.4.0-2337318-SNAPSHOT]
	at org.apache.ratis.util.SlidingWindow$Server.receivedRequest(SlidingWindow.java:421) [ratis-common-0.4.0-2337318-SNAPSHOT.jar:0.4.0-2337318-SNAPSHOT]
	at org.apache.ratis.grpc.client.GrpcClientProtocolService$OrderedRequestStreamObserver.processClientRequest(GrpcClientProtocolService.java:345) [ratis-grpc-0.4.0-2337318-SNAPSHOT.jar:0.4.0-2337318-SNAPSHOT]
	at org.apache.ratis.grpc.client.GrpcClientProtocolService$RequestStreamObserver.onNext(GrpcClientProtocolService.java:240) [ratis-grpc-0.4.0-2337318-SNAPSHOT.jar:0.4.0-2337318-SNAPSHOT]
	at org.apache.ratis.grpc.client.GrpcClientProtocolService$RequestStreamObserver.onNext(GrpcClientProtocolService.java:168) [ratis-grpc-0.4.0-2337318-SNAPSHOT.jar:0.4.0-2337318-SNAPSHOT]
	at org.apache.ratis.thirdparty.io.grpc.stub.ServerCalls$StreamingServerCallHandler$StreamingServerCallListener.onMessage(ServerCalls.java:248) [ratis-thirdparty-misc-0.2.0.jar:0.2.0]
	at org.apache.ratis.thirdparty.io.grpc.internal.ServerCallImpl$ServerStreamListenerImpl.messagesAvailable(ServerCallImpl.java:263) [ratis-thirdparty-misc-0.2.0.jar:0.2.0]
	at org.apache.ratis.thirdparty.io.grpc.internal.ServerImpl$JumpToApplicationThreadServerStreamListener$1MessagesAvailable.runInContext(ServerImpl.java:686) [ratis-thirdparty-misc-0.2.0.jar:0.2.0]
	at org.apache.ratis.thirdparty.io.grpc.internal.ContextRunnable.run(ContextRunnable.java:37) [ratis-thirdparty-misc-0.2.0.jar:0.2.0]
	at org.apache.ratis.thirdparty.io.grpc.internal.SerializingExecutor.run(SerializingExecutor.java:123) [ratis-thirdparty-misc-0.2.0.jar:0.2.0]
	at java.util.concurrent.ThreadPoolExecutor.runWorker(ThreadPoolExecutor.java:1149) [?:1.8.0_212]
	at java.util.concurrent.ThreadPoolExecutor$Worker.run(ThreadPoolExecutor.java:624) [?:1.8.0_212]
	at java.lang.Thread.run(Thread.java:748) [?:1.8.0_212]
2019-08-21 09:04:53,282 INFO  client.GrpcClientProtocolClient (GrpcClientProtocolClient.java:onNext(255)) - client-E24050992D17->a5d326b4-5ae1-4ccd-a59a-21215a91a7bb: receive RaftClientReply:client-E24050992D17->a5d326b4-5ae1-4ccd-a59a-21215a91a7bb@group-0A8797E472E2, cid=23, FAILED org.apache.ratis.protocol.StateMachineException: org.apache.hadoop.hdds.scm.container.common.helpers.ContainerNotOpenException from Server a5d326b4-5ae1-4ccd-a59a-21215a91a7bb: Container 1 in CLOSED state, logIndex=0, commits[a5d326b4-5ae1-4ccd-a59a-21215a91a7bb:c18, 74efcb56-65b7-4b2b-a8f1-0ea6352f04f4:c18, 96f58e83-9e7a-4514-a1b7-98a6f7f2da98:c16]
2019-08-21 09:04:53,287 INFO  client.GrpcClientProtocolClient (GrpcClientProtocolClient.java:onNext(255)) - client-E24050992D17->a5d326b4-5ae1-4ccd-a59a-21215a91a7bb: receive RaftClientReply:client-E24050992D17->a5d326b4-5ae1-4ccd-a59a-21215a91a7bb@group-0A8797E472E2, cid=24, FAILED org.apache.ratis.protocol.StateMachineException: org.apache.hadoop.hdds.scm.container.common.helpers.ContainerNotOpenException from Server a5d326b4-5ae1-4ccd-a59a-21215a91a7bb: Container 1 in CLOSED state, logIndex=0, commits[a5d326b4-5ae1-4ccd-a59a-21215a91a7bb:c18, 74efcb56-65b7-4b2b-a8f1-0ea6352f04f4:c18, 96f58e83-9e7a-4514-a1b7-98a6f7f2da98:c16]
09:04:53.286 [grpc-default-executor-1] ERROR DNAudit - user=null | ip=null | op=WRITE_CHUNK {blockData=conID: 1 locID: 102654166834544641 bcsId: 14} | ret=FAILURE
org.apache.hadoop.hdds.scm.container.common.helpers.ContainerNotOpenException: Container 1 in CLOSED state
	at org.apache.hadoop.ozone.container.common.impl.HddsDispatcher.validateContainerCommand(HddsDispatcher.java:408) ~[hadoop-hdds-container-service-0.5.0-SNAPSHOT.jar:?]
	at org.apache.hadoop.ozone.container.common.transport.server.ratis.ContainerStateMachine.startTransaction(ContainerStateMachine.java:297) ~[hadoop-hdds-container-service-0.5.0-SNAPSHOT.jar:?]
	at org.apache.ratis.server.impl.RaftServerImpl.submitClientRequestAsync(RaftServerImpl.java:566) ~[ratis-server-0.4.0-2337318-SNAPSHOT.jar:0.4.0-2337318-SNAPSHOT]
	at org.apache.ratis.server.impl.RaftServerProxy.lambda$submitClientRequestAsync$7(RaftServerProxy.java:333) ~[ratis-server-0.4.0-2337318-SNAPSHOT.jar:0.4.0-2337318-SNAPSHOT]
	at org.apache.ratis.server.impl.RaftServerProxy.lambda$null$5(RaftServerProxy.java:328) ~[ratis-server-0.4.0-2337318-SNAPSHOT.jar:0.4.0-2337318-SNAPSHOT]
	at org.apache.ratis.util.JavaUtils.callAsUnchecked(JavaUtils.java:109) ~[ratis-common-0.4.0-2337318-SNAPSHOT.jar:0.4.0-2337318-SNAPSHOT]
	at org.apache.ratis.server.impl.RaftServerProxy.lambda$submitRequest$6(RaftServerProxy.java:328) ~[ratis-server-0.4.0-2337318-SNAPSHOT.jar:0.4.0-2337318-SNAPSHOT]
	at java.util.concurrent.CompletableFuture.uniComposeStage(CompletableFuture.java:981) ~[?:1.8.0_212]
	at java.util.concurrent.CompletableFuture.thenCompose(CompletableFuture.java:2124) ~[?:1.8.0_212]
	at org.apache.ratis.server.impl.RaftServerProxy.submitRequest(RaftServerProxy.java:327) ~[ratis-server-0.4.0-2337318-SNAPSHOT.jar:0.4.0-2337318-SNAPSHOT]
	at org.apache.ratis.server.impl.RaftServerProxy.submitClientRequestAsync(RaftServerProxy.java:333) ~[ratis-server-0.4.0-2337318-SNAPSHOT.jar:0.4.0-2337318-SNAPSHOT]
	at org.apache.ratis.grpc.client.GrpcClientProtocolService$RequestStreamObserver.processClientRequest(GrpcClientProtocolService.java:220) ~[ratis-grpc-0.4.0-2337318-SNAPSHOT.jar:0.4.0-2337318-SNAPSHOT]
	at org.apache.ratis.grpc.client.GrpcClientProtocolService$OrderedRequestStreamObserver.processClientRequest(GrpcClientProtocolService.java:326) ~[ratis-grpc-0.4.0-2337318-SNAPSHOT.jar:0.4.0-2337318-SNAPSHOT]
	at org.apache.ratis.util.SlidingWindow$Server.processRequestsFromHead(SlidingWindow.java:429) [ratis-common-0.4.0-2337318-SNAPSHOT.jar:0.4.0-2337318-SNAPSHOT]
	at org.apache.ratis.util.SlidingWindow$Server.receivedRequest(SlidingWindow.java:421) [ratis-common-0.4.0-2337318-SNAPSHOT.jar:0.4.0-2337318-SNAPSHOT]
	at org.apache.ratis.grpc.client.GrpcClientProtocolService$OrderedRequestStreamObserver.processClientRequest(GrpcClientProtocolService.java:345) [ratis-grpc-0.4.0-2337318-SNAPSHOT.jar:0.4.0-2337318-SNAPSHOT]
	at org.apache.ratis.grpc.client.GrpcClientProtocolService$RequestStreamObserver.onNext(GrpcClientProtocolService.java:240) [ratis-grpc-0.4.0-2337318-SNAPSHOT.jar:0.4.0-2337318-SNAPSHOT]
	at org.apache.ratis.grpc.client.GrpcClientProtocolService$RequestStreamObserver.onNext(GrpcClientProtocolService.java:168) [ratis-grpc-0.4.0-2337318-SNAPSHOT.jar:0.4.0-2337318-SNAPSHOT]
	at org.apache.ratis.thirdparty.io.grpc.stub.ServerCalls$StreamingServerCallHandler$StreamingServerCallListener.onMessage(ServerCalls.java:248) [ratis-thirdparty-misc-0.2.0.jar:0.2.0]
	at org.apache.ratis.thirdparty.io.grpc.internal.ServerCallImpl$ServerStreamListenerImpl.messagesAvailable(ServerCallImpl.java:263) [ratis-thirdparty-misc-0.2.0.jar:0.2.0]
	at org.apache.ratis.thirdparty.io.grpc.internal.ServerImpl$JumpToApplicationThreadServerStreamListener$1MessagesAvailable.runInContext(ServerImpl.java:686) [ratis-thirdparty-misc-0.2.0.jar:0.2.0]
	at org.apache.ratis.thirdparty.io.grpc.internal.ContextRunnable.run(ContextRunnable.java:37) [ratis-thirdparty-misc-0.2.0.jar:0.2.0]
	at org.apache.ratis.thirdparty.io.grpc.internal.SerializingExecutor.run(SerializingExecutor.java:123) [ratis-thirdparty-misc-0.2.0.jar:0.2.0]
	at java.util.concurrent.ThreadPoolExecutor.runWorker(ThreadPoolExecutor.java:1149) [?:1.8.0_212]
	at java.util.concurrent.ThreadPoolExecutor$Worker.run(ThreadPoolExecutor.java:624) [?:1.8.0_212]
	at java.lang.Thread.run(Thread.java:748) [?:1.8.0_212]
2019-08-21 09:04:53,291 INFO  client.GrpcClientProtocolClient (GrpcClientProtocolClient.java:onNext(255)) - client-E24050992D17->a5d326b4-5ae1-4ccd-a59a-21215a91a7bb: receive RaftClientReply:client-E24050992D17->a5d326b4-5ae1-4ccd-a59a-21215a91a7bb@group-0A8797E472E2, cid=25, FAILED org.apache.ratis.protocol.StateMachineException: org.apache.hadoop.hdds.scm.container.common.helpers.ContainerNotOpenException from Server a5d326b4-5ae1-4ccd-a59a-21215a91a7bb: Container 1 in CLOSED state, logIndex=0, commits[a5d326b4-5ae1-4ccd-a59a-21215a91a7bb:c18, 74efcb56-65b7-4b2b-a8f1-0ea6352f04f4:c18, 96f58e83-9e7a-4514-a1b7-98a6f7f2da98:c16]
09:04:53.294 [grpc-default-executor-1] ERROR DNAudit - user=null | ip=null | op=PUT_BLOCK {blockData=[blockId=conID: 1 locID: 102654166834544641 bcsId: 0,size=800]} | ret=FAILURE
org.apache.hadoop.hdds.scm.container.common.helpers.ContainerNotOpenException: Container 1 in CLOSED state
	at org.apache.hadoop.ozone.container.common.impl.HddsDispatcher.validateContainerCommand(HddsDispatcher.java:408) ~[hadoop-hdds-container-service-0.5.0-SNAPSHOT.jar:?]
	at org.apache.hadoop.ozone.container.common.transport.server.ratis.ContainerStateMachine.startTransaction(ContainerStateMachine.java:297) ~[hadoop-hdds-container-service-0.5.0-SNAPSHOT.jar:?]
	at org.apache.ratis.server.impl.RaftServerImpl.submitClientRequestAsync(RaftServerImpl.java:566) ~[ratis-server-0.4.0-2337318-SNAPSHOT.jar:0.4.0-2337318-SNAPSHOT]
	at org.apache.ratis.server.impl.RaftServerProxy.lambda$submitClientRequestAsync$7(RaftServerProxy.java:333) ~[ratis-server-0.4.0-2337318-SNAPSHOT.jar:0.4.0-2337318-SNAPSHOT]
	at org.apache.ratis.server.impl.RaftServerProxy.lambda$null$5(RaftServerProxy.java:328) ~[ratis-server-0.4.0-2337318-SNAPSHOT.jar:0.4.0-2337318-SNAPSHOT]
	at org.apache.ratis.util.JavaUtils.callAsUnchecked(JavaUtils.java:109) ~[ratis-common-0.4.0-2337318-SNAPSHOT.jar:0.4.0-2337318-SNAPSHOT]
	at org.apache.ratis.server.impl.RaftServerProxy.lambda$submitRequest$6(RaftServerProxy.java:328) ~[ratis-server-0.4.0-2337318-SNAPSHOT.jar:0.4.0-2337318-SNAPSHOT]
	at java.util.concurrent.CompletableFuture.uniComposeStage(CompletableFuture.java:981) ~[?:1.8.0_212]
	at java.util.concurrent.CompletableFuture.thenCompose(CompletableFuture.java:2124) ~[?:1.8.0_212]
	at org.apache.ratis.server.impl.RaftServerProxy.submitRequest(RaftServerProxy.java:327) ~[ratis-server-0.4.0-2337318-SNAPSHOT.jar:0.4.0-2337318-SNAPSHOT]
	at org.apache.ratis.server.impl.RaftServerProxy.submitClientRequestAsync(RaftServerProxy.java:333) ~[ratis-server-0.4.0-2337318-SNAPSHOT.jar:0.4.0-2337318-SNAPSHOT]
	at org.apache.ratis.grpc.client.GrpcClientProtocolService$RequestStreamObserver.processClientRequest(GrpcClientProtocolService.java:220) ~[ratis-grpc-0.4.0-2337318-SNAPSHOT.jar:0.4.0-2337318-SNAPSHOT]
	at org.apache.ratis.grpc.client.GrpcClientProtocolService$OrderedRequestStreamObserver.processClientRequest(GrpcClientProtocolService.java:326) ~[ratis-grpc-0.4.0-2337318-SNAPSHOT.jar:0.4.0-2337318-SNAPSHOT]
	at org.apache.ratis.util.SlidingWindow$Server.processRequestsFromHead(SlidingWindow.java:429) [ratis-common-0.4.0-2337318-SNAPSHOT.jar:0.4.0-2337318-SNAPSHOT]
	at org.apache.ratis.util.SlidingWindow$Server.receivedRequest(SlidingWindow.java:421) [ratis-common-0.4.0-2337318-SNAPSHOT.jar:0.4.0-2337318-SNAPSHOT]
	at org.apache.ratis.grpc.client.GrpcClientProtocolService$OrderedRequestStreamObserver.processClientRequest(GrpcClientProtocolService.java:345) [ratis-grpc-0.4.0-2337318-SNAPSHOT.jar:0.4.0-2337318-SNAPSHOT]
	at org.apache.ratis.grpc.client.GrpcClientProtocolService$RequestStreamObserver.onNext(GrpcClientProtocolService.java:240) [ratis-grpc-0.4.0-2337318-SNAPSHOT.jar:0.4.0-2337318-SNAPSHOT]
	at org.apache.ratis.grpc.client.GrpcClientProtocolService$RequestStreamObserver.onNext(GrpcClientProtocolService.java:168) [ratis-grpc-0.4.0-2337318-SNAPSHOT.jar:0.4.0-2337318-SNAPSHOT]
	at org.apache.ratis.thirdparty.io.grpc.stub.ServerCalls$StreamingServerCallHandler$StreamingServerCallListener.onMessage(ServerCalls.java:248) [ratis-thirdparty-misc-0.2.0.jar:0.2.0]
	at org.apache.ratis.thirdparty.io.grpc.internal.ServerCallImpl$ServerStreamListenerImpl.messagesAvailable(ServerCallImpl.java:263) [ratis-thirdparty-misc-0.2.0.jar:0.2.0]
	at org.apache.ratis.thirdparty.io.grpc.internal.ServerImpl$JumpToApplicationThreadServerStreamListener$1MessagesAvailable.runInContext(ServerImpl.java:686) [ratis-thirdparty-misc-0.2.0.jar:0.2.0]
	at org.apache.ratis.thirdparty.io.grpc.internal.ContextRunnable.run(ContextRunnable.java:37) [ratis-thirdparty-misc-0.2.0.jar:0.2.0]
	at org.apache.ratis.thirdparty.io.grpc.internal.SerializingExecutor.run(SerializingExecutor.java:123) [ratis-thirdparty-misc-0.2.0.jar:0.2.0]
	at java.util.concurrent.ThreadPoolExecutor.runWorker(ThreadPoolExecutor.java:1149) [?:1.8.0_212]
	at java.util.concurrent.ThreadPoolExecutor$Worker.run(ThreadPoolExecutor.java:624) [?:1.8.0_212]
	at java.lang.Thread.run(Thread.java:748) [?:1.8.0_212]
2019-08-21 09:04:53,297 INFO  client.GrpcClientProtocolClient (GrpcClientProtocolClient.java:onNext(255)) - client-E24050992D17->a5d326b4-5ae1-4ccd-a59a-21215a91a7bb: receive RaftClientReply:client-E24050992D17->a5d326b4-5ae1-4ccd-a59a-21215a91a7bb@group-0A8797E472E2, cid=26, FAILED org.apache.ratis.protocol.StateMachineException: org.apache.hadoop.hdds.scm.container.common.helpers.ContainerNotOpenException from Server a5d326b4-5ae1-4ccd-a59a-21215a91a7bb: Container 1 in CLOSED state, logIndex=0, commits[a5d326b4-5ae1-4ccd-a59a-21215a91a7bb:c18, 74efcb56-65b7-4b2b-a8f1-0ea6352f04f4:c18, 96f58e83-9e7a-4514-a1b7-98a6f7f2da98:c16]
2019-08-21 09:04:53,301 INFO  client.GrpcClientProtocolClient (GrpcClientProtocolClient.java:onNext(255)) - client-E24050992D17->a5d326b4-5ae1-4ccd-a59a-21215a91a7bb: receive RaftClientReply:client-E24050992D17->a5d326b4-5ae1-4ccd-a59a-21215a91a7bb@group-0A8797E472E2, cid=27, FAILED org.apache.ratis.protocol.StateMachineException: org.apache.hadoop.hdds.scm.container.common.helpers.ContainerNotOpenException from Server a5d326b4-5ae1-4ccd-a59a-21215a91a7bb: Container 1 in CLOSED state, logIndex=0, commits[a5d326b4-5ae1-4ccd-a59a-21215a91a7bb:c18, 74efcb56-65b7-4b2b-a8f1-0ea6352f04f4:c18, 96f58e83-9e7a-4514-a1b7-98a6f7f2da98:c16]
2019-08-21 09:04:53,352 INFO  client.GrpcClientProtocolClient (GrpcClientProtocolClient.java:onNext(255)) - client-AC8E295804BD->f261e572-4f21-430e-a56c-78edd2a2bfef: receive RaftClientReply:client-AC8E295804BD->f261e572-4f21-430e-a56c-78edd2a2bfef@group-C39518EB4219, cid=28, FAILED org.apache.ratis.protocol.NotLeaderException: Server f261e572-4f21-430e-a56c-78edd2a2bfef is not the leader (da6f2729-b507-40c4-bf72-576bc4d2323c:192.168.157.251:40707). Request must be sent to leader., logIndex=0, commits[f261e572-4f21-430e-a56c-78edd2a2bfef:c0, 1dfce845-6d7d-4e6b-815a-0ae574d8651b:c0, da6f2729-b507-40c4-bf72-576bc4d2323c:c0]
2019-08-21 09:04:53,529 INFO  client.GrpcClientProtocolClient (GrpcClientProtocolClient.java:onNext(255)) - client-AC8E295804BD->da6f2729-b507-40c4-bf72-576bc4d2323c: receive RaftClientReply:client-AC8E295804BD->da6f2729-b507-40c4-bf72-576bc4d2323c@group-C39518EB4219, cid=28, SUCCESS, logIndex=1, commits[da6f2729-b507-40c4-bf72-576bc4d2323c:c1, f261e572-4f21-430e-a56c-78edd2a2bfef:c0, 1dfce845-6d7d-4e6b-815a-0ae574d8651b:c0]
2019-08-21 09:04:53,566 INFO  client.GrpcClientProtocolClient (GrpcClientProtocolClient.java:onNext(255)) - client-AC8E295804BD->da6f2729-b507-40c4-bf72-576bc4d2323c: receive RaftClientReply:client-AC8E295804BD->da6f2729-b507-40c4-bf72-576bc4d2323c@group-C39518EB4219, cid=29, SUCCESS, logIndex=3, commits[da6f2729-b507-40c4-bf72-576bc4d2323c:c3, f261e572-4f21-430e-a56c-78edd2a2bfef:c2, 1dfce845-6d7d-4e6b-815a-0ae574d8651b:c2]
2019-08-21 09:04:53,622 INFO  client.GrpcClientProtocolClient (GrpcClientProtocolClient.java:onNext(255)) - client-AC8E295804BD->da6f2729-b507-40c4-bf72-576bc4d2323c: receive RaftClientReply:client-AC8E295804BD->da6f2729-b507-40c4-bf72-576bc4d2323c@group-C39518EB4219, cid=30, SUCCESS, logIndex=4, commits[da6f2729-b507-40c4-bf72-576bc4d2323c:c12, f261e572-4f21-430e-a56c-78edd2a2bfef:c7, 1dfce845-6d7d-4e6b-815a-0ae574d8651b:c7]
2019-08-21 09:04:53,624 INFO  client.GrpcClientProtocolClient (GrpcClientProtocolClient.java:onNext(255)) - client-AC8E295804BD->da6f2729-b507-40c4-bf72-576bc4d2323c: receive RaftClientReply:client-AC8E295804BD->da6f2729-b507-40c4-bf72-576bc4d2323c@group-C39518EB4219, cid=31, SUCCESS, logIndex=5, commits[da6f2729-b507-40c4-bf72-576bc4d2323c:c12, f261e572-4f21-430e-a56c-78edd2a2bfef:c7, 1dfce845-6d7d-4e6b-815a-0ae574d8651b:c7]
2019-08-21 09:04:53,625 INFO  client.GrpcClientProtocolClient (GrpcClientProtocolClient.java:onNext(255)) - client-AC8E295804BD->da6f2729-b507-40c4-bf72-576bc4d2323c: receive RaftClientReply:client-AC8E295804BD->da6f2729-b507-40c4-bf72-576bc4d2323c@group-C39518EB4219, cid=32, SUCCESS, logIndex=6, commits[da6f2729-b507-40c4-bf72-576bc4d2323c:c12, f261e572-4f21-430e-a56c-78edd2a2bfef:c7, 1dfce845-6d7d-4e6b-815a-0ae574d8651b:c7]
2019-08-21 09:04:53,683 INFO  client.GrpcClientProtocolClient (GrpcClientProtocolClient.java:onNext(255)) - client-AC8E295804BD->da6f2729-b507-40c4-bf72-576bc4d2323c: receive RaftClientReply:client-AC8E295804BD->da6f2729-b507-40c4-bf72-576bc4d2323c@group-C39518EB4219, cid=33, SUCCESS, logIndex=7, commits[da6f2729-b507-40c4-bf72-576bc4d2323c:c12, f261e572-4f21-430e-a56c-78edd2a2bfef:c7, 1dfce845-6d7d-4e6b-815a-0ae574d8651b:c7]
2019-08-21 09:04:53,706 INFO  client.GrpcClientProtocolClient (GrpcClientProtocolClient.java:onNext(255)) - client-AC8E295804BD->da6f2729-b507-40c4-bf72-576bc4d2323c: receive RaftClientReply:client-AC8E295804BD->da6f2729-b507-40c4-bf72-576bc4d2323c@group-C39518EB4219, cid=34, SUCCESS, logIndex=13, commits[da6f2729-b507-40c4-bf72-576bc4d2323c:c14, f261e572-4f21-430e-a56c-78edd2a2bfef:c12, 1dfce845-6d7d-4e6b-815a-0ae574d8651b:c12]
2019-08-21 09:04:53,707 INFO  client.GrpcClientProtocolClient (GrpcClientProtocolClient.java:onNext(255)) - client-AC8E295804BD->da6f2729-b507-40c4-bf72-576bc4d2323c: receive RaftClientReply:client-AC8E295804BD->da6f2729-b507-40c4-bf72-576bc4d2323c@group-C39518EB4219, cid=35, SUCCESS, logIndex=14, commits[da6f2729-b507-40c4-bf72-576bc4d2323c:c14, f261e572-4f21-430e-a56c-78edd2a2bfef:c12, 1dfce845-6d7d-4e6b-815a-0ae574d8651b:c12]
2019-08-21 09:04:53,722 INFO  client.GrpcClientProtocolClient (GrpcClientProtocolClient.java:onNext(255)) - client-AC8E295804BD->da6f2729-b507-40c4-bf72-576bc4d2323c: receive RaftClientReply:client-AC8E295804BD->da6f2729-b507-40c4-bf72-576bc4d2323c@group-C39518EB4219, cid=36, SUCCESS, logIndex=0, commits[da6f2729-b507-40c4-bf72-576bc4d2323c:c15, f261e572-4f21-430e-a56c-78edd2a2bfef:c14, 1dfce845-6d7d-4e6b-815a-0ae574d8651b:c14]
2019-08-21 09:04:53,723 INFO  ozone.MiniOzoneClusterImpl (MiniOzoneClusterImpl.java:shutdown(321)) - Shutting down the Mini Ozone Cluster
2019-08-21 09:04:53,724 INFO  ozone.MiniOzoneClusterImpl (MiniOzoneClusterImpl.java:stop(336)) - Stopping the Mini Ozone Cluster
2019-08-21 09:04:53,724 INFO  ozone.MiniOzoneClusterImpl (MiniOzoneClusterImpl.java:stop(338)) - Stopping the OzoneManager
2019-08-21 09:04:53,724 INFO  ipc.Server (Server.java:stop(3082)) - Stopping server on 35525
2019-08-21 09:04:53,740 INFO  ipc.Server (Server.java:run(1185)) - Stopping IPC Server listener on 35525
2019-08-21 09:04:53,742 INFO  ipc.Server (Server.java:run(1319)) - Stopping IPC Server Responder
2019-08-21 09:04:53,740 INFO  ratis.OzoneManagerDoubleBuffer (OzoneManagerDoubleBuffer.java:stop(248)) - Stopping OMDoubleBuffer flush thread
2019-08-21 09:04:53,757 INFO  ratis.OzoneManagerDoubleBuffer (OzoneManagerDoubleBuffer.java:flushTransactions(191)) - OMDoubleBuffer flush thread OMDoubleBufferFlushThread is interrupted and will exit. OMDoubleBufferFlushThread
2019-08-21 09:04:53,769 INFO  utils.BackgroundService (BackgroundService.java:shutdown(148)) - Shutting down service KeyDeletingService
2019-08-21 09:04:53,771 INFO  handler.ContextHandler (ContextHandler.java:doStop(910)) - Stopped o.e.j.w.WebAppContext@4bff2185{/,null,UNAVAILABLE}{/ozoneManager}
2019-08-21 09:04:53,772 INFO  server.AbstractConnector (AbstractConnector.java:doStop(318)) - Stopped ServerConnector@5c20ffa8{HTTP/1.1,[http/1.1]}{0.0.0.0:0}
2019-08-21 09:04:53,772 INFO  handler.ContextHandler (ContextHandler.java:doStop(910)) - Stopped o.e.j.s.ServletContextHandler@34cf5a97{/static,file:///workdir/hadoop-ozone/integration-test/target/test-classes/webapps/static,UNAVAILABLE}
2019-08-21 09:04:53,773 INFO  handler.ContextHandler (ContextHandler.java:doStop(910)) - Stopped o.e.j.s.ServletContextHandler@4482469c{/logs,file:///workdir/hadoop-ozone/integration-test/target/log,UNAVAILABLE}
2019-08-21 09:04:53,777 INFO  ozone.MiniOzoneClusterImpl (MiniOzoneClusterImpl.java:stop(344)) - Shutting the HddsDatanodes
2019-08-21 09:04:53,778 INFO  datanode.ObjectStoreHandler (ObjectStoreHandler.java:close(155)) - Closing ObjectStoreHandler.
2019-08-21 09:04:53,778 INFO  datanode.ObjectStoreHandler (ObjectStoreHandler.java:close(155)) - Closing ObjectStoreHandler.
2019-08-21 09:04:53,780 INFO  ozone.HddsDatanodeService (HddsDatanodeService.java:stop(451)) - Stopped plug-in org.apache.hadoop.ozone.web.OzoneHddsDatanodeService@23e61112
2019-08-21 09:04:53,780 INFO  ozone.HddsDatanodeService (HddsDatanodeService.java:stop(451)) - Stopped plug-in org.apache.hadoop.ozone.web.OzoneHddsDatanodeService@510689af
2019-08-21 09:04:54,498 INFO  statemachine.DatanodeStateMachine (DatanodeStateMachine.java:lambda$startDaemon$0(350)) - Ozone container server started.
2019-08-21 09:04:54,680 WARN  server.GrpcLogAppender (LogUtils.java:warn(134)) - a5d326b4-5ae1-4ccd-a59a-21215a91a7bb->74efcb56-65b7-4b2b-a8f1-0ea6352f04f4: Failed appendEntries: org.apache.ratis.thirdparty.io.grpc.StatusRuntimeException: UNAVAILABLE: io exception
2019-08-21 09:04:54,680 WARN  server.GrpcLogAppender (LogUtils.java:warn(134)) - a5d326b4-5ae1-4ccd-a59a-21215a91a7bb->96f58e83-9e7a-4514-a1b7-98a6f7f2da98: Failed appendEntries: org.apache.ratis.thirdparty.io.grpc.StatusRuntimeException: UNAVAILABLE: io exception
2019-08-21 09:04:54,682 INFO  impl.FollowerInfo (FollowerInfo.java:lambda$new$0(50)) - a5d326b4-5ae1-4ccd-a59a-21215a91a7bb->74efcb56-65b7-4b2b-a8f1-0ea6352f04f4: nextIndex: updateUnconditionally 18 -> 17
2019-08-21 09:04:54,684 INFO  impl.FollowerInfo (FollowerInfo.java:lambda$new$0(50)) - a5d326b4-5ae1-4ccd-a59a-21215a91a7bb->96f58e83-9e7a-4514-a1b7-98a6f7f2da98: nextIndex: updateUnconditionally 15 -> 14
2019-08-21 09:04:54,707 INFO  statemachine.DatanodeStateMachine (DatanodeStateMachine.java:lambda$startDaemon$0(350)) - Ozone container server started.
2019-08-21 09:04:57,183 WARN  server.GrpcLogAppender (LogUtils.java:warn(134)) - a5d326b4-5ae1-4ccd-a59a-21215a91a7bb->96f58e83-9e7a-4514-a1b7-98a6f7f2da98: Failed appendEntries: org.apache.ratis.thirdparty.io.grpc.StatusRuntimeException: UNAVAILABLE: io exception
2019-08-21 09:04:57,186 WARN  server.GrpcLogAppender (LogUtils.java:warn(134)) - a5d326b4-5ae1-4ccd-a59a-21215a91a7bb->74efcb56-65b7-4b2b-a8f1-0ea6352f04f4: Failed appendEntries: org.apache.ratis.thirdparty.io.grpc.StatusRuntimeException: UNAVAILABLE: io exception
2019-08-21 09:04:57,186 INFO  impl.FollowerInfo (FollowerInfo.java:lambda$new$0(50)) - a5d326b4-5ae1-4ccd-a59a-21215a91a7bb->96f58e83-9e7a-4514-a1b7-98a6f7f2da98: nextIndex: updateUnconditionally 14 -> 13
2019-08-21 09:04:57,188 INFO  impl.FollowerInfo (FollowerInfo.java:lambda$new$0(50)) - a5d326b4-5ae1-4ccd-a59a-21215a91a7bb->74efcb56-65b7-4b2b-a8f1-0ea6352f04f4: nextIndex: updateUnconditionally 17 -> 16
2019-08-21 09:04:58,534 INFO  node.StaleNodeHandler (StaleNodeHandler.java:onMessage(58)) - Datanode da6f2729-b507-40c4-bf72-576bc4d2323c{ip: 192.168.157.251, host: pr-hdds-1948-qvnss-3490636412, networkLocation: /default-rack, certSerialId: null} moved to stale state. Finalizing its pipelines [PipelineID=ab7bcd18-39e7-40e1-8c71-c39518eb4219, PipelineID=c29c30e2-3879-4743-b44f-621553fc5646]
2019-08-21 09:04:58,535 INFO  pipeline.SCMPipelineManager (SCMPipelineManager.java:finalizeAndDestroyPipeline(309)) - destroying pipeline:Pipeline[ Id: ab7bcd18-39e7-40e1-8c71-c39518eb4219, Nodes: f261e572-4f21-430e-a56c-78edd2a2bfef{ip: 192.168.157.251, host: pr-hdds-1948-qvnss-3490636412, networkLocation: /default-rack, certSerialId: null}da6f2729-b507-40c4-bf72-576bc4d2323c{ip: 192.168.157.251, host: pr-hdds-1948-qvnss-3490636412, networkLocation: /default-rack, certSerialId: null}1dfce845-6d7d-4e6b-815a-0ae574d8651b{ip: 192.168.157.251, host: pr-hdds-1948-qvnss-3490636412, networkLocation: /default-rack, certSerialId: null}, Type:RATIS, Factor:THREE, State:OPEN]
2019-08-21 09:04:58,535 INFO  pipeline.PipelineStateManager (PipelineStateManager.java:finalizePipeline(123)) - Pipeline Pipeline[ Id: ab7bcd18-39e7-40e1-8c71-c39518eb4219, Nodes: f261e572-4f21-430e-a56c-78edd2a2bfef{ip: 192.168.157.251, host: pr-hdds-1948-qvnss-3490636412, networkLocation: /default-rack, certSerialId: null}da6f2729-b507-40c4-bf72-576bc4d2323c{ip: 192.168.157.251, host: pr-hdds-1948-qvnss-3490636412, networkLocation: /default-rack, certSerialId: null}1dfce845-6d7d-4e6b-815a-0ae574d8651b{ip: 192.168.157.251, host: pr-hdds-1948-qvnss-3490636412, networkLocation: /default-rack, certSerialId: null}, Type:RATIS, Factor:THREE, State:CLOSED] moved to CLOSED state
2019-08-21 09:04:58,535 INFO  container.CloseContainerEventHandler (CloseContainerEventHandler.java:onMessage(61)) - Close container Event triggered for container : #2
2019-08-21 09:04:58,537 INFO  pipeline.SCMPipelineManager (SCMPipelineManager.java:finalizeAndDestroyPipeline(309)) - destroying pipeline:Pipeline[ Id: c29c30e2-3879-4743-b44f-621553fc5646, Nodes: da6f2729-b507-40c4-bf72-576bc4d2323c{ip: 192.168.157.251, host: pr-hdds-1948-qvnss-3490636412, networkLocation: /default-rack, certSerialId: null}, Type:RATIS, Factor:ONE, State:OPEN]
2019-08-21 09:04:58,539 INFO  pipeline.PipelineStateManager (PipelineStateManager.java:finalizePipeline(123)) - Pipeline Pipeline[ Id: c29c30e2-3879-4743-b44f-621553fc5646, Nodes: da6f2729-b507-40c4-bf72-576bc4d2323c{ip: 192.168.157.251, host: pr-hdds-1948-qvnss-3490636412, networkLocation: /default-rack, certSerialId: null}, Type:RATIS, Factor:ONE, State:CLOSED] moved to CLOSED state
2019-08-21 09:04:58,735 INFO  node.StaleNodeHandler (StaleNodeHandler.java:onMessage(58)) - Datanode a5d326b4-5ae1-4ccd-a59a-21215a91a7bb{ip: 192.168.157.251, host: pr-hdds-1948-qvnss-3490636412, networkLocation: /default-rack, certSerialId: null} moved to stale state. Finalizing its pipelines [PipelineID=b4c8d299-78ae-4403-8e75-0a8797e472e2, PipelineID=3c8f4c80-ec14-4929-b560-5a0afd2dc96b]
2019-08-21 09:04:58,735 INFO  pipeline.SCMPipelineManager (SCMPipelineManager.java:finalizeAndDestroyPipeline(309)) - destroying pipeline:Pipeline[ Id: b4c8d299-78ae-4403-8e75-0a8797e472e2, Nodes: 96f58e83-9e7a-4514-a1b7-98a6f7f2da98{ip: 192.168.157.251, host: pr-hdds-1948-qvnss-3490636412, networkLocation: /default-rack, certSerialId: null}74efcb56-65b7-4b2b-a8f1-0ea6352f04f4{ip: 192.168.157.251, host: pr-hdds-1948-qvnss-3490636412, networkLocation: /default-rack, certSerialId: null}a5d326b4-5ae1-4ccd-a59a-21215a91a7bb{ip: 192.168.157.251, host: pr-hdds-1948-qvnss-3490636412, networkLocation: /default-rack, certSerialId: null}, Type:RATIS, Factor:THREE, State:CLOSED]
2019-08-21 09:04:58,735 INFO  pipeline.SCMPipelineManager (SCMPipelineManager.java:finalizeAndDestroyPipeline(309)) - destroying pipeline:Pipeline[ Id: 3c8f4c80-ec14-4929-b560-5a0afd2dc96b, Nodes: a5d326b4-5ae1-4ccd-a59a-21215a91a7bb{ip: 192.168.157.251, host: pr-hdds-1948-qvnss-3490636412, networkLocation: /default-rack, certSerialId: null}, Type:RATIS, Factor:ONE, State:OPEN]
2019-08-21 09:04:58,736 INFO  pipeline.PipelineStateManager (PipelineStateManager.java:finalizePipeline(123)) - Pipeline Pipeline[ Id: 3c8f4c80-ec14-4929-b560-5a0afd2dc96b, Nodes: a5d326b4-5ae1-4ccd-a59a-21215a91a7bb{ip: 192.168.157.251, host: pr-hdds-1948-qvnss-3490636412, networkLocation: /default-rack, certSerialId: null}, Type:RATIS, Factor:ONE, State:CLOSED] moved to CLOSED state
2019-08-21 09:04:58,782 INFO  ozoneimpl.OzoneContainer (OzoneContainer.java:stop(199)) - Attempting to stop container services.
2019-08-21 09:04:58,784 INFO  ozoneimpl.OzoneContainer (OzoneContainer.java:stop(199)) - Attempting to stop container services.
2019-08-21 09:04:58,785 INFO  impl.RaftServerProxy (RaftServerProxy.java:lambda$close$4(314)) - da6f2729-b507-40c4-bf72-576bc4d2323c: close
2019-08-21 09:04:58,786 INFO  impl.RaftServerProxy (RaftServerProxy.java:lambda$close$4(314)) - a5d326b4-5ae1-4ccd-a59a-21215a91a7bb: close
2019-08-21 09:04:58,786 INFO  impl.RaftServerImpl (RaftServerImpl.java:lambda$shutdown$3(245)) - da6f2729-b507-40c4-bf72-576bc4d2323c: shutdown group-C39518EB4219
2019-08-21 09:04:58,786 INFO  impl.RaftServerImpl (RaftServerImpl.java:lambda$shutdown$3(245)) - a5d326b4-5ae1-4ccd-a59a-21215a91a7bb: shutdown group-0A8797E472E2
2019-08-21 09:04:58,787 INFO  util.JmxRegister (JmxRegister.java:unregister(73)) - Successfully un-registered JMX Bean with object name Ratis:service=RaftServer,group=group-C39518EB4219,id=da6f2729-b507-40c4-bf72-576bc4d2323c
2019-08-21 09:04:58,787 INFO  util.JmxRegister (JmxRegister.java:unregister(73)) - Successfully un-registered JMX Bean with object name Ratis:service=RaftServer,group=group-0A8797E472E2,id=a5d326b4-5ae1-4ccd-a59a-21215a91a7bb
2019-08-21 09:04:58,787 INFO  impl.RoleInfo (RoleInfo.java:shutdownLeaderState(104)) - da6f2729-b507-40c4-bf72-576bc4d2323c: shutdown LeaderState
2019-08-21 09:04:58,788 INFO  impl.RoleInfo (RoleInfo.java:shutdownLeaderState(104)) - a5d326b4-5ae1-4ccd-a59a-21215a91a7bb: shutdown LeaderState
2019-08-21 09:04:58,792 WARN  server.GrpcLogAppender (GrpcLogAppender.java:mayWait(143)) - GrpcLogAppender(da6f2729-b507-40c4-bf72-576bc4d2323c->1dfce845-6d7d-4e6b-815a-0ae574d8651b): Wait interrupted by java.lang.InterruptedException
2019-08-21 09:04:58,795 WARN  server.GrpcLogAppender (GrpcLogAppender.java:mayWait(143)) - GrpcLogAppender(a5d326b4-5ae1-4ccd-a59a-21215a91a7bb->74efcb56-65b7-4b2b-a8f1-0ea6352f04f4): Wait interrupted by java.lang.InterruptedException
2019-08-21 09:04:58,795 WARN  server.GrpcLogAppender (GrpcLogAppender.java:mayWait(143)) - GrpcLogAppender(a5d326b4-5ae1-4ccd-a59a-21215a91a7bb->96f58e83-9e7a-4514-a1b7-98a6f7f2da98): Wait interrupted by java.lang.InterruptedException
2019-08-21 09:04:58,792 WARN  server.GrpcLogAppender (GrpcLogAppender.java:mayWait(143)) - GrpcLogAppender(da6f2729-b507-40c4-bf72-576bc4d2323c->f261e572-4f21-430e-a56c-78edd2a2bfef): Wait interrupted by java.lang.InterruptedException
2019-08-21 09:04:58,791 INFO  impl.PendingRequests (PendingRequests.java:sendNotLeaderResponses(202)) - da6f2729-b507-40c4-bf72-576bc4d2323c-PendingRequests: sendNotLeaderResponses
2019-08-21 09:04:58,795 INFO  impl.PendingRequests (PendingRequests.java:sendNotLeaderResponses(202)) - a5d326b4-5ae1-4ccd-a59a-21215a91a7bb-PendingRequests: sendNotLeaderResponses
2019-08-21 09:04:58,798 INFO  server.GrpcServerProtocolService (GrpcServerProtocolService.java:onCompleted(104)) - f261e572-4f21-430e-a56c-78edd2a2bfef: appendEntries completed
2019-08-21 09:04:58,798 INFO  server.GrpcServerProtocolService (GrpcServerProtocolService.java:onCompleted(104)) - 1dfce845-6d7d-4e6b-815a-0ae574d8651b: appendEntries completed
2019-08-21 09:04:58,803 INFO  server.GrpcLogAppender (GrpcLogAppender.java:onCompleted(292)) - da6f2729-b507-40c4-bf72-576bc4d2323c->f261e572-4f21-430e-a56c-78edd2a2bfef: follower responses appendEntries COMPLETED
2019-08-21 09:04:58,803 INFO  server.GrpcLogAppender (GrpcLogAppender.java:onCompleted(292)) - da6f2729-b507-40c4-bf72-576bc4d2323c->1dfce845-6d7d-4e6b-815a-0ae574d8651b: follower responses appendEntries COMPLETED
2019-08-21 09:04:58,805 INFO  impl.FollowerInfo (FollowerInfo.java:lambda$new$0(50)) - da6f2729-b507-40c4-bf72-576bc4d2323c->f261e572-4f21-430e-a56c-78edd2a2bfef: nextIndex: updateUnconditionally 17 -> 16
2019-08-21 09:04:58,807 INFO  impl.FollowerInfo (FollowerInfo.java:lambda$new$0(50)) - da6f2729-b507-40c4-bf72-576bc4d2323c->1dfce845-6d7d-4e6b-815a-0ae574d8651b: nextIndex: updateUnconditionally 17 -> 16
2019-08-21 09:04:58,812 INFO  impl.StateMachineUpdater (StateMachineUpdater.java:stopAndJoin(115)) - StateMachineUpdater:da6f2729-b507-40c4-bf72-576bc4d2323c:group-C39518EB4219: set stopIndex = 16
2019-08-21 09:04:58,813 INFO  ratis.ContainerStateMachine (ContainerStateMachine.java:takeSnapshot(271)) - group-0A8797E472E2: Taking a snapshot at:(t:1, i:18) file /workdir/hadoop-ozone/integration-test/target/test-dir/MiniOzoneClusterImpl-1abac8c2-5122-4d50-8eb0-e3407d0689a4/datanode-1/data/ratis/b4c8d299-78ae-4403-8e75-0a8797e472e2/sm/snapshot.1_18
2019-08-21 09:04:58,812 INFO  ratis.ContainerStateMachine (ContainerStateMachine.java:takeSnapshot(271)) - group-C39518EB4219: Taking a snapshot at:(t:1, i:14) file /workdir/hadoop-ozone/integration-test/target/test-dir/MiniOzoneClusterImpl-1abac8c2-5122-4d50-8eb0-e3407d0689a4/datanode-4/data/ratis/ab7bcd18-39e7-40e1-8c71-c39518eb4219/sm/snapshot.1_14
2019-08-21 09:04:58,812 INFO  impl.StateMachineUpdater (StateMachineUpdater.java:stopAndJoin(115)) - StateMachineUpdater:a5d326b4-5ae1-4ccd-a59a-21215a91a7bb:group-0A8797E472E2: set stopIndex = 18
2019-08-21 09:04:58,828 INFO  ratis.ContainerStateMachine (ContainerStateMachine.java:takeSnapshot(282)) - group-C39518EB4219: Finished taking a snapshot at:(t:1, i:14) file:/workdir/hadoop-ozone/integration-test/target/test-dir/MiniOzoneClusterImpl-1abac8c2-5122-4d50-8eb0-e3407d0689a4/datanode-4/data/ratis/ab7bcd18-39e7-40e1-8c71-c39518eb4219/sm/snapshot.1_14 time:16
2019-08-21 09:04:58,828 INFO  impl.StateMachineUpdater (StateMachineUpdater.java:takeSnapshot(242)) - StateMachineUpdater:da6f2729-b507-40c4-bf72-576bc4d2323c:group-C39518EB4219: Took a snapshot at index 14
2019-08-21 09:04:58,828 INFO  ratis.ContainerStateMachine (ContainerStateMachine.java:takeSnapshot(282)) - group-0A8797E472E2: Finished taking a snapshot at:(t:1, i:18) file:/workdir/hadoop-ozone/integration-test/target/test-dir/MiniOzoneClusterImpl-1abac8c2-5122-4d50-8eb0-e3407d0689a4/datanode-1/data/ratis/b4c8d299-78ae-4403-8e75-0a8797e472e2/sm/snapshot.1_18 time:16
2019-08-21 09:04:58,829 INFO  impl.StateMachineUpdater (StateMachineUpdater.java:takeSnapshot(242)) - StateMachineUpdater:a5d326b4-5ae1-4ccd-a59a-21215a91a7bb:group-0A8797E472E2: Took a snapshot at index 18
2019-08-21 09:04:58,828 INFO  impl.StateMachineUpdater (StateMachineUpdater.java:lambda$new$0(80)) - StateMachineUpdater:da6f2729-b507-40c4-bf72-576bc4d2323c:group-C39518EB4219: snapshotIndex: updateIncreasingly -1 -> 14
2019-08-21 09:04:58,829 INFO  impl.StateMachineUpdater (StateMachineUpdater.java:lambda$new$0(80)) - StateMachineUpdater:a5d326b4-5ae1-4ccd-a59a-21215a91a7bb:group-0A8797E472E2: snapshotIndex: updateIncreasingly -1 -> 18
2019-08-21 09:04:58,829 INFO  impl.RaftServerImpl (ServerState.java:close(394)) - da6f2729-b507-40c4-bf72-576bc4d2323c:group-C39518EB4219 closes. The last applied log index is 16
2019-08-21 09:04:58,829 INFO  impl.RaftServerImpl (ServerState.java:close(394)) - a5d326b4-5ae1-4ccd-a59a-21215a91a7bb:group-0A8797E472E2 closes. The last applied log index is 18
2019-08-21 09:04:58,830 INFO  segmented.SegmentedRaftLogWorker (SegmentedRaftLogWorker.java:run(313)) - da6f2729-b507-40c4-bf72-576bc4d2323c-SegmentedRaftLogWorker:Storage Directory /workdir/hadoop-ozone/integration-test/target/test-dir/MiniOzoneClusterImpl-1abac8c2-5122-4d50-8eb0-e3407d0689a4/datanode-4/data/ratis/ab7bcd18-39e7-40e1-8c71-c39518eb4219 was interrupted, exiting. There are 0 tasks remaining in the queue.
2019-08-21 09:04:58,830 INFO  segmented.SegmentedRaftLogWorker (SegmentedRaftLogWorker.java:run(313)) - a5d326b4-5ae1-4ccd-a59a-21215a91a7bb-SegmentedRaftLogWorker:Storage Directory /workdir/hadoop-ozone/integration-test/target/test-dir/MiniOzoneClusterImpl-1abac8c2-5122-4d50-8eb0-e3407d0689a4/datanode-1/data/ratis/b4c8d299-78ae-4403-8e75-0a8797e472e2 was interrupted, exiting. There are 0 tasks remaining in the queue.
2019-08-21 09:04:58,834 INFO  segmented.SegmentedRaftLogWorker (SegmentedRaftLogWorker.java:close(228)) - da6f2729-b507-40c4-bf72-576bc4d2323c-SegmentedRaftLogWorker:Storage Directory /workdir/hadoop-ozone/integration-test/target/test-dir/MiniOzoneClusterImpl-1abac8c2-5122-4d50-8eb0-e3407d0689a4/datanode-4/data/ratis/ab7bcd18-39e7-40e1-8c71-c39518eb4219 close()
2019-08-21 09:04:58,834 INFO  segmented.SegmentedRaftLogWorker (SegmentedRaftLogWorker.java:close(228)) - a5d326b4-5ae1-4ccd-a59a-21215a91a7bb-SegmentedRaftLogWorker:Storage Directory /workdir/hadoop-ozone/integration-test/target/test-dir/MiniOzoneClusterImpl-1abac8c2-5122-4d50-8eb0-e3407d0689a4/datanode-1/data/ratis/b4c8d299-78ae-4403-8e75-0a8797e472e2 close()
2019-08-21 09:04:58,837 INFO  impl.RaftServerImpl (RaftServerImpl.java:lambda$shutdown$3(245)) - da6f2729-b507-40c4-bf72-576bc4d2323c: shutdown group-621553FC5646
2019-08-21 09:04:58,840 INFO  impl.RaftServerImpl (RaftServerImpl.java:lambda$shutdown$3(245)) - a5d326b4-5ae1-4ccd-a59a-21215a91a7bb: shutdown group-5A0AFD2DC96B
2019-08-21 09:04:58,841 INFO  util.JmxRegister (JmxRegister.java:unregister(73)) - Successfully un-registered JMX Bean with object name Ratis:service=RaftServer,group=group-621553FC5646,id=da6f2729-b507-40c4-bf72-576bc4d2323c
2019-08-21 09:04:58,841 INFO  util.JmxRegister (JmxRegister.java:unregister(73)) - Successfully un-registered JMX Bean with object name Ratis:service=RaftServer,group=group-5A0AFD2DC96B,id=a5d326b4-5ae1-4ccd-a59a-21215a91a7bb
2019-08-21 09:04:58,842 INFO  impl.RoleInfo (RoleInfo.java:shutdownLeaderState(104)) - da6f2729-b507-40c4-bf72-576bc4d2323c: shutdown LeaderState
2019-08-21 09:04:58,842 INFO  impl.RoleInfo (RoleInfo.java:shutdownLeaderState(104)) - a5d326b4-5ae1-4ccd-a59a-21215a91a7bb: shutdown LeaderState
2019-08-21 09:04:58,842 INFO  impl.PendingRequests (PendingRequests.java:sendNotLeaderResponses(202)) - da6f2729-b507-40c4-bf72-576bc4d2323c-PendingRequests: sendNotLeaderResponses
2019-08-21 09:04:58,843 INFO  impl.PendingRequests (PendingRequests.java:sendNotLeaderResponses(202)) - a5d326b4-5ae1-4ccd-a59a-21215a91a7bb-PendingRequests: sendNotLeaderResponses
2019-08-21 09:04:58,843 INFO  impl.StateMachineUpdater (StateMachineUpdater.java:stopAndJoin(115)) - StateMachineUpdater:da6f2729-b507-40c4-bf72-576bc4d2323c:group-621553FC5646: set stopIndex = 0
2019-08-21 09:04:58,844 INFO  impl.RaftServerImpl (ServerState.java:close(394)) - da6f2729-b507-40c4-bf72-576bc4d2323c:group-621553FC5646 closes. The last applied log index is 0
2019-08-21 09:04:58,843 INFO  impl.StateMachineUpdater (StateMachineUpdater.java:stopAndJoin(115)) - StateMachineUpdater:a5d326b4-5ae1-4ccd-a59a-21215a91a7bb:group-5A0AFD2DC96B: set stopIndex = 0
2019-08-21 09:04:58,844 INFO  segmented.SegmentedRaftLogWorker (SegmentedRaftLogWorker.java:run(313)) - da6f2729-b507-40c4-bf72-576bc4d2323c-SegmentedRaftLogWorker:Storage Directory /workdir/hadoop-ozone/integration-test/target/test-dir/MiniOzoneClusterImpl-1abac8c2-5122-4d50-8eb0-e3407d0689a4/datanode-4/data/ratis/c29c30e2-3879-4743-b44f-621553fc5646 was interrupted, exiting. There are 0 tasks remaining in the queue.
2019-08-21 09:04:58,845 INFO  impl.RaftServerImpl (ServerState.java:close(394)) - a5d326b4-5ae1-4ccd-a59a-21215a91a7bb:group-5A0AFD2DC96B closes. The last applied log index is 0
2019-08-21 09:04:58,847 INFO  segmented.SegmentedRaftLogWorker (SegmentedRaftLogWorker.java:close(228)) - da6f2729-b507-40c4-bf72-576bc4d2323c-SegmentedRaftLogWorker:Storage Directory /workdir/hadoop-ozone/integration-test/target/test-dir/MiniOzoneClusterImpl-1abac8c2-5122-4d50-8eb0-e3407d0689a4/datanode-4/data/ratis/c29c30e2-3879-4743-b44f-621553fc5646 close()
2019-08-21 09:04:58,847 INFO  segmented.SegmentedRaftLogWorker (SegmentedRaftLogWorker.java:run(313)) - a5d326b4-5ae1-4ccd-a59a-21215a91a7bb-SegmentedRaftLogWorker:Storage Directory /workdir/hadoop-ozone/integration-test/target/test-dir/MiniOzoneClusterImpl-1abac8c2-5122-4d50-8eb0-e3407d0689a4/datanode-1/data/ratis/3c8f4c80-ec14-4929-b560-5a0afd2dc96b was interrupted, exiting. There are 0 tasks remaining in the queue.
2019-08-21 09:04:58,852 INFO  server.GrpcService (GrpcService.java:closeImpl(155)) - da6f2729-b507-40c4-bf72-576bc4d2323c: shutdown server with port 40707 now
2019-08-21 09:04:58,852 INFO  segmented.SegmentedRaftLogWorker (SegmentedRaftLogWorker.java:close(228)) - a5d326b4-5ae1-4ccd-a59a-21215a91a7bb-SegmentedRaftLogWorker:Storage Directory /workdir/hadoop-ozone/integration-test/target/test-dir/MiniOzoneClusterImpl-1abac8c2-5122-4d50-8eb0-e3407d0689a4/datanode-1/data/ratis/3c8f4c80-ec14-4929-b560-5a0afd2dc96b close()
2019-08-21 09:04:58,856 INFO  server.GrpcService (GrpcService.java:closeImpl(155)) - a5d326b4-5ae1-4ccd-a59a-21215a91a7bb: shutdown server with port 43807 now
2019-08-21 09:04:58,858 INFO  server.GrpcService (GrpcService.java:closeImpl(163)) - da6f2729-b507-40c4-bf72-576bc4d2323c: shutdown server with port 40707 successfully
2019-08-21 09:04:58,858 WARN  client.GrpcClientProtocolService (LogUtils.java:warn(134)) - 1-UnorderedRequestStreamObserver1: onError: org.apache.ratis.thirdparty.io.grpc.StatusRuntimeException: CANCELLED: cancelled before receiving half close
2019-08-21 09:04:58,864 INFO  server.GrpcService (GrpcService.java:closeImpl(163)) - a5d326b4-5ae1-4ccd-a59a-21215a91a7bb: shutdown server with port 43807 successfully
2019-08-21 09:04:58,865 WARN  client.GrpcClientProtocolService (LogUtils.java:warn(134)) - 1-UnorderedRequestStreamObserver1: onError: org.apache.ratis.thirdparty.io.grpc.StatusRuntimeException: CANCELLED: cancelled before receiving half close
2019-08-21 09:04:58,876 INFO  utils.BackgroundService (BackgroundService.java:shutdown(148)) - Shutting down service BlockDeletingService
2019-08-21 09:04:58,880 INFO  utils.BackgroundService (BackgroundService.java:shutdown(148)) - Shutting down service BlockDeletingService
2019-08-21 09:04:58,885 WARN  fs.CachingGetSpaceUsed (CachingGetSpaceUsed.java:run(183)) - Thread Interrupted waiting to refresh disk information: sleep interrupted
2019-08-21 09:04:58,887 WARN  fs.CachingGetSpaceUsed (CachingGetSpaceUsed.java:run(183)) - Thread Interrupted waiting to refresh disk information: sleep interrupted
2019-08-21 09:04:58,914 INFO  statemachine.DatanodeStateMachine (DatanodeStateMachine.java:stopDaemon(395)) - Ozone container server stopped.
2019-08-21 09:04:58,915 INFO  statemachine.DatanodeStateMachine (DatanodeStateMachine.java:stopDaemon(395)) - Ozone container server stopped.
2019-08-21 09:04:58,920 INFO  handler.ContextHandler (ContextHandler.java:doStop(910)) - Stopped o.e.j.w.WebAppContext@4837f97e{/,null,UNAVAILABLE}{/hddsDatanode}
2019-08-21 09:04:58,920 INFO  handler.ContextHandler (ContextHandler.java:doStop(910)) - Stopped o.e.j.w.WebAppContext@36c7cbe1{/,null,UNAVAILABLE}{/hddsDatanode}
2019-08-21 09:04:58,922 INFO  server.AbstractConnector (AbstractConnector.java:doStop(318)) - Stopped ServerConnector@53314f76{HTTP/1.1,[http/1.1]}{0.0.0.0:0}
2019-08-21 09:04:58,922 INFO  server.AbstractConnector (AbstractConnector.java:doStop(318)) - Stopped ServerConnector@1ac6dd3d{HTTP/1.1,[http/1.1]}{0.0.0.0:0}
2019-08-21 09:04:58,922 INFO  handler.ContextHandler (ContextHandler.java:doStop(910)) - Stopped o.e.j.s.ServletContextHandler@30abf79c{/static,jar:file:/home/user/.m2/repository/org/apache/hadoop/hadoop-hdds-container-service/0.5.0-SNAPSHOT/hadoop-hdds-container-service-0.5.0-SNAPSHOT.jar!/webapps/static,UNAVAILABLE}
2019-08-21 09:04:58,924 INFO  handler.ContextHandler (ContextHandler.java:doStop(910)) - Stopped o.e.j.s.ServletContextHandler@198536f6{/static,jar:file:/home/user/.m2/repository/org/apache/hadoop/hadoop-hdds-container-service/0.5.0-SNAPSHOT/hadoop-hdds-container-service-0.5.0-SNAPSHOT.jar!/webapps/static,UNAVAILABLE}
2019-08-21 09:04:58,924 INFO  handler.ContextHandler (ContextHandler.java:doStop(910)) - Stopped o.e.j.s.ServletContextHandler@2bd8f7db{/logs,file:///workdir/hadoop-ozone/integration-test/target/log,UNAVAILABLE}
2019-08-21 09:04:58,926 INFO  handler.ContextHandler (ContextHandler.java:doStop(910)) - Stopped o.e.j.s.ServletContextHandler@388c519{/logs,file:///workdir/hadoop-ozone/integration-test/target/log,UNAVAILABLE}
2019-08-21 09:04:58,928 INFO  datanode.ObjectStoreHandler (ObjectStoreHandler.java:close(155)) - Closing ObjectStoreHandler.
2019-08-21 09:04:58,928 INFO  datanode.ObjectStoreHandler (ObjectStoreHandler.java:close(155)) - Closing ObjectStoreHandler.
2019-08-21 09:04:58,929 INFO  ozone.HddsDatanodeService (HddsDatanodeService.java:stop(451)) - Stopped plug-in org.apache.hadoop.ozone.web.OzoneHddsDatanodeService@240a2619
2019-08-21 09:04:58,929 INFO  ozone.HddsDatanodeService (HddsDatanodeService.java:stop(451)) - Stopped plug-in org.apache.hadoop.ozone.web.OzoneHddsDatanodeService@3f9b7fe1
2019-08-21 09:04:59,499 INFO  statemachine.DatanodeStateMachine (DatanodeStateMachine.java:lambda$startDaemon$0(350)) - Ozone container server started.
2019-08-21 09:04:59,499 INFO  statemachine.DatanodeStateMachine (DatanodeStateMachine.java:lambda$startDaemon$0(350)) - Ozone container server started.
2019-08-21 09:05:03,546 INFO  node.StaleNodeHandler (StaleNodeHandler.java:onMessage(58)) - Datanode f261e572-4f21-430e-a56c-78edd2a2bfef{ip: 192.168.157.251, host: pr-hdds-1948-qvnss-3490636412, networkLocation: /default-rack, certSerialId: null} moved to stale state. Finalizing its pipelines [PipelineID=ab7bcd18-39e7-40e1-8c71-c39518eb4219, PipelineID=d5709aff-7bc4-4b1c-bf37-130620583cd3]
2019-08-21 09:05:03,546 INFO  pipeline.SCMPipelineManager (SCMPipelineManager.java:finalizeAndDestroyPipeline(309)) - destroying pipeline:Pipeline[ Id: ab7bcd18-39e7-40e1-8c71-c39518eb4219, Nodes: f261e572-4f21-430e-a56c-78edd2a2bfef{ip: 192.168.157.251, host: pr-hdds-1948-qvnss-3490636412, networkLocation: /default-rack, certSerialId: null}da6f2729-b507-40c4-bf72-576bc4d2323c{ip: 192.168.157.251, host: pr-hdds-1948-qvnss-3490636412, networkLocation: /default-rack, certSerialId: null}1dfce845-6d7d-4e6b-815a-0ae574d8651b{ip: 192.168.157.251, host: pr-hdds-1948-qvnss-3490636412, networkLocation: /default-rack, certSerialId: null}, Type:RATIS, Factor:THREE, State:CLOSED]
2019-08-21 09:05:03,547 INFO  pipeline.SCMPipelineManager (SCMPipelineManager.java:finalizeAndDestroyPipeline(309)) - destroying pipeline:Pipeline[ Id: d5709aff-7bc4-4b1c-bf37-130620583cd3, Nodes: f261e572-4f21-430e-a56c-78edd2a2bfef{ip: 192.168.157.251, host: pr-hdds-1948-qvnss-3490636412, networkLocation: /default-rack, certSerialId: null}, Type:RATIS, Factor:ONE, State:OPEN]
2019-08-21 09:05:03,547 INFO  pipeline.PipelineStateManager (PipelineStateManager.java:finalizePipeline(123)) - Pipeline Pipeline[ Id: d5709aff-7bc4-4b1c-bf37-130620583cd3, Nodes: f261e572-4f21-430e-a56c-78edd2a2bfef{ip: 192.168.157.251, host: pr-hdds-1948-qvnss-3490636412, networkLocation: /default-rack, certSerialId: null}, Type:RATIS, Factor:ONE, State:CLOSED] moved to CLOSED state
2019-08-21 09:05:03,547 INFO  node.StaleNodeHandler (StaleNodeHandler.java:onMessage(58)) - Datanode 1dfce845-6d7d-4e6b-815a-0ae574d8651b{ip: 192.168.157.251, host: pr-hdds-1948-qvnss-3490636412, networkLocation: /default-rack, certSerialId: null} moved to stale state. Finalizing its pipelines [PipelineID=ab7bcd18-39e7-40e1-8c71-c39518eb4219, PipelineID=3e0ca93d-b728-448b-81c9-890e201e4f97]
2019-08-21 09:05:03,547 INFO  pipeline.SCMPipelineManager (SCMPipelineManager.java:finalizeAndDestroyPipeline(309)) - destroying pipeline:Pipeline[ Id: ab7bcd18-39e7-40e1-8c71-c39518eb4219, Nodes: f261e572-4f21-430e-a56c-78edd2a2bfef{ip: 192.168.157.251, host: pr-hdds-1948-qvnss-3490636412, networkLocation: /default-rack, certSerialId: null}da6f2729-b507-40c4-bf72-576bc4d2323c{ip: 192.168.157.251, host: pr-hdds-1948-qvnss-3490636412, networkLocation: /default-rack, certSerialId: null}1dfce845-6d7d-4e6b-815a-0ae574d8651b{ip: 192.168.157.251, host: pr-hdds-1948-qvnss-3490636412, networkLocation: /default-rack, certSerialId: null}, Type:RATIS, Factor:THREE, State:CLOSED]
2019-08-21 09:05:03,548 INFO  pipeline.SCMPipelineManager (SCMPipelineManager.java:finalizeAndDestroyPipeline(309)) - destroying pipeline:Pipeline[ Id: 3e0ca93d-b728-448b-81c9-890e201e4f97, Nodes: 1dfce845-6d7d-4e6b-815a-0ae574d8651b{ip: 192.168.157.251, host: pr-hdds-1948-qvnss-3490636412, networkLocation: /default-rack, certSerialId: null}, Type:RATIS, Factor:ONE, State:OPEN]
2019-08-21 09:05:03,548 INFO  pipeline.PipelineStateManager (PipelineStateManager.java:finalizePipeline(123)) - Pipeline Pipeline[ Id: 3e0ca93d-b728-448b-81c9-890e201e4f97, Nodes: 1dfce845-6d7d-4e6b-815a-0ae574d8651b{ip: 192.168.157.251, host: pr-hdds-1948-qvnss-3490636412, networkLocation: /default-rack, certSerialId: null}, Type:RATIS, Factor:ONE, State:CLOSED] moved to CLOSED state
2019-08-21 09:05:03,930 INFO  ozoneimpl.OzoneContainer (OzoneContainer.java:stop(199)) - Attempting to stop container services.
2019-08-21 09:05:03,930 INFO  ozoneimpl.OzoneContainer (OzoneContainer.java:stop(199)) - Attempting to stop container services.
2019-08-21 09:05:03,936 INFO  impl.RaftServerProxy (RaftServerProxy.java:lambda$close$4(314)) - 1dfce845-6d7d-4e6b-815a-0ae574d8651b: close
2019-08-21 09:05:03,937 INFO  impl.RaftServerProxy (RaftServerProxy.java:lambda$close$4(314)) - f261e572-4f21-430e-a56c-78edd2a2bfef: close
2019-08-21 09:05:03,937 INFO  impl.RaftServerImpl (RaftServerImpl.java:lambda$shutdown$3(245)) - 1dfce845-6d7d-4e6b-815a-0ae574d8651b: shutdown group-C39518EB4219
2019-08-21 09:05:03,937 INFO  impl.RaftServerImpl (RaftServerImpl.java:lambda$shutdown$3(245)) - f261e572-4f21-430e-a56c-78edd2a2bfef: shutdown group-C39518EB4219
2019-08-21 09:05:03,937 INFO  util.JmxRegister (JmxRegister.java:unregister(73)) - Successfully un-registered JMX Bean with object name Ratis:service=RaftServer,group=group-C39518EB4219,id=1dfce845-6d7d-4e6b-815a-0ae574d8651b
2019-08-21 09:05:03,938 INFO  util.JmxRegister (JmxRegister.java:unregister(73)) - Successfully un-registered JMX Bean with object name Ratis:service=RaftServer,group=group-C39518EB4219,id=f261e572-4f21-430e-a56c-78edd2a2bfef
2019-08-21 09:05:03,939 INFO  impl.RoleInfo (RoleInfo.java:shutdownFollowerState(121)) - f261e572-4f21-430e-a56c-78edd2a2bfef: shutdown FollowerState
2019-08-21 09:05:03,938 INFO  impl.RoleInfo (RoleInfo.java:shutdownFollowerState(121)) - 1dfce845-6d7d-4e6b-815a-0ae574d8651b: shutdown FollowerState
2019-08-21 09:05:03,940 INFO  ratis.ContainerStateMachine (ContainerStateMachine.java:takeSnapshot(271)) - group-C39518EB4219: Taking a snapshot at:(t:1, i:14) file /workdir/hadoop-ozone/integration-test/target/test-dir/MiniOzoneClusterImpl-1abac8c2-5122-4d50-8eb0-e3407d0689a4/datanode-6/data/ratis/ab7bcd18-39e7-40e1-8c71-c39518eb4219/sm/snapshot.1_14
2019-08-21 09:05:03,940 INFO  impl.FollowerState (FollowerState.java:run(114)) - 1dfce845-6d7d-4e6b-815a-0ae574d8651b: FollowerState was interrupted: java.lang.InterruptedException: sleep interrupted
2019-08-21 09:05:03,940 INFO  impl.FollowerState (FollowerState.java:run(114)) - f261e572-4f21-430e-a56c-78edd2a2bfef: FollowerState was interrupted: java.lang.InterruptedException: sleep interrupted
2019-08-21 09:05:03,939 INFO  impl.StateMachineUpdater (StateMachineUpdater.java:stopAndJoin(115)) - StateMachineUpdater:f261e572-4f21-430e-a56c-78edd2a2bfef:group-C39518EB4219: set stopIndex = 16
2019-08-21 09:05:03,940 INFO  ratis.ContainerStateMachine (ContainerStateMachine.java:takeSnapshot(271)) - group-C39518EB4219: Taking a snapshot at:(t:1, i:14) file /workdir/hadoop-ozone/integration-test/target/test-dir/MiniOzoneClusterImpl-1abac8c2-5122-4d50-8eb0-e3407d0689a4/datanode-0/data/ratis/ab7bcd18-39e7-40e1-8c71-c39518eb4219/sm/snapshot.1_14
2019-08-21 09:05:03,940 INFO  impl.StateMachineUpdater (StateMachineUpdater.java:stopAndJoin(115)) - StateMachineUpdater:1dfce845-6d7d-4e6b-815a-0ae574d8651b:group-C39518EB4219: set stopIndex = 16
2019-08-21 09:05:03,955 INFO  ratis.ContainerStateMachine (ContainerStateMachine.java:takeSnapshot(282)) - group-C39518EB4219: Finished taking a snapshot at:(t:1, i:14) file:/workdir/hadoop-ozone/integration-test/target/test-dir/MiniOzoneClusterImpl-1abac8c2-5122-4d50-8eb0-e3407d0689a4/datanode-6/data/ratis/ab7bcd18-39e7-40e1-8c71-c39518eb4219/sm/snapshot.1_14 time:16
2019-08-21 09:05:03,955 INFO  ratis.ContainerStateMachine (ContainerStateMachine.java:takeSnapshot(282)) - group-C39518EB4219: Finished taking a snapshot at:(t:1, i:14) file:/workdir/hadoop-ozone/integration-test/target/test-dir/MiniOzoneClusterImpl-1abac8c2-5122-4d50-8eb0-e3407d0689a4/datanode-0/data/ratis/ab7bcd18-39e7-40e1-8c71-c39518eb4219/sm/snapshot.1_14 time:15
2019-08-21 09:05:03,955 INFO  impl.StateMachineUpdater (StateMachineUpdater.java:takeSnapshot(242)) - StateMachineUpdater:f261e572-4f21-430e-a56c-78edd2a2bfef:group-C39518EB4219: Took a snapshot at index 14
2019-08-21 09:05:03,956 INFO  impl.StateMachineUpdater (StateMachineUpdater.java:takeSnapshot(242)) - StateMachineUpdater:1dfce845-6d7d-4e6b-815a-0ae574d8651b:group-C39518EB4219: Took a snapshot at index 14
2019-08-21 09:05:03,956 INFO  impl.StateMachineUpdater (StateMachineUpdater.java:lambda$new$0(80)) - StateMachineUpdater:f261e572-4f21-430e-a56c-78edd2a2bfef:group-C39518EB4219: snapshotIndex: updateIncreasingly -1 -> 14
2019-08-21 09:05:03,956 INFO  impl.StateMachineUpdater (StateMachineUpdater.java:lambda$new$0(80)) - StateMachineUpdater:1dfce845-6d7d-4e6b-815a-0ae574d8651b:group-C39518EB4219: snapshotIndex: updateIncreasingly -1 -> 14
2019-08-21 09:05:03,957 INFO  impl.RaftServerImpl (ServerState.java:close(394)) - f261e572-4f21-430e-a56c-78edd2a2bfef:group-C39518EB4219 closes. The last applied log index is 16
2019-08-21 09:05:03,957 INFO  impl.RaftServerImpl (ServerState.java:close(394)) - 1dfce845-6d7d-4e6b-815a-0ae574d8651b:group-C39518EB4219 closes. The last applied log index is 16
2019-08-21 09:05:03,957 INFO  segmented.SegmentedRaftLogWorker (SegmentedRaftLogWorker.java:run(313)) - f261e572-4f21-430e-a56c-78edd2a2bfef-SegmentedRaftLogWorker:Storage Directory /workdir/hadoop-ozone/integration-test/target/test-dir/MiniOzoneClusterImpl-1abac8c2-5122-4d50-8eb0-e3407d0689a4/datanode-6/data/ratis/ab7bcd18-39e7-40e1-8c71-c39518eb4219 was interrupted, exiting. There are 0 tasks remaining in the queue.
2019-08-21 09:05:03,958 INFO  segmented.SegmentedRaftLogWorker (SegmentedRaftLogWorker.java:run(313)) - 1dfce845-6d7d-4e6b-815a-0ae574d8651b-SegmentedRaftLogWorker:Storage Directory /workdir/hadoop-ozone/integration-test/target/test-dir/MiniOzoneClusterImpl-1abac8c2-5122-4d50-8eb0-e3407d0689a4/datanode-0/data/ratis/ab7bcd18-39e7-40e1-8c71-c39518eb4219 was interrupted, exiting. There are 0 tasks remaining in the queue.
2019-08-21 09:05:03,959 INFO  segmented.SegmentedRaftLogWorker (SegmentedRaftLogWorker.java:close(228)) - f261e572-4f21-430e-a56c-78edd2a2bfef-SegmentedRaftLogWorker:Storage Directory /workdir/hadoop-ozone/integration-test/target/test-dir/MiniOzoneClusterImpl-1abac8c2-5122-4d50-8eb0-e3407d0689a4/datanode-6/data/ratis/ab7bcd18-39e7-40e1-8c71-c39518eb4219 close()
2019-08-21 09:05:03,961 INFO  segmented.SegmentedRaftLogWorker (SegmentedRaftLogWorker.java:close(228)) - 1dfce845-6d7d-4e6b-815a-0ae574d8651b-SegmentedRaftLogWorker:Storage Directory /workdir/hadoop-ozone/integration-test/target/test-dir/MiniOzoneClusterImpl-1abac8c2-5122-4d50-8eb0-e3407d0689a4/datanode-0/data/ratis/ab7bcd18-39e7-40e1-8c71-c39518eb4219 close()
2019-08-21 09:05:03,964 INFO  impl.RaftServerImpl (RaftServerImpl.java:lambda$shutdown$3(245)) - f261e572-4f21-430e-a56c-78edd2a2bfef: shutdown group-130620583CD3
2019-08-21 09:05:03,970 INFO  impl.RaftServerImpl (RaftServerImpl.java:lambda$shutdown$3(245)) - 1dfce845-6d7d-4e6b-815a-0ae574d8651b: shutdown group-890E201E4F97
2019-08-21 09:05:03,970 INFO  util.JmxRegister (JmxRegister.java:unregister(73)) - Successfully un-registered JMX Bean with object name Ratis:service=RaftServer,group=group-130620583CD3,id=f261e572-4f21-430e-a56c-78edd2a2bfef
2019-08-21 09:05:03,971 INFO  util.JmxRegister (JmxRegister.java:unregister(73)) - Successfully un-registered JMX Bean with object name Ratis:service=RaftServer,group=group-890E201E4F97,id=1dfce845-6d7d-4e6b-815a-0ae574d8651b
2019-08-21 09:05:03,971 INFO  impl.RoleInfo (RoleInfo.java:shutdownLeaderState(104)) - f261e572-4f21-430e-a56c-78edd2a2bfef: shutdown LeaderState
2019-08-21 09:05:03,971 INFO  impl.RoleInfo (RoleInfo.java:shutdownLeaderState(104)) - 1dfce845-6d7d-4e6b-815a-0ae574d8651b: shutdown LeaderState
2019-08-21 09:05:03,972 INFO  impl.PendingRequests (PendingRequests.java:sendNotLeaderResponses(202)) - f261e572-4f21-430e-a56c-78edd2a2bfef-PendingRequests: sendNotLeaderResponses
2019-08-21 09:05:03,972 INFO  impl.PendingRequests (PendingRequests.java:sendNotLeaderResponses(202)) - 1dfce845-6d7d-4e6b-815a-0ae574d8651b-PendingRequests: sendNotLeaderResponses
2019-08-21 09:05:03,973 INFO  impl.StateMachineUpdater (StateMachineUpdater.java:stopAndJoin(115)) - StateMachineUpdater:f261e572-4f21-430e-a56c-78edd2a2bfef:group-130620583CD3: set stopIndex = 0
2019-08-21 09:05:03,973 INFO  impl.StateMachineUpdater (StateMachineUpdater.java:stopAndJoin(115)) - StateMachineUpdater:1dfce845-6d7d-4e6b-815a-0ae574d8651b:group-890E201E4F97: set stopIndex = 0
2019-08-21 09:05:03,974 INFO  impl.RaftServerImpl (ServerState.java:close(394)) - f261e572-4f21-430e-a56c-78edd2a2bfef:group-130620583CD3 closes. The last applied log index is 0
2019-08-21 09:05:03,974 INFO  impl.RaftServerImpl (ServerState.java:close(394)) - 1dfce845-6d7d-4e6b-815a-0ae574d8651b:group-890E201E4F97 closes. The last applied log index is 0
2019-08-21 09:05:03,975 INFO  segmented.SegmentedRaftLogWorker (SegmentedRaftLogWorker.java:run(313)) - f261e572-4f21-430e-a56c-78edd2a2bfef-SegmentedRaftLogWorker:Storage Directory /workdir/hadoop-ozone/integration-test/target/test-dir/MiniOzoneClusterImpl-1abac8c2-5122-4d50-8eb0-e3407d0689a4/datanode-6/data/ratis/d5709aff-7bc4-4b1c-bf37-130620583cd3 was interrupted, exiting. There are 0 tasks remaining in the queue.
2019-08-21 09:05:03,975 INFO  segmented.SegmentedRaftLogWorker (SegmentedRaftLogWorker.java:run(313)) - 1dfce845-6d7d-4e6b-815a-0ae574d8651b-SegmentedRaftLogWorker:Storage Directory /workdir/hadoop-ozone/integration-test/target/test-dir/MiniOzoneClusterImpl-1abac8c2-5122-4d50-8eb0-e3407d0689a4/datanode-0/data/ratis/3e0ca93d-b728-448b-81c9-890e201e4f97 was interrupted, exiting. There are 0 tasks remaining in the queue.
2019-08-21 09:05:03,975 INFO  segmented.SegmentedRaftLogWorker (SegmentedRaftLogWorker.java:close(228)) - f261e572-4f21-430e-a56c-78edd2a2bfef-SegmentedRaftLogWorker:Storage Directory /workdir/hadoop-ozone/integration-test/target/test-dir/MiniOzoneClusterImpl-1abac8c2-5122-4d50-8eb0-e3407d0689a4/datanode-6/data/ratis/d5709aff-7bc4-4b1c-bf37-130620583cd3 close()
2019-08-21 09:05:03,975 INFO  segmented.SegmentedRaftLogWorker (SegmentedRaftLogWorker.java:close(228)) - 1dfce845-6d7d-4e6b-815a-0ae574d8651b-SegmentedRaftLogWorker:Storage Directory /workdir/hadoop-ozone/integration-test/target/test-dir/MiniOzoneClusterImpl-1abac8c2-5122-4d50-8eb0-e3407d0689a4/datanode-0/data/ratis/3e0ca93d-b728-448b-81c9-890e201e4f97 close()
2019-08-21 09:05:03,977 INFO  server.GrpcService (GrpcService.java:closeImpl(155)) - f261e572-4f21-430e-a56c-78edd2a2bfef: shutdown server with port 38373 now
2019-08-21 09:05:03,979 INFO  server.GrpcService (GrpcService.java:closeImpl(155)) - 1dfce845-6d7d-4e6b-815a-0ae574d8651b: shutdown server with port 35311 now
2019-08-21 09:05:03,983 INFO  server.GrpcService (GrpcService.java:closeImpl(163)) - f261e572-4f21-430e-a56c-78edd2a2bfef: shutdown server with port 38373 successfully
2019-08-21 09:05:03,984 INFO  server.GrpcService (GrpcService.java:closeImpl(163)) - 1dfce845-6d7d-4e6b-815a-0ae574d8651b: shutdown server with port 35311 successfully
2019-08-21 09:05:03,991 INFO  utils.BackgroundService (BackgroundService.java:shutdown(148)) - Shutting down service BlockDeletingService
2019-08-21 09:05:03,997 WARN  fs.CachingGetSpaceUsed (CachingGetSpaceUsed.java:run(183)) - Thread Interrupted waiting to refresh disk information: sleep interrupted
2019-08-21 09:05:04,003 INFO  utils.BackgroundService (BackgroundService.java:shutdown(148)) - Shutting down service BlockDeletingService
2019-08-21 09:05:04,007 WARN  fs.CachingGetSpaceUsed (CachingGetSpaceUsed.java:run(183)) - Thread Interrupted waiting to refresh disk information: sleep interrupted
2019-08-21 09:05:04,031 INFO  statemachine.DatanodeStateMachine (DatanodeStateMachine.java:stopDaemon(395)) - Ozone container server stopped.
2019-08-21 09:05:04,039 INFO  statemachine.DatanodeStateMachine (DatanodeStateMachine.java:stopDaemon(395)) - Ozone container server stopped.
2019-08-21 09:05:04,046 INFO  handler.ContextHandler (ContextHandler.java:doStop(910)) - Stopped o.e.j.w.WebAppContext@4ae8fb2a{/,null,UNAVAILABLE}{/hddsDatanode}
2019-08-21 09:05:04,046 INFO  handler.ContextHandler (ContextHandler.java:doStop(910)) - Stopped o.e.j.w.WebAppContext@1bc0d349{/,null,UNAVAILABLE}{/hddsDatanode}
2019-08-21 09:05:04,047 INFO  server.AbstractConnector (AbstractConnector.java:doStop(318)) - Stopped ServerConnector@54326e9{HTTP/1.1,[http/1.1]}{0.0.0.0:0}
2019-08-21 09:05:04,048 INFO  server.AbstractConnector (AbstractConnector.java:doStop(318)) - Stopped ServerConnector@644ded04{HTTP/1.1,[http/1.1]}{0.0.0.0:0}
2019-08-21 09:05:04,048 INFO  handler.ContextHandler (ContextHandler.java:doStop(910)) - Stopped o.e.j.s.ServletContextHandler@48567727{/static,jar:file:/home/user/.m2/repository/org/apache/hadoop/hadoop-hdds-container-service/0.5.0-SNAPSHOT/hadoop-hdds-container-service-0.5.0-SNAPSHOT.jar!/webapps/static,UNAVAILABLE}
2019-08-21 09:05:04,049 INFO  handler.ContextHandler (ContextHandler.java:doStop(910)) - Stopped o.e.j.s.ServletContextHandler@1a865273{/static,jar:file:/home/user/.m2/repository/org/apache/hadoop/hadoop-hdds-container-service/0.5.0-SNAPSHOT/hadoop-hdds-container-service-0.5.0-SNAPSHOT.jar!/webapps/static,UNAVAILABLE}
2019-08-21 09:05:04,050 INFO  handler.ContextHandler (ContextHandler.java:doStop(910)) - Stopped o.e.j.s.ServletContextHandler@6afbe6a1{/logs,file:///workdir/hadoop-ozone/integration-test/target/log,UNAVAILABLE}
2019-08-21 09:05:04,051 INFO  handler.ContextHandler (ContextHandler.java:doStop(910)) - Stopped o.e.j.s.ServletContextHandler@312b34e3{/logs,file:///workdir/hadoop-ozone/integration-test/target/log,UNAVAILABLE}
2019-08-21 09:05:04,053 INFO  datanode.ObjectStoreHandler (ObjectStoreHandler.java:close(155)) - Closing ObjectStoreHandler.
2019-08-21 09:05:04,054 INFO  ozone.HddsDatanodeService (HddsDatanodeService.java:stop(451)) - Stopped plug-in org.apache.hadoop.ozone.web.OzoneHddsDatanodeService@20a3e10c
2019-08-21 09:05:04,330 INFO  statemachine.DatanodeStateMachine (DatanodeStateMachine.java:lambda$startDaemon$0(350)) - Ozone container server started.
2019-08-21 09:05:08,354 INFO  node.StaleNodeHandler (StaleNodeHandler.java:onMessage(58)) - Datanode edcd44f5-5bba-4f95-8988-58d97d9bab93{ip: 192.168.157.251, host: pr-hdds-1948-qvnss-3490636412, networkLocation: /default-rack, certSerialId: null} moved to stale state. Finalizing its pipelines [PipelineID=6cdbb0c0-0014-4a2a-a823-666d5be1a717]
2019-08-21 09:05:08,355 INFO  pipeline.SCMPipelineManager (SCMPipelineManager.java:finalizeAndDestroyPipeline(309)) - destroying pipeline:Pipeline[ Id: 6cdbb0c0-0014-4a2a-a823-666d5be1a717, Nodes: edcd44f5-5bba-4f95-8988-58d97d9bab93{ip: 192.168.157.251, host: pr-hdds-1948-qvnss-3490636412, networkLocation: /default-rack, certSerialId: null}, Type:RATIS, Factor:ONE, State:OPEN]
2019-08-21 09:05:08,355 INFO  pipeline.PipelineStateManager (PipelineStateManager.java:finalizePipeline(123)) - Pipeline Pipeline[ Id: 6cdbb0c0-0014-4a2a-a823-666d5be1a717, Nodes: edcd44f5-5bba-4f95-8988-58d97d9bab93{ip: 192.168.157.251, host: pr-hdds-1948-qvnss-3490636412, networkLocation: /default-rack, certSerialId: null}, Type:RATIS, Factor:ONE, State:CLOSED] moved to CLOSED state
2019-08-21 09:05:09,055 INFO  ozoneimpl.OzoneContainer (OzoneContainer.java:stop(199)) - Attempting to stop container services.
2019-08-21 09:05:09,056 INFO  impl.RaftServerProxy (RaftServerProxy.java:lambda$close$4(314)) - edcd44f5-5bba-4f95-8988-58d97d9bab93: close
2019-08-21 09:05:09,056 INFO  impl.RaftServerImpl (RaftServerImpl.java:lambda$shutdown$3(245)) - edcd44f5-5bba-4f95-8988-58d97d9bab93: shutdown group-666D5BE1A717
2019-08-21 09:05:09,057 INFO  util.JmxRegister (JmxRegister.java:unregister(73)) - Successfully un-registered JMX Bean with object name Ratis:service=RaftServer,group=group-666D5BE1A717,id=edcd44f5-5bba-4f95-8988-58d97d9bab93
2019-08-21 09:05:09,057 INFO  impl.RoleInfo (RoleInfo.java:shutdownLeaderState(104)) - edcd44f5-5bba-4f95-8988-58d97d9bab93: shutdown LeaderState
2019-08-21 09:05:09,057 INFO  impl.PendingRequests (PendingRequests.java:sendNotLeaderResponses(202)) - edcd44f5-5bba-4f95-8988-58d97d9bab93-PendingRequests: sendNotLeaderResponses
2019-08-21 09:05:09,058 INFO  impl.StateMachineUpdater (StateMachineUpdater.java:stopAndJoin(115)) - StateMachineUpdater:edcd44f5-5bba-4f95-8988-58d97d9bab93:group-666D5BE1A717: set stopIndex = 0
2019-08-21 09:05:09,058 INFO  impl.RaftServerImpl (ServerState.java:close(394)) - edcd44f5-5bba-4f95-8988-58d97d9bab93:group-666D5BE1A717 closes. The last applied log index is 0
2019-08-21 09:05:09,059 INFO  segmented.SegmentedRaftLogWorker (SegmentedRaftLogWorker.java:run(313)) - edcd44f5-5bba-4f95-8988-58d97d9bab93-SegmentedRaftLogWorker:Storage Directory /workdir/hadoop-ozone/integration-test/target/test-dir/MiniOzoneClusterImpl-1abac8c2-5122-4d50-8eb0-e3407d0689a4/datanode-5/data/ratis/6cdbb0c0-0014-4a2a-a823-666d5be1a717 was interrupted, exiting. There are 0 tasks remaining in the queue.
2019-08-21 09:05:09,059 INFO  segmented.SegmentedRaftLogWorker (SegmentedRaftLogWorker.java:close(228)) - edcd44f5-5bba-4f95-8988-58d97d9bab93-SegmentedRaftLogWorker:Storage Directory /workdir/hadoop-ozone/integration-test/target/test-dir/MiniOzoneClusterImpl-1abac8c2-5122-4d50-8eb0-e3407d0689a4/datanode-5/data/ratis/6cdbb0c0-0014-4a2a-a823-666d5be1a717 close()
2019-08-21 09:05:09,061 INFO  server.GrpcService (GrpcService.java:closeImpl(155)) - edcd44f5-5bba-4f95-8988-58d97d9bab93: shutdown server with port 34452 now
2019-08-21 09:05:09,063 INFO  server.GrpcService (GrpcService.java:closeImpl(163)) - edcd44f5-5bba-4f95-8988-58d97d9bab93: shutdown server with port 34452 successfully
2019-08-21 09:05:09,064 INFO  utils.BackgroundService (BackgroundService.java:shutdown(148)) - Shutting down service BlockDeletingService
2019-08-21 09:05:09,074 WARN  fs.CachingGetSpaceUsed (CachingGetSpaceUsed.java:run(183)) - Thread Interrupted waiting to refresh disk information: sleep interrupted
2019-08-21 09:05:09,092 INFO  statemachine.DatanodeStateMachine (DatanodeStateMachine.java:stopDaemon(395)) - Ozone container server stopped.
2019-08-21 09:05:09,104 INFO  handler.ContextHandler (ContextHandler.java:doStop(910)) - Stopped o.e.j.w.WebAppContext@2fde9469{/,null,UNAVAILABLE}{/hddsDatanode}
2019-08-21 09:05:09,105 INFO  server.AbstractConnector (AbstractConnector.java:doStop(318)) - Stopped ServerConnector@1ecf0ac6{HTTP/1.1,[http/1.1]}{0.0.0.0:0}
2019-08-21 09:05:09,106 INFO  handler.ContextHandler (ContextHandler.java:doStop(910)) - Stopped o.e.j.s.ServletContextHandler@2aee0704{/static,jar:file:/home/user/.m2/repository/org/apache/hadoop/hadoop-hdds-container-service/0.5.0-SNAPSHOT/hadoop-hdds-container-service-0.5.0-SNAPSHOT.jar!/webapps/static,UNAVAILABLE}
2019-08-21 09:05:09,106 INFO  handler.ContextHandler (ContextHandler.java:doStop(910)) - Stopped o.e.j.s.ServletContextHandler@c9b5a99{/logs,file:///workdir/hadoop-ozone/integration-test/target/log,UNAVAILABLE}
2019-08-21 09:05:09,108 INFO  ozone.MiniOzoneClusterImpl (MiniOzoneClusterImpl.java:stop(353)) - Stopping the StorageContainerManager
2019-08-21 09:05:09,108 INFO  server.StorageContainerManager (StorageContainerManager.java:stop(797)) - Stopping Replication Manager Service.
2019-08-21 09:05:09,108 INFO  container.ReplicationManager (ReplicationManager.java:stop(187)) - Stopping Replication Monitor Thread.
2019-08-21 09:05:09,108 INFO  server.StorageContainerManager (StorageContainerManager.java:stop(804)) - Stopping Lease Manager of the command watchers
2019-08-21 09:05:09,109 INFO  server.StorageContainerManager (StorageContainerManager.java:stop(811)) - Stopping datanode service RPC server
2019-08-21 09:05:09,109 INFO  server.SCMDatanodeProtocolServer (SCMDatanodeProtocolServer.java:stop(367)) - Stopping the RPC server for DataNodes
2019-08-21 09:05:09,109 INFO  ipc.Server (Server.java:stop(3082)) - Stopping server on 40022
2019-08-21 09:05:09,111 INFO  ipc.Server (Server.java:run(1185)) - Stopping IPC Server listener on 40022
2019-08-21 09:05:09,112 INFO  ipc.Server (Server.java:run(1319)) - Stopping IPC Server Responder
2019-08-21 09:05:09,155 WARN  node.NodeStateManager (NodeStateManager.java:scheduleNextHealthCheck(646)) - Current Thread is interrupted, shutting down HB processing thread for Node Manager.
2019-08-21 09:05:09,156 INFO  server.StorageContainerManager (StorageContainerManager.java:stop(819)) - Stopping block service RPC server
2019-08-21 09:05:09,156 INFO  server.SCMBlockProtocolServer (SCMBlockProtocolServer.java:stop(148)) - Stopping the RPC server for Block Protocol
2019-08-21 09:05:09,156 INFO  ipc.Server (Server.java:stop(3082)) - Stopping server on 45139
2019-08-21 09:05:09,157 INFO  ipc.Server (Server.java:run(1185)) - Stopping IPC Server listener on 45139
2019-08-21 09:05:09,157 INFO  server.StorageContainerManager (StorageContainerManager.java:stop(826)) - Stopping the StorageContainerLocationProtocol RPC server
2019-08-21 09:05:09,158 INFO  server.SCMClientProtocolServer (SCMClientProtocolServer.java:stop(159)) - Stopping the RPC server for Client Protocol
2019-08-21 09:05:09,159 INFO  ipc.Server (Server.java:stop(3082)) - Stopping server on 42615
2019-08-21 09:05:09,160 INFO  ipc.Server (Server.java:run(1319)) - Stopping IPC Server Responder
2019-08-21 09:05:09,161 INFO  server.StorageContainerManager (StorageContainerManager.java:stop(833)) - Stopping Storage Container Manager HTTP server.
2019-08-21 09:05:09,162 INFO  ipc.Server (Server.java:run(1185)) - Stopping IPC Server listener on 42615
2019-08-21 09:05:09,162 INFO  ipc.Server (Server.java:run(1319)) - Stopping IPC Server Responder
2019-08-21 09:05:09,163 INFO  handler.ContextHandler (ContextHandler.java:doStop(910)) - Stopped o.e.j.w.WebAppContext@72f46e16{/,null,UNAVAILABLE}{/scm}
2019-08-21 09:05:09,164 INFO  server.AbstractConnector (AbstractConnector.java:doStop(318)) - Stopped ServerConnector@77307458{HTTP/1.1,[http/1.1]}{0.0.0.0:0}
2019-08-21 09:05:09,165 INFO  handler.ContextHandler (ContextHandler.java:doStop(910)) - Stopped o.e.j.s.ServletContextHandler@222eb8aa{/static,file:///workdir/hadoop-ozone/integration-test/target/test-classes/webapps/static,UNAVAILABLE}
2019-08-21 09:05:09,165 INFO  handler.ContextHandler (ContextHandler.java:doStop(910)) - Stopped o.e.j.s.ServletContextHandler@495b0487{/logs,file:///workdir/hadoop-ozone/integration-test/target/log,UNAVAILABLE}
2019-08-21 09:05:09,167 INFO  server.StorageContainerManager (StorageContainerManager.java:stop(844)) - Stopping Block Manager Service.
2019-08-21 09:05:09,167 INFO  utils.BackgroundService (BackgroundService.java:shutdown(148)) - Shutting down service SCMBlockDeletingService
2019-08-21 09:05:09,168 INFO  utils.BackgroundService (BackgroundService.java:shutdown(148)) - Shutting down service SCMBlockDeletingService
2019-08-21 09:05:09,169 INFO  server.StorageContainerManager (StorageContainerManager.java:stop(866)) - Stopping SCM Event Queue.
2019-08-21 09:05:09,176 INFO  impl.MetricsSystemImpl (MetricsSystemImpl.java:stop(210)) - Stopping XceiverClientMetrics metrics system...
2019-08-21 09:05:09,185 INFO  impl.MetricsSystemImpl (MetricsSystemImpl.java:stop(216)) - XceiverClientMetrics metrics system stopped.
]]></system-out>
    <system-err><![CDATA[ERROR StatusLogger No Log4j 2 configuration file found. Using default configuration (logging only errors to the console), or user programmatically provided configurations. Set system property 'log4j2.debug' to show Log4j 2 internal initialization logging. See https://logging.apache.org/log4j/2.x/manual/configuration.html for instructions on how to configure Log4j 2
Aug 21, 2019 9:04:30 AM com.sun.jersey.server.impl.application.WebApplicationImpl _initiate
INFO: Initiating Jersey application, version 'Jersey: 1.19 02/11/2015 03:25 AM'
Aug 21, 2019 9:04:31 AM com.sun.jersey.server.impl.application.WebApplicationImpl _initiate
INFO: Initiating Jersey application, version 'Jersey: 1.19 02/11/2015 03:25 AM'
Aug 21, 2019 9:04:31 AM com.sun.jersey.server.impl.application.WebApplicationImpl _initiate
INFO: Initiating Jersey application, version 'Jersey: 1.19 02/11/2015 03:25 AM'
Aug 21, 2019 9:04:31 AM com.sun.jersey.server.impl.application.WebApplicationImpl _initiate
INFO: Initiating Jersey application, version 'Jersey: 1.19 02/11/2015 03:25 AM'
Aug 21, 2019 9:04:31 AM com.sun.jersey.server.impl.application.WebApplicationImpl _initiate
INFO: Initiating Jersey application, version 'Jersey: 1.19 02/11/2015 03:25 AM'
Aug 21, 2019 9:04:32 AM com.sun.jersey.server.impl.application.WebApplicationImpl _initiate
INFO: Initiating Jersey application, version 'Jersey: 1.19 02/11/2015 03:25 AM'
Aug 21, 2019 9:04:32 AM com.sun.jersey.server.impl.application.WebApplicationImpl _initiate
INFO: Initiating Jersey application, version 'Jersey: 1.19 02/11/2015 03:25 AM'
]]></system-err>
  </testcase>
  <testcase name="testDatanodeFailureWithPreAllocation" classname="org.apache.hadoop.ozone.client.rpc.TestBlockOutputStreamWithFailures" time="225.661"/>
  <testcase name="testDatanodeFailureWithSingleNodeRatis" classname="org.apache.hadoop.ozone.client.rpc.TestBlockOutputStreamWithFailures" time="225.174"/>
  <testcase name="testWatchForCommitWithSingleNodeRatis" classname="org.apache.hadoop.ozone.client.rpc.TestBlockOutputStreamWithFailures" time="35.12"/>
  <testcase name="testWatchForCommitDatanodeFailure" classname="org.apache.hadoop.ozone.client.rpc.TestBlockOutputStreamWithFailures" time="34.308"/>
  <testcase name="testFailureWithPrimeSizedData" classname="org.apache.hadoop.ozone.client.rpc.TestBlockOutputStreamWithFailures" time="39.975"/>
  <testcase name="testWatchForCommitWithCloseContainerException" classname="org.apache.hadoop.ozone.client.rpc.TestBlockOutputStreamWithFailures" time="35.216"/>
  <testcase name="testExceptionDuringClose" classname="org.apache.hadoop.ozone.client.rpc.TestBlockOutputStreamWithFailures" time="34.68"/>
</testsuite>