<?xml version="1.0" encoding="UTF-8"?>
<testsuite xmlns:xsi="http://www.w3.org/2001/XMLSchema-instance" xsi:noNamespaceSchemaLocation="https://maven.apache.org/surefire/maven-surefire-plugin/xsd/surefire-test-report.xsd" name="org.apache.hadoop.ozone.client.rpc.TestBlockOutputStreamWithFailures" time="672.707" tests="8" errors="0" skipped="0" failures="2">
  <properties>
    <property name="awt.toolkit" value="sun.awt.X11.XToolkit"/>
    <property name="file.encoding.pkg" value="sun.io"/>
    <property name="java.specification.version" value="1.8"/>
    <property name="sun.cpu.isalist" value=""/>
    <property name="sun.jnu.encoding" value="UTF-8"/>
    <property name="java.class.path" value="/workdir/hadoop-ozone/integration-test/target/test-classes:/workdir/hadoop-ozone/integration-test/target/classes:/home/user/.m2/repository/org/apache/hadoop/hadoop-ozone-common/0.5.0-SNAPSHOT/hadoop-ozone-common-0.5.0-SNAPSHOT.jar:/home/user/.m2/repository/org/apache/commons/commons-compress/1.4.1/commons-compress-1.4.1.jar:/home/user/.m2/repository/org/tukaani/xz/1.0/xz-1.0.jar:/home/user/.m2/repository/org/apache/hadoop/hadoop-common/3.2.0/hadoop-common-3.2.0.jar:/home/user/.m2/repository/org/apache/hadoop/hadoop-hdfs/3.2.0/hadoop-hdfs-3.2.0.jar:/home/user/.m2/repository/org/apache/hadoop/hadoop-hdfs-client/3.2.0/hadoop-hdfs-client-3.2.0.jar:/home/user/.m2/repository/com/fasterxml/jackson/core/jackson-annotations/2.9.5/jackson-annotations-2.9.5.jar:/home/user/.m2/repository/org/apache/hadoop/hadoop-hdds-common/0.5.0-SNAPSHOT/hadoop-hdds-common-0.5.0-SNAPSHOT.jar:/home/user/.m2/repository/javax/annotation/javax.annotation-api/1.2/javax.annotation-api-1.2.jar:/home/user/.m2/repository/org/apache/ratis/ratis-server/0.4.0-2337318-SNAPSHOT/ratis-server-0.4.0-2337318-SNAPSHOT.jar:/home/user/.m2/repository/org/apache/ratis/ratis-thirdparty-misc/0.2.0/ratis-thirdparty-misc-0.2.0.jar:/home/user/.m2/repository/org/apache/ratis/ratis-proto/0.4.0-2337318-SNAPSHOT/ratis-proto-0.4.0-2337318-SNAPSHOT.jar:/home/user/.m2/repository/org/apache/ratis/ratis-common/0.4.0-2337318-SNAPSHOT/ratis-common-0.4.0-2337318-SNAPSHOT.jar:/home/user/.m2/repository/org/apache/ratis/ratis-client/0.4.0-2337318-SNAPSHOT/ratis-client-0.4.0-2337318-SNAPSHOT.jar:/home/user/.m2/repository/org/apache/ratis/ratis-metrics/0.4.0-2337318-SNAPSHOT/ratis-metrics-0.4.0-2337318-SNAPSHOT.jar:/home/user/.m2/repository/org/apache/ratis/ratis-netty/0.4.0-2337318-SNAPSHOT/ratis-netty-0.4.0-2337318-SNAPSHOT.jar:/home/user/.m2/repository/org/apache/ratis/ratis-grpc/0.4.0-2337318-SNAPSHOT/ratis-grpc-0.4.0-2337318-SNAPSHOT.jar:/home/user/.m2/repository/org/rocksdb/rocksdbjni/6.0.1/rocksdbjni-6.0.1.jar:/home/user/.m2/repository/org/apache/logging/log4j/log4j-api/2.11.0/log4j-api-2.11.0.jar:/home/user/.m2/repository/org/apache/logging/log4j/log4j-core/2.11.0/log4j-core-2.11.0.jar:/home/user/.m2/repository/com/lmax/disruptor/3.4.2/disruptor-3.4.2.jar:/home/user/.m2/repository/org/apache/commons/commons-pool2/2.6.0/commons-pool2-2.6.0.jar:/home/user/.m2/repository/org/bouncycastle/bcpkix-jdk15on/1.60/bcpkix-jdk15on-1.60.jar:/home/user/.m2/repository/commons-validator/commons-validator/1.6/commons-validator-1.6.jar:/home/user/.m2/repository/commons-digester/commons-digester/1.8.1/commons-digester-1.8.1.jar:/home/user/.m2/repository/io/jaegertracing/jaeger-client/0.33.1/jaeger-client-0.33.1.jar:/home/user/.m2/repository/io/jaegertracing/jaeger-thrift/0.33.1/jaeger-thrift-0.33.1.jar:/home/user/.m2/repository/org/apache/thrift/libthrift/0.11.0/libthrift-0.11.0.jar:/home/user/.m2/repository/com/squareup/okhttp3/okhttp/3.9.0/okhttp-3.9.0.jar:/home/user/.m2/repository/com/squareup/okio/okio/1.13.0/okio-1.13.0.jar:/home/user/.m2/repository/io/jaegertracing/jaeger-core/0.33.1/jaeger-core-0.33.1.jar:/home/user/.m2/repository/io/jaegertracing/jaeger-tracerresolver/0.33.1/jaeger-tracerresolver-0.33.1.jar:/home/user/.m2/repository/io/opentracing/contrib/opentracing-tracerresolver/0.1.5/opentracing-tracerresolver-0.1.5.jar:/home/user/.m2/repository/io/opentracing/opentracing-util/0.31.0/opentracing-util-0.31.0.jar:/home/user/.m2/repository/io/opentracing/opentracing-api/0.31.0/opentracing-api-0.31.0.jar:/home/user/.m2/repository/io/opentracing/opentracing-noop/0.31.0/opentracing-noop-0.31.0.jar:/home/user/.m2/repository/org/apache/hadoop/hadoop-hdds-server-framework/0.5.0-SNAPSHOT/hadoop-hdds-server-framework-0.5.0-SNAPSHOT.jar:/home/user/.m2/repository/org/apache/hadoop/hadoop-hdds-container-service/0.5.0-SNAPSHOT/hadoop-hdds-container-service-0.5.0-SNAPSHOT.jar:/home/user/.m2/repository/org/apache/hadoop/hadoop-hdds-client/0.5.0-SNAPSHOT/hadoop-hdds-client-0.5.0-SNAPSHOT.jar:/home/user/.m2/repository/org/apache/hadoop/hadoop-hdds-tools/0.5.0-SNAPSHOT/hadoop-hdds-tools-0.5.0-SNAPSHOT.jar:/home/user/.m2/repository/org/apache/hadoop/hadoop-hdds-server-scm/0.5.0-SNAPSHOT/hadoop-hdds-server-scm-0.5.0-SNAPSHOT.jar:/home/user/.m2/repository/org/apache/hadoop/hadoop-hdds-docs/0.5.0-SNAPSHOT/hadoop-hdds-docs-0.5.0-SNAPSHOT.jar:/home/user/.m2/repository/io/dropwizard/metrics/metrics-core/3.2.4/metrics-core-3.2.4.jar:/home/user/.m2/repository/org/hamcrest/hamcrest-all/1.3/hamcrest-all-1.3.jar:/home/user/.m2/repository/org/bouncycastle/bcprov-jdk15on/1.60/bcprov-jdk15on-1.60.jar:/home/user/.m2/repository/info/picocli/picocli/3.9.6/picocli-3.9.6.jar:/home/user/.m2/repository/com/google/protobuf/protobuf-java/2.5.0/protobuf-java-2.5.0.jar:/home/user/.m2/repository/com/google/guava/guava/11.0.2/guava-11.0.2.jar:/home/user/.m2/repository/org/apache/hadoop/hadoop-ozone-ozone-manager/0.5.0-SNAPSHOT/hadoop-ozone-ozone-manager-0.5.0-SNAPSHOT.jar:/home/user/.m2/repository/org/apache/hadoop/hadoop-minikdc/3.2.0/hadoop-minikdc-3.2.0.jar:/home/user/.m2/repository/commons-io/commons-io/2.5/commons-io-2.5.jar:/home/user/.m2/repository/org/apache/kerby/kerb-simplekdc/1.0.1/kerb-simplekdc-1.0.1.jar:/home/user/.m2/repository/org/apache/kerby/kerb-client/1.0.1/kerb-client-1.0.1.jar:/home/user/.m2/repository/org/apache/kerby/kerby-config/1.0.1/kerby-config-1.0.1.jar:/home/user/.m2/repository/org/apache/kerby/kerb-core/1.0.1/kerb-core-1.0.1.jar:/home/user/.m2/repository/org/apache/kerby/kerby-pkix/1.0.1/kerby-pkix-1.0.1.jar:/home/user/.m2/repository/org/apache/kerby/kerby-asn1/1.0.1/kerby-asn1-1.0.1.jar:/home/user/.m2/repository/org/apache/kerby/kerby-util/1.0.1/kerby-util-1.0.1.jar:/home/user/.m2/repository/org/apache/kerby/kerb-common/1.0.1/kerb-common-1.0.1.jar:/home/user/.m2/repository/org/apache/kerby/kerb-crypto/1.0.1/kerb-crypto-1.0.1.jar:/home/user/.m2/repository/org/apache/kerby/kerb-util/1.0.1/kerb-util-1.0.1.jar:/home/user/.m2/repository/org/apache/kerby/token-provider/1.0.1/token-provider-1.0.1.jar:/home/user/.m2/repository/org/apache/kerby/kerb-admin/1.0.1/kerb-admin-1.0.1.jar:/home/user/.m2/repository/org/apache/kerby/kerb-server/1.0.1/kerb-server-1.0.1.jar:/home/user/.m2/repository/org/apache/kerby/kerb-identity/1.0.1/kerb-identity-1.0.1.jar:/home/user/.m2/repository/org/apache/kerby/kerby-xdr/1.0.1/kerby-xdr-1.0.1.jar:/home/user/.m2/repository/org/slf4j/slf4j-log4j12/1.7.25/slf4j-log4j12-1.7.25.jar:/home/user/.m2/repository/org/apache/hadoop/hadoop-ozone-s3gateway/0.5.0-SNAPSHOT/hadoop-ozone-s3gateway-0.5.0-SNAPSHOT.jar:/home/user/.m2/repository/org/jboss/weld/servlet/weld-servlet/2.4.7.Final/weld-servlet-2.4.7.Final.jar:/home/user/.m2/repository/org/glassfish/jersey/containers/jersey-container-servlet-core/2.27/jersey-container-servlet-core-2.27.jar:/home/user/.m2/repository/org/glassfish/hk2/external/javax.inject/2.5.0-b42/javax.inject-2.5.0-b42.jar:/home/user/.m2/repository/org/glassfish/jersey/core/jersey-common/2.27/jersey-common-2.27.jar:/home/user/.m2/repository/org/glassfish/hk2/osgi-resource-locator/1.0.1/osgi-resource-locator-1.0.1.jar:/home/user/.m2/repository/javax/ws/rs/javax.ws.rs-api/2.1/javax.ws.rs-api-2.1.jar:/home/user/.m2/repository/org/glassfish/jersey/ext/cdi/jersey-cdi1x/2.27/jersey-cdi1x-2.27.jar:/home/user/.m2/repository/org/glassfish/jersey/inject/jersey-hk2/2.27/jersey-hk2-2.27.jar:/home/user/.m2/repository/org/glassfish/hk2/hk2-locator/2.5.0-b42/hk2-locator-2.5.0-b42.jar:/home/user/.m2/repository/org/javassist/javassist/3.22.0-CR2/javassist-3.22.0-CR2.jar:/home/user/.m2/repository/org/glassfish/hk2/hk2-api/2.5.0/hk2-api-2.5.0.jar:/home/user/.m2/repository/org/glassfish/hk2/external/jakarta.inject/2.5.0/jakarta.inject-2.5.0.jar:/home/user/.m2/repository/org/glassfish/hk2/hk2-utils/2.5.0/hk2-utils-2.5.0.jar:/home/user/.m2/repository/jakarta/annotation/jakarta.annotation-api/1.3.4/jakarta.annotation-api-1.3.4.jar:/home/user/.m2/repository/org/glassfish/hk2/external/aopalliance-repackaged/2.5.0/aopalliance-repackaged-2.5.0.jar:/home/user/.m2/repository/com/fasterxml/jackson/dataformat/jackson-dataformat-xml/2.9.0/jackson-dataformat-xml-2.9.0.jar:/home/user/.m2/repository/com/fasterxml/jackson/core/jackson-core/2.9.5/jackson-core-2.9.5.jar:/home/user/.m2/repository/com/fasterxml/jackson/module/jackson-module-jaxb-annotations/2.9.5/jackson-module-jaxb-annotations-2.9.5.jar:/home/user/.m2/repository/javax/enterprise/cdi-api/1.2/cdi-api-1.2.jar:/home/user/.m2/repository/javax/el/javax.el-api/3.0.0/javax.el-api-3.0.0.jar:/home/user/.m2/repository/javax/interceptor/javax.interceptor-api/1.2/javax.interceptor-api-1.2.jar:/home/user/.m2/repository/javax/inject/javax.inject/1/javax.inject-1.jar:/home/user/.m2/repository/com/sun/xml/bind/jaxb-impl/2.3.0.1/jaxb-impl-2.3.0.1.jar:/home/user/.m2/repository/com/sun/xml/bind/jaxb-core/2.3.0.1/jaxb-core-2.3.0.1.jar:/home/user/.m2/repository/javax/xml/bind/jaxb-api/2.3.0/jaxb-api-2.3.0.jar:/home/user/.m2/repository/javax/activation/activation/1.1.1/activation-1.1.1.jar:/home/user/.m2/repository/org/apache/hadoop/hadoop-ozone-csi/0.5.0-SNAPSHOT/hadoop-ozone-csi-0.5.0-SNAPSHOT.jar:/home/user/.m2/repository/com/google/protobuf/protobuf-java-util/3.5.1/protobuf-java-util-3.5.1.jar:/home/user/.m2/repository/org/apache/hadoop/hadoop-hdds-config/0.5.0-SNAPSHOT/hadoop-hdds-config-0.5.0-SNAPSHOT.jar:/home/user/.m2/repository/io/grpc/grpc-netty/1.17.1/grpc-netty-1.17.1.jar:/home/user/.m2/repository/io/grpc/grpc-core/1.17.1/grpc-core-1.17.1.jar:/home/user/.m2/repository/io/grpc/grpc-context/1.17.1/grpc-context-1.17.1.jar:/home/user/.m2/repository/com/google/errorprone/error_prone_annotations/2.2.0/error_prone_annotations-2.2.0.jar:/home/user/.m2/repository/org/codehaus/mojo/animal-sniffer-annotations/1.17/animal-sniffer-annotations-1.17.jar:/home/user/.m2/repository/io/opencensus/opencensus-api/0.17.0/opencensus-api-0.17.0.jar:/home/user/.m2/repository/io/opencensus/opencensus-contrib-grpc-metrics/0.17.0/opencensus-contrib-grpc-metrics-0.17.0.jar:/home/user/.m2/repository/io/netty/netty-codec-http2/4.1.30.Final/netty-codec-http2-4.1.30.Final.jar:/home/user/.m2/repository/io/netty/netty-codec-http/4.1.30.Final/netty-codec-http-4.1.30.Final.jar:/home/user/.m2/repository/io/netty/netty-codec/4.1.30.Final/netty-codec-4.1.30.Final.jar:/home/user/.m2/repository/io/netty/netty-handler/4.1.30.Final/netty-handler-4.1.30.Final.jar:/home/user/.m2/repository/io/netty/netty-handler-proxy/4.1.30.Final/netty-handler-proxy-4.1.30.Final.jar:/home/user/.m2/repository/io/netty/netty-codec-socks/4.1.30.Final/netty-codec-socks-4.1.30.Final.jar:/home/user/.m2/repository/io/netty/netty-transport-native-epoll/4.1.30.Final/netty-transport-native-epoll-4.1.30.Final.jar:/home/user/.m2/repository/io/netty/netty-common/4.1.30.Final/netty-common-4.1.30.Final.jar:/home/user/.m2/repository/io/netty/netty-buffer/4.1.30.Final/netty-buffer-4.1.30.Final.jar:/home/user/.m2/repository/io/netty/netty-transport/4.1.30.Final/netty-transport-4.1.30.Final.jar:/home/user/.m2/repository/io/netty/netty-resolver/4.1.30.Final/netty-resolver-4.1.30.Final.jar:/home/user/.m2/repository/io/netty/netty-transport-native-unix-common/4.1.30.Final/netty-transport-native-unix-common-4.1.30.Final.jar:/home/user/.m2/repository/io/grpc/grpc-protobuf/1.17.1/grpc-protobuf-1.17.1.jar:/home/user/.m2/repository/com/google/api/grpc/proto-google-common-protos/1.0.0/proto-google-common-protos-1.0.0.jar:/home/user/.m2/repository/io/grpc/grpc-protobuf-lite/1.17.1/grpc-protobuf-lite-1.17.1.jar:/home/user/.m2/repository/io/grpc/grpc-stub/1.17.1/grpc-stub-1.17.1.jar:/home/user/.m2/repository/org/apache/hadoop/hadoop-ozone-recon/0.5.0-SNAPSHOT/hadoop-ozone-recon-0.5.0-SNAPSHOT.jar:/home/user/.m2/repository/org/apache/hadoop/hadoop-ozone-reconcodegen/0.5.0-SNAPSHOT/hadoop-ozone-reconcodegen-0.5.0-SNAPSHOT.jar:/home/user/.m2/repository/com/google/inject/extensions/guice-multibindings/4.0/guice-multibindings-4.0.jar:/home/user/.m2/repository/com/google/inject/guice/4.0/guice-4.0.jar:/home/user/.m2/repository/aopalliance/aopalliance/1.0/aopalliance-1.0.jar:/home/user/.m2/repository/com/google/inject/extensions/guice-servlet/4.0/guice-servlet-4.0.jar:/home/user/.m2/repository/org/glassfish/jersey/containers/jersey-container-servlet/2.27/jersey-container-servlet-2.27.jar:/home/user/.m2/repository/org/glassfish/hk2/guice-bridge/2.5.0/guice-bridge-2.5.0.jar:/home/user/.m2/repository/org/glassfish/jersey/core/jersey-server/2.27/jersey-server-2.27.jar:/home/user/.m2/repository/org/glassfish/jersey/core/jersey-client/2.27/jersey-client-2.27.jar:/home/user/.m2/repository/org/glassfish/jersey/media/jersey-media-jaxb/2.27/jersey-media-jaxb-2.27.jar:/home/user/.m2/repository/javax/validation/validation-api/1.1.0.Final/validation-api-1.1.0.Final.jar:/home/user/.m2/repository/org/glassfish/jersey/media/jersey-media-json-jackson/2.27/jersey-media-json-jackson-2.27.jar:/home/user/.m2/repository/org/glassfish/jersey/ext/jersey-entity-filtering/2.27/jersey-entity-filtering-2.27.jar:/home/user/.m2/repository/com/google/inject/extensions/guice-assistedinject/4.0/guice-assistedinject-4.0.jar:/home/user/.m2/repository/org/jooq/jooq/3.11.10/jooq-3.11.10.jar:/home/user/.m2/repository/org/jooq/jooq-meta/3.11.10/jooq-meta-3.11.10.jar:/home/user/.m2/repository/org/jooq/jooq-codegen/3.11.10/jooq-codegen-3.11.10.jar:/home/user/.m2/repository/com/jolbox/bonecp/0.8.0.RELEASE/bonecp-0.8.0.RELEASE.jar:/home/user/.m2/repository/org/xerial/sqlite-jdbc/3.25.2/sqlite-jdbc-3.25.2.jar:/home/user/.m2/repository/org/springframework/spring-jdbc/5.1.3.RELEASE/spring-jdbc-5.1.3.RELEASE.jar:/home/user/.m2/repository/org/springframework/spring-beans/5.1.3.RELEASE/spring-beans-5.1.3.RELEASE.jar:/home/user/.m2/repository/org/springframework/spring-core/5.1.3.RELEASE/spring-core-5.1.3.RELEASE.jar:/home/user/.m2/repository/org/springframework/spring-jcl/5.1.3.RELEASE/spring-jcl-5.1.3.RELEASE.jar:/home/user/.m2/repository/org/springframework/spring-tx/5.1.3.RELEASE/spring-tx-5.1.3.RELEASE.jar:/home/user/.m2/repository/org/apache/hadoop/hadoop-ozone-client/0.5.0-SNAPSHOT/hadoop-ozone-client-0.5.0-SNAPSHOT.jar:/home/user/.m2/repository/commons-lang/commons-lang/2.6/commons-lang-2.6.jar:/home/user/.m2/repository/org/apache/hadoop/hadoop-ozone-ozone-manager/0.5.0-SNAPSHOT/hadoop-ozone-ozone-manager-0.5.0-SNAPSHOT-tests.jar:/home/user/.m2/repository/junit/junit/4.11/junit-4.11.jar:/home/user/.m2/repository/org/hamcrest/hamcrest-core/1.3/hamcrest-core-1.3.jar:/home/user/.m2/repository/org/openjdk/jmh/jmh-core/1.19/jmh-core-1.19.jar:/home/user/.m2/repository/net/sf/jopt-simple/jopt-simple/4.6/jopt-simple-4.6.jar:/home/user/.m2/repository/org/apache/commons/commons-math3/3.1.1/commons-math3-3.1.1.jar:/home/user/.m2/repository/org/openjdk/jmh/jmh-generator-annprocess/1.19/jmh-generator-annprocess-1.19.jar:/home/user/.m2/repository/org/mockito/mockito-all/1.8.5/mockito-all-1.8.5.jar:/home/user/.m2/repository/org/apache/hadoop/hadoop-kms/3.2.0/hadoop-kms-3.2.0.jar:/home/user/.m2/repository/org/apache/hadoop/hadoop-auth/3.2.0/hadoop-auth-3.2.0.jar:/home/user/.m2/repository/com/nimbusds/nimbus-jose-jwt/4.41.1/nimbus-jose-jwt-4.41.1.jar:/home/user/.m2/repository/com/github/stephenc/jcip/jcip-annotations/1.0-1/jcip-annotations-1.0-1.jar:/home/user/.m2/repository/net/minidev/json-smart/2.3/json-smart-2.3.jar:/home/user/.m2/repository/net/minidev/accessors-smart/1.2/accessors-smart-1.2.jar:/home/user/.m2/repository/org/ow2/asm/asm/5.0.4/asm-5.0.4.jar:/home/user/.m2/repository/org/apache/curator/curator-framework/2.12.0/curator-framework-2.12.0.jar:/home/user/.m2/repository/com/sun/jersey/jersey-core/1.19/jersey-core-1.19.jar:/home/user/.m2/repository/javax/ws/rs/jsr311-api/1.1.1/jsr311-api-1.1.1.jar:/home/user/.m2/repository/com/sun/jersey/jersey-server/1.19/jersey-server-1.19.jar:/home/user/.m2/repository/javax/servlet/javax.servlet-api/3.1.0/javax.servlet-api-3.1.0.jar:/home/user/.m2/repository/org/eclipse/jetty/jetty-server/9.3.24.v20180605/jetty-server-9.3.24.v20180605.jar:/home/user/.m2/repository/org/eclipse/jetty/jetty-http/9.3.24.v20180605/jetty-http-9.3.24.v20180605.jar:/home/user/.m2/repository/org/eclipse/jetty/jetty-io/9.3.24.v20180605/jetty-io-9.3.24.v20180605.jar:/home/user/.m2/repository/org/eclipse/jetty/jetty-webapp/9.3.24.v20180605/jetty-webapp-9.3.24.v20180605.jar:/home/user/.m2/repository/org/eclipse/jetty/jetty-xml/9.3.24.v20180605/jetty-xml-9.3.24.v20180605.jar:/home/user/.m2/repository/log4j/log4j/1.2.17/log4j-1.2.17.jar:/home/user/.m2/repository/org/slf4j/slf4j-api/1.7.25/slf4j-api-1.7.25.jar:/home/user/.m2/repository/org/slf4j/jul-to-slf4j/1.7.25/jul-to-slf4j-1.7.25.jar:/home/user/.m2/repository/org/eclipse/jetty/jetty-util/9.3.24.v20180605/jetty-util-9.3.24.v20180605.jar:/home/user/.m2/repository/com/fasterxml/jackson/core/jackson-databind/2.9.5/jackson-databind-2.9.5.jar:/home/user/.m2/repository/org/apache/hadoop/hadoop-kms/3.2.0/hadoop-kms-3.2.0-tests.jar:/home/user/.m2/repository/org/apache/hadoop/hadoop-hdds-server-scm/0.5.0-SNAPSHOT/hadoop-hdds-server-scm-0.5.0-SNAPSHOT-tests.jar:/home/user/.m2/repository/org/apache/hadoop/hadoop-hdds-container-service/0.5.0-SNAPSHOT/hadoop-hdds-container-service-0.5.0-SNAPSHOT-tests.jar:/home/user/.m2/repository/org/yaml/snakeyaml/1.16/snakeyaml-1.16.jar:/home/user/.m2/repository/org/apache/hadoop/hadoop-common/3.2.0/hadoop-common-3.2.0-tests.jar:/home/user/.m2/repository/org/apache/hadoop/hadoop-annotations/3.2.0/hadoop-annotations-3.2.0.jar:/usr/lib/jvm/java-1.8-openjdk/jre/../lib/tools.jar:/home/user/.m2/repository/commons-cli/commons-cli/1.2/commons-cli-1.2.jar:/home/user/.m2/repository/org/apache/httpcomponents/httpclient/4.5.2/httpclient-4.5.2.jar:/home/user/.m2/repository/org/apache/httpcomponents/httpcore/4.4.4/httpcore-4.4.4.jar:/home/user/.m2/repository/commons-codec/commons-codec/1.11/commons-codec-1.11.jar:/home/user/.m2/repository/commons-net/commons-net/3.6/commons-net-3.6.jar:/home/user/.m2/repository/commons-collections/commons-collections/3.2.2/commons-collections-3.2.2.jar:/home/user/.m2/repository/org/eclipse/jetty/jetty-servlet/9.3.24.v20180605/jetty-servlet-9.3.24.v20180605.jar:/home/user/.m2/repository/org/eclipse/jetty/jetty-security/9.3.24.v20180605/jetty-security-9.3.24.v20180605.jar:/home/user/.m2/repository/javax/servlet/jsp/jsp-api/2.1/jsp-api-2.1.jar:/home/user/.m2/repository/com/sun/jersey/jersey-servlet/1.19/jersey-servlet-1.19.jar:/home/user/.m2/repository/com/sun/jersey/jersey-json/1.19/jersey-json-1.19.jar:/home/user/.m2/repository/org/codehaus/jettison/jettison/1.1/jettison-1.1.jar:/home/user/.m2/repository/org/codehaus/jackson/jackson-core-asl/1.9.13/jackson-core-asl-1.9.13.jar:/home/user/.m2/repository/org/codehaus/jackson/jackson-mapper-asl/1.9.13/jackson-mapper-asl-1.9.13.jar:/home/user/.m2/repository/org/codehaus/jackson/jackson-jaxrs/1.9.13/jackson-jaxrs-1.9.13.jar:/home/user/.m2/repository/org/codehaus/jackson/jackson-xc/1.9.13/jackson-xc-1.9.13.jar:/home/user/.m2/repository/commons-logging/commons-logging/1.1.3/commons-logging-1.1.3.jar:/home/user/.m2/repository/commons-beanutils/commons-beanutils/1.9.3/commons-beanutils-1.9.3.jar:/home/user/.m2/repository/org/apache/commons/commons-configuration2/2.1.1/commons-configuration2-2.1.1.jar:/home/user/.m2/repository/org/apache/commons/commons-lang3/3.7/commons-lang3-3.7.jar:/home/user/.m2/repository/org/apache/commons/commons-text/1.4/commons-text-1.4.jar:/home/user/.m2/repository/org/apache/avro/avro/1.7.7/avro-1.7.7.jar:/home/user/.m2/repository/com/thoughtworks/paranamer/paranamer/2.3/paranamer-2.3.jar:/home/user/.m2/repository/org/xerial/snappy/snappy-java/1.0.5/snappy-java-1.0.5.jar:/home/user/.m2/repository/com/google/re2j/re2j/1.1/re2j-1.1.jar:/home/user/.m2/repository/com/google/code/gson/gson/2.2.4/gson-2.2.4.jar:/home/user/.m2/repository/com/jcraft/jsch/0.1.54/jsch-0.1.54.jar:/home/user/.m2/repository/org/apache/curator/curator-client/2.12.0/curator-client-2.12.0.jar:/home/user/.m2/repository/org/apache/curator/curator-recipes/2.12.0/curator-recipes-2.12.0.jar:/home/user/.m2/repository/com/google/code/findbugs/jsr305/3.0.0/jsr305-3.0.0.jar:/home/user/.m2/repository/org/apache/htrace/htrace-core4/4.1.0-incubating/htrace-core4-4.1.0-incubating.jar:/home/user/.m2/repository/org/apache/zookeeper/zookeeper/3.4.13/zookeeper-3.4.13.jar:/home/user/.m2/repository/org/apache/yetus/audience-annotations/0.5.0/audience-annotations-0.5.0.jar:/home/user/.m2/repository/org/codehaus/woodstox/stax2-api/3.1.4/stax2-api-3.1.4.jar:/home/user/.m2/repository/com/fasterxml/woodstox/woodstox-core/5.0.3/woodstox-core-5.0.3.jar:/home/user/.m2/repository/dnsjava/dnsjava/2.1.7/dnsjava-2.1.7.jar:/home/user/.m2/repository/org/apache/hadoop/hadoop-hdfs/3.2.0/hadoop-hdfs-3.2.0-tests.jar:/home/user/.m2/repository/org/eclipse/jetty/jetty-util-ajax/9.3.24.v20180605/jetty-util-ajax-9.3.24.v20180605.jar:/home/user/.m2/repository/commons-daemon/commons-daemon/1.0.13/commons-daemon-1.0.13.jar:/home/user/.m2/repository/io/netty/netty/3.10.5.Final/netty-3.10.5.Final.jar:/home/user/.m2/repository/io/netty/netty-all/4.0.52.Final/netty-all-4.0.52.Final.jar:/home/user/.m2/repository/org/fusesource/leveldbjni/leveldbjni-all/1.8/leveldbjni-all-1.8.jar:"/>
    <property name="java.vm.vendor" value="IcedTea"/>
    <property name="sun.arch.data.model" value="64"/>
    <property name="test.build.dir" value="/workdir/hadoop-ozone/integration-test/target/test-dir"/>
    <property name="test.cache.data" value=""/>
    <property name="java.vendor.url" value="https://icedtea.classpath.org"/>
    <property name="user.timezone" value=""/>
    <property name="java.vm.specification.version" value="1.8"/>
    <property name="os.name" value="Linux"/>
    <property name="test.build.data" value="/workdir/hadoop-ozone/integration-test/target/test-dir"/>
    <property name="user.country" value="US"/>
    <property name="sun.java.launcher" value="SUN_STANDARD"/>
    <property name="sun.boot.library.path" value="/usr/lib/jvm/java-1.8-openjdk/jre/lib/amd64"/>
    <property name="sun.java.command" value="/workdir/hadoop-ozone/integration-test/target/surefire/surefirebooter3380324321807529396.jar /workdir/hadoop-ozone/integration-test/target/surefire 2019-08-29T07-52-49_054-jvmRun1 surefire5862972198728879685tmp surefire_207798585787877055766tmp"/>
    <property name="test" value="!TestMiniChaosOzoneCluster"/>
    <property name="surefire.test.class.path" value="/workdir/hadoop-ozone/integration-test/target/test-classes:/workdir/hadoop-ozone/integration-test/target/classes:/home/user/.m2/repository/org/apache/hadoop/hadoop-ozone-common/0.5.0-SNAPSHOT/hadoop-ozone-common-0.5.0-SNAPSHOT.jar:/home/user/.m2/repository/org/apache/commons/commons-compress/1.4.1/commons-compress-1.4.1.jar:/home/user/.m2/repository/org/tukaani/xz/1.0/xz-1.0.jar:/home/user/.m2/repository/org/apache/hadoop/hadoop-common/3.2.0/hadoop-common-3.2.0.jar:/home/user/.m2/repository/org/apache/hadoop/hadoop-hdfs/3.2.0/hadoop-hdfs-3.2.0.jar:/home/user/.m2/repository/org/apache/hadoop/hadoop-hdfs-client/3.2.0/hadoop-hdfs-client-3.2.0.jar:/home/user/.m2/repository/com/fasterxml/jackson/core/jackson-annotations/2.9.5/jackson-annotations-2.9.5.jar:/home/user/.m2/repository/org/apache/hadoop/hadoop-hdds-common/0.5.0-SNAPSHOT/hadoop-hdds-common-0.5.0-SNAPSHOT.jar:/home/user/.m2/repository/javax/annotation/javax.annotation-api/1.2/javax.annotation-api-1.2.jar:/home/user/.m2/repository/org/apache/ratis/ratis-server/0.4.0-2337318-SNAPSHOT/ratis-server-0.4.0-2337318-SNAPSHOT.jar:/home/user/.m2/repository/org/apache/ratis/ratis-thirdparty-misc/0.2.0/ratis-thirdparty-misc-0.2.0.jar:/home/user/.m2/repository/org/apache/ratis/ratis-proto/0.4.0-2337318-SNAPSHOT/ratis-proto-0.4.0-2337318-SNAPSHOT.jar:/home/user/.m2/repository/org/apache/ratis/ratis-common/0.4.0-2337318-SNAPSHOT/ratis-common-0.4.0-2337318-SNAPSHOT.jar:/home/user/.m2/repository/org/apache/ratis/ratis-client/0.4.0-2337318-SNAPSHOT/ratis-client-0.4.0-2337318-SNAPSHOT.jar:/home/user/.m2/repository/org/apache/ratis/ratis-metrics/0.4.0-2337318-SNAPSHOT/ratis-metrics-0.4.0-2337318-SNAPSHOT.jar:/home/user/.m2/repository/org/apache/ratis/ratis-netty/0.4.0-2337318-SNAPSHOT/ratis-netty-0.4.0-2337318-SNAPSHOT.jar:/home/user/.m2/repository/org/apache/ratis/ratis-grpc/0.4.0-2337318-SNAPSHOT/ratis-grpc-0.4.0-2337318-SNAPSHOT.jar:/home/user/.m2/repository/org/rocksdb/rocksdbjni/6.0.1/rocksdbjni-6.0.1.jar:/home/user/.m2/repository/org/apache/logging/log4j/log4j-api/2.11.0/log4j-api-2.11.0.jar:/home/user/.m2/repository/org/apache/logging/log4j/log4j-core/2.11.0/log4j-core-2.11.0.jar:/home/user/.m2/repository/com/lmax/disruptor/3.4.2/disruptor-3.4.2.jar:/home/user/.m2/repository/org/apache/commons/commons-pool2/2.6.0/commons-pool2-2.6.0.jar:/home/user/.m2/repository/org/bouncycastle/bcpkix-jdk15on/1.60/bcpkix-jdk15on-1.60.jar:/home/user/.m2/repository/commons-validator/commons-validator/1.6/commons-validator-1.6.jar:/home/user/.m2/repository/commons-digester/commons-digester/1.8.1/commons-digester-1.8.1.jar:/home/user/.m2/repository/io/jaegertracing/jaeger-client/0.33.1/jaeger-client-0.33.1.jar:/home/user/.m2/repository/io/jaegertracing/jaeger-thrift/0.33.1/jaeger-thrift-0.33.1.jar:/home/user/.m2/repository/org/apache/thrift/libthrift/0.11.0/libthrift-0.11.0.jar:/home/user/.m2/repository/com/squareup/okhttp3/okhttp/3.9.0/okhttp-3.9.0.jar:/home/user/.m2/repository/com/squareup/okio/okio/1.13.0/okio-1.13.0.jar:/home/user/.m2/repository/io/jaegertracing/jaeger-core/0.33.1/jaeger-core-0.33.1.jar:/home/user/.m2/repository/io/jaegertracing/jaeger-tracerresolver/0.33.1/jaeger-tracerresolver-0.33.1.jar:/home/user/.m2/repository/io/opentracing/contrib/opentracing-tracerresolver/0.1.5/opentracing-tracerresolver-0.1.5.jar:/home/user/.m2/repository/io/opentracing/opentracing-util/0.31.0/opentracing-util-0.31.0.jar:/home/user/.m2/repository/io/opentracing/opentracing-api/0.31.0/opentracing-api-0.31.0.jar:/home/user/.m2/repository/io/opentracing/opentracing-noop/0.31.0/opentracing-noop-0.31.0.jar:/home/user/.m2/repository/org/apache/hadoop/hadoop-hdds-server-framework/0.5.0-SNAPSHOT/hadoop-hdds-server-framework-0.5.0-SNAPSHOT.jar:/home/user/.m2/repository/org/apache/hadoop/hadoop-hdds-container-service/0.5.0-SNAPSHOT/hadoop-hdds-container-service-0.5.0-SNAPSHOT.jar:/home/user/.m2/repository/org/apache/hadoop/hadoop-hdds-client/0.5.0-SNAPSHOT/hadoop-hdds-client-0.5.0-SNAPSHOT.jar:/home/user/.m2/repository/org/apache/hadoop/hadoop-hdds-tools/0.5.0-SNAPSHOT/hadoop-hdds-tools-0.5.0-SNAPSHOT.jar:/home/user/.m2/repository/org/apache/hadoop/hadoop-hdds-server-scm/0.5.0-SNAPSHOT/hadoop-hdds-server-scm-0.5.0-SNAPSHOT.jar:/home/user/.m2/repository/org/apache/hadoop/hadoop-hdds-docs/0.5.0-SNAPSHOT/hadoop-hdds-docs-0.5.0-SNAPSHOT.jar:/home/user/.m2/repository/io/dropwizard/metrics/metrics-core/3.2.4/metrics-core-3.2.4.jar:/home/user/.m2/repository/org/hamcrest/hamcrest-all/1.3/hamcrest-all-1.3.jar:/home/user/.m2/repository/org/bouncycastle/bcprov-jdk15on/1.60/bcprov-jdk15on-1.60.jar:/home/user/.m2/repository/info/picocli/picocli/3.9.6/picocli-3.9.6.jar:/home/user/.m2/repository/com/google/protobuf/protobuf-java/2.5.0/protobuf-java-2.5.0.jar:/home/user/.m2/repository/com/google/guava/guava/11.0.2/guava-11.0.2.jar:/home/user/.m2/repository/org/apache/hadoop/hadoop-ozone-ozone-manager/0.5.0-SNAPSHOT/hadoop-ozone-ozone-manager-0.5.0-SNAPSHOT.jar:/home/user/.m2/repository/org/apache/hadoop/hadoop-minikdc/3.2.0/hadoop-minikdc-3.2.0.jar:/home/user/.m2/repository/commons-io/commons-io/2.5/commons-io-2.5.jar:/home/user/.m2/repository/org/apache/kerby/kerb-simplekdc/1.0.1/kerb-simplekdc-1.0.1.jar:/home/user/.m2/repository/org/apache/kerby/kerb-client/1.0.1/kerb-client-1.0.1.jar:/home/user/.m2/repository/org/apache/kerby/kerby-config/1.0.1/kerby-config-1.0.1.jar:/home/user/.m2/repository/org/apache/kerby/kerb-core/1.0.1/kerb-core-1.0.1.jar:/home/user/.m2/repository/org/apache/kerby/kerby-pkix/1.0.1/kerby-pkix-1.0.1.jar:/home/user/.m2/repository/org/apache/kerby/kerby-asn1/1.0.1/kerby-asn1-1.0.1.jar:/home/user/.m2/repository/org/apache/kerby/kerby-util/1.0.1/kerby-util-1.0.1.jar:/home/user/.m2/repository/org/apache/kerby/kerb-common/1.0.1/kerb-common-1.0.1.jar:/home/user/.m2/repository/org/apache/kerby/kerb-crypto/1.0.1/kerb-crypto-1.0.1.jar:/home/user/.m2/repository/org/apache/kerby/kerb-util/1.0.1/kerb-util-1.0.1.jar:/home/user/.m2/repository/org/apache/kerby/token-provider/1.0.1/token-provider-1.0.1.jar:/home/user/.m2/repository/org/apache/kerby/kerb-admin/1.0.1/kerb-admin-1.0.1.jar:/home/user/.m2/repository/org/apache/kerby/kerb-server/1.0.1/kerb-server-1.0.1.jar:/home/user/.m2/repository/org/apache/kerby/kerb-identity/1.0.1/kerb-identity-1.0.1.jar:/home/user/.m2/repository/org/apache/kerby/kerby-xdr/1.0.1/kerby-xdr-1.0.1.jar:/home/user/.m2/repository/org/slf4j/slf4j-log4j12/1.7.25/slf4j-log4j12-1.7.25.jar:/home/user/.m2/repository/org/apache/hadoop/hadoop-ozone-s3gateway/0.5.0-SNAPSHOT/hadoop-ozone-s3gateway-0.5.0-SNAPSHOT.jar:/home/user/.m2/repository/org/jboss/weld/servlet/weld-servlet/2.4.7.Final/weld-servlet-2.4.7.Final.jar:/home/user/.m2/repository/org/glassfish/jersey/containers/jersey-container-servlet-core/2.27/jersey-container-servlet-core-2.27.jar:/home/user/.m2/repository/org/glassfish/hk2/external/javax.inject/2.5.0-b42/javax.inject-2.5.0-b42.jar:/home/user/.m2/repository/org/glassfish/jersey/core/jersey-common/2.27/jersey-common-2.27.jar:/home/user/.m2/repository/org/glassfish/hk2/osgi-resource-locator/1.0.1/osgi-resource-locator-1.0.1.jar:/home/user/.m2/repository/javax/ws/rs/javax.ws.rs-api/2.1/javax.ws.rs-api-2.1.jar:/home/user/.m2/repository/org/glassfish/jersey/ext/cdi/jersey-cdi1x/2.27/jersey-cdi1x-2.27.jar:/home/user/.m2/repository/org/glassfish/jersey/inject/jersey-hk2/2.27/jersey-hk2-2.27.jar:/home/user/.m2/repository/org/glassfish/hk2/hk2-locator/2.5.0-b42/hk2-locator-2.5.0-b42.jar:/home/user/.m2/repository/org/javassist/javassist/3.22.0-CR2/javassist-3.22.0-CR2.jar:/home/user/.m2/repository/org/glassfish/hk2/hk2-api/2.5.0/hk2-api-2.5.0.jar:/home/user/.m2/repository/org/glassfish/hk2/external/jakarta.inject/2.5.0/jakarta.inject-2.5.0.jar:/home/user/.m2/repository/org/glassfish/hk2/hk2-utils/2.5.0/hk2-utils-2.5.0.jar:/home/user/.m2/repository/jakarta/annotation/jakarta.annotation-api/1.3.4/jakarta.annotation-api-1.3.4.jar:/home/user/.m2/repository/org/glassfish/hk2/external/aopalliance-repackaged/2.5.0/aopalliance-repackaged-2.5.0.jar:/home/user/.m2/repository/com/fasterxml/jackson/dataformat/jackson-dataformat-xml/2.9.0/jackson-dataformat-xml-2.9.0.jar:/home/user/.m2/repository/com/fasterxml/jackson/core/jackson-core/2.9.5/jackson-core-2.9.5.jar:/home/user/.m2/repository/com/fasterxml/jackson/module/jackson-module-jaxb-annotations/2.9.5/jackson-module-jaxb-annotations-2.9.5.jar:/home/user/.m2/repository/javax/enterprise/cdi-api/1.2/cdi-api-1.2.jar:/home/user/.m2/repository/javax/el/javax.el-api/3.0.0/javax.el-api-3.0.0.jar:/home/user/.m2/repository/javax/interceptor/javax.interceptor-api/1.2/javax.interceptor-api-1.2.jar:/home/user/.m2/repository/javax/inject/javax.inject/1/javax.inject-1.jar:/home/user/.m2/repository/com/sun/xml/bind/jaxb-impl/2.3.0.1/jaxb-impl-2.3.0.1.jar:/home/user/.m2/repository/com/sun/xml/bind/jaxb-core/2.3.0.1/jaxb-core-2.3.0.1.jar:/home/user/.m2/repository/javax/xml/bind/jaxb-api/2.3.0/jaxb-api-2.3.0.jar:/home/user/.m2/repository/javax/activation/activation/1.1.1/activation-1.1.1.jar:/home/user/.m2/repository/org/apache/hadoop/hadoop-ozone-csi/0.5.0-SNAPSHOT/hadoop-ozone-csi-0.5.0-SNAPSHOT.jar:/home/user/.m2/repository/com/google/protobuf/protobuf-java-util/3.5.1/protobuf-java-util-3.5.1.jar:/home/user/.m2/repository/org/apache/hadoop/hadoop-hdds-config/0.5.0-SNAPSHOT/hadoop-hdds-config-0.5.0-SNAPSHOT.jar:/home/user/.m2/repository/io/grpc/grpc-netty/1.17.1/grpc-netty-1.17.1.jar:/home/user/.m2/repository/io/grpc/grpc-core/1.17.1/grpc-core-1.17.1.jar:/home/user/.m2/repository/io/grpc/grpc-context/1.17.1/grpc-context-1.17.1.jar:/home/user/.m2/repository/com/google/errorprone/error_prone_annotations/2.2.0/error_prone_annotations-2.2.0.jar:/home/user/.m2/repository/org/codehaus/mojo/animal-sniffer-annotations/1.17/animal-sniffer-annotations-1.17.jar:/home/user/.m2/repository/io/opencensus/opencensus-api/0.17.0/opencensus-api-0.17.0.jar:/home/user/.m2/repository/io/opencensus/opencensus-contrib-grpc-metrics/0.17.0/opencensus-contrib-grpc-metrics-0.17.0.jar:/home/user/.m2/repository/io/netty/netty-codec-http2/4.1.30.Final/netty-codec-http2-4.1.30.Final.jar:/home/user/.m2/repository/io/netty/netty-codec-http/4.1.30.Final/netty-codec-http-4.1.30.Final.jar:/home/user/.m2/repository/io/netty/netty-codec/4.1.30.Final/netty-codec-4.1.30.Final.jar:/home/user/.m2/repository/io/netty/netty-handler/4.1.30.Final/netty-handler-4.1.30.Final.jar:/home/user/.m2/repository/io/netty/netty-handler-proxy/4.1.30.Final/netty-handler-proxy-4.1.30.Final.jar:/home/user/.m2/repository/io/netty/netty-codec-socks/4.1.30.Final/netty-codec-socks-4.1.30.Final.jar:/home/user/.m2/repository/io/netty/netty-transport-native-epoll/4.1.30.Final/netty-transport-native-epoll-4.1.30.Final.jar:/home/user/.m2/repository/io/netty/netty-common/4.1.30.Final/netty-common-4.1.30.Final.jar:/home/user/.m2/repository/io/netty/netty-buffer/4.1.30.Final/netty-buffer-4.1.30.Final.jar:/home/user/.m2/repository/io/netty/netty-transport/4.1.30.Final/netty-transport-4.1.30.Final.jar:/home/user/.m2/repository/io/netty/netty-resolver/4.1.30.Final/netty-resolver-4.1.30.Final.jar:/home/user/.m2/repository/io/netty/netty-transport-native-unix-common/4.1.30.Final/netty-transport-native-unix-common-4.1.30.Final.jar:/home/user/.m2/repository/io/grpc/grpc-protobuf/1.17.1/grpc-protobuf-1.17.1.jar:/home/user/.m2/repository/com/google/api/grpc/proto-google-common-protos/1.0.0/proto-google-common-protos-1.0.0.jar:/home/user/.m2/repository/io/grpc/grpc-protobuf-lite/1.17.1/grpc-protobuf-lite-1.17.1.jar:/home/user/.m2/repository/io/grpc/grpc-stub/1.17.1/grpc-stub-1.17.1.jar:/home/user/.m2/repository/org/apache/hadoop/hadoop-ozone-recon/0.5.0-SNAPSHOT/hadoop-ozone-recon-0.5.0-SNAPSHOT.jar:/home/user/.m2/repository/org/apache/hadoop/hadoop-ozone-reconcodegen/0.5.0-SNAPSHOT/hadoop-ozone-reconcodegen-0.5.0-SNAPSHOT.jar:/home/user/.m2/repository/com/google/inject/extensions/guice-multibindings/4.0/guice-multibindings-4.0.jar:/home/user/.m2/repository/com/google/inject/guice/4.0/guice-4.0.jar:/home/user/.m2/repository/aopalliance/aopalliance/1.0/aopalliance-1.0.jar:/home/user/.m2/repository/com/google/inject/extensions/guice-servlet/4.0/guice-servlet-4.0.jar:/home/user/.m2/repository/org/glassfish/jersey/containers/jersey-container-servlet/2.27/jersey-container-servlet-2.27.jar:/home/user/.m2/repository/org/glassfish/hk2/guice-bridge/2.5.0/guice-bridge-2.5.0.jar:/home/user/.m2/repository/org/glassfish/jersey/core/jersey-server/2.27/jersey-server-2.27.jar:/home/user/.m2/repository/org/glassfish/jersey/core/jersey-client/2.27/jersey-client-2.27.jar:/home/user/.m2/repository/org/glassfish/jersey/media/jersey-media-jaxb/2.27/jersey-media-jaxb-2.27.jar:/home/user/.m2/repository/javax/validation/validation-api/1.1.0.Final/validation-api-1.1.0.Final.jar:/home/user/.m2/repository/org/glassfish/jersey/media/jersey-media-json-jackson/2.27/jersey-media-json-jackson-2.27.jar:/home/user/.m2/repository/org/glassfish/jersey/ext/jersey-entity-filtering/2.27/jersey-entity-filtering-2.27.jar:/home/user/.m2/repository/com/google/inject/extensions/guice-assistedinject/4.0/guice-assistedinject-4.0.jar:/home/user/.m2/repository/org/jooq/jooq/3.11.10/jooq-3.11.10.jar:/home/user/.m2/repository/org/jooq/jooq-meta/3.11.10/jooq-meta-3.11.10.jar:/home/user/.m2/repository/org/jooq/jooq-codegen/3.11.10/jooq-codegen-3.11.10.jar:/home/user/.m2/repository/com/jolbox/bonecp/0.8.0.RELEASE/bonecp-0.8.0.RELEASE.jar:/home/user/.m2/repository/org/xerial/sqlite-jdbc/3.25.2/sqlite-jdbc-3.25.2.jar:/home/user/.m2/repository/org/springframework/spring-jdbc/5.1.3.RELEASE/spring-jdbc-5.1.3.RELEASE.jar:/home/user/.m2/repository/org/springframework/spring-beans/5.1.3.RELEASE/spring-beans-5.1.3.RELEASE.jar:/home/user/.m2/repository/org/springframework/spring-core/5.1.3.RELEASE/spring-core-5.1.3.RELEASE.jar:/home/user/.m2/repository/org/springframework/spring-jcl/5.1.3.RELEASE/spring-jcl-5.1.3.RELEASE.jar:/home/user/.m2/repository/org/springframework/spring-tx/5.1.3.RELEASE/spring-tx-5.1.3.RELEASE.jar:/home/user/.m2/repository/org/apache/hadoop/hadoop-ozone-client/0.5.0-SNAPSHOT/hadoop-ozone-client-0.5.0-SNAPSHOT.jar:/home/user/.m2/repository/commons-lang/commons-lang/2.6/commons-lang-2.6.jar:/home/user/.m2/repository/org/apache/hadoop/hadoop-ozone-ozone-manager/0.5.0-SNAPSHOT/hadoop-ozone-ozone-manager-0.5.0-SNAPSHOT-tests.jar:/home/user/.m2/repository/junit/junit/4.11/junit-4.11.jar:/home/user/.m2/repository/org/hamcrest/hamcrest-core/1.3/hamcrest-core-1.3.jar:/home/user/.m2/repository/org/openjdk/jmh/jmh-core/1.19/jmh-core-1.19.jar:/home/user/.m2/repository/net/sf/jopt-simple/jopt-simple/4.6/jopt-simple-4.6.jar:/home/user/.m2/repository/org/apache/commons/commons-math3/3.1.1/commons-math3-3.1.1.jar:/home/user/.m2/repository/org/openjdk/jmh/jmh-generator-annprocess/1.19/jmh-generator-annprocess-1.19.jar:/home/user/.m2/repository/org/mockito/mockito-all/1.8.5/mockito-all-1.8.5.jar:/home/user/.m2/repository/org/apache/hadoop/hadoop-kms/3.2.0/hadoop-kms-3.2.0.jar:/home/user/.m2/repository/org/apache/hadoop/hadoop-auth/3.2.0/hadoop-auth-3.2.0.jar:/home/user/.m2/repository/com/nimbusds/nimbus-jose-jwt/4.41.1/nimbus-jose-jwt-4.41.1.jar:/home/user/.m2/repository/com/github/stephenc/jcip/jcip-annotations/1.0-1/jcip-annotations-1.0-1.jar:/home/user/.m2/repository/net/minidev/json-smart/2.3/json-smart-2.3.jar:/home/user/.m2/repository/net/minidev/accessors-smart/1.2/accessors-smart-1.2.jar:/home/user/.m2/repository/org/ow2/asm/asm/5.0.4/asm-5.0.4.jar:/home/user/.m2/repository/org/apache/curator/curator-framework/2.12.0/curator-framework-2.12.0.jar:/home/user/.m2/repository/com/sun/jersey/jersey-core/1.19/jersey-core-1.19.jar:/home/user/.m2/repository/javax/ws/rs/jsr311-api/1.1.1/jsr311-api-1.1.1.jar:/home/user/.m2/repository/com/sun/jersey/jersey-server/1.19/jersey-server-1.19.jar:/home/user/.m2/repository/javax/servlet/javax.servlet-api/3.1.0/javax.servlet-api-3.1.0.jar:/home/user/.m2/repository/org/eclipse/jetty/jetty-server/9.3.24.v20180605/jetty-server-9.3.24.v20180605.jar:/home/user/.m2/repository/org/eclipse/jetty/jetty-http/9.3.24.v20180605/jetty-http-9.3.24.v20180605.jar:/home/user/.m2/repository/org/eclipse/jetty/jetty-io/9.3.24.v20180605/jetty-io-9.3.24.v20180605.jar:/home/user/.m2/repository/org/eclipse/jetty/jetty-webapp/9.3.24.v20180605/jetty-webapp-9.3.24.v20180605.jar:/home/user/.m2/repository/org/eclipse/jetty/jetty-xml/9.3.24.v20180605/jetty-xml-9.3.24.v20180605.jar:/home/user/.m2/repository/log4j/log4j/1.2.17/log4j-1.2.17.jar:/home/user/.m2/repository/org/slf4j/slf4j-api/1.7.25/slf4j-api-1.7.25.jar:/home/user/.m2/repository/org/slf4j/jul-to-slf4j/1.7.25/jul-to-slf4j-1.7.25.jar:/home/user/.m2/repository/org/eclipse/jetty/jetty-util/9.3.24.v20180605/jetty-util-9.3.24.v20180605.jar:/home/user/.m2/repository/com/fasterxml/jackson/core/jackson-databind/2.9.5/jackson-databind-2.9.5.jar:/home/user/.m2/repository/org/apache/hadoop/hadoop-kms/3.2.0/hadoop-kms-3.2.0-tests.jar:/home/user/.m2/repository/org/apache/hadoop/hadoop-hdds-server-scm/0.5.0-SNAPSHOT/hadoop-hdds-server-scm-0.5.0-SNAPSHOT-tests.jar:/home/user/.m2/repository/org/apache/hadoop/hadoop-hdds-container-service/0.5.0-SNAPSHOT/hadoop-hdds-container-service-0.5.0-SNAPSHOT-tests.jar:/home/user/.m2/repository/org/yaml/snakeyaml/1.16/snakeyaml-1.16.jar:/home/user/.m2/repository/org/apache/hadoop/hadoop-common/3.2.0/hadoop-common-3.2.0-tests.jar:/home/user/.m2/repository/org/apache/hadoop/hadoop-annotations/3.2.0/hadoop-annotations-3.2.0.jar:/usr/lib/jvm/java-1.8-openjdk/jre/../lib/tools.jar:/home/user/.m2/repository/commons-cli/commons-cli/1.2/commons-cli-1.2.jar:/home/user/.m2/repository/org/apache/httpcomponents/httpclient/4.5.2/httpclient-4.5.2.jar:/home/user/.m2/repository/org/apache/httpcomponents/httpcore/4.4.4/httpcore-4.4.4.jar:/home/user/.m2/repository/commons-codec/commons-codec/1.11/commons-codec-1.11.jar:/home/user/.m2/repository/commons-net/commons-net/3.6/commons-net-3.6.jar:/home/user/.m2/repository/commons-collections/commons-collections/3.2.2/commons-collections-3.2.2.jar:/home/user/.m2/repository/org/eclipse/jetty/jetty-servlet/9.3.24.v20180605/jetty-servlet-9.3.24.v20180605.jar:/home/user/.m2/repository/org/eclipse/jetty/jetty-security/9.3.24.v20180605/jetty-security-9.3.24.v20180605.jar:/home/user/.m2/repository/javax/servlet/jsp/jsp-api/2.1/jsp-api-2.1.jar:/home/user/.m2/repository/com/sun/jersey/jersey-servlet/1.19/jersey-servlet-1.19.jar:/home/user/.m2/repository/com/sun/jersey/jersey-json/1.19/jersey-json-1.19.jar:/home/user/.m2/repository/org/codehaus/jettison/jettison/1.1/jettison-1.1.jar:/home/user/.m2/repository/org/codehaus/jackson/jackson-core-asl/1.9.13/jackson-core-asl-1.9.13.jar:/home/user/.m2/repository/org/codehaus/jackson/jackson-mapper-asl/1.9.13/jackson-mapper-asl-1.9.13.jar:/home/user/.m2/repository/org/codehaus/jackson/jackson-jaxrs/1.9.13/jackson-jaxrs-1.9.13.jar:/home/user/.m2/repository/org/codehaus/jackson/jackson-xc/1.9.13/jackson-xc-1.9.13.jar:/home/user/.m2/repository/commons-logging/commons-logging/1.1.3/commons-logging-1.1.3.jar:/home/user/.m2/repository/commons-beanutils/commons-beanutils/1.9.3/commons-beanutils-1.9.3.jar:/home/user/.m2/repository/org/apache/commons/commons-configuration2/2.1.1/commons-configuration2-2.1.1.jar:/home/user/.m2/repository/org/apache/commons/commons-lang3/3.7/commons-lang3-3.7.jar:/home/user/.m2/repository/org/apache/commons/commons-text/1.4/commons-text-1.4.jar:/home/user/.m2/repository/org/apache/avro/avro/1.7.7/avro-1.7.7.jar:/home/user/.m2/repository/com/thoughtworks/paranamer/paranamer/2.3/paranamer-2.3.jar:/home/user/.m2/repository/org/xerial/snappy/snappy-java/1.0.5/snappy-java-1.0.5.jar:/home/user/.m2/repository/com/google/re2j/re2j/1.1/re2j-1.1.jar:/home/user/.m2/repository/com/google/code/gson/gson/2.2.4/gson-2.2.4.jar:/home/user/.m2/repository/com/jcraft/jsch/0.1.54/jsch-0.1.54.jar:/home/user/.m2/repository/org/apache/curator/curator-client/2.12.0/curator-client-2.12.0.jar:/home/user/.m2/repository/org/apache/curator/curator-recipes/2.12.0/curator-recipes-2.12.0.jar:/home/user/.m2/repository/com/google/code/findbugs/jsr305/3.0.0/jsr305-3.0.0.jar:/home/user/.m2/repository/org/apache/htrace/htrace-core4/4.1.0-incubating/htrace-core4-4.1.0-incubating.jar:/home/user/.m2/repository/org/apache/zookeeper/zookeeper/3.4.13/zookeeper-3.4.13.jar:/home/user/.m2/repository/org/apache/yetus/audience-annotations/0.5.0/audience-annotations-0.5.0.jar:/home/user/.m2/repository/org/codehaus/woodstox/stax2-api/3.1.4/stax2-api-3.1.4.jar:/home/user/.m2/repository/com/fasterxml/woodstox/woodstox-core/5.0.3/woodstox-core-5.0.3.jar:/home/user/.m2/repository/dnsjava/dnsjava/2.1.7/dnsjava-2.1.7.jar:/home/user/.m2/repository/org/apache/hadoop/hadoop-hdfs/3.2.0/hadoop-hdfs-3.2.0-tests.jar:/home/user/.m2/repository/org/eclipse/jetty/jetty-util-ajax/9.3.24.v20180605/jetty-util-ajax-9.3.24.v20180605.jar:/home/user/.m2/repository/commons-daemon/commons-daemon/1.0.13/commons-daemon-1.0.13.jar:/home/user/.m2/repository/io/netty/netty/3.10.5.Final/netty-3.10.5.Final.jar:/home/user/.m2/repository/io/netty/netty-all/4.0.52.Final/netty-all-4.0.52.Final.jar:/home/user/.m2/repository/org/fusesource/leveldbjni/leveldbjni-all/1.8/leveldbjni-all-1.8.jar:"/>
    <property name="sun.cpu.endian" value="little"/>
    <property name="user.home" value="/home/user"/>
    <property name="user.language" value="en"/>
    <property name="java.specification.vendor" value="Oracle Corporation"/>
    <property name="java.home" value="/usr/lib/jvm/java-1.8-openjdk/jre"/>
    <property name="java.security.krb5.conf" value="/workdir/hadoop-ozone/integration-test/target/test-classes/krb5.conf"/>
    <property name="basedir" value="/workdir/hadoop-ozone/integration-test"/>
    <property name="file.separator" value="/"/>
    <property name="line.separator" value="&#10;"/>
    <property name="java.vm.specification.vendor" value="Oracle Corporation"/>
    <property name="java.specification.name" value="Java Platform API Specification"/>
    <property name="java.awt.graphicsenv" value="sun.awt.X11GraphicsEnvironment"/>
    <property name="surefire.real.class.path" value="/workdir/hadoop-ozone/integration-test/target/surefire/surefirebooter3380324321807529396.jar"/>
    <property name="hadoop.log.dir" value="/workdir/hadoop-ozone/integration-test/target/log"/>
    <property name="sun.boot.class.path" value="/usr/lib/jvm/java-1.8-openjdk/jre/lib/resources.jar:/usr/lib/jvm/java-1.8-openjdk/jre/lib/rt.jar:/usr/lib/jvm/java-1.8-openjdk/jre/lib/sunrsasign.jar:/usr/lib/jvm/java-1.8-openjdk/jre/lib/jsse.jar:/usr/lib/jvm/java-1.8-openjdk/jre/lib/jce.jar:/usr/lib/jvm/java-1.8-openjdk/jre/lib/charsets.jar:/usr/lib/jvm/java-1.8-openjdk/jre/lib/jfr.jar:/usr/lib/jvm/java-1.8-openjdk/jre/classes"/>
    <property name="sun.management.compiler" value="HotSpot 64-Bit Tiered Compilers"/>
    <property name="java.runtime.version" value="1.8.0_212-b04"/>
    <property name="java.net.preferIPv4Stack" value="true"/>
    <property name="user.name" value="jenkins1000"/>
    <property name="path.separator" value=":"/>
    <property name="java.security.egd" value="file:///dev/urandom"/>
    <property name="os.version" value="3.10.0-957.12.2.el7.x86_64"/>
    <property name="java.endorsed.dirs" value="/usr/lib/jvm/java-1.8-openjdk/jre/lib/endorsed"/>
    <property name="java.runtime.name" value="OpenJDK Runtime Environment"/>
    <property name="file.encoding" value="UTF-8"/>
    <property name="java.vm.name" value="OpenJDK 64-Bit Server VM"/>
    <property name="test.build.webapps" value=""/>
    <property name="localRepository" value="/home/user/.m2/repository"/>
    <property name="java.vendor.url.bug" value="https://icedtea.classpath.org/bugzilla"/>
    <property name="java.io.tmpdir" value="/tmp"/>
    <property name="require.test.libhadoop" value=""/>
    <property name="java.version" value="1.8.0_212"/>
    <property name="user.dir" value="/workdir/hadoop-ozone/integration-test"/>
    <property name="os.arch" value="amd64"/>
    <property name="java.vm.specification.name" value="Java Virtual Machine Specification"/>
    <property name="test.build.classes" value="/workdir/hadoop-ozone/integration-test/target/test-classes"/>
    <property name="java.awt.printerjob" value="sun.print.PSPrinterJob"/>
    <property name="sun.os.patch.level" value="unknown"/>
    <property name="hadoop.tmp.dir" value="/workdir/hadoop-ozone/integration-test/target/tmp"/>
    <property name="java.library.path" value="/usr/lib/jvm/java-1.8-openjdk/jre/lib/amd64/server:/usr/lib/jvm/java-1.8-openjdk/jre/lib/amd64:/usr/lib/jvm/java-1.8-openjdk/jre/../lib/amd64:/workdir/hadoop-ozone/integration-test/target/native/target/usr/local/lib:/workdir/hadoop-ozone/integration-test/../../hadoop-common-project/hadoop-common/target/native/target/usr/local/lib:/usr/java/packages/lib/amd64:/usr/lib64:/lib64:/lib:/usr/lib"/>
    <property name="java.vm.info" value="mixed mode"/>
    <property name="java.vendor" value="IcedTea"/>
    <property name="java.vm.version" value="25.212-b04"/>
    <property name="java.ext.dirs" value="/usr/lib/jvm/java-1.8-openjdk/jre/lib/ext:/usr/java/packages/lib/ext"/>
    <property name="sun.io.unicode.encoding" value="UnicodeLittle"/>
    <property name="java.class.version" value="52.0"/>
  </properties>
  <testcase name="test2DatanodesFailure" classname="org.apache.hadoop.ozone.client.rpc.TestBlockOutputStreamWithFailures" time="51.487">
    <failure message="expected:&lt;5&gt; but was:&lt;6&gt;" type="java.lang.AssertionError"><![CDATA[java.lang.AssertionError: expected:<5> but was:<6>
	at org.junit.Assert.fail(Assert.java:88)
	at org.junit.Assert.failNotEquals(Assert.java:743)
	at org.junit.Assert.assertEquals(Assert.java:118)
	at org.junit.Assert.assertEquals(Assert.java:555)
	at org.junit.Assert.assertEquals(Assert.java:542)
	at org.apache.hadoop.ozone.client.rpc.TestBlockOutputStreamWithFailures.test2DatanodesFailure(TestBlockOutputStreamWithFailures.java:467)
	at sun.reflect.NativeMethodAccessorImpl.invoke0(Native Method)
	at sun.reflect.NativeMethodAccessorImpl.invoke(NativeMethodAccessorImpl.java:62)
	at sun.reflect.DelegatingMethodAccessorImpl.invoke(DelegatingMethodAccessorImpl.java:43)
	at java.lang.reflect.Method.invoke(Method.java:498)
	at org.junit.runners.model.FrameworkMethod$1.runReflectiveCall(FrameworkMethod.java:47)
	at org.junit.internal.runners.model.ReflectiveCallable.run(ReflectiveCallable.java:12)
	at org.junit.runners.model.FrameworkMethod.invokeExplosively(FrameworkMethod.java:44)
	at org.junit.internal.runners.statements.InvokeMethod.evaluate(InvokeMethod.java:17)
	at org.junit.internal.runners.statements.RunBefores.evaluate(RunBefores.java:26)
	at org.junit.internal.runners.statements.RunAfters.evaluate(RunAfters.java:27)
	at org.junit.runners.ParentRunner.runLeaf(ParentRunner.java:271)
	at org.junit.runners.BlockJUnit4ClassRunner.runChild(BlockJUnit4ClassRunner.java:70)
	at org.junit.runners.BlockJUnit4ClassRunner.runChild(BlockJUnit4ClassRunner.java:50)
	at org.junit.runners.ParentRunner$3.run(ParentRunner.java:238)
	at org.junit.runners.ParentRunner$1.schedule(ParentRunner.java:63)
	at org.junit.runners.ParentRunner.runChildren(ParentRunner.java:236)
	at org.junit.runners.ParentRunner.access$000(ParentRunner.java:53)
	at org.junit.runners.ParentRunner$2.evaluate(ParentRunner.java:229)
	at org.junit.runners.ParentRunner.run(ParentRunner.java:309)
	at org.apache.maven.surefire.junit4.JUnit4Provider.execute(JUnit4Provider.java:365)
	at org.apache.maven.surefire.junit4.JUnit4Provider.executeWithRerun(JUnit4Provider.java:273)
	at org.apache.maven.surefire.junit4.JUnit4Provider.executeTestSet(JUnit4Provider.java:238)
	at org.apache.maven.surefire.junit4.JUnit4Provider.invoke(JUnit4Provider.java:159)
	at org.apache.maven.surefire.booter.ForkedBooter.invokeProviderInSameClassLoader(ForkedBooter.java:384)
	at org.apache.maven.surefire.booter.ForkedBooter.runSuitesInProcess(ForkedBooter.java:345)
	at org.apache.maven.surefire.booter.ForkedBooter.execute(ForkedBooter.java:126)
	at org.apache.maven.surefire.booter.ForkedBooter.main(ForkedBooter.java:418)
]]></failure>
    <system-out><![CDATA[2019-08-29 08:21:33,912 [main] WARN  server.ServerUtils (ServerUtils.java:getScmDbDir(145)) - ozone.scm.db.dirs is not configured. We recommend adding this setting. Falling back to ozone.metadata.dirs instead.
2019-08-29 08:21:34,020 [main] WARN  server.ServerUtils (ServerUtils.java:getScmDbDir(145)) - ozone.scm.db.dirs is not configured. We recommend adding this setting. Falling back to ozone.metadata.dirs instead.
2019-08-29 08:21:34,024 [main] WARN  server.ServerUtils (ServerUtils.java:getScmDbDir(145)) - ozone.scm.db.dirs is not configured. We recommend adding this setting. Falling back to ozone.metadata.dirs instead.
2019-08-29 08:21:34,043 [main] INFO  util.log (Log.java:initialized(192)) - Logging initialized @813ms
2019-08-29 08:21:34,148 [main] INFO  db.DBStoreBuilder (DBStoreBuilder.java:addTable(110)) - using custom profile for table: deletedBlocks
2019-08-29 08:21:34,148 [main] INFO  db.DBStoreBuilder (DBStoreBuilder.java:processTables(161)) - Using default column profile:DBProfile.DISK for Table:deletedBlocks
2019-08-29 08:21:34,149 [main] INFO  db.DBStoreBuilder (DBStoreBuilder.java:addTable(110)) - using custom profile for table: validCerts
2019-08-29 08:21:34,149 [main] INFO  db.DBStoreBuilder (DBStoreBuilder.java:processTables(161)) - Using default column profile:DBProfile.DISK for Table:validCerts
2019-08-29 08:21:34,149 [main] INFO  db.DBStoreBuilder (DBStoreBuilder.java:addTable(110)) - using custom profile for table: revokedCerts
2019-08-29 08:21:34,150 [main] INFO  db.DBStoreBuilder (DBStoreBuilder.java:processTables(161)) - Using default column profile:DBProfile.DISK for Table:revokedCerts
2019-08-29 08:21:34,162 [main] INFO  db.DBStoreBuilder (DBStoreBuilder.java:addTable(110)) - using custom profile for table: default
2019-08-29 08:21:34,162 [main] INFO  db.DBStoreBuilder (DBStoreBuilder.java:processTables(167)) - Using default column profile:DBProfile.DISK for Table:default
2019-08-29 08:21:34,163 [main] INFO  db.DBStoreBuilder (DBStoreBuilder.java:getDbProfile(198)) - Using default options. DBProfile.DISK
2019-08-29 08:21:35,630 [main] INFO  net.NodeSchemaLoader (NodeSchemaLoader.java:loadSchemaFromFile(125)) - Loading file from sun.misc.CompoundEnumeration@6eda5c9
2019-08-29 08:21:35,632 [main] INFO  net.NodeSchemaLoader (NodeSchemaLoader.java:loadSchema(171)) - Loading network topology layer schema file
2019-08-29 08:21:35,721 [main] INFO  node.SCMNodeManager (SCMNodeManager.java:<init>(121)) - Entering startup safe mode.
2019-08-29 08:21:35,796 [main] INFO  algorithms.ContainerPlacementPolicyFactory (ContainerPlacementPolicyFactory.java:getPolicy(55)) - Create container placement policy of type org.apache.hadoop.hdds.scm.container.placement.algorithms.SCMContainerPlacementRandom
2019-08-29 08:21:35,811 [main] WARN  server.ServerUtils (ServerUtils.java:getScmDbDir(145)) - ozone.scm.db.dirs is not configured. We recommend adding this setting. Falling back to ozone.metadata.dirs instead.
2019-08-29 08:21:35,917 [main] INFO  pipeline.SCMPipelineManager (SCMPipelineManager.java:initializePipelineState(126)) - No pipeline exists in current db
2019-08-29 08:21:35,919 [main] WARN  server.ServerUtils (ServerUtils.java:getScmDbDir(145)) - ozone.scm.db.dirs is not configured. We recommend adding this setting. Falling back to ozone.metadata.dirs instead.
2019-08-29 08:21:36,583 [main] WARN  events.EventQueue (EventQueue.java:fireEvent(175)) - No event handler registered for event TypedEvent{payloadType=SafeModeStatus, name='SafeModeStatus'}
2019-08-29 08:21:37,114 [main] INFO  ipc.CallQueueManager (CallQueueManager.java:<init>(84)) - Using callQueue: class java.util.concurrent.LinkedBlockingQueue, queueCapacity: 2000, scheduler: class org.apache.hadoop.ipc.DefaultRpcScheduler, ipcBackoff: false.
2019-08-29 08:21:37,416 [Socket Reader #1 for port 39602] INFO  ipc.Server (Server.java:run(1074)) - Starting Socket Reader #1 for port 39602
2019-08-29 08:21:37,440 [main] INFO  ipc.CallQueueManager (CallQueueManager.java:<init>(84)) - Using callQueue: class java.util.concurrent.LinkedBlockingQueue, queueCapacity: 2000, scheduler: class org.apache.hadoop.ipc.DefaultRpcScheduler, ipcBackoff: false.
2019-08-29 08:21:37,441 [Socket Reader #1 for port 41476] INFO  ipc.Server (Server.java:run(1074)) - Starting Socket Reader #1 for port 41476
2019-08-29 08:21:37,449 [main] INFO  ipc.CallQueueManager (CallQueueManager.java:<init>(84)) - Using callQueue: class java.util.concurrent.LinkedBlockingQueue, queueCapacity: 2000, scheduler: class org.apache.hadoop.ipc.DefaultRpcScheduler, ipcBackoff: false.
2019-08-29 08:21:37,450 [Socket Reader #1 for port 33539] INFO  ipc.Server (Server.java:run(1074)) - Starting Socket Reader #1 for port 33539
2019-08-29 08:21:37,470 [main] INFO  hdfs.DFSUtil (DFSUtil.java:httpServerTemplateForNNAndJN(1641)) - Starting Web-server for scm at: http://0.0.0.0:0
2019-08-29 08:21:37,621 [main] INFO  server.AuthenticationFilter (AuthenticationFilter.java:constructSecretProvider(240)) - Unable to initialize FileSignerSecretProvider, falling back to use random secrets.
2019-08-29 08:21:37,630 [main] WARN  http.HttpRequestLog (HttpRequestLog.java:getRequestLog(97)) - Jetty request log can only be enabled using Log4j
2019-08-29 08:21:37,639 [main] INFO  http.HttpServer2 (HttpServer2.java:addGlobalFilter(975)) - Added global filter 'safety' (class=org.apache.hadoop.http.HttpServer2$QuotingInputFilter)
2019-08-29 08:21:37,641 [main] INFO  http.HttpServer2 (HttpServer2.java:addFilter(948)) - Added filter static_user_filter (class=org.apache.hadoop.http.lib.StaticUserWebFilter$StaticUserFilter) to context scm
2019-08-29 08:21:37,642 [main] INFO  http.HttpServer2 (HttpServer2.java:addFilter(958)) - Added filter static_user_filter (class=org.apache.hadoop.http.lib.StaticUserWebFilter$StaticUserFilter) to context static
2019-08-29 08:21:37,642 [main] INFO  http.HttpServer2 (HttpServer2.java:addFilter(958)) - Added filter static_user_filter (class=org.apache.hadoop.http.lib.StaticUserWebFilter$StaticUserFilter) to context logs
2019-08-29 08:21:37,672 [main] INFO  server.StorageContainerManager (StorageContainerManager.java:start(759)) - StorageContainerLocationProtocol RPC server is listening at /0.0.0.0:33539
2019-08-29 08:21:37,730 [main] WARN  impl.MetricsConfig (MetricsConfig.java:loadFirst(134)) - Cannot locate configuration: tried hadoop-metrics2-storagecontainermanager.properties,hadoop-metrics2.properties
2019-08-29 08:21:37,742 [main] INFO  impl.MetricsSystemImpl (MetricsSystemImpl.java:startTimer(374)) - Scheduled Metric snapshot period at 10 second(s).
2019-08-29 08:21:37,742 [main] INFO  impl.MetricsSystemImpl (MetricsSystemImpl.java:start(191)) - StorageContainerManager metrics system started
2019-08-29 08:21:37,961 [main] INFO  server.SCMClientProtocolServer (SCMClientProtocolServer.java:start(151)) - RPC server for Client  is listening at /0.0.0.0:33539
2019-08-29 08:21:37,961 [IPC Server Responder] INFO  ipc.Server (Server.java:run(1314)) - IPC Server Responder: starting
2019-08-29 08:21:37,962 [IPC Server listener on 33539] INFO  ipc.Server (Server.java:run(1153)) - IPC Server listener on 33539: starting
2019-08-29 08:21:37,965 [main] INFO  server.StorageContainerManager (StorageContainerManager.java:start(769)) - ScmBlockLocationProtocol RPC server is listening at /0.0.0.0:41476
2019-08-29 08:21:37,965 [main] INFO  server.SCMBlockProtocolServer (SCMBlockProtocolServer.java:start(140)) - RPC server for Block Protocol is listening at /0.0.0.0:41476
2019-08-29 08:21:37,966 [IPC Server Responder] INFO  ipc.Server (Server.java:run(1314)) - IPC Server Responder: starting
2019-08-29 08:21:37,966 [IPC Server listener on 41476] INFO  ipc.Server (Server.java:run(1153)) - IPC Server listener on 41476: starting
2019-08-29 08:21:37,969 [main] INFO  server.StorageContainerManager (StorageContainerManager.java:start(773)) - ScmDatanodeProtocl RPC server is listening at /0.0.0.0:39602
2019-08-29 08:21:37,970 [main] INFO  server.SCMDatanodeProtocolServer (SCMDatanodeProtocolServer.java:start(191)) - RPC server for DataNodes is listening at /0.0.0.0:39602
2019-08-29 08:21:37,970 [IPC Server Responder] INFO  ipc.Server (Server.java:run(1314)) - IPC Server Responder: starting
2019-08-29 08:21:37,970 [IPC Server listener on 39602] INFO  ipc.Server (Server.java:run(1153)) - IPC Server listener on 39602: starting
2019-08-29 08:21:37,977 [main] INFO  http.HttpServer2 (HttpServer2.java:bindListener(1191)) - Jetty bound to port 40376
2019-08-29 08:21:37,980 [main] INFO  server.Server (Server.java:doStart(351)) - jetty-9.3.24.v20180605, build timestamp: 2018-06-05T17:11:56Z, git hash: 84205aa28f11a4f31f2a3b86d1bba2cc8ab69827
2019-08-29 08:21:38,016 [main] INFO  handler.ContextHandler (ContextHandler.java:doStart(781)) - Started o.e.j.s.ServletContextHandler@1a45193b{/logs,file:///workdir/hadoop-ozone/integration-test/target/log,AVAILABLE}
2019-08-29 08:21:38,017 [main] INFO  handler.ContextHandler (ContextHandler.java:doStart(781)) - Started o.e.j.s.ServletContextHandler@5286c33a{/static,file:///workdir/hadoop-ozone/integration-test/target/test-classes/webapps/static,AVAILABLE}
2019-08-29 08:21:38,048 [main] INFO  handler.ContextHandler (ContextHandler.java:doStart(781)) - Started o.e.j.w.WebAppContext@3676ac27{/,file:///workdir/hadoop-ozone/integration-test/target/test-classes/webapps/scm/,AVAILABLE}{/scm}
2019-08-29 08:21:38,053 [main] INFO  server.AbstractConnector (AbstractConnector.java:doStart(278)) - Started ServerConnector@50305a{HTTP/1.1,[http/1.1]}{0.0.0.0:40376}
2019-08-29 08:21:38,054 [main] INFO  server.Server (Server.java:doStart(419)) - Started @4823ms
2019-08-29 08:21:38,055 [main] INFO  server.BaseHttpServer (BaseHttpServer.java:updateConnectorAddress(213)) - HTTP server of SCM is listening at http://0.0.0.0:40376
2019-08-29 08:21:38,063 [org.apache.hadoop.util.JvmPauseMonitor$Monitor@7646731d] INFO  util.JvmPauseMonitor (JvmPauseMonitor.java:run(188)) - Starting JVM pause monitor
2019-08-29 08:21:38,068 [main] WARN  server.ServerUtils (ServerUtils.java:getDBPath(222)) - ozone.om.db.dirs is not configured. We recommend adding this setting. Falling back to ozone.metadata.dirs instead.
2019-08-29 08:21:38,427 [main] WARN  server.ServerUtils (ServerUtils.java:getDBPath(222)) - ozone.om.db.dirs is not configured. We recommend adding this setting. Falling back to ozone.metadata.dirs instead.
2019-08-29 08:21:38,427 [main] WARN  server.ServerUtils (ServerUtils.java:getDBPath(222)) - ozone.om.db.dirs is not configured. We recommend adding this setting. Falling back to ozone.metadata.dirs instead.
2019-08-29 08:21:38,429 [main] INFO  om.OzoneManager (OzoneManager.java:setOMNodeDetails(645)) - OM Service ID is not set. Setting it to the default ID: omServiceIdDefault
2019-08-29 08:21:38,429 [main] INFO  om.OzoneManager (OzoneManager.java:setOMNodeDetails(651)) - OM Node ID is not set. Setting it to the OmStorage's OmID: 9fdecc79-81e1-4a44-afce-2a4fe23a6867
2019-08-29 08:21:38,431 [main] INFO  om.OzoneManager (OzoneManager.java:loadOMHAConfigs(602)) - Found matching OM address with OMServiceId: null, OMNodeId: null, RPC Address: localhost:0 and Ratis port: 9872
2019-08-29 08:21:38,694 | INFO  | SCMAudit | user=jenkins1000 | ip=192.168.5.176 | op=GET_SCM_INFO null | ret=SUCCESS |  
2019-08-29 08:21:39,219 [main] WARN  server.ServerUtils (ServerUtils.java:getDBPath(222)) - ozone.om.db.dirs is not configured. We recommend adding this setting. Falling back to ozone.metadata.dirs instead.
2019-08-29 08:21:39,226 [main] INFO  db.DBStoreBuilder (DBStoreBuilder.java:addTable(110)) - using custom profile for table: userTable
2019-08-29 08:21:39,227 [main] INFO  db.DBStoreBuilder (DBStoreBuilder.java:processTables(161)) - Using default column profile:DBProfile.DISK for Table:userTable
2019-08-29 08:21:39,227 [main] INFO  db.DBStoreBuilder (DBStoreBuilder.java:addTable(110)) - using custom profile for table: volumeTable
2019-08-29 08:21:39,227 [main] INFO  db.DBStoreBuilder (DBStoreBuilder.java:processTables(161)) - Using default column profile:DBProfile.DISK for Table:volumeTable
2019-08-29 08:21:39,227 [main] INFO  db.DBStoreBuilder (DBStoreBuilder.java:addTable(110)) - using custom profile for table: bucketTable
2019-08-29 08:21:39,228 [main] INFO  db.DBStoreBuilder (DBStoreBuilder.java:processTables(161)) - Using default column profile:DBProfile.DISK for Table:bucketTable
2019-08-29 08:21:39,228 [main] INFO  db.DBStoreBuilder (DBStoreBuilder.java:addTable(110)) - using custom profile for table: keyTable
2019-08-29 08:21:39,228 [main] INFO  db.DBStoreBuilder (DBStoreBuilder.java:processTables(161)) - Using default column profile:DBProfile.DISK for Table:keyTable
2019-08-29 08:21:39,228 [main] INFO  db.DBStoreBuilder (DBStoreBuilder.java:addTable(110)) - using custom profile for table: deletedTable
2019-08-29 08:21:39,229 [main] INFO  db.DBStoreBuilder (DBStoreBuilder.java:processTables(161)) - Using default column profile:DBProfile.DISK for Table:deletedTable
2019-08-29 08:21:39,229 [main] INFO  db.DBStoreBuilder (DBStoreBuilder.java:addTable(110)) - using custom profile for table: openKeyTable
2019-08-29 08:21:39,229 [main] INFO  db.DBStoreBuilder (DBStoreBuilder.java:processTables(161)) - Using default column profile:DBProfile.DISK for Table:openKeyTable
2019-08-29 08:21:39,229 [main] INFO  db.DBStoreBuilder (DBStoreBuilder.java:addTable(110)) - using custom profile for table: s3Table
2019-08-29 08:21:39,230 [main] INFO  db.DBStoreBuilder (DBStoreBuilder.java:processTables(161)) - Using default column profile:DBProfile.DISK for Table:s3Table
2019-08-29 08:21:39,230 [main] INFO  db.DBStoreBuilder (DBStoreBuilder.java:addTable(110)) - using custom profile for table: multipartInfoTable
2019-08-29 08:21:39,230 [main] INFO  db.DBStoreBuilder (DBStoreBuilder.java:processTables(161)) - Using default column profile:DBProfile.DISK for Table:multipartInfoTable
2019-08-29 08:21:39,231 [main] INFO  db.DBStoreBuilder (DBStoreBuilder.java:addTable(110)) - using custom profile for table: dTokenTable
2019-08-29 08:21:39,231 [main] INFO  db.DBStoreBuilder (DBStoreBuilder.java:processTables(161)) - Using default column profile:DBProfile.DISK for Table:dTokenTable
2019-08-29 08:21:39,232 [main] INFO  db.DBStoreBuilder (DBStoreBuilder.java:addTable(110)) - using custom profile for table: s3SecretTable
2019-08-29 08:21:39,232 [main] INFO  db.DBStoreBuilder (DBStoreBuilder.java:processTables(161)) - Using default column profile:DBProfile.DISK for Table:s3SecretTable
2019-08-29 08:21:39,232 [main] INFO  db.DBStoreBuilder (DBStoreBuilder.java:addTable(110)) - using custom profile for table: prefixTable
2019-08-29 08:21:39,233 [main] INFO  db.DBStoreBuilder (DBStoreBuilder.java:processTables(161)) - Using default column profile:DBProfile.DISK for Table:prefixTable
2019-08-29 08:21:39,233 [main] INFO  db.DBStoreBuilder (DBStoreBuilder.java:addTable(110)) - using custom profile for table: default
2019-08-29 08:21:39,233 [main] INFO  db.DBStoreBuilder (DBStoreBuilder.java:processTables(167)) - Using default column profile:DBProfile.DISK for Table:default
2019-08-29 08:21:39,234 [main] INFO  db.DBStoreBuilder (DBStoreBuilder.java:getDbProfile(198)) - Using default options. DBProfile.DISK
2019-08-29 08:21:40,007 [main] INFO  ipc.CallQueueManager (CallQueueManager.java:<init>(84)) - Using callQueue: class java.util.concurrent.LinkedBlockingQueue, queueCapacity: 2000, scheduler: class org.apache.hadoop.ipc.DefaultRpcScheduler, ipcBackoff: false.
2019-08-29 08:21:40,008 [Socket Reader #1 for port 34271] INFO  ipc.Server (Server.java:run(1074)) - Starting Socket Reader #1 for port 34271
2019-08-29 08:21:40,026 [main] INFO  om.OzoneManager (OzoneManager.java:start(1256)) - OzoneManager RPC server is listening at localhost/127.0.0.1:34271
2019-08-29 08:21:40,026 [main] INFO  impl.MetricsSystemImpl (MetricsSystemImpl.java:init(158)) - OzoneManager metrics system started (again)
2019-08-29 08:21:40,028 [IPC Server Responder] INFO  ipc.Server (Server.java:run(1314)) - IPC Server Responder: starting
2019-08-29 08:21:40,028 [IPC Server listener on 34271] INFO  ipc.Server (Server.java:run(1153)) - IPC Server listener on 34271: starting
2019-08-29 08:21:40,200 [main] INFO  hdfs.DFSUtil (DFSUtil.java:httpServerTemplateForNNAndJN(1641)) - Starting Web-server for ozoneManager at: http://0.0.0.0:0
2019-08-29 08:21:40,203 [main] INFO  server.AuthenticationFilter (AuthenticationFilter.java:constructSecretProvider(240)) - Unable to initialize FileSignerSecretProvider, falling back to use random secrets.
2019-08-29 08:21:40,204 [main] WARN  http.HttpRequestLog (HttpRequestLog.java:getRequestLog(97)) - Jetty request log can only be enabled using Log4j
2019-08-29 08:21:40,208 [main] INFO  http.HttpServer2 (HttpServer2.java:addGlobalFilter(975)) - Added global filter 'safety' (class=org.apache.hadoop.http.HttpServer2$QuotingInputFilter)
2019-08-29 08:21:40,209 [main] INFO  http.HttpServer2 (HttpServer2.java:addFilter(948)) - Added filter static_user_filter (class=org.apache.hadoop.http.lib.StaticUserWebFilter$StaticUserFilter) to context ozoneManager
2019-08-29 08:21:40,209 [main] INFO  http.HttpServer2 (HttpServer2.java:addFilter(958)) - Added filter static_user_filter (class=org.apache.hadoop.http.lib.StaticUserWebFilter$StaticUserFilter) to context logs
2019-08-29 08:21:40,210 [main] INFO  http.HttpServer2 (HttpServer2.java:addFilter(958)) - Added filter static_user_filter (class=org.apache.hadoop.http.lib.StaticUserWebFilter$StaticUserFilter) to context static
2019-08-29 08:21:40,215 [main] INFO  http.HttpServer2 (HttpServer2.java:bindListener(1191)) - Jetty bound to port 38448
2019-08-29 08:21:40,215 [main] INFO  server.Server (Server.java:doStart(351)) - jetty-9.3.24.v20180605, build timestamp: 2018-06-05T17:11:56Z, git hash: 84205aa28f11a4f31f2a3b86d1bba2cc8ab69827
2019-08-29 08:21:40,218 [main] INFO  handler.ContextHandler (ContextHandler.java:doStart(781)) - Started o.e.j.s.ServletContextHandler@41c204a0{/logs,file:///workdir/hadoop-ozone/integration-test/target/log,AVAILABLE}
2019-08-29 08:21:40,218 [main] INFO  handler.ContextHandler (ContextHandler.java:doStart(781)) - Started o.e.j.s.ServletContextHandler@49dbaaf3{/static,file:///workdir/hadoop-ozone/integration-test/target/test-classes/webapps/static,AVAILABLE}
2019-08-29 08:21:40,224 [main] INFO  handler.ContextHandler (ContextHandler.java:doStart(781)) - Started o.e.j.w.WebAppContext@63da207f{/,file:///workdir/hadoop-ozone/integration-test/target/test-classes/webapps/ozoneManager/,AVAILABLE}{/ozoneManager}
2019-08-29 08:21:40,225 [main] INFO  server.AbstractConnector (AbstractConnector.java:doStart(278)) - Started ServerConnector@173373b4{HTTP/1.1,[http/1.1]}{0.0.0.0:38448}
2019-08-29 08:21:40,226 [main] INFO  server.Server (Server.java:doStart(419)) - Started @6996ms
2019-08-29 08:21:40,227 [main] INFO  server.BaseHttpServer (BaseHttpServer.java:updateConnectorAddress(213)) - HTTP server of OZONEMANAGER is listening at http://0.0.0.0:38448
2019-08-29 08:21:40,384 [main] INFO  impl.MetricsSystemImpl (MetricsSystemImpl.java:init(158)) - HddsDatanode metrics system started (again)
2019-08-29 08:21:40,485 [main] INFO  ozone.HddsDatanodeService (HddsDatanodeService.java:start(184)) - HddsDatanodeService host:pr-hdds-1909-44d2n-1519487446 ip:192.168.5.176
2019-08-29 08:21:40,517 [main] INFO  volume.HddsVolume (HddsVolume.java:<init>(176)) - Creating Volume: /workdir/hadoop-ozone/integration-test/target/test-dir/MiniOzoneClusterImpl-ab0df1f0-a3d6-4d90-a98d-535794749ce9/datanode-0/data/containers/hdds of  storage type : DISK and capacity : 1482555576320
2019-08-29 08:21:40,519 [main] INFO  volume.VolumeSet (VolumeSet.java:initializeVolumeSet(170)) - Added Volume : /workdir/hadoop-ozone/integration-test/target/test-dir/MiniOzoneClusterImpl-ab0df1f0-a3d6-4d90-a98d-535794749ce9/datanode-0/data/containers/hdds to VolumeSet
2019-08-29 08:21:40,522 [main] INFO  volume.ThrottledAsyncChecker (ThrottledAsyncChecker.java:schedule(140)) - Scheduling a check for org.apache.hadoop.ozone.container.common.volume.HddsVolume@30d25c03
2019-08-29 08:21:40,540 [main] INFO  volume.HddsVolumeChecker (HddsVolumeChecker.java:checkAllVolumes(203)) - Scheduled health check for volume org.apache.hadoop.ozone.container.common.volume.HddsVolume@30d25c03
2019-08-29 08:21:40,649 [main] INFO  impl.RaftServerProxy (ConfUtils.java:logGet(43)) - raft.rpc.type = GRPC (default)
2019-08-29 08:21:40,739 [main] INFO  grpc.GrpcFactory (GrpcFactory.java:checkPooledByteBufAllocatorUseCacheForAllThreads(45)) - PERFORMANCE WARNING: useCacheForAllThreads is true that may cause Netty to create a lot garbage objects and, as a result, trigger GC.
	It is recommended to disable useCacheForAllThreads by setting -Dorg.apache.ratis.thirdparty.io.netty.allocator.useCacheForAllThreads=false in command line.
2019-08-29 08:21:40,744 [main] INFO  grpc.GrpcConfigKeys$Server (ConfUtils.java:logGet(43)) - raft.grpc.server.port = 0 (default)
2019-08-29 08:21:40,745 [main] INFO  server.GrpcService (ConfUtils.java:logGet(43)) - raft.grpc.message.size.max = 33570816 (custom)
2019-08-29 08:21:40,747 [main] INFO  server.RaftServerConfigKeys (ConfUtils.java:logGet(43)) - raft.server.log.appender.buffer.byte-limit = 33554432 (custom)
2019-08-29 08:21:40,748 [main] INFO  server.GrpcService (ConfUtils.java:logGet(43)) - raft.grpc.flow.control.window = 1MB (=1048576) (default)
2019-08-29 08:21:40,748 [main] INFO  server.RaftServerConfigKeys (ConfUtils.java:logGet(43)) - raft.server.rpc.request.timeout = 3000ms (default)
2019-08-29 08:21:40,914 [main] INFO  server.RaftServerConfigKeys (ConfUtils.java:logGet(43)) - raft.server.storage.dir = [/workdir/hadoop-ozone/integration-test/target/test-dir/MiniOzoneClusterImpl-ab0df1f0-a3d6-4d90-a98d-535794749ce9/datanode-0/data/ratis] (custom)
2019-08-29 08:21:40,968 [main] INFO  hdfs.DFSUtil (DFSUtil.java:httpServerTemplateForNNAndJN(1641)) - Starting Web-server for hddsDatanode at: http://0.0.0.0:0
2019-08-29 08:21:40,971 [main] INFO  server.AuthenticationFilter (AuthenticationFilter.java:constructSecretProvider(240)) - Unable to initialize FileSignerSecretProvider, falling back to use random secrets.
2019-08-29 08:21:40,972 [main] WARN  http.HttpRequestLog (HttpRequestLog.java:getRequestLog(97)) - Jetty request log can only be enabled using Log4j
2019-08-29 08:21:40,974 [main] INFO  http.HttpServer2 (HttpServer2.java:addGlobalFilter(975)) - Added global filter 'safety' (class=org.apache.hadoop.http.HttpServer2$QuotingInputFilter)
2019-08-29 08:21:40,975 [main] INFO  http.HttpServer2 (HttpServer2.java:addFilter(948)) - Added filter static_user_filter (class=org.apache.hadoop.http.lib.StaticUserWebFilter$StaticUserFilter) to context hddsDatanode
2019-08-29 08:21:40,976 [main] INFO  http.HttpServer2 (HttpServer2.java:addFilter(958)) - Added filter static_user_filter (class=org.apache.hadoop.http.lib.StaticUserWebFilter$StaticUserFilter) to context logs
2019-08-29 08:21:40,976 [main] INFO  http.HttpServer2 (HttpServer2.java:addFilter(958)) - Added filter static_user_filter (class=org.apache.hadoop.http.lib.StaticUserWebFilter$StaticUserFilter) to context static
2019-08-29 08:21:40,977 [main] INFO  http.HttpServer2 (HttpServer2.java:bindListener(1191)) - Jetty bound to port 42269
2019-08-29 08:21:40,978 [main] INFO  server.Server (Server.java:doStart(351)) - jetty-9.3.24.v20180605, build timestamp: 2018-06-05T17:11:56Z, git hash: 84205aa28f11a4f31f2a3b86d1bba2cc8ab69827
2019-08-29 08:21:40,981 [main] INFO  handler.ContextHandler (ContextHandler.java:doStart(781)) - Started o.e.j.s.ServletContextHandler@1457fde{/logs,file:///workdir/hadoop-ozone/integration-test/target/log,AVAILABLE}
2019-08-29 08:21:40,982 [main] INFO  handler.ContextHandler (ContextHandler.java:doStart(781)) - Started o.e.j.s.ServletContextHandler@17fa1336{/static,jar:file:/home/user/.m2/repository/org/apache/hadoop/hadoop-hdds-container-service/0.5.0-SNAPSHOT/hadoop-hdds-container-service-0.5.0-SNAPSHOT.jar!/webapps/static,AVAILABLE}
2019-08-29 08:21:41,020 [main] INFO  handler.ContextHandler (ContextHandler.java:doStart(781)) - Started o.e.j.w.WebAppContext@7b306b9f{/,file:///tmp/jetty-0.0.0.0-42269-hddsDatanode-_-any-8741918390897283623.dir/webapp/,AVAILABLE}{/hddsDatanode}
2019-08-29 08:21:41,021 [main] INFO  server.AbstractConnector (AbstractConnector.java:doStart(278)) - Started ServerConnector@142213d5{HTTP/1.1,[http/1.1]}{0.0.0.0:42269}
2019-08-29 08:21:41,021 [main] INFO  server.Server (Server.java:doStart(419)) - Started @7791ms
2019-08-29 08:21:41,022 [main] INFO  server.BaseHttpServer (BaseHttpServer.java:updateConnectorAddress(213)) - HTTP server of HDDSDATANODE is listening at http://0.0.0.0:42269
2019-08-29 08:21:41,023 [main] INFO  impl.MetricsSystemImpl (MetricsSystemImpl.java:init(158)) - HddsDatanode metrics system started (again)
2019-08-29 08:21:41,026 [main] INFO  ozone.HddsDatanodeService (HddsDatanodeService.java:start(184)) - HddsDatanodeService host:pr-hdds-1909-44d2n-1519487446 ip:192.168.5.176
2019-08-29 08:21:41,028 [org.apache.hadoop.util.JvmPauseMonitor$Monitor@16d5ce8b] INFO  util.JvmPauseMonitor (JvmPauseMonitor.java:run(188)) - Starting JVM pause monitor
2019-08-29 08:21:41,034 [main] INFO  volume.HddsVolume (HddsVolume.java:<init>(176)) - Creating Volume: /workdir/hadoop-ozone/integration-test/target/test-dir/MiniOzoneClusterImpl-ab0df1f0-a3d6-4d90-a98d-535794749ce9/datanode-1/data/containers/hdds of  storage type : DISK and capacity : 1482555576320
2019-08-29 08:21:41,034 [main] INFO  volume.VolumeSet (VolumeSet.java:initializeVolumeSet(170)) - Added Volume : /workdir/hadoop-ozone/integration-test/target/test-dir/MiniOzoneClusterImpl-ab0df1f0-a3d6-4d90-a98d-535794749ce9/datanode-1/data/containers/hdds to VolumeSet
2019-08-29 08:21:41,035 [main] INFO  volume.ThrottledAsyncChecker (ThrottledAsyncChecker.java:schedule(140)) - Scheduling a check for org.apache.hadoop.ozone.container.common.volume.HddsVolume@4821aa9f
2019-08-29 08:21:41,036 [main] INFO  volume.HddsVolumeChecker (HddsVolumeChecker.java:checkAllVolumes(203)) - Scheduled health check for volume org.apache.hadoop.ozone.container.common.volume.HddsVolume@4821aa9f
2019-08-29 08:21:41,050 [main] INFO  impl.RaftServerProxy (ConfUtils.java:logGet(43)) - raft.rpc.type = GRPC (default)
2019-08-29 08:21:41,050 [main] INFO  grpc.GrpcFactory (GrpcFactory.java:checkPooledByteBufAllocatorUseCacheForAllThreads(45)) - PERFORMANCE WARNING: useCacheForAllThreads is true that may cause Netty to create a lot garbage objects and, as a result, trigger GC.
	It is recommended to disable useCacheForAllThreads by setting -Dorg.apache.ratis.thirdparty.io.netty.allocator.useCacheForAllThreads=false in command line.
2019-08-29 08:21:41,051 [main] INFO  grpc.GrpcConfigKeys$Server (ConfUtils.java:logGet(43)) - raft.grpc.server.port = 0 (default)
2019-08-29 08:21:41,051 [main] INFO  server.GrpcService (ConfUtils.java:logGet(43)) - raft.grpc.message.size.max = 33570816 (custom)
2019-08-29 08:21:41,051 [main] INFO  server.RaftServerConfigKeys (ConfUtils.java:logGet(43)) - raft.server.log.appender.buffer.byte-limit = 33554432 (custom)
2019-08-29 08:21:41,051 [main] INFO  server.GrpcService (ConfUtils.java:logGet(43)) - raft.grpc.flow.control.window = 1MB (=1048576) (default)
2019-08-29 08:21:41,052 [main] INFO  server.RaftServerConfigKeys (ConfUtils.java:logGet(43)) - raft.server.rpc.request.timeout = 3000ms (default)
2019-08-29 08:21:41,052 [main] INFO  server.RaftServerConfigKeys (ConfUtils.java:logGet(43)) - raft.server.storage.dir = [/workdir/hadoop-ozone/integration-test/target/test-dir/MiniOzoneClusterImpl-ab0df1f0-a3d6-4d90-a98d-535794749ce9/datanode-1/data/ratis] (custom)
2019-08-29 08:21:41,054 [main] INFO  hdfs.DFSUtil (DFSUtil.java:httpServerTemplateForNNAndJN(1641)) - Starting Web-server for hddsDatanode at: http://0.0.0.0:0
2019-08-29 08:21:41,055 [main] INFO  server.AuthenticationFilter (AuthenticationFilter.java:constructSecretProvider(240)) - Unable to initialize FileSignerSecretProvider, falling back to use random secrets.
2019-08-29 08:21:41,056 [main] WARN  http.HttpRequestLog (HttpRequestLog.java:getRequestLog(97)) - Jetty request log can only be enabled using Log4j
2019-08-29 08:21:41,058 [main] INFO  http.HttpServer2 (HttpServer2.java:addGlobalFilter(975)) - Added global filter 'safety' (class=org.apache.hadoop.http.HttpServer2$QuotingInputFilter)
2019-08-29 08:21:41,059 [main] INFO  http.HttpServer2 (HttpServer2.java:addFilter(948)) - Added filter static_user_filter (class=org.apache.hadoop.http.lib.StaticUserWebFilter$StaticUserFilter) to context hddsDatanode
2019-08-29 08:21:41,059 [main] INFO  http.HttpServer2 (HttpServer2.java:addFilter(958)) - Added filter static_user_filter (class=org.apache.hadoop.http.lib.StaticUserWebFilter$StaticUserFilter) to context static
2019-08-29 08:21:41,059 [main] INFO  http.HttpServer2 (HttpServer2.java:addFilter(958)) - Added filter static_user_filter (class=org.apache.hadoop.http.lib.StaticUserWebFilter$StaticUserFilter) to context logs
2019-08-29 08:21:41,060 [main] INFO  http.HttpServer2 (HttpServer2.java:bindListener(1191)) - Jetty bound to port 39590
2019-08-29 08:21:41,060 [main] INFO  server.Server (Server.java:doStart(351)) - jetty-9.3.24.v20180605, build timestamp: 2018-06-05T17:11:56Z, git hash: 84205aa28f11a4f31f2a3b86d1bba2cc8ab69827
2019-08-29 08:21:41,062 [main] INFO  handler.ContextHandler (ContextHandler.java:doStart(781)) - Started o.e.j.s.ServletContextHandler@3c3c4a71{/logs,file:///workdir/hadoop-ozone/integration-test/target/log,AVAILABLE}
2019-08-29 08:21:41,063 [main] INFO  handler.ContextHandler (ContextHandler.java:doStart(781)) - Started o.e.j.s.ServletContextHandler@4f9a6c2d{/static,jar:file:/home/user/.m2/repository/org/apache/hadoop/hadoop-hdds-container-service/0.5.0-SNAPSHOT/hadoop-hdds-container-service-0.5.0-SNAPSHOT.jar!/webapps/static,AVAILABLE}
2019-08-29 08:21:41,094 [main] INFO  handler.ContextHandler (ContextHandler.java:doStart(781)) - Started o.e.j.w.WebAppContext@268cbb86{/,file:///tmp/jetty-0.0.0.0-39590-hddsDatanode-_-any-8171715547609902963.dir/webapp/,AVAILABLE}{/hddsDatanode}
2019-08-29 08:21:41,095 [main] INFO  server.AbstractConnector (AbstractConnector.java:doStart(278)) - Started ServerConnector@10f7918f{HTTP/1.1,[http/1.1]}{0.0.0.0:39590}
2019-08-29 08:21:41,095 [main] INFO  server.Server (Server.java:doStart(419)) - Started @7865ms
2019-08-29 08:21:41,096 [main] INFO  server.BaseHttpServer (BaseHttpServer.java:updateConnectorAddress(213)) - HTTP server of HDDSDATANODE is listening at http://0.0.0.0:39590
2019-08-29 08:21:41,097 [main] INFO  impl.MetricsSystemImpl (MetricsSystemImpl.java:init(158)) - HddsDatanode metrics system started (again)
2019-08-29 08:21:41,100 [org.apache.hadoop.util.JvmPauseMonitor$Monitor@714e2247] INFO  util.JvmPauseMonitor (JvmPauseMonitor.java:run(188)) - Starting JVM pause monitor
2019-08-29 08:21:41,101 [main] INFO  ozone.HddsDatanodeService (HddsDatanodeService.java:start(184)) - HddsDatanodeService host:pr-hdds-1909-44d2n-1519487446 ip:192.168.5.176
2019-08-29 08:21:41,108 [main] INFO  volume.HddsVolume (HddsVolume.java:<init>(176)) - Creating Volume: /workdir/hadoop-ozone/integration-test/target/test-dir/MiniOzoneClusterImpl-ab0df1f0-a3d6-4d90-a98d-535794749ce9/datanode-2/data/containers/hdds of  storage type : DISK and capacity : 1482555576320
2019-08-29 08:21:41,108 [main] INFO  volume.VolumeSet (VolumeSet.java:initializeVolumeSet(170)) - Added Volume : /workdir/hadoop-ozone/integration-test/target/test-dir/MiniOzoneClusterImpl-ab0df1f0-a3d6-4d90-a98d-535794749ce9/datanode-2/data/containers/hdds to VolumeSet
2019-08-29 08:21:41,108 [main] INFO  volume.ThrottledAsyncChecker (ThrottledAsyncChecker.java:schedule(140)) - Scheduling a check for org.apache.hadoop.ozone.container.common.volume.HddsVolume@63884e4
2019-08-29 08:21:41,109 [main] INFO  volume.HddsVolumeChecker (HddsVolumeChecker.java:checkAllVolumes(203)) - Scheduled health check for volume org.apache.hadoop.ozone.container.common.volume.HddsVolume@63884e4
2019-08-29 08:21:41,122 [main] INFO  impl.RaftServerProxy (ConfUtils.java:logGet(43)) - raft.rpc.type = GRPC (default)
2019-08-29 08:21:41,123 [main] INFO  grpc.GrpcFactory (GrpcFactory.java:checkPooledByteBufAllocatorUseCacheForAllThreads(45)) - PERFORMANCE WARNING: useCacheForAllThreads is true that may cause Netty to create a lot garbage objects and, as a result, trigger GC.
	It is recommended to disable useCacheForAllThreads by setting -Dorg.apache.ratis.thirdparty.io.netty.allocator.useCacheForAllThreads=false in command line.
2019-08-29 08:21:41,123 [main] INFO  grpc.GrpcConfigKeys$Server (ConfUtils.java:logGet(43)) - raft.grpc.server.port = 0 (default)
2019-08-29 08:21:41,123 [main] INFO  server.GrpcService (ConfUtils.java:logGet(43)) - raft.grpc.message.size.max = 33570816 (custom)
2019-08-29 08:21:41,123 [main] INFO  server.RaftServerConfigKeys (ConfUtils.java:logGet(43)) - raft.server.log.appender.buffer.byte-limit = 33554432 (custom)
2019-08-29 08:21:41,124 [main] INFO  server.GrpcService (ConfUtils.java:logGet(43)) - raft.grpc.flow.control.window = 1MB (=1048576) (default)
2019-08-29 08:21:41,124 [main] INFO  server.RaftServerConfigKeys (ConfUtils.java:logGet(43)) - raft.server.rpc.request.timeout = 3000ms (default)
2019-08-29 08:21:41,124 [main] INFO  server.RaftServerConfigKeys (ConfUtils.java:logGet(43)) - raft.server.storage.dir = [/workdir/hadoop-ozone/integration-test/target/test-dir/MiniOzoneClusterImpl-ab0df1f0-a3d6-4d90-a98d-535794749ce9/datanode-2/data/ratis] (custom)
2019-08-29 08:21:41,127 [main] INFO  hdfs.DFSUtil (DFSUtil.java:httpServerTemplateForNNAndJN(1641)) - Starting Web-server for hddsDatanode at: http://0.0.0.0:0
2019-08-29 08:21:41,128 [main] INFO  server.AuthenticationFilter (AuthenticationFilter.java:constructSecretProvider(240)) - Unable to initialize FileSignerSecretProvider, falling back to use random secrets.
2019-08-29 08:21:41,128 [main] WARN  http.HttpRequestLog (HttpRequestLog.java:getRequestLog(97)) - Jetty request log can only be enabled using Log4j
2019-08-29 08:21:41,130 [main] INFO  http.HttpServer2 (HttpServer2.java:addGlobalFilter(975)) - Added global filter 'safety' (class=org.apache.hadoop.http.HttpServer2$QuotingInputFilter)
2019-08-29 08:21:41,131 [main] INFO  http.HttpServer2 (HttpServer2.java:addFilter(948)) - Added filter static_user_filter (class=org.apache.hadoop.http.lib.StaticUserWebFilter$StaticUserFilter) to context hddsDatanode
2019-08-29 08:21:41,131 [main] INFO  http.HttpServer2 (HttpServer2.java:addFilter(958)) - Added filter static_user_filter (class=org.apache.hadoop.http.lib.StaticUserWebFilter$StaticUserFilter) to context static
2019-08-29 08:21:41,131 [main] INFO  http.HttpServer2 (HttpServer2.java:addFilter(958)) - Added filter static_user_filter (class=org.apache.hadoop.http.lib.StaticUserWebFilter$StaticUserFilter) to context logs
2019-08-29 08:21:41,132 [main] INFO  http.HttpServer2 (HttpServer2.java:bindListener(1191)) - Jetty bound to port 32914
2019-08-29 08:21:41,132 [main] INFO  server.Server (Server.java:doStart(351)) - jetty-9.3.24.v20180605, build timestamp: 2018-06-05T17:11:56Z, git hash: 84205aa28f11a4f31f2a3b86d1bba2cc8ab69827
2019-08-29 08:21:41,136 [main] INFO  handler.ContextHandler (ContextHandler.java:doStart(781)) - Started o.e.j.s.ServletContextHandler@66b59b7d{/logs,file:///workdir/hadoop-ozone/integration-test/target/log,AVAILABLE}
2019-08-29 08:21:41,136 [main] INFO  handler.ContextHandler (ContextHandler.java:doStart(781)) - Started o.e.j.s.ServletContextHandler@4437ac07{/static,jar:file:/home/user/.m2/repository/org/apache/hadoop/hadoop-hdds-container-service/0.5.0-SNAPSHOT/hadoop-hdds-container-service-0.5.0-SNAPSHOT.jar!/webapps/static,AVAILABLE}
2019-08-29 08:21:41,140 [Datanode State Machine Thread - 0] INFO  datanode.InitDatanodeState (InitDatanodeState.java:persistContainerDatanodeDetails(140)) - DatanodeDetails is persisted to /workdir/hadoop-ozone/integration-test/target/test-dir/MiniOzoneClusterImpl-ab0df1f0-a3d6-4d90-a98d-535794749ce9/datanode-0/meta/datanode.id
2019-08-29 08:21:41,143 [Datanode State Machine Thread - 0] INFO  datanode.InitDatanodeState (InitDatanodeState.java:persistContainerDatanodeDetails(140)) - DatanodeDetails is persisted to /workdir/hadoop-ozone/integration-test/target/test-dir/MiniOzoneClusterImpl-ab0df1f0-a3d6-4d90-a98d-535794749ce9/datanode-1/meta/datanode.id
2019-08-29 08:21:41,168 [main] INFO  handler.ContextHandler (ContextHandler.java:doStart(781)) - Started o.e.j.w.WebAppContext@57272109{/,file:///tmp/jetty-0.0.0.0-32914-hddsDatanode-_-any-8302472242516450812.dir/webapp/,AVAILABLE}{/hddsDatanode}
2019-08-29 08:21:41,168 [main] INFO  server.AbstractConnector (AbstractConnector.java:doStart(278)) - Started ServerConnector@59696551{HTTP/1.1,[http/1.1]}{0.0.0.0:32914}
2019-08-29 08:21:41,169 [main] INFO  server.Server (Server.java:doStart(419)) - Started @7939ms
2019-08-29 08:21:41,170 [main] INFO  server.BaseHttpServer (BaseHttpServer.java:updateConnectorAddress(213)) - HTTP server of HDDSDATANODE is listening at http://0.0.0.0:32914
2019-08-29 08:21:41,170 [main] INFO  impl.MetricsSystemImpl (MetricsSystemImpl.java:init(158)) - HddsDatanode metrics system started (again)
2019-08-29 08:21:41,174 [main] INFO  ozone.HddsDatanodeService (HddsDatanodeService.java:start(184)) - HddsDatanodeService host:pr-hdds-1909-44d2n-1519487446 ip:192.168.5.176
2019-08-29 08:21:41,174 [org.apache.hadoop.util.JvmPauseMonitor$Monitor@7b6d25bd] INFO  util.JvmPauseMonitor (JvmPauseMonitor.java:run(188)) - Starting JVM pause monitor
2019-08-29 08:21:41,176 [Datanode State Machine Thread - 0] INFO  datanode.InitDatanodeState (InitDatanodeState.java:persistContainerDatanodeDetails(140)) - DatanodeDetails is persisted to /workdir/hadoop-ozone/integration-test/target/test-dir/MiniOzoneClusterImpl-ab0df1f0-a3d6-4d90-a98d-535794749ce9/datanode-2/meta/datanode.id
2019-08-29 08:21:41,181 [main] INFO  volume.HddsVolume (HddsVolume.java:<init>(176)) - Creating Volume: /workdir/hadoop-ozone/integration-test/target/test-dir/MiniOzoneClusterImpl-ab0df1f0-a3d6-4d90-a98d-535794749ce9/datanode-3/data/containers/hdds of  storage type : DISK and capacity : 1482555576320
2019-08-29 08:21:41,181 [main] INFO  volume.VolumeSet (VolumeSet.java:initializeVolumeSet(170)) - Added Volume : /workdir/hadoop-ozone/integration-test/target/test-dir/MiniOzoneClusterImpl-ab0df1f0-a3d6-4d90-a98d-535794749ce9/datanode-3/data/containers/hdds to VolumeSet
2019-08-29 08:21:41,181 [main] INFO  volume.ThrottledAsyncChecker (ThrottledAsyncChecker.java:schedule(140)) - Scheduling a check for org.apache.hadoop.ozone.container.common.volume.HddsVolume@512d6e60
2019-08-29 08:21:41,182 [main] INFO  volume.HddsVolumeChecker (HddsVolumeChecker.java:checkAllVolumes(203)) - Scheduled health check for volume org.apache.hadoop.ozone.container.common.volume.HddsVolume@512d6e60
2019-08-29 08:21:41,196 [main] INFO  impl.RaftServerProxy (ConfUtils.java:logGet(43)) - raft.rpc.type = GRPC (default)
2019-08-29 08:21:41,197 [main] INFO  grpc.GrpcFactory (GrpcFactory.java:checkPooledByteBufAllocatorUseCacheForAllThreads(45)) - PERFORMANCE WARNING: useCacheForAllThreads is true that may cause Netty to create a lot garbage objects and, as a result, trigger GC.
	It is recommended to disable useCacheForAllThreads by setting -Dorg.apache.ratis.thirdparty.io.netty.allocator.useCacheForAllThreads=false in command line.
2019-08-29 08:21:41,197 [main] INFO  grpc.GrpcConfigKeys$Server (ConfUtils.java:logGet(43)) - raft.grpc.server.port = 0 (default)
2019-08-29 08:21:41,197 [main] INFO  server.GrpcService (ConfUtils.java:logGet(43)) - raft.grpc.message.size.max = 33570816 (custom)
2019-08-29 08:21:41,197 [main] INFO  server.RaftServerConfigKeys (ConfUtils.java:logGet(43)) - raft.server.log.appender.buffer.byte-limit = 33554432 (custom)
2019-08-29 08:21:41,198 [main] INFO  server.GrpcService (ConfUtils.java:logGet(43)) - raft.grpc.flow.control.window = 1MB (=1048576) (default)
2019-08-29 08:21:41,198 [main] INFO  server.RaftServerConfigKeys (ConfUtils.java:logGet(43)) - raft.server.rpc.request.timeout = 3000ms (default)
2019-08-29 08:21:41,198 [main] INFO  server.RaftServerConfigKeys (ConfUtils.java:logGet(43)) - raft.server.storage.dir = [/workdir/hadoop-ozone/integration-test/target/test-dir/MiniOzoneClusterImpl-ab0df1f0-a3d6-4d90-a98d-535794749ce9/datanode-3/data/ratis] (custom)
2019-08-29 08:21:41,200 [main] INFO  hdfs.DFSUtil (DFSUtil.java:httpServerTemplateForNNAndJN(1641)) - Starting Web-server for hddsDatanode at: http://0.0.0.0:0
2019-08-29 08:21:41,201 [main] INFO  server.AuthenticationFilter (AuthenticationFilter.java:constructSecretProvider(240)) - Unable to initialize FileSignerSecretProvider, falling back to use random secrets.
2019-08-29 08:21:41,202 [main] WARN  http.HttpRequestLog (HttpRequestLog.java:getRequestLog(97)) - Jetty request log can only be enabled using Log4j
2019-08-29 08:21:41,203 [main] INFO  http.HttpServer2 (HttpServer2.java:addGlobalFilter(975)) - Added global filter 'safety' (class=org.apache.hadoop.http.HttpServer2$QuotingInputFilter)
2019-08-29 08:21:41,204 [main] INFO  http.HttpServer2 (HttpServer2.java:addFilter(948)) - Added filter static_user_filter (class=org.apache.hadoop.http.lib.StaticUserWebFilter$StaticUserFilter) to context hddsDatanode
2019-08-29 08:21:41,204 [main] INFO  http.HttpServer2 (HttpServer2.java:addFilter(958)) - Added filter static_user_filter (class=org.apache.hadoop.http.lib.StaticUserWebFilter$StaticUserFilter) to context static
2019-08-29 08:21:41,204 [main] INFO  http.HttpServer2 (HttpServer2.java:addFilter(958)) - Added filter static_user_filter (class=org.apache.hadoop.http.lib.StaticUserWebFilter$StaticUserFilter) to context logs
2019-08-29 08:21:41,205 [main] INFO  http.HttpServer2 (HttpServer2.java:bindListener(1191)) - Jetty bound to port 39743
2019-08-29 08:21:41,205 [main] INFO  server.Server (Server.java:doStart(351)) - jetty-9.3.24.v20180605, build timestamp: 2018-06-05T17:11:56Z, git hash: 84205aa28f11a4f31f2a3b86d1bba2cc8ab69827
2019-08-29 08:21:41,207 [main] INFO  handler.ContextHandler (ContextHandler.java:doStart(781)) - Started o.e.j.s.ServletContextHandler@15c4af7a{/logs,file:///workdir/hadoop-ozone/integration-test/target/log,AVAILABLE}
2019-08-29 08:21:41,208 [main] INFO  handler.ContextHandler (ContextHandler.java:doStart(781)) - Started o.e.j.s.ServletContextHandler@55d58825{/static,jar:file:/home/user/.m2/repository/org/apache/hadoop/hadoop-hdds-container-service/0.5.0-SNAPSHOT/hadoop-hdds-container-service-0.5.0-SNAPSHOT.jar!/webapps/static,AVAILABLE}
2019-08-29 08:21:41,236 [main] INFO  handler.ContextHandler (ContextHandler.java:doStart(781)) - Started o.e.j.w.WebAppContext@340a8894{/,file:///tmp/jetty-0.0.0.0-39743-hddsDatanode-_-any-8996346100205291955.dir/webapp/,AVAILABLE}{/hddsDatanode}
2019-08-29 08:21:41,238 [main] INFO  server.AbstractConnector (AbstractConnector.java:doStart(278)) - Started ServerConnector@7a8b9166{HTTP/1.1,[http/1.1]}{0.0.0.0:39743}
2019-08-29 08:21:41,238 [main] INFO  server.Server (Server.java:doStart(419)) - Started @8008ms
2019-08-29 08:21:41,239 [main] INFO  server.BaseHttpServer (BaseHttpServer.java:updateConnectorAddress(213)) - HTTP server of HDDSDATANODE is listening at http://0.0.0.0:39743
2019-08-29 08:21:41,239 [main] INFO  impl.MetricsSystemImpl (MetricsSystemImpl.java:init(158)) - HddsDatanode metrics system started (again)
2019-08-29 08:21:41,242 [org.apache.hadoop.util.JvmPauseMonitor$Monitor@cbeb7a4] INFO  util.JvmPauseMonitor (JvmPauseMonitor.java:run(188)) - Starting JVM pause monitor
2019-08-29 08:21:41,243 [main] INFO  ozone.HddsDatanodeService (HddsDatanodeService.java:start(184)) - HddsDatanodeService host:pr-hdds-1909-44d2n-1519487446 ip:192.168.5.176
2019-08-29 08:21:41,244 [Datanode State Machine Thread - 0] INFO  datanode.InitDatanodeState (InitDatanodeState.java:persistContainerDatanodeDetails(140)) - DatanodeDetails is persisted to /workdir/hadoop-ozone/integration-test/target/test-dir/MiniOzoneClusterImpl-ab0df1f0-a3d6-4d90-a98d-535794749ce9/datanode-3/meta/datanode.id
2019-08-29 08:21:41,250 [main] INFO  volume.HddsVolume (HddsVolume.java:<init>(176)) - Creating Volume: /workdir/hadoop-ozone/integration-test/target/test-dir/MiniOzoneClusterImpl-ab0df1f0-a3d6-4d90-a98d-535794749ce9/datanode-4/data/containers/hdds of  storage type : DISK and capacity : 1482555576320
2019-08-29 08:21:41,250 [main] INFO  volume.VolumeSet (VolumeSet.java:initializeVolumeSet(170)) - Added Volume : /workdir/hadoop-ozone/integration-test/target/test-dir/MiniOzoneClusterImpl-ab0df1f0-a3d6-4d90-a98d-535794749ce9/datanode-4/data/containers/hdds to VolumeSet
2019-08-29 08:21:41,250 [main] INFO  volume.ThrottledAsyncChecker (ThrottledAsyncChecker.java:schedule(140)) - Scheduling a check for org.apache.hadoop.ozone.container.common.volume.HddsVolume@7d3c09ec
2019-08-29 08:21:41,251 [main] INFO  volume.HddsVolumeChecker (HddsVolumeChecker.java:checkAllVolumes(203)) - Scheduled health check for volume org.apache.hadoop.ozone.container.common.volume.HddsVolume@7d3c09ec
2019-08-29 08:21:41,266 [main] INFO  impl.RaftServerProxy (ConfUtils.java:logGet(43)) - raft.rpc.type = GRPC (default)
2019-08-29 08:21:41,266 [main] INFO  grpc.GrpcFactory (GrpcFactory.java:checkPooledByteBufAllocatorUseCacheForAllThreads(45)) - PERFORMANCE WARNING: useCacheForAllThreads is true that may cause Netty to create a lot garbage objects and, as a result, trigger GC.
	It is recommended to disable useCacheForAllThreads by setting -Dorg.apache.ratis.thirdparty.io.netty.allocator.useCacheForAllThreads=false in command line.
2019-08-29 08:21:41,266 [main] INFO  grpc.GrpcConfigKeys$Server (ConfUtils.java:logGet(43)) - raft.grpc.server.port = 0 (default)
2019-08-29 08:21:41,267 [main] INFO  server.GrpcService (ConfUtils.java:logGet(43)) - raft.grpc.message.size.max = 33570816 (custom)
2019-08-29 08:21:41,267 [main] INFO  server.RaftServerConfigKeys (ConfUtils.java:logGet(43)) - raft.server.log.appender.buffer.byte-limit = 33554432 (custom)
2019-08-29 08:21:41,267 [main] INFO  server.GrpcService (ConfUtils.java:logGet(43)) - raft.grpc.flow.control.window = 1MB (=1048576) (default)
2019-08-29 08:21:41,267 [main] INFO  server.RaftServerConfigKeys (ConfUtils.java:logGet(43)) - raft.server.rpc.request.timeout = 3000ms (default)
2019-08-29 08:21:41,268 [main] INFO  server.RaftServerConfigKeys (ConfUtils.java:logGet(43)) - raft.server.storage.dir = [/workdir/hadoop-ozone/integration-test/target/test-dir/MiniOzoneClusterImpl-ab0df1f0-a3d6-4d90-a98d-535794749ce9/datanode-4/data/ratis] (custom)
2019-08-29 08:21:41,270 [main] INFO  hdfs.DFSUtil (DFSUtil.java:httpServerTemplateForNNAndJN(1641)) - Starting Web-server for hddsDatanode at: http://0.0.0.0:0
2019-08-29 08:21:41,271 [main] INFO  server.AuthenticationFilter (AuthenticationFilter.java:constructSecretProvider(240)) - Unable to initialize FileSignerSecretProvider, falling back to use random secrets.
2019-08-29 08:21:41,272 [main] WARN  http.HttpRequestLog (HttpRequestLog.java:getRequestLog(97)) - Jetty request log can only be enabled using Log4j
2019-08-29 08:21:41,273 [main] INFO  http.HttpServer2 (HttpServer2.java:addGlobalFilter(975)) - Added global filter 'safety' (class=org.apache.hadoop.http.HttpServer2$QuotingInputFilter)
2019-08-29 08:21:41,274 [main] INFO  http.HttpServer2 (HttpServer2.java:addFilter(948)) - Added filter static_user_filter (class=org.apache.hadoop.http.lib.StaticUserWebFilter$StaticUserFilter) to context hddsDatanode
2019-08-29 08:21:41,274 [main] INFO  http.HttpServer2 (HttpServer2.java:addFilter(958)) - Added filter static_user_filter (class=org.apache.hadoop.http.lib.StaticUserWebFilter$StaticUserFilter) to context logs
2019-08-29 08:21:41,274 [main] INFO  http.HttpServer2 (HttpServer2.java:addFilter(958)) - Added filter static_user_filter (class=org.apache.hadoop.http.lib.StaticUserWebFilter$StaticUserFilter) to context static
2019-08-29 08:21:41,275 [main] INFO  http.HttpServer2 (HttpServer2.java:bindListener(1191)) - Jetty bound to port 35684
2019-08-29 08:21:41,275 [main] INFO  server.Server (Server.java:doStart(351)) - jetty-9.3.24.v20180605, build timestamp: 2018-06-05T17:11:56Z, git hash: 84205aa28f11a4f31f2a3b86d1bba2cc8ab69827
2019-08-29 08:21:41,277 [main] INFO  handler.ContextHandler (ContextHandler.java:doStart(781)) - Started o.e.j.s.ServletContextHandler@6d11ceef{/logs,file:///workdir/hadoop-ozone/integration-test/target/log,AVAILABLE}
2019-08-29 08:21:41,278 [main] INFO  handler.ContextHandler (ContextHandler.java:doStart(781)) - Started o.e.j.s.ServletContextHandler@72e295cc{/static,jar:file:/home/user/.m2/repository/org/apache/hadoop/hadoop-hdds-container-service/0.5.0-SNAPSHOT/hadoop-hdds-container-service-0.5.0-SNAPSHOT.jar!/webapps/static,AVAILABLE}
2019-08-29 08:21:41,307 [main] INFO  handler.ContextHandler (ContextHandler.java:doStart(781)) - Started o.e.j.w.WebAppContext@6f1a16fe{/,file:///tmp/jetty-0.0.0.0-35684-hddsDatanode-_-any-4541547673724089641.dir/webapp/,AVAILABLE}{/hddsDatanode}
2019-08-29 08:21:41,308 [main] INFO  server.AbstractConnector (AbstractConnector.java:doStart(278)) - Started ServerConnector@2373ad99{HTTP/1.1,[http/1.1]}{0.0.0.0:35684}
2019-08-29 08:21:41,308 [main] INFO  server.Server (Server.java:doStart(419)) - Started @8078ms
2019-08-29 08:21:41,309 [main] INFO  server.BaseHttpServer (BaseHttpServer.java:updateConnectorAddress(213)) - HTTP server of HDDSDATANODE is listening at http://0.0.0.0:35684
2019-08-29 08:21:41,310 [main] INFO  impl.MetricsSystemImpl (MetricsSystemImpl.java:init(158)) - HddsDatanode metrics system started (again)
2019-08-29 08:21:41,312 [org.apache.hadoop.util.JvmPauseMonitor$Monitor@69ced39f] INFO  util.JvmPauseMonitor (JvmPauseMonitor.java:run(188)) - Starting JVM pause monitor
2019-08-29 08:21:41,313 [main] INFO  ozone.HddsDatanodeService (HddsDatanodeService.java:start(184)) - HddsDatanodeService host:pr-hdds-1909-44d2n-1519487446 ip:192.168.5.176
2019-08-29 08:21:41,315 [Datanode State Machine Thread - 0] INFO  datanode.InitDatanodeState (InitDatanodeState.java:persistContainerDatanodeDetails(140)) - DatanodeDetails is persisted to /workdir/hadoop-ozone/integration-test/target/test-dir/MiniOzoneClusterImpl-ab0df1f0-a3d6-4d90-a98d-535794749ce9/datanode-4/meta/datanode.id
2019-08-29 08:21:41,320 [main] INFO  volume.HddsVolume (HddsVolume.java:<init>(176)) - Creating Volume: /workdir/hadoop-ozone/integration-test/target/test-dir/MiniOzoneClusterImpl-ab0df1f0-a3d6-4d90-a98d-535794749ce9/datanode-5/data/containers/hdds of  storage type : DISK and capacity : 1482555576320
2019-08-29 08:21:41,320 [main] INFO  volume.VolumeSet (VolumeSet.java:initializeVolumeSet(170)) - Added Volume : /workdir/hadoop-ozone/integration-test/target/test-dir/MiniOzoneClusterImpl-ab0df1f0-a3d6-4d90-a98d-535794749ce9/datanode-5/data/containers/hdds to VolumeSet
2019-08-29 08:21:41,320 [main] INFO  volume.ThrottledAsyncChecker (ThrottledAsyncChecker.java:schedule(140)) - Scheduling a check for org.apache.hadoop.ozone.container.common.volume.HddsVolume@4a7fd0c9
2019-08-29 08:21:41,321 [main] INFO  volume.HddsVolumeChecker (HddsVolumeChecker.java:checkAllVolumes(203)) - Scheduled health check for volume org.apache.hadoop.ozone.container.common.volume.HddsVolume@4a7fd0c9
2019-08-29 08:21:41,337 [main] INFO  impl.RaftServerProxy (ConfUtils.java:logGet(43)) - raft.rpc.type = GRPC (default)
2019-08-29 08:21:41,337 [main] INFO  grpc.GrpcFactory (GrpcFactory.java:checkPooledByteBufAllocatorUseCacheForAllThreads(45)) - PERFORMANCE WARNING: useCacheForAllThreads is true that may cause Netty to create a lot garbage objects and, as a result, trigger GC.
	It is recommended to disable useCacheForAllThreads by setting -Dorg.apache.ratis.thirdparty.io.netty.allocator.useCacheForAllThreads=false in command line.
2019-08-29 08:21:41,338 [main] INFO  grpc.GrpcConfigKeys$Server (ConfUtils.java:logGet(43)) - raft.grpc.server.port = 0 (default)
2019-08-29 08:21:41,338 [main] INFO  server.GrpcService (ConfUtils.java:logGet(43)) - raft.grpc.message.size.max = 33570816 (custom)
2019-08-29 08:21:41,338 [main] INFO  server.RaftServerConfigKeys (ConfUtils.java:logGet(43)) - raft.server.log.appender.buffer.byte-limit = 33554432 (custom)
2019-08-29 08:21:41,338 [main] INFO  server.GrpcService (ConfUtils.java:logGet(43)) - raft.grpc.flow.control.window = 1MB (=1048576) (default)
2019-08-29 08:21:41,338 [main] INFO  server.RaftServerConfigKeys (ConfUtils.java:logGet(43)) - raft.server.rpc.request.timeout = 3000ms (default)
2019-08-29 08:21:41,339 [main] INFO  server.RaftServerConfigKeys (ConfUtils.java:logGet(43)) - raft.server.storage.dir = [/workdir/hadoop-ozone/integration-test/target/test-dir/MiniOzoneClusterImpl-ab0df1f0-a3d6-4d90-a98d-535794749ce9/datanode-5/data/ratis] (custom)
2019-08-29 08:21:41,341 [main] INFO  hdfs.DFSUtil (DFSUtil.java:httpServerTemplateForNNAndJN(1641)) - Starting Web-server for hddsDatanode at: http://0.0.0.0:0
2019-08-29 08:21:41,342 [main] INFO  server.AuthenticationFilter (AuthenticationFilter.java:constructSecretProvider(240)) - Unable to initialize FileSignerSecretProvider, falling back to use random secrets.
2019-08-29 08:21:41,343 [main] WARN  http.HttpRequestLog (HttpRequestLog.java:getRequestLog(97)) - Jetty request log can only be enabled using Log4j
2019-08-29 08:21:41,344 [main] INFO  http.HttpServer2 (HttpServer2.java:addGlobalFilter(975)) - Added global filter 'safety' (class=org.apache.hadoop.http.HttpServer2$QuotingInputFilter)
2019-08-29 08:21:41,345 [main] INFO  http.HttpServer2 (HttpServer2.java:addFilter(948)) - Added filter static_user_filter (class=org.apache.hadoop.http.lib.StaticUserWebFilter$StaticUserFilter) to context hddsDatanode
2019-08-29 08:21:41,345 [main] INFO  http.HttpServer2 (HttpServer2.java:addFilter(958)) - Added filter static_user_filter (class=org.apache.hadoop.http.lib.StaticUserWebFilter$StaticUserFilter) to context logs
2019-08-29 08:21:41,345 [main] INFO  http.HttpServer2 (HttpServer2.java:addFilter(958)) - Added filter static_user_filter (class=org.apache.hadoop.http.lib.StaticUserWebFilter$StaticUserFilter) to context static
2019-08-29 08:21:41,346 [main] INFO  http.HttpServer2 (HttpServer2.java:bindListener(1191)) - Jetty bound to port 42129
2019-08-29 08:21:41,346 [main] INFO  server.Server (Server.java:doStart(351)) - jetty-9.3.24.v20180605, build timestamp: 2018-06-05T17:11:56Z, git hash: 84205aa28f11a4f31f2a3b86d1bba2cc8ab69827
2019-08-29 08:21:41,348 [main] INFO  handler.ContextHandler (ContextHandler.java:doStart(781)) - Started o.e.j.s.ServletContextHandler@7f93dd4e{/logs,file:///workdir/hadoop-ozone/integration-test/target/log,AVAILABLE}
2019-08-29 08:21:41,348 [main] INFO  handler.ContextHandler (ContextHandler.java:doStart(781)) - Started o.e.j.s.ServletContextHandler@3ad85136{/static,jar:file:/home/user/.m2/repository/org/apache/hadoop/hadoop-hdds-container-service/0.5.0-SNAPSHOT/hadoop-hdds-container-service-0.5.0-SNAPSHOT.jar!/webapps/static,AVAILABLE}
2019-08-29 08:21:41,377 [main] INFO  handler.ContextHandler (ContextHandler.java:doStart(781)) - Started o.e.j.w.WebAppContext@2c8c16c0{/,file:///tmp/jetty-0.0.0.0-42129-hddsDatanode-_-any-1173743988283347149.dir/webapp/,AVAILABLE}{/hddsDatanode}
2019-08-29 08:21:41,378 [main] INFO  server.AbstractConnector (AbstractConnector.java:doStart(278)) - Started ServerConnector@80bfa9d{HTTP/1.1,[http/1.1]}{0.0.0.0:42129}
2019-08-29 08:21:41,379 [main] INFO  server.Server (Server.java:doStart(419)) - Started @8148ms
2019-08-29 08:21:41,380 [main] INFO  server.BaseHttpServer (BaseHttpServer.java:updateConnectorAddress(213)) - HTTP server of HDDSDATANODE is listening at http://0.0.0.0:42129
2019-08-29 08:21:41,380 [main] INFO  impl.MetricsSystemImpl (MetricsSystemImpl.java:init(158)) - HddsDatanode metrics system started (again)
2019-08-29 08:21:41,383 [org.apache.hadoop.util.JvmPauseMonitor$Monitor@235bf645] INFO  util.JvmPauseMonitor (JvmPauseMonitor.java:run(188)) - Starting JVM pause monitor
2019-08-29 08:21:41,383 [main] INFO  ozone.HddsDatanodeService (HddsDatanodeService.java:start(184)) - HddsDatanodeService host:pr-hdds-1909-44d2n-1519487446 ip:192.168.5.176
2019-08-29 08:21:41,385 [Datanode State Machine Thread - 0] INFO  datanode.InitDatanodeState (InitDatanodeState.java:persistContainerDatanodeDetails(140)) - DatanodeDetails is persisted to /workdir/hadoop-ozone/integration-test/target/test-dir/MiniOzoneClusterImpl-ab0df1f0-a3d6-4d90-a98d-535794749ce9/datanode-5/meta/datanode.id
2019-08-29 08:21:41,389 [main] INFO  volume.HddsVolume (HddsVolume.java:<init>(176)) - Creating Volume: /workdir/hadoop-ozone/integration-test/target/test-dir/MiniOzoneClusterImpl-ab0df1f0-a3d6-4d90-a98d-535794749ce9/datanode-6/data/containers/hdds of  storage type : DISK and capacity : 1482555576320
2019-08-29 08:21:41,390 [main] INFO  volume.VolumeSet (VolumeSet.java:initializeVolumeSet(170)) - Added Volume : /workdir/hadoop-ozone/integration-test/target/test-dir/MiniOzoneClusterImpl-ab0df1f0-a3d6-4d90-a98d-535794749ce9/datanode-6/data/containers/hdds to VolumeSet
2019-08-29 08:21:41,390 [main] INFO  volume.ThrottledAsyncChecker (ThrottledAsyncChecker.java:schedule(140)) - Scheduling a check for org.apache.hadoop.ozone.container.common.volume.HddsVolume@7132a9dc
2019-08-29 08:21:41,390 [main] INFO  volume.HddsVolumeChecker (HddsVolumeChecker.java:checkAllVolumes(203)) - Scheduled health check for volume org.apache.hadoop.ozone.container.common.volume.HddsVolume@7132a9dc
2019-08-29 08:21:41,404 [main] INFO  impl.RaftServerProxy (ConfUtils.java:logGet(43)) - raft.rpc.type = GRPC (default)
2019-08-29 08:21:41,404 [main] INFO  grpc.GrpcFactory (GrpcFactory.java:checkPooledByteBufAllocatorUseCacheForAllThreads(45)) - PERFORMANCE WARNING: useCacheForAllThreads is true that may cause Netty to create a lot garbage objects and, as a result, trigger GC.
	It is recommended to disable useCacheForAllThreads by setting -Dorg.apache.ratis.thirdparty.io.netty.allocator.useCacheForAllThreads=false in command line.
2019-08-29 08:21:41,405 [main] INFO  grpc.GrpcConfigKeys$Server (ConfUtils.java:logGet(43)) - raft.grpc.server.port = 0 (default)
2019-08-29 08:21:41,405 [main] INFO  server.GrpcService (ConfUtils.java:logGet(43)) - raft.grpc.message.size.max = 33570816 (custom)
2019-08-29 08:21:41,405 [main] INFO  server.RaftServerConfigKeys (ConfUtils.java:logGet(43)) - raft.server.log.appender.buffer.byte-limit = 33554432 (custom)
2019-08-29 08:21:41,405 [main] INFO  server.GrpcService (ConfUtils.java:logGet(43)) - raft.grpc.flow.control.window = 1MB (=1048576) (default)
2019-08-29 08:21:41,406 [main] INFO  server.RaftServerConfigKeys (ConfUtils.java:logGet(43)) - raft.server.rpc.request.timeout = 3000ms (default)
2019-08-29 08:21:41,406 [main] INFO  server.RaftServerConfigKeys (ConfUtils.java:logGet(43)) - raft.server.storage.dir = [/workdir/hadoop-ozone/integration-test/target/test-dir/MiniOzoneClusterImpl-ab0df1f0-a3d6-4d90-a98d-535794749ce9/datanode-6/data/ratis] (custom)
2019-08-29 08:21:41,408 [main] INFO  hdfs.DFSUtil (DFSUtil.java:httpServerTemplateForNNAndJN(1641)) - Starting Web-server for hddsDatanode at: http://0.0.0.0:0
2019-08-29 08:21:41,409 [main] INFO  server.AuthenticationFilter (AuthenticationFilter.java:constructSecretProvider(240)) - Unable to initialize FileSignerSecretProvider, falling back to use random secrets.
2019-08-29 08:21:41,410 [main] WARN  http.HttpRequestLog (HttpRequestLog.java:getRequestLog(97)) - Jetty request log can only be enabled using Log4j
2019-08-29 08:21:41,411 [main] INFO  http.HttpServer2 (HttpServer2.java:addGlobalFilter(975)) - Added global filter 'safety' (class=org.apache.hadoop.http.HttpServer2$QuotingInputFilter)
2019-08-29 08:21:41,412 [main] INFO  http.HttpServer2 (HttpServer2.java:addFilter(948)) - Added filter static_user_filter (class=org.apache.hadoop.http.lib.StaticUserWebFilter$StaticUserFilter) to context hddsDatanode
2019-08-29 08:21:41,412 [main] INFO  http.HttpServer2 (HttpServer2.java:addFilter(958)) - Added filter static_user_filter (class=org.apache.hadoop.http.lib.StaticUserWebFilter$StaticUserFilter) to context logs
2019-08-29 08:21:41,412 [main] INFO  http.HttpServer2 (HttpServer2.java:addFilter(958)) - Added filter static_user_filter (class=org.apache.hadoop.http.lib.StaticUserWebFilter$StaticUserFilter) to context static
2019-08-29 08:21:41,413 [main] INFO  http.HttpServer2 (HttpServer2.java:bindListener(1191)) - Jetty bound to port 42715
2019-08-29 08:21:41,413 [main] INFO  server.Server (Server.java:doStart(351)) - jetty-9.3.24.v20180605, build timestamp: 2018-06-05T17:11:56Z, git hash: 84205aa28f11a4f31f2a3b86d1bba2cc8ab69827
2019-08-29 08:21:41,415 [main] INFO  handler.ContextHandler (ContextHandler.java:doStart(781)) - Started o.e.j.s.ServletContextHandler@f4a3a8d{/logs,file:///workdir/hadoop-ozone/integration-test/target/log,AVAILABLE}
2019-08-29 08:21:41,415 [main] INFO  handler.ContextHandler (ContextHandler.java:doStart(781)) - Started o.e.j.s.ServletContextHandler@d613308{/static,jar:file:/home/user/.m2/repository/org/apache/hadoop/hadoop-hdds-container-service/0.5.0-SNAPSHOT/hadoop-hdds-container-service-0.5.0-SNAPSHOT.jar!/webapps/static,AVAILABLE}
2019-08-29 08:21:41,443 [main] INFO  handler.ContextHandler (ContextHandler.java:doStart(781)) - Started o.e.j.w.WebAppContext@44065156{/,file:///tmp/jetty-0.0.0.0-42715-hddsDatanode-_-any-3889270819154706073.dir/webapp/,AVAILABLE}{/hddsDatanode}
2019-08-29 08:21:41,445 [main] INFO  server.AbstractConnector (AbstractConnector.java:doStart(278)) - Started ServerConnector@3791f50e{HTTP/1.1,[http/1.1]}{0.0.0.0:42715}
2019-08-29 08:21:41,445 [main] INFO  server.Server (Server.java:doStart(419)) - Started @8214ms
2019-08-29 08:21:41,446 [main] INFO  server.BaseHttpServer (BaseHttpServer.java:updateConnectorAddress(213)) - HTTP server of HDDSDATANODE is listening at http://0.0.0.0:42715
2019-08-29 08:21:41,448 [main] INFO  ozone.MiniOzoneClusterImpl (MiniOzoneClusterImpl.java:lambda$waitForClusterToBeReady$0(140)) - Waiting for cluster to be ready. Got 0 of 7 DN Heartbeats.
2019-08-29 08:21:41,448 [org.apache.hadoop.util.JvmPauseMonitor$Monitor@1ed9cf3] INFO  util.JvmPauseMonitor (JvmPauseMonitor.java:run(188)) - Starting JVM pause monitor
2019-08-29 08:21:41,450 [Datanode State Machine Thread - 0] INFO  datanode.InitDatanodeState (InitDatanodeState.java:persistContainerDatanodeDetails(140)) - DatanodeDetails is persisted to /workdir/hadoop-ozone/integration-test/target/test-dir/MiniOzoneClusterImpl-ab0df1f0-a3d6-4d90-a98d-535794749ce9/datanode-6/meta/datanode.id
2019-08-29 08:21:42,448 [main] INFO  ozone.MiniOzoneClusterImpl (MiniOzoneClusterImpl.java:lambda$waitForClusterToBeReady$0(140)) - Waiting for cluster to be ready. Got 0 of 7 DN Heartbeats.
2019-08-29 08:21:43,049 | INFO  | SCMAudit | user=jenkins1000 | ip=192.168.5.176 | op=GET_VERSION null | ret=SUCCESS |  
2019-08-29 08:21:43,085 [Datanode State Machine Thread - 0] INFO  ozoneimpl.OzoneContainer (OzoneContainer.java:start(201)) - Attempting to start container services.
2019-08-29 08:21:43,086 [Datanode State Machine Thread - 0] INFO  ozoneimpl.OzoneContainer (OzoneContainer.java:startContainerScrub(175)) - Background container scrubber has been disabled by hdds.containerscrub.enabled
2019-08-29 08:21:43,086 [Datanode State Machine Thread - 0] INFO  ratis.XceiverServerRatis (XceiverServerRatis.java:start(393)) - Starting XceiverServerRatis 4e7efcb5-917e-488d-886e-16c99a39ab6f at port 0
2019-08-29 08:21:43,103 | INFO  | SCMAudit | user=jenkins1000 | ip=192.168.5.176 | op=GET_VERSION null | ret=SUCCESS |  
2019-08-29 08:21:43,105 [Datanode State Machine Thread - 0] INFO  impl.RaftServerProxy (RaftServerProxy.java:lambda$start$3(299)) - 4e7efcb5-917e-488d-886e-16c99a39ab6f: start RPC server
2019-08-29 08:21:43,125 [Datanode State Machine Thread - 0] INFO  ozoneimpl.OzoneContainer (OzoneContainer.java:start(201)) - Attempting to start container services.
2019-08-29 08:21:43,127 [Datanode State Machine Thread - 0] INFO  ozoneimpl.OzoneContainer (OzoneContainer.java:startContainerScrub(175)) - Background container scrubber has been disabled by hdds.containerscrub.enabled
2019-08-29 08:21:43,127 [Datanode State Machine Thread - 0] INFO  ratis.XceiverServerRatis (XceiverServerRatis.java:start(393)) - Starting XceiverServerRatis 8944090c-39c7-48a8-859f-48289bd7a1e9 at port 0
2019-08-29 08:21:43,134 [Datanode State Machine Thread - 0] INFO  impl.RaftServerProxy (RaftServerProxy.java:lambda$start$3(299)) - 8944090c-39c7-48a8-859f-48289bd7a1e9: start RPC server
2019-08-29 08:21:43,177 | INFO  | SCMAudit | user=jenkins1000 | ip=192.168.5.176 | op=GET_VERSION null | ret=SUCCESS |  
2019-08-29 08:21:43,191 [Datanode State Machine Thread - 0] INFO  ozoneimpl.OzoneContainer (OzoneContainer.java:start(201)) - Attempting to start container services.
2019-08-29 08:21:43,194 [Datanode State Machine Thread - 0] INFO  ozoneimpl.OzoneContainer (OzoneContainer.java:startContainerScrub(175)) - Background container scrubber has been disabled by hdds.containerscrub.enabled
2019-08-29 08:21:43,194 [Datanode State Machine Thread - 0] INFO  ratis.XceiverServerRatis (XceiverServerRatis.java:start(393)) - Starting XceiverServerRatis 67c35969-00c1-40e5-9eeb-9a2f6a2b337c at port 0
2019-08-29 08:21:43,201 [Datanode State Machine Thread - 0] INFO  impl.RaftServerProxy (RaftServerProxy.java:lambda$start$3(299)) - 67c35969-00c1-40e5-9eeb-9a2f6a2b337c: start RPC server
2019-08-29 08:21:43,245 | INFO  | SCMAudit | user=jenkins1000 | ip=192.168.5.176 | op=GET_VERSION null | ret=SUCCESS |  
2019-08-29 08:21:43,305 [Datanode State Machine Thread - 0] INFO  ozoneimpl.OzoneContainer (OzoneContainer.java:start(201)) - Attempting to start container services.
2019-08-29 08:21:43,306 [Datanode State Machine Thread - 0] INFO  ozoneimpl.OzoneContainer (OzoneContainer.java:startContainerScrub(175)) - Background container scrubber has been disabled by hdds.containerscrub.enabled
2019-08-29 08:21:43,306 [Datanode State Machine Thread - 0] INFO  ratis.XceiverServerRatis (XceiverServerRatis.java:start(393)) - Starting XceiverServerRatis 98bb5522-a779-467f-a71e-3d66cbe7d5c3 at port 0
2019-08-29 08:21:43,315 | INFO  | SCMAudit | user=jenkins1000 | ip=192.168.5.176 | op=GET_VERSION null | ret=SUCCESS |  
2019-08-29 08:21:43,316 [Datanode State Machine Thread - 0] INFO  impl.RaftServerProxy (RaftServerProxy.java:lambda$start$3(299)) - 98bb5522-a779-467f-a71e-3d66cbe7d5c3: start RPC server
2019-08-29 08:21:43,330 [Datanode State Machine Thread - 0] INFO  server.GrpcService (GrpcService.java:startImpl(149)) - 67c35969-00c1-40e5-9eeb-9a2f6a2b337c: GrpcService started, listening on 0.0.0.0/0.0.0.0:43496
2019-08-29 08:21:43,330 [Datanode State Machine Thread - 0] INFO  server.GrpcService (GrpcService.java:startImpl(149)) - 98bb5522-a779-467f-a71e-3d66cbe7d5c3: GrpcService started, listening on 0.0.0.0/0.0.0.0:36329
2019-08-29 08:21:43,330 [Datanode State Machine Thread - 0] INFO  server.GrpcService (GrpcService.java:startImpl(149)) - 8944090c-39c7-48a8-859f-48289bd7a1e9: GrpcService started, listening on 0.0.0.0/0.0.0.0:40227
2019-08-29 08:21:43,330 [Datanode State Machine Thread - 0] INFO  server.GrpcService (GrpcService.java:startImpl(149)) - 4e7efcb5-917e-488d-886e-16c99a39ab6f: GrpcService started, listening on 0.0.0.0/0.0.0.0:46276
2019-08-29 08:21:43,331 [Datanode State Machine Thread - 0] INFO  ratis.XceiverServerRatis (XceiverServerRatis.java:start(403)) - XceiverServerRatis 8944090c-39c7-48a8-859f-48289bd7a1e9 is started using port 40227
2019-08-29 08:21:43,331 [Datanode State Machine Thread - 0] INFO  ratis.XceiverServerRatis (XceiverServerRatis.java:start(403)) - XceiverServerRatis 98bb5522-a779-467f-a71e-3d66cbe7d5c3 is started using port 36329
2019-08-29 08:21:43,331 [Datanode State Machine Thread - 0] INFO  ratis.XceiverServerRatis (XceiverServerRatis.java:start(403)) - XceiverServerRatis 67c35969-00c1-40e5-9eeb-9a2f6a2b337c is started using port 43496
2019-08-29 08:21:43,331 [Datanode State Machine Thread - 0] INFO  ratis.XceiverServerRatis (XceiverServerRatis.java:start(403)) - XceiverServerRatis 4e7efcb5-917e-488d-886e-16c99a39ab6f is started using port 46276
2019-08-29 08:21:43,339 [Datanode State Machine Thread - 0] INFO  server.XceiverServerGrpc (XceiverServerGrpc.java:start(163)) - XceiverServerGrpc 4e7efcb5-917e-488d-886e-16c99a39ab6f is started using port 41524
2019-08-29 08:21:43,339 [Datanode State Machine Thread - 0] INFO  server.XceiverServerGrpc (XceiverServerGrpc.java:start(163)) - XceiverServerGrpc 8944090c-39c7-48a8-859f-48289bd7a1e9 is started using port 38889
2019-08-29 08:21:43,339 [Datanode State Machine Thread - 0] INFO  server.XceiverServerGrpc (XceiverServerGrpc.java:start(163)) - XceiverServerGrpc 98bb5522-a779-467f-a71e-3d66cbe7d5c3 is started using port 46881
2019-08-29 08:21:43,339 [Datanode State Machine Thread - 0] INFO  server.XceiverServerGrpc (XceiverServerGrpc.java:start(163)) - XceiverServerGrpc 67c35969-00c1-40e5-9eeb-9a2f6a2b337c is started using port 37315
2019-08-29 08:21:43,366 [Datanode State Machine Thread - 0] INFO  ozoneimpl.OzoneContainer (OzoneContainer.java:start(201)) - Attempting to start container services.
2019-08-29 08:21:43,366 [Datanode State Machine Thread - 0] INFO  ozoneimpl.OzoneContainer (OzoneContainer.java:startContainerScrub(175)) - Background container scrubber has been disabled by hdds.containerscrub.enabled
2019-08-29 08:21:43,366 [Datanode State Machine Thread - 0] INFO  ratis.XceiverServerRatis (XceiverServerRatis.java:start(393)) - Starting XceiverServerRatis 6932ec02-23cf-49d5-bf63-101b997409d4 at port 0
2019-08-29 08:21:43,370 [Datanode State Machine Thread - 0] INFO  impl.RaftServerProxy (RaftServerProxy.java:lambda$start$3(299)) - 6932ec02-23cf-49d5-bf63-101b997409d4: start RPC server
2019-08-29 08:21:43,373 [Datanode State Machine Thread - 0] INFO  server.GrpcService (GrpcService.java:startImpl(149)) - 6932ec02-23cf-49d5-bf63-101b997409d4: GrpcService started, listening on 0.0.0.0/0.0.0.0:37426
2019-08-29 08:21:43,373 [Datanode State Machine Thread - 0] INFO  ratis.XceiverServerRatis (XceiverServerRatis.java:start(403)) - XceiverServerRatis 6932ec02-23cf-49d5-bf63-101b997409d4 is started using port 37426
2019-08-29 08:21:43,375 [Datanode State Machine Thread - 0] INFO  server.XceiverServerGrpc (XceiverServerGrpc.java:start(163)) - XceiverServerGrpc 6932ec02-23cf-49d5-bf63-101b997409d4 is started using port 36777
2019-08-29 08:21:43,385 | INFO  | SCMAudit | user=jenkins1000 | ip=192.168.5.176 | op=GET_VERSION null | ret=SUCCESS |  
2019-08-29 08:21:43,398 [Datanode State Machine Thread - 0] INFO  ozoneimpl.OzoneContainer (OzoneContainer.java:start(201)) - Attempting to start container services.
2019-08-29 08:21:43,399 [Datanode State Machine Thread - 0] INFO  ozoneimpl.OzoneContainer (OzoneContainer.java:startContainerScrub(175)) - Background container scrubber has been disabled by hdds.containerscrub.enabled
2019-08-29 08:21:43,399 [Datanode State Machine Thread - 0] INFO  ratis.XceiverServerRatis (XceiverServerRatis.java:start(393)) - Starting XceiverServerRatis 7fd4362d-ab2c-4d65-9042-74517d5987d2 at port 0
2019-08-29 08:21:43,403 [Datanode State Machine Thread - 0] INFO  impl.RaftServerProxy (RaftServerProxy.java:lambda$start$3(299)) - 7fd4362d-ab2c-4d65-9042-74517d5987d2: start RPC server
2019-08-29 08:21:43,405 [Datanode State Machine Thread - 0] INFO  server.GrpcService (GrpcService.java:startImpl(149)) - 7fd4362d-ab2c-4d65-9042-74517d5987d2: GrpcService started, listening on 0.0.0.0/0.0.0.0:33357
2019-08-29 08:21:43,405 [Datanode State Machine Thread - 0] INFO  ratis.XceiverServerRatis (XceiverServerRatis.java:start(403)) - XceiverServerRatis 7fd4362d-ab2c-4d65-9042-74517d5987d2 is started using port 33357
2019-08-29 08:21:43,408 [Datanode State Machine Thread - 0] INFO  server.XceiverServerGrpc (XceiverServerGrpc.java:start(163)) - XceiverServerGrpc 7fd4362d-ab2c-4d65-9042-74517d5987d2 is started using port 38272
2019-08-29 08:21:43,450 [main] INFO  ozone.MiniOzoneClusterImpl (MiniOzoneClusterImpl.java:lambda$waitForClusterToBeReady$0(140)) - Waiting for cluster to be ready. Got 0 of 7 DN Heartbeats.
2019-08-29 08:21:43,450 | INFO  | SCMAudit | user=jenkins1000 | ip=192.168.5.176 | op=GET_VERSION null | ret=SUCCESS |  
2019-08-29 08:21:43,459 [Datanode State Machine Thread - 0] INFO  ozoneimpl.OzoneContainer (OzoneContainer.java:start(201)) - Attempting to start container services.
2019-08-29 08:21:43,460 [Datanode State Machine Thread - 0] INFO  ozoneimpl.OzoneContainer (OzoneContainer.java:startContainerScrub(175)) - Background container scrubber has been disabled by hdds.containerscrub.enabled
2019-08-29 08:21:43,460 [Datanode State Machine Thread - 0] INFO  ratis.XceiverServerRatis (XceiverServerRatis.java:start(393)) - Starting XceiverServerRatis 5b56fd10-665b-4a03-90fc-42cf6e7ef5f6 at port 0
2019-08-29 08:21:43,465 [Datanode State Machine Thread - 0] INFO  impl.RaftServerProxy (RaftServerProxy.java:lambda$start$3(299)) - 5b56fd10-665b-4a03-90fc-42cf6e7ef5f6: start RPC server
2019-08-29 08:21:43,469 [Datanode State Machine Thread - 0] INFO  server.GrpcService (GrpcService.java:startImpl(149)) - 5b56fd10-665b-4a03-90fc-42cf6e7ef5f6: GrpcService started, listening on 0.0.0.0/0.0.0.0:44608
2019-08-29 08:21:43,470 [Datanode State Machine Thread - 0] INFO  ratis.XceiverServerRatis (XceiverServerRatis.java:start(403)) - XceiverServerRatis 5b56fd10-665b-4a03-90fc-42cf6e7ef5f6 is started using port 44608
2019-08-29 08:21:43,472 [Datanode State Machine Thread - 0] INFO  server.XceiverServerGrpc (XceiverServerGrpc.java:start(163)) - XceiverServerGrpc 5b56fd10-665b-4a03-90fc-42cf6e7ef5f6 is started using port 37730
2019-08-29 08:21:44,450 [main] INFO  ozone.MiniOzoneClusterImpl (MiniOzoneClusterImpl.java:lambda$waitForClusterToBeReady$0(140)) - Waiting for cluster to be ready. Got 0 of 7 DN Heartbeats.
2019-08-29 08:21:45,063 [IPC Server handler 1 on 39602] INFO  net.NetworkTopology (NetworkTopologyImpl.java:add(110)) - Added a new node: /default-rack/4e7efcb5-917e-488d-886e-16c99a39ab6f
2019-08-29 08:21:45,064 [IPC Server handler 1 on 39602] INFO  node.SCMNodeManager (SCMNodeManager.java:register(273)) - Registered Data node : 4e7efcb5-917e-488d-886e-16c99a39ab6f{ip: 192.168.5.176, host: pr-hdds-1909-44d2n-1519487446, networkLocation: /default-rack, certSerialId: null}
2019-08-29 08:21:45,068 [EventQueue-NodeRegistrationContainerReportForDataNodeSafeModeRule] INFO  safemode.SCMSafeModeManager (DataNodeSafeModeRule.java:process(71)) - SCM in safe mode. 1 DataNodes registered, 1 required.
2019-08-29 08:21:45,068 [EventQueue-NodeRegistrationContainerReportForDataNodeSafeModeRule] INFO  safemode.SCMSafeModeManager (SCMSafeModeManager.java:validateSafeModeExitRules(177)) - ScmSafeModeManager, all rules are successfully validated
2019-08-29 08:21:45,068 [EventQueue-NodeRegistrationContainerReportForDataNodeSafeModeRule] INFO  safemode.SCMSafeModeManager (SCMSafeModeManager.java:exitSafeMode(193)) - SCM exiting safe mode.
2019-08-29 08:21:45,075 | INFO  | SCMAudit | user=jenkins1000 | ip=192.168.5.176 | op=REGISTER {datanodeDetails=4e7efcb5-917e-488d-886e-16c99a39ab6f{ip: 192.168.5.176, host: pr-hdds-1909-44d2n-1519487446, networkLocation: /default-rack, certSerialId: null}} | ret=SUCCESS |  
2019-08-29 08:21:45,102 [IPC Server handler 2 on 39602] INFO  net.NetworkTopology (NetworkTopologyImpl.java:add(110)) - Added a new node: /default-rack/8944090c-39c7-48a8-859f-48289bd7a1e9
2019-08-29 08:21:45,103 [IPC Server handler 2 on 39602] INFO  node.SCMNodeManager (SCMNodeManager.java:register(273)) - Registered Data node : 8944090c-39c7-48a8-859f-48289bd7a1e9{ip: 192.168.5.176, host: pr-hdds-1909-44d2n-1519487446, networkLocation: /default-rack, certSerialId: null}
2019-08-29 08:21:45,103 | INFO  | SCMAudit | user=jenkins1000 | ip=192.168.5.176 | op=REGISTER {datanodeDetails=8944090c-39c7-48a8-859f-48289bd7a1e9{ip: 192.168.5.176, host: pr-hdds-1909-44d2n-1519487446, networkLocation: /default-rack, certSerialId: null}} | ret=SUCCESS |  
2019-08-29 08:21:45,179 [IPC Server handler 3 on 39602] INFO  net.NetworkTopology (NetworkTopologyImpl.java:add(110)) - Added a new node: /default-rack/67c35969-00c1-40e5-9eeb-9a2f6a2b337c
2019-08-29 08:21:45,179 [IPC Server handler 3 on 39602] INFO  node.SCMNodeManager (SCMNodeManager.java:register(273)) - Registered Data node : 67c35969-00c1-40e5-9eeb-9a2f6a2b337c{ip: 192.168.5.176, host: pr-hdds-1909-44d2n-1519487446, networkLocation: /default-rack, certSerialId: null}
2019-08-29 08:21:45,179 | INFO  | SCMAudit | user=jenkins1000 | ip=192.168.5.176 | op=REGISTER {datanodeDetails=67c35969-00c1-40e5-9eeb-9a2f6a2b337c{ip: 192.168.5.176, host: pr-hdds-1909-44d2n-1519487446, networkLocation: /default-rack, certSerialId: null}} | ret=SUCCESS |  
2019-08-29 08:21:45,246 [IPC Server handler 4 on 39602] INFO  net.NetworkTopology (NetworkTopologyImpl.java:add(110)) - Added a new node: /default-rack/98bb5522-a779-467f-a71e-3d66cbe7d5c3
2019-08-29 08:21:45,246 [IPC Server handler 4 on 39602] INFO  node.SCMNodeManager (SCMNodeManager.java:register(273)) - Registered Data node : 98bb5522-a779-467f-a71e-3d66cbe7d5c3{ip: 192.168.5.176, host: pr-hdds-1909-44d2n-1519487446, networkLocation: /default-rack, certSerialId: null}
2019-08-29 08:21:45,247 | INFO  | SCMAudit | user=jenkins1000 | ip=192.168.5.176 | op=REGISTER {datanodeDetails=98bb5522-a779-467f-a71e-3d66cbe7d5c3{ip: 192.168.5.176, host: pr-hdds-1909-44d2n-1519487446, networkLocation: /default-rack, certSerialId: null}} | ret=SUCCESS |  
2019-08-29 08:21:45,317 [IPC Server handler 5 on 39602] INFO  net.NetworkTopology (NetworkTopologyImpl.java:add(110)) - Added a new node: /default-rack/6932ec02-23cf-49d5-bf63-101b997409d4
2019-08-29 08:21:45,317 [IPC Server handler 5 on 39602] INFO  node.SCMNodeManager (SCMNodeManager.java:register(273)) - Registered Data node : 6932ec02-23cf-49d5-bf63-101b997409d4{ip: 192.168.5.176, host: pr-hdds-1909-44d2n-1519487446, networkLocation: /default-rack, certSerialId: null}
2019-08-29 08:21:45,318 | INFO  | SCMAudit | user=jenkins1000 | ip=192.168.5.176 | op=REGISTER {datanodeDetails=6932ec02-23cf-49d5-bf63-101b997409d4{ip: 192.168.5.176, host: pr-hdds-1909-44d2n-1519487446, networkLocation: /default-rack, certSerialId: null}} | ret=SUCCESS |  
2019-08-29 08:21:45,386 [IPC Server handler 6 on 39602] INFO  net.NetworkTopology (NetworkTopologyImpl.java:add(110)) - Added a new node: /default-rack/7fd4362d-ab2c-4d65-9042-74517d5987d2
2019-08-29 08:21:45,386 [IPC Server handler 6 on 39602] INFO  node.SCMNodeManager (SCMNodeManager.java:register(273)) - Registered Data node : 7fd4362d-ab2c-4d65-9042-74517d5987d2{ip: 192.168.5.176, host: pr-hdds-1909-44d2n-1519487446, networkLocation: /default-rack, certSerialId: null}
2019-08-29 08:21:45,389 | INFO  | SCMAudit | user=jenkins1000 | ip=192.168.5.176 | op=REGISTER {datanodeDetails=7fd4362d-ab2c-4d65-9042-74517d5987d2{ip: 192.168.5.176, host: pr-hdds-1909-44d2n-1519487446, networkLocation: /default-rack, certSerialId: null}} | ret=SUCCESS |  
2019-08-29 08:21:45,451 [main] INFO  ozone.MiniOzoneClusterImpl (MiniOzoneClusterImpl.java:lambda$waitForClusterToBeReady$0(140)) - Waiting for cluster to be ready. Got 6 of 7 DN Heartbeats.
2019-08-29 08:21:45,452 [IPC Server handler 7 on 39602] INFO  net.NetworkTopology (NetworkTopologyImpl.java:add(110)) - Added a new node: /default-rack/5b56fd10-665b-4a03-90fc-42cf6e7ef5f6
2019-08-29 08:21:45,452 [IPC Server handler 7 on 39602] INFO  node.SCMNodeManager (SCMNodeManager.java:register(273)) - Registered Data node : 5b56fd10-665b-4a03-90fc-42cf6e7ef5f6{ip: 192.168.5.176, host: pr-hdds-1909-44d2n-1519487446, networkLocation: /default-rack, certSerialId: null}
2019-08-29 08:21:45,453 | INFO  | SCMAudit | user=jenkins1000 | ip=192.168.5.176 | op=REGISTER {datanodeDetails=5b56fd10-665b-4a03-90fc-42cf6e7ef5f6{ip: 192.168.5.176, host: pr-hdds-1909-44d2n-1519487446, networkLocation: /default-rack, certSerialId: null}} | ret=SUCCESS |  
2019-08-29 08:21:45,561 [grpc-default-executor-0] INFO  impl.RaftServerProxy (RaftServerProxy.java:addNew(89)) - 4e7efcb5-917e-488d-886e-16c99a39ab6f: addNew group-9ED342BC7AD4:[4e7efcb5-917e-488d-886e-16c99a39ab6f:192.168.5.176:46276] returns group-9ED342BC7AD4:java.util.concurrent.CompletableFuture@424b870b[Not completed]
2019-08-29 08:21:45,586 [pool-27-thread-1] INFO  impl.RaftServerImpl (RaftServerImpl.java:<init>(93)) - 4e7efcb5-917e-488d-886e-16c99a39ab6f: new RaftServerImpl for group-9ED342BC7AD4:[4e7efcb5-917e-488d-886e-16c99a39ab6f:192.168.5.176:46276] with ContainerStateMachine:uninitialized
2019-08-29 08:21:45,588 [pool-27-thread-1] INFO  server.RaftServerConfigKeys (ConfUtils.java:logGet(43)) - raft.server.rpc.timeout.min = 5s (custom)
2019-08-29 08:21:45,594 [pool-27-thread-1] INFO  server.RaftServerConfigKeys (ConfUtils.java:logGet(43)) - raft.server.rpc.timeout.max = 5200ms (custom)
2019-08-29 08:21:45,594 [pool-27-thread-1] INFO  server.RaftServerConfigKeys (ConfUtils.java:logGet(43)) - raft.server.rpcslowness.timeout = 120s (custom)
2019-08-29 08:21:45,595 [pool-27-thread-1] INFO  server.RaftServerConfigKeys (ConfUtils.java:logGet(43)) - raft.server.sleep.deviation.threshold = 300 (default)
2019-08-29 08:21:45,596 [pool-27-thread-1] INFO  server.RaftServerConfigKeys (ConfUtils.java:logGet(43)) - raft.server.log.appender.install.snapshot.enabled = false (custom)
2019-08-29 08:21:45,606 [pool-27-thread-1] INFO  impl.RaftServerImpl (ServerState.java:<init>(105)) - 4e7efcb5-917e-488d-886e-16c99a39ab6f:group-9ED342BC7AD4 ConfigurationManager, init=-1: [4e7efcb5-917e-488d-886e-16c99a39ab6f:192.168.5.176:46276], old=null, confs=<EMPTY_MAP>
2019-08-29 08:21:45,606 [pool-27-thread-1] INFO  server.RaftServerConfigKeys (ConfUtils.java:logGet(43)) - raft.server.storage.dir = [/workdir/hadoop-ozone/integration-test/target/test-dir/MiniOzoneClusterImpl-ab0df1f0-a3d6-4d90-a98d-535794749ce9/datanode-0/data/ratis] (custom)
2019-08-29 08:21:45,616 [pool-27-thread-1] INFO  storage.RaftStorageDirectory (RaftStorageDirectory.java:analyzeStorage(246)) - The storage directory /workdir/hadoop-ozone/integration-test/target/test-dir/MiniOzoneClusterImpl-ab0df1f0-a3d6-4d90-a98d-535794749ce9/datanode-0/data/ratis/fa7312ae-ccc9-4e71-a788-9ed342bc7ad4 does not exist. Creating ...
2019-08-29 08:21:45,642 [pool-27-thread-1] INFO  storage.RaftStorageDirectory (RaftStorageDirectory.java:tryLock(328)) - Lock on /workdir/hadoop-ozone/integration-test/target/test-dir/MiniOzoneClusterImpl-ab0df1f0-a3d6-4d90-a98d-535794749ce9/datanode-0/data/ratis/fa7312ae-ccc9-4e71-a788-9ed342bc7ad4/in_use.lock acquired by nodename 29661@pr-hdds-1909-44d2n-1519487446
2019-08-29 08:21:45,677 [pool-27-thread-1] INFO  storage.RaftStorage (RaftStorage.java:format(72)) - Storage directory /workdir/hadoop-ozone/integration-test/target/test-dir/MiniOzoneClusterImpl-ab0df1f0-a3d6-4d90-a98d-535794749ce9/datanode-0/data/ratis/fa7312ae-ccc9-4e71-a788-9ed342bc7ad4 has been successfully formatted.
2019-08-29 08:21:45,680 [pool-27-thread-1] INFO  ratis.ContainerStateMachine (ContainerStateMachine.java:loadSnapshot(227)) - group-9ED342BC7AD4: The snapshot info is null. Setting the last applied indexto:(t:0, i:~)
2019-08-29 08:21:45,681 [pool-27-thread-1] INFO  server.RaftServerConfigKeys (ConfUtils.java:logGet(43)) - raft.server.leader.election.timeout = 120s (custom)
2019-08-29 08:21:45,684 [pool-27-thread-1] INFO  server.RaftServerConfigKeys (ConfUtils.java:logGet(43)) - raft.server.log.use.memory = false (default)
2019-08-29 08:21:45,691 [pool-27-thread-1] INFO  server.RaftServerConfigKeys (ConfUtils.java:logGet(43)) - raft.server.log.purge.gap = 1000000 (custom)
2019-08-29 08:21:45,692 [pool-27-thread-1] INFO  server.RaftServerConfigKeys (ConfUtils.java:logGet(43)) - raft.server.log.appender.buffer.byte-limit = 33554432 (custom)
2019-08-29 08:21:45,699 [pool-27-thread-1] INFO  server.RaftServerConfigKeys (ConfUtils.java:logGet(43)) - raft.server.log.segment.size.max = 1048576 (custom)
2019-08-29 08:21:45,705 [pool-27-thread-1] INFO  server.RaftServerConfigKeys (ConfUtils.java:logGet(43)) - raft.server.log.segment.cache.num.max = 2 (custom)
2019-08-29 08:21:45,713 [pool-27-thread-1] INFO  segmented.SegmentedRaftLogWorker (SegmentedRaftLogWorker.java:<init>(172)) - new 4e7efcb5-917e-488d-886e-16c99a39ab6f-SegmentedRaftLogWorker:Storage Directory /workdir/hadoop-ozone/integration-test/target/test-dir/MiniOzoneClusterImpl-ab0df1f0-a3d6-4d90-a98d-535794749ce9/datanode-0/data/ratis/fa7312ae-ccc9-4e71-a788-9ed342bc7ad4 for RaftStorage:Storage Directory /workdir/hadoop-ozone/integration-test/target/test-dir/MiniOzoneClusterImpl-ab0df1f0-a3d6-4d90-a98d-535794749ce9/datanode-0/data/ratis/fa7312ae-ccc9-4e71-a788-9ed342bc7ad4
2019-08-29 08:21:45,729 [pool-27-thread-1] INFO  server.RaftServerConfigKeys (ConfUtils.java:logGet(43)) - raft.server.log.queue.byte-limit = 2147483647 (custom)
2019-08-29 08:21:45,729 [pool-27-thread-1] INFO  server.RaftServerConfigKeys (ConfUtils.java:logGet(43)) - raft.server.log.queue.element-limit = 1024 (custom)
2019-08-29 08:21:45,735 [pool-27-thread-1] INFO  server.RaftServerConfigKeys (ConfUtils.java:logGet(43)) - raft.server.log.segment.size.max = 1048576 (custom)
2019-08-29 08:21:45,736 [pool-27-thread-1] INFO  server.RaftServerConfigKeys (ConfUtils.java:logGet(43)) - raft.server.log.preallocated.size = 16384 (custom)
2019-08-29 08:21:45,736 [pool-27-thread-1] INFO  server.RaftServerConfigKeys (ConfUtils.java:logGet(43)) - raft.server.log.write.buffer.size = 33554432 (custom)
2019-08-29 08:21:45,737 [pool-27-thread-1] INFO  server.RaftServerConfigKeys (ConfUtils.java:logGet(43)) - raft.server.log.force.sync.num = 128 (default)
2019-08-29 08:21:45,738 [pool-27-thread-1] INFO  server.RaftServerConfigKeys (ConfUtils.java:logGet(43)) - raft.server.log.statemachine.data.sync = true (default)
2019-08-29 08:21:45,738 [pool-27-thread-1] INFO  server.RaftServerConfigKeys (ConfUtils.java:logGet(43)) - raft.server.log.statemachine.data.sync.timeout = 10s (default)
2019-08-29 08:21:45,739 [pool-27-thread-1] INFO  server.RaftServerConfigKeys (ConfUtils.java:logGet(43)) - raft.server.log.statemachine.data.sync.timeout.retry = -1 (default)
2019-08-29 08:21:45,749 [pool-27-thread-1] INFO  server.RaftServerConfigKeys (ConfUtils.java:logGet(43)) - raft.server.log.statemachine.data.caching.enabled = true (custom)
2019-08-29 08:21:45,754 [pool-27-thread-1] INFO  segmented.SegmentedRaftLogWorker (SegmentedRaftLogWorker.java:lambda$new$0(132)) - 4e7efcb5-917e-488d-886e-16c99a39ab6f-SegmentedRaftLogWorker:Storage Directory /workdir/hadoop-ozone/integration-test/target/test-dir/MiniOzoneClusterImpl-ab0df1f0-a3d6-4d90-a98d-535794749ce9/datanode-0/data/ratis/fa7312ae-ccc9-4e71-a788-9ed342bc7ad4: flushIndex: setUnconditionally 0 -> -1
2019-08-29 08:21:45,759 [pool-27-thread-1] INFO  server.RaftServerConfigKeys (ConfUtils.java:logGet(43)) - raft.server.snapshot.auto.trigger.enabled = true (custom)
2019-08-29 08:21:45,760 [pool-27-thread-1] INFO  server.RaftServerConfigKeys (ConfUtils.java:logGet(43)) - raft.server.snapshot.auto.trigger.threshold = 10000 (custom)
2019-08-29 08:21:45,761 [pool-27-thread-1] INFO  server.RaftServerConfigKeys (ConfUtils.java:logGet(43)) - raft.server.retrycache.expirytime = 600000ms (custom)
2019-08-29 08:21:45,784 [pool-27-thread-1] INFO  impl.RaftServerImpl (RaftServerImpl.java:start(180)) - 4e7efcb5-917e-488d-886e-16c99a39ab6f: start group-9ED342BC7AD4
2019-08-29 08:21:45,785 [pool-27-thread-1] INFO  impl.RaftServerImpl (RaftServerImpl.java:setRole(171)) - 4e7efcb5-917e-488d-886e-16c99a39ab6f:group-9ED342BC7AD4 changes role from null to FOLLOWER at term 0 for startAsFollower
2019-08-29 08:21:45,786 [pool-27-thread-1] INFO  impl.RoleInfo (RoleInfo.java:updateAndGet(143)) - 4e7efcb5-917e-488d-886e-16c99a39ab6f: start FollowerState
2019-08-29 08:21:45,788 [pool-27-thread-1] INFO  util.JmxRegister (JmxRegister.java:tryRegister(44)) - Successfully registered JMX Bean with object name Ratis:service=RaftServer,group=group-9ED342BC7AD4,id=4e7efcb5-917e-488d-886e-16c99a39ab6f
2019-08-29 08:21:45,868 [RatisPipelineUtilsThread] INFO  pipeline.PipelineStateManager (PipelineStateManager.java:addPipeline(56)) - Created pipeline Pipeline[ Id: fa7312ae-ccc9-4e71-a788-9ed342bc7ad4, Nodes: 4e7efcb5-917e-488d-886e-16c99a39ab6f{ip: 192.168.5.176, host: pr-hdds-1909-44d2n-1519487446, networkLocation: /default-rack, certSerialId: null}, Type:RATIS, Factor:ONE, State:OPEN]
2019-08-29 08:21:45,903 [grpc-default-executor-0] INFO  impl.RaftServerProxy (RaftServerProxy.java:addNew(89)) - 6932ec02-23cf-49d5-bf63-101b997409d4: addNew group-53547357EFF4:[6932ec02-23cf-49d5-bf63-101b997409d4:192.168.5.176:37426] returns group-53547357EFF4:java.util.concurrent.CompletableFuture@2ffa94b8[Not completed]
2019-08-29 08:21:45,960 [pool-67-thread-1] INFO  impl.RaftServerImpl (RaftServerImpl.java:<init>(93)) - 6932ec02-23cf-49d5-bf63-101b997409d4: new RaftServerImpl for group-53547357EFF4:[6932ec02-23cf-49d5-bf63-101b997409d4:192.168.5.176:37426] with ContainerStateMachine:uninitialized
2019-08-29 08:21:45,961 [pool-67-thread-1] INFO  server.RaftServerConfigKeys (ConfUtils.java:logGet(43)) - raft.server.rpc.timeout.min = 5s (custom)
2019-08-29 08:21:45,961 [pool-67-thread-1] INFO  server.RaftServerConfigKeys (ConfUtils.java:logGet(43)) - raft.server.rpc.timeout.max = 5200ms (custom)
2019-08-29 08:21:45,962 [pool-67-thread-1] INFO  server.RaftServerConfigKeys (ConfUtils.java:logGet(43)) - raft.server.rpcslowness.timeout = 120s (custom)
2019-08-29 08:21:45,962 [pool-67-thread-1] INFO  server.RaftServerConfigKeys (ConfUtils.java:logGet(43)) - raft.server.sleep.deviation.threshold = 300 (default)
2019-08-29 08:21:45,962 [pool-67-thread-1] INFO  server.RaftServerConfigKeys (ConfUtils.java:logGet(43)) - raft.server.log.appender.install.snapshot.enabled = false (custom)
2019-08-29 08:21:45,962 [pool-67-thread-1] INFO  impl.RaftServerImpl (ServerState.java:<init>(105)) - 6932ec02-23cf-49d5-bf63-101b997409d4:group-53547357EFF4 ConfigurationManager, init=-1: [6932ec02-23cf-49d5-bf63-101b997409d4:192.168.5.176:37426], old=null, confs=<EMPTY_MAP>
2019-08-29 08:21:45,963 [pool-67-thread-1] INFO  server.RaftServerConfigKeys (ConfUtils.java:logGet(43)) - raft.server.storage.dir = [/workdir/hadoop-ozone/integration-test/target/test-dir/MiniOzoneClusterImpl-ab0df1f0-a3d6-4d90-a98d-535794749ce9/datanode-4/data/ratis] (custom)
2019-08-29 08:21:45,963 [pool-67-thread-1] INFO  storage.RaftStorageDirectory (RaftStorageDirectory.java:analyzeStorage(246)) - The storage directory /workdir/hadoop-ozone/integration-test/target/test-dir/MiniOzoneClusterImpl-ab0df1f0-a3d6-4d90-a98d-535794749ce9/datanode-4/data/ratis/49fd14f1-d2e2-4c43-b55b-53547357eff4 does not exist. Creating ...
2019-08-29 08:21:45,998 [pool-67-thread-1] INFO  storage.RaftStorageDirectory (RaftStorageDirectory.java:tryLock(328)) - Lock on /workdir/hadoop-ozone/integration-test/target/test-dir/MiniOzoneClusterImpl-ab0df1f0-a3d6-4d90-a98d-535794749ce9/datanode-4/data/ratis/49fd14f1-d2e2-4c43-b55b-53547357eff4/in_use.lock acquired by nodename 29661@pr-hdds-1909-44d2n-1519487446
2019-08-29 08:21:46,005 [pool-67-thread-1] INFO  storage.RaftStorage (RaftStorage.java:format(72)) - Storage directory /workdir/hadoop-ozone/integration-test/target/test-dir/MiniOzoneClusterImpl-ab0df1f0-a3d6-4d90-a98d-535794749ce9/datanode-4/data/ratis/49fd14f1-d2e2-4c43-b55b-53547357eff4 has been successfully formatted.
2019-08-29 08:21:46,012 [pool-67-thread-1] INFO  ratis.ContainerStateMachine (ContainerStateMachine.java:loadSnapshot(227)) - group-53547357EFF4: The snapshot info is null. Setting the last applied indexto:(t:0, i:~)
2019-08-29 08:21:46,013 [pool-67-thread-1] INFO  server.RaftServerConfigKeys (ConfUtils.java:logGet(43)) - raft.server.leader.election.timeout = 120s (custom)
2019-08-29 08:21:46,014 [pool-67-thread-1] INFO  server.RaftServerConfigKeys (ConfUtils.java:logGet(43)) - raft.server.log.use.memory = false (default)
2019-08-29 08:21:46,014 [pool-67-thread-1] INFO  server.RaftServerConfigKeys (ConfUtils.java:logGet(43)) - raft.server.log.purge.gap = 1000000 (custom)
2019-08-29 08:21:46,014 [pool-67-thread-1] INFO  server.RaftServerConfigKeys (ConfUtils.java:logGet(43)) - raft.server.log.appender.buffer.byte-limit = 33554432 (custom)
2019-08-29 08:21:46,014 [pool-67-thread-1] INFO  server.RaftServerConfigKeys (ConfUtils.java:logGet(43)) - raft.server.log.segment.size.max = 1048576 (custom)
2019-08-29 08:21:46,014 [pool-67-thread-1] INFO  server.RaftServerConfigKeys (ConfUtils.java:logGet(43)) - raft.server.log.segment.cache.num.max = 2 (custom)
2019-08-29 08:21:46,014 [pool-67-thread-1] INFO  segmented.SegmentedRaftLogWorker (SegmentedRaftLogWorker.java:<init>(172)) - new 6932ec02-23cf-49d5-bf63-101b997409d4-SegmentedRaftLogWorker:Storage Directory /workdir/hadoop-ozone/integration-test/target/test-dir/MiniOzoneClusterImpl-ab0df1f0-a3d6-4d90-a98d-535794749ce9/datanode-4/data/ratis/49fd14f1-d2e2-4c43-b55b-53547357eff4 for RaftStorage:Storage Directory /workdir/hadoop-ozone/integration-test/target/test-dir/MiniOzoneClusterImpl-ab0df1f0-a3d6-4d90-a98d-535794749ce9/datanode-4/data/ratis/49fd14f1-d2e2-4c43-b55b-53547357eff4
2019-08-29 08:21:46,015 [pool-67-thread-1] INFO  server.RaftServerConfigKeys (ConfUtils.java:logGet(43)) - raft.server.log.queue.byte-limit = 2147483647 (custom)
2019-08-29 08:21:46,016 [pool-67-thread-1] INFO  server.RaftServerConfigKeys (ConfUtils.java:logGet(43)) - raft.server.log.queue.element-limit = 1024 (custom)
2019-08-29 08:21:46,016 [pool-67-thread-1] INFO  server.RaftServerConfigKeys (ConfUtils.java:logGet(43)) - raft.server.log.segment.size.max = 1048576 (custom)
2019-08-29 08:21:46,016 [pool-67-thread-1] INFO  server.RaftServerConfigKeys (ConfUtils.java:logGet(43)) - raft.server.log.preallocated.size = 16384 (custom)
2019-08-29 08:21:46,016 [pool-67-thread-1] INFO  server.RaftServerConfigKeys (ConfUtils.java:logGet(43)) - raft.server.log.write.buffer.size = 33554432 (custom)
2019-08-29 08:21:46,016 [pool-67-thread-1] INFO  server.RaftServerConfigKeys (ConfUtils.java:logGet(43)) - raft.server.log.force.sync.num = 128 (default)
2019-08-29 08:21:46,016 [pool-67-thread-1] INFO  server.RaftServerConfigKeys (ConfUtils.java:logGet(43)) - raft.server.log.statemachine.data.sync = true (default)
2019-08-29 08:21:46,016 [pool-67-thread-1] INFO  server.RaftServerConfigKeys (ConfUtils.java:logGet(43)) - raft.server.log.statemachine.data.sync.timeout = 10s (default)
2019-08-29 08:21:46,017 [pool-67-thread-1] INFO  server.RaftServerConfigKeys (ConfUtils.java:logGet(43)) - raft.server.log.statemachine.data.sync.timeout.retry = -1 (default)
2019-08-29 08:21:46,017 [pool-67-thread-1] INFO  server.RaftServerConfigKeys (ConfUtils.java:logGet(43)) - raft.server.log.statemachine.data.caching.enabled = true (custom)
2019-08-29 08:21:46,017 [pool-67-thread-1] INFO  segmented.SegmentedRaftLogWorker (SegmentedRaftLogWorker.java:lambda$new$0(132)) - 6932ec02-23cf-49d5-bf63-101b997409d4-SegmentedRaftLogWorker:Storage Directory /workdir/hadoop-ozone/integration-test/target/test-dir/MiniOzoneClusterImpl-ab0df1f0-a3d6-4d90-a98d-535794749ce9/datanode-4/data/ratis/49fd14f1-d2e2-4c43-b55b-53547357eff4: flushIndex: setUnconditionally 0 -> -1
2019-08-29 08:21:46,018 [pool-67-thread-1] INFO  server.RaftServerConfigKeys (ConfUtils.java:logGet(43)) - raft.server.snapshot.auto.trigger.enabled = true (custom)
2019-08-29 08:21:46,018 [pool-67-thread-1] INFO  server.RaftServerConfigKeys (ConfUtils.java:logGet(43)) - raft.server.snapshot.auto.trigger.threshold = 10000 (custom)
2019-08-29 08:21:46,018 [pool-67-thread-1] INFO  server.RaftServerConfigKeys (ConfUtils.java:logGet(43)) - raft.server.retrycache.expirytime = 600000ms (custom)
2019-08-29 08:21:46,018 [pool-67-thread-1] INFO  impl.RaftServerImpl (RaftServerImpl.java:start(180)) - 6932ec02-23cf-49d5-bf63-101b997409d4: start group-53547357EFF4
2019-08-29 08:21:46,018 [pool-67-thread-1] INFO  impl.RaftServerImpl (RaftServerImpl.java:setRole(171)) - 6932ec02-23cf-49d5-bf63-101b997409d4:group-53547357EFF4 changes role from null to FOLLOWER at term 0 for startAsFollower
2019-08-29 08:21:46,018 [pool-67-thread-1] INFO  impl.RoleInfo (RoleInfo.java:updateAndGet(143)) - 6932ec02-23cf-49d5-bf63-101b997409d4: start FollowerState
2019-08-29 08:21:46,020 [pool-67-thread-1] INFO  util.JmxRegister (JmxRegister.java:tryRegister(44)) - Successfully registered JMX Bean with object name Ratis:service=RaftServer,group=group-53547357EFF4,id=6932ec02-23cf-49d5-bf63-101b997409d4
2019-08-29 08:21:46,036 [RatisPipelineUtilsThread] INFO  pipeline.PipelineStateManager (PipelineStateManager.java:addPipeline(56)) - Created pipeline Pipeline[ Id: 49fd14f1-d2e2-4c43-b55b-53547357eff4, Nodes: 6932ec02-23cf-49d5-bf63-101b997409d4{ip: 192.168.5.176, host: pr-hdds-1909-44d2n-1519487446, networkLocation: /default-rack, certSerialId: null}, Type:RATIS, Factor:ONE, State:OPEN]
2019-08-29 08:21:46,061 [grpc-default-executor-0] INFO  impl.RaftServerProxy (RaftServerProxy.java:addNew(89)) - 98bb5522-a779-467f-a71e-3d66cbe7d5c3: addNew group-89E6A58018FB:[98bb5522-a779-467f-a71e-3d66cbe7d5c3:192.168.5.176:36329] returns group-89E6A58018FB:java.util.concurrent.CompletableFuture@87d1371[Not completed]
2019-08-29 08:21:46,075 [pool-57-thread-1] INFO  impl.RaftServerImpl (RaftServerImpl.java:<init>(93)) - 98bb5522-a779-467f-a71e-3d66cbe7d5c3: new RaftServerImpl for group-89E6A58018FB:[98bb5522-a779-467f-a71e-3d66cbe7d5c3:192.168.5.176:36329] with ContainerStateMachine:uninitialized
2019-08-29 08:21:46,075 [pool-57-thread-1] INFO  server.RaftServerConfigKeys (ConfUtils.java:logGet(43)) - raft.server.rpc.timeout.min = 5s (custom)
2019-08-29 08:21:46,075 [pool-57-thread-1] INFO  server.RaftServerConfigKeys (ConfUtils.java:logGet(43)) - raft.server.rpc.timeout.max = 5200ms (custom)
2019-08-29 08:21:46,075 [pool-57-thread-1] INFO  server.RaftServerConfigKeys (ConfUtils.java:logGet(43)) - raft.server.rpcslowness.timeout = 120s (custom)
2019-08-29 08:21:46,075 [pool-57-thread-1] INFO  server.RaftServerConfigKeys (ConfUtils.java:logGet(43)) - raft.server.sleep.deviation.threshold = 300 (default)
2019-08-29 08:21:46,075 [pool-57-thread-1] INFO  server.RaftServerConfigKeys (ConfUtils.java:logGet(43)) - raft.server.log.appender.install.snapshot.enabled = false (custom)
2019-08-29 08:21:46,075 [pool-57-thread-1] INFO  impl.RaftServerImpl (ServerState.java:<init>(105)) - 98bb5522-a779-467f-a71e-3d66cbe7d5c3:group-89E6A58018FB ConfigurationManager, init=-1: [98bb5522-a779-467f-a71e-3d66cbe7d5c3:192.168.5.176:36329], old=null, confs=<EMPTY_MAP>
2019-08-29 08:21:46,076 [pool-57-thread-1] INFO  server.RaftServerConfigKeys (ConfUtils.java:logGet(43)) - raft.server.storage.dir = [/workdir/hadoop-ozone/integration-test/target/test-dir/MiniOzoneClusterImpl-ab0df1f0-a3d6-4d90-a98d-535794749ce9/datanode-3/data/ratis] (custom)
2019-08-29 08:21:46,076 [pool-57-thread-1] INFO  storage.RaftStorageDirectory (RaftStorageDirectory.java:analyzeStorage(246)) - The storage directory /workdir/hadoop-ozone/integration-test/target/test-dir/MiniOzoneClusterImpl-ab0df1f0-a3d6-4d90-a98d-535794749ce9/datanode-3/data/ratis/1bad1a8e-8132-4863-a103-89e6a58018fb does not exist. Creating ...
2019-08-29 08:21:46,084 [pool-57-thread-1] INFO  storage.RaftStorageDirectory (RaftStorageDirectory.java:tryLock(328)) - Lock on /workdir/hadoop-ozone/integration-test/target/test-dir/MiniOzoneClusterImpl-ab0df1f0-a3d6-4d90-a98d-535794749ce9/datanode-3/data/ratis/1bad1a8e-8132-4863-a103-89e6a58018fb/in_use.lock acquired by nodename 29661@pr-hdds-1909-44d2n-1519487446
2019-08-29 08:21:46,096 [pool-57-thread-1] INFO  storage.RaftStorage (RaftStorage.java:format(72)) - Storage directory /workdir/hadoop-ozone/integration-test/target/test-dir/MiniOzoneClusterImpl-ab0df1f0-a3d6-4d90-a98d-535794749ce9/datanode-3/data/ratis/1bad1a8e-8132-4863-a103-89e6a58018fb has been successfully formatted.
2019-08-29 08:21:46,097 [pool-57-thread-1] INFO  ratis.ContainerStateMachine (ContainerStateMachine.java:loadSnapshot(227)) - group-89E6A58018FB: The snapshot info is null. Setting the last applied indexto:(t:0, i:~)
2019-08-29 08:21:46,097 [pool-57-thread-1] INFO  server.RaftServerConfigKeys (ConfUtils.java:logGet(43)) - raft.server.leader.election.timeout = 120s (custom)
2019-08-29 08:21:46,097 [pool-57-thread-1] INFO  server.RaftServerConfigKeys (ConfUtils.java:logGet(43)) - raft.server.log.use.memory = false (default)
2019-08-29 08:21:46,097 [pool-57-thread-1] INFO  server.RaftServerConfigKeys (ConfUtils.java:logGet(43)) - raft.server.log.purge.gap = 1000000 (custom)
2019-08-29 08:21:46,097 [pool-57-thread-1] INFO  server.RaftServerConfigKeys (ConfUtils.java:logGet(43)) - raft.server.log.appender.buffer.byte-limit = 33554432 (custom)
2019-08-29 08:21:46,098 [pool-57-thread-1] INFO  server.RaftServerConfigKeys (ConfUtils.java:logGet(43)) - raft.server.log.segment.size.max = 1048576 (custom)
2019-08-29 08:21:46,098 [pool-57-thread-1] INFO  server.RaftServerConfigKeys (ConfUtils.java:logGet(43)) - raft.server.log.segment.cache.num.max = 2 (custom)
2019-08-29 08:21:46,098 [pool-57-thread-1] INFO  segmented.SegmentedRaftLogWorker (SegmentedRaftLogWorker.java:<init>(172)) - new 98bb5522-a779-467f-a71e-3d66cbe7d5c3-SegmentedRaftLogWorker:Storage Directory /workdir/hadoop-ozone/integration-test/target/test-dir/MiniOzoneClusterImpl-ab0df1f0-a3d6-4d90-a98d-535794749ce9/datanode-3/data/ratis/1bad1a8e-8132-4863-a103-89e6a58018fb for RaftStorage:Storage Directory /workdir/hadoop-ozone/integration-test/target/test-dir/MiniOzoneClusterImpl-ab0df1f0-a3d6-4d90-a98d-535794749ce9/datanode-3/data/ratis/1bad1a8e-8132-4863-a103-89e6a58018fb
2019-08-29 08:21:46,098 [pool-57-thread-1] INFO  server.RaftServerConfigKeys (ConfUtils.java:logGet(43)) - raft.server.log.queue.byte-limit = 2147483647 (custom)
2019-08-29 08:21:46,098 [pool-57-thread-1] INFO  server.RaftServerConfigKeys (ConfUtils.java:logGet(43)) - raft.server.log.queue.element-limit = 1024 (custom)
2019-08-29 08:21:46,098 [pool-57-thread-1] INFO  server.RaftServerConfigKeys (ConfUtils.java:logGet(43)) - raft.server.log.segment.size.max = 1048576 (custom)
2019-08-29 08:21:46,098 [pool-57-thread-1] INFO  server.RaftServerConfigKeys (ConfUtils.java:logGet(43)) - raft.server.log.preallocated.size = 16384 (custom)
2019-08-29 08:21:46,099 [pool-57-thread-1] INFO  server.RaftServerConfigKeys (ConfUtils.java:logGet(43)) - raft.server.log.write.buffer.size = 33554432 (custom)
2019-08-29 08:21:46,099 [pool-57-thread-1] INFO  server.RaftServerConfigKeys (ConfUtils.java:logGet(43)) - raft.server.log.force.sync.num = 128 (default)
2019-08-29 08:21:46,099 [pool-57-thread-1] INFO  server.RaftServerConfigKeys (ConfUtils.java:logGet(43)) - raft.server.log.statemachine.data.sync = true (default)
2019-08-29 08:21:46,099 [pool-57-thread-1] INFO  server.RaftServerConfigKeys (ConfUtils.java:logGet(43)) - raft.server.log.statemachine.data.sync.timeout = 10s (default)
2019-08-29 08:21:46,099 [pool-57-thread-1] INFO  server.RaftServerConfigKeys (ConfUtils.java:logGet(43)) - raft.server.log.statemachine.data.sync.timeout.retry = -1 (default)
2019-08-29 08:21:46,099 [pool-57-thread-1] INFO  server.RaftServerConfigKeys (ConfUtils.java:logGet(43)) - raft.server.log.statemachine.data.caching.enabled = true (custom)
2019-08-29 08:21:46,108 [pool-57-thread-1] INFO  segmented.SegmentedRaftLogWorker (SegmentedRaftLogWorker.java:lambda$new$0(132)) - 98bb5522-a779-467f-a71e-3d66cbe7d5c3-SegmentedRaftLogWorker:Storage Directory /workdir/hadoop-ozone/integration-test/target/test-dir/MiniOzoneClusterImpl-ab0df1f0-a3d6-4d90-a98d-535794749ce9/datanode-3/data/ratis/1bad1a8e-8132-4863-a103-89e6a58018fb: flushIndex: setUnconditionally 0 -> -1
2019-08-29 08:21:46,108 [pool-57-thread-1] INFO  server.RaftServerConfigKeys (ConfUtils.java:logGet(43)) - raft.server.snapshot.auto.trigger.enabled = true (custom)
2019-08-29 08:21:46,108 [pool-57-thread-1] INFO  server.RaftServerConfigKeys (ConfUtils.java:logGet(43)) - raft.server.snapshot.auto.trigger.threshold = 10000 (custom)
2019-08-29 08:21:46,108 [pool-57-thread-1] INFO  server.RaftServerConfigKeys (ConfUtils.java:logGet(43)) - raft.server.retrycache.expirytime = 600000ms (custom)
2019-08-29 08:21:46,109 [pool-57-thread-1] INFO  impl.RaftServerImpl (RaftServerImpl.java:start(180)) - 98bb5522-a779-467f-a71e-3d66cbe7d5c3: start group-89E6A58018FB
2019-08-29 08:21:46,109 [pool-57-thread-1] INFO  impl.RaftServerImpl (RaftServerImpl.java:setRole(171)) - 98bb5522-a779-467f-a71e-3d66cbe7d5c3:group-89E6A58018FB changes role from null to FOLLOWER at term 0 for startAsFollower
2019-08-29 08:21:46,109 [pool-57-thread-1] INFO  impl.RoleInfo (RoleInfo.java:updateAndGet(143)) - 98bb5522-a779-467f-a71e-3d66cbe7d5c3: start FollowerState
2019-08-29 08:21:46,109 [pool-57-thread-1] INFO  util.JmxRegister (JmxRegister.java:tryRegister(44)) - Successfully registered JMX Bean with object name Ratis:service=RaftServer,group=group-89E6A58018FB,id=98bb5522-a779-467f-a71e-3d66cbe7d5c3
2019-08-29 08:21:46,122 [RatisPipelineUtilsThread] INFO  pipeline.PipelineStateManager (PipelineStateManager.java:addPipeline(56)) - Created pipeline Pipeline[ Id: 1bad1a8e-8132-4863-a103-89e6a58018fb, Nodes: 98bb5522-a779-467f-a71e-3d66cbe7d5c3{ip: 192.168.5.176, host: pr-hdds-1909-44d2n-1519487446, networkLocation: /default-rack, certSerialId: null}, Type:RATIS, Factor:ONE, State:OPEN]
2019-08-29 08:21:46,141 [grpc-default-executor-0] INFO  impl.RaftServerProxy (RaftServerProxy.java:addNew(89)) - 5b56fd10-665b-4a03-90fc-42cf6e7ef5f6: addNew group-D72C42C83A90:[5b56fd10-665b-4a03-90fc-42cf6e7ef5f6:192.168.5.176:44608] returns group-D72C42C83A90:java.util.concurrent.CompletableFuture@76793ee7[Not completed]
2019-08-29 08:21:46,145 [pool-87-thread-1] INFO  impl.RaftServerImpl (RaftServerImpl.java:<init>(93)) - 5b56fd10-665b-4a03-90fc-42cf6e7ef5f6: new RaftServerImpl for group-D72C42C83A90:[5b56fd10-665b-4a03-90fc-42cf6e7ef5f6:192.168.5.176:44608] with ContainerStateMachine:uninitialized
2019-08-29 08:21:46,146 [pool-87-thread-1] INFO  server.RaftServerConfigKeys (ConfUtils.java:logGet(43)) - raft.server.rpc.timeout.min = 5s (custom)
2019-08-29 08:21:46,146 [pool-87-thread-1] INFO  server.RaftServerConfigKeys (ConfUtils.java:logGet(43)) - raft.server.rpc.timeout.max = 5200ms (custom)
2019-08-29 08:21:46,146 [pool-87-thread-1] INFO  server.RaftServerConfigKeys (ConfUtils.java:logGet(43)) - raft.server.rpcslowness.timeout = 120s (custom)
2019-08-29 08:21:46,146 [pool-87-thread-1] INFO  server.RaftServerConfigKeys (ConfUtils.java:logGet(43)) - raft.server.sleep.deviation.threshold = 300 (default)
2019-08-29 08:21:46,146 [pool-87-thread-1] INFO  server.RaftServerConfigKeys (ConfUtils.java:logGet(43)) - raft.server.log.appender.install.snapshot.enabled = false (custom)
2019-08-29 08:21:46,146 [pool-87-thread-1] INFO  impl.RaftServerImpl (ServerState.java:<init>(105)) - 5b56fd10-665b-4a03-90fc-42cf6e7ef5f6:group-D72C42C83A90 ConfigurationManager, init=-1: [5b56fd10-665b-4a03-90fc-42cf6e7ef5f6:192.168.5.176:44608], old=null, confs=<EMPTY_MAP>
2019-08-29 08:21:46,146 [pool-87-thread-1] INFO  server.RaftServerConfigKeys (ConfUtils.java:logGet(43)) - raft.server.storage.dir = [/workdir/hadoop-ozone/integration-test/target/test-dir/MiniOzoneClusterImpl-ab0df1f0-a3d6-4d90-a98d-535794749ce9/datanode-6/data/ratis] (custom)
2019-08-29 08:21:46,147 [pool-87-thread-1] INFO  storage.RaftStorageDirectory (RaftStorageDirectory.java:analyzeStorage(246)) - The storage directory /workdir/hadoop-ozone/integration-test/target/test-dir/MiniOzoneClusterImpl-ab0df1f0-a3d6-4d90-a98d-535794749ce9/datanode-6/data/ratis/9a905605-37b3-4e25-bb1e-d72c42c83a90 does not exist. Creating ...
2019-08-29 08:21:46,226 [pool-87-thread-1] INFO  storage.RaftStorageDirectory (RaftStorageDirectory.java:tryLock(328)) - Lock on /workdir/hadoop-ozone/integration-test/target/test-dir/MiniOzoneClusterImpl-ab0df1f0-a3d6-4d90-a98d-535794749ce9/datanode-6/data/ratis/9a905605-37b3-4e25-bb1e-d72c42c83a90/in_use.lock acquired by nodename 29661@pr-hdds-1909-44d2n-1519487446
2019-08-29 08:21:46,240 [pool-87-thread-1] INFO  storage.RaftStorage (RaftStorage.java:format(72)) - Storage directory /workdir/hadoop-ozone/integration-test/target/test-dir/MiniOzoneClusterImpl-ab0df1f0-a3d6-4d90-a98d-535794749ce9/datanode-6/data/ratis/9a905605-37b3-4e25-bb1e-d72c42c83a90 has been successfully formatted.
2019-08-29 08:21:46,240 [pool-87-thread-1] INFO  ratis.ContainerStateMachine (ContainerStateMachine.java:loadSnapshot(227)) - group-D72C42C83A90: The snapshot info is null. Setting the last applied indexto:(t:0, i:~)
2019-08-29 08:21:46,240 [pool-87-thread-1] INFO  server.RaftServerConfigKeys (ConfUtils.java:logGet(43)) - raft.server.leader.election.timeout = 120s (custom)
2019-08-29 08:21:46,240 [pool-87-thread-1] INFO  server.RaftServerConfigKeys (ConfUtils.java:logGet(43)) - raft.server.log.use.memory = false (default)
2019-08-29 08:21:46,241 [pool-87-thread-1] INFO  server.RaftServerConfigKeys (ConfUtils.java:logGet(43)) - raft.server.log.purge.gap = 1000000 (custom)
2019-08-29 08:21:46,241 [pool-87-thread-1] INFO  server.RaftServerConfigKeys (ConfUtils.java:logGet(43)) - raft.server.log.appender.buffer.byte-limit = 33554432 (custom)
2019-08-29 08:21:46,241 [pool-87-thread-1] INFO  server.RaftServerConfigKeys (ConfUtils.java:logGet(43)) - raft.server.log.segment.size.max = 1048576 (custom)
2019-08-29 08:21:46,241 [pool-87-thread-1] INFO  server.RaftServerConfigKeys (ConfUtils.java:logGet(43)) - raft.server.log.segment.cache.num.max = 2 (custom)
2019-08-29 08:21:46,241 [pool-87-thread-1] INFO  segmented.SegmentedRaftLogWorker (SegmentedRaftLogWorker.java:<init>(172)) - new 5b56fd10-665b-4a03-90fc-42cf6e7ef5f6-SegmentedRaftLogWorker:Storage Directory /workdir/hadoop-ozone/integration-test/target/test-dir/MiniOzoneClusterImpl-ab0df1f0-a3d6-4d90-a98d-535794749ce9/datanode-6/data/ratis/9a905605-37b3-4e25-bb1e-d72c42c83a90 for RaftStorage:Storage Directory /workdir/hadoop-ozone/integration-test/target/test-dir/MiniOzoneClusterImpl-ab0df1f0-a3d6-4d90-a98d-535794749ce9/datanode-6/data/ratis/9a905605-37b3-4e25-bb1e-d72c42c83a90
2019-08-29 08:21:46,241 [pool-87-thread-1] INFO  server.RaftServerConfigKeys (ConfUtils.java:logGet(43)) - raft.server.log.queue.byte-limit = 2147483647 (custom)
2019-08-29 08:21:46,241 [pool-87-thread-1] INFO  server.RaftServerConfigKeys (ConfUtils.java:logGet(43)) - raft.server.log.queue.element-limit = 1024 (custom)
2019-08-29 08:21:46,242 [pool-87-thread-1] INFO  server.RaftServerConfigKeys (ConfUtils.java:logGet(43)) - raft.server.log.segment.size.max = 1048576 (custom)
2019-08-29 08:21:46,242 [pool-87-thread-1] INFO  server.RaftServerConfigKeys (ConfUtils.java:logGet(43)) - raft.server.log.preallocated.size = 16384 (custom)
2019-08-29 08:21:46,242 [pool-87-thread-1] INFO  server.RaftServerConfigKeys (ConfUtils.java:logGet(43)) - raft.server.log.write.buffer.size = 33554432 (custom)
2019-08-29 08:21:46,242 [pool-87-thread-1] INFO  server.RaftServerConfigKeys (ConfUtils.java:logGet(43)) - raft.server.log.force.sync.num = 128 (default)
2019-08-29 08:21:46,242 [pool-87-thread-1] INFO  server.RaftServerConfigKeys (ConfUtils.java:logGet(43)) - raft.server.log.statemachine.data.sync = true (default)
2019-08-29 08:21:46,242 [pool-87-thread-1] INFO  server.RaftServerConfigKeys (ConfUtils.java:logGet(43)) - raft.server.log.statemachine.data.sync.timeout = 10s (default)
2019-08-29 08:21:46,242 [pool-87-thread-1] INFO  server.RaftServerConfigKeys (ConfUtils.java:logGet(43)) - raft.server.log.statemachine.data.sync.timeout.retry = -1 (default)
2019-08-29 08:21:46,243 [pool-87-thread-1] INFO  server.RaftServerConfigKeys (ConfUtils.java:logGet(43)) - raft.server.log.statemachine.data.caching.enabled = true (custom)
2019-08-29 08:21:46,243 [pool-87-thread-1] INFO  segmented.SegmentedRaftLogWorker (SegmentedRaftLogWorker.java:lambda$new$0(132)) - 5b56fd10-665b-4a03-90fc-42cf6e7ef5f6-SegmentedRaftLogWorker:Storage Directory /workdir/hadoop-ozone/integration-test/target/test-dir/MiniOzoneClusterImpl-ab0df1f0-a3d6-4d90-a98d-535794749ce9/datanode-6/data/ratis/9a905605-37b3-4e25-bb1e-d72c42c83a90: flushIndex: setUnconditionally 0 -> -1
2019-08-29 08:21:46,243 [pool-87-thread-1] INFO  server.RaftServerConfigKeys (ConfUtils.java:logGet(43)) - raft.server.snapshot.auto.trigger.enabled = true (custom)
2019-08-29 08:21:46,243 [pool-87-thread-1] INFO  server.RaftServerConfigKeys (ConfUtils.java:logGet(43)) - raft.server.snapshot.auto.trigger.threshold = 10000 (custom)
2019-08-29 08:21:46,244 [pool-87-thread-1] INFO  server.RaftServerConfigKeys (ConfUtils.java:logGet(43)) - raft.server.retrycache.expirytime = 600000ms (custom)
2019-08-29 08:21:46,244 [pool-87-thread-1] INFO  impl.RaftServerImpl (RaftServerImpl.java:start(180)) - 5b56fd10-665b-4a03-90fc-42cf6e7ef5f6: start group-D72C42C83A90
2019-08-29 08:21:46,244 [pool-87-thread-1] INFO  impl.RaftServerImpl (RaftServerImpl.java:setRole(171)) - 5b56fd10-665b-4a03-90fc-42cf6e7ef5f6:group-D72C42C83A90 changes role from null to FOLLOWER at term 0 for startAsFollower
2019-08-29 08:21:46,244 [pool-87-thread-1] INFO  impl.RoleInfo (RoleInfo.java:updateAndGet(143)) - 5b56fd10-665b-4a03-90fc-42cf6e7ef5f6: start FollowerState
2019-08-29 08:21:46,244 [pool-87-thread-1] INFO  util.JmxRegister (JmxRegister.java:tryRegister(44)) - Successfully registered JMX Bean with object name Ratis:service=RaftServer,group=group-D72C42C83A90,id=5b56fd10-665b-4a03-90fc-42cf6e7ef5f6
2019-08-29 08:21:46,256 [RatisPipelineUtilsThread] INFO  pipeline.PipelineStateManager (PipelineStateManager.java:addPipeline(56)) - Created pipeline Pipeline[ Id: 9a905605-37b3-4e25-bb1e-d72c42c83a90, Nodes: 5b56fd10-665b-4a03-90fc-42cf6e7ef5f6{ip: 192.168.5.176, host: pr-hdds-1909-44d2n-1519487446, networkLocation: /default-rack, certSerialId: null}, Type:RATIS, Factor:ONE, State:OPEN]
2019-08-29 08:21:46,274 [grpc-default-executor-0] INFO  impl.RaftServerProxy (RaftServerProxy.java:addNew(89)) - 7fd4362d-ab2c-4d65-9042-74517d5987d2: addNew group-D00F62AEC1DE:[7fd4362d-ab2c-4d65-9042-74517d5987d2:192.168.5.176:33357] returns group-D00F62AEC1DE:java.util.concurrent.CompletableFuture@3948b273[Not completed]
2019-08-29 08:21:46,278 [pool-77-thread-1] INFO  impl.RaftServerImpl (RaftServerImpl.java:<init>(93)) - 7fd4362d-ab2c-4d65-9042-74517d5987d2: new RaftServerImpl for group-D00F62AEC1DE:[7fd4362d-ab2c-4d65-9042-74517d5987d2:192.168.5.176:33357] with ContainerStateMachine:uninitialized
2019-08-29 08:21:46,278 [pool-77-thread-1] INFO  server.RaftServerConfigKeys (ConfUtils.java:logGet(43)) - raft.server.rpc.timeout.min = 5s (custom)
2019-08-29 08:21:46,278 [pool-77-thread-1] INFO  server.RaftServerConfigKeys (ConfUtils.java:logGet(43)) - raft.server.rpc.timeout.max = 5200ms (custom)
2019-08-29 08:21:46,278 [pool-77-thread-1] INFO  server.RaftServerConfigKeys (ConfUtils.java:logGet(43)) - raft.server.rpcslowness.timeout = 120s (custom)
2019-08-29 08:21:46,278 [pool-77-thread-1] INFO  server.RaftServerConfigKeys (ConfUtils.java:logGet(43)) - raft.server.sleep.deviation.threshold = 300 (default)
2019-08-29 08:21:46,279 [pool-77-thread-1] INFO  server.RaftServerConfigKeys (ConfUtils.java:logGet(43)) - raft.server.log.appender.install.snapshot.enabled = false (custom)
2019-08-29 08:21:46,279 [pool-77-thread-1] INFO  impl.RaftServerImpl (ServerState.java:<init>(105)) - 7fd4362d-ab2c-4d65-9042-74517d5987d2:group-D00F62AEC1DE ConfigurationManager, init=-1: [7fd4362d-ab2c-4d65-9042-74517d5987d2:192.168.5.176:33357], old=null, confs=<EMPTY_MAP>
2019-08-29 08:21:46,279 [pool-77-thread-1] INFO  server.RaftServerConfigKeys (ConfUtils.java:logGet(43)) - raft.server.storage.dir = [/workdir/hadoop-ozone/integration-test/target/test-dir/MiniOzoneClusterImpl-ab0df1f0-a3d6-4d90-a98d-535794749ce9/datanode-5/data/ratis] (custom)
2019-08-29 08:21:46,279 [pool-77-thread-1] INFO  storage.RaftStorageDirectory (RaftStorageDirectory.java:analyzeStorage(246)) - The storage directory /workdir/hadoop-ozone/integration-test/target/test-dir/MiniOzoneClusterImpl-ab0df1f0-a3d6-4d90-a98d-535794749ce9/datanode-5/data/ratis/d4fe32f7-3116-470d-8a0f-d00f62aec1de does not exist. Creating ...
2019-08-29 08:21:46,286 [pool-77-thread-1] INFO  storage.RaftStorageDirectory (RaftStorageDirectory.java:tryLock(328)) - Lock on /workdir/hadoop-ozone/integration-test/target/test-dir/MiniOzoneClusterImpl-ab0df1f0-a3d6-4d90-a98d-535794749ce9/datanode-5/data/ratis/d4fe32f7-3116-470d-8a0f-d00f62aec1de/in_use.lock acquired by nodename 29661@pr-hdds-1909-44d2n-1519487446
2019-08-29 08:21:46,299 [pool-77-thread-1] INFO  storage.RaftStorage (RaftStorage.java:format(72)) - Storage directory /workdir/hadoop-ozone/integration-test/target/test-dir/MiniOzoneClusterImpl-ab0df1f0-a3d6-4d90-a98d-535794749ce9/datanode-5/data/ratis/d4fe32f7-3116-470d-8a0f-d00f62aec1de has been successfully formatted.
2019-08-29 08:21:46,300 [pool-77-thread-1] INFO  ratis.ContainerStateMachine (ContainerStateMachine.java:loadSnapshot(227)) - group-D00F62AEC1DE: The snapshot info is null. Setting the last applied indexto:(t:0, i:~)
2019-08-29 08:21:46,300 [pool-77-thread-1] INFO  server.RaftServerConfigKeys (ConfUtils.java:logGet(43)) - raft.server.leader.election.timeout = 120s (custom)
2019-08-29 08:21:46,300 [pool-77-thread-1] INFO  server.RaftServerConfigKeys (ConfUtils.java:logGet(43)) - raft.server.log.use.memory = false (default)
2019-08-29 08:21:46,300 [pool-77-thread-1] INFO  server.RaftServerConfigKeys (ConfUtils.java:logGet(43)) - raft.server.log.purge.gap = 1000000 (custom)
2019-08-29 08:21:46,300 [pool-77-thread-1] INFO  server.RaftServerConfigKeys (ConfUtils.java:logGet(43)) - raft.server.log.appender.buffer.byte-limit = 33554432 (custom)
2019-08-29 08:21:46,301 [pool-77-thread-1] INFO  server.RaftServerConfigKeys (ConfUtils.java:logGet(43)) - raft.server.log.segment.size.max = 1048576 (custom)
2019-08-29 08:21:46,301 [pool-77-thread-1] INFO  server.RaftServerConfigKeys (ConfUtils.java:logGet(43)) - raft.server.log.segment.cache.num.max = 2 (custom)
2019-08-29 08:21:46,301 [pool-77-thread-1] INFO  segmented.SegmentedRaftLogWorker (SegmentedRaftLogWorker.java:<init>(172)) - new 7fd4362d-ab2c-4d65-9042-74517d5987d2-SegmentedRaftLogWorker:Storage Directory /workdir/hadoop-ozone/integration-test/target/test-dir/MiniOzoneClusterImpl-ab0df1f0-a3d6-4d90-a98d-535794749ce9/datanode-5/data/ratis/d4fe32f7-3116-470d-8a0f-d00f62aec1de for RaftStorage:Storage Directory /workdir/hadoop-ozone/integration-test/target/test-dir/MiniOzoneClusterImpl-ab0df1f0-a3d6-4d90-a98d-535794749ce9/datanode-5/data/ratis/d4fe32f7-3116-470d-8a0f-d00f62aec1de
2019-08-29 08:21:46,301 [pool-77-thread-1] INFO  server.RaftServerConfigKeys (ConfUtils.java:logGet(43)) - raft.server.log.queue.byte-limit = 2147483647 (custom)
2019-08-29 08:21:46,301 [pool-77-thread-1] INFO  server.RaftServerConfigKeys (ConfUtils.java:logGet(43)) - raft.server.log.queue.element-limit = 1024 (custom)
2019-08-29 08:21:46,301 [pool-77-thread-1] INFO  server.RaftServerConfigKeys (ConfUtils.java:logGet(43)) - raft.server.log.segment.size.max = 1048576 (custom)
2019-08-29 08:21:46,302 [pool-77-thread-1] INFO  server.RaftServerConfigKeys (ConfUtils.java:logGet(43)) - raft.server.log.preallocated.size = 16384 (custom)
2019-08-29 08:21:46,302 [pool-77-thread-1] INFO  server.RaftServerConfigKeys (ConfUtils.java:logGet(43)) - raft.server.log.write.buffer.size = 33554432 (custom)
2019-08-29 08:21:46,302 [pool-77-thread-1] INFO  server.RaftServerConfigKeys (ConfUtils.java:logGet(43)) - raft.server.log.force.sync.num = 128 (default)
2019-08-29 08:21:46,302 [pool-77-thread-1] INFO  server.RaftServerConfigKeys (ConfUtils.java:logGet(43)) - raft.server.log.statemachine.data.sync = true (default)
2019-08-29 08:21:46,302 [pool-77-thread-1] INFO  server.RaftServerConfigKeys (ConfUtils.java:logGet(43)) - raft.server.log.statemachine.data.sync.timeout = 10s (default)
2019-08-29 08:21:46,302 [pool-77-thread-1] INFO  server.RaftServerConfigKeys (ConfUtils.java:logGet(43)) - raft.server.log.statemachine.data.sync.timeout.retry = -1 (default)
2019-08-29 08:21:46,303 [pool-77-thread-1] INFO  server.RaftServerConfigKeys (ConfUtils.java:logGet(43)) - raft.server.log.statemachine.data.caching.enabled = true (custom)
2019-08-29 08:21:46,303 [pool-77-thread-1] INFO  segmented.SegmentedRaftLogWorker (SegmentedRaftLogWorker.java:lambda$new$0(132)) - 7fd4362d-ab2c-4d65-9042-74517d5987d2-SegmentedRaftLogWorker:Storage Directory /workdir/hadoop-ozone/integration-test/target/test-dir/MiniOzoneClusterImpl-ab0df1f0-a3d6-4d90-a98d-535794749ce9/datanode-5/data/ratis/d4fe32f7-3116-470d-8a0f-d00f62aec1de: flushIndex: setUnconditionally 0 -> -1
2019-08-29 08:21:46,303 [pool-77-thread-1] INFO  server.RaftServerConfigKeys (ConfUtils.java:logGet(43)) - raft.server.snapshot.auto.trigger.enabled = true (custom)
2019-08-29 08:21:46,303 [pool-77-thread-1] INFO  server.RaftServerConfigKeys (ConfUtils.java:logGet(43)) - raft.server.snapshot.auto.trigger.threshold = 10000 (custom)
2019-08-29 08:21:46,303 [pool-77-thread-1] INFO  server.RaftServerConfigKeys (ConfUtils.java:logGet(43)) - raft.server.retrycache.expirytime = 600000ms (custom)
2019-08-29 08:21:46,304 [pool-77-thread-1] INFO  impl.RaftServerImpl (RaftServerImpl.java:start(180)) - 7fd4362d-ab2c-4d65-9042-74517d5987d2: start group-D00F62AEC1DE
2019-08-29 08:21:46,304 [pool-77-thread-1] INFO  impl.RaftServerImpl (RaftServerImpl.java:setRole(171)) - 7fd4362d-ab2c-4d65-9042-74517d5987d2:group-D00F62AEC1DE changes role from null to FOLLOWER at term 0 for startAsFollower
2019-08-29 08:21:46,304 [pool-77-thread-1] INFO  impl.RoleInfo (RoleInfo.java:updateAndGet(143)) - 7fd4362d-ab2c-4d65-9042-74517d5987d2: start FollowerState
2019-08-29 08:21:46,304 [pool-77-thread-1] INFO  util.JmxRegister (JmxRegister.java:tryRegister(44)) - Successfully registered JMX Bean with object name Ratis:service=RaftServer,group=group-D00F62AEC1DE,id=7fd4362d-ab2c-4d65-9042-74517d5987d2
2019-08-29 08:21:46,319 [RatisPipelineUtilsThread] INFO  pipeline.PipelineStateManager (PipelineStateManager.java:addPipeline(56)) - Created pipeline Pipeline[ Id: d4fe32f7-3116-470d-8a0f-d00f62aec1de, Nodes: 7fd4362d-ab2c-4d65-9042-74517d5987d2{ip: 192.168.5.176, host: pr-hdds-1909-44d2n-1519487446, networkLocation: /default-rack, certSerialId: null}, Type:RATIS, Factor:ONE, State:OPEN]
2019-08-29 08:21:46,339 [grpc-default-executor-0] INFO  impl.RaftServerProxy (RaftServerProxy.java:addNew(89)) - 67c35969-00c1-40e5-9eeb-9a2f6a2b337c: addNew group-C7E9D55E67C1:[67c35969-00c1-40e5-9eeb-9a2f6a2b337c:192.168.5.176:43496] returns group-C7E9D55E67C1:java.util.concurrent.CompletableFuture@4dea465e[Not completed]
2019-08-29 08:21:46,342 [pool-47-thread-1] INFO  impl.RaftServerImpl (RaftServerImpl.java:<init>(93)) - 67c35969-00c1-40e5-9eeb-9a2f6a2b337c: new RaftServerImpl for group-C7E9D55E67C1:[67c35969-00c1-40e5-9eeb-9a2f6a2b337c:192.168.5.176:43496] with ContainerStateMachine:uninitialized
2019-08-29 08:21:46,342 [pool-47-thread-1] INFO  server.RaftServerConfigKeys (ConfUtils.java:logGet(43)) - raft.server.rpc.timeout.min = 5s (custom)
2019-08-29 08:21:46,342 [pool-47-thread-1] INFO  server.RaftServerConfigKeys (ConfUtils.java:logGet(43)) - raft.server.rpc.timeout.max = 5200ms (custom)
2019-08-29 08:21:46,342 [pool-47-thread-1] INFO  server.RaftServerConfigKeys (ConfUtils.java:logGet(43)) - raft.server.rpcslowness.timeout = 120s (custom)
2019-08-29 08:21:46,342 [pool-47-thread-1] INFO  server.RaftServerConfigKeys (ConfUtils.java:logGet(43)) - raft.server.sleep.deviation.threshold = 300 (default)
2019-08-29 08:21:46,343 [pool-47-thread-1] INFO  server.RaftServerConfigKeys (ConfUtils.java:logGet(43)) - raft.server.log.appender.install.snapshot.enabled = false (custom)
2019-08-29 08:21:46,343 [pool-47-thread-1] INFO  impl.RaftServerImpl (ServerState.java:<init>(105)) - 67c35969-00c1-40e5-9eeb-9a2f6a2b337c:group-C7E9D55E67C1 ConfigurationManager, init=-1: [67c35969-00c1-40e5-9eeb-9a2f6a2b337c:192.168.5.176:43496], old=null, confs=<EMPTY_MAP>
2019-08-29 08:21:46,343 [pool-47-thread-1] INFO  server.RaftServerConfigKeys (ConfUtils.java:logGet(43)) - raft.server.storage.dir = [/workdir/hadoop-ozone/integration-test/target/test-dir/MiniOzoneClusterImpl-ab0df1f0-a3d6-4d90-a98d-535794749ce9/datanode-2/data/ratis] (custom)
2019-08-29 08:21:46,343 [pool-47-thread-1] INFO  storage.RaftStorageDirectory (RaftStorageDirectory.java:analyzeStorage(246)) - The storage directory /workdir/hadoop-ozone/integration-test/target/test-dir/MiniOzoneClusterImpl-ab0df1f0-a3d6-4d90-a98d-535794749ce9/datanode-2/data/ratis/5b94ab9c-2416-47cb-a828-c7e9d55e67c1 does not exist. Creating ...
2019-08-29 08:21:46,403 [pool-47-thread-1] INFO  storage.RaftStorageDirectory (RaftStorageDirectory.java:tryLock(328)) - Lock on /workdir/hadoop-ozone/integration-test/target/test-dir/MiniOzoneClusterImpl-ab0df1f0-a3d6-4d90-a98d-535794749ce9/datanode-2/data/ratis/5b94ab9c-2416-47cb-a828-c7e9d55e67c1/in_use.lock acquired by nodename 29661@pr-hdds-1909-44d2n-1519487446
2019-08-29 08:21:46,418 [pool-47-thread-1] INFO  storage.RaftStorage (RaftStorage.java:format(72)) - Storage directory /workdir/hadoop-ozone/integration-test/target/test-dir/MiniOzoneClusterImpl-ab0df1f0-a3d6-4d90-a98d-535794749ce9/datanode-2/data/ratis/5b94ab9c-2416-47cb-a828-c7e9d55e67c1 has been successfully formatted.
2019-08-29 08:21:46,419 [pool-47-thread-1] INFO  ratis.ContainerStateMachine (ContainerStateMachine.java:loadSnapshot(227)) - group-C7E9D55E67C1: The snapshot info is null. Setting the last applied indexto:(t:0, i:~)
2019-08-29 08:21:46,419 [pool-47-thread-1] INFO  server.RaftServerConfigKeys (ConfUtils.java:logGet(43)) - raft.server.leader.election.timeout = 120s (custom)
2019-08-29 08:21:46,420 [pool-47-thread-1] INFO  server.RaftServerConfigKeys (ConfUtils.java:logGet(43)) - raft.server.log.use.memory = false (default)
2019-08-29 08:21:46,420 [pool-47-thread-1] INFO  server.RaftServerConfigKeys (ConfUtils.java:logGet(43)) - raft.server.log.purge.gap = 1000000 (custom)
2019-08-29 08:21:46,420 [pool-47-thread-1] INFO  server.RaftServerConfigKeys (ConfUtils.java:logGet(43)) - raft.server.log.appender.buffer.byte-limit = 33554432 (custom)
2019-08-29 08:21:46,420 [pool-47-thread-1] INFO  server.RaftServerConfigKeys (ConfUtils.java:logGet(43)) - raft.server.log.segment.size.max = 1048576 (custom)
2019-08-29 08:21:46,420 [pool-47-thread-1] INFO  server.RaftServerConfigKeys (ConfUtils.java:logGet(43)) - raft.server.log.segment.cache.num.max = 2 (custom)
2019-08-29 08:21:46,421 [pool-47-thread-1] INFO  segmented.SegmentedRaftLogWorker (SegmentedRaftLogWorker.java:<init>(172)) - new 67c35969-00c1-40e5-9eeb-9a2f6a2b337c-SegmentedRaftLogWorker:Storage Directory /workdir/hadoop-ozone/integration-test/target/test-dir/MiniOzoneClusterImpl-ab0df1f0-a3d6-4d90-a98d-535794749ce9/datanode-2/data/ratis/5b94ab9c-2416-47cb-a828-c7e9d55e67c1 for RaftStorage:Storage Directory /workdir/hadoop-ozone/integration-test/target/test-dir/MiniOzoneClusterImpl-ab0df1f0-a3d6-4d90-a98d-535794749ce9/datanode-2/data/ratis/5b94ab9c-2416-47cb-a828-c7e9d55e67c1
2019-08-29 08:21:46,421 [pool-47-thread-1] INFO  server.RaftServerConfigKeys (ConfUtils.java:logGet(43)) - raft.server.log.queue.byte-limit = 2147483647 (custom)
2019-08-29 08:21:46,421 [pool-47-thread-1] INFO  server.RaftServerConfigKeys (ConfUtils.java:logGet(43)) - raft.server.log.queue.element-limit = 1024 (custom)
2019-08-29 08:21:46,421 [pool-47-thread-1] INFO  server.RaftServerConfigKeys (ConfUtils.java:logGet(43)) - raft.server.log.segment.size.max = 1048576 (custom)
2019-08-29 08:21:46,421 [pool-47-thread-1] INFO  server.RaftServerConfigKeys (ConfUtils.java:logGet(43)) - raft.server.log.preallocated.size = 16384 (custom)
2019-08-29 08:21:46,422 [pool-47-thread-1] INFO  server.RaftServerConfigKeys (ConfUtils.java:logGet(43)) - raft.server.log.write.buffer.size = 33554432 (custom)
2019-08-29 08:21:46,422 [pool-47-thread-1] INFO  server.RaftServerConfigKeys (ConfUtils.java:logGet(43)) - raft.server.log.force.sync.num = 128 (default)
2019-08-29 08:21:46,422 [pool-47-thread-1] INFO  server.RaftServerConfigKeys (ConfUtils.java:logGet(43)) - raft.server.log.statemachine.data.sync = true (default)
2019-08-29 08:21:46,422 [pool-47-thread-1] INFO  server.RaftServerConfigKeys (ConfUtils.java:logGet(43)) - raft.server.log.statemachine.data.sync.timeout = 10s (default)
2019-08-29 08:21:46,422 [pool-47-thread-1] INFO  server.RaftServerConfigKeys (ConfUtils.java:logGet(43)) - raft.server.log.statemachine.data.sync.timeout.retry = -1 (default)
2019-08-29 08:21:46,423 [pool-47-thread-1] INFO  server.RaftServerConfigKeys (ConfUtils.java:logGet(43)) - raft.server.log.statemachine.data.caching.enabled = true (custom)
2019-08-29 08:21:46,430 [pool-47-thread-1] INFO  segmented.SegmentedRaftLogWorker (SegmentedRaftLogWorker.java:lambda$new$0(132)) - 67c35969-00c1-40e5-9eeb-9a2f6a2b337c-SegmentedRaftLogWorker:Storage Directory /workdir/hadoop-ozone/integration-test/target/test-dir/MiniOzoneClusterImpl-ab0df1f0-a3d6-4d90-a98d-535794749ce9/datanode-2/data/ratis/5b94ab9c-2416-47cb-a828-c7e9d55e67c1: flushIndex: setUnconditionally 0 -> -1
2019-08-29 08:21:46,431 [pool-47-thread-1] INFO  server.RaftServerConfigKeys (ConfUtils.java:logGet(43)) - raft.server.snapshot.auto.trigger.enabled = true (custom)
2019-08-29 08:21:46,431 [pool-47-thread-1] INFO  server.RaftServerConfigKeys (ConfUtils.java:logGet(43)) - raft.server.snapshot.auto.trigger.threshold = 10000 (custom)
2019-08-29 08:21:46,431 [pool-47-thread-1] INFO  server.RaftServerConfigKeys (ConfUtils.java:logGet(43)) - raft.server.retrycache.expirytime = 600000ms (custom)
2019-08-29 08:21:46,432 [pool-47-thread-1] INFO  impl.RaftServerImpl (RaftServerImpl.java:start(180)) - 67c35969-00c1-40e5-9eeb-9a2f6a2b337c: start group-C7E9D55E67C1
2019-08-29 08:21:46,432 [pool-47-thread-1] INFO  impl.RaftServerImpl (RaftServerImpl.java:setRole(171)) - 67c35969-00c1-40e5-9eeb-9a2f6a2b337c:group-C7E9D55E67C1 changes role from null to FOLLOWER at term 0 for startAsFollower
2019-08-29 08:21:46,432 [pool-47-thread-1] INFO  impl.RoleInfo (RoleInfo.java:updateAndGet(143)) - 67c35969-00c1-40e5-9eeb-9a2f6a2b337c: start FollowerState
2019-08-29 08:21:46,433 [pool-47-thread-1] INFO  util.JmxRegister (JmxRegister.java:tryRegister(44)) - Successfully registered JMX Bean with object name Ratis:service=RaftServer,group=group-C7E9D55E67C1,id=67c35969-00c1-40e5-9eeb-9a2f6a2b337c
2019-08-29 08:21:46,444 [RatisPipelineUtilsThread] INFO  pipeline.PipelineStateManager (PipelineStateManager.java:addPipeline(56)) - Created pipeline Pipeline[ Id: 5b94ab9c-2416-47cb-a828-c7e9d55e67c1, Nodes: 67c35969-00c1-40e5-9eeb-9a2f6a2b337c{ip: 192.168.5.176, host: pr-hdds-1909-44d2n-1519487446, networkLocation: /default-rack, certSerialId: null}, Type:RATIS, Factor:ONE, State:OPEN]
2019-08-29 08:21:46,452 [main] INFO  ozone.MiniOzoneClusterImpl (MiniOzoneClusterImpl.java:lambda$waitForClusterToBeReady$0(140)) - Cluster is ready. Got 7 of 7 DN Heartbeats.
2019-08-29 08:21:46,460 [grpc-default-executor-0] INFO  impl.RaftServerProxy (RaftServerProxy.java:addNew(89)) - 8944090c-39c7-48a8-859f-48289bd7a1e9: addNew group-E4E5B471DCC9:[8944090c-39c7-48a8-859f-48289bd7a1e9:192.168.5.176:40227] returns group-E4E5B471DCC9:java.util.concurrent.CompletableFuture@33d0744d[Not completed]
2019-08-29 08:21:46,464 [pool-37-thread-1] INFO  impl.RaftServerImpl (RaftServerImpl.java:<init>(93)) - 8944090c-39c7-48a8-859f-48289bd7a1e9: new RaftServerImpl for group-E4E5B471DCC9:[8944090c-39c7-48a8-859f-48289bd7a1e9:192.168.5.176:40227] with ContainerStateMachine:uninitialized
2019-08-29 08:21:46,465 [pool-37-thread-1] INFO  server.RaftServerConfigKeys (ConfUtils.java:logGet(43)) - raft.server.rpc.timeout.min = 5s (custom)
2019-08-29 08:21:46,465 [pool-37-thread-1] INFO  server.RaftServerConfigKeys (ConfUtils.java:logGet(43)) - raft.server.rpc.timeout.max = 5200ms (custom)
2019-08-29 08:21:46,465 [pool-37-thread-1] INFO  server.RaftServerConfigKeys (ConfUtils.java:logGet(43)) - raft.server.rpcslowness.timeout = 120s (custom)
2019-08-29 08:21:46,465 [pool-37-thread-1] INFO  server.RaftServerConfigKeys (ConfUtils.java:logGet(43)) - raft.server.sleep.deviation.threshold = 300 (default)
2019-08-29 08:21:46,465 [pool-37-thread-1] INFO  server.RaftServerConfigKeys (ConfUtils.java:logGet(43)) - raft.server.log.appender.install.snapshot.enabled = false (custom)
2019-08-29 08:21:46,465 [pool-37-thread-1] INFO  impl.RaftServerImpl (ServerState.java:<init>(105)) - 8944090c-39c7-48a8-859f-48289bd7a1e9:group-E4E5B471DCC9 ConfigurationManager, init=-1: [8944090c-39c7-48a8-859f-48289bd7a1e9:192.168.5.176:40227], old=null, confs=<EMPTY_MAP>
2019-08-29 08:21:46,466 [pool-37-thread-1] INFO  server.RaftServerConfigKeys (ConfUtils.java:logGet(43)) - raft.server.storage.dir = [/workdir/hadoop-ozone/integration-test/target/test-dir/MiniOzoneClusterImpl-ab0df1f0-a3d6-4d90-a98d-535794749ce9/datanode-1/data/ratis] (custom)
2019-08-29 08:21:46,466 [pool-37-thread-1] INFO  storage.RaftStorageDirectory (RaftStorageDirectory.java:analyzeStorage(246)) - The storage directory /workdir/hadoop-ozone/integration-test/target/test-dir/MiniOzoneClusterImpl-ab0df1f0-a3d6-4d90-a98d-535794749ce9/datanode-1/data/ratis/03c83e23-9916-457a-94e5-e4e5b471dcc9 does not exist. Creating ...
2019-08-29 08:21:46,957 [main] INFO  rpc.RpcClient (RpcClient.java:createVolume(293)) - Creating Volume: testblockoutputstream, with jenkins1000 as owner.
2019-08-29 08:21:46,983 | INFO  | OMAudit | user=jenkins1000 | ip=127.0.0.1 | op=CREATE_VOLUME {admin=jenkins1000, owner=jenkins1000, volume=testblockoutputstream, creationTime=1567066906968, quotaInBytes=1152921504606846976} | ret=SUCCESS |  
2019-08-29 08:21:46,985 [IPC Server handler 4 on 34271] INFO  volume.OMVolumeCreateRequest (OMVolumeCreateRequest.java:validateAndUpdateCache(189)) - created volume:testblockoutputstream for user:jenkins1000
2019-08-29 08:21:47,047 | INFO  | SCMAudit | user=jenkins1000 | ip=192.168.5.176 | op=SEND_HEARTBEAT {datanodeUUID=4e7efcb5-917e-488d-886e-16c99a39ab6f, command=[]} | ret=SUCCESS |  
2019-08-29 08:21:47,113 | INFO  | SCMAudit | user=jenkins1000 | ip=192.168.5.176 | op=SEND_HEARTBEAT {datanodeUUID=8944090c-39c7-48a8-859f-48289bd7a1e9, command=[]} | ret=SUCCESS |  
2019-08-29 08:21:47,178 | INFO  | SCMAudit | user=jenkins1000 | ip=192.168.5.176 | op=SEND_HEARTBEAT {datanodeUUID=67c35969-00c1-40e5-9eeb-9a2f6a2b337c, command=[]} | ret=SUCCESS |  
2019-08-29 08:21:47,246 | INFO  | SCMAudit | user=jenkins1000 | ip=192.168.5.176 | op=SEND_HEARTBEAT {datanodeUUID=98bb5522-a779-467f-a71e-3d66cbe7d5c3, command=[]} | ret=SUCCESS |  
2019-08-29 08:21:47,317 | INFO  | SCMAudit | user=jenkins1000 | ip=192.168.5.176 | op=SEND_HEARTBEAT {datanodeUUID=6932ec02-23cf-49d5-bf63-101b997409d4, command=[]} | ret=SUCCESS |  
2019-08-29 08:21:47,387 | INFO  | SCMAudit | user=jenkins1000 | ip=192.168.5.176 | op=SEND_HEARTBEAT {datanodeUUID=7fd4362d-ab2c-4d65-9042-74517d5987d2, command=[]} | ret=SUCCESS |  
2019-08-29 08:21:47,454 | INFO  | SCMAudit | user=jenkins1000 | ip=192.168.5.176 | op=SEND_HEARTBEAT {datanodeUUID=5b56fd10-665b-4a03-90fc-42cf6e7ef5f6, command=[]} | ret=SUCCESS |  
2019-08-29 08:21:47,663 [pool-37-thread-1] INFO  storage.RaftStorageDirectory (RaftStorageDirectory.java:tryLock(328)) - Lock on /workdir/hadoop-ozone/integration-test/target/test-dir/MiniOzoneClusterImpl-ab0df1f0-a3d6-4d90-a98d-535794749ce9/datanode-1/data/ratis/03c83e23-9916-457a-94e5-e4e5b471dcc9/in_use.lock acquired by nodename 29661@pr-hdds-1909-44d2n-1519487446
2019-08-29 08:21:47,932 | INFO  | OMAudit | user=jenkins1000 | ip=127.0.0.1 | op=READ_VOLUME {volume=testblockoutputstream} | ret=SUCCESS |  
2019-08-29 08:21:47,933 [pool-37-thread-1] INFO  storage.RaftStorage (RaftStorage.java:format(72)) - Storage directory /workdir/hadoop-ozone/integration-test/target/test-dir/MiniOzoneClusterImpl-ab0df1f0-a3d6-4d90-a98d-535794749ce9/datanode-1/data/ratis/03c83e23-9916-457a-94e5-e4e5b471dcc9 has been successfully formatted.
2019-08-29 08:21:47,934 [pool-37-thread-1] INFO  ratis.ContainerStateMachine (ContainerStateMachine.java:loadSnapshot(227)) - group-E4E5B471DCC9: The snapshot info is null. Setting the last applied indexto:(t:0, i:~)
2019-08-29 08:21:47,934 [pool-37-thread-1] INFO  server.RaftServerConfigKeys (ConfUtils.java:logGet(43)) - raft.server.leader.election.timeout = 120s (custom)
2019-08-29 08:21:47,934 [pool-37-thread-1] INFO  server.RaftServerConfigKeys (ConfUtils.java:logGet(43)) - raft.server.log.use.memory = false (default)
2019-08-29 08:21:47,935 [pool-37-thread-1] INFO  server.RaftServerConfigKeys (ConfUtils.java:logGet(43)) - raft.server.log.purge.gap = 1000000 (custom)
2019-08-29 08:21:47,935 [pool-37-thread-1] INFO  server.RaftServerConfigKeys (ConfUtils.java:logGet(43)) - raft.server.log.appender.buffer.byte-limit = 33554432 (custom)
2019-08-29 08:21:47,935 [pool-37-thread-1] INFO  server.RaftServerConfigKeys (ConfUtils.java:logGet(43)) - raft.server.log.segment.size.max = 1048576 (custom)
2019-08-29 08:21:47,935 [pool-37-thread-1] INFO  server.RaftServerConfigKeys (ConfUtils.java:logGet(43)) - raft.server.log.segment.cache.num.max = 2 (custom)
2019-08-29 08:21:47,935 [pool-37-thread-1] INFO  segmented.SegmentedRaftLogWorker (SegmentedRaftLogWorker.java:<init>(172)) - new 8944090c-39c7-48a8-859f-48289bd7a1e9-SegmentedRaftLogWorker:Storage Directory /workdir/hadoop-ozone/integration-test/target/test-dir/MiniOzoneClusterImpl-ab0df1f0-a3d6-4d90-a98d-535794749ce9/datanode-1/data/ratis/03c83e23-9916-457a-94e5-e4e5b471dcc9 for RaftStorage:Storage Directory /workdir/hadoop-ozone/integration-test/target/test-dir/MiniOzoneClusterImpl-ab0df1f0-a3d6-4d90-a98d-535794749ce9/datanode-1/data/ratis/03c83e23-9916-457a-94e5-e4e5b471dcc9
2019-08-29 08:21:47,935 [pool-37-thread-1] INFO  server.RaftServerConfigKeys (ConfUtils.java:logGet(43)) - raft.server.log.queue.byte-limit = 2147483647 (custom)
2019-08-29 08:21:47,936 [pool-37-thread-1] INFO  server.RaftServerConfigKeys (ConfUtils.java:logGet(43)) - raft.server.log.queue.element-limit = 1024 (custom)
2019-08-29 08:21:47,936 [pool-37-thread-1] INFO  server.RaftServerConfigKeys (ConfUtils.java:logGet(43)) - raft.server.log.segment.size.max = 1048576 (custom)
2019-08-29 08:21:47,936 [pool-37-thread-1] INFO  server.RaftServerConfigKeys (ConfUtils.java:logGet(43)) - raft.server.log.preallocated.size = 16384 (custom)
2019-08-29 08:21:47,936 [pool-37-thread-1] INFO  server.RaftServerConfigKeys (ConfUtils.java:logGet(43)) - raft.server.log.write.buffer.size = 33554432 (custom)
2019-08-29 08:21:47,936 [pool-37-thread-1] INFO  server.RaftServerConfigKeys (ConfUtils.java:logGet(43)) - raft.server.log.force.sync.num = 128 (default)
2019-08-29 08:21:47,937 [pool-37-thread-1] INFO  server.RaftServerConfigKeys (ConfUtils.java:logGet(43)) - raft.server.log.statemachine.data.sync = true (default)
2019-08-29 08:21:47,937 [pool-37-thread-1] INFO  server.RaftServerConfigKeys (ConfUtils.java:logGet(43)) - raft.server.log.statemachine.data.sync.timeout = 10s (default)
2019-08-29 08:21:47,937 [pool-37-thread-1] INFO  server.RaftServerConfigKeys (ConfUtils.java:logGet(43)) - raft.server.log.statemachine.data.sync.timeout.retry = -1 (default)
2019-08-29 08:21:47,937 [pool-37-thread-1] INFO  server.RaftServerConfigKeys (ConfUtils.java:logGet(43)) - raft.server.log.statemachine.data.caching.enabled = true (custom)
2019-08-29 08:21:47,938 [main] INFO  rpc.RpcClient (RpcClient.java:createBucket(432)) - Creating Bucket: testblockoutputstream/testblockoutputstream, with Versioning false and Storage Type set to DISK and Encryption set to false 
2019-08-29 08:21:47,938 [pool-37-thread-1] INFO  segmented.SegmentedRaftLogWorker (SegmentedRaftLogWorker.java:lambda$new$0(132)) - 8944090c-39c7-48a8-859f-48289bd7a1e9-SegmentedRaftLogWorker:Storage Directory /workdir/hadoop-ozone/integration-test/target/test-dir/MiniOzoneClusterImpl-ab0df1f0-a3d6-4d90-a98d-535794749ce9/datanode-1/data/ratis/03c83e23-9916-457a-94e5-e4e5b471dcc9: flushIndex: setUnconditionally 0 -> -1
2019-08-29 08:21:47,940 [pool-37-thread-1] INFO  server.RaftServerConfigKeys (ConfUtils.java:logGet(43)) - raft.server.snapshot.auto.trigger.enabled = true (custom)
2019-08-29 08:21:47,940 [pool-37-thread-1] INFO  server.RaftServerConfigKeys (ConfUtils.java:logGet(43)) - raft.server.snapshot.auto.trigger.threshold = 10000 (custom)
2019-08-29 08:21:47,940 [pool-37-thread-1] INFO  server.RaftServerConfigKeys (ConfUtils.java:logGet(43)) - raft.server.retrycache.expirytime = 600000ms (custom)
2019-08-29 08:21:47,941 [pool-37-thread-1] INFO  impl.RaftServerImpl (RaftServerImpl.java:start(180)) - 8944090c-39c7-48a8-859f-48289bd7a1e9: start group-E4E5B471DCC9
2019-08-29 08:21:47,941 [pool-37-thread-1] INFO  impl.RaftServerImpl (RaftServerImpl.java:setRole(171)) - 8944090c-39c7-48a8-859f-48289bd7a1e9:group-E4E5B471DCC9 changes role from null to FOLLOWER at term 0 for startAsFollower
2019-08-29 08:21:47,941 [pool-37-thread-1] INFO  impl.RoleInfo (RoleInfo.java:updateAndGet(143)) - 8944090c-39c7-48a8-859f-48289bd7a1e9: start FollowerState
2019-08-29 08:21:47,941 [pool-37-thread-1] INFO  util.JmxRegister (JmxRegister.java:tryRegister(44)) - Successfully registered JMX Bean with object name Ratis:service=RaftServer,group=group-E4E5B471DCC9,id=8944090c-39c7-48a8-859f-48289bd7a1e9
2019-08-29 08:21:47,961 [RatisPipelineUtilsThread] INFO  pipeline.PipelineStateManager (PipelineStateManager.java:addPipeline(56)) - Created pipeline Pipeline[ Id: 03c83e23-9916-457a-94e5-e4e5b471dcc9, Nodes: 8944090c-39c7-48a8-859f-48289bd7a1e9{ip: 192.168.5.176, host: pr-hdds-1909-44d2n-1519487446, networkLocation: /default-rack, certSerialId: null}, Type:RATIS, Factor:ONE, State:OPEN]
2019-08-29 08:21:47,991 | INFO  | OMAudit | user=jenkins1000 | ip=127.0.0.1 | op=CREATE_BUCKET {volume=testblockoutputstream, bucket=testblockoutputstream, acls=[user:jenkins1000:a[ACCESS], group:default:a[ACCESS]], isVersionEnabled=false, storageType=DISK, creationTime=1567066907964} | ret=SUCCESS |  
2019-08-29 08:21:47,993 [main] INFO  impl.MetricsSystemImpl (MetricsSystemImpl.java:init(158)) - XceiverClientMetrics metrics system started (again)
2019-08-29 08:21:47,997 [grpc-default-executor-2] INFO  impl.RaftServerProxy (RaftServerProxy.java:addNew(89)) - 5b56fd10-665b-4a03-90fc-42cf6e7ef5f6: addNew group-59CA74B7186E:[5b56fd10-665b-4a03-90fc-42cf6e7ef5f6:192.168.5.176:44608, 98bb5522-a779-467f-a71e-3d66cbe7d5c3:192.168.5.176:36329, 6932ec02-23cf-49d5-bf63-101b997409d4:192.168.5.176:37426] returns group-59CA74B7186E:java.util.concurrent.CompletableFuture@326e3820[Not completed]
2019-08-29 08:21:47,997 [grpc-default-executor-0] INFO  impl.RaftServerProxy (RaftServerProxy.java:addNew(89)) - 6932ec02-23cf-49d5-bf63-101b997409d4: addNew group-59CA74B7186E:[5b56fd10-665b-4a03-90fc-42cf6e7ef5f6:192.168.5.176:44608, 98bb5522-a779-467f-a71e-3d66cbe7d5c3:192.168.5.176:36329, 6932ec02-23cf-49d5-bf63-101b997409d4:192.168.5.176:37426] returns group-59CA74B7186E:java.util.concurrent.CompletableFuture@70734f89[Not completed]
2019-08-29 08:21:47,998 [grpc-default-executor-1] INFO  impl.RaftServerProxy (RaftServerProxy.java:addNew(89)) - 98bb5522-a779-467f-a71e-3d66cbe7d5c3: addNew group-59CA74B7186E:[5b56fd10-665b-4a03-90fc-42cf6e7ef5f6:192.168.5.176:44608, 98bb5522-a779-467f-a71e-3d66cbe7d5c3:192.168.5.176:36329, 6932ec02-23cf-49d5-bf63-101b997409d4:192.168.5.176:37426] returns group-59CA74B7186E:java.util.concurrent.CompletableFuture@6811c667[Not completed]
2019-08-29 08:21:47,999 [pool-67-thread-1] INFO  impl.RaftServerImpl (RaftServerImpl.java:<init>(93)) - 6932ec02-23cf-49d5-bf63-101b997409d4: new RaftServerImpl for group-59CA74B7186E:[5b56fd10-665b-4a03-90fc-42cf6e7ef5f6:192.168.5.176:44608, 98bb5522-a779-467f-a71e-3d66cbe7d5c3:192.168.5.176:36329, 6932ec02-23cf-49d5-bf63-101b997409d4:192.168.5.176:37426] with ContainerStateMachine:uninitialized
2019-08-29 08:21:47,999 [pool-67-thread-1] INFO  server.RaftServerConfigKeys (ConfUtils.java:logGet(43)) - raft.server.rpc.timeout.min = 5s (custom)
2019-08-29 08:21:47,999 [pool-67-thread-1] INFO  server.RaftServerConfigKeys (ConfUtils.java:logGet(43)) - raft.server.rpc.timeout.max = 5200ms (custom)
2019-08-29 08:21:47,999 [pool-67-thread-1] INFO  server.RaftServerConfigKeys (ConfUtils.java:logGet(43)) - raft.server.rpcslowness.timeout = 120s (custom)
2019-08-29 08:21:47,999 [pool-67-thread-1] INFO  server.RaftServerConfigKeys (ConfUtils.java:logGet(43)) - raft.server.sleep.deviation.threshold = 300 (default)
2019-08-29 08:21:47,999 [pool-67-thread-1] INFO  server.RaftServerConfigKeys (ConfUtils.java:logGet(43)) - raft.server.log.appender.install.snapshot.enabled = false (custom)
2019-08-29 08:21:48,000 [pool-87-thread-1] INFO  impl.RaftServerImpl (RaftServerImpl.java:<init>(93)) - 5b56fd10-665b-4a03-90fc-42cf6e7ef5f6: new RaftServerImpl for group-59CA74B7186E:[5b56fd10-665b-4a03-90fc-42cf6e7ef5f6:192.168.5.176:44608, 98bb5522-a779-467f-a71e-3d66cbe7d5c3:192.168.5.176:36329, 6932ec02-23cf-49d5-bf63-101b997409d4:192.168.5.176:37426] with ContainerStateMachine:uninitialized
2019-08-29 08:21:48,000 [pool-67-thread-1] INFO  impl.RaftServerImpl (ServerState.java:<init>(105)) - 6932ec02-23cf-49d5-bf63-101b997409d4:group-59CA74B7186E ConfigurationManager, init=-1: [5b56fd10-665b-4a03-90fc-42cf6e7ef5f6:192.168.5.176:44608, 98bb5522-a779-467f-a71e-3d66cbe7d5c3:192.168.5.176:36329, 6932ec02-23cf-49d5-bf63-101b997409d4:192.168.5.176:37426], old=null, confs=<EMPTY_MAP>
2019-08-29 08:21:48,000 [pool-87-thread-1] INFO  server.RaftServerConfigKeys (ConfUtils.java:logGet(43)) - raft.server.rpc.timeout.min = 5s (custom)
2019-08-29 08:21:48,000 [pool-67-thread-1] INFO  server.RaftServerConfigKeys (ConfUtils.java:logGet(43)) - raft.server.storage.dir = [/workdir/hadoop-ozone/integration-test/target/test-dir/MiniOzoneClusterImpl-ab0df1f0-a3d6-4d90-a98d-535794749ce9/datanode-4/data/ratis] (custom)
2019-08-29 08:21:48,000 [pool-87-thread-1] INFO  server.RaftServerConfigKeys (ConfUtils.java:logGet(43)) - raft.server.rpc.timeout.max = 5200ms (custom)
2019-08-29 08:21:48,000 [pool-87-thread-1] INFO  server.RaftServerConfigKeys (ConfUtils.java:logGet(43)) - raft.server.rpcslowness.timeout = 120s (custom)
2019-08-29 08:21:48,000 [pool-87-thread-1] INFO  server.RaftServerConfigKeys (ConfUtils.java:logGet(43)) - raft.server.sleep.deviation.threshold = 300 (default)
2019-08-29 08:21:48,000 [pool-67-thread-1] INFO  storage.RaftStorageDirectory (RaftStorageDirectory.java:analyzeStorage(246)) - The storage directory /workdir/hadoop-ozone/integration-test/target/test-dir/MiniOzoneClusterImpl-ab0df1f0-a3d6-4d90-a98d-535794749ce9/datanode-4/data/ratis/e26ae616-4cf0-44c6-9636-59ca74b7186e does not exist. Creating ...
2019-08-29 08:21:48,000 [pool-87-thread-1] INFO  server.RaftServerConfigKeys (ConfUtils.java:logGet(43)) - raft.server.log.appender.install.snapshot.enabled = false (custom)
2019-08-29 08:21:48,000 [pool-87-thread-1] INFO  impl.RaftServerImpl (ServerState.java:<init>(105)) - 5b56fd10-665b-4a03-90fc-42cf6e7ef5f6:group-59CA74B7186E ConfigurationManager, init=-1: [5b56fd10-665b-4a03-90fc-42cf6e7ef5f6:192.168.5.176:44608, 98bb5522-a779-467f-a71e-3d66cbe7d5c3:192.168.5.176:36329, 6932ec02-23cf-49d5-bf63-101b997409d4:192.168.5.176:37426], old=null, confs=<EMPTY_MAP>
2019-08-29 08:21:48,001 [pool-87-thread-1] INFO  server.RaftServerConfigKeys (ConfUtils.java:logGet(43)) - raft.server.storage.dir = [/workdir/hadoop-ozone/integration-test/target/test-dir/MiniOzoneClusterImpl-ab0df1f0-a3d6-4d90-a98d-535794749ce9/datanode-6/data/ratis] (custom)
2019-08-29 08:21:48,001 [pool-57-thread-1] INFO  impl.RaftServerImpl (RaftServerImpl.java:<init>(93)) - 98bb5522-a779-467f-a71e-3d66cbe7d5c3: new RaftServerImpl for group-59CA74B7186E:[5b56fd10-665b-4a03-90fc-42cf6e7ef5f6:192.168.5.176:44608, 98bb5522-a779-467f-a71e-3d66cbe7d5c3:192.168.5.176:36329, 6932ec02-23cf-49d5-bf63-101b997409d4:192.168.5.176:37426] with ContainerStateMachine:uninitialized
2019-08-29 08:21:48,001 [pool-87-thread-1] INFO  storage.RaftStorageDirectory (RaftStorageDirectory.java:analyzeStorage(246)) - The storage directory /workdir/hadoop-ozone/integration-test/target/test-dir/MiniOzoneClusterImpl-ab0df1f0-a3d6-4d90-a98d-535794749ce9/datanode-6/data/ratis/e26ae616-4cf0-44c6-9636-59ca74b7186e does not exist. Creating ...
2019-08-29 08:21:48,001 [pool-57-thread-1] INFO  server.RaftServerConfigKeys (ConfUtils.java:logGet(43)) - raft.server.rpc.timeout.min = 5s (custom)
2019-08-29 08:21:48,001 [pool-57-thread-1] INFO  server.RaftServerConfigKeys (ConfUtils.java:logGet(43)) - raft.server.rpc.timeout.max = 5200ms (custom)
2019-08-29 08:21:48,001 [pool-57-thread-1] INFO  server.RaftServerConfigKeys (ConfUtils.java:logGet(43)) - raft.server.rpcslowness.timeout = 120s (custom)
2019-08-29 08:21:48,001 [pool-57-thread-1] INFO  server.RaftServerConfigKeys (ConfUtils.java:logGet(43)) - raft.server.sleep.deviation.threshold = 300 (default)
2019-08-29 08:21:48,003 [pool-57-thread-1] INFO  server.RaftServerConfigKeys (ConfUtils.java:logGet(43)) - raft.server.log.appender.install.snapshot.enabled = false (custom)
2019-08-29 08:21:48,003 [pool-57-thread-1] INFO  impl.RaftServerImpl (ServerState.java:<init>(105)) - 98bb5522-a779-467f-a71e-3d66cbe7d5c3:group-59CA74B7186E ConfigurationManager, init=-1: [5b56fd10-665b-4a03-90fc-42cf6e7ef5f6:192.168.5.176:44608, 98bb5522-a779-467f-a71e-3d66cbe7d5c3:192.168.5.176:36329, 6932ec02-23cf-49d5-bf63-101b997409d4:192.168.5.176:37426], old=null, confs=<EMPTY_MAP>
2019-08-29 08:21:48,003 [pool-57-thread-1] INFO  server.RaftServerConfigKeys (ConfUtils.java:logGet(43)) - raft.server.storage.dir = [/workdir/hadoop-ozone/integration-test/target/test-dir/MiniOzoneClusterImpl-ab0df1f0-a3d6-4d90-a98d-535794749ce9/datanode-3/data/ratis] (custom)
2019-08-29 08:21:48,004 [pool-57-thread-1] INFO  storage.RaftStorageDirectory (RaftStorageDirectory.java:analyzeStorage(246)) - The storage directory /workdir/hadoop-ozone/integration-test/target/test-dir/MiniOzoneClusterImpl-ab0df1f0-a3d6-4d90-a98d-535794749ce9/datanode-3/data/ratis/e26ae616-4cf0-44c6-9636-59ca74b7186e does not exist. Creating ...
2019-08-29 08:21:48,004 | INFO  | OMAudit | user=jenkins1000 | ip=127.0.0.1 | op=READ_VOLUME {volume=testblockoutputstream} | ret=SUCCESS |  
2019-08-29 08:21:48,011 | INFO  | OMAudit | user=jenkins1000 | ip=127.0.0.1 | op=READ_BUCKET {volume=testblockoutputstream, bucket=testblockoutputstream} | ret=SUCCESS |  
2019-08-29 08:21:48,030 | INFO  | SCMAudit | user=jenkins1000 | ip=192.168.5.176 | op=SEND_HEARTBEAT {datanodeUUID=4e7efcb5-917e-488d-886e-16c99a39ab6f, command=[]} | ret=SUCCESS |  
2019-08-29 08:21:48,034 [pool-87-thread-1] INFO  storage.RaftStorageDirectory (RaftStorageDirectory.java:tryLock(328)) - Lock on /workdir/hadoop-ozone/integration-test/target/test-dir/MiniOzoneClusterImpl-ab0df1f0-a3d6-4d90-a98d-535794749ce9/datanode-6/data/ratis/e26ae616-4cf0-44c6-9636-59ca74b7186e/in_use.lock acquired by nodename 29661@pr-hdds-1909-44d2n-1519487446
2019-08-29 08:21:48,034 [pool-57-thread-1] INFO  storage.RaftStorageDirectory (RaftStorageDirectory.java:tryLock(328)) - Lock on /workdir/hadoop-ozone/integration-test/target/test-dir/MiniOzoneClusterImpl-ab0df1f0-a3d6-4d90-a98d-535794749ce9/datanode-3/data/ratis/e26ae616-4cf0-44c6-9636-59ca74b7186e/in_use.lock acquired by nodename 29661@pr-hdds-1909-44d2n-1519487446
2019-08-29 08:21:48,034 [pool-67-thread-1] INFO  storage.RaftStorageDirectory (RaftStorageDirectory.java:tryLock(328)) - Lock on /workdir/hadoop-ozone/integration-test/target/test-dir/MiniOzoneClusterImpl-ab0df1f0-a3d6-4d90-a98d-535794749ce9/datanode-4/data/ratis/e26ae616-4cf0-44c6-9636-59ca74b7186e/in_use.lock acquired by nodename 29661@pr-hdds-1909-44d2n-1519487446
2019-08-29 08:21:48,049 [pool-57-thread-1] INFO  storage.RaftStorage (RaftStorage.java:format(72)) - Storage directory /workdir/hadoop-ozone/integration-test/target/test-dir/MiniOzoneClusterImpl-ab0df1f0-a3d6-4d90-a98d-535794749ce9/datanode-3/data/ratis/e26ae616-4cf0-44c6-9636-59ca74b7186e has been successfully formatted.
2019-08-29 08:21:48,049 [pool-67-thread-1] INFO  storage.RaftStorage (RaftStorage.java:format(72)) - Storage directory /workdir/hadoop-ozone/integration-test/target/test-dir/MiniOzoneClusterImpl-ab0df1f0-a3d6-4d90-a98d-535794749ce9/datanode-4/data/ratis/e26ae616-4cf0-44c6-9636-59ca74b7186e has been successfully formatted.
2019-08-29 08:21:48,049 [pool-87-thread-1] INFO  storage.RaftStorage (RaftStorage.java:format(72)) - Storage directory /workdir/hadoop-ozone/integration-test/target/test-dir/MiniOzoneClusterImpl-ab0df1f0-a3d6-4d90-a98d-535794749ce9/datanode-6/data/ratis/e26ae616-4cf0-44c6-9636-59ca74b7186e has been successfully formatted.
2019-08-29 08:21:48,050 [pool-57-thread-1] INFO  ratis.ContainerStateMachine (ContainerStateMachine.java:loadSnapshot(227)) - group-59CA74B7186E: The snapshot info is null. Setting the last applied indexto:(t:0, i:~)
2019-08-29 08:21:48,050 [pool-57-thread-1] INFO  server.RaftServerConfigKeys (ConfUtils.java:logGet(43)) - raft.server.leader.election.timeout = 120s (custom)
2019-08-29 08:21:48,050 [pool-57-thread-1] INFO  server.RaftServerConfigKeys (ConfUtils.java:logGet(43)) - raft.server.log.use.memory = false (default)
2019-08-29 08:21:48,050 [pool-57-thread-1] INFO  server.RaftServerConfigKeys (ConfUtils.java:logGet(43)) - raft.server.log.purge.gap = 1000000 (custom)
2019-08-29 08:21:48,050 [pool-57-thread-1] INFO  server.RaftServerConfigKeys (ConfUtils.java:logGet(43)) - raft.server.log.appender.buffer.byte-limit = 33554432 (custom)
2019-08-29 08:21:48,051 [pool-67-thread-1] INFO  ratis.ContainerStateMachine (ContainerStateMachine.java:loadSnapshot(227)) - group-59CA74B7186E: The snapshot info is null. Setting the last applied indexto:(t:0, i:~)
2019-08-29 08:21:48,051 [pool-57-thread-1] INFO  server.RaftServerConfigKeys (ConfUtils.java:logGet(43)) - raft.server.log.segment.size.max = 1048576 (custom)
2019-08-29 08:21:48,051 [pool-87-thread-1] INFO  ratis.ContainerStateMachine (ContainerStateMachine.java:loadSnapshot(227)) - group-59CA74B7186E: The snapshot info is null. Setting the last applied indexto:(t:0, i:~)
2019-08-29 08:21:48,051 [pool-57-thread-1] INFO  server.RaftServerConfigKeys (ConfUtils.java:logGet(43)) - raft.server.log.segment.cache.num.max = 2 (custom)
2019-08-29 08:21:48,051 [pool-67-thread-1] INFO  server.RaftServerConfigKeys (ConfUtils.java:logGet(43)) - raft.server.leader.election.timeout = 120s (custom)
2019-08-29 08:21:48,051 [pool-57-thread-1] INFO  segmented.SegmentedRaftLogWorker (SegmentedRaftLogWorker.java:<init>(172)) - new 98bb5522-a779-467f-a71e-3d66cbe7d5c3-SegmentedRaftLogWorker:Storage Directory /workdir/hadoop-ozone/integration-test/target/test-dir/MiniOzoneClusterImpl-ab0df1f0-a3d6-4d90-a98d-535794749ce9/datanode-3/data/ratis/e26ae616-4cf0-44c6-9636-59ca74b7186e for RaftStorage:Storage Directory /workdir/hadoop-ozone/integration-test/target/test-dir/MiniOzoneClusterImpl-ab0df1f0-a3d6-4d90-a98d-535794749ce9/datanode-3/data/ratis/e26ae616-4cf0-44c6-9636-59ca74b7186e
2019-08-29 08:21:48,051 [pool-87-thread-1] INFO  server.RaftServerConfigKeys (ConfUtils.java:logGet(43)) - raft.server.leader.election.timeout = 120s (custom)
2019-08-29 08:21:48,051 [pool-57-thread-1] INFO  server.RaftServerConfigKeys (ConfUtils.java:logGet(43)) - raft.server.log.queue.byte-limit = 2147483647 (custom)
2019-08-29 08:21:48,051 [pool-67-thread-1] INFO  server.RaftServerConfigKeys (ConfUtils.java:logGet(43)) - raft.server.log.use.memory = false (default)
2019-08-29 08:21:48,053 [pool-57-thread-1] INFO  server.RaftServerConfigKeys (ConfUtils.java:logGet(43)) - raft.server.log.queue.element-limit = 1024 (custom)
2019-08-29 08:21:48,051 [pool-87-thread-1] INFO  server.RaftServerConfigKeys (ConfUtils.java:logGet(43)) - raft.server.log.use.memory = false (default)
2019-08-29 08:21:48,053 [pool-57-thread-1] INFO  server.RaftServerConfigKeys (ConfUtils.java:logGet(43)) - raft.server.log.segment.size.max = 1048576 (custom)
2019-08-29 08:21:48,053 [pool-67-thread-1] INFO  server.RaftServerConfigKeys (ConfUtils.java:logGet(43)) - raft.server.log.purge.gap = 1000000 (custom)
2019-08-29 08:21:48,053 [pool-57-thread-1] INFO  server.RaftServerConfigKeys (ConfUtils.java:logGet(43)) - raft.server.log.preallocated.size = 16384 (custom)
2019-08-29 08:21:48,053 [pool-87-thread-1] INFO  server.RaftServerConfigKeys (ConfUtils.java:logGet(43)) - raft.server.log.purge.gap = 1000000 (custom)
2019-08-29 08:21:48,054 [pool-57-thread-1] INFO  server.RaftServerConfigKeys (ConfUtils.java:logGet(43)) - raft.server.log.write.buffer.size = 33554432 (custom)
2019-08-29 08:21:48,054 [pool-67-thread-1] INFO  server.RaftServerConfigKeys (ConfUtils.java:logGet(43)) - raft.server.log.appender.buffer.byte-limit = 33554432 (custom)
2019-08-29 08:21:48,054 [pool-57-thread-1] INFO  server.RaftServerConfigKeys (ConfUtils.java:logGet(43)) - raft.server.log.force.sync.num = 128 (default)
2019-08-29 08:21:48,054 [pool-87-thread-1] INFO  server.RaftServerConfigKeys (ConfUtils.java:logGet(43)) - raft.server.log.appender.buffer.byte-limit = 33554432 (custom)
2019-08-29 08:21:48,054 [pool-57-thread-1] INFO  server.RaftServerConfigKeys (ConfUtils.java:logGet(43)) - raft.server.log.statemachine.data.sync = true (default)
2019-08-29 08:21:48,054 [pool-67-thread-1] INFO  server.RaftServerConfigKeys (ConfUtils.java:logGet(43)) - raft.server.log.segment.size.max = 1048576 (custom)
2019-08-29 08:21:48,054 [pool-57-thread-1] INFO  server.RaftServerConfigKeys (ConfUtils.java:logGet(43)) - raft.server.log.statemachine.data.sync.timeout = 10s (default)
2019-08-29 08:21:48,054 [pool-87-thread-1] INFO  server.RaftServerConfigKeys (ConfUtils.java:logGet(43)) - raft.server.log.segment.size.max = 1048576 (custom)
2019-08-29 08:21:48,055 [pool-57-thread-1] INFO  server.RaftServerConfigKeys (ConfUtils.java:logGet(43)) - raft.server.log.statemachine.data.sync.timeout.retry = -1 (default)
2019-08-29 08:21:48,055 [pool-67-thread-1] INFO  server.RaftServerConfigKeys (ConfUtils.java:logGet(43)) - raft.server.log.segment.cache.num.max = 2 (custom)
2019-08-29 08:21:48,055 [pool-57-thread-1] INFO  server.RaftServerConfigKeys (ConfUtils.java:logGet(43)) - raft.server.log.statemachine.data.caching.enabled = true (custom)
2019-08-29 08:21:48,055 [pool-87-thread-1] INFO  server.RaftServerConfigKeys (ConfUtils.java:logGet(43)) - raft.server.log.segment.cache.num.max = 2 (custom)
2019-08-29 08:21:48,055 [pool-67-thread-1] INFO  segmented.SegmentedRaftLogWorker (SegmentedRaftLogWorker.java:<init>(172)) - new 6932ec02-23cf-49d5-bf63-101b997409d4-SegmentedRaftLogWorker:Storage Directory /workdir/hadoop-ozone/integration-test/target/test-dir/MiniOzoneClusterImpl-ab0df1f0-a3d6-4d90-a98d-535794749ce9/datanode-4/data/ratis/e26ae616-4cf0-44c6-9636-59ca74b7186e for RaftStorage:Storage Directory /workdir/hadoop-ozone/integration-test/target/test-dir/MiniOzoneClusterImpl-ab0df1f0-a3d6-4d90-a98d-535794749ce9/datanode-4/data/ratis/e26ae616-4cf0-44c6-9636-59ca74b7186e
2019-08-29 08:21:48,055 [pool-57-thread-1] INFO  segmented.SegmentedRaftLogWorker (SegmentedRaftLogWorker.java:lambda$new$0(132)) - 98bb5522-a779-467f-a71e-3d66cbe7d5c3-SegmentedRaftLogWorker:Storage Directory /workdir/hadoop-ozone/integration-test/target/test-dir/MiniOzoneClusterImpl-ab0df1f0-a3d6-4d90-a98d-535794749ce9/datanode-3/data/ratis/e26ae616-4cf0-44c6-9636-59ca74b7186e: flushIndex: setUnconditionally 0 -> -1
2019-08-29 08:21:48,055 [pool-87-thread-1] INFO  segmented.SegmentedRaftLogWorker (SegmentedRaftLogWorker.java:<init>(172)) - new 5b56fd10-665b-4a03-90fc-42cf6e7ef5f6-SegmentedRaftLogWorker:Storage Directory /workdir/hadoop-ozone/integration-test/target/test-dir/MiniOzoneClusterImpl-ab0df1f0-a3d6-4d90-a98d-535794749ce9/datanode-6/data/ratis/e26ae616-4cf0-44c6-9636-59ca74b7186e for RaftStorage:Storage Directory /workdir/hadoop-ozone/integration-test/target/test-dir/MiniOzoneClusterImpl-ab0df1f0-a3d6-4d90-a98d-535794749ce9/datanode-6/data/ratis/e26ae616-4cf0-44c6-9636-59ca74b7186e
2019-08-29 08:21:48,057 [pool-57-thread-1] INFO  server.RaftServerConfigKeys (ConfUtils.java:logGet(43)) - raft.server.snapshot.auto.trigger.enabled = true (custom)
2019-08-29 08:21:48,055 [pool-67-thread-1] INFO  server.RaftServerConfigKeys (ConfUtils.java:logGet(43)) - raft.server.log.queue.byte-limit = 2147483647 (custom)
2019-08-29 08:21:48,057 [pool-57-thread-1] INFO  server.RaftServerConfigKeys (ConfUtils.java:logGet(43)) - raft.server.snapshot.auto.trigger.threshold = 10000 (custom)
2019-08-29 08:21:48,057 [pool-87-thread-1] INFO  server.RaftServerConfigKeys (ConfUtils.java:logGet(43)) - raft.server.log.queue.byte-limit = 2147483647 (custom)
2019-08-29 08:21:48,058 [pool-57-thread-1] INFO  server.RaftServerConfigKeys (ConfUtils.java:logGet(43)) - raft.server.retrycache.expirytime = 600000ms (custom)
2019-08-29 08:21:48,058 [pool-67-thread-1] INFO  server.RaftServerConfigKeys (ConfUtils.java:logGet(43)) - raft.server.log.queue.element-limit = 1024 (custom)
2019-08-29 08:21:48,058 [pool-57-thread-1] INFO  impl.RaftServerImpl (RaftServerImpl.java:start(180)) - 98bb5522-a779-467f-a71e-3d66cbe7d5c3: start group-59CA74B7186E
2019-08-29 08:21:48,058 [pool-87-thread-1] INFO  server.RaftServerConfigKeys (ConfUtils.java:logGet(43)) - raft.server.log.queue.element-limit = 1024 (custom)
2019-08-29 08:21:48,059 [pool-57-thread-1] INFO  impl.RaftServerImpl (RaftServerImpl.java:setRole(171)) - 98bb5522-a779-467f-a71e-3d66cbe7d5c3:group-59CA74B7186E changes role from null to FOLLOWER at term 0 for startAsFollower
2019-08-29 08:21:48,058 [pool-67-thread-1] INFO  server.RaftServerConfigKeys (ConfUtils.java:logGet(43)) - raft.server.log.segment.size.max = 1048576 (custom)
2019-08-29 08:21:48,059 [pool-57-thread-1] INFO  impl.RoleInfo (RoleInfo.java:updateAndGet(143)) - 98bb5522-a779-467f-a71e-3d66cbe7d5c3: start FollowerState
2019-08-29 08:21:48,059 [pool-87-thread-1] INFO  server.RaftServerConfigKeys (ConfUtils.java:logGet(43)) - raft.server.log.segment.size.max = 1048576 (custom)
2019-08-29 08:21:48,059 [pool-67-thread-1] INFO  server.RaftServerConfigKeys (ConfUtils.java:logGet(43)) - raft.server.log.preallocated.size = 16384 (custom)
2019-08-29 08:21:48,059 [pool-87-thread-1] INFO  server.RaftServerConfigKeys (ConfUtils.java:logGet(43)) - raft.server.log.preallocated.size = 16384 (custom)
2019-08-29 08:21:48,059 [pool-67-thread-1] INFO  server.RaftServerConfigKeys (ConfUtils.java:logGet(43)) - raft.server.log.write.buffer.size = 33554432 (custom)
2019-08-29 08:21:48,059 [pool-57-thread-1] INFO  util.JmxRegister (JmxRegister.java:tryRegister(44)) - Successfully registered JMX Bean with object name Ratis:service=RaftServer,group=group-59CA74B7186E,id=98bb5522-a779-467f-a71e-3d66cbe7d5c3
2019-08-29 08:21:48,059 [pool-67-thread-1] INFO  server.RaftServerConfigKeys (ConfUtils.java:logGet(43)) - raft.server.log.force.sync.num = 128 (default)
2019-08-29 08:21:48,059 [pool-87-thread-1] INFO  server.RaftServerConfigKeys (ConfUtils.java:logGet(43)) - raft.server.log.write.buffer.size = 33554432 (custom)
2019-08-29 08:21:48,060 [pool-67-thread-1] INFO  server.RaftServerConfigKeys (ConfUtils.java:logGet(43)) - raft.server.log.statemachine.data.sync = true (default)
2019-08-29 08:21:48,060 [pool-87-thread-1] INFO  server.RaftServerConfigKeys (ConfUtils.java:logGet(43)) - raft.server.log.force.sync.num = 128 (default)
2019-08-29 08:21:48,060 [pool-67-thread-1] INFO  server.RaftServerConfigKeys (ConfUtils.java:logGet(43)) - raft.server.log.statemachine.data.sync.timeout = 10s (default)
2019-08-29 08:21:48,060 [pool-87-thread-1] INFO  server.RaftServerConfigKeys (ConfUtils.java:logGet(43)) - raft.server.log.statemachine.data.sync = true (default)
2019-08-29 08:21:48,060 [pool-67-thread-1] INFO  server.RaftServerConfigKeys (ConfUtils.java:logGet(43)) - raft.server.log.statemachine.data.sync.timeout.retry = -1 (default)
2019-08-29 08:21:48,060 [pool-87-thread-1] INFO  server.RaftServerConfigKeys (ConfUtils.java:logGet(43)) - raft.server.log.statemachine.data.sync.timeout = 10s (default)
2019-08-29 08:21:48,061 [pool-67-thread-1] INFO  server.RaftServerConfigKeys (ConfUtils.java:logGet(43)) - raft.server.log.statemachine.data.caching.enabled = true (custom)
2019-08-29 08:21:48,061 [pool-87-thread-1] INFO  server.RaftServerConfigKeys (ConfUtils.java:logGet(43)) - raft.server.log.statemachine.data.sync.timeout.retry = -1 (default)
2019-08-29 08:21:48,061 [pool-67-thread-1] INFO  segmented.SegmentedRaftLogWorker (SegmentedRaftLogWorker.java:lambda$new$0(132)) - 6932ec02-23cf-49d5-bf63-101b997409d4-SegmentedRaftLogWorker:Storage Directory /workdir/hadoop-ozone/integration-test/target/test-dir/MiniOzoneClusterImpl-ab0df1f0-a3d6-4d90-a98d-535794749ce9/datanode-4/data/ratis/e26ae616-4cf0-44c6-9636-59ca74b7186e: flushIndex: setUnconditionally 0 -> -1
2019-08-29 08:21:48,061 [pool-87-thread-1] INFO  server.RaftServerConfigKeys (ConfUtils.java:logGet(43)) - raft.server.log.statemachine.data.caching.enabled = true (custom)
2019-08-29 08:21:48,061 [pool-67-thread-1] INFO  server.RaftServerConfigKeys (ConfUtils.java:logGet(43)) - raft.server.snapshot.auto.trigger.enabled = true (custom)
2019-08-29 08:21:48,062 [pool-67-thread-1] INFO  server.RaftServerConfigKeys (ConfUtils.java:logGet(43)) - raft.server.snapshot.auto.trigger.threshold = 10000 (custom)
2019-08-29 08:21:48,062 [pool-87-thread-1] INFO  segmented.SegmentedRaftLogWorker (SegmentedRaftLogWorker.java:lambda$new$0(132)) - 5b56fd10-665b-4a03-90fc-42cf6e7ef5f6-SegmentedRaftLogWorker:Storage Directory /workdir/hadoop-ozone/integration-test/target/test-dir/MiniOzoneClusterImpl-ab0df1f0-a3d6-4d90-a98d-535794749ce9/datanode-6/data/ratis/e26ae616-4cf0-44c6-9636-59ca74b7186e: flushIndex: setUnconditionally 0 -> -1
2019-08-29 08:21:48,062 [pool-67-thread-1] INFO  server.RaftServerConfigKeys (ConfUtils.java:logGet(43)) - raft.server.retrycache.expirytime = 600000ms (custom)
2019-08-29 08:21:48,064 [pool-87-thread-1] INFO  server.RaftServerConfigKeys (ConfUtils.java:logGet(43)) - raft.server.snapshot.auto.trigger.enabled = true (custom)
2019-08-29 08:21:48,064 [pool-67-thread-1] INFO  impl.RaftServerImpl (RaftServerImpl.java:start(180)) - 6932ec02-23cf-49d5-bf63-101b997409d4: start group-59CA74B7186E
2019-08-29 08:21:48,065 [pool-87-thread-1] INFO  server.RaftServerConfigKeys (ConfUtils.java:logGet(43)) - raft.server.snapshot.auto.trigger.threshold = 10000 (custom)
2019-08-29 08:21:48,065 [pool-67-thread-1] INFO  impl.RaftServerImpl (RaftServerImpl.java:setRole(171)) - 6932ec02-23cf-49d5-bf63-101b997409d4:group-59CA74B7186E changes role from null to FOLLOWER at term 0 for startAsFollower
2019-08-29 08:21:48,067 [pool-87-thread-1] INFO  server.RaftServerConfigKeys (ConfUtils.java:logGet(43)) - raft.server.retrycache.expirytime = 600000ms (custom)
2019-08-29 08:21:48,067 [pool-67-thread-1] INFO  impl.RoleInfo (RoleInfo.java:updateAndGet(143)) - 6932ec02-23cf-49d5-bf63-101b997409d4: start FollowerState
2019-08-29 08:21:48,067 [pool-87-thread-1] INFO  impl.RaftServerImpl (RaftServerImpl.java:start(180)) - 5b56fd10-665b-4a03-90fc-42cf6e7ef5f6: start group-59CA74B7186E
2019-08-29 08:21:48,067 [pool-87-thread-1] INFO  impl.RaftServerImpl (RaftServerImpl.java:setRole(171)) - 5b56fd10-665b-4a03-90fc-42cf6e7ef5f6:group-59CA74B7186E changes role from null to FOLLOWER at term 0 for startAsFollower
2019-08-29 08:21:48,068 [pool-67-thread-1] INFO  util.JmxRegister (JmxRegister.java:tryRegister(44)) - Successfully registered JMX Bean with object name Ratis:service=RaftServer,group=group-59CA74B7186E,id=6932ec02-23cf-49d5-bf63-101b997409d4
2019-08-29 08:21:48,068 [pool-87-thread-1] INFO  impl.RoleInfo (RoleInfo.java:updateAndGet(143)) - 5b56fd10-665b-4a03-90fc-42cf6e7ef5f6: start FollowerState
2019-08-29 08:21:48,068 [pool-87-thread-1] INFO  util.JmxRegister (JmxRegister.java:tryRegister(44)) - Successfully registered JMX Bean with object name Ratis:service=RaftServer,group=group-59CA74B7186E,id=5b56fd10-665b-4a03-90fc-42cf6e7ef5f6
2019-08-29 08:21:48,070 [Thread-237] INFO  container.ReplicationManager (ReplicationManager.java:start(152)) - Starting Replication Monitor Thread.
2019-08-29 08:21:48,075 [ReplicationMonitor] INFO  container.ReplicationManager (ReplicationManager.java:run(215)) - Replication Monitor Thread took 4 milliseconds for processing 0 containers.
2019-08-29 08:21:48,078 [RatisPipelineUtilsThread] INFO  pipeline.PipelineStateManager (PipelineStateManager.java:addPipeline(56)) - Created pipeline Pipeline[ Id: e26ae616-4cf0-44c6-9636-59ca74b7186e, Nodes: 6932ec02-23cf-49d5-bf63-101b997409d4{ip: 192.168.5.176, host: pr-hdds-1909-44d2n-1519487446, networkLocation: /default-rack, certSerialId: null}98bb5522-a779-467f-a71e-3d66cbe7d5c3{ip: 192.168.5.176, host: pr-hdds-1909-44d2n-1519487446, networkLocation: /default-rack, certSerialId: null}5b56fd10-665b-4a03-90fc-42cf6e7ef5f6{ip: 192.168.5.176, host: pr-hdds-1909-44d2n-1519487446, networkLocation: /default-rack, certSerialId: null}, Type:RATIS, Factor:THREE, State:OPEN]
2019-08-29 08:21:48,105 | INFO  | SCMAudit | user=jenkins1000 | ip=192.168.5.176 | op=SEND_HEARTBEAT {datanodeUUID=8944090c-39c7-48a8-859f-48289bd7a1e9, command=[]} | ret=SUCCESS |  
2019-08-29 08:21:48,113 [grpc-default-executor-2] INFO  impl.RaftServerProxy (RaftServerProxy.java:addNew(89)) - 4e7efcb5-917e-488d-886e-16c99a39ab6f: addNew group-C7CEA64F060F:[7fd4362d-ab2c-4d65-9042-74517d5987d2:192.168.5.176:33357, 4e7efcb5-917e-488d-886e-16c99a39ab6f:192.168.5.176:46276, 67c35969-00c1-40e5-9eeb-9a2f6a2b337c:192.168.5.176:43496] returns group-C7CEA64F060F:java.util.concurrent.CompletableFuture@7d6a6167[Not completed]
2019-08-29 08:21:48,113 [grpc-default-executor-0] INFO  impl.RaftServerProxy (RaftServerProxy.java:addNew(89)) - 7fd4362d-ab2c-4d65-9042-74517d5987d2: addNew group-C7CEA64F060F:[7fd4362d-ab2c-4d65-9042-74517d5987d2:192.168.5.176:33357, 4e7efcb5-917e-488d-886e-16c99a39ab6f:192.168.5.176:46276, 67c35969-00c1-40e5-9eeb-9a2f6a2b337c:192.168.5.176:43496] returns group-C7CEA64F060F:java.util.concurrent.CompletableFuture@c25c1b6[Not completed]
2019-08-29 08:21:48,113 [grpc-default-executor-1] INFO  impl.RaftServerProxy (RaftServerProxy.java:addNew(89)) - 67c35969-00c1-40e5-9eeb-9a2f6a2b337c: addNew group-C7CEA64F060F:[7fd4362d-ab2c-4d65-9042-74517d5987d2:192.168.5.176:33357, 4e7efcb5-917e-488d-886e-16c99a39ab6f:192.168.5.176:46276, 67c35969-00c1-40e5-9eeb-9a2f6a2b337c:192.168.5.176:43496] returns group-C7CEA64F060F:java.util.concurrent.CompletableFuture@2bdd4a1[Not completed]
2019-08-29 08:21:48,117 [pool-77-thread-1] INFO  impl.RaftServerImpl (RaftServerImpl.java:<init>(93)) - 7fd4362d-ab2c-4d65-9042-74517d5987d2: new RaftServerImpl for group-C7CEA64F060F:[7fd4362d-ab2c-4d65-9042-74517d5987d2:192.168.5.176:33357, 4e7efcb5-917e-488d-886e-16c99a39ab6f:192.168.5.176:46276, 67c35969-00c1-40e5-9eeb-9a2f6a2b337c:192.168.5.176:43496] with ContainerStateMachine:uninitialized
2019-08-29 08:21:48,117 [pool-77-thread-1] INFO  server.RaftServerConfigKeys (ConfUtils.java:logGet(43)) - raft.server.rpc.timeout.min = 5s (custom)
2019-08-29 08:21:48,117 [pool-77-thread-1] INFO  server.RaftServerConfigKeys (ConfUtils.java:logGet(43)) - raft.server.rpc.timeout.max = 5200ms (custom)
2019-08-29 08:21:48,117 [pool-77-thread-1] INFO  server.RaftServerConfigKeys (ConfUtils.java:logGet(43)) - raft.server.rpcslowness.timeout = 120s (custom)
2019-08-29 08:21:48,117 [pool-77-thread-1] INFO  server.RaftServerConfigKeys (ConfUtils.java:logGet(43)) - raft.server.sleep.deviation.threshold = 300 (default)
2019-08-29 08:21:48,117 [pool-77-thread-1] INFO  server.RaftServerConfigKeys (ConfUtils.java:logGet(43)) - raft.server.log.appender.install.snapshot.enabled = false (custom)
2019-08-29 08:21:48,117 [pool-77-thread-1] INFO  impl.RaftServerImpl (ServerState.java:<init>(105)) - 7fd4362d-ab2c-4d65-9042-74517d5987d2:group-C7CEA64F060F ConfigurationManager, init=-1: [7fd4362d-ab2c-4d65-9042-74517d5987d2:192.168.5.176:33357, 4e7efcb5-917e-488d-886e-16c99a39ab6f:192.168.5.176:46276, 67c35969-00c1-40e5-9eeb-9a2f6a2b337c:192.168.5.176:43496], old=null, confs=<EMPTY_MAP>
2019-08-29 08:21:48,118 [pool-77-thread-1] INFO  server.RaftServerConfigKeys (ConfUtils.java:logGet(43)) - raft.server.storage.dir = [/workdir/hadoop-ozone/integration-test/target/test-dir/MiniOzoneClusterImpl-ab0df1f0-a3d6-4d90-a98d-535794749ce9/datanode-5/data/ratis] (custom)
2019-08-29 08:21:48,118 [pool-77-thread-1] INFO  storage.RaftStorageDirectory (RaftStorageDirectory.java:analyzeStorage(246)) - The storage directory /workdir/hadoop-ozone/integration-test/target/test-dir/MiniOzoneClusterImpl-ab0df1f0-a3d6-4d90-a98d-535794749ce9/datanode-5/data/ratis/9e93bfe6-bbbf-4ee0-bd70-c7cea64f060f does not exist. Creating ...
2019-08-29 08:21:48,118 [pool-27-thread-1] INFO  impl.RaftServerImpl (RaftServerImpl.java:<init>(93)) - 4e7efcb5-917e-488d-886e-16c99a39ab6f: new RaftServerImpl for group-C7CEA64F060F:[7fd4362d-ab2c-4d65-9042-74517d5987d2:192.168.5.176:33357, 4e7efcb5-917e-488d-886e-16c99a39ab6f:192.168.5.176:46276, 67c35969-00c1-40e5-9eeb-9a2f6a2b337c:192.168.5.176:43496] with ContainerStateMachine:uninitialized
2019-08-29 08:21:48,118 [pool-27-thread-1] INFO  server.RaftServerConfigKeys (ConfUtils.java:logGet(43)) - raft.server.rpc.timeout.min = 5s (custom)
2019-08-29 08:21:48,118 [pool-27-thread-1] INFO  server.RaftServerConfigKeys (ConfUtils.java:logGet(43)) - raft.server.rpc.timeout.max = 5200ms (custom)
2019-08-29 08:21:48,118 [pool-47-thread-1] INFO  impl.RaftServerImpl (RaftServerImpl.java:<init>(93)) - 67c35969-00c1-40e5-9eeb-9a2f6a2b337c: new RaftServerImpl for group-C7CEA64F060F:[7fd4362d-ab2c-4d65-9042-74517d5987d2:192.168.5.176:33357, 4e7efcb5-917e-488d-886e-16c99a39ab6f:192.168.5.176:46276, 67c35969-00c1-40e5-9eeb-9a2f6a2b337c:192.168.5.176:43496] with ContainerStateMachine:uninitialized
2019-08-29 08:21:48,119 [pool-27-thread-1] INFO  server.RaftServerConfigKeys (ConfUtils.java:logGet(43)) - raft.server.rpcslowness.timeout = 120s (custom)
2019-08-29 08:21:48,119 [pool-47-thread-1] INFO  server.RaftServerConfigKeys (ConfUtils.java:logGet(43)) - raft.server.rpc.timeout.min = 5s (custom)
2019-08-29 08:21:48,119 [pool-27-thread-1] INFO  server.RaftServerConfigKeys (ConfUtils.java:logGet(43)) - raft.server.sleep.deviation.threshold = 300 (default)
2019-08-29 08:21:48,119 [pool-47-thread-1] INFO  server.RaftServerConfigKeys (ConfUtils.java:logGet(43)) - raft.server.rpc.timeout.max = 5200ms (custom)
2019-08-29 08:21:48,119 [pool-27-thread-1] INFO  server.RaftServerConfigKeys (ConfUtils.java:logGet(43)) - raft.server.log.appender.install.snapshot.enabled = false (custom)
2019-08-29 08:21:48,119 [pool-47-thread-1] INFO  server.RaftServerConfigKeys (ConfUtils.java:logGet(43)) - raft.server.rpcslowness.timeout = 120s (custom)
2019-08-29 08:21:48,119 [pool-27-thread-1] INFO  impl.RaftServerImpl (ServerState.java:<init>(105)) - 4e7efcb5-917e-488d-886e-16c99a39ab6f:group-C7CEA64F060F ConfigurationManager, init=-1: [7fd4362d-ab2c-4d65-9042-74517d5987d2:192.168.5.176:33357, 4e7efcb5-917e-488d-886e-16c99a39ab6f:192.168.5.176:46276, 67c35969-00c1-40e5-9eeb-9a2f6a2b337c:192.168.5.176:43496], old=null, confs=<EMPTY_MAP>
2019-08-29 08:21:48,119 [pool-47-thread-1] INFO  server.RaftServerConfigKeys (ConfUtils.java:logGet(43)) - raft.server.sleep.deviation.threshold = 300 (default)
2019-08-29 08:21:48,119 [pool-27-thread-1] INFO  server.RaftServerConfigKeys (ConfUtils.java:logGet(43)) - raft.server.storage.dir = [/workdir/hadoop-ozone/integration-test/target/test-dir/MiniOzoneClusterImpl-ab0df1f0-a3d6-4d90-a98d-535794749ce9/datanode-0/data/ratis] (custom)
2019-08-29 08:21:48,119 [pool-47-thread-1] INFO  server.RaftServerConfigKeys (ConfUtils.java:logGet(43)) - raft.server.log.appender.install.snapshot.enabled = false (custom)
2019-08-29 08:21:48,120 [pool-47-thread-1] INFO  impl.RaftServerImpl (ServerState.java:<init>(105)) - 67c35969-00c1-40e5-9eeb-9a2f6a2b337c:group-C7CEA64F060F ConfigurationManager, init=-1: [7fd4362d-ab2c-4d65-9042-74517d5987d2:192.168.5.176:33357, 4e7efcb5-917e-488d-886e-16c99a39ab6f:192.168.5.176:46276, 67c35969-00c1-40e5-9eeb-9a2f6a2b337c:192.168.5.176:43496], old=null, confs=<EMPTY_MAP>
2019-08-29 08:21:48,120 [pool-27-thread-1] INFO  storage.RaftStorageDirectory (RaftStorageDirectory.java:analyzeStorage(246)) - The storage directory /workdir/hadoop-ozone/integration-test/target/test-dir/MiniOzoneClusterImpl-ab0df1f0-a3d6-4d90-a98d-535794749ce9/datanode-0/data/ratis/9e93bfe6-bbbf-4ee0-bd70-c7cea64f060f does not exist. Creating ...
2019-08-29 08:21:48,120 [pool-47-thread-1] INFO  server.RaftServerConfigKeys (ConfUtils.java:logGet(43)) - raft.server.storage.dir = [/workdir/hadoop-ozone/integration-test/target/test-dir/MiniOzoneClusterImpl-ab0df1f0-a3d6-4d90-a98d-535794749ce9/datanode-2/data/ratis] (custom)
2019-08-29 08:21:48,120 [pool-47-thread-1] INFO  storage.RaftStorageDirectory (RaftStorageDirectory.java:analyzeStorage(246)) - The storage directory /workdir/hadoop-ozone/integration-test/target/test-dir/MiniOzoneClusterImpl-ab0df1f0-a3d6-4d90-a98d-535794749ce9/datanode-2/data/ratis/9e93bfe6-bbbf-4ee0-bd70-c7cea64f060f does not exist. Creating ...
2019-08-29 08:21:48,178 | INFO  | SCMAudit | user=jenkins1000 | ip=192.168.5.176 | op=SEND_HEARTBEAT {datanodeUUID=67c35969-00c1-40e5-9eeb-9a2f6a2b337c, command=[]} | ret=SUCCESS |  
2019-08-29 08:21:48,181 [pool-47-thread-1] INFO  storage.RaftStorageDirectory (RaftStorageDirectory.java:tryLock(328)) - Lock on /workdir/hadoop-ozone/integration-test/target/test-dir/MiniOzoneClusterImpl-ab0df1f0-a3d6-4d90-a98d-535794749ce9/datanode-2/data/ratis/9e93bfe6-bbbf-4ee0-bd70-c7cea64f060f/in_use.lock acquired by nodename 29661@pr-hdds-1909-44d2n-1519487446
2019-08-29 08:21:48,181 [pool-77-thread-1] INFO  storage.RaftStorageDirectory (RaftStorageDirectory.java:tryLock(328)) - Lock on /workdir/hadoop-ozone/integration-test/target/test-dir/MiniOzoneClusterImpl-ab0df1f0-a3d6-4d90-a98d-535794749ce9/datanode-5/data/ratis/9e93bfe6-bbbf-4ee0-bd70-c7cea64f060f/in_use.lock acquired by nodename 29661@pr-hdds-1909-44d2n-1519487446
2019-08-29 08:21:48,182 [pool-27-thread-1] INFO  storage.RaftStorageDirectory (RaftStorageDirectory.java:tryLock(328)) - Lock on /workdir/hadoop-ozone/integration-test/target/test-dir/MiniOzoneClusterImpl-ab0df1f0-a3d6-4d90-a98d-535794749ce9/datanode-0/data/ratis/9e93bfe6-bbbf-4ee0-bd70-c7cea64f060f/in_use.lock acquired by nodename 29661@pr-hdds-1909-44d2n-1519487446
2019-08-29 08:21:48,199 [pool-47-thread-1] INFO  storage.RaftStorage (RaftStorage.java:format(72)) - Storage directory /workdir/hadoop-ozone/integration-test/target/test-dir/MiniOzoneClusterImpl-ab0df1f0-a3d6-4d90-a98d-535794749ce9/datanode-2/data/ratis/9e93bfe6-bbbf-4ee0-bd70-c7cea64f060f has been successfully formatted.
2019-08-29 08:21:48,199 [pool-77-thread-1] INFO  storage.RaftStorage (RaftStorage.java:format(72)) - Storage directory /workdir/hadoop-ozone/integration-test/target/test-dir/MiniOzoneClusterImpl-ab0df1f0-a3d6-4d90-a98d-535794749ce9/datanode-5/data/ratis/9e93bfe6-bbbf-4ee0-bd70-c7cea64f060f has been successfully formatted.
2019-08-29 08:21:48,199 [pool-27-thread-1] INFO  storage.RaftStorage (RaftStorage.java:format(72)) - Storage directory /workdir/hadoop-ozone/integration-test/target/test-dir/MiniOzoneClusterImpl-ab0df1f0-a3d6-4d90-a98d-535794749ce9/datanode-0/data/ratis/9e93bfe6-bbbf-4ee0-bd70-c7cea64f060f has been successfully formatted.
2019-08-29 08:21:48,199 [pool-47-thread-1] INFO  ratis.ContainerStateMachine (ContainerStateMachine.java:loadSnapshot(227)) - group-C7CEA64F060F: The snapshot info is null. Setting the last applied indexto:(t:0, i:~)
2019-08-29 08:21:48,199 [pool-77-thread-1] INFO  ratis.ContainerStateMachine (ContainerStateMachine.java:loadSnapshot(227)) - group-C7CEA64F060F: The snapshot info is null. Setting the last applied indexto:(t:0, i:~)
2019-08-29 08:21:48,200 [pool-47-thread-1] INFO  server.RaftServerConfigKeys (ConfUtils.java:logGet(43)) - raft.server.leader.election.timeout = 120s (custom)
2019-08-29 08:21:48,199 [pool-27-thread-1] INFO  ratis.ContainerStateMachine (ContainerStateMachine.java:loadSnapshot(227)) - group-C7CEA64F060F: The snapshot info is null. Setting the last applied indexto:(t:0, i:~)
2019-08-29 08:21:48,200 [pool-47-thread-1] INFO  server.RaftServerConfigKeys (ConfUtils.java:logGet(43)) - raft.server.log.use.memory = false (default)
2019-08-29 08:21:48,200 [pool-77-thread-1] INFO  server.RaftServerConfigKeys (ConfUtils.java:logGet(43)) - raft.server.leader.election.timeout = 120s (custom)
2019-08-29 08:21:48,200 [pool-47-thread-1] INFO  server.RaftServerConfigKeys (ConfUtils.java:logGet(43)) - raft.server.log.purge.gap = 1000000 (custom)
2019-08-29 08:21:48,200 [pool-27-thread-1] INFO  server.RaftServerConfigKeys (ConfUtils.java:logGet(43)) - raft.server.leader.election.timeout = 120s (custom)
2019-08-29 08:21:48,200 [pool-47-thread-1] INFO  server.RaftServerConfigKeys (ConfUtils.java:logGet(43)) - raft.server.log.appender.buffer.byte-limit = 33554432 (custom)
2019-08-29 08:21:48,200 [pool-77-thread-1] INFO  server.RaftServerConfigKeys (ConfUtils.java:logGet(43)) - raft.server.log.use.memory = false (default)
2019-08-29 08:21:48,200 [pool-47-thread-1] INFO  server.RaftServerConfigKeys (ConfUtils.java:logGet(43)) - raft.server.log.segment.size.max = 1048576 (custom)
2019-08-29 08:21:48,200 [pool-27-thread-1] INFO  server.RaftServerConfigKeys (ConfUtils.java:logGet(43)) - raft.server.log.use.memory = false (default)
2019-08-29 08:21:48,201 [pool-47-thread-1] INFO  server.RaftServerConfigKeys (ConfUtils.java:logGet(43)) - raft.server.log.segment.cache.num.max = 2 (custom)
2019-08-29 08:21:48,201 [pool-77-thread-1] INFO  server.RaftServerConfigKeys (ConfUtils.java:logGet(43)) - raft.server.log.purge.gap = 1000000 (custom)
2019-08-29 08:21:48,201 [pool-47-thread-1] INFO  segmented.SegmentedRaftLogWorker (SegmentedRaftLogWorker.java:<init>(172)) - new 67c35969-00c1-40e5-9eeb-9a2f6a2b337c-SegmentedRaftLogWorker:Storage Directory /workdir/hadoop-ozone/integration-test/target/test-dir/MiniOzoneClusterImpl-ab0df1f0-a3d6-4d90-a98d-535794749ce9/datanode-2/data/ratis/9e93bfe6-bbbf-4ee0-bd70-c7cea64f060f for RaftStorage:Storage Directory /workdir/hadoop-ozone/integration-test/target/test-dir/MiniOzoneClusterImpl-ab0df1f0-a3d6-4d90-a98d-535794749ce9/datanode-2/data/ratis/9e93bfe6-bbbf-4ee0-bd70-c7cea64f060f
2019-08-29 08:21:48,201 [pool-27-thread-1] INFO  server.RaftServerConfigKeys (ConfUtils.java:logGet(43)) - raft.server.log.purge.gap = 1000000 (custom)
2019-08-29 08:21:48,201 [pool-47-thread-1] INFO  server.RaftServerConfigKeys (ConfUtils.java:logGet(43)) - raft.server.log.queue.byte-limit = 2147483647 (custom)
2019-08-29 08:21:48,201 [pool-77-thread-1] INFO  server.RaftServerConfigKeys (ConfUtils.java:logGet(43)) - raft.server.log.appender.buffer.byte-limit = 33554432 (custom)
2019-08-29 08:21:48,203 [pool-47-thread-1] INFO  server.RaftServerConfigKeys (ConfUtils.java:logGet(43)) - raft.server.log.queue.element-limit = 1024 (custom)
2019-08-29 08:21:48,201 [pool-27-thread-1] INFO  server.RaftServerConfigKeys (ConfUtils.java:logGet(43)) - raft.server.log.appender.buffer.byte-limit = 33554432 (custom)
2019-08-29 08:21:48,204 [pool-47-thread-1] INFO  server.RaftServerConfigKeys (ConfUtils.java:logGet(43)) - raft.server.log.segment.size.max = 1048576 (custom)
2019-08-29 08:21:48,204 [pool-77-thread-1] INFO  server.RaftServerConfigKeys (ConfUtils.java:logGet(43)) - raft.server.log.segment.size.max = 1048576 (custom)
2019-08-29 08:21:48,204 [pool-47-thread-1] INFO  server.RaftServerConfigKeys (ConfUtils.java:logGet(43)) - raft.server.log.preallocated.size = 16384 (custom)
2019-08-29 08:21:48,204 [pool-27-thread-1] INFO  server.RaftServerConfigKeys (ConfUtils.java:logGet(43)) - raft.server.log.segment.size.max = 1048576 (custom)
2019-08-29 08:21:48,204 [pool-47-thread-1] INFO  server.RaftServerConfigKeys (ConfUtils.java:logGet(43)) - raft.server.log.write.buffer.size = 33554432 (custom)
2019-08-29 08:21:48,204 [pool-77-thread-1] INFO  server.RaftServerConfigKeys (ConfUtils.java:logGet(43)) - raft.server.log.segment.cache.num.max = 2 (custom)
2019-08-29 08:21:48,204 [pool-47-thread-1] INFO  server.RaftServerConfigKeys (ConfUtils.java:logGet(43)) - raft.server.log.force.sync.num = 128 (default)
2019-08-29 08:21:48,204 [pool-27-thread-1] INFO  server.RaftServerConfigKeys (ConfUtils.java:logGet(43)) - raft.server.log.segment.cache.num.max = 2 (custom)
2019-08-29 08:21:48,204 [pool-47-thread-1] INFO  server.RaftServerConfigKeys (ConfUtils.java:logGet(43)) - raft.server.log.statemachine.data.sync = true (default)
2019-08-29 08:21:48,204 [pool-77-thread-1] INFO  segmented.SegmentedRaftLogWorker (SegmentedRaftLogWorker.java:<init>(172)) - new 7fd4362d-ab2c-4d65-9042-74517d5987d2-SegmentedRaftLogWorker:Storage Directory /workdir/hadoop-ozone/integration-test/target/test-dir/MiniOzoneClusterImpl-ab0df1f0-a3d6-4d90-a98d-535794749ce9/datanode-5/data/ratis/9e93bfe6-bbbf-4ee0-bd70-c7cea64f060f for RaftStorage:Storage Directory /workdir/hadoop-ozone/integration-test/target/test-dir/MiniOzoneClusterImpl-ab0df1f0-a3d6-4d90-a98d-535794749ce9/datanode-5/data/ratis/9e93bfe6-bbbf-4ee0-bd70-c7cea64f060f
2019-08-29 08:21:48,205 [pool-47-thread-1] INFO  server.RaftServerConfigKeys (ConfUtils.java:logGet(43)) - raft.server.log.statemachine.data.sync.timeout = 10s (default)
2019-08-29 08:21:48,205 [pool-27-thread-1] INFO  segmented.SegmentedRaftLogWorker (SegmentedRaftLogWorker.java:<init>(172)) - new 4e7efcb5-917e-488d-886e-16c99a39ab6f-SegmentedRaftLogWorker:Storage Directory /workdir/hadoop-ozone/integration-test/target/test-dir/MiniOzoneClusterImpl-ab0df1f0-a3d6-4d90-a98d-535794749ce9/datanode-0/data/ratis/9e93bfe6-bbbf-4ee0-bd70-c7cea64f060f for RaftStorage:Storage Directory /workdir/hadoop-ozone/integration-test/target/test-dir/MiniOzoneClusterImpl-ab0df1f0-a3d6-4d90-a98d-535794749ce9/datanode-0/data/ratis/9e93bfe6-bbbf-4ee0-bd70-c7cea64f060f
2019-08-29 08:21:48,205 [pool-47-thread-1] INFO  server.RaftServerConfigKeys (ConfUtils.java:logGet(43)) - raft.server.log.statemachine.data.sync.timeout.retry = -1 (default)
2019-08-29 08:21:48,205 [pool-77-thread-1] INFO  server.RaftServerConfigKeys (ConfUtils.java:logGet(43)) - raft.server.log.queue.byte-limit = 2147483647 (custom)
2019-08-29 08:21:48,209 [pool-47-thread-1] INFO  server.RaftServerConfigKeys (ConfUtils.java:logGet(43)) - raft.server.log.statemachine.data.caching.enabled = true (custom)
2019-08-29 08:21:48,207 [pool-27-thread-1] INFO  server.RaftServerConfigKeys (ConfUtils.java:logGet(43)) - raft.server.log.queue.byte-limit = 2147483647 (custom)
2019-08-29 08:21:48,209 [pool-77-thread-1] INFO  server.RaftServerConfigKeys (ConfUtils.java:logGet(43)) - raft.server.log.queue.element-limit = 1024 (custom)
2019-08-29 08:21:48,209 [pool-27-thread-1] INFO  server.RaftServerConfigKeys (ConfUtils.java:logGet(43)) - raft.server.log.queue.element-limit = 1024 (custom)
2019-08-29 08:21:48,209 [pool-47-thread-1] INFO  segmented.SegmentedRaftLogWorker (SegmentedRaftLogWorker.java:lambda$new$0(132)) - 67c35969-00c1-40e5-9eeb-9a2f6a2b337c-SegmentedRaftLogWorker:Storage Directory /workdir/hadoop-ozone/integration-test/target/test-dir/MiniOzoneClusterImpl-ab0df1f0-a3d6-4d90-a98d-535794749ce9/datanode-2/data/ratis/9e93bfe6-bbbf-4ee0-bd70-c7cea64f060f: flushIndex: setUnconditionally 0 -> -1
2019-08-29 08:21:48,210 [pool-27-thread-1] INFO  server.RaftServerConfigKeys (ConfUtils.java:logGet(43)) - raft.server.log.segment.size.max = 1048576 (custom)
2019-08-29 08:21:48,210 [pool-47-thread-1] INFO  server.RaftServerConfigKeys (ConfUtils.java:logGet(43)) - raft.server.snapshot.auto.trigger.enabled = true (custom)
2019-08-29 08:21:48,209 [pool-77-thread-1] INFO  server.RaftServerConfigKeys (ConfUtils.java:logGet(43)) - raft.server.log.segment.size.max = 1048576 (custom)
2019-08-29 08:21:48,210 [pool-47-thread-1] INFO  server.RaftServerConfigKeys (ConfUtils.java:logGet(43)) - raft.server.snapshot.auto.trigger.threshold = 10000 (custom)
2019-08-29 08:21:48,210 [pool-27-thread-1] INFO  server.RaftServerConfigKeys (ConfUtils.java:logGet(43)) - raft.server.log.preallocated.size = 16384 (custom)
2019-08-29 08:21:48,210 [pool-47-thread-1] INFO  server.RaftServerConfigKeys (ConfUtils.java:logGet(43)) - raft.server.retrycache.expirytime = 600000ms (custom)
2019-08-29 08:21:48,210 [pool-77-thread-1] INFO  server.RaftServerConfigKeys (ConfUtils.java:logGet(43)) - raft.server.log.preallocated.size = 16384 (custom)
2019-08-29 08:21:48,210 [pool-47-thread-1] INFO  impl.RaftServerImpl (RaftServerImpl.java:start(180)) - 67c35969-00c1-40e5-9eeb-9a2f6a2b337c: start group-C7CEA64F060F
2019-08-29 08:21:48,210 [pool-27-thread-1] INFO  server.RaftServerConfigKeys (ConfUtils.java:logGet(43)) - raft.server.log.write.buffer.size = 33554432 (custom)
2019-08-29 08:21:48,211 [pool-47-thread-1] INFO  impl.RaftServerImpl (RaftServerImpl.java:setRole(171)) - 67c35969-00c1-40e5-9eeb-9a2f6a2b337c:group-C7CEA64F060F changes role from null to FOLLOWER at term 0 for startAsFollower
2019-08-29 08:21:48,210 [pool-77-thread-1] INFO  server.RaftServerConfigKeys (ConfUtils.java:logGet(43)) - raft.server.log.write.buffer.size = 33554432 (custom)
2019-08-29 08:21:48,211 [pool-47-thread-1] INFO  impl.RoleInfo (RoleInfo.java:updateAndGet(143)) - 67c35969-00c1-40e5-9eeb-9a2f6a2b337c: start FollowerState
2019-08-29 08:21:48,211 [pool-27-thread-1] INFO  server.RaftServerConfigKeys (ConfUtils.java:logGet(43)) - raft.server.log.force.sync.num = 128 (default)
2019-08-29 08:21:48,211 [pool-77-thread-1] INFO  server.RaftServerConfigKeys (ConfUtils.java:logGet(43)) - raft.server.log.force.sync.num = 128 (default)
2019-08-29 08:21:48,211 [pool-27-thread-1] INFO  server.RaftServerConfigKeys (ConfUtils.java:logGet(43)) - raft.server.log.statemachine.data.sync = true (default)
2019-08-29 08:21:48,211 [pool-77-thread-1] INFO  server.RaftServerConfigKeys (ConfUtils.java:logGet(43)) - raft.server.log.statemachine.data.sync = true (default)
2019-08-29 08:21:48,211 [pool-47-thread-1] INFO  util.JmxRegister (JmxRegister.java:tryRegister(44)) - Successfully registered JMX Bean with object name Ratis:service=RaftServer,group=group-C7CEA64F060F,id=67c35969-00c1-40e5-9eeb-9a2f6a2b337c
2019-08-29 08:21:48,212 [pool-77-thread-1] INFO  server.RaftServerConfigKeys (ConfUtils.java:logGet(43)) - raft.server.log.statemachine.data.sync.timeout = 10s (default)
2019-08-29 08:21:48,211 [pool-27-thread-1] INFO  server.RaftServerConfigKeys (ConfUtils.java:logGet(43)) - raft.server.log.statemachine.data.sync.timeout = 10s (default)
2019-08-29 08:21:48,212 [pool-77-thread-1] INFO  server.RaftServerConfigKeys (ConfUtils.java:logGet(43)) - raft.server.log.statemachine.data.sync.timeout.retry = -1 (default)
2019-08-29 08:21:48,212 [pool-27-thread-1] INFO  server.RaftServerConfigKeys (ConfUtils.java:logGet(43)) - raft.server.log.statemachine.data.sync.timeout.retry = -1 (default)
2019-08-29 08:21:48,212 [pool-77-thread-1] INFO  server.RaftServerConfigKeys (ConfUtils.java:logGet(43)) - raft.server.log.statemachine.data.caching.enabled = true (custom)
2019-08-29 08:21:48,212 [pool-27-thread-1] INFO  server.RaftServerConfigKeys (ConfUtils.java:logGet(43)) - raft.server.log.statemachine.data.caching.enabled = true (custom)
2019-08-29 08:21:48,213 [pool-77-thread-1] INFO  segmented.SegmentedRaftLogWorker (SegmentedRaftLogWorker.java:lambda$new$0(132)) - 7fd4362d-ab2c-4d65-9042-74517d5987d2-SegmentedRaftLogWorker:Storage Directory /workdir/hadoop-ozone/integration-test/target/test-dir/MiniOzoneClusterImpl-ab0df1f0-a3d6-4d90-a98d-535794749ce9/datanode-5/data/ratis/9e93bfe6-bbbf-4ee0-bd70-c7cea64f060f: flushIndex: setUnconditionally 0 -> -1
2019-08-29 08:21:48,213 [pool-27-thread-1] INFO  segmented.SegmentedRaftLogWorker (SegmentedRaftLogWorker.java:lambda$new$0(132)) - 4e7efcb5-917e-488d-886e-16c99a39ab6f-SegmentedRaftLogWorker:Storage Directory /workdir/hadoop-ozone/integration-test/target/test-dir/MiniOzoneClusterImpl-ab0df1f0-a3d6-4d90-a98d-535794749ce9/datanode-0/data/ratis/9e93bfe6-bbbf-4ee0-bd70-c7cea64f060f: flushIndex: setUnconditionally 0 -> -1
2019-08-29 08:21:48,213 [pool-77-thread-1] INFO  server.RaftServerConfigKeys (ConfUtils.java:logGet(43)) - raft.server.snapshot.auto.trigger.enabled = true (custom)
2019-08-29 08:21:48,213 [pool-77-thread-1] INFO  server.RaftServerConfigKeys (ConfUtils.java:logGet(43)) - raft.server.snapshot.auto.trigger.threshold = 10000 (custom)
2019-08-29 08:21:48,213 [pool-27-thread-1] INFO  server.RaftServerConfigKeys (ConfUtils.java:logGet(43)) - raft.server.snapshot.auto.trigger.enabled = true (custom)
2019-08-29 08:21:48,213 [pool-77-thread-1] INFO  server.RaftServerConfigKeys (ConfUtils.java:logGet(43)) - raft.server.retrycache.expirytime = 600000ms (custom)
2019-08-29 08:21:48,213 [pool-27-thread-1] INFO  server.RaftServerConfigKeys (ConfUtils.java:logGet(43)) - raft.server.snapshot.auto.trigger.threshold = 10000 (custom)
2019-08-29 08:21:48,214 [pool-77-thread-1] INFO  impl.RaftServerImpl (RaftServerImpl.java:start(180)) - 7fd4362d-ab2c-4d65-9042-74517d5987d2: start group-C7CEA64F060F
2019-08-29 08:21:48,214 [pool-27-thread-1] INFO  server.RaftServerConfigKeys (ConfUtils.java:logGet(43)) - raft.server.retrycache.expirytime = 600000ms (custom)
2019-08-29 08:21:48,216 [pool-77-thread-1] INFO  impl.RaftServerImpl (RaftServerImpl.java:setRole(171)) - 7fd4362d-ab2c-4d65-9042-74517d5987d2:group-C7CEA64F060F changes role from null to FOLLOWER at term 0 for startAsFollower
2019-08-29 08:21:48,216 [pool-27-thread-1] INFO  impl.RaftServerImpl (RaftServerImpl.java:start(180)) - 4e7efcb5-917e-488d-886e-16c99a39ab6f: start group-C7CEA64F060F
2019-08-29 08:21:48,216 [pool-77-thread-1] INFO  impl.RoleInfo (RoleInfo.java:updateAndGet(143)) - 7fd4362d-ab2c-4d65-9042-74517d5987d2: start FollowerState
2019-08-29 08:21:48,217 [pool-27-thread-1] INFO  impl.RaftServerImpl (RaftServerImpl.java:setRole(171)) - 4e7efcb5-917e-488d-886e-16c99a39ab6f:group-C7CEA64F060F changes role from null to FOLLOWER at term 0 for startAsFollower
2019-08-29 08:21:48,217 [pool-27-thread-1] INFO  impl.RoleInfo (RoleInfo.java:updateAndGet(143)) - 4e7efcb5-917e-488d-886e-16c99a39ab6f: start FollowerState
2019-08-29 08:21:48,217 [pool-77-thread-1] INFO  util.JmxRegister (JmxRegister.java:tryRegister(44)) - Successfully registered JMX Bean with object name Ratis:service=RaftServer,group=group-C7CEA64F060F,id=7fd4362d-ab2c-4d65-9042-74517d5987d2
2019-08-29 08:21:48,219 [pool-27-thread-1] INFO  util.JmxRegister (JmxRegister.java:tryRegister(44)) - Successfully registered JMX Bean with object name Ratis:service=RaftServer,group=group-C7CEA64F060F,id=4e7efcb5-917e-488d-886e-16c99a39ab6f
2019-08-29 08:21:48,232 [RatisPipelineUtilsThread] INFO  pipeline.PipelineStateManager (PipelineStateManager.java:addPipeline(56)) - Created pipeline Pipeline[ Id: 9e93bfe6-bbbf-4ee0-bd70-c7cea64f060f, Nodes: 7fd4362d-ab2c-4d65-9042-74517d5987d2{ip: 192.168.5.176, host: pr-hdds-1909-44d2n-1519487446, networkLocation: /default-rack, certSerialId: null}4e7efcb5-917e-488d-886e-16c99a39ab6f{ip: 192.168.5.176, host: pr-hdds-1909-44d2n-1519487446, networkLocation: /default-rack, certSerialId: null}67c35969-00c1-40e5-9eeb-9a2f6a2b337c{ip: 192.168.5.176, host: pr-hdds-1909-44d2n-1519487446, networkLocation: /default-rack, certSerialId: null}, Type:RATIS, Factor:THREE, State:OPEN]
2019-08-29 08:21:48,244 | INFO  | SCMAudit | user=jenkins1000 | ip=192.168.5.176 | op=SEND_HEARTBEAT {datanodeUUID=98bb5522-a779-467f-a71e-3d66cbe7d5c3, command=[]} | ret=SUCCESS |  
2019-08-29 08:21:48,253 | INFO  | SCMAudit | user=jenkins1000 | ip=192.168.5.176 | op=ALLOCATE_BLOCK {owner=9fdecc79-81e1-4a44-afce-2a4fe23a6867, size=800, type=RATIS, factor=THREE} | ret=SUCCESS |  
2019-08-29 08:21:48,799 | INFO  | SCMAudit | user=jenkins1000 | ip=192.168.5.176 | op=SEND_HEARTBEAT {datanodeUUID=7fd4362d-ab2c-4d65-9042-74517d5987d2, command=[]} | ret=SUCCESS |  
2019-08-29 08:21:48,799 | INFO  | SCMAudit | user=jenkins1000 | ip=192.168.5.176 | op=SEND_HEARTBEAT {datanodeUUID=6932ec02-23cf-49d5-bf63-101b997409d4, command=[]} | ret=SUCCESS |  
2019-08-29 08:21:48,799 | INFO  | SCMAudit | user=jenkins1000 | ip=192.168.5.176 | op=SEND_HEARTBEAT {datanodeUUID=5b56fd10-665b-4a03-90fc-42cf6e7ef5f6, command=[]} | ret=SUCCESS |  
2019-08-29 08:21:48,835 | INFO  | OMAudit | user=jenkins1000 | ip=127.0.0.1 | op=ALLOCATE_KEY {volume=testblockoutputstream, bucket=testblockoutputstream, key=9fce4dcd-3fc0-46c3-9b8d-563ea1a6bd42, dataSize=800, replicationType=RATIS, replicationFactor=THREE, keyLocationInfo=[blockID {
  containerBlockID {
    containerID: 1
    localID: 102699296899137536
  }
  blockCommitSequenceId: 0
}
offset: 0
length: 800
createVersion: 0
pipeline {
  leaderID: ""
  members {
    uuid: "6932ec02-23cf-49d5-bf63-101b997409d4"
    ipAddress: "192.168.5.176"
    hostName: "pr-hdds-1909-44d2n-1519487446"
    ports {
      name: "RATIS"
      value: 37426
    }
    ports {
      name: "STANDALONE"
      value: 36777
    }
    networkName: "6932ec02-23cf-49d5-bf63-101b997409d4"
    networkLocation: "/default-rack"
  }
  members {
    uuid: "98bb5522-a779-467f-a71e-3d66cbe7d5c3"
    ipAddress: "192.168.5.176"
    hostName: "pr-hdds-1909-44d2n-1519487446"
    ports {
      name: "RATIS"
      value: 36329
    }
    ports {
      name: "STANDALONE"
      value: 46881
    }
    networkName: "98bb5522-a779-467f-a71e-3d66cbe7d5c3"
    networkLocation: "/default-rack"
  }
  members {
    uuid: "5b56fd10-665b-4a03-90fc-42cf6e7ef5f6"
    ipAddress: "192.168.5.176"
    hostName: "pr-hdds-1909-44d2n-1519487446"
    ports {
      name: "RATIS"
      value: 44608
    }
    ports {
      name: "STANDALONE"
      value: 37730
    }
    networkName: "5b56fd10-665b-4a03-90fc-42cf6e7ef5f6"
    networkLocation: "/default-rack"
  }
  state: PIPELINE_OPEN
  type: RATIS
  factor: THREE
  id {
    id: "e26ae616-4cf0-44c6-9636-59ca74b7186e"
  }
}
]} | ret=SUCCESS |  
2019-08-29 08:21:48,975 [grpc-default-executor-1] INFO  client.GrpcClientProtocolClient (GrpcClientProtocolClient.java:onNext(255)) - client-B9266A52B3FC->6932ec02-23cf-49d5-bf63-101b997409d4: receive RaftClientReply:client-B9266A52B3FC->6932ec02-23cf-49d5-bf63-101b997409d4@group-59CA74B7186E, cid=13, FAILED org.apache.ratis.protocol.NotLeaderException: Server 6932ec02-23cf-49d5-bf63-101b997409d4 is not the leader (null). Request must be sent to leader., logIndex=0, commits[6932ec02-23cf-49d5-bf63-101b997409d4:c-1]
2019-08-29 08:21:49,032 | INFO  | SCMAudit | user=jenkins1000 | ip=192.168.5.176 | op=SEND_HEARTBEAT {datanodeUUID=4e7efcb5-917e-488d-886e-16c99a39ab6f, command=[]} | ret=SUCCESS |  
2019-08-29 08:21:49,120 | INFO  | SCMAudit | user=jenkins1000 | ip=192.168.5.176 | op=SEND_HEARTBEAT {datanodeUUID=8944090c-39c7-48a8-859f-48289bd7a1e9, command=[]} | ret=SUCCESS |  
2019-08-29 08:21:49,175 | INFO  | SCMAudit | user=jenkins1000 | ip=192.168.5.176 | op=SEND_HEARTBEAT {datanodeUUID=67c35969-00c1-40e5-9eeb-9a2f6a2b337c, command=[]} | ret=SUCCESS |  
2019-08-29 08:21:49,243 | INFO  | SCMAudit | user=jenkins1000 | ip=192.168.5.176 | op=SEND_HEARTBEAT {datanodeUUID=98bb5522-a779-467f-a71e-3d66cbe7d5c3, command=[]} | ret=SUCCESS |  
2019-08-29 08:21:49,778 | INFO  | SCMAudit | user=jenkins1000 | ip=192.168.5.176 | op=SEND_HEARTBEAT {datanodeUUID=5b56fd10-665b-4a03-90fc-42cf6e7ef5f6, command=[]} | ret=SUCCESS |  
2019-08-29 08:21:49,790 | INFO  | SCMAudit | user=jenkins1000 | ip=192.168.5.176 | op=SEND_HEARTBEAT {datanodeUUID=7fd4362d-ab2c-4d65-9042-74517d5987d2, command=[]} | ret=SUCCESS |  
2019-08-29 08:21:49,794 | INFO  | SCMAudit | user=jenkins1000 | ip=192.168.5.176 | op=SEND_HEARTBEAT {datanodeUUID=6932ec02-23cf-49d5-bf63-101b997409d4, command=[]} | ret=SUCCESS |  
2019-08-29 08:21:50,026 [grpc-default-executor-1] INFO  client.GrpcClientProtocolClient (GrpcClientProtocolClient.java:onNext(255)) - client-B9266A52B3FC->5b56fd10-665b-4a03-90fc-42cf6e7ef5f6: receive RaftClientReply:client-B9266A52B3FC->5b56fd10-665b-4a03-90fc-42cf6e7ef5f6@group-59CA74B7186E, cid=13, FAILED org.apache.ratis.protocol.NotLeaderException: Server 5b56fd10-665b-4a03-90fc-42cf6e7ef5f6 is not the leader (null). Request must be sent to leader., logIndex=0, commits[5b56fd10-665b-4a03-90fc-42cf6e7ef5f6:c-1]
2019-08-29 08:21:50,037 | INFO  | SCMAudit | user=jenkins1000 | ip=192.168.5.176 | op=SEND_HEARTBEAT {datanodeUUID=4e7efcb5-917e-488d-886e-16c99a39ab6f, command=[]} | ret=SUCCESS |  
2019-08-29 08:21:50,105 | INFO  | SCMAudit | user=jenkins1000 | ip=192.168.5.176 | op=SEND_HEARTBEAT {datanodeUUID=8944090c-39c7-48a8-859f-48289bd7a1e9, command=[]} | ret=SUCCESS |  
2019-08-29 08:21:50,176 | INFO  | SCMAudit | user=jenkins1000 | ip=192.168.5.176 | op=SEND_HEARTBEAT {datanodeUUID=67c35969-00c1-40e5-9eeb-9a2f6a2b337c, command=[]} | ret=SUCCESS |  
2019-08-29 08:21:50,244 | INFO  | SCMAudit | user=jenkins1000 | ip=192.168.5.176 | op=SEND_HEARTBEAT {datanodeUUID=98bb5522-a779-467f-a71e-3d66cbe7d5c3, command=[]} | ret=SUCCESS |  
2019-08-29 08:21:50,778 | INFO  | SCMAudit | user=jenkins1000 | ip=192.168.5.176 | op=SEND_HEARTBEAT {datanodeUUID=5b56fd10-665b-4a03-90fc-42cf6e7ef5f6, command=[]} | ret=SUCCESS |  
2019-08-29 08:21:50,790 | INFO  | SCMAudit | user=jenkins1000 | ip=192.168.5.176 | op=SEND_HEARTBEAT {datanodeUUID=7fd4362d-ab2c-4d65-9042-74517d5987d2, command=[]} | ret=SUCCESS |  
2019-08-29 08:21:50,794 | INFO  | SCMAudit | user=jenkins1000 | ip=192.168.5.176 | op=SEND_HEARTBEAT {datanodeUUID=6932ec02-23cf-49d5-bf63-101b997409d4, command=[]} | ret=SUCCESS |  
2019-08-29 08:21:50,815 [Thread-239] INFO  impl.FollowerState (FollowerState.java:run(106)) - 4e7efcb5-917e-488d-886e-16c99a39ab6f:group-9ED342BC7AD4 changes to CANDIDATE, lastRpcTime:5029, electionTimeout:5028ms
2019-08-29 08:21:50,821 [Thread-239] INFO  impl.RoleInfo (RoleInfo.java:shutdownFollowerState(121)) - 4e7efcb5-917e-488d-886e-16c99a39ab6f: shutdown FollowerState
2019-08-29 08:21:50,821 [Thread-239] INFO  impl.RaftServerImpl (RaftServerImpl.java:setRole(171)) - 4e7efcb5-917e-488d-886e-16c99a39ab6f:group-9ED342BC7AD4 changes role from FOLLOWER to CANDIDATE at term 0 for changeToCandidate
2019-08-29 08:21:50,828 [Thread-239] INFO  impl.RoleInfo (RoleInfo.java:updateAndGet(143)) - 4e7efcb5-917e-488d-886e-16c99a39ab6f: start LeaderElection
2019-08-29 08:21:50,863 [4e7efcb5-917e-488d-886e-16c99a39ab6f:group-9ED342BC7AD4:LeaderElection1] INFO  impl.LeaderElection (LeaderElection.java:askForVotes(181)) - 4e7efcb5-917e-488d-886e-16c99a39ab6f:group-9ED342BC7AD4:LeaderElection1: begin an election at term 1 for -1: [4e7efcb5-917e-488d-886e-16c99a39ab6f:192.168.5.176:46276], old=null
2019-08-29 08:21:50,867 [4e7efcb5-917e-488d-886e-16c99a39ab6f:group-9ED342BC7AD4:LeaderElection1] INFO  impl.RoleInfo (RoleInfo.java:shutdownLeaderElection(134)) - 4e7efcb5-917e-488d-886e-16c99a39ab6f: shutdown LeaderElection
2019-08-29 08:21:50,868 [4e7efcb5-917e-488d-886e-16c99a39ab6f:group-9ED342BC7AD4:LeaderElection1] INFO  impl.RaftServerImpl (RaftServerImpl.java:setRole(171)) - 4e7efcb5-917e-488d-886e-16c99a39ab6f:group-9ED342BC7AD4 changes role from CANDIDATE to LEADER at term 1 for changeToLeader
2019-08-29 08:21:50,869 [4e7efcb5-917e-488d-886e-16c99a39ab6f:group-9ED342BC7AD4:LeaderElection1] INFO  impl.RaftServerImpl (ServerState.java:setLeader(263)) - 4e7efcb5-917e-488d-886e-16c99a39ab6f:group-9ED342BC7AD4 change Leader from null to 4e7efcb5-917e-488d-886e-16c99a39ab6f at term 1 for becomeLeader, leader elected after 5187ms
2019-08-29 08:21:50,878 [4e7efcb5-917e-488d-886e-16c99a39ab6f:group-9ED342BC7AD4:LeaderElection1] INFO  server.RaftServerConfigKeys (ConfUtils.java:logGet(43)) - raft.server.staging.catchup.gap = 1000 (default)
2019-08-29 08:21:50,878 [4e7efcb5-917e-488d-886e-16c99a39ab6f:group-9ED342BC7AD4:LeaderElection1] INFO  server.RaftServerConfigKeys (ConfUtils.java:logGet(43)) - raft.server.rpc.sleep.time = 25ms (default)
2019-08-29 08:21:50,882 [4e7efcb5-917e-488d-886e-16c99a39ab6f:group-9ED342BC7AD4:LeaderElection1] INFO  server.RaftServerConfigKeys (ConfUtils.java:logGet(43)) - raft.server.write.element-limit = 4096 (default)
2019-08-29 08:21:50,885 [4e7efcb5-917e-488d-886e-16c99a39ab6f:group-9ED342BC7AD4:LeaderElection1] INFO  server.RaftServerConfigKeys (ConfUtils.java:logGet(43)) - raft.server.watch.timeout = 10s (default)
2019-08-29 08:21:50,885 [4e7efcb5-917e-488d-886e-16c99a39ab6f:group-9ED342BC7AD4:LeaderElection1] INFO  server.RaftServerConfigKeys (ConfUtils.java:logGet(43)) - raft.server.watch.timeout.denomination = 1s (default)
2019-08-29 08:21:50,886 [4e7efcb5-917e-488d-886e-16c99a39ab6f:group-9ED342BC7AD4:LeaderElection1] INFO  server.RaftServerConfigKeys (ConfUtils.java:logGet(43)) - raft.server.watch.element-limit = 65536 (default)
2019-08-29 08:21:50,896 [4e7efcb5-917e-488d-886e-16c99a39ab6f:group-9ED342BC7AD4:LeaderElection1] INFO  impl.RoleInfo (RoleInfo.java:updateAndGet(143)) - 4e7efcb5-917e-488d-886e-16c99a39ab6f: start LeaderState
2019-08-29 08:21:50,924 [4e7efcb5-917e-488d-886e-16c99a39ab6f:group-9ED342BC7AD4:LeaderElection1] INFO  segmented.SegmentedRaftLogWorker (SegmentedRaftLogWorker.java:startLogSegment(380)) - 4e7efcb5-917e-488d-886e-16c99a39ab6f-SegmentedRaftLogWorker:Storage Directory /workdir/hadoop-ozone/integration-test/target/test-dir/MiniOzoneClusterImpl-ab0df1f0-a3d6-4d90-a98d-535794749ce9/datanode-0/data/ratis/fa7312ae-ccc9-4e71-a788-9ed342bc7ad4: Starting segment from index:0
2019-08-29 08:21:50,933 [4e7efcb5-917e-488d-886e-16c99a39ab6f:group-9ED342BC7AD4:LeaderElection1] INFO  impl.RaftServerImpl (ServerState.java:setRaftConf(361)) - 4e7efcb5-917e-488d-886e-16c99a39ab6f:group-9ED342BC7AD4 set configuration 0: [4e7efcb5-917e-488d-886e-16c99a39ab6f:192.168.5.176:46276], old=null at 0
2019-08-29 08:21:51,031 | INFO  | SCMAudit | user=jenkins1000 | ip=192.168.5.176 | op=SEND_HEARTBEAT {datanodeUUID=4e7efcb5-917e-488d-886e-16c99a39ab6f, command=[]} | ret=SUCCESS |  
2019-08-29 08:21:51,045 [grpc-default-executor-0] INFO  client.GrpcClientProtocolClient (GrpcClientProtocolClient.java:onNext(255)) - client-B9266A52B3FC->6932ec02-23cf-49d5-bf63-101b997409d4: receive RaftClientReply:client-B9266A52B3FC->6932ec02-23cf-49d5-bf63-101b997409d4@group-59CA74B7186E, cid=13, FAILED org.apache.ratis.protocol.NotLeaderException: Server 6932ec02-23cf-49d5-bf63-101b997409d4 is not the leader (null). Request must be sent to leader., logIndex=0, commits[6932ec02-23cf-49d5-bf63-101b997409d4:c-1]
2019-08-29 08:21:51,104 | INFO  | SCMAudit | user=jenkins1000 | ip=192.168.5.176 | op=SEND_HEARTBEAT {datanodeUUID=8944090c-39c7-48a8-859f-48289bd7a1e9, command=[]} | ret=SUCCESS |  
2019-08-29 08:21:51,110 [4e7efcb5-917e-488d-886e-16c99a39ab6f-SegmentedRaftLogWorker:Storage Directory /workdir/hadoop-ozone/integration-test/target/test-dir/MiniOzoneClusterImpl-ab0df1f0-a3d6-4d90-a98d-535794749ce9/datanode-0/data/ratis/fa7312ae-ccc9-4e71-a788-9ed342bc7ad4] INFO  segmented.SegmentedRaftLogWorker (SegmentedRaftLogWorker.java:execute(569)) - 4e7efcb5-917e-488d-886e-16c99a39ab6f-SegmentedRaftLogWorker:Storage Directory /workdir/hadoop-ozone/integration-test/target/test-dir/MiniOzoneClusterImpl-ab0df1f0-a3d6-4d90-a98d-535794749ce9/datanode-0/data/ratis/fa7312ae-ccc9-4e71-a788-9ed342bc7ad4: created new log segment /workdir/hadoop-ozone/integration-test/target/test-dir/MiniOzoneClusterImpl-ab0df1f0-a3d6-4d90-a98d-535794749ce9/datanode-0/data/ratis/fa7312ae-ccc9-4e71-a788-9ed342bc7ad4/current/log_inprogress_0
2019-08-29 08:21:51,176 | INFO  | SCMAudit | user=jenkins1000 | ip=192.168.5.176 | op=SEND_HEARTBEAT {datanodeUUID=67c35969-00c1-40e5-9eeb-9a2f6a2b337c, command=[]} | ret=SUCCESS |  
2019-08-29 08:21:51,201 [Thread-242] INFO  impl.FollowerState (FollowerState.java:run(106)) - 6932ec02-23cf-49d5-bf63-101b997409d4:group-53547357EFF4 changes to CANDIDATE, lastRpcTime:5182, electionTimeout:5181ms
2019-08-29 08:21:51,206 [Thread-242] INFO  impl.RoleInfo (RoleInfo.java:shutdownFollowerState(121)) - 6932ec02-23cf-49d5-bf63-101b997409d4: shutdown FollowerState
2019-08-29 08:21:51,206 [Thread-242] INFO  impl.RaftServerImpl (RaftServerImpl.java:setRole(171)) - 6932ec02-23cf-49d5-bf63-101b997409d4:group-53547357EFF4 changes role from FOLLOWER to CANDIDATE at term 0 for changeToCandidate
2019-08-29 08:21:51,207 [Thread-242] INFO  impl.RoleInfo (RoleInfo.java:updateAndGet(143)) - 6932ec02-23cf-49d5-bf63-101b997409d4: start LeaderElection
2019-08-29 08:21:51,237 [6932ec02-23cf-49d5-bf63-101b997409d4:group-53547357EFF4:LeaderElection2] INFO  impl.LeaderElection (LeaderElection.java:askForVotes(181)) - 6932ec02-23cf-49d5-bf63-101b997409d4:group-53547357EFF4:LeaderElection2: begin an election at term 1 for -1: [6932ec02-23cf-49d5-bf63-101b997409d4:192.168.5.176:37426], old=null
2019-08-29 08:21:51,241 [6932ec02-23cf-49d5-bf63-101b997409d4:group-53547357EFF4:LeaderElection2] INFO  impl.RoleInfo (RoleInfo.java:shutdownLeaderElection(134)) - 6932ec02-23cf-49d5-bf63-101b997409d4: shutdown LeaderElection
2019-08-29 08:21:51,241 [6932ec02-23cf-49d5-bf63-101b997409d4:group-53547357EFF4:LeaderElection2] INFO  impl.RaftServerImpl (RaftServerImpl.java:setRole(171)) - 6932ec02-23cf-49d5-bf63-101b997409d4:group-53547357EFF4 changes role from CANDIDATE to LEADER at term 1 for changeToLeader
2019-08-29 08:21:51,241 [6932ec02-23cf-49d5-bf63-101b997409d4:group-53547357EFF4:LeaderElection2] INFO  impl.RaftServerImpl (ServerState.java:setLeader(263)) - 6932ec02-23cf-49d5-bf63-101b997409d4:group-53547357EFF4 change Leader from null to 6932ec02-23cf-49d5-bf63-101b997409d4 at term 1 for becomeLeader, leader elected after 5227ms
2019-08-29 08:21:51,242 [6932ec02-23cf-49d5-bf63-101b997409d4:group-53547357EFF4:LeaderElection2] INFO  server.RaftServerConfigKeys (ConfUtils.java:logGet(43)) - raft.server.staging.catchup.gap = 1000 (default)
2019-08-29 08:21:51,243 [6932ec02-23cf-49d5-bf63-101b997409d4:group-53547357EFF4:LeaderElection2] INFO  server.RaftServerConfigKeys (ConfUtils.java:logGet(43)) - raft.server.rpc.sleep.time = 25ms (default)
2019-08-29 08:21:51,243 [6932ec02-23cf-49d5-bf63-101b997409d4:group-53547357EFF4:LeaderElection2] INFO  server.RaftServerConfigKeys (ConfUtils.java:logGet(43)) - raft.server.write.element-limit = 4096 (default)
2019-08-29 08:21:51,243 [6932ec02-23cf-49d5-bf63-101b997409d4:group-53547357EFF4:LeaderElection2] INFO  server.RaftServerConfigKeys (ConfUtils.java:logGet(43)) - raft.server.watch.timeout = 10s (default)
2019-08-29 08:21:51,243 [6932ec02-23cf-49d5-bf63-101b997409d4:group-53547357EFF4:LeaderElection2] INFO  server.RaftServerConfigKeys (ConfUtils.java:logGet(43)) - raft.server.watch.timeout.denomination = 1s (default)
2019-08-29 08:21:51,243 [6932ec02-23cf-49d5-bf63-101b997409d4:group-53547357EFF4:LeaderElection2] INFO  server.RaftServerConfigKeys (ConfUtils.java:logGet(43)) - raft.server.watch.element-limit = 65536 (default)
2019-08-29 08:21:51,243 [6932ec02-23cf-49d5-bf63-101b997409d4:group-53547357EFF4:LeaderElection2] INFO  impl.RoleInfo (RoleInfo.java:updateAndGet(143)) - 6932ec02-23cf-49d5-bf63-101b997409d4: start LeaderState
2019-08-29 08:21:51,244 [6932ec02-23cf-49d5-bf63-101b997409d4:group-53547357EFF4:LeaderElection2] INFO  segmented.SegmentedRaftLogWorker (SegmentedRaftLogWorker.java:startLogSegment(380)) - 6932ec02-23cf-49d5-bf63-101b997409d4-SegmentedRaftLogWorker:Storage Directory /workdir/hadoop-ozone/integration-test/target/test-dir/MiniOzoneClusterImpl-ab0df1f0-a3d6-4d90-a98d-535794749ce9/datanode-4/data/ratis/49fd14f1-d2e2-4c43-b55b-53547357eff4: Starting segment from index:0
2019-08-29 08:21:51,244 | INFO  | SCMAudit | user=jenkins1000 | ip=192.168.5.176 | op=SEND_HEARTBEAT {datanodeUUID=98bb5522-a779-467f-a71e-3d66cbe7d5c3, command=[]} | ret=SUCCESS |  
2019-08-29 08:21:51,244 [6932ec02-23cf-49d5-bf63-101b997409d4:group-53547357EFF4:LeaderElection2] INFO  impl.RaftServerImpl (ServerState.java:setRaftConf(361)) - 6932ec02-23cf-49d5-bf63-101b997409d4:group-53547357EFF4 set configuration 0: [6932ec02-23cf-49d5-bf63-101b997409d4:192.168.5.176:37426], old=null at 0
2019-08-29 08:21:51,272 [Thread-248] INFO  impl.FollowerState (FollowerState.java:run(106)) - 5b56fd10-665b-4a03-90fc-42cf6e7ef5f6:group-D72C42C83A90 changes to CANDIDATE, lastRpcTime:5028, electionTimeout:5023ms
2019-08-29 08:21:51,273 [Thread-248] INFO  impl.RoleInfo (RoleInfo.java:shutdownFollowerState(121)) - 5b56fd10-665b-4a03-90fc-42cf6e7ef5f6: shutdown FollowerState
2019-08-29 08:21:51,273 [Thread-248] INFO  impl.RaftServerImpl (RaftServerImpl.java:setRole(171)) - 5b56fd10-665b-4a03-90fc-42cf6e7ef5f6:group-D72C42C83A90 changes role from FOLLOWER to CANDIDATE at term 0 for changeToCandidate
2019-08-29 08:21:51,273 [Thread-248] INFO  impl.RoleInfo (RoleInfo.java:updateAndGet(143)) - 5b56fd10-665b-4a03-90fc-42cf6e7ef5f6: start LeaderElection
2019-08-29 08:21:51,289 [Thread-245] INFO  impl.FollowerState (FollowerState.java:run(106)) - 98bb5522-a779-467f-a71e-3d66cbe7d5c3:group-89E6A58018FB changes to CANDIDATE, lastRpcTime:5179, electionTimeout:5179ms
2019-08-29 08:21:51,289 [Thread-245] INFO  impl.RoleInfo (RoleInfo.java:shutdownFollowerState(121)) - 98bb5522-a779-467f-a71e-3d66cbe7d5c3: shutdown FollowerState
2019-08-29 08:21:51,289 [Thread-245] INFO  impl.RaftServerImpl (RaftServerImpl.java:setRole(171)) - 98bb5522-a779-467f-a71e-3d66cbe7d5c3:group-89E6A58018FB changes role from FOLLOWER to CANDIDATE at term 0 for changeToCandidate
2019-08-29 08:21:51,289 [Thread-245] INFO  impl.RoleInfo (RoleInfo.java:updateAndGet(143)) - 98bb5522-a779-467f-a71e-3d66cbe7d5c3: start LeaderElection
2019-08-29 08:21:51,303 [6932ec02-23cf-49d5-bf63-101b997409d4-SegmentedRaftLogWorker:Storage Directory /workdir/hadoop-ozone/integration-test/target/test-dir/MiniOzoneClusterImpl-ab0df1f0-a3d6-4d90-a98d-535794749ce9/datanode-4/data/ratis/49fd14f1-d2e2-4c43-b55b-53547357eff4] INFO  segmented.SegmentedRaftLogWorker (SegmentedRaftLogWorker.java:execute(569)) - 6932ec02-23cf-49d5-bf63-101b997409d4-SegmentedRaftLogWorker:Storage Directory /workdir/hadoop-ozone/integration-test/target/test-dir/MiniOzoneClusterImpl-ab0df1f0-a3d6-4d90-a98d-535794749ce9/datanode-4/data/ratis/49fd14f1-d2e2-4c43-b55b-53547357eff4: created new log segment /workdir/hadoop-ozone/integration-test/target/test-dir/MiniOzoneClusterImpl-ab0df1f0-a3d6-4d90-a98d-535794749ce9/datanode-4/data/ratis/49fd14f1-d2e2-4c43-b55b-53547357eff4/current/log_inprogress_0
2019-08-29 08:21:51,303 [5b56fd10-665b-4a03-90fc-42cf6e7ef5f6:group-D72C42C83A90:LeaderElection3] INFO  impl.LeaderElection (LeaderElection.java:askForVotes(181)) - 5b56fd10-665b-4a03-90fc-42cf6e7ef5f6:group-D72C42C83A90:LeaderElection3: begin an election at term 1 for -1: [5b56fd10-665b-4a03-90fc-42cf6e7ef5f6:192.168.5.176:44608], old=null
2019-08-29 08:21:51,304 [5b56fd10-665b-4a03-90fc-42cf6e7ef5f6:group-D72C42C83A90:LeaderElection3] INFO  impl.RoleInfo (RoleInfo.java:shutdownLeaderElection(134)) - 5b56fd10-665b-4a03-90fc-42cf6e7ef5f6: shutdown LeaderElection
2019-08-29 08:21:51,304 [5b56fd10-665b-4a03-90fc-42cf6e7ef5f6:group-D72C42C83A90:LeaderElection3] INFO  impl.RaftServerImpl (RaftServerImpl.java:setRole(171)) - 5b56fd10-665b-4a03-90fc-42cf6e7ef5f6:group-D72C42C83A90 changes role from CANDIDATE to LEADER at term 1 for changeToLeader
2019-08-29 08:21:51,304 [5b56fd10-665b-4a03-90fc-42cf6e7ef5f6:group-D72C42C83A90:LeaderElection3] INFO  impl.RaftServerImpl (ServerState.java:setLeader(263)) - 5b56fd10-665b-4a03-90fc-42cf6e7ef5f6:group-D72C42C83A90 change Leader from null to 5b56fd10-665b-4a03-90fc-42cf6e7ef5f6 at term 1 for becomeLeader, leader elected after 5063ms
2019-08-29 08:21:51,305 [5b56fd10-665b-4a03-90fc-42cf6e7ef5f6:group-D72C42C83A90:LeaderElection3] INFO  server.RaftServerConfigKeys (ConfUtils.java:logGet(43)) - raft.server.staging.catchup.gap = 1000 (default)
2019-08-29 08:21:51,305 [5b56fd10-665b-4a03-90fc-42cf6e7ef5f6:group-D72C42C83A90:LeaderElection3] INFO  server.RaftServerConfigKeys (ConfUtils.java:logGet(43)) - raft.server.rpc.sleep.time = 25ms (default)
2019-08-29 08:21:51,306 [5b56fd10-665b-4a03-90fc-42cf6e7ef5f6:group-D72C42C83A90:LeaderElection3] INFO  server.RaftServerConfigKeys (ConfUtils.java:logGet(43)) - raft.server.write.element-limit = 4096 (default)
2019-08-29 08:21:51,306 [5b56fd10-665b-4a03-90fc-42cf6e7ef5f6:group-D72C42C83A90:LeaderElection3] INFO  server.RaftServerConfigKeys (ConfUtils.java:logGet(43)) - raft.server.watch.timeout = 10s (default)
2019-08-29 08:21:51,306 [5b56fd10-665b-4a03-90fc-42cf6e7ef5f6:group-D72C42C83A90:LeaderElection3] INFO  server.RaftServerConfigKeys (ConfUtils.java:logGet(43)) - raft.server.watch.timeout.denomination = 1s (default)
2019-08-29 08:21:51,306 [5b56fd10-665b-4a03-90fc-42cf6e7ef5f6:group-D72C42C83A90:LeaderElection3] INFO  server.RaftServerConfigKeys (ConfUtils.java:logGet(43)) - raft.server.watch.element-limit = 65536 (default)
2019-08-29 08:21:51,306 [5b56fd10-665b-4a03-90fc-42cf6e7ef5f6:group-D72C42C83A90:LeaderElection3] INFO  impl.RoleInfo (RoleInfo.java:updateAndGet(143)) - 5b56fd10-665b-4a03-90fc-42cf6e7ef5f6: start LeaderState
2019-08-29 08:21:51,307 [5b56fd10-665b-4a03-90fc-42cf6e7ef5f6:group-D72C42C83A90:LeaderElection3] INFO  segmented.SegmentedRaftLogWorker (SegmentedRaftLogWorker.java:startLogSegment(380)) - 5b56fd10-665b-4a03-90fc-42cf6e7ef5f6-SegmentedRaftLogWorker:Storage Directory /workdir/hadoop-ozone/integration-test/target/test-dir/MiniOzoneClusterImpl-ab0df1f0-a3d6-4d90-a98d-535794749ce9/datanode-6/data/ratis/9a905605-37b3-4e25-bb1e-d72c42c83a90: Starting segment from index:0
2019-08-29 08:21:51,307 [5b56fd10-665b-4a03-90fc-42cf6e7ef5f6:group-D72C42C83A90:LeaderElection3] INFO  impl.RaftServerImpl (ServerState.java:setRaftConf(361)) - 5b56fd10-665b-4a03-90fc-42cf6e7ef5f6:group-D72C42C83A90 set configuration 0: [5b56fd10-665b-4a03-90fc-42cf6e7ef5f6:192.168.5.176:44608], old=null at 0
2019-08-29 08:21:51,347 [5b56fd10-665b-4a03-90fc-42cf6e7ef5f6-SegmentedRaftLogWorker:Storage Directory /workdir/hadoop-ozone/integration-test/target/test-dir/MiniOzoneClusterImpl-ab0df1f0-a3d6-4d90-a98d-535794749ce9/datanode-6/data/ratis/9a905605-37b3-4e25-bb1e-d72c42c83a90] INFO  segmented.SegmentedRaftLogWorker (SegmentedRaftLogWorker.java:execute(569)) - 5b56fd10-665b-4a03-90fc-42cf6e7ef5f6-SegmentedRaftLogWorker:Storage Directory /workdir/hadoop-ozone/integration-test/target/test-dir/MiniOzoneClusterImpl-ab0df1f0-a3d6-4d90-a98d-535794749ce9/datanode-6/data/ratis/9a905605-37b3-4e25-bb1e-d72c42c83a90: created new log segment /workdir/hadoop-ozone/integration-test/target/test-dir/MiniOzoneClusterImpl-ab0df1f0-a3d6-4d90-a98d-535794749ce9/datanode-6/data/ratis/9a905605-37b3-4e25-bb1e-d72c42c83a90/current/log_inprogress_0
2019-08-29 08:21:51,349 [98bb5522-a779-467f-a71e-3d66cbe7d5c3:group-89E6A58018FB:LeaderElection4] INFO  impl.LeaderElection (LeaderElection.java:askForVotes(181)) - 98bb5522-a779-467f-a71e-3d66cbe7d5c3:group-89E6A58018FB:LeaderElection4: begin an election at term 1 for -1: [98bb5522-a779-467f-a71e-3d66cbe7d5c3:192.168.5.176:36329], old=null
2019-08-29 08:21:51,349 [Thread-251] INFO  impl.FollowerState (FollowerState.java:run(106)) - 7fd4362d-ab2c-4d65-9042-74517d5987d2:group-D00F62AEC1DE changes to CANDIDATE, lastRpcTime:5044, electionTimeout:5043ms
2019-08-29 08:21:51,355 [98bb5522-a779-467f-a71e-3d66cbe7d5c3:group-89E6A58018FB:LeaderElection4] INFO  impl.RoleInfo (RoleInfo.java:shutdownLeaderElection(134)) - 98bb5522-a779-467f-a71e-3d66cbe7d5c3: shutdown LeaderElection
2019-08-29 08:21:51,356 [Thread-251] INFO  impl.RoleInfo (RoleInfo.java:shutdownFollowerState(121)) - 7fd4362d-ab2c-4d65-9042-74517d5987d2: shutdown FollowerState
2019-08-29 08:21:51,358 [98bb5522-a779-467f-a71e-3d66cbe7d5c3:group-89E6A58018FB:LeaderElection4] INFO  impl.RaftServerImpl (RaftServerImpl.java:setRole(171)) - 98bb5522-a779-467f-a71e-3d66cbe7d5c3:group-89E6A58018FB changes role from CANDIDATE to LEADER at term 1 for changeToLeader
2019-08-29 08:21:51,358 [Thread-251] INFO  impl.RaftServerImpl (RaftServerImpl.java:setRole(171)) - 7fd4362d-ab2c-4d65-9042-74517d5987d2:group-D00F62AEC1DE changes role from FOLLOWER to CANDIDATE at term 0 for changeToCandidate
2019-08-29 08:21:51,358 [98bb5522-a779-467f-a71e-3d66cbe7d5c3:group-89E6A58018FB:LeaderElection4] INFO  impl.RaftServerImpl (ServerState.java:setLeader(263)) - 98bb5522-a779-467f-a71e-3d66cbe7d5c3:group-89E6A58018FB change Leader from null to 98bb5522-a779-467f-a71e-3d66cbe7d5c3 at term 1 for becomeLeader, leader elected after 5261ms
2019-08-29 08:21:51,358 [Thread-251] INFO  impl.RoleInfo (RoleInfo.java:updateAndGet(143)) - 7fd4362d-ab2c-4d65-9042-74517d5987d2: start LeaderElection
2019-08-29 08:21:51,360 [98bb5522-a779-467f-a71e-3d66cbe7d5c3:group-89E6A58018FB:LeaderElection4] INFO  server.RaftServerConfigKeys (ConfUtils.java:logGet(43)) - raft.server.staging.catchup.gap = 1000 (default)
2019-08-29 08:21:51,360 [98bb5522-a779-467f-a71e-3d66cbe7d5c3:group-89E6A58018FB:LeaderElection4] INFO  server.RaftServerConfigKeys (ConfUtils.java:logGet(43)) - raft.server.rpc.sleep.time = 25ms (default)
2019-08-29 08:21:51,365 [98bb5522-a779-467f-a71e-3d66cbe7d5c3:group-89E6A58018FB:LeaderElection4] INFO  server.RaftServerConfigKeys (ConfUtils.java:logGet(43)) - raft.server.write.element-limit = 4096 (default)
2019-08-29 08:21:51,365 [98bb5522-a779-467f-a71e-3d66cbe7d5c3:group-89E6A58018FB:LeaderElection4] INFO  server.RaftServerConfigKeys (ConfUtils.java:logGet(43)) - raft.server.watch.timeout = 10s (default)
2019-08-29 08:21:51,365 [98bb5522-a779-467f-a71e-3d66cbe7d5c3:group-89E6A58018FB:LeaderElection4] INFO  server.RaftServerConfigKeys (ConfUtils.java:logGet(43)) - raft.server.watch.timeout.denomination = 1s (default)
2019-08-29 08:21:51,365 [98bb5522-a779-467f-a71e-3d66cbe7d5c3:group-89E6A58018FB:LeaderElection4] INFO  server.RaftServerConfigKeys (ConfUtils.java:logGet(43)) - raft.server.watch.element-limit = 65536 (default)
2019-08-29 08:21:51,365 [98bb5522-a779-467f-a71e-3d66cbe7d5c3:group-89E6A58018FB:LeaderElection4] INFO  impl.RoleInfo (RoleInfo.java:updateAndGet(143)) - 98bb5522-a779-467f-a71e-3d66cbe7d5c3: start LeaderState
2019-08-29 08:21:51,366 [98bb5522-a779-467f-a71e-3d66cbe7d5c3:group-89E6A58018FB:LeaderElection4] INFO  segmented.SegmentedRaftLogWorker (SegmentedRaftLogWorker.java:startLogSegment(380)) - 98bb5522-a779-467f-a71e-3d66cbe7d5c3-SegmentedRaftLogWorker:Storage Directory /workdir/hadoop-ozone/integration-test/target/test-dir/MiniOzoneClusterImpl-ab0df1f0-a3d6-4d90-a98d-535794749ce9/datanode-3/data/ratis/1bad1a8e-8132-4863-a103-89e6a58018fb: Starting segment from index:0
2019-08-29 08:21:51,366 [98bb5522-a779-467f-a71e-3d66cbe7d5c3:group-89E6A58018FB:LeaderElection4] INFO  impl.RaftServerImpl (ServerState.java:setRaftConf(361)) - 98bb5522-a779-467f-a71e-3d66cbe7d5c3:group-89E6A58018FB set configuration 0: [98bb5522-a779-467f-a71e-3d66cbe7d5c3:192.168.5.176:36329], old=null at 0
2019-08-29 08:21:51,394 [7fd4362d-ab2c-4d65-9042-74517d5987d2:group-D00F62AEC1DE:LeaderElection5] INFO  impl.LeaderElection (LeaderElection.java:askForVotes(181)) - 7fd4362d-ab2c-4d65-9042-74517d5987d2:group-D00F62AEC1DE:LeaderElection5: begin an election at term 1 for -1: [7fd4362d-ab2c-4d65-9042-74517d5987d2:192.168.5.176:33357], old=null
2019-08-29 08:21:51,394 [7fd4362d-ab2c-4d65-9042-74517d5987d2:group-D00F62AEC1DE:LeaderElection5] INFO  impl.RoleInfo (RoleInfo.java:shutdownLeaderElection(134)) - 7fd4362d-ab2c-4d65-9042-74517d5987d2: shutdown LeaderElection
2019-08-29 08:21:51,394 [7fd4362d-ab2c-4d65-9042-74517d5987d2:group-D00F62AEC1DE:LeaderElection5] INFO  impl.RaftServerImpl (RaftServerImpl.java:setRole(171)) - 7fd4362d-ab2c-4d65-9042-74517d5987d2:group-D00F62AEC1DE changes role from CANDIDATE to LEADER at term 1 for changeToLeader
2019-08-29 08:21:51,394 [7fd4362d-ab2c-4d65-9042-74517d5987d2:group-D00F62AEC1DE:LeaderElection5] INFO  impl.RaftServerImpl (ServerState.java:setLeader(263)) - 7fd4362d-ab2c-4d65-9042-74517d5987d2:group-D00F62AEC1DE change Leader from null to 7fd4362d-ab2c-4d65-9042-74517d5987d2 at term 1 for becomeLeader, leader elected after 5094ms
2019-08-29 08:21:51,396 [7fd4362d-ab2c-4d65-9042-74517d5987d2:group-D00F62AEC1DE:LeaderElection5] INFO  server.RaftServerConfigKeys (ConfUtils.java:logGet(43)) - raft.server.staging.catchup.gap = 1000 (default)
2019-08-29 08:21:51,396 [7fd4362d-ab2c-4d65-9042-74517d5987d2:group-D00F62AEC1DE:LeaderElection5] INFO  server.RaftServerConfigKeys (ConfUtils.java:logGet(43)) - raft.server.rpc.sleep.time = 25ms (default)
2019-08-29 08:21:51,397 [7fd4362d-ab2c-4d65-9042-74517d5987d2:group-D00F62AEC1DE:LeaderElection5] INFO  server.RaftServerConfigKeys (ConfUtils.java:logGet(43)) - raft.server.write.element-limit = 4096 (default)
2019-08-29 08:21:51,397 [7fd4362d-ab2c-4d65-9042-74517d5987d2:group-D00F62AEC1DE:LeaderElection5] INFO  server.RaftServerConfigKeys (ConfUtils.java:logGet(43)) - raft.server.watch.timeout = 10s (default)
2019-08-29 08:21:51,397 [7fd4362d-ab2c-4d65-9042-74517d5987d2:group-D00F62AEC1DE:LeaderElection5] INFO  server.RaftServerConfigKeys (ConfUtils.java:logGet(43)) - raft.server.watch.timeout.denomination = 1s (default)
2019-08-29 08:21:51,397 [7fd4362d-ab2c-4d65-9042-74517d5987d2:group-D00F62AEC1DE:LeaderElection5] INFO  server.RaftServerConfigKeys (ConfUtils.java:logGet(43)) - raft.server.watch.element-limit = 65536 (default)
2019-08-29 08:21:51,397 [7fd4362d-ab2c-4d65-9042-74517d5987d2:group-D00F62AEC1DE:LeaderElection5] INFO  impl.RoleInfo (RoleInfo.java:updateAndGet(143)) - 7fd4362d-ab2c-4d65-9042-74517d5987d2: start LeaderState
2019-08-29 08:21:51,397 [7fd4362d-ab2c-4d65-9042-74517d5987d2:group-D00F62AEC1DE:LeaderElection5] INFO  segmented.SegmentedRaftLogWorker (SegmentedRaftLogWorker.java:startLogSegment(380)) - 7fd4362d-ab2c-4d65-9042-74517d5987d2-SegmentedRaftLogWorker:Storage Directory /workdir/hadoop-ozone/integration-test/target/test-dir/MiniOzoneClusterImpl-ab0df1f0-a3d6-4d90-a98d-535794749ce9/datanode-5/data/ratis/d4fe32f7-3116-470d-8a0f-d00f62aec1de: Starting segment from index:0
2019-08-29 08:21:51,398 [7fd4362d-ab2c-4d65-9042-74517d5987d2:group-D00F62AEC1DE:LeaderElection5] INFO  impl.RaftServerImpl (ServerState.java:setRaftConf(361)) - 7fd4362d-ab2c-4d65-9042-74517d5987d2:group-D00F62AEC1DE set configuration 0: [7fd4362d-ab2c-4d65-9042-74517d5987d2:192.168.5.176:33357], old=null at 0
2019-08-29 08:21:51,426 [98bb5522-a779-467f-a71e-3d66cbe7d5c3-SegmentedRaftLogWorker:Storage Directory /workdir/hadoop-ozone/integration-test/target/test-dir/MiniOzoneClusterImpl-ab0df1f0-a3d6-4d90-a98d-535794749ce9/datanode-3/data/ratis/1bad1a8e-8132-4863-a103-89e6a58018fb] INFO  segmented.SegmentedRaftLogWorker (SegmentedRaftLogWorker.java:execute(569)) - 98bb5522-a779-467f-a71e-3d66cbe7d5c3-SegmentedRaftLogWorker:Storage Directory /workdir/hadoop-ozone/integration-test/target/test-dir/MiniOzoneClusterImpl-ab0df1f0-a3d6-4d90-a98d-535794749ce9/datanode-3/data/ratis/1bad1a8e-8132-4863-a103-89e6a58018fb: created new log segment /workdir/hadoop-ozone/integration-test/target/test-dir/MiniOzoneClusterImpl-ab0df1f0-a3d6-4d90-a98d-535794749ce9/datanode-3/data/ratis/1bad1a8e-8132-4863-a103-89e6a58018fb/current/log_inprogress_0
2019-08-29 08:21:51,431 [7fd4362d-ab2c-4d65-9042-74517d5987d2-SegmentedRaftLogWorker:Storage Directory /workdir/hadoop-ozone/integration-test/target/test-dir/MiniOzoneClusterImpl-ab0df1f0-a3d6-4d90-a98d-535794749ce9/datanode-5/data/ratis/d4fe32f7-3116-470d-8a0f-d00f62aec1de] INFO  segmented.SegmentedRaftLogWorker (SegmentedRaftLogWorker.java:execute(569)) - 7fd4362d-ab2c-4d65-9042-74517d5987d2-SegmentedRaftLogWorker:Storage Directory /workdir/hadoop-ozone/integration-test/target/test-dir/MiniOzoneClusterImpl-ab0df1f0-a3d6-4d90-a98d-535794749ce9/datanode-5/data/ratis/d4fe32f7-3116-470d-8a0f-d00f62aec1de: created new log segment /workdir/hadoop-ozone/integration-test/target/test-dir/MiniOzoneClusterImpl-ab0df1f0-a3d6-4d90-a98d-535794749ce9/datanode-5/data/ratis/d4fe32f7-3116-470d-8a0f-d00f62aec1de/current/log_inprogress_0
2019-08-29 08:21:51,473 [Thread-254] INFO  impl.FollowerState (FollowerState.java:run(106)) - 67c35969-00c1-40e5-9eeb-9a2f6a2b337c:group-C7E9D55E67C1 changes to CANDIDATE, lastRpcTime:5040, electionTimeout:5040ms
2019-08-29 08:21:51,475 [Thread-254] INFO  impl.RoleInfo (RoleInfo.java:shutdownFollowerState(121)) - 67c35969-00c1-40e5-9eeb-9a2f6a2b337c: shutdown FollowerState
2019-08-29 08:21:51,475 [Thread-254] INFO  impl.RaftServerImpl (RaftServerImpl.java:setRole(171)) - 67c35969-00c1-40e5-9eeb-9a2f6a2b337c:group-C7E9D55E67C1 changes role from FOLLOWER to CANDIDATE at term 0 for changeToCandidate
2019-08-29 08:21:51,475 [Thread-254] INFO  impl.RoleInfo (RoleInfo.java:updateAndGet(143)) - 67c35969-00c1-40e5-9eeb-9a2f6a2b337c: start LeaderElection
2019-08-29 08:21:51,492 [67c35969-00c1-40e5-9eeb-9a2f6a2b337c:group-C7E9D55E67C1:LeaderElection6] INFO  impl.LeaderElection (LeaderElection.java:askForVotes(181)) - 67c35969-00c1-40e5-9eeb-9a2f6a2b337c:group-C7E9D55E67C1:LeaderElection6: begin an election at term 1 for -1: [67c35969-00c1-40e5-9eeb-9a2f6a2b337c:192.168.5.176:43496], old=null
2019-08-29 08:21:51,494 [67c35969-00c1-40e5-9eeb-9a2f6a2b337c:group-C7E9D55E67C1:LeaderElection6] INFO  impl.RoleInfo (RoleInfo.java:shutdownLeaderElection(134)) - 67c35969-00c1-40e5-9eeb-9a2f6a2b337c: shutdown LeaderElection
2019-08-29 08:21:51,494 [67c35969-00c1-40e5-9eeb-9a2f6a2b337c:group-C7E9D55E67C1:LeaderElection6] INFO  impl.RaftServerImpl (RaftServerImpl.java:setRole(171)) - 67c35969-00c1-40e5-9eeb-9a2f6a2b337c:group-C7E9D55E67C1 changes role from CANDIDATE to LEADER at term 1 for changeToLeader
2019-08-29 08:21:51,494 [67c35969-00c1-40e5-9eeb-9a2f6a2b337c:group-C7E9D55E67C1:LeaderElection6] INFO  impl.RaftServerImpl (ServerState.java:setLeader(263)) - 67c35969-00c1-40e5-9eeb-9a2f6a2b337c:group-C7E9D55E67C1 change Leader from null to 67c35969-00c1-40e5-9eeb-9a2f6a2b337c at term 1 for becomeLeader, leader elected after 5074ms
2019-08-29 08:21:51,496 [67c35969-00c1-40e5-9eeb-9a2f6a2b337c:group-C7E9D55E67C1:LeaderElection6] INFO  server.RaftServerConfigKeys (ConfUtils.java:logGet(43)) - raft.server.staging.catchup.gap = 1000 (default)
2019-08-29 08:21:51,496 [67c35969-00c1-40e5-9eeb-9a2f6a2b337c:group-C7E9D55E67C1:LeaderElection6] INFO  server.RaftServerConfigKeys (ConfUtils.java:logGet(43)) - raft.server.rpc.sleep.time = 25ms (default)
2019-08-29 08:21:51,496 [67c35969-00c1-40e5-9eeb-9a2f6a2b337c:group-C7E9D55E67C1:LeaderElection6] INFO  server.RaftServerConfigKeys (ConfUtils.java:logGet(43)) - raft.server.write.element-limit = 4096 (default)
2019-08-29 08:21:51,496 [67c35969-00c1-40e5-9eeb-9a2f6a2b337c:group-C7E9D55E67C1:LeaderElection6] INFO  server.RaftServerConfigKeys (ConfUtils.java:logGet(43)) - raft.server.watch.timeout = 10s (default)
2019-08-29 08:21:51,496 [67c35969-00c1-40e5-9eeb-9a2f6a2b337c:group-C7E9D55E67C1:LeaderElection6] INFO  server.RaftServerConfigKeys (ConfUtils.java:logGet(43)) - raft.server.watch.timeout.denomination = 1s (default)
2019-08-29 08:21:51,496 [67c35969-00c1-40e5-9eeb-9a2f6a2b337c:group-C7E9D55E67C1:LeaderElection6] INFO  server.RaftServerConfigKeys (ConfUtils.java:logGet(43)) - raft.server.watch.element-limit = 65536 (default)
2019-08-29 08:21:51,497 [67c35969-00c1-40e5-9eeb-9a2f6a2b337c:group-C7E9D55E67C1:LeaderElection6] INFO  impl.RoleInfo (RoleInfo.java:updateAndGet(143)) - 67c35969-00c1-40e5-9eeb-9a2f6a2b337c: start LeaderState
2019-08-29 08:21:51,497 [67c35969-00c1-40e5-9eeb-9a2f6a2b337c:group-C7E9D55E67C1:LeaderElection6] INFO  segmented.SegmentedRaftLogWorker (SegmentedRaftLogWorker.java:startLogSegment(380)) - 67c35969-00c1-40e5-9eeb-9a2f6a2b337c-SegmentedRaftLogWorker:Storage Directory /workdir/hadoop-ozone/integration-test/target/test-dir/MiniOzoneClusterImpl-ab0df1f0-a3d6-4d90-a98d-535794749ce9/datanode-2/data/ratis/5b94ab9c-2416-47cb-a828-c7e9d55e67c1: Starting segment from index:0
2019-08-29 08:21:51,497 [67c35969-00c1-40e5-9eeb-9a2f6a2b337c:group-C7E9D55E67C1:LeaderElection6] INFO  impl.RaftServerImpl (ServerState.java:setRaftConf(361)) - 67c35969-00c1-40e5-9eeb-9a2f6a2b337c:group-C7E9D55E67C1 set configuration 0: [67c35969-00c1-40e5-9eeb-9a2f6a2b337c:192.168.5.176:43496], old=null at 0
2019-08-29 08:21:51,527 [67c35969-00c1-40e5-9eeb-9a2f6a2b337c-SegmentedRaftLogWorker:Storage Directory /workdir/hadoop-ozone/integration-test/target/test-dir/MiniOzoneClusterImpl-ab0df1f0-a3d6-4d90-a98d-535794749ce9/datanode-2/data/ratis/5b94ab9c-2416-47cb-a828-c7e9d55e67c1] INFO  segmented.SegmentedRaftLogWorker (SegmentedRaftLogWorker.java:execute(569)) - 67c35969-00c1-40e5-9eeb-9a2f6a2b337c-SegmentedRaftLogWorker:Storage Directory /workdir/hadoop-ozone/integration-test/target/test-dir/MiniOzoneClusterImpl-ab0df1f0-a3d6-4d90-a98d-535794749ce9/datanode-2/data/ratis/5b94ab9c-2416-47cb-a828-c7e9d55e67c1: created new log segment /workdir/hadoop-ozone/integration-test/target/test-dir/MiniOzoneClusterImpl-ab0df1f0-a3d6-4d90-a98d-535794749ce9/datanode-2/data/ratis/5b94ab9c-2416-47cb-a828-c7e9d55e67c1/current/log_inprogress_0
2019-08-29 08:21:51,777 | INFO  | SCMAudit | user=jenkins1000 | ip=192.168.5.176 | op=SEND_HEARTBEAT {datanodeUUID=5b56fd10-665b-4a03-90fc-42cf6e7ef5f6, command=[]} | ret=SUCCESS |  
2019-08-29 08:21:51,790 | INFO  | SCMAudit | user=jenkins1000 | ip=192.168.5.176 | op=SEND_HEARTBEAT {datanodeUUID=7fd4362d-ab2c-4d65-9042-74517d5987d2, command=[]} | ret=SUCCESS |  
2019-08-29 08:21:51,793 | INFO  | SCMAudit | user=jenkins1000 | ip=192.168.5.176 | op=SEND_HEARTBEAT {datanodeUUID=6932ec02-23cf-49d5-bf63-101b997409d4, command=[]} | ret=SUCCESS |  
2019-08-29 08:21:52,032 | INFO  | SCMAudit | user=jenkins1000 | ip=192.168.5.176 | op=SEND_HEARTBEAT {datanodeUUID=4e7efcb5-917e-488d-886e-16c99a39ab6f, command=[]} | ret=SUCCESS |  
2019-08-29 08:21:52,065 [grpc-default-executor-0] INFO  client.GrpcClientProtocolClient (GrpcClientProtocolClient.java:onNext(255)) - client-B9266A52B3FC->5b56fd10-665b-4a03-90fc-42cf6e7ef5f6: receive RaftClientReply:client-B9266A52B3FC->5b56fd10-665b-4a03-90fc-42cf6e7ef5f6@group-59CA74B7186E, cid=13, FAILED org.apache.ratis.protocol.NotLeaderException: Server 5b56fd10-665b-4a03-90fc-42cf6e7ef5f6 is not the leader (null). Request must be sent to leader., logIndex=0, commits[5b56fd10-665b-4a03-90fc-42cf6e7ef5f6:c-1]
2019-08-29 08:21:52,105 | INFO  | SCMAudit | user=jenkins1000 | ip=192.168.5.176 | op=SEND_HEARTBEAT {datanodeUUID=8944090c-39c7-48a8-859f-48289bd7a1e9, command=[]} | ret=SUCCESS |  
2019-08-29 08:21:52,176 | INFO  | SCMAudit | user=jenkins1000 | ip=192.168.5.176 | op=SEND_HEARTBEAT {datanodeUUID=67c35969-00c1-40e5-9eeb-9a2f6a2b337c, command=[]} | ret=SUCCESS |  
2019-08-29 08:21:52,244 | INFO  | SCMAudit | user=jenkins1000 | ip=192.168.5.176 | op=SEND_HEARTBEAT {datanodeUUID=98bb5522-a779-467f-a71e-3d66cbe7d5c3, command=[]} | ret=SUCCESS |  
2019-08-29 08:21:52,778 | INFO  | SCMAudit | user=jenkins1000 | ip=192.168.5.176 | op=SEND_HEARTBEAT {datanodeUUID=5b56fd10-665b-4a03-90fc-42cf6e7ef5f6, command=[]} | ret=SUCCESS |  
2019-08-29 08:21:52,791 | INFO  | SCMAudit | user=jenkins1000 | ip=192.168.5.176 | op=SEND_HEARTBEAT {datanodeUUID=7fd4362d-ab2c-4d65-9042-74517d5987d2, command=[]} | ret=SUCCESS |  
2019-08-29 08:21:52,794 | INFO  | SCMAudit | user=jenkins1000 | ip=192.168.5.176 | op=SEND_HEARTBEAT {datanodeUUID=6932ec02-23cf-49d5-bf63-101b997409d4, command=[]} | ret=SUCCESS |  
2019-08-29 08:21:53,031 | INFO  | SCMAudit | user=jenkins1000 | ip=192.168.5.176 | op=SEND_HEARTBEAT {datanodeUUID=4e7efcb5-917e-488d-886e-16c99a39ab6f, command=[]} | ret=SUCCESS |  
2019-08-29 08:21:53,042 [Thread-260] INFO  impl.FollowerState (FollowerState.java:run(106)) - 8944090c-39c7-48a8-859f-48289bd7a1e9:group-E4E5B471DCC9 changes to CANDIDATE, lastRpcTime:5100, electionTimeout:5100ms
2019-08-29 08:21:53,044 [Thread-260] INFO  impl.RoleInfo (RoleInfo.java:shutdownFollowerState(121)) - 8944090c-39c7-48a8-859f-48289bd7a1e9: shutdown FollowerState
2019-08-29 08:21:53,044 [Thread-260] INFO  impl.RaftServerImpl (RaftServerImpl.java:setRole(171)) - 8944090c-39c7-48a8-859f-48289bd7a1e9:group-E4E5B471DCC9 changes role from FOLLOWER to CANDIDATE at term 0 for changeToCandidate
2019-08-29 08:21:53,045 [Thread-260] INFO  impl.RoleInfo (RoleInfo.java:updateAndGet(143)) - 8944090c-39c7-48a8-859f-48289bd7a1e9: start LeaderElection
2019-08-29 08:21:53,066 [8944090c-39c7-48a8-859f-48289bd7a1e9:group-E4E5B471DCC9:LeaderElection7] INFO  impl.LeaderElection (LeaderElection.java:askForVotes(181)) - 8944090c-39c7-48a8-859f-48289bd7a1e9:group-E4E5B471DCC9:LeaderElection7: begin an election at term 1 for -1: [8944090c-39c7-48a8-859f-48289bd7a1e9:192.168.5.176:40227], old=null
2019-08-29 08:21:53,069 [8944090c-39c7-48a8-859f-48289bd7a1e9:group-E4E5B471DCC9:LeaderElection7] INFO  impl.RoleInfo (RoleInfo.java:shutdownLeaderElection(134)) - 8944090c-39c7-48a8-859f-48289bd7a1e9: shutdown LeaderElection
2019-08-29 08:21:53,069 [8944090c-39c7-48a8-859f-48289bd7a1e9:group-E4E5B471DCC9:LeaderElection7] INFO  impl.RaftServerImpl (RaftServerImpl.java:setRole(171)) - 8944090c-39c7-48a8-859f-48289bd7a1e9:group-E4E5B471DCC9 changes role from CANDIDATE to LEADER at term 1 for changeToLeader
2019-08-29 08:21:53,070 [8944090c-39c7-48a8-859f-48289bd7a1e9:group-E4E5B471DCC9:LeaderElection7] INFO  impl.RaftServerImpl (ServerState.java:setLeader(263)) - 8944090c-39c7-48a8-859f-48289bd7a1e9:group-E4E5B471DCC9 change Leader from null to 8944090c-39c7-48a8-859f-48289bd7a1e9 at term 1 for becomeLeader, leader elected after 5135ms
2019-08-29 08:21:53,072 [8944090c-39c7-48a8-859f-48289bd7a1e9:group-E4E5B471DCC9:LeaderElection7] INFO  server.RaftServerConfigKeys (ConfUtils.java:logGet(43)) - raft.server.staging.catchup.gap = 1000 (default)
2019-08-29 08:21:53,072 [8944090c-39c7-48a8-859f-48289bd7a1e9:group-E4E5B471DCC9:LeaderElection7] INFO  server.RaftServerConfigKeys (ConfUtils.java:logGet(43)) - raft.server.rpc.sleep.time = 25ms (default)
2019-08-29 08:21:53,075 [8944090c-39c7-48a8-859f-48289bd7a1e9:group-E4E5B471DCC9:LeaderElection7] INFO  server.RaftServerConfigKeys (ConfUtils.java:logGet(43)) - raft.server.write.element-limit = 4096 (default)
2019-08-29 08:21:53,075 [8944090c-39c7-48a8-859f-48289bd7a1e9:group-E4E5B471DCC9:LeaderElection7] INFO  server.RaftServerConfigKeys (ConfUtils.java:logGet(43)) - raft.server.watch.timeout = 10s (default)
2019-08-29 08:21:53,075 [8944090c-39c7-48a8-859f-48289bd7a1e9:group-E4E5B471DCC9:LeaderElection7] INFO  server.RaftServerConfigKeys (ConfUtils.java:logGet(43)) - raft.server.watch.timeout.denomination = 1s (default)
2019-08-29 08:21:53,077 [8944090c-39c7-48a8-859f-48289bd7a1e9:group-E4E5B471DCC9:LeaderElection7] INFO  server.RaftServerConfigKeys (ConfUtils.java:logGet(43)) - raft.server.watch.element-limit = 65536 (default)
2019-08-29 08:21:53,077 [8944090c-39c7-48a8-859f-48289bd7a1e9:group-E4E5B471DCC9:LeaderElection7] INFO  impl.RoleInfo (RoleInfo.java:updateAndGet(143)) - 8944090c-39c7-48a8-859f-48289bd7a1e9: start LeaderState
2019-08-29 08:21:53,078 [8944090c-39c7-48a8-859f-48289bd7a1e9:group-E4E5B471DCC9:LeaderElection7] INFO  segmented.SegmentedRaftLogWorker (SegmentedRaftLogWorker.java:startLogSegment(380)) - 8944090c-39c7-48a8-859f-48289bd7a1e9-SegmentedRaftLogWorker:Storage Directory /workdir/hadoop-ozone/integration-test/target/test-dir/MiniOzoneClusterImpl-ab0df1f0-a3d6-4d90-a98d-535794749ce9/datanode-1/data/ratis/03c83e23-9916-457a-94e5-e4e5b471dcc9: Starting segment from index:0
2019-08-29 08:21:53,078 [8944090c-39c7-48a8-859f-48289bd7a1e9:group-E4E5B471DCC9:LeaderElection7] INFO  impl.RaftServerImpl (ServerState.java:setRaftConf(361)) - 8944090c-39c7-48a8-859f-48289bd7a1e9:group-E4E5B471DCC9 set configuration 0: [8944090c-39c7-48a8-859f-48289bd7a1e9:192.168.5.176:40227], old=null at 0
2019-08-29 08:21:53,109 | INFO  | SCMAudit | user=jenkins1000 | ip=192.168.5.176 | op=SEND_HEARTBEAT {datanodeUUID=8944090c-39c7-48a8-859f-48289bd7a1e9, command=[]} | ret=SUCCESS |  
2019-08-29 08:21:53,117 [grpc-default-executor-1] INFO  client.GrpcClientProtocolClient (GrpcClientProtocolClient.java:onNext(255)) - client-B9266A52B3FC->6932ec02-23cf-49d5-bf63-101b997409d4: receive RaftClientReply:client-B9266A52B3FC->6932ec02-23cf-49d5-bf63-101b997409d4@group-59CA74B7186E, cid=13, FAILED org.apache.ratis.protocol.NotLeaderException: Server 6932ec02-23cf-49d5-bf63-101b997409d4 is not the leader (null). Request must be sent to leader., logIndex=0, commits[6932ec02-23cf-49d5-bf63-101b997409d4:c-1]
2019-08-29 08:21:53,129 [8944090c-39c7-48a8-859f-48289bd7a1e9-SegmentedRaftLogWorker:Storage Directory /workdir/hadoop-ozone/integration-test/target/test-dir/MiniOzoneClusterImpl-ab0df1f0-a3d6-4d90-a98d-535794749ce9/datanode-1/data/ratis/03c83e23-9916-457a-94e5-e4e5b471dcc9] INFO  segmented.SegmentedRaftLogWorker (SegmentedRaftLogWorker.java:execute(569)) - 8944090c-39c7-48a8-859f-48289bd7a1e9-SegmentedRaftLogWorker:Storage Directory /workdir/hadoop-ozone/integration-test/target/test-dir/MiniOzoneClusterImpl-ab0df1f0-a3d6-4d90-a98d-535794749ce9/datanode-1/data/ratis/03c83e23-9916-457a-94e5-e4e5b471dcc9: created new log segment /workdir/hadoop-ozone/integration-test/target/test-dir/MiniOzoneClusterImpl-ab0df1f0-a3d6-4d90-a98d-535794749ce9/datanode-1/data/ratis/03c83e23-9916-457a-94e5-e4e5b471dcc9/current/log_inprogress_0
2019-08-29 08:21:53,129 [grpc-default-executor-1] WARN  client.GrpcClientProtocolService (LogUtils.java:warn(134)) - 2-OrderedRequestStreamObserver2: onError: org.apache.ratis.thirdparty.io.grpc.StatusRuntimeException: CANCELLED: cancelled before receiving half close
2019-08-29 08:21:53,133 [Thread-263] INFO  impl.FollowerState (FollowerState.java:run(106)) - 98bb5522-a779-467f-a71e-3d66cbe7d5c3:group-59CA74B7186E changes to CANDIDATE, lastRpcTime:5074, electionTimeout:5074ms
2019-08-29 08:21:53,135 [Thread-263] INFO  impl.RoleInfo (RoleInfo.java:shutdownFollowerState(121)) - 98bb5522-a779-467f-a71e-3d66cbe7d5c3: shutdown FollowerState
2019-08-29 08:21:53,135 [Thread-263] INFO  impl.RaftServerImpl (RaftServerImpl.java:setRole(171)) - 98bb5522-a779-467f-a71e-3d66cbe7d5c3:group-59CA74B7186E changes role from FOLLOWER to CANDIDATE at term 0 for changeToCandidate
2019-08-29 08:21:53,136 [Thread-263] INFO  impl.RoleInfo (RoleInfo.java:updateAndGet(143)) - 98bb5522-a779-467f-a71e-3d66cbe7d5c3: start LeaderElection
2019-08-29 08:21:53,141 [Thread-268] INFO  impl.FollowerState (FollowerState.java:run(106)) - 5b56fd10-665b-4a03-90fc-42cf6e7ef5f6:group-59CA74B7186E changes to CANDIDATE, lastRpcTime:5073, electionTimeout:5073ms
2019-08-29 08:21:53,141 [Thread-268] INFO  impl.RoleInfo (RoleInfo.java:shutdownFollowerState(121)) - 5b56fd10-665b-4a03-90fc-42cf6e7ef5f6: shutdown FollowerState
2019-08-29 08:21:53,141 [Thread-268] INFO  impl.RaftServerImpl (RaftServerImpl.java:setRole(171)) - 5b56fd10-665b-4a03-90fc-42cf6e7ef5f6:group-59CA74B7186E changes role from FOLLOWER to CANDIDATE at term 0 for changeToCandidate
2019-08-29 08:21:53,142 [Thread-268] INFO  impl.RoleInfo (RoleInfo.java:updateAndGet(143)) - 5b56fd10-665b-4a03-90fc-42cf6e7ef5f6: start LeaderElection
2019-08-29 08:21:53,162 [98bb5522-a779-467f-a71e-3d66cbe7d5c3:group-59CA74B7186E:LeaderElection8] INFO  impl.LeaderElection (LeaderElection.java:askForVotes(181)) - 98bb5522-a779-467f-a71e-3d66cbe7d5c3:group-59CA74B7186E:LeaderElection8: begin an election at term 1 for -1: [5b56fd10-665b-4a03-90fc-42cf6e7ef5f6:192.168.5.176:44608, 98bb5522-a779-467f-a71e-3d66cbe7d5c3:192.168.5.176:36329, 6932ec02-23cf-49d5-bf63-101b997409d4:192.168.5.176:37426], old=null
2019-08-29 08:21:53,162 [5b56fd10-665b-4a03-90fc-42cf6e7ef5f6:group-59CA74B7186E:LeaderElection9] INFO  impl.LeaderElection (LeaderElection.java:askForVotes(181)) - 5b56fd10-665b-4a03-90fc-42cf6e7ef5f6:group-59CA74B7186E:LeaderElection9: begin an election at term 1 for -1: [5b56fd10-665b-4a03-90fc-42cf6e7ef5f6:192.168.5.176:44608, 98bb5522-a779-467f-a71e-3d66cbe7d5c3:192.168.5.176:36329, 6932ec02-23cf-49d5-bf63-101b997409d4:192.168.5.176:37426], old=null
2019-08-29 08:21:53,180 | INFO  | SCMAudit | user=jenkins1000 | ip=192.168.5.176 | op=SEND_HEARTBEAT {datanodeUUID=67c35969-00c1-40e5-9eeb-9a2f6a2b337c, command=[]} | ret=SUCCESS |  
2019-08-29 08:21:53,210 [Thread-267] INFO  impl.FollowerState (FollowerState.java:run(106)) - 6932ec02-23cf-49d5-bf63-101b997409d4:group-59CA74B7186E changes to CANDIDATE, lastRpcTime:5142, electionTimeout:5126ms
2019-08-29 08:21:53,210 [Thread-267] INFO  impl.RoleInfo (RoleInfo.java:shutdownFollowerState(121)) - 6932ec02-23cf-49d5-bf63-101b997409d4: shutdown FollowerState
2019-08-29 08:21:53,210 [Thread-267] INFO  impl.RaftServerImpl (RaftServerImpl.java:setRole(171)) - 6932ec02-23cf-49d5-bf63-101b997409d4:group-59CA74B7186E changes role from FOLLOWER to CANDIDATE at term 0 for changeToCandidate
2019-08-29 08:21:53,210 [Thread-267] INFO  impl.RoleInfo (RoleInfo.java:updateAndGet(143)) - 6932ec02-23cf-49d5-bf63-101b997409d4: start LeaderElection
2019-08-29 08:21:53,237 [6932ec02-23cf-49d5-bf63-101b997409d4:group-59CA74B7186E:LeaderElection10] INFO  impl.LeaderElection (LeaderElection.java:askForVotes(181)) - 6932ec02-23cf-49d5-bf63-101b997409d4:group-59CA74B7186E:LeaderElection10: begin an election at term 1 for -1: [5b56fd10-665b-4a03-90fc-42cf6e7ef5f6:192.168.5.176:44608, 98bb5522-a779-467f-a71e-3d66cbe7d5c3:192.168.5.176:36329, 6932ec02-23cf-49d5-bf63-101b997409d4:192.168.5.176:37426], old=null
2019-08-29 08:21:53,243 | INFO  | SCMAudit | user=jenkins1000 | ip=192.168.5.176 | op=SEND_HEARTBEAT {datanodeUUID=98bb5522-a779-467f-a71e-3d66cbe7d5c3, command=[]} | ret=SUCCESS |  
2019-08-29 08:21:53,246 [5b56fd10-665b-4a03-90fc-42cf6e7ef5f6:group-59CA74B7186E:LeaderElection9] INFO  impl.LeaderElection (LeaderElection.java:logAndReturn(56)) - 5b56fd10-665b-4a03-90fc-42cf6e7ef5f6:group-59CA74B7186E:LeaderElection9: Election REJECTED; received 2 response(s) [5b56fd10-665b-4a03-90fc-42cf6e7ef5f6<-98bb5522-a779-467f-a71e-3d66cbe7d5c3#0:FAIL-t1, 5b56fd10-665b-4a03-90fc-42cf6e7ef5f6<-6932ec02-23cf-49d5-bf63-101b997409d4#0:FAIL-t1] and 0 exception(s); 5b56fd10-665b-4a03-90fc-42cf6e7ef5f6:t1, leader=null, voted=5b56fd10-665b-4a03-90fc-42cf6e7ef5f6, raftlog=5b56fd10-665b-4a03-90fc-42cf6e7ef5f6-SegmentedRaftLog:OPENED:c-1,f-1,i0, conf=-1: [5b56fd10-665b-4a03-90fc-42cf6e7ef5f6:192.168.5.176:44608, 98bb5522-a779-467f-a71e-3d66cbe7d5c3:192.168.5.176:36329, 6932ec02-23cf-49d5-bf63-101b997409d4:192.168.5.176:37426], old=null
2019-08-29 08:21:53,247 [5b56fd10-665b-4a03-90fc-42cf6e7ef5f6:group-59CA74B7186E:LeaderElection9] INFO  impl.RaftServerImpl (RaftServerImpl.java:setRole(171)) - 5b56fd10-665b-4a03-90fc-42cf6e7ef5f6:group-59CA74B7186E changes role from CANDIDATE to FOLLOWER at term 1 for DISCOVERED_A_NEW_TERM
2019-08-29 08:21:53,247 [5b56fd10-665b-4a03-90fc-42cf6e7ef5f6:group-59CA74B7186E:LeaderElection9] INFO  impl.RoleInfo (RoleInfo.java:shutdownLeaderElection(134)) - 5b56fd10-665b-4a03-90fc-42cf6e7ef5f6: shutdown LeaderElection
2019-08-29 08:21:53,247 [5b56fd10-665b-4a03-90fc-42cf6e7ef5f6:group-59CA74B7186E:LeaderElection9] INFO  impl.RoleInfo (RoleInfo.java:updateAndGet(143)) - 5b56fd10-665b-4a03-90fc-42cf6e7ef5f6: start FollowerState
2019-08-29 08:21:53,252 [98bb5522-a779-467f-a71e-3d66cbe7d5c3:group-59CA74B7186E:LeaderElection8] INFO  impl.LeaderElection (LeaderElection.java:logAndReturn(56)) - 98bb5522-a779-467f-a71e-3d66cbe7d5c3:group-59CA74B7186E:LeaderElection8: Election REJECTED; received 2 response(s) [98bb5522-a779-467f-a71e-3d66cbe7d5c3<-5b56fd10-665b-4a03-90fc-42cf6e7ef5f6#0:FAIL-t1, 98bb5522-a779-467f-a71e-3d66cbe7d5c3<-6932ec02-23cf-49d5-bf63-101b997409d4#0:FAIL-t1] and 0 exception(s); 98bb5522-a779-467f-a71e-3d66cbe7d5c3:t1, leader=null, voted=98bb5522-a779-467f-a71e-3d66cbe7d5c3, raftlog=98bb5522-a779-467f-a71e-3d66cbe7d5c3-SegmentedRaftLog:OPENED:c-1,f-1,i0, conf=-1: [5b56fd10-665b-4a03-90fc-42cf6e7ef5f6:192.168.5.176:44608, 98bb5522-a779-467f-a71e-3d66cbe7d5c3:192.168.5.176:36329, 6932ec02-23cf-49d5-bf63-101b997409d4:192.168.5.176:37426], old=null
2019-08-29 08:21:53,255 [98bb5522-a779-467f-a71e-3d66cbe7d5c3:group-59CA74B7186E:LeaderElection8] INFO  impl.RaftServerImpl (RaftServerImpl.java:setRole(171)) - 98bb5522-a779-467f-a71e-3d66cbe7d5c3:group-59CA74B7186E changes role from CANDIDATE to FOLLOWER at term 1 for DISCOVERED_A_NEW_TERM
2019-08-29 08:21:53,259 [98bb5522-a779-467f-a71e-3d66cbe7d5c3:group-59CA74B7186E:LeaderElection8] INFO  impl.RoleInfo (RoleInfo.java:shutdownLeaderElection(134)) - 98bb5522-a779-467f-a71e-3d66cbe7d5c3: shutdown LeaderElection
2019-08-29 08:21:53,259 [98bb5522-a779-467f-a71e-3d66cbe7d5c3:group-59CA74B7186E:LeaderElection8] INFO  impl.RoleInfo (RoleInfo.java:updateAndGet(143)) - 98bb5522-a779-467f-a71e-3d66cbe7d5c3: start FollowerState
2019-08-29 08:21:53,263 [Thread-277] INFO  impl.FollowerState (FollowerState.java:run(106)) - 7fd4362d-ab2c-4d65-9042-74517d5987d2:group-C7CEA64F060F changes to CANDIDATE, lastRpcTime:5046, electionTimeout:5044ms
2019-08-29 08:21:53,265 [Thread-277] INFO  impl.RoleInfo (RoleInfo.java:shutdownFollowerState(121)) - 7fd4362d-ab2c-4d65-9042-74517d5987d2: shutdown FollowerState
2019-08-29 08:21:53,265 [Thread-277] INFO  impl.RaftServerImpl (RaftServerImpl.java:setRole(171)) - 7fd4362d-ab2c-4d65-9042-74517d5987d2:group-C7CEA64F060F changes role from FOLLOWER to CANDIDATE at term 0 for changeToCandidate
2019-08-29 08:21:53,266 [Thread-277] INFO  impl.RoleInfo (RoleInfo.java:updateAndGet(143)) - 7fd4362d-ab2c-4d65-9042-74517d5987d2: start LeaderElection
2019-08-29 08:21:53,293 [6932ec02-23cf-49d5-bf63-101b997409d4:group-59CA74B7186E:LeaderElection10] INFO  impl.LeaderElection (LeaderElection.java:logAndReturn(56)) - 6932ec02-23cf-49d5-bf63-101b997409d4:group-59CA74B7186E:LeaderElection10: Election REJECTED; received 2 response(s) [6932ec02-23cf-49d5-bf63-101b997409d4<-5b56fd10-665b-4a03-90fc-42cf6e7ef5f6#0:FAIL-t1, 6932ec02-23cf-49d5-bf63-101b997409d4<-98bb5522-a779-467f-a71e-3d66cbe7d5c3#0:FAIL-t1] and 0 exception(s); 6932ec02-23cf-49d5-bf63-101b997409d4:t1, leader=null, voted=6932ec02-23cf-49d5-bf63-101b997409d4, raftlog=6932ec02-23cf-49d5-bf63-101b997409d4-SegmentedRaftLog:OPENED:c-1,f-1,i0, conf=-1: [5b56fd10-665b-4a03-90fc-42cf6e7ef5f6:192.168.5.176:44608, 98bb5522-a779-467f-a71e-3d66cbe7d5c3:192.168.5.176:36329, 6932ec02-23cf-49d5-bf63-101b997409d4:192.168.5.176:37426], old=null
2019-08-29 08:21:53,294 [6932ec02-23cf-49d5-bf63-101b997409d4:group-59CA74B7186E:LeaderElection10] INFO  impl.RaftServerImpl (RaftServerImpl.java:setRole(171)) - 6932ec02-23cf-49d5-bf63-101b997409d4:group-59CA74B7186E changes role from CANDIDATE to FOLLOWER at term 1 for DISCOVERED_A_NEW_TERM
2019-08-29 08:21:53,297 [6932ec02-23cf-49d5-bf63-101b997409d4:group-59CA74B7186E:LeaderElection10] INFO  impl.RoleInfo (RoleInfo.java:shutdownLeaderElection(134)) - 6932ec02-23cf-49d5-bf63-101b997409d4: shutdown LeaderElection
2019-08-29 08:21:53,298 [6932ec02-23cf-49d5-bf63-101b997409d4:group-59CA74B7186E:LeaderElection10] INFO  impl.RoleInfo (RoleInfo.java:updateAndGet(143)) - 6932ec02-23cf-49d5-bf63-101b997409d4: start FollowerState
2019-08-29 08:21:53,300 [7fd4362d-ab2c-4d65-9042-74517d5987d2:group-C7CEA64F060F:LeaderElection11] INFO  impl.LeaderElection (LeaderElection.java:askForVotes(181)) - 7fd4362d-ab2c-4d65-9042-74517d5987d2:group-C7CEA64F060F:LeaderElection11: begin an election at term 1 for -1: [7fd4362d-ab2c-4d65-9042-74517d5987d2:192.168.5.176:33357, 4e7efcb5-917e-488d-886e-16c99a39ab6f:192.168.5.176:46276, 67c35969-00c1-40e5-9eeb-9a2f6a2b337c:192.168.5.176:43496], old=null
2019-08-29 08:21:53,316 [Thread-278] INFO  impl.FollowerState (FollowerState.java:run(106)) - 4e7efcb5-917e-488d-886e-16c99a39ab6f:group-C7CEA64F060F changes to CANDIDATE, lastRpcTime:5099, electionTimeout:5097ms
2019-08-29 08:21:53,319 [Thread-278] INFO  impl.RoleInfo (RoleInfo.java:shutdownFollowerState(121)) - 4e7efcb5-917e-488d-886e-16c99a39ab6f: shutdown FollowerState
2019-08-29 08:21:53,319 [Thread-278] INFO  impl.RaftServerImpl (RaftServerImpl.java:setRole(171)) - 4e7efcb5-917e-488d-886e-16c99a39ab6f:group-C7CEA64F060F changes role from FOLLOWER to CANDIDATE at term 0 for changeToCandidate
2019-08-29 08:21:53,323 [Thread-278] INFO  impl.RoleInfo (RoleInfo.java:updateAndGet(143)) - 4e7efcb5-917e-488d-886e-16c99a39ab6f: start LeaderElection
2019-08-29 08:21:53,328 [grpc-default-executor-2] INFO  impl.RaftServerImpl (RaftServerImpl.java:setRole(171)) - 4e7efcb5-917e-488d-886e-16c99a39ab6f:group-C7CEA64F060F changes role from CANDIDATE to FOLLOWER at term 1 for recognizeCandidate:7fd4362d-ab2c-4d65-9042-74517d5987d2
2019-08-29 08:21:53,328 [grpc-default-executor-2] INFO  impl.RoleInfo (RoleInfo.java:shutdownLeaderElection(134)) - 4e7efcb5-917e-488d-886e-16c99a39ab6f: shutdown LeaderElection
2019-08-29 08:21:53,329 [grpc-default-executor-2] INFO  impl.RoleInfo (RoleInfo.java:updateAndGet(143)) - 4e7efcb5-917e-488d-886e-16c99a39ab6f: start FollowerState
2019-08-29 08:21:53,338 [grpc-default-executor-0] INFO  impl.RaftServerImpl (RaftServerImpl.java:setRole(171)) - 67c35969-00c1-40e5-9eeb-9a2f6a2b337c:group-C7CEA64F060F changes role from FOLLOWER to FOLLOWER at term 1 for recognizeCandidate:7fd4362d-ab2c-4d65-9042-74517d5987d2
2019-08-29 08:21:53,338 [grpc-default-executor-0] INFO  impl.RoleInfo (RoleInfo.java:shutdownFollowerState(121)) - 67c35969-00c1-40e5-9eeb-9a2f6a2b337c: shutdown FollowerState
2019-08-29 08:21:53,338 [grpc-default-executor-0] INFO  impl.RoleInfo (RoleInfo.java:updateAndGet(143)) - 67c35969-00c1-40e5-9eeb-9a2f6a2b337c: start FollowerState
2019-08-29 08:21:53,339 [Thread-273] INFO  impl.FollowerState (FollowerState.java:run(114)) - 67c35969-00c1-40e5-9eeb-9a2f6a2b337c: FollowerState was interrupted: java.lang.InterruptedException: sleep interrupted
2019-08-29 08:21:53,370 [4e7efcb5-917e-488d-886e-16c99a39ab6f:group-C7CEA64F060F:LeaderElection12] INFO  impl.LeaderElection (LeaderElection.java:askForVotes(181)) - 4e7efcb5-917e-488d-886e-16c99a39ab6f:group-C7CEA64F060F:LeaderElection12: begin an election at term 2 for -1: [7fd4362d-ab2c-4d65-9042-74517d5987d2:192.168.5.176:33357, 4e7efcb5-917e-488d-886e-16c99a39ab6f:192.168.5.176:46276, 67c35969-00c1-40e5-9eeb-9a2f6a2b337c:192.168.5.176:43496], old=null
2019-08-29 08:21:53,371 [4e7efcb5-917e-488d-886e-16c99a39ab6f:group-C7CEA64F060F:LeaderElection12] INFO  impl.LeaderElection (LeaderElection.java:logAndReturn(56)) - 4e7efcb5-917e-488d-886e-16c99a39ab6f:group-C7CEA64F060F:LeaderElection12: Election REJECTED; received 0 response(s) [] and 0 exception(s); 4e7efcb5-917e-488d-886e-16c99a39ab6f:t2, leader=null, voted=4e7efcb5-917e-488d-886e-16c99a39ab6f, raftlog=4e7efcb5-917e-488d-886e-16c99a39ab6f-SegmentedRaftLog:OPENED:c-1,f-1,i0, conf=-1: [7fd4362d-ab2c-4d65-9042-74517d5987d2:192.168.5.176:33357, 4e7efcb5-917e-488d-886e-16c99a39ab6f:192.168.5.176:46276, 67c35969-00c1-40e5-9eeb-9a2f6a2b337c:192.168.5.176:43496], old=null
2019-08-29 08:21:53,380 [7fd4362d-ab2c-4d65-9042-74517d5987d2:group-C7CEA64F060F:LeaderElection11] INFO  impl.LeaderElection (LeaderElection.java:logAndReturn(56)) - 7fd4362d-ab2c-4d65-9042-74517d5987d2:group-C7CEA64F060F:LeaderElection11: Election PASSED; received 2 response(s) [7fd4362d-ab2c-4d65-9042-74517d5987d2<-4e7efcb5-917e-488d-886e-16c99a39ab6f#0:FAIL-t1, 7fd4362d-ab2c-4d65-9042-74517d5987d2<-67c35969-00c1-40e5-9eeb-9a2f6a2b337c#0:OK-t1] and 0 exception(s); 7fd4362d-ab2c-4d65-9042-74517d5987d2:t1, leader=null, voted=7fd4362d-ab2c-4d65-9042-74517d5987d2, raftlog=7fd4362d-ab2c-4d65-9042-74517d5987d2-SegmentedRaftLog:OPENED:c-1,f-1,i0, conf=-1: [7fd4362d-ab2c-4d65-9042-74517d5987d2:192.168.5.176:33357, 4e7efcb5-917e-488d-886e-16c99a39ab6f:192.168.5.176:46276, 67c35969-00c1-40e5-9eeb-9a2f6a2b337c:192.168.5.176:43496], old=null
2019-08-29 08:21:53,380 [7fd4362d-ab2c-4d65-9042-74517d5987d2:group-C7CEA64F060F:LeaderElection11] INFO  impl.RoleInfo (RoleInfo.java:shutdownLeaderElection(134)) - 7fd4362d-ab2c-4d65-9042-74517d5987d2: shutdown LeaderElection
2019-08-29 08:21:53,383 [7fd4362d-ab2c-4d65-9042-74517d5987d2:group-C7CEA64F060F:LeaderElection11] INFO  impl.RaftServerImpl (RaftServerImpl.java:setRole(171)) - 7fd4362d-ab2c-4d65-9042-74517d5987d2:group-C7CEA64F060F changes role from CANDIDATE to LEADER at term 1 for changeToLeader
2019-08-29 08:21:53,383 [7fd4362d-ab2c-4d65-9042-74517d5987d2:group-C7CEA64F060F:LeaderElection11] INFO  impl.RaftServerImpl (ServerState.java:setLeader(263)) - 7fd4362d-ab2c-4d65-9042-74517d5987d2:group-C7CEA64F060F change Leader from null to 7fd4362d-ab2c-4d65-9042-74517d5987d2 at term 1 for becomeLeader, leader elected after 5183ms
2019-08-29 08:21:53,395 [7fd4362d-ab2c-4d65-9042-74517d5987d2:group-C7CEA64F060F:LeaderElection11] INFO  server.RaftServerConfigKeys (ConfUtils.java:logGet(43)) - raft.server.staging.catchup.gap = 1000 (default)
2019-08-29 08:21:53,395 [7fd4362d-ab2c-4d65-9042-74517d5987d2:group-C7CEA64F060F:LeaderElection11] INFO  server.RaftServerConfigKeys (ConfUtils.java:logGet(43)) - raft.server.rpc.sleep.time = 25ms (default)
2019-08-29 08:21:53,395 [7fd4362d-ab2c-4d65-9042-74517d5987d2:group-C7CEA64F060F:LeaderElection11] INFO  server.RaftServerConfigKeys (ConfUtils.java:logGet(43)) - raft.server.write.element-limit = 4096 (default)
2019-08-29 08:21:53,396 [7fd4362d-ab2c-4d65-9042-74517d5987d2:group-C7CEA64F060F:LeaderElection11] INFO  server.RaftServerConfigKeys (ConfUtils.java:logGet(43)) - raft.server.watch.timeout = 10s (default)
2019-08-29 08:21:53,396 [7fd4362d-ab2c-4d65-9042-74517d5987d2:group-C7CEA64F060F:LeaderElection11] INFO  server.RaftServerConfigKeys (ConfUtils.java:logGet(43)) - raft.server.watch.timeout.denomination = 1s (default)
2019-08-29 08:21:53,396 [7fd4362d-ab2c-4d65-9042-74517d5987d2:group-C7CEA64F060F:LeaderElection11] INFO  server.RaftServerConfigKeys (ConfUtils.java:logGet(43)) - raft.server.watch.element-limit = 65536 (default)
2019-08-29 08:21:53,399 [7fd4362d-ab2c-4d65-9042-74517d5987d2:group-C7CEA64F060F:LeaderElection11] INFO  server.RaftServerConfigKeys (ConfUtils.java:logGet(43)) - raft.server.log.appender.snapshot.chunk.size.max = 16MB (=16777216) (default)
2019-08-29 08:21:53,399 [7fd4362d-ab2c-4d65-9042-74517d5987d2:group-C7CEA64F060F:LeaderElection11] INFO  server.RaftServerConfigKeys (ConfUtils.java:logGet(43)) - raft.server.log.appender.buffer.byte-limit = 33554432 (custom)
2019-08-29 08:21:53,400 [7fd4362d-ab2c-4d65-9042-74517d5987d2:group-C7CEA64F060F:LeaderElection11] INFO  server.RaftServerConfigKeys (ConfUtils.java:logGet(43)) - raft.server.log.appender.buffer.element-limit = 1 (custom)
2019-08-29 08:21:53,404 [7fd4362d-ab2c-4d65-9042-74517d5987d2:group-C7CEA64F060F:LeaderElection11] INFO  grpc.GrpcConfigKeys$Server (ConfUtils.java:logGet(43)) - raft.grpc.server.leader.outstanding.appends.max = 128 (default)
2019-08-29 08:21:53,404 [7fd4362d-ab2c-4d65-9042-74517d5987d2:group-C7CEA64F060F:LeaderElection11] INFO  server.RaftServerConfigKeys (ConfUtils.java:logGet(43)) - raft.server.rpc.request.timeout = 3000ms (default)
2019-08-29 08:21:53,404 [7fd4362d-ab2c-4d65-9042-74517d5987d2:group-C7CEA64F060F:LeaderElection11] INFO  server.RaftServerConfigKeys (ConfUtils.java:logGet(43)) - raft.server.log.appender.install.snapshot.enabled = false (custom)
2019-08-29 08:21:53,405 [7fd4362d-ab2c-4d65-9042-74517d5987d2:group-C7CEA64F060F:LeaderElection11] INFO  server.RaftServerConfigKeys (ConfUtils.java:logGet(43)) - raft.server.log.appender.snapshot.chunk.size.max = 16MB (=16777216) (default)
2019-08-29 08:21:53,405 [7fd4362d-ab2c-4d65-9042-74517d5987d2:group-C7CEA64F060F:LeaderElection11] INFO  server.RaftServerConfigKeys (ConfUtils.java:logGet(43)) - raft.server.log.appender.buffer.byte-limit = 33554432 (custom)
2019-08-29 08:21:53,405 [7fd4362d-ab2c-4d65-9042-74517d5987d2:group-C7CEA64F060F:LeaderElection11] INFO  server.RaftServerConfigKeys (ConfUtils.java:logGet(43)) - raft.server.log.appender.buffer.element-limit = 1 (custom)
2019-08-29 08:21:53,405 [7fd4362d-ab2c-4d65-9042-74517d5987d2:group-C7CEA64F060F:LeaderElection11] INFO  grpc.GrpcConfigKeys$Server (ConfUtils.java:logGet(43)) - raft.grpc.server.leader.outstanding.appends.max = 128 (default)
2019-08-29 08:21:53,406 [7fd4362d-ab2c-4d65-9042-74517d5987d2:group-C7CEA64F060F:LeaderElection11] INFO  server.RaftServerConfigKeys (ConfUtils.java:logGet(43)) - raft.server.rpc.request.timeout = 3000ms (default)
2019-08-29 08:21:53,406 [7fd4362d-ab2c-4d65-9042-74517d5987d2:group-C7CEA64F060F:LeaderElection11] INFO  server.RaftServerConfigKeys (ConfUtils.java:logGet(43)) - raft.server.log.appender.install.snapshot.enabled = false (custom)
2019-08-29 08:21:53,411 [7fd4362d-ab2c-4d65-9042-74517d5987d2:group-C7CEA64F060F:LeaderElection11] INFO  impl.RoleInfo (RoleInfo.java:updateAndGet(143)) - 7fd4362d-ab2c-4d65-9042-74517d5987d2: start LeaderState
2019-08-29 08:21:53,411 [7fd4362d-ab2c-4d65-9042-74517d5987d2:group-C7CEA64F060F:LeaderElection11] INFO  segmented.SegmentedRaftLogWorker (SegmentedRaftLogWorker.java:startLogSegment(380)) - 7fd4362d-ab2c-4d65-9042-74517d5987d2-SegmentedRaftLogWorker:Storage Directory /workdir/hadoop-ozone/integration-test/target/test-dir/MiniOzoneClusterImpl-ab0df1f0-a3d6-4d90-a98d-535794749ce9/datanode-5/data/ratis/9e93bfe6-bbbf-4ee0-bd70-c7cea64f060f: Starting segment from index:0
2019-08-29 08:21:53,454 [7fd4362d-ab2c-4d65-9042-74517d5987d2:group-C7CEA64F060F:LeaderElection11] INFO  impl.RaftServerImpl (ServerState.java:setRaftConf(361)) - 7fd4362d-ab2c-4d65-9042-74517d5987d2:group-C7CEA64F060F set configuration 0: [7fd4362d-ab2c-4d65-9042-74517d5987d2:192.168.5.176:33357, 4e7efcb5-917e-488d-886e-16c99a39ab6f:192.168.5.176:46276, 67c35969-00c1-40e5-9eeb-9a2f6a2b337c:192.168.5.176:43496], old=null at 0
2019-08-29 08:21:53,454 [grpc-default-executor-2] INFO  impl.RaftServerImpl (ServerState.java:setLeader(263)) - 7fd4362d-ab2c-4d65-9042-74517d5987d2:group-C7CEA64F060F change Leader from 7fd4362d-ab2c-4d65-9042-74517d5987d2 to null at term 2 for updateCurrentTerm
2019-08-29 08:21:53,468 [grpc-default-executor-3] INFO  impl.RaftServerImpl (RaftServerImpl.java:setRole(171)) - 67c35969-00c1-40e5-9eeb-9a2f6a2b337c:group-C7CEA64F060F changes role from FOLLOWER to FOLLOWER at term 2 for recognizeCandidate:4e7efcb5-917e-488d-886e-16c99a39ab6f
2019-08-29 08:21:53,469 [grpc-default-executor-3] INFO  impl.RoleInfo (RoleInfo.java:shutdownFollowerState(121)) - 67c35969-00c1-40e5-9eeb-9a2f6a2b337c: shutdown FollowerState
2019-08-29 08:21:53,469 [grpc-default-executor-2] INFO  impl.RaftServerImpl (RaftServerImpl.java:setRole(171)) - 7fd4362d-ab2c-4d65-9042-74517d5987d2:group-C7CEA64F060F changes role from LEADER to FOLLOWER at term 2 for recognizeCandidate:4e7efcb5-917e-488d-886e-16c99a39ab6f
2019-08-29 08:21:53,469 [grpc-default-executor-3] INFO  impl.RoleInfo (RoleInfo.java:updateAndGet(143)) - 67c35969-00c1-40e5-9eeb-9a2f6a2b337c: start FollowerState
2019-08-29 08:21:53,469 [Thread-327] INFO  impl.FollowerState (FollowerState.java:run(114)) - 67c35969-00c1-40e5-9eeb-9a2f6a2b337c: FollowerState was interrupted: java.lang.InterruptedException: sleep interrupted
2019-08-29 08:21:53,469 [grpc-default-executor-2] INFO  impl.RoleInfo (RoleInfo.java:shutdownLeaderState(104)) - 7fd4362d-ab2c-4d65-9042-74517d5987d2: shutdown LeaderState
2019-08-29 08:21:53,473 [7fd4362d-ab2c-4d65-9042-74517d5987d2-SegmentedRaftLogWorker:Storage Directory /workdir/hadoop-ozone/integration-test/target/test-dir/MiniOzoneClusterImpl-ab0df1f0-a3d6-4d90-a98d-535794749ce9/datanode-5/data/ratis/9e93bfe6-bbbf-4ee0-bd70-c7cea64f060f] INFO  segmented.SegmentedRaftLogWorker (SegmentedRaftLogWorker.java:execute(569)) - 7fd4362d-ab2c-4d65-9042-74517d5987d2-SegmentedRaftLogWorker:Storage Directory /workdir/hadoop-ozone/integration-test/target/test-dir/MiniOzoneClusterImpl-ab0df1f0-a3d6-4d90-a98d-535794749ce9/datanode-5/data/ratis/9e93bfe6-bbbf-4ee0-bd70-c7cea64f060f: created new log segment /workdir/hadoop-ozone/integration-test/target/test-dir/MiniOzoneClusterImpl-ab0df1f0-a3d6-4d90-a98d-535794749ce9/datanode-5/data/ratis/9e93bfe6-bbbf-4ee0-bd70-c7cea64f060f/current/log_inprogress_0
2019-08-29 08:21:53,479 [grpc-default-executor-2] INFO  impl.PendingRequests (PendingRequests.java:sendNotLeaderResponses(202)) - 7fd4362d-ab2c-4d65-9042-74517d5987d2-PendingRequests: sendNotLeaderResponses
2019-08-29 08:21:53,481 [org.apache.ratis.server.impl.LogAppender$AppenderDaemon$$Lambda$485/761643499@163f10c6] WARN  server.GrpcLogAppender (GrpcLogAppender.java:mayWait(143)) - GrpcLogAppender(7fd4362d-ab2c-4d65-9042-74517d5987d2->4e7efcb5-917e-488d-886e-16c99a39ab6f): Wait interrupted by java.lang.InterruptedException
2019-08-29 08:21:53,486 [org.apache.ratis.server.impl.LogAppender$AppenderDaemon$$Lambda$485/761643499@71d06362] WARN  server.GrpcLogAppender (GrpcLogAppender.java:mayWait(143)) - GrpcLogAppender(7fd4362d-ab2c-4d65-9042-74517d5987d2->67c35969-00c1-40e5-9eeb-9a2f6a2b337c): Wait interrupted by java.lang.InterruptedException
2019-08-29 08:21:53,481 [grpc-default-executor-2] INFO  impl.RoleInfo (RoleInfo.java:updateAndGet(143)) - 7fd4362d-ab2c-4d65-9042-74517d5987d2: start FollowerState
2019-08-29 08:21:53,491 [grpc-default-executor-3] INFO  server.GrpcServerProtocolService (GrpcServerProtocolService.java:onCompleted(104)) - 67c35969-00c1-40e5-9eeb-9a2f6a2b337c: appendEntries completed
2019-08-29 08:21:53,491 [grpc-default-executor-0] INFO  server.GrpcServerProtocolService (GrpcServerProtocolService.java:onCompleted(104)) - 4e7efcb5-917e-488d-886e-16c99a39ab6f: appendEntries completed
2019-08-29 08:21:53,499 [grpc-default-executor-1] INFO  server.GrpcLogAppender (GrpcLogAppender.java:onCompleted(292)) - 7fd4362d-ab2c-4d65-9042-74517d5987d2->67c35969-00c1-40e5-9eeb-9a2f6a2b337c: follower responses appendEntries COMPLETED
2019-08-29 08:21:53,499 [grpc-default-executor-3] INFO  server.GrpcLogAppender (GrpcLogAppender.java:onCompleted(292)) - 7fd4362d-ab2c-4d65-9042-74517d5987d2->4e7efcb5-917e-488d-886e-16c99a39ab6f: follower responses appendEntries COMPLETED
2019-08-29 08:21:53,506 [grpc-default-executor-3] INFO  impl.FollowerInfo (FollowerInfo.java:lambda$new$0(50)) - 7fd4362d-ab2c-4d65-9042-74517d5987d2->4e7efcb5-917e-488d-886e-16c99a39ab6f: nextIndex: updateUnconditionally 0 -> 0
2019-08-29 08:21:53,506 [grpc-default-executor-1] INFO  impl.FollowerInfo (FollowerInfo.java:lambda$new$0(50)) - 7fd4362d-ab2c-4d65-9042-74517d5987d2->67c35969-00c1-40e5-9eeb-9a2f6a2b337c: nextIndex: updateUnconditionally 0 -> 0
2019-08-29 08:21:53,779 | INFO  | SCMAudit | user=jenkins1000 | ip=192.168.5.176 | op=SEND_HEARTBEAT {datanodeUUID=5b56fd10-665b-4a03-90fc-42cf6e7ef5f6, command=[]} | ret=SUCCESS |  
2019-08-29 08:21:53,791 | INFO  | SCMAudit | user=jenkins1000 | ip=192.168.5.176 | op=SEND_HEARTBEAT {datanodeUUID=7fd4362d-ab2c-4d65-9042-74517d5987d2, command=[]} | ret=SUCCESS |  
2019-08-29 08:21:53,794 | INFO  | SCMAudit | user=jenkins1000 | ip=192.168.5.176 | op=SEND_HEARTBEAT {datanodeUUID=6932ec02-23cf-49d5-bf63-101b997409d4, command=[]} | ret=SUCCESS |  
2019-08-29 08:21:54,031 | INFO  | SCMAudit | user=jenkins1000 | ip=192.168.5.176 | op=SEND_HEARTBEAT {datanodeUUID=4e7efcb5-917e-488d-886e-16c99a39ab6f, command=[]} | ret=SUCCESS |  
2019-08-29 08:21:54,110 | INFO  | SCMAudit | user=jenkins1000 | ip=192.168.5.176 | op=SEND_HEARTBEAT {datanodeUUID=8944090c-39c7-48a8-859f-48289bd7a1e9, command=[]} | ret=SUCCESS |  
2019-08-29 08:21:54,139 [grpc-default-executor-2] INFO  client.GrpcClientProtocolClient (GrpcClientProtocolClient.java:onNext(255)) - client-B9266A52B3FC->98bb5522-a779-467f-a71e-3d66cbe7d5c3: receive RaftClientReply:client-B9266A52B3FC->98bb5522-a779-467f-a71e-3d66cbe7d5c3@group-59CA74B7186E, cid=13, FAILED org.apache.ratis.protocol.NotLeaderException: Server 98bb5522-a779-467f-a71e-3d66cbe7d5c3 is not the leader (null). Request must be sent to leader., logIndex=0, commits[98bb5522-a779-467f-a71e-3d66cbe7d5c3:c-1]
2019-08-29 08:21:54,178 | INFO  | SCMAudit | user=jenkins1000 | ip=192.168.5.176 | op=SEND_HEARTBEAT {datanodeUUID=67c35969-00c1-40e5-9eeb-9a2f6a2b337c, command=[]} | ret=SUCCESS |  
2019-08-29 08:21:54,243 | INFO  | SCMAudit | user=jenkins1000 | ip=192.168.5.176 | op=SEND_HEARTBEAT {datanodeUUID=98bb5522-a779-467f-a71e-3d66cbe7d5c3, command=[]} | ret=SUCCESS |  
2019-08-29 08:21:54,778 | INFO  | SCMAudit | user=jenkins1000 | ip=192.168.5.176 | op=SEND_HEARTBEAT {datanodeUUID=5b56fd10-665b-4a03-90fc-42cf6e7ef5f6, command=[]} | ret=SUCCESS |  
2019-08-29 08:21:54,791 | INFO  | SCMAudit | user=jenkins1000 | ip=192.168.5.176 | op=SEND_HEARTBEAT {datanodeUUID=7fd4362d-ab2c-4d65-9042-74517d5987d2, command=[]} | ret=SUCCESS |  
2019-08-29 08:21:54,794 | INFO  | SCMAudit | user=jenkins1000 | ip=192.168.5.176 | op=SEND_HEARTBEAT {datanodeUUID=6932ec02-23cf-49d5-bf63-101b997409d4, command=[]} | ret=SUCCESS |  
2019-08-29 08:21:55,031 | INFO  | SCMAudit | user=jenkins1000 | ip=192.168.5.176 | op=SEND_HEARTBEAT {datanodeUUID=4e7efcb5-917e-488d-886e-16c99a39ab6f, command=[]} | ret=SUCCESS |  
2019-08-29 08:21:55,110 | INFO  | SCMAudit | user=jenkins1000 | ip=192.168.5.176 | op=SEND_HEARTBEAT {datanodeUUID=8944090c-39c7-48a8-859f-48289bd7a1e9, command=[]} | ret=SUCCESS |  
2019-08-29 08:21:55,162 [grpc-default-executor-1] INFO  client.GrpcClientProtocolClient (GrpcClientProtocolClient.java:onNext(255)) - client-B9266A52B3FC->5b56fd10-665b-4a03-90fc-42cf6e7ef5f6: receive RaftClientReply:client-B9266A52B3FC->5b56fd10-665b-4a03-90fc-42cf6e7ef5f6@group-59CA74B7186E, cid=13, FAILED org.apache.ratis.protocol.NotLeaderException: Server 5b56fd10-665b-4a03-90fc-42cf6e7ef5f6 is not the leader (null). Request must be sent to leader., logIndex=0, commits[5b56fd10-665b-4a03-90fc-42cf6e7ef5f6:c-1]
2019-08-29 08:21:55,178 | INFO  | SCMAudit | user=jenkins1000 | ip=192.168.5.176 | op=SEND_HEARTBEAT {datanodeUUID=67c35969-00c1-40e5-9eeb-9a2f6a2b337c, command=[]} | ret=SUCCESS |  
2019-08-29 08:21:55,243 | INFO  | SCMAudit | user=jenkins1000 | ip=192.168.5.176 | op=SEND_HEARTBEAT {datanodeUUID=98bb5522-a779-467f-a71e-3d66cbe7d5c3, command=[]} | ret=SUCCESS |  
2019-08-29 08:21:55,778 | INFO  | SCMAudit | user=jenkins1000 | ip=192.168.5.176 | op=SEND_HEARTBEAT {datanodeUUID=5b56fd10-665b-4a03-90fc-42cf6e7ef5f6, command=[]} | ret=SUCCESS |  
2019-08-29 08:21:55,790 | INFO  | SCMAudit | user=jenkins1000 | ip=192.168.5.176 | op=SEND_HEARTBEAT {datanodeUUID=7fd4362d-ab2c-4d65-9042-74517d5987d2, command=[]} | ret=SUCCESS |  
2019-08-29 08:21:55,794 | INFO  | SCMAudit | user=jenkins1000 | ip=192.168.5.176 | op=SEND_HEARTBEAT {datanodeUUID=6932ec02-23cf-49d5-bf63-101b997409d4, command=[]} | ret=SUCCESS |  
2019-08-29 08:21:56,032 | INFO  | SCMAudit | user=jenkins1000 | ip=192.168.5.176 | op=SEND_HEARTBEAT {datanodeUUID=4e7efcb5-917e-488d-886e-16c99a39ab6f, command=[]} | ret=SUCCESS |  
2019-08-29 08:21:56,110 | INFO  | SCMAudit | user=jenkins1000 | ip=192.168.5.176 | op=SEND_HEARTBEAT {datanodeUUID=8944090c-39c7-48a8-859f-48289bd7a1e9, command=[]} | ret=SUCCESS |  
2019-08-29 08:21:56,178 | INFO  | SCMAudit | user=jenkins1000 | ip=192.168.5.176 | op=SEND_HEARTBEAT {datanodeUUID=67c35969-00c1-40e5-9eeb-9a2f6a2b337c, command=[]} | ret=SUCCESS |  
2019-08-29 08:21:56,193 [grpc-default-executor-1] INFO  client.GrpcClientProtocolClient (GrpcClientProtocolClient.java:onNext(255)) - client-B9266A52B3FC->6932ec02-23cf-49d5-bf63-101b997409d4: receive RaftClientReply:client-B9266A52B3FC->6932ec02-23cf-49d5-bf63-101b997409d4@group-59CA74B7186E, cid=13, FAILED org.apache.ratis.protocol.NotLeaderException: Server 6932ec02-23cf-49d5-bf63-101b997409d4 is not the leader (null). Request must be sent to leader., logIndex=0, commits[6932ec02-23cf-49d5-bf63-101b997409d4:c-1]
2019-08-29 08:21:56,243 | INFO  | SCMAudit | user=jenkins1000 | ip=192.168.5.176 | op=SEND_HEARTBEAT {datanodeUUID=98bb5522-a779-467f-a71e-3d66cbe7d5c3, command=[]} | ret=SUCCESS |  
2019-08-29 08:21:56,778 | INFO  | SCMAudit | user=jenkins1000 | ip=192.168.5.176 | op=SEND_HEARTBEAT {datanodeUUID=5b56fd10-665b-4a03-90fc-42cf6e7ef5f6, command=[]} | ret=SUCCESS |  
2019-08-29 08:21:56,790 | INFO  | SCMAudit | user=jenkins1000 | ip=192.168.5.176 | op=SEND_HEARTBEAT {datanodeUUID=7fd4362d-ab2c-4d65-9042-74517d5987d2, command=[]} | ret=SUCCESS |  
2019-08-29 08:21:56,795 | INFO  | SCMAudit | user=jenkins1000 | ip=192.168.5.176 | op=SEND_HEARTBEAT {datanodeUUID=6932ec02-23cf-49d5-bf63-101b997409d4, command=[]} | ret=SUCCESS |  
2019-08-29 08:21:57,032 | INFO  | SCMAudit | user=jenkins1000 | ip=192.168.5.176 | op=SEND_HEARTBEAT {datanodeUUID=4e7efcb5-917e-488d-886e-16c99a39ab6f, command=[]} | ret=SUCCESS |  
2019-08-29 08:21:57,110 | INFO  | SCMAudit | user=jenkins1000 | ip=192.168.5.176 | op=SEND_HEARTBEAT {datanodeUUID=8944090c-39c7-48a8-859f-48289bd7a1e9, command=[]} | ret=SUCCESS |  
2019-08-29 08:21:57,179 | INFO  | SCMAudit | user=jenkins1000 | ip=192.168.5.176 | op=SEND_HEARTBEAT {datanodeUUID=67c35969-00c1-40e5-9eeb-9a2f6a2b337c, command=[]} | ret=SUCCESS |  
2019-08-29 08:21:57,226 [grpc-default-executor-1] INFO  client.GrpcClientProtocolClient (GrpcClientProtocolClient.java:onNext(255)) - client-B9266A52B3FC->98bb5522-a779-467f-a71e-3d66cbe7d5c3: receive RaftClientReply:client-B9266A52B3FC->98bb5522-a779-467f-a71e-3d66cbe7d5c3@group-59CA74B7186E, cid=13, FAILED org.apache.ratis.protocol.NotLeaderException: Server 98bb5522-a779-467f-a71e-3d66cbe7d5c3 is not the leader (null). Request must be sent to leader., logIndex=0, commits[98bb5522-a779-467f-a71e-3d66cbe7d5c3:c-1]
2019-08-29 08:21:57,243 | INFO  | SCMAudit | user=jenkins1000 | ip=192.168.5.176 | op=SEND_HEARTBEAT {datanodeUUID=98bb5522-a779-467f-a71e-3d66cbe7d5c3, command=[]} | ret=SUCCESS |  
2019-08-29 08:21:57,778 | INFO  | SCMAudit | user=jenkins1000 | ip=192.168.5.176 | op=SEND_HEARTBEAT {datanodeUUID=5b56fd10-665b-4a03-90fc-42cf6e7ef5f6, command=[]} | ret=SUCCESS |  
2019-08-29 08:21:57,790 | INFO  | SCMAudit | user=jenkins1000 | ip=192.168.5.176 | op=SEND_HEARTBEAT {datanodeUUID=7fd4362d-ab2c-4d65-9042-74517d5987d2, command=[]} | ret=SUCCESS |  
2019-08-29 08:21:57,795 | INFO  | SCMAudit | user=jenkins1000 | ip=192.168.5.176 | op=SEND_HEARTBEAT {datanodeUUID=6932ec02-23cf-49d5-bf63-101b997409d4, command=[]} | ret=SUCCESS |  
2019-08-29 08:21:58,032 | INFO  | SCMAudit | user=jenkins1000 | ip=192.168.5.176 | op=SEND_HEARTBEAT {datanodeUUID=4e7efcb5-917e-488d-886e-16c99a39ab6f, command=[]} | ret=SUCCESS |  
2019-08-29 08:21:58,110 | INFO  | SCMAudit | user=jenkins1000 | ip=192.168.5.176 | op=SEND_HEARTBEAT {datanodeUUID=8944090c-39c7-48a8-859f-48289bd7a1e9, command=[]} | ret=SUCCESS |  
2019-08-29 08:21:58,183 | INFO  | SCMAudit | user=jenkins1000 | ip=192.168.5.176 | op=SEND_HEARTBEAT {datanodeUUID=67c35969-00c1-40e5-9eeb-9a2f6a2b337c, command=[]} | ret=SUCCESS |  
2019-08-29 08:21:58,243 | INFO  | SCMAudit | user=jenkins1000 | ip=192.168.5.176 | op=SEND_HEARTBEAT {datanodeUUID=98bb5522-a779-467f-a71e-3d66cbe7d5c3, command=[]} | ret=SUCCESS |  
2019-08-29 08:21:58,253 [grpc-default-executor-2] INFO  client.GrpcClientProtocolClient (GrpcClientProtocolClient.java:onNext(255)) - client-B9266A52B3FC->6932ec02-23cf-49d5-bf63-101b997409d4: receive RaftClientReply:client-B9266A52B3FC->6932ec02-23cf-49d5-bf63-101b997409d4@group-59CA74B7186E, cid=13, FAILED org.apache.ratis.protocol.NotLeaderException: Server 6932ec02-23cf-49d5-bf63-101b997409d4 is not the leader (null). Request must be sent to leader., logIndex=0, commits[6932ec02-23cf-49d5-bf63-101b997409d4:c-1]
2019-08-29 08:21:58,350 [Thread-326] INFO  impl.FollowerState (FollowerState.java:run(106)) - 4e7efcb5-917e-488d-886e-16c99a39ab6f:group-C7CEA64F060F changes to CANDIDATE, lastRpcTime:5021, electionTimeout:5021ms
2019-08-29 08:21:58,353 [Thread-326] INFO  impl.RoleInfo (RoleInfo.java:shutdownFollowerState(121)) - 4e7efcb5-917e-488d-886e-16c99a39ab6f: shutdown FollowerState
2019-08-29 08:21:58,353 [Thread-326] INFO  impl.RaftServerImpl (RaftServerImpl.java:setRole(171)) - 4e7efcb5-917e-488d-886e-16c99a39ab6f:group-C7CEA64F060F changes role from FOLLOWER to CANDIDATE at term 2 for changeToCandidate
2019-08-29 08:21:58,354 [Thread-326] INFO  impl.RoleInfo (RoleInfo.java:updateAndGet(143)) - 4e7efcb5-917e-488d-886e-16c99a39ab6f: start LeaderElection
2019-08-29 08:21:58,376 [Thread-319] INFO  impl.FollowerState (FollowerState.java:run(106)) - 5b56fd10-665b-4a03-90fc-42cf6e7ef5f6:group-59CA74B7186E changes to CANDIDATE, lastRpcTime:5128, electionTimeout:5126ms
2019-08-29 08:21:58,379 [Thread-319] INFO  impl.RoleInfo (RoleInfo.java:shutdownFollowerState(121)) - 5b56fd10-665b-4a03-90fc-42cf6e7ef5f6: shutdown FollowerState
2019-08-29 08:21:58,379 [Thread-319] INFO  impl.RaftServerImpl (RaftServerImpl.java:setRole(171)) - 5b56fd10-665b-4a03-90fc-42cf6e7ef5f6:group-59CA74B7186E changes role from FOLLOWER to CANDIDATE at term 1 for changeToCandidate
2019-08-29 08:21:58,380 [Thread-319] INFO  impl.RoleInfo (RoleInfo.java:updateAndGet(143)) - 5b56fd10-665b-4a03-90fc-42cf6e7ef5f6: start LeaderElection
2019-08-29 08:21:58,392 [4e7efcb5-917e-488d-886e-16c99a39ab6f:group-C7CEA64F060F:LeaderElection13] INFO  impl.LeaderElection (LeaderElection.java:askForVotes(181)) - 4e7efcb5-917e-488d-886e-16c99a39ab6f:group-C7CEA64F060F:LeaderElection13: begin an election at term 3 for -1: [7fd4362d-ab2c-4d65-9042-74517d5987d2:192.168.5.176:33357, 4e7efcb5-917e-488d-886e-16c99a39ab6f:192.168.5.176:46276, 67c35969-00c1-40e5-9eeb-9a2f6a2b337c:192.168.5.176:43496], old=null
2019-08-29 08:21:58,393 [Thread-320] INFO  impl.FollowerState (FollowerState.java:run(106)) - 98bb5522-a779-467f-a71e-3d66cbe7d5c3:group-59CA74B7186E changes to CANDIDATE, lastRpcTime:5133, electionTimeout:5124ms
2019-08-29 08:21:58,393 [Thread-320] INFO  impl.RoleInfo (RoleInfo.java:shutdownFollowerState(121)) - 98bb5522-a779-467f-a71e-3d66cbe7d5c3: shutdown FollowerState
2019-08-29 08:21:58,393 [Thread-320] INFO  impl.RaftServerImpl (RaftServerImpl.java:setRole(171)) - 98bb5522-a779-467f-a71e-3d66cbe7d5c3:group-59CA74B7186E changes role from FOLLOWER to CANDIDATE at term 1 for changeToCandidate
2019-08-29 08:21:58,394 [Thread-320] INFO  impl.RoleInfo (RoleInfo.java:updateAndGet(143)) - 98bb5522-a779-467f-a71e-3d66cbe7d5c3: start LeaderElection
2019-08-29 08:21:58,402 [grpc-default-executor-1] INFO  impl.RaftServerImpl (RaftServerImpl.java:setRole(171)) - 7fd4362d-ab2c-4d65-9042-74517d5987d2:group-C7CEA64F060F changes role from FOLLOWER to FOLLOWER at term 3 for recognizeCandidate:4e7efcb5-917e-488d-886e-16c99a39ab6f
2019-08-29 08:21:58,402 [grpc-default-executor-2] INFO  impl.RaftServerImpl (RaftServerImpl.java:setRole(171)) - 67c35969-00c1-40e5-9eeb-9a2f6a2b337c:group-C7CEA64F060F changes role from FOLLOWER to FOLLOWER at term 3 for recognizeCandidate:4e7efcb5-917e-488d-886e-16c99a39ab6f
2019-08-29 08:21:58,402 [grpc-default-executor-2] INFO  impl.RoleInfo (RoleInfo.java:shutdownFollowerState(121)) - 67c35969-00c1-40e5-9eeb-9a2f6a2b337c: shutdown FollowerState
2019-08-29 08:21:58,403 [Thread-333] INFO  impl.FollowerState (FollowerState.java:run(114)) - 67c35969-00c1-40e5-9eeb-9a2f6a2b337c: FollowerState was interrupted: java.lang.InterruptedException: sleep interrupted
2019-08-29 08:21:58,402 [grpc-default-executor-1] INFO  impl.RoleInfo (RoleInfo.java:shutdownFollowerState(121)) - 7fd4362d-ab2c-4d65-9042-74517d5987d2: shutdown FollowerState
2019-08-29 08:21:58,403 [grpc-default-executor-2] INFO  impl.RoleInfo (RoleInfo.java:updateAndGet(143)) - 67c35969-00c1-40e5-9eeb-9a2f6a2b337c: start FollowerState
2019-08-29 08:21:58,405 [grpc-default-executor-1] INFO  impl.RoleInfo (RoleInfo.java:updateAndGet(143)) - 7fd4362d-ab2c-4d65-9042-74517d5987d2: start FollowerState
2019-08-29 08:21:58,406 [Thread-334] INFO  impl.FollowerState (FollowerState.java:run(114)) - 7fd4362d-ab2c-4d65-9042-74517d5987d2: FollowerState was interrupted: java.lang.InterruptedException: sleep interrupted
2019-08-29 08:21:58,420 [98bb5522-a779-467f-a71e-3d66cbe7d5c3:group-59CA74B7186E:LeaderElection15] INFO  impl.LeaderElection (LeaderElection.java:askForVotes(181)) - 98bb5522-a779-467f-a71e-3d66cbe7d5c3:group-59CA74B7186E:LeaderElection15: begin an election at term 2 for -1: [5b56fd10-665b-4a03-90fc-42cf6e7ef5f6:192.168.5.176:44608, 98bb5522-a779-467f-a71e-3d66cbe7d5c3:192.168.5.176:36329, 6932ec02-23cf-49d5-bf63-101b997409d4:192.168.5.176:37426], old=null
2019-08-29 08:21:58,420 [5b56fd10-665b-4a03-90fc-42cf6e7ef5f6:group-59CA74B7186E:LeaderElection14] INFO  impl.LeaderElection (LeaderElection.java:askForVotes(181)) - 5b56fd10-665b-4a03-90fc-42cf6e7ef5f6:group-59CA74B7186E:LeaderElection14: begin an election at term 2 for -1: [5b56fd10-665b-4a03-90fc-42cf6e7ef5f6:192.168.5.176:44608, 98bb5522-a779-467f-a71e-3d66cbe7d5c3:192.168.5.176:36329, 6932ec02-23cf-49d5-bf63-101b997409d4:192.168.5.176:37426], old=null
2019-08-29 08:21:58,424 [4e7efcb5-917e-488d-886e-16c99a39ab6f:group-C7CEA64F060F:LeaderElection13] INFO  impl.LeaderElection (LeaderElection.java:logAndReturn(56)) - 4e7efcb5-917e-488d-886e-16c99a39ab6f:group-C7CEA64F060F:LeaderElection13: Election PASSED; received 1 response(s) [4e7efcb5-917e-488d-886e-16c99a39ab6f<-67c35969-00c1-40e5-9eeb-9a2f6a2b337c#0:OK-t3] and 0 exception(s); 4e7efcb5-917e-488d-886e-16c99a39ab6f:t3, leader=null, voted=4e7efcb5-917e-488d-886e-16c99a39ab6f, raftlog=4e7efcb5-917e-488d-886e-16c99a39ab6f-SegmentedRaftLog:OPENED:c-1,f-1,i0, conf=-1: [7fd4362d-ab2c-4d65-9042-74517d5987d2:192.168.5.176:33357, 4e7efcb5-917e-488d-886e-16c99a39ab6f:192.168.5.176:46276, 67c35969-00c1-40e5-9eeb-9a2f6a2b337c:192.168.5.176:43496], old=null
2019-08-29 08:21:58,425 [4e7efcb5-917e-488d-886e-16c99a39ab6f:group-C7CEA64F060F:LeaderElection13] INFO  impl.RoleInfo (RoleInfo.java:shutdownLeaderElection(134)) - 4e7efcb5-917e-488d-886e-16c99a39ab6f: shutdown LeaderElection
2019-08-29 08:21:58,431 [4e7efcb5-917e-488d-886e-16c99a39ab6f:group-C7CEA64F060F:LeaderElection13] INFO  impl.RaftServerImpl (RaftServerImpl.java:setRole(171)) - 4e7efcb5-917e-488d-886e-16c99a39ab6f:group-C7CEA64F060F changes role from CANDIDATE to LEADER at term 3 for changeToLeader
2019-08-29 08:21:58,433 [4e7efcb5-917e-488d-886e-16c99a39ab6f:group-C7CEA64F060F:LeaderElection13] INFO  impl.RaftServerImpl (ServerState.java:setLeader(263)) - 4e7efcb5-917e-488d-886e-16c99a39ab6f:group-C7CEA64F060F change Leader from null to 4e7efcb5-917e-488d-886e-16c99a39ab6f at term 3 for becomeLeader, leader elected after 10232ms
2019-08-29 08:21:58,433 [4e7efcb5-917e-488d-886e-16c99a39ab6f:group-C7CEA64F060F:LeaderElection13] INFO  server.RaftServerConfigKeys (ConfUtils.java:logGet(43)) - raft.server.staging.catchup.gap = 1000 (default)
2019-08-29 08:21:58,433 [4e7efcb5-917e-488d-886e-16c99a39ab6f:group-C7CEA64F060F:LeaderElection13] INFO  server.RaftServerConfigKeys (ConfUtils.java:logGet(43)) - raft.server.rpc.sleep.time = 25ms (default)
2019-08-29 08:21:58,434 [4e7efcb5-917e-488d-886e-16c99a39ab6f:group-C7CEA64F060F:LeaderElection13] INFO  server.RaftServerConfigKeys (ConfUtils.java:logGet(43)) - raft.server.write.element-limit = 4096 (default)
2019-08-29 08:21:58,434 [4e7efcb5-917e-488d-886e-16c99a39ab6f:group-C7CEA64F060F:LeaderElection13] INFO  server.RaftServerConfigKeys (ConfUtils.java:logGet(43)) - raft.server.watch.timeout = 10s (default)
2019-08-29 08:21:58,434 [4e7efcb5-917e-488d-886e-16c99a39ab6f:group-C7CEA64F060F:LeaderElection13] INFO  server.RaftServerConfigKeys (ConfUtils.java:logGet(43)) - raft.server.watch.timeout.denomination = 1s (default)
2019-08-29 08:21:58,434 [4e7efcb5-917e-488d-886e-16c99a39ab6f:group-C7CEA64F060F:LeaderElection13] INFO  server.RaftServerConfigKeys (ConfUtils.java:logGet(43)) - raft.server.watch.element-limit = 65536 (default)
2019-08-29 08:21:58,435 [4e7efcb5-917e-488d-886e-16c99a39ab6f:group-C7CEA64F060F:LeaderElection13] INFO  server.RaftServerConfigKeys (ConfUtils.java:logGet(43)) - raft.server.log.appender.snapshot.chunk.size.max = 16MB (=16777216) (default)
2019-08-29 08:21:58,436 [4e7efcb5-917e-488d-886e-16c99a39ab6f:group-C7CEA64F060F:LeaderElection13] INFO  server.RaftServerConfigKeys (ConfUtils.java:logGet(43)) - raft.server.log.appender.buffer.byte-limit = 33554432 (custom)
2019-08-29 08:21:58,436 [4e7efcb5-917e-488d-886e-16c99a39ab6f:group-C7CEA64F060F:LeaderElection13] INFO  server.RaftServerConfigKeys (ConfUtils.java:logGet(43)) - raft.server.log.appender.buffer.element-limit = 1 (custom)
2019-08-29 08:21:58,436 [4e7efcb5-917e-488d-886e-16c99a39ab6f:group-C7CEA64F060F:LeaderElection13] INFO  grpc.GrpcConfigKeys$Server (ConfUtils.java:logGet(43)) - raft.grpc.server.leader.outstanding.appends.max = 128 (default)
2019-08-29 08:21:58,440 [4e7efcb5-917e-488d-886e-16c99a39ab6f:group-C7CEA64F060F:LeaderElection13] INFO  server.RaftServerConfigKeys (ConfUtils.java:logGet(43)) - raft.server.rpc.request.timeout = 3000ms (default)
2019-08-29 08:21:58,440 [4e7efcb5-917e-488d-886e-16c99a39ab6f:group-C7CEA64F060F:LeaderElection13] INFO  server.RaftServerConfigKeys (ConfUtils.java:logGet(43)) - raft.server.log.appender.install.snapshot.enabled = false (custom)
2019-08-29 08:21:58,441 [4e7efcb5-917e-488d-886e-16c99a39ab6f:group-C7CEA64F060F:LeaderElection13] INFO  server.RaftServerConfigKeys (ConfUtils.java:logGet(43)) - raft.server.log.appender.snapshot.chunk.size.max = 16MB (=16777216) (default)
2019-08-29 08:21:58,441 [4e7efcb5-917e-488d-886e-16c99a39ab6f:group-C7CEA64F060F:LeaderElection13] INFO  server.RaftServerConfigKeys (ConfUtils.java:logGet(43)) - raft.server.log.appender.buffer.byte-limit = 33554432 (custom)
2019-08-29 08:21:58,441 [4e7efcb5-917e-488d-886e-16c99a39ab6f:group-C7CEA64F060F:LeaderElection13] INFO  server.RaftServerConfigKeys (ConfUtils.java:logGet(43)) - raft.server.log.appender.buffer.element-limit = 1 (custom)
2019-08-29 08:21:58,442 [4e7efcb5-917e-488d-886e-16c99a39ab6f:group-C7CEA64F060F:LeaderElection13] INFO  grpc.GrpcConfigKeys$Server (ConfUtils.java:logGet(43)) - raft.grpc.server.leader.outstanding.appends.max = 128 (default)
2019-08-29 08:21:58,442 [4e7efcb5-917e-488d-886e-16c99a39ab6f:group-C7CEA64F060F:LeaderElection13] INFO  server.RaftServerConfigKeys (ConfUtils.java:logGet(43)) - raft.server.rpc.request.timeout = 3000ms (default)
2019-08-29 08:21:58,442 [4e7efcb5-917e-488d-886e-16c99a39ab6f:group-C7CEA64F060F:LeaderElection13] INFO  server.RaftServerConfigKeys (ConfUtils.java:logGet(43)) - raft.server.log.appender.install.snapshot.enabled = false (custom)
2019-08-29 08:21:58,443 [4e7efcb5-917e-488d-886e-16c99a39ab6f:group-C7CEA64F060F:LeaderElection13] INFO  impl.RoleInfo (RoleInfo.java:updateAndGet(143)) - 4e7efcb5-917e-488d-886e-16c99a39ab6f: start LeaderState
2019-08-29 08:21:58,443 [4e7efcb5-917e-488d-886e-16c99a39ab6f:group-C7CEA64F060F:LeaderElection13] INFO  segmented.SegmentedRaftLogWorker (SegmentedRaftLogWorker.java:startLogSegment(380)) - 4e7efcb5-917e-488d-886e-16c99a39ab6f-SegmentedRaftLogWorker:Storage Directory /workdir/hadoop-ozone/integration-test/target/test-dir/MiniOzoneClusterImpl-ab0df1f0-a3d6-4d90-a98d-535794749ce9/datanode-0/data/ratis/9e93bfe6-bbbf-4ee0-bd70-c7cea64f060f: Starting segment from index:0
2019-08-29 08:21:58,447 [Thread-322] INFO  impl.FollowerState (FollowerState.java:run(106)) - 6932ec02-23cf-49d5-bf63-101b997409d4:group-59CA74B7186E changes to CANDIDATE, lastRpcTime:5149, electionTimeout:5148ms
2019-08-29 08:21:58,472 [Thread-322] INFO  impl.RoleInfo (RoleInfo.java:shutdownFollowerState(121)) - 6932ec02-23cf-49d5-bf63-101b997409d4: shutdown FollowerState
2019-08-29 08:21:58,472 [Thread-322] INFO  impl.RaftServerImpl (RaftServerImpl.java:setRole(171)) - 6932ec02-23cf-49d5-bf63-101b997409d4:group-59CA74B7186E changes role from FOLLOWER to CANDIDATE at term 1 for changeToCandidate
2019-08-29 08:21:58,472 [Thread-322] INFO  impl.RoleInfo (RoleInfo.java:updateAndGet(143)) - 6932ec02-23cf-49d5-bf63-101b997409d4: start LeaderElection
2019-08-29 08:21:58,472 [grpc-default-executor-2] INFO  impl.RaftServerImpl (RaftServerImpl.java:setRole(171)) - 6932ec02-23cf-49d5-bf63-101b997409d4:group-59CA74B7186E changes role from CANDIDATE to FOLLOWER at term 2 for recognizeCandidate:98bb5522-a779-467f-a71e-3d66cbe7d5c3
2019-08-29 08:21:58,484 [4e7efcb5-917e-488d-886e-16c99a39ab6f-SegmentedRaftLogWorker:Storage Directory /workdir/hadoop-ozone/integration-test/target/test-dir/MiniOzoneClusterImpl-ab0df1f0-a3d6-4d90-a98d-535794749ce9/datanode-0/data/ratis/9e93bfe6-bbbf-4ee0-bd70-c7cea64f060f] INFO  segmented.SegmentedRaftLogWorker (SegmentedRaftLogWorker.java:execute(569)) - 4e7efcb5-917e-488d-886e-16c99a39ab6f-SegmentedRaftLogWorker:Storage Directory /workdir/hadoop-ozone/integration-test/target/test-dir/MiniOzoneClusterImpl-ab0df1f0-a3d6-4d90-a98d-535794749ce9/datanode-0/data/ratis/9e93bfe6-bbbf-4ee0-bd70-c7cea64f060f: created new log segment /workdir/hadoop-ozone/integration-test/target/test-dir/MiniOzoneClusterImpl-ab0df1f0-a3d6-4d90-a98d-535794749ce9/datanode-0/data/ratis/9e93bfe6-bbbf-4ee0-bd70-c7cea64f060f/current/log_inprogress_0
2019-08-29 08:21:58,484 [grpc-default-executor-2] INFO  impl.RoleInfo (RoleInfo.java:shutdownLeaderElection(134)) - 6932ec02-23cf-49d5-bf63-101b997409d4: shutdown LeaderElection
2019-08-29 08:21:58,485 [grpc-default-executor-2] INFO  impl.RoleInfo (RoleInfo.java:updateAndGet(143)) - 6932ec02-23cf-49d5-bf63-101b997409d4: start FollowerState
2019-08-29 08:21:58,485 [4e7efcb5-917e-488d-886e-16c99a39ab6f:group-C7CEA64F060F:LeaderElection13] INFO  impl.RaftServerImpl (ServerState.java:setRaftConf(361)) - 4e7efcb5-917e-488d-886e-16c99a39ab6f:group-C7CEA64F060F set configuration 0: [7fd4362d-ab2c-4d65-9042-74517d5987d2:192.168.5.176:33357, 4e7efcb5-917e-488d-886e-16c99a39ab6f:192.168.5.176:46276, 67c35969-00c1-40e5-9eeb-9a2f6a2b337c:192.168.5.176:43496], old=null at 0
2019-08-29 08:21:58,507 [grpc-default-executor-1] INFO  impl.RaftServerImpl (RaftServerImpl.java:setRole(171)) - 6932ec02-23cf-49d5-bf63-101b997409d4:group-59CA74B7186E changes role from FOLLOWER to FOLLOWER at term 2 for recognizeCandidate:5b56fd10-665b-4a03-90fc-42cf6e7ef5f6
2019-08-29 08:21:58,510 [grpc-default-executor-1] INFO  impl.RoleInfo (RoleInfo.java:shutdownFollowerState(121)) - 6932ec02-23cf-49d5-bf63-101b997409d4: shutdown FollowerState
2019-08-29 08:21:58,510 [grpc-default-executor-1] INFO  impl.RoleInfo (RoleInfo.java:updateAndGet(143)) - 6932ec02-23cf-49d5-bf63-101b997409d4: start FollowerState
2019-08-29 08:21:58,512 [Thread-365] INFO  impl.FollowerState (FollowerState.java:run(114)) - 6932ec02-23cf-49d5-bf63-101b997409d4: FollowerState was interrupted: java.lang.InterruptedException: sleep interrupted
2019-08-29 08:21:58,538 [98bb5522-a779-467f-a71e-3d66cbe7d5c3:group-59CA74B7186E:LeaderElection15] INFO  impl.LeaderElection (LeaderElection.java:logAndReturn(56)) - 98bb5522-a779-467f-a71e-3d66cbe7d5c3:group-59CA74B7186E:LeaderElection15: Election REJECTED; received 2 response(s) [98bb5522-a779-467f-a71e-3d66cbe7d5c3<-5b56fd10-665b-4a03-90fc-42cf6e7ef5f6#0:FAIL-t2, 98bb5522-a779-467f-a71e-3d66cbe7d5c3<-6932ec02-23cf-49d5-bf63-101b997409d4#0:FAIL-t2] and 0 exception(s); 98bb5522-a779-467f-a71e-3d66cbe7d5c3:t2, leader=null, voted=98bb5522-a779-467f-a71e-3d66cbe7d5c3, raftlog=98bb5522-a779-467f-a71e-3d66cbe7d5c3-SegmentedRaftLog:OPENED:c-1,f-1,i0, conf=-1: [5b56fd10-665b-4a03-90fc-42cf6e7ef5f6:192.168.5.176:44608, 98bb5522-a779-467f-a71e-3d66cbe7d5c3:192.168.5.176:36329, 6932ec02-23cf-49d5-bf63-101b997409d4:192.168.5.176:37426], old=null
2019-08-29 08:21:58,538 [98bb5522-a779-467f-a71e-3d66cbe7d5c3:group-59CA74B7186E:LeaderElection15] INFO  impl.RaftServerImpl (RaftServerImpl.java:setRole(171)) - 98bb5522-a779-467f-a71e-3d66cbe7d5c3:group-59CA74B7186E changes role from CANDIDATE to FOLLOWER at term 2 for DISCOVERED_A_NEW_TERM
2019-08-29 08:21:58,538 [98bb5522-a779-467f-a71e-3d66cbe7d5c3:group-59CA74B7186E:LeaderElection15] INFO  impl.RoleInfo (RoleInfo.java:shutdownLeaderElection(134)) - 98bb5522-a779-467f-a71e-3d66cbe7d5c3: shutdown LeaderElection
2019-08-29 08:21:58,538 [98bb5522-a779-467f-a71e-3d66cbe7d5c3:group-59CA74B7186E:LeaderElection15] INFO  impl.RoleInfo (RoleInfo.java:updateAndGet(143)) - 98bb5522-a779-467f-a71e-3d66cbe7d5c3: start FollowerState
2019-08-29 08:21:58,540 [grpc-default-executor-0] INFO  impl.RaftServerImpl (ServerState.java:setLeader(263)) - 67c35969-00c1-40e5-9eeb-9a2f6a2b337c:group-C7CEA64F060F change Leader from null to 4e7efcb5-917e-488d-886e-16c99a39ab6f at term 3 for appendEntries, leader elected after 10340ms
2019-08-29 08:21:58,546 [grpc-default-executor-3] INFO  impl.RaftServerImpl (ServerState.java:setLeader(263)) - 7fd4362d-ab2c-4d65-9042-74517d5987d2:group-C7CEA64F060F change Leader from null to 4e7efcb5-917e-488d-886e-16c99a39ab6f at term 3 for appendEntries, leader elected after 5092ms
2019-08-29 08:21:58,569 [5b56fd10-665b-4a03-90fc-42cf6e7ef5f6:group-59CA74B7186E:LeaderElection14] INFO  impl.LeaderElection (LeaderElection.java:logAndReturn(56)) - 5b56fd10-665b-4a03-90fc-42cf6e7ef5f6:group-59CA74B7186E:LeaderElection14: Election PASSED; received 2 response(s) [5b56fd10-665b-4a03-90fc-42cf6e7ef5f6<-98bb5522-a779-467f-a71e-3d66cbe7d5c3#0:FAIL-t2, 5b56fd10-665b-4a03-90fc-42cf6e7ef5f6<-6932ec02-23cf-49d5-bf63-101b997409d4#0:OK-t2] and 0 exception(s); 5b56fd10-665b-4a03-90fc-42cf6e7ef5f6:t2, leader=null, voted=5b56fd10-665b-4a03-90fc-42cf6e7ef5f6, raftlog=5b56fd10-665b-4a03-90fc-42cf6e7ef5f6-SegmentedRaftLog:OPENED:c-1,f-1,i0, conf=-1: [5b56fd10-665b-4a03-90fc-42cf6e7ef5f6:192.168.5.176:44608, 98bb5522-a779-467f-a71e-3d66cbe7d5c3:192.168.5.176:36329, 6932ec02-23cf-49d5-bf63-101b997409d4:192.168.5.176:37426], old=null
2019-08-29 08:21:58,570 [5b56fd10-665b-4a03-90fc-42cf6e7ef5f6:group-59CA74B7186E:LeaderElection14] INFO  impl.RoleInfo (RoleInfo.java:shutdownLeaderElection(134)) - 5b56fd10-665b-4a03-90fc-42cf6e7ef5f6: shutdown LeaderElection
2019-08-29 08:21:58,570 [5b56fd10-665b-4a03-90fc-42cf6e7ef5f6:group-59CA74B7186E:LeaderElection14] INFO  impl.RaftServerImpl (RaftServerImpl.java:setRole(171)) - 5b56fd10-665b-4a03-90fc-42cf6e7ef5f6:group-59CA74B7186E changes role from CANDIDATE to LEADER at term 2 for changeToLeader
2019-08-29 08:21:58,570 [5b56fd10-665b-4a03-90fc-42cf6e7ef5f6:group-59CA74B7186E:LeaderElection14] INFO  impl.RaftServerImpl (ServerState.java:setLeader(263)) - 5b56fd10-665b-4a03-90fc-42cf6e7ef5f6:group-59CA74B7186E change Leader from null to 5b56fd10-665b-4a03-90fc-42cf6e7ef5f6 at term 2 for becomeLeader, leader elected after 10519ms
2019-08-29 08:21:58,570 [5b56fd10-665b-4a03-90fc-42cf6e7ef5f6:group-59CA74B7186E:LeaderElection14] INFO  server.RaftServerConfigKeys (ConfUtils.java:logGet(43)) - raft.server.staging.catchup.gap = 1000 (default)
2019-08-29 08:21:58,570 [5b56fd10-665b-4a03-90fc-42cf6e7ef5f6:group-59CA74B7186E:LeaderElection14] INFO  server.RaftServerConfigKeys (ConfUtils.java:logGet(43)) - raft.server.rpc.sleep.time = 25ms (default)
2019-08-29 08:21:58,571 [5b56fd10-665b-4a03-90fc-42cf6e7ef5f6:group-59CA74B7186E:LeaderElection14] INFO  server.RaftServerConfigKeys (ConfUtils.java:logGet(43)) - raft.server.write.element-limit = 4096 (default)
2019-08-29 08:21:58,571 [5b56fd10-665b-4a03-90fc-42cf6e7ef5f6:group-59CA74B7186E:LeaderElection14] INFO  server.RaftServerConfigKeys (ConfUtils.java:logGet(43)) - raft.server.watch.timeout = 10s (default)
2019-08-29 08:21:58,571 [5b56fd10-665b-4a03-90fc-42cf6e7ef5f6:group-59CA74B7186E:LeaderElection14] INFO  server.RaftServerConfigKeys (ConfUtils.java:logGet(43)) - raft.server.watch.timeout.denomination = 1s (default)
2019-08-29 08:21:58,571 [5b56fd10-665b-4a03-90fc-42cf6e7ef5f6:group-59CA74B7186E:LeaderElection14] INFO  server.RaftServerConfigKeys (ConfUtils.java:logGet(43)) - raft.server.watch.element-limit = 65536 (default)
2019-08-29 08:21:58,571 [5b56fd10-665b-4a03-90fc-42cf6e7ef5f6:group-59CA74B7186E:LeaderElection14] INFO  server.RaftServerConfigKeys (ConfUtils.java:logGet(43)) - raft.server.log.appender.snapshot.chunk.size.max = 16MB (=16777216) (default)
2019-08-29 08:21:58,572 [5b56fd10-665b-4a03-90fc-42cf6e7ef5f6:group-59CA74B7186E:LeaderElection14] INFO  server.RaftServerConfigKeys (ConfUtils.java:logGet(43)) - raft.server.log.appender.buffer.byte-limit = 33554432 (custom)
2019-08-29 08:21:58,572 [5b56fd10-665b-4a03-90fc-42cf6e7ef5f6:group-59CA74B7186E:LeaderElection14] INFO  server.RaftServerConfigKeys (ConfUtils.java:logGet(43)) - raft.server.log.appender.buffer.element-limit = 1 (custom)
2019-08-29 08:21:58,577 [5b56fd10-665b-4a03-90fc-42cf6e7ef5f6:group-59CA74B7186E:LeaderElection14] INFO  grpc.GrpcConfigKeys$Server (ConfUtils.java:logGet(43)) - raft.grpc.server.leader.outstanding.appends.max = 128 (default)
2019-08-29 08:21:58,577 [5b56fd10-665b-4a03-90fc-42cf6e7ef5f6:group-59CA74B7186E:LeaderElection14] INFO  server.RaftServerConfigKeys (ConfUtils.java:logGet(43)) - raft.server.rpc.request.timeout = 3000ms (default)
2019-08-29 08:21:58,577 [5b56fd10-665b-4a03-90fc-42cf6e7ef5f6:group-59CA74B7186E:LeaderElection14] INFO  server.RaftServerConfigKeys (ConfUtils.java:logGet(43)) - raft.server.log.appender.install.snapshot.enabled = false (custom)
2019-08-29 08:21:58,577 [5b56fd10-665b-4a03-90fc-42cf6e7ef5f6:group-59CA74B7186E:LeaderElection14] INFO  server.RaftServerConfigKeys (ConfUtils.java:logGet(43)) - raft.server.log.appender.snapshot.chunk.size.max = 16MB (=16777216) (default)
2019-08-29 08:21:58,578 [5b56fd10-665b-4a03-90fc-42cf6e7ef5f6:group-59CA74B7186E:LeaderElection14] INFO  server.RaftServerConfigKeys (ConfUtils.java:logGet(43)) - raft.server.log.appender.buffer.byte-limit = 33554432 (custom)
2019-08-29 08:21:58,578 [5b56fd10-665b-4a03-90fc-42cf6e7ef5f6:group-59CA74B7186E:LeaderElection14] INFO  server.RaftServerConfigKeys (ConfUtils.java:logGet(43)) - raft.server.log.appender.buffer.element-limit = 1 (custom)
2019-08-29 08:21:58,578 [5b56fd10-665b-4a03-90fc-42cf6e7ef5f6:group-59CA74B7186E:LeaderElection14] INFO  grpc.GrpcConfigKeys$Server (ConfUtils.java:logGet(43)) - raft.grpc.server.leader.outstanding.appends.max = 128 (default)
2019-08-29 08:21:58,578 [5b56fd10-665b-4a03-90fc-42cf6e7ef5f6:group-59CA74B7186E:LeaderElection14] INFO  server.RaftServerConfigKeys (ConfUtils.java:logGet(43)) - raft.server.rpc.request.timeout = 3000ms (default)
2019-08-29 08:21:58,578 [5b56fd10-665b-4a03-90fc-42cf6e7ef5f6:group-59CA74B7186E:LeaderElection14] INFO  server.RaftServerConfigKeys (ConfUtils.java:logGet(43)) - raft.server.log.appender.install.snapshot.enabled = false (custom)
2019-08-29 08:21:58,578 [5b56fd10-665b-4a03-90fc-42cf6e7ef5f6:group-59CA74B7186E:LeaderElection14] INFO  impl.RoleInfo (RoleInfo.java:updateAndGet(143)) - 5b56fd10-665b-4a03-90fc-42cf6e7ef5f6: start LeaderState
2019-08-29 08:21:58,579 [5b56fd10-665b-4a03-90fc-42cf6e7ef5f6:group-59CA74B7186E:LeaderElection14] INFO  segmented.SegmentedRaftLogWorker (SegmentedRaftLogWorker.java:startLogSegment(380)) - 5b56fd10-665b-4a03-90fc-42cf6e7ef5f6-SegmentedRaftLogWorker:Storage Directory /workdir/hadoop-ozone/integration-test/target/test-dir/MiniOzoneClusterImpl-ab0df1f0-a3d6-4d90-a98d-535794749ce9/datanode-6/data/ratis/e26ae616-4cf0-44c6-9636-59ca74b7186e: Starting segment from index:0
2019-08-29 08:21:58,607 [5b56fd10-665b-4a03-90fc-42cf6e7ef5f6:group-59CA74B7186E:LeaderElection14] INFO  impl.RaftServerImpl (ServerState.java:setRaftConf(361)) - 5b56fd10-665b-4a03-90fc-42cf6e7ef5f6:group-59CA74B7186E set configuration 0: [5b56fd10-665b-4a03-90fc-42cf6e7ef5f6:192.168.5.176:44608, 98bb5522-a779-467f-a71e-3d66cbe7d5c3:192.168.5.176:36329, 6932ec02-23cf-49d5-bf63-101b997409d4:192.168.5.176:37426], old=null at 0
2019-08-29 08:21:58,618 [grpc-default-executor-0] INFO  impl.RaftServerImpl (ServerState.java:setLeader(263)) - 6932ec02-23cf-49d5-bf63-101b997409d4:group-59CA74B7186E change Leader from null to 5b56fd10-665b-4a03-90fc-42cf6e7ef5f6 at term 2 for appendEntries, leader elected after 10567ms
2019-08-29 08:21:58,622 [grpc-default-executor-3] INFO  impl.RaftServerImpl (ServerState.java:setRaftConf(361)) - 7fd4362d-ab2c-4d65-9042-74517d5987d2:group-C7CEA64F060F set configuration 0: [7fd4362d-ab2c-4d65-9042-74517d5987d2:192.168.5.176:33357, 4e7efcb5-917e-488d-886e-16c99a39ab6f:192.168.5.176:46276, 67c35969-00c1-40e5-9eeb-9a2f6a2b337c:192.168.5.176:43496], old=null at 0
2019-08-29 08:21:58,626 [grpc-default-executor-4] INFO  impl.RaftServerImpl (ServerState.java:setLeader(263)) - 98bb5522-a779-467f-a71e-3d66cbe7d5c3:group-59CA74B7186E change Leader from null to 5b56fd10-665b-4a03-90fc-42cf6e7ef5f6 at term 2 for appendEntries, leader elected after 10575ms
2019-08-29 08:21:58,622 [grpc-default-executor-1] INFO  impl.RaftServerImpl (ServerState.java:setRaftConf(361)) - 67c35969-00c1-40e5-9eeb-9a2f6a2b337c:group-C7CEA64F060F set configuration 0: [7fd4362d-ab2c-4d65-9042-74517d5987d2:192.168.5.176:33357, 4e7efcb5-917e-488d-886e-16c99a39ab6f:192.168.5.176:46276, 67c35969-00c1-40e5-9eeb-9a2f6a2b337c:192.168.5.176:43496], old=null at 0
2019-08-29 08:21:58,627 [grpc-default-executor-1] INFO  segmented.SegmentedRaftLogWorker (SegmentedRaftLogWorker.java:startLogSegment(380)) - 67c35969-00c1-40e5-9eeb-9a2f6a2b337c-SegmentedRaftLogWorker:Storage Directory /workdir/hadoop-ozone/integration-test/target/test-dir/MiniOzoneClusterImpl-ab0df1f0-a3d6-4d90-a98d-535794749ce9/datanode-2/data/ratis/9e93bfe6-bbbf-4ee0-bd70-c7cea64f060f: Starting segment from index:0
2019-08-29 08:21:58,629 [grpc-default-executor-3] INFO  segmented.SegmentedRaftLogWorker (SegmentedRaftLogWorker.java:truncate(396)) - 7fd4362d-ab2c-4d65-9042-74517d5987d2-SegmentedRaftLogWorker:Storage Directory /workdir/hadoop-ozone/integration-test/target/test-dir/MiniOzoneClusterImpl-ab0df1f0-a3d6-4d90-a98d-535794749ce9/datanode-5/data/ratis/9e93bfe6-bbbf-4ee0-bd70-c7cea64f060f: Truncating segments toTruncate: null
  toDelete: [(0, 0) isOpen? true, length=0, newEndIndex=-1], start index 0
2019-08-29 08:21:58,630 [grpc-default-executor-2] INFO  impl.RaftServerImpl (ServerState.java:setRaftConf(361)) - 98bb5522-a779-467f-a71e-3d66cbe7d5c3:group-59CA74B7186E set configuration 0: [5b56fd10-665b-4a03-90fc-42cf6e7ef5f6:192.168.5.176:44608, 98bb5522-a779-467f-a71e-3d66cbe7d5c3:192.168.5.176:36329, 6932ec02-23cf-49d5-bf63-101b997409d4:192.168.5.176:37426], old=null at 0
2019-08-29 08:21:58,630 [grpc-default-executor-1] INFO  impl.RaftServerImpl (ServerState.java:setRaftConf(361)) - 6932ec02-23cf-49d5-bf63-101b997409d4:group-59CA74B7186E set configuration 0: [5b56fd10-665b-4a03-90fc-42cf6e7ef5f6:192.168.5.176:44608, 98bb5522-a779-467f-a71e-3d66cbe7d5c3:192.168.5.176:36329, 6932ec02-23cf-49d5-bf63-101b997409d4:192.168.5.176:37426], old=null at 0
2019-08-29 08:21:58,630 [grpc-default-executor-2] INFO  segmented.SegmentedRaftLogWorker (SegmentedRaftLogWorker.java:startLogSegment(380)) - 98bb5522-a779-467f-a71e-3d66cbe7d5c3-SegmentedRaftLogWorker:Storage Directory /workdir/hadoop-ozone/integration-test/target/test-dir/MiniOzoneClusterImpl-ab0df1f0-a3d6-4d90-a98d-535794749ce9/datanode-3/data/ratis/e26ae616-4cf0-44c6-9636-59ca74b7186e: Starting segment from index:0
2019-08-29 08:21:58,631 [grpc-default-executor-1] INFO  segmented.SegmentedRaftLogWorker (SegmentedRaftLogWorker.java:startLogSegment(380)) - 6932ec02-23cf-49d5-bf63-101b997409d4-SegmentedRaftLogWorker:Storage Directory /workdir/hadoop-ozone/integration-test/target/test-dir/MiniOzoneClusterImpl-ab0df1f0-a3d6-4d90-a98d-535794749ce9/datanode-4/data/ratis/e26ae616-4cf0-44c6-9636-59ca74b7186e: Starting segment from index:0
2019-08-29 08:21:58,631 [5b56fd10-665b-4a03-90fc-42cf6e7ef5f6-SegmentedRaftLogWorker:Storage Directory /workdir/hadoop-ozone/integration-test/target/test-dir/MiniOzoneClusterImpl-ab0df1f0-a3d6-4d90-a98d-535794749ce9/datanode-6/data/ratis/e26ae616-4cf0-44c6-9636-59ca74b7186e] INFO  segmented.SegmentedRaftLogWorker (SegmentedRaftLogWorker.java:execute(569)) - 5b56fd10-665b-4a03-90fc-42cf6e7ef5f6-SegmentedRaftLogWorker:Storage Directory /workdir/hadoop-ozone/integration-test/target/test-dir/MiniOzoneClusterImpl-ab0df1f0-a3d6-4d90-a98d-535794749ce9/datanode-6/data/ratis/e26ae616-4cf0-44c6-9636-59ca74b7186e: created new log segment /workdir/hadoop-ozone/integration-test/target/test-dir/MiniOzoneClusterImpl-ab0df1f0-a3d6-4d90-a98d-535794749ce9/datanode-6/data/ratis/e26ae616-4cf0-44c6-9636-59ca74b7186e/current/log_inprogress_0
2019-08-29 08:21:58,631 [7fd4362d-ab2c-4d65-9042-74517d5987d2-SegmentedRaftLogWorker:Storage Directory /workdir/hadoop-ozone/integration-test/target/test-dir/MiniOzoneClusterImpl-ab0df1f0-a3d6-4d90-a98d-535794749ce9/datanode-5/data/ratis/9e93bfe6-bbbf-4ee0-bd70-c7cea64f060f] INFO  segmented.SegmentedRaftLogWorker (SegmentedRaftLogWorker.java:execute(633)) - 7fd4362d-ab2c-4d65-9042-74517d5987d2-SegmentedRaftLogWorker:Storage Directory /workdir/hadoop-ozone/integration-test/target/test-dir/MiniOzoneClusterImpl-ab0df1f0-a3d6-4d90-a98d-535794749ce9/datanode-5/data/ratis/9e93bfe6-bbbf-4ee0-bd70-c7cea64f060f: Deleted log file /workdir/hadoop-ozone/integration-test/target/test-dir/MiniOzoneClusterImpl-ab0df1f0-a3d6-4d90-a98d-535794749ce9/datanode-5/data/ratis/9e93bfe6-bbbf-4ee0-bd70-c7cea64f060f/current/log_inprogress_0
2019-08-29 08:21:58,632 [grpc-default-executor-3] INFO  segmented.SegmentedRaftLogWorker (SegmentedRaftLogWorker.java:startLogSegment(380)) - 7fd4362d-ab2c-4d65-9042-74517d5987d2-SegmentedRaftLogWorker:Storage Directory /workdir/hadoop-ozone/integration-test/target/test-dir/MiniOzoneClusterImpl-ab0df1f0-a3d6-4d90-a98d-535794749ce9/datanode-5/data/ratis/9e93bfe6-bbbf-4ee0-bd70-c7cea64f060f: Starting segment from index:0
2019-08-29 08:21:58,673 [7fd4362d-ab2c-4d65-9042-74517d5987d2-SegmentedRaftLogWorker:Storage Directory /workdir/hadoop-ozone/integration-test/target/test-dir/MiniOzoneClusterImpl-ab0df1f0-a3d6-4d90-a98d-535794749ce9/datanode-5/data/ratis/9e93bfe6-bbbf-4ee0-bd70-c7cea64f060f] INFO  segmented.SegmentedRaftLogWorker (SegmentedRaftLogWorker.java:lambda$new$0(132)) - 7fd4362d-ab2c-4d65-9042-74517d5987d2-SegmentedRaftLogWorker:Storage Directory /workdir/hadoop-ozone/integration-test/target/test-dir/MiniOzoneClusterImpl-ab0df1f0-a3d6-4d90-a98d-535794749ce9/datanode-5/data/ratis/9e93bfe6-bbbf-4ee0-bd70-c7cea64f060f: flushIndex: setUnconditionally 0 -> -1
2019-08-29 08:21:58,686 [67c35969-00c1-40e5-9eeb-9a2f6a2b337c-SegmentedRaftLogWorker:Storage Directory /workdir/hadoop-ozone/integration-test/target/test-dir/MiniOzoneClusterImpl-ab0df1f0-a3d6-4d90-a98d-535794749ce9/datanode-2/data/ratis/9e93bfe6-bbbf-4ee0-bd70-c7cea64f060f] INFO  segmented.SegmentedRaftLogWorker (SegmentedRaftLogWorker.java:execute(569)) - 67c35969-00c1-40e5-9eeb-9a2f6a2b337c-SegmentedRaftLogWorker:Storage Directory /workdir/hadoop-ozone/integration-test/target/test-dir/MiniOzoneClusterImpl-ab0df1f0-a3d6-4d90-a98d-535794749ce9/datanode-2/data/ratis/9e93bfe6-bbbf-4ee0-bd70-c7cea64f060f: created new log segment /workdir/hadoop-ozone/integration-test/target/test-dir/MiniOzoneClusterImpl-ab0df1f0-a3d6-4d90-a98d-535794749ce9/datanode-2/data/ratis/9e93bfe6-bbbf-4ee0-bd70-c7cea64f060f/current/log_inprogress_0
2019-08-29 08:21:58,686 [98bb5522-a779-467f-a71e-3d66cbe7d5c3-SegmentedRaftLogWorker:Storage Directory /workdir/hadoop-ozone/integration-test/target/test-dir/MiniOzoneClusterImpl-ab0df1f0-a3d6-4d90-a98d-535794749ce9/datanode-3/data/ratis/e26ae616-4cf0-44c6-9636-59ca74b7186e] INFO  segmented.SegmentedRaftLogWorker (SegmentedRaftLogWorker.java:execute(569)) - 98bb5522-a779-467f-a71e-3d66cbe7d5c3-SegmentedRaftLogWorker:Storage Directory /workdir/hadoop-ozone/integration-test/target/test-dir/MiniOzoneClusterImpl-ab0df1f0-a3d6-4d90-a98d-535794749ce9/datanode-3/data/ratis/e26ae616-4cf0-44c6-9636-59ca74b7186e: created new log segment /workdir/hadoop-ozone/integration-test/target/test-dir/MiniOzoneClusterImpl-ab0df1f0-a3d6-4d90-a98d-535794749ce9/datanode-3/data/ratis/e26ae616-4cf0-44c6-9636-59ca74b7186e/current/log_inprogress_0
2019-08-29 08:21:58,714 [6932ec02-23cf-49d5-bf63-101b997409d4-SegmentedRaftLogWorker:Storage Directory /workdir/hadoop-ozone/integration-test/target/test-dir/MiniOzoneClusterImpl-ab0df1f0-a3d6-4d90-a98d-535794749ce9/datanode-4/data/ratis/e26ae616-4cf0-44c6-9636-59ca74b7186e] INFO  segmented.SegmentedRaftLogWorker (SegmentedRaftLogWorker.java:execute(569)) - 6932ec02-23cf-49d5-bf63-101b997409d4-SegmentedRaftLogWorker:Storage Directory /workdir/hadoop-ozone/integration-test/target/test-dir/MiniOzoneClusterImpl-ab0df1f0-a3d6-4d90-a98d-535794749ce9/datanode-4/data/ratis/e26ae616-4cf0-44c6-9636-59ca74b7186e: created new log segment /workdir/hadoop-ozone/integration-test/target/test-dir/MiniOzoneClusterImpl-ab0df1f0-a3d6-4d90-a98d-535794749ce9/datanode-4/data/ratis/e26ae616-4cf0-44c6-9636-59ca74b7186e/current/log_inprogress_0
2019-08-29 08:21:58,749 [7fd4362d-ab2c-4d65-9042-74517d5987d2-SegmentedRaftLogWorker:Storage Directory /workdir/hadoop-ozone/integration-test/target/test-dir/MiniOzoneClusterImpl-ab0df1f0-a3d6-4d90-a98d-535794749ce9/datanode-5/data/ratis/9e93bfe6-bbbf-4ee0-bd70-c7cea64f060f] INFO  segmented.SegmentedRaftLogWorker (SegmentedRaftLogWorker.java:execute(569)) - 7fd4362d-ab2c-4d65-9042-74517d5987d2-SegmentedRaftLogWorker:Storage Directory /workdir/hadoop-ozone/integration-test/target/test-dir/MiniOzoneClusterImpl-ab0df1f0-a3d6-4d90-a98d-535794749ce9/datanode-5/data/ratis/9e93bfe6-bbbf-4ee0-bd70-c7cea64f060f: created new log segment /workdir/hadoop-ozone/integration-test/target/test-dir/MiniOzoneClusterImpl-ab0df1f0-a3d6-4d90-a98d-535794749ce9/datanode-5/data/ratis/9e93bfe6-bbbf-4ee0-bd70-c7cea64f060f/current/log_inprogress_0
2019-08-29 08:21:58,779 | INFO  | SCMAudit | user=jenkins1000 | ip=192.168.5.176 | op=SEND_HEARTBEAT {datanodeUUID=5b56fd10-665b-4a03-90fc-42cf6e7ef5f6, command=[]} | ret=SUCCESS |  
2019-08-29 08:21:58,790 | INFO  | SCMAudit | user=jenkins1000 | ip=192.168.5.176 | op=SEND_HEARTBEAT {datanodeUUID=7fd4362d-ab2c-4d65-9042-74517d5987d2, command=[]} | ret=SUCCESS |  
2019-08-29 08:21:58,795 | INFO  | SCMAudit | user=jenkins1000 | ip=192.168.5.176 | op=SEND_HEARTBEAT {datanodeUUID=6932ec02-23cf-49d5-bf63-101b997409d4, command=[]} | ret=SUCCESS |  
2019-08-29 08:21:59,031 | INFO  | SCMAudit | user=jenkins1000 | ip=192.168.5.176 | op=SEND_HEARTBEAT {datanodeUUID=4e7efcb5-917e-488d-886e-16c99a39ab6f, command=[]} | ret=SUCCESS |  
2019-08-29 08:21:59,112 | INFO  | SCMAudit | user=jenkins1000 | ip=192.168.5.176 | op=SEND_HEARTBEAT {datanodeUUID=8944090c-39c7-48a8-859f-48289bd7a1e9, command=[]} | ret=SUCCESS |  
2019-08-29 08:21:59,180 | INFO  | SCMAudit | user=jenkins1000 | ip=192.168.5.176 | op=SEND_HEARTBEAT {datanodeUUID=67c35969-00c1-40e5-9eeb-9a2f6a2b337c, command=[]} | ret=SUCCESS |  
2019-08-29 08:21:59,243 | INFO  | SCMAudit | user=jenkins1000 | ip=192.168.5.176 | op=SEND_HEARTBEAT {datanodeUUID=98bb5522-a779-467f-a71e-3d66cbe7d5c3, command=[]} | ret=SUCCESS |  
2019-08-29 08:21:59,282 [grpc-default-executor-3] INFO  client.GrpcClientProtocolClient (GrpcClientProtocolClient.java:onNext(255)) - client-B9266A52B3FC->98bb5522-a779-467f-a71e-3d66cbe7d5c3: receive RaftClientReply:client-B9266A52B3FC->98bb5522-a779-467f-a71e-3d66cbe7d5c3@group-59CA74B7186E, cid=13, FAILED org.apache.ratis.protocol.NotLeaderException: Server 98bb5522-a779-467f-a71e-3d66cbe7d5c3 is not the leader (5b56fd10-665b-4a03-90fc-42cf6e7ef5f6:192.168.5.176:44608). Request must be sent to leader., logIndex=0, commits[98bb5522-a779-467f-a71e-3d66cbe7d5c3:c-1, 5b56fd10-665b-4a03-90fc-42cf6e7ef5f6:c-1, 6932ec02-23cf-49d5-bf63-101b997409d4:c-1]
2019-08-29 08:21:59,607 | INFO  | SCMAudit | user=jenkins1000 | ip=192.168.5.176 | op=SEND_HEARTBEAT {datanodeUUID=6932ec02-23cf-49d5-bf63-101b997409d4, command=[]} | ret=SUCCESS |  
2019-08-29 08:21:59,607 | INFO  | SCMAudit | user=jenkins1000 | ip=192.168.5.176 | op=SEND_HEARTBEAT {datanodeUUID=5b56fd10-665b-4a03-90fc-42cf6e7ef5f6, command=[]} | ret=SUCCESS |  
2019-08-29 08:21:59,608 | INFO  | SCMAudit | user=jenkins1000 | ip=192.168.5.176 | op=SEND_HEARTBEAT {datanodeUUID=98bb5522-a779-467f-a71e-3d66cbe7d5c3, command=[]} | ret=SUCCESS |  
2019-08-29 08:21:59,635 | INFO  | DNAudit | user=null | ip=null | op=WRITE_CHUNK {blockData=conID: 1 locID: 102699296899137536 bcsId: 0} | ret=SUCCESS |  
2019-08-29 08:21:59,635 | INFO  | DNAudit | user=null | ip=null | op=WRITE_CHUNK {blockData=conID: 1 locID: 102699296899137536 bcsId: 0} | ret=SUCCESS |  
2019-08-29 08:21:59,635 | INFO  | DNAudit | user=null | ip=null | op=WRITE_CHUNK {blockData=conID: 1 locID: 102699296899137536 bcsId: 0} | ret=SUCCESS |  
2019-08-29 08:21:59,667 | INFO  | DNAudit | user=null | ip=null | op=WRITE_CHUNK {blockData=conID: 1 locID: 102699296899137536 bcsId: 0} | ret=SUCCESS |  
2019-08-29 08:21:59,683 | INFO  | DNAudit | user=null | ip=null | op=WRITE_CHUNK {blockData=conID: 1 locID: 102699296899137536 bcsId: 0} | ret=SUCCESS |  
2019-08-29 08:21:59,693 [grpc-default-executor-1] INFO  client.GrpcClientProtocolClient (GrpcClientProtocolClient.java:onNext(255)) - client-B9266A52B3FC->5b56fd10-665b-4a03-90fc-42cf6e7ef5f6: receive RaftClientReply:client-B9266A52B3FC->5b56fd10-665b-4a03-90fc-42cf6e7ef5f6@group-59CA74B7186E, cid=13, SUCCESS, logIndex=1, commits[5b56fd10-665b-4a03-90fc-42cf6e7ef5f6:c1, 98bb5522-a779-467f-a71e-3d66cbe7d5c3:c0, 6932ec02-23cf-49d5-bf63-101b997409d4:c0]
2019-08-29 08:21:59,708 | INFO  | DNAudit | user=null | ip=null | op=WRITE_CHUNK {blockData=conID: 1 locID: 102699296899137536 bcsId: 0} | ret=SUCCESS |  
2019-08-29 08:21:59,714 | INFO  | DNAudit | user=null | ip=null | op=WRITE_CHUNK {blockData=conID: 1 locID: 102699296899137536 bcsId: 0} | ret=SUCCESS |  
2019-08-29 08:21:59,717 | INFO  | DNAudit | user=null | ip=null | op=WRITE_CHUNK {blockData=conID: 1 locID: 102699296899137536 bcsId: 0} | ret=SUCCESS |  
2019-08-29 08:21:59,717 | INFO  | DNAudit | user=null | ip=null | op=WRITE_CHUNK {blockData=conID: 1 locID: 102699296899137536 bcsId: 0} | ret=SUCCESS |  
2019-08-29 08:21:59,733 | INFO  | DNAudit | user=null | ip=null | op=WRITE_CHUNK {blockData=conID: 1 locID: 102699296899137536 bcsId: 0} | ret=SUCCESS |  
2019-08-29 08:21:59,744 | INFO  | DNAudit | user=null | ip=null | op=WRITE_CHUNK {blockData=conID: 1 locID: 102699296899137536 bcsId: 0} | ret=SUCCESS |  
2019-08-29 08:21:59,744 | INFO  | DNAudit | user=null | ip=null | op=WRITE_CHUNK {blockData=conID: 1 locID: 102699296899137536 bcsId: 0} | ret=SUCCESS |  
2019-08-29 08:21:59,745 | INFO  | DNAudit | user=null | ip=null | op=WRITE_CHUNK {blockData=conID: 1 locID: 102699296899137536 bcsId: 0} | ret=SUCCESS |  
2019-08-29 08:21:59,754 | INFO  | DNAudit | user=null | ip=null | op=WRITE_CHUNK {blockData=conID: 1 locID: 102699296899137536 bcsId: 0} | ret=SUCCESS |  
2019-08-29 08:21:59,760 | INFO  | DNAudit | user=null | ip=null | op=WRITE_CHUNK {blockData=conID: 1 locID: 102699296899137536 bcsId: 0} | ret=SUCCESS |  
2019-08-29 08:21:59,761 | INFO  | DNAudit | user=null | ip=null | op=WRITE_CHUNK {blockData=conID: 1 locID: 102699296899137536 bcsId: 0} | ret=SUCCESS |  
2019-08-29 08:21:59,762 | INFO  | DNAudit | user=null | ip=null | op=WRITE_CHUNK {blockData=conID: 1 locID: 102699296899137536 bcsId: 0} | ret=SUCCESS |  
2019-08-29 08:21:59,763 [grpc-default-executor-2] INFO  client.GrpcClientProtocolClient (GrpcClientProtocolClient.java:onNext(255)) - client-B9266A52B3FC->5b56fd10-665b-4a03-90fc-42cf6e7ef5f6: receive RaftClientReply:client-B9266A52B3FC->5b56fd10-665b-4a03-90fc-42cf6e7ef5f6@group-59CA74B7186E, cid=14, SUCCESS, logIndex=3, commits[5b56fd10-665b-4a03-90fc-42cf6e7ef5f6:c3, 98bb5522-a779-467f-a71e-3d66cbe7d5c3:c2, 6932ec02-23cf-49d5-bf63-101b997409d4:c2]
2019-08-29 08:21:59,782 | INFO  | DNAudit | user=null | ip=null | op=WRITE_CHUNK {blockData=conID: 1 locID: 102699296899137536 bcsId: 0} | ret=SUCCESS |  
2019-08-29 08:21:59,796 | INFO  | SCMAudit | user=jenkins1000 | ip=192.168.5.176 | op=SEND_HEARTBEAT {datanodeUUID=7fd4362d-ab2c-4d65-9042-74517d5987d2, command=[]} | ret=SUCCESS |  
2019-08-29 08:22:00,032 | INFO  | SCMAudit | user=jenkins1000 | ip=192.168.5.176 | op=SEND_HEARTBEAT {datanodeUUID=4e7efcb5-917e-488d-886e-16c99a39ab6f, command=[]} | ret=SUCCESS |  
2019-08-29 08:22:00,110 | INFO  | SCMAudit | user=jenkins1000 | ip=192.168.5.176 | op=SEND_HEARTBEAT {datanodeUUID=8944090c-39c7-48a8-859f-48289bd7a1e9, command=[]} | ret=SUCCESS |  
2019-08-29 08:22:00,180 | INFO  | SCMAudit | user=jenkins1000 | ip=192.168.5.176 | op=SEND_HEARTBEAT {datanodeUUID=67c35969-00c1-40e5-9eeb-9a2f6a2b337c, command=[]} | ret=SUCCESS |  
2019-08-29 08:22:00,242 | INFO  | DNAudit | user=null | ip=null | op=PUT_BLOCK {blockData=[blockId=conID: 1 locID: 102699296899137536 bcsId: 0,size=200]} | ret=SUCCESS |  
2019-08-29 08:22:00,247 | INFO  | DNAudit | user=null | ip=null | op=WRITE_CHUNK {blockData=conID: 1 locID: 102699296899137536 bcsId: 0} | ret=SUCCESS |  
2019-08-29 08:22:00,249 | INFO  | DNAudit | user=null | ip=null | op=WRITE_CHUNK {blockData=conID: 1 locID: 102699296899137536 bcsId: 0} | ret=SUCCESS |  
2019-08-29 08:22:00,249 [grpc-default-executor-2] INFO  client.GrpcClientProtocolClient (GrpcClientProtocolClient.java:onNext(255)) - client-B9266A52B3FC->5b56fd10-665b-4a03-90fc-42cf6e7ef5f6: receive RaftClientReply:client-B9266A52B3FC->5b56fd10-665b-4a03-90fc-42cf6e7ef5f6@group-59CA74B7186E, cid=15, SUCCESS, logIndex=4, commits[5b56fd10-665b-4a03-90fc-42cf6e7ef5f6:c12, 98bb5522-a779-467f-a71e-3d66cbe7d5c3:c9, 6932ec02-23cf-49d5-bf63-101b997409d4:c9]
2019-08-29 08:22:00,273 [grpc-default-executor-2] INFO  client.GrpcClientProtocolClient (GrpcClientProtocolClient.java:onNext(255)) - client-B9266A52B3FC->5b56fd10-665b-4a03-90fc-42cf6e7ef5f6: receive RaftClientReply:client-B9266A52B3FC->5b56fd10-665b-4a03-90fc-42cf6e7ef5f6@group-59CA74B7186E, cid=16, SUCCESS, logIndex=5, commits[5b56fd10-665b-4a03-90fc-42cf6e7ef5f6:c12, 98bb5522-a779-467f-a71e-3d66cbe7d5c3:c9, 6932ec02-23cf-49d5-bf63-101b997409d4:c9]
2019-08-29 08:22:00,274 [grpc-default-executor-2] INFO  client.GrpcClientProtocolClient (GrpcClientProtocolClient.java:onNext(255)) - client-B9266A52B3FC->5b56fd10-665b-4a03-90fc-42cf6e7ef5f6: receive RaftClientReply:client-B9266A52B3FC->5b56fd10-665b-4a03-90fc-42cf6e7ef5f6@group-59CA74B7186E, cid=17, SUCCESS, logIndex=7, commits[5b56fd10-665b-4a03-90fc-42cf6e7ef5f6:c12, 98bb5522-a779-467f-a71e-3d66cbe7d5c3:c9, 6932ec02-23cf-49d5-bf63-101b997409d4:c9]
2019-08-29 08:22:00,345 | INFO  | DNAudit | user=null | ip=null | op=PUT_BLOCK {blockData=[blockId=conID: 1 locID: 102699296899137536 bcsId: 0,size=200]} | ret=SUCCESS |  
2019-08-29 08:22:00,355 | INFO  | DNAudit | user=null | ip=null | op=WRITE_CHUNK {blockData=conID: 1 locID: 102699296899137536 bcsId: 0} | ret=SUCCESS |  
2019-08-29 08:22:00,356 | INFO  | DNAudit | user=null | ip=null | op=WRITE_CHUNK {blockData=conID: 1 locID: 102699296899137536 bcsId: 0} | ret=SUCCESS |  
2019-08-29 08:22:00,408 | INFO  | DNAudit | user=null | ip=null | op=PUT_BLOCK {blockData=[blockId=conID: 1 locID: 102699296899137536 bcsId: 0,size=400]} | ret=SUCCESS |  
2019-08-29 08:22:00,408 | INFO  | DNAudit | user=null | ip=null | op=PUT_BLOCK {blockData=[blockId=conID: 1 locID: 102699296899137536 bcsId: 0,size=400]} | ret=SUCCESS |  
2019-08-29 08:22:00,412 [grpc-default-executor-2] INFO  client.GrpcClientProtocolClient (GrpcClientProtocolClient.java:onNext(255)) - client-B9266A52B3FC->5b56fd10-665b-4a03-90fc-42cf6e7ef5f6: receive RaftClientReply:client-B9266A52B3FC->5b56fd10-665b-4a03-90fc-42cf6e7ef5f6@group-59CA74B7186E, cid=18, SUCCESS, logIndex=9, commits[5b56fd10-665b-4a03-90fc-42cf6e7ef5f6:c12, 98bb5522-a779-467f-a71e-3d66cbe7d5c3:c9, 6932ec02-23cf-49d5-bf63-101b997409d4:c9]
2019-08-29 08:22:00,423 | INFO  | DNAudit | user=null | ip=null | op=WRITE_CHUNK {blockData=conID: 1 locID: 102699296899137536 bcsId: 9} | ret=SUCCESS |  
2019-08-29 08:22:00,426 | INFO  | DNAudit | user=null | ip=null | op=WRITE_CHUNK {blockData=conID: 1 locID: 102699296899137536 bcsId: 9} | ret=SUCCESS |  
2019-08-29 08:22:00,428 | INFO  | DNAudit | user=null | ip=null | op=WRITE_CHUNK {blockData=conID: 1 locID: 102699296899137536 bcsId: 9} | ret=SUCCESS |  
2019-08-29 08:22:00,575 | INFO  | SCMAudit | user=jenkins1000 | ip=192.168.5.176 | op=SEND_HEARTBEAT {datanodeUUID=5b56fd10-665b-4a03-90fc-42cf6e7ef5f6, command=[]} | ret=SUCCESS |  
2019-08-29 08:22:00,606 | INFO  | SCMAudit | user=jenkins1000 | ip=192.168.5.176 | op=SEND_HEARTBEAT {datanodeUUID=98bb5522-a779-467f-a71e-3d66cbe7d5c3, command=[]} | ret=SUCCESS |  
2019-08-29 08:22:00,606 | INFO  | SCMAudit | user=jenkins1000 | ip=192.168.5.176 | op=SEND_HEARTBEAT {datanodeUUID=6932ec02-23cf-49d5-bf63-101b997409d4, command=[]} | ret=SUCCESS |  
2019-08-29 08:22:00,645 | INFO  | DNAudit | user=null | ip=null | op=PUT_BLOCK {blockData=[blockId=conID: 1 locID: 102699296899137536 bcsId: 0,size=200]} | ret=SUCCESS |  
2019-08-29 08:22:00,646 | INFO  | DNAudit | user=null | ip=null | op=WRITE_CHUNK {blockData=conID: 1 locID: 102699296899137536 bcsId: 0} | ret=SUCCESS |  
2019-08-29 08:22:00,647 | INFO  | DNAudit | user=null | ip=null | op=WRITE_CHUNK {blockData=conID: 1 locID: 102699296899137536 bcsId: 0} | ret=SUCCESS |  
2019-08-29 08:22:00,651 | INFO  | DNAudit | user=null | ip=null | op=PUT_BLOCK {blockData=[blockId=conID: 1 locID: 102699296899137536 bcsId: 0,size=400]} | ret=SUCCESS |  
2019-08-29 08:22:00,666 | INFO  | DNAudit | user=null | ip=null | op=WRITE_CHUNK {blockData=conID: 1 locID: 102699296899137536 bcsId: 9} | ret=SUCCESS |  
2019-08-29 08:22:00,669 [grpc-default-executor-2] INFO  client.GrpcClientProtocolClient (GrpcClientProtocolClient.java:onNext(255)) - client-B9266A52B3FC->5b56fd10-665b-4a03-90fc-42cf6e7ef5f6: receive RaftClientReply:client-B9266A52B3FC->5b56fd10-665b-4a03-90fc-42cf6e7ef5f6@group-59CA74B7186E, cid=19, SUCCESS, logIndex=13, commits[5b56fd10-665b-4a03-90fc-42cf6e7ef5f6:c13, 98bb5522-a779-467f-a71e-3d66cbe7d5c3:c9, 6932ec02-23cf-49d5-bf63-101b997409d4:c12]
2019-08-29 08:22:00,680 | INFO  | DNAudit | user=null | ip=null | op=WRITE_CHUNK {blockData=conID: 1 locID: 102699296899137536 bcsId: 9} | ret=SUCCESS |  
2019-08-29 08:22:00,689 | INFO  | DNAudit | user=null | ip=null | op=PUT_BLOCK {blockData=[blockId=conID: 1 locID: 102699296899137536 bcsId: 0,size=450]} | ret=SUCCESS |  
2019-08-29 08:22:00,690 | INFO  | DNAudit | user=null | ip=null | op=WRITE_CHUNK {blockData=conID: 1 locID: 102699296899137536 bcsId: 9} | ret=SUCCESS |  
2019-08-29 08:22:00,692 [grpc-default-executor-3] INFO  client.GrpcClientProtocolClient (GrpcClientProtocolClient.java:onNext(255)) - client-B9266A52B3FC->5b56fd10-665b-4a03-90fc-42cf6e7ef5f6: receive RaftClientReply:client-B9266A52B3FC->5b56fd10-665b-4a03-90fc-42cf6e7ef5f6@group-59CA74B7186E, cid=20, SUCCESS, logIndex=14, commits[5b56fd10-665b-4a03-90fc-42cf6e7ef5f6:c15, 98bb5522-a779-467f-a71e-3d66cbe7d5c3:c12, 6932ec02-23cf-49d5-bf63-101b997409d4:c13]
2019-08-29 08:22:00,791 | INFO  | SCMAudit | user=jenkins1000 | ip=192.168.5.176 | op=SEND_HEARTBEAT {datanodeUUID=7fd4362d-ab2c-4d65-9042-74517d5987d2, command=[]} | ret=SUCCESS |  
2019-08-29 08:22:01,032 | INFO  | SCMAudit | user=jenkins1000 | ip=192.168.5.176 | op=SEND_HEARTBEAT {datanodeUUID=4e7efcb5-917e-488d-886e-16c99a39ab6f, command=[]} | ret=SUCCESS |  
2019-08-29 08:22:01,111 | INFO  | SCMAudit | user=jenkins1000 | ip=192.168.5.176 | op=SEND_HEARTBEAT {datanodeUUID=8944090c-39c7-48a8-859f-48289bd7a1e9, command=[]} | ret=SUCCESS |  
2019-08-29 08:22:01,179 | INFO  | SCMAudit | user=jenkins1000 | ip=192.168.5.176 | op=SEND_HEARTBEAT {datanodeUUID=67c35969-00c1-40e5-9eeb-9a2f6a2b337c, command=[]} | ret=SUCCESS |  
2019-08-29 08:22:01,575 | INFO  | SCMAudit | user=jenkins1000 | ip=192.168.5.176 | op=SEND_HEARTBEAT {datanodeUUID=5b56fd10-665b-4a03-90fc-42cf6e7ef5f6, command=[]} | ret=SUCCESS |  
2019-08-29 08:22:01,606 | INFO  | SCMAudit | user=jenkins1000 | ip=192.168.5.176 | op=SEND_HEARTBEAT {datanodeUUID=6932ec02-23cf-49d5-bf63-101b997409d4, command=[]} | ret=SUCCESS |  
2019-08-29 08:22:01,606 | INFO  | SCMAudit | user=jenkins1000 | ip=192.168.5.176 | op=SEND_HEARTBEAT {datanodeUUID=98bb5522-a779-467f-a71e-3d66cbe7d5c3, command=[]} | ret=SUCCESS |  
2019-08-29 08:22:01,710 [main] WARN  scm.XceiverClientRatis (XceiverClientRatis.java:watchForCommit(262)) - 3 way commit failed on pipeline Pipeline[ Id: e26ae616-4cf0-44c6-9636-59ca74b7186e, Nodes: 6932ec02-23cf-49d5-bf63-101b997409d4{ip: 192.168.5.176, host: pr-hdds-1909-44d2n-1519487446, networkLocation: /default-rack, certSerialId: null}98bb5522-a779-467f-a71e-3d66cbe7d5c3{ip: 192.168.5.176, host: pr-hdds-1909-44d2n-1519487446, networkLocation: /default-rack, certSerialId: null}5b56fd10-665b-4a03-90fc-42cf6e7ef5f6{ip: 192.168.5.176, host: pr-hdds-1909-44d2n-1519487446, networkLocation: /default-rack, certSerialId: null}, Type:RATIS, Factor:THREE, State:OPEN]
java.util.concurrent.TimeoutException
	at java.util.concurrent.CompletableFuture.timedGet(CompletableFuture.java:1771)
	at java.util.concurrent.CompletableFuture.get(CompletableFuture.java:1915)
	at org.apache.hadoop.hdds.scm.XceiverClientRatis.watchForCommit(XceiverClientRatis.java:259)
	at org.apache.hadoop.hdds.scm.storage.CommitWatcher.watchForCommit(CommitWatcher.java:194)
	at org.apache.hadoop.hdds.scm.storage.CommitWatcher.watchOnLastIndex(CommitWatcher.java:157)
	at org.apache.hadoop.hdds.scm.storage.BlockOutputStream.watchForCommit(BlockOutputStream.java:347)
	at org.apache.hadoop.hdds.scm.storage.BlockOutputStream.handleFlush(BlockOutputStream.java:479)
	at org.apache.hadoop.hdds.scm.storage.BlockOutputStream.flush(BlockOutputStream.java:428)
	at org.apache.hadoop.ozone.client.io.BlockOutputStreamEntry.flush(BlockOutputStreamEntry.java:136)
	at org.apache.hadoop.ozone.client.io.KeyOutputStream.handleFlushOrClose(KeyOutputStream.java:442)
	at org.apache.hadoop.ozone.client.io.KeyOutputStream.flush(KeyOutputStream.java:396)
	at org.apache.hadoop.ozone.client.io.OzoneOutputStream.flush(OzoneOutputStream.java:54)
	at org.apache.hadoop.ozone.client.rpc.TestBlockOutputStreamWithFailures.test2DatanodesFailure(TestBlockOutputStreamWithFailures.java:461)
	at sun.reflect.NativeMethodAccessorImpl.invoke0(Native Method)
	at sun.reflect.NativeMethodAccessorImpl.invoke(NativeMethodAccessorImpl.java:62)
	at sun.reflect.DelegatingMethodAccessorImpl.invoke(DelegatingMethodAccessorImpl.java:43)
	at java.lang.reflect.Method.invoke(Method.java:498)
	at org.junit.runners.model.FrameworkMethod$1.runReflectiveCall(FrameworkMethod.java:47)
	at org.junit.internal.runners.model.ReflectiveCallable.run(ReflectiveCallable.java:12)
	at org.junit.runners.model.FrameworkMethod.invokeExplosively(FrameworkMethod.java:44)
	at org.junit.internal.runners.statements.InvokeMethod.evaluate(InvokeMethod.java:17)
	at org.junit.internal.runners.statements.RunBefores.evaluate(RunBefores.java:26)
	at org.junit.internal.runners.statements.RunAfters.evaluate(RunAfters.java:27)
	at org.junit.runners.ParentRunner.runLeaf(ParentRunner.java:271)
	at org.junit.runners.BlockJUnit4ClassRunner.runChild(BlockJUnit4ClassRunner.java:70)
	at org.junit.runners.BlockJUnit4ClassRunner.runChild(BlockJUnit4ClassRunner.java:50)
	at org.junit.runners.ParentRunner$3.run(ParentRunner.java:238)
	at org.junit.runners.ParentRunner$1.schedule(ParentRunner.java:63)
	at org.junit.runners.ParentRunner.runChildren(ParentRunner.java:236)
	at org.junit.runners.ParentRunner.access$000(ParentRunner.java:53)
	at org.junit.runners.ParentRunner$2.evaluate(ParentRunner.java:229)
	at org.junit.runners.ParentRunner.run(ParentRunner.java:309)
	at org.apache.maven.surefire.junit4.JUnit4Provider.execute(JUnit4Provider.java:365)
	at org.apache.maven.surefire.junit4.JUnit4Provider.executeWithRerun(JUnit4Provider.java:273)
	at org.apache.maven.surefire.junit4.JUnit4Provider.executeTestSet(JUnit4Provider.java:238)
	at org.apache.maven.surefire.junit4.JUnit4Provider.invoke(JUnit4Provider.java:159)
	at org.apache.maven.surefire.booter.ForkedBooter.invokeProviderInSameClassLoader(ForkedBooter.java:384)
	at org.apache.maven.surefire.booter.ForkedBooter.runSuitesInProcess(ForkedBooter.java:345)
	at org.apache.maven.surefire.booter.ForkedBooter.execute(ForkedBooter.java:126)
	at org.apache.maven.surefire.booter.ForkedBooter.main(ForkedBooter.java:418)
2019-08-29 08:22:01,791 | INFO  | SCMAudit | user=jenkins1000 | ip=192.168.5.176 | op=SEND_HEARTBEAT {datanodeUUID=7fd4362d-ab2c-4d65-9042-74517d5987d2, command=[]} | ret=SUCCESS |  
2019-08-29 08:22:02,032 | INFO  | SCMAudit | user=jenkins1000 | ip=192.168.5.176 | op=SEND_HEARTBEAT {datanodeUUID=4e7efcb5-917e-488d-886e-16c99a39ab6f, command=[]} | ret=SUCCESS |  
2019-08-29 08:22:02,111 | INFO  | SCMAudit | user=jenkins1000 | ip=192.168.5.176 | op=SEND_HEARTBEAT {datanodeUUID=8944090c-39c7-48a8-859f-48289bd7a1e9, command=[]} | ret=SUCCESS |  
2019-08-29 08:22:02,179 | INFO  | SCMAudit | user=jenkins1000 | ip=192.168.5.176 | op=SEND_HEARTBEAT {datanodeUUID=67c35969-00c1-40e5-9eeb-9a2f6a2b337c, command=[]} | ret=SUCCESS |  
2019-08-29 08:22:02,575 | INFO  | SCMAudit | user=jenkins1000 | ip=192.168.5.176 | op=SEND_HEARTBEAT {datanodeUUID=5b56fd10-665b-4a03-90fc-42cf6e7ef5f6, command=[]} | ret=SUCCESS |  
2019-08-29 08:22:02,606 | INFO  | SCMAudit | user=jenkins1000 | ip=192.168.5.176 | op=SEND_HEARTBEAT {datanodeUUID=6932ec02-23cf-49d5-bf63-101b997409d4, command=[]} | ret=SUCCESS |  
2019-08-29 08:22:02,607 | INFO  | SCMAudit | user=jenkins1000 | ip=192.168.5.176 | op=SEND_HEARTBEAT {datanodeUUID=98bb5522-a779-467f-a71e-3d66cbe7d5c3, command=[]} | ret=SUCCESS |  
2019-08-29 08:22:02,713 [main] WARN  storage.CommitWatcher (CommitWatcher.java:watchForCommit(203)) - watchForCommit failed for index 14
java.util.concurrent.TimeoutException
	at java.util.concurrent.CompletableFuture.timedGet(CompletableFuture.java:1771)
	at java.util.concurrent.CompletableFuture.get(CompletableFuture.java:1915)
	at org.apache.hadoop.hdds.scm.XceiverClientRatis.watchForCommit(XceiverClientRatis.java:268)
	at org.apache.hadoop.hdds.scm.storage.CommitWatcher.watchForCommit(CommitWatcher.java:194)
	at org.apache.hadoop.hdds.scm.storage.CommitWatcher.watchOnLastIndex(CommitWatcher.java:157)
	at org.apache.hadoop.hdds.scm.storage.BlockOutputStream.watchForCommit(BlockOutputStream.java:347)
	at org.apache.hadoop.hdds.scm.storage.BlockOutputStream.handleFlush(BlockOutputStream.java:479)
	at org.apache.hadoop.hdds.scm.storage.BlockOutputStream.flush(BlockOutputStream.java:428)
	at org.apache.hadoop.ozone.client.io.BlockOutputStreamEntry.flush(BlockOutputStreamEntry.java:136)
	at org.apache.hadoop.ozone.client.io.KeyOutputStream.handleFlushOrClose(KeyOutputStream.java:442)
	at org.apache.hadoop.ozone.client.io.KeyOutputStream.flush(KeyOutputStream.java:396)
	at org.apache.hadoop.ozone.client.io.OzoneOutputStream.flush(OzoneOutputStream.java:54)
	at org.apache.hadoop.ozone.client.rpc.TestBlockOutputStreamWithFailures.test2DatanodesFailure(TestBlockOutputStreamWithFailures.java:461)
	at sun.reflect.NativeMethodAccessorImpl.invoke0(Native Method)
	at sun.reflect.NativeMethodAccessorImpl.invoke(NativeMethodAccessorImpl.java:62)
	at sun.reflect.DelegatingMethodAccessorImpl.invoke(DelegatingMethodAccessorImpl.java:43)
	at java.lang.reflect.Method.invoke(Method.java:498)
	at org.junit.runners.model.FrameworkMethod$1.runReflectiveCall(FrameworkMethod.java:47)
	at org.junit.internal.runners.model.ReflectiveCallable.run(ReflectiveCallable.java:12)
	at org.junit.runners.model.FrameworkMethod.invokeExplosively(FrameworkMethod.java:44)
	at org.junit.internal.runners.statements.InvokeMethod.evaluate(InvokeMethod.java:17)
	at org.junit.internal.runners.statements.RunBefores.evaluate(RunBefores.java:26)
	at org.junit.internal.runners.statements.RunAfters.evaluate(RunAfters.java:27)
	at org.junit.runners.ParentRunner.runLeaf(ParentRunner.java:271)
	at org.junit.runners.BlockJUnit4ClassRunner.runChild(BlockJUnit4ClassRunner.java:70)
	at org.junit.runners.BlockJUnit4ClassRunner.runChild(BlockJUnit4ClassRunner.java:50)
	at org.junit.runners.ParentRunner$3.run(ParentRunner.java:238)
	at org.junit.runners.ParentRunner$1.schedule(ParentRunner.java:63)
	at org.junit.runners.ParentRunner.runChildren(ParentRunner.java:236)
	at org.junit.runners.ParentRunner.access$000(ParentRunner.java:53)
	at org.junit.runners.ParentRunner$2.evaluate(ParentRunner.java:229)
	at org.junit.runners.ParentRunner.run(ParentRunner.java:309)
	at org.apache.maven.surefire.junit4.JUnit4Provider.execute(JUnit4Provider.java:365)
	at org.apache.maven.surefire.junit4.JUnit4Provider.executeWithRerun(JUnit4Provider.java:273)
	at org.apache.maven.surefire.junit4.JUnit4Provider.executeTestSet(JUnit4Provider.java:238)
	at org.apache.maven.surefire.junit4.JUnit4Provider.invoke(JUnit4Provider.java:159)
	at org.apache.maven.surefire.booter.ForkedBooter.invokeProviderInSameClassLoader(ForkedBooter.java:384)
	at org.apache.maven.surefire.booter.ForkedBooter.runSuitesInProcess(ForkedBooter.java:345)
	at org.apache.maven.surefire.booter.ForkedBooter.execute(ForkedBooter.java:126)
	at org.apache.maven.surefire.booter.ForkedBooter.main(ForkedBooter.java:418)
2019-08-29 08:22:02,715 [main] WARN  io.KeyOutputStream (KeyOutputStream.java:handleException(276)) - Encountered exception java.io.IOException: Unexpected Storage Container Exception: java.io.IOException: Unexpected Storage Container Exception: java.util.concurrent.TimeoutException on the pipeline Pipeline[ Id: e26ae616-4cf0-44c6-9636-59ca74b7186e, Nodes: 6932ec02-23cf-49d5-bf63-101b997409d4{ip: 192.168.5.176, host: pr-hdds-1909-44d2n-1519487446, networkLocation: /default-rack, certSerialId: null}98bb5522-a779-467f-a71e-3d66cbe7d5c3{ip: 192.168.5.176, host: pr-hdds-1909-44d2n-1519487446, networkLocation: /default-rack, certSerialId: null}5b56fd10-665b-4a03-90fc-42cf6e7ef5f6{ip: 192.168.5.176, host: pr-hdds-1909-44d2n-1519487446, networkLocation: /default-rack, certSerialId: null}, Type:RATIS, Factor:THREE, State:OPEN]. The last committed block length is 400, uncommitted data length is 50 retry count 0
2019-08-29 08:22:02,764 | INFO  | SCMAudit | user=jenkins1000 | ip=192.168.5.176 | op=ALLOCATE_BLOCK {owner=9fdecc79-81e1-4a44-afce-2a4fe23a6867, size=800, type=RATIS, factor=THREE} | ret=SUCCESS |  
2019-08-29 08:22:02,775 | INFO  | OMAudit | user=jenkins1000 | ip=127.0.0.1 | op=ALLOCATE_BLOCK {volume=testblockoutputstream, bucket=testblockoutputstream, key=9fce4dcd-3fc0-46c3-9b8d-563ea1a6bd42, dataSize=800, replicationType=RATIS, replicationFactor=THREE, keyLocationInfo=[], clientID=102699296900448257} | ret=SUCCESS |  
2019-08-29 08:22:02,809 | INFO  | SCMAudit | user=jenkins1000 | ip=192.168.5.176 | op=SEND_HEARTBEAT {datanodeUUID=7fd4362d-ab2c-4d65-9042-74517d5987d2, command=[]} | ret=SUCCESS |  
2019-08-29 08:22:02,841 [grpc-default-executor-4] INFO  client.GrpcClientProtocolClient (GrpcClientProtocolClient.java:onNext(255)) - client-9E17F3E46BD1->7fd4362d-ab2c-4d65-9042-74517d5987d2: receive RaftClientReply:client-9E17F3E46BD1->7fd4362d-ab2c-4d65-9042-74517d5987d2@group-C7CEA64F060F, cid=23, FAILED org.apache.ratis.protocol.NotLeaderException: Server 7fd4362d-ab2c-4d65-9042-74517d5987d2 is not the leader (4e7efcb5-917e-488d-886e-16c99a39ab6f:192.168.5.176:46276). Request must be sent to leader., logIndex=0, commits[7fd4362d-ab2c-4d65-9042-74517d5987d2:c0, 4e7efcb5-917e-488d-886e-16c99a39ab6f:c0, 67c35969-00c1-40e5-9eeb-9a2f6a2b337c:c0]
2019-08-29 08:22:02,855 [grpc-default-executor-2] WARN  client.GrpcClientProtocolService (LogUtils.java:warn(134)) - 0-OrderedRequestStreamObserver0: onError: org.apache.ratis.thirdparty.io.grpc.StatusRuntimeException: CANCELLED: cancelled before receiving half close
2019-08-29 08:22:03,031 | INFO  | SCMAudit | user=jenkins1000 | ip=192.168.5.176 | op=SEND_HEARTBEAT {datanodeUUID=4e7efcb5-917e-488d-886e-16c99a39ab6f, command=[]} | ret=SUCCESS |  
2019-08-29 08:22:03,105 | INFO  | DNAudit | user=null | ip=null | op=WRITE_CHUNK {blockData=conID: 2 locID: 102699297850261506 bcsId: 0} | ret=SUCCESS |  
2019-08-29 08:22:03,106 | INFO  | DNAudit | user=null | ip=null | op=WRITE_CHUNK {blockData=conID: 2 locID: 102699297850261506 bcsId: 0} | ret=SUCCESS |  
2019-08-29 08:22:03,106 | INFO  | SCMAudit | user=jenkins1000 | ip=192.168.5.176 | op=SEND_HEARTBEAT {datanodeUUID=4e7efcb5-917e-488d-886e-16c99a39ab6f, command=[]} | ret=SUCCESS |  
2019-08-29 08:22:03,106 | INFO  | DNAudit | user=null | ip=null | op=WRITE_CHUNK {blockData=conID: 2 locID: 102699297850261506 bcsId: 0} | ret=SUCCESS |  
2019-08-29 08:22:03,107 | INFO  | SCMAudit | user=jenkins1000 | ip=192.168.5.176 | op=SEND_HEARTBEAT {datanodeUUID=7fd4362d-ab2c-4d65-9042-74517d5987d2, command=[]} | ret=SUCCESS |  
2019-08-29 08:22:03,107 | INFO  | SCMAudit | user=jenkins1000 | ip=192.168.5.176 | op=SEND_HEARTBEAT {datanodeUUID=67c35969-00c1-40e5-9eeb-9a2f6a2b337c, command=[]} | ret=SUCCESS |  
2019-08-29 08:22:03,112 | INFO  | SCMAudit | user=jenkins1000 | ip=192.168.5.176 | op=SEND_HEARTBEAT {datanodeUUID=8944090c-39c7-48a8-859f-48289bd7a1e9, command=[]} | ret=SUCCESS |  
2019-08-29 08:22:03,121 | INFO  | DNAudit | user=null | ip=null | op=WRITE_CHUNK {blockData=conID: 2 locID: 102699297850261506 bcsId: 0} | ret=SUCCESS |  
2019-08-29 08:22:03,128 [grpc-default-executor-4] INFO  client.GrpcClientProtocolClient (GrpcClientProtocolClient.java:onNext(255)) - client-9E17F3E46BD1->4e7efcb5-917e-488d-886e-16c99a39ab6f: receive RaftClientReply:client-9E17F3E46BD1->4e7efcb5-917e-488d-886e-16c99a39ab6f@group-C7CEA64F060F, cid=23, SUCCESS, logIndex=1, commits[4e7efcb5-917e-488d-886e-16c99a39ab6f:c1, 7fd4362d-ab2c-4d65-9042-74517d5987d2:c0, 67c35969-00c1-40e5-9eeb-9a2f6a2b337c:c0]
2019-08-29 08:22:03,137 | INFO  | DNAudit | user=null | ip=null | op=WRITE_CHUNK {blockData=conID: 2 locID: 102699297850261506 bcsId: 0} | ret=SUCCESS |  
2019-08-29 08:22:03,184 | INFO  | DNAudit | user=null | ip=null | op=WRITE_CHUNK {blockData=conID: 2 locID: 102699297850261506 bcsId: 0} | ret=SUCCESS |  
2019-08-29 08:22:03,284 | INFO  | DNAudit | user=null | ip=null | op=PUT_BLOCK {blockData=[blockId=conID: 2 locID: 102699297850261506 bcsId: 0,size=50]} | ret=SUCCESS |  
2019-08-29 08:22:03,289 [grpc-default-executor-2] INFO  client.GrpcClientProtocolClient (GrpcClientProtocolClient.java:onNext(255)) - client-9E17F3E46BD1->4e7efcb5-917e-488d-886e-16c99a39ab6f: receive RaftClientReply:client-9E17F3E46BD1->4e7efcb5-917e-488d-886e-16c99a39ab6f@group-C7CEA64F060F, cid=24, SUCCESS, logIndex=3, commits[4e7efcb5-917e-488d-886e-16c99a39ab6f:c4, 7fd4362d-ab2c-4d65-9042-74517d5987d2:c3, 67c35969-00c1-40e5-9eeb-9a2f6a2b337c:c3]
2019-08-29 08:22:03,293 [main] INFO  ozone.MiniOzoneClusterImpl (MiniOzoneClusterImpl.java:shutdown(307)) - Shutting down the Mini Ozone Cluster
2019-08-29 08:22:03,293 | INFO  | SCMAudit | user=null | ip=null | op=GET_SCM_INFO null | ret=SUCCESS |  
2019-08-29 08:22:03,294 [main] INFO  ozone.MiniOzoneClusterImpl (MiniOzoneClusterImpl.java:stop(322)) - Stopping the Mini Ozone Cluster
2019-08-29 08:22:03,294 [main] INFO  ozone.MiniOzoneClusterImpl (MiniOzoneClusterImpl.java:stop(324)) - Stopping the OzoneManager
2019-08-29 08:22:03,294 [main] INFO  ipc.Server (Server.java:stop(3082)) - Stopping server on 34271
2019-08-29 08:22:03,298 [IPC Server listener on 34271] INFO  ipc.Server (Server.java:run(1185)) - Stopping IPC Server listener on 34271
2019-08-29 08:22:03,313 [main] INFO  ratis.OzoneManagerDoubleBuffer (OzoneManagerDoubleBuffer.java:stop(248)) - Stopping OMDoubleBuffer flush thread
2019-08-29 08:22:03,319 [IPC Server Responder] INFO  ipc.Server (Server.java:run(1319)) - Stopping IPC Server Responder
2019-08-29 08:22:03,319 [OMDoubleBufferFlushThread] INFO  ratis.OzoneManagerDoubleBuffer (OzoneManagerDoubleBuffer.java:flushTransactions(191)) - OMDoubleBuffer flush thread OMDoubleBufferFlushThread is interrupted and will exit. OMDoubleBufferFlushThread
2019-08-29 08:22:03,321 [main] INFO  utils.BackgroundService (BackgroundService.java:shutdown(148)) - Shutting down service KeyDeletingService
2019-08-29 08:22:03,325 [main] INFO  handler.ContextHandler (ContextHandler.java:doStop(910)) - Stopped o.e.j.w.WebAppContext@63da207f{/,null,UNAVAILABLE}{/ozoneManager}
2019-08-29 08:22:03,330 | INFO  | DNAudit | user=null | ip=null | op=PUT_BLOCK {blockData=[blockId=conID: 2 locID: 102699297850261506 bcsId: 0,size=50]} | ret=SUCCESS |  
2019-08-29 08:22:03,333 [main] INFO  server.AbstractConnector (AbstractConnector.java:doStop(318)) - Stopped ServerConnector@173373b4{HTTP/1.1,[http/1.1]}{0.0.0.0:0}
2019-08-29 08:22:03,334 [main] INFO  handler.ContextHandler (ContextHandler.java:doStop(910)) - Stopped o.e.j.s.ServletContextHandler@49dbaaf3{/static,file:///workdir/hadoop-ozone/integration-test/target/test-classes/webapps/static,UNAVAILABLE}
2019-08-29 08:22:03,334 [main] INFO  handler.ContextHandler (ContextHandler.java:doStop(910)) - Stopped o.e.j.s.ServletContextHandler@41c204a0{/logs,file:///workdir/hadoop-ozone/integration-test/target/log,UNAVAILABLE}
2019-08-29 08:22:03,363 [main] INFO  ozone.MiniOzoneClusterImpl (MiniOzoneClusterImpl.java:stop(330)) - Shutting the HddsDatanodes
2019-08-29 08:22:03,443 | INFO  | DNAudit | user=null | ip=null | op=PUT_BLOCK {blockData=[blockId=conID: 1 locID: 102699296899137536 bcsId: 0,size=450]} | ret=SUCCESS |  
2019-08-29 08:22:03,443 | INFO  | DNAudit | user=null | ip=null | op=PUT_BLOCK {blockData=[blockId=conID: 1 locID: 102699296899137536 bcsId: 0,size=450]} | ret=SUCCESS |  
2019-08-29 08:22:03,443 | INFO  | DNAudit | user=null | ip=null | op=PUT_BLOCK {blockData=[blockId=conID: 2 locID: 102699297850261506 bcsId: 0,size=50]} | ret=SUCCESS |  
2019-08-29 08:22:03,575 | INFO  | SCMAudit | user=jenkins1000 | ip=192.168.5.176 | op=SEND_HEARTBEAT {datanodeUUID=5b56fd10-665b-4a03-90fc-42cf6e7ef5f6, command=[]} | ret=SUCCESS |  
2019-08-29 08:22:03,604 [Datanode State Machine Thread - 0] INFO  statemachine.DatanodeStateMachine (DatanodeStateMachine.java:lambda$startDaemon$0(350)) - Ozone container server started.
2019-08-29 08:22:03,605 | INFO  | SCMAudit | user=jenkins1000 | ip=192.168.5.176 | op=SEND_HEARTBEAT {datanodeUUID=98bb5522-a779-467f-a71e-3d66cbe7d5c3, command=[]} | ret=SUCCESS |  
2019-08-29 08:22:03,860 [grpc-default-executor-4] INFO  client.GrpcClientProtocolClient (GrpcClientProtocolClient.java:onNext(255)) - client-B9266A52B3FC->5b56fd10-665b-4a03-90fc-42cf6e7ef5f6: receive RaftClientReply:client-B9266A52B3FC->5b56fd10-665b-4a03-90fc-42cf6e7ef5f6@group-59CA74B7186E, cid=22, SUCCESS, logIndex=0, commits[5b56fd10-665b-4a03-90fc-42cf6e7ef5f6:c16, 98bb5522-a779-467f-a71e-3d66cbe7d5c3:c16, 6932ec02-23cf-49d5-bf63-101b997409d4:c16]
2019-08-29 08:22:03,862 [grpc-default-executor-4] INFO  client.GrpcClientProtocolClient (GrpcClientProtocolClient.java:onNext(255)) - client-B9266A52B3FC->5b56fd10-665b-4a03-90fc-42cf6e7ef5f6: receive RaftClientReply:client-B9266A52B3FC->5b56fd10-665b-4a03-90fc-42cf6e7ef5f6@group-59CA74B7186E, cid=21, SUCCESS, logIndex=0, commits[5b56fd10-665b-4a03-90fc-42cf6e7ef5f6:c16, 98bb5522-a779-467f-a71e-3d66cbe7d5c3:c16, 6932ec02-23cf-49d5-bf63-101b997409d4:c16]
2019-08-29 08:22:04,100 | INFO  | SCMAudit | user=jenkins1000 | ip=192.168.5.176 | op=SEND_HEARTBEAT {datanodeUUID=4e7efcb5-917e-488d-886e-16c99a39ab6f, command=[]} | ret=SUCCESS |  
2019-08-29 08:22:04,100 | INFO  | SCMAudit | user=jenkins1000 | ip=192.168.5.176 | op=SEND_HEARTBEAT {datanodeUUID=67c35969-00c1-40e5-9eeb-9a2f6a2b337c, command=[]} | ret=SUCCESS |  
2019-08-29 08:22:04,106 | INFO  | SCMAudit | user=jenkins1000 | ip=192.168.5.176 | op=SEND_HEARTBEAT {datanodeUUID=7fd4362d-ab2c-4d65-9042-74517d5987d2, command=[]} | ret=SUCCESS |  
2019-08-29 08:22:04,111 [Datanode State Machine Thread - 0] INFO  statemachine.DatanodeStateMachine (DatanodeStateMachine.java:lambda$startDaemon$0(350)) - Ozone container server started.
2019-08-29 08:22:04,574 | INFO  | SCMAudit | user=jenkins1000 | ip=192.168.5.176 | op=SEND_HEARTBEAT {datanodeUUID=5b56fd10-665b-4a03-90fc-42cf6e7ef5f6, command=[]} | ret=SUCCESS |  
2019-08-29 08:22:04,606 | INFO  | SCMAudit | user=jenkins1000 | ip=192.168.5.176 | op=SEND_HEARTBEAT {datanodeUUID=98bb5522-a779-467f-a71e-3d66cbe7d5c3, command=[]} | ret=SUCCESS |  
2019-08-29 08:22:05,099 | INFO  | SCMAudit | user=jenkins1000 | ip=192.168.5.176 | op=SEND_HEARTBEAT {datanodeUUID=67c35969-00c1-40e5-9eeb-9a2f6a2b337c, command=[]} | ret=SUCCESS |  
2019-08-29 08:22:05,099 | INFO  | SCMAudit | user=jenkins1000 | ip=192.168.5.176 | op=SEND_HEARTBEAT {datanodeUUID=4e7efcb5-917e-488d-886e-16c99a39ab6f, command=[]} | ret=SUCCESS |  
2019-08-29 08:22:05,107 | INFO  | SCMAudit | user=jenkins1000 | ip=192.168.5.176 | op=SEND_HEARTBEAT {datanodeUUID=7fd4362d-ab2c-4d65-9042-74517d5987d2, command=[]} | ret=SUCCESS |  
2019-08-29 08:22:05,575 | INFO  | SCMAudit | user=jenkins1000 | ip=192.168.5.176 | op=SEND_HEARTBEAT {datanodeUUID=5b56fd10-665b-4a03-90fc-42cf6e7ef5f6, command=[]} | ret=SUCCESS |  
2019-08-29 08:22:05,606 | INFO  | SCMAudit | user=jenkins1000 | ip=192.168.5.176 | op=SEND_HEARTBEAT {datanodeUUID=98bb5522-a779-467f-a71e-3d66cbe7d5c3, command=[]} | ret=SUCCESS |  
2019-08-29 08:22:06,099 | INFO  | SCMAudit | user=jenkins1000 | ip=192.168.5.176 | op=SEND_HEARTBEAT {datanodeUUID=67c35969-00c1-40e5-9eeb-9a2f6a2b337c, command=[]} | ret=SUCCESS |  
2019-08-29 08:22:06,099 | INFO  | SCMAudit | user=jenkins1000 | ip=192.168.5.176 | op=SEND_HEARTBEAT {datanodeUUID=4e7efcb5-917e-488d-886e-16c99a39ab6f, command=[]} | ret=SUCCESS |  
2019-08-29 08:22:06,106 | INFO  | SCMAudit | user=jenkins1000 | ip=192.168.5.176 | op=SEND_HEARTBEAT {datanodeUUID=7fd4362d-ab2c-4d65-9042-74517d5987d2, command=[]} | ret=SUCCESS |  
2019-08-29 08:22:06,576 | INFO  | SCMAudit | user=jenkins1000 | ip=192.168.5.176 | op=SEND_HEARTBEAT {datanodeUUID=5b56fd10-665b-4a03-90fc-42cf6e7ef5f6, command=[]} | ret=SUCCESS |  
2019-08-29 08:22:06,607 | INFO  | SCMAudit | user=jenkins1000 | ip=192.168.5.176 | op=SEND_HEARTBEAT {datanodeUUID=98bb5522-a779-467f-a71e-3d66cbe7d5c3, command=[]} | ret=SUCCESS |  
2019-08-29 08:22:07,099 | INFO  | SCMAudit | user=jenkins1000 | ip=192.168.5.176 | op=SEND_HEARTBEAT {datanodeUUID=4e7efcb5-917e-488d-886e-16c99a39ab6f, command=[]} | ret=SUCCESS |  
2019-08-29 08:22:07,099 | INFO  | SCMAudit | user=jenkins1000 | ip=192.168.5.176 | op=SEND_HEARTBEAT {datanodeUUID=67c35969-00c1-40e5-9eeb-9a2f6a2b337c, command=[]} | ret=SUCCESS |  
2019-08-29 08:22:07,106 | INFO  | SCMAudit | user=jenkins1000 | ip=192.168.5.176 | op=SEND_HEARTBEAT {datanodeUUID=7fd4362d-ab2c-4d65-9042-74517d5987d2, command=[]} | ret=SUCCESS |  
2019-08-29 08:22:07,575 | INFO  | SCMAudit | user=jenkins1000 | ip=192.168.5.176 | op=SEND_HEARTBEAT {datanodeUUID=5b56fd10-665b-4a03-90fc-42cf6e7ef5f6, command=[]} | ret=SUCCESS |  
2019-08-29 08:22:07,607 | INFO  | SCMAudit | user=jenkins1000 | ip=192.168.5.176 | op=SEND_HEARTBEAT {datanodeUUID=98bb5522-a779-467f-a71e-3d66cbe7d5c3, command=[]} | ret=SUCCESS |  
2019-08-29 08:22:07,701 [EventQueue-StaleNodeForStaleNodeHandler] INFO  node.StaleNodeHandler (StaleNodeHandler.java:onMessage(58)) - Datanode 6932ec02-23cf-49d5-bf63-101b997409d4{ip: 192.168.5.176, host: pr-hdds-1909-44d2n-1519487446, networkLocation: /default-rack, certSerialId: null} moved to stale state. Finalizing its pipelines [PipelineID=49fd14f1-d2e2-4c43-b55b-53547357eff4, PipelineID=e26ae616-4cf0-44c6-9636-59ca74b7186e]
2019-08-29 08:22:07,701 [EventQueue-StaleNodeForStaleNodeHandler] INFO  pipeline.SCMPipelineManager (SCMPipelineManager.java:finalizeAndDestroyPipeline(309)) - destroying pipeline:Pipeline[ Id: 49fd14f1-d2e2-4c43-b55b-53547357eff4, Nodes: 6932ec02-23cf-49d5-bf63-101b997409d4{ip: 192.168.5.176, host: pr-hdds-1909-44d2n-1519487446, networkLocation: /default-rack, certSerialId: null}, Type:RATIS, Factor:ONE, State:OPEN]
2019-08-29 08:22:07,702 [EventQueue-StaleNodeForStaleNodeHandler] INFO  pipeline.PipelineStateManager (PipelineStateManager.java:finalizePipeline(123)) - Pipeline Pipeline[ Id: 49fd14f1-d2e2-4c43-b55b-53547357eff4, Nodes: 6932ec02-23cf-49d5-bf63-101b997409d4{ip: 192.168.5.176, host: pr-hdds-1909-44d2n-1519487446, networkLocation: /default-rack, certSerialId: null}, Type:RATIS, Factor:ONE, State:CLOSED] moved to CLOSED state
2019-08-29 08:22:07,703 [EventQueue-StaleNodeForStaleNodeHandler] INFO  pipeline.SCMPipelineManager (SCMPipelineManager.java:finalizeAndDestroyPipeline(309)) - destroying pipeline:Pipeline[ Id: e26ae616-4cf0-44c6-9636-59ca74b7186e, Nodes: 6932ec02-23cf-49d5-bf63-101b997409d4{ip: 192.168.5.176, host: pr-hdds-1909-44d2n-1519487446, networkLocation: /default-rack, certSerialId: null}98bb5522-a779-467f-a71e-3d66cbe7d5c3{ip: 192.168.5.176, host: pr-hdds-1909-44d2n-1519487446, networkLocation: /default-rack, certSerialId: null}5b56fd10-665b-4a03-90fc-42cf6e7ef5f6{ip: 192.168.5.176, host: pr-hdds-1909-44d2n-1519487446, networkLocation: /default-rack, certSerialId: null}, Type:RATIS, Factor:THREE, State:OPEN]
2019-08-29 08:22:07,703 [EventQueue-StaleNodeForStaleNodeHandler] INFO  pipeline.PipelineStateManager (PipelineStateManager.java:finalizePipeline(123)) - Pipeline Pipeline[ Id: e26ae616-4cf0-44c6-9636-59ca74b7186e, Nodes: 6932ec02-23cf-49d5-bf63-101b997409d4{ip: 192.168.5.176, host: pr-hdds-1909-44d2n-1519487446, networkLocation: /default-rack, certSerialId: null}98bb5522-a779-467f-a71e-3d66cbe7d5c3{ip: 192.168.5.176, host: pr-hdds-1909-44d2n-1519487446, networkLocation: /default-rack, certSerialId: null}5b56fd10-665b-4a03-90fc-42cf6e7ef5f6{ip: 192.168.5.176, host: pr-hdds-1909-44d2n-1519487446, networkLocation: /default-rack, certSerialId: null}, Type:RATIS, Factor:THREE, State:CLOSED] moved to CLOSED state
2019-08-29 08:22:07,704 [EventQueue-CloseContainerForCloseContainerEventHandler] INFO  container.CloseContainerEventHandler (CloseContainerEventHandler.java:onMessage(61)) - Close container Event triggered for container : #1
2019-08-29 08:22:08,099 | INFO  | SCMAudit | user=jenkins1000 | ip=192.168.5.176 | op=SEND_HEARTBEAT {datanodeUUID=4e7efcb5-917e-488d-886e-16c99a39ab6f, command=[]} | ret=SUCCESS |  
2019-08-29 08:22:08,099 | INFO  | SCMAudit | user=jenkins1000 | ip=192.168.5.176 | op=SEND_HEARTBEAT {datanodeUUID=67c35969-00c1-40e5-9eeb-9a2f6a2b337c, command=[]} | ret=SUCCESS |  
2019-08-29 08:22:08,106 | INFO  | SCMAudit | user=jenkins1000 | ip=192.168.5.176 | op=SEND_HEARTBEAT {datanodeUUID=7fd4362d-ab2c-4d65-9042-74517d5987d2, command=[]} | ret=SUCCESS |  
2019-08-29 08:22:08,202 [EventQueue-StaleNodeForStaleNodeHandler] INFO  node.StaleNodeHandler (StaleNodeHandler.java:onMessage(58)) - Datanode 8944090c-39c7-48a8-859f-48289bd7a1e9{ip: 192.168.5.176, host: pr-hdds-1909-44d2n-1519487446, networkLocation: /default-rack, certSerialId: null} moved to stale state. Finalizing its pipelines [PipelineID=03c83e23-9916-457a-94e5-e4e5b471dcc9]
2019-08-29 08:22:08,202 [EventQueue-StaleNodeForStaleNodeHandler] INFO  pipeline.SCMPipelineManager (SCMPipelineManager.java:finalizeAndDestroyPipeline(309)) - destroying pipeline:Pipeline[ Id: 03c83e23-9916-457a-94e5-e4e5b471dcc9, Nodes: 8944090c-39c7-48a8-859f-48289bd7a1e9{ip: 192.168.5.176, host: pr-hdds-1909-44d2n-1519487446, networkLocation: /default-rack, certSerialId: null}, Type:RATIS, Factor:ONE, State:OPEN]
2019-08-29 08:22:08,202 [EventQueue-StaleNodeForStaleNodeHandler] INFO  pipeline.PipelineStateManager (PipelineStateManager.java:finalizePipeline(123)) - Pipeline Pipeline[ Id: 03c83e23-9916-457a-94e5-e4e5b471dcc9, Nodes: 8944090c-39c7-48a8-859f-48289bd7a1e9{ip: 192.168.5.176, host: pr-hdds-1909-44d2n-1519487446, networkLocation: /default-rack, certSerialId: null}, Type:RATIS, Factor:ONE, State:CLOSED] moved to CLOSED state
2019-08-29 08:22:08,365 [ForkJoinPool.commonPool-worker-1] INFO  ozoneimpl.OzoneContainer (OzoneContainer.java:stop(215)) - Attempting to stop container services.
2019-08-29 08:22:08,365 [main] INFO  ozoneimpl.OzoneContainer (OzoneContainer.java:stop(215)) - Attempting to stop container services.
2019-08-29 08:22:08,366 [ForkJoinPool.commonPool-worker-1] INFO  impl.RaftServerProxy (RaftServerProxy.java:lambda$close$4(314)) - 8944090c-39c7-48a8-859f-48289bd7a1e9: close
2019-08-29 08:22:08,366 [main] INFO  impl.RaftServerProxy (RaftServerProxy.java:lambda$close$4(314)) - 6932ec02-23cf-49d5-bf63-101b997409d4: close
2019-08-29 08:22:08,367 [ForkJoinPool.commonPool-worker-1] INFO  impl.RaftServerImpl (RaftServerImpl.java:lambda$shutdown$3(245)) - 8944090c-39c7-48a8-859f-48289bd7a1e9: shutdown group-E4E5B471DCC9
2019-08-29 08:22:08,367 [main] INFO  impl.RaftServerImpl (RaftServerImpl.java:lambda$shutdown$3(245)) - 6932ec02-23cf-49d5-bf63-101b997409d4: shutdown group-53547357EFF4
2019-08-29 08:22:08,367 [ForkJoinPool.commonPool-worker-1] INFO  util.JmxRegister (JmxRegister.java:unregister(73)) - Successfully un-registered JMX Bean with object name Ratis:service=RaftServer,group=group-E4E5B471DCC9,id=8944090c-39c7-48a8-859f-48289bd7a1e9
2019-08-29 08:22:08,367 [main] INFO  util.JmxRegister (JmxRegister.java:unregister(73)) - Successfully un-registered JMX Bean with object name Ratis:service=RaftServer,group=group-53547357EFF4,id=6932ec02-23cf-49d5-bf63-101b997409d4
2019-08-29 08:22:08,367 [ForkJoinPool.commonPool-worker-1] INFO  impl.RoleInfo (RoleInfo.java:shutdownLeaderState(104)) - 8944090c-39c7-48a8-859f-48289bd7a1e9: shutdown LeaderState
2019-08-29 08:22:08,368 [main] INFO  impl.RoleInfo (RoleInfo.java:shutdownLeaderState(104)) - 6932ec02-23cf-49d5-bf63-101b997409d4: shutdown LeaderState
2019-08-29 08:22:08,368 [ForkJoinPool.commonPool-worker-1] INFO  impl.PendingRequests (PendingRequests.java:sendNotLeaderResponses(202)) - 8944090c-39c7-48a8-859f-48289bd7a1e9-PendingRequests: sendNotLeaderResponses
2019-08-29 08:22:08,371 [main] INFO  impl.PendingRequests (PendingRequests.java:sendNotLeaderResponses(202)) - 6932ec02-23cf-49d5-bf63-101b997409d4-PendingRequests: sendNotLeaderResponses
2019-08-29 08:22:08,371 [ForkJoinPool.commonPool-worker-1] INFO  impl.StateMachineUpdater (StateMachineUpdater.java:stopAndJoin(115)) - StateMachineUpdater:8944090c-39c7-48a8-859f-48289bd7a1e9:group-E4E5B471DCC9: set stopIndex = 0
2019-08-29 08:22:08,371 [main] INFO  impl.StateMachineUpdater (StateMachineUpdater.java:stopAndJoin(115)) - StateMachineUpdater:6932ec02-23cf-49d5-bf63-101b997409d4:group-53547357EFF4: set stopIndex = 0
2019-08-29 08:22:08,374 [ForkJoinPool.commonPool-worker-1] INFO  impl.RaftServerImpl (ServerState.java:close(394)) - 8944090c-39c7-48a8-859f-48289bd7a1e9:group-E4E5B471DCC9 closes. The last applied log index is 0
2019-08-29 08:22:08,374 [main] INFO  impl.RaftServerImpl (ServerState.java:close(394)) - 6932ec02-23cf-49d5-bf63-101b997409d4:group-53547357EFF4 closes. The last applied log index is 0
2019-08-29 08:22:08,375 [8944090c-39c7-48a8-859f-48289bd7a1e9-SegmentedRaftLogWorker:Storage Directory /workdir/hadoop-ozone/integration-test/target/test-dir/MiniOzoneClusterImpl-ab0df1f0-a3d6-4d90-a98d-535794749ce9/datanode-1/data/ratis/03c83e23-9916-457a-94e5-e4e5b471dcc9] INFO  segmented.SegmentedRaftLogWorker (SegmentedRaftLogWorker.java:run(313)) - 8944090c-39c7-48a8-859f-48289bd7a1e9-SegmentedRaftLogWorker:Storage Directory /workdir/hadoop-ozone/integration-test/target/test-dir/MiniOzoneClusterImpl-ab0df1f0-a3d6-4d90-a98d-535794749ce9/datanode-1/data/ratis/03c83e23-9916-457a-94e5-e4e5b471dcc9 was interrupted, exiting. There are 0 tasks remaining in the queue.
2019-08-29 08:22:08,375 [6932ec02-23cf-49d5-bf63-101b997409d4-SegmentedRaftLogWorker:Storage Directory /workdir/hadoop-ozone/integration-test/target/test-dir/MiniOzoneClusterImpl-ab0df1f0-a3d6-4d90-a98d-535794749ce9/datanode-4/data/ratis/49fd14f1-d2e2-4c43-b55b-53547357eff4] INFO  segmented.SegmentedRaftLogWorker (SegmentedRaftLogWorker.java:run(313)) - 6932ec02-23cf-49d5-bf63-101b997409d4-SegmentedRaftLogWorker:Storage Directory /workdir/hadoop-ozone/integration-test/target/test-dir/MiniOzoneClusterImpl-ab0df1f0-a3d6-4d90-a98d-535794749ce9/datanode-4/data/ratis/49fd14f1-d2e2-4c43-b55b-53547357eff4 was interrupted, exiting. There are 0 tasks remaining in the queue.
2019-08-29 08:22:08,379 [ForkJoinPool.commonPool-worker-1] INFO  segmented.SegmentedRaftLogWorker (SegmentedRaftLogWorker.java:close(228)) - 8944090c-39c7-48a8-859f-48289bd7a1e9-SegmentedRaftLogWorker:Storage Directory /workdir/hadoop-ozone/integration-test/target/test-dir/MiniOzoneClusterImpl-ab0df1f0-a3d6-4d90-a98d-535794749ce9/datanode-1/data/ratis/03c83e23-9916-457a-94e5-e4e5b471dcc9 close()
2019-08-29 08:22:08,379 [main] INFO  segmented.SegmentedRaftLogWorker (SegmentedRaftLogWorker.java:close(228)) - 6932ec02-23cf-49d5-bf63-101b997409d4-SegmentedRaftLogWorker:Storage Directory /workdir/hadoop-ozone/integration-test/target/test-dir/MiniOzoneClusterImpl-ab0df1f0-a3d6-4d90-a98d-535794749ce9/datanode-4/data/ratis/49fd14f1-d2e2-4c43-b55b-53547357eff4 close()
2019-08-29 08:22:08,386 [main] INFO  impl.RaftServerImpl (RaftServerImpl.java:lambda$shutdown$3(245)) - 6932ec02-23cf-49d5-bf63-101b997409d4: shutdown group-59CA74B7186E
2019-08-29 08:22:08,386 [ForkJoinPool.commonPool-worker-1] INFO  server.GrpcService (GrpcService.java:closeImpl(155)) - 8944090c-39c7-48a8-859f-48289bd7a1e9: shutdown server with port 40227 now
2019-08-29 08:22:08,386 [main] INFO  util.JmxRegister (JmxRegister.java:unregister(73)) - Successfully un-registered JMX Bean with object name Ratis:service=RaftServer,group=group-59CA74B7186E,id=6932ec02-23cf-49d5-bf63-101b997409d4
2019-08-29 08:22:08,387 [main] INFO  impl.RoleInfo (RoleInfo.java:shutdownFollowerState(121)) - 6932ec02-23cf-49d5-bf63-101b997409d4: shutdown FollowerState
2019-08-29 08:22:08,387 [main] INFO  impl.StateMachineUpdater (StateMachineUpdater.java:stopAndJoin(115)) - StateMachineUpdater:6932ec02-23cf-49d5-bf63-101b997409d4:group-59CA74B7186E: set stopIndex = 16
2019-08-29 08:22:08,387 [StateMachineUpdater:6932ec02-23cf-49d5-bf63-101b997409d4:group-59CA74B7186E] INFO  ratis.ContainerStateMachine (ContainerStateMachine.java:takeSnapshot(284)) - group-59CA74B7186E: Taking a snapshot at:(t:2, i:16) file /workdir/hadoop-ozone/integration-test/target/test-dir/MiniOzoneClusterImpl-ab0df1f0-a3d6-4d90-a98d-535794749ce9/datanode-4/data/ratis/e26ae616-4cf0-44c6-9636-59ca74b7186e/sm/snapshot.2_16
2019-08-29 08:22:08,387 [Thread-366] INFO  impl.FollowerState (FollowerState.java:run(114)) - 6932ec02-23cf-49d5-bf63-101b997409d4: FollowerState was interrupted: java.lang.InterruptedException: sleep interrupted
2019-08-29 08:22:08,392 [ForkJoinPool.commonPool-worker-1] INFO  server.GrpcService (GrpcService.java:closeImpl(163)) - 8944090c-39c7-48a8-859f-48289bd7a1e9: shutdown server with port 40227 successfully
2019-08-29 08:22:08,401 [refreshUsed-/workdir/hadoop-ozone/integration-test/target/test-dir/MiniOzoneClusterImpl-ab0df1f0-a3d6-4d90-a98d-535794749ce9/datanode-1/data/containers] WARN  fs.CachingGetSpaceUsed (CachingGetSpaceUsed.java:run(183)) - Thread Interrupted waiting to refresh disk information: sleep interrupted
2019-08-29 08:22:08,407 [StateMachineUpdater:6932ec02-23cf-49d5-bf63-101b997409d4:group-59CA74B7186E] INFO  ratis.ContainerStateMachine (ContainerStateMachine.java:takeSnapshot(295)) - group-59CA74B7186E: Finished taking a snapshot at:(t:2, i:16) file:/workdir/hadoop-ozone/integration-test/target/test-dir/MiniOzoneClusterImpl-ab0df1f0-a3d6-4d90-a98d-535794749ce9/datanode-4/data/ratis/e26ae616-4cf0-44c6-9636-59ca74b7186e/sm/snapshot.2_16 time:20
2019-08-29 08:22:08,407 [StateMachineUpdater:6932ec02-23cf-49d5-bf63-101b997409d4:group-59CA74B7186E] INFO  impl.StateMachineUpdater (StateMachineUpdater.java:takeSnapshot(242)) - StateMachineUpdater:6932ec02-23cf-49d5-bf63-101b997409d4:group-59CA74B7186E: Took a snapshot at index 16
2019-08-29 08:22:08,407 [StateMachineUpdater:6932ec02-23cf-49d5-bf63-101b997409d4:group-59CA74B7186E] INFO  impl.StateMachineUpdater (StateMachineUpdater.java:lambda$new$0(80)) - StateMachineUpdater:6932ec02-23cf-49d5-bf63-101b997409d4:group-59CA74B7186E: snapshotIndex: updateIncreasingly -1 -> 16
2019-08-29 08:22:08,412 [main] INFO  impl.RaftServerImpl (ServerState.java:close(394)) - 6932ec02-23cf-49d5-bf63-101b997409d4:group-59CA74B7186E closes. The last applied log index is 16
2019-08-29 08:22:08,413 [6932ec02-23cf-49d5-bf63-101b997409d4-SegmentedRaftLogWorker:Storage Directory /workdir/hadoop-ozone/integration-test/target/test-dir/MiniOzoneClusterImpl-ab0df1f0-a3d6-4d90-a98d-535794749ce9/datanode-4/data/ratis/e26ae616-4cf0-44c6-9636-59ca74b7186e] INFO  segmented.SegmentedRaftLogWorker (SegmentedRaftLogWorker.java:run(313)) - 6932ec02-23cf-49d5-bf63-101b997409d4-SegmentedRaftLogWorker:Storage Directory /workdir/hadoop-ozone/integration-test/target/test-dir/MiniOzoneClusterImpl-ab0df1f0-a3d6-4d90-a98d-535794749ce9/datanode-4/data/ratis/e26ae616-4cf0-44c6-9636-59ca74b7186e was interrupted, exiting. There are 0 tasks remaining in the queue.
2019-08-29 08:22:08,414 [main] INFO  segmented.SegmentedRaftLogWorker (SegmentedRaftLogWorker.java:close(228)) - 6932ec02-23cf-49d5-bf63-101b997409d4-SegmentedRaftLogWorker:Storage Directory /workdir/hadoop-ozone/integration-test/target/test-dir/MiniOzoneClusterImpl-ab0df1f0-a3d6-4d90-a98d-535794749ce9/datanode-4/data/ratis/e26ae616-4cf0-44c6-9636-59ca74b7186e close()
2019-08-29 08:22:08,417 [main] INFO  server.GrpcService (GrpcService.java:closeImpl(155)) - 6932ec02-23cf-49d5-bf63-101b997409d4: shutdown server with port 37426 now
2019-08-29 08:22:08,424 [main] INFO  server.GrpcService (GrpcService.java:closeImpl(163)) - 6932ec02-23cf-49d5-bf63-101b997409d4: shutdown server with port 37426 successfully
2019-08-29 08:22:08,424 [grpc-default-executor-2] WARN  server.GrpcServerProtocolService (LogUtils.java:warn(134)) - 6932ec02-23cf-49d5-bf63-101b997409d4: appendEntries onError: org.apache.ratis.thirdparty.io.grpc.StatusRuntimeException: CANCELLED: cancelled before receiving half close
2019-08-29 08:22:08,425 [grpc-default-executor-2] WARN  server.GrpcLogAppender (LogUtils.java:warn(134)) - 5b56fd10-665b-4a03-90fc-42cf6e7ef5f6->6932ec02-23cf-49d5-bf63-101b997409d4: Failed appendEntries: org.apache.ratis.thirdparty.io.grpc.StatusRuntimeException: CANCELLED: HTTP/2 error code: CANCEL
Received Rst Stream
2019-08-29 08:22:08,427 [grpc-default-executor-2] INFO  impl.FollowerInfo (FollowerInfo.java:lambda$new$0(50)) - 5b56fd10-665b-4a03-90fc-42cf6e7ef5f6->6932ec02-23cf-49d5-bf63-101b997409d4: nextIndex: updateUnconditionally 17 -> 16
2019-08-29 08:22:08,427 [refreshUsed-/workdir/hadoop-ozone/integration-test/target/test-dir/MiniOzoneClusterImpl-ab0df1f0-a3d6-4d90-a98d-535794749ce9/datanode-4/data/containers] WARN  fs.CachingGetSpaceUsed (CachingGetSpaceUsed.java:run(183)) - Thread Interrupted waiting to refresh disk information: sleep interrupted
2019-08-29 08:22:08,438 [ForkJoinPool.commonPool-worker-1] INFO  utils.BackgroundService (BackgroundService.java:shutdown(148)) - Shutting down service BlockDeletingService
2019-08-29 08:22:08,442 [ForkJoinPool.commonPool-worker-1] INFO  statemachine.DatanodeStateMachine (DatanodeStateMachine.java:stopDaemon(395)) - Ozone container server stopped.
2019-08-29 08:22:08,451 [main] INFO  utils.BackgroundService (BackgroundService.java:shutdown(148)) - Shutting down service BlockDeletingService
2019-08-29 08:22:08,455 [main] INFO  statemachine.DatanodeStateMachine (DatanodeStateMachine.java:stopDaemon(395)) - Ozone container server stopped.
2019-08-29 08:22:08,603 | INFO  | SCMAudit | user=jenkins1000 | ip=192.168.5.176 | op=SEND_HEARTBEAT {datanodeUUID=5b56fd10-665b-4a03-90fc-42cf6e7ef5f6, command=[commandType: closeContainerCommand closeContainerCommandProto { containerID: 1 pipelineID { id: "e26ae616-4cf0-44c6-9636-59ca74b7186e" } cmdId: 1 force: false } ]} | ret=SUCCESS |  
2019-08-29 08:22:08,608 | INFO  | SCMAudit | user=jenkins1000 | ip=192.168.5.176 | op=SEND_HEARTBEAT {datanodeUUID=98bb5522-a779-467f-a71e-3d66cbe7d5c3, command=[commandType: closeContainerCommand closeContainerCommandProto { containerID: 1 pipelineID { id: "e26ae616-4cf0-44c6-9636-59ca74b7186e" } cmdId: 1 force: false } ]} | ret=SUCCESS |  
2019-08-29 08:22:08,775 [main] INFO  handler.ContextHandler (ContextHandler.java:doStop(910)) - Stopped o.e.j.w.WebAppContext@6f1a16fe{/,null,UNAVAILABLE}{/hddsDatanode}
2019-08-29 08:22:08,775 [ForkJoinPool.commonPool-worker-1] INFO  handler.ContextHandler (ContextHandler.java:doStop(910)) - Stopped o.e.j.w.WebAppContext@268cbb86{/,null,UNAVAILABLE}{/hddsDatanode}
2019-08-29 08:22:08,778 [main] INFO  server.AbstractConnector (AbstractConnector.java:doStop(318)) - Stopped ServerConnector@2373ad99{HTTP/1.1,[http/1.1]}{0.0.0.0:0}
2019-08-29 08:22:08,778 [ForkJoinPool.commonPool-worker-1] INFO  server.AbstractConnector (AbstractConnector.java:doStop(318)) - Stopped ServerConnector@10f7918f{HTTP/1.1,[http/1.1]}{0.0.0.0:0}
2019-08-29 08:22:08,782 [main] INFO  handler.ContextHandler (ContextHandler.java:doStop(910)) - Stopped o.e.j.s.ServletContextHandler@72e295cc{/static,jar:file:/home/user/.m2/repository/org/apache/hadoop/hadoop-hdds-container-service/0.5.0-SNAPSHOT/hadoop-hdds-container-service-0.5.0-SNAPSHOT.jar!/webapps/static,UNAVAILABLE}
2019-08-29 08:22:08,782 [ForkJoinPool.commonPool-worker-1] INFO  handler.ContextHandler (ContextHandler.java:doStop(910)) - Stopped o.e.j.s.ServletContextHandler@4f9a6c2d{/static,jar:file:/home/user/.m2/repository/org/apache/hadoop/hadoop-hdds-container-service/0.5.0-SNAPSHOT/hadoop-hdds-container-service-0.5.0-SNAPSHOT.jar!/webapps/static,UNAVAILABLE}
2019-08-29 08:22:08,783 [main] INFO  handler.ContextHandler (ContextHandler.java:doStop(910)) - Stopped o.e.j.s.ServletContextHandler@6d11ceef{/logs,file:///workdir/hadoop-ozone/integration-test/target/log,UNAVAILABLE}
2019-08-29 08:22:08,785 [ForkJoinPool.commonPool-worker-1] INFO  handler.ContextHandler (ContextHandler.java:doStop(910)) - Stopped o.e.j.s.ServletContextHandler@3c3c4a71{/logs,file:///workdir/hadoop-ozone/integration-test/target/log,UNAVAILABLE}
2019-08-29 08:22:09,099 [Datanode State Machine Thread - 0] INFO  statemachine.DatanodeStateMachine (DatanodeStateMachine.java:lambda$startDaemon$0(350)) - Ozone container server started.
2019-08-29 08:22:09,100 | INFO  | SCMAudit | user=jenkins1000 | ip=192.168.5.176 | op=SEND_HEARTBEAT {datanodeUUID=4e7efcb5-917e-488d-886e-16c99a39ab6f, command=[]} | ret=SUCCESS |  
2019-08-29 08:22:09,106 | INFO  | SCMAudit | user=jenkins1000 | ip=192.168.5.176 | op=SEND_HEARTBEAT {datanodeUUID=7fd4362d-ab2c-4d65-9042-74517d5987d2, command=[]} | ret=SUCCESS |  
2019-08-29 08:22:09,576 | INFO  | SCMAudit | user=jenkins1000 | ip=192.168.5.176 | op=SEND_HEARTBEAT {datanodeUUID=5b56fd10-665b-4a03-90fc-42cf6e7ef5f6, command=[]} | ret=SUCCESS |  
2019-08-29 08:22:09,599 | INFO  | SCMAudit | user=jenkins1000 | ip=192.168.5.176 | op=SEND_HEARTBEAT {datanodeUUID=5b56fd10-665b-4a03-90fc-42cf6e7ef5f6, command=[]} | ret=SUCCESS |  
2019-08-29 08:22:14,230 [Thread-356] WARN  util.JavaUtils (JavaUtils.java:sleep(250)) - Unexpected long sleep: sleep(5080ms) actually took 5483ms which is over the threshold 300ms
2019-08-29 08:22:14,242 | INFO  | SCMAudit | user=jenkins1000 | ip=192.168.5.176 | op=SEND_HEARTBEAT {datanodeUUID=4e7efcb5-917e-488d-886e-16c99a39ab6f, command=[]} | ret=SUCCESS |  
2019-08-29 08:22:14,242 [ForkJoinPool.commonPool-worker-1] INFO  ozoneimpl.OzoneContainer (OzoneContainer.java:stop(215)) - Attempting to stop container services.
2019-08-29 08:22:14,242 | INFO  | SCMAudit | user=jenkins1000 | ip=192.168.5.176 | op=SEND_HEARTBEAT {datanodeUUID=5b56fd10-665b-4a03-90fc-42cf6e7ef5f6, command=[]} | ret=SUCCESS |  
2019-08-29 08:22:14,242 [java.util.concurrent.ThreadPoolExecutor$Worker@7c8469f9[State = -1, empty queue]] WARN  server.GrpcLogAppender (GrpcLogAppender.java:timeoutAppendRequest(200)) - GrpcLogAppender(5b56fd10-665b-4a03-90fc-42cf6e7ef5f6->98bb5522-a779-467f-a71e-3d66cbe7d5c3): appendEntries Timeout, request=5b56fd10-665b-4a03-90fc-42cf6e7ef5f6->98bb5522-a779-467f-a71e-3d66cbe7d5c3#21-t2, previous=(t:2, i:16), leaderCommit=16, initializing? false, entries: size=1, first=(t:2, i:17), STATEMACHINELOGENTRY, client-871214B454E8, cid=0
2019-08-29 08:22:14,241 [org.apache.hadoop.util.JvmPauseMonitor$Monitor@16d5ce8b] INFO  util.JvmPauseMonitor (JvmPauseMonitor.java:run(205)) - Detected pause in JVM or host machine (eg GC): pause of approximately 4437ms
No GCs detected
2019-08-29 08:22:14,243 | INFO  | SCMAudit | user=jenkins1000 | ip=192.168.5.176 | op=SEND_HEARTBEAT {datanodeUUID=7fd4362d-ab2c-4d65-9042-74517d5987d2, command=[]} | ret=SUCCESS |  
2019-08-29 08:22:14,241 [org.apache.hadoop.util.JvmPauseMonitor$Monitor@235bf645] INFO  util.JvmPauseMonitor (JvmPauseMonitor.java:run(205)) - Detected pause in JVM or host machine (eg GC): pause of approximately 4435ms
No GCs detected
2019-08-29 08:22:14,241 [org.apache.hadoop.util.JvmPauseMonitor$Monitor@7646731d] INFO  util.JvmPauseMonitor (JvmPauseMonitor.java:run(205)) - Detected pause in JVM or host machine (eg GC): pause of approximately 4457ms
No GCs detected
2019-08-29 08:22:14,241 [org.apache.hadoop.util.JvmPauseMonitor$Monitor@7b6d25bd] INFO  util.JvmPauseMonitor (JvmPauseMonitor.java:run(205)) - Detected pause in JVM or host machine (eg GC): pause of approximately 4455ms
No GCs detected
2019-08-29 08:22:14,241 [org.apache.hadoop.util.JvmPauseMonitor$Monitor@cbeb7a4] INFO  util.JvmPauseMonitor (JvmPauseMonitor.java:run(205)) - Detected pause in JVM or host machine (eg GC): pause of approximately 4457ms
No GCs detected
2019-08-29 08:22:14,241 [org.apache.hadoop.util.JvmPauseMonitor$Monitor@1ed9cf3] INFO  util.JvmPauseMonitor (JvmPauseMonitor.java:run(205)) - Detected pause in JVM or host machine (eg GC): pause of approximately 4437ms
No GCs detected
2019-08-29 08:22:14,241 [EventQueue-StaleNodeForStaleNodeHandler] INFO  node.StaleNodeHandler (StaleNodeHandler.java:onMessage(58)) - Datanode 98bb5522-a779-467f-a71e-3d66cbe7d5c3{ip: 192.168.5.176, host: pr-hdds-1909-44d2n-1519487446, networkLocation: /default-rack, certSerialId: null} moved to stale state. Finalizing its pipelines [PipelineID=1bad1a8e-8132-4863-a103-89e6a58018fb, PipelineID=e26ae616-4cf0-44c6-9636-59ca74b7186e]
2019-08-29 08:22:14,241 [Datanode State Machine Thread - 0] INFO  statemachine.DatanodeStateMachine (DatanodeStateMachine.java:lambda$startDaemon$0(350)) - Ozone container server started.
2019-08-29 08:22:14,230 [Thread-355] WARN  util.JavaUtils (JavaUtils.java:sleep(250)) - Unexpected long sleep: sleep(5134ms) actually took 5591ms which is over the threshold 300ms
2019-08-29 08:22:14,244 [EventQueue-StaleNodeForStaleNodeHandler] INFO  pipeline.SCMPipelineManager (SCMPipelineManager.java:finalizeAndDestroyPipeline(309)) - destroying pipeline:Pipeline[ Id: 1bad1a8e-8132-4863-a103-89e6a58018fb, Nodes: 98bb5522-a779-467f-a71e-3d66cbe7d5c3{ip: 192.168.5.176, host: pr-hdds-1909-44d2n-1519487446, networkLocation: /default-rack, certSerialId: null}, Type:RATIS, Factor:ONE, State:OPEN]
2019-08-29 08:22:14,243 [ForkJoinPool.commonPool-worker-1] INFO  impl.RaftServerProxy (RaftServerProxy.java:lambda$close$4(314)) - 67c35969-00c1-40e5-9eeb-9a2f6a2b337c: close
2019-08-29 08:22:14,244 [ForkJoinPool.commonPool-worker-1] INFO  impl.RaftServerImpl (RaftServerImpl.java:lambda$shutdown$3(245)) - 67c35969-00c1-40e5-9eeb-9a2f6a2b337c: shutdown group-C7CEA64F060F
2019-08-29 08:22:14,245 [ForkJoinPool.commonPool-worker-1] INFO  util.JmxRegister (JmxRegister.java:unregister(73)) - Successfully un-registered JMX Bean with object name Ratis:service=RaftServer,group=group-C7CEA64F060F,id=67c35969-00c1-40e5-9eeb-9a2f6a2b337c
2019-08-29 08:22:14,245 [ForkJoinPool.commonPool-worker-1] INFO  impl.RoleInfo (RoleInfo.java:shutdownFollowerState(121)) - 67c35969-00c1-40e5-9eeb-9a2f6a2b337c: shutdown FollowerState
2019-08-29 08:22:14,245 [ForkJoinPool.commonPool-worker-1] INFO  impl.StateMachineUpdater (StateMachineUpdater.java:stopAndJoin(115)) - StateMachineUpdater:67c35969-00c1-40e5-9eeb-9a2f6a2b337c:group-C7CEA64F060F: set stopIndex = 4
2019-08-29 08:22:14,242 [main] INFO  ozoneimpl.OzoneContainer (OzoneContainer.java:stop(215)) - Attempting to stop container services.
2019-08-29 08:22:14,245 [StateMachineUpdater:67c35969-00c1-40e5-9eeb-9a2f6a2b337c:group-C7CEA64F060F] INFO  ratis.ContainerStateMachine (ContainerStateMachine.java:takeSnapshot(284)) - group-C7CEA64F060F: Taking a snapshot at:(t:3, i:3) file /workdir/hadoop-ozone/integration-test/target/test-dir/MiniOzoneClusterImpl-ab0df1f0-a3d6-4d90-a98d-535794749ce9/datanode-2/data/ratis/9e93bfe6-bbbf-4ee0-bd70-c7cea64f060f/sm/snapshot.3_3
2019-08-29 08:22:14,245 [Thread-355] INFO  impl.FollowerState (FollowerState.java:run(114)) - 67c35969-00c1-40e5-9eeb-9a2f6a2b337c: FollowerState was interrupted: java.lang.InterruptedException: sleep interrupted
2019-08-29 08:22:14,244 [EventQueue-StaleNodeForStaleNodeHandler] INFO  pipeline.PipelineStateManager (PipelineStateManager.java:finalizePipeline(123)) - Pipeline Pipeline[ Id: 1bad1a8e-8132-4863-a103-89e6a58018fb, Nodes: 98bb5522-a779-467f-a71e-3d66cbe7d5c3{ip: 192.168.5.176, host: pr-hdds-1909-44d2n-1519487446, networkLocation: /default-rack, certSerialId: null}, Type:RATIS, Factor:ONE, State:CLOSED] moved to CLOSED state
2019-08-29 08:22:14,246 [main] INFO  impl.RaftServerProxy (RaftServerProxy.java:lambda$close$4(314)) - 98bb5522-a779-467f-a71e-3d66cbe7d5c3: close
2019-08-29 08:22:14,247 [EventQueue-StaleNodeForStaleNodeHandler] INFO  pipeline.SCMPipelineManager (SCMPipelineManager.java:finalizeAndDestroyPipeline(309)) - destroying pipeline:Pipeline[ Id: e26ae616-4cf0-44c6-9636-59ca74b7186e, Nodes: 6932ec02-23cf-49d5-bf63-101b997409d4{ip: 192.168.5.176, host: pr-hdds-1909-44d2n-1519487446, networkLocation: /default-rack, certSerialId: null}98bb5522-a779-467f-a71e-3d66cbe7d5c3{ip: 192.168.5.176, host: pr-hdds-1909-44d2n-1519487446, networkLocation: /default-rack, certSerialId: null}5b56fd10-665b-4a03-90fc-42cf6e7ef5f6{ip: 192.168.5.176, host: pr-hdds-1909-44d2n-1519487446, networkLocation: /default-rack, certSerialId: null}, Type:RATIS, Factor:THREE, State:CLOSED]
2019-08-29 08:22:14,247 [main] INFO  impl.RaftServerImpl (RaftServerImpl.java:lambda$shutdown$3(245)) - 98bb5522-a779-467f-a71e-3d66cbe7d5c3: shutdown group-89E6A58018FB
2019-08-29 08:22:14,247 [EventQueue-StaleNodeForStaleNodeHandler] INFO  node.StaleNodeHandler (StaleNodeHandler.java:onMessage(58)) - Datanode 7fd4362d-ab2c-4d65-9042-74517d5987d2{ip: 192.168.5.176, host: pr-hdds-1909-44d2n-1519487446, networkLocation: /default-rack, certSerialId: null} moved to stale state. Finalizing its pipelines [PipelineID=d4fe32f7-3116-470d-8a0f-d00f62aec1de, PipelineID=9e93bfe6-bbbf-4ee0-bd70-c7cea64f060f]
2019-08-29 08:22:14,247 [main] INFO  util.JmxRegister (JmxRegister.java:unregister(73)) - Successfully un-registered JMX Bean with object name Ratis:service=RaftServer,group=group-89E6A58018FB,id=98bb5522-a779-467f-a71e-3d66cbe7d5c3
2019-08-29 08:22:14,247 [EventQueue-StaleNodeForStaleNodeHandler] INFO  pipeline.SCMPipelineManager (SCMPipelineManager.java:finalizeAndDestroyPipeline(309)) - destroying pipeline:Pipeline[ Id: d4fe32f7-3116-470d-8a0f-d00f62aec1de, Nodes: 7fd4362d-ab2c-4d65-9042-74517d5987d2{ip: 192.168.5.176, host: pr-hdds-1909-44d2n-1519487446, networkLocation: /default-rack, certSerialId: null}, Type:RATIS, Factor:ONE, State:OPEN]
2019-08-29 08:22:14,247 [main] INFO  impl.RoleInfo (RoleInfo.java:shutdownLeaderState(104)) - 98bb5522-a779-467f-a71e-3d66cbe7d5c3: shutdown LeaderState
2019-08-29 08:22:14,248 [EventQueue-StaleNodeForStaleNodeHandler] INFO  pipeline.PipelineStateManager (PipelineStateManager.java:finalizePipeline(123)) - Pipeline Pipeline[ Id: d4fe32f7-3116-470d-8a0f-d00f62aec1de, Nodes: 7fd4362d-ab2c-4d65-9042-74517d5987d2{ip: 192.168.5.176, host: pr-hdds-1909-44d2n-1519487446, networkLocation: /default-rack, certSerialId: null}, Type:RATIS, Factor:ONE, State:CLOSED] moved to CLOSED state
2019-08-29 08:22:14,248 [main] INFO  impl.PendingRequests (PendingRequests.java:sendNotLeaderResponses(202)) - 98bb5522-a779-467f-a71e-3d66cbe7d5c3-PendingRequests: sendNotLeaderResponses
2019-08-29 08:22:14,248 [EventQueue-StaleNodeForStaleNodeHandler] INFO  pipeline.SCMPipelineManager (SCMPipelineManager.java:finalizeAndDestroyPipeline(309)) - destroying pipeline:Pipeline[ Id: 9e93bfe6-bbbf-4ee0-bd70-c7cea64f060f, Nodes: 7fd4362d-ab2c-4d65-9042-74517d5987d2{ip: 192.168.5.176, host: pr-hdds-1909-44d2n-1519487446, networkLocation: /default-rack, certSerialId: null}4e7efcb5-917e-488d-886e-16c99a39ab6f{ip: 192.168.5.176, host: pr-hdds-1909-44d2n-1519487446, networkLocation: /default-rack, certSerialId: null}67c35969-00c1-40e5-9eeb-9a2f6a2b337c{ip: 192.168.5.176, host: pr-hdds-1909-44d2n-1519487446, networkLocation: /default-rack, certSerialId: null}, Type:RATIS, Factor:THREE, State:OPEN]
2019-08-29 08:22:14,248 [main] INFO  impl.StateMachineUpdater (StateMachineUpdater.java:stopAndJoin(115)) - StateMachineUpdater:98bb5522-a779-467f-a71e-3d66cbe7d5c3:group-89E6A58018FB: set stopIndex = 0
2019-08-29 08:22:14,248 [EventQueue-StaleNodeForStaleNodeHandler] INFO  pipeline.PipelineStateManager (PipelineStateManager.java:finalizePipeline(123)) - Pipeline Pipeline[ Id: 9e93bfe6-bbbf-4ee0-bd70-c7cea64f060f, Nodes: 7fd4362d-ab2c-4d65-9042-74517d5987d2{ip: 192.168.5.176, host: pr-hdds-1909-44d2n-1519487446, networkLocation: /default-rack, certSerialId: null}4e7efcb5-917e-488d-886e-16c99a39ab6f{ip: 192.168.5.176, host: pr-hdds-1909-44d2n-1519487446, networkLocation: /default-rack, certSerialId: null}67c35969-00c1-40e5-9eeb-9a2f6a2b337c{ip: 192.168.5.176, host: pr-hdds-1909-44d2n-1519487446, networkLocation: /default-rack, certSerialId: null}, Type:RATIS, Factor:THREE, State:CLOSED] moved to CLOSED state
2019-08-29 08:22:14,248 [main] INFO  impl.RaftServerImpl (ServerState.java:close(394)) - 98bb5522-a779-467f-a71e-3d66cbe7d5c3:group-89E6A58018FB closes. The last applied log index is 0
2019-08-29 08:22:14,249 [EventQueue-StaleNodeForStaleNodeHandler] INFO  node.StaleNodeHandler (StaleNodeHandler.java:onMessage(58)) - Datanode 4e7efcb5-917e-488d-886e-16c99a39ab6f{ip: 192.168.5.176, host: pr-hdds-1909-44d2n-1519487446, networkLocation: /default-rack, certSerialId: null} moved to stale state. Finalizing its pipelines [PipelineID=9e93bfe6-bbbf-4ee0-bd70-c7cea64f060f, PipelineID=fa7312ae-ccc9-4e71-a788-9ed342bc7ad4]
2019-08-29 08:22:14,249 [EventQueue-CloseContainerForCloseContainerEventHandler] INFO  container.CloseContainerEventHandler (CloseContainerEventHandler.java:onMessage(61)) - Close container Event triggered for container : #2
2019-08-29 08:22:14,249 [EventQueue-StaleNodeForStaleNodeHandler] INFO  pipeline.SCMPipelineManager (SCMPipelineManager.java:finalizeAndDestroyPipeline(309)) - destroying pipeline:Pipeline[ Id: 9e93bfe6-bbbf-4ee0-bd70-c7cea64f060f, Nodes: 7fd4362d-ab2c-4d65-9042-74517d5987d2{ip: 192.168.5.176, host: pr-hdds-1909-44d2n-1519487446, networkLocation: /default-rack, certSerialId: null}4e7efcb5-917e-488d-886e-16c99a39ab6f{ip: 192.168.5.176, host: pr-hdds-1909-44d2n-1519487446, networkLocation: /default-rack, certSerialId: null}67c35969-00c1-40e5-9eeb-9a2f6a2b337c{ip: 192.168.5.176, host: pr-hdds-1909-44d2n-1519487446, networkLocation: /default-rack, certSerialId: null}, Type:RATIS, Factor:THREE, State:CLOSED]
2019-08-29 08:22:14,249 [98bb5522-a779-467f-a71e-3d66cbe7d5c3-SegmentedRaftLogWorker:Storage Directory /workdir/hadoop-ozone/integration-test/target/test-dir/MiniOzoneClusterImpl-ab0df1f0-a3d6-4d90-a98d-535794749ce9/datanode-3/data/ratis/1bad1a8e-8132-4863-a103-89e6a58018fb] INFO  segmented.SegmentedRaftLogWorker (SegmentedRaftLogWorker.java:run(313)) - 98bb5522-a779-467f-a71e-3d66cbe7d5c3-SegmentedRaftLogWorker:Storage Directory /workdir/hadoop-ozone/integration-test/target/test-dir/MiniOzoneClusterImpl-ab0df1f0-a3d6-4d90-a98d-535794749ce9/datanode-3/data/ratis/1bad1a8e-8132-4863-a103-89e6a58018fb was interrupted, exiting. There are 0 tasks remaining in the queue.
2019-08-29 08:22:14,249 [EventQueue-StaleNodeForStaleNodeHandler] INFO  pipeline.SCMPipelineManager (SCMPipelineManager.java:finalizeAndDestroyPipeline(309)) - destroying pipeline:Pipeline[ Id: fa7312ae-ccc9-4e71-a788-9ed342bc7ad4, Nodes: 4e7efcb5-917e-488d-886e-16c99a39ab6f{ip: 192.168.5.176, host: pr-hdds-1909-44d2n-1519487446, networkLocation: /default-rack, certSerialId: null}, Type:RATIS, Factor:ONE, State:OPEN]
2019-08-29 08:22:14,252 [main] INFO  segmented.SegmentedRaftLogWorker (SegmentedRaftLogWorker.java:close(228)) - 98bb5522-a779-467f-a71e-3d66cbe7d5c3-SegmentedRaftLogWorker:Storage Directory /workdir/hadoop-ozone/integration-test/target/test-dir/MiniOzoneClusterImpl-ab0df1f0-a3d6-4d90-a98d-535794749ce9/datanode-3/data/ratis/1bad1a8e-8132-4863-a103-89e6a58018fb close()
2019-08-29 08:22:14,252 [EventQueue-StaleNodeForStaleNodeHandler] INFO  pipeline.PipelineStateManager (PipelineStateManager.java:finalizePipeline(123)) - Pipeline Pipeline[ Id: fa7312ae-ccc9-4e71-a788-9ed342bc7ad4, Nodes: 4e7efcb5-917e-488d-886e-16c99a39ab6f{ip: 192.168.5.176, host: pr-hdds-1909-44d2n-1519487446, networkLocation: /default-rack, certSerialId: null}, Type:RATIS, Factor:ONE, State:CLOSED] moved to CLOSED state
2019-08-29 08:22:14,256 [main] INFO  impl.RaftServerImpl (RaftServerImpl.java:lambda$shutdown$3(245)) - 98bb5522-a779-467f-a71e-3d66cbe7d5c3: shutdown group-59CA74B7186E
2019-08-29 08:22:14,257 [EventQueue-StaleNodeForStaleNodeHandler] INFO  node.StaleNodeHandler (StaleNodeHandler.java:onMessage(58)) - Datanode 67c35969-00c1-40e5-9eeb-9a2f6a2b337c{ip: 192.168.5.176, host: pr-hdds-1909-44d2n-1519487446, networkLocation: /default-rack, certSerialId: null} moved to stale state. Finalizing its pipelines [PipelineID=9e93bfe6-bbbf-4ee0-bd70-c7cea64f060f, PipelineID=5b94ab9c-2416-47cb-a828-c7e9d55e67c1]
2019-08-29 08:22:14,257 [main] INFO  util.JmxRegister (JmxRegister.java:unregister(73)) - Successfully un-registered JMX Bean with object name Ratis:service=RaftServer,group=group-59CA74B7186E,id=98bb5522-a779-467f-a71e-3d66cbe7d5c3
2019-08-29 08:22:14,257 [EventQueue-StaleNodeForStaleNodeHandler] INFO  pipeline.SCMPipelineManager (SCMPipelineManager.java:finalizeAndDestroyPipeline(309)) - destroying pipeline:Pipeline[ Id: 9e93bfe6-bbbf-4ee0-bd70-c7cea64f060f, Nodes: 7fd4362d-ab2c-4d65-9042-74517d5987d2{ip: 192.168.5.176, host: pr-hdds-1909-44d2n-1519487446, networkLocation: /default-rack, certSerialId: null}4e7efcb5-917e-488d-886e-16c99a39ab6f{ip: 192.168.5.176, host: pr-hdds-1909-44d2n-1519487446, networkLocation: /default-rack, certSerialId: null}67c35969-00c1-40e5-9eeb-9a2f6a2b337c{ip: 192.168.5.176, host: pr-hdds-1909-44d2n-1519487446, networkLocation: /default-rack, certSerialId: null}, Type:RATIS, Factor:THREE, State:CLOSED]
2019-08-29 08:22:14,257 [main] INFO  impl.RoleInfo (RoleInfo.java:shutdownFollowerState(121)) - 98bb5522-a779-467f-a71e-3d66cbe7d5c3: shutdown FollowerState
2019-08-29 08:22:14,257 [EventQueue-StaleNodeForStaleNodeHandler] INFO  pipeline.SCMPipelineManager (SCMPipelineManager.java:finalizeAndDestroyPipeline(309)) - destroying pipeline:Pipeline[ Id: 5b94ab9c-2416-47cb-a828-c7e9d55e67c1, Nodes: 67c35969-00c1-40e5-9eeb-9a2f6a2b337c{ip: 192.168.5.176, host: pr-hdds-1909-44d2n-1519487446, networkLocation: /default-rack, certSerialId: null}, Type:RATIS, Factor:ONE, State:OPEN]
2019-08-29 08:22:14,258 [Thread-369] INFO  impl.FollowerState (FollowerState.java:run(114)) - 98bb5522-a779-467f-a71e-3d66cbe7d5c3: FollowerState was interrupted: java.lang.InterruptedException: sleep interrupted
2019-08-29 08:22:14,258 [main] INFO  impl.StateMachineUpdater (StateMachineUpdater.java:stopAndJoin(115)) - StateMachineUpdater:98bb5522-a779-467f-a71e-3d66cbe7d5c3:group-59CA74B7186E: set stopIndex = 16
2019-08-29 08:22:14,260 [grpc-default-executor-1] WARN  server.GrpcLogAppender (GrpcLogAppender.java:onNextImpl(250)) - org.apache.ratis.grpc.server.GrpcLogAppender$AppendLogResponseHandler@232b77f6: Request not found, ignoring reply: 5b56fd10-665b-4a03-90fc-42cf6e7ef5f6<-98bb5522-a779-467f-a71e-3d66cbe7d5c3#21:OK,SUCCESS,nextIndex:18,term:2,followerCommit:16
2019-08-29 08:22:14,258 [StateMachineUpdater:98bb5522-a779-467f-a71e-3d66cbe7d5c3:group-59CA74B7186E] INFO  ratis.ContainerStateMachine (ContainerStateMachine.java:takeSnapshot(284)) - group-59CA74B7186E: Taking a snapshot at:(t:2, i:16) file /workdir/hadoop-ozone/integration-test/target/test-dir/MiniOzoneClusterImpl-ab0df1f0-a3d6-4d90-a98d-535794749ce9/datanode-3/data/ratis/e26ae616-4cf0-44c6-9636-59ca74b7186e/sm/snapshot.2_16
2019-08-29 08:22:14,258 [EventQueue-StaleNodeForStaleNodeHandler] INFO  pipeline.PipelineStateManager (PipelineStateManager.java:finalizePipeline(123)) - Pipeline Pipeline[ Id: 5b94ab9c-2416-47cb-a828-c7e9d55e67c1, Nodes: 67c35969-00c1-40e5-9eeb-9a2f6a2b337c{ip: 192.168.5.176, host: pr-hdds-1909-44d2n-1519487446, networkLocation: /default-rack, certSerialId: null}, Type:RATIS, Factor:ONE, State:CLOSED] moved to CLOSED state
2019-08-29 08:22:14,258 [grpc-default-executor-3] WARN  server.GrpcLogAppender (LogUtils.java:warn(134)) - 5b56fd10-665b-4a03-90fc-42cf6e7ef5f6->6932ec02-23cf-49d5-bf63-101b997409d4: Failed appendEntries: org.apache.ratis.thirdparty.io.grpc.StatusRuntimeException: UNAVAILABLE: io exception
2019-08-29 08:22:14,263 [grpc-default-executor-3] INFO  impl.FollowerInfo (FollowerInfo.java:lambda$new$0(50)) - 5b56fd10-665b-4a03-90fc-42cf6e7ef5f6->6932ec02-23cf-49d5-bf63-101b997409d4: nextIndex: updateUnconditionally 17 -> 16
2019-08-29 08:22:14,298 [StateMachineUpdater:98bb5522-a779-467f-a71e-3d66cbe7d5c3:group-59CA74B7186E] INFO  ratis.ContainerStateMachine (ContainerStateMachine.java:takeSnapshot(295)) - group-59CA74B7186E: Finished taking a snapshot at:(t:2, i:16) file:/workdir/hadoop-ozone/integration-test/target/test-dir/MiniOzoneClusterImpl-ab0df1f0-a3d6-4d90-a98d-535794749ce9/datanode-3/data/ratis/e26ae616-4cf0-44c6-9636-59ca74b7186e/sm/snapshot.2_16 time:40
2019-08-29 08:22:14,298 [StateMachineUpdater:67c35969-00c1-40e5-9eeb-9a2f6a2b337c:group-C7CEA64F060F] INFO  ratis.ContainerStateMachine (ContainerStateMachine.java:takeSnapshot(295)) - group-C7CEA64F060F: Finished taking a snapshot at:(t:3, i:3) file:/workdir/hadoop-ozone/integration-test/target/test-dir/MiniOzoneClusterImpl-ab0df1f0-a3d6-4d90-a98d-535794749ce9/datanode-2/data/ratis/9e93bfe6-bbbf-4ee0-bd70-c7cea64f060f/sm/snapshot.3_3 time:52
2019-08-29 08:22:14,298 [StateMachineUpdater:98bb5522-a779-467f-a71e-3d66cbe7d5c3:group-59CA74B7186E] INFO  impl.StateMachineUpdater (StateMachineUpdater.java:takeSnapshot(242)) - StateMachineUpdater:98bb5522-a779-467f-a71e-3d66cbe7d5c3:group-59CA74B7186E: Took a snapshot at index 16
2019-08-29 08:22:14,298 [StateMachineUpdater:67c35969-00c1-40e5-9eeb-9a2f6a2b337c:group-C7CEA64F060F] INFO  impl.StateMachineUpdater (StateMachineUpdater.java:takeSnapshot(242)) - StateMachineUpdater:67c35969-00c1-40e5-9eeb-9a2f6a2b337c:group-C7CEA64F060F: Took a snapshot at index 3
2019-08-29 08:22:14,298 [StateMachineUpdater:98bb5522-a779-467f-a71e-3d66cbe7d5c3:group-59CA74B7186E] INFO  impl.StateMachineUpdater (StateMachineUpdater.java:lambda$new$0(80)) - StateMachineUpdater:98bb5522-a779-467f-a71e-3d66cbe7d5c3:group-59CA74B7186E: snapshotIndex: updateIncreasingly -1 -> 16
2019-08-29 08:22:14,298 [StateMachineUpdater:67c35969-00c1-40e5-9eeb-9a2f6a2b337c:group-C7CEA64F060F] INFO  impl.StateMachineUpdater (StateMachineUpdater.java:lambda$new$0(80)) - StateMachineUpdater:67c35969-00c1-40e5-9eeb-9a2f6a2b337c:group-C7CEA64F060F: snapshotIndex: updateIncreasingly -1 -> 3
2019-08-29 08:22:14,299 [main] INFO  impl.RaftServerImpl (ServerState.java:close(394)) - 98bb5522-a779-467f-a71e-3d66cbe7d5c3:group-59CA74B7186E closes. The last applied log index is 16
2019-08-29 08:22:14,299 [ForkJoinPool.commonPool-worker-1] INFO  impl.RaftServerImpl (ServerState.java:close(394)) - 67c35969-00c1-40e5-9eeb-9a2f6a2b337c:group-C7CEA64F060F closes. The last applied log index is 4
2019-08-29 08:22:14,299 [98bb5522-a779-467f-a71e-3d66cbe7d5c3-SegmentedRaftLogWorker:Storage Directory /workdir/hadoop-ozone/integration-test/target/test-dir/MiniOzoneClusterImpl-ab0df1f0-a3d6-4d90-a98d-535794749ce9/datanode-3/data/ratis/e26ae616-4cf0-44c6-9636-59ca74b7186e] INFO  segmented.SegmentedRaftLogWorker (SegmentedRaftLogWorker.java:run(313)) - 98bb5522-a779-467f-a71e-3d66cbe7d5c3-SegmentedRaftLogWorker:Storage Directory /workdir/hadoop-ozone/integration-test/target/test-dir/MiniOzoneClusterImpl-ab0df1f0-a3d6-4d90-a98d-535794749ce9/datanode-3/data/ratis/e26ae616-4cf0-44c6-9636-59ca74b7186e was interrupted, exiting. There are 0 tasks remaining in the queue.
2019-08-29 08:22:14,300 [67c35969-00c1-40e5-9eeb-9a2f6a2b337c-SegmentedRaftLogWorker:Storage Directory /workdir/hadoop-ozone/integration-test/target/test-dir/MiniOzoneClusterImpl-ab0df1f0-a3d6-4d90-a98d-535794749ce9/datanode-2/data/ratis/9e93bfe6-bbbf-4ee0-bd70-c7cea64f060f] INFO  segmented.SegmentedRaftLogWorker (SegmentedRaftLogWorker.java:run(313)) - 67c35969-00c1-40e5-9eeb-9a2f6a2b337c-SegmentedRaftLogWorker:Storage Directory /workdir/hadoop-ozone/integration-test/target/test-dir/MiniOzoneClusterImpl-ab0df1f0-a3d6-4d90-a98d-535794749ce9/datanode-2/data/ratis/9e93bfe6-bbbf-4ee0-bd70-c7cea64f060f was interrupted, exiting. There are 0 tasks remaining in the queue.
2019-08-29 08:22:14,304 [main] INFO  segmented.SegmentedRaftLogWorker (SegmentedRaftLogWorker.java:close(228)) - 98bb5522-a779-467f-a71e-3d66cbe7d5c3-SegmentedRaftLogWorker:Storage Directory /workdir/hadoop-ozone/integration-test/target/test-dir/MiniOzoneClusterImpl-ab0df1f0-a3d6-4d90-a98d-535794749ce9/datanode-3/data/ratis/e26ae616-4cf0-44c6-9636-59ca74b7186e close()
2019-08-29 08:22:14,304 [ForkJoinPool.commonPool-worker-1] INFO  segmented.SegmentedRaftLogWorker (SegmentedRaftLogWorker.java:close(228)) - 67c35969-00c1-40e5-9eeb-9a2f6a2b337c-SegmentedRaftLogWorker:Storage Directory /workdir/hadoop-ozone/integration-test/target/test-dir/MiniOzoneClusterImpl-ab0df1f0-a3d6-4d90-a98d-535794749ce9/datanode-2/data/ratis/9e93bfe6-bbbf-4ee0-bd70-c7cea64f060f close()
2019-08-29 08:22:14,307 [main] INFO  server.GrpcService (GrpcService.java:closeImpl(155)) - 98bb5522-a779-467f-a71e-3d66cbe7d5c3: shutdown server with port 36329 now
2019-08-29 08:22:14,309 [ForkJoinPool.commonPool-worker-1] INFO  impl.RaftServerImpl (RaftServerImpl.java:lambda$shutdown$3(245)) - 67c35969-00c1-40e5-9eeb-9a2f6a2b337c: shutdown group-C7E9D55E67C1
2019-08-29 08:22:14,320 [ForkJoinPool.commonPool-worker-1] INFO  util.JmxRegister (JmxRegister.java:unregister(73)) - Successfully un-registered JMX Bean with object name Ratis:service=RaftServer,group=group-C7E9D55E67C1,id=67c35969-00c1-40e5-9eeb-9a2f6a2b337c
2019-08-29 08:22:14,320 [ForkJoinPool.commonPool-worker-1] INFO  impl.RoleInfo (RoleInfo.java:shutdownLeaderState(104)) - 67c35969-00c1-40e5-9eeb-9a2f6a2b337c: shutdown LeaderState
2019-08-29 08:22:14,321 [main] INFO  server.GrpcService (GrpcService.java:closeImpl(163)) - 98bb5522-a779-467f-a71e-3d66cbe7d5c3: shutdown server with port 36329 successfully
2019-08-29 08:22:14,320 [grpc-default-executor-3] WARN  server.GrpcServerProtocolService (LogUtils.java:warn(134)) - 98bb5522-a779-467f-a71e-3d66cbe7d5c3: appendEntries onError: org.apache.ratis.thirdparty.io.grpc.StatusRuntimeException: CANCELLED: cancelled before receiving half close
2019-08-29 08:22:14,321 [ForkJoinPool.commonPool-worker-1] INFO  impl.PendingRequests (PendingRequests.java:sendNotLeaderResponses(202)) - 67c35969-00c1-40e5-9eeb-9a2f6a2b337c-PendingRequests: sendNotLeaderResponses
2019-08-29 08:22:14,321 [grpc-default-executor-4] WARN  server.GrpcLogAppender (LogUtils.java:warn(134)) - 5b56fd10-665b-4a03-90fc-42cf6e7ef5f6->98bb5522-a779-467f-a71e-3d66cbe7d5c3: Failed appendEntries: org.apache.ratis.thirdparty.io.grpc.StatusRuntimeException: CANCELLED: HTTP/2 error code: CANCEL
Received Rst Stream
2019-08-29 08:22:14,322 [ForkJoinPool.commonPool-worker-1] INFO  impl.StateMachineUpdater (StateMachineUpdater.java:stopAndJoin(115)) - StateMachineUpdater:67c35969-00c1-40e5-9eeb-9a2f6a2b337c:group-C7E9D55E67C1: set stopIndex = 0
2019-08-29 08:22:14,322 [grpc-default-executor-4] INFO  impl.FollowerInfo (FollowerInfo.java:lambda$new$0(50)) - 5b56fd10-665b-4a03-90fc-42cf6e7ef5f6->98bb5522-a779-467f-a71e-3d66cbe7d5c3: nextIndex: updateUnconditionally 18 -> 17
2019-08-29 08:22:14,322 [ForkJoinPool.commonPool-worker-1] INFO  impl.RaftServerImpl (ServerState.java:close(394)) - 67c35969-00c1-40e5-9eeb-9a2f6a2b337c:group-C7E9D55E67C1 closes. The last applied log index is 0
2019-08-29 08:22:14,323 [67c35969-00c1-40e5-9eeb-9a2f6a2b337c-SegmentedRaftLogWorker:Storage Directory /workdir/hadoop-ozone/integration-test/target/test-dir/MiniOzoneClusterImpl-ab0df1f0-a3d6-4d90-a98d-535794749ce9/datanode-2/data/ratis/5b94ab9c-2416-47cb-a828-c7e9d55e67c1] INFO  segmented.SegmentedRaftLogWorker (SegmentedRaftLogWorker.java:run(313)) - 67c35969-00c1-40e5-9eeb-9a2f6a2b337c-SegmentedRaftLogWorker:Storage Directory /workdir/hadoop-ozone/integration-test/target/test-dir/MiniOzoneClusterImpl-ab0df1f0-a3d6-4d90-a98d-535794749ce9/datanode-2/data/ratis/5b94ab9c-2416-47cb-a828-c7e9d55e67c1 was interrupted, exiting. There are 0 tasks remaining in the queue.
2019-08-29 08:22:14,325 [ForkJoinPool.commonPool-worker-1] INFO  segmented.SegmentedRaftLogWorker (SegmentedRaftLogWorker.java:close(228)) - 67c35969-00c1-40e5-9eeb-9a2f6a2b337c-SegmentedRaftLogWorker:Storage Directory /workdir/hadoop-ozone/integration-test/target/test-dir/MiniOzoneClusterImpl-ab0df1f0-a3d6-4d90-a98d-535794749ce9/datanode-2/data/ratis/5b94ab9c-2416-47cb-a828-c7e9d55e67c1 close()
2019-08-29 08:22:14,328 [ForkJoinPool.commonPool-worker-1] INFO  server.GrpcService (GrpcService.java:closeImpl(155)) - 67c35969-00c1-40e5-9eeb-9a2f6a2b337c: shutdown server with port 43496 now
2019-08-29 08:22:14,329 [grpc-default-executor-1] WARN  server.GrpcServerProtocolService (LogUtils.java:warn(134)) - 67c35969-00c1-40e5-9eeb-9a2f6a2b337c: appendEntries onError: org.apache.ratis.thirdparty.io.grpc.StatusRuntimeException: CANCELLED: cancelled before receiving half close
2019-08-29 08:22:14,329 [ForkJoinPool.commonPool-worker-1] INFO  server.GrpcService (GrpcService.java:closeImpl(163)) - 67c35969-00c1-40e5-9eeb-9a2f6a2b337c: shutdown server with port 43496 successfully
2019-08-29 08:22:14,330 [grpc-default-executor-4] WARN  server.GrpcLogAppender (LogUtils.java:warn(134)) - 4e7efcb5-917e-488d-886e-16c99a39ab6f->67c35969-00c1-40e5-9eeb-9a2f6a2b337c: Failed appendEntries: org.apache.ratis.thirdparty.io.grpc.StatusRuntimeException: CANCELLED: HTTP/2 error code: CANCEL
Received Rst Stream
2019-08-29 08:22:14,330 [grpc-default-executor-4] INFO  impl.FollowerInfo (FollowerInfo.java:lambda$new$0(50)) - 4e7efcb5-917e-488d-886e-16c99a39ab6f->67c35969-00c1-40e5-9eeb-9a2f6a2b337c: nextIndex: updateUnconditionally 5 -> 4
2019-08-29 08:22:14,331 [refreshUsed-/workdir/hadoop-ozone/integration-test/target/test-dir/MiniOzoneClusterImpl-ab0df1f0-a3d6-4d90-a98d-535794749ce9/datanode-2/data/containers] WARN  fs.CachingGetSpaceUsed (CachingGetSpaceUsed.java:run(183)) - Thread Interrupted waiting to refresh disk information: sleep interrupted
2019-08-29 08:22:14,340 [refreshUsed-/workdir/hadoop-ozone/integration-test/target/test-dir/MiniOzoneClusterImpl-ab0df1f0-a3d6-4d90-a98d-535794749ce9/datanode-3/data/containers] WARN  fs.CachingGetSpaceUsed (CachingGetSpaceUsed.java:run(183)) - Thread Interrupted waiting to refresh disk information: sleep interrupted
2019-08-29 08:22:14,349 [grpc-default-executor-4] INFO  impl.RaftServerProxy (RaftServerProxy.java:addNew(89)) - 7fd4362d-ab2c-4d65-9042-74517d5987d2: addNew group-172F803201ED:[7fd4362d-ab2c-4d65-9042-74517d5987d2:192.168.5.176:33357] returns group-172F803201ED:java.util.concurrent.CompletableFuture@3cd97cc1[Not completed]
2019-08-29 08:22:14,349 [ForkJoinPool.commonPool-worker-1] INFO  utils.BackgroundService (BackgroundService.java:shutdown(148)) - Shutting down service BlockDeletingService
2019-08-29 08:22:14,353 [ForkJoinPool.commonPool-worker-1] INFO  statemachine.DatanodeStateMachine (DatanodeStateMachine.java:stopDaemon(395)) - Ozone container server stopped.
2019-08-29 08:22:14,358 [ForkJoinPool.commonPool-worker-1] INFO  handler.ContextHandler (ContextHandler.java:doStop(910)) - Stopped o.e.j.w.WebAppContext@57272109{/,null,UNAVAILABLE}{/hddsDatanode}
2019-08-29 08:22:14,358 [pool-77-thread-1] INFO  impl.RaftServerImpl (RaftServerImpl.java:<init>(93)) - 7fd4362d-ab2c-4d65-9042-74517d5987d2: new RaftServerImpl for group-172F803201ED:[7fd4362d-ab2c-4d65-9042-74517d5987d2:192.168.5.176:33357] with ContainerStateMachine:uninitialized
2019-08-29 08:22:14,358 [pool-77-thread-1] INFO  server.RaftServerConfigKeys (ConfUtils.java:logGet(43)) - raft.server.rpc.timeout.min = 5s (custom)
2019-08-29 08:22:14,358 [main] INFO  utils.BackgroundService (BackgroundService.java:shutdown(148)) - Shutting down service BlockDeletingService
2019-08-29 08:22:14,359 [ForkJoinPool.commonPool-worker-1] INFO  server.AbstractConnector (AbstractConnector.java:doStop(318)) - Stopped ServerConnector@59696551{HTTP/1.1,[http/1.1]}{0.0.0.0:0}
2019-08-29 08:22:14,358 [pool-77-thread-1] INFO  server.RaftServerConfigKeys (ConfUtils.java:logGet(43)) - raft.server.rpc.timeout.max = 5200ms (custom)
2019-08-29 08:22:14,361 [pool-77-thread-1] INFO  server.RaftServerConfigKeys (ConfUtils.java:logGet(43)) - raft.server.rpcslowness.timeout = 120s (custom)
2019-08-29 08:22:14,361 [ForkJoinPool.commonPool-worker-1] INFO  handler.ContextHandler (ContextHandler.java:doStop(910)) - Stopped o.e.j.s.ServletContextHandler@4437ac07{/static,jar:file:/home/user/.m2/repository/org/apache/hadoop/hadoop-hdds-container-service/0.5.0-SNAPSHOT/hadoop-hdds-container-service-0.5.0-SNAPSHOT.jar!/webapps/static,UNAVAILABLE}
2019-08-29 08:22:14,362 [main] INFO  statemachine.DatanodeStateMachine (DatanodeStateMachine.java:stopDaemon(395)) - Ozone container server stopped.
2019-08-29 08:22:14,361 [pool-77-thread-1] INFO  server.RaftServerConfigKeys (ConfUtils.java:logGet(43)) - raft.server.sleep.deviation.threshold = 300 (default)
2019-08-29 08:22:14,363 [ForkJoinPool.commonPool-worker-1] INFO  handler.ContextHandler (ContextHandler.java:doStop(910)) - Stopped o.e.j.s.ServletContextHandler@66b59b7d{/logs,file:///workdir/hadoop-ozone/integration-test/target/log,UNAVAILABLE}
2019-08-29 08:22:14,363 [pool-77-thread-1] INFO  server.RaftServerConfigKeys (ConfUtils.java:logGet(43)) - raft.server.log.appender.install.snapshot.enabled = false (custom)
2019-08-29 08:22:14,364 [pool-77-thread-1] INFO  impl.RaftServerImpl (ServerState.java:<init>(105)) - 7fd4362d-ab2c-4d65-9042-74517d5987d2:group-172F803201ED ConfigurationManager, init=-1: [7fd4362d-ab2c-4d65-9042-74517d5987d2:192.168.5.176:33357], old=null, confs=<EMPTY_MAP>
2019-08-29 08:22:14,364 [main] INFO  handler.ContextHandler (ContextHandler.java:doStop(910)) - Stopped o.e.j.w.WebAppContext@340a8894{/,null,UNAVAILABLE}{/hddsDatanode}
2019-08-29 08:22:14,364 [pool-77-thread-1] INFO  server.RaftServerConfigKeys (ConfUtils.java:logGet(43)) - raft.server.storage.dir = [/workdir/hadoop-ozone/integration-test/target/test-dir/MiniOzoneClusterImpl-ab0df1f0-a3d6-4d90-a98d-535794749ce9/datanode-5/data/ratis] (custom)
2019-08-29 08:22:14,365 [pool-77-thread-1] INFO  storage.RaftStorageDirectory (RaftStorageDirectory.java:analyzeStorage(246)) - The storage directory /workdir/hadoop-ozone/integration-test/target/test-dir/MiniOzoneClusterImpl-ab0df1f0-a3d6-4d90-a98d-535794749ce9/datanode-5/data/ratis/c799a909-8a2a-4073-9bc0-172f803201ed does not exist. Creating ...
2019-08-29 08:22:14,365 [main] INFO  server.AbstractConnector (AbstractConnector.java:doStop(318)) - Stopped ServerConnector@7a8b9166{HTTP/1.1,[http/1.1]}{0.0.0.0:0}
2019-08-29 08:22:14,365 [main] INFO  handler.ContextHandler (ContextHandler.java:doStop(910)) - Stopped o.e.j.s.ServletContextHandler@55d58825{/static,jar:file:/home/user/.m2/repository/org/apache/hadoop/hadoop-hdds-container-service/0.5.0-SNAPSHOT/hadoop-hdds-container-service-0.5.0-SNAPSHOT.jar!/webapps/static,UNAVAILABLE}
2019-08-29 08:22:14,366 [main] INFO  handler.ContextHandler (ContextHandler.java:doStop(910)) - Stopped o.e.j.s.ServletContextHandler@15c4af7a{/logs,file:///workdir/hadoop-ozone/integration-test/target/log,UNAVAILABLE}
2019-08-29 08:22:14,407 [pool-77-thread-1] INFO  storage.RaftStorageDirectory (RaftStorageDirectory.java:tryLock(328)) - Lock on /workdir/hadoop-ozone/integration-test/target/test-dir/MiniOzoneClusterImpl-ab0df1f0-a3d6-4d90-a98d-535794749ce9/datanode-5/data/ratis/c799a909-8a2a-4073-9bc0-172f803201ed/in_use.lock acquired by nodename 29661@pr-hdds-1909-44d2n-1519487446
2019-08-29 08:22:14,434 [pool-77-thread-1] INFO  storage.RaftStorage (RaftStorage.java:format(72)) - Storage directory /workdir/hadoop-ozone/integration-test/target/test-dir/MiniOzoneClusterImpl-ab0df1f0-a3d6-4d90-a98d-535794749ce9/datanode-5/data/ratis/c799a909-8a2a-4073-9bc0-172f803201ed has been successfully formatted.
2019-08-29 08:22:14,435 [pool-77-thread-1] INFO  ratis.ContainerStateMachine (ContainerStateMachine.java:loadSnapshot(227)) - group-172F803201ED: The snapshot info is null. Setting the last applied indexto:(t:0, i:~)
2019-08-29 08:22:14,435 [pool-77-thread-1] INFO  server.RaftServerConfigKeys (ConfUtils.java:logGet(43)) - raft.server.leader.election.timeout = 120s (custom)
2019-08-29 08:22:14,435 [pool-77-thread-1] INFO  server.RaftServerConfigKeys (ConfUtils.java:logGet(43)) - raft.server.log.use.memory = false (default)
2019-08-29 08:22:14,435 [pool-77-thread-1] INFO  server.RaftServerConfigKeys (ConfUtils.java:logGet(43)) - raft.server.log.purge.gap = 1000000 (custom)
2019-08-29 08:22:14,436 [pool-77-thread-1] INFO  server.RaftServerConfigKeys (ConfUtils.java:logGet(43)) - raft.server.log.appender.buffer.byte-limit = 33554432 (custom)
2019-08-29 08:22:14,436 [pool-77-thread-1] INFO  server.RaftServerConfigKeys (ConfUtils.java:logGet(43)) - raft.server.log.segment.size.max = 1048576 (custom)
2019-08-29 08:22:14,436 [pool-77-thread-1] INFO  server.RaftServerConfigKeys (ConfUtils.java:logGet(43)) - raft.server.log.segment.cache.num.max = 2 (custom)
2019-08-29 08:22:14,436 [pool-77-thread-1] INFO  segmented.SegmentedRaftLogWorker (SegmentedRaftLogWorker.java:<init>(172)) - new 7fd4362d-ab2c-4d65-9042-74517d5987d2-SegmentedRaftLogWorker:Storage Directory /workdir/hadoop-ozone/integration-test/target/test-dir/MiniOzoneClusterImpl-ab0df1f0-a3d6-4d90-a98d-535794749ce9/datanode-5/data/ratis/c799a909-8a2a-4073-9bc0-172f803201ed for RaftStorage:Storage Directory /workdir/hadoop-ozone/integration-test/target/test-dir/MiniOzoneClusterImpl-ab0df1f0-a3d6-4d90-a98d-535794749ce9/datanode-5/data/ratis/c799a909-8a2a-4073-9bc0-172f803201ed
2019-08-29 08:22:14,436 [pool-77-thread-1] INFO  server.RaftServerConfigKeys (ConfUtils.java:logGet(43)) - raft.server.log.queue.byte-limit = 2147483647 (custom)
2019-08-29 08:22:14,437 [pool-77-thread-1] INFO  server.RaftServerConfigKeys (ConfUtils.java:logGet(43)) - raft.server.log.queue.element-limit = 1024 (custom)
2019-08-29 08:22:14,437 [pool-77-thread-1] INFO  server.RaftServerConfigKeys (ConfUtils.java:logGet(43)) - raft.server.log.segment.size.max = 1048576 (custom)
2019-08-29 08:22:14,437 [pool-77-thread-1] INFO  server.RaftServerConfigKeys (ConfUtils.java:logGet(43)) - raft.server.log.preallocated.size = 16384 (custom)
2019-08-29 08:22:14,437 [pool-77-thread-1] INFO  server.RaftServerConfigKeys (ConfUtils.java:logGet(43)) - raft.server.log.write.buffer.size = 33554432 (custom)
2019-08-29 08:22:14,437 [pool-77-thread-1] INFO  server.RaftServerConfigKeys (ConfUtils.java:logGet(43)) - raft.server.log.force.sync.num = 128 (default)
2019-08-29 08:22:14,437 [pool-77-thread-1] INFO  server.RaftServerConfigKeys (ConfUtils.java:logGet(43)) - raft.server.log.statemachine.data.sync = true (default)
2019-08-29 08:22:14,437 [pool-77-thread-1] INFO  server.RaftServerConfigKeys (ConfUtils.java:logGet(43)) - raft.server.log.statemachine.data.sync.timeout = 10s (default)
2019-08-29 08:22:14,438 [pool-77-thread-1] INFO  server.RaftServerConfigKeys (ConfUtils.java:logGet(43)) - raft.server.log.statemachine.data.sync.timeout.retry = -1 (default)
2019-08-29 08:22:14,438 [pool-77-thread-1] INFO  server.RaftServerConfigKeys (ConfUtils.java:logGet(43)) - raft.server.log.statemachine.data.caching.enabled = true (custom)
2019-08-29 08:22:14,438 [pool-77-thread-1] INFO  segmented.SegmentedRaftLogWorker (SegmentedRaftLogWorker.java:lambda$new$0(132)) - 7fd4362d-ab2c-4d65-9042-74517d5987d2-SegmentedRaftLogWorker:Storage Directory /workdir/hadoop-ozone/integration-test/target/test-dir/MiniOzoneClusterImpl-ab0df1f0-a3d6-4d90-a98d-535794749ce9/datanode-5/data/ratis/c799a909-8a2a-4073-9bc0-172f803201ed: flushIndex: setUnconditionally 0 -> -1
2019-08-29 08:22:14,439 [pool-77-thread-1] INFO  server.RaftServerConfigKeys (ConfUtils.java:logGet(43)) - raft.server.snapshot.auto.trigger.enabled = true (custom)
2019-08-29 08:22:14,439 [pool-77-thread-1] INFO  server.RaftServerConfigKeys (ConfUtils.java:logGet(43)) - raft.server.snapshot.auto.trigger.threshold = 10000 (custom)
2019-08-29 08:22:14,439 [pool-77-thread-1] INFO  server.RaftServerConfigKeys (ConfUtils.java:logGet(43)) - raft.server.retrycache.expirytime = 600000ms (custom)
2019-08-29 08:22:14,439 [pool-77-thread-1] INFO  impl.RaftServerImpl (RaftServerImpl.java:start(180)) - 7fd4362d-ab2c-4d65-9042-74517d5987d2: start group-172F803201ED
2019-08-29 08:22:14,439 [pool-77-thread-1] INFO  impl.RaftServerImpl (RaftServerImpl.java:setRole(171)) - 7fd4362d-ab2c-4d65-9042-74517d5987d2:group-172F803201ED changes role from null to FOLLOWER at term 0 for startAsFollower
2019-08-29 08:22:14,440 [pool-77-thread-1] INFO  impl.RoleInfo (RoleInfo.java:updateAndGet(143)) - 7fd4362d-ab2c-4d65-9042-74517d5987d2: start FollowerState
2019-08-29 08:22:14,440 [pool-77-thread-1] INFO  util.JmxRegister (JmxRegister.java:tryRegister(44)) - Successfully registered JMX Bean with object name Ratis:service=RaftServer,group=group-172F803201ED,id=7fd4362d-ab2c-4d65-9042-74517d5987d2
2019-08-29 08:22:14,445 [RatisPipelineUtilsThread] INFO  pipeline.PipelineStateManager (PipelineStateManager.java:addPipeline(56)) - Created pipeline Pipeline[ Id: c799a909-8a2a-4073-9bc0-172f803201ed, Nodes: 7fd4362d-ab2c-4d65-9042-74517d5987d2{ip: 192.168.5.176, host: pr-hdds-1909-44d2n-1519487446, networkLocation: /default-rack, certSerialId: null}, Type:RATIS, Factor:ONE, State:OPEN]
2019-08-29 08:22:14,451 [grpc-default-executor-4] INFO  impl.RaftServerProxy (RaftServerProxy.java:addNew(89)) - 4e7efcb5-917e-488d-886e-16c99a39ab6f: addNew group-D9FA3F372919:[4e7efcb5-917e-488d-886e-16c99a39ab6f:192.168.5.176:46276] returns group-D9FA3F372919:java.util.concurrent.CompletableFuture@4b57726[Not completed]
2019-08-29 08:22:14,453 [pool-27-thread-1] INFO  impl.RaftServerImpl (RaftServerImpl.java:<init>(93)) - 4e7efcb5-917e-488d-886e-16c99a39ab6f: new RaftServerImpl for group-D9FA3F372919:[4e7efcb5-917e-488d-886e-16c99a39ab6f:192.168.5.176:46276] with ContainerStateMachine:uninitialized
2019-08-29 08:22:14,454 [pool-27-thread-1] INFO  server.RaftServerConfigKeys (ConfUtils.java:logGet(43)) - raft.server.rpc.timeout.min = 5s (custom)
2019-08-29 08:22:14,454 [pool-27-thread-1] INFO  server.RaftServerConfigKeys (ConfUtils.java:logGet(43)) - raft.server.rpc.timeout.max = 5200ms (custom)
2019-08-29 08:22:14,454 [pool-27-thread-1] INFO  server.RaftServerConfigKeys (ConfUtils.java:logGet(43)) - raft.server.rpcslowness.timeout = 120s (custom)
2019-08-29 08:22:14,454 [pool-27-thread-1] INFO  server.RaftServerConfigKeys (ConfUtils.java:logGet(43)) - raft.server.sleep.deviation.threshold = 300 (default)
2019-08-29 08:22:14,454 [pool-27-thread-1] INFO  server.RaftServerConfigKeys (ConfUtils.java:logGet(43)) - raft.server.log.appender.install.snapshot.enabled = false (custom)
2019-08-29 08:22:14,455 [pool-27-thread-1] INFO  impl.RaftServerImpl (ServerState.java:<init>(105)) - 4e7efcb5-917e-488d-886e-16c99a39ab6f:group-D9FA3F372919 ConfigurationManager, init=-1: [4e7efcb5-917e-488d-886e-16c99a39ab6f:192.168.5.176:46276], old=null, confs=<EMPTY_MAP>
2019-08-29 08:22:14,455 [pool-27-thread-1] INFO  server.RaftServerConfigKeys (ConfUtils.java:logGet(43)) - raft.server.storage.dir = [/workdir/hadoop-ozone/integration-test/target/test-dir/MiniOzoneClusterImpl-ab0df1f0-a3d6-4d90-a98d-535794749ce9/datanode-0/data/ratis] (custom)
2019-08-29 08:22:14,455 [pool-27-thread-1] INFO  storage.RaftStorageDirectory (RaftStorageDirectory.java:analyzeStorage(246)) - The storage directory /workdir/hadoop-ozone/integration-test/target/test-dir/MiniOzoneClusterImpl-ab0df1f0-a3d6-4d90-a98d-535794749ce9/datanode-0/data/ratis/0e2607cc-987c-4ab0-8c0d-d9fa3f372919 does not exist. Creating ...
2019-08-29 08:22:14,468 [pool-27-thread-1] INFO  storage.RaftStorageDirectory (RaftStorageDirectory.java:tryLock(328)) - Lock on /workdir/hadoop-ozone/integration-test/target/test-dir/MiniOzoneClusterImpl-ab0df1f0-a3d6-4d90-a98d-535794749ce9/datanode-0/data/ratis/0e2607cc-987c-4ab0-8c0d-d9fa3f372919/in_use.lock acquired by nodename 29661@pr-hdds-1909-44d2n-1519487446
2019-08-29 08:22:14,472 [pool-27-thread-1] INFO  storage.RaftStorage (RaftStorage.java:format(72)) - Storage directory /workdir/hadoop-ozone/integration-test/target/test-dir/MiniOzoneClusterImpl-ab0df1f0-a3d6-4d90-a98d-535794749ce9/datanode-0/data/ratis/0e2607cc-987c-4ab0-8c0d-d9fa3f372919 has been successfully formatted.
2019-08-29 08:22:14,472 [pool-27-thread-1] INFO  ratis.ContainerStateMachine (ContainerStateMachine.java:loadSnapshot(227)) - group-D9FA3F372919: The snapshot info is null. Setting the last applied indexto:(t:0, i:~)
2019-08-29 08:22:14,472 [pool-27-thread-1] INFO  server.RaftServerConfigKeys (ConfUtils.java:logGet(43)) - raft.server.leader.election.timeout = 120s (custom)
2019-08-29 08:22:14,473 [pool-27-thread-1] INFO  server.RaftServerConfigKeys (ConfUtils.java:logGet(43)) - raft.server.log.use.memory = false (default)
2019-08-29 08:22:14,473 [pool-27-thread-1] INFO  server.RaftServerConfigKeys (ConfUtils.java:logGet(43)) - raft.server.log.purge.gap = 1000000 (custom)
2019-08-29 08:22:14,473 [pool-27-thread-1] INFO  server.RaftServerConfigKeys (ConfUtils.java:logGet(43)) - raft.server.log.appender.buffer.byte-limit = 33554432 (custom)
2019-08-29 08:22:14,473 [pool-27-thread-1] INFO  server.RaftServerConfigKeys (ConfUtils.java:logGet(43)) - raft.server.log.segment.size.max = 1048576 (custom)
2019-08-29 08:22:14,473 [pool-27-thread-1] INFO  server.RaftServerConfigKeys (ConfUtils.java:logGet(43)) - raft.server.log.segment.cache.num.max = 2 (custom)
2019-08-29 08:22:14,473 [pool-27-thread-1] INFO  segmented.SegmentedRaftLogWorker (SegmentedRaftLogWorker.java:<init>(172)) - new 4e7efcb5-917e-488d-886e-16c99a39ab6f-SegmentedRaftLogWorker:Storage Directory /workdir/hadoop-ozone/integration-test/target/test-dir/MiniOzoneClusterImpl-ab0df1f0-a3d6-4d90-a98d-535794749ce9/datanode-0/data/ratis/0e2607cc-987c-4ab0-8c0d-d9fa3f372919 for RaftStorage:Storage Directory /workdir/hadoop-ozone/integration-test/target/test-dir/MiniOzoneClusterImpl-ab0df1f0-a3d6-4d90-a98d-535794749ce9/datanode-0/data/ratis/0e2607cc-987c-4ab0-8c0d-d9fa3f372919
2019-08-29 08:22:14,473 [pool-27-thread-1] INFO  server.RaftServerConfigKeys (ConfUtils.java:logGet(43)) - raft.server.log.queue.byte-limit = 2147483647 (custom)
2019-08-29 08:22:14,473 [pool-27-thread-1] INFO  server.RaftServerConfigKeys (ConfUtils.java:logGet(43)) - raft.server.log.queue.element-limit = 1024 (custom)
2019-08-29 08:22:14,474 [pool-27-thread-1] INFO  server.RaftServerConfigKeys (ConfUtils.java:logGet(43)) - raft.server.log.segment.size.max = 1048576 (custom)
2019-08-29 08:22:14,474 [pool-27-thread-1] INFO  server.RaftServerConfigKeys (ConfUtils.java:logGet(43)) - raft.server.log.preallocated.size = 16384 (custom)
2019-08-29 08:22:14,474 [pool-27-thread-1] INFO  server.RaftServerConfigKeys (ConfUtils.java:logGet(43)) - raft.server.log.write.buffer.size = 33554432 (custom)
2019-08-29 08:22:14,474 [pool-27-thread-1] INFO  server.RaftServerConfigKeys (ConfUtils.java:logGet(43)) - raft.server.log.force.sync.num = 128 (default)
2019-08-29 08:22:14,474 [pool-27-thread-1] INFO  server.RaftServerConfigKeys (ConfUtils.java:logGet(43)) - raft.server.log.statemachine.data.sync = true (default)
2019-08-29 08:22:14,474 [pool-27-thread-1] INFO  server.RaftServerConfigKeys (ConfUtils.java:logGet(43)) - raft.server.log.statemachine.data.sync.timeout = 10s (default)
2019-08-29 08:22:14,474 [pool-27-thread-1] INFO  server.RaftServerConfigKeys (ConfUtils.java:logGet(43)) - raft.server.log.statemachine.data.sync.timeout.retry = -1 (default)
2019-08-29 08:22:14,474 [pool-27-thread-1] INFO  server.RaftServerConfigKeys (ConfUtils.java:logGet(43)) - raft.server.log.statemachine.data.caching.enabled = true (custom)
2019-08-29 08:22:14,475 [pool-27-thread-1] INFO  segmented.SegmentedRaftLogWorker (SegmentedRaftLogWorker.java:lambda$new$0(132)) - 4e7efcb5-917e-488d-886e-16c99a39ab6f-SegmentedRaftLogWorker:Storage Directory /workdir/hadoop-ozone/integration-test/target/test-dir/MiniOzoneClusterImpl-ab0df1f0-a3d6-4d90-a98d-535794749ce9/datanode-0/data/ratis/0e2607cc-987c-4ab0-8c0d-d9fa3f372919: flushIndex: setUnconditionally 0 -> -1
2019-08-29 08:22:14,475 [pool-27-thread-1] INFO  server.RaftServerConfigKeys (ConfUtils.java:logGet(43)) - raft.server.snapshot.auto.trigger.enabled = true (custom)
2019-08-29 08:22:14,475 [pool-27-thread-1] INFO  server.RaftServerConfigKeys (ConfUtils.java:logGet(43)) - raft.server.snapshot.auto.trigger.threshold = 10000 (custom)
2019-08-29 08:22:14,475 [pool-27-thread-1] INFO  server.RaftServerConfigKeys (ConfUtils.java:logGet(43)) - raft.server.retrycache.expirytime = 600000ms (custom)
2019-08-29 08:22:14,476 [pool-27-thread-1] INFO  impl.RaftServerImpl (RaftServerImpl.java:start(180)) - 4e7efcb5-917e-488d-886e-16c99a39ab6f: start group-D9FA3F372919
2019-08-29 08:22:14,476 [pool-27-thread-1] INFO  impl.RaftServerImpl (RaftServerImpl.java:setRole(171)) - 4e7efcb5-917e-488d-886e-16c99a39ab6f:group-D9FA3F372919 changes role from null to FOLLOWER at term 0 for startAsFollower
2019-08-29 08:22:14,476 [pool-27-thread-1] INFO  impl.RoleInfo (RoleInfo.java:updateAndGet(143)) - 4e7efcb5-917e-488d-886e-16c99a39ab6f: start FollowerState
2019-08-29 08:22:14,476 [pool-27-thread-1] INFO  util.JmxRegister (JmxRegister.java:tryRegister(44)) - Successfully registered JMX Bean with object name Ratis:service=RaftServer,group=group-D9FA3F372919,id=4e7efcb5-917e-488d-886e-16c99a39ab6f
2019-08-29 08:22:14,480 [RatisPipelineUtilsThread] INFO  pipeline.PipelineStateManager (PipelineStateManager.java:addPipeline(56)) - Created pipeline Pipeline[ Id: 0e2607cc-987c-4ab0-8c0d-d9fa3f372919, Nodes: 4e7efcb5-917e-488d-886e-16c99a39ab6f{ip: 192.168.5.176, host: pr-hdds-1909-44d2n-1519487446, networkLocation: /default-rack, certSerialId: null}, Type:RATIS, Factor:ONE, State:OPEN]
2019-08-29 08:22:14,488 [grpc-default-executor-1] INFO  impl.RaftServerProxy (RaftServerProxy.java:addNew(89)) - 5b56fd10-665b-4a03-90fc-42cf6e7ef5f6: addNew group-B80F1363D9BF:[5b56fd10-665b-4a03-90fc-42cf6e7ef5f6:192.168.5.176:44608, 7fd4362d-ab2c-4d65-9042-74517d5987d2:192.168.5.176:33357, 4e7efcb5-917e-488d-886e-16c99a39ab6f:192.168.5.176:46276] returns group-B80F1363D9BF:java.util.concurrent.CompletableFuture@5042675[Not completed]
2019-08-29 08:22:14,488 [grpc-default-executor-3] INFO  impl.RaftServerProxy (RaftServerProxy.java:addNew(89)) - 7fd4362d-ab2c-4d65-9042-74517d5987d2: addNew group-B80F1363D9BF:[5b56fd10-665b-4a03-90fc-42cf6e7ef5f6:192.168.5.176:44608, 7fd4362d-ab2c-4d65-9042-74517d5987d2:192.168.5.176:33357, 4e7efcb5-917e-488d-886e-16c99a39ab6f:192.168.5.176:46276] returns group-B80F1363D9BF:java.util.concurrent.CompletableFuture@4da16ca5[Not completed]
2019-08-29 08:22:14,488 [grpc-default-executor-4] INFO  impl.RaftServerProxy (RaftServerProxy.java:addNew(89)) - 4e7efcb5-917e-488d-886e-16c99a39ab6f: addNew group-B80F1363D9BF:[5b56fd10-665b-4a03-90fc-42cf6e7ef5f6:192.168.5.176:44608, 7fd4362d-ab2c-4d65-9042-74517d5987d2:192.168.5.176:33357, 4e7efcb5-917e-488d-886e-16c99a39ab6f:192.168.5.176:46276] returns group-B80F1363D9BF:java.util.concurrent.CompletableFuture@237b2a2d[Not completed]
2019-08-29 08:22:14,490 [pool-77-thread-1] INFO  impl.RaftServerImpl (RaftServerImpl.java:<init>(93)) - 7fd4362d-ab2c-4d65-9042-74517d5987d2: new RaftServerImpl for group-B80F1363D9BF:[5b56fd10-665b-4a03-90fc-42cf6e7ef5f6:192.168.5.176:44608, 7fd4362d-ab2c-4d65-9042-74517d5987d2:192.168.5.176:33357, 4e7efcb5-917e-488d-886e-16c99a39ab6f:192.168.5.176:46276] with ContainerStateMachine:uninitialized
2019-08-29 08:22:14,490 [pool-77-thread-1] INFO  server.RaftServerConfigKeys (ConfUtils.java:logGet(43)) - raft.server.rpc.timeout.min = 5s (custom)
2019-08-29 08:22:14,490 [pool-77-thread-1] INFO  server.RaftServerConfigKeys (ConfUtils.java:logGet(43)) - raft.server.rpc.timeout.max = 5200ms (custom)
2019-08-29 08:22:14,490 [pool-77-thread-1] INFO  server.RaftServerConfigKeys (ConfUtils.java:logGet(43)) - raft.server.rpcslowness.timeout = 120s (custom)
2019-08-29 08:22:14,490 [pool-77-thread-1] INFO  server.RaftServerConfigKeys (ConfUtils.java:logGet(43)) - raft.server.sleep.deviation.threshold = 300 (default)
2019-08-29 08:22:14,490 [pool-77-thread-1] INFO  server.RaftServerConfigKeys (ConfUtils.java:logGet(43)) - raft.server.log.appender.install.snapshot.enabled = false (custom)
2019-08-29 08:22:14,490 [pool-77-thread-1] INFO  impl.RaftServerImpl (ServerState.java:<init>(105)) - 7fd4362d-ab2c-4d65-9042-74517d5987d2:group-B80F1363D9BF ConfigurationManager, init=-1: [5b56fd10-665b-4a03-90fc-42cf6e7ef5f6:192.168.5.176:44608, 7fd4362d-ab2c-4d65-9042-74517d5987d2:192.168.5.176:33357, 4e7efcb5-917e-488d-886e-16c99a39ab6f:192.168.5.176:46276], old=null, confs=<EMPTY_MAP>
2019-08-29 08:22:14,491 [pool-27-thread-1] INFO  impl.RaftServerImpl (RaftServerImpl.java:<init>(93)) - 4e7efcb5-917e-488d-886e-16c99a39ab6f: new RaftServerImpl for group-B80F1363D9BF:[5b56fd10-665b-4a03-90fc-42cf6e7ef5f6:192.168.5.176:44608, 7fd4362d-ab2c-4d65-9042-74517d5987d2:192.168.5.176:33357, 4e7efcb5-917e-488d-886e-16c99a39ab6f:192.168.5.176:46276] with ContainerStateMachine:uninitialized
2019-08-29 08:22:14,491 [pool-77-thread-1] INFO  server.RaftServerConfigKeys (ConfUtils.java:logGet(43)) - raft.server.storage.dir = [/workdir/hadoop-ozone/integration-test/target/test-dir/MiniOzoneClusterImpl-ab0df1f0-a3d6-4d90-a98d-535794749ce9/datanode-5/data/ratis] (custom)
2019-08-29 08:22:14,491 [pool-27-thread-1] INFO  server.RaftServerConfigKeys (ConfUtils.java:logGet(43)) - raft.server.rpc.timeout.min = 5s (custom)
2019-08-29 08:22:14,491 [pool-27-thread-1] INFO  server.RaftServerConfigKeys (ConfUtils.java:logGet(43)) - raft.server.rpc.timeout.max = 5200ms (custom)
2019-08-29 08:22:14,491 [pool-27-thread-1] INFO  server.RaftServerConfigKeys (ConfUtils.java:logGet(43)) - raft.server.rpcslowness.timeout = 120s (custom)
2019-08-29 08:22:14,491 [pool-77-thread-1] INFO  storage.RaftStorageDirectory (RaftStorageDirectory.java:analyzeStorage(246)) - The storage directory /workdir/hadoop-ozone/integration-test/target/test-dir/MiniOzoneClusterImpl-ab0df1f0-a3d6-4d90-a98d-535794749ce9/datanode-5/data/ratis/b4c2525f-b728-4c56-9cfa-b80f1363d9bf does not exist. Creating ...
2019-08-29 08:22:14,491 [pool-87-thread-1] INFO  impl.RaftServerImpl (RaftServerImpl.java:<init>(93)) - 5b56fd10-665b-4a03-90fc-42cf6e7ef5f6: new RaftServerImpl for group-B80F1363D9BF:[5b56fd10-665b-4a03-90fc-42cf6e7ef5f6:192.168.5.176:44608, 7fd4362d-ab2c-4d65-9042-74517d5987d2:192.168.5.176:33357, 4e7efcb5-917e-488d-886e-16c99a39ab6f:192.168.5.176:46276] with ContainerStateMachine:uninitialized
2019-08-29 08:22:14,491 [pool-27-thread-1] INFO  server.RaftServerConfigKeys (ConfUtils.java:logGet(43)) - raft.server.sleep.deviation.threshold = 300 (default)
2019-08-29 08:22:14,491 [pool-87-thread-1] INFO  server.RaftServerConfigKeys (ConfUtils.java:logGet(43)) - raft.server.rpc.timeout.min = 5s (custom)
2019-08-29 08:22:14,491 [pool-27-thread-1] INFO  server.RaftServerConfigKeys (ConfUtils.java:logGet(43)) - raft.server.log.appender.install.snapshot.enabled = false (custom)
2019-08-29 08:22:14,492 [pool-87-thread-1] INFO  server.RaftServerConfigKeys (ConfUtils.java:logGet(43)) - raft.server.rpc.timeout.max = 5200ms (custom)
2019-08-29 08:22:14,492 [pool-27-thread-1] INFO  impl.RaftServerImpl (ServerState.java:<init>(105)) - 4e7efcb5-917e-488d-886e-16c99a39ab6f:group-B80F1363D9BF ConfigurationManager, init=-1: [5b56fd10-665b-4a03-90fc-42cf6e7ef5f6:192.168.5.176:44608, 7fd4362d-ab2c-4d65-9042-74517d5987d2:192.168.5.176:33357, 4e7efcb5-917e-488d-886e-16c99a39ab6f:192.168.5.176:46276], old=null, confs=<EMPTY_MAP>
2019-08-29 08:22:14,492 [pool-87-thread-1] INFO  server.RaftServerConfigKeys (ConfUtils.java:logGet(43)) - raft.server.rpcslowness.timeout = 120s (custom)
2019-08-29 08:22:14,492 [pool-27-thread-1] INFO  server.RaftServerConfigKeys (ConfUtils.java:logGet(43)) - raft.server.storage.dir = [/workdir/hadoop-ozone/integration-test/target/test-dir/MiniOzoneClusterImpl-ab0df1f0-a3d6-4d90-a98d-535794749ce9/datanode-0/data/ratis] (custom)
2019-08-29 08:22:14,492 [pool-87-thread-1] INFO  server.RaftServerConfigKeys (ConfUtils.java:logGet(43)) - raft.server.sleep.deviation.threshold = 300 (default)
2019-08-29 08:22:14,492 [pool-87-thread-1] INFO  server.RaftServerConfigKeys (ConfUtils.java:logGet(43)) - raft.server.log.appender.install.snapshot.enabled = false (custom)
2019-08-29 08:22:14,492 [pool-87-thread-1] INFO  impl.RaftServerImpl (ServerState.java:<init>(105)) - 5b56fd10-665b-4a03-90fc-42cf6e7ef5f6:group-B80F1363D9BF ConfigurationManager, init=-1: [5b56fd10-665b-4a03-90fc-42cf6e7ef5f6:192.168.5.176:44608, 7fd4362d-ab2c-4d65-9042-74517d5987d2:192.168.5.176:33357, 4e7efcb5-917e-488d-886e-16c99a39ab6f:192.168.5.176:46276], old=null, confs=<EMPTY_MAP>
2019-08-29 08:22:14,492 [pool-27-thread-1] INFO  storage.RaftStorageDirectory (RaftStorageDirectory.java:analyzeStorage(246)) - The storage directory /workdir/hadoop-ozone/integration-test/target/test-dir/MiniOzoneClusterImpl-ab0df1f0-a3d6-4d90-a98d-535794749ce9/datanode-0/data/ratis/b4c2525f-b728-4c56-9cfa-b80f1363d9bf does not exist. Creating ...
2019-08-29 08:22:14,492 [pool-87-thread-1] INFO  server.RaftServerConfigKeys (ConfUtils.java:logGet(43)) - raft.server.storage.dir = [/workdir/hadoop-ozone/integration-test/target/test-dir/MiniOzoneClusterImpl-ab0df1f0-a3d6-4d90-a98d-535794749ce9/datanode-6/data/ratis] (custom)
2019-08-29 08:22:14,493 [pool-87-thread-1] INFO  storage.RaftStorageDirectory (RaftStorageDirectory.java:analyzeStorage(246)) - The storage directory /workdir/hadoop-ozone/integration-test/target/test-dir/MiniOzoneClusterImpl-ab0df1f0-a3d6-4d90-a98d-535794749ce9/datanode-6/data/ratis/b4c2525f-b728-4c56-9cfa-b80f1363d9bf does not exist. Creating ...
2019-08-29 08:22:14,498 [pool-27-thread-1] INFO  storage.RaftStorageDirectory (RaftStorageDirectory.java:tryLock(328)) - Lock on /workdir/hadoop-ozone/integration-test/target/test-dir/MiniOzoneClusterImpl-ab0df1f0-a3d6-4d90-a98d-535794749ce9/datanode-0/data/ratis/b4c2525f-b728-4c56-9cfa-b80f1363d9bf/in_use.lock acquired by nodename 29661@pr-hdds-1909-44d2n-1519487446
2019-08-29 08:22:14,498 [pool-77-thread-1] INFO  storage.RaftStorageDirectory (RaftStorageDirectory.java:tryLock(328)) - Lock on /workdir/hadoop-ozone/integration-test/target/test-dir/MiniOzoneClusterImpl-ab0df1f0-a3d6-4d90-a98d-535794749ce9/datanode-5/data/ratis/b4c2525f-b728-4c56-9cfa-b80f1363d9bf/in_use.lock acquired by nodename 29661@pr-hdds-1909-44d2n-1519487446
2019-08-29 08:22:14,498 [pool-87-thread-1] INFO  storage.RaftStorageDirectory (RaftStorageDirectory.java:tryLock(328)) - Lock on /workdir/hadoop-ozone/integration-test/target/test-dir/MiniOzoneClusterImpl-ab0df1f0-a3d6-4d90-a98d-535794749ce9/datanode-6/data/ratis/b4c2525f-b728-4c56-9cfa-b80f1363d9bf/in_use.lock acquired by nodename 29661@pr-hdds-1909-44d2n-1519487446
2019-08-29 08:22:14,515 [pool-87-thread-1] INFO  storage.RaftStorage (RaftStorage.java:format(72)) - Storage directory /workdir/hadoop-ozone/integration-test/target/test-dir/MiniOzoneClusterImpl-ab0df1f0-a3d6-4d90-a98d-535794749ce9/datanode-6/data/ratis/b4c2525f-b728-4c56-9cfa-b80f1363d9bf has been successfully formatted.
2019-08-29 08:22:14,515 [pool-77-thread-1] INFO  storage.RaftStorage (RaftStorage.java:format(72)) - Storage directory /workdir/hadoop-ozone/integration-test/target/test-dir/MiniOzoneClusterImpl-ab0df1f0-a3d6-4d90-a98d-535794749ce9/datanode-5/data/ratis/b4c2525f-b728-4c56-9cfa-b80f1363d9bf has been successfully formatted.
2019-08-29 08:22:14,515 [pool-87-thread-1] INFO  ratis.ContainerStateMachine (ContainerStateMachine.java:loadSnapshot(227)) - group-B80F1363D9BF: The snapshot info is null. Setting the last applied indexto:(t:0, i:~)
2019-08-29 08:22:14,515 [pool-27-thread-1] INFO  storage.RaftStorage (RaftStorage.java:format(72)) - Storage directory /workdir/hadoop-ozone/integration-test/target/test-dir/MiniOzoneClusterImpl-ab0df1f0-a3d6-4d90-a98d-535794749ce9/datanode-0/data/ratis/b4c2525f-b728-4c56-9cfa-b80f1363d9bf has been successfully formatted.
2019-08-29 08:22:14,516 [pool-77-thread-1] INFO  ratis.ContainerStateMachine (ContainerStateMachine.java:loadSnapshot(227)) - group-B80F1363D9BF: The snapshot info is null. Setting the last applied indexto:(t:0, i:~)
2019-08-29 08:22:14,516 [pool-87-thread-1] INFO  server.RaftServerConfigKeys (ConfUtils.java:logGet(43)) - raft.server.leader.election.timeout = 120s (custom)
2019-08-29 08:22:14,516 [pool-77-thread-1] INFO  server.RaftServerConfigKeys (ConfUtils.java:logGet(43)) - raft.server.leader.election.timeout = 120s (custom)
2019-08-29 08:22:14,516 [pool-27-thread-1] INFO  ratis.ContainerStateMachine (ContainerStateMachine.java:loadSnapshot(227)) - group-B80F1363D9BF: The snapshot info is null. Setting the last applied indexto:(t:0, i:~)
2019-08-29 08:22:14,516 [pool-77-thread-1] INFO  server.RaftServerConfigKeys (ConfUtils.java:logGet(43)) - raft.server.log.use.memory = false (default)
2019-08-29 08:22:14,516 [pool-87-thread-1] INFO  server.RaftServerConfigKeys (ConfUtils.java:logGet(43)) - raft.server.log.use.memory = false (default)
2019-08-29 08:22:14,516 [pool-77-thread-1] INFO  server.RaftServerConfigKeys (ConfUtils.java:logGet(43)) - raft.server.log.purge.gap = 1000000 (custom)
2019-08-29 08:22:14,516 [pool-27-thread-1] INFO  server.RaftServerConfigKeys (ConfUtils.java:logGet(43)) - raft.server.leader.election.timeout = 120s (custom)
2019-08-29 08:22:14,517 [pool-77-thread-1] INFO  server.RaftServerConfigKeys (ConfUtils.java:logGet(43)) - raft.server.log.appender.buffer.byte-limit = 33554432 (custom)
2019-08-29 08:22:14,517 [pool-87-thread-1] INFO  server.RaftServerConfigKeys (ConfUtils.java:logGet(43)) - raft.server.log.purge.gap = 1000000 (custom)
2019-08-29 08:22:14,517 [pool-77-thread-1] INFO  server.RaftServerConfigKeys (ConfUtils.java:logGet(43)) - raft.server.log.segment.size.max = 1048576 (custom)
2019-08-29 08:22:14,517 [pool-27-thread-1] INFO  server.RaftServerConfigKeys (ConfUtils.java:logGet(43)) - raft.server.log.use.memory = false (default)
2019-08-29 08:22:14,517 [pool-77-thread-1] INFO  server.RaftServerConfigKeys (ConfUtils.java:logGet(43)) - raft.server.log.segment.cache.num.max = 2 (custom)
2019-08-29 08:22:14,517 [pool-87-thread-1] INFO  server.RaftServerConfigKeys (ConfUtils.java:logGet(43)) - raft.server.log.appender.buffer.byte-limit = 33554432 (custom)
2019-08-29 08:22:14,517 [pool-77-thread-1] INFO  segmented.SegmentedRaftLogWorker (SegmentedRaftLogWorker.java:<init>(172)) - new 7fd4362d-ab2c-4d65-9042-74517d5987d2-SegmentedRaftLogWorker:Storage Directory /workdir/hadoop-ozone/integration-test/target/test-dir/MiniOzoneClusterImpl-ab0df1f0-a3d6-4d90-a98d-535794749ce9/datanode-5/data/ratis/b4c2525f-b728-4c56-9cfa-b80f1363d9bf for RaftStorage:Storage Directory /workdir/hadoop-ozone/integration-test/target/test-dir/MiniOzoneClusterImpl-ab0df1f0-a3d6-4d90-a98d-535794749ce9/datanode-5/data/ratis/b4c2525f-b728-4c56-9cfa-b80f1363d9bf
2019-08-29 08:22:14,517 [pool-27-thread-1] INFO  server.RaftServerConfigKeys (ConfUtils.java:logGet(43)) - raft.server.log.purge.gap = 1000000 (custom)
2019-08-29 08:22:14,518 [pool-77-thread-1] INFO  server.RaftServerConfigKeys (ConfUtils.java:logGet(43)) - raft.server.log.queue.byte-limit = 2147483647 (custom)
2019-08-29 08:22:14,518 [pool-87-thread-1] INFO  server.RaftServerConfigKeys (ConfUtils.java:logGet(43)) - raft.server.log.segment.size.max = 1048576 (custom)
2019-08-29 08:22:14,518 [pool-77-thread-1] INFO  server.RaftServerConfigKeys (ConfUtils.java:logGet(43)) - raft.server.log.queue.element-limit = 1024 (custom)
2019-08-29 08:22:14,518 [pool-27-thread-1] INFO  server.RaftServerConfigKeys (ConfUtils.java:logGet(43)) - raft.server.log.appender.buffer.byte-limit = 33554432 (custom)
2019-08-29 08:22:14,518 [pool-77-thread-1] INFO  server.RaftServerConfigKeys (ConfUtils.java:logGet(43)) - raft.server.log.segment.size.max = 1048576 (custom)
2019-08-29 08:22:14,518 [pool-87-thread-1] INFO  server.RaftServerConfigKeys (ConfUtils.java:logGet(43)) - raft.server.log.segment.cache.num.max = 2 (custom)
2019-08-29 08:22:14,519 [pool-77-thread-1] INFO  server.RaftServerConfigKeys (ConfUtils.java:logGet(43)) - raft.server.log.preallocated.size = 16384 (custom)
2019-08-29 08:22:14,518 [pool-27-thread-1] INFO  server.RaftServerConfigKeys (ConfUtils.java:logGet(43)) - raft.server.log.segment.size.max = 1048576 (custom)
2019-08-29 08:22:14,519 [pool-77-thread-1] INFO  server.RaftServerConfigKeys (ConfUtils.java:logGet(43)) - raft.server.log.write.buffer.size = 33554432 (custom)
2019-08-29 08:22:14,519 [pool-87-thread-1] INFO  segmented.SegmentedRaftLogWorker (SegmentedRaftLogWorker.java:<init>(172)) - new 5b56fd10-665b-4a03-90fc-42cf6e7ef5f6-SegmentedRaftLogWorker:Storage Directory /workdir/hadoop-ozone/integration-test/target/test-dir/MiniOzoneClusterImpl-ab0df1f0-a3d6-4d90-a98d-535794749ce9/datanode-6/data/ratis/b4c2525f-b728-4c56-9cfa-b80f1363d9bf for RaftStorage:Storage Directory /workdir/hadoop-ozone/integration-test/target/test-dir/MiniOzoneClusterImpl-ab0df1f0-a3d6-4d90-a98d-535794749ce9/datanode-6/data/ratis/b4c2525f-b728-4c56-9cfa-b80f1363d9bf
2019-08-29 08:22:14,519 [pool-77-thread-1] INFO  server.RaftServerConfigKeys (ConfUtils.java:logGet(43)) - raft.server.log.force.sync.num = 128 (default)
2019-08-29 08:22:14,519 [pool-27-thread-1] INFO  server.RaftServerConfigKeys (ConfUtils.java:logGet(43)) - raft.server.log.segment.cache.num.max = 2 (custom)
2019-08-29 08:22:14,519 [pool-77-thread-1] INFO  server.RaftServerConfigKeys (ConfUtils.java:logGet(43)) - raft.server.log.statemachine.data.sync = true (default)
2019-08-29 08:22:14,519 [pool-87-thread-1] INFO  server.RaftServerConfigKeys (ConfUtils.java:logGet(43)) - raft.server.log.queue.byte-limit = 2147483647 (custom)
2019-08-29 08:22:14,520 [pool-77-thread-1] INFO  server.RaftServerConfigKeys (ConfUtils.java:logGet(43)) - raft.server.log.statemachine.data.sync.timeout = 10s (default)
2019-08-29 08:22:14,520 [pool-27-thread-1] INFO  segmented.SegmentedRaftLogWorker (SegmentedRaftLogWorker.java:<init>(172)) - new 4e7efcb5-917e-488d-886e-16c99a39ab6f-SegmentedRaftLogWorker:Storage Directory /workdir/hadoop-ozone/integration-test/target/test-dir/MiniOzoneClusterImpl-ab0df1f0-a3d6-4d90-a98d-535794749ce9/datanode-0/data/ratis/b4c2525f-b728-4c56-9cfa-b80f1363d9bf for RaftStorage:Storage Directory /workdir/hadoop-ozone/integration-test/target/test-dir/MiniOzoneClusterImpl-ab0df1f0-a3d6-4d90-a98d-535794749ce9/datanode-0/data/ratis/b4c2525f-b728-4c56-9cfa-b80f1363d9bf
2019-08-29 08:22:14,520 [pool-77-thread-1] INFO  server.RaftServerConfigKeys (ConfUtils.java:logGet(43)) - raft.server.log.statemachine.data.sync.timeout.retry = -1 (default)
2019-08-29 08:22:14,520 [pool-87-thread-1] INFO  server.RaftServerConfigKeys (ConfUtils.java:logGet(43)) - raft.server.log.queue.element-limit = 1024 (custom)
2019-08-29 08:22:14,520 [pool-77-thread-1] INFO  server.RaftServerConfigKeys (ConfUtils.java:logGet(43)) - raft.server.log.statemachine.data.caching.enabled = true (custom)
2019-08-29 08:22:14,520 [pool-27-thread-1] INFO  server.RaftServerConfigKeys (ConfUtils.java:logGet(43)) - raft.server.log.queue.byte-limit = 2147483647 (custom)
2019-08-29 08:22:14,520 [pool-87-thread-1] INFO  server.RaftServerConfigKeys (ConfUtils.java:logGet(43)) - raft.server.log.segment.size.max = 1048576 (custom)
2019-08-29 08:22:14,521 [pool-77-thread-1] INFO  segmented.SegmentedRaftLogWorker (SegmentedRaftLogWorker.java:lambda$new$0(132)) - 7fd4362d-ab2c-4d65-9042-74517d5987d2-SegmentedRaftLogWorker:Storage Directory /workdir/hadoop-ozone/integration-test/target/test-dir/MiniOzoneClusterImpl-ab0df1f0-a3d6-4d90-a98d-535794749ce9/datanode-5/data/ratis/b4c2525f-b728-4c56-9cfa-b80f1363d9bf: flushIndex: setUnconditionally 0 -> -1
2019-08-29 08:22:14,520 [pool-27-thread-1] INFO  server.RaftServerConfigKeys (ConfUtils.java:logGet(43)) - raft.server.log.queue.element-limit = 1024 (custom)
2019-08-29 08:22:14,521 [pool-87-thread-1] INFO  server.RaftServerConfigKeys (ConfUtils.java:logGet(43)) - raft.server.log.preallocated.size = 16384 (custom)
2019-08-29 08:22:14,521 [pool-27-thread-1] INFO  server.RaftServerConfigKeys (ConfUtils.java:logGet(43)) - raft.server.log.segment.size.max = 1048576 (custom)
2019-08-29 08:22:14,521 [pool-77-thread-1] INFO  server.RaftServerConfigKeys (ConfUtils.java:logGet(43)) - raft.server.snapshot.auto.trigger.enabled = true (custom)
2019-08-29 08:22:14,521 [pool-27-thread-1] INFO  server.RaftServerConfigKeys (ConfUtils.java:logGet(43)) - raft.server.log.preallocated.size = 16384 (custom)
2019-08-29 08:22:14,521 [pool-87-thread-1] INFO  server.RaftServerConfigKeys (ConfUtils.java:logGet(43)) - raft.server.log.write.buffer.size = 33554432 (custom)
2019-08-29 08:22:14,522 [pool-27-thread-1] INFO  server.RaftServerConfigKeys (ConfUtils.java:logGet(43)) - raft.server.log.write.buffer.size = 33554432 (custom)
2019-08-29 08:22:14,521 [pool-77-thread-1] INFO  server.RaftServerConfigKeys (ConfUtils.java:logGet(43)) - raft.server.snapshot.auto.trigger.threshold = 10000 (custom)
2019-08-29 08:22:14,522 [pool-27-thread-1] INFO  server.RaftServerConfigKeys (ConfUtils.java:logGet(43)) - raft.server.log.force.sync.num = 128 (default)
2019-08-29 08:22:14,522 [pool-27-thread-1] INFO  server.RaftServerConfigKeys (ConfUtils.java:logGet(43)) - raft.server.log.statemachine.data.sync = true (default)
2019-08-29 08:22:14,522 [pool-87-thread-1] INFO  server.RaftServerConfigKeys (ConfUtils.java:logGet(43)) - raft.server.log.force.sync.num = 128 (default)
2019-08-29 08:22:14,522 [pool-27-thread-1] INFO  server.RaftServerConfigKeys (ConfUtils.java:logGet(43)) - raft.server.log.statemachine.data.sync.timeout = 10s (default)
2019-08-29 08:22:14,522 [pool-77-thread-1] INFO  server.RaftServerConfigKeys (ConfUtils.java:logGet(43)) - raft.server.retrycache.expirytime = 600000ms (custom)
2019-08-29 08:22:14,522 [pool-27-thread-1] INFO  server.RaftServerConfigKeys (ConfUtils.java:logGet(43)) - raft.server.log.statemachine.data.sync.timeout.retry = -1 (default)
2019-08-29 08:22:14,523 [pool-77-thread-1] INFO  impl.RaftServerImpl (RaftServerImpl.java:start(180)) - 7fd4362d-ab2c-4d65-9042-74517d5987d2: start group-B80F1363D9BF
2019-08-29 08:22:14,522 [pool-87-thread-1] INFO  server.RaftServerConfigKeys (ConfUtils.java:logGet(43)) - raft.server.log.statemachine.data.sync = true (default)
2019-08-29 08:22:14,523 [pool-77-thread-1] INFO  impl.RaftServerImpl (RaftServerImpl.java:setRole(171)) - 7fd4362d-ab2c-4d65-9042-74517d5987d2:group-B80F1363D9BF changes role from null to FOLLOWER at term 0 for startAsFollower
2019-08-29 08:22:14,523 [pool-27-thread-1] INFO  server.RaftServerConfigKeys (ConfUtils.java:logGet(43)) - raft.server.log.statemachine.data.caching.enabled = true (custom)
2019-08-29 08:22:14,523 [pool-77-thread-1] INFO  impl.RoleInfo (RoleInfo.java:updateAndGet(143)) - 7fd4362d-ab2c-4d65-9042-74517d5987d2: start FollowerState
2019-08-29 08:22:14,523 [pool-87-thread-1] INFO  server.RaftServerConfigKeys (ConfUtils.java:logGet(43)) - raft.server.log.statemachine.data.sync.timeout = 10s (default)
2019-08-29 08:22:14,523 [pool-27-thread-1] INFO  segmented.SegmentedRaftLogWorker (SegmentedRaftLogWorker.java:lambda$new$0(132)) - 4e7efcb5-917e-488d-886e-16c99a39ab6f-SegmentedRaftLogWorker:Storage Directory /workdir/hadoop-ozone/integration-test/target/test-dir/MiniOzoneClusterImpl-ab0df1f0-a3d6-4d90-a98d-535794749ce9/datanode-0/data/ratis/b4c2525f-b728-4c56-9cfa-b80f1363d9bf: flushIndex: setUnconditionally 0 -> -1
2019-08-29 08:22:14,523 [pool-87-thread-1] INFO  server.RaftServerConfigKeys (ConfUtils.java:logGet(43)) - raft.server.log.statemachine.data.sync.timeout.retry = -1 (default)
2019-08-29 08:22:14,524 [pool-77-thread-1] INFO  util.JmxRegister (JmxRegister.java:tryRegister(44)) - Successfully registered JMX Bean with object name Ratis:service=RaftServer,group=group-B80F1363D9BF,id=7fd4362d-ab2c-4d65-9042-74517d5987d2
2019-08-29 08:22:14,524 [pool-27-thread-1] INFO  server.RaftServerConfigKeys (ConfUtils.java:logGet(43)) - raft.server.snapshot.auto.trigger.enabled = true (custom)
2019-08-29 08:22:14,524 [pool-87-thread-1] INFO  server.RaftServerConfigKeys (ConfUtils.java:logGet(43)) - raft.server.log.statemachine.data.caching.enabled = true (custom)
2019-08-29 08:22:14,524 [pool-27-thread-1] INFO  server.RaftServerConfigKeys (ConfUtils.java:logGet(43)) - raft.server.snapshot.auto.trigger.threshold = 10000 (custom)
2019-08-29 08:22:14,524 [pool-87-thread-1] INFO  segmented.SegmentedRaftLogWorker (SegmentedRaftLogWorker.java:lambda$new$0(132)) - 5b56fd10-665b-4a03-90fc-42cf6e7ef5f6-SegmentedRaftLogWorker:Storage Directory /workdir/hadoop-ozone/integration-test/target/test-dir/MiniOzoneClusterImpl-ab0df1f0-a3d6-4d90-a98d-535794749ce9/datanode-6/data/ratis/b4c2525f-b728-4c56-9cfa-b80f1363d9bf: flushIndex: setUnconditionally 0 -> -1
2019-08-29 08:22:14,524 [pool-27-thread-1] INFO  server.RaftServerConfigKeys (ConfUtils.java:logGet(43)) - raft.server.retrycache.expirytime = 600000ms (custom)
2019-08-29 08:22:14,524 [pool-87-thread-1] INFO  server.RaftServerConfigKeys (ConfUtils.java:logGet(43)) - raft.server.snapshot.auto.trigger.enabled = true (custom)
2019-08-29 08:22:14,525 [pool-87-thread-1] INFO  server.RaftServerConfigKeys (ConfUtils.java:logGet(43)) - raft.server.snapshot.auto.trigger.threshold = 10000 (custom)
2019-08-29 08:22:14,525 [pool-27-thread-1] INFO  impl.RaftServerImpl (RaftServerImpl.java:start(180)) - 4e7efcb5-917e-488d-886e-16c99a39ab6f: start group-B80F1363D9BF
2019-08-29 08:22:14,525 [pool-87-thread-1] INFO  server.RaftServerConfigKeys (ConfUtils.java:logGet(43)) - raft.server.retrycache.expirytime = 600000ms (custom)
2019-08-29 08:22:14,525 [pool-27-thread-1] INFO  impl.RaftServerImpl (RaftServerImpl.java:setRole(171)) - 4e7efcb5-917e-488d-886e-16c99a39ab6f:group-B80F1363D9BF changes role from null to FOLLOWER at term 0 for startAsFollower
2019-08-29 08:22:14,525 [pool-87-thread-1] INFO  impl.RaftServerImpl (RaftServerImpl.java:start(180)) - 5b56fd10-665b-4a03-90fc-42cf6e7ef5f6: start group-B80F1363D9BF
2019-08-29 08:22:14,525 [pool-27-thread-1] INFO  impl.RoleInfo (RoleInfo.java:updateAndGet(143)) - 4e7efcb5-917e-488d-886e-16c99a39ab6f: start FollowerState
2019-08-29 08:22:14,527 [pool-87-thread-1] INFO  impl.RaftServerImpl (RaftServerImpl.java:setRole(171)) - 5b56fd10-665b-4a03-90fc-42cf6e7ef5f6:group-B80F1363D9BF changes role from null to FOLLOWER at term 0 for startAsFollower
2019-08-29 08:22:14,527 [pool-87-thread-1] INFO  impl.RoleInfo (RoleInfo.java:updateAndGet(143)) - 5b56fd10-665b-4a03-90fc-42cf6e7ef5f6: start FollowerState
2019-08-29 08:22:14,527 [pool-27-thread-1] INFO  util.JmxRegister (JmxRegister.java:tryRegister(44)) - Successfully registered JMX Bean with object name Ratis:service=RaftServer,group=group-B80F1363D9BF,id=4e7efcb5-917e-488d-886e-16c99a39ab6f
2019-08-29 08:22:14,527 [pool-87-thread-1] INFO  util.JmxRegister (JmxRegister.java:tryRegister(44)) - Successfully registered JMX Bean with object name Ratis:service=RaftServer,group=group-B80F1363D9BF,id=5b56fd10-665b-4a03-90fc-42cf6e7ef5f6
2019-08-29 08:22:14,534 [RatisPipelineUtilsThread] INFO  pipeline.PipelineStateManager (PipelineStateManager.java:addPipeline(56)) - Created pipeline Pipeline[ Id: b4c2525f-b728-4c56-9cfa-b80f1363d9bf, Nodes: 5b56fd10-665b-4a03-90fc-42cf6e7ef5f6{ip: 192.168.5.176, host: pr-hdds-1909-44d2n-1519487446, networkLocation: /default-rack, certSerialId: null}7fd4362d-ab2c-4d65-9042-74517d5987d2{ip: 192.168.5.176, host: pr-hdds-1909-44d2n-1519487446, networkLocation: /default-rack, certSerialId: null}4e7efcb5-917e-488d-886e-16c99a39ab6f{ip: 192.168.5.176, host: pr-hdds-1909-44d2n-1519487446, networkLocation: /default-rack, certSerialId: null}, Type:RATIS, Factor:THREE, State:OPEN]
2019-08-29 08:22:15,239 [Datanode State Machine Thread - 0] INFO  statemachine.DatanodeStateMachine (DatanodeStateMachine.java:lambda$startDaemon$0(350)) - Ozone container server started.
2019-08-29 08:22:15,240 [Datanode State Machine Thread - 0] INFO  statemachine.DatanodeStateMachine (DatanodeStateMachine.java:lambda$startDaemon$0(350)) - Ozone container server started.
2019-08-29 08:22:15,242 | INFO  | SCMAudit | user=jenkins1000 | ip=192.168.5.176 | op=SEND_HEARTBEAT {datanodeUUID=7fd4362d-ab2c-4d65-9042-74517d5987d2, command=[commandType: closeContainerCommand closeContainerCommandProto { containerID: 2 pipelineID { id: "9e93bfe6-bbbf-4ee0-bd70-c7cea64f060f" } cmdId: 2 force: false } ]} | ret=SUCCESS |  
2019-08-29 08:22:16,244 | INFO  | SCMAudit | user=jenkins1000 | ip=192.168.5.176 | op=SEND_HEARTBEAT {datanodeUUID=7fd4362d-ab2c-4d65-9042-74517d5987d2, command=[]} | ret=SUCCESS |  
2019-08-29 08:22:16,262 | INFO  | SCMAudit | user=jenkins1000 | ip=192.168.5.176 | op=SEND_HEARTBEAT {datanodeUUID=7fd4362d-ab2c-4d65-9042-74517d5987d2, command=[]} | ret=SUCCESS |  
2019-08-29 08:22:16,730 [grpc-default-executor-1] WARN  server.GrpcLogAppender (LogUtils.java:warn(134)) - 5b56fd10-665b-4a03-90fc-42cf6e7ef5f6->6932ec02-23cf-49d5-bf63-101b997409d4: Failed appendEntries: org.apache.ratis.thirdparty.io.grpc.StatusRuntimeException: UNAVAILABLE: io exception
2019-08-29 08:22:16,733 [grpc-default-executor-1] INFO  impl.FollowerInfo (FollowerInfo.java:lambda$new$0(50)) - 5b56fd10-665b-4a03-90fc-42cf6e7ef5f6->6932ec02-23cf-49d5-bf63-101b997409d4: nextIndex: updateUnconditionally 16 -> 15
2019-08-29 08:22:16,738 [grpc-default-executor-3] WARN  server.GrpcLogAppender (LogUtils.java:warn(134)) - 5b56fd10-665b-4a03-90fc-42cf6e7ef5f6->98bb5522-a779-467f-a71e-3d66cbe7d5c3: Failed appendEntries: org.apache.ratis.thirdparty.io.grpc.StatusRuntimeException: UNAVAILABLE: io exception
2019-08-29 08:22:16,741 [grpc-default-executor-3] INFO  impl.FollowerInfo (FollowerInfo.java:lambda$new$0(50)) - 5b56fd10-665b-4a03-90fc-42cf6e7ef5f6->98bb5522-a779-467f-a71e-3d66cbe7d5c3: nextIndex: updateUnconditionally 18 -> 17
2019-08-29 08:22:16,747 [grpc-default-executor-4] WARN  server.GrpcLogAppender (LogUtils.java:warn(134)) - 4e7efcb5-917e-488d-886e-16c99a39ab6f->67c35969-00c1-40e5-9eeb-9a2f6a2b337c: Failed appendEntries: org.apache.ratis.thirdparty.io.grpc.StatusRuntimeException: UNAVAILABLE: io exception
2019-08-29 08:22:16,749 [grpc-default-executor-4] INFO  impl.FollowerInfo (FollowerInfo.java:lambda$new$0(50)) - 4e7efcb5-917e-488d-886e-16c99a39ab6f->67c35969-00c1-40e5-9eeb-9a2f6a2b337c: nextIndex: updateUnconditionally 4 -> 3
2019-08-29 08:22:17,263 | INFO  | SCMAudit | user=jenkins1000 | ip=192.168.5.176 | op=SEND_HEARTBEAT {datanodeUUID=7fd4362d-ab2c-4d65-9042-74517d5987d2, command=[]} | ret=SUCCESS |  
2019-08-29 08:22:18,262 | INFO  | SCMAudit | user=jenkins1000 | ip=192.168.5.176 | op=SEND_HEARTBEAT {datanodeUUID=7fd4362d-ab2c-4d65-9042-74517d5987d2, command=[]} | ret=SUCCESS |  
2019-08-29 08:22:19,232 [grpc-default-executor-1] WARN  server.GrpcLogAppender (LogUtils.java:warn(134)) - 5b56fd10-665b-4a03-90fc-42cf6e7ef5f6->6932ec02-23cf-49d5-bf63-101b997409d4: Failed appendEntries: org.apache.ratis.thirdparty.io.grpc.StatusRuntimeException: UNAVAILABLE: io exception
2019-08-29 08:22:19,234 [grpc-default-executor-1] INFO  impl.FollowerInfo (FollowerInfo.java:lambda$new$0(50)) - 5b56fd10-665b-4a03-90fc-42cf6e7ef5f6->6932ec02-23cf-49d5-bf63-101b997409d4: nextIndex: updateUnconditionally 15 -> 14
2019-08-29 08:22:19,240 [grpc-default-executor-3] WARN  server.GrpcLogAppender (LogUtils.java:warn(134)) - 5b56fd10-665b-4a03-90fc-42cf6e7ef5f6->98bb5522-a779-467f-a71e-3d66cbe7d5c3: Failed appendEntries: org.apache.ratis.thirdparty.io.grpc.StatusRuntimeException: UNAVAILABLE: io exception
2019-08-29 08:22:19,242 [grpc-default-executor-3] INFO  impl.FollowerInfo (FollowerInfo.java:lambda$new$0(50)) - 5b56fd10-665b-4a03-90fc-42cf6e7ef5f6->98bb5522-a779-467f-a71e-3d66cbe7d5c3: nextIndex: updateUnconditionally 17 -> 16
2019-08-29 08:22:19,249 [grpc-default-executor-4] WARN  server.GrpcLogAppender (LogUtils.java:warn(134)) - 4e7efcb5-917e-488d-886e-16c99a39ab6f->67c35969-00c1-40e5-9eeb-9a2f6a2b337c: Failed appendEntries: org.apache.ratis.thirdparty.io.grpc.StatusRuntimeException: UNAVAILABLE: io exception
2019-08-29 08:22:19,252 [EventQueue-StaleNodeForStaleNodeHandler] INFO  node.StaleNodeHandler (StaleNodeHandler.java:onMessage(58)) - Datanode 5b56fd10-665b-4a03-90fc-42cf6e7ef5f6{ip: 192.168.5.176, host: pr-hdds-1909-44d2n-1519487446, networkLocation: /default-rack, certSerialId: null} moved to stale state. Finalizing its pipelines [PipelineID=9a905605-37b3-4e25-bb1e-d72c42c83a90, PipelineID=b4c2525f-b728-4c56-9cfa-b80f1363d9bf, PipelineID=e26ae616-4cf0-44c6-9636-59ca74b7186e]
2019-08-29 08:22:19,253 [grpc-default-executor-4] INFO  impl.FollowerInfo (FollowerInfo.java:lambda$new$0(50)) - 4e7efcb5-917e-488d-886e-16c99a39ab6f->67c35969-00c1-40e5-9eeb-9a2f6a2b337c: nextIndex: updateUnconditionally 3 -> 2
2019-08-29 08:22:19,253 [EventQueue-StaleNodeForStaleNodeHandler] INFO  pipeline.SCMPipelineManager (SCMPipelineManager.java:finalizeAndDestroyPipeline(309)) - destroying pipeline:Pipeline[ Id: 9a905605-37b3-4e25-bb1e-d72c42c83a90, Nodes: 5b56fd10-665b-4a03-90fc-42cf6e7ef5f6{ip: 192.168.5.176, host: pr-hdds-1909-44d2n-1519487446, networkLocation: /default-rack, certSerialId: null}, Type:RATIS, Factor:ONE, State:OPEN]
2019-08-29 08:22:19,253 [EventQueue-StaleNodeForStaleNodeHandler] INFO  pipeline.PipelineStateManager (PipelineStateManager.java:finalizePipeline(123)) - Pipeline Pipeline[ Id: 9a905605-37b3-4e25-bb1e-d72c42c83a90, Nodes: 5b56fd10-665b-4a03-90fc-42cf6e7ef5f6{ip: 192.168.5.176, host: pr-hdds-1909-44d2n-1519487446, networkLocation: /default-rack, certSerialId: null}, Type:RATIS, Factor:ONE, State:CLOSED] moved to CLOSED state
2019-08-29 08:22:19,254 [EventQueue-StaleNodeForStaleNodeHandler] INFO  pipeline.SCMPipelineManager (SCMPipelineManager.java:finalizeAndDestroyPipeline(309)) - destroying pipeline:Pipeline[ Id: b4c2525f-b728-4c56-9cfa-b80f1363d9bf, Nodes: 5b56fd10-665b-4a03-90fc-42cf6e7ef5f6{ip: 192.168.5.176, host: pr-hdds-1909-44d2n-1519487446, networkLocation: /default-rack, certSerialId: null}7fd4362d-ab2c-4d65-9042-74517d5987d2{ip: 192.168.5.176, host: pr-hdds-1909-44d2n-1519487446, networkLocation: /default-rack, certSerialId: null}4e7efcb5-917e-488d-886e-16c99a39ab6f{ip: 192.168.5.176, host: pr-hdds-1909-44d2n-1519487446, networkLocation: /default-rack, certSerialId: null}, Type:RATIS, Factor:THREE, State:OPEN]
2019-08-29 08:22:19,254 [EventQueue-StaleNodeForStaleNodeHandler] INFO  pipeline.PipelineStateManager (PipelineStateManager.java:finalizePipeline(123)) - Pipeline Pipeline[ Id: b4c2525f-b728-4c56-9cfa-b80f1363d9bf, Nodes: 5b56fd10-665b-4a03-90fc-42cf6e7ef5f6{ip: 192.168.5.176, host: pr-hdds-1909-44d2n-1519487446, networkLocation: /default-rack, certSerialId: null}7fd4362d-ab2c-4d65-9042-74517d5987d2{ip: 192.168.5.176, host: pr-hdds-1909-44d2n-1519487446, networkLocation: /default-rack, certSerialId: null}4e7efcb5-917e-488d-886e-16c99a39ab6f{ip: 192.168.5.176, host: pr-hdds-1909-44d2n-1519487446, networkLocation: /default-rack, certSerialId: null}, Type:RATIS, Factor:THREE, State:CLOSED] moved to CLOSED state
2019-08-29 08:22:19,254 [EventQueue-StaleNodeForStaleNodeHandler] INFO  pipeline.SCMPipelineManager (SCMPipelineManager.java:finalizeAndDestroyPipeline(309)) - destroying pipeline:Pipeline[ Id: e26ae616-4cf0-44c6-9636-59ca74b7186e, Nodes: 6932ec02-23cf-49d5-bf63-101b997409d4{ip: 192.168.5.176, host: pr-hdds-1909-44d2n-1519487446, networkLocation: /default-rack, certSerialId: null}98bb5522-a779-467f-a71e-3d66cbe7d5c3{ip: 192.168.5.176, host: pr-hdds-1909-44d2n-1519487446, networkLocation: /default-rack, certSerialId: null}5b56fd10-665b-4a03-90fc-42cf6e7ef5f6{ip: 192.168.5.176, host: pr-hdds-1909-44d2n-1519487446, networkLocation: /default-rack, certSerialId: null}, Type:RATIS, Factor:THREE, State:CLOSED]
2019-08-29 08:22:19,254 [EventQueue-StaleNodeForStaleNodeHandler] INFO  node.StaleNodeHandler (StaleNodeHandler.java:onMessage(58)) - Datanode 4e7efcb5-917e-488d-886e-16c99a39ab6f{ip: 192.168.5.176, host: pr-hdds-1909-44d2n-1519487446, networkLocation: /default-rack, certSerialId: null} moved to stale state. Finalizing its pipelines [PipelineID=9e93bfe6-bbbf-4ee0-bd70-c7cea64f060f, PipelineID=fa7312ae-ccc9-4e71-a788-9ed342bc7ad4, PipelineID=b4c2525f-b728-4c56-9cfa-b80f1363d9bf, PipelineID=0e2607cc-987c-4ab0-8c0d-d9fa3f372919]
2019-08-29 08:22:19,255 [EventQueue-StaleNodeForStaleNodeHandler] INFO  pipeline.SCMPipelineManager (SCMPipelineManager.java:finalizeAndDestroyPipeline(309)) - destroying pipeline:Pipeline[ Id: 9e93bfe6-bbbf-4ee0-bd70-c7cea64f060f, Nodes: 7fd4362d-ab2c-4d65-9042-74517d5987d2{ip: 192.168.5.176, host: pr-hdds-1909-44d2n-1519487446, networkLocation: /default-rack, certSerialId: null}4e7efcb5-917e-488d-886e-16c99a39ab6f{ip: 192.168.5.176, host: pr-hdds-1909-44d2n-1519487446, networkLocation: /default-rack, certSerialId: null}67c35969-00c1-40e5-9eeb-9a2f6a2b337c{ip: 192.168.5.176, host: pr-hdds-1909-44d2n-1519487446, networkLocation: /default-rack, certSerialId: null}, Type:RATIS, Factor:THREE, State:CLOSED]
2019-08-29 08:22:19,255 [EventQueue-StaleNodeForStaleNodeHandler] INFO  pipeline.SCMPipelineManager (SCMPipelineManager.java:finalizeAndDestroyPipeline(309)) - destroying pipeline:Pipeline[ Id: fa7312ae-ccc9-4e71-a788-9ed342bc7ad4, Nodes: 4e7efcb5-917e-488d-886e-16c99a39ab6f{ip: 192.168.5.176, host: pr-hdds-1909-44d2n-1519487446, networkLocation: /default-rack, certSerialId: null}, Type:RATIS, Factor:ONE, State:CLOSED]
2019-08-29 08:22:19,255 [EventQueue-StaleNodeForStaleNodeHandler] INFO  pipeline.SCMPipelineManager (SCMPipelineManager.java:finalizeAndDestroyPipeline(309)) - destroying pipeline:Pipeline[ Id: b4c2525f-b728-4c56-9cfa-b80f1363d9bf, Nodes: 5b56fd10-665b-4a03-90fc-42cf6e7ef5f6{ip: 192.168.5.176, host: pr-hdds-1909-44d2n-1519487446, networkLocation: /default-rack, certSerialId: null}7fd4362d-ab2c-4d65-9042-74517d5987d2{ip: 192.168.5.176, host: pr-hdds-1909-44d2n-1519487446, networkLocation: /default-rack, certSerialId: null}4e7efcb5-917e-488d-886e-16c99a39ab6f{ip: 192.168.5.176, host: pr-hdds-1909-44d2n-1519487446, networkLocation: /default-rack, certSerialId: null}, Type:RATIS, Factor:THREE, State:CLOSED]
2019-08-29 08:22:19,256 [EventQueue-StaleNodeForStaleNodeHandler] INFO  pipeline.SCMPipelineManager (SCMPipelineManager.java:finalizeAndDestroyPipeline(309)) - destroying pipeline:Pipeline[ Id: 0e2607cc-987c-4ab0-8c0d-d9fa3f372919, Nodes: 4e7efcb5-917e-488d-886e-16c99a39ab6f{ip: 192.168.5.176, host: pr-hdds-1909-44d2n-1519487446, networkLocation: /default-rack, certSerialId: null}, Type:RATIS, Factor:ONE, State:OPEN]
2019-08-29 08:22:19,256 [EventQueue-StaleNodeForStaleNodeHandler] INFO  pipeline.PipelineStateManager (PipelineStateManager.java:finalizePipeline(123)) - Pipeline Pipeline[ Id: 0e2607cc-987c-4ab0-8c0d-d9fa3f372919, Nodes: 4e7efcb5-917e-488d-886e-16c99a39ab6f{ip: 192.168.5.176, host: pr-hdds-1909-44d2n-1519487446, networkLocation: /default-rack, certSerialId: null}, Type:RATIS, Factor:ONE, State:CLOSED] moved to CLOSED state
2019-08-29 08:22:19,262 | INFO  | SCMAudit | user=jenkins1000 | ip=192.168.5.176 | op=SEND_HEARTBEAT {datanodeUUID=7fd4362d-ab2c-4d65-9042-74517d5987d2, command=[]} | ret=SUCCESS |  
2019-08-29 08:22:19,365 [ForkJoinPool.commonPool-worker-1] INFO  ozoneimpl.OzoneContainer (OzoneContainer.java:stop(215)) - Attempting to stop container services.
2019-08-29 08:22:19,365 [ForkJoinPool.commonPool-worker-1] INFO  impl.RaftServerProxy (RaftServerProxy.java:lambda$close$4(314)) - 4e7efcb5-917e-488d-886e-16c99a39ab6f: close
2019-08-29 08:22:19,366 [ForkJoinPool.commonPool-worker-1] INFO  impl.RaftServerImpl (RaftServerImpl.java:lambda$shutdown$3(245)) - 4e7efcb5-917e-488d-886e-16c99a39ab6f: shutdown group-C7CEA64F060F
2019-08-29 08:22:19,366 [ForkJoinPool.commonPool-worker-1] INFO  util.JmxRegister (JmxRegister.java:unregister(73)) - Successfully un-registered JMX Bean with object name Ratis:service=RaftServer,group=group-C7CEA64F060F,id=4e7efcb5-917e-488d-886e-16c99a39ab6f
2019-08-29 08:22:19,366 [ForkJoinPool.commonPool-worker-1] INFO  impl.RoleInfo (RoleInfo.java:shutdownLeaderState(104)) - 4e7efcb5-917e-488d-886e-16c99a39ab6f: shutdown LeaderState
2019-08-29 08:22:19,369 [org.apache.ratis.server.impl.LogAppender$AppenderDaemon$$Lambda$485/761643499@23ee0115] WARN  server.GrpcLogAppender (GrpcLogAppender.java:mayWait(143)) - GrpcLogAppender(4e7efcb5-917e-488d-886e-16c99a39ab6f->67c35969-00c1-40e5-9eeb-9a2f6a2b337c): Wait interrupted by java.lang.InterruptedException
2019-08-29 08:22:19,369 [org.apache.ratis.server.impl.LogAppender$AppenderDaemon$$Lambda$485/761643499@66ec93ac] WARN  server.GrpcLogAppender (GrpcLogAppender.java:mayWait(143)) - GrpcLogAppender(4e7efcb5-917e-488d-886e-16c99a39ab6f->7fd4362d-ab2c-4d65-9042-74517d5987d2): Wait interrupted by java.lang.InterruptedException
2019-08-29 08:22:19,369 [Command processor thread] ERROR commandhandler.CloseContainerCommandHandler (CloseContainerCommandHandler.java:handle(124)) - Can't close container #1
java.io.IOException
	at org.apache.hadoop.ozone.container.common.transport.server.ratis.XceiverServerRatis.submitRequest(XceiverServerRatis.java:484)
	at org.apache.hadoop.ozone.container.common.statemachine.commandhandler.CloseContainerCommandHandler.handle(CloseContainerCommandHandler.java:109)
	at org.apache.hadoop.ozone.container.common.statemachine.commandhandler.CommandDispatcher.handle(CommandDispatcher.java:99)
	at org.apache.hadoop.ozone.container.common.statemachine.DatanodeStateMachine.lambda$initCommandHandlerThread$1(DatanodeStateMachine.java:432)
	at java.lang.Thread.run(Thread.java:748)
Caused by: java.lang.InterruptedException
	at java.util.concurrent.CompletableFuture.reportGet(CompletableFuture.java:347)
	at java.util.concurrent.CompletableFuture.get(CompletableFuture.java:1895)
	at org.apache.hadoop.ozone.container.common.transport.server.ratis.XceiverServerRatis.submitRequest(XceiverServerRatis.java:482)
	... 4 more
2019-08-29 08:22:19,369 [main] INFO  ozoneimpl.OzoneContainer (OzoneContainer.java:stop(215)) - Attempting to stop container services.
2019-08-29 08:22:19,369 [ForkJoinPool.commonPool-worker-1] INFO  impl.PendingRequests (PendingRequests.java:sendNotLeaderResponses(202)) - 4e7efcb5-917e-488d-886e-16c99a39ab6f-PendingRequests: sendNotLeaderResponses
2019-08-29 08:22:19,373 [main] INFO  impl.RaftServerProxy (RaftServerProxy.java:lambda$close$4(314)) - 5b56fd10-665b-4a03-90fc-42cf6e7ef5f6: close
2019-08-29 08:22:19,373 [grpc-default-executor-4] INFO  server.GrpcServerProtocolService (GrpcServerProtocolService.java:onCompleted(104)) - 7fd4362d-ab2c-4d65-9042-74517d5987d2: appendEntries completed
2019-08-29 08:22:19,376 [main] INFO  impl.RaftServerImpl (RaftServerImpl.java:lambda$shutdown$3(245)) - 5b56fd10-665b-4a03-90fc-42cf6e7ef5f6: shutdown group-D72C42C83A90
2019-08-29 08:22:19,377 [StateMachineUpdater:4e7efcb5-917e-488d-886e-16c99a39ab6f:group-C7CEA64F060F] INFO  ratis.ContainerStateMachine (ContainerStateMachine.java:takeSnapshot(284)) - group-C7CEA64F060F: Taking a snapshot at:(t:3, i:4) file /workdir/hadoop-ozone/integration-test/target/test-dir/MiniOzoneClusterImpl-ab0df1f0-a3d6-4d90-a98d-535794749ce9/datanode-0/data/ratis/9e93bfe6-bbbf-4ee0-bd70-c7cea64f060f/sm/snapshot.3_4
2019-08-29 08:22:19,376 [ForkJoinPool.commonPool-worker-1] INFO  impl.StateMachineUpdater (StateMachineUpdater.java:stopAndJoin(115)) - StateMachineUpdater:4e7efcb5-917e-488d-886e-16c99a39ab6f:group-C7CEA64F060F: set stopIndex = 4
2019-08-29 08:22:19,377 [main] INFO  util.JmxRegister (JmxRegister.java:unregister(73)) - Successfully un-registered JMX Bean with object name Ratis:service=RaftServer,group=group-D72C42C83A90,id=5b56fd10-665b-4a03-90fc-42cf6e7ef5f6
2019-08-29 08:22:19,377 [main] INFO  impl.RoleInfo (RoleInfo.java:shutdownLeaderState(104)) - 5b56fd10-665b-4a03-90fc-42cf6e7ef5f6: shutdown LeaderState
2019-08-29 08:22:19,378 [main] INFO  impl.PendingRequests (PendingRequests.java:sendNotLeaderResponses(202)) - 5b56fd10-665b-4a03-90fc-42cf6e7ef5f6-PendingRequests: sendNotLeaderResponses
2019-08-29 08:22:19,378 [main] INFO  impl.StateMachineUpdater (StateMachineUpdater.java:stopAndJoin(115)) - StateMachineUpdater:5b56fd10-665b-4a03-90fc-42cf6e7ef5f6:group-D72C42C83A90: set stopIndex = 0
2019-08-29 08:22:19,378 [grpc-default-executor-4] INFO  server.GrpcLogAppender (GrpcLogAppender.java:onCompleted(292)) - 4e7efcb5-917e-488d-886e-16c99a39ab6f->7fd4362d-ab2c-4d65-9042-74517d5987d2: follower responses appendEntries COMPLETED
2019-08-29 08:22:19,378 [main] INFO  impl.RaftServerImpl (ServerState.java:close(394)) - 5b56fd10-665b-4a03-90fc-42cf6e7ef5f6:group-D72C42C83A90 closes. The last applied log index is 0
2019-08-29 08:22:19,379 [grpc-default-executor-4] INFO  impl.FollowerInfo (FollowerInfo.java:lambda$new$0(50)) - 4e7efcb5-917e-488d-886e-16c99a39ab6f->7fd4362d-ab2c-4d65-9042-74517d5987d2: nextIndex: updateUnconditionally 5 -> 4
2019-08-29 08:22:19,379 [5b56fd10-665b-4a03-90fc-42cf6e7ef5f6-SegmentedRaftLogWorker:Storage Directory /workdir/hadoop-ozone/integration-test/target/test-dir/MiniOzoneClusterImpl-ab0df1f0-a3d6-4d90-a98d-535794749ce9/datanode-6/data/ratis/9a905605-37b3-4e25-bb1e-d72c42c83a90] INFO  segmented.SegmentedRaftLogWorker (SegmentedRaftLogWorker.java:run(313)) - 5b56fd10-665b-4a03-90fc-42cf6e7ef5f6-SegmentedRaftLogWorker:Storage Directory /workdir/hadoop-ozone/integration-test/target/test-dir/MiniOzoneClusterImpl-ab0df1f0-a3d6-4d90-a98d-535794749ce9/datanode-6/data/ratis/9a905605-37b3-4e25-bb1e-d72c42c83a90 was interrupted, exiting. There are 0 tasks remaining in the queue.
2019-08-29 08:22:19,380 [main] INFO  segmented.SegmentedRaftLogWorker (SegmentedRaftLogWorker.java:close(228)) - 5b56fd10-665b-4a03-90fc-42cf6e7ef5f6-SegmentedRaftLogWorker:Storage Directory /workdir/hadoop-ozone/integration-test/target/test-dir/MiniOzoneClusterImpl-ab0df1f0-a3d6-4d90-a98d-535794749ce9/datanode-6/data/ratis/9a905605-37b3-4e25-bb1e-d72c42c83a90 close()
2019-08-29 08:22:19,382 [main] INFO  impl.RaftServerImpl (RaftServerImpl.java:lambda$shutdown$3(245)) - 5b56fd10-665b-4a03-90fc-42cf6e7ef5f6: shutdown group-B80F1363D9BF
2019-08-29 08:22:19,383 [main] INFO  util.JmxRegister (JmxRegister.java:unregister(73)) - Successfully un-registered JMX Bean with object name Ratis:service=RaftServer,group=group-B80F1363D9BF,id=5b56fd10-665b-4a03-90fc-42cf6e7ef5f6
2019-08-29 08:22:19,383 [main] INFO  impl.RoleInfo (RoleInfo.java:shutdownFollowerState(121)) - 5b56fd10-665b-4a03-90fc-42cf6e7ef5f6: shutdown FollowerState
2019-08-29 08:22:19,383 [main] INFO  impl.StateMachineUpdater (StateMachineUpdater.java:stopAndJoin(115)) - StateMachineUpdater:5b56fd10-665b-4a03-90fc-42cf6e7ef5f6:group-B80F1363D9BF: set stopIndex = -1
2019-08-29 08:22:19,385 [main] INFO  impl.RaftServerImpl (ServerState.java:close(394)) - 5b56fd10-665b-4a03-90fc-42cf6e7ef5f6:group-B80F1363D9BF closes. The last applied log index is -1
2019-08-29 08:22:19,383 [Thread-503] INFO  impl.FollowerState (FollowerState.java:run(114)) - 5b56fd10-665b-4a03-90fc-42cf6e7ef5f6: FollowerState was interrupted: java.lang.InterruptedException: sleep interrupted
2019-08-29 08:22:19,385 [5b56fd10-665b-4a03-90fc-42cf6e7ef5f6-SegmentedRaftLogWorker:Storage Directory /workdir/hadoop-ozone/integration-test/target/test-dir/MiniOzoneClusterImpl-ab0df1f0-a3d6-4d90-a98d-535794749ce9/datanode-6/data/ratis/b4c2525f-b728-4c56-9cfa-b80f1363d9bf] INFO  segmented.SegmentedRaftLogWorker (SegmentedRaftLogWorker.java:run(313)) - 5b56fd10-665b-4a03-90fc-42cf6e7ef5f6-SegmentedRaftLogWorker:Storage Directory /workdir/hadoop-ozone/integration-test/target/test-dir/MiniOzoneClusterImpl-ab0df1f0-a3d6-4d90-a98d-535794749ce9/datanode-6/data/ratis/b4c2525f-b728-4c56-9cfa-b80f1363d9bf was interrupted, exiting. There are 0 tasks remaining in the queue.
2019-08-29 08:22:19,386 [main] INFO  segmented.SegmentedRaftLogWorker (SegmentedRaftLogWorker.java:close(228)) - 5b56fd10-665b-4a03-90fc-42cf6e7ef5f6-SegmentedRaftLogWorker:Storage Directory /workdir/hadoop-ozone/integration-test/target/test-dir/MiniOzoneClusterImpl-ab0df1f0-a3d6-4d90-a98d-535794749ce9/datanode-6/data/ratis/b4c2525f-b728-4c56-9cfa-b80f1363d9bf close()
2019-08-29 08:22:19,389 [main] INFO  impl.RaftServerImpl (RaftServerImpl.java:lambda$shutdown$3(245)) - 5b56fd10-665b-4a03-90fc-42cf6e7ef5f6: shutdown group-59CA74B7186E
2019-08-29 08:22:19,389 [main] INFO  util.JmxRegister (JmxRegister.java:unregister(73)) - Successfully un-registered JMX Bean with object name Ratis:service=RaftServer,group=group-59CA74B7186E,id=5b56fd10-665b-4a03-90fc-42cf6e7ef5f6
2019-08-29 08:22:19,389 [main] INFO  impl.RoleInfo (RoleInfo.java:shutdownLeaderState(104)) - 5b56fd10-665b-4a03-90fc-42cf6e7ef5f6: shutdown LeaderState
2019-08-29 08:22:19,392 [main] INFO  impl.PendingRequests (PendingRequests.java:sendNotLeaderResponses(202)) - 5b56fd10-665b-4a03-90fc-42cf6e7ef5f6-PendingRequests: sendNotLeaderResponses
2019-08-29 08:22:19,392 [org.apache.ratis.server.impl.LogAppender$AppenderDaemon$$Lambda$485/761643499@652e6e88] WARN  server.GrpcLogAppender (GrpcLogAppender.java:mayWait(143)) - GrpcLogAppender(5b56fd10-665b-4a03-90fc-42cf6e7ef5f6->6932ec02-23cf-49d5-bf63-101b997409d4): Wait interrupted by java.lang.InterruptedException
2019-08-29 08:22:19,392 [org.apache.ratis.server.impl.LogAppender$AppenderDaemon$$Lambda$485/761643499@202cf4e9] WARN  server.GrpcLogAppender (GrpcLogAppender.java:mayWait(143)) - GrpcLogAppender(5b56fd10-665b-4a03-90fc-42cf6e7ef5f6->98bb5522-a779-467f-a71e-3d66cbe7d5c3): Wait interrupted by java.lang.InterruptedException
2019-08-29 08:22:19,395 [main] INFO  impl.StateMachineUpdater (StateMachineUpdater.java:stopAndJoin(115)) - StateMachineUpdater:5b56fd10-665b-4a03-90fc-42cf6e7ef5f6:group-59CA74B7186E: set stopIndex = 16
2019-08-29 08:22:19,395 [StateMachineUpdater:5b56fd10-665b-4a03-90fc-42cf6e7ef5f6:group-59CA74B7186E] INFO  ratis.ContainerStateMachine (ContainerStateMachine.java:takeSnapshot(284)) - group-59CA74B7186E: Taking a snapshot at:(t:2, i:15) file /workdir/hadoop-ozone/integration-test/target/test-dir/MiniOzoneClusterImpl-ab0df1f0-a3d6-4d90-a98d-535794749ce9/datanode-6/data/ratis/e26ae616-4cf0-44c6-9636-59ca74b7186e/sm/snapshot.2_15
2019-08-29 08:22:19,448 [Thread-492] INFO  impl.FollowerState (FollowerState.java:run(106)) - 7fd4362d-ab2c-4d65-9042-74517d5987d2:group-172F803201ED changes to CANDIDATE, lastRpcTime:5008, electionTimeout:5008ms
2019-08-29 08:22:19,448 [Thread-492] INFO  impl.RoleInfo (RoleInfo.java:shutdownFollowerState(121)) - 7fd4362d-ab2c-4d65-9042-74517d5987d2: shutdown FollowerState
2019-08-29 08:22:19,448 [Thread-492] INFO  impl.RaftServerImpl (RaftServerImpl.java:setRole(171)) - 7fd4362d-ab2c-4d65-9042-74517d5987d2:group-172F803201ED changes role from FOLLOWER to CANDIDATE at term 0 for changeToCandidate
2019-08-29 08:22:19,448 [Thread-492] INFO  impl.RoleInfo (RoleInfo.java:updateAndGet(143)) - 7fd4362d-ab2c-4d65-9042-74517d5987d2: start LeaderElection
2019-08-29 08:22:19,628 [Thread-498] INFO  impl.FollowerState (FollowerState.java:run(106)) - 7fd4362d-ab2c-4d65-9042-74517d5987d2:group-B80F1363D9BF changes to CANDIDATE, lastRpcTime:5104, electionTimeout:5104ms
2019-08-29 08:22:19,628 [Thread-498] INFO  impl.RoleInfo (RoleInfo.java:shutdownFollowerState(121)) - 7fd4362d-ab2c-4d65-9042-74517d5987d2: shutdown FollowerState
2019-08-29 08:22:19,628 [Thread-498] INFO  impl.RaftServerImpl (RaftServerImpl.java:setRole(171)) - 7fd4362d-ab2c-4d65-9042-74517d5987d2:group-B80F1363D9BF changes role from FOLLOWER to CANDIDATE at term 0 for changeToCandidate
2019-08-29 08:22:19,628 [Thread-498] INFO  impl.RoleInfo (RoleInfo.java:updateAndGet(143)) - 7fd4362d-ab2c-4d65-9042-74517d5987d2: start LeaderElection
2019-08-29 08:22:19,645 [Thread-502] INFO  impl.FollowerState (FollowerState.java:run(106)) - 4e7efcb5-917e-488d-886e-16c99a39ab6f:group-B80F1363D9BF changes to CANDIDATE, lastRpcTime:5120, electionTimeout:5118ms
2019-08-29 08:22:19,645 [Thread-502] INFO  impl.RoleInfo (RoleInfo.java:shutdownFollowerState(121)) - 4e7efcb5-917e-488d-886e-16c99a39ab6f: shutdown FollowerState
2019-08-29 08:22:19,646 [Thread-502] INFO  impl.RaftServerImpl (RaftServerImpl.java:setRole(171)) - 4e7efcb5-917e-488d-886e-16c99a39ab6f:group-B80F1363D9BF changes role from FOLLOWER to CANDIDATE at term 0 for changeToCandidate
2019-08-29 08:22:19,646 [Thread-502] INFO  impl.RoleInfo (RoleInfo.java:updateAndGet(143)) - 4e7efcb5-917e-488d-886e-16c99a39ab6f: start LeaderElection
2019-08-29 08:22:19,658 [Thread-495] INFO  impl.FollowerState (FollowerState.java:run(106)) - 4e7efcb5-917e-488d-886e-16c99a39ab6f:group-D9FA3F372919 changes to CANDIDATE, lastRpcTime:5182, electionTimeout:5182ms
2019-08-29 08:22:19,658 [Thread-495] INFO  impl.RoleInfo (RoleInfo.java:shutdownFollowerState(121)) - 4e7efcb5-917e-488d-886e-16c99a39ab6f: shutdown FollowerState
2019-08-29 08:22:19,659 [Thread-495] INFO  impl.RaftServerImpl (RaftServerImpl.java:setRole(171)) - 4e7efcb5-917e-488d-886e-16c99a39ab6f:group-D9FA3F372919 changes role from FOLLOWER to CANDIDATE at term 0 for changeToCandidate
2019-08-29 08:22:19,659 [Thread-495] INFO  impl.RoleInfo (RoleInfo.java:updateAndGet(143)) - 4e7efcb5-917e-488d-886e-16c99a39ab6f: start LeaderElection
2019-08-29 08:22:19,942 [StateMachineUpdater:4e7efcb5-917e-488d-886e-16c99a39ab6f:group-C7CEA64F060F] INFO  ratis.ContainerStateMachine (ContainerStateMachine.java:takeSnapshot(295)) - group-C7CEA64F060F: Finished taking a snapshot at:(t:3, i:4) file:/workdir/hadoop-ozone/integration-test/target/test-dir/MiniOzoneClusterImpl-ab0df1f0-a3d6-4d90-a98d-535794749ce9/datanode-0/data/ratis/9e93bfe6-bbbf-4ee0-bd70-c7cea64f060f/sm/snapshot.3_4 time:565
2019-08-29 08:22:19,942 [7fd4362d-ab2c-4d65-9042-74517d5987d2:group-172F803201ED:LeaderElection17] INFO  impl.LeaderElection (LeaderElection.java:askForVotes(181)) - 7fd4362d-ab2c-4d65-9042-74517d5987d2:group-172F803201ED:LeaderElection17: begin an election at term 1 for -1: [7fd4362d-ab2c-4d65-9042-74517d5987d2:192.168.5.176:33357], old=null
2019-08-29 08:22:19,942 [4e7efcb5-917e-488d-886e-16c99a39ab6f:group-B80F1363D9BF:LeaderElection19] INFO  impl.LeaderElection (LeaderElection.java:askForVotes(181)) - 4e7efcb5-917e-488d-886e-16c99a39ab6f:group-B80F1363D9BF:LeaderElection19: begin an election at term 1 for -1: [5b56fd10-665b-4a03-90fc-42cf6e7ef5f6:192.168.5.176:44608, 7fd4362d-ab2c-4d65-9042-74517d5987d2:192.168.5.176:33357, 4e7efcb5-917e-488d-886e-16c99a39ab6f:192.168.5.176:46276], old=null
2019-08-29 08:22:19,942 [StateMachineUpdater:5b56fd10-665b-4a03-90fc-42cf6e7ef5f6:group-59CA74B7186E] INFO  ratis.ContainerStateMachine (ContainerStateMachine.java:takeSnapshot(295)) - group-59CA74B7186E: Finished taking a snapshot at:(t:2, i:15) file:/workdir/hadoop-ozone/integration-test/target/test-dir/MiniOzoneClusterImpl-ab0df1f0-a3d6-4d90-a98d-535794749ce9/datanode-6/data/ratis/e26ae616-4cf0-44c6-9636-59ca74b7186e/sm/snapshot.2_15 time:546
2019-08-29 08:22:19,942 [4e7efcb5-917e-488d-886e-16c99a39ab6f:group-D9FA3F372919:LeaderElection20] INFO  impl.LeaderElection (LeaderElection.java:askForVotes(181)) - 4e7efcb5-917e-488d-886e-16c99a39ab6f:group-D9FA3F372919:LeaderElection20: begin an election at term 1 for -1: [4e7efcb5-917e-488d-886e-16c99a39ab6f:192.168.5.176:46276], old=null
2019-08-29 08:22:19,942 [7fd4362d-ab2c-4d65-9042-74517d5987d2:group-B80F1363D9BF:LeaderElection18] INFO  impl.LeaderElection (LeaderElection.java:askForVotes(181)) - 7fd4362d-ab2c-4d65-9042-74517d5987d2:group-B80F1363D9BF:LeaderElection18: begin an election at term 1 for -1: [5b56fd10-665b-4a03-90fc-42cf6e7ef5f6:192.168.5.176:44608, 7fd4362d-ab2c-4d65-9042-74517d5987d2:192.168.5.176:33357, 4e7efcb5-917e-488d-886e-16c99a39ab6f:192.168.5.176:46276], old=null
2019-08-29 08:22:19,943 [4e7efcb5-917e-488d-886e-16c99a39ab6f:group-D9FA3F372919:LeaderElection20] INFO  impl.RoleInfo (RoleInfo.java:shutdownLeaderElection(134)) - 4e7efcb5-917e-488d-886e-16c99a39ab6f: shutdown LeaderElection
2019-08-29 08:22:19,942 [StateMachineUpdater:5b56fd10-665b-4a03-90fc-42cf6e7ef5f6:group-59CA74B7186E] INFO  impl.StateMachineUpdater (StateMachineUpdater.java:takeSnapshot(242)) - StateMachineUpdater:5b56fd10-665b-4a03-90fc-42cf6e7ef5f6:group-59CA74B7186E: Took a snapshot at index 15
2019-08-29 08:22:19,942 [7fd4362d-ab2c-4d65-9042-74517d5987d2:group-172F803201ED:LeaderElection17] INFO  impl.RoleInfo (RoleInfo.java:shutdownLeaderElection(134)) - 7fd4362d-ab2c-4d65-9042-74517d5987d2: shutdown LeaderElection
2019-08-29 08:22:19,943 [7fd4362d-ab2c-4d65-9042-74517d5987d2:group-172F803201ED:LeaderElection17] INFO  impl.RaftServerImpl (RaftServerImpl.java:setRole(171)) - 7fd4362d-ab2c-4d65-9042-74517d5987d2:group-172F803201ED changes role from CANDIDATE to LEADER at term 1 for changeToLeader
2019-08-29 08:22:19,942 [StateMachineUpdater:4e7efcb5-917e-488d-886e-16c99a39ab6f:group-C7CEA64F060F] INFO  impl.StateMachineUpdater (StateMachineUpdater.java:takeSnapshot(242)) - StateMachineUpdater:4e7efcb5-917e-488d-886e-16c99a39ab6f:group-C7CEA64F060F: Took a snapshot at index 4
2019-08-29 08:22:19,943 [7fd4362d-ab2c-4d65-9042-74517d5987d2:group-172F803201ED:LeaderElection17] INFO  impl.RaftServerImpl (ServerState.java:setLeader(263)) - 7fd4362d-ab2c-4d65-9042-74517d5987d2:group-172F803201ED change Leader from null to 7fd4362d-ab2c-4d65-9042-74517d5987d2 at term 1 for becomeLeader, leader elected after 5508ms
2019-08-29 08:22:19,943 [StateMachineUpdater:5b56fd10-665b-4a03-90fc-42cf6e7ef5f6:group-59CA74B7186E] INFO  impl.StateMachineUpdater (StateMachineUpdater.java:lambda$new$0(80)) - StateMachineUpdater:5b56fd10-665b-4a03-90fc-42cf6e7ef5f6:group-59CA74B7186E: snapshotIndex: updateIncreasingly -1 -> 15
2019-08-29 08:22:19,944 [7fd4362d-ab2c-4d65-9042-74517d5987d2:group-172F803201ED:LeaderElection17] INFO  server.RaftServerConfigKeys (ConfUtils.java:logGet(43)) - raft.server.staging.catchup.gap = 1000 (default)
2019-08-29 08:22:19,943 [4e7efcb5-917e-488d-886e-16c99a39ab6f:group-D9FA3F372919:LeaderElection20] INFO  impl.RaftServerImpl (RaftServerImpl.java:setRole(171)) - 4e7efcb5-917e-488d-886e-16c99a39ab6f:group-D9FA3F372919 changes role from CANDIDATE to LEADER at term 1 for changeToLeader
2019-08-29 08:22:19,944 [7fd4362d-ab2c-4d65-9042-74517d5987d2:group-172F803201ED:LeaderElection17] INFO  server.RaftServerConfigKeys (ConfUtils.java:logGet(43)) - raft.server.rpc.sleep.time = 25ms (default)
2019-08-29 08:22:19,943 [StateMachineUpdater:4e7efcb5-917e-488d-886e-16c99a39ab6f:group-C7CEA64F060F] INFO  impl.StateMachineUpdater (StateMachineUpdater.java:lambda$new$0(80)) - StateMachineUpdater:4e7efcb5-917e-488d-886e-16c99a39ab6f:group-C7CEA64F060F: snapshotIndex: updateIncreasingly -1 -> 4
2019-08-29 08:22:19,944 [main] INFO  impl.RaftServerImpl (ServerState.java:close(394)) - 5b56fd10-665b-4a03-90fc-42cf6e7ef5f6:group-59CA74B7186E closes. The last applied log index is 16
2019-08-29 08:22:19,944 [4e7efcb5-917e-488d-886e-16c99a39ab6f:group-D9FA3F372919:LeaderElection20] INFO  impl.RaftServerImpl (ServerState.java:setLeader(263)) - 4e7efcb5-917e-488d-886e-16c99a39ab6f:group-D9FA3F372919 change Leader from null to 4e7efcb5-917e-488d-886e-16c99a39ab6f at term 1 for becomeLeader, leader elected after 5471ms
2019-08-29 08:22:19,944 [ForkJoinPool.commonPool-worker-1] INFO  impl.RaftServerImpl (ServerState.java:close(394)) - 4e7efcb5-917e-488d-886e-16c99a39ab6f:group-C7CEA64F060F closes. The last applied log index is 4
2019-08-29 08:22:19,944 [7fd4362d-ab2c-4d65-9042-74517d5987d2:group-172F803201ED:LeaderElection17] INFO  server.RaftServerConfigKeys (ConfUtils.java:logGet(43)) - raft.server.write.element-limit = 4096 (default)
2019-08-29 08:22:19,945 [4e7efcb5-917e-488d-886e-16c99a39ab6f-SegmentedRaftLogWorker:Storage Directory /workdir/hadoop-ozone/integration-test/target/test-dir/MiniOzoneClusterImpl-ab0df1f0-a3d6-4d90-a98d-535794749ce9/datanode-0/data/ratis/9e93bfe6-bbbf-4ee0-bd70-c7cea64f060f] INFO  segmented.SegmentedRaftLogWorker (SegmentedRaftLogWorker.java:run(313)) - 4e7efcb5-917e-488d-886e-16c99a39ab6f-SegmentedRaftLogWorker:Storage Directory /workdir/hadoop-ozone/integration-test/target/test-dir/MiniOzoneClusterImpl-ab0df1f0-a3d6-4d90-a98d-535794749ce9/datanode-0/data/ratis/9e93bfe6-bbbf-4ee0-bd70-c7cea64f060f was interrupted, exiting. There are 0 tasks remaining in the queue.
2019-08-29 08:22:19,945 [4e7efcb5-917e-488d-886e-16c99a39ab6f:group-D9FA3F372919:LeaderElection20] INFO  server.RaftServerConfigKeys (ConfUtils.java:logGet(43)) - raft.server.staging.catchup.gap = 1000 (default)
2019-08-29 08:22:19,945 [5b56fd10-665b-4a03-90fc-42cf6e7ef5f6-SegmentedRaftLogWorker:Storage Directory /workdir/hadoop-ozone/integration-test/target/test-dir/MiniOzoneClusterImpl-ab0df1f0-a3d6-4d90-a98d-535794749ce9/datanode-6/data/ratis/e26ae616-4cf0-44c6-9636-59ca74b7186e] INFO  segmented.SegmentedRaftLogWorker (SegmentedRaftLogWorker.java:run(313)) - 5b56fd10-665b-4a03-90fc-42cf6e7ef5f6-SegmentedRaftLogWorker:Storage Directory /workdir/hadoop-ozone/integration-test/target/test-dir/MiniOzoneClusterImpl-ab0df1f0-a3d6-4d90-a98d-535794749ce9/datanode-6/data/ratis/e26ae616-4cf0-44c6-9636-59ca74b7186e was interrupted, exiting. There are 0 tasks remaining in the queue.
2019-08-29 08:22:19,947 [4e7efcb5-917e-488d-886e-16c99a39ab6f:group-D9FA3F372919:LeaderElection20] INFO  server.RaftServerConfigKeys (ConfUtils.java:logGet(43)) - raft.server.rpc.sleep.time = 25ms (default)
2019-08-29 08:22:19,947 [ForkJoinPool.commonPool-worker-1] INFO  segmented.SegmentedRaftLogWorker (SegmentedRaftLogWorker.java:close(228)) - 4e7efcb5-917e-488d-886e-16c99a39ab6f-SegmentedRaftLogWorker:Storage Directory /workdir/hadoop-ozone/integration-test/target/test-dir/MiniOzoneClusterImpl-ab0df1f0-a3d6-4d90-a98d-535794749ce9/datanode-0/data/ratis/9e93bfe6-bbbf-4ee0-bd70-c7cea64f060f close()
2019-08-29 08:22:19,945 [7fd4362d-ab2c-4d65-9042-74517d5987d2:group-172F803201ED:LeaderElection17] INFO  server.RaftServerConfigKeys (ConfUtils.java:logGet(43)) - raft.server.watch.timeout = 10s (default)
2019-08-29 08:22:19,948 [4e7efcb5-917e-488d-886e-16c99a39ab6f:group-D9FA3F372919:LeaderElection20] INFO  server.RaftServerConfigKeys (ConfUtils.java:logGet(43)) - raft.server.write.element-limit = 4096 (default)
2019-08-29 08:22:19,948 [main] INFO  segmented.SegmentedRaftLogWorker (SegmentedRaftLogWorker.java:close(228)) - 5b56fd10-665b-4a03-90fc-42cf6e7ef5f6-SegmentedRaftLogWorker:Storage Directory /workdir/hadoop-ozone/integration-test/target/test-dir/MiniOzoneClusterImpl-ab0df1f0-a3d6-4d90-a98d-535794749ce9/datanode-6/data/ratis/e26ae616-4cf0-44c6-9636-59ca74b7186e close()
2019-08-29 08:22:19,954 [4e7efcb5-917e-488d-886e-16c99a39ab6f:group-D9FA3F372919:LeaderElection20] INFO  server.RaftServerConfigKeys (ConfUtils.java:logGet(43)) - raft.server.watch.timeout = 10s (default)
2019-08-29 08:22:19,956 [main] INFO  server.GrpcService (GrpcService.java:closeImpl(155)) - 5b56fd10-665b-4a03-90fc-42cf6e7ef5f6: shutdown server with port 44608 now
2019-08-29 08:22:19,954 [ForkJoinPool.commonPool-worker-1] INFO  impl.RaftServerImpl (RaftServerImpl.java:lambda$shutdown$3(245)) - 4e7efcb5-917e-488d-886e-16c99a39ab6f: shutdown group-9ED342BC7AD4
2019-08-29 08:22:19,954 [7fd4362d-ab2c-4d65-9042-74517d5987d2:group-172F803201ED:LeaderElection17] INFO  server.RaftServerConfigKeys (ConfUtils.java:logGet(43)) - raft.server.watch.timeout.denomination = 1s (default)
2019-08-29 08:22:19,956 [ForkJoinPool.commonPool-worker-1] INFO  util.JmxRegister (JmxRegister.java:unregister(73)) - Successfully un-registered JMX Bean with object name Ratis:service=RaftServer,group=group-9ED342BC7AD4,id=4e7efcb5-917e-488d-886e-16c99a39ab6f
2019-08-29 08:22:19,956 [4e7efcb5-917e-488d-886e-16c99a39ab6f:group-D9FA3F372919:LeaderElection20] INFO  server.RaftServerConfigKeys (ConfUtils.java:logGet(43)) - raft.server.watch.timeout.denomination = 1s (default)
2019-08-29 08:22:19,957 [ForkJoinPool.commonPool-worker-1] INFO  impl.RoleInfo (RoleInfo.java:shutdownLeaderState(104)) - 4e7efcb5-917e-488d-886e-16c99a39ab6f: shutdown LeaderState
2019-08-29 08:22:19,956 [7fd4362d-ab2c-4d65-9042-74517d5987d2:group-172F803201ED:LeaderElection17] INFO  server.RaftServerConfigKeys (ConfUtils.java:logGet(43)) - raft.server.watch.element-limit = 65536 (default)
2019-08-29 08:22:19,957 [ForkJoinPool.commonPool-worker-1] INFO  impl.PendingRequests (PendingRequests.java:sendNotLeaderResponses(202)) - 4e7efcb5-917e-488d-886e-16c99a39ab6f-PendingRequests: sendNotLeaderResponses
2019-08-29 08:22:19,957 [main] INFO  server.GrpcService (GrpcService.java:closeImpl(163)) - 5b56fd10-665b-4a03-90fc-42cf6e7ef5f6: shutdown server with port 44608 successfully
2019-08-29 08:22:19,957 [4e7efcb5-917e-488d-886e-16c99a39ab6f:group-D9FA3F372919:LeaderElection20] INFO  server.RaftServerConfigKeys (ConfUtils.java:logGet(43)) - raft.server.watch.element-limit = 65536 (default)
2019-08-29 08:22:19,958 [ForkJoinPool.commonPool-worker-1] INFO  impl.StateMachineUpdater (StateMachineUpdater.java:stopAndJoin(115)) - StateMachineUpdater:4e7efcb5-917e-488d-886e-16c99a39ab6f:group-9ED342BC7AD4: set stopIndex = 0
2019-08-29 08:22:19,957 [grpc-default-executor-2] WARN  client.GrpcClientProtocolService (LogUtils.java:warn(134)) - 5-UnorderedRequestStreamObserver5: onError: org.apache.ratis.thirdparty.io.grpc.StatusRuntimeException: CANCELLED: cancelled before receiving half close
2019-08-29 08:22:19,957 [7fd4362d-ab2c-4d65-9042-74517d5987d2:group-172F803201ED:LeaderElection17] INFO  impl.RoleInfo (RoleInfo.java:updateAndGet(143)) - 7fd4362d-ab2c-4d65-9042-74517d5987d2: start LeaderState
2019-08-29 08:22:19,959 [ForkJoinPool.commonPool-worker-1] INFO  impl.RaftServerImpl (ServerState.java:close(394)) - 4e7efcb5-917e-488d-886e-16c99a39ab6f:group-9ED342BC7AD4 closes. The last applied log index is 0
2019-08-29 08:22:19,959 [7fd4362d-ab2c-4d65-9042-74517d5987d2:group-172F803201ED:LeaderElection17] INFO  segmented.SegmentedRaftLogWorker (SegmentedRaftLogWorker.java:startLogSegment(380)) - 7fd4362d-ab2c-4d65-9042-74517d5987d2-SegmentedRaftLogWorker:Storage Directory /workdir/hadoop-ozone/integration-test/target/test-dir/MiniOzoneClusterImpl-ab0df1f0-a3d6-4d90-a98d-535794749ce9/datanode-5/data/ratis/c799a909-8a2a-4073-9bc0-172f803201ed: Starting segment from index:0
2019-08-29 08:22:19,958 [4e7efcb5-917e-488d-886e-16c99a39ab6f:group-D9FA3F372919:LeaderElection20] INFO  impl.RoleInfo (RoleInfo.java:updateAndGet(143)) - 4e7efcb5-917e-488d-886e-16c99a39ab6f: start LeaderState
2019-08-29 08:22:19,960 [4e7efcb5-917e-488d-886e-16c99a39ab6f-SegmentedRaftLogWorker:Storage Directory /workdir/hadoop-ozone/integration-test/target/test-dir/MiniOzoneClusterImpl-ab0df1f0-a3d6-4d90-a98d-535794749ce9/datanode-0/data/ratis/fa7312ae-ccc9-4e71-a788-9ed342bc7ad4] INFO  segmented.SegmentedRaftLogWorker (SegmentedRaftLogWorker.java:run(313)) - 4e7efcb5-917e-488d-886e-16c99a39ab6f-SegmentedRaftLogWorker:Storage Directory /workdir/hadoop-ozone/integration-test/target/test-dir/MiniOzoneClusterImpl-ab0df1f0-a3d6-4d90-a98d-535794749ce9/datanode-0/data/ratis/fa7312ae-ccc9-4e71-a788-9ed342bc7ad4 was interrupted, exiting. There are 0 tasks remaining in the queue.
2019-08-29 08:22:19,960 [4e7efcb5-917e-488d-886e-16c99a39ab6f:group-B80F1363D9BF:LeaderElection19] INFO  impl.LeaderElection (LogUtils.java:infoOrTrace(149)) - 4e7efcb5-917e-488d-886e-16c99a39ab6f:group-B80F1363D9BF:LeaderElection19 got exception when requesting votes: {}
java.util.concurrent.ExecutionException: org.apache.ratis.thirdparty.io.grpc.StatusRuntimeException: UNAVAILABLE: HTTP/2 error code: NO_ERROR
Received Goaway
	at java.util.concurrent.FutureTask.report(FutureTask.java:122)
	at java.util.concurrent.FutureTask.get(FutureTask.java:192)
	at org.apache.ratis.server.impl.LeaderElection.waitForResults(LeaderElection.java:262)
	at org.apache.ratis.server.impl.LeaderElection.askForVotes(LeaderElection.java:200)
	at org.apache.ratis.server.impl.LeaderElection.run(LeaderElection.java:130)
	at java.lang.Thread.run(Thread.java:748)
Caused by: org.apache.ratis.thirdparty.io.grpc.StatusRuntimeException: UNAVAILABLE: HTTP/2 error code: NO_ERROR
Received Goaway
	at org.apache.ratis.thirdparty.io.grpc.stub.ClientCalls.toStatusRuntimeException(ClientCalls.java:233)
	at org.apache.ratis.thirdparty.io.grpc.stub.ClientCalls.getUnchecked(ClientCalls.java:214)
	at org.apache.ratis.thirdparty.io.grpc.stub.ClientCalls.blockingUnaryCall(ClientCalls.java:139)
	at org.apache.ratis.proto.grpc.RaftServerProtocolServiceGrpc$RaftServerProtocolServiceBlockingStub.requestVote(RaftServerProtocolServiceGrpc.java:265)
	at org.apache.ratis.grpc.server.GrpcServerProtocolClient.requestVote(GrpcServerProtocolClient.java:83)
	at org.apache.ratis.grpc.server.GrpcService.requestVote(GrpcService.java:195)
	at org.apache.ratis.server.impl.LeaderElection.lambda$submitRequests$1(LeaderElection.java:237)
	at java.util.concurrent.FutureTask.run(FutureTask.java:266)
	at java.util.concurrent.Executors$RunnableAdapter.call(Executors.java:511)
	at java.util.concurrent.FutureTask.run(FutureTask.java:266)
	at java.util.concurrent.ThreadPoolExecutor.runWorker(ThreadPoolExecutor.java:1149)
	at java.util.concurrent.ThreadPoolExecutor$Worker.run(ThreadPoolExecutor.java:624)
	... 1 more
2019-08-29 08:22:19,961 [7fd4362d-ab2c-4d65-9042-74517d5987d2:group-172F803201ED:LeaderElection17] INFO  impl.RaftServerImpl (ServerState.java:setRaftConf(361)) - 7fd4362d-ab2c-4d65-9042-74517d5987d2:group-172F803201ED set configuration 0: [7fd4362d-ab2c-4d65-9042-74517d5987d2:192.168.5.176:33357], old=null at 0
2019-08-29 08:22:19,960 [ForkJoinPool.commonPool-worker-1] INFO  segmented.SegmentedRaftLogWorker (SegmentedRaftLogWorker.java:close(228)) - 4e7efcb5-917e-488d-886e-16c99a39ab6f-SegmentedRaftLogWorker:Storage Directory /workdir/hadoop-ozone/integration-test/target/test-dir/MiniOzoneClusterImpl-ab0df1f0-a3d6-4d90-a98d-535794749ce9/datanode-0/data/ratis/fa7312ae-ccc9-4e71-a788-9ed342bc7ad4 close()
2019-08-29 08:22:19,960 [4e7efcb5-917e-488d-886e-16c99a39ab6f:group-D9FA3F372919:LeaderElection20] INFO  segmented.SegmentedRaftLogWorker (SegmentedRaftLogWorker.java:startLogSegment(380)) - 4e7efcb5-917e-488d-886e-16c99a39ab6f-SegmentedRaftLogWorker:Storage Directory /workdir/hadoop-ozone/integration-test/target/test-dir/MiniOzoneClusterImpl-ab0df1f0-a3d6-4d90-a98d-535794749ce9/datanode-0/data/ratis/0e2607cc-987c-4ab0-8c0d-d9fa3f372919: Starting segment from index:0
2019-08-29 08:22:19,960 [7fd4362d-ab2c-4d65-9042-74517d5987d2:group-B80F1363D9BF:LeaderElection18] INFO  impl.LeaderElection (LogUtils.java:infoOrTrace(149)) - 7fd4362d-ab2c-4d65-9042-74517d5987d2:group-B80F1363D9BF:LeaderElection18 got exception when requesting votes: {}
java.util.concurrent.ExecutionException: org.apache.ratis.thirdparty.io.grpc.StatusRuntimeException: UNAVAILABLE: HTTP/2 error code: NO_ERROR
Received Goaway
	at java.util.concurrent.FutureTask.report(FutureTask.java:122)
	at java.util.concurrent.FutureTask.get(FutureTask.java:192)
	at org.apache.ratis.server.impl.LeaderElection.waitForResults(LeaderElection.java:262)
	at org.apache.ratis.server.impl.LeaderElection.askForVotes(LeaderElection.java:200)
	at org.apache.ratis.server.impl.LeaderElection.run(LeaderElection.java:130)
	at java.lang.Thread.run(Thread.java:748)
Caused by: org.apache.ratis.thirdparty.io.grpc.StatusRuntimeException: UNAVAILABLE: HTTP/2 error code: NO_ERROR
Received Goaway
	at org.apache.ratis.thirdparty.io.grpc.stub.ClientCalls.toStatusRuntimeException(ClientCalls.java:233)
	at org.apache.ratis.thirdparty.io.grpc.stub.ClientCalls.getUnchecked(ClientCalls.java:214)
	at org.apache.ratis.thirdparty.io.grpc.stub.ClientCalls.blockingUnaryCall(ClientCalls.java:139)
	at org.apache.ratis.proto.grpc.RaftServerProtocolServiceGrpc$RaftServerProtocolServiceBlockingStub.requestVote(RaftServerProtocolServiceGrpc.java:265)
	at org.apache.ratis.grpc.server.GrpcServerProtocolClient.requestVote(GrpcServerProtocolClient.java:83)
	at org.apache.ratis.grpc.server.GrpcService.requestVote(GrpcService.java:195)
	at org.apache.ratis.server.impl.LeaderElection.lambda$submitRequests$1(LeaderElection.java:237)
	at java.util.concurrent.FutureTask.run(FutureTask.java:266)
	at java.util.concurrent.Executors$RunnableAdapter.call(Executors.java:511)
	at java.util.concurrent.FutureTask.run(FutureTask.java:266)
	at java.util.concurrent.ThreadPoolExecutor.runWorker(ThreadPoolExecutor.java:1149)
	at java.util.concurrent.ThreadPoolExecutor$Worker.run(ThreadPoolExecutor.java:624)
	... 1 more
2019-08-29 08:22:19,960 [refreshUsed-/workdir/hadoop-ozone/integration-test/target/test-dir/MiniOzoneClusterImpl-ab0df1f0-a3d6-4d90-a98d-535794749ce9/datanode-6/data/containers] WARN  fs.CachingGetSpaceUsed (CachingGetSpaceUsed.java:run(183)) - Thread Interrupted waiting to refresh disk information: sleep interrupted
2019-08-29 08:22:19,997 [4e7efcb5-917e-488d-886e-16c99a39ab6f:group-D9FA3F372919:LeaderElection20] INFO  impl.RaftServerImpl (ServerState.java:setRaftConf(361)) - 4e7efcb5-917e-488d-886e-16c99a39ab6f:group-D9FA3F372919 set configuration 0: [4e7efcb5-917e-488d-886e-16c99a39ab6f:192.168.5.176:46276], old=null at 0
2019-08-29 08:22:19,996 [ForkJoinPool.commonPool-worker-1] INFO  impl.RaftServerImpl (RaftServerImpl.java:lambda$shutdown$3(245)) - 4e7efcb5-917e-488d-886e-16c99a39ab6f: shutdown group-B80F1363D9BF
2019-08-29 08:22:19,993 [4e7efcb5-917e-488d-886e-16c99a39ab6f:group-B80F1363D9BF:LeaderElection19] INFO  impl.LeaderElection (LeaderElection.java:logAndReturn(56)) - 4e7efcb5-917e-488d-886e-16c99a39ab6f:group-B80F1363D9BF:LeaderElection19: Election REJECTED; received 1 response(s) [4e7efcb5-917e-488d-886e-16c99a39ab6f<-7fd4362d-ab2c-4d65-9042-74517d5987d2#0:FAIL-t1] and 1 exception(s); 4e7efcb5-917e-488d-886e-16c99a39ab6f:t1, leader=null, voted=4e7efcb5-917e-488d-886e-16c99a39ab6f, raftlog=4e7efcb5-917e-488d-886e-16c99a39ab6f-SegmentedRaftLog:OPENED:c-1,f-1,i0, conf=-1: [5b56fd10-665b-4a03-90fc-42cf6e7ef5f6:192.168.5.176:44608, 7fd4362d-ab2c-4d65-9042-74517d5987d2:192.168.5.176:33357, 4e7efcb5-917e-488d-886e-16c99a39ab6f:192.168.5.176:46276], old=null
2019-08-29 08:22:20,026 [ForkJoinPool.commonPool-worker-1] INFO  util.JmxRegister (JmxRegister.java:unregister(73)) - Successfully un-registered JMX Bean with object name Ratis:service=RaftServer,group=group-B80F1363D9BF,id=4e7efcb5-917e-488d-886e-16c99a39ab6f
2019-08-29 08:22:20,026 [ForkJoinPool.commonPool-worker-1] INFO  impl.RoleInfo (RoleInfo.java:shutdownLeaderElection(134)) - 4e7efcb5-917e-488d-886e-16c99a39ab6f: shutdown LeaderElection
2019-08-29 08:22:20,000 [7fd4362d-ab2c-4d65-9042-74517d5987d2:group-B80F1363D9BF:LeaderElection18] INFO  impl.LeaderElection (LeaderElection.java:logAndReturn(56)) - 7fd4362d-ab2c-4d65-9042-74517d5987d2:group-B80F1363D9BF:LeaderElection18: Election REJECTED; received 1 response(s) [7fd4362d-ab2c-4d65-9042-74517d5987d2<-4e7efcb5-917e-488d-886e-16c99a39ab6f#0:FAIL-t1] and 1 exception(s); 7fd4362d-ab2c-4d65-9042-74517d5987d2:t1, leader=null, voted=7fd4362d-ab2c-4d65-9042-74517d5987d2, raftlog=7fd4362d-ab2c-4d65-9042-74517d5987d2-SegmentedRaftLog:OPENED:c-1,f-1,i0, conf=-1: [5b56fd10-665b-4a03-90fc-42cf6e7ef5f6:192.168.5.176:44608, 7fd4362d-ab2c-4d65-9042-74517d5987d2:192.168.5.176:33357, 4e7efcb5-917e-488d-886e-16c99a39ab6f:192.168.5.176:46276], old=null
2019-08-29 08:22:20,027 [ForkJoinPool.commonPool-worker-1] INFO  impl.StateMachineUpdater (StateMachineUpdater.java:stopAndJoin(115)) - StateMachineUpdater:4e7efcb5-917e-488d-886e-16c99a39ab6f:group-B80F1363D9BF: set stopIndex = -1
2019-08-29 08:22:20,027 [4e7efcb5-917e-488d-886e-16c99a39ab6f:group-B80F1363D9BF:LeaderElection19] INFO  impl.LeaderElection (LogUtils.java:infoOrTrace(149)) -   Exception 0: {}
java.util.concurrent.ExecutionException: org.apache.ratis.thirdparty.io.grpc.StatusRuntimeException: UNAVAILABLE: HTTP/2 error code: NO_ERROR
Received Goaway
	at java.util.concurrent.FutureTask.report(FutureTask.java:122)
	at java.util.concurrent.FutureTask.get(FutureTask.java:192)
	at org.apache.ratis.server.impl.LeaderElection.waitForResults(LeaderElection.java:262)
	at org.apache.ratis.server.impl.LeaderElection.askForVotes(LeaderElection.java:200)
	at org.apache.ratis.server.impl.LeaderElection.run(LeaderElection.java:130)
	at java.lang.Thread.run(Thread.java:748)
Caused by: org.apache.ratis.thirdparty.io.grpc.StatusRuntimeException: UNAVAILABLE: HTTP/2 error code: NO_ERROR
Received Goaway
	at org.apache.ratis.thirdparty.io.grpc.stub.ClientCalls.toStatusRuntimeException(ClientCalls.java:233)
	at org.apache.ratis.thirdparty.io.grpc.stub.ClientCalls.getUnchecked(ClientCalls.java:214)
	at org.apache.ratis.thirdparty.io.grpc.stub.ClientCalls.blockingUnaryCall(ClientCalls.java:139)
	at org.apache.ratis.proto.grpc.RaftServerProtocolServiceGrpc$RaftServerProtocolServiceBlockingStub.requestVote(RaftServerProtocolServiceGrpc.java:265)
	at org.apache.ratis.grpc.server.GrpcServerProtocolClient.requestVote(GrpcServerProtocolClient.java:83)
	at org.apache.ratis.grpc.server.GrpcService.requestVote(GrpcService.java:195)
	at org.apache.ratis.server.impl.LeaderElection.lambda$submitRequests$1(LeaderElection.java:237)
	at java.util.concurrent.FutureTask.run(FutureTask.java:266)
	at java.util.concurrent.Executors$RunnableAdapter.call(Executors.java:511)
	at java.util.concurrent.FutureTask.run(FutureTask.java:266)
	at java.util.concurrent.ThreadPoolExecutor.runWorker(ThreadPoolExecutor.java:1149)
	at java.util.concurrent.ThreadPoolExecutor$Worker.run(ThreadPoolExecutor.java:624)
	... 1 more
2019-08-29 08:22:20,028 [7fd4362d-ab2c-4d65-9042-74517d5987d2:group-B80F1363D9BF:LeaderElection18] INFO  impl.LeaderElection (LogUtils.java:infoOrTrace(149)) -   Exception 0: {}
java.util.concurrent.ExecutionException: org.apache.ratis.thirdparty.io.grpc.StatusRuntimeException: UNAVAILABLE: HTTP/2 error code: NO_ERROR
Received Goaway
	at java.util.concurrent.FutureTask.report(FutureTask.java:122)
	at java.util.concurrent.FutureTask.get(FutureTask.java:192)
	at org.apache.ratis.server.impl.LeaderElection.waitForResults(LeaderElection.java:262)
	at org.apache.ratis.server.impl.LeaderElection.askForVotes(LeaderElection.java:200)
	at org.apache.ratis.server.impl.LeaderElection.run(LeaderElection.java:130)
	at java.lang.Thread.run(Thread.java:748)
Caused by: org.apache.ratis.thirdparty.io.grpc.StatusRuntimeException: UNAVAILABLE: HTTP/2 error code: NO_ERROR
Received Goaway
	at org.apache.ratis.thirdparty.io.grpc.stub.ClientCalls.toStatusRuntimeException(ClientCalls.java:233)
	at org.apache.ratis.thirdparty.io.grpc.stub.ClientCalls.getUnchecked(ClientCalls.java:214)
	at org.apache.ratis.thirdparty.io.grpc.stub.ClientCalls.blockingUnaryCall(ClientCalls.java:139)
	at org.apache.ratis.proto.grpc.RaftServerProtocolServiceGrpc$RaftServerProtocolServiceBlockingStub.requestVote(RaftServerProtocolServiceGrpc.java:265)
	at org.apache.ratis.grpc.server.GrpcServerProtocolClient.requestVote(GrpcServerProtocolClient.java:83)
	at org.apache.ratis.grpc.server.GrpcService.requestVote(GrpcService.java:195)
	at org.apache.ratis.server.impl.LeaderElection.lambda$submitRequests$1(LeaderElection.java:237)
	at java.util.concurrent.FutureTask.run(FutureTask.java:266)
	at java.util.concurrent.Executors$RunnableAdapter.call(Executors.java:511)
	at java.util.concurrent.FutureTask.run(FutureTask.java:266)
	at java.util.concurrent.ThreadPoolExecutor.runWorker(ThreadPoolExecutor.java:1149)
	at java.util.concurrent.ThreadPoolExecutor$Worker.run(ThreadPoolExecutor.java:624)
	... 1 more
2019-08-29 08:22:20,028 [ForkJoinPool.commonPool-worker-1] INFO  impl.RaftServerImpl (ServerState.java:close(394)) - 4e7efcb5-917e-488d-886e-16c99a39ab6f:group-B80F1363D9BF closes. The last applied log index is -1
2019-08-29 08:22:20,030 [7fd4362d-ab2c-4d65-9042-74517d5987d2:group-B80F1363D9BF:LeaderElection18] INFO  impl.RaftServerImpl (RaftServerImpl.java:setRole(171)) - 7fd4362d-ab2c-4d65-9042-74517d5987d2:group-B80F1363D9BF changes role from CANDIDATE to FOLLOWER at term 1 for DISCOVERED_A_NEW_TERM
2019-08-29 08:22:20,031 [7fd4362d-ab2c-4d65-9042-74517d5987d2:group-B80F1363D9BF:LeaderElection18] INFO  impl.RoleInfo (RoleInfo.java:shutdownLeaderElection(134)) - 7fd4362d-ab2c-4d65-9042-74517d5987d2: shutdown LeaderElection
2019-08-29 08:22:20,031 [4e7efcb5-917e-488d-886e-16c99a39ab6f-SegmentedRaftLogWorker:Storage Directory /workdir/hadoop-ozone/integration-test/target/test-dir/MiniOzoneClusterImpl-ab0df1f0-a3d6-4d90-a98d-535794749ce9/datanode-0/data/ratis/b4c2525f-b728-4c56-9cfa-b80f1363d9bf] INFO  segmented.SegmentedRaftLogWorker (SegmentedRaftLogWorker.java:run(313)) - 4e7efcb5-917e-488d-886e-16c99a39ab6f-SegmentedRaftLogWorker:Storage Directory /workdir/hadoop-ozone/integration-test/target/test-dir/MiniOzoneClusterImpl-ab0df1f0-a3d6-4d90-a98d-535794749ce9/datanode-0/data/ratis/b4c2525f-b728-4c56-9cfa-b80f1363d9bf was interrupted, exiting. There are 0 tasks remaining in the queue.
2019-08-29 08:22:20,031 [ForkJoinPool.commonPool-worker-1] INFO  segmented.SegmentedRaftLogWorker (SegmentedRaftLogWorker.java:close(228)) - 4e7efcb5-917e-488d-886e-16c99a39ab6f-SegmentedRaftLogWorker:Storage Directory /workdir/hadoop-ozone/integration-test/target/test-dir/MiniOzoneClusterImpl-ab0df1f0-a3d6-4d90-a98d-535794749ce9/datanode-0/data/ratis/b4c2525f-b728-4c56-9cfa-b80f1363d9bf close()
2019-08-29 08:22:20,031 [7fd4362d-ab2c-4d65-9042-74517d5987d2:group-B80F1363D9BF:LeaderElection18] INFO  impl.RoleInfo (RoleInfo.java:updateAndGet(143)) - 7fd4362d-ab2c-4d65-9042-74517d5987d2: start FollowerState
2019-08-29 08:22:20,033 [ForkJoinPool.commonPool-worker-1] INFO  impl.RaftServerImpl (RaftServerImpl.java:lambda$shutdown$3(245)) - 4e7efcb5-917e-488d-886e-16c99a39ab6f: shutdown group-D9FA3F372919
2019-08-29 08:22:20,034 [ForkJoinPool.commonPool-worker-1] INFO  util.JmxRegister (JmxRegister.java:unregister(73)) - Successfully un-registered JMX Bean with object name Ratis:service=RaftServer,group=group-D9FA3F372919,id=4e7efcb5-917e-488d-886e-16c99a39ab6f
2019-08-29 08:22:20,034 [ForkJoinPool.commonPool-worker-1] INFO  impl.RoleInfo (RoleInfo.java:shutdownLeaderState(104)) - 4e7efcb5-917e-488d-886e-16c99a39ab6f: shutdown LeaderState
2019-08-29 08:22:20,035 [ForkJoinPool.commonPool-worker-1] INFO  impl.PendingRequests (PendingRequests.java:sendNotLeaderResponses(202)) - 4e7efcb5-917e-488d-886e-16c99a39ab6f-PendingRequests: sendNotLeaderResponses
2019-08-29 08:22:20,035 [ForkJoinPool.commonPool-worker-1] INFO  impl.StateMachineUpdater (StateMachineUpdater.java:stopAndJoin(115)) - StateMachineUpdater:4e7efcb5-917e-488d-886e-16c99a39ab6f:group-D9FA3F372919: set stopIndex = -1
2019-08-29 08:22:20,036 [ForkJoinPool.commonPool-worker-1] INFO  impl.RaftServerImpl (ServerState.java:close(394)) - 4e7efcb5-917e-488d-886e-16c99a39ab6f:group-D9FA3F372919 closes. The last applied log index is -1
2019-08-29 08:22:20,044 [main] INFO  utils.BackgroundService (BackgroundService.java:shutdown(148)) - Shutting down service BlockDeletingService
2019-08-29 08:22:20,048 [main] INFO  statemachine.DatanodeStateMachine (DatanodeStateMachine.java:stopDaemon(395)) - Ozone container server stopped.
2019-08-29 08:22:20,076 [main] INFO  handler.ContextHandler (ContextHandler.java:doStop(910)) - Stopped o.e.j.w.WebAppContext@44065156{/,null,UNAVAILABLE}{/hddsDatanode}
2019-08-29 08:22:20,076 [main] INFO  server.AbstractConnector (AbstractConnector.java:doStop(318)) - Stopped ServerConnector@3791f50e{HTTP/1.1,[http/1.1]}{0.0.0.0:0}
2019-08-29 08:22:20,077 [main] INFO  handler.ContextHandler (ContextHandler.java:doStop(910)) - Stopped o.e.j.s.ServletContextHandler@d613308{/static,jar:file:/home/user/.m2/repository/org/apache/hadoop/hadoop-hdds-container-service/0.5.0-SNAPSHOT/hadoop-hdds-container-service-0.5.0-SNAPSHOT.jar!/webapps/static,UNAVAILABLE}
2019-08-29 08:22:20,077 [main] INFO  handler.ContextHandler (ContextHandler.java:doStop(910)) - Stopped o.e.j.s.ServletContextHandler@f4a3a8d{/logs,file:///workdir/hadoop-ozone/integration-test/target/log,UNAVAILABLE}
2019-08-29 08:22:20,261 [Datanode State Machine Thread - 0] INFO  statemachine.DatanodeStateMachine (DatanodeStateMachine.java:lambda$startDaemon$0(350)) - Ozone container server started.
2019-08-29 08:22:20,368 [7fd4362d-ab2c-4d65-9042-74517d5987d2-SegmentedRaftLogWorker:Storage Directory /workdir/hadoop-ozone/integration-test/target/test-dir/MiniOzoneClusterImpl-ab0df1f0-a3d6-4d90-a98d-535794749ce9/datanode-5/data/ratis/c799a909-8a2a-4073-9bc0-172f803201ed] INFO  segmented.SegmentedRaftLogWorker (SegmentedRaftLogWorker.java:execute(569)) - 7fd4362d-ab2c-4d65-9042-74517d5987d2-SegmentedRaftLogWorker:Storage Directory /workdir/hadoop-ozone/integration-test/target/test-dir/MiniOzoneClusterImpl-ab0df1f0-a3d6-4d90-a98d-535794749ce9/datanode-5/data/ratis/c799a909-8a2a-4073-9bc0-172f803201ed: created new log segment /workdir/hadoop-ozone/integration-test/target/test-dir/MiniOzoneClusterImpl-ab0df1f0-a3d6-4d90-a98d-535794749ce9/datanode-5/data/ratis/c799a909-8a2a-4073-9bc0-172f803201ed/current/log_inprogress_0
2019-08-29 08:22:20,370 [4e7efcb5-917e-488d-886e-16c99a39ab6f-SegmentedRaftLogWorker:Storage Directory /workdir/hadoop-ozone/integration-test/target/test-dir/MiniOzoneClusterImpl-ab0df1f0-a3d6-4d90-a98d-535794749ce9/datanode-0/data/ratis/0e2607cc-987c-4ab0-8c0d-d9fa3f372919] WARN  segmented.SegmentedRaftLogOutputStream (SegmentedRaftLogOutputStream.java:<init>(77)) - Hit IOException while creating log segment /workdir/hadoop-ozone/integration-test/target/test-dir/MiniOzoneClusterImpl-ab0df1f0-a3d6-4d90-a98d-535794749ce9/datanode-0/data/ratis/0e2607cc-987c-4ab0-8c0d-d9fa3f372919/current/log_inprogress_0, delete the partial file.
2019-08-29 08:22:20,373 [ForkJoinPool.commonPool-worker-1] INFO  segmented.SegmentedRaftLogWorker (SegmentedRaftLogWorker.java:close(228)) - 4e7efcb5-917e-488d-886e-16c99a39ab6f-SegmentedRaftLogWorker:Storage Directory /workdir/hadoop-ozone/integration-test/target/test-dir/MiniOzoneClusterImpl-ab0df1f0-a3d6-4d90-a98d-535794749ce9/datanode-0/data/ratis/0e2607cc-987c-4ab0-8c0d-d9fa3f372919 close()
2019-08-29 08:22:20,375 [ForkJoinPool.commonPool-worker-1] INFO  server.GrpcService (GrpcService.java:closeImpl(155)) - 4e7efcb5-917e-488d-886e-16c99a39ab6f: shutdown server with port 46276 now
2019-08-29 08:22:20,378 [ForkJoinPool.commonPool-worker-1] INFO  server.GrpcService (GrpcService.java:closeImpl(163)) - 4e7efcb5-917e-488d-886e-16c99a39ab6f: shutdown server with port 46276 successfully
2019-08-29 08:22:20,390 [refreshUsed-/workdir/hadoop-ozone/integration-test/target/test-dir/MiniOzoneClusterImpl-ab0df1f0-a3d6-4d90-a98d-535794749ce9/datanode-0/data/containers] WARN  fs.CachingGetSpaceUsed (CachingGetSpaceUsed.java:run(183)) - Thread Interrupted waiting to refresh disk information: sleep interrupted
2019-08-29 08:22:20,403 [ForkJoinPool.commonPool-worker-1] INFO  utils.BackgroundService (BackgroundService.java:shutdown(148)) - Shutting down service BlockDeletingService
2019-08-29 08:22:20,406 [ForkJoinPool.commonPool-worker-1] INFO  statemachine.DatanodeStateMachine (DatanodeStateMachine.java:stopDaemon(395)) - Ozone container server stopped.
2019-08-29 08:22:20,410 [ForkJoinPool.commonPool-worker-1] INFO  handler.ContextHandler (ContextHandler.java:doStop(910)) - Stopped o.e.j.w.WebAppContext@7b306b9f{/,null,UNAVAILABLE}{/hddsDatanode}
2019-08-29 08:22:20,411 [ForkJoinPool.commonPool-worker-1] INFO  server.AbstractConnector (AbstractConnector.java:doStop(318)) - Stopped ServerConnector@142213d5{HTTP/1.1,[http/1.1]}{0.0.0.0:0}
2019-08-29 08:22:20,412 [ForkJoinPool.commonPool-worker-1] INFO  handler.ContextHandler (ContextHandler.java:doStop(910)) - Stopped o.e.j.s.ServletContextHandler@17fa1336{/static,jar:file:/home/user/.m2/repository/org/apache/hadoop/hadoop-hdds-container-service/0.5.0-SNAPSHOT/hadoop-hdds-container-service-0.5.0-SNAPSHOT.jar!/webapps/static,UNAVAILABLE}
2019-08-29 08:22:20,413 [ForkJoinPool.commonPool-worker-1] INFO  handler.ContextHandler (ContextHandler.java:doStop(910)) - Stopped o.e.j.s.ServletContextHandler@1457fde{/logs,file:///workdir/hadoop-ozone/integration-test/target/log,UNAVAILABLE}
2019-08-29 08:22:24,362 [EventQueue-StaleNodeForStaleNodeHandler] INFO  node.StaleNodeHandler (StaleNodeHandler.java:onMessage(58)) - Datanode 7fd4362d-ab2c-4d65-9042-74517d5987d2{ip: 192.168.5.176, host: pr-hdds-1909-44d2n-1519487446, networkLocation: /default-rack, certSerialId: null} moved to stale state. Finalizing its pipelines [PipelineID=d4fe32f7-3116-470d-8a0f-d00f62aec1de, PipelineID=9e93bfe6-bbbf-4ee0-bd70-c7cea64f060f, PipelineID=c799a909-8a2a-4073-9bc0-172f803201ed, PipelineID=b4c2525f-b728-4c56-9cfa-b80f1363d9bf]
2019-08-29 08:22:24,362 [EventQueue-StaleNodeForStaleNodeHandler] INFO  pipeline.SCMPipelineManager (SCMPipelineManager.java:finalizeAndDestroyPipeline(309)) - destroying pipeline:Pipeline[ Id: d4fe32f7-3116-470d-8a0f-d00f62aec1de, Nodes: 7fd4362d-ab2c-4d65-9042-74517d5987d2{ip: 192.168.5.176, host: pr-hdds-1909-44d2n-1519487446, networkLocation: /default-rack, certSerialId: null}, Type:RATIS, Factor:ONE, State:CLOSED]
2019-08-29 08:22:24,362 [EventQueue-StaleNodeForStaleNodeHandler] INFO  pipeline.SCMPipelineManager (SCMPipelineManager.java:finalizeAndDestroyPipeline(309)) - destroying pipeline:Pipeline[ Id: 9e93bfe6-bbbf-4ee0-bd70-c7cea64f060f, Nodes: 7fd4362d-ab2c-4d65-9042-74517d5987d2{ip: 192.168.5.176, host: pr-hdds-1909-44d2n-1519487446, networkLocation: /default-rack, certSerialId: null}4e7efcb5-917e-488d-886e-16c99a39ab6f{ip: 192.168.5.176, host: pr-hdds-1909-44d2n-1519487446, networkLocation: /default-rack, certSerialId: null}67c35969-00c1-40e5-9eeb-9a2f6a2b337c{ip: 192.168.5.176, host: pr-hdds-1909-44d2n-1519487446, networkLocation: /default-rack, certSerialId: null}, Type:RATIS, Factor:THREE, State:CLOSED]
2019-08-29 08:22:24,363 [EventQueue-StaleNodeForStaleNodeHandler] INFO  pipeline.SCMPipelineManager (SCMPipelineManager.java:finalizeAndDestroyPipeline(309)) - destroying pipeline:Pipeline[ Id: c799a909-8a2a-4073-9bc0-172f803201ed, Nodes: 7fd4362d-ab2c-4d65-9042-74517d5987d2{ip: 192.168.5.176, host: pr-hdds-1909-44d2n-1519487446, networkLocation: /default-rack, certSerialId: null}, Type:RATIS, Factor:ONE, State:OPEN]
2019-08-29 08:22:24,363 [EventQueue-StaleNodeForStaleNodeHandler] INFO  pipeline.PipelineStateManager (PipelineStateManager.java:finalizePipeline(123)) - Pipeline Pipeline[ Id: c799a909-8a2a-4073-9bc0-172f803201ed, Nodes: 7fd4362d-ab2c-4d65-9042-74517d5987d2{ip: 192.168.5.176, host: pr-hdds-1909-44d2n-1519487446, networkLocation: /default-rack, certSerialId: null}, Type:RATIS, Factor:ONE, State:CLOSED] moved to CLOSED state
2019-08-29 08:22:24,363 [EventQueue-StaleNodeForStaleNodeHandler] INFO  pipeline.SCMPipelineManager (SCMPipelineManager.java:finalizeAndDestroyPipeline(309)) - destroying pipeline:Pipeline[ Id: b4c2525f-b728-4c56-9cfa-b80f1363d9bf, Nodes: 5b56fd10-665b-4a03-90fc-42cf6e7ef5f6{ip: 192.168.5.176, host: pr-hdds-1909-44d2n-1519487446, networkLocation: /default-rack, certSerialId: null}7fd4362d-ab2c-4d65-9042-74517d5987d2{ip: 192.168.5.176, host: pr-hdds-1909-44d2n-1519487446, networkLocation: /default-rack, certSerialId: null}4e7efcb5-917e-488d-886e-16c99a39ab6f{ip: 192.168.5.176, host: pr-hdds-1909-44d2n-1519487446, networkLocation: /default-rack, certSerialId: null}, Type:RATIS, Factor:THREE, State:CLOSED]
2019-08-29 08:22:24,392 [Thread-356] INFO  impl.FollowerState (FollowerState.java:run(106)) - 7fd4362d-ab2c-4d65-9042-74517d5987d2:group-C7CEA64F060F changes to CANDIDATE, lastRpcTime:5122, electionTimeout:5068ms
2019-08-29 08:22:24,393 [Thread-356] INFO  impl.RoleInfo (RoleInfo.java:shutdownFollowerState(121)) - 7fd4362d-ab2c-4d65-9042-74517d5987d2: shutdown FollowerState
2019-08-29 08:22:24,393 [Thread-356] INFO  impl.RaftServerImpl (RaftServerImpl.java:setRole(171)) - 7fd4362d-ab2c-4d65-9042-74517d5987d2:group-C7CEA64F060F changes role from FOLLOWER to CANDIDATE at term 3 for changeToCandidate
2019-08-29 08:22:24,393 [Thread-356] INFO  impl.RoleInfo (RoleInfo.java:updateAndGet(143)) - 7fd4362d-ab2c-4d65-9042-74517d5987d2: start LeaderElection
2019-08-29 08:22:24,393 [7fd4362d-ab2c-4d65-9042-74517d5987d2:group-C7CEA64F060F:LeaderElection21] INFO  impl.RaftServerImpl (ServerState.java:setLeader(263)) - 7fd4362d-ab2c-4d65-9042-74517d5987d2:group-C7CEA64F060F change Leader from 4e7efcb5-917e-488d-886e-16c99a39ab6f to null at term 3 for initElection
2019-08-29 08:22:24,407 [7fd4362d-ab2c-4d65-9042-74517d5987d2:group-C7CEA64F060F:LeaderElection21] INFO  impl.LeaderElection (LeaderElection.java:askForVotes(181)) - 7fd4362d-ab2c-4d65-9042-74517d5987d2:group-C7CEA64F060F:LeaderElection21: begin an election at term 4 for 0: [7fd4362d-ab2c-4d65-9042-74517d5987d2:192.168.5.176:33357, 4e7efcb5-917e-488d-886e-16c99a39ab6f:192.168.5.176:46276, 67c35969-00c1-40e5-9eeb-9a2f6a2b337c:192.168.5.176:43496], old=null
2019-08-29 08:22:24,410 [7fd4362d-ab2c-4d65-9042-74517d5987d2:group-C7CEA64F060F:LeaderElection21] INFO  impl.LeaderElection (LogUtils.java:infoOrTrace(149)) - 7fd4362d-ab2c-4d65-9042-74517d5987d2:group-C7CEA64F060F:LeaderElection21 got exception when requesting votes: {}
java.util.concurrent.ExecutionException: org.apache.ratis.thirdparty.io.grpc.StatusRuntimeException: UNAVAILABLE: io exception
	at java.util.concurrent.FutureTask.report(FutureTask.java:122)
	at java.util.concurrent.FutureTask.get(FutureTask.java:192)
	at org.apache.ratis.server.impl.LeaderElection.waitForResults(LeaderElection.java:262)
	at org.apache.ratis.server.impl.LeaderElection.askForVotes(LeaderElection.java:200)
	at org.apache.ratis.server.impl.LeaderElection.run(LeaderElection.java:130)
	at java.lang.Thread.run(Thread.java:748)
Caused by: org.apache.ratis.thirdparty.io.grpc.StatusRuntimeException: UNAVAILABLE: io exception
	at org.apache.ratis.thirdparty.io.grpc.stub.ClientCalls.toStatusRuntimeException(ClientCalls.java:233)
	at org.apache.ratis.thirdparty.io.grpc.stub.ClientCalls.getUnchecked(ClientCalls.java:214)
	at org.apache.ratis.thirdparty.io.grpc.stub.ClientCalls.blockingUnaryCall(ClientCalls.java:139)
	at org.apache.ratis.proto.grpc.RaftServerProtocolServiceGrpc$RaftServerProtocolServiceBlockingStub.requestVote(RaftServerProtocolServiceGrpc.java:265)
	at org.apache.ratis.grpc.server.GrpcServerProtocolClient.requestVote(GrpcServerProtocolClient.java:83)
	at org.apache.ratis.grpc.server.GrpcService.requestVote(GrpcService.java:195)
	at org.apache.ratis.server.impl.LeaderElection.lambda$submitRequests$1(LeaderElection.java:237)
	at java.util.concurrent.FutureTask.run(FutureTask.java:266)
	at java.util.concurrent.Executors$RunnableAdapter.call(Executors.java:511)
	at java.util.concurrent.FutureTask.run(FutureTask.java:266)
	at java.util.concurrent.ThreadPoolExecutor.runWorker(ThreadPoolExecutor.java:1149)
	at java.util.concurrent.ThreadPoolExecutor$Worker.run(ThreadPoolExecutor.java:624)
	... 1 more
Caused by: org.apache.ratis.thirdparty.io.netty.channel.AbstractChannel$AnnotatedConnectException: Connection refused: /192.168.5.176:46276
	at sun.nio.ch.SocketChannelImpl.checkConnect(Native Method)
	at sun.nio.ch.SocketChannelImpl.finishConnect(SocketChannelImpl.java:717)
	at org.apache.ratis.thirdparty.io.netty.channel.socket.nio.NioSocketChannel.doFinishConnect(NioSocketChannel.java:327)
	at org.apache.ratis.thirdparty.io.netty.channel.nio.AbstractNioChannel$AbstractNioUnsafe.finishConnect(AbstractNioChannel.java:340)
	at org.apache.ratis.thirdparty.io.netty.channel.nio.NioEventLoop.processSelectedKey(NioEventLoop.java:632)
	at org.apache.ratis.thirdparty.io.netty.channel.nio.NioEventLoop.processSelectedKeysOptimized(NioEventLoop.java:579)
	at org.apache.ratis.thirdparty.io.netty.channel.nio.NioEventLoop.processSelectedKeys(NioEventLoop.java:496)
	at org.apache.ratis.thirdparty.io.netty.channel.nio.NioEventLoop.run(NioEventLoop.java:458)
	at org.apache.ratis.thirdparty.io.netty.util.concurrent.SingleThreadEventExecutor$5.run(SingleThreadEventExecutor.java:897)
	at org.apache.ratis.thirdparty.io.netty.util.concurrent.FastThreadLocalRunnable.run(FastThreadLocalRunnable.java:30)
	... 1 more
Caused by: java.net.ConnectException: Connection refused
	... 11 more
2019-08-29 08:22:24,412 [7fd4362d-ab2c-4d65-9042-74517d5987d2:group-C7CEA64F060F:LeaderElection21] INFO  impl.LeaderElection (LogUtils.java:infoOrTrace(149)) - 7fd4362d-ab2c-4d65-9042-74517d5987d2:group-C7CEA64F060F:LeaderElection21 got exception when requesting votes: {}
java.util.concurrent.ExecutionException: org.apache.ratis.thirdparty.io.grpc.StatusRuntimeException: UNAVAILABLE: io exception
	at java.util.concurrent.FutureTask.report(FutureTask.java:122)
	at java.util.concurrent.FutureTask.get(FutureTask.java:192)
	at org.apache.ratis.server.impl.LeaderElection.waitForResults(LeaderElection.java:262)
	at org.apache.ratis.server.impl.LeaderElection.askForVotes(LeaderElection.java:200)
	at org.apache.ratis.server.impl.LeaderElection.run(LeaderElection.java:130)
	at java.lang.Thread.run(Thread.java:748)
Caused by: org.apache.ratis.thirdparty.io.grpc.StatusRuntimeException: UNAVAILABLE: io exception
	at org.apache.ratis.thirdparty.io.grpc.stub.ClientCalls.toStatusRuntimeException(ClientCalls.java:233)
	at org.apache.ratis.thirdparty.io.grpc.stub.ClientCalls.getUnchecked(ClientCalls.java:214)
	at org.apache.ratis.thirdparty.io.grpc.stub.ClientCalls.blockingUnaryCall(ClientCalls.java:139)
	at org.apache.ratis.proto.grpc.RaftServerProtocolServiceGrpc$RaftServerProtocolServiceBlockingStub.requestVote(RaftServerProtocolServiceGrpc.java:265)
	at org.apache.ratis.grpc.server.GrpcServerProtocolClient.requestVote(GrpcServerProtocolClient.java:83)
	at org.apache.ratis.grpc.server.GrpcService.requestVote(GrpcService.java:195)
	at org.apache.ratis.server.impl.LeaderElection.lambda$submitRequests$1(LeaderElection.java:237)
	at java.util.concurrent.FutureTask.run(FutureTask.java:266)
	at java.util.concurrent.Executors$RunnableAdapter.call(Executors.java:511)
	at java.util.concurrent.FutureTask.run(FutureTask.java:266)
	at java.util.concurrent.ThreadPoolExecutor.runWorker(ThreadPoolExecutor.java:1149)
	at java.util.concurrent.ThreadPoolExecutor$Worker.run(ThreadPoolExecutor.java:624)
	... 1 more
Caused by: org.apache.ratis.thirdparty.io.netty.channel.AbstractChannel$AnnotatedConnectException: Connection refused: /192.168.5.176:43496
	at sun.nio.ch.SocketChannelImpl.checkConnect(Native Method)
	at sun.nio.ch.SocketChannelImpl.finishConnect(SocketChannelImpl.java:717)
	at org.apache.ratis.thirdparty.io.netty.channel.socket.nio.NioSocketChannel.doFinishConnect(NioSocketChannel.java:327)
	at org.apache.ratis.thirdparty.io.netty.channel.nio.AbstractNioChannel$AbstractNioUnsafe.finishConnect(AbstractNioChannel.java:340)
	at org.apache.ratis.thirdparty.io.netty.channel.nio.NioEventLoop.processSelectedKey(NioEventLoop.java:632)
	at org.apache.ratis.thirdparty.io.netty.channel.nio.NioEventLoop.processSelectedKeysOptimized(NioEventLoop.java:579)
	at org.apache.ratis.thirdparty.io.netty.channel.nio.NioEventLoop.processSelectedKeys(NioEventLoop.java:496)
	at org.apache.ratis.thirdparty.io.netty.channel.nio.NioEventLoop.run(NioEventLoop.java:458)
	at org.apache.ratis.thirdparty.io.netty.util.concurrent.SingleThreadEventExecutor$5.run(SingleThreadEventExecutor.java:897)
	at org.apache.ratis.thirdparty.io.netty.util.concurrent.FastThreadLocalRunnable.run(FastThreadLocalRunnable.java:30)
	... 1 more
Caused by: java.net.ConnectException: Connection refused
	... 11 more
2019-08-29 08:22:24,413 [7fd4362d-ab2c-4d65-9042-74517d5987d2:group-C7CEA64F060F:LeaderElection21] INFO  impl.LeaderElection (LeaderElection.java:logAndReturn(56)) - 7fd4362d-ab2c-4d65-9042-74517d5987d2:group-C7CEA64F060F:LeaderElection21: Election REJECTED; received 0 response(s) [] and 2 exception(s); 7fd4362d-ab2c-4d65-9042-74517d5987d2:t4, leader=null, voted=7fd4362d-ab2c-4d65-9042-74517d5987d2, raftlog=7fd4362d-ab2c-4d65-9042-74517d5987d2-SegmentedRaftLog:OPENED:c4,f4,i4, conf=0: [7fd4362d-ab2c-4d65-9042-74517d5987d2:192.168.5.176:33357, 4e7efcb5-917e-488d-886e-16c99a39ab6f:192.168.5.176:46276, 67c35969-00c1-40e5-9eeb-9a2f6a2b337c:192.168.5.176:43496], old=null
2019-08-29 08:22:24,414 [7fd4362d-ab2c-4d65-9042-74517d5987d2:group-C7CEA64F060F:LeaderElection21] INFO  impl.LeaderElection (LogUtils.java:infoOrTrace(149)) -   Exception 0: {}
java.util.concurrent.ExecutionException: org.apache.ratis.thirdparty.io.grpc.StatusRuntimeException: UNAVAILABLE: io exception
	at java.util.concurrent.FutureTask.report(FutureTask.java:122)
	at java.util.concurrent.FutureTask.get(FutureTask.java:192)
	at org.apache.ratis.server.impl.LeaderElection.waitForResults(LeaderElection.java:262)
	at org.apache.ratis.server.impl.LeaderElection.askForVotes(LeaderElection.java:200)
	at org.apache.ratis.server.impl.LeaderElection.run(LeaderElection.java:130)
	at java.lang.Thread.run(Thread.java:748)
Caused by: org.apache.ratis.thirdparty.io.grpc.StatusRuntimeException: UNAVAILABLE: io exception
	at org.apache.ratis.thirdparty.io.grpc.stub.ClientCalls.toStatusRuntimeException(ClientCalls.java:233)
	at org.apache.ratis.thirdparty.io.grpc.stub.ClientCalls.getUnchecked(ClientCalls.java:214)
	at org.apache.ratis.thirdparty.io.grpc.stub.ClientCalls.blockingUnaryCall(ClientCalls.java:139)
	at org.apache.ratis.proto.grpc.RaftServerProtocolServiceGrpc$RaftServerProtocolServiceBlockingStub.requestVote(RaftServerProtocolServiceGrpc.java:265)
	at org.apache.ratis.grpc.server.GrpcServerProtocolClient.requestVote(GrpcServerProtocolClient.java:83)
	at org.apache.ratis.grpc.server.GrpcService.requestVote(GrpcService.java:195)
	at org.apache.ratis.server.impl.LeaderElection.lambda$submitRequests$1(LeaderElection.java:237)
	at java.util.concurrent.FutureTask.run(FutureTask.java:266)
	at java.util.concurrent.Executors$RunnableAdapter.call(Executors.java:511)
	at java.util.concurrent.FutureTask.run(FutureTask.java:266)
	at java.util.concurrent.ThreadPoolExecutor.runWorker(ThreadPoolExecutor.java:1149)
	at java.util.concurrent.ThreadPoolExecutor$Worker.run(ThreadPoolExecutor.java:624)
	... 1 more
Caused by: org.apache.ratis.thirdparty.io.netty.channel.AbstractChannel$AnnotatedConnectException: Connection refused: /192.168.5.176:46276
	at sun.nio.ch.SocketChannelImpl.checkConnect(Native Method)
	at sun.nio.ch.SocketChannelImpl.finishConnect(SocketChannelImpl.java:717)
	at org.apache.ratis.thirdparty.io.netty.channel.socket.nio.NioSocketChannel.doFinishConnect(NioSocketChannel.java:327)
	at org.apache.ratis.thirdparty.io.netty.channel.nio.AbstractNioChannel$AbstractNioUnsafe.finishConnect(AbstractNioChannel.java:340)
	at org.apache.ratis.thirdparty.io.netty.channel.nio.NioEventLoop.processSelectedKey(NioEventLoop.java:632)
	at org.apache.ratis.thirdparty.io.netty.channel.nio.NioEventLoop.processSelectedKeysOptimized(NioEventLoop.java:579)
	at org.apache.ratis.thirdparty.io.netty.channel.nio.NioEventLoop.processSelectedKeys(NioEventLoop.java:496)
	at org.apache.ratis.thirdparty.io.netty.channel.nio.NioEventLoop.run(NioEventLoop.java:458)
	at org.apache.ratis.thirdparty.io.netty.util.concurrent.SingleThreadEventExecutor$5.run(SingleThreadEventExecutor.java:897)
	at org.apache.ratis.thirdparty.io.netty.util.concurrent.FastThreadLocalRunnable.run(FastThreadLocalRunnable.java:30)
	... 1 more
Caused by: java.net.ConnectException: Connection refused
	... 11 more
2019-08-29 08:22:24,414 [7fd4362d-ab2c-4d65-9042-74517d5987d2:group-C7CEA64F060F:LeaderElection21] INFO  impl.LeaderElection (LogUtils.java:infoOrTrace(149)) -   Exception 1: {}
java.util.concurrent.ExecutionException: org.apache.ratis.thirdparty.io.grpc.StatusRuntimeException: UNAVAILABLE: io exception
	at java.util.concurrent.FutureTask.report(FutureTask.java:122)
	at java.util.concurrent.FutureTask.get(FutureTask.java:192)
	at org.apache.ratis.server.impl.LeaderElection.waitForResults(LeaderElection.java:262)
	at org.apache.ratis.server.impl.LeaderElection.askForVotes(LeaderElection.java:200)
	at org.apache.ratis.server.impl.LeaderElection.run(LeaderElection.java:130)
	at java.lang.Thread.run(Thread.java:748)
Caused by: org.apache.ratis.thirdparty.io.grpc.StatusRuntimeException: UNAVAILABLE: io exception
	at org.apache.ratis.thirdparty.io.grpc.stub.ClientCalls.toStatusRuntimeException(ClientCalls.java:233)
	at org.apache.ratis.thirdparty.io.grpc.stub.ClientCalls.getUnchecked(ClientCalls.java:214)
	at org.apache.ratis.thirdparty.io.grpc.stub.ClientCalls.blockingUnaryCall(ClientCalls.java:139)
	at org.apache.ratis.proto.grpc.RaftServerProtocolServiceGrpc$RaftServerProtocolServiceBlockingStub.requestVote(RaftServerProtocolServiceGrpc.java:265)
	at org.apache.ratis.grpc.server.GrpcServerProtocolClient.requestVote(GrpcServerProtocolClient.java:83)
	at org.apache.ratis.grpc.server.GrpcService.requestVote(GrpcService.java:195)
	at org.apache.ratis.server.impl.LeaderElection.lambda$submitRequests$1(LeaderElection.java:237)
	at java.util.concurrent.FutureTask.run(FutureTask.java:266)
	at java.util.concurrent.Executors$RunnableAdapter.call(Executors.java:511)
	at java.util.concurrent.FutureTask.run(FutureTask.java:266)
	at java.util.concurrent.ThreadPoolExecutor.runWorker(ThreadPoolExecutor.java:1149)
	at java.util.concurrent.ThreadPoolExecutor$Worker.run(ThreadPoolExecutor.java:624)
	... 1 more
Caused by: org.apache.ratis.thirdparty.io.netty.channel.AbstractChannel$AnnotatedConnectException: Connection refused: /192.168.5.176:43496
	at sun.nio.ch.SocketChannelImpl.checkConnect(Native Method)
	at sun.nio.ch.SocketChannelImpl.finishConnect(SocketChannelImpl.java:717)
	at org.apache.ratis.thirdparty.io.netty.channel.socket.nio.NioSocketChannel.doFinishConnect(NioSocketChannel.java:327)
	at org.apache.ratis.thirdparty.io.netty.channel.nio.AbstractNioChannel$AbstractNioUnsafe.finishConnect(AbstractNioChannel.java:340)
	at org.apache.ratis.thirdparty.io.netty.channel.nio.NioEventLoop.processSelectedKey(NioEventLoop.java:632)
	at org.apache.ratis.thirdparty.io.netty.channel.nio.NioEventLoop.processSelectedKeysOptimized(NioEventLoop.java:579)
	at org.apache.ratis.thirdparty.io.netty.channel.nio.NioEventLoop.processSelectedKeys(NioEventLoop.java:496)
	at org.apache.ratis.thirdparty.io.netty.channel.nio.NioEventLoop.run(NioEventLoop.java:458)
	at org.apache.ratis.thirdparty.io.netty.util.concurrent.SingleThreadEventExecutor$5.run(SingleThreadEventExecutor.java:897)
	at org.apache.ratis.thirdparty.io.netty.util.concurrent.FastThreadLocalRunnable.run(FastThreadLocalRunnable.java:30)
	... 1 more
Caused by: java.net.ConnectException: Connection refused
	... 11 more
2019-08-29 08:22:24,415 [7fd4362d-ab2c-4d65-9042-74517d5987d2:group-C7CEA64F060F:LeaderElection21] INFO  impl.RaftServerImpl (RaftServerImpl.java:setRole(171)) - 7fd4362d-ab2c-4d65-9042-74517d5987d2:group-C7CEA64F060F changes role from CANDIDATE to FOLLOWER at term 4 for DISCOVERED_A_NEW_TERM
2019-08-29 08:22:24,415 [7fd4362d-ab2c-4d65-9042-74517d5987d2:group-C7CEA64F060F:LeaderElection21] INFO  impl.RoleInfo (RoleInfo.java:shutdownLeaderElection(134)) - 7fd4362d-ab2c-4d65-9042-74517d5987d2: shutdown LeaderElection
2019-08-29 08:22:24,422 [7fd4362d-ab2c-4d65-9042-74517d5987d2:group-C7CEA64F060F:LeaderElection21] INFO  impl.RoleInfo (RoleInfo.java:updateAndGet(143)) - 7fd4362d-ab2c-4d65-9042-74517d5987d2: start FollowerState
2019-08-29 08:22:25,080 [main] INFO  ozoneimpl.OzoneContainer (OzoneContainer.java:stop(215)) - Attempting to stop container services.
2019-08-29 08:22:25,081 [main] INFO  impl.RaftServerProxy (RaftServerProxy.java:lambda$close$4(314)) - 7fd4362d-ab2c-4d65-9042-74517d5987d2: close
2019-08-29 08:22:25,082 [main] INFO  impl.RaftServerImpl (RaftServerImpl.java:lambda$shutdown$3(245)) - 7fd4362d-ab2c-4d65-9042-74517d5987d2: shutdown group-C7CEA64F060F
2019-08-29 08:22:25,082 [ForkJoinPool.commonPool-worker-0] INFO  impl.RaftServerImpl (RaftServerImpl.java:lambda$shutdown$3(245)) - 7fd4362d-ab2c-4d65-9042-74517d5987d2: shutdown group-172F803201ED
2019-08-29 08:22:25,082 [main] INFO  util.JmxRegister (JmxRegister.java:unregister(73)) - Successfully un-registered JMX Bean with object name Ratis:service=RaftServer,group=group-C7CEA64F060F,id=7fd4362d-ab2c-4d65-9042-74517d5987d2
2019-08-29 08:22:25,082 [ForkJoinPool.commonPool-worker-0] INFO  util.JmxRegister (JmxRegister.java:unregister(73)) - Successfully un-registered JMX Bean with object name Ratis:service=RaftServer,group=group-172F803201ED,id=7fd4362d-ab2c-4d65-9042-74517d5987d2
2019-08-29 08:22:25,083 [main] INFO  impl.RoleInfo (RoleInfo.java:shutdownFollowerState(121)) - 7fd4362d-ab2c-4d65-9042-74517d5987d2: shutdown FollowerState
2019-08-29 08:22:25,083 [ForkJoinPool.commonPool-worker-0] INFO  impl.RoleInfo (RoleInfo.java:shutdownLeaderState(104)) - 7fd4362d-ab2c-4d65-9042-74517d5987d2: shutdown LeaderState
2019-08-29 08:22:25,083 [Thread-522] INFO  impl.FollowerState (FollowerState.java:run(114)) - 7fd4362d-ab2c-4d65-9042-74517d5987d2: FollowerState was interrupted: java.lang.InterruptedException: sleep interrupted
2019-08-29 08:22:25,083 [main] INFO  impl.StateMachineUpdater (StateMachineUpdater.java:stopAndJoin(115)) - StateMachineUpdater:7fd4362d-ab2c-4d65-9042-74517d5987d2:group-C7CEA64F060F: set stopIndex = 4
2019-08-29 08:22:25,084 [ForkJoinPool.commonPool-worker-0] INFO  impl.PendingRequests (PendingRequests.java:sendNotLeaderResponses(202)) - 7fd4362d-ab2c-4d65-9042-74517d5987d2-PendingRequests: sendNotLeaderResponses
2019-08-29 08:22:25,084 [StateMachineUpdater:7fd4362d-ab2c-4d65-9042-74517d5987d2:group-C7CEA64F060F] INFO  ratis.ContainerStateMachine (ContainerStateMachine.java:takeSnapshot(284)) - group-C7CEA64F060F: Taking a snapshot at:(t:3, i:3) file /workdir/hadoop-ozone/integration-test/target/test-dir/MiniOzoneClusterImpl-ab0df1f0-a3d6-4d90-a98d-535794749ce9/datanode-5/data/ratis/9e93bfe6-bbbf-4ee0-bd70-c7cea64f060f/sm/snapshot.3_3
2019-08-29 08:22:25,085 [ForkJoinPool.commonPool-worker-0] INFO  impl.StateMachineUpdater (StateMachineUpdater.java:stopAndJoin(115)) - StateMachineUpdater:7fd4362d-ab2c-4d65-9042-74517d5987d2:group-172F803201ED: set stopIndex = 0
2019-08-29 08:22:25,086 [ForkJoinPool.commonPool-worker-0] INFO  impl.RaftServerImpl (ServerState.java:close(394)) - 7fd4362d-ab2c-4d65-9042-74517d5987d2:group-172F803201ED closes. The last applied log index is 0
2019-08-29 08:22:25,086 [7fd4362d-ab2c-4d65-9042-74517d5987d2-SegmentedRaftLogWorker:Storage Directory /workdir/hadoop-ozone/integration-test/target/test-dir/MiniOzoneClusterImpl-ab0df1f0-a3d6-4d90-a98d-535794749ce9/datanode-5/data/ratis/c799a909-8a2a-4073-9bc0-172f803201ed] INFO  segmented.SegmentedRaftLogWorker (SegmentedRaftLogWorker.java:run(313)) - 7fd4362d-ab2c-4d65-9042-74517d5987d2-SegmentedRaftLogWorker:Storage Directory /workdir/hadoop-ozone/integration-test/target/test-dir/MiniOzoneClusterImpl-ab0df1f0-a3d6-4d90-a98d-535794749ce9/datanode-5/data/ratis/c799a909-8a2a-4073-9bc0-172f803201ed was interrupted, exiting. There are 0 tasks remaining in the queue.
2019-08-29 08:22:25,087 [ForkJoinPool.commonPool-worker-0] INFO  segmented.SegmentedRaftLogWorker (SegmentedRaftLogWorker.java:close(228)) - 7fd4362d-ab2c-4d65-9042-74517d5987d2-SegmentedRaftLogWorker:Storage Directory /workdir/hadoop-ozone/integration-test/target/test-dir/MiniOzoneClusterImpl-ab0df1f0-a3d6-4d90-a98d-535794749ce9/datanode-5/data/ratis/c799a909-8a2a-4073-9bc0-172f803201ed close()
2019-08-29 08:22:25,088 [ForkJoinPool.commonPool-worker-0] INFO  impl.RaftServerImpl (RaftServerImpl.java:lambda$shutdown$3(245)) - 7fd4362d-ab2c-4d65-9042-74517d5987d2: shutdown group-B80F1363D9BF
2019-08-29 08:22:25,088 [ForkJoinPool.commonPool-worker-0] INFO  util.JmxRegister (JmxRegister.java:unregister(73)) - Successfully un-registered JMX Bean with object name Ratis:service=RaftServer,group=group-B80F1363D9BF,id=7fd4362d-ab2c-4d65-9042-74517d5987d2
2019-08-29 08:22:25,088 [ForkJoinPool.commonPool-worker-0] INFO  impl.RoleInfo (RoleInfo.java:shutdownFollowerState(121)) - 7fd4362d-ab2c-4d65-9042-74517d5987d2: shutdown FollowerState
2019-08-29 08:22:25,088 [ForkJoinPool.commonPool-worker-0] INFO  impl.StateMachineUpdater (StateMachineUpdater.java:stopAndJoin(115)) - StateMachineUpdater:7fd4362d-ab2c-4d65-9042-74517d5987d2:group-B80F1363D9BF: set stopIndex = -1
2019-08-29 08:22:25,089 [Thread-518] INFO  impl.FollowerState (FollowerState.java:run(114)) - 7fd4362d-ab2c-4d65-9042-74517d5987d2: FollowerState was interrupted: java.lang.InterruptedException: sleep interrupted
2019-08-29 08:22:25,089 [ForkJoinPool.commonPool-worker-0] INFO  impl.RaftServerImpl (ServerState.java:close(394)) - 7fd4362d-ab2c-4d65-9042-74517d5987d2:group-B80F1363D9BF closes. The last applied log index is -1
2019-08-29 08:22:25,090 [7fd4362d-ab2c-4d65-9042-74517d5987d2-SegmentedRaftLogWorker:Storage Directory /workdir/hadoop-ozone/integration-test/target/test-dir/MiniOzoneClusterImpl-ab0df1f0-a3d6-4d90-a98d-535794749ce9/datanode-5/data/ratis/b4c2525f-b728-4c56-9cfa-b80f1363d9bf] INFO  segmented.SegmentedRaftLogWorker (SegmentedRaftLogWorker.java:run(313)) - 7fd4362d-ab2c-4d65-9042-74517d5987d2-SegmentedRaftLogWorker:Storage Directory /workdir/hadoop-ozone/integration-test/target/test-dir/MiniOzoneClusterImpl-ab0df1f0-a3d6-4d90-a98d-535794749ce9/datanode-5/data/ratis/b4c2525f-b728-4c56-9cfa-b80f1363d9bf was interrupted, exiting. There are 0 tasks remaining in the queue.
2019-08-29 08:22:25,090 [ForkJoinPool.commonPool-worker-0] INFO  segmented.SegmentedRaftLogWorker (SegmentedRaftLogWorker.java:close(228)) - 7fd4362d-ab2c-4d65-9042-74517d5987d2-SegmentedRaftLogWorker:Storage Directory /workdir/hadoop-ozone/integration-test/target/test-dir/MiniOzoneClusterImpl-ab0df1f0-a3d6-4d90-a98d-535794749ce9/datanode-5/data/ratis/b4c2525f-b728-4c56-9cfa-b80f1363d9bf close()
2019-08-29 08:22:25,091 [ForkJoinPool.commonPool-worker-0] INFO  impl.RaftServerImpl (RaftServerImpl.java:lambda$shutdown$3(245)) - 7fd4362d-ab2c-4d65-9042-74517d5987d2: shutdown group-D00F62AEC1DE
2019-08-29 08:22:25,091 [ForkJoinPool.commonPool-worker-0] INFO  util.JmxRegister (JmxRegister.java:unregister(73)) - Successfully un-registered JMX Bean with object name Ratis:service=RaftServer,group=group-D00F62AEC1DE,id=7fd4362d-ab2c-4d65-9042-74517d5987d2
2019-08-29 08:22:25,091 [ForkJoinPool.commonPool-worker-0] INFO  impl.RoleInfo (RoleInfo.java:shutdownLeaderState(104)) - 7fd4362d-ab2c-4d65-9042-74517d5987d2: shutdown LeaderState
2019-08-29 08:22:25,091 [ForkJoinPool.commonPool-worker-0] INFO  impl.PendingRequests (PendingRequests.java:sendNotLeaderResponses(202)) - 7fd4362d-ab2c-4d65-9042-74517d5987d2-PendingRequests: sendNotLeaderResponses
2019-08-29 08:22:25,091 [ForkJoinPool.commonPool-worker-0] INFO  impl.StateMachineUpdater (StateMachineUpdater.java:stopAndJoin(115)) - StateMachineUpdater:7fd4362d-ab2c-4d65-9042-74517d5987d2:group-D00F62AEC1DE: set stopIndex = 0
2019-08-29 08:22:25,091 [ForkJoinPool.commonPool-worker-0] INFO  impl.RaftServerImpl (ServerState.java:close(394)) - 7fd4362d-ab2c-4d65-9042-74517d5987d2:group-D00F62AEC1DE closes. The last applied log index is 0
2019-08-29 08:22:25,092 [7fd4362d-ab2c-4d65-9042-74517d5987d2-SegmentedRaftLogWorker:Storage Directory /workdir/hadoop-ozone/integration-test/target/test-dir/MiniOzoneClusterImpl-ab0df1f0-a3d6-4d90-a98d-535794749ce9/datanode-5/data/ratis/d4fe32f7-3116-470d-8a0f-d00f62aec1de] INFO  segmented.SegmentedRaftLogWorker (SegmentedRaftLogWorker.java:run(313)) - 7fd4362d-ab2c-4d65-9042-74517d5987d2-SegmentedRaftLogWorker:Storage Directory /workdir/hadoop-ozone/integration-test/target/test-dir/MiniOzoneClusterImpl-ab0df1f0-a3d6-4d90-a98d-535794749ce9/datanode-5/data/ratis/d4fe32f7-3116-470d-8a0f-d00f62aec1de was interrupted, exiting. There are 0 tasks remaining in the queue.
2019-08-29 08:22:25,092 [ForkJoinPool.commonPool-worker-0] INFO  segmented.SegmentedRaftLogWorker (SegmentedRaftLogWorker.java:close(228)) - 7fd4362d-ab2c-4d65-9042-74517d5987d2-SegmentedRaftLogWorker:Storage Directory /workdir/hadoop-ozone/integration-test/target/test-dir/MiniOzoneClusterImpl-ab0df1f0-a3d6-4d90-a98d-535794749ce9/datanode-5/data/ratis/d4fe32f7-3116-470d-8a0f-d00f62aec1de close()
2019-08-29 08:22:25,122 [StateMachineUpdater:7fd4362d-ab2c-4d65-9042-74517d5987d2:group-C7CEA64F060F] INFO  ratis.ContainerStateMachine (ContainerStateMachine.java:takeSnapshot(295)) - group-C7CEA64F060F: Finished taking a snapshot at:(t:3, i:3) file:/workdir/hadoop-ozone/integration-test/target/test-dir/MiniOzoneClusterImpl-ab0df1f0-a3d6-4d90-a98d-535794749ce9/datanode-5/data/ratis/9e93bfe6-bbbf-4ee0-bd70-c7cea64f060f/sm/snapshot.3_3 time:39
2019-08-29 08:22:25,122 [StateMachineUpdater:7fd4362d-ab2c-4d65-9042-74517d5987d2:group-C7CEA64F060F] INFO  impl.StateMachineUpdater (StateMachineUpdater.java:takeSnapshot(242)) - StateMachineUpdater:7fd4362d-ab2c-4d65-9042-74517d5987d2:group-C7CEA64F060F: Took a snapshot at index 3
2019-08-29 08:22:25,122 [StateMachineUpdater:7fd4362d-ab2c-4d65-9042-74517d5987d2:group-C7CEA64F060F] INFO  impl.StateMachineUpdater (StateMachineUpdater.java:lambda$new$0(80)) - StateMachineUpdater:7fd4362d-ab2c-4d65-9042-74517d5987d2:group-C7CEA64F060F: snapshotIndex: updateIncreasingly -1 -> 3
2019-08-29 08:22:25,123 [main] INFO  impl.RaftServerImpl (ServerState.java:close(394)) - 7fd4362d-ab2c-4d65-9042-74517d5987d2:group-C7CEA64F060F closes. The last applied log index is 4
2019-08-29 08:22:25,124 [7fd4362d-ab2c-4d65-9042-74517d5987d2-SegmentedRaftLogWorker:Storage Directory /workdir/hadoop-ozone/integration-test/target/test-dir/MiniOzoneClusterImpl-ab0df1f0-a3d6-4d90-a98d-535794749ce9/datanode-5/data/ratis/9e93bfe6-bbbf-4ee0-bd70-c7cea64f060f] INFO  segmented.SegmentedRaftLogWorker (SegmentedRaftLogWorker.java:run(313)) - 7fd4362d-ab2c-4d65-9042-74517d5987d2-SegmentedRaftLogWorker:Storage Directory /workdir/hadoop-ozone/integration-test/target/test-dir/MiniOzoneClusterImpl-ab0df1f0-a3d6-4d90-a98d-535794749ce9/datanode-5/data/ratis/9e93bfe6-bbbf-4ee0-bd70-c7cea64f060f was interrupted, exiting. There are 0 tasks remaining in the queue.
2019-08-29 08:22:25,124 [main] INFO  segmented.SegmentedRaftLogWorker (SegmentedRaftLogWorker.java:close(228)) - 7fd4362d-ab2c-4d65-9042-74517d5987d2-SegmentedRaftLogWorker:Storage Directory /workdir/hadoop-ozone/integration-test/target/test-dir/MiniOzoneClusterImpl-ab0df1f0-a3d6-4d90-a98d-535794749ce9/datanode-5/data/ratis/9e93bfe6-bbbf-4ee0-bd70-c7cea64f060f close()
2019-08-29 08:22:25,125 [main] INFO  server.GrpcService (GrpcService.java:closeImpl(155)) - 7fd4362d-ab2c-4d65-9042-74517d5987d2: shutdown server with port 33357 now
2019-08-29 08:22:25,128 [main] INFO  server.GrpcService (GrpcService.java:closeImpl(163)) - 7fd4362d-ab2c-4d65-9042-74517d5987d2: shutdown server with port 33357 successfully
2019-08-29 08:22:25,133 [refreshUsed-/workdir/hadoop-ozone/integration-test/target/test-dir/MiniOzoneClusterImpl-ab0df1f0-a3d6-4d90-a98d-535794749ce9/datanode-5/data/containers] WARN  fs.CachingGetSpaceUsed (CachingGetSpaceUsed.java:run(183)) - Thread Interrupted waiting to refresh disk information: sleep interrupted
2019-08-29 08:22:25,147 [main] INFO  utils.BackgroundService (BackgroundService.java:shutdown(148)) - Shutting down service BlockDeletingService
2019-08-29 08:22:25,148 [main] INFO  statemachine.DatanodeStateMachine (DatanodeStateMachine.java:stopDaemon(395)) - Ozone container server stopped.
2019-08-29 08:22:25,149 [main] INFO  handler.ContextHandler (ContextHandler.java:doStop(910)) - Stopped o.e.j.w.WebAppContext@2c8c16c0{/,null,UNAVAILABLE}{/hddsDatanode}
2019-08-29 08:22:25,150 [main] INFO  server.AbstractConnector (AbstractConnector.java:doStop(318)) - Stopped ServerConnector@80bfa9d{HTTP/1.1,[http/1.1]}{0.0.0.0:0}
2019-08-29 08:22:25,151 [main] INFO  handler.ContextHandler (ContextHandler.java:doStop(910)) - Stopped o.e.j.s.ServletContextHandler@3ad85136{/static,jar:file:/home/user/.m2/repository/org/apache/hadoop/hadoop-hdds-container-service/0.5.0-SNAPSHOT/hadoop-hdds-container-service-0.5.0-SNAPSHOT.jar!/webapps/static,UNAVAILABLE}
2019-08-29 08:22:25,151 [main] INFO  handler.ContextHandler (ContextHandler.java:doStop(910)) - Stopped o.e.j.s.ServletContextHandler@7f93dd4e{/logs,file:///workdir/hadoop-ozone/integration-test/target/log,UNAVAILABLE}
2019-08-29 08:22:25,152 [main] INFO  ozone.MiniOzoneClusterImpl (MiniOzoneClusterImpl.java:stop(339)) - Stopping the StorageContainerManager
2019-08-29 08:22:25,153 [main] INFO  server.StorageContainerManager (StorageContainerManager.java:stop(797)) - Stopping Replication Manager Service.
2019-08-29 08:22:25,153 [main] INFO  container.ReplicationManager (ReplicationManager.java:stop(193)) - Stopping Replication Monitor Thread.
2019-08-29 08:22:25,153 [main] INFO  server.StorageContainerManager (StorageContainerManager.java:stop(804)) - Stopping Lease Manager of the command watchers
2019-08-29 08:22:25,153 [main] INFO  server.StorageContainerManager (StorageContainerManager.java:stop(811)) - Stopping datanode service RPC server
2019-08-29 08:22:25,153 [main] INFO  server.SCMDatanodeProtocolServer (SCMDatanodeProtocolServer.java:stop(367)) - Stopping the RPC server for DataNodes
2019-08-29 08:22:25,153 [main] INFO  ipc.Server (Server.java:stop(3082)) - Stopping server on 39602
2019-08-29 08:22:25,156 [IPC Server Responder] INFO  ipc.Server (Server.java:run(1319)) - Stopping IPC Server Responder
2019-08-29 08:22:25,156 [IPC Server listener on 39602] INFO  ipc.Server (Server.java:run(1185)) - Stopping IPC Server listener on 39602
2019-08-29 08:22:25,163 [SCM Heartbeat Processing Thread - 0] WARN  node.NodeStateManager (NodeStateManager.java:scheduleNextHealthCheck(646)) - Current Thread is interrupted, shutting down HB processing thread for Node Manager.
2019-08-29 08:22:25,163 [main] INFO  server.StorageContainerManager (StorageContainerManager.java:stop(819)) - Stopping block service RPC server
2019-08-29 08:22:25,164 [main] INFO  server.SCMBlockProtocolServer (SCMBlockProtocolServer.java:stop(148)) - Stopping the RPC server for Block Protocol
2019-08-29 08:22:25,164 [main] INFO  ipc.Server (Server.java:stop(3082)) - Stopping server on 41476
2019-08-29 08:22:25,166 [IPC Server listener on 41476] INFO  ipc.Server (Server.java:run(1185)) - Stopping IPC Server listener on 41476
2019-08-29 08:22:25,166 [main] INFO  server.StorageContainerManager (StorageContainerManager.java:stop(826)) - Stopping the StorageContainerLocationProtocol RPC server
2019-08-29 08:22:25,167 [IPC Server Responder] INFO  ipc.Server (Server.java:run(1319)) - Stopping IPC Server Responder
2019-08-29 08:22:25,167 [main] INFO  server.SCMClientProtocolServer (SCMClientProtocolServer.java:stop(159)) - Stopping the RPC server for Client Protocol
2019-08-29 08:22:25,167 [main] INFO  ipc.Server (Server.java:stop(3082)) - Stopping server on 33539
2019-08-29 08:22:25,170 [IPC Server listener on 33539] INFO  ipc.Server (Server.java:run(1185)) - Stopping IPC Server listener on 33539
2019-08-29 08:22:25,170 [main] INFO  server.StorageContainerManager (StorageContainerManager.java:stop(833)) - Stopping Storage Container Manager HTTP server.
2019-08-29 08:22:25,171 [IPC Server Responder] INFO  ipc.Server (Server.java:run(1319)) - Stopping IPC Server Responder
2019-08-29 08:22:25,172 [main] INFO  handler.ContextHandler (ContextHandler.java:doStop(910)) - Stopped o.e.j.w.WebAppContext@3676ac27{/,null,UNAVAILABLE}{/scm}
2019-08-29 08:22:25,172 [main] INFO  server.AbstractConnector (AbstractConnector.java:doStop(318)) - Stopped ServerConnector@50305a{HTTP/1.1,[http/1.1]}{0.0.0.0:0}
2019-08-29 08:22:25,173 [main] INFO  handler.ContextHandler (ContextHandler.java:doStop(910)) - Stopped o.e.j.s.ServletContextHandler@5286c33a{/static,file:///workdir/hadoop-ozone/integration-test/target/test-classes/webapps/static,UNAVAILABLE}
2019-08-29 08:22:25,173 [main] INFO  handler.ContextHandler (ContextHandler.java:doStop(910)) - Stopped o.e.j.s.ServletContextHandler@1a45193b{/logs,file:///workdir/hadoop-ozone/integration-test/target/log,UNAVAILABLE}
2019-08-29 08:22:25,174 [main] INFO  server.StorageContainerManager (StorageContainerManager.java:stop(844)) - Stopping Block Manager Service.
2019-08-29 08:22:25,174 [main] INFO  utils.BackgroundService (BackgroundService.java:shutdown(148)) - Shutting down service SCMBlockDeletingService
2019-08-29 08:22:25,174 [main] INFO  utils.BackgroundService (BackgroundService.java:shutdown(148)) - Shutting down service SCMBlockDeletingService
2019-08-29 08:22:25,175 [main] INFO  server.StorageContainerManager (StorageContainerManager.java:stop(866)) - Stopping SCM Event Queue.
2019-08-29 08:22:25,179 [main] INFO  impl.MetricsSystemImpl (MetricsSystemImpl.java:stop(210)) - Stopping XceiverClientMetrics metrics system...
2019-08-29 08:22:25,186 [main] INFO  impl.MetricsSystemImpl (MetricsSystemImpl.java:stop(216)) - XceiverClientMetrics metrics system stopped.
]]></system-out>
  </testcase>
  <testcase name="testDatanodeFailureWithPreAllocation" classname="org.apache.hadoop.ozone.client.rpc.TestBlockOutputStreamWithFailures" time="226.579"/>
  <testcase name="testDatanodeFailureWithSingleNodeRatis" classname="org.apache.hadoop.ozone.client.rpc.TestBlockOutputStreamWithFailures" time="223.362"/>
  <testcase name="testWatchForCommitWithSingleNodeRatis" classname="org.apache.hadoop.ozone.client.rpc.TestBlockOutputStreamWithFailures" time="33.722"/>
  <testcase name="testWatchForCommitDatanodeFailure" classname="org.apache.hadoop.ozone.client.rpc.TestBlockOutputStreamWithFailures" time="34.138"/>
  <testcase name="testFailureWithPrimeSizedData" classname="org.apache.hadoop.ozone.client.rpc.TestBlockOutputStreamWithFailures" time="34.16">
    <failure message="expected:&lt;60&gt; but was:&lt;62&gt;" type="java.lang.AssertionError"><![CDATA[java.lang.AssertionError: expected:<60> but was:<62>
	at org.junit.Assert.fail(Assert.java:88)
	at org.junit.Assert.failNotEquals(Assert.java:743)
	at org.junit.Assert.assertEquals(Assert.java:118)
	at org.junit.Assert.assertEquals(Assert.java:555)
	at org.junit.Assert.assertEquals(Assert.java:542)
	at org.apache.hadoop.ozone.client.rpc.TestBlockOutputStreamWithFailures.testFailureWithPrimeSizedData(TestBlockOutputStreamWithFailures.java:605)
	at sun.reflect.NativeMethodAccessorImpl.invoke0(Native Method)
	at sun.reflect.NativeMethodAccessorImpl.invoke(NativeMethodAccessorImpl.java:62)
	at sun.reflect.DelegatingMethodAccessorImpl.invoke(DelegatingMethodAccessorImpl.java:43)
	at java.lang.reflect.Method.invoke(Method.java:498)
	at org.junit.runners.model.FrameworkMethod$1.runReflectiveCall(FrameworkMethod.java:47)
	at org.junit.internal.runners.model.ReflectiveCallable.run(ReflectiveCallable.java:12)
	at org.junit.runners.model.FrameworkMethod.invokeExplosively(FrameworkMethod.java:44)
	at org.junit.internal.runners.statements.InvokeMethod.evaluate(InvokeMethod.java:17)
	at org.junit.internal.runners.statements.RunBefores.evaluate(RunBefores.java:26)
	at org.junit.internal.runners.statements.RunAfters.evaluate(RunAfters.java:27)
	at org.junit.runners.ParentRunner.runLeaf(ParentRunner.java:271)
	at org.junit.runners.BlockJUnit4ClassRunner.runChild(BlockJUnit4ClassRunner.java:70)
	at org.junit.runners.BlockJUnit4ClassRunner.runChild(BlockJUnit4ClassRunner.java:50)
	at org.junit.runners.ParentRunner$3.run(ParentRunner.java:238)
	at org.junit.runners.ParentRunner$1.schedule(ParentRunner.java:63)
	at org.junit.runners.ParentRunner.runChildren(ParentRunner.java:236)
	at org.junit.runners.ParentRunner.access$000(ParentRunner.java:53)
	at org.junit.runners.ParentRunner$2.evaluate(ParentRunner.java:229)
	at org.junit.runners.ParentRunner.run(ParentRunner.java:309)
	at org.apache.maven.surefire.junit4.JUnit4Provider.execute(JUnit4Provider.java:365)
	at org.apache.maven.surefire.junit4.JUnit4Provider.executeWithRerun(JUnit4Provider.java:273)
	at org.apache.maven.surefire.junit4.JUnit4Provider.executeTestSet(JUnit4Provider.java:238)
	at org.apache.maven.surefire.junit4.JUnit4Provider.invoke(JUnit4Provider.java:159)
	at org.apache.maven.surefire.booter.ForkedBooter.invokeProviderInSameClassLoader(ForkedBooter.java:384)
	at org.apache.maven.surefire.booter.ForkedBooter.runSuitesInProcess(ForkedBooter.java:345)
	at org.apache.maven.surefire.booter.ForkedBooter.execute(ForkedBooter.java:126)
	at org.apache.maven.surefire.booter.ForkedBooter.main(ForkedBooter.java:418)
]]></failure>
    <system-out><![CDATA[2019-08-29 08:31:03,049 [main] WARN  server.ServerUtils (ServerUtils.java:getScmDbDir(145)) - ozone.scm.db.dirs is not configured. We recommend adding this setting. Falling back to ozone.metadata.dirs instead.
2019-08-29 08:31:03,064 [main] WARN  server.ServerUtils (ServerUtils.java:getScmDbDir(145)) - ozone.scm.db.dirs is not configured. We recommend adding this setting. Falling back to ozone.metadata.dirs instead.
2019-08-29 08:31:03,065 [main] WARN  server.ServerUtils (ServerUtils.java:getScmDbDir(145)) - ozone.scm.db.dirs is not configured. We recommend adding this setting. Falling back to ozone.metadata.dirs instead.
2019-08-29 08:31:03,065 [main] INFO  db.DBStoreBuilder (DBStoreBuilder.java:addTable(110)) - using custom profile for table: deletedBlocks
2019-08-29 08:31:03,065 [main] INFO  db.DBStoreBuilder (DBStoreBuilder.java:processTables(161)) - Using default column profile:DBProfile.DISK for Table:deletedBlocks
2019-08-29 08:31:03,065 [main] INFO  db.DBStoreBuilder (DBStoreBuilder.java:addTable(110)) - using custom profile for table: validCerts
2019-08-29 08:31:03,066 [main] INFO  db.DBStoreBuilder (DBStoreBuilder.java:processTables(161)) - Using default column profile:DBProfile.DISK for Table:validCerts
2019-08-29 08:31:03,066 [main] INFO  db.DBStoreBuilder (DBStoreBuilder.java:addTable(110)) - using custom profile for table: revokedCerts
2019-08-29 08:31:03,066 [main] INFO  db.DBStoreBuilder (DBStoreBuilder.java:processTables(161)) - Using default column profile:DBProfile.DISK for Table:revokedCerts
2019-08-29 08:31:03,066 [main] INFO  db.DBStoreBuilder (DBStoreBuilder.java:addTable(110)) - using custom profile for table: default
2019-08-29 08:31:03,066 [main] INFO  db.DBStoreBuilder (DBStoreBuilder.java:processTables(167)) - Using default column profile:DBProfile.DISK for Table:default
2019-08-29 08:31:03,066 [main] INFO  db.DBStoreBuilder (DBStoreBuilder.java:getDbProfile(198)) - Using default options. DBProfile.DISK
2019-08-29 08:31:03,284 [main] INFO  net.NodeSchemaLoader (NodeSchemaLoader.java:loadSchemaFromFile(125)) - Loading file from sun.misc.CompoundEnumeration@722531ab
2019-08-29 08:31:03,284 [main] INFO  net.NodeSchemaLoader (NodeSchemaLoader.java:loadSchema(171)) - Loading network topology layer schema file
2019-08-29 08:31:03,288 [main] INFO  node.SCMNodeManager (SCMNodeManager.java:<init>(121)) - Entering startup safe mode.
2019-08-29 08:31:03,288 [main] INFO  algorithms.ContainerPlacementPolicyFactory (ContainerPlacementPolicyFactory.java:getPolicy(55)) - Create container placement policy of type org.apache.hadoop.hdds.scm.container.placement.algorithms.SCMContainerPlacementRandom
2019-08-29 08:31:03,288 [main] WARN  server.ServerUtils (ServerUtils.java:getScmDbDir(145)) - ozone.scm.db.dirs is not configured. We recommend adding this setting. Falling back to ozone.metadata.dirs instead.
2019-08-29 08:31:03,390 [main] INFO  pipeline.SCMPipelineManager (SCMPipelineManager.java:initializePipelineState(126)) - No pipeline exists in current db
2019-08-29 08:31:03,390 [main] WARN  server.ServerUtils (ServerUtils.java:getScmDbDir(145)) - ozone.scm.db.dirs is not configured. We recommend adding this setting. Falling back to ozone.metadata.dirs instead.
2019-08-29 08:31:03,524 [main] WARN  events.EventQueue (EventQueue.java:fireEvent(175)) - No event handler registered for event TypedEvent{payloadType=SafeModeStatus, name='SafeModeStatus'}
2019-08-29 08:31:03,525 [main] INFO  ipc.CallQueueManager (CallQueueManager.java:<init>(84)) - Using callQueue: class java.util.concurrent.LinkedBlockingQueue, queueCapacity: 2000, scheduler: class org.apache.hadoop.ipc.DefaultRpcScheduler, ipcBackoff: false.
2019-08-29 08:31:03,526 [Socket Reader #1 for port 35577] INFO  ipc.Server (Server.java:run(1074)) - Starting Socket Reader #1 for port 35577
2019-08-29 08:31:03,528 [main] INFO  ipc.CallQueueManager (CallQueueManager.java:<init>(84)) - Using callQueue: class java.util.concurrent.LinkedBlockingQueue, queueCapacity: 2000, scheduler: class org.apache.hadoop.ipc.DefaultRpcScheduler, ipcBackoff: false.
2019-08-29 08:31:03,528 [Socket Reader #1 for port 37524] INFO  ipc.Server (Server.java:run(1074)) - Starting Socket Reader #1 for port 37524
2019-08-29 08:31:03,529 [main] INFO  ipc.CallQueueManager (CallQueueManager.java:<init>(84)) - Using callQueue: class java.util.concurrent.LinkedBlockingQueue, queueCapacity: 2000, scheduler: class org.apache.hadoop.ipc.DefaultRpcScheduler, ipcBackoff: false.
2019-08-29 08:31:03,530 [Socket Reader #1 for port 41546] INFO  ipc.Server (Server.java:run(1074)) - Starting Socket Reader #1 for port 41546
2019-08-29 08:31:03,532 [main] INFO  hdfs.DFSUtil (DFSUtil.java:httpServerTemplateForNNAndJN(1641)) - Starting Web-server for scm at: http://0.0.0.0:0
2019-08-29 08:31:03,536 [main] INFO  server.AuthenticationFilter (AuthenticationFilter.java:constructSecretProvider(240)) - Unable to initialize FileSignerSecretProvider, falling back to use random secrets.
2019-08-29 08:31:03,536 [main] WARN  http.HttpRequestLog (HttpRequestLog.java:getRequestLog(97)) - Jetty request log can only be enabled using Log4j
2019-08-29 08:31:03,538 [main] INFO  http.HttpServer2 (HttpServer2.java:addGlobalFilter(975)) - Added global filter 'safety' (class=org.apache.hadoop.http.HttpServer2$QuotingInputFilter)
2019-08-29 08:31:03,538 [main] INFO  http.HttpServer2 (HttpServer2.java:addFilter(948)) - Added filter static_user_filter (class=org.apache.hadoop.http.lib.StaticUserWebFilter$StaticUserFilter) to context scm
2019-08-29 08:31:03,539 [main] INFO  http.HttpServer2 (HttpServer2.java:addFilter(958)) - Added filter static_user_filter (class=org.apache.hadoop.http.lib.StaticUserWebFilter$StaticUserFilter) to context static
2019-08-29 08:31:03,539 [main] INFO  http.HttpServer2 (HttpServer2.java:addFilter(958)) - Added filter static_user_filter (class=org.apache.hadoop.http.lib.StaticUserWebFilter$StaticUserFilter) to context logs
2019-08-29 08:31:03,540 [main] INFO  server.StorageContainerManager (StorageContainerManager.java:start(759)) - StorageContainerLocationProtocol RPC server is listening at /0.0.0.0:41546
2019-08-29 08:31:03,542 [main] WARN  impl.MetricsConfig (MetricsConfig.java:loadFirst(134)) - Cannot locate configuration: tried hadoop-metrics2-storagecontainermanager.properties,hadoop-metrics2.properties
2019-08-29 08:31:03,543 [main] INFO  impl.MetricsSystemImpl (MetricsSystemImpl.java:startTimer(374)) - Scheduled Metric snapshot period at 10 second(s).
2019-08-29 08:31:03,543 [main] INFO  impl.MetricsSystemImpl (MetricsSystemImpl.java:start(191)) - StorageContainerManager metrics system started
2019-08-29 08:31:03,663 [main] INFO  server.SCMClientProtocolServer (SCMClientProtocolServer.java:start(151)) - RPC server for Client  is listening at /0.0.0.0:41546
2019-08-29 08:31:03,664 [IPC Server Responder] INFO  ipc.Server (Server.java:run(1314)) - IPC Server Responder: starting
2019-08-29 08:31:03,664 [IPC Server listener on 41546] INFO  ipc.Server (Server.java:run(1153)) - IPC Server listener on 41546: starting
2019-08-29 08:31:03,666 [main] INFO  server.StorageContainerManager (StorageContainerManager.java:start(769)) - ScmBlockLocationProtocol RPC server is listening at /0.0.0.0:37524
2019-08-29 08:31:03,667 [main] INFO  server.SCMBlockProtocolServer (SCMBlockProtocolServer.java:start(140)) - RPC server for Block Protocol is listening at /0.0.0.0:37524
2019-08-29 08:31:03,667 [IPC Server Responder] INFO  ipc.Server (Server.java:run(1314)) - IPC Server Responder: starting
2019-08-29 08:31:03,667 [IPC Server listener on 37524] INFO  ipc.Server (Server.java:run(1153)) - IPC Server listener on 37524: starting
2019-08-29 08:31:03,670 [main] INFO  server.StorageContainerManager (StorageContainerManager.java:start(773)) - ScmDatanodeProtocl RPC server is listening at /0.0.0.0:35577
2019-08-29 08:31:03,670 [main] INFO  server.SCMDatanodeProtocolServer (SCMDatanodeProtocolServer.java:start(191)) - RPC server for DataNodes is listening at /0.0.0.0:35577
2019-08-29 08:31:03,670 [IPC Server Responder] INFO  ipc.Server (Server.java:run(1314)) - IPC Server Responder: starting
2019-08-29 08:31:03,670 [IPC Server listener on 35577] INFO  ipc.Server (Server.java:run(1153)) - IPC Server listener on 35577: starting
2019-08-29 08:31:03,674 [main] INFO  http.HttpServer2 (HttpServer2.java:bindListener(1191)) - Jetty bound to port 35798
2019-08-29 08:31:03,674 [main] INFO  server.Server (Server.java:doStart(351)) - jetty-9.3.24.v20180605, build timestamp: 2018-06-05T17:11:56Z, git hash: 84205aa28f11a4f31f2a3b86d1bba2cc8ab69827
2019-08-29 08:31:03,676 [main] INFO  handler.ContextHandler (ContextHandler.java:doStart(781)) - Started o.e.j.s.ServletContextHandler@20a3e10c{/logs,file:///workdir/hadoop-ozone/integration-test/target/log,AVAILABLE}
2019-08-29 08:31:03,677 [main] INFO  handler.ContextHandler (ContextHandler.java:doStart(781)) - Started o.e.j.s.ServletContextHandler@5e2a6991{/static,file:///workdir/hadoop-ozone/integration-test/target/test-classes/webapps/static,AVAILABLE}
2019-08-29 08:31:03,680 [main] INFO  handler.ContextHandler (ContextHandler.java:doStart(781)) - Started o.e.j.w.WebAppContext@33bdd01{/,file:///workdir/hadoop-ozone/integration-test/target/test-classes/webapps/scm/,AVAILABLE}{/scm}
2019-08-29 08:31:03,681 [main] INFO  server.AbstractConnector (AbstractConnector.java:doStart(278)) - Started ServerConnector@159ac15f{HTTP/1.1,[http/1.1]}{0.0.0.0:35798}
2019-08-29 08:31:03,682 [main] INFO  server.Server (Server.java:doStart(419)) - Started @570451ms
2019-08-29 08:31:03,683 [main] INFO  server.BaseHttpServer (BaseHttpServer.java:updateConnectorAddress(213)) - HTTP server of SCM is listening at http://0.0.0.0:35798
2019-08-29 08:31:03,683 [main] WARN  server.ServerUtils (ServerUtils.java:getDBPath(222)) - ozone.om.db.dirs is not configured. We recommend adding this setting. Falling back to ozone.metadata.dirs instead.
2019-08-29 08:31:03,685 [org.apache.hadoop.util.JvmPauseMonitor$Monitor@7af1d072] INFO  util.JvmPauseMonitor (JvmPauseMonitor.java:run(188)) - Starting JVM pause monitor
2019-08-29 08:31:03,718 [main] WARN  server.ServerUtils (ServerUtils.java:getDBPath(222)) - ozone.om.db.dirs is not configured. We recommend adding this setting. Falling back to ozone.metadata.dirs instead.
2019-08-29 08:31:03,718 [main] WARN  server.ServerUtils (ServerUtils.java:getDBPath(222)) - ozone.om.db.dirs is not configured. We recommend adding this setting. Falling back to ozone.metadata.dirs instead.
2019-08-29 08:31:03,718 [main] INFO  om.OzoneManager (OzoneManager.java:setOMNodeDetails(645)) - OM Service ID is not set. Setting it to the default ID: omServiceIdDefault
2019-08-29 08:31:03,718 [main] INFO  om.OzoneManager (OzoneManager.java:setOMNodeDetails(651)) - OM Node ID is not set. Setting it to the OmStorage's OmID: 57d23fd5-c145-4480-85fa-8b41e7b762f5
2019-08-29 08:31:03,719 [main] INFO  om.OzoneManager (OzoneManager.java:loadOMHAConfigs(602)) - Found matching OM address with OMServiceId: null, OMNodeId: null, RPC Address: localhost:0 and Ratis port: 9872
2019-08-29 08:31:03,723 | INFO  | SCMAudit | user=jenkins1000 | ip=192.168.5.176 | op=GET_SCM_INFO null | ret=SUCCESS |  
2019-08-29 08:31:03,724 [main] WARN  server.ServerUtils (ServerUtils.java:getDBPath(222)) - ozone.om.db.dirs is not configured. We recommend adding this setting. Falling back to ozone.metadata.dirs instead.
2019-08-29 08:31:03,724 [main] INFO  db.DBStoreBuilder (DBStoreBuilder.java:addTable(110)) - using custom profile for table: userTable
2019-08-29 08:31:03,725 [main] INFO  db.DBStoreBuilder (DBStoreBuilder.java:processTables(161)) - Using default column profile:DBProfile.DISK for Table:userTable
2019-08-29 08:31:03,725 [main] INFO  db.DBStoreBuilder (DBStoreBuilder.java:addTable(110)) - using custom profile for table: volumeTable
2019-08-29 08:31:03,725 [main] INFO  db.DBStoreBuilder (DBStoreBuilder.java:processTables(161)) - Using default column profile:DBProfile.DISK for Table:volumeTable
2019-08-29 08:31:03,725 [main] INFO  db.DBStoreBuilder (DBStoreBuilder.java:addTable(110)) - using custom profile for table: bucketTable
2019-08-29 08:31:03,725 [main] INFO  db.DBStoreBuilder (DBStoreBuilder.java:processTables(161)) - Using default column profile:DBProfile.DISK for Table:bucketTable
2019-08-29 08:31:03,726 [main] INFO  db.DBStoreBuilder (DBStoreBuilder.java:addTable(110)) - using custom profile for table: keyTable
2019-08-29 08:31:03,726 [main] INFO  db.DBStoreBuilder (DBStoreBuilder.java:processTables(161)) - Using default column profile:DBProfile.DISK for Table:keyTable
2019-08-29 08:31:03,726 [main] INFO  db.DBStoreBuilder (DBStoreBuilder.java:addTable(110)) - using custom profile for table: deletedTable
2019-08-29 08:31:03,726 [main] INFO  db.DBStoreBuilder (DBStoreBuilder.java:processTables(161)) - Using default column profile:DBProfile.DISK for Table:deletedTable
2019-08-29 08:31:03,726 [main] INFO  db.DBStoreBuilder (DBStoreBuilder.java:addTable(110)) - using custom profile for table: openKeyTable
2019-08-29 08:31:03,726 [main] INFO  db.DBStoreBuilder (DBStoreBuilder.java:processTables(161)) - Using default column profile:DBProfile.DISK for Table:openKeyTable
2019-08-29 08:31:03,727 [main] INFO  db.DBStoreBuilder (DBStoreBuilder.java:addTable(110)) - using custom profile for table: s3Table
2019-08-29 08:31:03,727 [main] INFO  db.DBStoreBuilder (DBStoreBuilder.java:processTables(161)) - Using default column profile:DBProfile.DISK for Table:s3Table
2019-08-29 08:31:03,727 [main] INFO  db.DBStoreBuilder (DBStoreBuilder.java:addTable(110)) - using custom profile for table: multipartInfoTable
2019-08-29 08:31:03,727 [main] INFO  db.DBStoreBuilder (DBStoreBuilder.java:processTables(161)) - Using default column profile:DBProfile.DISK for Table:multipartInfoTable
2019-08-29 08:31:03,727 [main] INFO  db.DBStoreBuilder (DBStoreBuilder.java:addTable(110)) - using custom profile for table: dTokenTable
2019-08-29 08:31:03,727 [main] INFO  db.DBStoreBuilder (DBStoreBuilder.java:processTables(161)) - Using default column profile:DBProfile.DISK for Table:dTokenTable
2019-08-29 08:31:03,727 [main] INFO  db.DBStoreBuilder (DBStoreBuilder.java:addTable(110)) - using custom profile for table: s3SecretTable
2019-08-29 08:31:03,728 [main] INFO  db.DBStoreBuilder (DBStoreBuilder.java:processTables(161)) - Using default column profile:DBProfile.DISK for Table:s3SecretTable
2019-08-29 08:31:03,728 [main] INFO  db.DBStoreBuilder (DBStoreBuilder.java:addTable(110)) - using custom profile for table: prefixTable
2019-08-29 08:31:03,728 [main] INFO  db.DBStoreBuilder (DBStoreBuilder.java:processTables(161)) - Using default column profile:DBProfile.DISK for Table:prefixTable
2019-08-29 08:31:03,728 [main] INFO  db.DBStoreBuilder (DBStoreBuilder.java:addTable(110)) - using custom profile for table: default
2019-08-29 08:31:03,728 [main] INFO  db.DBStoreBuilder (DBStoreBuilder.java:processTables(167)) - Using default column profile:DBProfile.DISK for Table:default
2019-08-29 08:31:03,728 [main] INFO  db.DBStoreBuilder (DBStoreBuilder.java:getDbProfile(198)) - Using default options. DBProfile.DISK
2019-08-29 08:31:04,464 [main] INFO  ipc.CallQueueManager (CallQueueManager.java:<init>(84)) - Using callQueue: class java.util.concurrent.LinkedBlockingQueue, queueCapacity: 2000, scheduler: class org.apache.hadoop.ipc.DefaultRpcScheduler, ipcBackoff: false.
2019-08-29 08:31:04,465 [Socket Reader #1 for port 37319] INFO  ipc.Server (Server.java:run(1074)) - Starting Socket Reader #1 for port 37319
2019-08-29 08:31:04,479 [main] INFO  om.OzoneManager (OzoneManager.java:start(1256)) - OzoneManager RPC server is listening at localhost/127.0.0.1:37319
2019-08-29 08:31:04,479 [main] INFO  impl.MetricsSystemImpl (MetricsSystemImpl.java:init(158)) - OzoneManager metrics system started (again)
2019-08-29 08:31:04,480 [IPC Server Responder] INFO  ipc.Server (Server.java:run(1314)) - IPC Server Responder: starting
2019-08-29 08:31:04,483 [IPC Server listener on 37319] INFO  ipc.Server (Server.java:run(1153)) - IPC Server listener on 37319: starting
2019-08-29 08:31:04,487 [main] INFO  hdfs.DFSUtil (DFSUtil.java:httpServerTemplateForNNAndJN(1641)) - Starting Web-server for ozoneManager at: http://0.0.0.0:0
2019-08-29 08:31:04,488 [main] INFO  server.AuthenticationFilter (AuthenticationFilter.java:constructSecretProvider(240)) - Unable to initialize FileSignerSecretProvider, falling back to use random secrets.
2019-08-29 08:31:04,489 [main] WARN  http.HttpRequestLog (HttpRequestLog.java:getRequestLog(97)) - Jetty request log can only be enabled using Log4j
2019-08-29 08:31:04,490 [main] INFO  http.HttpServer2 (HttpServer2.java:addGlobalFilter(975)) - Added global filter 'safety' (class=org.apache.hadoop.http.HttpServer2$QuotingInputFilter)
2019-08-29 08:31:04,490 [main] INFO  http.HttpServer2 (HttpServer2.java:addFilter(948)) - Added filter static_user_filter (class=org.apache.hadoop.http.lib.StaticUserWebFilter$StaticUserFilter) to context ozoneManager
2019-08-29 08:31:04,490 [main] INFO  http.HttpServer2 (HttpServer2.java:addFilter(958)) - Added filter static_user_filter (class=org.apache.hadoop.http.lib.StaticUserWebFilter$StaticUserFilter) to context static
2019-08-29 08:31:04,491 [main] INFO  http.HttpServer2 (HttpServer2.java:addFilter(958)) - Added filter static_user_filter (class=org.apache.hadoop.http.lib.StaticUserWebFilter$StaticUserFilter) to context logs
2019-08-29 08:31:04,491 [main] INFO  http.HttpServer2 (HttpServer2.java:bindListener(1191)) - Jetty bound to port 37004
2019-08-29 08:31:04,491 [main] INFO  server.Server (Server.java:doStart(351)) - jetty-9.3.24.v20180605, build timestamp: 2018-06-05T17:11:56Z, git hash: 84205aa28f11a4f31f2a3b86d1bba2cc8ab69827
2019-08-29 08:31:04,492 [main] INFO  handler.ContextHandler (ContextHandler.java:doStart(781)) - Started o.e.j.s.ServletContextHandler@3cc3f13e{/logs,file:///workdir/hadoop-ozone/integration-test/target/log,AVAILABLE}
2019-08-29 08:31:04,493 [main] INFO  handler.ContextHandler (ContextHandler.java:doStart(781)) - Started o.e.j.s.ServletContextHandler@53d30d23{/static,file:///workdir/hadoop-ozone/integration-test/target/test-classes/webapps/static,AVAILABLE}
2019-08-29 08:31:04,496 [main] INFO  handler.ContextHandler (ContextHandler.java:doStart(781)) - Started o.e.j.w.WebAppContext@8eb6f9a{/,file:///workdir/hadoop-ozone/integration-test/target/test-classes/webapps/ozoneManager/,AVAILABLE}{/ozoneManager}
2019-08-29 08:31:04,496 [main] INFO  server.AbstractConnector (AbstractConnector.java:doStart(278)) - Started ServerConnector@29170a47{HTTP/1.1,[http/1.1]}{0.0.0.0:37004}
2019-08-29 08:31:04,497 [main] INFO  server.Server (Server.java:doStart(419)) - Started @571267ms
2019-08-29 08:31:04,498 [main] INFO  server.BaseHttpServer (BaseHttpServer.java:updateConnectorAddress(213)) - HTTP server of OZONEMANAGER is listening at http://0.0.0.0:37004
2019-08-29 08:31:04,509 [main] INFO  impl.MetricsSystemImpl (MetricsSystemImpl.java:init(158)) - HddsDatanode metrics system started (again)
2019-08-29 08:31:04,511 [main] INFO  ozone.HddsDatanodeService (HddsDatanodeService.java:start(184)) - HddsDatanodeService host:pr-hdds-1909-44d2n-1519487446 ip:192.168.5.176
2019-08-29 08:31:04,516 [main] INFO  volume.HddsVolume (HddsVolume.java:<init>(176)) - Creating Volume: /workdir/hadoop-ozone/integration-test/target/test-dir/MiniOzoneClusterImpl-8c07e826-c47b-4931-987d-73ac2cd5ddca/datanode-0/data/containers/hdds of  storage type : DISK and capacity : 1482555576320
2019-08-29 08:31:04,517 [main] INFO  volume.VolumeSet (VolumeSet.java:initializeVolumeSet(170)) - Added Volume : /workdir/hadoop-ozone/integration-test/target/test-dir/MiniOzoneClusterImpl-8c07e826-c47b-4931-987d-73ac2cd5ddca/datanode-0/data/containers/hdds to VolumeSet
2019-08-29 08:31:04,517 [main] INFO  volume.ThrottledAsyncChecker (ThrottledAsyncChecker.java:schedule(140)) - Scheduling a check for org.apache.hadoop.ozone.container.common.volume.HddsVolume@733f1395
2019-08-29 08:31:04,517 [main] INFO  volume.HddsVolumeChecker (HddsVolumeChecker.java:checkAllVolumes(203)) - Scheduled health check for volume org.apache.hadoop.ozone.container.common.volume.HddsVolume@733f1395
2019-08-29 08:31:04,530 [main] INFO  impl.RaftServerProxy (ConfUtils.java:logGet(43)) - raft.rpc.type = GRPC (default)
2019-08-29 08:31:04,531 [main] INFO  grpc.GrpcFactory (GrpcFactory.java:checkPooledByteBufAllocatorUseCacheForAllThreads(45)) - PERFORMANCE WARNING: useCacheForAllThreads is true that may cause Netty to create a lot garbage objects and, as a result, trigger GC.
	It is recommended to disable useCacheForAllThreads by setting -Dorg.apache.ratis.thirdparty.io.netty.allocator.useCacheForAllThreads=false in command line.
2019-08-29 08:31:04,531 [main] INFO  grpc.GrpcConfigKeys$Server (ConfUtils.java:logGet(43)) - raft.grpc.server.port = 0 (default)
2019-08-29 08:31:04,531 [main] INFO  server.GrpcService (ConfUtils.java:logGet(43)) - raft.grpc.message.size.max = 33570816 (custom)
2019-08-29 08:31:04,531 [main] INFO  server.RaftServerConfigKeys (ConfUtils.java:logGet(43)) - raft.server.log.appender.buffer.byte-limit = 33554432 (custom)
2019-08-29 08:31:04,531 [main] INFO  server.GrpcService (ConfUtils.java:logGet(43)) - raft.grpc.flow.control.window = 1MB (=1048576) (default)
2019-08-29 08:31:04,531 [main] INFO  server.RaftServerConfigKeys (ConfUtils.java:logGet(43)) - raft.server.rpc.request.timeout = 3000ms (default)
2019-08-29 08:31:04,532 [main] INFO  server.RaftServerConfigKeys (ConfUtils.java:logGet(43)) - raft.server.storage.dir = [/workdir/hadoop-ozone/integration-test/target/test-dir/MiniOzoneClusterImpl-8c07e826-c47b-4931-987d-73ac2cd5ddca/datanode-0/data/ratis] (custom)
2019-08-29 08:31:04,533 [main] INFO  hdfs.DFSUtil (DFSUtil.java:httpServerTemplateForNNAndJN(1641)) - Starting Web-server for hddsDatanode at: http://0.0.0.0:0
2019-08-29 08:31:04,535 [main] INFO  server.AuthenticationFilter (AuthenticationFilter.java:constructSecretProvider(240)) - Unable to initialize FileSignerSecretProvider, falling back to use random secrets.
2019-08-29 08:31:04,535 [main] WARN  http.HttpRequestLog (HttpRequestLog.java:getRequestLog(97)) - Jetty request log can only be enabled using Log4j
2019-08-29 08:31:04,536 [main] INFO  http.HttpServer2 (HttpServer2.java:addGlobalFilter(975)) - Added global filter 'safety' (class=org.apache.hadoop.http.HttpServer2$QuotingInputFilter)
2019-08-29 08:31:04,537 [main] INFO  http.HttpServer2 (HttpServer2.java:addFilter(948)) - Added filter static_user_filter (class=org.apache.hadoop.http.lib.StaticUserWebFilter$StaticUserFilter) to context hddsDatanode
2019-08-29 08:31:04,537 [main] INFO  http.HttpServer2 (HttpServer2.java:addFilter(958)) - Added filter static_user_filter (class=org.apache.hadoop.http.lib.StaticUserWebFilter$StaticUserFilter) to context static
2019-08-29 08:31:04,537 [main] INFO  http.HttpServer2 (HttpServer2.java:addFilter(958)) - Added filter static_user_filter (class=org.apache.hadoop.http.lib.StaticUserWebFilter$StaticUserFilter) to context logs
2019-08-29 08:31:04,537 [main] INFO  http.HttpServer2 (HttpServer2.java:bindListener(1191)) - Jetty bound to port 33307
2019-08-29 08:31:04,538 [main] INFO  server.Server (Server.java:doStart(351)) - jetty-9.3.24.v20180605, build timestamp: 2018-06-05T17:11:56Z, git hash: 84205aa28f11a4f31f2a3b86d1bba2cc8ab69827
2019-08-29 08:31:04,539 [main] INFO  handler.ContextHandler (ContextHandler.java:doStart(781)) - Started o.e.j.s.ServletContextHandler@55421b8d{/logs,file:///workdir/hadoop-ozone/integration-test/target/log,AVAILABLE}
2019-08-29 08:31:04,539 [main] INFO  handler.ContextHandler (ContextHandler.java:doStart(781)) - Started o.e.j.s.ServletContextHandler@6615237{/static,jar:file:/home/user/.m2/repository/org/apache/hadoop/hadoop-hdds-container-service/0.5.0-SNAPSHOT/hadoop-hdds-container-service-0.5.0-SNAPSHOT.jar!/webapps/static,AVAILABLE}
2019-08-29 08:31:04,564 [main] INFO  handler.ContextHandler (ContextHandler.java:doStart(781)) - Started o.e.j.w.WebAppContext@b5d9f1e{/,file:///tmp/jetty-0.0.0.0-33307-hddsDatanode-_-any-2737462362206188321.dir/webapp/,AVAILABLE}{/hddsDatanode}
2019-08-29 08:31:04,564 [main] INFO  server.AbstractConnector (AbstractConnector.java:doStart(278)) - Started ServerConnector@350ff014{HTTP/1.1,[http/1.1]}{0.0.0.0:33307}
2019-08-29 08:31:04,565 [main] INFO  server.Server (Server.java:doStart(419)) - Started @571335ms
2019-08-29 08:31:04,566 [main] INFO  server.BaseHttpServer (BaseHttpServer.java:updateConnectorAddress(213)) - HTTP server of HDDSDATANODE is listening at http://0.0.0.0:33307
2019-08-29 08:31:04,566 [main] INFO  impl.MetricsSystemImpl (MetricsSystemImpl.java:init(158)) - HddsDatanode metrics system started (again)
2019-08-29 08:31:04,569 [org.apache.hadoop.util.JvmPauseMonitor$Monitor@485db17b] INFO  util.JvmPauseMonitor (JvmPauseMonitor.java:run(188)) - Starting JVM pause monitor
2019-08-29 08:31:04,569 [main] INFO  ozone.HddsDatanodeService (HddsDatanodeService.java:start(184)) - HddsDatanodeService host:pr-hdds-1909-44d2n-1519487446 ip:192.168.5.176
2019-08-29 08:31:04,570 [Datanode State Machine Thread - 0] INFO  datanode.InitDatanodeState (InitDatanodeState.java:persistContainerDatanodeDetails(140)) - DatanodeDetails is persisted to /workdir/hadoop-ozone/integration-test/target/test-dir/MiniOzoneClusterImpl-8c07e826-c47b-4931-987d-73ac2cd5ddca/datanode-0/meta/datanode.id
2019-08-29 08:31:04,574 [main] INFO  volume.HddsVolume (HddsVolume.java:<init>(176)) - Creating Volume: /workdir/hadoop-ozone/integration-test/target/test-dir/MiniOzoneClusterImpl-8c07e826-c47b-4931-987d-73ac2cd5ddca/datanode-1/data/containers/hdds of  storage type : DISK and capacity : 1482555576320
2019-08-29 08:31:04,574 [main] INFO  volume.VolumeSet (VolumeSet.java:initializeVolumeSet(170)) - Added Volume : /workdir/hadoop-ozone/integration-test/target/test-dir/MiniOzoneClusterImpl-8c07e826-c47b-4931-987d-73ac2cd5ddca/datanode-1/data/containers/hdds to VolumeSet
2019-08-29 08:31:04,575 [main] INFO  volume.ThrottledAsyncChecker (ThrottledAsyncChecker.java:schedule(140)) - Scheduling a check for org.apache.hadoop.ozone.container.common.volume.HddsVolume@43c39321
2019-08-29 08:31:04,575 [main] INFO  volume.HddsVolumeChecker (HddsVolumeChecker.java:checkAllVolumes(203)) - Scheduled health check for volume org.apache.hadoop.ozone.container.common.volume.HddsVolume@43c39321
2019-08-29 08:31:04,587 [main] INFO  impl.RaftServerProxy (ConfUtils.java:logGet(43)) - raft.rpc.type = GRPC (default)
2019-08-29 08:31:04,587 [main] INFO  grpc.GrpcFactory (GrpcFactory.java:checkPooledByteBufAllocatorUseCacheForAllThreads(45)) - PERFORMANCE WARNING: useCacheForAllThreads is true that may cause Netty to create a lot garbage objects and, as a result, trigger GC.
	It is recommended to disable useCacheForAllThreads by setting -Dorg.apache.ratis.thirdparty.io.netty.allocator.useCacheForAllThreads=false in command line.
2019-08-29 08:31:04,587 [main] INFO  grpc.GrpcConfigKeys$Server (ConfUtils.java:logGet(43)) - raft.grpc.server.port = 0 (default)
2019-08-29 08:31:04,587 [main] INFO  server.GrpcService (ConfUtils.java:logGet(43)) - raft.grpc.message.size.max = 33570816 (custom)
2019-08-29 08:31:04,588 [main] INFO  server.RaftServerConfigKeys (ConfUtils.java:logGet(43)) - raft.server.log.appender.buffer.byte-limit = 33554432 (custom)
2019-08-29 08:31:04,588 [main] INFO  server.GrpcService (ConfUtils.java:logGet(43)) - raft.grpc.flow.control.window = 1MB (=1048576) (default)
2019-08-29 08:31:04,588 [main] INFO  server.RaftServerConfigKeys (ConfUtils.java:logGet(43)) - raft.server.rpc.request.timeout = 3000ms (default)
2019-08-29 08:31:04,588 [main] INFO  server.RaftServerConfigKeys (ConfUtils.java:logGet(43)) - raft.server.storage.dir = [/workdir/hadoop-ozone/integration-test/target/test-dir/MiniOzoneClusterImpl-8c07e826-c47b-4931-987d-73ac2cd5ddca/datanode-1/data/ratis] (custom)
2019-08-29 08:31:04,590 [main] INFO  hdfs.DFSUtil (DFSUtil.java:httpServerTemplateForNNAndJN(1641)) - Starting Web-server for hddsDatanode at: http://0.0.0.0:0
2019-08-29 08:31:04,591 [main] INFO  server.AuthenticationFilter (AuthenticationFilter.java:constructSecretProvider(240)) - Unable to initialize FileSignerSecretProvider, falling back to use random secrets.
2019-08-29 08:31:04,591 [main] WARN  http.HttpRequestLog (HttpRequestLog.java:getRequestLog(97)) - Jetty request log can only be enabled using Log4j
2019-08-29 08:31:04,593 [main] INFO  http.HttpServer2 (HttpServer2.java:addGlobalFilter(975)) - Added global filter 'safety' (class=org.apache.hadoop.http.HttpServer2$QuotingInputFilter)
2019-08-29 08:31:04,593 [main] INFO  http.HttpServer2 (HttpServer2.java:addFilter(948)) - Added filter static_user_filter (class=org.apache.hadoop.http.lib.StaticUserWebFilter$StaticUserFilter) to context hddsDatanode
2019-08-29 08:31:04,593 [main] INFO  http.HttpServer2 (HttpServer2.java:addFilter(958)) - Added filter static_user_filter (class=org.apache.hadoop.http.lib.StaticUserWebFilter$StaticUserFilter) to context static
2019-08-29 08:31:04,593 [main] INFO  http.HttpServer2 (HttpServer2.java:addFilter(958)) - Added filter static_user_filter (class=org.apache.hadoop.http.lib.StaticUserWebFilter$StaticUserFilter) to context logs
2019-08-29 08:31:04,594 [main] INFO  http.HttpServer2 (HttpServer2.java:bindListener(1191)) - Jetty bound to port 36324
2019-08-29 08:31:04,594 [main] INFO  server.Server (Server.java:doStart(351)) - jetty-9.3.24.v20180605, build timestamp: 2018-06-05T17:11:56Z, git hash: 84205aa28f11a4f31f2a3b86d1bba2cc8ab69827
2019-08-29 08:31:04,596 [main] INFO  handler.ContextHandler (ContextHandler.java:doStart(781)) - Started o.e.j.s.ServletContextHandler@b56ec6c{/logs,file:///workdir/hadoop-ozone/integration-test/target/log,AVAILABLE}
2019-08-29 08:31:04,596 [main] INFO  handler.ContextHandler (ContextHandler.java:doStart(781)) - Started o.e.j.s.ServletContextHandler@dc59ec2{/static,jar:file:/home/user/.m2/repository/org/apache/hadoop/hadoop-hdds-container-service/0.5.0-SNAPSHOT/hadoop-hdds-container-service-0.5.0-SNAPSHOT.jar!/webapps/static,AVAILABLE}
2019-08-29 08:31:04,622 [main] INFO  handler.ContextHandler (ContextHandler.java:doStart(781)) - Started o.e.j.w.WebAppContext@100bba26{/,file:///tmp/jetty-0.0.0.0-36324-hddsDatanode-_-any-9012419556545351506.dir/webapp/,AVAILABLE}{/hddsDatanode}
2019-08-29 08:31:04,622 [main] INFO  server.AbstractConnector (AbstractConnector.java:doStart(278)) - Started ServerConnector@4ae280da{HTTP/1.1,[http/1.1]}{0.0.0.0:36324}
2019-08-29 08:31:04,623 [main] INFO  server.Server (Server.java:doStart(419)) - Started @571393ms
2019-08-29 08:31:04,624 [main] INFO  server.BaseHttpServer (BaseHttpServer.java:updateConnectorAddress(213)) - HTTP server of HDDSDATANODE is listening at http://0.0.0.0:36324
2019-08-29 08:31:04,625 [main] INFO  impl.MetricsSystemImpl (MetricsSystemImpl.java:init(158)) - HddsDatanode metrics system started (again)
2019-08-29 08:31:04,627 [org.apache.hadoop.util.JvmPauseMonitor$Monitor@44c853e7] INFO  util.JvmPauseMonitor (JvmPauseMonitor.java:run(188)) - Starting JVM pause monitor
2019-08-29 08:31:04,628 [main] INFO  ozone.HddsDatanodeService (HddsDatanodeService.java:start(184)) - HddsDatanodeService host:pr-hdds-1909-44d2n-1519487446 ip:192.168.5.176
2019-08-29 08:31:04,629 [Datanode State Machine Thread - 0] INFO  datanode.InitDatanodeState (InitDatanodeState.java:persistContainerDatanodeDetails(140)) - DatanodeDetails is persisted to /workdir/hadoop-ozone/integration-test/target/test-dir/MiniOzoneClusterImpl-8c07e826-c47b-4931-987d-73ac2cd5ddca/datanode-1/meta/datanode.id
2019-08-29 08:31:04,632 [main] INFO  volume.HddsVolume (HddsVolume.java:<init>(176)) - Creating Volume: /workdir/hadoop-ozone/integration-test/target/test-dir/MiniOzoneClusterImpl-8c07e826-c47b-4931-987d-73ac2cd5ddca/datanode-2/data/containers/hdds of  storage type : DISK and capacity : 1482555576320
2019-08-29 08:31:04,633 [main] INFO  volume.VolumeSet (VolumeSet.java:initializeVolumeSet(170)) - Added Volume : /workdir/hadoop-ozone/integration-test/target/test-dir/MiniOzoneClusterImpl-8c07e826-c47b-4931-987d-73ac2cd5ddca/datanode-2/data/containers/hdds to VolumeSet
2019-08-29 08:31:04,633 [main] INFO  volume.ThrottledAsyncChecker (ThrottledAsyncChecker.java:schedule(140)) - Scheduling a check for org.apache.hadoop.ozone.container.common.volume.HddsVolume@2dac2e1b
2019-08-29 08:31:04,633 [main] INFO  volume.HddsVolumeChecker (HddsVolumeChecker.java:checkAllVolumes(203)) - Scheduled health check for volume org.apache.hadoop.ozone.container.common.volume.HddsVolume@2dac2e1b
2019-08-29 08:31:04,650 [main] INFO  impl.RaftServerProxy (ConfUtils.java:logGet(43)) - raft.rpc.type = GRPC (default)
2019-08-29 08:31:04,650 [main] INFO  grpc.GrpcFactory (GrpcFactory.java:checkPooledByteBufAllocatorUseCacheForAllThreads(45)) - PERFORMANCE WARNING: useCacheForAllThreads is true that may cause Netty to create a lot garbage objects and, as a result, trigger GC.
	It is recommended to disable useCacheForAllThreads by setting -Dorg.apache.ratis.thirdparty.io.netty.allocator.useCacheForAllThreads=false in command line.
2019-08-29 08:31:04,650 [main] INFO  grpc.GrpcConfigKeys$Server (ConfUtils.java:logGet(43)) - raft.grpc.server.port = 0 (default)
2019-08-29 08:31:04,650 [main] INFO  server.GrpcService (ConfUtils.java:logGet(43)) - raft.grpc.message.size.max = 33570816 (custom)
2019-08-29 08:31:04,651 [main] INFO  server.RaftServerConfigKeys (ConfUtils.java:logGet(43)) - raft.server.log.appender.buffer.byte-limit = 33554432 (custom)
2019-08-29 08:31:04,651 [main] INFO  server.GrpcService (ConfUtils.java:logGet(43)) - raft.grpc.flow.control.window = 1MB (=1048576) (default)
2019-08-29 08:31:04,651 [main] INFO  server.RaftServerConfigKeys (ConfUtils.java:logGet(43)) - raft.server.rpc.request.timeout = 3000ms (default)
2019-08-29 08:31:04,651 [main] INFO  server.RaftServerConfigKeys (ConfUtils.java:logGet(43)) - raft.server.storage.dir = [/workdir/hadoop-ozone/integration-test/target/test-dir/MiniOzoneClusterImpl-8c07e826-c47b-4931-987d-73ac2cd5ddca/datanode-2/data/ratis] (custom)
2019-08-29 08:31:04,652 [main] INFO  hdfs.DFSUtil (DFSUtil.java:httpServerTemplateForNNAndJN(1641)) - Starting Web-server for hddsDatanode at: http://0.0.0.0:0
2019-08-29 08:31:04,654 [main] INFO  server.AuthenticationFilter (AuthenticationFilter.java:constructSecretProvider(240)) - Unable to initialize FileSignerSecretProvider, falling back to use random secrets.
2019-08-29 08:31:04,654 [main] WARN  http.HttpRequestLog (HttpRequestLog.java:getRequestLog(97)) - Jetty request log can only be enabled using Log4j
2019-08-29 08:31:04,655 [main] INFO  http.HttpServer2 (HttpServer2.java:addGlobalFilter(975)) - Added global filter 'safety' (class=org.apache.hadoop.http.HttpServer2$QuotingInputFilter)
2019-08-29 08:31:04,656 [main] INFO  http.HttpServer2 (HttpServer2.java:addFilter(948)) - Added filter static_user_filter (class=org.apache.hadoop.http.lib.StaticUserWebFilter$StaticUserFilter) to context hddsDatanode
2019-08-29 08:31:04,656 [main] INFO  http.HttpServer2 (HttpServer2.java:addFilter(958)) - Added filter static_user_filter (class=org.apache.hadoop.http.lib.StaticUserWebFilter$StaticUserFilter) to context static
2019-08-29 08:31:04,656 [main] INFO  http.HttpServer2 (HttpServer2.java:addFilter(958)) - Added filter static_user_filter (class=org.apache.hadoop.http.lib.StaticUserWebFilter$StaticUserFilter) to context logs
2019-08-29 08:31:04,657 [main] INFO  http.HttpServer2 (HttpServer2.java:bindListener(1191)) - Jetty bound to port 44156
2019-08-29 08:31:04,657 [main] INFO  server.Server (Server.java:doStart(351)) - jetty-9.3.24.v20180605, build timestamp: 2018-06-05T17:11:56Z, git hash: 84205aa28f11a4f31f2a3b86d1bba2cc8ab69827
2019-08-29 08:31:04,658 [main] INFO  handler.ContextHandler (ContextHandler.java:doStart(781)) - Started o.e.j.s.ServletContextHandler@37c1cfa{/logs,file:///workdir/hadoop-ozone/integration-test/target/log,AVAILABLE}
2019-08-29 08:31:04,659 [main] INFO  handler.ContextHandler (ContextHandler.java:doStart(781)) - Started o.e.j.s.ServletContextHandler@2cc75b25{/static,jar:file:/home/user/.m2/repository/org/apache/hadoop/hadoop-hdds-container-service/0.5.0-SNAPSHOT/hadoop-hdds-container-service-0.5.0-SNAPSHOT.jar!/webapps/static,AVAILABLE}
2019-08-29 08:31:04,686 [main] INFO  handler.ContextHandler (ContextHandler.java:doStart(781)) - Started o.e.j.w.WebAppContext@852ef8d{/,file:///tmp/jetty-0.0.0.0-44156-hddsDatanode-_-any-1711502568484886276.dir/webapp/,AVAILABLE}{/hddsDatanode}
2019-08-29 08:31:04,686 [main] INFO  server.AbstractConnector (AbstractConnector.java:doStart(278)) - Started ServerConnector@44dd0d38{HTTP/1.1,[http/1.1]}{0.0.0.0:44156}
2019-08-29 08:31:04,687 [main] INFO  server.Server (Server.java:doStart(419)) - Started @571457ms
2019-08-29 08:31:04,688 [main] INFO  server.BaseHttpServer (BaseHttpServer.java:updateConnectorAddress(213)) - HTTP server of HDDSDATANODE is listening at http://0.0.0.0:44156
2019-08-29 08:31:04,688 [main] INFO  impl.MetricsSystemImpl (MetricsSystemImpl.java:init(158)) - HddsDatanode metrics system started (again)
2019-08-29 08:31:04,691 [org.apache.hadoop.util.JvmPauseMonitor$Monitor@53060d0e] INFO  util.JvmPauseMonitor (JvmPauseMonitor.java:run(188)) - Starting JVM pause monitor
2019-08-29 08:31:04,692 [main] INFO  ozone.HddsDatanodeService (HddsDatanodeService.java:start(184)) - HddsDatanodeService host:pr-hdds-1909-44d2n-1519487446 ip:192.168.5.176
2019-08-29 08:31:04,692 [Datanode State Machine Thread - 0] INFO  datanode.InitDatanodeState (InitDatanodeState.java:persistContainerDatanodeDetails(140)) - DatanodeDetails is persisted to /workdir/hadoop-ozone/integration-test/target/test-dir/MiniOzoneClusterImpl-8c07e826-c47b-4931-987d-73ac2cd5ddca/datanode-2/meta/datanode.id
2019-08-29 08:31:04,697 [main] INFO  volume.HddsVolume (HddsVolume.java:<init>(176)) - Creating Volume: /workdir/hadoop-ozone/integration-test/target/test-dir/MiniOzoneClusterImpl-8c07e826-c47b-4931-987d-73ac2cd5ddca/datanode-3/data/containers/hdds of  storage type : DISK and capacity : 1482555576320
2019-08-29 08:31:04,697 [main] INFO  volume.VolumeSet (VolumeSet.java:initializeVolumeSet(170)) - Added Volume : /workdir/hadoop-ozone/integration-test/target/test-dir/MiniOzoneClusterImpl-8c07e826-c47b-4931-987d-73ac2cd5ddca/datanode-3/data/containers/hdds to VolumeSet
2019-08-29 08:31:04,698 [main] INFO  volume.ThrottledAsyncChecker (ThrottledAsyncChecker.java:schedule(140)) - Scheduling a check for org.apache.hadoop.ozone.container.common.volume.HddsVolume@71369e1a
2019-08-29 08:31:04,698 [main] INFO  volume.HddsVolumeChecker (HddsVolumeChecker.java:checkAllVolumes(203)) - Scheduled health check for volume org.apache.hadoop.ozone.container.common.volume.HddsVolume@71369e1a
2019-08-29 08:31:04,709 [main] INFO  impl.RaftServerProxy (ConfUtils.java:logGet(43)) - raft.rpc.type = GRPC (default)
2019-08-29 08:31:04,710 [main] INFO  grpc.GrpcFactory (GrpcFactory.java:checkPooledByteBufAllocatorUseCacheForAllThreads(45)) - PERFORMANCE WARNING: useCacheForAllThreads is true that may cause Netty to create a lot garbage objects and, as a result, trigger GC.
	It is recommended to disable useCacheForAllThreads by setting -Dorg.apache.ratis.thirdparty.io.netty.allocator.useCacheForAllThreads=false in command line.
2019-08-29 08:31:04,710 [main] INFO  grpc.GrpcConfigKeys$Server (ConfUtils.java:logGet(43)) - raft.grpc.server.port = 0 (default)
2019-08-29 08:31:04,710 [main] INFO  server.GrpcService (ConfUtils.java:logGet(43)) - raft.grpc.message.size.max = 33570816 (custom)
2019-08-29 08:31:04,710 [main] INFO  server.RaftServerConfigKeys (ConfUtils.java:logGet(43)) - raft.server.log.appender.buffer.byte-limit = 33554432 (custom)
2019-08-29 08:31:04,710 [main] INFO  server.GrpcService (ConfUtils.java:logGet(43)) - raft.grpc.flow.control.window = 1MB (=1048576) (default)
2019-08-29 08:31:04,710 [main] INFO  server.RaftServerConfigKeys (ConfUtils.java:logGet(43)) - raft.server.rpc.request.timeout = 3000ms (default)
2019-08-29 08:31:04,711 [main] INFO  server.RaftServerConfigKeys (ConfUtils.java:logGet(43)) - raft.server.storage.dir = [/workdir/hadoop-ozone/integration-test/target/test-dir/MiniOzoneClusterImpl-8c07e826-c47b-4931-987d-73ac2cd5ddca/datanode-3/data/ratis] (custom)
2019-08-29 08:31:04,712 [main] INFO  hdfs.DFSUtil (DFSUtil.java:httpServerTemplateForNNAndJN(1641)) - Starting Web-server for hddsDatanode at: http://0.0.0.0:0
2019-08-29 08:31:04,713 [main] INFO  server.AuthenticationFilter (AuthenticationFilter.java:constructSecretProvider(240)) - Unable to initialize FileSignerSecretProvider, falling back to use random secrets.
2019-08-29 08:31:04,714 [main] WARN  http.HttpRequestLog (HttpRequestLog.java:getRequestLog(97)) - Jetty request log can only be enabled using Log4j
2019-08-29 08:31:04,715 [main] INFO  http.HttpServer2 (HttpServer2.java:addGlobalFilter(975)) - Added global filter 'safety' (class=org.apache.hadoop.http.HttpServer2$QuotingInputFilter)
2019-08-29 08:31:04,715 [main] INFO  http.HttpServer2 (HttpServer2.java:addFilter(948)) - Added filter static_user_filter (class=org.apache.hadoop.http.lib.StaticUserWebFilter$StaticUserFilter) to context hddsDatanode
2019-08-29 08:31:04,715 [main] INFO  http.HttpServer2 (HttpServer2.java:addFilter(958)) - Added filter static_user_filter (class=org.apache.hadoop.http.lib.StaticUserWebFilter$StaticUserFilter) to context static
2019-08-29 08:31:04,716 [main] INFO  http.HttpServer2 (HttpServer2.java:addFilter(958)) - Added filter static_user_filter (class=org.apache.hadoop.http.lib.StaticUserWebFilter$StaticUserFilter) to context logs
2019-08-29 08:31:04,716 [main] INFO  http.HttpServer2 (HttpServer2.java:bindListener(1191)) - Jetty bound to port 45204
2019-08-29 08:31:04,716 [main] INFO  server.Server (Server.java:doStart(351)) - jetty-9.3.24.v20180605, build timestamp: 2018-06-05T17:11:56Z, git hash: 84205aa28f11a4f31f2a3b86d1bba2cc8ab69827
2019-08-29 08:31:04,718 [main] INFO  handler.ContextHandler (ContextHandler.java:doStart(781)) - Started o.e.j.s.ServletContextHandler@660b1a9d{/logs,file:///workdir/hadoop-ozone/integration-test/target/log,AVAILABLE}
2019-08-29 08:31:04,718 [main] INFO  handler.ContextHandler (ContextHandler.java:doStart(781)) - Started o.e.j.s.ServletContextHandler@d6b532f{/static,jar:file:/home/user/.m2/repository/org/apache/hadoop/hadoop-hdds-container-service/0.5.0-SNAPSHOT/hadoop-hdds-container-service-0.5.0-SNAPSHOT.jar!/webapps/static,AVAILABLE}
2019-08-29 08:31:04,743 [main] INFO  handler.ContextHandler (ContextHandler.java:doStart(781)) - Started o.e.j.w.WebAppContext@1e734eee{/,file:///tmp/jetty-0.0.0.0-45204-hddsDatanode-_-any-5754760609361429257.dir/webapp/,AVAILABLE}{/hddsDatanode}
2019-08-29 08:31:04,744 [main] INFO  server.AbstractConnector (AbstractConnector.java:doStart(278)) - Started ServerConnector@1e191150{HTTP/1.1,[http/1.1]}{0.0.0.0:45204}
2019-08-29 08:31:04,745 [main] INFO  server.Server (Server.java:doStart(419)) - Started @571514ms
2019-08-29 08:31:04,746 [main] INFO  server.BaseHttpServer (BaseHttpServer.java:updateConnectorAddress(213)) - HTTP server of HDDSDATANODE is listening at http://0.0.0.0:45204
2019-08-29 08:31:04,746 [main] INFO  impl.MetricsSystemImpl (MetricsSystemImpl.java:init(158)) - HddsDatanode metrics system started (again)
2019-08-29 08:31:04,749 [org.apache.hadoop.util.JvmPauseMonitor$Monitor@59fe2fd] INFO  util.JvmPauseMonitor (JvmPauseMonitor.java:run(188)) - Starting JVM pause monitor
2019-08-29 08:31:04,750 [main] INFO  ozone.HddsDatanodeService (HddsDatanodeService.java:start(184)) - HddsDatanodeService host:pr-hdds-1909-44d2n-1519487446 ip:192.168.5.176
2019-08-29 08:31:04,750 [Datanode State Machine Thread - 0] INFO  datanode.InitDatanodeState (InitDatanodeState.java:persistContainerDatanodeDetails(140)) - DatanodeDetails is persisted to /workdir/hadoop-ozone/integration-test/target/test-dir/MiniOzoneClusterImpl-8c07e826-c47b-4931-987d-73ac2cd5ddca/datanode-3/meta/datanode.id
2019-08-29 08:31:04,758 [main] INFO  volume.HddsVolume (HddsVolume.java:<init>(176)) - Creating Volume: /workdir/hadoop-ozone/integration-test/target/test-dir/MiniOzoneClusterImpl-8c07e826-c47b-4931-987d-73ac2cd5ddca/datanode-4/data/containers/hdds of  storage type : DISK and capacity : 1482555576320
2019-08-29 08:31:04,759 [main] INFO  volume.VolumeSet (VolumeSet.java:initializeVolumeSet(170)) - Added Volume : /workdir/hadoop-ozone/integration-test/target/test-dir/MiniOzoneClusterImpl-8c07e826-c47b-4931-987d-73ac2cd5ddca/datanode-4/data/containers/hdds to VolumeSet
2019-08-29 08:31:04,759 [main] INFO  volume.ThrottledAsyncChecker (ThrottledAsyncChecker.java:schedule(140)) - Scheduling a check for org.apache.hadoop.ozone.container.common.volume.HddsVolume@6735f210
2019-08-29 08:31:04,760 [main] INFO  volume.HddsVolumeChecker (HddsVolumeChecker.java:checkAllVolumes(203)) - Scheduled health check for volume org.apache.hadoop.ozone.container.common.volume.HddsVolume@6735f210
2019-08-29 08:31:04,787 [main] INFO  impl.RaftServerProxy (ConfUtils.java:logGet(43)) - raft.rpc.type = GRPC (default)
2019-08-29 08:31:04,788 [main] INFO  grpc.GrpcFactory (GrpcFactory.java:checkPooledByteBufAllocatorUseCacheForAllThreads(45)) - PERFORMANCE WARNING: useCacheForAllThreads is true that may cause Netty to create a lot garbage objects and, as a result, trigger GC.
	It is recommended to disable useCacheForAllThreads by setting -Dorg.apache.ratis.thirdparty.io.netty.allocator.useCacheForAllThreads=false in command line.
2019-08-29 08:31:04,788 [main] INFO  grpc.GrpcConfigKeys$Server (ConfUtils.java:logGet(43)) - raft.grpc.server.port = 0 (default)
2019-08-29 08:31:04,788 [main] INFO  server.GrpcService (ConfUtils.java:logGet(43)) - raft.grpc.message.size.max = 33570816 (custom)
2019-08-29 08:31:04,788 [main] INFO  server.RaftServerConfigKeys (ConfUtils.java:logGet(43)) - raft.server.log.appender.buffer.byte-limit = 33554432 (custom)
2019-08-29 08:31:04,788 [main] INFO  server.GrpcService (ConfUtils.java:logGet(43)) - raft.grpc.flow.control.window = 1MB (=1048576) (default)
2019-08-29 08:31:04,788 [main] INFO  server.RaftServerConfigKeys (ConfUtils.java:logGet(43)) - raft.server.rpc.request.timeout = 3000ms (default)
2019-08-29 08:31:04,789 [main] INFO  server.RaftServerConfigKeys (ConfUtils.java:logGet(43)) - raft.server.storage.dir = [/workdir/hadoop-ozone/integration-test/target/test-dir/MiniOzoneClusterImpl-8c07e826-c47b-4931-987d-73ac2cd5ddca/datanode-4/data/ratis] (custom)
2019-08-29 08:31:04,790 [main] INFO  hdfs.DFSUtil (DFSUtil.java:httpServerTemplateForNNAndJN(1641)) - Starting Web-server for hddsDatanode at: http://0.0.0.0:0
2019-08-29 08:31:04,791 [main] INFO  server.AuthenticationFilter (AuthenticationFilter.java:constructSecretProvider(240)) - Unable to initialize FileSignerSecretProvider, falling back to use random secrets.
2019-08-29 08:31:04,791 [main] WARN  http.HttpRequestLog (HttpRequestLog.java:getRequestLog(97)) - Jetty request log can only be enabled using Log4j
2019-08-29 08:31:04,793 [main] INFO  http.HttpServer2 (HttpServer2.java:addGlobalFilter(975)) - Added global filter 'safety' (class=org.apache.hadoop.http.HttpServer2$QuotingInputFilter)
2019-08-29 08:31:04,793 [main] INFO  http.HttpServer2 (HttpServer2.java:addFilter(948)) - Added filter static_user_filter (class=org.apache.hadoop.http.lib.StaticUserWebFilter$StaticUserFilter) to context hddsDatanode
2019-08-29 08:31:04,793 [main] INFO  http.HttpServer2 (HttpServer2.java:addFilter(958)) - Added filter static_user_filter (class=org.apache.hadoop.http.lib.StaticUserWebFilter$StaticUserFilter) to context logs
2019-08-29 08:31:04,793 [main] INFO  http.HttpServer2 (HttpServer2.java:addFilter(958)) - Added filter static_user_filter (class=org.apache.hadoop.http.lib.StaticUserWebFilter$StaticUserFilter) to context static
2019-08-29 08:31:04,794 [main] INFO  http.HttpServer2 (HttpServer2.java:bindListener(1191)) - Jetty bound to port 38957
2019-08-29 08:31:04,794 [main] INFO  server.Server (Server.java:doStart(351)) - jetty-9.3.24.v20180605, build timestamp: 2018-06-05T17:11:56Z, git hash: 84205aa28f11a4f31f2a3b86d1bba2cc8ab69827
2019-08-29 08:31:04,795 [main] INFO  handler.ContextHandler (ContextHandler.java:doStart(781)) - Started o.e.j.s.ServletContextHandler@8b41ad{/logs,file:///workdir/hadoop-ozone/integration-test/target/log,AVAILABLE}
2019-08-29 08:31:04,796 [main] INFO  handler.ContextHandler (ContextHandler.java:doStart(781)) - Started o.e.j.s.ServletContextHandler@1a497286{/static,jar:file:/home/user/.m2/repository/org/apache/hadoop/hadoop-hdds-container-service/0.5.0-SNAPSHOT/hadoop-hdds-container-service-0.5.0-SNAPSHOT.jar!/webapps/static,AVAILABLE}
2019-08-29 08:31:04,821 [main] INFO  handler.ContextHandler (ContextHandler.java:doStart(781)) - Started o.e.j.w.WebAppContext@684372d0{/,file:///tmp/jetty-0.0.0.0-38957-hddsDatanode-_-any-6020996780383172554.dir/webapp/,AVAILABLE}{/hddsDatanode}
2019-08-29 08:31:04,822 [main] INFO  server.AbstractConnector (AbstractConnector.java:doStart(278)) - Started ServerConnector@63dda940{HTTP/1.1,[http/1.1]}{0.0.0.0:38957}
2019-08-29 08:31:04,822 [main] INFO  server.Server (Server.java:doStart(419)) - Started @571592ms
2019-08-29 08:31:04,823 [main] INFO  server.BaseHttpServer (BaseHttpServer.java:updateConnectorAddress(213)) - HTTP server of HDDSDATANODE is listening at http://0.0.0.0:38957
2019-08-29 08:31:04,824 [main] INFO  impl.MetricsSystemImpl (MetricsSystemImpl.java:init(158)) - HddsDatanode metrics system started (again)
2019-08-29 08:31:04,828 [main] INFO  ozone.HddsDatanodeService (HddsDatanodeService.java:start(184)) - HddsDatanodeService host:pr-hdds-1909-44d2n-1519487446 ip:192.168.5.176
2019-08-29 08:31:04,829 [org.apache.hadoop.util.JvmPauseMonitor$Monitor@7cedfbf4] INFO  util.JvmPauseMonitor (JvmPauseMonitor.java:run(188)) - Starting JVM pause monitor
2019-08-29 08:31:04,831 [Datanode State Machine Thread - 0] INFO  datanode.InitDatanodeState (InitDatanodeState.java:persistContainerDatanodeDetails(140)) - DatanodeDetails is persisted to /workdir/hadoop-ozone/integration-test/target/test-dir/MiniOzoneClusterImpl-8c07e826-c47b-4931-987d-73ac2cd5ddca/datanode-4/meta/datanode.id
2019-08-29 08:31:04,851 [main] INFO  volume.HddsVolume (HddsVolume.java:<init>(176)) - Creating Volume: /workdir/hadoop-ozone/integration-test/target/test-dir/MiniOzoneClusterImpl-8c07e826-c47b-4931-987d-73ac2cd5ddca/datanode-5/data/containers/hdds of  storage type : DISK and capacity : 1482555576320
2019-08-29 08:31:04,851 [main] INFO  volume.VolumeSet (VolumeSet.java:initializeVolumeSet(170)) - Added Volume : /workdir/hadoop-ozone/integration-test/target/test-dir/MiniOzoneClusterImpl-8c07e826-c47b-4931-987d-73ac2cd5ddca/datanode-5/data/containers/hdds to VolumeSet
2019-08-29 08:31:04,852 [main] INFO  volume.ThrottledAsyncChecker (ThrottledAsyncChecker.java:schedule(140)) - Scheduling a check for org.apache.hadoop.ozone.container.common.volume.HddsVolume@7272ee51
2019-08-29 08:31:04,852 [main] INFO  volume.HddsVolumeChecker (HddsVolumeChecker.java:checkAllVolumes(203)) - Scheduled health check for volume org.apache.hadoop.ozone.container.common.volume.HddsVolume@7272ee51
2019-08-29 08:31:04,865 [main] INFO  impl.RaftServerProxy (ConfUtils.java:logGet(43)) - raft.rpc.type = GRPC (default)
2019-08-29 08:31:04,865 [main] INFO  grpc.GrpcFactory (GrpcFactory.java:checkPooledByteBufAllocatorUseCacheForAllThreads(45)) - PERFORMANCE WARNING: useCacheForAllThreads is true that may cause Netty to create a lot garbage objects and, as a result, trigger GC.
	It is recommended to disable useCacheForAllThreads by setting -Dorg.apache.ratis.thirdparty.io.netty.allocator.useCacheForAllThreads=false in command line.
2019-08-29 08:31:04,865 [main] INFO  grpc.GrpcConfigKeys$Server (ConfUtils.java:logGet(43)) - raft.grpc.server.port = 0 (default)
2019-08-29 08:31:04,865 [main] INFO  server.GrpcService (ConfUtils.java:logGet(43)) - raft.grpc.message.size.max = 33570816 (custom)
2019-08-29 08:31:04,865 [main] INFO  server.RaftServerConfigKeys (ConfUtils.java:logGet(43)) - raft.server.log.appender.buffer.byte-limit = 33554432 (custom)
2019-08-29 08:31:04,866 [main] INFO  server.GrpcService (ConfUtils.java:logGet(43)) - raft.grpc.flow.control.window = 1MB (=1048576) (default)
2019-08-29 08:31:04,866 [main] INFO  server.RaftServerConfigKeys (ConfUtils.java:logGet(43)) - raft.server.rpc.request.timeout = 3000ms (default)
2019-08-29 08:31:04,866 [main] INFO  server.RaftServerConfigKeys (ConfUtils.java:logGet(43)) - raft.server.storage.dir = [/workdir/hadoop-ozone/integration-test/target/test-dir/MiniOzoneClusterImpl-8c07e826-c47b-4931-987d-73ac2cd5ddca/datanode-5/data/ratis] (custom)
2019-08-29 08:31:04,867 [main] INFO  hdfs.DFSUtil (DFSUtil.java:httpServerTemplateForNNAndJN(1641)) - Starting Web-server for hddsDatanode at: http://0.0.0.0:0
2019-08-29 08:31:04,869 [main] INFO  server.AuthenticationFilter (AuthenticationFilter.java:constructSecretProvider(240)) - Unable to initialize FileSignerSecretProvider, falling back to use random secrets.
2019-08-29 08:31:04,869 [main] WARN  http.HttpRequestLog (HttpRequestLog.java:getRequestLog(97)) - Jetty request log can only be enabled using Log4j
2019-08-29 08:31:04,870 [main] INFO  http.HttpServer2 (HttpServer2.java:addGlobalFilter(975)) - Added global filter 'safety' (class=org.apache.hadoop.http.HttpServer2$QuotingInputFilter)
2019-08-29 08:31:04,871 [main] INFO  http.HttpServer2 (HttpServer2.java:addFilter(948)) - Added filter static_user_filter (class=org.apache.hadoop.http.lib.StaticUserWebFilter$StaticUserFilter) to context hddsDatanode
2019-08-29 08:31:04,871 [main] INFO  http.HttpServer2 (HttpServer2.java:addFilter(958)) - Added filter static_user_filter (class=org.apache.hadoop.http.lib.StaticUserWebFilter$StaticUserFilter) to context logs
2019-08-29 08:31:04,871 [main] INFO  http.HttpServer2 (HttpServer2.java:addFilter(958)) - Added filter static_user_filter (class=org.apache.hadoop.http.lib.StaticUserWebFilter$StaticUserFilter) to context static
2019-08-29 08:31:04,871 [main] INFO  http.HttpServer2 (HttpServer2.java:bindListener(1191)) - Jetty bound to port 39920
2019-08-29 08:31:04,872 [main] INFO  server.Server (Server.java:doStart(351)) - jetty-9.3.24.v20180605, build timestamp: 2018-06-05T17:11:56Z, git hash: 84205aa28f11a4f31f2a3b86d1bba2cc8ab69827
2019-08-29 08:31:04,873 [main] INFO  handler.ContextHandler (ContextHandler.java:doStart(781)) - Started o.e.j.s.ServletContextHandler@394fb736{/logs,file:///workdir/hadoop-ozone/integration-test/target/log,AVAILABLE}
2019-08-29 08:31:04,873 [main] INFO  handler.ContextHandler (ContextHandler.java:doStart(781)) - Started o.e.j.s.ServletContextHandler@3271ec2a{/static,jar:file:/home/user/.m2/repository/org/apache/hadoop/hadoop-hdds-container-service/0.5.0-SNAPSHOT/hadoop-hdds-container-service-0.5.0-SNAPSHOT.jar!/webapps/static,AVAILABLE}
2019-08-29 08:31:04,899 [main] INFO  handler.ContextHandler (ContextHandler.java:doStart(781)) - Started o.e.j.w.WebAppContext@641ed324{/,file:///tmp/jetty-0.0.0.0-39920-hddsDatanode-_-any-5377889303077948771.dir/webapp/,AVAILABLE}{/hddsDatanode}
2019-08-29 08:31:04,900 [main] INFO  server.AbstractConnector (AbstractConnector.java:doStart(278)) - Started ServerConnector@45984654{HTTP/1.1,[http/1.1]}{0.0.0.0:39920}
2019-08-29 08:31:04,901 [main] INFO  server.Server (Server.java:doStart(419)) - Started @571671ms
2019-08-29 08:31:04,902 [main] INFO  server.BaseHttpServer (BaseHttpServer.java:updateConnectorAddress(213)) - HTTP server of HDDSDATANODE is listening at http://0.0.0.0:39920
2019-08-29 08:31:04,902 [main] INFO  impl.MetricsSystemImpl (MetricsSystemImpl.java:init(158)) - HddsDatanode metrics system started (again)
2019-08-29 08:31:04,905 [org.apache.hadoop.util.JvmPauseMonitor$Monitor@29f84898] INFO  util.JvmPauseMonitor (JvmPauseMonitor.java:run(188)) - Starting JVM pause monitor
2019-08-29 08:31:04,906 [main] INFO  ozone.HddsDatanodeService (HddsDatanodeService.java:start(184)) - HddsDatanodeService host:pr-hdds-1909-44d2n-1519487446 ip:192.168.5.176
2019-08-29 08:31:04,907 [Datanode State Machine Thread - 0] INFO  datanode.InitDatanodeState (InitDatanodeState.java:persistContainerDatanodeDetails(140)) - DatanodeDetails is persisted to /workdir/hadoop-ozone/integration-test/target/test-dir/MiniOzoneClusterImpl-8c07e826-c47b-4931-987d-73ac2cd5ddca/datanode-5/meta/datanode.id
2019-08-29 08:31:04,911 [main] INFO  volume.HddsVolume (HddsVolume.java:<init>(176)) - Creating Volume: /workdir/hadoop-ozone/integration-test/target/test-dir/MiniOzoneClusterImpl-8c07e826-c47b-4931-987d-73ac2cd5ddca/datanode-6/data/containers/hdds of  storage type : DISK and capacity : 1482555576320
2019-08-29 08:31:04,911 [main] INFO  volume.VolumeSet (VolumeSet.java:initializeVolumeSet(170)) - Added Volume : /workdir/hadoop-ozone/integration-test/target/test-dir/MiniOzoneClusterImpl-8c07e826-c47b-4931-987d-73ac2cd5ddca/datanode-6/data/containers/hdds to VolumeSet
2019-08-29 08:31:04,911 [main] INFO  volume.ThrottledAsyncChecker (ThrottledAsyncChecker.java:schedule(140)) - Scheduling a check for org.apache.hadoop.ozone.container.common.volume.HddsVolume@482a58c7
2019-08-29 08:31:04,912 [main] INFO  volume.HddsVolumeChecker (HddsVolumeChecker.java:checkAllVolumes(203)) - Scheduled health check for volume org.apache.hadoop.ozone.container.common.volume.HddsVolume@482a58c7
2019-08-29 08:31:04,923 [main] INFO  impl.RaftServerProxy (ConfUtils.java:logGet(43)) - raft.rpc.type = GRPC (default)
2019-08-29 08:31:04,923 [main] INFO  grpc.GrpcFactory (GrpcFactory.java:checkPooledByteBufAllocatorUseCacheForAllThreads(45)) - PERFORMANCE WARNING: useCacheForAllThreads is true that may cause Netty to create a lot garbage objects and, as a result, trigger GC.
	It is recommended to disable useCacheForAllThreads by setting -Dorg.apache.ratis.thirdparty.io.netty.allocator.useCacheForAllThreads=false in command line.
2019-08-29 08:31:04,923 [main] INFO  grpc.GrpcConfigKeys$Server (ConfUtils.java:logGet(43)) - raft.grpc.server.port = 0 (default)
2019-08-29 08:31:04,923 [main] INFO  server.GrpcService (ConfUtils.java:logGet(43)) - raft.grpc.message.size.max = 33570816 (custom)
2019-08-29 08:31:04,924 [main] INFO  server.RaftServerConfigKeys (ConfUtils.java:logGet(43)) - raft.server.log.appender.buffer.byte-limit = 33554432 (custom)
2019-08-29 08:31:04,924 [main] INFO  server.GrpcService (ConfUtils.java:logGet(43)) - raft.grpc.flow.control.window = 1MB (=1048576) (default)
2019-08-29 08:31:04,924 [main] INFO  server.RaftServerConfigKeys (ConfUtils.java:logGet(43)) - raft.server.rpc.request.timeout = 3000ms (default)
2019-08-29 08:31:04,924 [main] INFO  server.RaftServerConfigKeys (ConfUtils.java:logGet(43)) - raft.server.storage.dir = [/workdir/hadoop-ozone/integration-test/target/test-dir/MiniOzoneClusterImpl-8c07e826-c47b-4931-987d-73ac2cd5ddca/datanode-6/data/ratis] (custom)
2019-08-29 08:31:04,926 [main] INFO  hdfs.DFSUtil (DFSUtil.java:httpServerTemplateForNNAndJN(1641)) - Starting Web-server for hddsDatanode at: http://0.0.0.0:0
2019-08-29 08:31:04,927 [main] INFO  server.AuthenticationFilter (AuthenticationFilter.java:constructSecretProvider(240)) - Unable to initialize FileSignerSecretProvider, falling back to use random secrets.
2019-08-29 08:31:04,927 [main] WARN  http.HttpRequestLog (HttpRequestLog.java:getRequestLog(97)) - Jetty request log can only be enabled using Log4j
2019-08-29 08:31:04,928 [main] INFO  http.HttpServer2 (HttpServer2.java:addGlobalFilter(975)) - Added global filter 'safety' (class=org.apache.hadoop.http.HttpServer2$QuotingInputFilter)
2019-08-29 08:31:04,929 [main] INFO  http.HttpServer2 (HttpServer2.java:addFilter(948)) - Added filter static_user_filter (class=org.apache.hadoop.http.lib.StaticUserWebFilter$StaticUserFilter) to context hddsDatanode
2019-08-29 08:31:04,929 [main] INFO  http.HttpServer2 (HttpServer2.java:addFilter(958)) - Added filter static_user_filter (class=org.apache.hadoop.http.lib.StaticUserWebFilter$StaticUserFilter) to context logs
2019-08-29 08:31:04,929 [main] INFO  http.HttpServer2 (HttpServer2.java:addFilter(958)) - Added filter static_user_filter (class=org.apache.hadoop.http.lib.StaticUserWebFilter$StaticUserFilter) to context static
2019-08-29 08:31:04,929 [main] INFO  http.HttpServer2 (HttpServer2.java:bindListener(1191)) - Jetty bound to port 41132
2019-08-29 08:31:04,929 [main] INFO  server.Server (Server.java:doStart(351)) - jetty-9.3.24.v20180605, build timestamp: 2018-06-05T17:11:56Z, git hash: 84205aa28f11a4f31f2a3b86d1bba2cc8ab69827
2019-08-29 08:31:04,931 [main] INFO  handler.ContextHandler (ContextHandler.java:doStart(781)) - Started o.e.j.s.ServletContextHandler@7b377a53{/logs,file:///workdir/hadoop-ozone/integration-test/target/log,AVAILABLE}
2019-08-29 08:31:04,931 [main] INFO  handler.ContextHandler (ContextHandler.java:doStart(781)) - Started o.e.j.s.ServletContextHandler@6009cd34{/static,jar:file:/home/user/.m2/repository/org/apache/hadoop/hadoop-hdds-container-service/0.5.0-SNAPSHOT/hadoop-hdds-container-service-0.5.0-SNAPSHOT.jar!/webapps/static,AVAILABLE}
2019-08-29 08:31:04,957 [main] INFO  handler.ContextHandler (ContextHandler.java:doStart(781)) - Started o.e.j.w.WebAppContext@77663cd7{/,file:///tmp/jetty-0.0.0.0-41132-hddsDatanode-_-any-2750865495941667704.dir/webapp/,AVAILABLE}{/hddsDatanode}
2019-08-29 08:31:04,957 [main] INFO  server.AbstractConnector (AbstractConnector.java:doStart(278)) - Started ServerConnector@1d17423f{HTTP/1.1,[http/1.1]}{0.0.0.0:41132}
2019-08-29 08:31:04,958 [main] INFO  server.Server (Server.java:doStart(419)) - Started @571728ms
2019-08-29 08:31:04,959 [main] INFO  server.BaseHttpServer (BaseHttpServer.java:updateConnectorAddress(213)) - HTTP server of HDDSDATANODE is listening at http://0.0.0.0:41132
2019-08-29 08:31:04,959 [main] INFO  ozone.MiniOzoneClusterImpl (MiniOzoneClusterImpl.java:lambda$waitForClusterToBeReady$0(140)) - Waiting for cluster to be ready. Got 0 of 7 DN Heartbeats.
2019-08-29 08:31:04,960 [org.apache.hadoop.util.JvmPauseMonitor$Monitor@650fa2bb] INFO  util.JvmPauseMonitor (JvmPauseMonitor.java:run(188)) - Starting JVM pause monitor
2019-08-29 08:31:04,961 [Datanode State Machine Thread - 0] INFO  datanode.InitDatanodeState (InitDatanodeState.java:persistContainerDatanodeDetails(140)) - DatanodeDetails is persisted to /workdir/hadoop-ozone/integration-test/target/test-dir/MiniOzoneClusterImpl-8c07e826-c47b-4931-987d-73ac2cd5ddca/datanode-6/meta/datanode.id
2019-08-29 08:31:05,960 [main] INFO  ozone.MiniOzoneClusterImpl (MiniOzoneClusterImpl.java:lambda$waitForClusterToBeReady$0(140)) - Waiting for cluster to be ready. Got 0 of 7 DN Heartbeats.
2019-08-29 08:31:06,572 | INFO  | SCMAudit | user=jenkins1000 | ip=192.168.5.176 | op=GET_VERSION null | ret=SUCCESS |  
2019-08-29 08:31:06,588 [Datanode State Machine Thread - 0] INFO  ozoneimpl.OzoneContainer (OzoneContainer.java:start(201)) - Attempting to start container services.
2019-08-29 08:31:06,588 [Datanode State Machine Thread - 0] INFO  ozoneimpl.OzoneContainer (OzoneContainer.java:startContainerScrub(175)) - Background container scrubber has been disabled by hdds.containerscrub.enabled
2019-08-29 08:31:06,588 [Datanode State Machine Thread - 0] INFO  ratis.XceiverServerRatis (XceiverServerRatis.java:start(393)) - Starting XceiverServerRatis 7cfaebde-8af2-48b8-8320-c065a7b881d3 at port 0
2019-08-29 08:31:06,595 [Datanode State Machine Thread - 0] INFO  impl.RaftServerProxy (RaftServerProxy.java:lambda$start$3(299)) - 7cfaebde-8af2-48b8-8320-c065a7b881d3: start RPC server
2019-08-29 08:31:06,596 [Datanode State Machine Thread - 0] INFO  server.GrpcService (GrpcService.java:startImpl(149)) - 7cfaebde-8af2-48b8-8320-c065a7b881d3: GrpcService started, listening on 0.0.0.0/0.0.0.0:45696
2019-08-29 08:31:06,596 [Datanode State Machine Thread - 0] INFO  ratis.XceiverServerRatis (XceiverServerRatis.java:start(403)) - XceiverServerRatis 7cfaebde-8af2-48b8-8320-c065a7b881d3 is started using port 45696
2019-08-29 08:31:06,597 [Datanode State Machine Thread - 0] INFO  server.XceiverServerGrpc (XceiverServerGrpc.java:start(163)) - XceiverServerGrpc 7cfaebde-8af2-48b8-8320-c065a7b881d3 is started using port 38500
2019-08-29 08:31:06,627 | INFO  | SCMAudit | user=jenkins1000 | ip=192.168.5.176 | op=GET_VERSION null | ret=SUCCESS |  
2019-08-29 08:31:06,646 [Datanode State Machine Thread - 0] INFO  ozoneimpl.OzoneContainer (OzoneContainer.java:start(201)) - Attempting to start container services.
2019-08-29 08:31:06,646 [Datanode State Machine Thread - 0] INFO  ozoneimpl.OzoneContainer (OzoneContainer.java:startContainerScrub(175)) - Background container scrubber has been disabled by hdds.containerscrub.enabled
2019-08-29 08:31:06,646 [Datanode State Machine Thread - 0] INFO  ratis.XceiverServerRatis (XceiverServerRatis.java:start(393)) - Starting XceiverServerRatis e12b4279-35b8-444e-a86f-de17046566e7 at port 0
2019-08-29 08:31:06,653 [Datanode State Machine Thread - 0] INFO  impl.RaftServerProxy (RaftServerProxy.java:lambda$start$3(299)) - e12b4279-35b8-444e-a86f-de17046566e7: start RPC server
2019-08-29 08:31:06,654 [Datanode State Machine Thread - 0] INFO  server.GrpcService (GrpcService.java:startImpl(149)) - e12b4279-35b8-444e-a86f-de17046566e7: GrpcService started, listening on 0.0.0.0/0.0.0.0:40842
2019-08-29 08:31:06,654 [Datanode State Machine Thread - 0] INFO  ratis.XceiverServerRatis (XceiverServerRatis.java:start(403)) - XceiverServerRatis e12b4279-35b8-444e-a86f-de17046566e7 is started using port 40842
2019-08-29 08:31:06,654 [Datanode State Machine Thread - 0] INFO  server.XceiverServerGrpc (XceiverServerGrpc.java:start(163)) - XceiverServerGrpc e12b4279-35b8-444e-a86f-de17046566e7 is started using port 38849
2019-08-29 08:31:06,692 | INFO  | SCMAudit | user=jenkins1000 | ip=192.168.5.176 | op=GET_VERSION null | ret=SUCCESS |  
2019-08-29 08:31:06,730 [Datanode State Machine Thread - 0] INFO  ozoneimpl.OzoneContainer (OzoneContainer.java:start(201)) - Attempting to start container services.
2019-08-29 08:31:06,730 [Datanode State Machine Thread - 0] INFO  ozoneimpl.OzoneContainer (OzoneContainer.java:startContainerScrub(175)) - Background container scrubber has been disabled by hdds.containerscrub.enabled
2019-08-29 08:31:06,730 [Datanode State Machine Thread - 0] INFO  ratis.XceiverServerRatis (XceiverServerRatis.java:start(393)) - Starting XceiverServerRatis 6c31837e-6e29-47bb-a59a-cbce924aec19 at port 0
2019-08-29 08:31:06,734 [Datanode State Machine Thread - 0] INFO  impl.RaftServerProxy (RaftServerProxy.java:lambda$start$3(299)) - 6c31837e-6e29-47bb-a59a-cbce924aec19: start RPC server
2019-08-29 08:31:06,735 [Datanode State Machine Thread - 0] INFO  server.GrpcService (GrpcService.java:startImpl(149)) - 6c31837e-6e29-47bb-a59a-cbce924aec19: GrpcService started, listening on 0.0.0.0/0.0.0.0:38428
2019-08-29 08:31:06,735 [Datanode State Machine Thread - 0] INFO  ratis.XceiverServerRatis (XceiverServerRatis.java:start(403)) - XceiverServerRatis 6c31837e-6e29-47bb-a59a-cbce924aec19 is started using port 38428
2019-08-29 08:31:06,735 [Datanode State Machine Thread - 0] INFO  server.XceiverServerGrpc (XceiverServerGrpc.java:start(163)) - XceiverServerGrpc 6c31837e-6e29-47bb-a59a-cbce924aec19 is started using port 44650
2019-08-29 08:31:06,750 | INFO  | SCMAudit | user=jenkins1000 | ip=192.168.5.176 | op=GET_VERSION null | ret=SUCCESS |  
2019-08-29 08:31:06,774 [Datanode State Machine Thread - 0] INFO  ozoneimpl.OzoneContainer (OzoneContainer.java:start(201)) - Attempting to start container services.
2019-08-29 08:31:06,774 [Datanode State Machine Thread - 0] INFO  ozoneimpl.OzoneContainer (OzoneContainer.java:startContainerScrub(175)) - Background container scrubber has been disabled by hdds.containerscrub.enabled
2019-08-29 08:31:06,774 [Datanode State Machine Thread - 0] INFO  ratis.XceiverServerRatis (XceiverServerRatis.java:start(393)) - Starting XceiverServerRatis 2cc9a7c5-5377-452e-b53b-b98038258734 at port 0
2019-08-29 08:31:06,780 [Datanode State Machine Thread - 0] INFO  impl.RaftServerProxy (RaftServerProxy.java:lambda$start$3(299)) - 2cc9a7c5-5377-452e-b53b-b98038258734: start RPC server
2019-08-29 08:31:06,784 [Datanode State Machine Thread - 0] INFO  server.GrpcService (GrpcService.java:startImpl(149)) - 2cc9a7c5-5377-452e-b53b-b98038258734: GrpcService started, listening on 0.0.0.0/0.0.0.0:36455
2019-08-29 08:31:06,784 [Datanode State Machine Thread - 0] INFO  ratis.XceiverServerRatis (XceiverServerRatis.java:start(403)) - XceiverServerRatis 2cc9a7c5-5377-452e-b53b-b98038258734 is started using port 36455
2019-08-29 08:31:06,787 [Datanode State Machine Thread - 0] INFO  server.XceiverServerGrpc (XceiverServerGrpc.java:start(163)) - XceiverServerGrpc 2cc9a7c5-5377-452e-b53b-b98038258734 is started using port 41256
2019-08-29 08:31:06,830 | INFO  | SCMAudit | user=jenkins1000 | ip=192.168.5.176 | op=GET_VERSION null | ret=SUCCESS |  
2019-08-29 08:31:06,847 [Datanode State Machine Thread - 0] INFO  ozoneimpl.OzoneContainer (OzoneContainer.java:start(201)) - Attempting to start container services.
2019-08-29 08:31:06,848 [Datanode State Machine Thread - 0] INFO  ozoneimpl.OzoneContainer (OzoneContainer.java:startContainerScrub(175)) - Background container scrubber has been disabled by hdds.containerscrub.enabled
2019-08-29 08:31:06,848 [Datanode State Machine Thread - 0] INFO  ratis.XceiverServerRatis (XceiverServerRatis.java:start(393)) - Starting XceiverServerRatis 9f8785e0-a018-4c06-b04f-e9b08840f25e at port 0
2019-08-29 08:31:06,911 | INFO  | SCMAudit | user=jenkins1000 | ip=192.168.5.176 | op=GET_VERSION null | ret=SUCCESS |  
2019-08-29 08:31:06,911 [Datanode State Machine Thread - 0] INFO  impl.RaftServerProxy (RaftServerProxy.java:lambda$start$3(299)) - 9f8785e0-a018-4c06-b04f-e9b08840f25e: start RPC server
2019-08-29 08:31:06,912 [Datanode State Machine Thread - 0] INFO  server.GrpcService (GrpcService.java:startImpl(149)) - 9f8785e0-a018-4c06-b04f-e9b08840f25e: GrpcService started, listening on 0.0.0.0/0.0.0.0:35322
2019-08-29 08:31:06,912 [Datanode State Machine Thread - 0] INFO  ratis.XceiverServerRatis (XceiverServerRatis.java:start(403)) - XceiverServerRatis 9f8785e0-a018-4c06-b04f-e9b08840f25e is started using port 35322
2019-08-29 08:31:06,913 [Datanode State Machine Thread - 0] INFO  server.XceiverServerGrpc (XceiverServerGrpc.java:start(163)) - XceiverServerGrpc 9f8785e0-a018-4c06-b04f-e9b08840f25e is started using port 42857
2019-08-29 08:31:06,928 [Datanode State Machine Thread - 0] INFO  ozoneimpl.OzoneContainer (OzoneContainer.java:start(201)) - Attempting to start container services.
2019-08-29 08:31:06,928 [Datanode State Machine Thread - 0] INFO  ozoneimpl.OzoneContainer (OzoneContainer.java:startContainerScrub(175)) - Background container scrubber has been disabled by hdds.containerscrub.enabled
2019-08-29 08:31:06,928 [Datanode State Machine Thread - 0] INFO  ratis.XceiverServerRatis (XceiverServerRatis.java:start(393)) - Starting XceiverServerRatis b7500143-f2c4-48ed-bac6-0cd36d85de29 at port 0
2019-08-29 08:31:06,933 [Datanode State Machine Thread - 0] INFO  impl.RaftServerProxy (RaftServerProxy.java:lambda$start$3(299)) - b7500143-f2c4-48ed-bac6-0cd36d85de29: start RPC server
2019-08-29 08:31:06,933 [Datanode State Machine Thread - 0] INFO  server.GrpcService (GrpcService.java:startImpl(149)) - b7500143-f2c4-48ed-bac6-0cd36d85de29: GrpcService started, listening on 0.0.0.0/0.0.0.0:33184
2019-08-29 08:31:06,933 [Datanode State Machine Thread - 0] INFO  ratis.XceiverServerRatis (XceiverServerRatis.java:start(403)) - XceiverServerRatis b7500143-f2c4-48ed-bac6-0cd36d85de29 is started using port 33184
2019-08-29 08:31:06,934 [Datanode State Machine Thread - 0] INFO  server.XceiverServerGrpc (XceiverServerGrpc.java:start(163)) - XceiverServerGrpc b7500143-f2c4-48ed-bac6-0cd36d85de29 is started using port 40540
2019-08-29 08:31:06,960 [main] INFO  ozone.MiniOzoneClusterImpl (MiniOzoneClusterImpl.java:lambda$waitForClusterToBeReady$0(140)) - Waiting for cluster to be ready. Got 0 of 7 DN Heartbeats.
2019-08-29 08:31:06,961 | INFO  | SCMAudit | user=jenkins1000 | ip=192.168.5.176 | op=GET_VERSION null | ret=SUCCESS |  
2019-08-29 08:31:06,979 [Datanode State Machine Thread - 0] INFO  ozoneimpl.OzoneContainer (OzoneContainer.java:start(201)) - Attempting to start container services.
2019-08-29 08:31:06,980 [Datanode State Machine Thread - 0] INFO  ozoneimpl.OzoneContainer (OzoneContainer.java:startContainerScrub(175)) - Background container scrubber has been disabled by hdds.containerscrub.enabled
2019-08-29 08:31:06,980 [Datanode State Machine Thread - 0] INFO  ratis.XceiverServerRatis (XceiverServerRatis.java:start(393)) - Starting XceiverServerRatis bc6b7a81-d649-4b98-a2dd-a143f3cec515 at port 0
2019-08-29 08:31:06,985 [Datanode State Machine Thread - 0] INFO  impl.RaftServerProxy (RaftServerProxy.java:lambda$start$3(299)) - bc6b7a81-d649-4b98-a2dd-a143f3cec515: start RPC server
2019-08-29 08:31:06,988 [Datanode State Machine Thread - 0] INFO  server.GrpcService (GrpcService.java:startImpl(149)) - bc6b7a81-d649-4b98-a2dd-a143f3cec515: GrpcService started, listening on 0.0.0.0/0.0.0.0:35369
2019-08-29 08:31:06,989 [Datanode State Machine Thread - 0] INFO  ratis.XceiverServerRatis (XceiverServerRatis.java:start(403)) - XceiverServerRatis bc6b7a81-d649-4b98-a2dd-a143f3cec515 is started using port 35369
2019-08-29 08:31:06,989 [Datanode State Machine Thread - 0] INFO  server.XceiverServerGrpc (XceiverServerGrpc.java:start(163)) - XceiverServerGrpc bc6b7a81-d649-4b98-a2dd-a143f3cec515 is started using port 46100
2019-08-29 08:31:07,960 [main] INFO  ozone.MiniOzoneClusterImpl (MiniOzoneClusterImpl.java:lambda$waitForClusterToBeReady$0(140)) - Waiting for cluster to be ready. Got 0 of 7 DN Heartbeats.
2019-08-29 08:31:08,573 [IPC Server handler 5 on 35577] INFO  net.NetworkTopology (NetworkTopologyImpl.java:add(110)) - Added a new node: /default-rack/7cfaebde-8af2-48b8-8320-c065a7b881d3
2019-08-29 08:31:08,575 [IPC Server handler 5 on 35577] INFO  node.SCMNodeManager (SCMNodeManager.java:register(273)) - Registered Data node : 7cfaebde-8af2-48b8-8320-c065a7b881d3{ip: 192.168.5.176, host: pr-hdds-1909-44d2n-1519487446, networkLocation: /default-rack, certSerialId: null}
2019-08-29 08:31:08,576 [EventQueue-NodeRegistrationContainerReportForDataNodeSafeModeRule] INFO  safemode.SCMSafeModeManager (DataNodeSafeModeRule.java:process(71)) - SCM in safe mode. 1 DataNodes registered, 1 required.
2019-08-29 08:31:08,576 | INFO  | SCMAudit | user=jenkins1000 | ip=192.168.5.176 | op=REGISTER {datanodeDetails=7cfaebde-8af2-48b8-8320-c065a7b881d3{ip: 192.168.5.176, host: pr-hdds-1909-44d2n-1519487446, networkLocation: /default-rack, certSerialId: null}} | ret=SUCCESS |  
2019-08-29 08:31:08,578 [EventQueue-NodeRegistrationContainerReportForDataNodeSafeModeRule] INFO  safemode.SCMSafeModeManager (SCMSafeModeManager.java:validateSafeModeExitRules(177)) - ScmSafeModeManager, all rules are successfully validated
2019-08-29 08:31:08,578 [EventQueue-NodeRegistrationContainerReportForDataNodeSafeModeRule] INFO  safemode.SCMSafeModeManager (SCMSafeModeManager.java:exitSafeMode(193)) - SCM exiting safe mode.
2019-08-29 08:31:08,585 [grpc-default-executor-9] INFO  impl.RaftServerProxy (RaftServerProxy.java:addNew(89)) - 7cfaebde-8af2-48b8-8320-c065a7b881d3: addNew group-CB88C4F16212:[7cfaebde-8af2-48b8-8320-c065a7b881d3:192.168.5.176:45696] returns group-CB88C4F16212:java.util.concurrent.CompletableFuture@1af65478[Not completed]
2019-08-29 08:31:08,586 [pool-499-thread-1] INFO  impl.RaftServerImpl (RaftServerImpl.java:<init>(93)) - 7cfaebde-8af2-48b8-8320-c065a7b881d3: new RaftServerImpl for group-CB88C4F16212:[7cfaebde-8af2-48b8-8320-c065a7b881d3:192.168.5.176:45696] with ContainerStateMachine:uninitialized
2019-08-29 08:31:08,586 [pool-499-thread-1] INFO  server.RaftServerConfigKeys (ConfUtils.java:logGet(43)) - raft.server.rpc.timeout.min = 5s (custom)
2019-08-29 08:31:08,586 [pool-499-thread-1] INFO  server.RaftServerConfigKeys (ConfUtils.java:logGet(43)) - raft.server.rpc.timeout.max = 5200ms (custom)
2019-08-29 08:31:08,586 [pool-499-thread-1] INFO  server.RaftServerConfigKeys (ConfUtils.java:logGet(43)) - raft.server.rpcslowness.timeout = 120s (custom)
2019-08-29 08:31:08,586 [pool-499-thread-1] INFO  server.RaftServerConfigKeys (ConfUtils.java:logGet(43)) - raft.server.sleep.deviation.threshold = 300 (default)
2019-08-29 08:31:08,587 [pool-499-thread-1] INFO  server.RaftServerConfigKeys (ConfUtils.java:logGet(43)) - raft.server.log.appender.install.snapshot.enabled = false (custom)
2019-08-29 08:31:08,587 [pool-499-thread-1] INFO  impl.RaftServerImpl (ServerState.java:<init>(105)) - 7cfaebde-8af2-48b8-8320-c065a7b881d3:group-CB88C4F16212 ConfigurationManager, init=-1: [7cfaebde-8af2-48b8-8320-c065a7b881d3:192.168.5.176:45696], old=null, confs=<EMPTY_MAP>
2019-08-29 08:31:08,587 [pool-499-thread-1] INFO  server.RaftServerConfigKeys (ConfUtils.java:logGet(43)) - raft.server.storage.dir = [/workdir/hadoop-ozone/integration-test/target/test-dir/MiniOzoneClusterImpl-8c07e826-c47b-4931-987d-73ac2cd5ddca/datanode-0/data/ratis] (custom)
2019-08-29 08:31:08,587 [pool-499-thread-1] INFO  storage.RaftStorageDirectory (RaftStorageDirectory.java:analyzeStorage(246)) - The storage directory /workdir/hadoop-ozone/integration-test/target/test-dir/MiniOzoneClusterImpl-8c07e826-c47b-4931-987d-73ac2cd5ddca/datanode-0/data/ratis/02730cd9-cac7-41a9-8f8a-cb88c4f16212 does not exist. Creating ...
2019-08-29 08:31:08,620 [pool-499-thread-1] INFO  storage.RaftStorageDirectory (RaftStorageDirectory.java:tryLock(328)) - Lock on /workdir/hadoop-ozone/integration-test/target/test-dir/MiniOzoneClusterImpl-8c07e826-c47b-4931-987d-73ac2cd5ddca/datanode-0/data/ratis/02730cd9-cac7-41a9-8f8a-cb88c4f16212/in_use.lock acquired by nodename 29661@pr-hdds-1909-44d2n-1519487446
2019-08-29 08:31:08,629 [IPC Server handler 6 on 35577] INFO  net.NetworkTopology (NetworkTopologyImpl.java:add(110)) - Added a new node: /default-rack/e12b4279-35b8-444e-a86f-de17046566e7
2019-08-29 08:31:08,629 [IPC Server handler 6 on 35577] INFO  node.SCMNodeManager (SCMNodeManager.java:register(273)) - Registered Data node : e12b4279-35b8-444e-a86f-de17046566e7{ip: 192.168.5.176, host: pr-hdds-1909-44d2n-1519487446, networkLocation: /default-rack, certSerialId: null}
2019-08-29 08:31:08,629 | INFO  | SCMAudit | user=jenkins1000 | ip=192.168.5.176 | op=REGISTER {datanodeDetails=e12b4279-35b8-444e-a86f-de17046566e7{ip: 192.168.5.176, host: pr-hdds-1909-44d2n-1519487446, networkLocation: /default-rack, certSerialId: null}} | ret=SUCCESS |  
2019-08-29 08:31:08,634 [pool-499-thread-1] INFO  storage.RaftStorage (RaftStorage.java:format(72)) - Storage directory /workdir/hadoop-ozone/integration-test/target/test-dir/MiniOzoneClusterImpl-8c07e826-c47b-4931-987d-73ac2cd5ddca/datanode-0/data/ratis/02730cd9-cac7-41a9-8f8a-cb88c4f16212 has been successfully formatted.
2019-08-29 08:31:08,634 [pool-499-thread-1] INFO  ratis.ContainerStateMachine (ContainerStateMachine.java:loadSnapshot(227)) - group-CB88C4F16212: The snapshot info is null. Setting the last applied indexto:(t:0, i:~)
2019-08-29 08:31:08,634 [pool-499-thread-1] INFO  server.RaftServerConfigKeys (ConfUtils.java:logGet(43)) - raft.server.leader.election.timeout = 120s (custom)
2019-08-29 08:31:08,634 [pool-499-thread-1] INFO  server.RaftServerConfigKeys (ConfUtils.java:logGet(43)) - raft.server.log.use.memory = false (default)
2019-08-29 08:31:08,635 [pool-499-thread-1] INFO  server.RaftServerConfigKeys (ConfUtils.java:logGet(43)) - raft.server.log.purge.gap = 1000000 (custom)
2019-08-29 08:31:08,635 [pool-499-thread-1] INFO  server.RaftServerConfigKeys (ConfUtils.java:logGet(43)) - raft.server.log.appender.buffer.byte-limit = 33554432 (custom)
2019-08-29 08:31:08,635 [pool-499-thread-1] INFO  server.RaftServerConfigKeys (ConfUtils.java:logGet(43)) - raft.server.log.segment.size.max = 1048576 (custom)
2019-08-29 08:31:08,635 [pool-499-thread-1] INFO  server.RaftServerConfigKeys (ConfUtils.java:logGet(43)) - raft.server.log.segment.cache.num.max = 2 (custom)
2019-08-29 08:31:08,635 [pool-499-thread-1] INFO  segmented.SegmentedRaftLogWorker (SegmentedRaftLogWorker.java:<init>(172)) - new 7cfaebde-8af2-48b8-8320-c065a7b881d3-SegmentedRaftLogWorker:Storage Directory /workdir/hadoop-ozone/integration-test/target/test-dir/MiniOzoneClusterImpl-8c07e826-c47b-4931-987d-73ac2cd5ddca/datanode-0/data/ratis/02730cd9-cac7-41a9-8f8a-cb88c4f16212 for RaftStorage:Storage Directory /workdir/hadoop-ozone/integration-test/target/test-dir/MiniOzoneClusterImpl-8c07e826-c47b-4931-987d-73ac2cd5ddca/datanode-0/data/ratis/02730cd9-cac7-41a9-8f8a-cb88c4f16212
2019-08-29 08:31:08,636 [pool-499-thread-1] INFO  server.RaftServerConfigKeys (ConfUtils.java:logGet(43)) - raft.server.log.queue.byte-limit = 2147483647 (custom)
2019-08-29 08:31:08,636 [pool-499-thread-1] INFO  server.RaftServerConfigKeys (ConfUtils.java:logGet(43)) - raft.server.log.queue.element-limit = 1024 (custom)
2019-08-29 08:31:08,636 [pool-499-thread-1] INFO  server.RaftServerConfigKeys (ConfUtils.java:logGet(43)) - raft.server.log.segment.size.max = 1048576 (custom)
2019-08-29 08:31:08,636 [pool-499-thread-1] INFO  server.RaftServerConfigKeys (ConfUtils.java:logGet(43)) - raft.server.log.preallocated.size = 16384 (custom)
2019-08-29 08:31:08,637 [pool-499-thread-1] INFO  server.RaftServerConfigKeys (ConfUtils.java:logGet(43)) - raft.server.log.write.buffer.size = 33554432 (custom)
2019-08-29 08:31:08,637 [pool-499-thread-1] INFO  server.RaftServerConfigKeys (ConfUtils.java:logGet(43)) - raft.server.log.force.sync.num = 128 (default)
2019-08-29 08:31:08,637 [pool-499-thread-1] INFO  server.RaftServerConfigKeys (ConfUtils.java:logGet(43)) - raft.server.log.statemachine.data.sync = true (default)
2019-08-29 08:31:08,637 [pool-499-thread-1] INFO  server.RaftServerConfigKeys (ConfUtils.java:logGet(43)) - raft.server.log.statemachine.data.sync.timeout = 10s (default)
2019-08-29 08:31:08,637 [pool-499-thread-1] INFO  server.RaftServerConfigKeys (ConfUtils.java:logGet(43)) - raft.server.log.statemachine.data.sync.timeout.retry = -1 (default)
2019-08-29 08:31:08,638 [pool-499-thread-1] INFO  server.RaftServerConfigKeys (ConfUtils.java:logGet(43)) - raft.server.log.statemachine.data.caching.enabled = true (custom)
2019-08-29 08:31:08,638 [pool-499-thread-1] INFO  segmented.SegmentedRaftLogWorker (SegmentedRaftLogWorker.java:lambda$new$0(132)) - 7cfaebde-8af2-48b8-8320-c065a7b881d3-SegmentedRaftLogWorker:Storage Directory /workdir/hadoop-ozone/integration-test/target/test-dir/MiniOzoneClusterImpl-8c07e826-c47b-4931-987d-73ac2cd5ddca/datanode-0/data/ratis/02730cd9-cac7-41a9-8f8a-cb88c4f16212: flushIndex: setUnconditionally 0 -> -1
2019-08-29 08:31:08,639 [pool-499-thread-1] INFO  server.RaftServerConfigKeys (ConfUtils.java:logGet(43)) - raft.server.snapshot.auto.trigger.enabled = true (custom)
2019-08-29 08:31:08,639 [pool-499-thread-1] INFO  server.RaftServerConfigKeys (ConfUtils.java:logGet(43)) - raft.server.snapshot.auto.trigger.threshold = 10000 (custom)
2019-08-29 08:31:08,639 [pool-499-thread-1] INFO  server.RaftServerConfigKeys (ConfUtils.java:logGet(43)) - raft.server.retrycache.expirytime = 600000ms (custom)
2019-08-29 08:31:08,639 [pool-499-thread-1] INFO  impl.RaftServerImpl (RaftServerImpl.java:start(180)) - 7cfaebde-8af2-48b8-8320-c065a7b881d3: start group-CB88C4F16212
2019-08-29 08:31:08,639 [pool-499-thread-1] INFO  impl.RaftServerImpl (RaftServerImpl.java:setRole(171)) - 7cfaebde-8af2-48b8-8320-c065a7b881d3:group-CB88C4F16212 changes role from null to FOLLOWER at term 0 for startAsFollower
2019-08-29 08:31:08,640 [pool-499-thread-1] INFO  impl.RoleInfo (RoleInfo.java:updateAndGet(143)) - 7cfaebde-8af2-48b8-8320-c065a7b881d3: start FollowerState
2019-08-29 08:31:08,640 [pool-499-thread-1] INFO  util.JmxRegister (JmxRegister.java:tryRegister(44)) - Successfully registered JMX Bean with object name Ratis:service=RaftServer,group=group-CB88C4F16212,id=7cfaebde-8af2-48b8-8320-c065a7b881d3
2019-08-29 08:31:08,658 [RatisPipelineUtilsThread] INFO  pipeline.PipelineStateManager (PipelineStateManager.java:addPipeline(56)) - Created pipeline Pipeline[ Id: 02730cd9-cac7-41a9-8f8a-cb88c4f16212, Nodes: 7cfaebde-8af2-48b8-8320-c065a7b881d3{ip: 192.168.5.176, host: pr-hdds-1909-44d2n-1519487446, networkLocation: /default-rack, certSerialId: null}, Type:RATIS, Factor:ONE, State:OPEN]
2019-08-29 08:31:08,664 [grpc-default-executor-9] INFO  impl.RaftServerProxy (RaftServerProxy.java:addNew(89)) - e12b4279-35b8-444e-a86f-de17046566e7: addNew group-F63D2E0F99C0:[e12b4279-35b8-444e-a86f-de17046566e7:192.168.5.176:40842] returns group-F63D2E0F99C0:java.util.concurrent.CompletableFuture@38b9a88[Not completed]
2019-08-29 08:31:08,665 [pool-509-thread-1] INFO  impl.RaftServerImpl (RaftServerImpl.java:<init>(93)) - e12b4279-35b8-444e-a86f-de17046566e7: new RaftServerImpl for group-F63D2E0F99C0:[e12b4279-35b8-444e-a86f-de17046566e7:192.168.5.176:40842] with ContainerStateMachine:uninitialized
2019-08-29 08:31:08,665 [pool-509-thread-1] INFO  server.RaftServerConfigKeys (ConfUtils.java:logGet(43)) - raft.server.rpc.timeout.min = 5s (custom)
2019-08-29 08:31:08,665 [pool-509-thread-1] INFO  server.RaftServerConfigKeys (ConfUtils.java:logGet(43)) - raft.server.rpc.timeout.max = 5200ms (custom)
2019-08-29 08:31:08,666 [pool-509-thread-1] INFO  server.RaftServerConfigKeys (ConfUtils.java:logGet(43)) - raft.server.rpcslowness.timeout = 120s (custom)
2019-08-29 08:31:08,666 [pool-509-thread-1] INFO  server.RaftServerConfigKeys (ConfUtils.java:logGet(43)) - raft.server.sleep.deviation.threshold = 300 (default)
2019-08-29 08:31:08,666 [pool-509-thread-1] INFO  server.RaftServerConfigKeys (ConfUtils.java:logGet(43)) - raft.server.log.appender.install.snapshot.enabled = false (custom)
2019-08-29 08:31:08,666 [pool-509-thread-1] INFO  impl.RaftServerImpl (ServerState.java:<init>(105)) - e12b4279-35b8-444e-a86f-de17046566e7:group-F63D2E0F99C0 ConfigurationManager, init=-1: [e12b4279-35b8-444e-a86f-de17046566e7:192.168.5.176:40842], old=null, confs=<EMPTY_MAP>
2019-08-29 08:31:08,666 [pool-509-thread-1] INFO  server.RaftServerConfigKeys (ConfUtils.java:logGet(43)) - raft.server.storage.dir = [/workdir/hadoop-ozone/integration-test/target/test-dir/MiniOzoneClusterImpl-8c07e826-c47b-4931-987d-73ac2cd5ddca/datanode-1/data/ratis] (custom)
2019-08-29 08:31:08,666 [pool-509-thread-1] INFO  storage.RaftStorageDirectory (RaftStorageDirectory.java:analyzeStorage(246)) - The storage directory /workdir/hadoop-ozone/integration-test/target/test-dir/MiniOzoneClusterImpl-8c07e826-c47b-4931-987d-73ac2cd5ddca/datanode-1/data/ratis/54655cb0-721f-4c7d-8ca8-f63d2e0f99c0 does not exist. Creating ...
2019-08-29 08:31:08,679 [pool-509-thread-1] INFO  storage.RaftStorageDirectory (RaftStorageDirectory.java:tryLock(328)) - Lock on /workdir/hadoop-ozone/integration-test/target/test-dir/MiniOzoneClusterImpl-8c07e826-c47b-4931-987d-73ac2cd5ddca/datanode-1/data/ratis/54655cb0-721f-4c7d-8ca8-f63d2e0f99c0/in_use.lock acquired by nodename 29661@pr-hdds-1909-44d2n-1519487446
2019-08-29 08:31:08,692 [IPC Server handler 0 on 35577] INFO  net.NetworkTopology (NetworkTopologyImpl.java:add(110)) - Added a new node: /default-rack/6c31837e-6e29-47bb-a59a-cbce924aec19
2019-08-29 08:31:08,693 [IPC Server handler 0 on 35577] INFO  node.SCMNodeManager (SCMNodeManager.java:register(273)) - Registered Data node : 6c31837e-6e29-47bb-a59a-cbce924aec19{ip: 192.168.5.176, host: pr-hdds-1909-44d2n-1519487446, networkLocation: /default-rack, certSerialId: null}
2019-08-29 08:31:08,693 | INFO  | SCMAudit | user=jenkins1000 | ip=192.168.5.176 | op=REGISTER {datanodeDetails=6c31837e-6e29-47bb-a59a-cbce924aec19{ip: 192.168.5.176, host: pr-hdds-1909-44d2n-1519487446, networkLocation: /default-rack, certSerialId: null}} | ret=SUCCESS |  
2019-08-29 08:31:08,700 [pool-509-thread-1] INFO  storage.RaftStorage (RaftStorage.java:format(72)) - Storage directory /workdir/hadoop-ozone/integration-test/target/test-dir/MiniOzoneClusterImpl-8c07e826-c47b-4931-987d-73ac2cd5ddca/datanode-1/data/ratis/54655cb0-721f-4c7d-8ca8-f63d2e0f99c0 has been successfully formatted.
2019-08-29 08:31:08,700 [pool-509-thread-1] INFO  ratis.ContainerStateMachine (ContainerStateMachine.java:loadSnapshot(227)) - group-F63D2E0F99C0: The snapshot info is null. Setting the last applied indexto:(t:0, i:~)
2019-08-29 08:31:08,701 [pool-509-thread-1] INFO  server.RaftServerConfigKeys (ConfUtils.java:logGet(43)) - raft.server.leader.election.timeout = 120s (custom)
2019-08-29 08:31:08,701 [pool-509-thread-1] INFO  server.RaftServerConfigKeys (ConfUtils.java:logGet(43)) - raft.server.log.use.memory = false (default)
2019-08-29 08:31:08,701 [pool-509-thread-1] INFO  server.RaftServerConfigKeys (ConfUtils.java:logGet(43)) - raft.server.log.purge.gap = 1000000 (custom)
2019-08-29 08:31:08,701 [pool-509-thread-1] INFO  server.RaftServerConfigKeys (ConfUtils.java:logGet(43)) - raft.server.log.appender.buffer.byte-limit = 33554432 (custom)
2019-08-29 08:31:08,701 [pool-509-thread-1] INFO  server.RaftServerConfigKeys (ConfUtils.java:logGet(43)) - raft.server.log.segment.size.max = 1048576 (custom)
2019-08-29 08:31:08,701 [pool-509-thread-1] INFO  server.RaftServerConfigKeys (ConfUtils.java:logGet(43)) - raft.server.log.segment.cache.num.max = 2 (custom)
2019-08-29 08:31:08,701 [pool-509-thread-1] INFO  segmented.SegmentedRaftLogWorker (SegmentedRaftLogWorker.java:<init>(172)) - new e12b4279-35b8-444e-a86f-de17046566e7-SegmentedRaftLogWorker:Storage Directory /workdir/hadoop-ozone/integration-test/target/test-dir/MiniOzoneClusterImpl-8c07e826-c47b-4931-987d-73ac2cd5ddca/datanode-1/data/ratis/54655cb0-721f-4c7d-8ca8-f63d2e0f99c0 for RaftStorage:Storage Directory /workdir/hadoop-ozone/integration-test/target/test-dir/MiniOzoneClusterImpl-8c07e826-c47b-4931-987d-73ac2cd5ddca/datanode-1/data/ratis/54655cb0-721f-4c7d-8ca8-f63d2e0f99c0
2019-08-29 08:31:08,701 [pool-509-thread-1] INFO  server.RaftServerConfigKeys (ConfUtils.java:logGet(43)) - raft.server.log.queue.byte-limit = 2147483647 (custom)
2019-08-29 08:31:08,701 [pool-509-thread-1] INFO  server.RaftServerConfigKeys (ConfUtils.java:logGet(43)) - raft.server.log.queue.element-limit = 1024 (custom)
2019-08-29 08:31:08,702 [pool-509-thread-1] INFO  server.RaftServerConfigKeys (ConfUtils.java:logGet(43)) - raft.server.log.segment.size.max = 1048576 (custom)
2019-08-29 08:31:08,702 [pool-509-thread-1] INFO  server.RaftServerConfigKeys (ConfUtils.java:logGet(43)) - raft.server.log.preallocated.size = 16384 (custom)
2019-08-29 08:31:08,702 [pool-509-thread-1] INFO  server.RaftServerConfigKeys (ConfUtils.java:logGet(43)) - raft.server.log.write.buffer.size = 33554432 (custom)
2019-08-29 08:31:08,702 [pool-509-thread-1] INFO  server.RaftServerConfigKeys (ConfUtils.java:logGet(43)) - raft.server.log.force.sync.num = 128 (default)
2019-08-29 08:31:08,702 [pool-509-thread-1] INFO  server.RaftServerConfigKeys (ConfUtils.java:logGet(43)) - raft.server.log.statemachine.data.sync = true (default)
2019-08-29 08:31:08,702 [pool-509-thread-1] INFO  server.RaftServerConfigKeys (ConfUtils.java:logGet(43)) - raft.server.log.statemachine.data.sync.timeout = 10s (default)
2019-08-29 08:31:08,702 [pool-509-thread-1] INFO  server.RaftServerConfigKeys (ConfUtils.java:logGet(43)) - raft.server.log.statemachine.data.sync.timeout.retry = -1 (default)
2019-08-29 08:31:08,702 [pool-509-thread-1] INFO  server.RaftServerConfigKeys (ConfUtils.java:logGet(43)) - raft.server.log.statemachine.data.caching.enabled = true (custom)
2019-08-29 08:31:08,703 [pool-509-thread-1] INFO  segmented.SegmentedRaftLogWorker (SegmentedRaftLogWorker.java:lambda$new$0(132)) - e12b4279-35b8-444e-a86f-de17046566e7-SegmentedRaftLogWorker:Storage Directory /workdir/hadoop-ozone/integration-test/target/test-dir/MiniOzoneClusterImpl-8c07e826-c47b-4931-987d-73ac2cd5ddca/datanode-1/data/ratis/54655cb0-721f-4c7d-8ca8-f63d2e0f99c0: flushIndex: setUnconditionally 0 -> -1
2019-08-29 08:31:08,703 [pool-509-thread-1] INFO  server.RaftServerConfigKeys (ConfUtils.java:logGet(43)) - raft.server.snapshot.auto.trigger.enabled = true (custom)
2019-08-29 08:31:08,703 [pool-509-thread-1] INFO  server.RaftServerConfigKeys (ConfUtils.java:logGet(43)) - raft.server.snapshot.auto.trigger.threshold = 10000 (custom)
2019-08-29 08:31:08,703 [pool-509-thread-1] INFO  server.RaftServerConfigKeys (ConfUtils.java:logGet(43)) - raft.server.retrycache.expirytime = 600000ms (custom)
2019-08-29 08:31:08,703 [pool-509-thread-1] INFO  impl.RaftServerImpl (RaftServerImpl.java:start(180)) - e12b4279-35b8-444e-a86f-de17046566e7: start group-F63D2E0F99C0
2019-08-29 08:31:08,703 [pool-509-thread-1] INFO  impl.RaftServerImpl (RaftServerImpl.java:setRole(171)) - e12b4279-35b8-444e-a86f-de17046566e7:group-F63D2E0F99C0 changes role from null to FOLLOWER at term 0 for startAsFollower
2019-08-29 08:31:08,703 [pool-509-thread-1] INFO  impl.RoleInfo (RoleInfo.java:updateAndGet(143)) - e12b4279-35b8-444e-a86f-de17046566e7: start FollowerState
2019-08-29 08:31:08,704 [pool-509-thread-1] INFO  util.JmxRegister (JmxRegister.java:tryRegister(44)) - Successfully registered JMX Bean with object name Ratis:service=RaftServer,group=group-F63D2E0F99C0,id=e12b4279-35b8-444e-a86f-de17046566e7
2019-08-29 08:31:08,706 [RatisPipelineUtilsThread] INFO  pipeline.PipelineStateManager (PipelineStateManager.java:addPipeline(56)) - Created pipeline Pipeline[ Id: 54655cb0-721f-4c7d-8ca8-f63d2e0f99c0, Nodes: e12b4279-35b8-444e-a86f-de17046566e7{ip: 192.168.5.176, host: pr-hdds-1909-44d2n-1519487446, networkLocation: /default-rack, certSerialId: null}, Type:RATIS, Factor:ONE, State:OPEN]
2019-08-29 08:31:08,711 [grpc-default-executor-9] INFO  impl.RaftServerProxy (RaftServerProxy.java:addNew(89)) - 6c31837e-6e29-47bb-a59a-cbce924aec19: addNew group-400303C3F055:[6c31837e-6e29-47bb-a59a-cbce924aec19:192.168.5.176:38428] returns group-400303C3F055:java.util.concurrent.CompletableFuture@31d1cc06[Not completed]
2019-08-29 08:31:08,712 [pool-519-thread-1] INFO  impl.RaftServerImpl (RaftServerImpl.java:<init>(93)) - 6c31837e-6e29-47bb-a59a-cbce924aec19: new RaftServerImpl for group-400303C3F055:[6c31837e-6e29-47bb-a59a-cbce924aec19:192.168.5.176:38428] with ContainerStateMachine:uninitialized
2019-08-29 08:31:08,712 [pool-519-thread-1] INFO  server.RaftServerConfigKeys (ConfUtils.java:logGet(43)) - raft.server.rpc.timeout.min = 5s (custom)
2019-08-29 08:31:08,712 [pool-519-thread-1] INFO  server.RaftServerConfigKeys (ConfUtils.java:logGet(43)) - raft.server.rpc.timeout.max = 5200ms (custom)
2019-08-29 08:31:08,713 [pool-519-thread-1] INFO  server.RaftServerConfigKeys (ConfUtils.java:logGet(43)) - raft.server.rpcslowness.timeout = 120s (custom)
2019-08-29 08:31:08,713 [pool-519-thread-1] INFO  server.RaftServerConfigKeys (ConfUtils.java:logGet(43)) - raft.server.sleep.deviation.threshold = 300 (default)
2019-08-29 08:31:08,713 [pool-519-thread-1] INFO  server.RaftServerConfigKeys (ConfUtils.java:logGet(43)) - raft.server.log.appender.install.snapshot.enabled = false (custom)
2019-08-29 08:31:08,713 [pool-519-thread-1] INFO  impl.RaftServerImpl (ServerState.java:<init>(105)) - 6c31837e-6e29-47bb-a59a-cbce924aec19:group-400303C3F055 ConfigurationManager, init=-1: [6c31837e-6e29-47bb-a59a-cbce924aec19:192.168.5.176:38428], old=null, confs=<EMPTY_MAP>
2019-08-29 08:31:08,713 [pool-519-thread-1] INFO  server.RaftServerConfigKeys (ConfUtils.java:logGet(43)) - raft.server.storage.dir = [/workdir/hadoop-ozone/integration-test/target/test-dir/MiniOzoneClusterImpl-8c07e826-c47b-4931-987d-73ac2cd5ddca/datanode-2/data/ratis] (custom)
2019-08-29 08:31:08,713 [pool-519-thread-1] INFO  storage.RaftStorageDirectory (RaftStorageDirectory.java:analyzeStorage(246)) - The storage directory /workdir/hadoop-ozone/integration-test/target/test-dir/MiniOzoneClusterImpl-8c07e826-c47b-4931-987d-73ac2cd5ddca/datanode-2/data/ratis/35aab04d-75de-4fa2-afc7-400303c3f055 does not exist. Creating ...
2019-08-29 08:31:08,726 [pool-519-thread-1] INFO  storage.RaftStorageDirectory (RaftStorageDirectory.java:tryLock(328)) - Lock on /workdir/hadoop-ozone/integration-test/target/test-dir/MiniOzoneClusterImpl-8c07e826-c47b-4931-987d-73ac2cd5ddca/datanode-2/data/ratis/35aab04d-75de-4fa2-afc7-400303c3f055/in_use.lock acquired by nodename 29661@pr-hdds-1909-44d2n-1519487446
2019-08-29 08:31:08,740 [pool-519-thread-1] INFO  storage.RaftStorage (RaftStorage.java:format(72)) - Storage directory /workdir/hadoop-ozone/integration-test/target/test-dir/MiniOzoneClusterImpl-8c07e826-c47b-4931-987d-73ac2cd5ddca/datanode-2/data/ratis/35aab04d-75de-4fa2-afc7-400303c3f055 has been successfully formatted.
2019-08-29 08:31:08,740 [pool-519-thread-1] INFO  ratis.ContainerStateMachine (ContainerStateMachine.java:loadSnapshot(227)) - group-400303C3F055: The snapshot info is null. Setting the last applied indexto:(t:0, i:~)
2019-08-29 08:31:08,740 [pool-519-thread-1] INFO  server.RaftServerConfigKeys (ConfUtils.java:logGet(43)) - raft.server.leader.election.timeout = 120s (custom)
2019-08-29 08:31:08,740 [pool-519-thread-1] INFO  server.RaftServerConfigKeys (ConfUtils.java:logGet(43)) - raft.server.log.use.memory = false (default)
2019-08-29 08:31:08,740 [pool-519-thread-1] INFO  server.RaftServerConfigKeys (ConfUtils.java:logGet(43)) - raft.server.log.purge.gap = 1000000 (custom)
2019-08-29 08:31:08,740 [pool-519-thread-1] INFO  server.RaftServerConfigKeys (ConfUtils.java:logGet(43)) - raft.server.log.appender.buffer.byte-limit = 33554432 (custom)
2019-08-29 08:31:08,741 [pool-519-thread-1] INFO  server.RaftServerConfigKeys (ConfUtils.java:logGet(43)) - raft.server.log.segment.size.max = 1048576 (custom)
2019-08-29 08:31:08,741 [pool-519-thread-1] INFO  server.RaftServerConfigKeys (ConfUtils.java:logGet(43)) - raft.server.log.segment.cache.num.max = 2 (custom)
2019-08-29 08:31:08,741 [pool-519-thread-1] INFO  segmented.SegmentedRaftLogWorker (SegmentedRaftLogWorker.java:<init>(172)) - new 6c31837e-6e29-47bb-a59a-cbce924aec19-SegmentedRaftLogWorker:Storage Directory /workdir/hadoop-ozone/integration-test/target/test-dir/MiniOzoneClusterImpl-8c07e826-c47b-4931-987d-73ac2cd5ddca/datanode-2/data/ratis/35aab04d-75de-4fa2-afc7-400303c3f055 for RaftStorage:Storage Directory /workdir/hadoop-ozone/integration-test/target/test-dir/MiniOzoneClusterImpl-8c07e826-c47b-4931-987d-73ac2cd5ddca/datanode-2/data/ratis/35aab04d-75de-4fa2-afc7-400303c3f055
2019-08-29 08:31:08,741 [pool-519-thread-1] INFO  server.RaftServerConfigKeys (ConfUtils.java:logGet(43)) - raft.server.log.queue.byte-limit = 2147483647 (custom)
2019-08-29 08:31:08,741 [pool-519-thread-1] INFO  server.RaftServerConfigKeys (ConfUtils.java:logGet(43)) - raft.server.log.queue.element-limit = 1024 (custom)
2019-08-29 08:31:08,741 [pool-519-thread-1] INFO  server.RaftServerConfigKeys (ConfUtils.java:logGet(43)) - raft.server.log.segment.size.max = 1048576 (custom)
2019-08-29 08:31:08,741 [pool-519-thread-1] INFO  server.RaftServerConfigKeys (ConfUtils.java:logGet(43)) - raft.server.log.preallocated.size = 16384 (custom)
2019-08-29 08:31:08,741 [pool-519-thread-1] INFO  server.RaftServerConfigKeys (ConfUtils.java:logGet(43)) - raft.server.log.write.buffer.size = 33554432 (custom)
2019-08-29 08:31:08,742 [pool-519-thread-1] INFO  server.RaftServerConfigKeys (ConfUtils.java:logGet(43)) - raft.server.log.force.sync.num = 128 (default)
2019-08-29 08:31:08,742 [pool-519-thread-1] INFO  server.RaftServerConfigKeys (ConfUtils.java:logGet(43)) - raft.server.log.statemachine.data.sync = true (default)
2019-08-29 08:31:08,742 [pool-519-thread-1] INFO  server.RaftServerConfigKeys (ConfUtils.java:logGet(43)) - raft.server.log.statemachine.data.sync.timeout = 10s (default)
2019-08-29 08:31:08,742 [pool-519-thread-1] INFO  server.RaftServerConfigKeys (ConfUtils.java:logGet(43)) - raft.server.log.statemachine.data.sync.timeout.retry = -1 (default)
2019-08-29 08:31:08,742 [pool-519-thread-1] INFO  server.RaftServerConfigKeys (ConfUtils.java:logGet(43)) - raft.server.log.statemachine.data.caching.enabled = true (custom)
2019-08-29 08:31:08,742 [pool-519-thread-1] INFO  segmented.SegmentedRaftLogWorker (SegmentedRaftLogWorker.java:lambda$new$0(132)) - 6c31837e-6e29-47bb-a59a-cbce924aec19-SegmentedRaftLogWorker:Storage Directory /workdir/hadoop-ozone/integration-test/target/test-dir/MiniOzoneClusterImpl-8c07e826-c47b-4931-987d-73ac2cd5ddca/datanode-2/data/ratis/35aab04d-75de-4fa2-afc7-400303c3f055: flushIndex: setUnconditionally 0 -> -1
2019-08-29 08:31:08,743 [pool-519-thread-1] INFO  server.RaftServerConfigKeys (ConfUtils.java:logGet(43)) - raft.server.snapshot.auto.trigger.enabled = true (custom)
2019-08-29 08:31:08,743 [pool-519-thread-1] INFO  server.RaftServerConfigKeys (ConfUtils.java:logGet(43)) - raft.server.snapshot.auto.trigger.threshold = 10000 (custom)
2019-08-29 08:31:08,743 [pool-519-thread-1] INFO  server.RaftServerConfigKeys (ConfUtils.java:logGet(43)) - raft.server.retrycache.expirytime = 600000ms (custom)
2019-08-29 08:31:08,743 [pool-519-thread-1] INFO  impl.RaftServerImpl (RaftServerImpl.java:start(180)) - 6c31837e-6e29-47bb-a59a-cbce924aec19: start group-400303C3F055
2019-08-29 08:31:08,743 [pool-519-thread-1] INFO  impl.RaftServerImpl (RaftServerImpl.java:setRole(171)) - 6c31837e-6e29-47bb-a59a-cbce924aec19:group-400303C3F055 changes role from null to FOLLOWER at term 0 for startAsFollower
2019-08-29 08:31:08,743 [pool-519-thread-1] INFO  impl.RoleInfo (RoleInfo.java:updateAndGet(143)) - 6c31837e-6e29-47bb-a59a-cbce924aec19: start FollowerState
2019-08-29 08:31:08,743 [pool-519-thread-1] INFO  util.JmxRegister (JmxRegister.java:tryRegister(44)) - Successfully registered JMX Bean with object name Ratis:service=RaftServer,group=group-400303C3F055,id=6c31837e-6e29-47bb-a59a-cbce924aec19
2019-08-29 08:31:08,745 [RatisPipelineUtilsThread] INFO  pipeline.PipelineStateManager (PipelineStateManager.java:addPipeline(56)) - Created pipeline Pipeline[ Id: 35aab04d-75de-4fa2-afc7-400303c3f055, Nodes: 6c31837e-6e29-47bb-a59a-cbce924aec19{ip: 192.168.5.176, host: pr-hdds-1909-44d2n-1519487446, networkLocation: /default-rack, certSerialId: null}, Type:RATIS, Factor:ONE, State:OPEN]
2019-08-29 08:31:08,752 [IPC Server handler 1 on 35577] INFO  net.NetworkTopology (NetworkTopologyImpl.java:add(110)) - Added a new node: /default-rack/2cc9a7c5-5377-452e-b53b-b98038258734
2019-08-29 08:31:08,753 [IPC Server handler 1 on 35577] INFO  node.SCMNodeManager (SCMNodeManager.java:register(273)) - Registered Data node : 2cc9a7c5-5377-452e-b53b-b98038258734{ip: 192.168.5.176, host: pr-hdds-1909-44d2n-1519487446, networkLocation: /default-rack, certSerialId: null}
2019-08-29 08:31:08,753 | INFO  | SCMAudit | user=jenkins1000 | ip=192.168.5.176 | op=REGISTER {datanodeDetails=2cc9a7c5-5377-452e-b53b-b98038258734{ip: 192.168.5.176, host: pr-hdds-1909-44d2n-1519487446, networkLocation: /default-rack, certSerialId: null}} | ret=SUCCESS |  
2019-08-29 08:31:08,759 [grpc-default-executor-10] INFO  impl.RaftServerProxy (RaftServerProxy.java:addNew(89)) - 6c31837e-6e29-47bb-a59a-cbce924aec19: addNew group-AB2BFD5F97A1:[7cfaebde-8af2-48b8-8320-c065a7b881d3:192.168.5.176:45696, 6c31837e-6e29-47bb-a59a-cbce924aec19:192.168.5.176:38428, e12b4279-35b8-444e-a86f-de17046566e7:192.168.5.176:40842] returns group-AB2BFD5F97A1:java.util.concurrent.CompletableFuture@5ed5fada[Not completed]
2019-08-29 08:31:08,760 [grpc-default-executor-9] INFO  impl.RaftServerProxy (RaftServerProxy.java:addNew(89)) - e12b4279-35b8-444e-a86f-de17046566e7: addNew group-AB2BFD5F97A1:[7cfaebde-8af2-48b8-8320-c065a7b881d3:192.168.5.176:45696, 6c31837e-6e29-47bb-a59a-cbce924aec19:192.168.5.176:38428, e12b4279-35b8-444e-a86f-de17046566e7:192.168.5.176:40842] returns group-AB2BFD5F97A1:java.util.concurrent.CompletableFuture@77661f52[Not completed]
2019-08-29 08:31:08,760 [grpc-default-executor-5] INFO  impl.RaftServerProxy (RaftServerProxy.java:addNew(89)) - 7cfaebde-8af2-48b8-8320-c065a7b881d3: addNew group-AB2BFD5F97A1:[7cfaebde-8af2-48b8-8320-c065a7b881d3:192.168.5.176:45696, 6c31837e-6e29-47bb-a59a-cbce924aec19:192.168.5.176:38428, e12b4279-35b8-444e-a86f-de17046566e7:192.168.5.176:40842] returns group-AB2BFD5F97A1:java.util.concurrent.CompletableFuture@311065de[Not completed]
2019-08-29 08:31:08,760 [pool-519-thread-1] INFO  impl.RaftServerImpl (RaftServerImpl.java:<init>(93)) - 6c31837e-6e29-47bb-a59a-cbce924aec19: new RaftServerImpl for group-AB2BFD5F97A1:[7cfaebde-8af2-48b8-8320-c065a7b881d3:192.168.5.176:45696, 6c31837e-6e29-47bb-a59a-cbce924aec19:192.168.5.176:38428, e12b4279-35b8-444e-a86f-de17046566e7:192.168.5.176:40842] with ContainerStateMachine:uninitialized
2019-08-29 08:31:08,760 [pool-519-thread-1] INFO  server.RaftServerConfigKeys (ConfUtils.java:logGet(43)) - raft.server.rpc.timeout.min = 5s (custom)
2019-08-29 08:31:08,760 [pool-519-thread-1] INFO  server.RaftServerConfigKeys (ConfUtils.java:logGet(43)) - raft.server.rpc.timeout.max = 5200ms (custom)
2019-08-29 08:31:08,761 [pool-519-thread-1] INFO  server.RaftServerConfigKeys (ConfUtils.java:logGet(43)) - raft.server.rpcslowness.timeout = 120s (custom)
2019-08-29 08:31:08,761 [pool-519-thread-1] INFO  server.RaftServerConfigKeys (ConfUtils.java:logGet(43)) - raft.server.sleep.deviation.threshold = 300 (default)
2019-08-29 08:31:08,761 [pool-519-thread-1] INFO  server.RaftServerConfigKeys (ConfUtils.java:logGet(43)) - raft.server.log.appender.install.snapshot.enabled = false (custom)
2019-08-29 08:31:08,761 [pool-499-thread-1] INFO  impl.RaftServerImpl (RaftServerImpl.java:<init>(93)) - 7cfaebde-8af2-48b8-8320-c065a7b881d3: new RaftServerImpl for group-AB2BFD5F97A1:[7cfaebde-8af2-48b8-8320-c065a7b881d3:192.168.5.176:45696, 6c31837e-6e29-47bb-a59a-cbce924aec19:192.168.5.176:38428, e12b4279-35b8-444e-a86f-de17046566e7:192.168.5.176:40842] with ContainerStateMachine:uninitialized
2019-08-29 08:31:08,761 [pool-519-thread-1] INFO  impl.RaftServerImpl (ServerState.java:<init>(105)) - 6c31837e-6e29-47bb-a59a-cbce924aec19:group-AB2BFD5F97A1 ConfigurationManager, init=-1: [7cfaebde-8af2-48b8-8320-c065a7b881d3:192.168.5.176:45696, 6c31837e-6e29-47bb-a59a-cbce924aec19:192.168.5.176:38428, e12b4279-35b8-444e-a86f-de17046566e7:192.168.5.176:40842], old=null, confs=<EMPTY_MAP>
2019-08-29 08:31:08,761 [pool-499-thread-1] INFO  server.RaftServerConfigKeys (ConfUtils.java:logGet(43)) - raft.server.rpc.timeout.min = 5s (custom)
2019-08-29 08:31:08,761 [pool-519-thread-1] INFO  server.RaftServerConfigKeys (ConfUtils.java:logGet(43)) - raft.server.storage.dir = [/workdir/hadoop-ozone/integration-test/target/test-dir/MiniOzoneClusterImpl-8c07e826-c47b-4931-987d-73ac2cd5ddca/datanode-2/data/ratis] (custom)
2019-08-29 08:31:08,761 [pool-499-thread-1] INFO  server.RaftServerConfigKeys (ConfUtils.java:logGet(43)) - raft.server.rpc.timeout.max = 5200ms (custom)
2019-08-29 08:31:08,761 [pool-509-thread-1] INFO  impl.RaftServerImpl (RaftServerImpl.java:<init>(93)) - e12b4279-35b8-444e-a86f-de17046566e7: new RaftServerImpl for group-AB2BFD5F97A1:[7cfaebde-8af2-48b8-8320-c065a7b881d3:192.168.5.176:45696, 6c31837e-6e29-47bb-a59a-cbce924aec19:192.168.5.176:38428, e12b4279-35b8-444e-a86f-de17046566e7:192.168.5.176:40842] with ContainerStateMachine:uninitialized
2019-08-29 08:31:08,761 [pool-519-thread-1] INFO  storage.RaftStorageDirectory (RaftStorageDirectory.java:analyzeStorage(246)) - The storage directory /workdir/hadoop-ozone/integration-test/target/test-dir/MiniOzoneClusterImpl-8c07e826-c47b-4931-987d-73ac2cd5ddca/datanode-2/data/ratis/954f2737-7c8a-4e9d-8b56-ab2bfd5f97a1 does not exist. Creating ...
2019-08-29 08:31:08,761 [pool-499-thread-1] INFO  server.RaftServerConfigKeys (ConfUtils.java:logGet(43)) - raft.server.rpcslowness.timeout = 120s (custom)
2019-08-29 08:31:08,761 [pool-509-thread-1] INFO  server.RaftServerConfigKeys (ConfUtils.java:logGet(43)) - raft.server.rpc.timeout.min = 5s (custom)
2019-08-29 08:31:08,762 [pool-499-thread-1] INFO  server.RaftServerConfigKeys (ConfUtils.java:logGet(43)) - raft.server.sleep.deviation.threshold = 300 (default)
2019-08-29 08:31:08,762 [pool-509-thread-1] INFO  server.RaftServerConfigKeys (ConfUtils.java:logGet(43)) - raft.server.rpc.timeout.max = 5200ms (custom)
2019-08-29 08:31:08,762 [pool-499-thread-1] INFO  server.RaftServerConfigKeys (ConfUtils.java:logGet(43)) - raft.server.log.appender.install.snapshot.enabled = false (custom)
2019-08-29 08:31:08,762 [pool-509-thread-1] INFO  server.RaftServerConfigKeys (ConfUtils.java:logGet(43)) - raft.server.rpcslowness.timeout = 120s (custom)
2019-08-29 08:31:08,762 [pool-499-thread-1] INFO  impl.RaftServerImpl (ServerState.java:<init>(105)) - 7cfaebde-8af2-48b8-8320-c065a7b881d3:group-AB2BFD5F97A1 ConfigurationManager, init=-1: [7cfaebde-8af2-48b8-8320-c065a7b881d3:192.168.5.176:45696, 6c31837e-6e29-47bb-a59a-cbce924aec19:192.168.5.176:38428, e12b4279-35b8-444e-a86f-de17046566e7:192.168.5.176:40842], old=null, confs=<EMPTY_MAP>
2019-08-29 08:31:08,762 [pool-509-thread-1] INFO  server.RaftServerConfigKeys (ConfUtils.java:logGet(43)) - raft.server.sleep.deviation.threshold = 300 (default)
2019-08-29 08:31:08,762 [pool-499-thread-1] INFO  server.RaftServerConfigKeys (ConfUtils.java:logGet(43)) - raft.server.storage.dir = [/workdir/hadoop-ozone/integration-test/target/test-dir/MiniOzoneClusterImpl-8c07e826-c47b-4931-987d-73ac2cd5ddca/datanode-0/data/ratis] (custom)
2019-08-29 08:31:08,762 [pool-509-thread-1] INFO  server.RaftServerConfigKeys (ConfUtils.java:logGet(43)) - raft.server.log.appender.install.snapshot.enabled = false (custom)
2019-08-29 08:31:08,762 [pool-509-thread-1] INFO  impl.RaftServerImpl (ServerState.java:<init>(105)) - e12b4279-35b8-444e-a86f-de17046566e7:group-AB2BFD5F97A1 ConfigurationManager, init=-1: [7cfaebde-8af2-48b8-8320-c065a7b881d3:192.168.5.176:45696, 6c31837e-6e29-47bb-a59a-cbce924aec19:192.168.5.176:38428, e12b4279-35b8-444e-a86f-de17046566e7:192.168.5.176:40842], old=null, confs=<EMPTY_MAP>
2019-08-29 08:31:08,763 [pool-499-thread-1] INFO  storage.RaftStorageDirectory (RaftStorageDirectory.java:analyzeStorage(246)) - The storage directory /workdir/hadoop-ozone/integration-test/target/test-dir/MiniOzoneClusterImpl-8c07e826-c47b-4931-987d-73ac2cd5ddca/datanode-0/data/ratis/954f2737-7c8a-4e9d-8b56-ab2bfd5f97a1 does not exist. Creating ...
2019-08-29 08:31:08,763 [pool-509-thread-1] INFO  server.RaftServerConfigKeys (ConfUtils.java:logGet(43)) - raft.server.storage.dir = [/workdir/hadoop-ozone/integration-test/target/test-dir/MiniOzoneClusterImpl-8c07e826-c47b-4931-987d-73ac2cd5ddca/datanode-1/data/ratis] (custom)
2019-08-29 08:31:08,763 [pool-509-thread-1] INFO  storage.RaftStorageDirectory (RaftStorageDirectory.java:analyzeStorage(246)) - The storage directory /workdir/hadoop-ozone/integration-test/target/test-dir/MiniOzoneClusterImpl-8c07e826-c47b-4931-987d-73ac2cd5ddca/datanode-1/data/ratis/954f2737-7c8a-4e9d-8b56-ab2bfd5f97a1 does not exist. Creating ...
2019-08-29 08:31:08,774 [pool-499-thread-1] INFO  storage.RaftStorageDirectory (RaftStorageDirectory.java:tryLock(328)) - Lock on /workdir/hadoop-ozone/integration-test/target/test-dir/MiniOzoneClusterImpl-8c07e826-c47b-4931-987d-73ac2cd5ddca/datanode-0/data/ratis/954f2737-7c8a-4e9d-8b56-ab2bfd5f97a1/in_use.lock acquired by nodename 29661@pr-hdds-1909-44d2n-1519487446
2019-08-29 08:31:08,774 [pool-509-thread-1] INFO  storage.RaftStorageDirectory (RaftStorageDirectory.java:tryLock(328)) - Lock on /workdir/hadoop-ozone/integration-test/target/test-dir/MiniOzoneClusterImpl-8c07e826-c47b-4931-987d-73ac2cd5ddca/datanode-1/data/ratis/954f2737-7c8a-4e9d-8b56-ab2bfd5f97a1/in_use.lock acquired by nodename 29661@pr-hdds-1909-44d2n-1519487446
2019-08-29 08:31:08,774 [pool-519-thread-1] INFO  storage.RaftStorageDirectory (RaftStorageDirectory.java:tryLock(328)) - Lock on /workdir/hadoop-ozone/integration-test/target/test-dir/MiniOzoneClusterImpl-8c07e826-c47b-4931-987d-73ac2cd5ddca/datanode-2/data/ratis/954f2737-7c8a-4e9d-8b56-ab2bfd5f97a1/in_use.lock acquired by nodename 29661@pr-hdds-1909-44d2n-1519487446
2019-08-29 08:31:08,787 [pool-519-thread-1] INFO  storage.RaftStorage (RaftStorage.java:format(72)) - Storage directory /workdir/hadoop-ozone/integration-test/target/test-dir/MiniOzoneClusterImpl-8c07e826-c47b-4931-987d-73ac2cd5ddca/datanode-2/data/ratis/954f2737-7c8a-4e9d-8b56-ab2bfd5f97a1 has been successfully formatted.
2019-08-29 08:31:08,787 [pool-499-thread-1] INFO  storage.RaftStorage (RaftStorage.java:format(72)) - Storage directory /workdir/hadoop-ozone/integration-test/target/test-dir/MiniOzoneClusterImpl-8c07e826-c47b-4931-987d-73ac2cd5ddca/datanode-0/data/ratis/954f2737-7c8a-4e9d-8b56-ab2bfd5f97a1 has been successfully formatted.
2019-08-29 08:31:08,787 [pool-509-thread-1] INFO  storage.RaftStorage (RaftStorage.java:format(72)) - Storage directory /workdir/hadoop-ozone/integration-test/target/test-dir/MiniOzoneClusterImpl-8c07e826-c47b-4931-987d-73ac2cd5ddca/datanode-1/data/ratis/954f2737-7c8a-4e9d-8b56-ab2bfd5f97a1 has been successfully formatted.
2019-08-29 08:31:08,787 [pool-519-thread-1] INFO  ratis.ContainerStateMachine (ContainerStateMachine.java:loadSnapshot(227)) - group-AB2BFD5F97A1: The snapshot info is null. Setting the last applied indexto:(t:0, i:~)
2019-08-29 08:31:08,788 [pool-509-thread-1] INFO  ratis.ContainerStateMachine (ContainerStateMachine.java:loadSnapshot(227)) - group-AB2BFD5F97A1: The snapshot info is null. Setting the last applied indexto:(t:0, i:~)
2019-08-29 08:31:08,788 [pool-499-thread-1] INFO  ratis.ContainerStateMachine (ContainerStateMachine.java:loadSnapshot(227)) - group-AB2BFD5F97A1: The snapshot info is null. Setting the last applied indexto:(t:0, i:~)
2019-08-29 08:31:08,788 [pool-509-thread-1] INFO  server.RaftServerConfigKeys (ConfUtils.java:logGet(43)) - raft.server.leader.election.timeout = 120s (custom)
2019-08-29 08:31:08,788 [pool-519-thread-1] INFO  server.RaftServerConfigKeys (ConfUtils.java:logGet(43)) - raft.server.leader.election.timeout = 120s (custom)
2019-08-29 08:31:08,788 [pool-509-thread-1] INFO  server.RaftServerConfigKeys (ConfUtils.java:logGet(43)) - raft.server.log.use.memory = false (default)
2019-08-29 08:31:08,788 [pool-499-thread-1] INFO  server.RaftServerConfigKeys (ConfUtils.java:logGet(43)) - raft.server.leader.election.timeout = 120s (custom)
2019-08-29 08:31:08,788 [pool-509-thread-1] INFO  server.RaftServerConfigKeys (ConfUtils.java:logGet(43)) - raft.server.log.purge.gap = 1000000 (custom)
2019-08-29 08:31:08,788 [pool-519-thread-1] INFO  server.RaftServerConfigKeys (ConfUtils.java:logGet(43)) - raft.server.log.use.memory = false (default)
2019-08-29 08:31:08,789 [pool-509-thread-1] INFO  server.RaftServerConfigKeys (ConfUtils.java:logGet(43)) - raft.server.log.appender.buffer.byte-limit = 33554432 (custom)
2019-08-29 08:31:08,789 [pool-499-thread-1] INFO  server.RaftServerConfigKeys (ConfUtils.java:logGet(43)) - raft.server.log.use.memory = false (default)
2019-08-29 08:31:08,789 [pool-509-thread-1] INFO  server.RaftServerConfigKeys (ConfUtils.java:logGet(43)) - raft.server.log.segment.size.max = 1048576 (custom)
2019-08-29 08:31:08,789 [pool-519-thread-1] INFO  server.RaftServerConfigKeys (ConfUtils.java:logGet(43)) - raft.server.log.purge.gap = 1000000 (custom)
2019-08-29 08:31:08,789 [pool-509-thread-1] INFO  server.RaftServerConfigKeys (ConfUtils.java:logGet(43)) - raft.server.log.segment.cache.num.max = 2 (custom)
2019-08-29 08:31:08,789 [pool-499-thread-1] INFO  server.RaftServerConfigKeys (ConfUtils.java:logGet(43)) - raft.server.log.purge.gap = 1000000 (custom)
2019-08-29 08:31:08,789 [pool-509-thread-1] INFO  segmented.SegmentedRaftLogWorker (SegmentedRaftLogWorker.java:<init>(172)) - new e12b4279-35b8-444e-a86f-de17046566e7-SegmentedRaftLogWorker:Storage Directory /workdir/hadoop-ozone/integration-test/target/test-dir/MiniOzoneClusterImpl-8c07e826-c47b-4931-987d-73ac2cd5ddca/datanode-1/data/ratis/954f2737-7c8a-4e9d-8b56-ab2bfd5f97a1 for RaftStorage:Storage Directory /workdir/hadoop-ozone/integration-test/target/test-dir/MiniOzoneClusterImpl-8c07e826-c47b-4931-987d-73ac2cd5ddca/datanode-1/data/ratis/954f2737-7c8a-4e9d-8b56-ab2bfd5f97a1
2019-08-29 08:31:08,789 [pool-519-thread-1] INFO  server.RaftServerConfigKeys (ConfUtils.java:logGet(43)) - raft.server.log.appender.buffer.byte-limit = 33554432 (custom)
2019-08-29 08:31:08,790 [pool-509-thread-1] INFO  server.RaftServerConfigKeys (ConfUtils.java:logGet(43)) - raft.server.log.queue.byte-limit = 2147483647 (custom)
2019-08-29 08:31:08,790 [pool-499-thread-1] INFO  server.RaftServerConfigKeys (ConfUtils.java:logGet(43)) - raft.server.log.appender.buffer.byte-limit = 33554432 (custom)
2019-08-29 08:31:08,790 [pool-509-thread-1] INFO  server.RaftServerConfigKeys (ConfUtils.java:logGet(43)) - raft.server.log.queue.element-limit = 1024 (custom)
2019-08-29 08:31:08,790 [pool-519-thread-1] INFO  server.RaftServerConfigKeys (ConfUtils.java:logGet(43)) - raft.server.log.segment.size.max = 1048576 (custom)
2019-08-29 08:31:08,790 [pool-509-thread-1] INFO  server.RaftServerConfigKeys (ConfUtils.java:logGet(43)) - raft.server.log.segment.size.max = 1048576 (custom)
2019-08-29 08:31:08,790 [pool-509-thread-1] INFO  server.RaftServerConfigKeys (ConfUtils.java:logGet(43)) - raft.server.log.preallocated.size = 16384 (custom)
2019-08-29 08:31:08,790 [pool-499-thread-1] INFO  server.RaftServerConfigKeys (ConfUtils.java:logGet(43)) - raft.server.log.segment.size.max = 1048576 (custom)
2019-08-29 08:31:08,790 [pool-509-thread-1] INFO  server.RaftServerConfigKeys (ConfUtils.java:logGet(43)) - raft.server.log.write.buffer.size = 33554432 (custom)
2019-08-29 08:31:08,790 [pool-519-thread-1] INFO  server.RaftServerConfigKeys (ConfUtils.java:logGet(43)) - raft.server.log.segment.cache.num.max = 2 (custom)
2019-08-29 08:31:08,791 [pool-509-thread-1] INFO  server.RaftServerConfigKeys (ConfUtils.java:logGet(43)) - raft.server.log.force.sync.num = 128 (default)
2019-08-29 08:31:08,791 [pool-509-thread-1] INFO  server.RaftServerConfigKeys (ConfUtils.java:logGet(43)) - raft.server.log.statemachine.data.sync = true (default)
2019-08-29 08:31:08,791 [pool-499-thread-1] INFO  server.RaftServerConfigKeys (ConfUtils.java:logGet(43)) - raft.server.log.segment.cache.num.max = 2 (custom)
2019-08-29 08:31:08,791 [pool-509-thread-1] INFO  server.RaftServerConfigKeys (ConfUtils.java:logGet(43)) - raft.server.log.statemachine.data.sync.timeout = 10s (default)
2019-08-29 08:31:08,791 [pool-519-thread-1] INFO  segmented.SegmentedRaftLogWorker (SegmentedRaftLogWorker.java:<init>(172)) - new 6c31837e-6e29-47bb-a59a-cbce924aec19-SegmentedRaftLogWorker:Storage Directory /workdir/hadoop-ozone/integration-test/target/test-dir/MiniOzoneClusterImpl-8c07e826-c47b-4931-987d-73ac2cd5ddca/datanode-2/data/ratis/954f2737-7c8a-4e9d-8b56-ab2bfd5f97a1 for RaftStorage:Storage Directory /workdir/hadoop-ozone/integration-test/target/test-dir/MiniOzoneClusterImpl-8c07e826-c47b-4931-987d-73ac2cd5ddca/datanode-2/data/ratis/954f2737-7c8a-4e9d-8b56-ab2bfd5f97a1
2019-08-29 08:31:08,791 [pool-509-thread-1] INFO  server.RaftServerConfigKeys (ConfUtils.java:logGet(43)) - raft.server.log.statemachine.data.sync.timeout.retry = -1 (default)
2019-08-29 08:31:08,791 [pool-499-thread-1] INFO  segmented.SegmentedRaftLogWorker (SegmentedRaftLogWorker.java:<init>(172)) - new 7cfaebde-8af2-48b8-8320-c065a7b881d3-SegmentedRaftLogWorker:Storage Directory /workdir/hadoop-ozone/integration-test/target/test-dir/MiniOzoneClusterImpl-8c07e826-c47b-4931-987d-73ac2cd5ddca/datanode-0/data/ratis/954f2737-7c8a-4e9d-8b56-ab2bfd5f97a1 for RaftStorage:Storage Directory /workdir/hadoop-ozone/integration-test/target/test-dir/MiniOzoneClusterImpl-8c07e826-c47b-4931-987d-73ac2cd5ddca/datanode-0/data/ratis/954f2737-7c8a-4e9d-8b56-ab2bfd5f97a1
2019-08-29 08:31:08,792 [pool-509-thread-1] INFO  server.RaftServerConfigKeys (ConfUtils.java:logGet(43)) - raft.server.log.statemachine.data.caching.enabled = true (custom)
2019-08-29 08:31:08,791 [pool-519-thread-1] INFO  server.RaftServerConfigKeys (ConfUtils.java:logGet(43)) - raft.server.log.queue.byte-limit = 2147483647 (custom)
2019-08-29 08:31:08,792 [pool-499-thread-1] INFO  server.RaftServerConfigKeys (ConfUtils.java:logGet(43)) - raft.server.log.queue.byte-limit = 2147483647 (custom)
2019-08-29 08:31:08,792 [pool-509-thread-1] INFO  segmented.SegmentedRaftLogWorker (SegmentedRaftLogWorker.java:lambda$new$0(132)) - e12b4279-35b8-444e-a86f-de17046566e7-SegmentedRaftLogWorker:Storage Directory /workdir/hadoop-ozone/integration-test/target/test-dir/MiniOzoneClusterImpl-8c07e826-c47b-4931-987d-73ac2cd5ddca/datanode-1/data/ratis/954f2737-7c8a-4e9d-8b56-ab2bfd5f97a1: flushIndex: setUnconditionally 0 -> -1
2019-08-29 08:31:08,792 [pool-519-thread-1] INFO  server.RaftServerConfigKeys (ConfUtils.java:logGet(43)) - raft.server.log.queue.element-limit = 1024 (custom)
2019-08-29 08:31:08,792 [pool-499-thread-1] INFO  server.RaftServerConfigKeys (ConfUtils.java:logGet(43)) - raft.server.log.queue.element-limit = 1024 (custom)
2019-08-29 08:31:08,792 [pool-519-thread-1] INFO  server.RaftServerConfigKeys (ConfUtils.java:logGet(43)) - raft.server.log.segment.size.max = 1048576 (custom)
2019-08-29 08:31:08,792 [pool-509-thread-1] INFO  server.RaftServerConfigKeys (ConfUtils.java:logGet(43)) - raft.server.snapshot.auto.trigger.enabled = true (custom)
2019-08-29 08:31:08,792 [pool-519-thread-1] INFO  server.RaftServerConfigKeys (ConfUtils.java:logGet(43)) - raft.server.log.preallocated.size = 16384 (custom)
2019-08-29 08:31:08,793 [pool-519-thread-1] INFO  server.RaftServerConfigKeys (ConfUtils.java:logGet(43)) - raft.server.log.write.buffer.size = 33554432 (custom)
2019-08-29 08:31:08,793 [pool-519-thread-1] INFO  server.RaftServerConfigKeys (ConfUtils.java:logGet(43)) - raft.server.log.force.sync.num = 128 (default)
2019-08-29 08:31:08,792 [pool-499-thread-1] INFO  server.RaftServerConfigKeys (ConfUtils.java:logGet(43)) - raft.server.log.segment.size.max = 1048576 (custom)
2019-08-29 08:31:08,793 [pool-519-thread-1] INFO  server.RaftServerConfigKeys (ConfUtils.java:logGet(43)) - raft.server.log.statemachine.data.sync = true (default)
2019-08-29 08:31:08,793 [pool-509-thread-1] INFO  server.RaftServerConfigKeys (ConfUtils.java:logGet(43)) - raft.server.snapshot.auto.trigger.threshold = 10000 (custom)
2019-08-29 08:31:08,793 [pool-519-thread-1] INFO  server.RaftServerConfigKeys (ConfUtils.java:logGet(43)) - raft.server.log.statemachine.data.sync.timeout = 10s (default)
2019-08-29 08:31:08,793 [pool-519-thread-1] INFO  server.RaftServerConfigKeys (ConfUtils.java:logGet(43)) - raft.server.log.statemachine.data.sync.timeout.retry = -1 (default)
2019-08-29 08:31:08,793 [pool-499-thread-1] INFO  server.RaftServerConfigKeys (ConfUtils.java:logGet(43)) - raft.server.log.preallocated.size = 16384 (custom)
2019-08-29 08:31:08,793 [pool-519-thread-1] INFO  server.RaftServerConfigKeys (ConfUtils.java:logGet(43)) - raft.server.log.statemachine.data.caching.enabled = true (custom)
2019-08-29 08:31:08,793 [pool-509-thread-1] INFO  server.RaftServerConfigKeys (ConfUtils.java:logGet(43)) - raft.server.retrycache.expirytime = 600000ms (custom)
2019-08-29 08:31:08,794 [pool-519-thread-1] INFO  segmented.SegmentedRaftLogWorker (SegmentedRaftLogWorker.java:lambda$new$0(132)) - 6c31837e-6e29-47bb-a59a-cbce924aec19-SegmentedRaftLogWorker:Storage Directory /workdir/hadoop-ozone/integration-test/target/test-dir/MiniOzoneClusterImpl-8c07e826-c47b-4931-987d-73ac2cd5ddca/datanode-2/data/ratis/954f2737-7c8a-4e9d-8b56-ab2bfd5f97a1: flushIndex: setUnconditionally 0 -> -1
2019-08-29 08:31:08,794 [pool-499-thread-1] INFO  server.RaftServerConfigKeys (ConfUtils.java:logGet(43)) - raft.server.log.write.buffer.size = 33554432 (custom)
2019-08-29 08:31:08,794 [pool-519-thread-1] INFO  server.RaftServerConfigKeys (ConfUtils.java:logGet(43)) - raft.server.snapshot.auto.trigger.enabled = true (custom)
2019-08-29 08:31:08,794 [pool-509-thread-1] INFO  impl.RaftServerImpl (RaftServerImpl.java:start(180)) - e12b4279-35b8-444e-a86f-de17046566e7: start group-AB2BFD5F97A1
2019-08-29 08:31:08,794 [pool-519-thread-1] INFO  server.RaftServerConfigKeys (ConfUtils.java:logGet(43)) - raft.server.snapshot.auto.trigger.threshold = 10000 (custom)
2019-08-29 08:31:08,794 [pool-499-thread-1] INFO  server.RaftServerConfigKeys (ConfUtils.java:logGet(43)) - raft.server.log.force.sync.num = 128 (default)
2019-08-29 08:31:08,794 [pool-519-thread-1] INFO  server.RaftServerConfigKeys (ConfUtils.java:logGet(43)) - raft.server.retrycache.expirytime = 600000ms (custom)
2019-08-29 08:31:08,794 [pool-509-thread-1] INFO  impl.RaftServerImpl (RaftServerImpl.java:setRole(171)) - e12b4279-35b8-444e-a86f-de17046566e7:group-AB2BFD5F97A1 changes role from null to FOLLOWER at term 0 for startAsFollower
2019-08-29 08:31:08,795 [pool-519-thread-1] INFO  impl.RaftServerImpl (RaftServerImpl.java:start(180)) - 6c31837e-6e29-47bb-a59a-cbce924aec19: start group-AB2BFD5F97A1
2019-08-29 08:31:08,795 [pool-519-thread-1] INFO  impl.RaftServerImpl (RaftServerImpl.java:setRole(171)) - 6c31837e-6e29-47bb-a59a-cbce924aec19:group-AB2BFD5F97A1 changes role from null to FOLLOWER at term 0 for startAsFollower
2019-08-29 08:31:08,795 [pool-499-thread-1] INFO  server.RaftServerConfigKeys (ConfUtils.java:logGet(43)) - raft.server.log.statemachine.data.sync = true (default)
2019-08-29 08:31:08,795 [pool-519-thread-1] INFO  impl.RoleInfo (RoleInfo.java:updateAndGet(143)) - 6c31837e-6e29-47bb-a59a-cbce924aec19: start FollowerState
2019-08-29 08:31:08,795 [pool-509-thread-1] INFO  impl.RoleInfo (RoleInfo.java:updateAndGet(143)) - e12b4279-35b8-444e-a86f-de17046566e7: start FollowerState
2019-08-29 08:31:08,795 [pool-499-thread-1] INFO  server.RaftServerConfigKeys (ConfUtils.java:logGet(43)) - raft.server.log.statemachine.data.sync.timeout = 10s (default)
2019-08-29 08:31:08,796 [pool-499-thread-1] INFO  server.RaftServerConfigKeys (ConfUtils.java:logGet(43)) - raft.server.log.statemachine.data.sync.timeout.retry = -1 (default)
2019-08-29 08:31:08,796 [pool-509-thread-1] INFO  util.JmxRegister (JmxRegister.java:tryRegister(44)) - Successfully registered JMX Bean with object name Ratis:service=RaftServer,group=group-AB2BFD5F97A1,id=e12b4279-35b8-444e-a86f-de17046566e7
2019-08-29 08:31:08,796 [pool-519-thread-1] INFO  util.JmxRegister (JmxRegister.java:tryRegister(44)) - Successfully registered JMX Bean with object name Ratis:service=RaftServer,group=group-AB2BFD5F97A1,id=6c31837e-6e29-47bb-a59a-cbce924aec19
2019-08-29 08:31:08,796 [pool-499-thread-1] INFO  server.RaftServerConfigKeys (ConfUtils.java:logGet(43)) - raft.server.log.statemachine.data.caching.enabled = true (custom)
2019-08-29 08:31:08,796 [pool-499-thread-1] INFO  segmented.SegmentedRaftLogWorker (SegmentedRaftLogWorker.java:lambda$new$0(132)) - 7cfaebde-8af2-48b8-8320-c065a7b881d3-SegmentedRaftLogWorker:Storage Directory /workdir/hadoop-ozone/integration-test/target/test-dir/MiniOzoneClusterImpl-8c07e826-c47b-4931-987d-73ac2cd5ddca/datanode-0/data/ratis/954f2737-7c8a-4e9d-8b56-ab2bfd5f97a1: flushIndex: setUnconditionally 0 -> -1
2019-08-29 08:31:08,797 [pool-499-thread-1] INFO  server.RaftServerConfigKeys (ConfUtils.java:logGet(43)) - raft.server.snapshot.auto.trigger.enabled = true (custom)
2019-08-29 08:31:08,797 [pool-499-thread-1] INFO  server.RaftServerConfigKeys (ConfUtils.java:logGet(43)) - raft.server.snapshot.auto.trigger.threshold = 10000 (custom)
2019-08-29 08:31:08,797 [pool-499-thread-1] INFO  server.RaftServerConfigKeys (ConfUtils.java:logGet(43)) - raft.server.retrycache.expirytime = 600000ms (custom)
2019-08-29 08:31:08,797 [pool-499-thread-1] INFO  impl.RaftServerImpl (RaftServerImpl.java:start(180)) - 7cfaebde-8af2-48b8-8320-c065a7b881d3: start group-AB2BFD5F97A1
2019-08-29 08:31:08,797 [pool-499-thread-1] INFO  impl.RaftServerImpl (RaftServerImpl.java:setRole(171)) - 7cfaebde-8af2-48b8-8320-c065a7b881d3:group-AB2BFD5F97A1 changes role from null to FOLLOWER at term 0 for startAsFollower
2019-08-29 08:31:08,797 [pool-499-thread-1] INFO  impl.RoleInfo (RoleInfo.java:updateAndGet(143)) - 7cfaebde-8af2-48b8-8320-c065a7b881d3: start FollowerState
2019-08-29 08:31:08,798 [pool-499-thread-1] INFO  util.JmxRegister (JmxRegister.java:tryRegister(44)) - Successfully registered JMX Bean with object name Ratis:service=RaftServer,group=group-AB2BFD5F97A1,id=7cfaebde-8af2-48b8-8320-c065a7b881d3
2019-08-29 08:31:08,799 [RatisPipelineUtilsThread] INFO  pipeline.PipelineStateManager (PipelineStateManager.java:addPipeline(56)) - Created pipeline Pipeline[ Id: 954f2737-7c8a-4e9d-8b56-ab2bfd5f97a1, Nodes: 7cfaebde-8af2-48b8-8320-c065a7b881d3{ip: 192.168.5.176, host: pr-hdds-1909-44d2n-1519487446, networkLocation: /default-rack, certSerialId: null}6c31837e-6e29-47bb-a59a-cbce924aec19{ip: 192.168.5.176, host: pr-hdds-1909-44d2n-1519487446, networkLocation: /default-rack, certSerialId: null}e12b4279-35b8-444e-a86f-de17046566e7{ip: 192.168.5.176, host: pr-hdds-1909-44d2n-1519487446, networkLocation: /default-rack, certSerialId: null}, Type:RATIS, Factor:THREE, State:OPEN]
2019-08-29 08:31:08,813 [grpc-default-executor-5] INFO  impl.RaftServerProxy (RaftServerProxy.java:addNew(89)) - 2cc9a7c5-5377-452e-b53b-b98038258734: addNew group-A6B24757155E:[2cc9a7c5-5377-452e-b53b-b98038258734:192.168.5.176:36455] returns group-A6B24757155E:java.util.concurrent.CompletableFuture@d9165eb[Not completed]
2019-08-29 08:31:08,814 [pool-529-thread-1] INFO  impl.RaftServerImpl (RaftServerImpl.java:<init>(93)) - 2cc9a7c5-5377-452e-b53b-b98038258734: new RaftServerImpl for group-A6B24757155E:[2cc9a7c5-5377-452e-b53b-b98038258734:192.168.5.176:36455] with ContainerStateMachine:uninitialized
2019-08-29 08:31:08,814 [pool-529-thread-1] INFO  server.RaftServerConfigKeys (ConfUtils.java:logGet(43)) - raft.server.rpc.timeout.min = 5s (custom)
2019-08-29 08:31:08,814 [pool-529-thread-1] INFO  server.RaftServerConfigKeys (ConfUtils.java:logGet(43)) - raft.server.rpc.timeout.max = 5200ms (custom)
2019-08-29 08:31:08,815 [pool-529-thread-1] INFO  server.RaftServerConfigKeys (ConfUtils.java:logGet(43)) - raft.server.rpcslowness.timeout = 120s (custom)
2019-08-29 08:31:08,815 [pool-529-thread-1] INFO  server.RaftServerConfigKeys (ConfUtils.java:logGet(43)) - raft.server.sleep.deviation.threshold = 300 (default)
2019-08-29 08:31:08,815 [pool-529-thread-1] INFO  server.RaftServerConfigKeys (ConfUtils.java:logGet(43)) - raft.server.log.appender.install.snapshot.enabled = false (custom)
2019-08-29 08:31:08,815 [pool-529-thread-1] INFO  impl.RaftServerImpl (ServerState.java:<init>(105)) - 2cc9a7c5-5377-452e-b53b-b98038258734:group-A6B24757155E ConfigurationManager, init=-1: [2cc9a7c5-5377-452e-b53b-b98038258734:192.168.5.176:36455], old=null, confs=<EMPTY_MAP>
2019-08-29 08:31:08,815 [pool-529-thread-1] INFO  server.RaftServerConfigKeys (ConfUtils.java:logGet(43)) - raft.server.storage.dir = [/workdir/hadoop-ozone/integration-test/target/test-dir/MiniOzoneClusterImpl-8c07e826-c47b-4931-987d-73ac2cd5ddca/datanode-3/data/ratis] (custom)
2019-08-29 08:31:08,815 [pool-529-thread-1] INFO  storage.RaftStorageDirectory (RaftStorageDirectory.java:analyzeStorage(246)) - The storage directory /workdir/hadoop-ozone/integration-test/target/test-dir/MiniOzoneClusterImpl-8c07e826-c47b-4931-987d-73ac2cd5ddca/datanode-3/data/ratis/c06bc953-15dd-473f-9acb-a6b24757155e does not exist. Creating ...
2019-08-29 08:31:08,828 [pool-529-thread-1] INFO  storage.RaftStorageDirectory (RaftStorageDirectory.java:tryLock(328)) - Lock on /workdir/hadoop-ozone/integration-test/target/test-dir/MiniOzoneClusterImpl-8c07e826-c47b-4931-987d-73ac2cd5ddca/datanode-3/data/ratis/c06bc953-15dd-473f-9acb-a6b24757155e/in_use.lock acquired by nodename 29661@pr-hdds-1909-44d2n-1519487446
2019-08-29 08:31:08,830 [IPC Server handler 4 on 35577] INFO  net.NetworkTopology (NetworkTopologyImpl.java:add(110)) - Added a new node: /default-rack/9f8785e0-a018-4c06-b04f-e9b08840f25e
2019-08-29 08:31:08,830 [IPC Server handler 4 on 35577] INFO  node.SCMNodeManager (SCMNodeManager.java:register(273)) - Registered Data node : 9f8785e0-a018-4c06-b04f-e9b08840f25e{ip: 192.168.5.176, host: pr-hdds-1909-44d2n-1519487446, networkLocation: /default-rack, certSerialId: null}
2019-08-29 08:31:08,830 | INFO  | SCMAudit | user=jenkins1000 | ip=192.168.5.176 | op=REGISTER {datanodeDetails=9f8785e0-a018-4c06-b04f-e9b08840f25e{ip: 192.168.5.176, host: pr-hdds-1909-44d2n-1519487446, networkLocation: /default-rack, certSerialId: null}} | ret=SUCCESS |  
2019-08-29 08:31:08,832 [pool-529-thread-1] INFO  storage.RaftStorage (RaftStorage.java:format(72)) - Storage directory /workdir/hadoop-ozone/integration-test/target/test-dir/MiniOzoneClusterImpl-8c07e826-c47b-4931-987d-73ac2cd5ddca/datanode-3/data/ratis/c06bc953-15dd-473f-9acb-a6b24757155e has been successfully formatted.
2019-08-29 08:31:08,832 [pool-529-thread-1] INFO  ratis.ContainerStateMachine (ContainerStateMachine.java:loadSnapshot(227)) - group-A6B24757155E: The snapshot info is null. Setting the last applied indexto:(t:0, i:~)
2019-08-29 08:31:08,833 [pool-529-thread-1] INFO  server.RaftServerConfigKeys (ConfUtils.java:logGet(43)) - raft.server.leader.election.timeout = 120s (custom)
2019-08-29 08:31:08,833 [pool-529-thread-1] INFO  server.RaftServerConfigKeys (ConfUtils.java:logGet(43)) - raft.server.log.use.memory = false (default)
2019-08-29 08:31:08,833 [pool-529-thread-1] INFO  server.RaftServerConfigKeys (ConfUtils.java:logGet(43)) - raft.server.log.purge.gap = 1000000 (custom)
2019-08-29 08:31:08,833 [pool-529-thread-1] INFO  server.RaftServerConfigKeys (ConfUtils.java:logGet(43)) - raft.server.log.appender.buffer.byte-limit = 33554432 (custom)
2019-08-29 08:31:08,833 [pool-529-thread-1] INFO  server.RaftServerConfigKeys (ConfUtils.java:logGet(43)) - raft.server.log.segment.size.max = 1048576 (custom)
2019-08-29 08:31:08,833 [pool-529-thread-1] INFO  server.RaftServerConfigKeys (ConfUtils.java:logGet(43)) - raft.server.log.segment.cache.num.max = 2 (custom)
2019-08-29 08:31:08,833 [pool-529-thread-1] INFO  segmented.SegmentedRaftLogWorker (SegmentedRaftLogWorker.java:<init>(172)) - new 2cc9a7c5-5377-452e-b53b-b98038258734-SegmentedRaftLogWorker:Storage Directory /workdir/hadoop-ozone/integration-test/target/test-dir/MiniOzoneClusterImpl-8c07e826-c47b-4931-987d-73ac2cd5ddca/datanode-3/data/ratis/c06bc953-15dd-473f-9acb-a6b24757155e for RaftStorage:Storage Directory /workdir/hadoop-ozone/integration-test/target/test-dir/MiniOzoneClusterImpl-8c07e826-c47b-4931-987d-73ac2cd5ddca/datanode-3/data/ratis/c06bc953-15dd-473f-9acb-a6b24757155e
2019-08-29 08:31:08,833 [pool-529-thread-1] INFO  server.RaftServerConfigKeys (ConfUtils.java:logGet(43)) - raft.server.log.queue.byte-limit = 2147483647 (custom)
2019-08-29 08:31:08,834 [pool-529-thread-1] INFO  server.RaftServerConfigKeys (ConfUtils.java:logGet(43)) - raft.server.log.queue.element-limit = 1024 (custom)
2019-08-29 08:31:08,834 [pool-529-thread-1] INFO  server.RaftServerConfigKeys (ConfUtils.java:logGet(43)) - raft.server.log.segment.size.max = 1048576 (custom)
2019-08-29 08:31:08,834 [pool-529-thread-1] INFO  server.RaftServerConfigKeys (ConfUtils.java:logGet(43)) - raft.server.log.preallocated.size = 16384 (custom)
2019-08-29 08:31:08,834 [pool-529-thread-1] INFO  server.RaftServerConfigKeys (ConfUtils.java:logGet(43)) - raft.server.log.write.buffer.size = 33554432 (custom)
2019-08-29 08:31:08,834 [pool-529-thread-1] INFO  server.RaftServerConfigKeys (ConfUtils.java:logGet(43)) - raft.server.log.force.sync.num = 128 (default)
2019-08-29 08:31:08,834 [pool-529-thread-1] INFO  server.RaftServerConfigKeys (ConfUtils.java:logGet(43)) - raft.server.log.statemachine.data.sync = true (default)
2019-08-29 08:31:08,834 [pool-529-thread-1] INFO  server.RaftServerConfigKeys (ConfUtils.java:logGet(43)) - raft.server.log.statemachine.data.sync.timeout = 10s (default)
2019-08-29 08:31:08,834 [pool-529-thread-1] INFO  server.RaftServerConfigKeys (ConfUtils.java:logGet(43)) - raft.server.log.statemachine.data.sync.timeout.retry = -1 (default)
2019-08-29 08:31:08,835 [pool-529-thread-1] INFO  server.RaftServerConfigKeys (ConfUtils.java:logGet(43)) - raft.server.log.statemachine.data.caching.enabled = true (custom)
2019-08-29 08:31:08,835 [pool-529-thread-1] INFO  segmented.SegmentedRaftLogWorker (SegmentedRaftLogWorker.java:lambda$new$0(132)) - 2cc9a7c5-5377-452e-b53b-b98038258734-SegmentedRaftLogWorker:Storage Directory /workdir/hadoop-ozone/integration-test/target/test-dir/MiniOzoneClusterImpl-8c07e826-c47b-4931-987d-73ac2cd5ddca/datanode-3/data/ratis/c06bc953-15dd-473f-9acb-a6b24757155e: flushIndex: setUnconditionally 0 -> -1
2019-08-29 08:31:08,835 [pool-529-thread-1] INFO  server.RaftServerConfigKeys (ConfUtils.java:logGet(43)) - raft.server.snapshot.auto.trigger.enabled = true (custom)
2019-08-29 08:31:08,835 [pool-529-thread-1] INFO  server.RaftServerConfigKeys (ConfUtils.java:logGet(43)) - raft.server.snapshot.auto.trigger.threshold = 10000 (custom)
2019-08-29 08:31:08,836 [pool-529-thread-1] INFO  server.RaftServerConfigKeys (ConfUtils.java:logGet(43)) - raft.server.retrycache.expirytime = 600000ms (custom)
2019-08-29 08:31:08,836 [pool-529-thread-1] INFO  impl.RaftServerImpl (RaftServerImpl.java:start(180)) - 2cc9a7c5-5377-452e-b53b-b98038258734: start group-A6B24757155E
2019-08-29 08:31:08,836 [pool-529-thread-1] INFO  impl.RaftServerImpl (RaftServerImpl.java:setRole(171)) - 2cc9a7c5-5377-452e-b53b-b98038258734:group-A6B24757155E changes role from null to FOLLOWER at term 0 for startAsFollower
2019-08-29 08:31:08,836 [pool-529-thread-1] INFO  impl.RoleInfo (RoleInfo.java:updateAndGet(143)) - 2cc9a7c5-5377-452e-b53b-b98038258734: start FollowerState
2019-08-29 08:31:08,836 [pool-529-thread-1] INFO  util.JmxRegister (JmxRegister.java:tryRegister(44)) - Successfully registered JMX Bean with object name Ratis:service=RaftServer,group=group-A6B24757155E,id=2cc9a7c5-5377-452e-b53b-b98038258734
2019-08-29 08:31:08,838 [RatisPipelineUtilsThread] INFO  pipeline.PipelineStateManager (PipelineStateManager.java:addPipeline(56)) - Created pipeline Pipeline[ Id: c06bc953-15dd-473f-9acb-a6b24757155e, Nodes: 2cc9a7c5-5377-452e-b53b-b98038258734{ip: 192.168.5.176, host: pr-hdds-1909-44d2n-1519487446, networkLocation: /default-rack, certSerialId: null}, Type:RATIS, Factor:ONE, State:OPEN]
2019-08-29 08:31:08,857 [grpc-default-executor-5] INFO  impl.RaftServerProxy (RaftServerProxy.java:addNew(89)) - 9f8785e0-a018-4c06-b04f-e9b08840f25e: addNew group-BCC57303FEAF:[9f8785e0-a018-4c06-b04f-e9b08840f25e:192.168.5.176:35322] returns group-BCC57303FEAF:java.util.concurrent.CompletableFuture@591d67a6[Not completed]
2019-08-29 08:31:08,858 [pool-539-thread-1] INFO  impl.RaftServerImpl (RaftServerImpl.java:<init>(93)) - 9f8785e0-a018-4c06-b04f-e9b08840f25e: new RaftServerImpl for group-BCC57303FEAF:[9f8785e0-a018-4c06-b04f-e9b08840f25e:192.168.5.176:35322] with ContainerStateMachine:uninitialized
2019-08-29 08:31:08,858 [pool-539-thread-1] INFO  server.RaftServerConfigKeys (ConfUtils.java:logGet(43)) - raft.server.rpc.timeout.min = 5s (custom)
2019-08-29 08:31:08,858 [pool-539-thread-1] INFO  server.RaftServerConfigKeys (ConfUtils.java:logGet(43)) - raft.server.rpc.timeout.max = 5200ms (custom)
2019-08-29 08:31:08,858 [pool-539-thread-1] INFO  server.RaftServerConfigKeys (ConfUtils.java:logGet(43)) - raft.server.rpcslowness.timeout = 120s (custom)
2019-08-29 08:31:08,858 [pool-539-thread-1] INFO  server.RaftServerConfigKeys (ConfUtils.java:logGet(43)) - raft.server.sleep.deviation.threshold = 300 (default)
2019-08-29 08:31:08,859 [pool-539-thread-1] INFO  server.RaftServerConfigKeys (ConfUtils.java:logGet(43)) - raft.server.log.appender.install.snapshot.enabled = false (custom)
2019-08-29 08:31:08,859 [pool-539-thread-1] INFO  impl.RaftServerImpl (ServerState.java:<init>(105)) - 9f8785e0-a018-4c06-b04f-e9b08840f25e:group-BCC57303FEAF ConfigurationManager, init=-1: [9f8785e0-a018-4c06-b04f-e9b08840f25e:192.168.5.176:35322], old=null, confs=<EMPTY_MAP>
2019-08-29 08:31:08,859 [pool-539-thread-1] INFO  server.RaftServerConfigKeys (ConfUtils.java:logGet(43)) - raft.server.storage.dir = [/workdir/hadoop-ozone/integration-test/target/test-dir/MiniOzoneClusterImpl-8c07e826-c47b-4931-987d-73ac2cd5ddca/datanode-4/data/ratis] (custom)
2019-08-29 08:31:08,859 [pool-539-thread-1] INFO  storage.RaftStorageDirectory (RaftStorageDirectory.java:analyzeStorage(246)) - The storage directory /workdir/hadoop-ozone/integration-test/target/test-dir/MiniOzoneClusterImpl-8c07e826-c47b-4931-987d-73ac2cd5ddca/datanode-4/data/ratis/030c423d-1b05-4dd8-92fe-bcc57303feaf does not exist. Creating ...
2019-08-29 08:31:08,863 [pool-539-thread-1] INFO  storage.RaftStorageDirectory (RaftStorageDirectory.java:tryLock(328)) - Lock on /workdir/hadoop-ozone/integration-test/target/test-dir/MiniOzoneClusterImpl-8c07e826-c47b-4931-987d-73ac2cd5ddca/datanode-4/data/ratis/030c423d-1b05-4dd8-92fe-bcc57303feaf/in_use.lock acquired by nodename 29661@pr-hdds-1909-44d2n-1519487446
2019-08-29 08:31:08,868 [pool-539-thread-1] INFO  storage.RaftStorage (RaftStorage.java:format(72)) - Storage directory /workdir/hadoop-ozone/integration-test/target/test-dir/MiniOzoneClusterImpl-8c07e826-c47b-4931-987d-73ac2cd5ddca/datanode-4/data/ratis/030c423d-1b05-4dd8-92fe-bcc57303feaf has been successfully formatted.
2019-08-29 08:31:08,868 [pool-539-thread-1] INFO  ratis.ContainerStateMachine (ContainerStateMachine.java:loadSnapshot(227)) - group-BCC57303FEAF: The snapshot info is null. Setting the last applied indexto:(t:0, i:~)
2019-08-29 08:31:08,868 [pool-539-thread-1] INFO  server.RaftServerConfigKeys (ConfUtils.java:logGet(43)) - raft.server.leader.election.timeout = 120s (custom)
2019-08-29 08:31:08,868 [pool-539-thread-1] INFO  server.RaftServerConfigKeys (ConfUtils.java:logGet(43)) - raft.server.log.use.memory = false (default)
2019-08-29 08:31:08,868 [pool-539-thread-1] INFO  server.RaftServerConfigKeys (ConfUtils.java:logGet(43)) - raft.server.log.purge.gap = 1000000 (custom)
2019-08-29 08:31:08,868 [pool-539-thread-1] INFO  server.RaftServerConfigKeys (ConfUtils.java:logGet(43)) - raft.server.log.appender.buffer.byte-limit = 33554432 (custom)
2019-08-29 08:31:08,868 [pool-539-thread-1] INFO  server.RaftServerConfigKeys (ConfUtils.java:logGet(43)) - raft.server.log.segment.size.max = 1048576 (custom)
2019-08-29 08:31:08,869 [pool-539-thread-1] INFO  server.RaftServerConfigKeys (ConfUtils.java:logGet(43)) - raft.server.log.segment.cache.num.max = 2 (custom)
2019-08-29 08:31:08,869 [pool-539-thread-1] INFO  segmented.SegmentedRaftLogWorker (SegmentedRaftLogWorker.java:<init>(172)) - new 9f8785e0-a018-4c06-b04f-e9b08840f25e-SegmentedRaftLogWorker:Storage Directory /workdir/hadoop-ozone/integration-test/target/test-dir/MiniOzoneClusterImpl-8c07e826-c47b-4931-987d-73ac2cd5ddca/datanode-4/data/ratis/030c423d-1b05-4dd8-92fe-bcc57303feaf for RaftStorage:Storage Directory /workdir/hadoop-ozone/integration-test/target/test-dir/MiniOzoneClusterImpl-8c07e826-c47b-4931-987d-73ac2cd5ddca/datanode-4/data/ratis/030c423d-1b05-4dd8-92fe-bcc57303feaf
2019-08-29 08:31:08,869 [pool-539-thread-1] INFO  server.RaftServerConfigKeys (ConfUtils.java:logGet(43)) - raft.server.log.queue.byte-limit = 2147483647 (custom)
2019-08-29 08:31:08,869 [pool-539-thread-1] INFO  server.RaftServerConfigKeys (ConfUtils.java:logGet(43)) - raft.server.log.queue.element-limit = 1024 (custom)
2019-08-29 08:31:08,869 [pool-539-thread-1] INFO  server.RaftServerConfigKeys (ConfUtils.java:logGet(43)) - raft.server.log.segment.size.max = 1048576 (custom)
2019-08-29 08:31:08,869 [pool-539-thread-1] INFO  server.RaftServerConfigKeys (ConfUtils.java:logGet(43)) - raft.server.log.preallocated.size = 16384 (custom)
2019-08-29 08:31:08,869 [pool-539-thread-1] INFO  server.RaftServerConfigKeys (ConfUtils.java:logGet(43)) - raft.server.log.write.buffer.size = 33554432 (custom)
2019-08-29 08:31:08,869 [pool-539-thread-1] INFO  server.RaftServerConfigKeys (ConfUtils.java:logGet(43)) - raft.server.log.force.sync.num = 128 (default)
2019-08-29 08:31:08,869 [pool-539-thread-1] INFO  server.RaftServerConfigKeys (ConfUtils.java:logGet(43)) - raft.server.log.statemachine.data.sync = true (default)
2019-08-29 08:31:08,869 [pool-539-thread-1] INFO  server.RaftServerConfigKeys (ConfUtils.java:logGet(43)) - raft.server.log.statemachine.data.sync.timeout = 10s (default)
2019-08-29 08:31:08,869 [pool-539-thread-1] INFO  server.RaftServerConfigKeys (ConfUtils.java:logGet(43)) - raft.server.log.statemachine.data.sync.timeout.retry = -1 (default)
2019-08-29 08:31:08,870 [pool-539-thread-1] INFO  server.RaftServerConfigKeys (ConfUtils.java:logGet(43)) - raft.server.log.statemachine.data.caching.enabled = true (custom)
2019-08-29 08:31:08,870 [pool-539-thread-1] INFO  segmented.SegmentedRaftLogWorker (SegmentedRaftLogWorker.java:lambda$new$0(132)) - 9f8785e0-a018-4c06-b04f-e9b08840f25e-SegmentedRaftLogWorker:Storage Directory /workdir/hadoop-ozone/integration-test/target/test-dir/MiniOzoneClusterImpl-8c07e826-c47b-4931-987d-73ac2cd5ddca/datanode-4/data/ratis/030c423d-1b05-4dd8-92fe-bcc57303feaf: flushIndex: setUnconditionally 0 -> -1
2019-08-29 08:31:08,870 [pool-539-thread-1] INFO  server.RaftServerConfigKeys (ConfUtils.java:logGet(43)) - raft.server.snapshot.auto.trigger.enabled = true (custom)
2019-08-29 08:31:08,870 [pool-539-thread-1] INFO  server.RaftServerConfigKeys (ConfUtils.java:logGet(43)) - raft.server.snapshot.auto.trigger.threshold = 10000 (custom)
2019-08-29 08:31:08,870 [pool-539-thread-1] INFO  server.RaftServerConfigKeys (ConfUtils.java:logGet(43)) - raft.server.retrycache.expirytime = 600000ms (custom)
2019-08-29 08:31:08,870 [pool-539-thread-1] INFO  impl.RaftServerImpl (RaftServerImpl.java:start(180)) - 9f8785e0-a018-4c06-b04f-e9b08840f25e: start group-BCC57303FEAF
2019-08-29 08:31:08,870 [pool-539-thread-1] INFO  impl.RaftServerImpl (RaftServerImpl.java:setRole(171)) - 9f8785e0-a018-4c06-b04f-e9b08840f25e:group-BCC57303FEAF changes role from null to FOLLOWER at term 0 for startAsFollower
2019-08-29 08:31:08,870 [pool-539-thread-1] INFO  impl.RoleInfo (RoleInfo.java:updateAndGet(143)) - 9f8785e0-a018-4c06-b04f-e9b08840f25e: start FollowerState
2019-08-29 08:31:08,871 [pool-539-thread-1] INFO  util.JmxRegister (JmxRegister.java:tryRegister(44)) - Successfully registered JMX Bean with object name Ratis:service=RaftServer,group=group-BCC57303FEAF,id=9f8785e0-a018-4c06-b04f-e9b08840f25e
2019-08-29 08:31:08,873 [RatisPipelineUtilsThread] INFO  pipeline.PipelineStateManager (PipelineStateManager.java:addPipeline(56)) - Created pipeline Pipeline[ Id: 030c423d-1b05-4dd8-92fe-bcc57303feaf, Nodes: 9f8785e0-a018-4c06-b04f-e9b08840f25e{ip: 192.168.5.176, host: pr-hdds-1909-44d2n-1519487446, networkLocation: /default-rack, certSerialId: null}, Type:RATIS, Factor:ONE, State:OPEN]
2019-08-29 08:31:08,906 [IPC Server handler 2 on 35577] INFO  net.NetworkTopology (NetworkTopologyImpl.java:add(110)) - Added a new node: /default-rack/b7500143-f2c4-48ed-bac6-0cd36d85de29
2019-08-29 08:31:08,906 [IPC Server handler 2 on 35577] INFO  node.SCMNodeManager (SCMNodeManager.java:register(273)) - Registered Data node : b7500143-f2c4-48ed-bac6-0cd36d85de29{ip: 192.168.5.176, host: pr-hdds-1909-44d2n-1519487446, networkLocation: /default-rack, certSerialId: null}
2019-08-29 08:31:08,910 | INFO  | SCMAudit | user=jenkins1000 | ip=192.168.5.176 | op=REGISTER {datanodeDetails=b7500143-f2c4-48ed-bac6-0cd36d85de29{ip: 192.168.5.176, host: pr-hdds-1909-44d2n-1519487446, networkLocation: /default-rack, certSerialId: null}} | ret=SUCCESS |  
2019-08-29 08:31:08,917 [grpc-default-executor-5] INFO  impl.RaftServerProxy (RaftServerProxy.java:addNew(89)) - b7500143-f2c4-48ed-bac6-0cd36d85de29: addNew group-55B46E5E220B:[b7500143-f2c4-48ed-bac6-0cd36d85de29:192.168.5.176:33184] returns group-55B46E5E220B:java.util.concurrent.CompletableFuture@383c9aff[Not completed]
2019-08-29 08:31:08,917 [pool-549-thread-1] INFO  impl.RaftServerImpl (RaftServerImpl.java:<init>(93)) - b7500143-f2c4-48ed-bac6-0cd36d85de29: new RaftServerImpl for group-55B46E5E220B:[b7500143-f2c4-48ed-bac6-0cd36d85de29:192.168.5.176:33184] with ContainerStateMachine:uninitialized
2019-08-29 08:31:08,918 [pool-549-thread-1] INFO  server.RaftServerConfigKeys (ConfUtils.java:logGet(43)) - raft.server.rpc.timeout.min = 5s (custom)
2019-08-29 08:31:08,918 [pool-549-thread-1] INFO  server.RaftServerConfigKeys (ConfUtils.java:logGet(43)) - raft.server.rpc.timeout.max = 5200ms (custom)
2019-08-29 08:31:08,918 [pool-549-thread-1] INFO  server.RaftServerConfigKeys (ConfUtils.java:logGet(43)) - raft.server.rpcslowness.timeout = 120s (custom)
2019-08-29 08:31:08,918 [pool-549-thread-1] INFO  server.RaftServerConfigKeys (ConfUtils.java:logGet(43)) - raft.server.sleep.deviation.threshold = 300 (default)
2019-08-29 08:31:08,918 [pool-549-thread-1] INFO  server.RaftServerConfigKeys (ConfUtils.java:logGet(43)) - raft.server.log.appender.install.snapshot.enabled = false (custom)
2019-08-29 08:31:08,918 [pool-549-thread-1] INFO  impl.RaftServerImpl (ServerState.java:<init>(105)) - b7500143-f2c4-48ed-bac6-0cd36d85de29:group-55B46E5E220B ConfigurationManager, init=-1: [b7500143-f2c4-48ed-bac6-0cd36d85de29:192.168.5.176:33184], old=null, confs=<EMPTY_MAP>
2019-08-29 08:31:08,918 [pool-549-thread-1] INFO  server.RaftServerConfigKeys (ConfUtils.java:logGet(43)) - raft.server.storage.dir = [/workdir/hadoop-ozone/integration-test/target/test-dir/MiniOzoneClusterImpl-8c07e826-c47b-4931-987d-73ac2cd5ddca/datanode-5/data/ratis] (custom)
2019-08-29 08:31:08,918 [pool-549-thread-1] INFO  storage.RaftStorageDirectory (RaftStorageDirectory.java:analyzeStorage(246)) - The storage directory /workdir/hadoop-ozone/integration-test/target/test-dir/MiniOzoneClusterImpl-8c07e826-c47b-4931-987d-73ac2cd5ddca/datanode-5/data/ratis/aa244804-9aca-43a5-a215-55b46e5e220b does not exist. Creating ...
2019-08-29 08:31:08,931 [pool-549-thread-1] INFO  storage.RaftStorageDirectory (RaftStorageDirectory.java:tryLock(328)) - Lock on /workdir/hadoop-ozone/integration-test/target/test-dir/MiniOzoneClusterImpl-8c07e826-c47b-4931-987d-73ac2cd5ddca/datanode-5/data/ratis/aa244804-9aca-43a5-a215-55b46e5e220b/in_use.lock acquired by nodename 29661@pr-hdds-1909-44d2n-1519487446
2019-08-29 08:31:08,945 [pool-549-thread-1] INFO  storage.RaftStorage (RaftStorage.java:format(72)) - Storage directory /workdir/hadoop-ozone/integration-test/target/test-dir/MiniOzoneClusterImpl-8c07e826-c47b-4931-987d-73ac2cd5ddca/datanode-5/data/ratis/aa244804-9aca-43a5-a215-55b46e5e220b has been successfully formatted.
2019-08-29 08:31:08,945 [pool-549-thread-1] INFO  ratis.ContainerStateMachine (ContainerStateMachine.java:loadSnapshot(227)) - group-55B46E5E220B: The snapshot info is null. Setting the last applied indexto:(t:0, i:~)
2019-08-29 08:31:08,945 [pool-549-thread-1] INFO  server.RaftServerConfigKeys (ConfUtils.java:logGet(43)) - raft.server.leader.election.timeout = 120s (custom)
2019-08-29 08:31:08,945 [pool-549-thread-1] INFO  server.RaftServerConfigKeys (ConfUtils.java:logGet(43)) - raft.server.log.use.memory = false (default)
2019-08-29 08:31:08,945 [pool-549-thread-1] INFO  server.RaftServerConfigKeys (ConfUtils.java:logGet(43)) - raft.server.log.purge.gap = 1000000 (custom)
2019-08-29 08:31:08,945 [pool-549-thread-1] INFO  server.RaftServerConfigKeys (ConfUtils.java:logGet(43)) - raft.server.log.appender.buffer.byte-limit = 33554432 (custom)
2019-08-29 08:31:08,945 [pool-549-thread-1] INFO  server.RaftServerConfigKeys (ConfUtils.java:logGet(43)) - raft.server.log.segment.size.max = 1048576 (custom)
2019-08-29 08:31:08,945 [pool-549-thread-1] INFO  server.RaftServerConfigKeys (ConfUtils.java:logGet(43)) - raft.server.log.segment.cache.num.max = 2 (custom)
2019-08-29 08:31:08,946 [pool-549-thread-1] INFO  segmented.SegmentedRaftLogWorker (SegmentedRaftLogWorker.java:<init>(172)) - new b7500143-f2c4-48ed-bac6-0cd36d85de29-SegmentedRaftLogWorker:Storage Directory /workdir/hadoop-ozone/integration-test/target/test-dir/MiniOzoneClusterImpl-8c07e826-c47b-4931-987d-73ac2cd5ddca/datanode-5/data/ratis/aa244804-9aca-43a5-a215-55b46e5e220b for RaftStorage:Storage Directory /workdir/hadoop-ozone/integration-test/target/test-dir/MiniOzoneClusterImpl-8c07e826-c47b-4931-987d-73ac2cd5ddca/datanode-5/data/ratis/aa244804-9aca-43a5-a215-55b46e5e220b
2019-08-29 08:31:08,946 [pool-549-thread-1] INFO  server.RaftServerConfigKeys (ConfUtils.java:logGet(43)) - raft.server.log.queue.byte-limit = 2147483647 (custom)
2019-08-29 08:31:08,946 [pool-549-thread-1] INFO  server.RaftServerConfigKeys (ConfUtils.java:logGet(43)) - raft.server.log.queue.element-limit = 1024 (custom)
2019-08-29 08:31:08,946 [pool-549-thread-1] INFO  server.RaftServerConfigKeys (ConfUtils.java:logGet(43)) - raft.server.log.segment.size.max = 1048576 (custom)
2019-08-29 08:31:08,946 [pool-549-thread-1] INFO  server.RaftServerConfigKeys (ConfUtils.java:logGet(43)) - raft.server.log.preallocated.size = 16384 (custom)
2019-08-29 08:31:08,946 [pool-549-thread-1] INFO  server.RaftServerConfigKeys (ConfUtils.java:logGet(43)) - raft.server.log.write.buffer.size = 33554432 (custom)
2019-08-29 08:31:08,946 [pool-549-thread-1] INFO  server.RaftServerConfigKeys (ConfUtils.java:logGet(43)) - raft.server.log.force.sync.num = 128 (default)
2019-08-29 08:31:08,946 [pool-549-thread-1] INFO  server.RaftServerConfigKeys (ConfUtils.java:logGet(43)) - raft.server.log.statemachine.data.sync = true (default)
2019-08-29 08:31:08,946 [pool-549-thread-1] INFO  server.RaftServerConfigKeys (ConfUtils.java:logGet(43)) - raft.server.log.statemachine.data.sync.timeout = 10s (default)
2019-08-29 08:31:08,947 [pool-549-thread-1] INFO  server.RaftServerConfigKeys (ConfUtils.java:logGet(43)) - raft.server.log.statemachine.data.sync.timeout.retry = -1 (default)
2019-08-29 08:31:08,947 [pool-549-thread-1] INFO  server.RaftServerConfigKeys (ConfUtils.java:logGet(43)) - raft.server.log.statemachine.data.caching.enabled = true (custom)
2019-08-29 08:31:08,947 [pool-549-thread-1] INFO  segmented.SegmentedRaftLogWorker (SegmentedRaftLogWorker.java:lambda$new$0(132)) - b7500143-f2c4-48ed-bac6-0cd36d85de29-SegmentedRaftLogWorker:Storage Directory /workdir/hadoop-ozone/integration-test/target/test-dir/MiniOzoneClusterImpl-8c07e826-c47b-4931-987d-73ac2cd5ddca/datanode-5/data/ratis/aa244804-9aca-43a5-a215-55b46e5e220b: flushIndex: setUnconditionally 0 -> -1
2019-08-29 08:31:08,947 [pool-549-thread-1] INFO  server.RaftServerConfigKeys (ConfUtils.java:logGet(43)) - raft.server.snapshot.auto.trigger.enabled = true (custom)
2019-08-29 08:31:08,947 [pool-549-thread-1] INFO  server.RaftServerConfigKeys (ConfUtils.java:logGet(43)) - raft.server.snapshot.auto.trigger.threshold = 10000 (custom)
2019-08-29 08:31:08,948 [pool-549-thread-1] INFO  server.RaftServerConfigKeys (ConfUtils.java:logGet(43)) - raft.server.retrycache.expirytime = 600000ms (custom)
2019-08-29 08:31:08,948 [pool-549-thread-1] INFO  impl.RaftServerImpl (RaftServerImpl.java:start(180)) - b7500143-f2c4-48ed-bac6-0cd36d85de29: start group-55B46E5E220B
2019-08-29 08:31:08,948 [pool-549-thread-1] INFO  impl.RaftServerImpl (RaftServerImpl.java:setRole(171)) - b7500143-f2c4-48ed-bac6-0cd36d85de29:group-55B46E5E220B changes role from null to FOLLOWER at term 0 for startAsFollower
2019-08-29 08:31:08,948 [pool-549-thread-1] INFO  impl.RoleInfo (RoleInfo.java:updateAndGet(143)) - b7500143-f2c4-48ed-bac6-0cd36d85de29: start FollowerState
2019-08-29 08:31:08,948 [pool-549-thread-1] INFO  util.JmxRegister (JmxRegister.java:tryRegister(44)) - Successfully registered JMX Bean with object name Ratis:service=RaftServer,group=group-55B46E5E220B,id=b7500143-f2c4-48ed-bac6-0cd36d85de29
2019-08-29 08:31:08,950 [RatisPipelineUtilsThread] INFO  pipeline.PipelineStateManager (PipelineStateManager.java:addPipeline(56)) - Created pipeline Pipeline[ Id: aa244804-9aca-43a5-a215-55b46e5e220b, Nodes: b7500143-f2c4-48ed-bac6-0cd36d85de29{ip: 192.168.5.176, host: pr-hdds-1909-44d2n-1519487446, networkLocation: /default-rack, certSerialId: null}, Type:RATIS, Factor:ONE, State:OPEN]
2019-08-29 08:31:08,961 [main] INFO  ozone.MiniOzoneClusterImpl (MiniOzoneClusterImpl.java:lambda$waitForClusterToBeReady$0(140)) - Waiting for cluster to be ready. Got 6 of 7 DN Heartbeats.
2019-08-29 08:31:08,965 [grpc-default-executor-10] INFO  impl.RaftServerProxy (RaftServerProxy.java:addNew(89)) - b7500143-f2c4-48ed-bac6-0cd36d85de29: addNew group-BA22A22325CE:[2cc9a7c5-5377-452e-b53b-b98038258734:192.168.5.176:36455, b7500143-f2c4-48ed-bac6-0cd36d85de29:192.168.5.176:33184, 9f8785e0-a018-4c06-b04f-e9b08840f25e:192.168.5.176:35322] returns group-BA22A22325CE:java.util.concurrent.CompletableFuture@33c4c7a4[Not completed]
2019-08-29 08:31:08,965 [IPC Server handler 5 on 35577] INFO  net.NetworkTopology (NetworkTopologyImpl.java:add(110)) - Added a new node: /default-rack/bc6b7a81-d649-4b98-a2dd-a143f3cec515
2019-08-29 08:31:08,965 [grpc-default-executor-5] INFO  impl.RaftServerProxy (RaftServerProxy.java:addNew(89)) - 9f8785e0-a018-4c06-b04f-e9b08840f25e: addNew group-BA22A22325CE:[2cc9a7c5-5377-452e-b53b-b98038258734:192.168.5.176:36455, b7500143-f2c4-48ed-bac6-0cd36d85de29:192.168.5.176:33184, 9f8785e0-a018-4c06-b04f-e9b08840f25e:192.168.5.176:35322] returns group-BA22A22325CE:java.util.concurrent.CompletableFuture@7a815378[Not completed]
2019-08-29 08:31:08,965 [IPC Server handler 5 on 35577] INFO  node.SCMNodeManager (SCMNodeManager.java:register(273)) - Registered Data node : bc6b7a81-d649-4b98-a2dd-a143f3cec515{ip: 192.168.5.176, host: pr-hdds-1909-44d2n-1519487446, networkLocation: /default-rack, certSerialId: null}
2019-08-29 08:31:08,965 | INFO  | SCMAudit | user=jenkins1000 | ip=192.168.5.176 | op=REGISTER {datanodeDetails=bc6b7a81-d649-4b98-a2dd-a143f3cec515{ip: 192.168.5.176, host: pr-hdds-1909-44d2n-1519487446, networkLocation: /default-rack, certSerialId: null}} | ret=SUCCESS |  
2019-08-29 08:31:08,967 [grpc-default-executor-10] INFO  impl.RaftServerProxy (RaftServerProxy.java:addNew(89)) - 2cc9a7c5-5377-452e-b53b-b98038258734: addNew group-BA22A22325CE:[2cc9a7c5-5377-452e-b53b-b98038258734:192.168.5.176:36455, b7500143-f2c4-48ed-bac6-0cd36d85de29:192.168.5.176:33184, 9f8785e0-a018-4c06-b04f-e9b08840f25e:192.168.5.176:35322] returns group-BA22A22325CE:java.util.concurrent.CompletableFuture@6242d8c[Not completed]
2019-08-29 08:31:08,968 [pool-549-thread-1] INFO  impl.RaftServerImpl (RaftServerImpl.java:<init>(93)) - b7500143-f2c4-48ed-bac6-0cd36d85de29: new RaftServerImpl for group-BA22A22325CE:[2cc9a7c5-5377-452e-b53b-b98038258734:192.168.5.176:36455, b7500143-f2c4-48ed-bac6-0cd36d85de29:192.168.5.176:33184, 9f8785e0-a018-4c06-b04f-e9b08840f25e:192.168.5.176:35322] with ContainerStateMachine:uninitialized
2019-08-29 08:31:08,968 [pool-549-thread-1] INFO  server.RaftServerConfigKeys (ConfUtils.java:logGet(43)) - raft.server.rpc.timeout.min = 5s (custom)
2019-08-29 08:31:08,968 [pool-549-thread-1] INFO  server.RaftServerConfigKeys (ConfUtils.java:logGet(43)) - raft.server.rpc.timeout.max = 5200ms (custom)
2019-08-29 08:31:08,968 [pool-549-thread-1] INFO  server.RaftServerConfigKeys (ConfUtils.java:logGet(43)) - raft.server.rpcslowness.timeout = 120s (custom)
2019-08-29 08:31:08,968 [pool-549-thread-1] INFO  server.RaftServerConfigKeys (ConfUtils.java:logGet(43)) - raft.server.sleep.deviation.threshold = 300 (default)
2019-08-29 08:31:08,968 [pool-539-thread-1] INFO  impl.RaftServerImpl (RaftServerImpl.java:<init>(93)) - 9f8785e0-a018-4c06-b04f-e9b08840f25e: new RaftServerImpl for group-BA22A22325CE:[2cc9a7c5-5377-452e-b53b-b98038258734:192.168.5.176:36455, b7500143-f2c4-48ed-bac6-0cd36d85de29:192.168.5.176:33184, 9f8785e0-a018-4c06-b04f-e9b08840f25e:192.168.5.176:35322] with ContainerStateMachine:uninitialized
2019-08-29 08:31:08,968 [pool-549-thread-1] INFO  server.RaftServerConfigKeys (ConfUtils.java:logGet(43)) - raft.server.log.appender.install.snapshot.enabled = false (custom)
2019-08-29 08:31:08,968 [pool-539-thread-1] INFO  server.RaftServerConfigKeys (ConfUtils.java:logGet(43)) - raft.server.rpc.timeout.min = 5s (custom)
2019-08-29 08:31:08,968 [pool-549-thread-1] INFO  impl.RaftServerImpl (ServerState.java:<init>(105)) - b7500143-f2c4-48ed-bac6-0cd36d85de29:group-BA22A22325CE ConfigurationManager, init=-1: [2cc9a7c5-5377-452e-b53b-b98038258734:192.168.5.176:36455, b7500143-f2c4-48ed-bac6-0cd36d85de29:192.168.5.176:33184, 9f8785e0-a018-4c06-b04f-e9b08840f25e:192.168.5.176:35322], old=null, confs=<EMPTY_MAP>
2019-08-29 08:31:08,968 [pool-539-thread-1] INFO  server.RaftServerConfigKeys (ConfUtils.java:logGet(43)) - raft.server.rpc.timeout.max = 5200ms (custom)
2019-08-29 08:31:08,969 [pool-529-thread-1] INFO  impl.RaftServerImpl (RaftServerImpl.java:<init>(93)) - 2cc9a7c5-5377-452e-b53b-b98038258734: new RaftServerImpl for group-BA22A22325CE:[2cc9a7c5-5377-452e-b53b-b98038258734:192.168.5.176:36455, b7500143-f2c4-48ed-bac6-0cd36d85de29:192.168.5.176:33184, 9f8785e0-a018-4c06-b04f-e9b08840f25e:192.168.5.176:35322] with ContainerStateMachine:uninitialized
2019-08-29 08:31:08,969 [pool-539-thread-1] INFO  server.RaftServerConfigKeys (ConfUtils.java:logGet(43)) - raft.server.rpcslowness.timeout = 120s (custom)
2019-08-29 08:31:08,969 [pool-549-thread-1] INFO  server.RaftServerConfigKeys (ConfUtils.java:logGet(43)) - raft.server.storage.dir = [/workdir/hadoop-ozone/integration-test/target/test-dir/MiniOzoneClusterImpl-8c07e826-c47b-4931-987d-73ac2cd5ddca/datanode-5/data/ratis] (custom)
2019-08-29 08:31:08,969 [pool-539-thread-1] INFO  server.RaftServerConfigKeys (ConfUtils.java:logGet(43)) - raft.server.sleep.deviation.threshold = 300 (default)
2019-08-29 08:31:08,969 [pool-529-thread-1] INFO  server.RaftServerConfigKeys (ConfUtils.java:logGet(43)) - raft.server.rpc.timeout.min = 5s (custom)
2019-08-29 08:31:08,969 [pool-549-thread-1] INFO  storage.RaftStorageDirectory (RaftStorageDirectory.java:analyzeStorage(246)) - The storage directory /workdir/hadoop-ozone/integration-test/target/test-dir/MiniOzoneClusterImpl-8c07e826-c47b-4931-987d-73ac2cd5ddca/datanode-5/data/ratis/3a3886c3-8a5a-49d5-90a7-ba22a22325ce does not exist. Creating ...
2019-08-29 08:31:08,969 [pool-539-thread-1] INFO  server.RaftServerConfigKeys (ConfUtils.java:logGet(43)) - raft.server.log.appender.install.snapshot.enabled = false (custom)
2019-08-29 08:31:08,969 [pool-529-thread-1] INFO  server.RaftServerConfigKeys (ConfUtils.java:logGet(43)) - raft.server.rpc.timeout.max = 5200ms (custom)
2019-08-29 08:31:08,969 [pool-539-thread-1] INFO  impl.RaftServerImpl (ServerState.java:<init>(105)) - 9f8785e0-a018-4c06-b04f-e9b08840f25e:group-BA22A22325CE ConfigurationManager, init=-1: [2cc9a7c5-5377-452e-b53b-b98038258734:192.168.5.176:36455, b7500143-f2c4-48ed-bac6-0cd36d85de29:192.168.5.176:33184, 9f8785e0-a018-4c06-b04f-e9b08840f25e:192.168.5.176:35322], old=null, confs=<EMPTY_MAP>
2019-08-29 08:31:08,969 [pool-529-thread-1] INFO  server.RaftServerConfigKeys (ConfUtils.java:logGet(43)) - raft.server.rpcslowness.timeout = 120s (custom)
2019-08-29 08:31:08,970 [pool-539-thread-1] INFO  server.RaftServerConfigKeys (ConfUtils.java:logGet(43)) - raft.server.storage.dir = [/workdir/hadoop-ozone/integration-test/target/test-dir/MiniOzoneClusterImpl-8c07e826-c47b-4931-987d-73ac2cd5ddca/datanode-4/data/ratis] (custom)
2019-08-29 08:31:08,970 [pool-529-thread-1] INFO  server.RaftServerConfigKeys (ConfUtils.java:logGet(43)) - raft.server.sleep.deviation.threshold = 300 (default)
2019-08-29 08:31:08,970 [pool-529-thread-1] INFO  server.RaftServerConfigKeys (ConfUtils.java:logGet(43)) - raft.server.log.appender.install.snapshot.enabled = false (custom)
2019-08-29 08:31:08,970 [pool-539-thread-1] INFO  storage.RaftStorageDirectory (RaftStorageDirectory.java:analyzeStorage(246)) - The storage directory /workdir/hadoop-ozone/integration-test/target/test-dir/MiniOzoneClusterImpl-8c07e826-c47b-4931-987d-73ac2cd5ddca/datanode-4/data/ratis/3a3886c3-8a5a-49d5-90a7-ba22a22325ce does not exist. Creating ...
2019-08-29 08:31:08,970 [pool-529-thread-1] INFO  impl.RaftServerImpl (ServerState.java:<init>(105)) - 2cc9a7c5-5377-452e-b53b-b98038258734:group-BA22A22325CE ConfigurationManager, init=-1: [2cc9a7c5-5377-452e-b53b-b98038258734:192.168.5.176:36455, b7500143-f2c4-48ed-bac6-0cd36d85de29:192.168.5.176:33184, 9f8785e0-a018-4c06-b04f-e9b08840f25e:192.168.5.176:35322], old=null, confs=<EMPTY_MAP>
2019-08-29 08:31:08,970 [pool-529-thread-1] INFO  server.RaftServerConfigKeys (ConfUtils.java:logGet(43)) - raft.server.storage.dir = [/workdir/hadoop-ozone/integration-test/target/test-dir/MiniOzoneClusterImpl-8c07e826-c47b-4931-987d-73ac2cd5ddca/datanode-3/data/ratis] (custom)
2019-08-29 08:31:08,970 [pool-529-thread-1] INFO  storage.RaftStorageDirectory (RaftStorageDirectory.java:analyzeStorage(246)) - The storage directory /workdir/hadoop-ozone/integration-test/target/test-dir/MiniOzoneClusterImpl-8c07e826-c47b-4931-987d-73ac2cd5ddca/datanode-3/data/ratis/3a3886c3-8a5a-49d5-90a7-ba22a22325ce does not exist. Creating ...
2019-08-29 08:31:08,982 [pool-549-thread-1] INFO  storage.RaftStorageDirectory (RaftStorageDirectory.java:tryLock(328)) - Lock on /workdir/hadoop-ozone/integration-test/target/test-dir/MiniOzoneClusterImpl-8c07e826-c47b-4931-987d-73ac2cd5ddca/datanode-5/data/ratis/3a3886c3-8a5a-49d5-90a7-ba22a22325ce/in_use.lock acquired by nodename 29661@pr-hdds-1909-44d2n-1519487446
2019-08-29 08:31:08,982 [pool-539-thread-1] INFO  storage.RaftStorageDirectory (RaftStorageDirectory.java:tryLock(328)) - Lock on /workdir/hadoop-ozone/integration-test/target/test-dir/MiniOzoneClusterImpl-8c07e826-c47b-4931-987d-73ac2cd5ddca/datanode-4/data/ratis/3a3886c3-8a5a-49d5-90a7-ba22a22325ce/in_use.lock acquired by nodename 29661@pr-hdds-1909-44d2n-1519487446
2019-08-29 08:31:08,982 [pool-529-thread-1] INFO  storage.RaftStorageDirectory (RaftStorageDirectory.java:tryLock(328)) - Lock on /workdir/hadoop-ozone/integration-test/target/test-dir/MiniOzoneClusterImpl-8c07e826-c47b-4931-987d-73ac2cd5ddca/datanode-3/data/ratis/3a3886c3-8a5a-49d5-90a7-ba22a22325ce/in_use.lock acquired by nodename 29661@pr-hdds-1909-44d2n-1519487446
2019-08-29 08:31:08,995 [pool-549-thread-1] INFO  storage.RaftStorage (RaftStorage.java:format(72)) - Storage directory /workdir/hadoop-ozone/integration-test/target/test-dir/MiniOzoneClusterImpl-8c07e826-c47b-4931-987d-73ac2cd5ddca/datanode-5/data/ratis/3a3886c3-8a5a-49d5-90a7-ba22a22325ce has been successfully formatted.
2019-08-29 08:31:08,995 [pool-529-thread-1] INFO  storage.RaftStorage (RaftStorage.java:format(72)) - Storage directory /workdir/hadoop-ozone/integration-test/target/test-dir/MiniOzoneClusterImpl-8c07e826-c47b-4931-987d-73ac2cd5ddca/datanode-3/data/ratis/3a3886c3-8a5a-49d5-90a7-ba22a22325ce has been successfully formatted.
2019-08-29 08:31:08,995 [pool-539-thread-1] INFO  storage.RaftStorage (RaftStorage.java:format(72)) - Storage directory /workdir/hadoop-ozone/integration-test/target/test-dir/MiniOzoneClusterImpl-8c07e826-c47b-4931-987d-73ac2cd5ddca/datanode-4/data/ratis/3a3886c3-8a5a-49d5-90a7-ba22a22325ce has been successfully formatted.
2019-08-29 08:31:08,995 [pool-529-thread-1] INFO  ratis.ContainerStateMachine (ContainerStateMachine.java:loadSnapshot(227)) - group-BA22A22325CE: The snapshot info is null. Setting the last applied indexto:(t:0, i:~)
2019-08-29 08:31:08,995 [pool-549-thread-1] INFO  ratis.ContainerStateMachine (ContainerStateMachine.java:loadSnapshot(227)) - group-BA22A22325CE: The snapshot info is null. Setting the last applied indexto:(t:0, i:~)
2019-08-29 08:31:08,995 [pool-529-thread-1] INFO  server.RaftServerConfigKeys (ConfUtils.java:logGet(43)) - raft.server.leader.election.timeout = 120s (custom)
2019-08-29 08:31:08,995 [pool-539-thread-1] INFO  ratis.ContainerStateMachine (ContainerStateMachine.java:loadSnapshot(227)) - group-BA22A22325CE: The snapshot info is null. Setting the last applied indexto:(t:0, i:~)
2019-08-29 08:31:08,995 [pool-529-thread-1] INFO  server.RaftServerConfigKeys (ConfUtils.java:logGet(43)) - raft.server.log.use.memory = false (default)
2019-08-29 08:31:08,995 [pool-549-thread-1] INFO  server.RaftServerConfigKeys (ConfUtils.java:logGet(43)) - raft.server.leader.election.timeout = 120s (custom)
2019-08-29 08:31:08,996 [pool-529-thread-1] INFO  server.RaftServerConfigKeys (ConfUtils.java:logGet(43)) - raft.server.log.purge.gap = 1000000 (custom)
2019-08-29 08:31:08,996 [pool-539-thread-1] INFO  server.RaftServerConfigKeys (ConfUtils.java:logGet(43)) - raft.server.leader.election.timeout = 120s (custom)
2019-08-29 08:31:08,996 [pool-529-thread-1] INFO  server.RaftServerConfigKeys (ConfUtils.java:logGet(43)) - raft.server.log.appender.buffer.byte-limit = 33554432 (custom)
2019-08-29 08:31:08,996 [pool-549-thread-1] INFO  server.RaftServerConfigKeys (ConfUtils.java:logGet(43)) - raft.server.log.use.memory = false (default)
2019-08-29 08:31:08,996 [pool-529-thread-1] INFO  server.RaftServerConfigKeys (ConfUtils.java:logGet(43)) - raft.server.log.segment.size.max = 1048576 (custom)
2019-08-29 08:31:08,996 [pool-539-thread-1] INFO  server.RaftServerConfigKeys (ConfUtils.java:logGet(43)) - raft.server.log.use.memory = false (default)
2019-08-29 08:31:08,996 [pool-529-thread-1] INFO  server.RaftServerConfigKeys (ConfUtils.java:logGet(43)) - raft.server.log.segment.cache.num.max = 2 (custom)
2019-08-29 08:31:08,996 [pool-549-thread-1] INFO  server.RaftServerConfigKeys (ConfUtils.java:logGet(43)) - raft.server.log.purge.gap = 1000000 (custom)
2019-08-29 08:31:08,997 [pool-529-thread-1] INFO  segmented.SegmentedRaftLogWorker (SegmentedRaftLogWorker.java:<init>(172)) - new 2cc9a7c5-5377-452e-b53b-b98038258734-SegmentedRaftLogWorker:Storage Directory /workdir/hadoop-ozone/integration-test/target/test-dir/MiniOzoneClusterImpl-8c07e826-c47b-4931-987d-73ac2cd5ddca/datanode-3/data/ratis/3a3886c3-8a5a-49d5-90a7-ba22a22325ce for RaftStorage:Storage Directory /workdir/hadoop-ozone/integration-test/target/test-dir/MiniOzoneClusterImpl-8c07e826-c47b-4931-987d-73ac2cd5ddca/datanode-3/data/ratis/3a3886c3-8a5a-49d5-90a7-ba22a22325ce
2019-08-29 08:31:08,996 [pool-539-thread-1] INFO  server.RaftServerConfigKeys (ConfUtils.java:logGet(43)) - raft.server.log.purge.gap = 1000000 (custom)
2019-08-29 08:31:08,997 [pool-529-thread-1] INFO  server.RaftServerConfigKeys (ConfUtils.java:logGet(43)) - raft.server.log.queue.byte-limit = 2147483647 (custom)
2019-08-29 08:31:08,997 [pool-549-thread-1] INFO  server.RaftServerConfigKeys (ConfUtils.java:logGet(43)) - raft.server.log.appender.buffer.byte-limit = 33554432 (custom)
2019-08-29 08:31:08,997 [pool-529-thread-1] INFO  server.RaftServerConfigKeys (ConfUtils.java:logGet(43)) - raft.server.log.queue.element-limit = 1024 (custom)
2019-08-29 08:31:08,997 [pool-539-thread-1] INFO  server.RaftServerConfigKeys (ConfUtils.java:logGet(43)) - raft.server.log.appender.buffer.byte-limit = 33554432 (custom)
2019-08-29 08:31:08,997 [pool-529-thread-1] INFO  server.RaftServerConfigKeys (ConfUtils.java:logGet(43)) - raft.server.log.segment.size.max = 1048576 (custom)
2019-08-29 08:31:08,997 [pool-549-thread-1] INFO  server.RaftServerConfigKeys (ConfUtils.java:logGet(43)) - raft.server.log.segment.size.max = 1048576 (custom)
2019-08-29 08:31:08,997 [pool-529-thread-1] INFO  server.RaftServerConfigKeys (ConfUtils.java:logGet(43)) - raft.server.log.preallocated.size = 16384 (custom)
2019-08-29 08:31:08,997 [pool-539-thread-1] INFO  server.RaftServerConfigKeys (ConfUtils.java:logGet(43)) - raft.server.log.segment.size.max = 1048576 (custom)
2019-08-29 08:31:08,998 [pool-529-thread-1] INFO  server.RaftServerConfigKeys (ConfUtils.java:logGet(43)) - raft.server.log.write.buffer.size = 33554432 (custom)
2019-08-29 08:31:08,998 [pool-549-thread-1] INFO  server.RaftServerConfigKeys (ConfUtils.java:logGet(43)) - raft.server.log.segment.cache.num.max = 2 (custom)
2019-08-29 08:31:08,998 [pool-529-thread-1] INFO  server.RaftServerConfigKeys (ConfUtils.java:logGet(43)) - raft.server.log.force.sync.num = 128 (default)
2019-08-29 08:31:08,998 [pool-539-thread-1] INFO  server.RaftServerConfigKeys (ConfUtils.java:logGet(43)) - raft.server.log.segment.cache.num.max = 2 (custom)
2019-08-29 08:31:08,998 [pool-529-thread-1] INFO  server.RaftServerConfigKeys (ConfUtils.java:logGet(43)) - raft.server.log.statemachine.data.sync = true (default)
2019-08-29 08:31:08,998 [pool-549-thread-1] INFO  segmented.SegmentedRaftLogWorker (SegmentedRaftLogWorker.java:<init>(172)) - new b7500143-f2c4-48ed-bac6-0cd36d85de29-SegmentedRaftLogWorker:Storage Directory /workdir/hadoop-ozone/integration-test/target/test-dir/MiniOzoneClusterImpl-8c07e826-c47b-4931-987d-73ac2cd5ddca/datanode-5/data/ratis/3a3886c3-8a5a-49d5-90a7-ba22a22325ce for RaftStorage:Storage Directory /workdir/hadoop-ozone/integration-test/target/test-dir/MiniOzoneClusterImpl-8c07e826-c47b-4931-987d-73ac2cd5ddca/datanode-5/data/ratis/3a3886c3-8a5a-49d5-90a7-ba22a22325ce
2019-08-29 08:31:08,998 [pool-529-thread-1] INFO  server.RaftServerConfigKeys (ConfUtils.java:logGet(43)) - raft.server.log.statemachine.data.sync.timeout = 10s (default)
2019-08-29 08:31:08,998 [pool-539-thread-1] INFO  segmented.SegmentedRaftLogWorker (SegmentedRaftLogWorker.java:<init>(172)) - new 9f8785e0-a018-4c06-b04f-e9b08840f25e-SegmentedRaftLogWorker:Storage Directory /workdir/hadoop-ozone/integration-test/target/test-dir/MiniOzoneClusterImpl-8c07e826-c47b-4931-987d-73ac2cd5ddca/datanode-4/data/ratis/3a3886c3-8a5a-49d5-90a7-ba22a22325ce for RaftStorage:Storage Directory /workdir/hadoop-ozone/integration-test/target/test-dir/MiniOzoneClusterImpl-8c07e826-c47b-4931-987d-73ac2cd5ddca/datanode-4/data/ratis/3a3886c3-8a5a-49d5-90a7-ba22a22325ce
2019-08-29 08:31:08,999 [pool-529-thread-1] INFO  server.RaftServerConfigKeys (ConfUtils.java:logGet(43)) - raft.server.log.statemachine.data.sync.timeout.retry = -1 (default)
2019-08-29 08:31:08,999 [pool-549-thread-1] INFO  server.RaftServerConfigKeys (ConfUtils.java:logGet(43)) - raft.server.log.queue.byte-limit = 2147483647 (custom)
2019-08-29 08:31:08,999 [pool-529-thread-1] INFO  server.RaftServerConfigKeys (ConfUtils.java:logGet(43)) - raft.server.log.statemachine.data.caching.enabled = true (custom)
2019-08-29 08:31:08,999 [pool-539-thread-1] INFO  server.RaftServerConfigKeys (ConfUtils.java:logGet(43)) - raft.server.log.queue.byte-limit = 2147483647 (custom)
2019-08-29 08:31:08,999 [pool-549-thread-1] INFO  server.RaftServerConfigKeys (ConfUtils.java:logGet(43)) - raft.server.log.queue.element-limit = 1024 (custom)
2019-08-29 08:31:08,999 [pool-529-thread-1] INFO  segmented.SegmentedRaftLogWorker (SegmentedRaftLogWorker.java:lambda$new$0(132)) - 2cc9a7c5-5377-452e-b53b-b98038258734-SegmentedRaftLogWorker:Storage Directory /workdir/hadoop-ozone/integration-test/target/test-dir/MiniOzoneClusterImpl-8c07e826-c47b-4931-987d-73ac2cd5ddca/datanode-3/data/ratis/3a3886c3-8a5a-49d5-90a7-ba22a22325ce: flushIndex: setUnconditionally 0 -> -1
2019-08-29 08:31:08,999 [pool-539-thread-1] INFO  server.RaftServerConfigKeys (ConfUtils.java:logGet(43)) - raft.server.log.queue.element-limit = 1024 (custom)
2019-08-29 08:31:08,999 [pool-549-thread-1] INFO  server.RaftServerConfigKeys (ConfUtils.java:logGet(43)) - raft.server.log.segment.size.max = 1048576 (custom)
2019-08-29 08:31:09,000 [pool-539-thread-1] INFO  server.RaftServerConfigKeys (ConfUtils.java:logGet(43)) - raft.server.log.segment.size.max = 1048576 (custom)
2019-08-29 08:31:09,000 [pool-529-thread-1] INFO  server.RaftServerConfigKeys (ConfUtils.java:logGet(43)) - raft.server.snapshot.auto.trigger.enabled = true (custom)
2019-08-29 08:31:09,000 [pool-539-thread-1] INFO  server.RaftServerConfigKeys (ConfUtils.java:logGet(43)) - raft.server.log.preallocated.size = 16384 (custom)
2019-08-29 08:31:09,000 [pool-539-thread-1] INFO  server.RaftServerConfigKeys (ConfUtils.java:logGet(43)) - raft.server.log.write.buffer.size = 33554432 (custom)
2019-08-29 08:31:09,000 [pool-549-thread-1] INFO  server.RaftServerConfigKeys (ConfUtils.java:logGet(43)) - raft.server.log.preallocated.size = 16384 (custom)
2019-08-29 08:31:09,000 [pool-539-thread-1] INFO  server.RaftServerConfigKeys (ConfUtils.java:logGet(43)) - raft.server.log.force.sync.num = 128 (default)
2019-08-29 08:31:09,000 [pool-529-thread-1] INFO  server.RaftServerConfigKeys (ConfUtils.java:logGet(43)) - raft.server.snapshot.auto.trigger.threshold = 10000 (custom)
2019-08-29 08:31:09,001 [pool-539-thread-1] INFO  server.RaftServerConfigKeys (ConfUtils.java:logGet(43)) - raft.server.log.statemachine.data.sync = true (default)
2019-08-29 08:31:09,000 [pool-549-thread-1] INFO  server.RaftServerConfigKeys (ConfUtils.java:logGet(43)) - raft.server.log.write.buffer.size = 33554432 (custom)
2019-08-29 08:31:09,001 [pool-539-thread-1] INFO  server.RaftServerConfigKeys (ConfUtils.java:logGet(43)) - raft.server.log.statemachine.data.sync.timeout = 10s (default)
2019-08-29 08:31:09,001 [pool-529-thread-1] INFO  server.RaftServerConfigKeys (ConfUtils.java:logGet(43)) - raft.server.retrycache.expirytime = 600000ms (custom)
2019-08-29 08:31:09,001 [pool-539-thread-1] INFO  server.RaftServerConfigKeys (ConfUtils.java:logGet(43)) - raft.server.log.statemachine.data.sync.timeout.retry = -1 (default)
2019-08-29 08:31:09,001 [pool-549-thread-1] INFO  server.RaftServerConfigKeys (ConfUtils.java:logGet(43)) - raft.server.log.force.sync.num = 128 (default)
2019-08-29 08:31:09,001 [pool-539-thread-1] INFO  server.RaftServerConfigKeys (ConfUtils.java:logGet(43)) - raft.server.log.statemachine.data.caching.enabled = true (custom)
2019-08-29 08:31:09,001 [pool-529-thread-1] INFO  impl.RaftServerImpl (RaftServerImpl.java:start(180)) - 2cc9a7c5-5377-452e-b53b-b98038258734: start group-BA22A22325CE
2019-08-29 08:31:09,001 [pool-549-thread-1] INFO  server.RaftServerConfigKeys (ConfUtils.java:logGet(43)) - raft.server.log.statemachine.data.sync = true (default)
2019-08-29 08:31:09,002 [pool-539-thread-1] INFO  segmented.SegmentedRaftLogWorker (SegmentedRaftLogWorker.java:lambda$new$0(132)) - 9f8785e0-a018-4c06-b04f-e9b08840f25e-SegmentedRaftLogWorker:Storage Directory /workdir/hadoop-ozone/integration-test/target/test-dir/MiniOzoneClusterImpl-8c07e826-c47b-4931-987d-73ac2cd5ddca/datanode-4/data/ratis/3a3886c3-8a5a-49d5-90a7-ba22a22325ce: flushIndex: setUnconditionally 0 -> -1
2019-08-29 08:31:09,002 [pool-529-thread-1] INFO  impl.RaftServerImpl (RaftServerImpl.java:setRole(171)) - 2cc9a7c5-5377-452e-b53b-b98038258734:group-BA22A22325CE changes role from null to FOLLOWER at term 0 for startAsFollower
2019-08-29 08:31:09,002 [pool-539-thread-1] INFO  server.RaftServerConfigKeys (ConfUtils.java:logGet(43)) - raft.server.snapshot.auto.trigger.enabled = true (custom)
2019-08-29 08:31:09,002 [pool-549-thread-1] INFO  server.RaftServerConfigKeys (ConfUtils.java:logGet(43)) - raft.server.log.statemachine.data.sync.timeout = 10s (default)
2019-08-29 08:31:09,002 [pool-539-thread-1] INFO  server.RaftServerConfigKeys (ConfUtils.java:logGet(43)) - raft.server.snapshot.auto.trigger.threshold = 10000 (custom)
2019-08-29 08:31:09,002 [pool-529-thread-1] INFO  impl.RoleInfo (RoleInfo.java:updateAndGet(143)) - 2cc9a7c5-5377-452e-b53b-b98038258734: start FollowerState
2019-08-29 08:31:09,002 [pool-539-thread-1] INFO  server.RaftServerConfigKeys (ConfUtils.java:logGet(43)) - raft.server.retrycache.expirytime = 600000ms (custom)
2019-08-29 08:31:09,002 [pool-549-thread-1] INFO  server.RaftServerConfigKeys (ConfUtils.java:logGet(43)) - raft.server.log.statemachine.data.sync.timeout.retry = -1 (default)
2019-08-29 08:31:09,002 [pool-539-thread-1] INFO  impl.RaftServerImpl (RaftServerImpl.java:start(180)) - 9f8785e0-a018-4c06-b04f-e9b08840f25e: start group-BA22A22325CE
2019-08-29 08:31:09,003 [pool-549-thread-1] INFO  server.RaftServerConfigKeys (ConfUtils.java:logGet(43)) - raft.server.log.statemachine.data.caching.enabled = true (custom)
2019-08-29 08:31:09,003 [pool-529-thread-1] INFO  util.JmxRegister (JmxRegister.java:tryRegister(44)) - Successfully registered JMX Bean with object name Ratis:service=RaftServer,group=group-BA22A22325CE,id=2cc9a7c5-5377-452e-b53b-b98038258734
2019-08-29 08:31:09,003 [pool-539-thread-1] INFO  impl.RaftServerImpl (RaftServerImpl.java:setRole(171)) - 9f8785e0-a018-4c06-b04f-e9b08840f25e:group-BA22A22325CE changes role from null to FOLLOWER at term 0 for startAsFollower
2019-08-29 08:31:09,003 [pool-549-thread-1] INFO  segmented.SegmentedRaftLogWorker (SegmentedRaftLogWorker.java:lambda$new$0(132)) - b7500143-f2c4-48ed-bac6-0cd36d85de29-SegmentedRaftLogWorker:Storage Directory /workdir/hadoop-ozone/integration-test/target/test-dir/MiniOzoneClusterImpl-8c07e826-c47b-4931-987d-73ac2cd5ddca/datanode-5/data/ratis/3a3886c3-8a5a-49d5-90a7-ba22a22325ce: flushIndex: setUnconditionally 0 -> -1
2019-08-29 08:31:09,003 [pool-539-thread-1] INFO  impl.RoleInfo (RoleInfo.java:updateAndGet(143)) - 9f8785e0-a018-4c06-b04f-e9b08840f25e: start FollowerState
2019-08-29 08:31:09,003 [pool-549-thread-1] INFO  server.RaftServerConfigKeys (ConfUtils.java:logGet(43)) - raft.server.snapshot.auto.trigger.enabled = true (custom)
2019-08-29 08:31:09,003 [pool-549-thread-1] INFO  server.RaftServerConfigKeys (ConfUtils.java:logGet(43)) - raft.server.snapshot.auto.trigger.threshold = 10000 (custom)
2019-08-29 08:31:09,003 [pool-549-thread-1] INFO  server.RaftServerConfigKeys (ConfUtils.java:logGet(43)) - raft.server.retrycache.expirytime = 600000ms (custom)
2019-08-29 08:31:09,003 [pool-539-thread-1] INFO  util.JmxRegister (JmxRegister.java:tryRegister(44)) - Successfully registered JMX Bean with object name Ratis:service=RaftServer,group=group-BA22A22325CE,id=9f8785e0-a018-4c06-b04f-e9b08840f25e
2019-08-29 08:31:09,004 [pool-549-thread-1] INFO  impl.RaftServerImpl (RaftServerImpl.java:start(180)) - b7500143-f2c4-48ed-bac6-0cd36d85de29: start group-BA22A22325CE
2019-08-29 08:31:09,004 [pool-549-thread-1] INFO  impl.RaftServerImpl (RaftServerImpl.java:setRole(171)) - b7500143-f2c4-48ed-bac6-0cd36d85de29:group-BA22A22325CE changes role from null to FOLLOWER at term 0 for startAsFollower
2019-08-29 08:31:09,004 [pool-549-thread-1] INFO  impl.RoleInfo (RoleInfo.java:updateAndGet(143)) - b7500143-f2c4-48ed-bac6-0cd36d85de29: start FollowerState
2019-08-29 08:31:09,004 [pool-549-thread-1] INFO  util.JmxRegister (JmxRegister.java:tryRegister(44)) - Successfully registered JMX Bean with object name Ratis:service=RaftServer,group=group-BA22A22325CE,id=b7500143-f2c4-48ed-bac6-0cd36d85de29
2019-08-29 08:31:09,006 [RatisPipelineUtilsThread] INFO  pipeline.PipelineStateManager (PipelineStateManager.java:addPipeline(56)) - Created pipeline Pipeline[ Id: 3a3886c3-8a5a-49d5-90a7-ba22a22325ce, Nodes: b7500143-f2c4-48ed-bac6-0cd36d85de29{ip: 192.168.5.176, host: pr-hdds-1909-44d2n-1519487446, networkLocation: /default-rack, certSerialId: null}9f8785e0-a018-4c06-b04f-e9b08840f25e{ip: 192.168.5.176, host: pr-hdds-1909-44d2n-1519487446, networkLocation: /default-rack, certSerialId: null}2cc9a7c5-5377-452e-b53b-b98038258734{ip: 192.168.5.176, host: pr-hdds-1909-44d2n-1519487446, networkLocation: /default-rack, certSerialId: null}, Type:RATIS, Factor:THREE, State:OPEN]
2019-08-29 08:31:09,963 [main] INFO  ozone.MiniOzoneClusterImpl (MiniOzoneClusterImpl.java:lambda$waitForClusterToBeReady$0(140)) - Cluster is ready. Got 7 of 7 DN Heartbeats.
2019-08-29 08:31:09,988 [main] INFO  rpc.RpcClient (RpcClient.java:createVolume(293)) - Creating Volume: testblockoutputstream, with jenkins1000 as owner.
2019-08-29 08:31:09,989 | INFO  | OMAudit | user=jenkins1000 | ip=127.0.0.1 | op=CREATE_VOLUME {admin=jenkins1000, owner=jenkins1000, volume=testblockoutputstream, creationTime=1567067469988, quotaInBytes=1152921504606846976} | ret=SUCCESS |  
2019-08-29 08:31:09,989 [IPC Server handler 2 on 37319] INFO  volume.OMVolumeCreateRequest (OMVolumeCreateRequest.java:validateAndUpdateCache(189)) - created volume:testblockoutputstream for user:jenkins1000
2019-08-29 08:31:10,053 | INFO  | OMAudit | user=jenkins1000 | ip=127.0.0.1 | op=READ_VOLUME {volume=testblockoutputstream} | ret=SUCCESS |  
2019-08-29 08:31:10,054 [main] INFO  rpc.RpcClient (RpcClient.java:createBucket(432)) - Creating Bucket: testblockoutputstream/testblockoutputstream, with Versioning false and Storage Type set to DISK and Encryption set to false 
2019-08-29 08:31:10,056 | INFO  | OMAudit | user=jenkins1000 | ip=127.0.0.1 | op=CREATE_BUCKET {volume=testblockoutputstream, bucket=testblockoutputstream, acls=[user:jenkins1000:a[ACCESS], group:default:a[ACCESS]], isVersionEnabled=false, storageType=DISK, creationTime=1567067470054} | ret=SUCCESS |  
2019-08-29 08:31:10,058 | INFO  | OMAudit | user=jenkins1000 | ip=127.0.0.1 | op=READ_VOLUME {volume=testblockoutputstream} | ret=SUCCESS |  
2019-08-29 08:31:10,059 | INFO  | OMAudit | user=jenkins1000 | ip=127.0.0.1 | op=READ_BUCKET {volume=testblockoutputstream, bucket=testblockoutputstream} | ret=SUCCESS |  
2019-08-29 08:31:10,100 | INFO  | SCMAudit | user=jenkins1000 | ip=192.168.5.176 | op=ALLOCATE_BLOCK {owner=57d23fd5-c145-4480-85fa-8b41e7b762f5, size=800, type=RATIS, factor=THREE} | ret=SUCCESS |  
2019-08-29 08:31:10,117 | INFO  | OMAudit | user=jenkins1000 | ip=127.0.0.1 | op=ALLOCATE_KEY {volume=testblockoutputstream, bucket=testblockoutputstream, key=ff027c91-1870-4429-91a9-ddbc7269bf35, dataSize=800, replicationType=RATIS, replicationFactor=THREE, keyLocationInfo=[blockID {
  containerBlockID {
    containerID: 1
    localID: 102699333720473616
  }
  blockCommitSequenceId: 0
}
offset: 0
length: 800
createVersion: 0
pipeline {
  leaderID: ""
  members {
    uuid: "7cfaebde-8af2-48b8-8320-c065a7b881d3"
    ipAddress: "192.168.5.176"
    hostName: "pr-hdds-1909-44d2n-1519487446"
    ports {
      name: "RATIS"
      value: 45696
    }
    ports {
      name: "STANDALONE"
      value: 38500
    }
    networkName: "7cfaebde-8af2-48b8-8320-c065a7b881d3"
    networkLocation: "/default-rack"
  }
  members {
    uuid: "6c31837e-6e29-47bb-a59a-cbce924aec19"
    ipAddress: "192.168.5.176"
    hostName: "pr-hdds-1909-44d2n-1519487446"
    ports {
      name: "RATIS"
      value: 38428
    }
    ports {
      name: "STANDALONE"
      value: 44650
    }
    networkName: "6c31837e-6e29-47bb-a59a-cbce924aec19"
    networkLocation: "/default-rack"
  }
  members {
    uuid: "e12b4279-35b8-444e-a86f-de17046566e7"
    ipAddress: "192.168.5.176"
    hostName: "pr-hdds-1909-44d2n-1519487446"
    ports {
      name: "RATIS"
      value: 40842
    }
    ports {
      name: "STANDALONE"
      value: 38849
    }
    networkName: "e12b4279-35b8-444e-a86f-de17046566e7"
    networkLocation: "/default-rack"
  }
  state: PIPELINE_OPEN
  type: RATIS
  factor: THREE
  id {
    id: "954f2737-7c8a-4e9d-8b56-ab2bfd5f97a1"
  }
}
]} | ret=SUCCESS |  
2019-08-29 08:31:10,129 [grpc-default-executor-9] INFO  client.GrpcClientProtocolClient (GrpcClientProtocolClient.java:onNext(255)) - client-EA585B45AB57->7cfaebde-8af2-48b8-8320-c065a7b881d3: receive RaftClientReply:client-EA585B45AB57->7cfaebde-8af2-48b8-8320-c065a7b881d3@group-AB2BFD5F97A1, cid=199, FAILED org.apache.ratis.protocol.NotLeaderException: Server 7cfaebde-8af2-48b8-8320-c065a7b881d3 is not the leader (null). Request must be sent to leader., logIndex=0, commits[7cfaebde-8af2-48b8-8320-c065a7b881d3:c-1]
2019-08-29 08:31:10,569 | INFO  | SCMAudit | user=jenkins1000 | ip=192.168.5.176 | op=SEND_HEARTBEAT {datanodeUUID=7cfaebde-8af2-48b8-8320-c065a7b881d3, command=[]} | ret=SUCCESS |  
2019-08-29 08:31:10,628 | INFO  | SCMAudit | user=jenkins1000 | ip=192.168.5.176 | op=SEND_HEARTBEAT {datanodeUUID=e12b4279-35b8-444e-a86f-de17046566e7, command=[]} | ret=SUCCESS |  
2019-08-29 08:31:10,693 | INFO  | SCMAudit | user=jenkins1000 | ip=192.168.5.176 | op=SEND_HEARTBEAT {datanodeUUID=6c31837e-6e29-47bb-a59a-cbce924aec19, command=[]} | ret=SUCCESS |  
2019-08-29 08:31:10,750 | INFO  | SCMAudit | user=jenkins1000 | ip=192.168.5.176 | op=SEND_HEARTBEAT {datanodeUUID=2cc9a7c5-5377-452e-b53b-b98038258734, command=[]} | ret=SUCCESS |  
2019-08-29 08:31:10,830 | INFO  | SCMAudit | user=jenkins1000 | ip=192.168.5.176 | op=SEND_HEARTBEAT {datanodeUUID=9f8785e0-a018-4c06-b04f-e9b08840f25e, command=[]} | ret=SUCCESS |  
2019-08-29 08:31:10,906 | INFO  | SCMAudit | user=jenkins1000 | ip=192.168.5.176 | op=SEND_HEARTBEAT {datanodeUUID=b7500143-f2c4-48ed-bac6-0cd36d85de29, command=[]} | ret=SUCCESS |  
2019-08-29 08:31:10,961 | INFO  | SCMAudit | user=jenkins1000 | ip=192.168.5.176 | op=SEND_HEARTBEAT {datanodeUUID=bc6b7a81-d649-4b98-a2dd-a143f3cec515, command=[]} | ret=SUCCESS |  
2019-08-29 08:31:11,139 [grpc-default-executor-5] INFO  client.GrpcClientProtocolClient (GrpcClientProtocolClient.java:onNext(255)) - client-EA585B45AB57->6c31837e-6e29-47bb-a59a-cbce924aec19: receive RaftClientReply:client-EA585B45AB57->6c31837e-6e29-47bb-a59a-cbce924aec19@group-AB2BFD5F97A1, cid=199, FAILED org.apache.ratis.protocol.NotLeaderException: Server 6c31837e-6e29-47bb-a59a-cbce924aec19 is not the leader (null). Request must be sent to leader., logIndex=0, commits[6c31837e-6e29-47bb-a59a-cbce924aec19:c-1]
2019-08-29 08:31:11,570 | INFO  | SCMAudit | user=jenkins1000 | ip=192.168.5.176 | op=SEND_HEARTBEAT {datanodeUUID=7cfaebde-8af2-48b8-8320-c065a7b881d3, command=[]} | ret=SUCCESS |  
2019-08-29 08:31:11,579 [Thread-3827] INFO  container.ReplicationManager (ReplicationManager.java:start(152)) - Starting Replication Monitor Thread.
2019-08-29 08:31:11,584 [ReplicationMonitor] INFO  container.ReplicationManager (ReplicationManager.java:run(215)) - Replication Monitor Thread took 0 milliseconds for processing 1 containers.
2019-08-29 08:31:11,628 | INFO  | SCMAudit | user=jenkins1000 | ip=192.168.5.176 | op=SEND_HEARTBEAT {datanodeUUID=e12b4279-35b8-444e-a86f-de17046566e7, command=[]} | ret=SUCCESS |  
2019-08-29 08:31:11,693 | INFO  | SCMAudit | user=jenkins1000 | ip=192.168.5.176 | op=SEND_HEARTBEAT {datanodeUUID=6c31837e-6e29-47bb-a59a-cbce924aec19, command=[]} | ret=SUCCESS |  
2019-08-29 08:31:11,750 | INFO  | SCMAudit | user=jenkins1000 | ip=192.168.5.176 | op=SEND_HEARTBEAT {datanodeUUID=2cc9a7c5-5377-452e-b53b-b98038258734, command=[]} | ret=SUCCESS |  
2019-08-29 08:31:11,831 | INFO  | SCMAudit | user=jenkins1000 | ip=192.168.5.176 | op=SEND_HEARTBEAT {datanodeUUID=9f8785e0-a018-4c06-b04f-e9b08840f25e, command=[]} | ret=SUCCESS |  
2019-08-29 08:31:11,906 | INFO  | SCMAudit | user=jenkins1000 | ip=192.168.5.176 | op=SEND_HEARTBEAT {datanodeUUID=b7500143-f2c4-48ed-bac6-0cd36d85de29, command=[]} | ret=SUCCESS |  
2019-08-29 08:31:11,962 | INFO  | SCMAudit | user=jenkins1000 | ip=192.168.5.176 | op=SEND_HEARTBEAT {datanodeUUID=bc6b7a81-d649-4b98-a2dd-a143f3cec515, command=[]} | ret=SUCCESS |  
2019-08-29 08:31:12,147 [grpc-default-executor-5] INFO  client.GrpcClientProtocolClient (GrpcClientProtocolClient.java:onNext(255)) - client-EA585B45AB57->e12b4279-35b8-444e-a86f-de17046566e7: receive RaftClientReply:client-EA585B45AB57->e12b4279-35b8-444e-a86f-de17046566e7@group-AB2BFD5F97A1, cid=199, FAILED org.apache.ratis.protocol.NotLeaderException: Server e12b4279-35b8-444e-a86f-de17046566e7 is not the leader (null). Request must be sent to leader., logIndex=0, commits[e12b4279-35b8-444e-a86f-de17046566e7:c-1]
2019-08-29 08:31:12,569 | INFO  | SCMAudit | user=jenkins1000 | ip=192.168.5.176 | op=SEND_HEARTBEAT {datanodeUUID=7cfaebde-8af2-48b8-8320-c065a7b881d3, command=[]} | ret=SUCCESS |  
2019-08-29 08:31:12,628 | INFO  | SCMAudit | user=jenkins1000 | ip=192.168.5.176 | op=SEND_HEARTBEAT {datanodeUUID=e12b4279-35b8-444e-a86f-de17046566e7, command=[]} | ret=SUCCESS |  
2019-08-29 08:31:12,693 | INFO  | SCMAudit | user=jenkins1000 | ip=192.168.5.176 | op=SEND_HEARTBEAT {datanodeUUID=6c31837e-6e29-47bb-a59a-cbce924aec19, command=[]} | ret=SUCCESS |  
2019-08-29 08:31:12,750 | INFO  | SCMAudit | user=jenkins1000 | ip=192.168.5.176 | op=SEND_HEARTBEAT {datanodeUUID=2cc9a7c5-5377-452e-b53b-b98038258734, command=[]} | ret=SUCCESS |  
2019-08-29 08:31:12,831 | INFO  | SCMAudit | user=jenkins1000 | ip=192.168.5.176 | op=SEND_HEARTBEAT {datanodeUUID=9f8785e0-a018-4c06-b04f-e9b08840f25e, command=[]} | ret=SUCCESS |  
2019-08-29 08:31:12,906 | INFO  | SCMAudit | user=jenkins1000 | ip=192.168.5.176 | op=SEND_HEARTBEAT {datanodeUUID=b7500143-f2c4-48ed-bac6-0cd36d85de29, command=[]} | ret=SUCCESS |  
2019-08-29 08:31:12,963 | INFO  | SCMAudit | user=jenkins1000 | ip=192.168.5.176 | op=SEND_HEARTBEAT {datanodeUUID=bc6b7a81-d649-4b98-a2dd-a143f3cec515, command=[]} | ret=SUCCESS |  
2019-08-29 08:31:13,158 [grpc-default-executor-10] INFO  client.GrpcClientProtocolClient (GrpcClientProtocolClient.java:onNext(255)) - client-EA585B45AB57->7cfaebde-8af2-48b8-8320-c065a7b881d3: receive RaftClientReply:client-EA585B45AB57->7cfaebde-8af2-48b8-8320-c065a7b881d3@group-AB2BFD5F97A1, cid=199, FAILED org.apache.ratis.protocol.NotLeaderException: Server 7cfaebde-8af2-48b8-8320-c065a7b881d3 is not the leader (null). Request must be sent to leader., logIndex=0, commits[7cfaebde-8af2-48b8-8320-c065a7b881d3:c-1]
2019-08-29 08:31:13,569 | INFO  | SCMAudit | user=jenkins1000 | ip=192.168.5.176 | op=SEND_HEARTBEAT {datanodeUUID=7cfaebde-8af2-48b8-8320-c065a7b881d3, command=[]} | ret=SUCCESS |  
2019-08-29 08:31:13,627 | INFO  | SCMAudit | user=jenkins1000 | ip=192.168.5.176 | op=SEND_HEARTBEAT {datanodeUUID=e12b4279-35b8-444e-a86f-de17046566e7, command=[]} | ret=SUCCESS |  
2019-08-29 08:31:13,693 | INFO  | SCMAudit | user=jenkins1000 | ip=192.168.5.176 | op=SEND_HEARTBEAT {datanodeUUID=6c31837e-6e29-47bb-a59a-cbce924aec19, command=[]} | ret=SUCCESS |  
2019-08-29 08:31:13,745 [Thread-3829] INFO  impl.FollowerState (FollowerState.java:run(106)) - 7cfaebde-8af2-48b8-8320-c065a7b881d3:group-CB88C4F16212 changes to CANDIDATE, lastRpcTime:5105, electionTimeout:5105ms
2019-08-29 08:31:13,745 [Thread-3829] INFO  impl.RoleInfo (RoleInfo.java:shutdownFollowerState(121)) - 7cfaebde-8af2-48b8-8320-c065a7b881d3: shutdown FollowerState
2019-08-29 08:31:13,746 [Thread-3829] INFO  impl.RaftServerImpl (RaftServerImpl.java:setRole(171)) - 7cfaebde-8af2-48b8-8320-c065a7b881d3:group-CB88C4F16212 changes role from FOLLOWER to CANDIDATE at term 0 for changeToCandidate
2019-08-29 08:31:13,746 [Thread-3829] INFO  impl.RoleInfo (RoleInfo.java:updateAndGet(143)) - 7cfaebde-8af2-48b8-8320-c065a7b881d3: start LeaderElection
2019-08-29 08:31:13,754 | INFO  | SCMAudit | user=jenkins1000 | ip=192.168.5.176 | op=SEND_HEARTBEAT {datanodeUUID=2cc9a7c5-5377-452e-b53b-b98038258734, command=[]} | ret=SUCCESS |  
2019-08-29 08:31:13,814 [7cfaebde-8af2-48b8-8320-c065a7b881d3:group-CB88C4F16212:LeaderElection78] INFO  impl.LeaderElection (LeaderElection.java:askForVotes(181)) - 7cfaebde-8af2-48b8-8320-c065a7b881d3:group-CB88C4F16212:LeaderElection78: begin an election at term 1 for -1: [7cfaebde-8af2-48b8-8320-c065a7b881d3:192.168.5.176:45696], old=null
2019-08-29 08:31:13,814 [7cfaebde-8af2-48b8-8320-c065a7b881d3:group-CB88C4F16212:LeaderElection78] INFO  impl.RoleInfo (RoleInfo.java:shutdownLeaderElection(134)) - 7cfaebde-8af2-48b8-8320-c065a7b881d3: shutdown LeaderElection
2019-08-29 08:31:13,814 [7cfaebde-8af2-48b8-8320-c065a7b881d3:group-CB88C4F16212:LeaderElection78] INFO  impl.RaftServerImpl (RaftServerImpl.java:setRole(171)) - 7cfaebde-8af2-48b8-8320-c065a7b881d3:group-CB88C4F16212 changes role from CANDIDATE to LEADER at term 1 for changeToLeader
2019-08-29 08:31:13,814 [7cfaebde-8af2-48b8-8320-c065a7b881d3:group-CB88C4F16212:LeaderElection78] INFO  impl.RaftServerImpl (ServerState.java:setLeader(263)) - 7cfaebde-8af2-48b8-8320-c065a7b881d3:group-CB88C4F16212 change Leader from null to 7cfaebde-8af2-48b8-8320-c065a7b881d3 at term 1 for becomeLeader, leader elected after 5180ms
2019-08-29 08:31:13,814 [7cfaebde-8af2-48b8-8320-c065a7b881d3:group-CB88C4F16212:LeaderElection78] INFO  server.RaftServerConfigKeys (ConfUtils.java:logGet(43)) - raft.server.staging.catchup.gap = 1000 (default)
2019-08-29 08:31:13,815 [7cfaebde-8af2-48b8-8320-c065a7b881d3:group-CB88C4F16212:LeaderElection78] INFO  server.RaftServerConfigKeys (ConfUtils.java:logGet(43)) - raft.server.rpc.sleep.time = 25ms (default)
2019-08-29 08:31:13,815 [7cfaebde-8af2-48b8-8320-c065a7b881d3:group-CB88C4F16212:LeaderElection78] INFO  server.RaftServerConfigKeys (ConfUtils.java:logGet(43)) - raft.server.write.element-limit = 4096 (default)
2019-08-29 08:31:13,815 [7cfaebde-8af2-48b8-8320-c065a7b881d3:group-CB88C4F16212:LeaderElection78] INFO  server.RaftServerConfigKeys (ConfUtils.java:logGet(43)) - raft.server.watch.timeout = 10s (default)
2019-08-29 08:31:13,815 [7cfaebde-8af2-48b8-8320-c065a7b881d3:group-CB88C4F16212:LeaderElection78] INFO  server.RaftServerConfigKeys (ConfUtils.java:logGet(43)) - raft.server.watch.timeout.denomination = 1s (default)
2019-08-29 08:31:13,815 [7cfaebde-8af2-48b8-8320-c065a7b881d3:group-CB88C4F16212:LeaderElection78] INFO  server.RaftServerConfigKeys (ConfUtils.java:logGet(43)) - raft.server.watch.element-limit = 65536 (default)
2019-08-29 08:31:13,815 [7cfaebde-8af2-48b8-8320-c065a7b881d3:group-CB88C4F16212:LeaderElection78] INFO  impl.RoleInfo (RoleInfo.java:updateAndGet(143)) - 7cfaebde-8af2-48b8-8320-c065a7b881d3: start LeaderState
2019-08-29 08:31:13,816 [7cfaebde-8af2-48b8-8320-c065a7b881d3:group-CB88C4F16212:LeaderElection78] INFO  segmented.SegmentedRaftLogWorker (SegmentedRaftLogWorker.java:startLogSegment(380)) - 7cfaebde-8af2-48b8-8320-c065a7b881d3-SegmentedRaftLogWorker:Storage Directory /workdir/hadoop-ozone/integration-test/target/test-dir/MiniOzoneClusterImpl-8c07e826-c47b-4931-987d-73ac2cd5ddca/datanode-0/data/ratis/02730cd9-cac7-41a9-8f8a-cb88c4f16212: Starting segment from index:0
2019-08-29 08:31:13,816 [7cfaebde-8af2-48b8-8320-c065a7b881d3:group-CB88C4F16212:LeaderElection78] INFO  impl.RaftServerImpl (ServerState.java:setRaftConf(361)) - 7cfaebde-8af2-48b8-8320-c065a7b881d3:group-CB88C4F16212 set configuration 0: [7cfaebde-8af2-48b8-8320-c065a7b881d3:192.168.5.176:45696], old=null at 0
2019-08-29 08:31:13,822 [Thread-3832] INFO  impl.FollowerState (FollowerState.java:run(106)) - e12b4279-35b8-444e-a86f-de17046566e7:group-F63D2E0F99C0 changes to CANDIDATE, lastRpcTime:5118, electionTimeout:5118ms
2019-08-29 08:31:13,822 [Thread-3832] INFO  impl.RoleInfo (RoleInfo.java:shutdownFollowerState(121)) - e12b4279-35b8-444e-a86f-de17046566e7: shutdown FollowerState
2019-08-29 08:31:13,822 [Thread-3832] INFO  impl.RaftServerImpl (RaftServerImpl.java:setRole(171)) - e12b4279-35b8-444e-a86f-de17046566e7:group-F63D2E0F99C0 changes role from FOLLOWER to CANDIDATE at term 0 for changeToCandidate
2019-08-29 08:31:13,822 [Thread-3832] INFO  impl.RoleInfo (RoleInfo.java:updateAndGet(143)) - e12b4279-35b8-444e-a86f-de17046566e7: start LeaderElection
2019-08-29 08:31:13,844 [Thread-3842] INFO  impl.FollowerState (FollowerState.java:run(106)) - e12b4279-35b8-444e-a86f-de17046566e7:group-AB2BFD5F97A1 changes to CANDIDATE, lastRpcTime:5049, electionTimeout:5042ms
2019-08-29 08:31:13,848 [Thread-3842] INFO  impl.RoleInfo (RoleInfo.java:shutdownFollowerState(121)) - e12b4279-35b8-444e-a86f-de17046566e7: shutdown FollowerState
2019-08-29 08:31:13,848 [Thread-3842] INFO  impl.RaftServerImpl (RaftServerImpl.java:setRole(171)) - e12b4279-35b8-444e-a86f-de17046566e7:group-AB2BFD5F97A1 changes role from FOLLOWER to CANDIDATE at term 0 for changeToCandidate
2019-08-29 08:31:13,848 [Thread-3842] INFO  impl.RoleInfo (RoleInfo.java:updateAndGet(143)) - e12b4279-35b8-444e-a86f-de17046566e7: start LeaderElection
2019-08-29 08:31:13,848 | INFO  | SCMAudit | user=jenkins1000 | ip=192.168.5.176 | op=SEND_HEARTBEAT {datanodeUUID=9f8785e0-a018-4c06-b04f-e9b08840f25e, command=[]} | ret=SUCCESS |  
2019-08-29 08:31:13,882 [Thread-3835] INFO  impl.FollowerState (FollowerState.java:run(106)) - 6c31837e-6e29-47bb-a59a-cbce924aec19:group-400303C3F055 changes to CANDIDATE, lastRpcTime:5138, electionTimeout:5138ms
2019-08-29 08:31:13,882 [Thread-3835] INFO  impl.RoleInfo (RoleInfo.java:shutdownFollowerState(121)) - 6c31837e-6e29-47bb-a59a-cbce924aec19: shutdown FollowerState
2019-08-29 08:31:13,882 [Thread-3835] INFO  impl.RaftServerImpl (RaftServerImpl.java:setRole(171)) - 6c31837e-6e29-47bb-a59a-cbce924aec19:group-400303C3F055 changes role from FOLLOWER to CANDIDATE at term 0 for changeToCandidate
2019-08-29 08:31:13,882 [Thread-3835] INFO  impl.RoleInfo (RoleInfo.java:updateAndGet(143)) - 6c31837e-6e29-47bb-a59a-cbce924aec19: start LeaderElection
2019-08-29 08:31:13,889 [7cfaebde-8af2-48b8-8320-c065a7b881d3-SegmentedRaftLogWorker:Storage Directory /workdir/hadoop-ozone/integration-test/target/test-dir/MiniOzoneClusterImpl-8c07e826-c47b-4931-987d-73ac2cd5ddca/datanode-0/data/ratis/02730cd9-cac7-41a9-8f8a-cb88c4f16212] INFO  segmented.SegmentedRaftLogWorker (SegmentedRaftLogWorker.java:execute(569)) - 7cfaebde-8af2-48b8-8320-c065a7b881d3-SegmentedRaftLogWorker:Storage Directory /workdir/hadoop-ozone/integration-test/target/test-dir/MiniOzoneClusterImpl-8c07e826-c47b-4931-987d-73ac2cd5ddca/datanode-0/data/ratis/02730cd9-cac7-41a9-8f8a-cb88c4f16212: created new log segment /workdir/hadoop-ozone/integration-test/target/test-dir/MiniOzoneClusterImpl-8c07e826-c47b-4931-987d-73ac2cd5ddca/datanode-0/data/ratis/02730cd9-cac7-41a9-8f8a-cb88c4f16212/current/log_inprogress_0
2019-08-29 08:31:13,899 [Thread-3850] INFO  impl.FollowerState (FollowerState.java:run(106)) - 2cc9a7c5-5377-452e-b53b-b98038258734:group-A6B24757155E changes to CANDIDATE, lastRpcTime:5063, electionTimeout:5063ms
2019-08-29 08:31:13,900 [Thread-3850] INFO  impl.RoleInfo (RoleInfo.java:shutdownFollowerState(121)) - 2cc9a7c5-5377-452e-b53b-b98038258734: shutdown FollowerState
2019-08-29 08:31:13,900 [Thread-3850] INFO  impl.RaftServerImpl (RaftServerImpl.java:setRole(171)) - 2cc9a7c5-5377-452e-b53b-b98038258734:group-A6B24757155E changes role from FOLLOWER to CANDIDATE at term 0 for changeToCandidate
2019-08-29 08:31:13,900 [Thread-3850] INFO  impl.RoleInfo (RoleInfo.java:updateAndGet(143)) - 2cc9a7c5-5377-452e-b53b-b98038258734: start LeaderElection
2019-08-29 08:31:13,907 | INFO  | SCMAudit | user=jenkins1000 | ip=192.168.5.176 | op=SEND_HEARTBEAT {datanodeUUID=b7500143-f2c4-48ed-bac6-0cd36d85de29, command=[]} | ret=SUCCESS |  
2019-08-29 08:31:13,912 [e12b4279-35b8-444e-a86f-de17046566e7:group-F63D2E0F99C0:LeaderElection79] INFO  impl.LeaderElection (LeaderElection.java:askForVotes(181)) - e12b4279-35b8-444e-a86f-de17046566e7:group-F63D2E0F99C0:LeaderElection79: begin an election at term 1 for -1: [e12b4279-35b8-444e-a86f-de17046566e7:192.168.5.176:40842], old=null
2019-08-29 08:31:13,912 [e12b4279-35b8-444e-a86f-de17046566e7:group-AB2BFD5F97A1:LeaderElection80] INFO  impl.LeaderElection (LeaderElection.java:askForVotes(181)) - e12b4279-35b8-444e-a86f-de17046566e7:group-AB2BFD5F97A1:LeaderElection80: begin an election at term 1 for -1: [7cfaebde-8af2-48b8-8320-c065a7b881d3:192.168.5.176:45696, 6c31837e-6e29-47bb-a59a-cbce924aec19:192.168.5.176:38428, e12b4279-35b8-444e-a86f-de17046566e7:192.168.5.176:40842], old=null
2019-08-29 08:31:13,912 [e12b4279-35b8-444e-a86f-de17046566e7:group-F63D2E0F99C0:LeaderElection79] INFO  impl.RoleInfo (RoleInfo.java:shutdownLeaderElection(134)) - e12b4279-35b8-444e-a86f-de17046566e7: shutdown LeaderElection
2019-08-29 08:31:13,912 [e12b4279-35b8-444e-a86f-de17046566e7:group-F63D2E0F99C0:LeaderElection79] INFO  impl.RaftServerImpl (RaftServerImpl.java:setRole(171)) - e12b4279-35b8-444e-a86f-de17046566e7:group-F63D2E0F99C0 changes role from CANDIDATE to LEADER at term 1 for changeToLeader
2019-08-29 08:31:13,912 [e12b4279-35b8-444e-a86f-de17046566e7:group-F63D2E0F99C0:LeaderElection79] INFO  impl.RaftServerImpl (ServerState.java:setLeader(263)) - e12b4279-35b8-444e-a86f-de17046566e7:group-F63D2E0F99C0 change Leader from null to e12b4279-35b8-444e-a86f-de17046566e7 at term 1 for becomeLeader, leader elected after 5211ms
2019-08-29 08:31:13,913 [e12b4279-35b8-444e-a86f-de17046566e7:group-F63D2E0F99C0:LeaderElection79] INFO  server.RaftServerConfigKeys (ConfUtils.java:logGet(43)) - raft.server.staging.catchup.gap = 1000 (default)
2019-08-29 08:31:13,913 [e12b4279-35b8-444e-a86f-de17046566e7:group-F63D2E0F99C0:LeaderElection79] INFO  server.RaftServerConfigKeys (ConfUtils.java:logGet(43)) - raft.server.rpc.sleep.time = 25ms (default)
2019-08-29 08:31:13,913 [e12b4279-35b8-444e-a86f-de17046566e7:group-F63D2E0F99C0:LeaderElection79] INFO  server.RaftServerConfigKeys (ConfUtils.java:logGet(43)) - raft.server.write.element-limit = 4096 (default)
2019-08-29 08:31:13,913 [2cc9a7c5-5377-452e-b53b-b98038258734:group-A6B24757155E:LeaderElection82] INFO  impl.LeaderElection (LeaderElection.java:askForVotes(181)) - 2cc9a7c5-5377-452e-b53b-b98038258734:group-A6B24757155E:LeaderElection82: begin an election at term 1 for -1: [2cc9a7c5-5377-452e-b53b-b98038258734:192.168.5.176:36455], old=null
2019-08-29 08:31:13,913 [6c31837e-6e29-47bb-a59a-cbce924aec19:group-400303C3F055:LeaderElection81] INFO  impl.LeaderElection (LeaderElection.java:askForVotes(181)) - 6c31837e-6e29-47bb-a59a-cbce924aec19:group-400303C3F055:LeaderElection81: begin an election at term 1 for -1: [6c31837e-6e29-47bb-a59a-cbce924aec19:192.168.5.176:38428], old=null
2019-08-29 08:31:13,913 [2cc9a7c5-5377-452e-b53b-b98038258734:group-A6B24757155E:LeaderElection82] INFO  impl.RoleInfo (RoleInfo.java:shutdownLeaderElection(134)) - 2cc9a7c5-5377-452e-b53b-b98038258734: shutdown LeaderElection
2019-08-29 08:31:13,913 [e12b4279-35b8-444e-a86f-de17046566e7:group-F63D2E0F99C0:LeaderElection79] INFO  server.RaftServerConfigKeys (ConfUtils.java:logGet(43)) - raft.server.watch.timeout = 10s (default)
2019-08-29 08:31:13,913 [2cc9a7c5-5377-452e-b53b-b98038258734:group-A6B24757155E:LeaderElection82] INFO  impl.RaftServerImpl (RaftServerImpl.java:setRole(171)) - 2cc9a7c5-5377-452e-b53b-b98038258734:group-A6B24757155E changes role from CANDIDATE to LEADER at term 1 for changeToLeader
2019-08-29 08:31:13,914 [2cc9a7c5-5377-452e-b53b-b98038258734:group-A6B24757155E:LeaderElection82] INFO  impl.RaftServerImpl (ServerState.java:setLeader(263)) - 2cc9a7c5-5377-452e-b53b-b98038258734:group-A6B24757155E change Leader from null to 2cc9a7c5-5377-452e-b53b-b98038258734 at term 1 for becomeLeader, leader elected after 5081ms
2019-08-29 08:31:13,913 [6c31837e-6e29-47bb-a59a-cbce924aec19:group-400303C3F055:LeaderElection81] INFO  impl.RoleInfo (RoleInfo.java:shutdownLeaderElection(134)) - 6c31837e-6e29-47bb-a59a-cbce924aec19: shutdown LeaderElection
2019-08-29 08:31:13,914 [2cc9a7c5-5377-452e-b53b-b98038258734:group-A6B24757155E:LeaderElection82] INFO  server.RaftServerConfigKeys (ConfUtils.java:logGet(43)) - raft.server.staging.catchup.gap = 1000 (default)
2019-08-29 08:31:13,913 [e12b4279-35b8-444e-a86f-de17046566e7:group-F63D2E0F99C0:LeaderElection79] INFO  server.RaftServerConfigKeys (ConfUtils.java:logGet(43)) - raft.server.watch.timeout.denomination = 1s (default)
2019-08-29 08:31:13,914 [2cc9a7c5-5377-452e-b53b-b98038258734:group-A6B24757155E:LeaderElection82] INFO  server.RaftServerConfigKeys (ConfUtils.java:logGet(43)) - raft.server.rpc.sleep.time = 25ms (default)
2019-08-29 08:31:13,914 [6c31837e-6e29-47bb-a59a-cbce924aec19:group-400303C3F055:LeaderElection81] INFO  impl.RaftServerImpl (RaftServerImpl.java:setRole(171)) - 6c31837e-6e29-47bb-a59a-cbce924aec19:group-400303C3F055 changes role from CANDIDATE to LEADER at term 1 for changeToLeader
2019-08-29 08:31:13,914 [2cc9a7c5-5377-452e-b53b-b98038258734:group-A6B24757155E:LeaderElection82] INFO  server.RaftServerConfigKeys (ConfUtils.java:logGet(43)) - raft.server.write.element-limit = 4096 (default)
2019-08-29 08:31:13,914 [e12b4279-35b8-444e-a86f-de17046566e7:group-F63D2E0F99C0:LeaderElection79] INFO  server.RaftServerConfigKeys (ConfUtils.java:logGet(43)) - raft.server.watch.element-limit = 65536 (default)
2019-08-29 08:31:13,914 [2cc9a7c5-5377-452e-b53b-b98038258734:group-A6B24757155E:LeaderElection82] INFO  server.RaftServerConfigKeys (ConfUtils.java:logGet(43)) - raft.server.watch.timeout = 10s (default)
2019-08-29 08:31:13,914 [6c31837e-6e29-47bb-a59a-cbce924aec19:group-400303C3F055:LeaderElection81] INFO  impl.RaftServerImpl (ServerState.java:setLeader(263)) - 6c31837e-6e29-47bb-a59a-cbce924aec19:group-400303C3F055 change Leader from null to 6c31837e-6e29-47bb-a59a-cbce924aec19 at term 1 for becomeLeader, leader elected after 5174ms
2019-08-29 08:31:13,915 [2cc9a7c5-5377-452e-b53b-b98038258734:group-A6B24757155E:LeaderElection82] INFO  server.RaftServerConfigKeys (ConfUtils.java:logGet(43)) - raft.server.watch.timeout.denomination = 1s (default)
2019-08-29 08:31:13,915 [e12b4279-35b8-444e-a86f-de17046566e7:group-F63D2E0F99C0:LeaderElection79] INFO  impl.RoleInfo (RoleInfo.java:updateAndGet(143)) - e12b4279-35b8-444e-a86f-de17046566e7: start LeaderState
2019-08-29 08:31:13,915 [2cc9a7c5-5377-452e-b53b-b98038258734:group-A6B24757155E:LeaderElection82] INFO  server.RaftServerConfigKeys (ConfUtils.java:logGet(43)) - raft.server.watch.element-limit = 65536 (default)
2019-08-29 08:31:13,915 [6c31837e-6e29-47bb-a59a-cbce924aec19:group-400303C3F055:LeaderElection81] INFO  server.RaftServerConfigKeys (ConfUtils.java:logGet(43)) - raft.server.staging.catchup.gap = 1000 (default)
2019-08-29 08:31:13,915 [2cc9a7c5-5377-452e-b53b-b98038258734:group-A6B24757155E:LeaderElection82] INFO  impl.RoleInfo (RoleInfo.java:updateAndGet(143)) - 2cc9a7c5-5377-452e-b53b-b98038258734: start LeaderState
2019-08-29 08:31:13,915 [e12b4279-35b8-444e-a86f-de17046566e7:group-F63D2E0F99C0:LeaderElection79] INFO  segmented.SegmentedRaftLogWorker (SegmentedRaftLogWorker.java:startLogSegment(380)) - e12b4279-35b8-444e-a86f-de17046566e7-SegmentedRaftLogWorker:Storage Directory /workdir/hadoop-ozone/integration-test/target/test-dir/MiniOzoneClusterImpl-8c07e826-c47b-4931-987d-73ac2cd5ddca/datanode-1/data/ratis/54655cb0-721f-4c7d-8ca8-f63d2e0f99c0: Starting segment from index:0
2019-08-29 08:31:13,916 [2cc9a7c5-5377-452e-b53b-b98038258734:group-A6B24757155E:LeaderElection82] INFO  segmented.SegmentedRaftLogWorker (SegmentedRaftLogWorker.java:startLogSegment(380)) - 2cc9a7c5-5377-452e-b53b-b98038258734-SegmentedRaftLogWorker:Storage Directory /workdir/hadoop-ozone/integration-test/target/test-dir/MiniOzoneClusterImpl-8c07e826-c47b-4931-987d-73ac2cd5ddca/datanode-3/data/ratis/c06bc953-15dd-473f-9acb-a6b24757155e: Starting segment from index:0
2019-08-29 08:31:13,915 [6c31837e-6e29-47bb-a59a-cbce924aec19:group-400303C3F055:LeaderElection81] INFO  server.RaftServerConfigKeys (ConfUtils.java:logGet(43)) - raft.server.rpc.sleep.time = 25ms (default)
2019-08-29 08:31:13,916 [e12b4279-35b8-444e-a86f-de17046566e7:group-F63D2E0F99C0:LeaderElection79] INFO  impl.RaftServerImpl (ServerState.java:setRaftConf(361)) - e12b4279-35b8-444e-a86f-de17046566e7:group-F63D2E0F99C0 set configuration 0: [e12b4279-35b8-444e-a86f-de17046566e7:192.168.5.176:40842], old=null at 0
2019-08-29 08:31:13,916 [6c31837e-6e29-47bb-a59a-cbce924aec19:group-400303C3F055:LeaderElection81] INFO  server.RaftServerConfigKeys (ConfUtils.java:logGet(43)) - raft.server.write.element-limit = 4096 (default)
2019-08-29 08:31:13,916 [6c31837e-6e29-47bb-a59a-cbce924aec19:group-400303C3F055:LeaderElection81] INFO  server.RaftServerConfigKeys (ConfUtils.java:logGet(43)) - raft.server.watch.timeout = 10s (default)
2019-08-29 08:31:13,916 [grpc-default-executor-9] INFO  impl.RaftServerImpl (RaftServerImpl.java:setRole(171)) - 6c31837e-6e29-47bb-a59a-cbce924aec19:group-AB2BFD5F97A1 changes role from FOLLOWER to FOLLOWER at term 1 for recognizeCandidate:e12b4279-35b8-444e-a86f-de17046566e7
2019-08-29 08:31:13,916 [2cc9a7c5-5377-452e-b53b-b98038258734:group-A6B24757155E:LeaderElection82] INFO  impl.RaftServerImpl (ServerState.java:setRaftConf(361)) - 2cc9a7c5-5377-452e-b53b-b98038258734:group-A6B24757155E set configuration 0: [2cc9a7c5-5377-452e-b53b-b98038258734:192.168.5.176:36455], old=null at 0
2019-08-29 08:31:13,917 [grpc-default-executor-9] INFO  impl.RoleInfo (RoleInfo.java:shutdownFollowerState(121)) - 6c31837e-6e29-47bb-a59a-cbce924aec19: shutdown FollowerState
2019-08-29 08:31:13,916 [6c31837e-6e29-47bb-a59a-cbce924aec19:group-400303C3F055:LeaderElection81] INFO  server.RaftServerConfigKeys (ConfUtils.java:logGet(43)) - raft.server.watch.timeout.denomination = 1s (default)
2019-08-29 08:31:13,917 [Thread-3843] INFO  impl.FollowerState (FollowerState.java:run(114)) - 6c31837e-6e29-47bb-a59a-cbce924aec19: FollowerState was interrupted: java.lang.InterruptedException: sleep interrupted
2019-08-29 08:31:13,916 [grpc-default-executor-10] INFO  impl.RaftServerImpl (RaftServerImpl.java:setRole(171)) - 7cfaebde-8af2-48b8-8320-c065a7b881d3:group-AB2BFD5F97A1 changes role from FOLLOWER to FOLLOWER at term 1 for recognizeCandidate:e12b4279-35b8-444e-a86f-de17046566e7
2019-08-29 08:31:13,952 [grpc-default-executor-10] INFO  impl.RoleInfo (RoleInfo.java:shutdownFollowerState(121)) - 7cfaebde-8af2-48b8-8320-c065a7b881d3: shutdown FollowerState
2019-08-29 08:31:13,917 [6c31837e-6e29-47bb-a59a-cbce924aec19:group-400303C3F055:LeaderElection81] INFO  server.RaftServerConfigKeys (ConfUtils.java:logGet(43)) - raft.server.watch.element-limit = 65536 (default)
2019-08-29 08:31:13,917 [grpc-default-executor-9] INFO  impl.RoleInfo (RoleInfo.java:updateAndGet(143)) - 6c31837e-6e29-47bb-a59a-cbce924aec19: start FollowerState
2019-08-29 08:31:13,953 [6c31837e-6e29-47bb-a59a-cbce924aec19:group-400303C3F055:LeaderElection81] INFO  impl.RoleInfo (RoleInfo.java:updateAndGet(143)) - 6c31837e-6e29-47bb-a59a-cbce924aec19: start LeaderState
2019-08-29 08:31:13,952 [grpc-default-executor-10] INFO  impl.RoleInfo (RoleInfo.java:updateAndGet(143)) - 7cfaebde-8af2-48b8-8320-c065a7b881d3: start FollowerState
2019-08-29 08:31:13,953 [6c31837e-6e29-47bb-a59a-cbce924aec19:group-400303C3F055:LeaderElection81] INFO  segmented.SegmentedRaftLogWorker (SegmentedRaftLogWorker.java:startLogSegment(380)) - 6c31837e-6e29-47bb-a59a-cbce924aec19-SegmentedRaftLogWorker:Storage Directory /workdir/hadoop-ozone/integration-test/target/test-dir/MiniOzoneClusterImpl-8c07e826-c47b-4931-987d-73ac2cd5ddca/datanode-2/data/ratis/35aab04d-75de-4fa2-afc7-400303c3f055: Starting segment from index:0
2019-08-29 08:31:13,953 [6c31837e-6e29-47bb-a59a-cbce924aec19:group-400303C3F055:LeaderElection81] INFO  impl.RaftServerImpl (ServerState.java:setRaftConf(361)) - 6c31837e-6e29-47bb-a59a-cbce924aec19:group-400303C3F055 set configuration 0: [6c31837e-6e29-47bb-a59a-cbce924aec19:192.168.5.176:38428], old=null at 0
2019-08-29 08:31:13,958 [e12b4279-35b8-444e-a86f-de17046566e7-SegmentedRaftLogWorker:Storage Directory /workdir/hadoop-ozone/integration-test/target/test-dir/MiniOzoneClusterImpl-8c07e826-c47b-4931-987d-73ac2cd5ddca/datanode-1/data/ratis/54655cb0-721f-4c7d-8ca8-f63d2e0f99c0] INFO  segmented.SegmentedRaftLogWorker (SegmentedRaftLogWorker.java:execute(569)) - e12b4279-35b8-444e-a86f-de17046566e7-SegmentedRaftLogWorker:Storage Directory /workdir/hadoop-ozone/integration-test/target/test-dir/MiniOzoneClusterImpl-8c07e826-c47b-4931-987d-73ac2cd5ddca/datanode-1/data/ratis/54655cb0-721f-4c7d-8ca8-f63d2e0f99c0: created new log segment /workdir/hadoop-ozone/integration-test/target/test-dir/MiniOzoneClusterImpl-8c07e826-c47b-4931-987d-73ac2cd5ddca/datanode-1/data/ratis/54655cb0-721f-4c7d-8ca8-f63d2e0f99c0/current/log_inprogress_0
2019-08-29 08:31:13,958 [2cc9a7c5-5377-452e-b53b-b98038258734-SegmentedRaftLogWorker:Storage Directory /workdir/hadoop-ozone/integration-test/target/test-dir/MiniOzoneClusterImpl-8c07e826-c47b-4931-987d-73ac2cd5ddca/datanode-3/data/ratis/c06bc953-15dd-473f-9acb-a6b24757155e] INFO  segmented.SegmentedRaftLogWorker (SegmentedRaftLogWorker.java:execute(569)) - 2cc9a7c5-5377-452e-b53b-b98038258734-SegmentedRaftLogWorker:Storage Directory /workdir/hadoop-ozone/integration-test/target/test-dir/MiniOzoneClusterImpl-8c07e826-c47b-4931-987d-73ac2cd5ddca/datanode-3/data/ratis/c06bc953-15dd-473f-9acb-a6b24757155e: created new log segment /workdir/hadoop-ozone/integration-test/target/test-dir/MiniOzoneClusterImpl-8c07e826-c47b-4931-987d-73ac2cd5ddca/datanode-3/data/ratis/c06bc953-15dd-473f-9acb-a6b24757155e/current/log_inprogress_0
2019-08-29 08:31:13,982 | INFO  | SCMAudit | user=jenkins1000 | ip=192.168.5.176 | op=SEND_HEARTBEAT {datanodeUUID=bc6b7a81-d649-4b98-a2dd-a143f3cec515, command=[]} | ret=SUCCESS |  
2019-08-29 08:31:13,982 [e12b4279-35b8-444e-a86f-de17046566e7:group-AB2BFD5F97A1:LeaderElection80] INFO  impl.LeaderElection (LeaderElection.java:logAndReturn(56)) - e12b4279-35b8-444e-a86f-de17046566e7:group-AB2BFD5F97A1:LeaderElection80: Election PASSED; received 1 response(s) [e12b4279-35b8-444e-a86f-de17046566e7<-7cfaebde-8af2-48b8-8320-c065a7b881d3#0:OK-t1] and 0 exception(s); e12b4279-35b8-444e-a86f-de17046566e7:t1, leader=null, voted=e12b4279-35b8-444e-a86f-de17046566e7, raftlog=e12b4279-35b8-444e-a86f-de17046566e7-SegmentedRaftLog:OPENED:c-1,f-1,i0, conf=-1: [7cfaebde-8af2-48b8-8320-c065a7b881d3:192.168.5.176:45696, 6c31837e-6e29-47bb-a59a-cbce924aec19:192.168.5.176:38428, e12b4279-35b8-444e-a86f-de17046566e7:192.168.5.176:40842], old=null
2019-08-29 08:31:13,982 [e12b4279-35b8-444e-a86f-de17046566e7:group-AB2BFD5F97A1:LeaderElection80] INFO  impl.RoleInfo (RoleInfo.java:shutdownLeaderElection(134)) - e12b4279-35b8-444e-a86f-de17046566e7: shutdown LeaderElection
2019-08-29 08:31:13,983 [e12b4279-35b8-444e-a86f-de17046566e7:group-AB2BFD5F97A1:LeaderElection80] INFO  impl.RaftServerImpl (RaftServerImpl.java:setRole(171)) - e12b4279-35b8-444e-a86f-de17046566e7:group-AB2BFD5F97A1 changes role from CANDIDATE to LEADER at term 1 for changeToLeader
2019-08-29 08:31:13,983 [e12b4279-35b8-444e-a86f-de17046566e7:group-AB2BFD5F97A1:LeaderElection80] INFO  impl.RaftServerImpl (ServerState.java:setLeader(263)) - e12b4279-35b8-444e-a86f-de17046566e7:group-AB2BFD5F97A1 change Leader from null to e12b4279-35b8-444e-a86f-de17046566e7 at term 1 for becomeLeader, leader elected after 5194ms
2019-08-29 08:31:13,983 [e12b4279-35b8-444e-a86f-de17046566e7:group-AB2BFD5F97A1:LeaderElection80] INFO  server.RaftServerConfigKeys (ConfUtils.java:logGet(43)) - raft.server.staging.catchup.gap = 1000 (default)
2019-08-29 08:31:13,983 [e12b4279-35b8-444e-a86f-de17046566e7:group-AB2BFD5F97A1:LeaderElection80] INFO  server.RaftServerConfigKeys (ConfUtils.java:logGet(43)) - raft.server.rpc.sleep.time = 25ms (default)
2019-08-29 08:31:13,983 [e12b4279-35b8-444e-a86f-de17046566e7:group-AB2BFD5F97A1:LeaderElection80] INFO  server.RaftServerConfigKeys (ConfUtils.java:logGet(43)) - raft.server.write.element-limit = 4096 (default)
2019-08-29 08:31:13,983 [e12b4279-35b8-444e-a86f-de17046566e7:group-AB2BFD5F97A1:LeaderElection80] INFO  server.RaftServerConfigKeys (ConfUtils.java:logGet(43)) - raft.server.watch.timeout = 10s (default)
2019-08-29 08:31:13,983 [e12b4279-35b8-444e-a86f-de17046566e7:group-AB2BFD5F97A1:LeaderElection80] INFO  server.RaftServerConfigKeys (ConfUtils.java:logGet(43)) - raft.server.watch.timeout.denomination = 1s (default)
2019-08-29 08:31:13,983 [e12b4279-35b8-444e-a86f-de17046566e7:group-AB2BFD5F97A1:LeaderElection80] INFO  server.RaftServerConfigKeys (ConfUtils.java:logGet(43)) - raft.server.watch.element-limit = 65536 (default)
2019-08-29 08:31:13,984 [e12b4279-35b8-444e-a86f-de17046566e7:group-AB2BFD5F97A1:LeaderElection80] INFO  server.RaftServerConfigKeys (ConfUtils.java:logGet(43)) - raft.server.log.appender.snapshot.chunk.size.max = 16MB (=16777216) (default)
2019-08-29 08:31:13,984 [e12b4279-35b8-444e-a86f-de17046566e7:group-AB2BFD5F97A1:LeaderElection80] INFO  server.RaftServerConfigKeys (ConfUtils.java:logGet(43)) - raft.server.log.appender.buffer.byte-limit = 33554432 (custom)
2019-08-29 08:31:13,984 [e12b4279-35b8-444e-a86f-de17046566e7:group-AB2BFD5F97A1:LeaderElection80] INFO  server.RaftServerConfigKeys (ConfUtils.java:logGet(43)) - raft.server.log.appender.buffer.element-limit = 1 (custom)
2019-08-29 08:31:13,984 [e12b4279-35b8-444e-a86f-de17046566e7:group-AB2BFD5F97A1:LeaderElection80] INFO  grpc.GrpcConfigKeys$Server (ConfUtils.java:logGet(43)) - raft.grpc.server.leader.outstanding.appends.max = 128 (default)
2019-08-29 08:31:13,984 [e12b4279-35b8-444e-a86f-de17046566e7:group-AB2BFD5F97A1:LeaderElection80] INFO  server.RaftServerConfigKeys (ConfUtils.java:logGet(43)) - raft.server.rpc.request.timeout = 3000ms (default)
2019-08-29 08:31:13,984 [e12b4279-35b8-444e-a86f-de17046566e7:group-AB2BFD5F97A1:LeaderElection80] INFO  server.RaftServerConfigKeys (ConfUtils.java:logGet(43)) - raft.server.log.appender.install.snapshot.enabled = false (custom)
2019-08-29 08:31:13,985 [e12b4279-35b8-444e-a86f-de17046566e7:group-AB2BFD5F97A1:LeaderElection80] INFO  server.RaftServerConfigKeys (ConfUtils.java:logGet(43)) - raft.server.log.appender.snapshot.chunk.size.max = 16MB (=16777216) (default)
2019-08-29 08:31:13,985 [e12b4279-35b8-444e-a86f-de17046566e7:group-AB2BFD5F97A1:LeaderElection80] INFO  server.RaftServerConfigKeys (ConfUtils.java:logGet(43)) - raft.server.log.appender.buffer.byte-limit = 33554432 (custom)
2019-08-29 08:31:13,985 [e12b4279-35b8-444e-a86f-de17046566e7:group-AB2BFD5F97A1:LeaderElection80] INFO  server.RaftServerConfigKeys (ConfUtils.java:logGet(43)) - raft.server.log.appender.buffer.element-limit = 1 (custom)
2019-08-29 08:31:13,985 [e12b4279-35b8-444e-a86f-de17046566e7:group-AB2BFD5F97A1:LeaderElection80] INFO  grpc.GrpcConfigKeys$Server (ConfUtils.java:logGet(43)) - raft.grpc.server.leader.outstanding.appends.max = 128 (default)
2019-08-29 08:31:13,985 [e12b4279-35b8-444e-a86f-de17046566e7:group-AB2BFD5F97A1:LeaderElection80] INFO  server.RaftServerConfigKeys (ConfUtils.java:logGet(43)) - raft.server.rpc.request.timeout = 3000ms (default)
2019-08-29 08:31:13,985 [e12b4279-35b8-444e-a86f-de17046566e7:group-AB2BFD5F97A1:LeaderElection80] INFO  server.RaftServerConfigKeys (ConfUtils.java:logGet(43)) - raft.server.log.appender.install.snapshot.enabled = false (custom)
2019-08-29 08:31:13,985 [e12b4279-35b8-444e-a86f-de17046566e7:group-AB2BFD5F97A1:LeaderElection80] INFO  impl.RoleInfo (RoleInfo.java:updateAndGet(143)) - e12b4279-35b8-444e-a86f-de17046566e7: start LeaderState
2019-08-29 08:31:13,986 [e12b4279-35b8-444e-a86f-de17046566e7:group-AB2BFD5F97A1:LeaderElection80] INFO  segmented.SegmentedRaftLogWorker (SegmentedRaftLogWorker.java:startLogSegment(380)) - e12b4279-35b8-444e-a86f-de17046566e7-SegmentedRaftLogWorker:Storage Directory /workdir/hadoop-ozone/integration-test/target/test-dir/MiniOzoneClusterImpl-8c07e826-c47b-4931-987d-73ac2cd5ddca/datanode-1/data/ratis/954f2737-7c8a-4e9d-8b56-ab2bfd5f97a1: Starting segment from index:0
2019-08-29 08:31:13,986 [e12b4279-35b8-444e-a86f-de17046566e7:group-AB2BFD5F97A1:LeaderElection80] INFO  impl.RaftServerImpl (ServerState.java:setRaftConf(361)) - e12b4279-35b8-444e-a86f-de17046566e7:group-AB2BFD5F97A1 set configuration 0: [7cfaebde-8af2-48b8-8320-c065a7b881d3:192.168.5.176:45696, 6c31837e-6e29-47bb-a59a-cbce924aec19:192.168.5.176:38428, e12b4279-35b8-444e-a86f-de17046566e7:192.168.5.176:40842], old=null at 0
2019-08-29 08:31:13,987 [grpc-default-executor-9] INFO  impl.RaftServerImpl (ServerState.java:setLeader(263)) - 7cfaebde-8af2-48b8-8320-c065a7b881d3:group-AB2BFD5F97A1 change Leader from null to e12b4279-35b8-444e-a86f-de17046566e7 at term 1 for appendEntries, leader elected after 5199ms
2019-08-29 08:31:14,019 [grpc-default-executor-10] INFO  impl.RaftServerImpl (ServerState.java:setLeader(263)) - 6c31837e-6e29-47bb-a59a-cbce924aec19:group-AB2BFD5F97A1 change Leader from null to e12b4279-35b8-444e-a86f-de17046566e7 at term 1 for appendEntries, leader elected after 5230ms
2019-08-29 08:31:14,019 [6c31837e-6e29-47bb-a59a-cbce924aec19-SegmentedRaftLogWorker:Storage Directory /workdir/hadoop-ozone/integration-test/target/test-dir/MiniOzoneClusterImpl-8c07e826-c47b-4931-987d-73ac2cd5ddca/datanode-2/data/ratis/35aab04d-75de-4fa2-afc7-400303c3f055] INFO  segmented.SegmentedRaftLogWorker (SegmentedRaftLogWorker.java:execute(569)) - 6c31837e-6e29-47bb-a59a-cbce924aec19-SegmentedRaftLogWorker:Storage Directory /workdir/hadoop-ozone/integration-test/target/test-dir/MiniOzoneClusterImpl-8c07e826-c47b-4931-987d-73ac2cd5ddca/datanode-2/data/ratis/35aab04d-75de-4fa2-afc7-400303c3f055: created new log segment /workdir/hadoop-ozone/integration-test/target/test-dir/MiniOzoneClusterImpl-8c07e826-c47b-4931-987d-73ac2cd5ddca/datanode-2/data/ratis/35aab04d-75de-4fa2-afc7-400303c3f055/current/log_inprogress_0
2019-08-29 08:31:14,019 [Thread-3853] INFO  impl.FollowerState (FollowerState.java:run(106)) - 9f8785e0-a018-4c06-b04f-e9b08840f25e:group-BCC57303FEAF changes to CANDIDATE, lastRpcTime:5148, electionTimeout:5134ms
2019-08-29 08:31:14,019 [Thread-3853] INFO  impl.RoleInfo (RoleInfo.java:shutdownFollowerState(121)) - 9f8785e0-a018-4c06-b04f-e9b08840f25e: shutdown FollowerState
2019-08-29 08:31:14,019 [Thread-3853] INFO  impl.RaftServerImpl (RaftServerImpl.java:setRole(171)) - 9f8785e0-a018-4c06-b04f-e9b08840f25e:group-BCC57303FEAF changes role from FOLLOWER to CANDIDATE at term 0 for changeToCandidate
2019-08-29 08:31:14,019 [Thread-3853] INFO  impl.RoleInfo (RoleInfo.java:updateAndGet(143)) - 9f8785e0-a018-4c06-b04f-e9b08840f25e: start LeaderElection
2019-08-29 08:31:14,027 [grpc-default-executor-10] INFO  impl.RaftServerImpl (ServerState.java:setRaftConf(361)) - 7cfaebde-8af2-48b8-8320-c065a7b881d3:group-AB2BFD5F97A1 set configuration 0: [7cfaebde-8af2-48b8-8320-c065a7b881d3:192.168.5.176:45696, 6c31837e-6e29-47bb-a59a-cbce924aec19:192.168.5.176:38428, e12b4279-35b8-444e-a86f-de17046566e7:192.168.5.176:40842], old=null at 0
2019-08-29 08:31:14,027 [grpc-default-executor-10] INFO  segmented.SegmentedRaftLogWorker (SegmentedRaftLogWorker.java:startLogSegment(380)) - 7cfaebde-8af2-48b8-8320-c065a7b881d3-SegmentedRaftLogWorker:Storage Directory /workdir/hadoop-ozone/integration-test/target/test-dir/MiniOzoneClusterImpl-8c07e826-c47b-4931-987d-73ac2cd5ddca/datanode-0/data/ratis/954f2737-7c8a-4e9d-8b56-ab2bfd5f97a1: Starting segment from index:0
2019-08-29 08:31:14,027 [grpc-default-executor-9] INFO  impl.RaftServerImpl (ServerState.java:setRaftConf(361)) - 6c31837e-6e29-47bb-a59a-cbce924aec19:group-AB2BFD5F97A1 set configuration 0: [7cfaebde-8af2-48b8-8320-c065a7b881d3:192.168.5.176:45696, 6c31837e-6e29-47bb-a59a-cbce924aec19:192.168.5.176:38428, e12b4279-35b8-444e-a86f-de17046566e7:192.168.5.176:40842], old=null at 0
2019-08-29 08:31:14,027 [grpc-default-executor-9] INFO  segmented.SegmentedRaftLogWorker (SegmentedRaftLogWorker.java:startLogSegment(380)) - 6c31837e-6e29-47bb-a59a-cbce924aec19-SegmentedRaftLogWorker:Storage Directory /workdir/hadoop-ozone/integration-test/target/test-dir/MiniOzoneClusterImpl-8c07e826-c47b-4931-987d-73ac2cd5ddca/datanode-2/data/ratis/954f2737-7c8a-4e9d-8b56-ab2bfd5f97a1: Starting segment from index:0
2019-08-29 08:31:14,029 [e12b4279-35b8-444e-a86f-de17046566e7-SegmentedRaftLogWorker:Storage Directory /workdir/hadoop-ozone/integration-test/target/test-dir/MiniOzoneClusterImpl-8c07e826-c47b-4931-987d-73ac2cd5ddca/datanode-1/data/ratis/954f2737-7c8a-4e9d-8b56-ab2bfd5f97a1] INFO  segmented.SegmentedRaftLogWorker (SegmentedRaftLogWorker.java:execute(569)) - e12b4279-35b8-444e-a86f-de17046566e7-SegmentedRaftLogWorker:Storage Directory /workdir/hadoop-ozone/integration-test/target/test-dir/MiniOzoneClusterImpl-8c07e826-c47b-4931-987d-73ac2cd5ddca/datanode-1/data/ratis/954f2737-7c8a-4e9d-8b56-ab2bfd5f97a1: created new log segment /workdir/hadoop-ozone/integration-test/target/test-dir/MiniOzoneClusterImpl-8c07e826-c47b-4931-987d-73ac2cd5ddca/datanode-1/data/ratis/954f2737-7c8a-4e9d-8b56-ab2bfd5f97a1/current/log_inprogress_0
2019-08-29 08:31:14,041 [9f8785e0-a018-4c06-b04f-e9b08840f25e:group-BCC57303FEAF:LeaderElection83] INFO  impl.LeaderElection (LeaderElection.java:askForVotes(181)) - 9f8785e0-a018-4c06-b04f-e9b08840f25e:group-BCC57303FEAF:LeaderElection83: begin an election at term 1 for -1: [9f8785e0-a018-4c06-b04f-e9b08840f25e:192.168.5.176:35322], old=null
2019-08-29 08:31:14,041 [9f8785e0-a018-4c06-b04f-e9b08840f25e:group-BCC57303FEAF:LeaderElection83] INFO  impl.RoleInfo (RoleInfo.java:shutdownLeaderElection(134)) - 9f8785e0-a018-4c06-b04f-e9b08840f25e: shutdown LeaderElection
2019-08-29 08:31:14,041 [9f8785e0-a018-4c06-b04f-e9b08840f25e:group-BCC57303FEAF:LeaderElection83] INFO  impl.RaftServerImpl (RaftServerImpl.java:setRole(171)) - 9f8785e0-a018-4c06-b04f-e9b08840f25e:group-BCC57303FEAF changes role from CANDIDATE to LEADER at term 1 for changeToLeader
2019-08-29 08:31:14,041 [9f8785e0-a018-4c06-b04f-e9b08840f25e:group-BCC57303FEAF:LeaderElection83] INFO  impl.RaftServerImpl (ServerState.java:setLeader(263)) - 9f8785e0-a018-4c06-b04f-e9b08840f25e:group-BCC57303FEAF change Leader from null to 9f8785e0-a018-4c06-b04f-e9b08840f25e at term 1 for becomeLeader, leader elected after 5172ms
2019-08-29 08:31:14,041 [9f8785e0-a018-4c06-b04f-e9b08840f25e:group-BCC57303FEAF:LeaderElection83] INFO  server.RaftServerConfigKeys (ConfUtils.java:logGet(43)) - raft.server.staging.catchup.gap = 1000 (default)
2019-08-29 08:31:14,041 [9f8785e0-a018-4c06-b04f-e9b08840f25e:group-BCC57303FEAF:LeaderElection83] INFO  server.RaftServerConfigKeys (ConfUtils.java:logGet(43)) - raft.server.rpc.sleep.time = 25ms (default)
2019-08-29 08:31:14,041 [9f8785e0-a018-4c06-b04f-e9b08840f25e:group-BCC57303FEAF:LeaderElection83] INFO  server.RaftServerConfigKeys (ConfUtils.java:logGet(43)) - raft.server.write.element-limit = 4096 (default)
2019-08-29 08:31:14,042 [9f8785e0-a018-4c06-b04f-e9b08840f25e:group-BCC57303FEAF:LeaderElection83] INFO  server.RaftServerConfigKeys (ConfUtils.java:logGet(43)) - raft.server.watch.timeout = 10s (default)
2019-08-29 08:31:14,042 [9f8785e0-a018-4c06-b04f-e9b08840f25e:group-BCC57303FEAF:LeaderElection83] INFO  server.RaftServerConfigKeys (ConfUtils.java:logGet(43)) - raft.server.watch.timeout.denomination = 1s (default)
2019-08-29 08:31:14,042 [9f8785e0-a018-4c06-b04f-e9b08840f25e:group-BCC57303FEAF:LeaderElection83] INFO  server.RaftServerConfigKeys (ConfUtils.java:logGet(43)) - raft.server.watch.element-limit = 65536 (default)
2019-08-29 08:31:14,042 [9f8785e0-a018-4c06-b04f-e9b08840f25e:group-BCC57303FEAF:LeaderElection83] INFO  impl.RoleInfo (RoleInfo.java:updateAndGet(143)) - 9f8785e0-a018-4c06-b04f-e9b08840f25e: start LeaderState
2019-08-29 08:31:14,042 [9f8785e0-a018-4c06-b04f-e9b08840f25e:group-BCC57303FEAF:LeaderElection83] INFO  segmented.SegmentedRaftLogWorker (SegmentedRaftLogWorker.java:startLogSegment(380)) - 9f8785e0-a018-4c06-b04f-e9b08840f25e-SegmentedRaftLogWorker:Storage Directory /workdir/hadoop-ozone/integration-test/target/test-dir/MiniOzoneClusterImpl-8c07e826-c47b-4931-987d-73ac2cd5ddca/datanode-4/data/ratis/030c423d-1b05-4dd8-92fe-bcc57303feaf: Starting segment from index:0
2019-08-29 08:31:14,043 [9f8785e0-a018-4c06-b04f-e9b08840f25e:group-BCC57303FEAF:LeaderElection83] INFO  impl.RaftServerImpl (ServerState.java:setRaftConf(361)) - 9f8785e0-a018-4c06-b04f-e9b08840f25e:group-BCC57303FEAF set configuration 0: [9f8785e0-a018-4c06-b04f-e9b08840f25e:192.168.5.176:35322], old=null at 0
2019-08-29 08:31:14,049 [Thread-3859] INFO  impl.FollowerState (FollowerState.java:run(106)) - 2cc9a7c5-5377-452e-b53b-b98038258734:group-BA22A22325CE changes to CANDIDATE, lastRpcTime:5046, electionTimeout:5046ms
2019-08-29 08:31:14,049 [Thread-3859] INFO  impl.RoleInfo (RoleInfo.java:shutdownFollowerState(121)) - 2cc9a7c5-5377-452e-b53b-b98038258734: shutdown FollowerState
2019-08-29 08:31:14,049 [Thread-3859] INFO  impl.RaftServerImpl (RaftServerImpl.java:setRole(171)) - 2cc9a7c5-5377-452e-b53b-b98038258734:group-BA22A22325CE changes role from FOLLOWER to CANDIDATE at term 0 for changeToCandidate
2019-08-29 08:31:14,049 [Thread-3859] INFO  impl.RoleInfo (RoleInfo.java:updateAndGet(143)) - 2cc9a7c5-5377-452e-b53b-b98038258734: start LeaderElection
2019-08-29 08:31:14,071 [Thread-3856] INFO  impl.FollowerState (FollowerState.java:run(106)) - b7500143-f2c4-48ed-bac6-0cd36d85de29:group-55B46E5E220B changes to CANDIDATE, lastRpcTime:5122, electionTimeout:5110ms
2019-08-29 08:31:14,073 [Thread-3856] INFO  impl.RoleInfo (RoleInfo.java:shutdownFollowerState(121)) - b7500143-f2c4-48ed-bac6-0cd36d85de29: shutdown FollowerState
2019-08-29 08:31:14,074 [Thread-3856] INFO  impl.RaftServerImpl (RaftServerImpl.java:setRole(171)) - b7500143-f2c4-48ed-bac6-0cd36d85de29:group-55B46E5E220B changes role from FOLLOWER to CANDIDATE at term 0 for changeToCandidate
2019-08-29 08:31:14,074 [Thread-3856] INFO  impl.RoleInfo (RoleInfo.java:updateAndGet(143)) - b7500143-f2c4-48ed-bac6-0cd36d85de29: start LeaderElection
2019-08-29 08:31:14,078 [6c31837e-6e29-47bb-a59a-cbce924aec19-SegmentedRaftLogWorker:Storage Directory /workdir/hadoop-ozone/integration-test/target/test-dir/MiniOzoneClusterImpl-8c07e826-c47b-4931-987d-73ac2cd5ddca/datanode-2/data/ratis/954f2737-7c8a-4e9d-8b56-ab2bfd5f97a1] INFO  segmented.SegmentedRaftLogWorker (SegmentedRaftLogWorker.java:execute(569)) - 6c31837e-6e29-47bb-a59a-cbce924aec19-SegmentedRaftLogWorker:Storage Directory /workdir/hadoop-ozone/integration-test/target/test-dir/MiniOzoneClusterImpl-8c07e826-c47b-4931-987d-73ac2cd5ddca/datanode-2/data/ratis/954f2737-7c8a-4e9d-8b56-ab2bfd5f97a1: created new log segment /workdir/hadoop-ozone/integration-test/target/test-dir/MiniOzoneClusterImpl-8c07e826-c47b-4931-987d-73ac2cd5ddca/datanode-2/data/ratis/954f2737-7c8a-4e9d-8b56-ab2bfd5f97a1/current/log_inprogress_0
2019-08-29 08:31:14,078 [9f8785e0-a018-4c06-b04f-e9b08840f25e-SegmentedRaftLogWorker:Storage Directory /workdir/hadoop-ozone/integration-test/target/test-dir/MiniOzoneClusterImpl-8c07e826-c47b-4931-987d-73ac2cd5ddca/datanode-4/data/ratis/030c423d-1b05-4dd8-92fe-bcc57303feaf] INFO  segmented.SegmentedRaftLogWorker (SegmentedRaftLogWorker.java:execute(569)) - 9f8785e0-a018-4c06-b04f-e9b08840f25e-SegmentedRaftLogWorker:Storage Directory /workdir/hadoop-ozone/integration-test/target/test-dir/MiniOzoneClusterImpl-8c07e826-c47b-4931-987d-73ac2cd5ddca/datanode-4/data/ratis/030c423d-1b05-4dd8-92fe-bcc57303feaf: created new log segment /workdir/hadoop-ozone/integration-test/target/test-dir/MiniOzoneClusterImpl-8c07e826-c47b-4931-987d-73ac2cd5ddca/datanode-4/data/ratis/030c423d-1b05-4dd8-92fe-bcc57303feaf/current/log_inprogress_0
2019-08-29 08:31:14,078 [7cfaebde-8af2-48b8-8320-c065a7b881d3-SegmentedRaftLogWorker:Storage Directory /workdir/hadoop-ozone/integration-test/target/test-dir/MiniOzoneClusterImpl-8c07e826-c47b-4931-987d-73ac2cd5ddca/datanode-0/data/ratis/954f2737-7c8a-4e9d-8b56-ab2bfd5f97a1] INFO  segmented.SegmentedRaftLogWorker (SegmentedRaftLogWorker.java:execute(569)) - 7cfaebde-8af2-48b8-8320-c065a7b881d3-SegmentedRaftLogWorker:Storage Directory /workdir/hadoop-ozone/integration-test/target/test-dir/MiniOzoneClusterImpl-8c07e826-c47b-4931-987d-73ac2cd5ddca/datanode-0/data/ratis/954f2737-7c8a-4e9d-8b56-ab2bfd5f97a1: created new log segment /workdir/hadoop-ozone/integration-test/target/test-dir/MiniOzoneClusterImpl-8c07e826-c47b-4931-987d-73ac2cd5ddca/datanode-0/data/ratis/954f2737-7c8a-4e9d-8b56-ab2bfd5f97a1/current/log_inprogress_0
2019-08-29 08:31:14,092 [b7500143-f2c4-48ed-bac6-0cd36d85de29:group-55B46E5E220B:LeaderElection85] INFO  impl.LeaderElection (LeaderElection.java:askForVotes(181)) - b7500143-f2c4-48ed-bac6-0cd36d85de29:group-55B46E5E220B:LeaderElection85: begin an election at term 1 for -1: [b7500143-f2c4-48ed-bac6-0cd36d85de29:192.168.5.176:33184], old=null
2019-08-29 08:31:14,092 [2cc9a7c5-5377-452e-b53b-b98038258734:group-BA22A22325CE:LeaderElection84] INFO  impl.LeaderElection (LeaderElection.java:askForVotes(181)) - 2cc9a7c5-5377-452e-b53b-b98038258734:group-BA22A22325CE:LeaderElection84: begin an election at term 1 for -1: [2cc9a7c5-5377-452e-b53b-b98038258734:192.168.5.176:36455, b7500143-f2c4-48ed-bac6-0cd36d85de29:192.168.5.176:33184, 9f8785e0-a018-4c06-b04f-e9b08840f25e:192.168.5.176:35322], old=null
2019-08-29 08:31:14,092 [b7500143-f2c4-48ed-bac6-0cd36d85de29:group-55B46E5E220B:LeaderElection85] INFO  impl.RoleInfo (RoleInfo.java:shutdownLeaderElection(134)) - b7500143-f2c4-48ed-bac6-0cd36d85de29: shutdown LeaderElection
2019-08-29 08:31:14,092 [b7500143-f2c4-48ed-bac6-0cd36d85de29:group-55B46E5E220B:LeaderElection85] INFO  impl.RaftServerImpl (RaftServerImpl.java:setRole(171)) - b7500143-f2c4-48ed-bac6-0cd36d85de29:group-55B46E5E220B changes role from CANDIDATE to LEADER at term 1 for changeToLeader
2019-08-29 08:31:14,092 [b7500143-f2c4-48ed-bac6-0cd36d85de29:group-55B46E5E220B:LeaderElection85] INFO  impl.RaftServerImpl (ServerState.java:setLeader(263)) - b7500143-f2c4-48ed-bac6-0cd36d85de29:group-55B46E5E220B change Leader from null to b7500143-f2c4-48ed-bac6-0cd36d85de29 at term 1 for becomeLeader, leader elected after 5147ms
2019-08-29 08:31:14,092 [b7500143-f2c4-48ed-bac6-0cd36d85de29:group-55B46E5E220B:LeaderElection85] INFO  server.RaftServerConfigKeys (ConfUtils.java:logGet(43)) - raft.server.staging.catchup.gap = 1000 (default)
2019-08-29 08:31:14,093 [b7500143-f2c4-48ed-bac6-0cd36d85de29:group-55B46E5E220B:LeaderElection85] INFO  server.RaftServerConfigKeys (ConfUtils.java:logGet(43)) - raft.server.rpc.sleep.time = 25ms (default)
2019-08-29 08:31:14,093 [b7500143-f2c4-48ed-bac6-0cd36d85de29:group-55B46E5E220B:LeaderElection85] INFO  server.RaftServerConfigKeys (ConfUtils.java:logGet(43)) - raft.server.write.element-limit = 4096 (default)
2019-08-29 08:31:14,093 [b7500143-f2c4-48ed-bac6-0cd36d85de29:group-55B46E5E220B:LeaderElection85] INFO  server.RaftServerConfigKeys (ConfUtils.java:logGet(43)) - raft.server.watch.timeout = 10s (default)
2019-08-29 08:31:14,093 [b7500143-f2c4-48ed-bac6-0cd36d85de29:group-55B46E5E220B:LeaderElection85] INFO  server.RaftServerConfigKeys (ConfUtils.java:logGet(43)) - raft.server.watch.timeout.denomination = 1s (default)
2019-08-29 08:31:14,093 [b7500143-f2c4-48ed-bac6-0cd36d85de29:group-55B46E5E220B:LeaderElection85] INFO  server.RaftServerConfigKeys (ConfUtils.java:logGet(43)) - raft.server.watch.element-limit = 65536 (default)
2019-08-29 08:31:14,093 [b7500143-f2c4-48ed-bac6-0cd36d85de29:group-55B46E5E220B:LeaderElection85] INFO  impl.RoleInfo (RoleInfo.java:updateAndGet(143)) - b7500143-f2c4-48ed-bac6-0cd36d85de29: start LeaderState
2019-08-29 08:31:14,093 [b7500143-f2c4-48ed-bac6-0cd36d85de29:group-55B46E5E220B:LeaderElection85] INFO  segmented.SegmentedRaftLogWorker (SegmentedRaftLogWorker.java:startLogSegment(380)) - b7500143-f2c4-48ed-bac6-0cd36d85de29-SegmentedRaftLogWorker:Storage Directory /workdir/hadoop-ozone/integration-test/target/test-dir/MiniOzoneClusterImpl-8c07e826-c47b-4931-987d-73ac2cd5ddca/datanode-5/data/ratis/aa244804-9aca-43a5-a215-55b46e5e220b: Starting segment from index:0
2019-08-29 08:31:14,094 [b7500143-f2c4-48ed-bac6-0cd36d85de29:group-55B46E5E220B:LeaderElection85] INFO  impl.RaftServerImpl (ServerState.java:setRaftConf(361)) - b7500143-f2c4-48ed-bac6-0cd36d85de29:group-55B46E5E220B set configuration 0: [b7500143-f2c4-48ed-bac6-0cd36d85de29:192.168.5.176:33184], old=null at 0
2019-08-29 08:31:14,120 [grpc-default-executor-10] INFO  impl.RaftServerImpl (RaftServerImpl.java:setRole(171)) - 9f8785e0-a018-4c06-b04f-e9b08840f25e:group-BA22A22325CE changes role from FOLLOWER to FOLLOWER at term 1 for recognizeCandidate:2cc9a7c5-5377-452e-b53b-b98038258734
2019-08-29 08:31:14,124 [grpc-default-executor-9] INFO  impl.RaftServerImpl (RaftServerImpl.java:setRole(171)) - b7500143-f2c4-48ed-bac6-0cd36d85de29:group-BA22A22325CE changes role from FOLLOWER to FOLLOWER at term 1 for recognizeCandidate:2cc9a7c5-5377-452e-b53b-b98038258734
2019-08-29 08:31:14,124 [grpc-default-executor-10] INFO  impl.RoleInfo (RoleInfo.java:shutdownFollowerState(121)) - 9f8785e0-a018-4c06-b04f-e9b08840f25e: shutdown FollowerState
2019-08-29 08:31:14,124 [grpc-default-executor-9] INFO  impl.RoleInfo (RoleInfo.java:shutdownFollowerState(121)) - b7500143-f2c4-48ed-bac6-0cd36d85de29: shutdown FollowerState
2019-08-29 08:31:14,124 [grpc-default-executor-10] INFO  impl.RoleInfo (RoleInfo.java:updateAndGet(143)) - 9f8785e0-a018-4c06-b04f-e9b08840f25e: start FollowerState
2019-08-29 08:31:14,125 [Thread-3865] INFO  impl.FollowerState (FollowerState.java:run(114)) - b7500143-f2c4-48ed-bac6-0cd36d85de29: FollowerState was interrupted: java.lang.InterruptedException: sleep interrupted
2019-08-29 08:31:14,125 [grpc-default-executor-9] INFO  impl.RoleInfo (RoleInfo.java:updateAndGet(143)) - b7500143-f2c4-48ed-bac6-0cd36d85de29: start FollowerState
2019-08-29 08:31:14,129 [b7500143-f2c4-48ed-bac6-0cd36d85de29-SegmentedRaftLogWorker:Storage Directory /workdir/hadoop-ozone/integration-test/target/test-dir/MiniOzoneClusterImpl-8c07e826-c47b-4931-987d-73ac2cd5ddca/datanode-5/data/ratis/aa244804-9aca-43a5-a215-55b46e5e220b] INFO  segmented.SegmentedRaftLogWorker (SegmentedRaftLogWorker.java:execute(569)) - b7500143-f2c4-48ed-bac6-0cd36d85de29-SegmentedRaftLogWorker:Storage Directory /workdir/hadoop-ozone/integration-test/target/test-dir/MiniOzoneClusterImpl-8c07e826-c47b-4931-987d-73ac2cd5ddca/datanode-5/data/ratis/aa244804-9aca-43a5-a215-55b46e5e220b: created new log segment /workdir/hadoop-ozone/integration-test/target/test-dir/MiniOzoneClusterImpl-8c07e826-c47b-4931-987d-73ac2cd5ddca/datanode-5/data/ratis/aa244804-9aca-43a5-a215-55b46e5e220b/current/log_inprogress_0
2019-08-29 08:31:14,144 [2cc9a7c5-5377-452e-b53b-b98038258734:group-BA22A22325CE:LeaderElection84] INFO  impl.LeaderElection (LeaderElection.java:logAndReturn(56)) - 2cc9a7c5-5377-452e-b53b-b98038258734:group-BA22A22325CE:LeaderElection84: Election PASSED; received 1 response(s) [2cc9a7c5-5377-452e-b53b-b98038258734<-9f8785e0-a018-4c06-b04f-e9b08840f25e#0:OK-t1] and 0 exception(s); 2cc9a7c5-5377-452e-b53b-b98038258734:t1, leader=null, voted=2cc9a7c5-5377-452e-b53b-b98038258734, raftlog=2cc9a7c5-5377-452e-b53b-b98038258734-SegmentedRaftLog:OPENED:c-1,f-1,i0, conf=-1: [2cc9a7c5-5377-452e-b53b-b98038258734:192.168.5.176:36455, b7500143-f2c4-48ed-bac6-0cd36d85de29:192.168.5.176:33184, 9f8785e0-a018-4c06-b04f-e9b08840f25e:192.168.5.176:35322], old=null
2019-08-29 08:31:14,144 [2cc9a7c5-5377-452e-b53b-b98038258734:group-BA22A22325CE:LeaderElection84] INFO  impl.RoleInfo (RoleInfo.java:shutdownLeaderElection(134)) - 2cc9a7c5-5377-452e-b53b-b98038258734: shutdown LeaderElection
2019-08-29 08:31:14,144 [2cc9a7c5-5377-452e-b53b-b98038258734:group-BA22A22325CE:LeaderElection84] INFO  impl.RaftServerImpl (RaftServerImpl.java:setRole(171)) - 2cc9a7c5-5377-452e-b53b-b98038258734:group-BA22A22325CE changes role from CANDIDATE to LEADER at term 1 for changeToLeader
2019-08-29 08:31:14,145 [2cc9a7c5-5377-452e-b53b-b98038258734:group-BA22A22325CE:LeaderElection84] INFO  impl.RaftServerImpl (ServerState.java:setLeader(263)) - 2cc9a7c5-5377-452e-b53b-b98038258734:group-BA22A22325CE change Leader from null to 2cc9a7c5-5377-452e-b53b-b98038258734 at term 1 for becomeLeader, leader elected after 5149ms
2019-08-29 08:31:14,145 [2cc9a7c5-5377-452e-b53b-b98038258734:group-BA22A22325CE:LeaderElection84] INFO  server.RaftServerConfigKeys (ConfUtils.java:logGet(43)) - raft.server.staging.catchup.gap = 1000 (default)
2019-08-29 08:31:14,145 [2cc9a7c5-5377-452e-b53b-b98038258734:group-BA22A22325CE:LeaderElection84] INFO  server.RaftServerConfigKeys (ConfUtils.java:logGet(43)) - raft.server.rpc.sleep.time = 25ms (default)
2019-08-29 08:31:14,145 [2cc9a7c5-5377-452e-b53b-b98038258734:group-BA22A22325CE:LeaderElection84] INFO  server.RaftServerConfigKeys (ConfUtils.java:logGet(43)) - raft.server.write.element-limit = 4096 (default)
2019-08-29 08:31:14,145 [2cc9a7c5-5377-452e-b53b-b98038258734:group-BA22A22325CE:LeaderElection84] INFO  server.RaftServerConfigKeys (ConfUtils.java:logGet(43)) - raft.server.watch.timeout = 10s (default)
2019-08-29 08:31:14,145 [2cc9a7c5-5377-452e-b53b-b98038258734:group-BA22A22325CE:LeaderElection84] INFO  server.RaftServerConfigKeys (ConfUtils.java:logGet(43)) - raft.server.watch.timeout.denomination = 1s (default)
2019-08-29 08:31:14,146 [2cc9a7c5-5377-452e-b53b-b98038258734:group-BA22A22325CE:LeaderElection84] INFO  server.RaftServerConfigKeys (ConfUtils.java:logGet(43)) - raft.server.watch.element-limit = 65536 (default)
2019-08-29 08:31:14,146 [2cc9a7c5-5377-452e-b53b-b98038258734:group-BA22A22325CE:LeaderElection84] INFO  server.RaftServerConfigKeys (ConfUtils.java:logGet(43)) - raft.server.log.appender.snapshot.chunk.size.max = 16MB (=16777216) (default)
2019-08-29 08:31:14,146 [2cc9a7c5-5377-452e-b53b-b98038258734:group-BA22A22325CE:LeaderElection84] INFO  server.RaftServerConfigKeys (ConfUtils.java:logGet(43)) - raft.server.log.appender.buffer.byte-limit = 33554432 (custom)
2019-08-29 08:31:14,146 [2cc9a7c5-5377-452e-b53b-b98038258734:group-BA22A22325CE:LeaderElection84] INFO  server.RaftServerConfigKeys (ConfUtils.java:logGet(43)) - raft.server.log.appender.buffer.element-limit = 1 (custom)
2019-08-29 08:31:14,147 [2cc9a7c5-5377-452e-b53b-b98038258734:group-BA22A22325CE:LeaderElection84] INFO  grpc.GrpcConfigKeys$Server (ConfUtils.java:logGet(43)) - raft.grpc.server.leader.outstanding.appends.max = 128 (default)
2019-08-29 08:31:14,147 [2cc9a7c5-5377-452e-b53b-b98038258734:group-BA22A22325CE:LeaderElection84] INFO  server.RaftServerConfigKeys (ConfUtils.java:logGet(43)) - raft.server.rpc.request.timeout = 3000ms (default)
2019-08-29 08:31:14,147 [2cc9a7c5-5377-452e-b53b-b98038258734:group-BA22A22325CE:LeaderElection84] INFO  server.RaftServerConfigKeys (ConfUtils.java:logGet(43)) - raft.server.log.appender.install.snapshot.enabled = false (custom)
2019-08-29 08:31:14,147 [2cc9a7c5-5377-452e-b53b-b98038258734:group-BA22A22325CE:LeaderElection84] INFO  server.RaftServerConfigKeys (ConfUtils.java:logGet(43)) - raft.server.log.appender.snapshot.chunk.size.max = 16MB (=16777216) (default)
2019-08-29 08:31:14,147 [2cc9a7c5-5377-452e-b53b-b98038258734:group-BA22A22325CE:LeaderElection84] INFO  server.RaftServerConfigKeys (ConfUtils.java:logGet(43)) - raft.server.log.appender.buffer.byte-limit = 33554432 (custom)
2019-08-29 08:31:14,147 [2cc9a7c5-5377-452e-b53b-b98038258734:group-BA22A22325CE:LeaderElection84] INFO  server.RaftServerConfigKeys (ConfUtils.java:logGet(43)) - raft.server.log.appender.buffer.element-limit = 1 (custom)
2019-08-29 08:31:14,148 [2cc9a7c5-5377-452e-b53b-b98038258734:group-BA22A22325CE:LeaderElection84] INFO  grpc.GrpcConfigKeys$Server (ConfUtils.java:logGet(43)) - raft.grpc.server.leader.outstanding.appends.max = 128 (default)
2019-08-29 08:31:14,148 [2cc9a7c5-5377-452e-b53b-b98038258734:group-BA22A22325CE:LeaderElection84] INFO  server.RaftServerConfigKeys (ConfUtils.java:logGet(43)) - raft.server.rpc.request.timeout = 3000ms (default)
2019-08-29 08:31:14,148 [2cc9a7c5-5377-452e-b53b-b98038258734:group-BA22A22325CE:LeaderElection84] INFO  server.RaftServerConfigKeys (ConfUtils.java:logGet(43)) - raft.server.log.appender.install.snapshot.enabled = false (custom)
2019-08-29 08:31:14,148 [2cc9a7c5-5377-452e-b53b-b98038258734:group-BA22A22325CE:LeaderElection84] INFO  impl.RoleInfo (RoleInfo.java:updateAndGet(143)) - 2cc9a7c5-5377-452e-b53b-b98038258734: start LeaderState
2019-08-29 08:31:14,148 [2cc9a7c5-5377-452e-b53b-b98038258734:group-BA22A22325CE:LeaderElection84] INFO  segmented.SegmentedRaftLogWorker (SegmentedRaftLogWorker.java:startLogSegment(380)) - 2cc9a7c5-5377-452e-b53b-b98038258734-SegmentedRaftLogWorker:Storage Directory /workdir/hadoop-ozone/integration-test/target/test-dir/MiniOzoneClusterImpl-8c07e826-c47b-4931-987d-73ac2cd5ddca/datanode-3/data/ratis/3a3886c3-8a5a-49d5-90a7-ba22a22325ce: Starting segment from index:0
2019-08-29 08:31:14,149 [2cc9a7c5-5377-452e-b53b-b98038258734:group-BA22A22325CE:LeaderElection84] INFO  impl.RaftServerImpl (ServerState.java:setRaftConf(361)) - 2cc9a7c5-5377-452e-b53b-b98038258734:group-BA22A22325CE set configuration 0: [2cc9a7c5-5377-452e-b53b-b98038258734:192.168.5.176:36455, b7500143-f2c4-48ed-bac6-0cd36d85de29:192.168.5.176:33184, 9f8785e0-a018-4c06-b04f-e9b08840f25e:192.168.5.176:35322], old=null at 0
2019-08-29 08:31:14,177 [grpc-default-executor-10] INFO  impl.RaftServerImpl (ServerState.java:setLeader(263)) - b7500143-f2c4-48ed-bac6-0cd36d85de29:group-BA22A22325CE change Leader from null to 2cc9a7c5-5377-452e-b53b-b98038258734 at term 1 for appendEntries, leader elected after 5181ms
2019-08-29 08:31:14,177 [grpc-default-executor-5] INFO  impl.RaftServerImpl (ServerState.java:setLeader(263)) - 9f8785e0-a018-4c06-b04f-e9b08840f25e:group-BA22A22325CE change Leader from null to 2cc9a7c5-5377-452e-b53b-b98038258734 at term 1 for appendEntries, leader elected after 5181ms
2019-08-29 08:31:14,179 [grpc-default-executor-9] INFO  impl.RaftServerImpl (ServerState.java:setRaftConf(361)) - b7500143-f2c4-48ed-bac6-0cd36d85de29:group-BA22A22325CE set configuration 0: [2cc9a7c5-5377-452e-b53b-b98038258734:192.168.5.176:36455, b7500143-f2c4-48ed-bac6-0cd36d85de29:192.168.5.176:33184, 9f8785e0-a018-4c06-b04f-e9b08840f25e:192.168.5.176:35322], old=null at 0
2019-08-29 08:31:14,179 [grpc-default-executor-9] INFO  segmented.SegmentedRaftLogWorker (SegmentedRaftLogWorker.java:startLogSegment(380)) - b7500143-f2c4-48ed-bac6-0cd36d85de29-SegmentedRaftLogWorker:Storage Directory /workdir/hadoop-ozone/integration-test/target/test-dir/MiniOzoneClusterImpl-8c07e826-c47b-4931-987d-73ac2cd5ddca/datanode-5/data/ratis/3a3886c3-8a5a-49d5-90a7-ba22a22325ce: Starting segment from index:0
2019-08-29 08:31:14,179 [grpc-default-executor-10] INFO  impl.RaftServerImpl (ServerState.java:setRaftConf(361)) - 9f8785e0-a018-4c06-b04f-e9b08840f25e:group-BA22A22325CE set configuration 0: [2cc9a7c5-5377-452e-b53b-b98038258734:192.168.5.176:36455, b7500143-f2c4-48ed-bac6-0cd36d85de29:192.168.5.176:33184, 9f8785e0-a018-4c06-b04f-e9b08840f25e:192.168.5.176:35322], old=null at 0
2019-08-29 08:31:14,180 [grpc-default-executor-10] INFO  segmented.SegmentedRaftLogWorker (SegmentedRaftLogWorker.java:startLogSegment(380)) - 9f8785e0-a018-4c06-b04f-e9b08840f25e-SegmentedRaftLogWorker:Storage Directory /workdir/hadoop-ozone/integration-test/target/test-dir/MiniOzoneClusterImpl-8c07e826-c47b-4931-987d-73ac2cd5ddca/datanode-4/data/ratis/3a3886c3-8a5a-49d5-90a7-ba22a22325ce: Starting segment from index:0
2019-08-29 08:31:14,205 [2cc9a7c5-5377-452e-b53b-b98038258734-SegmentedRaftLogWorker:Storage Directory /workdir/hadoop-ozone/integration-test/target/test-dir/MiniOzoneClusterImpl-8c07e826-c47b-4931-987d-73ac2cd5ddca/datanode-3/data/ratis/3a3886c3-8a5a-49d5-90a7-ba22a22325ce] INFO  segmented.SegmentedRaftLogWorker (SegmentedRaftLogWorker.java:execute(569)) - 2cc9a7c5-5377-452e-b53b-b98038258734-SegmentedRaftLogWorker:Storage Directory /workdir/hadoop-ozone/integration-test/target/test-dir/MiniOzoneClusterImpl-8c07e826-c47b-4931-987d-73ac2cd5ddca/datanode-3/data/ratis/3a3886c3-8a5a-49d5-90a7-ba22a22325ce: created new log segment /workdir/hadoop-ozone/integration-test/target/test-dir/MiniOzoneClusterImpl-8c07e826-c47b-4931-987d-73ac2cd5ddca/datanode-3/data/ratis/3a3886c3-8a5a-49d5-90a7-ba22a22325ce/current/log_inprogress_0
2019-08-29 08:31:14,250 [9f8785e0-a018-4c06-b04f-e9b08840f25e-SegmentedRaftLogWorker:Storage Directory /workdir/hadoop-ozone/integration-test/target/test-dir/MiniOzoneClusterImpl-8c07e826-c47b-4931-987d-73ac2cd5ddca/datanode-4/data/ratis/3a3886c3-8a5a-49d5-90a7-ba22a22325ce] INFO  segmented.SegmentedRaftLogWorker (SegmentedRaftLogWorker.java:execute(569)) - 9f8785e0-a018-4c06-b04f-e9b08840f25e-SegmentedRaftLogWorker:Storage Directory /workdir/hadoop-ozone/integration-test/target/test-dir/MiniOzoneClusterImpl-8c07e826-c47b-4931-987d-73ac2cd5ddca/datanode-4/data/ratis/3a3886c3-8a5a-49d5-90a7-ba22a22325ce: created new log segment /workdir/hadoop-ozone/integration-test/target/test-dir/MiniOzoneClusterImpl-8c07e826-c47b-4931-987d-73ac2cd5ddca/datanode-4/data/ratis/3a3886c3-8a5a-49d5-90a7-ba22a22325ce/current/log_inprogress_0
2019-08-29 08:31:14,250 [b7500143-f2c4-48ed-bac6-0cd36d85de29-SegmentedRaftLogWorker:Storage Directory /workdir/hadoop-ozone/integration-test/target/test-dir/MiniOzoneClusterImpl-8c07e826-c47b-4931-987d-73ac2cd5ddca/datanode-5/data/ratis/3a3886c3-8a5a-49d5-90a7-ba22a22325ce] INFO  segmented.SegmentedRaftLogWorker (SegmentedRaftLogWorker.java:execute(569)) - b7500143-f2c4-48ed-bac6-0cd36d85de29-SegmentedRaftLogWorker:Storage Directory /workdir/hadoop-ozone/integration-test/target/test-dir/MiniOzoneClusterImpl-8c07e826-c47b-4931-987d-73ac2cd5ddca/datanode-5/data/ratis/3a3886c3-8a5a-49d5-90a7-ba22a22325ce: created new log segment /workdir/hadoop-ozone/integration-test/target/test-dir/MiniOzoneClusterImpl-8c07e826-c47b-4931-987d-73ac2cd5ddca/datanode-5/data/ratis/3a3886c3-8a5a-49d5-90a7-ba22a22325ce/current/log_inprogress_0
2019-08-29 08:31:14,312 | INFO  | DNAudit | user=null | ip=null | op=WRITE_CHUNK {blockData=conID: 1 locID: 102699333720473616 bcsId: 0} | ret=SUCCESS |  
2019-08-29 08:31:14,313 | INFO  | SCMAudit | user=jenkins1000 | ip=192.168.5.176 | op=SEND_HEARTBEAT {datanodeUUID=7cfaebde-8af2-48b8-8320-c065a7b881d3, command=[]} | ret=SUCCESS |  
2019-08-29 08:31:14,312 | INFO  | DNAudit | user=null | ip=null | op=WRITE_CHUNK {blockData=conID: 1 locID: 102699333720473616 bcsId: 0} | ret=SUCCESS |  
2019-08-29 08:31:14,313 | INFO  | DNAudit | user=null | ip=null | op=WRITE_CHUNK {blockData=conID: 1 locID: 102699333720473616 bcsId: 0} | ret=SUCCESS |  
2019-08-29 08:31:14,312 | INFO  | SCMAudit | user=jenkins1000 | ip=192.168.5.176 | op=SEND_HEARTBEAT {datanodeUUID=e12b4279-35b8-444e-a86f-de17046566e7, command=[]} | ret=SUCCESS |  
2019-08-29 08:31:14,313 | INFO  | SCMAudit | user=jenkins1000 | ip=192.168.5.176 | op=SEND_HEARTBEAT {datanodeUUID=6c31837e-6e29-47bb-a59a-cbce924aec19, command=[]} | ret=SUCCESS |  
2019-08-29 08:31:14,326 | INFO  | DNAudit | user=null | ip=null | op=WRITE_CHUNK {blockData=conID: 1 locID: 102699333720473616 bcsId: 0} | ret=SUCCESS |  
2019-08-29 08:31:14,330 [grpc-default-executor-5] INFO  client.GrpcClientProtocolClient (GrpcClientProtocolClient.java:onNext(255)) - client-EA585B45AB57->e12b4279-35b8-444e-a86f-de17046566e7: receive RaftClientReply:client-EA585B45AB57->e12b4279-35b8-444e-a86f-de17046566e7@group-AB2BFD5F97A1, cid=199, SUCCESS, logIndex=1, commits[e12b4279-35b8-444e-a86f-de17046566e7:c1, 7cfaebde-8af2-48b8-8320-c065a7b881d3:c0, 6c31837e-6e29-47bb-a59a-cbce924aec19:c-1]
2019-08-29 08:31:14,334 | INFO  | DNAudit | user=null | ip=null | op=WRITE_CHUNK {blockData=conID: 1 locID: 102699333720473616 bcsId: 0} | ret=SUCCESS |  
2019-08-29 08:31:14,335 | INFO  | DNAudit | user=null | ip=null | op=WRITE_CHUNK {blockData=conID: 1 locID: 102699333720473616 bcsId: 0} | ret=SUCCESS |  
2019-08-29 08:31:14,335 | INFO  | DNAudit | user=null | ip=null | op=WRITE_CHUNK {blockData=conID: 1 locID: 102699333720473616 bcsId: 0} | ret=SUCCESS |  
2019-08-29 08:31:14,335 | INFO  | DNAudit | user=null | ip=null | op=WRITE_CHUNK {blockData=conID: 1 locID: 102699333720473616 bcsId: 0} | ret=SUCCESS |  
2019-08-29 08:31:14,343 | INFO  | DNAudit | user=null | ip=null | op=WRITE_CHUNK {blockData=conID: 1 locID: 102699333720473616 bcsId: 0} | ret=SUCCESS |  
2019-08-29 08:31:14,346 | INFO  | DNAudit | user=null | ip=null | op=WRITE_CHUNK {blockData=conID: 1 locID: 102699333720473616 bcsId: 0} | ret=SUCCESS |  
2019-08-29 08:31:14,350 [grpc-default-executor-10] INFO  client.GrpcClientProtocolClient (GrpcClientProtocolClient.java:onNext(255)) - client-EA585B45AB57->e12b4279-35b8-444e-a86f-de17046566e7: receive RaftClientReply:client-EA585B45AB57->e12b4279-35b8-444e-a86f-de17046566e7@group-AB2BFD5F97A1, cid=200, SUCCESS, logIndex=3, commits[e12b4279-35b8-444e-a86f-de17046566e7:c3, 7cfaebde-8af2-48b8-8320-c065a7b881d3:c2, 6c31837e-6e29-47bb-a59a-cbce924aec19:c1]
2019-08-29 08:31:14,352 | INFO  | DNAudit | user=null | ip=null | op=WRITE_CHUNK {blockData=conID: 1 locID: 102699333720473616 bcsId: 0} | ret=SUCCESS |  
2019-08-29 08:31:14,358 | INFO  | DNAudit | user=null | ip=null | op=WRITE_CHUNK {blockData=conID: 1 locID: 102699333720473616 bcsId: 0} | ret=SUCCESS |  
2019-08-29 08:31:14,415 | INFO  | DNAudit | user=null | ip=null | op=PUT_BLOCK {blockData=[blockId=conID: 1 locID: 102699333720473616 bcsId: 0,size=167]} | ret=SUCCESS |  
2019-08-29 08:31:14,419 [grpc-default-executor-10] INFO  client.GrpcClientProtocolClient (GrpcClientProtocolClient.java:onNext(255)) - client-EA585B45AB57->e12b4279-35b8-444e-a86f-de17046566e7: receive RaftClientReply:client-EA585B45AB57->e12b4279-35b8-444e-a86f-de17046566e7@group-AB2BFD5F97A1, cid=201, SUCCESS, logIndex=4, commits[e12b4279-35b8-444e-a86f-de17046566e7:c6, 7cfaebde-8af2-48b8-8320-c065a7b881d3:c3, 6c31837e-6e29-47bb-a59a-cbce924aec19:c3]
2019-08-29 08:31:14,750 | INFO  | SCMAudit | user=jenkins1000 | ip=192.168.5.176 | op=SEND_HEARTBEAT {datanodeUUID=2cc9a7c5-5377-452e-b53b-b98038258734, command=[]} | ret=SUCCESS |  
2019-08-29 08:31:14,845 | INFO  | SCMAudit | user=jenkins1000 | ip=192.168.5.176 | op=SEND_HEARTBEAT {datanodeUUID=9f8785e0-a018-4c06-b04f-e9b08840f25e, command=[]} | ret=SUCCESS |  
2019-08-29 08:31:14,907 | INFO  | SCMAudit | user=jenkins1000 | ip=192.168.5.176 | op=SEND_HEARTBEAT {datanodeUUID=b7500143-f2c4-48ed-bac6-0cd36d85de29, command=[]} | ret=SUCCESS |  
2019-08-29 08:31:14,982 | INFO  | SCMAudit | user=jenkins1000 | ip=192.168.5.176 | op=SEND_HEARTBEAT {datanodeUUID=bc6b7a81-d649-4b98-a2dd-a143f3cec515, command=[]} | ret=SUCCESS |  
2019-08-29 08:31:15,313 | INFO  | SCMAudit | user=jenkins1000 | ip=192.168.5.176 | op=SEND_HEARTBEAT {datanodeUUID=7cfaebde-8af2-48b8-8320-c065a7b881d3, command=[]} | ret=SUCCESS |  
2019-08-29 08:31:15,313 | INFO  | SCMAudit | user=jenkins1000 | ip=192.168.5.176 | op=SEND_HEARTBEAT {datanodeUUID=e12b4279-35b8-444e-a86f-de17046566e7, command=[]} | ret=SUCCESS |  
2019-08-29 08:31:15,313 | INFO  | SCMAudit | user=jenkins1000 | ip=192.168.5.176 | op=SEND_HEARTBEAT {datanodeUUID=6c31837e-6e29-47bb-a59a-cbce924aec19, command=[]} | ret=SUCCESS |  
2019-08-29 08:31:15,420 [main] WARN  scm.XceiverClientRatis (XceiverClientRatis.java:watchForCommit(262)) - 3 way commit failed on pipeline Pipeline[ Id: 954f2737-7c8a-4e9d-8b56-ab2bfd5f97a1, Nodes: 7cfaebde-8af2-48b8-8320-c065a7b881d3{ip: 192.168.5.176, host: pr-hdds-1909-44d2n-1519487446, networkLocation: /default-rack, certSerialId: null}6c31837e-6e29-47bb-a59a-cbce924aec19{ip: 192.168.5.176, host: pr-hdds-1909-44d2n-1519487446, networkLocation: /default-rack, certSerialId: null}e12b4279-35b8-444e-a86f-de17046566e7{ip: 192.168.5.176, host: pr-hdds-1909-44d2n-1519487446, networkLocation: /default-rack, certSerialId: null}, Type:RATIS, Factor:THREE, State:OPEN]
java.util.concurrent.TimeoutException
	at java.util.concurrent.CompletableFuture.timedGet(CompletableFuture.java:1771)
	at java.util.concurrent.CompletableFuture.get(CompletableFuture.java:1915)
	at org.apache.hadoop.hdds.scm.XceiverClientRatis.watchForCommit(XceiverClientRatis.java:259)
	at org.apache.hadoop.hdds.scm.storage.CommitWatcher.watchForCommit(CommitWatcher.java:194)
	at org.apache.hadoop.hdds.scm.storage.CommitWatcher.watchOnLastIndex(CommitWatcher.java:157)
	at org.apache.hadoop.hdds.scm.storage.BlockOutputStream.watchForCommit(BlockOutputStream.java:347)
	at org.apache.hadoop.hdds.scm.storage.BlockOutputStream.handleFlush(BlockOutputStream.java:479)
	at org.apache.hadoop.hdds.scm.storage.BlockOutputStream.flush(BlockOutputStream.java:428)
	at org.apache.hadoop.ozone.client.io.BlockOutputStreamEntry.flush(BlockOutputStreamEntry.java:136)
	at org.apache.hadoop.ozone.client.io.KeyOutputStream.handleFlushOrClose(KeyOutputStream.java:442)
	at org.apache.hadoop.ozone.client.io.KeyOutputStream.flush(KeyOutputStream.java:396)
	at org.apache.hadoop.ozone.client.io.OzoneOutputStream.flush(OzoneOutputStream.java:54)
	at org.apache.hadoop.ozone.client.rpc.TestBlockOutputStreamWithFailures.testFailureWithPrimeSizedData(TestBlockOutputStreamWithFailures.java:599)
	at sun.reflect.NativeMethodAccessorImpl.invoke0(Native Method)
	at sun.reflect.NativeMethodAccessorImpl.invoke(NativeMethodAccessorImpl.java:62)
	at sun.reflect.DelegatingMethodAccessorImpl.invoke(DelegatingMethodAccessorImpl.java:43)
	at java.lang.reflect.Method.invoke(Method.java:498)
	at org.junit.runners.model.FrameworkMethod$1.runReflectiveCall(FrameworkMethod.java:47)
	at org.junit.internal.runners.model.ReflectiveCallable.run(ReflectiveCallable.java:12)
	at org.junit.runners.model.FrameworkMethod.invokeExplosively(FrameworkMethod.java:44)
	at org.junit.internal.runners.statements.InvokeMethod.evaluate(InvokeMethod.java:17)
	at org.junit.internal.runners.statements.RunBefores.evaluate(RunBefores.java:26)
	at org.junit.internal.runners.statements.RunAfters.evaluate(RunAfters.java:27)
	at org.junit.runners.ParentRunner.runLeaf(ParentRunner.java:271)
	at org.junit.runners.BlockJUnit4ClassRunner.runChild(BlockJUnit4ClassRunner.java:70)
	at org.junit.runners.BlockJUnit4ClassRunner.runChild(BlockJUnit4ClassRunner.java:50)
	at org.junit.runners.ParentRunner$3.run(ParentRunner.java:238)
	at org.junit.runners.ParentRunner$1.schedule(ParentRunner.java:63)
	at org.junit.runners.ParentRunner.runChildren(ParentRunner.java:236)
	at org.junit.runners.ParentRunner.access$000(ParentRunner.java:53)
	at org.junit.runners.ParentRunner$2.evaluate(ParentRunner.java:229)
	at org.junit.runners.ParentRunner.run(ParentRunner.java:309)
	at org.apache.maven.surefire.junit4.JUnit4Provider.execute(JUnit4Provider.java:365)
	at org.apache.maven.surefire.junit4.JUnit4Provider.executeWithRerun(JUnit4Provider.java:273)
	at org.apache.maven.surefire.junit4.JUnit4Provider.executeTestSet(JUnit4Provider.java:238)
	at org.apache.maven.surefire.junit4.JUnit4Provider.invoke(JUnit4Provider.java:159)
	at org.apache.maven.surefire.booter.ForkedBooter.invokeProviderInSameClassLoader(ForkedBooter.java:384)
	at org.apache.maven.surefire.booter.ForkedBooter.runSuitesInProcess(ForkedBooter.java:345)
	at org.apache.maven.surefire.booter.ForkedBooter.execute(ForkedBooter.java:126)
	at org.apache.maven.surefire.booter.ForkedBooter.main(ForkedBooter.java:418)
2019-08-29 08:31:15,750 | INFO  | SCMAudit | user=jenkins1000 | ip=192.168.5.176 | op=SEND_HEARTBEAT {datanodeUUID=2cc9a7c5-5377-452e-b53b-b98038258734, command=[]} | ret=SUCCESS |  
2019-08-29 08:31:15,845 | INFO  | SCMAudit | user=jenkins1000 | ip=192.168.5.176 | op=SEND_HEARTBEAT {datanodeUUID=9f8785e0-a018-4c06-b04f-e9b08840f25e, command=[]} | ret=SUCCESS |  
2019-08-29 08:31:15,907 | INFO  | SCMAudit | user=jenkins1000 | ip=192.168.5.176 | op=SEND_HEARTBEAT {datanodeUUID=b7500143-f2c4-48ed-bac6-0cd36d85de29, command=[]} | ret=SUCCESS |  
2019-08-29 08:31:15,981 | INFO  | SCMAudit | user=jenkins1000 | ip=192.168.5.176 | op=SEND_HEARTBEAT {datanodeUUID=bc6b7a81-d649-4b98-a2dd-a143f3cec515, command=[]} | ret=SUCCESS |  
2019-08-29 08:31:16,313 | INFO  | SCMAudit | user=jenkins1000 | ip=192.168.5.176 | op=SEND_HEARTBEAT {datanodeUUID=e12b4279-35b8-444e-a86f-de17046566e7, command=[]} | ret=SUCCESS |  
2019-08-29 08:31:16,313 | INFO  | SCMAudit | user=jenkins1000 | ip=192.168.5.176 | op=SEND_HEARTBEAT {datanodeUUID=6c31837e-6e29-47bb-a59a-cbce924aec19, command=[]} | ret=SUCCESS |  
2019-08-29 08:31:16,313 | INFO  | SCMAudit | user=jenkins1000 | ip=192.168.5.176 | op=SEND_HEARTBEAT {datanodeUUID=7cfaebde-8af2-48b8-8320-c065a7b881d3, command=[]} | ret=SUCCESS |  
2019-08-29 08:31:16,422 [main] WARN  storage.CommitWatcher (CommitWatcher.java:watchForCommit(203)) - watchForCommit failed for index 4
java.util.concurrent.TimeoutException
	at java.util.concurrent.CompletableFuture.timedGet(CompletableFuture.java:1771)
	at java.util.concurrent.CompletableFuture.get(CompletableFuture.java:1915)
	at org.apache.hadoop.hdds.scm.XceiverClientRatis.watchForCommit(XceiverClientRatis.java:268)
	at org.apache.hadoop.hdds.scm.storage.CommitWatcher.watchForCommit(CommitWatcher.java:194)
	at org.apache.hadoop.hdds.scm.storage.CommitWatcher.watchOnLastIndex(CommitWatcher.java:157)
	at org.apache.hadoop.hdds.scm.storage.BlockOutputStream.watchForCommit(BlockOutputStream.java:347)
	at org.apache.hadoop.hdds.scm.storage.BlockOutputStream.handleFlush(BlockOutputStream.java:479)
	at org.apache.hadoop.hdds.scm.storage.BlockOutputStream.flush(BlockOutputStream.java:428)
	at org.apache.hadoop.ozone.client.io.BlockOutputStreamEntry.flush(BlockOutputStreamEntry.java:136)
	at org.apache.hadoop.ozone.client.io.KeyOutputStream.handleFlushOrClose(KeyOutputStream.java:442)
	at org.apache.hadoop.ozone.client.io.KeyOutputStream.flush(KeyOutputStream.java:396)
	at org.apache.hadoop.ozone.client.io.OzoneOutputStream.flush(OzoneOutputStream.java:54)
	at org.apache.hadoop.ozone.client.rpc.TestBlockOutputStreamWithFailures.testFailureWithPrimeSizedData(TestBlockOutputStreamWithFailures.java:599)
	at sun.reflect.NativeMethodAccessorImpl.invoke0(Native Method)
	at sun.reflect.NativeMethodAccessorImpl.invoke(NativeMethodAccessorImpl.java:62)
	at sun.reflect.DelegatingMethodAccessorImpl.invoke(DelegatingMethodAccessorImpl.java:43)
	at java.lang.reflect.Method.invoke(Method.java:498)
	at org.junit.runners.model.FrameworkMethod$1.runReflectiveCall(FrameworkMethod.java:47)
	at org.junit.internal.runners.model.ReflectiveCallable.run(ReflectiveCallable.java:12)
	at org.junit.runners.model.FrameworkMethod.invokeExplosively(FrameworkMethod.java:44)
	at org.junit.internal.runners.statements.InvokeMethod.evaluate(InvokeMethod.java:17)
	at org.junit.internal.runners.statements.RunBefores.evaluate(RunBefores.java:26)
	at org.junit.internal.runners.statements.RunAfters.evaluate(RunAfters.java:27)
	at org.junit.runners.ParentRunner.runLeaf(ParentRunner.java:271)
	at org.junit.runners.BlockJUnit4ClassRunner.runChild(BlockJUnit4ClassRunner.java:70)
	at org.junit.runners.BlockJUnit4ClassRunner.runChild(BlockJUnit4ClassRunner.java:50)
	at org.junit.runners.ParentRunner$3.run(ParentRunner.java:238)
	at org.junit.runners.ParentRunner$1.schedule(ParentRunner.java:63)
	at org.junit.runners.ParentRunner.runChildren(ParentRunner.java:236)
	at org.junit.runners.ParentRunner.access$000(ParentRunner.java:53)
	at org.junit.runners.ParentRunner$2.evaluate(ParentRunner.java:229)
	at org.junit.runners.ParentRunner.run(ParentRunner.java:309)
	at org.apache.maven.surefire.junit4.JUnit4Provider.execute(JUnit4Provider.java:365)
	at org.apache.maven.surefire.junit4.JUnit4Provider.executeWithRerun(JUnit4Provider.java:273)
	at org.apache.maven.surefire.junit4.JUnit4Provider.executeTestSet(JUnit4Provider.java:238)
	at org.apache.maven.surefire.junit4.JUnit4Provider.invoke(JUnit4Provider.java:159)
	at org.apache.maven.surefire.booter.ForkedBooter.invokeProviderInSameClassLoader(ForkedBooter.java:384)
	at org.apache.maven.surefire.booter.ForkedBooter.runSuitesInProcess(ForkedBooter.java:345)
	at org.apache.maven.surefire.booter.ForkedBooter.execute(ForkedBooter.java:126)
	at org.apache.maven.surefire.booter.ForkedBooter.main(ForkedBooter.java:418)
2019-08-29 08:31:16,424 [main] WARN  io.KeyOutputStream (KeyOutputStream.java:handleException(276)) - Encountered exception java.io.IOException: Unexpected Storage Container Exception: java.io.IOException: Unexpected Storage Container Exception: java.util.concurrent.TimeoutException on the pipeline Pipeline[ Id: 954f2737-7c8a-4e9d-8b56-ab2bfd5f97a1, Nodes: 7cfaebde-8af2-48b8-8320-c065a7b881d3{ip: 192.168.5.176, host: pr-hdds-1909-44d2n-1519487446, networkLocation: /default-rack, certSerialId: null}6c31837e-6e29-47bb-a59a-cbce924aec19{ip: 192.168.5.176, host: pr-hdds-1909-44d2n-1519487446, networkLocation: /default-rack, certSerialId: null}e12b4279-35b8-444e-a86f-de17046566e7{ip: 192.168.5.176, host: pr-hdds-1909-44d2n-1519487446, networkLocation: /default-rack, certSerialId: null}, Type:RATIS, Factor:THREE, State:OPEN]. The last committed block length is 0, uncommitted data length is 167 retry count 0
2019-08-29 08:31:16,428 | INFO  | SCMAudit | user=jenkins1000 | ip=192.168.5.176 | op=ALLOCATE_BLOCK {owner=57d23fd5-c145-4480-85fa-8b41e7b762f5, size=800, type=RATIS, factor=THREE} | ret=SUCCESS |  
2019-08-29 08:31:16,430 | INFO  | OMAudit | user=jenkins1000 | ip=127.0.0.1 | op=ALLOCATE_BLOCK {volume=testblockoutputstream, bucket=testblockoutputstream, key=ff027c91-1870-4429-91a9-ddbc7269bf35, dataSize=800, replicationType=RATIS, replicationFactor=THREE, keyLocationInfo=[], clientID=102699333721063441} | ret=SUCCESS |  
2019-08-29 08:31:16,438 [grpc-default-executor-9] INFO  client.GrpcClientProtocolClient (GrpcClientProtocolClient.java:onNext(255)) - client-2B5A2D3F8E45->b7500143-f2c4-48ed-bac6-0cd36d85de29: receive RaftClientReply:client-2B5A2D3F8E45->b7500143-f2c4-48ed-bac6-0cd36d85de29@group-BA22A22325CE, cid=204, FAILED org.apache.ratis.protocol.NotLeaderException: Server b7500143-f2c4-48ed-bac6-0cd36d85de29 is not the leader (2cc9a7c5-5377-452e-b53b-b98038258734:192.168.5.176:36455). Request must be sent to leader., logIndex=0, commits[b7500143-f2c4-48ed-bac6-0cd36d85de29:c-1, 2cc9a7c5-5377-452e-b53b-b98038258734:c-1, 9f8785e0-a018-4c06-b04f-e9b08840f25e:c-1]
2019-08-29 08:31:16,614 | INFO  | SCMAudit | user=jenkins1000 | ip=192.168.5.176 | op=SEND_HEARTBEAT {datanodeUUID=2cc9a7c5-5377-452e-b53b-b98038258734, command=[]} | ret=SUCCESS |  
2019-08-29 08:31:16,614 | INFO  | SCMAudit | user=jenkins1000 | ip=192.168.5.176 | op=SEND_HEARTBEAT {datanodeUUID=9f8785e0-a018-4c06-b04f-e9b08840f25e, command=[]} | ret=SUCCESS |  
2019-08-29 08:31:16,614 | INFO  | DNAudit | user=null | ip=null | op=WRITE_CHUNK {blockData=conID: 2 locID: 102699334135185426 bcsId: 0} | ret=SUCCESS |  
2019-08-29 08:31:16,614 | INFO  | DNAudit | user=null | ip=null | op=WRITE_CHUNK {blockData=conID: 2 locID: 102699334135185426 bcsId: 0} | ret=SUCCESS |  
2019-08-29 08:31:16,614 | INFO  | DNAudit | user=null | ip=null | op=WRITE_CHUNK {blockData=conID: 2 locID: 102699334135185426 bcsId: 0} | ret=SUCCESS |  
2019-08-29 08:31:16,615 | INFO  | SCMAudit | user=jenkins1000 | ip=192.168.5.176 | op=SEND_HEARTBEAT {datanodeUUID=b7500143-f2c4-48ed-bac6-0cd36d85de29, command=[]} | ret=SUCCESS |  
2019-08-29 08:31:16,632 | INFO  | DNAudit | user=null | ip=null | op=WRITE_CHUNK {blockData=conID: 2 locID: 102699334135185426 bcsId: 0} | ret=SUCCESS |  
2019-08-29 08:31:16,646 [grpc-default-executor-9] INFO  client.GrpcClientProtocolClient (GrpcClientProtocolClient.java:onNext(255)) - client-2B5A2D3F8E45->2cc9a7c5-5377-452e-b53b-b98038258734: receive RaftClientReply:client-2B5A2D3F8E45->2cc9a7c5-5377-452e-b53b-b98038258734@group-BA22A22325CE, cid=204, SUCCESS, logIndex=1, commits[2cc9a7c5-5377-452e-b53b-b98038258734:c1, b7500143-f2c4-48ed-bac6-0cd36d85de29:c0, 9f8785e0-a018-4c06-b04f-e9b08840f25e:c0]
2019-08-29 08:31:16,647 | INFO  | DNAudit | user=null | ip=null | op=WRITE_CHUNK {blockData=conID: 2 locID: 102699334135185426 bcsId: 0} | ret=SUCCESS |  
2019-08-29 08:31:16,647 | INFO  | DNAudit | user=null | ip=null | op=WRITE_CHUNK {blockData=conID: 2 locID: 102699334135185426 bcsId: 0} | ret=SUCCESS |  
2019-08-29 08:31:16,650 | INFO  | DNAudit | user=null | ip=null | op=WRITE_CHUNK {blockData=conID: 2 locID: 102699334135185426 bcsId: 0} | ret=SUCCESS |  
2019-08-29 08:31:16,652 | INFO  | DNAudit | user=null | ip=null | op=WRITE_CHUNK {blockData=conID: 2 locID: 102699334135185426 bcsId: 0} | ret=SUCCESS |  
2019-08-29 08:31:16,653 | INFO  | DNAudit | user=null | ip=null | op=WRITE_CHUNK {blockData=conID: 2 locID: 102699334135185426 bcsId: 0} | ret=SUCCESS |  
2019-08-29 08:31:16,662 | INFO  | DNAudit | user=null | ip=null | op=WRITE_CHUNK {blockData=conID: 2 locID: 102699334135185426 bcsId: 0} | ret=SUCCESS |  
2019-08-29 08:31:16,664 [grpc-default-executor-5] INFO  client.GrpcClientProtocolClient (GrpcClientProtocolClient.java:onNext(255)) - client-2B5A2D3F8E45->2cc9a7c5-5377-452e-b53b-b98038258734: receive RaftClientReply:client-2B5A2D3F8E45->2cc9a7c5-5377-452e-b53b-b98038258734@group-BA22A22325CE, cid=205, SUCCESS, logIndex=3, commits[2cc9a7c5-5377-452e-b53b-b98038258734:c4, b7500143-f2c4-48ed-bac6-0cd36d85de29:c2, 9f8785e0-a018-4c06-b04f-e9b08840f25e:c1]
2019-08-29 08:31:16,673 | INFO  | DNAudit | user=null | ip=null | op=WRITE_CHUNK {blockData=conID: 2 locID: 102699334135185426 bcsId: 0} | ret=SUCCESS |  
2019-08-29 08:31:16,731 | INFO  | DNAudit | user=null | ip=null | op=WRITE_CHUNK {blockData=conID: 2 locID: 102699334135185426 bcsId: 0} | ret=SUCCESS |  
2019-08-29 08:31:16,802 | INFO  | DNAudit | user=null | ip=null | op=PUT_BLOCK {blockData=[blockId=conID: 2 locID: 102699334135185426 bcsId: 0,size=167]} | ret=SUCCESS |  
2019-08-29 08:31:16,803 [grpc-default-executor-5] INFO  client.GrpcClientProtocolClient (GrpcClientProtocolClient.java:onNext(255)) - client-2B5A2D3F8E45->2cc9a7c5-5377-452e-b53b-b98038258734: receive RaftClientReply:client-2B5A2D3F8E45->2cc9a7c5-5377-452e-b53b-b98038258734@group-BA22A22325CE, cid=206, SUCCESS, logIndex=4, commits[2cc9a7c5-5377-452e-b53b-b98038258734:c6, b7500143-f2c4-48ed-bac6-0cd36d85de29:c4, 9f8785e0-a018-4c06-b04f-e9b08840f25e:c4]
2019-08-29 08:31:16,804 [main] INFO  ozone.MiniOzoneClusterImpl (MiniOzoneClusterImpl.java:shutdown(307)) - Shutting down the Mini Ozone Cluster
2019-08-29 08:31:16,805 | INFO  | SCMAudit | user=null | ip=null | op=GET_SCM_INFO null | ret=SUCCESS |  
2019-08-29 08:31:16,805 [main] INFO  ozone.MiniOzoneClusterImpl (MiniOzoneClusterImpl.java:stop(322)) - Stopping the Mini Ozone Cluster
2019-08-29 08:31:16,805 [main] INFO  ozone.MiniOzoneClusterImpl (MiniOzoneClusterImpl.java:stop(324)) - Stopping the OzoneManager
2019-08-29 08:31:16,805 [main] INFO  ipc.Server (Server.java:stop(3082)) - Stopping server on 37319
2019-08-29 08:31:16,819 [main] INFO  ratis.OzoneManagerDoubleBuffer (OzoneManagerDoubleBuffer.java:stop(248)) - Stopping OMDoubleBuffer flush thread
2019-08-29 08:31:16,819 [IPC Server listener on 37319] INFO  ipc.Server (Server.java:run(1185)) - Stopping IPC Server listener on 37319
2019-08-29 08:31:16,819 [IPC Server Responder] INFO  ipc.Server (Server.java:run(1319)) - Stopping IPC Server Responder
2019-08-29 08:31:16,827 [OMDoubleBufferFlushThread] INFO  ratis.OzoneManagerDoubleBuffer (OzoneManagerDoubleBuffer.java:flushTransactions(191)) - OMDoubleBuffer flush thread OMDoubleBufferFlushThread is interrupted and will exit. OMDoubleBufferFlushThread
2019-08-29 08:31:16,839 [main] INFO  utils.BackgroundService (BackgroundService.java:shutdown(148)) - Shutting down service KeyDeletingService
2019-08-29 08:31:16,840 [main] INFO  handler.ContextHandler (ContextHandler.java:doStop(910)) - Stopped o.e.j.w.WebAppContext@8eb6f9a{/,null,UNAVAILABLE}{/ozoneManager}
2019-08-29 08:31:16,841 [main] INFO  server.AbstractConnector (AbstractConnector.java:doStop(318)) - Stopped ServerConnector@29170a47{HTTP/1.1,[http/1.1]}{0.0.0.0:0}
2019-08-29 08:31:16,841 [main] INFO  handler.ContextHandler (ContextHandler.java:doStop(910)) - Stopped o.e.j.s.ServletContextHandler@53d30d23{/static,file:///workdir/hadoop-ozone/integration-test/target/test-classes/webapps/static,UNAVAILABLE}
2019-08-29 08:31:16,841 [main] INFO  handler.ContextHandler (ContextHandler.java:doStop(910)) - Stopped o.e.j.s.ServletContextHandler@3cc3f13e{/logs,file:///workdir/hadoop-ozone/integration-test/target/log,UNAVAILABLE}
2019-08-29 08:31:16,845 [main] INFO  ozone.MiniOzoneClusterImpl (MiniOzoneClusterImpl.java:stop(330)) - Shutting the HddsDatanodes
2019-08-29 08:31:16,860 [grpc-default-executor-5] INFO  client.GrpcClientProtocolClient (GrpcClientProtocolClient.java:onNext(255)) - client-EA585B45AB57->e12b4279-35b8-444e-a86f-de17046566e7: receive RaftClientReply:client-EA585B45AB57->e12b4279-35b8-444e-a86f-de17046566e7@group-AB2BFD5F97A1, cid=203, SUCCESS, logIndex=0, commits[e12b4279-35b8-444e-a86f-de17046566e7:c6, 7cfaebde-8af2-48b8-8320-c065a7b881d3:c6, 6c31837e-6e29-47bb-a59a-cbce924aec19:c3]
2019-08-29 08:31:16,875 [grpc-default-executor-5] INFO  client.GrpcClientProtocolClient (GrpcClientProtocolClient.java:onNext(255)) - client-EA585B45AB57->e12b4279-35b8-444e-a86f-de17046566e7: receive RaftClientReply:client-EA585B45AB57->e12b4279-35b8-444e-a86f-de17046566e7@group-AB2BFD5F97A1, cid=202, SUCCESS, logIndex=0, commits[e12b4279-35b8-444e-a86f-de17046566e7:c6, 7cfaebde-8af2-48b8-8320-c065a7b881d3:c6, 6c31837e-6e29-47bb-a59a-cbce924aec19:c6]
2019-08-29 08:31:16,876 | INFO  | DNAudit | user=null | ip=null | op=PUT_BLOCK {blockData=[blockId=conID: 2 locID: 102699334135185426 bcsId: 0,size=167]} | ret=SUCCESS |  
2019-08-29 08:31:16,935 | INFO  | DNAudit | user=null | ip=null | op=PUT_BLOCK {blockData=[blockId=conID: 2 locID: 102699334135185426 bcsId: 0,size=167]} | ret=SUCCESS |  
2019-08-29 08:31:16,982 | INFO  | SCMAudit | user=jenkins1000 | ip=192.168.5.176 | op=SEND_HEARTBEAT {datanodeUUID=bc6b7a81-d649-4b98-a2dd-a143f3cec515, command=[]} | ret=SUCCESS |  
2019-08-29 08:31:16,995 | INFO  | DNAudit | user=null | ip=null | op=PUT_BLOCK {blockData=[blockId=conID: 1 locID: 102699333720473616 bcsId: 0,size=167]} | ret=SUCCESS |  
2019-08-29 08:31:17,045 | INFO  | DNAudit | user=null | ip=null | op=PUT_BLOCK {blockData=[blockId=conID: 1 locID: 102699333720473616 bcsId: 0,size=167]} | ret=SUCCESS |  
2019-08-29 08:31:17,312 [Datanode State Machine Thread - 0] INFO  statemachine.DatanodeStateMachine (DatanodeStateMachine.java:lambda$startDaemon$0(350)) - Ozone container server started.
2019-08-29 08:31:17,313 | INFO  | SCMAudit | user=jenkins1000 | ip=192.168.5.176 | op=SEND_HEARTBEAT {datanodeUUID=7cfaebde-8af2-48b8-8320-c065a7b881d3, command=[]} | ret=SUCCESS |  
2019-08-29 08:31:17,313 | INFO  | SCMAudit | user=jenkins1000 | ip=192.168.5.176 | op=SEND_HEARTBEAT {datanodeUUID=6c31837e-6e29-47bb-a59a-cbce924aec19, command=[]} | ret=SUCCESS |  
2019-08-29 08:31:17,614 [Datanode State Machine Thread - 0] INFO  statemachine.DatanodeStateMachine (DatanodeStateMachine.java:lambda$startDaemon$0(350)) - Ozone container server started.
2019-08-29 08:31:17,614 | INFO  | SCMAudit | user=jenkins1000 | ip=192.168.5.176 | op=SEND_HEARTBEAT {datanodeUUID=b7500143-f2c4-48ed-bac6-0cd36d85de29, command=[]} | ret=SUCCESS |  
2019-08-29 08:31:17,614 | INFO  | SCMAudit | user=jenkins1000 | ip=192.168.5.176 | op=SEND_HEARTBEAT {datanodeUUID=2cc9a7c5-5377-452e-b53b-b98038258734, command=[]} | ret=SUCCESS |  
2019-08-29 08:31:17,982 | INFO  | SCMAudit | user=jenkins1000 | ip=192.168.5.176 | op=SEND_HEARTBEAT {datanodeUUID=bc6b7a81-d649-4b98-a2dd-a143f3cec515, command=[]} | ret=SUCCESS |  
2019-08-29 08:31:18,313 | INFO  | SCMAudit | user=jenkins1000 | ip=192.168.5.176 | op=SEND_HEARTBEAT {datanodeUUID=6c31837e-6e29-47bb-a59a-cbce924aec19, command=[]} | ret=SUCCESS |  
2019-08-29 08:31:18,313 | INFO  | SCMAudit | user=jenkins1000 | ip=192.168.5.176 | op=SEND_HEARTBEAT {datanodeUUID=7cfaebde-8af2-48b8-8320-c065a7b881d3, command=[]} | ret=SUCCESS |  
2019-08-29 08:31:18,614 | INFO  | SCMAudit | user=jenkins1000 | ip=192.168.5.176 | op=SEND_HEARTBEAT {datanodeUUID=2cc9a7c5-5377-452e-b53b-b98038258734, command=[]} | ret=SUCCESS |  
2019-08-29 08:31:18,614 | INFO  | SCMAudit | user=jenkins1000 | ip=192.168.5.176 | op=SEND_HEARTBEAT {datanodeUUID=b7500143-f2c4-48ed-bac6-0cd36d85de29, command=[]} | ret=SUCCESS |  
2019-08-29 08:31:18,981 | INFO  | SCMAudit | user=jenkins1000 | ip=192.168.5.176 | op=SEND_HEARTBEAT {datanodeUUID=bc6b7a81-d649-4b98-a2dd-a143f3cec515, command=[]} | ret=SUCCESS |  
2019-08-29 08:31:19,313 | INFO  | SCMAudit | user=jenkins1000 | ip=192.168.5.176 | op=SEND_HEARTBEAT {datanodeUUID=7cfaebde-8af2-48b8-8320-c065a7b881d3, command=[]} | ret=SUCCESS |  
2019-08-29 08:31:19,313 | INFO  | SCMAudit | user=jenkins1000 | ip=192.168.5.176 | op=SEND_HEARTBEAT {datanodeUUID=6c31837e-6e29-47bb-a59a-cbce924aec19, command=[]} | ret=SUCCESS |  
2019-08-29 08:31:19,614 | INFO  | SCMAudit | user=jenkins1000 | ip=192.168.5.176 | op=SEND_HEARTBEAT {datanodeUUID=b7500143-f2c4-48ed-bac6-0cd36d85de29, command=[]} | ret=SUCCESS |  
2019-08-29 08:31:19,614 | INFO  | SCMAudit | user=jenkins1000 | ip=192.168.5.176 | op=SEND_HEARTBEAT {datanodeUUID=2cc9a7c5-5377-452e-b53b-b98038258734, command=[]} | ret=SUCCESS |  
2019-08-29 08:31:19,981 | INFO  | SCMAudit | user=jenkins1000 | ip=192.168.5.176 | op=SEND_HEARTBEAT {datanodeUUID=bc6b7a81-d649-4b98-a2dd-a143f3cec515, command=[]} | ret=SUCCESS |  
2019-08-29 08:31:20,313 | INFO  | SCMAudit | user=jenkins1000 | ip=192.168.5.176 | op=SEND_HEARTBEAT {datanodeUUID=6c31837e-6e29-47bb-a59a-cbce924aec19, command=[]} | ret=SUCCESS |  
2019-08-29 08:31:20,313 | INFO  | SCMAudit | user=jenkins1000 | ip=192.168.5.176 | op=SEND_HEARTBEAT {datanodeUUID=7cfaebde-8af2-48b8-8320-c065a7b881d3, command=[]} | ret=SUCCESS |  
2019-08-29 08:31:20,614 | INFO  | SCMAudit | user=jenkins1000 | ip=192.168.5.176 | op=SEND_HEARTBEAT {datanodeUUID=b7500143-f2c4-48ed-bac6-0cd36d85de29, command=[]} | ret=SUCCESS |  
2019-08-29 08:31:20,614 | INFO  | SCMAudit | user=jenkins1000 | ip=192.168.5.176 | op=SEND_HEARTBEAT {datanodeUUID=2cc9a7c5-5377-452e-b53b-b98038258734, command=[]} | ret=SUCCESS |  
2019-08-29 08:31:20,982 | INFO  | SCMAudit | user=jenkins1000 | ip=192.168.5.176 | op=SEND_HEARTBEAT {datanodeUUID=bc6b7a81-d649-4b98-a2dd-a143f3cec515, command=[]} | ret=SUCCESS |  
2019-08-29 08:31:21,313 | INFO  | SCMAudit | user=jenkins1000 | ip=192.168.5.176 | op=SEND_HEARTBEAT {datanodeUUID=7cfaebde-8af2-48b8-8320-c065a7b881d3, command=[]} | ret=SUCCESS |  
2019-08-29 08:31:21,313 | INFO  | SCMAudit | user=jenkins1000 | ip=192.168.5.176 | op=SEND_HEARTBEAT {datanodeUUID=6c31837e-6e29-47bb-a59a-cbce924aec19, command=[]} | ret=SUCCESS |  
2019-08-29 08:31:21,330 [EventQueue-StaleNodeForStaleNodeHandler] INFO  node.StaleNodeHandler (StaleNodeHandler.java:onMessage(58)) - Datanode e12b4279-35b8-444e-a86f-de17046566e7{ip: 192.168.5.176, host: pr-hdds-1909-44d2n-1519487446, networkLocation: /default-rack, certSerialId: null} moved to stale state. Finalizing its pipelines [PipelineID=954f2737-7c8a-4e9d-8b56-ab2bfd5f97a1, PipelineID=54655cb0-721f-4c7d-8ca8-f63d2e0f99c0]
2019-08-29 08:31:21,330 [EventQueue-StaleNodeForStaleNodeHandler] INFO  pipeline.SCMPipelineManager (SCMPipelineManager.java:finalizeAndDestroyPipeline(309)) - destroying pipeline:Pipeline[ Id: 954f2737-7c8a-4e9d-8b56-ab2bfd5f97a1, Nodes: 7cfaebde-8af2-48b8-8320-c065a7b881d3{ip: 192.168.5.176, host: pr-hdds-1909-44d2n-1519487446, networkLocation: /default-rack, certSerialId: null}6c31837e-6e29-47bb-a59a-cbce924aec19{ip: 192.168.5.176, host: pr-hdds-1909-44d2n-1519487446, networkLocation: /default-rack, certSerialId: null}e12b4279-35b8-444e-a86f-de17046566e7{ip: 192.168.5.176, host: pr-hdds-1909-44d2n-1519487446, networkLocation: /default-rack, certSerialId: null}, Type:RATIS, Factor:THREE, State:OPEN]
2019-08-29 08:31:21,330 [EventQueue-StaleNodeForStaleNodeHandler] INFO  pipeline.PipelineStateManager (PipelineStateManager.java:finalizePipeline(123)) - Pipeline Pipeline[ Id: 954f2737-7c8a-4e9d-8b56-ab2bfd5f97a1, Nodes: 7cfaebde-8af2-48b8-8320-c065a7b881d3{ip: 192.168.5.176, host: pr-hdds-1909-44d2n-1519487446, networkLocation: /default-rack, certSerialId: null}6c31837e-6e29-47bb-a59a-cbce924aec19{ip: 192.168.5.176, host: pr-hdds-1909-44d2n-1519487446, networkLocation: /default-rack, certSerialId: null}e12b4279-35b8-444e-a86f-de17046566e7{ip: 192.168.5.176, host: pr-hdds-1909-44d2n-1519487446, networkLocation: /default-rack, certSerialId: null}, Type:RATIS, Factor:THREE, State:CLOSED] moved to CLOSED state
2019-08-29 08:31:21,330 [EventQueue-StaleNodeForStaleNodeHandler] INFO  pipeline.SCMPipelineManager (SCMPipelineManager.java:finalizeAndDestroyPipeline(309)) - destroying pipeline:Pipeline[ Id: 54655cb0-721f-4c7d-8ca8-f63d2e0f99c0, Nodes: e12b4279-35b8-444e-a86f-de17046566e7{ip: 192.168.5.176, host: pr-hdds-1909-44d2n-1519487446, networkLocation: /default-rack, certSerialId: null}, Type:RATIS, Factor:ONE, State:OPEN]
2019-08-29 08:31:21,330 [EventQueue-CloseContainerForCloseContainerEventHandler] INFO  container.CloseContainerEventHandler (CloseContainerEventHandler.java:onMessage(61)) - Close container Event triggered for container : #1
2019-08-29 08:31:21,331 [EventQueue-StaleNodeForStaleNodeHandler] INFO  pipeline.PipelineStateManager (PipelineStateManager.java:finalizePipeline(123)) - Pipeline Pipeline[ Id: 54655cb0-721f-4c7d-8ca8-f63d2e0f99c0, Nodes: e12b4279-35b8-444e-a86f-de17046566e7{ip: 192.168.5.176, host: pr-hdds-1909-44d2n-1519487446, networkLocation: /default-rack, certSerialId: null}, Type:RATIS, Factor:ONE, State:CLOSED] moved to CLOSED state
2019-08-29 08:31:21,613 | INFO  | SCMAudit | user=jenkins1000 | ip=192.168.5.176 | op=SEND_HEARTBEAT {datanodeUUID=b7500143-f2c4-48ed-bac6-0cd36d85de29, command=[]} | ret=SUCCESS |  
2019-08-29 08:31:21,613 | INFO  | SCMAudit | user=jenkins1000 | ip=192.168.5.176 | op=SEND_HEARTBEAT {datanodeUUID=2cc9a7c5-5377-452e-b53b-b98038258734, command=[]} | ret=SUCCESS |  
2019-08-29 08:31:21,630 [EventQueue-StaleNodeForStaleNodeHandler] INFO  node.StaleNodeHandler (StaleNodeHandler.java:onMessage(58)) - Datanode 9f8785e0-a018-4c06-b04f-e9b08840f25e{ip: 192.168.5.176, host: pr-hdds-1909-44d2n-1519487446, networkLocation: /default-rack, certSerialId: null} moved to stale state. Finalizing its pipelines [PipelineID=030c423d-1b05-4dd8-92fe-bcc57303feaf, PipelineID=3a3886c3-8a5a-49d5-90a7-ba22a22325ce]
2019-08-29 08:31:21,630 [EventQueue-StaleNodeForStaleNodeHandler] INFO  pipeline.SCMPipelineManager (SCMPipelineManager.java:finalizeAndDestroyPipeline(309)) - destroying pipeline:Pipeline[ Id: 030c423d-1b05-4dd8-92fe-bcc57303feaf, Nodes: 9f8785e0-a018-4c06-b04f-e9b08840f25e{ip: 192.168.5.176, host: pr-hdds-1909-44d2n-1519487446, networkLocation: /default-rack, certSerialId: null}, Type:RATIS, Factor:ONE, State:OPEN]
2019-08-29 08:31:21,630 [EventQueue-StaleNodeForStaleNodeHandler] INFO  pipeline.PipelineStateManager (PipelineStateManager.java:finalizePipeline(123)) - Pipeline Pipeline[ Id: 030c423d-1b05-4dd8-92fe-bcc57303feaf, Nodes: 9f8785e0-a018-4c06-b04f-e9b08840f25e{ip: 192.168.5.176, host: pr-hdds-1909-44d2n-1519487446, networkLocation: /default-rack, certSerialId: null}, Type:RATIS, Factor:ONE, State:CLOSED] moved to CLOSED state
2019-08-29 08:31:21,631 [EventQueue-StaleNodeForStaleNodeHandler] INFO  pipeline.SCMPipelineManager (SCMPipelineManager.java:finalizeAndDestroyPipeline(309)) - destroying pipeline:Pipeline[ Id: 3a3886c3-8a5a-49d5-90a7-ba22a22325ce, Nodes: b7500143-f2c4-48ed-bac6-0cd36d85de29{ip: 192.168.5.176, host: pr-hdds-1909-44d2n-1519487446, networkLocation: /default-rack, certSerialId: null}9f8785e0-a018-4c06-b04f-e9b08840f25e{ip: 192.168.5.176, host: pr-hdds-1909-44d2n-1519487446, networkLocation: /default-rack, certSerialId: null}2cc9a7c5-5377-452e-b53b-b98038258734{ip: 192.168.5.176, host: pr-hdds-1909-44d2n-1519487446, networkLocation: /default-rack, certSerialId: null}, Type:RATIS, Factor:THREE, State:OPEN]
2019-08-29 08:31:21,631 [EventQueue-StaleNodeForStaleNodeHandler] INFO  pipeline.PipelineStateManager (PipelineStateManager.java:finalizePipeline(123)) - Pipeline Pipeline[ Id: 3a3886c3-8a5a-49d5-90a7-ba22a22325ce, Nodes: b7500143-f2c4-48ed-bac6-0cd36d85de29{ip: 192.168.5.176, host: pr-hdds-1909-44d2n-1519487446, networkLocation: /default-rack, certSerialId: null}9f8785e0-a018-4c06-b04f-e9b08840f25e{ip: 192.168.5.176, host: pr-hdds-1909-44d2n-1519487446, networkLocation: /default-rack, certSerialId: null}2cc9a7c5-5377-452e-b53b-b98038258734{ip: 192.168.5.176, host: pr-hdds-1909-44d2n-1519487446, networkLocation: /default-rack, certSerialId: null}, Type:RATIS, Factor:THREE, State:CLOSED] moved to CLOSED state
2019-08-29 08:31:21,631 [EventQueue-CloseContainerForCloseContainerEventHandler] INFO  container.CloseContainerEventHandler (CloseContainerEventHandler.java:onMessage(61)) - Close container Event triggered for container : #2
2019-08-29 08:31:21,846 [ForkJoinPool.commonPool-worker-1] INFO  ozoneimpl.OzoneContainer (OzoneContainer.java:stop(215)) - Attempting to stop container services.
2019-08-29 08:31:21,846 [main] INFO  ozoneimpl.OzoneContainer (OzoneContainer.java:stop(215)) - Attempting to stop container services.
2019-08-29 08:31:21,846 [ForkJoinPool.commonPool-worker-1] INFO  impl.RaftServerProxy (RaftServerProxy.java:lambda$close$4(314)) - e12b4279-35b8-444e-a86f-de17046566e7: close
2019-08-29 08:31:21,846 [main] INFO  impl.RaftServerProxy (RaftServerProxy.java:lambda$close$4(314)) - 9f8785e0-a018-4c06-b04f-e9b08840f25e: close
2019-08-29 08:31:21,846 [ForkJoinPool.commonPool-worker-1] INFO  impl.RaftServerImpl (RaftServerImpl.java:lambda$shutdown$3(245)) - e12b4279-35b8-444e-a86f-de17046566e7: shutdown group-AB2BFD5F97A1
2019-08-29 08:31:21,847 [main] INFO  impl.RaftServerImpl (RaftServerImpl.java:lambda$shutdown$3(245)) - 9f8785e0-a018-4c06-b04f-e9b08840f25e: shutdown group-BCC57303FEAF
2019-08-29 08:31:21,847 [ForkJoinPool.commonPool-worker-1] INFO  util.JmxRegister (JmxRegister.java:unregister(73)) - Successfully un-registered JMX Bean with object name Ratis:service=RaftServer,group=group-AB2BFD5F97A1,id=e12b4279-35b8-444e-a86f-de17046566e7
2019-08-29 08:31:21,847 [main] INFO  util.JmxRegister (JmxRegister.java:unregister(73)) - Successfully un-registered JMX Bean with object name Ratis:service=RaftServer,group=group-BCC57303FEAF,id=9f8785e0-a018-4c06-b04f-e9b08840f25e
2019-08-29 08:31:21,847 [ForkJoinPool.commonPool-worker-1] INFO  impl.RoleInfo (RoleInfo.java:shutdownLeaderState(104)) - e12b4279-35b8-444e-a86f-de17046566e7: shutdown LeaderState
2019-08-29 08:31:21,848 [main] INFO  impl.RoleInfo (RoleInfo.java:shutdownLeaderState(104)) - 9f8785e0-a018-4c06-b04f-e9b08840f25e: shutdown LeaderState
2019-08-29 08:31:21,852 [ForkJoinPool.commonPool-worker-1] INFO  impl.PendingRequests (PendingRequests.java:sendNotLeaderResponses(202)) - e12b4279-35b8-444e-a86f-de17046566e7-PendingRequests: sendNotLeaderResponses
2019-08-29 08:31:21,852 [org.apache.ratis.server.impl.LogAppender$AppenderDaemon$$Lambda$485/761643499@40828b76] WARN  server.GrpcLogAppender (GrpcLogAppender.java:mayWait(143)) - GrpcLogAppender(e12b4279-35b8-444e-a86f-de17046566e7->6c31837e-6e29-47bb-a59a-cbce924aec19): Wait interrupted by java.lang.InterruptedException
2019-08-29 08:31:21,852 [org.apache.ratis.server.impl.LogAppender$AppenderDaemon$$Lambda$485/761643499@58015a2] WARN  server.GrpcLogAppender (GrpcLogAppender.java:mayWait(143)) - GrpcLogAppender(e12b4279-35b8-444e-a86f-de17046566e7->7cfaebde-8af2-48b8-8320-c065a7b881d3): Wait interrupted by java.lang.InterruptedException
2019-08-29 08:31:21,852 [main] INFO  impl.PendingRequests (PendingRequests.java:sendNotLeaderResponses(202)) - 9f8785e0-a018-4c06-b04f-e9b08840f25e-PendingRequests: sendNotLeaderResponses
2019-08-29 08:31:21,855 [grpc-default-executor-9] INFO  server.GrpcServerProtocolService (GrpcServerProtocolService.java:onCompleted(104)) - 7cfaebde-8af2-48b8-8320-c065a7b881d3: appendEntries completed
2019-08-29 08:31:21,855 [StateMachineUpdater:e12b4279-35b8-444e-a86f-de17046566e7:group-AB2BFD5F97A1] INFO  ratis.ContainerStateMachine (ContainerStateMachine.java:takeSnapshot(284)) - group-AB2BFD5F97A1: Taking a snapshot at:(t:1, i:6) file /workdir/hadoop-ozone/integration-test/target/test-dir/MiniOzoneClusterImpl-8c07e826-c47b-4931-987d-73ac2cd5ddca/datanode-1/data/ratis/954f2737-7c8a-4e9d-8b56-ab2bfd5f97a1/sm/snapshot.1_6
2019-08-29 08:31:21,855 [main] INFO  impl.StateMachineUpdater (StateMachineUpdater.java:stopAndJoin(115)) - StateMachineUpdater:9f8785e0-a018-4c06-b04f-e9b08840f25e:group-BCC57303FEAF: set stopIndex = 0
2019-08-29 08:31:21,855 [main] INFO  impl.RaftServerImpl (ServerState.java:close(394)) - 9f8785e0-a018-4c06-b04f-e9b08840f25e:group-BCC57303FEAF closes. The last applied log index is 0
2019-08-29 08:31:21,855 [ForkJoinPool.commonPool-worker-1] INFO  impl.StateMachineUpdater (StateMachineUpdater.java:stopAndJoin(115)) - StateMachineUpdater:e12b4279-35b8-444e-a86f-de17046566e7:group-AB2BFD5F97A1: set stopIndex = 6
2019-08-29 08:31:21,856 [9f8785e0-a018-4c06-b04f-e9b08840f25e-SegmentedRaftLogWorker:Storage Directory /workdir/hadoop-ozone/integration-test/target/test-dir/MiniOzoneClusterImpl-8c07e826-c47b-4931-987d-73ac2cd5ddca/datanode-4/data/ratis/030c423d-1b05-4dd8-92fe-bcc57303feaf] INFO  segmented.SegmentedRaftLogWorker (SegmentedRaftLogWorker.java:run(313)) - 9f8785e0-a018-4c06-b04f-e9b08840f25e-SegmentedRaftLogWorker:Storage Directory /workdir/hadoop-ozone/integration-test/target/test-dir/MiniOzoneClusterImpl-8c07e826-c47b-4931-987d-73ac2cd5ddca/datanode-4/data/ratis/030c423d-1b05-4dd8-92fe-bcc57303feaf was interrupted, exiting. There are 0 tasks remaining in the queue.
2019-08-29 08:31:21,855 [grpc-default-executor-9] INFO  server.GrpcLogAppender (GrpcLogAppender.java:onCompleted(292)) - e12b4279-35b8-444e-a86f-de17046566e7->7cfaebde-8af2-48b8-8320-c065a7b881d3: follower responses appendEntries COMPLETED
2019-08-29 08:31:21,855 [grpc-default-executor-7] INFO  server.GrpcServerProtocolService (GrpcServerProtocolService.java:onCompleted(104)) - 6c31837e-6e29-47bb-a59a-cbce924aec19: appendEntries completed
2019-08-29 08:31:21,858 [grpc-default-executor-9] INFO  impl.FollowerInfo (FollowerInfo.java:lambda$new$0(50)) - e12b4279-35b8-444e-a86f-de17046566e7->7cfaebde-8af2-48b8-8320-c065a7b881d3: nextIndex: updateUnconditionally 7 -> 6
2019-08-29 08:31:21,858 [main] INFO  segmented.SegmentedRaftLogWorker (SegmentedRaftLogWorker.java:close(228)) - 9f8785e0-a018-4c06-b04f-e9b08840f25e-SegmentedRaftLogWorker:Storage Directory /workdir/hadoop-ozone/integration-test/target/test-dir/MiniOzoneClusterImpl-8c07e826-c47b-4931-987d-73ac2cd5ddca/datanode-4/data/ratis/030c423d-1b05-4dd8-92fe-bcc57303feaf close()
2019-08-29 08:31:21,858 [grpc-default-executor-9] INFO  server.GrpcLogAppender (GrpcLogAppender.java:onCompleted(292)) - e12b4279-35b8-444e-a86f-de17046566e7->6c31837e-6e29-47bb-a59a-cbce924aec19: follower responses appendEntries COMPLETED
2019-08-29 08:31:21,861 [main] INFO  impl.RaftServerImpl (RaftServerImpl.java:lambda$shutdown$3(245)) - 9f8785e0-a018-4c06-b04f-e9b08840f25e: shutdown group-BA22A22325CE
2019-08-29 08:31:21,861 [grpc-default-executor-9] INFO  impl.FollowerInfo (FollowerInfo.java:lambda$new$0(50)) - e12b4279-35b8-444e-a86f-de17046566e7->6c31837e-6e29-47bb-a59a-cbce924aec19: nextIndex: updateUnconditionally 7 -> 6
2019-08-29 08:31:21,861 [main] INFO  util.JmxRegister (JmxRegister.java:unregister(73)) - Successfully un-registered JMX Bean with object name Ratis:service=RaftServer,group=group-BA22A22325CE,id=9f8785e0-a018-4c06-b04f-e9b08840f25e
2019-08-29 08:31:21,862 [main] INFO  impl.RoleInfo (RoleInfo.java:shutdownFollowerState(121)) - 9f8785e0-a018-4c06-b04f-e9b08840f25e: shutdown FollowerState
2019-08-29 08:31:21,862 [main] INFO  impl.StateMachineUpdater (StateMachineUpdater.java:stopAndJoin(115)) - StateMachineUpdater:9f8785e0-a018-4c06-b04f-e9b08840f25e:group-BA22A22325CE: set stopIndex = 6
2019-08-29 08:31:21,862 [StateMachineUpdater:9f8785e0-a018-4c06-b04f-e9b08840f25e:group-BA22A22325CE] INFO  ratis.ContainerStateMachine (ContainerStateMachine.java:takeSnapshot(284)) - group-BA22A22325CE: Taking a snapshot at:(t:1, i:4) file /workdir/hadoop-ozone/integration-test/target/test-dir/MiniOzoneClusterImpl-8c07e826-c47b-4931-987d-73ac2cd5ddca/datanode-4/data/ratis/3a3886c3-8a5a-49d5-90a7-ba22a22325ce/sm/snapshot.1_4
2019-08-29 08:31:21,862 [Thread-3926] INFO  impl.FollowerState (FollowerState.java:run(114)) - 9f8785e0-a018-4c06-b04f-e9b08840f25e: FollowerState was interrupted: java.lang.InterruptedException: sleep interrupted
2019-08-29 08:31:21,882 [StateMachineUpdater:e12b4279-35b8-444e-a86f-de17046566e7:group-AB2BFD5F97A1] INFO  ratis.ContainerStateMachine (ContainerStateMachine.java:takeSnapshot(295)) - group-AB2BFD5F97A1: Finished taking a snapshot at:(t:1, i:6) file:/workdir/hadoop-ozone/integration-test/target/test-dir/MiniOzoneClusterImpl-8c07e826-c47b-4931-987d-73ac2cd5ddca/datanode-1/data/ratis/954f2737-7c8a-4e9d-8b56-ab2bfd5f97a1/sm/snapshot.1_6 time:28
2019-08-29 08:31:21,882 [StateMachineUpdater:e12b4279-35b8-444e-a86f-de17046566e7:group-AB2BFD5F97A1] INFO  impl.StateMachineUpdater (StateMachineUpdater.java:takeSnapshot(242)) - StateMachineUpdater:e12b4279-35b8-444e-a86f-de17046566e7:group-AB2BFD5F97A1: Took a snapshot at index 6
2019-08-29 08:31:21,883 [StateMachineUpdater:e12b4279-35b8-444e-a86f-de17046566e7:group-AB2BFD5F97A1] INFO  impl.StateMachineUpdater (StateMachineUpdater.java:lambda$new$0(80)) - StateMachineUpdater:e12b4279-35b8-444e-a86f-de17046566e7:group-AB2BFD5F97A1: snapshotIndex: updateIncreasingly -1 -> 6
2019-08-29 08:31:21,883 [ForkJoinPool.commonPool-worker-1] INFO  impl.RaftServerImpl (ServerState.java:close(394)) - e12b4279-35b8-444e-a86f-de17046566e7:group-AB2BFD5F97A1 closes. The last applied log index is 6
2019-08-29 08:31:21,883 [e12b4279-35b8-444e-a86f-de17046566e7-SegmentedRaftLogWorker:Storage Directory /workdir/hadoop-ozone/integration-test/target/test-dir/MiniOzoneClusterImpl-8c07e826-c47b-4931-987d-73ac2cd5ddca/datanode-1/data/ratis/954f2737-7c8a-4e9d-8b56-ab2bfd5f97a1] INFO  segmented.SegmentedRaftLogWorker (SegmentedRaftLogWorker.java:run(313)) - e12b4279-35b8-444e-a86f-de17046566e7-SegmentedRaftLogWorker:Storage Directory /workdir/hadoop-ozone/integration-test/target/test-dir/MiniOzoneClusterImpl-8c07e826-c47b-4931-987d-73ac2cd5ddca/datanode-1/data/ratis/954f2737-7c8a-4e9d-8b56-ab2bfd5f97a1 was interrupted, exiting. There are 0 tasks remaining in the queue.
2019-08-29 08:31:21,885 [ForkJoinPool.commonPool-worker-1] INFO  segmented.SegmentedRaftLogWorker (SegmentedRaftLogWorker.java:close(228)) - e12b4279-35b8-444e-a86f-de17046566e7-SegmentedRaftLogWorker:Storage Directory /workdir/hadoop-ozone/integration-test/target/test-dir/MiniOzoneClusterImpl-8c07e826-c47b-4931-987d-73ac2cd5ddca/datanode-1/data/ratis/954f2737-7c8a-4e9d-8b56-ab2bfd5f97a1 close()
2019-08-29 08:31:21,890 [ForkJoinPool.commonPool-worker-1] INFO  impl.RaftServerImpl (RaftServerImpl.java:lambda$shutdown$3(245)) - e12b4279-35b8-444e-a86f-de17046566e7: shutdown group-F63D2E0F99C0
2019-08-29 08:31:21,890 [ForkJoinPool.commonPool-worker-1] INFO  util.JmxRegister (JmxRegister.java:unregister(73)) - Successfully un-registered JMX Bean with object name Ratis:service=RaftServer,group=group-F63D2E0F99C0,id=e12b4279-35b8-444e-a86f-de17046566e7
2019-08-29 08:31:21,890 [ForkJoinPool.commonPool-worker-1] INFO  impl.RoleInfo (RoleInfo.java:shutdownLeaderState(104)) - e12b4279-35b8-444e-a86f-de17046566e7: shutdown LeaderState
2019-08-29 08:31:21,891 [ForkJoinPool.commonPool-worker-1] INFO  impl.PendingRequests (PendingRequests.java:sendNotLeaderResponses(202)) - e12b4279-35b8-444e-a86f-de17046566e7-PendingRequests: sendNotLeaderResponses
2019-08-29 08:31:21,891 [ForkJoinPool.commonPool-worker-1] INFO  impl.StateMachineUpdater (StateMachineUpdater.java:stopAndJoin(115)) - StateMachineUpdater:e12b4279-35b8-444e-a86f-de17046566e7:group-F63D2E0F99C0: set stopIndex = 0
2019-08-29 08:31:21,891 [ForkJoinPool.commonPool-worker-1] INFO  impl.RaftServerImpl (ServerState.java:close(394)) - e12b4279-35b8-444e-a86f-de17046566e7:group-F63D2E0F99C0 closes. The last applied log index is 0
2019-08-29 08:31:21,892 [e12b4279-35b8-444e-a86f-de17046566e7-SegmentedRaftLogWorker:Storage Directory /workdir/hadoop-ozone/integration-test/target/test-dir/MiniOzoneClusterImpl-8c07e826-c47b-4931-987d-73ac2cd5ddca/datanode-1/data/ratis/54655cb0-721f-4c7d-8ca8-f63d2e0f99c0] INFO  segmented.SegmentedRaftLogWorker (SegmentedRaftLogWorker.java:run(313)) - e12b4279-35b8-444e-a86f-de17046566e7-SegmentedRaftLogWorker:Storage Directory /workdir/hadoop-ozone/integration-test/target/test-dir/MiniOzoneClusterImpl-8c07e826-c47b-4931-987d-73ac2cd5ddca/datanode-1/data/ratis/54655cb0-721f-4c7d-8ca8-f63d2e0f99c0 was interrupted, exiting. There are 0 tasks remaining in the queue.
2019-08-29 08:31:21,893 [ForkJoinPool.commonPool-worker-1] INFO  segmented.SegmentedRaftLogWorker (SegmentedRaftLogWorker.java:close(228)) - e12b4279-35b8-444e-a86f-de17046566e7-SegmentedRaftLogWorker:Storage Directory /workdir/hadoop-ozone/integration-test/target/test-dir/MiniOzoneClusterImpl-8c07e826-c47b-4931-987d-73ac2cd5ddca/datanode-1/data/ratis/54655cb0-721f-4c7d-8ca8-f63d2e0f99c0 close()
2019-08-29 08:31:21,897 [ForkJoinPool.commonPool-worker-1] INFO  server.GrpcService (GrpcService.java:closeImpl(155)) - e12b4279-35b8-444e-a86f-de17046566e7: shutdown server with port 40842 now
2019-08-29 08:31:21,898 [grpc-default-executor-7] WARN  client.GrpcClientProtocolService (LogUtils.java:warn(134)) - 2-UnorderedRequestStreamObserver2: onError: org.apache.ratis.thirdparty.io.grpc.StatusRuntimeException: CANCELLED: cancelled before receiving half close
2019-08-29 08:31:21,898 [ForkJoinPool.commonPool-worker-1] INFO  server.GrpcService (GrpcService.java:closeImpl(163)) - e12b4279-35b8-444e-a86f-de17046566e7: shutdown server with port 40842 successfully
2019-08-29 08:31:21,906 [refreshUsed-/workdir/hadoop-ozone/integration-test/target/test-dir/MiniOzoneClusterImpl-8c07e826-c47b-4931-987d-73ac2cd5ddca/datanode-1/data/containers] WARN  fs.CachingGetSpaceUsed (CachingGetSpaceUsed.java:run(183)) - Thread Interrupted waiting to refresh disk information: sleep interrupted
2019-08-29 08:31:21,917 [ForkJoinPool.commonPool-worker-1] INFO  utils.BackgroundService (BackgroundService.java:shutdown(148)) - Shutting down service BlockDeletingService
2019-08-29 08:31:21,921 [StateMachineUpdater:9f8785e0-a018-4c06-b04f-e9b08840f25e:group-BA22A22325CE] INFO  ratis.ContainerStateMachine (ContainerStateMachine.java:takeSnapshot(295)) - group-BA22A22325CE: Finished taking a snapshot at:(t:1, i:4) file:/workdir/hadoop-ozone/integration-test/target/test-dir/MiniOzoneClusterImpl-8c07e826-c47b-4931-987d-73ac2cd5ddca/datanode-4/data/ratis/3a3886c3-8a5a-49d5-90a7-ba22a22325ce/sm/snapshot.1_4 time:58
2019-08-29 08:31:21,921 [StateMachineUpdater:9f8785e0-a018-4c06-b04f-e9b08840f25e:group-BA22A22325CE] INFO  impl.StateMachineUpdater (StateMachineUpdater.java:takeSnapshot(242)) - StateMachineUpdater:9f8785e0-a018-4c06-b04f-e9b08840f25e:group-BA22A22325CE: Took a snapshot at index 4
2019-08-29 08:31:21,923 [ForkJoinPool.commonPool-worker-1] INFO  statemachine.DatanodeStateMachine (DatanodeStateMachine.java:stopDaemon(395)) - Ozone container server stopped.
2019-08-29 08:31:21,923 [StateMachineUpdater:9f8785e0-a018-4c06-b04f-e9b08840f25e:group-BA22A22325CE] INFO  impl.StateMachineUpdater (StateMachineUpdater.java:lambda$new$0(80)) - StateMachineUpdater:9f8785e0-a018-4c06-b04f-e9b08840f25e:group-BA22A22325CE: snapshotIndex: updateIncreasingly -1 -> 4
2019-08-29 08:31:21,924 [main] INFO  impl.RaftServerImpl (ServerState.java:close(394)) - 9f8785e0-a018-4c06-b04f-e9b08840f25e:group-BA22A22325CE closes. The last applied log index is 6
2019-08-29 08:31:21,926 [9f8785e0-a018-4c06-b04f-e9b08840f25e-SegmentedRaftLogWorker:Storage Directory /workdir/hadoop-ozone/integration-test/target/test-dir/MiniOzoneClusterImpl-8c07e826-c47b-4931-987d-73ac2cd5ddca/datanode-4/data/ratis/3a3886c3-8a5a-49d5-90a7-ba22a22325ce] INFO  segmented.SegmentedRaftLogWorker (SegmentedRaftLogWorker.java:run(313)) - 9f8785e0-a018-4c06-b04f-e9b08840f25e-SegmentedRaftLogWorker:Storage Directory /workdir/hadoop-ozone/integration-test/target/test-dir/MiniOzoneClusterImpl-8c07e826-c47b-4931-987d-73ac2cd5ddca/datanode-4/data/ratis/3a3886c3-8a5a-49d5-90a7-ba22a22325ce was interrupted, exiting. There are 0 tasks remaining in the queue.
2019-08-29 08:31:21,927 [ForkJoinPool.commonPool-worker-1] INFO  handler.ContextHandler (ContextHandler.java:doStop(910)) - Stopped o.e.j.w.WebAppContext@100bba26{/,null,UNAVAILABLE}{/hddsDatanode}
2019-08-29 08:31:21,929 [main] INFO  segmented.SegmentedRaftLogWorker (SegmentedRaftLogWorker.java:close(228)) - 9f8785e0-a018-4c06-b04f-e9b08840f25e-SegmentedRaftLogWorker:Storage Directory /workdir/hadoop-ozone/integration-test/target/test-dir/MiniOzoneClusterImpl-8c07e826-c47b-4931-987d-73ac2cd5ddca/datanode-4/data/ratis/3a3886c3-8a5a-49d5-90a7-ba22a22325ce close()
2019-08-29 08:31:21,929 [ForkJoinPool.commonPool-worker-1] INFO  server.AbstractConnector (AbstractConnector.java:doStop(318)) - Stopped ServerConnector@4ae280da{HTTP/1.1,[http/1.1]}{0.0.0.0:0}
2019-08-29 08:31:21,932 [main] INFO  server.GrpcService (GrpcService.java:closeImpl(155)) - 9f8785e0-a018-4c06-b04f-e9b08840f25e: shutdown server with port 35322 now
2019-08-29 08:31:21,933 [ForkJoinPool.commonPool-worker-1] INFO  handler.ContextHandler (ContextHandler.java:doStop(910)) - Stopped o.e.j.s.ServletContextHandler@dc59ec2{/static,jar:file:/home/user/.m2/repository/org/apache/hadoop/hadoop-hdds-container-service/0.5.0-SNAPSHOT/hadoop-hdds-container-service-0.5.0-SNAPSHOT.jar!/webapps/static,UNAVAILABLE}
2019-08-29 08:31:21,936 [ForkJoinPool.commonPool-worker-1] INFO  handler.ContextHandler (ContextHandler.java:doStop(910)) - Stopped o.e.j.s.ServletContextHandler@b56ec6c{/logs,file:///workdir/hadoop-ozone/integration-test/target/log,UNAVAILABLE}
2019-08-29 08:31:21,936 [grpc-default-executor-7] WARN  server.GrpcServerProtocolService (LogUtils.java:warn(134)) - 9f8785e0-a018-4c06-b04f-e9b08840f25e: appendEntries onError: org.apache.ratis.thirdparty.io.grpc.StatusRuntimeException: CANCELLED: cancelled before receiving half close
2019-08-29 08:31:21,937 [main] INFO  server.GrpcService (GrpcService.java:closeImpl(163)) - 9f8785e0-a018-4c06-b04f-e9b08840f25e: shutdown server with port 35322 successfully
2019-08-29 08:31:21,937 [grpc-default-executor-9] WARN  server.GrpcLogAppender (LogUtils.java:warn(134)) - 2cc9a7c5-5377-452e-b53b-b98038258734->9f8785e0-a018-4c06-b04f-e9b08840f25e: Failed appendEntries: org.apache.ratis.thirdparty.io.grpc.StatusRuntimeException: CANCELLED: HTTP/2 error code: CANCEL
Received Rst Stream
2019-08-29 08:31:21,937 [grpc-default-executor-9] INFO  impl.FollowerInfo (FollowerInfo.java:lambda$new$0(50)) - 2cc9a7c5-5377-452e-b53b-b98038258734->9f8785e0-a018-4c06-b04f-e9b08840f25e: nextIndex: updateUnconditionally 7 -> 6
2019-08-29 08:31:21,938 [refreshUsed-/workdir/hadoop-ozone/integration-test/target/test-dir/MiniOzoneClusterImpl-8c07e826-c47b-4931-987d-73ac2cd5ddca/datanode-4/data/containers] WARN  fs.CachingGetSpaceUsed (CachingGetSpaceUsed.java:run(183)) - Thread Interrupted waiting to refresh disk information: sleep interrupted
2019-08-29 08:31:21,951 [main] INFO  utils.BackgroundService (BackgroundService.java:shutdown(148)) - Shutting down service BlockDeletingService
2019-08-29 08:31:21,955 [main] INFO  statemachine.DatanodeStateMachine (DatanodeStateMachine.java:stopDaemon(395)) - Ozone container server stopped.
2019-08-29 08:31:21,956 [main] INFO  handler.ContextHandler (ContextHandler.java:doStop(910)) - Stopped o.e.j.w.WebAppContext@684372d0{/,null,UNAVAILABLE}{/hddsDatanode}
2019-08-29 08:31:21,956 [main] INFO  server.AbstractConnector (AbstractConnector.java:doStop(318)) - Stopped ServerConnector@63dda940{HTTP/1.1,[http/1.1]}{0.0.0.0:0}
2019-08-29 08:31:21,957 [main] INFO  handler.ContextHandler (ContextHandler.java:doStop(910)) - Stopped o.e.j.s.ServletContextHandler@1a497286{/static,jar:file:/home/user/.m2/repository/org/apache/hadoop/hadoop-hdds-container-service/0.5.0-SNAPSHOT/hadoop-hdds-container-service-0.5.0-SNAPSHOT.jar!/webapps/static,UNAVAILABLE}
2019-08-29 08:31:21,957 [main] INFO  handler.ContextHandler (ContextHandler.java:doStop(910)) - Stopped o.e.j.s.ServletContextHandler@8b41ad{/logs,file:///workdir/hadoop-ozone/integration-test/target/log,UNAVAILABLE}
2019-08-29 08:31:21,983 | INFO  | SCMAudit | user=jenkins1000 | ip=192.168.5.176 | op=SEND_HEARTBEAT {datanodeUUID=bc6b7a81-d649-4b98-a2dd-a143f3cec515, command=[]} | ret=SUCCESS |  
2019-08-29 08:31:22,312 [Datanode State Machine Thread - 0] INFO  statemachine.DatanodeStateMachine (DatanodeStateMachine.java:lambda$startDaemon$0(350)) - Ozone container server started.
2019-08-29 08:31:22,313 | INFO  | SCMAudit | user=jenkins1000 | ip=192.168.5.176 | op=SEND_HEARTBEAT {datanodeUUID=7cfaebde-8af2-48b8-8320-c065a7b881d3, command=[commandType: closeContainerCommand closeContainerCommandProto { containerID: 1 pipelineID { id: "954f2737-7c8a-4e9d-8b56-ab2bfd5f97a1" } cmdId: 1 force: false } ]} | ret=SUCCESS |  
2019-08-29 08:31:22,613 [Datanode State Machine Thread - 0] INFO  statemachine.DatanodeStateMachine (DatanodeStateMachine.java:lambda$startDaemon$0(350)) - Ozone container server started.
2019-08-29 08:31:22,614 | INFO  | SCMAudit | user=jenkins1000 | ip=192.168.5.176 | op=SEND_HEARTBEAT {datanodeUUID=b7500143-f2c4-48ed-bac6-0cd36d85de29, command=[commandType: closeContainerCommand closeContainerCommandProto { containerID: 2 pipelineID { id: "3a3886c3-8a5a-49d5-90a7-ba22a22325ce" } cmdId: 2 force: false } ]} | ret=SUCCESS |  
2019-08-29 08:31:22,983 | INFO  | SCMAudit | user=jenkins1000 | ip=192.168.5.176 | op=SEND_HEARTBEAT {datanodeUUID=bc6b7a81-d649-4b98-a2dd-a143f3cec515, command=[]} | ret=SUCCESS |  
2019-08-29 08:31:23,313 | INFO  | SCMAudit | user=jenkins1000 | ip=192.168.5.176 | op=SEND_HEARTBEAT {datanodeUUID=7cfaebde-8af2-48b8-8320-c065a7b881d3, command=[]} | ret=SUCCESS |  
2019-08-29 08:31:23,338 | INFO  | SCMAudit | user=jenkins1000 | ip=192.168.5.176 | op=SEND_HEARTBEAT {datanodeUUID=7cfaebde-8af2-48b8-8320-c065a7b881d3, command=[]} | ret=SUCCESS |  
2019-08-29 08:31:23,614 | INFO  | SCMAudit | user=jenkins1000 | ip=192.168.5.176 | op=SEND_HEARTBEAT {datanodeUUID=b7500143-f2c4-48ed-bac6-0cd36d85de29, command=[]} | ret=SUCCESS |  
2019-08-29 08:31:23,628 | INFO  | SCMAudit | user=jenkins1000 | ip=192.168.5.176 | op=SEND_HEARTBEAT {datanodeUUID=b7500143-f2c4-48ed-bac6-0cd36d85de29, command=[]} | ret=SUCCESS |  
2019-08-29 08:31:23,983 | INFO  | SCMAudit | user=jenkins1000 | ip=192.168.5.176 | op=SEND_HEARTBEAT {datanodeUUID=bc6b7a81-d649-4b98-a2dd-a143f3cec515, command=[]} | ret=SUCCESS |  
2019-08-29 08:31:24,227 [grpc-default-executor-10] WARN  server.GrpcLogAppender (LogUtils.java:warn(134)) - 2cc9a7c5-5377-452e-b53b-b98038258734->9f8785e0-a018-4c06-b04f-e9b08840f25e: Failed appendEntries: org.apache.ratis.thirdparty.io.grpc.StatusRuntimeException: UNAVAILABLE: io exception
2019-08-29 08:31:24,228 [grpc-default-executor-10] INFO  impl.FollowerInfo (FollowerInfo.java:lambda$new$0(50)) - 2cc9a7c5-5377-452e-b53b-b98038258734->9f8785e0-a018-4c06-b04f-e9b08840f25e: nextIndex: updateUnconditionally 6 -> 5
2019-08-29 08:31:24,338 | INFO  | SCMAudit | user=jenkins1000 | ip=192.168.5.176 | op=SEND_HEARTBEAT {datanodeUUID=7cfaebde-8af2-48b8-8320-c065a7b881d3, command=[]} | ret=SUCCESS |  
2019-08-29 08:31:24,628 | INFO  | SCMAudit | user=jenkins1000 | ip=192.168.5.176 | op=SEND_HEARTBEAT {datanodeUUID=b7500143-f2c4-48ed-bac6-0cd36d85de29, command=[]} | ret=SUCCESS |  
2019-08-29 08:31:24,983 | INFO  | SCMAudit | user=jenkins1000 | ip=192.168.5.176 | op=SEND_HEARTBEAT {datanodeUUID=bc6b7a81-d649-4b98-a2dd-a143f3cec515, command=[]} | ret=SUCCESS |  
2019-08-29 08:31:25,338 | INFO  | SCMAudit | user=jenkins1000 | ip=192.168.5.176 | op=SEND_HEARTBEAT {datanodeUUID=7cfaebde-8af2-48b8-8320-c065a7b881d3, command=[]} | ret=SUCCESS |  
2019-08-29 08:31:25,628 | INFO  | SCMAudit | user=jenkins1000 | ip=192.168.5.176 | op=SEND_HEARTBEAT {datanodeUUID=b7500143-f2c4-48ed-bac6-0cd36d85de29, command=[]} | ret=SUCCESS |  
2019-08-29 08:31:25,983 | INFO  | SCMAudit | user=jenkins1000 | ip=192.168.5.176 | op=SEND_HEARTBEAT {datanodeUUID=bc6b7a81-d649-4b98-a2dd-a143f3cec515, command=[]} | ret=SUCCESS |  
2019-08-29 08:31:26,336 [EventQueue-StaleNodeForStaleNodeHandler] INFO  node.StaleNodeHandler (StaleNodeHandler.java:onMessage(58)) - Datanode 6c31837e-6e29-47bb-a59a-cbce924aec19{ip: 192.168.5.176, host: pr-hdds-1909-44d2n-1519487446, networkLocation: /default-rack, certSerialId: null} moved to stale state. Finalizing its pipelines [PipelineID=35aab04d-75de-4fa2-afc7-400303c3f055, PipelineID=954f2737-7c8a-4e9d-8b56-ab2bfd5f97a1]
2019-08-29 08:31:26,336 [EventQueue-StaleNodeForStaleNodeHandler] INFO  pipeline.SCMPipelineManager (SCMPipelineManager.java:finalizeAndDestroyPipeline(309)) - destroying pipeline:Pipeline[ Id: 35aab04d-75de-4fa2-afc7-400303c3f055, Nodes: 6c31837e-6e29-47bb-a59a-cbce924aec19{ip: 192.168.5.176, host: pr-hdds-1909-44d2n-1519487446, networkLocation: /default-rack, certSerialId: null}, Type:RATIS, Factor:ONE, State:OPEN]
2019-08-29 08:31:26,336 [EventQueue-StaleNodeForStaleNodeHandler] INFO  pipeline.PipelineStateManager (PipelineStateManager.java:finalizePipeline(123)) - Pipeline Pipeline[ Id: 35aab04d-75de-4fa2-afc7-400303c3f055, Nodes: 6c31837e-6e29-47bb-a59a-cbce924aec19{ip: 192.168.5.176, host: pr-hdds-1909-44d2n-1519487446, networkLocation: /default-rack, certSerialId: null}, Type:RATIS, Factor:ONE, State:CLOSED] moved to CLOSED state
2019-08-29 08:31:26,337 [EventQueue-StaleNodeForStaleNodeHandler] INFO  pipeline.SCMPipelineManager (SCMPipelineManager.java:finalizeAndDestroyPipeline(309)) - destroying pipeline:Pipeline[ Id: 954f2737-7c8a-4e9d-8b56-ab2bfd5f97a1, Nodes: 7cfaebde-8af2-48b8-8320-c065a7b881d3{ip: 192.168.5.176, host: pr-hdds-1909-44d2n-1519487446, networkLocation: /default-rack, certSerialId: null}6c31837e-6e29-47bb-a59a-cbce924aec19{ip: 192.168.5.176, host: pr-hdds-1909-44d2n-1519487446, networkLocation: /default-rack, certSerialId: null}e12b4279-35b8-444e-a86f-de17046566e7{ip: 192.168.5.176, host: pr-hdds-1909-44d2n-1519487446, networkLocation: /default-rack, certSerialId: null}, Type:RATIS, Factor:THREE, State:CLOSED]
2019-08-29 08:31:26,338 | INFO  | SCMAudit | user=jenkins1000 | ip=192.168.5.176 | op=SEND_HEARTBEAT {datanodeUUID=7cfaebde-8af2-48b8-8320-c065a7b881d3, command=[]} | ret=SUCCESS |  
2019-08-29 08:31:26,628 | INFO  | SCMAudit | user=jenkins1000 | ip=192.168.5.176 | op=SEND_HEARTBEAT {datanodeUUID=b7500143-f2c4-48ed-bac6-0cd36d85de29, command=[]} | ret=SUCCESS |  
2019-08-29 08:31:26,636 [EventQueue-StaleNodeForStaleNodeHandler] INFO  node.StaleNodeHandler (StaleNodeHandler.java:onMessage(58)) - Datanode 2cc9a7c5-5377-452e-b53b-b98038258734{ip: 192.168.5.176, host: pr-hdds-1909-44d2n-1519487446, networkLocation: /default-rack, certSerialId: null} moved to stale state. Finalizing its pipelines [PipelineID=c06bc953-15dd-473f-9acb-a6b24757155e, PipelineID=3a3886c3-8a5a-49d5-90a7-ba22a22325ce]
2019-08-29 08:31:26,636 [EventQueue-StaleNodeForStaleNodeHandler] INFO  pipeline.SCMPipelineManager (SCMPipelineManager.java:finalizeAndDestroyPipeline(309)) - destroying pipeline:Pipeline[ Id: c06bc953-15dd-473f-9acb-a6b24757155e, Nodes: 2cc9a7c5-5377-452e-b53b-b98038258734{ip: 192.168.5.176, host: pr-hdds-1909-44d2n-1519487446, networkLocation: /default-rack, certSerialId: null}, Type:RATIS, Factor:ONE, State:OPEN]
2019-08-29 08:31:26,637 [EventQueue-StaleNodeForStaleNodeHandler] INFO  pipeline.PipelineStateManager (PipelineStateManager.java:finalizePipeline(123)) - Pipeline Pipeline[ Id: c06bc953-15dd-473f-9acb-a6b24757155e, Nodes: 2cc9a7c5-5377-452e-b53b-b98038258734{ip: 192.168.5.176, host: pr-hdds-1909-44d2n-1519487446, networkLocation: /default-rack, certSerialId: null}, Type:RATIS, Factor:ONE, State:CLOSED] moved to CLOSED state
2019-08-29 08:31:26,637 [EventQueue-StaleNodeForStaleNodeHandler] INFO  pipeline.SCMPipelineManager (SCMPipelineManager.java:finalizeAndDestroyPipeline(309)) - destroying pipeline:Pipeline[ Id: 3a3886c3-8a5a-49d5-90a7-ba22a22325ce, Nodes: b7500143-f2c4-48ed-bac6-0cd36d85de29{ip: 192.168.5.176, host: pr-hdds-1909-44d2n-1519487446, networkLocation: /default-rack, certSerialId: null}9f8785e0-a018-4c06-b04f-e9b08840f25e{ip: 192.168.5.176, host: pr-hdds-1909-44d2n-1519487446, networkLocation: /default-rack, certSerialId: null}2cc9a7c5-5377-452e-b53b-b98038258734{ip: 192.168.5.176, host: pr-hdds-1909-44d2n-1519487446, networkLocation: /default-rack, certSerialId: null}, Type:RATIS, Factor:THREE, State:CLOSED]
2019-08-29 08:31:26,726 [grpc-default-executor-9] WARN  server.GrpcLogAppender (LogUtils.java:warn(134)) - 2cc9a7c5-5377-452e-b53b-b98038258734->9f8785e0-a018-4c06-b04f-e9b08840f25e: Failed appendEntries: org.apache.ratis.thirdparty.io.grpc.StatusRuntimeException: UNAVAILABLE: io exception
2019-08-29 08:31:26,726 [grpc-default-executor-9] INFO  impl.FollowerInfo (FollowerInfo.java:lambda$new$0(50)) - 2cc9a7c5-5377-452e-b53b-b98038258734->9f8785e0-a018-4c06-b04f-e9b08840f25e: nextIndex: updateUnconditionally 5 -> 4
2019-08-29 08:31:26,937 [ForkJoinPool.commonPool-worker-1] INFO  ozoneimpl.OzoneContainer (OzoneContainer.java:stop(215)) - Attempting to stop container services.
2019-08-29 08:31:26,938 [ForkJoinPool.commonPool-worker-1] INFO  impl.RaftServerProxy (RaftServerProxy.java:lambda$close$4(314)) - 6c31837e-6e29-47bb-a59a-cbce924aec19: close
2019-08-29 08:31:26,938 [ForkJoinPool.commonPool-worker-1] INFO  impl.RaftServerImpl (RaftServerImpl.java:lambda$shutdown$3(245)) - 6c31837e-6e29-47bb-a59a-cbce924aec19: shutdown group-400303C3F055
2019-08-29 08:31:26,938 [ForkJoinPool.commonPool-worker-1] INFO  util.JmxRegister (JmxRegister.java:unregister(73)) - Successfully un-registered JMX Bean with object name Ratis:service=RaftServer,group=group-400303C3F055,id=6c31837e-6e29-47bb-a59a-cbce924aec19
2019-08-29 08:31:26,938 [ForkJoinPool.commonPool-worker-1] INFO  impl.RoleInfo (RoleInfo.java:shutdownLeaderState(104)) - 6c31837e-6e29-47bb-a59a-cbce924aec19: shutdown LeaderState
2019-08-29 08:31:26,938 [ForkJoinPool.commonPool-worker-1] INFO  impl.PendingRequests (PendingRequests.java:sendNotLeaderResponses(202)) - 6c31837e-6e29-47bb-a59a-cbce924aec19-PendingRequests: sendNotLeaderResponses
2019-08-29 08:31:26,939 [ForkJoinPool.commonPool-worker-1] INFO  impl.StateMachineUpdater (StateMachineUpdater.java:stopAndJoin(115)) - StateMachineUpdater:6c31837e-6e29-47bb-a59a-cbce924aec19:group-400303C3F055: set stopIndex = 0
2019-08-29 08:31:26,939 [ForkJoinPool.commonPool-worker-1] INFO  impl.RaftServerImpl (ServerState.java:close(394)) - 6c31837e-6e29-47bb-a59a-cbce924aec19:group-400303C3F055 closes. The last applied log index is 0
2019-08-29 08:31:26,939 [6c31837e-6e29-47bb-a59a-cbce924aec19-SegmentedRaftLogWorker:Storage Directory /workdir/hadoop-ozone/integration-test/target/test-dir/MiniOzoneClusterImpl-8c07e826-c47b-4931-987d-73ac2cd5ddca/datanode-2/data/ratis/35aab04d-75de-4fa2-afc7-400303c3f055] INFO  segmented.SegmentedRaftLogWorker (SegmentedRaftLogWorker.java:run(313)) - 6c31837e-6e29-47bb-a59a-cbce924aec19-SegmentedRaftLogWorker:Storage Directory /workdir/hadoop-ozone/integration-test/target/test-dir/MiniOzoneClusterImpl-8c07e826-c47b-4931-987d-73ac2cd5ddca/datanode-2/data/ratis/35aab04d-75de-4fa2-afc7-400303c3f055 was interrupted, exiting. There are 0 tasks remaining in the queue.
2019-08-29 08:31:26,944 [ForkJoinPool.commonPool-worker-1] INFO  segmented.SegmentedRaftLogWorker (SegmentedRaftLogWorker.java:close(228)) - 6c31837e-6e29-47bb-a59a-cbce924aec19-SegmentedRaftLogWorker:Storage Directory /workdir/hadoop-ozone/integration-test/target/test-dir/MiniOzoneClusterImpl-8c07e826-c47b-4931-987d-73ac2cd5ddca/datanode-2/data/ratis/35aab04d-75de-4fa2-afc7-400303c3f055 close()
2019-08-29 08:31:26,948 [ForkJoinPool.commonPool-worker-1] INFO  impl.RaftServerImpl (RaftServerImpl.java:lambda$shutdown$3(245)) - 6c31837e-6e29-47bb-a59a-cbce924aec19: shutdown group-AB2BFD5F97A1
2019-08-29 08:31:26,948 [ForkJoinPool.commonPool-worker-1] INFO  util.JmxRegister (JmxRegister.java:unregister(73)) - Successfully un-registered JMX Bean with object name Ratis:service=RaftServer,group=group-AB2BFD5F97A1,id=6c31837e-6e29-47bb-a59a-cbce924aec19
2019-08-29 08:31:26,948 [ForkJoinPool.commonPool-worker-1] INFO  impl.RoleInfo (RoleInfo.java:shutdownFollowerState(121)) - 6c31837e-6e29-47bb-a59a-cbce924aec19: shutdown FollowerState
2019-08-29 08:31:26,949 [ForkJoinPool.commonPool-worker-1] INFO  impl.StateMachineUpdater (StateMachineUpdater.java:stopAndJoin(115)) - StateMachineUpdater:6c31837e-6e29-47bb-a59a-cbce924aec19:group-AB2BFD5F97A1: set stopIndex = 6
2019-08-29 08:31:26,949 [StateMachineUpdater:6c31837e-6e29-47bb-a59a-cbce924aec19:group-AB2BFD5F97A1] INFO  ratis.ContainerStateMachine (ContainerStateMachine.java:takeSnapshot(284)) - group-AB2BFD5F97A1: Taking a snapshot at:(t:1, i:6) file /workdir/hadoop-ozone/integration-test/target/test-dir/MiniOzoneClusterImpl-8c07e826-c47b-4931-987d-73ac2cd5ddca/datanode-2/data/ratis/954f2737-7c8a-4e9d-8b56-ab2bfd5f97a1/sm/snapshot.1_6
2019-08-29 08:31:26,949 [Thread-3908] INFO  impl.FollowerState (FollowerState.java:run(114)) - 6c31837e-6e29-47bb-a59a-cbce924aec19: FollowerState was interrupted: java.lang.InterruptedException: sleep interrupted
2019-08-29 08:31:26,958 [main] INFO  ozoneimpl.OzoneContainer (OzoneContainer.java:stop(215)) - Attempting to stop container services.
2019-08-29 08:31:26,958 [main] INFO  impl.RaftServerProxy (RaftServerProxy.java:lambda$close$4(314)) - 2cc9a7c5-5377-452e-b53b-b98038258734: close
2019-08-29 08:31:26,959 [main] INFO  impl.RaftServerImpl (RaftServerImpl.java:lambda$shutdown$3(245)) - 2cc9a7c5-5377-452e-b53b-b98038258734: shutdown group-A6B24757155E
2019-08-29 08:31:26,959 [main] INFO  util.JmxRegister (JmxRegister.java:unregister(73)) - Successfully un-registered JMX Bean with object name Ratis:service=RaftServer,group=group-A6B24757155E,id=2cc9a7c5-5377-452e-b53b-b98038258734
2019-08-29 08:31:26,959 [main] INFO  impl.RoleInfo (RoleInfo.java:shutdownLeaderState(104)) - 2cc9a7c5-5377-452e-b53b-b98038258734: shutdown LeaderState
2019-08-29 08:31:26,960 [main] INFO  impl.PendingRequests (PendingRequests.java:sendNotLeaderResponses(202)) - 2cc9a7c5-5377-452e-b53b-b98038258734-PendingRequests: sendNotLeaderResponses
2019-08-29 08:31:26,960 [main] INFO  impl.StateMachineUpdater (StateMachineUpdater.java:stopAndJoin(115)) - StateMachineUpdater:2cc9a7c5-5377-452e-b53b-b98038258734:group-A6B24757155E: set stopIndex = 0
2019-08-29 08:31:26,960 [main] INFO  impl.RaftServerImpl (ServerState.java:close(394)) - 2cc9a7c5-5377-452e-b53b-b98038258734:group-A6B24757155E closes. The last applied log index is 0
2019-08-29 08:31:26,961 [2cc9a7c5-5377-452e-b53b-b98038258734-SegmentedRaftLogWorker:Storage Directory /workdir/hadoop-ozone/integration-test/target/test-dir/MiniOzoneClusterImpl-8c07e826-c47b-4931-987d-73ac2cd5ddca/datanode-3/data/ratis/c06bc953-15dd-473f-9acb-a6b24757155e] INFO  segmented.SegmentedRaftLogWorker (SegmentedRaftLogWorker.java:run(313)) - 2cc9a7c5-5377-452e-b53b-b98038258734-SegmentedRaftLogWorker:Storage Directory /workdir/hadoop-ozone/integration-test/target/test-dir/MiniOzoneClusterImpl-8c07e826-c47b-4931-987d-73ac2cd5ddca/datanode-3/data/ratis/c06bc953-15dd-473f-9acb-a6b24757155e was interrupted, exiting. There are 0 tasks remaining in the queue.
2019-08-29 08:31:26,973 [main] INFO  segmented.SegmentedRaftLogWorker (SegmentedRaftLogWorker.java:close(228)) - 2cc9a7c5-5377-452e-b53b-b98038258734-SegmentedRaftLogWorker:Storage Directory /workdir/hadoop-ozone/integration-test/target/test-dir/MiniOzoneClusterImpl-8c07e826-c47b-4931-987d-73ac2cd5ddca/datanode-3/data/ratis/c06bc953-15dd-473f-9acb-a6b24757155e close()
2019-08-29 08:31:26,975 [StateMachineUpdater:6c31837e-6e29-47bb-a59a-cbce924aec19:group-AB2BFD5F97A1] INFO  ratis.ContainerStateMachine (ContainerStateMachine.java:takeSnapshot(295)) - group-AB2BFD5F97A1: Finished taking a snapshot at:(t:1, i:6) file:/workdir/hadoop-ozone/integration-test/target/test-dir/MiniOzoneClusterImpl-8c07e826-c47b-4931-987d-73ac2cd5ddca/datanode-2/data/ratis/954f2737-7c8a-4e9d-8b56-ab2bfd5f97a1/sm/snapshot.1_6 time:25
2019-08-29 08:31:26,976 [main] INFO  impl.RaftServerImpl (RaftServerImpl.java:lambda$shutdown$3(245)) - 2cc9a7c5-5377-452e-b53b-b98038258734: shutdown group-BA22A22325CE
2019-08-29 08:31:26,976 [StateMachineUpdater:6c31837e-6e29-47bb-a59a-cbce924aec19:group-AB2BFD5F97A1] INFO  impl.StateMachineUpdater (StateMachineUpdater.java:takeSnapshot(242)) - StateMachineUpdater:6c31837e-6e29-47bb-a59a-cbce924aec19:group-AB2BFD5F97A1: Took a snapshot at index 6
2019-08-29 08:31:26,976 [main] INFO  util.JmxRegister (JmxRegister.java:unregister(73)) - Successfully un-registered JMX Bean with object name Ratis:service=RaftServer,group=group-BA22A22325CE,id=2cc9a7c5-5377-452e-b53b-b98038258734
2019-08-29 08:31:26,976 [StateMachineUpdater:6c31837e-6e29-47bb-a59a-cbce924aec19:group-AB2BFD5F97A1] INFO  impl.StateMachineUpdater (StateMachineUpdater.java:lambda$new$0(80)) - StateMachineUpdater:6c31837e-6e29-47bb-a59a-cbce924aec19:group-AB2BFD5F97A1: snapshotIndex: updateIncreasingly -1 -> 6
2019-08-29 08:31:26,977 [main] INFO  impl.RoleInfo (RoleInfo.java:shutdownLeaderState(104)) - 2cc9a7c5-5377-452e-b53b-b98038258734: shutdown LeaderState
2019-08-29 08:31:26,977 [ForkJoinPool.commonPool-worker-1] INFO  impl.RaftServerImpl (ServerState.java:close(394)) - 6c31837e-6e29-47bb-a59a-cbce924aec19:group-AB2BFD5F97A1 closes. The last applied log index is 6
2019-08-29 08:31:26,981 [org.apache.ratis.server.impl.LogAppender$AppenderDaemon$$Lambda$485/761643499@573e81db] WARN  server.GrpcLogAppender (GrpcLogAppender.java:mayWait(143)) - GrpcLogAppender(2cc9a7c5-5377-452e-b53b-b98038258734->b7500143-f2c4-48ed-bac6-0cd36d85de29): Wait interrupted by java.lang.InterruptedException
2019-08-29 08:31:26,981 [main] INFO  impl.PendingRequests (PendingRequests.java:sendNotLeaderResponses(202)) - 2cc9a7c5-5377-452e-b53b-b98038258734-PendingRequests: sendNotLeaderResponses
2019-08-29 08:31:26,981 [org.apache.ratis.server.impl.LogAppender$AppenderDaemon$$Lambda$485/761643499@123c1558] WARN  server.GrpcLogAppender (GrpcLogAppender.java:mayWait(143)) - GrpcLogAppender(2cc9a7c5-5377-452e-b53b-b98038258734->9f8785e0-a018-4c06-b04f-e9b08840f25e): Wait interrupted by java.lang.InterruptedException
2019-08-29 08:31:26,981 [6c31837e-6e29-47bb-a59a-cbce924aec19-SegmentedRaftLogWorker:Storage Directory /workdir/hadoop-ozone/integration-test/target/test-dir/MiniOzoneClusterImpl-8c07e826-c47b-4931-987d-73ac2cd5ddca/datanode-2/data/ratis/954f2737-7c8a-4e9d-8b56-ab2bfd5f97a1] INFO  segmented.SegmentedRaftLogWorker (SegmentedRaftLogWorker.java:run(313)) - 6c31837e-6e29-47bb-a59a-cbce924aec19-SegmentedRaftLogWorker:Storage Directory /workdir/hadoop-ozone/integration-test/target/test-dir/MiniOzoneClusterImpl-8c07e826-c47b-4931-987d-73ac2cd5ddca/datanode-2/data/ratis/954f2737-7c8a-4e9d-8b56-ab2bfd5f97a1 was interrupted, exiting. There are 0 tasks remaining in the queue.
2019-08-29 08:31:26,986 [main] INFO  impl.StateMachineUpdater (StateMachineUpdater.java:stopAndJoin(115)) - StateMachineUpdater:2cc9a7c5-5377-452e-b53b-b98038258734:group-BA22A22325CE: set stopIndex = 6
2019-08-29 08:31:26,986 [grpc-default-executor-9] INFO  server.GrpcServerProtocolService (GrpcServerProtocolService.java:onCompleted(104)) - b7500143-f2c4-48ed-bac6-0cd36d85de29: appendEntries completed
2019-08-29 08:31:26,988 | INFO  | SCMAudit | user=jenkins1000 | ip=192.168.5.176 | op=SEND_HEARTBEAT {datanodeUUID=bc6b7a81-d649-4b98-a2dd-a143f3cec515, command=[]} | ret=SUCCESS |  
2019-08-29 08:31:26,988 [ForkJoinPool.commonPool-worker-1] INFO  segmented.SegmentedRaftLogWorker (SegmentedRaftLogWorker.java:close(228)) - 6c31837e-6e29-47bb-a59a-cbce924aec19-SegmentedRaftLogWorker:Storage Directory /workdir/hadoop-ozone/integration-test/target/test-dir/MiniOzoneClusterImpl-8c07e826-c47b-4931-987d-73ac2cd5ddca/datanode-2/data/ratis/954f2737-7c8a-4e9d-8b56-ab2bfd5f97a1 close()
2019-08-29 08:31:26,988 [StateMachineUpdater:2cc9a7c5-5377-452e-b53b-b98038258734:group-BA22A22325CE] INFO  ratis.ContainerStateMachine (ContainerStateMachine.java:takeSnapshot(284)) - group-BA22A22325CE: Taking a snapshot at:(t:1, i:6) file /workdir/hadoop-ozone/integration-test/target/test-dir/MiniOzoneClusterImpl-8c07e826-c47b-4931-987d-73ac2cd5ddca/datanode-3/data/ratis/3a3886c3-8a5a-49d5-90a7-ba22a22325ce/sm/snapshot.1_6
2019-08-29 08:31:26,988 [grpc-default-executor-7] INFO  server.GrpcLogAppender (GrpcLogAppender.java:onCompleted(292)) - 2cc9a7c5-5377-452e-b53b-b98038258734->b7500143-f2c4-48ed-bac6-0cd36d85de29: follower responses appendEntries COMPLETED
2019-08-29 08:31:26,991 [ForkJoinPool.commonPool-worker-1] INFO  server.GrpcService (GrpcService.java:closeImpl(155)) - 6c31837e-6e29-47bb-a59a-cbce924aec19: shutdown server with port 38428 now
2019-08-29 08:31:26,991 [grpc-default-executor-7] INFO  impl.FollowerInfo (FollowerInfo.java:lambda$new$0(50)) - 2cc9a7c5-5377-452e-b53b-b98038258734->b7500143-f2c4-48ed-bac6-0cd36d85de29: nextIndex: updateUnconditionally 7 -> 6
2019-08-29 08:31:26,991 [ForkJoinPool.commonPool-worker-1] INFO  server.GrpcService (GrpcService.java:closeImpl(163)) - 6c31837e-6e29-47bb-a59a-cbce924aec19: shutdown server with port 38428 successfully
2019-08-29 08:31:26,994 [refreshUsed-/workdir/hadoop-ozone/integration-test/target/test-dir/MiniOzoneClusterImpl-8c07e826-c47b-4931-987d-73ac2cd5ddca/datanode-2/data/containers] WARN  fs.CachingGetSpaceUsed (CachingGetSpaceUsed.java:run(183)) - Thread Interrupted waiting to refresh disk information: sleep interrupted
2019-08-29 08:31:27,006 [ForkJoinPool.commonPool-worker-1] INFO  utils.BackgroundService (BackgroundService.java:shutdown(148)) - Shutting down service BlockDeletingService
2019-08-29 08:31:27,009 [ForkJoinPool.commonPool-worker-1] INFO  statemachine.DatanodeStateMachine (DatanodeStateMachine.java:stopDaemon(395)) - Ozone container server stopped.
2019-08-29 08:31:27,012 [StateMachineUpdater:2cc9a7c5-5377-452e-b53b-b98038258734:group-BA22A22325CE] INFO  ratis.ContainerStateMachine (ContainerStateMachine.java:takeSnapshot(295)) - group-BA22A22325CE: Finished taking a snapshot at:(t:1, i:6) file:/workdir/hadoop-ozone/integration-test/target/test-dir/MiniOzoneClusterImpl-8c07e826-c47b-4931-987d-73ac2cd5ddca/datanode-3/data/ratis/3a3886c3-8a5a-49d5-90a7-ba22a22325ce/sm/snapshot.1_6 time:25
2019-08-29 08:31:27,012 [StateMachineUpdater:2cc9a7c5-5377-452e-b53b-b98038258734:group-BA22A22325CE] INFO  impl.StateMachineUpdater (StateMachineUpdater.java:takeSnapshot(242)) - StateMachineUpdater:2cc9a7c5-5377-452e-b53b-b98038258734:group-BA22A22325CE: Took a snapshot at index 6
2019-08-29 08:31:27,012 [StateMachineUpdater:2cc9a7c5-5377-452e-b53b-b98038258734:group-BA22A22325CE] INFO  impl.StateMachineUpdater (StateMachineUpdater.java:lambda$new$0(80)) - StateMachineUpdater:2cc9a7c5-5377-452e-b53b-b98038258734:group-BA22A22325CE: snapshotIndex: updateIncreasingly -1 -> 6
2019-08-29 08:31:27,012 [main] INFO  impl.RaftServerImpl (ServerState.java:close(394)) - 2cc9a7c5-5377-452e-b53b-b98038258734:group-BA22A22325CE closes. The last applied log index is 6
2019-08-29 08:31:27,013 [ForkJoinPool.commonPool-worker-1] INFO  handler.ContextHandler (ContextHandler.java:doStop(910)) - Stopped o.e.j.w.WebAppContext@852ef8d{/,null,UNAVAILABLE}{/hddsDatanode}
2019-08-29 08:31:27,013 [2cc9a7c5-5377-452e-b53b-b98038258734-SegmentedRaftLogWorker:Storage Directory /workdir/hadoop-ozone/integration-test/target/test-dir/MiniOzoneClusterImpl-8c07e826-c47b-4931-987d-73ac2cd5ddca/datanode-3/data/ratis/3a3886c3-8a5a-49d5-90a7-ba22a22325ce] INFO  segmented.SegmentedRaftLogWorker (SegmentedRaftLogWorker.java:run(313)) - 2cc9a7c5-5377-452e-b53b-b98038258734-SegmentedRaftLogWorker:Storage Directory /workdir/hadoop-ozone/integration-test/target/test-dir/MiniOzoneClusterImpl-8c07e826-c47b-4931-987d-73ac2cd5ddca/datanode-3/data/ratis/3a3886c3-8a5a-49d5-90a7-ba22a22325ce was interrupted, exiting. There are 0 tasks remaining in the queue.
2019-08-29 08:31:27,015 [main] INFO  segmented.SegmentedRaftLogWorker (SegmentedRaftLogWorker.java:close(228)) - 2cc9a7c5-5377-452e-b53b-b98038258734-SegmentedRaftLogWorker:Storage Directory /workdir/hadoop-ozone/integration-test/target/test-dir/MiniOzoneClusterImpl-8c07e826-c47b-4931-987d-73ac2cd5ddca/datanode-3/data/ratis/3a3886c3-8a5a-49d5-90a7-ba22a22325ce close()
2019-08-29 08:31:27,015 [ForkJoinPool.commonPool-worker-1] INFO  server.AbstractConnector (AbstractConnector.java:doStop(318)) - Stopped ServerConnector@44dd0d38{HTTP/1.1,[http/1.1]}{0.0.0.0:0}
2019-08-29 08:31:27,017 [main] INFO  server.GrpcService (GrpcService.java:closeImpl(155)) - 2cc9a7c5-5377-452e-b53b-b98038258734: shutdown server with port 36455 now
2019-08-29 08:31:27,018 [ForkJoinPool.commonPool-worker-1] INFO  handler.ContextHandler (ContextHandler.java:doStop(910)) - Stopped o.e.j.s.ServletContextHandler@2cc75b25{/static,jar:file:/home/user/.m2/repository/org/apache/hadoop/hadoop-hdds-container-service/0.5.0-SNAPSHOT/hadoop-hdds-container-service-0.5.0-SNAPSHOT.jar!/webapps/static,UNAVAILABLE}
2019-08-29 08:31:27,020 [main] INFO  server.GrpcService (GrpcService.java:closeImpl(163)) - 2cc9a7c5-5377-452e-b53b-b98038258734: shutdown server with port 36455 successfully
2019-08-29 08:31:27,020 [ForkJoinPool.commonPool-worker-1] INFO  handler.ContextHandler (ContextHandler.java:doStop(910)) - Stopped o.e.j.s.ServletContextHandler@37c1cfa{/logs,file:///workdir/hadoop-ozone/integration-test/target/log,UNAVAILABLE}
2019-08-29 08:31:27,022 [refreshUsed-/workdir/hadoop-ozone/integration-test/target/test-dir/MiniOzoneClusterImpl-8c07e826-c47b-4931-987d-73ac2cd5ddca/datanode-3/data/containers] WARN  fs.CachingGetSpaceUsed (CachingGetSpaceUsed.java:run(183)) - Thread Interrupted waiting to refresh disk information: sleep interrupted
2019-08-29 08:31:27,033 [main] INFO  utils.BackgroundService (BackgroundService.java:shutdown(148)) - Shutting down service BlockDeletingService
2019-08-29 08:31:27,042 [main] INFO  statemachine.DatanodeStateMachine (DatanodeStateMachine.java:stopDaemon(395)) - Ozone container server stopped.
2019-08-29 08:31:27,043 [main] INFO  handler.ContextHandler (ContextHandler.java:doStop(910)) - Stopped o.e.j.w.WebAppContext@1e734eee{/,null,UNAVAILABLE}{/hddsDatanode}
2019-08-29 08:31:27,043 [main] INFO  server.AbstractConnector (AbstractConnector.java:doStop(318)) - Stopped ServerConnector@1e191150{HTTP/1.1,[http/1.1]}{0.0.0.0:0}
2019-08-29 08:31:27,044 [main] INFO  handler.ContextHandler (ContextHandler.java:doStop(910)) - Stopped o.e.j.s.ServletContextHandler@d6b532f{/static,jar:file:/home/user/.m2/repository/org/apache/hadoop/hadoop-hdds-container-service/0.5.0-SNAPSHOT/hadoop-hdds-container-service-0.5.0-SNAPSHOT.jar!/webapps/static,UNAVAILABLE}
2019-08-29 08:31:27,044 [main] INFO  handler.ContextHandler (ContextHandler.java:doStop(910)) - Stopped o.e.j.s.ServletContextHandler@660b1a9d{/logs,file:///workdir/hadoop-ozone/integration-test/target/log,UNAVAILABLE}
2019-08-29 08:31:27,337 [Datanode State Machine Thread - 0] INFO  statemachine.DatanodeStateMachine (DatanodeStateMachine.java:lambda$startDaemon$0(350)) - Ozone container server started.
2019-08-29 08:31:27,628 | INFO  | SCMAudit | user=jenkins1000 | ip=192.168.5.176 | op=SEND_HEARTBEAT {datanodeUUID=b7500143-f2c4-48ed-bac6-0cd36d85de29, command=[]} | ret=SUCCESS |  
2019-08-29 08:31:27,983 [Datanode State Machine Thread - 0] INFO  statemachine.DatanodeStateMachine (DatanodeStateMachine.java:lambda$startDaemon$0(350)) - Ozone container server started.
2019-08-29 08:31:28,628 | INFO  | SCMAudit | user=jenkins1000 | ip=192.168.5.176 | op=SEND_HEARTBEAT {datanodeUUID=b7500143-f2c4-48ed-bac6-0cd36d85de29, command=[]} | ret=SUCCESS |  
2019-08-29 08:31:29,407 [Thread-3909] INFO  impl.FollowerState (FollowerState.java:run(106)) - 7cfaebde-8af2-48b8-8320-c065a7b881d3:group-AB2BFD5F97A1 changes to CANDIDATE, lastRpcTime:10048, electionTimeout:5134ms
2019-08-29 08:31:29,407 [Thread-3909] INFO  impl.RoleInfo (RoleInfo.java:shutdownFollowerState(121)) - 7cfaebde-8af2-48b8-8320-c065a7b881d3: shutdown FollowerState
2019-08-29 08:31:29,407 [Thread-3909] INFO  impl.RaftServerImpl (RaftServerImpl.java:setRole(171)) - 7cfaebde-8af2-48b8-8320-c065a7b881d3:group-AB2BFD5F97A1 changes role from FOLLOWER to CANDIDATE at term 1 for changeToCandidate
2019-08-29 08:31:29,407 [Thread-3909] INFO  impl.RoleInfo (RoleInfo.java:updateAndGet(143)) - 7cfaebde-8af2-48b8-8320-c065a7b881d3: start LeaderElection
2019-08-29 08:31:29,410 [7cfaebde-8af2-48b8-8320-c065a7b881d3:group-AB2BFD5F97A1:LeaderElection86] INFO  impl.RaftServerImpl (ServerState.java:setLeader(263)) - 7cfaebde-8af2-48b8-8320-c065a7b881d3:group-AB2BFD5F97A1 change Leader from e12b4279-35b8-444e-a86f-de17046566e7 to null at term 1 for initElection
2019-08-29 08:31:29,444 [7cfaebde-8af2-48b8-8320-c065a7b881d3:group-AB2BFD5F97A1:LeaderElection86] INFO  impl.LeaderElection (LeaderElection.java:askForVotes(181)) - 7cfaebde-8af2-48b8-8320-c065a7b881d3:group-AB2BFD5F97A1:LeaderElection86: begin an election at term 2 for 0: [7cfaebde-8af2-48b8-8320-c065a7b881d3:192.168.5.176:45696, 6c31837e-6e29-47bb-a59a-cbce924aec19:192.168.5.176:38428, e12b4279-35b8-444e-a86f-de17046566e7:192.168.5.176:40842], old=null
2019-08-29 08:31:29,446 [7cfaebde-8af2-48b8-8320-c065a7b881d3:group-AB2BFD5F97A1:LeaderElection86] INFO  impl.LeaderElection (LogUtils.java:infoOrTrace(149)) - 7cfaebde-8af2-48b8-8320-c065a7b881d3:group-AB2BFD5F97A1:LeaderElection86 got exception when requesting votes: {}
java.util.concurrent.ExecutionException: org.apache.ratis.thirdparty.io.grpc.StatusRuntimeException: UNAVAILABLE: io exception
	at java.util.concurrent.FutureTask.report(FutureTask.java:122)
	at java.util.concurrent.FutureTask.get(FutureTask.java:192)
	at org.apache.ratis.server.impl.LeaderElection.waitForResults(LeaderElection.java:262)
	at org.apache.ratis.server.impl.LeaderElection.askForVotes(LeaderElection.java:200)
	at org.apache.ratis.server.impl.LeaderElection.run(LeaderElection.java:130)
	at java.lang.Thread.run(Thread.java:748)
Caused by: org.apache.ratis.thirdparty.io.grpc.StatusRuntimeException: UNAVAILABLE: io exception
	at org.apache.ratis.thirdparty.io.grpc.stub.ClientCalls.toStatusRuntimeException(ClientCalls.java:233)
	at org.apache.ratis.thirdparty.io.grpc.stub.ClientCalls.getUnchecked(ClientCalls.java:214)
	at org.apache.ratis.thirdparty.io.grpc.stub.ClientCalls.blockingUnaryCall(ClientCalls.java:139)
	at org.apache.ratis.proto.grpc.RaftServerProtocolServiceGrpc$RaftServerProtocolServiceBlockingStub.requestVote(RaftServerProtocolServiceGrpc.java:265)
	at org.apache.ratis.grpc.server.GrpcServerProtocolClient.requestVote(GrpcServerProtocolClient.java:83)
	at org.apache.ratis.grpc.server.GrpcService.requestVote(GrpcService.java:195)
	at org.apache.ratis.server.impl.LeaderElection.lambda$submitRequests$1(LeaderElection.java:237)
	at java.util.concurrent.FutureTask.run(FutureTask.java:266)
	at java.util.concurrent.Executors$RunnableAdapter.call(Executors.java:511)
	at java.util.concurrent.FutureTask.run(FutureTask.java:266)
	at java.util.concurrent.ThreadPoolExecutor.runWorker(ThreadPoolExecutor.java:1149)
	at java.util.concurrent.ThreadPoolExecutor$Worker.run(ThreadPoolExecutor.java:624)
	... 1 more
Caused by: org.apache.ratis.thirdparty.io.netty.channel.AbstractChannel$AnnotatedConnectException: Connection refused: /192.168.5.176:40842
	at sun.nio.ch.SocketChannelImpl.checkConnect(Native Method)
	at sun.nio.ch.SocketChannelImpl.finishConnect(SocketChannelImpl.java:717)
	at org.apache.ratis.thirdparty.io.netty.channel.socket.nio.NioSocketChannel.doFinishConnect(NioSocketChannel.java:327)
	at org.apache.ratis.thirdparty.io.netty.channel.nio.AbstractNioChannel$AbstractNioUnsafe.finishConnect(AbstractNioChannel.java:340)
	at org.apache.ratis.thirdparty.io.netty.channel.nio.NioEventLoop.processSelectedKey(NioEventLoop.java:632)
	at org.apache.ratis.thirdparty.io.netty.channel.nio.NioEventLoop.processSelectedKeysOptimized(NioEventLoop.java:579)
	at org.apache.ratis.thirdparty.io.netty.channel.nio.NioEventLoop.processSelectedKeys(NioEventLoop.java:496)
	at org.apache.ratis.thirdparty.io.netty.channel.nio.NioEventLoop.run(NioEventLoop.java:458)
	at org.apache.ratis.thirdparty.io.netty.util.concurrent.SingleThreadEventExecutor$5.run(SingleThreadEventExecutor.java:897)
	at org.apache.ratis.thirdparty.io.netty.util.concurrent.FastThreadLocalRunnable.run(FastThreadLocalRunnable.java:30)
	... 1 more
Caused by: java.net.ConnectException: Connection refused
	... 11 more
2019-08-29 08:31:29,448 [7cfaebde-8af2-48b8-8320-c065a7b881d3:group-AB2BFD5F97A1:LeaderElection86] INFO  impl.LeaderElection (LogUtils.java:infoOrTrace(149)) - 7cfaebde-8af2-48b8-8320-c065a7b881d3:group-AB2BFD5F97A1:LeaderElection86 got exception when requesting votes: {}
java.util.concurrent.ExecutionException: org.apache.ratis.thirdparty.io.grpc.StatusRuntimeException: UNAVAILABLE: io exception
	at java.util.concurrent.FutureTask.report(FutureTask.java:122)
	at java.util.concurrent.FutureTask.get(FutureTask.java:192)
	at org.apache.ratis.server.impl.LeaderElection.waitForResults(LeaderElection.java:262)
	at org.apache.ratis.server.impl.LeaderElection.askForVotes(LeaderElection.java:200)
	at org.apache.ratis.server.impl.LeaderElection.run(LeaderElection.java:130)
	at java.lang.Thread.run(Thread.java:748)
Caused by: org.apache.ratis.thirdparty.io.grpc.StatusRuntimeException: UNAVAILABLE: io exception
	at org.apache.ratis.thirdparty.io.grpc.stub.ClientCalls.toStatusRuntimeException(ClientCalls.java:233)
	at org.apache.ratis.thirdparty.io.grpc.stub.ClientCalls.getUnchecked(ClientCalls.java:214)
	at org.apache.ratis.thirdparty.io.grpc.stub.ClientCalls.blockingUnaryCall(ClientCalls.java:139)
	at org.apache.ratis.proto.grpc.RaftServerProtocolServiceGrpc$RaftServerProtocolServiceBlockingStub.requestVote(RaftServerProtocolServiceGrpc.java:265)
	at org.apache.ratis.grpc.server.GrpcServerProtocolClient.requestVote(GrpcServerProtocolClient.java:83)
	at org.apache.ratis.grpc.server.GrpcService.requestVote(GrpcService.java:195)
	at org.apache.ratis.server.impl.LeaderElection.lambda$submitRequests$1(LeaderElection.java:237)
	at java.util.concurrent.FutureTask.run(FutureTask.java:266)
	at java.util.concurrent.Executors$RunnableAdapter.call(Executors.java:511)
	at java.util.concurrent.FutureTask.run(FutureTask.java:266)
	at java.util.concurrent.ThreadPoolExecutor.runWorker(ThreadPoolExecutor.java:1149)
	at java.util.concurrent.ThreadPoolExecutor$Worker.run(ThreadPoolExecutor.java:624)
	... 1 more
Caused by: org.apache.ratis.thirdparty.io.netty.channel.AbstractChannel$AnnotatedConnectException: Connection refused: /192.168.5.176:38428
	at sun.nio.ch.SocketChannelImpl.checkConnect(Native Method)
	at sun.nio.ch.SocketChannelImpl.finishConnect(SocketChannelImpl.java:717)
	at org.apache.ratis.thirdparty.io.netty.channel.socket.nio.NioSocketChannel.doFinishConnect(NioSocketChannel.java:327)
	at org.apache.ratis.thirdparty.io.netty.channel.nio.AbstractNioChannel$AbstractNioUnsafe.finishConnect(AbstractNioChannel.java:340)
	at org.apache.ratis.thirdparty.io.netty.channel.nio.NioEventLoop.processSelectedKey(NioEventLoop.java:632)
	at org.apache.ratis.thirdparty.io.netty.channel.nio.NioEventLoop.processSelectedKeysOptimized(NioEventLoop.java:579)
	at org.apache.ratis.thirdparty.io.netty.channel.nio.NioEventLoop.processSelectedKeys(NioEventLoop.java:496)
	at org.apache.ratis.thirdparty.io.netty.channel.nio.NioEventLoop.run(NioEventLoop.java:458)
	at org.apache.ratis.thirdparty.io.netty.util.concurrent.SingleThreadEventExecutor$5.run(SingleThreadEventExecutor.java:897)
	at org.apache.ratis.thirdparty.io.netty.util.concurrent.FastThreadLocalRunnable.run(FastThreadLocalRunnable.java:30)
	... 1 more
Caused by: java.net.ConnectException: Connection refused
	... 11 more
2019-08-29 08:31:29,450 [7cfaebde-8af2-48b8-8320-c065a7b881d3:group-AB2BFD5F97A1:LeaderElection86] INFO  impl.LeaderElection (LeaderElection.java:logAndReturn(56)) - 7cfaebde-8af2-48b8-8320-c065a7b881d3:group-AB2BFD5F97A1:LeaderElection86: Election REJECTED; received 0 response(s) [] and 2 exception(s); 7cfaebde-8af2-48b8-8320-c065a7b881d3:t2, leader=null, voted=7cfaebde-8af2-48b8-8320-c065a7b881d3, raftlog=7cfaebde-8af2-48b8-8320-c065a7b881d3-SegmentedRaftLog:OPENED:c6,f6,i6, conf=0: [7cfaebde-8af2-48b8-8320-c065a7b881d3:192.168.5.176:45696, 6c31837e-6e29-47bb-a59a-cbce924aec19:192.168.5.176:38428, e12b4279-35b8-444e-a86f-de17046566e7:192.168.5.176:40842], old=null
2019-08-29 08:31:29,450 [7cfaebde-8af2-48b8-8320-c065a7b881d3:group-AB2BFD5F97A1:LeaderElection86] INFO  impl.LeaderElection (LogUtils.java:infoOrTrace(149)) -   Exception 0: {}
java.util.concurrent.ExecutionException: org.apache.ratis.thirdparty.io.grpc.StatusRuntimeException: UNAVAILABLE: io exception
	at java.util.concurrent.FutureTask.report(FutureTask.java:122)
	at java.util.concurrent.FutureTask.get(FutureTask.java:192)
	at org.apache.ratis.server.impl.LeaderElection.waitForResults(LeaderElection.java:262)
	at org.apache.ratis.server.impl.LeaderElection.askForVotes(LeaderElection.java:200)
	at org.apache.ratis.server.impl.LeaderElection.run(LeaderElection.java:130)
	at java.lang.Thread.run(Thread.java:748)
Caused by: org.apache.ratis.thirdparty.io.grpc.StatusRuntimeException: UNAVAILABLE: io exception
	at org.apache.ratis.thirdparty.io.grpc.stub.ClientCalls.toStatusRuntimeException(ClientCalls.java:233)
	at org.apache.ratis.thirdparty.io.grpc.stub.ClientCalls.getUnchecked(ClientCalls.java:214)
	at org.apache.ratis.thirdparty.io.grpc.stub.ClientCalls.blockingUnaryCall(ClientCalls.java:139)
	at org.apache.ratis.proto.grpc.RaftServerProtocolServiceGrpc$RaftServerProtocolServiceBlockingStub.requestVote(RaftServerProtocolServiceGrpc.java:265)
	at org.apache.ratis.grpc.server.GrpcServerProtocolClient.requestVote(GrpcServerProtocolClient.java:83)
	at org.apache.ratis.grpc.server.GrpcService.requestVote(GrpcService.java:195)
	at org.apache.ratis.server.impl.LeaderElection.lambda$submitRequests$1(LeaderElection.java:237)
	at java.util.concurrent.FutureTask.run(FutureTask.java:266)
	at java.util.concurrent.Executors$RunnableAdapter.call(Executors.java:511)
	at java.util.concurrent.FutureTask.run(FutureTask.java:266)
	at java.util.concurrent.ThreadPoolExecutor.runWorker(ThreadPoolExecutor.java:1149)
	at java.util.concurrent.ThreadPoolExecutor$Worker.run(ThreadPoolExecutor.java:624)
	... 1 more
Caused by: org.apache.ratis.thirdparty.io.netty.channel.AbstractChannel$AnnotatedConnectException: Connection refused: /192.168.5.176:40842
	at sun.nio.ch.SocketChannelImpl.checkConnect(Native Method)
	at sun.nio.ch.SocketChannelImpl.finishConnect(SocketChannelImpl.java:717)
	at org.apache.ratis.thirdparty.io.netty.channel.socket.nio.NioSocketChannel.doFinishConnect(NioSocketChannel.java:327)
	at org.apache.ratis.thirdparty.io.netty.channel.nio.AbstractNioChannel$AbstractNioUnsafe.finishConnect(AbstractNioChannel.java:340)
	at org.apache.ratis.thirdparty.io.netty.channel.nio.NioEventLoop.processSelectedKey(NioEventLoop.java:632)
	at org.apache.ratis.thirdparty.io.netty.channel.nio.NioEventLoop.processSelectedKeysOptimized(NioEventLoop.java:579)
	at org.apache.ratis.thirdparty.io.netty.channel.nio.NioEventLoop.processSelectedKeys(NioEventLoop.java:496)
	at org.apache.ratis.thirdparty.io.netty.channel.nio.NioEventLoop.run(NioEventLoop.java:458)
	at org.apache.ratis.thirdparty.io.netty.util.concurrent.SingleThreadEventExecutor$5.run(SingleThreadEventExecutor.java:897)
	at org.apache.ratis.thirdparty.io.netty.util.concurrent.FastThreadLocalRunnable.run(FastThreadLocalRunnable.java:30)
	... 1 more
Caused by: java.net.ConnectException: Connection refused
	... 11 more
2019-08-29 08:31:29,451 [7cfaebde-8af2-48b8-8320-c065a7b881d3:group-AB2BFD5F97A1:LeaderElection86] INFO  impl.LeaderElection (LogUtils.java:infoOrTrace(149)) -   Exception 1: {}
java.util.concurrent.ExecutionException: org.apache.ratis.thirdparty.io.grpc.StatusRuntimeException: UNAVAILABLE: io exception
	at java.util.concurrent.FutureTask.report(FutureTask.java:122)
	at java.util.concurrent.FutureTask.get(FutureTask.java:192)
	at org.apache.ratis.server.impl.LeaderElection.waitForResults(LeaderElection.java:262)
	at org.apache.ratis.server.impl.LeaderElection.askForVotes(LeaderElection.java:200)
	at org.apache.ratis.server.impl.LeaderElection.run(LeaderElection.java:130)
	at java.lang.Thread.run(Thread.java:748)
Caused by: org.apache.ratis.thirdparty.io.grpc.StatusRuntimeException: UNAVAILABLE: io exception
	at org.apache.ratis.thirdparty.io.grpc.stub.ClientCalls.toStatusRuntimeException(ClientCalls.java:233)
	at org.apache.ratis.thirdparty.io.grpc.stub.ClientCalls.getUnchecked(ClientCalls.java:214)
	at org.apache.ratis.thirdparty.io.grpc.stub.ClientCalls.blockingUnaryCall(ClientCalls.java:139)
	at org.apache.ratis.proto.grpc.RaftServerProtocolServiceGrpc$RaftServerProtocolServiceBlockingStub.requestVote(RaftServerProtocolServiceGrpc.java:265)
	at org.apache.ratis.grpc.server.GrpcServerProtocolClient.requestVote(GrpcServerProtocolClient.java:83)
	at org.apache.ratis.grpc.server.GrpcService.requestVote(GrpcService.java:195)
	at org.apache.ratis.server.impl.LeaderElection.lambda$submitRequests$1(LeaderElection.java:237)
	at java.util.concurrent.FutureTask.run(FutureTask.java:266)
	at java.util.concurrent.Executors$RunnableAdapter.call(Executors.java:511)
	at java.util.concurrent.FutureTask.run(FutureTask.java:266)
	at java.util.concurrent.ThreadPoolExecutor.runWorker(ThreadPoolExecutor.java:1149)
	at java.util.concurrent.ThreadPoolExecutor$Worker.run(ThreadPoolExecutor.java:624)
	... 1 more
Caused by: org.apache.ratis.thirdparty.io.netty.channel.AbstractChannel$AnnotatedConnectException: Connection refused: /192.168.5.176:38428
	at sun.nio.ch.SocketChannelImpl.checkConnect(Native Method)
	at sun.nio.ch.SocketChannelImpl.finishConnect(SocketChannelImpl.java:717)
	at org.apache.ratis.thirdparty.io.netty.channel.socket.nio.NioSocketChannel.doFinishConnect(NioSocketChannel.java:327)
	at org.apache.ratis.thirdparty.io.netty.channel.nio.AbstractNioChannel$AbstractNioUnsafe.finishConnect(AbstractNioChannel.java:340)
	at org.apache.ratis.thirdparty.io.netty.channel.nio.NioEventLoop.processSelectedKey(NioEventLoop.java:632)
	at org.apache.ratis.thirdparty.io.netty.channel.nio.NioEventLoop.processSelectedKeysOptimized(NioEventLoop.java:579)
	at org.apache.ratis.thirdparty.io.netty.channel.nio.NioEventLoop.processSelectedKeys(NioEventLoop.java:496)
	at org.apache.ratis.thirdparty.io.netty.channel.nio.NioEventLoop.run(NioEventLoop.java:458)
	at org.apache.ratis.thirdparty.io.netty.util.concurrent.SingleThreadEventExecutor$5.run(SingleThreadEventExecutor.java:897)
	at org.apache.ratis.thirdparty.io.netty.util.concurrent.FastThreadLocalRunnable.run(FastThreadLocalRunnable.java:30)
	... 1 more
Caused by: java.net.ConnectException: Connection refused
	... 11 more
2019-08-29 08:31:29,451 [7cfaebde-8af2-48b8-8320-c065a7b881d3:group-AB2BFD5F97A1:LeaderElection86] INFO  impl.RaftServerImpl (RaftServerImpl.java:setRole(171)) - 7cfaebde-8af2-48b8-8320-c065a7b881d3:group-AB2BFD5F97A1 changes role from CANDIDATE to FOLLOWER at term 2 for DISCOVERED_A_NEW_TERM
2019-08-29 08:31:29,451 [7cfaebde-8af2-48b8-8320-c065a7b881d3:group-AB2BFD5F97A1:LeaderElection86] INFO  impl.RoleInfo (RoleInfo.java:shutdownLeaderElection(134)) - 7cfaebde-8af2-48b8-8320-c065a7b881d3: shutdown LeaderElection
2019-08-29 08:31:29,451 [7cfaebde-8af2-48b8-8320-c065a7b881d3:group-AB2BFD5F97A1:LeaderElection86] INFO  impl.RoleInfo (RoleInfo.java:updateAndGet(143)) - 7cfaebde-8af2-48b8-8320-c065a7b881d3: start FollowerState
2019-08-29 08:31:29,630 | INFO  | SCMAudit | user=jenkins1000 | ip=192.168.5.176 | op=SEND_HEARTBEAT {datanodeUUID=b7500143-f2c4-48ed-bac6-0cd36d85de29, command=[]} | ret=SUCCESS |  
2019-08-29 08:31:30,631 | INFO  | SCMAudit | user=jenkins1000 | ip=192.168.5.176 | op=SEND_HEARTBEAT {datanodeUUID=b7500143-f2c4-48ed-bac6-0cd36d85de29, command=[]} | ret=SUCCESS |  
2019-08-29 08:31:31,346 [EventQueue-StaleNodeForStaleNodeHandler] INFO  node.StaleNodeHandler (StaleNodeHandler.java:onMessage(58)) - Datanode 7cfaebde-8af2-48b8-8320-c065a7b881d3{ip: 192.168.5.176, host: pr-hdds-1909-44d2n-1519487446, networkLocation: /default-rack, certSerialId: null} moved to stale state. Finalizing its pipelines [PipelineID=02730cd9-cac7-41a9-8f8a-cb88c4f16212, PipelineID=954f2737-7c8a-4e9d-8b56-ab2bfd5f97a1]
2019-08-29 08:31:31,347 [EventQueue-StaleNodeForStaleNodeHandler] INFO  pipeline.SCMPipelineManager (SCMPipelineManager.java:finalizeAndDestroyPipeline(309)) - destroying pipeline:Pipeline[ Id: 02730cd9-cac7-41a9-8f8a-cb88c4f16212, Nodes: 7cfaebde-8af2-48b8-8320-c065a7b881d3{ip: 192.168.5.176, host: pr-hdds-1909-44d2n-1519487446, networkLocation: /default-rack, certSerialId: null}, Type:RATIS, Factor:ONE, State:OPEN]
2019-08-29 08:31:31,347 [EventQueue-StaleNodeForStaleNodeHandler] INFO  pipeline.PipelineStateManager (PipelineStateManager.java:finalizePipeline(123)) - Pipeline Pipeline[ Id: 02730cd9-cac7-41a9-8f8a-cb88c4f16212, Nodes: 7cfaebde-8af2-48b8-8320-c065a7b881d3{ip: 192.168.5.176, host: pr-hdds-1909-44d2n-1519487446, networkLocation: /default-rack, certSerialId: null}, Type:RATIS, Factor:ONE, State:CLOSED] moved to CLOSED state
2019-08-29 08:31:31,347 [EventQueue-StaleNodeForStaleNodeHandler] INFO  pipeline.SCMPipelineManager (SCMPipelineManager.java:finalizeAndDestroyPipeline(309)) - destroying pipeline:Pipeline[ Id: 954f2737-7c8a-4e9d-8b56-ab2bfd5f97a1, Nodes: 7cfaebde-8af2-48b8-8320-c065a7b881d3{ip: 192.168.5.176, host: pr-hdds-1909-44d2n-1519487446, networkLocation: /default-rack, certSerialId: null}6c31837e-6e29-47bb-a59a-cbce924aec19{ip: 192.168.5.176, host: pr-hdds-1909-44d2n-1519487446, networkLocation: /default-rack, certSerialId: null}e12b4279-35b8-444e-a86f-de17046566e7{ip: 192.168.5.176, host: pr-hdds-1909-44d2n-1519487446, networkLocation: /default-rack, certSerialId: null}, Type:RATIS, Factor:THREE, State:CLOSED]
2019-08-29 08:31:31,630 | INFO  | SCMAudit | user=jenkins1000 | ip=192.168.5.176 | op=SEND_HEARTBEAT {datanodeUUID=b7500143-f2c4-48ed-bac6-0cd36d85de29, command=[]} | ret=SUCCESS |  
2019-08-29 08:31:32,022 [ForkJoinPool.commonPool-worker-1] INFO  ozoneimpl.OzoneContainer (OzoneContainer.java:stop(215)) - Attempting to stop container services.
2019-08-29 08:31:32,023 [ForkJoinPool.commonPool-worker-1] INFO  impl.RaftServerProxy (RaftServerProxy.java:lambda$close$4(314)) - 7cfaebde-8af2-48b8-8320-c065a7b881d3: close
2019-08-29 08:31:32,023 [ForkJoinPool.commonPool-worker-1] INFO  impl.RaftServerImpl (RaftServerImpl.java:lambda$shutdown$3(245)) - 7cfaebde-8af2-48b8-8320-c065a7b881d3: shutdown group-CB88C4F16212
2019-08-29 08:31:32,023 [ForkJoinPool.commonPool-worker-1] INFO  util.JmxRegister (JmxRegister.java:unregister(73)) - Successfully un-registered JMX Bean with object name Ratis:service=RaftServer,group=group-CB88C4F16212,id=7cfaebde-8af2-48b8-8320-c065a7b881d3
2019-08-29 08:31:32,023 [ForkJoinPool.commonPool-worker-1] INFO  impl.RoleInfo (RoleInfo.java:shutdownLeaderState(104)) - 7cfaebde-8af2-48b8-8320-c065a7b881d3: shutdown LeaderState
2019-08-29 08:31:32,023 [ForkJoinPool.commonPool-worker-1] INFO  impl.PendingRequests (PendingRequests.java:sendNotLeaderResponses(202)) - 7cfaebde-8af2-48b8-8320-c065a7b881d3-PendingRequests: sendNotLeaderResponses
2019-08-29 08:31:32,024 [ForkJoinPool.commonPool-worker-1] INFO  impl.StateMachineUpdater (StateMachineUpdater.java:stopAndJoin(115)) - StateMachineUpdater:7cfaebde-8af2-48b8-8320-c065a7b881d3:group-CB88C4F16212: set stopIndex = 0
2019-08-29 08:31:32,024 [ForkJoinPool.commonPool-worker-1] INFO  impl.RaftServerImpl (ServerState.java:close(394)) - 7cfaebde-8af2-48b8-8320-c065a7b881d3:group-CB88C4F16212 closes. The last applied log index is 0
2019-08-29 08:31:32,024 [7cfaebde-8af2-48b8-8320-c065a7b881d3-SegmentedRaftLogWorker:Storage Directory /workdir/hadoop-ozone/integration-test/target/test-dir/MiniOzoneClusterImpl-8c07e826-c47b-4931-987d-73ac2cd5ddca/datanode-0/data/ratis/02730cd9-cac7-41a9-8f8a-cb88c4f16212] INFO  segmented.SegmentedRaftLogWorker (SegmentedRaftLogWorker.java:run(313)) - 7cfaebde-8af2-48b8-8320-c065a7b881d3-SegmentedRaftLogWorker:Storage Directory /workdir/hadoop-ozone/integration-test/target/test-dir/MiniOzoneClusterImpl-8c07e826-c47b-4931-987d-73ac2cd5ddca/datanode-0/data/ratis/02730cd9-cac7-41a9-8f8a-cb88c4f16212 was interrupted, exiting. There are 0 tasks remaining in the queue.
2019-08-29 08:31:32,026 [ForkJoinPool.commonPool-worker-1] INFO  segmented.SegmentedRaftLogWorker (SegmentedRaftLogWorker.java:close(228)) - 7cfaebde-8af2-48b8-8320-c065a7b881d3-SegmentedRaftLogWorker:Storage Directory /workdir/hadoop-ozone/integration-test/target/test-dir/MiniOzoneClusterImpl-8c07e826-c47b-4931-987d-73ac2cd5ddca/datanode-0/data/ratis/02730cd9-cac7-41a9-8f8a-cb88c4f16212 close()
2019-08-29 08:31:32,030 [ForkJoinPool.commonPool-worker-1] INFO  impl.RaftServerImpl (RaftServerImpl.java:lambda$shutdown$3(245)) - 7cfaebde-8af2-48b8-8320-c065a7b881d3: shutdown group-AB2BFD5F97A1
2019-08-29 08:31:32,030 [ForkJoinPool.commonPool-worker-1] INFO  util.JmxRegister (JmxRegister.java:unregister(73)) - Successfully un-registered JMX Bean with object name Ratis:service=RaftServer,group=group-AB2BFD5F97A1,id=7cfaebde-8af2-48b8-8320-c065a7b881d3
2019-08-29 08:31:32,030 [ForkJoinPool.commonPool-worker-1] INFO  impl.RoleInfo (RoleInfo.java:shutdownFollowerState(121)) - 7cfaebde-8af2-48b8-8320-c065a7b881d3: shutdown FollowerState
2019-08-29 08:31:32,031 [ForkJoinPool.commonPool-worker-1] INFO  impl.StateMachineUpdater (StateMachineUpdater.java:stopAndJoin(115)) - StateMachineUpdater:7cfaebde-8af2-48b8-8320-c065a7b881d3:group-AB2BFD5F97A1: set stopIndex = 6
2019-08-29 08:31:32,031 [StateMachineUpdater:7cfaebde-8af2-48b8-8320-c065a7b881d3:group-AB2BFD5F97A1] INFO  ratis.ContainerStateMachine (ContainerStateMachine.java:takeSnapshot(284)) - group-AB2BFD5F97A1: Taking a snapshot at:(t:1, i:6) file /workdir/hadoop-ozone/integration-test/target/test-dir/MiniOzoneClusterImpl-8c07e826-c47b-4931-987d-73ac2cd5ddca/datanode-0/data/ratis/954f2737-7c8a-4e9d-8b56-ab2bfd5f97a1/sm/snapshot.1_6
2019-08-29 08:31:32,031 [Thread-4055] INFO  impl.FollowerState (FollowerState.java:run(114)) - 7cfaebde-8af2-48b8-8320-c065a7b881d3: FollowerState was interrupted: java.lang.InterruptedException: sleep interrupted
2019-08-29 08:31:32,045 [main] INFO  ozoneimpl.OzoneContainer (OzoneContainer.java:stop(215)) - Attempting to stop container services.
2019-08-29 08:31:32,045 [main] INFO  impl.RaftServerProxy (RaftServerProxy.java:lambda$close$4(314)) - bc6b7a81-d649-4b98-a2dd-a143f3cec515: close
2019-08-29 08:31:32,048 [main] INFO  server.GrpcService (GrpcService.java:closeImpl(155)) - bc6b7a81-d649-4b98-a2dd-a143f3cec515: shutdown server with port 35369 now
2019-08-29 08:31:32,048 [EventQueue-StaleNodeForStaleNodeHandler] INFO  node.StaleNodeHandler (StaleNodeHandler.java:onMessage(58)) - Datanode bc6b7a81-d649-4b98-a2dd-a143f3cec515{ip: 192.168.5.176, host: pr-hdds-1909-44d2n-1519487446, networkLocation: /default-rack, certSerialId: null} moved to stale state. Finalizing its pipelines []
2019-08-29 08:31:32,048 [main] INFO  server.GrpcService (GrpcService.java:closeImpl(163)) - bc6b7a81-d649-4b98-a2dd-a143f3cec515: shutdown server with port 35369 successfully
2019-08-29 08:31:32,050 [refreshUsed-/workdir/hadoop-ozone/integration-test/target/test-dir/MiniOzoneClusterImpl-8c07e826-c47b-4931-987d-73ac2cd5ddca/datanode-6/data/containers] WARN  fs.CachingGetSpaceUsed (CachingGetSpaceUsed.java:run(183)) - Thread Interrupted waiting to refresh disk information: sleep interrupted
2019-08-29 08:31:32,062 [main] INFO  utils.BackgroundService (BackgroundService.java:shutdown(148)) - Shutting down service BlockDeletingService
2019-08-29 08:31:32,067 [main] INFO  statemachine.DatanodeStateMachine (DatanodeStateMachine.java:stopDaemon(395)) - Ozone container server stopped.
2019-08-29 08:31:32,067 [StateMachineUpdater:7cfaebde-8af2-48b8-8320-c065a7b881d3:group-AB2BFD5F97A1] INFO  ratis.ContainerStateMachine (ContainerStateMachine.java:takeSnapshot(295)) - group-AB2BFD5F97A1: Finished taking a snapshot at:(t:1, i:6) file:/workdir/hadoop-ozone/integration-test/target/test-dir/MiniOzoneClusterImpl-8c07e826-c47b-4931-987d-73ac2cd5ddca/datanode-0/data/ratis/954f2737-7c8a-4e9d-8b56-ab2bfd5f97a1/sm/snapshot.1_6 time:37
2019-08-29 08:31:32,067 [StateMachineUpdater:7cfaebde-8af2-48b8-8320-c065a7b881d3:group-AB2BFD5F97A1] INFO  impl.StateMachineUpdater (StateMachineUpdater.java:takeSnapshot(242)) - StateMachineUpdater:7cfaebde-8af2-48b8-8320-c065a7b881d3:group-AB2BFD5F97A1: Took a snapshot at index 6
2019-08-29 08:31:32,068 [StateMachineUpdater:7cfaebde-8af2-48b8-8320-c065a7b881d3:group-AB2BFD5F97A1] INFO  impl.StateMachineUpdater (StateMachineUpdater.java:lambda$new$0(80)) - StateMachineUpdater:7cfaebde-8af2-48b8-8320-c065a7b881d3:group-AB2BFD5F97A1: snapshotIndex: updateIncreasingly -1 -> 6
2019-08-29 08:31:32,068 [ForkJoinPool.commonPool-worker-1] INFO  impl.RaftServerImpl (ServerState.java:close(394)) - 7cfaebde-8af2-48b8-8320-c065a7b881d3:group-AB2BFD5F97A1 closes. The last applied log index is 6
2019-08-29 08:31:32,068 [7cfaebde-8af2-48b8-8320-c065a7b881d3-SegmentedRaftLogWorker:Storage Directory /workdir/hadoop-ozone/integration-test/target/test-dir/MiniOzoneClusterImpl-8c07e826-c47b-4931-987d-73ac2cd5ddca/datanode-0/data/ratis/954f2737-7c8a-4e9d-8b56-ab2bfd5f97a1] INFO  segmented.SegmentedRaftLogWorker (SegmentedRaftLogWorker.java:run(313)) - 7cfaebde-8af2-48b8-8320-c065a7b881d3-SegmentedRaftLogWorker:Storage Directory /workdir/hadoop-ozone/integration-test/target/test-dir/MiniOzoneClusterImpl-8c07e826-c47b-4931-987d-73ac2cd5ddca/datanode-0/data/ratis/954f2737-7c8a-4e9d-8b56-ab2bfd5f97a1 was interrupted, exiting. There are 0 tasks remaining in the queue.
2019-08-29 08:31:32,069 [main] INFO  handler.ContextHandler (ContextHandler.java:doStop(910)) - Stopped o.e.j.w.WebAppContext@77663cd7{/,null,UNAVAILABLE}{/hddsDatanode}
2019-08-29 08:31:32,069 [ForkJoinPool.commonPool-worker-1] INFO  segmented.SegmentedRaftLogWorker (SegmentedRaftLogWorker.java:close(228)) - 7cfaebde-8af2-48b8-8320-c065a7b881d3-SegmentedRaftLogWorker:Storage Directory /workdir/hadoop-ozone/integration-test/target/test-dir/MiniOzoneClusterImpl-8c07e826-c47b-4931-987d-73ac2cd5ddca/datanode-0/data/ratis/954f2737-7c8a-4e9d-8b56-ab2bfd5f97a1 close()
2019-08-29 08:31:32,072 [ForkJoinPool.commonPool-worker-1] INFO  server.GrpcService (GrpcService.java:closeImpl(155)) - 7cfaebde-8af2-48b8-8320-c065a7b881d3: shutdown server with port 45696 now
2019-08-29 08:31:32,072 [main] INFO  server.AbstractConnector (AbstractConnector.java:doStop(318)) - Stopped ServerConnector@1d17423f{HTTP/1.1,[http/1.1]}{0.0.0.0:0}
2019-08-29 08:31:32,072 [ForkJoinPool.commonPool-worker-1] INFO  server.GrpcService (GrpcService.java:closeImpl(163)) - 7cfaebde-8af2-48b8-8320-c065a7b881d3: shutdown server with port 45696 successfully
2019-08-29 08:31:32,072 [main] INFO  handler.ContextHandler (ContextHandler.java:doStop(910)) - Stopped o.e.j.s.ServletContextHandler@6009cd34{/static,jar:file:/home/user/.m2/repository/org/apache/hadoop/hadoop-hdds-container-service/0.5.0-SNAPSHOT/hadoop-hdds-container-service-0.5.0-SNAPSHOT.jar!/webapps/static,UNAVAILABLE}
2019-08-29 08:31:32,073 [main] INFO  handler.ContextHandler (ContextHandler.java:doStop(910)) - Stopped o.e.j.s.ServletContextHandler@7b377a53{/logs,file:///workdir/hadoop-ozone/integration-test/target/log,UNAVAILABLE}
2019-08-29 08:31:32,075 [refreshUsed-/workdir/hadoop-ozone/integration-test/target/test-dir/MiniOzoneClusterImpl-8c07e826-c47b-4931-987d-73ac2cd5ddca/datanode-0/data/containers] WARN  fs.CachingGetSpaceUsed (CachingGetSpaceUsed.java:run(183)) - Thread Interrupted waiting to refresh disk information: sleep interrupted
2019-08-29 08:31:32,085 [ForkJoinPool.commonPool-worker-1] INFO  utils.BackgroundService (BackgroundService.java:shutdown(148)) - Shutting down service BlockDeletingService
2019-08-29 08:31:32,092 [ForkJoinPool.commonPool-worker-1] INFO  statemachine.DatanodeStateMachine (DatanodeStateMachine.java:stopDaemon(395)) - Ozone container server stopped.
2019-08-29 08:31:32,098 [ForkJoinPool.commonPool-worker-1] INFO  handler.ContextHandler (ContextHandler.java:doStop(910)) - Stopped o.e.j.w.WebAppContext@b5d9f1e{/,null,UNAVAILABLE}{/hddsDatanode}
2019-08-29 08:31:32,098 [ForkJoinPool.commonPool-worker-1] INFO  server.AbstractConnector (AbstractConnector.java:doStop(318)) - Stopped ServerConnector@350ff014{HTTP/1.1,[http/1.1]}{0.0.0.0:0}
2019-08-29 08:31:32,099 [ForkJoinPool.commonPool-worker-1] INFO  handler.ContextHandler (ContextHandler.java:doStop(910)) - Stopped o.e.j.s.ServletContextHandler@6615237{/static,jar:file:/home/user/.m2/repository/org/apache/hadoop/hadoop-hdds-container-service/0.5.0-SNAPSHOT/hadoop-hdds-container-service-0.5.0-SNAPSHOT.jar!/webapps/static,UNAVAILABLE}
2019-08-29 08:31:32,100 [ForkJoinPool.commonPool-worker-1] INFO  handler.ContextHandler (ContextHandler.java:doStop(910)) - Stopped o.e.j.s.ServletContextHandler@55421b8d{/logs,file:///workdir/hadoop-ozone/integration-test/target/log,UNAVAILABLE}
2019-08-29 08:31:32,629 [Datanode State Machine Thread - 0] INFO  statemachine.DatanodeStateMachine (DatanodeStateMachine.java:lambda$startDaemon$0(350)) - Ozone container server started.
2019-08-29 08:31:34,591 [Thread-3927] INFO  impl.FollowerState (FollowerState.java:run(106)) - b7500143-f2c4-48ed-bac6-0cd36d85de29:group-BA22A22325CE changes to CANDIDATE, lastRpcTime:7910, electionTimeout:5082ms
2019-08-29 08:31:34,591 [Thread-3927] INFO  impl.RoleInfo (RoleInfo.java:shutdownFollowerState(121)) - b7500143-f2c4-48ed-bac6-0cd36d85de29: shutdown FollowerState
2019-08-29 08:31:34,591 [Thread-3927] INFO  impl.RaftServerImpl (RaftServerImpl.java:setRole(171)) - b7500143-f2c4-48ed-bac6-0cd36d85de29:group-BA22A22325CE changes role from FOLLOWER to CANDIDATE at term 1 for changeToCandidate
2019-08-29 08:31:34,591 [Thread-3927] INFO  impl.RoleInfo (RoleInfo.java:updateAndGet(143)) - b7500143-f2c4-48ed-bac6-0cd36d85de29: start LeaderElection
2019-08-29 08:31:34,594 [b7500143-f2c4-48ed-bac6-0cd36d85de29:group-BA22A22325CE:LeaderElection87] INFO  impl.RaftServerImpl (ServerState.java:setLeader(263)) - b7500143-f2c4-48ed-bac6-0cd36d85de29:group-BA22A22325CE change Leader from 2cc9a7c5-5377-452e-b53b-b98038258734 to null at term 1 for initElection
2019-08-29 08:31:34,633 [b7500143-f2c4-48ed-bac6-0cd36d85de29:group-BA22A22325CE:LeaderElection87] INFO  impl.LeaderElection (LeaderElection.java:askForVotes(181)) - b7500143-f2c4-48ed-bac6-0cd36d85de29:group-BA22A22325CE:LeaderElection87: begin an election at term 2 for 0: [2cc9a7c5-5377-452e-b53b-b98038258734:192.168.5.176:36455, b7500143-f2c4-48ed-bac6-0cd36d85de29:192.168.5.176:33184, 9f8785e0-a018-4c06-b04f-e9b08840f25e:192.168.5.176:35322], old=null
2019-08-29 08:31:34,635 [b7500143-f2c4-48ed-bac6-0cd36d85de29:group-BA22A22325CE:LeaderElection87] INFO  impl.LeaderElection (LogUtils.java:infoOrTrace(149)) - b7500143-f2c4-48ed-bac6-0cd36d85de29:group-BA22A22325CE:LeaderElection87 got exception when requesting votes: {}
java.util.concurrent.ExecutionException: org.apache.ratis.thirdparty.io.grpc.StatusRuntimeException: UNAVAILABLE: io exception
	at java.util.concurrent.FutureTask.report(FutureTask.java:122)
	at java.util.concurrent.FutureTask.get(FutureTask.java:192)
	at org.apache.ratis.server.impl.LeaderElection.waitForResults(LeaderElection.java:262)
	at org.apache.ratis.server.impl.LeaderElection.askForVotes(LeaderElection.java:200)
	at org.apache.ratis.server.impl.LeaderElection.run(LeaderElection.java:130)
	at java.lang.Thread.run(Thread.java:748)
Caused by: org.apache.ratis.thirdparty.io.grpc.StatusRuntimeException: UNAVAILABLE: io exception
	at org.apache.ratis.thirdparty.io.grpc.stub.ClientCalls.toStatusRuntimeException(ClientCalls.java:233)
	at org.apache.ratis.thirdparty.io.grpc.stub.ClientCalls.getUnchecked(ClientCalls.java:214)
	at org.apache.ratis.thirdparty.io.grpc.stub.ClientCalls.blockingUnaryCall(ClientCalls.java:139)
	at org.apache.ratis.proto.grpc.RaftServerProtocolServiceGrpc$RaftServerProtocolServiceBlockingStub.requestVote(RaftServerProtocolServiceGrpc.java:265)
	at org.apache.ratis.grpc.server.GrpcServerProtocolClient.requestVote(GrpcServerProtocolClient.java:83)
	at org.apache.ratis.grpc.server.GrpcService.requestVote(GrpcService.java:195)
	at org.apache.ratis.server.impl.LeaderElection.lambda$submitRequests$1(LeaderElection.java:237)
	at java.util.concurrent.FutureTask.run(FutureTask.java:266)
	at java.util.concurrent.Executors$RunnableAdapter.call(Executors.java:511)
	at java.util.concurrent.FutureTask.run(FutureTask.java:266)
	at java.util.concurrent.ThreadPoolExecutor.runWorker(ThreadPoolExecutor.java:1149)
	at java.util.concurrent.ThreadPoolExecutor$Worker.run(ThreadPoolExecutor.java:624)
	... 1 more
Caused by: org.apache.ratis.thirdparty.io.netty.channel.AbstractChannel$AnnotatedConnectException: Connection refused: /192.168.5.176:36455
	at sun.nio.ch.SocketChannelImpl.checkConnect(Native Method)
	at sun.nio.ch.SocketChannelImpl.finishConnect(SocketChannelImpl.java:717)
	at org.apache.ratis.thirdparty.io.netty.channel.socket.nio.NioSocketChannel.doFinishConnect(NioSocketChannel.java:327)
	at org.apache.ratis.thirdparty.io.netty.channel.nio.AbstractNioChannel$AbstractNioUnsafe.finishConnect(AbstractNioChannel.java:340)
	at org.apache.ratis.thirdparty.io.netty.channel.nio.NioEventLoop.processSelectedKey(NioEventLoop.java:632)
	at org.apache.ratis.thirdparty.io.netty.channel.nio.NioEventLoop.processSelectedKeysOptimized(NioEventLoop.java:579)
	at org.apache.ratis.thirdparty.io.netty.channel.nio.NioEventLoop.processSelectedKeys(NioEventLoop.java:496)
	at org.apache.ratis.thirdparty.io.netty.channel.nio.NioEventLoop.run(NioEventLoop.java:458)
	at org.apache.ratis.thirdparty.io.netty.util.concurrent.SingleThreadEventExecutor$5.run(SingleThreadEventExecutor.java:897)
	at org.apache.ratis.thirdparty.io.netty.util.concurrent.FastThreadLocalRunnable.run(FastThreadLocalRunnable.java:30)
	... 1 more
Caused by: java.net.ConnectException: Connection refused
	... 11 more
2019-08-29 08:31:34,638 [b7500143-f2c4-48ed-bac6-0cd36d85de29:group-BA22A22325CE:LeaderElection87] INFO  impl.LeaderElection (LogUtils.java:infoOrTrace(149)) - b7500143-f2c4-48ed-bac6-0cd36d85de29:group-BA22A22325CE:LeaderElection87 got exception when requesting votes: {}
java.util.concurrent.ExecutionException: org.apache.ratis.thirdparty.io.grpc.StatusRuntimeException: UNAVAILABLE: io exception
	at java.util.concurrent.FutureTask.report(FutureTask.java:122)
	at java.util.concurrent.FutureTask.get(FutureTask.java:192)
	at org.apache.ratis.server.impl.LeaderElection.waitForResults(LeaderElection.java:262)
	at org.apache.ratis.server.impl.LeaderElection.askForVotes(LeaderElection.java:200)
	at org.apache.ratis.server.impl.LeaderElection.run(LeaderElection.java:130)
	at java.lang.Thread.run(Thread.java:748)
Caused by: org.apache.ratis.thirdparty.io.grpc.StatusRuntimeException: UNAVAILABLE: io exception
	at org.apache.ratis.thirdparty.io.grpc.stub.ClientCalls.toStatusRuntimeException(ClientCalls.java:233)
	at org.apache.ratis.thirdparty.io.grpc.stub.ClientCalls.getUnchecked(ClientCalls.java:214)
	at org.apache.ratis.thirdparty.io.grpc.stub.ClientCalls.blockingUnaryCall(ClientCalls.java:139)
	at org.apache.ratis.proto.grpc.RaftServerProtocolServiceGrpc$RaftServerProtocolServiceBlockingStub.requestVote(RaftServerProtocolServiceGrpc.java:265)
	at org.apache.ratis.grpc.server.GrpcServerProtocolClient.requestVote(GrpcServerProtocolClient.java:83)
	at org.apache.ratis.grpc.server.GrpcService.requestVote(GrpcService.java:195)
	at org.apache.ratis.server.impl.LeaderElection.lambda$submitRequests$1(LeaderElection.java:237)
	at java.util.concurrent.FutureTask.run(FutureTask.java:266)
	at java.util.concurrent.Executors$RunnableAdapter.call(Executors.java:511)
	at java.util.concurrent.FutureTask.run(FutureTask.java:266)
	at java.util.concurrent.ThreadPoolExecutor.runWorker(ThreadPoolExecutor.java:1149)
	at java.util.concurrent.ThreadPoolExecutor$Worker.run(ThreadPoolExecutor.java:624)
	... 1 more
Caused by: org.apache.ratis.thirdparty.io.netty.channel.AbstractChannel$AnnotatedConnectException: Connection refused: /192.168.5.176:35322
	at sun.nio.ch.SocketChannelImpl.checkConnect(Native Method)
	at sun.nio.ch.SocketChannelImpl.finishConnect(SocketChannelImpl.java:717)
	at org.apache.ratis.thirdparty.io.netty.channel.socket.nio.NioSocketChannel.doFinishConnect(NioSocketChannel.java:327)
	at org.apache.ratis.thirdparty.io.netty.channel.nio.AbstractNioChannel$AbstractNioUnsafe.finishConnect(AbstractNioChannel.java:340)
	at org.apache.ratis.thirdparty.io.netty.channel.nio.NioEventLoop.processSelectedKey(NioEventLoop.java:632)
	at org.apache.ratis.thirdparty.io.netty.channel.nio.NioEventLoop.processSelectedKeysOptimized(NioEventLoop.java:579)
	at org.apache.ratis.thirdparty.io.netty.channel.nio.NioEventLoop.processSelectedKeys(NioEventLoop.java:496)
	at org.apache.ratis.thirdparty.io.netty.channel.nio.NioEventLoop.run(NioEventLoop.java:458)
	at org.apache.ratis.thirdparty.io.netty.util.concurrent.SingleThreadEventExecutor$5.run(SingleThreadEventExecutor.java:897)
	at org.apache.ratis.thirdparty.io.netty.util.concurrent.FastThreadLocalRunnable.run(FastThreadLocalRunnable.java:30)
	... 1 more
Caused by: java.net.ConnectException: Connection refused
	... 11 more
2019-08-29 08:31:34,639 [b7500143-f2c4-48ed-bac6-0cd36d85de29:group-BA22A22325CE:LeaderElection87] INFO  impl.LeaderElection (LeaderElection.java:logAndReturn(56)) - b7500143-f2c4-48ed-bac6-0cd36d85de29:group-BA22A22325CE:LeaderElection87: Election REJECTED; received 0 response(s) [] and 2 exception(s); b7500143-f2c4-48ed-bac6-0cd36d85de29:t2, leader=null, voted=b7500143-f2c4-48ed-bac6-0cd36d85de29, raftlog=b7500143-f2c4-48ed-bac6-0cd36d85de29-SegmentedRaftLog:OPENED:c6,f6,i6, conf=0: [2cc9a7c5-5377-452e-b53b-b98038258734:192.168.5.176:36455, b7500143-f2c4-48ed-bac6-0cd36d85de29:192.168.5.176:33184, 9f8785e0-a018-4c06-b04f-e9b08840f25e:192.168.5.176:35322], old=null
2019-08-29 08:31:34,639 [b7500143-f2c4-48ed-bac6-0cd36d85de29:group-BA22A22325CE:LeaderElection87] INFO  impl.LeaderElection (LogUtils.java:infoOrTrace(149)) -   Exception 0: {}
java.util.concurrent.ExecutionException: org.apache.ratis.thirdparty.io.grpc.StatusRuntimeException: UNAVAILABLE: io exception
	at java.util.concurrent.FutureTask.report(FutureTask.java:122)
	at java.util.concurrent.FutureTask.get(FutureTask.java:192)
	at org.apache.ratis.server.impl.LeaderElection.waitForResults(LeaderElection.java:262)
	at org.apache.ratis.server.impl.LeaderElection.askForVotes(LeaderElection.java:200)
	at org.apache.ratis.server.impl.LeaderElection.run(LeaderElection.java:130)
	at java.lang.Thread.run(Thread.java:748)
Caused by: org.apache.ratis.thirdparty.io.grpc.StatusRuntimeException: UNAVAILABLE: io exception
	at org.apache.ratis.thirdparty.io.grpc.stub.ClientCalls.toStatusRuntimeException(ClientCalls.java:233)
	at org.apache.ratis.thirdparty.io.grpc.stub.ClientCalls.getUnchecked(ClientCalls.java:214)
	at org.apache.ratis.thirdparty.io.grpc.stub.ClientCalls.blockingUnaryCall(ClientCalls.java:139)
	at org.apache.ratis.proto.grpc.RaftServerProtocolServiceGrpc$RaftServerProtocolServiceBlockingStub.requestVote(RaftServerProtocolServiceGrpc.java:265)
	at org.apache.ratis.grpc.server.GrpcServerProtocolClient.requestVote(GrpcServerProtocolClient.java:83)
	at org.apache.ratis.grpc.server.GrpcService.requestVote(GrpcService.java:195)
	at org.apache.ratis.server.impl.LeaderElection.lambda$submitRequests$1(LeaderElection.java:237)
	at java.util.concurrent.FutureTask.run(FutureTask.java:266)
	at java.util.concurrent.Executors$RunnableAdapter.call(Executors.java:511)
	at java.util.concurrent.FutureTask.run(FutureTask.java:266)
	at java.util.concurrent.ThreadPoolExecutor.runWorker(ThreadPoolExecutor.java:1149)
	at java.util.concurrent.ThreadPoolExecutor$Worker.run(ThreadPoolExecutor.java:624)
	... 1 more
Caused by: org.apache.ratis.thirdparty.io.netty.channel.AbstractChannel$AnnotatedConnectException: Connection refused: /192.168.5.176:36455
	at sun.nio.ch.SocketChannelImpl.checkConnect(Native Method)
	at sun.nio.ch.SocketChannelImpl.finishConnect(SocketChannelImpl.java:717)
	at org.apache.ratis.thirdparty.io.netty.channel.socket.nio.NioSocketChannel.doFinishConnect(NioSocketChannel.java:327)
	at org.apache.ratis.thirdparty.io.netty.channel.nio.AbstractNioChannel$AbstractNioUnsafe.finishConnect(AbstractNioChannel.java:340)
	at org.apache.ratis.thirdparty.io.netty.channel.nio.NioEventLoop.processSelectedKey(NioEventLoop.java:632)
	at org.apache.ratis.thirdparty.io.netty.channel.nio.NioEventLoop.processSelectedKeysOptimized(NioEventLoop.java:579)
	at org.apache.ratis.thirdparty.io.netty.channel.nio.NioEventLoop.processSelectedKeys(NioEventLoop.java:496)
	at org.apache.ratis.thirdparty.io.netty.channel.nio.NioEventLoop.run(NioEventLoop.java:458)
	at org.apache.ratis.thirdparty.io.netty.util.concurrent.SingleThreadEventExecutor$5.run(SingleThreadEventExecutor.java:897)
	at org.apache.ratis.thirdparty.io.netty.util.concurrent.FastThreadLocalRunnable.run(FastThreadLocalRunnable.java:30)
	... 1 more
Caused by: java.net.ConnectException: Connection refused
	... 11 more
2019-08-29 08:31:34,640 [b7500143-f2c4-48ed-bac6-0cd36d85de29:group-BA22A22325CE:LeaderElection87] INFO  impl.LeaderElection (LogUtils.java:infoOrTrace(149)) -   Exception 1: {}
java.util.concurrent.ExecutionException: org.apache.ratis.thirdparty.io.grpc.StatusRuntimeException: UNAVAILABLE: io exception
	at java.util.concurrent.FutureTask.report(FutureTask.java:122)
	at java.util.concurrent.FutureTask.get(FutureTask.java:192)
	at org.apache.ratis.server.impl.LeaderElection.waitForResults(LeaderElection.java:262)
	at org.apache.ratis.server.impl.LeaderElection.askForVotes(LeaderElection.java:200)
	at org.apache.ratis.server.impl.LeaderElection.run(LeaderElection.java:130)
	at java.lang.Thread.run(Thread.java:748)
Caused by: org.apache.ratis.thirdparty.io.grpc.StatusRuntimeException: UNAVAILABLE: io exception
	at org.apache.ratis.thirdparty.io.grpc.stub.ClientCalls.toStatusRuntimeException(ClientCalls.java:233)
	at org.apache.ratis.thirdparty.io.grpc.stub.ClientCalls.getUnchecked(ClientCalls.java:214)
	at org.apache.ratis.thirdparty.io.grpc.stub.ClientCalls.blockingUnaryCall(ClientCalls.java:139)
	at org.apache.ratis.proto.grpc.RaftServerProtocolServiceGrpc$RaftServerProtocolServiceBlockingStub.requestVote(RaftServerProtocolServiceGrpc.java:265)
	at org.apache.ratis.grpc.server.GrpcServerProtocolClient.requestVote(GrpcServerProtocolClient.java:83)
	at org.apache.ratis.grpc.server.GrpcService.requestVote(GrpcService.java:195)
	at org.apache.ratis.server.impl.LeaderElection.lambda$submitRequests$1(LeaderElection.java:237)
	at java.util.concurrent.FutureTask.run(FutureTask.java:266)
	at java.util.concurrent.Executors$RunnableAdapter.call(Executors.java:511)
	at java.util.concurrent.FutureTask.run(FutureTask.java:266)
	at java.util.concurrent.ThreadPoolExecutor.runWorker(ThreadPoolExecutor.java:1149)
	at java.util.concurrent.ThreadPoolExecutor$Worker.run(ThreadPoolExecutor.java:624)
	... 1 more
Caused by: org.apache.ratis.thirdparty.io.netty.channel.AbstractChannel$AnnotatedConnectException: Connection refused: /192.168.5.176:35322
	at sun.nio.ch.SocketChannelImpl.checkConnect(Native Method)
	at sun.nio.ch.SocketChannelImpl.finishConnect(SocketChannelImpl.java:717)
	at org.apache.ratis.thirdparty.io.netty.channel.socket.nio.NioSocketChannel.doFinishConnect(NioSocketChannel.java:327)
	at org.apache.ratis.thirdparty.io.netty.channel.nio.AbstractNioChannel$AbstractNioUnsafe.finishConnect(AbstractNioChannel.java:340)
	at org.apache.ratis.thirdparty.io.netty.channel.nio.NioEventLoop.processSelectedKey(NioEventLoop.java:632)
	at org.apache.ratis.thirdparty.io.netty.channel.nio.NioEventLoop.processSelectedKeysOptimized(NioEventLoop.java:579)
	at org.apache.ratis.thirdparty.io.netty.channel.nio.NioEventLoop.processSelectedKeys(NioEventLoop.java:496)
	at org.apache.ratis.thirdparty.io.netty.channel.nio.NioEventLoop.run(NioEventLoop.java:458)
	at org.apache.ratis.thirdparty.io.netty.util.concurrent.SingleThreadEventExecutor$5.run(SingleThreadEventExecutor.java:897)
	at org.apache.ratis.thirdparty.io.netty.util.concurrent.FastThreadLocalRunnable.run(FastThreadLocalRunnable.java:30)
	... 1 more
Caused by: java.net.ConnectException: Connection refused
	... 11 more
2019-08-29 08:31:34,640 [b7500143-f2c4-48ed-bac6-0cd36d85de29:group-BA22A22325CE:LeaderElection87] INFO  impl.RaftServerImpl (RaftServerImpl.java:setRole(171)) - b7500143-f2c4-48ed-bac6-0cd36d85de29:group-BA22A22325CE changes role from CANDIDATE to FOLLOWER at term 2 for DISCOVERED_A_NEW_TERM
2019-08-29 08:31:34,640 [b7500143-f2c4-48ed-bac6-0cd36d85de29:group-BA22A22325CE:LeaderElection87] INFO  impl.RoleInfo (RoleInfo.java:shutdownLeaderElection(134)) - b7500143-f2c4-48ed-bac6-0cd36d85de29: shutdown LeaderElection
2019-08-29 08:31:34,640 [b7500143-f2c4-48ed-bac6-0cd36d85de29:group-BA22A22325CE:LeaderElection87] INFO  impl.RoleInfo (RoleInfo.java:updateAndGet(143)) - b7500143-f2c4-48ed-bac6-0cd36d85de29: start FollowerState
2019-08-29 08:31:36,653 [EventQueue-StaleNodeForStaleNodeHandler] INFO  node.StaleNodeHandler (StaleNodeHandler.java:onMessage(58)) - Datanode b7500143-f2c4-48ed-bac6-0cd36d85de29{ip: 192.168.5.176, host: pr-hdds-1909-44d2n-1519487446, networkLocation: /default-rack, certSerialId: null} moved to stale state. Finalizing its pipelines [PipelineID=aa244804-9aca-43a5-a215-55b46e5e220b, PipelineID=3a3886c3-8a5a-49d5-90a7-ba22a22325ce]
2019-08-29 08:31:36,653 [EventQueue-StaleNodeForStaleNodeHandler] INFO  pipeline.SCMPipelineManager (SCMPipelineManager.java:finalizeAndDestroyPipeline(309)) - destroying pipeline:Pipeline[ Id: aa244804-9aca-43a5-a215-55b46e5e220b, Nodes: b7500143-f2c4-48ed-bac6-0cd36d85de29{ip: 192.168.5.176, host: pr-hdds-1909-44d2n-1519487446, networkLocation: /default-rack, certSerialId: null}, Type:RATIS, Factor:ONE, State:OPEN]
2019-08-29 08:31:36,654 [EventQueue-StaleNodeForStaleNodeHandler] INFO  pipeline.PipelineStateManager (PipelineStateManager.java:finalizePipeline(123)) - Pipeline Pipeline[ Id: aa244804-9aca-43a5-a215-55b46e5e220b, Nodes: b7500143-f2c4-48ed-bac6-0cd36d85de29{ip: 192.168.5.176, host: pr-hdds-1909-44d2n-1519487446, networkLocation: /default-rack, certSerialId: null}, Type:RATIS, Factor:ONE, State:CLOSED] moved to CLOSED state
2019-08-29 08:31:36,654 [EventQueue-StaleNodeForStaleNodeHandler] INFO  pipeline.SCMPipelineManager (SCMPipelineManager.java:finalizeAndDestroyPipeline(309)) - destroying pipeline:Pipeline[ Id: 3a3886c3-8a5a-49d5-90a7-ba22a22325ce, Nodes: b7500143-f2c4-48ed-bac6-0cd36d85de29{ip: 192.168.5.176, host: pr-hdds-1909-44d2n-1519487446, networkLocation: /default-rack, certSerialId: null}9f8785e0-a018-4c06-b04f-e9b08840f25e{ip: 192.168.5.176, host: pr-hdds-1909-44d2n-1519487446, networkLocation: /default-rack, certSerialId: null}2cc9a7c5-5377-452e-b53b-b98038258734{ip: 192.168.5.176, host: pr-hdds-1909-44d2n-1519487446, networkLocation: /default-rack, certSerialId: null}, Type:RATIS, Factor:THREE, State:CLOSED]
2019-08-29 08:31:37,075 [main] INFO  ozoneimpl.OzoneContainer (OzoneContainer.java:stop(215)) - Attempting to stop container services.
2019-08-29 08:31:37,076 [main] INFO  impl.RaftServerProxy (RaftServerProxy.java:lambda$close$4(314)) - b7500143-f2c4-48ed-bac6-0cd36d85de29: close
2019-08-29 08:31:37,076 [main] INFO  impl.RaftServerImpl (RaftServerImpl.java:lambda$shutdown$3(245)) - b7500143-f2c4-48ed-bac6-0cd36d85de29: shutdown group-55B46E5E220B
2019-08-29 08:31:37,076 [main] INFO  util.JmxRegister (JmxRegister.java:unregister(73)) - Successfully un-registered JMX Bean with object name Ratis:service=RaftServer,group=group-55B46E5E220B,id=b7500143-f2c4-48ed-bac6-0cd36d85de29
2019-08-29 08:31:37,077 [main] INFO  impl.RoleInfo (RoleInfo.java:shutdownLeaderState(104)) - b7500143-f2c4-48ed-bac6-0cd36d85de29: shutdown LeaderState
2019-08-29 08:31:37,077 [main] INFO  impl.PendingRequests (PendingRequests.java:sendNotLeaderResponses(202)) - b7500143-f2c4-48ed-bac6-0cd36d85de29-PendingRequests: sendNotLeaderResponses
2019-08-29 08:31:37,077 [main] INFO  impl.StateMachineUpdater (StateMachineUpdater.java:stopAndJoin(115)) - StateMachineUpdater:b7500143-f2c4-48ed-bac6-0cd36d85de29:group-55B46E5E220B: set stopIndex = 0
2019-08-29 08:31:37,077 [main] INFO  impl.RaftServerImpl (ServerState.java:close(394)) - b7500143-f2c4-48ed-bac6-0cd36d85de29:group-55B46E5E220B closes. The last applied log index is 0
2019-08-29 08:31:37,078 [b7500143-f2c4-48ed-bac6-0cd36d85de29-SegmentedRaftLogWorker:Storage Directory /workdir/hadoop-ozone/integration-test/target/test-dir/MiniOzoneClusterImpl-8c07e826-c47b-4931-987d-73ac2cd5ddca/datanode-5/data/ratis/aa244804-9aca-43a5-a215-55b46e5e220b] INFO  segmented.SegmentedRaftLogWorker (SegmentedRaftLogWorker.java:run(313)) - b7500143-f2c4-48ed-bac6-0cd36d85de29-SegmentedRaftLogWorker:Storage Directory /workdir/hadoop-ozone/integration-test/target/test-dir/MiniOzoneClusterImpl-8c07e826-c47b-4931-987d-73ac2cd5ddca/datanode-5/data/ratis/aa244804-9aca-43a5-a215-55b46e5e220b was interrupted, exiting. There are 0 tasks remaining in the queue.
2019-08-29 08:31:37,080 [main] INFO  segmented.SegmentedRaftLogWorker (SegmentedRaftLogWorker.java:close(228)) - b7500143-f2c4-48ed-bac6-0cd36d85de29-SegmentedRaftLogWorker:Storage Directory /workdir/hadoop-ozone/integration-test/target/test-dir/MiniOzoneClusterImpl-8c07e826-c47b-4931-987d-73ac2cd5ddca/datanode-5/data/ratis/aa244804-9aca-43a5-a215-55b46e5e220b close()
2019-08-29 08:31:37,083 [main] INFO  impl.RaftServerImpl (RaftServerImpl.java:lambda$shutdown$3(245)) - b7500143-f2c4-48ed-bac6-0cd36d85de29: shutdown group-BA22A22325CE
2019-08-29 08:31:37,083 [main] INFO  util.JmxRegister (JmxRegister.java:unregister(73)) - Successfully un-registered JMX Bean with object name Ratis:service=RaftServer,group=group-BA22A22325CE,id=b7500143-f2c4-48ed-bac6-0cd36d85de29
2019-08-29 08:31:37,084 [main] INFO  impl.RoleInfo (RoleInfo.java:shutdownFollowerState(121)) - b7500143-f2c4-48ed-bac6-0cd36d85de29: shutdown FollowerState
2019-08-29 08:31:37,084 [main] INFO  impl.StateMachineUpdater (StateMachineUpdater.java:stopAndJoin(115)) - StateMachineUpdater:b7500143-f2c4-48ed-bac6-0cd36d85de29:group-BA22A22325CE: set stopIndex = 6
2019-08-29 08:31:37,084 [StateMachineUpdater:b7500143-f2c4-48ed-bac6-0cd36d85de29:group-BA22A22325CE] INFO  ratis.ContainerStateMachine (ContainerStateMachine.java:takeSnapshot(284)) - group-BA22A22325CE: Taking a snapshot at:(t:1, i:4) file /workdir/hadoop-ozone/integration-test/target/test-dir/MiniOzoneClusterImpl-8c07e826-c47b-4931-987d-73ac2cd5ddca/datanode-5/data/ratis/3a3886c3-8a5a-49d5-90a7-ba22a22325ce/sm/snapshot.1_4
2019-08-29 08:31:37,084 [Thread-4074] INFO  impl.FollowerState (FollowerState.java:run(114)) - b7500143-f2c4-48ed-bac6-0cd36d85de29: FollowerState was interrupted: java.lang.InterruptedException: sleep interrupted
2019-08-29 08:31:37,106 [StateMachineUpdater:b7500143-f2c4-48ed-bac6-0cd36d85de29:group-BA22A22325CE] INFO  ratis.ContainerStateMachine (ContainerStateMachine.java:takeSnapshot(295)) - group-BA22A22325CE: Finished taking a snapshot at:(t:1, i:4) file:/workdir/hadoop-ozone/integration-test/target/test-dir/MiniOzoneClusterImpl-8c07e826-c47b-4931-987d-73ac2cd5ddca/datanode-5/data/ratis/3a3886c3-8a5a-49d5-90a7-ba22a22325ce/sm/snapshot.1_4 time:21
2019-08-29 08:31:37,106 [StateMachineUpdater:b7500143-f2c4-48ed-bac6-0cd36d85de29:group-BA22A22325CE] INFO  impl.StateMachineUpdater (StateMachineUpdater.java:takeSnapshot(242)) - StateMachineUpdater:b7500143-f2c4-48ed-bac6-0cd36d85de29:group-BA22A22325CE: Took a snapshot at index 4
2019-08-29 08:31:37,106 [StateMachineUpdater:b7500143-f2c4-48ed-bac6-0cd36d85de29:group-BA22A22325CE] INFO  impl.StateMachineUpdater (StateMachineUpdater.java:lambda$new$0(80)) - StateMachineUpdater:b7500143-f2c4-48ed-bac6-0cd36d85de29:group-BA22A22325CE: snapshotIndex: updateIncreasingly -1 -> 4
2019-08-29 08:31:37,106 [main] INFO  impl.RaftServerImpl (ServerState.java:close(394)) - b7500143-f2c4-48ed-bac6-0cd36d85de29:group-BA22A22325CE closes. The last applied log index is 6
2019-08-29 08:31:37,107 [b7500143-f2c4-48ed-bac6-0cd36d85de29-SegmentedRaftLogWorker:Storage Directory /workdir/hadoop-ozone/integration-test/target/test-dir/MiniOzoneClusterImpl-8c07e826-c47b-4931-987d-73ac2cd5ddca/datanode-5/data/ratis/3a3886c3-8a5a-49d5-90a7-ba22a22325ce] INFO  segmented.SegmentedRaftLogWorker (SegmentedRaftLogWorker.java:run(313)) - b7500143-f2c4-48ed-bac6-0cd36d85de29-SegmentedRaftLogWorker:Storage Directory /workdir/hadoop-ozone/integration-test/target/test-dir/MiniOzoneClusterImpl-8c07e826-c47b-4931-987d-73ac2cd5ddca/datanode-5/data/ratis/3a3886c3-8a5a-49d5-90a7-ba22a22325ce was interrupted, exiting. There are 0 tasks remaining in the queue.
2019-08-29 08:31:37,108 [main] INFO  segmented.SegmentedRaftLogWorker (SegmentedRaftLogWorker.java:close(228)) - b7500143-f2c4-48ed-bac6-0cd36d85de29-SegmentedRaftLogWorker:Storage Directory /workdir/hadoop-ozone/integration-test/target/test-dir/MiniOzoneClusterImpl-8c07e826-c47b-4931-987d-73ac2cd5ddca/datanode-5/data/ratis/3a3886c3-8a5a-49d5-90a7-ba22a22325ce close()
2019-08-29 08:31:37,110 [main] INFO  server.GrpcService (GrpcService.java:closeImpl(155)) - b7500143-f2c4-48ed-bac6-0cd36d85de29: shutdown server with port 33184 now
2019-08-29 08:31:37,110 [main] INFO  server.GrpcService (GrpcService.java:closeImpl(163)) - b7500143-f2c4-48ed-bac6-0cd36d85de29: shutdown server with port 33184 successfully
2019-08-29 08:31:37,112 [refreshUsed-/workdir/hadoop-ozone/integration-test/target/test-dir/MiniOzoneClusterImpl-8c07e826-c47b-4931-987d-73ac2cd5ddca/datanode-5/data/containers] WARN  fs.CachingGetSpaceUsed (CachingGetSpaceUsed.java:run(183)) - Thread Interrupted waiting to refresh disk information: sleep interrupted
2019-08-29 08:31:37,123 [main] INFO  utils.BackgroundService (BackgroundService.java:shutdown(148)) - Shutting down service BlockDeletingService
2019-08-29 08:31:37,125 [main] INFO  statemachine.DatanodeStateMachine (DatanodeStateMachine.java:stopDaemon(395)) - Ozone container server stopped.
2019-08-29 08:31:37,126 [main] INFO  handler.ContextHandler (ContextHandler.java:doStop(910)) - Stopped o.e.j.w.WebAppContext@641ed324{/,null,UNAVAILABLE}{/hddsDatanode}
2019-08-29 08:31:37,126 [main] INFO  server.AbstractConnector (AbstractConnector.java:doStop(318)) - Stopped ServerConnector@45984654{HTTP/1.1,[http/1.1]}{0.0.0.0:0}
2019-08-29 08:31:37,126 [main] INFO  handler.ContextHandler (ContextHandler.java:doStop(910)) - Stopped o.e.j.s.ServletContextHandler@3271ec2a{/static,jar:file:/home/user/.m2/repository/org/apache/hadoop/hadoop-hdds-container-service/0.5.0-SNAPSHOT/hadoop-hdds-container-service-0.5.0-SNAPSHOT.jar!/webapps/static,UNAVAILABLE}
2019-08-29 08:31:37,127 [main] INFO  handler.ContextHandler (ContextHandler.java:doStop(910)) - Stopped o.e.j.s.ServletContextHandler@394fb736{/logs,file:///workdir/hadoop-ozone/integration-test/target/log,UNAVAILABLE}
2019-08-29 08:31:37,127 [main] INFO  ozone.MiniOzoneClusterImpl (MiniOzoneClusterImpl.java:stop(339)) - Stopping the StorageContainerManager
2019-08-29 08:31:37,127 [main] INFO  server.StorageContainerManager (StorageContainerManager.java:stop(797)) - Stopping Replication Manager Service.
2019-08-29 08:31:37,128 [main] INFO  container.ReplicationManager (ReplicationManager.java:stop(193)) - Stopping Replication Monitor Thread.
2019-08-29 08:31:37,128 [main] INFO  server.StorageContainerManager (StorageContainerManager.java:stop(804)) - Stopping Lease Manager of the command watchers
2019-08-29 08:31:37,128 [main] INFO  server.StorageContainerManager (StorageContainerManager.java:stop(811)) - Stopping datanode service RPC server
2019-08-29 08:31:37,128 [main] INFO  server.SCMDatanodeProtocolServer (SCMDatanodeProtocolServer.java:stop(367)) - Stopping the RPC server for DataNodes
2019-08-29 08:31:37,128 [main] INFO  ipc.Server (Server.java:stop(3082)) - Stopping server on 35577
2019-08-29 08:31:37,130 [IPC Server listener on 35577] INFO  ipc.Server (Server.java:run(1185)) - Stopping IPC Server listener on 35577
2019-08-29 08:31:37,130 [IPC Server Responder] INFO  ipc.Server (Server.java:run(1319)) - Stopping IPC Server Responder
2019-08-29 08:31:37,154 [SCM Heartbeat Processing Thread - 0] WARN  node.NodeStateManager (NodeStateManager.java:scheduleNextHealthCheck(646)) - Current Thread is interrupted, shutting down HB processing thread for Node Manager.
2019-08-29 08:31:37,154 [main] INFO  server.StorageContainerManager (StorageContainerManager.java:stop(819)) - Stopping block service RPC server
2019-08-29 08:31:37,154 [main] INFO  server.SCMBlockProtocolServer (SCMBlockProtocolServer.java:stop(148)) - Stopping the RPC server for Block Protocol
2019-08-29 08:31:37,154 [main] INFO  ipc.Server (Server.java:stop(3082)) - Stopping server on 37524
2019-08-29 08:31:37,156 [IPC Server listener on 37524] INFO  ipc.Server (Server.java:run(1185)) - Stopping IPC Server listener on 37524
2019-08-29 08:31:37,156 [main] INFO  server.StorageContainerManager (StorageContainerManager.java:stop(826)) - Stopping the StorageContainerLocationProtocol RPC server
2019-08-29 08:31:37,156 [IPC Server Responder] INFO  ipc.Server (Server.java:run(1319)) - Stopping IPC Server Responder
2019-08-29 08:31:37,157 [main] INFO  server.SCMClientProtocolServer (SCMClientProtocolServer.java:stop(159)) - Stopping the RPC server for Client Protocol
2019-08-29 08:31:37,158 [main] INFO  ipc.Server (Server.java:stop(3082)) - Stopping server on 41546
2019-08-29 08:31:37,159 [main] INFO  server.StorageContainerManager (StorageContainerManager.java:stop(833)) - Stopping Storage Container Manager HTTP server.
2019-08-29 08:31:37,159 [IPC Server Responder] INFO  ipc.Server (Server.java:run(1319)) - Stopping IPC Server Responder
2019-08-29 08:31:37,160 [IPC Server listener on 41546] INFO  ipc.Server (Server.java:run(1185)) - Stopping IPC Server listener on 41546
2019-08-29 08:31:37,160 [main] INFO  handler.ContextHandler (ContextHandler.java:doStop(910)) - Stopped o.e.j.w.WebAppContext@33bdd01{/,null,UNAVAILABLE}{/scm}
2019-08-29 08:31:37,161 [main] INFO  server.AbstractConnector (AbstractConnector.java:doStop(318)) - Stopped ServerConnector@159ac15f{HTTP/1.1,[http/1.1]}{0.0.0.0:0}
2019-08-29 08:31:37,162 [main] INFO  handler.ContextHandler (ContextHandler.java:doStop(910)) - Stopped o.e.j.s.ServletContextHandler@5e2a6991{/static,file:///workdir/hadoop-ozone/integration-test/target/test-classes/webapps/static,UNAVAILABLE}
2019-08-29 08:31:37,162 [main] INFO  handler.ContextHandler (ContextHandler.java:doStop(910)) - Stopped o.e.j.s.ServletContextHandler@20a3e10c{/logs,file:///workdir/hadoop-ozone/integration-test/target/log,UNAVAILABLE}
2019-08-29 08:31:37,163 [main] INFO  server.StorageContainerManager (StorageContainerManager.java:stop(844)) - Stopping Block Manager Service.
2019-08-29 08:31:37,164 [main] INFO  utils.BackgroundService (BackgroundService.java:shutdown(148)) - Shutting down service SCMBlockDeletingService
2019-08-29 08:31:37,164 [main] INFO  utils.BackgroundService (BackgroundService.java:shutdown(148)) - Shutting down service SCMBlockDeletingService
2019-08-29 08:31:37,164 [main] INFO  server.StorageContainerManager (StorageContainerManager.java:stop(866)) - Stopping SCM Event Queue.
2019-08-29 08:31:37,167 [main] INFO  impl.MetricsSystemImpl (MetricsSystemImpl.java:stop(210)) - Stopping HddsDatanode metrics system...
2019-08-29 08:31:37,176 [main] INFO  impl.MetricsSystemImpl (MetricsSystemImpl.java:stop(216)) - HddsDatanode metrics system stopped.
]]></system-out>
  </testcase>
  <testcase name="testWatchForCommitWithCloseContainerException" classname="org.apache.hadoop.ozone.client.rpc.TestBlockOutputStreamWithFailures" time="35.29"/>
  <testcase name="testExceptionDuringClose" classname="org.apache.hadoop.ozone.client.rpc.TestBlockOutputStreamWithFailures" time="33.76"/>
</testsuite>