<?xml version="1.0" encoding="UTF-8"?>
<testsuite xmlns:xsi="http://www.w3.org/2001/XMLSchema-instance" xsi:noNamespaceSchemaLocation="https://maven.apache.org/surefire/maven-surefire-plugin/xsd/surefire-test-report.xsd" name="org.apache.hadoop.ozone.client.rpc.TestCloseContainerHandlingByClient" time="126.531" tests="8" errors="7" skipped="1" failures="0">
  <properties>
    <property name="awt.toolkit" value="sun.awt.X11.XToolkit"/>
    <property name="file.encoding.pkg" value="sun.io"/>
    <property name="java.specification.version" value="1.8"/>
    <property name="sun.cpu.isalist" value=""/>
    <property name="sun.jnu.encoding" value="UTF-8"/>
    <property name="java.class.path" value="/workdir/hadoop-ozone/integration-test/target/test-classes:/workdir/hadoop-ozone/integration-test/target/classes:/home/user/.m2/repository/org/apache/hadoop/hadoop-ozone-common/0.5.0-SNAPSHOT/hadoop-ozone-common-0.5.0-SNAPSHOT.jar:/home/user/.m2/repository/org/apache/commons/commons-compress/1.4.1/commons-compress-1.4.1.jar:/home/user/.m2/repository/org/tukaani/xz/1.0/xz-1.0.jar:/home/user/.m2/repository/org/apache/hadoop/hadoop-common/3.2.0/hadoop-common-3.2.0.jar:/home/user/.m2/repository/org/apache/hadoop/hadoop-hdfs/3.2.0/hadoop-hdfs-3.2.0.jar:/home/user/.m2/repository/org/apache/hadoop/hadoop-hdfs-client/3.2.0/hadoop-hdfs-client-3.2.0.jar:/home/user/.m2/repository/com/fasterxml/jackson/core/jackson-annotations/2.9.5/jackson-annotations-2.9.5.jar:/home/user/.m2/repository/org/apache/hadoop/hadoop-hdds-common/0.5.0-SNAPSHOT/hadoop-hdds-common-0.5.0-SNAPSHOT.jar:/home/user/.m2/repository/javax/annotation/javax.annotation-api/1.2/javax.annotation-api-1.2.jar:/home/user/.m2/repository/org/apache/ratis/ratis-server/0.4.0-2337318-SNAPSHOT/ratis-server-0.4.0-2337318-SNAPSHOT.jar:/home/user/.m2/repository/org/apache/ratis/ratis-thirdparty-misc/0.2.0/ratis-thirdparty-misc-0.2.0.jar:/home/user/.m2/repository/org/apache/ratis/ratis-proto/0.4.0-2337318-SNAPSHOT/ratis-proto-0.4.0-2337318-SNAPSHOT.jar:/home/user/.m2/repository/org/apache/ratis/ratis-common/0.4.0-2337318-SNAPSHOT/ratis-common-0.4.0-2337318-SNAPSHOT.jar:/home/user/.m2/repository/org/apache/ratis/ratis-client/0.4.0-2337318-SNAPSHOT/ratis-client-0.4.0-2337318-SNAPSHOT.jar:/home/user/.m2/repository/org/apache/ratis/ratis-metrics/0.4.0-2337318-SNAPSHOT/ratis-metrics-0.4.0-2337318-SNAPSHOT.jar:/home/user/.m2/repository/org/apache/ratis/ratis-netty/0.4.0-2337318-SNAPSHOT/ratis-netty-0.4.0-2337318-SNAPSHOT.jar:/home/user/.m2/repository/org/apache/ratis/ratis-grpc/0.4.0-2337318-SNAPSHOT/ratis-grpc-0.4.0-2337318-SNAPSHOT.jar:/home/user/.m2/repository/org/rocksdb/rocksdbjni/6.0.1/rocksdbjni-6.0.1.jar:/home/user/.m2/repository/org/apache/logging/log4j/log4j-api/2.11.0/log4j-api-2.11.0.jar:/home/user/.m2/repository/org/apache/logging/log4j/log4j-core/2.11.0/log4j-core-2.11.0.jar:/home/user/.m2/repository/com/lmax/disruptor/3.4.2/disruptor-3.4.2.jar:/home/user/.m2/repository/org/apache/commons/commons-pool2/2.6.0/commons-pool2-2.6.0.jar:/home/user/.m2/repository/org/bouncycastle/bcpkix-jdk15on/1.60/bcpkix-jdk15on-1.60.jar:/home/user/.m2/repository/commons-validator/commons-validator/1.6/commons-validator-1.6.jar:/home/user/.m2/repository/commons-digester/commons-digester/1.8.1/commons-digester-1.8.1.jar:/home/user/.m2/repository/io/jaegertracing/jaeger-client/0.33.1/jaeger-client-0.33.1.jar:/home/user/.m2/repository/io/jaegertracing/jaeger-thrift/0.33.1/jaeger-thrift-0.33.1.jar:/home/user/.m2/repository/org/apache/thrift/libthrift/0.11.0/libthrift-0.11.0.jar:/home/user/.m2/repository/com/squareup/okhttp3/okhttp/3.9.0/okhttp-3.9.0.jar:/home/user/.m2/repository/com/squareup/okio/okio/1.13.0/okio-1.13.0.jar:/home/user/.m2/repository/io/jaegertracing/jaeger-core/0.33.1/jaeger-core-0.33.1.jar:/home/user/.m2/repository/io/jaegertracing/jaeger-tracerresolver/0.33.1/jaeger-tracerresolver-0.33.1.jar:/home/user/.m2/repository/io/opentracing/contrib/opentracing-tracerresolver/0.1.5/opentracing-tracerresolver-0.1.5.jar:/home/user/.m2/repository/io/opentracing/opentracing-util/0.31.0/opentracing-util-0.31.0.jar:/home/user/.m2/repository/io/opentracing/opentracing-api/0.31.0/opentracing-api-0.31.0.jar:/home/user/.m2/repository/io/opentracing/opentracing-noop/0.31.0/opentracing-noop-0.31.0.jar:/home/user/.m2/repository/org/apache/hadoop/hadoop-hdds-server-framework/0.5.0-SNAPSHOT/hadoop-hdds-server-framework-0.5.0-SNAPSHOT.jar:/home/user/.m2/repository/org/apache/hadoop/hadoop-hdds-container-service/0.5.0-SNAPSHOT/hadoop-hdds-container-service-0.5.0-SNAPSHOT.jar:/home/user/.m2/repository/org/apache/hadoop/hadoop-hdds-client/0.5.0-SNAPSHOT/hadoop-hdds-client-0.5.0-SNAPSHOT.jar:/home/user/.m2/repository/org/apache/hadoop/hadoop-hdds-tools/0.5.0-SNAPSHOT/hadoop-hdds-tools-0.5.0-SNAPSHOT.jar:/home/user/.m2/repository/org/apache/hadoop/hadoop-hdds-server-scm/0.5.0-SNAPSHOT/hadoop-hdds-server-scm-0.5.0-SNAPSHOT.jar:/home/user/.m2/repository/org/apache/hadoop/hadoop-hdds-docs/0.5.0-SNAPSHOT/hadoop-hdds-docs-0.5.0-SNAPSHOT.jar:/home/user/.m2/repository/io/dropwizard/metrics/metrics-core/3.2.4/metrics-core-3.2.4.jar:/home/user/.m2/repository/org/hamcrest/hamcrest-all/1.3/hamcrest-all-1.3.jar:/home/user/.m2/repository/org/bouncycastle/bcprov-jdk15on/1.60/bcprov-jdk15on-1.60.jar:/home/user/.m2/repository/info/picocli/picocli/3.9.6/picocli-3.9.6.jar:/home/user/.m2/repository/com/google/protobuf/protobuf-java/2.5.0/protobuf-java-2.5.0.jar:/home/user/.m2/repository/com/google/guava/guava/11.0.2/guava-11.0.2.jar:/home/user/.m2/repository/org/apache/hadoop/hadoop-ozone-ozone-manager/0.5.0-SNAPSHOT/hadoop-ozone-ozone-manager-0.5.0-SNAPSHOT.jar:/home/user/.m2/repository/org/apache/hadoop/hadoop-minikdc/3.2.0/hadoop-minikdc-3.2.0.jar:/home/user/.m2/repository/commons-io/commons-io/2.5/commons-io-2.5.jar:/home/user/.m2/repository/org/apache/kerby/kerb-simplekdc/1.0.1/kerb-simplekdc-1.0.1.jar:/home/user/.m2/repository/org/apache/kerby/kerb-client/1.0.1/kerb-client-1.0.1.jar:/home/user/.m2/repository/org/apache/kerby/kerby-config/1.0.1/kerby-config-1.0.1.jar:/home/user/.m2/repository/org/apache/kerby/kerb-core/1.0.1/kerb-core-1.0.1.jar:/home/user/.m2/repository/org/apache/kerby/kerby-pkix/1.0.1/kerby-pkix-1.0.1.jar:/home/user/.m2/repository/org/apache/kerby/kerby-asn1/1.0.1/kerby-asn1-1.0.1.jar:/home/user/.m2/repository/org/apache/kerby/kerby-util/1.0.1/kerby-util-1.0.1.jar:/home/user/.m2/repository/org/apache/kerby/kerb-common/1.0.1/kerb-common-1.0.1.jar:/home/user/.m2/repository/org/apache/kerby/kerb-crypto/1.0.1/kerb-crypto-1.0.1.jar:/home/user/.m2/repository/org/apache/kerby/kerb-util/1.0.1/kerb-util-1.0.1.jar:/home/user/.m2/repository/org/apache/kerby/token-provider/1.0.1/token-provider-1.0.1.jar:/home/user/.m2/repository/org/apache/kerby/kerb-admin/1.0.1/kerb-admin-1.0.1.jar:/home/user/.m2/repository/org/apache/kerby/kerb-server/1.0.1/kerb-server-1.0.1.jar:/home/user/.m2/repository/org/apache/kerby/kerb-identity/1.0.1/kerb-identity-1.0.1.jar:/home/user/.m2/repository/org/apache/kerby/kerby-xdr/1.0.1/kerby-xdr-1.0.1.jar:/home/user/.m2/repository/org/slf4j/slf4j-log4j12/1.7.25/slf4j-log4j12-1.7.25.jar:/home/user/.m2/repository/org/apache/hadoop/hadoop-ozone-s3gateway/0.5.0-SNAPSHOT/hadoop-ozone-s3gateway-0.5.0-SNAPSHOT.jar:/home/user/.m2/repository/org/jboss/weld/servlet/weld-servlet/2.4.7.Final/weld-servlet-2.4.7.Final.jar:/home/user/.m2/repository/org/glassfish/jersey/containers/jersey-container-servlet-core/2.27/jersey-container-servlet-core-2.27.jar:/home/user/.m2/repository/org/glassfish/hk2/external/javax.inject/2.5.0-b42/javax.inject-2.5.0-b42.jar:/home/user/.m2/repository/org/glassfish/jersey/core/jersey-common/2.27/jersey-common-2.27.jar:/home/user/.m2/repository/org/glassfish/hk2/osgi-resource-locator/1.0.1/osgi-resource-locator-1.0.1.jar:/home/user/.m2/repository/javax/ws/rs/javax.ws.rs-api/2.1/javax.ws.rs-api-2.1.jar:/home/user/.m2/repository/org/glassfish/jersey/ext/cdi/jersey-cdi1x/2.27/jersey-cdi1x-2.27.jar:/home/user/.m2/repository/org/glassfish/jersey/inject/jersey-hk2/2.27/jersey-hk2-2.27.jar:/home/user/.m2/repository/org/glassfish/hk2/hk2-locator/2.5.0-b42/hk2-locator-2.5.0-b42.jar:/home/user/.m2/repository/org/javassist/javassist/3.22.0-CR2/javassist-3.22.0-CR2.jar:/home/user/.m2/repository/org/glassfish/hk2/hk2-api/2.5.0/hk2-api-2.5.0.jar:/home/user/.m2/repository/org/glassfish/hk2/external/jakarta.inject/2.5.0/jakarta.inject-2.5.0.jar:/home/user/.m2/repository/org/glassfish/hk2/hk2-utils/2.5.0/hk2-utils-2.5.0.jar:/home/user/.m2/repository/jakarta/annotation/jakarta.annotation-api/1.3.4/jakarta.annotation-api-1.3.4.jar:/home/user/.m2/repository/org/glassfish/hk2/external/aopalliance-repackaged/2.5.0/aopalliance-repackaged-2.5.0.jar:/home/user/.m2/repository/com/fasterxml/jackson/dataformat/jackson-dataformat-xml/2.9.0/jackson-dataformat-xml-2.9.0.jar:/home/user/.m2/repository/com/fasterxml/jackson/core/jackson-core/2.9.5/jackson-core-2.9.5.jar:/home/user/.m2/repository/com/fasterxml/jackson/module/jackson-module-jaxb-annotations/2.9.5/jackson-module-jaxb-annotations-2.9.5.jar:/home/user/.m2/repository/javax/enterprise/cdi-api/1.2/cdi-api-1.2.jar:/home/user/.m2/repository/javax/el/javax.el-api/3.0.0/javax.el-api-3.0.0.jar:/home/user/.m2/repository/javax/interceptor/javax.interceptor-api/1.2/javax.interceptor-api-1.2.jar:/home/user/.m2/repository/javax/inject/javax.inject/1/javax.inject-1.jar:/home/user/.m2/repository/com/sun/xml/bind/jaxb-impl/2.3.0.1/jaxb-impl-2.3.0.1.jar:/home/user/.m2/repository/com/sun/xml/bind/jaxb-core/2.3.0.1/jaxb-core-2.3.0.1.jar:/home/user/.m2/repository/javax/xml/bind/jaxb-api/2.3.0/jaxb-api-2.3.0.jar:/home/user/.m2/repository/javax/activation/activation/1.1.1/activation-1.1.1.jar:/home/user/.m2/repository/org/apache/hadoop/hadoop-ozone-csi/0.5.0-SNAPSHOT/hadoop-ozone-csi-0.5.0-SNAPSHOT.jar:/home/user/.m2/repository/com/google/protobuf/protobuf-java-util/3.5.1/protobuf-java-util-3.5.1.jar:/home/user/.m2/repository/org/apache/hadoop/hadoop-hdds-config/0.5.0-SNAPSHOT/hadoop-hdds-config-0.5.0-SNAPSHOT.jar:/home/user/.m2/repository/io/grpc/grpc-netty/1.17.1/grpc-netty-1.17.1.jar:/home/user/.m2/repository/io/grpc/grpc-core/1.17.1/grpc-core-1.17.1.jar:/home/user/.m2/repository/io/grpc/grpc-context/1.17.1/grpc-context-1.17.1.jar:/home/user/.m2/repository/com/google/errorprone/error_prone_annotations/2.2.0/error_prone_annotations-2.2.0.jar:/home/user/.m2/repository/org/codehaus/mojo/animal-sniffer-annotations/1.17/animal-sniffer-annotations-1.17.jar:/home/user/.m2/repository/io/opencensus/opencensus-api/0.17.0/opencensus-api-0.17.0.jar:/home/user/.m2/repository/io/opencensus/opencensus-contrib-grpc-metrics/0.17.0/opencensus-contrib-grpc-metrics-0.17.0.jar:/home/user/.m2/repository/io/netty/netty-codec-http2/4.1.30.Final/netty-codec-http2-4.1.30.Final.jar:/home/user/.m2/repository/io/netty/netty-codec-http/4.1.30.Final/netty-codec-http-4.1.30.Final.jar:/home/user/.m2/repository/io/netty/netty-codec/4.1.30.Final/netty-codec-4.1.30.Final.jar:/home/user/.m2/repository/io/netty/netty-handler/4.1.30.Final/netty-handler-4.1.30.Final.jar:/home/user/.m2/repository/io/netty/netty-handler-proxy/4.1.30.Final/netty-handler-proxy-4.1.30.Final.jar:/home/user/.m2/repository/io/netty/netty-codec-socks/4.1.30.Final/netty-codec-socks-4.1.30.Final.jar:/home/user/.m2/repository/io/netty/netty-transport-native-epoll/4.1.30.Final/netty-transport-native-epoll-4.1.30.Final.jar:/home/user/.m2/repository/io/netty/netty-common/4.1.30.Final/netty-common-4.1.30.Final.jar:/home/user/.m2/repository/io/netty/netty-buffer/4.1.30.Final/netty-buffer-4.1.30.Final.jar:/home/user/.m2/repository/io/netty/netty-transport/4.1.30.Final/netty-transport-4.1.30.Final.jar:/home/user/.m2/repository/io/netty/netty-resolver/4.1.30.Final/netty-resolver-4.1.30.Final.jar:/home/user/.m2/repository/io/netty/netty-transport-native-unix-common/4.1.30.Final/netty-transport-native-unix-common-4.1.30.Final.jar:/home/user/.m2/repository/io/grpc/grpc-protobuf/1.17.1/grpc-protobuf-1.17.1.jar:/home/user/.m2/repository/com/google/api/grpc/proto-google-common-protos/1.0.0/proto-google-common-protos-1.0.0.jar:/home/user/.m2/repository/io/grpc/grpc-protobuf-lite/1.17.1/grpc-protobuf-lite-1.17.1.jar:/home/user/.m2/repository/io/grpc/grpc-stub/1.17.1/grpc-stub-1.17.1.jar:/home/user/.m2/repository/org/apache/hadoop/hadoop-ozone-recon/0.5.0-SNAPSHOT/hadoop-ozone-recon-0.5.0-SNAPSHOT.jar:/home/user/.m2/repository/org/apache/hadoop/hadoop-ozone-reconcodegen/0.5.0-SNAPSHOT/hadoop-ozone-reconcodegen-0.5.0-SNAPSHOT.jar:/home/user/.m2/repository/com/google/inject/extensions/guice-multibindings/4.0/guice-multibindings-4.0.jar:/home/user/.m2/repository/com/google/inject/guice/4.0/guice-4.0.jar:/home/user/.m2/repository/aopalliance/aopalliance/1.0/aopalliance-1.0.jar:/home/user/.m2/repository/com/google/inject/extensions/guice-servlet/4.0/guice-servlet-4.0.jar:/home/user/.m2/repository/org/glassfish/jersey/containers/jersey-container-servlet/2.27/jersey-container-servlet-2.27.jar:/home/user/.m2/repository/org/glassfish/hk2/guice-bridge/2.5.0/guice-bridge-2.5.0.jar:/home/user/.m2/repository/org/glassfish/jersey/core/jersey-server/2.27/jersey-server-2.27.jar:/home/user/.m2/repository/org/glassfish/jersey/core/jersey-client/2.27/jersey-client-2.27.jar:/home/user/.m2/repository/org/glassfish/jersey/media/jersey-media-jaxb/2.27/jersey-media-jaxb-2.27.jar:/home/user/.m2/repository/javax/validation/validation-api/1.1.0.Final/validation-api-1.1.0.Final.jar:/home/user/.m2/repository/org/glassfish/jersey/media/jersey-media-json-jackson/2.27/jersey-media-json-jackson-2.27.jar:/home/user/.m2/repository/org/glassfish/jersey/ext/jersey-entity-filtering/2.27/jersey-entity-filtering-2.27.jar:/home/user/.m2/repository/com/google/inject/extensions/guice-assistedinject/4.0/guice-assistedinject-4.0.jar:/home/user/.m2/repository/org/jooq/jooq/3.11.10/jooq-3.11.10.jar:/home/user/.m2/repository/org/jooq/jooq-meta/3.11.10/jooq-meta-3.11.10.jar:/home/user/.m2/repository/org/jooq/jooq-codegen/3.11.10/jooq-codegen-3.11.10.jar:/home/user/.m2/repository/com/jolbox/bonecp/0.8.0.RELEASE/bonecp-0.8.0.RELEASE.jar:/home/user/.m2/repository/org/xerial/sqlite-jdbc/3.25.2/sqlite-jdbc-3.25.2.jar:/home/user/.m2/repository/org/springframework/spring-jdbc/5.1.3.RELEASE/spring-jdbc-5.1.3.RELEASE.jar:/home/user/.m2/repository/org/springframework/spring-beans/5.1.3.RELEASE/spring-beans-5.1.3.RELEASE.jar:/home/user/.m2/repository/org/springframework/spring-core/5.1.3.RELEASE/spring-core-5.1.3.RELEASE.jar:/home/user/.m2/repository/org/springframework/spring-jcl/5.1.3.RELEASE/spring-jcl-5.1.3.RELEASE.jar:/home/user/.m2/repository/org/springframework/spring-tx/5.1.3.RELEASE/spring-tx-5.1.3.RELEASE.jar:/home/user/.m2/repository/org/apache/hadoop/hadoop-ozone-client/0.5.0-SNAPSHOT/hadoop-ozone-client-0.5.0-SNAPSHOT.jar:/home/user/.m2/repository/commons-lang/commons-lang/2.6/commons-lang-2.6.jar:/home/user/.m2/repository/org/apache/hadoop/hadoop-ozone-ozone-manager/0.5.0-SNAPSHOT/hadoop-ozone-ozone-manager-0.5.0-SNAPSHOT-tests.jar:/home/user/.m2/repository/junit/junit/4.11/junit-4.11.jar:/home/user/.m2/repository/org/hamcrest/hamcrest-core/1.3/hamcrest-core-1.3.jar:/home/user/.m2/repository/org/openjdk/jmh/jmh-core/1.19/jmh-core-1.19.jar:/home/user/.m2/repository/net/sf/jopt-simple/jopt-simple/4.6/jopt-simple-4.6.jar:/home/user/.m2/repository/org/apache/commons/commons-math3/3.1.1/commons-math3-3.1.1.jar:/home/user/.m2/repository/org/openjdk/jmh/jmh-generator-annprocess/1.19/jmh-generator-annprocess-1.19.jar:/home/user/.m2/repository/org/mockito/mockito-all/1.8.5/mockito-all-1.8.5.jar:/home/user/.m2/repository/org/apache/hadoop/hadoop-kms/3.2.0/hadoop-kms-3.2.0.jar:/home/user/.m2/repository/org/apache/hadoop/hadoop-auth/3.2.0/hadoop-auth-3.2.0.jar:/home/user/.m2/repository/com/nimbusds/nimbus-jose-jwt/4.41.1/nimbus-jose-jwt-4.41.1.jar:/home/user/.m2/repository/com/github/stephenc/jcip/jcip-annotations/1.0-1/jcip-annotations-1.0-1.jar:/home/user/.m2/repository/net/minidev/json-smart/2.3/json-smart-2.3.jar:/home/user/.m2/repository/net/minidev/accessors-smart/1.2/accessors-smart-1.2.jar:/home/user/.m2/repository/org/ow2/asm/asm/5.0.4/asm-5.0.4.jar:/home/user/.m2/repository/org/apache/curator/curator-framework/2.12.0/curator-framework-2.12.0.jar:/home/user/.m2/repository/com/sun/jersey/jersey-core/1.19/jersey-core-1.19.jar:/home/user/.m2/repository/javax/ws/rs/jsr311-api/1.1.1/jsr311-api-1.1.1.jar:/home/user/.m2/repository/com/sun/jersey/jersey-server/1.19/jersey-server-1.19.jar:/home/user/.m2/repository/javax/servlet/javax.servlet-api/3.1.0/javax.servlet-api-3.1.0.jar:/home/user/.m2/repository/org/eclipse/jetty/jetty-server/9.3.24.v20180605/jetty-server-9.3.24.v20180605.jar:/home/user/.m2/repository/org/eclipse/jetty/jetty-http/9.3.24.v20180605/jetty-http-9.3.24.v20180605.jar:/home/user/.m2/repository/org/eclipse/jetty/jetty-io/9.3.24.v20180605/jetty-io-9.3.24.v20180605.jar:/home/user/.m2/repository/org/eclipse/jetty/jetty-webapp/9.3.24.v20180605/jetty-webapp-9.3.24.v20180605.jar:/home/user/.m2/repository/org/eclipse/jetty/jetty-xml/9.3.24.v20180605/jetty-xml-9.3.24.v20180605.jar:/home/user/.m2/repository/log4j/log4j/1.2.17/log4j-1.2.17.jar:/home/user/.m2/repository/org/slf4j/slf4j-api/1.7.25/slf4j-api-1.7.25.jar:/home/user/.m2/repository/org/slf4j/jul-to-slf4j/1.7.25/jul-to-slf4j-1.7.25.jar:/home/user/.m2/repository/org/eclipse/jetty/jetty-util/9.3.24.v20180605/jetty-util-9.3.24.v20180605.jar:/home/user/.m2/repository/com/fasterxml/jackson/core/jackson-databind/2.9.5/jackson-databind-2.9.5.jar:/home/user/.m2/repository/org/apache/hadoop/hadoop-kms/3.2.0/hadoop-kms-3.2.0-tests.jar:/home/user/.m2/repository/org/apache/hadoop/hadoop-hdds-server-scm/0.5.0-SNAPSHOT/hadoop-hdds-server-scm-0.5.0-SNAPSHOT-tests.jar:/home/user/.m2/repository/org/apache/hadoop/hadoop-hdds-container-service/0.5.0-SNAPSHOT/hadoop-hdds-container-service-0.5.0-SNAPSHOT-tests.jar:/home/user/.m2/repository/org/yaml/snakeyaml/1.16/snakeyaml-1.16.jar:/home/user/.m2/repository/org/apache/hadoop/hadoop-common/3.2.0/hadoop-common-3.2.0-tests.jar:/home/user/.m2/repository/org/apache/hadoop/hadoop-annotations/3.2.0/hadoop-annotations-3.2.0.jar:/usr/lib/jvm/java-1.8-openjdk/jre/../lib/tools.jar:/home/user/.m2/repository/commons-cli/commons-cli/1.2/commons-cli-1.2.jar:/home/user/.m2/repository/org/apache/httpcomponents/httpclient/4.5.2/httpclient-4.5.2.jar:/home/user/.m2/repository/org/apache/httpcomponents/httpcore/4.4.4/httpcore-4.4.4.jar:/home/user/.m2/repository/commons-codec/commons-codec/1.11/commons-codec-1.11.jar:/home/user/.m2/repository/commons-net/commons-net/3.6/commons-net-3.6.jar:/home/user/.m2/repository/commons-collections/commons-collections/3.2.2/commons-collections-3.2.2.jar:/home/user/.m2/repository/org/eclipse/jetty/jetty-servlet/9.3.24.v20180605/jetty-servlet-9.3.24.v20180605.jar:/home/user/.m2/repository/org/eclipse/jetty/jetty-security/9.3.24.v20180605/jetty-security-9.3.24.v20180605.jar:/home/user/.m2/repository/javax/servlet/jsp/jsp-api/2.1/jsp-api-2.1.jar:/home/user/.m2/repository/com/sun/jersey/jersey-servlet/1.19/jersey-servlet-1.19.jar:/home/user/.m2/repository/com/sun/jersey/jersey-json/1.19/jersey-json-1.19.jar:/home/user/.m2/repository/org/codehaus/jettison/jettison/1.1/jettison-1.1.jar:/home/user/.m2/repository/org/codehaus/jackson/jackson-core-asl/1.9.13/jackson-core-asl-1.9.13.jar:/home/user/.m2/repository/org/codehaus/jackson/jackson-mapper-asl/1.9.13/jackson-mapper-asl-1.9.13.jar:/home/user/.m2/repository/org/codehaus/jackson/jackson-jaxrs/1.9.13/jackson-jaxrs-1.9.13.jar:/home/user/.m2/repository/org/codehaus/jackson/jackson-xc/1.9.13/jackson-xc-1.9.13.jar:/home/user/.m2/repository/commons-logging/commons-logging/1.1.3/commons-logging-1.1.3.jar:/home/user/.m2/repository/commons-beanutils/commons-beanutils/1.9.3/commons-beanutils-1.9.3.jar:/home/user/.m2/repository/org/apache/commons/commons-configuration2/2.1.1/commons-configuration2-2.1.1.jar:/home/user/.m2/repository/org/apache/commons/commons-lang3/3.7/commons-lang3-3.7.jar:/home/user/.m2/repository/org/apache/commons/commons-text/1.4/commons-text-1.4.jar:/home/user/.m2/repository/org/apache/avro/avro/1.7.7/avro-1.7.7.jar:/home/user/.m2/repository/com/thoughtworks/paranamer/paranamer/2.3/paranamer-2.3.jar:/home/user/.m2/repository/org/xerial/snappy/snappy-java/1.0.5/snappy-java-1.0.5.jar:/home/user/.m2/repository/com/google/re2j/re2j/1.1/re2j-1.1.jar:/home/user/.m2/repository/com/google/code/gson/gson/2.2.4/gson-2.2.4.jar:/home/user/.m2/repository/com/jcraft/jsch/0.1.54/jsch-0.1.54.jar:/home/user/.m2/repository/org/apache/curator/curator-client/2.12.0/curator-client-2.12.0.jar:/home/user/.m2/repository/org/apache/curator/curator-recipes/2.12.0/curator-recipes-2.12.0.jar:/home/user/.m2/repository/com/google/code/findbugs/jsr305/3.0.0/jsr305-3.0.0.jar:/home/user/.m2/repository/org/apache/htrace/htrace-core4/4.1.0-incubating/htrace-core4-4.1.0-incubating.jar:/home/user/.m2/repository/org/apache/zookeeper/zookeeper/3.4.13/zookeeper-3.4.13.jar:/home/user/.m2/repository/org/apache/yetus/audience-annotations/0.5.0/audience-annotations-0.5.0.jar:/home/user/.m2/repository/org/codehaus/woodstox/stax2-api/3.1.4/stax2-api-3.1.4.jar:/home/user/.m2/repository/com/fasterxml/woodstox/woodstox-core/5.0.3/woodstox-core-5.0.3.jar:/home/user/.m2/repository/dnsjava/dnsjava/2.1.7/dnsjava-2.1.7.jar:/home/user/.m2/repository/org/apache/hadoop/hadoop-hdfs/3.2.0/hadoop-hdfs-3.2.0-tests.jar:/home/user/.m2/repository/org/eclipse/jetty/jetty-util-ajax/9.3.24.v20180605/jetty-util-ajax-9.3.24.v20180605.jar:/home/user/.m2/repository/commons-daemon/commons-daemon/1.0.13/commons-daemon-1.0.13.jar:/home/user/.m2/repository/io/netty/netty/3.10.5.Final/netty-3.10.5.Final.jar:/home/user/.m2/repository/io/netty/netty-all/4.0.52.Final/netty-all-4.0.52.Final.jar:/home/user/.m2/repository/org/fusesource/leveldbjni/leveldbjni-all/1.8/leveldbjni-all-1.8.jar:"/>
    <property name="java.vm.vendor" value="IcedTea"/>
    <property name="sun.arch.data.model" value="64"/>
    <property name="test.build.dir" value="/workdir/hadoop-ozone/integration-test/target/test-dir"/>
    <property name="test.cache.data" value=""/>
    <property name="java.vendor.url" value="https://icedtea.classpath.org"/>
    <property name="user.timezone" value=""/>
    <property name="java.vm.specification.version" value="1.8"/>
    <property name="os.name" value="Linux"/>
    <property name="test.build.data" value="/workdir/hadoop-ozone/integration-test/target/test-dir"/>
    <property name="user.country" value="US"/>
    <property name="sun.java.launcher" value="SUN_STANDARD"/>
    <property name="sun.boot.library.path" value="/usr/lib/jvm/java-1.8-openjdk/jre/lib/amd64"/>
    <property name="sun.java.command" value="/workdir/hadoop-ozone/integration-test/target/surefire/surefirebooter3999767599897283049.jar /workdir/hadoop-ozone/integration-test/target/surefire 2019-08-29T07-52-49_054-jvmRun1 surefire8292089142637331607tmp surefire_293605633065237241943tmp"/>
    <property name="test" value="!TestMiniChaosOzoneCluster"/>
    <property name="surefire.test.class.path" value="/workdir/hadoop-ozone/integration-test/target/test-classes:/workdir/hadoop-ozone/integration-test/target/classes:/home/user/.m2/repository/org/apache/hadoop/hadoop-ozone-common/0.5.0-SNAPSHOT/hadoop-ozone-common-0.5.0-SNAPSHOT.jar:/home/user/.m2/repository/org/apache/commons/commons-compress/1.4.1/commons-compress-1.4.1.jar:/home/user/.m2/repository/org/tukaani/xz/1.0/xz-1.0.jar:/home/user/.m2/repository/org/apache/hadoop/hadoop-common/3.2.0/hadoop-common-3.2.0.jar:/home/user/.m2/repository/org/apache/hadoop/hadoop-hdfs/3.2.0/hadoop-hdfs-3.2.0.jar:/home/user/.m2/repository/org/apache/hadoop/hadoop-hdfs-client/3.2.0/hadoop-hdfs-client-3.2.0.jar:/home/user/.m2/repository/com/fasterxml/jackson/core/jackson-annotations/2.9.5/jackson-annotations-2.9.5.jar:/home/user/.m2/repository/org/apache/hadoop/hadoop-hdds-common/0.5.0-SNAPSHOT/hadoop-hdds-common-0.5.0-SNAPSHOT.jar:/home/user/.m2/repository/javax/annotation/javax.annotation-api/1.2/javax.annotation-api-1.2.jar:/home/user/.m2/repository/org/apache/ratis/ratis-server/0.4.0-2337318-SNAPSHOT/ratis-server-0.4.0-2337318-SNAPSHOT.jar:/home/user/.m2/repository/org/apache/ratis/ratis-thirdparty-misc/0.2.0/ratis-thirdparty-misc-0.2.0.jar:/home/user/.m2/repository/org/apache/ratis/ratis-proto/0.4.0-2337318-SNAPSHOT/ratis-proto-0.4.0-2337318-SNAPSHOT.jar:/home/user/.m2/repository/org/apache/ratis/ratis-common/0.4.0-2337318-SNAPSHOT/ratis-common-0.4.0-2337318-SNAPSHOT.jar:/home/user/.m2/repository/org/apache/ratis/ratis-client/0.4.0-2337318-SNAPSHOT/ratis-client-0.4.0-2337318-SNAPSHOT.jar:/home/user/.m2/repository/org/apache/ratis/ratis-metrics/0.4.0-2337318-SNAPSHOT/ratis-metrics-0.4.0-2337318-SNAPSHOT.jar:/home/user/.m2/repository/org/apache/ratis/ratis-netty/0.4.0-2337318-SNAPSHOT/ratis-netty-0.4.0-2337318-SNAPSHOT.jar:/home/user/.m2/repository/org/apache/ratis/ratis-grpc/0.4.0-2337318-SNAPSHOT/ratis-grpc-0.4.0-2337318-SNAPSHOT.jar:/home/user/.m2/repository/org/rocksdb/rocksdbjni/6.0.1/rocksdbjni-6.0.1.jar:/home/user/.m2/repository/org/apache/logging/log4j/log4j-api/2.11.0/log4j-api-2.11.0.jar:/home/user/.m2/repository/org/apache/logging/log4j/log4j-core/2.11.0/log4j-core-2.11.0.jar:/home/user/.m2/repository/com/lmax/disruptor/3.4.2/disruptor-3.4.2.jar:/home/user/.m2/repository/org/apache/commons/commons-pool2/2.6.0/commons-pool2-2.6.0.jar:/home/user/.m2/repository/org/bouncycastle/bcpkix-jdk15on/1.60/bcpkix-jdk15on-1.60.jar:/home/user/.m2/repository/commons-validator/commons-validator/1.6/commons-validator-1.6.jar:/home/user/.m2/repository/commons-digester/commons-digester/1.8.1/commons-digester-1.8.1.jar:/home/user/.m2/repository/io/jaegertracing/jaeger-client/0.33.1/jaeger-client-0.33.1.jar:/home/user/.m2/repository/io/jaegertracing/jaeger-thrift/0.33.1/jaeger-thrift-0.33.1.jar:/home/user/.m2/repository/org/apache/thrift/libthrift/0.11.0/libthrift-0.11.0.jar:/home/user/.m2/repository/com/squareup/okhttp3/okhttp/3.9.0/okhttp-3.9.0.jar:/home/user/.m2/repository/com/squareup/okio/okio/1.13.0/okio-1.13.0.jar:/home/user/.m2/repository/io/jaegertracing/jaeger-core/0.33.1/jaeger-core-0.33.1.jar:/home/user/.m2/repository/io/jaegertracing/jaeger-tracerresolver/0.33.1/jaeger-tracerresolver-0.33.1.jar:/home/user/.m2/repository/io/opentracing/contrib/opentracing-tracerresolver/0.1.5/opentracing-tracerresolver-0.1.5.jar:/home/user/.m2/repository/io/opentracing/opentracing-util/0.31.0/opentracing-util-0.31.0.jar:/home/user/.m2/repository/io/opentracing/opentracing-api/0.31.0/opentracing-api-0.31.0.jar:/home/user/.m2/repository/io/opentracing/opentracing-noop/0.31.0/opentracing-noop-0.31.0.jar:/home/user/.m2/repository/org/apache/hadoop/hadoop-hdds-server-framework/0.5.0-SNAPSHOT/hadoop-hdds-server-framework-0.5.0-SNAPSHOT.jar:/home/user/.m2/repository/org/apache/hadoop/hadoop-hdds-container-service/0.5.0-SNAPSHOT/hadoop-hdds-container-service-0.5.0-SNAPSHOT.jar:/home/user/.m2/repository/org/apache/hadoop/hadoop-hdds-client/0.5.0-SNAPSHOT/hadoop-hdds-client-0.5.0-SNAPSHOT.jar:/home/user/.m2/repository/org/apache/hadoop/hadoop-hdds-tools/0.5.0-SNAPSHOT/hadoop-hdds-tools-0.5.0-SNAPSHOT.jar:/home/user/.m2/repository/org/apache/hadoop/hadoop-hdds-server-scm/0.5.0-SNAPSHOT/hadoop-hdds-server-scm-0.5.0-SNAPSHOT.jar:/home/user/.m2/repository/org/apache/hadoop/hadoop-hdds-docs/0.5.0-SNAPSHOT/hadoop-hdds-docs-0.5.0-SNAPSHOT.jar:/home/user/.m2/repository/io/dropwizard/metrics/metrics-core/3.2.4/metrics-core-3.2.4.jar:/home/user/.m2/repository/org/hamcrest/hamcrest-all/1.3/hamcrest-all-1.3.jar:/home/user/.m2/repository/org/bouncycastle/bcprov-jdk15on/1.60/bcprov-jdk15on-1.60.jar:/home/user/.m2/repository/info/picocli/picocli/3.9.6/picocli-3.9.6.jar:/home/user/.m2/repository/com/google/protobuf/protobuf-java/2.5.0/protobuf-java-2.5.0.jar:/home/user/.m2/repository/com/google/guava/guava/11.0.2/guava-11.0.2.jar:/home/user/.m2/repository/org/apache/hadoop/hadoop-ozone-ozone-manager/0.5.0-SNAPSHOT/hadoop-ozone-ozone-manager-0.5.0-SNAPSHOT.jar:/home/user/.m2/repository/org/apache/hadoop/hadoop-minikdc/3.2.0/hadoop-minikdc-3.2.0.jar:/home/user/.m2/repository/commons-io/commons-io/2.5/commons-io-2.5.jar:/home/user/.m2/repository/org/apache/kerby/kerb-simplekdc/1.0.1/kerb-simplekdc-1.0.1.jar:/home/user/.m2/repository/org/apache/kerby/kerb-client/1.0.1/kerb-client-1.0.1.jar:/home/user/.m2/repository/org/apache/kerby/kerby-config/1.0.1/kerby-config-1.0.1.jar:/home/user/.m2/repository/org/apache/kerby/kerb-core/1.0.1/kerb-core-1.0.1.jar:/home/user/.m2/repository/org/apache/kerby/kerby-pkix/1.0.1/kerby-pkix-1.0.1.jar:/home/user/.m2/repository/org/apache/kerby/kerby-asn1/1.0.1/kerby-asn1-1.0.1.jar:/home/user/.m2/repository/org/apache/kerby/kerby-util/1.0.1/kerby-util-1.0.1.jar:/home/user/.m2/repository/org/apache/kerby/kerb-common/1.0.1/kerb-common-1.0.1.jar:/home/user/.m2/repository/org/apache/kerby/kerb-crypto/1.0.1/kerb-crypto-1.0.1.jar:/home/user/.m2/repository/org/apache/kerby/kerb-util/1.0.1/kerb-util-1.0.1.jar:/home/user/.m2/repository/org/apache/kerby/token-provider/1.0.1/token-provider-1.0.1.jar:/home/user/.m2/repository/org/apache/kerby/kerb-admin/1.0.1/kerb-admin-1.0.1.jar:/home/user/.m2/repository/org/apache/kerby/kerb-server/1.0.1/kerb-server-1.0.1.jar:/home/user/.m2/repository/org/apache/kerby/kerb-identity/1.0.1/kerb-identity-1.0.1.jar:/home/user/.m2/repository/org/apache/kerby/kerby-xdr/1.0.1/kerby-xdr-1.0.1.jar:/home/user/.m2/repository/org/slf4j/slf4j-log4j12/1.7.25/slf4j-log4j12-1.7.25.jar:/home/user/.m2/repository/org/apache/hadoop/hadoop-ozone-s3gateway/0.5.0-SNAPSHOT/hadoop-ozone-s3gateway-0.5.0-SNAPSHOT.jar:/home/user/.m2/repository/org/jboss/weld/servlet/weld-servlet/2.4.7.Final/weld-servlet-2.4.7.Final.jar:/home/user/.m2/repository/org/glassfish/jersey/containers/jersey-container-servlet-core/2.27/jersey-container-servlet-core-2.27.jar:/home/user/.m2/repository/org/glassfish/hk2/external/javax.inject/2.5.0-b42/javax.inject-2.5.0-b42.jar:/home/user/.m2/repository/org/glassfish/jersey/core/jersey-common/2.27/jersey-common-2.27.jar:/home/user/.m2/repository/org/glassfish/hk2/osgi-resource-locator/1.0.1/osgi-resource-locator-1.0.1.jar:/home/user/.m2/repository/javax/ws/rs/javax.ws.rs-api/2.1/javax.ws.rs-api-2.1.jar:/home/user/.m2/repository/org/glassfish/jersey/ext/cdi/jersey-cdi1x/2.27/jersey-cdi1x-2.27.jar:/home/user/.m2/repository/org/glassfish/jersey/inject/jersey-hk2/2.27/jersey-hk2-2.27.jar:/home/user/.m2/repository/org/glassfish/hk2/hk2-locator/2.5.0-b42/hk2-locator-2.5.0-b42.jar:/home/user/.m2/repository/org/javassist/javassist/3.22.0-CR2/javassist-3.22.0-CR2.jar:/home/user/.m2/repository/org/glassfish/hk2/hk2-api/2.5.0/hk2-api-2.5.0.jar:/home/user/.m2/repository/org/glassfish/hk2/external/jakarta.inject/2.5.0/jakarta.inject-2.5.0.jar:/home/user/.m2/repository/org/glassfish/hk2/hk2-utils/2.5.0/hk2-utils-2.5.0.jar:/home/user/.m2/repository/jakarta/annotation/jakarta.annotation-api/1.3.4/jakarta.annotation-api-1.3.4.jar:/home/user/.m2/repository/org/glassfish/hk2/external/aopalliance-repackaged/2.5.0/aopalliance-repackaged-2.5.0.jar:/home/user/.m2/repository/com/fasterxml/jackson/dataformat/jackson-dataformat-xml/2.9.0/jackson-dataformat-xml-2.9.0.jar:/home/user/.m2/repository/com/fasterxml/jackson/core/jackson-core/2.9.5/jackson-core-2.9.5.jar:/home/user/.m2/repository/com/fasterxml/jackson/module/jackson-module-jaxb-annotations/2.9.5/jackson-module-jaxb-annotations-2.9.5.jar:/home/user/.m2/repository/javax/enterprise/cdi-api/1.2/cdi-api-1.2.jar:/home/user/.m2/repository/javax/el/javax.el-api/3.0.0/javax.el-api-3.0.0.jar:/home/user/.m2/repository/javax/interceptor/javax.interceptor-api/1.2/javax.interceptor-api-1.2.jar:/home/user/.m2/repository/javax/inject/javax.inject/1/javax.inject-1.jar:/home/user/.m2/repository/com/sun/xml/bind/jaxb-impl/2.3.0.1/jaxb-impl-2.3.0.1.jar:/home/user/.m2/repository/com/sun/xml/bind/jaxb-core/2.3.0.1/jaxb-core-2.3.0.1.jar:/home/user/.m2/repository/javax/xml/bind/jaxb-api/2.3.0/jaxb-api-2.3.0.jar:/home/user/.m2/repository/javax/activation/activation/1.1.1/activation-1.1.1.jar:/home/user/.m2/repository/org/apache/hadoop/hadoop-ozone-csi/0.5.0-SNAPSHOT/hadoop-ozone-csi-0.5.0-SNAPSHOT.jar:/home/user/.m2/repository/com/google/protobuf/protobuf-java-util/3.5.1/protobuf-java-util-3.5.1.jar:/home/user/.m2/repository/org/apache/hadoop/hadoop-hdds-config/0.5.0-SNAPSHOT/hadoop-hdds-config-0.5.0-SNAPSHOT.jar:/home/user/.m2/repository/io/grpc/grpc-netty/1.17.1/grpc-netty-1.17.1.jar:/home/user/.m2/repository/io/grpc/grpc-core/1.17.1/grpc-core-1.17.1.jar:/home/user/.m2/repository/io/grpc/grpc-context/1.17.1/grpc-context-1.17.1.jar:/home/user/.m2/repository/com/google/errorprone/error_prone_annotations/2.2.0/error_prone_annotations-2.2.0.jar:/home/user/.m2/repository/org/codehaus/mojo/animal-sniffer-annotations/1.17/animal-sniffer-annotations-1.17.jar:/home/user/.m2/repository/io/opencensus/opencensus-api/0.17.0/opencensus-api-0.17.0.jar:/home/user/.m2/repository/io/opencensus/opencensus-contrib-grpc-metrics/0.17.0/opencensus-contrib-grpc-metrics-0.17.0.jar:/home/user/.m2/repository/io/netty/netty-codec-http2/4.1.30.Final/netty-codec-http2-4.1.30.Final.jar:/home/user/.m2/repository/io/netty/netty-codec-http/4.1.30.Final/netty-codec-http-4.1.30.Final.jar:/home/user/.m2/repository/io/netty/netty-codec/4.1.30.Final/netty-codec-4.1.30.Final.jar:/home/user/.m2/repository/io/netty/netty-handler/4.1.30.Final/netty-handler-4.1.30.Final.jar:/home/user/.m2/repository/io/netty/netty-handler-proxy/4.1.30.Final/netty-handler-proxy-4.1.30.Final.jar:/home/user/.m2/repository/io/netty/netty-codec-socks/4.1.30.Final/netty-codec-socks-4.1.30.Final.jar:/home/user/.m2/repository/io/netty/netty-transport-native-epoll/4.1.30.Final/netty-transport-native-epoll-4.1.30.Final.jar:/home/user/.m2/repository/io/netty/netty-common/4.1.30.Final/netty-common-4.1.30.Final.jar:/home/user/.m2/repository/io/netty/netty-buffer/4.1.30.Final/netty-buffer-4.1.30.Final.jar:/home/user/.m2/repository/io/netty/netty-transport/4.1.30.Final/netty-transport-4.1.30.Final.jar:/home/user/.m2/repository/io/netty/netty-resolver/4.1.30.Final/netty-resolver-4.1.30.Final.jar:/home/user/.m2/repository/io/netty/netty-transport-native-unix-common/4.1.30.Final/netty-transport-native-unix-common-4.1.30.Final.jar:/home/user/.m2/repository/io/grpc/grpc-protobuf/1.17.1/grpc-protobuf-1.17.1.jar:/home/user/.m2/repository/com/google/api/grpc/proto-google-common-protos/1.0.0/proto-google-common-protos-1.0.0.jar:/home/user/.m2/repository/io/grpc/grpc-protobuf-lite/1.17.1/grpc-protobuf-lite-1.17.1.jar:/home/user/.m2/repository/io/grpc/grpc-stub/1.17.1/grpc-stub-1.17.1.jar:/home/user/.m2/repository/org/apache/hadoop/hadoop-ozone-recon/0.5.0-SNAPSHOT/hadoop-ozone-recon-0.5.0-SNAPSHOT.jar:/home/user/.m2/repository/org/apache/hadoop/hadoop-ozone-reconcodegen/0.5.0-SNAPSHOT/hadoop-ozone-reconcodegen-0.5.0-SNAPSHOT.jar:/home/user/.m2/repository/com/google/inject/extensions/guice-multibindings/4.0/guice-multibindings-4.0.jar:/home/user/.m2/repository/com/google/inject/guice/4.0/guice-4.0.jar:/home/user/.m2/repository/aopalliance/aopalliance/1.0/aopalliance-1.0.jar:/home/user/.m2/repository/com/google/inject/extensions/guice-servlet/4.0/guice-servlet-4.0.jar:/home/user/.m2/repository/org/glassfish/jersey/containers/jersey-container-servlet/2.27/jersey-container-servlet-2.27.jar:/home/user/.m2/repository/org/glassfish/hk2/guice-bridge/2.5.0/guice-bridge-2.5.0.jar:/home/user/.m2/repository/org/glassfish/jersey/core/jersey-server/2.27/jersey-server-2.27.jar:/home/user/.m2/repository/org/glassfish/jersey/core/jersey-client/2.27/jersey-client-2.27.jar:/home/user/.m2/repository/org/glassfish/jersey/media/jersey-media-jaxb/2.27/jersey-media-jaxb-2.27.jar:/home/user/.m2/repository/javax/validation/validation-api/1.1.0.Final/validation-api-1.1.0.Final.jar:/home/user/.m2/repository/org/glassfish/jersey/media/jersey-media-json-jackson/2.27/jersey-media-json-jackson-2.27.jar:/home/user/.m2/repository/org/glassfish/jersey/ext/jersey-entity-filtering/2.27/jersey-entity-filtering-2.27.jar:/home/user/.m2/repository/com/google/inject/extensions/guice-assistedinject/4.0/guice-assistedinject-4.0.jar:/home/user/.m2/repository/org/jooq/jooq/3.11.10/jooq-3.11.10.jar:/home/user/.m2/repository/org/jooq/jooq-meta/3.11.10/jooq-meta-3.11.10.jar:/home/user/.m2/repository/org/jooq/jooq-codegen/3.11.10/jooq-codegen-3.11.10.jar:/home/user/.m2/repository/com/jolbox/bonecp/0.8.0.RELEASE/bonecp-0.8.0.RELEASE.jar:/home/user/.m2/repository/org/xerial/sqlite-jdbc/3.25.2/sqlite-jdbc-3.25.2.jar:/home/user/.m2/repository/org/springframework/spring-jdbc/5.1.3.RELEASE/spring-jdbc-5.1.3.RELEASE.jar:/home/user/.m2/repository/org/springframework/spring-beans/5.1.3.RELEASE/spring-beans-5.1.3.RELEASE.jar:/home/user/.m2/repository/org/springframework/spring-core/5.1.3.RELEASE/spring-core-5.1.3.RELEASE.jar:/home/user/.m2/repository/org/springframework/spring-jcl/5.1.3.RELEASE/spring-jcl-5.1.3.RELEASE.jar:/home/user/.m2/repository/org/springframework/spring-tx/5.1.3.RELEASE/spring-tx-5.1.3.RELEASE.jar:/home/user/.m2/repository/org/apache/hadoop/hadoop-ozone-client/0.5.0-SNAPSHOT/hadoop-ozone-client-0.5.0-SNAPSHOT.jar:/home/user/.m2/repository/commons-lang/commons-lang/2.6/commons-lang-2.6.jar:/home/user/.m2/repository/org/apache/hadoop/hadoop-ozone-ozone-manager/0.5.0-SNAPSHOT/hadoop-ozone-ozone-manager-0.5.0-SNAPSHOT-tests.jar:/home/user/.m2/repository/junit/junit/4.11/junit-4.11.jar:/home/user/.m2/repository/org/hamcrest/hamcrest-core/1.3/hamcrest-core-1.3.jar:/home/user/.m2/repository/org/openjdk/jmh/jmh-core/1.19/jmh-core-1.19.jar:/home/user/.m2/repository/net/sf/jopt-simple/jopt-simple/4.6/jopt-simple-4.6.jar:/home/user/.m2/repository/org/apache/commons/commons-math3/3.1.1/commons-math3-3.1.1.jar:/home/user/.m2/repository/org/openjdk/jmh/jmh-generator-annprocess/1.19/jmh-generator-annprocess-1.19.jar:/home/user/.m2/repository/org/mockito/mockito-all/1.8.5/mockito-all-1.8.5.jar:/home/user/.m2/repository/org/apache/hadoop/hadoop-kms/3.2.0/hadoop-kms-3.2.0.jar:/home/user/.m2/repository/org/apache/hadoop/hadoop-auth/3.2.0/hadoop-auth-3.2.0.jar:/home/user/.m2/repository/com/nimbusds/nimbus-jose-jwt/4.41.1/nimbus-jose-jwt-4.41.1.jar:/home/user/.m2/repository/com/github/stephenc/jcip/jcip-annotations/1.0-1/jcip-annotations-1.0-1.jar:/home/user/.m2/repository/net/minidev/json-smart/2.3/json-smart-2.3.jar:/home/user/.m2/repository/net/minidev/accessors-smart/1.2/accessors-smart-1.2.jar:/home/user/.m2/repository/org/ow2/asm/asm/5.0.4/asm-5.0.4.jar:/home/user/.m2/repository/org/apache/curator/curator-framework/2.12.0/curator-framework-2.12.0.jar:/home/user/.m2/repository/com/sun/jersey/jersey-core/1.19/jersey-core-1.19.jar:/home/user/.m2/repository/javax/ws/rs/jsr311-api/1.1.1/jsr311-api-1.1.1.jar:/home/user/.m2/repository/com/sun/jersey/jersey-server/1.19/jersey-server-1.19.jar:/home/user/.m2/repository/javax/servlet/javax.servlet-api/3.1.0/javax.servlet-api-3.1.0.jar:/home/user/.m2/repository/org/eclipse/jetty/jetty-server/9.3.24.v20180605/jetty-server-9.3.24.v20180605.jar:/home/user/.m2/repository/org/eclipse/jetty/jetty-http/9.3.24.v20180605/jetty-http-9.3.24.v20180605.jar:/home/user/.m2/repository/org/eclipse/jetty/jetty-io/9.3.24.v20180605/jetty-io-9.3.24.v20180605.jar:/home/user/.m2/repository/org/eclipse/jetty/jetty-webapp/9.3.24.v20180605/jetty-webapp-9.3.24.v20180605.jar:/home/user/.m2/repository/org/eclipse/jetty/jetty-xml/9.3.24.v20180605/jetty-xml-9.3.24.v20180605.jar:/home/user/.m2/repository/log4j/log4j/1.2.17/log4j-1.2.17.jar:/home/user/.m2/repository/org/slf4j/slf4j-api/1.7.25/slf4j-api-1.7.25.jar:/home/user/.m2/repository/org/slf4j/jul-to-slf4j/1.7.25/jul-to-slf4j-1.7.25.jar:/home/user/.m2/repository/org/eclipse/jetty/jetty-util/9.3.24.v20180605/jetty-util-9.3.24.v20180605.jar:/home/user/.m2/repository/com/fasterxml/jackson/core/jackson-databind/2.9.5/jackson-databind-2.9.5.jar:/home/user/.m2/repository/org/apache/hadoop/hadoop-kms/3.2.0/hadoop-kms-3.2.0-tests.jar:/home/user/.m2/repository/org/apache/hadoop/hadoop-hdds-server-scm/0.5.0-SNAPSHOT/hadoop-hdds-server-scm-0.5.0-SNAPSHOT-tests.jar:/home/user/.m2/repository/org/apache/hadoop/hadoop-hdds-container-service/0.5.0-SNAPSHOT/hadoop-hdds-container-service-0.5.0-SNAPSHOT-tests.jar:/home/user/.m2/repository/org/yaml/snakeyaml/1.16/snakeyaml-1.16.jar:/home/user/.m2/repository/org/apache/hadoop/hadoop-common/3.2.0/hadoop-common-3.2.0-tests.jar:/home/user/.m2/repository/org/apache/hadoop/hadoop-annotations/3.2.0/hadoop-annotations-3.2.0.jar:/usr/lib/jvm/java-1.8-openjdk/jre/../lib/tools.jar:/home/user/.m2/repository/commons-cli/commons-cli/1.2/commons-cli-1.2.jar:/home/user/.m2/repository/org/apache/httpcomponents/httpclient/4.5.2/httpclient-4.5.2.jar:/home/user/.m2/repository/org/apache/httpcomponents/httpcore/4.4.4/httpcore-4.4.4.jar:/home/user/.m2/repository/commons-codec/commons-codec/1.11/commons-codec-1.11.jar:/home/user/.m2/repository/commons-net/commons-net/3.6/commons-net-3.6.jar:/home/user/.m2/repository/commons-collections/commons-collections/3.2.2/commons-collections-3.2.2.jar:/home/user/.m2/repository/org/eclipse/jetty/jetty-servlet/9.3.24.v20180605/jetty-servlet-9.3.24.v20180605.jar:/home/user/.m2/repository/org/eclipse/jetty/jetty-security/9.3.24.v20180605/jetty-security-9.3.24.v20180605.jar:/home/user/.m2/repository/javax/servlet/jsp/jsp-api/2.1/jsp-api-2.1.jar:/home/user/.m2/repository/com/sun/jersey/jersey-servlet/1.19/jersey-servlet-1.19.jar:/home/user/.m2/repository/com/sun/jersey/jersey-json/1.19/jersey-json-1.19.jar:/home/user/.m2/repository/org/codehaus/jettison/jettison/1.1/jettison-1.1.jar:/home/user/.m2/repository/org/codehaus/jackson/jackson-core-asl/1.9.13/jackson-core-asl-1.9.13.jar:/home/user/.m2/repository/org/codehaus/jackson/jackson-mapper-asl/1.9.13/jackson-mapper-asl-1.9.13.jar:/home/user/.m2/repository/org/codehaus/jackson/jackson-jaxrs/1.9.13/jackson-jaxrs-1.9.13.jar:/home/user/.m2/repository/org/codehaus/jackson/jackson-xc/1.9.13/jackson-xc-1.9.13.jar:/home/user/.m2/repository/commons-logging/commons-logging/1.1.3/commons-logging-1.1.3.jar:/home/user/.m2/repository/commons-beanutils/commons-beanutils/1.9.3/commons-beanutils-1.9.3.jar:/home/user/.m2/repository/org/apache/commons/commons-configuration2/2.1.1/commons-configuration2-2.1.1.jar:/home/user/.m2/repository/org/apache/commons/commons-lang3/3.7/commons-lang3-3.7.jar:/home/user/.m2/repository/org/apache/commons/commons-text/1.4/commons-text-1.4.jar:/home/user/.m2/repository/org/apache/avro/avro/1.7.7/avro-1.7.7.jar:/home/user/.m2/repository/com/thoughtworks/paranamer/paranamer/2.3/paranamer-2.3.jar:/home/user/.m2/repository/org/xerial/snappy/snappy-java/1.0.5/snappy-java-1.0.5.jar:/home/user/.m2/repository/com/google/re2j/re2j/1.1/re2j-1.1.jar:/home/user/.m2/repository/com/google/code/gson/gson/2.2.4/gson-2.2.4.jar:/home/user/.m2/repository/com/jcraft/jsch/0.1.54/jsch-0.1.54.jar:/home/user/.m2/repository/org/apache/curator/curator-client/2.12.0/curator-client-2.12.0.jar:/home/user/.m2/repository/org/apache/curator/curator-recipes/2.12.0/curator-recipes-2.12.0.jar:/home/user/.m2/repository/com/google/code/findbugs/jsr305/3.0.0/jsr305-3.0.0.jar:/home/user/.m2/repository/org/apache/htrace/htrace-core4/4.1.0-incubating/htrace-core4-4.1.0-incubating.jar:/home/user/.m2/repository/org/apache/zookeeper/zookeeper/3.4.13/zookeeper-3.4.13.jar:/home/user/.m2/repository/org/apache/yetus/audience-annotations/0.5.0/audience-annotations-0.5.0.jar:/home/user/.m2/repository/org/codehaus/woodstox/stax2-api/3.1.4/stax2-api-3.1.4.jar:/home/user/.m2/repository/com/fasterxml/woodstox/woodstox-core/5.0.3/woodstox-core-5.0.3.jar:/home/user/.m2/repository/dnsjava/dnsjava/2.1.7/dnsjava-2.1.7.jar:/home/user/.m2/repository/org/apache/hadoop/hadoop-hdfs/3.2.0/hadoop-hdfs-3.2.0-tests.jar:/home/user/.m2/repository/org/eclipse/jetty/jetty-util-ajax/9.3.24.v20180605/jetty-util-ajax-9.3.24.v20180605.jar:/home/user/.m2/repository/commons-daemon/commons-daemon/1.0.13/commons-daemon-1.0.13.jar:/home/user/.m2/repository/io/netty/netty/3.10.5.Final/netty-3.10.5.Final.jar:/home/user/.m2/repository/io/netty/netty-all/4.0.52.Final/netty-all-4.0.52.Final.jar:/home/user/.m2/repository/org/fusesource/leveldbjni/leveldbjni-all/1.8/leveldbjni-all-1.8.jar:"/>
    <property name="sun.cpu.endian" value="little"/>
    <property name="user.home" value="/home/user"/>
    <property name="user.language" value="en"/>
    <property name="java.specification.vendor" value="Oracle Corporation"/>
    <property name="java.home" value="/usr/lib/jvm/java-1.8-openjdk/jre"/>
    <property name="java.security.krb5.conf" value="/workdir/hadoop-ozone/integration-test/target/test-classes/krb5.conf"/>
    <property name="basedir" value="/workdir/hadoop-ozone/integration-test"/>
    <property name="file.separator" value="/"/>
    <property name="line.separator" value="&#10;"/>
    <property name="java.vm.specification.vendor" value="Oracle Corporation"/>
    <property name="java.specification.name" value="Java Platform API Specification"/>
    <property name="java.awt.graphicsenv" value="sun.awt.X11GraphicsEnvironment"/>
    <property name="surefire.real.class.path" value="/workdir/hadoop-ozone/integration-test/target/surefire/surefirebooter3999767599897283049.jar"/>
    <property name="hadoop.log.dir" value="/workdir/hadoop-ozone/integration-test/target/log"/>
    <property name="sun.boot.class.path" value="/usr/lib/jvm/java-1.8-openjdk/jre/lib/resources.jar:/usr/lib/jvm/java-1.8-openjdk/jre/lib/rt.jar:/usr/lib/jvm/java-1.8-openjdk/jre/lib/sunrsasign.jar:/usr/lib/jvm/java-1.8-openjdk/jre/lib/jsse.jar:/usr/lib/jvm/java-1.8-openjdk/jre/lib/jce.jar:/usr/lib/jvm/java-1.8-openjdk/jre/lib/charsets.jar:/usr/lib/jvm/java-1.8-openjdk/jre/lib/jfr.jar:/usr/lib/jvm/java-1.8-openjdk/jre/classes"/>
    <property name="sun.management.compiler" value="HotSpot 64-Bit Tiered Compilers"/>
    <property name="java.runtime.version" value="1.8.0_212-b04"/>
    <property name="java.net.preferIPv4Stack" value="true"/>
    <property name="user.name" value="jenkins1000"/>
    <property name="path.separator" value=":"/>
    <property name="java.security.egd" value="file:///dev/urandom"/>
    <property name="os.version" value="3.10.0-957.12.2.el7.x86_64"/>
    <property name="java.endorsed.dirs" value="/usr/lib/jvm/java-1.8-openjdk/jre/lib/endorsed"/>
    <property name="java.runtime.name" value="OpenJDK Runtime Environment"/>
    <property name="file.encoding" value="UTF-8"/>
    <property name="java.vm.name" value="OpenJDK 64-Bit Server VM"/>
    <property name="test.build.webapps" value=""/>
    <property name="localRepository" value="/home/user/.m2/repository"/>
    <property name="java.vendor.url.bug" value="https://icedtea.classpath.org/bugzilla"/>
    <property name="java.io.tmpdir" value="/tmp"/>
    <property name="require.test.libhadoop" value=""/>
    <property name="java.version" value="1.8.0_212"/>
    <property name="user.dir" value="/workdir/hadoop-ozone/integration-test"/>
    <property name="os.arch" value="amd64"/>
    <property name="java.vm.specification.name" value="Java Virtual Machine Specification"/>
    <property name="test.build.classes" value="/workdir/hadoop-ozone/integration-test/target/test-classes"/>
    <property name="java.awt.printerjob" value="sun.print.PSPrinterJob"/>
    <property name="sun.os.patch.level" value="unknown"/>
    <property name="hadoop.tmp.dir" value="/workdir/hadoop-ozone/integration-test/target/tmp"/>
    <property name="java.library.path" value="/usr/lib/jvm/java-1.8-openjdk/jre/lib/amd64/server:/usr/lib/jvm/java-1.8-openjdk/jre/lib/amd64:/usr/lib/jvm/java-1.8-openjdk/jre/../lib/amd64:/workdir/hadoop-ozone/integration-test/target/native/target/usr/local/lib:/workdir/hadoop-ozone/integration-test/../../hadoop-common-project/hadoop-common/target/native/target/usr/local/lib:/usr/java/packages/lib/amd64:/usr/lib64:/lib64:/lib:/usr/lib"/>
    <property name="java.vm.info" value="mixed mode"/>
    <property name="java.vendor" value="IcedTea"/>
    <property name="java.vm.version" value="25.212-b04"/>
    <property name="java.ext.dirs" value="/usr/lib/jvm/java-1.8-openjdk/jre/lib/ext:/usr/java/packages/lib/ext"/>
    <property name="sun.io.unicode.encoding" value="UnicodeLittle"/>
    <property name="java.class.version" value="52.0"/>
  </properties>
  <testcase name="testBlockWriteViaRatis" classname="org.apache.hadoop.ozone.client.rpc.TestCloseContainerHandlingByClient" time="13.755">
    <error message="Allocated 0 blocks. Requested 1 blocks" type="INTERNAL_ERROR org.apache.hadoop.ozone.om.exceptions.OMException">INTERNAL_ERROR org.apache.hadoop.ozone.om.exceptions.OMException: Allocated 0 blocks. Requested 1 blocks
	at org.apache.hadoop.ozone.om.protocolPB.OzoneManagerProtocolClientSideTranslatorPB.handleError(OzoneManagerProtocolClientSideTranslatorPB.java:725)
	at org.apache.hadoop.ozone.om.protocolPB.OzoneManagerProtocolClientSideTranslatorPB.openKey(OzoneManagerProtocolClientSideTranslatorPB.java:716)
	at org.apache.hadoop.ozone.client.rpc.RpcClient.createKey(RpcClient.java:615)
	at org.apache.hadoop.ozone.client.OzoneBucket.createKey(OzoneBucket.java:325)
	at org.apache.hadoop.ozone.container.ContainerTestHelper.createKey(ContainerTestHelper.java:695)
	at org.apache.hadoop.ozone.client.rpc.TestCloseContainerHandlingByClient.createKey(TestCloseContainerHandlingByClient.java:396)
	at org.apache.hadoop.ozone.client.rpc.TestCloseContainerHandlingByClient.testBlockWriteViaRatis(TestCloseContainerHandlingByClient.java:407)
	at sun.reflect.NativeMethodAccessorImpl.invoke0(Native Method)
	at sun.reflect.NativeMethodAccessorImpl.invoke(NativeMethodAccessorImpl.java:62)
	at sun.reflect.DelegatingMethodAccessorImpl.invoke(DelegatingMethodAccessorImpl.java:43)
	at java.lang.reflect.Method.invoke(Method.java:498)
	at org.junit.runners.model.FrameworkMethod$1.runReflectiveCall(FrameworkMethod.java:47)
	at org.junit.internal.runners.model.ReflectiveCallable.run(ReflectiveCallable.java:12)
	at org.junit.runners.model.FrameworkMethod.invokeExplosively(FrameworkMethod.java:44)
	at org.junit.internal.runners.statements.InvokeMethod.evaluate(InvokeMethod.java:17)
	at org.junit.runners.ParentRunner.runLeaf(ParentRunner.java:271)
	at org.junit.runners.BlockJUnit4ClassRunner.runChild(BlockJUnit4ClassRunner.java:70)
	at org.junit.runners.BlockJUnit4ClassRunner.runChild(BlockJUnit4ClassRunner.java:50)
	at org.junit.runners.ParentRunner$3.run(ParentRunner.java:238)
	at org.junit.runners.ParentRunner$1.schedule(ParentRunner.java:63)
	at org.junit.runners.ParentRunner.runChildren(ParentRunner.java:236)
	at org.junit.runners.ParentRunner.access$000(ParentRunner.java:53)
	at org.junit.runners.ParentRunner$2.evaluate(ParentRunner.java:229)
	at org.junit.internal.runners.statements.RunBefores.evaluate(RunBefores.java:26)
	at org.junit.internal.runners.statements.RunAfters.evaluate(RunAfters.java:27)
	at org.junit.runners.ParentRunner.run(ParentRunner.java:309)
	at org.apache.maven.surefire.junit4.JUnit4Provider.execute(JUnit4Provider.java:365)
	at org.apache.maven.surefire.junit4.JUnit4Provider.executeWithRerun(JUnit4Provider.java:273)
	at org.apache.maven.surefire.junit4.JUnit4Provider.executeTestSet(JUnit4Provider.java:238)
	at org.apache.maven.surefire.junit4.JUnit4Provider.invoke(JUnit4Provider.java:159)
	at org.apache.maven.surefire.booter.ForkedBooter.invokeProviderInSameClassLoader(ForkedBooter.java:384)
	at org.apache.maven.surefire.booter.ForkedBooter.runSuitesInProcess(ForkedBooter.java:345)
	at org.apache.maven.surefire.booter.ForkedBooter.execute(ForkedBooter.java:126)
	at org.apache.maven.surefire.booter.ForkedBooter.main(ForkedBooter.java:418)
</error>
    <system-out><![CDATA[2019-08-29 08:44:51,920 [main] WARN  server.ServerUtils (ServerUtils.java:getScmDbDir(145)) - ozone.scm.db.dirs is not configured. We recommend adding this setting. Falling back to ozone.metadata.dirs instead.
2019-08-29 08:44:52,555 [main] WARN  server.ServerUtils (ServerUtils.java:getScmDbDir(145)) - ozone.scm.db.dirs is not configured. We recommend adding this setting. Falling back to ozone.metadata.dirs instead.
2019-08-29 08:44:52,564 [main] WARN  server.ServerUtils (ServerUtils.java:getScmDbDir(145)) - ozone.scm.db.dirs is not configured. We recommend adding this setting. Falling back to ozone.metadata.dirs instead.
2019-08-29 08:44:52,583 [main] INFO  util.log (Log.java:initialized(192)) - Logging initialized @1349ms
2019-08-29 08:44:52,686 [main] INFO  db.DBStoreBuilder (DBStoreBuilder.java:addTable(110)) - using custom profile for table: deletedBlocks
2019-08-29 08:44:52,686 [main] INFO  db.DBStoreBuilder (DBStoreBuilder.java:processTables(161)) - Using default column profile:DBProfile.DISK for Table:deletedBlocks
2019-08-29 08:44:52,686 [main] INFO  db.DBStoreBuilder (DBStoreBuilder.java:addTable(110)) - using custom profile for table: validCerts
2019-08-29 08:44:52,687 [main] INFO  db.DBStoreBuilder (DBStoreBuilder.java:processTables(161)) - Using default column profile:DBProfile.DISK for Table:validCerts
2019-08-29 08:44:52,687 [main] INFO  db.DBStoreBuilder (DBStoreBuilder.java:addTable(110)) - using custom profile for table: revokedCerts
2019-08-29 08:44:52,687 [main] INFO  db.DBStoreBuilder (DBStoreBuilder.java:processTables(161)) - Using default column profile:DBProfile.DISK for Table:revokedCerts
2019-08-29 08:44:52,700 [main] INFO  db.DBStoreBuilder (DBStoreBuilder.java:addTable(110)) - using custom profile for table: default
2019-08-29 08:44:52,700 [main] INFO  db.DBStoreBuilder (DBStoreBuilder.java:processTables(167)) - Using default column profile:DBProfile.DISK for Table:default
2019-08-29 08:44:52,701 [main] INFO  db.DBStoreBuilder (DBStoreBuilder.java:getDbProfile(198)) - Using default options. DBProfile.DISK
2019-08-29 08:44:53,095 [main] INFO  net.NodeSchemaLoader (NodeSchemaLoader.java:loadSchemaFromFile(125)) - Loading file from sun.misc.CompoundEnumeration@1ea9f6af
2019-08-29 08:44:53,097 [main] INFO  net.NodeSchemaLoader (NodeSchemaLoader.java:loadSchema(171)) - Loading network topology layer schema file
2019-08-29 08:44:53,179 [main] INFO  node.SCMNodeManager (SCMNodeManager.java:<init>(121)) - Entering startup safe mode.
2019-08-29 08:44:53,255 [main] INFO  algorithms.ContainerPlacementPolicyFactory (ContainerPlacementPolicyFactory.java:getPolicy(55)) - Create container placement policy of type org.apache.hadoop.hdds.scm.container.placement.algorithms.SCMContainerPlacementRandom
2019-08-29 08:44:53,269 [main] WARN  server.ServerUtils (ServerUtils.java:getScmDbDir(145)) - ozone.scm.db.dirs is not configured. We recommend adding this setting. Falling back to ozone.metadata.dirs instead.
2019-08-29 08:44:53,588 [main] INFO  pipeline.SCMPipelineManager (SCMPipelineManager.java:initializePipelineState(126)) - No pipeline exists in current db
2019-08-29 08:44:53,590 [main] WARN  server.ServerUtils (ServerUtils.java:getScmDbDir(145)) - ozone.scm.db.dirs is not configured. We recommend adding this setting. Falling back to ozone.metadata.dirs instead.
2019-08-29 08:44:53,735 [main] WARN  events.EventQueue (EventQueue.java:fireEvent(175)) - No event handler registered for event TypedEvent{payloadType=SafeModeStatus, name='SafeModeStatus'}
2019-08-29 08:44:54,287 [main] INFO  ipc.CallQueueManager (CallQueueManager.java:<init>(84)) - Using callQueue: class java.util.concurrent.LinkedBlockingQueue, queueCapacity: 2000, scheduler: class org.apache.hadoop.ipc.DefaultRpcScheduler, ipcBackoff: false.
2019-08-29 08:44:54,544 [Socket Reader #1 for port 42040] INFO  ipc.Server (Server.java:run(1074)) - Starting Socket Reader #1 for port 42040
2019-08-29 08:44:54,570 [main] INFO  ipc.CallQueueManager (CallQueueManager.java:<init>(84)) - Using callQueue: class java.util.concurrent.LinkedBlockingQueue, queueCapacity: 2000, scheduler: class org.apache.hadoop.ipc.DefaultRpcScheduler, ipcBackoff: false.
2019-08-29 08:44:54,571 [Socket Reader #1 for port 43221] INFO  ipc.Server (Server.java:run(1074)) - Starting Socket Reader #1 for port 43221
2019-08-29 08:44:54,579 [main] INFO  ipc.CallQueueManager (CallQueueManager.java:<init>(84)) - Using callQueue: class java.util.concurrent.LinkedBlockingQueue, queueCapacity: 2000, scheduler: class org.apache.hadoop.ipc.DefaultRpcScheduler, ipcBackoff: false.
2019-08-29 08:44:54,580 [Socket Reader #1 for port 36951] INFO  ipc.Server (Server.java:run(1074)) - Starting Socket Reader #1 for port 36951
2019-08-29 08:44:54,600 [main] INFO  hdfs.DFSUtil (DFSUtil.java:httpServerTemplateForNNAndJN(1641)) - Starting Web-server for scm at: http://0.0.0.0:0
2019-08-29 08:44:54,782 [main] INFO  server.AuthenticationFilter (AuthenticationFilter.java:constructSecretProvider(240)) - Unable to initialize FileSignerSecretProvider, falling back to use random secrets.
2019-08-29 08:44:54,791 [main] WARN  http.HttpRequestLog (HttpRequestLog.java:getRequestLog(97)) - Jetty request log can only be enabled using Log4j
2019-08-29 08:44:54,800 [main] INFO  http.HttpServer2 (HttpServer2.java:addGlobalFilter(975)) - Added global filter 'safety' (class=org.apache.hadoop.http.HttpServer2$QuotingInputFilter)
2019-08-29 08:44:54,803 [main] INFO  http.HttpServer2 (HttpServer2.java:addFilter(948)) - Added filter static_user_filter (class=org.apache.hadoop.http.lib.StaticUserWebFilter$StaticUserFilter) to context scm
2019-08-29 08:44:54,803 [main] INFO  http.HttpServer2 (HttpServer2.java:addFilter(958)) - Added filter static_user_filter (class=org.apache.hadoop.http.lib.StaticUserWebFilter$StaticUserFilter) to context logs
2019-08-29 08:44:54,804 [main] INFO  http.HttpServer2 (HttpServer2.java:addFilter(958)) - Added filter static_user_filter (class=org.apache.hadoop.http.lib.StaticUserWebFilter$StaticUserFilter) to context static
2019-08-29 08:44:54,834 [main] INFO  server.StorageContainerManager (StorageContainerManager.java:start(759)) - StorageContainerLocationProtocol RPC server is listening at /0.0.0.0:36951
2019-08-29 08:44:54,913 [main] WARN  impl.MetricsConfig (MetricsConfig.java:loadFirst(134)) - Cannot locate configuration: tried hadoop-metrics2-storagecontainermanager.properties,hadoop-metrics2.properties
2019-08-29 08:44:54,927 [main] INFO  impl.MetricsSystemImpl (MetricsSystemImpl.java:startTimer(374)) - Scheduled Metric snapshot period at 10 second(s).
2019-08-29 08:44:54,928 [main] INFO  impl.MetricsSystemImpl (MetricsSystemImpl.java:start(191)) - StorageContainerManager metrics system started
2019-08-29 08:44:55,174 [main] INFO  server.SCMClientProtocolServer (SCMClientProtocolServer.java:start(151)) - RPC server for Client  is listening at /0.0.0.0:36951
2019-08-29 08:44:55,175 [IPC Server Responder] INFO  ipc.Server (Server.java:run(1314)) - IPC Server Responder: starting
2019-08-29 08:44:55,175 [IPC Server listener on 36951] INFO  ipc.Server (Server.java:run(1153)) - IPC Server listener on 36951: starting
2019-08-29 08:44:55,178 [main] INFO  server.StorageContainerManager (StorageContainerManager.java:start(769)) - ScmBlockLocationProtocol RPC server is listening at /0.0.0.0:43221
2019-08-29 08:44:55,178 [main] INFO  server.SCMBlockProtocolServer (SCMBlockProtocolServer.java:start(140)) - RPC server for Block Protocol is listening at /0.0.0.0:43221
2019-08-29 08:44:55,178 [IPC Server Responder] INFO  ipc.Server (Server.java:run(1314)) - IPC Server Responder: starting
2019-08-29 08:44:55,178 [IPC Server listener on 43221] INFO  ipc.Server (Server.java:run(1153)) - IPC Server listener on 43221: starting
2019-08-29 08:44:55,181 [main] INFO  server.StorageContainerManager (StorageContainerManager.java:start(773)) - ScmDatanodeProtocl RPC server is listening at /0.0.0.0:42040
2019-08-29 08:44:55,181 [main] INFO  server.SCMDatanodeProtocolServer (SCMDatanodeProtocolServer.java:start(191)) - RPC server for DataNodes is listening at /0.0.0.0:42040
2019-08-29 08:44:55,182 [IPC Server Responder] INFO  ipc.Server (Server.java:run(1314)) - IPC Server Responder: starting
2019-08-29 08:44:55,182 [IPC Server listener on 42040] INFO  ipc.Server (Server.java:run(1153)) - IPC Server listener on 42040: starting
2019-08-29 08:44:55,185 [main] INFO  http.HttpServer2 (HttpServer2.java:bindListener(1191)) - Jetty bound to port 37643
2019-08-29 08:44:55,187 [main] INFO  server.Server (Server.java:doStart(351)) - jetty-9.3.24.v20180605, build timestamp: 2018-06-05T17:11:56Z, git hash: 84205aa28f11a4f31f2a3b86d1bba2cc8ab69827
2019-08-29 08:44:55,228 [main] INFO  handler.ContextHandler (ContextHandler.java:doStart(781)) - Started o.e.j.s.ServletContextHandler@5553d0f5{/logs,file:///workdir/hadoop-ozone/integration-test/target/log,AVAILABLE}
2019-08-29 08:44:55,229 [main] INFO  handler.ContextHandler (ContextHandler.java:doStart(781)) - Started o.e.j.s.ServletContextHandler@14dda234{/static,file:///workdir/hadoop-ozone/integration-test/target/test-classes/webapps/static,AVAILABLE}
2019-08-29 08:44:55,269 [main] INFO  handler.ContextHandler (ContextHandler.java:doStart(781)) - Started o.e.j.w.WebAppContext@67af833b{/,file:///workdir/hadoop-ozone/integration-test/target/test-classes/webapps/scm/,AVAILABLE}{/scm}
2019-08-29 08:44:55,275 [main] INFO  server.AbstractConnector (AbstractConnector.java:doStart(278)) - Started ServerConnector@5149f008{HTTP/1.1,[http/1.1]}{0.0.0.0:37643}
2019-08-29 08:44:55,276 [main] INFO  server.Server (Server.java:doStart(419)) - Started @4042ms
2019-08-29 08:44:55,277 [main] INFO  server.BaseHttpServer (BaseHttpServer.java:updateConnectorAddress(213)) - HTTP server of SCM is listening at http://0.0.0.0:37643
2019-08-29 08:44:55,281 [org.apache.hadoop.util.JvmPauseMonitor$Monitor@13579834] INFO  util.JvmPauseMonitor (JvmPauseMonitor.java:run(188)) - Starting JVM pause monitor
2019-08-29 08:44:55,284 [main] WARN  server.ServerUtils (ServerUtils.java:getDBPath(222)) - ozone.om.db.dirs is not configured. We recommend adding this setting. Falling back to ozone.metadata.dirs instead.
2019-08-29 08:44:55,512 [main] WARN  server.ServerUtils (ServerUtils.java:getDBPath(222)) - ozone.om.db.dirs is not configured. We recommend adding this setting. Falling back to ozone.metadata.dirs instead.
2019-08-29 08:44:55,513 [main] WARN  server.ServerUtils (ServerUtils.java:getDBPath(222)) - ozone.om.db.dirs is not configured. We recommend adding this setting. Falling back to ozone.metadata.dirs instead.
2019-08-29 08:44:55,514 [main] INFO  om.OzoneManager (OzoneManager.java:setOMNodeDetails(645)) - OM Service ID is not set. Setting it to the default ID: omServiceIdDefault
2019-08-29 08:44:55,514 [main] INFO  om.OzoneManager (OzoneManager.java:setOMNodeDetails(651)) - OM Node ID is not set. Setting it to the OmStorage's OmID: f6230dbf-a8ec-4634-92ba-e9f4c9df306f
2019-08-29 08:44:55,515 [main] INFO  om.OzoneManager (OzoneManager.java:loadOMHAConfigs(602)) - Found matching OM address with OMServiceId: null, OMNodeId: null, RPC Address: localhost:0 and Ratis port: 9872
2019-08-29 08:44:55,769 | INFO  | SCMAudit | user=jenkins1000 | ip=192.168.5.176 | op=GET_SCM_INFO null | ret=SUCCESS |  
2019-08-29 08:44:56,247 [main] WARN  server.ServerUtils (ServerUtils.java:getDBPath(222)) - ozone.om.db.dirs is not configured. We recommend adding this setting. Falling back to ozone.metadata.dirs instead.
2019-08-29 08:44:56,254 [main] INFO  db.DBStoreBuilder (DBStoreBuilder.java:addTable(110)) - using custom profile for table: userTable
2019-08-29 08:44:56,255 [main] INFO  db.DBStoreBuilder (DBStoreBuilder.java:processTables(161)) - Using default column profile:DBProfile.DISK for Table:userTable
2019-08-29 08:44:56,255 [main] INFO  db.DBStoreBuilder (DBStoreBuilder.java:addTable(110)) - using custom profile for table: volumeTable
2019-08-29 08:44:56,255 [main] INFO  db.DBStoreBuilder (DBStoreBuilder.java:processTables(161)) - Using default column profile:DBProfile.DISK for Table:volumeTable
2019-08-29 08:44:56,255 [main] INFO  db.DBStoreBuilder (DBStoreBuilder.java:addTable(110)) - using custom profile for table: bucketTable
2019-08-29 08:44:56,255 [main] INFO  db.DBStoreBuilder (DBStoreBuilder.java:processTables(161)) - Using default column profile:DBProfile.DISK for Table:bucketTable
2019-08-29 08:44:56,256 [main] INFO  db.DBStoreBuilder (DBStoreBuilder.java:addTable(110)) - using custom profile for table: keyTable
2019-08-29 08:44:56,256 [main] INFO  db.DBStoreBuilder (DBStoreBuilder.java:processTables(161)) - Using default column profile:DBProfile.DISK for Table:keyTable
2019-08-29 08:44:56,256 [main] INFO  db.DBStoreBuilder (DBStoreBuilder.java:addTable(110)) - using custom profile for table: deletedTable
2019-08-29 08:44:56,256 [main] INFO  db.DBStoreBuilder (DBStoreBuilder.java:processTables(161)) - Using default column profile:DBProfile.DISK for Table:deletedTable
2019-08-29 08:44:56,257 [main] INFO  db.DBStoreBuilder (DBStoreBuilder.java:addTable(110)) - using custom profile for table: openKeyTable
2019-08-29 08:44:56,257 [main] INFO  db.DBStoreBuilder (DBStoreBuilder.java:processTables(161)) - Using default column profile:DBProfile.DISK for Table:openKeyTable
2019-08-29 08:44:56,257 [main] INFO  db.DBStoreBuilder (DBStoreBuilder.java:addTable(110)) - using custom profile for table: s3Table
2019-08-29 08:44:56,257 [main] INFO  db.DBStoreBuilder (DBStoreBuilder.java:processTables(161)) - Using default column profile:DBProfile.DISK for Table:s3Table
2019-08-29 08:44:56,257 [main] INFO  db.DBStoreBuilder (DBStoreBuilder.java:addTable(110)) - using custom profile for table: multipartInfoTable
2019-08-29 08:44:56,258 [main] INFO  db.DBStoreBuilder (DBStoreBuilder.java:processTables(161)) - Using default column profile:DBProfile.DISK for Table:multipartInfoTable
2019-08-29 08:44:56,258 [main] INFO  db.DBStoreBuilder (DBStoreBuilder.java:addTable(110)) - using custom profile for table: dTokenTable
2019-08-29 08:44:56,258 [main] INFO  db.DBStoreBuilder (DBStoreBuilder.java:processTables(161)) - Using default column profile:DBProfile.DISK for Table:dTokenTable
2019-08-29 08:44:56,258 [main] INFO  db.DBStoreBuilder (DBStoreBuilder.java:addTable(110)) - using custom profile for table: s3SecretTable
2019-08-29 08:44:56,259 [main] INFO  db.DBStoreBuilder (DBStoreBuilder.java:processTables(161)) - Using default column profile:DBProfile.DISK for Table:s3SecretTable
2019-08-29 08:44:56,259 [main] INFO  db.DBStoreBuilder (DBStoreBuilder.java:addTable(110)) - using custom profile for table: prefixTable
2019-08-29 08:44:56,259 [main] INFO  db.DBStoreBuilder (DBStoreBuilder.java:processTables(161)) - Using default column profile:DBProfile.DISK for Table:prefixTable
2019-08-29 08:44:56,259 [main] INFO  db.DBStoreBuilder (DBStoreBuilder.java:addTable(110)) - using custom profile for table: default
2019-08-29 08:44:56,259 [main] INFO  db.DBStoreBuilder (DBStoreBuilder.java:processTables(167)) - Using default column profile:DBProfile.DISK for Table:default
2019-08-29 08:44:56,260 [main] INFO  db.DBStoreBuilder (DBStoreBuilder.java:getDbProfile(198)) - Using default options. DBProfile.DISK
2019-08-29 08:45:29,720 [main] INFO  ipc.CallQueueManager (CallQueueManager.java:<init>(84)) - Using callQueue: class java.util.concurrent.LinkedBlockingQueue, queueCapacity: 2000, scheduler: class org.apache.hadoop.ipc.DefaultRpcScheduler, ipcBackoff: false.
2019-08-29 08:45:29,721 [Socket Reader #1 for port 43042] INFO  ipc.Server (Server.java:run(1074)) - Starting Socket Reader #1 for port 43042
2019-08-29 08:45:29,769 [main] INFO  om.OzoneManager (OzoneManager.java:start(1256)) - OzoneManager RPC server is listening at localhost/127.0.0.1:43042
2019-08-29 08:45:29,771 [main] INFO  impl.MetricsSystemImpl (MetricsSystemImpl.java:init(158)) - OzoneManager metrics system started (again)
2019-08-29 08:45:29,773 [IPC Server Responder] INFO  ipc.Server (Server.java:run(1314)) - IPC Server Responder: starting
2019-08-29 08:45:29,773 [IPC Server listener on 43042] INFO  ipc.Server (Server.java:run(1153)) - IPC Server listener on 43042: starting
2019-08-29 08:45:29,788 [main] INFO  hdfs.DFSUtil (DFSUtil.java:httpServerTemplateForNNAndJN(1641)) - Starting Web-server for ozoneManager at: http://0.0.0.0:0
2019-08-29 08:45:29,794 [main] INFO  server.AuthenticationFilter (AuthenticationFilter.java:constructSecretProvider(240)) - Unable to initialize FileSignerSecretProvider, falling back to use random secrets.
2019-08-29 08:45:29,797 [main] WARN  http.HttpRequestLog (HttpRequestLog.java:getRequestLog(97)) - Jetty request log can only be enabled using Log4j
2019-08-29 08:45:30,018 [main] INFO  http.HttpServer2 (HttpServer2.java:addGlobalFilter(975)) - Added global filter 'safety' (class=org.apache.hadoop.http.HttpServer2$QuotingInputFilter)
2019-08-29 08:45:30,020 [main] INFO  http.HttpServer2 (HttpServer2.java:addFilter(948)) - Added filter static_user_filter (class=org.apache.hadoop.http.lib.StaticUserWebFilter$StaticUserFilter) to context ozoneManager
2019-08-29 08:45:30,021 [main] INFO  http.HttpServer2 (HttpServer2.java:addFilter(958)) - Added filter static_user_filter (class=org.apache.hadoop.http.lib.StaticUserWebFilter$StaticUserFilter) to context static
2019-08-29 08:45:30,021 [main] INFO  http.HttpServer2 (HttpServer2.java:addFilter(958)) - Added filter static_user_filter (class=org.apache.hadoop.http.lib.StaticUserWebFilter$StaticUserFilter) to context logs
2019-08-29 08:45:30,027 [main] INFO  http.HttpServer2 (HttpServer2.java:bindListener(1191)) - Jetty bound to port 45654
2019-08-29 08:45:30,028 [main] INFO  server.Server (Server.java:doStart(351)) - jetty-9.3.24.v20180605, build timestamp: 2018-06-05T17:11:56Z, git hash: 84205aa28f11a4f31f2a3b86d1bba2cc8ab69827
2019-08-29 08:45:30,031 [main] INFO  handler.ContextHandler (ContextHandler.java:doStart(781)) - Started o.e.j.s.ServletContextHandler@2227a6c1{/logs,file:///workdir/hadoop-ozone/integration-test/target/log,AVAILABLE}
2019-08-29 08:45:30,034 [main] INFO  handler.ContextHandler (ContextHandler.java:doStart(781)) - Started o.e.j.s.ServletContextHandler@543e593{/static,file:///workdir/hadoop-ozone/integration-test/target/test-classes/webapps/static,AVAILABLE}
2019-08-29 08:45:30,042 [main] INFO  handler.ContextHandler (ContextHandler.java:doStart(781)) - Started o.e.j.w.WebAppContext@2b8d084{/,file:///workdir/hadoop-ozone/integration-test/target/test-classes/webapps/ozoneManager/,AVAILABLE}{/ozoneManager}
2019-08-29 08:45:30,044 [main] INFO  server.AbstractConnector (AbstractConnector.java:doStart(278)) - Started ServerConnector@6daf2337{HTTP/1.1,[http/1.1]}{0.0.0.0:45654}
2019-08-29 08:45:30,044 [main] INFO  server.Server (Server.java:doStart(419)) - Started @38810ms
2019-08-29 08:45:30,045 [main] INFO  server.BaseHttpServer (BaseHttpServer.java:updateConnectorAddress(213)) - HTTP server of OZONEMANAGER is listening at http://0.0.0.0:45654
2019-08-29 08:45:30,256 [main] INFO  impl.MetricsSystemImpl (MetricsSystemImpl.java:init(158)) - HddsDatanode metrics system started (again)
2019-08-29 08:45:30,349 [main] INFO  ozone.HddsDatanodeService (HddsDatanodeService.java:start(184)) - HddsDatanodeService host:pr-hdds-1909-44d2n-1519487446 ip:192.168.5.176
2019-08-29 08:45:30,383 [main] INFO  volume.HddsVolume (HddsVolume.java:<init>(176)) - Creating Volume: /workdir/hadoop-ozone/integration-test/target/test-dir/MiniOzoneClusterImpl-f455d224-3bfd-4c12-ad75-0d332897f7fa/datanode-0/data/containers/hdds of  storage type : DISK and capacity : 1482555576320
2019-08-29 08:45:30,387 [main] INFO  volume.VolumeSet (VolumeSet.java:initializeVolumeSet(170)) - Added Volume : /workdir/hadoop-ozone/integration-test/target/test-dir/MiniOzoneClusterImpl-f455d224-3bfd-4c12-ad75-0d332897f7fa/datanode-0/data/containers/hdds to VolumeSet
2019-08-29 08:45:30,391 [main] INFO  volume.ThrottledAsyncChecker (ThrottledAsyncChecker.java:schedule(140)) - Scheduling a check for org.apache.hadoop.ozone.container.common.volume.HddsVolume@5c9ac4cc
2019-08-29 08:45:30,417 [main] INFO  volume.HddsVolumeChecker (HddsVolumeChecker.java:checkAllVolumes(203)) - Scheduled health check for volume org.apache.hadoop.ozone.container.common.volume.HddsVolume@5c9ac4cc
2019-08-29 08:45:30,548 [main] INFO  impl.RaftServerProxy (ConfUtils.java:logGet(43)) - raft.rpc.type = GRPC (default)
2019-08-29 08:45:30,617 [main] INFO  grpc.GrpcFactory (GrpcFactory.java:checkPooledByteBufAllocatorUseCacheForAllThreads(45)) - PERFORMANCE WARNING: useCacheForAllThreads is true that may cause Netty to create a lot garbage objects and, as a result, trigger GC.
	It is recommended to disable useCacheForAllThreads by setting -Dorg.apache.ratis.thirdparty.io.netty.allocator.useCacheForAllThreads=false in command line.
2019-08-29 08:45:30,623 [main] INFO  grpc.GrpcConfigKeys$Server (ConfUtils.java:logGet(43)) - raft.grpc.server.port = 0 (default)
2019-08-29 08:45:30,624 [main] INFO  server.GrpcService (ConfUtils.java:logGet(43)) - raft.grpc.message.size.max = 33570816 (custom)
2019-08-29 08:45:30,626 [main] INFO  server.RaftServerConfigKeys (ConfUtils.java:logGet(43)) - raft.server.log.appender.buffer.byte-limit = 33554432 (custom)
2019-08-29 08:45:30,627 [main] INFO  server.GrpcService (ConfUtils.java:logGet(43)) - raft.grpc.flow.control.window = 1MB (=1048576) (default)
2019-08-29 08:45:30,628 [main] INFO  server.RaftServerConfigKeys (ConfUtils.java:logGet(43)) - raft.server.rpc.request.timeout = 3000ms (default)
2019-08-29 08:45:30,789 [main] INFO  server.RaftServerConfigKeys (ConfUtils.java:logGet(43)) - raft.server.storage.dir = [/workdir/hadoop-ozone/integration-test/target/test-dir/MiniOzoneClusterImpl-f455d224-3bfd-4c12-ad75-0d332897f7fa/datanode-0/data/ratis] (custom)
2019-08-29 08:45:31,373 [main] INFO  hdfs.DFSUtil (DFSUtil.java:httpServerTemplateForNNAndJN(1641)) - Starting Web-server for hddsDatanode at: http://0.0.0.0:0
2019-08-29 08:45:31,376 [main] INFO  server.AuthenticationFilter (AuthenticationFilter.java:constructSecretProvider(240)) - Unable to initialize FileSignerSecretProvider, falling back to use random secrets.
2019-08-29 08:45:31,377 [main] WARN  http.HttpRequestLog (HttpRequestLog.java:getRequestLog(97)) - Jetty request log can only be enabled using Log4j
2019-08-29 08:45:31,380 [main] INFO  http.HttpServer2 (HttpServer2.java:addGlobalFilter(975)) - Added global filter 'safety' (class=org.apache.hadoop.http.HttpServer2$QuotingInputFilter)
2019-08-29 08:45:31,381 [main] INFO  http.HttpServer2 (HttpServer2.java:addFilter(948)) - Added filter static_user_filter (class=org.apache.hadoop.http.lib.StaticUserWebFilter$StaticUserFilter) to context hddsDatanode
2019-08-29 08:45:31,381 [main] INFO  http.HttpServer2 (HttpServer2.java:addFilter(958)) - Added filter static_user_filter (class=org.apache.hadoop.http.lib.StaticUserWebFilter$StaticUserFilter) to context static
2019-08-29 08:45:31,381 [main] INFO  http.HttpServer2 (HttpServer2.java:addFilter(958)) - Added filter static_user_filter (class=org.apache.hadoop.http.lib.StaticUserWebFilter$StaticUserFilter) to context logs
2019-08-29 08:45:31,382 [main] INFO  http.HttpServer2 (HttpServer2.java:bindListener(1191)) - Jetty bound to port 46542
2019-08-29 08:45:31,383 [main] INFO  server.Server (Server.java:doStart(351)) - jetty-9.3.24.v20180605, build timestamp: 2018-06-05T17:11:56Z, git hash: 84205aa28f11a4f31f2a3b86d1bba2cc8ab69827
2019-08-29 08:45:31,385 [main] INFO  handler.ContextHandler (ContextHandler.java:doStart(781)) - Started o.e.j.s.ServletContextHandler@333c8791{/logs,file:///workdir/hadoop-ozone/integration-test/target/log,AVAILABLE}
2019-08-29 08:45:31,386 [main] INFO  handler.ContextHandler (ContextHandler.java:doStart(781)) - Started o.e.j.s.ServletContextHandler@22eaa86e{/static,jar:file:/home/user/.m2/repository/org/apache/hadoop/hadoop-hdds-container-service/0.5.0-SNAPSHOT/hadoop-hdds-container-service-0.5.0-SNAPSHOT.jar!/webapps/static,AVAILABLE}
2019-08-29 08:45:31,425 [main] INFO  handler.ContextHandler (ContextHandler.java:doStart(781)) - Started o.e.j.w.WebAppContext@3204e238{/,file:///tmp/jetty-0.0.0.0-46542-hddsDatanode-_-any-1471950800852237150.dir/webapp/,AVAILABLE}{/hddsDatanode}
2019-08-29 08:45:31,426 [main] INFO  server.AbstractConnector (AbstractConnector.java:doStart(278)) - Started ServerConnector@38ed139b{HTTP/1.1,[http/1.1]}{0.0.0.0:46542}
2019-08-29 08:45:31,427 [main] INFO  server.Server (Server.java:doStart(419)) - Started @40193ms
2019-08-29 08:45:31,428 [main] INFO  server.BaseHttpServer (BaseHttpServer.java:updateConnectorAddress(213)) - HTTP server of HDDSDATANODE is listening at http://0.0.0.0:46542
2019-08-29 08:45:31,429 [main] INFO  impl.MetricsSystemImpl (MetricsSystemImpl.java:init(158)) - HddsDatanode metrics system started (again)
2019-08-29 08:45:31,434 [main] INFO  ozone.HddsDatanodeService (HddsDatanodeService.java:start(184)) - HddsDatanodeService host:pr-hdds-1909-44d2n-1519487446 ip:192.168.5.176
2019-08-29 08:45:31,436 [org.apache.hadoop.util.JvmPauseMonitor$Monitor@78ac630e] INFO  util.JvmPauseMonitor (JvmPauseMonitor.java:run(188)) - Starting JVM pause monitor
2019-08-29 08:45:31,443 [main] INFO  volume.HddsVolume (HddsVolume.java:<init>(176)) - Creating Volume: /workdir/hadoop-ozone/integration-test/target/test-dir/MiniOzoneClusterImpl-f455d224-3bfd-4c12-ad75-0d332897f7fa/datanode-1/data/containers/hdds of  storage type : DISK and capacity : 1482555576320
2019-08-29 08:45:31,444 [main] INFO  volume.VolumeSet (VolumeSet.java:initializeVolumeSet(170)) - Added Volume : /workdir/hadoop-ozone/integration-test/target/test-dir/MiniOzoneClusterImpl-f455d224-3bfd-4c12-ad75-0d332897f7fa/datanode-1/data/containers/hdds to VolumeSet
2019-08-29 08:45:31,444 [main] INFO  volume.ThrottledAsyncChecker (ThrottledAsyncChecker.java:schedule(140)) - Scheduling a check for org.apache.hadoop.ozone.container.common.volume.HddsVolume@423b2b62
2019-08-29 08:45:31,445 [main] INFO  volume.HddsVolumeChecker (HddsVolumeChecker.java:checkAllVolumes(203)) - Scheduled health check for volume org.apache.hadoop.ozone.container.common.volume.HddsVolume@423b2b62
2019-08-29 08:45:31,468 [main] INFO  impl.RaftServerProxy (ConfUtils.java:logGet(43)) - raft.rpc.type = GRPC (default)
2019-08-29 08:45:31,468 [main] INFO  grpc.GrpcFactory (GrpcFactory.java:checkPooledByteBufAllocatorUseCacheForAllThreads(45)) - PERFORMANCE WARNING: useCacheForAllThreads is true that may cause Netty to create a lot garbage objects and, as a result, trigger GC.
	It is recommended to disable useCacheForAllThreads by setting -Dorg.apache.ratis.thirdparty.io.netty.allocator.useCacheForAllThreads=false in command line.
2019-08-29 08:45:31,468 [main] INFO  grpc.GrpcConfigKeys$Server (ConfUtils.java:logGet(43)) - raft.grpc.server.port = 0 (default)
2019-08-29 08:45:31,469 [main] INFO  server.GrpcService (ConfUtils.java:logGet(43)) - raft.grpc.message.size.max = 33570816 (custom)
2019-08-29 08:45:31,469 [main] INFO  server.RaftServerConfigKeys (ConfUtils.java:logGet(43)) - raft.server.log.appender.buffer.byte-limit = 33554432 (custom)
2019-08-29 08:45:31,469 [main] INFO  server.GrpcService (ConfUtils.java:logGet(43)) - raft.grpc.flow.control.window = 1MB (=1048576) (default)
2019-08-29 08:45:31,470 [main] INFO  server.RaftServerConfigKeys (ConfUtils.java:logGet(43)) - raft.server.rpc.request.timeout = 3000ms (default)
2019-08-29 08:45:31,471 [main] INFO  server.RaftServerConfigKeys (ConfUtils.java:logGet(43)) - raft.server.storage.dir = [/workdir/hadoop-ozone/integration-test/target/test-dir/MiniOzoneClusterImpl-f455d224-3bfd-4c12-ad75-0d332897f7fa/datanode-1/data/ratis] (custom)
2019-08-29 08:45:31,473 [main] INFO  hdfs.DFSUtil (DFSUtil.java:httpServerTemplateForNNAndJN(1641)) - Starting Web-server for hddsDatanode at: http://0.0.0.0:0
2019-08-29 08:45:31,476 [main] INFO  server.AuthenticationFilter (AuthenticationFilter.java:constructSecretProvider(240)) - Unable to initialize FileSignerSecretProvider, falling back to use random secrets.
2019-08-29 08:45:31,477 [main] WARN  http.HttpRequestLog (HttpRequestLog.java:getRequestLog(97)) - Jetty request log can only be enabled using Log4j
2019-08-29 08:45:31,479 [main] INFO  http.HttpServer2 (HttpServer2.java:addGlobalFilter(975)) - Added global filter 'safety' (class=org.apache.hadoop.http.HttpServer2$QuotingInputFilter)
2019-08-29 08:45:31,480 [main] INFO  http.HttpServer2 (HttpServer2.java:addFilter(948)) - Added filter static_user_filter (class=org.apache.hadoop.http.lib.StaticUserWebFilter$StaticUserFilter) to context hddsDatanode
2019-08-29 08:45:31,480 [main] INFO  http.HttpServer2 (HttpServer2.java:addFilter(958)) - Added filter static_user_filter (class=org.apache.hadoop.http.lib.StaticUserWebFilter$StaticUserFilter) to context logs
2019-08-29 08:45:31,480 [main] INFO  http.HttpServer2 (HttpServer2.java:addFilter(958)) - Added filter static_user_filter (class=org.apache.hadoop.http.lib.StaticUserWebFilter$StaticUserFilter) to context static
2019-08-29 08:45:31,481 [main] INFO  http.HttpServer2 (HttpServer2.java:bindListener(1191)) - Jetty bound to port 34600
2019-08-29 08:45:31,481 [main] INFO  server.Server (Server.java:doStart(351)) - jetty-9.3.24.v20180605, build timestamp: 2018-06-05T17:11:56Z, git hash: 84205aa28f11a4f31f2a3b86d1bba2cc8ab69827
2019-08-29 08:45:31,485 [main] INFO  handler.ContextHandler (ContextHandler.java:doStart(781)) - Started o.e.j.s.ServletContextHandler@51d387d3{/logs,file:///workdir/hadoop-ozone/integration-test/target/log,AVAILABLE}
2019-08-29 08:45:31,486 [main] INFO  handler.ContextHandler (ContextHandler.java:doStart(781)) - Started o.e.j.s.ServletContextHandler@534180a2{/static,jar:file:/home/user/.m2/repository/org/apache/hadoop/hadoop-hdds-container-service/0.5.0-SNAPSHOT/hadoop-hdds-container-service-0.5.0-SNAPSHOT.jar!/webapps/static,AVAILABLE}
2019-08-29 08:45:31,517 [main] INFO  handler.ContextHandler (ContextHandler.java:doStart(781)) - Started o.e.j.w.WebAppContext@272ce069{/,file:///tmp/jetty-0.0.0.0-34600-hddsDatanode-_-any-1774961662815729509.dir/webapp/,AVAILABLE}{/hddsDatanode}
2019-08-29 08:45:31,518 [main] INFO  server.AbstractConnector (AbstractConnector.java:doStart(278)) - Started ServerConnector@3d7fb838{HTTP/1.1,[http/1.1]}{0.0.0.0:34600}
2019-08-29 08:45:31,519 [main] INFO  server.Server (Server.java:doStart(419)) - Started @40285ms
2019-08-29 08:45:31,521 [main] INFO  server.BaseHttpServer (BaseHttpServer.java:updateConnectorAddress(213)) - HTTP server of HDDSDATANODE is listening at http://0.0.0.0:34600
2019-08-29 08:45:31,521 [main] INFO  impl.MetricsSystemImpl (MetricsSystemImpl.java:init(158)) - HddsDatanode metrics system started (again)
2019-08-29 08:45:31,527 [org.apache.hadoop.util.JvmPauseMonitor$Monitor@1aa1aa9e] INFO  util.JvmPauseMonitor (JvmPauseMonitor.java:run(188)) - Starting JVM pause monitor
2019-08-29 08:45:31,532 [main] INFO  ozone.HddsDatanodeService (HddsDatanodeService.java:start(184)) - HddsDatanodeService host:pr-hdds-1909-44d2n-1519487446 ip:192.168.5.176
2019-08-29 08:45:31,539 [main] INFO  volume.HddsVolume (HddsVolume.java:<init>(176)) - Creating Volume: /workdir/hadoop-ozone/integration-test/target/test-dir/MiniOzoneClusterImpl-f455d224-3bfd-4c12-ad75-0d332897f7fa/datanode-2/data/containers/hdds of  storage type : DISK and capacity : 1482555576320
2019-08-29 08:45:31,539 [main] INFO  volume.VolumeSet (VolumeSet.java:initializeVolumeSet(170)) - Added Volume : /workdir/hadoop-ozone/integration-test/target/test-dir/MiniOzoneClusterImpl-f455d224-3bfd-4c12-ad75-0d332897f7fa/datanode-2/data/containers/hdds to VolumeSet
2019-08-29 08:45:31,539 [main] INFO  volume.ThrottledAsyncChecker (ThrottledAsyncChecker.java:schedule(140)) - Scheduling a check for org.apache.hadoop.ozone.container.common.volume.HddsVolume@2bfb6b49
2019-08-29 08:45:31,540 [main] INFO  volume.HddsVolumeChecker (HddsVolumeChecker.java:checkAllVolumes(203)) - Scheduled health check for volume org.apache.hadoop.ozone.container.common.volume.HddsVolume@2bfb6b49
2019-08-29 08:45:31,557 [main] INFO  impl.RaftServerProxy (ConfUtils.java:logGet(43)) - raft.rpc.type = GRPC (default)
2019-08-29 08:45:31,557 [main] INFO  grpc.GrpcFactory (GrpcFactory.java:checkPooledByteBufAllocatorUseCacheForAllThreads(45)) - PERFORMANCE WARNING: useCacheForAllThreads is true that may cause Netty to create a lot garbage objects and, as a result, trigger GC.
	It is recommended to disable useCacheForAllThreads by setting -Dorg.apache.ratis.thirdparty.io.netty.allocator.useCacheForAllThreads=false in command line.
2019-08-29 08:45:31,557 [main] INFO  grpc.GrpcConfigKeys$Server (ConfUtils.java:logGet(43)) - raft.grpc.server.port = 0 (default)
2019-08-29 08:45:31,558 [main] INFO  server.GrpcService (ConfUtils.java:logGet(43)) - raft.grpc.message.size.max = 33570816 (custom)
2019-08-29 08:45:31,558 [main] INFO  server.RaftServerConfigKeys (ConfUtils.java:logGet(43)) - raft.server.log.appender.buffer.byte-limit = 33554432 (custom)
2019-08-29 08:45:31,558 [main] INFO  server.GrpcService (ConfUtils.java:logGet(43)) - raft.grpc.flow.control.window = 1MB (=1048576) (default)
2019-08-29 08:45:31,559 [main] INFO  server.RaftServerConfigKeys (ConfUtils.java:logGet(43)) - raft.server.rpc.request.timeout = 3000ms (default)
2019-08-29 08:45:31,559 [main] INFO  server.RaftServerConfigKeys (ConfUtils.java:logGet(43)) - raft.server.storage.dir = [/workdir/hadoop-ozone/integration-test/target/test-dir/MiniOzoneClusterImpl-f455d224-3bfd-4c12-ad75-0d332897f7fa/datanode-2/data/ratis] (custom)
2019-08-29 08:45:31,562 [main] INFO  hdfs.DFSUtil (DFSUtil.java:httpServerTemplateForNNAndJN(1641)) - Starting Web-server for hddsDatanode at: http://0.0.0.0:0
2019-08-29 08:45:31,564 [main] INFO  server.AuthenticationFilter (AuthenticationFilter.java:constructSecretProvider(240)) - Unable to initialize FileSignerSecretProvider, falling back to use random secrets.
2019-08-29 08:45:31,565 [main] WARN  http.HttpRequestLog (HttpRequestLog.java:getRequestLog(97)) - Jetty request log can only be enabled using Log4j
2019-08-29 08:45:31,568 [main] INFO  http.HttpServer2 (HttpServer2.java:addGlobalFilter(975)) - Added global filter 'safety' (class=org.apache.hadoop.http.HttpServer2$QuotingInputFilter)
2019-08-29 08:45:31,569 [main] INFO  http.HttpServer2 (HttpServer2.java:addFilter(948)) - Added filter static_user_filter (class=org.apache.hadoop.http.lib.StaticUserWebFilter$StaticUserFilter) to context hddsDatanode
2019-08-29 08:45:31,569 [main] INFO  http.HttpServer2 (HttpServer2.java:addFilter(958)) - Added filter static_user_filter (class=org.apache.hadoop.http.lib.StaticUserWebFilter$StaticUserFilter) to context logs
2019-08-29 08:45:31,569 [main] INFO  http.HttpServer2 (HttpServer2.java:addFilter(958)) - Added filter static_user_filter (class=org.apache.hadoop.http.lib.StaticUserWebFilter$StaticUserFilter) to context static
2019-08-29 08:45:31,570 [main] INFO  http.HttpServer2 (HttpServer2.java:bindListener(1191)) - Jetty bound to port 33059
2019-08-29 08:45:31,570 [main] INFO  server.Server (Server.java:doStart(351)) - jetty-9.3.24.v20180605, build timestamp: 2018-06-05T17:11:56Z, git hash: 84205aa28f11a4f31f2a3b86d1bba2cc8ab69827
2019-08-29 08:45:31,573 [main] INFO  handler.ContextHandler (ContextHandler.java:doStart(781)) - Started o.e.j.s.ServletContextHandler@72fd8a3c{/logs,file:///workdir/hadoop-ozone/integration-test/target/log,AVAILABLE}
2019-08-29 08:45:31,573 [main] INFO  handler.ContextHandler (ContextHandler.java:doStart(781)) - Started o.e.j.s.ServletContextHandler@34780cd9{/static,jar:file:/home/user/.m2/repository/org/apache/hadoop/hadoop-hdds-container-service/0.5.0-SNAPSHOT/hadoop-hdds-container-service-0.5.0-SNAPSHOT.jar!/webapps/static,AVAILABLE}
2019-08-29 08:45:31,578 [Datanode State Machine Thread - 0] INFO  datanode.InitDatanodeState (InitDatanodeState.java:persistContainerDatanodeDetails(140)) - DatanodeDetails is persisted to /workdir/hadoop-ozone/integration-test/target/test-dir/MiniOzoneClusterImpl-f455d224-3bfd-4c12-ad75-0d332897f7fa/datanode-0/meta/datanode.id
2019-08-29 08:45:31,582 [Datanode State Machine Thread - 0] INFO  datanode.InitDatanodeState (InitDatanodeState.java:persistContainerDatanodeDetails(140)) - DatanodeDetails is persisted to /workdir/hadoop-ozone/integration-test/target/test-dir/MiniOzoneClusterImpl-f455d224-3bfd-4c12-ad75-0d332897f7fa/datanode-1/meta/datanode.id
2019-08-29 08:45:31,605 [main] INFO  handler.ContextHandler (ContextHandler.java:doStart(781)) - Started o.e.j.w.WebAppContext@64db4967{/,file:///tmp/jetty-0.0.0.0-33059-hddsDatanode-_-any-268237840956742690.dir/webapp/,AVAILABLE}{/hddsDatanode}
2019-08-29 08:45:31,606 [main] INFO  server.AbstractConnector (AbstractConnector.java:doStart(278)) - Started ServerConnector@74e6094b{HTTP/1.1,[http/1.1]}{0.0.0.0:33059}
2019-08-29 08:45:31,606 [main] INFO  server.Server (Server.java:doStart(419)) - Started @40372ms
2019-08-29 08:45:31,607 [main] INFO  server.BaseHttpServer (BaseHttpServer.java:updateConnectorAddress(213)) - HTTP server of HDDSDATANODE is listening at http://0.0.0.0:33059
2019-08-29 08:45:31,607 [main] INFO  impl.MetricsSystemImpl (MetricsSystemImpl.java:init(158)) - HddsDatanode metrics system started (again)
2019-08-29 08:45:31,610 [org.apache.hadoop.util.JvmPauseMonitor$Monitor@315ed61d] INFO  util.JvmPauseMonitor (JvmPauseMonitor.java:run(188)) - Starting JVM pause monitor
2019-08-29 08:45:31,610 [main] INFO  ozone.HddsDatanodeService (HddsDatanodeService.java:start(184)) - HddsDatanodeService host:pr-hdds-1909-44d2n-1519487446 ip:192.168.5.176
2019-08-29 08:45:31,612 [Datanode State Machine Thread - 0] INFO  datanode.InitDatanodeState (InitDatanodeState.java:persistContainerDatanodeDetails(140)) - DatanodeDetails is persisted to /workdir/hadoop-ozone/integration-test/target/test-dir/MiniOzoneClusterImpl-f455d224-3bfd-4c12-ad75-0d332897f7fa/datanode-2/meta/datanode.id
2019-08-29 08:45:31,618 [main] INFO  volume.HddsVolume (HddsVolume.java:<init>(176)) - Creating Volume: /workdir/hadoop-ozone/integration-test/target/test-dir/MiniOzoneClusterImpl-f455d224-3bfd-4c12-ad75-0d332897f7fa/datanode-3/data/containers/hdds of  storage type : DISK and capacity : 1482555576320
2019-08-29 08:45:32,864 [main] INFO  volume.VolumeSet (VolumeSet.java:initializeVolumeSet(170)) - Added Volume : /workdir/hadoop-ozone/integration-test/target/test-dir/MiniOzoneClusterImpl-f455d224-3bfd-4c12-ad75-0d332897f7fa/datanode-3/data/containers/hdds to VolumeSet
2019-08-29 08:45:32,865 [main] INFO  volume.ThrottledAsyncChecker (ThrottledAsyncChecker.java:schedule(140)) - Scheduling a check for org.apache.hadoop.ozone.container.common.volume.HddsVolume@7544ac86
2019-08-29 08:45:32,867 [main] INFO  volume.HddsVolumeChecker (HddsVolumeChecker.java:checkAllVolumes(203)) - Scheduled health check for volume org.apache.hadoop.ozone.container.common.volume.HddsVolume@7544ac86
2019-08-29 08:45:32,890 [main] INFO  impl.RaftServerProxy (ConfUtils.java:logGet(43)) - raft.rpc.type = GRPC (default)
2019-08-29 08:45:32,890 [main] INFO  grpc.GrpcFactory (GrpcFactory.java:checkPooledByteBufAllocatorUseCacheForAllThreads(45)) - PERFORMANCE WARNING: useCacheForAllThreads is true that may cause Netty to create a lot garbage objects and, as a result, trigger GC.
	It is recommended to disable useCacheForAllThreads by setting -Dorg.apache.ratis.thirdparty.io.netty.allocator.useCacheForAllThreads=false in command line.
2019-08-29 08:45:32,891 [main] INFO  grpc.GrpcConfigKeys$Server (ConfUtils.java:logGet(43)) - raft.grpc.server.port = 0 (default)
2019-08-29 08:45:32,891 [main] INFO  server.GrpcService (ConfUtils.java:logGet(43)) - raft.grpc.message.size.max = 33570816 (custom)
2019-08-29 08:45:32,891 [main] INFO  server.RaftServerConfigKeys (ConfUtils.java:logGet(43)) - raft.server.log.appender.buffer.byte-limit = 33554432 (custom)
2019-08-29 08:45:32,892 [main] INFO  server.GrpcService (ConfUtils.java:logGet(43)) - raft.grpc.flow.control.window = 1MB (=1048576) (default)
2019-08-29 08:45:32,892 [main] INFO  server.RaftServerConfigKeys (ConfUtils.java:logGet(43)) - raft.server.rpc.request.timeout = 3000ms (default)
2019-08-29 08:45:32,893 [main] INFO  server.RaftServerConfigKeys (ConfUtils.java:logGet(43)) - raft.server.storage.dir = [/workdir/hadoop-ozone/integration-test/target/test-dir/MiniOzoneClusterImpl-f455d224-3bfd-4c12-ad75-0d332897f7fa/datanode-3/data/ratis] (custom)
2019-08-29 08:45:32,895 [main] INFO  hdfs.DFSUtil (DFSUtil.java:httpServerTemplateForNNAndJN(1641)) - Starting Web-server for hddsDatanode at: http://0.0.0.0:0
2019-08-29 08:45:32,898 [main] INFO  server.AuthenticationFilter (AuthenticationFilter.java:constructSecretProvider(240)) - Unable to initialize FileSignerSecretProvider, falling back to use random secrets.
2019-08-29 08:45:32,899 [main] WARN  http.HttpRequestLog (HttpRequestLog.java:getRequestLog(97)) - Jetty request log can only be enabled using Log4j
2019-08-29 08:45:32,902 [main] INFO  http.HttpServer2 (HttpServer2.java:addGlobalFilter(975)) - Added global filter 'safety' (class=org.apache.hadoop.http.HttpServer2$QuotingInputFilter)
2019-08-29 08:45:32,903 [main] INFO  http.HttpServer2 (HttpServer2.java:addFilter(948)) - Added filter static_user_filter (class=org.apache.hadoop.http.lib.StaticUserWebFilter$StaticUserFilter) to context hddsDatanode
2019-08-29 08:45:32,904 [main] INFO  http.HttpServer2 (HttpServer2.java:addFilter(958)) - Added filter static_user_filter (class=org.apache.hadoop.http.lib.StaticUserWebFilter$StaticUserFilter) to context logs
2019-08-29 08:45:32,904 [main] INFO  http.HttpServer2 (HttpServer2.java:addFilter(958)) - Added filter static_user_filter (class=org.apache.hadoop.http.lib.StaticUserWebFilter$StaticUserFilter) to context static
2019-08-29 08:45:32,905 [main] INFO  http.HttpServer2 (HttpServer2.java:bindListener(1191)) - Jetty bound to port 42681
2019-08-29 08:45:32,906 [main] INFO  server.Server (Server.java:doStart(351)) - jetty-9.3.24.v20180605, build timestamp: 2018-06-05T17:11:56Z, git hash: 84205aa28f11a4f31f2a3b86d1bba2cc8ab69827
2019-08-29 08:45:32,910 [main] INFO  handler.ContextHandler (ContextHandler.java:doStart(781)) - Started o.e.j.s.ServletContextHandler@75181b50{/logs,file:///workdir/hadoop-ozone/integration-test/target/log,AVAILABLE}
2019-08-29 08:45:32,911 [main] INFO  handler.ContextHandler (ContextHandler.java:doStart(781)) - Started o.e.j.s.ServletContextHandler@5f254608{/static,jar:file:/home/user/.m2/repository/org/apache/hadoop/hadoop-hdds-container-service/0.5.0-SNAPSHOT/hadoop-hdds-container-service-0.5.0-SNAPSHOT.jar!/webapps/static,AVAILABLE}
2019-08-29 08:45:32,955 [main] INFO  handler.ContextHandler (ContextHandler.java:doStart(781)) - Started o.e.j.w.WebAppContext@2f4e40d7{/,file:///tmp/jetty-0.0.0.0-42681-hddsDatanode-_-any-8130585841183593296.dir/webapp/,AVAILABLE}{/hddsDatanode}
2019-08-29 08:45:32,956 [main] INFO  server.AbstractConnector (AbstractConnector.java:doStart(278)) - Started ServerConnector@60e9c3a5{HTTP/1.1,[http/1.1]}{0.0.0.0:42681}
2019-08-29 08:45:32,956 [main] INFO  server.Server (Server.java:doStart(419)) - Started @41723ms
2019-08-29 08:45:32,958 [main] INFO  server.BaseHttpServer (BaseHttpServer.java:updateConnectorAddress(213)) - HTTP server of HDDSDATANODE is listening at http://0.0.0.0:42681
2019-08-29 08:45:32,958 [main] INFO  impl.MetricsSystemImpl (MetricsSystemImpl.java:init(158)) - HddsDatanode metrics system started (again)
2019-08-29 08:45:32,961 [org.apache.hadoop.util.JvmPauseMonitor$Monitor@7383ecc4] INFO  util.JvmPauseMonitor (JvmPauseMonitor.java:run(188)) - Starting JVM pause monitor
2019-08-29 08:45:32,963 [main] INFO  ozone.HddsDatanodeService (HddsDatanodeService.java:start(184)) - HddsDatanodeService host:pr-hdds-1909-44d2n-1519487446 ip:192.168.5.176
2019-08-29 08:45:32,965 [Datanode State Machine Thread - 0] INFO  datanode.InitDatanodeState (InitDatanodeState.java:persistContainerDatanodeDetails(140)) - DatanodeDetails is persisted to /workdir/hadoop-ozone/integration-test/target/test-dir/MiniOzoneClusterImpl-f455d224-3bfd-4c12-ad75-0d332897f7fa/datanode-3/meta/datanode.id
2019-08-29 08:45:32,973 [main] INFO  volume.HddsVolume (HddsVolume.java:<init>(176)) - Creating Volume: /workdir/hadoop-ozone/integration-test/target/test-dir/MiniOzoneClusterImpl-f455d224-3bfd-4c12-ad75-0d332897f7fa/datanode-4/data/containers/hdds of  storage type : DISK and capacity : 1482555576320
2019-08-29 08:45:32,974 [main] INFO  volume.VolumeSet (VolumeSet.java:initializeVolumeSet(170)) - Added Volume : /workdir/hadoop-ozone/integration-test/target/test-dir/MiniOzoneClusterImpl-f455d224-3bfd-4c12-ad75-0d332897f7fa/datanode-4/data/containers/hdds to VolumeSet
2019-08-29 08:45:32,974 [main] INFO  volume.ThrottledAsyncChecker (ThrottledAsyncChecker.java:schedule(140)) - Scheduling a check for org.apache.hadoop.ozone.container.common.volume.HddsVolume@3078cac
2019-08-29 08:45:32,975 [main] INFO  volume.HddsVolumeChecker (HddsVolumeChecker.java:checkAllVolumes(203)) - Scheduled health check for volume org.apache.hadoop.ozone.container.common.volume.HddsVolume@3078cac
2019-08-29 08:45:32,991 [main] INFO  impl.RaftServerProxy (ConfUtils.java:logGet(43)) - raft.rpc.type = GRPC (default)
2019-08-29 08:45:32,991 [main] INFO  grpc.GrpcFactory (GrpcFactory.java:checkPooledByteBufAllocatorUseCacheForAllThreads(45)) - PERFORMANCE WARNING: useCacheForAllThreads is true that may cause Netty to create a lot garbage objects and, as a result, trigger GC.
	It is recommended to disable useCacheForAllThreads by setting -Dorg.apache.ratis.thirdparty.io.netty.allocator.useCacheForAllThreads=false in command line.
2019-08-29 08:45:32,991 [main] INFO  grpc.GrpcConfigKeys$Server (ConfUtils.java:logGet(43)) - raft.grpc.server.port = 0 (default)
2019-08-29 08:45:32,992 [main] INFO  server.GrpcService (ConfUtils.java:logGet(43)) - raft.grpc.message.size.max = 33570816 (custom)
2019-08-29 08:45:32,992 [main] INFO  server.RaftServerConfigKeys (ConfUtils.java:logGet(43)) - raft.server.log.appender.buffer.byte-limit = 33554432 (custom)
2019-08-29 08:45:32,992 [main] INFO  server.GrpcService (ConfUtils.java:logGet(43)) - raft.grpc.flow.control.window = 1MB (=1048576) (default)
2019-08-29 08:45:32,992 [main] INFO  server.RaftServerConfigKeys (ConfUtils.java:logGet(43)) - raft.server.rpc.request.timeout = 3000ms (default)
2019-08-29 08:45:32,993 [main] INFO  server.RaftServerConfigKeys (ConfUtils.java:logGet(43)) - raft.server.storage.dir = [/workdir/hadoop-ozone/integration-test/target/test-dir/MiniOzoneClusterImpl-f455d224-3bfd-4c12-ad75-0d332897f7fa/datanode-4/data/ratis] (custom)
2019-08-29 08:45:32,995 [main] INFO  hdfs.DFSUtil (DFSUtil.java:httpServerTemplateForNNAndJN(1641)) - Starting Web-server for hddsDatanode at: http://0.0.0.0:0
2019-08-29 08:45:32,996 [main] INFO  server.AuthenticationFilter (AuthenticationFilter.java:constructSecretProvider(240)) - Unable to initialize FileSignerSecretProvider, falling back to use random secrets.
2019-08-29 08:45:32,997 [main] WARN  http.HttpRequestLog (HttpRequestLog.java:getRequestLog(97)) - Jetty request log can only be enabled using Log4j
2019-08-29 08:45:32,998 [main] INFO  http.HttpServer2 (HttpServer2.java:addGlobalFilter(975)) - Added global filter 'safety' (class=org.apache.hadoop.http.HttpServer2$QuotingInputFilter)
2019-08-29 08:45:32,999 [main] INFO  http.HttpServer2 (HttpServer2.java:addFilter(948)) - Added filter static_user_filter (class=org.apache.hadoop.http.lib.StaticUserWebFilter$StaticUserFilter) to context hddsDatanode
2019-08-29 08:45:32,999 [main] INFO  http.HttpServer2 (HttpServer2.java:addFilter(958)) - Added filter static_user_filter (class=org.apache.hadoop.http.lib.StaticUserWebFilter$StaticUserFilter) to context logs
2019-08-29 08:45:32,999 [main] INFO  http.HttpServer2 (HttpServer2.java:addFilter(958)) - Added filter static_user_filter (class=org.apache.hadoop.http.lib.StaticUserWebFilter$StaticUserFilter) to context static
2019-08-29 08:45:33,000 [main] INFO  http.HttpServer2 (HttpServer2.java:bindListener(1191)) - Jetty bound to port 34163
2019-08-29 08:45:33,000 [main] INFO  server.Server (Server.java:doStart(351)) - jetty-9.3.24.v20180605, build timestamp: 2018-06-05T17:11:56Z, git hash: 84205aa28f11a4f31f2a3b86d1bba2cc8ab69827
2019-08-29 08:45:33,003 [main] INFO  handler.ContextHandler (ContextHandler.java:doStart(781)) - Started o.e.j.s.ServletContextHandler@58740366{/logs,file:///workdir/hadoop-ozone/integration-test/target/log,AVAILABLE}
2019-08-29 08:45:33,004 [main] INFO  handler.ContextHandler (ContextHandler.java:doStart(781)) - Started o.e.j.s.ServletContextHandler@2bc426f0{/static,jar:file:/home/user/.m2/repository/org/apache/hadoop/hadoop-hdds-container-service/0.5.0-SNAPSHOT/hadoop-hdds-container-service-0.5.0-SNAPSHOT.jar!/webapps/static,AVAILABLE}
2019-08-29 08:45:33,038 [main] INFO  handler.ContextHandler (ContextHandler.java:doStart(781)) - Started o.e.j.w.WebAppContext@33063f5b{/,file:///tmp/jetty-0.0.0.0-34163-hddsDatanode-_-any-8816439284573899176.dir/webapp/,AVAILABLE}{/hddsDatanode}
2019-08-29 08:45:33,039 [main] INFO  server.AbstractConnector (AbstractConnector.java:doStart(278)) - Started ServerConnector@15405bd6{HTTP/1.1,[http/1.1]}{0.0.0.0:34163}
2019-08-29 08:45:33,040 [main] INFO  server.Server (Server.java:doStart(419)) - Started @41806ms
2019-08-29 08:45:33,041 [main] INFO  server.BaseHttpServer (BaseHttpServer.java:updateConnectorAddress(213)) - HTTP server of HDDSDATANODE is listening at http://0.0.0.0:34163
2019-08-29 08:45:33,041 [main] INFO  impl.MetricsSystemImpl (MetricsSystemImpl.java:init(158)) - HddsDatanode metrics system started (again)
2019-08-29 08:45:33,044 [org.apache.hadoop.util.JvmPauseMonitor$Monitor@925a10] INFO  util.JvmPauseMonitor (JvmPauseMonitor.java:run(188)) - Starting JVM pause monitor
2019-08-29 08:45:33,046 [main] INFO  ozone.HddsDatanodeService (HddsDatanodeService.java:start(184)) - HddsDatanodeService host:pr-hdds-1909-44d2n-1519487446 ip:192.168.5.176
2019-08-29 08:45:33,047 [Datanode State Machine Thread - 0] INFO  datanode.InitDatanodeState (InitDatanodeState.java:persistContainerDatanodeDetails(140)) - DatanodeDetails is persisted to /workdir/hadoop-ozone/integration-test/target/test-dir/MiniOzoneClusterImpl-f455d224-3bfd-4c12-ad75-0d332897f7fa/datanode-4/meta/datanode.id
2019-08-29 08:45:33,055 [main] INFO  volume.HddsVolume (HddsVolume.java:<init>(176)) - Creating Volume: /workdir/hadoop-ozone/integration-test/target/test-dir/MiniOzoneClusterImpl-f455d224-3bfd-4c12-ad75-0d332897f7fa/datanode-5/data/containers/hdds of  storage type : DISK and capacity : 1482555576320
2019-08-29 08:45:33,056 [main] INFO  volume.VolumeSet (VolumeSet.java:initializeVolumeSet(170)) - Added Volume : /workdir/hadoop-ozone/integration-test/target/test-dir/MiniOzoneClusterImpl-f455d224-3bfd-4c12-ad75-0d332897f7fa/datanode-5/data/containers/hdds to VolumeSet
2019-08-29 08:45:33,056 [main] INFO  volume.ThrottledAsyncChecker (ThrottledAsyncChecker.java:schedule(140)) - Scheduling a check for org.apache.hadoop.ozone.container.common.volume.HddsVolume@765ffb14
2019-08-29 08:45:33,057 [main] INFO  volume.HddsVolumeChecker (HddsVolumeChecker.java:checkAllVolumes(203)) - Scheduled health check for volume org.apache.hadoop.ozone.container.common.volume.HddsVolume@765ffb14
2019-08-29 08:45:33,076 [main] INFO  impl.RaftServerProxy (ConfUtils.java:logGet(43)) - raft.rpc.type = GRPC (default)
2019-08-29 08:45:33,076 [main] INFO  grpc.GrpcFactory (GrpcFactory.java:checkPooledByteBufAllocatorUseCacheForAllThreads(45)) - PERFORMANCE WARNING: useCacheForAllThreads is true that may cause Netty to create a lot garbage objects and, as a result, trigger GC.
	It is recommended to disable useCacheForAllThreads by setting -Dorg.apache.ratis.thirdparty.io.netty.allocator.useCacheForAllThreads=false in command line.
2019-08-29 08:45:33,076 [main] INFO  grpc.GrpcConfigKeys$Server (ConfUtils.java:logGet(43)) - raft.grpc.server.port = 0 (default)
2019-08-29 08:45:33,077 [main] INFO  server.GrpcService (ConfUtils.java:logGet(43)) - raft.grpc.message.size.max = 33570816 (custom)
2019-08-29 08:45:33,077 [main] INFO  server.RaftServerConfigKeys (ConfUtils.java:logGet(43)) - raft.server.log.appender.buffer.byte-limit = 33554432 (custom)
2019-08-29 08:45:33,077 [main] INFO  server.GrpcService (ConfUtils.java:logGet(43)) - raft.grpc.flow.control.window = 1MB (=1048576) (default)
2019-08-29 08:45:33,077 [main] INFO  server.RaftServerConfigKeys (ConfUtils.java:logGet(43)) - raft.server.rpc.request.timeout = 3000ms (default)
2019-08-29 08:45:33,078 [main] INFO  server.RaftServerConfigKeys (ConfUtils.java:logGet(43)) - raft.server.storage.dir = [/workdir/hadoop-ozone/integration-test/target/test-dir/MiniOzoneClusterImpl-f455d224-3bfd-4c12-ad75-0d332897f7fa/datanode-5/data/ratis] (custom)
2019-08-29 08:45:33,080 [main] INFO  hdfs.DFSUtil (DFSUtil.java:httpServerTemplateForNNAndJN(1641)) - Starting Web-server for hddsDatanode at: http://0.0.0.0:0
2019-08-29 08:45:33,081 [main] INFO  server.AuthenticationFilter (AuthenticationFilter.java:constructSecretProvider(240)) - Unable to initialize FileSignerSecretProvider, falling back to use random secrets.
2019-08-29 08:45:33,082 [main] WARN  http.HttpRequestLog (HttpRequestLog.java:getRequestLog(97)) - Jetty request log can only be enabled using Log4j
2019-08-29 08:45:33,084 [main] INFO  http.HttpServer2 (HttpServer2.java:addGlobalFilter(975)) - Added global filter 'safety' (class=org.apache.hadoop.http.HttpServer2$QuotingInputFilter)
2019-08-29 08:45:33,085 [main] INFO  http.HttpServer2 (HttpServer2.java:addFilter(948)) - Added filter static_user_filter (class=org.apache.hadoop.http.lib.StaticUserWebFilter$StaticUserFilter) to context hddsDatanode
2019-08-29 08:45:33,085 [main] INFO  http.HttpServer2 (HttpServer2.java:addFilter(958)) - Added filter static_user_filter (class=org.apache.hadoop.http.lib.StaticUserWebFilter$StaticUserFilter) to context logs
2019-08-29 08:45:33,085 [main] INFO  http.HttpServer2 (HttpServer2.java:addFilter(958)) - Added filter static_user_filter (class=org.apache.hadoop.http.lib.StaticUserWebFilter$StaticUserFilter) to context static
2019-08-29 08:45:33,086 [main] INFO  http.HttpServer2 (HttpServer2.java:bindListener(1191)) - Jetty bound to port 33834
2019-08-29 08:45:33,086 [main] INFO  server.Server (Server.java:doStart(351)) - jetty-9.3.24.v20180605, build timestamp: 2018-06-05T17:11:56Z, git hash: 84205aa28f11a4f31f2a3b86d1bba2cc8ab69827
2019-08-29 08:45:33,088 [main] INFO  handler.ContextHandler (ContextHandler.java:doStart(781)) - Started o.e.j.s.ServletContextHandler@5578be42{/logs,file:///workdir/hadoop-ozone/integration-test/target/log,AVAILABLE}
2019-08-29 08:45:33,088 [main] INFO  handler.ContextHandler (ContextHandler.java:doStart(781)) - Started o.e.j.s.ServletContextHandler@136965e3{/static,jar:file:/home/user/.m2/repository/org/apache/hadoop/hadoop-hdds-container-service/0.5.0-SNAPSHOT/hadoop-hdds-container-service-0.5.0-SNAPSHOT.jar!/webapps/static,AVAILABLE}
2019-08-29 08:45:33,118 [main] INFO  handler.ContextHandler (ContextHandler.java:doStart(781)) - Started o.e.j.w.WebAppContext@3c87fdf2{/,file:///tmp/jetty-0.0.0.0-33834-hddsDatanode-_-any-6714956426915713285.dir/webapp/,AVAILABLE}{/hddsDatanode}
2019-08-29 08:45:33,120 [main] INFO  server.AbstractConnector (AbstractConnector.java:doStart(278)) - Started ServerConnector@26bbe604{HTTP/1.1,[http/1.1]}{0.0.0.0:33834}
2019-08-29 08:45:33,120 [main] INFO  server.Server (Server.java:doStart(419)) - Started @41887ms
2019-08-29 08:45:33,122 [main] INFO  server.BaseHttpServer (BaseHttpServer.java:updateConnectorAddress(213)) - HTTP server of HDDSDATANODE is listening at http://0.0.0.0:33834
2019-08-29 08:45:33,123 [main] INFO  impl.MetricsSystemImpl (MetricsSystemImpl.java:init(158)) - HddsDatanode metrics system started (again)
2019-08-29 08:45:33,127 [org.apache.hadoop.util.JvmPauseMonitor$Monitor@3eaeb0a5] INFO  util.JvmPauseMonitor (JvmPauseMonitor.java:run(188)) - Starting JVM pause monitor
2019-08-29 08:45:33,129 [main] INFO  ozone.HddsDatanodeService (HddsDatanodeService.java:start(184)) - HddsDatanodeService host:pr-hdds-1909-44d2n-1519487446 ip:192.168.5.176
2019-08-29 08:45:33,129 [Datanode State Machine Thread - 0] INFO  datanode.InitDatanodeState (InitDatanodeState.java:persistContainerDatanodeDetails(140)) - DatanodeDetails is persisted to /workdir/hadoop-ozone/integration-test/target/test-dir/MiniOzoneClusterImpl-f455d224-3bfd-4c12-ad75-0d332897f7fa/datanode-5/meta/datanode.id
2019-08-29 08:45:33,136 [main] INFO  volume.HddsVolume (HddsVolume.java:<init>(176)) - Creating Volume: /workdir/hadoop-ozone/integration-test/target/test-dir/MiniOzoneClusterImpl-f455d224-3bfd-4c12-ad75-0d332897f7fa/datanode-6/data/containers/hdds of  storage type : DISK and capacity : 1482555576320
2019-08-29 08:45:33,137 [main] INFO  volume.VolumeSet (VolumeSet.java:initializeVolumeSet(170)) - Added Volume : /workdir/hadoop-ozone/integration-test/target/test-dir/MiniOzoneClusterImpl-f455d224-3bfd-4c12-ad75-0d332897f7fa/datanode-6/data/containers/hdds to VolumeSet
2019-08-29 08:45:33,137 [main] INFO  volume.ThrottledAsyncChecker (ThrottledAsyncChecker.java:schedule(140)) - Scheduling a check for org.apache.hadoop.ozone.container.common.volume.HddsVolume@640ab13c
2019-08-29 08:45:33,138 [main] INFO  volume.HddsVolumeChecker (HddsVolumeChecker.java:checkAllVolumes(203)) - Scheduled health check for volume org.apache.hadoop.ozone.container.common.volume.HddsVolume@640ab13c
2019-08-29 08:45:33,161 [main] INFO  impl.RaftServerProxy (ConfUtils.java:logGet(43)) - raft.rpc.type = GRPC (default)
2019-08-29 08:45:33,162 [main] INFO  grpc.GrpcFactory (GrpcFactory.java:checkPooledByteBufAllocatorUseCacheForAllThreads(45)) - PERFORMANCE WARNING: useCacheForAllThreads is true that may cause Netty to create a lot garbage objects and, as a result, trigger GC.
	It is recommended to disable useCacheForAllThreads by setting -Dorg.apache.ratis.thirdparty.io.netty.allocator.useCacheForAllThreads=false in command line.
2019-08-29 08:45:33,162 [main] INFO  grpc.GrpcConfigKeys$Server (ConfUtils.java:logGet(43)) - raft.grpc.server.port = 0 (default)
2019-08-29 08:45:33,162 [main] INFO  server.GrpcService (ConfUtils.java:logGet(43)) - raft.grpc.message.size.max = 33570816 (custom)
2019-08-29 08:45:33,163 [main] INFO  server.RaftServerConfigKeys (ConfUtils.java:logGet(43)) - raft.server.log.appender.buffer.byte-limit = 33554432 (custom)
2019-08-29 08:45:33,163 [main] INFO  server.GrpcService (ConfUtils.java:logGet(43)) - raft.grpc.flow.control.window = 1MB (=1048576) (default)
2019-08-29 08:45:33,163 [main] INFO  server.RaftServerConfigKeys (ConfUtils.java:logGet(43)) - raft.server.rpc.request.timeout = 3000ms (default)
2019-08-29 08:45:33,164 [main] INFO  server.RaftServerConfigKeys (ConfUtils.java:logGet(43)) - raft.server.storage.dir = [/workdir/hadoop-ozone/integration-test/target/test-dir/MiniOzoneClusterImpl-f455d224-3bfd-4c12-ad75-0d332897f7fa/datanode-6/data/ratis] (custom)
2019-08-29 08:45:33,167 [main] INFO  hdfs.DFSUtil (DFSUtil.java:httpServerTemplateForNNAndJN(1641)) - Starting Web-server for hddsDatanode at: http://0.0.0.0:0
2019-08-29 08:45:33,168 [main] INFO  server.AuthenticationFilter (AuthenticationFilter.java:constructSecretProvider(240)) - Unable to initialize FileSignerSecretProvider, falling back to use random secrets.
2019-08-29 08:45:33,169 [main] WARN  http.HttpRequestLog (HttpRequestLog.java:getRequestLog(97)) - Jetty request log can only be enabled using Log4j
2019-08-29 08:45:33,171 [main] INFO  http.HttpServer2 (HttpServer2.java:addGlobalFilter(975)) - Added global filter 'safety' (class=org.apache.hadoop.http.HttpServer2$QuotingInputFilter)
2019-08-29 08:45:33,172 [main] INFO  http.HttpServer2 (HttpServer2.java:addFilter(948)) - Added filter static_user_filter (class=org.apache.hadoop.http.lib.StaticUserWebFilter$StaticUserFilter) to context hddsDatanode
2019-08-29 08:45:33,172 [main] INFO  http.HttpServer2 (HttpServer2.java:addFilter(958)) - Added filter static_user_filter (class=org.apache.hadoop.http.lib.StaticUserWebFilter$StaticUserFilter) to context logs
2019-08-29 08:45:33,172 [main] INFO  http.HttpServer2 (HttpServer2.java:addFilter(958)) - Added filter static_user_filter (class=org.apache.hadoop.http.lib.StaticUserWebFilter$StaticUserFilter) to context static
2019-08-29 08:45:33,173 [main] INFO  http.HttpServer2 (HttpServer2.java:bindListener(1191)) - Jetty bound to port 33741
2019-08-29 08:45:33,173 [main] INFO  server.Server (Server.java:doStart(351)) - jetty-9.3.24.v20180605, build timestamp: 2018-06-05T17:11:56Z, git hash: 84205aa28f11a4f31f2a3b86d1bba2cc8ab69827
2019-08-29 08:45:33,175 [main] INFO  handler.ContextHandler (ContextHandler.java:doStart(781)) - Started o.e.j.s.ServletContextHandler@7bab5898{/logs,file:///workdir/hadoop-ozone/integration-test/target/log,AVAILABLE}
2019-08-29 08:45:33,176 [main] INFO  handler.ContextHandler (ContextHandler.java:doStart(781)) - Started o.e.j.s.ServletContextHandler@feb98ef{/static,jar:file:/home/user/.m2/repository/org/apache/hadoop/hadoop-hdds-container-service/0.5.0-SNAPSHOT/hadoop-hdds-container-service-0.5.0-SNAPSHOT.jar!/webapps/static,AVAILABLE}
2019-08-29 08:45:33,207 [main] INFO  handler.ContextHandler (ContextHandler.java:doStart(781)) - Started o.e.j.w.WebAppContext@17dd671f{/,file:///tmp/jetty-0.0.0.0-33741-hddsDatanode-_-any-3630058447104076975.dir/webapp/,AVAILABLE}{/hddsDatanode}
2019-08-29 08:45:33,209 [main] INFO  server.AbstractConnector (AbstractConnector.java:doStart(278)) - Started ServerConnector@3bbf6abe{HTTP/1.1,[http/1.1]}{0.0.0.0:33741}
2019-08-29 08:45:33,209 [main] INFO  server.Server (Server.java:doStart(419)) - Started @41976ms
2019-08-29 08:45:33,210 [main] INFO  server.BaseHttpServer (BaseHttpServer.java:updateConnectorAddress(213)) - HTTP server of HDDSDATANODE is listening at http://0.0.0.0:33741
2019-08-29 08:45:33,213 [main] INFO  ozone.MiniOzoneClusterImpl (MiniOzoneClusterImpl.java:lambda$waitForClusterToBeReady$0(140)) - Waiting for cluster to be ready. Got 0 of 7 DN Heartbeats.
2019-08-29 08:45:33,214 [org.apache.hadoop.util.JvmPauseMonitor$Monitor@401a3bc] INFO  util.JvmPauseMonitor (JvmPauseMonitor.java:run(188)) - Starting JVM pause monitor
2019-08-29 08:45:33,216 [Datanode State Machine Thread - 0] INFO  datanode.InitDatanodeState (InitDatanodeState.java:persistContainerDatanodeDetails(140)) - DatanodeDetails is persisted to /workdir/hadoop-ozone/integration-test/target/test-dir/MiniOzoneClusterImpl-f455d224-3bfd-4c12-ad75-0d332897f7fa/datanode-6/meta/datanode.id
2019-08-29 08:45:33,470 | INFO  | SCMAudit | user=jenkins1000 | ip=192.168.5.176 | op=GET_VERSION null | ret=SUCCESS |  
2019-08-29 08:45:33,531 | INFO  | SCMAudit | user=jenkins1000 | ip=192.168.5.176 | op=GET_VERSION null | ret=SUCCESS |  
2019-08-29 08:45:33,613 | INFO  | SCMAudit | user=jenkins1000 | ip=192.168.5.176 | op=GET_VERSION null | ret=SUCCESS |  
2019-08-29 08:45:34,213 [main] INFO  ozone.MiniOzoneClusterImpl (MiniOzoneClusterImpl.java:lambda$waitForClusterToBeReady$0(140)) - Waiting for cluster to be ready. Got 0 of 7 DN Heartbeats.
2019-08-29 08:45:34,963 | INFO  | SCMAudit | user=jenkins1000 | ip=192.168.5.176 | op=GET_VERSION null | ret=SUCCESS |  
2019-08-29 08:45:35,047 | INFO  | SCMAudit | user=jenkins1000 | ip=192.168.5.176 | op=GET_VERSION null | ret=SUCCESS |  
2019-08-29 08:45:35,130 | INFO  | SCMAudit | user=jenkins1000 | ip=192.168.5.176 | op=GET_VERSION null | ret=SUCCESS |  
2019-08-29 08:45:35,214 [main] INFO  ozone.MiniOzoneClusterImpl (MiniOzoneClusterImpl.java:lambda$waitForClusterToBeReady$0(140)) - Waiting for cluster to be ready. Got 0 of 7 DN Heartbeats.
2019-08-29 08:45:35,216 | INFO  | SCMAudit | user=jenkins1000 | ip=192.168.5.176 | op=GET_VERSION null | ret=SUCCESS |  
2019-08-29 08:45:36,214 [main] INFO  ozone.MiniOzoneClusterImpl (MiniOzoneClusterImpl.java:lambda$waitForClusterToBeReady$0(140)) - Waiting for cluster to be ready. Got 0 of 7 DN Heartbeats.
2019-08-29 08:45:37,215 [main] INFO  ozone.MiniOzoneClusterImpl (MiniOzoneClusterImpl.java:lambda$waitForClusterToBeReady$0(140)) - Waiting for cluster to be ready. Got 0 of 7 DN Heartbeats.
2019-08-29 08:45:37,342 [Datanode State Machine Thread - 0] INFO  ozoneimpl.OzoneContainer (OzoneContainer.java:start(201)) - Attempting to start container services.
2019-08-29 08:45:37,342 [Datanode State Machine Thread - 0] INFO  ozoneimpl.OzoneContainer (OzoneContainer.java:start(201)) - Attempting to start container services.
2019-08-29 08:45:37,345 [Datanode State Machine Thread - 0] INFO  ozoneimpl.OzoneContainer (OzoneContainer.java:startContainerScrub(175)) - Background container scrubber has been disabled by hdds.containerscrub.enabled
2019-08-29 08:45:37,342 [Datanode State Machine Thread - 0] INFO  ozoneimpl.OzoneContainer (OzoneContainer.java:start(201)) - Attempting to start container services.
2019-08-29 08:45:37,347 [Datanode State Machine Thread - 0] INFO  ratis.XceiverServerRatis (XceiverServerRatis.java:start(393)) - Starting XceiverServerRatis e5fd3c67-4f38-41ed-8073-51136f0efc00 at port 0
2019-08-29 08:45:37,347 [Datanode State Machine Thread - 0] INFO  ozoneimpl.OzoneContainer (OzoneContainer.java:startContainerScrub(175)) - Background container scrubber has been disabled by hdds.containerscrub.enabled
2019-08-29 08:45:37,352 [Datanode State Machine Thread - 0] INFO  ozoneimpl.OzoneContainer (OzoneContainer.java:startContainerScrub(175)) - Background container scrubber has been disabled by hdds.containerscrub.enabled
2019-08-29 08:45:37,353 [Datanode State Machine Thread - 0] INFO  ratis.XceiverServerRatis (XceiverServerRatis.java:start(393)) - Starting XceiverServerRatis 73bbc9c5-70f7-4fc8-a304-e36fb1a7c836 at port 0
2019-08-29 08:45:37,354 [Datanode State Machine Thread - 0] INFO  ratis.XceiverServerRatis (XceiverServerRatis.java:start(393)) - Starting XceiverServerRatis 4204fb3a-7736-45d2-bbed-750a692783ae at port 0
2019-08-29 08:45:37,380 [Datanode State Machine Thread - 0] INFO  impl.RaftServerProxy (RaftServerProxy.java:lambda$start$3(299)) - 4204fb3a-7736-45d2-bbed-750a692783ae: start RPC server
2019-08-29 08:45:37,381 [Datanode State Machine Thread - 0] INFO  impl.RaftServerProxy (RaftServerProxy.java:lambda$start$3(299)) - 73bbc9c5-70f7-4fc8-a304-e36fb1a7c836: start RPC server
2019-08-29 08:45:37,380 [Datanode State Machine Thread - 0] INFO  impl.RaftServerProxy (RaftServerProxy.java:lambda$start$3(299)) - e5fd3c67-4f38-41ed-8073-51136f0efc00: start RPC server
2019-08-29 08:45:37,516 [Datanode State Machine Thread - 0] INFO  server.GrpcService (GrpcService.java:startImpl(149)) - e5fd3c67-4f38-41ed-8073-51136f0efc00: GrpcService started, listening on 0.0.0.0/0.0.0.0:38915
2019-08-29 08:45:37,516 [Datanode State Machine Thread - 0] INFO  server.GrpcService (GrpcService.java:startImpl(149)) - 73bbc9c5-70f7-4fc8-a304-e36fb1a7c836: GrpcService started, listening on 0.0.0.0/0.0.0.0:37393
2019-08-29 08:45:37,516 [Datanode State Machine Thread - 0] INFO  server.GrpcService (GrpcService.java:startImpl(149)) - 4204fb3a-7736-45d2-bbed-750a692783ae: GrpcService started, listening on 0.0.0.0/0.0.0.0:46077
2019-08-29 08:45:37,517 [Datanode State Machine Thread - 0] INFO  ratis.XceiverServerRatis (XceiverServerRatis.java:start(403)) - XceiverServerRatis 73bbc9c5-70f7-4fc8-a304-e36fb1a7c836 is started using port 37393
2019-08-29 08:45:37,517 [Datanode State Machine Thread - 0] INFO  ratis.XceiverServerRatis (XceiverServerRatis.java:start(403)) - XceiverServerRatis e5fd3c67-4f38-41ed-8073-51136f0efc00 is started using port 38915
2019-08-29 08:45:37,517 [Datanode State Machine Thread - 0] INFO  ratis.XceiverServerRatis (XceiverServerRatis.java:start(403)) - XceiverServerRatis 4204fb3a-7736-45d2-bbed-750a692783ae is started using port 46077
2019-08-29 08:45:37,524 [Datanode State Machine Thread - 0] INFO  server.XceiverServerGrpc (XceiverServerGrpc.java:start(163)) - XceiverServerGrpc e5fd3c67-4f38-41ed-8073-51136f0efc00 is started using port 34240
2019-08-29 08:45:37,524 [Datanode State Machine Thread - 0] INFO  server.XceiverServerGrpc (XceiverServerGrpc.java:start(163)) - XceiverServerGrpc 73bbc9c5-70f7-4fc8-a304-e36fb1a7c836 is started using port 39679
2019-08-29 08:45:37,525 [Datanode State Machine Thread - 0] INFO  server.XceiverServerGrpc (XceiverServerGrpc.java:start(163)) - XceiverServerGrpc 4204fb3a-7736-45d2-bbed-750a692783ae is started using port 39431
2019-08-29 08:45:37,573 [IPC Server handler 5 on 42040] INFO  net.NetworkTopology (NetworkTopologyImpl.java:add(110)) - Added a new node: /default-rack/4204fb3a-7736-45d2-bbed-750a692783ae
2019-08-29 08:45:37,573 [IPC Server handler 5 on 42040] INFO  node.SCMNodeManager (SCMNodeManager.java:register(273)) - Registered Data node : 4204fb3a-7736-45d2-bbed-750a692783ae{ip: 192.168.5.176, host: pr-hdds-1909-44d2n-1519487446, networkLocation: /default-rack, certSerialId: null}
2019-08-29 08:45:37,576 [EventQueue-NodeRegistrationContainerReportForDataNodeSafeModeRule] INFO  safemode.SCMSafeModeManager (DataNodeSafeModeRule.java:process(71)) - SCM in safe mode. 1 DataNodes registered, 1 required.
2019-08-29 08:45:37,576 [EventQueue-NodeRegistrationContainerReportForDataNodeSafeModeRule] INFO  safemode.SCMSafeModeManager (SCMSafeModeManager.java:validateSafeModeExitRules(177)) - ScmSafeModeManager, all rules are successfully validated
2019-08-29 08:45:37,577 [EventQueue-NodeRegistrationContainerReportForDataNodeSafeModeRule] INFO  safemode.SCMSafeModeManager (SCMSafeModeManager.java:exitSafeMode(193)) - SCM exiting safe mode.
2019-08-29 08:45:37,581 | INFO  | SCMAudit | user=jenkins1000 | ip=192.168.5.176 | op=REGISTER {datanodeDetails=4204fb3a-7736-45d2-bbed-750a692783ae{ip: 192.168.5.176, host: pr-hdds-1909-44d2n-1519487446, networkLocation: /default-rack, certSerialId: null}} | ret=SUCCESS |  
2019-08-29 08:45:37,616 [IPC Server handler 1 on 42040] INFO  net.NetworkTopology (NetworkTopologyImpl.java:add(110)) - Added a new node: /default-rack/e5fd3c67-4f38-41ed-8073-51136f0efc00
2019-08-29 08:45:37,616 [IPC Server handler 1 on 42040] INFO  node.SCMNodeManager (SCMNodeManager.java:register(273)) - Registered Data node : e5fd3c67-4f38-41ed-8073-51136f0efc00{ip: 192.168.5.176, host: pr-hdds-1909-44d2n-1519487446, networkLocation: /default-rack, certSerialId: null}
2019-08-29 08:45:37,616 | INFO  | SCMAudit | user=jenkins1000 | ip=192.168.5.176 | op=REGISTER {datanodeDetails=e5fd3c67-4f38-41ed-8073-51136f0efc00{ip: 192.168.5.176, host: pr-hdds-1909-44d2n-1519487446, networkLocation: /default-rack, certSerialId: null}} | ret=SUCCESS |  
2019-08-29 08:45:38,055 [grpc-default-executor-0] INFO  impl.RaftServerProxy (RaftServerProxy.java:addNew(89)) - 4204fb3a-7736-45d2-bbed-750a692783ae: addNew group-2283A7DB27FA:[4204fb3a-7736-45d2-bbed-750a692783ae:192.168.5.176:46077] returns group-2283A7DB27FA:java.util.concurrent.CompletableFuture@2c381a49[Not completed]
2019-08-29 08:45:38,072 [pool-37-thread-1] INFO  impl.RaftServerImpl (RaftServerImpl.java:<init>(93)) - 4204fb3a-7736-45d2-bbed-750a692783ae: new RaftServerImpl for group-2283A7DB27FA:[4204fb3a-7736-45d2-bbed-750a692783ae:192.168.5.176:46077] with ContainerStateMachine:uninitialized
2019-08-29 08:45:38,074 [pool-37-thread-1] INFO  server.RaftServerConfigKeys (ConfUtils.java:logGet(43)) - raft.server.rpc.timeout.min = 5s (custom)
2019-08-29 08:45:38,075 [pool-37-thread-1] INFO  server.RaftServerConfigKeys (ConfUtils.java:logGet(43)) - raft.server.rpc.timeout.max = 5200ms (custom)
2019-08-29 08:45:38,075 [pool-37-thread-1] INFO  server.RaftServerConfigKeys (ConfUtils.java:logGet(43)) - raft.server.rpcslowness.timeout = 120s (custom)
2019-08-29 08:45:38,076 [pool-37-thread-1] INFO  server.RaftServerConfigKeys (ConfUtils.java:logGet(43)) - raft.server.sleep.deviation.threshold = 300 (default)
2019-08-29 08:45:38,077 [pool-37-thread-1] INFO  server.RaftServerConfigKeys (ConfUtils.java:logGet(43)) - raft.server.log.appender.install.snapshot.enabled = false (custom)
2019-08-29 08:45:38,088 [pool-37-thread-1] INFO  impl.RaftServerImpl (ServerState.java:<init>(105)) - 4204fb3a-7736-45d2-bbed-750a692783ae:group-2283A7DB27FA ConfigurationManager, init=-1: [4204fb3a-7736-45d2-bbed-750a692783ae:192.168.5.176:46077], old=null, confs=<EMPTY_MAP>
2019-08-29 08:45:38,089 [pool-37-thread-1] INFO  server.RaftServerConfigKeys (ConfUtils.java:logGet(43)) - raft.server.storage.dir = [/workdir/hadoop-ozone/integration-test/target/test-dir/MiniOzoneClusterImpl-f455d224-3bfd-4c12-ad75-0d332897f7fa/datanode-1/data/ratis] (custom)
2019-08-29 08:45:38,101 [pool-37-thread-1] INFO  storage.RaftStorageDirectory (RaftStorageDirectory.java:analyzeStorage(246)) - The storage directory /workdir/hadoop-ozone/integration-test/target/test-dir/MiniOzoneClusterImpl-f455d224-3bfd-4c12-ad75-0d332897f7fa/datanode-1/data/ratis/748b8c91-700d-4c70-a03c-2283a7db27fa does not exist. Creating ...
2019-08-29 08:45:38,216 [main] INFO  ozone.MiniOzoneClusterImpl (MiniOzoneClusterImpl.java:lambda$waitForClusterToBeReady$0(140)) - Waiting for cluster to be ready. Got 2 of 7 DN Heartbeats.
2019-08-29 08:45:38,786 [Datanode State Machine Thread - 0] INFO  ozoneimpl.OzoneContainer (OzoneContainer.java:start(201)) - Attempting to start container services.
2019-08-29 08:45:38,787 [Datanode State Machine Thread - 0] INFO  ozoneimpl.OzoneContainer (OzoneContainer.java:startContainerScrub(175)) - Background container scrubber has been disabled by hdds.containerscrub.enabled
2019-08-29 08:45:38,787 [Datanode State Machine Thread - 0] INFO  ratis.XceiverServerRatis (XceiverServerRatis.java:start(393)) - Starting XceiverServerRatis 08d23bb8-f649-4ebd-a9a9-bbfd5b766034 at port 0
2019-08-29 08:45:38,788 [Datanode State Machine Thread - 0] INFO  ozoneimpl.OzoneContainer (OzoneContainer.java:start(201)) - Attempting to start container services.
2019-08-29 08:45:38,788 [Datanode State Machine Thread - 0] INFO  ozoneimpl.OzoneContainer (OzoneContainer.java:start(201)) - Attempting to start container services.
2019-08-29 08:45:38,788 [Datanode State Machine Thread - 0] INFO  ozoneimpl.OzoneContainer (OzoneContainer.java:startContainerScrub(175)) - Background container scrubber has been disabled by hdds.containerscrub.enabled
2019-08-29 08:45:38,788 [Datanode State Machine Thread - 0] INFO  ratis.XceiverServerRatis (XceiverServerRatis.java:start(393)) - Starting XceiverServerRatis 80032fdc-d78b-4a88-9434-3ce010c31b3f at port 0
2019-08-29 08:45:38,788 [Datanode State Machine Thread - 0] INFO  ozoneimpl.OzoneContainer (OzoneContainer.java:start(201)) - Attempting to start container services.
2019-08-29 08:45:38,790 [Datanode State Machine Thread - 0] INFO  ozoneimpl.OzoneContainer (OzoneContainer.java:startContainerScrub(175)) - Background container scrubber has been disabled by hdds.containerscrub.enabled
2019-08-29 08:45:38,795 [Datanode State Machine Thread - 0] INFO  ratis.XceiverServerRatis (XceiverServerRatis.java:start(393)) - Starting XceiverServerRatis 90f684eb-7c4f-41ac-bd9b-a2bcab6fa083 at port 0
2019-08-29 08:45:38,788 [Datanode State Machine Thread - 0] INFO  ozoneimpl.OzoneContainer (OzoneContainer.java:startContainerScrub(175)) - Background container scrubber has been disabled by hdds.containerscrub.enabled
2019-08-29 08:45:38,796 [Datanode State Machine Thread - 0] INFO  ratis.XceiverServerRatis (XceiverServerRatis.java:start(393)) - Starting XceiverServerRatis 3bbb20a1-a78a-49aa-a207-aa74965bf29c at port 0
2019-08-29 08:45:38,826 [Datanode State Machine Thread - 0] INFO  impl.RaftServerProxy (RaftServerProxy.java:lambda$start$3(299)) - 3bbb20a1-a78a-49aa-a207-aa74965bf29c: start RPC server
2019-08-29 08:45:38,832 [Datanode State Machine Thread - 0] INFO  server.GrpcService (GrpcService.java:startImpl(149)) - 3bbb20a1-a78a-49aa-a207-aa74965bf29c: GrpcService started, listening on 0.0.0.0/0.0.0.0:32927
2019-08-29 08:45:38,832 [Datanode State Machine Thread - 0] INFO  ratis.XceiverServerRatis (XceiverServerRatis.java:start(403)) - XceiverServerRatis 3bbb20a1-a78a-49aa-a207-aa74965bf29c is started using port 32927
2019-08-29 08:45:38,836 [Datanode State Machine Thread - 0] INFO  server.XceiverServerGrpc (XceiverServerGrpc.java:start(163)) - XceiverServerGrpc 3bbb20a1-a78a-49aa-a207-aa74965bf29c is started using port 33508
2019-08-29 08:45:38,840 [Datanode State Machine Thread - 0] INFO  impl.RaftServerProxy (RaftServerProxy.java:lambda$start$3(299)) - 08d23bb8-f649-4ebd-a9a9-bbfd5b766034: start RPC server
2019-08-29 08:45:38,844 [Datanode State Machine Thread - 0] INFO  impl.RaftServerProxy (RaftServerProxy.java:lambda$start$3(299)) - 80032fdc-d78b-4a88-9434-3ce010c31b3f: start RPC server
2019-08-29 08:45:38,845 [Datanode State Machine Thread - 0] INFO  server.GrpcService (GrpcService.java:startImpl(149)) - 08d23bb8-f649-4ebd-a9a9-bbfd5b766034: GrpcService started, listening on 0.0.0.0/0.0.0.0:43114
2019-08-29 08:45:38,846 [Datanode State Machine Thread - 0] INFO  impl.RaftServerProxy (RaftServerProxy.java:lambda$start$3(299)) - 90f684eb-7c4f-41ac-bd9b-a2bcab6fa083: start RPC server
2019-08-29 08:45:38,846 [Datanode State Machine Thread - 0] INFO  ratis.XceiverServerRatis (XceiverServerRatis.java:start(403)) - XceiverServerRatis 08d23bb8-f649-4ebd-a9a9-bbfd5b766034 is started using port 43114
2019-08-29 08:45:38,852 [Datanode State Machine Thread - 0] INFO  server.GrpcService (GrpcService.java:startImpl(149)) - 80032fdc-d78b-4a88-9434-3ce010c31b3f: GrpcService started, listening on 0.0.0.0/0.0.0.0:43754
2019-08-29 08:45:38,856 [Datanode State Machine Thread - 0] INFO  ratis.XceiverServerRatis (XceiverServerRatis.java:start(403)) - XceiverServerRatis 80032fdc-d78b-4a88-9434-3ce010c31b3f is started using port 43754
2019-08-29 08:45:38,856 [Datanode State Machine Thread - 0] INFO  server.GrpcService (GrpcService.java:startImpl(149)) - 90f684eb-7c4f-41ac-bd9b-a2bcab6fa083: GrpcService started, listening on 0.0.0.0/0.0.0.0:40728
2019-08-29 08:45:38,857 [Datanode State Machine Thread - 0] INFO  server.XceiverServerGrpc (XceiverServerGrpc.java:start(163)) - XceiverServerGrpc 08d23bb8-f649-4ebd-a9a9-bbfd5b766034 is started using port 39592
2019-08-29 08:45:38,859 [Datanode State Machine Thread - 0] INFO  server.XceiverServerGrpc (XceiverServerGrpc.java:start(163)) - XceiverServerGrpc 80032fdc-d78b-4a88-9434-3ce010c31b3f is started using port 44415
2019-08-29 08:45:38,859 [Datanode State Machine Thread - 0] INFO  ratis.XceiverServerRatis (XceiverServerRatis.java:start(403)) - XceiverServerRatis 90f684eb-7c4f-41ac-bd9b-a2bcab6fa083 is started using port 40728
2019-08-29 08:45:38,865 [Datanode State Machine Thread - 0] INFO  server.XceiverServerGrpc (XceiverServerGrpc.java:start(163)) - XceiverServerGrpc 90f684eb-7c4f-41ac-bd9b-a2bcab6fa083 is started using port 39167
2019-08-29 08:45:38,967 [IPC Server handler 6 on 42040] INFO  net.NetworkTopology (NetworkTopologyImpl.java:add(110)) - Added a new node: /default-rack/08d23bb8-f649-4ebd-a9a9-bbfd5b766034
2019-08-29 08:45:38,967 [IPC Server handler 6 on 42040] INFO  node.SCMNodeManager (SCMNodeManager.java:register(273)) - Registered Data node : 08d23bb8-f649-4ebd-a9a9-bbfd5b766034{ip: 192.168.5.176, host: pr-hdds-1909-44d2n-1519487446, networkLocation: /default-rack, certSerialId: null}
2019-08-29 08:45:38,968 | INFO  | SCMAudit | user=jenkins1000 | ip=192.168.5.176 | op=REGISTER {datanodeDetails=08d23bb8-f649-4ebd-a9a9-bbfd5b766034{ip: 192.168.5.176, host: pr-hdds-1909-44d2n-1519487446, networkLocation: /default-rack, certSerialId: null}} | ret=SUCCESS |  
2019-08-29 08:45:39,050 [IPC Server handler 4 on 42040] INFO  net.NetworkTopology (NetworkTopologyImpl.java:add(110)) - Added a new node: /default-rack/3bbb20a1-a78a-49aa-a207-aa74965bf29c
2019-08-29 08:45:39,050 [IPC Server handler 4 on 42040] INFO  node.SCMNodeManager (SCMNodeManager.java:register(273)) - Registered Data node : 3bbb20a1-a78a-49aa-a207-aa74965bf29c{ip: 192.168.5.176, host: pr-hdds-1909-44d2n-1519487446, networkLocation: /default-rack, certSerialId: null}
2019-08-29 08:45:39,051 | INFO  | SCMAudit | user=jenkins1000 | ip=192.168.5.176 | op=REGISTER {datanodeDetails=3bbb20a1-a78a-49aa-a207-aa74965bf29c{ip: 192.168.5.176, host: pr-hdds-1909-44d2n-1519487446, networkLocation: /default-rack, certSerialId: null}} | ret=SUCCESS |  
2019-08-29 08:45:39,133 [IPC Server handler 9 on 42040] INFO  net.NetworkTopology (NetworkTopologyImpl.java:add(110)) - Added a new node: /default-rack/80032fdc-d78b-4a88-9434-3ce010c31b3f
2019-08-29 08:45:39,133 [IPC Server handler 9 on 42040] INFO  node.SCMNodeManager (SCMNodeManager.java:register(273)) - Registered Data node : 80032fdc-d78b-4a88-9434-3ce010c31b3f{ip: 192.168.5.176, host: pr-hdds-1909-44d2n-1519487446, networkLocation: /default-rack, certSerialId: null}
2019-08-29 08:45:39,134 | INFO  | SCMAudit | user=jenkins1000 | ip=192.168.5.176 | op=REGISTER {datanodeDetails=80032fdc-d78b-4a88-9434-3ce010c31b3f{ip: 192.168.5.176, host: pr-hdds-1909-44d2n-1519487446, networkLocation: /default-rack, certSerialId: null}} | ret=SUCCESS |  
2019-08-29 08:45:39,218 [main] INFO  ozone.MiniOzoneClusterImpl (MiniOzoneClusterImpl.java:lambda$waitForClusterToBeReady$0(140)) - Waiting for cluster to be ready. Got 5 of 7 DN Heartbeats.
2019-08-29 08:45:39,222 [IPC Server handler 2 on 42040] INFO  net.NetworkTopology (NetworkTopologyImpl.java:add(110)) - Added a new node: /default-rack/90f684eb-7c4f-41ac-bd9b-a2bcab6fa083
2019-08-29 08:45:39,222 [IPC Server handler 2 on 42040] INFO  node.SCMNodeManager (SCMNodeManager.java:register(273)) - Registered Data node : 90f684eb-7c4f-41ac-bd9b-a2bcab6fa083{ip: 192.168.5.176, host: pr-hdds-1909-44d2n-1519487446, networkLocation: /default-rack, certSerialId: null}
2019-08-29 08:45:39,223 | INFO  | SCMAudit | user=jenkins1000 | ip=192.168.5.176 | op=REGISTER {datanodeDetails=90f684eb-7c4f-41ac-bd9b-a2bcab6fa083{ip: 192.168.5.176, host: pr-hdds-1909-44d2n-1519487446, networkLocation: /default-rack, certSerialId: null}} | ret=SUCCESS |  
2019-08-29 08:45:39,447 [IPC Server handler 5 on 42040] INFO  net.NetworkTopology (NetworkTopologyImpl.java:add(110)) - Added a new node: /default-rack/73bbc9c5-70f7-4fc8-a304-e36fb1a7c836
2019-08-29 08:45:39,447 [IPC Server handler 5 on 42040] INFO  node.SCMNodeManager (SCMNodeManager.java:register(273)) - Registered Data node : 73bbc9c5-70f7-4fc8-a304-e36fb1a7c836{ip: 192.168.5.176, host: pr-hdds-1909-44d2n-1519487446, networkLocation: /default-rack, certSerialId: null}
2019-08-29 08:45:39,448 | INFO  | SCMAudit | user=jenkins1000 | ip=192.168.5.176 | op=REGISTER {datanodeDetails=73bbc9c5-70f7-4fc8-a304-e36fb1a7c836{ip: 192.168.5.176, host: pr-hdds-1909-44d2n-1519487446, networkLocation: /default-rack, certSerialId: null}} | ret=SUCCESS |  
2019-08-29 08:45:39,555 | INFO  | SCMAudit | user=jenkins1000 | ip=192.168.5.176 | op=SEND_HEARTBEAT {datanodeUUID=4204fb3a-7736-45d2-bbed-750a692783ae, command=[]} | ret=SUCCESS |  
2019-08-29 08:45:39,615 | INFO  | SCMAudit | user=jenkins1000 | ip=192.168.5.176 | op=SEND_HEARTBEAT {datanodeUUID=e5fd3c67-4f38-41ed-8073-51136f0efc00, command=[]} | ret=SUCCESS |  
2019-08-29 08:45:39,961 [pool-37-thread-1] INFO  storage.RaftStorageDirectory (RaftStorageDirectory.java:tryLock(328)) - Lock on /workdir/hadoop-ozone/integration-test/target/test-dir/MiniOzoneClusterImpl-f455d224-3bfd-4c12-ad75-0d332897f7fa/datanode-1/data/ratis/748b8c91-700d-4c70-a03c-2283a7db27fa/in_use.lock acquired by nodename 29754@pr-hdds-1909-44d2n-1519487446
2019-08-29 08:45:40,219 [main] INFO  ozone.MiniOzoneClusterImpl (MiniOzoneClusterImpl.java:lambda$waitForClusterToBeReady$0(140)) - Cluster is ready. Got 7 of 7 DN Heartbeats.
2019-08-29 08:45:40,532 | INFO  | SCMAudit | user=jenkins1000 | ip=192.168.5.176 | op=SEND_HEARTBEAT {datanodeUUID=4204fb3a-7736-45d2-bbed-750a692783ae, command=[]} | ret=SUCCESS |  
2019-08-29 08:45:40,579 [Thread-229] INFO  container.ReplicationManager (ReplicationManager.java:start(152)) - Starting Replication Monitor Thread.
2019-08-29 08:45:40,606 [ReplicationMonitor] INFO  container.ReplicationManager (ReplicationManager.java:run(215)) - Replication Monitor Thread took 1 milliseconds for processing 0 containers.
2019-08-29 08:45:40,614 | INFO  | SCMAudit | user=jenkins1000 | ip=192.168.5.176 | op=SEND_HEARTBEAT {datanodeUUID=e5fd3c67-4f38-41ed-8073-51136f0efc00, command=[]} | ret=SUCCESS |  
2019-08-29 08:45:40,695 [main] INFO  rpc.RpcClient (RpcClient.java:createVolume(293)) - Creating Volume: closecontainerexceptionhandlingtest, with jenkins1000 as owner.
2019-08-29 08:45:40,737 | INFO  | OMAudit | user=jenkins1000 | ip=127.0.0.1 | op=CREATE_VOLUME {admin=jenkins1000, owner=jenkins1000, volume=closecontainerexceptionhandlingtest, creationTime=1567068340708, quotaInBytes=1152921504606846976} | ret=SUCCESS |  
2019-08-29 08:45:40,739 [RATISCREATEPIPELINE1] ERROR pipeline.RatisPipelineProvider (RatisPipelineProvider.java:lambda$null$5(235)) - Failed invoke Ratis rpc org.apache.hadoop.hdds.scm.pipeline.RatisPipelineProvider$$Lambda$187/1505492594@5e394744 for 4204fb3a-7736-45d2-bbed-750a692783ae
org.apache.ratis.protocol.TimeoutIOException: deadline exceeded after 2959542115ns
	at org.apache.ratis.grpc.GrpcUtil.tryUnwrapException(GrpcUtil.java:82)
	at org.apache.ratis.grpc.GrpcUtil.unwrapException(GrpcUtil.java:75)
	at org.apache.ratis.grpc.client.GrpcClientProtocolClient.blockingCall(GrpcClientProtocolClient.java:169)
	at org.apache.ratis.grpc.client.GrpcClientProtocolClient.groupAdd(GrpcClientProtocolClient.java:138)
	at org.apache.ratis.grpc.client.GrpcClientRpc.sendRequest(GrpcClientRpc.java:94)
	at org.apache.ratis.client.impl.RaftClientImpl.sendRequest(RaftClientImpl.java:279)
	at org.apache.ratis.client.impl.RaftClientImpl.groupAdd(RaftClientImpl.java:206)
	at org.apache.hadoop.hdds.scm.pipeline.RatisPipelineProvider.lambda$initializePipeline$4(RatisPipelineProvider.java:194)
	at org.apache.hadoop.hdds.scm.pipeline.RatisPipelineProvider.lambda$null$5(RatisPipelineProvider.java:231)
	at java.util.stream.ForEachOps$ForEachOp$OfRef.accept(ForEachOps.java:184)
	at java.util.ArrayList$ArrayListSpliterator.forEachRemaining(ArrayList.java:1382)
	at java.util.stream.AbstractPipeline.copyInto(AbstractPipeline.java:482)
	at java.util.stream.ForEachOps$ForEachTask.compute(ForEachOps.java:291)
	at java.util.concurrent.CountedCompleter.exec(CountedCompleter.java:731)
	at java.util.concurrent.ForkJoinTask.doExec(ForkJoinTask.java:289)
	at java.util.concurrent.ForkJoinTask.doInvoke(ForkJoinTask.java:401)
	at java.util.concurrent.ForkJoinTask.invoke(ForkJoinTask.java:734)
	at java.util.stream.ForEachOps$ForEachOp.evaluateParallel(ForEachOps.java:160)
	at java.util.stream.ForEachOps$ForEachOp$OfRef.evaluateParallel(ForEachOps.java:174)
	at java.util.stream.AbstractPipeline.evaluate(AbstractPipeline.java:233)
	at java.util.stream.ReferencePipeline.forEach(ReferencePipeline.java:418)
	at java.util.stream.ReferencePipeline$Head.forEach(ReferencePipeline.java:583)
	at org.apache.hadoop.hdds.scm.pipeline.RatisPipelineProvider.lambda$callRatisRpc$6(RatisPipelineProvider.java:225)
	at java.util.concurrent.ForkJoinTask$AdaptedRunnableAction.exec(ForkJoinTask.java:1386)
	at java.util.concurrent.ForkJoinTask.doExec(ForkJoinTask.java:289)
	at java.util.concurrent.ForkJoinPool$WorkQueue.runTask(ForkJoinPool.java:1056)
	at java.util.concurrent.ForkJoinPool.runWorker(ForkJoinPool.java:1692)
	at java.util.concurrent.ForkJoinWorkerThread.run(ForkJoinWorkerThread.java:157)
Caused by: org.apache.ratis.thirdparty.io.grpc.StatusRuntimeException: DEADLINE_EXCEEDED: deadline exceeded after 2959542115ns
	at org.apache.ratis.thirdparty.io.grpc.stub.ClientCalls.toStatusRuntimeException(ClientCalls.java:233)
	at org.apache.ratis.thirdparty.io.grpc.stub.ClientCalls.getUnchecked(ClientCalls.java:214)
	at org.apache.ratis.thirdparty.io.grpc.stub.ClientCalls.blockingUnaryCall(ClientCalls.java:139)
	at org.apache.ratis.proto.grpc.AdminProtocolServiceGrpc$AdminProtocolServiceBlockingStub.groupManagement(AdminProtocolServiceGrpc.java:274)
	at org.apache.ratis.grpc.client.GrpcClientProtocolClient.lambda$groupAdd$3(GrpcClientProtocolClient.java:140)
	at org.apache.ratis.grpc.client.GrpcClientProtocolClient.blockingCall(GrpcClientProtocolClient.java:167)
	... 25 more
2019-08-29 08:45:40,741 [IPC Server handler 0 on 43042] INFO  volume.OMVolumeCreateRequest (OMVolumeCreateRequest.java:validateAndUpdateCache(189)) - created volume:closecontainerexceptionhandlingtest for user:jenkins1000
2019-08-29 08:45:40,796 | INFO  | OMAudit | user=jenkins1000 | ip=127.0.0.1 | op=READ_VOLUME {volume=closecontainerexceptionhandlingtest} | ret=SUCCESS |  
2019-08-29 08:45:40,816 [grpc-default-executor-2] INFO  impl.RaftServerProxy (RaftServerProxy.java:addNew(89)) - e5fd3c67-4f38-41ed-8073-51136f0efc00: addNew group-9A3388411659:[80032fdc-d78b-4a88-9434-3ce010c31b3f:192.168.5.176:43754, 4204fb3a-7736-45d2-bbed-750a692783ae:192.168.5.176:46077, e5fd3c67-4f38-41ed-8073-51136f0efc00:192.168.5.176:38915] returns group-9A3388411659:java.util.concurrent.CompletableFuture@3e3dd9fe[Not completed]
2019-08-29 08:45:40,863 [pool-47-thread-1] INFO  impl.RaftServerImpl (RaftServerImpl.java:<init>(93)) - e5fd3c67-4f38-41ed-8073-51136f0efc00: new RaftServerImpl for group-9A3388411659:[80032fdc-d78b-4a88-9434-3ce010c31b3f:192.168.5.176:43754, 4204fb3a-7736-45d2-bbed-750a692783ae:192.168.5.176:46077, e5fd3c67-4f38-41ed-8073-51136f0efc00:192.168.5.176:38915] with ContainerStateMachine:uninitialized
2019-08-29 08:45:40,865 [main] INFO  rpc.RpcClient (RpcClient.java:createBucket(432)) - Creating Bucket: closecontainerexceptionhandlingtest/closecontainerexceptionhandlingtest, with Versioning false and Storage Type set to DISK and Encryption set to false 
2019-08-29 08:45:40,865 [pool-47-thread-1] INFO  server.RaftServerConfigKeys (ConfUtils.java:logGet(43)) - raft.server.rpc.timeout.min = 5s (custom)
2019-08-29 08:45:40,866 [pool-47-thread-1] INFO  server.RaftServerConfigKeys (ConfUtils.java:logGet(43)) - raft.server.rpc.timeout.max = 5200ms (custom)
2019-08-29 08:45:40,866 [pool-47-thread-1] INFO  server.RaftServerConfigKeys (ConfUtils.java:logGet(43)) - raft.server.rpcslowness.timeout = 120s (custom)
2019-08-29 08:45:40,868 [grpc-default-executor-2] INFO  impl.RaftServerProxy (RaftServerProxy.java:addNew(89)) - 4204fb3a-7736-45d2-bbed-750a692783ae: addNew group-9A3388411659:[80032fdc-d78b-4a88-9434-3ce010c31b3f:192.168.5.176:43754, 4204fb3a-7736-45d2-bbed-750a692783ae:192.168.5.176:46077, e5fd3c67-4f38-41ed-8073-51136f0efc00:192.168.5.176:38915] returns group-9A3388411659:java.util.concurrent.CompletableFuture@62f7cc76[Not completed]
2019-08-29 08:45:40,868 [pool-47-thread-1] INFO  server.RaftServerConfigKeys (ConfUtils.java:logGet(43)) - raft.server.sleep.deviation.threshold = 300 (default)
2019-08-29 08:45:40,869 [pool-47-thread-1] INFO  server.RaftServerConfigKeys (ConfUtils.java:logGet(43)) - raft.server.log.appender.install.snapshot.enabled = false (custom)
2019-08-29 08:45:40,869 [pool-47-thread-1] INFO  impl.RaftServerImpl (ServerState.java:<init>(105)) - e5fd3c67-4f38-41ed-8073-51136f0efc00:group-9A3388411659 ConfigurationManager, init=-1: [80032fdc-d78b-4a88-9434-3ce010c31b3f:192.168.5.176:43754, 4204fb3a-7736-45d2-bbed-750a692783ae:192.168.5.176:46077, e5fd3c67-4f38-41ed-8073-51136f0efc00:192.168.5.176:38915], old=null, confs=<EMPTY_MAP>
2019-08-29 08:45:40,869 [grpc-default-executor-1] INFO  impl.RaftServerProxy (RaftServerProxy.java:addNew(89)) - 80032fdc-d78b-4a88-9434-3ce010c31b3f: addNew group-9A3388411659:[80032fdc-d78b-4a88-9434-3ce010c31b3f:192.168.5.176:43754, 4204fb3a-7736-45d2-bbed-750a692783ae:192.168.5.176:46077, e5fd3c67-4f38-41ed-8073-51136f0efc00:192.168.5.176:38915] returns group-9A3388411659:java.util.concurrent.CompletableFuture@7c2ddbca[Not completed]
2019-08-29 08:45:40,869 [pool-47-thread-1] INFO  server.RaftServerConfigKeys (ConfUtils.java:logGet(43)) - raft.server.storage.dir = [/workdir/hadoop-ozone/integration-test/target/test-dir/MiniOzoneClusterImpl-f455d224-3bfd-4c12-ad75-0d332897f7fa/datanode-2/data/ratis] (custom)
2019-08-29 08:45:40,870 [pool-47-thread-1] INFO  storage.RaftStorageDirectory (RaftStorageDirectory.java:analyzeStorage(246)) - The storage directory /workdir/hadoop-ozone/integration-test/target/test-dir/MiniOzoneClusterImpl-f455d224-3bfd-4c12-ad75-0d332897f7fa/datanode-2/data/ratis/0e145132-5965-4e11-9eb4-9a3388411659 does not exist. Creating ...
2019-08-29 08:45:40,892 [pool-77-thread-1] INFO  impl.RaftServerImpl (RaftServerImpl.java:<init>(93)) - 80032fdc-d78b-4a88-9434-3ce010c31b3f: new RaftServerImpl for group-9A3388411659:[80032fdc-d78b-4a88-9434-3ce010c31b3f:192.168.5.176:43754, 4204fb3a-7736-45d2-bbed-750a692783ae:192.168.5.176:46077, e5fd3c67-4f38-41ed-8073-51136f0efc00:192.168.5.176:38915] with ContainerStateMachine:uninitialized
2019-08-29 08:45:40,892 [pool-77-thread-1] INFO  server.RaftServerConfigKeys (ConfUtils.java:logGet(43)) - raft.server.rpc.timeout.min = 5s (custom)
2019-08-29 08:45:40,892 [pool-77-thread-1] INFO  server.RaftServerConfigKeys (ConfUtils.java:logGet(43)) - raft.server.rpc.timeout.max = 5200ms (custom)
2019-08-29 08:45:40,892 [pool-77-thread-1] INFO  server.RaftServerConfigKeys (ConfUtils.java:logGet(43)) - raft.server.rpcslowness.timeout = 120s (custom)
2019-08-29 08:45:40,892 [pool-77-thread-1] INFO  server.RaftServerConfigKeys (ConfUtils.java:logGet(43)) - raft.server.sleep.deviation.threshold = 300 (default)
2019-08-29 08:45:40,893 [pool-77-thread-1] INFO  server.RaftServerConfigKeys (ConfUtils.java:logGet(43)) - raft.server.log.appender.install.snapshot.enabled = false (custom)
2019-08-29 08:45:40,893 [pool-77-thread-1] INFO  impl.RaftServerImpl (ServerState.java:<init>(105)) - 80032fdc-d78b-4a88-9434-3ce010c31b3f:group-9A3388411659 ConfigurationManager, init=-1: [80032fdc-d78b-4a88-9434-3ce010c31b3f:192.168.5.176:43754, 4204fb3a-7736-45d2-bbed-750a692783ae:192.168.5.176:46077, e5fd3c67-4f38-41ed-8073-51136f0efc00:192.168.5.176:38915], old=null, confs=<EMPTY_MAP>
2019-08-29 08:45:40,895 [pool-77-thread-1] INFO  server.RaftServerConfigKeys (ConfUtils.java:logGet(43)) - raft.server.storage.dir = [/workdir/hadoop-ozone/integration-test/target/test-dir/MiniOzoneClusterImpl-f455d224-3bfd-4c12-ad75-0d332897f7fa/datanode-5/data/ratis] (custom)
2019-08-29 08:45:40,895 [pool-77-thread-1] INFO  storage.RaftStorageDirectory (RaftStorageDirectory.java:analyzeStorage(246)) - The storage directory /workdir/hadoop-ozone/integration-test/target/test-dir/MiniOzoneClusterImpl-f455d224-3bfd-4c12-ad75-0d332897f7fa/datanode-5/data/ratis/0e145132-5965-4e11-9eb4-9a3388411659 does not exist. Creating ...
2019-08-29 08:45:40,907 | INFO  | OMAudit | user=jenkins1000 | ip=127.0.0.1 | op=CREATE_BUCKET {volume=closecontainerexceptionhandlingtest, bucket=closecontainerexceptionhandlingtest, acls=[user:jenkins1000:a[ACCESS], group:default:a[ACCESS]], isVersionEnabled=false, storageType=DISK, creationTime=1567068340898} | ret=SUCCESS |  
2019-08-29 08:45:40,918 | INFO  | OMAudit | user=jenkins1000 | ip=127.0.0.1 | op=READ_VOLUME {volume=closecontainerexceptionhandlingtest} | ret=SUCCESS |  
2019-08-29 08:45:40,923 | INFO  | OMAudit | user=jenkins1000 | ip=127.0.0.1 | op=READ_BUCKET {volume=closecontainerexceptionhandlingtest, bucket=closecontainerexceptionhandlingtest} | ret=SUCCESS |  
2019-08-29 08:45:40,964 | INFO  | SCMAudit | user=jenkins1000 | ip=192.168.5.176 | op=SEND_HEARTBEAT {datanodeUUID=08d23bb8-f649-4ebd-a9a9-bbfd5b766034, command=[]} | ret=SUCCESS |  
2019-08-29 08:45:41,048 | INFO  | SCMAudit | user=jenkins1000 | ip=192.168.5.176 | op=SEND_HEARTBEAT {datanodeUUID=3bbb20a1-a78a-49aa-a207-aa74965bf29c, command=[]} | ret=SUCCESS |  
2019-08-29 08:45:41,132 | INFO  | SCMAudit | user=jenkins1000 | ip=192.168.5.176 | op=SEND_HEARTBEAT {datanodeUUID=80032fdc-d78b-4a88-9434-3ce010c31b3f, command=[]} | ret=SUCCESS |  
2019-08-29 08:45:41,218 | INFO  | SCMAudit | user=jenkins1000 | ip=192.168.5.176 | op=SEND_HEARTBEAT {datanodeUUID=90f684eb-7c4f-41ac-bd9b-a2bcab6fa083, command=[]} | ret=SUCCESS |  
2019-08-29 08:45:41,445 | INFO  | SCMAudit | user=jenkins1000 | ip=192.168.5.176 | op=SEND_HEARTBEAT {datanodeUUID=73bbc9c5-70f7-4fc8-a304-e36fb1a7c836, command=[]} | ret=SUCCESS |  
2019-08-29 08:45:41,532 | INFO  | SCMAudit | user=jenkins1000 | ip=192.168.5.176 | op=SEND_HEARTBEAT {datanodeUUID=4204fb3a-7736-45d2-bbed-750a692783ae, command=[]} | ret=SUCCESS |  
2019-08-29 08:45:41,615 | INFO  | SCMAudit | user=jenkins1000 | ip=192.168.5.176 | op=SEND_HEARTBEAT {datanodeUUID=e5fd3c67-4f38-41ed-8073-51136f0efc00, command=[]} | ret=SUCCESS |  
2019-08-29 08:45:41,966 | INFO  | SCMAudit | user=jenkins1000 | ip=192.168.5.176 | op=SEND_HEARTBEAT {datanodeUUID=08d23bb8-f649-4ebd-a9a9-bbfd5b766034, command=[]} | ret=SUCCESS |  
2019-08-29 08:45:42,048 | INFO  | SCMAudit | user=jenkins1000 | ip=192.168.5.176 | op=SEND_HEARTBEAT {datanodeUUID=3bbb20a1-a78a-49aa-a207-aa74965bf29c, command=[]} | ret=SUCCESS |  
2019-08-29 08:45:42,061 [pool-77-thread-1] INFO  storage.RaftStorageDirectory (RaftStorageDirectory.java:tryLock(328)) - Lock on /workdir/hadoop-ozone/integration-test/target/test-dir/MiniOzoneClusterImpl-f455d224-3bfd-4c12-ad75-0d332897f7fa/datanode-5/data/ratis/0e145132-5965-4e11-9eb4-9a3388411659/in_use.lock acquired by nodename 29754@pr-hdds-1909-44d2n-1519487446
2019-08-29 08:45:42,061 [pool-37-thread-1] INFO  storage.RaftStorage (RaftStorage.java:format(72)) - Storage directory /workdir/hadoop-ozone/integration-test/target/test-dir/MiniOzoneClusterImpl-f455d224-3bfd-4c12-ad75-0d332897f7fa/datanode-1/data/ratis/748b8c91-700d-4c70-a03c-2283a7db27fa has been successfully formatted.
2019-08-29 08:45:42,061 [pool-47-thread-1] INFO  storage.RaftStorageDirectory (RaftStorageDirectory.java:tryLock(328)) - Lock on /workdir/hadoop-ozone/integration-test/target/test-dir/MiniOzoneClusterImpl-f455d224-3bfd-4c12-ad75-0d332897f7fa/datanode-2/data/ratis/0e145132-5965-4e11-9eb4-9a3388411659/in_use.lock acquired by nodename 29754@pr-hdds-1909-44d2n-1519487446
2019-08-29 08:45:42,065 [pool-37-thread-1] INFO  ratis.ContainerStateMachine (ContainerStateMachine.java:loadSnapshot(227)) - group-2283A7DB27FA: The snapshot info is null. Setting the last applied indexto:(t:0, i:~)
2019-08-29 08:45:42,065 [pool-37-thread-1] INFO  server.RaftServerConfigKeys (ConfUtils.java:logGet(43)) - raft.server.leader.election.timeout = 120s (custom)
2019-08-29 08:45:42,068 [pool-37-thread-1] INFO  server.RaftServerConfigKeys (ConfUtils.java:logGet(43)) - raft.server.log.use.memory = false (default)
2019-08-29 08:45:42,074 [pool-37-thread-1] INFO  server.RaftServerConfigKeys (ConfUtils.java:logGet(43)) - raft.server.log.purge.gap = 1000000 (custom)
2019-08-29 08:45:42,074 [pool-37-thread-1] INFO  server.RaftServerConfigKeys (ConfUtils.java:logGet(43)) - raft.server.log.appender.buffer.byte-limit = 33554432 (custom)
2019-08-29 08:45:42,076 [pool-37-thread-1] INFO  server.RaftServerConfigKeys (ConfUtils.java:logGet(43)) - raft.server.log.segment.size.max = 1048576 (custom)
2019-08-29 08:45:42,081 [pool-37-thread-1] INFO  server.RaftServerConfigKeys (ConfUtils.java:logGet(43)) - raft.server.log.segment.cache.num.max = 2 (custom)
2019-08-29 08:45:42,087 [pool-37-thread-1] INFO  segmented.SegmentedRaftLogWorker (SegmentedRaftLogWorker.java:<init>(172)) - new 4204fb3a-7736-45d2-bbed-750a692783ae-SegmentedRaftLogWorker:Storage Directory /workdir/hadoop-ozone/integration-test/target/test-dir/MiniOzoneClusterImpl-f455d224-3bfd-4c12-ad75-0d332897f7fa/datanode-1/data/ratis/748b8c91-700d-4c70-a03c-2283a7db27fa for RaftStorage:Storage Directory /workdir/hadoop-ozone/integration-test/target/test-dir/MiniOzoneClusterImpl-f455d224-3bfd-4c12-ad75-0d332897f7fa/datanode-1/data/ratis/748b8c91-700d-4c70-a03c-2283a7db27fa
2019-08-29 08:45:42,100 [pool-37-thread-1] INFO  server.RaftServerConfigKeys (ConfUtils.java:logGet(43)) - raft.server.log.queue.byte-limit = 2147483647 (custom)
2019-08-29 08:45:42,101 [pool-37-thread-1] INFO  server.RaftServerConfigKeys (ConfUtils.java:logGet(43)) - raft.server.log.queue.element-limit = 1024 (custom)
2019-08-29 08:45:42,106 [pool-37-thread-1] INFO  server.RaftServerConfigKeys (ConfUtils.java:logGet(43)) - raft.server.log.segment.size.max = 1048576 (custom)
2019-08-29 08:45:42,106 [pool-37-thread-1] INFO  server.RaftServerConfigKeys (ConfUtils.java:logGet(43)) - raft.server.log.preallocated.size = 16384 (custom)
2019-08-29 08:45:42,107 [pool-37-thread-1] INFO  server.RaftServerConfigKeys (ConfUtils.java:logGet(43)) - raft.server.log.write.buffer.size = 33554432 (custom)
2019-08-29 08:45:42,107 [pool-37-thread-1] INFO  server.RaftServerConfigKeys (ConfUtils.java:logGet(43)) - raft.server.log.force.sync.num = 128 (default)
2019-08-29 08:45:42,108 [pool-37-thread-1] INFO  server.RaftServerConfigKeys (ConfUtils.java:logGet(43)) - raft.server.log.statemachine.data.sync = true (default)
2019-08-29 08:45:42,108 [pool-37-thread-1] INFO  server.RaftServerConfigKeys (ConfUtils.java:logGet(43)) - raft.server.log.statemachine.data.sync.timeout = 10s (default)
2019-08-29 08:45:42,109 [pool-37-thread-1] INFO  server.RaftServerConfigKeys (ConfUtils.java:logGet(43)) - raft.server.log.statemachine.data.sync.timeout.retry = -1 (default)
2019-08-29 08:45:42,118 [pool-37-thread-1] INFO  server.RaftServerConfigKeys (ConfUtils.java:logGet(43)) - raft.server.log.statemachine.data.caching.enabled = true (custom)
2019-08-29 08:45:42,122 [pool-37-thread-1] INFO  segmented.SegmentedRaftLogWorker (SegmentedRaftLogWorker.java:lambda$new$0(132)) - 4204fb3a-7736-45d2-bbed-750a692783ae-SegmentedRaftLogWorker:Storage Directory /workdir/hadoop-ozone/integration-test/target/test-dir/MiniOzoneClusterImpl-f455d224-3bfd-4c12-ad75-0d332897f7fa/datanode-1/data/ratis/748b8c91-700d-4c70-a03c-2283a7db27fa: flushIndex: setUnconditionally 0 -> -1
2019-08-29 08:45:42,127 [pool-37-thread-1] INFO  server.RaftServerConfigKeys (ConfUtils.java:logGet(43)) - raft.server.snapshot.auto.trigger.enabled = true (custom)
2019-08-29 08:45:42,131 [pool-37-thread-1] INFO  server.RaftServerConfigKeys (ConfUtils.java:logGet(43)) - raft.server.snapshot.auto.trigger.threshold = 10000 (custom)
2019-08-29 08:45:42,131 [pool-37-thread-1] INFO  server.RaftServerConfigKeys (ConfUtils.java:logGet(43)) - raft.server.retrycache.expirytime = 600000ms (custom)
2019-08-29 08:45:42,131 | INFO  | SCMAudit | user=jenkins1000 | ip=192.168.5.176 | op=SEND_HEARTBEAT {datanodeUUID=80032fdc-d78b-4a88-9434-3ce010c31b3f, command=[]} | ret=SUCCESS |  
2019-08-29 08:45:42,155 [pool-37-thread-1] INFO  impl.RaftServerImpl (RaftServerImpl.java:<init>(93)) - 4204fb3a-7736-45d2-bbed-750a692783ae: new RaftServerImpl for group-9A3388411659:[80032fdc-d78b-4a88-9434-3ce010c31b3f:192.168.5.176:43754, 4204fb3a-7736-45d2-bbed-750a692783ae:192.168.5.176:46077, e5fd3c67-4f38-41ed-8073-51136f0efc00:192.168.5.176:38915] with ContainerStateMachine:uninitialized
2019-08-29 08:45:42,155 [pool-37-thread-1] INFO  server.RaftServerConfigKeys (ConfUtils.java:logGet(43)) - raft.server.rpc.timeout.min = 5s (custom)
2019-08-29 08:45:42,155 [pool-37-thread-1] INFO  server.RaftServerConfigKeys (ConfUtils.java:logGet(43)) - raft.server.rpc.timeout.max = 5200ms (custom)
2019-08-29 08:45:42,155 [pool-37-thread-1] INFO  server.RaftServerConfigKeys (ConfUtils.java:logGet(43)) - raft.server.rpcslowness.timeout = 120s (custom)
2019-08-29 08:45:42,155 [pool-37-thread-1] INFO  server.RaftServerConfigKeys (ConfUtils.java:logGet(43)) - raft.server.sleep.deviation.threshold = 300 (default)
2019-08-29 08:45:42,155 [pool-37-thread-1] INFO  server.RaftServerConfigKeys (ConfUtils.java:logGet(43)) - raft.server.log.appender.install.snapshot.enabled = false (custom)
2019-08-29 08:45:42,156 [pool-37-thread-1] INFO  impl.RaftServerImpl (ServerState.java:<init>(105)) - 4204fb3a-7736-45d2-bbed-750a692783ae:group-9A3388411659 ConfigurationManager, init=-1: [80032fdc-d78b-4a88-9434-3ce010c31b3f:192.168.5.176:43754, 4204fb3a-7736-45d2-bbed-750a692783ae:192.168.5.176:46077, e5fd3c67-4f38-41ed-8073-51136f0efc00:192.168.5.176:38915], old=null, confs=<EMPTY_MAP>
2019-08-29 08:45:42,156 [pool-37-thread-1] INFO  server.RaftServerConfigKeys (ConfUtils.java:logGet(43)) - raft.server.storage.dir = [/workdir/hadoop-ozone/integration-test/target/test-dir/MiniOzoneClusterImpl-f455d224-3bfd-4c12-ad75-0d332897f7fa/datanode-1/data/ratis] (custom)
2019-08-29 08:45:42,156 [pool-37-thread-1] INFO  storage.RaftStorageDirectory (RaftStorageDirectory.java:analyzeStorage(246)) - The storage directory /workdir/hadoop-ozone/integration-test/target/test-dir/MiniOzoneClusterImpl-f455d224-3bfd-4c12-ad75-0d332897f7fa/datanode-1/data/ratis/0e145132-5965-4e11-9eb4-9a3388411659 does not exist. Creating ...
2019-08-29 08:45:42,219 | INFO  | SCMAudit | user=jenkins1000 | ip=192.168.5.176 | op=SEND_HEARTBEAT {datanodeUUID=90f684eb-7c4f-41ac-bd9b-a2bcab6fa083, command=[]} | ret=SUCCESS |  
2019-08-29 08:45:42,464 | INFO  | SCMAudit | user=jenkins1000 | ip=192.168.5.176 | op=SEND_HEARTBEAT {datanodeUUID=73bbc9c5-70f7-4fc8-a304-e36fb1a7c836, command=[]} | ret=SUCCESS |  
2019-08-29 08:45:42,530 | INFO  | SCMAudit | user=jenkins1000 | ip=192.168.5.176 | op=SEND_HEARTBEAT {datanodeUUID=4204fb3a-7736-45d2-bbed-750a692783ae, command=[]} | ret=SUCCESS |  
2019-08-29 08:45:42,612 | INFO  | SCMAudit | user=jenkins1000 | ip=192.168.5.176 | op=SEND_HEARTBEAT {datanodeUUID=e5fd3c67-4f38-41ed-8073-51136f0efc00, command=[]} | ret=SUCCESS |  
2019-08-29 08:45:42,963 | INFO  | SCMAudit | user=jenkins1000 | ip=192.168.5.176 | op=SEND_HEARTBEAT {datanodeUUID=08d23bb8-f649-4ebd-a9a9-bbfd5b766034, command=[]} | ret=SUCCESS |  
2019-08-29 08:45:43,045 | INFO  | SCMAudit | user=jenkins1000 | ip=192.168.5.176 | op=SEND_HEARTBEAT {datanodeUUID=3bbb20a1-a78a-49aa-a207-aa74965bf29c, command=[]} | ret=SUCCESS |  
2019-08-29 08:45:43,128 | INFO  | SCMAudit | user=jenkins1000 | ip=192.168.5.176 | op=SEND_HEARTBEAT {datanodeUUID=80032fdc-d78b-4a88-9434-3ce010c31b3f, command=[]} | ret=SUCCESS |  
2019-08-29 08:45:43,215 | INFO  | SCMAudit | user=jenkins1000 | ip=192.168.5.176 | op=SEND_HEARTBEAT {datanodeUUID=90f684eb-7c4f-41ac-bd9b-a2bcab6fa083, command=[]} | ret=SUCCESS |  
2019-08-29 08:45:43,441 | INFO  | SCMAudit | user=jenkins1000 | ip=192.168.5.176 | op=SEND_HEARTBEAT {datanodeUUID=73bbc9c5-70f7-4fc8-a304-e36fb1a7c836, command=[]} | ret=SUCCESS |  
2019-08-29 08:45:43,530 | INFO  | SCMAudit | user=jenkins1000 | ip=192.168.5.176 | op=SEND_HEARTBEAT {datanodeUUID=4204fb3a-7736-45d2-bbed-750a692783ae, command=[]} | ret=SUCCESS |  
2019-08-29 08:45:43,612 | INFO  | SCMAudit | user=jenkins1000 | ip=192.168.5.176 | op=SEND_HEARTBEAT {datanodeUUID=e5fd3c67-4f38-41ed-8073-51136f0efc00, command=[]} | ret=SUCCESS |  
2019-08-29 08:45:43,764 [RATISCREATEPIPELINE3] ERROR pipeline.RatisPipelineProvider (RatisPipelineProvider.java:lambda$null$5(235)) - Failed invoke Ratis rpc org.apache.hadoop.hdds.scm.pipeline.RatisPipelineProvider$$Lambda$187/1505492594@f3a6d0c for 80032fdc-d78b-4a88-9434-3ce010c31b3f
org.apache.ratis.protocol.TimeoutIOException: deadline exceeded after 2998410632ns
	at org.apache.ratis.grpc.GrpcUtil.tryUnwrapException(GrpcUtil.java:82)
	at org.apache.ratis.grpc.GrpcUtil.unwrapException(GrpcUtil.java:75)
	at org.apache.ratis.grpc.client.GrpcClientProtocolClient.blockingCall(GrpcClientProtocolClient.java:169)
	at org.apache.ratis.grpc.client.GrpcClientProtocolClient.groupAdd(GrpcClientProtocolClient.java:138)
	at org.apache.ratis.grpc.client.GrpcClientRpc.sendRequest(GrpcClientRpc.java:94)
	at org.apache.ratis.client.impl.RaftClientImpl.sendRequest(RaftClientImpl.java:279)
	at org.apache.ratis.client.impl.RaftClientImpl.groupAdd(RaftClientImpl.java:206)
	at org.apache.hadoop.hdds.scm.pipeline.RatisPipelineProvider.lambda$initializePipeline$4(RatisPipelineProvider.java:194)
	at org.apache.hadoop.hdds.scm.pipeline.RatisPipelineProvider.lambda$null$5(RatisPipelineProvider.java:231)
	at java.util.stream.ForEachOps$ForEachOp$OfRef.accept(ForEachOps.java:184)
	at java.util.ArrayList$ArrayListSpliterator.forEachRemaining(ArrayList.java:1382)
	at java.util.stream.AbstractPipeline.copyInto(AbstractPipeline.java:482)
	at java.util.stream.ForEachOps$ForEachTask.compute(ForEachOps.java:291)
	at java.util.concurrent.CountedCompleter.exec(CountedCompleter.java:731)
	at java.util.concurrent.ForkJoinTask.doExec(ForkJoinTask.java:289)
	at java.util.concurrent.ForkJoinPool$WorkQueue.runTask(ForkJoinPool.java:1056)
	at java.util.concurrent.ForkJoinPool.runWorker(ForkJoinPool.java:1692)
	at java.util.concurrent.ForkJoinWorkerThread.run(ForkJoinWorkerThread.java:157)
Caused by: org.apache.ratis.thirdparty.io.grpc.StatusRuntimeException: DEADLINE_EXCEEDED: deadline exceeded after 2998410632ns
	at org.apache.ratis.thirdparty.io.grpc.stub.ClientCalls.toStatusRuntimeException(ClientCalls.java:233)
	at org.apache.ratis.thirdparty.io.grpc.stub.ClientCalls.getUnchecked(ClientCalls.java:214)
	at org.apache.ratis.thirdparty.io.grpc.stub.ClientCalls.blockingUnaryCall(ClientCalls.java:139)
	at org.apache.ratis.proto.grpc.AdminProtocolServiceGrpc$AdminProtocolServiceBlockingStub.groupManagement(AdminProtocolServiceGrpc.java:274)
	at org.apache.ratis.grpc.client.GrpcClientProtocolClient.lambda$groupAdd$3(GrpcClientProtocolClient.java:140)
	at org.apache.ratis.grpc.client.GrpcClientProtocolClient.blockingCall(GrpcClientProtocolClient.java:167)
	... 15 more
2019-08-29 08:45:43,772 [RATISCREATEPIPELINE2] ERROR pipeline.RatisPipelineProvider (RatisPipelineProvider.java:lambda$null$5(235)) - Failed invoke Ratis rpc org.apache.hadoop.hdds.scm.pipeline.RatisPipelineProvider$$Lambda$187/1505492594@f3a6d0c for e5fd3c67-4f38-41ed-8073-51136f0efc00
org.apache.ratis.protocol.TimeoutIOException: deadline exceeded after 2998093731ns
	at org.apache.ratis.grpc.GrpcUtil.tryUnwrapException(GrpcUtil.java:82)
	at org.apache.ratis.grpc.GrpcUtil.unwrapException(GrpcUtil.java:75)
	at org.apache.ratis.grpc.client.GrpcClientProtocolClient.blockingCall(GrpcClientProtocolClient.java:169)
	at org.apache.ratis.grpc.client.GrpcClientProtocolClient.groupAdd(GrpcClientProtocolClient.java:138)
	at org.apache.ratis.grpc.client.GrpcClientRpc.sendRequest(GrpcClientRpc.java:94)
	at org.apache.ratis.client.impl.RaftClientImpl.sendRequest(RaftClientImpl.java:279)
	at org.apache.ratis.client.impl.RaftClientImpl.groupAdd(RaftClientImpl.java:206)
	at org.apache.hadoop.hdds.scm.pipeline.RatisPipelineProvider.lambda$initializePipeline$4(RatisPipelineProvider.java:194)
	at org.apache.hadoop.hdds.scm.pipeline.RatisPipelineProvider.lambda$null$5(RatisPipelineProvider.java:231)
	at java.util.stream.ForEachOps$ForEachOp$OfRef.accept(ForEachOps.java:184)
	at java.util.ArrayList$ArrayListSpliterator.forEachRemaining(ArrayList.java:1382)
	at java.util.stream.AbstractPipeline.copyInto(AbstractPipeline.java:482)
	at java.util.stream.ForEachOps$ForEachTask.compute(ForEachOps.java:291)
	at java.util.concurrent.CountedCompleter.exec(CountedCompleter.java:731)
	at java.util.concurrent.ForkJoinTask.doExec(ForkJoinTask.java:289)
	at java.util.concurrent.ForkJoinPool$WorkQueue.runTask(ForkJoinPool.java:1056)
	at java.util.concurrent.ForkJoinPool.runWorker(ForkJoinPool.java:1692)
	at java.util.concurrent.ForkJoinWorkerThread.run(ForkJoinWorkerThread.java:157)
Caused by: org.apache.ratis.thirdparty.io.grpc.StatusRuntimeException: DEADLINE_EXCEEDED: deadline exceeded after 2998093731ns
	at org.apache.ratis.thirdparty.io.grpc.stub.ClientCalls.toStatusRuntimeException(ClientCalls.java:233)
	at org.apache.ratis.thirdparty.io.grpc.stub.ClientCalls.getUnchecked(ClientCalls.java:214)
	at org.apache.ratis.thirdparty.io.grpc.stub.ClientCalls.blockingUnaryCall(ClientCalls.java:139)
	at org.apache.ratis.proto.grpc.AdminProtocolServiceGrpc$AdminProtocolServiceBlockingStub.groupManagement(AdminProtocolServiceGrpc.java:274)
	at org.apache.ratis.grpc.client.GrpcClientProtocolClient.lambda$groupAdd$3(GrpcClientProtocolClient.java:140)
	at org.apache.ratis.grpc.client.GrpcClientProtocolClient.blockingCall(GrpcClientProtocolClient.java:167)
	... 15 more
2019-08-29 08:45:43,764 [RATISCREATEPIPELINE1] ERROR pipeline.RatisPipelineProvider (RatisPipelineProvider.java:lambda$null$5(235)) - Failed invoke Ratis rpc org.apache.hadoop.hdds.scm.pipeline.RatisPipelineProvider$$Lambda$187/1505492594@f3a6d0c for 4204fb3a-7736-45d2-bbed-750a692783ae
org.apache.ratis.protocol.TimeoutIOException: deadline exceeded after 2999776394ns
	at org.apache.ratis.grpc.GrpcUtil.tryUnwrapException(GrpcUtil.java:82)
	at org.apache.ratis.grpc.GrpcUtil.unwrapException(GrpcUtil.java:75)
	at org.apache.ratis.grpc.client.GrpcClientProtocolClient.blockingCall(GrpcClientProtocolClient.java:169)
	at org.apache.ratis.grpc.client.GrpcClientProtocolClient.groupAdd(GrpcClientProtocolClient.java:138)
	at org.apache.ratis.grpc.client.GrpcClientRpc.sendRequest(GrpcClientRpc.java:94)
	at org.apache.ratis.client.impl.RaftClientImpl.sendRequest(RaftClientImpl.java:279)
	at org.apache.ratis.client.impl.RaftClientImpl.groupAdd(RaftClientImpl.java:206)
	at org.apache.hadoop.hdds.scm.pipeline.RatisPipelineProvider.lambda$initializePipeline$4(RatisPipelineProvider.java:194)
	at org.apache.hadoop.hdds.scm.pipeline.RatisPipelineProvider.lambda$null$5(RatisPipelineProvider.java:231)
	at java.util.stream.ForEachOps$ForEachOp$OfRef.accept(ForEachOps.java:184)
	at java.util.ArrayList$ArrayListSpliterator.forEachRemaining(ArrayList.java:1382)
	at java.util.stream.AbstractPipeline.copyInto(AbstractPipeline.java:482)
	at java.util.stream.ForEachOps$ForEachTask.compute(ForEachOps.java:291)
	at java.util.concurrent.CountedCompleter.exec(CountedCompleter.java:731)
	at java.util.concurrent.ForkJoinTask.doExec(ForkJoinTask.java:289)
	at java.util.concurrent.ForkJoinTask.doInvoke(ForkJoinTask.java:401)
	at java.util.concurrent.ForkJoinTask.invoke(ForkJoinTask.java:734)
	at java.util.stream.ForEachOps$ForEachOp.evaluateParallel(ForEachOps.java:160)
	at java.util.stream.ForEachOps$ForEachOp$OfRef.evaluateParallel(ForEachOps.java:174)
	at java.util.stream.AbstractPipeline.evaluate(AbstractPipeline.java:233)
	at java.util.stream.ReferencePipeline.forEach(ReferencePipeline.java:418)
	at java.util.stream.ReferencePipeline$Head.forEach(ReferencePipeline.java:583)
	at org.apache.hadoop.hdds.scm.pipeline.RatisPipelineProvider.lambda$callRatisRpc$6(RatisPipelineProvider.java:225)
	at java.util.concurrent.ForkJoinTask$AdaptedRunnableAction.exec(ForkJoinTask.java:1386)
	at java.util.concurrent.ForkJoinTask.doExec(ForkJoinTask.java:289)
	at java.util.concurrent.ForkJoinPool$WorkQueue.runTask(ForkJoinPool.java:1056)
	at java.util.concurrent.ForkJoinPool.runWorker(ForkJoinPool.java:1692)
	at java.util.concurrent.ForkJoinWorkerThread.run(ForkJoinWorkerThread.java:157)
Caused by: org.apache.ratis.thirdparty.io.grpc.StatusRuntimeException: DEADLINE_EXCEEDED: deadline exceeded after 2999776394ns
	at org.apache.ratis.thirdparty.io.grpc.stub.ClientCalls.toStatusRuntimeException(ClientCalls.java:233)
	at org.apache.ratis.thirdparty.io.grpc.stub.ClientCalls.getUnchecked(ClientCalls.java:214)
	at org.apache.ratis.thirdparty.io.grpc.stub.ClientCalls.blockingUnaryCall(ClientCalls.java:139)
	at org.apache.ratis.proto.grpc.AdminProtocolServiceGrpc$AdminProtocolServiceBlockingStub.groupManagement(AdminProtocolServiceGrpc.java:274)
	at org.apache.ratis.grpc.client.GrpcClientProtocolClient.lambda$groupAdd$3(GrpcClientProtocolClient.java:140)
	at org.apache.ratis.grpc.client.GrpcClientProtocolClient.blockingCall(GrpcClientProtocolClient.java:167)
	... 25 more
2019-08-29 08:45:43,811 [grpc-default-executor-2] INFO  impl.RaftServerProxy (RaftServerProxy.java:addNew(89)) - e5fd3c67-4f38-41ed-8073-51136f0efc00: addNew group-2D9B50B46EE8:[e5fd3c67-4f38-41ed-8073-51136f0efc00:192.168.5.176:38915] returns group-2D9B50B46EE8:java.util.concurrent.CompletableFuture@1a2ca9b2[Not completed]
2019-08-29 08:45:43,963 | INFO  | SCMAudit | user=jenkins1000 | ip=192.168.5.176 | op=SEND_HEARTBEAT {datanodeUUID=08d23bb8-f649-4ebd-a9a9-bbfd5b766034, command=[]} | ret=SUCCESS |  
2019-08-29 08:45:44,038 [pool-37-thread-1] INFO  storage.RaftStorageDirectory (RaftStorageDirectory.java:tryLock(328)) - Lock on /workdir/hadoop-ozone/integration-test/target/test-dir/MiniOzoneClusterImpl-f455d224-3bfd-4c12-ad75-0d332897f7fa/datanode-1/data/ratis/0e145132-5965-4e11-9eb4-9a3388411659/in_use.lock acquired by nodename 29754@pr-hdds-1909-44d2n-1519487446
2019-08-29 08:45:44,038 [pool-77-thread-1] INFO  storage.RaftStorage (RaftStorage.java:format(72)) - Storage directory /workdir/hadoop-ozone/integration-test/target/test-dir/MiniOzoneClusterImpl-f455d224-3bfd-4c12-ad75-0d332897f7fa/datanode-5/data/ratis/0e145132-5965-4e11-9eb4-9a3388411659 has been successfully formatted.
2019-08-29 08:45:44,038 [pool-47-thread-1] INFO  storage.RaftStorage (RaftStorage.java:format(72)) - Storage directory /workdir/hadoop-ozone/integration-test/target/test-dir/MiniOzoneClusterImpl-f455d224-3bfd-4c12-ad75-0d332897f7fa/datanode-2/data/ratis/0e145132-5965-4e11-9eb4-9a3388411659 has been successfully formatted.
2019-08-29 08:45:44,042 [pool-77-thread-1] INFO  ratis.ContainerStateMachine (ContainerStateMachine.java:loadSnapshot(227)) - group-9A3388411659: The snapshot info is null. Setting the last applied indexto:(t:0, i:~)
2019-08-29 08:45:44,042 [pool-47-thread-1] INFO  ratis.ContainerStateMachine (ContainerStateMachine.java:loadSnapshot(227)) - group-9A3388411659: The snapshot info is null. Setting the last applied indexto:(t:0, i:~)
2019-08-29 08:45:44,044 [pool-77-thread-1] INFO  server.RaftServerConfigKeys (ConfUtils.java:logGet(43)) - raft.server.leader.election.timeout = 120s (custom)
2019-08-29 08:45:44,044 [pool-47-thread-1] INFO  server.RaftServerConfigKeys (ConfUtils.java:logGet(43)) - raft.server.leader.election.timeout = 120s (custom)
2019-08-29 08:45:44,044 [pool-77-thread-1] INFO  server.RaftServerConfigKeys (ConfUtils.java:logGet(43)) - raft.server.log.use.memory = false (default)
2019-08-29 08:45:44,045 [pool-47-thread-1] INFO  server.RaftServerConfigKeys (ConfUtils.java:logGet(43)) - raft.server.log.use.memory = false (default)
2019-08-29 08:45:44,045 [pool-77-thread-1] INFO  server.RaftServerConfigKeys (ConfUtils.java:logGet(43)) - raft.server.log.purge.gap = 1000000 (custom)
2019-08-29 08:45:44,045 [pool-47-thread-1] INFO  server.RaftServerConfigKeys (ConfUtils.java:logGet(43)) - raft.server.log.purge.gap = 1000000 (custom)
2019-08-29 08:45:44,045 [pool-77-thread-1] INFO  server.RaftServerConfigKeys (ConfUtils.java:logGet(43)) - raft.server.log.appender.buffer.byte-limit = 33554432 (custom)
2019-08-29 08:45:44,045 [pool-47-thread-1] INFO  server.RaftServerConfigKeys (ConfUtils.java:logGet(43)) - raft.server.log.appender.buffer.byte-limit = 33554432 (custom)
2019-08-29 08:45:44,045 [pool-77-thread-1] INFO  server.RaftServerConfigKeys (ConfUtils.java:logGet(43)) - raft.server.log.segment.size.max = 1048576 (custom)
2019-08-29 08:45:44,045 [pool-47-thread-1] INFO  server.RaftServerConfigKeys (ConfUtils.java:logGet(43)) - raft.server.log.segment.size.max = 1048576 (custom)
2019-08-29 08:45:44,045 [pool-77-thread-1] INFO  server.RaftServerConfigKeys (ConfUtils.java:logGet(43)) - raft.server.log.segment.cache.num.max = 2 (custom)
2019-08-29 08:45:44,046 [pool-47-thread-1] INFO  server.RaftServerConfigKeys (ConfUtils.java:logGet(43)) - raft.server.log.segment.cache.num.max = 2 (custom)
2019-08-29 08:45:44,046 | INFO  | SCMAudit | user=jenkins1000 | ip=192.168.5.176 | op=SEND_HEARTBEAT {datanodeUUID=3bbb20a1-a78a-49aa-a207-aa74965bf29c, command=[]} | ret=SUCCESS |  
2019-08-29 08:45:44,046 [pool-77-thread-1] INFO  segmented.SegmentedRaftLogWorker (SegmentedRaftLogWorker.java:<init>(172)) - new 80032fdc-d78b-4a88-9434-3ce010c31b3f-SegmentedRaftLogWorker:Storage Directory /workdir/hadoop-ozone/integration-test/target/test-dir/MiniOzoneClusterImpl-f455d224-3bfd-4c12-ad75-0d332897f7fa/datanode-5/data/ratis/0e145132-5965-4e11-9eb4-9a3388411659 for RaftStorage:Storage Directory /workdir/hadoop-ozone/integration-test/target/test-dir/MiniOzoneClusterImpl-f455d224-3bfd-4c12-ad75-0d332897f7fa/datanode-5/data/ratis/0e145132-5965-4e11-9eb4-9a3388411659
2019-08-29 08:45:44,048 [pool-47-thread-1] INFO  segmented.SegmentedRaftLogWorker (SegmentedRaftLogWorker.java:<init>(172)) - new e5fd3c67-4f38-41ed-8073-51136f0efc00-SegmentedRaftLogWorker:Storage Directory /workdir/hadoop-ozone/integration-test/target/test-dir/MiniOzoneClusterImpl-f455d224-3bfd-4c12-ad75-0d332897f7fa/datanode-2/data/ratis/0e145132-5965-4e11-9eb4-9a3388411659 for RaftStorage:Storage Directory /workdir/hadoop-ozone/integration-test/target/test-dir/MiniOzoneClusterImpl-f455d224-3bfd-4c12-ad75-0d332897f7fa/datanode-2/data/ratis/0e145132-5965-4e11-9eb4-9a3388411659
2019-08-29 08:45:44,048 [pool-77-thread-1] INFO  server.RaftServerConfigKeys (ConfUtils.java:logGet(43)) - raft.server.log.queue.byte-limit = 2147483647 (custom)
2019-08-29 08:45:44,050 [pool-47-thread-1] INFO  server.RaftServerConfigKeys (ConfUtils.java:logGet(43)) - raft.server.log.queue.byte-limit = 2147483647 (custom)
2019-08-29 08:45:44,051 [pool-77-thread-1] INFO  server.RaftServerConfigKeys (ConfUtils.java:logGet(43)) - raft.server.log.queue.element-limit = 1024 (custom)
2019-08-29 08:45:44,051 [pool-47-thread-1] INFO  server.RaftServerConfigKeys (ConfUtils.java:logGet(43)) - raft.server.log.queue.element-limit = 1024 (custom)
2019-08-29 08:45:44,052 [pool-47-thread-1] INFO  server.RaftServerConfigKeys (ConfUtils.java:logGet(43)) - raft.server.log.segment.size.max = 1048576 (custom)
2019-08-29 08:45:44,052 [pool-77-thread-1] INFO  server.RaftServerConfigKeys (ConfUtils.java:logGet(43)) - raft.server.log.segment.size.max = 1048576 (custom)
2019-08-29 08:45:44,052 [pool-47-thread-1] INFO  server.RaftServerConfigKeys (ConfUtils.java:logGet(43)) - raft.server.log.preallocated.size = 16384 (custom)
2019-08-29 08:45:44,052 [pool-77-thread-1] INFO  server.RaftServerConfigKeys (ConfUtils.java:logGet(43)) - raft.server.log.preallocated.size = 16384 (custom)
2019-08-29 08:45:44,052 [pool-47-thread-1] INFO  server.RaftServerConfigKeys (ConfUtils.java:logGet(43)) - raft.server.log.write.buffer.size = 33554432 (custom)
2019-08-29 08:45:44,052 [pool-77-thread-1] INFO  server.RaftServerConfigKeys (ConfUtils.java:logGet(43)) - raft.server.log.write.buffer.size = 33554432 (custom)
2019-08-29 08:45:44,053 [pool-47-thread-1] INFO  server.RaftServerConfigKeys (ConfUtils.java:logGet(43)) - raft.server.log.force.sync.num = 128 (default)
2019-08-29 08:45:44,053 [pool-77-thread-1] INFO  server.RaftServerConfigKeys (ConfUtils.java:logGet(43)) - raft.server.log.force.sync.num = 128 (default)
2019-08-29 08:45:44,053 [pool-47-thread-1] INFO  server.RaftServerConfigKeys (ConfUtils.java:logGet(43)) - raft.server.log.statemachine.data.sync = true (default)
2019-08-29 08:45:44,053 [pool-77-thread-1] INFO  server.RaftServerConfigKeys (ConfUtils.java:logGet(43)) - raft.server.log.statemachine.data.sync = true (default)
2019-08-29 08:45:44,053 [pool-47-thread-1] INFO  server.RaftServerConfigKeys (ConfUtils.java:logGet(43)) - raft.server.log.statemachine.data.sync.timeout = 10s (default)
2019-08-29 08:45:44,053 [pool-77-thread-1] INFO  server.RaftServerConfigKeys (ConfUtils.java:logGet(43)) - raft.server.log.statemachine.data.sync.timeout = 10s (default)
2019-08-29 08:45:44,053 [pool-47-thread-1] INFO  server.RaftServerConfigKeys (ConfUtils.java:logGet(43)) - raft.server.log.statemachine.data.sync.timeout.retry = -1 (default)
2019-08-29 08:45:44,054 [pool-77-thread-1] INFO  server.RaftServerConfigKeys (ConfUtils.java:logGet(43)) - raft.server.log.statemachine.data.sync.timeout.retry = -1 (default)
2019-08-29 08:45:44,054 [pool-47-thread-1] INFO  server.RaftServerConfigKeys (ConfUtils.java:logGet(43)) - raft.server.log.statemachine.data.caching.enabled = true (custom)
2019-08-29 08:45:44,054 [pool-77-thread-1] INFO  server.RaftServerConfigKeys (ConfUtils.java:logGet(43)) - raft.server.log.statemachine.data.caching.enabled = true (custom)
2019-08-29 08:45:44,054 [pool-47-thread-1] INFO  segmented.SegmentedRaftLogWorker (SegmentedRaftLogWorker.java:lambda$new$0(132)) - e5fd3c67-4f38-41ed-8073-51136f0efc00-SegmentedRaftLogWorker:Storage Directory /workdir/hadoop-ozone/integration-test/target/test-dir/MiniOzoneClusterImpl-f455d224-3bfd-4c12-ad75-0d332897f7fa/datanode-2/data/ratis/0e145132-5965-4e11-9eb4-9a3388411659: flushIndex: setUnconditionally 0 -> -1
2019-08-29 08:45:44,055 [pool-77-thread-1] INFO  segmented.SegmentedRaftLogWorker (SegmentedRaftLogWorker.java:lambda$new$0(132)) - 80032fdc-d78b-4a88-9434-3ce010c31b3f-SegmentedRaftLogWorker:Storage Directory /workdir/hadoop-ozone/integration-test/target/test-dir/MiniOzoneClusterImpl-f455d224-3bfd-4c12-ad75-0d332897f7fa/datanode-5/data/ratis/0e145132-5965-4e11-9eb4-9a3388411659: flushIndex: setUnconditionally 0 -> -1
2019-08-29 08:45:44,055 [pool-47-thread-1] INFO  server.RaftServerConfigKeys (ConfUtils.java:logGet(43)) - raft.server.snapshot.auto.trigger.enabled = true (custom)
2019-08-29 08:45:44,055 [pool-47-thread-1] INFO  server.RaftServerConfigKeys (ConfUtils.java:logGet(43)) - raft.server.snapshot.auto.trigger.threshold = 10000 (custom)
2019-08-29 08:45:44,055 [pool-77-thread-1] INFO  server.RaftServerConfigKeys (ConfUtils.java:logGet(43)) - raft.server.snapshot.auto.trigger.enabled = true (custom)
2019-08-29 08:45:44,055 [pool-47-thread-1] INFO  server.RaftServerConfigKeys (ConfUtils.java:logGet(43)) - raft.server.retrycache.expirytime = 600000ms (custom)
2019-08-29 08:45:44,055 [pool-77-thread-1] INFO  server.RaftServerConfigKeys (ConfUtils.java:logGet(43)) - raft.server.snapshot.auto.trigger.threshold = 10000 (custom)
2019-08-29 08:45:44,056 [pool-77-thread-1] INFO  server.RaftServerConfigKeys (ConfUtils.java:logGet(43)) - raft.server.retrycache.expirytime = 600000ms (custom)
2019-08-29 08:45:44,056 [pool-77-thread-1] INFO  impl.RaftServerImpl (RaftServerImpl.java:start(180)) - 80032fdc-d78b-4a88-9434-3ce010c31b3f: start group-9A3388411659
2019-08-29 08:45:44,057 [pool-47-thread-1] INFO  impl.RaftServerImpl (RaftServerImpl.java:<init>(93)) - e5fd3c67-4f38-41ed-8073-51136f0efc00: new RaftServerImpl for group-2D9B50B46EE8:[e5fd3c67-4f38-41ed-8073-51136f0efc00:192.168.5.176:38915] with ContainerStateMachine:uninitialized
2019-08-29 08:45:44,057 [pool-47-thread-1] INFO  server.RaftServerConfigKeys (ConfUtils.java:logGet(43)) - raft.server.rpc.timeout.min = 5s (custom)
2019-08-29 08:45:44,057 [pool-47-thread-1] INFO  server.RaftServerConfigKeys (ConfUtils.java:logGet(43)) - raft.server.rpc.timeout.max = 5200ms (custom)
2019-08-29 08:45:44,057 [pool-47-thread-1] INFO  server.RaftServerConfigKeys (ConfUtils.java:logGet(43)) - raft.server.rpcslowness.timeout = 120s (custom)
2019-08-29 08:45:44,058 [pool-47-thread-1] INFO  server.RaftServerConfigKeys (ConfUtils.java:logGet(43)) - raft.server.sleep.deviation.threshold = 300 (default)
2019-08-29 08:45:44,058 [pool-47-thread-1] INFO  server.RaftServerConfigKeys (ConfUtils.java:logGet(43)) - raft.server.log.appender.install.snapshot.enabled = false (custom)
2019-08-29 08:45:44,058 [pool-77-thread-1] INFO  impl.RaftServerImpl (RaftServerImpl.java:setRole(171)) - 80032fdc-d78b-4a88-9434-3ce010c31b3f:group-9A3388411659 changes role from null to FOLLOWER at term 0 for startAsFollower
2019-08-29 08:45:44,058 [pool-47-thread-1] INFO  impl.RaftServerImpl (ServerState.java:<init>(105)) - e5fd3c67-4f38-41ed-8073-51136f0efc00:group-2D9B50B46EE8 ConfigurationManager, init=-1: [e5fd3c67-4f38-41ed-8073-51136f0efc00:192.168.5.176:38915], old=null, confs=<EMPTY_MAP>
2019-08-29 08:45:44,058 [pool-47-thread-1] INFO  server.RaftServerConfigKeys (ConfUtils.java:logGet(43)) - raft.server.storage.dir = [/workdir/hadoop-ozone/integration-test/target/test-dir/MiniOzoneClusterImpl-f455d224-3bfd-4c12-ad75-0d332897f7fa/datanode-2/data/ratis] (custom)
2019-08-29 08:45:44,058 [pool-47-thread-1] INFO  storage.RaftStorageDirectory (RaftStorageDirectory.java:analyzeStorage(246)) - The storage directory /workdir/hadoop-ozone/integration-test/target/test-dir/MiniOzoneClusterImpl-f455d224-3bfd-4c12-ad75-0d332897f7fa/datanode-2/data/ratis/235f1a63-13c0-4190-818c-2d9b50b46ee8 does not exist. Creating ...
2019-08-29 08:45:44,062 [pool-77-thread-1] INFO  impl.RoleInfo (RoleInfo.java:updateAndGet(143)) - 80032fdc-d78b-4a88-9434-3ce010c31b3f: start FollowerState
2019-08-29 08:45:44,065 [pool-77-thread-1] INFO  util.JmxRegister (JmxRegister.java:tryRegister(44)) - Successfully registered JMX Bean with object name Ratis:service=RaftServer,group=group-9A3388411659,id=80032fdc-d78b-4a88-9434-3ce010c31b3f
2019-08-29 08:45:44,128 | INFO  | SCMAudit | user=jenkins1000 | ip=192.168.5.176 | op=SEND_HEARTBEAT {datanodeUUID=80032fdc-d78b-4a88-9434-3ce010c31b3f, command=[]} | ret=SUCCESS |  
2019-08-29 08:45:44,215 | INFO  | SCMAudit | user=jenkins1000 | ip=192.168.5.176 | op=SEND_HEARTBEAT {datanodeUUID=90f684eb-7c4f-41ac-bd9b-a2bcab6fa083, command=[]} | ret=SUCCESS |  
2019-08-29 08:45:44,442 | INFO  | SCMAudit | user=jenkins1000 | ip=192.168.5.176 | op=SEND_HEARTBEAT {datanodeUUID=73bbc9c5-70f7-4fc8-a304-e36fb1a7c836, command=[]} | ret=SUCCESS |  
2019-08-29 08:45:44,530 | INFO  | SCMAudit | user=jenkins1000 | ip=192.168.5.176 | op=SEND_HEARTBEAT {datanodeUUID=4204fb3a-7736-45d2-bbed-750a692783ae, command=[]} | ret=SUCCESS |  
2019-08-29 08:45:44,611 | INFO  | SCMAudit | user=jenkins1000 | ip=192.168.5.176 | op=SEND_HEARTBEAT {datanodeUUID=e5fd3c67-4f38-41ed-8073-51136f0efc00, command=[]} | ret=SUCCESS |  
2019-08-29 08:45:44,963 | INFO  | SCMAudit | user=jenkins1000 | ip=192.168.5.176 | op=SEND_HEARTBEAT {datanodeUUID=08d23bb8-f649-4ebd-a9a9-bbfd5b766034, command=[]} | ret=SUCCESS |  
2019-08-29 08:45:45,046 | INFO  | SCMAudit | user=jenkins1000 | ip=192.168.5.176 | op=SEND_HEARTBEAT {datanodeUUID=3bbb20a1-a78a-49aa-a207-aa74965bf29c, command=[]} | ret=SUCCESS |  
2019-08-29 08:45:45,129 | INFO  | SCMAudit | user=jenkins1000 | ip=192.168.5.176 | op=SEND_HEARTBEAT {datanodeUUID=80032fdc-d78b-4a88-9434-3ce010c31b3f, command=[]} | ret=SUCCESS |  
2019-08-29 08:45:45,216 | INFO  | SCMAudit | user=jenkins1000 | ip=192.168.5.176 | op=SEND_HEARTBEAT {datanodeUUID=90f684eb-7c4f-41ac-bd9b-a2bcab6fa083, command=[]} | ret=SUCCESS |  
2019-08-29 08:45:45,442 | INFO  | SCMAudit | user=jenkins1000 | ip=192.168.5.176 | op=SEND_HEARTBEAT {datanodeUUID=73bbc9c5-70f7-4fc8-a304-e36fb1a7c836, command=[]} | ret=SUCCESS |  
2019-08-29 08:45:45,530 | INFO  | SCMAudit | user=jenkins1000 | ip=192.168.5.176 | op=SEND_HEARTBEAT {datanodeUUID=4204fb3a-7736-45d2-bbed-750a692783ae, command=[]} | ret=SUCCESS |  
2019-08-29 08:45:45,612 | INFO  | SCMAudit | user=jenkins1000 | ip=192.168.5.176 | op=SEND_HEARTBEAT {datanodeUUID=e5fd3c67-4f38-41ed-8073-51136f0efc00, command=[]} | ret=SUCCESS |  
2019-08-29 08:45:45,963 | INFO  | SCMAudit | user=jenkins1000 | ip=192.168.5.176 | op=SEND_HEARTBEAT {datanodeUUID=08d23bb8-f649-4ebd-a9a9-bbfd5b766034, command=[]} | ret=SUCCESS |  
2019-08-29 08:45:46,046 | INFO  | SCMAudit | user=jenkins1000 | ip=192.168.5.176 | op=SEND_HEARTBEAT {datanodeUUID=3bbb20a1-a78a-49aa-a207-aa74965bf29c, command=[]} | ret=SUCCESS |  
2019-08-29 08:45:46,129 | INFO  | SCMAudit | user=jenkins1000 | ip=192.168.5.176 | op=SEND_HEARTBEAT {datanodeUUID=80032fdc-d78b-4a88-9434-3ce010c31b3f, command=[]} | ret=SUCCESS |  
2019-08-29 08:45:46,217 | INFO  | SCMAudit | user=jenkins1000 | ip=192.168.5.176 | op=SEND_HEARTBEAT {datanodeUUID=90f684eb-7c4f-41ac-bd9b-a2bcab6fa083, command=[]} | ret=SUCCESS |  
2019-08-29 08:45:46,442 | INFO  | SCMAudit | user=jenkins1000 | ip=192.168.5.176 | op=SEND_HEARTBEAT {datanodeUUID=73bbc9c5-70f7-4fc8-a304-e36fb1a7c836, command=[]} | ret=SUCCESS |  
2019-08-29 08:45:46,529 | INFO  | SCMAudit | user=jenkins1000 | ip=192.168.5.176 | op=SEND_HEARTBEAT {datanodeUUID=4204fb3a-7736-45d2-bbed-750a692783ae, command=[]} | ret=SUCCESS |  
2019-08-29 08:45:46,611 | INFO  | SCMAudit | user=jenkins1000 | ip=192.168.5.176 | op=SEND_HEARTBEAT {datanodeUUID=e5fd3c67-4f38-41ed-8073-51136f0efc00, command=[]} | ret=SUCCESS |  
2019-08-29 08:45:46,795 [RATISCREATEPIPELINE1] ERROR pipeline.RatisPipelineProvider (RatisPipelineProvider.java:lambda$null$5(235)) - Failed invoke Ratis rpc org.apache.hadoop.hdds.scm.pipeline.RatisPipelineProvider$$Lambda$187/1505492594@6c6264ad for e5fd3c67-4f38-41ed-8073-51136f0efc00
org.apache.ratis.protocol.TimeoutIOException: deadline exceeded after 2996687604ns
	at org.apache.ratis.grpc.GrpcUtil.tryUnwrapException(GrpcUtil.java:82)
	at org.apache.ratis.grpc.GrpcUtil.unwrapException(GrpcUtil.java:75)
	at org.apache.ratis.grpc.client.GrpcClientProtocolClient.blockingCall(GrpcClientProtocolClient.java:169)
	at org.apache.ratis.grpc.client.GrpcClientProtocolClient.groupAdd(GrpcClientProtocolClient.java:138)
	at org.apache.ratis.grpc.client.GrpcClientRpc.sendRequest(GrpcClientRpc.java:94)
	at org.apache.ratis.client.impl.RaftClientImpl.sendRequest(RaftClientImpl.java:279)
	at org.apache.ratis.client.impl.RaftClientImpl.groupAdd(RaftClientImpl.java:206)
	at org.apache.hadoop.hdds.scm.pipeline.RatisPipelineProvider.lambda$initializePipeline$4(RatisPipelineProvider.java:194)
	at org.apache.hadoop.hdds.scm.pipeline.RatisPipelineProvider.lambda$null$5(RatisPipelineProvider.java:231)
	at java.util.stream.ForEachOps$ForEachOp$OfRef.accept(ForEachOps.java:184)
	at java.util.ArrayList$ArrayListSpliterator.forEachRemaining(ArrayList.java:1382)
	at java.util.stream.AbstractPipeline.copyInto(AbstractPipeline.java:482)
	at java.util.stream.ForEachOps$ForEachTask.compute(ForEachOps.java:291)
	at java.util.concurrent.CountedCompleter.exec(CountedCompleter.java:731)
	at java.util.concurrent.ForkJoinTask.doExec(ForkJoinTask.java:289)
	at java.util.concurrent.ForkJoinTask.doInvoke(ForkJoinTask.java:401)
	at java.util.concurrent.ForkJoinTask.invoke(ForkJoinTask.java:734)
	at java.util.stream.ForEachOps$ForEachOp.evaluateParallel(ForEachOps.java:160)
	at java.util.stream.ForEachOps$ForEachOp$OfRef.evaluateParallel(ForEachOps.java:174)
	at java.util.stream.AbstractPipeline.evaluate(AbstractPipeline.java:233)
	at java.util.stream.ReferencePipeline.forEach(ReferencePipeline.java:418)
	at java.util.stream.ReferencePipeline$Head.forEach(ReferencePipeline.java:583)
	at org.apache.hadoop.hdds.scm.pipeline.RatisPipelineProvider.lambda$callRatisRpc$6(RatisPipelineProvider.java:225)
	at java.util.concurrent.ForkJoinTask$AdaptedRunnableAction.exec(ForkJoinTask.java:1386)
	at java.util.concurrent.ForkJoinTask.doExec(ForkJoinTask.java:289)
	at java.util.concurrent.ForkJoinPool$WorkQueue.runTask(ForkJoinPool.java:1056)
	at java.util.concurrent.ForkJoinPool.runWorker(ForkJoinPool.java:1692)
	at java.util.concurrent.ForkJoinWorkerThread.run(ForkJoinWorkerThread.java:157)
Caused by: org.apache.ratis.thirdparty.io.grpc.StatusRuntimeException: DEADLINE_EXCEEDED: deadline exceeded after 2996687604ns
	at org.apache.ratis.thirdparty.io.grpc.stub.ClientCalls.toStatusRuntimeException(ClientCalls.java:233)
	at org.apache.ratis.thirdparty.io.grpc.stub.ClientCalls.getUnchecked(ClientCalls.java:214)
	at org.apache.ratis.thirdparty.io.grpc.stub.ClientCalls.blockingUnaryCall(ClientCalls.java:139)
	at org.apache.ratis.proto.grpc.AdminProtocolServiceGrpc$AdminProtocolServiceBlockingStub.groupManagement(AdminProtocolServiceGrpc.java:274)
	at org.apache.ratis.grpc.client.GrpcClientProtocolClient.lambda$groupAdd$3(GrpcClientProtocolClient.java:140)
	at org.apache.ratis.grpc.client.GrpcClientProtocolClient.blockingCall(GrpcClientProtocolClient.java:167)
	... 25 more
2019-08-29 08:45:46,859 [grpc-default-executor-2] INFO  impl.RaftServerProxy (RaftServerProxy.java:addNew(89)) - 80032fdc-d78b-4a88-9434-3ce010c31b3f: addNew group-199DD1B2645C:[80032fdc-d78b-4a88-9434-3ce010c31b3f:192.168.5.176:43754, 4204fb3a-7736-45d2-bbed-750a692783ae:192.168.5.176:46077, e5fd3c67-4f38-41ed-8073-51136f0efc00:192.168.5.176:38915] returns group-199DD1B2645C:java.util.concurrent.CompletableFuture@47d8547a[Not completed]
2019-08-29 08:45:46,859 [grpc-default-executor-0] INFO  impl.RaftServerProxy (RaftServerProxy.java:addNew(89)) - 4204fb3a-7736-45d2-bbed-750a692783ae: addNew group-199DD1B2645C:[80032fdc-d78b-4a88-9434-3ce010c31b3f:192.168.5.176:43754, 4204fb3a-7736-45d2-bbed-750a692783ae:192.168.5.176:46077, e5fd3c67-4f38-41ed-8073-51136f0efc00:192.168.5.176:38915] returns group-199DD1B2645C:java.util.concurrent.CompletableFuture@7c96108d[Not completed]
2019-08-29 08:45:46,859 [grpc-default-executor-1] INFO  impl.RaftServerProxy (RaftServerProxy.java:addNew(89)) - e5fd3c67-4f38-41ed-8073-51136f0efc00: addNew group-199DD1B2645C:[80032fdc-d78b-4a88-9434-3ce010c31b3f:192.168.5.176:43754, 4204fb3a-7736-45d2-bbed-750a692783ae:192.168.5.176:46077, e5fd3c67-4f38-41ed-8073-51136f0efc00:192.168.5.176:38915] returns group-199DD1B2645C:java.util.concurrent.CompletableFuture@4d1be53a[Not completed]
2019-08-29 08:45:46,861 [pool-77-thread-1] INFO  impl.RaftServerImpl (RaftServerImpl.java:<init>(93)) - 80032fdc-d78b-4a88-9434-3ce010c31b3f: new RaftServerImpl for group-199DD1B2645C:[80032fdc-d78b-4a88-9434-3ce010c31b3f:192.168.5.176:43754, 4204fb3a-7736-45d2-bbed-750a692783ae:192.168.5.176:46077, e5fd3c67-4f38-41ed-8073-51136f0efc00:192.168.5.176:38915] with ContainerStateMachine:uninitialized
2019-08-29 08:45:46,861 [pool-77-thread-1] INFO  server.RaftServerConfigKeys (ConfUtils.java:logGet(43)) - raft.server.rpc.timeout.min = 5s (custom)
2019-08-29 08:45:46,862 [pool-77-thread-1] INFO  server.RaftServerConfigKeys (ConfUtils.java:logGet(43)) - raft.server.rpc.timeout.max = 5200ms (custom)
2019-08-29 08:45:46,862 [pool-77-thread-1] INFO  server.RaftServerConfigKeys (ConfUtils.java:logGet(43)) - raft.server.rpcslowness.timeout = 120s (custom)
2019-08-29 08:45:46,862 [pool-77-thread-1] INFO  server.RaftServerConfigKeys (ConfUtils.java:logGet(43)) - raft.server.sleep.deviation.threshold = 300 (default)
2019-08-29 08:45:46,862 [pool-77-thread-1] INFO  server.RaftServerConfigKeys (ConfUtils.java:logGet(43)) - raft.server.log.appender.install.snapshot.enabled = false (custom)
2019-08-29 08:45:46,862 [pool-77-thread-1] INFO  impl.RaftServerImpl (ServerState.java:<init>(105)) - 80032fdc-d78b-4a88-9434-3ce010c31b3f:group-199DD1B2645C ConfigurationManager, init=-1: [80032fdc-d78b-4a88-9434-3ce010c31b3f:192.168.5.176:43754, 4204fb3a-7736-45d2-bbed-750a692783ae:192.168.5.176:46077, e5fd3c67-4f38-41ed-8073-51136f0efc00:192.168.5.176:38915], old=null, confs=<EMPTY_MAP>
2019-08-29 08:45:46,862 [pool-77-thread-1] INFO  server.RaftServerConfigKeys (ConfUtils.java:logGet(43)) - raft.server.storage.dir = [/workdir/hadoop-ozone/integration-test/target/test-dir/MiniOzoneClusterImpl-f455d224-3bfd-4c12-ad75-0d332897f7fa/datanode-5/data/ratis] (custom)
2019-08-29 08:45:46,863 [pool-77-thread-1] INFO  storage.RaftStorageDirectory (RaftStorageDirectory.java:analyzeStorage(246)) - The storage directory /workdir/hadoop-ozone/integration-test/target/test-dir/MiniOzoneClusterImpl-f455d224-3bfd-4c12-ad75-0d332897f7fa/datanode-5/data/ratis/a84b6f94-2c43-472f-ac98-199dd1b2645c does not exist. Creating ...
2019-08-29 08:45:46,963 | INFO  | SCMAudit | user=jenkins1000 | ip=192.168.5.176 | op=SEND_HEARTBEAT {datanodeUUID=08d23bb8-f649-4ebd-a9a9-bbfd5b766034, command=[]} | ret=SUCCESS |  
2019-08-29 08:45:47,047 | INFO  | SCMAudit | user=jenkins1000 | ip=192.168.5.176 | op=SEND_HEARTBEAT {datanodeUUID=3bbb20a1-a78a-49aa-a207-aa74965bf29c, command=[]} | ret=SUCCESS |  
2019-08-29 08:45:47,130 | INFO  | SCMAudit | user=jenkins1000 | ip=192.168.5.176 | op=SEND_HEARTBEAT {datanodeUUID=80032fdc-d78b-4a88-9434-3ce010c31b3f, command=[]} | ret=SUCCESS |  
2019-08-29 08:45:47,217 | INFO  | SCMAudit | user=jenkins1000 | ip=192.168.5.176 | op=SEND_HEARTBEAT {datanodeUUID=90f684eb-7c4f-41ac-bd9b-a2bcab6fa083, command=[]} | ret=SUCCESS |  
2019-08-29 08:45:47,443 | INFO  | SCMAudit | user=jenkins1000 | ip=192.168.5.176 | op=SEND_HEARTBEAT {datanodeUUID=73bbc9c5-70f7-4fc8-a304-e36fb1a7c836, command=[]} | ret=SUCCESS |  
2019-08-29 08:45:47,530 | INFO  | SCMAudit | user=jenkins1000 | ip=192.168.5.176 | op=SEND_HEARTBEAT {datanodeUUID=4204fb3a-7736-45d2-bbed-750a692783ae, command=[]} | ret=SUCCESS |  
2019-08-29 08:45:47,612 | INFO  | SCMAudit | user=jenkins1000 | ip=192.168.5.176 | op=SEND_HEARTBEAT {datanodeUUID=e5fd3c67-4f38-41ed-8073-51136f0efc00, command=[]} | ret=SUCCESS |  
2019-08-29 08:45:47,736 [pool-47-thread-1] INFO  storage.RaftStorageDirectory (RaftStorageDirectory.java:tryLock(328)) - Lock on /workdir/hadoop-ozone/integration-test/target/test-dir/MiniOzoneClusterImpl-f455d224-3bfd-4c12-ad75-0d332897f7fa/datanode-2/data/ratis/235f1a63-13c0-4190-818c-2d9b50b46ee8/in_use.lock acquired by nodename 29754@pr-hdds-1909-44d2n-1519487446
2019-08-29 08:45:47,736 [pool-37-thread-1] INFO  storage.RaftStorage (RaftStorage.java:format(72)) - Storage directory /workdir/hadoop-ozone/integration-test/target/test-dir/MiniOzoneClusterImpl-f455d224-3bfd-4c12-ad75-0d332897f7fa/datanode-1/data/ratis/0e145132-5965-4e11-9eb4-9a3388411659 has been successfully formatted.
2019-08-29 08:45:47,737 [pool-37-thread-1] INFO  ratis.ContainerStateMachine (ContainerStateMachine.java:loadSnapshot(227)) - group-9A3388411659: The snapshot info is null. Setting the last applied indexto:(t:0, i:~)
2019-08-29 08:45:47,737 [pool-37-thread-1] INFO  server.RaftServerConfigKeys (ConfUtils.java:logGet(43)) - raft.server.leader.election.timeout = 120s (custom)
2019-08-29 08:45:47,737 [pool-37-thread-1] INFO  server.RaftServerConfigKeys (ConfUtils.java:logGet(43)) - raft.server.log.use.memory = false (default)
2019-08-29 08:45:47,737 [pool-37-thread-1] INFO  server.RaftServerConfigKeys (ConfUtils.java:logGet(43)) - raft.server.log.purge.gap = 1000000 (custom)
2019-08-29 08:45:47,737 [pool-37-thread-1] INFO  server.RaftServerConfigKeys (ConfUtils.java:logGet(43)) - raft.server.log.appender.buffer.byte-limit = 33554432 (custom)
2019-08-29 08:45:47,737 [pool-37-thread-1] INFO  server.RaftServerConfigKeys (ConfUtils.java:logGet(43)) - raft.server.log.segment.size.max = 1048576 (custom)
2019-08-29 08:45:47,738 [pool-37-thread-1] INFO  server.RaftServerConfigKeys (ConfUtils.java:logGet(43)) - raft.server.log.segment.cache.num.max = 2 (custom)
2019-08-29 08:45:47,738 [pool-37-thread-1] INFO  segmented.SegmentedRaftLogWorker (SegmentedRaftLogWorker.java:<init>(172)) - new 4204fb3a-7736-45d2-bbed-750a692783ae-SegmentedRaftLogWorker:Storage Directory /workdir/hadoop-ozone/integration-test/target/test-dir/MiniOzoneClusterImpl-f455d224-3bfd-4c12-ad75-0d332897f7fa/datanode-1/data/ratis/0e145132-5965-4e11-9eb4-9a3388411659 for RaftStorage:Storage Directory /workdir/hadoop-ozone/integration-test/target/test-dir/MiniOzoneClusterImpl-f455d224-3bfd-4c12-ad75-0d332897f7fa/datanode-1/data/ratis/0e145132-5965-4e11-9eb4-9a3388411659
2019-08-29 08:45:47,738 [pool-37-thread-1] INFO  server.RaftServerConfigKeys (ConfUtils.java:logGet(43)) - raft.server.log.queue.byte-limit = 2147483647 (custom)
2019-08-29 08:45:47,738 [pool-37-thread-1] INFO  server.RaftServerConfigKeys (ConfUtils.java:logGet(43)) - raft.server.log.queue.element-limit = 1024 (custom)
2019-08-29 08:45:47,738 [pool-37-thread-1] INFO  server.RaftServerConfigKeys (ConfUtils.java:logGet(43)) - raft.server.log.segment.size.max = 1048576 (custom)
2019-08-29 08:45:47,738 [pool-37-thread-1] INFO  server.RaftServerConfigKeys (ConfUtils.java:logGet(43)) - raft.server.log.preallocated.size = 16384 (custom)
2019-08-29 08:45:47,738 [pool-37-thread-1] INFO  server.RaftServerConfigKeys (ConfUtils.java:logGet(43)) - raft.server.log.write.buffer.size = 33554432 (custom)
2019-08-29 08:45:47,739 [pool-37-thread-1] INFO  server.RaftServerConfigKeys (ConfUtils.java:logGet(43)) - raft.server.log.force.sync.num = 128 (default)
2019-08-29 08:45:47,739 [pool-37-thread-1] INFO  server.RaftServerConfigKeys (ConfUtils.java:logGet(43)) - raft.server.log.statemachine.data.sync = true (default)
2019-08-29 08:45:47,739 [pool-37-thread-1] INFO  server.RaftServerConfigKeys (ConfUtils.java:logGet(43)) - raft.server.log.statemachine.data.sync.timeout = 10s (default)
2019-08-29 08:45:47,739 [pool-37-thread-1] INFO  server.RaftServerConfigKeys (ConfUtils.java:logGet(43)) - raft.server.log.statemachine.data.sync.timeout.retry = -1 (default)
2019-08-29 08:45:47,739 [pool-37-thread-1] INFO  server.RaftServerConfigKeys (ConfUtils.java:logGet(43)) - raft.server.log.statemachine.data.caching.enabled = true (custom)
2019-08-29 08:45:47,739 [pool-37-thread-1] INFO  segmented.SegmentedRaftLogWorker (SegmentedRaftLogWorker.java:lambda$new$0(132)) - 4204fb3a-7736-45d2-bbed-750a692783ae-SegmentedRaftLogWorker:Storage Directory /workdir/hadoop-ozone/integration-test/target/test-dir/MiniOzoneClusterImpl-f455d224-3bfd-4c12-ad75-0d332897f7fa/datanode-1/data/ratis/0e145132-5965-4e11-9eb4-9a3388411659: flushIndex: setUnconditionally 0 -> -1
2019-08-29 08:45:47,740 [pool-37-thread-1] INFO  server.RaftServerConfigKeys (ConfUtils.java:logGet(43)) - raft.server.snapshot.auto.trigger.enabled = true (custom)
2019-08-29 08:45:47,740 [pool-37-thread-1] INFO  server.RaftServerConfigKeys (ConfUtils.java:logGet(43)) - raft.server.snapshot.auto.trigger.threshold = 10000 (custom)
2019-08-29 08:45:47,740 [pool-37-thread-1] INFO  server.RaftServerConfigKeys (ConfUtils.java:logGet(43)) - raft.server.retrycache.expirytime = 600000ms (custom)
2019-08-29 08:45:47,740 [pool-37-thread-1] INFO  impl.RaftServerImpl (RaftServerImpl.java:start(180)) - 4204fb3a-7736-45d2-bbed-750a692783ae: start group-2283A7DB27FA
2019-08-29 08:45:47,740 [pool-37-thread-1] INFO  impl.RaftServerImpl (RaftServerImpl.java:setRole(171)) - 4204fb3a-7736-45d2-bbed-750a692783ae:group-2283A7DB27FA changes role from null to FOLLOWER at term 0 for startAsFollower
2019-08-29 08:45:47,741 [pool-37-thread-1] INFO  impl.RoleInfo (RoleInfo.java:updateAndGet(143)) - 4204fb3a-7736-45d2-bbed-750a692783ae: start FollowerState
2019-08-29 08:45:47,743 [pool-37-thread-1] INFO  util.JmxRegister (JmxRegister.java:tryRegister(44)) - Successfully registered JMX Bean with object name Ratis:service=RaftServer,group=group-2283A7DB27FA,id=4204fb3a-7736-45d2-bbed-750a692783ae
2019-08-29 08:45:47,751 [pool-37-thread-1] INFO  impl.RaftServerImpl (RaftServerImpl.java:<init>(93)) - 4204fb3a-7736-45d2-bbed-750a692783ae: new RaftServerImpl for group-199DD1B2645C:[80032fdc-d78b-4a88-9434-3ce010c31b3f:192.168.5.176:43754, 4204fb3a-7736-45d2-bbed-750a692783ae:192.168.5.176:46077, e5fd3c67-4f38-41ed-8073-51136f0efc00:192.168.5.176:38915] with ContainerStateMachine:uninitialized
2019-08-29 08:45:47,751 [pool-37-thread-1] INFO  server.RaftServerConfigKeys (ConfUtils.java:logGet(43)) - raft.server.rpc.timeout.min = 5s (custom)
2019-08-29 08:45:47,752 [pool-37-thread-1] INFO  server.RaftServerConfigKeys (ConfUtils.java:logGet(43)) - raft.server.rpc.timeout.max = 5200ms (custom)
2019-08-29 08:45:47,752 [pool-37-thread-1] INFO  server.RaftServerConfigKeys (ConfUtils.java:logGet(43)) - raft.server.rpcslowness.timeout = 120s (custom)
2019-08-29 08:45:47,752 [pool-37-thread-1] INFO  server.RaftServerConfigKeys (ConfUtils.java:logGet(43)) - raft.server.sleep.deviation.threshold = 300 (default)
2019-08-29 08:45:47,752 [pool-37-thread-1] INFO  server.RaftServerConfigKeys (ConfUtils.java:logGet(43)) - raft.server.log.appender.install.snapshot.enabled = false (custom)
2019-08-29 08:45:47,752 [pool-37-thread-1] INFO  impl.RaftServerImpl (ServerState.java:<init>(105)) - 4204fb3a-7736-45d2-bbed-750a692783ae:group-199DD1B2645C ConfigurationManager, init=-1: [80032fdc-d78b-4a88-9434-3ce010c31b3f:192.168.5.176:43754, 4204fb3a-7736-45d2-bbed-750a692783ae:192.168.5.176:46077, e5fd3c67-4f38-41ed-8073-51136f0efc00:192.168.5.176:38915], old=null, confs=<EMPTY_MAP>
2019-08-29 08:45:47,753 [pool-37-thread-1] INFO  server.RaftServerConfigKeys (ConfUtils.java:logGet(43)) - raft.server.storage.dir = [/workdir/hadoop-ozone/integration-test/target/test-dir/MiniOzoneClusterImpl-f455d224-3bfd-4c12-ad75-0d332897f7fa/datanode-1/data/ratis] (custom)
2019-08-29 08:45:47,753 [pool-37-thread-1] INFO  storage.RaftStorageDirectory (RaftStorageDirectory.java:analyzeStorage(246)) - The storage directory /workdir/hadoop-ozone/integration-test/target/test-dir/MiniOzoneClusterImpl-f455d224-3bfd-4c12-ad75-0d332897f7fa/datanode-1/data/ratis/a84b6f94-2c43-472f-ac98-199dd1b2645c does not exist. Creating ...
2019-08-29 08:45:47,963 | INFO  | SCMAudit | user=jenkins1000 | ip=192.168.5.176 | op=SEND_HEARTBEAT {datanodeUUID=08d23bb8-f649-4ebd-a9a9-bbfd5b766034, command=[]} | ret=SUCCESS |  
2019-08-29 08:45:48,047 | INFO  | SCMAudit | user=jenkins1000 | ip=192.168.5.176 | op=SEND_HEARTBEAT {datanodeUUID=3bbb20a1-a78a-49aa-a207-aa74965bf29c, command=[]} | ret=SUCCESS |  
2019-08-29 08:45:48,130 | INFO  | SCMAudit | user=jenkins1000 | ip=192.168.5.176 | op=SEND_HEARTBEAT {datanodeUUID=80032fdc-d78b-4a88-9434-3ce010c31b3f, command=[]} | ret=SUCCESS |  
2019-08-29 08:45:48,216 | INFO  | SCMAudit | user=jenkins1000 | ip=192.168.5.176 | op=SEND_HEARTBEAT {datanodeUUID=90f684eb-7c4f-41ac-bd9b-a2bcab6fa083, command=[]} | ret=SUCCESS |  
2019-08-29 08:45:48,443 | INFO  | SCMAudit | user=jenkins1000 | ip=192.168.5.176 | op=SEND_HEARTBEAT {datanodeUUID=73bbc9c5-70f7-4fc8-a304-e36fb1a7c836, command=[]} | ret=SUCCESS |  
2019-08-29 08:45:48,530 | INFO  | SCMAudit | user=jenkins1000 | ip=192.168.5.176 | op=SEND_HEARTBEAT {datanodeUUID=4204fb3a-7736-45d2-bbed-750a692783ae, command=[]} | ret=SUCCESS |  
2019-08-29 08:45:48,611 | INFO  | SCMAudit | user=jenkins1000 | ip=192.168.5.176 | op=SEND_HEARTBEAT {datanodeUUID=e5fd3c67-4f38-41ed-8073-51136f0efc00, command=[]} | ret=SUCCESS |  
2019-08-29 08:45:48,966 | INFO  | SCMAudit | user=jenkins1000 | ip=192.168.5.176 | op=SEND_HEARTBEAT {datanodeUUID=08d23bb8-f649-4ebd-a9a9-bbfd5b766034, command=[]} | ret=SUCCESS |  
2019-08-29 08:45:49,047 | INFO  | SCMAudit | user=jenkins1000 | ip=192.168.5.176 | op=SEND_HEARTBEAT {datanodeUUID=3bbb20a1-a78a-49aa-a207-aa74965bf29c, command=[]} | ret=SUCCESS |  
2019-08-29 08:45:49,130 | INFO  | SCMAudit | user=jenkins1000 | ip=192.168.5.176 | op=SEND_HEARTBEAT {datanodeUUID=80032fdc-d78b-4a88-9434-3ce010c31b3f, command=[]} | ret=SUCCESS |  
2019-08-29 08:45:49,171 [Thread-246] INFO  impl.FollowerState (FollowerState.java:run(106)) - 80032fdc-d78b-4a88-9434-3ce010c31b3f:group-9A3388411659 changes to CANDIDATE, lastRpcTime:5109, electionTimeout:5108ms
2019-08-29 08:45:49,174 [Thread-246] INFO  impl.RoleInfo (RoleInfo.java:shutdownFollowerState(121)) - 80032fdc-d78b-4a88-9434-3ce010c31b3f: shutdown FollowerState
2019-08-29 08:45:49,174 [Thread-246] INFO  impl.RaftServerImpl (RaftServerImpl.java:setRole(171)) - 80032fdc-d78b-4a88-9434-3ce010c31b3f:group-9A3388411659 changes role from FOLLOWER to CANDIDATE at term 0 for changeToCandidate
2019-08-29 08:45:49,176 [Thread-246] INFO  impl.RoleInfo (RoleInfo.java:updateAndGet(143)) - 80032fdc-d78b-4a88-9434-3ce010c31b3f: start LeaderElection
2019-08-29 08:45:49,216 | INFO  | SCMAudit | user=jenkins1000 | ip=192.168.5.176 | op=SEND_HEARTBEAT {datanodeUUID=90f684eb-7c4f-41ac-bd9b-a2bcab6fa083, command=[]} | ret=SUCCESS |  
2019-08-29 08:45:49,305 [pool-77-thread-1] INFO  storage.RaftStorageDirectory (RaftStorageDirectory.java:tryLock(328)) - Lock on /workdir/hadoop-ozone/integration-test/target/test-dir/MiniOzoneClusterImpl-f455d224-3bfd-4c12-ad75-0d332897f7fa/datanode-5/data/ratis/a84b6f94-2c43-472f-ac98-199dd1b2645c/in_use.lock acquired by nodename 29754@pr-hdds-1909-44d2n-1519487446
2019-08-29 08:45:49,443 | INFO  | SCMAudit | user=jenkins1000 | ip=192.168.5.176 | op=SEND_HEARTBEAT {datanodeUUID=73bbc9c5-70f7-4fc8-a304-e36fb1a7c836, command=[]} | ret=SUCCESS |  
2019-08-29 08:45:49,530 | INFO  | SCMAudit | user=jenkins1000 | ip=192.168.5.176 | op=SEND_HEARTBEAT {datanodeUUID=4204fb3a-7736-45d2-bbed-750a692783ae, command=[]} | ret=SUCCESS |  
2019-08-29 08:45:49,611 | INFO  | SCMAudit | user=jenkins1000 | ip=192.168.5.176 | op=SEND_HEARTBEAT {datanodeUUID=e5fd3c67-4f38-41ed-8073-51136f0efc00, command=[]} | ret=SUCCESS |  
2019-08-29 08:45:49,810 [RATISCREATEPIPELINE1] ERROR pipeline.RatisPipelineProvider (RatisPipelineProvider.java:lambda$null$5(235)) - Failed invoke Ratis rpc org.apache.hadoop.hdds.scm.pipeline.RatisPipelineProvider$$Lambda$187/1505492594@1dd67301 for 4204fb3a-7736-45d2-bbed-750a692783ae
org.apache.ratis.protocol.TimeoutIOException: deadline exceeded after 2990329616ns
	at org.apache.ratis.grpc.GrpcUtil.tryUnwrapException(GrpcUtil.java:82)
	at org.apache.ratis.grpc.GrpcUtil.unwrapException(GrpcUtil.java:75)
	at org.apache.ratis.grpc.client.GrpcClientProtocolClient.blockingCall(GrpcClientProtocolClient.java:169)
	at org.apache.ratis.grpc.client.GrpcClientProtocolClient.groupAdd(GrpcClientProtocolClient.java:138)
	at org.apache.ratis.grpc.client.GrpcClientRpc.sendRequest(GrpcClientRpc.java:94)
	at org.apache.ratis.client.impl.RaftClientImpl.sendRequest(RaftClientImpl.java:279)
	at org.apache.ratis.client.impl.RaftClientImpl.groupAdd(RaftClientImpl.java:206)
	at org.apache.hadoop.hdds.scm.pipeline.RatisPipelineProvider.lambda$initializePipeline$4(RatisPipelineProvider.java:194)
	at org.apache.hadoop.hdds.scm.pipeline.RatisPipelineProvider.lambda$null$5(RatisPipelineProvider.java:231)
	at java.util.stream.ForEachOps$ForEachOp$OfRef.accept(ForEachOps.java:184)
	at java.util.ArrayList$ArrayListSpliterator.forEachRemaining(ArrayList.java:1382)
	at java.util.stream.AbstractPipeline.copyInto(AbstractPipeline.java:482)
	at java.util.stream.ForEachOps$ForEachTask.compute(ForEachOps.java:291)
	at java.util.concurrent.CountedCompleter.exec(CountedCompleter.java:731)
	at java.util.concurrent.ForkJoinTask.doExec(ForkJoinTask.java:289)
	at java.util.concurrent.ForkJoinTask.doInvoke(ForkJoinTask.java:401)
	at java.util.concurrent.ForkJoinTask.invoke(ForkJoinTask.java:734)
	at java.util.stream.ForEachOps$ForEachOp.evaluateParallel(ForEachOps.java:160)
	at java.util.stream.ForEachOps$ForEachOp$OfRef.evaluateParallel(ForEachOps.java:174)
	at java.util.stream.AbstractPipeline.evaluate(AbstractPipeline.java:233)
	at java.util.stream.ReferencePipeline.forEach(ReferencePipeline.java:418)
	at java.util.stream.ReferencePipeline$Head.forEach(ReferencePipeline.java:583)
	at org.apache.hadoop.hdds.scm.pipeline.RatisPipelineProvider.lambda$callRatisRpc$6(RatisPipelineProvider.java:225)
	at java.util.concurrent.ForkJoinTask$AdaptedRunnableAction.exec(ForkJoinTask.java:1386)
	at java.util.concurrent.ForkJoinTask.doExec(ForkJoinTask.java:289)
	at java.util.concurrent.ForkJoinPool$WorkQueue.runTask(ForkJoinPool.java:1056)
	at java.util.concurrent.ForkJoinPool.runWorker(ForkJoinPool.java:1692)
	at java.util.concurrent.ForkJoinWorkerThread.run(ForkJoinWorkerThread.java:157)
Caused by: org.apache.ratis.thirdparty.io.grpc.StatusRuntimeException: DEADLINE_EXCEEDED: deadline exceeded after 2990329616ns
	at org.apache.ratis.thirdparty.io.grpc.stub.ClientCalls.toStatusRuntimeException(ClientCalls.java:233)
	at org.apache.ratis.thirdparty.io.grpc.stub.ClientCalls.getUnchecked(ClientCalls.java:214)
	at org.apache.ratis.thirdparty.io.grpc.stub.ClientCalls.blockingUnaryCall(ClientCalls.java:139)
	at org.apache.ratis.proto.grpc.AdminProtocolServiceGrpc$AdminProtocolServiceBlockingStub.groupManagement(AdminProtocolServiceGrpc.java:274)
	at org.apache.ratis.grpc.client.GrpcClientProtocolClient.lambda$groupAdd$3(GrpcClientProtocolClient.java:140)
	at org.apache.ratis.grpc.client.GrpcClientProtocolClient.blockingCall(GrpcClientProtocolClient.java:167)
	... 25 more
2019-08-29 08:45:49,812 [RATISCREATEPIPELINE3] ERROR pipeline.RatisPipelineProvider (RatisPipelineProvider.java:lambda$null$5(235)) - Failed invoke Ratis rpc org.apache.hadoop.hdds.scm.pipeline.RatisPipelineProvider$$Lambda$187/1505492594@1dd67301 for e5fd3c67-4f38-41ed-8073-51136f0efc00
org.apache.ratis.protocol.TimeoutIOException: deadline exceeded after 2999780357ns
	at org.apache.ratis.grpc.GrpcUtil.tryUnwrapException(GrpcUtil.java:82)
	at org.apache.ratis.grpc.GrpcUtil.unwrapException(GrpcUtil.java:75)
	at org.apache.ratis.grpc.client.GrpcClientProtocolClient.blockingCall(GrpcClientProtocolClient.java:169)
	at org.apache.ratis.grpc.client.GrpcClientProtocolClient.groupAdd(GrpcClientProtocolClient.java:138)
	at org.apache.ratis.grpc.client.GrpcClientRpc.sendRequest(GrpcClientRpc.java:94)
	at org.apache.ratis.client.impl.RaftClientImpl.sendRequest(RaftClientImpl.java:279)
	at org.apache.ratis.client.impl.RaftClientImpl.groupAdd(RaftClientImpl.java:206)
	at org.apache.hadoop.hdds.scm.pipeline.RatisPipelineProvider.lambda$initializePipeline$4(RatisPipelineProvider.java:194)
	at org.apache.hadoop.hdds.scm.pipeline.RatisPipelineProvider.lambda$null$5(RatisPipelineProvider.java:231)
	at java.util.stream.ForEachOps$ForEachOp$OfRef.accept(ForEachOps.java:184)
	at java.util.ArrayList$ArrayListSpliterator.forEachRemaining(ArrayList.java:1382)
	at java.util.stream.AbstractPipeline.copyInto(AbstractPipeline.java:482)
	at java.util.stream.ForEachOps$ForEachTask.compute(ForEachOps.java:291)
	at java.util.concurrent.CountedCompleter.exec(CountedCompleter.java:731)
	at java.util.concurrent.ForkJoinTask.doExec(ForkJoinTask.java:289)
	at java.util.concurrent.ForkJoinPool$WorkQueue.runTask(ForkJoinPool.java:1056)
	at java.util.concurrent.ForkJoinPool.runWorker(ForkJoinPool.java:1692)
	at java.util.concurrent.ForkJoinWorkerThread.run(ForkJoinWorkerThread.java:157)
Caused by: org.apache.ratis.thirdparty.io.grpc.StatusRuntimeException: DEADLINE_EXCEEDED: deadline exceeded after 2999780357ns
	at org.apache.ratis.thirdparty.io.grpc.stub.ClientCalls.toStatusRuntimeException(ClientCalls.java:233)
	at org.apache.ratis.thirdparty.io.grpc.stub.ClientCalls.getUnchecked(ClientCalls.java:214)
	at org.apache.ratis.thirdparty.io.grpc.stub.ClientCalls.blockingUnaryCall(ClientCalls.java:139)
	at org.apache.ratis.proto.grpc.AdminProtocolServiceGrpc$AdminProtocolServiceBlockingStub.groupManagement(AdminProtocolServiceGrpc.java:274)
	at org.apache.ratis.grpc.client.GrpcClientProtocolClient.lambda$groupAdd$3(GrpcClientProtocolClient.java:140)
	at org.apache.ratis.grpc.client.GrpcClientProtocolClient.blockingCall(GrpcClientProtocolClient.java:167)
	... 15 more
2019-08-29 08:45:49,819 [RATISCREATEPIPELINE2] ERROR pipeline.RatisPipelineProvider (RatisPipelineProvider.java:lambda$null$5(235)) - Failed invoke Ratis rpc org.apache.hadoop.hdds.scm.pipeline.RatisPipelineProvider$$Lambda$187/1505492594@1dd67301 for 80032fdc-d78b-4a88-9434-3ce010c31b3f
org.apache.ratis.protocol.TimeoutIOException: deadline exceeded after 2998292542ns
	at org.apache.ratis.grpc.GrpcUtil.tryUnwrapException(GrpcUtil.java:82)
	at org.apache.ratis.grpc.GrpcUtil.unwrapException(GrpcUtil.java:75)
	at org.apache.ratis.grpc.client.GrpcClientProtocolClient.blockingCall(GrpcClientProtocolClient.java:169)
	at org.apache.ratis.grpc.client.GrpcClientProtocolClient.groupAdd(GrpcClientProtocolClient.java:138)
	at org.apache.ratis.grpc.client.GrpcClientRpc.sendRequest(GrpcClientRpc.java:94)
	at org.apache.ratis.client.impl.RaftClientImpl.sendRequest(RaftClientImpl.java:279)
	at org.apache.ratis.client.impl.RaftClientImpl.groupAdd(RaftClientImpl.java:206)
	at org.apache.hadoop.hdds.scm.pipeline.RatisPipelineProvider.lambda$initializePipeline$4(RatisPipelineProvider.java:194)
	at org.apache.hadoop.hdds.scm.pipeline.RatisPipelineProvider.lambda$null$5(RatisPipelineProvider.java:231)
	at java.util.stream.ForEachOps$ForEachOp$OfRef.accept(ForEachOps.java:184)
	at java.util.ArrayList$ArrayListSpliterator.forEachRemaining(ArrayList.java:1382)
	at java.util.stream.AbstractPipeline.copyInto(AbstractPipeline.java:482)
	at java.util.stream.ForEachOps$ForEachTask.compute(ForEachOps.java:291)
	at java.util.concurrent.CountedCompleter.exec(CountedCompleter.java:731)
	at java.util.concurrent.ForkJoinTask.doExec(ForkJoinTask.java:289)
	at java.util.concurrent.ForkJoinPool$WorkQueue.runTask(ForkJoinPool.java:1056)
	at java.util.concurrent.ForkJoinPool.runWorker(ForkJoinPool.java:1692)
	at java.util.concurrent.ForkJoinWorkerThread.run(ForkJoinWorkerThread.java:157)
Caused by: org.apache.ratis.thirdparty.io.grpc.StatusRuntimeException: DEADLINE_EXCEEDED: deadline exceeded after 2998292542ns
	at org.apache.ratis.thirdparty.io.grpc.stub.ClientCalls.toStatusRuntimeException(ClientCalls.java:233)
	at org.apache.ratis.thirdparty.io.grpc.stub.ClientCalls.getUnchecked(ClientCalls.java:214)
	at org.apache.ratis.thirdparty.io.grpc.stub.ClientCalls.blockingUnaryCall(ClientCalls.java:139)
	at org.apache.ratis.proto.grpc.AdminProtocolServiceGrpc$AdminProtocolServiceBlockingStub.groupManagement(AdminProtocolServiceGrpc.java:274)
	at org.apache.ratis.grpc.client.GrpcClientProtocolClient.lambda$groupAdd$3(GrpcClientProtocolClient.java:140)
	at org.apache.ratis.grpc.client.GrpcClientProtocolClient.blockingCall(GrpcClientProtocolClient.java:167)
	... 15 more
2019-08-29 08:45:49,859 [grpc-default-executor-1] INFO  impl.RaftServerProxy (RaftServerProxy.java:addNew(89)) - e5fd3c67-4f38-41ed-8073-51136f0efc00: addNew group-D32732FAAE1B:[80032fdc-d78b-4a88-9434-3ce010c31b3f:192.168.5.176:43754, 4204fb3a-7736-45d2-bbed-750a692783ae:192.168.5.176:46077, e5fd3c67-4f38-41ed-8073-51136f0efc00:192.168.5.176:38915] returns group-D32732FAAE1B:java.util.concurrent.CompletableFuture@1c022485[Not completed]
2019-08-29 08:45:49,859 [grpc-default-executor-0] INFO  impl.RaftServerProxy (RaftServerProxy.java:addNew(89)) - 4204fb3a-7736-45d2-bbed-750a692783ae: addNew group-D32732FAAE1B:[80032fdc-d78b-4a88-9434-3ce010c31b3f:192.168.5.176:43754, 4204fb3a-7736-45d2-bbed-750a692783ae:192.168.5.176:46077, e5fd3c67-4f38-41ed-8073-51136f0efc00:192.168.5.176:38915] returns group-D32732FAAE1B:java.util.concurrent.CompletableFuture@4e1d82d8[Not completed]
2019-08-29 08:45:49,859 [grpc-default-executor-2] INFO  impl.RaftServerProxy (RaftServerProxy.java:addNew(89)) - 80032fdc-d78b-4a88-9434-3ce010c31b3f: addNew group-D32732FAAE1B:[80032fdc-d78b-4a88-9434-3ce010c31b3f:192.168.5.176:43754, 4204fb3a-7736-45d2-bbed-750a692783ae:192.168.5.176:46077, e5fd3c67-4f38-41ed-8073-51136f0efc00:192.168.5.176:38915] returns group-D32732FAAE1B:java.util.concurrent.CompletableFuture@12807a3[Not completed]
2019-08-29 08:45:49,966 | INFO  | SCMAudit | user=jenkins1000 | ip=192.168.5.176 | op=SEND_HEARTBEAT {datanodeUUID=08d23bb8-f649-4ebd-a9a9-bbfd5b766034, command=[]} | ret=SUCCESS |  
2019-08-29 08:45:50,047 | INFO  | SCMAudit | user=jenkins1000 | ip=192.168.5.176 | op=SEND_HEARTBEAT {datanodeUUID=3bbb20a1-a78a-49aa-a207-aa74965bf29c, command=[]} | ret=SUCCESS |  
2019-08-29 08:45:50,129 | INFO  | SCMAudit | user=jenkins1000 | ip=192.168.5.176 | op=SEND_HEARTBEAT {datanodeUUID=80032fdc-d78b-4a88-9434-3ce010c31b3f, command=[]} | ret=SUCCESS |  
2019-08-29 08:45:50,217 | INFO  | SCMAudit | user=jenkins1000 | ip=192.168.5.176 | op=SEND_HEARTBEAT {datanodeUUID=90f684eb-7c4f-41ac-bd9b-a2bcab6fa083, command=[]} | ret=SUCCESS |  
2019-08-29 08:45:50,444 | INFO  | SCMAudit | user=jenkins1000 | ip=192.168.5.176 | op=SEND_HEARTBEAT {datanodeUUID=73bbc9c5-70f7-4fc8-a304-e36fb1a7c836, command=[]} | ret=SUCCESS |  
2019-08-29 08:45:50,530 | INFO  | SCMAudit | user=jenkins1000 | ip=192.168.5.176 | op=SEND_HEARTBEAT {datanodeUUID=4204fb3a-7736-45d2-bbed-750a692783ae, command=[]} | ret=SUCCESS |  
2019-08-29 08:45:50,612 | INFO  | SCMAudit | user=jenkins1000 | ip=192.168.5.176 | op=SEND_HEARTBEAT {datanodeUUID=e5fd3c67-4f38-41ed-8073-51136f0efc00, command=[]} | ret=SUCCESS |  
2019-08-29 08:45:50,774 [pool-37-thread-1] INFO  storage.RaftStorageDirectory (RaftStorageDirectory.java:tryLock(328)) - Lock on /workdir/hadoop-ozone/integration-test/target/test-dir/MiniOzoneClusterImpl-f455d224-3bfd-4c12-ad75-0d332897f7fa/datanode-1/data/ratis/a84b6f94-2c43-472f-ac98-199dd1b2645c/in_use.lock acquired by nodename 29754@pr-hdds-1909-44d2n-1519487446
2019-08-29 08:45:50,774 [pool-47-thread-1] INFO  storage.RaftStorage (RaftStorage.java:format(72)) - Storage directory /workdir/hadoop-ozone/integration-test/target/test-dir/MiniOzoneClusterImpl-f455d224-3bfd-4c12-ad75-0d332897f7fa/datanode-2/data/ratis/235f1a63-13c0-4190-818c-2d9b50b46ee8 has been successfully formatted.
2019-08-29 08:45:50,775 [pool-47-thread-1] INFO  ratis.ContainerStateMachine (ContainerStateMachine.java:loadSnapshot(227)) - group-2D9B50B46EE8: The snapshot info is null. Setting the last applied indexto:(t:0, i:~)
2019-08-29 08:45:50,775 [pool-47-thread-1] INFO  server.RaftServerConfigKeys (ConfUtils.java:logGet(43)) - raft.server.leader.election.timeout = 120s (custom)
2019-08-29 08:45:50,776 [pool-47-thread-1] INFO  server.RaftServerConfigKeys (ConfUtils.java:logGet(43)) - raft.server.log.use.memory = false (default)
2019-08-29 08:45:50,776 [pool-47-thread-1] INFO  server.RaftServerConfigKeys (ConfUtils.java:logGet(43)) - raft.server.log.purge.gap = 1000000 (custom)
2019-08-29 08:45:50,776 [pool-47-thread-1] INFO  server.RaftServerConfigKeys (ConfUtils.java:logGet(43)) - raft.server.log.appender.buffer.byte-limit = 33554432 (custom)
2019-08-29 08:45:50,777 [pool-47-thread-1] INFO  server.RaftServerConfigKeys (ConfUtils.java:logGet(43)) - raft.server.log.segment.size.max = 1048576 (custom)
2019-08-29 08:45:50,777 [pool-47-thread-1] INFO  server.RaftServerConfigKeys (ConfUtils.java:logGet(43)) - raft.server.log.segment.cache.num.max = 2 (custom)
2019-08-29 08:45:50,777 [pool-47-thread-1] INFO  segmented.SegmentedRaftLogWorker (SegmentedRaftLogWorker.java:<init>(172)) - new e5fd3c67-4f38-41ed-8073-51136f0efc00-SegmentedRaftLogWorker:Storage Directory /workdir/hadoop-ozone/integration-test/target/test-dir/MiniOzoneClusterImpl-f455d224-3bfd-4c12-ad75-0d332897f7fa/datanode-2/data/ratis/235f1a63-13c0-4190-818c-2d9b50b46ee8 for RaftStorage:Storage Directory /workdir/hadoop-ozone/integration-test/target/test-dir/MiniOzoneClusterImpl-f455d224-3bfd-4c12-ad75-0d332897f7fa/datanode-2/data/ratis/235f1a63-13c0-4190-818c-2d9b50b46ee8
2019-08-29 08:45:50,777 [pool-47-thread-1] INFO  server.RaftServerConfigKeys (ConfUtils.java:logGet(43)) - raft.server.log.queue.byte-limit = 2147483647 (custom)
2019-08-29 08:45:50,778 [pool-47-thread-1] INFO  server.RaftServerConfigKeys (ConfUtils.java:logGet(43)) - raft.server.log.queue.element-limit = 1024 (custom)
2019-08-29 08:45:50,778 [pool-47-thread-1] INFO  server.RaftServerConfigKeys (ConfUtils.java:logGet(43)) - raft.server.log.segment.size.max = 1048576 (custom)
2019-08-29 08:45:50,778 [pool-47-thread-1] INFO  server.RaftServerConfigKeys (ConfUtils.java:logGet(43)) - raft.server.log.preallocated.size = 16384 (custom)
2019-08-29 08:45:50,778 [pool-47-thread-1] INFO  server.RaftServerConfigKeys (ConfUtils.java:logGet(43)) - raft.server.log.write.buffer.size = 33554432 (custom)
2019-08-29 08:45:50,779 [pool-47-thread-1] INFO  server.RaftServerConfigKeys (ConfUtils.java:logGet(43)) - raft.server.log.force.sync.num = 128 (default)
2019-08-29 08:45:50,779 [pool-47-thread-1] INFO  server.RaftServerConfigKeys (ConfUtils.java:logGet(43)) - raft.server.log.statemachine.data.sync = true (default)
2019-08-29 08:45:50,779 [pool-47-thread-1] INFO  server.RaftServerConfigKeys (ConfUtils.java:logGet(43)) - raft.server.log.statemachine.data.sync.timeout = 10s (default)
2019-08-29 08:45:50,780 [pool-47-thread-1] INFO  server.RaftServerConfigKeys (ConfUtils.java:logGet(43)) - raft.server.log.statemachine.data.sync.timeout.retry = -1 (default)
2019-08-29 08:45:50,780 [pool-47-thread-1] INFO  server.RaftServerConfigKeys (ConfUtils.java:logGet(43)) - raft.server.log.statemachine.data.caching.enabled = true (custom)
2019-08-29 08:45:50,781 [pool-47-thread-1] INFO  segmented.SegmentedRaftLogWorker (SegmentedRaftLogWorker.java:lambda$new$0(132)) - e5fd3c67-4f38-41ed-8073-51136f0efc00-SegmentedRaftLogWorker:Storage Directory /workdir/hadoop-ozone/integration-test/target/test-dir/MiniOzoneClusterImpl-f455d224-3bfd-4c12-ad75-0d332897f7fa/datanode-2/data/ratis/235f1a63-13c0-4190-818c-2d9b50b46ee8: flushIndex: setUnconditionally 0 -> -1
2019-08-29 08:45:50,781 [pool-47-thread-1] INFO  server.RaftServerConfigKeys (ConfUtils.java:logGet(43)) - raft.server.snapshot.auto.trigger.enabled = true (custom)
2019-08-29 08:45:50,781 [pool-47-thread-1] INFO  server.RaftServerConfigKeys (ConfUtils.java:logGet(43)) - raft.server.snapshot.auto.trigger.threshold = 10000 (custom)
2019-08-29 08:45:50,782 [pool-47-thread-1] INFO  server.RaftServerConfigKeys (ConfUtils.java:logGet(43)) - raft.server.retrycache.expirytime = 600000ms (custom)
2019-08-29 08:45:50,782 [pool-47-thread-1] INFO  impl.RaftServerImpl (RaftServerImpl.java:start(180)) - e5fd3c67-4f38-41ed-8073-51136f0efc00: start group-9A3388411659
2019-08-29 08:45:50,782 [pool-47-thread-1] INFO  impl.RaftServerImpl (RaftServerImpl.java:setRole(171)) - e5fd3c67-4f38-41ed-8073-51136f0efc00:group-9A3388411659 changes role from null to FOLLOWER at term 0 for startAsFollower
2019-08-29 08:45:50,783 [pool-47-thread-1] INFO  impl.RoleInfo (RoleInfo.java:updateAndGet(143)) - e5fd3c67-4f38-41ed-8073-51136f0efc00: start FollowerState
2019-08-29 08:45:50,784 [pool-47-thread-1] INFO  util.JmxRegister (JmxRegister.java:tryRegister(44)) - Successfully registered JMX Bean with object name Ratis:service=RaftServer,group=group-9A3388411659,id=e5fd3c67-4f38-41ed-8073-51136f0efc00
2019-08-29 08:45:50,790 [pool-47-thread-1] INFO  impl.RaftServerImpl (RaftServerImpl.java:<init>(93)) - e5fd3c67-4f38-41ed-8073-51136f0efc00: new RaftServerImpl for group-199DD1B2645C:[80032fdc-d78b-4a88-9434-3ce010c31b3f:192.168.5.176:43754, 4204fb3a-7736-45d2-bbed-750a692783ae:192.168.5.176:46077, e5fd3c67-4f38-41ed-8073-51136f0efc00:192.168.5.176:38915] with ContainerStateMachine:uninitialized
2019-08-29 08:45:50,791 [pool-47-thread-1] INFO  server.RaftServerConfigKeys (ConfUtils.java:logGet(43)) - raft.server.rpc.timeout.min = 5s (custom)
2019-08-29 08:45:50,791 [pool-47-thread-1] INFO  server.RaftServerConfigKeys (ConfUtils.java:logGet(43)) - raft.server.rpc.timeout.max = 5200ms (custom)
2019-08-29 08:45:50,791 [pool-47-thread-1] INFO  server.RaftServerConfigKeys (ConfUtils.java:logGet(43)) - raft.server.rpcslowness.timeout = 120s (custom)
2019-08-29 08:45:50,791 [pool-47-thread-1] INFO  server.RaftServerConfigKeys (ConfUtils.java:logGet(43)) - raft.server.sleep.deviation.threshold = 300 (default)
2019-08-29 08:45:50,791 [pool-47-thread-1] INFO  server.RaftServerConfigKeys (ConfUtils.java:logGet(43)) - raft.server.log.appender.install.snapshot.enabled = false (custom)
2019-08-29 08:45:50,792 [pool-47-thread-1] INFO  impl.RaftServerImpl (ServerState.java:<init>(105)) - e5fd3c67-4f38-41ed-8073-51136f0efc00:group-199DD1B2645C ConfigurationManager, init=-1: [80032fdc-d78b-4a88-9434-3ce010c31b3f:192.168.5.176:43754, 4204fb3a-7736-45d2-bbed-750a692783ae:192.168.5.176:46077, e5fd3c67-4f38-41ed-8073-51136f0efc00:192.168.5.176:38915], old=null, confs=<EMPTY_MAP>
2019-08-29 08:45:50,792 [pool-47-thread-1] INFO  server.RaftServerConfigKeys (ConfUtils.java:logGet(43)) - raft.server.storage.dir = [/workdir/hadoop-ozone/integration-test/target/test-dir/MiniOzoneClusterImpl-f455d224-3bfd-4c12-ad75-0d332897f7fa/datanode-2/data/ratis] (custom)
2019-08-29 08:45:50,792 [pool-47-thread-1] INFO  storage.RaftStorageDirectory (RaftStorageDirectory.java:analyzeStorage(246)) - The storage directory /workdir/hadoop-ozone/integration-test/target/test-dir/MiniOzoneClusterImpl-f455d224-3bfd-4c12-ad75-0d332897f7fa/datanode-2/data/ratis/a84b6f94-2c43-472f-ac98-199dd1b2645c does not exist. Creating ...
2019-08-29 08:45:50,966 | INFO  | SCMAudit | user=jenkins1000 | ip=192.168.5.176 | op=SEND_HEARTBEAT {datanodeUUID=08d23bb8-f649-4ebd-a9a9-bbfd5b766034, command=[]} | ret=SUCCESS |  
2019-08-29 08:45:51,047 | INFO  | SCMAudit | user=jenkins1000 | ip=192.168.5.176 | op=SEND_HEARTBEAT {datanodeUUID=3bbb20a1-a78a-49aa-a207-aa74965bf29c, command=[]} | ret=SUCCESS |  
2019-08-29 08:45:51,129 | INFO  | SCMAudit | user=jenkins1000 | ip=192.168.5.176 | op=SEND_HEARTBEAT {datanodeUUID=80032fdc-d78b-4a88-9434-3ce010c31b3f, command=[]} | ret=SUCCESS |  
2019-08-29 08:45:51,217 | INFO  | SCMAudit | user=jenkins1000 | ip=192.168.5.176 | op=SEND_HEARTBEAT {datanodeUUID=90f684eb-7c4f-41ac-bd9b-a2bcab6fa083, command=[]} | ret=SUCCESS |  
2019-08-29 08:45:51,444 | INFO  | SCMAudit | user=jenkins1000 | ip=192.168.5.176 | op=SEND_HEARTBEAT {datanodeUUID=73bbc9c5-70f7-4fc8-a304-e36fb1a7c836, command=[]} | ret=SUCCESS |  
2019-08-29 08:45:51,530 | INFO  | SCMAudit | user=jenkins1000 | ip=192.168.5.176 | op=SEND_HEARTBEAT {datanodeUUID=4204fb3a-7736-45d2-bbed-750a692783ae, command=[]} | ret=SUCCESS |  
2019-08-29 08:45:51,612 | INFO  | SCMAudit | user=jenkins1000 | ip=192.168.5.176 | op=SEND_HEARTBEAT {datanodeUUID=e5fd3c67-4f38-41ed-8073-51136f0efc00, command=[]} | ret=SUCCESS |  
2019-08-29 08:45:51,967 | INFO  | SCMAudit | user=jenkins1000 | ip=192.168.5.176 | op=SEND_HEARTBEAT {datanodeUUID=08d23bb8-f649-4ebd-a9a9-bbfd5b766034, command=[]} | ret=SUCCESS |  
2019-08-29 08:45:52,047 | INFO  | SCMAudit | user=jenkins1000 | ip=192.168.5.176 | op=SEND_HEARTBEAT {datanodeUUID=3bbb20a1-a78a-49aa-a207-aa74965bf29c, command=[]} | ret=SUCCESS |  
2019-08-29 08:45:52,130 | INFO  | SCMAudit | user=jenkins1000 | ip=192.168.5.176 | op=SEND_HEARTBEAT {datanodeUUID=80032fdc-d78b-4a88-9434-3ce010c31b3f, command=[]} | ret=SUCCESS |  
2019-08-29 08:45:52,217 | INFO  | SCMAudit | user=jenkins1000 | ip=192.168.5.176 | op=SEND_HEARTBEAT {datanodeUUID=90f684eb-7c4f-41ac-bd9b-a2bcab6fa083, command=[]} | ret=SUCCESS |  
2019-08-29 08:45:52,443 | INFO  | SCMAudit | user=jenkins1000 | ip=192.168.5.176 | op=SEND_HEARTBEAT {datanodeUUID=73bbc9c5-70f7-4fc8-a304-e36fb1a7c836, command=[]} | ret=SUCCESS |  
2019-08-29 08:45:52,530 | INFO  | SCMAudit | user=jenkins1000 | ip=192.168.5.176 | op=SEND_HEARTBEAT {datanodeUUID=4204fb3a-7736-45d2-bbed-750a692783ae, command=[]} | ret=SUCCESS |  
2019-08-29 08:45:52,565 [80032fdc-d78b-4a88-9434-3ce010c31b3f:group-9A3388411659:LeaderElection1] INFO  impl.LeaderElection (LeaderElection.java:askForVotes(181)) - 80032fdc-d78b-4a88-9434-3ce010c31b3f:group-9A3388411659:LeaderElection1: begin an election at term 1 for -1: [80032fdc-d78b-4a88-9434-3ce010c31b3f:192.168.5.176:43754, 4204fb3a-7736-45d2-bbed-750a692783ae:192.168.5.176:46077, e5fd3c67-4f38-41ed-8073-51136f0efc00:192.168.5.176:38915], old=null
2019-08-29 08:45:52,606 [grpc-default-executor-0] INFO  impl.RaftServerImpl (RaftServerImpl.java:setRole(171)) - e5fd3c67-4f38-41ed-8073-51136f0efc00:group-9A3388411659 changes role from FOLLOWER to FOLLOWER at term 1 for recognizeCandidate:80032fdc-d78b-4a88-9434-3ce010c31b3f
2019-08-29 08:45:52,606 [grpc-default-executor-2] WARN  server.GrpcServerProtocolService (LogUtils.java:warn(134)) - 4204fb3a-7736-45d2-bbed-750a692783ae: Failed requestVote 80032fdc-d78b-4a88-9434-3ce010c31b3f->4204fb3a-7736-45d2-bbed-750a692783ae#0: org.apache.ratis.protocol.ServerNotReadyException: Server 4204fb3a-7736-45d2-bbed-750a692783ae is not [RUNNING]: current state is NEW
2019-08-29 08:45:52,606 [grpc-default-executor-0] INFO  impl.RoleInfo (RoleInfo.java:shutdownFollowerState(121)) - e5fd3c67-4f38-41ed-8073-51136f0efc00: shutdown FollowerState
2019-08-29 08:45:52,607 [grpc-default-executor-0] INFO  impl.RoleInfo (RoleInfo.java:updateAndGet(143)) - e5fd3c67-4f38-41ed-8073-51136f0efc00: start FollowerState
2019-08-29 08:45:52,607 [Thread-253] INFO  impl.FollowerState (FollowerState.java:run(114)) - e5fd3c67-4f38-41ed-8073-51136f0efc00: FollowerState was interrupted: java.lang.InterruptedException: sleep interrupted
2019-08-29 08:45:52,612 | INFO  | SCMAudit | user=jenkins1000 | ip=192.168.5.176 | op=SEND_HEARTBEAT {datanodeUUID=e5fd3c67-4f38-41ed-8073-51136f0efc00, command=[]} | ret=SUCCESS |  
2019-08-29 08:45:53,129 [Thread-249] INFO  impl.FollowerState (FollowerState.java:run(106)) - 4204fb3a-7736-45d2-bbed-750a692783ae:group-2283A7DB27FA changes to CANDIDATE, lastRpcTime:5388, electionTimeout:5144ms
2019-08-29 08:45:53,133 [Thread-249] INFO  impl.RoleInfo (RoleInfo.java:shutdownFollowerState(121)) - 4204fb3a-7736-45d2-bbed-750a692783ae: shutdown FollowerState
2019-08-29 08:45:53,133 [Thread-249] INFO  impl.RaftServerImpl (RaftServerImpl.java:setRole(171)) - 4204fb3a-7736-45d2-bbed-750a692783ae:group-2283A7DB27FA changes role from FOLLOWER to CANDIDATE at term 0 for changeToCandidate
2019-08-29 08:45:53,133 [Thread-249] INFO  impl.RoleInfo (RoleInfo.java:updateAndGet(143)) - 4204fb3a-7736-45d2-bbed-750a692783ae: start LeaderElection
2019-08-29 08:45:53,139 | INFO  | SCMAudit | user=jenkins1000 | ip=192.168.5.176 | op=SEND_HEARTBEAT {datanodeUUID=08d23bb8-f649-4ebd-a9a9-bbfd5b766034, command=[]} | ret=SUCCESS |  
2019-08-29 08:45:53,139 | INFO  | SCMAudit | user=jenkins1000 | ip=192.168.5.176 | op=SEND_HEARTBEAT {datanodeUUID=3bbb20a1-a78a-49aa-a207-aa74965bf29c, command=[]} | ret=SUCCESS |  
2019-08-29 08:45:53,139 | INFO  | SCMAudit | user=jenkins1000 | ip=192.168.5.176 | op=SEND_HEARTBEAT {datanodeUUID=80032fdc-d78b-4a88-9434-3ce010c31b3f, command=[]} | ret=SUCCESS |  
2019-08-29 08:45:53,133 [RATISCREATEPIPELINE1] ERROR pipeline.RatisPipelineProvider (RatisPipelineProvider.java:lambda$null$5(235)) - Failed invoke Ratis rpc org.apache.hadoop.hdds.scm.pipeline.RatisPipelineProvider$$Lambda$187/1505492594@41577010 for 4204fb3a-7736-45d2-bbed-750a692783ae
org.apache.ratis.protocol.TimeoutIOException: deadline exceeded after 2999726017ns
	at org.apache.ratis.grpc.GrpcUtil.tryUnwrapException(GrpcUtil.java:82)
	at org.apache.ratis.grpc.GrpcUtil.unwrapException(GrpcUtil.java:75)
	at org.apache.ratis.grpc.client.GrpcClientProtocolClient.blockingCall(GrpcClientProtocolClient.java:169)
	at org.apache.ratis.grpc.client.GrpcClientProtocolClient.groupAdd(GrpcClientProtocolClient.java:138)
	at org.apache.ratis.grpc.client.GrpcClientRpc.sendRequest(GrpcClientRpc.java:94)
	at org.apache.ratis.client.impl.RaftClientImpl.sendRequest(RaftClientImpl.java:279)
	at org.apache.ratis.client.impl.RaftClientImpl.groupAdd(RaftClientImpl.java:206)
	at org.apache.hadoop.hdds.scm.pipeline.RatisPipelineProvider.lambda$initializePipeline$4(RatisPipelineProvider.java:194)
	at org.apache.hadoop.hdds.scm.pipeline.RatisPipelineProvider.lambda$null$5(RatisPipelineProvider.java:231)
	at java.util.stream.ForEachOps$ForEachOp$OfRef.accept(ForEachOps.java:184)
	at java.util.ArrayList$ArrayListSpliterator.forEachRemaining(ArrayList.java:1382)
	at java.util.stream.AbstractPipeline.copyInto(AbstractPipeline.java:482)
	at java.util.stream.ForEachOps$ForEachTask.compute(ForEachOps.java:291)
	at java.util.concurrent.CountedCompleter.exec(CountedCompleter.java:731)
	at java.util.concurrent.ForkJoinTask.doExec(ForkJoinTask.java:289)
	at java.util.concurrent.ForkJoinTask.doInvoke(ForkJoinTask.java:401)
	at java.util.concurrent.ForkJoinTask.invoke(ForkJoinTask.java:734)
	at java.util.stream.ForEachOps$ForEachOp.evaluateParallel(ForEachOps.java:160)
	at java.util.stream.ForEachOps$ForEachOp$OfRef.evaluateParallel(ForEachOps.java:174)
	at java.util.stream.AbstractPipeline.evaluate(AbstractPipeline.java:233)
	at java.util.stream.ReferencePipeline.forEach(ReferencePipeline.java:418)
	at java.util.stream.ReferencePipeline$Head.forEach(ReferencePipeline.java:583)
	at org.apache.hadoop.hdds.scm.pipeline.RatisPipelineProvider.lambda$callRatisRpc$6(RatisPipelineProvider.java:225)
	at java.util.concurrent.ForkJoinTask$AdaptedRunnableAction.exec(ForkJoinTask.java:1386)
	at java.util.concurrent.ForkJoinTask.doExec(ForkJoinTask.java:289)
	at java.util.concurrent.ForkJoinPool$WorkQueue.runTask(ForkJoinPool.java:1056)
	at java.util.concurrent.ForkJoinPool.runWorker(ForkJoinPool.java:1692)
	at java.util.concurrent.ForkJoinWorkerThread.run(ForkJoinWorkerThread.java:157)
Caused by: org.apache.ratis.thirdparty.io.grpc.StatusRuntimeException: DEADLINE_EXCEEDED: deadline exceeded after 2999726017ns
	at org.apache.ratis.thirdparty.io.grpc.stub.ClientCalls.toStatusRuntimeException(ClientCalls.java:233)
	at org.apache.ratis.thirdparty.io.grpc.stub.ClientCalls.getUnchecked(ClientCalls.java:214)
	at org.apache.ratis.thirdparty.io.grpc.stub.ClientCalls.blockingUnaryCall(ClientCalls.java:139)
	at org.apache.ratis.proto.grpc.AdminProtocolServiceGrpc$AdminProtocolServiceBlockingStub.groupManagement(AdminProtocolServiceGrpc.java:274)
	at org.apache.ratis.grpc.client.GrpcClientProtocolClient.lambda$groupAdd$3(GrpcClientProtocolClient.java:140)
	at org.apache.ratis.grpc.client.GrpcClientProtocolClient.blockingCall(GrpcClientProtocolClient.java:167)
	... 25 more
2019-08-29 08:45:53,140 [RATISCREATEPIPELINE3] ERROR pipeline.RatisPipelineProvider (RatisPipelineProvider.java:lambda$null$5(235)) - Failed invoke Ratis rpc org.apache.hadoop.hdds.scm.pipeline.RatisPipelineProvider$$Lambda$187/1505492594@41577010 for 80032fdc-d78b-4a88-9434-3ce010c31b3f
org.apache.ratis.protocol.TimeoutIOException: deadline exceeded after 2998330142ns
	at org.apache.ratis.grpc.GrpcUtil.tryUnwrapException(GrpcUtil.java:82)
	at org.apache.ratis.grpc.GrpcUtil.unwrapException(GrpcUtil.java:75)
	at org.apache.ratis.grpc.client.GrpcClientProtocolClient.blockingCall(GrpcClientProtocolClient.java:169)
	at org.apache.ratis.grpc.client.GrpcClientProtocolClient.groupAdd(GrpcClientProtocolClient.java:138)
	at org.apache.ratis.grpc.client.GrpcClientRpc.sendRequest(GrpcClientRpc.java:94)
	at org.apache.ratis.client.impl.RaftClientImpl.sendRequest(RaftClientImpl.java:279)
	at org.apache.ratis.client.impl.RaftClientImpl.groupAdd(RaftClientImpl.java:206)
	at org.apache.hadoop.hdds.scm.pipeline.RatisPipelineProvider.lambda$initializePipeline$4(RatisPipelineProvider.java:194)
	at org.apache.hadoop.hdds.scm.pipeline.RatisPipelineProvider.lambda$null$5(RatisPipelineProvider.java:231)
	at java.util.stream.ForEachOps$ForEachOp$OfRef.accept(ForEachOps.java:184)
	at java.util.ArrayList$ArrayListSpliterator.forEachRemaining(ArrayList.java:1382)
	at java.util.stream.AbstractPipeline.copyInto(AbstractPipeline.java:482)
	at java.util.stream.ForEachOps$ForEachTask.compute(ForEachOps.java:291)
	at java.util.concurrent.CountedCompleter.exec(CountedCompleter.java:731)
	at java.util.concurrent.ForkJoinTask.doExec(ForkJoinTask.java:289)
	at java.util.concurrent.ForkJoinPool$WorkQueue.runTask(ForkJoinPool.java:1056)
	at java.util.concurrent.ForkJoinPool.runWorker(ForkJoinPool.java:1692)
	at java.util.concurrent.ForkJoinWorkerThread.run(ForkJoinWorkerThread.java:157)
Caused by: org.apache.ratis.thirdparty.io.grpc.StatusRuntimeException: DEADLINE_EXCEEDED: deadline exceeded after 2998330142ns
	at org.apache.ratis.thirdparty.io.grpc.stub.ClientCalls.toStatusRuntimeException(ClientCalls.java:233)
	at org.apache.ratis.thirdparty.io.grpc.stub.ClientCalls.getUnchecked(ClientCalls.java:214)
	at org.apache.ratis.thirdparty.io.grpc.stub.ClientCalls.blockingUnaryCall(ClientCalls.java:139)
	at org.apache.ratis.proto.grpc.AdminProtocolServiceGrpc$AdminProtocolServiceBlockingStub.groupManagement(AdminProtocolServiceGrpc.java:274)
	at org.apache.ratis.grpc.client.GrpcClientProtocolClient.lambda$groupAdd$3(GrpcClientProtocolClient.java:140)
	at org.apache.ratis.grpc.client.GrpcClientProtocolClient.blockingCall(GrpcClientProtocolClient.java:167)
	... 15 more
2019-08-29 08:45:53,140 [RATISCREATEPIPELINE2] ERROR pipeline.RatisPipelineProvider (RatisPipelineProvider.java:lambda$null$5(235)) - Failed invoke Ratis rpc org.apache.hadoop.hdds.scm.pipeline.RatisPipelineProvider$$Lambda$187/1505492594@41577010 for e5fd3c67-4f38-41ed-8073-51136f0efc00
org.apache.ratis.protocol.TimeoutIOException: deadline exceeded after 2998417835ns
	at org.apache.ratis.grpc.GrpcUtil.tryUnwrapException(GrpcUtil.java:82)
	at org.apache.ratis.grpc.GrpcUtil.unwrapException(GrpcUtil.java:75)
	at org.apache.ratis.grpc.client.GrpcClientProtocolClient.blockingCall(GrpcClientProtocolClient.java:169)
	at org.apache.ratis.grpc.client.GrpcClientProtocolClient.groupAdd(GrpcClientProtocolClient.java:138)
	at org.apache.ratis.grpc.client.GrpcClientRpc.sendRequest(GrpcClientRpc.java:94)
	at org.apache.ratis.client.impl.RaftClientImpl.sendRequest(RaftClientImpl.java:279)
	at org.apache.ratis.client.impl.RaftClientImpl.groupAdd(RaftClientImpl.java:206)
	at org.apache.hadoop.hdds.scm.pipeline.RatisPipelineProvider.lambda$initializePipeline$4(RatisPipelineProvider.java:194)
	at org.apache.hadoop.hdds.scm.pipeline.RatisPipelineProvider.lambda$null$5(RatisPipelineProvider.java:231)
	at java.util.stream.ForEachOps$ForEachOp$OfRef.accept(ForEachOps.java:184)
	at java.util.ArrayList$ArrayListSpliterator.forEachRemaining(ArrayList.java:1382)
	at java.util.stream.AbstractPipeline.copyInto(AbstractPipeline.java:482)
	at java.util.stream.ForEachOps$ForEachTask.compute(ForEachOps.java:291)
	at java.util.concurrent.CountedCompleter.exec(CountedCompleter.java:731)
	at java.util.concurrent.ForkJoinTask.doExec(ForkJoinTask.java:289)
	at java.util.concurrent.ForkJoinPool$WorkQueue.runTask(ForkJoinPool.java:1056)
	at java.util.concurrent.ForkJoinPool.runWorker(ForkJoinPool.java:1692)
	at java.util.concurrent.ForkJoinWorkerThread.run(ForkJoinWorkerThread.java:157)
Caused by: org.apache.ratis.thirdparty.io.grpc.StatusRuntimeException: DEADLINE_EXCEEDED: deadline exceeded after 2998417835ns
	at org.apache.ratis.thirdparty.io.grpc.stub.ClientCalls.toStatusRuntimeException(ClientCalls.java:233)
	at org.apache.ratis.thirdparty.io.grpc.stub.ClientCalls.getUnchecked(ClientCalls.java:214)
	at org.apache.ratis.thirdparty.io.grpc.stub.ClientCalls.blockingUnaryCall(ClientCalls.java:139)
	at org.apache.ratis.proto.grpc.AdminProtocolServiceGrpc$AdminProtocolServiceBlockingStub.groupManagement(AdminProtocolServiceGrpc.java:274)
	at org.apache.ratis.grpc.client.GrpcClientProtocolClient.lambda$groupAdd$3(GrpcClientProtocolClient.java:140)
	at org.apache.ratis.grpc.client.GrpcClientProtocolClient.blockingCall(GrpcClientProtocolClient.java:167)
	... 15 more
2019-08-29 08:45:53,167 [IPC Server handler 1 on 43221] WARN  block.BlockManagerImpl (BlockManagerImpl.java:allocateBlock(192)) - Pipeline creation failed for type:RATIS factor:THREE. Retrying get pipelines call once.
org.apache.hadoop.io.MultipleIOException: 3 exceptions [java.io.IOException: Failed invoke Ratis rpc org.apache.hadoop.hdds.scm.pipeline.RatisPipelineProvider$$Lambda$187/1505492594@41577010 for 4204fb3a-7736-45d2-bbed-750a692783ae, java.io.IOException: Failed invoke Ratis rpc org.apache.hadoop.hdds.scm.pipeline.RatisPipelineProvider$$Lambda$187/1505492594@41577010 for 80032fdc-d78b-4a88-9434-3ce010c31b3f, java.io.IOException: Failed invoke Ratis rpc org.apache.hadoop.hdds.scm.pipeline.RatisPipelineProvider$$Lambda$187/1505492594@41577010 for e5fd3c67-4f38-41ed-8073-51136f0efc00]
	at org.apache.hadoop.io.MultipleIOException.createIOException(MultipleIOException.java:53)
	at org.apache.hadoop.hdds.scm.pipeline.RatisPipelineProvider.callRatisRpc(RatisPipelineProvider.java:251)
	at org.apache.hadoop.hdds.scm.pipeline.RatisPipelineProvider.initializePipeline(RatisPipelineProvider.java:192)
	at org.apache.hadoop.hdds.scm.pipeline.RatisPipelineProvider.create(RatisPipelineProvider.java:161)
	at org.apache.hadoop.hdds.scm.pipeline.PipelineFactory.create(PipelineFactory.java:57)
	at org.apache.hadoop.hdds.scm.pipeline.SCMPipelineManager.createPipeline(SCMPipelineManager.java:149)
	at org.apache.hadoop.hdds.scm.block.BlockManagerImpl.allocateBlock(BlockManagerImpl.java:190)
	at org.apache.hadoop.hdds.scm.server.SCMBlockProtocolServer.allocateBlock(SCMBlockProtocolServer.java:175)
	at org.apache.hadoop.ozone.protocolPB.ScmBlockLocationProtocolServerSideTranslatorPB.allocateScmBlock(ScmBlockLocationProtocolServerSideTranslatorPB.java:153)
	at org.apache.hadoop.ozone.protocolPB.ScmBlockLocationProtocolServerSideTranslatorPB.send(ScmBlockLocationProtocolServerSideTranslatorPB.java:112)
	at org.apache.hadoop.hdds.protocol.proto.ScmBlockLocationProtocolProtos$ScmBlockLocationProtocolService$2.callBlockingMethod(ScmBlockLocationProtocolProtos.java:13157)
	at org.apache.hadoop.ipc.ProtobufRpcEngine$Server$ProtoBufRpcInvoker.call(ProtobufRpcEngine.java:524)
	at org.apache.hadoop.ipc.RPC$Server.call(RPC.java:1025)
	at org.apache.hadoop.ipc.Server$RpcCall.run(Server.java:876)
	at org.apache.hadoop.ipc.Server$RpcCall.run(Server.java:822)
	at java.security.AccessController.doPrivileged(Native Method)
	at javax.security.auth.Subject.doAs(Subject.java:422)
	at org.apache.hadoop.security.UserGroupInformation.doAs(UserGroupInformation.java:1730)
	at org.apache.hadoop.ipc.Server$Handler.run(Server.java:2682)
2019-08-29 08:45:53,168 [IPC Server handler 1 on 43221] INFO  block.BlockManagerImpl (BlockManagerImpl.java:allocateBlock(198)) - Could not find available pipeline of type:RATIS and factor:THREE even after retrying
2019-08-29 08:45:53,168 [IPC Server handler 1 on 43221] ERROR block.BlockManagerImpl (BlockManagerImpl.java:allocateBlock(222)) - Unable to allocate a block for the size: 4194304, type: RATIS, factor: THREE
2019-08-29 08:45:53,168 | INFO  | SCMAudit | user=jenkins1000 | ip=192.168.5.176 | op=ALLOCATE_BLOCK {owner=f6230dbf-a8ec-4634-92ba-e9f4c9df306f, size=4194304, type=RATIS, factor=THREE} | ret=SUCCESS |  
2019-08-29 08:45:53,195 [80032fdc-d78b-4a88-9434-3ce010c31b3f:group-9A3388411659:LeaderElection1] INFO  impl.LeaderElection (LogUtils.java:infoOrTrace(149)) - 80032fdc-d78b-4a88-9434-3ce010c31b3f:group-9A3388411659:LeaderElection1 got exception when requesting votes: {}
java.util.concurrent.ExecutionException: org.apache.ratis.thirdparty.io.grpc.StatusRuntimeException: INTERNAL: Server 4204fb3a-7736-45d2-bbed-750a692783ae is not [RUNNING]: current state is NEW
	at java.util.concurrent.FutureTask.report(FutureTask.java:122)
	at java.util.concurrent.FutureTask.get(FutureTask.java:192)
	at org.apache.ratis.server.impl.LeaderElection.waitForResults(LeaderElection.java:262)
	at org.apache.ratis.server.impl.LeaderElection.askForVotes(LeaderElection.java:200)
	at org.apache.ratis.server.impl.LeaderElection.run(LeaderElection.java:130)
	at java.lang.Thread.run(Thread.java:748)
Caused by: org.apache.ratis.thirdparty.io.grpc.StatusRuntimeException: INTERNAL: Server 4204fb3a-7736-45d2-bbed-750a692783ae is not [RUNNING]: current state is NEW
	at org.apache.ratis.thirdparty.io.grpc.stub.ClientCalls.toStatusRuntimeException(ClientCalls.java:233)
	at org.apache.ratis.thirdparty.io.grpc.stub.ClientCalls.getUnchecked(ClientCalls.java:214)
	at org.apache.ratis.thirdparty.io.grpc.stub.ClientCalls.blockingUnaryCall(ClientCalls.java:139)
	at org.apache.ratis.proto.grpc.RaftServerProtocolServiceGrpc$RaftServerProtocolServiceBlockingStub.requestVote(RaftServerProtocolServiceGrpc.java:265)
	at org.apache.ratis.grpc.server.GrpcServerProtocolClient.requestVote(GrpcServerProtocolClient.java:83)
	at org.apache.ratis.grpc.server.GrpcService.requestVote(GrpcService.java:195)
	at org.apache.ratis.server.impl.LeaderElection.lambda$submitRequests$1(LeaderElection.java:237)
	at java.util.concurrent.FutureTask.run(FutureTask.java:266)
	at java.util.concurrent.Executors$RunnableAdapter.call(Executors.java:511)
	at java.util.concurrent.FutureTask.run(FutureTask.java:266)
	at java.util.concurrent.ThreadPoolExecutor.runWorker(ThreadPoolExecutor.java:1149)
	at java.util.concurrent.ThreadPoolExecutor$Worker.run(ThreadPoolExecutor.java:624)
	... 1 more
]]></system-out>
  </testcase>
  <testcase name="testBlockWritesWithFlushAndClose" classname="org.apache.hadoop.ozone.client.rpc.TestCloseContainerHandlingByClient" time="1.588">
    <error message="Allocated 0 blocks. Requested 1 blocks" type="INTERNAL_ERROR org.apache.hadoop.ozone.om.exceptions.OMException">INTERNAL_ERROR org.apache.hadoop.ozone.om.exceptions.OMException: Allocated 0 blocks. Requested 1 blocks
	at org.apache.hadoop.ozone.om.protocolPB.OzoneManagerProtocolClientSideTranslatorPB.handleError(OzoneManagerProtocolClientSideTranslatorPB.java:725)
	at org.apache.hadoop.ozone.om.protocolPB.OzoneManagerProtocolClientSideTranslatorPB.openKey(OzoneManagerProtocolClientSideTranslatorPB.java:716)
	at org.apache.hadoop.ozone.client.rpc.RpcClient.createKey(RpcClient.java:615)
	at org.apache.hadoop.ozone.client.OzoneBucket.createKey(OzoneBucket.java:325)
	at org.apache.hadoop.ozone.container.ContainerTestHelper.createKey(ContainerTestHelper.java:695)
	at org.apache.hadoop.ozone.client.rpc.TestCloseContainerHandlingByClient.createKey(TestCloseContainerHandlingByClient.java:396)
	at org.apache.hadoop.ozone.client.rpc.TestCloseContainerHandlingByClient.testBlockWritesWithFlushAndClose(TestCloseContainerHandlingByClient.java:123)
	at sun.reflect.NativeMethodAccessorImpl.invoke0(Native Method)
	at sun.reflect.NativeMethodAccessorImpl.invoke(NativeMethodAccessorImpl.java:62)
	at sun.reflect.DelegatingMethodAccessorImpl.invoke(DelegatingMethodAccessorImpl.java:43)
	at java.lang.reflect.Method.invoke(Method.java:498)
	at org.junit.runners.model.FrameworkMethod$1.runReflectiveCall(FrameworkMethod.java:47)
	at org.junit.internal.runners.model.ReflectiveCallable.run(ReflectiveCallable.java:12)
	at org.junit.runners.model.FrameworkMethod.invokeExplosively(FrameworkMethod.java:44)
	at org.junit.internal.runners.statements.InvokeMethod.evaluate(InvokeMethod.java:17)
	at org.junit.runners.ParentRunner.runLeaf(ParentRunner.java:271)
	at org.junit.runners.BlockJUnit4ClassRunner.runChild(BlockJUnit4ClassRunner.java:70)
	at org.junit.runners.BlockJUnit4ClassRunner.runChild(BlockJUnit4ClassRunner.java:50)
	at org.junit.runners.ParentRunner$3.run(ParentRunner.java:238)
	at org.junit.runners.ParentRunner$1.schedule(ParentRunner.java:63)
	at org.junit.runners.ParentRunner.runChildren(ParentRunner.java:236)
	at org.junit.runners.ParentRunner.access$000(ParentRunner.java:53)
	at org.junit.runners.ParentRunner$2.evaluate(ParentRunner.java:229)
	at org.junit.internal.runners.statements.RunBefores.evaluate(RunBefores.java:26)
	at org.junit.internal.runners.statements.RunAfters.evaluate(RunAfters.java:27)
	at org.junit.runners.ParentRunner.run(ParentRunner.java:309)
	at org.apache.maven.surefire.junit4.JUnit4Provider.execute(JUnit4Provider.java:365)
	at org.apache.maven.surefire.junit4.JUnit4Provider.executeWithRerun(JUnit4Provider.java:273)
	at org.apache.maven.surefire.junit4.JUnit4Provider.executeTestSet(JUnit4Provider.java:238)
	at org.apache.maven.surefire.junit4.JUnit4Provider.invoke(JUnit4Provider.java:159)
	at org.apache.maven.surefire.booter.ForkedBooter.invokeProviderInSameClassLoader(ForkedBooter.java:384)
	at org.apache.maven.surefire.booter.ForkedBooter.runSuitesInProcess(ForkedBooter.java:345)
	at org.apache.maven.surefire.booter.ForkedBooter.execute(ForkedBooter.java:126)
	at org.apache.maven.surefire.booter.ForkedBooter.main(ForkedBooter.java:418)
</error>
    <system-out><![CDATA[2019-08-29 08:45:53,214 | INFO  | OMAudit | user=jenkins1000 | ip=127.0.0.1 | op=READ_VOLUME {volume=closecontainerexceptionhandlingtest} | ret=SUCCESS |  
2019-08-29 08:45:53,216 | INFO  | OMAudit | user=jenkins1000 | ip=127.0.0.1 | op=READ_BUCKET {volume=closecontainerexceptionhandlingtest, bucket=closecontainerexceptionhandlingtest} | ret=SUCCESS |  
2019-08-29 08:45:53,219 | INFO  | SCMAudit | user=jenkins1000 | ip=192.168.5.176 | op=SEND_HEARTBEAT {datanodeUUID=90f684eb-7c4f-41ac-bd9b-a2bcab6fa083, command=[]} | ret=SUCCESS |  
2019-08-29 08:45:53,250 [grpc-default-executor-1] INFO  impl.RaftServerProxy (RaftServerProxy.java:addNew(89)) - 4204fb3a-7736-45d2-bbed-750a692783ae: addNew group-2A4272E51C55:[80032fdc-d78b-4a88-9434-3ce010c31b3f:192.168.5.176:43754, 4204fb3a-7736-45d2-bbed-750a692783ae:192.168.5.176:46077, e5fd3c67-4f38-41ed-8073-51136f0efc00:192.168.5.176:38915] returns group-2A4272E51C55:java.util.concurrent.CompletableFuture@184cdc3e[Not completed]
2019-08-29 08:45:53,251 [grpc-default-executor-2] INFO  impl.RaftServerProxy (RaftServerProxy.java:addNew(89)) - e5fd3c67-4f38-41ed-8073-51136f0efc00: addNew group-2A4272E51C55:[80032fdc-d78b-4a88-9434-3ce010c31b3f:192.168.5.176:43754, 4204fb3a-7736-45d2-bbed-750a692783ae:192.168.5.176:46077, e5fd3c67-4f38-41ed-8073-51136f0efc00:192.168.5.176:38915] returns group-2A4272E51C55:java.util.concurrent.CompletableFuture@784ed605[Not completed]
2019-08-29 08:45:53,251 [grpc-default-executor-3] INFO  impl.RaftServerProxy (RaftServerProxy.java:addNew(89)) - 80032fdc-d78b-4a88-9434-3ce010c31b3f: addNew group-2A4272E51C55:[80032fdc-d78b-4a88-9434-3ce010c31b3f:192.168.5.176:43754, 4204fb3a-7736-45d2-bbed-750a692783ae:192.168.5.176:46077, e5fd3c67-4f38-41ed-8073-51136f0efc00:192.168.5.176:38915] returns group-2A4272E51C55:java.util.concurrent.CompletableFuture@175d59ca[Not completed]
2019-08-29 08:45:53,444 | INFO  | SCMAudit | user=jenkins1000 | ip=192.168.5.176 | op=SEND_HEARTBEAT {datanodeUUID=73bbc9c5-70f7-4fc8-a304-e36fb1a7c836, command=[]} | ret=SUCCESS |  
2019-08-29 08:45:53,530 | INFO  | SCMAudit | user=jenkins1000 | ip=192.168.5.176 | op=SEND_HEARTBEAT {datanodeUUID=4204fb3a-7736-45d2-bbed-750a692783ae, command=[]} | ret=SUCCESS |  
2019-08-29 08:45:53,612 | INFO  | SCMAudit | user=jenkins1000 | ip=192.168.5.176 | op=SEND_HEARTBEAT {datanodeUUID=e5fd3c67-4f38-41ed-8073-51136f0efc00, command=[]} | ret=SUCCESS |  
2019-08-29 08:45:54,125 | INFO  | SCMAudit | user=jenkins1000 | ip=192.168.5.176 | op=SEND_HEARTBEAT {datanodeUUID=3bbb20a1-a78a-49aa-a207-aa74965bf29c, command=[]} | ret=SUCCESS |  
2019-08-29 08:45:54,125 | INFO  | SCMAudit | user=jenkins1000 | ip=192.168.5.176 | op=SEND_HEARTBEAT {datanodeUUID=08d23bb8-f649-4ebd-a9a9-bbfd5b766034, command=[]} | ret=SUCCESS |  
2019-08-29 08:45:54,130 | INFO  | SCMAudit | user=jenkins1000 | ip=192.168.5.176 | op=SEND_HEARTBEAT {datanodeUUID=80032fdc-d78b-4a88-9434-3ce010c31b3f, command=[]} | ret=SUCCESS |  
2019-08-29 08:45:54,216 | INFO  | SCMAudit | user=jenkins1000 | ip=192.168.5.176 | op=SEND_HEARTBEAT {datanodeUUID=90f684eb-7c4f-41ac-bd9b-a2bcab6fa083, command=[]} | ret=SUCCESS |  
2019-08-29 08:45:54,444 | INFO  | SCMAudit | user=jenkins1000 | ip=192.168.5.176 | op=SEND_HEARTBEAT {datanodeUUID=73bbc9c5-70f7-4fc8-a304-e36fb1a7c836, command=[]} | ret=SUCCESS |  
2019-08-29 08:45:54,530 | INFO  | SCMAudit | user=jenkins1000 | ip=192.168.5.176 | op=SEND_HEARTBEAT {datanodeUUID=4204fb3a-7736-45d2-bbed-750a692783ae, command=[]} | ret=SUCCESS |  
2019-08-29 08:45:54,613 | INFO  | SCMAudit | user=jenkins1000 | ip=192.168.5.176 | op=SEND_HEARTBEAT {datanodeUUID=e5fd3c67-4f38-41ed-8073-51136f0efc00, command=[]} | ret=SUCCESS |  
2019-08-29 08:45:54,665 [pool-77-thread-1] INFO  storage.RaftStorage (RaftStorage.java:format(72)) - Storage directory /workdir/hadoop-ozone/integration-test/target/test-dir/MiniOzoneClusterImpl-f455d224-3bfd-4c12-ad75-0d332897f7fa/datanode-5/data/ratis/a84b6f94-2c43-472f-ac98-199dd1b2645c has been successfully formatted.
2019-08-29 08:45:54,666 [pool-77-thread-1] INFO  ratis.ContainerStateMachine (ContainerStateMachine.java:loadSnapshot(227)) - group-199DD1B2645C: The snapshot info is null. Setting the last applied indexto:(t:0, i:~)
2019-08-29 08:45:54,666 [pool-77-thread-1] INFO  server.RaftServerConfigKeys (ConfUtils.java:logGet(43)) - raft.server.leader.election.timeout = 120s (custom)
2019-08-29 08:45:54,666 [pool-77-thread-1] INFO  server.RaftServerConfigKeys (ConfUtils.java:logGet(43)) - raft.server.log.use.memory = false (default)
2019-08-29 08:45:54,667 [pool-77-thread-1] INFO  server.RaftServerConfigKeys (ConfUtils.java:logGet(43)) - raft.server.log.purge.gap = 1000000 (custom)
2019-08-29 08:45:54,667 [pool-77-thread-1] INFO  server.RaftServerConfigKeys (ConfUtils.java:logGet(43)) - raft.server.log.appender.buffer.byte-limit = 33554432 (custom)
2019-08-29 08:45:54,667 [pool-77-thread-1] INFO  server.RaftServerConfigKeys (ConfUtils.java:logGet(43)) - raft.server.log.segment.size.max = 1048576 (custom)
2019-08-29 08:45:54,667 [pool-77-thread-1] INFO  server.RaftServerConfigKeys (ConfUtils.java:logGet(43)) - raft.server.log.segment.cache.num.max = 2 (custom)
2019-08-29 08:45:54,667 [pool-77-thread-1] INFO  segmented.SegmentedRaftLogWorker (SegmentedRaftLogWorker.java:<init>(172)) - new 80032fdc-d78b-4a88-9434-3ce010c31b3f-SegmentedRaftLogWorker:Storage Directory /workdir/hadoop-ozone/integration-test/target/test-dir/MiniOzoneClusterImpl-f455d224-3bfd-4c12-ad75-0d332897f7fa/datanode-5/data/ratis/a84b6f94-2c43-472f-ac98-199dd1b2645c for RaftStorage:Storage Directory /workdir/hadoop-ozone/integration-test/target/test-dir/MiniOzoneClusterImpl-f455d224-3bfd-4c12-ad75-0d332897f7fa/datanode-5/data/ratis/a84b6f94-2c43-472f-ac98-199dd1b2645c
2019-08-29 08:45:54,667 [pool-77-thread-1] INFO  server.RaftServerConfigKeys (ConfUtils.java:logGet(43)) - raft.server.log.queue.byte-limit = 2147483647 (custom)
2019-08-29 08:45:54,667 [pool-77-thread-1] INFO  server.RaftServerConfigKeys (ConfUtils.java:logGet(43)) - raft.server.log.queue.element-limit = 1024 (custom)
2019-08-29 08:45:54,667 [pool-77-thread-1] INFO  server.RaftServerConfigKeys (ConfUtils.java:logGet(43)) - raft.server.log.segment.size.max = 1048576 (custom)
2019-08-29 08:45:54,668 [pool-77-thread-1] INFO  server.RaftServerConfigKeys (ConfUtils.java:logGet(43)) - raft.server.log.preallocated.size = 16384 (custom)
2019-08-29 08:45:54,668 [pool-77-thread-1] INFO  server.RaftServerConfigKeys (ConfUtils.java:logGet(43)) - raft.server.log.write.buffer.size = 33554432 (custom)
2019-08-29 08:45:54,668 [pool-77-thread-1] INFO  server.RaftServerConfigKeys (ConfUtils.java:logGet(43)) - raft.server.log.force.sync.num = 128 (default)
2019-08-29 08:45:54,668 [pool-77-thread-1] INFO  server.RaftServerConfigKeys (ConfUtils.java:logGet(43)) - raft.server.log.statemachine.data.sync = true (default)
2019-08-29 08:45:54,668 [pool-77-thread-1] INFO  server.RaftServerConfigKeys (ConfUtils.java:logGet(43)) - raft.server.log.statemachine.data.sync.timeout = 10s (default)
2019-08-29 08:45:54,668 [pool-77-thread-1] INFO  server.RaftServerConfigKeys (ConfUtils.java:logGet(43)) - raft.server.log.statemachine.data.sync.timeout.retry = -1 (default)
2019-08-29 08:45:54,669 [pool-77-thread-1] INFO  server.RaftServerConfigKeys (ConfUtils.java:logGet(43)) - raft.server.log.statemachine.data.caching.enabled = true (custom)
2019-08-29 08:45:54,669 [pool-77-thread-1] INFO  segmented.SegmentedRaftLogWorker (SegmentedRaftLogWorker.java:lambda$new$0(132)) - 80032fdc-d78b-4a88-9434-3ce010c31b3f-SegmentedRaftLogWorker:Storage Directory /workdir/hadoop-ozone/integration-test/target/test-dir/MiniOzoneClusterImpl-f455d224-3bfd-4c12-ad75-0d332897f7fa/datanode-5/data/ratis/a84b6f94-2c43-472f-ac98-199dd1b2645c: flushIndex: setUnconditionally 0 -> -1
2019-08-29 08:45:54,669 [pool-77-thread-1] INFO  server.RaftServerConfigKeys (ConfUtils.java:logGet(43)) - raft.server.snapshot.auto.trigger.enabled = true (custom)
2019-08-29 08:45:54,670 [pool-77-thread-1] INFO  server.RaftServerConfigKeys (ConfUtils.java:logGet(43)) - raft.server.snapshot.auto.trigger.threshold = 10000 (custom)
2019-08-29 08:45:54,670 [pool-77-thread-1] INFO  server.RaftServerConfigKeys (ConfUtils.java:logGet(43)) - raft.server.retrycache.expirytime = 600000ms (custom)
2019-08-29 08:45:54,672 [pool-77-thread-1] INFO  impl.RaftServerImpl (RaftServerImpl.java:<init>(93)) - 80032fdc-d78b-4a88-9434-3ce010c31b3f: new RaftServerImpl for group-D32732FAAE1B:[80032fdc-d78b-4a88-9434-3ce010c31b3f:192.168.5.176:43754, 4204fb3a-7736-45d2-bbed-750a692783ae:192.168.5.176:46077, e5fd3c67-4f38-41ed-8073-51136f0efc00:192.168.5.176:38915] with ContainerStateMachine:uninitialized
2019-08-29 08:45:54,672 [pool-77-thread-1] INFO  server.RaftServerConfigKeys (ConfUtils.java:logGet(43)) - raft.server.rpc.timeout.min = 5s (custom)
2019-08-29 08:45:54,673 [pool-77-thread-1] INFO  server.RaftServerConfigKeys (ConfUtils.java:logGet(43)) - raft.server.rpc.timeout.max = 5200ms (custom)
2019-08-29 08:45:54,673 [pool-77-thread-1] INFO  server.RaftServerConfigKeys (ConfUtils.java:logGet(43)) - raft.server.rpcslowness.timeout = 120s (custom)
2019-08-29 08:45:54,673 [pool-77-thread-1] INFO  server.RaftServerConfigKeys (ConfUtils.java:logGet(43)) - raft.server.sleep.deviation.threshold = 300 (default)
2019-08-29 08:45:54,673 [pool-77-thread-1] INFO  server.RaftServerConfigKeys (ConfUtils.java:logGet(43)) - raft.server.log.appender.install.snapshot.enabled = false (custom)
2019-08-29 08:45:54,673 [pool-77-thread-1] INFO  impl.RaftServerImpl (ServerState.java:<init>(105)) - 80032fdc-d78b-4a88-9434-3ce010c31b3f:group-D32732FAAE1B ConfigurationManager, init=-1: [80032fdc-d78b-4a88-9434-3ce010c31b3f:192.168.5.176:43754, 4204fb3a-7736-45d2-bbed-750a692783ae:192.168.5.176:46077, e5fd3c67-4f38-41ed-8073-51136f0efc00:192.168.5.176:38915], old=null, confs=<EMPTY_MAP>
2019-08-29 08:45:54,674 [pool-77-thread-1] INFO  server.RaftServerConfigKeys (ConfUtils.java:logGet(43)) - raft.server.storage.dir = [/workdir/hadoop-ozone/integration-test/target/test-dir/MiniOzoneClusterImpl-f455d224-3bfd-4c12-ad75-0d332897f7fa/datanode-5/data/ratis] (custom)
2019-08-29 08:45:54,674 [pool-77-thread-1] INFO  storage.RaftStorageDirectory (RaftStorageDirectory.java:analyzeStorage(246)) - The storage directory /workdir/hadoop-ozone/integration-test/target/test-dir/MiniOzoneClusterImpl-f455d224-3bfd-4c12-ad75-0d332897f7fa/datanode-5/data/ratis/eff68732-1501-4876-a95f-d32732faae1b does not exist. Creating ...
2019-08-29 08:45:55,125 | INFO  | SCMAudit | user=jenkins1000 | ip=192.168.5.176 | op=SEND_HEARTBEAT {datanodeUUID=3bbb20a1-a78a-49aa-a207-aa74965bf29c, command=[]} | ret=SUCCESS |  
2019-08-29 08:45:55,126 | INFO  | SCMAudit | user=jenkins1000 | ip=192.168.5.176 | op=SEND_HEARTBEAT {datanodeUUID=08d23bb8-f649-4ebd-a9a9-bbfd5b766034, command=[]} | ret=SUCCESS |  
2019-08-29 08:45:55,130 | INFO  | SCMAudit | user=jenkins1000 | ip=192.168.5.176 | op=SEND_HEARTBEAT {datanodeUUID=80032fdc-d78b-4a88-9434-3ce010c31b3f, command=[]} | ret=SUCCESS |  
2019-08-29 08:45:55,217 | INFO  | SCMAudit | user=jenkins1000 | ip=192.168.5.176 | op=SEND_HEARTBEAT {datanodeUUID=90f684eb-7c4f-41ac-bd9b-a2bcab6fa083, command=[]} | ret=SUCCESS |  
2019-08-29 08:45:55,444 | INFO  | SCMAudit | user=jenkins1000 | ip=192.168.5.176 | op=SEND_HEARTBEAT {datanodeUUID=73bbc9c5-70f7-4fc8-a304-e36fb1a7c836, command=[]} | ret=SUCCESS |  
2019-08-29 08:45:55,530 | INFO  | SCMAudit | user=jenkins1000 | ip=192.168.5.176 | op=SEND_HEARTBEAT {datanodeUUID=4204fb3a-7736-45d2-bbed-750a692783ae, command=[]} | ret=SUCCESS |  
2019-08-29 08:45:55,540 [pool-47-thread-1] INFO  storage.RaftStorageDirectory (RaftStorageDirectory.java:tryLock(328)) - Lock on /workdir/hadoop-ozone/integration-test/target/test-dir/MiniOzoneClusterImpl-f455d224-3bfd-4c12-ad75-0d332897f7fa/datanode-2/data/ratis/a84b6f94-2c43-472f-ac98-199dd1b2645c/in_use.lock acquired by nodename 29754@pr-hdds-1909-44d2n-1519487446
2019-08-29 08:45:55,543 [pool-37-thread-1] INFO  storage.RaftStorage (RaftStorage.java:format(72)) - Storage directory /workdir/hadoop-ozone/integration-test/target/test-dir/MiniOzoneClusterImpl-f455d224-3bfd-4c12-ad75-0d332897f7fa/datanode-1/data/ratis/a84b6f94-2c43-472f-ac98-199dd1b2645c has been successfully formatted.
2019-08-29 08:45:55,543 [pool-37-thread-1] INFO  ratis.ContainerStateMachine (ContainerStateMachine.java:loadSnapshot(227)) - group-199DD1B2645C: The snapshot info is null. Setting the last applied indexto:(t:0, i:~)
2019-08-29 08:45:55,544 [pool-37-thread-1] INFO  server.RaftServerConfigKeys (ConfUtils.java:logGet(43)) - raft.server.leader.election.timeout = 120s (custom)
2019-08-29 08:45:55,544 [pool-37-thread-1] INFO  server.RaftServerConfigKeys (ConfUtils.java:logGet(43)) - raft.server.log.use.memory = false (default)
2019-08-29 08:45:55,544 [pool-37-thread-1] INFO  server.RaftServerConfigKeys (ConfUtils.java:logGet(43)) - raft.server.log.purge.gap = 1000000 (custom)
2019-08-29 08:45:55,544 [pool-37-thread-1] INFO  server.RaftServerConfigKeys (ConfUtils.java:logGet(43)) - raft.server.log.appender.buffer.byte-limit = 33554432 (custom)
2019-08-29 08:45:55,544 [pool-37-thread-1] INFO  server.RaftServerConfigKeys (ConfUtils.java:logGet(43)) - raft.server.log.segment.size.max = 1048576 (custom)
2019-08-29 08:45:55,544 [pool-37-thread-1] INFO  server.RaftServerConfigKeys (ConfUtils.java:logGet(43)) - raft.server.log.segment.cache.num.max = 2 (custom)
2019-08-29 08:45:55,544 [pool-37-thread-1] INFO  segmented.SegmentedRaftLogWorker (SegmentedRaftLogWorker.java:<init>(172)) - new 4204fb3a-7736-45d2-bbed-750a692783ae-SegmentedRaftLogWorker:Storage Directory /workdir/hadoop-ozone/integration-test/target/test-dir/MiniOzoneClusterImpl-f455d224-3bfd-4c12-ad75-0d332897f7fa/datanode-1/data/ratis/a84b6f94-2c43-472f-ac98-199dd1b2645c for RaftStorage:Storage Directory /workdir/hadoop-ozone/integration-test/target/test-dir/MiniOzoneClusterImpl-f455d224-3bfd-4c12-ad75-0d332897f7fa/datanode-1/data/ratis/a84b6f94-2c43-472f-ac98-199dd1b2645c
2019-08-29 08:45:55,544 [pool-37-thread-1] INFO  server.RaftServerConfigKeys (ConfUtils.java:logGet(43)) - raft.server.log.queue.byte-limit = 2147483647 (custom)
2019-08-29 08:45:55,544 [pool-37-thread-1] INFO  server.RaftServerConfigKeys (ConfUtils.java:logGet(43)) - raft.server.log.queue.element-limit = 1024 (custom)
2019-08-29 08:45:55,545 [pool-37-thread-1] INFO  server.RaftServerConfigKeys (ConfUtils.java:logGet(43)) - raft.server.log.segment.size.max = 1048576 (custom)
2019-08-29 08:45:55,545 [pool-37-thread-1] INFO  server.RaftServerConfigKeys (ConfUtils.java:logGet(43)) - raft.server.log.preallocated.size = 16384 (custom)
2019-08-29 08:45:55,545 [pool-37-thread-1] INFO  server.RaftServerConfigKeys (ConfUtils.java:logGet(43)) - raft.server.log.write.buffer.size = 33554432 (custom)
2019-08-29 08:45:55,545 [pool-37-thread-1] INFO  server.RaftServerConfigKeys (ConfUtils.java:logGet(43)) - raft.server.log.force.sync.num = 128 (default)
2019-08-29 08:45:55,545 [pool-37-thread-1] INFO  server.RaftServerConfigKeys (ConfUtils.java:logGet(43)) - raft.server.log.statemachine.data.sync = true (default)
2019-08-29 08:45:55,545 [pool-37-thread-1] INFO  server.RaftServerConfigKeys (ConfUtils.java:logGet(43)) - raft.server.log.statemachine.data.sync.timeout = 10s (default)
2019-08-29 08:45:55,545 [pool-37-thread-1] INFO  server.RaftServerConfigKeys (ConfUtils.java:logGet(43)) - raft.server.log.statemachine.data.sync.timeout.retry = -1 (default)
2019-08-29 08:45:55,545 [pool-37-thread-1] INFO  server.RaftServerConfigKeys (ConfUtils.java:logGet(43)) - raft.server.log.statemachine.data.caching.enabled = true (custom)
2019-08-29 08:45:55,546 [pool-37-thread-1] INFO  segmented.SegmentedRaftLogWorker (SegmentedRaftLogWorker.java:lambda$new$0(132)) - 4204fb3a-7736-45d2-bbed-750a692783ae-SegmentedRaftLogWorker:Storage Directory /workdir/hadoop-ozone/integration-test/target/test-dir/MiniOzoneClusterImpl-f455d224-3bfd-4c12-ad75-0d332897f7fa/datanode-1/data/ratis/a84b6f94-2c43-472f-ac98-199dd1b2645c: flushIndex: setUnconditionally 0 -> -1
2019-08-29 08:45:55,546 [pool-37-thread-1] INFO  server.RaftServerConfigKeys (ConfUtils.java:logGet(43)) - raft.server.snapshot.auto.trigger.enabled = true (custom)
2019-08-29 08:45:55,546 [pool-37-thread-1] INFO  server.RaftServerConfigKeys (ConfUtils.java:logGet(43)) - raft.server.snapshot.auto.trigger.threshold = 10000 (custom)
2019-08-29 08:45:55,546 [pool-37-thread-1] INFO  server.RaftServerConfigKeys (ConfUtils.java:logGet(43)) - raft.server.retrycache.expirytime = 600000ms (custom)
2019-08-29 08:45:55,546 [pool-37-thread-1] INFO  impl.RaftServerImpl (RaftServerImpl.java:start(180)) - 4204fb3a-7736-45d2-bbed-750a692783ae: start group-9A3388411659
2019-08-29 08:45:55,546 [pool-37-thread-1] INFO  impl.RaftServerImpl (RaftServerImpl.java:setRole(171)) - 4204fb3a-7736-45d2-bbed-750a692783ae:group-9A3388411659 changes role from null to FOLLOWER at term 0 for startAsFollower
2019-08-29 08:45:55,547 [pool-37-thread-1] INFO  impl.RoleInfo (RoleInfo.java:updateAndGet(143)) - 4204fb3a-7736-45d2-bbed-750a692783ae: start FollowerState
2019-08-29 08:45:55,547 [pool-37-thread-1] INFO  util.JmxRegister (JmxRegister.java:tryRegister(44)) - Successfully registered JMX Bean with object name Ratis:service=RaftServer,group=group-9A3388411659,id=4204fb3a-7736-45d2-bbed-750a692783ae
2019-08-29 08:45:55,551 [pool-37-thread-1] INFO  impl.RaftServerImpl (RaftServerImpl.java:<init>(93)) - 4204fb3a-7736-45d2-bbed-750a692783ae: new RaftServerImpl for group-D32732FAAE1B:[80032fdc-d78b-4a88-9434-3ce010c31b3f:192.168.5.176:43754, 4204fb3a-7736-45d2-bbed-750a692783ae:192.168.5.176:46077, e5fd3c67-4f38-41ed-8073-51136f0efc00:192.168.5.176:38915] with ContainerStateMachine:uninitialized
2019-08-29 08:45:55,551 [pool-37-thread-1] INFO  server.RaftServerConfigKeys (ConfUtils.java:logGet(43)) - raft.server.rpc.timeout.min = 5s (custom)
2019-08-29 08:45:55,551 [pool-37-thread-1] INFO  server.RaftServerConfigKeys (ConfUtils.java:logGet(43)) - raft.server.rpc.timeout.max = 5200ms (custom)
2019-08-29 08:45:55,552 [pool-37-thread-1] INFO  server.RaftServerConfigKeys (ConfUtils.java:logGet(43)) - raft.server.rpcslowness.timeout = 120s (custom)
2019-08-29 08:45:55,552 [pool-37-thread-1] INFO  server.RaftServerConfigKeys (ConfUtils.java:logGet(43)) - raft.server.sleep.deviation.threshold = 300 (default)
2019-08-29 08:45:55,552 [pool-37-thread-1] INFO  server.RaftServerConfigKeys (ConfUtils.java:logGet(43)) - raft.server.log.appender.install.snapshot.enabled = false (custom)
2019-08-29 08:45:55,552 [pool-37-thread-1] INFO  impl.RaftServerImpl (ServerState.java:<init>(105)) - 4204fb3a-7736-45d2-bbed-750a692783ae:group-D32732FAAE1B ConfigurationManager, init=-1: [80032fdc-d78b-4a88-9434-3ce010c31b3f:192.168.5.176:43754, 4204fb3a-7736-45d2-bbed-750a692783ae:192.168.5.176:46077, e5fd3c67-4f38-41ed-8073-51136f0efc00:192.168.5.176:38915], old=null, confs=<EMPTY_MAP>
2019-08-29 08:45:55,554 [pool-37-thread-1] INFO  server.RaftServerConfigKeys (ConfUtils.java:logGet(43)) - raft.server.storage.dir = [/workdir/hadoop-ozone/integration-test/target/test-dir/MiniOzoneClusterImpl-f455d224-3bfd-4c12-ad75-0d332897f7fa/datanode-1/data/ratis] (custom)
2019-08-29 08:45:55,554 [pool-37-thread-1] INFO  storage.RaftStorageDirectory (RaftStorageDirectory.java:analyzeStorage(246)) - The storage directory /workdir/hadoop-ozone/integration-test/target/test-dir/MiniOzoneClusterImpl-f455d224-3bfd-4c12-ad75-0d332897f7fa/datanode-1/data/ratis/eff68732-1501-4876-a95f-d32732faae1b does not exist. Creating ...
2019-08-29 08:45:55,556 [80032fdc-d78b-4a88-9434-3ce010c31b3f:group-9A3388411659:LeaderElection1] INFO  impl.LeaderElection (LeaderElection.java:logAndReturn(56)) - 80032fdc-d78b-4a88-9434-3ce010c31b3f:group-9A3388411659:LeaderElection1: Election PASSED; received 1 response(s) [80032fdc-d78b-4a88-9434-3ce010c31b3f<-e5fd3c67-4f38-41ed-8073-51136f0efc00#0:OK-t1] and 1 exception(s); 80032fdc-d78b-4a88-9434-3ce010c31b3f:t1, leader=null, voted=80032fdc-d78b-4a88-9434-3ce010c31b3f, raftlog=80032fdc-d78b-4a88-9434-3ce010c31b3f-SegmentedRaftLog:OPENED:c-1,f-1,i0, conf=-1: [80032fdc-d78b-4a88-9434-3ce010c31b3f:192.168.5.176:43754, 4204fb3a-7736-45d2-bbed-750a692783ae:192.168.5.176:46077, e5fd3c67-4f38-41ed-8073-51136f0efc00:192.168.5.176:38915], old=null
2019-08-29 08:45:55,558 [80032fdc-d78b-4a88-9434-3ce010c31b3f:group-9A3388411659:LeaderElection1] INFO  impl.LeaderElection (LogUtils.java:infoOrTrace(149)) -   Exception 0: {}
java.util.concurrent.ExecutionException: org.apache.ratis.thirdparty.io.grpc.StatusRuntimeException: INTERNAL: Server 4204fb3a-7736-45d2-bbed-750a692783ae is not [RUNNING]: current state is NEW
	at java.util.concurrent.FutureTask.report(FutureTask.java:122)
	at java.util.concurrent.FutureTask.get(FutureTask.java:192)
	at org.apache.ratis.server.impl.LeaderElection.waitForResults(LeaderElection.java:262)
	at org.apache.ratis.server.impl.LeaderElection.askForVotes(LeaderElection.java:200)
	at org.apache.ratis.server.impl.LeaderElection.run(LeaderElection.java:130)
	at java.lang.Thread.run(Thread.java:748)
Caused by: org.apache.ratis.thirdparty.io.grpc.StatusRuntimeException: INTERNAL: Server 4204fb3a-7736-45d2-bbed-750a692783ae is not [RUNNING]: current state is NEW
	at org.apache.ratis.thirdparty.io.grpc.stub.ClientCalls.toStatusRuntimeException(ClientCalls.java:233)
	at org.apache.ratis.thirdparty.io.grpc.stub.ClientCalls.getUnchecked(ClientCalls.java:214)
	at org.apache.ratis.thirdparty.io.grpc.stub.ClientCalls.blockingUnaryCall(ClientCalls.java:139)
	at org.apache.ratis.proto.grpc.RaftServerProtocolServiceGrpc$RaftServerProtocolServiceBlockingStub.requestVote(RaftServerProtocolServiceGrpc.java:265)
	at org.apache.ratis.grpc.server.GrpcServerProtocolClient.requestVote(GrpcServerProtocolClient.java:83)
	at org.apache.ratis.grpc.server.GrpcService.requestVote(GrpcService.java:195)
	at org.apache.ratis.server.impl.LeaderElection.lambda$submitRequests$1(LeaderElection.java:237)
	at java.util.concurrent.FutureTask.run(FutureTask.java:266)
	at java.util.concurrent.Executors$RunnableAdapter.call(Executors.java:511)
	at java.util.concurrent.FutureTask.run(FutureTask.java:266)
	at java.util.concurrent.ThreadPoolExecutor.runWorker(ThreadPoolExecutor.java:1149)
	at java.util.concurrent.ThreadPoolExecutor$Worker.run(ThreadPoolExecutor.java:624)
	... 1 more
2019-08-29 08:45:55,561 [80032fdc-d78b-4a88-9434-3ce010c31b3f:group-9A3388411659:LeaderElection1] INFO  impl.RoleInfo (RoleInfo.java:shutdownLeaderElection(134)) - 80032fdc-d78b-4a88-9434-3ce010c31b3f: shutdown LeaderElection
2019-08-29 08:45:55,561 [80032fdc-d78b-4a88-9434-3ce010c31b3f:group-9A3388411659:LeaderElection1] INFO  impl.RaftServerImpl (RaftServerImpl.java:setRole(171)) - 80032fdc-d78b-4a88-9434-3ce010c31b3f:group-9A3388411659 changes role from CANDIDATE to LEADER at term 1 for changeToLeader
2019-08-29 08:45:55,561 [80032fdc-d78b-4a88-9434-3ce010c31b3f:group-9A3388411659:LeaderElection1] INFO  impl.RaftServerImpl (ServerState.java:setLeader(263)) - 80032fdc-d78b-4a88-9434-3ce010c31b3f:group-9A3388411659 change Leader from null to 80032fdc-d78b-4a88-9434-3ce010c31b3f at term 1 for becomeLeader, leader elected after 11516ms
2019-08-29 08:45:55,567 [80032fdc-d78b-4a88-9434-3ce010c31b3f:group-9A3388411659:LeaderElection1] INFO  server.RaftServerConfigKeys (ConfUtils.java:logGet(43)) - raft.server.staging.catchup.gap = 1000 (default)
2019-08-29 08:45:55,567 [80032fdc-d78b-4a88-9434-3ce010c31b3f:group-9A3388411659:LeaderElection1] INFO  server.RaftServerConfigKeys (ConfUtils.java:logGet(43)) - raft.server.rpc.sleep.time = 25ms (default)
2019-08-29 08:45:55,569 [80032fdc-d78b-4a88-9434-3ce010c31b3f:group-9A3388411659:LeaderElection1] INFO  server.RaftServerConfigKeys (ConfUtils.java:logGet(43)) - raft.server.write.element-limit = 4096 (default)
2019-08-29 08:45:55,571 [80032fdc-d78b-4a88-9434-3ce010c31b3f:group-9A3388411659:LeaderElection1] INFO  server.RaftServerConfigKeys (ConfUtils.java:logGet(43)) - raft.server.watch.timeout = 10s (default)
2019-08-29 08:45:55,571 [80032fdc-d78b-4a88-9434-3ce010c31b3f:group-9A3388411659:LeaderElection1] INFO  server.RaftServerConfigKeys (ConfUtils.java:logGet(43)) - raft.server.watch.timeout.denomination = 1s (default)
2019-08-29 08:45:55,572 [80032fdc-d78b-4a88-9434-3ce010c31b3f:group-9A3388411659:LeaderElection1] INFO  server.RaftServerConfigKeys (ConfUtils.java:logGet(43)) - raft.server.watch.element-limit = 65536 (default)
2019-08-29 08:45:55,579 [80032fdc-d78b-4a88-9434-3ce010c31b3f:group-9A3388411659:LeaderElection1] INFO  server.RaftServerConfigKeys (ConfUtils.java:logGet(43)) - raft.server.log.appender.snapshot.chunk.size.max = 16MB (=16777216) (default)
2019-08-29 08:45:55,579 [80032fdc-d78b-4a88-9434-3ce010c31b3f:group-9A3388411659:LeaderElection1] INFO  server.RaftServerConfigKeys (ConfUtils.java:logGet(43)) - raft.server.log.appender.buffer.byte-limit = 33554432 (custom)
2019-08-29 08:45:55,580 [80032fdc-d78b-4a88-9434-3ce010c31b3f:group-9A3388411659:LeaderElection1] INFO  server.RaftServerConfigKeys (ConfUtils.java:logGet(43)) - raft.server.log.appender.buffer.element-limit = 1 (custom)
2019-08-29 08:45:55,581 [80032fdc-d78b-4a88-9434-3ce010c31b3f:group-9A3388411659:LeaderElection1] INFO  grpc.GrpcConfigKeys$Server (ConfUtils.java:logGet(43)) - raft.grpc.server.leader.outstanding.appends.max = 128 (default)
2019-08-29 08:45:55,582 [80032fdc-d78b-4a88-9434-3ce010c31b3f:group-9A3388411659:LeaderElection1] INFO  server.RaftServerConfigKeys (ConfUtils.java:logGet(43)) - raft.server.rpc.request.timeout = 3000ms (default)
2019-08-29 08:45:55,582 [80032fdc-d78b-4a88-9434-3ce010c31b3f:group-9A3388411659:LeaderElection1] INFO  server.RaftServerConfigKeys (ConfUtils.java:logGet(43)) - raft.server.log.appender.install.snapshot.enabled = false (custom)
2019-08-29 08:45:55,582 [80032fdc-d78b-4a88-9434-3ce010c31b3f:group-9A3388411659:LeaderElection1] INFO  server.RaftServerConfigKeys (ConfUtils.java:logGet(43)) - raft.server.log.appender.snapshot.chunk.size.max = 16MB (=16777216) (default)
2019-08-29 08:45:55,582 [80032fdc-d78b-4a88-9434-3ce010c31b3f:group-9A3388411659:LeaderElection1] INFO  server.RaftServerConfigKeys (ConfUtils.java:logGet(43)) - raft.server.log.appender.buffer.byte-limit = 33554432 (custom)
2019-08-29 08:45:55,582 [80032fdc-d78b-4a88-9434-3ce010c31b3f:group-9A3388411659:LeaderElection1] INFO  server.RaftServerConfigKeys (ConfUtils.java:logGet(43)) - raft.server.log.appender.buffer.element-limit = 1 (custom)
2019-08-29 08:45:55,582 [80032fdc-d78b-4a88-9434-3ce010c31b3f:group-9A3388411659:LeaderElection1] INFO  grpc.GrpcConfigKeys$Server (ConfUtils.java:logGet(43)) - raft.grpc.server.leader.outstanding.appends.max = 128 (default)
2019-08-29 08:45:55,582 [80032fdc-d78b-4a88-9434-3ce010c31b3f:group-9A3388411659:LeaderElection1] INFO  server.RaftServerConfigKeys (ConfUtils.java:logGet(43)) - raft.server.rpc.request.timeout = 3000ms (default)
2019-08-29 08:45:55,582 [80032fdc-d78b-4a88-9434-3ce010c31b3f:group-9A3388411659:LeaderElection1] INFO  server.RaftServerConfigKeys (ConfUtils.java:logGet(43)) - raft.server.log.appender.install.snapshot.enabled = false (custom)
2019-08-29 08:45:55,584 [80032fdc-d78b-4a88-9434-3ce010c31b3f:group-9A3388411659:LeaderElection1] INFO  impl.RoleInfo (RoleInfo.java:updateAndGet(143)) - 80032fdc-d78b-4a88-9434-3ce010c31b3f: start LeaderState
2019-08-29 08:45:55,599 [80032fdc-d78b-4a88-9434-3ce010c31b3f:group-9A3388411659:LeaderElection1] INFO  segmented.SegmentedRaftLogWorker (SegmentedRaftLogWorker.java:startLogSegment(380)) - 80032fdc-d78b-4a88-9434-3ce010c31b3f-SegmentedRaftLogWorker:Storage Directory /workdir/hadoop-ozone/integration-test/target/test-dir/MiniOzoneClusterImpl-f455d224-3bfd-4c12-ad75-0d332897f7fa/datanode-5/data/ratis/0e145132-5965-4e11-9eb4-9a3388411659: Starting segment from index:0
2019-08-29 08:45:55,606 [80032fdc-d78b-4a88-9434-3ce010c31b3f:group-9A3388411659:LeaderElection1] INFO  impl.RaftServerImpl (ServerState.java:setRaftConf(361)) - 80032fdc-d78b-4a88-9434-3ce010c31b3f:group-9A3388411659 set configuration 0: [80032fdc-d78b-4a88-9434-3ce010c31b3f:192.168.5.176:43754, 4204fb3a-7736-45d2-bbed-750a692783ae:192.168.5.176:46077, e5fd3c67-4f38-41ed-8073-51136f0efc00:192.168.5.176:38915], old=null at 0
2019-08-29 08:45:55,615 | INFO  | SCMAudit | user=jenkins1000 | ip=192.168.5.176 | op=SEND_HEARTBEAT {datanodeUUID=e5fd3c67-4f38-41ed-8073-51136f0efc00, command=[]} | ret=SUCCESS |  
2019-08-29 08:45:55,641 [grpc-default-executor-0] INFO  impl.RaftServerImpl (ServerState.java:setLeader(263)) - e5fd3c67-4f38-41ed-8073-51136f0efc00:group-9A3388411659 change Leader from null to 80032fdc-d78b-4a88-9434-3ce010c31b3f at term 1 for appendEntries, leader elected after 11596ms
2019-08-29 08:45:55,673 [grpc-default-executor-0] INFO  impl.RaftServerImpl (ServerState.java:setRaftConf(361)) - e5fd3c67-4f38-41ed-8073-51136f0efc00:group-9A3388411659 set configuration 0: [80032fdc-d78b-4a88-9434-3ce010c31b3f:192.168.5.176:43754, 4204fb3a-7736-45d2-bbed-750a692783ae:192.168.5.176:46077, e5fd3c67-4f38-41ed-8073-51136f0efc00:192.168.5.176:38915], old=null at 0
2019-08-29 08:45:55,673 [grpc-default-executor-0] INFO  segmented.SegmentedRaftLogWorker (SegmentedRaftLogWorker.java:startLogSegment(380)) - e5fd3c67-4f38-41ed-8073-51136f0efc00-SegmentedRaftLogWorker:Storage Directory /workdir/hadoop-ozone/integration-test/target/test-dir/MiniOzoneClusterImpl-f455d224-3bfd-4c12-ad75-0d332897f7fa/datanode-2/data/ratis/0e145132-5965-4e11-9eb4-9a3388411659: Starting segment from index:0
2019-08-29 08:45:56,125 | INFO  | SCMAudit | user=jenkins1000 | ip=192.168.5.176 | op=SEND_HEARTBEAT {datanodeUUID=3bbb20a1-a78a-49aa-a207-aa74965bf29c, command=[]} | ret=SUCCESS |  
2019-08-29 08:45:56,126 | INFO  | SCMAudit | user=jenkins1000 | ip=192.168.5.176 | op=SEND_HEARTBEAT {datanodeUUID=08d23bb8-f649-4ebd-a9a9-bbfd5b766034, command=[]} | ret=SUCCESS |  
2019-08-29 08:45:56,130 | INFO  | SCMAudit | user=jenkins1000 | ip=192.168.5.176 | op=SEND_HEARTBEAT {datanodeUUID=80032fdc-d78b-4a88-9434-3ce010c31b3f, command=[]} | ret=SUCCESS |  
2019-08-29 08:45:56,217 | INFO  | SCMAudit | user=jenkins1000 | ip=192.168.5.176 | op=SEND_HEARTBEAT {datanodeUUID=90f684eb-7c4f-41ac-bd9b-a2bcab6fa083, command=[]} | ret=SUCCESS |  
2019-08-29 08:45:56,239 [RATISCREATEPIPELINE1] ERROR pipeline.RatisPipelineProvider (RatisPipelineProvider.java:lambda$null$5(235)) - Failed invoke Ratis rpc org.apache.hadoop.hdds.scm.pipeline.RatisPipelineProvider$$Lambda$187/1505492594@1de0254f for 4204fb3a-7736-45d2-bbed-750a692783ae
org.apache.ratis.protocol.TimeoutIOException: deadline exceeded after 2999745397ns
	at org.apache.ratis.grpc.GrpcUtil.tryUnwrapException(GrpcUtil.java:82)
	at org.apache.ratis.grpc.GrpcUtil.unwrapException(GrpcUtil.java:75)
	at org.apache.ratis.grpc.client.GrpcClientProtocolClient.blockingCall(GrpcClientProtocolClient.java:169)
	at org.apache.ratis.grpc.client.GrpcClientProtocolClient.groupAdd(GrpcClientProtocolClient.java:138)
	at org.apache.ratis.grpc.client.GrpcClientRpc.sendRequest(GrpcClientRpc.java:94)
	at org.apache.ratis.client.impl.RaftClientImpl.sendRequest(RaftClientImpl.java:279)
	at org.apache.ratis.client.impl.RaftClientImpl.groupAdd(RaftClientImpl.java:206)
	at org.apache.hadoop.hdds.scm.pipeline.RatisPipelineProvider.lambda$initializePipeline$4(RatisPipelineProvider.java:194)
	at org.apache.hadoop.hdds.scm.pipeline.RatisPipelineProvider.lambda$null$5(RatisPipelineProvider.java:231)
	at java.util.stream.ForEachOps$ForEachOp$OfRef.accept(ForEachOps.java:184)
	at java.util.ArrayList$ArrayListSpliterator.forEachRemaining(ArrayList.java:1382)
	at java.util.stream.AbstractPipeline.copyInto(AbstractPipeline.java:482)
	at java.util.stream.ForEachOps$ForEachTask.compute(ForEachOps.java:291)
	at java.util.concurrent.CountedCompleter.exec(CountedCompleter.java:731)
	at java.util.concurrent.ForkJoinTask.doExec(ForkJoinTask.java:289)
	at java.util.concurrent.ForkJoinTask.doInvoke(ForkJoinTask.java:401)
	at java.util.concurrent.ForkJoinTask.invoke(ForkJoinTask.java:734)
	at java.util.stream.ForEachOps$ForEachOp.evaluateParallel(ForEachOps.java:160)
	at java.util.stream.ForEachOps$ForEachOp$OfRef.evaluateParallel(ForEachOps.java:174)
	at java.util.stream.AbstractPipeline.evaluate(AbstractPipeline.java:233)
	at java.util.stream.ReferencePipeline.forEach(ReferencePipeline.java:418)
	at java.util.stream.ReferencePipeline$Head.forEach(ReferencePipeline.java:583)
	at org.apache.hadoop.hdds.scm.pipeline.RatisPipelineProvider.lambda$callRatisRpc$6(RatisPipelineProvider.java:225)
	at java.util.concurrent.ForkJoinTask$AdaptedRunnableAction.exec(ForkJoinTask.java:1386)
	at java.util.concurrent.ForkJoinTask.doExec(ForkJoinTask.java:289)
	at java.util.concurrent.ForkJoinPool$WorkQueue.runTask(ForkJoinPool.java:1056)
	at java.util.concurrent.ForkJoinPool.runWorker(ForkJoinPool.java:1692)
	at java.util.concurrent.ForkJoinWorkerThread.run(ForkJoinWorkerThread.java:157)
Caused by: org.apache.ratis.thirdparty.io.grpc.StatusRuntimeException: DEADLINE_EXCEEDED: deadline exceeded after 2999745397ns
	at org.apache.ratis.thirdparty.io.grpc.stub.ClientCalls.toStatusRuntimeException(ClientCalls.java:233)
	at org.apache.ratis.thirdparty.io.grpc.stub.ClientCalls.getUnchecked(ClientCalls.java:214)
	at org.apache.ratis.thirdparty.io.grpc.stub.ClientCalls.blockingUnaryCall(ClientCalls.java:139)
	at org.apache.ratis.proto.grpc.AdminProtocolServiceGrpc$AdminProtocolServiceBlockingStub.groupManagement(AdminProtocolServiceGrpc.java:274)
	at org.apache.ratis.grpc.client.GrpcClientProtocolClient.lambda$groupAdd$3(GrpcClientProtocolClient.java:140)
	at org.apache.ratis.grpc.client.GrpcClientProtocolClient.blockingCall(GrpcClientProtocolClient.java:167)
	... 25 more
2019-08-29 08:45:56,243 [RATISCREATEPIPELINE3] ERROR pipeline.RatisPipelineProvider (RatisPipelineProvider.java:lambda$null$5(235)) - Failed invoke Ratis rpc org.apache.hadoop.hdds.scm.pipeline.RatisPipelineProvider$$Lambda$187/1505492594@1de0254f for 80032fdc-d78b-4a88-9434-3ce010c31b3f
org.apache.ratis.protocol.TimeoutIOException: deadline exceeded after 2998172308ns
	at org.apache.ratis.grpc.GrpcUtil.tryUnwrapException(GrpcUtil.java:82)
	at org.apache.ratis.grpc.GrpcUtil.unwrapException(GrpcUtil.java:75)
	at org.apache.ratis.grpc.client.GrpcClientProtocolClient.blockingCall(GrpcClientProtocolClient.java:169)
	at org.apache.ratis.grpc.client.GrpcClientProtocolClient.groupAdd(GrpcClientProtocolClient.java:138)
	at org.apache.ratis.grpc.client.GrpcClientRpc.sendRequest(GrpcClientRpc.java:94)
	at org.apache.ratis.client.impl.RaftClientImpl.sendRequest(RaftClientImpl.java:279)
	at org.apache.ratis.client.impl.RaftClientImpl.groupAdd(RaftClientImpl.java:206)
	at org.apache.hadoop.hdds.scm.pipeline.RatisPipelineProvider.lambda$initializePipeline$4(RatisPipelineProvider.java:194)
	at org.apache.hadoop.hdds.scm.pipeline.RatisPipelineProvider.lambda$null$5(RatisPipelineProvider.java:231)
	at java.util.stream.ForEachOps$ForEachOp$OfRef.accept(ForEachOps.java:184)
	at java.util.ArrayList$ArrayListSpliterator.forEachRemaining(ArrayList.java:1382)
	at java.util.stream.AbstractPipeline.copyInto(AbstractPipeline.java:482)
	at java.util.stream.ForEachOps$ForEachTask.compute(ForEachOps.java:291)
	at java.util.concurrent.CountedCompleter.exec(CountedCompleter.java:731)
	at java.util.concurrent.ForkJoinTask.doExec(ForkJoinTask.java:289)
	at java.util.concurrent.ForkJoinPool$WorkQueue.runTask(ForkJoinPool.java:1056)
	at java.util.concurrent.ForkJoinPool.runWorker(ForkJoinPool.java:1692)
	at java.util.concurrent.ForkJoinWorkerThread.run(ForkJoinWorkerThread.java:157)
Caused by: org.apache.ratis.thirdparty.io.grpc.StatusRuntimeException: DEADLINE_EXCEEDED: deadline exceeded after 2998172308ns
	at org.apache.ratis.thirdparty.io.grpc.stub.ClientCalls.toStatusRuntimeException(ClientCalls.java:233)
	at org.apache.ratis.thirdparty.io.grpc.stub.ClientCalls.getUnchecked(ClientCalls.java:214)
	at org.apache.ratis.thirdparty.io.grpc.stub.ClientCalls.blockingUnaryCall(ClientCalls.java:139)
	at org.apache.ratis.proto.grpc.AdminProtocolServiceGrpc$AdminProtocolServiceBlockingStub.groupManagement(AdminProtocolServiceGrpc.java:274)
	at org.apache.ratis.grpc.client.GrpcClientProtocolClient.lambda$groupAdd$3(GrpcClientProtocolClient.java:140)
	at org.apache.ratis.grpc.client.GrpcClientProtocolClient.blockingCall(GrpcClientProtocolClient.java:167)
	... 15 more
2019-08-29 08:45:56,239 [RATISCREATEPIPELINE2] ERROR pipeline.RatisPipelineProvider (RatisPipelineProvider.java:lambda$null$5(235)) - Failed invoke Ratis rpc org.apache.hadoop.hdds.scm.pipeline.RatisPipelineProvider$$Lambda$187/1505492594@1de0254f for e5fd3c67-4f38-41ed-8073-51136f0efc00
org.apache.ratis.protocol.TimeoutIOException: deadline exceeded after 2999729936ns
	at org.apache.ratis.grpc.GrpcUtil.tryUnwrapException(GrpcUtil.java:82)
	at org.apache.ratis.grpc.GrpcUtil.unwrapException(GrpcUtil.java:75)
	at org.apache.ratis.grpc.client.GrpcClientProtocolClient.blockingCall(GrpcClientProtocolClient.java:169)
	at org.apache.ratis.grpc.client.GrpcClientProtocolClient.groupAdd(GrpcClientProtocolClient.java:138)
	at org.apache.ratis.grpc.client.GrpcClientRpc.sendRequest(GrpcClientRpc.java:94)
	at org.apache.ratis.client.impl.RaftClientImpl.sendRequest(RaftClientImpl.java:279)
	at org.apache.ratis.client.impl.RaftClientImpl.groupAdd(RaftClientImpl.java:206)
	at org.apache.hadoop.hdds.scm.pipeline.RatisPipelineProvider.lambda$initializePipeline$4(RatisPipelineProvider.java:194)
	at org.apache.hadoop.hdds.scm.pipeline.RatisPipelineProvider.lambda$null$5(RatisPipelineProvider.java:231)
	at java.util.stream.ForEachOps$ForEachOp$OfRef.accept(ForEachOps.java:184)
	at java.util.ArrayList$ArrayListSpliterator.forEachRemaining(ArrayList.java:1382)
	at java.util.stream.AbstractPipeline.copyInto(AbstractPipeline.java:482)
	at java.util.stream.ForEachOps$ForEachTask.compute(ForEachOps.java:291)
	at java.util.concurrent.CountedCompleter.exec(CountedCompleter.java:731)
	at java.util.concurrent.ForkJoinTask.doExec(ForkJoinTask.java:289)
	at java.util.concurrent.ForkJoinPool$WorkQueue.runTask(ForkJoinPool.java:1056)
	at java.util.concurrent.ForkJoinPool.runWorker(ForkJoinPool.java:1692)
	at java.util.concurrent.ForkJoinWorkerThread.run(ForkJoinWorkerThread.java:157)
Caused by: org.apache.ratis.thirdparty.io.grpc.StatusRuntimeException: DEADLINE_EXCEEDED: deadline exceeded after 2999729936ns
	at org.apache.ratis.thirdparty.io.grpc.stub.ClientCalls.toStatusRuntimeException(ClientCalls.java:233)
	at org.apache.ratis.thirdparty.io.grpc.stub.ClientCalls.getUnchecked(ClientCalls.java:214)
	at org.apache.ratis.thirdparty.io.grpc.stub.ClientCalls.blockingUnaryCall(ClientCalls.java:139)
	at org.apache.ratis.proto.grpc.AdminProtocolServiceGrpc$AdminProtocolServiceBlockingStub.groupManagement(AdminProtocolServiceGrpc.java:274)
	at org.apache.ratis.grpc.client.GrpcClientProtocolClient.lambda$groupAdd$3(GrpcClientProtocolClient.java:140)
	at org.apache.ratis.grpc.client.GrpcClientProtocolClient.blockingCall(GrpcClientProtocolClient.java:167)
	... 15 more
2019-08-29 08:45:56,251 [IPC Server handler 0 on 43221] WARN  block.BlockManagerImpl (BlockManagerImpl.java:allocateBlock(192)) - Pipeline creation failed for type:RATIS factor:THREE. Retrying get pipelines call once.
org.apache.hadoop.io.MultipleIOException: 3 exceptions [java.io.IOException: Failed invoke Ratis rpc org.apache.hadoop.hdds.scm.pipeline.RatisPipelineProvider$$Lambda$187/1505492594@1de0254f for 4204fb3a-7736-45d2-bbed-750a692783ae, java.io.IOException: Failed invoke Ratis rpc org.apache.hadoop.hdds.scm.pipeline.RatisPipelineProvider$$Lambda$187/1505492594@1de0254f for 80032fdc-d78b-4a88-9434-3ce010c31b3f, java.io.IOException: Failed invoke Ratis rpc org.apache.hadoop.hdds.scm.pipeline.RatisPipelineProvider$$Lambda$187/1505492594@1de0254f for e5fd3c67-4f38-41ed-8073-51136f0efc00]
	at org.apache.hadoop.io.MultipleIOException.createIOException(MultipleIOException.java:53)
	at org.apache.hadoop.hdds.scm.pipeline.RatisPipelineProvider.callRatisRpc(RatisPipelineProvider.java:251)
	at org.apache.hadoop.hdds.scm.pipeline.RatisPipelineProvider.initializePipeline(RatisPipelineProvider.java:192)
	at org.apache.hadoop.hdds.scm.pipeline.RatisPipelineProvider.create(RatisPipelineProvider.java:161)
	at org.apache.hadoop.hdds.scm.pipeline.PipelineFactory.create(PipelineFactory.java:57)
	at org.apache.hadoop.hdds.scm.pipeline.SCMPipelineManager.createPipeline(SCMPipelineManager.java:149)
	at org.apache.hadoop.hdds.scm.block.BlockManagerImpl.allocateBlock(BlockManagerImpl.java:190)
	at org.apache.hadoop.hdds.scm.server.SCMBlockProtocolServer.allocateBlock(SCMBlockProtocolServer.java:175)
	at org.apache.hadoop.ozone.protocolPB.ScmBlockLocationProtocolServerSideTranslatorPB.allocateScmBlock(ScmBlockLocationProtocolServerSideTranslatorPB.java:153)
	at org.apache.hadoop.ozone.protocolPB.ScmBlockLocationProtocolServerSideTranslatorPB.send(ScmBlockLocationProtocolServerSideTranslatorPB.java:112)
	at org.apache.hadoop.hdds.protocol.proto.ScmBlockLocationProtocolProtos$ScmBlockLocationProtocolService$2.callBlockingMethod(ScmBlockLocationProtocolProtos.java:13157)
	at org.apache.hadoop.ipc.ProtobufRpcEngine$Server$ProtoBufRpcInvoker.call(ProtobufRpcEngine.java:524)
	at org.apache.hadoop.ipc.RPC$Server.call(RPC.java:1025)
	at org.apache.hadoop.ipc.Server$RpcCall.run(Server.java:876)
	at org.apache.hadoop.ipc.Server$RpcCall.run(Server.java:822)
	at java.security.AccessController.doPrivileged(Native Method)
	at javax.security.auth.Subject.doAs(Subject.java:422)
	at org.apache.hadoop.security.UserGroupInformation.doAs(UserGroupInformation.java:1730)
	at org.apache.hadoop.ipc.Server$Handler.run(Server.java:2682)
2019-08-29 08:45:56,251 [IPC Server handler 0 on 43221] INFO  block.BlockManagerImpl (BlockManagerImpl.java:allocateBlock(198)) - Could not find available pipeline of type:RATIS and factor:THREE even after retrying
2019-08-29 08:45:56,251 [IPC Server handler 0 on 43221] ERROR block.BlockManagerImpl (BlockManagerImpl.java:allocateBlock(222)) - Unable to allocate a block for the size: 4194304, type: RATIS, factor: THREE
2019-08-29 08:45:56,252 | INFO  | SCMAudit | user=jenkins1000 | ip=192.168.5.176 | op=ALLOCATE_BLOCK {owner=f6230dbf-a8ec-4634-92ba-e9f4c9df306f, size=4194304, type=RATIS, factor=THREE} | ret=SUCCESS |  
]]></system-out>
  </testcase>
  <testcase name="testBlockWritesCloseConsistency" classname="org.apache.hadoop.ozone.client.rpc.TestCloseContainerHandlingByClient" time="4.645">
    <error message="Allocated 0 blocks. Requested 1 blocks" type="INTERNAL_ERROR org.apache.hadoop.ozone.om.exceptions.OMException">INTERNAL_ERROR org.apache.hadoop.ozone.om.exceptions.OMException: Allocated 0 blocks. Requested 1 blocks
	at org.apache.hadoop.ozone.om.protocolPB.OzoneManagerProtocolClientSideTranslatorPB.handleError(OzoneManagerProtocolClientSideTranslatorPB.java:725)
	at org.apache.hadoop.ozone.om.protocolPB.OzoneManagerProtocolClientSideTranslatorPB.openKey(OzoneManagerProtocolClientSideTranslatorPB.java:716)
	at org.apache.hadoop.ozone.client.rpc.RpcClient.createKey(RpcClient.java:615)
	at org.apache.hadoop.ozone.client.OzoneBucket.createKey(OzoneBucket.java:325)
	at org.apache.hadoop.ozone.container.ContainerTestHelper.createKey(ContainerTestHelper.java:695)
	at org.apache.hadoop.ozone.client.rpc.TestCloseContainerHandlingByClient.createKey(TestCloseContainerHandlingByClient.java:396)
	at org.apache.hadoop.ozone.client.rpc.TestCloseContainerHandlingByClient.testBlockWritesCloseConsistency(TestCloseContainerHandlingByClient.java:156)
	at sun.reflect.NativeMethodAccessorImpl.invoke0(Native Method)
	at sun.reflect.NativeMethodAccessorImpl.invoke(NativeMethodAccessorImpl.java:62)
	at sun.reflect.DelegatingMethodAccessorImpl.invoke(DelegatingMethodAccessorImpl.java:43)
	at java.lang.reflect.Method.invoke(Method.java:498)
	at org.junit.runners.model.FrameworkMethod$1.runReflectiveCall(FrameworkMethod.java:47)
	at org.junit.internal.runners.model.ReflectiveCallable.run(ReflectiveCallable.java:12)
	at org.junit.runners.model.FrameworkMethod.invokeExplosively(FrameworkMethod.java:44)
	at org.junit.internal.runners.statements.InvokeMethod.evaluate(InvokeMethod.java:17)
	at org.junit.runners.ParentRunner.runLeaf(ParentRunner.java:271)
	at org.junit.runners.BlockJUnit4ClassRunner.runChild(BlockJUnit4ClassRunner.java:70)
	at org.junit.runners.BlockJUnit4ClassRunner.runChild(BlockJUnit4ClassRunner.java:50)
	at org.junit.runners.ParentRunner$3.run(ParentRunner.java:238)
	at org.junit.runners.ParentRunner$1.schedule(ParentRunner.java:63)
	at org.junit.runners.ParentRunner.runChildren(ParentRunner.java:236)
	at org.junit.runners.ParentRunner.access$000(ParentRunner.java:53)
	at org.junit.runners.ParentRunner$2.evaluate(ParentRunner.java:229)
	at org.junit.internal.runners.statements.RunBefores.evaluate(RunBefores.java:26)
	at org.junit.internal.runners.statements.RunAfters.evaluate(RunAfters.java:27)
	at org.junit.runners.ParentRunner.run(ParentRunner.java:309)
	at org.apache.maven.surefire.junit4.JUnit4Provider.execute(JUnit4Provider.java:365)
	at org.apache.maven.surefire.junit4.JUnit4Provider.executeWithRerun(JUnit4Provider.java:273)
	at org.apache.maven.surefire.junit4.JUnit4Provider.executeTestSet(JUnit4Provider.java:238)
	at org.apache.maven.surefire.junit4.JUnit4Provider.invoke(JUnit4Provider.java:159)
	at org.apache.maven.surefire.booter.ForkedBooter.invokeProviderInSameClassLoader(ForkedBooter.java:384)
	at org.apache.maven.surefire.booter.ForkedBooter.runSuitesInProcess(ForkedBooter.java:345)
	at org.apache.maven.surefire.booter.ForkedBooter.execute(ForkedBooter.java:126)
	at org.apache.maven.surefire.booter.ForkedBooter.main(ForkedBooter.java:418)
</error>
    <system-out><![CDATA[2019-08-29 08:45:56,256 | INFO  | OMAudit | user=jenkins1000 | ip=127.0.0.1 | op=READ_VOLUME {volume=closecontainerexceptionhandlingtest} | ret=SUCCESS |  
2019-08-29 08:45:56,258 | INFO  | OMAudit | user=jenkins1000 | ip=127.0.0.1 | op=READ_BUCKET {volume=closecontainerexceptionhandlingtest, bucket=closecontainerexceptionhandlingtest} | ret=SUCCESS |  
2019-08-29 08:45:56,261 [pool-77-thread-1] INFO  storage.RaftStorageDirectory (RaftStorageDirectory.java:tryLock(328)) - Lock on /workdir/hadoop-ozone/integration-test/target/test-dir/MiniOzoneClusterImpl-f455d224-3bfd-4c12-ad75-0d332897f7fa/datanode-5/data/ratis/eff68732-1501-4876-a95f-d32732faae1b/in_use.lock acquired by nodename 29754@pr-hdds-1909-44d2n-1519487446
2019-08-29 08:45:56,285 [grpc-default-executor-0] INFO  impl.RaftServerProxy (RaftServerProxy.java:addNew(89)) - e5fd3c67-4f38-41ed-8073-51136f0efc00: addNew group-93837B01E243:[80032fdc-d78b-4a88-9434-3ce010c31b3f:192.168.5.176:43754, 4204fb3a-7736-45d2-bbed-750a692783ae:192.168.5.176:46077, e5fd3c67-4f38-41ed-8073-51136f0efc00:192.168.5.176:38915] returns group-93837B01E243:java.util.concurrent.CompletableFuture@4387566e[Not completed]
2019-08-29 08:45:56,285 [grpc-default-executor-4] INFO  impl.RaftServerProxy (RaftServerProxy.java:addNew(89)) - 4204fb3a-7736-45d2-bbed-750a692783ae: addNew group-93837B01E243:[80032fdc-d78b-4a88-9434-3ce010c31b3f:192.168.5.176:43754, 4204fb3a-7736-45d2-bbed-750a692783ae:192.168.5.176:46077, e5fd3c67-4f38-41ed-8073-51136f0efc00:192.168.5.176:38915] returns group-93837B01E243:java.util.concurrent.CompletableFuture@3957506c[Not completed]
2019-08-29 08:45:56,285 [grpc-default-executor-1] INFO  impl.RaftServerProxy (RaftServerProxy.java:addNew(89)) - 80032fdc-d78b-4a88-9434-3ce010c31b3f: addNew group-93837B01E243:[80032fdc-d78b-4a88-9434-3ce010c31b3f:192.168.5.176:43754, 4204fb3a-7736-45d2-bbed-750a692783ae:192.168.5.176:46077, e5fd3c67-4f38-41ed-8073-51136f0efc00:192.168.5.176:38915] returns group-93837B01E243:java.util.concurrent.CompletableFuture@a556869[Not completed]
2019-08-29 08:45:56,444 | INFO  | SCMAudit | user=jenkins1000 | ip=192.168.5.176 | op=SEND_HEARTBEAT {datanodeUUID=73bbc9c5-70f7-4fc8-a304-e36fb1a7c836, command=[]} | ret=SUCCESS |  
2019-08-29 08:45:56,531 | INFO  | SCMAudit | user=jenkins1000 | ip=192.168.5.176 | op=SEND_HEARTBEAT {datanodeUUID=4204fb3a-7736-45d2-bbed-750a692783ae, command=[]} | ret=SUCCESS |  
2019-08-29 08:45:56,616 | INFO  | SCMAudit | user=jenkins1000 | ip=192.168.5.176 | op=SEND_HEARTBEAT {datanodeUUID=e5fd3c67-4f38-41ed-8073-51136f0efc00, command=[]} | ret=SUCCESS |  
2019-08-29 08:45:56,727 [4204fb3a-7736-45d2-bbed-750a692783ae:group-2283A7DB27FA:LeaderElection2] INFO  impl.LeaderElection (LeaderElection.java:askForVotes(181)) - 4204fb3a-7736-45d2-bbed-750a692783ae:group-2283A7DB27FA:LeaderElection2: begin an election at term 1 for -1: [4204fb3a-7736-45d2-bbed-750a692783ae:192.168.5.176:46077], old=null
2019-08-29 08:45:56,730 [4204fb3a-7736-45d2-bbed-750a692783ae:group-2283A7DB27FA:LeaderElection2] INFO  impl.RoleInfo (RoleInfo.java:shutdownLeaderElection(134)) - 4204fb3a-7736-45d2-bbed-750a692783ae: shutdown LeaderElection
2019-08-29 08:45:56,730 [4204fb3a-7736-45d2-bbed-750a692783ae:group-2283A7DB27FA:LeaderElection2] INFO  impl.RaftServerImpl (RaftServerImpl.java:setRole(171)) - 4204fb3a-7736-45d2-bbed-750a692783ae:group-2283A7DB27FA changes role from CANDIDATE to LEADER at term 1 for changeToLeader
2019-08-29 08:45:56,730 [4204fb3a-7736-45d2-bbed-750a692783ae:group-2283A7DB27FA:LeaderElection2] INFO  impl.RaftServerImpl (ServerState.java:setLeader(263)) - 4204fb3a-7736-45d2-bbed-750a692783ae:group-2283A7DB27FA change Leader from null to 4204fb3a-7736-45d2-bbed-750a692783ae at term 1 for becomeLeader, leader elected after 14665ms
2019-08-29 08:45:56,732 [4204fb3a-7736-45d2-bbed-750a692783ae:group-2283A7DB27FA:LeaderElection2] INFO  server.RaftServerConfigKeys (ConfUtils.java:logGet(43)) - raft.server.staging.catchup.gap = 1000 (default)
2019-08-29 08:45:56,732 [4204fb3a-7736-45d2-bbed-750a692783ae:group-2283A7DB27FA:LeaderElection2] INFO  server.RaftServerConfigKeys (ConfUtils.java:logGet(43)) - raft.server.rpc.sleep.time = 25ms (default)
2019-08-29 08:45:56,733 [4204fb3a-7736-45d2-bbed-750a692783ae:group-2283A7DB27FA:LeaderElection2] INFO  server.RaftServerConfigKeys (ConfUtils.java:logGet(43)) - raft.server.write.element-limit = 4096 (default)
2019-08-29 08:45:56,733 [4204fb3a-7736-45d2-bbed-750a692783ae:group-2283A7DB27FA:LeaderElection2] INFO  server.RaftServerConfigKeys (ConfUtils.java:logGet(43)) - raft.server.watch.timeout = 10s (default)
2019-08-29 08:45:56,733 [4204fb3a-7736-45d2-bbed-750a692783ae:group-2283A7DB27FA:LeaderElection2] INFO  server.RaftServerConfigKeys (ConfUtils.java:logGet(43)) - raft.server.watch.timeout.denomination = 1s (default)
2019-08-29 08:45:56,733 [4204fb3a-7736-45d2-bbed-750a692783ae:group-2283A7DB27FA:LeaderElection2] INFO  server.RaftServerConfigKeys (ConfUtils.java:logGet(43)) - raft.server.watch.element-limit = 65536 (default)
2019-08-29 08:45:56,734 [4204fb3a-7736-45d2-bbed-750a692783ae:group-2283A7DB27FA:LeaderElection2] INFO  impl.RoleInfo (RoleInfo.java:updateAndGet(143)) - 4204fb3a-7736-45d2-bbed-750a692783ae: start LeaderState
2019-08-29 08:45:56,734 [4204fb3a-7736-45d2-bbed-750a692783ae:group-2283A7DB27FA:LeaderElection2] INFO  segmented.SegmentedRaftLogWorker (SegmentedRaftLogWorker.java:startLogSegment(380)) - 4204fb3a-7736-45d2-bbed-750a692783ae-SegmentedRaftLogWorker:Storage Directory /workdir/hadoop-ozone/integration-test/target/test-dir/MiniOzoneClusterImpl-f455d224-3bfd-4c12-ad75-0d332897f7fa/datanode-1/data/ratis/748b8c91-700d-4c70-a03c-2283a7db27fa: Starting segment from index:0
2019-08-29 08:45:56,735 [4204fb3a-7736-45d2-bbed-750a692783ae:group-2283A7DB27FA:LeaderElection2] INFO  impl.RaftServerImpl (ServerState.java:setRaftConf(361)) - 4204fb3a-7736-45d2-bbed-750a692783ae:group-2283A7DB27FA set configuration 0: [4204fb3a-7736-45d2-bbed-750a692783ae:192.168.5.176:46077], old=null at 0
2019-08-29 08:45:56,889 [pool-37-thread-1] INFO  storage.RaftStorageDirectory (RaftStorageDirectory.java:tryLock(328)) - Lock on /workdir/hadoop-ozone/integration-test/target/test-dir/MiniOzoneClusterImpl-f455d224-3bfd-4c12-ad75-0d332897f7fa/datanode-1/data/ratis/eff68732-1501-4876-a95f-d32732faae1b/in_use.lock acquired by nodename 29754@pr-hdds-1909-44d2n-1519487446
2019-08-29 08:45:56,889 [80032fdc-d78b-4a88-9434-3ce010c31b3f-SegmentedRaftLogWorker:Storage Directory /workdir/hadoop-ozone/integration-test/target/test-dir/MiniOzoneClusterImpl-f455d224-3bfd-4c12-ad75-0d332897f7fa/datanode-5/data/ratis/0e145132-5965-4e11-9eb4-9a3388411659] INFO  segmented.SegmentedRaftLogWorker (SegmentedRaftLogWorker.java:execute(569)) - 80032fdc-d78b-4a88-9434-3ce010c31b3f-SegmentedRaftLogWorker:Storage Directory /workdir/hadoop-ozone/integration-test/target/test-dir/MiniOzoneClusterImpl-f455d224-3bfd-4c12-ad75-0d332897f7fa/datanode-5/data/ratis/0e145132-5965-4e11-9eb4-9a3388411659: created new log segment /workdir/hadoop-ozone/integration-test/target/test-dir/MiniOzoneClusterImpl-f455d224-3bfd-4c12-ad75-0d332897f7fa/datanode-5/data/ratis/0e145132-5965-4e11-9eb4-9a3388411659/current/log_inprogress_0
2019-08-29 08:45:56,889 [e5fd3c67-4f38-41ed-8073-51136f0efc00-SegmentedRaftLogWorker:Storage Directory /workdir/hadoop-ozone/integration-test/target/test-dir/MiniOzoneClusterImpl-f455d224-3bfd-4c12-ad75-0d332897f7fa/datanode-2/data/ratis/0e145132-5965-4e11-9eb4-9a3388411659] INFO  segmented.SegmentedRaftLogWorker (SegmentedRaftLogWorker.java:execute(569)) - e5fd3c67-4f38-41ed-8073-51136f0efc00-SegmentedRaftLogWorker:Storage Directory /workdir/hadoop-ozone/integration-test/target/test-dir/MiniOzoneClusterImpl-f455d224-3bfd-4c12-ad75-0d332897f7fa/datanode-2/data/ratis/0e145132-5965-4e11-9eb4-9a3388411659: created new log segment /workdir/hadoop-ozone/integration-test/target/test-dir/MiniOzoneClusterImpl-f455d224-3bfd-4c12-ad75-0d332897f7fa/datanode-2/data/ratis/0e145132-5965-4e11-9eb4-9a3388411659/current/log_inprogress_0
2019-08-29 08:45:56,889 [grpc-default-executor-3] INFO  impl.RaftServerImpl (ServerState.java:setLeader(263)) - 4204fb3a-7736-45d2-bbed-750a692783ae:group-9A3388411659 change Leader from null to 80032fdc-d78b-4a88-9434-3ce010c31b3f at term 1 for appendEntries, leader elected after 9152ms
2019-08-29 08:45:56,889 [pool-47-thread-1] INFO  storage.RaftStorage (RaftStorage.java:format(72)) - Storage directory /workdir/hadoop-ozone/integration-test/target/test-dir/MiniOzoneClusterImpl-f455d224-3bfd-4c12-ad75-0d332897f7fa/datanode-2/data/ratis/a84b6f94-2c43-472f-ac98-199dd1b2645c has been successfully formatted.
2019-08-29 08:45:56,896 [pool-47-thread-1] INFO  ratis.ContainerStateMachine (ContainerStateMachine.java:loadSnapshot(227)) - group-199DD1B2645C: The snapshot info is null. Setting the last applied indexto:(t:0, i:~)
2019-08-29 08:45:56,896 [pool-47-thread-1] INFO  server.RaftServerConfigKeys (ConfUtils.java:logGet(43)) - raft.server.leader.election.timeout = 120s (custom)
2019-08-29 08:45:56,898 [pool-47-thread-1] INFO  server.RaftServerConfigKeys (ConfUtils.java:logGet(43)) - raft.server.log.use.memory = false (default)
2019-08-29 08:45:56,898 [pool-47-thread-1] INFO  server.RaftServerConfigKeys (ConfUtils.java:logGet(43)) - raft.server.log.purge.gap = 1000000 (custom)
2019-08-29 08:45:56,898 [pool-47-thread-1] INFO  server.RaftServerConfigKeys (ConfUtils.java:logGet(43)) - raft.server.log.appender.buffer.byte-limit = 33554432 (custom)
2019-08-29 08:45:56,898 [pool-47-thread-1] INFO  server.RaftServerConfigKeys (ConfUtils.java:logGet(43)) - raft.server.log.segment.size.max = 1048576 (custom)
2019-08-29 08:45:56,899 [pool-47-thread-1] INFO  server.RaftServerConfigKeys (ConfUtils.java:logGet(43)) - raft.server.log.segment.cache.num.max = 2 (custom)
2019-08-29 08:45:56,899 [pool-47-thread-1] INFO  segmented.SegmentedRaftLogWorker (SegmentedRaftLogWorker.java:<init>(172)) - new e5fd3c67-4f38-41ed-8073-51136f0efc00-SegmentedRaftLogWorker:Storage Directory /workdir/hadoop-ozone/integration-test/target/test-dir/MiniOzoneClusterImpl-f455d224-3bfd-4c12-ad75-0d332897f7fa/datanode-2/data/ratis/a84b6f94-2c43-472f-ac98-199dd1b2645c for RaftStorage:Storage Directory /workdir/hadoop-ozone/integration-test/target/test-dir/MiniOzoneClusterImpl-f455d224-3bfd-4c12-ad75-0d332897f7fa/datanode-2/data/ratis/a84b6f94-2c43-472f-ac98-199dd1b2645c
2019-08-29 08:45:56,899 [pool-47-thread-1] INFO  server.RaftServerConfigKeys (ConfUtils.java:logGet(43)) - raft.server.log.queue.byte-limit = 2147483647 (custom)
2019-08-29 08:45:56,899 [pool-47-thread-1] INFO  server.RaftServerConfigKeys (ConfUtils.java:logGet(43)) - raft.server.log.queue.element-limit = 1024 (custom)
2019-08-29 08:45:56,899 [pool-47-thread-1] INFO  server.RaftServerConfigKeys (ConfUtils.java:logGet(43)) - raft.server.log.segment.size.max = 1048576 (custom)
2019-08-29 08:45:56,899 [pool-47-thread-1] INFO  server.RaftServerConfigKeys (ConfUtils.java:logGet(43)) - raft.server.log.preallocated.size = 16384 (custom)
2019-08-29 08:45:56,899 [pool-47-thread-1] INFO  server.RaftServerConfigKeys (ConfUtils.java:logGet(43)) - raft.server.log.write.buffer.size = 33554432 (custom)
2019-08-29 08:45:56,900 [pool-47-thread-1] INFO  server.RaftServerConfigKeys (ConfUtils.java:logGet(43)) - raft.server.log.force.sync.num = 128 (default)
2019-08-29 08:45:56,900 [pool-47-thread-1] INFO  server.RaftServerConfigKeys (ConfUtils.java:logGet(43)) - raft.server.log.statemachine.data.sync = true (default)
2019-08-29 08:45:56,900 [pool-47-thread-1] INFO  server.RaftServerConfigKeys (ConfUtils.java:logGet(43)) - raft.server.log.statemachine.data.sync.timeout = 10s (default)
2019-08-29 08:45:56,900 [pool-47-thread-1] INFO  server.RaftServerConfigKeys (ConfUtils.java:logGet(43)) - raft.server.log.statemachine.data.sync.timeout.retry = -1 (default)
2019-08-29 08:45:56,900 [pool-47-thread-1] INFO  server.RaftServerConfigKeys (ConfUtils.java:logGet(43)) - raft.server.log.statemachine.data.caching.enabled = true (custom)
2019-08-29 08:45:56,904 [grpc-default-executor-3] INFO  impl.RaftServerImpl (ServerState.java:setRaftConf(361)) - 4204fb3a-7736-45d2-bbed-750a692783ae:group-9A3388411659 set configuration 0: [80032fdc-d78b-4a88-9434-3ce010c31b3f:192.168.5.176:43754, 4204fb3a-7736-45d2-bbed-750a692783ae:192.168.5.176:46077, e5fd3c67-4f38-41ed-8073-51136f0efc00:192.168.5.176:38915], old=null at 0
2019-08-29 08:45:56,907 [grpc-default-executor-3] INFO  segmented.SegmentedRaftLogWorker (SegmentedRaftLogWorker.java:startLogSegment(380)) - 4204fb3a-7736-45d2-bbed-750a692783ae-SegmentedRaftLogWorker:Storage Directory /workdir/hadoop-ozone/integration-test/target/test-dir/MiniOzoneClusterImpl-f455d224-3bfd-4c12-ad75-0d332897f7fa/datanode-1/data/ratis/0e145132-5965-4e11-9eb4-9a3388411659: Starting segment from index:0
2019-08-29 08:45:57,125 | INFO  | SCMAudit | user=jenkins1000 | ip=192.168.5.176 | op=SEND_HEARTBEAT {datanodeUUID=3bbb20a1-a78a-49aa-a207-aa74965bf29c, command=[]} | ret=SUCCESS |  
2019-08-29 08:45:57,126 | INFO  | SCMAudit | user=jenkins1000 | ip=192.168.5.176 | op=SEND_HEARTBEAT {datanodeUUID=08d23bb8-f649-4ebd-a9a9-bbfd5b766034, command=[]} | ret=SUCCESS |  
2019-08-29 08:45:57,130 | INFO  | SCMAudit | user=jenkins1000 | ip=192.168.5.176 | op=SEND_HEARTBEAT {datanodeUUID=80032fdc-d78b-4a88-9434-3ce010c31b3f, command=[]} | ret=SUCCESS |  
2019-08-29 08:45:57,218 | INFO  | SCMAudit | user=jenkins1000 | ip=192.168.5.176 | op=SEND_HEARTBEAT {datanodeUUID=90f684eb-7c4f-41ac-bd9b-a2bcab6fa083, command=[]} | ret=SUCCESS |  
2019-08-29 08:45:57,405 [pool-47-thread-1] INFO  segmented.SegmentedRaftLogWorker (SegmentedRaftLogWorker.java:lambda$new$0(132)) - e5fd3c67-4f38-41ed-8073-51136f0efc00-SegmentedRaftLogWorker:Storage Directory /workdir/hadoop-ozone/integration-test/target/test-dir/MiniOzoneClusterImpl-f455d224-3bfd-4c12-ad75-0d332897f7fa/datanode-2/data/ratis/a84b6f94-2c43-472f-ac98-199dd1b2645c: flushIndex: setUnconditionally 0 -> -1
2019-08-29 08:45:57,405 [pool-47-thread-1] INFO  server.RaftServerConfigKeys (ConfUtils.java:logGet(43)) - raft.server.snapshot.auto.trigger.enabled = true (custom)
2019-08-29 08:45:57,405 [pool-47-thread-1] INFO  server.RaftServerConfigKeys (ConfUtils.java:logGet(43)) - raft.server.snapshot.auto.trigger.threshold = 10000 (custom)
2019-08-29 08:45:57,406 [pool-47-thread-1] INFO  server.RaftServerConfigKeys (ConfUtils.java:logGet(43)) - raft.server.retrycache.expirytime = 600000ms (custom)
2019-08-29 08:45:57,408 [pool-47-thread-1] INFO  impl.RaftServerImpl (RaftServerImpl.java:<init>(93)) - e5fd3c67-4f38-41ed-8073-51136f0efc00: new RaftServerImpl for group-D32732FAAE1B:[80032fdc-d78b-4a88-9434-3ce010c31b3f:192.168.5.176:43754, 4204fb3a-7736-45d2-bbed-750a692783ae:192.168.5.176:46077, e5fd3c67-4f38-41ed-8073-51136f0efc00:192.168.5.176:38915] with ContainerStateMachine:uninitialized
2019-08-29 08:45:57,408 [pool-47-thread-1] INFO  server.RaftServerConfigKeys (ConfUtils.java:logGet(43)) - raft.server.rpc.timeout.min = 5s (custom)
2019-08-29 08:45:57,408 [pool-47-thread-1] INFO  server.RaftServerConfigKeys (ConfUtils.java:logGet(43)) - raft.server.rpc.timeout.max = 5200ms (custom)
2019-08-29 08:45:57,408 [pool-47-thread-1] INFO  server.RaftServerConfigKeys (ConfUtils.java:logGet(43)) - raft.server.rpcslowness.timeout = 120s (custom)
2019-08-29 08:45:57,409 [pool-47-thread-1] INFO  server.RaftServerConfigKeys (ConfUtils.java:logGet(43)) - raft.server.sleep.deviation.threshold = 300 (default)
2019-08-29 08:45:57,409 [pool-47-thread-1] INFO  server.RaftServerConfigKeys (ConfUtils.java:logGet(43)) - raft.server.log.appender.install.snapshot.enabled = false (custom)
2019-08-29 08:45:57,409 [pool-47-thread-1] INFO  impl.RaftServerImpl (ServerState.java:<init>(105)) - e5fd3c67-4f38-41ed-8073-51136f0efc00:group-D32732FAAE1B ConfigurationManager, init=-1: [80032fdc-d78b-4a88-9434-3ce010c31b3f:192.168.5.176:43754, 4204fb3a-7736-45d2-bbed-750a692783ae:192.168.5.176:46077, e5fd3c67-4f38-41ed-8073-51136f0efc00:192.168.5.176:38915], old=null, confs=<EMPTY_MAP>
2019-08-29 08:45:57,409 [pool-47-thread-1] INFO  server.RaftServerConfigKeys (ConfUtils.java:logGet(43)) - raft.server.storage.dir = [/workdir/hadoop-ozone/integration-test/target/test-dir/MiniOzoneClusterImpl-f455d224-3bfd-4c12-ad75-0d332897f7fa/datanode-2/data/ratis] (custom)
2019-08-29 08:45:57,410 [pool-47-thread-1] INFO  storage.RaftStorageDirectory (RaftStorageDirectory.java:analyzeStorage(246)) - The storage directory /workdir/hadoop-ozone/integration-test/target/test-dir/MiniOzoneClusterImpl-f455d224-3bfd-4c12-ad75-0d332897f7fa/datanode-2/data/ratis/eff68732-1501-4876-a95f-d32732faae1b does not exist. Creating ...
2019-08-29 08:45:57,444 | INFO  | SCMAudit | user=jenkins1000 | ip=192.168.5.176 | op=SEND_HEARTBEAT {datanodeUUID=73bbc9c5-70f7-4fc8-a304-e36fb1a7c836, command=[]} | ret=SUCCESS |  
2019-08-29 08:45:57,531 | INFO  | SCMAudit | user=jenkins1000 | ip=192.168.5.176 | op=SEND_HEARTBEAT {datanodeUUID=4204fb3a-7736-45d2-bbed-750a692783ae, command=[]} | ret=SUCCESS |  
2019-08-29 08:45:57,615 | INFO  | SCMAudit | user=jenkins1000 | ip=192.168.5.176 | op=SEND_HEARTBEAT {datanodeUUID=e5fd3c67-4f38-41ed-8073-51136f0efc00, command=[]} | ret=SUCCESS |  
2019-08-29 08:45:57,636 [4204fb3a-7736-45d2-bbed-750a692783ae-SegmentedRaftLogWorker:Storage Directory /workdir/hadoop-ozone/integration-test/target/test-dir/MiniOzoneClusterImpl-f455d224-3bfd-4c12-ad75-0d332897f7fa/datanode-1/data/ratis/748b8c91-700d-4c70-a03c-2283a7db27fa] INFO  segmented.SegmentedRaftLogWorker (SegmentedRaftLogWorker.java:execute(569)) - 4204fb3a-7736-45d2-bbed-750a692783ae-SegmentedRaftLogWorker:Storage Directory /workdir/hadoop-ozone/integration-test/target/test-dir/MiniOzoneClusterImpl-f455d224-3bfd-4c12-ad75-0d332897f7fa/datanode-1/data/ratis/748b8c91-700d-4c70-a03c-2283a7db27fa: created new log segment /workdir/hadoop-ozone/integration-test/target/test-dir/MiniOzoneClusterImpl-f455d224-3bfd-4c12-ad75-0d332897f7fa/datanode-1/data/ratis/748b8c91-700d-4c70-a03c-2283a7db27fa/current/log_inprogress_0
2019-08-29 08:45:57,636 [pool-77-thread-1] INFO  storage.RaftStorage (RaftStorage.java:format(72)) - Storage directory /workdir/hadoop-ozone/integration-test/target/test-dir/MiniOzoneClusterImpl-f455d224-3bfd-4c12-ad75-0d332897f7fa/datanode-5/data/ratis/eff68732-1501-4876-a95f-d32732faae1b has been successfully formatted.
2019-08-29 08:45:57,637 [pool-77-thread-1] INFO  ratis.ContainerStateMachine (ContainerStateMachine.java:loadSnapshot(227)) - group-D32732FAAE1B: The snapshot info is null. Setting the last applied indexto:(t:0, i:~)
2019-08-29 08:45:57,637 [pool-77-thread-1] INFO  server.RaftServerConfigKeys (ConfUtils.java:logGet(43)) - raft.server.leader.election.timeout = 120s (custom)
2019-08-29 08:45:57,637 [pool-77-thread-1] INFO  server.RaftServerConfigKeys (ConfUtils.java:logGet(43)) - raft.server.log.use.memory = false (default)
2019-08-29 08:45:57,637 [pool-77-thread-1] INFO  server.RaftServerConfigKeys (ConfUtils.java:logGet(43)) - raft.server.log.purge.gap = 1000000 (custom)
2019-08-29 08:45:57,637 [pool-77-thread-1] INFO  server.RaftServerConfigKeys (ConfUtils.java:logGet(43)) - raft.server.log.appender.buffer.byte-limit = 33554432 (custom)
2019-08-29 08:45:57,638 [pool-77-thread-1] INFO  server.RaftServerConfigKeys (ConfUtils.java:logGet(43)) - raft.server.log.segment.size.max = 1048576 (custom)
2019-08-29 08:45:57,638 [pool-77-thread-1] INFO  server.RaftServerConfigKeys (ConfUtils.java:logGet(43)) - raft.server.log.segment.cache.num.max = 2 (custom)
2019-08-29 08:45:57,638 [pool-77-thread-1] INFO  segmented.SegmentedRaftLogWorker (SegmentedRaftLogWorker.java:<init>(172)) - new 80032fdc-d78b-4a88-9434-3ce010c31b3f-SegmentedRaftLogWorker:Storage Directory /workdir/hadoop-ozone/integration-test/target/test-dir/MiniOzoneClusterImpl-f455d224-3bfd-4c12-ad75-0d332897f7fa/datanode-5/data/ratis/eff68732-1501-4876-a95f-d32732faae1b for RaftStorage:Storage Directory /workdir/hadoop-ozone/integration-test/target/test-dir/MiniOzoneClusterImpl-f455d224-3bfd-4c12-ad75-0d332897f7fa/datanode-5/data/ratis/eff68732-1501-4876-a95f-d32732faae1b
2019-08-29 08:45:57,638 [pool-77-thread-1] INFO  server.RaftServerConfigKeys (ConfUtils.java:logGet(43)) - raft.server.log.queue.byte-limit = 2147483647 (custom)
2019-08-29 08:45:57,638 [pool-77-thread-1] INFO  server.RaftServerConfigKeys (ConfUtils.java:logGet(43)) - raft.server.log.queue.element-limit = 1024 (custom)
2019-08-29 08:45:57,639 [pool-77-thread-1] INFO  server.RaftServerConfigKeys (ConfUtils.java:logGet(43)) - raft.server.log.segment.size.max = 1048576 (custom)
2019-08-29 08:45:57,639 [pool-77-thread-1] INFO  server.RaftServerConfigKeys (ConfUtils.java:logGet(43)) - raft.server.log.preallocated.size = 16384 (custom)
2019-08-29 08:45:57,639 [pool-77-thread-1] INFO  server.RaftServerConfigKeys (ConfUtils.java:logGet(43)) - raft.server.log.write.buffer.size = 33554432 (custom)
2019-08-29 08:45:57,639 [pool-77-thread-1] INFO  server.RaftServerConfigKeys (ConfUtils.java:logGet(43)) - raft.server.log.force.sync.num = 128 (default)
2019-08-29 08:45:57,639 [pool-77-thread-1] INFO  server.RaftServerConfigKeys (ConfUtils.java:logGet(43)) - raft.server.log.statemachine.data.sync = true (default)
2019-08-29 08:45:57,640 [pool-77-thread-1] INFO  server.RaftServerConfigKeys (ConfUtils.java:logGet(43)) - raft.server.log.statemachine.data.sync.timeout = 10s (default)
2019-08-29 08:45:57,640 [pool-77-thread-1] INFO  server.RaftServerConfigKeys (ConfUtils.java:logGet(43)) - raft.server.log.statemachine.data.sync.timeout.retry = -1 (default)
2019-08-29 08:45:57,640 [pool-77-thread-1] INFO  server.RaftServerConfigKeys (ConfUtils.java:logGet(43)) - raft.server.log.statemachine.data.caching.enabled = true (custom)
2019-08-29 08:45:57,640 [pool-77-thread-1] INFO  segmented.SegmentedRaftLogWorker (SegmentedRaftLogWorker.java:lambda$new$0(132)) - 80032fdc-d78b-4a88-9434-3ce010c31b3f-SegmentedRaftLogWorker:Storage Directory /workdir/hadoop-ozone/integration-test/target/test-dir/MiniOzoneClusterImpl-f455d224-3bfd-4c12-ad75-0d332897f7fa/datanode-5/data/ratis/eff68732-1501-4876-a95f-d32732faae1b: flushIndex: setUnconditionally 0 -> -1
2019-08-29 08:45:57,641 [pool-77-thread-1] INFO  server.RaftServerConfigKeys (ConfUtils.java:logGet(43)) - raft.server.snapshot.auto.trigger.enabled = true (custom)
2019-08-29 08:45:57,641 [pool-77-thread-1] INFO  server.RaftServerConfigKeys (ConfUtils.java:logGet(43)) - raft.server.snapshot.auto.trigger.threshold = 10000 (custom)
2019-08-29 08:45:57,641 [pool-77-thread-1] INFO  server.RaftServerConfigKeys (ConfUtils.java:logGet(43)) - raft.server.retrycache.expirytime = 600000ms (custom)
2019-08-29 08:45:57,643 [pool-77-thread-1] INFO  impl.RaftServerImpl (RaftServerImpl.java:<init>(93)) - 80032fdc-d78b-4a88-9434-3ce010c31b3f: new RaftServerImpl for group-2A4272E51C55:[80032fdc-d78b-4a88-9434-3ce010c31b3f:192.168.5.176:43754, 4204fb3a-7736-45d2-bbed-750a692783ae:192.168.5.176:46077, e5fd3c67-4f38-41ed-8073-51136f0efc00:192.168.5.176:38915] with ContainerStateMachine:uninitialized
2019-08-29 08:45:57,643 [pool-77-thread-1] INFO  server.RaftServerConfigKeys (ConfUtils.java:logGet(43)) - raft.server.rpc.timeout.min = 5s (custom)
2019-08-29 08:45:57,643 [pool-77-thread-1] INFO  server.RaftServerConfigKeys (ConfUtils.java:logGet(43)) - raft.server.rpc.timeout.max = 5200ms (custom)
2019-08-29 08:45:57,644 [pool-77-thread-1] INFO  server.RaftServerConfigKeys (ConfUtils.java:logGet(43)) - raft.server.rpcslowness.timeout = 120s (custom)
2019-08-29 08:45:57,644 [pool-77-thread-1] INFO  server.RaftServerConfigKeys (ConfUtils.java:logGet(43)) - raft.server.sleep.deviation.threshold = 300 (default)
2019-08-29 08:45:57,644 [pool-77-thread-1] INFO  server.RaftServerConfigKeys (ConfUtils.java:logGet(43)) - raft.server.log.appender.install.snapshot.enabled = false (custom)
2019-08-29 08:45:57,644 [pool-77-thread-1] INFO  impl.RaftServerImpl (ServerState.java:<init>(105)) - 80032fdc-d78b-4a88-9434-3ce010c31b3f:group-2A4272E51C55 ConfigurationManager, init=-1: [80032fdc-d78b-4a88-9434-3ce010c31b3f:192.168.5.176:43754, 4204fb3a-7736-45d2-bbed-750a692783ae:192.168.5.176:46077, e5fd3c67-4f38-41ed-8073-51136f0efc00:192.168.5.176:38915], old=null, confs=<EMPTY_MAP>
2019-08-29 08:45:57,644 [pool-77-thread-1] INFO  server.RaftServerConfigKeys (ConfUtils.java:logGet(43)) - raft.server.storage.dir = [/workdir/hadoop-ozone/integration-test/target/test-dir/MiniOzoneClusterImpl-f455d224-3bfd-4c12-ad75-0d332897f7fa/datanode-5/data/ratis] (custom)
2019-08-29 08:45:57,645 [pool-77-thread-1] INFO  storage.RaftStorageDirectory (RaftStorageDirectory.java:analyzeStorage(246)) - The storage directory /workdir/hadoop-ozone/integration-test/target/test-dir/MiniOzoneClusterImpl-f455d224-3bfd-4c12-ad75-0d332897f7fa/datanode-5/data/ratis/4490d09a-5e2b-4bac-b0e7-2a4272e51c55 does not exist. Creating ...
2019-08-29 08:45:58,126 | INFO  | SCMAudit | user=jenkins1000 | ip=192.168.5.176 | op=SEND_HEARTBEAT {datanodeUUID=3bbb20a1-a78a-49aa-a207-aa74965bf29c, command=[]} | ret=SUCCESS |  
2019-08-29 08:45:58,126 | INFO  | SCMAudit | user=jenkins1000 | ip=192.168.5.176 | op=SEND_HEARTBEAT {datanodeUUID=08d23bb8-f649-4ebd-a9a9-bbfd5b766034, command=[]} | ret=SUCCESS |  
2019-08-29 08:45:58,131 | INFO  | SCMAudit | user=jenkins1000 | ip=192.168.5.176 | op=SEND_HEARTBEAT {datanodeUUID=80032fdc-d78b-4a88-9434-3ce010c31b3f, command=[]} | ret=SUCCESS |  
2019-08-29 08:45:58,218 | INFO  | SCMAudit | user=jenkins1000 | ip=192.168.5.176 | op=SEND_HEARTBEAT {datanodeUUID=90f684eb-7c4f-41ac-bd9b-a2bcab6fa083, command=[]} | ret=SUCCESS |  
2019-08-29 08:45:58,444 | INFO  | SCMAudit | user=jenkins1000 | ip=192.168.5.176 | op=SEND_HEARTBEAT {datanodeUUID=73bbc9c5-70f7-4fc8-a304-e36fb1a7c836, command=[]} | ret=SUCCESS |  
2019-08-29 08:45:58,530 | INFO  | SCMAudit | user=jenkins1000 | ip=192.168.5.176 | op=SEND_HEARTBEAT {datanodeUUID=4204fb3a-7736-45d2-bbed-750a692783ae, command=[]} | ret=SUCCESS |  
2019-08-29 08:45:58,615 | INFO  | SCMAudit | user=jenkins1000 | ip=192.168.5.176 | op=SEND_HEARTBEAT {datanodeUUID=e5fd3c67-4f38-41ed-8073-51136f0efc00, command=[]} | ret=SUCCESS |  
2019-08-29 08:45:58,935 [pool-47-thread-1] INFO  storage.RaftStorageDirectory (RaftStorageDirectory.java:tryLock(328)) - Lock on /workdir/hadoop-ozone/integration-test/target/test-dir/MiniOzoneClusterImpl-f455d224-3bfd-4c12-ad75-0d332897f7fa/datanode-2/data/ratis/eff68732-1501-4876-a95f-d32732faae1b/in_use.lock acquired by nodename 29754@pr-hdds-1909-44d2n-1519487446
2019-08-29 08:45:58,937 [4204fb3a-7736-45d2-bbed-750a692783ae-SegmentedRaftLogWorker:Storage Directory /workdir/hadoop-ozone/integration-test/target/test-dir/MiniOzoneClusterImpl-f455d224-3bfd-4c12-ad75-0d332897f7fa/datanode-1/data/ratis/0e145132-5965-4e11-9eb4-9a3388411659] INFO  segmented.SegmentedRaftLogWorker (SegmentedRaftLogWorker.java:execute(569)) - 4204fb3a-7736-45d2-bbed-750a692783ae-SegmentedRaftLogWorker:Storage Directory /workdir/hadoop-ozone/integration-test/target/test-dir/MiniOzoneClusterImpl-f455d224-3bfd-4c12-ad75-0d332897f7fa/datanode-1/data/ratis/0e145132-5965-4e11-9eb4-9a3388411659: created new log segment /workdir/hadoop-ozone/integration-test/target/test-dir/MiniOzoneClusterImpl-f455d224-3bfd-4c12-ad75-0d332897f7fa/datanode-1/data/ratis/0e145132-5965-4e11-9eb4-9a3388411659/current/log_inprogress_0
2019-08-29 08:45:58,937 [pool-37-thread-1] INFO  storage.RaftStorage (RaftStorage.java:format(72)) - Storage directory /workdir/hadoop-ozone/integration-test/target/test-dir/MiniOzoneClusterImpl-f455d224-3bfd-4c12-ad75-0d332897f7fa/datanode-1/data/ratis/eff68732-1501-4876-a95f-d32732faae1b has been successfully formatted.
2019-08-29 08:45:59,126 | INFO  | SCMAudit | user=jenkins1000 | ip=192.168.5.176 | op=SEND_HEARTBEAT {datanodeUUID=3bbb20a1-a78a-49aa-a207-aa74965bf29c, command=[]} | ret=SUCCESS |  
2019-08-29 08:45:59,126 | INFO  | SCMAudit | user=jenkins1000 | ip=192.168.5.176 | op=SEND_HEARTBEAT {datanodeUUID=08d23bb8-f649-4ebd-a9a9-bbfd5b766034, command=[]} | ret=SUCCESS |  
2019-08-29 08:45:59,131 | INFO  | SCMAudit | user=jenkins1000 | ip=192.168.5.176 | op=SEND_HEARTBEAT {datanodeUUID=80032fdc-d78b-4a88-9434-3ce010c31b3f, command=[]} | ret=SUCCESS |  
2019-08-29 08:45:59,218 | INFO  | SCMAudit | user=jenkins1000 | ip=192.168.5.176 | op=SEND_HEARTBEAT {datanodeUUID=90f684eb-7c4f-41ac-bd9b-a2bcab6fa083, command=[]} | ret=SUCCESS |  
2019-08-29 08:45:59,282 [RATISCREATEPIPELINE2] ERROR pipeline.RatisPipelineProvider (RatisPipelineProvider.java:lambda$null$5(235)) - Failed invoke Ratis rpc org.apache.hadoop.hdds.scm.pipeline.RatisPipelineProvider$$Lambda$187/1505492594@7ab92c52 for e5fd3c67-4f38-41ed-8073-51136f0efc00
org.apache.ratis.protocol.TimeoutIOException: deadline exceeded after 2999768785ns
	at org.apache.ratis.grpc.GrpcUtil.tryUnwrapException(GrpcUtil.java:82)
	at org.apache.ratis.grpc.GrpcUtil.unwrapException(GrpcUtil.java:75)
	at org.apache.ratis.grpc.client.GrpcClientProtocolClient.blockingCall(GrpcClientProtocolClient.java:169)
	at org.apache.ratis.grpc.client.GrpcClientProtocolClient.groupAdd(GrpcClientProtocolClient.java:138)
	at org.apache.ratis.grpc.client.GrpcClientRpc.sendRequest(GrpcClientRpc.java:94)
	at org.apache.ratis.client.impl.RaftClientImpl.sendRequest(RaftClientImpl.java:279)
	at org.apache.ratis.client.impl.RaftClientImpl.groupAdd(RaftClientImpl.java:206)
	at org.apache.hadoop.hdds.scm.pipeline.RatisPipelineProvider.lambda$initializePipeline$4(RatisPipelineProvider.java:194)
	at org.apache.hadoop.hdds.scm.pipeline.RatisPipelineProvider.lambda$null$5(RatisPipelineProvider.java:231)
	at java.util.stream.ForEachOps$ForEachOp$OfRef.accept(ForEachOps.java:184)
	at java.util.ArrayList$ArrayListSpliterator.forEachRemaining(ArrayList.java:1382)
	at java.util.stream.AbstractPipeline.copyInto(AbstractPipeline.java:482)
	at java.util.stream.ForEachOps$ForEachTask.compute(ForEachOps.java:291)
	at java.util.concurrent.CountedCompleter.exec(CountedCompleter.java:731)
	at java.util.concurrent.ForkJoinTask.doExec(ForkJoinTask.java:289)
	at java.util.concurrent.ForkJoinPool$WorkQueue.runTask(ForkJoinPool.java:1056)
	at java.util.concurrent.ForkJoinPool.runWorker(ForkJoinPool.java:1692)
	at java.util.concurrent.ForkJoinWorkerThread.run(ForkJoinWorkerThread.java:157)
Caused by: org.apache.ratis.thirdparty.io.grpc.StatusRuntimeException: DEADLINE_EXCEEDED: deadline exceeded after 2999768785ns
	at org.apache.ratis.thirdparty.io.grpc.stub.ClientCalls.toStatusRuntimeException(ClientCalls.java:233)
	at org.apache.ratis.thirdparty.io.grpc.stub.ClientCalls.getUnchecked(ClientCalls.java:214)
	at org.apache.ratis.thirdparty.io.grpc.stub.ClientCalls.blockingUnaryCall(ClientCalls.java:139)
	at org.apache.ratis.proto.grpc.AdminProtocolServiceGrpc$AdminProtocolServiceBlockingStub.groupManagement(AdminProtocolServiceGrpc.java:274)
	at org.apache.ratis.grpc.client.GrpcClientProtocolClient.lambda$groupAdd$3(GrpcClientProtocolClient.java:140)
	at org.apache.ratis.grpc.client.GrpcClientProtocolClient.blockingCall(GrpcClientProtocolClient.java:167)
	... 15 more
2019-08-29 08:45:59,285 [RATISCREATEPIPELINE1] ERROR pipeline.RatisPipelineProvider (RatisPipelineProvider.java:lambda$null$5(235)) - Failed invoke Ratis rpc org.apache.hadoop.hdds.scm.pipeline.RatisPipelineProvider$$Lambda$187/1505492594@7ab92c52 for 4204fb3a-7736-45d2-bbed-750a692783ae
org.apache.ratis.protocol.TimeoutIOException: deadline exceeded after 2999766254ns
	at org.apache.ratis.grpc.GrpcUtil.tryUnwrapException(GrpcUtil.java:82)
	at org.apache.ratis.grpc.GrpcUtil.unwrapException(GrpcUtil.java:75)
	at org.apache.ratis.grpc.client.GrpcClientProtocolClient.blockingCall(GrpcClientProtocolClient.java:169)
	at org.apache.ratis.grpc.client.GrpcClientProtocolClient.groupAdd(GrpcClientProtocolClient.java:138)
	at org.apache.ratis.grpc.client.GrpcClientRpc.sendRequest(GrpcClientRpc.java:94)
	at org.apache.ratis.client.impl.RaftClientImpl.sendRequest(RaftClientImpl.java:279)
	at org.apache.ratis.client.impl.RaftClientImpl.groupAdd(RaftClientImpl.java:206)
	at org.apache.hadoop.hdds.scm.pipeline.RatisPipelineProvider.lambda$initializePipeline$4(RatisPipelineProvider.java:194)
	at org.apache.hadoop.hdds.scm.pipeline.RatisPipelineProvider.lambda$null$5(RatisPipelineProvider.java:231)
	at java.util.stream.ForEachOps$ForEachOp$OfRef.accept(ForEachOps.java:184)
	at java.util.ArrayList$ArrayListSpliterator.forEachRemaining(ArrayList.java:1382)
	at java.util.stream.AbstractPipeline.copyInto(AbstractPipeline.java:482)
	at java.util.stream.ForEachOps$ForEachTask.compute(ForEachOps.java:291)
	at java.util.concurrent.CountedCompleter.exec(CountedCompleter.java:731)
	at java.util.concurrent.ForkJoinTask.doExec(ForkJoinTask.java:289)
	at java.util.concurrent.ForkJoinTask.doInvoke(ForkJoinTask.java:401)
	at java.util.concurrent.ForkJoinTask.invoke(ForkJoinTask.java:734)
	at java.util.stream.ForEachOps$ForEachOp.evaluateParallel(ForEachOps.java:160)
	at java.util.stream.ForEachOps$ForEachOp$OfRef.evaluateParallel(ForEachOps.java:174)
	at java.util.stream.AbstractPipeline.evaluate(AbstractPipeline.java:233)
	at java.util.stream.ReferencePipeline.forEach(ReferencePipeline.java:418)
	at java.util.stream.ReferencePipeline$Head.forEach(ReferencePipeline.java:583)
	at org.apache.hadoop.hdds.scm.pipeline.RatisPipelineProvider.lambda$callRatisRpc$6(RatisPipelineProvider.java:225)
	at java.util.concurrent.ForkJoinTask$AdaptedRunnableAction.exec(ForkJoinTask.java:1386)
	at java.util.concurrent.ForkJoinTask.doExec(ForkJoinTask.java:289)
	at java.util.concurrent.ForkJoinPool$WorkQueue.runTask(ForkJoinPool.java:1056)
	at java.util.concurrent.ForkJoinPool.runWorker(ForkJoinPool.java:1692)
	at java.util.concurrent.ForkJoinWorkerThread.run(ForkJoinWorkerThread.java:157)
Caused by: org.apache.ratis.thirdparty.io.grpc.StatusRuntimeException: DEADLINE_EXCEEDED: deadline exceeded after 2999766254ns
	at org.apache.ratis.thirdparty.io.grpc.stub.ClientCalls.toStatusRuntimeException(ClientCalls.java:233)
	at org.apache.ratis.thirdparty.io.grpc.stub.ClientCalls.getUnchecked(ClientCalls.java:214)
	at org.apache.ratis.thirdparty.io.grpc.stub.ClientCalls.blockingUnaryCall(ClientCalls.java:139)
	at org.apache.ratis.proto.grpc.AdminProtocolServiceGrpc$AdminProtocolServiceBlockingStub.groupManagement(AdminProtocolServiceGrpc.java:274)
	at org.apache.ratis.grpc.client.GrpcClientProtocolClient.lambda$groupAdd$3(GrpcClientProtocolClient.java:140)
	at org.apache.ratis.grpc.client.GrpcClientProtocolClient.blockingCall(GrpcClientProtocolClient.java:167)
	... 25 more
2019-08-29 08:45:59,283 [RATISCREATEPIPELINE3] ERROR pipeline.RatisPipelineProvider (RatisPipelineProvider.java:lambda$null$5(235)) - Failed invoke Ratis rpc org.apache.hadoop.hdds.scm.pipeline.RatisPipelineProvider$$Lambda$187/1505492594@7ab92c52 for 80032fdc-d78b-4a88-9434-3ce010c31b3f
org.apache.ratis.protocol.TimeoutIOException: deadline exceeded after 2999748600ns
	at org.apache.ratis.grpc.GrpcUtil.tryUnwrapException(GrpcUtil.java:82)
	at org.apache.ratis.grpc.GrpcUtil.unwrapException(GrpcUtil.java:75)
	at org.apache.ratis.grpc.client.GrpcClientProtocolClient.blockingCall(GrpcClientProtocolClient.java:169)
	at org.apache.ratis.grpc.client.GrpcClientProtocolClient.groupAdd(GrpcClientProtocolClient.java:138)
	at org.apache.ratis.grpc.client.GrpcClientRpc.sendRequest(GrpcClientRpc.java:94)
	at org.apache.ratis.client.impl.RaftClientImpl.sendRequest(RaftClientImpl.java:279)
	at org.apache.ratis.client.impl.RaftClientImpl.groupAdd(RaftClientImpl.java:206)
	at org.apache.hadoop.hdds.scm.pipeline.RatisPipelineProvider.lambda$initializePipeline$4(RatisPipelineProvider.java:194)
	at org.apache.hadoop.hdds.scm.pipeline.RatisPipelineProvider.lambda$null$5(RatisPipelineProvider.java:231)
	at java.util.stream.ForEachOps$ForEachOp$OfRef.accept(ForEachOps.java:184)
	at java.util.ArrayList$ArrayListSpliterator.forEachRemaining(ArrayList.java:1382)
	at java.util.stream.AbstractPipeline.copyInto(AbstractPipeline.java:482)
	at java.util.stream.ForEachOps$ForEachTask.compute(ForEachOps.java:291)
	at java.util.concurrent.CountedCompleter.exec(CountedCompleter.java:731)
	at java.util.concurrent.ForkJoinTask.doExec(ForkJoinTask.java:289)
	at java.util.concurrent.ForkJoinPool$WorkQueue.runTask(ForkJoinPool.java:1056)
	at java.util.concurrent.ForkJoinPool.runWorker(ForkJoinPool.java:1692)
	at java.util.concurrent.ForkJoinWorkerThread.run(ForkJoinWorkerThread.java:157)
Caused by: org.apache.ratis.thirdparty.io.grpc.StatusRuntimeException: DEADLINE_EXCEEDED: deadline exceeded after 2999748600ns
	at org.apache.ratis.thirdparty.io.grpc.stub.ClientCalls.toStatusRuntimeException(ClientCalls.java:233)
	at org.apache.ratis.thirdparty.io.grpc.stub.ClientCalls.getUnchecked(ClientCalls.java:214)
	at org.apache.ratis.thirdparty.io.grpc.stub.ClientCalls.blockingUnaryCall(ClientCalls.java:139)
	at org.apache.ratis.proto.grpc.AdminProtocolServiceGrpc$AdminProtocolServiceBlockingStub.groupManagement(AdminProtocolServiceGrpc.java:274)
	at org.apache.ratis.grpc.client.GrpcClientProtocolClient.lambda$groupAdd$3(GrpcClientProtocolClient.java:140)
	at org.apache.ratis.grpc.client.GrpcClientProtocolClient.blockingCall(GrpcClientProtocolClient.java:167)
	... 15 more
2019-08-29 08:45:59,292 [IPC Server handler 1 on 43221] WARN  block.BlockManagerImpl (BlockManagerImpl.java:allocateBlock(192)) - Pipeline creation failed for type:RATIS factor:THREE. Retrying get pipelines call once.
org.apache.hadoop.io.MultipleIOException: 3 exceptions [java.io.IOException: Failed invoke Ratis rpc org.apache.hadoop.hdds.scm.pipeline.RatisPipelineProvider$$Lambda$187/1505492594@7ab92c52 for e5fd3c67-4f38-41ed-8073-51136f0efc00, java.io.IOException: Failed invoke Ratis rpc org.apache.hadoop.hdds.scm.pipeline.RatisPipelineProvider$$Lambda$187/1505492594@7ab92c52 for 4204fb3a-7736-45d2-bbed-750a692783ae, java.io.IOException: Failed invoke Ratis rpc org.apache.hadoop.hdds.scm.pipeline.RatisPipelineProvider$$Lambda$187/1505492594@7ab92c52 for 80032fdc-d78b-4a88-9434-3ce010c31b3f]
	at org.apache.hadoop.io.MultipleIOException.createIOException(MultipleIOException.java:53)
	at org.apache.hadoop.hdds.scm.pipeline.RatisPipelineProvider.callRatisRpc(RatisPipelineProvider.java:251)
	at org.apache.hadoop.hdds.scm.pipeline.RatisPipelineProvider.initializePipeline(RatisPipelineProvider.java:192)
	at org.apache.hadoop.hdds.scm.pipeline.RatisPipelineProvider.create(RatisPipelineProvider.java:161)
	at org.apache.hadoop.hdds.scm.pipeline.PipelineFactory.create(PipelineFactory.java:57)
	at org.apache.hadoop.hdds.scm.pipeline.SCMPipelineManager.createPipeline(SCMPipelineManager.java:149)
	at org.apache.hadoop.hdds.scm.block.BlockManagerImpl.allocateBlock(BlockManagerImpl.java:190)
	at org.apache.hadoop.hdds.scm.server.SCMBlockProtocolServer.allocateBlock(SCMBlockProtocolServer.java:175)
	at org.apache.hadoop.ozone.protocolPB.ScmBlockLocationProtocolServerSideTranslatorPB.allocateScmBlock(ScmBlockLocationProtocolServerSideTranslatorPB.java:153)
	at org.apache.hadoop.ozone.protocolPB.ScmBlockLocationProtocolServerSideTranslatorPB.send(ScmBlockLocationProtocolServerSideTranslatorPB.java:112)
	at org.apache.hadoop.hdds.protocol.proto.ScmBlockLocationProtocolProtos$ScmBlockLocationProtocolService$2.callBlockingMethod(ScmBlockLocationProtocolProtos.java:13157)
	at org.apache.hadoop.ipc.ProtobufRpcEngine$Server$ProtoBufRpcInvoker.call(ProtobufRpcEngine.java:524)
	at org.apache.hadoop.ipc.RPC$Server.call(RPC.java:1025)
	at org.apache.hadoop.ipc.Server$RpcCall.run(Server.java:876)
	at org.apache.hadoop.ipc.Server$RpcCall.run(Server.java:822)
	at java.security.AccessController.doPrivileged(Native Method)
	at javax.security.auth.Subject.doAs(Subject.java:422)
	at org.apache.hadoop.security.UserGroupInformation.doAs(UserGroupInformation.java:1730)
	at org.apache.hadoop.ipc.Server$Handler.run(Server.java:2682)
2019-08-29 08:45:59,294 [IPC Server handler 1 on 43221] INFO  block.BlockManagerImpl (BlockManagerImpl.java:allocateBlock(198)) - Could not find available pipeline of type:RATIS and factor:THREE even after retrying
2019-08-29 08:45:59,295 [IPC Server handler 1 on 43221] ERROR block.BlockManagerImpl (BlockManagerImpl.java:allocateBlock(222)) - Unable to allocate a block for the size: 4194304, type: RATIS, factor: THREE
2019-08-29 08:45:59,295 | INFO  | SCMAudit | user=jenkins1000 | ip=192.168.5.176 | op=ALLOCATE_BLOCK {owner=f6230dbf-a8ec-4634-92ba-e9f4c9df306f, size=4194304, type=RATIS, factor=THREE} | ret=SUCCESS |  
]]></system-out>
  </testcase>
  <testcase name="testMultiBlockWrites" classname="org.apache.hadoop.ozone.client.rpc.TestCloseContainerHandlingByClient" time="7.808">
    <error message="Allocated 0 blocks. Requested 3 blocks" type="INTERNAL_ERROR org.apache.hadoop.ozone.om.exceptions.OMException">INTERNAL_ERROR org.apache.hadoop.ozone.om.exceptions.OMException: Allocated 0 blocks. Requested 3 blocks
	at org.apache.hadoop.ozone.om.protocolPB.OzoneManagerProtocolClientSideTranslatorPB.handleError(OzoneManagerProtocolClientSideTranslatorPB.java:725)
	at org.apache.hadoop.ozone.om.protocolPB.OzoneManagerProtocolClientSideTranslatorPB.openKey(OzoneManagerProtocolClientSideTranslatorPB.java:716)
	at org.apache.hadoop.ozone.client.rpc.RpcClient.createKey(RpcClient.java:615)
	at org.apache.hadoop.ozone.client.OzoneBucket.createKey(OzoneBucket.java:325)
	at org.apache.hadoop.ozone.container.ContainerTestHelper.createKey(ContainerTestHelper.java:695)
	at org.apache.hadoop.ozone.client.rpc.TestCloseContainerHandlingByClient.createKey(TestCloseContainerHandlingByClient.java:396)
	at org.apache.hadoop.ozone.client.rpc.TestCloseContainerHandlingByClient.testMultiBlockWrites(TestCloseContainerHandlingByClient.java:186)
	at sun.reflect.NativeMethodAccessorImpl.invoke0(Native Method)
	at sun.reflect.NativeMethodAccessorImpl.invoke(NativeMethodAccessorImpl.java:62)
	at sun.reflect.DelegatingMethodAccessorImpl.invoke(DelegatingMethodAccessorImpl.java:43)
	at java.lang.reflect.Method.invoke(Method.java:498)
	at org.junit.runners.model.FrameworkMethod$1.runReflectiveCall(FrameworkMethod.java:47)
	at org.junit.internal.runners.model.ReflectiveCallable.run(ReflectiveCallable.java:12)
	at org.junit.runners.model.FrameworkMethod.invokeExplosively(FrameworkMethod.java:44)
	at org.junit.internal.runners.statements.InvokeMethod.evaluate(InvokeMethod.java:17)
	at org.junit.runners.ParentRunner.runLeaf(ParentRunner.java:271)
	at org.junit.runners.BlockJUnit4ClassRunner.runChild(BlockJUnit4ClassRunner.java:70)
	at org.junit.runners.BlockJUnit4ClassRunner.runChild(BlockJUnit4ClassRunner.java:50)
	at org.junit.runners.ParentRunner$3.run(ParentRunner.java:238)
	at org.junit.runners.ParentRunner$1.schedule(ParentRunner.java:63)
	at org.junit.runners.ParentRunner.runChildren(ParentRunner.java:236)
	at org.junit.runners.ParentRunner.access$000(ParentRunner.java:53)
	at org.junit.runners.ParentRunner$2.evaluate(ParentRunner.java:229)
	at org.junit.internal.runners.statements.RunBefores.evaluate(RunBefores.java:26)
	at org.junit.internal.runners.statements.RunAfters.evaluate(RunAfters.java:27)
	at org.junit.runners.ParentRunner.run(ParentRunner.java:309)
	at org.apache.maven.surefire.junit4.JUnit4Provider.execute(JUnit4Provider.java:365)
	at org.apache.maven.surefire.junit4.JUnit4Provider.executeWithRerun(JUnit4Provider.java:273)
	at org.apache.maven.surefire.junit4.JUnit4Provider.executeTestSet(JUnit4Provider.java:238)
	at org.apache.maven.surefire.junit4.JUnit4Provider.invoke(JUnit4Provider.java:159)
	at org.apache.maven.surefire.booter.ForkedBooter.invokeProviderInSameClassLoader(ForkedBooter.java:384)
	at org.apache.maven.surefire.booter.ForkedBooter.runSuitesInProcess(ForkedBooter.java:345)
	at org.apache.maven.surefire.booter.ForkedBooter.execute(ForkedBooter.java:126)
	at org.apache.maven.surefire.booter.ForkedBooter.main(ForkedBooter.java:418)
</error>
    <system-out><![CDATA[2019-08-29 08:45:59,299 | INFO  | OMAudit | user=jenkins1000 | ip=127.0.0.1 | op=READ_VOLUME {volume=closecontainerexceptionhandlingtest} | ret=SUCCESS |  
2019-08-29 08:45:59,300 | INFO  | OMAudit | user=jenkins1000 | ip=127.0.0.1 | op=READ_BUCKET {volume=closecontainerexceptionhandlingtest, bucket=closecontainerexceptionhandlingtest} | ret=SUCCESS |  
2019-08-29 08:45:59,339 [grpc-default-executor-4] INFO  impl.RaftServerProxy (RaftServerProxy.java:addNew(89)) - 80032fdc-d78b-4a88-9434-3ce010c31b3f: addNew group-5F3D927CD05F:[80032fdc-d78b-4a88-9434-3ce010c31b3f:192.168.5.176:43754, 4204fb3a-7736-45d2-bbed-750a692783ae:192.168.5.176:46077, e5fd3c67-4f38-41ed-8073-51136f0efc00:192.168.5.176:38915] returns group-5F3D927CD05F:java.util.concurrent.CompletableFuture@786a5a57[Not completed]
2019-08-29 08:45:59,339 [grpc-default-executor-3] INFO  impl.RaftServerProxy (RaftServerProxy.java:addNew(89)) - 4204fb3a-7736-45d2-bbed-750a692783ae: addNew group-5F3D927CD05F:[80032fdc-d78b-4a88-9434-3ce010c31b3f:192.168.5.176:43754, 4204fb3a-7736-45d2-bbed-750a692783ae:192.168.5.176:46077, e5fd3c67-4f38-41ed-8073-51136f0efc00:192.168.5.176:38915] returns group-5F3D927CD05F:java.util.concurrent.CompletableFuture@71afce41[Not completed]
2019-08-29 08:45:59,339 [grpc-default-executor-1] INFO  impl.RaftServerProxy (RaftServerProxy.java:addNew(89)) - e5fd3c67-4f38-41ed-8073-51136f0efc00: addNew group-5F3D927CD05F:[80032fdc-d78b-4a88-9434-3ce010c31b3f:192.168.5.176:43754, 4204fb3a-7736-45d2-bbed-750a692783ae:192.168.5.176:46077, e5fd3c67-4f38-41ed-8073-51136f0efc00:192.168.5.176:38915] returns group-5F3D927CD05F:java.util.concurrent.CompletableFuture@5eeb8781[Not completed]
2019-08-29 08:45:59,444 | INFO  | SCMAudit | user=jenkins1000 | ip=192.168.5.176 | op=SEND_HEARTBEAT {datanodeUUID=73bbc9c5-70f7-4fc8-a304-e36fb1a7c836, command=[]} | ret=SUCCESS |  
2019-08-29 08:45:59,531 | INFO  | SCMAudit | user=jenkins1000 | ip=192.168.5.176 | op=SEND_HEARTBEAT {datanodeUUID=4204fb3a-7736-45d2-bbed-750a692783ae, command=[]} | ret=SUCCESS |  
2019-08-29 08:45:59,615 | INFO  | SCMAudit | user=jenkins1000 | ip=192.168.5.176 | op=SEND_HEARTBEAT {datanodeUUID=e5fd3c67-4f38-41ed-8073-51136f0efc00, command=[]} | ret=SUCCESS |  
2019-08-29 08:45:59,902 [java.util.concurrent.ThreadPoolExecutor$Worker@1f38e90[State = -1, empty queue]] WARN  server.GrpcLogAppender (GrpcLogAppender.java:timeoutAppendRequest(200)) - GrpcLogAppender(80032fdc-d78b-4a88-9434-3ce010c31b3f->4204fb3a-7736-45d2-bbed-750a692783ae): appendEntries Timeout, request=80032fdc-d78b-4a88-9434-3ce010c31b3f->4204fb3a-7736-45d2-bbed-750a692783ae#1-t1, previous=(t:0, i:0), leaderCommit=-1, initializing? false, entries: size=1, first=(t:1, i:0), CONFIGURATIONENTRY
2019-08-29 08:46:00,126 | INFO  | SCMAudit | user=jenkins1000 | ip=192.168.5.176 | op=SEND_HEARTBEAT {datanodeUUID=3bbb20a1-a78a-49aa-a207-aa74965bf29c, command=[]} | ret=SUCCESS |  
2019-08-29 08:46:00,127 | INFO  | SCMAudit | user=jenkins1000 | ip=192.168.5.176 | op=SEND_HEARTBEAT {datanodeUUID=08d23bb8-f649-4ebd-a9a9-bbfd5b766034, command=[]} | ret=SUCCESS |  
2019-08-29 08:46:00,131 | INFO  | SCMAudit | user=jenkins1000 | ip=192.168.5.176 | op=SEND_HEARTBEAT {datanodeUUID=80032fdc-d78b-4a88-9434-3ce010c31b3f, command=[]} | ret=SUCCESS |  
2019-08-29 08:46:00,219 | INFO  | SCMAudit | user=jenkins1000 | ip=192.168.5.176 | op=SEND_HEARTBEAT {datanodeUUID=90f684eb-7c4f-41ac-bd9b-a2bcab6fa083, command=[]} | ret=SUCCESS |  
2019-08-29 08:46:00,444 | INFO  | SCMAudit | user=jenkins1000 | ip=192.168.5.176 | op=SEND_HEARTBEAT {datanodeUUID=73bbc9c5-70f7-4fc8-a304-e36fb1a7c836, command=[]} | ret=SUCCESS |  
2019-08-29 08:46:00,531 | INFO  | SCMAudit | user=jenkins1000 | ip=192.168.5.176 | op=SEND_HEARTBEAT {datanodeUUID=4204fb3a-7736-45d2-bbed-750a692783ae, command=[]} | ret=SUCCESS |  
2019-08-29 08:46:00,615 | INFO  | SCMAudit | user=jenkins1000 | ip=192.168.5.176 | op=SEND_HEARTBEAT {datanodeUUID=e5fd3c67-4f38-41ed-8073-51136f0efc00, command=[]} | ret=SUCCESS |  
2019-08-29 08:46:00,906 [pool-37-thread-1] INFO  ratis.ContainerStateMachine (ContainerStateMachine.java:loadSnapshot(227)) - group-D32732FAAE1B: The snapshot info is null. Setting the last applied indexto:(t:0, i:~)
2019-08-29 08:46:00,906 [pool-37-thread-1] INFO  server.RaftServerConfigKeys (ConfUtils.java:logGet(43)) - raft.server.leader.election.timeout = 120s (custom)
2019-08-29 08:46:00,907 [pool-37-thread-1] INFO  server.RaftServerConfigKeys (ConfUtils.java:logGet(43)) - raft.server.log.use.memory = false (default)
2019-08-29 08:46:00,907 [pool-37-thread-1] INFO  server.RaftServerConfigKeys (ConfUtils.java:logGet(43)) - raft.server.log.purge.gap = 1000000 (custom)
2019-08-29 08:46:00,907 [pool-37-thread-1] INFO  server.RaftServerConfigKeys (ConfUtils.java:logGet(43)) - raft.server.log.appender.buffer.byte-limit = 33554432 (custom)
2019-08-29 08:46:00,907 [pool-37-thread-1] INFO  server.RaftServerConfigKeys (ConfUtils.java:logGet(43)) - raft.server.log.segment.size.max = 1048576 (custom)
2019-08-29 08:46:00,907 [pool-37-thread-1] INFO  server.RaftServerConfigKeys (ConfUtils.java:logGet(43)) - raft.server.log.segment.cache.num.max = 2 (custom)
2019-08-29 08:46:00,907 [pool-37-thread-1] INFO  segmented.SegmentedRaftLogWorker (SegmentedRaftLogWorker.java:<init>(172)) - new 4204fb3a-7736-45d2-bbed-750a692783ae-SegmentedRaftLogWorker:Storage Directory /workdir/hadoop-ozone/integration-test/target/test-dir/MiniOzoneClusterImpl-f455d224-3bfd-4c12-ad75-0d332897f7fa/datanode-1/data/ratis/eff68732-1501-4876-a95f-d32732faae1b for RaftStorage:Storage Directory /workdir/hadoop-ozone/integration-test/target/test-dir/MiniOzoneClusterImpl-f455d224-3bfd-4c12-ad75-0d332897f7fa/datanode-1/data/ratis/eff68732-1501-4876-a95f-d32732faae1b
2019-08-29 08:46:00,907 [pool-37-thread-1] INFO  server.RaftServerConfigKeys (ConfUtils.java:logGet(43)) - raft.server.log.queue.byte-limit = 2147483647 (custom)
2019-08-29 08:46:00,907 [pool-37-thread-1] INFO  server.RaftServerConfigKeys (ConfUtils.java:logGet(43)) - raft.server.log.queue.element-limit = 1024 (custom)
2019-08-29 08:46:00,908 [pool-37-thread-1] INFO  server.RaftServerConfigKeys (ConfUtils.java:logGet(43)) - raft.server.log.segment.size.max = 1048576 (custom)
2019-08-29 08:46:00,908 [pool-37-thread-1] INFO  server.RaftServerConfigKeys (ConfUtils.java:logGet(43)) - raft.server.log.preallocated.size = 16384 (custom)
2019-08-29 08:46:00,908 [pool-37-thread-1] INFO  server.RaftServerConfigKeys (ConfUtils.java:logGet(43)) - raft.server.log.write.buffer.size = 33554432 (custom)
2019-08-29 08:46:00,908 [pool-37-thread-1] INFO  server.RaftServerConfigKeys (ConfUtils.java:logGet(43)) - raft.server.log.force.sync.num = 128 (default)
2019-08-29 08:46:00,908 [pool-37-thread-1] INFO  server.RaftServerConfigKeys (ConfUtils.java:logGet(43)) - raft.server.log.statemachine.data.sync = true (default)
2019-08-29 08:46:00,908 [pool-37-thread-1] INFO  server.RaftServerConfigKeys (ConfUtils.java:logGet(43)) - raft.server.log.statemachine.data.sync.timeout = 10s (default)
2019-08-29 08:46:00,908 [pool-37-thread-1] INFO  server.RaftServerConfigKeys (ConfUtils.java:logGet(43)) - raft.server.log.statemachine.data.sync.timeout.retry = -1 (default)
2019-08-29 08:46:00,908 [pool-37-thread-1] INFO  server.RaftServerConfigKeys (ConfUtils.java:logGet(43)) - raft.server.log.statemachine.data.caching.enabled = true (custom)
2019-08-29 08:46:01,039 [pool-37-thread-1] INFO  segmented.SegmentedRaftLogWorker (SegmentedRaftLogWorker.java:lambda$new$0(132)) - 4204fb3a-7736-45d2-bbed-750a692783ae-SegmentedRaftLogWorker:Storage Directory /workdir/hadoop-ozone/integration-test/target/test-dir/MiniOzoneClusterImpl-f455d224-3bfd-4c12-ad75-0d332897f7fa/datanode-1/data/ratis/eff68732-1501-4876-a95f-d32732faae1b: flushIndex: setUnconditionally 0 -> -1
2019-08-29 08:46:01,039 [pool-37-thread-1] INFO  server.RaftServerConfigKeys (ConfUtils.java:logGet(43)) - raft.server.snapshot.auto.trigger.enabled = true (custom)
2019-08-29 08:46:01,039 [pool-37-thread-1] INFO  server.RaftServerConfigKeys (ConfUtils.java:logGet(43)) - raft.server.snapshot.auto.trigger.threshold = 10000 (custom)
2019-08-29 08:46:01,039 [pool-37-thread-1] INFO  server.RaftServerConfigKeys (ConfUtils.java:logGet(43)) - raft.server.retrycache.expirytime = 600000ms (custom)
2019-08-29 08:46:01,042 [pool-37-thread-1] INFO  impl.RaftServerImpl (RaftServerImpl.java:<init>(93)) - 4204fb3a-7736-45d2-bbed-750a692783ae: new RaftServerImpl for group-2A4272E51C55:[80032fdc-d78b-4a88-9434-3ce010c31b3f:192.168.5.176:43754, 4204fb3a-7736-45d2-bbed-750a692783ae:192.168.5.176:46077, e5fd3c67-4f38-41ed-8073-51136f0efc00:192.168.5.176:38915] with ContainerStateMachine:uninitialized
2019-08-29 08:46:01,042 [pool-37-thread-1] INFO  server.RaftServerConfigKeys (ConfUtils.java:logGet(43)) - raft.server.rpc.timeout.min = 5s (custom)
2019-08-29 08:46:01,042 [pool-37-thread-1] INFO  server.RaftServerConfigKeys (ConfUtils.java:logGet(43)) - raft.server.rpc.timeout.max = 5200ms (custom)
2019-08-29 08:46:01,042 [pool-37-thread-1] INFO  server.RaftServerConfigKeys (ConfUtils.java:logGet(43)) - raft.server.rpcslowness.timeout = 120s (custom)
2019-08-29 08:46:01,042 [pool-37-thread-1] INFO  server.RaftServerConfigKeys (ConfUtils.java:logGet(43)) - raft.server.sleep.deviation.threshold = 300 (default)
2019-08-29 08:46:01,042 [pool-37-thread-1] INFO  server.RaftServerConfigKeys (ConfUtils.java:logGet(43)) - raft.server.log.appender.install.snapshot.enabled = false (custom)
2019-08-29 08:46:01,042 [pool-37-thread-1] INFO  impl.RaftServerImpl (ServerState.java:<init>(105)) - 4204fb3a-7736-45d2-bbed-750a692783ae:group-2A4272E51C55 ConfigurationManager, init=-1: [80032fdc-d78b-4a88-9434-3ce010c31b3f:192.168.5.176:43754, 4204fb3a-7736-45d2-bbed-750a692783ae:192.168.5.176:46077, e5fd3c67-4f38-41ed-8073-51136f0efc00:192.168.5.176:38915], old=null, confs=<EMPTY_MAP>
2019-08-29 08:46:01,043 [pool-37-thread-1] INFO  server.RaftServerConfigKeys (ConfUtils.java:logGet(43)) - raft.server.storage.dir = [/workdir/hadoop-ozone/integration-test/target/test-dir/MiniOzoneClusterImpl-f455d224-3bfd-4c12-ad75-0d332897f7fa/datanode-1/data/ratis] (custom)
2019-08-29 08:46:01,043 [pool-37-thread-1] INFO  storage.RaftStorageDirectory (RaftStorageDirectory.java:analyzeStorage(246)) - The storage directory /workdir/hadoop-ozone/integration-test/target/test-dir/MiniOzoneClusterImpl-f455d224-3bfd-4c12-ad75-0d332897f7fa/datanode-1/data/ratis/4490d09a-5e2b-4bac-b0e7-2a4272e51c55 does not exist. Creating ...
2019-08-29 08:46:01,126 | INFO  | SCMAudit | user=jenkins1000 | ip=192.168.5.176 | op=SEND_HEARTBEAT {datanodeUUID=3bbb20a1-a78a-49aa-a207-aa74965bf29c, command=[]} | ret=SUCCESS |  
2019-08-29 08:46:01,126 | INFO  | SCMAudit | user=jenkins1000 | ip=192.168.5.176 | op=SEND_HEARTBEAT {datanodeUUID=08d23bb8-f649-4ebd-a9a9-bbfd5b766034, command=[]} | ret=SUCCESS |  
2019-08-29 08:46:01,131 | INFO  | SCMAudit | user=jenkins1000 | ip=192.168.5.176 | op=SEND_HEARTBEAT {datanodeUUID=80032fdc-d78b-4a88-9434-3ce010c31b3f, command=[]} | ret=SUCCESS |  
2019-08-29 08:46:01,219 | INFO  | SCMAudit | user=jenkins1000 | ip=192.168.5.176 | op=SEND_HEARTBEAT {datanodeUUID=90f684eb-7c4f-41ac-bd9b-a2bcab6fa083, command=[]} | ret=SUCCESS |  
2019-08-29 08:46:01,237 [grpc-default-executor-1] WARN  server.GrpcLogAppender (GrpcLogAppender.java:onNextImpl(250)) - org.apache.ratis.grpc.server.GrpcLogAppender$AppendLogResponseHandler@3acdb4cd: Request not found, ignoring reply: 80032fdc-d78b-4a88-9434-3ce010c31b3f<-4204fb3a-7736-45d2-bbed-750a692783ae#1:OK,SUCCESS,nextIndex:1,term:1,followerCommit:-1
2019-08-29 08:46:01,380 [pool-77-thread-1] INFO  storage.RaftStorageDirectory (RaftStorageDirectory.java:tryLock(328)) - Lock on /workdir/hadoop-ozone/integration-test/target/test-dir/MiniOzoneClusterImpl-f455d224-3bfd-4c12-ad75-0d332897f7fa/datanode-5/data/ratis/4490d09a-5e2b-4bac-b0e7-2a4272e51c55/in_use.lock acquired by nodename 29754@pr-hdds-1909-44d2n-1519487446
2019-08-29 08:46:01,444 | INFO  | SCMAudit | user=jenkins1000 | ip=192.168.5.176 | op=SEND_HEARTBEAT {datanodeUUID=73bbc9c5-70f7-4fc8-a304-e36fb1a7c836, command=[]} | ret=SUCCESS |  
2019-08-29 08:46:01,532 | INFO  | SCMAudit | user=jenkins1000 | ip=192.168.5.176 | op=SEND_HEARTBEAT {datanodeUUID=4204fb3a-7736-45d2-bbed-750a692783ae, command=[]} | ret=SUCCESS |  
2019-08-29 08:46:01,615 | INFO  | SCMAudit | user=jenkins1000 | ip=192.168.5.176 | op=SEND_HEARTBEAT {datanodeUUID=e5fd3c67-4f38-41ed-8073-51136f0efc00, command=[]} | ret=SUCCESS |  
2019-08-29 08:46:02,126 | INFO  | SCMAudit | user=jenkins1000 | ip=192.168.5.176 | op=SEND_HEARTBEAT {datanodeUUID=3bbb20a1-a78a-49aa-a207-aa74965bf29c, command=[]} | ret=SUCCESS |  
2019-08-29 08:46:02,127 | INFO  | SCMAudit | user=jenkins1000 | ip=192.168.5.176 | op=SEND_HEARTBEAT {datanodeUUID=08d23bb8-f649-4ebd-a9a9-bbfd5b766034, command=[]} | ret=SUCCESS |  
2019-08-29 08:46:02,131 | INFO  | SCMAudit | user=jenkins1000 | ip=192.168.5.176 | op=SEND_HEARTBEAT {datanodeUUID=80032fdc-d78b-4a88-9434-3ce010c31b3f, command=[]} | ret=SUCCESS |  
2019-08-29 08:46:02,219 | INFO  | SCMAudit | user=jenkins1000 | ip=192.168.5.176 | op=SEND_HEARTBEAT {datanodeUUID=90f684eb-7c4f-41ac-bd9b-a2bcab6fa083, command=[]} | ret=SUCCESS |  
2019-08-29 08:46:02,330 [RATISCREATEPIPELINE1] ERROR pipeline.RatisPipelineProvider (RatisPipelineProvider.java:lambda$null$5(235)) - Failed invoke Ratis rpc org.apache.hadoop.hdds.scm.pipeline.RatisPipelineProvider$$Lambda$187/1505492594@511eeaa4 for 4204fb3a-7736-45d2-bbed-750a692783ae
org.apache.ratis.protocol.TimeoutIOException: deadline exceeded after 2981958255ns
	at org.apache.ratis.grpc.GrpcUtil.tryUnwrapException(GrpcUtil.java:82)
	at org.apache.ratis.grpc.GrpcUtil.unwrapException(GrpcUtil.java:75)
	at org.apache.ratis.grpc.client.GrpcClientProtocolClient.blockingCall(GrpcClientProtocolClient.java:169)
	at org.apache.ratis.grpc.client.GrpcClientProtocolClient.groupAdd(GrpcClientProtocolClient.java:138)
	at org.apache.ratis.grpc.client.GrpcClientRpc.sendRequest(GrpcClientRpc.java:94)
	at org.apache.ratis.client.impl.RaftClientImpl.sendRequest(RaftClientImpl.java:279)
	at org.apache.ratis.client.impl.RaftClientImpl.groupAdd(RaftClientImpl.java:206)
	at org.apache.hadoop.hdds.scm.pipeline.RatisPipelineProvider.lambda$initializePipeline$4(RatisPipelineProvider.java:194)
	at org.apache.hadoop.hdds.scm.pipeline.RatisPipelineProvider.lambda$null$5(RatisPipelineProvider.java:231)
	at java.util.stream.ForEachOps$ForEachOp$OfRef.accept(ForEachOps.java:184)
	at java.util.ArrayList$ArrayListSpliterator.forEachRemaining(ArrayList.java:1382)
	at java.util.stream.AbstractPipeline.copyInto(AbstractPipeline.java:482)
	at java.util.stream.ForEachOps$ForEachTask.compute(ForEachOps.java:291)
	at java.util.concurrent.CountedCompleter.exec(CountedCompleter.java:731)
	at java.util.concurrent.ForkJoinTask.doExec(ForkJoinTask.java:289)
	at java.util.concurrent.ForkJoinTask.doInvoke(ForkJoinTask.java:401)
	at java.util.concurrent.ForkJoinTask.invoke(ForkJoinTask.java:734)
	at java.util.stream.ForEachOps$ForEachOp.evaluateParallel(ForEachOps.java:160)
	at java.util.stream.ForEachOps$ForEachOp$OfRef.evaluateParallel(ForEachOps.java:174)
	at java.util.stream.AbstractPipeline.evaluate(AbstractPipeline.java:233)
	at java.util.stream.ReferencePipeline.forEach(ReferencePipeline.java:418)
	at java.util.stream.ReferencePipeline$Head.forEach(ReferencePipeline.java:583)
	at org.apache.hadoop.hdds.scm.pipeline.RatisPipelineProvider.lambda$callRatisRpc$6(RatisPipelineProvider.java:225)
	at java.util.concurrent.ForkJoinTask$AdaptedRunnableAction.exec(ForkJoinTask.java:1386)
	at java.util.concurrent.ForkJoinTask.doExec(ForkJoinTask.java:289)
	at java.util.concurrent.ForkJoinPool$WorkQueue.runTask(ForkJoinPool.java:1056)
	at java.util.concurrent.ForkJoinPool.runWorker(ForkJoinPool.java:1692)
	at java.util.concurrent.ForkJoinWorkerThread.run(ForkJoinWorkerThread.java:157)
Caused by: org.apache.ratis.thirdparty.io.grpc.StatusRuntimeException: DEADLINE_EXCEEDED: deadline exceeded after 2981958255ns
	at org.apache.ratis.thirdparty.io.grpc.stub.ClientCalls.toStatusRuntimeException(ClientCalls.java:233)
	at org.apache.ratis.thirdparty.io.grpc.stub.ClientCalls.getUnchecked(ClientCalls.java:214)
	at org.apache.ratis.thirdparty.io.grpc.stub.ClientCalls.blockingUnaryCall(ClientCalls.java:139)
	at org.apache.ratis.proto.grpc.AdminProtocolServiceGrpc$AdminProtocolServiceBlockingStub.groupManagement(AdminProtocolServiceGrpc.java:274)
	at org.apache.ratis.grpc.client.GrpcClientProtocolClient.lambda$groupAdd$3(GrpcClientProtocolClient.java:140)
	at org.apache.ratis.grpc.client.GrpcClientProtocolClient.blockingCall(GrpcClientProtocolClient.java:167)
	... 25 more
2019-08-29 08:46:02,330 [RATISCREATEPIPELINE2] ERROR pipeline.RatisPipelineProvider (RatisPipelineProvider.java:lambda$null$5(235)) - Failed invoke Ratis rpc org.apache.hadoop.hdds.scm.pipeline.RatisPipelineProvider$$Lambda$187/1505492594@511eeaa4 for 80032fdc-d78b-4a88-9434-3ce010c31b3f
org.apache.ratis.protocol.TimeoutIOException: deadline exceeded after 2981944346ns
	at org.apache.ratis.grpc.GrpcUtil.tryUnwrapException(GrpcUtil.java:82)
	at org.apache.ratis.grpc.GrpcUtil.unwrapException(GrpcUtil.java:75)
	at org.apache.ratis.grpc.client.GrpcClientProtocolClient.blockingCall(GrpcClientProtocolClient.java:169)
	at org.apache.ratis.grpc.client.GrpcClientProtocolClient.groupAdd(GrpcClientProtocolClient.java:138)
	at org.apache.ratis.grpc.client.GrpcClientRpc.sendRequest(GrpcClientRpc.java:94)
	at org.apache.ratis.client.impl.RaftClientImpl.sendRequest(RaftClientImpl.java:279)
	at org.apache.ratis.client.impl.RaftClientImpl.groupAdd(RaftClientImpl.java:206)
	at org.apache.hadoop.hdds.scm.pipeline.RatisPipelineProvider.lambda$initializePipeline$4(RatisPipelineProvider.java:194)
	at org.apache.hadoop.hdds.scm.pipeline.RatisPipelineProvider.lambda$null$5(RatisPipelineProvider.java:231)
	at java.util.stream.ForEachOps$ForEachOp$OfRef.accept(ForEachOps.java:184)
	at java.util.ArrayList$ArrayListSpliterator.forEachRemaining(ArrayList.java:1382)
	at java.util.stream.AbstractPipeline.copyInto(AbstractPipeline.java:482)
	at java.util.stream.ForEachOps$ForEachTask.compute(ForEachOps.java:291)
	at java.util.concurrent.CountedCompleter.exec(CountedCompleter.java:731)
	at java.util.concurrent.ForkJoinTask.doExec(ForkJoinTask.java:289)
	at java.util.concurrent.ForkJoinPool$WorkQueue.runTask(ForkJoinPool.java:1056)
	at java.util.concurrent.ForkJoinPool.runWorker(ForkJoinPool.java:1692)
	at java.util.concurrent.ForkJoinWorkerThread.run(ForkJoinWorkerThread.java:157)
Caused by: org.apache.ratis.thirdparty.io.grpc.StatusRuntimeException: DEADLINE_EXCEEDED: deadline exceeded after 2981944346ns
	at org.apache.ratis.thirdparty.io.grpc.stub.ClientCalls.toStatusRuntimeException(ClientCalls.java:233)
	at org.apache.ratis.thirdparty.io.grpc.stub.ClientCalls.getUnchecked(ClientCalls.java:214)
	at org.apache.ratis.thirdparty.io.grpc.stub.ClientCalls.blockingUnaryCall(ClientCalls.java:139)
	at org.apache.ratis.proto.grpc.AdminProtocolServiceGrpc$AdminProtocolServiceBlockingStub.groupManagement(AdminProtocolServiceGrpc.java:274)
	at org.apache.ratis.grpc.client.GrpcClientProtocolClient.lambda$groupAdd$3(GrpcClientProtocolClient.java:140)
	at org.apache.ratis.grpc.client.GrpcClientProtocolClient.blockingCall(GrpcClientProtocolClient.java:167)
	... 15 more
2019-08-29 08:46:02,330 [RATISCREATEPIPELINE3] ERROR pipeline.RatisPipelineProvider (RatisPipelineProvider.java:lambda$null$5(235)) - Failed invoke Ratis rpc org.apache.hadoop.hdds.scm.pipeline.RatisPipelineProvider$$Lambda$187/1505492594@511eeaa4 for e5fd3c67-4f38-41ed-8073-51136f0efc00
org.apache.ratis.protocol.TimeoutIOException: deadline exceeded after 2981936942ns
	at org.apache.ratis.grpc.GrpcUtil.tryUnwrapException(GrpcUtil.java:82)
	at org.apache.ratis.grpc.GrpcUtil.unwrapException(GrpcUtil.java:75)
	at org.apache.ratis.grpc.client.GrpcClientProtocolClient.blockingCall(GrpcClientProtocolClient.java:169)
	at org.apache.ratis.grpc.client.GrpcClientProtocolClient.groupAdd(GrpcClientProtocolClient.java:138)
	at org.apache.ratis.grpc.client.GrpcClientRpc.sendRequest(GrpcClientRpc.java:94)
	at org.apache.ratis.client.impl.RaftClientImpl.sendRequest(RaftClientImpl.java:279)
	at org.apache.ratis.client.impl.RaftClientImpl.groupAdd(RaftClientImpl.java:206)
	at org.apache.hadoop.hdds.scm.pipeline.RatisPipelineProvider.lambda$initializePipeline$4(RatisPipelineProvider.java:194)
	at org.apache.hadoop.hdds.scm.pipeline.RatisPipelineProvider.lambda$null$5(RatisPipelineProvider.java:231)
	at java.util.stream.ForEachOps$ForEachOp$OfRef.accept(ForEachOps.java:184)
	at java.util.ArrayList$ArrayListSpliterator.forEachRemaining(ArrayList.java:1382)
	at java.util.stream.AbstractPipeline.copyInto(AbstractPipeline.java:482)
	at java.util.stream.ForEachOps$ForEachTask.compute(ForEachOps.java:291)
	at java.util.concurrent.CountedCompleter.exec(CountedCompleter.java:731)
	at java.util.concurrent.ForkJoinTask.doExec(ForkJoinTask.java:289)
	at java.util.concurrent.ForkJoinPool$WorkQueue.runTask(ForkJoinPool.java:1056)
	at java.util.concurrent.ForkJoinPool.runWorker(ForkJoinPool.java:1692)
	at java.util.concurrent.ForkJoinWorkerThread.run(ForkJoinWorkerThread.java:157)
Caused by: org.apache.ratis.thirdparty.io.grpc.StatusRuntimeException: DEADLINE_EXCEEDED: deadline exceeded after 2981936942ns
	at org.apache.ratis.thirdparty.io.grpc.stub.ClientCalls.toStatusRuntimeException(ClientCalls.java:233)
	at org.apache.ratis.thirdparty.io.grpc.stub.ClientCalls.getUnchecked(ClientCalls.java:214)
	at org.apache.ratis.thirdparty.io.grpc.stub.ClientCalls.blockingUnaryCall(ClientCalls.java:139)
	at org.apache.ratis.proto.grpc.AdminProtocolServiceGrpc$AdminProtocolServiceBlockingStub.groupManagement(AdminProtocolServiceGrpc.java:274)
	at org.apache.ratis.grpc.client.GrpcClientProtocolClient.lambda$groupAdd$3(GrpcClientProtocolClient.java:140)
	at org.apache.ratis.grpc.client.GrpcClientProtocolClient.blockingCall(GrpcClientProtocolClient.java:167)
	... 15 more
2019-08-29 08:46:02,348 [IPC Server handler 12 on 43221] WARN  block.BlockManagerImpl (BlockManagerImpl.java:allocateBlock(192)) - Pipeline creation failed for type:RATIS factor:THREE. Retrying get pipelines call once.
org.apache.hadoop.io.MultipleIOException: 3 exceptions [java.io.IOException: Failed invoke Ratis rpc org.apache.hadoop.hdds.scm.pipeline.RatisPipelineProvider$$Lambda$187/1505492594@511eeaa4 for 4204fb3a-7736-45d2-bbed-750a692783ae, java.io.IOException: Failed invoke Ratis rpc org.apache.hadoop.hdds.scm.pipeline.RatisPipelineProvider$$Lambda$187/1505492594@511eeaa4 for 80032fdc-d78b-4a88-9434-3ce010c31b3f, java.io.IOException: Failed invoke Ratis rpc org.apache.hadoop.hdds.scm.pipeline.RatisPipelineProvider$$Lambda$187/1505492594@511eeaa4 for e5fd3c67-4f38-41ed-8073-51136f0efc00]
	at org.apache.hadoop.io.MultipleIOException.createIOException(MultipleIOException.java:53)
	at org.apache.hadoop.hdds.scm.pipeline.RatisPipelineProvider.callRatisRpc(RatisPipelineProvider.java:251)
	at org.apache.hadoop.hdds.scm.pipeline.RatisPipelineProvider.initializePipeline(RatisPipelineProvider.java:192)
	at org.apache.hadoop.hdds.scm.pipeline.RatisPipelineProvider.create(RatisPipelineProvider.java:161)
	at org.apache.hadoop.hdds.scm.pipeline.PipelineFactory.create(PipelineFactory.java:57)
	at org.apache.hadoop.hdds.scm.pipeline.SCMPipelineManager.createPipeline(SCMPipelineManager.java:149)
	at org.apache.hadoop.hdds.scm.block.BlockManagerImpl.allocateBlock(BlockManagerImpl.java:190)
	at org.apache.hadoop.hdds.scm.server.SCMBlockProtocolServer.allocateBlock(SCMBlockProtocolServer.java:175)
	at org.apache.hadoop.ozone.protocolPB.ScmBlockLocationProtocolServerSideTranslatorPB.allocateScmBlock(ScmBlockLocationProtocolServerSideTranslatorPB.java:153)
	at org.apache.hadoop.ozone.protocolPB.ScmBlockLocationProtocolServerSideTranslatorPB.send(ScmBlockLocationProtocolServerSideTranslatorPB.java:112)
	at org.apache.hadoop.hdds.protocol.proto.ScmBlockLocationProtocolProtos$ScmBlockLocationProtocolService$2.callBlockingMethod(ScmBlockLocationProtocolProtos.java:13157)
	at org.apache.hadoop.ipc.ProtobufRpcEngine$Server$ProtoBufRpcInvoker.call(ProtobufRpcEngine.java:524)
	at org.apache.hadoop.ipc.RPC$Server.call(RPC.java:1025)
	at org.apache.hadoop.ipc.Server$RpcCall.run(Server.java:876)
	at org.apache.hadoop.ipc.Server$RpcCall.run(Server.java:822)
	at java.security.AccessController.doPrivileged(Native Method)
	at javax.security.auth.Subject.doAs(Subject.java:422)
	at org.apache.hadoop.security.UserGroupInformation.doAs(UserGroupInformation.java:1730)
	at org.apache.hadoop.ipc.Server$Handler.run(Server.java:2682)
2019-08-29 08:46:02,348 [IPC Server handler 12 on 43221] INFO  block.BlockManagerImpl (BlockManagerImpl.java:allocateBlock(198)) - Could not find available pipeline of type:RATIS and factor:THREE even after retrying
2019-08-29 08:46:02,349 [IPC Server handler 12 on 43221] ERROR block.BlockManagerImpl (BlockManagerImpl.java:allocateBlock(222)) - Unable to allocate a block for the size: 4194304, type: RATIS, factor: THREE
2019-08-29 08:46:02,372 [grpc-default-executor-3] INFO  impl.RaftServerProxy (RaftServerProxy.java:addNew(89)) - e5fd3c67-4f38-41ed-8073-51136f0efc00: addNew group-D118D55FB6DD:[80032fdc-d78b-4a88-9434-3ce010c31b3f:192.168.5.176:43754, 4204fb3a-7736-45d2-bbed-750a692783ae:192.168.5.176:46077, e5fd3c67-4f38-41ed-8073-51136f0efc00:192.168.5.176:38915] returns group-D118D55FB6DD:java.util.concurrent.CompletableFuture@654f6ee6[Not completed]
2019-08-29 08:46:02,373 [grpc-default-executor-4] INFO  impl.RaftServerProxy (RaftServerProxy.java:addNew(89)) - 4204fb3a-7736-45d2-bbed-750a692783ae: addNew group-D118D55FB6DD:[80032fdc-d78b-4a88-9434-3ce010c31b3f:192.168.5.176:43754, 4204fb3a-7736-45d2-bbed-750a692783ae:192.168.5.176:46077, e5fd3c67-4f38-41ed-8073-51136f0efc00:192.168.5.176:38915] returns group-D118D55FB6DD:java.util.concurrent.CompletableFuture@49d8a771[Not completed]
2019-08-29 08:46:02,373 [grpc-default-executor-1] INFO  impl.RaftServerProxy (RaftServerProxy.java:addNew(89)) - 80032fdc-d78b-4a88-9434-3ce010c31b3f: addNew group-D118D55FB6DD:[80032fdc-d78b-4a88-9434-3ce010c31b3f:192.168.5.176:43754, 4204fb3a-7736-45d2-bbed-750a692783ae:192.168.5.176:46077, e5fd3c67-4f38-41ed-8073-51136f0efc00:192.168.5.176:38915] returns group-D118D55FB6DD:java.util.concurrent.CompletableFuture@12504dfa[Not completed]
2019-08-29 08:46:02,444 | INFO  | SCMAudit | user=jenkins1000 | ip=192.168.5.176 | op=SEND_HEARTBEAT {datanodeUUID=73bbc9c5-70f7-4fc8-a304-e36fb1a7c836, command=[]} | ret=SUCCESS |  
2019-08-29 08:46:02,531 | INFO  | SCMAudit | user=jenkins1000 | ip=192.168.5.176 | op=SEND_HEARTBEAT {datanodeUUID=4204fb3a-7736-45d2-bbed-750a692783ae, command=[]} | ret=SUCCESS |  
2019-08-29 08:46:02,615 | INFO  | SCMAudit | user=jenkins1000 | ip=192.168.5.176 | op=SEND_HEARTBEAT {datanodeUUID=e5fd3c67-4f38-41ed-8073-51136f0efc00, command=[]} | ret=SUCCESS |  
2019-08-29 08:46:02,796 [pool-37-thread-1] INFO  storage.RaftStorageDirectory (RaftStorageDirectory.java:tryLock(328)) - Lock on /workdir/hadoop-ozone/integration-test/target/test-dir/MiniOzoneClusterImpl-f455d224-3bfd-4c12-ad75-0d332897f7fa/datanode-1/data/ratis/4490d09a-5e2b-4bac-b0e7-2a4272e51c55/in_use.lock acquired by nodename 29754@pr-hdds-1909-44d2n-1519487446
2019-08-29 08:46:02,796 [pool-47-thread-1] INFO  storage.RaftStorage (RaftStorage.java:format(72)) - Storage directory /workdir/hadoop-ozone/integration-test/target/test-dir/MiniOzoneClusterImpl-f455d224-3bfd-4c12-ad75-0d332897f7fa/datanode-2/data/ratis/eff68732-1501-4876-a95f-d32732faae1b has been successfully formatted.
2019-08-29 08:46:02,797 [pool-47-thread-1] INFO  ratis.ContainerStateMachine (ContainerStateMachine.java:loadSnapshot(227)) - group-D32732FAAE1B: The snapshot info is null. Setting the last applied indexto:(t:0, i:~)
2019-08-29 08:46:02,797 [pool-47-thread-1] INFO  server.RaftServerConfigKeys (ConfUtils.java:logGet(43)) - raft.server.leader.election.timeout = 120s (custom)
2019-08-29 08:46:02,797 [pool-47-thread-1] INFO  server.RaftServerConfigKeys (ConfUtils.java:logGet(43)) - raft.server.log.use.memory = false (default)
2019-08-29 08:46:02,797 [pool-47-thread-1] INFO  server.RaftServerConfigKeys (ConfUtils.java:logGet(43)) - raft.server.log.purge.gap = 1000000 (custom)
2019-08-29 08:46:02,798 [pool-47-thread-1] INFO  server.RaftServerConfigKeys (ConfUtils.java:logGet(43)) - raft.server.log.appender.buffer.byte-limit = 33554432 (custom)
2019-08-29 08:46:02,798 [pool-47-thread-1] INFO  server.RaftServerConfigKeys (ConfUtils.java:logGet(43)) - raft.server.log.segment.size.max = 1048576 (custom)
2019-08-29 08:46:02,798 [pool-47-thread-1] INFO  server.RaftServerConfigKeys (ConfUtils.java:logGet(43)) - raft.server.log.segment.cache.num.max = 2 (custom)
2019-08-29 08:46:02,798 [pool-47-thread-1] INFO  segmented.SegmentedRaftLogWorker (SegmentedRaftLogWorker.java:<init>(172)) - new e5fd3c67-4f38-41ed-8073-51136f0efc00-SegmentedRaftLogWorker:Storage Directory /workdir/hadoop-ozone/integration-test/target/test-dir/MiniOzoneClusterImpl-f455d224-3bfd-4c12-ad75-0d332897f7fa/datanode-2/data/ratis/eff68732-1501-4876-a95f-d32732faae1b for RaftStorage:Storage Directory /workdir/hadoop-ozone/integration-test/target/test-dir/MiniOzoneClusterImpl-f455d224-3bfd-4c12-ad75-0d332897f7fa/datanode-2/data/ratis/eff68732-1501-4876-a95f-d32732faae1b
2019-08-29 08:46:02,798 [pool-47-thread-1] INFO  server.RaftServerConfigKeys (ConfUtils.java:logGet(43)) - raft.server.log.queue.byte-limit = 2147483647 (custom)
2019-08-29 08:46:02,799 [pool-47-thread-1] INFO  server.RaftServerConfigKeys (ConfUtils.java:logGet(43)) - raft.server.log.queue.element-limit = 1024 (custom)
2019-08-29 08:46:02,799 [pool-47-thread-1] INFO  server.RaftServerConfigKeys (ConfUtils.java:logGet(43)) - raft.server.log.segment.size.max = 1048576 (custom)
2019-08-29 08:46:02,799 [pool-47-thread-1] INFO  server.RaftServerConfigKeys (ConfUtils.java:logGet(43)) - raft.server.log.preallocated.size = 16384 (custom)
2019-08-29 08:46:02,799 [pool-47-thread-1] INFO  server.RaftServerConfigKeys (ConfUtils.java:logGet(43)) - raft.server.log.write.buffer.size = 33554432 (custom)
2019-08-29 08:46:02,799 [pool-47-thread-1] INFO  server.RaftServerConfigKeys (ConfUtils.java:logGet(43)) - raft.server.log.force.sync.num = 128 (default)
2019-08-29 08:46:02,799 [pool-47-thread-1] INFO  server.RaftServerConfigKeys (ConfUtils.java:logGet(43)) - raft.server.log.statemachine.data.sync = true (default)
2019-08-29 08:46:02,800 [pool-47-thread-1] INFO  server.RaftServerConfigKeys (ConfUtils.java:logGet(43)) - raft.server.log.statemachine.data.sync.timeout = 10s (default)
2019-08-29 08:46:02,800 [pool-47-thread-1] INFO  server.RaftServerConfigKeys (ConfUtils.java:logGet(43)) - raft.server.log.statemachine.data.sync.timeout.retry = -1 (default)
2019-08-29 08:46:02,800 [pool-47-thread-1] INFO  server.RaftServerConfigKeys (ConfUtils.java:logGet(43)) - raft.server.log.statemachine.data.caching.enabled = true (custom)
2019-08-29 08:46:02,801 [pool-47-thread-1] INFO  segmented.SegmentedRaftLogWorker (SegmentedRaftLogWorker.java:lambda$new$0(132)) - e5fd3c67-4f38-41ed-8073-51136f0efc00-SegmentedRaftLogWorker:Storage Directory /workdir/hadoop-ozone/integration-test/target/test-dir/MiniOzoneClusterImpl-f455d224-3bfd-4c12-ad75-0d332897f7fa/datanode-2/data/ratis/eff68732-1501-4876-a95f-d32732faae1b: flushIndex: setUnconditionally 0 -> -1
2019-08-29 08:46:02,801 [pool-47-thread-1] INFO  server.RaftServerConfigKeys (ConfUtils.java:logGet(43)) - raft.server.snapshot.auto.trigger.enabled = true (custom)
2019-08-29 08:46:02,801 [pool-47-thread-1] INFO  server.RaftServerConfigKeys (ConfUtils.java:logGet(43)) - raft.server.snapshot.auto.trigger.threshold = 10000 (custom)
2019-08-29 08:46:02,801 [pool-47-thread-1] INFO  server.RaftServerConfigKeys (ConfUtils.java:logGet(43)) - raft.server.retrycache.expirytime = 600000ms (custom)
2019-08-29 08:46:02,802 [pool-47-thread-1] INFO  impl.RaftServerImpl (RaftServerImpl.java:start(180)) - e5fd3c67-4f38-41ed-8073-51136f0efc00: start group-2D9B50B46EE8
2019-08-29 08:46:02,802 [pool-47-thread-1] INFO  impl.RaftServerImpl (RaftServerImpl.java:setRole(171)) - e5fd3c67-4f38-41ed-8073-51136f0efc00:group-2D9B50B46EE8 changes role from null to FOLLOWER at term 0 for startAsFollower
2019-08-29 08:46:02,802 [pool-47-thread-1] INFO  impl.RoleInfo (RoleInfo.java:updateAndGet(143)) - e5fd3c67-4f38-41ed-8073-51136f0efc00: start FollowerState
2019-08-29 08:46:02,803 [pool-47-thread-1] INFO  util.JmxRegister (JmxRegister.java:tryRegister(44)) - Successfully registered JMX Bean with object name Ratis:service=RaftServer,group=group-2D9B50B46EE8,id=e5fd3c67-4f38-41ed-8073-51136f0efc00
2019-08-29 08:46:02,807 [pool-47-thread-1] INFO  impl.RaftServerImpl (RaftServerImpl.java:<init>(93)) - e5fd3c67-4f38-41ed-8073-51136f0efc00: new RaftServerImpl for group-2A4272E51C55:[80032fdc-d78b-4a88-9434-3ce010c31b3f:192.168.5.176:43754, 4204fb3a-7736-45d2-bbed-750a692783ae:192.168.5.176:46077, e5fd3c67-4f38-41ed-8073-51136f0efc00:192.168.5.176:38915] with ContainerStateMachine:uninitialized
2019-08-29 08:46:02,807 [pool-47-thread-1] INFO  server.RaftServerConfigKeys (ConfUtils.java:logGet(43)) - raft.server.rpc.timeout.min = 5s (custom)
2019-08-29 08:46:02,807 [pool-47-thread-1] INFO  server.RaftServerConfigKeys (ConfUtils.java:logGet(43)) - raft.server.rpc.timeout.max = 5200ms (custom)
2019-08-29 08:46:02,807 [pool-47-thread-1] INFO  server.RaftServerConfigKeys (ConfUtils.java:logGet(43)) - raft.server.rpcslowness.timeout = 120s (custom)
2019-08-29 08:46:02,807 [pool-47-thread-1] INFO  server.RaftServerConfigKeys (ConfUtils.java:logGet(43)) - raft.server.sleep.deviation.threshold = 300 (default)
2019-08-29 08:46:02,808 [pool-47-thread-1] INFO  server.RaftServerConfigKeys (ConfUtils.java:logGet(43)) - raft.server.log.appender.install.snapshot.enabled = false (custom)
2019-08-29 08:46:02,808 [pool-47-thread-1] INFO  impl.RaftServerImpl (ServerState.java:<init>(105)) - e5fd3c67-4f38-41ed-8073-51136f0efc00:group-2A4272E51C55 ConfigurationManager, init=-1: [80032fdc-d78b-4a88-9434-3ce010c31b3f:192.168.5.176:43754, 4204fb3a-7736-45d2-bbed-750a692783ae:192.168.5.176:46077, e5fd3c67-4f38-41ed-8073-51136f0efc00:192.168.5.176:38915], old=null, confs=<EMPTY_MAP>
2019-08-29 08:46:02,808 [pool-47-thread-1] INFO  server.RaftServerConfigKeys (ConfUtils.java:logGet(43)) - raft.server.storage.dir = [/workdir/hadoop-ozone/integration-test/target/test-dir/MiniOzoneClusterImpl-f455d224-3bfd-4c12-ad75-0d332897f7fa/datanode-2/data/ratis] (custom)
2019-08-29 08:46:02,808 [pool-47-thread-1] INFO  storage.RaftStorageDirectory (RaftStorageDirectory.java:analyzeStorage(246)) - The storage directory /workdir/hadoop-ozone/integration-test/target/test-dir/MiniOzoneClusterImpl-f455d224-3bfd-4c12-ad75-0d332897f7fa/datanode-2/data/ratis/4490d09a-5e2b-4bac-b0e7-2a4272e51c55 does not exist. Creating ...
2019-08-29 08:46:03,125 | INFO  | SCMAudit | user=jenkins1000 | ip=192.168.5.176 | op=SEND_HEARTBEAT {datanodeUUID=3bbb20a1-a78a-49aa-a207-aa74965bf29c, command=[]} | ret=SUCCESS |  
2019-08-29 08:46:03,126 | INFO  | SCMAudit | user=jenkins1000 | ip=192.168.5.176 | op=SEND_HEARTBEAT {datanodeUUID=08d23bb8-f649-4ebd-a9a9-bbfd5b766034, command=[]} | ret=SUCCESS |  
2019-08-29 08:46:03,131 | INFO  | SCMAudit | user=jenkins1000 | ip=192.168.5.176 | op=SEND_HEARTBEAT {datanodeUUID=80032fdc-d78b-4a88-9434-3ce010c31b3f, command=[]} | ret=SUCCESS |  
2019-08-29 08:46:03,218 | INFO  | SCMAudit | user=jenkins1000 | ip=192.168.5.176 | op=SEND_HEARTBEAT {datanodeUUID=90f684eb-7c4f-41ac-bd9b-a2bcab6fa083, command=[]} | ret=SUCCESS |  
2019-08-29 08:46:03,444 | INFO  | SCMAudit | user=jenkins1000 | ip=192.168.5.176 | op=SEND_HEARTBEAT {datanodeUUID=73bbc9c5-70f7-4fc8-a304-e36fb1a7c836, command=[]} | ret=SUCCESS |  
2019-08-29 08:46:03,521 [pool-77-thread-1] INFO  storage.RaftStorage (RaftStorage.java:format(72)) - Storage directory /workdir/hadoop-ozone/integration-test/target/test-dir/MiniOzoneClusterImpl-f455d224-3bfd-4c12-ad75-0d332897f7fa/datanode-5/data/ratis/4490d09a-5e2b-4bac-b0e7-2a4272e51c55 has been successfully formatted.
2019-08-29 08:46:03,524 [pool-77-thread-1] INFO  ratis.ContainerStateMachine (ContainerStateMachine.java:loadSnapshot(227)) - group-2A4272E51C55: The snapshot info is null. Setting the last applied indexto:(t:0, i:~)
2019-08-29 08:46:03,524 [pool-77-thread-1] INFO  server.RaftServerConfigKeys (ConfUtils.java:logGet(43)) - raft.server.leader.election.timeout = 120s (custom)
2019-08-29 08:46:03,525 [pool-77-thread-1] INFO  server.RaftServerConfigKeys (ConfUtils.java:logGet(43)) - raft.server.log.use.memory = false (default)
2019-08-29 08:46:03,525 [pool-77-thread-1] INFO  server.RaftServerConfigKeys (ConfUtils.java:logGet(43)) - raft.server.log.purge.gap = 1000000 (custom)
2019-08-29 08:46:03,525 [pool-77-thread-1] INFO  server.RaftServerConfigKeys (ConfUtils.java:logGet(43)) - raft.server.log.appender.buffer.byte-limit = 33554432 (custom)
2019-08-29 08:46:03,525 [pool-77-thread-1] INFO  server.RaftServerConfigKeys (ConfUtils.java:logGet(43)) - raft.server.log.segment.size.max = 1048576 (custom)
2019-08-29 08:46:03,525 [pool-77-thread-1] INFO  server.RaftServerConfigKeys (ConfUtils.java:logGet(43)) - raft.server.log.segment.cache.num.max = 2 (custom)
2019-08-29 08:46:03,525 [pool-77-thread-1] INFO  segmented.SegmentedRaftLogWorker (SegmentedRaftLogWorker.java:<init>(172)) - new 80032fdc-d78b-4a88-9434-3ce010c31b3f-SegmentedRaftLogWorker:Storage Directory /workdir/hadoop-ozone/integration-test/target/test-dir/MiniOzoneClusterImpl-f455d224-3bfd-4c12-ad75-0d332897f7fa/datanode-5/data/ratis/4490d09a-5e2b-4bac-b0e7-2a4272e51c55 for RaftStorage:Storage Directory /workdir/hadoop-ozone/integration-test/target/test-dir/MiniOzoneClusterImpl-f455d224-3bfd-4c12-ad75-0d332897f7fa/datanode-5/data/ratis/4490d09a-5e2b-4bac-b0e7-2a4272e51c55
2019-08-29 08:46:03,525 [pool-77-thread-1] INFO  server.RaftServerConfigKeys (ConfUtils.java:logGet(43)) - raft.server.log.queue.byte-limit = 2147483647 (custom)
2019-08-29 08:46:03,526 [pool-77-thread-1] INFO  server.RaftServerConfigKeys (ConfUtils.java:logGet(43)) - raft.server.log.queue.element-limit = 1024 (custom)
2019-08-29 08:46:03,526 [pool-77-thread-1] INFO  server.RaftServerConfigKeys (ConfUtils.java:logGet(43)) - raft.server.log.segment.size.max = 1048576 (custom)
2019-08-29 08:46:03,526 [pool-77-thread-1] INFO  server.RaftServerConfigKeys (ConfUtils.java:logGet(43)) - raft.server.log.preallocated.size = 16384 (custom)
2019-08-29 08:46:03,526 [pool-77-thread-1] INFO  server.RaftServerConfigKeys (ConfUtils.java:logGet(43)) - raft.server.log.write.buffer.size = 33554432 (custom)
2019-08-29 08:46:03,526 [pool-77-thread-1] INFO  server.RaftServerConfigKeys (ConfUtils.java:logGet(43)) - raft.server.log.force.sync.num = 128 (default)
2019-08-29 08:46:03,526 [pool-77-thread-1] INFO  server.RaftServerConfigKeys (ConfUtils.java:logGet(43)) - raft.server.log.statemachine.data.sync = true (default)
2019-08-29 08:46:03,526 [pool-77-thread-1] INFO  server.RaftServerConfigKeys (ConfUtils.java:logGet(43)) - raft.server.log.statemachine.data.sync.timeout = 10s (default)
2019-08-29 08:46:03,527 [pool-77-thread-1] INFO  server.RaftServerConfigKeys (ConfUtils.java:logGet(43)) - raft.server.log.statemachine.data.sync.timeout.retry = -1 (default)
2019-08-29 08:46:03,527 [pool-77-thread-1] INFO  server.RaftServerConfigKeys (ConfUtils.java:logGet(43)) - raft.server.log.statemachine.data.caching.enabled = true (custom)
2019-08-29 08:46:03,527 [pool-77-thread-1] INFO  segmented.SegmentedRaftLogWorker (SegmentedRaftLogWorker.java:lambda$new$0(132)) - 80032fdc-d78b-4a88-9434-3ce010c31b3f-SegmentedRaftLogWorker:Storage Directory /workdir/hadoop-ozone/integration-test/target/test-dir/MiniOzoneClusterImpl-f455d224-3bfd-4c12-ad75-0d332897f7fa/datanode-5/data/ratis/4490d09a-5e2b-4bac-b0e7-2a4272e51c55: flushIndex: setUnconditionally 0 -> -1
2019-08-29 08:46:03,527 [pool-77-thread-1] INFO  server.RaftServerConfigKeys (ConfUtils.java:logGet(43)) - raft.server.snapshot.auto.trigger.enabled = true (custom)
2019-08-29 08:46:03,528 [pool-77-thread-1] INFO  server.RaftServerConfigKeys (ConfUtils.java:logGet(43)) - raft.server.snapshot.auto.trigger.threshold = 10000 (custom)
2019-08-29 08:46:03,528 [pool-77-thread-1] INFO  server.RaftServerConfigKeys (ConfUtils.java:logGet(43)) - raft.server.retrycache.expirytime = 600000ms (custom)
2019-08-29 08:46:03,528 [pool-77-thread-1] INFO  impl.RaftServerImpl (RaftServerImpl.java:start(180)) - 80032fdc-d78b-4a88-9434-3ce010c31b3f: start group-199DD1B2645C
2019-08-29 08:46:03,528 [pool-77-thread-1] INFO  impl.RaftServerImpl (RaftServerImpl.java:setRole(171)) - 80032fdc-d78b-4a88-9434-3ce010c31b3f:group-199DD1B2645C changes role from null to FOLLOWER at term 0 for startAsFollower
2019-08-29 08:46:03,528 [pool-77-thread-1] INFO  impl.RoleInfo (RoleInfo.java:updateAndGet(143)) - 80032fdc-d78b-4a88-9434-3ce010c31b3f: start FollowerState
2019-08-29 08:46:03,529 [pool-77-thread-1] INFO  util.JmxRegister (JmxRegister.java:tryRegister(44)) - Successfully registered JMX Bean with object name Ratis:service=RaftServer,group=group-199DD1B2645C,id=80032fdc-d78b-4a88-9434-3ce010c31b3f
2019-08-29 08:46:03,531 | INFO  | SCMAudit | user=jenkins1000 | ip=192.168.5.176 | op=SEND_HEARTBEAT {datanodeUUID=4204fb3a-7736-45d2-bbed-750a692783ae, command=[]} | ret=SUCCESS |  
2019-08-29 08:46:03,532 [pool-77-thread-1] INFO  impl.RaftServerImpl (RaftServerImpl.java:<init>(93)) - 80032fdc-d78b-4a88-9434-3ce010c31b3f: new RaftServerImpl for group-93837B01E243:[80032fdc-d78b-4a88-9434-3ce010c31b3f:192.168.5.176:43754, 4204fb3a-7736-45d2-bbed-750a692783ae:192.168.5.176:46077, e5fd3c67-4f38-41ed-8073-51136f0efc00:192.168.5.176:38915] with ContainerStateMachine:uninitialized
2019-08-29 08:46:03,532 [pool-77-thread-1] INFO  server.RaftServerConfigKeys (ConfUtils.java:logGet(43)) - raft.server.rpc.timeout.min = 5s (custom)
2019-08-29 08:46:03,532 [pool-77-thread-1] INFO  server.RaftServerConfigKeys (ConfUtils.java:logGet(43)) - raft.server.rpc.timeout.max = 5200ms (custom)
2019-08-29 08:46:03,532 [pool-77-thread-1] INFO  server.RaftServerConfigKeys (ConfUtils.java:logGet(43)) - raft.server.rpcslowness.timeout = 120s (custom)
2019-08-29 08:46:03,532 [pool-77-thread-1] INFO  server.RaftServerConfigKeys (ConfUtils.java:logGet(43)) - raft.server.sleep.deviation.threshold = 300 (default)
2019-08-29 08:46:03,532 [pool-77-thread-1] INFO  server.RaftServerConfigKeys (ConfUtils.java:logGet(43)) - raft.server.log.appender.install.snapshot.enabled = false (custom)
2019-08-29 08:46:03,532 [pool-77-thread-1] INFO  impl.RaftServerImpl (ServerState.java:<init>(105)) - 80032fdc-d78b-4a88-9434-3ce010c31b3f:group-93837B01E243 ConfigurationManager, init=-1: [80032fdc-d78b-4a88-9434-3ce010c31b3f:192.168.5.176:43754, 4204fb3a-7736-45d2-bbed-750a692783ae:192.168.5.176:46077, e5fd3c67-4f38-41ed-8073-51136f0efc00:192.168.5.176:38915], old=null, confs=<EMPTY_MAP>
2019-08-29 08:46:03,533 [pool-77-thread-1] INFO  server.RaftServerConfigKeys (ConfUtils.java:logGet(43)) - raft.server.storage.dir = [/workdir/hadoop-ozone/integration-test/target/test-dir/MiniOzoneClusterImpl-f455d224-3bfd-4c12-ad75-0d332897f7fa/datanode-5/data/ratis] (custom)
2019-08-29 08:46:03,533 [pool-77-thread-1] INFO  storage.RaftStorageDirectory (RaftStorageDirectory.java:analyzeStorage(246)) - The storage directory /workdir/hadoop-ozone/integration-test/target/test-dir/MiniOzoneClusterImpl-f455d224-3bfd-4c12-ad75-0d332897f7fa/datanode-5/data/ratis/43c229d4-dfa9-46fa-8586-93837b01e243 does not exist. Creating ...
2019-08-29 08:46:03,615 | INFO  | SCMAudit | user=jenkins1000 | ip=192.168.5.176 | op=SEND_HEARTBEAT {datanodeUUID=e5fd3c67-4f38-41ed-8073-51136f0efc00, command=[]} | ret=SUCCESS |  
2019-08-29 08:46:04,125 | INFO  | SCMAudit | user=jenkins1000 | ip=192.168.5.176 | op=SEND_HEARTBEAT {datanodeUUID=3bbb20a1-a78a-49aa-a207-aa74965bf29c, command=[]} | ret=SUCCESS |  
2019-08-29 08:46:04,126 | INFO  | SCMAudit | user=jenkins1000 | ip=192.168.5.176 | op=SEND_HEARTBEAT {datanodeUUID=08d23bb8-f649-4ebd-a9a9-bbfd5b766034, command=[]} | ret=SUCCESS |  
2019-08-29 08:46:04,131 | INFO  | SCMAudit | user=jenkins1000 | ip=192.168.5.176 | op=SEND_HEARTBEAT {datanodeUUID=80032fdc-d78b-4a88-9434-3ce010c31b3f, command=[]} | ret=SUCCESS |  
2019-08-29 08:46:04,208 [pool-47-thread-1] INFO  storage.RaftStorageDirectory (RaftStorageDirectory.java:tryLock(328)) - Lock on /workdir/hadoop-ozone/integration-test/target/test-dir/MiniOzoneClusterImpl-f455d224-3bfd-4c12-ad75-0d332897f7fa/datanode-2/data/ratis/4490d09a-5e2b-4bac-b0e7-2a4272e51c55/in_use.lock acquired by nodename 29754@pr-hdds-1909-44d2n-1519487446
2019-08-29 08:46:04,210 [pool-37-thread-1] INFO  storage.RaftStorage (RaftStorage.java:format(72)) - Storage directory /workdir/hadoop-ozone/integration-test/target/test-dir/MiniOzoneClusterImpl-f455d224-3bfd-4c12-ad75-0d332897f7fa/datanode-1/data/ratis/4490d09a-5e2b-4bac-b0e7-2a4272e51c55 has been successfully formatted.
2019-08-29 08:46:04,211 [pool-37-thread-1] INFO  ratis.ContainerStateMachine (ContainerStateMachine.java:loadSnapshot(227)) - group-2A4272E51C55: The snapshot info is null. Setting the last applied indexto:(t:0, i:~)
2019-08-29 08:46:04,211 [pool-37-thread-1] INFO  server.RaftServerConfigKeys (ConfUtils.java:logGet(43)) - raft.server.leader.election.timeout = 120s (custom)
2019-08-29 08:46:04,211 [pool-37-thread-1] INFO  server.RaftServerConfigKeys (ConfUtils.java:logGet(43)) - raft.server.log.use.memory = false (default)
2019-08-29 08:46:04,211 [pool-37-thread-1] INFO  server.RaftServerConfigKeys (ConfUtils.java:logGet(43)) - raft.server.log.purge.gap = 1000000 (custom)
2019-08-29 08:46:04,212 [pool-37-thread-1] INFO  server.RaftServerConfigKeys (ConfUtils.java:logGet(43)) - raft.server.log.appender.buffer.byte-limit = 33554432 (custom)
2019-08-29 08:46:04,212 [pool-37-thread-1] INFO  server.RaftServerConfigKeys (ConfUtils.java:logGet(43)) - raft.server.log.segment.size.max = 1048576 (custom)
2019-08-29 08:46:04,212 [pool-37-thread-1] INFO  server.RaftServerConfigKeys (ConfUtils.java:logGet(43)) - raft.server.log.segment.cache.num.max = 2 (custom)
2019-08-29 08:46:04,212 [pool-37-thread-1] INFO  segmented.SegmentedRaftLogWorker (SegmentedRaftLogWorker.java:<init>(172)) - new 4204fb3a-7736-45d2-bbed-750a692783ae-SegmentedRaftLogWorker:Storage Directory /workdir/hadoop-ozone/integration-test/target/test-dir/MiniOzoneClusterImpl-f455d224-3bfd-4c12-ad75-0d332897f7fa/datanode-1/data/ratis/4490d09a-5e2b-4bac-b0e7-2a4272e51c55 for RaftStorage:Storage Directory /workdir/hadoop-ozone/integration-test/target/test-dir/MiniOzoneClusterImpl-f455d224-3bfd-4c12-ad75-0d332897f7fa/datanode-1/data/ratis/4490d09a-5e2b-4bac-b0e7-2a4272e51c55
2019-08-29 08:46:04,212 [pool-37-thread-1] INFO  server.RaftServerConfigKeys (ConfUtils.java:logGet(43)) - raft.server.log.queue.byte-limit = 2147483647 (custom)
2019-08-29 08:46:04,212 [pool-37-thread-1] INFO  server.RaftServerConfigKeys (ConfUtils.java:logGet(43)) - raft.server.log.queue.element-limit = 1024 (custom)
2019-08-29 08:46:04,212 [pool-37-thread-1] INFO  server.RaftServerConfigKeys (ConfUtils.java:logGet(43)) - raft.server.log.segment.size.max = 1048576 (custom)
2019-08-29 08:46:04,213 [pool-37-thread-1] INFO  server.RaftServerConfigKeys (ConfUtils.java:logGet(43)) - raft.server.log.preallocated.size = 16384 (custom)
2019-08-29 08:46:04,213 [pool-37-thread-1] INFO  server.RaftServerConfigKeys (ConfUtils.java:logGet(43)) - raft.server.log.write.buffer.size = 33554432 (custom)
2019-08-29 08:46:04,213 [pool-37-thread-1] INFO  server.RaftServerConfigKeys (ConfUtils.java:logGet(43)) - raft.server.log.force.sync.num = 128 (default)
2019-08-29 08:46:04,213 [pool-37-thread-1] INFO  server.RaftServerConfigKeys (ConfUtils.java:logGet(43)) - raft.server.log.statemachine.data.sync = true (default)
2019-08-29 08:46:04,213 [pool-37-thread-1] INFO  server.RaftServerConfigKeys (ConfUtils.java:logGet(43)) - raft.server.log.statemachine.data.sync.timeout = 10s (default)
2019-08-29 08:46:04,213 [pool-37-thread-1] INFO  server.RaftServerConfigKeys (ConfUtils.java:logGet(43)) - raft.server.log.statemachine.data.sync.timeout.retry = -1 (default)
2019-08-29 08:46:04,213 [pool-37-thread-1] INFO  server.RaftServerConfigKeys (ConfUtils.java:logGet(43)) - raft.server.log.statemachine.data.caching.enabled = true (custom)
2019-08-29 08:46:04,214 [pool-37-thread-1] INFO  segmented.SegmentedRaftLogWorker (SegmentedRaftLogWorker.java:lambda$new$0(132)) - 4204fb3a-7736-45d2-bbed-750a692783ae-SegmentedRaftLogWorker:Storage Directory /workdir/hadoop-ozone/integration-test/target/test-dir/MiniOzoneClusterImpl-f455d224-3bfd-4c12-ad75-0d332897f7fa/datanode-1/data/ratis/4490d09a-5e2b-4bac-b0e7-2a4272e51c55: flushIndex: setUnconditionally 0 -> -1
2019-08-29 08:46:04,214 [pool-37-thread-1] INFO  server.RaftServerConfigKeys (ConfUtils.java:logGet(43)) - raft.server.snapshot.auto.trigger.enabled = true (custom)
2019-08-29 08:46:04,214 [pool-37-thread-1] INFO  server.RaftServerConfigKeys (ConfUtils.java:logGet(43)) - raft.server.snapshot.auto.trigger.threshold = 10000 (custom)
2019-08-29 08:46:04,214 [pool-37-thread-1] INFO  server.RaftServerConfigKeys (ConfUtils.java:logGet(43)) - raft.server.retrycache.expirytime = 600000ms (custom)
2019-08-29 08:46:04,214 [pool-37-thread-1] INFO  impl.RaftServerImpl (RaftServerImpl.java:start(180)) - 4204fb3a-7736-45d2-bbed-750a692783ae: start group-199DD1B2645C
2019-08-29 08:46:04,215 [pool-37-thread-1] INFO  impl.RaftServerImpl (RaftServerImpl.java:setRole(171)) - 4204fb3a-7736-45d2-bbed-750a692783ae:group-199DD1B2645C changes role from null to FOLLOWER at term 0 for startAsFollower
2019-08-29 08:46:04,215 [pool-37-thread-1] INFO  impl.RoleInfo (RoleInfo.java:updateAndGet(143)) - 4204fb3a-7736-45d2-bbed-750a692783ae: start FollowerState
2019-08-29 08:46:04,215 [pool-37-thread-1] INFO  util.JmxRegister (JmxRegister.java:tryRegister(44)) - Successfully registered JMX Bean with object name Ratis:service=RaftServer,group=group-199DD1B2645C,id=4204fb3a-7736-45d2-bbed-750a692783ae
2019-08-29 08:46:04,217 [pool-37-thread-1] INFO  impl.RaftServerImpl (RaftServerImpl.java:<init>(93)) - 4204fb3a-7736-45d2-bbed-750a692783ae: new RaftServerImpl for group-93837B01E243:[80032fdc-d78b-4a88-9434-3ce010c31b3f:192.168.5.176:43754, 4204fb3a-7736-45d2-bbed-750a692783ae:192.168.5.176:46077, e5fd3c67-4f38-41ed-8073-51136f0efc00:192.168.5.176:38915] with ContainerStateMachine:uninitialized
2019-08-29 08:46:04,217 [pool-37-thread-1] INFO  server.RaftServerConfigKeys (ConfUtils.java:logGet(43)) - raft.server.rpc.timeout.min = 5s (custom)
2019-08-29 08:46:04,217 [pool-37-thread-1] INFO  server.RaftServerConfigKeys (ConfUtils.java:logGet(43)) - raft.server.rpc.timeout.max = 5200ms (custom)
2019-08-29 08:46:04,217 [pool-37-thread-1] INFO  server.RaftServerConfigKeys (ConfUtils.java:logGet(43)) - raft.server.rpcslowness.timeout = 120s (custom)
2019-08-29 08:46:04,217 [pool-37-thread-1] INFO  server.RaftServerConfigKeys (ConfUtils.java:logGet(43)) - raft.server.sleep.deviation.threshold = 300 (default)
2019-08-29 08:46:04,217 [pool-37-thread-1] INFO  server.RaftServerConfigKeys (ConfUtils.java:logGet(43)) - raft.server.log.appender.install.snapshot.enabled = false (custom)
2019-08-29 08:46:04,218 [pool-37-thread-1] INFO  impl.RaftServerImpl (ServerState.java:<init>(105)) - 4204fb3a-7736-45d2-bbed-750a692783ae:group-93837B01E243 ConfigurationManager, init=-1: [80032fdc-d78b-4a88-9434-3ce010c31b3f:192.168.5.176:43754, 4204fb3a-7736-45d2-bbed-750a692783ae:192.168.5.176:46077, e5fd3c67-4f38-41ed-8073-51136f0efc00:192.168.5.176:38915], old=null, confs=<EMPTY_MAP>
2019-08-29 08:46:04,218 [pool-37-thread-1] INFO  server.RaftServerConfigKeys (ConfUtils.java:logGet(43)) - raft.server.storage.dir = [/workdir/hadoop-ozone/integration-test/target/test-dir/MiniOzoneClusterImpl-f455d224-3bfd-4c12-ad75-0d332897f7fa/datanode-1/data/ratis] (custom)
2019-08-29 08:46:04,218 [pool-37-thread-1] INFO  storage.RaftStorageDirectory (RaftStorageDirectory.java:analyzeStorage(246)) - The storage directory /workdir/hadoop-ozone/integration-test/target/test-dir/MiniOzoneClusterImpl-f455d224-3bfd-4c12-ad75-0d332897f7fa/datanode-1/data/ratis/43c229d4-dfa9-46fa-8586-93837b01e243 does not exist. Creating ...
2019-08-29 08:46:04,218 | INFO  | SCMAudit | user=jenkins1000 | ip=192.168.5.176 | op=SEND_HEARTBEAT {datanodeUUID=90f684eb-7c4f-41ac-bd9b-a2bcab6fa083, command=[]} | ret=SUCCESS |  
2019-08-29 08:46:04,445 | INFO  | SCMAudit | user=jenkins1000 | ip=192.168.5.176 | op=SEND_HEARTBEAT {datanodeUUID=73bbc9c5-70f7-4fc8-a304-e36fb1a7c836, command=[]} | ret=SUCCESS |  
2019-08-29 08:46:04,531 | INFO  | SCMAudit | user=jenkins1000 | ip=192.168.5.176 | op=SEND_HEARTBEAT {datanodeUUID=4204fb3a-7736-45d2-bbed-750a692783ae, command=[]} | ret=SUCCESS |  
2019-08-29 08:46:04,615 | INFO  | SCMAudit | user=jenkins1000 | ip=192.168.5.176 | op=SEND_HEARTBEAT {datanodeUUID=e5fd3c67-4f38-41ed-8073-51136f0efc00, command=[]} | ret=SUCCESS |  
2019-08-29 08:46:04,849 [pool-77-thread-1] INFO  storage.RaftStorageDirectory (RaftStorageDirectory.java:tryLock(328)) - Lock on /workdir/hadoop-ozone/integration-test/target/test-dir/MiniOzoneClusterImpl-f455d224-3bfd-4c12-ad75-0d332897f7fa/datanode-5/data/ratis/43c229d4-dfa9-46fa-8586-93837b01e243/in_use.lock acquired by nodename 29754@pr-hdds-1909-44d2n-1519487446
2019-08-29 08:46:05,125 | INFO  | SCMAudit | user=jenkins1000 | ip=192.168.5.176 | op=SEND_HEARTBEAT {datanodeUUID=3bbb20a1-a78a-49aa-a207-aa74965bf29c, command=[]} | ret=SUCCESS |  
2019-08-29 08:46:05,126 | INFO  | SCMAudit | user=jenkins1000 | ip=192.168.5.176 | op=SEND_HEARTBEAT {datanodeUUID=08d23bb8-f649-4ebd-a9a9-bbfd5b766034, command=[]} | ret=SUCCESS |  
2019-08-29 08:46:05,132 | INFO  | SCMAudit | user=jenkins1000 | ip=192.168.5.176 | op=SEND_HEARTBEAT {datanodeUUID=80032fdc-d78b-4a88-9434-3ce010c31b3f, command=[]} | ret=SUCCESS |  
2019-08-29 08:46:05,219 | INFO  | SCMAudit | user=jenkins1000 | ip=192.168.5.176 | op=SEND_HEARTBEAT {datanodeUUID=90f684eb-7c4f-41ac-bd9b-a2bcab6fa083, command=[]} | ret=SUCCESS |  
2019-08-29 08:46:05,362 [RATISCREATEPIPELINE3] ERROR pipeline.RatisPipelineProvider (RatisPipelineProvider.java:lambda$null$5(235)) - Failed invoke Ratis rpc org.apache.hadoop.hdds.scm.pipeline.RatisPipelineProvider$$Lambda$187/1505492594@1905ac5f for 80032fdc-d78b-4a88-9434-3ce010c31b3f
org.apache.ratis.protocol.TimeoutIOException: deadline exceeded after 2999679875ns
	at org.apache.ratis.grpc.GrpcUtil.tryUnwrapException(GrpcUtil.java:82)
	at org.apache.ratis.grpc.GrpcUtil.unwrapException(GrpcUtil.java:75)
	at org.apache.ratis.grpc.client.GrpcClientProtocolClient.blockingCall(GrpcClientProtocolClient.java:169)
	at org.apache.ratis.grpc.client.GrpcClientProtocolClient.groupAdd(GrpcClientProtocolClient.java:138)
	at org.apache.ratis.grpc.client.GrpcClientRpc.sendRequest(GrpcClientRpc.java:94)
	at org.apache.ratis.client.impl.RaftClientImpl.sendRequest(RaftClientImpl.java:279)
	at org.apache.ratis.client.impl.RaftClientImpl.groupAdd(RaftClientImpl.java:206)
	at org.apache.hadoop.hdds.scm.pipeline.RatisPipelineProvider.lambda$initializePipeline$4(RatisPipelineProvider.java:194)
	at org.apache.hadoop.hdds.scm.pipeline.RatisPipelineProvider.lambda$null$5(RatisPipelineProvider.java:231)
	at java.util.stream.ForEachOps$ForEachOp$OfRef.accept(ForEachOps.java:184)
	at java.util.ArrayList$ArrayListSpliterator.forEachRemaining(ArrayList.java:1382)
	at java.util.stream.AbstractPipeline.copyInto(AbstractPipeline.java:482)
	at java.util.stream.ForEachOps$ForEachTask.compute(ForEachOps.java:291)
	at java.util.concurrent.CountedCompleter.exec(CountedCompleter.java:731)
	at java.util.concurrent.ForkJoinTask.doExec(ForkJoinTask.java:289)
	at java.util.concurrent.ForkJoinPool$WorkQueue.runTask(ForkJoinPool.java:1056)
	at java.util.concurrent.ForkJoinPool.runWorker(ForkJoinPool.java:1692)
	at java.util.concurrent.ForkJoinWorkerThread.run(ForkJoinWorkerThread.java:157)
Caused by: org.apache.ratis.thirdparty.io.grpc.StatusRuntimeException: DEADLINE_EXCEEDED: deadline exceeded after 2999679875ns
	at org.apache.ratis.thirdparty.io.grpc.stub.ClientCalls.toStatusRuntimeException(ClientCalls.java:233)
	at org.apache.ratis.thirdparty.io.grpc.stub.ClientCalls.getUnchecked(ClientCalls.java:214)
	at org.apache.ratis.thirdparty.io.grpc.stub.ClientCalls.blockingUnaryCall(ClientCalls.java:139)
	at org.apache.ratis.proto.grpc.AdminProtocolServiceGrpc$AdminProtocolServiceBlockingStub.groupManagement(AdminProtocolServiceGrpc.java:274)
	at org.apache.ratis.grpc.client.GrpcClientProtocolClient.lambda$groupAdd$3(GrpcClientProtocolClient.java:140)
	at org.apache.ratis.grpc.client.GrpcClientProtocolClient.blockingCall(GrpcClientProtocolClient.java:167)
	... 15 more
2019-08-29 08:46:05,362 [RATISCREATEPIPELINE2] ERROR pipeline.RatisPipelineProvider (RatisPipelineProvider.java:lambda$null$5(235)) - Failed invoke Ratis rpc org.apache.hadoop.hdds.scm.pipeline.RatisPipelineProvider$$Lambda$187/1505492594@1905ac5f for e5fd3c67-4f38-41ed-8073-51136f0efc00
org.apache.ratis.protocol.TimeoutIOException: deadline exceeded after 2999697736ns
	at org.apache.ratis.grpc.GrpcUtil.tryUnwrapException(GrpcUtil.java:82)
	at org.apache.ratis.grpc.GrpcUtil.unwrapException(GrpcUtil.java:75)
	at org.apache.ratis.grpc.client.GrpcClientProtocolClient.blockingCall(GrpcClientProtocolClient.java:169)
	at org.apache.ratis.grpc.client.GrpcClientProtocolClient.groupAdd(GrpcClientProtocolClient.java:138)
	at org.apache.ratis.grpc.client.GrpcClientRpc.sendRequest(GrpcClientRpc.java:94)
	at org.apache.ratis.client.impl.RaftClientImpl.sendRequest(RaftClientImpl.java:279)
	at org.apache.ratis.client.impl.RaftClientImpl.groupAdd(RaftClientImpl.java:206)
	at org.apache.hadoop.hdds.scm.pipeline.RatisPipelineProvider.lambda$initializePipeline$4(RatisPipelineProvider.java:194)
	at org.apache.hadoop.hdds.scm.pipeline.RatisPipelineProvider.lambda$null$5(RatisPipelineProvider.java:231)
	at java.util.stream.ForEachOps$ForEachOp$OfRef.accept(ForEachOps.java:184)
	at java.util.ArrayList$ArrayListSpliterator.forEachRemaining(ArrayList.java:1382)
	at java.util.stream.AbstractPipeline.copyInto(AbstractPipeline.java:482)
	at java.util.stream.ForEachOps$ForEachTask.compute(ForEachOps.java:291)
	at java.util.concurrent.CountedCompleter.exec(CountedCompleter.java:731)
	at java.util.concurrent.ForkJoinTask.doExec(ForkJoinTask.java:289)
	at java.util.concurrent.ForkJoinPool$WorkQueue.runTask(ForkJoinPool.java:1056)
	at java.util.concurrent.ForkJoinPool.runWorker(ForkJoinPool.java:1692)
	at java.util.concurrent.ForkJoinWorkerThread.run(ForkJoinWorkerThread.java:157)
Caused by: org.apache.ratis.thirdparty.io.grpc.StatusRuntimeException: DEADLINE_EXCEEDED: deadline exceeded after 2999697736ns
	at org.apache.ratis.thirdparty.io.grpc.stub.ClientCalls.toStatusRuntimeException(ClientCalls.java:233)
	at org.apache.ratis.thirdparty.io.grpc.stub.ClientCalls.getUnchecked(ClientCalls.java:214)
	at org.apache.ratis.thirdparty.io.grpc.stub.ClientCalls.blockingUnaryCall(ClientCalls.java:139)
	at org.apache.ratis.proto.grpc.AdminProtocolServiceGrpc$AdminProtocolServiceBlockingStub.groupManagement(AdminProtocolServiceGrpc.java:274)
	at org.apache.ratis.grpc.client.GrpcClientProtocolClient.lambda$groupAdd$3(GrpcClientProtocolClient.java:140)
	at org.apache.ratis.grpc.client.GrpcClientProtocolClient.blockingCall(GrpcClientProtocolClient.java:167)
	... 15 more
2019-08-29 08:46:05,364 [RATISCREATEPIPELINE1] ERROR pipeline.RatisPipelineProvider (RatisPipelineProvider.java:lambda$null$5(235)) - Failed invoke Ratis rpc org.apache.hadoop.hdds.scm.pipeline.RatisPipelineProvider$$Lambda$187/1505492594@1905ac5f for 4204fb3a-7736-45d2-bbed-750a692783ae
org.apache.ratis.protocol.TimeoutIOException: deadline exceeded after 2999697741ns
	at org.apache.ratis.grpc.GrpcUtil.tryUnwrapException(GrpcUtil.java:82)
	at org.apache.ratis.grpc.GrpcUtil.unwrapException(GrpcUtil.java:75)
	at org.apache.ratis.grpc.client.GrpcClientProtocolClient.blockingCall(GrpcClientProtocolClient.java:169)
	at org.apache.ratis.grpc.client.GrpcClientProtocolClient.groupAdd(GrpcClientProtocolClient.java:138)
	at org.apache.ratis.grpc.client.GrpcClientRpc.sendRequest(GrpcClientRpc.java:94)
	at org.apache.ratis.client.impl.RaftClientImpl.sendRequest(RaftClientImpl.java:279)
	at org.apache.ratis.client.impl.RaftClientImpl.groupAdd(RaftClientImpl.java:206)
	at org.apache.hadoop.hdds.scm.pipeline.RatisPipelineProvider.lambda$initializePipeline$4(RatisPipelineProvider.java:194)
	at org.apache.hadoop.hdds.scm.pipeline.RatisPipelineProvider.lambda$null$5(RatisPipelineProvider.java:231)
	at java.util.stream.ForEachOps$ForEachOp$OfRef.accept(ForEachOps.java:184)
	at java.util.ArrayList$ArrayListSpliterator.forEachRemaining(ArrayList.java:1382)
	at java.util.stream.AbstractPipeline.copyInto(AbstractPipeline.java:482)
	at java.util.stream.ForEachOps$ForEachTask.compute(ForEachOps.java:291)
	at java.util.concurrent.CountedCompleter.exec(CountedCompleter.java:731)
	at java.util.concurrent.ForkJoinTask.doExec(ForkJoinTask.java:289)
	at java.util.concurrent.ForkJoinTask.doInvoke(ForkJoinTask.java:401)
	at java.util.concurrent.ForkJoinTask.invoke(ForkJoinTask.java:734)
	at java.util.stream.ForEachOps$ForEachOp.evaluateParallel(ForEachOps.java:160)
	at java.util.stream.ForEachOps$ForEachOp$OfRef.evaluateParallel(ForEachOps.java:174)
	at java.util.stream.AbstractPipeline.evaluate(AbstractPipeline.java:233)
	at java.util.stream.ReferencePipeline.forEach(ReferencePipeline.java:418)
	at java.util.stream.ReferencePipeline$Head.forEach(ReferencePipeline.java:583)
	at org.apache.hadoop.hdds.scm.pipeline.RatisPipelineProvider.lambda$callRatisRpc$6(RatisPipelineProvider.java:225)
	at java.util.concurrent.ForkJoinTask$AdaptedRunnableAction.exec(ForkJoinTask.java:1386)
	at java.util.concurrent.ForkJoinTask.doExec(ForkJoinTask.java:289)
	at java.util.concurrent.ForkJoinPool$WorkQueue.runTask(ForkJoinPool.java:1056)
	at java.util.concurrent.ForkJoinPool.runWorker(ForkJoinPool.java:1692)
	at java.util.concurrent.ForkJoinWorkerThread.run(ForkJoinWorkerThread.java:157)
Caused by: org.apache.ratis.thirdparty.io.grpc.StatusRuntimeException: DEADLINE_EXCEEDED: deadline exceeded after 2999697741ns
	at org.apache.ratis.thirdparty.io.grpc.stub.ClientCalls.toStatusRuntimeException(ClientCalls.java:233)
	at org.apache.ratis.thirdparty.io.grpc.stub.ClientCalls.getUnchecked(ClientCalls.java:214)
	at org.apache.ratis.thirdparty.io.grpc.stub.ClientCalls.blockingUnaryCall(ClientCalls.java:139)
	at org.apache.ratis.proto.grpc.AdminProtocolServiceGrpc$AdminProtocolServiceBlockingStub.groupManagement(AdminProtocolServiceGrpc.java:274)
	at org.apache.ratis.grpc.client.GrpcClientProtocolClient.lambda$groupAdd$3(GrpcClientProtocolClient.java:140)
	at org.apache.ratis.grpc.client.GrpcClientProtocolClient.blockingCall(GrpcClientProtocolClient.java:167)
	... 25 more
2019-08-29 08:46:05,374 [IPC Server handler 12 on 43221] WARN  block.BlockManagerImpl (BlockManagerImpl.java:allocateBlock(192)) - Pipeline creation failed for type:RATIS factor:THREE. Retrying get pipelines call once.
org.apache.hadoop.io.MultipleIOException: 3 exceptions [java.io.IOException: Failed invoke Ratis rpc org.apache.hadoop.hdds.scm.pipeline.RatisPipelineProvider$$Lambda$187/1505492594@1905ac5f for 80032fdc-d78b-4a88-9434-3ce010c31b3f, java.io.IOException: Failed invoke Ratis rpc org.apache.hadoop.hdds.scm.pipeline.RatisPipelineProvider$$Lambda$187/1505492594@1905ac5f for e5fd3c67-4f38-41ed-8073-51136f0efc00, java.io.IOException: Failed invoke Ratis rpc org.apache.hadoop.hdds.scm.pipeline.RatisPipelineProvider$$Lambda$187/1505492594@1905ac5f for 4204fb3a-7736-45d2-bbed-750a692783ae]
	at org.apache.hadoop.io.MultipleIOException.createIOException(MultipleIOException.java:53)
	at org.apache.hadoop.hdds.scm.pipeline.RatisPipelineProvider.callRatisRpc(RatisPipelineProvider.java:251)
	at org.apache.hadoop.hdds.scm.pipeline.RatisPipelineProvider.initializePipeline(RatisPipelineProvider.java:192)
	at org.apache.hadoop.hdds.scm.pipeline.RatisPipelineProvider.create(RatisPipelineProvider.java:161)
	at org.apache.hadoop.hdds.scm.pipeline.PipelineFactory.create(PipelineFactory.java:57)
	at org.apache.hadoop.hdds.scm.pipeline.SCMPipelineManager.createPipeline(SCMPipelineManager.java:149)
	at org.apache.hadoop.hdds.scm.block.BlockManagerImpl.allocateBlock(BlockManagerImpl.java:190)
	at org.apache.hadoop.hdds.scm.server.SCMBlockProtocolServer.allocateBlock(SCMBlockProtocolServer.java:175)
	at org.apache.hadoop.ozone.protocolPB.ScmBlockLocationProtocolServerSideTranslatorPB.allocateScmBlock(ScmBlockLocationProtocolServerSideTranslatorPB.java:153)
	at org.apache.hadoop.ozone.protocolPB.ScmBlockLocationProtocolServerSideTranslatorPB.send(ScmBlockLocationProtocolServerSideTranslatorPB.java:112)
	at org.apache.hadoop.hdds.protocol.proto.ScmBlockLocationProtocolProtos$ScmBlockLocationProtocolService$2.callBlockingMethod(ScmBlockLocationProtocolProtos.java:13157)
	at org.apache.hadoop.ipc.ProtobufRpcEngine$Server$ProtoBufRpcInvoker.call(ProtobufRpcEngine.java:524)
	at org.apache.hadoop.ipc.RPC$Server.call(RPC.java:1025)
	at org.apache.hadoop.ipc.Server$RpcCall.run(Server.java:876)
	at org.apache.hadoop.ipc.Server$RpcCall.run(Server.java:822)
	at java.security.AccessController.doPrivileged(Native Method)
	at javax.security.auth.Subject.doAs(Subject.java:422)
	at org.apache.hadoop.security.UserGroupInformation.doAs(UserGroupInformation.java:1730)
	at org.apache.hadoop.ipc.Server$Handler.run(Server.java:2682)
2019-08-29 08:46:05,375 [IPC Server handler 12 on 43221] INFO  block.BlockManagerImpl (BlockManagerImpl.java:allocateBlock(198)) - Could not find available pipeline of type:RATIS and factor:THREE even after retrying
2019-08-29 08:46:05,375 [IPC Server handler 12 on 43221] ERROR block.BlockManagerImpl (BlockManagerImpl.java:allocateBlock(222)) - Unable to allocate a block for the size: 4194304, type: RATIS, factor: THREE
2019-08-29 08:46:05,388 [grpc-default-executor-1] INFO  impl.RaftServerProxy (RaftServerProxy.java:addNew(89)) - 4204fb3a-7736-45d2-bbed-750a692783ae: addNew group-0D7B84AF5E6A:[80032fdc-d78b-4a88-9434-3ce010c31b3f:192.168.5.176:43754, 4204fb3a-7736-45d2-bbed-750a692783ae:192.168.5.176:46077, e5fd3c67-4f38-41ed-8073-51136f0efc00:192.168.5.176:38915] returns group-0D7B84AF5E6A:java.util.concurrent.CompletableFuture@2e1c5085[Not completed]
2019-08-29 08:46:05,388 [grpc-default-executor-4] INFO  impl.RaftServerProxy (RaftServerProxy.java:addNew(89)) - e5fd3c67-4f38-41ed-8073-51136f0efc00: addNew group-0D7B84AF5E6A:[80032fdc-d78b-4a88-9434-3ce010c31b3f:192.168.5.176:43754, 4204fb3a-7736-45d2-bbed-750a692783ae:192.168.5.176:46077, e5fd3c67-4f38-41ed-8073-51136f0efc00:192.168.5.176:38915] returns group-0D7B84AF5E6A:java.util.concurrent.CompletableFuture@1845a518[Not completed]
2019-08-29 08:46:05,388 [grpc-default-executor-3] INFO  impl.RaftServerProxy (RaftServerProxy.java:addNew(89)) - 80032fdc-d78b-4a88-9434-3ce010c31b3f: addNew group-0D7B84AF5E6A:[80032fdc-d78b-4a88-9434-3ce010c31b3f:192.168.5.176:43754, 4204fb3a-7736-45d2-bbed-750a692783ae:192.168.5.176:46077, e5fd3c67-4f38-41ed-8073-51136f0efc00:192.168.5.176:38915] returns group-0D7B84AF5E6A:java.util.concurrent.CompletableFuture@194cf1ec[Not completed]
2019-08-29 08:46:05,444 | INFO  | SCMAudit | user=jenkins1000 | ip=192.168.5.176 | op=SEND_HEARTBEAT {datanodeUUID=73bbc9c5-70f7-4fc8-a304-e36fb1a7c836, command=[]} | ret=SUCCESS |  
2019-08-29 08:46:05,531 | INFO  | SCMAudit | user=jenkins1000 | ip=192.168.5.176 | op=SEND_HEARTBEAT {datanodeUUID=4204fb3a-7736-45d2-bbed-750a692783ae, command=[]} | ret=SUCCESS |  
2019-08-29 08:46:05,616 | INFO  | SCMAudit | user=jenkins1000 | ip=192.168.5.176 | op=SEND_HEARTBEAT {datanodeUUID=e5fd3c67-4f38-41ed-8073-51136f0efc00, command=[]} | ret=SUCCESS |  
2019-08-29 08:46:06,058 [pool-37-thread-1] INFO  storage.RaftStorageDirectory (RaftStorageDirectory.java:tryLock(328)) - Lock on /workdir/hadoop-ozone/integration-test/target/test-dir/MiniOzoneClusterImpl-f455d224-3bfd-4c12-ad75-0d332897f7fa/datanode-1/data/ratis/43c229d4-dfa9-46fa-8586-93837b01e243/in_use.lock acquired by nodename 29754@pr-hdds-1909-44d2n-1519487446
2019-08-29 08:46:06,058 [pool-47-thread-1] INFO  storage.RaftStorage (RaftStorage.java:format(72)) - Storage directory /workdir/hadoop-ozone/integration-test/target/test-dir/MiniOzoneClusterImpl-f455d224-3bfd-4c12-ad75-0d332897f7fa/datanode-2/data/ratis/4490d09a-5e2b-4bac-b0e7-2a4272e51c55 has been successfully formatted.
2019-08-29 08:46:06,059 [pool-47-thread-1] INFO  ratis.ContainerStateMachine (ContainerStateMachine.java:loadSnapshot(227)) - group-2A4272E51C55: The snapshot info is null. Setting the last applied indexto:(t:0, i:~)
2019-08-29 08:46:06,059 [pool-47-thread-1] INFO  server.RaftServerConfigKeys (ConfUtils.java:logGet(43)) - raft.server.leader.election.timeout = 120s (custom)
2019-08-29 08:46:06,059 [pool-47-thread-1] INFO  server.RaftServerConfigKeys (ConfUtils.java:logGet(43)) - raft.server.log.use.memory = false (default)
2019-08-29 08:46:06,059 [pool-47-thread-1] INFO  server.RaftServerConfigKeys (ConfUtils.java:logGet(43)) - raft.server.log.purge.gap = 1000000 (custom)
2019-08-29 08:46:06,060 [pool-47-thread-1] INFO  server.RaftServerConfigKeys (ConfUtils.java:logGet(43)) - raft.server.log.appender.buffer.byte-limit = 33554432 (custom)
2019-08-29 08:46:06,060 [pool-47-thread-1] INFO  server.RaftServerConfigKeys (ConfUtils.java:logGet(43)) - raft.server.log.segment.size.max = 1048576 (custom)
2019-08-29 08:46:06,060 [pool-47-thread-1] INFO  server.RaftServerConfigKeys (ConfUtils.java:logGet(43)) - raft.server.log.segment.cache.num.max = 2 (custom)
2019-08-29 08:46:06,060 [pool-47-thread-1] INFO  segmented.SegmentedRaftLogWorker (SegmentedRaftLogWorker.java:<init>(172)) - new e5fd3c67-4f38-41ed-8073-51136f0efc00-SegmentedRaftLogWorker:Storage Directory /workdir/hadoop-ozone/integration-test/target/test-dir/MiniOzoneClusterImpl-f455d224-3bfd-4c12-ad75-0d332897f7fa/datanode-2/data/ratis/4490d09a-5e2b-4bac-b0e7-2a4272e51c55 for RaftStorage:Storage Directory /workdir/hadoop-ozone/integration-test/target/test-dir/MiniOzoneClusterImpl-f455d224-3bfd-4c12-ad75-0d332897f7fa/datanode-2/data/ratis/4490d09a-5e2b-4bac-b0e7-2a4272e51c55
2019-08-29 08:46:06,060 [pool-47-thread-1] INFO  server.RaftServerConfigKeys (ConfUtils.java:logGet(43)) - raft.server.log.queue.byte-limit = 2147483647 (custom)
2019-08-29 08:46:06,061 [pool-47-thread-1] INFO  server.RaftServerConfigKeys (ConfUtils.java:logGet(43)) - raft.server.log.queue.element-limit = 1024 (custom)
2019-08-29 08:46:06,061 [pool-47-thread-1] INFO  server.RaftServerConfigKeys (ConfUtils.java:logGet(43)) - raft.server.log.segment.size.max = 1048576 (custom)
2019-08-29 08:46:06,061 [pool-47-thread-1] INFO  server.RaftServerConfigKeys (ConfUtils.java:logGet(43)) - raft.server.log.preallocated.size = 16384 (custom)
2019-08-29 08:46:06,061 [pool-47-thread-1] INFO  server.RaftServerConfigKeys (ConfUtils.java:logGet(43)) - raft.server.log.write.buffer.size = 33554432 (custom)
2019-08-29 08:46:06,061 [pool-47-thread-1] INFO  server.RaftServerConfigKeys (ConfUtils.java:logGet(43)) - raft.server.log.force.sync.num = 128 (default)
2019-08-29 08:46:06,061 [pool-47-thread-1] INFO  server.RaftServerConfigKeys (ConfUtils.java:logGet(43)) - raft.server.log.statemachine.data.sync = true (default)
2019-08-29 08:46:06,062 [pool-47-thread-1] INFO  server.RaftServerConfigKeys (ConfUtils.java:logGet(43)) - raft.server.log.statemachine.data.sync.timeout = 10s (default)
2019-08-29 08:46:06,062 [pool-47-thread-1] INFO  server.RaftServerConfigKeys (ConfUtils.java:logGet(43)) - raft.server.log.statemachine.data.sync.timeout.retry = -1 (default)
2019-08-29 08:46:06,062 [pool-47-thread-1] INFO  server.RaftServerConfigKeys (ConfUtils.java:logGet(43)) - raft.server.log.statemachine.data.caching.enabled = true (custom)
2019-08-29 08:46:06,062 [pool-47-thread-1] INFO  segmented.SegmentedRaftLogWorker (SegmentedRaftLogWorker.java:lambda$new$0(132)) - e5fd3c67-4f38-41ed-8073-51136f0efc00-SegmentedRaftLogWorker:Storage Directory /workdir/hadoop-ozone/integration-test/target/test-dir/MiniOzoneClusterImpl-f455d224-3bfd-4c12-ad75-0d332897f7fa/datanode-2/data/ratis/4490d09a-5e2b-4bac-b0e7-2a4272e51c55: flushIndex: setUnconditionally 0 -> -1
2019-08-29 08:46:06,063 [pool-47-thread-1] INFO  server.RaftServerConfigKeys (ConfUtils.java:logGet(43)) - raft.server.snapshot.auto.trigger.enabled = true (custom)
2019-08-29 08:46:06,063 [pool-47-thread-1] INFO  server.RaftServerConfigKeys (ConfUtils.java:logGet(43)) - raft.server.snapshot.auto.trigger.threshold = 10000 (custom)
2019-08-29 08:46:06,063 [pool-47-thread-1] INFO  server.RaftServerConfigKeys (ConfUtils.java:logGet(43)) - raft.server.retrycache.expirytime = 600000ms (custom)
2019-08-29 08:46:06,065 [pool-47-thread-1] INFO  impl.RaftServerImpl (RaftServerImpl.java:<init>(93)) - e5fd3c67-4f38-41ed-8073-51136f0efc00: new RaftServerImpl for group-93837B01E243:[80032fdc-d78b-4a88-9434-3ce010c31b3f:192.168.5.176:43754, 4204fb3a-7736-45d2-bbed-750a692783ae:192.168.5.176:46077, e5fd3c67-4f38-41ed-8073-51136f0efc00:192.168.5.176:38915] with ContainerStateMachine:uninitialized
2019-08-29 08:46:06,065 [pool-47-thread-1] INFO  server.RaftServerConfigKeys (ConfUtils.java:logGet(43)) - raft.server.rpc.timeout.min = 5s (custom)
2019-08-29 08:46:06,065 [pool-47-thread-1] INFO  server.RaftServerConfigKeys (ConfUtils.java:logGet(43)) - raft.server.rpc.timeout.max = 5200ms (custom)
2019-08-29 08:46:06,066 [pool-47-thread-1] INFO  server.RaftServerConfigKeys (ConfUtils.java:logGet(43)) - raft.server.rpcslowness.timeout = 120s (custom)
2019-08-29 08:46:06,066 [pool-47-thread-1] INFO  server.RaftServerConfigKeys (ConfUtils.java:logGet(43)) - raft.server.sleep.deviation.threshold = 300 (default)
2019-08-29 08:46:06,069 [pool-47-thread-1] INFO  server.RaftServerConfigKeys (ConfUtils.java:logGet(43)) - raft.server.log.appender.install.snapshot.enabled = false (custom)
2019-08-29 08:46:06,069 [pool-47-thread-1] INFO  impl.RaftServerImpl (ServerState.java:<init>(105)) - e5fd3c67-4f38-41ed-8073-51136f0efc00:group-93837B01E243 ConfigurationManager, init=-1: [80032fdc-d78b-4a88-9434-3ce010c31b3f:192.168.5.176:43754, 4204fb3a-7736-45d2-bbed-750a692783ae:192.168.5.176:46077, e5fd3c67-4f38-41ed-8073-51136f0efc00:192.168.5.176:38915], old=null, confs=<EMPTY_MAP>
2019-08-29 08:46:06,069 [pool-47-thread-1] INFO  server.RaftServerConfigKeys (ConfUtils.java:logGet(43)) - raft.server.storage.dir = [/workdir/hadoop-ozone/integration-test/target/test-dir/MiniOzoneClusterImpl-f455d224-3bfd-4c12-ad75-0d332897f7fa/datanode-2/data/ratis] (custom)
2019-08-29 08:46:06,070 [pool-47-thread-1] INFO  storage.RaftStorageDirectory (RaftStorageDirectory.java:analyzeStorage(246)) - The storage directory /workdir/hadoop-ozone/integration-test/target/test-dir/MiniOzoneClusterImpl-f455d224-3bfd-4c12-ad75-0d332897f7fa/datanode-2/data/ratis/43c229d4-dfa9-46fa-8586-93837b01e243 does not exist. Creating ...
2019-08-29 08:46:06,125 | INFO  | SCMAudit | user=jenkins1000 | ip=192.168.5.176 | op=SEND_HEARTBEAT {datanodeUUID=3bbb20a1-a78a-49aa-a207-aa74965bf29c, command=[]} | ret=SUCCESS |  
2019-08-29 08:46:06,126 | INFO  | SCMAudit | user=jenkins1000 | ip=192.168.5.176 | op=SEND_HEARTBEAT {datanodeUUID=08d23bb8-f649-4ebd-a9a9-bbfd5b766034, command=[]} | ret=SUCCESS |  
2019-08-29 08:46:06,131 | INFO  | SCMAudit | user=jenkins1000 | ip=192.168.5.176 | op=SEND_HEARTBEAT {datanodeUUID=80032fdc-d78b-4a88-9434-3ce010c31b3f, command=[]} | ret=SUCCESS |  
2019-08-29 08:46:06,218 | INFO  | SCMAudit | user=jenkins1000 | ip=192.168.5.176 | op=SEND_HEARTBEAT {datanodeUUID=90f684eb-7c4f-41ac-bd9b-a2bcab6fa083, command=[]} | ret=SUCCESS |  
2019-08-29 08:46:06,444 | INFO  | SCMAudit | user=jenkins1000 | ip=192.168.5.176 | op=SEND_HEARTBEAT {datanodeUUID=73bbc9c5-70f7-4fc8-a304-e36fb1a7c836, command=[]} | ret=SUCCESS |  
2019-08-29 08:46:06,530 | INFO  | SCMAudit | user=jenkins1000 | ip=192.168.5.176 | op=SEND_HEARTBEAT {datanodeUUID=4204fb3a-7736-45d2-bbed-750a692783ae, command=[]} | ret=SUCCESS |  
2019-08-29 08:46:06,616 | INFO  | SCMAudit | user=jenkins1000 | ip=192.168.5.176 | op=SEND_HEARTBEAT {datanodeUUID=e5fd3c67-4f38-41ed-8073-51136f0efc00, command=[]} | ret=SUCCESS |  
2019-08-29 08:46:07,125 | INFO  | SCMAudit | user=jenkins1000 | ip=192.168.5.176 | op=SEND_HEARTBEAT {datanodeUUID=3bbb20a1-a78a-49aa-a207-aa74965bf29c, command=[]} | ret=SUCCESS |  
2019-08-29 08:46:07,127 | INFO  | SCMAudit | user=jenkins1000 | ip=192.168.5.176 | op=SEND_HEARTBEAT {datanodeUUID=08d23bb8-f649-4ebd-a9a9-bbfd5b766034, command=[]} | ret=SUCCESS |  
2019-08-29 08:46:07,131 | INFO  | SCMAudit | user=jenkins1000 | ip=192.168.5.176 | op=SEND_HEARTBEAT {datanodeUUID=80032fdc-d78b-4a88-9434-3ce010c31b3f, command=[]} | ret=SUCCESS |  
2019-08-29 08:46:07,219 | INFO  | SCMAudit | user=jenkins1000 | ip=192.168.5.176 | op=SEND_HEARTBEAT {datanodeUUID=90f684eb-7c4f-41ac-bd9b-a2bcab6fa083, command=[]} | ret=SUCCESS |  
2019-08-29 08:46:07,310 [pool-77-thread-1] INFO  storage.RaftStorage (RaftStorage.java:format(72)) - Storage directory /workdir/hadoop-ozone/integration-test/target/test-dir/MiniOzoneClusterImpl-f455d224-3bfd-4c12-ad75-0d332897f7fa/datanode-5/data/ratis/43c229d4-dfa9-46fa-8586-93837b01e243 has been successfully formatted.
2019-08-29 08:46:07,313 [pool-77-thread-1] INFO  ratis.ContainerStateMachine (ContainerStateMachine.java:loadSnapshot(227)) - group-93837B01E243: The snapshot info is null. Setting the last applied indexto:(t:0, i:~)
2019-08-29 08:46:07,313 [pool-77-thread-1] INFO  server.RaftServerConfigKeys (ConfUtils.java:logGet(43)) - raft.server.leader.election.timeout = 120s (custom)
2019-08-29 08:46:07,314 [pool-77-thread-1] INFO  server.RaftServerConfigKeys (ConfUtils.java:logGet(43)) - raft.server.log.use.memory = false (default)
2019-08-29 08:46:07,314 [pool-77-thread-1] INFO  server.RaftServerConfigKeys (ConfUtils.java:logGet(43)) - raft.server.log.purge.gap = 1000000 (custom)
2019-08-29 08:46:07,314 [pool-77-thread-1] INFO  server.RaftServerConfigKeys (ConfUtils.java:logGet(43)) - raft.server.log.appender.buffer.byte-limit = 33554432 (custom)
2019-08-29 08:46:07,314 [pool-77-thread-1] INFO  server.RaftServerConfigKeys (ConfUtils.java:logGet(43)) - raft.server.log.segment.size.max = 1048576 (custom)
2019-08-29 08:46:07,314 [pool-77-thread-1] INFO  server.RaftServerConfigKeys (ConfUtils.java:logGet(43)) - raft.server.log.segment.cache.num.max = 2 (custom)
2019-08-29 08:46:07,314 [pool-77-thread-1] INFO  segmented.SegmentedRaftLogWorker (SegmentedRaftLogWorker.java:<init>(172)) - new 80032fdc-d78b-4a88-9434-3ce010c31b3f-SegmentedRaftLogWorker:Storage Directory /workdir/hadoop-ozone/integration-test/target/test-dir/MiniOzoneClusterImpl-f455d224-3bfd-4c12-ad75-0d332897f7fa/datanode-5/data/ratis/43c229d4-dfa9-46fa-8586-93837b01e243 for RaftStorage:Storage Directory /workdir/hadoop-ozone/integration-test/target/test-dir/MiniOzoneClusterImpl-f455d224-3bfd-4c12-ad75-0d332897f7fa/datanode-5/data/ratis/43c229d4-dfa9-46fa-8586-93837b01e243
2019-08-29 08:46:07,314 [pool-77-thread-1] INFO  server.RaftServerConfigKeys (ConfUtils.java:logGet(43)) - raft.server.log.queue.byte-limit = 2147483647 (custom)
2019-08-29 08:46:07,314 [pool-77-thread-1] INFO  server.RaftServerConfigKeys (ConfUtils.java:logGet(43)) - raft.server.log.queue.element-limit = 1024 (custom)
2019-08-29 08:46:07,315 [pool-77-thread-1] INFO  server.RaftServerConfigKeys (ConfUtils.java:logGet(43)) - raft.server.log.segment.size.max = 1048576 (custom)
2019-08-29 08:46:07,315 [pool-77-thread-1] INFO  server.RaftServerConfigKeys (ConfUtils.java:logGet(43)) - raft.server.log.preallocated.size = 16384 (custom)
2019-08-29 08:46:07,315 [pool-77-thread-1] INFO  server.RaftServerConfigKeys (ConfUtils.java:logGet(43)) - raft.server.log.write.buffer.size = 33554432 (custom)
2019-08-29 08:46:07,315 [pool-77-thread-1] INFO  server.RaftServerConfigKeys (ConfUtils.java:logGet(43)) - raft.server.log.force.sync.num = 128 (default)
2019-08-29 08:46:07,315 [pool-77-thread-1] INFO  server.RaftServerConfigKeys (ConfUtils.java:logGet(43)) - raft.server.log.statemachine.data.sync = true (default)
2019-08-29 08:46:07,315 [pool-77-thread-1] INFO  server.RaftServerConfigKeys (ConfUtils.java:logGet(43)) - raft.server.log.statemachine.data.sync.timeout = 10s (default)
2019-08-29 08:46:07,315 [pool-77-thread-1] INFO  server.RaftServerConfigKeys (ConfUtils.java:logGet(43)) - raft.server.log.statemachine.data.sync.timeout.retry = -1 (default)
2019-08-29 08:46:07,315 [pool-77-thread-1] INFO  server.RaftServerConfigKeys (ConfUtils.java:logGet(43)) - raft.server.log.statemachine.data.caching.enabled = true (custom)
2019-08-29 08:46:07,316 [pool-77-thread-1] INFO  segmented.SegmentedRaftLogWorker (SegmentedRaftLogWorker.java:lambda$new$0(132)) - 80032fdc-d78b-4a88-9434-3ce010c31b3f-SegmentedRaftLogWorker:Storage Directory /workdir/hadoop-ozone/integration-test/target/test-dir/MiniOzoneClusterImpl-f455d224-3bfd-4c12-ad75-0d332897f7fa/datanode-5/data/ratis/43c229d4-dfa9-46fa-8586-93837b01e243: flushIndex: setUnconditionally 0 -> -1
2019-08-29 08:46:07,316 [pool-77-thread-1] INFO  server.RaftServerConfigKeys (ConfUtils.java:logGet(43)) - raft.server.snapshot.auto.trigger.enabled = true (custom)
2019-08-29 08:46:07,316 [pool-77-thread-1] INFO  server.RaftServerConfigKeys (ConfUtils.java:logGet(43)) - raft.server.snapshot.auto.trigger.threshold = 10000 (custom)
2019-08-29 08:46:07,316 [pool-77-thread-1] INFO  server.RaftServerConfigKeys (ConfUtils.java:logGet(43)) - raft.server.retrycache.expirytime = 600000ms (custom)
2019-08-29 08:46:07,316 [pool-77-thread-1] INFO  impl.RaftServerImpl (RaftServerImpl.java:start(180)) - 80032fdc-d78b-4a88-9434-3ce010c31b3f: start group-D32732FAAE1B
2019-08-29 08:46:07,317 [pool-77-thread-1] INFO  impl.RaftServerImpl (RaftServerImpl.java:setRole(171)) - 80032fdc-d78b-4a88-9434-3ce010c31b3f:group-D32732FAAE1B changes role from null to FOLLOWER at term 0 for startAsFollower
2019-08-29 08:46:07,317 [pool-77-thread-1] INFO  impl.RoleInfo (RoleInfo.java:updateAndGet(143)) - 80032fdc-d78b-4a88-9434-3ce010c31b3f: start FollowerState
2019-08-29 08:46:07,317 [pool-77-thread-1] INFO  util.JmxRegister (JmxRegister.java:tryRegister(44)) - Successfully registered JMX Bean with object name Ratis:service=RaftServer,group=group-D32732FAAE1B,id=80032fdc-d78b-4a88-9434-3ce010c31b3f
2019-08-29 08:46:07,319 [pool-77-thread-1] INFO  impl.RaftServerImpl (RaftServerImpl.java:<init>(93)) - 80032fdc-d78b-4a88-9434-3ce010c31b3f: new RaftServerImpl for group-5F3D927CD05F:[80032fdc-d78b-4a88-9434-3ce010c31b3f:192.168.5.176:43754, 4204fb3a-7736-45d2-bbed-750a692783ae:192.168.5.176:46077, e5fd3c67-4f38-41ed-8073-51136f0efc00:192.168.5.176:38915] with ContainerStateMachine:uninitialized
2019-08-29 08:46:07,320 [pool-77-thread-1] INFO  server.RaftServerConfigKeys (ConfUtils.java:logGet(43)) - raft.server.rpc.timeout.min = 5s (custom)
2019-08-29 08:46:07,320 [pool-77-thread-1] INFO  server.RaftServerConfigKeys (ConfUtils.java:logGet(43)) - raft.server.rpc.timeout.max = 5200ms (custom)
2019-08-29 08:46:07,320 [pool-77-thread-1] INFO  server.RaftServerConfigKeys (ConfUtils.java:logGet(43)) - raft.server.rpcslowness.timeout = 120s (custom)
2019-08-29 08:46:07,320 [pool-77-thread-1] INFO  server.RaftServerConfigKeys (ConfUtils.java:logGet(43)) - raft.server.sleep.deviation.threshold = 300 (default)
2019-08-29 08:46:07,320 [pool-77-thread-1] INFO  server.RaftServerConfigKeys (ConfUtils.java:logGet(43)) - raft.server.log.appender.install.snapshot.enabled = false (custom)
2019-08-29 08:46:07,320 [pool-77-thread-1] INFO  impl.RaftServerImpl (ServerState.java:<init>(105)) - 80032fdc-d78b-4a88-9434-3ce010c31b3f:group-5F3D927CD05F ConfigurationManager, init=-1: [80032fdc-d78b-4a88-9434-3ce010c31b3f:192.168.5.176:43754, 4204fb3a-7736-45d2-bbed-750a692783ae:192.168.5.176:46077, e5fd3c67-4f38-41ed-8073-51136f0efc00:192.168.5.176:38915], old=null, confs=<EMPTY_MAP>
2019-08-29 08:46:07,320 [pool-77-thread-1] INFO  server.RaftServerConfigKeys (ConfUtils.java:logGet(43)) - raft.server.storage.dir = [/workdir/hadoop-ozone/integration-test/target/test-dir/MiniOzoneClusterImpl-f455d224-3bfd-4c12-ad75-0d332897f7fa/datanode-5/data/ratis] (custom)
2019-08-29 08:46:07,321 [pool-77-thread-1] INFO  storage.RaftStorageDirectory (RaftStorageDirectory.java:analyzeStorage(246)) - The storage directory /workdir/hadoop-ozone/integration-test/target/test-dir/MiniOzoneClusterImpl-f455d224-3bfd-4c12-ad75-0d332897f7fa/datanode-5/data/ratis/47fbd6d6-227a-4652-b09d-5f3d927cd05f does not exist. Creating ...
2019-08-29 08:46:07,445 | INFO  | SCMAudit | user=jenkins1000 | ip=192.168.5.176 | op=SEND_HEARTBEAT {datanodeUUID=73bbc9c5-70f7-4fc8-a304-e36fb1a7c836, command=[]} | ret=SUCCESS |  
2019-08-29 08:46:07,531 | INFO  | SCMAudit | user=jenkins1000 | ip=192.168.5.176 | op=SEND_HEARTBEAT {datanodeUUID=4204fb3a-7736-45d2-bbed-750a692783ae, command=[]} | ret=SUCCESS |  
2019-08-29 08:46:07,617 | INFO  | SCMAudit | user=jenkins1000 | ip=192.168.5.176 | op=SEND_HEARTBEAT {datanodeUUID=e5fd3c67-4f38-41ed-8073-51136f0efc00, command=[]} | ret=SUCCESS |  
2019-08-29 08:46:07,980 [Thread-282] INFO  impl.FollowerState (FollowerState.java:run(106)) - e5fd3c67-4f38-41ed-8073-51136f0efc00:group-2D9B50B46EE8 changes to CANDIDATE, lastRpcTime:5177, electionTimeout:5177ms
2019-08-29 08:46:07,983 [Thread-282] INFO  impl.RoleInfo (RoleInfo.java:shutdownFollowerState(121)) - e5fd3c67-4f38-41ed-8073-51136f0efc00: shutdown FollowerState
2019-08-29 08:46:07,983 [Thread-282] INFO  impl.RaftServerImpl (RaftServerImpl.java:setRole(171)) - e5fd3c67-4f38-41ed-8073-51136f0efc00:group-2D9B50B46EE8 changes role from FOLLOWER to CANDIDATE at term 0 for changeToCandidate
2019-08-29 08:46:07,984 [Thread-282] INFO  impl.RoleInfo (RoleInfo.java:updateAndGet(143)) - e5fd3c67-4f38-41ed-8073-51136f0efc00: start LeaderElection
2019-08-29 08:46:08,125 | INFO  | SCMAudit | user=jenkins1000 | ip=192.168.5.176 | op=SEND_HEARTBEAT {datanodeUUID=3bbb20a1-a78a-49aa-a207-aa74965bf29c, command=[]} | ret=SUCCESS |  
2019-08-29 08:46:08,127 | INFO  | SCMAudit | user=jenkins1000 | ip=192.168.5.176 | op=SEND_HEARTBEAT {datanodeUUID=08d23bb8-f649-4ebd-a9a9-bbfd5b766034, command=[]} | ret=SUCCESS |  
2019-08-29 08:46:08,132 | INFO  | SCMAudit | user=jenkins1000 | ip=192.168.5.176 | op=SEND_HEARTBEAT {datanodeUUID=80032fdc-d78b-4a88-9434-3ce010c31b3f, command=[]} | ret=SUCCESS |  
2019-08-29 08:46:08,220 | INFO  | SCMAudit | user=jenkins1000 | ip=192.168.5.176 | op=SEND_HEARTBEAT {datanodeUUID=90f684eb-7c4f-41ac-bd9b-a2bcab6fa083, command=[]} | ret=SUCCESS |  
2019-08-29 08:46:08,386 [RATISCREATEPIPELINE2] ERROR pipeline.RatisPipelineProvider (RatisPipelineProvider.java:lambda$null$5(235)) - Failed invoke Ratis rpc org.apache.hadoop.hdds.scm.pipeline.RatisPipelineProvider$$Lambda$187/1505492594@458583dd for 80032fdc-d78b-4a88-9434-3ce010c31b3f
org.apache.ratis.protocol.TimeoutIOException: deadline exceeded after 2998432177ns
	at org.apache.ratis.grpc.GrpcUtil.tryUnwrapException(GrpcUtil.java:82)
	at org.apache.ratis.grpc.GrpcUtil.unwrapException(GrpcUtil.java:75)
	at org.apache.ratis.grpc.client.GrpcClientProtocolClient.blockingCall(GrpcClientProtocolClient.java:169)
	at org.apache.ratis.grpc.client.GrpcClientProtocolClient.groupAdd(GrpcClientProtocolClient.java:138)
	at org.apache.ratis.grpc.client.GrpcClientRpc.sendRequest(GrpcClientRpc.java:94)
	at org.apache.ratis.client.impl.RaftClientImpl.sendRequest(RaftClientImpl.java:279)
	at org.apache.ratis.client.impl.RaftClientImpl.groupAdd(RaftClientImpl.java:206)
	at org.apache.hadoop.hdds.scm.pipeline.RatisPipelineProvider.lambda$initializePipeline$4(RatisPipelineProvider.java:194)
	at org.apache.hadoop.hdds.scm.pipeline.RatisPipelineProvider.lambda$null$5(RatisPipelineProvider.java:231)
	at java.util.stream.ForEachOps$ForEachOp$OfRef.accept(ForEachOps.java:184)
	at java.util.ArrayList$ArrayListSpliterator.forEachRemaining(ArrayList.java:1382)
	at java.util.stream.AbstractPipeline.copyInto(AbstractPipeline.java:482)
	at java.util.stream.ForEachOps$ForEachTask.compute(ForEachOps.java:291)
	at java.util.concurrent.CountedCompleter.exec(CountedCompleter.java:731)
	at java.util.concurrent.ForkJoinTask.doExec(ForkJoinTask.java:289)
	at java.util.concurrent.ForkJoinPool$WorkQueue.runTask(ForkJoinPool.java:1056)
	at java.util.concurrent.ForkJoinPool.runWorker(ForkJoinPool.java:1692)
	at java.util.concurrent.ForkJoinWorkerThread.run(ForkJoinWorkerThread.java:157)
Caused by: org.apache.ratis.thirdparty.io.grpc.StatusRuntimeException: DEADLINE_EXCEEDED: deadline exceeded after 2998432177ns
	at org.apache.ratis.thirdparty.io.grpc.stub.ClientCalls.toStatusRuntimeException(ClientCalls.java:233)
	at org.apache.ratis.thirdparty.io.grpc.stub.ClientCalls.getUnchecked(ClientCalls.java:214)
	at org.apache.ratis.thirdparty.io.grpc.stub.ClientCalls.blockingUnaryCall(ClientCalls.java:139)
	at org.apache.ratis.proto.grpc.AdminProtocolServiceGrpc$AdminProtocolServiceBlockingStub.groupManagement(AdminProtocolServiceGrpc.java:274)
	at org.apache.ratis.grpc.client.GrpcClientProtocolClient.lambda$groupAdd$3(GrpcClientProtocolClient.java:140)
	at org.apache.ratis.grpc.client.GrpcClientProtocolClient.blockingCall(GrpcClientProtocolClient.java:167)
	... 15 more
2019-08-29 08:46:08,386 [RATISCREATEPIPELINE3] ERROR pipeline.RatisPipelineProvider (RatisPipelineProvider.java:lambda$null$5(235)) - Failed invoke Ratis rpc org.apache.hadoop.hdds.scm.pipeline.RatisPipelineProvider$$Lambda$187/1505492594@458583dd for e5fd3c67-4f38-41ed-8073-51136f0efc00
org.apache.ratis.protocol.TimeoutIOException: deadline exceeded after 2999767265ns
	at org.apache.ratis.grpc.GrpcUtil.tryUnwrapException(GrpcUtil.java:82)
	at org.apache.ratis.grpc.GrpcUtil.unwrapException(GrpcUtil.java:75)
	at org.apache.ratis.grpc.client.GrpcClientProtocolClient.blockingCall(GrpcClientProtocolClient.java:169)
	at org.apache.ratis.grpc.client.GrpcClientProtocolClient.groupAdd(GrpcClientProtocolClient.java:138)
	at org.apache.ratis.grpc.client.GrpcClientRpc.sendRequest(GrpcClientRpc.java:94)
	at org.apache.ratis.client.impl.RaftClientImpl.sendRequest(RaftClientImpl.java:279)
	at org.apache.ratis.client.impl.RaftClientImpl.groupAdd(RaftClientImpl.java:206)
	at org.apache.hadoop.hdds.scm.pipeline.RatisPipelineProvider.lambda$initializePipeline$4(RatisPipelineProvider.java:194)
	at org.apache.hadoop.hdds.scm.pipeline.RatisPipelineProvider.lambda$null$5(RatisPipelineProvider.java:231)
	at java.util.stream.ForEachOps$ForEachOp$OfRef.accept(ForEachOps.java:184)
	at java.util.ArrayList$ArrayListSpliterator.forEachRemaining(ArrayList.java:1382)
	at java.util.stream.AbstractPipeline.copyInto(AbstractPipeline.java:482)
	at java.util.stream.ForEachOps$ForEachTask.compute(ForEachOps.java:291)
	at java.util.concurrent.CountedCompleter.exec(CountedCompleter.java:731)
	at java.util.concurrent.ForkJoinTask.doExec(ForkJoinTask.java:289)
	at java.util.concurrent.ForkJoinPool$WorkQueue.runTask(ForkJoinPool.java:1056)
	at java.util.concurrent.ForkJoinPool.runWorker(ForkJoinPool.java:1692)
	at java.util.concurrent.ForkJoinWorkerThread.run(ForkJoinWorkerThread.java:157)
Caused by: org.apache.ratis.thirdparty.io.grpc.StatusRuntimeException: DEADLINE_EXCEEDED: deadline exceeded after 2999767265ns
	at org.apache.ratis.thirdparty.io.grpc.stub.ClientCalls.toStatusRuntimeException(ClientCalls.java:233)
	at org.apache.ratis.thirdparty.io.grpc.stub.ClientCalls.getUnchecked(ClientCalls.java:214)
	at org.apache.ratis.thirdparty.io.grpc.stub.ClientCalls.blockingUnaryCall(ClientCalls.java:139)
	at org.apache.ratis.proto.grpc.AdminProtocolServiceGrpc$AdminProtocolServiceBlockingStub.groupManagement(AdminProtocolServiceGrpc.java:274)
	at org.apache.ratis.grpc.client.GrpcClientProtocolClient.lambda$groupAdd$3(GrpcClientProtocolClient.java:140)
	at org.apache.ratis.grpc.client.GrpcClientProtocolClient.blockingCall(GrpcClientProtocolClient.java:167)
	... 15 more
2019-08-29 08:46:08,392 [RATISCREATEPIPELINE1] ERROR pipeline.RatisPipelineProvider (RatisPipelineProvider.java:lambda$null$5(235)) - Failed invoke Ratis rpc org.apache.hadoop.hdds.scm.pipeline.RatisPipelineProvider$$Lambda$187/1505492594@458583dd for 4204fb3a-7736-45d2-bbed-750a692783ae
org.apache.ratis.protocol.TimeoutIOException
	at org.apache.ratis.grpc.GrpcUtil.tryUnwrapException(GrpcUtil.java:82)
	at org.apache.ratis.grpc.GrpcUtil.unwrapException(GrpcUtil.java:75)
	at org.apache.ratis.grpc.client.GrpcClientProtocolClient.blockingCall(GrpcClientProtocolClient.java:169)
	at org.apache.ratis.grpc.client.GrpcClientProtocolClient.groupAdd(GrpcClientProtocolClient.java:138)
	at org.apache.ratis.grpc.client.GrpcClientRpc.sendRequest(GrpcClientRpc.java:94)
	at org.apache.ratis.client.impl.RaftClientImpl.sendRequest(RaftClientImpl.java:279)
	at org.apache.ratis.client.impl.RaftClientImpl.groupAdd(RaftClientImpl.java:206)
	at org.apache.hadoop.hdds.scm.pipeline.RatisPipelineProvider.lambda$initializePipeline$4(RatisPipelineProvider.java:194)
	at org.apache.hadoop.hdds.scm.pipeline.RatisPipelineProvider.lambda$null$5(RatisPipelineProvider.java:231)
	at java.util.stream.ForEachOps$ForEachOp$OfRef.accept(ForEachOps.java:184)
	at java.util.ArrayList$ArrayListSpliterator.forEachRemaining(ArrayList.java:1382)
	at java.util.stream.AbstractPipeline.copyInto(AbstractPipeline.java:482)
	at java.util.stream.ForEachOps$ForEachTask.compute(ForEachOps.java:291)
	at java.util.concurrent.CountedCompleter.exec(CountedCompleter.java:731)
	at java.util.concurrent.ForkJoinTask.doExec(ForkJoinTask.java:289)
	at java.util.concurrent.ForkJoinTask.doInvoke(ForkJoinTask.java:401)
	at java.util.concurrent.ForkJoinTask.invoke(ForkJoinTask.java:734)
	at java.util.stream.ForEachOps$ForEachOp.evaluateParallel(ForEachOps.java:160)
	at java.util.stream.ForEachOps$ForEachOp$OfRef.evaluateParallel(ForEachOps.java:174)
	at java.util.stream.AbstractPipeline.evaluate(AbstractPipeline.java:233)
	at java.util.stream.ReferencePipeline.forEach(ReferencePipeline.java:418)
	at java.util.stream.ReferencePipeline$Head.forEach(ReferencePipeline.java:583)
	at org.apache.hadoop.hdds.scm.pipeline.RatisPipelineProvider.lambda$callRatisRpc$6(RatisPipelineProvider.java:225)
	at java.util.concurrent.ForkJoinTask$AdaptedRunnableAction.exec(ForkJoinTask.java:1386)
	at java.util.concurrent.ForkJoinTask.doExec(ForkJoinTask.java:289)
	at java.util.concurrent.ForkJoinPool$WorkQueue.runTask(ForkJoinPool.java:1056)
	at java.util.concurrent.ForkJoinPool.runWorker(ForkJoinPool.java:1692)
	at java.util.concurrent.ForkJoinWorkerThread.run(ForkJoinWorkerThread.java:157)
Caused by: org.apache.ratis.thirdparty.io.grpc.StatusRuntimeException: DEADLINE_EXCEEDED
	at org.apache.ratis.thirdparty.io.grpc.stub.ClientCalls.toStatusRuntimeException(ClientCalls.java:233)
	at org.apache.ratis.thirdparty.io.grpc.stub.ClientCalls.getUnchecked(ClientCalls.java:214)
	at org.apache.ratis.thirdparty.io.grpc.stub.ClientCalls.blockingUnaryCall(ClientCalls.java:139)
	at org.apache.ratis.proto.grpc.AdminProtocolServiceGrpc$AdminProtocolServiceBlockingStub.groupManagement(AdminProtocolServiceGrpc.java:274)
	at org.apache.ratis.grpc.client.GrpcClientProtocolClient.lambda$groupAdd$3(GrpcClientProtocolClient.java:140)
	at org.apache.ratis.grpc.client.GrpcClientProtocolClient.blockingCall(GrpcClientProtocolClient.java:167)
	... 25 more
2019-08-29 08:46:08,394 [IPC Server handler 12 on 43221] WARN  block.BlockManagerImpl (BlockManagerImpl.java:allocateBlock(192)) - Pipeline creation failed for type:RATIS factor:THREE. Retrying get pipelines call once.
org.apache.hadoop.io.MultipleIOException: 3 exceptions [java.io.IOException: Failed invoke Ratis rpc org.apache.hadoop.hdds.scm.pipeline.RatisPipelineProvider$$Lambda$187/1505492594@458583dd for 80032fdc-d78b-4a88-9434-3ce010c31b3f, java.io.IOException: Failed invoke Ratis rpc org.apache.hadoop.hdds.scm.pipeline.RatisPipelineProvider$$Lambda$187/1505492594@458583dd for e5fd3c67-4f38-41ed-8073-51136f0efc00, java.io.IOException: Failed invoke Ratis rpc org.apache.hadoop.hdds.scm.pipeline.RatisPipelineProvider$$Lambda$187/1505492594@458583dd for 4204fb3a-7736-45d2-bbed-750a692783ae]
	at org.apache.hadoop.io.MultipleIOException.createIOException(MultipleIOException.java:53)
	at org.apache.hadoop.hdds.scm.pipeline.RatisPipelineProvider.callRatisRpc(RatisPipelineProvider.java:251)
	at org.apache.hadoop.hdds.scm.pipeline.RatisPipelineProvider.initializePipeline(RatisPipelineProvider.java:192)
	at org.apache.hadoop.hdds.scm.pipeline.RatisPipelineProvider.create(RatisPipelineProvider.java:161)
	at org.apache.hadoop.hdds.scm.pipeline.PipelineFactory.create(PipelineFactory.java:57)
	at org.apache.hadoop.hdds.scm.pipeline.SCMPipelineManager.createPipeline(SCMPipelineManager.java:149)
	at org.apache.hadoop.hdds.scm.block.BlockManagerImpl.allocateBlock(BlockManagerImpl.java:190)
	at org.apache.hadoop.hdds.scm.server.SCMBlockProtocolServer.allocateBlock(SCMBlockProtocolServer.java:175)
	at org.apache.hadoop.ozone.protocolPB.ScmBlockLocationProtocolServerSideTranslatorPB.allocateScmBlock(ScmBlockLocationProtocolServerSideTranslatorPB.java:153)
	at org.apache.hadoop.ozone.protocolPB.ScmBlockLocationProtocolServerSideTranslatorPB.send(ScmBlockLocationProtocolServerSideTranslatorPB.java:112)
	at org.apache.hadoop.hdds.protocol.proto.ScmBlockLocationProtocolProtos$ScmBlockLocationProtocolService$2.callBlockingMethod(ScmBlockLocationProtocolProtos.java:13157)
	at org.apache.hadoop.ipc.ProtobufRpcEngine$Server$ProtoBufRpcInvoker.call(ProtobufRpcEngine.java:524)
	at org.apache.hadoop.ipc.RPC$Server.call(RPC.java:1025)
	at org.apache.hadoop.ipc.Server$RpcCall.run(Server.java:876)
	at org.apache.hadoop.ipc.Server$RpcCall.run(Server.java:822)
	at java.security.AccessController.doPrivileged(Native Method)
	at javax.security.auth.Subject.doAs(Subject.java:422)
	at org.apache.hadoop.security.UserGroupInformation.doAs(UserGroupInformation.java:1730)
	at org.apache.hadoop.ipc.Server$Handler.run(Server.java:2682)
2019-08-29 08:46:08,395 [IPC Server handler 12 on 43221] INFO  block.BlockManagerImpl (BlockManagerImpl.java:allocateBlock(198)) - Could not find available pipeline of type:RATIS and factor:THREE even after retrying
2019-08-29 08:46:08,395 [IPC Server handler 12 on 43221] ERROR block.BlockManagerImpl (BlockManagerImpl.java:allocateBlock(222)) - Unable to allocate a block for the size: 4194304, type: RATIS, factor: THREE
2019-08-29 08:46:08,395 | INFO  | SCMAudit | user=jenkins1000 | ip=192.168.5.176 | op=ALLOCATE_BLOCK {owner=f6230dbf-a8ec-4634-92ba-e9f4c9df306f, size=4194304, type=RATIS, factor=THREE} | ret=SUCCESS |  
]]></system-out>
  </testcase>
  <testcase name="testBlockWrites" classname="org.apache.hadoop.ozone.client.rpc.TestCloseContainerHandlingByClient" time="2.722">
    <error message="Allocated 0 blocks. Requested 1 blocks" type="INTERNAL_ERROR org.apache.hadoop.ozone.om.exceptions.OMException">INTERNAL_ERROR org.apache.hadoop.ozone.om.exceptions.OMException: Allocated 0 blocks. Requested 1 blocks
	at org.apache.hadoop.ozone.om.protocolPB.OzoneManagerProtocolClientSideTranslatorPB.handleError(OzoneManagerProtocolClientSideTranslatorPB.java:725)
	at org.apache.hadoop.ozone.om.protocolPB.OzoneManagerProtocolClientSideTranslatorPB.openKey(OzoneManagerProtocolClientSideTranslatorPB.java:716)
	at org.apache.hadoop.ozone.client.rpc.RpcClient.createKey(RpcClient.java:615)
	at org.apache.hadoop.ozone.client.OzoneBucket.createKey(OzoneBucket.java:325)
	at org.apache.hadoop.ozone.container.ContainerTestHelper.createKey(ContainerTestHelper.java:695)
	at org.apache.hadoop.ozone.client.rpc.TestCloseContainerHandlingByClient.createKey(TestCloseContainerHandlingByClient.java:396)
	at org.apache.hadoop.ozone.client.rpc.TestCloseContainerHandlingByClient.testBlockWrites(TestCloseContainerHandlingByClient.java:439)
	at sun.reflect.NativeMethodAccessorImpl.invoke0(Native Method)
	at sun.reflect.NativeMethodAccessorImpl.invoke(NativeMethodAccessorImpl.java:62)
	at sun.reflect.DelegatingMethodAccessorImpl.invoke(DelegatingMethodAccessorImpl.java:43)
	at java.lang.reflect.Method.invoke(Method.java:498)
	at org.junit.runners.model.FrameworkMethod$1.runReflectiveCall(FrameworkMethod.java:47)
	at org.junit.internal.runners.model.ReflectiveCallable.run(ReflectiveCallable.java:12)
	at org.junit.runners.model.FrameworkMethod.invokeExplosively(FrameworkMethod.java:44)
	at org.junit.internal.runners.statements.InvokeMethod.evaluate(InvokeMethod.java:17)
	at org.junit.runners.ParentRunner.runLeaf(ParentRunner.java:271)
	at org.junit.runners.BlockJUnit4ClassRunner.runChild(BlockJUnit4ClassRunner.java:70)
	at org.junit.runners.BlockJUnit4ClassRunner.runChild(BlockJUnit4ClassRunner.java:50)
	at org.junit.runners.ParentRunner$3.run(ParentRunner.java:238)
	at org.junit.runners.ParentRunner$1.schedule(ParentRunner.java:63)
	at org.junit.runners.ParentRunner.runChildren(ParentRunner.java:236)
	at org.junit.runners.ParentRunner.access$000(ParentRunner.java:53)
	at org.junit.runners.ParentRunner$2.evaluate(ParentRunner.java:229)
	at org.junit.internal.runners.statements.RunBefores.evaluate(RunBefores.java:26)
	at org.junit.internal.runners.statements.RunAfters.evaluate(RunAfters.java:27)
	at org.junit.runners.ParentRunner.run(ParentRunner.java:309)
	at org.apache.maven.surefire.junit4.JUnit4Provider.execute(JUnit4Provider.java:365)
	at org.apache.maven.surefire.junit4.JUnit4Provider.executeWithRerun(JUnit4Provider.java:273)
	at org.apache.maven.surefire.junit4.JUnit4Provider.executeTestSet(JUnit4Provider.java:238)
	at org.apache.maven.surefire.junit4.JUnit4Provider.invoke(JUnit4Provider.java:159)
	at org.apache.maven.surefire.booter.ForkedBooter.invokeProviderInSameClassLoader(ForkedBooter.java:384)
	at org.apache.maven.surefire.booter.ForkedBooter.runSuitesInProcess(ForkedBooter.java:345)
	at org.apache.maven.surefire.booter.ForkedBooter.execute(ForkedBooter.java:126)
	at org.apache.maven.surefire.booter.ForkedBooter.main(ForkedBooter.java:418)
</error>
    <system-out><![CDATA[2019-08-29 08:46:08,400 | INFO  | OMAudit | user=jenkins1000 | ip=127.0.0.1 | op=READ_VOLUME {volume=closecontainerexceptionhandlingtest} | ret=SUCCESS |  
2019-08-29 08:46:08,402 | INFO  | OMAudit | user=jenkins1000 | ip=127.0.0.1 | op=READ_BUCKET {volume=closecontainerexceptionhandlingtest, bucket=closecontainerexceptionhandlingtest} | ret=SUCCESS |  
2019-08-29 08:46:08,422 [grpc-default-executor-3] INFO  impl.RaftServerProxy (RaftServerProxy.java:addNew(89)) - 80032fdc-d78b-4a88-9434-3ce010c31b3f: addNew group-AAF9DEF45AC8:[80032fdc-d78b-4a88-9434-3ce010c31b3f:192.168.5.176:43754, 4204fb3a-7736-45d2-bbed-750a692783ae:192.168.5.176:46077, e5fd3c67-4f38-41ed-8073-51136f0efc00:192.168.5.176:38915] returns group-AAF9DEF45AC8:java.util.concurrent.CompletableFuture@23e42169[Not completed]
2019-08-29 08:46:08,422 [grpc-default-executor-1] INFO  impl.RaftServerProxy (RaftServerProxy.java:addNew(89)) - 4204fb3a-7736-45d2-bbed-750a692783ae: addNew group-AAF9DEF45AC8:[80032fdc-d78b-4a88-9434-3ce010c31b3f:192.168.5.176:43754, 4204fb3a-7736-45d2-bbed-750a692783ae:192.168.5.176:46077, e5fd3c67-4f38-41ed-8073-51136f0efc00:192.168.5.176:38915] returns group-AAF9DEF45AC8:java.util.concurrent.CompletableFuture@3acf0d0d[Not completed]
2019-08-29 08:46:08,423 [grpc-default-executor-4] INFO  impl.RaftServerProxy (RaftServerProxy.java:addNew(89)) - e5fd3c67-4f38-41ed-8073-51136f0efc00: addNew group-AAF9DEF45AC8:[80032fdc-d78b-4a88-9434-3ce010c31b3f:192.168.5.176:43754, 4204fb3a-7736-45d2-bbed-750a692783ae:192.168.5.176:46077, e5fd3c67-4f38-41ed-8073-51136f0efc00:192.168.5.176:38915] returns group-AAF9DEF45AC8:java.util.concurrent.CompletableFuture@2446190d[Not completed]
2019-08-29 08:46:08,445 | INFO  | SCMAudit | user=jenkins1000 | ip=192.168.5.176 | op=SEND_HEARTBEAT {datanodeUUID=73bbc9c5-70f7-4fc8-a304-e36fb1a7c836, command=[]} | ret=SUCCESS |  
2019-08-29 08:46:08,532 | INFO  | SCMAudit | user=jenkins1000 | ip=192.168.5.176 | op=SEND_HEARTBEAT {datanodeUUID=4204fb3a-7736-45d2-bbed-750a692783ae, command=[]} | ret=SUCCESS |  
2019-08-29 08:46:08,616 | INFO  | SCMAudit | user=jenkins1000 | ip=192.168.5.176 | op=SEND_HEARTBEAT {datanodeUUID=e5fd3c67-4f38-41ed-8073-51136f0efc00, command=[]} | ret=SUCCESS |  
2019-08-29 08:46:08,668 [Thread-285] INFO  impl.FollowerState (FollowerState.java:run(106)) - 80032fdc-d78b-4a88-9434-3ce010c31b3f:group-199DD1B2645C changes to CANDIDATE, lastRpcTime:5139, electionTimeout:5139ms
2019-08-29 08:46:08,668 [Thread-285] INFO  impl.RoleInfo (RoleInfo.java:shutdownFollowerState(121)) - 80032fdc-d78b-4a88-9434-3ce010c31b3f: shutdown FollowerState
2019-08-29 08:46:08,668 [Thread-285] INFO  impl.RaftServerImpl (RaftServerImpl.java:setRole(171)) - 80032fdc-d78b-4a88-9434-3ce010c31b3f:group-199DD1B2645C changes role from FOLLOWER to CANDIDATE at term 0 for changeToCandidate
2019-08-29 08:46:08,668 [Thread-285] INFO  impl.RoleInfo (RoleInfo.java:updateAndGet(143)) - 80032fdc-d78b-4a88-9434-3ce010c31b3f: start LeaderElection
2019-08-29 08:46:09,125 | INFO  | SCMAudit | user=jenkins1000 | ip=192.168.5.176 | op=SEND_HEARTBEAT {datanodeUUID=3bbb20a1-a78a-49aa-a207-aa74965bf29c, command=[]} | ret=SUCCESS |  
2019-08-29 08:46:09,127 | INFO  | SCMAudit | user=jenkins1000 | ip=192.168.5.176 | op=SEND_HEARTBEAT {datanodeUUID=08d23bb8-f649-4ebd-a9a9-bbfd5b766034, command=[]} | ret=SUCCESS |  
2019-08-29 08:46:09,131 | INFO  | SCMAudit | user=jenkins1000 | ip=192.168.5.176 | op=SEND_HEARTBEAT {datanodeUUID=80032fdc-d78b-4a88-9434-3ce010c31b3f, command=[]} | ret=SUCCESS |  
2019-08-29 08:46:09,221 | INFO  | SCMAudit | user=jenkins1000 | ip=192.168.5.176 | op=SEND_HEARTBEAT {datanodeUUID=90f684eb-7c4f-41ac-bd9b-a2bcab6fa083, command=[]} | ret=SUCCESS |  
2019-08-29 08:46:09,225 [pool-47-thread-1] INFO  storage.RaftStorageDirectory (RaftStorageDirectory.java:tryLock(328)) - Lock on /workdir/hadoop-ozone/integration-test/target/test-dir/MiniOzoneClusterImpl-f455d224-3bfd-4c12-ad75-0d332897f7fa/datanode-2/data/ratis/43c229d4-dfa9-46fa-8586-93837b01e243/in_use.lock acquired by nodename 29754@pr-hdds-1909-44d2n-1519487446
2019-08-29 08:46:09,225 [pool-37-thread-1] INFO  storage.RaftStorage (RaftStorage.java:format(72)) - Storage directory /workdir/hadoop-ozone/integration-test/target/test-dir/MiniOzoneClusterImpl-f455d224-3bfd-4c12-ad75-0d332897f7fa/datanode-1/data/ratis/43c229d4-dfa9-46fa-8586-93837b01e243 has been successfully formatted.
2019-08-29 08:46:09,225 [pool-37-thread-1] INFO  ratis.ContainerStateMachine (ContainerStateMachine.java:loadSnapshot(227)) - group-93837B01E243: The snapshot info is null. Setting the last applied indexto:(t:0, i:~)
2019-08-29 08:46:09,226 [pool-37-thread-1] INFO  server.RaftServerConfigKeys (ConfUtils.java:logGet(43)) - raft.server.leader.election.timeout = 120s (custom)
2019-08-29 08:46:09,226 [pool-37-thread-1] INFO  server.RaftServerConfigKeys (ConfUtils.java:logGet(43)) - raft.server.log.use.memory = false (default)
2019-08-29 08:46:09,226 [pool-37-thread-1] INFO  server.RaftServerConfigKeys (ConfUtils.java:logGet(43)) - raft.server.log.purge.gap = 1000000 (custom)
2019-08-29 08:46:09,226 [pool-37-thread-1] INFO  server.RaftServerConfigKeys (ConfUtils.java:logGet(43)) - raft.server.log.appender.buffer.byte-limit = 33554432 (custom)
2019-08-29 08:46:09,226 [pool-37-thread-1] INFO  server.RaftServerConfigKeys (ConfUtils.java:logGet(43)) - raft.server.log.segment.size.max = 1048576 (custom)
2019-08-29 08:46:09,226 [pool-37-thread-1] INFO  server.RaftServerConfigKeys (ConfUtils.java:logGet(43)) - raft.server.log.segment.cache.num.max = 2 (custom)
2019-08-29 08:46:09,227 [pool-37-thread-1] INFO  segmented.SegmentedRaftLogWorker (SegmentedRaftLogWorker.java:<init>(172)) - new 4204fb3a-7736-45d2-bbed-750a692783ae-SegmentedRaftLogWorker:Storage Directory /workdir/hadoop-ozone/integration-test/target/test-dir/MiniOzoneClusterImpl-f455d224-3bfd-4c12-ad75-0d332897f7fa/datanode-1/data/ratis/43c229d4-dfa9-46fa-8586-93837b01e243 for RaftStorage:Storage Directory /workdir/hadoop-ozone/integration-test/target/test-dir/MiniOzoneClusterImpl-f455d224-3bfd-4c12-ad75-0d332897f7fa/datanode-1/data/ratis/43c229d4-dfa9-46fa-8586-93837b01e243
2019-08-29 08:46:09,227 [pool-37-thread-1] INFO  server.RaftServerConfigKeys (ConfUtils.java:logGet(43)) - raft.server.log.queue.byte-limit = 2147483647 (custom)
2019-08-29 08:46:09,227 [pool-37-thread-1] INFO  server.RaftServerConfigKeys (ConfUtils.java:logGet(43)) - raft.server.log.queue.element-limit = 1024 (custom)
2019-08-29 08:46:09,227 [pool-37-thread-1] INFO  server.RaftServerConfigKeys (ConfUtils.java:logGet(43)) - raft.server.log.segment.size.max = 1048576 (custom)
2019-08-29 08:46:09,227 [pool-37-thread-1] INFO  server.RaftServerConfigKeys (ConfUtils.java:logGet(43)) - raft.server.log.preallocated.size = 16384 (custom)
2019-08-29 08:46:09,228 [pool-37-thread-1] INFO  server.RaftServerConfigKeys (ConfUtils.java:logGet(43)) - raft.server.log.write.buffer.size = 33554432 (custom)
2019-08-29 08:46:09,228 [pool-37-thread-1] INFO  server.RaftServerConfigKeys (ConfUtils.java:logGet(43)) - raft.server.log.force.sync.num = 128 (default)
2019-08-29 08:46:09,228 [pool-37-thread-1] INFO  server.RaftServerConfigKeys (ConfUtils.java:logGet(43)) - raft.server.log.statemachine.data.sync = true (default)
2019-08-29 08:46:09,228 [pool-37-thread-1] INFO  server.RaftServerConfigKeys (ConfUtils.java:logGet(43)) - raft.server.log.statemachine.data.sync.timeout = 10s (default)
2019-08-29 08:46:09,228 [pool-37-thread-1] INFO  server.RaftServerConfigKeys (ConfUtils.java:logGet(43)) - raft.server.log.statemachine.data.sync.timeout.retry = -1 (default)
2019-08-29 08:46:09,229 [pool-37-thread-1] INFO  server.RaftServerConfigKeys (ConfUtils.java:logGet(43)) - raft.server.log.statemachine.data.caching.enabled = true (custom)
2019-08-29 08:46:09,229 [pool-37-thread-1] INFO  segmented.SegmentedRaftLogWorker (SegmentedRaftLogWorker.java:lambda$new$0(132)) - 4204fb3a-7736-45d2-bbed-750a692783ae-SegmentedRaftLogWorker:Storage Directory /workdir/hadoop-ozone/integration-test/target/test-dir/MiniOzoneClusterImpl-f455d224-3bfd-4c12-ad75-0d332897f7fa/datanode-1/data/ratis/43c229d4-dfa9-46fa-8586-93837b01e243: flushIndex: setUnconditionally 0 -> -1
2019-08-29 08:46:09,229 [pool-37-thread-1] INFO  server.RaftServerConfigKeys (ConfUtils.java:logGet(43)) - raft.server.snapshot.auto.trigger.enabled = true (custom)
2019-08-29 08:46:09,229 [pool-37-thread-1] INFO  server.RaftServerConfigKeys (ConfUtils.java:logGet(43)) - raft.server.snapshot.auto.trigger.threshold = 10000 (custom)
2019-08-29 08:46:09,230 [pool-37-thread-1] INFO  server.RaftServerConfigKeys (ConfUtils.java:logGet(43)) - raft.server.retrycache.expirytime = 600000ms (custom)
2019-08-29 08:46:09,232 [pool-37-thread-1] INFO  impl.RaftServerImpl (RaftServerImpl.java:<init>(93)) - 4204fb3a-7736-45d2-bbed-750a692783ae: new RaftServerImpl for group-5F3D927CD05F:[80032fdc-d78b-4a88-9434-3ce010c31b3f:192.168.5.176:43754, 4204fb3a-7736-45d2-bbed-750a692783ae:192.168.5.176:46077, e5fd3c67-4f38-41ed-8073-51136f0efc00:192.168.5.176:38915] with ContainerStateMachine:uninitialized
2019-08-29 08:46:09,232 [pool-37-thread-1] INFO  server.RaftServerConfigKeys (ConfUtils.java:logGet(43)) - raft.server.rpc.timeout.min = 5s (custom)
2019-08-29 08:46:09,232 [pool-37-thread-1] INFO  server.RaftServerConfigKeys (ConfUtils.java:logGet(43)) - raft.server.rpc.timeout.max = 5200ms (custom)
2019-08-29 08:46:09,233 [pool-37-thread-1] INFO  server.RaftServerConfigKeys (ConfUtils.java:logGet(43)) - raft.server.rpcslowness.timeout = 120s (custom)
2019-08-29 08:46:09,233 [pool-37-thread-1] INFO  server.RaftServerConfigKeys (ConfUtils.java:logGet(43)) - raft.server.sleep.deviation.threshold = 300 (default)
2019-08-29 08:46:09,233 [pool-37-thread-1] INFO  server.RaftServerConfigKeys (ConfUtils.java:logGet(43)) - raft.server.log.appender.install.snapshot.enabled = false (custom)
2019-08-29 08:46:09,233 [pool-37-thread-1] INFO  impl.RaftServerImpl (ServerState.java:<init>(105)) - 4204fb3a-7736-45d2-bbed-750a692783ae:group-5F3D927CD05F ConfigurationManager, init=-1: [80032fdc-d78b-4a88-9434-3ce010c31b3f:192.168.5.176:43754, 4204fb3a-7736-45d2-bbed-750a692783ae:192.168.5.176:46077, e5fd3c67-4f38-41ed-8073-51136f0efc00:192.168.5.176:38915], old=null, confs=<EMPTY_MAP>
2019-08-29 08:46:09,233 [pool-37-thread-1] INFO  server.RaftServerConfigKeys (ConfUtils.java:logGet(43)) - raft.server.storage.dir = [/workdir/hadoop-ozone/integration-test/target/test-dir/MiniOzoneClusterImpl-f455d224-3bfd-4c12-ad75-0d332897f7fa/datanode-1/data/ratis] (custom)
2019-08-29 08:46:09,234 [pool-37-thread-1] INFO  storage.RaftStorageDirectory (RaftStorageDirectory.java:analyzeStorage(246)) - The storage directory /workdir/hadoop-ozone/integration-test/target/test-dir/MiniOzoneClusterImpl-f455d224-3bfd-4c12-ad75-0d332897f7fa/datanode-1/data/ratis/47fbd6d6-227a-4652-b09d-5f3d927cd05f does not exist. Creating ...
2019-08-29 08:46:09,395 [Thread-289] INFO  impl.FollowerState (FollowerState.java:run(106)) - 4204fb3a-7736-45d2-bbed-750a692783ae:group-199DD1B2645C changes to CANDIDATE, lastRpcTime:5180, electionTimeout:5180ms
2019-08-29 08:46:09,412 [Thread-289] INFO  impl.RoleInfo (RoleInfo.java:shutdownFollowerState(121)) - 4204fb3a-7736-45d2-bbed-750a692783ae: shutdown FollowerState
2019-08-29 08:46:09,412 [Thread-289] INFO  impl.RaftServerImpl (RaftServerImpl.java:setRole(171)) - 4204fb3a-7736-45d2-bbed-750a692783ae:group-199DD1B2645C changes role from FOLLOWER to CANDIDATE at term 0 for changeToCandidate
2019-08-29 08:46:09,413 [Thread-289] INFO  impl.RoleInfo (RoleInfo.java:updateAndGet(143)) - 4204fb3a-7736-45d2-bbed-750a692783ae: start LeaderElection
2019-08-29 08:46:09,446 | INFO  | SCMAudit | user=jenkins1000 | ip=192.168.5.176 | op=SEND_HEARTBEAT {datanodeUUID=73bbc9c5-70f7-4fc8-a304-e36fb1a7c836, command=[]} | ret=SUCCESS |  
2019-08-29 08:46:09,532 | INFO  | SCMAudit | user=jenkins1000 | ip=192.168.5.176 | op=SEND_HEARTBEAT {datanodeUUID=4204fb3a-7736-45d2-bbed-750a692783ae, command=[]} | ret=SUCCESS |  
2019-08-29 08:46:09,617 | INFO  | SCMAudit | user=jenkins1000 | ip=192.168.5.176 | op=SEND_HEARTBEAT {datanodeUUID=e5fd3c67-4f38-41ed-8073-51136f0efc00, command=[]} | ret=SUCCESS |  
2019-08-29 08:46:10,125 | INFO  | SCMAudit | user=jenkins1000 | ip=192.168.5.176 | op=SEND_HEARTBEAT {datanodeUUID=3bbb20a1-a78a-49aa-a207-aa74965bf29c, command=[]} | ret=SUCCESS |  
2019-08-29 08:46:10,127 | INFO  | SCMAudit | user=jenkins1000 | ip=192.168.5.176 | op=SEND_HEARTBEAT {datanodeUUID=08d23bb8-f649-4ebd-a9a9-bbfd5b766034, command=[]} | ret=SUCCESS |  
2019-08-29 08:46:10,132 | INFO  | SCMAudit | user=jenkins1000 | ip=192.168.5.176 | op=SEND_HEARTBEAT {datanodeUUID=80032fdc-d78b-4a88-9434-3ce010c31b3f, command=[]} | ret=SUCCESS |  
2019-08-29 08:46:10,220 | INFO  | SCMAudit | user=jenkins1000 | ip=192.168.5.176 | op=SEND_HEARTBEAT {datanodeUUID=90f684eb-7c4f-41ac-bd9b-a2bcab6fa083, command=[]} | ret=SUCCESS |  
2019-08-29 08:46:10,417 [pool-77-thread-1] INFO  storage.RaftStorageDirectory (RaftStorageDirectory.java:tryLock(328)) - Lock on /workdir/hadoop-ozone/integration-test/target/test-dir/MiniOzoneClusterImpl-f455d224-3bfd-4c12-ad75-0d332897f7fa/datanode-5/data/ratis/47fbd6d6-227a-4652-b09d-5f3d927cd05f/in_use.lock acquired by nodename 29754@pr-hdds-1909-44d2n-1519487446
2019-08-29 08:46:10,419 [e5fd3c67-4f38-41ed-8073-51136f0efc00:group-2D9B50B46EE8:LeaderElection3] INFO  impl.LeaderElection (LeaderElection.java:askForVotes(181)) - e5fd3c67-4f38-41ed-8073-51136f0efc00:group-2D9B50B46EE8:LeaderElection3: begin an election at term 1 for -1: [e5fd3c67-4f38-41ed-8073-51136f0efc00:192.168.5.176:38915], old=null
2019-08-29 08:46:10,419 [80032fdc-d78b-4a88-9434-3ce010c31b3f:group-199DD1B2645C:LeaderElection4] INFO  impl.LeaderElection (LeaderElection.java:askForVotes(181)) - 80032fdc-d78b-4a88-9434-3ce010c31b3f:group-199DD1B2645C:LeaderElection4: begin an election at term 1 for -1: [80032fdc-d78b-4a88-9434-3ce010c31b3f:192.168.5.176:43754, 4204fb3a-7736-45d2-bbed-750a692783ae:192.168.5.176:46077, e5fd3c67-4f38-41ed-8073-51136f0efc00:192.168.5.176:38915], old=null
2019-08-29 08:46:10,419 [e5fd3c67-4f38-41ed-8073-51136f0efc00:group-2D9B50B46EE8:LeaderElection3] INFO  impl.RoleInfo (RoleInfo.java:shutdownLeaderElection(134)) - e5fd3c67-4f38-41ed-8073-51136f0efc00: shutdown LeaderElection
2019-08-29 08:46:10,420 [e5fd3c67-4f38-41ed-8073-51136f0efc00:group-2D9B50B46EE8:LeaderElection3] INFO  impl.RaftServerImpl (RaftServerImpl.java:setRole(171)) - e5fd3c67-4f38-41ed-8073-51136f0efc00:group-2D9B50B46EE8 changes role from CANDIDATE to LEADER at term 1 for changeToLeader
2019-08-29 08:46:10,420 [e5fd3c67-4f38-41ed-8073-51136f0efc00:group-2D9B50B46EE8:LeaderElection3] INFO  impl.RaftServerImpl (ServerState.java:setLeader(263)) - e5fd3c67-4f38-41ed-8073-51136f0efc00:group-2D9B50B46EE8 change Leader from null to e5fd3c67-4f38-41ed-8073-51136f0efc00 at term 1 for becomeLeader, leader elected after 19644ms
2019-08-29 08:46:10,423 [e5fd3c67-4f38-41ed-8073-51136f0efc00:group-2D9B50B46EE8:LeaderElection3] INFO  server.RaftServerConfigKeys (ConfUtils.java:logGet(43)) - raft.server.staging.catchup.gap = 1000 (default)
2019-08-29 08:46:10,423 [e5fd3c67-4f38-41ed-8073-51136f0efc00:group-2D9B50B46EE8:LeaderElection3] INFO  server.RaftServerConfigKeys (ConfUtils.java:logGet(43)) - raft.server.rpc.sleep.time = 25ms (default)
2019-08-29 08:46:10,424 [e5fd3c67-4f38-41ed-8073-51136f0efc00:group-2D9B50B46EE8:LeaderElection3] INFO  server.RaftServerConfigKeys (ConfUtils.java:logGet(43)) - raft.server.write.element-limit = 4096 (default)
2019-08-29 08:46:10,424 [e5fd3c67-4f38-41ed-8073-51136f0efc00:group-2D9B50B46EE8:LeaderElection3] INFO  server.RaftServerConfigKeys (ConfUtils.java:logGet(43)) - raft.server.watch.timeout = 10s (default)
2019-08-29 08:46:10,424 [e5fd3c67-4f38-41ed-8073-51136f0efc00:group-2D9B50B46EE8:LeaderElection3] INFO  server.RaftServerConfigKeys (ConfUtils.java:logGet(43)) - raft.server.watch.timeout.denomination = 1s (default)
2019-08-29 08:46:10,425 [e5fd3c67-4f38-41ed-8073-51136f0efc00:group-2D9B50B46EE8:LeaderElection3] INFO  server.RaftServerConfigKeys (ConfUtils.java:logGet(43)) - raft.server.watch.element-limit = 65536 (default)
2019-08-29 08:46:10,425 [e5fd3c67-4f38-41ed-8073-51136f0efc00:group-2D9B50B46EE8:LeaderElection3] INFO  impl.RoleInfo (RoleInfo.java:updateAndGet(143)) - e5fd3c67-4f38-41ed-8073-51136f0efc00: start LeaderState
2019-08-29 08:46:10,426 [e5fd3c67-4f38-41ed-8073-51136f0efc00:group-2D9B50B46EE8:LeaderElection3] INFO  segmented.SegmentedRaftLogWorker (SegmentedRaftLogWorker.java:startLogSegment(380)) - e5fd3c67-4f38-41ed-8073-51136f0efc00-SegmentedRaftLogWorker:Storage Directory /workdir/hadoop-ozone/integration-test/target/test-dir/MiniOzoneClusterImpl-f455d224-3bfd-4c12-ad75-0d332897f7fa/datanode-2/data/ratis/235f1a63-13c0-4190-818c-2d9b50b46ee8: Starting segment from index:0
2019-08-29 08:46:10,427 [e5fd3c67-4f38-41ed-8073-51136f0efc00:group-2D9B50B46EE8:LeaderElection3] INFO  impl.RaftServerImpl (ServerState.java:setRaftConf(361)) - e5fd3c67-4f38-41ed-8073-51136f0efc00:group-2D9B50B46EE8 set configuration 0: [e5fd3c67-4f38-41ed-8073-51136f0efc00:192.168.5.176:38915], old=null at 0
2019-08-29 08:46:10,453 [grpc-default-executor-1] WARN  server.GrpcServerProtocolService (LogUtils.java:warn(134)) - e5fd3c67-4f38-41ed-8073-51136f0efc00: Failed requestVote 80032fdc-d78b-4a88-9434-3ce010c31b3f->e5fd3c67-4f38-41ed-8073-51136f0efc00#0: org.apache.ratis.protocol.ServerNotReadyException: Server e5fd3c67-4f38-41ed-8073-51136f0efc00 is not [RUNNING]: current state is NEW
2019-08-29 08:46:10,455 | INFO  | SCMAudit | user=jenkins1000 | ip=192.168.5.176 | op=SEND_HEARTBEAT {datanodeUUID=73bbc9c5-70f7-4fc8-a304-e36fb1a7c836, command=[]} | ret=SUCCESS |  
2019-08-29 08:46:10,460 [80032fdc-d78b-4a88-9434-3ce010c31b3f:group-199DD1B2645C:LeaderElection4] INFO  impl.LeaderElection (LogUtils.java:infoOrTrace(149)) - 80032fdc-d78b-4a88-9434-3ce010c31b3f:group-199DD1B2645C:LeaderElection4 got exception when requesting votes: {}
java.util.concurrent.ExecutionException: org.apache.ratis.thirdparty.io.grpc.StatusRuntimeException: INTERNAL: Server e5fd3c67-4f38-41ed-8073-51136f0efc00 is not [RUNNING]: current state is NEW
	at java.util.concurrent.FutureTask.report(FutureTask.java:122)
	at java.util.concurrent.FutureTask.get(FutureTask.java:192)
	at org.apache.ratis.server.impl.LeaderElection.waitForResults(LeaderElection.java:262)
	at org.apache.ratis.server.impl.LeaderElection.askForVotes(LeaderElection.java:200)
	at org.apache.ratis.server.impl.LeaderElection.run(LeaderElection.java:130)
	at java.lang.Thread.run(Thread.java:748)
Caused by: org.apache.ratis.thirdparty.io.grpc.StatusRuntimeException: INTERNAL: Server e5fd3c67-4f38-41ed-8073-51136f0efc00 is not [RUNNING]: current state is NEW
	at org.apache.ratis.thirdparty.io.grpc.stub.ClientCalls.toStatusRuntimeException(ClientCalls.java:233)
	at org.apache.ratis.thirdparty.io.grpc.stub.ClientCalls.getUnchecked(ClientCalls.java:214)
	at org.apache.ratis.thirdparty.io.grpc.stub.ClientCalls.blockingUnaryCall(ClientCalls.java:139)
	at org.apache.ratis.proto.grpc.RaftServerProtocolServiceGrpc$RaftServerProtocolServiceBlockingStub.requestVote(RaftServerProtocolServiceGrpc.java:265)
	at org.apache.ratis.grpc.server.GrpcServerProtocolClient.requestVote(GrpcServerProtocolClient.java:83)
	at org.apache.ratis.grpc.server.GrpcService.requestVote(GrpcService.java:195)
	at org.apache.ratis.server.impl.LeaderElection.lambda$submitRequests$1(LeaderElection.java:237)
	at java.util.concurrent.FutureTask.run(FutureTask.java:266)
	at java.util.concurrent.Executors$RunnableAdapter.call(Executors.java:511)
	at java.util.concurrent.FutureTask.run(FutureTask.java:266)
	at java.util.concurrent.ThreadPoolExecutor.runWorker(ThreadPoolExecutor.java:1149)
	at java.util.concurrent.ThreadPoolExecutor$Worker.run(ThreadPoolExecutor.java:624)
	... 1 more
2019-08-29 08:46:10,532 | INFO  | SCMAudit | user=jenkins1000 | ip=192.168.5.176 | op=SEND_HEARTBEAT {datanodeUUID=4204fb3a-7736-45d2-bbed-750a692783ae, command=[]} | ret=SUCCESS |  
2019-08-29 08:46:10,617 | INFO  | SCMAudit | user=jenkins1000 | ip=192.168.5.176 | op=SEND_HEARTBEAT {datanodeUUID=e5fd3c67-4f38-41ed-8073-51136f0efc00, command=[]} | ret=SUCCESS |  
2019-08-29 08:46:11,126 | INFO  | SCMAudit | user=jenkins1000 | ip=192.168.5.176 | op=SEND_HEARTBEAT {datanodeUUID=3bbb20a1-a78a-49aa-a207-aa74965bf29c, command=[]} | ret=SUCCESS |  
2019-08-29 08:46:11,127 | INFO  | SCMAudit | user=jenkins1000 | ip=192.168.5.176 | op=SEND_HEARTBEAT {datanodeUUID=08d23bb8-f649-4ebd-a9a9-bbfd5b766034, command=[]} | ret=SUCCESS |  
2019-08-29 08:46:11,131 | INFO  | SCMAudit | user=jenkins1000 | ip=192.168.5.176 | op=SEND_HEARTBEAT {datanodeUUID=80032fdc-d78b-4a88-9434-3ce010c31b3f, command=[]} | ret=SUCCESS |  
2019-08-29 08:46:11,220 | INFO  | SCMAudit | user=jenkins1000 | ip=192.168.5.176 | op=SEND_HEARTBEAT {datanodeUUID=90f684eb-7c4f-41ac-bd9b-a2bcab6fa083, command=[]} | ret=SUCCESS |  
2019-08-29 08:46:11,420 [RATISCREATEPIPELINE2] ERROR pipeline.RatisPipelineProvider (RatisPipelineProvider.java:lambda$null$5(235)) - Failed invoke Ratis rpc org.apache.hadoop.hdds.scm.pipeline.RatisPipelineProvider$$Lambda$187/1505492594@197870f6 for e5fd3c67-4f38-41ed-8073-51136f0efc00
org.apache.ratis.protocol.TimeoutIOException: deadline exceeded after 2999698467ns
	at org.apache.ratis.grpc.GrpcUtil.tryUnwrapException(GrpcUtil.java:82)
	at org.apache.ratis.grpc.GrpcUtil.unwrapException(GrpcUtil.java:75)
	at org.apache.ratis.grpc.client.GrpcClientProtocolClient.blockingCall(GrpcClientProtocolClient.java:169)
	at org.apache.ratis.grpc.client.GrpcClientProtocolClient.groupAdd(GrpcClientProtocolClient.java:138)
	at org.apache.ratis.grpc.client.GrpcClientRpc.sendRequest(GrpcClientRpc.java:94)
	at org.apache.ratis.client.impl.RaftClientImpl.sendRequest(RaftClientImpl.java:279)
	at org.apache.ratis.client.impl.RaftClientImpl.groupAdd(RaftClientImpl.java:206)
	at org.apache.hadoop.hdds.scm.pipeline.RatisPipelineProvider.lambda$initializePipeline$4(RatisPipelineProvider.java:194)
	at org.apache.hadoop.hdds.scm.pipeline.RatisPipelineProvider.lambda$null$5(RatisPipelineProvider.java:231)
	at java.util.stream.ForEachOps$ForEachOp$OfRef.accept(ForEachOps.java:184)
	at java.util.ArrayList$ArrayListSpliterator.forEachRemaining(ArrayList.java:1382)
	at java.util.stream.AbstractPipeline.copyInto(AbstractPipeline.java:482)
	at java.util.stream.ForEachOps$ForEachTask.compute(ForEachOps.java:291)
	at java.util.concurrent.CountedCompleter.exec(CountedCompleter.java:731)
	at java.util.concurrent.ForkJoinTask.doExec(ForkJoinTask.java:289)
	at java.util.concurrent.ForkJoinPool$WorkQueue.runTask(ForkJoinPool.java:1056)
	at java.util.concurrent.ForkJoinPool.runWorker(ForkJoinPool.java:1692)
	at java.util.concurrent.ForkJoinWorkerThread.run(ForkJoinWorkerThread.java:157)
Caused by: org.apache.ratis.thirdparty.io.grpc.StatusRuntimeException: DEADLINE_EXCEEDED: deadline exceeded after 2999698467ns
	at org.apache.ratis.thirdparty.io.grpc.stub.ClientCalls.toStatusRuntimeException(ClientCalls.java:233)
	at org.apache.ratis.thirdparty.io.grpc.stub.ClientCalls.getUnchecked(ClientCalls.java:214)
	at org.apache.ratis.thirdparty.io.grpc.stub.ClientCalls.blockingUnaryCall(ClientCalls.java:139)
	at org.apache.ratis.proto.grpc.AdminProtocolServiceGrpc$AdminProtocolServiceBlockingStub.groupManagement(AdminProtocolServiceGrpc.java:274)
	at org.apache.ratis.grpc.client.GrpcClientProtocolClient.lambda$groupAdd$3(GrpcClientProtocolClient.java:140)
	at org.apache.ratis.grpc.client.GrpcClientProtocolClient.blockingCall(GrpcClientProtocolClient.java:167)
	... 15 more
2019-08-29 08:46:11,420 [RATISCREATEPIPELINE3] ERROR pipeline.RatisPipelineProvider (RatisPipelineProvider.java:lambda$null$5(235)) - Failed invoke Ratis rpc org.apache.hadoop.hdds.scm.pipeline.RatisPipelineProvider$$Lambda$187/1505492594@197870f6 for 80032fdc-d78b-4a88-9434-3ce010c31b3f
org.apache.ratis.protocol.TimeoutIOException: deadline exceeded after 2995503688ns
	at org.apache.ratis.grpc.GrpcUtil.tryUnwrapException(GrpcUtil.java:82)
	at org.apache.ratis.grpc.GrpcUtil.unwrapException(GrpcUtil.java:75)
	at org.apache.ratis.grpc.client.GrpcClientProtocolClient.blockingCall(GrpcClientProtocolClient.java:169)
	at org.apache.ratis.grpc.client.GrpcClientProtocolClient.groupAdd(GrpcClientProtocolClient.java:138)
	at org.apache.ratis.grpc.client.GrpcClientRpc.sendRequest(GrpcClientRpc.java:94)
	at org.apache.ratis.client.impl.RaftClientImpl.sendRequest(RaftClientImpl.java:279)
	at org.apache.ratis.client.impl.RaftClientImpl.groupAdd(RaftClientImpl.java:206)
	at org.apache.hadoop.hdds.scm.pipeline.RatisPipelineProvider.lambda$initializePipeline$4(RatisPipelineProvider.java:194)
	at org.apache.hadoop.hdds.scm.pipeline.RatisPipelineProvider.lambda$null$5(RatisPipelineProvider.java:231)
	at java.util.stream.ForEachOps$ForEachOp$OfRef.accept(ForEachOps.java:184)
	at java.util.ArrayList$ArrayListSpliterator.forEachRemaining(ArrayList.java:1382)
	at java.util.stream.AbstractPipeline.copyInto(AbstractPipeline.java:482)
	at java.util.stream.ForEachOps$ForEachTask.compute(ForEachOps.java:291)
	at java.util.concurrent.CountedCompleter.exec(CountedCompleter.java:731)
	at java.util.concurrent.ForkJoinTask.doExec(ForkJoinTask.java:289)
	at java.util.concurrent.ForkJoinPool$WorkQueue.runTask(ForkJoinPool.java:1056)
	at java.util.concurrent.ForkJoinPool.runWorker(ForkJoinPool.java:1692)
	at java.util.concurrent.ForkJoinWorkerThread.run(ForkJoinWorkerThread.java:157)
Caused by: org.apache.ratis.thirdparty.io.grpc.StatusRuntimeException: DEADLINE_EXCEEDED: deadline exceeded after 2995503688ns
	at org.apache.ratis.thirdparty.io.grpc.stub.ClientCalls.toStatusRuntimeException(ClientCalls.java:233)
	at org.apache.ratis.thirdparty.io.grpc.stub.ClientCalls.getUnchecked(ClientCalls.java:214)
	at org.apache.ratis.thirdparty.io.grpc.stub.ClientCalls.blockingUnaryCall(ClientCalls.java:139)
	at org.apache.ratis.proto.grpc.AdminProtocolServiceGrpc$AdminProtocolServiceBlockingStub.groupManagement(AdminProtocolServiceGrpc.java:274)
	at org.apache.ratis.grpc.client.GrpcClientProtocolClient.lambda$groupAdd$3(GrpcClientProtocolClient.java:140)
	at org.apache.ratis.grpc.client.GrpcClientProtocolClient.blockingCall(GrpcClientProtocolClient.java:167)
	... 15 more
2019-08-29 08:46:11,420 [RATISCREATEPIPELINE1] ERROR pipeline.RatisPipelineProvider (RatisPipelineProvider.java:lambda$null$5(235)) - Failed invoke Ratis rpc org.apache.hadoop.hdds.scm.pipeline.RatisPipelineProvider$$Lambda$187/1505492594@197870f6 for 4204fb3a-7736-45d2-bbed-750a692783ae
org.apache.ratis.protocol.TimeoutIOException: deadline exceeded after 2997565901ns
	at org.apache.ratis.grpc.GrpcUtil.tryUnwrapException(GrpcUtil.java:82)
	at org.apache.ratis.grpc.GrpcUtil.unwrapException(GrpcUtil.java:75)
	at org.apache.ratis.grpc.client.GrpcClientProtocolClient.blockingCall(GrpcClientProtocolClient.java:169)
	at org.apache.ratis.grpc.client.GrpcClientProtocolClient.groupAdd(GrpcClientProtocolClient.java:138)
	at org.apache.ratis.grpc.client.GrpcClientRpc.sendRequest(GrpcClientRpc.java:94)
	at org.apache.ratis.client.impl.RaftClientImpl.sendRequest(RaftClientImpl.java:279)
	at org.apache.ratis.client.impl.RaftClientImpl.groupAdd(RaftClientImpl.java:206)
	at org.apache.hadoop.hdds.scm.pipeline.RatisPipelineProvider.lambda$initializePipeline$4(RatisPipelineProvider.java:194)
	at org.apache.hadoop.hdds.scm.pipeline.RatisPipelineProvider.lambda$null$5(RatisPipelineProvider.java:231)
	at java.util.stream.ForEachOps$ForEachOp$OfRef.accept(ForEachOps.java:184)
	at java.util.ArrayList$ArrayListSpliterator.forEachRemaining(ArrayList.java:1382)
	at java.util.stream.AbstractPipeline.copyInto(AbstractPipeline.java:482)
	at java.util.stream.ForEachOps$ForEachTask.compute(ForEachOps.java:291)
	at java.util.concurrent.CountedCompleter.exec(CountedCompleter.java:731)
	at java.util.concurrent.ForkJoinTask.doExec(ForkJoinTask.java:289)
	at java.util.concurrent.ForkJoinTask.doInvoke(ForkJoinTask.java:401)
	at java.util.concurrent.ForkJoinTask.invoke(ForkJoinTask.java:734)
	at java.util.stream.ForEachOps$ForEachOp.evaluateParallel(ForEachOps.java:160)
	at java.util.stream.ForEachOps$ForEachOp$OfRef.evaluateParallel(ForEachOps.java:174)
	at java.util.stream.AbstractPipeline.evaluate(AbstractPipeline.java:233)
	at java.util.stream.ReferencePipeline.forEach(ReferencePipeline.java:418)
	at java.util.stream.ReferencePipeline$Head.forEach(ReferencePipeline.java:583)
	at org.apache.hadoop.hdds.scm.pipeline.RatisPipelineProvider.lambda$callRatisRpc$6(RatisPipelineProvider.java:225)
	at java.util.concurrent.ForkJoinTask$AdaptedRunnableAction.exec(ForkJoinTask.java:1386)
	at java.util.concurrent.ForkJoinTask.doExec(ForkJoinTask.java:289)
	at java.util.concurrent.ForkJoinPool$WorkQueue.runTask(ForkJoinPool.java:1056)
	at java.util.concurrent.ForkJoinPool.runWorker(ForkJoinPool.java:1692)
	at java.util.concurrent.ForkJoinWorkerThread.run(ForkJoinWorkerThread.java:157)
Caused by: org.apache.ratis.thirdparty.io.grpc.StatusRuntimeException: DEADLINE_EXCEEDED: deadline exceeded after 2997565901ns
	at org.apache.ratis.thirdparty.io.grpc.stub.ClientCalls.toStatusRuntimeException(ClientCalls.java:233)
	at org.apache.ratis.thirdparty.io.grpc.stub.ClientCalls.getUnchecked(ClientCalls.java:214)
	at org.apache.ratis.thirdparty.io.grpc.stub.ClientCalls.blockingUnaryCall(ClientCalls.java:139)
	at org.apache.ratis.proto.grpc.AdminProtocolServiceGrpc$AdminProtocolServiceBlockingStub.groupManagement(AdminProtocolServiceGrpc.java:274)
	at org.apache.ratis.grpc.client.GrpcClientProtocolClient.lambda$groupAdd$3(GrpcClientProtocolClient.java:140)
	at org.apache.ratis.grpc.client.GrpcClientProtocolClient.blockingCall(GrpcClientProtocolClient.java:167)
	... 25 more
2019-08-29 08:46:11,425 [IPC Server handler 3 on 43221] WARN  block.BlockManagerImpl (BlockManagerImpl.java:allocateBlock(192)) - Pipeline creation failed for type:RATIS factor:THREE. Retrying get pipelines call once.
org.apache.hadoop.io.MultipleIOException: 3 exceptions [java.io.IOException: Failed invoke Ratis rpc org.apache.hadoop.hdds.scm.pipeline.RatisPipelineProvider$$Lambda$187/1505492594@197870f6 for e5fd3c67-4f38-41ed-8073-51136f0efc00, java.io.IOException: Failed invoke Ratis rpc org.apache.hadoop.hdds.scm.pipeline.RatisPipelineProvider$$Lambda$187/1505492594@197870f6 for 80032fdc-d78b-4a88-9434-3ce010c31b3f, java.io.IOException: Failed invoke Ratis rpc org.apache.hadoop.hdds.scm.pipeline.RatisPipelineProvider$$Lambda$187/1505492594@197870f6 for 4204fb3a-7736-45d2-bbed-750a692783ae]
	at org.apache.hadoop.io.MultipleIOException.createIOException(MultipleIOException.java:53)
	at org.apache.hadoop.hdds.scm.pipeline.RatisPipelineProvider.callRatisRpc(RatisPipelineProvider.java:251)
	at org.apache.hadoop.hdds.scm.pipeline.RatisPipelineProvider.initializePipeline(RatisPipelineProvider.java:192)
	at org.apache.hadoop.hdds.scm.pipeline.RatisPipelineProvider.create(RatisPipelineProvider.java:161)
	at org.apache.hadoop.hdds.scm.pipeline.PipelineFactory.create(PipelineFactory.java:57)
	at org.apache.hadoop.hdds.scm.pipeline.SCMPipelineManager.createPipeline(SCMPipelineManager.java:149)
	at org.apache.hadoop.hdds.scm.block.BlockManagerImpl.allocateBlock(BlockManagerImpl.java:190)
	at org.apache.hadoop.hdds.scm.server.SCMBlockProtocolServer.allocateBlock(SCMBlockProtocolServer.java:175)
	at org.apache.hadoop.ozone.protocolPB.ScmBlockLocationProtocolServerSideTranslatorPB.allocateScmBlock(ScmBlockLocationProtocolServerSideTranslatorPB.java:153)
	at org.apache.hadoop.ozone.protocolPB.ScmBlockLocationProtocolServerSideTranslatorPB.send(ScmBlockLocationProtocolServerSideTranslatorPB.java:112)
	at org.apache.hadoop.hdds.protocol.proto.ScmBlockLocationProtocolProtos$ScmBlockLocationProtocolService$2.callBlockingMethod(ScmBlockLocationProtocolProtos.java:13157)
	at org.apache.hadoop.ipc.ProtobufRpcEngine$Server$ProtoBufRpcInvoker.call(ProtobufRpcEngine.java:524)
	at org.apache.hadoop.ipc.RPC$Server.call(RPC.java:1025)
	at org.apache.hadoop.ipc.Server$RpcCall.run(Server.java:876)
	at org.apache.hadoop.ipc.Server$RpcCall.run(Server.java:822)
	at java.security.AccessController.doPrivileged(Native Method)
	at javax.security.auth.Subject.doAs(Subject.java:422)
	at org.apache.hadoop.security.UserGroupInformation.doAs(UserGroupInformation.java:1730)
	at org.apache.hadoop.ipc.Server$Handler.run(Server.java:2682)
2019-08-29 08:46:11,426 [IPC Server handler 3 on 43221] INFO  block.BlockManagerImpl (BlockManagerImpl.java:allocateBlock(198)) - Could not find available pipeline of type:RATIS and factor:THREE even after retrying
2019-08-29 08:46:11,426 [IPC Server handler 3 on 43221] ERROR block.BlockManagerImpl (BlockManagerImpl.java:allocateBlock(222)) - Unable to allocate a block for the size: 4194304, type: RATIS, factor: THREE
2019-08-29 08:46:11,426 | INFO  | SCMAudit | user=jenkins1000 | ip=192.168.5.176 | op=ALLOCATE_BLOCK {owner=f6230dbf-a8ec-4634-92ba-e9f4c9df306f, size=4194304, type=RATIS, factor=THREE} | ret=SUCCESS |  
]]></system-out>
  </testcase>
  <testcase name="testMultiBlockWrites2" classname="org.apache.hadoop.ozone.client.rpc.TestCloseContainerHandlingByClient" time="6.695">
    <error message="Allocated 0 blocks. Requested 2 blocks" type="INTERNAL_ERROR org.apache.hadoop.ozone.om.exceptions.OMException">INTERNAL_ERROR org.apache.hadoop.ozone.om.exceptions.OMException: Allocated 0 blocks. Requested 2 blocks
	at org.apache.hadoop.ozone.om.protocolPB.OzoneManagerProtocolClientSideTranslatorPB.handleError(OzoneManagerProtocolClientSideTranslatorPB.java:725)
	at org.apache.hadoop.ozone.om.protocolPB.OzoneManagerProtocolClientSideTranslatorPB.openKey(OzoneManagerProtocolClientSideTranslatorPB.java:716)
	at org.apache.hadoop.ozone.client.rpc.RpcClient.createKey(RpcClient.java:615)
	at org.apache.hadoop.ozone.client.OzoneBucket.createKey(OzoneBucket.java:325)
	at org.apache.hadoop.ozone.container.ContainerTestHelper.createKey(ContainerTestHelper.java:695)
	at org.apache.hadoop.ozone.client.rpc.TestCloseContainerHandlingByClient.createKey(TestCloseContainerHandlingByClient.java:396)
	at org.apache.hadoop.ozone.client.rpc.TestCloseContainerHandlingByClient.testMultiBlockWrites2(TestCloseContainerHandlingByClient.java:233)
	at sun.reflect.NativeMethodAccessorImpl.invoke0(Native Method)
	at sun.reflect.NativeMethodAccessorImpl.invoke(NativeMethodAccessorImpl.java:62)
	at sun.reflect.DelegatingMethodAccessorImpl.invoke(DelegatingMethodAccessorImpl.java:43)
	at java.lang.reflect.Method.invoke(Method.java:498)
	at org.junit.runners.model.FrameworkMethod$1.runReflectiveCall(FrameworkMethod.java:47)
	at org.junit.internal.runners.model.ReflectiveCallable.run(ReflectiveCallable.java:12)
	at org.junit.runners.model.FrameworkMethod.invokeExplosively(FrameworkMethod.java:44)
	at org.junit.internal.runners.statements.InvokeMethod.evaluate(InvokeMethod.java:17)
	at org.junit.runners.ParentRunner.runLeaf(ParentRunner.java:271)
	at org.junit.runners.BlockJUnit4ClassRunner.runChild(BlockJUnit4ClassRunner.java:70)
	at org.junit.runners.BlockJUnit4ClassRunner.runChild(BlockJUnit4ClassRunner.java:50)
	at org.junit.runners.ParentRunner$3.run(ParentRunner.java:238)
	at org.junit.runners.ParentRunner$1.schedule(ParentRunner.java:63)
	at org.junit.runners.ParentRunner.runChildren(ParentRunner.java:236)
	at org.junit.runners.ParentRunner.access$000(ParentRunner.java:53)
	at org.junit.runners.ParentRunner$2.evaluate(ParentRunner.java:229)
	at org.junit.internal.runners.statements.RunBefores.evaluate(RunBefores.java:26)
	at org.junit.internal.runners.statements.RunAfters.evaluate(RunAfters.java:27)
	at org.junit.runners.ParentRunner.run(ParentRunner.java:309)
	at org.apache.maven.surefire.junit4.JUnit4Provider.execute(JUnit4Provider.java:365)
	at org.apache.maven.surefire.junit4.JUnit4Provider.executeWithRerun(JUnit4Provider.java:273)
	at org.apache.maven.surefire.junit4.JUnit4Provider.executeTestSet(JUnit4Provider.java:238)
	at org.apache.maven.surefire.junit4.JUnit4Provider.invoke(JUnit4Provider.java:159)
	at org.apache.maven.surefire.booter.ForkedBooter.invokeProviderInSameClassLoader(ForkedBooter.java:384)
	at org.apache.maven.surefire.booter.ForkedBooter.runSuitesInProcess(ForkedBooter.java:345)
	at org.apache.maven.surefire.booter.ForkedBooter.execute(ForkedBooter.java:126)
	at org.apache.maven.surefire.booter.ForkedBooter.main(ForkedBooter.java:418)
</error>
    <system-out><![CDATA[2019-08-29 08:46:11,431 | INFO  | OMAudit | user=jenkins1000 | ip=127.0.0.1 | op=READ_VOLUME {volume=closecontainerexceptionhandlingtest} | ret=SUCCESS |  
2019-08-29 08:46:11,433 | INFO  | OMAudit | user=jenkins1000 | ip=127.0.0.1 | op=READ_BUCKET {volume=closecontainerexceptionhandlingtest, bucket=closecontainerexceptionhandlingtest} | ret=SUCCESS |  
2019-08-29 08:46:11,458 [grpc-default-executor-0] INFO  impl.RaftServerProxy (RaftServerProxy.java:addNew(89)) - 4204fb3a-7736-45d2-bbed-750a692783ae: addNew group-9165C7776E0D:[80032fdc-d78b-4a88-9434-3ce010c31b3f:192.168.5.176:43754, 4204fb3a-7736-45d2-bbed-750a692783ae:192.168.5.176:46077, e5fd3c67-4f38-41ed-8073-51136f0efc00:192.168.5.176:38915] returns group-9165C7776E0D:java.util.concurrent.CompletableFuture@695854d9[Not completed]
2019-08-29 08:46:11,458 [grpc-default-executor-3] INFO  impl.RaftServerProxy (RaftServerProxy.java:addNew(89)) - e5fd3c67-4f38-41ed-8073-51136f0efc00: addNew group-9165C7776E0D:[80032fdc-d78b-4a88-9434-3ce010c31b3f:192.168.5.176:43754, 4204fb3a-7736-45d2-bbed-750a692783ae:192.168.5.176:46077, e5fd3c67-4f38-41ed-8073-51136f0efc00:192.168.5.176:38915] returns group-9165C7776E0D:java.util.concurrent.CompletableFuture@3c639ca3[Not completed]
2019-08-29 08:46:11,458 [grpc-default-executor-1] INFO  impl.RaftServerProxy (RaftServerProxy.java:addNew(89)) - 80032fdc-d78b-4a88-9434-3ce010c31b3f: addNew group-9165C7776E0D:[80032fdc-d78b-4a88-9434-3ce010c31b3f:192.168.5.176:43754, 4204fb3a-7736-45d2-bbed-750a692783ae:192.168.5.176:46077, e5fd3c67-4f38-41ed-8073-51136f0efc00:192.168.5.176:38915] returns group-9165C7776E0D:java.util.concurrent.CompletableFuture@711a3c12[Not completed]
2019-08-29 08:46:11,459 | INFO  | SCMAudit | user=jenkins1000 | ip=192.168.5.176 | op=SEND_HEARTBEAT {datanodeUUID=73bbc9c5-70f7-4fc8-a304-e36fb1a7c836, command=[]} | ret=SUCCESS |  
2019-08-29 08:46:11,532 | INFO  | SCMAudit | user=jenkins1000 | ip=192.168.5.176 | op=SEND_HEARTBEAT {datanodeUUID=4204fb3a-7736-45d2-bbed-750a692783ae, command=[]} | ret=SUCCESS |  
2019-08-29 08:46:11,617 | INFO  | SCMAudit | user=jenkins1000 | ip=192.168.5.176 | op=SEND_HEARTBEAT {datanodeUUID=e5fd3c67-4f38-41ed-8073-51136f0efc00, command=[]} | ret=SUCCESS |  
2019-08-29 08:46:11,678 [pool-37-thread-1] INFO  storage.RaftStorageDirectory (RaftStorageDirectory.java:tryLock(328)) - Lock on /workdir/hadoop-ozone/integration-test/target/test-dir/MiniOzoneClusterImpl-f455d224-3bfd-4c12-ad75-0d332897f7fa/datanode-1/data/ratis/47fbd6d6-227a-4652-b09d-5f3d927cd05f/in_use.lock acquired by nodename 29754@pr-hdds-1909-44d2n-1519487446
2019-08-29 08:46:11,678 [4204fb3a-7736-45d2-bbed-750a692783ae:group-199DD1B2645C:LeaderElection5] INFO  impl.LeaderElection (LeaderElection.java:askForVotes(181)) - 4204fb3a-7736-45d2-bbed-750a692783ae:group-199DD1B2645C:LeaderElection5: begin an election at term 1 for -1: [80032fdc-d78b-4a88-9434-3ce010c31b3f:192.168.5.176:43754, 4204fb3a-7736-45d2-bbed-750a692783ae:192.168.5.176:46077, e5fd3c67-4f38-41ed-8073-51136f0efc00:192.168.5.176:38915], old=null
2019-08-29 08:46:11,678 [pool-47-thread-1] INFO  storage.RaftStorage (RaftStorage.java:format(72)) - Storage directory /workdir/hadoop-ozone/integration-test/target/test-dir/MiniOzoneClusterImpl-f455d224-3bfd-4c12-ad75-0d332897f7fa/datanode-2/data/ratis/43c229d4-dfa9-46fa-8586-93837b01e243 has been successfully formatted.
2019-08-29 08:46:11,680 [pool-47-thread-1] INFO  ratis.ContainerStateMachine (ContainerStateMachine.java:loadSnapshot(227)) - group-93837B01E243: The snapshot info is null. Setting the last applied indexto:(t:0, i:~)
2019-08-29 08:46:11,680 [pool-47-thread-1] INFO  server.RaftServerConfigKeys (ConfUtils.java:logGet(43)) - raft.server.leader.election.timeout = 120s (custom)
2019-08-29 08:46:11,681 [pool-47-thread-1] INFO  server.RaftServerConfigKeys (ConfUtils.java:logGet(43)) - raft.server.log.use.memory = false (default)
2019-08-29 08:46:11,681 [pool-47-thread-1] INFO  server.RaftServerConfigKeys (ConfUtils.java:logGet(43)) - raft.server.log.purge.gap = 1000000 (custom)
2019-08-29 08:46:11,682 [pool-47-thread-1] INFO  server.RaftServerConfigKeys (ConfUtils.java:logGet(43)) - raft.server.log.appender.buffer.byte-limit = 33554432 (custom)
2019-08-29 08:46:11,687 [pool-47-thread-1] INFO  server.RaftServerConfigKeys (ConfUtils.java:logGet(43)) - raft.server.log.segment.size.max = 1048576 (custom)
2019-08-29 08:46:11,688 [pool-47-thread-1] INFO  server.RaftServerConfigKeys (ConfUtils.java:logGet(43)) - raft.server.log.segment.cache.num.max = 2 (custom)
2019-08-29 08:46:11,688 [pool-47-thread-1] INFO  segmented.SegmentedRaftLogWorker (SegmentedRaftLogWorker.java:<init>(172)) - new e5fd3c67-4f38-41ed-8073-51136f0efc00-SegmentedRaftLogWorker:Storage Directory /workdir/hadoop-ozone/integration-test/target/test-dir/MiniOzoneClusterImpl-f455d224-3bfd-4c12-ad75-0d332897f7fa/datanode-2/data/ratis/43c229d4-dfa9-46fa-8586-93837b01e243 for RaftStorage:Storage Directory /workdir/hadoop-ozone/integration-test/target/test-dir/MiniOzoneClusterImpl-f455d224-3bfd-4c12-ad75-0d332897f7fa/datanode-2/data/ratis/43c229d4-dfa9-46fa-8586-93837b01e243
2019-08-29 08:46:11,688 [pool-47-thread-1] INFO  server.RaftServerConfigKeys (ConfUtils.java:logGet(43)) - raft.server.log.queue.byte-limit = 2147483647 (custom)
2019-08-29 08:46:11,688 [pool-47-thread-1] INFO  server.RaftServerConfigKeys (ConfUtils.java:logGet(43)) - raft.server.log.queue.element-limit = 1024 (custom)
2019-08-29 08:46:11,689 [pool-47-thread-1] INFO  server.RaftServerConfigKeys (ConfUtils.java:logGet(43)) - raft.server.log.segment.size.max = 1048576 (custom)
2019-08-29 08:46:11,689 [80032fdc-d78b-4a88-9434-3ce010c31b3f:group-199DD1B2645C:LeaderElection4] INFO  impl.LeaderElection (LeaderElection.java:logAndReturn(56)) - 80032fdc-d78b-4a88-9434-3ce010c31b3f:group-199DD1B2645C:LeaderElection4: Election REJECTED; received 1 response(s) [80032fdc-d78b-4a88-9434-3ce010c31b3f<-4204fb3a-7736-45d2-bbed-750a692783ae#0:FAIL-t1] and 1 exception(s); 80032fdc-d78b-4a88-9434-3ce010c31b3f:t1, leader=null, voted=80032fdc-d78b-4a88-9434-3ce010c31b3f, raftlog=80032fdc-d78b-4a88-9434-3ce010c31b3f-SegmentedRaftLog:OPENED:c-1,f-1,i0, conf=-1: [80032fdc-d78b-4a88-9434-3ce010c31b3f:192.168.5.176:43754, 4204fb3a-7736-45d2-bbed-750a692783ae:192.168.5.176:46077, e5fd3c67-4f38-41ed-8073-51136f0efc00:192.168.5.176:38915], old=null
2019-08-29 08:46:11,689 [pool-47-thread-1] INFO  server.RaftServerConfigKeys (ConfUtils.java:logGet(43)) - raft.server.log.preallocated.size = 16384 (custom)
2019-08-29 08:46:11,691 [80032fdc-d78b-4a88-9434-3ce010c31b3f:group-199DD1B2645C:LeaderElection4] INFO  impl.LeaderElection (LogUtils.java:infoOrTrace(149)) -   Exception 0: {}
java.util.concurrent.ExecutionException: org.apache.ratis.thirdparty.io.grpc.StatusRuntimeException: INTERNAL: Server e5fd3c67-4f38-41ed-8073-51136f0efc00 is not [RUNNING]: current state is NEW
	at java.util.concurrent.FutureTask.report(FutureTask.java:122)
	at java.util.concurrent.FutureTask.get(FutureTask.java:192)
	at org.apache.ratis.server.impl.LeaderElection.waitForResults(LeaderElection.java:262)
	at org.apache.ratis.server.impl.LeaderElection.askForVotes(LeaderElection.java:200)
	at org.apache.ratis.server.impl.LeaderElection.run(LeaderElection.java:130)
	at java.lang.Thread.run(Thread.java:748)
Caused by: org.apache.ratis.thirdparty.io.grpc.StatusRuntimeException: INTERNAL: Server e5fd3c67-4f38-41ed-8073-51136f0efc00 is not [RUNNING]: current state is NEW
	at org.apache.ratis.thirdparty.io.grpc.stub.ClientCalls.toStatusRuntimeException(ClientCalls.java:233)
	at org.apache.ratis.thirdparty.io.grpc.stub.ClientCalls.getUnchecked(ClientCalls.java:214)
	at org.apache.ratis.thirdparty.io.grpc.stub.ClientCalls.blockingUnaryCall(ClientCalls.java:139)
	at org.apache.ratis.proto.grpc.RaftServerProtocolServiceGrpc$RaftServerProtocolServiceBlockingStub.requestVote(RaftServerProtocolServiceGrpc.java:265)
	at org.apache.ratis.grpc.server.GrpcServerProtocolClient.requestVote(GrpcServerProtocolClient.java:83)
	at org.apache.ratis.grpc.server.GrpcService.requestVote(GrpcService.java:195)
	at org.apache.ratis.server.impl.LeaderElection.lambda$submitRequests$1(LeaderElection.java:237)
	at java.util.concurrent.FutureTask.run(FutureTask.java:266)
	at java.util.concurrent.Executors$RunnableAdapter.call(Executors.java:511)
	at java.util.concurrent.FutureTask.run(FutureTask.java:266)
	at java.util.concurrent.ThreadPoolExecutor.runWorker(ThreadPoolExecutor.java:1149)
	at java.util.concurrent.ThreadPoolExecutor$Worker.run(ThreadPoolExecutor.java:624)
	... 1 more
2019-08-29 08:46:11,691 [pool-47-thread-1] INFO  server.RaftServerConfigKeys (ConfUtils.java:logGet(43)) - raft.server.log.write.buffer.size = 33554432 (custom)
2019-08-29 08:46:11,694 [80032fdc-d78b-4a88-9434-3ce010c31b3f:group-199DD1B2645C:LeaderElection4] INFO  impl.RaftServerImpl (RaftServerImpl.java:setRole(171)) - 80032fdc-d78b-4a88-9434-3ce010c31b3f:group-199DD1B2645C changes role from CANDIDATE to FOLLOWER at term 1 for DISCOVERED_A_NEW_TERM
2019-08-29 08:46:11,694 [pool-47-thread-1] INFO  server.RaftServerConfigKeys (ConfUtils.java:logGet(43)) - raft.server.log.force.sync.num = 128 (default)
2019-08-29 08:46:11,696 [80032fdc-d78b-4a88-9434-3ce010c31b3f:group-199DD1B2645C:LeaderElection4] INFO  impl.RoleInfo (RoleInfo.java:shutdownLeaderElection(134)) - 80032fdc-d78b-4a88-9434-3ce010c31b3f: shutdown LeaderElection
2019-08-29 08:46:11,698 [pool-47-thread-1] INFO  server.RaftServerConfigKeys (ConfUtils.java:logGet(43)) - raft.server.log.statemachine.data.sync = true (default)
2019-08-29 08:46:11,699 [80032fdc-d78b-4a88-9434-3ce010c31b3f:group-199DD1B2645C:LeaderElection4] INFO  impl.RoleInfo (RoleInfo.java:updateAndGet(143)) - 80032fdc-d78b-4a88-9434-3ce010c31b3f: start FollowerState
2019-08-29 08:46:11,699 [pool-47-thread-1] INFO  server.RaftServerConfigKeys (ConfUtils.java:logGet(43)) - raft.server.log.statemachine.data.sync.timeout = 10s (default)
2019-08-29 08:46:11,699 [pool-47-thread-1] INFO  server.RaftServerConfigKeys (ConfUtils.java:logGet(43)) - raft.server.log.statemachine.data.sync.timeout.retry = -1 (default)
2019-08-29 08:46:11,701 [pool-47-thread-1] INFO  server.RaftServerConfigKeys (ConfUtils.java:logGet(43)) - raft.server.log.statemachine.data.caching.enabled = true (custom)
2019-08-29 08:46:11,702 [pool-47-thread-1] INFO  segmented.SegmentedRaftLogWorker (SegmentedRaftLogWorker.java:lambda$new$0(132)) - e5fd3c67-4f38-41ed-8073-51136f0efc00-SegmentedRaftLogWorker:Storage Directory /workdir/hadoop-ozone/integration-test/target/test-dir/MiniOzoneClusterImpl-f455d224-3bfd-4c12-ad75-0d332897f7fa/datanode-2/data/ratis/43c229d4-dfa9-46fa-8586-93837b01e243: flushIndex: setUnconditionally 0 -> -1
2019-08-29 08:46:11,702 [pool-47-thread-1] INFO  server.RaftServerConfigKeys (ConfUtils.java:logGet(43)) - raft.server.snapshot.auto.trigger.enabled = true (custom)
2019-08-29 08:46:11,704 [pool-47-thread-1] INFO  server.RaftServerConfigKeys (ConfUtils.java:logGet(43)) - raft.server.snapshot.auto.trigger.threshold = 10000 (custom)
2019-08-29 08:46:11,704 [pool-47-thread-1] INFO  server.RaftServerConfigKeys (ConfUtils.java:logGet(43)) - raft.server.retrycache.expirytime = 600000ms (custom)
2019-08-29 08:46:11,704 [pool-47-thread-1] INFO  impl.RaftServerImpl (RaftServerImpl.java:start(180)) - e5fd3c67-4f38-41ed-8073-51136f0efc00: start group-199DD1B2645C
2019-08-29 08:46:11,704 [pool-47-thread-1] INFO  impl.RaftServerImpl (RaftServerImpl.java:setRole(171)) - e5fd3c67-4f38-41ed-8073-51136f0efc00:group-199DD1B2645C changes role from null to FOLLOWER at term 0 for startAsFollower
2019-08-29 08:46:11,705 [pool-47-thread-1] INFO  impl.RoleInfo (RoleInfo.java:updateAndGet(143)) - e5fd3c67-4f38-41ed-8073-51136f0efc00: start FollowerState
2019-08-29 08:46:11,707 [pool-47-thread-1] INFO  util.JmxRegister (JmxRegister.java:tryRegister(44)) - Successfully registered JMX Bean with object name Ratis:service=RaftServer,group=group-199DD1B2645C,id=e5fd3c67-4f38-41ed-8073-51136f0efc00
2019-08-29 08:46:11,710 [grpc-default-executor-1] INFO  impl.RaftServerImpl (RaftServerImpl.java:setRole(171)) - e5fd3c67-4f38-41ed-8073-51136f0efc00:group-199DD1B2645C changes role from FOLLOWER to FOLLOWER at term 1 for recognizeCandidate:4204fb3a-7736-45d2-bbed-750a692783ae
2019-08-29 08:46:11,710 [grpc-default-executor-1] INFO  impl.RoleInfo (RoleInfo.java:shutdownFollowerState(121)) - e5fd3c67-4f38-41ed-8073-51136f0efc00: shutdown FollowerState
2019-08-29 08:46:11,710 [grpc-default-executor-1] INFO  impl.RoleInfo (RoleInfo.java:updateAndGet(143)) - e5fd3c67-4f38-41ed-8073-51136f0efc00: start FollowerState
2019-08-29 08:46:11,710 [Thread-312] INFO  impl.FollowerState (FollowerState.java:run(114)) - e5fd3c67-4f38-41ed-8073-51136f0efc00: FollowerState was interrupted: java.lang.InterruptedException: sleep interrupted
2019-08-29 08:46:11,714 [pool-47-thread-1] INFO  impl.RaftServerImpl (RaftServerImpl.java:<init>(93)) - e5fd3c67-4f38-41ed-8073-51136f0efc00: new RaftServerImpl for group-5F3D927CD05F:[80032fdc-d78b-4a88-9434-3ce010c31b3f:192.168.5.176:43754, 4204fb3a-7736-45d2-bbed-750a692783ae:192.168.5.176:46077, e5fd3c67-4f38-41ed-8073-51136f0efc00:192.168.5.176:38915] with ContainerStateMachine:uninitialized
2019-08-29 08:46:11,714 [pool-47-thread-1] INFO  server.RaftServerConfigKeys (ConfUtils.java:logGet(43)) - raft.server.rpc.timeout.min = 5s (custom)
2019-08-29 08:46:11,715 [pool-47-thread-1] INFO  server.RaftServerConfigKeys (ConfUtils.java:logGet(43)) - raft.server.rpc.timeout.max = 5200ms (custom)
2019-08-29 08:46:11,715 [pool-47-thread-1] INFO  server.RaftServerConfigKeys (ConfUtils.java:logGet(43)) - raft.server.rpcslowness.timeout = 120s (custom)
2019-08-29 08:46:11,715 [pool-47-thread-1] INFO  server.RaftServerConfigKeys (ConfUtils.java:logGet(43)) - raft.server.sleep.deviation.threshold = 300 (default)
2019-08-29 08:46:11,715 [pool-47-thread-1] INFO  server.RaftServerConfigKeys (ConfUtils.java:logGet(43)) - raft.server.log.appender.install.snapshot.enabled = false (custom)
2019-08-29 08:46:11,715 [pool-47-thread-1] INFO  impl.RaftServerImpl (ServerState.java:<init>(105)) - e5fd3c67-4f38-41ed-8073-51136f0efc00:group-5F3D927CD05F ConfigurationManager, init=-1: [80032fdc-d78b-4a88-9434-3ce010c31b3f:192.168.5.176:43754, 4204fb3a-7736-45d2-bbed-750a692783ae:192.168.5.176:46077, e5fd3c67-4f38-41ed-8073-51136f0efc00:192.168.5.176:38915], old=null, confs=<EMPTY_MAP>
2019-08-29 08:46:11,715 [pool-47-thread-1] INFO  server.RaftServerConfigKeys (ConfUtils.java:logGet(43)) - raft.server.storage.dir = [/workdir/hadoop-ozone/integration-test/target/test-dir/MiniOzoneClusterImpl-f455d224-3bfd-4c12-ad75-0d332897f7fa/datanode-2/data/ratis] (custom)
2019-08-29 08:46:11,716 [pool-47-thread-1] INFO  storage.RaftStorageDirectory (RaftStorageDirectory.java:analyzeStorage(246)) - The storage directory /workdir/hadoop-ozone/integration-test/target/test-dir/MiniOzoneClusterImpl-f455d224-3bfd-4c12-ad75-0d332897f7fa/datanode-2/data/ratis/47fbd6d6-227a-4652-b09d-5f3d927cd05f does not exist. Creating ...
2019-08-29 08:46:12,126 | INFO  | SCMAudit | user=jenkins1000 | ip=192.168.5.176 | op=SEND_HEARTBEAT {datanodeUUID=3bbb20a1-a78a-49aa-a207-aa74965bf29c, command=[]} | ret=SUCCESS |  
2019-08-29 08:46:12,127 | INFO  | SCMAudit | user=jenkins1000 | ip=192.168.5.176 | op=SEND_HEARTBEAT {datanodeUUID=08d23bb8-f649-4ebd-a9a9-bbfd5b766034, command=[]} | ret=SUCCESS |  
2019-08-29 08:46:12,131 | INFO  | SCMAudit | user=jenkins1000 | ip=192.168.5.176 | op=SEND_HEARTBEAT {datanodeUUID=80032fdc-d78b-4a88-9434-3ce010c31b3f, command=[]} | ret=SUCCESS |  
2019-08-29 08:46:12,220 | INFO  | SCMAudit | user=jenkins1000 | ip=192.168.5.176 | op=SEND_HEARTBEAT {datanodeUUID=90f684eb-7c4f-41ac-bd9b-a2bcab6fa083, command=[]} | ret=SUCCESS |  
2019-08-29 08:46:12,455 | INFO  | SCMAudit | user=jenkins1000 | ip=192.168.5.176 | op=SEND_HEARTBEAT {datanodeUUID=73bbc9c5-70f7-4fc8-a304-e36fb1a7c836, command=[]} | ret=SUCCESS |  
2019-08-29 08:46:12,517 [Thread-296] INFO  impl.FollowerState (FollowerState.java:run(106)) - 80032fdc-d78b-4a88-9434-3ce010c31b3f:group-D32732FAAE1B changes to CANDIDATE, lastRpcTime:5200, electionTimeout:5200ms
2019-08-29 08:46:12,518 [Thread-296] INFO  impl.RoleInfo (RoleInfo.java:shutdownFollowerState(121)) - 80032fdc-d78b-4a88-9434-3ce010c31b3f: shutdown FollowerState
2019-08-29 08:46:12,518 [Thread-296] INFO  impl.RaftServerImpl (RaftServerImpl.java:setRole(171)) - 80032fdc-d78b-4a88-9434-3ce010c31b3f:group-D32732FAAE1B changes role from FOLLOWER to CANDIDATE at term 0 for changeToCandidate
2019-08-29 08:46:12,518 [Thread-296] INFO  impl.RoleInfo (RoleInfo.java:updateAndGet(143)) - 80032fdc-d78b-4a88-9434-3ce010c31b3f: start LeaderElection
2019-08-29 08:46:12,532 | INFO  | SCMAudit | user=jenkins1000 | ip=192.168.5.176 | op=SEND_HEARTBEAT {datanodeUUID=4204fb3a-7736-45d2-bbed-750a692783ae, command=[]} | ret=SUCCESS |  
2019-08-29 08:46:12,617 | INFO  | SCMAudit | user=jenkins1000 | ip=192.168.5.176 | op=SEND_HEARTBEAT {datanodeUUID=e5fd3c67-4f38-41ed-8073-51136f0efc00, command=[]} | ret=SUCCESS |  
2019-08-29 08:46:13,126 | INFO  | SCMAudit | user=jenkins1000 | ip=192.168.5.176 | op=SEND_HEARTBEAT {datanodeUUID=3bbb20a1-a78a-49aa-a207-aa74965bf29c, command=[]} | ret=SUCCESS |  
2019-08-29 08:46:13,127 | INFO  | SCMAudit | user=jenkins1000 | ip=192.168.5.176 | op=SEND_HEARTBEAT {datanodeUUID=08d23bb8-f649-4ebd-a9a9-bbfd5b766034, command=[]} | ret=SUCCESS |  
2019-08-29 08:46:13,132 | INFO  | SCMAudit | user=jenkins1000 | ip=192.168.5.176 | op=SEND_HEARTBEAT {datanodeUUID=80032fdc-d78b-4a88-9434-3ce010c31b3f, command=[]} | ret=SUCCESS |  
2019-08-29 08:46:13,220 | INFO  | SCMAudit | user=jenkins1000 | ip=192.168.5.176 | op=SEND_HEARTBEAT {datanodeUUID=90f684eb-7c4f-41ac-bd9b-a2bcab6fa083, command=[]} | ret=SUCCESS |  
2019-08-29 08:46:13,332 [e5fd3c67-4f38-41ed-8073-51136f0efc00-SegmentedRaftLogWorker:Storage Directory /workdir/hadoop-ozone/integration-test/target/test-dir/MiniOzoneClusterImpl-f455d224-3bfd-4c12-ad75-0d332897f7fa/datanode-2/data/ratis/235f1a63-13c0-4190-818c-2d9b50b46ee8] INFO  segmented.SegmentedRaftLogWorker (SegmentedRaftLogWorker.java:execute(569)) - e5fd3c67-4f38-41ed-8073-51136f0efc00-SegmentedRaftLogWorker:Storage Directory /workdir/hadoop-ozone/integration-test/target/test-dir/MiniOzoneClusterImpl-f455d224-3bfd-4c12-ad75-0d332897f7fa/datanode-2/data/ratis/235f1a63-13c0-4190-818c-2d9b50b46ee8: created new log segment /workdir/hadoop-ozone/integration-test/target/test-dir/MiniOzoneClusterImpl-f455d224-3bfd-4c12-ad75-0d332897f7fa/datanode-2/data/ratis/235f1a63-13c0-4190-818c-2d9b50b46ee8/current/log_inprogress_0
2019-08-29 08:46:13,332 [pool-77-thread-1] INFO  storage.RaftStorage (RaftStorage.java:format(72)) - Storage directory /workdir/hadoop-ozone/integration-test/target/test-dir/MiniOzoneClusterImpl-f455d224-3bfd-4c12-ad75-0d332897f7fa/datanode-5/data/ratis/47fbd6d6-227a-4652-b09d-5f3d927cd05f has been successfully formatted.
2019-08-29 08:46:13,333 [pool-77-thread-1] INFO  ratis.ContainerStateMachine (ContainerStateMachine.java:loadSnapshot(227)) - group-5F3D927CD05F: The snapshot info is null. Setting the last applied indexto:(t:0, i:~)
2019-08-29 08:46:13,333 [pool-77-thread-1] INFO  server.RaftServerConfigKeys (ConfUtils.java:logGet(43)) - raft.server.leader.election.timeout = 120s (custom)
2019-08-29 08:46:13,333 [pool-77-thread-1] INFO  server.RaftServerConfigKeys (ConfUtils.java:logGet(43)) - raft.server.log.use.memory = false (default)
2019-08-29 08:46:13,333 [pool-77-thread-1] INFO  server.RaftServerConfigKeys (ConfUtils.java:logGet(43)) - raft.server.log.purge.gap = 1000000 (custom)
2019-08-29 08:46:13,334 [pool-77-thread-1] INFO  server.RaftServerConfigKeys (ConfUtils.java:logGet(43)) - raft.server.log.appender.buffer.byte-limit = 33554432 (custom)
2019-08-29 08:46:13,334 [pool-77-thread-1] INFO  server.RaftServerConfigKeys (ConfUtils.java:logGet(43)) - raft.server.log.segment.size.max = 1048576 (custom)
2019-08-29 08:46:13,334 [pool-77-thread-1] INFO  server.RaftServerConfigKeys (ConfUtils.java:logGet(43)) - raft.server.log.segment.cache.num.max = 2 (custom)
2019-08-29 08:46:13,334 [pool-77-thread-1] INFO  segmented.SegmentedRaftLogWorker (SegmentedRaftLogWorker.java:<init>(172)) - new 80032fdc-d78b-4a88-9434-3ce010c31b3f-SegmentedRaftLogWorker:Storage Directory /workdir/hadoop-ozone/integration-test/target/test-dir/MiniOzoneClusterImpl-f455d224-3bfd-4c12-ad75-0d332897f7fa/datanode-5/data/ratis/47fbd6d6-227a-4652-b09d-5f3d927cd05f for RaftStorage:Storage Directory /workdir/hadoop-ozone/integration-test/target/test-dir/MiniOzoneClusterImpl-f455d224-3bfd-4c12-ad75-0d332897f7fa/datanode-5/data/ratis/47fbd6d6-227a-4652-b09d-5f3d927cd05f
2019-08-29 08:46:13,335 [pool-77-thread-1] INFO  server.RaftServerConfigKeys (ConfUtils.java:logGet(43)) - raft.server.log.queue.byte-limit = 2147483647 (custom)
2019-08-29 08:46:13,335 [pool-77-thread-1] INFO  server.RaftServerConfigKeys (ConfUtils.java:logGet(43)) - raft.server.log.queue.element-limit = 1024 (custom)
2019-08-29 08:46:13,335 [pool-77-thread-1] INFO  server.RaftServerConfigKeys (ConfUtils.java:logGet(43)) - raft.server.log.segment.size.max = 1048576 (custom)
2019-08-29 08:46:13,335 [pool-77-thread-1] INFO  server.RaftServerConfigKeys (ConfUtils.java:logGet(43)) - raft.server.log.preallocated.size = 16384 (custom)
2019-08-29 08:46:13,335 [pool-77-thread-1] INFO  server.RaftServerConfigKeys (ConfUtils.java:logGet(43)) - raft.server.log.write.buffer.size = 33554432 (custom)
2019-08-29 08:46:13,336 [pool-77-thread-1] INFO  server.RaftServerConfigKeys (ConfUtils.java:logGet(43)) - raft.server.log.force.sync.num = 128 (default)
2019-08-29 08:46:13,336 [pool-77-thread-1] INFO  server.RaftServerConfigKeys (ConfUtils.java:logGet(43)) - raft.server.log.statemachine.data.sync = true (default)
2019-08-29 08:46:13,336 [pool-77-thread-1] INFO  server.RaftServerConfigKeys (ConfUtils.java:logGet(43)) - raft.server.log.statemachine.data.sync.timeout = 10s (default)
2019-08-29 08:46:13,336 [pool-77-thread-1] INFO  server.RaftServerConfigKeys (ConfUtils.java:logGet(43)) - raft.server.log.statemachine.data.sync.timeout.retry = -1 (default)
2019-08-29 08:46:13,336 [pool-77-thread-1] INFO  server.RaftServerConfigKeys (ConfUtils.java:logGet(43)) - raft.server.log.statemachine.data.caching.enabled = true (custom)
2019-08-29 08:46:13,337 [pool-77-thread-1] INFO  segmented.SegmentedRaftLogWorker (SegmentedRaftLogWorker.java:lambda$new$0(132)) - 80032fdc-d78b-4a88-9434-3ce010c31b3f-SegmentedRaftLogWorker:Storage Directory /workdir/hadoop-ozone/integration-test/target/test-dir/MiniOzoneClusterImpl-f455d224-3bfd-4c12-ad75-0d332897f7fa/datanode-5/data/ratis/47fbd6d6-227a-4652-b09d-5f3d927cd05f: flushIndex: setUnconditionally 0 -> -1
2019-08-29 08:46:13,337 [pool-77-thread-1] INFO  server.RaftServerConfigKeys (ConfUtils.java:logGet(43)) - raft.server.snapshot.auto.trigger.enabled = true (custom)
2019-08-29 08:46:13,338 [pool-77-thread-1] INFO  server.RaftServerConfigKeys (ConfUtils.java:logGet(43)) - raft.server.snapshot.auto.trigger.threshold = 10000 (custom)
2019-08-29 08:46:13,338 [pool-77-thread-1] INFO  server.RaftServerConfigKeys (ConfUtils.java:logGet(43)) - raft.server.retrycache.expirytime = 600000ms (custom)
2019-08-29 08:46:13,341 [pool-77-thread-1] INFO  impl.RaftServerImpl (RaftServerImpl.java:<init>(93)) - 80032fdc-d78b-4a88-9434-3ce010c31b3f: new RaftServerImpl for group-D118D55FB6DD:[80032fdc-d78b-4a88-9434-3ce010c31b3f:192.168.5.176:43754, 4204fb3a-7736-45d2-bbed-750a692783ae:192.168.5.176:46077, e5fd3c67-4f38-41ed-8073-51136f0efc00:192.168.5.176:38915] with ContainerStateMachine:uninitialized
2019-08-29 08:46:13,341 [pool-77-thread-1] INFO  server.RaftServerConfigKeys (ConfUtils.java:logGet(43)) - raft.server.rpc.timeout.min = 5s (custom)
2019-08-29 08:46:13,341 [pool-77-thread-1] INFO  server.RaftServerConfigKeys (ConfUtils.java:logGet(43)) - raft.server.rpc.timeout.max = 5200ms (custom)
2019-08-29 08:46:13,342 [pool-77-thread-1] INFO  server.RaftServerConfigKeys (ConfUtils.java:logGet(43)) - raft.server.rpcslowness.timeout = 120s (custom)
2019-08-29 08:46:13,342 [pool-77-thread-1] INFO  server.RaftServerConfigKeys (ConfUtils.java:logGet(43)) - raft.server.sleep.deviation.threshold = 300 (default)
2019-08-29 08:46:13,342 [pool-77-thread-1] INFO  server.RaftServerConfigKeys (ConfUtils.java:logGet(43)) - raft.server.log.appender.install.snapshot.enabled = false (custom)
2019-08-29 08:46:13,342 [pool-77-thread-1] INFO  impl.RaftServerImpl (ServerState.java:<init>(105)) - 80032fdc-d78b-4a88-9434-3ce010c31b3f:group-D118D55FB6DD ConfigurationManager, init=-1: [80032fdc-d78b-4a88-9434-3ce010c31b3f:192.168.5.176:43754, 4204fb3a-7736-45d2-bbed-750a692783ae:192.168.5.176:46077, e5fd3c67-4f38-41ed-8073-51136f0efc00:192.168.5.176:38915], old=null, confs=<EMPTY_MAP>
2019-08-29 08:46:13,342 [pool-77-thread-1] INFO  server.RaftServerConfigKeys (ConfUtils.java:logGet(43)) - raft.server.storage.dir = [/workdir/hadoop-ozone/integration-test/target/test-dir/MiniOzoneClusterImpl-f455d224-3bfd-4c12-ad75-0d332897f7fa/datanode-5/data/ratis] (custom)
2019-08-29 08:46:13,343 [pool-77-thread-1] INFO  storage.RaftStorageDirectory (RaftStorageDirectory.java:analyzeStorage(246)) - The storage directory /workdir/hadoop-ozone/integration-test/target/test-dir/MiniOzoneClusterImpl-f455d224-3bfd-4c12-ad75-0d332897f7fa/datanode-5/data/ratis/ff970ac3-0c53-48d2-a034-d118d55fb6dd does not exist. Creating ...
2019-08-29 08:46:13,457 | INFO  | SCMAudit | user=jenkins1000 | ip=192.168.5.176 | op=SEND_HEARTBEAT {datanodeUUID=73bbc9c5-70f7-4fc8-a304-e36fb1a7c836, command=[]} | ret=SUCCESS |  
2019-08-29 08:46:13,532 | INFO  | SCMAudit | user=jenkins1000 | ip=192.168.5.176 | op=SEND_HEARTBEAT {datanodeUUID=4204fb3a-7736-45d2-bbed-750a692783ae, command=[]} | ret=SUCCESS |  
2019-08-29 08:46:13,617 | INFO  | SCMAudit | user=jenkins1000 | ip=192.168.5.176 | op=SEND_HEARTBEAT {datanodeUUID=e5fd3c67-4f38-41ed-8073-51136f0efc00, command=[]} | ret=SUCCESS |  
2019-08-29 08:46:14,126 | INFO  | SCMAudit | user=jenkins1000 | ip=192.168.5.176 | op=SEND_HEARTBEAT {datanodeUUID=3bbb20a1-a78a-49aa-a207-aa74965bf29c, command=[]} | ret=SUCCESS |  
2019-08-29 08:46:14,127 | INFO  | SCMAudit | user=jenkins1000 | ip=192.168.5.176 | op=SEND_HEARTBEAT {datanodeUUID=08d23bb8-f649-4ebd-a9a9-bbfd5b766034, command=[]} | ret=SUCCESS |  
2019-08-29 08:46:14,131 | INFO  | SCMAudit | user=jenkins1000 | ip=192.168.5.176 | op=SEND_HEARTBEAT {datanodeUUID=80032fdc-d78b-4a88-9434-3ce010c31b3f, command=[]} | ret=SUCCESS |  
2019-08-29 08:46:14,221 | INFO  | SCMAudit | user=jenkins1000 | ip=192.168.5.176 | op=SEND_HEARTBEAT {datanodeUUID=90f684eb-7c4f-41ac-bd9b-a2bcab6fa083, command=[]} | ret=SUCCESS |  
2019-08-29 08:46:14,241 [pool-47-thread-1] INFO  storage.RaftStorageDirectory (RaftStorageDirectory.java:tryLock(328)) - Lock on /workdir/hadoop-ozone/integration-test/target/test-dir/MiniOzoneClusterImpl-f455d224-3bfd-4c12-ad75-0d332897f7fa/datanode-2/data/ratis/47fbd6d6-227a-4652-b09d-5f3d927cd05f/in_use.lock acquired by nodename 29754@pr-hdds-1909-44d2n-1519487446
2019-08-29 08:46:14,243 [80032fdc-d78b-4a88-9434-3ce010c31b3f:group-D32732FAAE1B:LeaderElection6] INFO  impl.LeaderElection (LeaderElection.java:askForVotes(181)) - 80032fdc-d78b-4a88-9434-3ce010c31b3f:group-D32732FAAE1B:LeaderElection6: begin an election at term 1 for -1: [80032fdc-d78b-4a88-9434-3ce010c31b3f:192.168.5.176:43754, 4204fb3a-7736-45d2-bbed-750a692783ae:192.168.5.176:46077, e5fd3c67-4f38-41ed-8073-51136f0efc00:192.168.5.176:38915], old=null
2019-08-29 08:46:14,243 [pool-37-thread-1] INFO  storage.RaftStorage (RaftStorage.java:format(72)) - Storage directory /workdir/hadoop-ozone/integration-test/target/test-dir/MiniOzoneClusterImpl-f455d224-3bfd-4c12-ad75-0d332897f7fa/datanode-1/data/ratis/47fbd6d6-227a-4652-b09d-5f3d927cd05f has been successfully formatted.
2019-08-29 08:46:14,244 [pool-37-thread-1] INFO  ratis.ContainerStateMachine (ContainerStateMachine.java:loadSnapshot(227)) - group-5F3D927CD05F: The snapshot info is null. Setting the last applied indexto:(t:0, i:~)
2019-08-29 08:46:14,244 [pool-37-thread-1] INFO  server.RaftServerConfigKeys (ConfUtils.java:logGet(43)) - raft.server.leader.election.timeout = 120s (custom)
2019-08-29 08:46:14,245 [pool-37-thread-1] INFO  server.RaftServerConfigKeys (ConfUtils.java:logGet(43)) - raft.server.log.use.memory = false (default)
2019-08-29 08:46:14,246 [pool-37-thread-1] INFO  server.RaftServerConfigKeys (ConfUtils.java:logGet(43)) - raft.server.log.purge.gap = 1000000 (custom)
2019-08-29 08:46:14,246 [pool-37-thread-1] INFO  server.RaftServerConfigKeys (ConfUtils.java:logGet(43)) - raft.server.log.appender.buffer.byte-limit = 33554432 (custom)
2019-08-29 08:46:14,247 [pool-37-thread-1] INFO  server.RaftServerConfigKeys (ConfUtils.java:logGet(43)) - raft.server.log.segment.size.max = 1048576 (custom)
2019-08-29 08:46:14,247 [pool-37-thread-1] INFO  server.RaftServerConfigKeys (ConfUtils.java:logGet(43)) - raft.server.log.segment.cache.num.max = 2 (custom)
2019-08-29 08:46:14,247 [4204fb3a-7736-45d2-bbed-750a692783ae:group-199DD1B2645C:LeaderElection5] INFO  impl.LeaderElection (LeaderElection.java:logAndReturn(56)) - 4204fb3a-7736-45d2-bbed-750a692783ae:group-199DD1B2645C:LeaderElection5: Election PASSED; received 2 response(s) [4204fb3a-7736-45d2-bbed-750a692783ae<-80032fdc-d78b-4a88-9434-3ce010c31b3f#0:FAIL-t1, 4204fb3a-7736-45d2-bbed-750a692783ae<-e5fd3c67-4f38-41ed-8073-51136f0efc00#0:OK-t1] and 0 exception(s); 4204fb3a-7736-45d2-bbed-750a692783ae:t1, leader=null, voted=4204fb3a-7736-45d2-bbed-750a692783ae, raftlog=4204fb3a-7736-45d2-bbed-750a692783ae-SegmentedRaftLog:OPENED:c-1,f-1,i0, conf=-1: [80032fdc-d78b-4a88-9434-3ce010c31b3f:192.168.5.176:43754, 4204fb3a-7736-45d2-bbed-750a692783ae:192.168.5.176:46077, e5fd3c67-4f38-41ed-8073-51136f0efc00:192.168.5.176:38915], old=null
2019-08-29 08:46:14,247 [pool-37-thread-1] INFO  segmented.SegmentedRaftLogWorker (SegmentedRaftLogWorker.java:<init>(172)) - new 4204fb3a-7736-45d2-bbed-750a692783ae-SegmentedRaftLogWorker:Storage Directory /workdir/hadoop-ozone/integration-test/target/test-dir/MiniOzoneClusterImpl-f455d224-3bfd-4c12-ad75-0d332897f7fa/datanode-1/data/ratis/47fbd6d6-227a-4652-b09d-5f3d927cd05f for RaftStorage:Storage Directory /workdir/hadoop-ozone/integration-test/target/test-dir/MiniOzoneClusterImpl-f455d224-3bfd-4c12-ad75-0d332897f7fa/datanode-1/data/ratis/47fbd6d6-227a-4652-b09d-5f3d927cd05f
2019-08-29 08:46:14,247 [4204fb3a-7736-45d2-bbed-750a692783ae:group-199DD1B2645C:LeaderElection5] INFO  impl.RoleInfo (RoleInfo.java:shutdownLeaderElection(134)) - 4204fb3a-7736-45d2-bbed-750a692783ae: shutdown LeaderElection
2019-08-29 08:46:14,250 [pool-37-thread-1] INFO  server.RaftServerConfigKeys (ConfUtils.java:logGet(43)) - raft.server.log.queue.byte-limit = 2147483647 (custom)
2019-08-29 08:46:14,251 [4204fb3a-7736-45d2-bbed-750a692783ae:group-199DD1B2645C:LeaderElection5] INFO  impl.RaftServerImpl (RaftServerImpl.java:setRole(171)) - 4204fb3a-7736-45d2-bbed-750a692783ae:group-199DD1B2645C changes role from CANDIDATE to LEADER at term 1 for changeToLeader
2019-08-29 08:46:14,251 [pool-37-thread-1] INFO  server.RaftServerConfigKeys (ConfUtils.java:logGet(43)) - raft.server.log.queue.element-limit = 1024 (custom)
2019-08-29 08:46:14,251 [4204fb3a-7736-45d2-bbed-750a692783ae:group-199DD1B2645C:LeaderElection5] INFO  impl.RaftServerImpl (ServerState.java:setLeader(263)) - 4204fb3a-7736-45d2-bbed-750a692783ae:group-199DD1B2645C change Leader from null to 4204fb3a-7736-45d2-bbed-750a692783ae at term 1 for becomeLeader, leader elected after 18707ms
2019-08-29 08:46:14,252 [pool-37-thread-1] INFO  server.RaftServerConfigKeys (ConfUtils.java:logGet(43)) - raft.server.log.segment.size.max = 1048576 (custom)
2019-08-29 08:46:14,252 [4204fb3a-7736-45d2-bbed-750a692783ae:group-199DD1B2645C:LeaderElection5] INFO  server.RaftServerConfigKeys (ConfUtils.java:logGet(43)) - raft.server.staging.catchup.gap = 1000 (default)
2019-08-29 08:46:14,262 [pool-37-thread-1] INFO  server.RaftServerConfigKeys (ConfUtils.java:logGet(43)) - raft.server.log.preallocated.size = 16384 (custom)
2019-08-29 08:46:14,262 [4204fb3a-7736-45d2-bbed-750a692783ae:group-199DD1B2645C:LeaderElection5] INFO  server.RaftServerConfigKeys (ConfUtils.java:logGet(43)) - raft.server.rpc.sleep.time = 25ms (default)
2019-08-29 08:46:14,263 [grpc-default-executor-4] WARN  server.GrpcServerProtocolService (LogUtils.java:warn(134)) - 4204fb3a-7736-45d2-bbed-750a692783ae: Failed requestVote 80032fdc-d78b-4a88-9434-3ce010c31b3f->4204fb3a-7736-45d2-bbed-750a692783ae#0: org.apache.ratis.protocol.ServerNotReadyException: Server 4204fb3a-7736-45d2-bbed-750a692783ae is not [RUNNING]: current state is NEW
2019-08-29 08:46:14,262 [pool-37-thread-1] INFO  server.RaftServerConfigKeys (ConfUtils.java:logGet(43)) - raft.server.log.write.buffer.size = 33554432 (custom)
2019-08-29 08:46:14,263 [grpc-default-executor-1] WARN  server.GrpcServerProtocolService (LogUtils.java:warn(134)) - e5fd3c67-4f38-41ed-8073-51136f0efc00: Failed requestVote 80032fdc-d78b-4a88-9434-3ce010c31b3f->e5fd3c67-4f38-41ed-8073-51136f0efc00#0: org.apache.ratis.protocol.ServerNotReadyException: Server e5fd3c67-4f38-41ed-8073-51136f0efc00 is not [RUNNING]: current state is NEW
2019-08-29 08:46:14,263 [4204fb3a-7736-45d2-bbed-750a692783ae:group-199DD1B2645C:LeaderElection5] INFO  server.RaftServerConfigKeys (ConfUtils.java:logGet(43)) - raft.server.write.element-limit = 4096 (default)
2019-08-29 08:46:14,263 [pool-37-thread-1] INFO  server.RaftServerConfigKeys (ConfUtils.java:logGet(43)) - raft.server.log.force.sync.num = 128 (default)
2019-08-29 08:46:14,263 [4204fb3a-7736-45d2-bbed-750a692783ae:group-199DD1B2645C:LeaderElection5] INFO  server.RaftServerConfigKeys (ConfUtils.java:logGet(43)) - raft.server.watch.timeout = 10s (default)
2019-08-29 08:46:14,263 [pool-37-thread-1] INFO  server.RaftServerConfigKeys (ConfUtils.java:logGet(43)) - raft.server.log.statemachine.data.sync = true (default)
2019-08-29 08:46:14,263 [4204fb3a-7736-45d2-bbed-750a692783ae:group-199DD1B2645C:LeaderElection5] INFO  server.RaftServerConfigKeys (ConfUtils.java:logGet(43)) - raft.server.watch.timeout.denomination = 1s (default)
2019-08-29 08:46:14,263 [pool-37-thread-1] INFO  server.RaftServerConfigKeys (ConfUtils.java:logGet(43)) - raft.server.log.statemachine.data.sync.timeout = 10s (default)
2019-08-29 08:46:14,264 [4204fb3a-7736-45d2-bbed-750a692783ae:group-199DD1B2645C:LeaderElection5] INFO  server.RaftServerConfigKeys (ConfUtils.java:logGet(43)) - raft.server.watch.element-limit = 65536 (default)
2019-08-29 08:46:14,264 [pool-37-thread-1] INFO  server.RaftServerConfigKeys (ConfUtils.java:logGet(43)) - raft.server.log.statemachine.data.sync.timeout.retry = -1 (default)
2019-08-29 08:46:14,264 [pool-37-thread-1] INFO  server.RaftServerConfigKeys (ConfUtils.java:logGet(43)) - raft.server.log.statemachine.data.caching.enabled = true (custom)
2019-08-29 08:46:14,264 [4204fb3a-7736-45d2-bbed-750a692783ae:group-199DD1B2645C:LeaderElection5] INFO  server.RaftServerConfigKeys (ConfUtils.java:logGet(43)) - raft.server.log.appender.snapshot.chunk.size.max = 16MB (=16777216) (default)
2019-08-29 08:46:14,264 [4204fb3a-7736-45d2-bbed-750a692783ae:group-199DD1B2645C:LeaderElection5] INFO  server.RaftServerConfigKeys (ConfUtils.java:logGet(43)) - raft.server.log.appender.buffer.byte-limit = 33554432 (custom)
2019-08-29 08:46:14,264 [pool-37-thread-1] INFO  segmented.SegmentedRaftLogWorker (SegmentedRaftLogWorker.java:lambda$new$0(132)) - 4204fb3a-7736-45d2-bbed-750a692783ae-SegmentedRaftLogWorker:Storage Directory /workdir/hadoop-ozone/integration-test/target/test-dir/MiniOzoneClusterImpl-f455d224-3bfd-4c12-ad75-0d332897f7fa/datanode-1/data/ratis/47fbd6d6-227a-4652-b09d-5f3d927cd05f: flushIndex: setUnconditionally 0 -> -1
2019-08-29 08:46:14,264 [4204fb3a-7736-45d2-bbed-750a692783ae:group-199DD1B2645C:LeaderElection5] INFO  server.RaftServerConfigKeys (ConfUtils.java:logGet(43)) - raft.server.log.appender.buffer.element-limit = 1 (custom)
2019-08-29 08:46:14,265 [pool-37-thread-1] INFO  server.RaftServerConfigKeys (ConfUtils.java:logGet(43)) - raft.server.snapshot.auto.trigger.enabled = true (custom)
2019-08-29 08:46:14,265 [4204fb3a-7736-45d2-bbed-750a692783ae:group-199DD1B2645C:LeaderElection5] INFO  grpc.GrpcConfigKeys$Server (ConfUtils.java:logGet(43)) - raft.grpc.server.leader.outstanding.appends.max = 128 (default)
2019-08-29 08:46:14,267 [pool-37-thread-1] INFO  server.RaftServerConfigKeys (ConfUtils.java:logGet(43)) - raft.server.snapshot.auto.trigger.threshold = 10000 (custom)
2019-08-29 08:46:14,267 [4204fb3a-7736-45d2-bbed-750a692783ae:group-199DD1B2645C:LeaderElection5] INFO  server.RaftServerConfigKeys (ConfUtils.java:logGet(43)) - raft.server.rpc.request.timeout = 3000ms (default)
2019-08-29 08:46:14,267 [pool-37-thread-1] INFO  server.RaftServerConfigKeys (ConfUtils.java:logGet(43)) - raft.server.retrycache.expirytime = 600000ms (custom)
2019-08-29 08:46:14,267 [4204fb3a-7736-45d2-bbed-750a692783ae:group-199DD1B2645C:LeaderElection5] INFO  server.RaftServerConfigKeys (ConfUtils.java:logGet(43)) - raft.server.log.appender.install.snapshot.enabled = false (custom)
2019-08-29 08:46:14,267 [pool-37-thread-1] INFO  impl.RaftServerImpl (RaftServerImpl.java:start(180)) - 4204fb3a-7736-45d2-bbed-750a692783ae: start group-D32732FAAE1B
2019-08-29 08:46:14,267 [4204fb3a-7736-45d2-bbed-750a692783ae:group-199DD1B2645C:LeaderElection5] INFO  server.RaftServerConfigKeys (ConfUtils.java:logGet(43)) - raft.server.log.appender.snapshot.chunk.size.max = 16MB (=16777216) (default)
2019-08-29 08:46:14,267 [pool-37-thread-1] INFO  impl.RaftServerImpl (RaftServerImpl.java:setRole(171)) - 4204fb3a-7736-45d2-bbed-750a692783ae:group-D32732FAAE1B changes role from null to FOLLOWER at term 0 for startAsFollower
2019-08-29 08:46:14,267 [4204fb3a-7736-45d2-bbed-750a692783ae:group-199DD1B2645C:LeaderElection5] INFO  server.RaftServerConfigKeys (ConfUtils.java:logGet(43)) - raft.server.log.appender.buffer.byte-limit = 33554432 (custom)
2019-08-29 08:46:14,267 [pool-37-thread-1] INFO  impl.RoleInfo (RoleInfo.java:updateAndGet(143)) - 4204fb3a-7736-45d2-bbed-750a692783ae: start FollowerState
2019-08-29 08:46:14,268 [4204fb3a-7736-45d2-bbed-750a692783ae:group-199DD1B2645C:LeaderElection5] INFO  server.RaftServerConfigKeys (ConfUtils.java:logGet(43)) - raft.server.log.appender.buffer.element-limit = 1 (custom)
2019-08-29 08:46:14,268 [4204fb3a-7736-45d2-bbed-750a692783ae:group-199DD1B2645C:LeaderElection5] INFO  grpc.GrpcConfigKeys$Server (ConfUtils.java:logGet(43)) - raft.grpc.server.leader.outstanding.appends.max = 128 (default)
2019-08-29 08:46:14,268 [4204fb3a-7736-45d2-bbed-750a692783ae:group-199DD1B2645C:LeaderElection5] INFO  server.RaftServerConfigKeys (ConfUtils.java:logGet(43)) - raft.server.rpc.request.timeout = 3000ms (default)
2019-08-29 08:46:14,268 [pool-37-thread-1] INFO  util.JmxRegister (JmxRegister.java:tryRegister(44)) - Successfully registered JMX Bean with object name Ratis:service=RaftServer,group=group-D32732FAAE1B,id=4204fb3a-7736-45d2-bbed-750a692783ae
2019-08-29 08:46:14,268 [4204fb3a-7736-45d2-bbed-750a692783ae:group-199DD1B2645C:LeaderElection5] INFO  server.RaftServerConfigKeys (ConfUtils.java:logGet(43)) - raft.server.log.appender.install.snapshot.enabled = false (custom)
2019-08-29 08:46:14,268 [4204fb3a-7736-45d2-bbed-750a692783ae:group-199DD1B2645C:LeaderElection5] INFO  impl.RoleInfo (RoleInfo.java:updateAndGet(143)) - 4204fb3a-7736-45d2-bbed-750a692783ae: start LeaderState
2019-08-29 08:46:14,268 [4204fb3a-7736-45d2-bbed-750a692783ae:group-199DD1B2645C:LeaderElection5] INFO  segmented.SegmentedRaftLogWorker (SegmentedRaftLogWorker.java:startLogSegment(380)) - 4204fb3a-7736-45d2-bbed-750a692783ae-SegmentedRaftLogWorker:Storage Directory /workdir/hadoop-ozone/integration-test/target/test-dir/MiniOzoneClusterImpl-f455d224-3bfd-4c12-ad75-0d332897f7fa/datanode-1/data/ratis/a84b6f94-2c43-472f-ac98-199dd1b2645c: Starting segment from index:0
2019-08-29 08:46:14,269 [80032fdc-d78b-4a88-9434-3ce010c31b3f:group-D32732FAAE1B:LeaderElection6] INFO  impl.LeaderElection (LogUtils.java:infoOrTrace(149)) - 80032fdc-d78b-4a88-9434-3ce010c31b3f:group-D32732FAAE1B:LeaderElection6 got exception when requesting votes: {}
java.util.concurrent.ExecutionException: org.apache.ratis.thirdparty.io.grpc.StatusRuntimeException: INTERNAL: Server e5fd3c67-4f38-41ed-8073-51136f0efc00 is not [RUNNING]: current state is NEW
	at java.util.concurrent.FutureTask.report(FutureTask.java:122)
	at java.util.concurrent.FutureTask.get(FutureTask.java:192)
	at org.apache.ratis.server.impl.LeaderElection.waitForResults(LeaderElection.java:262)
	at org.apache.ratis.server.impl.LeaderElection.askForVotes(LeaderElection.java:200)
	at org.apache.ratis.server.impl.LeaderElection.run(LeaderElection.java:130)
	at java.lang.Thread.run(Thread.java:748)
Caused by: org.apache.ratis.thirdparty.io.grpc.StatusRuntimeException: INTERNAL: Server e5fd3c67-4f38-41ed-8073-51136f0efc00 is not [RUNNING]: current state is NEW
	at org.apache.ratis.thirdparty.io.grpc.stub.ClientCalls.toStatusRuntimeException(ClientCalls.java:233)
	at org.apache.ratis.thirdparty.io.grpc.stub.ClientCalls.getUnchecked(ClientCalls.java:214)
	at org.apache.ratis.thirdparty.io.grpc.stub.ClientCalls.blockingUnaryCall(ClientCalls.java:139)
	at org.apache.ratis.proto.grpc.RaftServerProtocolServiceGrpc$RaftServerProtocolServiceBlockingStub.requestVote(RaftServerProtocolServiceGrpc.java:265)
	at org.apache.ratis.grpc.server.GrpcServerProtocolClient.requestVote(GrpcServerProtocolClient.java:83)
	at org.apache.ratis.grpc.server.GrpcService.requestVote(GrpcService.java:195)
	at org.apache.ratis.server.impl.LeaderElection.lambda$submitRequests$1(LeaderElection.java:237)
	at java.util.concurrent.FutureTask.run(FutureTask.java:266)
	at java.util.concurrent.Executors$RunnableAdapter.call(Executors.java:511)
	at java.util.concurrent.FutureTask.run(FutureTask.java:266)
	at java.util.concurrent.ThreadPoolExecutor.runWorker(ThreadPoolExecutor.java:1149)
	at java.util.concurrent.ThreadPoolExecutor$Worker.run(ThreadPoolExecutor.java:624)
	... 1 more
2019-08-29 08:46:14,269 [4204fb3a-7736-45d2-bbed-750a692783ae:group-199DD1B2645C:LeaderElection5] INFO  impl.RaftServerImpl (ServerState.java:setRaftConf(361)) - 4204fb3a-7736-45d2-bbed-750a692783ae:group-199DD1B2645C set configuration 0: [80032fdc-d78b-4a88-9434-3ce010c31b3f:192.168.5.176:43754, 4204fb3a-7736-45d2-bbed-750a692783ae:192.168.5.176:46077, e5fd3c67-4f38-41ed-8073-51136f0efc00:192.168.5.176:38915], old=null at 0
2019-08-29 08:46:14,297 [80032fdc-d78b-4a88-9434-3ce010c31b3f:group-D32732FAAE1B:LeaderElection6] INFO  impl.LeaderElection (LogUtils.java:infoOrTrace(149)) - 80032fdc-d78b-4a88-9434-3ce010c31b3f:group-D32732FAAE1B:LeaderElection6 got exception when requesting votes: {}
java.util.concurrent.ExecutionException: org.apache.ratis.thirdparty.io.grpc.StatusRuntimeException: INTERNAL: Server 4204fb3a-7736-45d2-bbed-750a692783ae is not [RUNNING]: current state is NEW
	at java.util.concurrent.FutureTask.report(FutureTask.java:122)
	at java.util.concurrent.FutureTask.get(FutureTask.java:192)
	at org.apache.ratis.server.impl.LeaderElection.waitForResults(LeaderElection.java:262)
	at org.apache.ratis.server.impl.LeaderElection.askForVotes(LeaderElection.java:200)
	at org.apache.ratis.server.impl.LeaderElection.run(LeaderElection.java:130)
	at java.lang.Thread.run(Thread.java:748)
Caused by: org.apache.ratis.thirdparty.io.grpc.StatusRuntimeException: INTERNAL: Server 4204fb3a-7736-45d2-bbed-750a692783ae is not [RUNNING]: current state is NEW
	at org.apache.ratis.thirdparty.io.grpc.stub.ClientCalls.toStatusRuntimeException(ClientCalls.java:233)
	at org.apache.ratis.thirdparty.io.grpc.stub.ClientCalls.getUnchecked(ClientCalls.java:214)
	at org.apache.ratis.thirdparty.io.grpc.stub.ClientCalls.blockingUnaryCall(ClientCalls.java:139)
	at org.apache.ratis.proto.grpc.RaftServerProtocolServiceGrpc$RaftServerProtocolServiceBlockingStub.requestVote(RaftServerProtocolServiceGrpc.java:265)
	at org.apache.ratis.grpc.server.GrpcServerProtocolClient.requestVote(GrpcServerProtocolClient.java:83)
	at org.apache.ratis.grpc.server.GrpcService.requestVote(GrpcService.java:195)
	at org.apache.ratis.server.impl.LeaderElection.lambda$submitRequests$1(LeaderElection.java:237)
	at java.util.concurrent.FutureTask.run(FutureTask.java:266)
	at java.util.concurrent.Executors$RunnableAdapter.call(Executors.java:511)
	at java.util.concurrent.FutureTask.run(FutureTask.java:266)
	at java.util.concurrent.ThreadPoolExecutor.runWorker(ThreadPoolExecutor.java:1149)
	at java.util.concurrent.ThreadPoolExecutor$Worker.run(ThreadPoolExecutor.java:624)
	... 1 more
2019-08-29 08:46:14,301 [80032fdc-d78b-4a88-9434-3ce010c31b3f:group-D32732FAAE1B:LeaderElection6] INFO  impl.LeaderElection (LeaderElection.java:logAndReturn(56)) - 80032fdc-d78b-4a88-9434-3ce010c31b3f:group-D32732FAAE1B:LeaderElection6: Election REJECTED; received 0 response(s) [] and 2 exception(s); 80032fdc-d78b-4a88-9434-3ce010c31b3f:t1, leader=null, voted=80032fdc-d78b-4a88-9434-3ce010c31b3f, raftlog=80032fdc-d78b-4a88-9434-3ce010c31b3f-SegmentedRaftLog:OPENED:c-1,f-1,i0, conf=-1: [80032fdc-d78b-4a88-9434-3ce010c31b3f:192.168.5.176:43754, 4204fb3a-7736-45d2-bbed-750a692783ae:192.168.5.176:46077, e5fd3c67-4f38-41ed-8073-51136f0efc00:192.168.5.176:38915], old=null
2019-08-29 08:46:14,301 [pool-37-thread-1] INFO  impl.RaftServerImpl (RaftServerImpl.java:<init>(93)) - 4204fb3a-7736-45d2-bbed-750a692783ae: new RaftServerImpl for group-D118D55FB6DD:[80032fdc-d78b-4a88-9434-3ce010c31b3f:192.168.5.176:43754, 4204fb3a-7736-45d2-bbed-750a692783ae:192.168.5.176:46077, e5fd3c67-4f38-41ed-8073-51136f0efc00:192.168.5.176:38915] with ContainerStateMachine:uninitialized
2019-08-29 08:46:14,301 [80032fdc-d78b-4a88-9434-3ce010c31b3f:group-D32732FAAE1B:LeaderElection6] INFO  impl.LeaderElection (LogUtils.java:infoOrTrace(149)) -   Exception 0: {}
java.util.concurrent.ExecutionException: org.apache.ratis.thirdparty.io.grpc.StatusRuntimeException: INTERNAL: Server e5fd3c67-4f38-41ed-8073-51136f0efc00 is not [RUNNING]: current state is NEW
	at java.util.concurrent.FutureTask.report(FutureTask.java:122)
	at java.util.concurrent.FutureTask.get(FutureTask.java:192)
	at org.apache.ratis.server.impl.LeaderElection.waitForResults(LeaderElection.java:262)
	at org.apache.ratis.server.impl.LeaderElection.askForVotes(LeaderElection.java:200)
	at org.apache.ratis.server.impl.LeaderElection.run(LeaderElection.java:130)
	at java.lang.Thread.run(Thread.java:748)
Caused by: org.apache.ratis.thirdparty.io.grpc.StatusRuntimeException: INTERNAL: Server e5fd3c67-4f38-41ed-8073-51136f0efc00 is not [RUNNING]: current state is NEW
	at org.apache.ratis.thirdparty.io.grpc.stub.ClientCalls.toStatusRuntimeException(ClientCalls.java:233)
	at org.apache.ratis.thirdparty.io.grpc.stub.ClientCalls.getUnchecked(ClientCalls.java:214)
	at org.apache.ratis.thirdparty.io.grpc.stub.ClientCalls.blockingUnaryCall(ClientCalls.java:139)
	at org.apache.ratis.proto.grpc.RaftServerProtocolServiceGrpc$RaftServerProtocolServiceBlockingStub.requestVote(RaftServerProtocolServiceGrpc.java:265)
	at org.apache.ratis.grpc.server.GrpcServerProtocolClient.requestVote(GrpcServerProtocolClient.java:83)
	at org.apache.ratis.grpc.server.GrpcService.requestVote(GrpcService.java:195)
	at org.apache.ratis.server.impl.LeaderElection.lambda$submitRequests$1(LeaderElection.java:237)
	at java.util.concurrent.FutureTask.run(FutureTask.java:266)
	at java.util.concurrent.Executors$RunnableAdapter.call(Executors.java:511)
	at java.util.concurrent.FutureTask.run(FutureTask.java:266)
	at java.util.concurrent.ThreadPoolExecutor.runWorker(ThreadPoolExecutor.java:1149)
	at java.util.concurrent.ThreadPoolExecutor$Worker.run(ThreadPoolExecutor.java:624)
	... 1 more
2019-08-29 08:46:14,302 [pool-37-thread-1] INFO  server.RaftServerConfigKeys (ConfUtils.java:logGet(43)) - raft.server.rpc.timeout.min = 5s (custom)
2019-08-29 08:46:14,302 [80032fdc-d78b-4a88-9434-3ce010c31b3f:group-D32732FAAE1B:LeaderElection6] INFO  impl.LeaderElection (LogUtils.java:infoOrTrace(149)) -   Exception 1: {}
java.util.concurrent.ExecutionException: org.apache.ratis.thirdparty.io.grpc.StatusRuntimeException: INTERNAL: Server 4204fb3a-7736-45d2-bbed-750a692783ae is not [RUNNING]: current state is NEW
	at java.util.concurrent.FutureTask.report(FutureTask.java:122)
	at java.util.concurrent.FutureTask.get(FutureTask.java:192)
	at org.apache.ratis.server.impl.LeaderElection.waitForResults(LeaderElection.java:262)
	at org.apache.ratis.server.impl.LeaderElection.askForVotes(LeaderElection.java:200)
	at org.apache.ratis.server.impl.LeaderElection.run(LeaderElection.java:130)
	at java.lang.Thread.run(Thread.java:748)
Caused by: org.apache.ratis.thirdparty.io.grpc.StatusRuntimeException: INTERNAL: Server 4204fb3a-7736-45d2-bbed-750a692783ae is not [RUNNING]: current state is NEW
	at org.apache.ratis.thirdparty.io.grpc.stub.ClientCalls.toStatusRuntimeException(ClientCalls.java:233)
	at org.apache.ratis.thirdparty.io.grpc.stub.ClientCalls.getUnchecked(ClientCalls.java:214)
	at org.apache.ratis.thirdparty.io.grpc.stub.ClientCalls.blockingUnaryCall(ClientCalls.java:139)
	at org.apache.ratis.proto.grpc.RaftServerProtocolServiceGrpc$RaftServerProtocolServiceBlockingStub.requestVote(RaftServerProtocolServiceGrpc.java:265)
	at org.apache.ratis.grpc.server.GrpcServerProtocolClient.requestVote(GrpcServerProtocolClient.java:83)
	at org.apache.ratis.grpc.server.GrpcService.requestVote(GrpcService.java:195)
	at org.apache.ratis.server.impl.LeaderElection.lambda$submitRequests$1(LeaderElection.java:237)
	at java.util.concurrent.FutureTask.run(FutureTask.java:266)
	at java.util.concurrent.Executors$RunnableAdapter.call(Executors.java:511)
	at java.util.concurrent.FutureTask.run(FutureTask.java:266)
	at java.util.concurrent.ThreadPoolExecutor.runWorker(ThreadPoolExecutor.java:1149)
	at java.util.concurrent.ThreadPoolExecutor$Worker.run(ThreadPoolExecutor.java:624)
	... 1 more
2019-08-29 08:46:14,304 [grpc-default-executor-4] INFO  impl.RaftServerImpl (ServerState.java:setLeader(263)) - e5fd3c67-4f38-41ed-8073-51136f0efc00:group-199DD1B2645C change Leader from null to 4204fb3a-7736-45d2-bbed-750a692783ae at term 1 for appendEntries, leader elected after 17408ms
2019-08-29 08:46:14,304 [grpc-default-executor-1] INFO  impl.RaftServerImpl (ServerState.java:setLeader(263)) - 80032fdc-d78b-4a88-9434-3ce010c31b3f:group-199DD1B2645C change Leader from null to 4204fb3a-7736-45d2-bbed-750a692783ae at term 1 for appendEntries, leader elected after 19636ms
2019-08-29 08:46:14,302 [pool-37-thread-1] INFO  server.RaftServerConfigKeys (ConfUtils.java:logGet(43)) - raft.server.rpc.timeout.max = 5200ms (custom)
2019-08-29 08:46:14,304 [80032fdc-d78b-4a88-9434-3ce010c31b3f:group-D32732FAAE1B:LeaderElection6] INFO  impl.RaftServerImpl (RaftServerImpl.java:setRole(171)) - 80032fdc-d78b-4a88-9434-3ce010c31b3f:group-D32732FAAE1B changes role from CANDIDATE to FOLLOWER at term 1 for DISCOVERED_A_NEW_TERM
2019-08-29 08:46:14,307 [pool-37-thread-1] INFO  server.RaftServerConfigKeys (ConfUtils.java:logGet(43)) - raft.server.rpcslowness.timeout = 120s (custom)
2019-08-29 08:46:14,307 [80032fdc-d78b-4a88-9434-3ce010c31b3f:group-D32732FAAE1B:LeaderElection6] INFO  impl.RoleInfo (RoleInfo.java:shutdownLeaderElection(134)) - 80032fdc-d78b-4a88-9434-3ce010c31b3f: shutdown LeaderElection
2019-08-29 08:46:14,307 [pool-37-thread-1] INFO  server.RaftServerConfigKeys (ConfUtils.java:logGet(43)) - raft.server.sleep.deviation.threshold = 300 (default)
2019-08-29 08:46:14,307 [80032fdc-d78b-4a88-9434-3ce010c31b3f:group-D32732FAAE1B:LeaderElection6] INFO  impl.RoleInfo (RoleInfo.java:updateAndGet(143)) - 80032fdc-d78b-4a88-9434-3ce010c31b3f: start FollowerState
2019-08-29 08:46:14,307 [pool-37-thread-1] INFO  server.RaftServerConfigKeys (ConfUtils.java:logGet(43)) - raft.server.log.appender.install.snapshot.enabled = false (custom)
2019-08-29 08:46:14,308 [pool-37-thread-1] INFO  impl.RaftServerImpl (ServerState.java:<init>(105)) - 4204fb3a-7736-45d2-bbed-750a692783ae:group-D118D55FB6DD ConfigurationManager, init=-1: [80032fdc-d78b-4a88-9434-3ce010c31b3f:192.168.5.176:43754, 4204fb3a-7736-45d2-bbed-750a692783ae:192.168.5.176:46077, e5fd3c67-4f38-41ed-8073-51136f0efc00:192.168.5.176:38915], old=null, confs=<EMPTY_MAP>
2019-08-29 08:46:14,310 [pool-37-thread-1] INFO  server.RaftServerConfigKeys (ConfUtils.java:logGet(43)) - raft.server.storage.dir = [/workdir/hadoop-ozone/integration-test/target/test-dir/MiniOzoneClusterImpl-f455d224-3bfd-4c12-ad75-0d332897f7fa/datanode-1/data/ratis] (custom)
2019-08-29 08:46:14,310 [pool-37-thread-1] INFO  storage.RaftStorageDirectory (RaftStorageDirectory.java:analyzeStorage(246)) - The storage directory /workdir/hadoop-ozone/integration-test/target/test-dir/MiniOzoneClusterImpl-f455d224-3bfd-4c12-ad75-0d332897f7fa/datanode-1/data/ratis/ff970ac3-0c53-48d2-a034-d118d55fb6dd does not exist. Creating ...
2019-08-29 08:46:14,311 [grpc-default-executor-1] INFO  impl.RaftServerImpl (ServerState.java:setRaftConf(361)) - e5fd3c67-4f38-41ed-8073-51136f0efc00:group-199DD1B2645C set configuration 0: [80032fdc-d78b-4a88-9434-3ce010c31b3f:192.168.5.176:43754, 4204fb3a-7736-45d2-bbed-750a692783ae:192.168.5.176:46077, e5fd3c67-4f38-41ed-8073-51136f0efc00:192.168.5.176:38915], old=null at 0
2019-08-29 08:46:14,311 [grpc-default-executor-1] INFO  segmented.SegmentedRaftLogWorker (SegmentedRaftLogWorker.java:startLogSegment(380)) - e5fd3c67-4f38-41ed-8073-51136f0efc00-SegmentedRaftLogWorker:Storage Directory /workdir/hadoop-ozone/integration-test/target/test-dir/MiniOzoneClusterImpl-f455d224-3bfd-4c12-ad75-0d332897f7fa/datanode-2/data/ratis/a84b6f94-2c43-472f-ac98-199dd1b2645c: Starting segment from index:0
2019-08-29 08:46:14,311 [grpc-default-executor-4] INFO  impl.RaftServerImpl (ServerState.java:setRaftConf(361)) - 80032fdc-d78b-4a88-9434-3ce010c31b3f:group-199DD1B2645C set configuration 0: [80032fdc-d78b-4a88-9434-3ce010c31b3f:192.168.5.176:43754, 4204fb3a-7736-45d2-bbed-750a692783ae:192.168.5.176:46077, e5fd3c67-4f38-41ed-8073-51136f0efc00:192.168.5.176:38915], old=null at 0
2019-08-29 08:46:14,312 [grpc-default-executor-4] INFO  segmented.SegmentedRaftLogWorker (SegmentedRaftLogWorker.java:startLogSegment(380)) - 80032fdc-d78b-4a88-9434-3ce010c31b3f-SegmentedRaftLogWorker:Storage Directory /workdir/hadoop-ozone/integration-test/target/test-dir/MiniOzoneClusterImpl-f455d224-3bfd-4c12-ad75-0d332897f7fa/datanode-5/data/ratis/a84b6f94-2c43-472f-ac98-199dd1b2645c: Starting segment from index:0
2019-08-29 08:46:14,446 [RATISCREATEPIPELINE1] ERROR pipeline.RatisPipelineProvider (RatisPipelineProvider.java:lambda$null$5(235)) - Failed invoke Ratis rpc org.apache.hadoop.hdds.scm.pipeline.RatisPipelineProvider$$Lambda$187/1505492594@1c84df99 for 4204fb3a-7736-45d2-bbed-750a692783ae
org.apache.ratis.protocol.TimeoutIOException: deadline exceeded after 2999747760ns
	at org.apache.ratis.grpc.GrpcUtil.tryUnwrapException(GrpcUtil.java:82)
	at org.apache.ratis.grpc.GrpcUtil.unwrapException(GrpcUtil.java:75)
	at org.apache.ratis.grpc.client.GrpcClientProtocolClient.blockingCall(GrpcClientProtocolClient.java:169)
	at org.apache.ratis.grpc.client.GrpcClientProtocolClient.groupAdd(GrpcClientProtocolClient.java:138)
	at org.apache.ratis.grpc.client.GrpcClientRpc.sendRequest(GrpcClientRpc.java:94)
	at org.apache.ratis.client.impl.RaftClientImpl.sendRequest(RaftClientImpl.java:279)
	at org.apache.ratis.client.impl.RaftClientImpl.groupAdd(RaftClientImpl.java:206)
	at org.apache.hadoop.hdds.scm.pipeline.RatisPipelineProvider.lambda$initializePipeline$4(RatisPipelineProvider.java:194)
	at org.apache.hadoop.hdds.scm.pipeline.RatisPipelineProvider.lambda$null$5(RatisPipelineProvider.java:231)
	at java.util.stream.ForEachOps$ForEachOp$OfRef.accept(ForEachOps.java:184)
	at java.util.ArrayList$ArrayListSpliterator.forEachRemaining(ArrayList.java:1382)
	at java.util.stream.AbstractPipeline.copyInto(AbstractPipeline.java:482)
	at java.util.stream.ForEachOps$ForEachTask.compute(ForEachOps.java:291)
	at java.util.concurrent.CountedCompleter.exec(CountedCompleter.java:731)
	at java.util.concurrent.ForkJoinTask.doExec(ForkJoinTask.java:289)
	at java.util.concurrent.ForkJoinTask.doInvoke(ForkJoinTask.java:401)
	at java.util.concurrent.ForkJoinTask.invoke(ForkJoinTask.java:734)
	at java.util.stream.ForEachOps$ForEachOp.evaluateParallel(ForEachOps.java:160)
	at java.util.stream.ForEachOps$ForEachOp$OfRef.evaluateParallel(ForEachOps.java:174)
	at java.util.stream.AbstractPipeline.evaluate(AbstractPipeline.java:233)
	at java.util.stream.ReferencePipeline.forEach(ReferencePipeline.java:418)
	at java.util.stream.ReferencePipeline$Head.forEach(ReferencePipeline.java:583)
	at org.apache.hadoop.hdds.scm.pipeline.RatisPipelineProvider.lambda$callRatisRpc$6(RatisPipelineProvider.java:225)
	at java.util.concurrent.ForkJoinTask$AdaptedRunnableAction.exec(ForkJoinTask.java:1386)
	at java.util.concurrent.ForkJoinTask.doExec(ForkJoinTask.java:289)
	at java.util.concurrent.ForkJoinPool$WorkQueue.runTask(ForkJoinPool.java:1056)
	at java.util.concurrent.ForkJoinPool.runWorker(ForkJoinPool.java:1692)
	at java.util.concurrent.ForkJoinWorkerThread.run(ForkJoinWorkerThread.java:157)
Caused by: org.apache.ratis.thirdparty.io.grpc.StatusRuntimeException: DEADLINE_EXCEEDED: deadline exceeded after 2999747760ns
	at org.apache.ratis.thirdparty.io.grpc.stub.ClientCalls.toStatusRuntimeException(ClientCalls.java:233)
	at org.apache.ratis.thirdparty.io.grpc.stub.ClientCalls.getUnchecked(ClientCalls.java:214)
	at org.apache.ratis.thirdparty.io.grpc.stub.ClientCalls.blockingUnaryCall(ClientCalls.java:139)
	at org.apache.ratis.proto.grpc.AdminProtocolServiceGrpc$AdminProtocolServiceBlockingStub.groupManagement(AdminProtocolServiceGrpc.java:274)
	at org.apache.ratis.grpc.client.GrpcClientProtocolClient.lambda$groupAdd$3(GrpcClientProtocolClient.java:140)
	at org.apache.ratis.grpc.client.GrpcClientProtocolClient.blockingCall(GrpcClientProtocolClient.java:167)
	... 25 more
2019-08-29 08:46:14,449 [RATISCREATEPIPELINE2] ERROR pipeline.RatisPipelineProvider (RatisPipelineProvider.java:lambda$null$5(235)) - Failed invoke Ratis rpc org.apache.hadoop.hdds.scm.pipeline.RatisPipelineProvider$$Lambda$187/1505492594@1c84df99 for e5fd3c67-4f38-41ed-8073-51136f0efc00
org.apache.ratis.protocol.TimeoutIOException: deadline exceeded after 2999678096ns
	at org.apache.ratis.grpc.GrpcUtil.tryUnwrapException(GrpcUtil.java:82)
	at org.apache.ratis.grpc.GrpcUtil.unwrapException(GrpcUtil.java:75)
	at org.apache.ratis.grpc.client.GrpcClientProtocolClient.blockingCall(GrpcClientProtocolClient.java:169)
	at org.apache.ratis.grpc.client.GrpcClientProtocolClient.groupAdd(GrpcClientProtocolClient.java:138)
	at org.apache.ratis.grpc.client.GrpcClientRpc.sendRequest(GrpcClientRpc.java:94)
	at org.apache.ratis.client.impl.RaftClientImpl.sendRequest(RaftClientImpl.java:279)
	at org.apache.ratis.client.impl.RaftClientImpl.groupAdd(RaftClientImpl.java:206)
	at org.apache.hadoop.hdds.scm.pipeline.RatisPipelineProvider.lambda$initializePipeline$4(RatisPipelineProvider.java:194)
	at org.apache.hadoop.hdds.scm.pipeline.RatisPipelineProvider.lambda$null$5(RatisPipelineProvider.java:231)
	at java.util.stream.ForEachOps$ForEachOp$OfRef.accept(ForEachOps.java:184)
	at java.util.ArrayList$ArrayListSpliterator.forEachRemaining(ArrayList.java:1382)
	at java.util.stream.AbstractPipeline.copyInto(AbstractPipeline.java:482)
	at java.util.stream.ForEachOps$ForEachTask.compute(ForEachOps.java:291)
	at java.util.concurrent.CountedCompleter.exec(CountedCompleter.java:731)
	at java.util.concurrent.ForkJoinTask.doExec(ForkJoinTask.java:289)
	at java.util.concurrent.ForkJoinPool$WorkQueue.runTask(ForkJoinPool.java:1056)
	at java.util.concurrent.ForkJoinPool.runWorker(ForkJoinPool.java:1692)
	at java.util.concurrent.ForkJoinWorkerThread.run(ForkJoinWorkerThread.java:157)
Caused by: org.apache.ratis.thirdparty.io.grpc.StatusRuntimeException: DEADLINE_EXCEEDED: deadline exceeded after 2999678096ns
	at org.apache.ratis.thirdparty.io.grpc.stub.ClientCalls.toStatusRuntimeException(ClientCalls.java:233)
	at org.apache.ratis.thirdparty.io.grpc.stub.ClientCalls.getUnchecked(ClientCalls.java:214)
	at org.apache.ratis.thirdparty.io.grpc.stub.ClientCalls.blockingUnaryCall(ClientCalls.java:139)
	at org.apache.ratis.proto.grpc.AdminProtocolServiceGrpc$AdminProtocolServiceBlockingStub.groupManagement(AdminProtocolServiceGrpc.java:274)
	at org.apache.ratis.grpc.client.GrpcClientProtocolClient.lambda$groupAdd$3(GrpcClientProtocolClient.java:140)
	at org.apache.ratis.grpc.client.GrpcClientProtocolClient.blockingCall(GrpcClientProtocolClient.java:167)
	... 15 more
2019-08-29 08:46:14,446 [RATISCREATEPIPELINE3] ERROR pipeline.RatisPipelineProvider (RatisPipelineProvider.java:lambda$null$5(235)) - Failed invoke Ratis rpc org.apache.hadoop.hdds.scm.pipeline.RatisPipelineProvider$$Lambda$187/1505492594@1c84df99 for 80032fdc-d78b-4a88-9434-3ce010c31b3f
org.apache.ratis.protocol.TimeoutIOException: deadline exceeded after 2999721098ns
	at org.apache.ratis.grpc.GrpcUtil.tryUnwrapException(GrpcUtil.java:82)
	at org.apache.ratis.grpc.GrpcUtil.unwrapException(GrpcUtil.java:75)
	at org.apache.ratis.grpc.client.GrpcClientProtocolClient.blockingCall(GrpcClientProtocolClient.java:169)
	at org.apache.ratis.grpc.client.GrpcClientProtocolClient.groupAdd(GrpcClientProtocolClient.java:138)
	at org.apache.ratis.grpc.client.GrpcClientRpc.sendRequest(GrpcClientRpc.java:94)
	at org.apache.ratis.client.impl.RaftClientImpl.sendRequest(RaftClientImpl.java:279)
	at org.apache.ratis.client.impl.RaftClientImpl.groupAdd(RaftClientImpl.java:206)
	at org.apache.hadoop.hdds.scm.pipeline.RatisPipelineProvider.lambda$initializePipeline$4(RatisPipelineProvider.java:194)
	at org.apache.hadoop.hdds.scm.pipeline.RatisPipelineProvider.lambda$null$5(RatisPipelineProvider.java:231)
	at java.util.stream.ForEachOps$ForEachOp$OfRef.accept(ForEachOps.java:184)
	at java.util.ArrayList$ArrayListSpliterator.forEachRemaining(ArrayList.java:1382)
	at java.util.stream.AbstractPipeline.copyInto(AbstractPipeline.java:482)
	at java.util.stream.ForEachOps$ForEachTask.compute(ForEachOps.java:291)
	at java.util.concurrent.CountedCompleter.exec(CountedCompleter.java:731)
	at java.util.concurrent.ForkJoinTask.doExec(ForkJoinTask.java:289)
	at java.util.concurrent.ForkJoinPool$WorkQueue.runTask(ForkJoinPool.java:1056)
	at java.util.concurrent.ForkJoinPool.runWorker(ForkJoinPool.java:1692)
	at java.util.concurrent.ForkJoinWorkerThread.run(ForkJoinWorkerThread.java:157)
Caused by: org.apache.ratis.thirdparty.io.grpc.StatusRuntimeException: DEADLINE_EXCEEDED: deadline exceeded after 2999721098ns
	at org.apache.ratis.thirdparty.io.grpc.stub.ClientCalls.toStatusRuntimeException(ClientCalls.java:233)
	at org.apache.ratis.thirdparty.io.grpc.stub.ClientCalls.getUnchecked(ClientCalls.java:214)
	at org.apache.ratis.thirdparty.io.grpc.stub.ClientCalls.blockingUnaryCall(ClientCalls.java:139)
	at org.apache.ratis.proto.grpc.AdminProtocolServiceGrpc$AdminProtocolServiceBlockingStub.groupManagement(AdminProtocolServiceGrpc.java:274)
	at org.apache.ratis.grpc.client.GrpcClientProtocolClient.lambda$groupAdd$3(GrpcClientProtocolClient.java:140)
	at org.apache.ratis.grpc.client.GrpcClientProtocolClient.blockingCall(GrpcClientProtocolClient.java:167)
	... 15 more
2019-08-29 08:46:14,455 [IPC Server handler 10 on 43221] WARN  block.BlockManagerImpl (BlockManagerImpl.java:allocateBlock(192)) - Pipeline creation failed for type:RATIS factor:THREE. Retrying get pipelines call once.
org.apache.hadoop.io.MultipleIOException: 3 exceptions [java.io.IOException: Failed invoke Ratis rpc org.apache.hadoop.hdds.scm.pipeline.RatisPipelineProvider$$Lambda$187/1505492594@1c84df99 for 4204fb3a-7736-45d2-bbed-750a692783ae, java.io.IOException: Failed invoke Ratis rpc org.apache.hadoop.hdds.scm.pipeline.RatisPipelineProvider$$Lambda$187/1505492594@1c84df99 for e5fd3c67-4f38-41ed-8073-51136f0efc00, java.io.IOException: Failed invoke Ratis rpc org.apache.hadoop.hdds.scm.pipeline.RatisPipelineProvider$$Lambda$187/1505492594@1c84df99 for 80032fdc-d78b-4a88-9434-3ce010c31b3f]
	at org.apache.hadoop.io.MultipleIOException.createIOException(MultipleIOException.java:53)
	at org.apache.hadoop.hdds.scm.pipeline.RatisPipelineProvider.callRatisRpc(RatisPipelineProvider.java:251)
	at org.apache.hadoop.hdds.scm.pipeline.RatisPipelineProvider.initializePipeline(RatisPipelineProvider.java:192)
	at org.apache.hadoop.hdds.scm.pipeline.RatisPipelineProvider.create(RatisPipelineProvider.java:161)
	at org.apache.hadoop.hdds.scm.pipeline.PipelineFactory.create(PipelineFactory.java:57)
	at org.apache.hadoop.hdds.scm.pipeline.SCMPipelineManager.createPipeline(SCMPipelineManager.java:149)
	at org.apache.hadoop.hdds.scm.block.BlockManagerImpl.allocateBlock(BlockManagerImpl.java:190)
	at org.apache.hadoop.hdds.scm.server.SCMBlockProtocolServer.allocateBlock(SCMBlockProtocolServer.java:175)
	at org.apache.hadoop.ozone.protocolPB.ScmBlockLocationProtocolServerSideTranslatorPB.allocateScmBlock(ScmBlockLocationProtocolServerSideTranslatorPB.java:153)
	at org.apache.hadoop.ozone.protocolPB.ScmBlockLocationProtocolServerSideTranslatorPB.send(ScmBlockLocationProtocolServerSideTranslatorPB.java:112)
	at org.apache.hadoop.hdds.protocol.proto.ScmBlockLocationProtocolProtos$ScmBlockLocationProtocolService$2.callBlockingMethod(ScmBlockLocationProtocolProtos.java:13157)
	at org.apache.hadoop.ipc.ProtobufRpcEngine$Server$ProtoBufRpcInvoker.call(ProtobufRpcEngine.java:524)
	at org.apache.hadoop.ipc.RPC$Server.call(RPC.java:1025)
	at org.apache.hadoop.ipc.Server$RpcCall.run(Server.java:876)
	at org.apache.hadoop.ipc.Server$RpcCall.run(Server.java:822)
	at java.security.AccessController.doPrivileged(Native Method)
	at javax.security.auth.Subject.doAs(Subject.java:422)
	at org.apache.hadoop.security.UserGroupInformation.doAs(UserGroupInformation.java:1730)
	at org.apache.hadoop.ipc.Server$Handler.run(Server.java:2682)
2019-08-29 08:46:14,456 [IPC Server handler 10 on 43221] INFO  block.BlockManagerImpl (BlockManagerImpl.java:allocateBlock(198)) - Could not find available pipeline of type:RATIS and factor:THREE even after retrying
2019-08-29 08:46:14,456 [IPC Server handler 10 on 43221] ERROR block.BlockManagerImpl (BlockManagerImpl.java:allocateBlock(222)) - Unable to allocate a block for the size: 4194304, type: RATIS, factor: THREE
2019-08-29 08:46:14,456 | INFO  | SCMAudit | user=jenkins1000 | ip=192.168.5.176 | op=SEND_HEARTBEAT {datanodeUUID=73bbc9c5-70f7-4fc8-a304-e36fb1a7c836, command=[]} | ret=SUCCESS |  
2019-08-29 08:46:14,475 [grpc-default-executor-0] INFO  impl.RaftServerProxy (RaftServerProxy.java:addNew(89)) - 4204fb3a-7736-45d2-bbed-750a692783ae: addNew group-1EB0269CAC1E:[80032fdc-d78b-4a88-9434-3ce010c31b3f:192.168.5.176:43754, 4204fb3a-7736-45d2-bbed-750a692783ae:192.168.5.176:46077, e5fd3c67-4f38-41ed-8073-51136f0efc00:192.168.5.176:38915] returns group-1EB0269CAC1E:java.util.concurrent.CompletableFuture@113bc930[Not completed]
2019-08-29 08:46:14,475 [grpc-default-executor-1] INFO  impl.RaftServerProxy (RaftServerProxy.java:addNew(89)) - 80032fdc-d78b-4a88-9434-3ce010c31b3f: addNew group-1EB0269CAC1E:[80032fdc-d78b-4a88-9434-3ce010c31b3f:192.168.5.176:43754, 4204fb3a-7736-45d2-bbed-750a692783ae:192.168.5.176:46077, e5fd3c67-4f38-41ed-8073-51136f0efc00:192.168.5.176:38915] returns group-1EB0269CAC1E:java.util.concurrent.CompletableFuture@ce3e346[Not completed]
2019-08-29 08:46:14,475 [grpc-default-executor-3] INFO  impl.RaftServerProxy (RaftServerProxy.java:addNew(89)) - e5fd3c67-4f38-41ed-8073-51136f0efc00: addNew group-1EB0269CAC1E:[80032fdc-d78b-4a88-9434-3ce010c31b3f:192.168.5.176:43754, 4204fb3a-7736-45d2-bbed-750a692783ae:192.168.5.176:46077, e5fd3c67-4f38-41ed-8073-51136f0efc00:192.168.5.176:38915] returns group-1EB0269CAC1E:java.util.concurrent.CompletableFuture@1160d63f[Not completed]
2019-08-29 08:46:14,532 | INFO  | SCMAudit | user=jenkins1000 | ip=192.168.5.176 | op=SEND_HEARTBEAT {datanodeUUID=4204fb3a-7736-45d2-bbed-750a692783ae, command=[]} | ret=SUCCESS |  
2019-08-29 08:46:14,617 | INFO  | SCMAudit | user=jenkins1000 | ip=192.168.5.176 | op=SEND_HEARTBEAT {datanodeUUID=e5fd3c67-4f38-41ed-8073-51136f0efc00, command=[]} | ret=SUCCESS |  
2019-08-29 08:46:15,061 [pool-77-thread-1] INFO  storage.RaftStorageDirectory (RaftStorageDirectory.java:tryLock(328)) - Lock on /workdir/hadoop-ozone/integration-test/target/test-dir/MiniOzoneClusterImpl-f455d224-3bfd-4c12-ad75-0d332897f7fa/datanode-5/data/ratis/ff970ac3-0c53-48d2-a034-d118d55fb6dd/in_use.lock acquired by nodename 29754@pr-hdds-1909-44d2n-1519487446
2019-08-29 08:46:15,126 | INFO  | SCMAudit | user=jenkins1000 | ip=192.168.5.176 | op=SEND_HEARTBEAT {datanodeUUID=3bbb20a1-a78a-49aa-a207-aa74965bf29c, command=[]} | ret=SUCCESS |  
2019-08-29 08:46:15,127 | INFO  | SCMAudit | user=jenkins1000 | ip=192.168.5.176 | op=SEND_HEARTBEAT {datanodeUUID=08d23bb8-f649-4ebd-a9a9-bbfd5b766034, command=[]} | ret=SUCCESS |  
2019-08-29 08:46:15,131 | INFO  | SCMAudit | user=jenkins1000 | ip=192.168.5.176 | op=SEND_HEARTBEAT {datanodeUUID=80032fdc-d78b-4a88-9434-3ce010c31b3f, command=[]} | ret=SUCCESS |  
2019-08-29 08:46:15,220 | INFO  | SCMAudit | user=jenkins1000 | ip=192.168.5.176 | op=SEND_HEARTBEAT {datanodeUUID=90f684eb-7c4f-41ac-bd9b-a2bcab6fa083, command=[]} | ret=SUCCESS |  
2019-08-29 08:46:15,456 | INFO  | SCMAudit | user=jenkins1000 | ip=192.168.5.176 | op=SEND_HEARTBEAT {datanodeUUID=73bbc9c5-70f7-4fc8-a304-e36fb1a7c836, command=[]} | ret=SUCCESS |  
2019-08-29 08:46:15,532 | INFO  | SCMAudit | user=jenkins1000 | ip=192.168.5.176 | op=SEND_HEARTBEAT {datanodeUUID=4204fb3a-7736-45d2-bbed-750a692783ae, command=[]} | ret=SUCCESS |  
2019-08-29 08:46:15,617 | INFO  | SCMAudit | user=jenkins1000 | ip=192.168.5.176 | op=SEND_HEARTBEAT {datanodeUUID=e5fd3c67-4f38-41ed-8073-51136f0efc00, command=[]} | ret=SUCCESS |  
2019-08-29 08:46:15,796 [pool-37-thread-1] INFO  storage.RaftStorageDirectory (RaftStorageDirectory.java:tryLock(328)) - Lock on /workdir/hadoop-ozone/integration-test/target/test-dir/MiniOzoneClusterImpl-f455d224-3bfd-4c12-ad75-0d332897f7fa/datanode-1/data/ratis/ff970ac3-0c53-48d2-a034-d118d55fb6dd/in_use.lock acquired by nodename 29754@pr-hdds-1909-44d2n-1519487446
2019-08-29 08:46:15,796 [e5fd3c67-4f38-41ed-8073-51136f0efc00-SegmentedRaftLogWorker:Storage Directory /workdir/hadoop-ozone/integration-test/target/test-dir/MiniOzoneClusterImpl-f455d224-3bfd-4c12-ad75-0d332897f7fa/datanode-2/data/ratis/a84b6f94-2c43-472f-ac98-199dd1b2645c] INFO  segmented.SegmentedRaftLogWorker (SegmentedRaftLogWorker.java:execute(569)) - e5fd3c67-4f38-41ed-8073-51136f0efc00-SegmentedRaftLogWorker:Storage Directory /workdir/hadoop-ozone/integration-test/target/test-dir/MiniOzoneClusterImpl-f455d224-3bfd-4c12-ad75-0d332897f7fa/datanode-2/data/ratis/a84b6f94-2c43-472f-ac98-199dd1b2645c: created new log segment /workdir/hadoop-ozone/integration-test/target/test-dir/MiniOzoneClusterImpl-f455d224-3bfd-4c12-ad75-0d332897f7fa/datanode-2/data/ratis/a84b6f94-2c43-472f-ac98-199dd1b2645c/current/log_inprogress_0
2019-08-29 08:46:15,796 [80032fdc-d78b-4a88-9434-3ce010c31b3f-SegmentedRaftLogWorker:Storage Directory /workdir/hadoop-ozone/integration-test/target/test-dir/MiniOzoneClusterImpl-f455d224-3bfd-4c12-ad75-0d332897f7fa/datanode-5/data/ratis/a84b6f94-2c43-472f-ac98-199dd1b2645c] INFO  segmented.SegmentedRaftLogWorker (SegmentedRaftLogWorker.java:execute(569)) - 80032fdc-d78b-4a88-9434-3ce010c31b3f-SegmentedRaftLogWorker:Storage Directory /workdir/hadoop-ozone/integration-test/target/test-dir/MiniOzoneClusterImpl-f455d224-3bfd-4c12-ad75-0d332897f7fa/datanode-5/data/ratis/a84b6f94-2c43-472f-ac98-199dd1b2645c: created new log segment /workdir/hadoop-ozone/integration-test/target/test-dir/MiniOzoneClusterImpl-f455d224-3bfd-4c12-ad75-0d332897f7fa/datanode-5/data/ratis/a84b6f94-2c43-472f-ac98-199dd1b2645c/current/log_inprogress_0
2019-08-29 08:46:15,796 [4204fb3a-7736-45d2-bbed-750a692783ae-SegmentedRaftLogWorker:Storage Directory /workdir/hadoop-ozone/integration-test/target/test-dir/MiniOzoneClusterImpl-f455d224-3bfd-4c12-ad75-0d332897f7fa/datanode-1/data/ratis/a84b6f94-2c43-472f-ac98-199dd1b2645c] INFO  segmented.SegmentedRaftLogWorker (SegmentedRaftLogWorker.java:execute(569)) - 4204fb3a-7736-45d2-bbed-750a692783ae-SegmentedRaftLogWorker:Storage Directory /workdir/hadoop-ozone/integration-test/target/test-dir/MiniOzoneClusterImpl-f455d224-3bfd-4c12-ad75-0d332897f7fa/datanode-1/data/ratis/a84b6f94-2c43-472f-ac98-199dd1b2645c: created new log segment /workdir/hadoop-ozone/integration-test/target/test-dir/MiniOzoneClusterImpl-f455d224-3bfd-4c12-ad75-0d332897f7fa/datanode-1/data/ratis/a84b6f94-2c43-472f-ac98-199dd1b2645c/current/log_inprogress_0
2019-08-29 08:46:16,126 | INFO  | SCMAudit | user=jenkins1000 | ip=192.168.5.176 | op=SEND_HEARTBEAT {datanodeUUID=3bbb20a1-a78a-49aa-a207-aa74965bf29c, command=[]} | ret=SUCCESS |  
2019-08-29 08:46:16,127 | INFO  | SCMAudit | user=jenkins1000 | ip=192.168.5.176 | op=SEND_HEARTBEAT {datanodeUUID=08d23bb8-f649-4ebd-a9a9-bbfd5b766034, command=[]} | ret=SUCCESS |  
2019-08-29 08:46:16,131 | INFO  | SCMAudit | user=jenkins1000 | ip=192.168.5.176 | op=SEND_HEARTBEAT {datanodeUUID=80032fdc-d78b-4a88-9434-3ce010c31b3f, command=[]} | ret=SUCCESS |  
2019-08-29 08:46:16,220 | INFO  | SCMAudit | user=jenkins1000 | ip=192.168.5.176 | op=SEND_HEARTBEAT {datanodeUUID=90f684eb-7c4f-41ac-bd9b-a2bcab6fa083, command=[]} | ret=SUCCESS |  
2019-08-29 08:46:16,455 | INFO  | SCMAudit | user=jenkins1000 | ip=192.168.5.176 | op=SEND_HEARTBEAT {datanodeUUID=73bbc9c5-70f7-4fc8-a304-e36fb1a7c836, command=[]} | ret=SUCCESS |  
2019-08-29 08:46:16,532 | INFO  | SCMAudit | user=jenkins1000 | ip=192.168.5.176 | op=SEND_HEARTBEAT {datanodeUUID=4204fb3a-7736-45d2-bbed-750a692783ae, command=[]} | ret=SUCCESS |  
2019-08-29 08:46:16,617 | INFO  | SCMAudit | user=jenkins1000 | ip=192.168.5.176 | op=SEND_HEARTBEAT {datanodeUUID=e5fd3c67-4f38-41ed-8073-51136f0efc00, command=[]} | ret=SUCCESS |  
2019-08-29 08:46:17,126 | INFO  | SCMAudit | user=jenkins1000 | ip=192.168.5.176 | op=SEND_HEARTBEAT {datanodeUUID=3bbb20a1-a78a-49aa-a207-aa74965bf29c, command=[]} | ret=SUCCESS |  
2019-08-29 08:46:17,127 | INFO  | SCMAudit | user=jenkins1000 | ip=192.168.5.176 | op=SEND_HEARTBEAT {datanodeUUID=08d23bb8-f649-4ebd-a9a9-bbfd5b766034, command=[]} | ret=SUCCESS |  
2019-08-29 08:46:17,131 | INFO  | SCMAudit | user=jenkins1000 | ip=192.168.5.176 | op=SEND_HEARTBEAT {datanodeUUID=80032fdc-d78b-4a88-9434-3ce010c31b3f, command=[]} | ret=SUCCESS |  
2019-08-29 08:46:17,220 | INFO  | SCMAudit | user=jenkins1000 | ip=192.168.5.176 | op=SEND_HEARTBEAT {datanodeUUID=90f684eb-7c4f-41ac-bd9b-a2bcab6fa083, command=[]} | ret=SUCCESS |  
2019-08-29 08:46:17,311 [java.util.concurrent.ThreadPoolExecutor$Worker@56f462b[State = -1, empty queue]] WARN  server.GrpcLogAppender (GrpcLogAppender.java:timeoutAppendRequest(200)) - GrpcLogAppender(4204fb3a-7736-45d2-bbed-750a692783ae->e5fd3c67-4f38-41ed-8073-51136f0efc00): appendEntries Timeout, request=4204fb3a-7736-45d2-bbed-750a692783ae->e5fd3c67-4f38-41ed-8073-51136f0efc00#1-t1, previous=(t:0, i:0), leaderCommit=-1, initializing? false, entries: size=1, first=(t:1, i:0), CONFIGURATIONENTRY
2019-08-29 08:46:17,313 [java.util.concurrent.ThreadPoolExecutor$Worker@71f5b232[State = -1, empty queue]] WARN  server.GrpcLogAppender (GrpcLogAppender.java:timeoutAppendRequest(200)) - GrpcLogAppender(4204fb3a-7736-45d2-bbed-750a692783ae->80032fdc-d78b-4a88-9434-3ce010c31b3f): appendEntries Timeout, request=4204fb3a-7736-45d2-bbed-750a692783ae->80032fdc-d78b-4a88-9434-3ce010c31b3f#1-t1, previous=(t:0, i:0), leaderCommit=-1, initializing? false, entries: size=1, first=(t:1, i:0), CONFIGURATIONENTRY
2019-08-29 08:46:17,456 | INFO  | SCMAudit | user=jenkins1000 | ip=192.168.5.176 | op=SEND_HEARTBEAT {datanodeUUID=73bbc9c5-70f7-4fc8-a304-e36fb1a7c836, command=[]} | ret=SUCCESS |  
2019-08-29 08:46:17,470 [RATISCREATEPIPELINE2] ERROR pipeline.RatisPipelineProvider (RatisPipelineProvider.java:lambda$null$5(235)) - Failed invoke Ratis rpc org.apache.hadoop.hdds.scm.pipeline.RatisPipelineProvider$$Lambda$187/1505492594@73a5f63c for e5fd3c67-4f38-41ed-8073-51136f0efc00
org.apache.ratis.protocol.TimeoutIOException: deadline exceeded after 2999788679ns
	at org.apache.ratis.grpc.GrpcUtil.tryUnwrapException(GrpcUtil.java:82)
	at org.apache.ratis.grpc.GrpcUtil.unwrapException(GrpcUtil.java:75)
	at org.apache.ratis.grpc.client.GrpcClientProtocolClient.blockingCall(GrpcClientProtocolClient.java:169)
	at org.apache.ratis.grpc.client.GrpcClientProtocolClient.groupAdd(GrpcClientProtocolClient.java:138)
	at org.apache.ratis.grpc.client.GrpcClientRpc.sendRequest(GrpcClientRpc.java:94)
	at org.apache.ratis.client.impl.RaftClientImpl.sendRequest(RaftClientImpl.java:279)
	at org.apache.ratis.client.impl.RaftClientImpl.groupAdd(RaftClientImpl.java:206)
	at org.apache.hadoop.hdds.scm.pipeline.RatisPipelineProvider.lambda$initializePipeline$4(RatisPipelineProvider.java:194)
	at org.apache.hadoop.hdds.scm.pipeline.RatisPipelineProvider.lambda$null$5(RatisPipelineProvider.java:231)
	at java.util.stream.ForEachOps$ForEachOp$OfRef.accept(ForEachOps.java:184)
	at java.util.ArrayList$ArrayListSpliterator.forEachRemaining(ArrayList.java:1382)
	at java.util.stream.AbstractPipeline.copyInto(AbstractPipeline.java:482)
	at java.util.stream.ForEachOps$ForEachTask.compute(ForEachOps.java:291)
	at java.util.concurrent.CountedCompleter.exec(CountedCompleter.java:731)
	at java.util.concurrent.ForkJoinTask.doExec(ForkJoinTask.java:289)
	at java.util.concurrent.ForkJoinPool$WorkQueue.runTask(ForkJoinPool.java:1056)
	at java.util.concurrent.ForkJoinPool.runWorker(ForkJoinPool.java:1692)
	at java.util.concurrent.ForkJoinWorkerThread.run(ForkJoinWorkerThread.java:157)
Caused by: org.apache.ratis.thirdparty.io.grpc.StatusRuntimeException: DEADLINE_EXCEEDED: deadline exceeded after 2999788679ns
	at org.apache.ratis.thirdparty.io.grpc.stub.ClientCalls.toStatusRuntimeException(ClientCalls.java:233)
	at org.apache.ratis.thirdparty.io.grpc.stub.ClientCalls.getUnchecked(ClientCalls.java:214)
	at org.apache.ratis.thirdparty.io.grpc.stub.ClientCalls.blockingUnaryCall(ClientCalls.java:139)
	at org.apache.ratis.proto.grpc.AdminProtocolServiceGrpc$AdminProtocolServiceBlockingStub.groupManagement(AdminProtocolServiceGrpc.java:274)
	at org.apache.ratis.grpc.client.GrpcClientProtocolClient.lambda$groupAdd$3(GrpcClientProtocolClient.java:140)
	at org.apache.ratis.grpc.client.GrpcClientProtocolClient.blockingCall(GrpcClientProtocolClient.java:167)
	... 15 more
2019-08-29 08:46:17,470 [RATISCREATEPIPELINE3] ERROR pipeline.RatisPipelineProvider (RatisPipelineProvider.java:lambda$null$5(235)) - Failed invoke Ratis rpc org.apache.hadoop.hdds.scm.pipeline.RatisPipelineProvider$$Lambda$187/1505492594@73a5f63c for 80032fdc-d78b-4a88-9434-3ce010c31b3f
org.apache.ratis.protocol.TimeoutIOException: deadline exceeded after 2992540357ns
	at org.apache.ratis.grpc.GrpcUtil.tryUnwrapException(GrpcUtil.java:82)
	at org.apache.ratis.grpc.GrpcUtil.unwrapException(GrpcUtil.java:75)
	at org.apache.ratis.grpc.client.GrpcClientProtocolClient.blockingCall(GrpcClientProtocolClient.java:169)
	at org.apache.ratis.grpc.client.GrpcClientProtocolClient.groupAdd(GrpcClientProtocolClient.java:138)
	at org.apache.ratis.grpc.client.GrpcClientRpc.sendRequest(GrpcClientRpc.java:94)
	at org.apache.ratis.client.impl.RaftClientImpl.sendRequest(RaftClientImpl.java:279)
	at org.apache.ratis.client.impl.RaftClientImpl.groupAdd(RaftClientImpl.java:206)
	at org.apache.hadoop.hdds.scm.pipeline.RatisPipelineProvider.lambda$initializePipeline$4(RatisPipelineProvider.java:194)
	at org.apache.hadoop.hdds.scm.pipeline.RatisPipelineProvider.lambda$null$5(RatisPipelineProvider.java:231)
	at java.util.stream.ForEachOps$ForEachOp$OfRef.accept(ForEachOps.java:184)
	at java.util.ArrayList$ArrayListSpliterator.forEachRemaining(ArrayList.java:1382)
	at java.util.stream.AbstractPipeline.copyInto(AbstractPipeline.java:482)
	at java.util.stream.ForEachOps$ForEachTask.compute(ForEachOps.java:291)
	at java.util.concurrent.CountedCompleter.exec(CountedCompleter.java:731)
	at java.util.concurrent.ForkJoinTask.doExec(ForkJoinTask.java:289)
	at java.util.concurrent.ForkJoinPool$WorkQueue.runTask(ForkJoinPool.java:1056)
	at java.util.concurrent.ForkJoinPool.runWorker(ForkJoinPool.java:1692)
	at java.util.concurrent.ForkJoinWorkerThread.run(ForkJoinWorkerThread.java:157)
Caused by: org.apache.ratis.thirdparty.io.grpc.StatusRuntimeException: DEADLINE_EXCEEDED: deadline exceeded after 2992540357ns
	at org.apache.ratis.thirdparty.io.grpc.stub.ClientCalls.toStatusRuntimeException(ClientCalls.java:233)
	at org.apache.ratis.thirdparty.io.grpc.stub.ClientCalls.getUnchecked(ClientCalls.java:214)
	at org.apache.ratis.thirdparty.io.grpc.stub.ClientCalls.blockingUnaryCall(ClientCalls.java:139)
	at org.apache.ratis.proto.grpc.AdminProtocolServiceGrpc$AdminProtocolServiceBlockingStub.groupManagement(AdminProtocolServiceGrpc.java:274)
	at org.apache.ratis.grpc.client.GrpcClientProtocolClient.lambda$groupAdd$3(GrpcClientProtocolClient.java:140)
	at org.apache.ratis.grpc.client.GrpcClientProtocolClient.blockingCall(GrpcClientProtocolClient.java:167)
	... 15 more
2019-08-29 08:46:17,470 [RATISCREATEPIPELINE1] ERROR pipeline.RatisPipelineProvider (RatisPipelineProvider.java:lambda$null$5(235)) - Failed invoke Ratis rpc org.apache.hadoop.hdds.scm.pipeline.RatisPipelineProvider$$Lambda$187/1505492594@73a5f63c for 4204fb3a-7736-45d2-bbed-750a692783ae
org.apache.ratis.protocol.TimeoutIOException: deadline exceeded after 2999788576ns
	at org.apache.ratis.grpc.GrpcUtil.tryUnwrapException(GrpcUtil.java:82)
	at org.apache.ratis.grpc.GrpcUtil.unwrapException(GrpcUtil.java:75)
	at org.apache.ratis.grpc.client.GrpcClientProtocolClient.blockingCall(GrpcClientProtocolClient.java:169)
	at org.apache.ratis.grpc.client.GrpcClientProtocolClient.groupAdd(GrpcClientProtocolClient.java:138)
	at org.apache.ratis.grpc.client.GrpcClientRpc.sendRequest(GrpcClientRpc.java:94)
	at org.apache.ratis.client.impl.RaftClientImpl.sendRequest(RaftClientImpl.java:279)
	at org.apache.ratis.client.impl.RaftClientImpl.groupAdd(RaftClientImpl.java:206)
	at org.apache.hadoop.hdds.scm.pipeline.RatisPipelineProvider.lambda$initializePipeline$4(RatisPipelineProvider.java:194)
	at org.apache.hadoop.hdds.scm.pipeline.RatisPipelineProvider.lambda$null$5(RatisPipelineProvider.java:231)
	at java.util.stream.ForEachOps$ForEachOp$OfRef.accept(ForEachOps.java:184)
	at java.util.ArrayList$ArrayListSpliterator.forEachRemaining(ArrayList.java:1382)
	at java.util.stream.AbstractPipeline.copyInto(AbstractPipeline.java:482)
	at java.util.stream.ForEachOps$ForEachTask.compute(ForEachOps.java:291)
	at java.util.concurrent.CountedCompleter.exec(CountedCompleter.java:731)
	at java.util.concurrent.ForkJoinTask.doExec(ForkJoinTask.java:289)
	at java.util.concurrent.ForkJoinTask.doInvoke(ForkJoinTask.java:401)
	at java.util.concurrent.ForkJoinTask.invoke(ForkJoinTask.java:734)
	at java.util.stream.ForEachOps$ForEachOp.evaluateParallel(ForEachOps.java:160)
	at java.util.stream.ForEachOps$ForEachOp$OfRef.evaluateParallel(ForEachOps.java:174)
	at java.util.stream.AbstractPipeline.evaluate(AbstractPipeline.java:233)
	at java.util.stream.ReferencePipeline.forEach(ReferencePipeline.java:418)
	at java.util.stream.ReferencePipeline$Head.forEach(ReferencePipeline.java:583)
	at org.apache.hadoop.hdds.scm.pipeline.RatisPipelineProvider.lambda$callRatisRpc$6(RatisPipelineProvider.java:225)
	at java.util.concurrent.ForkJoinTask$AdaptedRunnableAction.exec(ForkJoinTask.java:1386)
	at java.util.concurrent.ForkJoinTask.doExec(ForkJoinTask.java:289)
	at java.util.concurrent.ForkJoinPool$WorkQueue.runTask(ForkJoinPool.java:1056)
	at java.util.concurrent.ForkJoinPool.runWorker(ForkJoinPool.java:1692)
	at java.util.concurrent.ForkJoinWorkerThread.run(ForkJoinWorkerThread.java:157)
Caused by: org.apache.ratis.thirdparty.io.grpc.StatusRuntimeException: DEADLINE_EXCEEDED: deadline exceeded after 2999788576ns
	at org.apache.ratis.thirdparty.io.grpc.stub.ClientCalls.toStatusRuntimeException(ClientCalls.java:233)
	at org.apache.ratis.thirdparty.io.grpc.stub.ClientCalls.getUnchecked(ClientCalls.java:214)
	at org.apache.ratis.thirdparty.io.grpc.stub.ClientCalls.blockingUnaryCall(ClientCalls.java:139)
	at org.apache.ratis.proto.grpc.AdminProtocolServiceGrpc$AdminProtocolServiceBlockingStub.groupManagement(AdminProtocolServiceGrpc.java:274)
	at org.apache.ratis.grpc.client.GrpcClientProtocolClient.lambda$groupAdd$3(GrpcClientProtocolClient.java:140)
	at org.apache.ratis.grpc.client.GrpcClientProtocolClient.blockingCall(GrpcClientProtocolClient.java:167)
	... 25 more
2019-08-29 08:46:17,475 [IPC Server handler 10 on 43221] WARN  block.BlockManagerImpl (BlockManagerImpl.java:allocateBlock(192)) - Pipeline creation failed for type:RATIS factor:THREE. Retrying get pipelines call once.
org.apache.hadoop.io.MultipleIOException: 3 exceptions [java.io.IOException: Failed invoke Ratis rpc org.apache.hadoop.hdds.scm.pipeline.RatisPipelineProvider$$Lambda$187/1505492594@73a5f63c for e5fd3c67-4f38-41ed-8073-51136f0efc00, java.io.IOException: Failed invoke Ratis rpc org.apache.hadoop.hdds.scm.pipeline.RatisPipelineProvider$$Lambda$187/1505492594@73a5f63c for 80032fdc-d78b-4a88-9434-3ce010c31b3f, java.io.IOException: Failed invoke Ratis rpc org.apache.hadoop.hdds.scm.pipeline.RatisPipelineProvider$$Lambda$187/1505492594@73a5f63c for 4204fb3a-7736-45d2-bbed-750a692783ae]
	at org.apache.hadoop.io.MultipleIOException.createIOException(MultipleIOException.java:53)
	at org.apache.hadoop.hdds.scm.pipeline.RatisPipelineProvider.callRatisRpc(RatisPipelineProvider.java:251)
	at org.apache.hadoop.hdds.scm.pipeline.RatisPipelineProvider.initializePipeline(RatisPipelineProvider.java:192)
	at org.apache.hadoop.hdds.scm.pipeline.RatisPipelineProvider.create(RatisPipelineProvider.java:161)
	at org.apache.hadoop.hdds.scm.pipeline.PipelineFactory.create(PipelineFactory.java:57)
	at org.apache.hadoop.hdds.scm.pipeline.SCMPipelineManager.createPipeline(SCMPipelineManager.java:149)
	at org.apache.hadoop.hdds.scm.block.BlockManagerImpl.allocateBlock(BlockManagerImpl.java:190)
	at org.apache.hadoop.hdds.scm.server.SCMBlockProtocolServer.allocateBlock(SCMBlockProtocolServer.java:175)
	at org.apache.hadoop.ozone.protocolPB.ScmBlockLocationProtocolServerSideTranslatorPB.allocateScmBlock(ScmBlockLocationProtocolServerSideTranslatorPB.java:153)
	at org.apache.hadoop.ozone.protocolPB.ScmBlockLocationProtocolServerSideTranslatorPB.send(ScmBlockLocationProtocolServerSideTranslatorPB.java:112)
	at org.apache.hadoop.hdds.protocol.proto.ScmBlockLocationProtocolProtos$ScmBlockLocationProtocolService$2.callBlockingMethod(ScmBlockLocationProtocolProtos.java:13157)
	at org.apache.hadoop.ipc.ProtobufRpcEngine$Server$ProtoBufRpcInvoker.call(ProtobufRpcEngine.java:524)
	at org.apache.hadoop.ipc.RPC$Server.call(RPC.java:1025)
	at org.apache.hadoop.ipc.Server$RpcCall.run(Server.java:876)
	at org.apache.hadoop.ipc.Server$RpcCall.run(Server.java:822)
	at java.security.AccessController.doPrivileged(Native Method)
	at javax.security.auth.Subject.doAs(Subject.java:422)
	at org.apache.hadoop.security.UserGroupInformation.doAs(UserGroupInformation.java:1730)
	at org.apache.hadoop.ipc.Server$Handler.run(Server.java:2682)
2019-08-29 08:46:17,475 [IPC Server handler 10 on 43221] INFO  block.BlockManagerImpl (BlockManagerImpl.java:allocateBlock(198)) - Could not find available pipeline of type:RATIS and factor:THREE even after retrying
2019-08-29 08:46:17,475 [IPC Server handler 10 on 43221] ERROR block.BlockManagerImpl (BlockManagerImpl.java:allocateBlock(222)) - Unable to allocate a block for the size: 4194304, type: RATIS, factor: THREE
2019-08-29 08:46:17,476 | INFO  | SCMAudit | user=jenkins1000 | ip=192.168.5.176 | op=ALLOCATE_BLOCK {owner=f6230dbf-a8ec-4634-92ba-e9f4c9df306f, size=4194304, type=RATIS, factor=THREE} | ret=SUCCESS |  
]]></system-out>
  </testcase>
  <testcase name="testMultiBlockWrites3" classname="org.apache.hadoop.ozone.client.rpc.TestCloseContainerHandlingByClient" time="11.779">
    <error message="Allocated 0 blocks. Requested 4 blocks" type="INTERNAL_ERROR org.apache.hadoop.ozone.om.exceptions.OMException">INTERNAL_ERROR org.apache.hadoop.ozone.om.exceptions.OMException: Allocated 0 blocks. Requested 4 blocks
	at org.apache.hadoop.ozone.om.protocolPB.OzoneManagerProtocolClientSideTranslatorPB.handleError(OzoneManagerProtocolClientSideTranslatorPB.java:725)
	at org.apache.hadoop.ozone.om.protocolPB.OzoneManagerProtocolClientSideTranslatorPB.openKey(OzoneManagerProtocolClientSideTranslatorPB.java:716)
	at org.apache.hadoop.ozone.client.rpc.RpcClient.createKey(RpcClient.java:615)
	at org.apache.hadoop.ozone.client.OzoneBucket.createKey(OzoneBucket.java:325)
	at org.apache.hadoop.ozone.container.ContainerTestHelper.createKey(ContainerTestHelper.java:695)
	at org.apache.hadoop.ozone.client.rpc.TestCloseContainerHandlingByClient.createKey(TestCloseContainerHandlingByClient.java:396)
	at org.apache.hadoop.ozone.client.rpc.TestCloseContainerHandlingByClient.testMultiBlockWrites3(TestCloseContainerHandlingByClient.java:289)
	at sun.reflect.NativeMethodAccessorImpl.invoke0(Native Method)
	at sun.reflect.NativeMethodAccessorImpl.invoke(NativeMethodAccessorImpl.java:62)
	at sun.reflect.DelegatingMethodAccessorImpl.invoke(DelegatingMethodAccessorImpl.java:43)
	at java.lang.reflect.Method.invoke(Method.java:498)
	at org.junit.runners.model.FrameworkMethod$1.runReflectiveCall(FrameworkMethod.java:47)
	at org.junit.internal.runners.model.ReflectiveCallable.run(ReflectiveCallable.java:12)
	at org.junit.runners.model.FrameworkMethod.invokeExplosively(FrameworkMethod.java:44)
	at org.junit.internal.runners.statements.InvokeMethod.evaluate(InvokeMethod.java:17)
	at org.junit.runners.ParentRunner.runLeaf(ParentRunner.java:271)
	at org.junit.runners.BlockJUnit4ClassRunner.runChild(BlockJUnit4ClassRunner.java:70)
	at org.junit.runners.BlockJUnit4ClassRunner.runChild(BlockJUnit4ClassRunner.java:50)
	at org.junit.runners.ParentRunner$3.run(ParentRunner.java:238)
	at org.junit.runners.ParentRunner$1.schedule(ParentRunner.java:63)
	at org.junit.runners.ParentRunner.runChildren(ParentRunner.java:236)
	at org.junit.runners.ParentRunner.access$000(ParentRunner.java:53)
	at org.junit.runners.ParentRunner$2.evaluate(ParentRunner.java:229)
	at org.junit.internal.runners.statements.RunBefores.evaluate(RunBefores.java:26)
	at org.junit.internal.runners.statements.RunAfters.evaluate(RunAfters.java:27)
	at org.junit.runners.ParentRunner.run(ParentRunner.java:309)
	at org.apache.maven.surefire.junit4.JUnit4Provider.execute(JUnit4Provider.java:365)
	at org.apache.maven.surefire.junit4.JUnit4Provider.executeWithRerun(JUnit4Provider.java:273)
	at org.apache.maven.surefire.junit4.JUnit4Provider.executeTestSet(JUnit4Provider.java:238)
	at org.apache.maven.surefire.junit4.JUnit4Provider.invoke(JUnit4Provider.java:159)
	at org.apache.maven.surefire.booter.ForkedBooter.invokeProviderInSameClassLoader(ForkedBooter.java:384)
	at org.apache.maven.surefire.booter.ForkedBooter.runSuitesInProcess(ForkedBooter.java:345)
	at org.apache.maven.surefire.booter.ForkedBooter.execute(ForkedBooter.java:126)
	at org.apache.maven.surefire.booter.ForkedBooter.main(ForkedBooter.java:418)
</error>
    <system-out><![CDATA[2019-08-29 08:46:17,481 | INFO  | OMAudit | user=jenkins1000 | ip=127.0.0.1 | op=READ_VOLUME {volume=closecontainerexceptionhandlingtest} | ret=SUCCESS |  
2019-08-29 08:46:17,483 | INFO  | OMAudit | user=jenkins1000 | ip=127.0.0.1 | op=READ_BUCKET {volume=closecontainerexceptionhandlingtest, bucket=closecontainerexceptionhandlingtest} | ret=SUCCESS |  
2019-08-29 08:46:17,500 [grpc-default-executor-3] INFO  impl.RaftServerProxy (RaftServerProxy.java:addNew(89)) - 80032fdc-d78b-4a88-9434-3ce010c31b3f: addNew group-C2381FB4F459:[80032fdc-d78b-4a88-9434-3ce010c31b3f:192.168.5.176:43754, 4204fb3a-7736-45d2-bbed-750a692783ae:192.168.5.176:46077, e5fd3c67-4f38-41ed-8073-51136f0efc00:192.168.5.176:38915] returns group-C2381FB4F459:java.util.concurrent.CompletableFuture@51846e8[Not completed]
2019-08-29 08:46:17,500 [grpc-default-executor-1] INFO  impl.RaftServerProxy (RaftServerProxy.java:addNew(89)) - e5fd3c67-4f38-41ed-8073-51136f0efc00: addNew group-C2381FB4F459:[80032fdc-d78b-4a88-9434-3ce010c31b3f:192.168.5.176:43754, 4204fb3a-7736-45d2-bbed-750a692783ae:192.168.5.176:46077, e5fd3c67-4f38-41ed-8073-51136f0efc00:192.168.5.176:38915] returns group-C2381FB4F459:java.util.concurrent.CompletableFuture@79b625f3[Not completed]
2019-08-29 08:46:17,500 [grpc-default-executor-0] INFO  impl.RaftServerProxy (RaftServerProxy.java:addNew(89)) - 4204fb3a-7736-45d2-bbed-750a692783ae: addNew group-C2381FB4F459:[80032fdc-d78b-4a88-9434-3ce010c31b3f:192.168.5.176:43754, 4204fb3a-7736-45d2-bbed-750a692783ae:192.168.5.176:46077, e5fd3c67-4f38-41ed-8073-51136f0efc00:192.168.5.176:38915] returns group-C2381FB4F459:java.util.concurrent.CompletableFuture@4d3de724[Not completed]
2019-08-29 08:46:17,532 | INFO  | SCMAudit | user=jenkins1000 | ip=192.168.5.176 | op=SEND_HEARTBEAT {datanodeUUID=4204fb3a-7736-45d2-bbed-750a692783ae, command=[]} | ret=SUCCESS |  
2019-08-29 08:46:17,617 | INFO  | SCMAudit | user=jenkins1000 | ip=192.168.5.176 | op=SEND_HEARTBEAT {datanodeUUID=e5fd3c67-4f38-41ed-8073-51136f0efc00, command=[]} | ret=SUCCESS |  
2019-08-29 08:46:18,123 [pool-47-thread-1] INFO  storage.RaftStorage (RaftStorage.java:format(72)) - Storage directory /workdir/hadoop-ozone/integration-test/target/test-dir/MiniOzoneClusterImpl-f455d224-3bfd-4c12-ad75-0d332897f7fa/datanode-2/data/ratis/47fbd6d6-227a-4652-b09d-5f3d927cd05f has been successfully formatted.
2019-08-29 08:46:18,124 [pool-77-thread-1] INFO  storage.RaftStorage (RaftStorage.java:format(72)) - Storage directory /workdir/hadoop-ozone/integration-test/target/test-dir/MiniOzoneClusterImpl-f455d224-3bfd-4c12-ad75-0d332897f7fa/datanode-5/data/ratis/ff970ac3-0c53-48d2-a034-d118d55fb6dd has been successfully formatted.
2019-08-29 08:46:18,126 | INFO  | SCMAudit | user=jenkins1000 | ip=192.168.5.176 | op=SEND_HEARTBEAT {datanodeUUID=3bbb20a1-a78a-49aa-a207-aa74965bf29c, command=[]} | ret=SUCCESS |  
2019-08-29 08:46:18,127 | INFO  | SCMAudit | user=jenkins1000 | ip=192.168.5.176 | op=SEND_HEARTBEAT {datanodeUUID=08d23bb8-f649-4ebd-a9a9-bbfd5b766034, command=[]} | ret=SUCCESS |  
2019-08-29 08:46:18,131 | INFO  | SCMAudit | user=jenkins1000 | ip=192.168.5.176 | op=SEND_HEARTBEAT {datanodeUUID=80032fdc-d78b-4a88-9434-3ce010c31b3f, command=[]} | ret=SUCCESS |  
2019-08-29 08:46:18,220 | INFO  | SCMAudit | user=jenkins1000 | ip=192.168.5.176 | op=SEND_HEARTBEAT {datanodeUUID=90f684eb-7c4f-41ac-bd9b-a2bcab6fa083, command=[]} | ret=SUCCESS |  
2019-08-29 08:46:18,456 | INFO  | SCMAudit | user=jenkins1000 | ip=192.168.5.176 | op=SEND_HEARTBEAT {datanodeUUID=73bbc9c5-70f7-4fc8-a304-e36fb1a7c836, command=[]} | ret=SUCCESS |  
2019-08-29 08:46:18,532 | INFO  | SCMAudit | user=jenkins1000 | ip=192.168.5.176 | op=SEND_HEARTBEAT {datanodeUUID=4204fb3a-7736-45d2-bbed-750a692783ae, command=[]} | ret=SUCCESS |  
2019-08-29 08:46:18,618 | INFO  | SCMAudit | user=jenkins1000 | ip=192.168.5.176 | op=SEND_HEARTBEAT {datanodeUUID=e5fd3c67-4f38-41ed-8073-51136f0efc00, command=[]} | ret=SUCCESS |  
2019-08-29 08:46:19,071 [pool-77-thread-1] INFO  ratis.ContainerStateMachine (ContainerStateMachine.java:loadSnapshot(227)) - group-D118D55FB6DD: The snapshot info is null. Setting the last applied indexto:(t:0, i:~)
2019-08-29 08:46:19,071 [pool-47-thread-1] INFO  ratis.ContainerStateMachine (ContainerStateMachine.java:loadSnapshot(227)) - group-5F3D927CD05F: The snapshot info is null. Setting the last applied indexto:(t:0, i:~)
2019-08-29 08:46:19,071 [pool-77-thread-1] INFO  server.RaftServerConfigKeys (ConfUtils.java:logGet(43)) - raft.server.leader.election.timeout = 120s (custom)
2019-08-29 08:46:19,071 [pool-47-thread-1] INFO  server.RaftServerConfigKeys (ConfUtils.java:logGet(43)) - raft.server.leader.election.timeout = 120s (custom)
2019-08-29 08:46:19,071 [pool-77-thread-1] INFO  server.RaftServerConfigKeys (ConfUtils.java:logGet(43)) - raft.server.log.use.memory = false (default)
2019-08-29 08:46:19,072 [pool-47-thread-1] INFO  server.RaftServerConfigKeys (ConfUtils.java:logGet(43)) - raft.server.log.use.memory = false (default)
2019-08-29 08:46:19,072 [pool-77-thread-1] INFO  server.RaftServerConfigKeys (ConfUtils.java:logGet(43)) - raft.server.log.purge.gap = 1000000 (custom)
2019-08-29 08:46:19,072 [pool-47-thread-1] INFO  server.RaftServerConfigKeys (ConfUtils.java:logGet(43)) - raft.server.log.purge.gap = 1000000 (custom)
2019-08-29 08:46:19,072 [pool-77-thread-1] INFO  server.RaftServerConfigKeys (ConfUtils.java:logGet(43)) - raft.server.log.appender.buffer.byte-limit = 33554432 (custom)
2019-08-29 08:46:19,072 [pool-47-thread-1] INFO  server.RaftServerConfigKeys (ConfUtils.java:logGet(43)) - raft.server.log.appender.buffer.byte-limit = 33554432 (custom)
2019-08-29 08:46:19,073 [pool-77-thread-1] INFO  server.RaftServerConfigKeys (ConfUtils.java:logGet(43)) - raft.server.log.segment.size.max = 1048576 (custom)
2019-08-29 08:46:19,073 [pool-47-thread-1] INFO  server.RaftServerConfigKeys (ConfUtils.java:logGet(43)) - raft.server.log.segment.size.max = 1048576 (custom)
2019-08-29 08:46:19,073 [pool-77-thread-1] INFO  server.RaftServerConfigKeys (ConfUtils.java:logGet(43)) - raft.server.log.segment.cache.num.max = 2 (custom)
2019-08-29 08:46:19,073 [pool-47-thread-1] INFO  server.RaftServerConfigKeys (ConfUtils.java:logGet(43)) - raft.server.log.segment.cache.num.max = 2 (custom)
2019-08-29 08:46:19,073 [pool-77-thread-1] INFO  segmented.SegmentedRaftLogWorker (SegmentedRaftLogWorker.java:<init>(172)) - new 80032fdc-d78b-4a88-9434-3ce010c31b3f-SegmentedRaftLogWorker:Storage Directory /workdir/hadoop-ozone/integration-test/target/test-dir/MiniOzoneClusterImpl-f455d224-3bfd-4c12-ad75-0d332897f7fa/datanode-5/data/ratis/ff970ac3-0c53-48d2-a034-d118d55fb6dd for RaftStorage:Storage Directory /workdir/hadoop-ozone/integration-test/target/test-dir/MiniOzoneClusterImpl-f455d224-3bfd-4c12-ad75-0d332897f7fa/datanode-5/data/ratis/ff970ac3-0c53-48d2-a034-d118d55fb6dd
2019-08-29 08:46:19,073 [pool-47-thread-1] INFO  segmented.SegmentedRaftLogWorker (SegmentedRaftLogWorker.java:<init>(172)) - new e5fd3c67-4f38-41ed-8073-51136f0efc00-SegmentedRaftLogWorker:Storage Directory /workdir/hadoop-ozone/integration-test/target/test-dir/MiniOzoneClusterImpl-f455d224-3bfd-4c12-ad75-0d332897f7fa/datanode-2/data/ratis/47fbd6d6-227a-4652-b09d-5f3d927cd05f for RaftStorage:Storage Directory /workdir/hadoop-ozone/integration-test/target/test-dir/MiniOzoneClusterImpl-f455d224-3bfd-4c12-ad75-0d332897f7fa/datanode-2/data/ratis/47fbd6d6-227a-4652-b09d-5f3d927cd05f
2019-08-29 08:46:19,073 [pool-77-thread-1] INFO  server.RaftServerConfigKeys (ConfUtils.java:logGet(43)) - raft.server.log.queue.byte-limit = 2147483647 (custom)
2019-08-29 08:46:19,077 [pool-47-thread-1] INFO  server.RaftServerConfigKeys (ConfUtils.java:logGet(43)) - raft.server.log.queue.byte-limit = 2147483647 (custom)
2019-08-29 08:46:19,077 [pool-77-thread-1] INFO  server.RaftServerConfigKeys (ConfUtils.java:logGet(43)) - raft.server.log.queue.element-limit = 1024 (custom)
2019-08-29 08:46:19,084 [pool-47-thread-1] INFO  server.RaftServerConfigKeys (ConfUtils.java:logGet(43)) - raft.server.log.queue.element-limit = 1024 (custom)
2019-08-29 08:46:19,084 [pool-77-thread-1] INFO  server.RaftServerConfigKeys (ConfUtils.java:logGet(43)) - raft.server.log.segment.size.max = 1048576 (custom)
2019-08-29 08:46:19,085 [pool-47-thread-1] INFO  server.RaftServerConfigKeys (ConfUtils.java:logGet(43)) - raft.server.log.segment.size.max = 1048576 (custom)
2019-08-29 08:46:19,085 [pool-77-thread-1] INFO  server.RaftServerConfigKeys (ConfUtils.java:logGet(43)) - raft.server.log.preallocated.size = 16384 (custom)
2019-08-29 08:46:19,085 [pool-47-thread-1] INFO  server.RaftServerConfigKeys (ConfUtils.java:logGet(43)) - raft.server.log.preallocated.size = 16384 (custom)
2019-08-29 08:46:19,085 [pool-77-thread-1] INFO  server.RaftServerConfigKeys (ConfUtils.java:logGet(43)) - raft.server.log.write.buffer.size = 33554432 (custom)
2019-08-29 08:46:19,085 [pool-47-thread-1] INFO  server.RaftServerConfigKeys (ConfUtils.java:logGet(43)) - raft.server.log.write.buffer.size = 33554432 (custom)
2019-08-29 08:46:19,085 [pool-77-thread-1] INFO  server.RaftServerConfigKeys (ConfUtils.java:logGet(43)) - raft.server.log.force.sync.num = 128 (default)
2019-08-29 08:46:19,086 [pool-47-thread-1] INFO  server.RaftServerConfigKeys (ConfUtils.java:logGet(43)) - raft.server.log.force.sync.num = 128 (default)
2019-08-29 08:46:19,086 [pool-77-thread-1] INFO  server.RaftServerConfigKeys (ConfUtils.java:logGet(43)) - raft.server.log.statemachine.data.sync = true (default)
2019-08-29 08:46:19,086 [pool-47-thread-1] INFO  server.RaftServerConfigKeys (ConfUtils.java:logGet(43)) - raft.server.log.statemachine.data.sync = true (default)
2019-08-29 08:46:19,086 [pool-77-thread-1] INFO  server.RaftServerConfigKeys (ConfUtils.java:logGet(43)) - raft.server.log.statemachine.data.sync.timeout = 10s (default)
2019-08-29 08:46:19,086 [pool-47-thread-1] INFO  server.RaftServerConfigKeys (ConfUtils.java:logGet(43)) - raft.server.log.statemachine.data.sync.timeout = 10s (default)
2019-08-29 08:46:19,086 [pool-77-thread-1] INFO  server.RaftServerConfigKeys (ConfUtils.java:logGet(43)) - raft.server.log.statemachine.data.sync.timeout.retry = -1 (default)
2019-08-29 08:46:19,087 [grpc-default-executor-0] WARN  server.GrpcLogAppender (GrpcLogAppender.java:onNextImpl(250)) - org.apache.ratis.grpc.server.GrpcLogAppender$AppendLogResponseHandler@13a64d03: Request not found, ignoring reply: 4204fb3a-7736-45d2-bbed-750a692783ae<-80032fdc-d78b-4a88-9434-3ce010c31b3f#1:OK,SUCCESS,nextIndex:1,term:1,followerCommit:-1
2019-08-29 08:46:19,086 [pool-47-thread-1] INFO  server.RaftServerConfigKeys (ConfUtils.java:logGet(43)) - raft.server.log.statemachine.data.sync.timeout.retry = -1 (default)
2019-08-29 08:46:19,087 [grpc-default-executor-1] WARN  server.GrpcLogAppender (GrpcLogAppender.java:onNextImpl(250)) - org.apache.ratis.grpc.server.GrpcLogAppender$AppendLogResponseHandler@72c4a67c: Request not found, ignoring reply: 4204fb3a-7736-45d2-bbed-750a692783ae<-e5fd3c67-4f38-41ed-8073-51136f0efc00#1:OK,SUCCESS,nextIndex:1,term:1,followerCommit:-1
2019-08-29 08:46:19,087 [pool-77-thread-1] INFO  server.RaftServerConfigKeys (ConfUtils.java:logGet(43)) - raft.server.log.statemachine.data.caching.enabled = true (custom)
2019-08-29 08:46:19,087 [pool-47-thread-1] INFO  server.RaftServerConfigKeys (ConfUtils.java:logGet(43)) - raft.server.log.statemachine.data.caching.enabled = true (custom)
2019-08-29 08:46:19,088 [pool-77-thread-1] INFO  segmented.SegmentedRaftLogWorker (SegmentedRaftLogWorker.java:lambda$new$0(132)) - 80032fdc-d78b-4a88-9434-3ce010c31b3f-SegmentedRaftLogWorker:Storage Directory /workdir/hadoop-ozone/integration-test/target/test-dir/MiniOzoneClusterImpl-f455d224-3bfd-4c12-ad75-0d332897f7fa/datanode-5/data/ratis/ff970ac3-0c53-48d2-a034-d118d55fb6dd: flushIndex: setUnconditionally 0 -> -1
2019-08-29 08:46:19,088 [pool-47-thread-1] INFO  segmented.SegmentedRaftLogWorker (SegmentedRaftLogWorker.java:lambda$new$0(132)) - e5fd3c67-4f38-41ed-8073-51136f0efc00-SegmentedRaftLogWorker:Storage Directory /workdir/hadoop-ozone/integration-test/target/test-dir/MiniOzoneClusterImpl-f455d224-3bfd-4c12-ad75-0d332897f7fa/datanode-2/data/ratis/47fbd6d6-227a-4652-b09d-5f3d927cd05f: flushIndex: setUnconditionally 0 -> -1
2019-08-29 08:46:19,088 [pool-77-thread-1] INFO  server.RaftServerConfigKeys (ConfUtils.java:logGet(43)) - raft.server.snapshot.auto.trigger.enabled = true (custom)
2019-08-29 08:46:19,088 [pool-47-thread-1] INFO  server.RaftServerConfigKeys (ConfUtils.java:logGet(43)) - raft.server.snapshot.auto.trigger.enabled = true (custom)
2019-08-29 08:46:19,088 [pool-77-thread-1] INFO  server.RaftServerConfigKeys (ConfUtils.java:logGet(43)) - raft.server.snapshot.auto.trigger.threshold = 10000 (custom)
2019-08-29 08:46:19,088 [pool-47-thread-1] INFO  server.RaftServerConfigKeys (ConfUtils.java:logGet(43)) - raft.server.snapshot.auto.trigger.threshold = 10000 (custom)
2019-08-29 08:46:19,089 [pool-77-thread-1] INFO  server.RaftServerConfigKeys (ConfUtils.java:logGet(43)) - raft.server.retrycache.expirytime = 600000ms (custom)
2019-08-29 08:46:19,089 [pool-47-thread-1] INFO  server.RaftServerConfigKeys (ConfUtils.java:logGet(43)) - raft.server.retrycache.expirytime = 600000ms (custom)
2019-08-29 08:46:19,089 [pool-77-thread-1] INFO  impl.RaftServerImpl (RaftServerImpl.java:start(180)) - 80032fdc-d78b-4a88-9434-3ce010c31b3f: start group-2A4272E51C55
2019-08-29 08:46:19,089 [pool-77-thread-1] INFO  impl.RaftServerImpl (RaftServerImpl.java:setRole(171)) - 80032fdc-d78b-4a88-9434-3ce010c31b3f:group-2A4272E51C55 changes role from null to FOLLOWER at term 0 for startAsFollower
2019-08-29 08:46:19,089 [pool-77-thread-1] INFO  impl.RoleInfo (RoleInfo.java:updateAndGet(143)) - 80032fdc-d78b-4a88-9434-3ce010c31b3f: start FollowerState
2019-08-29 08:46:19,090 [pool-77-thread-1] INFO  util.JmxRegister (JmxRegister.java:tryRegister(44)) - Successfully registered JMX Bean with object name Ratis:service=RaftServer,group=group-2A4272E51C55,id=80032fdc-d78b-4a88-9434-3ce010c31b3f
2019-08-29 08:46:19,091 [pool-47-thread-1] INFO  impl.RaftServerImpl (RaftServerImpl.java:<init>(93)) - e5fd3c67-4f38-41ed-8073-51136f0efc00: new RaftServerImpl for group-D118D55FB6DD:[80032fdc-d78b-4a88-9434-3ce010c31b3f:192.168.5.176:43754, 4204fb3a-7736-45d2-bbed-750a692783ae:192.168.5.176:46077, e5fd3c67-4f38-41ed-8073-51136f0efc00:192.168.5.176:38915] with ContainerStateMachine:uninitialized
2019-08-29 08:46:19,091 [pool-47-thread-1] INFO  server.RaftServerConfigKeys (ConfUtils.java:logGet(43)) - raft.server.rpc.timeout.min = 5s (custom)
2019-08-29 08:46:19,092 [pool-47-thread-1] INFO  server.RaftServerConfigKeys (ConfUtils.java:logGet(43)) - raft.server.rpc.timeout.max = 5200ms (custom)
2019-08-29 08:46:19,092 [pool-47-thread-1] INFO  server.RaftServerConfigKeys (ConfUtils.java:logGet(43)) - raft.server.rpcslowness.timeout = 120s (custom)
2019-08-29 08:46:19,092 [pool-47-thread-1] INFO  server.RaftServerConfigKeys (ConfUtils.java:logGet(43)) - raft.server.sleep.deviation.threshold = 300 (default)
2019-08-29 08:46:19,092 [pool-77-thread-1] INFO  impl.RaftServerImpl (RaftServerImpl.java:<init>(93)) - 80032fdc-d78b-4a88-9434-3ce010c31b3f: new RaftServerImpl for group-0D7B84AF5E6A:[80032fdc-d78b-4a88-9434-3ce010c31b3f:192.168.5.176:43754, 4204fb3a-7736-45d2-bbed-750a692783ae:192.168.5.176:46077, e5fd3c67-4f38-41ed-8073-51136f0efc00:192.168.5.176:38915] with ContainerStateMachine:uninitialized
2019-08-29 08:46:19,092 [pool-47-thread-1] INFO  server.RaftServerConfigKeys (ConfUtils.java:logGet(43)) - raft.server.log.appender.install.snapshot.enabled = false (custom)
2019-08-29 08:46:19,092 [pool-77-thread-1] INFO  server.RaftServerConfigKeys (ConfUtils.java:logGet(43)) - raft.server.rpc.timeout.min = 5s (custom)
2019-08-29 08:46:19,092 [pool-47-thread-1] INFO  impl.RaftServerImpl (ServerState.java:<init>(105)) - e5fd3c67-4f38-41ed-8073-51136f0efc00:group-D118D55FB6DD ConfigurationManager, init=-1: [80032fdc-d78b-4a88-9434-3ce010c31b3f:192.168.5.176:43754, 4204fb3a-7736-45d2-bbed-750a692783ae:192.168.5.176:46077, e5fd3c67-4f38-41ed-8073-51136f0efc00:192.168.5.176:38915], old=null, confs=<EMPTY_MAP>
2019-08-29 08:46:19,092 [pool-77-thread-1] INFO  server.RaftServerConfigKeys (ConfUtils.java:logGet(43)) - raft.server.rpc.timeout.max = 5200ms (custom)
2019-08-29 08:46:19,093 [pool-47-thread-1] INFO  server.RaftServerConfigKeys (ConfUtils.java:logGet(43)) - raft.server.storage.dir = [/workdir/hadoop-ozone/integration-test/target/test-dir/MiniOzoneClusterImpl-f455d224-3bfd-4c12-ad75-0d332897f7fa/datanode-2/data/ratis] (custom)
2019-08-29 08:46:19,093 [pool-77-thread-1] INFO  server.RaftServerConfigKeys (ConfUtils.java:logGet(43)) - raft.server.rpcslowness.timeout = 120s (custom)
2019-08-29 08:46:19,093 [pool-77-thread-1] INFO  server.RaftServerConfigKeys (ConfUtils.java:logGet(43)) - raft.server.sleep.deviation.threshold = 300 (default)
2019-08-29 08:46:19,093 [pool-77-thread-1] INFO  server.RaftServerConfigKeys (ConfUtils.java:logGet(43)) - raft.server.log.appender.install.snapshot.enabled = false (custom)
2019-08-29 08:46:19,093 [pool-77-thread-1] INFO  impl.RaftServerImpl (ServerState.java:<init>(105)) - 80032fdc-d78b-4a88-9434-3ce010c31b3f:group-0D7B84AF5E6A ConfigurationManager, init=-1: [80032fdc-d78b-4a88-9434-3ce010c31b3f:192.168.5.176:43754, 4204fb3a-7736-45d2-bbed-750a692783ae:192.168.5.176:46077, e5fd3c67-4f38-41ed-8073-51136f0efc00:192.168.5.176:38915], old=null, confs=<EMPTY_MAP>
2019-08-29 08:46:19,093 [pool-47-thread-1] INFO  storage.RaftStorageDirectory (RaftStorageDirectory.java:analyzeStorage(246)) - The storage directory /workdir/hadoop-ozone/integration-test/target/test-dir/MiniOzoneClusterImpl-f455d224-3bfd-4c12-ad75-0d332897f7fa/datanode-2/data/ratis/ff970ac3-0c53-48d2-a034-d118d55fb6dd does not exist. Creating ...
2019-08-29 08:46:19,093 [pool-77-thread-1] INFO  server.RaftServerConfigKeys (ConfUtils.java:logGet(43)) - raft.server.storage.dir = [/workdir/hadoop-ozone/integration-test/target/test-dir/MiniOzoneClusterImpl-f455d224-3bfd-4c12-ad75-0d332897f7fa/datanode-5/data/ratis] (custom)
2019-08-29 08:46:19,094 [pool-77-thread-1] INFO  storage.RaftStorageDirectory (RaftStorageDirectory.java:analyzeStorage(246)) - The storage directory /workdir/hadoop-ozone/integration-test/target/test-dir/MiniOzoneClusterImpl-f455d224-3bfd-4c12-ad75-0d332897f7fa/datanode-5/data/ratis/44822d36-13fe-4eb9-bc7c-0d7b84af5e6a does not exist. Creating ...
2019-08-29 08:46:19,125 | INFO  | SCMAudit | user=jenkins1000 | ip=192.168.5.176 | op=SEND_HEARTBEAT {datanodeUUID=3bbb20a1-a78a-49aa-a207-aa74965bf29c, command=[]} | ret=SUCCESS |  
2019-08-29 08:46:19,127 | INFO  | SCMAudit | user=jenkins1000 | ip=192.168.5.176 | op=SEND_HEARTBEAT {datanodeUUID=08d23bb8-f649-4ebd-a9a9-bbfd5b766034, command=[]} | ret=SUCCESS |  
2019-08-29 08:46:19,131 | INFO  | SCMAudit | user=jenkins1000 | ip=192.168.5.176 | op=SEND_HEARTBEAT {datanodeUUID=80032fdc-d78b-4a88-9434-3ce010c31b3f, command=[]} | ret=SUCCESS |  
2019-08-29 08:46:19,221 | INFO  | SCMAudit | user=jenkins1000 | ip=192.168.5.176 | op=SEND_HEARTBEAT {datanodeUUID=90f684eb-7c4f-41ac-bd9b-a2bcab6fa083, command=[]} | ret=SUCCESS |  
2019-08-29 08:46:19,373 [Thread-324] INFO  impl.FollowerState (FollowerState.java:run(106)) - 4204fb3a-7736-45d2-bbed-750a692783ae:group-D32732FAAE1B changes to CANDIDATE, lastRpcTime:5105, electionTimeout:5105ms
2019-08-29 08:46:19,373 [Thread-324] INFO  impl.RoleInfo (RoleInfo.java:shutdownFollowerState(121)) - 4204fb3a-7736-45d2-bbed-750a692783ae: shutdown FollowerState
2019-08-29 08:46:19,373 [Thread-324] INFO  impl.RaftServerImpl (RaftServerImpl.java:setRole(171)) - 4204fb3a-7736-45d2-bbed-750a692783ae:group-D32732FAAE1B changes role from FOLLOWER to CANDIDATE at term 0 for changeToCandidate
2019-08-29 08:46:19,374 [Thread-324] INFO  impl.RoleInfo (RoleInfo.java:updateAndGet(143)) - 4204fb3a-7736-45d2-bbed-750a692783ae: start LeaderElection
2019-08-29 08:46:19,456 | INFO  | SCMAudit | user=jenkins1000 | ip=192.168.5.176 | op=SEND_HEARTBEAT {datanodeUUID=73bbc9c5-70f7-4fc8-a304-e36fb1a7c836, command=[]} | ret=SUCCESS |  
2019-08-29 08:46:19,456 [Thread-331] INFO  impl.FollowerState (FollowerState.java:run(106)) - 80032fdc-d78b-4a88-9434-3ce010c31b3f:group-D32732FAAE1B changes to CANDIDATE, lastRpcTime:5148, electionTimeout:5146ms
2019-08-29 08:46:19,456 [Thread-331] INFO  impl.RoleInfo (RoleInfo.java:shutdownFollowerState(121)) - 80032fdc-d78b-4a88-9434-3ce010c31b3f: shutdown FollowerState
2019-08-29 08:46:19,456 [Thread-331] INFO  impl.RaftServerImpl (RaftServerImpl.java:setRole(171)) - 80032fdc-d78b-4a88-9434-3ce010c31b3f:group-D32732FAAE1B changes role from FOLLOWER to CANDIDATE at term 1 for changeToCandidate
2019-08-29 08:46:19,457 [Thread-331] INFO  impl.RoleInfo (RoleInfo.java:updateAndGet(143)) - 80032fdc-d78b-4a88-9434-3ce010c31b3f: start LeaderElection
2019-08-29 08:46:19,532 | INFO  | SCMAudit | user=jenkins1000 | ip=192.168.5.176 | op=SEND_HEARTBEAT {datanodeUUID=4204fb3a-7736-45d2-bbed-750a692783ae, command=[]} | ret=SUCCESS |  
2019-08-29 08:46:19,619 | INFO  | SCMAudit | user=jenkins1000 | ip=192.168.5.176 | op=SEND_HEARTBEAT {datanodeUUID=e5fd3c67-4f38-41ed-8073-51136f0efc00, command=[]} | ret=SUCCESS |  
2019-08-29 08:46:20,125 | INFO  | SCMAudit | user=jenkins1000 | ip=192.168.5.176 | op=SEND_HEARTBEAT {datanodeUUID=3bbb20a1-a78a-49aa-a207-aa74965bf29c, command=[]} | ret=SUCCESS |  
2019-08-29 08:46:20,127 | INFO  | SCMAudit | user=jenkins1000 | ip=192.168.5.176 | op=SEND_HEARTBEAT {datanodeUUID=08d23bb8-f649-4ebd-a9a9-bbfd5b766034, command=[]} | ret=SUCCESS |  
2019-08-29 08:46:20,132 | INFO  | SCMAudit | user=jenkins1000 | ip=192.168.5.176 | op=SEND_HEARTBEAT {datanodeUUID=80032fdc-d78b-4a88-9434-3ce010c31b3f, command=[]} | ret=SUCCESS |  
2019-08-29 08:46:20,221 | INFO  | SCMAudit | user=jenkins1000 | ip=192.168.5.176 | op=SEND_HEARTBEAT {datanodeUUID=90f684eb-7c4f-41ac-bd9b-a2bcab6fa083, command=[]} | ret=SUCCESS |  
2019-08-29 08:46:20,456 | INFO  | SCMAudit | user=jenkins1000 | ip=192.168.5.176 | op=SEND_HEARTBEAT {datanodeUUID=73bbc9c5-70f7-4fc8-a304-e36fb1a7c836, command=[]} | ret=SUCCESS |  
2019-08-29 08:46:20,487 [pool-77-thread-1] INFO  storage.RaftStorageDirectory (RaftStorageDirectory.java:tryLock(328)) - Lock on /workdir/hadoop-ozone/integration-test/target/test-dir/MiniOzoneClusterImpl-f455d224-3bfd-4c12-ad75-0d332897f7fa/datanode-5/data/ratis/44822d36-13fe-4eb9-bc7c-0d7b84af5e6a/in_use.lock acquired by nodename 29754@pr-hdds-1909-44d2n-1519487446
2019-08-29 08:46:20,487 [pool-37-thread-1] INFO  storage.RaftStorage (RaftStorage.java:format(72)) - Storage directory /workdir/hadoop-ozone/integration-test/target/test-dir/MiniOzoneClusterImpl-f455d224-3bfd-4c12-ad75-0d332897f7fa/datanode-1/data/ratis/ff970ac3-0c53-48d2-a034-d118d55fb6dd has been successfully formatted.
2019-08-29 08:46:20,487 [4204fb3a-7736-45d2-bbed-750a692783ae:group-D32732FAAE1B:LeaderElection7] INFO  impl.LeaderElection (LeaderElection.java:askForVotes(181)) - 4204fb3a-7736-45d2-bbed-750a692783ae:group-D32732FAAE1B:LeaderElection7: begin an election at term 1 for -1: [80032fdc-d78b-4a88-9434-3ce010c31b3f:192.168.5.176:43754, 4204fb3a-7736-45d2-bbed-750a692783ae:192.168.5.176:46077, e5fd3c67-4f38-41ed-8073-51136f0efc00:192.168.5.176:38915], old=null
2019-08-29 08:46:20,487 [80032fdc-d78b-4a88-9434-3ce010c31b3f:group-D32732FAAE1B:LeaderElection8] INFO  impl.LeaderElection (LeaderElection.java:askForVotes(181)) - 80032fdc-d78b-4a88-9434-3ce010c31b3f:group-D32732FAAE1B:LeaderElection8: begin an election at term 2 for -1: [80032fdc-d78b-4a88-9434-3ce010c31b3f:192.168.5.176:43754, 4204fb3a-7736-45d2-bbed-750a692783ae:192.168.5.176:46077, e5fd3c67-4f38-41ed-8073-51136f0efc00:192.168.5.176:38915], old=null
2019-08-29 08:46:20,487 [pool-47-thread-1] INFO  storage.RaftStorageDirectory (RaftStorageDirectory.java:tryLock(328)) - Lock on /workdir/hadoop-ozone/integration-test/target/test-dir/MiniOzoneClusterImpl-f455d224-3bfd-4c12-ad75-0d332897f7fa/datanode-2/data/ratis/ff970ac3-0c53-48d2-a034-d118d55fb6dd/in_use.lock acquired by nodename 29754@pr-hdds-1909-44d2n-1519487446
2019-08-29 08:46:20,487 [pool-37-thread-1] INFO  ratis.ContainerStateMachine (ContainerStateMachine.java:loadSnapshot(227)) - group-D118D55FB6DD: The snapshot info is null. Setting the last applied indexto:(t:0, i:~)
2019-08-29 08:46:20,488 [pool-37-thread-1] INFO  server.RaftServerConfigKeys (ConfUtils.java:logGet(43)) - raft.server.leader.election.timeout = 120s (custom)
2019-08-29 08:46:20,488 [pool-37-thread-1] INFO  server.RaftServerConfigKeys (ConfUtils.java:logGet(43)) - raft.server.log.use.memory = false (default)
2019-08-29 08:46:20,488 [pool-37-thread-1] INFO  server.RaftServerConfigKeys (ConfUtils.java:logGet(43)) - raft.server.log.purge.gap = 1000000 (custom)
2019-08-29 08:46:20,488 [pool-37-thread-1] INFO  server.RaftServerConfigKeys (ConfUtils.java:logGet(43)) - raft.server.log.appender.buffer.byte-limit = 33554432 (custom)
2019-08-29 08:46:20,488 [pool-37-thread-1] INFO  server.RaftServerConfigKeys (ConfUtils.java:logGet(43)) - raft.server.log.segment.size.max = 1048576 (custom)
2019-08-29 08:46:20,489 [pool-37-thread-1] INFO  server.RaftServerConfigKeys (ConfUtils.java:logGet(43)) - raft.server.log.segment.cache.num.max = 2 (custom)
2019-08-29 08:46:20,489 [pool-37-thread-1] INFO  segmented.SegmentedRaftLogWorker (SegmentedRaftLogWorker.java:<init>(172)) - new 4204fb3a-7736-45d2-bbed-750a692783ae-SegmentedRaftLogWorker:Storage Directory /workdir/hadoop-ozone/integration-test/target/test-dir/MiniOzoneClusterImpl-f455d224-3bfd-4c12-ad75-0d332897f7fa/datanode-1/data/ratis/ff970ac3-0c53-48d2-a034-d118d55fb6dd for RaftStorage:Storage Directory /workdir/hadoop-ozone/integration-test/target/test-dir/MiniOzoneClusterImpl-f455d224-3bfd-4c12-ad75-0d332897f7fa/datanode-1/data/ratis/ff970ac3-0c53-48d2-a034-d118d55fb6dd
2019-08-29 08:46:20,489 [pool-37-thread-1] INFO  server.RaftServerConfigKeys (ConfUtils.java:logGet(43)) - raft.server.log.queue.byte-limit = 2147483647 (custom)
2019-08-29 08:46:20,489 [pool-37-thread-1] INFO  server.RaftServerConfigKeys (ConfUtils.java:logGet(43)) - raft.server.log.queue.element-limit = 1024 (custom)
2019-08-29 08:46:20,490 [pool-37-thread-1] INFO  server.RaftServerConfigKeys (ConfUtils.java:logGet(43)) - raft.server.log.segment.size.max = 1048576 (custom)
2019-08-29 08:46:20,490 [pool-37-thread-1] INFO  server.RaftServerConfigKeys (ConfUtils.java:logGet(43)) - raft.server.log.preallocated.size = 16384 (custom)
2019-08-29 08:46:20,490 [pool-37-thread-1] INFO  server.RaftServerConfigKeys (ConfUtils.java:logGet(43)) - raft.server.log.write.buffer.size = 33554432 (custom)
2019-08-29 08:46:20,490 [pool-37-thread-1] INFO  server.RaftServerConfigKeys (ConfUtils.java:logGet(43)) - raft.server.log.force.sync.num = 128 (default)
2019-08-29 08:46:20,490 [pool-37-thread-1] INFO  server.RaftServerConfigKeys (ConfUtils.java:logGet(43)) - raft.server.log.statemachine.data.sync = true (default)
2019-08-29 08:46:20,493 [pool-37-thread-1] INFO  server.RaftServerConfigKeys (ConfUtils.java:logGet(43)) - raft.server.log.statemachine.data.sync.timeout = 10s (default)
2019-08-29 08:46:20,493 [pool-37-thread-1] INFO  server.RaftServerConfigKeys (ConfUtils.java:logGet(43)) - raft.server.log.statemachine.data.sync.timeout.retry = -1 (default)
2019-08-29 08:46:20,494 [pool-37-thread-1] INFO  server.RaftServerConfigKeys (ConfUtils.java:logGet(43)) - raft.server.log.statemachine.data.caching.enabled = true (custom)
2019-08-29 08:46:20,494 [grpc-default-executor-1] INFO  impl.RaftServerImpl (RaftServerImpl.java:setRole(171)) - 4204fb3a-7736-45d2-bbed-750a692783ae:group-D32732FAAE1B changes role from CANDIDATE to FOLLOWER at term 2 for recognizeCandidate:80032fdc-d78b-4a88-9434-3ce010c31b3f
2019-08-29 08:46:20,496 [grpc-default-executor-1] INFO  impl.RoleInfo (RoleInfo.java:shutdownLeaderElection(134)) - 4204fb3a-7736-45d2-bbed-750a692783ae: shutdown LeaderElection
2019-08-29 08:46:20,499 [pool-37-thread-1] INFO  segmented.SegmentedRaftLogWorker (SegmentedRaftLogWorker.java:lambda$new$0(132)) - 4204fb3a-7736-45d2-bbed-750a692783ae-SegmentedRaftLogWorker:Storage Directory /workdir/hadoop-ozone/integration-test/target/test-dir/MiniOzoneClusterImpl-f455d224-3bfd-4c12-ad75-0d332897f7fa/datanode-1/data/ratis/ff970ac3-0c53-48d2-a034-d118d55fb6dd: flushIndex: setUnconditionally 0 -> -1
2019-08-29 08:46:20,499 [grpc-default-executor-1] INFO  impl.RoleInfo (RoleInfo.java:updateAndGet(143)) - 4204fb3a-7736-45d2-bbed-750a692783ae: start FollowerState
2019-08-29 08:46:20,513 [pool-37-thread-1] INFO  server.RaftServerConfigKeys (ConfUtils.java:logGet(43)) - raft.server.snapshot.auto.trigger.enabled = true (custom)
2019-08-29 08:46:20,513 [grpc-default-executor-3] WARN  server.GrpcServerProtocolService (LogUtils.java:warn(134)) - e5fd3c67-4f38-41ed-8073-51136f0efc00: Failed requestVote 80032fdc-d78b-4a88-9434-3ce010c31b3f->e5fd3c67-4f38-41ed-8073-51136f0efc00#0: org.apache.ratis.protocol.ServerNotReadyException: Server e5fd3c67-4f38-41ed-8073-51136f0efc00 is not [RUNNING]: current state is NEW
2019-08-29 08:46:20,513 [RATISCREATEPIPELINE2] ERROR pipeline.RatisPipelineProvider (RatisPipelineProvider.java:lambda$null$5(235)) - Failed invoke Ratis rpc org.apache.hadoop.hdds.scm.pipeline.RatisPipelineProvider$$Lambda$187/1505492594@e260503 for e5fd3c67-4f38-41ed-8073-51136f0efc00
org.apache.ratis.protocol.TimeoutIOException: deadline exceeded after 2999699178ns
	at org.apache.ratis.grpc.GrpcUtil.tryUnwrapException(GrpcUtil.java:82)
	at org.apache.ratis.grpc.GrpcUtil.unwrapException(GrpcUtil.java:75)
	at org.apache.ratis.grpc.client.GrpcClientProtocolClient.blockingCall(GrpcClientProtocolClient.java:169)
	at org.apache.ratis.grpc.client.GrpcClientProtocolClient.groupAdd(GrpcClientProtocolClient.java:138)
	at org.apache.ratis.grpc.client.GrpcClientRpc.sendRequest(GrpcClientRpc.java:94)
	at org.apache.ratis.client.impl.RaftClientImpl.sendRequest(RaftClientImpl.java:279)
	at org.apache.ratis.client.impl.RaftClientImpl.groupAdd(RaftClientImpl.java:206)
	at org.apache.hadoop.hdds.scm.pipeline.RatisPipelineProvider.lambda$initializePipeline$4(RatisPipelineProvider.java:194)
	at org.apache.hadoop.hdds.scm.pipeline.RatisPipelineProvider.lambda$null$5(RatisPipelineProvider.java:231)
	at java.util.stream.ForEachOps$ForEachOp$OfRef.accept(ForEachOps.java:184)
	at java.util.ArrayList$ArrayListSpliterator.forEachRemaining(ArrayList.java:1382)
	at java.util.stream.AbstractPipeline.copyInto(AbstractPipeline.java:482)
	at java.util.stream.ForEachOps$ForEachTask.compute(ForEachOps.java:291)
	at java.util.concurrent.CountedCompleter.exec(CountedCompleter.java:731)
	at java.util.concurrent.ForkJoinTask.doExec(ForkJoinTask.java:289)
	at java.util.concurrent.ForkJoinPool$WorkQueue.runTask(ForkJoinPool.java:1056)
	at java.util.concurrent.ForkJoinPool.runWorker(ForkJoinPool.java:1692)
	at java.util.concurrent.ForkJoinWorkerThread.run(ForkJoinWorkerThread.java:157)
Caused by: org.apache.ratis.thirdparty.io.grpc.StatusRuntimeException: DEADLINE_EXCEEDED: deadline exceeded after 2999699178ns
	at org.apache.ratis.thirdparty.io.grpc.stub.ClientCalls.toStatusRuntimeException(ClientCalls.java:233)
	at org.apache.ratis.thirdparty.io.grpc.stub.ClientCalls.getUnchecked(ClientCalls.java:214)
	at org.apache.ratis.thirdparty.io.grpc.stub.ClientCalls.blockingUnaryCall(ClientCalls.java:139)
	at org.apache.ratis.proto.grpc.AdminProtocolServiceGrpc$AdminProtocolServiceBlockingStub.groupManagement(AdminProtocolServiceGrpc.java:274)
	at org.apache.ratis.grpc.client.GrpcClientProtocolClient.lambda$groupAdd$3(GrpcClientProtocolClient.java:140)
	at org.apache.ratis.grpc.client.GrpcClientProtocolClient.blockingCall(GrpcClientProtocolClient.java:167)
	... 15 more
2019-08-29 08:46:20,513 [grpc-default-executor-2] WARN  server.GrpcServerProtocolService (LogUtils.java:warn(134)) - e5fd3c67-4f38-41ed-8073-51136f0efc00: Failed requestVote 4204fb3a-7736-45d2-bbed-750a692783ae->e5fd3c67-4f38-41ed-8073-51136f0efc00#0: org.apache.ratis.protocol.ServerNotReadyException: Server e5fd3c67-4f38-41ed-8073-51136f0efc00 is not [RUNNING]: current state is NEW
2019-08-29 08:46:20,513 [pool-37-thread-1] INFO  server.RaftServerConfigKeys (ConfUtils.java:logGet(43)) - raft.server.snapshot.auto.trigger.threshold = 10000 (custom)
2019-08-29 08:46:20,513 [RATISCREATEPIPELINE3] ERROR pipeline.RatisPipelineProvider (RatisPipelineProvider.java:lambda$null$5(235)) - Failed invoke Ratis rpc org.apache.hadoop.hdds.scm.pipeline.RatisPipelineProvider$$Lambda$187/1505492594@e260503 for 80032fdc-d78b-4a88-9434-3ce010c31b3f
org.apache.ratis.protocol.TimeoutIOException: deadline exceeded after 2999710754ns
	at org.apache.ratis.grpc.GrpcUtil.tryUnwrapException(GrpcUtil.java:82)
	at org.apache.ratis.grpc.GrpcUtil.unwrapException(GrpcUtil.java:75)
	at org.apache.ratis.grpc.client.GrpcClientProtocolClient.blockingCall(GrpcClientProtocolClient.java:169)
	at org.apache.ratis.grpc.client.GrpcClientProtocolClient.groupAdd(GrpcClientProtocolClient.java:138)
	at org.apache.ratis.grpc.client.GrpcClientRpc.sendRequest(GrpcClientRpc.java:94)
	at org.apache.ratis.client.impl.RaftClientImpl.sendRequest(RaftClientImpl.java:279)
	at org.apache.ratis.client.impl.RaftClientImpl.groupAdd(RaftClientImpl.java:206)
	at org.apache.hadoop.hdds.scm.pipeline.RatisPipelineProvider.lambda$initializePipeline$4(RatisPipelineProvider.java:194)
	at org.apache.hadoop.hdds.scm.pipeline.RatisPipelineProvider.lambda$null$5(RatisPipelineProvider.java:231)
	at java.util.stream.ForEachOps$ForEachOp$OfRef.accept(ForEachOps.java:184)
	at java.util.ArrayList$ArrayListSpliterator.forEachRemaining(ArrayList.java:1382)
	at java.util.stream.AbstractPipeline.copyInto(AbstractPipeline.java:482)
	at java.util.stream.ForEachOps$ForEachTask.compute(ForEachOps.java:291)
	at java.util.concurrent.CountedCompleter.exec(CountedCompleter.java:731)
	at java.util.concurrent.ForkJoinTask.doExec(ForkJoinTask.java:289)
	at java.util.concurrent.ForkJoinPool$WorkQueue.runTask(ForkJoinPool.java:1056)
	at java.util.concurrent.ForkJoinPool.runWorker(ForkJoinPool.java:1692)
	at java.util.concurrent.ForkJoinWorkerThread.run(ForkJoinWorkerThread.java:157)
Caused by: org.apache.ratis.thirdparty.io.grpc.StatusRuntimeException: DEADLINE_EXCEEDED: deadline exceeded after 2999710754ns
	at org.apache.ratis.thirdparty.io.grpc.stub.ClientCalls.toStatusRuntimeException(ClientCalls.java:233)
	at org.apache.ratis.thirdparty.io.grpc.stub.ClientCalls.getUnchecked(ClientCalls.java:214)
	at org.apache.ratis.thirdparty.io.grpc.stub.ClientCalls.blockingUnaryCall(ClientCalls.java:139)
	at org.apache.ratis.proto.grpc.AdminProtocolServiceGrpc$AdminProtocolServiceBlockingStub.groupManagement(AdminProtocolServiceGrpc.java:274)
	at org.apache.ratis.grpc.client.GrpcClientProtocolClient.lambda$groupAdd$3(GrpcClientProtocolClient.java:140)
	at org.apache.ratis.grpc.client.GrpcClientProtocolClient.blockingCall(GrpcClientProtocolClient.java:167)
	... 15 more
2019-08-29 08:46:20,514 [RATISCREATEPIPELINE1] ERROR pipeline.RatisPipelineProvider (RatisPipelineProvider.java:lambda$null$5(235)) - Failed invoke Ratis rpc org.apache.hadoop.hdds.scm.pipeline.RatisPipelineProvider$$Lambda$187/1505492594@e260503 for 4204fb3a-7736-45d2-bbed-750a692783ae
org.apache.ratis.protocol.TimeoutIOException: deadline exceeded after 2999703756ns
	at org.apache.ratis.grpc.GrpcUtil.tryUnwrapException(GrpcUtil.java:82)
	at org.apache.ratis.grpc.GrpcUtil.unwrapException(GrpcUtil.java:75)
	at org.apache.ratis.grpc.client.GrpcClientProtocolClient.blockingCall(GrpcClientProtocolClient.java:169)
	at org.apache.ratis.grpc.client.GrpcClientProtocolClient.groupAdd(GrpcClientProtocolClient.java:138)
	at org.apache.ratis.grpc.client.GrpcClientRpc.sendRequest(GrpcClientRpc.java:94)
	at org.apache.ratis.client.impl.RaftClientImpl.sendRequest(RaftClientImpl.java:279)
	at org.apache.ratis.client.impl.RaftClientImpl.groupAdd(RaftClientImpl.java:206)
	at org.apache.hadoop.hdds.scm.pipeline.RatisPipelineProvider.lambda$initializePipeline$4(RatisPipelineProvider.java:194)
	at org.apache.hadoop.hdds.scm.pipeline.RatisPipelineProvider.lambda$null$5(RatisPipelineProvider.java:231)
	at java.util.stream.ForEachOps$ForEachOp$OfRef.accept(ForEachOps.java:184)
	at java.util.ArrayList$ArrayListSpliterator.forEachRemaining(ArrayList.java:1382)
	at java.util.stream.AbstractPipeline.copyInto(AbstractPipeline.java:482)
	at java.util.stream.ForEachOps$ForEachTask.compute(ForEachOps.java:291)
	at java.util.concurrent.CountedCompleter.exec(CountedCompleter.java:731)
	at java.util.concurrent.ForkJoinTask.doExec(ForkJoinTask.java:289)
	at java.util.concurrent.ForkJoinTask.doInvoke(ForkJoinTask.java:401)
	at java.util.concurrent.ForkJoinTask.invoke(ForkJoinTask.java:734)
	at java.util.stream.ForEachOps$ForEachOp.evaluateParallel(ForEachOps.java:160)
	at java.util.stream.ForEachOps$ForEachOp$OfRef.evaluateParallel(ForEachOps.java:174)
	at java.util.stream.AbstractPipeline.evaluate(AbstractPipeline.java:233)
	at java.util.stream.ReferencePipeline.forEach(ReferencePipeline.java:418)
	at java.util.stream.ReferencePipeline$Head.forEach(ReferencePipeline.java:583)
	at org.apache.hadoop.hdds.scm.pipeline.RatisPipelineProvider.lambda$callRatisRpc$6(RatisPipelineProvider.java:225)
	at java.util.concurrent.ForkJoinTask$AdaptedRunnableAction.exec(ForkJoinTask.java:1386)
	at java.util.concurrent.ForkJoinTask.doExec(ForkJoinTask.java:289)
	at java.util.concurrent.ForkJoinPool$WorkQueue.runTask(ForkJoinPool.java:1056)
	at java.util.concurrent.ForkJoinPool.runWorker(ForkJoinPool.java:1692)
	at java.util.concurrent.ForkJoinWorkerThread.run(ForkJoinWorkerThread.java:157)
Caused by: org.apache.ratis.thirdparty.io.grpc.StatusRuntimeException: DEADLINE_EXCEEDED: deadline exceeded after 2999703756ns
	at org.apache.ratis.thirdparty.io.grpc.stub.ClientCalls.toStatusRuntimeException(ClientCalls.java:233)
	at org.apache.ratis.thirdparty.io.grpc.stub.ClientCalls.getUnchecked(ClientCalls.java:214)
	at org.apache.ratis.thirdparty.io.grpc.stub.ClientCalls.blockingUnaryCall(ClientCalls.java:139)
	at org.apache.ratis.proto.grpc.AdminProtocolServiceGrpc$AdminProtocolServiceBlockingStub.groupManagement(AdminProtocolServiceGrpc.java:274)
	at org.apache.ratis.grpc.client.GrpcClientProtocolClient.lambda$groupAdd$3(GrpcClientProtocolClient.java:140)
	at org.apache.ratis.grpc.client.GrpcClientProtocolClient.blockingCall(GrpcClientProtocolClient.java:167)
	... 25 more
2019-08-29 08:46:20,514 [pool-37-thread-1] INFO  server.RaftServerConfigKeys (ConfUtils.java:logGet(43)) - raft.server.retrycache.expirytime = 600000ms (custom)
2019-08-29 08:46:20,524 [4204fb3a-7736-45d2-bbed-750a692783ae:group-D32732FAAE1B:LeaderElection7] INFO  impl.LeaderElection (LeaderElection.java:logAndReturn(56)) - 4204fb3a-7736-45d2-bbed-750a692783ae:group-D32732FAAE1B:LeaderElection7: Election DISCOVERED_A_NEW_TERM; received 1 response(s) [4204fb3a-7736-45d2-bbed-750a692783ae<-80032fdc-d78b-4a88-9434-3ce010c31b3f#0:FAIL-t2] and 0 exception(s); 4204fb3a-7736-45d2-bbed-750a692783ae:t2, leader=null, voted=null, raftlog=4204fb3a-7736-45d2-bbed-750a692783ae-SegmentedRaftLog:OPENED:c-1,f-1,i0, conf=-1: [80032fdc-d78b-4a88-9434-3ce010c31b3f:192.168.5.176:43754, 4204fb3a-7736-45d2-bbed-750a692783ae:192.168.5.176:46077, e5fd3c67-4f38-41ed-8073-51136f0efc00:192.168.5.176:38915], old=null
2019-08-29 08:46:20,525 [pool-37-thread-1] INFO  impl.RaftServerImpl (RaftServerImpl.java:start(180)) - 4204fb3a-7736-45d2-bbed-750a692783ae: start group-2A4272E51C55
2019-08-29 08:46:20,525 [IPC Server handler 4 on 43221] WARN  block.BlockManagerImpl (BlockManagerImpl.java:allocateBlock(192)) - Pipeline creation failed for type:RATIS factor:THREE. Retrying get pipelines call once.
org.apache.hadoop.io.MultipleIOException: 3 exceptions [java.io.IOException: Failed invoke Ratis rpc org.apache.hadoop.hdds.scm.pipeline.RatisPipelineProvider$$Lambda$187/1505492594@e260503 for e5fd3c67-4f38-41ed-8073-51136f0efc00, java.io.IOException: Failed invoke Ratis rpc org.apache.hadoop.hdds.scm.pipeline.RatisPipelineProvider$$Lambda$187/1505492594@e260503 for 80032fdc-d78b-4a88-9434-3ce010c31b3f, java.io.IOException: Failed invoke Ratis rpc org.apache.hadoop.hdds.scm.pipeline.RatisPipelineProvider$$Lambda$187/1505492594@e260503 for 4204fb3a-7736-45d2-bbed-750a692783ae]
	at org.apache.hadoop.io.MultipleIOException.createIOException(MultipleIOException.java:53)
	at org.apache.hadoop.hdds.scm.pipeline.RatisPipelineProvider.callRatisRpc(RatisPipelineProvider.java:251)
	at org.apache.hadoop.hdds.scm.pipeline.RatisPipelineProvider.initializePipeline(RatisPipelineProvider.java:192)
	at org.apache.hadoop.hdds.scm.pipeline.RatisPipelineProvider.create(RatisPipelineProvider.java:161)
	at org.apache.hadoop.hdds.scm.pipeline.PipelineFactory.create(PipelineFactory.java:57)
	at org.apache.hadoop.hdds.scm.pipeline.SCMPipelineManager.createPipeline(SCMPipelineManager.java:149)
	at org.apache.hadoop.hdds.scm.block.BlockManagerImpl.allocateBlock(BlockManagerImpl.java:190)
	at org.apache.hadoop.hdds.scm.server.SCMBlockProtocolServer.allocateBlock(SCMBlockProtocolServer.java:175)
	at org.apache.hadoop.ozone.protocolPB.ScmBlockLocationProtocolServerSideTranslatorPB.allocateScmBlock(ScmBlockLocationProtocolServerSideTranslatorPB.java:153)
	at org.apache.hadoop.ozone.protocolPB.ScmBlockLocationProtocolServerSideTranslatorPB.send(ScmBlockLocationProtocolServerSideTranslatorPB.java:112)
	at org.apache.hadoop.hdds.protocol.proto.ScmBlockLocationProtocolProtos$ScmBlockLocationProtocolService$2.callBlockingMethod(ScmBlockLocationProtocolProtos.java:13157)
	at org.apache.hadoop.ipc.ProtobufRpcEngine$Server$ProtoBufRpcInvoker.call(ProtobufRpcEngine.java:524)
	at org.apache.hadoop.ipc.RPC$Server.call(RPC.java:1025)
	at org.apache.hadoop.ipc.Server$RpcCall.run(Server.java:876)
	at org.apache.hadoop.ipc.Server$RpcCall.run(Server.java:822)
	at java.security.AccessController.doPrivileged(Native Method)
	at javax.security.auth.Subject.doAs(Subject.java:422)
	at org.apache.hadoop.security.UserGroupInformation.doAs(UserGroupInformation.java:1730)
	at org.apache.hadoop.ipc.Server$Handler.run(Server.java:2682)
2019-08-29 08:46:20,528 [80032fdc-d78b-4a88-9434-3ce010c31b3f:group-D32732FAAE1B:LeaderElection8] INFO  impl.LeaderElection (LogUtils.java:infoOrTrace(149)) - 80032fdc-d78b-4a88-9434-3ce010c31b3f:group-D32732FAAE1B:LeaderElection8 got exception when requesting votes: {}
java.util.concurrent.ExecutionException: org.apache.ratis.thirdparty.io.grpc.StatusRuntimeException: INTERNAL: Server e5fd3c67-4f38-41ed-8073-51136f0efc00 is not [RUNNING]: current state is NEW
	at java.util.concurrent.FutureTask.report(FutureTask.java:122)
	at java.util.concurrent.FutureTask.get(FutureTask.java:192)
	at org.apache.ratis.server.impl.LeaderElection.waitForResults(LeaderElection.java:262)
	at org.apache.ratis.server.impl.LeaderElection.askForVotes(LeaderElection.java:200)
	at org.apache.ratis.server.impl.LeaderElection.run(LeaderElection.java:130)
	at java.lang.Thread.run(Thread.java:748)
Caused by: org.apache.ratis.thirdparty.io.grpc.StatusRuntimeException: INTERNAL: Server e5fd3c67-4f38-41ed-8073-51136f0efc00 is not [RUNNING]: current state is NEW
	at org.apache.ratis.thirdparty.io.grpc.stub.ClientCalls.toStatusRuntimeException(ClientCalls.java:233)
	at org.apache.ratis.thirdparty.io.grpc.stub.ClientCalls.getUnchecked(ClientCalls.java:214)
	at org.apache.ratis.thirdparty.io.grpc.stub.ClientCalls.blockingUnaryCall(ClientCalls.java:139)
	at org.apache.ratis.proto.grpc.RaftServerProtocolServiceGrpc$RaftServerProtocolServiceBlockingStub.requestVote(RaftServerProtocolServiceGrpc.java:265)
	at org.apache.ratis.grpc.server.GrpcServerProtocolClient.requestVote(GrpcServerProtocolClient.java:83)
	at org.apache.ratis.grpc.server.GrpcService.requestVote(GrpcService.java:195)
	at org.apache.ratis.server.impl.LeaderElection.lambda$submitRequests$1(LeaderElection.java:237)
	at java.util.concurrent.FutureTask.run(FutureTask.java:266)
	at java.util.concurrent.Executors$RunnableAdapter.call(Executors.java:511)
	at java.util.concurrent.FutureTask.run(FutureTask.java:266)
	at java.util.concurrent.ThreadPoolExecutor.runWorker(ThreadPoolExecutor.java:1149)
	at java.util.concurrent.ThreadPoolExecutor$Worker.run(ThreadPoolExecutor.java:624)
	... 1 more
2019-08-29 08:46:20,525 [pool-37-thread-1] INFO  impl.RaftServerImpl (RaftServerImpl.java:setRole(171)) - 4204fb3a-7736-45d2-bbed-750a692783ae:group-2A4272E51C55 changes role from null to FOLLOWER at term 0 for startAsFollower
2019-08-29 08:46:20,528 [IPC Server handler 4 on 43221] INFO  block.BlockManagerImpl (BlockManagerImpl.java:allocateBlock(198)) - Could not find available pipeline of type:RATIS and factor:THREE even after retrying
2019-08-29 08:46:20,528 [pool-37-thread-1] INFO  impl.RoleInfo (RoleInfo.java:updateAndGet(143)) - 4204fb3a-7736-45d2-bbed-750a692783ae: start FollowerState
2019-08-29 08:46:20,528 [IPC Server handler 4 on 43221] ERROR block.BlockManagerImpl (BlockManagerImpl.java:allocateBlock(222)) - Unable to allocate a block for the size: 4194304, type: RATIS, factor: THREE
2019-08-29 08:46:20,529 [pool-37-thread-1] INFO  util.JmxRegister (JmxRegister.java:tryRegister(44)) - Successfully registered JMX Bean with object name Ratis:service=RaftServer,group=group-2A4272E51C55,id=4204fb3a-7736-45d2-bbed-750a692783ae
2019-08-29 08:46:20,535 | INFO  | SCMAudit | user=jenkins1000 | ip=192.168.5.176 | op=SEND_HEARTBEAT {datanodeUUID=4204fb3a-7736-45d2-bbed-750a692783ae, command=[]} | ret=SUCCESS |  
2019-08-29 08:46:20,535 [pool-37-thread-1] INFO  impl.RaftServerImpl (RaftServerImpl.java:<init>(93)) - 4204fb3a-7736-45d2-bbed-750a692783ae: new RaftServerImpl for group-0D7B84AF5E6A:[80032fdc-d78b-4a88-9434-3ce010c31b3f:192.168.5.176:43754, 4204fb3a-7736-45d2-bbed-750a692783ae:192.168.5.176:46077, e5fd3c67-4f38-41ed-8073-51136f0efc00:192.168.5.176:38915] with ContainerStateMachine:uninitialized
2019-08-29 08:46:20,535 [pool-37-thread-1] INFO  server.RaftServerConfigKeys (ConfUtils.java:logGet(43)) - raft.server.rpc.timeout.min = 5s (custom)
2019-08-29 08:46:20,535 [pool-37-thread-1] INFO  server.RaftServerConfigKeys (ConfUtils.java:logGet(43)) - raft.server.rpc.timeout.max = 5200ms (custom)
2019-08-29 08:46:20,535 [pool-37-thread-1] INFO  server.RaftServerConfigKeys (ConfUtils.java:logGet(43)) - raft.server.rpcslowness.timeout = 120s (custom)
2019-08-29 08:46:20,536 [pool-37-thread-1] INFO  server.RaftServerConfigKeys (ConfUtils.java:logGet(43)) - raft.server.sleep.deviation.threshold = 300 (default)
2019-08-29 08:46:20,536 [pool-37-thread-1] INFO  server.RaftServerConfigKeys (ConfUtils.java:logGet(43)) - raft.server.log.appender.install.snapshot.enabled = false (custom)
2019-08-29 08:46:20,536 [pool-37-thread-1] INFO  impl.RaftServerImpl (ServerState.java:<init>(105)) - 4204fb3a-7736-45d2-bbed-750a692783ae:group-0D7B84AF5E6A ConfigurationManager, init=-1: [80032fdc-d78b-4a88-9434-3ce010c31b3f:192.168.5.176:43754, 4204fb3a-7736-45d2-bbed-750a692783ae:192.168.5.176:46077, e5fd3c67-4f38-41ed-8073-51136f0efc00:192.168.5.176:38915], old=null, confs=<EMPTY_MAP>
2019-08-29 08:46:20,536 [pool-37-thread-1] INFO  server.RaftServerConfigKeys (ConfUtils.java:logGet(43)) - raft.server.storage.dir = [/workdir/hadoop-ozone/integration-test/target/test-dir/MiniOzoneClusterImpl-f455d224-3bfd-4c12-ad75-0d332897f7fa/datanode-1/data/ratis] (custom)
2019-08-29 08:46:20,536 [pool-37-thread-1] INFO  storage.RaftStorageDirectory (RaftStorageDirectory.java:analyzeStorage(246)) - The storage directory /workdir/hadoop-ozone/integration-test/target/test-dir/MiniOzoneClusterImpl-f455d224-3bfd-4c12-ad75-0d332897f7fa/datanode-1/data/ratis/44822d36-13fe-4eb9-bc7c-0d7b84af5e6a does not exist. Creating ...
2019-08-29 08:46:20,538 [grpc-default-executor-3] INFO  impl.RaftServerProxy (RaftServerProxy.java:addNew(89)) - 80032fdc-d78b-4a88-9434-3ce010c31b3f: addNew group-D251CCC61FE7:[80032fdc-d78b-4a88-9434-3ce010c31b3f:192.168.5.176:43754, 4204fb3a-7736-45d2-bbed-750a692783ae:192.168.5.176:46077, e5fd3c67-4f38-41ed-8073-51136f0efc00:192.168.5.176:38915] returns group-D251CCC61FE7:java.util.concurrent.CompletableFuture@674b7fec[Not completed]
2019-08-29 08:46:20,538 [grpc-default-executor-5] INFO  impl.RaftServerProxy (RaftServerProxy.java:addNew(89)) - e5fd3c67-4f38-41ed-8073-51136f0efc00: addNew group-D251CCC61FE7:[80032fdc-d78b-4a88-9434-3ce010c31b3f:192.168.5.176:43754, 4204fb3a-7736-45d2-bbed-750a692783ae:192.168.5.176:46077, e5fd3c67-4f38-41ed-8073-51136f0efc00:192.168.5.176:38915] returns group-D251CCC61FE7:java.util.concurrent.CompletableFuture@11ca8804[Not completed]
2019-08-29 08:46:20,538 [grpc-default-executor-3] INFO  impl.RaftServerProxy (RaftServerProxy.java:addNew(89)) - 4204fb3a-7736-45d2-bbed-750a692783ae: addNew group-D251CCC61FE7:[80032fdc-d78b-4a88-9434-3ce010c31b3f:192.168.5.176:43754, 4204fb3a-7736-45d2-bbed-750a692783ae:192.168.5.176:46077, e5fd3c67-4f38-41ed-8073-51136f0efc00:192.168.5.176:38915] returns group-D251CCC61FE7:java.util.concurrent.CompletableFuture@37fed294[Not completed]
2019-08-29 08:46:20,618 | INFO  | SCMAudit | user=jenkins1000 | ip=192.168.5.176 | op=SEND_HEARTBEAT {datanodeUUID=e5fd3c67-4f38-41ed-8073-51136f0efc00, command=[]} | ret=SUCCESS |  
2019-08-29 08:46:21,125 | INFO  | SCMAudit | user=jenkins1000 | ip=192.168.5.176 | op=SEND_HEARTBEAT {datanodeUUID=3bbb20a1-a78a-49aa-a207-aa74965bf29c, command=[]} | ret=SUCCESS |  
2019-08-29 08:46:21,127 | INFO  | SCMAudit | user=jenkins1000 | ip=192.168.5.176 | op=SEND_HEARTBEAT {datanodeUUID=08d23bb8-f649-4ebd-a9a9-bbfd5b766034, command=[]} | ret=SUCCESS |  
2019-08-29 08:46:21,132 | INFO  | SCMAudit | user=jenkins1000 | ip=192.168.5.176 | op=SEND_HEARTBEAT {datanodeUUID=80032fdc-d78b-4a88-9434-3ce010c31b3f, command=[]} | ret=SUCCESS |  
2019-08-29 08:46:21,221 | INFO  | SCMAudit | user=jenkins1000 | ip=192.168.5.176 | op=SEND_HEARTBEAT {datanodeUUID=90f684eb-7c4f-41ac-bd9b-a2bcab6fa083, command=[]} | ret=SUCCESS |  
2019-08-29 08:46:21,456 | INFO  | SCMAudit | user=jenkins1000 | ip=192.168.5.176 | op=SEND_HEARTBEAT {datanodeUUID=73bbc9c5-70f7-4fc8-a304-e36fb1a7c836, command=[]} | ret=SUCCESS |  
2019-08-29 08:46:21,534 | INFO  | SCMAudit | user=jenkins1000 | ip=192.168.5.176 | op=SEND_HEARTBEAT {datanodeUUID=4204fb3a-7736-45d2-bbed-750a692783ae, command=[]} | ret=SUCCESS |  
2019-08-29 08:46:21,618 | INFO  | SCMAudit | user=jenkins1000 | ip=192.168.5.176 | op=SEND_HEARTBEAT {datanodeUUID=e5fd3c67-4f38-41ed-8073-51136f0efc00, command=[]} | ret=SUCCESS |  
2019-08-29 08:46:22,126 | INFO  | SCMAudit | user=jenkins1000 | ip=192.168.5.176 | op=SEND_HEARTBEAT {datanodeUUID=3bbb20a1-a78a-49aa-a207-aa74965bf29c, command=[]} | ret=SUCCESS |  
2019-08-29 08:46:22,128 | INFO  | SCMAudit | user=jenkins1000 | ip=192.168.5.176 | op=SEND_HEARTBEAT {datanodeUUID=08d23bb8-f649-4ebd-a9a9-bbfd5b766034, command=[]} | ret=SUCCESS |  
2019-08-29 08:46:22,132 | INFO  | SCMAudit | user=jenkins1000 | ip=192.168.5.176 | op=SEND_HEARTBEAT {datanodeUUID=80032fdc-d78b-4a88-9434-3ce010c31b3f, command=[]} | ret=SUCCESS |  
2019-08-29 08:46:22,221 | INFO  | SCMAudit | user=jenkins1000 | ip=192.168.5.176 | op=SEND_HEARTBEAT {datanodeUUID=90f684eb-7c4f-41ac-bd9b-a2bcab6fa083, command=[]} | ret=SUCCESS |  
2019-08-29 08:46:22,455 | INFO  | SCMAudit | user=jenkins1000 | ip=192.168.5.176 | op=SEND_HEARTBEAT {datanodeUUID=73bbc9c5-70f7-4fc8-a304-e36fb1a7c836, command=[]} | ret=SUCCESS |  
2019-08-29 08:46:22,533 | INFO  | SCMAudit | user=jenkins1000 | ip=192.168.5.176 | op=SEND_HEARTBEAT {datanodeUUID=4204fb3a-7736-45d2-bbed-750a692783ae, command=[]} | ret=SUCCESS |  
2019-08-29 08:46:22,618 | INFO  | SCMAudit | user=jenkins1000 | ip=192.168.5.176 | op=SEND_HEARTBEAT {datanodeUUID=e5fd3c67-4f38-41ed-8073-51136f0efc00, command=[]} | ret=SUCCESS |  
2019-08-29 08:46:23,126 | INFO  | SCMAudit | user=jenkins1000 | ip=192.168.5.176 | op=SEND_HEARTBEAT {datanodeUUID=3bbb20a1-a78a-49aa-a207-aa74965bf29c, command=[]} | ret=SUCCESS |  
2019-08-29 08:46:23,128 | INFO  | SCMAudit | user=jenkins1000 | ip=192.168.5.176 | op=SEND_HEARTBEAT {datanodeUUID=08d23bb8-f649-4ebd-a9a9-bbfd5b766034, command=[]} | ret=SUCCESS |  
2019-08-29 08:46:23,132 | INFO  | SCMAudit | user=jenkins1000 | ip=192.168.5.176 | op=SEND_HEARTBEAT {datanodeUUID=80032fdc-d78b-4a88-9434-3ce010c31b3f, command=[]} | ret=SUCCESS |  
2019-08-29 08:46:23,220 | INFO  | SCMAudit | user=jenkins1000 | ip=192.168.5.176 | op=SEND_HEARTBEAT {datanodeUUID=90f684eb-7c4f-41ac-bd9b-a2bcab6fa083, command=[]} | ret=SUCCESS |  
2019-08-29 08:46:23,401 [pool-37-thread-1] INFO  storage.RaftStorageDirectory (RaftStorageDirectory.java:tryLock(328)) - Lock on /workdir/hadoop-ozone/integration-test/target/test-dir/MiniOzoneClusterImpl-f455d224-3bfd-4c12-ad75-0d332897f7fa/datanode-1/data/ratis/44822d36-13fe-4eb9-bc7c-0d7b84af5e6a/in_use.lock acquired by nodename 29754@pr-hdds-1909-44d2n-1519487446
2019-08-29 08:46:23,401 [pool-77-thread-1] INFO  storage.RaftStorage (RaftStorage.java:format(72)) - Storage directory /workdir/hadoop-ozone/integration-test/target/test-dir/MiniOzoneClusterImpl-f455d224-3bfd-4c12-ad75-0d332897f7fa/datanode-5/data/ratis/44822d36-13fe-4eb9-bc7c-0d7b84af5e6a has been successfully formatted.
2019-08-29 08:46:23,401 [pool-47-thread-1] INFO  storage.RaftStorage (RaftStorage.java:format(72)) - Storage directory /workdir/hadoop-ozone/integration-test/target/test-dir/MiniOzoneClusterImpl-f455d224-3bfd-4c12-ad75-0d332897f7fa/datanode-2/data/ratis/ff970ac3-0c53-48d2-a034-d118d55fb6dd has been successfully formatted.
2019-08-29 08:46:23,405 [pool-77-thread-1] INFO  ratis.ContainerStateMachine (ContainerStateMachine.java:loadSnapshot(227)) - group-0D7B84AF5E6A: The snapshot info is null. Setting the last applied indexto:(t:0, i:~)
2019-08-29 08:46:23,405 [pool-47-thread-1] INFO  ratis.ContainerStateMachine (ContainerStateMachine.java:loadSnapshot(227)) - group-D118D55FB6DD: The snapshot info is null. Setting the last applied indexto:(t:0, i:~)
2019-08-29 08:46:23,405 [pool-77-thread-1] INFO  server.RaftServerConfigKeys (ConfUtils.java:logGet(43)) - raft.server.leader.election.timeout = 120s (custom)
2019-08-29 08:46:23,405 [pool-47-thread-1] INFO  server.RaftServerConfigKeys (ConfUtils.java:logGet(43)) - raft.server.leader.election.timeout = 120s (custom)
2019-08-29 08:46:23,405 [pool-77-thread-1] INFO  server.RaftServerConfigKeys (ConfUtils.java:logGet(43)) - raft.server.log.use.memory = false (default)
2019-08-29 08:46:23,406 [pool-47-thread-1] INFO  server.RaftServerConfigKeys (ConfUtils.java:logGet(43)) - raft.server.log.use.memory = false (default)
2019-08-29 08:46:23,406 [pool-77-thread-1] INFO  server.RaftServerConfigKeys (ConfUtils.java:logGet(43)) - raft.server.log.purge.gap = 1000000 (custom)
2019-08-29 08:46:23,406 [pool-47-thread-1] INFO  server.RaftServerConfigKeys (ConfUtils.java:logGet(43)) - raft.server.log.purge.gap = 1000000 (custom)
2019-08-29 08:46:23,406 [pool-77-thread-1] INFO  server.RaftServerConfigKeys (ConfUtils.java:logGet(43)) - raft.server.log.appender.buffer.byte-limit = 33554432 (custom)
2019-08-29 08:46:23,406 [pool-47-thread-1] INFO  server.RaftServerConfigKeys (ConfUtils.java:logGet(43)) - raft.server.log.appender.buffer.byte-limit = 33554432 (custom)
2019-08-29 08:46:23,406 [pool-77-thread-1] INFO  server.RaftServerConfigKeys (ConfUtils.java:logGet(43)) - raft.server.log.segment.size.max = 1048576 (custom)
2019-08-29 08:46:23,406 [pool-47-thread-1] INFO  server.RaftServerConfigKeys (ConfUtils.java:logGet(43)) - raft.server.log.segment.size.max = 1048576 (custom)
2019-08-29 08:46:23,406 [pool-77-thread-1] INFO  server.RaftServerConfigKeys (ConfUtils.java:logGet(43)) - raft.server.log.segment.cache.num.max = 2 (custom)
2019-08-29 08:46:23,407 [pool-47-thread-1] INFO  server.RaftServerConfigKeys (ConfUtils.java:logGet(43)) - raft.server.log.segment.cache.num.max = 2 (custom)
2019-08-29 08:46:23,407 [80032fdc-d78b-4a88-9434-3ce010c31b3f:group-D32732FAAE1B:LeaderElection8] INFO  impl.LeaderElection (LeaderElection.java:logAndReturn(56)) - 80032fdc-d78b-4a88-9434-3ce010c31b3f:group-D32732FAAE1B:LeaderElection8: Election REJECTED; received 1 response(s) [80032fdc-d78b-4a88-9434-3ce010c31b3f<-4204fb3a-7736-45d2-bbed-750a692783ae#0:FAIL-t2] and 1 exception(s); 80032fdc-d78b-4a88-9434-3ce010c31b3f:t2, leader=null, voted=80032fdc-d78b-4a88-9434-3ce010c31b3f, raftlog=80032fdc-d78b-4a88-9434-3ce010c31b3f-SegmentedRaftLog:OPENED:c-1,f-1,i0, conf=-1: [80032fdc-d78b-4a88-9434-3ce010c31b3f:192.168.5.176:43754, 4204fb3a-7736-45d2-bbed-750a692783ae:192.168.5.176:46077, e5fd3c67-4f38-41ed-8073-51136f0efc00:192.168.5.176:38915], old=null
2019-08-29 08:46:23,407 [pool-47-thread-1] INFO  segmented.SegmentedRaftLogWorker (SegmentedRaftLogWorker.java:<init>(172)) - new e5fd3c67-4f38-41ed-8073-51136f0efc00-SegmentedRaftLogWorker:Storage Directory /workdir/hadoop-ozone/integration-test/target/test-dir/MiniOzoneClusterImpl-f455d224-3bfd-4c12-ad75-0d332897f7fa/datanode-2/data/ratis/ff970ac3-0c53-48d2-a034-d118d55fb6dd for RaftStorage:Storage Directory /workdir/hadoop-ozone/integration-test/target/test-dir/MiniOzoneClusterImpl-f455d224-3bfd-4c12-ad75-0d332897f7fa/datanode-2/data/ratis/ff970ac3-0c53-48d2-a034-d118d55fb6dd
2019-08-29 08:46:23,407 [pool-77-thread-1] INFO  segmented.SegmentedRaftLogWorker (SegmentedRaftLogWorker.java:<init>(172)) - new 80032fdc-d78b-4a88-9434-3ce010c31b3f-SegmentedRaftLogWorker:Storage Directory /workdir/hadoop-ozone/integration-test/target/test-dir/MiniOzoneClusterImpl-f455d224-3bfd-4c12-ad75-0d332897f7fa/datanode-5/data/ratis/44822d36-13fe-4eb9-bc7c-0d7b84af5e6a for RaftStorage:Storage Directory /workdir/hadoop-ozone/integration-test/target/test-dir/MiniOzoneClusterImpl-f455d224-3bfd-4c12-ad75-0d332897f7fa/datanode-5/data/ratis/44822d36-13fe-4eb9-bc7c-0d7b84af5e6a
2019-08-29 08:46:23,407 [pool-47-thread-1] INFO  server.RaftServerConfigKeys (ConfUtils.java:logGet(43)) - raft.server.log.queue.byte-limit = 2147483647 (custom)
2019-08-29 08:46:23,407 [80032fdc-d78b-4a88-9434-3ce010c31b3f:group-D32732FAAE1B:LeaderElection8] INFO  impl.LeaderElection (LogUtils.java:infoOrTrace(149)) -   Exception 0: {}
java.util.concurrent.ExecutionException: org.apache.ratis.thirdparty.io.grpc.StatusRuntimeException: INTERNAL: Server e5fd3c67-4f38-41ed-8073-51136f0efc00 is not [RUNNING]: current state is NEW
	at java.util.concurrent.FutureTask.report(FutureTask.java:122)
	at java.util.concurrent.FutureTask.get(FutureTask.java:192)
	at org.apache.ratis.server.impl.LeaderElection.waitForResults(LeaderElection.java:262)
	at org.apache.ratis.server.impl.LeaderElection.askForVotes(LeaderElection.java:200)
	at org.apache.ratis.server.impl.LeaderElection.run(LeaderElection.java:130)
	at java.lang.Thread.run(Thread.java:748)
Caused by: org.apache.ratis.thirdparty.io.grpc.StatusRuntimeException: INTERNAL: Server e5fd3c67-4f38-41ed-8073-51136f0efc00 is not [RUNNING]: current state is NEW
	at org.apache.ratis.thirdparty.io.grpc.stub.ClientCalls.toStatusRuntimeException(ClientCalls.java:233)
	at org.apache.ratis.thirdparty.io.grpc.stub.ClientCalls.getUnchecked(ClientCalls.java:214)
	at org.apache.ratis.thirdparty.io.grpc.stub.ClientCalls.blockingUnaryCall(ClientCalls.java:139)
	at org.apache.ratis.proto.grpc.RaftServerProtocolServiceGrpc$RaftServerProtocolServiceBlockingStub.requestVote(RaftServerProtocolServiceGrpc.java:265)
	at org.apache.ratis.grpc.server.GrpcServerProtocolClient.requestVote(GrpcServerProtocolClient.java:83)
	at org.apache.ratis.grpc.server.GrpcService.requestVote(GrpcService.java:195)
	at org.apache.ratis.server.impl.LeaderElection.lambda$submitRequests$1(LeaderElection.java:237)
	at java.util.concurrent.FutureTask.run(FutureTask.java:266)
	at java.util.concurrent.Executors$RunnableAdapter.call(Executors.java:511)
	at java.util.concurrent.FutureTask.run(FutureTask.java:266)
	at java.util.concurrent.ThreadPoolExecutor.runWorker(ThreadPoolExecutor.java:1149)
	at java.util.concurrent.ThreadPoolExecutor$Worker.run(ThreadPoolExecutor.java:624)
	... 1 more
2019-08-29 08:46:23,413 [pool-47-thread-1] INFO  server.RaftServerConfigKeys (ConfUtils.java:logGet(43)) - raft.server.log.queue.element-limit = 1024 (custom)
2019-08-29 08:46:23,411 [pool-77-thread-1] INFO  server.RaftServerConfigKeys (ConfUtils.java:logGet(43)) - raft.server.log.queue.byte-limit = 2147483647 (custom)
2019-08-29 08:46:23,417 [pool-47-thread-1] INFO  server.RaftServerConfigKeys (ConfUtils.java:logGet(43)) - raft.server.log.segment.size.max = 1048576 (custom)
2019-08-29 08:46:23,413 [80032fdc-d78b-4a88-9434-3ce010c31b3f:group-D32732FAAE1B:LeaderElection8] INFO  impl.RaftServerImpl (RaftServerImpl.java:setRole(171)) - 80032fdc-d78b-4a88-9434-3ce010c31b3f:group-D32732FAAE1B changes role from CANDIDATE to FOLLOWER at term 2 for DISCOVERED_A_NEW_TERM
2019-08-29 08:46:23,417 [pool-47-thread-1] INFO  server.RaftServerConfigKeys (ConfUtils.java:logGet(43)) - raft.server.log.preallocated.size = 16384 (custom)
2019-08-29 08:46:23,417 [pool-77-thread-1] INFO  server.RaftServerConfigKeys (ConfUtils.java:logGet(43)) - raft.server.log.queue.element-limit = 1024 (custom)
2019-08-29 08:46:23,417 [pool-47-thread-1] INFO  server.RaftServerConfigKeys (ConfUtils.java:logGet(43)) - raft.server.log.write.buffer.size = 33554432 (custom)
2019-08-29 08:46:23,417 [80032fdc-d78b-4a88-9434-3ce010c31b3f:group-D32732FAAE1B:LeaderElection8] INFO  impl.RoleInfo (RoleInfo.java:shutdownLeaderElection(134)) - 80032fdc-d78b-4a88-9434-3ce010c31b3f: shutdown LeaderElection
2019-08-29 08:46:23,418 [pool-47-thread-1] INFO  server.RaftServerConfigKeys (ConfUtils.java:logGet(43)) - raft.server.log.force.sync.num = 128 (default)
2019-08-29 08:46:23,418 [pool-77-thread-1] INFO  server.RaftServerConfigKeys (ConfUtils.java:logGet(43)) - raft.server.log.segment.size.max = 1048576 (custom)
2019-08-29 08:46:23,418 [pool-47-thread-1] INFO  server.RaftServerConfigKeys (ConfUtils.java:logGet(43)) - raft.server.log.statemachine.data.sync = true (default)
2019-08-29 08:46:23,418 [80032fdc-d78b-4a88-9434-3ce010c31b3f:group-D32732FAAE1B:LeaderElection8] INFO  impl.RoleInfo (RoleInfo.java:updateAndGet(143)) - 80032fdc-d78b-4a88-9434-3ce010c31b3f: start FollowerState
2019-08-29 08:46:23,418 [pool-47-thread-1] INFO  server.RaftServerConfigKeys (ConfUtils.java:logGet(43)) - raft.server.log.statemachine.data.sync.timeout = 10s (default)
2019-08-29 08:46:23,418 [pool-77-thread-1] INFO  server.RaftServerConfigKeys (ConfUtils.java:logGet(43)) - raft.server.log.preallocated.size = 16384 (custom)
2019-08-29 08:46:23,430 [pool-47-thread-1] INFO  server.RaftServerConfigKeys (ConfUtils.java:logGet(43)) - raft.server.log.statemachine.data.sync.timeout.retry = -1 (default)
2019-08-29 08:46:23,431 [pool-77-thread-1] INFO  server.RaftServerConfigKeys (ConfUtils.java:logGet(43)) - raft.server.log.write.buffer.size = 33554432 (custom)
2019-08-29 08:46:23,431 [pool-47-thread-1] INFO  server.RaftServerConfigKeys (ConfUtils.java:logGet(43)) - raft.server.log.statemachine.data.caching.enabled = true (custom)
2019-08-29 08:46:23,431 [pool-77-thread-1] INFO  server.RaftServerConfigKeys (ConfUtils.java:logGet(43)) - raft.server.log.force.sync.num = 128 (default)
2019-08-29 08:46:23,431 [pool-77-thread-1] INFO  server.RaftServerConfigKeys (ConfUtils.java:logGet(43)) - raft.server.log.statemachine.data.sync = true (default)
2019-08-29 08:46:23,431 [pool-77-thread-1] INFO  server.RaftServerConfigKeys (ConfUtils.java:logGet(43)) - raft.server.log.statemachine.data.sync.timeout = 10s (default)
2019-08-29 08:46:23,431 [pool-47-thread-1] INFO  segmented.SegmentedRaftLogWorker (SegmentedRaftLogWorker.java:lambda$new$0(132)) - e5fd3c67-4f38-41ed-8073-51136f0efc00-SegmentedRaftLogWorker:Storage Directory /workdir/hadoop-ozone/integration-test/target/test-dir/MiniOzoneClusterImpl-f455d224-3bfd-4c12-ad75-0d332897f7fa/datanode-2/data/ratis/ff970ac3-0c53-48d2-a034-d118d55fb6dd: flushIndex: setUnconditionally 0 -> -1
2019-08-29 08:46:23,432 [pool-77-thread-1] INFO  server.RaftServerConfigKeys (ConfUtils.java:logGet(43)) - raft.server.log.statemachine.data.sync.timeout.retry = -1 (default)
2019-08-29 08:46:23,432 [pool-77-thread-1] INFO  server.RaftServerConfigKeys (ConfUtils.java:logGet(43)) - raft.server.log.statemachine.data.caching.enabled = true (custom)
2019-08-29 08:46:23,432 [pool-47-thread-1] INFO  server.RaftServerConfigKeys (ConfUtils.java:logGet(43)) - raft.server.snapshot.auto.trigger.enabled = true (custom)
2019-08-29 08:46:23,432 [pool-47-thread-1] INFO  server.RaftServerConfigKeys (ConfUtils.java:logGet(43)) - raft.server.snapshot.auto.trigger.threshold = 10000 (custom)
2019-08-29 08:46:23,432 [pool-77-thread-1] INFO  segmented.SegmentedRaftLogWorker (SegmentedRaftLogWorker.java:lambda$new$0(132)) - 80032fdc-d78b-4a88-9434-3ce010c31b3f-SegmentedRaftLogWorker:Storage Directory /workdir/hadoop-ozone/integration-test/target/test-dir/MiniOzoneClusterImpl-f455d224-3bfd-4c12-ad75-0d332897f7fa/datanode-5/data/ratis/44822d36-13fe-4eb9-bc7c-0d7b84af5e6a: flushIndex: setUnconditionally 0 -> -1
2019-08-29 08:46:23,432 [pool-47-thread-1] INFO  server.RaftServerConfigKeys (ConfUtils.java:logGet(43)) - raft.server.retrycache.expirytime = 600000ms (custom)
2019-08-29 08:46:23,433 [pool-77-thread-1] INFO  server.RaftServerConfigKeys (ConfUtils.java:logGet(43)) - raft.server.snapshot.auto.trigger.enabled = true (custom)
2019-08-29 08:46:23,433 [pool-47-thread-1] INFO  impl.RaftServerImpl (RaftServerImpl.java:start(180)) - e5fd3c67-4f38-41ed-8073-51136f0efc00: start group-D32732FAAE1B
2019-08-29 08:46:23,433 [pool-77-thread-1] INFO  server.RaftServerConfigKeys (ConfUtils.java:logGet(43)) - raft.server.snapshot.auto.trigger.threshold = 10000 (custom)
2019-08-29 08:46:23,433 [pool-47-thread-1] INFO  impl.RaftServerImpl (RaftServerImpl.java:setRole(171)) - e5fd3c67-4f38-41ed-8073-51136f0efc00:group-D32732FAAE1B changes role from null to FOLLOWER at term 0 for startAsFollower
2019-08-29 08:46:23,433 [pool-77-thread-1] INFO  server.RaftServerConfigKeys (ConfUtils.java:logGet(43)) - raft.server.retrycache.expirytime = 600000ms (custom)
2019-08-29 08:46:23,433 [pool-47-thread-1] INFO  impl.RoleInfo (RoleInfo.java:updateAndGet(143)) - e5fd3c67-4f38-41ed-8073-51136f0efc00: start FollowerState
2019-08-29 08:46:23,433 [pool-77-thread-1] INFO  impl.RaftServerImpl (RaftServerImpl.java:start(180)) - 80032fdc-d78b-4a88-9434-3ce010c31b3f: start group-93837B01E243
2019-08-29 08:46:23,433 [pool-77-thread-1] INFO  impl.RaftServerImpl (RaftServerImpl.java:setRole(171)) - 80032fdc-d78b-4a88-9434-3ce010c31b3f:group-93837B01E243 changes role from null to FOLLOWER at term 0 for startAsFollower
2019-08-29 08:46:23,434 [pool-77-thread-1] INFO  impl.RoleInfo (RoleInfo.java:updateAndGet(143)) - 80032fdc-d78b-4a88-9434-3ce010c31b3f: start FollowerState
2019-08-29 08:46:23,434 [pool-47-thread-1] INFO  util.JmxRegister (JmxRegister.java:tryRegister(44)) - Successfully registered JMX Bean with object name Ratis:service=RaftServer,group=group-D32732FAAE1B,id=e5fd3c67-4f38-41ed-8073-51136f0efc00
2019-08-29 08:46:23,434 [pool-77-thread-1] INFO  util.JmxRegister (JmxRegister.java:tryRegister(44)) - Successfully registered JMX Bean with object name Ratis:service=RaftServer,group=group-93837B01E243,id=80032fdc-d78b-4a88-9434-3ce010c31b3f
2019-08-29 08:46:23,436 [pool-47-thread-1] INFO  impl.RaftServerImpl (RaftServerImpl.java:<init>(93)) - e5fd3c67-4f38-41ed-8073-51136f0efc00: new RaftServerImpl for group-0D7B84AF5E6A:[80032fdc-d78b-4a88-9434-3ce010c31b3f:192.168.5.176:43754, 4204fb3a-7736-45d2-bbed-750a692783ae:192.168.5.176:46077, e5fd3c67-4f38-41ed-8073-51136f0efc00:192.168.5.176:38915] with ContainerStateMachine:uninitialized
2019-08-29 08:46:23,436 [pool-47-thread-1] INFO  server.RaftServerConfigKeys (ConfUtils.java:logGet(43)) - raft.server.rpc.timeout.min = 5s (custom)
2019-08-29 08:46:23,436 [pool-47-thread-1] INFO  server.RaftServerConfigKeys (ConfUtils.java:logGet(43)) - raft.server.rpc.timeout.max = 5200ms (custom)
2019-08-29 08:46:23,436 [pool-47-thread-1] INFO  server.RaftServerConfigKeys (ConfUtils.java:logGet(43)) - raft.server.rpcslowness.timeout = 120s (custom)
2019-08-29 08:46:23,436 [pool-47-thread-1] INFO  server.RaftServerConfigKeys (ConfUtils.java:logGet(43)) - raft.server.sleep.deviation.threshold = 300 (default)
2019-08-29 08:46:23,436 [pool-77-thread-1] INFO  impl.RaftServerImpl (RaftServerImpl.java:<init>(93)) - 80032fdc-d78b-4a88-9434-3ce010c31b3f: new RaftServerImpl for group-AAF9DEF45AC8:[80032fdc-d78b-4a88-9434-3ce010c31b3f:192.168.5.176:43754, 4204fb3a-7736-45d2-bbed-750a692783ae:192.168.5.176:46077, e5fd3c67-4f38-41ed-8073-51136f0efc00:192.168.5.176:38915] with ContainerStateMachine:uninitialized
2019-08-29 08:46:23,436 [pool-47-thread-1] INFO  server.RaftServerConfigKeys (ConfUtils.java:logGet(43)) - raft.server.log.appender.install.snapshot.enabled = false (custom)
2019-08-29 08:46:23,437 [pool-77-thread-1] INFO  server.RaftServerConfigKeys (ConfUtils.java:logGet(43)) - raft.server.rpc.timeout.min = 5s (custom)
2019-08-29 08:46:23,437 [pool-47-thread-1] INFO  impl.RaftServerImpl (ServerState.java:<init>(105)) - e5fd3c67-4f38-41ed-8073-51136f0efc00:group-0D7B84AF5E6A ConfigurationManager, init=-1: [80032fdc-d78b-4a88-9434-3ce010c31b3f:192.168.5.176:43754, 4204fb3a-7736-45d2-bbed-750a692783ae:192.168.5.176:46077, e5fd3c67-4f38-41ed-8073-51136f0efc00:192.168.5.176:38915], old=null, confs=<EMPTY_MAP>
2019-08-29 08:46:23,437 [pool-77-thread-1] INFO  server.RaftServerConfigKeys (ConfUtils.java:logGet(43)) - raft.server.rpc.timeout.max = 5200ms (custom)
2019-08-29 08:46:23,437 [pool-47-thread-1] INFO  server.RaftServerConfigKeys (ConfUtils.java:logGet(43)) - raft.server.storage.dir = [/workdir/hadoop-ozone/integration-test/target/test-dir/MiniOzoneClusterImpl-f455d224-3bfd-4c12-ad75-0d332897f7fa/datanode-2/data/ratis] (custom)
2019-08-29 08:46:23,437 [pool-77-thread-1] INFO  server.RaftServerConfigKeys (ConfUtils.java:logGet(43)) - raft.server.rpcslowness.timeout = 120s (custom)
2019-08-29 08:46:23,437 [pool-77-thread-1] INFO  server.RaftServerConfigKeys (ConfUtils.java:logGet(43)) - raft.server.sleep.deviation.threshold = 300 (default)
2019-08-29 08:46:23,437 [pool-77-thread-1] INFO  server.RaftServerConfigKeys (ConfUtils.java:logGet(43)) - raft.server.log.appender.install.snapshot.enabled = false (custom)
2019-08-29 08:46:23,437 [pool-47-thread-1] INFO  storage.RaftStorageDirectory (RaftStorageDirectory.java:analyzeStorage(246)) - The storage directory /workdir/hadoop-ozone/integration-test/target/test-dir/MiniOzoneClusterImpl-f455d224-3bfd-4c12-ad75-0d332897f7fa/datanode-2/data/ratis/44822d36-13fe-4eb9-bc7c-0d7b84af5e6a does not exist. Creating ...
2019-08-29 08:46:23,438 [pool-77-thread-1] INFO  impl.RaftServerImpl (ServerState.java:<init>(105)) - 80032fdc-d78b-4a88-9434-3ce010c31b3f:group-AAF9DEF45AC8 ConfigurationManager, init=-1: [80032fdc-d78b-4a88-9434-3ce010c31b3f:192.168.5.176:43754, 4204fb3a-7736-45d2-bbed-750a692783ae:192.168.5.176:46077, e5fd3c67-4f38-41ed-8073-51136f0efc00:192.168.5.176:38915], old=null, confs=<EMPTY_MAP>
2019-08-29 08:46:23,438 [pool-77-thread-1] INFO  server.RaftServerConfigKeys (ConfUtils.java:logGet(43)) - raft.server.storage.dir = [/workdir/hadoop-ozone/integration-test/target/test-dir/MiniOzoneClusterImpl-f455d224-3bfd-4c12-ad75-0d332897f7fa/datanode-5/data/ratis] (custom)
2019-08-29 08:46:23,438 [pool-77-thread-1] INFO  storage.RaftStorageDirectory (RaftStorageDirectory.java:analyzeStorage(246)) - The storage directory /workdir/hadoop-ozone/integration-test/target/test-dir/MiniOzoneClusterImpl-f455d224-3bfd-4c12-ad75-0d332897f7fa/datanode-5/data/ratis/49a53a7a-3fcd-4f56-a592-aaf9def45ac8 does not exist. Creating ...
2019-08-29 08:46:23,455 | INFO  | SCMAudit | user=jenkins1000 | ip=192.168.5.176 | op=SEND_HEARTBEAT {datanodeUUID=73bbc9c5-70f7-4fc8-a304-e36fb1a7c836, command=[]} | ret=SUCCESS |  
2019-08-29 08:46:23,533 | INFO  | SCMAudit | user=jenkins1000 | ip=192.168.5.176 | op=SEND_HEARTBEAT {datanodeUUID=4204fb3a-7736-45d2-bbed-750a692783ae, command=[]} | ret=SUCCESS |  
2019-08-29 08:46:23,533 [RATISCREATEPIPELINE3] ERROR pipeline.RatisPipelineProvider (RatisPipelineProvider.java:lambda$null$5(235)) - Failed invoke Ratis rpc org.apache.hadoop.hdds.scm.pipeline.RatisPipelineProvider$$Lambda$187/1505492594@4375d28 for e5fd3c67-4f38-41ed-8073-51136f0efc00
org.apache.ratis.protocol.TimeoutIOException: deadline exceeded after 2997909170ns
	at org.apache.ratis.grpc.GrpcUtil.tryUnwrapException(GrpcUtil.java:82)
	at org.apache.ratis.grpc.GrpcUtil.unwrapException(GrpcUtil.java:75)
	at org.apache.ratis.grpc.client.GrpcClientProtocolClient.blockingCall(GrpcClientProtocolClient.java:169)
	at org.apache.ratis.grpc.client.GrpcClientProtocolClient.groupAdd(GrpcClientProtocolClient.java:138)
	at org.apache.ratis.grpc.client.GrpcClientRpc.sendRequest(GrpcClientRpc.java:94)
	at org.apache.ratis.client.impl.RaftClientImpl.sendRequest(RaftClientImpl.java:279)
	at org.apache.ratis.client.impl.RaftClientImpl.groupAdd(RaftClientImpl.java:206)
	at org.apache.hadoop.hdds.scm.pipeline.RatisPipelineProvider.lambda$initializePipeline$4(RatisPipelineProvider.java:194)
	at org.apache.hadoop.hdds.scm.pipeline.RatisPipelineProvider.lambda$null$5(RatisPipelineProvider.java:231)
	at java.util.stream.ForEachOps$ForEachOp$OfRef.accept(ForEachOps.java:184)
	at java.util.ArrayList$ArrayListSpliterator.forEachRemaining(ArrayList.java:1382)
	at java.util.stream.AbstractPipeline.copyInto(AbstractPipeline.java:482)
	at java.util.stream.ForEachOps$ForEachTask.compute(ForEachOps.java:291)
	at java.util.concurrent.CountedCompleter.exec(CountedCompleter.java:731)
	at java.util.concurrent.ForkJoinTask.doExec(ForkJoinTask.java:289)
	at java.util.concurrent.ForkJoinPool$WorkQueue.runTask(ForkJoinPool.java:1056)
	at java.util.concurrent.ForkJoinPool.runWorker(ForkJoinPool.java:1692)
	at java.util.concurrent.ForkJoinWorkerThread.run(ForkJoinWorkerThread.java:157)
Caused by: org.apache.ratis.thirdparty.io.grpc.StatusRuntimeException: DEADLINE_EXCEEDED: deadline exceeded after 2997909170ns
	at org.apache.ratis.thirdparty.io.grpc.stub.ClientCalls.toStatusRuntimeException(ClientCalls.java:233)
	at org.apache.ratis.thirdparty.io.grpc.stub.ClientCalls.getUnchecked(ClientCalls.java:214)
	at org.apache.ratis.thirdparty.io.grpc.stub.ClientCalls.blockingUnaryCall(ClientCalls.java:139)
	at org.apache.ratis.proto.grpc.AdminProtocolServiceGrpc$AdminProtocolServiceBlockingStub.groupManagement(AdminProtocolServiceGrpc.java:274)
	at org.apache.ratis.grpc.client.GrpcClientProtocolClient.lambda$groupAdd$3(GrpcClientProtocolClient.java:140)
	at org.apache.ratis.grpc.client.GrpcClientProtocolClient.blockingCall(GrpcClientProtocolClient.java:167)
	... 15 more
2019-08-29 08:46:23,535 [RATISCREATEPIPELINE1] ERROR pipeline.RatisPipelineProvider (RatisPipelineProvider.java:lambda$null$5(235)) - Failed invoke Ratis rpc org.apache.hadoop.hdds.scm.pipeline.RatisPipelineProvider$$Lambda$187/1505492594@4375d28 for 4204fb3a-7736-45d2-bbed-750a692783ae
org.apache.ratis.protocol.TimeoutIOException: deadline exceeded after 2999840116ns
	at org.apache.ratis.grpc.GrpcUtil.tryUnwrapException(GrpcUtil.java:82)
	at org.apache.ratis.grpc.GrpcUtil.unwrapException(GrpcUtil.java:75)
	at org.apache.ratis.grpc.client.GrpcClientProtocolClient.blockingCall(GrpcClientProtocolClient.java:169)
	at org.apache.ratis.grpc.client.GrpcClientProtocolClient.groupAdd(GrpcClientProtocolClient.java:138)
	at org.apache.ratis.grpc.client.GrpcClientRpc.sendRequest(GrpcClientRpc.java:94)
	at org.apache.ratis.client.impl.RaftClientImpl.sendRequest(RaftClientImpl.java:279)
	at org.apache.ratis.client.impl.RaftClientImpl.groupAdd(RaftClientImpl.java:206)
	at org.apache.hadoop.hdds.scm.pipeline.RatisPipelineProvider.lambda$initializePipeline$4(RatisPipelineProvider.java:194)
	at org.apache.hadoop.hdds.scm.pipeline.RatisPipelineProvider.lambda$null$5(RatisPipelineProvider.java:231)
	at java.util.stream.ForEachOps$ForEachOp$OfRef.accept(ForEachOps.java:184)
	at java.util.ArrayList$ArrayListSpliterator.forEachRemaining(ArrayList.java:1382)
	at java.util.stream.AbstractPipeline.copyInto(AbstractPipeline.java:482)
	at java.util.stream.ForEachOps$ForEachTask.compute(ForEachOps.java:291)
	at java.util.concurrent.CountedCompleter.exec(CountedCompleter.java:731)
	at java.util.concurrent.ForkJoinTask.doExec(ForkJoinTask.java:289)
	at java.util.concurrent.ForkJoinTask.doInvoke(ForkJoinTask.java:401)
	at java.util.concurrent.ForkJoinTask.invoke(ForkJoinTask.java:734)
	at java.util.stream.ForEachOps$ForEachOp.evaluateParallel(ForEachOps.java:160)
	at java.util.stream.ForEachOps$ForEachOp$OfRef.evaluateParallel(ForEachOps.java:174)
	at java.util.stream.AbstractPipeline.evaluate(AbstractPipeline.java:233)
	at java.util.stream.ReferencePipeline.forEach(ReferencePipeline.java:418)
	at java.util.stream.ReferencePipeline$Head.forEach(ReferencePipeline.java:583)
	at org.apache.hadoop.hdds.scm.pipeline.RatisPipelineProvider.lambda$callRatisRpc$6(RatisPipelineProvider.java:225)
	at java.util.concurrent.ForkJoinTask$AdaptedRunnableAction.exec(ForkJoinTask.java:1386)
	at java.util.concurrent.ForkJoinTask.doExec(ForkJoinTask.java:289)
	at java.util.concurrent.ForkJoinPool$WorkQueue.runTask(ForkJoinPool.java:1056)
	at java.util.concurrent.ForkJoinPool.runWorker(ForkJoinPool.java:1692)
	at java.util.concurrent.ForkJoinWorkerThread.run(ForkJoinWorkerThread.java:157)
Caused by: org.apache.ratis.thirdparty.io.grpc.StatusRuntimeException: DEADLINE_EXCEEDED: deadline exceeded after 2999840116ns
	at org.apache.ratis.thirdparty.io.grpc.stub.ClientCalls.toStatusRuntimeException(ClientCalls.java:233)
	at org.apache.ratis.thirdparty.io.grpc.stub.ClientCalls.getUnchecked(ClientCalls.java:214)
	at org.apache.ratis.thirdparty.io.grpc.stub.ClientCalls.blockingUnaryCall(ClientCalls.java:139)
	at org.apache.ratis.proto.grpc.AdminProtocolServiceGrpc$AdminProtocolServiceBlockingStub.groupManagement(AdminProtocolServiceGrpc.java:274)
	at org.apache.ratis.grpc.client.GrpcClientProtocolClient.lambda$groupAdd$3(GrpcClientProtocolClient.java:140)
	at org.apache.ratis.grpc.client.GrpcClientProtocolClient.blockingCall(GrpcClientProtocolClient.java:167)
	... 25 more
2019-08-29 08:46:23,535 [RATISCREATEPIPELINE2] ERROR pipeline.RatisPipelineProvider (RatisPipelineProvider.java:lambda$null$5(235)) - Failed invoke Ratis rpc org.apache.hadoop.hdds.scm.pipeline.RatisPipelineProvider$$Lambda$187/1505492594@4375d28 for 80032fdc-d78b-4a88-9434-3ce010c31b3f
org.apache.ratis.protocol.TimeoutIOException: deadline exceeded after 2999830195ns
	at org.apache.ratis.grpc.GrpcUtil.tryUnwrapException(GrpcUtil.java:82)
	at org.apache.ratis.grpc.GrpcUtil.unwrapException(GrpcUtil.java:75)
	at org.apache.ratis.grpc.client.GrpcClientProtocolClient.blockingCall(GrpcClientProtocolClient.java:169)
	at org.apache.ratis.grpc.client.GrpcClientProtocolClient.groupAdd(GrpcClientProtocolClient.java:138)
	at org.apache.ratis.grpc.client.GrpcClientRpc.sendRequest(GrpcClientRpc.java:94)
	at org.apache.ratis.client.impl.RaftClientImpl.sendRequest(RaftClientImpl.java:279)
	at org.apache.ratis.client.impl.RaftClientImpl.groupAdd(RaftClientImpl.java:206)
	at org.apache.hadoop.hdds.scm.pipeline.RatisPipelineProvider.lambda$initializePipeline$4(RatisPipelineProvider.java:194)
	at org.apache.hadoop.hdds.scm.pipeline.RatisPipelineProvider.lambda$null$5(RatisPipelineProvider.java:231)
	at java.util.stream.ForEachOps$ForEachOp$OfRef.accept(ForEachOps.java:184)
	at java.util.ArrayList$ArrayListSpliterator.forEachRemaining(ArrayList.java:1382)
	at java.util.stream.AbstractPipeline.copyInto(AbstractPipeline.java:482)
	at java.util.stream.ForEachOps$ForEachTask.compute(ForEachOps.java:291)
	at java.util.concurrent.CountedCompleter.exec(CountedCompleter.java:731)
	at java.util.concurrent.ForkJoinTask.doExec(ForkJoinTask.java:289)
	at java.util.concurrent.ForkJoinPool$WorkQueue.runTask(ForkJoinPool.java:1056)
	at java.util.concurrent.ForkJoinPool.runWorker(ForkJoinPool.java:1692)
	at java.util.concurrent.ForkJoinWorkerThread.run(ForkJoinWorkerThread.java:157)
Caused by: org.apache.ratis.thirdparty.io.grpc.StatusRuntimeException: DEADLINE_EXCEEDED: deadline exceeded after 2999830195ns
	at org.apache.ratis.thirdparty.io.grpc.stub.ClientCalls.toStatusRuntimeException(ClientCalls.java:233)
	at org.apache.ratis.thirdparty.io.grpc.stub.ClientCalls.getUnchecked(ClientCalls.java:214)
	at org.apache.ratis.thirdparty.io.grpc.stub.ClientCalls.blockingUnaryCall(ClientCalls.java:139)
	at org.apache.ratis.proto.grpc.AdminProtocolServiceGrpc$AdminProtocolServiceBlockingStub.groupManagement(AdminProtocolServiceGrpc.java:274)
	at org.apache.ratis.grpc.client.GrpcClientProtocolClient.lambda$groupAdd$3(GrpcClientProtocolClient.java:140)
	at org.apache.ratis.grpc.client.GrpcClientProtocolClient.blockingCall(GrpcClientProtocolClient.java:167)
	... 15 more
2019-08-29 08:46:23,545 [IPC Server handler 4 on 43221] WARN  block.BlockManagerImpl (BlockManagerImpl.java:allocateBlock(192)) - Pipeline creation failed for type:RATIS factor:THREE. Retrying get pipelines call once.
org.apache.hadoop.io.MultipleIOException: 3 exceptions [java.io.IOException: Failed invoke Ratis rpc org.apache.hadoop.hdds.scm.pipeline.RatisPipelineProvider$$Lambda$187/1505492594@4375d28 for e5fd3c67-4f38-41ed-8073-51136f0efc00, java.io.IOException: Failed invoke Ratis rpc org.apache.hadoop.hdds.scm.pipeline.RatisPipelineProvider$$Lambda$187/1505492594@4375d28 for 4204fb3a-7736-45d2-bbed-750a692783ae, java.io.IOException: Failed invoke Ratis rpc org.apache.hadoop.hdds.scm.pipeline.RatisPipelineProvider$$Lambda$187/1505492594@4375d28 for 80032fdc-d78b-4a88-9434-3ce010c31b3f]
	at org.apache.hadoop.io.MultipleIOException.createIOException(MultipleIOException.java:53)
	at org.apache.hadoop.hdds.scm.pipeline.RatisPipelineProvider.callRatisRpc(RatisPipelineProvider.java:251)
	at org.apache.hadoop.hdds.scm.pipeline.RatisPipelineProvider.initializePipeline(RatisPipelineProvider.java:192)
	at org.apache.hadoop.hdds.scm.pipeline.RatisPipelineProvider.create(RatisPipelineProvider.java:161)
	at org.apache.hadoop.hdds.scm.pipeline.PipelineFactory.create(PipelineFactory.java:57)
	at org.apache.hadoop.hdds.scm.pipeline.SCMPipelineManager.createPipeline(SCMPipelineManager.java:149)
	at org.apache.hadoop.hdds.scm.block.BlockManagerImpl.allocateBlock(BlockManagerImpl.java:190)
	at org.apache.hadoop.hdds.scm.server.SCMBlockProtocolServer.allocateBlock(SCMBlockProtocolServer.java:175)
	at org.apache.hadoop.ozone.protocolPB.ScmBlockLocationProtocolServerSideTranslatorPB.allocateScmBlock(ScmBlockLocationProtocolServerSideTranslatorPB.java:153)
	at org.apache.hadoop.ozone.protocolPB.ScmBlockLocationProtocolServerSideTranslatorPB.send(ScmBlockLocationProtocolServerSideTranslatorPB.java:112)
	at org.apache.hadoop.hdds.protocol.proto.ScmBlockLocationProtocolProtos$ScmBlockLocationProtocolService$2.callBlockingMethod(ScmBlockLocationProtocolProtos.java:13157)
	at org.apache.hadoop.ipc.ProtobufRpcEngine$Server$ProtoBufRpcInvoker.call(ProtobufRpcEngine.java:524)
	at org.apache.hadoop.ipc.RPC$Server.call(RPC.java:1025)
	at org.apache.hadoop.ipc.Server$RpcCall.run(Server.java:876)
	at org.apache.hadoop.ipc.Server$RpcCall.run(Server.java:822)
	at java.security.AccessController.doPrivileged(Native Method)
	at javax.security.auth.Subject.doAs(Subject.java:422)
	at org.apache.hadoop.security.UserGroupInformation.doAs(UserGroupInformation.java:1730)
	at org.apache.hadoop.ipc.Server$Handler.run(Server.java:2682)
2019-08-29 08:46:23,545 [IPC Server handler 4 on 43221] INFO  block.BlockManagerImpl (BlockManagerImpl.java:allocateBlock(198)) - Could not find available pipeline of type:RATIS and factor:THREE even after retrying
2019-08-29 08:46:23,546 [IPC Server handler 4 on 43221] ERROR block.BlockManagerImpl (BlockManagerImpl.java:allocateBlock(222)) - Unable to allocate a block for the size: 4194304, type: RATIS, factor: THREE
2019-08-29 08:46:23,559 [grpc-default-executor-3] INFO  impl.RaftServerProxy (RaftServerProxy.java:addNew(89)) - 4204fb3a-7736-45d2-bbed-750a692783ae: addNew group-70BE6E54A83A:[80032fdc-d78b-4a88-9434-3ce010c31b3f:192.168.5.176:43754, 4204fb3a-7736-45d2-bbed-750a692783ae:192.168.5.176:46077, e5fd3c67-4f38-41ed-8073-51136f0efc00:192.168.5.176:38915] returns group-70BE6E54A83A:java.util.concurrent.CompletableFuture@17e4b4f8[Not completed]
2019-08-29 08:46:23,559 [grpc-default-executor-1] INFO  impl.RaftServerProxy (RaftServerProxy.java:addNew(89)) - 80032fdc-d78b-4a88-9434-3ce010c31b3f: addNew group-70BE6E54A83A:[80032fdc-d78b-4a88-9434-3ce010c31b3f:192.168.5.176:43754, 4204fb3a-7736-45d2-bbed-750a692783ae:192.168.5.176:46077, e5fd3c67-4f38-41ed-8073-51136f0efc00:192.168.5.176:38915] returns group-70BE6E54A83A:java.util.concurrent.CompletableFuture@54bf2e23[Not completed]
2019-08-29 08:46:23,560 [grpc-default-executor-5] INFO  impl.RaftServerProxy (RaftServerProxy.java:addNew(89)) - e5fd3c67-4f38-41ed-8073-51136f0efc00: addNew group-70BE6E54A83A:[80032fdc-d78b-4a88-9434-3ce010c31b3f:192.168.5.176:43754, 4204fb3a-7736-45d2-bbed-750a692783ae:192.168.5.176:46077, e5fd3c67-4f38-41ed-8073-51136f0efc00:192.168.5.176:38915] returns group-70BE6E54A83A:java.util.concurrent.CompletableFuture@50f7823f[Not completed]
2019-08-29 08:46:23,619 | INFO  | SCMAudit | user=jenkins1000 | ip=192.168.5.176 | op=SEND_HEARTBEAT {datanodeUUID=e5fd3c67-4f38-41ed-8073-51136f0efc00, command=[]} | ret=SUCCESS |  
2019-08-29 08:46:24,125 | INFO  | SCMAudit | user=jenkins1000 | ip=192.168.5.176 | op=SEND_HEARTBEAT {datanodeUUID=3bbb20a1-a78a-49aa-a207-aa74965bf29c, command=[]} | ret=SUCCESS |  
2019-08-29 08:46:24,128 | INFO  | SCMAudit | user=jenkins1000 | ip=192.168.5.176 | op=SEND_HEARTBEAT {datanodeUUID=08d23bb8-f649-4ebd-a9a9-bbfd5b766034, command=[]} | ret=SUCCESS |  
2019-08-29 08:46:24,132 | INFO  | SCMAudit | user=jenkins1000 | ip=192.168.5.176 | op=SEND_HEARTBEAT {datanodeUUID=80032fdc-d78b-4a88-9434-3ce010c31b3f, command=[]} | ret=SUCCESS |  
2019-08-29 08:46:24,175 [Thread-342] INFO  impl.FollowerState (FollowerState.java:run(106)) - 80032fdc-d78b-4a88-9434-3ce010c31b3f:group-2A4272E51C55 changes to CANDIDATE, lastRpcTime:5085, electionTimeout:5085ms
2019-08-29 08:46:24,175 [Thread-342] INFO  impl.RoleInfo (RoleInfo.java:shutdownFollowerState(121)) - 80032fdc-d78b-4a88-9434-3ce010c31b3f: shutdown FollowerState
2019-08-29 08:46:24,175 [Thread-342] INFO  impl.RaftServerImpl (RaftServerImpl.java:setRole(171)) - 80032fdc-d78b-4a88-9434-3ce010c31b3f:group-2A4272E51C55 changes role from FOLLOWER to CANDIDATE at term 0 for changeToCandidate
2019-08-29 08:46:24,175 [Thread-342] INFO  impl.RoleInfo (RoleInfo.java:updateAndGet(143)) - 80032fdc-d78b-4a88-9434-3ce010c31b3f: start LeaderElection
2019-08-29 08:46:24,220 | INFO  | SCMAudit | user=jenkins1000 | ip=192.168.5.176 | op=SEND_HEARTBEAT {datanodeUUID=90f684eb-7c4f-41ac-bd9b-a2bcab6fa083, command=[]} | ret=SUCCESS |  
2019-08-29 08:46:24,455 | INFO  | SCMAudit | user=jenkins1000 | ip=192.168.5.176 | op=SEND_HEARTBEAT {datanodeUUID=73bbc9c5-70f7-4fc8-a304-e36fb1a7c836, command=[]} | ret=SUCCESS |  
2019-08-29 08:46:24,536 | INFO  | SCMAudit | user=jenkins1000 | ip=192.168.5.176 | op=SEND_HEARTBEAT {datanodeUUID=4204fb3a-7736-45d2-bbed-750a692783ae, command=[]} | ret=SUCCESS |  
2019-08-29 08:46:24,619 | INFO  | SCMAudit | user=jenkins1000 | ip=192.168.5.176 | op=SEND_HEARTBEAT {datanodeUUID=e5fd3c67-4f38-41ed-8073-51136f0efc00, command=[]} | ret=SUCCESS |  
2019-08-29 08:46:24,641 [pool-77-thread-1] INFO  storage.RaftStorageDirectory (RaftStorageDirectory.java:tryLock(328)) - Lock on /workdir/hadoop-ozone/integration-test/target/test-dir/MiniOzoneClusterImpl-f455d224-3bfd-4c12-ad75-0d332897f7fa/datanode-5/data/ratis/49a53a7a-3fcd-4f56-a592-aaf9def45ac8/in_use.lock acquired by nodename 29754@pr-hdds-1909-44d2n-1519487446
2019-08-29 08:46:24,641 [pool-47-thread-1] INFO  storage.RaftStorageDirectory (RaftStorageDirectory.java:tryLock(328)) - Lock on /workdir/hadoop-ozone/integration-test/target/test-dir/MiniOzoneClusterImpl-f455d224-3bfd-4c12-ad75-0d332897f7fa/datanode-2/data/ratis/44822d36-13fe-4eb9-bc7c-0d7b84af5e6a/in_use.lock acquired by nodename 29754@pr-hdds-1909-44d2n-1519487446
2019-08-29 08:46:24,641 [pool-37-thread-1] INFO  storage.RaftStorage (RaftStorage.java:format(72)) - Storage directory /workdir/hadoop-ozone/integration-test/target/test-dir/MiniOzoneClusterImpl-f455d224-3bfd-4c12-ad75-0d332897f7fa/datanode-1/data/ratis/44822d36-13fe-4eb9-bc7c-0d7b84af5e6a has been successfully formatted.
2019-08-29 08:46:24,642 [pool-37-thread-1] INFO  ratis.ContainerStateMachine (ContainerStateMachine.java:loadSnapshot(227)) - group-0D7B84AF5E6A: The snapshot info is null. Setting the last applied indexto:(t:0, i:~)
2019-08-29 08:46:24,642 [pool-37-thread-1] INFO  server.RaftServerConfigKeys (ConfUtils.java:logGet(43)) - raft.server.leader.election.timeout = 120s (custom)
2019-08-29 08:46:24,643 [pool-37-thread-1] INFO  server.RaftServerConfigKeys (ConfUtils.java:logGet(43)) - raft.server.log.use.memory = false (default)
2019-08-29 08:46:24,643 [pool-37-thread-1] INFO  server.RaftServerConfigKeys (ConfUtils.java:logGet(43)) - raft.server.log.purge.gap = 1000000 (custom)
2019-08-29 08:46:24,643 [pool-37-thread-1] INFO  server.RaftServerConfigKeys (ConfUtils.java:logGet(43)) - raft.server.log.appender.buffer.byte-limit = 33554432 (custom)
2019-08-29 08:46:24,643 [pool-37-thread-1] INFO  server.RaftServerConfigKeys (ConfUtils.java:logGet(43)) - raft.server.log.segment.size.max = 1048576 (custom)
2019-08-29 08:46:24,643 [pool-37-thread-1] INFO  server.RaftServerConfigKeys (ConfUtils.java:logGet(43)) - raft.server.log.segment.cache.num.max = 2 (custom)
2019-08-29 08:46:24,643 [pool-37-thread-1] INFO  segmented.SegmentedRaftLogWorker (SegmentedRaftLogWorker.java:<init>(172)) - new 4204fb3a-7736-45d2-bbed-750a692783ae-SegmentedRaftLogWorker:Storage Directory /workdir/hadoop-ozone/integration-test/target/test-dir/MiniOzoneClusterImpl-f455d224-3bfd-4c12-ad75-0d332897f7fa/datanode-1/data/ratis/44822d36-13fe-4eb9-bc7c-0d7b84af5e6a for RaftStorage:Storage Directory /workdir/hadoop-ozone/integration-test/target/test-dir/MiniOzoneClusterImpl-f455d224-3bfd-4c12-ad75-0d332897f7fa/datanode-1/data/ratis/44822d36-13fe-4eb9-bc7c-0d7b84af5e6a
2019-08-29 08:46:24,643 [pool-37-thread-1] INFO  server.RaftServerConfigKeys (ConfUtils.java:logGet(43)) - raft.server.log.queue.byte-limit = 2147483647 (custom)
2019-08-29 08:46:24,643 [pool-37-thread-1] INFO  server.RaftServerConfigKeys (ConfUtils.java:logGet(43)) - raft.server.log.queue.element-limit = 1024 (custom)
2019-08-29 08:46:24,644 [pool-37-thread-1] INFO  server.RaftServerConfigKeys (ConfUtils.java:logGet(43)) - raft.server.log.segment.size.max = 1048576 (custom)
2019-08-29 08:46:24,644 [pool-37-thread-1] INFO  server.RaftServerConfigKeys (ConfUtils.java:logGet(43)) - raft.server.log.preallocated.size = 16384 (custom)
2019-08-29 08:46:24,644 [pool-37-thread-1] INFO  server.RaftServerConfigKeys (ConfUtils.java:logGet(43)) - raft.server.log.write.buffer.size = 33554432 (custom)
2019-08-29 08:46:24,644 [pool-37-thread-1] INFO  server.RaftServerConfigKeys (ConfUtils.java:logGet(43)) - raft.server.log.force.sync.num = 128 (default)
2019-08-29 08:46:24,644 [pool-37-thread-1] INFO  server.RaftServerConfigKeys (ConfUtils.java:logGet(43)) - raft.server.log.statemachine.data.sync = true (default)
2019-08-29 08:46:24,644 [pool-37-thread-1] INFO  server.RaftServerConfigKeys (ConfUtils.java:logGet(43)) - raft.server.log.statemachine.data.sync.timeout = 10s (default)
2019-08-29 08:46:24,644 [pool-37-thread-1] INFO  server.RaftServerConfigKeys (ConfUtils.java:logGet(43)) - raft.server.log.statemachine.data.sync.timeout.retry = -1 (default)
2019-08-29 08:46:24,644 [pool-37-thread-1] INFO  server.RaftServerConfigKeys (ConfUtils.java:logGet(43)) - raft.server.log.statemachine.data.caching.enabled = true (custom)
2019-08-29 08:46:24,645 [pool-37-thread-1] INFO  segmented.SegmentedRaftLogWorker (SegmentedRaftLogWorker.java:lambda$new$0(132)) - 4204fb3a-7736-45d2-bbed-750a692783ae-SegmentedRaftLogWorker:Storage Directory /workdir/hadoop-ozone/integration-test/target/test-dir/MiniOzoneClusterImpl-f455d224-3bfd-4c12-ad75-0d332897f7fa/datanode-1/data/ratis/44822d36-13fe-4eb9-bc7c-0d7b84af5e6a: flushIndex: setUnconditionally 0 -> -1
2019-08-29 08:46:24,645 [pool-37-thread-1] INFO  server.RaftServerConfigKeys (ConfUtils.java:logGet(43)) - raft.server.snapshot.auto.trigger.enabled = true (custom)
2019-08-29 08:46:24,645 [pool-37-thread-1] INFO  server.RaftServerConfigKeys (ConfUtils.java:logGet(43)) - raft.server.snapshot.auto.trigger.threshold = 10000 (custom)
2019-08-29 08:46:24,645 [pool-37-thread-1] INFO  server.RaftServerConfigKeys (ConfUtils.java:logGet(43)) - raft.server.retrycache.expirytime = 600000ms (custom)
2019-08-29 08:46:24,647 [pool-37-thread-1] INFO  impl.RaftServerImpl (RaftServerImpl.java:<init>(93)) - 4204fb3a-7736-45d2-bbed-750a692783ae: new RaftServerImpl for group-AAF9DEF45AC8:[80032fdc-d78b-4a88-9434-3ce010c31b3f:192.168.5.176:43754, 4204fb3a-7736-45d2-bbed-750a692783ae:192.168.5.176:46077, e5fd3c67-4f38-41ed-8073-51136f0efc00:192.168.5.176:38915] with ContainerStateMachine:uninitialized
2019-08-29 08:46:24,647 [pool-37-thread-1] INFO  server.RaftServerConfigKeys (ConfUtils.java:logGet(43)) - raft.server.rpc.timeout.min = 5s (custom)
2019-08-29 08:46:24,647 [pool-37-thread-1] INFO  server.RaftServerConfigKeys (ConfUtils.java:logGet(43)) - raft.server.rpc.timeout.max = 5200ms (custom)
2019-08-29 08:46:24,647 [pool-37-thread-1] INFO  server.RaftServerConfigKeys (ConfUtils.java:logGet(43)) - raft.server.rpcslowness.timeout = 120s (custom)
2019-08-29 08:46:24,647 [pool-37-thread-1] INFO  server.RaftServerConfigKeys (ConfUtils.java:logGet(43)) - raft.server.sleep.deviation.threshold = 300 (default)
2019-08-29 08:46:24,647 [pool-37-thread-1] INFO  server.RaftServerConfigKeys (ConfUtils.java:logGet(43)) - raft.server.log.appender.install.snapshot.enabled = false (custom)
2019-08-29 08:46:24,648 [pool-37-thread-1] INFO  impl.RaftServerImpl (ServerState.java:<init>(105)) - 4204fb3a-7736-45d2-bbed-750a692783ae:group-AAF9DEF45AC8 ConfigurationManager, init=-1: [80032fdc-d78b-4a88-9434-3ce010c31b3f:192.168.5.176:43754, 4204fb3a-7736-45d2-bbed-750a692783ae:192.168.5.176:46077, e5fd3c67-4f38-41ed-8073-51136f0efc00:192.168.5.176:38915], old=null, confs=<EMPTY_MAP>
2019-08-29 08:46:24,648 [pool-37-thread-1] INFO  server.RaftServerConfigKeys (ConfUtils.java:logGet(43)) - raft.server.storage.dir = [/workdir/hadoop-ozone/integration-test/target/test-dir/MiniOzoneClusterImpl-f455d224-3bfd-4c12-ad75-0d332897f7fa/datanode-1/data/ratis] (custom)
2019-08-29 08:46:24,648 [pool-37-thread-1] INFO  storage.RaftStorageDirectory (RaftStorageDirectory.java:analyzeStorage(246)) - The storage directory /workdir/hadoop-ozone/integration-test/target/test-dir/MiniOzoneClusterImpl-f455d224-3bfd-4c12-ad75-0d332897f7fa/datanode-1/data/ratis/49a53a7a-3fcd-4f56-a592-aaf9def45ac8 does not exist. Creating ...
2019-08-29 08:46:25,126 | INFO  | SCMAudit | user=jenkins1000 | ip=192.168.5.176 | op=SEND_HEARTBEAT {datanodeUUID=3bbb20a1-a78a-49aa-a207-aa74965bf29c, command=[]} | ret=SUCCESS |  
2019-08-29 08:46:25,128 | INFO  | SCMAudit | user=jenkins1000 | ip=192.168.5.176 | op=SEND_HEARTBEAT {datanodeUUID=08d23bb8-f649-4ebd-a9a9-bbfd5b766034, command=[]} | ret=SUCCESS |  
2019-08-29 08:46:25,133 | INFO  | SCMAudit | user=jenkins1000 | ip=192.168.5.176 | op=SEND_HEARTBEAT {datanodeUUID=80032fdc-d78b-4a88-9434-3ce010c31b3f, command=[]} | ret=SUCCESS |  
2019-08-29 08:46:25,221 | INFO  | SCMAudit | user=jenkins1000 | ip=192.168.5.176 | op=SEND_HEARTBEAT {datanodeUUID=90f684eb-7c4f-41ac-bd9b-a2bcab6fa083, command=[]} | ret=SUCCESS |  
2019-08-29 08:46:25,456 | INFO  | SCMAudit | user=jenkins1000 | ip=192.168.5.176 | op=SEND_HEARTBEAT {datanodeUUID=73bbc9c5-70f7-4fc8-a304-e36fb1a7c836, command=[]} | ret=SUCCESS |  
2019-08-29 08:46:25,534 | INFO  | SCMAudit | user=jenkins1000 | ip=192.168.5.176 | op=SEND_HEARTBEAT {datanodeUUID=4204fb3a-7736-45d2-bbed-750a692783ae, command=[]} | ret=SUCCESS |  
2019-08-29 08:46:25,573 [Thread-353] INFO  impl.FollowerState (FollowerState.java:run(106)) - 4204fb3a-7736-45d2-bbed-750a692783ae:group-2A4272E51C55 changes to CANDIDATE, lastRpcTime:5044, electionTimeout:5044ms
2019-08-29 08:46:25,577 [Thread-353] INFO  impl.RoleInfo (RoleInfo.java:shutdownFollowerState(121)) - 4204fb3a-7736-45d2-bbed-750a692783ae: shutdown FollowerState
2019-08-29 08:46:25,578 [Thread-353] INFO  impl.RaftServerImpl (RaftServerImpl.java:setRole(171)) - 4204fb3a-7736-45d2-bbed-750a692783ae:group-2A4272E51C55 changes role from FOLLOWER to CANDIDATE at term 0 for changeToCandidate
2019-08-29 08:46:25,578 [Thread-353] INFO  impl.RoleInfo (RoleInfo.java:updateAndGet(143)) - 4204fb3a-7736-45d2-bbed-750a692783ae: start LeaderElection
2019-08-29 08:46:25,619 | INFO  | SCMAudit | user=jenkins1000 | ip=192.168.5.176 | op=SEND_HEARTBEAT {datanodeUUID=e5fd3c67-4f38-41ed-8073-51136f0efc00, command=[]} | ret=SUCCESS |  
2019-08-29 08:46:25,713 [Thread-351] INFO  impl.FollowerState (FollowerState.java:run(106)) - 4204fb3a-7736-45d2-bbed-750a692783ae:group-D32732FAAE1B changes to CANDIDATE, lastRpcTime:5214, electionTimeout:5200ms
2019-08-29 08:46:25,713 [Thread-351] INFO  impl.RoleInfo (RoleInfo.java:shutdownFollowerState(121)) - 4204fb3a-7736-45d2-bbed-750a692783ae: shutdown FollowerState
2019-08-29 08:46:25,714 [Thread-351] INFO  impl.RaftServerImpl (RaftServerImpl.java:setRole(171)) - 4204fb3a-7736-45d2-bbed-750a692783ae:group-D32732FAAE1B changes role from FOLLOWER to CANDIDATE at term 2 for changeToCandidate
2019-08-29 08:46:25,714 [Thread-351] INFO  impl.RoleInfo (RoleInfo.java:updateAndGet(143)) - 4204fb3a-7736-45d2-bbed-750a692783ae: start LeaderElection
2019-08-29 08:46:26,079 [80032fdc-d78b-4a88-9434-3ce010c31b3f:group-2A4272E51C55:LeaderElection9] INFO  impl.LeaderElection (LeaderElection.java:askForVotes(181)) - 80032fdc-d78b-4a88-9434-3ce010c31b3f:group-2A4272E51C55:LeaderElection9: begin an election at term 1 for -1: [80032fdc-d78b-4a88-9434-3ce010c31b3f:192.168.5.176:43754, 4204fb3a-7736-45d2-bbed-750a692783ae:192.168.5.176:46077, e5fd3c67-4f38-41ed-8073-51136f0efc00:192.168.5.176:38915], old=null
2019-08-29 08:46:26,084 [grpc-default-executor-5] WARN  server.GrpcServerProtocolService (LogUtils.java:warn(134)) - e5fd3c67-4f38-41ed-8073-51136f0efc00: Failed requestVote 80032fdc-d78b-4a88-9434-3ce010c31b3f->e5fd3c67-4f38-41ed-8073-51136f0efc00#0: org.apache.ratis.protocol.ServerNotReadyException: Server e5fd3c67-4f38-41ed-8073-51136f0efc00 is not [RUNNING]: current state is NEW
2019-08-29 08:46:26,088 [80032fdc-d78b-4a88-9434-3ce010c31b3f:group-2A4272E51C55:LeaderElection9] INFO  impl.LeaderElection (LogUtils.java:infoOrTrace(149)) - 80032fdc-d78b-4a88-9434-3ce010c31b3f:group-2A4272E51C55:LeaderElection9 got exception when requesting votes: {}
java.util.concurrent.ExecutionException: org.apache.ratis.thirdparty.io.grpc.StatusRuntimeException: INTERNAL: Server e5fd3c67-4f38-41ed-8073-51136f0efc00 is not [RUNNING]: current state is NEW
	at java.util.concurrent.FutureTask.report(FutureTask.java:122)
	at java.util.concurrent.FutureTask.get(FutureTask.java:192)
	at org.apache.ratis.server.impl.LeaderElection.waitForResults(LeaderElection.java:262)
	at org.apache.ratis.server.impl.LeaderElection.askForVotes(LeaderElection.java:200)
	at org.apache.ratis.server.impl.LeaderElection.run(LeaderElection.java:130)
	at java.lang.Thread.run(Thread.java:748)
Caused by: org.apache.ratis.thirdparty.io.grpc.StatusRuntimeException: INTERNAL: Server e5fd3c67-4f38-41ed-8073-51136f0efc00 is not [RUNNING]: current state is NEW
	at org.apache.ratis.thirdparty.io.grpc.stub.ClientCalls.toStatusRuntimeException(ClientCalls.java:233)
	at org.apache.ratis.thirdparty.io.grpc.stub.ClientCalls.getUnchecked(ClientCalls.java:214)
	at org.apache.ratis.thirdparty.io.grpc.stub.ClientCalls.blockingUnaryCall(ClientCalls.java:139)
	at org.apache.ratis.proto.grpc.RaftServerProtocolServiceGrpc$RaftServerProtocolServiceBlockingStub.requestVote(RaftServerProtocolServiceGrpc.java:265)
	at org.apache.ratis.grpc.server.GrpcServerProtocolClient.requestVote(GrpcServerProtocolClient.java:83)
	at org.apache.ratis.grpc.server.GrpcService.requestVote(GrpcService.java:195)
	at org.apache.ratis.server.impl.LeaderElection.lambda$submitRequests$1(LeaderElection.java:237)
	at java.util.concurrent.FutureTask.run(FutureTask.java:266)
	at java.util.concurrent.Executors$RunnableAdapter.call(Executors.java:511)
	at java.util.concurrent.FutureTask.run(FutureTask.java:266)
	at java.util.concurrent.ThreadPoolExecutor.runWorker(ThreadPoolExecutor.java:1149)
	at java.util.concurrent.ThreadPoolExecutor$Worker.run(ThreadPoolExecutor.java:624)
	... 1 more
2019-08-29 08:46:26,126 | INFO  | SCMAudit | user=jenkins1000 | ip=192.168.5.176 | op=SEND_HEARTBEAT {datanodeUUID=3bbb20a1-a78a-49aa-a207-aa74965bf29c, command=[]} | ret=SUCCESS |  
2019-08-29 08:46:26,128 | INFO  | SCMAudit | user=jenkins1000 | ip=192.168.5.176 | op=SEND_HEARTBEAT {datanodeUUID=08d23bb8-f649-4ebd-a9a9-bbfd5b766034, command=[]} | ret=SUCCESS |  
2019-08-29 08:46:26,133 | INFO  | SCMAudit | user=jenkins1000 | ip=192.168.5.176 | op=SEND_HEARTBEAT {datanodeUUID=80032fdc-d78b-4a88-9434-3ce010c31b3f, command=[]} | ret=SUCCESS |  
2019-08-29 08:46:26,220 | INFO  | SCMAudit | user=jenkins1000 | ip=192.168.5.176 | op=SEND_HEARTBEAT {datanodeUUID=90f684eb-7c4f-41ac-bd9b-a2bcab6fa083, command=[]} | ret=SUCCESS |  
2019-08-29 08:46:26,456 | INFO  | SCMAudit | user=jenkins1000 | ip=192.168.5.176 | op=SEND_HEARTBEAT {datanodeUUID=73bbc9c5-70f7-4fc8-a304-e36fb1a7c836, command=[]} | ret=SUCCESS |  
2019-08-29 08:46:26,534 | INFO  | SCMAudit | user=jenkins1000 | ip=192.168.5.176 | op=SEND_HEARTBEAT {datanodeUUID=4204fb3a-7736-45d2-bbed-750a692783ae, command=[]} | ret=SUCCESS |  
2019-08-29 08:46:26,556 [RATISCREATEPIPELINE2] ERROR pipeline.RatisPipelineProvider (RatisPipelineProvider.java:lambda$null$5(235)) - Failed invoke Ratis rpc org.apache.hadoop.hdds.scm.pipeline.RatisPipelineProvider$$Lambda$187/1505492594@7e00fe02 for 80032fdc-d78b-4a88-9434-3ce010c31b3f
org.apache.ratis.protocol.TimeoutIOException: deadline exceeded after 2999758682ns
	at org.apache.ratis.grpc.GrpcUtil.tryUnwrapException(GrpcUtil.java:82)
	at org.apache.ratis.grpc.GrpcUtil.unwrapException(GrpcUtil.java:75)
	at org.apache.ratis.grpc.client.GrpcClientProtocolClient.blockingCall(GrpcClientProtocolClient.java:169)
	at org.apache.ratis.grpc.client.GrpcClientProtocolClient.groupAdd(GrpcClientProtocolClient.java:138)
	at org.apache.ratis.grpc.client.GrpcClientRpc.sendRequest(GrpcClientRpc.java:94)
	at org.apache.ratis.client.impl.RaftClientImpl.sendRequest(RaftClientImpl.java:279)
	at org.apache.ratis.client.impl.RaftClientImpl.groupAdd(RaftClientImpl.java:206)
	at org.apache.hadoop.hdds.scm.pipeline.RatisPipelineProvider.lambda$initializePipeline$4(RatisPipelineProvider.java:194)
	at org.apache.hadoop.hdds.scm.pipeline.RatisPipelineProvider.lambda$null$5(RatisPipelineProvider.java:231)
	at java.util.stream.ForEachOps$ForEachOp$OfRef.accept(ForEachOps.java:184)
	at java.util.ArrayList$ArrayListSpliterator.forEachRemaining(ArrayList.java:1382)
	at java.util.stream.AbstractPipeline.copyInto(AbstractPipeline.java:482)
	at java.util.stream.ForEachOps$ForEachTask.compute(ForEachOps.java:291)
	at java.util.concurrent.CountedCompleter.exec(CountedCompleter.java:731)
	at java.util.concurrent.ForkJoinTask.doExec(ForkJoinTask.java:289)
	at java.util.concurrent.ForkJoinPool$WorkQueue.runTask(ForkJoinPool.java:1056)
	at java.util.concurrent.ForkJoinPool.runWorker(ForkJoinPool.java:1692)
	at java.util.concurrent.ForkJoinWorkerThread.run(ForkJoinWorkerThread.java:157)
Caused by: org.apache.ratis.thirdparty.io.grpc.StatusRuntimeException: DEADLINE_EXCEEDED: deadline exceeded after 2999758682ns
	at org.apache.ratis.thirdparty.io.grpc.stub.ClientCalls.toStatusRuntimeException(ClientCalls.java:233)
	at org.apache.ratis.thirdparty.io.grpc.stub.ClientCalls.getUnchecked(ClientCalls.java:214)
	at org.apache.ratis.thirdparty.io.grpc.stub.ClientCalls.blockingUnaryCall(ClientCalls.java:139)
	at org.apache.ratis.proto.grpc.AdminProtocolServiceGrpc$AdminProtocolServiceBlockingStub.groupManagement(AdminProtocolServiceGrpc.java:274)
	at org.apache.ratis.grpc.client.GrpcClientProtocolClient.lambda$groupAdd$3(GrpcClientProtocolClient.java:140)
	at org.apache.ratis.grpc.client.GrpcClientProtocolClient.blockingCall(GrpcClientProtocolClient.java:167)
	... 15 more
2019-08-29 08:46:26,556 [RATISCREATEPIPELINE1] ERROR pipeline.RatisPipelineProvider (RatisPipelineProvider.java:lambda$null$5(235)) - Failed invoke Ratis rpc org.apache.hadoop.hdds.scm.pipeline.RatisPipelineProvider$$Lambda$187/1505492594@7e00fe02 for 4204fb3a-7736-45d2-bbed-750a692783ae
org.apache.ratis.protocol.TimeoutIOException: deadline exceeded after 2999734393ns
	at org.apache.ratis.grpc.GrpcUtil.tryUnwrapException(GrpcUtil.java:82)
	at org.apache.ratis.grpc.GrpcUtil.unwrapException(GrpcUtil.java:75)
	at org.apache.ratis.grpc.client.GrpcClientProtocolClient.blockingCall(GrpcClientProtocolClient.java:169)
	at org.apache.ratis.grpc.client.GrpcClientProtocolClient.groupAdd(GrpcClientProtocolClient.java:138)
	at org.apache.ratis.grpc.client.GrpcClientRpc.sendRequest(GrpcClientRpc.java:94)
	at org.apache.ratis.client.impl.RaftClientImpl.sendRequest(RaftClientImpl.java:279)
	at org.apache.ratis.client.impl.RaftClientImpl.groupAdd(RaftClientImpl.java:206)
	at org.apache.hadoop.hdds.scm.pipeline.RatisPipelineProvider.lambda$initializePipeline$4(RatisPipelineProvider.java:194)
	at org.apache.hadoop.hdds.scm.pipeline.RatisPipelineProvider.lambda$null$5(RatisPipelineProvider.java:231)
	at java.util.stream.ForEachOps$ForEachOp$OfRef.accept(ForEachOps.java:184)
	at java.util.ArrayList$ArrayListSpliterator.forEachRemaining(ArrayList.java:1382)
	at java.util.stream.AbstractPipeline.copyInto(AbstractPipeline.java:482)
	at java.util.stream.ForEachOps$ForEachTask.compute(ForEachOps.java:291)
	at java.util.concurrent.CountedCompleter.exec(CountedCompleter.java:731)
	at java.util.concurrent.ForkJoinTask.doExec(ForkJoinTask.java:289)
	at java.util.concurrent.ForkJoinTask.doInvoke(ForkJoinTask.java:401)
	at java.util.concurrent.ForkJoinTask.invoke(ForkJoinTask.java:734)
	at java.util.stream.ForEachOps$ForEachOp.evaluateParallel(ForEachOps.java:160)
	at java.util.stream.ForEachOps$ForEachOp$OfRef.evaluateParallel(ForEachOps.java:174)
	at java.util.stream.AbstractPipeline.evaluate(AbstractPipeline.java:233)
	at java.util.stream.ReferencePipeline.forEach(ReferencePipeline.java:418)
	at java.util.stream.ReferencePipeline$Head.forEach(ReferencePipeline.java:583)
	at org.apache.hadoop.hdds.scm.pipeline.RatisPipelineProvider.lambda$callRatisRpc$6(RatisPipelineProvider.java:225)
	at java.util.concurrent.ForkJoinTask$AdaptedRunnableAction.exec(ForkJoinTask.java:1386)
	at java.util.concurrent.ForkJoinTask.doExec(ForkJoinTask.java:289)
	at java.util.concurrent.ForkJoinPool$WorkQueue.runTask(ForkJoinPool.java:1056)
	at java.util.concurrent.ForkJoinPool.runWorker(ForkJoinPool.java:1692)
	at java.util.concurrent.ForkJoinWorkerThread.run(ForkJoinWorkerThread.java:157)
Caused by: org.apache.ratis.thirdparty.io.grpc.StatusRuntimeException: DEADLINE_EXCEEDED: deadline exceeded after 2999734393ns
	at org.apache.ratis.thirdparty.io.grpc.stub.ClientCalls.toStatusRuntimeException(ClientCalls.java:233)
	at org.apache.ratis.thirdparty.io.grpc.stub.ClientCalls.getUnchecked(ClientCalls.java:214)
	at org.apache.ratis.thirdparty.io.grpc.stub.ClientCalls.blockingUnaryCall(ClientCalls.java:139)
	at org.apache.ratis.proto.grpc.AdminProtocolServiceGrpc$AdminProtocolServiceBlockingStub.groupManagement(AdminProtocolServiceGrpc.java:274)
	at org.apache.ratis.grpc.client.GrpcClientProtocolClient.lambda$groupAdd$3(GrpcClientProtocolClient.java:140)
	at org.apache.ratis.grpc.client.GrpcClientProtocolClient.blockingCall(GrpcClientProtocolClient.java:167)
	... 25 more
2019-08-29 08:46:26,556 [RATISCREATEPIPELINE3] ERROR pipeline.RatisPipelineProvider (RatisPipelineProvider.java:lambda$null$5(235)) - Failed invoke Ratis rpc org.apache.hadoop.hdds.scm.pipeline.RatisPipelineProvider$$Lambda$187/1505492594@7e00fe02 for e5fd3c67-4f38-41ed-8073-51136f0efc00
org.apache.ratis.protocol.TimeoutIOException: deadline exceeded after 2999684232ns
	at org.apache.ratis.grpc.GrpcUtil.tryUnwrapException(GrpcUtil.java:82)
	at org.apache.ratis.grpc.GrpcUtil.unwrapException(GrpcUtil.java:75)
	at org.apache.ratis.grpc.client.GrpcClientProtocolClient.blockingCall(GrpcClientProtocolClient.java:169)
	at org.apache.ratis.grpc.client.GrpcClientProtocolClient.groupAdd(GrpcClientProtocolClient.java:138)
	at org.apache.ratis.grpc.client.GrpcClientRpc.sendRequest(GrpcClientRpc.java:94)
	at org.apache.ratis.client.impl.RaftClientImpl.sendRequest(RaftClientImpl.java:279)
	at org.apache.ratis.client.impl.RaftClientImpl.groupAdd(RaftClientImpl.java:206)
	at org.apache.hadoop.hdds.scm.pipeline.RatisPipelineProvider.lambda$initializePipeline$4(RatisPipelineProvider.java:194)
	at org.apache.hadoop.hdds.scm.pipeline.RatisPipelineProvider.lambda$null$5(RatisPipelineProvider.java:231)
	at java.util.stream.ForEachOps$ForEachOp$OfRef.accept(ForEachOps.java:184)
	at java.util.ArrayList$ArrayListSpliterator.forEachRemaining(ArrayList.java:1382)
	at java.util.stream.AbstractPipeline.copyInto(AbstractPipeline.java:482)
	at java.util.stream.ForEachOps$ForEachTask.compute(ForEachOps.java:291)
	at java.util.concurrent.CountedCompleter.exec(CountedCompleter.java:731)
	at java.util.concurrent.ForkJoinTask.doExec(ForkJoinTask.java:289)
	at java.util.concurrent.ForkJoinPool$WorkQueue.runTask(ForkJoinPool.java:1056)
	at java.util.concurrent.ForkJoinPool.runWorker(ForkJoinPool.java:1692)
	at java.util.concurrent.ForkJoinWorkerThread.run(ForkJoinWorkerThread.java:157)
Caused by: org.apache.ratis.thirdparty.io.grpc.StatusRuntimeException: DEADLINE_EXCEEDED: deadline exceeded after 2999684232ns
	at org.apache.ratis.thirdparty.io.grpc.stub.ClientCalls.toStatusRuntimeException(ClientCalls.java:233)
	at org.apache.ratis.thirdparty.io.grpc.stub.ClientCalls.getUnchecked(ClientCalls.java:214)
	at org.apache.ratis.thirdparty.io.grpc.stub.ClientCalls.blockingUnaryCall(ClientCalls.java:139)
	at org.apache.ratis.proto.grpc.AdminProtocolServiceGrpc$AdminProtocolServiceBlockingStub.groupManagement(AdminProtocolServiceGrpc.java:274)
	at org.apache.ratis.grpc.client.GrpcClientProtocolClient.lambda$groupAdd$3(GrpcClientProtocolClient.java:140)
	at org.apache.ratis.grpc.client.GrpcClientProtocolClient.blockingCall(GrpcClientProtocolClient.java:167)
	... 15 more
2019-08-29 08:46:26,561 [IPC Server handler 4 on 43221] WARN  block.BlockManagerImpl (BlockManagerImpl.java:allocateBlock(192)) - Pipeline creation failed for type:RATIS factor:THREE. Retrying get pipelines call once.
org.apache.hadoop.io.MultipleIOException: 3 exceptions [java.io.IOException: Failed invoke Ratis rpc org.apache.hadoop.hdds.scm.pipeline.RatisPipelineProvider$$Lambda$187/1505492594@7e00fe02 for 80032fdc-d78b-4a88-9434-3ce010c31b3f, java.io.IOException: Failed invoke Ratis rpc org.apache.hadoop.hdds.scm.pipeline.RatisPipelineProvider$$Lambda$187/1505492594@7e00fe02 for 4204fb3a-7736-45d2-bbed-750a692783ae, java.io.IOException: Failed invoke Ratis rpc org.apache.hadoop.hdds.scm.pipeline.RatisPipelineProvider$$Lambda$187/1505492594@7e00fe02 for e5fd3c67-4f38-41ed-8073-51136f0efc00]
	at org.apache.hadoop.io.MultipleIOException.createIOException(MultipleIOException.java:53)
	at org.apache.hadoop.hdds.scm.pipeline.RatisPipelineProvider.callRatisRpc(RatisPipelineProvider.java:251)
	at org.apache.hadoop.hdds.scm.pipeline.RatisPipelineProvider.initializePipeline(RatisPipelineProvider.java:192)
	at org.apache.hadoop.hdds.scm.pipeline.RatisPipelineProvider.create(RatisPipelineProvider.java:161)
	at org.apache.hadoop.hdds.scm.pipeline.PipelineFactory.create(PipelineFactory.java:57)
	at org.apache.hadoop.hdds.scm.pipeline.SCMPipelineManager.createPipeline(SCMPipelineManager.java:149)
	at org.apache.hadoop.hdds.scm.block.BlockManagerImpl.allocateBlock(BlockManagerImpl.java:190)
	at org.apache.hadoop.hdds.scm.server.SCMBlockProtocolServer.allocateBlock(SCMBlockProtocolServer.java:175)
	at org.apache.hadoop.ozone.protocolPB.ScmBlockLocationProtocolServerSideTranslatorPB.allocateScmBlock(ScmBlockLocationProtocolServerSideTranslatorPB.java:153)
	at org.apache.hadoop.ozone.protocolPB.ScmBlockLocationProtocolServerSideTranslatorPB.send(ScmBlockLocationProtocolServerSideTranslatorPB.java:112)
	at org.apache.hadoop.hdds.protocol.proto.ScmBlockLocationProtocolProtos$ScmBlockLocationProtocolService$2.callBlockingMethod(ScmBlockLocationProtocolProtos.java:13157)
	at org.apache.hadoop.ipc.ProtobufRpcEngine$Server$ProtoBufRpcInvoker.call(ProtobufRpcEngine.java:524)
	at org.apache.hadoop.ipc.RPC$Server.call(RPC.java:1025)
	at org.apache.hadoop.ipc.Server$RpcCall.run(Server.java:876)
	at org.apache.hadoop.ipc.Server$RpcCall.run(Server.java:822)
	at java.security.AccessController.doPrivileged(Native Method)
	at javax.security.auth.Subject.doAs(Subject.java:422)
	at org.apache.hadoop.security.UserGroupInformation.doAs(UserGroupInformation.java:1730)
	at org.apache.hadoop.ipc.Server$Handler.run(Server.java:2682)
2019-08-29 08:46:26,562 [IPC Server handler 4 on 43221] INFO  block.BlockManagerImpl (BlockManagerImpl.java:allocateBlock(198)) - Could not find available pipeline of type:RATIS and factor:THREE even after retrying
2019-08-29 08:46:26,562 [IPC Server handler 4 on 43221] ERROR block.BlockManagerImpl (BlockManagerImpl.java:allocateBlock(222)) - Unable to allocate a block for the size: 4194304, type: RATIS, factor: THREE
2019-08-29 08:46:26,574 [grpc-default-executor-5] INFO  impl.RaftServerProxy (RaftServerProxy.java:addNew(89)) - 80032fdc-d78b-4a88-9434-3ce010c31b3f: addNew group-EA5AD67A5D9E:[80032fdc-d78b-4a88-9434-3ce010c31b3f:192.168.5.176:43754, 4204fb3a-7736-45d2-bbed-750a692783ae:192.168.5.176:46077, e5fd3c67-4f38-41ed-8073-51136f0efc00:192.168.5.176:38915] returns group-EA5AD67A5D9E:java.util.concurrent.CompletableFuture@26862e22[Not completed]
2019-08-29 08:46:26,574 [grpc-default-executor-3] INFO  impl.RaftServerProxy (RaftServerProxy.java:addNew(89)) - e5fd3c67-4f38-41ed-8073-51136f0efc00: addNew group-EA5AD67A5D9E:[80032fdc-d78b-4a88-9434-3ce010c31b3f:192.168.5.176:43754, 4204fb3a-7736-45d2-bbed-750a692783ae:192.168.5.176:46077, e5fd3c67-4f38-41ed-8073-51136f0efc00:192.168.5.176:38915] returns group-EA5AD67A5D9E:java.util.concurrent.CompletableFuture@6a47007c[Not completed]
2019-08-29 08:46:26,575 [grpc-default-executor-3] INFO  impl.RaftServerProxy (RaftServerProxy.java:addNew(89)) - 4204fb3a-7736-45d2-bbed-750a692783ae: addNew group-EA5AD67A5D9E:[80032fdc-d78b-4a88-9434-3ce010c31b3f:192.168.5.176:43754, 4204fb3a-7736-45d2-bbed-750a692783ae:192.168.5.176:46077, e5fd3c67-4f38-41ed-8073-51136f0efc00:192.168.5.176:38915] returns group-EA5AD67A5D9E:java.util.concurrent.CompletableFuture@6b40ce44[Not completed]
2019-08-29 08:46:26,619 | INFO  | SCMAudit | user=jenkins1000 | ip=192.168.5.176 | op=SEND_HEARTBEAT {datanodeUUID=e5fd3c67-4f38-41ed-8073-51136f0efc00, command=[]} | ret=SUCCESS |  
2019-08-29 08:46:27,127 | INFO  | SCMAudit | user=jenkins1000 | ip=192.168.5.176 | op=SEND_HEARTBEAT {datanodeUUID=3bbb20a1-a78a-49aa-a207-aa74965bf29c, command=[]} | ret=SUCCESS |  
2019-08-29 08:46:27,128 | INFO  | SCMAudit | user=jenkins1000 | ip=192.168.5.176 | op=SEND_HEARTBEAT {datanodeUUID=08d23bb8-f649-4ebd-a9a9-bbfd5b766034, command=[]} | ret=SUCCESS |  
2019-08-29 08:46:27,133 | INFO  | SCMAudit | user=jenkins1000 | ip=192.168.5.176 | op=SEND_HEARTBEAT {datanodeUUID=80032fdc-d78b-4a88-9434-3ce010c31b3f, command=[]} | ret=SUCCESS |  
2019-08-29 08:46:27,220 | INFO  | SCMAudit | user=jenkins1000 | ip=192.168.5.176 | op=SEND_HEARTBEAT {datanodeUUID=90f684eb-7c4f-41ac-bd9b-a2bcab6fa083, command=[]} | ret=SUCCESS |  
2019-08-29 08:46:27,456 | INFO  | SCMAudit | user=jenkins1000 | ip=192.168.5.176 | op=SEND_HEARTBEAT {datanodeUUID=73bbc9c5-70f7-4fc8-a304-e36fb1a7c836, command=[]} | ret=SUCCESS |  
2019-08-29 08:46:27,509 [pool-37-thread-1] INFO  storage.RaftStorageDirectory (RaftStorageDirectory.java:tryLock(328)) - Lock on /workdir/hadoop-ozone/integration-test/target/test-dir/MiniOzoneClusterImpl-f455d224-3bfd-4c12-ad75-0d332897f7fa/datanode-1/data/ratis/49a53a7a-3fcd-4f56-a592-aaf9def45ac8/in_use.lock acquired by nodename 29754@pr-hdds-1909-44d2n-1519487446
2019-08-29 08:46:27,509 [4204fb3a-7736-45d2-bbed-750a692783ae:group-D32732FAAE1B:LeaderElection11] INFO  impl.LeaderElection (LeaderElection.java:askForVotes(181)) - 4204fb3a-7736-45d2-bbed-750a692783ae:group-D32732FAAE1B:LeaderElection11: begin an election at term 3 for -1: [80032fdc-d78b-4a88-9434-3ce010c31b3f:192.168.5.176:43754, 4204fb3a-7736-45d2-bbed-750a692783ae:192.168.5.176:46077, e5fd3c67-4f38-41ed-8073-51136f0efc00:192.168.5.176:38915], old=null
2019-08-29 08:46:27,509 [pool-77-thread-1] INFO  storage.RaftStorage (RaftStorage.java:format(72)) - Storage directory /workdir/hadoop-ozone/integration-test/target/test-dir/MiniOzoneClusterImpl-f455d224-3bfd-4c12-ad75-0d332897f7fa/datanode-5/data/ratis/49a53a7a-3fcd-4f56-a592-aaf9def45ac8 has been successfully formatted.
2019-08-29 08:46:27,509 [4204fb3a-7736-45d2-bbed-750a692783ae:group-2A4272E51C55:LeaderElection10] INFO  impl.LeaderElection (LeaderElection.java:askForVotes(181)) - 4204fb3a-7736-45d2-bbed-750a692783ae:group-2A4272E51C55:LeaderElection10: begin an election at term 1 for -1: [80032fdc-d78b-4a88-9434-3ce010c31b3f:192.168.5.176:43754, 4204fb3a-7736-45d2-bbed-750a692783ae:192.168.5.176:46077, e5fd3c67-4f38-41ed-8073-51136f0efc00:192.168.5.176:38915], old=null
2019-08-29 08:46:27,509 [pool-47-thread-1] INFO  storage.RaftStorage (RaftStorage.java:format(72)) - Storage directory /workdir/hadoop-ozone/integration-test/target/test-dir/MiniOzoneClusterImpl-f455d224-3bfd-4c12-ad75-0d332897f7fa/datanode-2/data/ratis/44822d36-13fe-4eb9-bc7c-0d7b84af5e6a has been successfully formatted.
2019-08-29 08:46:27,510 [pool-77-thread-1] INFO  ratis.ContainerStateMachine (ContainerStateMachine.java:loadSnapshot(227)) - group-AAF9DEF45AC8: The snapshot info is null. Setting the last applied indexto:(t:0, i:~)
2019-08-29 08:46:27,510 [pool-47-thread-1] INFO  ratis.ContainerStateMachine (ContainerStateMachine.java:loadSnapshot(227)) - group-0D7B84AF5E6A: The snapshot info is null. Setting the last applied indexto:(t:0, i:~)
2019-08-29 08:46:27,510 [pool-77-thread-1] INFO  server.RaftServerConfigKeys (ConfUtils.java:logGet(43)) - raft.server.leader.election.timeout = 120s (custom)
2019-08-29 08:46:27,510 [pool-47-thread-1] INFO  server.RaftServerConfigKeys (ConfUtils.java:logGet(43)) - raft.server.leader.election.timeout = 120s (custom)
2019-08-29 08:46:27,510 [pool-77-thread-1] INFO  server.RaftServerConfigKeys (ConfUtils.java:logGet(43)) - raft.server.log.use.memory = false (default)
2019-08-29 08:46:27,511 [pool-47-thread-1] INFO  server.RaftServerConfigKeys (ConfUtils.java:logGet(43)) - raft.server.log.use.memory = false (default)
2019-08-29 08:46:27,511 [pool-77-thread-1] INFO  server.RaftServerConfigKeys (ConfUtils.java:logGet(43)) - raft.server.log.purge.gap = 1000000 (custom)
2019-08-29 08:46:27,511 [pool-47-thread-1] INFO  server.RaftServerConfigKeys (ConfUtils.java:logGet(43)) - raft.server.log.purge.gap = 1000000 (custom)
2019-08-29 08:46:27,511 [80032fdc-d78b-4a88-9434-3ce010c31b3f:group-2A4272E51C55:LeaderElection9] INFO  impl.LeaderElection (LeaderElection.java:logAndReturn(56)) - 80032fdc-d78b-4a88-9434-3ce010c31b3f:group-2A4272E51C55:LeaderElection9: Election REJECTED; received 1 response(s) [80032fdc-d78b-4a88-9434-3ce010c31b3f<-4204fb3a-7736-45d2-bbed-750a692783ae#0:FAIL-t1] and 1 exception(s); 80032fdc-d78b-4a88-9434-3ce010c31b3f:t1, leader=null, voted=80032fdc-d78b-4a88-9434-3ce010c31b3f, raftlog=80032fdc-d78b-4a88-9434-3ce010c31b3f-SegmentedRaftLog:OPENED:c-1,f-1,i0, conf=-1: [80032fdc-d78b-4a88-9434-3ce010c31b3f:192.168.5.176:43754, 4204fb3a-7736-45d2-bbed-750a692783ae:192.168.5.176:46077, e5fd3c67-4f38-41ed-8073-51136f0efc00:192.168.5.176:38915], old=null
2019-08-29 08:46:27,511 [pool-47-thread-1] INFO  server.RaftServerConfigKeys (ConfUtils.java:logGet(43)) - raft.server.log.appender.buffer.byte-limit = 33554432 (custom)
2019-08-29 08:46:27,511 [pool-77-thread-1] INFO  server.RaftServerConfigKeys (ConfUtils.java:logGet(43)) - raft.server.log.appender.buffer.byte-limit = 33554432 (custom)
2019-08-29 08:46:27,512 [80032fdc-d78b-4a88-9434-3ce010c31b3f:group-2A4272E51C55:LeaderElection9] INFO  impl.LeaderElection (LogUtils.java:infoOrTrace(149)) -   Exception 0: {}
java.util.concurrent.ExecutionException: org.apache.ratis.thirdparty.io.grpc.StatusRuntimeException: INTERNAL: Server e5fd3c67-4f38-41ed-8073-51136f0efc00 is not [RUNNING]: current state is NEW
	at java.util.concurrent.FutureTask.report(FutureTask.java:122)
	at java.util.concurrent.FutureTask.get(FutureTask.java:192)
	at org.apache.ratis.server.impl.LeaderElection.waitForResults(LeaderElection.java:262)
	at org.apache.ratis.server.impl.LeaderElection.askForVotes(LeaderElection.java:200)
	at org.apache.ratis.server.impl.LeaderElection.run(LeaderElection.java:130)
	at java.lang.Thread.run(Thread.java:748)
Caused by: org.apache.ratis.thirdparty.io.grpc.StatusRuntimeException: INTERNAL: Server e5fd3c67-4f38-41ed-8073-51136f0efc00 is not [RUNNING]: current state is NEW
	at org.apache.ratis.thirdparty.io.grpc.stub.ClientCalls.toStatusRuntimeException(ClientCalls.java:233)
	at org.apache.ratis.thirdparty.io.grpc.stub.ClientCalls.getUnchecked(ClientCalls.java:214)
	at org.apache.ratis.thirdparty.io.grpc.stub.ClientCalls.blockingUnaryCall(ClientCalls.java:139)
	at org.apache.ratis.proto.grpc.RaftServerProtocolServiceGrpc$RaftServerProtocolServiceBlockingStub.requestVote(RaftServerProtocolServiceGrpc.java:265)
	at org.apache.ratis.grpc.server.GrpcServerProtocolClient.requestVote(GrpcServerProtocolClient.java:83)
	at org.apache.ratis.grpc.server.GrpcService.requestVote(GrpcService.java:195)
	at org.apache.ratis.server.impl.LeaderElection.lambda$submitRequests$1(LeaderElection.java:237)
	at java.util.concurrent.FutureTask.run(FutureTask.java:266)
	at java.util.concurrent.Executors$RunnableAdapter.call(Executors.java:511)
	at java.util.concurrent.FutureTask.run(FutureTask.java:266)
	at java.util.concurrent.ThreadPoolExecutor.runWorker(ThreadPoolExecutor.java:1149)
	at java.util.concurrent.ThreadPoolExecutor$Worker.run(ThreadPoolExecutor.java:624)
	... 1 more
2019-08-29 08:46:27,516 [pool-47-thread-1] INFO  server.RaftServerConfigKeys (ConfUtils.java:logGet(43)) - raft.server.log.segment.size.max = 1048576 (custom)
2019-08-29 08:46:27,516 [pool-77-thread-1] INFO  server.RaftServerConfigKeys (ConfUtils.java:logGet(43)) - raft.server.log.segment.size.max = 1048576 (custom)
2019-08-29 08:46:27,519 [pool-47-thread-1] INFO  server.RaftServerConfigKeys (ConfUtils.java:logGet(43)) - raft.server.log.segment.cache.num.max = 2 (custom)
2019-08-29 08:46:27,516 [80032fdc-d78b-4a88-9434-3ce010c31b3f:group-2A4272E51C55:LeaderElection9] INFO  impl.RaftServerImpl (RaftServerImpl.java:setRole(171)) - 80032fdc-d78b-4a88-9434-3ce010c31b3f:group-2A4272E51C55 changes role from CANDIDATE to FOLLOWER at term 1 for DISCOVERED_A_NEW_TERM
2019-08-29 08:46:27,519 [pool-47-thread-1] INFO  segmented.SegmentedRaftLogWorker (SegmentedRaftLogWorker.java:<init>(172)) - new e5fd3c67-4f38-41ed-8073-51136f0efc00-SegmentedRaftLogWorker:Storage Directory /workdir/hadoop-ozone/integration-test/target/test-dir/MiniOzoneClusterImpl-f455d224-3bfd-4c12-ad75-0d332897f7fa/datanode-2/data/ratis/44822d36-13fe-4eb9-bc7c-0d7b84af5e6a for RaftStorage:Storage Directory /workdir/hadoop-ozone/integration-test/target/test-dir/MiniOzoneClusterImpl-f455d224-3bfd-4c12-ad75-0d332897f7fa/datanode-2/data/ratis/44822d36-13fe-4eb9-bc7c-0d7b84af5e6a
2019-08-29 08:46:27,519 [pool-77-thread-1] INFO  server.RaftServerConfigKeys (ConfUtils.java:logGet(43)) - raft.server.log.segment.cache.num.max = 2 (custom)
2019-08-29 08:46:27,522 [grpc-default-executor-1] WARN  server.GrpcServerProtocolService (LogUtils.java:warn(134)) - e5fd3c67-4f38-41ed-8073-51136f0efc00: Failed requestVote 4204fb3a-7736-45d2-bbed-750a692783ae->e5fd3c67-4f38-41ed-8073-51136f0efc00#0: org.apache.ratis.protocol.ServerNotReadyException: Server e5fd3c67-4f38-41ed-8073-51136f0efc00 is not [RUNNING]: current state is NEW
2019-08-29 08:46:27,522 [grpc-default-executor-3] INFO  impl.RaftServerImpl (RaftServerImpl.java:setRole(171)) - e5fd3c67-4f38-41ed-8073-51136f0efc00:group-D32732FAAE1B changes role from FOLLOWER to FOLLOWER at term 3 for recognizeCandidate:4204fb3a-7736-45d2-bbed-750a692783ae
2019-08-29 08:46:27,519 [pool-47-thread-1] INFO  server.RaftServerConfigKeys (ConfUtils.java:logGet(43)) - raft.server.log.queue.byte-limit = 2147483647 (custom)
2019-08-29 08:46:27,519 [80032fdc-d78b-4a88-9434-3ce010c31b3f:group-2A4272E51C55:LeaderElection9] INFO  impl.RoleInfo (RoleInfo.java:shutdownLeaderElection(134)) - 80032fdc-d78b-4a88-9434-3ce010c31b3f: shutdown LeaderElection
2019-08-29 08:46:27,534 [pool-47-thread-1] INFO  server.RaftServerConfigKeys (ConfUtils.java:logGet(43)) - raft.server.log.queue.element-limit = 1024 (custom)
2019-08-29 08:46:27,533 [grpc-default-executor-2] INFO  impl.RaftServerImpl (RaftServerImpl.java:setRole(171)) - 80032fdc-d78b-4a88-9434-3ce010c31b3f:group-D32732FAAE1B changes role from FOLLOWER to FOLLOWER at term 3 for recognizeCandidate:4204fb3a-7736-45d2-bbed-750a692783ae
2019-08-29 08:46:27,533 [grpc-default-executor-3] INFO  impl.RoleInfo (RoleInfo.java:shutdownFollowerState(121)) - e5fd3c67-4f38-41ed-8073-51136f0efc00: shutdown FollowerState
2019-08-29 08:46:27,533 [pool-77-thread-1] INFO  segmented.SegmentedRaftLogWorker (SegmentedRaftLogWorker.java:<init>(172)) - new 80032fdc-d78b-4a88-9434-3ce010c31b3f-SegmentedRaftLogWorker:Storage Directory /workdir/hadoop-ozone/integration-test/target/test-dir/MiniOzoneClusterImpl-f455d224-3bfd-4c12-ad75-0d332897f7fa/datanode-5/data/ratis/49a53a7a-3fcd-4f56-a592-aaf9def45ac8 for RaftStorage:Storage Directory /workdir/hadoop-ozone/integration-test/target/test-dir/MiniOzoneClusterImpl-f455d224-3bfd-4c12-ad75-0d332897f7fa/datanode-5/data/ratis/49a53a7a-3fcd-4f56-a592-aaf9def45ac8
2019-08-29 08:46:27,535 [Thread-362] INFO  impl.FollowerState (FollowerState.java:run(114)) - e5fd3c67-4f38-41ed-8073-51136f0efc00: FollowerState was interrupted: java.lang.InterruptedException: sleep interrupted
2019-08-29 08:46:27,535 | INFO  | SCMAudit | user=jenkins1000 | ip=192.168.5.176 | op=SEND_HEARTBEAT {datanodeUUID=4204fb3a-7736-45d2-bbed-750a692783ae, command=[]} | ret=SUCCESS |  
2019-08-29 08:46:27,535 [grpc-default-executor-3] INFO  impl.RoleInfo (RoleInfo.java:updateAndGet(143)) - e5fd3c67-4f38-41ed-8073-51136f0efc00: start FollowerState
2019-08-29 08:46:27,534 [grpc-default-executor-2] INFO  impl.RoleInfo (RoleInfo.java:shutdownFollowerState(121)) - 80032fdc-d78b-4a88-9434-3ce010c31b3f: shutdown FollowerState
2019-08-29 08:46:27,534 [pool-47-thread-1] INFO  server.RaftServerConfigKeys (ConfUtils.java:logGet(43)) - raft.server.log.segment.size.max = 1048576 (custom)
2019-08-29 08:46:27,534 [80032fdc-d78b-4a88-9434-3ce010c31b3f:group-2A4272E51C55:LeaderElection9] INFO  impl.RoleInfo (RoleInfo.java:updateAndGet(143)) - 80032fdc-d78b-4a88-9434-3ce010c31b3f: start FollowerState
2019-08-29 08:46:27,538 [pool-47-thread-1] INFO  server.RaftServerConfigKeys (ConfUtils.java:logGet(43)) - raft.server.log.preallocated.size = 16384 (custom)
2019-08-29 08:46:27,537 [Thread-359] INFO  impl.FollowerState (FollowerState.java:run(114)) - 80032fdc-d78b-4a88-9434-3ce010c31b3f: FollowerState was interrupted: java.lang.InterruptedException: sleep interrupted
2019-08-29 08:46:27,537 [grpc-default-executor-2] INFO  impl.RoleInfo (RoleInfo.java:updateAndGet(143)) - 80032fdc-d78b-4a88-9434-3ce010c31b3f: start FollowerState
2019-08-29 08:46:27,535 [pool-77-thread-1] INFO  server.RaftServerConfigKeys (ConfUtils.java:logGet(43)) - raft.server.log.queue.byte-limit = 2147483647 (custom)
2019-08-29 08:46:27,541 [4204fb3a-7736-45d2-bbed-750a692783ae:group-2A4272E51C55:LeaderElection10] INFO  impl.LeaderElection (LogUtils.java:infoOrTrace(149)) - 4204fb3a-7736-45d2-bbed-750a692783ae:group-2A4272E51C55:LeaderElection10 got exception when requesting votes: {}
java.util.concurrent.ExecutionException: org.apache.ratis.thirdparty.io.grpc.StatusRuntimeException: INTERNAL: Server e5fd3c67-4f38-41ed-8073-51136f0efc00 is not [RUNNING]: current state is NEW
	at java.util.concurrent.FutureTask.report(FutureTask.java:122)
	at java.util.concurrent.FutureTask.get(FutureTask.java:192)
	at org.apache.ratis.server.impl.LeaderElection.waitForResults(LeaderElection.java:262)
	at org.apache.ratis.server.impl.LeaderElection.askForVotes(LeaderElection.java:200)
	at org.apache.ratis.server.impl.LeaderElection.run(LeaderElection.java:130)
	at java.lang.Thread.run(Thread.java:748)
Caused by: org.apache.ratis.thirdparty.io.grpc.StatusRuntimeException: INTERNAL: Server e5fd3c67-4f38-41ed-8073-51136f0efc00 is not [RUNNING]: current state is NEW
	at org.apache.ratis.thirdparty.io.grpc.stub.ClientCalls.toStatusRuntimeException(ClientCalls.java:233)
	at org.apache.ratis.thirdparty.io.grpc.stub.ClientCalls.getUnchecked(ClientCalls.java:214)
	at org.apache.ratis.thirdparty.io.grpc.stub.ClientCalls.blockingUnaryCall(ClientCalls.java:139)
	at org.apache.ratis.proto.grpc.RaftServerProtocolServiceGrpc$RaftServerProtocolServiceBlockingStub.requestVote(RaftServerProtocolServiceGrpc.java:265)
	at org.apache.ratis.grpc.server.GrpcServerProtocolClient.requestVote(GrpcServerProtocolClient.java:83)
	at org.apache.ratis.grpc.server.GrpcService.requestVote(GrpcService.java:195)
	at org.apache.ratis.server.impl.LeaderElection.lambda$submitRequests$1(LeaderElection.java:237)
	at java.util.concurrent.FutureTask.run(FutureTask.java:266)
	at java.util.concurrent.Executors$RunnableAdapter.call(Executors.java:511)
	at java.util.concurrent.FutureTask.run(FutureTask.java:266)
	at java.util.concurrent.ThreadPoolExecutor.runWorker(ThreadPoolExecutor.java:1149)
	at java.util.concurrent.ThreadPoolExecutor$Worker.run(ThreadPoolExecutor.java:624)
	... 1 more
2019-08-29 08:46:27,538 [pool-47-thread-1] INFO  server.RaftServerConfigKeys (ConfUtils.java:logGet(43)) - raft.server.log.write.buffer.size = 33554432 (custom)
2019-08-29 08:46:27,541 [pool-77-thread-1] INFO  server.RaftServerConfigKeys (ConfUtils.java:logGet(43)) - raft.server.log.queue.element-limit = 1024 (custom)
2019-08-29 08:46:27,542 [pool-47-thread-1] INFO  server.RaftServerConfigKeys (ConfUtils.java:logGet(43)) - raft.server.log.force.sync.num = 128 (default)
2019-08-29 08:46:27,542 [pool-77-thread-1] INFO  server.RaftServerConfigKeys (ConfUtils.java:logGet(43)) - raft.server.log.segment.size.max = 1048576 (custom)
2019-08-29 08:46:27,542 [pool-47-thread-1] INFO  server.RaftServerConfigKeys (ConfUtils.java:logGet(43)) - raft.server.log.statemachine.data.sync = true (default)
2019-08-29 08:46:27,542 [4204fb3a-7736-45d2-bbed-750a692783ae:group-2A4272E51C55:LeaderElection10] INFO  impl.LeaderElection (LeaderElection.java:logAndReturn(56)) - 4204fb3a-7736-45d2-bbed-750a692783ae:group-2A4272E51C55:LeaderElection10: Election REJECTED; received 1 response(s) [4204fb3a-7736-45d2-bbed-750a692783ae<-80032fdc-d78b-4a88-9434-3ce010c31b3f#0:FAIL-t1] and 1 exception(s); 4204fb3a-7736-45d2-bbed-750a692783ae:t1, leader=null, voted=4204fb3a-7736-45d2-bbed-750a692783ae, raftlog=4204fb3a-7736-45d2-bbed-750a692783ae-SegmentedRaftLog:OPENED:c-1,f-1,i0, conf=-1: [80032fdc-d78b-4a88-9434-3ce010c31b3f:192.168.5.176:43754, 4204fb3a-7736-45d2-bbed-750a692783ae:192.168.5.176:46077, e5fd3c67-4f38-41ed-8073-51136f0efc00:192.168.5.176:38915], old=null
2019-08-29 08:46:27,542 [pool-77-thread-1] INFO  server.RaftServerConfigKeys (ConfUtils.java:logGet(43)) - raft.server.log.preallocated.size = 16384 (custom)
2019-08-29 08:46:27,543 [4204fb3a-7736-45d2-bbed-750a692783ae:group-2A4272E51C55:LeaderElection10] INFO  impl.LeaderElection (LogUtils.java:infoOrTrace(149)) -   Exception 0: {}
java.util.concurrent.ExecutionException: org.apache.ratis.thirdparty.io.grpc.StatusRuntimeException: INTERNAL: Server e5fd3c67-4f38-41ed-8073-51136f0efc00 is not [RUNNING]: current state is NEW
	at java.util.concurrent.FutureTask.report(FutureTask.java:122)
	at java.util.concurrent.FutureTask.get(FutureTask.java:192)
	at org.apache.ratis.server.impl.LeaderElection.waitForResults(LeaderElection.java:262)
	at org.apache.ratis.server.impl.LeaderElection.askForVotes(LeaderElection.java:200)
	at org.apache.ratis.server.impl.LeaderElection.run(LeaderElection.java:130)
	at java.lang.Thread.run(Thread.java:748)
Caused by: org.apache.ratis.thirdparty.io.grpc.StatusRuntimeException: INTERNAL: Server e5fd3c67-4f38-41ed-8073-51136f0efc00 is not [RUNNING]: current state is NEW
	at org.apache.ratis.thirdparty.io.grpc.stub.ClientCalls.toStatusRuntimeException(ClientCalls.java:233)
	at org.apache.ratis.thirdparty.io.grpc.stub.ClientCalls.getUnchecked(ClientCalls.java:214)
	at org.apache.ratis.thirdparty.io.grpc.stub.ClientCalls.blockingUnaryCall(ClientCalls.java:139)
	at org.apache.ratis.proto.grpc.RaftServerProtocolServiceGrpc$RaftServerProtocolServiceBlockingStub.requestVote(RaftServerProtocolServiceGrpc.java:265)
	at org.apache.ratis.grpc.server.GrpcServerProtocolClient.requestVote(GrpcServerProtocolClient.java:83)
	at org.apache.ratis.grpc.server.GrpcService.requestVote(GrpcService.java:195)
	at org.apache.ratis.server.impl.LeaderElection.lambda$submitRequests$1(LeaderElection.java:237)
	at java.util.concurrent.FutureTask.run(FutureTask.java:266)
	at java.util.concurrent.Executors$RunnableAdapter.call(Executors.java:511)
	at java.util.concurrent.FutureTask.run(FutureTask.java:266)
	at java.util.concurrent.ThreadPoolExecutor.runWorker(ThreadPoolExecutor.java:1149)
	at java.util.concurrent.ThreadPoolExecutor$Worker.run(ThreadPoolExecutor.java:624)
	... 1 more
2019-08-29 08:46:27,543 [pool-47-thread-1] INFO  server.RaftServerConfigKeys (ConfUtils.java:logGet(43)) - raft.server.log.statemachine.data.sync.timeout = 10s (default)
2019-08-29 08:46:27,543 [4204fb3a-7736-45d2-bbed-750a692783ae:group-2A4272E51C55:LeaderElection10] INFO  impl.RaftServerImpl (RaftServerImpl.java:setRole(171)) - 4204fb3a-7736-45d2-bbed-750a692783ae:group-2A4272E51C55 changes role from CANDIDATE to FOLLOWER at term 1 for DISCOVERED_A_NEW_TERM
2019-08-29 08:46:27,544 [pool-47-thread-1] INFO  server.RaftServerConfigKeys (ConfUtils.java:logGet(43)) - raft.server.log.statemachine.data.sync.timeout.retry = -1 (default)
2019-08-29 08:46:27,543 [pool-77-thread-1] INFO  server.RaftServerConfigKeys (ConfUtils.java:logGet(43)) - raft.server.log.write.buffer.size = 33554432 (custom)
2019-08-29 08:46:27,545 [pool-47-thread-1] INFO  server.RaftServerConfigKeys (ConfUtils.java:logGet(43)) - raft.server.log.statemachine.data.caching.enabled = true (custom)
2019-08-29 08:46:27,545 [4204fb3a-7736-45d2-bbed-750a692783ae:group-2A4272E51C55:LeaderElection10] INFO  impl.RoleInfo (RoleInfo.java:shutdownLeaderElection(134)) - 4204fb3a-7736-45d2-bbed-750a692783ae: shutdown LeaderElection
2019-08-29 08:46:27,545 [pool-77-thread-1] INFO  server.RaftServerConfigKeys (ConfUtils.java:logGet(43)) - raft.server.log.force.sync.num = 128 (default)
2019-08-29 08:46:27,545 [4204fb3a-7736-45d2-bbed-750a692783ae:group-2A4272E51C55:LeaderElection10] INFO  impl.RoleInfo (RoleInfo.java:updateAndGet(143)) - 4204fb3a-7736-45d2-bbed-750a692783ae: start FollowerState
2019-08-29 08:46:27,545 [pool-77-thread-1] INFO  server.RaftServerConfigKeys (ConfUtils.java:logGet(43)) - raft.server.log.statemachine.data.sync = true (default)
2019-08-29 08:46:27,547 [pool-77-thread-1] INFO  server.RaftServerConfigKeys (ConfUtils.java:logGet(43)) - raft.server.log.statemachine.data.sync.timeout = 10s (default)
2019-08-29 08:46:27,547 [pool-77-thread-1] INFO  server.RaftServerConfigKeys (ConfUtils.java:logGet(43)) - raft.server.log.statemachine.data.sync.timeout.retry = -1 (default)
2019-08-29 08:46:27,547 [pool-77-thread-1] INFO  server.RaftServerConfigKeys (ConfUtils.java:logGet(43)) - raft.server.log.statemachine.data.caching.enabled = true (custom)
2019-08-29 08:46:27,619 | INFO  | SCMAudit | user=jenkins1000 | ip=192.168.5.176 | op=SEND_HEARTBEAT {datanodeUUID=e5fd3c67-4f38-41ed-8073-51136f0efc00, command=[]} | ret=SUCCESS |  
2019-08-29 08:46:28,127 | INFO  | SCMAudit | user=jenkins1000 | ip=192.168.5.176 | op=SEND_HEARTBEAT {datanodeUUID=3bbb20a1-a78a-49aa-a207-aa74965bf29c, command=[]} | ret=SUCCESS |  
2019-08-29 08:46:28,128 | INFO  | SCMAudit | user=jenkins1000 | ip=192.168.5.176 | op=SEND_HEARTBEAT {datanodeUUID=08d23bb8-f649-4ebd-a9a9-bbfd5b766034, command=[]} | ret=SUCCESS |  
2019-08-29 08:46:28,133 | INFO  | SCMAudit | user=jenkins1000 | ip=192.168.5.176 | op=SEND_HEARTBEAT {datanodeUUID=80032fdc-d78b-4a88-9434-3ce010c31b3f, command=[]} | ret=SUCCESS |  
2019-08-29 08:46:28,220 | INFO  | SCMAudit | user=jenkins1000 | ip=192.168.5.176 | op=SEND_HEARTBEAT {datanodeUUID=90f684eb-7c4f-41ac-bd9b-a2bcab6fa083, command=[]} | ret=SUCCESS |  
2019-08-29 08:46:28,456 | INFO  | SCMAudit | user=jenkins1000 | ip=192.168.5.176 | op=SEND_HEARTBEAT {datanodeUUID=73bbc9c5-70f7-4fc8-a304-e36fb1a7c836, command=[]} | ret=SUCCESS |  
2019-08-29 08:46:28,535 | INFO  | SCMAudit | user=jenkins1000 | ip=192.168.5.176 | op=SEND_HEARTBEAT {datanodeUUID=4204fb3a-7736-45d2-bbed-750a692783ae, command=[]} | ret=SUCCESS |  
2019-08-29 08:46:28,553 [Thread-363] INFO  impl.FollowerState (FollowerState.java:run(106)) - 80032fdc-d78b-4a88-9434-3ce010c31b3f:group-93837B01E243 changes to CANDIDATE, lastRpcTime:5119, electionTimeout:5119ms
2019-08-29 08:46:28,554 [Thread-363] INFO  impl.RoleInfo (RoleInfo.java:shutdownFollowerState(121)) - 80032fdc-d78b-4a88-9434-3ce010c31b3f: shutdown FollowerState
2019-08-29 08:46:28,554 [Thread-363] INFO  impl.RaftServerImpl (RaftServerImpl.java:setRole(171)) - 80032fdc-d78b-4a88-9434-3ce010c31b3f:group-93837B01E243 changes role from FOLLOWER to CANDIDATE at term 0 for changeToCandidate
2019-08-29 08:46:28,554 [Thread-363] INFO  impl.RoleInfo (RoleInfo.java:updateAndGet(143)) - 80032fdc-d78b-4a88-9434-3ce010c31b3f: start LeaderElection
2019-08-29 08:46:28,619 | INFO  | SCMAudit | user=jenkins1000 | ip=192.168.5.176 | op=SEND_HEARTBEAT {datanodeUUID=e5fd3c67-4f38-41ed-8073-51136f0efc00, command=[]} | ret=SUCCESS |  
2019-08-29 08:46:28,874 [pool-77-thread-1] INFO  segmented.SegmentedRaftLogWorker (SegmentedRaftLogWorker.java:lambda$new$0(132)) - 80032fdc-d78b-4a88-9434-3ce010c31b3f-SegmentedRaftLogWorker:Storage Directory /workdir/hadoop-ozone/integration-test/target/test-dir/MiniOzoneClusterImpl-f455d224-3bfd-4c12-ad75-0d332897f7fa/datanode-5/data/ratis/49a53a7a-3fcd-4f56-a592-aaf9def45ac8: flushIndex: setUnconditionally 0 -> -1
2019-08-29 08:46:28,874 [pool-47-thread-1] INFO  segmented.SegmentedRaftLogWorker (SegmentedRaftLogWorker.java:lambda$new$0(132)) - e5fd3c67-4f38-41ed-8073-51136f0efc00-SegmentedRaftLogWorker:Storage Directory /workdir/hadoop-ozone/integration-test/target/test-dir/MiniOzoneClusterImpl-f455d224-3bfd-4c12-ad75-0d332897f7fa/datanode-2/data/ratis/44822d36-13fe-4eb9-bc7c-0d7b84af5e6a: flushIndex: setUnconditionally 0 -> -1
2019-08-29 08:46:28,874 [pool-77-thread-1] INFO  server.RaftServerConfigKeys (ConfUtils.java:logGet(43)) - raft.server.snapshot.auto.trigger.enabled = true (custom)
2019-08-29 08:46:28,874 [pool-47-thread-1] INFO  server.RaftServerConfigKeys (ConfUtils.java:logGet(43)) - raft.server.snapshot.auto.trigger.enabled = true (custom)
2019-08-29 08:46:28,875 [pool-77-thread-1] INFO  server.RaftServerConfigKeys (ConfUtils.java:logGet(43)) - raft.server.snapshot.auto.trigger.threshold = 10000 (custom)
2019-08-29 08:46:28,875 [pool-47-thread-1] INFO  server.RaftServerConfigKeys (ConfUtils.java:logGet(43)) - raft.server.snapshot.auto.trigger.threshold = 10000 (custom)
2019-08-29 08:46:28,875 [pool-77-thread-1] INFO  server.RaftServerConfigKeys (ConfUtils.java:logGet(43)) - raft.server.retrycache.expirytime = 600000ms (custom)
2019-08-29 08:46:28,875 [pool-47-thread-1] INFO  server.RaftServerConfigKeys (ConfUtils.java:logGet(43)) - raft.server.retrycache.expirytime = 600000ms (custom)
2019-08-29 08:46:28,875 [pool-47-thread-1] INFO  impl.RaftServerImpl (RaftServerImpl.java:start(180)) - e5fd3c67-4f38-41ed-8073-51136f0efc00: start group-2A4272E51C55
2019-08-29 08:46:28,876 [pool-47-thread-1] INFO  impl.RaftServerImpl (RaftServerImpl.java:setRole(171)) - e5fd3c67-4f38-41ed-8073-51136f0efc00:group-2A4272E51C55 changes role from null to FOLLOWER at term 0 for startAsFollower
2019-08-29 08:46:28,876 [pool-47-thread-1] INFO  impl.RoleInfo (RoleInfo.java:updateAndGet(143)) - e5fd3c67-4f38-41ed-8073-51136f0efc00: start FollowerState
2019-08-29 08:46:28,876 [pool-47-thread-1] INFO  util.JmxRegister (JmxRegister.java:tryRegister(44)) - Successfully registered JMX Bean with object name Ratis:service=RaftServer,group=group-2A4272E51C55,id=e5fd3c67-4f38-41ed-8073-51136f0efc00
2019-08-29 08:46:28,878 [pool-77-thread-1] INFO  impl.RaftServerImpl (RaftServerImpl.java:<init>(93)) - 80032fdc-d78b-4a88-9434-3ce010c31b3f: new RaftServerImpl for group-9165C7776E0D:[80032fdc-d78b-4a88-9434-3ce010c31b3f:192.168.5.176:43754, 4204fb3a-7736-45d2-bbed-750a692783ae:192.168.5.176:46077, e5fd3c67-4f38-41ed-8073-51136f0efc00:192.168.5.176:38915] with ContainerStateMachine:uninitialized
2019-08-29 08:46:28,878 [pool-77-thread-1] INFO  server.RaftServerConfigKeys (ConfUtils.java:logGet(43)) - raft.server.rpc.timeout.min = 5s (custom)
2019-08-29 08:46:28,878 [pool-77-thread-1] INFO  server.RaftServerConfigKeys (ConfUtils.java:logGet(43)) - raft.server.rpc.timeout.max = 5200ms (custom)
2019-08-29 08:46:28,878 [pool-77-thread-1] INFO  server.RaftServerConfigKeys (ConfUtils.java:logGet(43)) - raft.server.rpcslowness.timeout = 120s (custom)
2019-08-29 08:46:28,878 [pool-77-thread-1] INFO  server.RaftServerConfigKeys (ConfUtils.java:logGet(43)) - raft.server.sleep.deviation.threshold = 300 (default)
2019-08-29 08:46:28,878 [pool-47-thread-1] INFO  impl.RaftServerImpl (RaftServerImpl.java:<init>(93)) - e5fd3c67-4f38-41ed-8073-51136f0efc00: new RaftServerImpl for group-AAF9DEF45AC8:[80032fdc-d78b-4a88-9434-3ce010c31b3f:192.168.5.176:43754, 4204fb3a-7736-45d2-bbed-750a692783ae:192.168.5.176:46077, e5fd3c67-4f38-41ed-8073-51136f0efc00:192.168.5.176:38915] with ContainerStateMachine:uninitialized
2019-08-29 08:46:28,878 [pool-77-thread-1] INFO  server.RaftServerConfigKeys (ConfUtils.java:logGet(43)) - raft.server.log.appender.install.snapshot.enabled = false (custom)
2019-08-29 08:46:28,879 [pool-47-thread-1] INFO  server.RaftServerConfigKeys (ConfUtils.java:logGet(43)) - raft.server.rpc.timeout.min = 5s (custom)
2019-08-29 08:46:28,879 [pool-77-thread-1] INFO  impl.RaftServerImpl (ServerState.java:<init>(105)) - 80032fdc-d78b-4a88-9434-3ce010c31b3f:group-9165C7776E0D ConfigurationManager, init=-1: [80032fdc-d78b-4a88-9434-3ce010c31b3f:192.168.5.176:43754, 4204fb3a-7736-45d2-bbed-750a692783ae:192.168.5.176:46077, e5fd3c67-4f38-41ed-8073-51136f0efc00:192.168.5.176:38915], old=null, confs=<EMPTY_MAP>
2019-08-29 08:46:28,879 [pool-47-thread-1] INFO  server.RaftServerConfigKeys (ConfUtils.java:logGet(43)) - raft.server.rpc.timeout.max = 5200ms (custom)
2019-08-29 08:46:28,879 [pool-77-thread-1] INFO  server.RaftServerConfigKeys (ConfUtils.java:logGet(43)) - raft.server.storage.dir = [/workdir/hadoop-ozone/integration-test/target/test-dir/MiniOzoneClusterImpl-f455d224-3bfd-4c12-ad75-0d332897f7fa/datanode-5/data/ratis] (custom)
2019-08-29 08:46:28,879 [pool-47-thread-1] INFO  server.RaftServerConfigKeys (ConfUtils.java:logGet(43)) - raft.server.rpcslowness.timeout = 120s (custom)
2019-08-29 08:46:28,879 [pool-47-thread-1] INFO  server.RaftServerConfigKeys (ConfUtils.java:logGet(43)) - raft.server.sleep.deviation.threshold = 300 (default)
2019-08-29 08:46:28,879 [pool-47-thread-1] INFO  server.RaftServerConfigKeys (ConfUtils.java:logGet(43)) - raft.server.log.appender.install.snapshot.enabled = false (custom)
2019-08-29 08:46:28,880 [pool-77-thread-1] INFO  storage.RaftStorageDirectory (RaftStorageDirectory.java:analyzeStorage(246)) - The storage directory /workdir/hadoop-ozone/integration-test/target/test-dir/MiniOzoneClusterImpl-f455d224-3bfd-4c12-ad75-0d332897f7fa/datanode-5/data/ratis/29c11436-54bb-4d50-9978-9165c7776e0d does not exist. Creating ...
2019-08-29 08:46:28,880 [pool-47-thread-1] INFO  impl.RaftServerImpl (ServerState.java:<init>(105)) - e5fd3c67-4f38-41ed-8073-51136f0efc00:group-AAF9DEF45AC8 ConfigurationManager, init=-1: [80032fdc-d78b-4a88-9434-3ce010c31b3f:192.168.5.176:43754, 4204fb3a-7736-45d2-bbed-750a692783ae:192.168.5.176:46077, e5fd3c67-4f38-41ed-8073-51136f0efc00:192.168.5.176:38915], old=null, confs=<EMPTY_MAP>
2019-08-29 08:46:28,880 [pool-47-thread-1] INFO  server.RaftServerConfigKeys (ConfUtils.java:logGet(43)) - raft.server.storage.dir = [/workdir/hadoop-ozone/integration-test/target/test-dir/MiniOzoneClusterImpl-f455d224-3bfd-4c12-ad75-0d332897f7fa/datanode-2/data/ratis] (custom)
2019-08-29 08:46:28,880 [pool-47-thread-1] INFO  storage.RaftStorageDirectory (RaftStorageDirectory.java:analyzeStorage(246)) - The storage directory /workdir/hadoop-ozone/integration-test/target/test-dir/MiniOzoneClusterImpl-f455d224-3bfd-4c12-ad75-0d332897f7fa/datanode-2/data/ratis/49a53a7a-3fcd-4f56-a592-aaf9def45ac8 does not exist. Creating ...
2019-08-29 08:46:29,127 | INFO  | SCMAudit | user=jenkins1000 | ip=192.168.5.176 | op=SEND_HEARTBEAT {datanodeUUID=3bbb20a1-a78a-49aa-a207-aa74965bf29c, command=[]} | ret=SUCCESS |  
2019-08-29 08:46:29,128 | INFO  | SCMAudit | user=jenkins1000 | ip=192.168.5.176 | op=SEND_HEARTBEAT {datanodeUUID=08d23bb8-f649-4ebd-a9a9-bbfd5b766034, command=[]} | ret=SUCCESS |  
2019-08-29 08:46:29,133 | INFO  | SCMAudit | user=jenkins1000 | ip=192.168.5.176 | op=SEND_HEARTBEAT {datanodeUUID=80032fdc-d78b-4a88-9434-3ce010c31b3f, command=[]} | ret=SUCCESS |  
2019-08-29 08:46:29,220 | INFO  | SCMAudit | user=jenkins1000 | ip=192.168.5.176 | op=SEND_HEARTBEAT {datanodeUUID=90f684eb-7c4f-41ac-bd9b-a2bcab6fa083, command=[]} | ret=SUCCESS |  
2019-08-29 08:46:29,456 | INFO  | SCMAudit | user=jenkins1000 | ip=192.168.5.176 | op=SEND_HEARTBEAT {datanodeUUID=73bbc9c5-70f7-4fc8-a304-e36fb1a7c836, command=[]} | ret=SUCCESS |  
2019-08-29 08:46:29,535 | INFO  | SCMAudit | user=jenkins1000 | ip=192.168.5.176 | op=SEND_HEARTBEAT {datanodeUUID=4204fb3a-7736-45d2-bbed-750a692783ae, command=[]} | ret=SUCCESS |  
2019-08-29 08:46:29,571 [RATISCREATEPIPELINE1] ERROR pipeline.RatisPipelineProvider (RatisPipelineProvider.java:lambda$null$5(235)) - Failed invoke Ratis rpc org.apache.hadoop.hdds.scm.pipeline.RatisPipelineProvider$$Lambda$187/1505492594@77f6a27f for 4204fb3a-7736-45d2-bbed-750a692783ae
org.apache.ratis.protocol.TimeoutIOException: deadline exceeded after 2999711439ns
	at org.apache.ratis.grpc.GrpcUtil.tryUnwrapException(GrpcUtil.java:82)
	at org.apache.ratis.grpc.GrpcUtil.unwrapException(GrpcUtil.java:75)
	at org.apache.ratis.grpc.client.GrpcClientProtocolClient.blockingCall(GrpcClientProtocolClient.java:169)
	at org.apache.ratis.grpc.client.GrpcClientProtocolClient.groupAdd(GrpcClientProtocolClient.java:138)
	at org.apache.ratis.grpc.client.GrpcClientRpc.sendRequest(GrpcClientRpc.java:94)
	at org.apache.ratis.client.impl.RaftClientImpl.sendRequest(RaftClientImpl.java:279)
	at org.apache.ratis.client.impl.RaftClientImpl.groupAdd(RaftClientImpl.java:206)
	at org.apache.hadoop.hdds.scm.pipeline.RatisPipelineProvider.lambda$initializePipeline$4(RatisPipelineProvider.java:194)
	at org.apache.hadoop.hdds.scm.pipeline.RatisPipelineProvider.lambda$null$5(RatisPipelineProvider.java:231)
	at java.util.stream.ForEachOps$ForEachOp$OfRef.accept(ForEachOps.java:184)
	at java.util.ArrayList$ArrayListSpliterator.forEachRemaining(ArrayList.java:1382)
	at java.util.stream.AbstractPipeline.copyInto(AbstractPipeline.java:482)
	at java.util.stream.ForEachOps$ForEachTask.compute(ForEachOps.java:291)
	at java.util.concurrent.CountedCompleter.exec(CountedCompleter.java:731)
	at java.util.concurrent.ForkJoinTask.doExec(ForkJoinTask.java:289)
	at java.util.concurrent.ForkJoinTask.doInvoke(ForkJoinTask.java:401)
	at java.util.concurrent.ForkJoinTask.invoke(ForkJoinTask.java:734)
	at java.util.stream.ForEachOps$ForEachOp.evaluateParallel(ForEachOps.java:160)
	at java.util.stream.ForEachOps$ForEachOp$OfRef.evaluateParallel(ForEachOps.java:174)
	at java.util.stream.AbstractPipeline.evaluate(AbstractPipeline.java:233)
	at java.util.stream.ReferencePipeline.forEach(ReferencePipeline.java:418)
	at java.util.stream.ReferencePipeline$Head.forEach(ReferencePipeline.java:583)
	at org.apache.hadoop.hdds.scm.pipeline.RatisPipelineProvider.lambda$callRatisRpc$6(RatisPipelineProvider.java:225)
	at java.util.concurrent.ForkJoinTask$AdaptedRunnableAction.exec(ForkJoinTask.java:1386)
	at java.util.concurrent.ForkJoinTask.doExec(ForkJoinTask.java:289)
	at java.util.concurrent.ForkJoinPool$WorkQueue.runTask(ForkJoinPool.java:1056)
	at java.util.concurrent.ForkJoinPool.runWorker(ForkJoinPool.java:1692)
	at java.util.concurrent.ForkJoinWorkerThread.run(ForkJoinWorkerThread.java:157)
Caused by: org.apache.ratis.thirdparty.io.grpc.StatusRuntimeException: DEADLINE_EXCEEDED: deadline exceeded after 2999711439ns
	at org.apache.ratis.thirdparty.io.grpc.stub.ClientCalls.toStatusRuntimeException(ClientCalls.java:233)
	at org.apache.ratis.thirdparty.io.grpc.stub.ClientCalls.getUnchecked(ClientCalls.java:214)
	at org.apache.ratis.thirdparty.io.grpc.stub.ClientCalls.blockingUnaryCall(ClientCalls.java:139)
	at org.apache.ratis.proto.grpc.AdminProtocolServiceGrpc$AdminProtocolServiceBlockingStub.groupManagement(AdminProtocolServiceGrpc.java:274)
	at org.apache.ratis.grpc.client.GrpcClientProtocolClient.lambda$groupAdd$3(GrpcClientProtocolClient.java:140)
	at org.apache.ratis.grpc.client.GrpcClientProtocolClient.blockingCall(GrpcClientProtocolClient.java:167)
	... 25 more
2019-08-29 08:46:29,571 [RATISCREATEPIPELINE2] ERROR pipeline.RatisPipelineProvider (RatisPipelineProvider.java:lambda$null$5(235)) - Failed invoke Ratis rpc org.apache.hadoop.hdds.scm.pipeline.RatisPipelineProvider$$Lambda$187/1505492594@77f6a27f for 80032fdc-d78b-4a88-9434-3ce010c31b3f
org.apache.ratis.protocol.TimeoutIOException: deadline exceeded after 2999749910ns
	at org.apache.ratis.grpc.GrpcUtil.tryUnwrapException(GrpcUtil.java:82)
	at org.apache.ratis.grpc.GrpcUtil.unwrapException(GrpcUtil.java:75)
	at org.apache.ratis.grpc.client.GrpcClientProtocolClient.blockingCall(GrpcClientProtocolClient.java:169)
	at org.apache.ratis.grpc.client.GrpcClientProtocolClient.groupAdd(GrpcClientProtocolClient.java:138)
	at org.apache.ratis.grpc.client.GrpcClientRpc.sendRequest(GrpcClientRpc.java:94)
	at org.apache.ratis.client.impl.RaftClientImpl.sendRequest(RaftClientImpl.java:279)
	at org.apache.ratis.client.impl.RaftClientImpl.groupAdd(RaftClientImpl.java:206)
	at org.apache.hadoop.hdds.scm.pipeline.RatisPipelineProvider.lambda$initializePipeline$4(RatisPipelineProvider.java:194)
	at org.apache.hadoop.hdds.scm.pipeline.RatisPipelineProvider.lambda$null$5(RatisPipelineProvider.java:231)
	at java.util.stream.ForEachOps$ForEachOp$OfRef.accept(ForEachOps.java:184)
	at java.util.ArrayList$ArrayListSpliterator.forEachRemaining(ArrayList.java:1382)
	at java.util.stream.AbstractPipeline.copyInto(AbstractPipeline.java:482)
	at java.util.stream.ForEachOps$ForEachTask.compute(ForEachOps.java:291)
	at java.util.concurrent.CountedCompleter.exec(CountedCompleter.java:731)
	at java.util.concurrent.ForkJoinTask.doExec(ForkJoinTask.java:289)
	at java.util.concurrent.ForkJoinPool$WorkQueue.runTask(ForkJoinPool.java:1056)
	at java.util.concurrent.ForkJoinPool.runWorker(ForkJoinPool.java:1692)
	at java.util.concurrent.ForkJoinWorkerThread.run(ForkJoinWorkerThread.java:157)
Caused by: org.apache.ratis.thirdparty.io.grpc.StatusRuntimeException: DEADLINE_EXCEEDED: deadline exceeded after 2999749910ns
	at org.apache.ratis.thirdparty.io.grpc.stub.ClientCalls.toStatusRuntimeException(ClientCalls.java:233)
	at org.apache.ratis.thirdparty.io.grpc.stub.ClientCalls.getUnchecked(ClientCalls.java:214)
	at org.apache.ratis.thirdparty.io.grpc.stub.ClientCalls.blockingUnaryCall(ClientCalls.java:139)
	at org.apache.ratis.proto.grpc.AdminProtocolServiceGrpc$AdminProtocolServiceBlockingStub.groupManagement(AdminProtocolServiceGrpc.java:274)
	at org.apache.ratis.grpc.client.GrpcClientProtocolClient.lambda$groupAdd$3(GrpcClientProtocolClient.java:140)
	at org.apache.ratis.grpc.client.GrpcClientProtocolClient.blockingCall(GrpcClientProtocolClient.java:167)
	... 15 more
2019-08-29 08:46:29,571 [RATISCREATEPIPELINE3] ERROR pipeline.RatisPipelineProvider (RatisPipelineProvider.java:lambda$null$5(235)) - Failed invoke Ratis rpc org.apache.hadoop.hdds.scm.pipeline.RatisPipelineProvider$$Lambda$187/1505492594@77f6a27f for e5fd3c67-4f38-41ed-8073-51136f0efc00
org.apache.ratis.protocol.TimeoutIOException: deadline exceeded after 2999738740ns
	at org.apache.ratis.grpc.GrpcUtil.tryUnwrapException(GrpcUtil.java:82)
	at org.apache.ratis.grpc.GrpcUtil.unwrapException(GrpcUtil.java:75)
	at org.apache.ratis.grpc.client.GrpcClientProtocolClient.blockingCall(GrpcClientProtocolClient.java:169)
	at org.apache.ratis.grpc.client.GrpcClientProtocolClient.groupAdd(GrpcClientProtocolClient.java:138)
	at org.apache.ratis.grpc.client.GrpcClientRpc.sendRequest(GrpcClientRpc.java:94)
	at org.apache.ratis.client.impl.RaftClientImpl.sendRequest(RaftClientImpl.java:279)
	at org.apache.ratis.client.impl.RaftClientImpl.groupAdd(RaftClientImpl.java:206)
	at org.apache.hadoop.hdds.scm.pipeline.RatisPipelineProvider.lambda$initializePipeline$4(RatisPipelineProvider.java:194)
	at org.apache.hadoop.hdds.scm.pipeline.RatisPipelineProvider.lambda$null$5(RatisPipelineProvider.java:231)
	at java.util.stream.ForEachOps$ForEachOp$OfRef.accept(ForEachOps.java:184)
	at java.util.ArrayList$ArrayListSpliterator.forEachRemaining(ArrayList.java:1382)
	at java.util.stream.AbstractPipeline.copyInto(AbstractPipeline.java:482)
	at java.util.stream.ForEachOps$ForEachTask.compute(ForEachOps.java:291)
	at java.util.concurrent.CountedCompleter.exec(CountedCompleter.java:731)
	at java.util.concurrent.ForkJoinTask.doExec(ForkJoinTask.java:289)
	at java.util.concurrent.ForkJoinPool$WorkQueue.runTask(ForkJoinPool.java:1056)
	at java.util.concurrent.ForkJoinPool.runWorker(ForkJoinPool.java:1692)
	at java.util.concurrent.ForkJoinWorkerThread.run(ForkJoinWorkerThread.java:157)
Caused by: org.apache.ratis.thirdparty.io.grpc.StatusRuntimeException: DEADLINE_EXCEEDED: deadline exceeded after 2999738740ns
	at org.apache.ratis.thirdparty.io.grpc.stub.ClientCalls.toStatusRuntimeException(ClientCalls.java:233)
	at org.apache.ratis.thirdparty.io.grpc.stub.ClientCalls.getUnchecked(ClientCalls.java:214)
	at org.apache.ratis.thirdparty.io.grpc.stub.ClientCalls.blockingUnaryCall(ClientCalls.java:139)
	at org.apache.ratis.proto.grpc.AdminProtocolServiceGrpc$AdminProtocolServiceBlockingStub.groupManagement(AdminProtocolServiceGrpc.java:274)
	at org.apache.ratis.grpc.client.GrpcClientProtocolClient.lambda$groupAdd$3(GrpcClientProtocolClient.java:140)
	at org.apache.ratis.grpc.client.GrpcClientProtocolClient.blockingCall(GrpcClientProtocolClient.java:167)
	... 15 more
2019-08-29 08:46:29,577 [IPC Server handler 4 on 43221] WARN  block.BlockManagerImpl (BlockManagerImpl.java:allocateBlock(192)) - Pipeline creation failed for type:RATIS factor:THREE. Retrying get pipelines call once.
org.apache.hadoop.io.MultipleIOException: 3 exceptions [java.io.IOException: Failed invoke Ratis rpc org.apache.hadoop.hdds.scm.pipeline.RatisPipelineProvider$$Lambda$187/1505492594@77f6a27f for 4204fb3a-7736-45d2-bbed-750a692783ae, java.io.IOException: Failed invoke Ratis rpc org.apache.hadoop.hdds.scm.pipeline.RatisPipelineProvider$$Lambda$187/1505492594@77f6a27f for 80032fdc-d78b-4a88-9434-3ce010c31b3f, java.io.IOException: Failed invoke Ratis rpc org.apache.hadoop.hdds.scm.pipeline.RatisPipelineProvider$$Lambda$187/1505492594@77f6a27f for e5fd3c67-4f38-41ed-8073-51136f0efc00]
	at org.apache.hadoop.io.MultipleIOException.createIOException(MultipleIOException.java:53)
	at org.apache.hadoop.hdds.scm.pipeline.RatisPipelineProvider.callRatisRpc(RatisPipelineProvider.java:251)
	at org.apache.hadoop.hdds.scm.pipeline.RatisPipelineProvider.initializePipeline(RatisPipelineProvider.java:192)
	at org.apache.hadoop.hdds.scm.pipeline.RatisPipelineProvider.create(RatisPipelineProvider.java:161)
	at org.apache.hadoop.hdds.scm.pipeline.PipelineFactory.create(PipelineFactory.java:57)
	at org.apache.hadoop.hdds.scm.pipeline.SCMPipelineManager.createPipeline(SCMPipelineManager.java:149)
	at org.apache.hadoop.hdds.scm.block.BlockManagerImpl.allocateBlock(BlockManagerImpl.java:190)
	at org.apache.hadoop.hdds.scm.server.SCMBlockProtocolServer.allocateBlock(SCMBlockProtocolServer.java:175)
	at org.apache.hadoop.ozone.protocolPB.ScmBlockLocationProtocolServerSideTranslatorPB.allocateScmBlock(ScmBlockLocationProtocolServerSideTranslatorPB.java:153)
	at org.apache.hadoop.ozone.protocolPB.ScmBlockLocationProtocolServerSideTranslatorPB.send(ScmBlockLocationProtocolServerSideTranslatorPB.java:112)
	at org.apache.hadoop.hdds.protocol.proto.ScmBlockLocationProtocolProtos$ScmBlockLocationProtocolService$2.callBlockingMethod(ScmBlockLocationProtocolProtos.java:13157)
	at org.apache.hadoop.ipc.ProtobufRpcEngine$Server$ProtoBufRpcInvoker.call(ProtobufRpcEngine.java:524)
	at org.apache.hadoop.ipc.RPC$Server.call(RPC.java:1025)
	at org.apache.hadoop.ipc.Server$RpcCall.run(Server.java:876)
	at org.apache.hadoop.ipc.Server$RpcCall.run(Server.java:822)
	at java.security.AccessController.doPrivileged(Native Method)
	at javax.security.auth.Subject.doAs(Subject.java:422)
	at org.apache.hadoop.security.UserGroupInformation.doAs(UserGroupInformation.java:1730)
	at org.apache.hadoop.ipc.Server$Handler.run(Server.java:2682)
2019-08-29 08:46:29,578 [IPC Server handler 4 on 43221] INFO  block.BlockManagerImpl (BlockManagerImpl.java:allocateBlock(198)) - Could not find available pipeline of type:RATIS and factor:THREE even after retrying
2019-08-29 08:46:29,578 [IPC Server handler 4 on 43221] ERROR block.BlockManagerImpl (BlockManagerImpl.java:allocateBlock(222)) - Unable to allocate a block for the size: 4194304, type: RATIS, factor: THREE
2019-08-29 08:46:29,579 | INFO  | SCMAudit | user=jenkins1000 | ip=192.168.5.176 | op=ALLOCATE_BLOCK {owner=f6230dbf-a8ec-4634-92ba-e9f4c9df306f, size=4194304, type=RATIS, factor=THREE} | ret=SUCCESS |  
]]></system-out>
  </testcase>
  <testcase name="testDiscardPreallocatedBlocks" classname="org.apache.hadoop.ozone.client.rpc.TestCloseContainerHandlingByClient" time="0">
    <skipped/>
  </testcase>
</testsuite>