<?xml version="1.0" encoding="UTF-8"?>
<testsuite xmlns:xsi="http://www.w3.org/2001/XMLSchema-instance" xsi:noNamespaceSchemaLocation="https://maven.apache.org/surefire/maven-surefire-plugin/xsd/surefire-test-report.xsd" name="org.apache.hadoop.ozone.client.rpc.TestMultiBlockWritesWithDnFailures" time="102.705" tests="2" errors="0" skipped="0" failures="1">
  <properties>
    <property name="awt.toolkit" value="sun.awt.X11.XToolkit"/>
    <property name="file.encoding.pkg" value="sun.io"/>
    <property name="java.specification.version" value="1.8"/>
    <property name="sun.cpu.isalist" value=""/>
    <property name="sun.jnu.encoding" value="UTF-8"/>
    <property name="java.class.path" value="/workdir/hadoop-ozone/integration-test/target/test-classes:/workdir/hadoop-ozone/integration-test/target/classes:/home/user/.m2/repository/org/apache/hadoop/hadoop-ozone-common/0.5.0-SNAPSHOT/hadoop-ozone-common-0.5.0-SNAPSHOT.jar:/home/user/.m2/repository/org/apache/commons/commons-compress/1.4.1/commons-compress-1.4.1.jar:/home/user/.m2/repository/org/tukaani/xz/1.0/xz-1.0.jar:/home/user/.m2/repository/org/apache/hadoop/hadoop-common/3.2.0/hadoop-common-3.2.0.jar:/home/user/.m2/repository/org/apache/hadoop/hadoop-hdfs/3.2.0/hadoop-hdfs-3.2.0.jar:/home/user/.m2/repository/org/apache/hadoop/hadoop-hdfs-client/3.2.0/hadoop-hdfs-client-3.2.0.jar:/home/user/.m2/repository/com/fasterxml/jackson/core/jackson-annotations/2.9.5/jackson-annotations-2.9.5.jar:/home/user/.m2/repository/org/apache/hadoop/hadoop-hdds-common/0.5.0-SNAPSHOT/hadoop-hdds-common-0.5.0-SNAPSHOT.jar:/home/user/.m2/repository/javax/annotation/javax.annotation-api/1.2/javax.annotation-api-1.2.jar:/home/user/.m2/repository/org/apache/ratis/ratis-server/0.4.0-2337318-SNAPSHOT/ratis-server-0.4.0-2337318-SNAPSHOT.jar:/home/user/.m2/repository/org/apache/ratis/ratis-thirdparty-misc/0.2.0/ratis-thirdparty-misc-0.2.0.jar:/home/user/.m2/repository/org/apache/ratis/ratis-proto/0.4.0-2337318-SNAPSHOT/ratis-proto-0.4.0-2337318-SNAPSHOT.jar:/home/user/.m2/repository/org/apache/ratis/ratis-common/0.4.0-2337318-SNAPSHOT/ratis-common-0.4.0-2337318-SNAPSHOT.jar:/home/user/.m2/repository/org/apache/ratis/ratis-client/0.4.0-2337318-SNAPSHOT/ratis-client-0.4.0-2337318-SNAPSHOT.jar:/home/user/.m2/repository/org/apache/ratis/ratis-metrics/0.4.0-2337318-SNAPSHOT/ratis-metrics-0.4.0-2337318-SNAPSHOT.jar:/home/user/.m2/repository/org/apache/ratis/ratis-netty/0.4.0-2337318-SNAPSHOT/ratis-netty-0.4.0-2337318-SNAPSHOT.jar:/home/user/.m2/repository/org/apache/ratis/ratis-grpc/0.4.0-2337318-SNAPSHOT/ratis-grpc-0.4.0-2337318-SNAPSHOT.jar:/home/user/.m2/repository/org/rocksdb/rocksdbjni/6.0.1/rocksdbjni-6.0.1.jar:/home/user/.m2/repository/org/apache/logging/log4j/log4j-api/2.11.0/log4j-api-2.11.0.jar:/home/user/.m2/repository/org/apache/logging/log4j/log4j-core/2.11.0/log4j-core-2.11.0.jar:/home/user/.m2/repository/com/lmax/disruptor/3.4.2/disruptor-3.4.2.jar:/home/user/.m2/repository/org/apache/commons/commons-pool2/2.6.0/commons-pool2-2.6.0.jar:/home/user/.m2/repository/org/bouncycastle/bcpkix-jdk15on/1.60/bcpkix-jdk15on-1.60.jar:/home/user/.m2/repository/commons-validator/commons-validator/1.6/commons-validator-1.6.jar:/home/user/.m2/repository/commons-digester/commons-digester/1.8.1/commons-digester-1.8.1.jar:/home/user/.m2/repository/io/jaegertracing/jaeger-client/0.33.1/jaeger-client-0.33.1.jar:/home/user/.m2/repository/io/jaegertracing/jaeger-thrift/0.33.1/jaeger-thrift-0.33.1.jar:/home/user/.m2/repository/org/apache/thrift/libthrift/0.11.0/libthrift-0.11.0.jar:/home/user/.m2/repository/com/squareup/okhttp3/okhttp/3.9.0/okhttp-3.9.0.jar:/home/user/.m2/repository/com/squareup/okio/okio/1.13.0/okio-1.13.0.jar:/home/user/.m2/repository/io/jaegertracing/jaeger-core/0.33.1/jaeger-core-0.33.1.jar:/home/user/.m2/repository/io/jaegertracing/jaeger-tracerresolver/0.33.1/jaeger-tracerresolver-0.33.1.jar:/home/user/.m2/repository/io/opentracing/contrib/opentracing-tracerresolver/0.1.5/opentracing-tracerresolver-0.1.5.jar:/home/user/.m2/repository/io/opentracing/opentracing-util/0.31.0/opentracing-util-0.31.0.jar:/home/user/.m2/repository/io/opentracing/opentracing-api/0.31.0/opentracing-api-0.31.0.jar:/home/user/.m2/repository/io/opentracing/opentracing-noop/0.31.0/opentracing-noop-0.31.0.jar:/home/user/.m2/repository/org/apache/hadoop/hadoop-hdds-server-framework/0.5.0-SNAPSHOT/hadoop-hdds-server-framework-0.5.0-SNAPSHOT.jar:/home/user/.m2/repository/org/apache/hadoop/hadoop-hdds-container-service/0.5.0-SNAPSHOT/hadoop-hdds-container-service-0.5.0-SNAPSHOT.jar:/home/user/.m2/repository/org/apache/hadoop/hadoop-hdds-client/0.5.0-SNAPSHOT/hadoop-hdds-client-0.5.0-SNAPSHOT.jar:/home/user/.m2/repository/org/apache/hadoop/hadoop-hdds-tools/0.5.0-SNAPSHOT/hadoop-hdds-tools-0.5.0-SNAPSHOT.jar:/home/user/.m2/repository/org/apache/hadoop/hadoop-hdds-server-scm/0.5.0-SNAPSHOT/hadoop-hdds-server-scm-0.5.0-SNAPSHOT.jar:/home/user/.m2/repository/org/apache/hadoop/hadoop-hdds-docs/0.5.0-SNAPSHOT/hadoop-hdds-docs-0.5.0-SNAPSHOT.jar:/home/user/.m2/repository/io/dropwizard/metrics/metrics-core/3.2.4/metrics-core-3.2.4.jar:/home/user/.m2/repository/org/hamcrest/hamcrest-all/1.3/hamcrest-all-1.3.jar:/home/user/.m2/repository/org/bouncycastle/bcprov-jdk15on/1.60/bcprov-jdk15on-1.60.jar:/home/user/.m2/repository/info/picocli/picocli/3.9.6/picocli-3.9.6.jar:/home/user/.m2/repository/com/google/protobuf/protobuf-java/2.5.0/protobuf-java-2.5.0.jar:/home/user/.m2/repository/com/google/guava/guava/11.0.2/guava-11.0.2.jar:/home/user/.m2/repository/org/apache/hadoop/hadoop-ozone-ozone-manager/0.5.0-SNAPSHOT/hadoop-ozone-ozone-manager-0.5.0-SNAPSHOT.jar:/home/user/.m2/repository/org/apache/hadoop/hadoop-minikdc/3.2.0/hadoop-minikdc-3.2.0.jar:/home/user/.m2/repository/commons-io/commons-io/2.5/commons-io-2.5.jar:/home/user/.m2/repository/org/apache/kerby/kerb-simplekdc/1.0.1/kerb-simplekdc-1.0.1.jar:/home/user/.m2/repository/org/apache/kerby/kerb-client/1.0.1/kerb-client-1.0.1.jar:/home/user/.m2/repository/org/apache/kerby/kerby-config/1.0.1/kerby-config-1.0.1.jar:/home/user/.m2/repository/org/apache/kerby/kerb-core/1.0.1/kerb-core-1.0.1.jar:/home/user/.m2/repository/org/apache/kerby/kerby-pkix/1.0.1/kerby-pkix-1.0.1.jar:/home/user/.m2/repository/org/apache/kerby/kerby-asn1/1.0.1/kerby-asn1-1.0.1.jar:/home/user/.m2/repository/org/apache/kerby/kerby-util/1.0.1/kerby-util-1.0.1.jar:/home/user/.m2/repository/org/apache/kerby/kerb-common/1.0.1/kerb-common-1.0.1.jar:/home/user/.m2/repository/org/apache/kerby/kerb-crypto/1.0.1/kerb-crypto-1.0.1.jar:/home/user/.m2/repository/org/apache/kerby/kerb-util/1.0.1/kerb-util-1.0.1.jar:/home/user/.m2/repository/org/apache/kerby/token-provider/1.0.1/token-provider-1.0.1.jar:/home/user/.m2/repository/org/apache/kerby/kerb-admin/1.0.1/kerb-admin-1.0.1.jar:/home/user/.m2/repository/org/apache/kerby/kerb-server/1.0.1/kerb-server-1.0.1.jar:/home/user/.m2/repository/org/apache/kerby/kerb-identity/1.0.1/kerb-identity-1.0.1.jar:/home/user/.m2/repository/org/apache/kerby/kerby-xdr/1.0.1/kerby-xdr-1.0.1.jar:/home/user/.m2/repository/org/slf4j/slf4j-log4j12/1.7.25/slf4j-log4j12-1.7.25.jar:/home/user/.m2/repository/org/apache/hadoop/hadoop-ozone-s3gateway/0.5.0-SNAPSHOT/hadoop-ozone-s3gateway-0.5.0-SNAPSHOT.jar:/home/user/.m2/repository/org/jboss/weld/servlet/weld-servlet/2.4.7.Final/weld-servlet-2.4.7.Final.jar:/home/user/.m2/repository/org/glassfish/jersey/containers/jersey-container-servlet-core/2.27/jersey-container-servlet-core-2.27.jar:/home/user/.m2/repository/org/glassfish/hk2/external/javax.inject/2.5.0-b42/javax.inject-2.5.0-b42.jar:/home/user/.m2/repository/org/glassfish/jersey/core/jersey-common/2.27/jersey-common-2.27.jar:/home/user/.m2/repository/org/glassfish/hk2/osgi-resource-locator/1.0.1/osgi-resource-locator-1.0.1.jar:/home/user/.m2/repository/javax/ws/rs/javax.ws.rs-api/2.1/javax.ws.rs-api-2.1.jar:/home/user/.m2/repository/org/glassfish/jersey/ext/cdi/jersey-cdi1x/2.27/jersey-cdi1x-2.27.jar:/home/user/.m2/repository/org/glassfish/jersey/inject/jersey-hk2/2.27/jersey-hk2-2.27.jar:/home/user/.m2/repository/org/glassfish/hk2/hk2-locator/2.5.0-b42/hk2-locator-2.5.0-b42.jar:/home/user/.m2/repository/org/javassist/javassist/3.22.0-CR2/javassist-3.22.0-CR2.jar:/home/user/.m2/repository/org/glassfish/hk2/hk2-api/2.5.0/hk2-api-2.5.0.jar:/home/user/.m2/repository/org/glassfish/hk2/external/jakarta.inject/2.5.0/jakarta.inject-2.5.0.jar:/home/user/.m2/repository/org/glassfish/hk2/hk2-utils/2.5.0/hk2-utils-2.5.0.jar:/home/user/.m2/repository/jakarta/annotation/jakarta.annotation-api/1.3.4/jakarta.annotation-api-1.3.4.jar:/home/user/.m2/repository/org/glassfish/hk2/external/aopalliance-repackaged/2.5.0/aopalliance-repackaged-2.5.0.jar:/home/user/.m2/repository/com/fasterxml/jackson/dataformat/jackson-dataformat-xml/2.9.0/jackson-dataformat-xml-2.9.0.jar:/home/user/.m2/repository/com/fasterxml/jackson/core/jackson-core/2.9.5/jackson-core-2.9.5.jar:/home/user/.m2/repository/com/fasterxml/jackson/module/jackson-module-jaxb-annotations/2.9.5/jackson-module-jaxb-annotations-2.9.5.jar:/home/user/.m2/repository/javax/enterprise/cdi-api/1.2/cdi-api-1.2.jar:/home/user/.m2/repository/javax/el/javax.el-api/3.0.0/javax.el-api-3.0.0.jar:/home/user/.m2/repository/javax/interceptor/javax.interceptor-api/1.2/javax.interceptor-api-1.2.jar:/home/user/.m2/repository/javax/inject/javax.inject/1/javax.inject-1.jar:/home/user/.m2/repository/com/sun/xml/bind/jaxb-impl/2.3.0.1/jaxb-impl-2.3.0.1.jar:/home/user/.m2/repository/com/sun/xml/bind/jaxb-core/2.3.0.1/jaxb-core-2.3.0.1.jar:/home/user/.m2/repository/javax/xml/bind/jaxb-api/2.3.0/jaxb-api-2.3.0.jar:/home/user/.m2/repository/javax/activation/activation/1.1.1/activation-1.1.1.jar:/home/user/.m2/repository/org/apache/hadoop/hadoop-ozone-csi/0.5.0-SNAPSHOT/hadoop-ozone-csi-0.5.0-SNAPSHOT.jar:/home/user/.m2/repository/com/google/protobuf/protobuf-java-util/3.5.1/protobuf-java-util-3.5.1.jar:/home/user/.m2/repository/org/apache/hadoop/hadoop-hdds-config/0.5.0-SNAPSHOT/hadoop-hdds-config-0.5.0-SNAPSHOT.jar:/home/user/.m2/repository/io/grpc/grpc-netty/1.17.1/grpc-netty-1.17.1.jar:/home/user/.m2/repository/io/grpc/grpc-core/1.17.1/grpc-core-1.17.1.jar:/home/user/.m2/repository/io/grpc/grpc-context/1.17.1/grpc-context-1.17.1.jar:/home/user/.m2/repository/com/google/errorprone/error_prone_annotations/2.2.0/error_prone_annotations-2.2.0.jar:/home/user/.m2/repository/org/codehaus/mojo/animal-sniffer-annotations/1.17/animal-sniffer-annotations-1.17.jar:/home/user/.m2/repository/io/opencensus/opencensus-api/0.17.0/opencensus-api-0.17.0.jar:/home/user/.m2/repository/io/opencensus/opencensus-contrib-grpc-metrics/0.17.0/opencensus-contrib-grpc-metrics-0.17.0.jar:/home/user/.m2/repository/io/netty/netty-codec-http2/4.1.30.Final/netty-codec-http2-4.1.30.Final.jar:/home/user/.m2/repository/io/netty/netty-codec-http/4.1.30.Final/netty-codec-http-4.1.30.Final.jar:/home/user/.m2/repository/io/netty/netty-codec/4.1.30.Final/netty-codec-4.1.30.Final.jar:/home/user/.m2/repository/io/netty/netty-handler/4.1.30.Final/netty-handler-4.1.30.Final.jar:/home/user/.m2/repository/io/netty/netty-handler-proxy/4.1.30.Final/netty-handler-proxy-4.1.30.Final.jar:/home/user/.m2/repository/io/netty/netty-codec-socks/4.1.30.Final/netty-codec-socks-4.1.30.Final.jar:/home/user/.m2/repository/io/netty/netty-transport-native-epoll/4.1.30.Final/netty-transport-native-epoll-4.1.30.Final.jar:/home/user/.m2/repository/io/netty/netty-common/4.1.30.Final/netty-common-4.1.30.Final.jar:/home/user/.m2/repository/io/netty/netty-buffer/4.1.30.Final/netty-buffer-4.1.30.Final.jar:/home/user/.m2/repository/io/netty/netty-transport/4.1.30.Final/netty-transport-4.1.30.Final.jar:/home/user/.m2/repository/io/netty/netty-resolver/4.1.30.Final/netty-resolver-4.1.30.Final.jar:/home/user/.m2/repository/io/netty/netty-transport-native-unix-common/4.1.30.Final/netty-transport-native-unix-common-4.1.30.Final.jar:/home/user/.m2/repository/io/grpc/grpc-protobuf/1.17.1/grpc-protobuf-1.17.1.jar:/home/user/.m2/repository/com/google/api/grpc/proto-google-common-protos/1.0.0/proto-google-common-protos-1.0.0.jar:/home/user/.m2/repository/io/grpc/grpc-protobuf-lite/1.17.1/grpc-protobuf-lite-1.17.1.jar:/home/user/.m2/repository/io/grpc/grpc-stub/1.17.1/grpc-stub-1.17.1.jar:/home/user/.m2/repository/org/apache/hadoop/hadoop-ozone-recon/0.5.0-SNAPSHOT/hadoop-ozone-recon-0.5.0-SNAPSHOT.jar:/home/user/.m2/repository/org/apache/hadoop/hadoop-ozone-reconcodegen/0.5.0-SNAPSHOT/hadoop-ozone-reconcodegen-0.5.0-SNAPSHOT.jar:/home/user/.m2/repository/com/google/inject/extensions/guice-multibindings/4.0/guice-multibindings-4.0.jar:/home/user/.m2/repository/com/google/inject/guice/4.0/guice-4.0.jar:/home/user/.m2/repository/aopalliance/aopalliance/1.0/aopalliance-1.0.jar:/home/user/.m2/repository/com/google/inject/extensions/guice-servlet/4.0/guice-servlet-4.0.jar:/home/user/.m2/repository/org/glassfish/jersey/containers/jersey-container-servlet/2.27/jersey-container-servlet-2.27.jar:/home/user/.m2/repository/org/glassfish/hk2/guice-bridge/2.5.0/guice-bridge-2.5.0.jar:/home/user/.m2/repository/org/glassfish/jersey/core/jersey-server/2.27/jersey-server-2.27.jar:/home/user/.m2/repository/org/glassfish/jersey/core/jersey-client/2.27/jersey-client-2.27.jar:/home/user/.m2/repository/org/glassfish/jersey/media/jersey-media-jaxb/2.27/jersey-media-jaxb-2.27.jar:/home/user/.m2/repository/javax/validation/validation-api/1.1.0.Final/validation-api-1.1.0.Final.jar:/home/user/.m2/repository/org/glassfish/jersey/media/jersey-media-json-jackson/2.27/jersey-media-json-jackson-2.27.jar:/home/user/.m2/repository/org/glassfish/jersey/ext/jersey-entity-filtering/2.27/jersey-entity-filtering-2.27.jar:/home/user/.m2/repository/com/google/inject/extensions/guice-assistedinject/4.0/guice-assistedinject-4.0.jar:/home/user/.m2/repository/org/jooq/jooq/3.11.10/jooq-3.11.10.jar:/home/user/.m2/repository/org/jooq/jooq-meta/3.11.10/jooq-meta-3.11.10.jar:/home/user/.m2/repository/org/jooq/jooq-codegen/3.11.10/jooq-codegen-3.11.10.jar:/home/user/.m2/repository/com/jolbox/bonecp/0.8.0.RELEASE/bonecp-0.8.0.RELEASE.jar:/home/user/.m2/repository/org/xerial/sqlite-jdbc/3.25.2/sqlite-jdbc-3.25.2.jar:/home/user/.m2/repository/org/springframework/spring-jdbc/5.1.3.RELEASE/spring-jdbc-5.1.3.RELEASE.jar:/home/user/.m2/repository/org/springframework/spring-beans/5.1.3.RELEASE/spring-beans-5.1.3.RELEASE.jar:/home/user/.m2/repository/org/springframework/spring-core/5.1.3.RELEASE/spring-core-5.1.3.RELEASE.jar:/home/user/.m2/repository/org/springframework/spring-jcl/5.1.3.RELEASE/spring-jcl-5.1.3.RELEASE.jar:/home/user/.m2/repository/org/springframework/spring-tx/5.1.3.RELEASE/spring-tx-5.1.3.RELEASE.jar:/home/user/.m2/repository/org/apache/hadoop/hadoop-ozone-client/0.5.0-SNAPSHOT/hadoop-ozone-client-0.5.0-SNAPSHOT.jar:/home/user/.m2/repository/commons-lang/commons-lang/2.6/commons-lang-2.6.jar:/home/user/.m2/repository/org/apache/hadoop/hadoop-ozone-ozone-manager/0.5.0-SNAPSHOT/hadoop-ozone-ozone-manager-0.5.0-SNAPSHOT-tests.jar:/home/user/.m2/repository/junit/junit/4.11/junit-4.11.jar:/home/user/.m2/repository/org/hamcrest/hamcrest-core/1.3/hamcrest-core-1.3.jar:/home/user/.m2/repository/org/openjdk/jmh/jmh-core/1.19/jmh-core-1.19.jar:/home/user/.m2/repository/net/sf/jopt-simple/jopt-simple/4.6/jopt-simple-4.6.jar:/home/user/.m2/repository/org/apache/commons/commons-math3/3.1.1/commons-math3-3.1.1.jar:/home/user/.m2/repository/org/openjdk/jmh/jmh-generator-annprocess/1.19/jmh-generator-annprocess-1.19.jar:/home/user/.m2/repository/org/mockito/mockito-all/1.8.5/mockito-all-1.8.5.jar:/home/user/.m2/repository/org/apache/hadoop/hadoop-kms/3.2.0/hadoop-kms-3.2.0.jar:/home/user/.m2/repository/org/apache/hadoop/hadoop-auth/3.2.0/hadoop-auth-3.2.0.jar:/home/user/.m2/repository/com/nimbusds/nimbus-jose-jwt/4.41.1/nimbus-jose-jwt-4.41.1.jar:/home/user/.m2/repository/com/github/stephenc/jcip/jcip-annotations/1.0-1/jcip-annotations-1.0-1.jar:/home/user/.m2/repository/net/minidev/json-smart/2.3/json-smart-2.3.jar:/home/user/.m2/repository/net/minidev/accessors-smart/1.2/accessors-smart-1.2.jar:/home/user/.m2/repository/org/ow2/asm/asm/5.0.4/asm-5.0.4.jar:/home/user/.m2/repository/org/apache/curator/curator-framework/2.12.0/curator-framework-2.12.0.jar:/home/user/.m2/repository/com/sun/jersey/jersey-core/1.19/jersey-core-1.19.jar:/home/user/.m2/repository/javax/ws/rs/jsr311-api/1.1.1/jsr311-api-1.1.1.jar:/home/user/.m2/repository/com/sun/jersey/jersey-server/1.19/jersey-server-1.19.jar:/home/user/.m2/repository/javax/servlet/javax.servlet-api/3.1.0/javax.servlet-api-3.1.0.jar:/home/user/.m2/repository/org/eclipse/jetty/jetty-server/9.3.24.v20180605/jetty-server-9.3.24.v20180605.jar:/home/user/.m2/repository/org/eclipse/jetty/jetty-http/9.3.24.v20180605/jetty-http-9.3.24.v20180605.jar:/home/user/.m2/repository/org/eclipse/jetty/jetty-io/9.3.24.v20180605/jetty-io-9.3.24.v20180605.jar:/home/user/.m2/repository/org/eclipse/jetty/jetty-webapp/9.3.24.v20180605/jetty-webapp-9.3.24.v20180605.jar:/home/user/.m2/repository/org/eclipse/jetty/jetty-xml/9.3.24.v20180605/jetty-xml-9.3.24.v20180605.jar:/home/user/.m2/repository/log4j/log4j/1.2.17/log4j-1.2.17.jar:/home/user/.m2/repository/org/slf4j/slf4j-api/1.7.25/slf4j-api-1.7.25.jar:/home/user/.m2/repository/org/slf4j/jul-to-slf4j/1.7.25/jul-to-slf4j-1.7.25.jar:/home/user/.m2/repository/org/eclipse/jetty/jetty-util/9.3.24.v20180605/jetty-util-9.3.24.v20180605.jar:/home/user/.m2/repository/com/fasterxml/jackson/core/jackson-databind/2.9.5/jackson-databind-2.9.5.jar:/home/user/.m2/repository/org/apache/hadoop/hadoop-kms/3.2.0/hadoop-kms-3.2.0-tests.jar:/home/user/.m2/repository/org/apache/hadoop/hadoop-hdds-server-scm/0.5.0-SNAPSHOT/hadoop-hdds-server-scm-0.5.0-SNAPSHOT-tests.jar:/home/user/.m2/repository/org/apache/hadoop/hadoop-hdds-container-service/0.5.0-SNAPSHOT/hadoop-hdds-container-service-0.5.0-SNAPSHOT-tests.jar:/home/user/.m2/repository/org/yaml/snakeyaml/1.16/snakeyaml-1.16.jar:/home/user/.m2/repository/org/apache/hadoop/hadoop-common/3.2.0/hadoop-common-3.2.0-tests.jar:/home/user/.m2/repository/org/apache/hadoop/hadoop-annotations/3.2.0/hadoop-annotations-3.2.0.jar:/usr/lib/jvm/java-1.8-openjdk/jre/../lib/tools.jar:/home/user/.m2/repository/commons-cli/commons-cli/1.2/commons-cli-1.2.jar:/home/user/.m2/repository/org/apache/httpcomponents/httpclient/4.5.2/httpclient-4.5.2.jar:/home/user/.m2/repository/org/apache/httpcomponents/httpcore/4.4.4/httpcore-4.4.4.jar:/home/user/.m2/repository/commons-codec/commons-codec/1.11/commons-codec-1.11.jar:/home/user/.m2/repository/commons-net/commons-net/3.6/commons-net-3.6.jar:/home/user/.m2/repository/commons-collections/commons-collections/3.2.2/commons-collections-3.2.2.jar:/home/user/.m2/repository/org/eclipse/jetty/jetty-servlet/9.3.24.v20180605/jetty-servlet-9.3.24.v20180605.jar:/home/user/.m2/repository/org/eclipse/jetty/jetty-security/9.3.24.v20180605/jetty-security-9.3.24.v20180605.jar:/home/user/.m2/repository/javax/servlet/jsp/jsp-api/2.1/jsp-api-2.1.jar:/home/user/.m2/repository/com/sun/jersey/jersey-servlet/1.19/jersey-servlet-1.19.jar:/home/user/.m2/repository/com/sun/jersey/jersey-json/1.19/jersey-json-1.19.jar:/home/user/.m2/repository/org/codehaus/jettison/jettison/1.1/jettison-1.1.jar:/home/user/.m2/repository/org/codehaus/jackson/jackson-core-asl/1.9.13/jackson-core-asl-1.9.13.jar:/home/user/.m2/repository/org/codehaus/jackson/jackson-mapper-asl/1.9.13/jackson-mapper-asl-1.9.13.jar:/home/user/.m2/repository/org/codehaus/jackson/jackson-jaxrs/1.9.13/jackson-jaxrs-1.9.13.jar:/home/user/.m2/repository/org/codehaus/jackson/jackson-xc/1.9.13/jackson-xc-1.9.13.jar:/home/user/.m2/repository/commons-logging/commons-logging/1.1.3/commons-logging-1.1.3.jar:/home/user/.m2/repository/commons-beanutils/commons-beanutils/1.9.3/commons-beanutils-1.9.3.jar:/home/user/.m2/repository/org/apache/commons/commons-configuration2/2.1.1/commons-configuration2-2.1.1.jar:/home/user/.m2/repository/org/apache/commons/commons-lang3/3.7/commons-lang3-3.7.jar:/home/user/.m2/repository/org/apache/commons/commons-text/1.4/commons-text-1.4.jar:/home/user/.m2/repository/org/apache/avro/avro/1.7.7/avro-1.7.7.jar:/home/user/.m2/repository/com/thoughtworks/paranamer/paranamer/2.3/paranamer-2.3.jar:/home/user/.m2/repository/org/xerial/snappy/snappy-java/1.0.5/snappy-java-1.0.5.jar:/home/user/.m2/repository/com/google/re2j/re2j/1.1/re2j-1.1.jar:/home/user/.m2/repository/com/google/code/gson/gson/2.2.4/gson-2.2.4.jar:/home/user/.m2/repository/com/jcraft/jsch/0.1.54/jsch-0.1.54.jar:/home/user/.m2/repository/org/apache/curator/curator-client/2.12.0/curator-client-2.12.0.jar:/home/user/.m2/repository/org/apache/curator/curator-recipes/2.12.0/curator-recipes-2.12.0.jar:/home/user/.m2/repository/com/google/code/findbugs/jsr305/3.0.0/jsr305-3.0.0.jar:/home/user/.m2/repository/org/apache/htrace/htrace-core4/4.1.0-incubating/htrace-core4-4.1.0-incubating.jar:/home/user/.m2/repository/org/apache/zookeeper/zookeeper/3.4.13/zookeeper-3.4.13.jar:/home/user/.m2/repository/org/apache/yetus/audience-annotations/0.5.0/audience-annotations-0.5.0.jar:/home/user/.m2/repository/org/codehaus/woodstox/stax2-api/3.1.4/stax2-api-3.1.4.jar:/home/user/.m2/repository/com/fasterxml/woodstox/woodstox-core/5.0.3/woodstox-core-5.0.3.jar:/home/user/.m2/repository/dnsjava/dnsjava/2.1.7/dnsjava-2.1.7.jar:/home/user/.m2/repository/org/apache/hadoop/hadoop-hdfs/3.2.0/hadoop-hdfs-3.2.0-tests.jar:/home/user/.m2/repository/org/eclipse/jetty/jetty-util-ajax/9.3.24.v20180605/jetty-util-ajax-9.3.24.v20180605.jar:/home/user/.m2/repository/commons-daemon/commons-daemon/1.0.13/commons-daemon-1.0.13.jar:/home/user/.m2/repository/io/netty/netty/3.10.5.Final/netty-3.10.5.Final.jar:/home/user/.m2/repository/io/netty/netty-all/4.0.52.Final/netty-all-4.0.52.Final.jar:/home/user/.m2/repository/org/fusesource/leveldbjni/leveldbjni-all/1.8/leveldbjni-all-1.8.jar:"/>
    <property name="java.vm.vendor" value="IcedTea"/>
    <property name="sun.arch.data.model" value="64"/>
    <property name="test.build.dir" value="/workdir/hadoop-ozone/integration-test/target/test-dir"/>
    <property name="test.cache.data" value=""/>
    <property name="java.vendor.url" value="https://icedtea.classpath.org"/>
    <property name="user.timezone" value=""/>
    <property name="java.vm.specification.version" value="1.8"/>
    <property name="os.name" value="Linux"/>
    <property name="test.build.data" value="/workdir/hadoop-ozone/integration-test/target/test-dir"/>
    <property name="user.country" value="US"/>
    <property name="sun.java.launcher" value="SUN_STANDARD"/>
    <property name="sun.boot.library.path" value="/usr/lib/jvm/java-1.8-openjdk/jre/lib/amd64"/>
    <property name="sun.java.command" value="/workdir/hadoop-ozone/integration-test/target/surefire/surefirebooter7108290138482271663.jar /workdir/hadoop-ozone/integration-test/target/surefire 2019-08-29T07-52-49_054-jvmRun1 surefire1040547986372697717tmp surefire_302864805460799069073tmp"/>
    <property name="test" value="!TestMiniChaosOzoneCluster"/>
    <property name="surefire.test.class.path" value="/workdir/hadoop-ozone/integration-test/target/test-classes:/workdir/hadoop-ozone/integration-test/target/classes:/home/user/.m2/repository/org/apache/hadoop/hadoop-ozone-common/0.5.0-SNAPSHOT/hadoop-ozone-common-0.5.0-SNAPSHOT.jar:/home/user/.m2/repository/org/apache/commons/commons-compress/1.4.1/commons-compress-1.4.1.jar:/home/user/.m2/repository/org/tukaani/xz/1.0/xz-1.0.jar:/home/user/.m2/repository/org/apache/hadoop/hadoop-common/3.2.0/hadoop-common-3.2.0.jar:/home/user/.m2/repository/org/apache/hadoop/hadoop-hdfs/3.2.0/hadoop-hdfs-3.2.0.jar:/home/user/.m2/repository/org/apache/hadoop/hadoop-hdfs-client/3.2.0/hadoop-hdfs-client-3.2.0.jar:/home/user/.m2/repository/com/fasterxml/jackson/core/jackson-annotations/2.9.5/jackson-annotations-2.9.5.jar:/home/user/.m2/repository/org/apache/hadoop/hadoop-hdds-common/0.5.0-SNAPSHOT/hadoop-hdds-common-0.5.0-SNAPSHOT.jar:/home/user/.m2/repository/javax/annotation/javax.annotation-api/1.2/javax.annotation-api-1.2.jar:/home/user/.m2/repository/org/apache/ratis/ratis-server/0.4.0-2337318-SNAPSHOT/ratis-server-0.4.0-2337318-SNAPSHOT.jar:/home/user/.m2/repository/org/apache/ratis/ratis-thirdparty-misc/0.2.0/ratis-thirdparty-misc-0.2.0.jar:/home/user/.m2/repository/org/apache/ratis/ratis-proto/0.4.0-2337318-SNAPSHOT/ratis-proto-0.4.0-2337318-SNAPSHOT.jar:/home/user/.m2/repository/org/apache/ratis/ratis-common/0.4.0-2337318-SNAPSHOT/ratis-common-0.4.0-2337318-SNAPSHOT.jar:/home/user/.m2/repository/org/apache/ratis/ratis-client/0.4.0-2337318-SNAPSHOT/ratis-client-0.4.0-2337318-SNAPSHOT.jar:/home/user/.m2/repository/org/apache/ratis/ratis-metrics/0.4.0-2337318-SNAPSHOT/ratis-metrics-0.4.0-2337318-SNAPSHOT.jar:/home/user/.m2/repository/org/apache/ratis/ratis-netty/0.4.0-2337318-SNAPSHOT/ratis-netty-0.4.0-2337318-SNAPSHOT.jar:/home/user/.m2/repository/org/apache/ratis/ratis-grpc/0.4.0-2337318-SNAPSHOT/ratis-grpc-0.4.0-2337318-SNAPSHOT.jar:/home/user/.m2/repository/org/rocksdb/rocksdbjni/6.0.1/rocksdbjni-6.0.1.jar:/home/user/.m2/repository/org/apache/logging/log4j/log4j-api/2.11.0/log4j-api-2.11.0.jar:/home/user/.m2/repository/org/apache/logging/log4j/log4j-core/2.11.0/log4j-core-2.11.0.jar:/home/user/.m2/repository/com/lmax/disruptor/3.4.2/disruptor-3.4.2.jar:/home/user/.m2/repository/org/apache/commons/commons-pool2/2.6.0/commons-pool2-2.6.0.jar:/home/user/.m2/repository/org/bouncycastle/bcpkix-jdk15on/1.60/bcpkix-jdk15on-1.60.jar:/home/user/.m2/repository/commons-validator/commons-validator/1.6/commons-validator-1.6.jar:/home/user/.m2/repository/commons-digester/commons-digester/1.8.1/commons-digester-1.8.1.jar:/home/user/.m2/repository/io/jaegertracing/jaeger-client/0.33.1/jaeger-client-0.33.1.jar:/home/user/.m2/repository/io/jaegertracing/jaeger-thrift/0.33.1/jaeger-thrift-0.33.1.jar:/home/user/.m2/repository/org/apache/thrift/libthrift/0.11.0/libthrift-0.11.0.jar:/home/user/.m2/repository/com/squareup/okhttp3/okhttp/3.9.0/okhttp-3.9.0.jar:/home/user/.m2/repository/com/squareup/okio/okio/1.13.0/okio-1.13.0.jar:/home/user/.m2/repository/io/jaegertracing/jaeger-core/0.33.1/jaeger-core-0.33.1.jar:/home/user/.m2/repository/io/jaegertracing/jaeger-tracerresolver/0.33.1/jaeger-tracerresolver-0.33.1.jar:/home/user/.m2/repository/io/opentracing/contrib/opentracing-tracerresolver/0.1.5/opentracing-tracerresolver-0.1.5.jar:/home/user/.m2/repository/io/opentracing/opentracing-util/0.31.0/opentracing-util-0.31.0.jar:/home/user/.m2/repository/io/opentracing/opentracing-api/0.31.0/opentracing-api-0.31.0.jar:/home/user/.m2/repository/io/opentracing/opentracing-noop/0.31.0/opentracing-noop-0.31.0.jar:/home/user/.m2/repository/org/apache/hadoop/hadoop-hdds-server-framework/0.5.0-SNAPSHOT/hadoop-hdds-server-framework-0.5.0-SNAPSHOT.jar:/home/user/.m2/repository/org/apache/hadoop/hadoop-hdds-container-service/0.5.0-SNAPSHOT/hadoop-hdds-container-service-0.5.0-SNAPSHOT.jar:/home/user/.m2/repository/org/apache/hadoop/hadoop-hdds-client/0.5.0-SNAPSHOT/hadoop-hdds-client-0.5.0-SNAPSHOT.jar:/home/user/.m2/repository/org/apache/hadoop/hadoop-hdds-tools/0.5.0-SNAPSHOT/hadoop-hdds-tools-0.5.0-SNAPSHOT.jar:/home/user/.m2/repository/org/apache/hadoop/hadoop-hdds-server-scm/0.5.0-SNAPSHOT/hadoop-hdds-server-scm-0.5.0-SNAPSHOT.jar:/home/user/.m2/repository/org/apache/hadoop/hadoop-hdds-docs/0.5.0-SNAPSHOT/hadoop-hdds-docs-0.5.0-SNAPSHOT.jar:/home/user/.m2/repository/io/dropwizard/metrics/metrics-core/3.2.4/metrics-core-3.2.4.jar:/home/user/.m2/repository/org/hamcrest/hamcrest-all/1.3/hamcrest-all-1.3.jar:/home/user/.m2/repository/org/bouncycastle/bcprov-jdk15on/1.60/bcprov-jdk15on-1.60.jar:/home/user/.m2/repository/info/picocli/picocli/3.9.6/picocli-3.9.6.jar:/home/user/.m2/repository/com/google/protobuf/protobuf-java/2.5.0/protobuf-java-2.5.0.jar:/home/user/.m2/repository/com/google/guava/guava/11.0.2/guava-11.0.2.jar:/home/user/.m2/repository/org/apache/hadoop/hadoop-ozone-ozone-manager/0.5.0-SNAPSHOT/hadoop-ozone-ozone-manager-0.5.0-SNAPSHOT.jar:/home/user/.m2/repository/org/apache/hadoop/hadoop-minikdc/3.2.0/hadoop-minikdc-3.2.0.jar:/home/user/.m2/repository/commons-io/commons-io/2.5/commons-io-2.5.jar:/home/user/.m2/repository/org/apache/kerby/kerb-simplekdc/1.0.1/kerb-simplekdc-1.0.1.jar:/home/user/.m2/repository/org/apache/kerby/kerb-client/1.0.1/kerb-client-1.0.1.jar:/home/user/.m2/repository/org/apache/kerby/kerby-config/1.0.1/kerby-config-1.0.1.jar:/home/user/.m2/repository/org/apache/kerby/kerb-core/1.0.1/kerb-core-1.0.1.jar:/home/user/.m2/repository/org/apache/kerby/kerby-pkix/1.0.1/kerby-pkix-1.0.1.jar:/home/user/.m2/repository/org/apache/kerby/kerby-asn1/1.0.1/kerby-asn1-1.0.1.jar:/home/user/.m2/repository/org/apache/kerby/kerby-util/1.0.1/kerby-util-1.0.1.jar:/home/user/.m2/repository/org/apache/kerby/kerb-common/1.0.1/kerb-common-1.0.1.jar:/home/user/.m2/repository/org/apache/kerby/kerb-crypto/1.0.1/kerb-crypto-1.0.1.jar:/home/user/.m2/repository/org/apache/kerby/kerb-util/1.0.1/kerb-util-1.0.1.jar:/home/user/.m2/repository/org/apache/kerby/token-provider/1.0.1/token-provider-1.0.1.jar:/home/user/.m2/repository/org/apache/kerby/kerb-admin/1.0.1/kerb-admin-1.0.1.jar:/home/user/.m2/repository/org/apache/kerby/kerb-server/1.0.1/kerb-server-1.0.1.jar:/home/user/.m2/repository/org/apache/kerby/kerb-identity/1.0.1/kerb-identity-1.0.1.jar:/home/user/.m2/repository/org/apache/kerby/kerby-xdr/1.0.1/kerby-xdr-1.0.1.jar:/home/user/.m2/repository/org/slf4j/slf4j-log4j12/1.7.25/slf4j-log4j12-1.7.25.jar:/home/user/.m2/repository/org/apache/hadoop/hadoop-ozone-s3gateway/0.5.0-SNAPSHOT/hadoop-ozone-s3gateway-0.5.0-SNAPSHOT.jar:/home/user/.m2/repository/org/jboss/weld/servlet/weld-servlet/2.4.7.Final/weld-servlet-2.4.7.Final.jar:/home/user/.m2/repository/org/glassfish/jersey/containers/jersey-container-servlet-core/2.27/jersey-container-servlet-core-2.27.jar:/home/user/.m2/repository/org/glassfish/hk2/external/javax.inject/2.5.0-b42/javax.inject-2.5.0-b42.jar:/home/user/.m2/repository/org/glassfish/jersey/core/jersey-common/2.27/jersey-common-2.27.jar:/home/user/.m2/repository/org/glassfish/hk2/osgi-resource-locator/1.0.1/osgi-resource-locator-1.0.1.jar:/home/user/.m2/repository/javax/ws/rs/javax.ws.rs-api/2.1/javax.ws.rs-api-2.1.jar:/home/user/.m2/repository/org/glassfish/jersey/ext/cdi/jersey-cdi1x/2.27/jersey-cdi1x-2.27.jar:/home/user/.m2/repository/org/glassfish/jersey/inject/jersey-hk2/2.27/jersey-hk2-2.27.jar:/home/user/.m2/repository/org/glassfish/hk2/hk2-locator/2.5.0-b42/hk2-locator-2.5.0-b42.jar:/home/user/.m2/repository/org/javassist/javassist/3.22.0-CR2/javassist-3.22.0-CR2.jar:/home/user/.m2/repository/org/glassfish/hk2/hk2-api/2.5.0/hk2-api-2.5.0.jar:/home/user/.m2/repository/org/glassfish/hk2/external/jakarta.inject/2.5.0/jakarta.inject-2.5.0.jar:/home/user/.m2/repository/org/glassfish/hk2/hk2-utils/2.5.0/hk2-utils-2.5.0.jar:/home/user/.m2/repository/jakarta/annotation/jakarta.annotation-api/1.3.4/jakarta.annotation-api-1.3.4.jar:/home/user/.m2/repository/org/glassfish/hk2/external/aopalliance-repackaged/2.5.0/aopalliance-repackaged-2.5.0.jar:/home/user/.m2/repository/com/fasterxml/jackson/dataformat/jackson-dataformat-xml/2.9.0/jackson-dataformat-xml-2.9.0.jar:/home/user/.m2/repository/com/fasterxml/jackson/core/jackson-core/2.9.5/jackson-core-2.9.5.jar:/home/user/.m2/repository/com/fasterxml/jackson/module/jackson-module-jaxb-annotations/2.9.5/jackson-module-jaxb-annotations-2.9.5.jar:/home/user/.m2/repository/javax/enterprise/cdi-api/1.2/cdi-api-1.2.jar:/home/user/.m2/repository/javax/el/javax.el-api/3.0.0/javax.el-api-3.0.0.jar:/home/user/.m2/repository/javax/interceptor/javax.interceptor-api/1.2/javax.interceptor-api-1.2.jar:/home/user/.m2/repository/javax/inject/javax.inject/1/javax.inject-1.jar:/home/user/.m2/repository/com/sun/xml/bind/jaxb-impl/2.3.0.1/jaxb-impl-2.3.0.1.jar:/home/user/.m2/repository/com/sun/xml/bind/jaxb-core/2.3.0.1/jaxb-core-2.3.0.1.jar:/home/user/.m2/repository/javax/xml/bind/jaxb-api/2.3.0/jaxb-api-2.3.0.jar:/home/user/.m2/repository/javax/activation/activation/1.1.1/activation-1.1.1.jar:/home/user/.m2/repository/org/apache/hadoop/hadoop-ozone-csi/0.5.0-SNAPSHOT/hadoop-ozone-csi-0.5.0-SNAPSHOT.jar:/home/user/.m2/repository/com/google/protobuf/protobuf-java-util/3.5.1/protobuf-java-util-3.5.1.jar:/home/user/.m2/repository/org/apache/hadoop/hadoop-hdds-config/0.5.0-SNAPSHOT/hadoop-hdds-config-0.5.0-SNAPSHOT.jar:/home/user/.m2/repository/io/grpc/grpc-netty/1.17.1/grpc-netty-1.17.1.jar:/home/user/.m2/repository/io/grpc/grpc-core/1.17.1/grpc-core-1.17.1.jar:/home/user/.m2/repository/io/grpc/grpc-context/1.17.1/grpc-context-1.17.1.jar:/home/user/.m2/repository/com/google/errorprone/error_prone_annotations/2.2.0/error_prone_annotations-2.2.0.jar:/home/user/.m2/repository/org/codehaus/mojo/animal-sniffer-annotations/1.17/animal-sniffer-annotations-1.17.jar:/home/user/.m2/repository/io/opencensus/opencensus-api/0.17.0/opencensus-api-0.17.0.jar:/home/user/.m2/repository/io/opencensus/opencensus-contrib-grpc-metrics/0.17.0/opencensus-contrib-grpc-metrics-0.17.0.jar:/home/user/.m2/repository/io/netty/netty-codec-http2/4.1.30.Final/netty-codec-http2-4.1.30.Final.jar:/home/user/.m2/repository/io/netty/netty-codec-http/4.1.30.Final/netty-codec-http-4.1.30.Final.jar:/home/user/.m2/repository/io/netty/netty-codec/4.1.30.Final/netty-codec-4.1.30.Final.jar:/home/user/.m2/repository/io/netty/netty-handler/4.1.30.Final/netty-handler-4.1.30.Final.jar:/home/user/.m2/repository/io/netty/netty-handler-proxy/4.1.30.Final/netty-handler-proxy-4.1.30.Final.jar:/home/user/.m2/repository/io/netty/netty-codec-socks/4.1.30.Final/netty-codec-socks-4.1.30.Final.jar:/home/user/.m2/repository/io/netty/netty-transport-native-epoll/4.1.30.Final/netty-transport-native-epoll-4.1.30.Final.jar:/home/user/.m2/repository/io/netty/netty-common/4.1.30.Final/netty-common-4.1.30.Final.jar:/home/user/.m2/repository/io/netty/netty-buffer/4.1.30.Final/netty-buffer-4.1.30.Final.jar:/home/user/.m2/repository/io/netty/netty-transport/4.1.30.Final/netty-transport-4.1.30.Final.jar:/home/user/.m2/repository/io/netty/netty-resolver/4.1.30.Final/netty-resolver-4.1.30.Final.jar:/home/user/.m2/repository/io/netty/netty-transport-native-unix-common/4.1.30.Final/netty-transport-native-unix-common-4.1.30.Final.jar:/home/user/.m2/repository/io/grpc/grpc-protobuf/1.17.1/grpc-protobuf-1.17.1.jar:/home/user/.m2/repository/com/google/api/grpc/proto-google-common-protos/1.0.0/proto-google-common-protos-1.0.0.jar:/home/user/.m2/repository/io/grpc/grpc-protobuf-lite/1.17.1/grpc-protobuf-lite-1.17.1.jar:/home/user/.m2/repository/io/grpc/grpc-stub/1.17.1/grpc-stub-1.17.1.jar:/home/user/.m2/repository/org/apache/hadoop/hadoop-ozone-recon/0.5.0-SNAPSHOT/hadoop-ozone-recon-0.5.0-SNAPSHOT.jar:/home/user/.m2/repository/org/apache/hadoop/hadoop-ozone-reconcodegen/0.5.0-SNAPSHOT/hadoop-ozone-reconcodegen-0.5.0-SNAPSHOT.jar:/home/user/.m2/repository/com/google/inject/extensions/guice-multibindings/4.0/guice-multibindings-4.0.jar:/home/user/.m2/repository/com/google/inject/guice/4.0/guice-4.0.jar:/home/user/.m2/repository/aopalliance/aopalliance/1.0/aopalliance-1.0.jar:/home/user/.m2/repository/com/google/inject/extensions/guice-servlet/4.0/guice-servlet-4.0.jar:/home/user/.m2/repository/org/glassfish/jersey/containers/jersey-container-servlet/2.27/jersey-container-servlet-2.27.jar:/home/user/.m2/repository/org/glassfish/hk2/guice-bridge/2.5.0/guice-bridge-2.5.0.jar:/home/user/.m2/repository/org/glassfish/jersey/core/jersey-server/2.27/jersey-server-2.27.jar:/home/user/.m2/repository/org/glassfish/jersey/core/jersey-client/2.27/jersey-client-2.27.jar:/home/user/.m2/repository/org/glassfish/jersey/media/jersey-media-jaxb/2.27/jersey-media-jaxb-2.27.jar:/home/user/.m2/repository/javax/validation/validation-api/1.1.0.Final/validation-api-1.1.0.Final.jar:/home/user/.m2/repository/org/glassfish/jersey/media/jersey-media-json-jackson/2.27/jersey-media-json-jackson-2.27.jar:/home/user/.m2/repository/org/glassfish/jersey/ext/jersey-entity-filtering/2.27/jersey-entity-filtering-2.27.jar:/home/user/.m2/repository/com/google/inject/extensions/guice-assistedinject/4.0/guice-assistedinject-4.0.jar:/home/user/.m2/repository/org/jooq/jooq/3.11.10/jooq-3.11.10.jar:/home/user/.m2/repository/org/jooq/jooq-meta/3.11.10/jooq-meta-3.11.10.jar:/home/user/.m2/repository/org/jooq/jooq-codegen/3.11.10/jooq-codegen-3.11.10.jar:/home/user/.m2/repository/com/jolbox/bonecp/0.8.0.RELEASE/bonecp-0.8.0.RELEASE.jar:/home/user/.m2/repository/org/xerial/sqlite-jdbc/3.25.2/sqlite-jdbc-3.25.2.jar:/home/user/.m2/repository/org/springframework/spring-jdbc/5.1.3.RELEASE/spring-jdbc-5.1.3.RELEASE.jar:/home/user/.m2/repository/org/springframework/spring-beans/5.1.3.RELEASE/spring-beans-5.1.3.RELEASE.jar:/home/user/.m2/repository/org/springframework/spring-core/5.1.3.RELEASE/spring-core-5.1.3.RELEASE.jar:/home/user/.m2/repository/org/springframework/spring-jcl/5.1.3.RELEASE/spring-jcl-5.1.3.RELEASE.jar:/home/user/.m2/repository/org/springframework/spring-tx/5.1.3.RELEASE/spring-tx-5.1.3.RELEASE.jar:/home/user/.m2/repository/org/apache/hadoop/hadoop-ozone-client/0.5.0-SNAPSHOT/hadoop-ozone-client-0.5.0-SNAPSHOT.jar:/home/user/.m2/repository/commons-lang/commons-lang/2.6/commons-lang-2.6.jar:/home/user/.m2/repository/org/apache/hadoop/hadoop-ozone-ozone-manager/0.5.0-SNAPSHOT/hadoop-ozone-ozone-manager-0.5.0-SNAPSHOT-tests.jar:/home/user/.m2/repository/junit/junit/4.11/junit-4.11.jar:/home/user/.m2/repository/org/hamcrest/hamcrest-core/1.3/hamcrest-core-1.3.jar:/home/user/.m2/repository/org/openjdk/jmh/jmh-core/1.19/jmh-core-1.19.jar:/home/user/.m2/repository/net/sf/jopt-simple/jopt-simple/4.6/jopt-simple-4.6.jar:/home/user/.m2/repository/org/apache/commons/commons-math3/3.1.1/commons-math3-3.1.1.jar:/home/user/.m2/repository/org/openjdk/jmh/jmh-generator-annprocess/1.19/jmh-generator-annprocess-1.19.jar:/home/user/.m2/repository/org/mockito/mockito-all/1.8.5/mockito-all-1.8.5.jar:/home/user/.m2/repository/org/apache/hadoop/hadoop-kms/3.2.0/hadoop-kms-3.2.0.jar:/home/user/.m2/repository/org/apache/hadoop/hadoop-auth/3.2.0/hadoop-auth-3.2.0.jar:/home/user/.m2/repository/com/nimbusds/nimbus-jose-jwt/4.41.1/nimbus-jose-jwt-4.41.1.jar:/home/user/.m2/repository/com/github/stephenc/jcip/jcip-annotations/1.0-1/jcip-annotations-1.0-1.jar:/home/user/.m2/repository/net/minidev/json-smart/2.3/json-smart-2.3.jar:/home/user/.m2/repository/net/minidev/accessors-smart/1.2/accessors-smart-1.2.jar:/home/user/.m2/repository/org/ow2/asm/asm/5.0.4/asm-5.0.4.jar:/home/user/.m2/repository/org/apache/curator/curator-framework/2.12.0/curator-framework-2.12.0.jar:/home/user/.m2/repository/com/sun/jersey/jersey-core/1.19/jersey-core-1.19.jar:/home/user/.m2/repository/javax/ws/rs/jsr311-api/1.1.1/jsr311-api-1.1.1.jar:/home/user/.m2/repository/com/sun/jersey/jersey-server/1.19/jersey-server-1.19.jar:/home/user/.m2/repository/javax/servlet/javax.servlet-api/3.1.0/javax.servlet-api-3.1.0.jar:/home/user/.m2/repository/org/eclipse/jetty/jetty-server/9.3.24.v20180605/jetty-server-9.3.24.v20180605.jar:/home/user/.m2/repository/org/eclipse/jetty/jetty-http/9.3.24.v20180605/jetty-http-9.3.24.v20180605.jar:/home/user/.m2/repository/org/eclipse/jetty/jetty-io/9.3.24.v20180605/jetty-io-9.3.24.v20180605.jar:/home/user/.m2/repository/org/eclipse/jetty/jetty-webapp/9.3.24.v20180605/jetty-webapp-9.3.24.v20180605.jar:/home/user/.m2/repository/org/eclipse/jetty/jetty-xml/9.3.24.v20180605/jetty-xml-9.3.24.v20180605.jar:/home/user/.m2/repository/log4j/log4j/1.2.17/log4j-1.2.17.jar:/home/user/.m2/repository/org/slf4j/slf4j-api/1.7.25/slf4j-api-1.7.25.jar:/home/user/.m2/repository/org/slf4j/jul-to-slf4j/1.7.25/jul-to-slf4j-1.7.25.jar:/home/user/.m2/repository/org/eclipse/jetty/jetty-util/9.3.24.v20180605/jetty-util-9.3.24.v20180605.jar:/home/user/.m2/repository/com/fasterxml/jackson/core/jackson-databind/2.9.5/jackson-databind-2.9.5.jar:/home/user/.m2/repository/org/apache/hadoop/hadoop-kms/3.2.0/hadoop-kms-3.2.0-tests.jar:/home/user/.m2/repository/org/apache/hadoop/hadoop-hdds-server-scm/0.5.0-SNAPSHOT/hadoop-hdds-server-scm-0.5.0-SNAPSHOT-tests.jar:/home/user/.m2/repository/org/apache/hadoop/hadoop-hdds-container-service/0.5.0-SNAPSHOT/hadoop-hdds-container-service-0.5.0-SNAPSHOT-tests.jar:/home/user/.m2/repository/org/yaml/snakeyaml/1.16/snakeyaml-1.16.jar:/home/user/.m2/repository/org/apache/hadoop/hadoop-common/3.2.0/hadoop-common-3.2.0-tests.jar:/home/user/.m2/repository/org/apache/hadoop/hadoop-annotations/3.2.0/hadoop-annotations-3.2.0.jar:/usr/lib/jvm/java-1.8-openjdk/jre/../lib/tools.jar:/home/user/.m2/repository/commons-cli/commons-cli/1.2/commons-cli-1.2.jar:/home/user/.m2/repository/org/apache/httpcomponents/httpclient/4.5.2/httpclient-4.5.2.jar:/home/user/.m2/repository/org/apache/httpcomponents/httpcore/4.4.4/httpcore-4.4.4.jar:/home/user/.m2/repository/commons-codec/commons-codec/1.11/commons-codec-1.11.jar:/home/user/.m2/repository/commons-net/commons-net/3.6/commons-net-3.6.jar:/home/user/.m2/repository/commons-collections/commons-collections/3.2.2/commons-collections-3.2.2.jar:/home/user/.m2/repository/org/eclipse/jetty/jetty-servlet/9.3.24.v20180605/jetty-servlet-9.3.24.v20180605.jar:/home/user/.m2/repository/org/eclipse/jetty/jetty-security/9.3.24.v20180605/jetty-security-9.3.24.v20180605.jar:/home/user/.m2/repository/javax/servlet/jsp/jsp-api/2.1/jsp-api-2.1.jar:/home/user/.m2/repository/com/sun/jersey/jersey-servlet/1.19/jersey-servlet-1.19.jar:/home/user/.m2/repository/com/sun/jersey/jersey-json/1.19/jersey-json-1.19.jar:/home/user/.m2/repository/org/codehaus/jettison/jettison/1.1/jettison-1.1.jar:/home/user/.m2/repository/org/codehaus/jackson/jackson-core-asl/1.9.13/jackson-core-asl-1.9.13.jar:/home/user/.m2/repository/org/codehaus/jackson/jackson-mapper-asl/1.9.13/jackson-mapper-asl-1.9.13.jar:/home/user/.m2/repository/org/codehaus/jackson/jackson-jaxrs/1.9.13/jackson-jaxrs-1.9.13.jar:/home/user/.m2/repository/org/codehaus/jackson/jackson-xc/1.9.13/jackson-xc-1.9.13.jar:/home/user/.m2/repository/commons-logging/commons-logging/1.1.3/commons-logging-1.1.3.jar:/home/user/.m2/repository/commons-beanutils/commons-beanutils/1.9.3/commons-beanutils-1.9.3.jar:/home/user/.m2/repository/org/apache/commons/commons-configuration2/2.1.1/commons-configuration2-2.1.1.jar:/home/user/.m2/repository/org/apache/commons/commons-lang3/3.7/commons-lang3-3.7.jar:/home/user/.m2/repository/org/apache/commons/commons-text/1.4/commons-text-1.4.jar:/home/user/.m2/repository/org/apache/avro/avro/1.7.7/avro-1.7.7.jar:/home/user/.m2/repository/com/thoughtworks/paranamer/paranamer/2.3/paranamer-2.3.jar:/home/user/.m2/repository/org/xerial/snappy/snappy-java/1.0.5/snappy-java-1.0.5.jar:/home/user/.m2/repository/com/google/re2j/re2j/1.1/re2j-1.1.jar:/home/user/.m2/repository/com/google/code/gson/gson/2.2.4/gson-2.2.4.jar:/home/user/.m2/repository/com/jcraft/jsch/0.1.54/jsch-0.1.54.jar:/home/user/.m2/repository/org/apache/curator/curator-client/2.12.0/curator-client-2.12.0.jar:/home/user/.m2/repository/org/apache/curator/curator-recipes/2.12.0/curator-recipes-2.12.0.jar:/home/user/.m2/repository/com/google/code/findbugs/jsr305/3.0.0/jsr305-3.0.0.jar:/home/user/.m2/repository/org/apache/htrace/htrace-core4/4.1.0-incubating/htrace-core4-4.1.0-incubating.jar:/home/user/.m2/repository/org/apache/zookeeper/zookeeper/3.4.13/zookeeper-3.4.13.jar:/home/user/.m2/repository/org/apache/yetus/audience-annotations/0.5.0/audience-annotations-0.5.0.jar:/home/user/.m2/repository/org/codehaus/woodstox/stax2-api/3.1.4/stax2-api-3.1.4.jar:/home/user/.m2/repository/com/fasterxml/woodstox/woodstox-core/5.0.3/woodstox-core-5.0.3.jar:/home/user/.m2/repository/dnsjava/dnsjava/2.1.7/dnsjava-2.1.7.jar:/home/user/.m2/repository/org/apache/hadoop/hadoop-hdfs/3.2.0/hadoop-hdfs-3.2.0-tests.jar:/home/user/.m2/repository/org/eclipse/jetty/jetty-util-ajax/9.3.24.v20180605/jetty-util-ajax-9.3.24.v20180605.jar:/home/user/.m2/repository/commons-daemon/commons-daemon/1.0.13/commons-daemon-1.0.13.jar:/home/user/.m2/repository/io/netty/netty/3.10.5.Final/netty-3.10.5.Final.jar:/home/user/.m2/repository/io/netty/netty-all/4.0.52.Final/netty-all-4.0.52.Final.jar:/home/user/.m2/repository/org/fusesource/leveldbjni/leveldbjni-all/1.8/leveldbjni-all-1.8.jar:"/>
    <property name="sun.cpu.endian" value="little"/>
    <property name="user.home" value="/home/user"/>
    <property name="user.language" value="en"/>
    <property name="java.specification.vendor" value="Oracle Corporation"/>
    <property name="java.home" value="/usr/lib/jvm/java-1.8-openjdk/jre"/>
    <property name="java.security.krb5.conf" value="/workdir/hadoop-ozone/integration-test/target/test-classes/krb5.conf"/>
    <property name="basedir" value="/workdir/hadoop-ozone/integration-test"/>
    <property name="file.separator" value="/"/>
    <property name="line.separator" value="&#10;"/>
    <property name="java.vm.specification.vendor" value="Oracle Corporation"/>
    <property name="java.specification.name" value="Java Platform API Specification"/>
    <property name="java.awt.graphicsenv" value="sun.awt.X11GraphicsEnvironment"/>
    <property name="surefire.real.class.path" value="/workdir/hadoop-ozone/integration-test/target/surefire/surefirebooter7108290138482271663.jar"/>
    <property name="hadoop.log.dir" value="/workdir/hadoop-ozone/integration-test/target/log"/>
    <property name="sun.boot.class.path" value="/usr/lib/jvm/java-1.8-openjdk/jre/lib/resources.jar:/usr/lib/jvm/java-1.8-openjdk/jre/lib/rt.jar:/usr/lib/jvm/java-1.8-openjdk/jre/lib/sunrsasign.jar:/usr/lib/jvm/java-1.8-openjdk/jre/lib/jsse.jar:/usr/lib/jvm/java-1.8-openjdk/jre/lib/jce.jar:/usr/lib/jvm/java-1.8-openjdk/jre/lib/charsets.jar:/usr/lib/jvm/java-1.8-openjdk/jre/lib/jfr.jar:/usr/lib/jvm/java-1.8-openjdk/jre/classes"/>
    <property name="sun.management.compiler" value="HotSpot 64-Bit Tiered Compilers"/>
    <property name="java.runtime.version" value="1.8.0_212-b04"/>
    <property name="java.net.preferIPv4Stack" value="true"/>
    <property name="user.name" value="jenkins1000"/>
    <property name="path.separator" value=":"/>
    <property name="java.security.egd" value="file:///dev/urandom"/>
    <property name="os.version" value="3.10.0-957.12.2.el7.x86_64"/>
    <property name="java.endorsed.dirs" value="/usr/lib/jvm/java-1.8-openjdk/jre/lib/endorsed"/>
    <property name="java.runtime.name" value="OpenJDK Runtime Environment"/>
    <property name="file.encoding" value="UTF-8"/>
    <property name="java.vm.name" value="OpenJDK 64-Bit Server VM"/>
    <property name="test.build.webapps" value=""/>
    <property name="localRepository" value="/home/user/.m2/repository"/>
    <property name="java.vendor.url.bug" value="https://icedtea.classpath.org/bugzilla"/>
    <property name="java.io.tmpdir" value="/tmp"/>
    <property name="require.test.libhadoop" value=""/>
    <property name="java.version" value="1.8.0_212"/>
    <property name="user.dir" value="/workdir/hadoop-ozone/integration-test"/>
    <property name="os.arch" value="amd64"/>
    <property name="java.vm.specification.name" value="Java Virtual Machine Specification"/>
    <property name="test.build.classes" value="/workdir/hadoop-ozone/integration-test/target/test-classes"/>
    <property name="java.awt.printerjob" value="sun.print.PSPrinterJob"/>
    <property name="sun.os.patch.level" value="unknown"/>
    <property name="hadoop.tmp.dir" value="/workdir/hadoop-ozone/integration-test/target/tmp"/>
    <property name="java.library.path" value="/usr/lib/jvm/java-1.8-openjdk/jre/lib/amd64/server:/usr/lib/jvm/java-1.8-openjdk/jre/lib/amd64:/usr/lib/jvm/java-1.8-openjdk/jre/../lib/amd64:/workdir/hadoop-ozone/integration-test/target/native/target/usr/local/lib:/workdir/hadoop-ozone/integration-test/../../hadoop-common-project/hadoop-common/target/native/target/usr/local/lib:/usr/java/packages/lib/amd64:/usr/lib64:/lib64:/lib:/usr/lib"/>
    <property name="java.vm.info" value="mixed mode"/>
    <property name="java.vendor" value="IcedTea"/>
    <property name="java.vm.version" value="25.212-b04"/>
    <property name="java.ext.dirs" value="/usr/lib/jvm/java-1.8-openjdk/jre/lib/ext:/usr/java/packages/lib/ext"/>
    <property name="sun.io.unicode.encoding" value="UnicodeLittle"/>
    <property name="java.class.version" value="52.0"/>
  </properties>
  <testcase name="testMultiBlockWritesWithIntermittentDnFailures" classname="org.apache.hadoop.ozone.client.rpc.TestMultiBlockWritesWithDnFailures" time="58.608">
    <failure message="expected:&lt;6&gt; but was:&lt;5&gt;" type="java.lang.AssertionError"><![CDATA[java.lang.AssertionError: expected:<6> but was:<5>
	at org.junit.Assert.fail(Assert.java:88)
	at org.junit.Assert.failNotEquals(Assert.java:743)
	at org.junit.Assert.assertEquals(Assert.java:118)
	at org.junit.Assert.assertEquals(Assert.java:555)
	at org.junit.Assert.assertEquals(Assert.java:542)
	at org.apache.hadoop.ozone.client.rpc.TestMultiBlockWritesWithDnFailures.testMultiBlockWritesWithIntermittentDnFailures(TestMultiBlockWritesWithDnFailures.java:176)
	at sun.reflect.NativeMethodAccessorImpl.invoke0(Native Method)
	at sun.reflect.NativeMethodAccessorImpl.invoke(NativeMethodAccessorImpl.java:62)
	at sun.reflect.DelegatingMethodAccessorImpl.invoke(DelegatingMethodAccessorImpl.java:43)
	at java.lang.reflect.Method.invoke(Method.java:498)
	at org.junit.runners.model.FrameworkMethod$1.runReflectiveCall(FrameworkMethod.java:47)
	at org.junit.internal.runners.model.ReflectiveCallable.run(ReflectiveCallable.java:12)
	at org.junit.runners.model.FrameworkMethod.invokeExplosively(FrameworkMethod.java:44)
	at org.junit.internal.runners.statements.InvokeMethod.evaluate(InvokeMethod.java:17)
	at org.junit.internal.runners.statements.RunAfters.evaluate(RunAfters.java:27)
	at org.junit.runners.ParentRunner.runLeaf(ParentRunner.java:271)
	at org.junit.runners.BlockJUnit4ClassRunner.runChild(BlockJUnit4ClassRunner.java:70)
	at org.junit.runners.BlockJUnit4ClassRunner.runChild(BlockJUnit4ClassRunner.java:50)
	at org.junit.runners.ParentRunner$3.run(ParentRunner.java:238)
	at org.junit.runners.ParentRunner$1.schedule(ParentRunner.java:63)
	at org.junit.runners.ParentRunner.runChildren(ParentRunner.java:236)
	at org.junit.runners.ParentRunner.access$000(ParentRunner.java:53)
	at org.junit.runners.ParentRunner$2.evaluate(ParentRunner.java:229)
	at org.junit.runners.ParentRunner.run(ParentRunner.java:309)
	at org.apache.maven.surefire.junit4.JUnit4Provider.execute(JUnit4Provider.java:365)
	at org.apache.maven.surefire.junit4.JUnit4Provider.executeWithRerun(JUnit4Provider.java:273)
	at org.apache.maven.surefire.junit4.JUnit4Provider.executeTestSet(JUnit4Provider.java:238)
	at org.apache.maven.surefire.junit4.JUnit4Provider.invoke(JUnit4Provider.java:159)
	at org.apache.maven.surefire.booter.ForkedBooter.invokeProviderInSameClassLoader(ForkedBooter.java:384)
	at org.apache.maven.surefire.booter.ForkedBooter.runSuitesInProcess(ForkedBooter.java:345)
	at org.apache.maven.surefire.booter.ForkedBooter.execute(ForkedBooter.java:126)
	at org.apache.maven.surefire.booter.ForkedBooter.main(ForkedBooter.java:418)
]]></failure>
    <system-out><![CDATA[2019-08-29 08:46:59,354 [main] WARN  server.ServerUtils (ServerUtils.java:getScmDbDir(145)) - ozone.scm.db.dirs is not configured. We recommend adding this setting. Falling back to ozone.metadata.dirs instead.
2019-08-29 08:46:59,438 [main] WARN  server.ServerUtils (ServerUtils.java:getScmDbDir(145)) - ozone.scm.db.dirs is not configured. We recommend adding this setting. Falling back to ozone.metadata.dirs instead.
2019-08-29 08:46:59,441 [main] WARN  server.ServerUtils (ServerUtils.java:getScmDbDir(145)) - ozone.scm.db.dirs is not configured. We recommend adding this setting. Falling back to ozone.metadata.dirs instead.
2019-08-29 08:46:59,458 [main] INFO  util.log (Log.java:initialized(192)) - Logging initialized @825ms
2019-08-29 08:46:59,553 [main] INFO  db.DBStoreBuilder (DBStoreBuilder.java:addTable(110)) - using custom profile for table: deletedBlocks
2019-08-29 08:46:59,553 [main] INFO  db.DBStoreBuilder (DBStoreBuilder.java:processTables(161)) - Using default column profile:DBProfile.DISK for Table:deletedBlocks
2019-08-29 08:46:59,554 [main] INFO  db.DBStoreBuilder (DBStoreBuilder.java:addTable(110)) - using custom profile for table: validCerts
2019-08-29 08:46:59,554 [main] INFO  db.DBStoreBuilder (DBStoreBuilder.java:processTables(161)) - Using default column profile:DBProfile.DISK for Table:validCerts
2019-08-29 08:46:59,554 [main] INFO  db.DBStoreBuilder (DBStoreBuilder.java:addTable(110)) - using custom profile for table: revokedCerts
2019-08-29 08:46:59,554 [main] INFO  db.DBStoreBuilder (DBStoreBuilder.java:processTables(161)) - Using default column profile:DBProfile.DISK for Table:revokedCerts
2019-08-29 08:46:59,566 [main] INFO  db.DBStoreBuilder (DBStoreBuilder.java:addTable(110)) - using custom profile for table: default
2019-08-29 08:46:59,566 [main] INFO  db.DBStoreBuilder (DBStoreBuilder.java:processTables(167)) - Using default column profile:DBProfile.DISK for Table:default
2019-08-29 08:46:59,567 [main] INFO  db.DBStoreBuilder (DBStoreBuilder.java:getDbProfile(198)) - Using default options. DBProfile.DISK
2019-08-29 08:46:59,872 [main] INFO  net.NodeSchemaLoader (NodeSchemaLoader.java:loadSchemaFromFile(125)) - Loading file from sun.misc.CompoundEnumeration@20ce78ec
2019-08-29 08:46:59,874 [main] INFO  net.NodeSchemaLoader (NodeSchemaLoader.java:loadSchema(171)) - Loading network topology layer schema file
2019-08-29 08:46:59,956 [main] INFO  node.SCMNodeManager (SCMNodeManager.java:<init>(121)) - Entering startup safe mode.
2019-08-29 08:47:00,030 [main] INFO  algorithms.ContainerPlacementPolicyFactory (ContainerPlacementPolicyFactory.java:getPolicy(55)) - Create container placement policy of type org.apache.hadoop.hdds.scm.container.placement.algorithms.SCMContainerPlacementRandom
2019-08-29 08:47:00,046 [main] WARN  server.ServerUtils (ServerUtils.java:getScmDbDir(145)) - ozone.scm.db.dirs is not configured. We recommend adding this setting. Falling back to ozone.metadata.dirs instead.
2019-08-29 08:47:00,238 [main] INFO  pipeline.SCMPipelineManager (SCMPipelineManager.java:initializePipelineState(126)) - No pipeline exists in current db
2019-08-29 08:47:00,241 [main] WARN  server.ServerUtils (ServerUtils.java:getScmDbDir(145)) - ozone.scm.db.dirs is not configured. We recommend adding this setting. Falling back to ozone.metadata.dirs instead.
2019-08-29 08:47:00,370 [main] WARN  events.EventQueue (EventQueue.java:fireEvent(175)) - No event handler registered for event TypedEvent{payloadType=SafeModeStatus, name='SafeModeStatus'}
2019-08-29 08:47:00,821 [main] INFO  ipc.CallQueueManager (CallQueueManager.java:<init>(84)) - Using callQueue: class java.util.concurrent.LinkedBlockingQueue, queueCapacity: 2000, scheduler: class org.apache.hadoop.ipc.DefaultRpcScheduler, ipcBackoff: false.
2019-08-29 08:47:01,043 [Socket Reader #1 for port 43779] INFO  ipc.Server (Server.java:run(1074)) - Starting Socket Reader #1 for port 43779
2019-08-29 08:47:01,066 [main] INFO  ipc.CallQueueManager (CallQueueManager.java:<init>(84)) - Using callQueue: class java.util.concurrent.LinkedBlockingQueue, queueCapacity: 2000, scheduler: class org.apache.hadoop.ipc.DefaultRpcScheduler, ipcBackoff: false.
2019-08-29 08:47:01,067 [Socket Reader #1 for port 38916] INFO  ipc.Server (Server.java:run(1074)) - Starting Socket Reader #1 for port 38916
2019-08-29 08:47:01,074 [main] INFO  ipc.CallQueueManager (CallQueueManager.java:<init>(84)) - Using callQueue: class java.util.concurrent.LinkedBlockingQueue, queueCapacity: 2000, scheduler: class org.apache.hadoop.ipc.DefaultRpcScheduler, ipcBackoff: false.
2019-08-29 08:47:01,074 [Socket Reader #1 for port 37167] INFO  ipc.Server (Server.java:run(1074)) - Starting Socket Reader #1 for port 37167
2019-08-29 08:47:01,093 [main] INFO  hdfs.DFSUtil (DFSUtil.java:httpServerTemplateForNNAndJN(1641)) - Starting Web-server for scm at: http://0.0.0.0:0
2019-08-29 08:47:01,234 [main] INFO  server.AuthenticationFilter (AuthenticationFilter.java:constructSecretProvider(240)) - Unable to initialize FileSignerSecretProvider, falling back to use random secrets.
2019-08-29 08:47:01,241 [main] WARN  http.HttpRequestLog (HttpRequestLog.java:getRequestLog(97)) - Jetty request log can only be enabled using Log4j
2019-08-29 08:47:01,248 [main] INFO  http.HttpServer2 (HttpServer2.java:addGlobalFilter(975)) - Added global filter 'safety' (class=org.apache.hadoop.http.HttpServer2$QuotingInputFilter)
2019-08-29 08:47:01,250 [main] INFO  http.HttpServer2 (HttpServer2.java:addFilter(948)) - Added filter static_user_filter (class=org.apache.hadoop.http.lib.StaticUserWebFilter$StaticUserFilter) to context scm
2019-08-29 08:47:01,250 [main] INFO  http.HttpServer2 (HttpServer2.java:addFilter(958)) - Added filter static_user_filter (class=org.apache.hadoop.http.lib.StaticUserWebFilter$StaticUserFilter) to context logs
2019-08-29 08:47:01,251 [main] INFO  http.HttpServer2 (HttpServer2.java:addFilter(958)) - Added filter static_user_filter (class=org.apache.hadoop.http.lib.StaticUserWebFilter$StaticUserFilter) to context static
2019-08-29 08:47:01,275 [main] INFO  server.StorageContainerManager (StorageContainerManager.java:start(759)) - StorageContainerLocationProtocol RPC server is listening at /0.0.0.0:37167
2019-08-29 08:47:01,329 [main] WARN  impl.MetricsConfig (MetricsConfig.java:loadFirst(134)) - Cannot locate configuration: tried hadoop-metrics2-storagecontainermanager.properties,hadoop-metrics2.properties
2019-08-29 08:47:01,340 [main] INFO  impl.MetricsSystemImpl (MetricsSystemImpl.java:startTimer(374)) - Scheduled Metric snapshot period at 10 second(s).
2019-08-29 08:47:01,341 [main] INFO  impl.MetricsSystemImpl (MetricsSystemImpl.java:start(191)) - StorageContainerManager metrics system started
2019-08-29 08:47:01,554 [main] INFO  server.SCMClientProtocolServer (SCMClientProtocolServer.java:start(151)) - RPC server for Client  is listening at /0.0.0.0:37167
2019-08-29 08:47:01,554 [IPC Server listener on 37167] INFO  ipc.Server (Server.java:run(1153)) - IPC Server listener on 37167: starting
2019-08-29 08:47:01,554 [IPC Server Responder] INFO  ipc.Server (Server.java:run(1314)) - IPC Server Responder: starting
2019-08-29 08:47:01,556 [main] INFO  server.StorageContainerManager (StorageContainerManager.java:start(769)) - ScmBlockLocationProtocol RPC server is listening at /0.0.0.0:38916
2019-08-29 08:47:01,557 [main] INFO  server.SCMBlockProtocolServer (SCMBlockProtocolServer.java:start(140)) - RPC server for Block Protocol is listening at /0.0.0.0:38916
2019-08-29 08:47:01,557 [IPC Server Responder] INFO  ipc.Server (Server.java:run(1314)) - IPC Server Responder: starting
2019-08-29 08:47:01,557 [IPC Server listener on 38916] INFO  ipc.Server (Server.java:run(1153)) - IPC Server listener on 38916: starting
2019-08-29 08:47:01,559 [main] INFO  server.StorageContainerManager (StorageContainerManager.java:start(773)) - ScmDatanodeProtocl RPC server is listening at /0.0.0.0:43779
2019-08-29 08:47:01,559 [main] INFO  server.SCMDatanodeProtocolServer (SCMDatanodeProtocolServer.java:start(191)) - RPC server for DataNodes is listening at /0.0.0.0:43779
2019-08-29 08:47:01,560 [IPC Server Responder] INFO  ipc.Server (Server.java:run(1314)) - IPC Server Responder: starting
2019-08-29 08:47:01,560 [IPC Server listener on 43779] INFO  ipc.Server (Server.java:run(1153)) - IPC Server listener on 43779: starting
2019-08-29 08:47:01,565 [main] INFO  http.HttpServer2 (HttpServer2.java:bindListener(1191)) - Jetty bound to port 34843
2019-08-29 08:47:01,568 [main] INFO  server.Server (Server.java:doStart(351)) - jetty-9.3.24.v20180605, build timestamp: 2018-06-05T17:11:56Z, git hash: 84205aa28f11a4f31f2a3b86d1bba2cc8ab69827
2019-08-29 08:47:01,607 [main] INFO  handler.ContextHandler (ContextHandler.java:doStart(781)) - Started o.e.j.s.ServletContextHandler@1506f20f{/logs,file:///workdir/hadoop-ozone/integration-test/target/log,AVAILABLE}
2019-08-29 08:47:01,608 [main] INFO  handler.ContextHandler (ContextHandler.java:doStart(781)) - Started o.e.j.s.ServletContextHandler@424fd310{/static,file:///workdir/hadoop-ozone/integration-test/target/test-classes/webapps/static,AVAILABLE}
2019-08-29 08:47:01,697 [main] INFO  handler.ContextHandler (ContextHandler.java:doStart(781)) - Started o.e.j.w.WebAppContext@287f94b1{/,file:///workdir/hadoop-ozone/integration-test/target/test-classes/webapps/scm/,AVAILABLE}{/scm}
2019-08-29 08:47:01,703 [main] INFO  server.AbstractConnector (AbstractConnector.java:doStart(278)) - Started ServerConnector@ecf9049{HTTP/1.1,[http/1.1]}{0.0.0.0:34843}
2019-08-29 08:47:01,703 [main] INFO  server.Server (Server.java:doStart(419)) - Started @3071ms
2019-08-29 08:47:01,704 [main] INFO  server.BaseHttpServer (BaseHttpServer.java:updateConnectorAddress(213)) - HTTP server of SCM is listening at http://0.0.0.0:34843
2019-08-29 08:47:01,709 [org.apache.hadoop.util.JvmPauseMonitor$Monitor@702ed190] INFO  util.JvmPauseMonitor (JvmPauseMonitor.java:run(188)) - Starting JVM pause monitor
2019-08-29 08:47:01,711 [main] WARN  server.ServerUtils (ServerUtils.java:getDBPath(222)) - ozone.om.db.dirs is not configured. We recommend adding this setting. Falling back to ozone.metadata.dirs instead.
2019-08-29 08:47:01,808 [main] WARN  server.ServerUtils (ServerUtils.java:getDBPath(222)) - ozone.om.db.dirs is not configured. We recommend adding this setting. Falling back to ozone.metadata.dirs instead.
2019-08-29 08:47:01,808 [main] WARN  server.ServerUtils (ServerUtils.java:getDBPath(222)) - ozone.om.db.dirs is not configured. We recommend adding this setting. Falling back to ozone.metadata.dirs instead.
2019-08-29 08:47:01,809 [main] INFO  om.OzoneManager (OzoneManager.java:setOMNodeDetails(645)) - OM Service ID is not set. Setting it to the default ID: omServiceIdDefault
2019-08-29 08:47:01,809 [main] INFO  om.OzoneManager (OzoneManager.java:setOMNodeDetails(651)) - OM Node ID is not set. Setting it to the OmStorage's OmID: 05d0ffaf-2184-42db-97d1-10f2791fbb87
2019-08-29 08:47:01,811 [main] INFO  om.OzoneManager (OzoneManager.java:loadOMHAConfigs(602)) - Found matching OM address with OMServiceId: null, OMNodeId: null, RPC Address: localhost:0 and Ratis port: 9872
2019-08-29 08:47:02,055 | INFO  | SCMAudit | user=jenkins1000 | ip=192.168.5.176 | op=GET_SCM_INFO null | ret=SUCCESS |  
2019-08-29 08:47:02,499 [main] WARN  server.ServerUtils (ServerUtils.java:getDBPath(222)) - ozone.om.db.dirs is not configured. We recommend adding this setting. Falling back to ozone.metadata.dirs instead.
2019-08-29 08:47:02,508 [main] INFO  db.DBStoreBuilder (DBStoreBuilder.java:addTable(110)) - using custom profile for table: userTable
2019-08-29 08:47:02,508 [main] INFO  db.DBStoreBuilder (DBStoreBuilder.java:processTables(161)) - Using default column profile:DBProfile.DISK for Table:userTable
2019-08-29 08:47:02,508 [main] INFO  db.DBStoreBuilder (DBStoreBuilder.java:addTable(110)) - using custom profile for table: volumeTable
2019-08-29 08:47:02,509 [main] INFO  db.DBStoreBuilder (DBStoreBuilder.java:processTables(161)) - Using default column profile:DBProfile.DISK for Table:volumeTable
2019-08-29 08:47:02,509 [main] INFO  db.DBStoreBuilder (DBStoreBuilder.java:addTable(110)) - using custom profile for table: bucketTable
2019-08-29 08:47:02,509 [main] INFO  db.DBStoreBuilder (DBStoreBuilder.java:processTables(161)) - Using default column profile:DBProfile.DISK for Table:bucketTable
2019-08-29 08:47:02,509 [main] INFO  db.DBStoreBuilder (DBStoreBuilder.java:addTable(110)) - using custom profile for table: keyTable
2019-08-29 08:47:02,510 [main] INFO  db.DBStoreBuilder (DBStoreBuilder.java:processTables(161)) - Using default column profile:DBProfile.DISK for Table:keyTable
2019-08-29 08:47:02,510 [main] INFO  db.DBStoreBuilder (DBStoreBuilder.java:addTable(110)) - using custom profile for table: deletedTable
2019-08-29 08:47:02,510 [main] INFO  db.DBStoreBuilder (DBStoreBuilder.java:processTables(161)) - Using default column profile:DBProfile.DISK for Table:deletedTable
2019-08-29 08:47:02,510 [main] INFO  db.DBStoreBuilder (DBStoreBuilder.java:addTable(110)) - using custom profile for table: openKeyTable
2019-08-29 08:47:02,511 [main] INFO  db.DBStoreBuilder (DBStoreBuilder.java:processTables(161)) - Using default column profile:DBProfile.DISK for Table:openKeyTable
2019-08-29 08:47:02,511 [main] INFO  db.DBStoreBuilder (DBStoreBuilder.java:addTable(110)) - using custom profile for table: s3Table
2019-08-29 08:47:02,511 [main] INFO  db.DBStoreBuilder (DBStoreBuilder.java:processTables(161)) - Using default column profile:DBProfile.DISK for Table:s3Table
2019-08-29 08:47:02,511 [main] INFO  db.DBStoreBuilder (DBStoreBuilder.java:addTable(110)) - using custom profile for table: multipartInfoTable
2019-08-29 08:47:02,512 [main] INFO  db.DBStoreBuilder (DBStoreBuilder.java:processTables(161)) - Using default column profile:DBProfile.DISK for Table:multipartInfoTable
2019-08-29 08:47:02,512 [main] INFO  db.DBStoreBuilder (DBStoreBuilder.java:addTable(110)) - using custom profile for table: dTokenTable
2019-08-29 08:47:02,512 [main] INFO  db.DBStoreBuilder (DBStoreBuilder.java:processTables(161)) - Using default column profile:DBProfile.DISK for Table:dTokenTable
2019-08-29 08:47:02,512 [main] INFO  db.DBStoreBuilder (DBStoreBuilder.java:addTable(110)) - using custom profile for table: s3SecretTable
2019-08-29 08:47:02,513 [main] INFO  db.DBStoreBuilder (DBStoreBuilder.java:processTables(161)) - Using default column profile:DBProfile.DISK for Table:s3SecretTable
2019-08-29 08:47:02,513 [main] INFO  db.DBStoreBuilder (DBStoreBuilder.java:addTable(110)) - using custom profile for table: prefixTable
2019-08-29 08:47:02,513 [main] INFO  db.DBStoreBuilder (DBStoreBuilder.java:processTables(161)) - Using default column profile:DBProfile.DISK for Table:prefixTable
2019-08-29 08:47:02,514 [main] INFO  db.DBStoreBuilder (DBStoreBuilder.java:addTable(110)) - using custom profile for table: default
2019-08-29 08:47:02,514 [main] INFO  db.DBStoreBuilder (DBStoreBuilder.java:processTables(167)) - Using default column profile:DBProfile.DISK for Table:default
2019-08-29 08:47:02,514 [main] INFO  db.DBStoreBuilder (DBStoreBuilder.java:getDbProfile(198)) - Using default options. DBProfile.DISK
2019-08-29 08:47:03,231 [main] INFO  ipc.CallQueueManager (CallQueueManager.java:<init>(84)) - Using callQueue: class java.util.concurrent.LinkedBlockingQueue, queueCapacity: 2000, scheduler: class org.apache.hadoop.ipc.DefaultRpcScheduler, ipcBackoff: false.
2019-08-29 08:47:03,232 [Socket Reader #1 for port 44627] INFO  ipc.Server (Server.java:run(1074)) - Starting Socket Reader #1 for port 44627
2019-08-29 08:47:03,254 [main] INFO  om.OzoneManager (OzoneManager.java:start(1256)) - OzoneManager RPC server is listening at localhost/127.0.0.1:44627
2019-08-29 08:47:03,255 [main] INFO  impl.MetricsSystemImpl (MetricsSystemImpl.java:init(158)) - OzoneManager metrics system started (again)
2019-08-29 08:47:03,256 [IPC Server listener on 44627] INFO  ipc.Server (Server.java:run(1153)) - IPC Server listener on 44627: starting
2019-08-29 08:47:03,256 [IPC Server Responder] INFO  ipc.Server (Server.java:run(1314)) - IPC Server Responder: starting
2019-08-29 08:47:03,261 [main] INFO  hdfs.DFSUtil (DFSUtil.java:httpServerTemplateForNNAndJN(1641)) - Starting Web-server for ozoneManager at: http://0.0.0.0:0
2019-08-29 08:47:03,262 [main] INFO  server.AuthenticationFilter (AuthenticationFilter.java:constructSecretProvider(240)) - Unable to initialize FileSignerSecretProvider, falling back to use random secrets.
2019-08-29 08:47:03,263 [main] WARN  http.HttpRequestLog (HttpRequestLog.java:getRequestLog(97)) - Jetty request log can only be enabled using Log4j
2019-08-29 08:47:03,265 [main] INFO  http.HttpServer2 (HttpServer2.java:addGlobalFilter(975)) - Added global filter 'safety' (class=org.apache.hadoop.http.HttpServer2$QuotingInputFilter)
2019-08-29 08:47:03,265 [main] INFO  http.HttpServer2 (HttpServer2.java:addFilter(948)) - Added filter static_user_filter (class=org.apache.hadoop.http.lib.StaticUserWebFilter$StaticUserFilter) to context ozoneManager
2019-08-29 08:47:03,266 [main] INFO  http.HttpServer2 (HttpServer2.java:addFilter(958)) - Added filter static_user_filter (class=org.apache.hadoop.http.lib.StaticUserWebFilter$StaticUserFilter) to context logs
2019-08-29 08:47:03,266 [main] INFO  http.HttpServer2 (HttpServer2.java:addFilter(958)) - Added filter static_user_filter (class=org.apache.hadoop.http.lib.StaticUserWebFilter$StaticUserFilter) to context static
2019-08-29 08:47:03,268 [main] INFO  http.HttpServer2 (HttpServer2.java:bindListener(1191)) - Jetty bound to port 36646
2019-08-29 08:47:03,268 [main] INFO  server.Server (Server.java:doStart(351)) - jetty-9.3.24.v20180605, build timestamp: 2018-06-05T17:11:56Z, git hash: 84205aa28f11a4f31f2a3b86d1bba2cc8ab69827
2019-08-29 08:47:03,270 [main] INFO  handler.ContextHandler (ContextHandler.java:doStart(781)) - Started o.e.j.s.ServletContextHandler@7fab4be7{/logs,file:///workdir/hadoop-ozone/integration-test/target/log,AVAILABLE}
2019-08-29 08:47:03,270 [main] INFO  handler.ContextHandler (ContextHandler.java:doStart(781)) - Started o.e.j.s.ServletContextHandler@4d74c3ba{/static,file:///workdir/hadoop-ozone/integration-test/target/test-classes/webapps/static,AVAILABLE}
2019-08-29 08:47:03,275 [main] INFO  handler.ContextHandler (ContextHandler.java:doStart(781)) - Started o.e.j.w.WebAppContext@60e5272{/,file:///workdir/hadoop-ozone/integration-test/target/test-classes/webapps/ozoneManager/,AVAILABLE}{/ozoneManager}
2019-08-29 08:47:03,276 [main] INFO  server.AbstractConnector (AbstractConnector.java:doStart(278)) - Started ServerConnector@7d755813{HTTP/1.1,[http/1.1]}{0.0.0.0:36646}
2019-08-29 08:47:03,277 [main] INFO  server.Server (Server.java:doStart(419)) - Started @4645ms
2019-08-29 08:47:03,278 [main] INFO  server.BaseHttpServer (BaseHttpServer.java:updateConnectorAddress(213)) - HTTP server of OZONEMANAGER is listening at http://0.0.0.0:36646
2019-08-29 08:47:03,618 [main] INFO  impl.MetricsSystemImpl (MetricsSystemImpl.java:init(158)) - HddsDatanode metrics system started (again)
2019-08-29 08:47:03,728 [main] INFO  ozone.HddsDatanodeService (HddsDatanodeService.java:start(184)) - HddsDatanodeService host:pr-hdds-1909-44d2n-1519487446 ip:192.168.5.176
2019-08-29 08:47:03,755 [main] INFO  volume.HddsVolume (HddsVolume.java:<init>(176)) - Creating Volume: /workdir/hadoop-ozone/integration-test/target/test-dir/MiniOzoneClusterImpl-0396b80d-4163-4a3b-9db9-4b816fc820e4/datanode-0/data/containers/hdds of  storage type : DISK and capacity : 1482555576320
2019-08-29 08:47:03,757 [main] INFO  volume.VolumeSet (VolumeSet.java:initializeVolumeSet(170)) - Added Volume : /workdir/hadoop-ozone/integration-test/target/test-dir/MiniOzoneClusterImpl-0396b80d-4163-4a3b-9db9-4b816fc820e4/datanode-0/data/containers/hdds to VolumeSet
2019-08-29 08:47:03,759 [main] INFO  volume.ThrottledAsyncChecker (ThrottledAsyncChecker.java:schedule(140)) - Scheduling a check for org.apache.hadoop.ozone.container.common.volume.HddsVolume@30d25c03
2019-08-29 08:47:03,776 [main] INFO  volume.HddsVolumeChecker (HddsVolumeChecker.java:checkAllVolumes(203)) - Scheduled health check for volume org.apache.hadoop.ozone.container.common.volume.HddsVolume@30d25c03
2019-08-29 08:47:03,880 [main] INFO  impl.RaftServerProxy (ConfUtils.java:logGet(43)) - raft.rpc.type = GRPC (default)
2019-08-29 08:47:03,943 [main] INFO  grpc.GrpcFactory (GrpcFactory.java:checkPooledByteBufAllocatorUseCacheForAllThreads(45)) - PERFORMANCE WARNING: useCacheForAllThreads is true that may cause Netty to create a lot garbage objects and, as a result, trigger GC.
	It is recommended to disable useCacheForAllThreads by setting -Dorg.apache.ratis.thirdparty.io.netty.allocator.useCacheForAllThreads=false in command line.
2019-08-29 08:47:03,948 [main] INFO  grpc.GrpcConfigKeys$Server (ConfUtils.java:logGet(43)) - raft.grpc.server.port = 0 (default)
2019-08-29 08:47:03,949 [main] INFO  server.GrpcService (ConfUtils.java:logGet(43)) - raft.grpc.message.size.max = 33570816 (custom)
2019-08-29 08:47:03,950 [main] INFO  server.RaftServerConfigKeys (ConfUtils.java:logGet(43)) - raft.server.log.appender.buffer.byte-limit = 33554432 (custom)
2019-08-29 08:47:03,951 [main] INFO  server.GrpcService (ConfUtils.java:logGet(43)) - raft.grpc.flow.control.window = 1MB (=1048576) (default)
2019-08-29 08:47:03,951 [main] INFO  server.RaftServerConfigKeys (ConfUtils.java:logGet(43)) - raft.server.rpc.request.timeout = 3000ms (default)
2019-08-29 08:47:04,109 [main] INFO  server.RaftServerConfigKeys (ConfUtils.java:logGet(43)) - raft.server.storage.dir = [/workdir/hadoop-ozone/integration-test/target/test-dir/MiniOzoneClusterImpl-0396b80d-4163-4a3b-9db9-4b816fc820e4/datanode-0/data/ratis] (custom)
2019-08-29 08:47:04,158 [main] INFO  hdfs.DFSUtil (DFSUtil.java:httpServerTemplateForNNAndJN(1641)) - Starting Web-server for hddsDatanode at: http://0.0.0.0:0
2019-08-29 08:47:04,160 [main] INFO  server.AuthenticationFilter (AuthenticationFilter.java:constructSecretProvider(240)) - Unable to initialize FileSignerSecretProvider, falling back to use random secrets.
2019-08-29 08:47:04,161 [main] WARN  http.HttpRequestLog (HttpRequestLog.java:getRequestLog(97)) - Jetty request log can only be enabled using Log4j
2019-08-29 08:47:04,162 [main] INFO  http.HttpServer2 (HttpServer2.java:addGlobalFilter(975)) - Added global filter 'safety' (class=org.apache.hadoop.http.HttpServer2$QuotingInputFilter)
2019-08-29 08:47:04,163 [main] INFO  http.HttpServer2 (HttpServer2.java:addFilter(948)) - Added filter static_user_filter (class=org.apache.hadoop.http.lib.StaticUserWebFilter$StaticUserFilter) to context hddsDatanode
2019-08-29 08:47:04,163 [main] INFO  http.HttpServer2 (HttpServer2.java:addFilter(958)) - Added filter static_user_filter (class=org.apache.hadoop.http.lib.StaticUserWebFilter$StaticUserFilter) to context static
2019-08-29 08:47:04,163 [main] INFO  http.HttpServer2 (HttpServer2.java:addFilter(958)) - Added filter static_user_filter (class=org.apache.hadoop.http.lib.StaticUserWebFilter$StaticUserFilter) to context logs
2019-08-29 08:47:04,164 [main] INFO  http.HttpServer2 (HttpServer2.java:bindListener(1191)) - Jetty bound to port 42946
2019-08-29 08:47:04,165 [main] INFO  server.Server (Server.java:doStart(351)) - jetty-9.3.24.v20180605, build timestamp: 2018-06-05T17:11:56Z, git hash: 84205aa28f11a4f31f2a3b86d1bba2cc8ab69827
2019-08-29 08:47:04,167 [main] INFO  handler.ContextHandler (ContextHandler.java:doStart(781)) - Started o.e.j.s.ServletContextHandler@17fa1336{/logs,file:///workdir/hadoop-ozone/integration-test/target/log,AVAILABLE}
2019-08-29 08:47:04,167 [main] INFO  handler.ContextHandler (ContextHandler.java:doStart(781)) - Started o.e.j.s.ServletContextHandler@68b9834c{/static,jar:file:/home/user/.m2/repository/org/apache/hadoop/hadoop-hdds-container-service/0.5.0-SNAPSHOT/hadoop-hdds-container-service-0.5.0-SNAPSHOT.jar!/webapps/static,AVAILABLE}
2019-08-29 08:47:04,200 [main] INFO  handler.ContextHandler (ContextHandler.java:doStart(781)) - Started o.e.j.w.WebAppContext@934b52f{/,file:///tmp/jetty-0.0.0.0-42946-hddsDatanode-_-any-648164470421569479.dir/webapp/,AVAILABLE}{/hddsDatanode}
2019-08-29 08:47:04,201 [main] INFO  server.AbstractConnector (AbstractConnector.java:doStart(278)) - Started ServerConnector@2630dbc4{HTTP/1.1,[http/1.1]}{0.0.0.0:42946}
2019-08-29 08:47:04,202 [main] INFO  server.Server (Server.java:doStart(419)) - Started @5569ms
2019-08-29 08:47:04,203 [main] INFO  server.BaseHttpServer (BaseHttpServer.java:updateConnectorAddress(213)) - HTTP server of HDDSDATANODE is listening at http://0.0.0.0:42946
2019-08-29 08:47:04,204 [main] INFO  impl.MetricsSystemImpl (MetricsSystemImpl.java:init(158)) - HddsDatanode metrics system started (again)
2019-08-29 08:47:04,207 [main] INFO  ozone.HddsDatanodeService (HddsDatanodeService.java:start(184)) - HddsDatanodeService host:pr-hdds-1909-44d2n-1519487446 ip:192.168.5.176
2019-08-29 08:47:04,209 [org.apache.hadoop.util.JvmPauseMonitor$Monitor@46eed611] INFO  util.JvmPauseMonitor (JvmPauseMonitor.java:run(188)) - Starting JVM pause monitor
2019-08-29 08:47:04,213 [main] INFO  volume.HddsVolume (HddsVolume.java:<init>(176)) - Creating Volume: /workdir/hadoop-ozone/integration-test/target/test-dir/MiniOzoneClusterImpl-0396b80d-4163-4a3b-9db9-4b816fc820e4/datanode-1/data/containers/hdds of  storage type : DISK and capacity : 1482555576320
2019-08-29 08:47:04,214 [main] INFO  volume.VolumeSet (VolumeSet.java:initializeVolumeSet(170)) - Added Volume : /workdir/hadoop-ozone/integration-test/target/test-dir/MiniOzoneClusterImpl-0396b80d-4163-4a3b-9db9-4b816fc820e4/datanode-1/data/containers/hdds to VolumeSet
2019-08-29 08:47:04,214 [main] INFO  volume.ThrottledAsyncChecker (ThrottledAsyncChecker.java:schedule(140)) - Scheduling a check for org.apache.hadoop.ozone.container.common.volume.HddsVolume@41294371
2019-08-29 08:47:04,215 [main] INFO  volume.HddsVolumeChecker (HddsVolumeChecker.java:checkAllVolumes(203)) - Scheduled health check for volume org.apache.hadoop.ozone.container.common.volume.HddsVolume@41294371
2019-08-29 08:47:04,235 [main] INFO  impl.RaftServerProxy (ConfUtils.java:logGet(43)) - raft.rpc.type = GRPC (default)
2019-08-29 08:47:04,235 [main] INFO  grpc.GrpcFactory (GrpcFactory.java:checkPooledByteBufAllocatorUseCacheForAllThreads(45)) - PERFORMANCE WARNING: useCacheForAllThreads is true that may cause Netty to create a lot garbage objects and, as a result, trigger GC.
	It is recommended to disable useCacheForAllThreads by setting -Dorg.apache.ratis.thirdparty.io.netty.allocator.useCacheForAllThreads=false in command line.
2019-08-29 08:47:04,235 [main] INFO  grpc.GrpcConfigKeys$Server (ConfUtils.java:logGet(43)) - raft.grpc.server.port = 0 (default)
2019-08-29 08:47:04,236 [main] INFO  server.GrpcService (ConfUtils.java:logGet(43)) - raft.grpc.message.size.max = 33570816 (custom)
2019-08-29 08:47:04,236 [main] INFO  server.RaftServerConfigKeys (ConfUtils.java:logGet(43)) - raft.server.log.appender.buffer.byte-limit = 33554432 (custom)
2019-08-29 08:47:04,236 [main] INFO  server.GrpcService (ConfUtils.java:logGet(43)) - raft.grpc.flow.control.window = 1MB (=1048576) (default)
2019-08-29 08:47:04,236 [main] INFO  server.RaftServerConfigKeys (ConfUtils.java:logGet(43)) - raft.server.rpc.request.timeout = 3000ms (default)
2019-08-29 08:47:04,237 [main] INFO  server.RaftServerConfigKeys (ConfUtils.java:logGet(43)) - raft.server.storage.dir = [/workdir/hadoop-ozone/integration-test/target/test-dir/MiniOzoneClusterImpl-0396b80d-4163-4a3b-9db9-4b816fc820e4/datanode-1/data/ratis] (custom)
2019-08-29 08:47:04,238 [main] INFO  hdfs.DFSUtil (DFSUtil.java:httpServerTemplateForNNAndJN(1641)) - Starting Web-server for hddsDatanode at: http://0.0.0.0:0
2019-08-29 08:47:04,240 [main] INFO  server.AuthenticationFilter (AuthenticationFilter.java:constructSecretProvider(240)) - Unable to initialize FileSignerSecretProvider, falling back to use random secrets.
2019-08-29 08:47:04,241 [main] WARN  http.HttpRequestLog (HttpRequestLog.java:getRequestLog(97)) - Jetty request log can only be enabled using Log4j
2019-08-29 08:47:04,243 [main] INFO  http.HttpServer2 (HttpServer2.java:addGlobalFilter(975)) - Added global filter 'safety' (class=org.apache.hadoop.http.HttpServer2$QuotingInputFilter)
2019-08-29 08:47:04,243 [main] INFO  http.HttpServer2 (HttpServer2.java:addFilter(948)) - Added filter static_user_filter (class=org.apache.hadoop.http.lib.StaticUserWebFilter$StaticUserFilter) to context hddsDatanode
2019-08-29 08:47:04,243 [main] INFO  http.HttpServer2 (HttpServer2.java:addFilter(958)) - Added filter static_user_filter (class=org.apache.hadoop.http.lib.StaticUserWebFilter$StaticUserFilter) to context logs
2019-08-29 08:47:04,243 [main] INFO  http.HttpServer2 (HttpServer2.java:addFilter(958)) - Added filter static_user_filter (class=org.apache.hadoop.http.lib.StaticUserWebFilter$StaticUserFilter) to context static
2019-08-29 08:47:04,244 [main] INFO  http.HttpServer2 (HttpServer2.java:bindListener(1191)) - Jetty bound to port 36121
2019-08-29 08:47:04,244 [main] INFO  server.Server (Server.java:doStart(351)) - jetty-9.3.24.v20180605, build timestamp: 2018-06-05T17:11:56Z, git hash: 84205aa28f11a4f31f2a3b86d1bba2cc8ab69827
2019-08-29 08:47:04,248 [main] INFO  handler.ContextHandler (ContextHandler.java:doStart(781)) - Started o.e.j.s.ServletContextHandler@2b6fcb9f{/logs,file:///workdir/hadoop-ozone/integration-test/target/log,AVAILABLE}
2019-08-29 08:47:04,248 [main] INFO  handler.ContextHandler (ContextHandler.java:doStart(781)) - Started o.e.j.s.ServletContextHandler@74170687{/static,jar:file:/home/user/.m2/repository/org/apache/hadoop/hadoop-hdds-container-service/0.5.0-SNAPSHOT/hadoop-hdds-container-service-0.5.0-SNAPSHOT.jar!/webapps/static,AVAILABLE}
2019-08-29 08:47:04,278 [main] INFO  handler.ContextHandler (ContextHandler.java:doStart(781)) - Started o.e.j.w.WebAppContext@54e02f6a{/,file:///tmp/jetty-0.0.0.0-36121-hddsDatanode-_-any-5428761300638625102.dir/webapp/,AVAILABLE}{/hddsDatanode}
2019-08-29 08:47:04,279 [main] INFO  server.AbstractConnector (AbstractConnector.java:doStart(278)) - Started ServerConnector@17f3eefb{HTTP/1.1,[http/1.1]}{0.0.0.0:36121}
2019-08-29 08:47:04,280 [main] INFO  server.Server (Server.java:doStart(419)) - Started @5648ms
2019-08-29 08:47:04,281 [main] INFO  server.BaseHttpServer (BaseHttpServer.java:updateConnectorAddress(213)) - HTTP server of HDDSDATANODE is listening at http://0.0.0.0:36121
2019-08-29 08:47:04,282 [main] INFO  impl.MetricsSystemImpl (MetricsSystemImpl.java:init(158)) - HddsDatanode metrics system started (again)
2019-08-29 08:47:04,284 [org.apache.hadoop.util.JvmPauseMonitor$Monitor@38ac4202] INFO  util.JvmPauseMonitor (JvmPauseMonitor.java:run(188)) - Starting JVM pause monitor
2019-08-29 08:47:04,284 [main] INFO  ozone.HddsDatanodeService (HddsDatanodeService.java:start(184)) - HddsDatanodeService host:pr-hdds-1909-44d2n-1519487446 ip:192.168.5.176
2019-08-29 08:47:04,290 [main] INFO  volume.HddsVolume (HddsVolume.java:<init>(176)) - Creating Volume: /workdir/hadoop-ozone/integration-test/target/test-dir/MiniOzoneClusterImpl-0396b80d-4163-4a3b-9db9-4b816fc820e4/datanode-2/data/containers/hdds of  storage type : DISK and capacity : 1482555576320
2019-08-29 08:47:04,291 [main] INFO  volume.VolumeSet (VolumeSet.java:initializeVolumeSet(170)) - Added Volume : /workdir/hadoop-ozone/integration-test/target/test-dir/MiniOzoneClusterImpl-0396b80d-4163-4a3b-9db9-4b816fc820e4/datanode-2/data/containers/hdds to VolumeSet
2019-08-29 08:47:04,291 [main] INFO  volume.ThrottledAsyncChecker (ThrottledAsyncChecker.java:schedule(140)) - Scheduling a check for org.apache.hadoop.ozone.container.common.volume.HddsVolume@4acb7ecc
2019-08-29 08:47:04,291 [main] INFO  volume.HddsVolumeChecker (HddsVolumeChecker.java:checkAllVolumes(203)) - Scheduled health check for volume org.apache.hadoop.ozone.container.common.volume.HddsVolume@4acb7ecc
2019-08-29 08:47:04,303 [main] INFO  impl.RaftServerProxy (ConfUtils.java:logGet(43)) - raft.rpc.type = GRPC (default)
2019-08-29 08:47:04,304 [main] INFO  grpc.GrpcFactory (GrpcFactory.java:checkPooledByteBufAllocatorUseCacheForAllThreads(45)) - PERFORMANCE WARNING: useCacheForAllThreads is true that may cause Netty to create a lot garbage objects and, as a result, trigger GC.
	It is recommended to disable useCacheForAllThreads by setting -Dorg.apache.ratis.thirdparty.io.netty.allocator.useCacheForAllThreads=false in command line.
2019-08-29 08:47:04,304 [main] INFO  grpc.GrpcConfigKeys$Server (ConfUtils.java:logGet(43)) - raft.grpc.server.port = 0 (default)
2019-08-29 08:47:04,304 [main] INFO  server.GrpcService (ConfUtils.java:logGet(43)) - raft.grpc.message.size.max = 33570816 (custom)
2019-08-29 08:47:04,305 [main] INFO  server.RaftServerConfigKeys (ConfUtils.java:logGet(43)) - raft.server.log.appender.buffer.byte-limit = 33554432 (custom)
2019-08-29 08:47:04,305 [main] INFO  server.GrpcService (ConfUtils.java:logGet(43)) - raft.grpc.flow.control.window = 1MB (=1048576) (default)
2019-08-29 08:47:04,305 [main] INFO  server.RaftServerConfigKeys (ConfUtils.java:logGet(43)) - raft.server.rpc.request.timeout = 3000ms (default)
2019-08-29 08:47:04,306 [main] INFO  server.RaftServerConfigKeys (ConfUtils.java:logGet(43)) - raft.server.storage.dir = [/workdir/hadoop-ozone/integration-test/target/test-dir/MiniOzoneClusterImpl-0396b80d-4163-4a3b-9db9-4b816fc820e4/datanode-2/data/ratis] (custom)
2019-08-29 08:47:04,307 [main] INFO  hdfs.DFSUtil (DFSUtil.java:httpServerTemplateForNNAndJN(1641)) - Starting Web-server for hddsDatanode at: http://0.0.0.0:0
2019-08-29 08:47:04,309 [main] INFO  server.AuthenticationFilter (AuthenticationFilter.java:constructSecretProvider(240)) - Unable to initialize FileSignerSecretProvider, falling back to use random secrets.
2019-08-29 08:47:04,309 [main] WARN  http.HttpRequestLog (HttpRequestLog.java:getRequestLog(97)) - Jetty request log can only be enabled using Log4j
2019-08-29 08:47:04,311 [main] INFO  http.HttpServer2 (HttpServer2.java:addGlobalFilter(975)) - Added global filter 'safety' (class=org.apache.hadoop.http.HttpServer2$QuotingInputFilter)
2019-08-29 08:47:04,311 [main] INFO  http.HttpServer2 (HttpServer2.java:addFilter(948)) - Added filter static_user_filter (class=org.apache.hadoop.http.lib.StaticUserWebFilter$StaticUserFilter) to context hddsDatanode
2019-08-29 08:47:04,311 [main] INFO  http.HttpServer2 (HttpServer2.java:addFilter(958)) - Added filter static_user_filter (class=org.apache.hadoop.http.lib.StaticUserWebFilter$StaticUserFilter) to context logs
2019-08-29 08:47:04,311 [main] INFO  http.HttpServer2 (HttpServer2.java:addFilter(958)) - Added filter static_user_filter (class=org.apache.hadoop.http.lib.StaticUserWebFilter$StaticUserFilter) to context static
2019-08-29 08:47:04,312 [main] INFO  http.HttpServer2 (HttpServer2.java:bindListener(1191)) - Jetty bound to port 38584
2019-08-29 08:47:04,312 [main] INFO  server.Server (Server.java:doStart(351)) - jetty-9.3.24.v20180605, build timestamp: 2018-06-05T17:11:56Z, git hash: 84205aa28f11a4f31f2a3b86d1bba2cc8ab69827
2019-08-29 08:47:04,315 [main] INFO  handler.ContextHandler (ContextHandler.java:doStart(781)) - Started o.e.j.s.ServletContextHandler@4437ac07{/logs,file:///workdir/hadoop-ozone/integration-test/target/log,AVAILABLE}
2019-08-29 08:47:04,315 [main] INFO  handler.ContextHandler (ContextHandler.java:doStart(781)) - Started o.e.j.s.ServletContextHandler@753aca85{/static,jar:file:/home/user/.m2/repository/org/apache/hadoop/hadoop-hdds-container-service/0.5.0-SNAPSHOT/hadoop-hdds-container-service-0.5.0-SNAPSHOT.jar!/webapps/static,AVAILABLE}
2019-08-29 08:47:04,320 [Datanode State Machine Thread - 0] INFO  datanode.InitDatanodeState (InitDatanodeState.java:persistContainerDatanodeDetails(140)) - DatanodeDetails is persisted to /workdir/hadoop-ozone/integration-test/target/test-dir/MiniOzoneClusterImpl-0396b80d-4163-4a3b-9db9-4b816fc820e4/datanode-0/meta/datanode.id
2019-08-29 08:47:04,323 [Datanode State Machine Thread - 0] INFO  datanode.InitDatanodeState (InitDatanodeState.java:persistContainerDatanodeDetails(140)) - DatanodeDetails is persisted to /workdir/hadoop-ozone/integration-test/target/test-dir/MiniOzoneClusterImpl-0396b80d-4163-4a3b-9db9-4b816fc820e4/datanode-1/meta/datanode.id
2019-08-29 08:47:04,347 [main] INFO  handler.ContextHandler (ContextHandler.java:doStart(781)) - Started o.e.j.w.WebAppContext@648d0e6d{/,file:///tmp/jetty-0.0.0.0-38584-hddsDatanode-_-any-7032436305862005661.dir/webapp/,AVAILABLE}{/hddsDatanode}
2019-08-29 08:47:04,349 [main] INFO  server.AbstractConnector (AbstractConnector.java:doStart(278)) - Started ServerConnector@79e66b2f{HTTP/1.1,[http/1.1]}{0.0.0.0:38584}
2019-08-29 08:47:04,350 [main] INFO  server.Server (Server.java:doStart(419)) - Started @5717ms
2019-08-29 08:47:04,351 [main] INFO  server.BaseHttpServer (BaseHttpServer.java:updateConnectorAddress(213)) - HTTP server of HDDSDATANODE is listening at http://0.0.0.0:38584
2019-08-29 08:47:04,351 [main] INFO  impl.MetricsSystemImpl (MetricsSystemImpl.java:init(158)) - HddsDatanode metrics system started (again)
2019-08-29 08:47:04,354 [org.apache.hadoop.util.JvmPauseMonitor$Monitor@10104e99] INFO  util.JvmPauseMonitor (JvmPauseMonitor.java:run(188)) - Starting JVM pause monitor
2019-08-29 08:47:04,354 [main] INFO  ozone.HddsDatanodeService (HddsDatanodeService.java:start(184)) - HddsDatanodeService host:pr-hdds-1909-44d2n-1519487446 ip:192.168.5.176
2019-08-29 08:47:04,356 [Datanode State Machine Thread - 0] INFO  datanode.InitDatanodeState (InitDatanodeState.java:persistContainerDatanodeDetails(140)) - DatanodeDetails is persisted to /workdir/hadoop-ozone/integration-test/target/test-dir/MiniOzoneClusterImpl-0396b80d-4163-4a3b-9db9-4b816fc820e4/datanode-2/meta/datanode.id
2019-08-29 08:47:04,362 [main] INFO  volume.HddsVolume (HddsVolume.java:<init>(176)) - Creating Volume: /workdir/hadoop-ozone/integration-test/target/test-dir/MiniOzoneClusterImpl-0396b80d-4163-4a3b-9db9-4b816fc820e4/datanode-3/data/containers/hdds of  storage type : DISK and capacity : 1482555576320
2019-08-29 08:47:04,362 [main] INFO  volume.VolumeSet (VolumeSet.java:initializeVolumeSet(170)) - Added Volume : /workdir/hadoop-ozone/integration-test/target/test-dir/MiniOzoneClusterImpl-0396b80d-4163-4a3b-9db9-4b816fc820e4/datanode-3/data/containers/hdds to VolumeSet
2019-08-29 08:47:04,363 [main] INFO  volume.ThrottledAsyncChecker (ThrottledAsyncChecker.java:schedule(140)) - Scheduling a check for org.apache.hadoop.ozone.container.common.volume.HddsVolume@3743539f
2019-08-29 08:47:04,364 [main] INFO  volume.HddsVolumeChecker (HddsVolumeChecker.java:checkAllVolumes(203)) - Scheduled health check for volume org.apache.hadoop.ozone.container.common.volume.HddsVolume@3743539f
2019-08-29 08:47:04,380 [main] INFO  impl.RaftServerProxy (ConfUtils.java:logGet(43)) - raft.rpc.type = GRPC (default)
2019-08-29 08:47:04,380 [main] INFO  grpc.GrpcFactory (GrpcFactory.java:checkPooledByteBufAllocatorUseCacheForAllThreads(45)) - PERFORMANCE WARNING: useCacheForAllThreads is true that may cause Netty to create a lot garbage objects and, as a result, trigger GC.
	It is recommended to disable useCacheForAllThreads by setting -Dorg.apache.ratis.thirdparty.io.netty.allocator.useCacheForAllThreads=false in command line.
2019-08-29 08:47:04,381 [main] INFO  grpc.GrpcConfigKeys$Server (ConfUtils.java:logGet(43)) - raft.grpc.server.port = 0 (default)
2019-08-29 08:47:04,381 [main] INFO  server.GrpcService (ConfUtils.java:logGet(43)) - raft.grpc.message.size.max = 33570816 (custom)
2019-08-29 08:47:04,381 [main] INFO  server.RaftServerConfigKeys (ConfUtils.java:logGet(43)) - raft.server.log.appender.buffer.byte-limit = 33554432 (custom)
2019-08-29 08:47:04,382 [main] INFO  server.GrpcService (ConfUtils.java:logGet(43)) - raft.grpc.flow.control.window = 1MB (=1048576) (default)
2019-08-29 08:47:04,382 [main] INFO  server.RaftServerConfigKeys (ConfUtils.java:logGet(43)) - raft.server.rpc.request.timeout = 3000ms (default)
2019-08-29 08:47:04,383 [main] INFO  server.RaftServerConfigKeys (ConfUtils.java:logGet(43)) - raft.server.storage.dir = [/workdir/hadoop-ozone/integration-test/target/test-dir/MiniOzoneClusterImpl-0396b80d-4163-4a3b-9db9-4b816fc820e4/datanode-3/data/ratis] (custom)
2019-08-29 08:47:04,385 [main] INFO  hdfs.DFSUtil (DFSUtil.java:httpServerTemplateForNNAndJN(1641)) - Starting Web-server for hddsDatanode at: http://0.0.0.0:0
2019-08-29 08:47:04,386 [main] INFO  server.AuthenticationFilter (AuthenticationFilter.java:constructSecretProvider(240)) - Unable to initialize FileSignerSecretProvider, falling back to use random secrets.
2019-08-29 08:47:04,387 [main] WARN  http.HttpRequestLog (HttpRequestLog.java:getRequestLog(97)) - Jetty request log can only be enabled using Log4j
2019-08-29 08:47:04,388 [main] INFO  http.HttpServer2 (HttpServer2.java:addGlobalFilter(975)) - Added global filter 'safety' (class=org.apache.hadoop.http.HttpServer2$QuotingInputFilter)
2019-08-29 08:47:04,389 [main] INFO  http.HttpServer2 (HttpServer2.java:addFilter(948)) - Added filter static_user_filter (class=org.apache.hadoop.http.lib.StaticUserWebFilter$StaticUserFilter) to context hddsDatanode
2019-08-29 08:47:04,389 [main] INFO  http.HttpServer2 (HttpServer2.java:addFilter(958)) - Added filter static_user_filter (class=org.apache.hadoop.http.lib.StaticUserWebFilter$StaticUserFilter) to context logs
2019-08-29 08:47:04,389 [main] INFO  http.HttpServer2 (HttpServer2.java:addFilter(958)) - Added filter static_user_filter (class=org.apache.hadoop.http.lib.StaticUserWebFilter$StaticUserFilter) to context static
2019-08-29 08:47:04,390 [main] INFO  http.HttpServer2 (HttpServer2.java:bindListener(1191)) - Jetty bound to port 36625
2019-08-29 08:47:04,390 [main] INFO  server.Server (Server.java:doStart(351)) - jetty-9.3.24.v20180605, build timestamp: 2018-06-05T17:11:56Z, git hash: 84205aa28f11a4f31f2a3b86d1bba2cc8ab69827
2019-08-29 08:47:04,394 [main] INFO  handler.ContextHandler (ContextHandler.java:doStart(781)) - Started o.e.j.s.ServletContextHandler@19a64eae{/logs,file:///workdir/hadoop-ozone/integration-test/target/log,AVAILABLE}
2019-08-29 08:47:04,394 [main] INFO  handler.ContextHandler (ContextHandler.java:doStart(781)) - Started o.e.j.s.ServletContextHandler@2da3b078{/static,jar:file:/home/user/.m2/repository/org/apache/hadoop/hadoop-hdds-container-service/0.5.0-SNAPSHOT/hadoop-hdds-container-service-0.5.0-SNAPSHOT.jar!/webapps/static,AVAILABLE}
2019-08-29 08:47:04,422 [main] INFO  handler.ContextHandler (ContextHandler.java:doStart(781)) - Started o.e.j.w.WebAppContext@10c72a6f{/,file:///tmp/jetty-0.0.0.0-36625-hddsDatanode-_-any-2879458502978500347.dir/webapp/,AVAILABLE}{/hddsDatanode}
2019-08-29 08:47:04,423 [main] INFO  server.AbstractConnector (AbstractConnector.java:doStart(278)) - Started ServerConnector@70e94ecb{HTTP/1.1,[http/1.1]}{0.0.0.0:36625}
2019-08-29 08:47:04,424 [main] INFO  server.Server (Server.java:doStart(419)) - Started @5792ms
2019-08-29 08:47:04,425 [main] INFO  server.BaseHttpServer (BaseHttpServer.java:updateConnectorAddress(213)) - HTTP server of HDDSDATANODE is listening at http://0.0.0.0:36625
2019-08-29 08:47:04,426 [main] INFO  impl.MetricsSystemImpl (MetricsSystemImpl.java:init(158)) - HddsDatanode metrics system started (again)
2019-08-29 08:47:04,428 [org.apache.hadoop.util.JvmPauseMonitor$Monitor@1121816a] INFO  util.JvmPauseMonitor (JvmPauseMonitor.java:run(188)) - Starting JVM pause monitor
2019-08-29 08:47:04,429 [main] INFO  ozone.HddsDatanodeService (HddsDatanodeService.java:start(184)) - HddsDatanodeService host:pr-hdds-1909-44d2n-1519487446 ip:192.168.5.176
2019-08-29 08:47:04,431 [Datanode State Machine Thread - 0] INFO  datanode.InitDatanodeState (InitDatanodeState.java:persistContainerDatanodeDetails(140)) - DatanodeDetails is persisted to /workdir/hadoop-ozone/integration-test/target/test-dir/MiniOzoneClusterImpl-0396b80d-4163-4a3b-9db9-4b816fc820e4/datanode-3/meta/datanode.id
2019-08-29 08:47:04,437 [main] INFO  volume.HddsVolume (HddsVolume.java:<init>(176)) - Creating Volume: /workdir/hadoop-ozone/integration-test/target/test-dir/MiniOzoneClusterImpl-0396b80d-4163-4a3b-9db9-4b816fc820e4/datanode-4/data/containers/hdds of  storage type : DISK and capacity : 1482555576320
2019-08-29 08:47:04,439 [main] INFO  volume.VolumeSet (VolumeSet.java:initializeVolumeSet(170)) - Added Volume : /workdir/hadoop-ozone/integration-test/target/test-dir/MiniOzoneClusterImpl-0396b80d-4163-4a3b-9db9-4b816fc820e4/datanode-4/data/containers/hdds to VolumeSet
2019-08-29 08:47:04,439 [main] INFO  volume.ThrottledAsyncChecker (ThrottledAsyncChecker.java:schedule(140)) - Scheduling a check for org.apache.hadoop.ozone.container.common.volume.HddsVolume@11900483
2019-08-29 08:47:04,440 [main] INFO  volume.HddsVolumeChecker (HddsVolumeChecker.java:checkAllVolumes(203)) - Scheduled health check for volume org.apache.hadoop.ozone.container.common.volume.HddsVolume@11900483
2019-08-29 08:47:04,453 [main] INFO  impl.RaftServerProxy (ConfUtils.java:logGet(43)) - raft.rpc.type = GRPC (default)
2019-08-29 08:47:04,453 [main] INFO  grpc.GrpcFactory (GrpcFactory.java:checkPooledByteBufAllocatorUseCacheForAllThreads(45)) - PERFORMANCE WARNING: useCacheForAllThreads is true that may cause Netty to create a lot garbage objects and, as a result, trigger GC.
	It is recommended to disable useCacheForAllThreads by setting -Dorg.apache.ratis.thirdparty.io.netty.allocator.useCacheForAllThreads=false in command line.
2019-08-29 08:47:04,453 [main] INFO  grpc.GrpcConfigKeys$Server (ConfUtils.java:logGet(43)) - raft.grpc.server.port = 0 (default)
2019-08-29 08:47:04,453 [main] INFO  server.GrpcService (ConfUtils.java:logGet(43)) - raft.grpc.message.size.max = 33570816 (custom)
2019-08-29 08:47:04,454 [main] INFO  server.RaftServerConfigKeys (ConfUtils.java:logGet(43)) - raft.server.log.appender.buffer.byte-limit = 33554432 (custom)
2019-08-29 08:47:04,454 [main] INFO  server.GrpcService (ConfUtils.java:logGet(43)) - raft.grpc.flow.control.window = 1MB (=1048576) (default)
2019-08-29 08:47:04,454 [main] INFO  server.RaftServerConfigKeys (ConfUtils.java:logGet(43)) - raft.server.rpc.request.timeout = 3000ms (default)
2019-08-29 08:47:04,455 [main] INFO  server.RaftServerConfigKeys (ConfUtils.java:logGet(43)) - raft.server.storage.dir = [/workdir/hadoop-ozone/integration-test/target/test-dir/MiniOzoneClusterImpl-0396b80d-4163-4a3b-9db9-4b816fc820e4/datanode-4/data/ratis] (custom)
2019-08-29 08:47:04,456 [main] INFO  hdfs.DFSUtil (DFSUtil.java:httpServerTemplateForNNAndJN(1641)) - Starting Web-server for hddsDatanode at: http://0.0.0.0:0
2019-08-29 08:47:04,457 [main] INFO  server.AuthenticationFilter (AuthenticationFilter.java:constructSecretProvider(240)) - Unable to initialize FileSignerSecretProvider, falling back to use random secrets.
2019-08-29 08:47:04,458 [main] WARN  http.HttpRequestLog (HttpRequestLog.java:getRequestLog(97)) - Jetty request log can only be enabled using Log4j
2019-08-29 08:47:04,459 [main] INFO  http.HttpServer2 (HttpServer2.java:addGlobalFilter(975)) - Added global filter 'safety' (class=org.apache.hadoop.http.HttpServer2$QuotingInputFilter)
2019-08-29 08:47:04,460 [main] INFO  http.HttpServer2 (HttpServer2.java:addFilter(948)) - Added filter static_user_filter (class=org.apache.hadoop.http.lib.StaticUserWebFilter$StaticUserFilter) to context hddsDatanode
2019-08-29 08:47:04,460 [main] INFO  http.HttpServer2 (HttpServer2.java:addFilter(958)) - Added filter static_user_filter (class=org.apache.hadoop.http.lib.StaticUserWebFilter$StaticUserFilter) to context logs
2019-08-29 08:47:04,460 [main] INFO  http.HttpServer2 (HttpServer2.java:addFilter(958)) - Added filter static_user_filter (class=org.apache.hadoop.http.lib.StaticUserWebFilter$StaticUserFilter) to context static
2019-08-29 08:47:04,461 [main] INFO  http.HttpServer2 (HttpServer2.java:bindListener(1191)) - Jetty bound to port 43209
2019-08-29 08:47:04,461 [main] INFO  server.Server (Server.java:doStart(351)) - jetty-9.3.24.v20180605, build timestamp: 2018-06-05T17:11:56Z, git hash: 84205aa28f11a4f31f2a3b86d1bba2cc8ab69827
2019-08-29 08:47:04,463 [main] INFO  handler.ContextHandler (ContextHandler.java:doStart(781)) - Started o.e.j.s.ServletContextHandler@72e295cc{/logs,file:///workdir/hadoop-ozone/integration-test/target/log,AVAILABLE}
2019-08-29 08:47:04,464 [main] INFO  handler.ContextHandler (ContextHandler.java:doStart(781)) - Started o.e.j.s.ServletContextHandler@6fa0450e{/static,jar:file:/home/user/.m2/repository/org/apache/hadoop/hadoop-hdds-container-service/0.5.0-SNAPSHOT/hadoop-hdds-container-service-0.5.0-SNAPSHOT.jar!/webapps/static,AVAILABLE}
2019-08-29 08:47:04,490 [main] INFO  handler.ContextHandler (ContextHandler.java:doStart(781)) - Started o.e.j.w.WebAppContext@33634f04{/,file:///tmp/jetty-0.0.0.0-43209-hddsDatanode-_-any-3189249718497600901.dir/webapp/,AVAILABLE}{/hddsDatanode}
2019-08-29 08:47:04,492 [main] INFO  server.AbstractConnector (AbstractConnector.java:doStart(278)) - Started ServerConnector@4993febc{HTTP/1.1,[http/1.1]}{0.0.0.0:43209}
2019-08-29 08:47:04,492 [main] INFO  server.Server (Server.java:doStart(419)) - Started @5860ms
2019-08-29 08:47:04,493 [main] INFO  server.BaseHttpServer (BaseHttpServer.java:updateConnectorAddress(213)) - HTTP server of HDDSDATANODE is listening at http://0.0.0.0:43209
2019-08-29 08:47:04,493 [main] INFO  impl.MetricsSystemImpl (MetricsSystemImpl.java:init(158)) - HddsDatanode metrics system started (again)
2019-08-29 08:47:04,497 [org.apache.hadoop.util.JvmPauseMonitor$Monitor@376ba3ce] INFO  util.JvmPauseMonitor (JvmPauseMonitor.java:run(188)) - Starting JVM pause monitor
2019-08-29 08:47:04,498 [main] INFO  ozone.HddsDatanodeService (HddsDatanodeService.java:start(184)) - HddsDatanodeService host:pr-hdds-1909-44d2n-1519487446 ip:192.168.5.176
2019-08-29 08:47:04,499 [Datanode State Machine Thread - 0] INFO  datanode.InitDatanodeState (InitDatanodeState.java:persistContainerDatanodeDetails(140)) - DatanodeDetails is persisted to /workdir/hadoop-ozone/integration-test/target/test-dir/MiniOzoneClusterImpl-0396b80d-4163-4a3b-9db9-4b816fc820e4/datanode-4/meta/datanode.id
2019-08-29 08:47:04,504 [main] INFO  volume.HddsVolume (HddsVolume.java:<init>(176)) - Creating Volume: /workdir/hadoop-ozone/integration-test/target/test-dir/MiniOzoneClusterImpl-0396b80d-4163-4a3b-9db9-4b816fc820e4/datanode-5/data/containers/hdds of  storage type : DISK and capacity : 1482555576320
2019-08-29 08:47:04,504 [main] INFO  volume.VolumeSet (VolumeSet.java:initializeVolumeSet(170)) - Added Volume : /workdir/hadoop-ozone/integration-test/target/test-dir/MiniOzoneClusterImpl-0396b80d-4163-4a3b-9db9-4b816fc820e4/datanode-5/data/containers/hdds to VolumeSet
2019-08-29 08:47:04,504 [main] INFO  volume.ThrottledAsyncChecker (ThrottledAsyncChecker.java:schedule(140)) - Scheduling a check for org.apache.hadoop.ozone.container.common.volume.HddsVolume@3291b443
2019-08-29 08:47:04,505 [main] INFO  volume.HddsVolumeChecker (HddsVolumeChecker.java:checkAllVolumes(203)) - Scheduled health check for volume org.apache.hadoop.ozone.container.common.volume.HddsVolume@3291b443
2019-08-29 08:47:04,520 [main] INFO  impl.RaftServerProxy (ConfUtils.java:logGet(43)) - raft.rpc.type = GRPC (default)
2019-08-29 08:47:04,520 [main] INFO  grpc.GrpcFactory (GrpcFactory.java:checkPooledByteBufAllocatorUseCacheForAllThreads(45)) - PERFORMANCE WARNING: useCacheForAllThreads is true that may cause Netty to create a lot garbage objects and, as a result, trigger GC.
	It is recommended to disable useCacheForAllThreads by setting -Dorg.apache.ratis.thirdparty.io.netty.allocator.useCacheForAllThreads=false in command line.
2019-08-29 08:47:04,520 [main] INFO  grpc.GrpcConfigKeys$Server (ConfUtils.java:logGet(43)) - raft.grpc.server.port = 0 (default)
2019-08-29 08:47:04,521 [main] INFO  server.GrpcService (ConfUtils.java:logGet(43)) - raft.grpc.message.size.max = 33570816 (custom)
2019-08-29 08:47:04,521 [main] INFO  server.RaftServerConfigKeys (ConfUtils.java:logGet(43)) - raft.server.log.appender.buffer.byte-limit = 33554432 (custom)
2019-08-29 08:47:04,521 [main] INFO  server.GrpcService (ConfUtils.java:logGet(43)) - raft.grpc.flow.control.window = 1MB (=1048576) (default)
2019-08-29 08:47:04,521 [main] INFO  server.RaftServerConfigKeys (ConfUtils.java:logGet(43)) - raft.server.rpc.request.timeout = 3000ms (default)
2019-08-29 08:47:04,522 [main] INFO  server.RaftServerConfigKeys (ConfUtils.java:logGet(43)) - raft.server.storage.dir = [/workdir/hadoop-ozone/integration-test/target/test-dir/MiniOzoneClusterImpl-0396b80d-4163-4a3b-9db9-4b816fc820e4/datanode-5/data/ratis] (custom)
2019-08-29 08:47:04,523 [main] INFO  hdfs.DFSUtil (DFSUtil.java:httpServerTemplateForNNAndJN(1641)) - Starting Web-server for hddsDatanode at: http://0.0.0.0:0
2019-08-29 08:47:04,525 [main] INFO  server.AuthenticationFilter (AuthenticationFilter.java:constructSecretProvider(240)) - Unable to initialize FileSignerSecretProvider, falling back to use random secrets.
2019-08-29 08:47:04,525 [main] WARN  http.HttpRequestLog (HttpRequestLog.java:getRequestLog(97)) - Jetty request log can only be enabled using Log4j
2019-08-29 08:47:04,527 [main] INFO  http.HttpServer2 (HttpServer2.java:addGlobalFilter(975)) - Added global filter 'safety' (class=org.apache.hadoop.http.HttpServer2$QuotingInputFilter)
2019-08-29 08:47:04,527 [main] INFO  http.HttpServer2 (HttpServer2.java:addFilter(948)) - Added filter static_user_filter (class=org.apache.hadoop.http.lib.StaticUserWebFilter$StaticUserFilter) to context hddsDatanode
2019-08-29 08:47:04,528 [main] INFO  http.HttpServer2 (HttpServer2.java:addFilter(958)) - Added filter static_user_filter (class=org.apache.hadoop.http.lib.StaticUserWebFilter$StaticUserFilter) to context static
2019-08-29 08:47:04,528 [main] INFO  http.HttpServer2 (HttpServer2.java:addFilter(958)) - Added filter static_user_filter (class=org.apache.hadoop.http.lib.StaticUserWebFilter$StaticUserFilter) to context logs
2019-08-29 08:47:04,529 [main] INFO  http.HttpServer2 (HttpServer2.java:bindListener(1191)) - Jetty bound to port 38497
2019-08-29 08:47:04,529 [main] INFO  server.Server (Server.java:doStart(351)) - jetty-9.3.24.v20180605, build timestamp: 2018-06-05T17:11:56Z, git hash: 84205aa28f11a4f31f2a3b86d1bba2cc8ab69827
2019-08-29 08:47:04,530 [main] INFO  handler.ContextHandler (ContextHandler.java:doStart(781)) - Started o.e.j.s.ServletContextHandler@3ad85136{/logs,file:///workdir/hadoop-ozone/integration-test/target/log,AVAILABLE}
2019-08-29 08:47:04,531 [main] INFO  handler.ContextHandler (ContextHandler.java:doStart(781)) - Started o.e.j.s.ServletContextHandler@12e5da86{/static,jar:file:/home/user/.m2/repository/org/apache/hadoop/hadoop-hdds-container-service/0.5.0-SNAPSHOT/hadoop-hdds-container-service-0.5.0-SNAPSHOT.jar!/webapps/static,AVAILABLE}
2019-08-29 08:47:04,558 [main] INFO  handler.ContextHandler (ContextHandler.java:doStart(781)) - Started o.e.j.w.WebAppContext@47c40b56{/,file:///tmp/jetty-0.0.0.0-38497-hddsDatanode-_-any-778741255833859810.dir/webapp/,AVAILABLE}{/hddsDatanode}
2019-08-29 08:47:04,560 [main] INFO  server.AbstractConnector (AbstractConnector.java:doStart(278)) - Started ServerConnector@4b039c6d{HTTP/1.1,[http/1.1]}{0.0.0.0:38497}
2019-08-29 08:47:04,561 [main] INFO  server.Server (Server.java:doStart(419)) - Started @5928ms
2019-08-29 08:47:04,562 [main] INFO  server.BaseHttpServer (BaseHttpServer.java:updateConnectorAddress(213)) - HTTP server of HDDSDATANODE is listening at http://0.0.0.0:38497
2019-08-29 08:47:04,562 [main] INFO  impl.MetricsSystemImpl (MetricsSystemImpl.java:init(158)) - HddsDatanode metrics system started (again)
2019-08-29 08:47:04,565 [org.apache.hadoop.util.JvmPauseMonitor$Monitor@65fd6a0b] INFO  util.JvmPauseMonitor (JvmPauseMonitor.java:run(188)) - Starting JVM pause monitor
2019-08-29 08:47:04,567 [main] INFO  ozone.HddsDatanodeService (HddsDatanodeService.java:start(184)) - HddsDatanodeService host:pr-hdds-1909-44d2n-1519487446 ip:192.168.5.176
2019-08-29 08:47:04,568 [Datanode State Machine Thread - 0] INFO  datanode.InitDatanodeState (InitDatanodeState.java:persistContainerDatanodeDetails(140)) - DatanodeDetails is persisted to /workdir/hadoop-ozone/integration-test/target/test-dir/MiniOzoneClusterImpl-0396b80d-4163-4a3b-9db9-4b816fc820e4/datanode-5/meta/datanode.id
2019-08-29 08:47:04,573 [main] INFO  volume.HddsVolume (HddsVolume.java:<init>(176)) - Creating Volume: /workdir/hadoop-ozone/integration-test/target/test-dir/MiniOzoneClusterImpl-0396b80d-4163-4a3b-9db9-4b816fc820e4/datanode-6/data/containers/hdds of  storage type : DISK and capacity : 1482555576320
2019-08-29 08:47:04,573 [main] INFO  volume.VolumeSet (VolumeSet.java:initializeVolumeSet(170)) - Added Volume : /workdir/hadoop-ozone/integration-test/target/test-dir/MiniOzoneClusterImpl-0396b80d-4163-4a3b-9db9-4b816fc820e4/datanode-6/data/containers/hdds to VolumeSet
2019-08-29 08:47:04,574 [main] INFO  volume.ThrottledAsyncChecker (ThrottledAsyncChecker.java:schedule(140)) - Scheduling a check for org.apache.hadoop.ozone.container.common.volume.HddsVolume@2da66a44
2019-08-29 08:47:04,574 [main] INFO  volume.HddsVolumeChecker (HddsVolumeChecker.java:checkAllVolumes(203)) - Scheduled health check for volume org.apache.hadoop.ozone.container.common.volume.HddsVolume@2da66a44
2019-08-29 08:47:04,587 [main] INFO  impl.RaftServerProxy (ConfUtils.java:logGet(43)) - raft.rpc.type = GRPC (default)
2019-08-29 08:47:04,587 [main] INFO  grpc.GrpcFactory (GrpcFactory.java:checkPooledByteBufAllocatorUseCacheForAllThreads(45)) - PERFORMANCE WARNING: useCacheForAllThreads is true that may cause Netty to create a lot garbage objects and, as a result, trigger GC.
	It is recommended to disable useCacheForAllThreads by setting -Dorg.apache.ratis.thirdparty.io.netty.allocator.useCacheForAllThreads=false in command line.
2019-08-29 08:47:04,587 [main] INFO  grpc.GrpcConfigKeys$Server (ConfUtils.java:logGet(43)) - raft.grpc.server.port = 0 (default)
2019-08-29 08:47:04,588 [main] INFO  server.GrpcService (ConfUtils.java:logGet(43)) - raft.grpc.message.size.max = 33570816 (custom)
2019-08-29 08:47:04,588 [main] INFO  server.RaftServerConfigKeys (ConfUtils.java:logGet(43)) - raft.server.log.appender.buffer.byte-limit = 33554432 (custom)
2019-08-29 08:47:04,588 [main] INFO  server.GrpcService (ConfUtils.java:logGet(43)) - raft.grpc.flow.control.window = 1MB (=1048576) (default)
2019-08-29 08:47:04,588 [main] INFO  server.RaftServerConfigKeys (ConfUtils.java:logGet(43)) - raft.server.rpc.request.timeout = 3000ms (default)
2019-08-29 08:47:04,589 [main] INFO  server.RaftServerConfigKeys (ConfUtils.java:logGet(43)) - raft.server.storage.dir = [/workdir/hadoop-ozone/integration-test/target/test-dir/MiniOzoneClusterImpl-0396b80d-4163-4a3b-9db9-4b816fc820e4/datanode-6/data/ratis] (custom)
2019-08-29 08:47:04,590 [main] INFO  hdfs.DFSUtil (DFSUtil.java:httpServerTemplateForNNAndJN(1641)) - Starting Web-server for hddsDatanode at: http://0.0.0.0:0
2019-08-29 08:47:04,591 [main] INFO  server.AuthenticationFilter (AuthenticationFilter.java:constructSecretProvider(240)) - Unable to initialize FileSignerSecretProvider, falling back to use random secrets.
2019-08-29 08:47:04,592 [main] WARN  http.HttpRequestLog (HttpRequestLog.java:getRequestLog(97)) - Jetty request log can only be enabled using Log4j
2019-08-29 08:47:04,593 [main] INFO  http.HttpServer2 (HttpServer2.java:addGlobalFilter(975)) - Added global filter 'safety' (class=org.apache.hadoop.http.HttpServer2$QuotingInputFilter)
2019-08-29 08:47:04,594 [main] INFO  http.HttpServer2 (HttpServer2.java:addFilter(948)) - Added filter static_user_filter (class=org.apache.hadoop.http.lib.StaticUserWebFilter$StaticUserFilter) to context hddsDatanode
2019-08-29 08:47:04,594 [main] INFO  http.HttpServer2 (HttpServer2.java:addFilter(958)) - Added filter static_user_filter (class=org.apache.hadoop.http.lib.StaticUserWebFilter$StaticUserFilter) to context static
2019-08-29 08:47:04,594 [main] INFO  http.HttpServer2 (HttpServer2.java:addFilter(958)) - Added filter static_user_filter (class=org.apache.hadoop.http.lib.StaticUserWebFilter$StaticUserFilter) to context logs
2019-08-29 08:47:04,595 [main] INFO  http.HttpServer2 (HttpServer2.java:bindListener(1191)) - Jetty bound to port 39130
2019-08-29 08:47:04,595 [main] INFO  server.Server (Server.java:doStart(351)) - jetty-9.3.24.v20180605, build timestamp: 2018-06-05T17:11:56Z, git hash: 84205aa28f11a4f31f2a3b86d1bba2cc8ab69827
2019-08-29 08:47:04,597 [main] INFO  handler.ContextHandler (ContextHandler.java:doStart(781)) - Started o.e.j.s.ServletContextHandler@d613308{/logs,file:///workdir/hadoop-ozone/integration-test/target/log,AVAILABLE}
2019-08-29 08:47:04,597 [main] INFO  handler.ContextHandler (ContextHandler.java:doStart(781)) - Started o.e.j.s.ServletContextHandler@7b27e8f4{/static,jar:file:/home/user/.m2/repository/org/apache/hadoop/hadoop-hdds-container-service/0.5.0-SNAPSHOT/hadoop-hdds-container-service-0.5.0-SNAPSHOT.jar!/webapps/static,AVAILABLE}
2019-08-29 08:47:04,638 [main] INFO  handler.ContextHandler (ContextHandler.java:doStart(781)) - Started o.e.j.w.WebAppContext@574b7f4a{/,file:///tmp/jetty-0.0.0.0-39130-hddsDatanode-_-any-3150834285465052932.dir/webapp/,AVAILABLE}{/hddsDatanode}
2019-08-29 08:47:04,639 [main] INFO  server.AbstractConnector (AbstractConnector.java:doStart(278)) - Started ServerConnector@44ed0a8f{HTTP/1.1,[http/1.1]}{0.0.0.0:39130}
2019-08-29 08:47:04,640 [main] INFO  server.Server (Server.java:doStart(419)) - Started @6007ms
2019-08-29 08:47:04,641 [main] INFO  server.BaseHttpServer (BaseHttpServer.java:updateConnectorAddress(213)) - HTTP server of HDDSDATANODE is listening at http://0.0.0.0:39130
2019-08-29 08:47:04,641 [main] INFO  impl.MetricsSystemImpl (MetricsSystemImpl.java:init(158)) - HddsDatanode metrics system started (again)
2019-08-29 08:47:04,644 [org.apache.hadoop.util.JvmPauseMonitor$Monitor@5c7e431] INFO  util.JvmPauseMonitor (JvmPauseMonitor.java:run(188)) - Starting JVM pause monitor
2019-08-29 08:47:04,645 [main] INFO  ozone.HddsDatanodeService (HddsDatanodeService.java:start(184)) - HddsDatanodeService host:pr-hdds-1909-44d2n-1519487446 ip:192.168.5.176
2019-08-29 08:47:04,647 [Datanode State Machine Thread - 0] INFO  datanode.InitDatanodeState (InitDatanodeState.java:persistContainerDatanodeDetails(140)) - DatanodeDetails is persisted to /workdir/hadoop-ozone/integration-test/target/test-dir/MiniOzoneClusterImpl-0396b80d-4163-4a3b-9db9-4b816fc820e4/datanode-6/meta/datanode.id
2019-08-29 08:47:04,653 [main] INFO  volume.HddsVolume (HddsVolume.java:<init>(176)) - Creating Volume: /workdir/hadoop-ozone/integration-test/target/test-dir/MiniOzoneClusterImpl-0396b80d-4163-4a3b-9db9-4b816fc820e4/datanode-7/data/containers/hdds of  storage type : DISK and capacity : 1482555576320
2019-08-29 08:47:04,653 [main] INFO  volume.VolumeSet (VolumeSet.java:initializeVolumeSet(170)) - Added Volume : /workdir/hadoop-ozone/integration-test/target/test-dir/MiniOzoneClusterImpl-0396b80d-4163-4a3b-9db9-4b816fc820e4/datanode-7/data/containers/hdds to VolumeSet
2019-08-29 08:47:04,654 [main] INFO  volume.ThrottledAsyncChecker (ThrottledAsyncChecker.java:schedule(140)) - Scheduling a check for org.apache.hadoop.ozone.container.common.volume.HddsVolume@20f6f88c
2019-08-29 08:47:04,654 [main] INFO  volume.HddsVolumeChecker (HddsVolumeChecker.java:checkAllVolumes(203)) - Scheduled health check for volume org.apache.hadoop.ozone.container.common.volume.HddsVolume@20f6f88c
2019-08-29 08:47:04,669 [main] INFO  impl.RaftServerProxy (ConfUtils.java:logGet(43)) - raft.rpc.type = GRPC (default)
2019-08-29 08:47:04,670 [main] INFO  grpc.GrpcFactory (GrpcFactory.java:checkPooledByteBufAllocatorUseCacheForAllThreads(45)) - PERFORMANCE WARNING: useCacheForAllThreads is true that may cause Netty to create a lot garbage objects and, as a result, trigger GC.
	It is recommended to disable useCacheForAllThreads by setting -Dorg.apache.ratis.thirdparty.io.netty.allocator.useCacheForAllThreads=false in command line.
2019-08-29 08:47:04,670 [main] INFO  grpc.GrpcConfigKeys$Server (ConfUtils.java:logGet(43)) - raft.grpc.server.port = 0 (default)
2019-08-29 08:47:04,670 [main] INFO  server.GrpcService (ConfUtils.java:logGet(43)) - raft.grpc.message.size.max = 33570816 (custom)
2019-08-29 08:47:04,670 [main] INFO  server.RaftServerConfigKeys (ConfUtils.java:logGet(43)) - raft.server.log.appender.buffer.byte-limit = 33554432 (custom)
2019-08-29 08:47:04,671 [main] INFO  server.GrpcService (ConfUtils.java:logGet(43)) - raft.grpc.flow.control.window = 1MB (=1048576) (default)
2019-08-29 08:47:04,671 [main] INFO  server.RaftServerConfigKeys (ConfUtils.java:logGet(43)) - raft.server.rpc.request.timeout = 3000ms (default)
2019-08-29 08:47:04,671 [main] INFO  server.RaftServerConfigKeys (ConfUtils.java:logGet(43)) - raft.server.storage.dir = [/workdir/hadoop-ozone/integration-test/target/test-dir/MiniOzoneClusterImpl-0396b80d-4163-4a3b-9db9-4b816fc820e4/datanode-7/data/ratis] (custom)
2019-08-29 08:47:04,673 [main] INFO  hdfs.DFSUtil (DFSUtil.java:httpServerTemplateForNNAndJN(1641)) - Starting Web-server for hddsDatanode at: http://0.0.0.0:0
2019-08-29 08:47:04,674 [main] INFO  server.AuthenticationFilter (AuthenticationFilter.java:constructSecretProvider(240)) - Unable to initialize FileSignerSecretProvider, falling back to use random secrets.
2019-08-29 08:47:04,675 [main] WARN  http.HttpRequestLog (HttpRequestLog.java:getRequestLog(97)) - Jetty request log can only be enabled using Log4j
2019-08-29 08:47:04,676 [main] INFO  http.HttpServer2 (HttpServer2.java:addGlobalFilter(975)) - Added global filter 'safety' (class=org.apache.hadoop.http.HttpServer2$QuotingInputFilter)
2019-08-29 08:47:04,677 [main] INFO  http.HttpServer2 (HttpServer2.java:addFilter(948)) - Added filter static_user_filter (class=org.apache.hadoop.http.lib.StaticUserWebFilter$StaticUserFilter) to context hddsDatanode
2019-08-29 08:47:04,677 [main] INFO  http.HttpServer2 (HttpServer2.java:addFilter(958)) - Added filter static_user_filter (class=org.apache.hadoop.http.lib.StaticUserWebFilter$StaticUserFilter) to context static
2019-08-29 08:47:04,677 [main] INFO  http.HttpServer2 (HttpServer2.java:addFilter(958)) - Added filter static_user_filter (class=org.apache.hadoop.http.lib.StaticUserWebFilter$StaticUserFilter) to context logs
2019-08-29 08:47:04,678 [main] INFO  http.HttpServer2 (HttpServer2.java:bindListener(1191)) - Jetty bound to port 35096
2019-08-29 08:47:04,679 [main] INFO  server.Server (Server.java:doStart(351)) - jetty-9.3.24.v20180605, build timestamp: 2018-06-05T17:11:56Z, git hash: 84205aa28f11a4f31f2a3b86d1bba2cc8ab69827
2019-08-29 08:47:04,680 [main] INFO  handler.ContextHandler (ContextHandler.java:doStart(781)) - Started o.e.j.s.ServletContextHandler@63dfada0{/logs,file:///workdir/hadoop-ozone/integration-test/target/log,AVAILABLE}
2019-08-29 08:47:04,681 [main] INFO  handler.ContextHandler (ContextHandler.java:doStart(781)) - Started o.e.j.s.ServletContextHandler@35a60674{/static,jar:file:/home/user/.m2/repository/org/apache/hadoop/hadoop-hdds-container-service/0.5.0-SNAPSHOT/hadoop-hdds-container-service-0.5.0-SNAPSHOT.jar!/webapps/static,AVAILABLE}
2019-08-29 08:47:04,710 [main] INFO  handler.ContextHandler (ContextHandler.java:doStart(781)) - Started o.e.j.w.WebAppContext@16a9eb2e{/,file:///tmp/jetty-0.0.0.0-35096-hddsDatanode-_-any-3845790059703630142.dir/webapp/,AVAILABLE}{/hddsDatanode}
2019-08-29 08:47:04,711 [main] INFO  server.AbstractConnector (AbstractConnector.java:doStart(278)) - Started ServerConnector@76332405{HTTP/1.1,[http/1.1]}{0.0.0.0:35096}
2019-08-29 08:47:04,712 [main] INFO  server.Server (Server.java:doStart(419)) - Started @6080ms
2019-08-29 08:47:04,713 [main] INFO  server.BaseHttpServer (BaseHttpServer.java:updateConnectorAddress(213)) - HTTP server of HDDSDATANODE is listening at http://0.0.0.0:35096
2019-08-29 08:47:04,713 [main] INFO  impl.MetricsSystemImpl (MetricsSystemImpl.java:init(158)) - HddsDatanode metrics system started (again)
2019-08-29 08:47:04,717 [org.apache.hadoop.util.JvmPauseMonitor$Monitor@186c13b4] INFO  util.JvmPauseMonitor (JvmPauseMonitor.java:run(188)) - Starting JVM pause monitor
2019-08-29 08:47:04,717 [main] INFO  ozone.HddsDatanodeService (HddsDatanodeService.java:start(184)) - HddsDatanodeService host:pr-hdds-1909-44d2n-1519487446 ip:192.168.5.176
2019-08-29 08:47:04,720 [Datanode State Machine Thread - 0] INFO  datanode.InitDatanodeState (InitDatanodeState.java:persistContainerDatanodeDetails(140)) - DatanodeDetails is persisted to /workdir/hadoop-ozone/integration-test/target/test-dir/MiniOzoneClusterImpl-0396b80d-4163-4a3b-9db9-4b816fc820e4/datanode-7/meta/datanode.id
2019-08-29 08:47:04,726 [main] INFO  volume.HddsVolume (HddsVolume.java:<init>(176)) - Creating Volume: /workdir/hadoop-ozone/integration-test/target/test-dir/MiniOzoneClusterImpl-0396b80d-4163-4a3b-9db9-4b816fc820e4/datanode-8/data/containers/hdds of  storage type : DISK and capacity : 1482555576320
2019-08-29 08:47:04,727 [main] INFO  volume.VolumeSet (VolumeSet.java:initializeVolumeSet(170)) - Added Volume : /workdir/hadoop-ozone/integration-test/target/test-dir/MiniOzoneClusterImpl-0396b80d-4163-4a3b-9db9-4b816fc820e4/datanode-8/data/containers/hdds to VolumeSet
2019-08-29 08:47:04,727 [main] INFO  volume.ThrottledAsyncChecker (ThrottledAsyncChecker.java:schedule(140)) - Scheduling a check for org.apache.hadoop.ozone.container.common.volume.HddsVolume@5b3bb1f7
2019-08-29 08:47:04,728 [main] INFO  volume.HddsVolumeChecker (HddsVolumeChecker.java:checkAllVolumes(203)) - Scheduled health check for volume org.apache.hadoop.ozone.container.common.volume.HddsVolume@5b3bb1f7
2019-08-29 08:47:04,741 [main] INFO  impl.RaftServerProxy (ConfUtils.java:logGet(43)) - raft.rpc.type = GRPC (default)
2019-08-29 08:47:04,741 [main] INFO  grpc.GrpcFactory (GrpcFactory.java:checkPooledByteBufAllocatorUseCacheForAllThreads(45)) - PERFORMANCE WARNING: useCacheForAllThreads is true that may cause Netty to create a lot garbage objects and, as a result, trigger GC.
	It is recommended to disable useCacheForAllThreads by setting -Dorg.apache.ratis.thirdparty.io.netty.allocator.useCacheForAllThreads=false in command line.
2019-08-29 08:47:04,741 [main] INFO  grpc.GrpcConfigKeys$Server (ConfUtils.java:logGet(43)) - raft.grpc.server.port = 0 (default)
2019-08-29 08:47:04,741 [main] INFO  server.GrpcService (ConfUtils.java:logGet(43)) - raft.grpc.message.size.max = 33570816 (custom)
2019-08-29 08:47:04,742 [main] INFO  server.RaftServerConfigKeys (ConfUtils.java:logGet(43)) - raft.server.log.appender.buffer.byte-limit = 33554432 (custom)
2019-08-29 08:47:04,742 [main] INFO  server.GrpcService (ConfUtils.java:logGet(43)) - raft.grpc.flow.control.window = 1MB (=1048576) (default)
2019-08-29 08:47:04,742 [main] INFO  server.RaftServerConfigKeys (ConfUtils.java:logGet(43)) - raft.server.rpc.request.timeout = 3000ms (default)
2019-08-29 08:47:04,743 [main] INFO  server.RaftServerConfigKeys (ConfUtils.java:logGet(43)) - raft.server.storage.dir = [/workdir/hadoop-ozone/integration-test/target/test-dir/MiniOzoneClusterImpl-0396b80d-4163-4a3b-9db9-4b816fc820e4/datanode-8/data/ratis] (custom)
2019-08-29 08:47:04,744 [main] INFO  hdfs.DFSUtil (DFSUtil.java:httpServerTemplateForNNAndJN(1641)) - Starting Web-server for hddsDatanode at: http://0.0.0.0:0
2019-08-29 08:47:04,746 [main] INFO  server.AuthenticationFilter (AuthenticationFilter.java:constructSecretProvider(240)) - Unable to initialize FileSignerSecretProvider, falling back to use random secrets.
2019-08-29 08:47:04,746 [main] WARN  http.HttpRequestLog (HttpRequestLog.java:getRequestLog(97)) - Jetty request log can only be enabled using Log4j
2019-08-29 08:47:04,747 [main] INFO  http.HttpServer2 (HttpServer2.java:addGlobalFilter(975)) - Added global filter 'safety' (class=org.apache.hadoop.http.HttpServer2$QuotingInputFilter)
2019-08-29 08:47:04,748 [main] INFO  http.HttpServer2 (HttpServer2.java:addFilter(948)) - Added filter static_user_filter (class=org.apache.hadoop.http.lib.StaticUserWebFilter$StaticUserFilter) to context hddsDatanode
2019-08-29 08:47:04,748 [main] INFO  http.HttpServer2 (HttpServer2.java:addFilter(958)) - Added filter static_user_filter (class=org.apache.hadoop.http.lib.StaticUserWebFilter$StaticUserFilter) to context static
2019-08-29 08:47:04,748 [main] INFO  http.HttpServer2 (HttpServer2.java:addFilter(958)) - Added filter static_user_filter (class=org.apache.hadoop.http.lib.StaticUserWebFilter$StaticUserFilter) to context logs
2019-08-29 08:47:04,749 [main] INFO  http.HttpServer2 (HttpServer2.java:bindListener(1191)) - Jetty bound to port 34741
2019-08-29 08:47:04,749 [main] INFO  server.Server (Server.java:doStart(351)) - jetty-9.3.24.v20180605, build timestamp: 2018-06-05T17:11:56Z, git hash: 84205aa28f11a4f31f2a3b86d1bba2cc8ab69827
2019-08-29 08:47:04,751 [main] INFO  handler.ContextHandler (ContextHandler.java:doStart(781)) - Started o.e.j.s.ServletContextHandler@69d45cca{/logs,file:///workdir/hadoop-ozone/integration-test/target/log,AVAILABLE}
2019-08-29 08:47:04,751 [main] INFO  handler.ContextHandler (ContextHandler.java:doStart(781)) - Started o.e.j.s.ServletContextHandler@6e6d4780{/static,jar:file:/home/user/.m2/repository/org/apache/hadoop/hadoop-hdds-container-service/0.5.0-SNAPSHOT/hadoop-hdds-container-service-0.5.0-SNAPSHOT.jar!/webapps/static,AVAILABLE}
2019-08-29 08:47:04,778 [main] INFO  handler.ContextHandler (ContextHandler.java:doStart(781)) - Started o.e.j.w.WebAppContext@3b5c665c{/,file:///tmp/jetty-0.0.0.0-34741-hddsDatanode-_-any-7385835415238825981.dir/webapp/,AVAILABLE}{/hddsDatanode}
2019-08-29 08:47:04,779 [main] INFO  server.AbstractConnector (AbstractConnector.java:doStart(278)) - Started ServerConnector@78e17a99{HTTP/1.1,[http/1.1]}{0.0.0.0:34741}
2019-08-29 08:47:04,780 [main] INFO  server.Server (Server.java:doStart(419)) - Started @6148ms
2019-08-29 08:47:04,781 [main] INFO  server.BaseHttpServer (BaseHttpServer.java:updateConnectorAddress(213)) - HTTP server of HDDSDATANODE is listening at http://0.0.0.0:34741
2019-08-29 08:47:04,781 [main] INFO  impl.MetricsSystemImpl (MetricsSystemImpl.java:init(158)) - HddsDatanode metrics system started (again)
2019-08-29 08:47:04,785 [org.apache.hadoop.util.JvmPauseMonitor$Monitor@4f4c0131] INFO  util.JvmPauseMonitor (JvmPauseMonitor.java:run(188)) - Starting JVM pause monitor
2019-08-29 08:47:04,786 [main] INFO  ozone.HddsDatanodeService (HddsDatanodeService.java:start(184)) - HddsDatanodeService host:pr-hdds-1909-44d2n-1519487446 ip:192.168.5.176
2019-08-29 08:47:04,787 [Datanode State Machine Thread - 0] INFO  datanode.InitDatanodeState (InitDatanodeState.java:persistContainerDatanodeDetails(140)) - DatanodeDetails is persisted to /workdir/hadoop-ozone/integration-test/target/test-dir/MiniOzoneClusterImpl-0396b80d-4163-4a3b-9db9-4b816fc820e4/datanode-8/meta/datanode.id
2019-08-29 08:47:04,794 [main] INFO  volume.HddsVolume (HddsVolume.java:<init>(176)) - Creating Volume: /workdir/hadoop-ozone/integration-test/target/test-dir/MiniOzoneClusterImpl-0396b80d-4163-4a3b-9db9-4b816fc820e4/datanode-9/data/containers/hdds of  storage type : DISK and capacity : 1482555576320
2019-08-29 08:47:04,794 [main] INFO  volume.VolumeSet (VolumeSet.java:initializeVolumeSet(170)) - Added Volume : /workdir/hadoop-ozone/integration-test/target/test-dir/MiniOzoneClusterImpl-0396b80d-4163-4a3b-9db9-4b816fc820e4/datanode-9/data/containers/hdds to VolumeSet
2019-08-29 08:47:04,794 [main] INFO  volume.ThrottledAsyncChecker (ThrottledAsyncChecker.java:schedule(140)) - Scheduling a check for org.apache.hadoop.ozone.container.common.volume.HddsVolume@6fc6deb7
2019-08-29 08:47:04,795 [main] INFO  volume.HddsVolumeChecker (HddsVolumeChecker.java:checkAllVolumes(203)) - Scheduled health check for volume org.apache.hadoop.ozone.container.common.volume.HddsVolume@6fc6deb7
2019-08-29 08:47:04,808 [main] INFO  impl.RaftServerProxy (ConfUtils.java:logGet(43)) - raft.rpc.type = GRPC (default)
2019-08-29 08:47:04,808 [main] INFO  grpc.GrpcFactory (GrpcFactory.java:checkPooledByteBufAllocatorUseCacheForAllThreads(45)) - PERFORMANCE WARNING: useCacheForAllThreads is true that may cause Netty to create a lot garbage objects and, as a result, trigger GC.
	It is recommended to disable useCacheForAllThreads by setting -Dorg.apache.ratis.thirdparty.io.netty.allocator.useCacheForAllThreads=false in command line.
2019-08-29 08:47:04,808 [main] INFO  grpc.GrpcConfigKeys$Server (ConfUtils.java:logGet(43)) - raft.grpc.server.port = 0 (default)
2019-08-29 08:47:04,809 [main] INFO  server.GrpcService (ConfUtils.java:logGet(43)) - raft.grpc.message.size.max = 33570816 (custom)
2019-08-29 08:47:04,809 [main] INFO  server.RaftServerConfigKeys (ConfUtils.java:logGet(43)) - raft.server.log.appender.buffer.byte-limit = 33554432 (custom)
2019-08-29 08:47:04,809 [main] INFO  server.GrpcService (ConfUtils.java:logGet(43)) - raft.grpc.flow.control.window = 1MB (=1048576) (default)
2019-08-29 08:47:04,809 [main] INFO  server.RaftServerConfigKeys (ConfUtils.java:logGet(43)) - raft.server.rpc.request.timeout = 3000ms (default)
2019-08-29 08:47:04,810 [main] INFO  server.RaftServerConfigKeys (ConfUtils.java:logGet(43)) - raft.server.storage.dir = [/workdir/hadoop-ozone/integration-test/target/test-dir/MiniOzoneClusterImpl-0396b80d-4163-4a3b-9db9-4b816fc820e4/datanode-9/data/ratis] (custom)
2019-08-29 08:47:04,811 [main] INFO  hdfs.DFSUtil (DFSUtil.java:httpServerTemplateForNNAndJN(1641)) - Starting Web-server for hddsDatanode at: http://0.0.0.0:0
2019-08-29 08:47:04,812 [main] INFO  server.AuthenticationFilter (AuthenticationFilter.java:constructSecretProvider(240)) - Unable to initialize FileSignerSecretProvider, falling back to use random secrets.
2019-08-29 08:47:04,813 [main] WARN  http.HttpRequestLog (HttpRequestLog.java:getRequestLog(97)) - Jetty request log can only be enabled using Log4j
2019-08-29 08:47:04,814 [main] INFO  http.HttpServer2 (HttpServer2.java:addGlobalFilter(975)) - Added global filter 'safety' (class=org.apache.hadoop.http.HttpServer2$QuotingInputFilter)
2019-08-29 08:47:04,815 [main] INFO  http.HttpServer2 (HttpServer2.java:addFilter(948)) - Added filter static_user_filter (class=org.apache.hadoop.http.lib.StaticUserWebFilter$StaticUserFilter) to context hddsDatanode
2019-08-29 08:47:04,815 [main] INFO  http.HttpServer2 (HttpServer2.java:addFilter(958)) - Added filter static_user_filter (class=org.apache.hadoop.http.lib.StaticUserWebFilter$StaticUserFilter) to context static
2019-08-29 08:47:04,815 [main] INFO  http.HttpServer2 (HttpServer2.java:addFilter(958)) - Added filter static_user_filter (class=org.apache.hadoop.http.lib.StaticUserWebFilter$StaticUserFilter) to context logs
2019-08-29 08:47:04,816 [main] INFO  http.HttpServer2 (HttpServer2.java:bindListener(1191)) - Jetty bound to port 34914
2019-08-29 08:47:04,816 [main] INFO  server.Server (Server.java:doStart(351)) - jetty-9.3.24.v20180605, build timestamp: 2018-06-05T17:11:56Z, git hash: 84205aa28f11a4f31f2a3b86d1bba2cc8ab69827
2019-08-29 08:47:04,817 [main] INFO  handler.ContextHandler (ContextHandler.java:doStart(781)) - Started o.e.j.s.ServletContextHandler@6242ae3b{/logs,file:///workdir/hadoop-ozone/integration-test/target/log,AVAILABLE}
2019-08-29 08:47:04,820 [main] INFO  handler.ContextHandler (ContextHandler.java:doStart(781)) - Started o.e.j.s.ServletContextHandler@56399b9e{/static,jar:file:/home/user/.m2/repository/org/apache/hadoop/hadoop-hdds-container-service/0.5.0-SNAPSHOT/hadoop-hdds-container-service-0.5.0-SNAPSHOT.jar!/webapps/static,AVAILABLE}
2019-08-29 08:47:04,850 [main] INFO  handler.ContextHandler (ContextHandler.java:doStart(781)) - Started o.e.j.w.WebAppContext@59ce792e{/,file:///tmp/jetty-0.0.0.0-34914-hddsDatanode-_-any-5520049197441171466.dir/webapp/,AVAILABLE}{/hddsDatanode}
2019-08-29 08:47:04,852 [main] INFO  server.AbstractConnector (AbstractConnector.java:doStart(278)) - Started ServerConnector@4860827a{HTTP/1.1,[http/1.1]}{0.0.0.0:34914}
2019-08-29 08:47:04,852 [main] INFO  server.Server (Server.java:doStart(419)) - Started @6220ms
2019-08-29 08:47:04,853 [main] INFO  server.BaseHttpServer (BaseHttpServer.java:updateConnectorAddress(213)) - HTTP server of HDDSDATANODE is listening at http://0.0.0.0:34914
2019-08-29 08:47:04,857 [org.apache.hadoop.util.JvmPauseMonitor$Monitor@475067cf] INFO  util.JvmPauseMonitor (JvmPauseMonitor.java:run(188)) - Starting JVM pause monitor
2019-08-29 08:47:04,857 [main] INFO  ozone.MiniOzoneClusterImpl (MiniOzoneClusterImpl.java:lambda$waitForClusterToBeReady$0(140)) - Waiting for cluster to be ready. Got 0 of 10 DN Heartbeats.
2019-08-29 08:47:04,862 [Datanode State Machine Thread - 0] INFO  datanode.InitDatanodeState (InitDatanodeState.java:persistContainerDatanodeDetails(140)) - DatanodeDetails is persisted to /workdir/hadoop-ozone/integration-test/target/test-dir/MiniOzoneClusterImpl-0396b80d-4163-4a3b-9db9-4b816fc820e4/datanode-9/meta/datanode.id
2019-08-29 08:47:05,858 [main] INFO  ozone.MiniOzoneClusterImpl (MiniOzoneClusterImpl.java:lambda$waitForClusterToBeReady$0(140)) - Waiting for cluster to be ready. Got 0 of 10 DN Heartbeats.
2019-08-29 08:47:06,230 | INFO  | SCMAudit | user=jenkins1000 | ip=192.168.5.176 | op=GET_VERSION null | ret=SUCCESS |  
2019-08-29 08:47:06,261 [Datanode State Machine Thread - 0] INFO  ozoneimpl.OzoneContainer (OzoneContainer.java:start(201)) - Attempting to start container services.
2019-08-29 08:47:06,261 [Datanode State Machine Thread - 0] INFO  ozoneimpl.OzoneContainer (OzoneContainer.java:startContainerScrub(175)) - Background container scrubber has been disabled by hdds.containerscrub.enabled
2019-08-29 08:47:06,261 [Datanode State Machine Thread - 0] INFO  ratis.XceiverServerRatis (XceiverServerRatis.java:start(393)) - Starting XceiverServerRatis d92499b0-1b7f-4387-8ba6-ffcf7cff46e6 at port 0
2019-08-29 08:47:06,279 [Datanode State Machine Thread - 0] INFO  impl.RaftServerProxy (RaftServerProxy.java:lambda$start$3(299)) - d92499b0-1b7f-4387-8ba6-ffcf7cff46e6: start RPC server
2019-08-29 08:47:06,286 | INFO  | SCMAudit | user=jenkins1000 | ip=192.168.5.176 | op=GET_VERSION null | ret=SUCCESS |  
2019-08-29 08:47:06,298 [Datanode State Machine Thread - 0] INFO  ozoneimpl.OzoneContainer (OzoneContainer.java:start(201)) - Attempting to start container services.
2019-08-29 08:47:06,299 [Datanode State Machine Thread - 0] INFO  ozoneimpl.OzoneContainer (OzoneContainer.java:startContainerScrub(175)) - Background container scrubber has been disabled by hdds.containerscrub.enabled
2019-08-29 08:47:06,299 [Datanode State Machine Thread - 0] INFO  ratis.XceiverServerRatis (XceiverServerRatis.java:start(393)) - Starting XceiverServerRatis 2256733f-555b-4f0d-8703-18eb36ab43de at port 0
2019-08-29 08:47:06,308 [Datanode State Machine Thread - 0] INFO  impl.RaftServerProxy (RaftServerProxy.java:lambda$start$3(299)) - 2256733f-555b-4f0d-8703-18eb36ab43de: start RPC server
2019-08-29 08:47:06,356 | INFO  | SCMAudit | user=jenkins1000 | ip=192.168.5.176 | op=GET_VERSION null | ret=SUCCESS |  
2019-08-29 08:47:06,376 [Datanode State Machine Thread - 0] INFO  ozoneimpl.OzoneContainer (OzoneContainer.java:start(201)) - Attempting to start container services.
2019-08-29 08:47:06,376 [Datanode State Machine Thread - 0] INFO  ozoneimpl.OzoneContainer (OzoneContainer.java:startContainerScrub(175)) - Background container scrubber has been disabled by hdds.containerscrub.enabled
2019-08-29 08:47:06,376 [Datanode State Machine Thread - 0] INFO  ratis.XceiverServerRatis (XceiverServerRatis.java:start(393)) - Starting XceiverServerRatis 3a39fbaa-14da-4624-bf1d-aa1db02e0173 at port 0
2019-08-29 08:47:06,384 [Datanode State Machine Thread - 0] INFO  impl.RaftServerProxy (RaftServerProxy.java:lambda$start$3(299)) - 3a39fbaa-14da-4624-bf1d-aa1db02e0173: start RPC server
2019-08-29 08:47:06,421 [Datanode State Machine Thread - 0] INFO  server.GrpcService (GrpcService.java:startImpl(149)) - 3a39fbaa-14da-4624-bf1d-aa1db02e0173: GrpcService started, listening on 0.0.0.0/0.0.0.0:34585
2019-08-29 08:47:06,421 [Datanode State Machine Thread - 0] INFO  server.GrpcService (GrpcService.java:startImpl(149)) - d92499b0-1b7f-4387-8ba6-ffcf7cff46e6: GrpcService started, listening on 0.0.0.0/0.0.0.0:34281
2019-08-29 08:47:06,421 [Datanode State Machine Thread - 0] INFO  server.GrpcService (GrpcService.java:startImpl(149)) - 2256733f-555b-4f0d-8703-18eb36ab43de: GrpcService started, listening on 0.0.0.0/0.0.0.0:35960
2019-08-29 08:47:06,422 [Datanode State Machine Thread - 0] INFO  ratis.XceiverServerRatis (XceiverServerRatis.java:start(403)) - XceiverServerRatis d92499b0-1b7f-4387-8ba6-ffcf7cff46e6 is started using port 34281
2019-08-29 08:47:06,422 [Datanode State Machine Thread - 0] INFO  ratis.XceiverServerRatis (XceiverServerRatis.java:start(403)) - XceiverServerRatis 3a39fbaa-14da-4624-bf1d-aa1db02e0173 is started using port 34585
2019-08-29 08:47:06,422 [Datanode State Machine Thread - 0] INFO  ratis.XceiverServerRatis (XceiverServerRatis.java:start(403)) - XceiverServerRatis 2256733f-555b-4f0d-8703-18eb36ab43de is started using port 35960
2019-08-29 08:47:06,430 [Datanode State Machine Thread - 0] INFO  server.XceiverServerGrpc (XceiverServerGrpc.java:start(163)) - XceiverServerGrpc 3a39fbaa-14da-4624-bf1d-aa1db02e0173 is started using port 45839
2019-08-29 08:47:06,430 [Datanode State Machine Thread - 0] INFO  server.XceiverServerGrpc (XceiverServerGrpc.java:start(163)) - XceiverServerGrpc 2256733f-555b-4f0d-8703-18eb36ab43de is started using port 43966
2019-08-29 08:47:06,430 [Datanode State Machine Thread - 0] INFO  server.XceiverServerGrpc (XceiverServerGrpc.java:start(163)) - XceiverServerGrpc d92499b0-1b7f-4387-8ba6-ffcf7cff46e6 is started using port 34407
2019-08-29 08:47:06,431 | INFO  | SCMAudit | user=jenkins1000 | ip=192.168.5.176 | op=GET_VERSION null | ret=SUCCESS |  
2019-08-29 08:47:06,445 [Datanode State Machine Thread - 0] INFO  ozoneimpl.OzoneContainer (OzoneContainer.java:start(201)) - Attempting to start container services.
2019-08-29 08:47:06,445 [Datanode State Machine Thread - 0] INFO  ozoneimpl.OzoneContainer (OzoneContainer.java:startContainerScrub(175)) - Background container scrubber has been disabled by hdds.containerscrub.enabled
2019-08-29 08:47:06,445 [Datanode State Machine Thread - 0] INFO  ratis.XceiverServerRatis (XceiverServerRatis.java:start(393)) - Starting XceiverServerRatis 37fb6585-bd86-49e3-96c6-47308e6afbcf at port 0
2019-08-29 08:47:06,451 [Datanode State Machine Thread - 0] INFO  impl.RaftServerProxy (RaftServerProxy.java:lambda$start$3(299)) - 37fb6585-bd86-49e3-96c6-47308e6afbcf: start RPC server
2019-08-29 08:47:06,454 [Datanode State Machine Thread - 0] INFO  server.GrpcService (GrpcService.java:startImpl(149)) - 37fb6585-bd86-49e3-96c6-47308e6afbcf: GrpcService started, listening on 0.0.0.0/0.0.0.0:35563
2019-08-29 08:47:06,454 [Datanode State Machine Thread - 0] INFO  ratis.XceiverServerRatis (XceiverServerRatis.java:start(403)) - XceiverServerRatis 37fb6585-bd86-49e3-96c6-47308e6afbcf is started using port 35563
2019-08-29 08:47:06,456 [Datanode State Machine Thread - 0] INFO  server.XceiverServerGrpc (XceiverServerGrpc.java:start(163)) - XceiverServerGrpc 37fb6585-bd86-49e3-96c6-47308e6afbcf is started using port 43333
2019-08-29 08:47:06,499 | INFO  | SCMAudit | user=jenkins1000 | ip=192.168.5.176 | op=GET_VERSION null | ret=SUCCESS |  
2019-08-29 08:47:06,515 [Datanode State Machine Thread - 0] INFO  ozoneimpl.OzoneContainer (OzoneContainer.java:start(201)) - Attempting to start container services.
2019-08-29 08:47:06,515 [Datanode State Machine Thread - 0] INFO  ozoneimpl.OzoneContainer (OzoneContainer.java:startContainerScrub(175)) - Background container scrubber has been disabled by hdds.containerscrub.enabled
2019-08-29 08:47:06,516 [Datanode State Machine Thread - 0] INFO  ratis.XceiverServerRatis (XceiverServerRatis.java:start(393)) - Starting XceiverServerRatis dd40d4a5-aa3f-4ebf-9cec-f561545fceec at port 0
2019-08-29 08:47:06,522 [Datanode State Machine Thread - 0] INFO  impl.RaftServerProxy (RaftServerProxy.java:lambda$start$3(299)) - dd40d4a5-aa3f-4ebf-9cec-f561545fceec: start RPC server
2019-08-29 08:47:06,526 [Datanode State Machine Thread - 0] INFO  server.GrpcService (GrpcService.java:startImpl(149)) - dd40d4a5-aa3f-4ebf-9cec-f561545fceec: GrpcService started, listening on 0.0.0.0/0.0.0.0:34437
2019-08-29 08:47:06,526 [Datanode State Machine Thread - 0] INFO  ratis.XceiverServerRatis (XceiverServerRatis.java:start(403)) - XceiverServerRatis dd40d4a5-aa3f-4ebf-9cec-f561545fceec is started using port 34437
2019-08-29 08:47:06,529 [Datanode State Machine Thread - 0] INFO  server.XceiverServerGrpc (XceiverServerGrpc.java:start(163)) - XceiverServerGrpc dd40d4a5-aa3f-4ebf-9cec-f561545fceec is started using port 46619
2019-08-29 08:47:06,568 | INFO  | SCMAudit | user=jenkins1000 | ip=192.168.5.176 | op=GET_VERSION null | ret=SUCCESS |  
2019-08-29 08:47:06,583 [Datanode State Machine Thread - 0] INFO  ozoneimpl.OzoneContainer (OzoneContainer.java:start(201)) - Attempting to start container services.
2019-08-29 08:47:06,583 [Datanode State Machine Thread - 0] INFO  ozoneimpl.OzoneContainer (OzoneContainer.java:startContainerScrub(175)) - Background container scrubber has been disabled by hdds.containerscrub.enabled
2019-08-29 08:47:06,583 [Datanode State Machine Thread - 0] INFO  ratis.XceiverServerRatis (XceiverServerRatis.java:start(393)) - Starting XceiverServerRatis f03f170c-33d9-4b6f-9b91-57603dd43a1e at port 0
2019-08-29 08:47:06,588 [Datanode State Machine Thread - 0] INFO  impl.RaftServerProxy (RaftServerProxy.java:lambda$start$3(299)) - f03f170c-33d9-4b6f-9b91-57603dd43a1e: start RPC server
2019-08-29 08:47:06,593 [Datanode State Machine Thread - 0] INFO  server.GrpcService (GrpcService.java:startImpl(149)) - f03f170c-33d9-4b6f-9b91-57603dd43a1e: GrpcService started, listening on 0.0.0.0/0.0.0.0:36402
2019-08-29 08:47:06,593 [Datanode State Machine Thread - 0] INFO  ratis.XceiverServerRatis (XceiverServerRatis.java:start(403)) - XceiverServerRatis f03f170c-33d9-4b6f-9b91-57603dd43a1e is started using port 36402
2019-08-29 08:47:06,596 [Datanode State Machine Thread - 0] INFO  server.XceiverServerGrpc (XceiverServerGrpc.java:start(163)) - XceiverServerGrpc f03f170c-33d9-4b6f-9b91-57603dd43a1e is started using port 39129
2019-08-29 08:47:06,648 | INFO  | SCMAudit | user=jenkins1000 | ip=192.168.5.176 | op=GET_VERSION null | ret=SUCCESS |  
2019-08-29 08:47:06,662 [Datanode State Machine Thread - 0] INFO  ozoneimpl.OzoneContainer (OzoneContainer.java:start(201)) - Attempting to start container services.
2019-08-29 08:47:06,662 [Datanode State Machine Thread - 0] INFO  ozoneimpl.OzoneContainer (OzoneContainer.java:startContainerScrub(175)) - Background container scrubber has been disabled by hdds.containerscrub.enabled
2019-08-29 08:47:06,662 [Datanode State Machine Thread - 0] INFO  ratis.XceiverServerRatis (XceiverServerRatis.java:start(393)) - Starting XceiverServerRatis 823a7cbe-9ef5-429c-8255-e9ac46ec72ba at port 0
2019-08-29 08:47:06,668 [Datanode State Machine Thread - 0] INFO  impl.RaftServerProxy (RaftServerProxy.java:lambda$start$3(299)) - 823a7cbe-9ef5-429c-8255-e9ac46ec72ba: start RPC server
2019-08-29 08:47:06,672 [Datanode State Machine Thread - 0] INFO  server.GrpcService (GrpcService.java:startImpl(149)) - 823a7cbe-9ef5-429c-8255-e9ac46ec72ba: GrpcService started, listening on 0.0.0.0/0.0.0.0:37287
2019-08-29 08:47:06,672 [Datanode State Machine Thread - 0] INFO  ratis.XceiverServerRatis (XceiverServerRatis.java:start(403)) - XceiverServerRatis 823a7cbe-9ef5-429c-8255-e9ac46ec72ba is started using port 37287
2019-08-29 08:47:06,675 [Datanode State Machine Thread - 0] INFO  server.XceiverServerGrpc (XceiverServerGrpc.java:start(163)) - XceiverServerGrpc 823a7cbe-9ef5-429c-8255-e9ac46ec72ba is started using port 38251
2019-08-29 08:47:06,721 | INFO  | SCMAudit | user=jenkins1000 | ip=192.168.5.176 | op=GET_VERSION null | ret=SUCCESS |  
2019-08-29 08:47:06,745 [Datanode State Machine Thread - 0] INFO  ozoneimpl.OzoneContainer (OzoneContainer.java:start(201)) - Attempting to start container services.
2019-08-29 08:47:06,746 [Datanode State Machine Thread - 0] INFO  ozoneimpl.OzoneContainer (OzoneContainer.java:startContainerScrub(175)) - Background container scrubber has been disabled by hdds.containerscrub.enabled
2019-08-29 08:47:06,746 [Datanode State Machine Thread - 0] INFO  ratis.XceiverServerRatis (XceiverServerRatis.java:start(393)) - Starting XceiverServerRatis 4372d764-1931-406f-887c-7b5d1b7ac3a6 at port 0
2019-08-29 08:47:06,753 [Datanode State Machine Thread - 0] INFO  impl.RaftServerProxy (RaftServerProxy.java:lambda$start$3(299)) - 4372d764-1931-406f-887c-7b5d1b7ac3a6: start RPC server
2019-08-29 08:47:06,758 [Datanode State Machine Thread - 0] INFO  server.GrpcService (GrpcService.java:startImpl(149)) - 4372d764-1931-406f-887c-7b5d1b7ac3a6: GrpcService started, listening on 0.0.0.0/0.0.0.0:40296
2019-08-29 08:47:06,759 [Datanode State Machine Thread - 0] INFO  ratis.XceiverServerRatis (XceiverServerRatis.java:start(403)) - XceiverServerRatis 4372d764-1931-406f-887c-7b5d1b7ac3a6 is started using port 40296
2019-08-29 08:47:06,762 [Datanode State Machine Thread - 0] INFO  server.XceiverServerGrpc (XceiverServerGrpc.java:start(163)) - XceiverServerGrpc 4372d764-1931-406f-887c-7b5d1b7ac3a6 is started using port 43342
2019-08-29 08:47:06,789 | INFO  | SCMAudit | user=jenkins1000 | ip=192.168.5.176 | op=GET_VERSION null | ret=SUCCESS |  
2019-08-29 08:47:06,803 [Datanode State Machine Thread - 0] INFO  ozoneimpl.OzoneContainer (OzoneContainer.java:start(201)) - Attempting to start container services.
2019-08-29 08:47:06,803 [Datanode State Machine Thread - 0] INFO  ozoneimpl.OzoneContainer (OzoneContainer.java:startContainerScrub(175)) - Background container scrubber has been disabled by hdds.containerscrub.enabled
2019-08-29 08:47:06,803 [Datanode State Machine Thread - 0] INFO  ratis.XceiverServerRatis (XceiverServerRatis.java:start(393)) - Starting XceiverServerRatis d2610440-16a5-46aa-8011-5e9b2b98e89e at port 0
2019-08-29 08:47:06,809 [Datanode State Machine Thread - 0] INFO  impl.RaftServerProxy (RaftServerProxy.java:lambda$start$3(299)) - d2610440-16a5-46aa-8011-5e9b2b98e89e: start RPC server
2019-08-29 08:47:06,815 [Datanode State Machine Thread - 0] INFO  server.GrpcService (GrpcService.java:startImpl(149)) - d2610440-16a5-46aa-8011-5e9b2b98e89e: GrpcService started, listening on 0.0.0.0/0.0.0.0:44963
2019-08-29 08:47:06,815 [Datanode State Machine Thread - 0] INFO  ratis.XceiverServerRatis (XceiverServerRatis.java:start(403)) - XceiverServerRatis d2610440-16a5-46aa-8011-5e9b2b98e89e is started using port 44963
2019-08-29 08:47:06,828 [Datanode State Machine Thread - 0] INFO  server.XceiverServerGrpc (XceiverServerGrpc.java:start(163)) - XceiverServerGrpc d2610440-16a5-46aa-8011-5e9b2b98e89e is started using port 34252
2019-08-29 08:47:06,862 [main] INFO  ozone.MiniOzoneClusterImpl (MiniOzoneClusterImpl.java:lambda$waitForClusterToBeReady$0(140)) - Waiting for cluster to be ready. Got 0 of 10 DN Heartbeats.
2019-08-29 08:47:06,863 | INFO  | SCMAudit | user=jenkins1000 | ip=192.168.5.176 | op=GET_VERSION null | ret=SUCCESS |  
2019-08-29 08:47:06,870 [Datanode State Machine Thread - 0] INFO  ozoneimpl.OzoneContainer (OzoneContainer.java:start(201)) - Attempting to start container services.
2019-08-29 08:47:06,870 [Datanode State Machine Thread - 0] INFO  ozoneimpl.OzoneContainer (OzoneContainer.java:startContainerScrub(175)) - Background container scrubber has been disabled by hdds.containerscrub.enabled
2019-08-29 08:47:06,870 [Datanode State Machine Thread - 0] INFO  ratis.XceiverServerRatis (XceiverServerRatis.java:start(393)) - Starting XceiverServerRatis 62127296-10ba-4bda-9b01-f27ba8bd8737 at port 0
2019-08-29 08:47:06,876 [Datanode State Machine Thread - 0] INFO  impl.RaftServerProxy (RaftServerProxy.java:lambda$start$3(299)) - 62127296-10ba-4bda-9b01-f27ba8bd8737: start RPC server
2019-08-29 08:47:06,884 [Datanode State Machine Thread - 0] INFO  server.GrpcService (GrpcService.java:startImpl(149)) - 62127296-10ba-4bda-9b01-f27ba8bd8737: GrpcService started, listening on 0.0.0.0/0.0.0.0:45010
2019-08-29 08:47:06,885 [Datanode State Machine Thread - 0] INFO  ratis.XceiverServerRatis (XceiverServerRatis.java:start(403)) - XceiverServerRatis 62127296-10ba-4bda-9b01-f27ba8bd8737 is started using port 45010
2019-08-29 08:47:06,911 [Datanode State Machine Thread - 0] INFO  server.XceiverServerGrpc (XceiverServerGrpc.java:start(163)) - XceiverServerGrpc 62127296-10ba-4bda-9b01-f27ba8bd8737 is started using port 41893
2019-08-29 08:47:07,863 [main] INFO  ozone.MiniOzoneClusterImpl (MiniOzoneClusterImpl.java:lambda$waitForClusterToBeReady$0(140)) - Waiting for cluster to be ready. Got 0 of 10 DN Heartbeats.
2019-08-29 08:47:08,248 [IPC Server handler 6 on 43779] INFO  net.NetworkTopology (NetworkTopologyImpl.java:add(110)) - Added a new node: /default-rack/d92499b0-1b7f-4387-8ba6-ffcf7cff46e6
2019-08-29 08:47:08,248 [IPC Server handler 6 on 43779] INFO  node.SCMNodeManager (SCMNodeManager.java:register(273)) - Registered Data node : d92499b0-1b7f-4387-8ba6-ffcf7cff46e6{ip: 192.168.5.176, host: pr-hdds-1909-44d2n-1519487446, networkLocation: /default-rack, certSerialId: null}
2019-08-29 08:47:08,254 [EventQueue-NodeRegistrationContainerReportForDataNodeSafeModeRule] INFO  safemode.SCMSafeModeManager (DataNodeSafeModeRule.java:process(71)) - SCM in safe mode. 1 DataNodes registered, 1 required.
2019-08-29 08:47:08,254 [EventQueue-NodeRegistrationContainerReportForDataNodeSafeModeRule] INFO  safemode.SCMSafeModeManager (SCMSafeModeManager.java:validateSafeModeExitRules(177)) - ScmSafeModeManager, all rules are successfully validated
2019-08-29 08:47:08,255 [EventQueue-NodeRegistrationContainerReportForDataNodeSafeModeRule] INFO  safemode.SCMSafeModeManager (SCMSafeModeManager.java:exitSafeMode(193)) - SCM exiting safe mode.
2019-08-29 08:47:08,261 | INFO  | SCMAudit | user=jenkins1000 | ip=192.168.5.176 | op=REGISTER {datanodeDetails=d92499b0-1b7f-4387-8ba6-ffcf7cff46e6{ip: 192.168.5.176, host: pr-hdds-1909-44d2n-1519487446, networkLocation: /default-rack, certSerialId: null}} | ret=SUCCESS |  
2019-08-29 08:47:08,294 [IPC Server handler 5 on 43779] INFO  net.NetworkTopology (NetworkTopologyImpl.java:add(110)) - Added a new node: /default-rack/2256733f-555b-4f0d-8703-18eb36ab43de
2019-08-29 08:47:08,294 [IPC Server handler 5 on 43779] INFO  node.SCMNodeManager (SCMNodeManager.java:register(273)) - Registered Data node : 2256733f-555b-4f0d-8703-18eb36ab43de{ip: 192.168.5.176, host: pr-hdds-1909-44d2n-1519487446, networkLocation: /default-rack, certSerialId: null}
2019-08-29 08:47:08,294 | INFO  | SCMAudit | user=jenkins1000 | ip=192.168.5.176 | op=REGISTER {datanodeDetails=2256733f-555b-4f0d-8703-18eb36ab43de{ip: 192.168.5.176, host: pr-hdds-1909-44d2n-1519487446, networkLocation: /default-rack, certSerialId: null}} | ret=SUCCESS |  
2019-08-29 08:47:08,358 [IPC Server handler 8 on 43779] INFO  net.NetworkTopology (NetworkTopologyImpl.java:add(110)) - Added a new node: /default-rack/3a39fbaa-14da-4624-bf1d-aa1db02e0173
2019-08-29 08:47:08,358 [IPC Server handler 8 on 43779] INFO  node.SCMNodeManager (SCMNodeManager.java:register(273)) - Registered Data node : 3a39fbaa-14da-4624-bf1d-aa1db02e0173{ip: 192.168.5.176, host: pr-hdds-1909-44d2n-1519487446, networkLocation: /default-rack, certSerialId: null}
2019-08-29 08:47:08,358 | INFO  | SCMAudit | user=jenkins1000 | ip=192.168.5.176 | op=REGISTER {datanodeDetails=3a39fbaa-14da-4624-bf1d-aa1db02e0173{ip: 192.168.5.176, host: pr-hdds-1909-44d2n-1519487446, networkLocation: /default-rack, certSerialId: null}} | ret=SUCCESS |  
2019-08-29 08:47:08,432 [IPC Server handler 7 on 43779] INFO  net.NetworkTopology (NetworkTopologyImpl.java:add(110)) - Added a new node: /default-rack/37fb6585-bd86-49e3-96c6-47308e6afbcf
2019-08-29 08:47:08,432 [IPC Server handler 7 on 43779] INFO  node.SCMNodeManager (SCMNodeManager.java:register(273)) - Registered Data node : 37fb6585-bd86-49e3-96c6-47308e6afbcf{ip: 192.168.5.176, host: pr-hdds-1909-44d2n-1519487446, networkLocation: /default-rack, certSerialId: null}
2019-08-29 08:47:08,433 | INFO  | SCMAudit | user=jenkins1000 | ip=192.168.5.176 | op=REGISTER {datanodeDetails=37fb6585-bd86-49e3-96c6-47308e6afbcf{ip: 192.168.5.176, host: pr-hdds-1909-44d2n-1519487446, networkLocation: /default-rack, certSerialId: null}} | ret=SUCCESS |  
2019-08-29 08:47:08,501 [IPC Server handler 9 on 43779] INFO  net.NetworkTopology (NetworkTopologyImpl.java:add(110)) - Added a new node: /default-rack/dd40d4a5-aa3f-4ebf-9cec-f561545fceec
2019-08-29 08:47:08,501 [IPC Server handler 9 on 43779] INFO  node.SCMNodeManager (SCMNodeManager.java:register(273)) - Registered Data node : dd40d4a5-aa3f-4ebf-9cec-f561545fceec{ip: 192.168.5.176, host: pr-hdds-1909-44d2n-1519487446, networkLocation: /default-rack, certSerialId: null}
2019-08-29 08:47:08,502 | INFO  | SCMAudit | user=jenkins1000 | ip=192.168.5.176 | op=REGISTER {datanodeDetails=dd40d4a5-aa3f-4ebf-9cec-f561545fceec{ip: 192.168.5.176, host: pr-hdds-1909-44d2n-1519487446, networkLocation: /default-rack, certSerialId: null}} | ret=SUCCESS |  
2019-08-29 08:47:08,569 [IPC Server handler 1 on 43779] INFO  net.NetworkTopology (NetworkTopologyImpl.java:add(110)) - Added a new node: /default-rack/f03f170c-33d9-4b6f-9b91-57603dd43a1e
2019-08-29 08:47:08,570 [IPC Server handler 1 on 43779] INFO  node.SCMNodeManager (SCMNodeManager.java:register(273)) - Registered Data node : f03f170c-33d9-4b6f-9b91-57603dd43a1e{ip: 192.168.5.176, host: pr-hdds-1909-44d2n-1519487446, networkLocation: /default-rack, certSerialId: null}
2019-08-29 08:47:08,570 | INFO  | SCMAudit | user=jenkins1000 | ip=192.168.5.176 | op=REGISTER {datanodeDetails=f03f170c-33d9-4b6f-9b91-57603dd43a1e{ip: 192.168.5.176, host: pr-hdds-1909-44d2n-1519487446, networkLocation: /default-rack, certSerialId: null}} | ret=SUCCESS |  
2019-08-29 08:47:08,652 [IPC Server handler 2 on 43779] INFO  net.NetworkTopology (NetworkTopologyImpl.java:add(110)) - Added a new node: /default-rack/823a7cbe-9ef5-429c-8255-e9ac46ec72ba
2019-08-29 08:47:08,652 [IPC Server handler 2 on 43779] INFO  node.SCMNodeManager (SCMNodeManager.java:register(273)) - Registered Data node : 823a7cbe-9ef5-429c-8255-e9ac46ec72ba{ip: 192.168.5.176, host: pr-hdds-1909-44d2n-1519487446, networkLocation: /default-rack, certSerialId: null}
2019-08-29 08:47:08,653 | INFO  | SCMAudit | user=jenkins1000 | ip=192.168.5.176 | op=REGISTER {datanodeDetails=823a7cbe-9ef5-429c-8255-e9ac46ec72ba{ip: 192.168.5.176, host: pr-hdds-1909-44d2n-1519487446, networkLocation: /default-rack, certSerialId: null}} | ret=SUCCESS |  
2019-08-29 08:47:08,722 [IPC Server handler 3 on 43779] INFO  net.NetworkTopology (NetworkTopologyImpl.java:add(110)) - Added a new node: /default-rack/4372d764-1931-406f-887c-7b5d1b7ac3a6
2019-08-29 08:47:08,723 [IPC Server handler 3 on 43779] INFO  node.SCMNodeManager (SCMNodeManager.java:register(273)) - Registered Data node : 4372d764-1931-406f-887c-7b5d1b7ac3a6{ip: 192.168.5.176, host: pr-hdds-1909-44d2n-1519487446, networkLocation: /default-rack, certSerialId: null}
2019-08-29 08:47:08,723 | INFO  | SCMAudit | user=jenkins1000 | ip=192.168.5.176 | op=REGISTER {datanodeDetails=4372d764-1931-406f-887c-7b5d1b7ac3a6{ip: 192.168.5.176, host: pr-hdds-1909-44d2n-1519487446, networkLocation: /default-rack, certSerialId: null}} | ret=SUCCESS |  
2019-08-29 08:47:08,789 [IPC Server handler 4 on 43779] INFO  net.NetworkTopology (NetworkTopologyImpl.java:add(110)) - Added a new node: /default-rack/d2610440-16a5-46aa-8011-5e9b2b98e89e
2019-08-29 08:47:08,790 [IPC Server handler 4 on 43779] INFO  node.SCMNodeManager (SCMNodeManager.java:register(273)) - Registered Data node : d2610440-16a5-46aa-8011-5e9b2b98e89e{ip: 192.168.5.176, host: pr-hdds-1909-44d2n-1519487446, networkLocation: /default-rack, certSerialId: null}
2019-08-29 08:47:08,790 | INFO  | SCMAudit | user=jenkins1000 | ip=192.168.5.176 | op=REGISTER {datanodeDetails=d2610440-16a5-46aa-8011-5e9b2b98e89e{ip: 192.168.5.176, host: pr-hdds-1909-44d2n-1519487446, networkLocation: /default-rack, certSerialId: null}} | ret=SUCCESS |  
2019-08-29 08:47:08,807 [grpc-default-executor-0] INFO  impl.RaftServerProxy (RaftServerProxy.java:addNew(89)) - d92499b0-1b7f-4387-8ba6-ffcf7cff46e6: addNew group-8C9C71E7F381:[d92499b0-1b7f-4387-8ba6-ffcf7cff46e6:192.168.5.176:34281] returns group-8C9C71E7F381:java.util.concurrent.CompletableFuture@25533b0[Not completed]
2019-08-29 08:47:08,842 [pool-27-thread-1] INFO  impl.RaftServerImpl (RaftServerImpl.java:<init>(93)) - d92499b0-1b7f-4387-8ba6-ffcf7cff46e6: new RaftServerImpl for group-8C9C71E7F381:[d92499b0-1b7f-4387-8ba6-ffcf7cff46e6:192.168.5.176:34281] with ContainerStateMachine:uninitialized
2019-08-29 08:47:08,843 [pool-27-thread-1] INFO  server.RaftServerConfigKeys (ConfUtils.java:logGet(43)) - raft.server.rpc.timeout.min = 1s (custom)
2019-08-29 08:47:08,846 [pool-27-thread-1] INFO  server.RaftServerConfigKeys (ConfUtils.java:logGet(43)) - raft.server.rpc.timeout.max = 1200ms (custom)
2019-08-29 08:47:08,846 [pool-27-thread-1] INFO  server.RaftServerConfigKeys (ConfUtils.java:logGet(43)) - raft.server.rpcslowness.timeout = 120s (custom)
2019-08-29 08:47:08,847 [pool-27-thread-1] INFO  server.RaftServerConfigKeys (ConfUtils.java:logGet(43)) - raft.server.sleep.deviation.threshold = 300 (default)
2019-08-29 08:47:08,848 [pool-27-thread-1] INFO  server.RaftServerConfigKeys (ConfUtils.java:logGet(43)) - raft.server.log.appender.install.snapshot.enabled = false (custom)
2019-08-29 08:47:08,855 [pool-27-thread-1] INFO  impl.RaftServerImpl (ServerState.java:<init>(105)) - d92499b0-1b7f-4387-8ba6-ffcf7cff46e6:group-8C9C71E7F381 ConfigurationManager, init=-1: [d92499b0-1b7f-4387-8ba6-ffcf7cff46e6:192.168.5.176:34281], old=null, confs=<EMPTY_MAP>
2019-08-29 08:47:08,856 [pool-27-thread-1] INFO  server.RaftServerConfigKeys (ConfUtils.java:logGet(43)) - raft.server.storage.dir = [/workdir/hadoop-ozone/integration-test/target/test-dir/MiniOzoneClusterImpl-0396b80d-4163-4a3b-9db9-4b816fc820e4/datanode-0/data/ratis] (custom)
2019-08-29 08:47:08,875 [main] INFO  ozone.MiniOzoneClusterImpl (MiniOzoneClusterImpl.java:lambda$waitForClusterToBeReady$0(140)) - Waiting for cluster to be ready. Got 9 of 10 DN Heartbeats.
2019-08-29 08:47:08,876 [IPC Server handler 6 on 43779] INFO  net.NetworkTopology (NetworkTopologyImpl.java:add(110)) - Added a new node: /default-rack/62127296-10ba-4bda-9b01-f27ba8bd8737
2019-08-29 08:47:08,877 [IPC Server handler 6 on 43779] INFO  node.SCMNodeManager (SCMNodeManager.java:register(273)) - Registered Data node : 62127296-10ba-4bda-9b01-f27ba8bd8737{ip: 192.168.5.176, host: pr-hdds-1909-44d2n-1519487446, networkLocation: /default-rack, certSerialId: null}
2019-08-29 08:47:08,878 | INFO  | SCMAudit | user=jenkins1000 | ip=192.168.5.176 | op=REGISTER {datanodeDetails=62127296-10ba-4bda-9b01-f27ba8bd8737{ip: 192.168.5.176, host: pr-hdds-1909-44d2n-1519487446, networkLocation: /default-rack, certSerialId: null}} | ret=SUCCESS |  
2019-08-29 08:47:08,882 [pool-27-thread-1] INFO  storage.RaftStorageDirectory (RaftStorageDirectory.java:analyzeStorage(246)) - The storage directory /workdir/hadoop-ozone/integration-test/target/test-dir/MiniOzoneClusterImpl-0396b80d-4163-4a3b-9db9-4b816fc820e4/datanode-0/data/ratis/fa49bd65-13dc-40e0-a648-8c9c71e7f381 does not exist. Creating ...
2019-08-29 08:47:08,901 [pool-27-thread-1] INFO  storage.RaftStorageDirectory (RaftStorageDirectory.java:tryLock(328)) - Lock on /workdir/hadoop-ozone/integration-test/target/test-dir/MiniOzoneClusterImpl-0396b80d-4163-4a3b-9db9-4b816fc820e4/datanode-0/data/ratis/fa49bd65-13dc-40e0-a648-8c9c71e7f381/in_use.lock acquired by nodename 31268@pr-hdds-1909-44d2n-1519487446
2019-08-29 08:47:08,911 [pool-27-thread-1] INFO  storage.RaftStorage (RaftStorage.java:format(72)) - Storage directory /workdir/hadoop-ozone/integration-test/target/test-dir/MiniOzoneClusterImpl-0396b80d-4163-4a3b-9db9-4b816fc820e4/datanode-0/data/ratis/fa49bd65-13dc-40e0-a648-8c9c71e7f381 has been successfully formatted.
2019-08-29 08:47:08,914 [pool-27-thread-1] INFO  ratis.ContainerStateMachine (ContainerStateMachine.java:loadSnapshot(227)) - group-8C9C71E7F381: The snapshot info is null. Setting the last applied indexto:(t:0, i:~)
2019-08-29 08:47:08,914 [pool-27-thread-1] INFO  server.RaftServerConfigKeys (ConfUtils.java:logGet(43)) - raft.server.leader.election.timeout = 120s (custom)
2019-08-29 08:47:08,916 [pool-27-thread-1] INFO  server.RaftServerConfigKeys (ConfUtils.java:logGet(43)) - raft.server.log.use.memory = false (default)
2019-08-29 08:47:08,920 [pool-27-thread-1] INFO  server.RaftServerConfigKeys (ConfUtils.java:logGet(43)) - raft.server.log.purge.gap = 1000000 (custom)
2019-08-29 08:47:08,921 [pool-27-thread-1] INFO  server.RaftServerConfigKeys (ConfUtils.java:logGet(43)) - raft.server.log.appender.buffer.byte-limit = 33554432 (custom)
2019-08-29 08:47:08,922 [pool-27-thread-1] INFO  server.RaftServerConfigKeys (ConfUtils.java:logGet(43)) - raft.server.log.segment.size.max = 1048576 (custom)
2019-08-29 08:47:08,926 [pool-27-thread-1] INFO  server.RaftServerConfigKeys (ConfUtils.java:logGet(43)) - raft.server.log.segment.cache.num.max = 2 (custom)
2019-08-29 08:47:08,931 [pool-27-thread-1] INFO  segmented.SegmentedRaftLogWorker (SegmentedRaftLogWorker.java:<init>(172)) - new d92499b0-1b7f-4387-8ba6-ffcf7cff46e6-SegmentedRaftLogWorker:Storage Directory /workdir/hadoop-ozone/integration-test/target/test-dir/MiniOzoneClusterImpl-0396b80d-4163-4a3b-9db9-4b816fc820e4/datanode-0/data/ratis/fa49bd65-13dc-40e0-a648-8c9c71e7f381 for RaftStorage:Storage Directory /workdir/hadoop-ozone/integration-test/target/test-dir/MiniOzoneClusterImpl-0396b80d-4163-4a3b-9db9-4b816fc820e4/datanode-0/data/ratis/fa49bd65-13dc-40e0-a648-8c9c71e7f381
2019-08-29 08:47:08,941 [pool-27-thread-1] INFO  server.RaftServerConfigKeys (ConfUtils.java:logGet(43)) - raft.server.log.queue.byte-limit = 2147483647 (custom)
2019-08-29 08:47:08,942 [pool-27-thread-1] INFO  server.RaftServerConfigKeys (ConfUtils.java:logGet(43)) - raft.server.log.queue.element-limit = 1024 (custom)
2019-08-29 08:47:08,946 [pool-27-thread-1] INFO  server.RaftServerConfigKeys (ConfUtils.java:logGet(43)) - raft.server.log.segment.size.max = 1048576 (custom)
2019-08-29 08:47:08,947 [pool-27-thread-1] INFO  server.RaftServerConfigKeys (ConfUtils.java:logGet(43)) - raft.server.log.preallocated.size = 16384 (custom)
2019-08-29 08:47:08,947 [pool-27-thread-1] INFO  server.RaftServerConfigKeys (ConfUtils.java:logGet(43)) - raft.server.log.write.buffer.size = 33554432 (custom)
2019-08-29 08:47:08,947 [pool-27-thread-1] INFO  server.RaftServerConfigKeys (ConfUtils.java:logGet(43)) - raft.server.log.force.sync.num = 128 (default)
2019-08-29 08:47:08,948 [pool-27-thread-1] INFO  server.RaftServerConfigKeys (ConfUtils.java:logGet(43)) - raft.server.log.statemachine.data.sync = true (default)
2019-08-29 08:47:08,948 [pool-27-thread-1] INFO  server.RaftServerConfigKeys (ConfUtils.java:logGet(43)) - raft.server.log.statemachine.data.sync.timeout = 10s (default)
2019-08-29 08:47:08,949 [pool-27-thread-1] INFO  server.RaftServerConfigKeys (ConfUtils.java:logGet(43)) - raft.server.log.statemachine.data.sync.timeout.retry = -1 (default)
2019-08-29 08:47:08,957 [pool-27-thread-1] INFO  server.RaftServerConfigKeys (ConfUtils.java:logGet(43)) - raft.server.log.statemachine.data.caching.enabled = true (custom)
2019-08-29 08:47:08,961 [pool-27-thread-1] INFO  segmented.SegmentedRaftLogWorker (SegmentedRaftLogWorker.java:lambda$new$0(132)) - d92499b0-1b7f-4387-8ba6-ffcf7cff46e6-SegmentedRaftLogWorker:Storage Directory /workdir/hadoop-ozone/integration-test/target/test-dir/MiniOzoneClusterImpl-0396b80d-4163-4a3b-9db9-4b816fc820e4/datanode-0/data/ratis/fa49bd65-13dc-40e0-a648-8c9c71e7f381: flushIndex: setUnconditionally 0 -> -1
2019-08-29 08:47:08,965 [pool-27-thread-1] INFO  server.RaftServerConfigKeys (ConfUtils.java:logGet(43)) - raft.server.snapshot.auto.trigger.enabled = true (custom)
2019-08-29 08:47:08,965 [pool-27-thread-1] INFO  server.RaftServerConfigKeys (ConfUtils.java:logGet(43)) - raft.server.snapshot.auto.trigger.threshold = 10000 (custom)
2019-08-29 08:47:08,966 [pool-27-thread-1] INFO  server.RaftServerConfigKeys (ConfUtils.java:logGet(43)) - raft.server.retrycache.expirytime = 600000ms (custom)
2019-08-29 08:47:08,987 [pool-27-thread-1] INFO  impl.RaftServerImpl (RaftServerImpl.java:start(180)) - d92499b0-1b7f-4387-8ba6-ffcf7cff46e6: start group-8C9C71E7F381
2019-08-29 08:47:08,988 [pool-27-thread-1] INFO  impl.RaftServerImpl (RaftServerImpl.java:setRole(171)) - d92499b0-1b7f-4387-8ba6-ffcf7cff46e6:group-8C9C71E7F381 changes role from null to FOLLOWER at term 0 for startAsFollower
2019-08-29 08:47:08,989 [pool-27-thread-1] INFO  impl.RoleInfo (RoleInfo.java:updateAndGet(143)) - d92499b0-1b7f-4387-8ba6-ffcf7cff46e6: start FollowerState
2019-08-29 08:47:08,991 [pool-27-thread-1] INFO  util.JmxRegister (JmxRegister.java:tryRegister(44)) - Successfully registered JMX Bean with object name Ratis:service=RaftServer,group=group-8C9C71E7F381,id=d92499b0-1b7f-4387-8ba6-ffcf7cff46e6
2019-08-29 08:47:09,041 [RatisPipelineUtilsThread] INFO  pipeline.PipelineStateManager (PipelineStateManager.java:addPipeline(56)) - Created pipeline Pipeline[ Id: fa49bd65-13dc-40e0-a648-8c9c71e7f381, Nodes: d92499b0-1b7f-4387-8ba6-ffcf7cff46e6{ip: 192.168.5.176, host: pr-hdds-1909-44d2n-1519487446, networkLocation: /default-rack, certSerialId: null}, Type:RATIS, Factor:ONE, State:OPEN]
2019-08-29 08:47:09,067 [grpc-default-executor-0] INFO  impl.RaftServerProxy (RaftServerProxy.java:addNew(89)) - 3a39fbaa-14da-4624-bf1d-aa1db02e0173: addNew group-4B0355B885B6:[3a39fbaa-14da-4624-bf1d-aa1db02e0173:192.168.5.176:34585] returns group-4B0355B885B6:java.util.concurrent.CompletableFuture@1a3a71ed[Not completed]
2019-08-29 08:47:09,127 [pool-47-thread-1] INFO  impl.RaftServerImpl (RaftServerImpl.java:<init>(93)) - 3a39fbaa-14da-4624-bf1d-aa1db02e0173: new RaftServerImpl for group-4B0355B885B6:[3a39fbaa-14da-4624-bf1d-aa1db02e0173:192.168.5.176:34585] with ContainerStateMachine:uninitialized
2019-08-29 08:47:09,129 [pool-47-thread-1] INFO  server.RaftServerConfigKeys (ConfUtils.java:logGet(43)) - raft.server.rpc.timeout.min = 1s (custom)
2019-08-29 08:47:09,129 [pool-47-thread-1] INFO  server.RaftServerConfigKeys (ConfUtils.java:logGet(43)) - raft.server.rpc.timeout.max = 1200ms (custom)
2019-08-29 08:47:09,129 [pool-47-thread-1] INFO  server.RaftServerConfigKeys (ConfUtils.java:logGet(43)) - raft.server.rpcslowness.timeout = 120s (custom)
2019-08-29 08:47:09,129 [pool-47-thread-1] INFO  server.RaftServerConfigKeys (ConfUtils.java:logGet(43)) - raft.server.sleep.deviation.threshold = 300 (default)
2019-08-29 08:47:09,129 [pool-47-thread-1] INFO  server.RaftServerConfigKeys (ConfUtils.java:logGet(43)) - raft.server.log.appender.install.snapshot.enabled = false (custom)
2019-08-29 08:47:09,129 [pool-47-thread-1] INFO  impl.RaftServerImpl (ServerState.java:<init>(105)) - 3a39fbaa-14da-4624-bf1d-aa1db02e0173:group-4B0355B885B6 ConfigurationManager, init=-1: [3a39fbaa-14da-4624-bf1d-aa1db02e0173:192.168.5.176:34585], old=null, confs=<EMPTY_MAP>
2019-08-29 08:47:09,129 [pool-47-thread-1] INFO  server.RaftServerConfigKeys (ConfUtils.java:logGet(43)) - raft.server.storage.dir = [/workdir/hadoop-ozone/integration-test/target/test-dir/MiniOzoneClusterImpl-0396b80d-4163-4a3b-9db9-4b816fc820e4/datanode-2/data/ratis] (custom)
2019-08-29 08:47:09,130 [pool-47-thread-1] INFO  storage.RaftStorageDirectory (RaftStorageDirectory.java:analyzeStorage(246)) - The storage directory /workdir/hadoop-ozone/integration-test/target/test-dir/MiniOzoneClusterImpl-0396b80d-4163-4a3b-9db9-4b816fc820e4/datanode-2/data/ratis/4cb377d3-3f60-44f4-b3d0-4b0355b885b6 does not exist. Creating ...
2019-08-29 08:47:09,151 [pool-47-thread-1] INFO  storage.RaftStorageDirectory (RaftStorageDirectory.java:tryLock(328)) - Lock on /workdir/hadoop-ozone/integration-test/target/test-dir/MiniOzoneClusterImpl-0396b80d-4163-4a3b-9db9-4b816fc820e4/datanode-2/data/ratis/4cb377d3-3f60-44f4-b3d0-4b0355b885b6/in_use.lock acquired by nodename 31268@pr-hdds-1909-44d2n-1519487446
2019-08-29 08:47:09,161 [pool-47-thread-1] INFO  storage.RaftStorage (RaftStorage.java:format(72)) - Storage directory /workdir/hadoop-ozone/integration-test/target/test-dir/MiniOzoneClusterImpl-0396b80d-4163-4a3b-9db9-4b816fc820e4/datanode-2/data/ratis/4cb377d3-3f60-44f4-b3d0-4b0355b885b6 has been successfully formatted.
2019-08-29 08:47:09,164 [pool-47-thread-1] INFO  ratis.ContainerStateMachine (ContainerStateMachine.java:loadSnapshot(227)) - group-4B0355B885B6: The snapshot info is null. Setting the last applied indexto:(t:0, i:~)
2019-08-29 08:47:09,166 [pool-47-thread-1] INFO  server.RaftServerConfigKeys (ConfUtils.java:logGet(43)) - raft.server.leader.election.timeout = 120s (custom)
2019-08-29 08:47:09,166 [pool-47-thread-1] INFO  server.RaftServerConfigKeys (ConfUtils.java:logGet(43)) - raft.server.log.use.memory = false (default)
2019-08-29 08:47:09,166 [pool-47-thread-1] INFO  server.RaftServerConfigKeys (ConfUtils.java:logGet(43)) - raft.server.log.purge.gap = 1000000 (custom)
2019-08-29 08:47:09,166 [pool-47-thread-1] INFO  server.RaftServerConfigKeys (ConfUtils.java:logGet(43)) - raft.server.log.appender.buffer.byte-limit = 33554432 (custom)
2019-08-29 08:47:09,166 [pool-47-thread-1] INFO  server.RaftServerConfigKeys (ConfUtils.java:logGet(43)) - raft.server.log.segment.size.max = 1048576 (custom)
2019-08-29 08:47:09,166 [pool-47-thread-1] INFO  server.RaftServerConfigKeys (ConfUtils.java:logGet(43)) - raft.server.log.segment.cache.num.max = 2 (custom)
2019-08-29 08:47:09,167 [pool-47-thread-1] INFO  segmented.SegmentedRaftLogWorker (SegmentedRaftLogWorker.java:<init>(172)) - new 3a39fbaa-14da-4624-bf1d-aa1db02e0173-SegmentedRaftLogWorker:Storage Directory /workdir/hadoop-ozone/integration-test/target/test-dir/MiniOzoneClusterImpl-0396b80d-4163-4a3b-9db9-4b816fc820e4/datanode-2/data/ratis/4cb377d3-3f60-44f4-b3d0-4b0355b885b6 for RaftStorage:Storage Directory /workdir/hadoop-ozone/integration-test/target/test-dir/MiniOzoneClusterImpl-0396b80d-4163-4a3b-9db9-4b816fc820e4/datanode-2/data/ratis/4cb377d3-3f60-44f4-b3d0-4b0355b885b6
2019-08-29 08:47:09,168 [pool-47-thread-1] INFO  server.RaftServerConfigKeys (ConfUtils.java:logGet(43)) - raft.server.log.queue.byte-limit = 2147483647 (custom)
2019-08-29 08:47:09,168 [pool-47-thread-1] INFO  server.RaftServerConfigKeys (ConfUtils.java:logGet(43)) - raft.server.log.queue.element-limit = 1024 (custom)
2019-08-29 08:47:09,168 [pool-47-thread-1] INFO  server.RaftServerConfigKeys (ConfUtils.java:logGet(43)) - raft.server.log.segment.size.max = 1048576 (custom)
2019-08-29 08:47:09,168 [pool-47-thread-1] INFO  server.RaftServerConfigKeys (ConfUtils.java:logGet(43)) - raft.server.log.preallocated.size = 16384 (custom)
2019-08-29 08:47:09,168 [pool-47-thread-1] INFO  server.RaftServerConfigKeys (ConfUtils.java:logGet(43)) - raft.server.log.write.buffer.size = 33554432 (custom)
2019-08-29 08:47:09,169 [pool-47-thread-1] INFO  server.RaftServerConfigKeys (ConfUtils.java:logGet(43)) - raft.server.log.force.sync.num = 128 (default)
2019-08-29 08:47:09,169 [pool-47-thread-1] INFO  server.RaftServerConfigKeys (ConfUtils.java:logGet(43)) - raft.server.log.statemachine.data.sync = true (default)
2019-08-29 08:47:09,169 [pool-47-thread-1] INFO  server.RaftServerConfigKeys (ConfUtils.java:logGet(43)) - raft.server.log.statemachine.data.sync.timeout = 10s (default)
2019-08-29 08:47:09,169 [pool-47-thread-1] INFO  server.RaftServerConfigKeys (ConfUtils.java:logGet(43)) - raft.server.log.statemachine.data.sync.timeout.retry = -1 (default)
2019-08-29 08:47:09,169 [pool-47-thread-1] INFO  server.RaftServerConfigKeys (ConfUtils.java:logGet(43)) - raft.server.log.statemachine.data.caching.enabled = true (custom)
2019-08-29 08:47:09,169 [pool-47-thread-1] INFO  segmented.SegmentedRaftLogWorker (SegmentedRaftLogWorker.java:lambda$new$0(132)) - 3a39fbaa-14da-4624-bf1d-aa1db02e0173-SegmentedRaftLogWorker:Storage Directory /workdir/hadoop-ozone/integration-test/target/test-dir/MiniOzoneClusterImpl-0396b80d-4163-4a3b-9db9-4b816fc820e4/datanode-2/data/ratis/4cb377d3-3f60-44f4-b3d0-4b0355b885b6: flushIndex: setUnconditionally 0 -> -1
2019-08-29 08:47:09,170 [pool-47-thread-1] INFO  server.RaftServerConfigKeys (ConfUtils.java:logGet(43)) - raft.server.snapshot.auto.trigger.enabled = true (custom)
2019-08-29 08:47:09,170 [pool-47-thread-1] INFO  server.RaftServerConfigKeys (ConfUtils.java:logGet(43)) - raft.server.snapshot.auto.trigger.threshold = 10000 (custom)
2019-08-29 08:47:09,170 [pool-47-thread-1] INFO  server.RaftServerConfigKeys (ConfUtils.java:logGet(43)) - raft.server.retrycache.expirytime = 600000ms (custom)
2019-08-29 08:47:09,170 [pool-47-thread-1] INFO  impl.RaftServerImpl (RaftServerImpl.java:start(180)) - 3a39fbaa-14da-4624-bf1d-aa1db02e0173: start group-4B0355B885B6
2019-08-29 08:47:09,170 [pool-47-thread-1] INFO  impl.RaftServerImpl (RaftServerImpl.java:setRole(171)) - 3a39fbaa-14da-4624-bf1d-aa1db02e0173:group-4B0355B885B6 changes role from null to FOLLOWER at term 0 for startAsFollower
2019-08-29 08:47:09,170 [pool-47-thread-1] INFO  impl.RoleInfo (RoleInfo.java:updateAndGet(143)) - 3a39fbaa-14da-4624-bf1d-aa1db02e0173: start FollowerState
2019-08-29 08:47:09,173 [pool-47-thread-1] INFO  util.JmxRegister (JmxRegister.java:tryRegister(44)) - Successfully registered JMX Bean with object name Ratis:service=RaftServer,group=group-4B0355B885B6,id=3a39fbaa-14da-4624-bf1d-aa1db02e0173
2019-08-29 08:47:09,188 [RatisPipelineUtilsThread] INFO  pipeline.PipelineStateManager (PipelineStateManager.java:addPipeline(56)) - Created pipeline Pipeline[ Id: 4cb377d3-3f60-44f4-b3d0-4b0355b885b6, Nodes: 3a39fbaa-14da-4624-bf1d-aa1db02e0173{ip: 192.168.5.176, host: pr-hdds-1909-44d2n-1519487446, networkLocation: /default-rack, certSerialId: null}, Type:RATIS, Factor:ONE, State:OPEN]
2019-08-29 08:47:09,212 [grpc-default-executor-0] INFO  impl.RaftServerProxy (RaftServerProxy.java:addNew(89)) - 2256733f-555b-4f0d-8703-18eb36ab43de: addNew group-ACE782DD6A22:[2256733f-555b-4f0d-8703-18eb36ab43de:192.168.5.176:35960] returns group-ACE782DD6A22:java.util.concurrent.CompletableFuture@25eead8e[Not completed]
2019-08-29 08:47:09,229 [pool-37-thread-1] INFO  impl.RaftServerImpl (RaftServerImpl.java:<init>(93)) - 2256733f-555b-4f0d-8703-18eb36ab43de: new RaftServerImpl for group-ACE782DD6A22:[2256733f-555b-4f0d-8703-18eb36ab43de:192.168.5.176:35960] with ContainerStateMachine:uninitialized
2019-08-29 08:47:09,229 [pool-37-thread-1] INFO  server.RaftServerConfigKeys (ConfUtils.java:logGet(43)) - raft.server.rpc.timeout.min = 1s (custom)
2019-08-29 08:47:09,229 [pool-37-thread-1] INFO  server.RaftServerConfigKeys (ConfUtils.java:logGet(43)) - raft.server.rpc.timeout.max = 1200ms (custom)
2019-08-29 08:47:09,229 [pool-37-thread-1] INFO  server.RaftServerConfigKeys (ConfUtils.java:logGet(43)) - raft.server.rpcslowness.timeout = 120s (custom)
2019-08-29 08:47:09,229 [pool-37-thread-1] INFO  server.RaftServerConfigKeys (ConfUtils.java:logGet(43)) - raft.server.sleep.deviation.threshold = 300 (default)
2019-08-29 08:47:09,229 [pool-37-thread-1] INFO  server.RaftServerConfigKeys (ConfUtils.java:logGet(43)) - raft.server.log.appender.install.snapshot.enabled = false (custom)
2019-08-29 08:47:09,229 [pool-37-thread-1] INFO  impl.RaftServerImpl (ServerState.java:<init>(105)) - 2256733f-555b-4f0d-8703-18eb36ab43de:group-ACE782DD6A22 ConfigurationManager, init=-1: [2256733f-555b-4f0d-8703-18eb36ab43de:192.168.5.176:35960], old=null, confs=<EMPTY_MAP>
2019-08-29 08:47:09,230 [pool-37-thread-1] INFO  server.RaftServerConfigKeys (ConfUtils.java:logGet(43)) - raft.server.storage.dir = [/workdir/hadoop-ozone/integration-test/target/test-dir/MiniOzoneClusterImpl-0396b80d-4163-4a3b-9db9-4b816fc820e4/datanode-1/data/ratis] (custom)
2019-08-29 08:47:09,230 [pool-37-thread-1] INFO  storage.RaftStorageDirectory (RaftStorageDirectory.java:analyzeStorage(246)) - The storage directory /workdir/hadoop-ozone/integration-test/target/test-dir/MiniOzoneClusterImpl-0396b80d-4163-4a3b-9db9-4b816fc820e4/datanode-1/data/ratis/bb29b3fa-4f02-4889-b4bc-ace782dd6a22 does not exist. Creating ...
2019-08-29 08:47:09,238 [pool-37-thread-1] INFO  storage.RaftStorageDirectory (RaftStorageDirectory.java:tryLock(328)) - Lock on /workdir/hadoop-ozone/integration-test/target/test-dir/MiniOzoneClusterImpl-0396b80d-4163-4a3b-9db9-4b816fc820e4/datanode-1/data/ratis/bb29b3fa-4f02-4889-b4bc-ace782dd6a22/in_use.lock acquired by nodename 31268@pr-hdds-1909-44d2n-1519487446
2019-08-29 08:47:09,245 [pool-37-thread-1] INFO  storage.RaftStorage (RaftStorage.java:format(72)) - Storage directory /workdir/hadoop-ozone/integration-test/target/test-dir/MiniOzoneClusterImpl-0396b80d-4163-4a3b-9db9-4b816fc820e4/datanode-1/data/ratis/bb29b3fa-4f02-4889-b4bc-ace782dd6a22 has been successfully formatted.
2019-08-29 08:47:09,246 [pool-37-thread-1] INFO  ratis.ContainerStateMachine (ContainerStateMachine.java:loadSnapshot(227)) - group-ACE782DD6A22: The snapshot info is null. Setting the last applied indexto:(t:0, i:~)
2019-08-29 08:47:09,246 [pool-37-thread-1] INFO  server.RaftServerConfigKeys (ConfUtils.java:logGet(43)) - raft.server.leader.election.timeout = 120s (custom)
2019-08-29 08:47:09,246 [pool-37-thread-1] INFO  server.RaftServerConfigKeys (ConfUtils.java:logGet(43)) - raft.server.log.use.memory = false (default)
2019-08-29 08:47:09,246 [pool-37-thread-1] INFO  server.RaftServerConfigKeys (ConfUtils.java:logGet(43)) - raft.server.log.purge.gap = 1000000 (custom)
2019-08-29 08:47:09,246 [pool-37-thread-1] INFO  server.RaftServerConfigKeys (ConfUtils.java:logGet(43)) - raft.server.log.appender.buffer.byte-limit = 33554432 (custom)
2019-08-29 08:47:09,246 [pool-37-thread-1] INFO  server.RaftServerConfigKeys (ConfUtils.java:logGet(43)) - raft.server.log.segment.size.max = 1048576 (custom)
2019-08-29 08:47:09,246 [pool-37-thread-1] INFO  server.RaftServerConfigKeys (ConfUtils.java:logGet(43)) - raft.server.log.segment.cache.num.max = 2 (custom)
2019-08-29 08:47:09,246 [pool-37-thread-1] INFO  segmented.SegmentedRaftLogWorker (SegmentedRaftLogWorker.java:<init>(172)) - new 2256733f-555b-4f0d-8703-18eb36ab43de-SegmentedRaftLogWorker:Storage Directory /workdir/hadoop-ozone/integration-test/target/test-dir/MiniOzoneClusterImpl-0396b80d-4163-4a3b-9db9-4b816fc820e4/datanode-1/data/ratis/bb29b3fa-4f02-4889-b4bc-ace782dd6a22 for RaftStorage:Storage Directory /workdir/hadoop-ozone/integration-test/target/test-dir/MiniOzoneClusterImpl-0396b80d-4163-4a3b-9db9-4b816fc820e4/datanode-1/data/ratis/bb29b3fa-4f02-4889-b4bc-ace782dd6a22
2019-08-29 08:47:09,247 [pool-37-thread-1] INFO  server.RaftServerConfigKeys (ConfUtils.java:logGet(43)) - raft.server.log.queue.byte-limit = 2147483647 (custom)
2019-08-29 08:47:09,247 [pool-37-thread-1] INFO  server.RaftServerConfigKeys (ConfUtils.java:logGet(43)) - raft.server.log.queue.element-limit = 1024 (custom)
2019-08-29 08:47:09,247 [pool-37-thread-1] INFO  server.RaftServerConfigKeys (ConfUtils.java:logGet(43)) - raft.server.log.segment.size.max = 1048576 (custom)
2019-08-29 08:47:09,247 [pool-37-thread-1] INFO  server.RaftServerConfigKeys (ConfUtils.java:logGet(43)) - raft.server.log.preallocated.size = 16384 (custom)
2019-08-29 08:47:09,247 [pool-37-thread-1] INFO  server.RaftServerConfigKeys (ConfUtils.java:logGet(43)) - raft.server.log.write.buffer.size = 33554432 (custom)
2019-08-29 08:47:09,247 [pool-37-thread-1] INFO  server.RaftServerConfigKeys (ConfUtils.java:logGet(43)) - raft.server.log.force.sync.num = 128 (default)
2019-08-29 08:47:09,247 [pool-37-thread-1] INFO  server.RaftServerConfigKeys (ConfUtils.java:logGet(43)) - raft.server.log.statemachine.data.sync = true (default)
2019-08-29 08:47:09,247 [pool-37-thread-1] INFO  server.RaftServerConfigKeys (ConfUtils.java:logGet(43)) - raft.server.log.statemachine.data.sync.timeout = 10s (default)
2019-08-29 08:47:09,248 [pool-37-thread-1] INFO  server.RaftServerConfigKeys (ConfUtils.java:logGet(43)) - raft.server.log.statemachine.data.sync.timeout.retry = -1 (default)
2019-08-29 08:47:09,248 [pool-37-thread-1] INFO  server.RaftServerConfigKeys (ConfUtils.java:logGet(43)) - raft.server.log.statemachine.data.caching.enabled = true (custom)
2019-08-29 08:47:09,248 [pool-37-thread-1] INFO  segmented.SegmentedRaftLogWorker (SegmentedRaftLogWorker.java:lambda$new$0(132)) - 2256733f-555b-4f0d-8703-18eb36ab43de-SegmentedRaftLogWorker:Storage Directory /workdir/hadoop-ozone/integration-test/target/test-dir/MiniOzoneClusterImpl-0396b80d-4163-4a3b-9db9-4b816fc820e4/datanode-1/data/ratis/bb29b3fa-4f02-4889-b4bc-ace782dd6a22: flushIndex: setUnconditionally 0 -> -1
2019-08-29 08:47:09,248 [pool-37-thread-1] INFO  server.RaftServerConfigKeys (ConfUtils.java:logGet(43)) - raft.server.snapshot.auto.trigger.enabled = true (custom)
2019-08-29 08:47:09,248 [pool-37-thread-1] INFO  server.RaftServerConfigKeys (ConfUtils.java:logGet(43)) - raft.server.snapshot.auto.trigger.threshold = 10000 (custom)
2019-08-29 08:47:09,249 [pool-37-thread-1] INFO  server.RaftServerConfigKeys (ConfUtils.java:logGet(43)) - raft.server.retrycache.expirytime = 600000ms (custom)
2019-08-29 08:47:09,249 [pool-37-thread-1] INFO  impl.RaftServerImpl (RaftServerImpl.java:start(180)) - 2256733f-555b-4f0d-8703-18eb36ab43de: start group-ACE782DD6A22
2019-08-29 08:47:09,249 [pool-37-thread-1] INFO  impl.RaftServerImpl (RaftServerImpl.java:setRole(171)) - 2256733f-555b-4f0d-8703-18eb36ab43de:group-ACE782DD6A22 changes role from null to FOLLOWER at term 0 for startAsFollower
2019-08-29 08:47:09,249 [pool-37-thread-1] INFO  impl.RoleInfo (RoleInfo.java:updateAndGet(143)) - 2256733f-555b-4f0d-8703-18eb36ab43de: start FollowerState
2019-08-29 08:47:09,250 [pool-37-thread-1] INFO  util.JmxRegister (JmxRegister.java:tryRegister(44)) - Successfully registered JMX Bean with object name Ratis:service=RaftServer,group=group-ACE782DD6A22,id=2256733f-555b-4f0d-8703-18eb36ab43de
2019-08-29 08:47:09,261 [RatisPipelineUtilsThread] INFO  pipeline.PipelineStateManager (PipelineStateManager.java:addPipeline(56)) - Created pipeline Pipeline[ Id: bb29b3fa-4f02-4889-b4bc-ace782dd6a22, Nodes: 2256733f-555b-4f0d-8703-18eb36ab43de{ip: 192.168.5.176, host: pr-hdds-1909-44d2n-1519487446, networkLocation: /default-rack, certSerialId: null}, Type:RATIS, Factor:ONE, State:OPEN]
2019-08-29 08:47:09,287 [grpc-default-executor-0] INFO  impl.RaftServerProxy (RaftServerProxy.java:addNew(89)) - 823a7cbe-9ef5-429c-8255-e9ac46ec72ba: addNew group-79C1E63759E6:[823a7cbe-9ef5-429c-8255-e9ac46ec72ba:192.168.5.176:37287] returns group-79C1E63759E6:java.util.concurrent.CompletableFuture@2fd08bfa[Not completed]
2019-08-29 08:47:09,292 [pool-87-thread-1] INFO  impl.RaftServerImpl (RaftServerImpl.java:<init>(93)) - 823a7cbe-9ef5-429c-8255-e9ac46ec72ba: new RaftServerImpl for group-79C1E63759E6:[823a7cbe-9ef5-429c-8255-e9ac46ec72ba:192.168.5.176:37287] with ContainerStateMachine:uninitialized
2019-08-29 08:47:09,292 [pool-87-thread-1] INFO  server.RaftServerConfigKeys (ConfUtils.java:logGet(43)) - raft.server.rpc.timeout.min = 1s (custom)
2019-08-29 08:47:09,292 [pool-87-thread-1] INFO  server.RaftServerConfigKeys (ConfUtils.java:logGet(43)) - raft.server.rpc.timeout.max = 1200ms (custom)
2019-08-29 08:47:09,293 [pool-87-thread-1] INFO  server.RaftServerConfigKeys (ConfUtils.java:logGet(43)) - raft.server.rpcslowness.timeout = 120s (custom)
2019-08-29 08:47:09,293 [pool-87-thread-1] INFO  server.RaftServerConfigKeys (ConfUtils.java:logGet(43)) - raft.server.sleep.deviation.threshold = 300 (default)
2019-08-29 08:47:09,293 [pool-87-thread-1] INFO  server.RaftServerConfigKeys (ConfUtils.java:logGet(43)) - raft.server.log.appender.install.snapshot.enabled = false (custom)
2019-08-29 08:47:09,293 [pool-87-thread-1] INFO  impl.RaftServerImpl (ServerState.java:<init>(105)) - 823a7cbe-9ef5-429c-8255-e9ac46ec72ba:group-79C1E63759E6 ConfigurationManager, init=-1: [823a7cbe-9ef5-429c-8255-e9ac46ec72ba:192.168.5.176:37287], old=null, confs=<EMPTY_MAP>
2019-08-29 08:47:09,293 [pool-87-thread-1] INFO  server.RaftServerConfigKeys (ConfUtils.java:logGet(43)) - raft.server.storage.dir = [/workdir/hadoop-ozone/integration-test/target/test-dir/MiniOzoneClusterImpl-0396b80d-4163-4a3b-9db9-4b816fc820e4/datanode-6/data/ratis] (custom)
2019-08-29 08:47:09,294 [pool-87-thread-1] INFO  storage.RaftStorageDirectory (RaftStorageDirectory.java:analyzeStorage(246)) - The storage directory /workdir/hadoop-ozone/integration-test/target/test-dir/MiniOzoneClusterImpl-0396b80d-4163-4a3b-9db9-4b816fc820e4/datanode-6/data/ratis/15cb7ef3-7e5e-49db-a0a5-79c1e63759e6 does not exist. Creating ...
2019-08-29 08:47:09,313 [pool-87-thread-1] INFO  storage.RaftStorageDirectory (RaftStorageDirectory.java:tryLock(328)) - Lock on /workdir/hadoop-ozone/integration-test/target/test-dir/MiniOzoneClusterImpl-0396b80d-4163-4a3b-9db9-4b816fc820e4/datanode-6/data/ratis/15cb7ef3-7e5e-49db-a0a5-79c1e63759e6/in_use.lock acquired by nodename 31268@pr-hdds-1909-44d2n-1519487446
2019-08-29 08:47:09,336 [pool-87-thread-1] INFO  storage.RaftStorage (RaftStorage.java:format(72)) - Storage directory /workdir/hadoop-ozone/integration-test/target/test-dir/MiniOzoneClusterImpl-0396b80d-4163-4a3b-9db9-4b816fc820e4/datanode-6/data/ratis/15cb7ef3-7e5e-49db-a0a5-79c1e63759e6 has been successfully formatted.
2019-08-29 08:47:09,336 [pool-87-thread-1] INFO  ratis.ContainerStateMachine (ContainerStateMachine.java:loadSnapshot(227)) - group-79C1E63759E6: The snapshot info is null. Setting the last applied indexto:(t:0, i:~)
2019-08-29 08:47:09,337 [pool-87-thread-1] INFO  server.RaftServerConfigKeys (ConfUtils.java:logGet(43)) - raft.server.leader.election.timeout = 120s (custom)
2019-08-29 08:47:09,337 [pool-87-thread-1] INFO  server.RaftServerConfigKeys (ConfUtils.java:logGet(43)) - raft.server.log.use.memory = false (default)
2019-08-29 08:47:09,337 [pool-87-thread-1] INFO  server.RaftServerConfigKeys (ConfUtils.java:logGet(43)) - raft.server.log.purge.gap = 1000000 (custom)
2019-08-29 08:47:09,337 [pool-87-thread-1] INFO  server.RaftServerConfigKeys (ConfUtils.java:logGet(43)) - raft.server.log.appender.buffer.byte-limit = 33554432 (custom)
2019-08-29 08:47:09,337 [pool-87-thread-1] INFO  server.RaftServerConfigKeys (ConfUtils.java:logGet(43)) - raft.server.log.segment.size.max = 1048576 (custom)
2019-08-29 08:47:09,337 [pool-87-thread-1] INFO  server.RaftServerConfigKeys (ConfUtils.java:logGet(43)) - raft.server.log.segment.cache.num.max = 2 (custom)
2019-08-29 08:47:09,338 [pool-87-thread-1] INFO  segmented.SegmentedRaftLogWorker (SegmentedRaftLogWorker.java:<init>(172)) - new 823a7cbe-9ef5-429c-8255-e9ac46ec72ba-SegmentedRaftLogWorker:Storage Directory /workdir/hadoop-ozone/integration-test/target/test-dir/MiniOzoneClusterImpl-0396b80d-4163-4a3b-9db9-4b816fc820e4/datanode-6/data/ratis/15cb7ef3-7e5e-49db-a0a5-79c1e63759e6 for RaftStorage:Storage Directory /workdir/hadoop-ozone/integration-test/target/test-dir/MiniOzoneClusterImpl-0396b80d-4163-4a3b-9db9-4b816fc820e4/datanode-6/data/ratis/15cb7ef3-7e5e-49db-a0a5-79c1e63759e6
2019-08-29 08:47:09,338 [pool-87-thread-1] INFO  server.RaftServerConfigKeys (ConfUtils.java:logGet(43)) - raft.server.log.queue.byte-limit = 2147483647 (custom)
2019-08-29 08:47:09,338 [pool-87-thread-1] INFO  server.RaftServerConfigKeys (ConfUtils.java:logGet(43)) - raft.server.log.queue.element-limit = 1024 (custom)
2019-08-29 08:47:09,338 [pool-87-thread-1] INFO  server.RaftServerConfigKeys (ConfUtils.java:logGet(43)) - raft.server.log.segment.size.max = 1048576 (custom)
2019-08-29 08:47:09,339 [pool-87-thread-1] INFO  server.RaftServerConfigKeys (ConfUtils.java:logGet(43)) - raft.server.log.preallocated.size = 16384 (custom)
2019-08-29 08:47:09,339 [pool-87-thread-1] INFO  server.RaftServerConfigKeys (ConfUtils.java:logGet(43)) - raft.server.log.write.buffer.size = 33554432 (custom)
2019-08-29 08:47:09,339 [pool-87-thread-1] INFO  server.RaftServerConfigKeys (ConfUtils.java:logGet(43)) - raft.server.log.force.sync.num = 128 (default)
2019-08-29 08:47:09,339 [pool-87-thread-1] INFO  server.RaftServerConfigKeys (ConfUtils.java:logGet(43)) - raft.server.log.statemachine.data.sync = true (default)
2019-08-29 08:47:09,339 [pool-87-thread-1] INFO  server.RaftServerConfigKeys (ConfUtils.java:logGet(43)) - raft.server.log.statemachine.data.sync.timeout = 10s (default)
2019-08-29 08:47:09,339 [pool-87-thread-1] INFO  server.RaftServerConfigKeys (ConfUtils.java:logGet(43)) - raft.server.log.statemachine.data.sync.timeout.retry = -1 (default)
2019-08-29 08:47:09,340 [pool-87-thread-1] INFO  server.RaftServerConfigKeys (ConfUtils.java:logGet(43)) - raft.server.log.statemachine.data.caching.enabled = true (custom)
2019-08-29 08:47:09,340 [pool-87-thread-1] INFO  segmented.SegmentedRaftLogWorker (SegmentedRaftLogWorker.java:lambda$new$0(132)) - 823a7cbe-9ef5-429c-8255-e9ac46ec72ba-SegmentedRaftLogWorker:Storage Directory /workdir/hadoop-ozone/integration-test/target/test-dir/MiniOzoneClusterImpl-0396b80d-4163-4a3b-9db9-4b816fc820e4/datanode-6/data/ratis/15cb7ef3-7e5e-49db-a0a5-79c1e63759e6: flushIndex: setUnconditionally 0 -> -1
2019-08-29 08:47:09,341 [pool-87-thread-1] INFO  server.RaftServerConfigKeys (ConfUtils.java:logGet(43)) - raft.server.snapshot.auto.trigger.enabled = true (custom)
2019-08-29 08:47:09,341 [pool-87-thread-1] INFO  server.RaftServerConfigKeys (ConfUtils.java:logGet(43)) - raft.server.snapshot.auto.trigger.threshold = 10000 (custom)
2019-08-29 08:47:09,341 [pool-87-thread-1] INFO  server.RaftServerConfigKeys (ConfUtils.java:logGet(43)) - raft.server.retrycache.expirytime = 600000ms (custom)
2019-08-29 08:47:09,341 [pool-87-thread-1] INFO  impl.RaftServerImpl (RaftServerImpl.java:start(180)) - 823a7cbe-9ef5-429c-8255-e9ac46ec72ba: start group-79C1E63759E6
2019-08-29 08:47:09,341 [pool-87-thread-1] INFO  impl.RaftServerImpl (RaftServerImpl.java:setRole(171)) - 823a7cbe-9ef5-429c-8255-e9ac46ec72ba:group-79C1E63759E6 changes role from null to FOLLOWER at term 0 for startAsFollower
2019-08-29 08:47:09,342 [pool-87-thread-1] INFO  impl.RoleInfo (RoleInfo.java:updateAndGet(143)) - 823a7cbe-9ef5-429c-8255-e9ac46ec72ba: start FollowerState
2019-08-29 08:47:09,342 [pool-87-thread-1] INFO  util.JmxRegister (JmxRegister.java:tryRegister(44)) - Successfully registered JMX Bean with object name Ratis:service=RaftServer,group=group-79C1E63759E6,id=823a7cbe-9ef5-429c-8255-e9ac46ec72ba
2019-08-29 08:47:09,363 [RatisPipelineUtilsThread] INFO  pipeline.PipelineStateManager (PipelineStateManager.java:addPipeline(56)) - Created pipeline Pipeline[ Id: 15cb7ef3-7e5e-49db-a0a5-79c1e63759e6, Nodes: 823a7cbe-9ef5-429c-8255-e9ac46ec72ba{ip: 192.168.5.176, host: pr-hdds-1909-44d2n-1519487446, networkLocation: /default-rack, certSerialId: null}, Type:RATIS, Factor:ONE, State:OPEN]
2019-08-29 08:47:09,378 [grpc-default-executor-0] INFO  impl.RaftServerProxy (RaftServerProxy.java:addNew(89)) - d2610440-16a5-46aa-8011-5e9b2b98e89e: addNew group-9EABDA1844DA:[d2610440-16a5-46aa-8011-5e9b2b98e89e:192.168.5.176:44963] returns group-9EABDA1844DA:java.util.concurrent.CompletableFuture@35b14ef0[Not completed]
2019-08-29 08:47:09,386 [pool-107-thread-1] INFO  impl.RaftServerImpl (RaftServerImpl.java:<init>(93)) - d2610440-16a5-46aa-8011-5e9b2b98e89e: new RaftServerImpl for group-9EABDA1844DA:[d2610440-16a5-46aa-8011-5e9b2b98e89e:192.168.5.176:44963] with ContainerStateMachine:uninitialized
2019-08-29 08:47:09,386 [pool-107-thread-1] INFO  server.RaftServerConfigKeys (ConfUtils.java:logGet(43)) - raft.server.rpc.timeout.min = 1s (custom)
2019-08-29 08:47:09,386 [pool-107-thread-1] INFO  server.RaftServerConfigKeys (ConfUtils.java:logGet(43)) - raft.server.rpc.timeout.max = 1200ms (custom)
2019-08-29 08:47:09,386 [pool-107-thread-1] INFO  server.RaftServerConfigKeys (ConfUtils.java:logGet(43)) - raft.server.rpcslowness.timeout = 120s (custom)
2019-08-29 08:47:09,386 [pool-107-thread-1] INFO  server.RaftServerConfigKeys (ConfUtils.java:logGet(43)) - raft.server.sleep.deviation.threshold = 300 (default)
2019-08-29 08:47:09,386 [pool-107-thread-1] INFO  server.RaftServerConfigKeys (ConfUtils.java:logGet(43)) - raft.server.log.appender.install.snapshot.enabled = false (custom)
2019-08-29 08:47:09,386 [pool-107-thread-1] INFO  impl.RaftServerImpl (ServerState.java:<init>(105)) - d2610440-16a5-46aa-8011-5e9b2b98e89e:group-9EABDA1844DA ConfigurationManager, init=-1: [d2610440-16a5-46aa-8011-5e9b2b98e89e:192.168.5.176:44963], old=null, confs=<EMPTY_MAP>
2019-08-29 08:47:09,387 [pool-107-thread-1] INFO  server.RaftServerConfigKeys (ConfUtils.java:logGet(43)) - raft.server.storage.dir = [/workdir/hadoop-ozone/integration-test/target/test-dir/MiniOzoneClusterImpl-0396b80d-4163-4a3b-9db9-4b816fc820e4/datanode-8/data/ratis] (custom)
2019-08-29 08:47:09,387 [pool-107-thread-1] INFO  storage.RaftStorageDirectory (RaftStorageDirectory.java:analyzeStorage(246)) - The storage directory /workdir/hadoop-ozone/integration-test/target/test-dir/MiniOzoneClusterImpl-0396b80d-4163-4a3b-9db9-4b816fc820e4/datanode-8/data/ratis/297e31fa-1bda-4f15-9d90-9eabda1844da does not exist. Creating ...
2019-08-29 08:47:09,405 [pool-107-thread-1] INFO  storage.RaftStorageDirectory (RaftStorageDirectory.java:tryLock(328)) - Lock on /workdir/hadoop-ozone/integration-test/target/test-dir/MiniOzoneClusterImpl-0396b80d-4163-4a3b-9db9-4b816fc820e4/datanode-8/data/ratis/297e31fa-1bda-4f15-9d90-9eabda1844da/in_use.lock acquired by nodename 31268@pr-hdds-1909-44d2n-1519487446
2019-08-29 08:47:09,430 [pool-107-thread-1] INFO  storage.RaftStorage (RaftStorage.java:format(72)) - Storage directory /workdir/hadoop-ozone/integration-test/target/test-dir/MiniOzoneClusterImpl-0396b80d-4163-4a3b-9db9-4b816fc820e4/datanode-8/data/ratis/297e31fa-1bda-4f15-9d90-9eabda1844da has been successfully formatted.
2019-08-29 08:47:09,430 [pool-107-thread-1] INFO  ratis.ContainerStateMachine (ContainerStateMachine.java:loadSnapshot(227)) - group-9EABDA1844DA: The snapshot info is null. Setting the last applied indexto:(t:0, i:~)
2019-08-29 08:47:09,431 [pool-107-thread-1] INFO  server.RaftServerConfigKeys (ConfUtils.java:logGet(43)) - raft.server.leader.election.timeout = 120s (custom)
2019-08-29 08:47:09,431 [pool-107-thread-1] INFO  server.RaftServerConfigKeys (ConfUtils.java:logGet(43)) - raft.server.log.use.memory = false (default)
2019-08-29 08:47:09,431 [pool-107-thread-1] INFO  server.RaftServerConfigKeys (ConfUtils.java:logGet(43)) - raft.server.log.purge.gap = 1000000 (custom)
2019-08-29 08:47:09,431 [pool-107-thread-1] INFO  server.RaftServerConfigKeys (ConfUtils.java:logGet(43)) - raft.server.log.appender.buffer.byte-limit = 33554432 (custom)
2019-08-29 08:47:09,432 [pool-107-thread-1] INFO  server.RaftServerConfigKeys (ConfUtils.java:logGet(43)) - raft.server.log.segment.size.max = 1048576 (custom)
2019-08-29 08:47:09,432 [pool-107-thread-1] INFO  server.RaftServerConfigKeys (ConfUtils.java:logGet(43)) - raft.server.log.segment.cache.num.max = 2 (custom)
2019-08-29 08:47:09,432 [pool-107-thread-1] INFO  segmented.SegmentedRaftLogWorker (SegmentedRaftLogWorker.java:<init>(172)) - new d2610440-16a5-46aa-8011-5e9b2b98e89e-SegmentedRaftLogWorker:Storage Directory /workdir/hadoop-ozone/integration-test/target/test-dir/MiniOzoneClusterImpl-0396b80d-4163-4a3b-9db9-4b816fc820e4/datanode-8/data/ratis/297e31fa-1bda-4f15-9d90-9eabda1844da for RaftStorage:Storage Directory /workdir/hadoop-ozone/integration-test/target/test-dir/MiniOzoneClusterImpl-0396b80d-4163-4a3b-9db9-4b816fc820e4/datanode-8/data/ratis/297e31fa-1bda-4f15-9d90-9eabda1844da
2019-08-29 08:47:09,432 [pool-107-thread-1] INFO  server.RaftServerConfigKeys (ConfUtils.java:logGet(43)) - raft.server.log.queue.byte-limit = 2147483647 (custom)
2019-08-29 08:47:09,432 [pool-107-thread-1] INFO  server.RaftServerConfigKeys (ConfUtils.java:logGet(43)) - raft.server.log.queue.element-limit = 1024 (custom)
2019-08-29 08:47:09,433 [pool-107-thread-1] INFO  server.RaftServerConfigKeys (ConfUtils.java:logGet(43)) - raft.server.log.segment.size.max = 1048576 (custom)
2019-08-29 08:47:09,433 [pool-107-thread-1] INFO  server.RaftServerConfigKeys (ConfUtils.java:logGet(43)) - raft.server.log.preallocated.size = 16384 (custom)
2019-08-29 08:47:09,433 [pool-107-thread-1] INFO  server.RaftServerConfigKeys (ConfUtils.java:logGet(43)) - raft.server.log.write.buffer.size = 33554432 (custom)
2019-08-29 08:47:09,433 [pool-107-thread-1] INFO  server.RaftServerConfigKeys (ConfUtils.java:logGet(43)) - raft.server.log.force.sync.num = 128 (default)
2019-08-29 08:47:09,433 [pool-107-thread-1] INFO  server.RaftServerConfigKeys (ConfUtils.java:logGet(43)) - raft.server.log.statemachine.data.sync = true (default)
2019-08-29 08:47:09,433 [pool-107-thread-1] INFO  server.RaftServerConfigKeys (ConfUtils.java:logGet(43)) - raft.server.log.statemachine.data.sync.timeout = 10s (default)
2019-08-29 08:47:09,434 [pool-107-thread-1] INFO  server.RaftServerConfigKeys (ConfUtils.java:logGet(43)) - raft.server.log.statemachine.data.sync.timeout.retry = -1 (default)
2019-08-29 08:47:09,434 [pool-107-thread-1] INFO  server.RaftServerConfigKeys (ConfUtils.java:logGet(43)) - raft.server.log.statemachine.data.caching.enabled = true (custom)
2019-08-29 08:47:09,435 [pool-107-thread-1] INFO  segmented.SegmentedRaftLogWorker (SegmentedRaftLogWorker.java:lambda$new$0(132)) - d2610440-16a5-46aa-8011-5e9b2b98e89e-SegmentedRaftLogWorker:Storage Directory /workdir/hadoop-ozone/integration-test/target/test-dir/MiniOzoneClusterImpl-0396b80d-4163-4a3b-9db9-4b816fc820e4/datanode-8/data/ratis/297e31fa-1bda-4f15-9d90-9eabda1844da: flushIndex: setUnconditionally 0 -> -1
2019-08-29 08:47:09,435 [pool-107-thread-1] INFO  server.RaftServerConfigKeys (ConfUtils.java:logGet(43)) - raft.server.snapshot.auto.trigger.enabled = true (custom)
2019-08-29 08:47:09,435 [pool-107-thread-1] INFO  server.RaftServerConfigKeys (ConfUtils.java:logGet(43)) - raft.server.snapshot.auto.trigger.threshold = 10000 (custom)
2019-08-29 08:47:09,435 [pool-107-thread-1] INFO  server.RaftServerConfigKeys (ConfUtils.java:logGet(43)) - raft.server.retrycache.expirytime = 600000ms (custom)
2019-08-29 08:47:09,436 [pool-107-thread-1] INFO  impl.RaftServerImpl (RaftServerImpl.java:start(180)) - d2610440-16a5-46aa-8011-5e9b2b98e89e: start group-9EABDA1844DA
2019-08-29 08:47:09,436 [pool-107-thread-1] INFO  impl.RaftServerImpl (RaftServerImpl.java:setRole(171)) - d2610440-16a5-46aa-8011-5e9b2b98e89e:group-9EABDA1844DA changes role from null to FOLLOWER at term 0 for startAsFollower
2019-08-29 08:47:09,436 [pool-107-thread-1] INFO  impl.RoleInfo (RoleInfo.java:updateAndGet(143)) - d2610440-16a5-46aa-8011-5e9b2b98e89e: start FollowerState
2019-08-29 08:47:09,437 [pool-107-thread-1] INFO  util.JmxRegister (JmxRegister.java:tryRegister(44)) - Successfully registered JMX Bean with object name Ratis:service=RaftServer,group=group-9EABDA1844DA,id=d2610440-16a5-46aa-8011-5e9b2b98e89e
2019-08-29 08:47:09,449 [RatisPipelineUtilsThread] INFO  pipeline.PipelineStateManager (PipelineStateManager.java:addPipeline(56)) - Created pipeline Pipeline[ Id: 297e31fa-1bda-4f15-9d90-9eabda1844da, Nodes: d2610440-16a5-46aa-8011-5e9b2b98e89e{ip: 192.168.5.176, host: pr-hdds-1909-44d2n-1519487446, networkLocation: /default-rack, certSerialId: null}, Type:RATIS, Factor:ONE, State:OPEN]
2019-08-29 08:47:09,465 [grpc-default-executor-0] INFO  impl.RaftServerProxy (RaftServerProxy.java:addNew(89)) - 62127296-10ba-4bda-9b01-f27ba8bd8737: addNew group-04FC4E6350CE:[62127296-10ba-4bda-9b01-f27ba8bd8737:192.168.5.176:45010] returns group-04FC4E6350CE:java.util.concurrent.CompletableFuture@665d6f9f[Not completed]
2019-08-29 08:47:09,470 [pool-117-thread-1] INFO  impl.RaftServerImpl (RaftServerImpl.java:<init>(93)) - 62127296-10ba-4bda-9b01-f27ba8bd8737: new RaftServerImpl for group-04FC4E6350CE:[62127296-10ba-4bda-9b01-f27ba8bd8737:192.168.5.176:45010] with ContainerStateMachine:uninitialized
2019-08-29 08:47:09,470 [pool-117-thread-1] INFO  server.RaftServerConfigKeys (ConfUtils.java:logGet(43)) - raft.server.rpc.timeout.min = 1s (custom)
2019-08-29 08:47:09,470 [pool-117-thread-1] INFO  server.RaftServerConfigKeys (ConfUtils.java:logGet(43)) - raft.server.rpc.timeout.max = 1200ms (custom)
2019-08-29 08:47:09,470 [pool-117-thread-1] INFO  server.RaftServerConfigKeys (ConfUtils.java:logGet(43)) - raft.server.rpcslowness.timeout = 120s (custom)
2019-08-29 08:47:09,471 [pool-117-thread-1] INFO  server.RaftServerConfigKeys (ConfUtils.java:logGet(43)) - raft.server.sleep.deviation.threshold = 300 (default)
2019-08-29 08:47:09,471 [pool-117-thread-1] INFO  server.RaftServerConfigKeys (ConfUtils.java:logGet(43)) - raft.server.log.appender.install.snapshot.enabled = false (custom)
2019-08-29 08:47:09,471 [pool-117-thread-1] INFO  impl.RaftServerImpl (ServerState.java:<init>(105)) - 62127296-10ba-4bda-9b01-f27ba8bd8737:group-04FC4E6350CE ConfigurationManager, init=-1: [62127296-10ba-4bda-9b01-f27ba8bd8737:192.168.5.176:45010], old=null, confs=<EMPTY_MAP>
2019-08-29 08:47:09,471 [pool-117-thread-1] INFO  server.RaftServerConfigKeys (ConfUtils.java:logGet(43)) - raft.server.storage.dir = [/workdir/hadoop-ozone/integration-test/target/test-dir/MiniOzoneClusterImpl-0396b80d-4163-4a3b-9db9-4b816fc820e4/datanode-9/data/ratis] (custom)
2019-08-29 08:47:09,472 [pool-117-thread-1] INFO  storage.RaftStorageDirectory (RaftStorageDirectory.java:analyzeStorage(246)) - The storage directory /workdir/hadoop-ozone/integration-test/target/test-dir/MiniOzoneClusterImpl-0396b80d-4163-4a3b-9db9-4b816fc820e4/datanode-9/data/ratis/32e3f9b7-5311-40b4-abcd-04fc4e6350ce does not exist. Creating ...
2019-08-29 08:47:09,480 [pool-117-thread-1] INFO  storage.RaftStorageDirectory (RaftStorageDirectory.java:tryLock(328)) - Lock on /workdir/hadoop-ozone/integration-test/target/test-dir/MiniOzoneClusterImpl-0396b80d-4163-4a3b-9db9-4b816fc820e4/datanode-9/data/ratis/32e3f9b7-5311-40b4-abcd-04fc4e6350ce/in_use.lock acquired by nodename 31268@pr-hdds-1909-44d2n-1519487446
2019-08-29 08:47:09,505 [pool-117-thread-1] INFO  storage.RaftStorage (RaftStorage.java:format(72)) - Storage directory /workdir/hadoop-ozone/integration-test/target/test-dir/MiniOzoneClusterImpl-0396b80d-4163-4a3b-9db9-4b816fc820e4/datanode-9/data/ratis/32e3f9b7-5311-40b4-abcd-04fc4e6350ce has been successfully formatted.
2019-08-29 08:47:09,505 [pool-117-thread-1] INFO  ratis.ContainerStateMachine (ContainerStateMachine.java:loadSnapshot(227)) - group-04FC4E6350CE: The snapshot info is null. Setting the last applied indexto:(t:0, i:~)
2019-08-29 08:47:09,505 [pool-117-thread-1] INFO  server.RaftServerConfigKeys (ConfUtils.java:logGet(43)) - raft.server.leader.election.timeout = 120s (custom)
2019-08-29 08:47:09,506 [pool-117-thread-1] INFO  server.RaftServerConfigKeys (ConfUtils.java:logGet(43)) - raft.server.log.use.memory = false (default)
2019-08-29 08:47:09,506 [pool-117-thread-1] INFO  server.RaftServerConfigKeys (ConfUtils.java:logGet(43)) - raft.server.log.purge.gap = 1000000 (custom)
2019-08-29 08:47:09,506 [pool-117-thread-1] INFO  server.RaftServerConfigKeys (ConfUtils.java:logGet(43)) - raft.server.log.appender.buffer.byte-limit = 33554432 (custom)
2019-08-29 08:47:09,506 [pool-117-thread-1] INFO  server.RaftServerConfigKeys (ConfUtils.java:logGet(43)) - raft.server.log.segment.size.max = 1048576 (custom)
2019-08-29 08:47:09,507 [pool-117-thread-1] INFO  server.RaftServerConfigKeys (ConfUtils.java:logGet(43)) - raft.server.log.segment.cache.num.max = 2 (custom)
2019-08-29 08:47:09,507 [pool-117-thread-1] INFO  segmented.SegmentedRaftLogWorker (SegmentedRaftLogWorker.java:<init>(172)) - new 62127296-10ba-4bda-9b01-f27ba8bd8737-SegmentedRaftLogWorker:Storage Directory /workdir/hadoop-ozone/integration-test/target/test-dir/MiniOzoneClusterImpl-0396b80d-4163-4a3b-9db9-4b816fc820e4/datanode-9/data/ratis/32e3f9b7-5311-40b4-abcd-04fc4e6350ce for RaftStorage:Storage Directory /workdir/hadoop-ozone/integration-test/target/test-dir/MiniOzoneClusterImpl-0396b80d-4163-4a3b-9db9-4b816fc820e4/datanode-9/data/ratis/32e3f9b7-5311-40b4-abcd-04fc4e6350ce
2019-08-29 08:47:09,507 [pool-117-thread-1] INFO  server.RaftServerConfigKeys (ConfUtils.java:logGet(43)) - raft.server.log.queue.byte-limit = 2147483647 (custom)
2019-08-29 08:47:09,507 [pool-117-thread-1] INFO  server.RaftServerConfigKeys (ConfUtils.java:logGet(43)) - raft.server.log.queue.element-limit = 1024 (custom)
2019-08-29 08:47:09,508 [pool-117-thread-1] INFO  server.RaftServerConfigKeys (ConfUtils.java:logGet(43)) - raft.server.log.segment.size.max = 1048576 (custom)
2019-08-29 08:47:09,508 [pool-117-thread-1] INFO  server.RaftServerConfigKeys (ConfUtils.java:logGet(43)) - raft.server.log.preallocated.size = 16384 (custom)
2019-08-29 08:47:09,508 [pool-117-thread-1] INFO  server.RaftServerConfigKeys (ConfUtils.java:logGet(43)) - raft.server.log.write.buffer.size = 33554432 (custom)
2019-08-29 08:47:09,509 [pool-117-thread-1] INFO  server.RaftServerConfigKeys (ConfUtils.java:logGet(43)) - raft.server.log.force.sync.num = 128 (default)
2019-08-29 08:47:09,509 [pool-117-thread-1] INFO  server.RaftServerConfigKeys (ConfUtils.java:logGet(43)) - raft.server.log.statemachine.data.sync = true (default)
2019-08-29 08:47:09,509 [pool-117-thread-1] INFO  server.RaftServerConfigKeys (ConfUtils.java:logGet(43)) - raft.server.log.statemachine.data.sync.timeout = 10s (default)
2019-08-29 08:47:09,509 [pool-117-thread-1] INFO  server.RaftServerConfigKeys (ConfUtils.java:logGet(43)) - raft.server.log.statemachine.data.sync.timeout.retry = -1 (default)
2019-08-29 08:47:09,509 [pool-117-thread-1] INFO  server.RaftServerConfigKeys (ConfUtils.java:logGet(43)) - raft.server.log.statemachine.data.caching.enabled = true (custom)
2019-08-29 08:47:09,510 [pool-117-thread-1] INFO  segmented.SegmentedRaftLogWorker (SegmentedRaftLogWorker.java:lambda$new$0(132)) - 62127296-10ba-4bda-9b01-f27ba8bd8737-SegmentedRaftLogWorker:Storage Directory /workdir/hadoop-ozone/integration-test/target/test-dir/MiniOzoneClusterImpl-0396b80d-4163-4a3b-9db9-4b816fc820e4/datanode-9/data/ratis/32e3f9b7-5311-40b4-abcd-04fc4e6350ce: flushIndex: setUnconditionally 0 -> -1
2019-08-29 08:47:09,510 [pool-117-thread-1] INFO  server.RaftServerConfigKeys (ConfUtils.java:logGet(43)) - raft.server.snapshot.auto.trigger.enabled = true (custom)
2019-08-29 08:47:09,510 [pool-117-thread-1] INFO  server.RaftServerConfigKeys (ConfUtils.java:logGet(43)) - raft.server.snapshot.auto.trigger.threshold = 10000 (custom)
2019-08-29 08:47:09,511 [pool-117-thread-1] INFO  server.RaftServerConfigKeys (ConfUtils.java:logGet(43)) - raft.server.retrycache.expirytime = 600000ms (custom)
2019-08-29 08:47:09,511 [pool-117-thread-1] INFO  impl.RaftServerImpl (RaftServerImpl.java:start(180)) - 62127296-10ba-4bda-9b01-f27ba8bd8737: start group-04FC4E6350CE
2019-08-29 08:47:09,511 [pool-117-thread-1] INFO  impl.RaftServerImpl (RaftServerImpl.java:setRole(171)) - 62127296-10ba-4bda-9b01-f27ba8bd8737:group-04FC4E6350CE changes role from null to FOLLOWER at term 0 for startAsFollower
2019-08-29 08:47:09,511 [pool-117-thread-1] INFO  impl.RoleInfo (RoleInfo.java:updateAndGet(143)) - 62127296-10ba-4bda-9b01-f27ba8bd8737: start FollowerState
2019-08-29 08:47:09,512 [pool-117-thread-1] INFO  util.JmxRegister (JmxRegister.java:tryRegister(44)) - Successfully registered JMX Bean with object name Ratis:service=RaftServer,group=group-04FC4E6350CE,id=62127296-10ba-4bda-9b01-f27ba8bd8737
2019-08-29 08:47:09,524 [RatisPipelineUtilsThread] INFO  pipeline.PipelineStateManager (PipelineStateManager.java:addPipeline(56)) - Created pipeline Pipeline[ Id: 32e3f9b7-5311-40b4-abcd-04fc4e6350ce, Nodes: 62127296-10ba-4bda-9b01-f27ba8bd8737{ip: 192.168.5.176, host: pr-hdds-1909-44d2n-1519487446, networkLocation: /default-rack, certSerialId: null}, Type:RATIS, Factor:ONE, State:OPEN]
2019-08-29 08:47:09,541 [grpc-default-executor-0] INFO  impl.RaftServerProxy (RaftServerProxy.java:addNew(89)) - 4372d764-1931-406f-887c-7b5d1b7ac3a6: addNew group-83DF56F1B588:[4372d764-1931-406f-887c-7b5d1b7ac3a6:192.168.5.176:40296] returns group-83DF56F1B588:java.util.concurrent.CompletableFuture@3e340868[Not completed]
2019-08-29 08:47:09,545 [pool-97-thread-1] INFO  impl.RaftServerImpl (RaftServerImpl.java:<init>(93)) - 4372d764-1931-406f-887c-7b5d1b7ac3a6: new RaftServerImpl for group-83DF56F1B588:[4372d764-1931-406f-887c-7b5d1b7ac3a6:192.168.5.176:40296] with ContainerStateMachine:uninitialized
2019-08-29 08:47:09,545 [pool-97-thread-1] INFO  server.RaftServerConfigKeys (ConfUtils.java:logGet(43)) - raft.server.rpc.timeout.min = 1s (custom)
2019-08-29 08:47:09,545 [pool-97-thread-1] INFO  server.RaftServerConfigKeys (ConfUtils.java:logGet(43)) - raft.server.rpc.timeout.max = 1200ms (custom)
2019-08-29 08:47:09,545 [pool-97-thread-1] INFO  server.RaftServerConfigKeys (ConfUtils.java:logGet(43)) - raft.server.rpcslowness.timeout = 120s (custom)
2019-08-29 08:47:09,546 [pool-97-thread-1] INFO  server.RaftServerConfigKeys (ConfUtils.java:logGet(43)) - raft.server.sleep.deviation.threshold = 300 (default)
2019-08-29 08:47:09,546 [pool-97-thread-1] INFO  server.RaftServerConfigKeys (ConfUtils.java:logGet(43)) - raft.server.log.appender.install.snapshot.enabled = false (custom)
2019-08-29 08:47:09,546 [pool-97-thread-1] INFO  impl.RaftServerImpl (ServerState.java:<init>(105)) - 4372d764-1931-406f-887c-7b5d1b7ac3a6:group-83DF56F1B588 ConfigurationManager, init=-1: [4372d764-1931-406f-887c-7b5d1b7ac3a6:192.168.5.176:40296], old=null, confs=<EMPTY_MAP>
2019-08-29 08:47:09,546 [pool-97-thread-1] INFO  server.RaftServerConfigKeys (ConfUtils.java:logGet(43)) - raft.server.storage.dir = [/workdir/hadoop-ozone/integration-test/target/test-dir/MiniOzoneClusterImpl-0396b80d-4163-4a3b-9db9-4b816fc820e4/datanode-7/data/ratis] (custom)
2019-08-29 08:47:09,546 [pool-97-thread-1] INFO  storage.RaftStorageDirectory (RaftStorageDirectory.java:analyzeStorage(246)) - The storage directory /workdir/hadoop-ozone/integration-test/target/test-dir/MiniOzoneClusterImpl-0396b80d-4163-4a3b-9db9-4b816fc820e4/datanode-7/data/ratis/90fde77a-02b5-4332-a683-83df56f1b588 does not exist. Creating ...
2019-08-29 08:47:09,558 [pool-97-thread-1] INFO  storage.RaftStorageDirectory (RaftStorageDirectory.java:tryLock(328)) - Lock on /workdir/hadoop-ozone/integration-test/target/test-dir/MiniOzoneClusterImpl-0396b80d-4163-4a3b-9db9-4b816fc820e4/datanode-7/data/ratis/90fde77a-02b5-4332-a683-83df56f1b588/in_use.lock acquired by nodename 31268@pr-hdds-1909-44d2n-1519487446
2019-08-29 08:47:09,584 [pool-97-thread-1] INFO  storage.RaftStorage (RaftStorage.java:format(72)) - Storage directory /workdir/hadoop-ozone/integration-test/target/test-dir/MiniOzoneClusterImpl-0396b80d-4163-4a3b-9db9-4b816fc820e4/datanode-7/data/ratis/90fde77a-02b5-4332-a683-83df56f1b588 has been successfully formatted.
2019-08-29 08:47:09,584 [pool-97-thread-1] INFO  ratis.ContainerStateMachine (ContainerStateMachine.java:loadSnapshot(227)) - group-83DF56F1B588: The snapshot info is null. Setting the last applied indexto:(t:0, i:~)
2019-08-29 08:47:09,584 [pool-97-thread-1] INFO  server.RaftServerConfigKeys (ConfUtils.java:logGet(43)) - raft.server.leader.election.timeout = 120s (custom)
2019-08-29 08:47:09,585 [pool-97-thread-1] INFO  server.RaftServerConfigKeys (ConfUtils.java:logGet(43)) - raft.server.log.use.memory = false (default)
2019-08-29 08:47:09,585 [pool-97-thread-1] INFO  server.RaftServerConfigKeys (ConfUtils.java:logGet(43)) - raft.server.log.purge.gap = 1000000 (custom)
2019-08-29 08:47:09,585 [pool-97-thread-1] INFO  server.RaftServerConfigKeys (ConfUtils.java:logGet(43)) - raft.server.log.appender.buffer.byte-limit = 33554432 (custom)
2019-08-29 08:47:09,585 [pool-97-thread-1] INFO  server.RaftServerConfigKeys (ConfUtils.java:logGet(43)) - raft.server.log.segment.size.max = 1048576 (custom)
2019-08-29 08:47:09,585 [pool-97-thread-1] INFO  server.RaftServerConfigKeys (ConfUtils.java:logGet(43)) - raft.server.log.segment.cache.num.max = 2 (custom)
2019-08-29 08:47:09,585 [pool-97-thread-1] INFO  segmented.SegmentedRaftLogWorker (SegmentedRaftLogWorker.java:<init>(172)) - new 4372d764-1931-406f-887c-7b5d1b7ac3a6-SegmentedRaftLogWorker:Storage Directory /workdir/hadoop-ozone/integration-test/target/test-dir/MiniOzoneClusterImpl-0396b80d-4163-4a3b-9db9-4b816fc820e4/datanode-7/data/ratis/90fde77a-02b5-4332-a683-83df56f1b588 for RaftStorage:Storage Directory /workdir/hadoop-ozone/integration-test/target/test-dir/MiniOzoneClusterImpl-0396b80d-4163-4a3b-9db9-4b816fc820e4/datanode-7/data/ratis/90fde77a-02b5-4332-a683-83df56f1b588
2019-08-29 08:47:09,585 [pool-97-thread-1] INFO  server.RaftServerConfigKeys (ConfUtils.java:logGet(43)) - raft.server.log.queue.byte-limit = 2147483647 (custom)
2019-08-29 08:47:09,585 [pool-97-thread-1] INFO  server.RaftServerConfigKeys (ConfUtils.java:logGet(43)) - raft.server.log.queue.element-limit = 1024 (custom)
2019-08-29 08:47:09,586 [pool-97-thread-1] INFO  server.RaftServerConfigKeys (ConfUtils.java:logGet(43)) - raft.server.log.segment.size.max = 1048576 (custom)
2019-08-29 08:47:09,586 [pool-97-thread-1] INFO  server.RaftServerConfigKeys (ConfUtils.java:logGet(43)) - raft.server.log.preallocated.size = 16384 (custom)
2019-08-29 08:47:09,586 [pool-97-thread-1] INFO  server.RaftServerConfigKeys (ConfUtils.java:logGet(43)) - raft.server.log.write.buffer.size = 33554432 (custom)
2019-08-29 08:47:09,586 [pool-97-thread-1] INFO  server.RaftServerConfigKeys (ConfUtils.java:logGet(43)) - raft.server.log.force.sync.num = 128 (default)
2019-08-29 08:47:09,586 [pool-97-thread-1] INFO  server.RaftServerConfigKeys (ConfUtils.java:logGet(43)) - raft.server.log.statemachine.data.sync = true (default)
2019-08-29 08:47:09,586 [pool-97-thread-1] INFO  server.RaftServerConfigKeys (ConfUtils.java:logGet(43)) - raft.server.log.statemachine.data.sync.timeout = 10s (default)
2019-08-29 08:47:09,586 [pool-97-thread-1] INFO  server.RaftServerConfigKeys (ConfUtils.java:logGet(43)) - raft.server.log.statemachine.data.sync.timeout.retry = -1 (default)
2019-08-29 08:47:09,587 [pool-97-thread-1] INFO  server.RaftServerConfigKeys (ConfUtils.java:logGet(43)) - raft.server.log.statemachine.data.caching.enabled = true (custom)
2019-08-29 08:47:09,587 [pool-97-thread-1] INFO  segmented.SegmentedRaftLogWorker (SegmentedRaftLogWorker.java:lambda$new$0(132)) - 4372d764-1931-406f-887c-7b5d1b7ac3a6-SegmentedRaftLogWorker:Storage Directory /workdir/hadoop-ozone/integration-test/target/test-dir/MiniOzoneClusterImpl-0396b80d-4163-4a3b-9db9-4b816fc820e4/datanode-7/data/ratis/90fde77a-02b5-4332-a683-83df56f1b588: flushIndex: setUnconditionally 0 -> -1
2019-08-29 08:47:09,587 [pool-97-thread-1] INFO  server.RaftServerConfigKeys (ConfUtils.java:logGet(43)) - raft.server.snapshot.auto.trigger.enabled = true (custom)
2019-08-29 08:47:09,587 [pool-97-thread-1] INFO  server.RaftServerConfigKeys (ConfUtils.java:logGet(43)) - raft.server.snapshot.auto.trigger.threshold = 10000 (custom)
2019-08-29 08:47:09,587 [pool-97-thread-1] INFO  server.RaftServerConfigKeys (ConfUtils.java:logGet(43)) - raft.server.retrycache.expirytime = 600000ms (custom)
2019-08-29 08:47:09,587 [pool-97-thread-1] INFO  impl.RaftServerImpl (RaftServerImpl.java:start(180)) - 4372d764-1931-406f-887c-7b5d1b7ac3a6: start group-83DF56F1B588
2019-08-29 08:47:09,588 [pool-97-thread-1] INFO  impl.RaftServerImpl (RaftServerImpl.java:setRole(171)) - 4372d764-1931-406f-887c-7b5d1b7ac3a6:group-83DF56F1B588 changes role from null to FOLLOWER at term 0 for startAsFollower
2019-08-29 08:47:09,588 [pool-97-thread-1] INFO  impl.RoleInfo (RoleInfo.java:updateAndGet(143)) - 4372d764-1931-406f-887c-7b5d1b7ac3a6: start FollowerState
2019-08-29 08:47:09,588 [pool-97-thread-1] INFO  util.JmxRegister (JmxRegister.java:tryRegister(44)) - Successfully registered JMX Bean with object name Ratis:service=RaftServer,group=group-83DF56F1B588,id=4372d764-1931-406f-887c-7b5d1b7ac3a6
2019-08-29 08:47:09,604 [RatisPipelineUtilsThread] INFO  pipeline.PipelineStateManager (PipelineStateManager.java:addPipeline(56)) - Created pipeline Pipeline[ Id: 90fde77a-02b5-4332-a683-83df56f1b588, Nodes: 4372d764-1931-406f-887c-7b5d1b7ac3a6{ip: 192.168.5.176, host: pr-hdds-1909-44d2n-1519487446, networkLocation: /default-rack, certSerialId: null}, Type:RATIS, Factor:ONE, State:OPEN]
2019-08-29 08:47:09,618 [grpc-default-executor-0] INFO  impl.RaftServerProxy (RaftServerProxy.java:addNew(89)) - 37fb6585-bd86-49e3-96c6-47308e6afbcf: addNew group-3159BB0ABB03:[37fb6585-bd86-49e3-96c6-47308e6afbcf:192.168.5.176:35563] returns group-3159BB0ABB03:java.util.concurrent.CompletableFuture@303e8e4[Not completed]
2019-08-29 08:47:09,621 [pool-57-thread-1] INFO  impl.RaftServerImpl (RaftServerImpl.java:<init>(93)) - 37fb6585-bd86-49e3-96c6-47308e6afbcf: new RaftServerImpl for group-3159BB0ABB03:[37fb6585-bd86-49e3-96c6-47308e6afbcf:192.168.5.176:35563] with ContainerStateMachine:uninitialized
2019-08-29 08:47:09,622 [pool-57-thread-1] INFO  server.RaftServerConfigKeys (ConfUtils.java:logGet(43)) - raft.server.rpc.timeout.min = 1s (custom)
2019-08-29 08:47:09,622 [pool-57-thread-1] INFO  server.RaftServerConfigKeys (ConfUtils.java:logGet(43)) - raft.server.rpc.timeout.max = 1200ms (custom)
2019-08-29 08:47:09,622 [pool-57-thread-1] INFO  server.RaftServerConfigKeys (ConfUtils.java:logGet(43)) - raft.server.rpcslowness.timeout = 120s (custom)
2019-08-29 08:47:09,622 [pool-57-thread-1] INFO  server.RaftServerConfigKeys (ConfUtils.java:logGet(43)) - raft.server.sleep.deviation.threshold = 300 (default)
2019-08-29 08:47:09,622 [pool-57-thread-1] INFO  server.RaftServerConfigKeys (ConfUtils.java:logGet(43)) - raft.server.log.appender.install.snapshot.enabled = false (custom)
2019-08-29 08:47:09,622 [pool-57-thread-1] INFO  impl.RaftServerImpl (ServerState.java:<init>(105)) - 37fb6585-bd86-49e3-96c6-47308e6afbcf:group-3159BB0ABB03 ConfigurationManager, init=-1: [37fb6585-bd86-49e3-96c6-47308e6afbcf:192.168.5.176:35563], old=null, confs=<EMPTY_MAP>
2019-08-29 08:47:09,622 [pool-57-thread-1] INFO  server.RaftServerConfigKeys (ConfUtils.java:logGet(43)) - raft.server.storage.dir = [/workdir/hadoop-ozone/integration-test/target/test-dir/MiniOzoneClusterImpl-0396b80d-4163-4a3b-9db9-4b816fc820e4/datanode-3/data/ratis] (custom)
2019-08-29 08:47:09,623 [pool-57-thread-1] INFO  storage.RaftStorageDirectory (RaftStorageDirectory.java:analyzeStorage(246)) - The storage directory /workdir/hadoop-ozone/integration-test/target/test-dir/MiniOzoneClusterImpl-0396b80d-4163-4a3b-9db9-4b816fc820e4/datanode-3/data/ratis/fbc685af-df62-4a07-82cf-3159bb0abb03 does not exist. Creating ...
2019-08-29 08:47:09,640 [pool-57-thread-1] INFO  storage.RaftStorageDirectory (RaftStorageDirectory.java:tryLock(328)) - Lock on /workdir/hadoop-ozone/integration-test/target/test-dir/MiniOzoneClusterImpl-0396b80d-4163-4a3b-9db9-4b816fc820e4/datanode-3/data/ratis/fbc685af-df62-4a07-82cf-3159bb0abb03/in_use.lock acquired by nodename 31268@pr-hdds-1909-44d2n-1519487446
2019-08-29 08:47:09,665 [pool-57-thread-1] INFO  storage.RaftStorage (RaftStorage.java:format(72)) - Storage directory /workdir/hadoop-ozone/integration-test/target/test-dir/MiniOzoneClusterImpl-0396b80d-4163-4a3b-9db9-4b816fc820e4/datanode-3/data/ratis/fbc685af-df62-4a07-82cf-3159bb0abb03 has been successfully formatted.
2019-08-29 08:47:09,665 [pool-57-thread-1] INFO  ratis.ContainerStateMachine (ContainerStateMachine.java:loadSnapshot(227)) - group-3159BB0ABB03: The snapshot info is null. Setting the last applied indexto:(t:0, i:~)
2019-08-29 08:47:09,665 [pool-57-thread-1] INFO  server.RaftServerConfigKeys (ConfUtils.java:logGet(43)) - raft.server.leader.election.timeout = 120s (custom)
2019-08-29 08:47:09,665 [pool-57-thread-1] INFO  server.RaftServerConfigKeys (ConfUtils.java:logGet(43)) - raft.server.log.use.memory = false (default)
2019-08-29 08:47:09,665 [pool-57-thread-1] INFO  server.RaftServerConfigKeys (ConfUtils.java:logGet(43)) - raft.server.log.purge.gap = 1000000 (custom)
2019-08-29 08:47:09,666 [pool-57-thread-1] INFO  server.RaftServerConfigKeys (ConfUtils.java:logGet(43)) - raft.server.log.appender.buffer.byte-limit = 33554432 (custom)
2019-08-29 08:47:09,666 [pool-57-thread-1] INFO  server.RaftServerConfigKeys (ConfUtils.java:logGet(43)) - raft.server.log.segment.size.max = 1048576 (custom)
2019-08-29 08:47:09,666 [pool-57-thread-1] INFO  server.RaftServerConfigKeys (ConfUtils.java:logGet(43)) - raft.server.log.segment.cache.num.max = 2 (custom)
2019-08-29 08:47:09,666 [pool-57-thread-1] INFO  segmented.SegmentedRaftLogWorker (SegmentedRaftLogWorker.java:<init>(172)) - new 37fb6585-bd86-49e3-96c6-47308e6afbcf-SegmentedRaftLogWorker:Storage Directory /workdir/hadoop-ozone/integration-test/target/test-dir/MiniOzoneClusterImpl-0396b80d-4163-4a3b-9db9-4b816fc820e4/datanode-3/data/ratis/fbc685af-df62-4a07-82cf-3159bb0abb03 for RaftStorage:Storage Directory /workdir/hadoop-ozone/integration-test/target/test-dir/MiniOzoneClusterImpl-0396b80d-4163-4a3b-9db9-4b816fc820e4/datanode-3/data/ratis/fbc685af-df62-4a07-82cf-3159bb0abb03
2019-08-29 08:47:09,666 [pool-57-thread-1] INFO  server.RaftServerConfigKeys (ConfUtils.java:logGet(43)) - raft.server.log.queue.byte-limit = 2147483647 (custom)
2019-08-29 08:47:09,666 [pool-57-thread-1] INFO  server.RaftServerConfigKeys (ConfUtils.java:logGet(43)) - raft.server.log.queue.element-limit = 1024 (custom)
2019-08-29 08:47:09,666 [pool-57-thread-1] INFO  server.RaftServerConfigKeys (ConfUtils.java:logGet(43)) - raft.server.log.segment.size.max = 1048576 (custom)
2019-08-29 08:47:09,667 [pool-57-thread-1] INFO  server.RaftServerConfigKeys (ConfUtils.java:logGet(43)) - raft.server.log.preallocated.size = 16384 (custom)
2019-08-29 08:47:09,667 [pool-57-thread-1] INFO  server.RaftServerConfigKeys (ConfUtils.java:logGet(43)) - raft.server.log.write.buffer.size = 33554432 (custom)
2019-08-29 08:47:09,667 [pool-57-thread-1] INFO  server.RaftServerConfigKeys (ConfUtils.java:logGet(43)) - raft.server.log.force.sync.num = 128 (default)
2019-08-29 08:47:09,667 [pool-57-thread-1] INFO  server.RaftServerConfigKeys (ConfUtils.java:logGet(43)) - raft.server.log.statemachine.data.sync = true (default)
2019-08-29 08:47:09,667 [pool-57-thread-1] INFO  server.RaftServerConfigKeys (ConfUtils.java:logGet(43)) - raft.server.log.statemachine.data.sync.timeout = 10s (default)
2019-08-29 08:47:09,667 [pool-57-thread-1] INFO  server.RaftServerConfigKeys (ConfUtils.java:logGet(43)) - raft.server.log.statemachine.data.sync.timeout.retry = -1 (default)
2019-08-29 08:47:09,667 [pool-57-thread-1] INFO  server.RaftServerConfigKeys (ConfUtils.java:logGet(43)) - raft.server.log.statemachine.data.caching.enabled = true (custom)
2019-08-29 08:47:09,668 [pool-57-thread-1] INFO  segmented.SegmentedRaftLogWorker (SegmentedRaftLogWorker.java:lambda$new$0(132)) - 37fb6585-bd86-49e3-96c6-47308e6afbcf-SegmentedRaftLogWorker:Storage Directory /workdir/hadoop-ozone/integration-test/target/test-dir/MiniOzoneClusterImpl-0396b80d-4163-4a3b-9db9-4b816fc820e4/datanode-3/data/ratis/fbc685af-df62-4a07-82cf-3159bb0abb03: flushIndex: setUnconditionally 0 -> -1
2019-08-29 08:47:09,668 [pool-57-thread-1] INFO  server.RaftServerConfigKeys (ConfUtils.java:logGet(43)) - raft.server.snapshot.auto.trigger.enabled = true (custom)
2019-08-29 08:47:09,668 [pool-57-thread-1] INFO  server.RaftServerConfigKeys (ConfUtils.java:logGet(43)) - raft.server.snapshot.auto.trigger.threshold = 10000 (custom)
2019-08-29 08:47:09,668 [pool-57-thread-1] INFO  server.RaftServerConfigKeys (ConfUtils.java:logGet(43)) - raft.server.retrycache.expirytime = 600000ms (custom)
2019-08-29 08:47:09,668 [pool-57-thread-1] INFO  impl.RaftServerImpl (RaftServerImpl.java:start(180)) - 37fb6585-bd86-49e3-96c6-47308e6afbcf: start group-3159BB0ABB03
2019-08-29 08:47:09,668 [pool-57-thread-1] INFO  impl.RaftServerImpl (RaftServerImpl.java:setRole(171)) - 37fb6585-bd86-49e3-96c6-47308e6afbcf:group-3159BB0ABB03 changes role from null to FOLLOWER at term 0 for startAsFollower
2019-08-29 08:47:09,669 [pool-57-thread-1] INFO  impl.RoleInfo (RoleInfo.java:updateAndGet(143)) - 37fb6585-bd86-49e3-96c6-47308e6afbcf: start FollowerState
2019-08-29 08:47:09,669 [pool-57-thread-1] INFO  util.JmxRegister (JmxRegister.java:tryRegister(44)) - Successfully registered JMX Bean with object name Ratis:service=RaftServer,group=group-3159BB0ABB03,id=37fb6585-bd86-49e3-96c6-47308e6afbcf
2019-08-29 08:47:09,679 [RatisPipelineUtilsThread] INFO  pipeline.PipelineStateManager (PipelineStateManager.java:addPipeline(56)) - Created pipeline Pipeline[ Id: fbc685af-df62-4a07-82cf-3159bb0abb03, Nodes: 37fb6585-bd86-49e3-96c6-47308e6afbcf{ip: 192.168.5.176, host: pr-hdds-1909-44d2n-1519487446, networkLocation: /default-rack, certSerialId: null}, Type:RATIS, Factor:ONE, State:OPEN]
2019-08-29 08:47:09,694 [grpc-default-executor-0] INFO  impl.RaftServerProxy (RaftServerProxy.java:addNew(89)) - dd40d4a5-aa3f-4ebf-9cec-f561545fceec: addNew group-540B27701E44:[dd40d4a5-aa3f-4ebf-9cec-f561545fceec:192.168.5.176:34437] returns group-540B27701E44:java.util.concurrent.CompletableFuture@49aa0f80[Not completed]
2019-08-29 08:47:09,698 [pool-67-thread-1] INFO  impl.RaftServerImpl (RaftServerImpl.java:<init>(93)) - dd40d4a5-aa3f-4ebf-9cec-f561545fceec: new RaftServerImpl for group-540B27701E44:[dd40d4a5-aa3f-4ebf-9cec-f561545fceec:192.168.5.176:34437] with ContainerStateMachine:uninitialized
2019-08-29 08:47:09,698 [pool-67-thread-1] INFO  server.RaftServerConfigKeys (ConfUtils.java:logGet(43)) - raft.server.rpc.timeout.min = 1s (custom)
2019-08-29 08:47:09,698 [pool-67-thread-1] INFO  server.RaftServerConfigKeys (ConfUtils.java:logGet(43)) - raft.server.rpc.timeout.max = 1200ms (custom)
2019-08-29 08:47:09,698 [pool-67-thread-1] INFO  server.RaftServerConfigKeys (ConfUtils.java:logGet(43)) - raft.server.rpcslowness.timeout = 120s (custom)
2019-08-29 08:47:09,698 [pool-67-thread-1] INFO  server.RaftServerConfigKeys (ConfUtils.java:logGet(43)) - raft.server.sleep.deviation.threshold = 300 (default)
2019-08-29 08:47:09,699 [pool-67-thread-1] INFO  server.RaftServerConfigKeys (ConfUtils.java:logGet(43)) - raft.server.log.appender.install.snapshot.enabled = false (custom)
2019-08-29 08:47:09,699 [pool-67-thread-1] INFO  impl.RaftServerImpl (ServerState.java:<init>(105)) - dd40d4a5-aa3f-4ebf-9cec-f561545fceec:group-540B27701E44 ConfigurationManager, init=-1: [dd40d4a5-aa3f-4ebf-9cec-f561545fceec:192.168.5.176:34437], old=null, confs=<EMPTY_MAP>
2019-08-29 08:47:09,699 [pool-67-thread-1] INFO  server.RaftServerConfigKeys (ConfUtils.java:logGet(43)) - raft.server.storage.dir = [/workdir/hadoop-ozone/integration-test/target/test-dir/MiniOzoneClusterImpl-0396b80d-4163-4a3b-9db9-4b816fc820e4/datanode-4/data/ratis] (custom)
2019-08-29 08:47:09,699 [pool-67-thread-1] INFO  storage.RaftStorageDirectory (RaftStorageDirectory.java:analyzeStorage(246)) - The storage directory /workdir/hadoop-ozone/integration-test/target/test-dir/MiniOzoneClusterImpl-0396b80d-4163-4a3b-9db9-4b816fc820e4/datanode-4/data/ratis/76aeb8c1-ce6b-4e32-a316-540b27701e44 does not exist. Creating ...
2019-08-29 08:47:09,715 [pool-67-thread-1] INFO  storage.RaftStorageDirectory (RaftStorageDirectory.java:tryLock(328)) - Lock on /workdir/hadoop-ozone/integration-test/target/test-dir/MiniOzoneClusterImpl-0396b80d-4163-4a3b-9db9-4b816fc820e4/datanode-4/data/ratis/76aeb8c1-ce6b-4e32-a316-540b27701e44/in_use.lock acquired by nodename 31268@pr-hdds-1909-44d2n-1519487446
2019-08-29 08:47:09,752 [pool-67-thread-1] INFO  storage.RaftStorage (RaftStorage.java:format(72)) - Storage directory /workdir/hadoop-ozone/integration-test/target/test-dir/MiniOzoneClusterImpl-0396b80d-4163-4a3b-9db9-4b816fc820e4/datanode-4/data/ratis/76aeb8c1-ce6b-4e32-a316-540b27701e44 has been successfully formatted.
2019-08-29 08:47:09,752 [pool-67-thread-1] INFO  ratis.ContainerStateMachine (ContainerStateMachine.java:loadSnapshot(227)) - group-540B27701E44: The snapshot info is null. Setting the last applied indexto:(t:0, i:~)
2019-08-29 08:47:09,752 [pool-67-thread-1] INFO  server.RaftServerConfigKeys (ConfUtils.java:logGet(43)) - raft.server.leader.election.timeout = 120s (custom)
2019-08-29 08:47:09,752 [pool-67-thread-1] INFO  server.RaftServerConfigKeys (ConfUtils.java:logGet(43)) - raft.server.log.use.memory = false (default)
2019-08-29 08:47:09,752 [pool-67-thread-1] INFO  server.RaftServerConfigKeys (ConfUtils.java:logGet(43)) - raft.server.log.purge.gap = 1000000 (custom)
2019-08-29 08:47:09,752 [pool-67-thread-1] INFO  server.RaftServerConfigKeys (ConfUtils.java:logGet(43)) - raft.server.log.appender.buffer.byte-limit = 33554432 (custom)
2019-08-29 08:47:09,753 [pool-67-thread-1] INFO  server.RaftServerConfigKeys (ConfUtils.java:logGet(43)) - raft.server.log.segment.size.max = 1048576 (custom)
2019-08-29 08:47:09,753 [pool-67-thread-1] INFO  server.RaftServerConfigKeys (ConfUtils.java:logGet(43)) - raft.server.log.segment.cache.num.max = 2 (custom)
2019-08-29 08:47:09,753 [pool-67-thread-1] INFO  segmented.SegmentedRaftLogWorker (SegmentedRaftLogWorker.java:<init>(172)) - new dd40d4a5-aa3f-4ebf-9cec-f561545fceec-SegmentedRaftLogWorker:Storage Directory /workdir/hadoop-ozone/integration-test/target/test-dir/MiniOzoneClusterImpl-0396b80d-4163-4a3b-9db9-4b816fc820e4/datanode-4/data/ratis/76aeb8c1-ce6b-4e32-a316-540b27701e44 for RaftStorage:Storage Directory /workdir/hadoop-ozone/integration-test/target/test-dir/MiniOzoneClusterImpl-0396b80d-4163-4a3b-9db9-4b816fc820e4/datanode-4/data/ratis/76aeb8c1-ce6b-4e32-a316-540b27701e44
2019-08-29 08:47:09,753 [pool-67-thread-1] INFO  server.RaftServerConfigKeys (ConfUtils.java:logGet(43)) - raft.server.log.queue.byte-limit = 2147483647 (custom)
2019-08-29 08:47:09,753 [pool-67-thread-1] INFO  server.RaftServerConfigKeys (ConfUtils.java:logGet(43)) - raft.server.log.queue.element-limit = 1024 (custom)
2019-08-29 08:47:09,753 [pool-67-thread-1] INFO  server.RaftServerConfigKeys (ConfUtils.java:logGet(43)) - raft.server.log.segment.size.max = 1048576 (custom)
2019-08-29 08:47:09,753 [pool-67-thread-1] INFO  server.RaftServerConfigKeys (ConfUtils.java:logGet(43)) - raft.server.log.preallocated.size = 16384 (custom)
2019-08-29 08:47:09,753 [pool-67-thread-1] INFO  server.RaftServerConfigKeys (ConfUtils.java:logGet(43)) - raft.server.log.write.buffer.size = 33554432 (custom)
2019-08-29 08:47:09,754 [pool-67-thread-1] INFO  server.RaftServerConfigKeys (ConfUtils.java:logGet(43)) - raft.server.log.force.sync.num = 128 (default)
2019-08-29 08:47:09,754 [pool-67-thread-1] INFO  server.RaftServerConfigKeys (ConfUtils.java:logGet(43)) - raft.server.log.statemachine.data.sync = true (default)
2019-08-29 08:47:09,754 [pool-67-thread-1] INFO  server.RaftServerConfigKeys (ConfUtils.java:logGet(43)) - raft.server.log.statemachine.data.sync.timeout = 10s (default)
2019-08-29 08:47:09,754 [pool-67-thread-1] INFO  server.RaftServerConfigKeys (ConfUtils.java:logGet(43)) - raft.server.log.statemachine.data.sync.timeout.retry = -1 (default)
2019-08-29 08:47:09,754 [pool-67-thread-1] INFO  server.RaftServerConfigKeys (ConfUtils.java:logGet(43)) - raft.server.log.statemachine.data.caching.enabled = true (custom)
2019-08-29 08:47:09,754 [pool-67-thread-1] INFO  segmented.SegmentedRaftLogWorker (SegmentedRaftLogWorker.java:lambda$new$0(132)) - dd40d4a5-aa3f-4ebf-9cec-f561545fceec-SegmentedRaftLogWorker:Storage Directory /workdir/hadoop-ozone/integration-test/target/test-dir/MiniOzoneClusterImpl-0396b80d-4163-4a3b-9db9-4b816fc820e4/datanode-4/data/ratis/76aeb8c1-ce6b-4e32-a316-540b27701e44: flushIndex: setUnconditionally 0 -> -1
2019-08-29 08:47:09,755 [pool-67-thread-1] INFO  server.RaftServerConfigKeys (ConfUtils.java:logGet(43)) - raft.server.snapshot.auto.trigger.enabled = true (custom)
2019-08-29 08:47:09,755 [pool-67-thread-1] INFO  server.RaftServerConfigKeys (ConfUtils.java:logGet(43)) - raft.server.snapshot.auto.trigger.threshold = 10000 (custom)
2019-08-29 08:47:09,755 [pool-67-thread-1] INFO  server.RaftServerConfigKeys (ConfUtils.java:logGet(43)) - raft.server.retrycache.expirytime = 600000ms (custom)
2019-08-29 08:47:09,755 [pool-67-thread-1] INFO  impl.RaftServerImpl (RaftServerImpl.java:start(180)) - dd40d4a5-aa3f-4ebf-9cec-f561545fceec: start group-540B27701E44
2019-08-29 08:47:09,755 [pool-67-thread-1] INFO  impl.RaftServerImpl (RaftServerImpl.java:setRole(171)) - dd40d4a5-aa3f-4ebf-9cec-f561545fceec:group-540B27701E44 changes role from null to FOLLOWER at term 0 for startAsFollower
2019-08-29 08:47:09,755 [pool-67-thread-1] INFO  impl.RoleInfo (RoleInfo.java:updateAndGet(143)) - dd40d4a5-aa3f-4ebf-9cec-f561545fceec: start FollowerState
2019-08-29 08:47:09,756 [pool-67-thread-1] INFO  util.JmxRegister (JmxRegister.java:tryRegister(44)) - Successfully registered JMX Bean with object name Ratis:service=RaftServer,group=group-540B27701E44,id=dd40d4a5-aa3f-4ebf-9cec-f561545fceec
2019-08-29 08:47:09,771 [RatisPipelineUtilsThread] INFO  pipeline.PipelineStateManager (PipelineStateManager.java:addPipeline(56)) - Created pipeline Pipeline[ Id: 76aeb8c1-ce6b-4e32-a316-540b27701e44, Nodes: dd40d4a5-aa3f-4ebf-9cec-f561545fceec{ip: 192.168.5.176, host: pr-hdds-1909-44d2n-1519487446, networkLocation: /default-rack, certSerialId: null}, Type:RATIS, Factor:ONE, State:OPEN]
2019-08-29 08:47:09,795 [grpc-default-executor-0] INFO  impl.RaftServerProxy (RaftServerProxy.java:addNew(89)) - f03f170c-33d9-4b6f-9b91-57603dd43a1e: addNew group-9AD13A7CBBB2:[f03f170c-33d9-4b6f-9b91-57603dd43a1e:192.168.5.176:36402] returns group-9AD13A7CBBB2:java.util.concurrent.CompletableFuture@3dc58327[Not completed]
2019-08-29 08:47:09,806 [pool-77-thread-1] INFO  impl.RaftServerImpl (RaftServerImpl.java:<init>(93)) - f03f170c-33d9-4b6f-9b91-57603dd43a1e: new RaftServerImpl for group-9AD13A7CBBB2:[f03f170c-33d9-4b6f-9b91-57603dd43a1e:192.168.5.176:36402] with ContainerStateMachine:uninitialized
2019-08-29 08:47:09,807 [pool-77-thread-1] INFO  server.RaftServerConfigKeys (ConfUtils.java:logGet(43)) - raft.server.rpc.timeout.min = 1s (custom)
2019-08-29 08:47:09,807 [pool-77-thread-1] INFO  server.RaftServerConfigKeys (ConfUtils.java:logGet(43)) - raft.server.rpc.timeout.max = 1200ms (custom)
2019-08-29 08:47:09,807 [pool-77-thread-1] INFO  server.RaftServerConfigKeys (ConfUtils.java:logGet(43)) - raft.server.rpcslowness.timeout = 120s (custom)
2019-08-29 08:47:09,807 [pool-77-thread-1] INFO  server.RaftServerConfigKeys (ConfUtils.java:logGet(43)) - raft.server.sleep.deviation.threshold = 300 (default)
2019-08-29 08:47:09,808 [pool-77-thread-1] INFO  server.RaftServerConfigKeys (ConfUtils.java:logGet(43)) - raft.server.log.appender.install.snapshot.enabled = false (custom)
2019-08-29 08:47:09,808 [pool-77-thread-1] INFO  impl.RaftServerImpl (ServerState.java:<init>(105)) - f03f170c-33d9-4b6f-9b91-57603dd43a1e:group-9AD13A7CBBB2 ConfigurationManager, init=-1: [f03f170c-33d9-4b6f-9b91-57603dd43a1e:192.168.5.176:36402], old=null, confs=<EMPTY_MAP>
2019-08-29 08:47:09,808 [pool-77-thread-1] INFO  server.RaftServerConfigKeys (ConfUtils.java:logGet(43)) - raft.server.storage.dir = [/workdir/hadoop-ozone/integration-test/target/test-dir/MiniOzoneClusterImpl-0396b80d-4163-4a3b-9db9-4b816fc820e4/datanode-5/data/ratis] (custom)
2019-08-29 08:47:09,809 [pool-77-thread-1] INFO  storage.RaftStorageDirectory (RaftStorageDirectory.java:analyzeStorage(246)) - The storage directory /workdir/hadoop-ozone/integration-test/target/test-dir/MiniOzoneClusterImpl-0396b80d-4163-4a3b-9db9-4b816fc820e4/datanode-5/data/ratis/4ba99708-0a99-4ba5-951e-9ad13a7cbbb2 does not exist. Creating ...
2019-08-29 08:47:09,816 [pool-77-thread-1] INFO  storage.RaftStorageDirectory (RaftStorageDirectory.java:tryLock(328)) - Lock on /workdir/hadoop-ozone/integration-test/target/test-dir/MiniOzoneClusterImpl-0396b80d-4163-4a3b-9db9-4b816fc820e4/datanode-5/data/ratis/4ba99708-0a99-4ba5-951e-9ad13a7cbbb2/in_use.lock acquired by nodename 31268@pr-hdds-1909-44d2n-1519487446
2019-08-29 08:47:09,824 [pool-77-thread-1] INFO  storage.RaftStorage (RaftStorage.java:format(72)) - Storage directory /workdir/hadoop-ozone/integration-test/target/test-dir/MiniOzoneClusterImpl-0396b80d-4163-4a3b-9db9-4b816fc820e4/datanode-5/data/ratis/4ba99708-0a99-4ba5-951e-9ad13a7cbbb2 has been successfully formatted.
2019-08-29 08:47:09,824 [pool-77-thread-1] INFO  ratis.ContainerStateMachine (ContainerStateMachine.java:loadSnapshot(227)) - group-9AD13A7CBBB2: The snapshot info is null. Setting the last applied indexto:(t:0, i:~)
2019-08-29 08:47:09,825 [pool-77-thread-1] INFO  server.RaftServerConfigKeys (ConfUtils.java:logGet(43)) - raft.server.leader.election.timeout = 120s (custom)
2019-08-29 08:47:09,825 [pool-77-thread-1] INFO  server.RaftServerConfigKeys (ConfUtils.java:logGet(43)) - raft.server.log.use.memory = false (default)
2019-08-29 08:47:09,825 [pool-77-thread-1] INFO  server.RaftServerConfigKeys (ConfUtils.java:logGet(43)) - raft.server.log.purge.gap = 1000000 (custom)
2019-08-29 08:47:09,825 [pool-77-thread-1] INFO  server.RaftServerConfigKeys (ConfUtils.java:logGet(43)) - raft.server.log.appender.buffer.byte-limit = 33554432 (custom)
2019-08-29 08:47:09,825 [pool-77-thread-1] INFO  server.RaftServerConfigKeys (ConfUtils.java:logGet(43)) - raft.server.log.segment.size.max = 1048576 (custom)
2019-08-29 08:47:09,826 [pool-77-thread-1] INFO  server.RaftServerConfigKeys (ConfUtils.java:logGet(43)) - raft.server.log.segment.cache.num.max = 2 (custom)
2019-08-29 08:47:09,826 [pool-77-thread-1] INFO  segmented.SegmentedRaftLogWorker (SegmentedRaftLogWorker.java:<init>(172)) - new f03f170c-33d9-4b6f-9b91-57603dd43a1e-SegmentedRaftLogWorker:Storage Directory /workdir/hadoop-ozone/integration-test/target/test-dir/MiniOzoneClusterImpl-0396b80d-4163-4a3b-9db9-4b816fc820e4/datanode-5/data/ratis/4ba99708-0a99-4ba5-951e-9ad13a7cbbb2 for RaftStorage:Storage Directory /workdir/hadoop-ozone/integration-test/target/test-dir/MiniOzoneClusterImpl-0396b80d-4163-4a3b-9db9-4b816fc820e4/datanode-5/data/ratis/4ba99708-0a99-4ba5-951e-9ad13a7cbbb2
2019-08-29 08:47:09,826 [pool-77-thread-1] INFO  server.RaftServerConfigKeys (ConfUtils.java:logGet(43)) - raft.server.log.queue.byte-limit = 2147483647 (custom)
2019-08-29 08:47:09,826 [pool-77-thread-1] INFO  server.RaftServerConfigKeys (ConfUtils.java:logGet(43)) - raft.server.log.queue.element-limit = 1024 (custom)
2019-08-29 08:47:09,827 [pool-77-thread-1] INFO  server.RaftServerConfigKeys (ConfUtils.java:logGet(43)) - raft.server.log.segment.size.max = 1048576 (custom)
2019-08-29 08:47:09,827 [pool-77-thread-1] INFO  server.RaftServerConfigKeys (ConfUtils.java:logGet(43)) - raft.server.log.preallocated.size = 16384 (custom)
2019-08-29 08:47:09,827 [pool-77-thread-1] INFO  server.RaftServerConfigKeys (ConfUtils.java:logGet(43)) - raft.server.log.write.buffer.size = 33554432 (custom)
2019-08-29 08:47:09,827 [pool-77-thread-1] INFO  server.RaftServerConfigKeys (ConfUtils.java:logGet(43)) - raft.server.log.force.sync.num = 128 (default)
2019-08-29 08:47:09,828 [pool-77-thread-1] INFO  server.RaftServerConfigKeys (ConfUtils.java:logGet(43)) - raft.server.log.statemachine.data.sync = true (default)
2019-08-29 08:47:09,828 [pool-77-thread-1] INFO  server.RaftServerConfigKeys (ConfUtils.java:logGet(43)) - raft.server.log.statemachine.data.sync.timeout = 10s (default)
2019-08-29 08:47:09,828 [pool-77-thread-1] INFO  server.RaftServerConfigKeys (ConfUtils.java:logGet(43)) - raft.server.log.statemachine.data.sync.timeout.retry = -1 (default)
2019-08-29 08:47:09,829 [pool-77-thread-1] INFO  server.RaftServerConfigKeys (ConfUtils.java:logGet(43)) - raft.server.log.statemachine.data.caching.enabled = true (custom)
2019-08-29 08:47:09,829 [pool-77-thread-1] INFO  segmented.SegmentedRaftLogWorker (SegmentedRaftLogWorker.java:lambda$new$0(132)) - f03f170c-33d9-4b6f-9b91-57603dd43a1e-SegmentedRaftLogWorker:Storage Directory /workdir/hadoop-ozone/integration-test/target/test-dir/MiniOzoneClusterImpl-0396b80d-4163-4a3b-9db9-4b816fc820e4/datanode-5/data/ratis/4ba99708-0a99-4ba5-951e-9ad13a7cbbb2: flushIndex: setUnconditionally 0 -> -1
2019-08-29 08:47:09,829 [pool-77-thread-1] INFO  server.RaftServerConfigKeys (ConfUtils.java:logGet(43)) - raft.server.snapshot.auto.trigger.enabled = true (custom)
2019-08-29 08:47:09,830 [pool-77-thread-1] INFO  server.RaftServerConfigKeys (ConfUtils.java:logGet(43)) - raft.server.snapshot.auto.trigger.threshold = 10000 (custom)
2019-08-29 08:47:09,830 [pool-77-thread-1] INFO  server.RaftServerConfigKeys (ConfUtils.java:logGet(43)) - raft.server.retrycache.expirytime = 600000ms (custom)
2019-08-29 08:47:09,830 [pool-77-thread-1] INFO  impl.RaftServerImpl (RaftServerImpl.java:start(180)) - f03f170c-33d9-4b6f-9b91-57603dd43a1e: start group-9AD13A7CBBB2
2019-08-29 08:47:09,830 [pool-77-thread-1] INFO  impl.RaftServerImpl (RaftServerImpl.java:setRole(171)) - f03f170c-33d9-4b6f-9b91-57603dd43a1e:group-9AD13A7CBBB2 changes role from null to FOLLOWER at term 0 for startAsFollower
2019-08-29 08:47:09,831 [pool-77-thread-1] INFO  impl.RoleInfo (RoleInfo.java:updateAndGet(143)) - f03f170c-33d9-4b6f-9b91-57603dd43a1e: start FollowerState
2019-08-29 08:47:09,831 [pool-77-thread-1] INFO  util.JmxRegister (JmxRegister.java:tryRegister(44)) - Successfully registered JMX Bean with object name Ratis:service=RaftServer,group=group-9AD13A7CBBB2,id=f03f170c-33d9-4b6f-9b91-57603dd43a1e
2019-08-29 08:47:09,842 [RatisPipelineUtilsThread] INFO  pipeline.PipelineStateManager (PipelineStateManager.java:addPipeline(56)) - Created pipeline Pipeline[ Id: 4ba99708-0a99-4ba5-951e-9ad13a7cbbb2, Nodes: f03f170c-33d9-4b6f-9b91-57603dd43a1e{ip: 192.168.5.176, host: pr-hdds-1909-44d2n-1519487446, networkLocation: /default-rack, certSerialId: null}, Type:RATIS, Factor:ONE, State:OPEN]
2019-08-29 08:47:09,872 [grpc-default-executor-1] INFO  impl.RaftServerProxy (RaftServerProxy.java:addNew(89)) - 3a39fbaa-14da-4624-bf1d-aa1db02e0173: addNew group-CDBD8F166C83:[2256733f-555b-4f0d-8703-18eb36ab43de:192.168.5.176:35960, 3a39fbaa-14da-4624-bf1d-aa1db02e0173:192.168.5.176:34585, 823a7cbe-9ef5-429c-8255-e9ac46ec72ba:192.168.5.176:37287] returns group-CDBD8F166C83:java.util.concurrent.CompletableFuture@32965249[Not completed]
2019-08-29 08:47:09,872 [grpc-default-executor-2] INFO  impl.RaftServerProxy (RaftServerProxy.java:addNew(89)) - 2256733f-555b-4f0d-8703-18eb36ab43de: addNew group-CDBD8F166C83:[2256733f-555b-4f0d-8703-18eb36ab43de:192.168.5.176:35960, 3a39fbaa-14da-4624-bf1d-aa1db02e0173:192.168.5.176:34585, 823a7cbe-9ef5-429c-8255-e9ac46ec72ba:192.168.5.176:37287] returns group-CDBD8F166C83:java.util.concurrent.CompletableFuture@4018fc79[Not completed]
2019-08-29 08:47:09,873 [grpc-default-executor-0] INFO  impl.RaftServerProxy (RaftServerProxy.java:addNew(89)) - 823a7cbe-9ef5-429c-8255-e9ac46ec72ba: addNew group-CDBD8F166C83:[2256733f-555b-4f0d-8703-18eb36ab43de:192.168.5.176:35960, 3a39fbaa-14da-4624-bf1d-aa1db02e0173:192.168.5.176:34585, 823a7cbe-9ef5-429c-8255-e9ac46ec72ba:192.168.5.176:37287] returns group-CDBD8F166C83:java.util.concurrent.CompletableFuture@65ed3d4a[Not completed]
2019-08-29 08:47:09,874 [pool-47-thread-1] INFO  impl.RaftServerImpl (RaftServerImpl.java:<init>(93)) - 3a39fbaa-14da-4624-bf1d-aa1db02e0173: new RaftServerImpl for group-CDBD8F166C83:[2256733f-555b-4f0d-8703-18eb36ab43de:192.168.5.176:35960, 3a39fbaa-14da-4624-bf1d-aa1db02e0173:192.168.5.176:34585, 823a7cbe-9ef5-429c-8255-e9ac46ec72ba:192.168.5.176:37287] with ContainerStateMachine:uninitialized
2019-08-29 08:47:09,874 [pool-47-thread-1] INFO  server.RaftServerConfigKeys (ConfUtils.java:logGet(43)) - raft.server.rpc.timeout.min = 1s (custom)
2019-08-29 08:47:09,874 [pool-47-thread-1] INFO  server.RaftServerConfigKeys (ConfUtils.java:logGet(43)) - raft.server.rpc.timeout.max = 1200ms (custom)
2019-08-29 08:47:09,874 [pool-47-thread-1] INFO  server.RaftServerConfigKeys (ConfUtils.java:logGet(43)) - raft.server.rpcslowness.timeout = 120s (custom)
2019-08-29 08:47:09,874 [pool-47-thread-1] INFO  server.RaftServerConfigKeys (ConfUtils.java:logGet(43)) - raft.server.sleep.deviation.threshold = 300 (default)
2019-08-29 08:47:09,874 [pool-47-thread-1] INFO  server.RaftServerConfigKeys (ConfUtils.java:logGet(43)) - raft.server.log.appender.install.snapshot.enabled = false (custom)
2019-08-29 08:47:09,874 [pool-47-thread-1] INFO  impl.RaftServerImpl (ServerState.java:<init>(105)) - 3a39fbaa-14da-4624-bf1d-aa1db02e0173:group-CDBD8F166C83 ConfigurationManager, init=-1: [2256733f-555b-4f0d-8703-18eb36ab43de:192.168.5.176:35960, 3a39fbaa-14da-4624-bf1d-aa1db02e0173:192.168.5.176:34585, 823a7cbe-9ef5-429c-8255-e9ac46ec72ba:192.168.5.176:37287], old=null, confs=<EMPTY_MAP>
2019-08-29 08:47:09,875 [pool-37-thread-1] INFO  impl.RaftServerImpl (RaftServerImpl.java:<init>(93)) - 2256733f-555b-4f0d-8703-18eb36ab43de: new RaftServerImpl for group-CDBD8F166C83:[2256733f-555b-4f0d-8703-18eb36ab43de:192.168.5.176:35960, 3a39fbaa-14da-4624-bf1d-aa1db02e0173:192.168.5.176:34585, 823a7cbe-9ef5-429c-8255-e9ac46ec72ba:192.168.5.176:37287] with ContainerStateMachine:uninitialized
2019-08-29 08:47:09,875 [pool-47-thread-1] INFO  server.RaftServerConfigKeys (ConfUtils.java:logGet(43)) - raft.server.storage.dir = [/workdir/hadoop-ozone/integration-test/target/test-dir/MiniOzoneClusterImpl-0396b80d-4163-4a3b-9db9-4b816fc820e4/datanode-2/data/ratis] (custom)
2019-08-29 08:47:09,875 [pool-37-thread-1] INFO  server.RaftServerConfigKeys (ConfUtils.java:logGet(43)) - raft.server.rpc.timeout.min = 1s (custom)
2019-08-29 08:47:09,875 [pool-37-thread-1] INFO  server.RaftServerConfigKeys (ConfUtils.java:logGet(43)) - raft.server.rpc.timeout.max = 1200ms (custom)
2019-08-29 08:47:09,875 [pool-37-thread-1] INFO  server.RaftServerConfigKeys (ConfUtils.java:logGet(43)) - raft.server.rpcslowness.timeout = 120s (custom)
2019-08-29 08:47:09,875 [pool-47-thread-1] INFO  storage.RaftStorageDirectory (RaftStorageDirectory.java:analyzeStorage(246)) - The storage directory /workdir/hadoop-ozone/integration-test/target/test-dir/MiniOzoneClusterImpl-0396b80d-4163-4a3b-9db9-4b816fc820e4/datanode-2/data/ratis/e626d3a6-0973-4da6-be81-cdbd8f166c83 does not exist. Creating ...
2019-08-29 08:47:09,875 [pool-87-thread-1] INFO  impl.RaftServerImpl (RaftServerImpl.java:<init>(93)) - 823a7cbe-9ef5-429c-8255-e9ac46ec72ba: new RaftServerImpl for group-CDBD8F166C83:[2256733f-555b-4f0d-8703-18eb36ab43de:192.168.5.176:35960, 3a39fbaa-14da-4624-bf1d-aa1db02e0173:192.168.5.176:34585, 823a7cbe-9ef5-429c-8255-e9ac46ec72ba:192.168.5.176:37287] with ContainerStateMachine:uninitialized
2019-08-29 08:47:09,875 [pool-37-thread-1] INFO  server.RaftServerConfigKeys (ConfUtils.java:logGet(43)) - raft.server.sleep.deviation.threshold = 300 (default)
2019-08-29 08:47:09,876 [pool-87-thread-1] INFO  server.RaftServerConfigKeys (ConfUtils.java:logGet(43)) - raft.server.rpc.timeout.min = 1s (custom)
2019-08-29 08:47:09,876 [main] INFO  ozone.MiniOzoneClusterImpl (MiniOzoneClusterImpl.java:lambda$waitForClusterToBeReady$0(140)) - Cluster is ready. Got 10 of 10 DN Heartbeats.
2019-08-29 08:47:09,876 [pool-37-thread-1] INFO  server.RaftServerConfigKeys (ConfUtils.java:logGet(43)) - raft.server.log.appender.install.snapshot.enabled = false (custom)
2019-08-29 08:47:09,876 [pool-87-thread-1] INFO  server.RaftServerConfigKeys (ConfUtils.java:logGet(43)) - raft.server.rpc.timeout.max = 1200ms (custom)
2019-08-29 08:47:09,876 [pool-37-thread-1] INFO  impl.RaftServerImpl (ServerState.java:<init>(105)) - 2256733f-555b-4f0d-8703-18eb36ab43de:group-CDBD8F166C83 ConfigurationManager, init=-1: [2256733f-555b-4f0d-8703-18eb36ab43de:192.168.5.176:35960, 3a39fbaa-14da-4624-bf1d-aa1db02e0173:192.168.5.176:34585, 823a7cbe-9ef5-429c-8255-e9ac46ec72ba:192.168.5.176:37287], old=null, confs=<EMPTY_MAP>
2019-08-29 08:47:09,876 [pool-87-thread-1] INFO  server.RaftServerConfigKeys (ConfUtils.java:logGet(43)) - raft.server.rpcslowness.timeout = 120s (custom)
2019-08-29 08:47:09,876 [pool-87-thread-1] INFO  server.RaftServerConfigKeys (ConfUtils.java:logGet(43)) - raft.server.sleep.deviation.threshold = 300 (default)
2019-08-29 08:47:09,876 [pool-37-thread-1] INFO  server.RaftServerConfigKeys (ConfUtils.java:logGet(43)) - raft.server.storage.dir = [/workdir/hadoop-ozone/integration-test/target/test-dir/MiniOzoneClusterImpl-0396b80d-4163-4a3b-9db9-4b816fc820e4/datanode-1/data/ratis] (custom)
2019-08-29 08:47:09,876 [pool-87-thread-1] INFO  server.RaftServerConfigKeys (ConfUtils.java:logGet(43)) - raft.server.log.appender.install.snapshot.enabled = false (custom)
2019-08-29 08:47:09,877 [pool-87-thread-1] INFO  impl.RaftServerImpl (ServerState.java:<init>(105)) - 823a7cbe-9ef5-429c-8255-e9ac46ec72ba:group-CDBD8F166C83 ConfigurationManager, init=-1: [2256733f-555b-4f0d-8703-18eb36ab43de:192.168.5.176:35960, 3a39fbaa-14da-4624-bf1d-aa1db02e0173:192.168.5.176:34585, 823a7cbe-9ef5-429c-8255-e9ac46ec72ba:192.168.5.176:37287], old=null, confs=<EMPTY_MAP>
2019-08-29 08:47:09,877 [pool-37-thread-1] INFO  storage.RaftStorageDirectory (RaftStorageDirectory.java:analyzeStorage(246)) - The storage directory /workdir/hadoop-ozone/integration-test/target/test-dir/MiniOzoneClusterImpl-0396b80d-4163-4a3b-9db9-4b816fc820e4/datanode-1/data/ratis/e626d3a6-0973-4da6-be81-cdbd8f166c83 does not exist. Creating ...
2019-08-29 08:47:09,877 [pool-87-thread-1] INFO  server.RaftServerConfigKeys (ConfUtils.java:logGet(43)) - raft.server.storage.dir = [/workdir/hadoop-ozone/integration-test/target/test-dir/MiniOzoneClusterImpl-0396b80d-4163-4a3b-9db9-4b816fc820e4/datanode-6/data/ratis] (custom)
2019-08-29 08:47:09,877 [pool-87-thread-1] INFO  storage.RaftStorageDirectory (RaftStorageDirectory.java:analyzeStorage(246)) - The storage directory /workdir/hadoop-ozone/integration-test/target/test-dir/MiniOzoneClusterImpl-0396b80d-4163-4a3b-9db9-4b816fc820e4/datanode-6/data/ratis/e626d3a6-0973-4da6-be81-cdbd8f166c83 does not exist. Creating ...
2019-08-29 08:47:09,884 [pool-47-thread-1] INFO  storage.RaftStorageDirectory (RaftStorageDirectory.java:tryLock(328)) - Lock on /workdir/hadoop-ozone/integration-test/target/test-dir/MiniOzoneClusterImpl-0396b80d-4163-4a3b-9db9-4b816fc820e4/datanode-2/data/ratis/e626d3a6-0973-4da6-be81-cdbd8f166c83/in_use.lock acquired by nodename 31268@pr-hdds-1909-44d2n-1519487446
2019-08-29 08:47:09,884 [pool-37-thread-1] INFO  storage.RaftStorageDirectory (RaftStorageDirectory.java:tryLock(328)) - Lock on /workdir/hadoop-ozone/integration-test/target/test-dir/MiniOzoneClusterImpl-0396b80d-4163-4a3b-9db9-4b816fc820e4/datanode-1/data/ratis/e626d3a6-0973-4da6-be81-cdbd8f166c83/in_use.lock acquired by nodename 31268@pr-hdds-1909-44d2n-1519487446
2019-08-29 08:47:09,884 [pool-87-thread-1] INFO  storage.RaftStorageDirectory (RaftStorageDirectory.java:tryLock(328)) - Lock on /workdir/hadoop-ozone/integration-test/target/test-dir/MiniOzoneClusterImpl-0396b80d-4163-4a3b-9db9-4b816fc820e4/datanode-6/data/ratis/e626d3a6-0973-4da6-be81-cdbd8f166c83/in_use.lock acquired by nodename 31268@pr-hdds-1909-44d2n-1519487446
2019-08-29 08:47:09,900 [pool-87-thread-1] INFO  storage.RaftStorage (RaftStorage.java:format(72)) - Storage directory /workdir/hadoop-ozone/integration-test/target/test-dir/MiniOzoneClusterImpl-0396b80d-4163-4a3b-9db9-4b816fc820e4/datanode-6/data/ratis/e626d3a6-0973-4da6-be81-cdbd8f166c83 has been successfully formatted.
2019-08-29 08:47:09,900 [pool-47-thread-1] INFO  storage.RaftStorage (RaftStorage.java:format(72)) - Storage directory /workdir/hadoop-ozone/integration-test/target/test-dir/MiniOzoneClusterImpl-0396b80d-4163-4a3b-9db9-4b816fc820e4/datanode-2/data/ratis/e626d3a6-0973-4da6-be81-cdbd8f166c83 has been successfully formatted.
2019-08-29 08:47:09,900 [pool-37-thread-1] INFO  storage.RaftStorage (RaftStorage.java:format(72)) - Storage directory /workdir/hadoop-ozone/integration-test/target/test-dir/MiniOzoneClusterImpl-0396b80d-4163-4a3b-9db9-4b816fc820e4/datanode-1/data/ratis/e626d3a6-0973-4da6-be81-cdbd8f166c83 has been successfully formatted.
2019-08-29 08:47:09,900 [pool-87-thread-1] INFO  ratis.ContainerStateMachine (ContainerStateMachine.java:loadSnapshot(227)) - group-CDBD8F166C83: The snapshot info is null. Setting the last applied indexto:(t:0, i:~)
2019-08-29 08:47:09,900 [pool-37-thread-1] INFO  ratis.ContainerStateMachine (ContainerStateMachine.java:loadSnapshot(227)) - group-CDBD8F166C83: The snapshot info is null. Setting the last applied indexto:(t:0, i:~)
2019-08-29 08:47:09,900 [pool-47-thread-1] INFO  ratis.ContainerStateMachine (ContainerStateMachine.java:loadSnapshot(227)) - group-CDBD8F166C83: The snapshot info is null. Setting the last applied indexto:(t:0, i:~)
2019-08-29 08:47:09,900 [pool-37-thread-1] INFO  server.RaftServerConfigKeys (ConfUtils.java:logGet(43)) - raft.server.leader.election.timeout = 120s (custom)
2019-08-29 08:47:09,900 [pool-87-thread-1] INFO  server.RaftServerConfigKeys (ConfUtils.java:logGet(43)) - raft.server.leader.election.timeout = 120s (custom)
2019-08-29 08:47:09,900 [pool-37-thread-1] INFO  server.RaftServerConfigKeys (ConfUtils.java:logGet(43)) - raft.server.log.use.memory = false (default)
2019-08-29 08:47:09,900 [pool-47-thread-1] INFO  server.RaftServerConfigKeys (ConfUtils.java:logGet(43)) - raft.server.leader.election.timeout = 120s (custom)
2019-08-29 08:47:09,901 [pool-37-thread-1] INFO  server.RaftServerConfigKeys (ConfUtils.java:logGet(43)) - raft.server.log.purge.gap = 1000000 (custom)
2019-08-29 08:47:09,900 [pool-87-thread-1] INFO  server.RaftServerConfigKeys (ConfUtils.java:logGet(43)) - raft.server.log.use.memory = false (default)
2019-08-29 08:47:09,901 [pool-37-thread-1] INFO  server.RaftServerConfigKeys (ConfUtils.java:logGet(43)) - raft.server.log.appender.buffer.byte-limit = 33554432 (custom)
2019-08-29 08:47:09,901 [pool-47-thread-1] INFO  server.RaftServerConfigKeys (ConfUtils.java:logGet(43)) - raft.server.log.use.memory = false (default)
2019-08-29 08:47:09,901 [pool-37-thread-1] INFO  server.RaftServerConfigKeys (ConfUtils.java:logGet(43)) - raft.server.log.segment.size.max = 1048576 (custom)
2019-08-29 08:47:09,901 [pool-87-thread-1] INFO  server.RaftServerConfigKeys (ConfUtils.java:logGet(43)) - raft.server.log.purge.gap = 1000000 (custom)
2019-08-29 08:47:09,901 [pool-37-thread-1] INFO  server.RaftServerConfigKeys (ConfUtils.java:logGet(43)) - raft.server.log.segment.cache.num.max = 2 (custom)
2019-08-29 08:47:09,901 [pool-47-thread-1] INFO  server.RaftServerConfigKeys (ConfUtils.java:logGet(43)) - raft.server.log.purge.gap = 1000000 (custom)
2019-08-29 08:47:09,901 [pool-37-thread-1] INFO  segmented.SegmentedRaftLogWorker (SegmentedRaftLogWorker.java:<init>(172)) - new 2256733f-555b-4f0d-8703-18eb36ab43de-SegmentedRaftLogWorker:Storage Directory /workdir/hadoop-ozone/integration-test/target/test-dir/MiniOzoneClusterImpl-0396b80d-4163-4a3b-9db9-4b816fc820e4/datanode-1/data/ratis/e626d3a6-0973-4da6-be81-cdbd8f166c83 for RaftStorage:Storage Directory /workdir/hadoop-ozone/integration-test/target/test-dir/MiniOzoneClusterImpl-0396b80d-4163-4a3b-9db9-4b816fc820e4/datanode-1/data/ratis/e626d3a6-0973-4da6-be81-cdbd8f166c83
2019-08-29 08:47:09,901 [pool-87-thread-1] INFO  server.RaftServerConfigKeys (ConfUtils.java:logGet(43)) - raft.server.log.appender.buffer.byte-limit = 33554432 (custom)
2019-08-29 08:47:09,902 [pool-37-thread-1] INFO  server.RaftServerConfigKeys (ConfUtils.java:logGet(43)) - raft.server.log.queue.byte-limit = 2147483647 (custom)
2019-08-29 08:47:09,901 [pool-47-thread-1] INFO  server.RaftServerConfigKeys (ConfUtils.java:logGet(43)) - raft.server.log.appender.buffer.byte-limit = 33554432 (custom)
2019-08-29 08:47:09,904 [pool-37-thread-1] INFO  server.RaftServerConfigKeys (ConfUtils.java:logGet(43)) - raft.server.log.queue.element-limit = 1024 (custom)
2019-08-29 08:47:09,902 [pool-87-thread-1] INFO  server.RaftServerConfigKeys (ConfUtils.java:logGet(43)) - raft.server.log.segment.size.max = 1048576 (custom)
2019-08-29 08:47:09,904 [pool-47-thread-1] INFO  server.RaftServerConfigKeys (ConfUtils.java:logGet(43)) - raft.server.log.segment.size.max = 1048576 (custom)
2019-08-29 08:47:09,905 [pool-87-thread-1] INFO  server.RaftServerConfigKeys (ConfUtils.java:logGet(43)) - raft.server.log.segment.cache.num.max = 2 (custom)
2019-08-29 08:47:09,905 [pool-37-thread-1] INFO  server.RaftServerConfigKeys (ConfUtils.java:logGet(43)) - raft.server.log.segment.size.max = 1048576 (custom)
2019-08-29 08:47:09,905 [pool-87-thread-1] INFO  segmented.SegmentedRaftLogWorker (SegmentedRaftLogWorker.java:<init>(172)) - new 823a7cbe-9ef5-429c-8255-e9ac46ec72ba-SegmentedRaftLogWorker:Storage Directory /workdir/hadoop-ozone/integration-test/target/test-dir/MiniOzoneClusterImpl-0396b80d-4163-4a3b-9db9-4b816fc820e4/datanode-6/data/ratis/e626d3a6-0973-4da6-be81-cdbd8f166c83 for RaftStorage:Storage Directory /workdir/hadoop-ozone/integration-test/target/test-dir/MiniOzoneClusterImpl-0396b80d-4163-4a3b-9db9-4b816fc820e4/datanode-6/data/ratis/e626d3a6-0973-4da6-be81-cdbd8f166c83
2019-08-29 08:47:09,905 [pool-47-thread-1] INFO  server.RaftServerConfigKeys (ConfUtils.java:logGet(43)) - raft.server.log.segment.cache.num.max = 2 (custom)
2019-08-29 08:47:09,905 [pool-87-thread-1] INFO  server.RaftServerConfigKeys (ConfUtils.java:logGet(43)) - raft.server.log.queue.byte-limit = 2147483647 (custom)
2019-08-29 08:47:09,905 [pool-37-thread-1] INFO  server.RaftServerConfigKeys (ConfUtils.java:logGet(43)) - raft.server.log.preallocated.size = 16384 (custom)
2019-08-29 08:47:09,907 [pool-87-thread-1] INFO  server.RaftServerConfigKeys (ConfUtils.java:logGet(43)) - raft.server.log.queue.element-limit = 1024 (custom)
2019-08-29 08:47:09,907 [pool-47-thread-1] INFO  segmented.SegmentedRaftLogWorker (SegmentedRaftLogWorker.java:<init>(172)) - new 3a39fbaa-14da-4624-bf1d-aa1db02e0173-SegmentedRaftLogWorker:Storage Directory /workdir/hadoop-ozone/integration-test/target/test-dir/MiniOzoneClusterImpl-0396b80d-4163-4a3b-9db9-4b816fc820e4/datanode-2/data/ratis/e626d3a6-0973-4da6-be81-cdbd8f166c83 for RaftStorage:Storage Directory /workdir/hadoop-ozone/integration-test/target/test-dir/MiniOzoneClusterImpl-0396b80d-4163-4a3b-9db9-4b816fc820e4/datanode-2/data/ratis/e626d3a6-0973-4da6-be81-cdbd8f166c83
2019-08-29 08:47:09,907 [pool-87-thread-1] INFO  server.RaftServerConfigKeys (ConfUtils.java:logGet(43)) - raft.server.log.segment.size.max = 1048576 (custom)
2019-08-29 08:47:09,907 [pool-37-thread-1] INFO  server.RaftServerConfigKeys (ConfUtils.java:logGet(43)) - raft.server.log.write.buffer.size = 33554432 (custom)
2019-08-29 08:47:09,907 [pool-87-thread-1] INFO  server.RaftServerConfigKeys (ConfUtils.java:logGet(43)) - raft.server.log.preallocated.size = 16384 (custom)
2019-08-29 08:47:09,907 [pool-47-thread-1] INFO  server.RaftServerConfigKeys (ConfUtils.java:logGet(43)) - raft.server.log.queue.byte-limit = 2147483647 (custom)
2019-08-29 08:47:09,909 [pool-87-thread-1] INFO  server.RaftServerConfigKeys (ConfUtils.java:logGet(43)) - raft.server.log.write.buffer.size = 33554432 (custom)
2019-08-29 08:47:09,908 [pool-37-thread-1] INFO  server.RaftServerConfigKeys (ConfUtils.java:logGet(43)) - raft.server.log.force.sync.num = 128 (default)
2019-08-29 08:47:09,909 [pool-87-thread-1] INFO  server.RaftServerConfigKeys (ConfUtils.java:logGet(43)) - raft.server.log.force.sync.num = 128 (default)
2019-08-29 08:47:09,909 [pool-47-thread-1] INFO  server.RaftServerConfigKeys (ConfUtils.java:logGet(43)) - raft.server.log.queue.element-limit = 1024 (custom)
2019-08-29 08:47:09,909 [pool-87-thread-1] INFO  server.RaftServerConfigKeys (ConfUtils.java:logGet(43)) - raft.server.log.statemachine.data.sync = true (default)
2019-08-29 08:47:09,909 [pool-37-thread-1] INFO  server.RaftServerConfigKeys (ConfUtils.java:logGet(43)) - raft.server.log.statemachine.data.sync = true (default)
2019-08-29 08:47:09,909 [pool-87-thread-1] INFO  server.RaftServerConfigKeys (ConfUtils.java:logGet(43)) - raft.server.log.statemachine.data.sync.timeout = 10s (default)
2019-08-29 08:47:09,909 [pool-47-thread-1] INFO  server.RaftServerConfigKeys (ConfUtils.java:logGet(43)) - raft.server.log.segment.size.max = 1048576 (custom)
2019-08-29 08:47:09,909 [pool-87-thread-1] INFO  server.RaftServerConfigKeys (ConfUtils.java:logGet(43)) - raft.server.log.statemachine.data.sync.timeout.retry = -1 (default)
2019-08-29 08:47:09,909 [pool-37-thread-1] INFO  server.RaftServerConfigKeys (ConfUtils.java:logGet(43)) - raft.server.log.statemachine.data.sync.timeout = 10s (default)
2019-08-29 08:47:09,910 [pool-87-thread-1] INFO  server.RaftServerConfigKeys (ConfUtils.java:logGet(43)) - raft.server.log.statemachine.data.caching.enabled = true (custom)
2019-08-29 08:47:09,910 [pool-47-thread-1] INFO  server.RaftServerConfigKeys (ConfUtils.java:logGet(43)) - raft.server.log.preallocated.size = 16384 (custom)
2019-08-29 08:47:09,910 [pool-37-thread-1] INFO  server.RaftServerConfigKeys (ConfUtils.java:logGet(43)) - raft.server.log.statemachine.data.sync.timeout.retry = -1 (default)
2019-08-29 08:47:09,910 [pool-87-thread-1] INFO  segmented.SegmentedRaftLogWorker (SegmentedRaftLogWorker.java:lambda$new$0(132)) - 823a7cbe-9ef5-429c-8255-e9ac46ec72ba-SegmentedRaftLogWorker:Storage Directory /workdir/hadoop-ozone/integration-test/target/test-dir/MiniOzoneClusterImpl-0396b80d-4163-4a3b-9db9-4b816fc820e4/datanode-6/data/ratis/e626d3a6-0973-4da6-be81-cdbd8f166c83: flushIndex: setUnconditionally 0 -> -1
2019-08-29 08:47:09,910 [pool-47-thread-1] INFO  server.RaftServerConfigKeys (ConfUtils.java:logGet(43)) - raft.server.log.write.buffer.size = 33554432 (custom)
2019-08-29 08:47:09,910 [pool-37-thread-1] INFO  server.RaftServerConfigKeys (ConfUtils.java:logGet(43)) - raft.server.log.statemachine.data.caching.enabled = true (custom)
2019-08-29 08:47:09,910 [pool-47-thread-1] INFO  server.RaftServerConfigKeys (ConfUtils.java:logGet(43)) - raft.server.log.force.sync.num = 128 (default)
2019-08-29 08:47:09,910 [pool-87-thread-1] INFO  server.RaftServerConfigKeys (ConfUtils.java:logGet(43)) - raft.server.snapshot.auto.trigger.enabled = true (custom)
2019-08-29 08:47:09,910 [pool-37-thread-1] INFO  segmented.SegmentedRaftLogWorker (SegmentedRaftLogWorker.java:lambda$new$0(132)) - 2256733f-555b-4f0d-8703-18eb36ab43de-SegmentedRaftLogWorker:Storage Directory /workdir/hadoop-ozone/integration-test/target/test-dir/MiniOzoneClusterImpl-0396b80d-4163-4a3b-9db9-4b816fc820e4/datanode-1/data/ratis/e626d3a6-0973-4da6-be81-cdbd8f166c83: flushIndex: setUnconditionally 0 -> -1
2019-08-29 08:47:09,910 [pool-47-thread-1] INFO  server.RaftServerConfigKeys (ConfUtils.java:logGet(43)) - raft.server.log.statemachine.data.sync = true (default)
2019-08-29 08:47:09,911 [pool-87-thread-1] INFO  server.RaftServerConfigKeys (ConfUtils.java:logGet(43)) - raft.server.snapshot.auto.trigger.threshold = 10000 (custom)
2019-08-29 08:47:09,911 [pool-37-thread-1] INFO  server.RaftServerConfigKeys (ConfUtils.java:logGet(43)) - raft.server.snapshot.auto.trigger.enabled = true (custom)
2019-08-29 08:47:09,911 [pool-87-thread-1] INFO  server.RaftServerConfigKeys (ConfUtils.java:logGet(43)) - raft.server.retrycache.expirytime = 600000ms (custom)
2019-08-29 08:47:09,911 [pool-47-thread-1] INFO  server.RaftServerConfigKeys (ConfUtils.java:logGet(43)) - raft.server.log.statemachine.data.sync.timeout = 10s (default)
2019-08-29 08:47:09,911 [pool-37-thread-1] INFO  server.RaftServerConfigKeys (ConfUtils.java:logGet(43)) - raft.server.snapshot.auto.trigger.threshold = 10000 (custom)
2019-08-29 08:47:09,911 [pool-47-thread-1] INFO  server.RaftServerConfigKeys (ConfUtils.java:logGet(43)) - raft.server.log.statemachine.data.sync.timeout.retry = -1 (default)
2019-08-29 08:47:09,911 [pool-87-thread-1] INFO  impl.RaftServerImpl (RaftServerImpl.java:start(180)) - 823a7cbe-9ef5-429c-8255-e9ac46ec72ba: start group-CDBD8F166C83
2019-08-29 08:47:09,911 [pool-37-thread-1] INFO  server.RaftServerConfigKeys (ConfUtils.java:logGet(43)) - raft.server.retrycache.expirytime = 600000ms (custom)
2019-08-29 08:47:09,911 [pool-87-thread-1] INFO  impl.RaftServerImpl (RaftServerImpl.java:setRole(171)) - 823a7cbe-9ef5-429c-8255-e9ac46ec72ba:group-CDBD8F166C83 changes role from null to FOLLOWER at term 0 for startAsFollower
2019-08-29 08:47:09,911 [pool-47-thread-1] INFO  server.RaftServerConfigKeys (ConfUtils.java:logGet(43)) - raft.server.log.statemachine.data.caching.enabled = true (custom)
2019-08-29 08:47:09,911 [pool-87-thread-1] INFO  impl.RoleInfo (RoleInfo.java:updateAndGet(143)) - 823a7cbe-9ef5-429c-8255-e9ac46ec72ba: start FollowerState
2019-08-29 08:47:09,911 [pool-37-thread-1] INFO  impl.RaftServerImpl (RaftServerImpl.java:start(180)) - 2256733f-555b-4f0d-8703-18eb36ab43de: start group-CDBD8F166C83
2019-08-29 08:47:09,912 [pool-47-thread-1] INFO  segmented.SegmentedRaftLogWorker (SegmentedRaftLogWorker.java:lambda$new$0(132)) - 3a39fbaa-14da-4624-bf1d-aa1db02e0173-SegmentedRaftLogWorker:Storage Directory /workdir/hadoop-ozone/integration-test/target/test-dir/MiniOzoneClusterImpl-0396b80d-4163-4a3b-9db9-4b816fc820e4/datanode-2/data/ratis/e626d3a6-0973-4da6-be81-cdbd8f166c83: flushIndex: setUnconditionally 0 -> -1
2019-08-29 08:47:09,912 [pool-37-thread-1] INFO  impl.RaftServerImpl (RaftServerImpl.java:setRole(171)) - 2256733f-555b-4f0d-8703-18eb36ab43de:group-CDBD8F166C83 changes role from null to FOLLOWER at term 0 for startAsFollower
2019-08-29 08:47:09,912 [pool-87-thread-1] INFO  util.JmxRegister (JmxRegister.java:tryRegister(44)) - Successfully registered JMX Bean with object name Ratis:service=RaftServer,group=group-CDBD8F166C83,id=823a7cbe-9ef5-429c-8255-e9ac46ec72ba
2019-08-29 08:47:09,912 [pool-47-thread-1] INFO  server.RaftServerConfigKeys (ConfUtils.java:logGet(43)) - raft.server.snapshot.auto.trigger.enabled = true (custom)
2019-08-29 08:47:09,912 [pool-37-thread-1] INFO  impl.RoleInfo (RoleInfo.java:updateAndGet(143)) - 2256733f-555b-4f0d-8703-18eb36ab43de: start FollowerState
2019-08-29 08:47:09,912 [pool-47-thread-1] INFO  server.RaftServerConfigKeys (ConfUtils.java:logGet(43)) - raft.server.snapshot.auto.trigger.threshold = 10000 (custom)
2019-08-29 08:47:09,912 [pool-47-thread-1] INFO  server.RaftServerConfigKeys (ConfUtils.java:logGet(43)) - raft.server.retrycache.expirytime = 600000ms (custom)
2019-08-29 08:47:09,912 [pool-37-thread-1] INFO  util.JmxRegister (JmxRegister.java:tryRegister(44)) - Successfully registered JMX Bean with object name Ratis:service=RaftServer,group=group-CDBD8F166C83,id=2256733f-555b-4f0d-8703-18eb36ab43de
2019-08-29 08:47:09,912 [pool-47-thread-1] INFO  impl.RaftServerImpl (RaftServerImpl.java:start(180)) - 3a39fbaa-14da-4624-bf1d-aa1db02e0173: start group-CDBD8F166C83
2019-08-29 08:47:09,913 [pool-47-thread-1] INFO  impl.RaftServerImpl (RaftServerImpl.java:setRole(171)) - 3a39fbaa-14da-4624-bf1d-aa1db02e0173:group-CDBD8F166C83 changes role from null to FOLLOWER at term 0 for startAsFollower
2019-08-29 08:47:09,913 [pool-47-thread-1] INFO  impl.RoleInfo (RoleInfo.java:updateAndGet(143)) - 3a39fbaa-14da-4624-bf1d-aa1db02e0173: start FollowerState
2019-08-29 08:47:09,913 [pool-47-thread-1] INFO  util.JmxRegister (JmxRegister.java:tryRegister(44)) - Successfully registered JMX Bean with object name Ratis:service=RaftServer,group=group-CDBD8F166C83,id=3a39fbaa-14da-4624-bf1d-aa1db02e0173
2019-08-29 08:47:09,933 [RatisPipelineUtilsThread] INFO  pipeline.PipelineStateManager (PipelineStateManager.java:addPipeline(56)) - Created pipeline Pipeline[ Id: e626d3a6-0973-4da6-be81-cdbd8f166c83, Nodes: 3a39fbaa-14da-4624-bf1d-aa1db02e0173{ip: 192.168.5.176, host: pr-hdds-1909-44d2n-1519487446, networkLocation: /default-rack, certSerialId: null}2256733f-555b-4f0d-8703-18eb36ab43de{ip: 192.168.5.176, host: pr-hdds-1909-44d2n-1519487446, networkLocation: /default-rack, certSerialId: null}823a7cbe-9ef5-429c-8255-e9ac46ec72ba{ip: 192.168.5.176, host: pr-hdds-1909-44d2n-1519487446, networkLocation: /default-rack, certSerialId: null}, Type:RATIS, Factor:THREE, State:OPEN]
2019-08-29 08:47:09,952 [grpc-default-executor-1] INFO  impl.RaftServerProxy (RaftServerProxy.java:addNew(89)) - 4372d764-1931-406f-887c-7b5d1b7ac3a6: addNew group-0E98D55737AE:[4372d764-1931-406f-887c-7b5d1b7ac3a6:192.168.5.176:40296, 62127296-10ba-4bda-9b01-f27ba8bd8737:192.168.5.176:45010, d2610440-16a5-46aa-8011-5e9b2b98e89e:192.168.5.176:44963] returns group-0E98D55737AE:java.util.concurrent.CompletableFuture@42126f96[Not completed]
2019-08-29 08:47:09,957 [grpc-default-executor-2] INFO  impl.RaftServerProxy (RaftServerProxy.java:addNew(89)) - 62127296-10ba-4bda-9b01-f27ba8bd8737: addNew group-0E98D55737AE:[4372d764-1931-406f-887c-7b5d1b7ac3a6:192.168.5.176:40296, 62127296-10ba-4bda-9b01-f27ba8bd8737:192.168.5.176:45010, d2610440-16a5-46aa-8011-5e9b2b98e89e:192.168.5.176:44963] returns group-0E98D55737AE:java.util.concurrent.CompletableFuture@7112db8c[Not completed]
2019-08-29 08:47:09,959 [grpc-default-executor-0] INFO  impl.RaftServerProxy (RaftServerProxy.java:addNew(89)) - d2610440-16a5-46aa-8011-5e9b2b98e89e: addNew group-0E98D55737AE:[4372d764-1931-406f-887c-7b5d1b7ac3a6:192.168.5.176:40296, 62127296-10ba-4bda-9b01-f27ba8bd8737:192.168.5.176:45010, d2610440-16a5-46aa-8011-5e9b2b98e89e:192.168.5.176:44963] returns group-0E98D55737AE:java.util.concurrent.CompletableFuture@1ba2bac2[Not completed]
2019-08-29 08:47:09,960 [pool-97-thread-1] INFO  impl.RaftServerImpl (RaftServerImpl.java:<init>(93)) - 4372d764-1931-406f-887c-7b5d1b7ac3a6: new RaftServerImpl for group-0E98D55737AE:[4372d764-1931-406f-887c-7b5d1b7ac3a6:192.168.5.176:40296, 62127296-10ba-4bda-9b01-f27ba8bd8737:192.168.5.176:45010, d2610440-16a5-46aa-8011-5e9b2b98e89e:192.168.5.176:44963] with ContainerStateMachine:uninitialized
2019-08-29 08:47:09,960 [pool-97-thread-1] INFO  server.RaftServerConfigKeys (ConfUtils.java:logGet(43)) - raft.server.rpc.timeout.min = 1s (custom)
2019-08-29 08:47:09,960 [pool-97-thread-1] INFO  server.RaftServerConfigKeys (ConfUtils.java:logGet(43)) - raft.server.rpc.timeout.max = 1200ms (custom)
2019-08-29 08:47:09,960 [pool-97-thread-1] INFO  server.RaftServerConfigKeys (ConfUtils.java:logGet(43)) - raft.server.rpcslowness.timeout = 120s (custom)
2019-08-29 08:47:09,960 [pool-97-thread-1] INFO  server.RaftServerConfigKeys (ConfUtils.java:logGet(43)) - raft.server.sleep.deviation.threshold = 300 (default)
2019-08-29 08:47:09,960 [pool-97-thread-1] INFO  server.RaftServerConfigKeys (ConfUtils.java:logGet(43)) - raft.server.log.appender.install.snapshot.enabled = false (custom)
2019-08-29 08:47:09,960 [pool-107-thread-1] INFO  impl.RaftServerImpl (RaftServerImpl.java:<init>(93)) - d2610440-16a5-46aa-8011-5e9b2b98e89e: new RaftServerImpl for group-0E98D55737AE:[4372d764-1931-406f-887c-7b5d1b7ac3a6:192.168.5.176:40296, 62127296-10ba-4bda-9b01-f27ba8bd8737:192.168.5.176:45010, d2610440-16a5-46aa-8011-5e9b2b98e89e:192.168.5.176:44963] with ContainerStateMachine:uninitialized
2019-08-29 08:47:09,961 [pool-97-thread-1] INFO  impl.RaftServerImpl (ServerState.java:<init>(105)) - 4372d764-1931-406f-887c-7b5d1b7ac3a6:group-0E98D55737AE ConfigurationManager, init=-1: [4372d764-1931-406f-887c-7b5d1b7ac3a6:192.168.5.176:40296, 62127296-10ba-4bda-9b01-f27ba8bd8737:192.168.5.176:45010, d2610440-16a5-46aa-8011-5e9b2b98e89e:192.168.5.176:44963], old=null, confs=<EMPTY_MAP>
2019-08-29 08:47:09,961 [pool-107-thread-1] INFO  server.RaftServerConfigKeys (ConfUtils.java:logGet(43)) - raft.server.rpc.timeout.min = 1s (custom)
2019-08-29 08:47:09,961 [pool-97-thread-1] INFO  server.RaftServerConfigKeys (ConfUtils.java:logGet(43)) - raft.server.storage.dir = [/workdir/hadoop-ozone/integration-test/target/test-dir/MiniOzoneClusterImpl-0396b80d-4163-4a3b-9db9-4b816fc820e4/datanode-7/data/ratis] (custom)
2019-08-29 08:47:09,961 [pool-107-thread-1] INFO  server.RaftServerConfigKeys (ConfUtils.java:logGet(43)) - raft.server.rpc.timeout.max = 1200ms (custom)
2019-08-29 08:47:09,961 [pool-107-thread-1] INFO  server.RaftServerConfigKeys (ConfUtils.java:logGet(43)) - raft.server.rpcslowness.timeout = 120s (custom)
2019-08-29 08:47:09,961 [pool-117-thread-1] INFO  impl.RaftServerImpl (RaftServerImpl.java:<init>(93)) - 62127296-10ba-4bda-9b01-f27ba8bd8737: new RaftServerImpl for group-0E98D55737AE:[4372d764-1931-406f-887c-7b5d1b7ac3a6:192.168.5.176:40296, 62127296-10ba-4bda-9b01-f27ba8bd8737:192.168.5.176:45010, d2610440-16a5-46aa-8011-5e9b2b98e89e:192.168.5.176:44963] with ContainerStateMachine:uninitialized
2019-08-29 08:47:09,961 [pool-97-thread-1] INFO  storage.RaftStorageDirectory (RaftStorageDirectory.java:analyzeStorage(246)) - The storage directory /workdir/hadoop-ozone/integration-test/target/test-dir/MiniOzoneClusterImpl-0396b80d-4163-4a3b-9db9-4b816fc820e4/datanode-7/data/ratis/9d7cab82-ed4f-4ed5-971c-0e98d55737ae does not exist. Creating ...
2019-08-29 08:47:09,961 [pool-107-thread-1] INFO  server.RaftServerConfigKeys (ConfUtils.java:logGet(43)) - raft.server.sleep.deviation.threshold = 300 (default)
2019-08-29 08:47:09,961 [pool-117-thread-1] INFO  server.RaftServerConfigKeys (ConfUtils.java:logGet(43)) - raft.server.rpc.timeout.min = 1s (custom)
2019-08-29 08:47:09,961 [pool-107-thread-1] INFO  server.RaftServerConfigKeys (ConfUtils.java:logGet(43)) - raft.server.log.appender.install.snapshot.enabled = false (custom)
2019-08-29 08:47:09,961 [pool-117-thread-1] INFO  server.RaftServerConfigKeys (ConfUtils.java:logGet(43)) - raft.server.rpc.timeout.max = 1200ms (custom)
2019-08-29 08:47:09,961 [pool-107-thread-1] INFO  impl.RaftServerImpl (ServerState.java:<init>(105)) - d2610440-16a5-46aa-8011-5e9b2b98e89e:group-0E98D55737AE ConfigurationManager, init=-1: [4372d764-1931-406f-887c-7b5d1b7ac3a6:192.168.5.176:40296, 62127296-10ba-4bda-9b01-f27ba8bd8737:192.168.5.176:45010, d2610440-16a5-46aa-8011-5e9b2b98e89e:192.168.5.176:44963], old=null, confs=<EMPTY_MAP>
2019-08-29 08:47:09,961 [pool-117-thread-1] INFO  server.RaftServerConfigKeys (ConfUtils.java:logGet(43)) - raft.server.rpcslowness.timeout = 120s (custom)
2019-08-29 08:47:09,962 [pool-107-thread-1] INFO  server.RaftServerConfigKeys (ConfUtils.java:logGet(43)) - raft.server.storage.dir = [/workdir/hadoop-ozone/integration-test/target/test-dir/MiniOzoneClusterImpl-0396b80d-4163-4a3b-9db9-4b816fc820e4/datanode-8/data/ratis] (custom)
2019-08-29 08:47:09,962 [pool-117-thread-1] INFO  server.RaftServerConfigKeys (ConfUtils.java:logGet(43)) - raft.server.sleep.deviation.threshold = 300 (default)
2019-08-29 08:47:09,962 [pool-117-thread-1] INFO  server.RaftServerConfigKeys (ConfUtils.java:logGet(43)) - raft.server.log.appender.install.snapshot.enabled = false (custom)
2019-08-29 08:47:09,962 [pool-107-thread-1] INFO  storage.RaftStorageDirectory (RaftStorageDirectory.java:analyzeStorage(246)) - The storage directory /workdir/hadoop-ozone/integration-test/target/test-dir/MiniOzoneClusterImpl-0396b80d-4163-4a3b-9db9-4b816fc820e4/datanode-8/data/ratis/9d7cab82-ed4f-4ed5-971c-0e98d55737ae does not exist. Creating ...
2019-08-29 08:47:09,962 [pool-117-thread-1] INFO  impl.RaftServerImpl (ServerState.java:<init>(105)) - 62127296-10ba-4bda-9b01-f27ba8bd8737:group-0E98D55737AE ConfigurationManager, init=-1: [4372d764-1931-406f-887c-7b5d1b7ac3a6:192.168.5.176:40296, 62127296-10ba-4bda-9b01-f27ba8bd8737:192.168.5.176:45010, d2610440-16a5-46aa-8011-5e9b2b98e89e:192.168.5.176:44963], old=null, confs=<EMPTY_MAP>
2019-08-29 08:47:09,962 [pool-117-thread-1] INFO  server.RaftServerConfigKeys (ConfUtils.java:logGet(43)) - raft.server.storage.dir = [/workdir/hadoop-ozone/integration-test/target/test-dir/MiniOzoneClusterImpl-0396b80d-4163-4a3b-9db9-4b816fc820e4/datanode-9/data/ratis] (custom)
2019-08-29 08:47:09,962 [pool-117-thread-1] INFO  storage.RaftStorageDirectory (RaftStorageDirectory.java:analyzeStorage(246)) - The storage directory /workdir/hadoop-ozone/integration-test/target/test-dir/MiniOzoneClusterImpl-0396b80d-4163-4a3b-9db9-4b816fc820e4/datanode-9/data/ratis/9d7cab82-ed4f-4ed5-971c-0e98d55737ae does not exist. Creating ...
2019-08-29 08:47:09,976 [pool-107-thread-1] INFO  storage.RaftStorageDirectory (RaftStorageDirectory.java:tryLock(328)) - Lock on /workdir/hadoop-ozone/integration-test/target/test-dir/MiniOzoneClusterImpl-0396b80d-4163-4a3b-9db9-4b816fc820e4/datanode-8/data/ratis/9d7cab82-ed4f-4ed5-971c-0e98d55737ae/in_use.lock acquired by nodename 31268@pr-hdds-1909-44d2n-1519487446
2019-08-29 08:47:09,976 [pool-117-thread-1] INFO  storage.RaftStorageDirectory (RaftStorageDirectory.java:tryLock(328)) - Lock on /workdir/hadoop-ozone/integration-test/target/test-dir/MiniOzoneClusterImpl-0396b80d-4163-4a3b-9db9-4b816fc820e4/datanode-9/data/ratis/9d7cab82-ed4f-4ed5-971c-0e98d55737ae/in_use.lock acquired by nodename 31268@pr-hdds-1909-44d2n-1519487446
2019-08-29 08:47:09,976 [pool-97-thread-1] INFO  storage.RaftStorageDirectory (RaftStorageDirectory.java:tryLock(328)) - Lock on /workdir/hadoop-ozone/integration-test/target/test-dir/MiniOzoneClusterImpl-0396b80d-4163-4a3b-9db9-4b816fc820e4/datanode-7/data/ratis/9d7cab82-ed4f-4ed5-971c-0e98d55737ae/in_use.lock acquired by nodename 31268@pr-hdds-1909-44d2n-1519487446
2019-08-29 08:47:10,004 [pool-107-thread-1] INFO  storage.RaftStorage (RaftStorage.java:format(72)) - Storage directory /workdir/hadoop-ozone/integration-test/target/test-dir/MiniOzoneClusterImpl-0396b80d-4163-4a3b-9db9-4b816fc820e4/datanode-8/data/ratis/9d7cab82-ed4f-4ed5-971c-0e98d55737ae has been successfully formatted.
2019-08-29 08:47:10,004 [pool-97-thread-1] INFO  storage.RaftStorage (RaftStorage.java:format(72)) - Storage directory /workdir/hadoop-ozone/integration-test/target/test-dir/MiniOzoneClusterImpl-0396b80d-4163-4a3b-9db9-4b816fc820e4/datanode-7/data/ratis/9d7cab82-ed4f-4ed5-971c-0e98d55737ae has been successfully formatted.
2019-08-29 08:47:10,004 [pool-117-thread-1] INFO  storage.RaftStorage (RaftStorage.java:format(72)) - Storage directory /workdir/hadoop-ozone/integration-test/target/test-dir/MiniOzoneClusterImpl-0396b80d-4163-4a3b-9db9-4b816fc820e4/datanode-9/data/ratis/9d7cab82-ed4f-4ed5-971c-0e98d55737ae has been successfully formatted.
2019-08-29 08:47:10,005 [pool-97-thread-1] INFO  ratis.ContainerStateMachine (ContainerStateMachine.java:loadSnapshot(227)) - group-0E98D55737AE: The snapshot info is null. Setting the last applied indexto:(t:0, i:~)
2019-08-29 08:47:10,005 [pool-117-thread-1] INFO  ratis.ContainerStateMachine (ContainerStateMachine.java:loadSnapshot(227)) - group-0E98D55737AE: The snapshot info is null. Setting the last applied indexto:(t:0, i:~)
2019-08-29 08:47:10,005 [pool-107-thread-1] INFO  ratis.ContainerStateMachine (ContainerStateMachine.java:loadSnapshot(227)) - group-0E98D55737AE: The snapshot info is null. Setting the last applied indexto:(t:0, i:~)
2019-08-29 08:47:10,005 [pool-117-thread-1] INFO  server.RaftServerConfigKeys (ConfUtils.java:logGet(43)) - raft.server.leader.election.timeout = 120s (custom)
2019-08-29 08:47:10,005 [pool-97-thread-1] INFO  server.RaftServerConfigKeys (ConfUtils.java:logGet(43)) - raft.server.leader.election.timeout = 120s (custom)
2019-08-29 08:47:10,005 [pool-117-thread-1] INFO  server.RaftServerConfigKeys (ConfUtils.java:logGet(43)) - raft.server.log.use.memory = false (default)
2019-08-29 08:47:10,005 [pool-107-thread-1] INFO  server.RaftServerConfigKeys (ConfUtils.java:logGet(43)) - raft.server.leader.election.timeout = 120s (custom)
2019-08-29 08:47:10,005 [pool-117-thread-1] INFO  server.RaftServerConfigKeys (ConfUtils.java:logGet(43)) - raft.server.log.purge.gap = 1000000 (custom)
2019-08-29 08:47:10,005 [pool-97-thread-1] INFO  server.RaftServerConfigKeys (ConfUtils.java:logGet(43)) - raft.server.log.use.memory = false (default)
2019-08-29 08:47:10,005 [pool-117-thread-1] INFO  server.RaftServerConfigKeys (ConfUtils.java:logGet(43)) - raft.server.log.appender.buffer.byte-limit = 33554432 (custom)
2019-08-29 08:47:10,005 [pool-107-thread-1] INFO  server.RaftServerConfigKeys (ConfUtils.java:logGet(43)) - raft.server.log.use.memory = false (default)
2019-08-29 08:47:10,006 [pool-117-thread-1] INFO  server.RaftServerConfigKeys (ConfUtils.java:logGet(43)) - raft.server.log.segment.size.max = 1048576 (custom)
2019-08-29 08:47:10,005 [pool-97-thread-1] INFO  server.RaftServerConfigKeys (ConfUtils.java:logGet(43)) - raft.server.log.purge.gap = 1000000 (custom)
2019-08-29 08:47:10,006 [pool-117-thread-1] INFO  server.RaftServerConfigKeys (ConfUtils.java:logGet(43)) - raft.server.log.segment.cache.num.max = 2 (custom)
2019-08-29 08:47:10,006 [pool-107-thread-1] INFO  server.RaftServerConfigKeys (ConfUtils.java:logGet(43)) - raft.server.log.purge.gap = 1000000 (custom)
2019-08-29 08:47:10,006 [pool-117-thread-1] INFO  segmented.SegmentedRaftLogWorker (SegmentedRaftLogWorker.java:<init>(172)) - new 62127296-10ba-4bda-9b01-f27ba8bd8737-SegmentedRaftLogWorker:Storage Directory /workdir/hadoop-ozone/integration-test/target/test-dir/MiniOzoneClusterImpl-0396b80d-4163-4a3b-9db9-4b816fc820e4/datanode-9/data/ratis/9d7cab82-ed4f-4ed5-971c-0e98d55737ae for RaftStorage:Storage Directory /workdir/hadoop-ozone/integration-test/target/test-dir/MiniOzoneClusterImpl-0396b80d-4163-4a3b-9db9-4b816fc820e4/datanode-9/data/ratis/9d7cab82-ed4f-4ed5-971c-0e98d55737ae
2019-08-29 08:47:10,006 [pool-97-thread-1] INFO  server.RaftServerConfigKeys (ConfUtils.java:logGet(43)) - raft.server.log.appender.buffer.byte-limit = 33554432 (custom)
2019-08-29 08:47:10,006 [pool-117-thread-1] INFO  server.RaftServerConfigKeys (ConfUtils.java:logGet(43)) - raft.server.log.queue.byte-limit = 2147483647 (custom)
2019-08-29 08:47:10,006 [pool-107-thread-1] INFO  server.RaftServerConfigKeys (ConfUtils.java:logGet(43)) - raft.server.log.appender.buffer.byte-limit = 33554432 (custom)
2019-08-29 08:47:10,010 [pool-117-thread-1] INFO  server.RaftServerConfigKeys (ConfUtils.java:logGet(43)) - raft.server.log.queue.element-limit = 1024 (custom)
2019-08-29 08:47:10,006 [pool-97-thread-1] INFO  server.RaftServerConfigKeys (ConfUtils.java:logGet(43)) - raft.server.log.segment.size.max = 1048576 (custom)
2019-08-29 08:47:10,010 [pool-117-thread-1] INFO  server.RaftServerConfigKeys (ConfUtils.java:logGet(43)) - raft.server.log.segment.size.max = 1048576 (custom)
2019-08-29 08:47:10,010 [pool-107-thread-1] INFO  server.RaftServerConfigKeys (ConfUtils.java:logGet(43)) - raft.server.log.segment.size.max = 1048576 (custom)
2019-08-29 08:47:10,010 [pool-117-thread-1] INFO  server.RaftServerConfigKeys (ConfUtils.java:logGet(43)) - raft.server.log.preallocated.size = 16384 (custom)
2019-08-29 08:47:10,010 [pool-97-thread-1] INFO  server.RaftServerConfigKeys (ConfUtils.java:logGet(43)) - raft.server.log.segment.cache.num.max = 2 (custom)
2019-08-29 08:47:10,010 [pool-117-thread-1] INFO  server.RaftServerConfigKeys (ConfUtils.java:logGet(43)) - raft.server.log.write.buffer.size = 33554432 (custom)
2019-08-29 08:47:10,010 [pool-107-thread-1] INFO  server.RaftServerConfigKeys (ConfUtils.java:logGet(43)) - raft.server.log.segment.cache.num.max = 2 (custom)
2019-08-29 08:47:10,011 [pool-117-thread-1] INFO  server.RaftServerConfigKeys (ConfUtils.java:logGet(43)) - raft.server.log.force.sync.num = 128 (default)
2019-08-29 08:47:10,011 [pool-97-thread-1] INFO  segmented.SegmentedRaftLogWorker (SegmentedRaftLogWorker.java:<init>(172)) - new 4372d764-1931-406f-887c-7b5d1b7ac3a6-SegmentedRaftLogWorker:Storage Directory /workdir/hadoop-ozone/integration-test/target/test-dir/MiniOzoneClusterImpl-0396b80d-4163-4a3b-9db9-4b816fc820e4/datanode-7/data/ratis/9d7cab82-ed4f-4ed5-971c-0e98d55737ae for RaftStorage:Storage Directory /workdir/hadoop-ozone/integration-test/target/test-dir/MiniOzoneClusterImpl-0396b80d-4163-4a3b-9db9-4b816fc820e4/datanode-7/data/ratis/9d7cab82-ed4f-4ed5-971c-0e98d55737ae
2019-08-29 08:47:10,011 [pool-117-thread-1] INFO  server.RaftServerConfigKeys (ConfUtils.java:logGet(43)) - raft.server.log.statemachine.data.sync = true (default)
2019-08-29 08:47:10,011 [pool-107-thread-1] INFO  segmented.SegmentedRaftLogWorker (SegmentedRaftLogWorker.java:<init>(172)) - new d2610440-16a5-46aa-8011-5e9b2b98e89e-SegmentedRaftLogWorker:Storage Directory /workdir/hadoop-ozone/integration-test/target/test-dir/MiniOzoneClusterImpl-0396b80d-4163-4a3b-9db9-4b816fc820e4/datanode-8/data/ratis/9d7cab82-ed4f-4ed5-971c-0e98d55737ae for RaftStorage:Storage Directory /workdir/hadoop-ozone/integration-test/target/test-dir/MiniOzoneClusterImpl-0396b80d-4163-4a3b-9db9-4b816fc820e4/datanode-8/data/ratis/9d7cab82-ed4f-4ed5-971c-0e98d55737ae
2019-08-29 08:47:10,014 [pool-117-thread-1] INFO  server.RaftServerConfigKeys (ConfUtils.java:logGet(43)) - raft.server.log.statemachine.data.sync.timeout = 10s (default)
2019-08-29 08:47:10,011 [pool-97-thread-1] INFO  server.RaftServerConfigKeys (ConfUtils.java:logGet(43)) - raft.server.log.queue.byte-limit = 2147483647 (custom)
2019-08-29 08:47:10,014 [pool-117-thread-1] INFO  server.RaftServerConfigKeys (ConfUtils.java:logGet(43)) - raft.server.log.statemachine.data.sync.timeout.retry = -1 (default)
2019-08-29 08:47:10,014 [pool-107-thread-1] INFO  server.RaftServerConfigKeys (ConfUtils.java:logGet(43)) - raft.server.log.queue.byte-limit = 2147483647 (custom)
2019-08-29 08:47:10,016 [pool-117-thread-1] INFO  server.RaftServerConfigKeys (ConfUtils.java:logGet(43)) - raft.server.log.statemachine.data.caching.enabled = true (custom)
2019-08-29 08:47:10,016 [pool-97-thread-1] INFO  server.RaftServerConfigKeys (ConfUtils.java:logGet(43)) - raft.server.log.queue.element-limit = 1024 (custom)
2019-08-29 08:47:10,016 [pool-107-thread-1] INFO  server.RaftServerConfigKeys (ConfUtils.java:logGet(43)) - raft.server.log.queue.element-limit = 1024 (custom)
2019-08-29 08:47:10,016 [pool-117-thread-1] INFO  segmented.SegmentedRaftLogWorker (SegmentedRaftLogWorker.java:lambda$new$0(132)) - 62127296-10ba-4bda-9b01-f27ba8bd8737-SegmentedRaftLogWorker:Storage Directory /workdir/hadoop-ozone/integration-test/target/test-dir/MiniOzoneClusterImpl-0396b80d-4163-4a3b-9db9-4b816fc820e4/datanode-9/data/ratis/9d7cab82-ed4f-4ed5-971c-0e98d55737ae: flushIndex: setUnconditionally 0 -> -1
2019-08-29 08:47:10,016 [pool-97-thread-1] INFO  server.RaftServerConfigKeys (ConfUtils.java:logGet(43)) - raft.server.log.segment.size.max = 1048576 (custom)
2019-08-29 08:47:10,016 [pool-107-thread-1] INFO  server.RaftServerConfigKeys (ConfUtils.java:logGet(43)) - raft.server.log.segment.size.max = 1048576 (custom)
2019-08-29 08:47:10,017 [pool-117-thread-1] INFO  server.RaftServerConfigKeys (ConfUtils.java:logGet(43)) - raft.server.snapshot.auto.trigger.enabled = true (custom)
2019-08-29 08:47:10,017 [pool-97-thread-1] INFO  server.RaftServerConfigKeys (ConfUtils.java:logGet(43)) - raft.server.log.preallocated.size = 16384 (custom)
2019-08-29 08:47:10,017 [pool-117-thread-1] INFO  server.RaftServerConfigKeys (ConfUtils.java:logGet(43)) - raft.server.snapshot.auto.trigger.threshold = 10000 (custom)
2019-08-29 08:47:10,017 [pool-107-thread-1] INFO  server.RaftServerConfigKeys (ConfUtils.java:logGet(43)) - raft.server.log.preallocated.size = 16384 (custom)
2019-08-29 08:47:10,017 [pool-117-thread-1] INFO  server.RaftServerConfigKeys (ConfUtils.java:logGet(43)) - raft.server.retrycache.expirytime = 600000ms (custom)
2019-08-29 08:47:10,017 [pool-97-thread-1] INFO  server.RaftServerConfigKeys (ConfUtils.java:logGet(43)) - raft.server.log.write.buffer.size = 33554432 (custom)
2019-08-29 08:47:10,017 [pool-107-thread-1] INFO  server.RaftServerConfigKeys (ConfUtils.java:logGet(43)) - raft.server.log.write.buffer.size = 33554432 (custom)
2019-08-29 08:47:10,017 [pool-117-thread-1] INFO  impl.RaftServerImpl (RaftServerImpl.java:start(180)) - 62127296-10ba-4bda-9b01-f27ba8bd8737: start group-0E98D55737AE
2019-08-29 08:47:10,017 [pool-97-thread-1] INFO  server.RaftServerConfigKeys (ConfUtils.java:logGet(43)) - raft.server.log.force.sync.num = 128 (default)
2019-08-29 08:47:10,018 [pool-117-thread-1] INFO  impl.RaftServerImpl (RaftServerImpl.java:setRole(171)) - 62127296-10ba-4bda-9b01-f27ba8bd8737:group-0E98D55737AE changes role from null to FOLLOWER at term 0 for startAsFollower
2019-08-29 08:47:10,017 [pool-107-thread-1] INFO  server.RaftServerConfigKeys (ConfUtils.java:logGet(43)) - raft.server.log.force.sync.num = 128 (default)
2019-08-29 08:47:10,018 [pool-117-thread-1] INFO  impl.RoleInfo (RoleInfo.java:updateAndGet(143)) - 62127296-10ba-4bda-9b01-f27ba8bd8737: start FollowerState
2019-08-29 08:47:10,018 [pool-97-thread-1] INFO  server.RaftServerConfigKeys (ConfUtils.java:logGet(43)) - raft.server.log.statemachine.data.sync = true (default)
2019-08-29 08:47:10,018 [pool-107-thread-1] INFO  server.RaftServerConfigKeys (ConfUtils.java:logGet(43)) - raft.server.log.statemachine.data.sync = true (default)
2019-08-29 08:47:10,018 [pool-97-thread-1] INFO  server.RaftServerConfigKeys (ConfUtils.java:logGet(43)) - raft.server.log.statemachine.data.sync.timeout = 10s (default)
2019-08-29 08:47:10,018 [pool-117-thread-1] INFO  util.JmxRegister (JmxRegister.java:tryRegister(44)) - Successfully registered JMX Bean with object name Ratis:service=RaftServer,group=group-0E98D55737AE,id=62127296-10ba-4bda-9b01-f27ba8bd8737
2019-08-29 08:47:10,018 [pool-107-thread-1] INFO  server.RaftServerConfigKeys (ConfUtils.java:logGet(43)) - raft.server.log.statemachine.data.sync.timeout = 10s (default)
2019-08-29 08:47:10,018 [pool-97-thread-1] INFO  server.RaftServerConfigKeys (ConfUtils.java:logGet(43)) - raft.server.log.statemachine.data.sync.timeout.retry = -1 (default)
2019-08-29 08:47:10,018 [pool-107-thread-1] INFO  server.RaftServerConfigKeys (ConfUtils.java:logGet(43)) - raft.server.log.statemachine.data.sync.timeout.retry = -1 (default)
2019-08-29 08:47:10,019 [pool-97-thread-1] INFO  server.RaftServerConfigKeys (ConfUtils.java:logGet(43)) - raft.server.log.statemachine.data.caching.enabled = true (custom)
2019-08-29 08:47:10,068 [pool-107-thread-1] INFO  server.RaftServerConfigKeys (ConfUtils.java:logGet(43)) - raft.server.log.statemachine.data.caching.enabled = true (custom)
2019-08-29 08:47:10,068 [pool-97-thread-1] INFO  segmented.SegmentedRaftLogWorker (SegmentedRaftLogWorker.java:lambda$new$0(132)) - 4372d764-1931-406f-887c-7b5d1b7ac3a6-SegmentedRaftLogWorker:Storage Directory /workdir/hadoop-ozone/integration-test/target/test-dir/MiniOzoneClusterImpl-0396b80d-4163-4a3b-9db9-4b816fc820e4/datanode-7/data/ratis/9d7cab82-ed4f-4ed5-971c-0e98d55737ae: flushIndex: setUnconditionally 0 -> -1
2019-08-29 08:47:10,068 [pool-107-thread-1] INFO  segmented.SegmentedRaftLogWorker (SegmentedRaftLogWorker.java:lambda$new$0(132)) - d2610440-16a5-46aa-8011-5e9b2b98e89e-SegmentedRaftLogWorker:Storage Directory /workdir/hadoop-ozone/integration-test/target/test-dir/MiniOzoneClusterImpl-0396b80d-4163-4a3b-9db9-4b816fc820e4/datanode-8/data/ratis/9d7cab82-ed4f-4ed5-971c-0e98d55737ae: flushIndex: setUnconditionally 0 -> -1
2019-08-29 08:47:10,068 [pool-97-thread-1] INFO  server.RaftServerConfigKeys (ConfUtils.java:logGet(43)) - raft.server.snapshot.auto.trigger.enabled = true (custom)
2019-08-29 08:47:10,068 [pool-97-thread-1] INFO  server.RaftServerConfigKeys (ConfUtils.java:logGet(43)) - raft.server.snapshot.auto.trigger.threshold = 10000 (custom)
2019-08-29 08:47:10,068 [pool-107-thread-1] INFO  server.RaftServerConfigKeys (ConfUtils.java:logGet(43)) - raft.server.snapshot.auto.trigger.enabled = true (custom)
2019-08-29 08:47:10,068 [pool-97-thread-1] INFO  server.RaftServerConfigKeys (ConfUtils.java:logGet(43)) - raft.server.retrycache.expirytime = 600000ms (custom)
2019-08-29 08:47:10,069 [pool-107-thread-1] INFO  server.RaftServerConfigKeys (ConfUtils.java:logGet(43)) - raft.server.snapshot.auto.trigger.threshold = 10000 (custom)
2019-08-29 08:47:10,069 [pool-97-thread-1] INFO  impl.RaftServerImpl (RaftServerImpl.java:start(180)) - 4372d764-1931-406f-887c-7b5d1b7ac3a6: start group-0E98D55737AE
2019-08-29 08:47:10,069 [pool-107-thread-1] INFO  server.RaftServerConfigKeys (ConfUtils.java:logGet(43)) - raft.server.retrycache.expirytime = 600000ms (custom)
2019-08-29 08:47:10,069 [pool-97-thread-1] INFO  impl.RaftServerImpl (RaftServerImpl.java:setRole(171)) - 4372d764-1931-406f-887c-7b5d1b7ac3a6:group-0E98D55737AE changes role from null to FOLLOWER at term 0 for startAsFollower
2019-08-29 08:47:10,070 [pool-107-thread-1] INFO  impl.RaftServerImpl (RaftServerImpl.java:start(180)) - d2610440-16a5-46aa-8011-5e9b2b98e89e: start group-0E98D55737AE
2019-08-29 08:47:10,071 [pool-97-thread-1] INFO  impl.RoleInfo (RoleInfo.java:updateAndGet(143)) - 4372d764-1931-406f-887c-7b5d1b7ac3a6: start FollowerState
2019-08-29 08:47:10,071 [pool-107-thread-1] INFO  impl.RaftServerImpl (RaftServerImpl.java:setRole(171)) - d2610440-16a5-46aa-8011-5e9b2b98e89e:group-0E98D55737AE changes role from null to FOLLOWER at term 0 for startAsFollower
2019-08-29 08:47:10,072 [pool-107-thread-1] INFO  impl.RoleInfo (RoleInfo.java:updateAndGet(143)) - d2610440-16a5-46aa-8011-5e9b2b98e89e: start FollowerState
2019-08-29 08:47:10,072 [pool-97-thread-1] INFO  util.JmxRegister (JmxRegister.java:tryRegister(44)) - Successfully registered JMX Bean with object name Ratis:service=RaftServer,group=group-0E98D55737AE,id=4372d764-1931-406f-887c-7b5d1b7ac3a6
2019-08-29 08:47:10,080 [pool-107-thread-1] INFO  util.JmxRegister (JmxRegister.java:tryRegister(44)) - Successfully registered JMX Bean with object name Ratis:service=RaftServer,group=group-0E98D55737AE,id=d2610440-16a5-46aa-8011-5e9b2b98e89e
2019-08-29 08:47:10,098 [RatisPipelineUtilsThread] INFO  pipeline.PipelineStateManager (PipelineStateManager.java:addPipeline(56)) - Created pipeline Pipeline[ Id: 9d7cab82-ed4f-4ed5-971c-0e98d55737ae, Nodes: d2610440-16a5-46aa-8011-5e9b2b98e89e{ip: 192.168.5.176, host: pr-hdds-1909-44d2n-1519487446, networkLocation: /default-rack, certSerialId: null}62127296-10ba-4bda-9b01-f27ba8bd8737{ip: 192.168.5.176, host: pr-hdds-1909-44d2n-1519487446, networkLocation: /default-rack, certSerialId: null}4372d764-1931-406f-887c-7b5d1b7ac3a6{ip: 192.168.5.176, host: pr-hdds-1909-44d2n-1519487446, networkLocation: /default-rack, certSerialId: null}, Type:RATIS, Factor:THREE, State:OPEN]
2019-08-29 08:47:10,100 [Thread-284] INFO  impl.FollowerState (FollowerState.java:run(106)) - d92499b0-1b7f-4387-8ba6-ffcf7cff46e6:group-8C9C71E7F381 changes to CANDIDATE, lastRpcTime:1110, electionTimeout:1110ms
2019-08-29 08:47:10,101 [Thread-284] INFO  impl.RoleInfo (RoleInfo.java:shutdownFollowerState(121)) - d92499b0-1b7f-4387-8ba6-ffcf7cff46e6: shutdown FollowerState
2019-08-29 08:47:10,101 [Thread-284] INFO  impl.RaftServerImpl (RaftServerImpl.java:setRole(171)) - d92499b0-1b7f-4387-8ba6-ffcf7cff46e6:group-8C9C71E7F381 changes role from FOLLOWER to CANDIDATE at term 0 for changeToCandidate
2019-08-29 08:47:10,114 [Thread-284] INFO  impl.RoleInfo (RoleInfo.java:updateAndGet(143)) - d92499b0-1b7f-4387-8ba6-ffcf7cff46e6: start LeaderElection
2019-08-29 08:47:10,145 [grpc-default-executor-1] INFO  impl.RaftServerProxy (RaftServerProxy.java:addNew(89)) - 37fb6585-bd86-49e3-96c6-47308e6afbcf: addNew group-99B3E677189C:[dd40d4a5-aa3f-4ebf-9cec-f561545fceec:192.168.5.176:34437, 37fb6585-bd86-49e3-96c6-47308e6afbcf:192.168.5.176:35563, d92499b0-1b7f-4387-8ba6-ffcf7cff46e6:192.168.5.176:34281] returns group-99B3E677189C:java.util.concurrent.CompletableFuture@1384a73d[Not completed]
2019-08-29 08:47:10,145 [grpc-default-executor-2] INFO  impl.RaftServerProxy (RaftServerProxy.java:addNew(89)) - d92499b0-1b7f-4387-8ba6-ffcf7cff46e6: addNew group-99B3E677189C:[dd40d4a5-aa3f-4ebf-9cec-f561545fceec:192.168.5.176:34437, 37fb6585-bd86-49e3-96c6-47308e6afbcf:192.168.5.176:35563, d92499b0-1b7f-4387-8ba6-ffcf7cff46e6:192.168.5.176:34281] returns group-99B3E677189C:java.util.concurrent.CompletableFuture@20370336[Not completed]
2019-08-29 08:47:10,155 [grpc-default-executor-0] INFO  impl.RaftServerProxy (RaftServerProxy.java:addNew(89)) - dd40d4a5-aa3f-4ebf-9cec-f561545fceec: addNew group-99B3E677189C:[dd40d4a5-aa3f-4ebf-9cec-f561545fceec:192.168.5.176:34437, 37fb6585-bd86-49e3-96c6-47308e6afbcf:192.168.5.176:35563, d92499b0-1b7f-4387-8ba6-ffcf7cff46e6:192.168.5.176:34281] returns group-99B3E677189C:java.util.concurrent.CompletableFuture@613df1ea[Not completed]
2019-08-29 08:47:10,156 [pool-27-thread-1] INFO  impl.RaftServerImpl (RaftServerImpl.java:<init>(93)) - d92499b0-1b7f-4387-8ba6-ffcf7cff46e6: new RaftServerImpl for group-99B3E677189C:[dd40d4a5-aa3f-4ebf-9cec-f561545fceec:192.168.5.176:34437, 37fb6585-bd86-49e3-96c6-47308e6afbcf:192.168.5.176:35563, d92499b0-1b7f-4387-8ba6-ffcf7cff46e6:192.168.5.176:34281] with ContainerStateMachine:uninitialized
2019-08-29 08:47:10,157 [pool-27-thread-1] INFO  server.RaftServerConfigKeys (ConfUtils.java:logGet(43)) - raft.server.rpc.timeout.min = 1s (custom)
2019-08-29 08:47:10,157 [pool-27-thread-1] INFO  server.RaftServerConfigKeys (ConfUtils.java:logGet(43)) - raft.server.rpc.timeout.max = 1200ms (custom)
2019-08-29 08:47:10,157 [pool-67-thread-1] INFO  impl.RaftServerImpl (RaftServerImpl.java:<init>(93)) - dd40d4a5-aa3f-4ebf-9cec-f561545fceec: new RaftServerImpl for group-99B3E677189C:[dd40d4a5-aa3f-4ebf-9cec-f561545fceec:192.168.5.176:34437, 37fb6585-bd86-49e3-96c6-47308e6afbcf:192.168.5.176:35563, d92499b0-1b7f-4387-8ba6-ffcf7cff46e6:192.168.5.176:34281] with ContainerStateMachine:uninitialized
2019-08-29 08:47:10,157 [pool-27-thread-1] INFO  server.RaftServerConfigKeys (ConfUtils.java:logGet(43)) - raft.server.rpcslowness.timeout = 120s (custom)
2019-08-29 08:47:10,157 [pool-67-thread-1] INFO  server.RaftServerConfigKeys (ConfUtils.java:logGet(43)) - raft.server.rpc.timeout.min = 1s (custom)
2019-08-29 08:47:10,157 [pool-27-thread-1] INFO  server.RaftServerConfigKeys (ConfUtils.java:logGet(43)) - raft.server.sleep.deviation.threshold = 300 (default)
2019-08-29 08:47:10,157 [pool-67-thread-1] INFO  server.RaftServerConfigKeys (ConfUtils.java:logGet(43)) - raft.server.rpc.timeout.max = 1200ms (custom)
2019-08-29 08:47:10,157 [pool-57-thread-1] INFO  impl.RaftServerImpl (RaftServerImpl.java:<init>(93)) - 37fb6585-bd86-49e3-96c6-47308e6afbcf: new RaftServerImpl for group-99B3E677189C:[dd40d4a5-aa3f-4ebf-9cec-f561545fceec:192.168.5.176:34437, 37fb6585-bd86-49e3-96c6-47308e6afbcf:192.168.5.176:35563, d92499b0-1b7f-4387-8ba6-ffcf7cff46e6:192.168.5.176:34281] with ContainerStateMachine:uninitialized
2019-08-29 08:47:10,158 [pool-67-thread-1] INFO  server.RaftServerConfigKeys (ConfUtils.java:logGet(43)) - raft.server.rpcslowness.timeout = 120s (custom)
2019-08-29 08:47:10,158 [pool-27-thread-1] INFO  server.RaftServerConfigKeys (ConfUtils.java:logGet(43)) - raft.server.log.appender.install.snapshot.enabled = false (custom)
2019-08-29 08:47:10,158 [pool-67-thread-1] INFO  server.RaftServerConfigKeys (ConfUtils.java:logGet(43)) - raft.server.sleep.deviation.threshold = 300 (default)
2019-08-29 08:47:10,158 [pool-57-thread-1] INFO  server.RaftServerConfigKeys (ConfUtils.java:logGet(43)) - raft.server.rpc.timeout.min = 1s (custom)
2019-08-29 08:47:10,158 [pool-67-thread-1] INFO  server.RaftServerConfigKeys (ConfUtils.java:logGet(43)) - raft.server.log.appender.install.snapshot.enabled = false (custom)
2019-08-29 08:47:10,158 [pool-27-thread-1] INFO  impl.RaftServerImpl (ServerState.java:<init>(105)) - d92499b0-1b7f-4387-8ba6-ffcf7cff46e6:group-99B3E677189C ConfigurationManager, init=-1: [dd40d4a5-aa3f-4ebf-9cec-f561545fceec:192.168.5.176:34437, 37fb6585-bd86-49e3-96c6-47308e6afbcf:192.168.5.176:35563, d92499b0-1b7f-4387-8ba6-ffcf7cff46e6:192.168.5.176:34281], old=null, confs=<EMPTY_MAP>
2019-08-29 08:47:10,158 [pool-67-thread-1] INFO  impl.RaftServerImpl (ServerState.java:<init>(105)) - dd40d4a5-aa3f-4ebf-9cec-f561545fceec:group-99B3E677189C ConfigurationManager, init=-1: [dd40d4a5-aa3f-4ebf-9cec-f561545fceec:192.168.5.176:34437, 37fb6585-bd86-49e3-96c6-47308e6afbcf:192.168.5.176:35563, d92499b0-1b7f-4387-8ba6-ffcf7cff46e6:192.168.5.176:34281], old=null, confs=<EMPTY_MAP>
2019-08-29 08:47:10,158 [pool-57-thread-1] INFO  server.RaftServerConfigKeys (ConfUtils.java:logGet(43)) - raft.server.rpc.timeout.max = 1200ms (custom)
2019-08-29 08:47:10,158 [pool-67-thread-1] INFO  server.RaftServerConfigKeys (ConfUtils.java:logGet(43)) - raft.server.storage.dir = [/workdir/hadoop-ozone/integration-test/target/test-dir/MiniOzoneClusterImpl-0396b80d-4163-4a3b-9db9-4b816fc820e4/datanode-4/data/ratis] (custom)
2019-08-29 08:47:10,158 [pool-27-thread-1] INFO  server.RaftServerConfigKeys (ConfUtils.java:logGet(43)) - raft.server.storage.dir = [/workdir/hadoop-ozone/integration-test/target/test-dir/MiniOzoneClusterImpl-0396b80d-4163-4a3b-9db9-4b816fc820e4/datanode-0/data/ratis] (custom)
2019-08-29 08:47:10,159 [pool-67-thread-1] INFO  storage.RaftStorageDirectory (RaftStorageDirectory.java:analyzeStorage(246)) - The storage directory /workdir/hadoop-ozone/integration-test/target/test-dir/MiniOzoneClusterImpl-0396b80d-4163-4a3b-9db9-4b816fc820e4/datanode-4/data/ratis/054fdc03-55bb-4efd-8db9-99b3e677189c does not exist. Creating ...
2019-08-29 08:47:10,158 [pool-57-thread-1] INFO  server.RaftServerConfigKeys (ConfUtils.java:logGet(43)) - raft.server.rpcslowness.timeout = 120s (custom)
2019-08-29 08:47:10,159 [pool-57-thread-1] INFO  server.RaftServerConfigKeys (ConfUtils.java:logGet(43)) - raft.server.sleep.deviation.threshold = 300 (default)
2019-08-29 08:47:10,159 [pool-57-thread-1] INFO  server.RaftServerConfigKeys (ConfUtils.java:logGet(43)) - raft.server.log.appender.install.snapshot.enabled = false (custom)
2019-08-29 08:47:10,159 [pool-57-thread-1] INFO  impl.RaftServerImpl (ServerState.java:<init>(105)) - 37fb6585-bd86-49e3-96c6-47308e6afbcf:group-99B3E677189C ConfigurationManager, init=-1: [dd40d4a5-aa3f-4ebf-9cec-f561545fceec:192.168.5.176:34437, 37fb6585-bd86-49e3-96c6-47308e6afbcf:192.168.5.176:35563, d92499b0-1b7f-4387-8ba6-ffcf7cff46e6:192.168.5.176:34281], old=null, confs=<EMPTY_MAP>
2019-08-29 08:47:10,159 [pool-27-thread-1] INFO  storage.RaftStorageDirectory (RaftStorageDirectory.java:analyzeStorage(246)) - The storage directory /workdir/hadoop-ozone/integration-test/target/test-dir/MiniOzoneClusterImpl-0396b80d-4163-4a3b-9db9-4b816fc820e4/datanode-0/data/ratis/054fdc03-55bb-4efd-8db9-99b3e677189c does not exist. Creating ...
2019-08-29 08:47:10,159 [pool-57-thread-1] INFO  server.RaftServerConfigKeys (ConfUtils.java:logGet(43)) - raft.server.storage.dir = [/workdir/hadoop-ozone/integration-test/target/test-dir/MiniOzoneClusterImpl-0396b80d-4163-4a3b-9db9-4b816fc820e4/datanode-3/data/ratis] (custom)
2019-08-29 08:47:10,159 [pool-57-thread-1] INFO  storage.RaftStorageDirectory (RaftStorageDirectory.java:analyzeStorage(246)) - The storage directory /workdir/hadoop-ozone/integration-test/target/test-dir/MiniOzoneClusterImpl-0396b80d-4163-4a3b-9db9-4b816fc820e4/datanode-3/data/ratis/054fdc03-55bb-4efd-8db9-99b3e677189c does not exist. Creating ...
2019-08-29 08:47:10,163 [d92499b0-1b7f-4387-8ba6-ffcf7cff46e6:group-8C9C71E7F381:LeaderElection1] INFO  impl.LeaderElection (LeaderElection.java:askForVotes(181)) - d92499b0-1b7f-4387-8ba6-ffcf7cff46e6:group-8C9C71E7F381:LeaderElection1: begin an election at term 1 for -1: [d92499b0-1b7f-4387-8ba6-ffcf7cff46e6:192.168.5.176:34281], old=null
2019-08-29 08:47:10,164 [d92499b0-1b7f-4387-8ba6-ffcf7cff46e6:group-8C9C71E7F381:LeaderElection1] INFO  impl.RoleInfo (RoleInfo.java:shutdownLeaderElection(134)) - d92499b0-1b7f-4387-8ba6-ffcf7cff46e6: shutdown LeaderElection
2019-08-29 08:47:10,165 [d92499b0-1b7f-4387-8ba6-ffcf7cff46e6:group-8C9C71E7F381:LeaderElection1] INFO  impl.RaftServerImpl (RaftServerImpl.java:setRole(171)) - d92499b0-1b7f-4387-8ba6-ffcf7cff46e6:group-8C9C71E7F381 changes role from CANDIDATE to LEADER at term 1 for changeToLeader
2019-08-29 08:47:10,165 [d92499b0-1b7f-4387-8ba6-ffcf7cff46e6:group-8C9C71E7F381:LeaderElection1] INFO  impl.RaftServerImpl (ServerState.java:setLeader(263)) - d92499b0-1b7f-4387-8ba6-ffcf7cff46e6:group-8C9C71E7F381 change Leader from null to d92499b0-1b7f-4387-8ba6-ffcf7cff46e6 at term 1 for becomeLeader, leader elected after 1250ms
2019-08-29 08:47:10,170 [d92499b0-1b7f-4387-8ba6-ffcf7cff46e6:group-8C9C71E7F381:LeaderElection1] INFO  server.RaftServerConfigKeys (ConfUtils.java:logGet(43)) - raft.server.staging.catchup.gap = 1000 (default)
2019-08-29 08:47:10,170 [d92499b0-1b7f-4387-8ba6-ffcf7cff46e6:group-8C9C71E7F381:LeaderElection1] INFO  server.RaftServerConfigKeys (ConfUtils.java:logGet(43)) - raft.server.rpc.sleep.time = 25ms (default)
2019-08-29 08:47:10,173 [d92499b0-1b7f-4387-8ba6-ffcf7cff46e6:group-8C9C71E7F381:LeaderElection1] INFO  server.RaftServerConfigKeys (ConfUtils.java:logGet(43)) - raft.server.write.element-limit = 4096 (default)
2019-08-29 08:47:10,175 [d92499b0-1b7f-4387-8ba6-ffcf7cff46e6:group-8C9C71E7F381:LeaderElection1] INFO  server.RaftServerConfigKeys (ConfUtils.java:logGet(43)) - raft.server.watch.timeout = 10s (default)
2019-08-29 08:47:10,175 [d92499b0-1b7f-4387-8ba6-ffcf7cff46e6:group-8C9C71E7F381:LeaderElection1] INFO  server.RaftServerConfigKeys (ConfUtils.java:logGet(43)) - raft.server.watch.timeout.denomination = 1s (default)
2019-08-29 08:47:10,176 [d92499b0-1b7f-4387-8ba6-ffcf7cff46e6:group-8C9C71E7F381:LeaderElection1] INFO  server.RaftServerConfigKeys (ConfUtils.java:logGet(43)) - raft.server.watch.element-limit = 65536 (default)
2019-08-29 08:47:10,177 [pool-57-thread-1] INFO  storage.RaftStorageDirectory (RaftStorageDirectory.java:tryLock(328)) - Lock on /workdir/hadoop-ozone/integration-test/target/test-dir/MiniOzoneClusterImpl-0396b80d-4163-4a3b-9db9-4b816fc820e4/datanode-3/data/ratis/054fdc03-55bb-4efd-8db9-99b3e677189c/in_use.lock acquired by nodename 31268@pr-hdds-1909-44d2n-1519487446
2019-08-29 08:47:10,177 [pool-67-thread-1] INFO  storage.RaftStorageDirectory (RaftStorageDirectory.java:tryLock(328)) - Lock on /workdir/hadoop-ozone/integration-test/target/test-dir/MiniOzoneClusterImpl-0396b80d-4163-4a3b-9db9-4b816fc820e4/datanode-4/data/ratis/054fdc03-55bb-4efd-8db9-99b3e677189c/in_use.lock acquired by nodename 31268@pr-hdds-1909-44d2n-1519487446
2019-08-29 08:47:10,177 [pool-27-thread-1] INFO  storage.RaftStorageDirectory (RaftStorageDirectory.java:tryLock(328)) - Lock on /workdir/hadoop-ozone/integration-test/target/test-dir/MiniOzoneClusterImpl-0396b80d-4163-4a3b-9db9-4b816fc820e4/datanode-0/data/ratis/054fdc03-55bb-4efd-8db9-99b3e677189c/in_use.lock acquired by nodename 31268@pr-hdds-1909-44d2n-1519487446
2019-08-29 08:47:10,182 [pool-67-thread-1] INFO  storage.RaftStorage (RaftStorage.java:format(72)) - Storage directory /workdir/hadoop-ozone/integration-test/target/test-dir/MiniOzoneClusterImpl-0396b80d-4163-4a3b-9db9-4b816fc820e4/datanode-4/data/ratis/054fdc03-55bb-4efd-8db9-99b3e677189c has been successfully formatted.
2019-08-29 08:47:10,182 [pool-57-thread-1] INFO  storage.RaftStorage (RaftStorage.java:format(72)) - Storage directory /workdir/hadoop-ozone/integration-test/target/test-dir/MiniOzoneClusterImpl-0396b80d-4163-4a3b-9db9-4b816fc820e4/datanode-3/data/ratis/054fdc03-55bb-4efd-8db9-99b3e677189c has been successfully formatted.
2019-08-29 08:47:10,182 [pool-27-thread-1] INFO  storage.RaftStorage (RaftStorage.java:format(72)) - Storage directory /workdir/hadoop-ozone/integration-test/target/test-dir/MiniOzoneClusterImpl-0396b80d-4163-4a3b-9db9-4b816fc820e4/datanode-0/data/ratis/054fdc03-55bb-4efd-8db9-99b3e677189c has been successfully formatted.
2019-08-29 08:47:10,182 [pool-67-thread-1] INFO  ratis.ContainerStateMachine (ContainerStateMachine.java:loadSnapshot(227)) - group-99B3E677189C: The snapshot info is null. Setting the last applied indexto:(t:0, i:~)
2019-08-29 08:47:10,183 [pool-57-thread-1] INFO  ratis.ContainerStateMachine (ContainerStateMachine.java:loadSnapshot(227)) - group-99B3E677189C: The snapshot info is null. Setting the last applied indexto:(t:0, i:~)
2019-08-29 08:47:10,183 [pool-67-thread-1] INFO  server.RaftServerConfigKeys (ConfUtils.java:logGet(43)) - raft.server.leader.election.timeout = 120s (custom)
2019-08-29 08:47:10,183 [pool-27-thread-1] INFO  ratis.ContainerStateMachine (ContainerStateMachine.java:loadSnapshot(227)) - group-99B3E677189C: The snapshot info is null. Setting the last applied indexto:(t:0, i:~)
2019-08-29 08:47:10,183 [pool-67-thread-1] INFO  server.RaftServerConfigKeys (ConfUtils.java:logGet(43)) - raft.server.log.use.memory = false (default)
2019-08-29 08:47:10,183 [pool-57-thread-1] INFO  server.RaftServerConfigKeys (ConfUtils.java:logGet(43)) - raft.server.leader.election.timeout = 120s (custom)
2019-08-29 08:47:10,183 [pool-67-thread-1] INFO  server.RaftServerConfigKeys (ConfUtils.java:logGet(43)) - raft.server.log.purge.gap = 1000000 (custom)
2019-08-29 08:47:10,183 [pool-27-thread-1] INFO  server.RaftServerConfigKeys (ConfUtils.java:logGet(43)) - raft.server.leader.election.timeout = 120s (custom)
2019-08-29 08:47:10,183 [pool-67-thread-1] INFO  server.RaftServerConfigKeys (ConfUtils.java:logGet(43)) - raft.server.log.appender.buffer.byte-limit = 33554432 (custom)
2019-08-29 08:47:10,183 [pool-57-thread-1] INFO  server.RaftServerConfigKeys (ConfUtils.java:logGet(43)) - raft.server.log.use.memory = false (default)
2019-08-29 08:47:10,183 [pool-67-thread-1] INFO  server.RaftServerConfigKeys (ConfUtils.java:logGet(43)) - raft.server.log.segment.size.max = 1048576 (custom)
2019-08-29 08:47:10,183 [pool-27-thread-1] INFO  server.RaftServerConfigKeys (ConfUtils.java:logGet(43)) - raft.server.log.use.memory = false (default)
2019-08-29 08:47:10,183 [pool-67-thread-1] INFO  server.RaftServerConfigKeys (ConfUtils.java:logGet(43)) - raft.server.log.segment.cache.num.max = 2 (custom)
2019-08-29 08:47:10,183 [pool-57-thread-1] INFO  server.RaftServerConfigKeys (ConfUtils.java:logGet(43)) - raft.server.log.purge.gap = 1000000 (custom)
2019-08-29 08:47:10,184 [pool-67-thread-1] INFO  segmented.SegmentedRaftLogWorker (SegmentedRaftLogWorker.java:<init>(172)) - new dd40d4a5-aa3f-4ebf-9cec-f561545fceec-SegmentedRaftLogWorker:Storage Directory /workdir/hadoop-ozone/integration-test/target/test-dir/MiniOzoneClusterImpl-0396b80d-4163-4a3b-9db9-4b816fc820e4/datanode-4/data/ratis/054fdc03-55bb-4efd-8db9-99b3e677189c for RaftStorage:Storage Directory /workdir/hadoop-ozone/integration-test/target/test-dir/MiniOzoneClusterImpl-0396b80d-4163-4a3b-9db9-4b816fc820e4/datanode-4/data/ratis/054fdc03-55bb-4efd-8db9-99b3e677189c
2019-08-29 08:47:10,184 [pool-27-thread-1] INFO  server.RaftServerConfigKeys (ConfUtils.java:logGet(43)) - raft.server.log.purge.gap = 1000000 (custom)
2019-08-29 08:47:10,184 [pool-67-thread-1] INFO  server.RaftServerConfigKeys (ConfUtils.java:logGet(43)) - raft.server.log.queue.byte-limit = 2147483647 (custom)
2019-08-29 08:47:10,184 [pool-57-thread-1] INFO  server.RaftServerConfigKeys (ConfUtils.java:logGet(43)) - raft.server.log.appender.buffer.byte-limit = 33554432 (custom)
2019-08-29 08:47:10,184 [d92499b0-1b7f-4387-8ba6-ffcf7cff46e6:group-8C9C71E7F381:LeaderElection1] INFO  impl.RoleInfo (RoleInfo.java:updateAndGet(143)) - d92499b0-1b7f-4387-8ba6-ffcf7cff46e6: start LeaderState
2019-08-29 08:47:10,193 [pool-57-thread-1] INFO  server.RaftServerConfigKeys (ConfUtils.java:logGet(43)) - raft.server.log.segment.size.max = 1048576 (custom)
2019-08-29 08:47:10,193 [pool-67-thread-1] INFO  server.RaftServerConfigKeys (ConfUtils.java:logGet(43)) - raft.server.log.queue.element-limit = 1024 (custom)
2019-08-29 08:47:10,184 [pool-27-thread-1] INFO  server.RaftServerConfigKeys (ConfUtils.java:logGet(43)) - raft.server.log.appender.buffer.byte-limit = 33554432 (custom)
2019-08-29 08:47:10,194 [pool-67-thread-1] INFO  server.RaftServerConfigKeys (ConfUtils.java:logGet(43)) - raft.server.log.segment.size.max = 1048576 (custom)
2019-08-29 08:47:10,193 [pool-57-thread-1] INFO  server.RaftServerConfigKeys (ConfUtils.java:logGet(43)) - raft.server.log.segment.cache.num.max = 2 (custom)
2019-08-29 08:47:10,194 [pool-67-thread-1] INFO  server.RaftServerConfigKeys (ConfUtils.java:logGet(43)) - raft.server.log.preallocated.size = 16384 (custom)
2019-08-29 08:47:10,194 [pool-67-thread-1] INFO  server.RaftServerConfigKeys (ConfUtils.java:logGet(43)) - raft.server.log.write.buffer.size = 33554432 (custom)
2019-08-29 08:47:10,194 [pool-27-thread-1] INFO  server.RaftServerConfigKeys (ConfUtils.java:logGet(43)) - raft.server.log.segment.size.max = 1048576 (custom)
2019-08-29 08:47:10,194 [pool-67-thread-1] INFO  server.RaftServerConfigKeys (ConfUtils.java:logGet(43)) - raft.server.log.force.sync.num = 128 (default)
2019-08-29 08:47:10,194 [pool-57-thread-1] INFO  segmented.SegmentedRaftLogWorker (SegmentedRaftLogWorker.java:<init>(172)) - new 37fb6585-bd86-49e3-96c6-47308e6afbcf-SegmentedRaftLogWorker:Storage Directory /workdir/hadoop-ozone/integration-test/target/test-dir/MiniOzoneClusterImpl-0396b80d-4163-4a3b-9db9-4b816fc820e4/datanode-3/data/ratis/054fdc03-55bb-4efd-8db9-99b3e677189c for RaftStorage:Storage Directory /workdir/hadoop-ozone/integration-test/target/test-dir/MiniOzoneClusterImpl-0396b80d-4163-4a3b-9db9-4b816fc820e4/datanode-3/data/ratis/054fdc03-55bb-4efd-8db9-99b3e677189c
2019-08-29 08:47:10,194 [pool-67-thread-1] INFO  server.RaftServerConfigKeys (ConfUtils.java:logGet(43)) - raft.server.log.statemachine.data.sync = true (default)
2019-08-29 08:47:10,194 [pool-27-thread-1] INFO  server.RaftServerConfigKeys (ConfUtils.java:logGet(43)) - raft.server.log.segment.cache.num.max = 2 (custom)
2019-08-29 08:47:10,201 [pool-67-thread-1] INFO  server.RaftServerConfigKeys (ConfUtils.java:logGet(43)) - raft.server.log.statemachine.data.sync.timeout = 10s (default)
2019-08-29 08:47:10,203 [pool-67-thread-1] INFO  server.RaftServerConfigKeys (ConfUtils.java:logGet(43)) - raft.server.log.statemachine.data.sync.timeout.retry = -1 (default)
2019-08-29 08:47:10,195 [pool-57-thread-1] INFO  server.RaftServerConfigKeys (ConfUtils.java:logGet(43)) - raft.server.log.queue.byte-limit = 2147483647 (custom)
2019-08-29 08:47:10,204 [pool-67-thread-1] INFO  server.RaftServerConfigKeys (ConfUtils.java:logGet(43)) - raft.server.log.statemachine.data.caching.enabled = true (custom)
2019-08-29 08:47:10,203 [pool-27-thread-1] INFO  segmented.SegmentedRaftLogWorker (SegmentedRaftLogWorker.java:<init>(172)) - new d92499b0-1b7f-4387-8ba6-ffcf7cff46e6-SegmentedRaftLogWorker:Storage Directory /workdir/hadoop-ozone/integration-test/target/test-dir/MiniOzoneClusterImpl-0396b80d-4163-4a3b-9db9-4b816fc820e4/datanode-0/data/ratis/054fdc03-55bb-4efd-8db9-99b3e677189c for RaftStorage:Storage Directory /workdir/hadoop-ozone/integration-test/target/test-dir/MiniOzoneClusterImpl-0396b80d-4163-4a3b-9db9-4b816fc820e4/datanode-0/data/ratis/054fdc03-55bb-4efd-8db9-99b3e677189c
2019-08-29 08:47:10,204 [pool-57-thread-1] INFO  server.RaftServerConfigKeys (ConfUtils.java:logGet(43)) - raft.server.log.queue.element-limit = 1024 (custom)
2019-08-29 08:47:10,204 [pool-67-thread-1] INFO  segmented.SegmentedRaftLogWorker (SegmentedRaftLogWorker.java:lambda$new$0(132)) - dd40d4a5-aa3f-4ebf-9cec-f561545fceec-SegmentedRaftLogWorker:Storage Directory /workdir/hadoop-ozone/integration-test/target/test-dir/MiniOzoneClusterImpl-0396b80d-4163-4a3b-9db9-4b816fc820e4/datanode-4/data/ratis/054fdc03-55bb-4efd-8db9-99b3e677189c: flushIndex: setUnconditionally 0 -> -1
2019-08-29 08:47:10,204 [pool-27-thread-1] INFO  server.RaftServerConfigKeys (ConfUtils.java:logGet(43)) - raft.server.log.queue.byte-limit = 2147483647 (custom)
2019-08-29 08:47:10,205 [pool-57-thread-1] INFO  server.RaftServerConfigKeys (ConfUtils.java:logGet(43)) - raft.server.log.segment.size.max = 1048576 (custom)
2019-08-29 08:47:10,206 [pool-27-thread-1] INFO  server.RaftServerConfigKeys (ConfUtils.java:logGet(43)) - raft.server.log.queue.element-limit = 1024 (custom)
2019-08-29 08:47:10,206 [pool-67-thread-1] INFO  server.RaftServerConfigKeys (ConfUtils.java:logGet(43)) - raft.server.snapshot.auto.trigger.enabled = true (custom)
2019-08-29 08:47:10,206 [pool-27-thread-1] INFO  server.RaftServerConfigKeys (ConfUtils.java:logGet(43)) - raft.server.log.segment.size.max = 1048576 (custom)
2019-08-29 08:47:10,206 [pool-57-thread-1] INFO  server.RaftServerConfigKeys (ConfUtils.java:logGet(43)) - raft.server.log.preallocated.size = 16384 (custom)
2019-08-29 08:47:10,206 [pool-27-thread-1] INFO  server.RaftServerConfigKeys (ConfUtils.java:logGet(43)) - raft.server.log.preallocated.size = 16384 (custom)
2019-08-29 08:47:10,206 [pool-67-thread-1] INFO  server.RaftServerConfigKeys (ConfUtils.java:logGet(43)) - raft.server.snapshot.auto.trigger.threshold = 10000 (custom)
2019-08-29 08:47:10,206 [pool-27-thread-1] INFO  server.RaftServerConfigKeys (ConfUtils.java:logGet(43)) - raft.server.log.write.buffer.size = 33554432 (custom)
2019-08-29 08:47:10,206 [pool-67-thread-1] INFO  server.RaftServerConfigKeys (ConfUtils.java:logGet(43)) - raft.server.retrycache.expirytime = 600000ms (custom)
2019-08-29 08:47:10,206 [pool-57-thread-1] INFO  server.RaftServerConfigKeys (ConfUtils.java:logGet(43)) - raft.server.log.write.buffer.size = 33554432 (custom)
2019-08-29 08:47:10,207 [pool-67-thread-1] INFO  impl.RaftServerImpl (RaftServerImpl.java:start(180)) - dd40d4a5-aa3f-4ebf-9cec-f561545fceec: start group-99B3E677189C
2019-08-29 08:47:10,207 [pool-57-thread-1] INFO  server.RaftServerConfigKeys (ConfUtils.java:logGet(43)) - raft.server.log.force.sync.num = 128 (default)
2019-08-29 08:47:10,206 [pool-27-thread-1] INFO  server.RaftServerConfigKeys (ConfUtils.java:logGet(43)) - raft.server.log.force.sync.num = 128 (default)
2019-08-29 08:47:10,207 [pool-57-thread-1] INFO  server.RaftServerConfigKeys (ConfUtils.java:logGet(43)) - raft.server.log.statemachine.data.sync = true (default)
2019-08-29 08:47:10,207 [pool-67-thread-1] INFO  impl.RaftServerImpl (RaftServerImpl.java:setRole(171)) - dd40d4a5-aa3f-4ebf-9cec-f561545fceec:group-99B3E677189C changes role from null to FOLLOWER at term 0 for startAsFollower
2019-08-29 08:47:10,207 [pool-57-thread-1] INFO  server.RaftServerConfigKeys (ConfUtils.java:logGet(43)) - raft.server.log.statemachine.data.sync.timeout = 10s (default)
2019-08-29 08:47:10,207 [pool-27-thread-1] INFO  server.RaftServerConfigKeys (ConfUtils.java:logGet(43)) - raft.server.log.statemachine.data.sync = true (default)
2019-08-29 08:47:10,207 [pool-57-thread-1] INFO  server.RaftServerConfigKeys (ConfUtils.java:logGet(43)) - raft.server.log.statemachine.data.sync.timeout.retry = -1 (default)
2019-08-29 08:47:10,207 [pool-67-thread-1] INFO  impl.RoleInfo (RoleInfo.java:updateAndGet(143)) - dd40d4a5-aa3f-4ebf-9cec-f561545fceec: start FollowerState
2019-08-29 08:47:10,207 [pool-57-thread-1] INFO  server.RaftServerConfigKeys (ConfUtils.java:logGet(43)) - raft.server.log.statemachine.data.caching.enabled = true (custom)
2019-08-29 08:47:10,207 [pool-27-thread-1] INFO  server.RaftServerConfigKeys (ConfUtils.java:logGet(43)) - raft.server.log.statemachine.data.sync.timeout = 10s (default)
2019-08-29 08:47:10,208 [pool-27-thread-1] INFO  server.RaftServerConfigKeys (ConfUtils.java:logGet(43)) - raft.server.log.statemachine.data.sync.timeout.retry = -1 (default)
2019-08-29 08:47:10,208 [pool-67-thread-1] INFO  util.JmxRegister (JmxRegister.java:tryRegister(44)) - Successfully registered JMX Bean with object name Ratis:service=RaftServer,group=group-99B3E677189C,id=dd40d4a5-aa3f-4ebf-9cec-f561545fceec
2019-08-29 08:47:10,208 [pool-27-thread-1] INFO  server.RaftServerConfigKeys (ConfUtils.java:logGet(43)) - raft.server.log.statemachine.data.caching.enabled = true (custom)
2019-08-29 08:47:10,208 [pool-57-thread-1] INFO  segmented.SegmentedRaftLogWorker (SegmentedRaftLogWorker.java:lambda$new$0(132)) - 37fb6585-bd86-49e3-96c6-47308e6afbcf-SegmentedRaftLogWorker:Storage Directory /workdir/hadoop-ozone/integration-test/target/test-dir/MiniOzoneClusterImpl-0396b80d-4163-4a3b-9db9-4b816fc820e4/datanode-3/data/ratis/054fdc03-55bb-4efd-8db9-99b3e677189c: flushIndex: setUnconditionally 0 -> -1
2019-08-29 08:47:10,208 [pool-27-thread-1] INFO  segmented.SegmentedRaftLogWorker (SegmentedRaftLogWorker.java:lambda$new$0(132)) - d92499b0-1b7f-4387-8ba6-ffcf7cff46e6-SegmentedRaftLogWorker:Storage Directory /workdir/hadoop-ozone/integration-test/target/test-dir/MiniOzoneClusterImpl-0396b80d-4163-4a3b-9db9-4b816fc820e4/datanode-0/data/ratis/054fdc03-55bb-4efd-8db9-99b3e677189c: flushIndex: setUnconditionally 0 -> -1
2019-08-29 08:47:10,208 [pool-57-thread-1] INFO  server.RaftServerConfigKeys (ConfUtils.java:logGet(43)) - raft.server.snapshot.auto.trigger.enabled = true (custom)
2019-08-29 08:47:10,208 [pool-57-thread-1] INFO  server.RaftServerConfigKeys (ConfUtils.java:logGet(43)) - raft.server.snapshot.auto.trigger.threshold = 10000 (custom)
2019-08-29 08:47:10,208 [pool-27-thread-1] INFO  server.RaftServerConfigKeys (ConfUtils.java:logGet(43)) - raft.server.snapshot.auto.trigger.enabled = true (custom)
2019-08-29 08:47:10,208 [pool-57-thread-1] INFO  server.RaftServerConfigKeys (ConfUtils.java:logGet(43)) - raft.server.retrycache.expirytime = 600000ms (custom)
2019-08-29 08:47:10,208 [pool-27-thread-1] INFO  server.RaftServerConfigKeys (ConfUtils.java:logGet(43)) - raft.server.snapshot.auto.trigger.threshold = 10000 (custom)
2019-08-29 08:47:10,209 [pool-57-thread-1] INFO  impl.RaftServerImpl (RaftServerImpl.java:start(180)) - 37fb6585-bd86-49e3-96c6-47308e6afbcf: start group-99B3E677189C
2019-08-29 08:47:10,209 [pool-27-thread-1] INFO  server.RaftServerConfigKeys (ConfUtils.java:logGet(43)) - raft.server.retrycache.expirytime = 600000ms (custom)
2019-08-29 08:47:10,209 [pool-57-thread-1] INFO  impl.RaftServerImpl (RaftServerImpl.java:setRole(171)) - 37fb6585-bd86-49e3-96c6-47308e6afbcf:group-99B3E677189C changes role from null to FOLLOWER at term 0 for startAsFollower
2019-08-29 08:47:10,209 [pool-27-thread-1] INFO  impl.RaftServerImpl (RaftServerImpl.java:start(180)) - d92499b0-1b7f-4387-8ba6-ffcf7cff46e6: start group-99B3E677189C
2019-08-29 08:47:10,209 [pool-57-thread-1] INFO  impl.RoleInfo (RoleInfo.java:updateAndGet(143)) - 37fb6585-bd86-49e3-96c6-47308e6afbcf: start FollowerState
2019-08-29 08:47:10,209 [pool-27-thread-1] INFO  impl.RaftServerImpl (RaftServerImpl.java:setRole(171)) - d92499b0-1b7f-4387-8ba6-ffcf7cff46e6:group-99B3E677189C changes role from null to FOLLOWER at term 0 for startAsFollower
2019-08-29 08:47:10,209 [pool-27-thread-1] INFO  impl.RoleInfo (RoleInfo.java:updateAndGet(143)) - d92499b0-1b7f-4387-8ba6-ffcf7cff46e6: start FollowerState
2019-08-29 08:47:10,209 [pool-57-thread-1] INFO  util.JmxRegister (JmxRegister.java:tryRegister(44)) - Successfully registered JMX Bean with object name Ratis:service=RaftServer,group=group-99B3E677189C,id=37fb6585-bd86-49e3-96c6-47308e6afbcf
2019-08-29 08:47:10,209 [pool-27-thread-1] INFO  util.JmxRegister (JmxRegister.java:tryRegister(44)) - Successfully registered JMX Bean with object name Ratis:service=RaftServer,group=group-99B3E677189C,id=d92499b0-1b7f-4387-8ba6-ffcf7cff46e6
2019-08-29 08:47:10,226 [RatisPipelineUtilsThread] INFO  pipeline.PipelineStateManager (PipelineStateManager.java:addPipeline(56)) - Created pipeline Pipeline[ Id: 054fdc03-55bb-4efd-8db9-99b3e677189c, Nodes: 37fb6585-bd86-49e3-96c6-47308e6afbcf{ip: 192.168.5.176, host: pr-hdds-1909-44d2n-1519487446, networkLocation: /default-rack, certSerialId: null}dd40d4a5-aa3f-4ebf-9cec-f561545fceec{ip: 192.168.5.176, host: pr-hdds-1909-44d2n-1519487446, networkLocation: /default-rack, certSerialId: null}d92499b0-1b7f-4387-8ba6-ffcf7cff46e6{ip: 192.168.5.176, host: pr-hdds-1909-44d2n-1519487446, networkLocation: /default-rack, certSerialId: null}, Type:RATIS, Factor:THREE, State:OPEN]
2019-08-29 08:47:10,235 | INFO  | SCMAudit | user=jenkins1000 | ip=192.168.5.176 | op=SEND_HEARTBEAT {datanodeUUID=d92499b0-1b7f-4387-8ba6-ffcf7cff46e6, command=[]} | ret=SUCCESS |  
2019-08-29 08:47:10,240 [d92499b0-1b7f-4387-8ba6-ffcf7cff46e6:group-8C9C71E7F381:LeaderElection1] INFO  segmented.SegmentedRaftLogWorker (SegmentedRaftLogWorker.java:startLogSegment(380)) - d92499b0-1b7f-4387-8ba6-ffcf7cff46e6-SegmentedRaftLogWorker:Storage Directory /workdir/hadoop-ozone/integration-test/target/test-dir/MiniOzoneClusterImpl-0396b80d-4163-4a3b-9db9-4b816fc820e4/datanode-0/data/ratis/fa49bd65-13dc-40e0-a648-8c9c71e7f381: Starting segment from index:0
2019-08-29 08:47:10,248 [d92499b0-1b7f-4387-8ba6-ffcf7cff46e6:group-8C9C71E7F381:LeaderElection1] INFO  impl.RaftServerImpl (ServerState.java:setRaftConf(361)) - d92499b0-1b7f-4387-8ba6-ffcf7cff46e6:group-8C9C71E7F381 set configuration 0: [d92499b0-1b7f-4387-8ba6-ffcf7cff46e6:192.168.5.176:34281], old=null at 0
2019-08-29 08:47:10,270 [Thread-290] INFO  impl.FollowerState (FollowerState.java:run(106)) - 2256733f-555b-4f0d-8703-18eb36ab43de:group-ACE782DD6A22 changes to CANDIDATE, lastRpcTime:1020, electionTimeout:1020ms
2019-08-29 08:47:10,273 [Thread-290] INFO  impl.RoleInfo (RoleInfo.java:shutdownFollowerState(121)) - 2256733f-555b-4f0d-8703-18eb36ab43de: shutdown FollowerState
2019-08-29 08:47:10,273 [Thread-290] INFO  impl.RaftServerImpl (RaftServerImpl.java:setRole(171)) - 2256733f-555b-4f0d-8703-18eb36ab43de:group-ACE782DD6A22 changes role from FOLLOWER to CANDIDATE at term 0 for changeToCandidate
2019-08-29 08:47:10,273 [Thread-290] INFO  impl.RoleInfo (RoleInfo.java:updateAndGet(143)) - 2256733f-555b-4f0d-8703-18eb36ab43de: start LeaderElection
2019-08-29 08:47:10,289 | INFO  | SCMAudit | user=jenkins1000 | ip=192.168.5.176 | op=SEND_HEARTBEAT {datanodeUUID=2256733f-555b-4f0d-8703-18eb36ab43de, command=[]} | ret=SUCCESS |  
2019-08-29 08:47:10,298 [2256733f-555b-4f0d-8703-18eb36ab43de:group-ACE782DD6A22:LeaderElection2] INFO  impl.LeaderElection (LeaderElection.java:askForVotes(181)) - 2256733f-555b-4f0d-8703-18eb36ab43de:group-ACE782DD6A22:LeaderElection2: begin an election at term 1 for -1: [2256733f-555b-4f0d-8703-18eb36ab43de:192.168.5.176:35960], old=null
2019-08-29 08:47:10,301 [2256733f-555b-4f0d-8703-18eb36ab43de:group-ACE782DD6A22:LeaderElection2] INFO  impl.RoleInfo (RoleInfo.java:shutdownLeaderElection(134)) - 2256733f-555b-4f0d-8703-18eb36ab43de: shutdown LeaderElection
2019-08-29 08:47:10,301 [2256733f-555b-4f0d-8703-18eb36ab43de:group-ACE782DD6A22:LeaderElection2] INFO  impl.RaftServerImpl (RaftServerImpl.java:setRole(171)) - 2256733f-555b-4f0d-8703-18eb36ab43de:group-ACE782DD6A22 changes role from CANDIDATE to LEADER at term 1 for changeToLeader
2019-08-29 08:47:10,301 [2256733f-555b-4f0d-8703-18eb36ab43de:group-ACE782DD6A22:LeaderElection2] INFO  impl.RaftServerImpl (ServerState.java:setLeader(263)) - 2256733f-555b-4f0d-8703-18eb36ab43de:group-ACE782DD6A22 change Leader from null to 2256733f-555b-4f0d-8703-18eb36ab43de at term 1 for becomeLeader, leader elected after 1055ms
2019-08-29 08:47:10,302 [2256733f-555b-4f0d-8703-18eb36ab43de:group-ACE782DD6A22:LeaderElection2] INFO  server.RaftServerConfigKeys (ConfUtils.java:logGet(43)) - raft.server.staging.catchup.gap = 1000 (default)
2019-08-29 08:47:10,302 [2256733f-555b-4f0d-8703-18eb36ab43de:group-ACE782DD6A22:LeaderElection2] INFO  server.RaftServerConfigKeys (ConfUtils.java:logGet(43)) - raft.server.rpc.sleep.time = 25ms (default)
2019-08-29 08:47:10,302 [2256733f-555b-4f0d-8703-18eb36ab43de:group-ACE782DD6A22:LeaderElection2] INFO  server.RaftServerConfigKeys (ConfUtils.java:logGet(43)) - raft.server.write.element-limit = 4096 (default)
2019-08-29 08:47:10,302 [2256733f-555b-4f0d-8703-18eb36ab43de:group-ACE782DD6A22:LeaderElection2] INFO  server.RaftServerConfigKeys (ConfUtils.java:logGet(43)) - raft.server.watch.timeout = 10s (default)
2019-08-29 08:47:10,302 [2256733f-555b-4f0d-8703-18eb36ab43de:group-ACE782DD6A22:LeaderElection2] INFO  server.RaftServerConfigKeys (ConfUtils.java:logGet(43)) - raft.server.watch.timeout.denomination = 1s (default)
2019-08-29 08:47:10,302 [2256733f-555b-4f0d-8703-18eb36ab43de:group-ACE782DD6A22:LeaderElection2] INFO  server.RaftServerConfigKeys (ConfUtils.java:logGet(43)) - raft.server.watch.element-limit = 65536 (default)
2019-08-29 08:47:10,302 [2256733f-555b-4f0d-8703-18eb36ab43de:group-ACE782DD6A22:LeaderElection2] INFO  impl.RoleInfo (RoleInfo.java:updateAndGet(143)) - 2256733f-555b-4f0d-8703-18eb36ab43de: start LeaderState
2019-08-29 08:47:10,302 [2256733f-555b-4f0d-8703-18eb36ab43de:group-ACE782DD6A22:LeaderElection2] INFO  segmented.SegmentedRaftLogWorker (SegmentedRaftLogWorker.java:startLogSegment(380)) - 2256733f-555b-4f0d-8703-18eb36ab43de-SegmentedRaftLogWorker:Storage Directory /workdir/hadoop-ozone/integration-test/target/test-dir/MiniOzoneClusterImpl-0396b80d-4163-4a3b-9db9-4b816fc820e4/datanode-1/data/ratis/bb29b3fa-4f02-4889-b4bc-ace782dd6a22: Starting segment from index:0
2019-08-29 08:47:10,303 [2256733f-555b-4f0d-8703-18eb36ab43de:group-ACE782DD6A22:LeaderElection2] INFO  impl.RaftServerImpl (ServerState.java:setRaftConf(361)) - 2256733f-555b-4f0d-8703-18eb36ab43de:group-ACE782DD6A22 set configuration 0: [2256733f-555b-4f0d-8703-18eb36ab43de:192.168.5.176:35960], old=null at 0
2019-08-29 08:47:10,310 [Thread-287] INFO  impl.FollowerState (FollowerState.java:run(106)) - 3a39fbaa-14da-4624-bf1d-aa1db02e0173:group-4B0355B885B6 changes to CANDIDATE, lastRpcTime:1139, electionTimeout:1137ms
2019-08-29 08:47:10,310 [Thread-287] INFO  impl.RoleInfo (RoleInfo.java:shutdownFollowerState(121)) - 3a39fbaa-14da-4624-bf1d-aa1db02e0173: shutdown FollowerState
2019-08-29 08:47:10,310 [Thread-287] INFO  impl.RaftServerImpl (RaftServerImpl.java:setRole(171)) - 3a39fbaa-14da-4624-bf1d-aa1db02e0173:group-4B0355B885B6 changes role from FOLLOWER to CANDIDATE at term 0 for changeToCandidate
2019-08-29 08:47:10,310 [Thread-287] INFO  impl.RoleInfo (RoleInfo.java:updateAndGet(143)) - 3a39fbaa-14da-4624-bf1d-aa1db02e0173: start LeaderElection
2019-08-29 08:47:10,319 [3a39fbaa-14da-4624-bf1d-aa1db02e0173:group-4B0355B885B6:LeaderElection3] INFO  impl.LeaderElection (LeaderElection.java:askForVotes(181)) - 3a39fbaa-14da-4624-bf1d-aa1db02e0173:group-4B0355B885B6:LeaderElection3: begin an election at term 1 for -1: [3a39fbaa-14da-4624-bf1d-aa1db02e0173:192.168.5.176:34585], old=null
2019-08-29 08:47:10,320 [3a39fbaa-14da-4624-bf1d-aa1db02e0173:group-4B0355B885B6:LeaderElection3] INFO  impl.RoleInfo (RoleInfo.java:shutdownLeaderElection(134)) - 3a39fbaa-14da-4624-bf1d-aa1db02e0173: shutdown LeaderElection
2019-08-29 08:47:10,320 [3a39fbaa-14da-4624-bf1d-aa1db02e0173:group-4B0355B885B6:LeaderElection3] INFO  impl.RaftServerImpl (RaftServerImpl.java:setRole(171)) - 3a39fbaa-14da-4624-bf1d-aa1db02e0173:group-4B0355B885B6 changes role from CANDIDATE to LEADER at term 1 for changeToLeader
2019-08-29 08:47:10,320 [3a39fbaa-14da-4624-bf1d-aa1db02e0173:group-4B0355B885B6:LeaderElection3] INFO  impl.RaftServerImpl (ServerState.java:setLeader(263)) - 3a39fbaa-14da-4624-bf1d-aa1db02e0173:group-4B0355B885B6 change Leader from null to 3a39fbaa-14da-4624-bf1d-aa1db02e0173 at term 1 for becomeLeader, leader elected after 1154ms
2019-08-29 08:47:10,320 [3a39fbaa-14da-4624-bf1d-aa1db02e0173:group-4B0355B885B6:LeaderElection3] INFO  server.RaftServerConfigKeys (ConfUtils.java:logGet(43)) - raft.server.staging.catchup.gap = 1000 (default)
2019-08-29 08:47:10,320 [3a39fbaa-14da-4624-bf1d-aa1db02e0173:group-4B0355B885B6:LeaderElection3] INFO  server.RaftServerConfigKeys (ConfUtils.java:logGet(43)) - raft.server.rpc.sleep.time = 25ms (default)
2019-08-29 08:47:10,320 [3a39fbaa-14da-4624-bf1d-aa1db02e0173:group-4B0355B885B6:LeaderElection3] INFO  server.RaftServerConfigKeys (ConfUtils.java:logGet(43)) - raft.server.write.element-limit = 4096 (default)
2019-08-29 08:47:10,320 [3a39fbaa-14da-4624-bf1d-aa1db02e0173:group-4B0355B885B6:LeaderElection3] INFO  server.RaftServerConfigKeys (ConfUtils.java:logGet(43)) - raft.server.watch.timeout = 10s (default)
2019-08-29 08:47:10,320 [3a39fbaa-14da-4624-bf1d-aa1db02e0173:group-4B0355B885B6:LeaderElection3] INFO  server.RaftServerConfigKeys (ConfUtils.java:logGet(43)) - raft.server.watch.timeout.denomination = 1s (default)
2019-08-29 08:47:10,321 [3a39fbaa-14da-4624-bf1d-aa1db02e0173:group-4B0355B885B6:LeaderElection3] INFO  server.RaftServerConfigKeys (ConfUtils.java:logGet(43)) - raft.server.watch.element-limit = 65536 (default)
2019-08-29 08:47:10,321 [3a39fbaa-14da-4624-bf1d-aa1db02e0173:group-4B0355B885B6:LeaderElection3] INFO  impl.RoleInfo (RoleInfo.java:updateAndGet(143)) - 3a39fbaa-14da-4624-bf1d-aa1db02e0173: start LeaderState
2019-08-29 08:47:10,321 [3a39fbaa-14da-4624-bf1d-aa1db02e0173:group-4B0355B885B6:LeaderElection3] INFO  segmented.SegmentedRaftLogWorker (SegmentedRaftLogWorker.java:startLogSegment(380)) - 3a39fbaa-14da-4624-bf1d-aa1db02e0173-SegmentedRaftLogWorker:Storage Directory /workdir/hadoop-ozone/integration-test/target/test-dir/MiniOzoneClusterImpl-0396b80d-4163-4a3b-9db9-4b816fc820e4/datanode-2/data/ratis/4cb377d3-3f60-44f4-b3d0-4b0355b885b6: Starting segment from index:0
2019-08-29 08:47:10,321 [3a39fbaa-14da-4624-bf1d-aa1db02e0173:group-4B0355B885B6:LeaderElection3] INFO  impl.RaftServerImpl (ServerState.java:setRaftConf(361)) - 3a39fbaa-14da-4624-bf1d-aa1db02e0173:group-4B0355B885B6 set configuration 0: [3a39fbaa-14da-4624-bf1d-aa1db02e0173:192.168.5.176:34585], old=null at 0
2019-08-29 08:47:10,359 | INFO  | SCMAudit | user=jenkins1000 | ip=192.168.5.176 | op=SEND_HEARTBEAT {datanodeUUID=3a39fbaa-14da-4624-bf1d-aa1db02e0173, command=[]} | ret=SUCCESS |  
2019-08-29 08:47:10,443 | INFO  | SCMAudit | user=jenkins1000 | ip=192.168.5.176 | op=SEND_HEARTBEAT {datanodeUUID=37fb6585-bd86-49e3-96c6-47308e6afbcf, command=[]} | ret=SUCCESS |  
2019-08-29 08:47:10,477 [Thread-296] INFO  impl.FollowerState (FollowerState.java:run(106)) - d2610440-16a5-46aa-8011-5e9b2b98e89e:group-9EABDA1844DA changes to CANDIDATE, lastRpcTime:1041, electionTimeout:1041ms
2019-08-29 08:47:10,478 [Thread-296] INFO  impl.RoleInfo (RoleInfo.java:shutdownFollowerState(121)) - d2610440-16a5-46aa-8011-5e9b2b98e89e: shutdown FollowerState
2019-08-29 08:47:10,478 [Thread-296] INFO  impl.RaftServerImpl (RaftServerImpl.java:setRole(171)) - d2610440-16a5-46aa-8011-5e9b2b98e89e:group-9EABDA1844DA changes role from FOLLOWER to CANDIDATE at term 0 for changeToCandidate
2019-08-29 08:47:10,478 [Thread-296] INFO  impl.RoleInfo (RoleInfo.java:updateAndGet(143)) - d2610440-16a5-46aa-8011-5e9b2b98e89e: start LeaderElection
2019-08-29 08:47:10,490 [Thread-293] INFO  impl.FollowerState (FollowerState.java:run(106)) - 823a7cbe-9ef5-429c-8255-e9ac46ec72ba:group-79C1E63759E6 changes to CANDIDATE, lastRpcTime:1148, electionTimeout:1148ms
2019-08-29 08:47:10,490 [Thread-293] INFO  impl.RoleInfo (RoleInfo.java:shutdownFollowerState(121)) - 823a7cbe-9ef5-429c-8255-e9ac46ec72ba: shutdown FollowerState
2019-08-29 08:47:10,490 [Thread-293] INFO  impl.RaftServerImpl (RaftServerImpl.java:setRole(171)) - 823a7cbe-9ef5-429c-8255-e9ac46ec72ba:group-79C1E63759E6 changes role from FOLLOWER to CANDIDATE at term 0 for changeToCandidate
2019-08-29 08:47:10,491 [Thread-293] INFO  impl.RoleInfo (RoleInfo.java:updateAndGet(143)) - 823a7cbe-9ef5-429c-8255-e9ac46ec72ba: start LeaderElection
2019-08-29 08:47:10,498 [3a39fbaa-14da-4624-bf1d-aa1db02e0173-SegmentedRaftLogWorker:Storage Directory /workdir/hadoop-ozone/integration-test/target/test-dir/MiniOzoneClusterImpl-0396b80d-4163-4a3b-9db9-4b816fc820e4/datanode-2/data/ratis/4cb377d3-3f60-44f4-b3d0-4b0355b885b6] INFO  segmented.SegmentedRaftLogWorker (SegmentedRaftLogWorker.java:execute(569)) - 3a39fbaa-14da-4624-bf1d-aa1db02e0173-SegmentedRaftLogWorker:Storage Directory /workdir/hadoop-ozone/integration-test/target/test-dir/MiniOzoneClusterImpl-0396b80d-4163-4a3b-9db9-4b816fc820e4/datanode-2/data/ratis/4cb377d3-3f60-44f4-b3d0-4b0355b885b6: created new log segment /workdir/hadoop-ozone/integration-test/target/test-dir/MiniOzoneClusterImpl-0396b80d-4163-4a3b-9db9-4b816fc820e4/datanode-2/data/ratis/4cb377d3-3f60-44f4-b3d0-4b0355b885b6/current/log_inprogress_0
2019-08-29 08:47:10,498 [2256733f-555b-4f0d-8703-18eb36ab43de-SegmentedRaftLogWorker:Storage Directory /workdir/hadoop-ozone/integration-test/target/test-dir/MiniOzoneClusterImpl-0396b80d-4163-4a3b-9db9-4b816fc820e4/datanode-1/data/ratis/bb29b3fa-4f02-4889-b4bc-ace782dd6a22] INFO  segmented.SegmentedRaftLogWorker (SegmentedRaftLogWorker.java:execute(569)) - 2256733f-555b-4f0d-8703-18eb36ab43de-SegmentedRaftLogWorker:Storage Directory /workdir/hadoop-ozone/integration-test/target/test-dir/MiniOzoneClusterImpl-0396b80d-4163-4a3b-9db9-4b816fc820e4/datanode-1/data/ratis/bb29b3fa-4f02-4889-b4bc-ace782dd6a22: created new log segment /workdir/hadoop-ozone/integration-test/target/test-dir/MiniOzoneClusterImpl-0396b80d-4163-4a3b-9db9-4b816fc820e4/datanode-1/data/ratis/bb29b3fa-4f02-4889-b4bc-ace782dd6a22/current/log_inprogress_0
2019-08-29 08:47:10,498 [d92499b0-1b7f-4387-8ba6-ffcf7cff46e6-SegmentedRaftLogWorker:Storage Directory /workdir/hadoop-ozone/integration-test/target/test-dir/MiniOzoneClusterImpl-0396b80d-4163-4a3b-9db9-4b816fc820e4/datanode-0/data/ratis/fa49bd65-13dc-40e0-a648-8c9c71e7f381] INFO  segmented.SegmentedRaftLogWorker (SegmentedRaftLogWorker.java:execute(569)) - d92499b0-1b7f-4387-8ba6-ffcf7cff46e6-SegmentedRaftLogWorker:Storage Directory /workdir/hadoop-ozone/integration-test/target/test-dir/MiniOzoneClusterImpl-0396b80d-4163-4a3b-9db9-4b816fc820e4/datanode-0/data/ratis/fa49bd65-13dc-40e0-a648-8c9c71e7f381: created new log segment /workdir/hadoop-ozone/integration-test/target/test-dir/MiniOzoneClusterImpl-0396b80d-4163-4a3b-9db9-4b816fc820e4/datanode-0/data/ratis/fa49bd65-13dc-40e0-a648-8c9c71e7f381/current/log_inprogress_0
2019-08-29 08:47:10,500 | INFO  | SCMAudit | user=jenkins1000 | ip=192.168.5.176 | op=SEND_HEARTBEAT {datanodeUUID=dd40d4a5-aa3f-4ebf-9cec-f561545fceec, command=[]} | ret=SUCCESS |  
2019-08-29 08:47:10,500 [823a7cbe-9ef5-429c-8255-e9ac46ec72ba:group-79C1E63759E6:LeaderElection5] INFO  impl.LeaderElection (LeaderElection.java:askForVotes(181)) - 823a7cbe-9ef5-429c-8255-e9ac46ec72ba:group-79C1E63759E6:LeaderElection5: begin an election at term 1 for -1: [823a7cbe-9ef5-429c-8255-e9ac46ec72ba:192.168.5.176:37287], old=null
2019-08-29 08:47:10,500 [d2610440-16a5-46aa-8011-5e9b2b98e89e:group-9EABDA1844DA:LeaderElection4] INFO  impl.LeaderElection (LeaderElection.java:askForVotes(181)) - d2610440-16a5-46aa-8011-5e9b2b98e89e:group-9EABDA1844DA:LeaderElection4: begin an election at term 1 for -1: [d2610440-16a5-46aa-8011-5e9b2b98e89e:192.168.5.176:44963], old=null
2019-08-29 08:47:10,504 [823a7cbe-9ef5-429c-8255-e9ac46ec72ba:group-79C1E63759E6:LeaderElection5] INFO  impl.RoleInfo (RoleInfo.java:shutdownLeaderElection(134)) - 823a7cbe-9ef5-429c-8255-e9ac46ec72ba: shutdown LeaderElection
2019-08-29 08:47:10,504 [d2610440-16a5-46aa-8011-5e9b2b98e89e:group-9EABDA1844DA:LeaderElection4] INFO  impl.RoleInfo (RoleInfo.java:shutdownLeaderElection(134)) - d2610440-16a5-46aa-8011-5e9b2b98e89e: shutdown LeaderElection
2019-08-29 08:47:10,504 [823a7cbe-9ef5-429c-8255-e9ac46ec72ba:group-79C1E63759E6:LeaderElection5] INFO  impl.RaftServerImpl (RaftServerImpl.java:setRole(171)) - 823a7cbe-9ef5-429c-8255-e9ac46ec72ba:group-79C1E63759E6 changes role from CANDIDATE to LEADER at term 1 for changeToLeader
2019-08-29 08:47:10,504 [d2610440-16a5-46aa-8011-5e9b2b98e89e:group-9EABDA1844DA:LeaderElection4] INFO  impl.RaftServerImpl (RaftServerImpl.java:setRole(171)) - d2610440-16a5-46aa-8011-5e9b2b98e89e:group-9EABDA1844DA changes role from CANDIDATE to LEADER at term 1 for changeToLeader
2019-08-29 08:47:10,504 [823a7cbe-9ef5-429c-8255-e9ac46ec72ba:group-79C1E63759E6:LeaderElection5] INFO  impl.RaftServerImpl (ServerState.java:setLeader(263)) - 823a7cbe-9ef5-429c-8255-e9ac46ec72ba:group-79C1E63759E6 change Leader from null to 823a7cbe-9ef5-429c-8255-e9ac46ec72ba at term 1 for becomeLeader, leader elected after 1167ms
2019-08-29 08:47:10,505 [d2610440-16a5-46aa-8011-5e9b2b98e89e:group-9EABDA1844DA:LeaderElection4] INFO  impl.RaftServerImpl (ServerState.java:setLeader(263)) - d2610440-16a5-46aa-8011-5e9b2b98e89e:group-9EABDA1844DA change Leader from null to d2610440-16a5-46aa-8011-5e9b2b98e89e at term 1 for becomeLeader, leader elected after 1073ms
2019-08-29 08:47:10,505 [823a7cbe-9ef5-429c-8255-e9ac46ec72ba:group-79C1E63759E6:LeaderElection5] INFO  server.RaftServerConfigKeys (ConfUtils.java:logGet(43)) - raft.server.staging.catchup.gap = 1000 (default)
2019-08-29 08:47:10,505 [d2610440-16a5-46aa-8011-5e9b2b98e89e:group-9EABDA1844DA:LeaderElection4] INFO  server.RaftServerConfigKeys (ConfUtils.java:logGet(43)) - raft.server.staging.catchup.gap = 1000 (default)
2019-08-29 08:47:10,505 [823a7cbe-9ef5-429c-8255-e9ac46ec72ba:group-79C1E63759E6:LeaderElection5] INFO  server.RaftServerConfigKeys (ConfUtils.java:logGet(43)) - raft.server.rpc.sleep.time = 25ms (default)
2019-08-29 08:47:10,505 [d2610440-16a5-46aa-8011-5e9b2b98e89e:group-9EABDA1844DA:LeaderElection4] INFO  server.RaftServerConfigKeys (ConfUtils.java:logGet(43)) - raft.server.rpc.sleep.time = 25ms (default)
2019-08-29 08:47:10,505 [823a7cbe-9ef5-429c-8255-e9ac46ec72ba:group-79C1E63759E6:LeaderElection5] INFO  server.RaftServerConfigKeys (ConfUtils.java:logGet(43)) - raft.server.write.element-limit = 4096 (default)
2019-08-29 08:47:10,505 [d2610440-16a5-46aa-8011-5e9b2b98e89e:group-9EABDA1844DA:LeaderElection4] INFO  server.RaftServerConfigKeys (ConfUtils.java:logGet(43)) - raft.server.write.element-limit = 4096 (default)
2019-08-29 08:47:10,505 [823a7cbe-9ef5-429c-8255-e9ac46ec72ba:group-79C1E63759E6:LeaderElection5] INFO  server.RaftServerConfigKeys (ConfUtils.java:logGet(43)) - raft.server.watch.timeout = 10s (default)
2019-08-29 08:47:10,505 [d2610440-16a5-46aa-8011-5e9b2b98e89e:group-9EABDA1844DA:LeaderElection4] INFO  server.RaftServerConfigKeys (ConfUtils.java:logGet(43)) - raft.server.watch.timeout = 10s (default)
2019-08-29 08:47:10,505 [823a7cbe-9ef5-429c-8255-e9ac46ec72ba:group-79C1E63759E6:LeaderElection5] INFO  server.RaftServerConfigKeys (ConfUtils.java:logGet(43)) - raft.server.watch.timeout.denomination = 1s (default)
2019-08-29 08:47:10,505 [d2610440-16a5-46aa-8011-5e9b2b98e89e:group-9EABDA1844DA:LeaderElection4] INFO  server.RaftServerConfigKeys (ConfUtils.java:logGet(43)) - raft.server.watch.timeout.denomination = 1s (default)
2019-08-29 08:47:10,505 [823a7cbe-9ef5-429c-8255-e9ac46ec72ba:group-79C1E63759E6:LeaderElection5] INFO  server.RaftServerConfigKeys (ConfUtils.java:logGet(43)) - raft.server.watch.element-limit = 65536 (default)
2019-08-29 08:47:10,506 [d2610440-16a5-46aa-8011-5e9b2b98e89e:group-9EABDA1844DA:LeaderElection4] INFO  server.RaftServerConfigKeys (ConfUtils.java:logGet(43)) - raft.server.watch.element-limit = 65536 (default)
2019-08-29 08:47:10,506 [823a7cbe-9ef5-429c-8255-e9ac46ec72ba:group-79C1E63759E6:LeaderElection5] INFO  impl.RoleInfo (RoleInfo.java:updateAndGet(143)) - 823a7cbe-9ef5-429c-8255-e9ac46ec72ba: start LeaderState
2019-08-29 08:47:10,506 [d2610440-16a5-46aa-8011-5e9b2b98e89e:group-9EABDA1844DA:LeaderElection4] INFO  impl.RoleInfo (RoleInfo.java:updateAndGet(143)) - d2610440-16a5-46aa-8011-5e9b2b98e89e: start LeaderState
2019-08-29 08:47:10,506 [823a7cbe-9ef5-429c-8255-e9ac46ec72ba:group-79C1E63759E6:LeaderElection5] INFO  segmented.SegmentedRaftLogWorker (SegmentedRaftLogWorker.java:startLogSegment(380)) - 823a7cbe-9ef5-429c-8255-e9ac46ec72ba-SegmentedRaftLogWorker:Storage Directory /workdir/hadoop-ozone/integration-test/target/test-dir/MiniOzoneClusterImpl-0396b80d-4163-4a3b-9db9-4b816fc820e4/datanode-6/data/ratis/15cb7ef3-7e5e-49db-a0a5-79c1e63759e6: Starting segment from index:0
2019-08-29 08:47:10,506 [d2610440-16a5-46aa-8011-5e9b2b98e89e:group-9EABDA1844DA:LeaderElection4] INFO  segmented.SegmentedRaftLogWorker (SegmentedRaftLogWorker.java:startLogSegment(380)) - d2610440-16a5-46aa-8011-5e9b2b98e89e-SegmentedRaftLogWorker:Storage Directory /workdir/hadoop-ozone/integration-test/target/test-dir/MiniOzoneClusterImpl-0396b80d-4163-4a3b-9db9-4b816fc820e4/datanode-8/data/ratis/297e31fa-1bda-4f15-9d90-9eabda1844da: Starting segment from index:0
2019-08-29 08:47:10,506 [823a7cbe-9ef5-429c-8255-e9ac46ec72ba:group-79C1E63759E6:LeaderElection5] INFO  impl.RaftServerImpl (ServerState.java:setRaftConf(361)) - 823a7cbe-9ef5-429c-8255-e9ac46ec72ba:group-79C1E63759E6 set configuration 0: [823a7cbe-9ef5-429c-8255-e9ac46ec72ba:192.168.5.176:37287], old=null at 0
2019-08-29 08:47:10,534 [d2610440-16a5-46aa-8011-5e9b2b98e89e:group-9EABDA1844DA:LeaderElection4] INFO  impl.RaftServerImpl (ServerState.java:setRaftConf(361)) - d2610440-16a5-46aa-8011-5e9b2b98e89e:group-9EABDA1844DA set configuration 0: [d2610440-16a5-46aa-8011-5e9b2b98e89e:192.168.5.176:44963], old=null at 0
2019-08-29 08:47:10,545 [Thread-299] INFO  impl.FollowerState (FollowerState.java:run(106)) - 62127296-10ba-4bda-9b01-f27ba8bd8737:group-04FC4E6350CE changes to CANDIDATE, lastRpcTime:1033, electionTimeout:1028ms
2019-08-29 08:47:10,550 [d2610440-16a5-46aa-8011-5e9b2b98e89e-SegmentedRaftLogWorker:Storage Directory /workdir/hadoop-ozone/integration-test/target/test-dir/MiniOzoneClusterImpl-0396b80d-4163-4a3b-9db9-4b816fc820e4/datanode-8/data/ratis/297e31fa-1bda-4f15-9d90-9eabda1844da] INFO  segmented.SegmentedRaftLogWorker (SegmentedRaftLogWorker.java:execute(569)) - d2610440-16a5-46aa-8011-5e9b2b98e89e-SegmentedRaftLogWorker:Storage Directory /workdir/hadoop-ozone/integration-test/target/test-dir/MiniOzoneClusterImpl-0396b80d-4163-4a3b-9db9-4b816fc820e4/datanode-8/data/ratis/297e31fa-1bda-4f15-9d90-9eabda1844da: created new log segment /workdir/hadoop-ozone/integration-test/target/test-dir/MiniOzoneClusterImpl-0396b80d-4163-4a3b-9db9-4b816fc820e4/datanode-8/data/ratis/297e31fa-1bda-4f15-9d90-9eabda1844da/current/log_inprogress_0
2019-08-29 08:47:10,550 [823a7cbe-9ef5-429c-8255-e9ac46ec72ba-SegmentedRaftLogWorker:Storage Directory /workdir/hadoop-ozone/integration-test/target/test-dir/MiniOzoneClusterImpl-0396b80d-4163-4a3b-9db9-4b816fc820e4/datanode-6/data/ratis/15cb7ef3-7e5e-49db-a0a5-79c1e63759e6] INFO  segmented.SegmentedRaftLogWorker (SegmentedRaftLogWorker.java:execute(569)) - 823a7cbe-9ef5-429c-8255-e9ac46ec72ba-SegmentedRaftLogWorker:Storage Directory /workdir/hadoop-ozone/integration-test/target/test-dir/MiniOzoneClusterImpl-0396b80d-4163-4a3b-9db9-4b816fc820e4/datanode-6/data/ratis/15cb7ef3-7e5e-49db-a0a5-79c1e63759e6: created new log segment /workdir/hadoop-ozone/integration-test/target/test-dir/MiniOzoneClusterImpl-0396b80d-4163-4a3b-9db9-4b816fc820e4/datanode-6/data/ratis/15cb7ef3-7e5e-49db-a0a5-79c1e63759e6/current/log_inprogress_0
2019-08-29 08:47:10,552 [Thread-299] INFO  impl.RoleInfo (RoleInfo.java:shutdownFollowerState(121)) - 62127296-10ba-4bda-9b01-f27ba8bd8737: shutdown FollowerState
2019-08-29 08:47:10,559 [Thread-299] INFO  impl.RaftServerImpl (RaftServerImpl.java:setRole(171)) - 62127296-10ba-4bda-9b01-f27ba8bd8737:group-04FC4E6350CE changes role from FOLLOWER to CANDIDATE at term 0 for changeToCandidate
2019-08-29 08:47:10,560 [Thread-299] INFO  impl.RoleInfo (RoleInfo.java:updateAndGet(143)) - 62127296-10ba-4bda-9b01-f27ba8bd8737: start LeaderElection
2019-08-29 08:47:10,570 | INFO  | SCMAudit | user=jenkins1000 | ip=192.168.5.176 | op=SEND_HEARTBEAT {datanodeUUID=f03f170c-33d9-4b6f-9b91-57603dd43a1e, command=[]} | ret=SUCCESS |  
2019-08-29 08:47:10,575 [main] INFO  rpc.RpcClient (RpcClient.java:createVolume(293)) - Creating Volume: datanodefailurehandlingtest, with jenkins1000 as owner.
2019-08-29 08:47:10,578 [62127296-10ba-4bda-9b01-f27ba8bd8737:group-04FC4E6350CE:LeaderElection6] INFO  impl.LeaderElection (LeaderElection.java:askForVotes(181)) - 62127296-10ba-4bda-9b01-f27ba8bd8737:group-04FC4E6350CE:LeaderElection6: begin an election at term 1 for -1: [62127296-10ba-4bda-9b01-f27ba8bd8737:192.168.5.176:45010], old=null
2019-08-29 08:47:10,578 [62127296-10ba-4bda-9b01-f27ba8bd8737:group-04FC4E6350CE:LeaderElection6] INFO  impl.RoleInfo (RoleInfo.java:shutdownLeaderElection(134)) - 62127296-10ba-4bda-9b01-f27ba8bd8737: shutdown LeaderElection
2019-08-29 08:47:10,579 [62127296-10ba-4bda-9b01-f27ba8bd8737:group-04FC4E6350CE:LeaderElection6] INFO  impl.RaftServerImpl (RaftServerImpl.java:setRole(171)) - 62127296-10ba-4bda-9b01-f27ba8bd8737:group-04FC4E6350CE changes role from CANDIDATE to LEADER at term 1 for changeToLeader
2019-08-29 08:47:10,579 [62127296-10ba-4bda-9b01-f27ba8bd8737:group-04FC4E6350CE:LeaderElection6] INFO  impl.RaftServerImpl (ServerState.java:setLeader(263)) - 62127296-10ba-4bda-9b01-f27ba8bd8737:group-04FC4E6350CE change Leader from null to 62127296-10ba-4bda-9b01-f27ba8bd8737 at term 1 for becomeLeader, leader elected after 1073ms
2019-08-29 08:47:10,579 [62127296-10ba-4bda-9b01-f27ba8bd8737:group-04FC4E6350CE:LeaderElection6] INFO  server.RaftServerConfigKeys (ConfUtils.java:logGet(43)) - raft.server.staging.catchup.gap = 1000 (default)
2019-08-29 08:47:10,579 [62127296-10ba-4bda-9b01-f27ba8bd8737:group-04FC4E6350CE:LeaderElection6] INFO  server.RaftServerConfigKeys (ConfUtils.java:logGet(43)) - raft.server.rpc.sleep.time = 25ms (default)
2019-08-29 08:47:10,579 [62127296-10ba-4bda-9b01-f27ba8bd8737:group-04FC4E6350CE:LeaderElection6] INFO  server.RaftServerConfigKeys (ConfUtils.java:logGet(43)) - raft.server.write.element-limit = 4096 (default)
2019-08-29 08:47:10,579 [62127296-10ba-4bda-9b01-f27ba8bd8737:group-04FC4E6350CE:LeaderElection6] INFO  server.RaftServerConfigKeys (ConfUtils.java:logGet(43)) - raft.server.watch.timeout = 10s (default)
2019-08-29 08:47:10,579 [62127296-10ba-4bda-9b01-f27ba8bd8737:group-04FC4E6350CE:LeaderElection6] INFO  server.RaftServerConfigKeys (ConfUtils.java:logGet(43)) - raft.server.watch.timeout.denomination = 1s (default)
2019-08-29 08:47:10,579 [62127296-10ba-4bda-9b01-f27ba8bd8737:group-04FC4E6350CE:LeaderElection6] INFO  server.RaftServerConfigKeys (ConfUtils.java:logGet(43)) - raft.server.watch.element-limit = 65536 (default)
2019-08-29 08:47:10,579 [62127296-10ba-4bda-9b01-f27ba8bd8737:group-04FC4E6350CE:LeaderElection6] INFO  impl.RoleInfo (RoleInfo.java:updateAndGet(143)) - 62127296-10ba-4bda-9b01-f27ba8bd8737: start LeaderState
2019-08-29 08:47:10,580 [62127296-10ba-4bda-9b01-f27ba8bd8737:group-04FC4E6350CE:LeaderElection6] INFO  segmented.SegmentedRaftLogWorker (SegmentedRaftLogWorker.java:startLogSegment(380)) - 62127296-10ba-4bda-9b01-f27ba8bd8737-SegmentedRaftLogWorker:Storage Directory /workdir/hadoop-ozone/integration-test/target/test-dir/MiniOzoneClusterImpl-0396b80d-4163-4a3b-9db9-4b816fc820e4/datanode-9/data/ratis/32e3f9b7-5311-40b4-abcd-04fc4e6350ce: Starting segment from index:0
2019-08-29 08:47:10,580 [62127296-10ba-4bda-9b01-f27ba8bd8737:group-04FC4E6350CE:LeaderElection6] INFO  impl.RaftServerImpl (ServerState.java:setRaftConf(361)) - 62127296-10ba-4bda-9b01-f27ba8bd8737:group-04FC4E6350CE set configuration 0: [62127296-10ba-4bda-9b01-f27ba8bd8737:192.168.5.176:45010], old=null at 0
2019-08-29 08:47:10,953 [Thread-315] INFO  impl.FollowerState (FollowerState.java:run(106)) - 823a7cbe-9ef5-429c-8255-e9ac46ec72ba:group-CDBD8F166C83 changes to CANDIDATE, lastRpcTime:1041, electionTimeout:1024ms
2019-08-29 08:47:10,956 [Thread-305] INFO  impl.FollowerState (FollowerState.java:run(106)) - 37fb6585-bd86-49e3-96c6-47308e6afbcf:group-3159BB0ABB03 changes to CANDIDATE, lastRpcTime:1287, electionTimeout:1025ms
2019-08-29 08:47:10,956 [Thread-302] INFO  impl.FollowerState (FollowerState.java:run(106)) - 4372d764-1931-406f-887c-7b5d1b7ac3a6:group-83DF56F1B588 changes to CANDIDATE, lastRpcTime:1367, electionTimeout:1196ms
2019-08-29 08:47:10,955 [Thread-308] INFO  impl.FollowerState (FollowerState.java:run(106)) - dd40d4a5-aa3f-4ebf-9cec-f561545fceec:group-540B27701E44 changes to CANDIDATE, lastRpcTime:1200, electionTimeout:1045ms
2019-08-29 08:47:10,962 [Thread-302] INFO  impl.RoleInfo (RoleInfo.java:shutdownFollowerState(121)) - 4372d764-1931-406f-887c-7b5d1b7ac3a6: shutdown FollowerState
2019-08-29 08:47:10,960 [Thread-305] INFO  impl.RoleInfo (RoleInfo.java:shutdownFollowerState(121)) - 37fb6585-bd86-49e3-96c6-47308e6afbcf: shutdown FollowerState
2019-08-29 08:47:10,960 [Thread-315] INFO  impl.RoleInfo (RoleInfo.java:shutdownFollowerState(121)) - 823a7cbe-9ef5-429c-8255-e9ac46ec72ba: shutdown FollowerState
2019-08-29 08:47:10,965 [Thread-305] INFO  impl.RaftServerImpl (RaftServerImpl.java:setRole(171)) - 37fb6585-bd86-49e3-96c6-47308e6afbcf:group-3159BB0ABB03 changes role from FOLLOWER to CANDIDATE at term 0 for changeToCandidate
2019-08-29 08:47:10,963 [Thread-302] INFO  impl.RaftServerImpl (RaftServerImpl.java:setRole(171)) - 4372d764-1931-406f-887c-7b5d1b7ac3a6:group-83DF56F1B588 changes role from FOLLOWER to CANDIDATE at term 0 for changeToCandidate
2019-08-29 08:47:10,963 [Thread-308] INFO  impl.RoleInfo (RoleInfo.java:shutdownFollowerState(121)) - dd40d4a5-aa3f-4ebf-9cec-f561545fceec: shutdown FollowerState
2019-08-29 08:47:10,965 [Thread-302] INFO  impl.RoleInfo (RoleInfo.java:updateAndGet(143)) - 4372d764-1931-406f-887c-7b5d1b7ac3a6: start LeaderElection
2019-08-29 08:47:10,965 [Thread-305] INFO  impl.RoleInfo (RoleInfo.java:updateAndGet(143)) - 37fb6585-bd86-49e3-96c6-47308e6afbcf: start LeaderElection
2019-08-29 08:47:10,965 [Thread-315] INFO  impl.RaftServerImpl (RaftServerImpl.java:setRole(171)) - 823a7cbe-9ef5-429c-8255-e9ac46ec72ba:group-CDBD8F166C83 changes role from FOLLOWER to CANDIDATE at term 0 for changeToCandidate
2019-08-29 08:47:10,965 [Thread-308] INFO  impl.RaftServerImpl (RaftServerImpl.java:setRole(171)) - dd40d4a5-aa3f-4ebf-9cec-f561545fceec:group-540B27701E44 changes role from FOLLOWER to CANDIDATE at term 0 for changeToCandidate
2019-08-29 08:47:10,969 [Thread-315] INFO  impl.RoleInfo (RoleInfo.java:updateAndGet(143)) - 823a7cbe-9ef5-429c-8255-e9ac46ec72ba: start LeaderElection
2019-08-29 08:47:10,969 | INFO  | SCMAudit | user=jenkins1000 | ip=192.168.5.176 | op=SEND_HEARTBEAT {datanodeUUID=d2610440-16a5-46aa-8011-5e9b2b98e89e, command=[]} | ret=SUCCESS |  
2019-08-29 08:47:10,969 | INFO  | SCMAudit | user=jenkins1000 | ip=192.168.5.176 | op=SEND_HEARTBEAT {datanodeUUID=62127296-10ba-4bda-9b01-f27ba8bd8737, command=[]} | ret=SUCCESS |  
2019-08-29 08:47:10,969 [Thread-308] INFO  impl.RoleInfo (RoleInfo.java:updateAndGet(143)) - dd40d4a5-aa3f-4ebf-9cec-f561545fceec: start LeaderElection
2019-08-29 08:47:10,969 | INFO  | SCMAudit | user=jenkins1000 | ip=192.168.5.176 | op=SEND_HEARTBEAT {datanodeUUID=4372d764-1931-406f-887c-7b5d1b7ac3a6, command=[]} | ret=SUCCESS |  
2019-08-29 08:47:10,969 | INFO  | SCMAudit | user=jenkins1000 | ip=192.168.5.176 | op=SEND_HEARTBEAT {datanodeUUID=823a7cbe-9ef5-429c-8255-e9ac46ec72ba, command=[]} | ret=SUCCESS |  
2019-08-29 08:47:10,977 [Thread-308] WARN  impl.FollowerState (FollowerState.java:run(118)) - dd40d4a5-aa3f-4ebf-9cec-f561545fceec: FollowerState caught an exception
java.lang.IllegalStateException: ILLEGAL TRANSITION: In dd40d4a5-aa3f-4ebf-9cec-f561545fceec:group-540B27701E44:LeaderElection10, CLOSED -> RUNNING
	at org.apache.ratis.util.Preconditions.assertTrue(Preconditions.java:63)
	at org.apache.ratis.util.LifeCycle$State.validate(LifeCycle.java:123)
	at org.apache.ratis.util.LifeCycle.transition(LifeCycle.java:143)
	at org.apache.ratis.util.LifeCycle.startAndTransition(LifeCycle.java:203)
	at org.apache.ratis.server.impl.LeaderElection.start(LeaderElection.java:120)
	at org.apache.ratis.server.impl.RoleInfo.startLeaderElection(RoleInfo.java:128)
	at org.apache.ratis.server.impl.RaftServerImpl.changeToCandidate(RaftServerImpl.java:411)
	at org.apache.ratis.server.impl.FollowerState.run(FollowerState.java:109)
2019-08-29 08:47:10,981 [Thread-320] INFO  impl.FollowerState (FollowerState.java:run(106)) - 3a39fbaa-14da-4624-bf1d-aa1db02e0173:group-CDBD8F166C83 changes to CANDIDATE, lastRpcTime:1068, electionTimeout:1068ms
2019-08-29 08:47:10,981 [Thread-320] INFO  impl.RoleInfo (RoleInfo.java:shutdownFollowerState(121)) - 3a39fbaa-14da-4624-bf1d-aa1db02e0173: shutdown FollowerState
2019-08-29 08:47:10,981 [Thread-320] INFO  impl.RaftServerImpl (RaftServerImpl.java:setRole(171)) - 3a39fbaa-14da-4624-bf1d-aa1db02e0173:group-CDBD8F166C83 changes role from FOLLOWER to CANDIDATE at term 0 for changeToCandidate
2019-08-29 08:47:10,981 [Thread-320] INFO  impl.RoleInfo (RoleInfo.java:updateAndGet(143)) - 3a39fbaa-14da-4624-bf1d-aa1db02e0173: start LeaderElection
2019-08-29 08:47:10,989 | INFO  | OMAudit | user=jenkins1000 | ip=127.0.0.1 | op=CREATE_VOLUME {admin=jenkins1000, owner=jenkins1000, volume=datanodefailurehandlingtest, creationTime=1567068430590, quotaInBytes=1152921504606846976} | ret=SUCCESS |  
2019-08-29 08:47:10,991 [IPC Server handler 1 on 44627] INFO  volume.OMVolumeCreateRequest (OMVolumeCreateRequest.java:validateAndUpdateCache(189)) - created volume:datanodefailurehandlingtest for user:jenkins1000
2019-08-29 08:47:10,993 [62127296-10ba-4bda-9b01-f27ba8bd8737-SegmentedRaftLogWorker:Storage Directory /workdir/hadoop-ozone/integration-test/target/test-dir/MiniOzoneClusterImpl-0396b80d-4163-4a3b-9db9-4b816fc820e4/datanode-9/data/ratis/32e3f9b7-5311-40b4-abcd-04fc4e6350ce] INFO  segmented.SegmentedRaftLogWorker (SegmentedRaftLogWorker.java:execute(569)) - 62127296-10ba-4bda-9b01-f27ba8bd8737-SegmentedRaftLogWorker:Storage Directory /workdir/hadoop-ozone/integration-test/target/test-dir/MiniOzoneClusterImpl-0396b80d-4163-4a3b-9db9-4b816fc820e4/datanode-9/data/ratis/32e3f9b7-5311-40b4-abcd-04fc4e6350ce: created new log segment /workdir/hadoop-ozone/integration-test/target/test-dir/MiniOzoneClusterImpl-0396b80d-4163-4a3b-9db9-4b816fc820e4/datanode-9/data/ratis/32e3f9b7-5311-40b4-abcd-04fc4e6350ce/current/log_inprogress_0
2019-08-29 08:47:10,999 [Thread-311] INFO  impl.FollowerState (FollowerState.java:run(106)) - f03f170c-33d9-4b6f-9b91-57603dd43a1e:group-9AD13A7CBBB2 changes to CANDIDATE, lastRpcTime:1167, electionTimeout:1167ms
2019-08-29 08:47:10,999 [37fb6585-bd86-49e3-96c6-47308e6afbcf:group-3159BB0ABB03:LeaderElection7] INFO  impl.LeaderElection (LeaderElection.java:askForVotes(181)) - 37fb6585-bd86-49e3-96c6-47308e6afbcf:group-3159BB0ABB03:LeaderElection7: begin an election at term 1 for -1: [37fb6585-bd86-49e3-96c6-47308e6afbcf:192.168.5.176:35563], old=null
2019-08-29 08:47:11,000 [823a7cbe-9ef5-429c-8255-e9ac46ec72ba:group-CDBD8F166C83:LeaderElection9] INFO  impl.LeaderElection (LeaderElection.java:askForVotes(181)) - 823a7cbe-9ef5-429c-8255-e9ac46ec72ba:group-CDBD8F166C83:LeaderElection9: begin an election at term 1 for -1: [2256733f-555b-4f0d-8703-18eb36ab43de:192.168.5.176:35960, 3a39fbaa-14da-4624-bf1d-aa1db02e0173:192.168.5.176:34585, 823a7cbe-9ef5-429c-8255-e9ac46ec72ba:192.168.5.176:37287], old=null
2019-08-29 08:47:10,999 [Thread-311] INFO  impl.RoleInfo (RoleInfo.java:shutdownFollowerState(121)) - f03f170c-33d9-4b6f-9b91-57603dd43a1e: shutdown FollowerState
2019-08-29 08:47:10,999 [3a39fbaa-14da-4624-bf1d-aa1db02e0173:group-CDBD8F166C83:LeaderElection11] INFO  impl.LeaderElection (LeaderElection.java:askForVotes(181)) - 3a39fbaa-14da-4624-bf1d-aa1db02e0173:group-CDBD8F166C83:LeaderElection11: begin an election at term 1 for -1: [2256733f-555b-4f0d-8703-18eb36ab43de:192.168.5.176:35960, 3a39fbaa-14da-4624-bf1d-aa1db02e0173:192.168.5.176:34585, 823a7cbe-9ef5-429c-8255-e9ac46ec72ba:192.168.5.176:37287], old=null
2019-08-29 08:47:10,999 [4372d764-1931-406f-887c-7b5d1b7ac3a6:group-83DF56F1B588:LeaderElection8] INFO  impl.LeaderElection (LeaderElection.java:askForVotes(181)) - 4372d764-1931-406f-887c-7b5d1b7ac3a6:group-83DF56F1B588:LeaderElection8: begin an election at term 1 for -1: [4372d764-1931-406f-887c-7b5d1b7ac3a6:192.168.5.176:40296], old=null
2019-08-29 08:47:11,001 [Thread-311] INFO  impl.RaftServerImpl (RaftServerImpl.java:setRole(171)) - f03f170c-33d9-4b6f-9b91-57603dd43a1e:group-9AD13A7CBBB2 changes role from FOLLOWER to CANDIDATE at term 0 for changeToCandidate
2019-08-29 08:47:11,000 [37fb6585-bd86-49e3-96c6-47308e6afbcf:group-3159BB0ABB03:LeaderElection7] INFO  impl.RoleInfo (RoleInfo.java:shutdownLeaderElection(134)) - 37fb6585-bd86-49e3-96c6-47308e6afbcf: shutdown LeaderElection
2019-08-29 08:47:11,001 [Thread-311] INFO  impl.RoleInfo (RoleInfo.java:updateAndGet(143)) - f03f170c-33d9-4b6f-9b91-57603dd43a1e: start LeaderElection
2019-08-29 08:47:11,001 [4372d764-1931-406f-887c-7b5d1b7ac3a6:group-83DF56F1B588:LeaderElection8] INFO  impl.RoleInfo (RoleInfo.java:shutdownLeaderElection(134)) - 4372d764-1931-406f-887c-7b5d1b7ac3a6: shutdown LeaderElection
2019-08-29 08:47:11,001 [37fb6585-bd86-49e3-96c6-47308e6afbcf:group-3159BB0ABB03:LeaderElection7] INFO  impl.RaftServerImpl (RaftServerImpl.java:setRole(171)) - 37fb6585-bd86-49e3-96c6-47308e6afbcf:group-3159BB0ABB03 changes role from CANDIDATE to LEADER at term 1 for changeToLeader
2019-08-29 08:47:11,001 [4372d764-1931-406f-887c-7b5d1b7ac3a6:group-83DF56F1B588:LeaderElection8] INFO  impl.RaftServerImpl (RaftServerImpl.java:setRole(171)) - 4372d764-1931-406f-887c-7b5d1b7ac3a6:group-83DF56F1B588 changes role from CANDIDATE to LEADER at term 1 for changeToLeader
2019-08-29 08:47:11,006 [37fb6585-bd86-49e3-96c6-47308e6afbcf:group-3159BB0ABB03:LeaderElection7] INFO  impl.RaftServerImpl (ServerState.java:setLeader(263)) - 37fb6585-bd86-49e3-96c6-47308e6afbcf:group-3159BB0ABB03 change Leader from null to 37fb6585-bd86-49e3-96c6-47308e6afbcf at term 1 for becomeLeader, leader elected after 1339ms
2019-08-29 08:47:11,008 [4372d764-1931-406f-887c-7b5d1b7ac3a6:group-83DF56F1B588:LeaderElection8] INFO  impl.RaftServerImpl (ServerState.java:setLeader(263)) - 4372d764-1931-406f-887c-7b5d1b7ac3a6:group-83DF56F1B588 change Leader from null to 4372d764-1931-406f-887c-7b5d1b7ac3a6 at term 1 for becomeLeader, leader elected after 1421ms
2019-08-29 08:47:11,008 [4372d764-1931-406f-887c-7b5d1b7ac3a6:group-83DF56F1B588:LeaderElection8] INFO  server.RaftServerConfigKeys (ConfUtils.java:logGet(43)) - raft.server.staging.catchup.gap = 1000 (default)
2019-08-29 08:47:11,008 [37fb6585-bd86-49e3-96c6-47308e6afbcf:group-3159BB0ABB03:LeaderElection7] INFO  server.RaftServerConfigKeys (ConfUtils.java:logGet(43)) - raft.server.staging.catchup.gap = 1000 (default)
2019-08-29 08:47:11,008 [4372d764-1931-406f-887c-7b5d1b7ac3a6:group-83DF56F1B588:LeaderElection8] INFO  server.RaftServerConfigKeys (ConfUtils.java:logGet(43)) - raft.server.rpc.sleep.time = 25ms (default)
2019-08-29 08:47:11,008 [37fb6585-bd86-49e3-96c6-47308e6afbcf:group-3159BB0ABB03:LeaderElection7] INFO  server.RaftServerConfigKeys (ConfUtils.java:logGet(43)) - raft.server.rpc.sleep.time = 25ms (default)
2019-08-29 08:47:11,010 [4372d764-1931-406f-887c-7b5d1b7ac3a6:group-83DF56F1B588:LeaderElection8] INFO  server.RaftServerConfigKeys (ConfUtils.java:logGet(43)) - raft.server.write.element-limit = 4096 (default)
2019-08-29 08:47:11,010 [37fb6585-bd86-49e3-96c6-47308e6afbcf:group-3159BB0ABB03:LeaderElection7] INFO  server.RaftServerConfigKeys (ConfUtils.java:logGet(43)) - raft.server.write.element-limit = 4096 (default)
2019-08-29 08:47:11,010 [4372d764-1931-406f-887c-7b5d1b7ac3a6:group-83DF56F1B588:LeaderElection8] INFO  server.RaftServerConfigKeys (ConfUtils.java:logGet(43)) - raft.server.watch.timeout = 10s (default)
2019-08-29 08:47:11,010 [37fb6585-bd86-49e3-96c6-47308e6afbcf:group-3159BB0ABB03:LeaderElection7] INFO  server.RaftServerConfigKeys (ConfUtils.java:logGet(43)) - raft.server.watch.timeout = 10s (default)
2019-08-29 08:47:11,010 [4372d764-1931-406f-887c-7b5d1b7ac3a6:group-83DF56F1B588:LeaderElection8] INFO  server.RaftServerConfigKeys (ConfUtils.java:logGet(43)) - raft.server.watch.timeout.denomination = 1s (default)
2019-08-29 08:47:11,010 [37fb6585-bd86-49e3-96c6-47308e6afbcf:group-3159BB0ABB03:LeaderElection7] INFO  server.RaftServerConfigKeys (ConfUtils.java:logGet(43)) - raft.server.watch.timeout.denomination = 1s (default)
2019-08-29 08:47:11,010 [4372d764-1931-406f-887c-7b5d1b7ac3a6:group-83DF56F1B588:LeaderElection8] INFO  server.RaftServerConfigKeys (ConfUtils.java:logGet(43)) - raft.server.watch.element-limit = 65536 (default)
2019-08-29 08:47:11,010 [37fb6585-bd86-49e3-96c6-47308e6afbcf:group-3159BB0ABB03:LeaderElection7] INFO  server.RaftServerConfigKeys (ConfUtils.java:logGet(43)) - raft.server.watch.element-limit = 65536 (default)
2019-08-29 08:47:11,010 [4372d764-1931-406f-887c-7b5d1b7ac3a6:group-83DF56F1B588:LeaderElection8] INFO  impl.RoleInfo (RoleInfo.java:updateAndGet(143)) - 4372d764-1931-406f-887c-7b5d1b7ac3a6: start LeaderState
2019-08-29 08:47:11,010 [37fb6585-bd86-49e3-96c6-47308e6afbcf:group-3159BB0ABB03:LeaderElection7] INFO  impl.RoleInfo (RoleInfo.java:updateAndGet(143)) - 37fb6585-bd86-49e3-96c6-47308e6afbcf: start LeaderState
2019-08-29 08:47:11,011 [4372d764-1931-406f-887c-7b5d1b7ac3a6:group-83DF56F1B588:LeaderElection8] INFO  segmented.SegmentedRaftLogWorker (SegmentedRaftLogWorker.java:startLogSegment(380)) - 4372d764-1931-406f-887c-7b5d1b7ac3a6-SegmentedRaftLogWorker:Storage Directory /workdir/hadoop-ozone/integration-test/target/test-dir/MiniOzoneClusterImpl-0396b80d-4163-4a3b-9db9-4b816fc820e4/datanode-7/data/ratis/90fde77a-02b5-4332-a683-83df56f1b588: Starting segment from index:0
2019-08-29 08:47:11,011 [37fb6585-bd86-49e3-96c6-47308e6afbcf:group-3159BB0ABB03:LeaderElection7] INFO  segmented.SegmentedRaftLogWorker (SegmentedRaftLogWorker.java:startLogSegment(380)) - 37fb6585-bd86-49e3-96c6-47308e6afbcf-SegmentedRaftLogWorker:Storage Directory /workdir/hadoop-ozone/integration-test/target/test-dir/MiniOzoneClusterImpl-0396b80d-4163-4a3b-9db9-4b816fc820e4/datanode-3/data/ratis/fbc685af-df62-4a07-82cf-3159bb0abb03: Starting segment from index:0
2019-08-29 08:47:11,011 [37fb6585-bd86-49e3-96c6-47308e6afbcf:group-3159BB0ABB03:LeaderElection7] INFO  impl.RaftServerImpl (ServerState.java:setRaftConf(361)) - 37fb6585-bd86-49e3-96c6-47308e6afbcf:group-3159BB0ABB03 set configuration 0: [37fb6585-bd86-49e3-96c6-47308e6afbcf:192.168.5.176:35563], old=null at 0
2019-08-29 08:47:11,011 [4372d764-1931-406f-887c-7b5d1b7ac3a6:group-83DF56F1B588:LeaderElection8] INFO  impl.RaftServerImpl (ServerState.java:setRaftConf(361)) - 4372d764-1931-406f-887c-7b5d1b7ac3a6:group-83DF56F1B588 set configuration 0: [4372d764-1931-406f-887c-7b5d1b7ac3a6:192.168.5.176:40296], old=null at 0
2019-08-29 08:47:11,017 | INFO  | OMAudit | user=jenkins1000 | ip=127.0.0.1 | op=READ_VOLUME {volume=datanodefailurehandlingtest} | ret=SUCCESS |  
2019-08-29 08:47:11,036 [main] INFO  rpc.RpcClient (RpcClient.java:createBucket(432)) - Creating Bucket: datanodefailurehandlingtest/datanodefailurehandlingtest, with Versioning false and Storage Type set to DISK and Encryption set to false 
2019-08-29 08:47:11,036 [f03f170c-33d9-4b6f-9b91-57603dd43a1e:group-9AD13A7CBBB2:LeaderElection12] INFO  impl.LeaderElection (LeaderElection.java:askForVotes(181)) - f03f170c-33d9-4b6f-9b91-57603dd43a1e:group-9AD13A7CBBB2:LeaderElection12: begin an election at term 1 for -1: [f03f170c-33d9-4b6f-9b91-57603dd43a1e:192.168.5.176:36402], old=null
2019-08-29 08:47:11,036 [f03f170c-33d9-4b6f-9b91-57603dd43a1e:group-9AD13A7CBBB2:LeaderElection12] INFO  impl.RoleInfo (RoleInfo.java:shutdownLeaderElection(134)) - f03f170c-33d9-4b6f-9b91-57603dd43a1e: shutdown LeaderElection
2019-08-29 08:47:11,036 [f03f170c-33d9-4b6f-9b91-57603dd43a1e:group-9AD13A7CBBB2:LeaderElection12] INFO  impl.RaftServerImpl (RaftServerImpl.java:setRole(171)) - f03f170c-33d9-4b6f-9b91-57603dd43a1e:group-9AD13A7CBBB2 changes role from CANDIDATE to LEADER at term 1 for changeToLeader
2019-08-29 08:47:11,036 [f03f170c-33d9-4b6f-9b91-57603dd43a1e:group-9AD13A7CBBB2:LeaderElection12] INFO  impl.RaftServerImpl (ServerState.java:setLeader(263)) - f03f170c-33d9-4b6f-9b91-57603dd43a1e:group-9AD13A7CBBB2 change Leader from null to f03f170c-33d9-4b6f-9b91-57603dd43a1e at term 1 for becomeLeader, leader elected after 1211ms
2019-08-29 08:47:11,037 [f03f170c-33d9-4b6f-9b91-57603dd43a1e:group-9AD13A7CBBB2:LeaderElection12] INFO  server.RaftServerConfigKeys (ConfUtils.java:logGet(43)) - raft.server.staging.catchup.gap = 1000 (default)
2019-08-29 08:47:11,037 [f03f170c-33d9-4b6f-9b91-57603dd43a1e:group-9AD13A7CBBB2:LeaderElection12] INFO  server.RaftServerConfigKeys (ConfUtils.java:logGet(43)) - raft.server.rpc.sleep.time = 25ms (default)
2019-08-29 08:47:11,037 [f03f170c-33d9-4b6f-9b91-57603dd43a1e:group-9AD13A7CBBB2:LeaderElection12] INFO  server.RaftServerConfigKeys (ConfUtils.java:logGet(43)) - raft.server.write.element-limit = 4096 (default)
2019-08-29 08:47:11,037 [f03f170c-33d9-4b6f-9b91-57603dd43a1e:group-9AD13A7CBBB2:LeaderElection12] INFO  server.RaftServerConfigKeys (ConfUtils.java:logGet(43)) - raft.server.watch.timeout = 10s (default)
2019-08-29 08:47:11,037 [f03f170c-33d9-4b6f-9b91-57603dd43a1e:group-9AD13A7CBBB2:LeaderElection12] INFO  server.RaftServerConfigKeys (ConfUtils.java:logGet(43)) - raft.server.watch.timeout.denomination = 1s (default)
2019-08-29 08:47:11,037 [f03f170c-33d9-4b6f-9b91-57603dd43a1e:group-9AD13A7CBBB2:LeaderElection12] INFO  server.RaftServerConfigKeys (ConfUtils.java:logGet(43)) - raft.server.watch.element-limit = 65536 (default)
2019-08-29 08:47:11,037 [f03f170c-33d9-4b6f-9b91-57603dd43a1e:group-9AD13A7CBBB2:LeaderElection12] INFO  impl.RoleInfo (RoleInfo.java:updateAndGet(143)) - f03f170c-33d9-4b6f-9b91-57603dd43a1e: start LeaderState
2019-08-29 08:47:11,038 [f03f170c-33d9-4b6f-9b91-57603dd43a1e:group-9AD13A7CBBB2:LeaderElection12] INFO  segmented.SegmentedRaftLogWorker (SegmentedRaftLogWorker.java:startLogSegment(380)) - f03f170c-33d9-4b6f-9b91-57603dd43a1e-SegmentedRaftLogWorker:Storage Directory /workdir/hadoop-ozone/integration-test/target/test-dir/MiniOzoneClusterImpl-0396b80d-4163-4a3b-9db9-4b816fc820e4/datanode-5/data/ratis/4ba99708-0a99-4ba5-951e-9ad13a7cbbb2: Starting segment from index:0
2019-08-29 08:47:11,038 [f03f170c-33d9-4b6f-9b91-57603dd43a1e:group-9AD13A7CBBB2:LeaderElection12] INFO  impl.RaftServerImpl (ServerState.java:setRaftConf(361)) - f03f170c-33d9-4b6f-9b91-57603dd43a1e:group-9AD13A7CBBB2 set configuration 0: [f03f170c-33d9-4b6f-9b91-57603dd43a1e:192.168.5.176:36402], old=null at 0
2019-08-29 08:47:11,072 [Thread-316] INFO  impl.FollowerState (FollowerState.java:run(106)) - 2256733f-555b-4f0d-8703-18eb36ab43de:group-CDBD8F166C83 changes to CANDIDATE, lastRpcTime:1159, electionTimeout:1127ms
2019-08-29 08:47:11,072 [Thread-316] INFO  impl.RoleInfo (RoleInfo.java:shutdownFollowerState(121)) - 2256733f-555b-4f0d-8703-18eb36ab43de: shutdown FollowerState
2019-08-29 08:47:11,072 [Thread-316] INFO  impl.RaftServerImpl (RaftServerImpl.java:setRole(171)) - 2256733f-555b-4f0d-8703-18eb36ab43de:group-CDBD8F166C83 changes role from FOLLOWER to CANDIDATE at term 0 for changeToCandidate
2019-08-29 08:47:11,072 [Thread-316] INFO  impl.RoleInfo (RoleInfo.java:updateAndGet(143)) - 2256733f-555b-4f0d-8703-18eb36ab43de: start LeaderElection
2019-08-29 08:47:11,083 [37fb6585-bd86-49e3-96c6-47308e6afbcf-SegmentedRaftLogWorker:Storage Directory /workdir/hadoop-ozone/integration-test/target/test-dir/MiniOzoneClusterImpl-0396b80d-4163-4a3b-9db9-4b816fc820e4/datanode-3/data/ratis/fbc685af-df62-4a07-82cf-3159bb0abb03] INFO  segmented.SegmentedRaftLogWorker (SegmentedRaftLogWorker.java:execute(569)) - 37fb6585-bd86-49e3-96c6-47308e6afbcf-SegmentedRaftLogWorker:Storage Directory /workdir/hadoop-ozone/integration-test/target/test-dir/MiniOzoneClusterImpl-0396b80d-4163-4a3b-9db9-4b816fc820e4/datanode-3/data/ratis/fbc685af-df62-4a07-82cf-3159bb0abb03: created new log segment /workdir/hadoop-ozone/integration-test/target/test-dir/MiniOzoneClusterImpl-0396b80d-4163-4a3b-9db9-4b816fc820e4/datanode-3/data/ratis/fbc685af-df62-4a07-82cf-3159bb0abb03/current/log_inprogress_0
2019-08-29 08:47:11,083 [4372d764-1931-406f-887c-7b5d1b7ac3a6-SegmentedRaftLogWorker:Storage Directory /workdir/hadoop-ozone/integration-test/target/test-dir/MiniOzoneClusterImpl-0396b80d-4163-4a3b-9db9-4b816fc820e4/datanode-7/data/ratis/90fde77a-02b5-4332-a683-83df56f1b588] INFO  segmented.SegmentedRaftLogWorker (SegmentedRaftLogWorker.java:execute(569)) - 4372d764-1931-406f-887c-7b5d1b7ac3a6-SegmentedRaftLogWorker:Storage Directory /workdir/hadoop-ozone/integration-test/target/test-dir/MiniOzoneClusterImpl-0396b80d-4163-4a3b-9db9-4b816fc820e4/datanode-7/data/ratis/90fde77a-02b5-4332-a683-83df56f1b588: created new log segment /workdir/hadoop-ozone/integration-test/target/test-dir/MiniOzoneClusterImpl-0396b80d-4163-4a3b-9db9-4b816fc820e4/datanode-7/data/ratis/90fde77a-02b5-4332-a683-83df56f1b588/current/log_inprogress_0
2019-08-29 08:47:11,085 [2256733f-555b-4f0d-8703-18eb36ab43de:group-CDBD8F166C83:LeaderElection13] INFO  impl.LeaderElection (LeaderElection.java:askForVotes(181)) - 2256733f-555b-4f0d-8703-18eb36ab43de:group-CDBD8F166C83:LeaderElection13: begin an election at term 1 for -1: [2256733f-555b-4f0d-8703-18eb36ab43de:192.168.5.176:35960, 3a39fbaa-14da-4624-bf1d-aa1db02e0173:192.168.5.176:34585, 823a7cbe-9ef5-429c-8255-e9ac46ec72ba:192.168.5.176:37287], old=null
2019-08-29 08:47:11,085 [f03f170c-33d9-4b6f-9b91-57603dd43a1e-SegmentedRaftLogWorker:Storage Directory /workdir/hadoop-ozone/integration-test/target/test-dir/MiniOzoneClusterImpl-0396b80d-4163-4a3b-9db9-4b816fc820e4/datanode-5/data/ratis/4ba99708-0a99-4ba5-951e-9ad13a7cbbb2] INFO  segmented.SegmentedRaftLogWorker (SegmentedRaftLogWorker.java:execute(569)) - f03f170c-33d9-4b6f-9b91-57603dd43a1e-SegmentedRaftLogWorker:Storage Directory /workdir/hadoop-ozone/integration-test/target/test-dir/MiniOzoneClusterImpl-0396b80d-4163-4a3b-9db9-4b816fc820e4/datanode-5/data/ratis/4ba99708-0a99-4ba5-951e-9ad13a7cbbb2: created new log segment /workdir/hadoop-ozone/integration-test/target/test-dir/MiniOzoneClusterImpl-0396b80d-4163-4a3b-9db9-4b816fc820e4/datanode-5/data/ratis/4ba99708-0a99-4ba5-951e-9ad13a7cbbb2/current/log_inprogress_0
2019-08-29 08:47:11,105 [823a7cbe-9ef5-429c-8255-e9ac46ec72ba:group-CDBD8F166C83:LeaderElection9] INFO  impl.LeaderElection (LeaderElection.java:logAndReturn(56)) - 823a7cbe-9ef5-429c-8255-e9ac46ec72ba:group-CDBD8F166C83:LeaderElection9: Election REJECTED; received 2 response(s) [823a7cbe-9ef5-429c-8255-e9ac46ec72ba<-2256733f-555b-4f0d-8703-18eb36ab43de#0:FAIL-t1, 823a7cbe-9ef5-429c-8255-e9ac46ec72ba<-3a39fbaa-14da-4624-bf1d-aa1db02e0173#0:FAIL-t1] and 0 exception(s); 823a7cbe-9ef5-429c-8255-e9ac46ec72ba:t1, leader=null, voted=823a7cbe-9ef5-429c-8255-e9ac46ec72ba, raftlog=823a7cbe-9ef5-429c-8255-e9ac46ec72ba-SegmentedRaftLog:OPENED:c-1,f-1,i0, conf=-1: [2256733f-555b-4f0d-8703-18eb36ab43de:192.168.5.176:35960, 3a39fbaa-14da-4624-bf1d-aa1db02e0173:192.168.5.176:34585, 823a7cbe-9ef5-429c-8255-e9ac46ec72ba:192.168.5.176:37287], old=null
2019-08-29 08:47:11,105 [3a39fbaa-14da-4624-bf1d-aa1db02e0173:group-CDBD8F166C83:LeaderElection11] INFO  impl.LeaderElection (LeaderElection.java:logAndReturn(56)) - 3a39fbaa-14da-4624-bf1d-aa1db02e0173:group-CDBD8F166C83:LeaderElection11: Election REJECTED; received 2 response(s) [3a39fbaa-14da-4624-bf1d-aa1db02e0173<-2256733f-555b-4f0d-8703-18eb36ab43de#0:FAIL-t1, 3a39fbaa-14da-4624-bf1d-aa1db02e0173<-823a7cbe-9ef5-429c-8255-e9ac46ec72ba#0:FAIL-t1] and 0 exception(s); 3a39fbaa-14da-4624-bf1d-aa1db02e0173:t1, leader=null, voted=3a39fbaa-14da-4624-bf1d-aa1db02e0173, raftlog=3a39fbaa-14da-4624-bf1d-aa1db02e0173-SegmentedRaftLog:OPENED:c-1,f-1,i0, conf=-1: [2256733f-555b-4f0d-8703-18eb36ab43de:192.168.5.176:35960, 3a39fbaa-14da-4624-bf1d-aa1db02e0173:192.168.5.176:34585, 823a7cbe-9ef5-429c-8255-e9ac46ec72ba:192.168.5.176:37287], old=null
2019-08-29 08:47:11,113 [823a7cbe-9ef5-429c-8255-e9ac46ec72ba:group-CDBD8F166C83:LeaderElection9] INFO  impl.RaftServerImpl (RaftServerImpl.java:setRole(171)) - 823a7cbe-9ef5-429c-8255-e9ac46ec72ba:group-CDBD8F166C83 changes role from CANDIDATE to FOLLOWER at term 1 for DISCOVERED_A_NEW_TERM
2019-08-29 08:47:11,116 [823a7cbe-9ef5-429c-8255-e9ac46ec72ba:group-CDBD8F166C83:LeaderElection9] INFO  impl.RoleInfo (RoleInfo.java:shutdownLeaderElection(134)) - 823a7cbe-9ef5-429c-8255-e9ac46ec72ba: shutdown LeaderElection
2019-08-29 08:47:11,117 [3a39fbaa-14da-4624-bf1d-aa1db02e0173:group-CDBD8F166C83:LeaderElection11] INFO  impl.RaftServerImpl (RaftServerImpl.java:setRole(171)) - 3a39fbaa-14da-4624-bf1d-aa1db02e0173:group-CDBD8F166C83 changes role from CANDIDATE to FOLLOWER at term 1 for DISCOVERED_A_NEW_TERM
2019-08-29 08:47:11,118 [3a39fbaa-14da-4624-bf1d-aa1db02e0173:group-CDBD8F166C83:LeaderElection11] INFO  impl.RoleInfo (RoleInfo.java:shutdownLeaderElection(134)) - 3a39fbaa-14da-4624-bf1d-aa1db02e0173: shutdown LeaderElection
2019-08-29 08:47:11,118 [823a7cbe-9ef5-429c-8255-e9ac46ec72ba:group-CDBD8F166C83:LeaderElection9] INFO  impl.RoleInfo (RoleInfo.java:updateAndGet(143)) - 823a7cbe-9ef5-429c-8255-e9ac46ec72ba: start FollowerState
2019-08-29 08:47:11,118 [3a39fbaa-14da-4624-bf1d-aa1db02e0173:group-CDBD8F166C83:LeaderElection11] INFO  impl.RoleInfo (RoleInfo.java:updateAndGet(143)) - 3a39fbaa-14da-4624-bf1d-aa1db02e0173: start FollowerState
2019-08-29 08:47:11,126 | INFO  | OMAudit | user=jenkins1000 | ip=127.0.0.1 | op=CREATE_BUCKET {volume=datanodefailurehandlingtest, bucket=datanodefailurehandlingtest, acls=[user:jenkins1000:a[ACCESS], group:default:a[ACCESS]], isVersionEnabled=false, storageType=DISK, creationTime=1567068431085} | ret=SUCCESS |  
2019-08-29 08:47:11,128 [Thread-323] INFO  impl.FollowerState (FollowerState.java:run(106)) - 62127296-10ba-4bda-9b01-f27ba8bd8737:group-0E98D55737AE changes to CANDIDATE, lastRpcTime:1110, electionTimeout:1108ms
2019-08-29 08:47:11,128 [Thread-323] INFO  impl.RoleInfo (RoleInfo.java:shutdownFollowerState(121)) - 62127296-10ba-4bda-9b01-f27ba8bd8737: shutdown FollowerState
2019-08-29 08:47:11,128 [Thread-323] INFO  impl.RaftServerImpl (RaftServerImpl.java:setRole(171)) - 62127296-10ba-4bda-9b01-f27ba8bd8737:group-0E98D55737AE changes role from FOLLOWER to CANDIDATE at term 0 for changeToCandidate
2019-08-29 08:47:11,128 [Thread-323] INFO  impl.RoleInfo (RoleInfo.java:updateAndGet(143)) - 62127296-10ba-4bda-9b01-f27ba8bd8737: start LeaderElection
2019-08-29 08:47:11,133 [Thread-328] INFO  impl.FollowerState (FollowerState.java:run(106)) - d2610440-16a5-46aa-8011-5e9b2b98e89e:group-0E98D55737AE changes to CANDIDATE, lastRpcTime:1060, electionTimeout:1052ms
2019-08-29 08:47:11,133 [2256733f-555b-4f0d-8703-18eb36ab43de:group-CDBD8F166C83:LeaderElection13] INFO  impl.LeaderElection (LeaderElection.java:logAndReturn(56)) - 2256733f-555b-4f0d-8703-18eb36ab43de:group-CDBD8F166C83:LeaderElection13: Election REJECTED; received 2 response(s) [2256733f-555b-4f0d-8703-18eb36ab43de<-3a39fbaa-14da-4624-bf1d-aa1db02e0173#0:FAIL-t1, 2256733f-555b-4f0d-8703-18eb36ab43de<-823a7cbe-9ef5-429c-8255-e9ac46ec72ba#0:FAIL-t1] and 0 exception(s); 2256733f-555b-4f0d-8703-18eb36ab43de:t1, leader=null, voted=2256733f-555b-4f0d-8703-18eb36ab43de, raftlog=2256733f-555b-4f0d-8703-18eb36ab43de-SegmentedRaftLog:OPENED:c-1,f-1,i0, conf=-1: [2256733f-555b-4f0d-8703-18eb36ab43de:192.168.5.176:35960, 3a39fbaa-14da-4624-bf1d-aa1db02e0173:192.168.5.176:34585, 823a7cbe-9ef5-429c-8255-e9ac46ec72ba:192.168.5.176:37287], old=null
2019-08-29 08:47:11,133 [Thread-328] INFO  impl.RoleInfo (RoleInfo.java:shutdownFollowerState(121)) - d2610440-16a5-46aa-8011-5e9b2b98e89e: shutdown FollowerState
2019-08-29 08:47:11,133 [2256733f-555b-4f0d-8703-18eb36ab43de:group-CDBD8F166C83:LeaderElection13] INFO  impl.RaftServerImpl (RaftServerImpl.java:setRole(171)) - 2256733f-555b-4f0d-8703-18eb36ab43de:group-CDBD8F166C83 changes role from CANDIDATE to FOLLOWER at term 1 for DISCOVERED_A_NEW_TERM
2019-08-29 08:47:11,133 [Thread-328] INFO  impl.RaftServerImpl (RaftServerImpl.java:setRole(171)) - d2610440-16a5-46aa-8011-5e9b2b98e89e:group-0E98D55737AE changes role from FOLLOWER to CANDIDATE at term 0 for changeToCandidate
2019-08-29 08:47:11,138 [2256733f-555b-4f0d-8703-18eb36ab43de:group-CDBD8F166C83:LeaderElection13] INFO  impl.RoleInfo (RoleInfo.java:shutdownLeaderElection(134)) - 2256733f-555b-4f0d-8703-18eb36ab43de: shutdown LeaderElection
2019-08-29 08:47:11,138 [Thread-328] INFO  impl.RoleInfo (RoleInfo.java:updateAndGet(143)) - d2610440-16a5-46aa-8011-5e9b2b98e89e: start LeaderElection
2019-08-29 08:47:11,138 [2256733f-555b-4f0d-8703-18eb36ab43de:group-CDBD8F166C83:LeaderElection13] INFO  impl.RoleInfo (RoleInfo.java:updateAndGet(143)) - 2256733f-555b-4f0d-8703-18eb36ab43de: start FollowerState
2019-08-29 08:47:11,140 [Thread-327] INFO  impl.FollowerState (FollowerState.java:run(106)) - 4372d764-1931-406f-887c-7b5d1b7ac3a6:group-0E98D55737AE changes to CANDIDATE, lastRpcTime:1069, electionTimeout:1068ms
2019-08-29 08:47:11,142 [Thread-327] INFO  impl.RoleInfo (RoleInfo.java:shutdownFollowerState(121)) - 4372d764-1931-406f-887c-7b5d1b7ac3a6: shutdown FollowerState
2019-08-29 08:47:11,144 [Thread-327] INFO  impl.RaftServerImpl (RaftServerImpl.java:setRole(171)) - 4372d764-1931-406f-887c-7b5d1b7ac3a6:group-0E98D55737AE changes role from FOLLOWER to CANDIDATE at term 0 for changeToCandidate
2019-08-29 08:47:11,144 [Thread-327] INFO  impl.RoleInfo (RoleInfo.java:updateAndGet(143)) - 4372d764-1931-406f-887c-7b5d1b7ac3a6: start LeaderElection
2019-08-29 08:47:11,150 | INFO  | OMAudit | user=jenkins1000 | ip=127.0.0.1 | op=READ_VOLUME {volume=datanodefailurehandlingtest} | ret=SUCCESS |  
2019-08-29 08:47:11,155 | INFO  | OMAudit | user=jenkins1000 | ip=127.0.0.1 | op=READ_BUCKET {volume=datanodefailurehandlingtest, bucket=datanodefailurehandlingtest} | ret=SUCCESS |  
2019-08-29 08:47:11,180 [d2610440-16a5-46aa-8011-5e9b2b98e89e:group-0E98D55737AE:LeaderElection15] INFO  impl.LeaderElection (LeaderElection.java:askForVotes(181)) - d2610440-16a5-46aa-8011-5e9b2b98e89e:group-0E98D55737AE:LeaderElection15: begin an election at term 1 for -1: [4372d764-1931-406f-887c-7b5d1b7ac3a6:192.168.5.176:40296, 62127296-10ba-4bda-9b01-f27ba8bd8737:192.168.5.176:45010, d2610440-16a5-46aa-8011-5e9b2b98e89e:192.168.5.176:44963], old=null
2019-08-29 08:47:11,180 [62127296-10ba-4bda-9b01-f27ba8bd8737:group-0E98D55737AE:LeaderElection14] INFO  impl.LeaderElection (LeaderElection.java:askForVotes(181)) - 62127296-10ba-4bda-9b01-f27ba8bd8737:group-0E98D55737AE:LeaderElection14: begin an election at term 1 for -1: [4372d764-1931-406f-887c-7b5d1b7ac3a6:192.168.5.176:40296, 62127296-10ba-4bda-9b01-f27ba8bd8737:192.168.5.176:45010, d2610440-16a5-46aa-8011-5e9b2b98e89e:192.168.5.176:44963], old=null
2019-08-29 08:47:11,196 [4372d764-1931-406f-887c-7b5d1b7ac3a6:group-0E98D55737AE:LeaderElection16] INFO  impl.LeaderElection (LeaderElection.java:askForVotes(181)) - 4372d764-1931-406f-887c-7b5d1b7ac3a6:group-0E98D55737AE:LeaderElection16: begin an election at term 1 for -1: [4372d764-1931-406f-887c-7b5d1b7ac3a6:192.168.5.176:40296, 62127296-10ba-4bda-9b01-f27ba8bd8737:192.168.5.176:45010, d2610440-16a5-46aa-8011-5e9b2b98e89e:192.168.5.176:44963], old=null
2019-08-29 08:47:11,206 [d2610440-16a5-46aa-8011-5e9b2b98e89e:group-0E98D55737AE:LeaderElection15] INFO  impl.LeaderElection (LeaderElection.java:logAndReturn(56)) - d2610440-16a5-46aa-8011-5e9b2b98e89e:group-0E98D55737AE:LeaderElection15: Election REJECTED; received 2 response(s) [d2610440-16a5-46aa-8011-5e9b2b98e89e<-4372d764-1931-406f-887c-7b5d1b7ac3a6#0:FAIL-t1, d2610440-16a5-46aa-8011-5e9b2b98e89e<-62127296-10ba-4bda-9b01-f27ba8bd8737#0:FAIL-t1] and 0 exception(s); d2610440-16a5-46aa-8011-5e9b2b98e89e:t1, leader=null, voted=d2610440-16a5-46aa-8011-5e9b2b98e89e, raftlog=d2610440-16a5-46aa-8011-5e9b2b98e89e-SegmentedRaftLog:OPENED:c-1,f-1,i0, conf=-1: [4372d764-1931-406f-887c-7b5d1b7ac3a6:192.168.5.176:40296, 62127296-10ba-4bda-9b01-f27ba8bd8737:192.168.5.176:45010, d2610440-16a5-46aa-8011-5e9b2b98e89e:192.168.5.176:44963], old=null
2019-08-29 08:47:11,206 [d2610440-16a5-46aa-8011-5e9b2b98e89e:group-0E98D55737AE:LeaderElection15] INFO  impl.RaftServerImpl (RaftServerImpl.java:setRole(171)) - d2610440-16a5-46aa-8011-5e9b2b98e89e:group-0E98D55737AE changes role from CANDIDATE to FOLLOWER at term 1 for DISCOVERED_A_NEW_TERM
2019-08-29 08:47:11,215 [d2610440-16a5-46aa-8011-5e9b2b98e89e:group-0E98D55737AE:LeaderElection15] INFO  impl.RoleInfo (RoleInfo.java:shutdownLeaderElection(134)) - d2610440-16a5-46aa-8011-5e9b2b98e89e: shutdown LeaderElection
2019-08-29 08:47:11,217 [d2610440-16a5-46aa-8011-5e9b2b98e89e:group-0E98D55737AE:LeaderElection15] INFO  impl.RoleInfo (RoleInfo.java:updateAndGet(143)) - d2610440-16a5-46aa-8011-5e9b2b98e89e: start FollowerState
2019-08-29 08:47:11,219 | INFO  | SCMAudit | user=jenkins1000 | ip=192.168.5.176 | op=SEND_HEARTBEAT {datanodeUUID=d92499b0-1b7f-4387-8ba6-ffcf7cff46e6, command=[]} | ret=SUCCESS |  
2019-08-29 08:47:11,221 [62127296-10ba-4bda-9b01-f27ba8bd8737:group-0E98D55737AE:LeaderElection14] INFO  impl.LeaderElection (LeaderElection.java:logAndReturn(56)) - 62127296-10ba-4bda-9b01-f27ba8bd8737:group-0E98D55737AE:LeaderElection14: Election REJECTED; received 2 response(s) [62127296-10ba-4bda-9b01-f27ba8bd8737<-4372d764-1931-406f-887c-7b5d1b7ac3a6#0:FAIL-t1, 62127296-10ba-4bda-9b01-f27ba8bd8737<-d2610440-16a5-46aa-8011-5e9b2b98e89e#0:FAIL-t1] and 0 exception(s); 62127296-10ba-4bda-9b01-f27ba8bd8737:t1, leader=null, voted=62127296-10ba-4bda-9b01-f27ba8bd8737, raftlog=62127296-10ba-4bda-9b01-f27ba8bd8737-SegmentedRaftLog:OPENED:c-1,f-1,i0, conf=-1: [4372d764-1931-406f-887c-7b5d1b7ac3a6:192.168.5.176:40296, 62127296-10ba-4bda-9b01-f27ba8bd8737:192.168.5.176:45010, d2610440-16a5-46aa-8011-5e9b2b98e89e:192.168.5.176:44963], old=null
2019-08-29 08:47:11,224 [62127296-10ba-4bda-9b01-f27ba8bd8737:group-0E98D55737AE:LeaderElection14] INFO  impl.RaftServerImpl (RaftServerImpl.java:setRole(171)) - 62127296-10ba-4bda-9b01-f27ba8bd8737:group-0E98D55737AE changes role from CANDIDATE to FOLLOWER at term 1 for DISCOVERED_A_NEW_TERM
2019-08-29 08:47:11,224 [62127296-10ba-4bda-9b01-f27ba8bd8737:group-0E98D55737AE:LeaderElection14] INFO  impl.RoleInfo (RoleInfo.java:shutdownLeaderElection(134)) - 62127296-10ba-4bda-9b01-f27ba8bd8737: shutdown LeaderElection
2019-08-29 08:47:11,224 [62127296-10ba-4bda-9b01-f27ba8bd8737:group-0E98D55737AE:LeaderElection14] INFO  impl.RoleInfo (RoleInfo.java:updateAndGet(143)) - 62127296-10ba-4bda-9b01-f27ba8bd8737: start FollowerState
2019-08-29 08:47:11,247 [4372d764-1931-406f-887c-7b5d1b7ac3a6:group-0E98D55737AE:LeaderElection16] INFO  impl.LeaderElection (LeaderElection.java:logAndReturn(56)) - 4372d764-1931-406f-887c-7b5d1b7ac3a6:group-0E98D55737AE:LeaderElection16: Election REJECTED; received 2 response(s) [4372d764-1931-406f-887c-7b5d1b7ac3a6<-62127296-10ba-4bda-9b01-f27ba8bd8737#0:FAIL-t1, 4372d764-1931-406f-887c-7b5d1b7ac3a6<-d2610440-16a5-46aa-8011-5e9b2b98e89e#0:FAIL-t1] and 0 exception(s); 4372d764-1931-406f-887c-7b5d1b7ac3a6:t1, leader=null, voted=4372d764-1931-406f-887c-7b5d1b7ac3a6, raftlog=4372d764-1931-406f-887c-7b5d1b7ac3a6-SegmentedRaftLog:OPENED:c-1,f-1,i0, conf=-1: [4372d764-1931-406f-887c-7b5d1b7ac3a6:192.168.5.176:40296, 62127296-10ba-4bda-9b01-f27ba8bd8737:192.168.5.176:45010, d2610440-16a5-46aa-8011-5e9b2b98e89e:192.168.5.176:44963], old=null
2019-08-29 08:47:11,249 [4372d764-1931-406f-887c-7b5d1b7ac3a6:group-0E98D55737AE:LeaderElection16] INFO  impl.RaftServerImpl (RaftServerImpl.java:setRole(171)) - 4372d764-1931-406f-887c-7b5d1b7ac3a6:group-0E98D55737AE changes role from CANDIDATE to FOLLOWER at term 1 for DISCOVERED_A_NEW_TERM
2019-08-29 08:47:11,249 [4372d764-1931-406f-887c-7b5d1b7ac3a6:group-0E98D55737AE:LeaderElection16] INFO  impl.RoleInfo (RoleInfo.java:shutdownLeaderElection(134)) - 4372d764-1931-406f-887c-7b5d1b7ac3a6: shutdown LeaderElection
2019-08-29 08:47:11,249 [4372d764-1931-406f-887c-7b5d1b7ac3a6:group-0E98D55737AE:LeaderElection16] INFO  impl.RoleInfo (RoleInfo.java:updateAndGet(143)) - 4372d764-1931-406f-887c-7b5d1b7ac3a6: start FollowerState
2019-08-29 08:47:11,257 [Thread-282] INFO  container.ReplicationManager (ReplicationManager.java:start(152)) - Starting Replication Monitor Thread.
2019-08-29 08:47:11,263 [ReplicationMonitor] INFO  container.ReplicationManager (ReplicationManager.java:run(215)) - Replication Monitor Thread took 2 milliseconds for processing 1 containers.
2019-08-29 08:47:11,266 | INFO  | SCMAudit | user=jenkins1000 | ip=192.168.5.176 | op=ALLOCATE_BLOCK {owner=05d0ffaf-2184-42db-97d1-10f2791fbb87, size=4194304, type=RATIS, factor=THREE} | ret=SUCCESS |  
2019-08-29 08:47:11,283 [Thread-338] INFO  impl.FollowerState (FollowerState.java:run(106)) - 37fb6585-bd86-49e3-96c6-47308e6afbcf:group-99B3E677189C changes to CANDIDATE, lastRpcTime:1074, electionTimeout:1074ms
2019-08-29 08:47:11,283 [Thread-338] INFO  impl.RoleInfo (RoleInfo.java:shutdownFollowerState(121)) - 37fb6585-bd86-49e3-96c6-47308e6afbcf: shutdown FollowerState
2019-08-29 08:47:11,284 [Thread-338] INFO  impl.RaftServerImpl (RaftServerImpl.java:setRole(171)) - 37fb6585-bd86-49e3-96c6-47308e6afbcf:group-99B3E677189C changes role from FOLLOWER to CANDIDATE at term 0 for changeToCandidate
2019-08-29 08:47:11,284 [Thread-338] INFO  impl.RoleInfo (RoleInfo.java:updateAndGet(143)) - 37fb6585-bd86-49e3-96c6-47308e6afbcf: start LeaderElection
2019-08-29 08:47:11,290 | INFO  | SCMAudit | user=jenkins1000 | ip=192.168.5.176 | op=SEND_HEARTBEAT {datanodeUUID=2256733f-555b-4f0d-8703-18eb36ab43de, command=[]} | ret=SUCCESS |  
2019-08-29 08:47:11,296 [37fb6585-bd86-49e3-96c6-47308e6afbcf:group-99B3E677189C:LeaderElection17] INFO  impl.LeaderElection (LeaderElection.java:askForVotes(181)) - 37fb6585-bd86-49e3-96c6-47308e6afbcf:group-99B3E677189C:LeaderElection17: begin an election at term 1 for -1: [dd40d4a5-aa3f-4ebf-9cec-f561545fceec:192.168.5.176:34437, 37fb6585-bd86-49e3-96c6-47308e6afbcf:192.168.5.176:35563, d92499b0-1b7f-4387-8ba6-ffcf7cff46e6:192.168.5.176:34281], old=null
2019-08-29 08:47:11,308 [grpc-default-executor-0] INFO  impl.RaftServerImpl (RaftServerImpl.java:setRole(171)) - d92499b0-1b7f-4387-8ba6-ffcf7cff46e6:group-99B3E677189C changes role from FOLLOWER to FOLLOWER at term 1 for recognizeCandidate:37fb6585-bd86-49e3-96c6-47308e6afbcf
2019-08-29 08:47:11,308 [grpc-default-executor-0] INFO  impl.RoleInfo (RoleInfo.java:shutdownFollowerState(121)) - d92499b0-1b7f-4387-8ba6-ffcf7cff46e6: shutdown FollowerState
2019-08-29 08:47:11,310 [Thread-339] INFO  impl.FollowerState (FollowerState.java:run(114)) - d92499b0-1b7f-4387-8ba6-ffcf7cff46e6: FollowerState was interrupted: java.lang.InterruptedException: sleep interrupted
2019-08-29 08:47:11,310 [grpc-default-executor-0] INFO  impl.RoleInfo (RoleInfo.java:updateAndGet(143)) - d92499b0-1b7f-4387-8ba6-ffcf7cff46e6: start FollowerState
2019-08-29 08:47:11,313 [grpc-default-executor-3] INFO  impl.RaftServerImpl (RaftServerImpl.java:setRole(171)) - dd40d4a5-aa3f-4ebf-9cec-f561545fceec:group-99B3E677189C changes role from FOLLOWER to FOLLOWER at term 1 for recognizeCandidate:37fb6585-bd86-49e3-96c6-47308e6afbcf
2019-08-29 08:47:11,313 [grpc-default-executor-3] INFO  impl.RoleInfo (RoleInfo.java:shutdownFollowerState(121)) - dd40d4a5-aa3f-4ebf-9cec-f561545fceec: shutdown FollowerState
2019-08-29 08:47:11,314 [grpc-default-executor-3] INFO  impl.RoleInfo (RoleInfo.java:updateAndGet(143)) - dd40d4a5-aa3f-4ebf-9cec-f561545fceec: start FollowerState
2019-08-29 08:47:11,314 [Thread-334] INFO  impl.FollowerState (FollowerState.java:run(114)) - dd40d4a5-aa3f-4ebf-9cec-f561545fceec: FollowerState was interrupted: java.lang.InterruptedException: sleep interrupted
2019-08-29 08:47:11,334 [37fb6585-bd86-49e3-96c6-47308e6afbcf:group-99B3E677189C:LeaderElection17] INFO  impl.LeaderElection (LeaderElection.java:logAndReturn(56)) - 37fb6585-bd86-49e3-96c6-47308e6afbcf:group-99B3E677189C:LeaderElection17: Election PASSED; received 1 response(s) [37fb6585-bd86-49e3-96c6-47308e6afbcf<-d92499b0-1b7f-4387-8ba6-ffcf7cff46e6#0:OK-t1] and 0 exception(s); 37fb6585-bd86-49e3-96c6-47308e6afbcf:t1, leader=null, voted=37fb6585-bd86-49e3-96c6-47308e6afbcf, raftlog=37fb6585-bd86-49e3-96c6-47308e6afbcf-SegmentedRaftLog:OPENED:c-1,f-1,i0, conf=-1: [dd40d4a5-aa3f-4ebf-9cec-f561545fceec:192.168.5.176:34437, 37fb6585-bd86-49e3-96c6-47308e6afbcf:192.168.5.176:35563, d92499b0-1b7f-4387-8ba6-ffcf7cff46e6:192.168.5.176:34281], old=null
2019-08-29 08:47:11,334 | INFO  | OMAudit | user=jenkins1000 | ip=127.0.0.1 | op=ALLOCATE_KEY {volume=datanodefailurehandlingtest, bucket=datanodefailurehandlingtest, key=abbdbd83-7bcc-4fe1-9be4-3d69aa8aa672, dataSize=25165824, replicationType=RATIS, replicationFactor=THREE, keyLocationInfo=[blockID {
  containerBlockID {
    containerID: 1
    localID: 102699396711317504
  }
  blockCommitSequenceId: 0
}
offset: 0
length: 4194304
createVersion: 0
pipeline {
  leaderID: ""
  members {
    uuid: "d2610440-16a5-46aa-8011-5e9b2b98e89e"
    ipAddress: "192.168.5.176"
    hostName: "pr-hdds-1909-44d2n-1519487446"
    ports {
      name: "RATIS"
      value: 44963
    }
    ports {
      name: "STANDALONE"
      value: 34252
    }
    networkName: "d2610440-16a5-46aa-8011-5e9b2b98e89e"
    networkLocation: "/default-rack"
  }
  members {
    uuid: "62127296-10ba-4bda-9b01-f27ba8bd8737"
    ipAddress: "192.168.5.176"
    hostName: "pr-hdds-1909-44d2n-1519487446"
    ports {
      name: "RATIS"
      value: 45010
    }
    ports {
      name: "STANDALONE"
      value: 41893
    }
    networkName: "62127296-10ba-4bda-9b01-f27ba8bd8737"
    networkLocation: "/default-rack"
  }
  members {
    uuid: "4372d764-1931-406f-887c-7b5d1b7ac3a6"
    ipAddress: "192.168.5.176"
    hostName: "pr-hdds-1909-44d2n-1519487446"
    ports {
      name: "RATIS"
      value: 40296
    }
    ports {
      name: "STANDALONE"
      value: 43342
    }
    networkName: "4372d764-1931-406f-887c-7b5d1b7ac3a6"
    networkLocation: "/default-rack"
  }
  state: PIPELINE_OPEN
  type: RATIS
  factor: THREE
  id {
    id: "9d7cab82-ed4f-4ed5-971c-0e98d55737ae"
  }
}
, blockID {
  containerBlockID {
    containerID: 2
    localID: 102699396711448577
  }
  blockCommitSequenceId: 0
}
offset: 0
length: 4194304
createVersion: 0
pipeline {
  leaderID: ""
  members {
    uuid: "37fb6585-bd86-49e3-96c6-47308e6afbcf"
    ipAddress: "192.168.5.176"
    hostName: "pr-hdds-1909-44d2n-1519487446"
    ports {
      name: "RATIS"
      value: 35563
    }
    ports {
      name: "STANDALONE"
      value: 43333
    }
    networkName: "37fb6585-bd86-49e3-96c6-47308e6afbcf"
    networkLocation: "/default-rack"
  }
  members {
    uuid: "dd40d4a5-aa3f-4ebf-9cec-f561545fceec"
    ipAddress: "192.168.5.176"
    hostName: "pr-hdds-1909-44d2n-1519487446"
    ports {
      name: "RATIS"
      value: 34437
    }
    ports {
      name: "STANDALONE"
      value: 46619
    }
    networkName: "dd40d4a5-aa3f-4ebf-9cec-f561545fceec"
    networkLocation: "/default-rack"
  }
  members {
    uuid: "d92499b0-1b7f-4387-8ba6-ffcf7cff46e6"
    ipAddress: "192.168.5.176"
    hostName: "pr-hdds-1909-44d2n-1519487446"
    ports {
      name: "RATIS"
      value: 34281
    }
    ports {
      name: "STANDALONE"
      value: 34407
    }
    networkName: "d92499b0-1b7f-4387-8ba6-ffcf7cff46e6"
    networkLocation: "/default-rack"
  }
  state: PIPELINE_OPEN
  type: RATIS
  factor: THREE
  id {
    id: "054fdc03-55bb-4efd-8db9-99b3e677189c"
  }
}
, blockID {
  containerBlockID {
    containerID: 3
    localID: 102699396711448578
  }
  blockCommitSequenceId: 0
}
offset: 0
length: 4194304
createVersion: 0
pipeline {
  leaderID: ""
  members {
    uuid: "3a39fbaa-14da-4624-bf1d-aa1db02e0173"
    ipAddress: "192.168.5.176"
    hostName: "pr-hdds-1909-44d2n-1519487446"
    ports {
      name: "RATIS"
      value: 34585
    }
    ports {
      name: "STANDALONE"
      value: 45839
    }
    networkName: "3a39fbaa-14da-4624-bf1d-aa1db02e0173"
    networkLocation: "/default-rack"
  }
  members {
    uuid: "2256733f-555b-4f0d-8703-18eb36ab43de"
    ipAddress: "192.168.5.176"
    hostName: "pr-hdds-1909-44d2n-1519487446"
    ports {
      name: "RATIS"
      value: 35960
    }
    ports {
      name: "STANDALONE"
      value: 43966
    }
    networkName: "2256733f-555b-4f0d-8703-18eb36ab43de"
    networkLocation: "/default-rack"
  }
  members {
    uuid: "823a7cbe-9ef5-429c-8255-e9ac46ec72ba"
    ipAddress: "192.168.5.176"
    hostName: "pr-hdds-1909-44d2n-1519487446"
    ports {
      name: "RATIS"
      value: 37287
    }
    ports {
      name: "STANDALONE"
      value: 38251
    }
    networkName: "823a7cbe-9ef5-429c-8255-e9ac46ec72ba"
    networkLocation: "/default-rack"
  }
  state: PIPELINE_OPEN
  type: RATIS
  factor: THREE
  id {
    id: "e626d3a6-0973-4da6-be81-cdbd8f166c83"
  }
}
, blockID {
  containerBlockID {
    containerID: 4
    localID: 102699396711448579
  }
  blockCommitSequenceId: 0
}
offset: 0
length: 4194304
createVersion: 0
pipeline {
  leaderID: ""
  members {
    uuid: "37fb6585-bd86-49e3-96c6-47308e6afbcf"
    ipAddress: "192.168.5.176"
    hostName: "pr-hdds-1909-44d2n-1519487446"
    ports {
      name: "RATIS"
      value: 35563
    }
    ports {
      name: "STANDALONE"
      value: 43333
    }
    networkName: "37fb6585-bd86-49e3-96c6-47308e6afbcf"
    networkLocation: "/default-rack"
  }
  members {
    uuid: "dd40d4a5-aa3f-4ebf-9cec-f561545fceec"
    ipAddress: "192.168.5.176"
    hostName: "pr-hdds-1909-44d2n-1519487446"
    ports {
      name: "RATIS"
      value: 34437
    }
    ports {
      name: "STANDALONE"
      value: 46619
    }
    networkName: "dd40d4a5-aa3f-4ebf-9cec-f561545fceec"
    networkLocation: "/default-rack"
  }
  members {
    uuid: "d92499b0-1b7f-4387-8ba6-ffcf7cff46e6"
    ipAddress: "192.168.5.176"
    hostName: "pr-hdds-1909-44d2n-1519487446"
    ports {
      name: "RATIS"
      value: 34281
    }
    ports {
      name: "STANDALONE"
      value: 34407
    }
    networkName: "d92499b0-1b7f-4387-8ba6-ffcf7cff46e6"
    networkLocation: "/default-rack"
  }
  state: PIPELINE_OPEN
  type: RATIS
  factor: THREE
  id {
    id: "054fdc03-55bb-4efd-8db9-99b3e677189c"
  }
}
, blockID {
  containerBlockID {
    containerID: 5
    localID: 102699396711448580
  }
  blockCommitSequenceId: 0
}
offset: 0
length: 4194304
createVersion: 0
pipeline {
  leaderID: ""
  members {
    uuid: "37fb6585-bd86-49e3-96c6-47308e6afbcf"
    ipAddress: "192.168.5.176"
    hostName: "pr-hdds-1909-44d2n-1519487446"
    ports {
      name: "RATIS"
      value: 35563
    }
    ports {
      name: "STANDALONE"
      value: 43333
    }
    networkName: "37fb6585-bd86-49e3-96c6-47308e6afbcf"
    networkLocation: "/default-rack"
  }
  members {
    uuid: "dd40d4a5-aa3f-4ebf-9cec-f561545fceec"
    ipAddress: "192.168.5.176"
    hostName: "pr-hdds-1909-44d2n-1519487446"
    ports {
      name: "RATIS"
      value: 34437
    }
    ports {
      name: "STANDALONE"
      value: 46619
    }
    networkName: "dd40d4a5-aa3f-4ebf-9cec-f561545fceec"
    networkLocation: "/default-rack"
  }
  members {
    uuid: "d92499b0-1b7f-4387-8ba6-ffcf7cff46e6"
    ipAddress: "192.168.5.176"
    hostName: "pr-hdds-1909-44d2n-1519487446"
    ports {
      name: "RATIS"
      value: 34281
    }
    ports {
      name: "STANDALONE"
      value: 34407
    }
    networkName: "d92499b0-1b7f-4387-8ba6-ffcf7cff46e6"
    networkLocation: "/default-rack"
  }
  state: PIPELINE_OPEN
  type: RATIS
  factor: THREE
  id {
    id: "054fdc03-55bb-4efd-8db9-99b3e677189c"
  }
}
, blockID {
  containerBlockID {
    containerID: 6
    localID: 102699396711448581
  }
  blockCommitSequenceId: 0
}
offset: 0
length: 4194304
createVersion: 0
pipeline {
  leaderID: ""
  members {
    uuid: "d2610440-16a5-46aa-8011-5e9b2b98e89e"
    ipAddress: "192.168.5.176"
    hostName: "pr-hdds-1909-44d2n-1519487446"
    ports {
      name: "RATIS"
      value: 44963
    }
    ports {
      name: "STANDALONE"
      value: 34252
    }
    networkName: "d2610440-16a5-46aa-8011-5e9b2b98e89e"
    networkLocation: "/default-rack"
  }
  members {
    uuid: "62127296-10ba-4bda-9b01-f27ba8bd8737"
    ipAddress: "192.168.5.176"
    hostName: "pr-hdds-1909-44d2n-1519487446"
    ports {
      name: "RATIS"
      value: 45010
    }
    ports {
      name: "STANDALONE"
      value: 41893
    }
    networkName: "62127296-10ba-4bda-9b01-f27ba8bd8737"
    networkLocation: "/default-rack"
  }
  members {
    uuid: "4372d764-1931-406f-887c-7b5d1b7ac3a6"
    ipAddress: "192.168.5.176"
    hostName: "pr-hdds-1909-44d2n-1519487446"
    ports {
      name: "RATIS"
      value: 40296
    }
    por2019-08-29 08:47:11,334 [37fb6585-bd86-49e3-96c6-47308e6afbcf:group-99B3E677189C:LeaderElection17] INFO  impl.RoleInfo (RoleInfo.java:shutdownLeaderElection(134)) - 37fb6585-bd86-49e3-96c6-47308e6afbcf: shutdown LeaderElection
ts {
      name: "STANDALONE"
      value: 43342
    }
    networkName: "4372d764-1931-406f-887c-7b5d1b7ac3a6"
    networkLocation: "/default-rack"
  }
  state: PIPELINE_OPEN
  type: RATIS
  factor: THREE
  id {
    id: "9d7cab82-ed4f-4ed5-971c-0e98d55737ae"
  }
}
]} | ret=SUCCESS |  
2019-08-29 08:47:11,336 [37fb6585-bd86-49e3-96c6-47308e6afbcf:group-99B3E677189C:LeaderElection17] INFO  impl.RaftServerImpl (RaftServerImpl.java:setRole(171)) - 37fb6585-bd86-49e3-96c6-47308e6afbcf:group-99B3E677189C changes role from CANDIDATE to LEADER at term 1 for changeToLeader
2019-08-29 08:47:11,336 [37fb6585-bd86-49e3-96c6-47308e6afbcf:group-99B3E677189C:LeaderElection17] INFO  impl.RaftServerImpl (ServerState.java:setLeader(263)) - 37fb6585-bd86-49e3-96c6-47308e6afbcf:group-99B3E677189C change Leader from null to 37fb6585-bd86-49e3-96c6-47308e6afbcf at term 1 for becomeLeader, leader elected after 1153ms
2019-08-29 08:47:11,336 [37fb6585-bd86-49e3-96c6-47308e6afbcf:group-99B3E677189C:LeaderElection17] INFO  server.RaftServerConfigKeys (ConfUtils.java:logGet(43)) - raft.server.staging.catchup.gap = 1000 (default)
2019-08-29 08:47:11,337 [37fb6585-bd86-49e3-96c6-47308e6afbcf:group-99B3E677189C:LeaderElection17] INFO  server.RaftServerConfigKeys (ConfUtils.java:logGet(43)) - raft.server.rpc.sleep.time = 25ms (default)
2019-08-29 08:47:11,337 [37fb6585-bd86-49e3-96c6-47308e6afbcf:group-99B3E677189C:LeaderElection17] INFO  server.RaftServerConfigKeys (ConfUtils.java:logGet(43)) - raft.server.write.element-limit = 4096 (default)
2019-08-29 08:47:11,337 [37fb6585-bd86-49e3-96c6-47308e6afbcf:group-99B3E677189C:LeaderElection17] INFO  server.RaftServerConfigKeys (ConfUtils.java:logGet(43)) - raft.server.watch.timeout = 10s (default)
2019-08-29 08:47:11,337 [37fb6585-bd86-49e3-96c6-47308e6afbcf:group-99B3E677189C:LeaderElection17] INFO  server.RaftServerConfigKeys (ConfUtils.java:logGet(43)) - raft.server.watch.timeout.denomination = 1s (default)
2019-08-29 08:47:11,337 [37fb6585-bd86-49e3-96c6-47308e6afbcf:group-99B3E677189C:LeaderElection17] INFO  server.RaftServerConfigKeys (ConfUtils.java:logGet(43)) - raft.server.watch.element-limit = 65536 (default)
2019-08-29 08:47:11,339 [37fb6585-bd86-49e3-96c6-47308e6afbcf:group-99B3E677189C:LeaderElection17] INFO  server.RaftServerConfigKeys (ConfUtils.java:logGet(43)) - raft.server.log.appender.snapshot.chunk.size.max = 16MB (=16777216) (default)
2019-08-29 08:47:11,339 [37fb6585-bd86-49e3-96c6-47308e6afbcf:group-99B3E677189C:LeaderElection17] INFO  server.RaftServerConfigKeys (ConfUtils.java:logGet(43)) - raft.server.log.appender.buffer.byte-limit = 33554432 (custom)
2019-08-29 08:47:11,339 [37fb6585-bd86-49e3-96c6-47308e6afbcf:group-99B3E677189C:LeaderElection17] INFO  server.RaftServerConfigKeys (ConfUtils.java:logGet(43)) - raft.server.log.appender.buffer.element-limit = 1 (custom)
2019-08-29 08:47:11,342 [37fb6585-bd86-49e3-96c6-47308e6afbcf:group-99B3E677189C:LeaderElection17] INFO  grpc.GrpcConfigKeys$Server (ConfUtils.java:logGet(43)) - raft.grpc.server.leader.outstanding.appends.max = 128 (default)
2019-08-29 08:47:11,352 [37fb6585-bd86-49e3-96c6-47308e6afbcf:group-99B3E677189C:LeaderElection17] INFO  server.RaftServerConfigKeys (ConfUtils.java:logGet(43)) - raft.server.rpc.request.timeout = 3000ms (default)
2019-08-29 08:47:11,352 [37fb6585-bd86-49e3-96c6-47308e6afbcf:group-99B3E677189C:LeaderElection17] INFO  server.RaftServerConfigKeys (ConfUtils.java:logGet(43)) - raft.server.log.appender.install.snapshot.enabled = false (custom)
2019-08-29 08:47:11,352 [37fb6585-bd86-49e3-96c6-47308e6afbcf:group-99B3E677189C:LeaderElection17] INFO  server.RaftServerConfigKeys (ConfUtils.java:logGet(43)) - raft.server.log.appender.snapshot.chunk.size.max = 16MB (=16777216) (default)
2019-08-29 08:47:11,353 [37fb6585-bd86-49e3-96c6-47308e6afbcf:group-99B3E677189C:LeaderElection17] INFO  server.RaftServerConfigKeys (ConfUtils.java:logGet(43)) - raft.server.log.appender.buffer.byte-limit = 33554432 (custom)
2019-08-29 08:47:11,353 [37fb6585-bd86-49e3-96c6-47308e6afbcf:group-99B3E677189C:LeaderElection17] INFO  server.RaftServerConfigKeys (ConfUtils.java:logGet(43)) - raft.server.log.appender.buffer.element-limit = 1 (custom)
2019-08-29 08:47:11,353 [37fb6585-bd86-49e3-96c6-47308e6afbcf:group-99B3E677189C:LeaderElection17] INFO  grpc.GrpcConfigKeys$Server (ConfUtils.java:logGet(43)) - raft.grpc.server.leader.outstanding.appends.max = 128 (default)
2019-08-29 08:47:11,353 [37fb6585-bd86-49e3-96c6-47308e6afbcf:group-99B3E677189C:LeaderElection17] INFO  server.RaftServerConfigKeys (ConfUtils.java:logGet(43)) - raft.server.rpc.request.timeout = 3000ms (default)
2019-08-29 08:47:11,353 [37fb6585-bd86-49e3-96c6-47308e6afbcf:group-99B3E677189C:LeaderElection17] INFO  server.RaftServerConfigKeys (ConfUtils.java:logGet(43)) - raft.server.log.appender.install.snapshot.enabled = false (custom)
2019-08-29 08:47:11,355 | INFO  | SCMAudit | user=jenkins1000 | ip=192.168.5.176 | op=SEND_HEARTBEAT {datanodeUUID=3a39fbaa-14da-4624-bf1d-aa1db02e0173, command=[]} | ret=SUCCESS |  
2019-08-29 08:47:11,356 [37fb6585-bd86-49e3-96c6-47308e6afbcf:group-99B3E677189C:LeaderElection17] INFO  impl.RoleInfo (RoleInfo.java:updateAndGet(143)) - 37fb6585-bd86-49e3-96c6-47308e6afbcf: start LeaderState
2019-08-29 08:47:11,356 [37fb6585-bd86-49e3-96c6-47308e6afbcf:group-99B3E677189C:LeaderElection17] INFO  segmented.SegmentedRaftLogWorker (SegmentedRaftLogWorker.java:startLogSegment(380)) - 37fb6585-bd86-49e3-96c6-47308e6afbcf-SegmentedRaftLogWorker:Storage Directory /workdir/hadoop-ozone/integration-test/target/test-dir/MiniOzoneClusterImpl-0396b80d-4163-4a3b-9db9-4b816fc820e4/datanode-3/data/ratis/054fdc03-55bb-4efd-8db9-99b3e677189c: Starting segment from index:0
2019-08-29 08:47:11,357 [37fb6585-bd86-49e3-96c6-47308e6afbcf:group-99B3E677189C:LeaderElection17] INFO  impl.RaftServerImpl (ServerState.java:setRaftConf(361)) - 37fb6585-bd86-49e3-96c6-47308e6afbcf:group-99B3E677189C set configuration 0: [dd40d4a5-aa3f-4ebf-9cec-f561545fceec:192.168.5.176:34437, 37fb6585-bd86-49e3-96c6-47308e6afbcf:192.168.5.176:35563, d92499b0-1b7f-4387-8ba6-ffcf7cff46e6:192.168.5.176:34281], old=null at 0
2019-08-29 08:47:11,409 [grpc-default-executor-0] INFO  impl.RaftServerImpl (ServerState.java:setLeader(263)) - dd40d4a5-aa3f-4ebf-9cec-f561545fceec:group-99B3E677189C change Leader from null to 37fb6585-bd86-49e3-96c6-47308e6afbcf at term 1 for appendEntries, leader elected after 1225ms
2019-08-29 08:47:11,410 [grpc-default-executor-3] INFO  impl.RaftServerImpl (ServerState.java:setLeader(263)) - d92499b0-1b7f-4387-8ba6-ffcf7cff46e6:group-99B3E677189C change Leader from null to 37fb6585-bd86-49e3-96c6-47308e6afbcf at term 1 for appendEntries, leader elected after 1223ms
2019-08-29 08:47:11,424 [37fb6585-bd86-49e3-96c6-47308e6afbcf-SegmentedRaftLogWorker:Storage Directory /workdir/hadoop-ozone/integration-test/target/test-dir/MiniOzoneClusterImpl-0396b80d-4163-4a3b-9db9-4b816fc820e4/datanode-3/data/ratis/054fdc03-55bb-4efd-8db9-99b3e677189c] INFO  segmented.SegmentedRaftLogWorker (SegmentedRaftLogWorker.java:execute(569)) - 37fb6585-bd86-49e3-96c6-47308e6afbcf-SegmentedRaftLogWorker:Storage Directory /workdir/hadoop-ozone/integration-test/target/test-dir/MiniOzoneClusterImpl-0396b80d-4163-4a3b-9db9-4b816fc820e4/datanode-3/data/ratis/054fdc03-55bb-4efd-8db9-99b3e677189c: created new log segment /workdir/hadoop-ozone/integration-test/target/test-dir/MiniOzoneClusterImpl-0396b80d-4163-4a3b-9db9-4b816fc820e4/datanode-3/data/ratis/054fdc03-55bb-4efd-8db9-99b3e677189c/current/log_inprogress_0
2019-08-29 08:47:11,434 | INFO  | SCMAudit | user=jenkins1000 | ip=192.168.5.176 | op=SEND_HEARTBEAT {datanodeUUID=37fb6585-bd86-49e3-96c6-47308e6afbcf, command=[]} | ret=SUCCESS |  
2019-08-29 08:47:11,440 [grpc-default-executor-0] INFO  impl.RaftServerImpl (ServerState.java:setRaftConf(361)) - d92499b0-1b7f-4387-8ba6-ffcf7cff46e6:group-99B3E677189C set configuration 0: [dd40d4a5-aa3f-4ebf-9cec-f561545fceec:192.168.5.176:34437, 37fb6585-bd86-49e3-96c6-47308e6afbcf:192.168.5.176:35563, d92499b0-1b7f-4387-8ba6-ffcf7cff46e6:192.168.5.176:34281], old=null at 0
2019-08-29 08:47:11,440 [grpc-default-executor-3] INFO  impl.RaftServerImpl (ServerState.java:setRaftConf(361)) - dd40d4a5-aa3f-4ebf-9cec-f561545fceec:group-99B3E677189C set configuration 0: [dd40d4a5-aa3f-4ebf-9cec-f561545fceec:192.168.5.176:34437, 37fb6585-bd86-49e3-96c6-47308e6afbcf:192.168.5.176:35563, d92499b0-1b7f-4387-8ba6-ffcf7cff46e6:192.168.5.176:34281], old=null at 0
2019-08-29 08:47:11,451 [grpc-default-executor-0] INFO  segmented.SegmentedRaftLogWorker (SegmentedRaftLogWorker.java:startLogSegment(380)) - d92499b0-1b7f-4387-8ba6-ffcf7cff46e6-SegmentedRaftLogWorker:Storage Directory /workdir/hadoop-ozone/integration-test/target/test-dir/MiniOzoneClusterImpl-0396b80d-4163-4a3b-9db9-4b816fc820e4/datanode-0/data/ratis/054fdc03-55bb-4efd-8db9-99b3e677189c: Starting segment from index:0
2019-08-29 08:47:11,451 [grpc-default-executor-3] INFO  segmented.SegmentedRaftLogWorker (SegmentedRaftLogWorker.java:startLogSegment(380)) - dd40d4a5-aa3f-4ebf-9cec-f561545fceec-SegmentedRaftLogWorker:Storage Directory /workdir/hadoop-ozone/integration-test/target/test-dir/MiniOzoneClusterImpl-0396b80d-4163-4a3b-9db9-4b816fc820e4/datanode-4/data/ratis/054fdc03-55bb-4efd-8db9-99b3e677189c: Starting segment from index:0
2019-08-29 08:47:11,489 [d92499b0-1b7f-4387-8ba6-ffcf7cff46e6-SegmentedRaftLogWorker:Storage Directory /workdir/hadoop-ozone/integration-test/target/test-dir/MiniOzoneClusterImpl-0396b80d-4163-4a3b-9db9-4b816fc820e4/datanode-0/data/ratis/054fdc03-55bb-4efd-8db9-99b3e677189c] INFO  segmented.SegmentedRaftLogWorker (SegmentedRaftLogWorker.java:execute(569)) - d92499b0-1b7f-4387-8ba6-ffcf7cff46e6-SegmentedRaftLogWorker:Storage Directory /workdir/hadoop-ozone/integration-test/target/test-dir/MiniOzoneClusterImpl-0396b80d-4163-4a3b-9db9-4b816fc820e4/datanode-0/data/ratis/054fdc03-55bb-4efd-8db9-99b3e677189c: created new log segment /workdir/hadoop-ozone/integration-test/target/test-dir/MiniOzoneClusterImpl-0396b80d-4163-4a3b-9db9-4b816fc820e4/datanode-0/data/ratis/054fdc03-55bb-4efd-8db9-99b3e677189c/current/log_inprogress_0
2019-08-29 08:47:11,489 [dd40d4a5-aa3f-4ebf-9cec-f561545fceec-SegmentedRaftLogWorker:Storage Directory /workdir/hadoop-ozone/integration-test/target/test-dir/MiniOzoneClusterImpl-0396b80d-4163-4a3b-9db9-4b816fc820e4/datanode-4/data/ratis/054fdc03-55bb-4efd-8db9-99b3e677189c] INFO  segmented.SegmentedRaftLogWorker (SegmentedRaftLogWorker.java:execute(569)) - dd40d4a5-aa3f-4ebf-9cec-f561545fceec-SegmentedRaftLogWorker:Storage Directory /workdir/hadoop-ozone/integration-test/target/test-dir/MiniOzoneClusterImpl-0396b80d-4163-4a3b-9db9-4b816fc820e4/datanode-4/data/ratis/054fdc03-55bb-4efd-8db9-99b3e677189c: created new log segment /workdir/hadoop-ozone/integration-test/target/test-dir/MiniOzoneClusterImpl-0396b80d-4163-4a3b-9db9-4b816fc820e4/datanode-4/data/ratis/054fdc03-55bb-4efd-8db9-99b3e677189c/current/log_inprogress_0
2019-08-29 08:47:11,498 | INFO  | SCMAudit | user=jenkins1000 | ip=192.168.5.176 | op=SEND_HEARTBEAT {datanodeUUID=dd40d4a5-aa3f-4ebf-9cec-f561545fceec, command=[]} | ret=SUCCESS |  
2019-08-29 08:47:11,539 [main] INFO  impl.MetricsSystemImpl (MetricsSystemImpl.java:init(158)) - XceiverClientMetrics metrics system started (again)
2019-08-29 08:47:11,568 | INFO  | SCMAudit | user=jenkins1000 | ip=192.168.5.176 | op=SEND_HEARTBEAT {datanodeUUID=f03f170c-33d9-4b6f-9b91-57603dd43a1e, command=[]} | ret=SUCCESS |  
2019-08-29 08:47:11,678 [grpc-default-executor-3] INFO  client.GrpcClientProtocolClient (GrpcClientProtocolClient.java:onNext(255)) - client-02DC03C53EE9->d2610440-16a5-46aa-8011-5e9b2b98e89e: receive RaftClientReply:client-02DC03C53EE9->d2610440-16a5-46aa-8011-5e9b2b98e89e@group-0E98D55737AE, cid=19, FAILED org.apache.ratis.protocol.NotLeaderException: Server d2610440-16a5-46aa-8011-5e9b2b98e89e is not the leader (null). Request must be sent to leader., logIndex=0, commits[d2610440-16a5-46aa-8011-5e9b2b98e89e:c-1]
2019-08-29 08:47:11,957 | INFO  | SCMAudit | user=jenkins1000 | ip=192.168.5.176 | op=SEND_HEARTBEAT {datanodeUUID=62127296-10ba-4bda-9b01-f27ba8bd8737, command=[]} | ret=SUCCESS |  
2019-08-29 08:47:11,957 | INFO  | SCMAudit | user=jenkins1000 | ip=192.168.5.176 | op=SEND_HEARTBEAT {datanodeUUID=823a7cbe-9ef5-429c-8255-e9ac46ec72ba, command=[]} | ret=SUCCESS |  
2019-08-29 08:47:11,958 | INFO  | SCMAudit | user=jenkins1000 | ip=192.168.5.176 | op=SEND_HEARTBEAT {datanodeUUID=d2610440-16a5-46aa-8011-5e9b2b98e89e, command=[]} | ret=SUCCESS |  
2019-08-29 08:47:11,958 | INFO  | SCMAudit | user=jenkins1000 | ip=192.168.5.176 | op=SEND_HEARTBEAT {datanodeUUID=4372d764-1931-406f-887c-7b5d1b7ac3a6, command=[]} | ret=SUCCESS |  
2019-08-29 08:47:12,216 | INFO  | SCMAudit | user=jenkins1000 | ip=192.168.5.176 | op=SEND_HEARTBEAT {datanodeUUID=d92499b0-1b7f-4387-8ba6-ffcf7cff46e6, command=[]} | ret=SUCCESS |  
2019-08-29 08:47:12,265 [Thread-383] INFO  impl.FollowerState (FollowerState.java:run(106)) - d2610440-16a5-46aa-8011-5e9b2b98e89e:group-0E98D55737AE changes to CANDIDATE, lastRpcTime:1047, electionTimeout:1046ms
2019-08-29 08:47:12,265 [Thread-383] INFO  impl.RoleInfo (RoleInfo.java:shutdownFollowerState(121)) - d2610440-16a5-46aa-8011-5e9b2b98e89e: shutdown FollowerState
2019-08-29 08:47:12,265 [Thread-383] INFO  impl.RaftServerImpl (RaftServerImpl.java:setRole(171)) - d2610440-16a5-46aa-8011-5e9b2b98e89e:group-0E98D55737AE changes role from FOLLOWER to CANDIDATE at term 1 for changeToCandidate
2019-08-29 08:47:12,265 [Thread-383] INFO  impl.RoleInfo (RoleInfo.java:updateAndGet(143)) - d2610440-16a5-46aa-8011-5e9b2b98e89e: start LeaderElection
2019-08-29 08:47:12,272 [Thread-384] INFO  impl.FollowerState (FollowerState.java:run(106)) - 62127296-10ba-4bda-9b01-f27ba8bd8737:group-0E98D55737AE changes to CANDIDATE, lastRpcTime:1048, electionTimeout:1043ms
2019-08-29 08:47:12,273 [Thread-384] INFO  impl.RoleInfo (RoleInfo.java:shutdownFollowerState(121)) - 62127296-10ba-4bda-9b01-f27ba8bd8737: shutdown FollowerState
2019-08-29 08:47:12,273 [Thread-384] INFO  impl.RaftServerImpl (RaftServerImpl.java:setRole(171)) - 62127296-10ba-4bda-9b01-f27ba8bd8737:group-0E98D55737AE changes role from FOLLOWER to CANDIDATE at term 1 for changeToCandidate
2019-08-29 08:47:12,273 [Thread-384] INFO  impl.RoleInfo (RoleInfo.java:updateAndGet(143)) - 62127296-10ba-4bda-9b01-f27ba8bd8737: start LeaderElection
2019-08-29 08:47:12,288 | INFO  | SCMAudit | user=jenkins1000 | ip=192.168.5.176 | op=SEND_HEARTBEAT {datanodeUUID=2256733f-555b-4f0d-8703-18eb36ab43de, command=[]} | ret=SUCCESS |  
2019-08-29 08:47:12,308 [Thread-371] INFO  impl.FollowerState (FollowerState.java:run(106)) - 823a7cbe-9ef5-429c-8255-e9ac46ec72ba:group-CDBD8F166C83 changes to CANDIDATE, lastRpcTime:1190, electionTimeout:1188ms
2019-08-29 08:47:12,308 [Thread-371] INFO  impl.RoleInfo (RoleInfo.java:shutdownFollowerState(121)) - 823a7cbe-9ef5-429c-8255-e9ac46ec72ba: shutdown FollowerState
2019-08-29 08:47:12,309 [Thread-371] INFO  impl.RaftServerImpl (RaftServerImpl.java:setRole(171)) - 823a7cbe-9ef5-429c-8255-e9ac46ec72ba:group-CDBD8F166C83 changes role from FOLLOWER to CANDIDATE at term 1 for changeToCandidate
2019-08-29 08:47:12,309 [Thread-371] INFO  impl.RoleInfo (RoleInfo.java:updateAndGet(143)) - 823a7cbe-9ef5-429c-8255-e9ac46ec72ba: start LeaderElection
2019-08-29 08:47:12,311 [Thread-385] INFO  impl.FollowerState (FollowerState.java:run(106)) - 4372d764-1931-406f-887c-7b5d1b7ac3a6:group-0E98D55737AE changes to CANDIDATE, lastRpcTime:1061, electionTimeout:1061ms
2019-08-29 08:47:12,311 [Thread-385] INFO  impl.RoleInfo (RoleInfo.java:shutdownFollowerState(121)) - 4372d764-1931-406f-887c-7b5d1b7ac3a6: shutdown FollowerState
2019-08-29 08:47:12,311 [Thread-385] INFO  impl.RaftServerImpl (RaftServerImpl.java:setRole(171)) - 4372d764-1931-406f-887c-7b5d1b7ac3a6:group-0E98D55737AE changes role from FOLLOWER to CANDIDATE at term 1 for changeToCandidate
2019-08-29 08:47:12,311 [Thread-385] INFO  impl.RoleInfo (RoleInfo.java:updateAndGet(143)) - 4372d764-1931-406f-887c-7b5d1b7ac3a6: start LeaderElection
2019-08-29 08:47:12,319 [Thread-372] INFO  impl.FollowerState (FollowerState.java:run(106)) - 3a39fbaa-14da-4624-bf1d-aa1db02e0173:group-CDBD8F166C83 changes to CANDIDATE, lastRpcTime:1200, electionTimeout:1199ms
2019-08-29 08:47:12,319 [Thread-372] INFO  impl.RoleInfo (RoleInfo.java:shutdownFollowerState(121)) - 3a39fbaa-14da-4624-bf1d-aa1db02e0173: shutdown FollowerState
2019-08-29 08:47:12,320 [Thread-372] INFO  impl.RaftServerImpl (RaftServerImpl.java:setRole(171)) - 3a39fbaa-14da-4624-bf1d-aa1db02e0173:group-CDBD8F166C83 changes role from FOLLOWER to CANDIDATE at term 1 for changeToCandidate
2019-08-29 08:47:12,320 [Thread-372] INFO  impl.RoleInfo (RoleInfo.java:updateAndGet(143)) - 3a39fbaa-14da-4624-bf1d-aa1db02e0173: start LeaderElection
2019-08-29 08:47:12,334 [Thread-375] INFO  impl.FollowerState (FollowerState.java:run(106)) - 2256733f-555b-4f0d-8703-18eb36ab43de:group-CDBD8F166C83 changes to CANDIDATE, lastRpcTime:1196, electionTimeout:1192ms
2019-08-29 08:47:12,335 [Thread-375] INFO  impl.RoleInfo (RoleInfo.java:shutdownFollowerState(121)) - 2256733f-555b-4f0d-8703-18eb36ab43de: shutdown FollowerState
2019-08-29 08:47:12,335 [Thread-375] INFO  impl.RaftServerImpl (RaftServerImpl.java:setRole(171)) - 2256733f-555b-4f0d-8703-18eb36ab43de:group-CDBD8F166C83 changes role from FOLLOWER to CANDIDATE at term 1 for changeToCandidate
2019-08-29 08:47:12,335 [Thread-375] INFO  impl.RoleInfo (RoleInfo.java:updateAndGet(143)) - 2256733f-555b-4f0d-8703-18eb36ab43de: start LeaderElection
2019-08-29 08:47:12,355 | INFO  | SCMAudit | user=jenkins1000 | ip=192.168.5.176 | op=SEND_HEARTBEAT {datanodeUUID=3a39fbaa-14da-4624-bf1d-aa1db02e0173, command=[]} | ret=SUCCESS |  
2019-08-29 08:47:12,405 [2256733f-555b-4f0d-8703-18eb36ab43de:group-CDBD8F166C83:LeaderElection23] INFO  impl.LeaderElection (LeaderElection.java:askForVotes(181)) - 2256733f-555b-4f0d-8703-18eb36ab43de:group-CDBD8F166C83:LeaderElection23: begin an election at term 2 for -1: [2256733f-555b-4f0d-8703-18eb36ab43de:192.168.5.176:35960, 3a39fbaa-14da-4624-bf1d-aa1db02e0173:192.168.5.176:34585, 823a7cbe-9ef5-429c-8255-e9ac46ec72ba:192.168.5.176:37287], old=null
2019-08-29 08:47:12,405 [d2610440-16a5-46aa-8011-5e9b2b98e89e:group-0E98D55737AE:LeaderElection18] INFO  impl.LeaderElection (LeaderElection.java:askForVotes(181)) - d2610440-16a5-46aa-8011-5e9b2b98e89e:group-0E98D55737AE:LeaderElection18: begin an election at term 2 for -1: [4372d764-1931-406f-887c-7b5d1b7ac3a6:192.168.5.176:40296, 62127296-10ba-4bda-9b01-f27ba8bd8737:192.168.5.176:45010, d2610440-16a5-46aa-8011-5e9b2b98e89e:192.168.5.176:44963], old=null
2019-08-29 08:47:12,405 [4372d764-1931-406f-887c-7b5d1b7ac3a6:group-0E98D55737AE:LeaderElection21] INFO  impl.LeaderElection (LeaderElection.java:askForVotes(181)) - 4372d764-1931-406f-887c-7b5d1b7ac3a6:group-0E98D55737AE:LeaderElection21: begin an election at term 2 for -1: [4372d764-1931-406f-887c-7b5d1b7ac3a6:192.168.5.176:40296, 62127296-10ba-4bda-9b01-f27ba8bd8737:192.168.5.176:45010, d2610440-16a5-46aa-8011-5e9b2b98e89e:192.168.5.176:44963], old=null
2019-08-29 08:47:12,405 [823a7cbe-9ef5-429c-8255-e9ac46ec72ba:group-CDBD8F166C83:LeaderElection20] INFO  impl.LeaderElection (LeaderElection.java:askForVotes(181)) - 823a7cbe-9ef5-429c-8255-e9ac46ec72ba:group-CDBD8F166C83:LeaderElection20: begin an election at term 2 for -1: [2256733f-555b-4f0d-8703-18eb36ab43de:192.168.5.176:35960, 3a39fbaa-14da-4624-bf1d-aa1db02e0173:192.168.5.176:34585, 823a7cbe-9ef5-429c-8255-e9ac46ec72ba:192.168.5.176:37287], old=null
2019-08-29 08:47:12,405 [62127296-10ba-4bda-9b01-f27ba8bd8737:group-0E98D55737AE:LeaderElection19] INFO  impl.LeaderElection (LeaderElection.java:askForVotes(181)) - 62127296-10ba-4bda-9b01-f27ba8bd8737:group-0E98D55737AE:LeaderElection19: begin an election at term 2 for -1: [4372d764-1931-406f-887c-7b5d1b7ac3a6:192.168.5.176:40296, 62127296-10ba-4bda-9b01-f27ba8bd8737:192.168.5.176:45010, d2610440-16a5-46aa-8011-5e9b2b98e89e:192.168.5.176:44963], old=null
2019-08-29 08:47:12,405 [3a39fbaa-14da-4624-bf1d-aa1db02e0173:group-CDBD8F166C83:LeaderElection22] INFO  impl.LeaderElection (LeaderElection.java:askForVotes(181)) - 3a39fbaa-14da-4624-bf1d-aa1db02e0173:group-CDBD8F166C83:LeaderElection22: begin an election at term 2 for -1: [2256733f-555b-4f0d-8703-18eb36ab43de:192.168.5.176:35960, 3a39fbaa-14da-4624-bf1d-aa1db02e0173:192.168.5.176:34585, 823a7cbe-9ef5-429c-8255-e9ac46ec72ba:192.168.5.176:37287], old=null
2019-08-29 08:47:12,425 [823a7cbe-9ef5-429c-8255-e9ac46ec72ba:group-CDBD8F166C83:LeaderElection20] INFO  impl.LeaderElection (LeaderElection.java:logAndReturn(56)) - 823a7cbe-9ef5-429c-8255-e9ac46ec72ba:group-CDBD8F166C83:LeaderElection20: Election REJECTED; received 2 response(s) [823a7cbe-9ef5-429c-8255-e9ac46ec72ba<-2256733f-555b-4f0d-8703-18eb36ab43de#0:FAIL-t2, 823a7cbe-9ef5-429c-8255-e9ac46ec72ba<-3a39fbaa-14da-4624-bf1d-aa1db02e0173#0:FAIL-t2] and 0 exception(s); 823a7cbe-9ef5-429c-8255-e9ac46ec72ba:t2, leader=null, voted=823a7cbe-9ef5-429c-8255-e9ac46ec72ba, raftlog=823a7cbe-9ef5-429c-8255-e9ac46ec72ba-SegmentedRaftLog:OPENED:c-1,f-1,i0, conf=-1: [2256733f-555b-4f0d-8703-18eb36ab43de:192.168.5.176:35960, 3a39fbaa-14da-4624-bf1d-aa1db02e0173:192.168.5.176:34585, 823a7cbe-9ef5-429c-8255-e9ac46ec72ba:192.168.5.176:37287], old=null
2019-08-29 08:47:12,425 [823a7cbe-9ef5-429c-8255-e9ac46ec72ba:group-CDBD8F166C83:LeaderElection20] INFO  impl.RaftServerImpl (RaftServerImpl.java:setRole(171)) - 823a7cbe-9ef5-429c-8255-e9ac46ec72ba:group-CDBD8F166C83 changes role from CANDIDATE to FOLLOWER at term 2 for DISCOVERED_A_NEW_TERM
2019-08-29 08:47:12,428 [823a7cbe-9ef5-429c-8255-e9ac46ec72ba:group-CDBD8F166C83:LeaderElection20] INFO  impl.RoleInfo (RoleInfo.java:shutdownLeaderElection(134)) - 823a7cbe-9ef5-429c-8255-e9ac46ec72ba: shutdown LeaderElection
2019-08-29 08:47:12,428 [823a7cbe-9ef5-429c-8255-e9ac46ec72ba:group-CDBD8F166C83:LeaderElection20] INFO  impl.RoleInfo (RoleInfo.java:updateAndGet(143)) - 823a7cbe-9ef5-429c-8255-e9ac46ec72ba: start FollowerState
2019-08-29 08:47:12,429 [2256733f-555b-4f0d-8703-18eb36ab43de:group-CDBD8F166C83:LeaderElection23] INFO  impl.LeaderElection (LeaderElection.java:logAndReturn(56)) - 2256733f-555b-4f0d-8703-18eb36ab43de:group-CDBD8F166C83:LeaderElection23: Election REJECTED; received 2 response(s) [2256733f-555b-4f0d-8703-18eb36ab43de<-3a39fbaa-14da-4624-bf1d-aa1db02e0173#0:FAIL-t2, 2256733f-555b-4f0d-8703-18eb36ab43de<-823a7cbe-9ef5-429c-8255-e9ac46ec72ba#0:FAIL-t2] and 0 exception(s); 2256733f-555b-4f0d-8703-18eb36ab43de:t2, leader=null, voted=2256733f-555b-4f0d-8703-18eb36ab43de, raftlog=2256733f-555b-4f0d-8703-18eb36ab43de-SegmentedRaftLog:OPENED:c-1,f-1,i0, conf=-1: [2256733f-555b-4f0d-8703-18eb36ab43de:192.168.5.176:35960, 3a39fbaa-14da-4624-bf1d-aa1db02e0173:192.168.5.176:34585, 823a7cbe-9ef5-429c-8255-e9ac46ec72ba:192.168.5.176:37287], old=null
2019-08-29 08:47:12,431 [2256733f-555b-4f0d-8703-18eb36ab43de:group-CDBD8F166C83:LeaderElection23] INFO  impl.RaftServerImpl (RaftServerImpl.java:setRole(171)) - 2256733f-555b-4f0d-8703-18eb36ab43de:group-CDBD8F166C83 changes role from CANDIDATE to FOLLOWER at term 2 for DISCOVERED_A_NEW_TERM
2019-08-29 08:47:12,433 [2256733f-555b-4f0d-8703-18eb36ab43de:group-CDBD8F166C83:LeaderElection23] INFO  impl.RoleInfo (RoleInfo.java:shutdownLeaderElection(134)) - 2256733f-555b-4f0d-8703-18eb36ab43de: shutdown LeaderElection
2019-08-29 08:47:12,433 [2256733f-555b-4f0d-8703-18eb36ab43de:group-CDBD8F166C83:LeaderElection23] INFO  impl.RoleInfo (RoleInfo.java:updateAndGet(143)) - 2256733f-555b-4f0d-8703-18eb36ab43de: start FollowerState
2019-08-29 08:47:12,435 [62127296-10ba-4bda-9b01-f27ba8bd8737:group-0E98D55737AE:LeaderElection19] INFO  impl.LeaderElection (LeaderElection.java:logAndReturn(56)) - 62127296-10ba-4bda-9b01-f27ba8bd8737:group-0E98D55737AE:LeaderElection19: Election REJECTED; received 2 response(s) [62127296-10ba-4bda-9b01-f27ba8bd8737<-4372d764-1931-406f-887c-7b5d1b7ac3a6#0:FAIL-t2, 62127296-10ba-4bda-9b01-f27ba8bd8737<-d2610440-16a5-46aa-8011-5e9b2b98e89e#0:FAIL-t2] and 0 exception(s); 62127296-10ba-4bda-9b01-f27ba8bd8737:t2, leader=null, voted=62127296-10ba-4bda-9b01-f27ba8bd8737, raftlog=62127296-10ba-4bda-9b01-f27ba8bd8737-SegmentedRaftLog:OPENED:c-1,f-1,i0, conf=-1: [4372d764-1931-406f-887c-7b5d1b7ac3a6:192.168.5.176:40296, 62127296-10ba-4bda-9b01-f27ba8bd8737:192.168.5.176:45010, d2610440-16a5-46aa-8011-5e9b2b98e89e:192.168.5.176:44963], old=null
2019-08-29 08:47:12,435 [62127296-10ba-4bda-9b01-f27ba8bd8737:group-0E98D55737AE:LeaderElection19] INFO  impl.RaftServerImpl (RaftServerImpl.java:setRole(171)) - 62127296-10ba-4bda-9b01-f27ba8bd8737:group-0E98D55737AE changes role from CANDIDATE to FOLLOWER at term 2 for DISCOVERED_A_NEW_TERM
2019-08-29 08:47:12,438 [62127296-10ba-4bda-9b01-f27ba8bd8737:group-0E98D55737AE:LeaderElection19] INFO  impl.RoleInfo (RoleInfo.java:shutdownLeaderElection(134)) - 62127296-10ba-4bda-9b01-f27ba8bd8737: shutdown LeaderElection
2019-08-29 08:47:12,438 | INFO  | SCMAudit | user=jenkins1000 | ip=192.168.5.176 | op=SEND_HEARTBEAT {datanodeUUID=37fb6585-bd86-49e3-96c6-47308e6afbcf, command=[]} | ret=SUCCESS |  
2019-08-29 08:47:12,438 [62127296-10ba-4bda-9b01-f27ba8bd8737:group-0E98D55737AE:LeaderElection19] INFO  impl.RoleInfo (RoleInfo.java:updateAndGet(143)) - 62127296-10ba-4bda-9b01-f27ba8bd8737: start FollowerState
2019-08-29 08:47:12,440 [3a39fbaa-14da-4624-bf1d-aa1db02e0173:group-CDBD8F166C83:LeaderElection22] INFO  impl.LeaderElection (LeaderElection.java:logAndReturn(56)) - 3a39fbaa-14da-4624-bf1d-aa1db02e0173:group-CDBD8F166C83:LeaderElection22: Election REJECTED; received 2 response(s) [3a39fbaa-14da-4624-bf1d-aa1db02e0173<-2256733f-555b-4f0d-8703-18eb36ab43de#0:FAIL-t2, 3a39fbaa-14da-4624-bf1d-aa1db02e0173<-823a7cbe-9ef5-429c-8255-e9ac46ec72ba#0:FAIL-t2] and 0 exception(s); 3a39fbaa-14da-4624-bf1d-aa1db02e0173:t2, leader=null, voted=3a39fbaa-14da-4624-bf1d-aa1db02e0173, raftlog=3a39fbaa-14da-4624-bf1d-aa1db02e0173-SegmentedRaftLog:OPENED:c-1,f-1,i0, conf=-1: [2256733f-555b-4f0d-8703-18eb36ab43de:192.168.5.176:35960, 3a39fbaa-14da-4624-bf1d-aa1db02e0173:192.168.5.176:34585, 823a7cbe-9ef5-429c-8255-e9ac46ec72ba:192.168.5.176:37287], old=null
2019-08-29 08:47:12,441 [3a39fbaa-14da-4624-bf1d-aa1db02e0173:group-CDBD8F166C83:LeaderElection22] INFO  impl.RaftServerImpl (RaftServerImpl.java:setRole(171)) - 3a39fbaa-14da-4624-bf1d-aa1db02e0173:group-CDBD8F166C83 changes role from CANDIDATE to FOLLOWER at term 2 for DISCOVERED_A_NEW_TERM
2019-08-29 08:47:12,444 [3a39fbaa-14da-4624-bf1d-aa1db02e0173:group-CDBD8F166C83:LeaderElection22] INFO  impl.RoleInfo (RoleInfo.java:shutdownLeaderElection(134)) - 3a39fbaa-14da-4624-bf1d-aa1db02e0173: shutdown LeaderElection
2019-08-29 08:47:12,444 [3a39fbaa-14da-4624-bf1d-aa1db02e0173:group-CDBD8F166C83:LeaderElection22] INFO  impl.RoleInfo (RoleInfo.java:updateAndGet(143)) - 3a39fbaa-14da-4624-bf1d-aa1db02e0173: start FollowerState
2019-08-29 08:47:12,446 [d2610440-16a5-46aa-8011-5e9b2b98e89e:group-0E98D55737AE:LeaderElection18] INFO  impl.LeaderElection (LeaderElection.java:logAndReturn(56)) - d2610440-16a5-46aa-8011-5e9b2b98e89e:group-0E98D55737AE:LeaderElection18: Election REJECTED; received 2 response(s) [d2610440-16a5-46aa-8011-5e9b2b98e89e<-4372d764-1931-406f-887c-7b5d1b7ac3a6#0:FAIL-t2, d2610440-16a5-46aa-8011-5e9b2b98e89e<-62127296-10ba-4bda-9b01-f27ba8bd8737#0:FAIL-t2] and 0 exception(s); d2610440-16a5-46aa-8011-5e9b2b98e89e:t2, leader=null, voted=d2610440-16a5-46aa-8011-5e9b2b98e89e, raftlog=d2610440-16a5-46aa-8011-5e9b2b98e89e-SegmentedRaftLog:OPENED:c-1,f-1,i0, conf=-1: [4372d764-1931-406f-887c-7b5d1b7ac3a6:192.168.5.176:40296, 62127296-10ba-4bda-9b01-f27ba8bd8737:192.168.5.176:45010, d2610440-16a5-46aa-8011-5e9b2b98e89e:192.168.5.176:44963], old=null
2019-08-29 08:47:12,446 [d2610440-16a5-46aa-8011-5e9b2b98e89e:group-0E98D55737AE:LeaderElection18] INFO  impl.RaftServerImpl (RaftServerImpl.java:setRole(171)) - d2610440-16a5-46aa-8011-5e9b2b98e89e:group-0E98D55737AE changes role from CANDIDATE to FOLLOWER at term 2 for DISCOVERED_A_NEW_TERM
2019-08-29 08:47:12,450 [d2610440-16a5-46aa-8011-5e9b2b98e89e:group-0E98D55737AE:LeaderElection18] INFO  impl.RoleInfo (RoleInfo.java:shutdownLeaderElection(134)) - d2610440-16a5-46aa-8011-5e9b2b98e89e: shutdown LeaderElection
2019-08-29 08:47:12,450 [4372d764-1931-406f-887c-7b5d1b7ac3a6:group-0E98D55737AE:LeaderElection21] INFO  impl.LeaderElection (LeaderElection.java:logAndReturn(56)) - 4372d764-1931-406f-887c-7b5d1b7ac3a6:group-0E98D55737AE:LeaderElection21: Election REJECTED; received 2 response(s) [4372d764-1931-406f-887c-7b5d1b7ac3a6<-62127296-10ba-4bda-9b01-f27ba8bd8737#0:FAIL-t2, 4372d764-1931-406f-887c-7b5d1b7ac3a6<-d2610440-16a5-46aa-8011-5e9b2b98e89e#0:FAIL-t2] and 0 exception(s); 4372d764-1931-406f-887c-7b5d1b7ac3a6:t2, leader=null, voted=4372d764-1931-406f-887c-7b5d1b7ac3a6, raftlog=4372d764-1931-406f-887c-7b5d1b7ac3a6-SegmentedRaftLog:OPENED:c-1,f-1,i0, conf=-1: [4372d764-1931-406f-887c-7b5d1b7ac3a6:192.168.5.176:40296, 62127296-10ba-4bda-9b01-f27ba8bd8737:192.168.5.176:45010, d2610440-16a5-46aa-8011-5e9b2b98e89e:192.168.5.176:44963], old=null
2019-08-29 08:47:12,450 [d2610440-16a5-46aa-8011-5e9b2b98e89e:group-0E98D55737AE:LeaderElection18] INFO  impl.RoleInfo (RoleInfo.java:updateAndGet(143)) - d2610440-16a5-46aa-8011-5e9b2b98e89e: start FollowerState
2019-08-29 08:47:12,450 [4372d764-1931-406f-887c-7b5d1b7ac3a6:group-0E98D55737AE:LeaderElection21] INFO  impl.RaftServerImpl (RaftServerImpl.java:setRole(171)) - 4372d764-1931-406f-887c-7b5d1b7ac3a6:group-0E98D55737AE changes role from CANDIDATE to FOLLOWER at term 2 for DISCOVERED_A_NEW_TERM
2019-08-29 08:47:12,459 [4372d764-1931-406f-887c-7b5d1b7ac3a6:group-0E98D55737AE:LeaderElection21] INFO  impl.RoleInfo (RoleInfo.java:shutdownLeaderElection(134)) - 4372d764-1931-406f-887c-7b5d1b7ac3a6: shutdown LeaderElection
2019-08-29 08:47:12,459 [4372d764-1931-406f-887c-7b5d1b7ac3a6:group-0E98D55737AE:LeaderElection21] INFO  impl.RoleInfo (RoleInfo.java:updateAndGet(143)) - 4372d764-1931-406f-887c-7b5d1b7ac3a6: start FollowerState
2019-08-29 08:47:12,497 | INFO  | SCMAudit | user=jenkins1000 | ip=192.168.5.176 | op=SEND_HEARTBEAT {datanodeUUID=dd40d4a5-aa3f-4ebf-9cec-f561545fceec, command=[]} | ret=SUCCESS |  
2019-08-29 08:47:12,568 | INFO  | SCMAudit | user=jenkins1000 | ip=192.168.5.176 | op=SEND_HEARTBEAT {datanodeUUID=f03f170c-33d9-4b6f-9b91-57603dd43a1e, command=[]} | ret=SUCCESS |  
2019-08-29 08:47:12,716 [grpc-default-executor-4] INFO  client.GrpcClientProtocolClient (GrpcClientProtocolClient.java:onNext(255)) - client-02DC03C53EE9->62127296-10ba-4bda-9b01-f27ba8bd8737: receive RaftClientReply:client-02DC03C53EE9->62127296-10ba-4bda-9b01-f27ba8bd8737@group-0E98D55737AE, cid=19, FAILED org.apache.ratis.protocol.NotLeaderException: Server 62127296-10ba-4bda-9b01-f27ba8bd8737 is not the leader (null). Request must be sent to leader., logIndex=0, commits[62127296-10ba-4bda-9b01-f27ba8bd8737:c-1]
2019-08-29 08:47:12,957 | INFO  | SCMAudit | user=jenkins1000 | ip=192.168.5.176 | op=SEND_HEARTBEAT {datanodeUUID=62127296-10ba-4bda-9b01-f27ba8bd8737, command=[]} | ret=SUCCESS |  
2019-08-29 08:47:12,957 | INFO  | SCMAudit | user=jenkins1000 | ip=192.168.5.176 | op=SEND_HEARTBEAT {datanodeUUID=823a7cbe-9ef5-429c-8255-e9ac46ec72ba, command=[]} | ret=SUCCESS |  
2019-08-29 08:47:12,958 | INFO  | SCMAudit | user=jenkins1000 | ip=192.168.5.176 | op=SEND_HEARTBEAT {datanodeUUID=4372d764-1931-406f-887c-7b5d1b7ac3a6, command=[]} | ret=SUCCESS |  
2019-08-29 08:47:12,958 | INFO  | SCMAudit | user=jenkins1000 | ip=192.168.5.176 | op=SEND_HEARTBEAT {datanodeUUID=d2610440-16a5-46aa-8011-5e9b2b98e89e, command=[]} | ret=SUCCESS |  
2019-08-29 08:47:13,215 | INFO  | SCMAudit | user=jenkins1000 | ip=192.168.5.176 | op=SEND_HEARTBEAT {datanodeUUID=d92499b0-1b7f-4387-8ba6-ffcf7cff46e6, command=[]} | ret=SUCCESS |  
2019-08-29 08:47:13,288 | INFO  | SCMAudit | user=jenkins1000 | ip=192.168.5.176 | op=SEND_HEARTBEAT {datanodeUUID=2256733f-555b-4f0d-8703-18eb36ab43de, command=[]} | ret=SUCCESS |  
2019-08-29 08:47:13,355 | INFO  | SCMAudit | user=jenkins1000 | ip=192.168.5.176 | op=SEND_HEARTBEAT {datanodeUUID=3a39fbaa-14da-4624-bf1d-aa1db02e0173, command=[]} | ret=SUCCESS |  
2019-08-29 08:47:13,435 | INFO  | SCMAudit | user=jenkins1000 | ip=192.168.5.176 | op=SEND_HEARTBEAT {datanodeUUID=37fb6585-bd86-49e3-96c6-47308e6afbcf, command=[]} | ret=SUCCESS |  
2019-08-29 08:47:13,477 [Thread-428] INFO  impl.FollowerState (FollowerState.java:run(106)) - d2610440-16a5-46aa-8011-5e9b2b98e89e:group-0E98D55737AE changes to CANDIDATE, lastRpcTime:1027, electionTimeout:1018ms
2019-08-29 08:47:13,477 [Thread-428] INFO  impl.RoleInfo (RoleInfo.java:shutdownFollowerState(121)) - d2610440-16a5-46aa-8011-5e9b2b98e89e: shutdown FollowerState
2019-08-29 08:47:13,477 [Thread-428] INFO  impl.RaftServerImpl (RaftServerImpl.java:setRole(171)) - d2610440-16a5-46aa-8011-5e9b2b98e89e:group-0E98D55737AE changes role from FOLLOWER to CANDIDATE at term 2 for changeToCandidate
2019-08-29 08:47:13,477 [Thread-428] INFO  impl.RoleInfo (RoleInfo.java:updateAndGet(143)) - d2610440-16a5-46aa-8011-5e9b2b98e89e: start LeaderElection
2019-08-29 08:47:13,498 | INFO  | SCMAudit | user=jenkins1000 | ip=192.168.5.176 | op=SEND_HEARTBEAT {datanodeUUID=dd40d4a5-aa3f-4ebf-9cec-f561545fceec, command=[]} | ret=SUCCESS |  
2019-08-29 08:47:13,541 [Thread-424] INFO  impl.FollowerState (FollowerState.java:run(106)) - 823a7cbe-9ef5-429c-8255-e9ac46ec72ba:group-CDBD8F166C83 changes to CANDIDATE, lastRpcTime:1112, electionTimeout:1110ms
2019-08-29 08:47:13,541 [Thread-424] INFO  impl.RoleInfo (RoleInfo.java:shutdownFollowerState(121)) - 823a7cbe-9ef5-429c-8255-e9ac46ec72ba: shutdown FollowerState
2019-08-29 08:47:13,541 [Thread-424] INFO  impl.RaftServerImpl (RaftServerImpl.java:setRole(171)) - 823a7cbe-9ef5-429c-8255-e9ac46ec72ba:group-CDBD8F166C83 changes role from FOLLOWER to CANDIDATE at term 2 for changeToCandidate
2019-08-29 08:47:13,542 [Thread-424] INFO  impl.RoleInfo (RoleInfo.java:updateAndGet(143)) - 823a7cbe-9ef5-429c-8255-e9ac46ec72ba: start LeaderElection
2019-08-29 08:47:13,568 | INFO  | SCMAudit | user=jenkins1000 | ip=192.168.5.176 | op=SEND_HEARTBEAT {datanodeUUID=f03f170c-33d9-4b6f-9b91-57603dd43a1e, command=[]} | ret=SUCCESS |  
2019-08-29 08:47:13,573 [Thread-425] INFO  impl.FollowerState (FollowerState.java:run(106)) - 2256733f-555b-4f0d-8703-18eb36ab43de:group-CDBD8F166C83 changes to CANDIDATE, lastRpcTime:1139, electionTimeout:1138ms
2019-08-29 08:47:13,573 [Thread-425] INFO  impl.RoleInfo (RoleInfo.java:shutdownFollowerState(121)) - 2256733f-555b-4f0d-8703-18eb36ab43de: shutdown FollowerState
2019-08-29 08:47:13,573 [Thread-425] INFO  impl.RaftServerImpl (RaftServerImpl.java:setRole(171)) - 2256733f-555b-4f0d-8703-18eb36ab43de:group-CDBD8F166C83 changes role from FOLLOWER to CANDIDATE at term 2 for changeToCandidate
2019-08-29 08:47:13,573 [Thread-425] INFO  impl.RoleInfo (RoleInfo.java:updateAndGet(143)) - 2256733f-555b-4f0d-8703-18eb36ab43de: start LeaderElection
2019-08-29 08:47:13,601 [Thread-427] INFO  impl.FollowerState (FollowerState.java:run(106)) - 3a39fbaa-14da-4624-bf1d-aa1db02e0173:group-CDBD8F166C83 changes to CANDIDATE, lastRpcTime:1157, electionTimeout:1156ms
2019-08-29 08:47:13,602 [Thread-427] INFO  impl.RoleInfo (RoleInfo.java:shutdownFollowerState(121)) - 3a39fbaa-14da-4624-bf1d-aa1db02e0173: shutdown FollowerState
2019-08-29 08:47:13,602 [Thread-427] INFO  impl.RaftServerImpl (RaftServerImpl.java:setRole(171)) - 3a39fbaa-14da-4624-bf1d-aa1db02e0173:group-CDBD8F166C83 changes role from FOLLOWER to CANDIDATE at term 2 for changeToCandidate
2019-08-29 08:47:13,602 [Thread-427] INFO  impl.RoleInfo (RoleInfo.java:updateAndGet(143)) - 3a39fbaa-14da-4624-bf1d-aa1db02e0173: start LeaderElection
2019-08-29 08:47:13,614 [Thread-426] INFO  impl.FollowerState (FollowerState.java:run(106)) - 62127296-10ba-4bda-9b01-f27ba8bd8737:group-0E98D55737AE changes to CANDIDATE, lastRpcTime:1175, electionTimeout:1174ms
2019-08-29 08:47:13,615 [Thread-426] INFO  impl.RoleInfo (RoleInfo.java:shutdownFollowerState(121)) - 62127296-10ba-4bda-9b01-f27ba8bd8737: shutdown FollowerState
2019-08-29 08:47:13,615 [Thread-426] INFO  impl.RaftServerImpl (RaftServerImpl.java:setRole(171)) - 62127296-10ba-4bda-9b01-f27ba8bd8737:group-0E98D55737AE changes role from FOLLOWER to CANDIDATE at term 2 for changeToCandidate
2019-08-29 08:47:13,615 [Thread-426] INFO  impl.RoleInfo (RoleInfo.java:updateAndGet(143)) - 62127296-10ba-4bda-9b01-f27ba8bd8737: start LeaderElection
2019-08-29 08:47:13,654 [Thread-429] INFO  impl.FollowerState (FollowerState.java:run(106)) - 4372d764-1931-406f-887c-7b5d1b7ac3a6:group-0E98D55737AE changes to CANDIDATE, lastRpcTime:1195, electionTimeout:1195ms
2019-08-29 08:47:13,654 [Thread-429] INFO  impl.RoleInfo (RoleInfo.java:shutdownFollowerState(121)) - 4372d764-1931-406f-887c-7b5d1b7ac3a6: shutdown FollowerState
2019-08-29 08:47:13,655 [Thread-429] INFO  impl.RaftServerImpl (RaftServerImpl.java:setRole(171)) - 4372d764-1931-406f-887c-7b5d1b7ac3a6:group-0E98D55737AE changes role from FOLLOWER to CANDIDATE at term 2 for changeToCandidate
2019-08-29 08:47:13,655 [Thread-429] INFO  impl.RoleInfo (RoleInfo.java:updateAndGet(143)) - 4372d764-1931-406f-887c-7b5d1b7ac3a6: start LeaderElection
2019-08-29 08:47:13,754 [grpc-default-executor-4] INFO  client.GrpcClientProtocolClient (GrpcClientProtocolClient.java:onNext(255)) - client-02DC03C53EE9->d2610440-16a5-46aa-8011-5e9b2b98e89e: receive RaftClientReply:client-02DC03C53EE9->d2610440-16a5-46aa-8011-5e9b2b98e89e@group-0E98D55737AE, cid=19, FAILED org.apache.ratis.protocol.NotLeaderException: Server d2610440-16a5-46aa-8011-5e9b2b98e89e is not the leader (null). Request must be sent to leader., logIndex=0, commits[d2610440-16a5-46aa-8011-5e9b2b98e89e:c-1]
2019-08-29 08:47:13,957 | INFO  | SCMAudit | user=jenkins1000 | ip=192.168.5.176 | op=SEND_HEARTBEAT {datanodeUUID=62127296-10ba-4bda-9b01-f27ba8bd8737, command=[]} | ret=SUCCESS |  
2019-08-29 08:47:13,957 | INFO  | SCMAudit | user=jenkins1000 | ip=192.168.5.176 | op=SEND_HEARTBEAT {datanodeUUID=823a7cbe-9ef5-429c-8255-e9ac46ec72ba, command=[]} | ret=SUCCESS |  
2019-08-29 08:47:13,958 | INFO  | SCMAudit | user=jenkins1000 | ip=192.168.5.176 | op=SEND_HEARTBEAT {datanodeUUID=4372d764-1931-406f-887c-7b5d1b7ac3a6, command=[]} | ret=SUCCESS |  
2019-08-29 08:47:13,959 | INFO  | SCMAudit | user=jenkins1000 | ip=192.168.5.176 | op=SEND_HEARTBEAT {datanodeUUID=d2610440-16a5-46aa-8011-5e9b2b98e89e, command=[]} | ret=SUCCESS |  
2019-08-29 08:47:14,215 | INFO  | SCMAudit | user=jenkins1000 | ip=192.168.5.176 | op=SEND_HEARTBEAT {datanodeUUID=d92499b0-1b7f-4387-8ba6-ffcf7cff46e6, command=[]} | ret=SUCCESS |  
2019-08-29 08:47:14,288 | INFO  | SCMAudit | user=jenkins1000 | ip=192.168.5.176 | op=SEND_HEARTBEAT {datanodeUUID=2256733f-555b-4f0d-8703-18eb36ab43de, command=[]} | ret=SUCCESS |  
2019-08-29 08:47:14,356 | INFO  | SCMAudit | user=jenkins1000 | ip=192.168.5.176 | op=SEND_HEARTBEAT {datanodeUUID=3a39fbaa-14da-4624-bf1d-aa1db02e0173, command=[]} | ret=SUCCESS |  
2019-08-29 08:47:14,435 | INFO  | SCMAudit | user=jenkins1000 | ip=192.168.5.176 | op=SEND_HEARTBEAT {datanodeUUID=37fb6585-bd86-49e3-96c6-47308e6afbcf, command=[]} | ret=SUCCESS |  
2019-08-29 08:47:14,499 | INFO  | SCMAudit | user=jenkins1000 | ip=192.168.5.176 | op=SEND_HEARTBEAT {datanodeUUID=dd40d4a5-aa3f-4ebf-9cec-f561545fceec, command=[]} | ret=SUCCESS |  
2019-08-29 08:47:14,568 | INFO  | SCMAudit | user=jenkins1000 | ip=192.168.5.176 | op=SEND_HEARTBEAT {datanodeUUID=f03f170c-33d9-4b6f-9b91-57603dd43a1e, command=[]} | ret=SUCCESS |  
2019-08-29 08:47:14,782 [grpc-default-executor-1] INFO  client.GrpcClientProtocolClient (GrpcClientProtocolClient.java:onNext(255)) - client-02DC03C53EE9->62127296-10ba-4bda-9b01-f27ba8bd8737: receive RaftClientReply:client-02DC03C53EE9->62127296-10ba-4bda-9b01-f27ba8bd8737@group-0E98D55737AE, cid=19, FAILED org.apache.ratis.protocol.NotLeaderException: Server 62127296-10ba-4bda-9b01-f27ba8bd8737 is not the leader (null). Request must be sent to leader., logIndex=0, commits[62127296-10ba-4bda-9b01-f27ba8bd8737:c-1]
2019-08-29 08:47:14,957 | INFO  | SCMAudit | user=jenkins1000 | ip=192.168.5.176 | op=SEND_HEARTBEAT {datanodeUUID=62127296-10ba-4bda-9b01-f27ba8bd8737, command=[]} | ret=SUCCESS |  
2019-08-29 08:47:14,957 | INFO  | SCMAudit | user=jenkins1000 | ip=192.168.5.176 | op=SEND_HEARTBEAT {datanodeUUID=823a7cbe-9ef5-429c-8255-e9ac46ec72ba, command=[]} | ret=SUCCESS |  
2019-08-29 08:47:14,958 | INFO  | SCMAudit | user=jenkins1000 | ip=192.168.5.176 | op=SEND_HEARTBEAT {datanodeUUID=d2610440-16a5-46aa-8011-5e9b2b98e89e, command=[]} | ret=SUCCESS |  
2019-08-29 08:47:14,959 | INFO  | SCMAudit | user=jenkins1000 | ip=192.168.5.176 | op=SEND_HEARTBEAT {datanodeUUID=4372d764-1931-406f-887c-7b5d1b7ac3a6, command=[]} | ret=SUCCESS |  
2019-08-29 08:47:15,215 | INFO  | SCMAudit | user=jenkins1000 | ip=192.168.5.176 | op=SEND_HEARTBEAT {datanodeUUID=d92499b0-1b7f-4387-8ba6-ffcf7cff46e6, command=[]} | ret=SUCCESS |  
2019-08-29 08:47:15,288 | INFO  | SCMAudit | user=jenkins1000 | ip=192.168.5.176 | op=SEND_HEARTBEAT {datanodeUUID=2256733f-555b-4f0d-8703-18eb36ab43de, command=[]} | ret=SUCCESS |  
2019-08-29 08:47:15,359 | INFO  | SCMAudit | user=jenkins1000 | ip=192.168.5.176 | op=SEND_HEARTBEAT {datanodeUUID=3a39fbaa-14da-4624-bf1d-aa1db02e0173, command=[]} | ret=SUCCESS |  
2019-08-29 08:47:15,435 | INFO  | SCMAudit | user=jenkins1000 | ip=192.168.5.176 | op=SEND_HEARTBEAT {datanodeUUID=37fb6585-bd86-49e3-96c6-47308e6afbcf, command=[]} | ret=SUCCESS |  
2019-08-29 08:47:15,499 | INFO  | SCMAudit | user=jenkins1000 | ip=192.168.5.176 | op=SEND_HEARTBEAT {datanodeUUID=dd40d4a5-aa3f-4ebf-9cec-f561545fceec, command=[]} | ret=SUCCESS |  
2019-08-29 08:47:15,568 | INFO  | SCMAudit | user=jenkins1000 | ip=192.168.5.176 | op=SEND_HEARTBEAT {datanodeUUID=f03f170c-33d9-4b6f-9b91-57603dd43a1e, command=[]} | ret=SUCCESS |  
2019-08-29 08:47:15,811 [grpc-default-executor-4] INFO  client.GrpcClientProtocolClient (GrpcClientProtocolClient.java:onNext(255)) - client-02DC03C53EE9->d2610440-16a5-46aa-8011-5e9b2b98e89e: receive RaftClientReply:client-02DC03C53EE9->d2610440-16a5-46aa-8011-5e9b2b98e89e@group-0E98D55737AE, cid=19, FAILED org.apache.ratis.protocol.NotLeaderException: Server d2610440-16a5-46aa-8011-5e9b2b98e89e is not the leader (null). Request must be sent to leader., logIndex=0, commits[d2610440-16a5-46aa-8011-5e9b2b98e89e:c-1]
2019-08-29 08:47:15,957 | INFO  | SCMAudit | user=jenkins1000 | ip=192.168.5.176 | op=SEND_HEARTBEAT {datanodeUUID=62127296-10ba-4bda-9b01-f27ba8bd8737, command=[]} | ret=SUCCESS |  
2019-08-29 08:47:15,957 | INFO  | SCMAudit | user=jenkins1000 | ip=192.168.5.176 | op=SEND_HEARTBEAT {datanodeUUID=823a7cbe-9ef5-429c-8255-e9ac46ec72ba, command=[]} | ret=SUCCESS |  
2019-08-29 08:47:15,958 | INFO  | SCMAudit | user=jenkins1000 | ip=192.168.5.176 | op=SEND_HEARTBEAT {datanodeUUID=d2610440-16a5-46aa-8011-5e9b2b98e89e, command=[]} | ret=SUCCESS |  
2019-08-29 08:47:15,959 | INFO  | SCMAudit | user=jenkins1000 | ip=192.168.5.176 | op=SEND_HEARTBEAT {datanodeUUID=4372d764-1931-406f-887c-7b5d1b7ac3a6, command=[]} | ret=SUCCESS |  
2019-08-29 08:47:16,215 | INFO  | SCMAudit | user=jenkins1000 | ip=192.168.5.176 | op=SEND_HEARTBEAT {datanodeUUID=d92499b0-1b7f-4387-8ba6-ffcf7cff46e6, command=[]} | ret=SUCCESS |  
2019-08-29 08:47:16,288 | INFO  | SCMAudit | user=jenkins1000 | ip=192.168.5.176 | op=SEND_HEARTBEAT {datanodeUUID=2256733f-555b-4f0d-8703-18eb36ab43de, command=[]} | ret=SUCCESS |  
2019-08-29 08:47:16,357 | INFO  | SCMAudit | user=jenkins1000 | ip=192.168.5.176 | op=SEND_HEARTBEAT {datanodeUUID=3a39fbaa-14da-4624-bf1d-aa1db02e0173, command=[]} | ret=SUCCESS |  
2019-08-29 08:47:16,435 | INFO  | SCMAudit | user=jenkins1000 | ip=192.168.5.176 | op=SEND_HEARTBEAT {datanodeUUID=37fb6585-bd86-49e3-96c6-47308e6afbcf, command=[]} | ret=SUCCESS |  
2019-08-29 08:47:16,499 | INFO  | SCMAudit | user=jenkins1000 | ip=192.168.5.176 | op=SEND_HEARTBEAT {datanodeUUID=dd40d4a5-aa3f-4ebf-9cec-f561545fceec, command=[]} | ret=SUCCESS |  
2019-08-29 08:47:16,568 | INFO  | SCMAudit | user=jenkins1000 | ip=192.168.5.176 | op=SEND_HEARTBEAT {datanodeUUID=f03f170c-33d9-4b6f-9b91-57603dd43a1e, command=[]} | ret=SUCCESS |  
2019-08-29 08:47:16,840 [grpc-default-executor-4] INFO  client.GrpcClientProtocolClient (GrpcClientProtocolClient.java:onNext(255)) - client-02DC03C53EE9->62127296-10ba-4bda-9b01-f27ba8bd8737: receive RaftClientReply:client-02DC03C53EE9->62127296-10ba-4bda-9b01-f27ba8bd8737@group-0E98D55737AE, cid=19, FAILED org.apache.ratis.protocol.NotLeaderException: Server 62127296-10ba-4bda-9b01-f27ba8bd8737 is not the leader (null). Request must be sent to leader., logIndex=0, commits[62127296-10ba-4bda-9b01-f27ba8bd8737:c-1]
2019-08-29 08:47:16,956 | INFO  | SCMAudit | user=jenkins1000 | ip=192.168.5.176 | op=SEND_HEARTBEAT {datanodeUUID=62127296-10ba-4bda-9b01-f27ba8bd8737, command=[]} | ret=SUCCESS |  
2019-08-29 08:47:16,957 | INFO  | SCMAudit | user=jenkins1000 | ip=192.168.5.176 | op=SEND_HEARTBEAT {datanodeUUID=823a7cbe-9ef5-429c-8255-e9ac46ec72ba, command=[]} | ret=SUCCESS |  
2019-08-29 08:47:16,958 | INFO  | SCMAudit | user=jenkins1000 | ip=192.168.5.176 | op=SEND_HEARTBEAT {datanodeUUID=d2610440-16a5-46aa-8011-5e9b2b98e89e, command=[]} | ret=SUCCESS |  
2019-08-29 08:47:16,959 | INFO  | SCMAudit | user=jenkins1000 | ip=192.168.5.176 | op=SEND_HEARTBEAT {datanodeUUID=4372d764-1931-406f-887c-7b5d1b7ac3a6, command=[]} | ret=SUCCESS |  
2019-08-29 08:47:17,215 | INFO  | SCMAudit | user=jenkins1000 | ip=192.168.5.176 | op=SEND_HEARTBEAT {datanodeUUID=d92499b0-1b7f-4387-8ba6-ffcf7cff46e6, command=[]} | ret=SUCCESS |  
2019-08-29 08:47:17,288 | INFO  | SCMAudit | user=jenkins1000 | ip=192.168.5.176 | op=SEND_HEARTBEAT {datanodeUUID=2256733f-555b-4f0d-8703-18eb36ab43de, command=[]} | ret=SUCCESS |  
2019-08-29 08:47:17,357 | INFO  | SCMAudit | user=jenkins1000 | ip=192.168.5.176 | op=SEND_HEARTBEAT {datanodeUUID=3a39fbaa-14da-4624-bf1d-aa1db02e0173, command=[]} | ret=SUCCESS |  
2019-08-29 08:47:17,438 | INFO  | SCMAudit | user=jenkins1000 | ip=192.168.5.176 | op=SEND_HEARTBEAT {datanodeUUID=37fb6585-bd86-49e3-96c6-47308e6afbcf, command=[]} | ret=SUCCESS |  
2019-08-29 08:47:17,499 | INFO  | SCMAudit | user=jenkins1000 | ip=192.168.5.176 | op=SEND_HEARTBEAT {datanodeUUID=dd40d4a5-aa3f-4ebf-9cec-f561545fceec, command=[]} | ret=SUCCESS |  
2019-08-29 08:47:17,568 | INFO  | SCMAudit | user=jenkins1000 | ip=192.168.5.176 | op=SEND_HEARTBEAT {datanodeUUID=f03f170c-33d9-4b6f-9b91-57603dd43a1e, command=[]} | ret=SUCCESS |  
2019-08-29 08:47:17,868 [grpc-default-executor-1] INFO  client.GrpcClientProtocolClient (GrpcClientProtocolClient.java:onNext(255)) - client-02DC03C53EE9->4372d764-1931-406f-887c-7b5d1b7ac3a6: receive RaftClientReply:client-02DC03C53EE9->4372d764-1931-406f-887c-7b5d1b7ac3a6@group-0E98D55737AE, cid=19, FAILED org.apache.ratis.protocol.NotLeaderException: Server 4372d764-1931-406f-887c-7b5d1b7ac3a6 is not the leader (null). Request must be sent to leader., logIndex=0, commits[4372d764-1931-406f-887c-7b5d1b7ac3a6:c-1]
2019-08-29 08:47:17,956 | INFO  | SCMAudit | user=jenkins1000 | ip=192.168.5.176 | op=SEND_HEARTBEAT {datanodeUUID=62127296-10ba-4bda-9b01-f27ba8bd8737, command=[]} | ret=SUCCESS |  
2019-08-29 08:47:17,957 | INFO  | SCMAudit | user=jenkins1000 | ip=192.168.5.176 | op=SEND_HEARTBEAT {datanodeUUID=823a7cbe-9ef5-429c-8255-e9ac46ec72ba, command=[]} | ret=SUCCESS |  
2019-08-29 08:47:17,957 | INFO  | SCMAudit | user=jenkins1000 | ip=192.168.5.176 | op=SEND_HEARTBEAT {datanodeUUID=d2610440-16a5-46aa-8011-5e9b2b98e89e, command=[]} | ret=SUCCESS |  
2019-08-29 08:47:17,959 | INFO  | SCMAudit | user=jenkins1000 | ip=192.168.5.176 | op=SEND_HEARTBEAT {datanodeUUID=4372d764-1931-406f-887c-7b5d1b7ac3a6, command=[]} | ret=SUCCESS |  
2019-08-29 08:47:18,215 | INFO  | SCMAudit | user=jenkins1000 | ip=192.168.5.176 | op=SEND_HEARTBEAT {datanodeUUID=d92499b0-1b7f-4387-8ba6-ffcf7cff46e6, command=[]} | ret=SUCCESS |  
2019-08-29 08:47:18,289 | INFO  | SCMAudit | user=jenkins1000 | ip=192.168.5.176 | op=SEND_HEARTBEAT {datanodeUUID=2256733f-555b-4f0d-8703-18eb36ab43de, command=[]} | ret=SUCCESS |  
2019-08-29 08:47:18,357 | INFO  | SCMAudit | user=jenkins1000 | ip=192.168.5.176 | op=SEND_HEARTBEAT {datanodeUUID=3a39fbaa-14da-4624-bf1d-aa1db02e0173, command=[]} | ret=SUCCESS |  
2019-08-29 08:47:18,436 | INFO  | SCMAudit | user=jenkins1000 | ip=192.168.5.176 | op=SEND_HEARTBEAT {datanodeUUID=37fb6585-bd86-49e3-96c6-47308e6afbcf, command=[]} | ret=SUCCESS |  
2019-08-29 08:47:18,498 | INFO  | SCMAudit | user=jenkins1000 | ip=192.168.5.176 | op=SEND_HEARTBEAT {datanodeUUID=dd40d4a5-aa3f-4ebf-9cec-f561545fceec, command=[]} | ret=SUCCESS |  
2019-08-29 08:47:18,568 | INFO  | SCMAudit | user=jenkins1000 | ip=192.168.5.176 | op=SEND_HEARTBEAT {datanodeUUID=f03f170c-33d9-4b6f-9b91-57603dd43a1e, command=[]} | ret=SUCCESS |  
2019-08-29 08:47:18,895 [grpc-default-executor-4] INFO  client.GrpcClientProtocolClient (GrpcClientProtocolClient.java:onNext(255)) - client-02DC03C53EE9->d2610440-16a5-46aa-8011-5e9b2b98e89e: receive RaftClientReply:client-02DC03C53EE9->d2610440-16a5-46aa-8011-5e9b2b98e89e@group-0E98D55737AE, cid=19, FAILED org.apache.ratis.protocol.NotLeaderException: Server d2610440-16a5-46aa-8011-5e9b2b98e89e is not the leader (null). Request must be sent to leader., logIndex=0, commits[d2610440-16a5-46aa-8011-5e9b2b98e89e:c-1]
2019-08-29 08:47:18,957 | INFO  | SCMAudit | user=jenkins1000 | ip=192.168.5.176 | op=SEND_HEARTBEAT {datanodeUUID=62127296-10ba-4bda-9b01-f27ba8bd8737, command=[]} | ret=SUCCESS |  
2019-08-29 08:47:18,957 | INFO  | SCMAudit | user=jenkins1000 | ip=192.168.5.176 | op=SEND_HEARTBEAT {datanodeUUID=823a7cbe-9ef5-429c-8255-e9ac46ec72ba, command=[]} | ret=SUCCESS |  
2019-08-29 08:47:18,958 | INFO  | SCMAudit | user=jenkins1000 | ip=192.168.5.176 | op=SEND_HEARTBEAT {datanodeUUID=d2610440-16a5-46aa-8011-5e9b2b98e89e, command=[]} | ret=SUCCESS |  
2019-08-29 08:47:18,959 | INFO  | SCMAudit | user=jenkins1000 | ip=192.168.5.176 | op=SEND_HEARTBEAT {datanodeUUID=4372d764-1931-406f-887c-7b5d1b7ac3a6, command=[]} | ret=SUCCESS |  
2019-08-29 08:47:19,215 | INFO  | SCMAudit | user=jenkins1000 | ip=192.168.5.176 | op=SEND_HEARTBEAT {datanodeUUID=d92499b0-1b7f-4387-8ba6-ffcf7cff46e6, command=[]} | ret=SUCCESS |  
2019-08-29 08:47:19,289 | INFO  | SCMAudit | user=jenkins1000 | ip=192.168.5.176 | op=SEND_HEARTBEAT {datanodeUUID=2256733f-555b-4f0d-8703-18eb36ab43de, command=[]} | ret=SUCCESS |  
2019-08-29 08:47:19,356 | INFO  | SCMAudit | user=jenkins1000 | ip=192.168.5.176 | op=SEND_HEARTBEAT {datanodeUUID=3a39fbaa-14da-4624-bf1d-aa1db02e0173, command=[]} | ret=SUCCESS |  
2019-08-29 08:47:19,436 | INFO  | SCMAudit | user=jenkins1000 | ip=192.168.5.176 | op=SEND_HEARTBEAT {datanodeUUID=37fb6585-bd86-49e3-96c6-47308e6afbcf, command=[]} | ret=SUCCESS |  
2019-08-29 08:47:19,498 | INFO  | SCMAudit | user=jenkins1000 | ip=192.168.5.176 | op=SEND_HEARTBEAT {datanodeUUID=dd40d4a5-aa3f-4ebf-9cec-f561545fceec, command=[]} | ret=SUCCESS |  
2019-08-29 08:47:19,569 | INFO  | SCMAudit | user=jenkins1000 | ip=192.168.5.176 | op=SEND_HEARTBEAT {datanodeUUID=f03f170c-33d9-4b6f-9b91-57603dd43a1e, command=[]} | ret=SUCCESS |  
2019-08-29 08:47:19,931 [grpc-default-executor-4] INFO  client.GrpcClientProtocolClient (GrpcClientProtocolClient.java:onNext(255)) - client-02DC03C53EE9->62127296-10ba-4bda-9b01-f27ba8bd8737: receive RaftClientReply:client-02DC03C53EE9->62127296-10ba-4bda-9b01-f27ba8bd8737@group-0E98D55737AE, cid=19, FAILED org.apache.ratis.protocol.NotLeaderException: Server 62127296-10ba-4bda-9b01-f27ba8bd8737 is not the leader (null). Request must be sent to leader., logIndex=0, commits[62127296-10ba-4bda-9b01-f27ba8bd8737:c-1]
2019-08-29 08:47:19,958 | INFO  | SCMAudit | user=jenkins1000 | ip=192.168.5.176 | op=SEND_HEARTBEAT {datanodeUUID=823a7cbe-9ef5-429c-8255-e9ac46ec72ba, command=[]} | ret=SUCCESS |  
2019-08-29 08:47:19,958 | INFO  | SCMAudit | user=jenkins1000 | ip=192.168.5.176 | op=SEND_HEARTBEAT {datanodeUUID=62127296-10ba-4bda-9b01-f27ba8bd8737, command=[]} | ret=SUCCESS |  
2019-08-29 08:47:19,958 | INFO  | SCMAudit | user=jenkins1000 | ip=192.168.5.176 | op=SEND_HEARTBEAT {datanodeUUID=d2610440-16a5-46aa-8011-5e9b2b98e89e, command=[]} | ret=SUCCESS |  
2019-08-29 08:47:19,959 | INFO  | SCMAudit | user=jenkins1000 | ip=192.168.5.176 | op=SEND_HEARTBEAT {datanodeUUID=4372d764-1931-406f-887c-7b5d1b7ac3a6, command=[]} | ret=SUCCESS |  
2019-08-29 08:47:20,215 | INFO  | SCMAudit | user=jenkins1000 | ip=192.168.5.176 | op=SEND_HEARTBEAT {datanodeUUID=d92499b0-1b7f-4387-8ba6-ffcf7cff46e6, command=[]} | ret=SUCCESS |  
2019-08-29 08:47:20,289 | INFO  | SCMAudit | user=jenkins1000 | ip=192.168.5.176 | op=SEND_HEARTBEAT {datanodeUUID=2256733f-555b-4f0d-8703-18eb36ab43de, command=[]} | ret=SUCCESS |  
2019-08-29 08:47:20,356 | INFO  | SCMAudit | user=jenkins1000 | ip=192.168.5.176 | op=SEND_HEARTBEAT {datanodeUUID=3a39fbaa-14da-4624-bf1d-aa1db02e0173, command=[]} | ret=SUCCESS |  
2019-08-29 08:47:20,435 | INFO  | SCMAudit | user=jenkins1000 | ip=192.168.5.176 | op=SEND_HEARTBEAT {datanodeUUID=37fb6585-bd86-49e3-96c6-47308e6afbcf, command=[]} | ret=SUCCESS |  
2019-08-29 08:47:20,499 | INFO  | SCMAudit | user=jenkins1000 | ip=192.168.5.176 | op=SEND_HEARTBEAT {datanodeUUID=dd40d4a5-aa3f-4ebf-9cec-f561545fceec, command=[]} | ret=SUCCESS |  
2019-08-29 08:47:20,569 | INFO  | SCMAudit | user=jenkins1000 | ip=192.168.5.176 | op=SEND_HEARTBEAT {datanodeUUID=f03f170c-33d9-4b6f-9b91-57603dd43a1e, command=[]} | ret=SUCCESS |  
2019-08-29 08:47:20,961 | INFO  | SCMAudit | user=jenkins1000 | ip=192.168.5.176 | op=SEND_HEARTBEAT {datanodeUUID=d2610440-16a5-46aa-8011-5e9b2b98e89e, command=[]} | ret=SUCCESS |  
2019-08-29 08:47:20,961 [grpc-default-executor-4] INFO  client.GrpcClientProtocolClient (GrpcClientProtocolClient.java:onNext(255)) - client-02DC03C53EE9->d2610440-16a5-46aa-8011-5e9b2b98e89e: receive RaftClientReply:client-02DC03C53EE9->d2610440-16a5-46aa-8011-5e9b2b98e89e@group-0E98D55737AE, cid=19, FAILED org.apache.ratis.protocol.NotLeaderException: Server d2610440-16a5-46aa-8011-5e9b2b98e89e is not the leader (null). Request must be sent to leader., logIndex=0, commits[d2610440-16a5-46aa-8011-5e9b2b98e89e:c-1]
2019-08-29 08:47:20,961 | INFO  | SCMAudit | user=jenkins1000 | ip=192.168.5.176 | op=SEND_HEARTBEAT {datanodeUUID=62127296-10ba-4bda-9b01-f27ba8bd8737, command=[]} | ret=SUCCESS |  
2019-08-29 08:47:20,961 | INFO  | SCMAudit | user=jenkins1000 | ip=192.168.5.176 | op=SEND_HEARTBEAT {datanodeUUID=823a7cbe-9ef5-429c-8255-e9ac46ec72ba, command=[]} | ret=SUCCESS |  
2019-08-29 08:47:20,964 | INFO  | SCMAudit | user=jenkins1000 | ip=192.168.5.176 | op=SEND_HEARTBEAT {datanodeUUID=4372d764-1931-406f-887c-7b5d1b7ac3a6, command=[]} | ret=SUCCESS |  
2019-08-29 08:47:20,981 [main] WARN  io.KeyOutputStream (KeyOutputStream.java:handleException(276)) - Encountered exception java.io.IOException: Unexpected Storage Container Exception: java.util.concurrent.CompletionException: java.util.concurrent.CompletionException: org.apache.ratis.protocol.RaftRetryFailureException: Failed RaftClientRequest:client-02DC03C53EE9->d2610440-16a5-46aa-8011-5e9b2b98e89e@group-0E98D55737AE, cid=19, seq=1*, RW, org.apache.hadoop.hdds.scm.XceiverClientRatis$$Lambda$562/827039307@2794b50a for 10 attempts with RetryLimited(maxAttempts=10, sleepTime=1000ms) on the pipeline Pipeline[ Id: 9d7cab82-ed4f-4ed5-971c-0e98d55737ae, Nodes: d2610440-16a5-46aa-8011-5e9b2b98e89e{ip: 192.168.5.176, host: pr-hdds-1909-44d2n-1519487446, networkLocation: /default-rack, certSerialId: null}62127296-10ba-4bda-9b01-f27ba8bd8737{ip: 192.168.5.176, host: pr-hdds-1909-44d2n-1519487446, networkLocation: /default-rack, certSerialId: null}4372d764-1931-406f-887c-7b5d1b7ac3a6{ip: 192.168.5.176, host: pr-hdds-1909-44d2n-1519487446, networkLocation: /default-rack, certSerialId: null}, Type:RATIS, Factor:THREE, State:OPEN]. The last committed block length is 0, uncommitted data length is 2097152 retry count 0
2019-08-29 08:47:20,994 [grpc-default-executor-4] WARN  client.GrpcClientProtocolService (LogUtils.java:warn(134)) - 4-OrderedRequestStreamObserver4: onError: org.apache.ratis.thirdparty.io.grpc.StatusRuntimeException: CANCELLED: cancelled before receiving half close
2019-08-29 08:47:21,215 | INFO  | SCMAudit | user=jenkins1000 | ip=192.168.5.176 | op=SEND_HEARTBEAT {datanodeUUID=d92499b0-1b7f-4387-8ba6-ffcf7cff46e6, command=[]} | ret=SUCCESS |  
2019-08-29 08:47:21,289 | INFO  | SCMAudit | user=jenkins1000 | ip=192.168.5.176 | op=SEND_HEARTBEAT {datanodeUUID=2256733f-555b-4f0d-8703-18eb36ab43de, command=[]} | ret=SUCCESS |  
2019-08-29 08:47:21,356 | INFO  | SCMAudit | user=jenkins1000 | ip=192.168.5.176 | op=SEND_HEARTBEAT {datanodeUUID=3a39fbaa-14da-4624-bf1d-aa1db02e0173, command=[]} | ret=SUCCESS |  
2019-08-29 08:47:21,435 | INFO  | SCMAudit | user=jenkins1000 | ip=192.168.5.176 | op=SEND_HEARTBEAT {datanodeUUID=37fb6585-bd86-49e3-96c6-47308e6afbcf, command=[]} | ret=SUCCESS |  
2019-08-29 08:47:21,499 | INFO  | SCMAudit | user=jenkins1000 | ip=192.168.5.176 | op=SEND_HEARTBEAT {datanodeUUID=dd40d4a5-aa3f-4ebf-9cec-f561545fceec, command=[]} | ret=SUCCESS |  
2019-08-29 08:47:21,569 | INFO  | SCMAudit | user=jenkins1000 | ip=192.168.5.176 | op=SEND_HEARTBEAT {datanodeUUID=f03f170c-33d9-4b6f-9b91-57603dd43a1e, command=[]} | ret=SUCCESS |  
2019-08-29 08:47:21,961 | INFO  | SCMAudit | user=jenkins1000 | ip=192.168.5.176 | op=SEND_HEARTBEAT {datanodeUUID=4372d764-1931-406f-887c-7b5d1b7ac3a6, command=[]} | ret=SUCCESS |  
2019-08-29 08:47:21,961 | INFO  | SCMAudit | user=jenkins1000 | ip=192.168.5.176 | op=SEND_HEARTBEAT {datanodeUUID=823a7cbe-9ef5-429c-8255-e9ac46ec72ba, command=[]} | ret=SUCCESS |  
2019-08-29 08:47:21,961 | INFO  | SCMAudit | user=jenkins1000 | ip=192.168.5.176 | op=SEND_HEARTBEAT {datanodeUUID=62127296-10ba-4bda-9b01-f27ba8bd8737, command=[]} | ret=SUCCESS |  
2019-08-29 08:47:21,961 | INFO  | SCMAudit | user=jenkins1000 | ip=192.168.5.176 | op=SEND_HEARTBEAT {datanodeUUID=d2610440-16a5-46aa-8011-5e9b2b98e89e, command=[]} | ret=SUCCESS |  
2019-08-29 08:47:22,216 | INFO  | SCMAudit | user=jenkins1000 | ip=192.168.5.176 | op=SEND_HEARTBEAT {datanodeUUID=d92499b0-1b7f-4387-8ba6-ffcf7cff46e6, command=[]} | ret=SUCCESS |  
2019-08-29 08:47:22,289 | INFO  | SCMAudit | user=jenkins1000 | ip=192.168.5.176 | op=SEND_HEARTBEAT {datanodeUUID=2256733f-555b-4f0d-8703-18eb36ab43de, command=[]} | ret=SUCCESS |  
2019-08-29 08:47:22,356 | INFO  | SCMAudit | user=jenkins1000 | ip=192.168.5.176 | op=SEND_HEARTBEAT {datanodeUUID=3a39fbaa-14da-4624-bf1d-aa1db02e0173, command=[]} | ret=SUCCESS |  
2019-08-29 08:47:22,436 | INFO  | SCMAudit | user=jenkins1000 | ip=192.168.5.176 | op=SEND_HEARTBEAT {datanodeUUID=37fb6585-bd86-49e3-96c6-47308e6afbcf, command=[]} | ret=SUCCESS |  
2019-08-29 08:47:22,505 | INFO  | SCMAudit | user=jenkins1000 | ip=192.168.5.176 | op=SEND_HEARTBEAT {datanodeUUID=dd40d4a5-aa3f-4ebf-9cec-f561545fceec, command=[]} | ret=SUCCESS |  
2019-08-29 08:47:22,569 | INFO  | SCMAudit | user=jenkins1000 | ip=192.168.5.176 | op=SEND_HEARTBEAT {datanodeUUID=f03f170c-33d9-4b6f-9b91-57603dd43a1e, command=[]} | ret=SUCCESS |  
2019-08-29 08:47:22,961 | INFO  | SCMAudit | user=jenkins1000 | ip=192.168.5.176 | op=SEND_HEARTBEAT {datanodeUUID=823a7cbe-9ef5-429c-8255-e9ac46ec72ba, command=[]} | ret=SUCCESS |  
2019-08-29 08:47:22,961 | INFO  | SCMAudit | user=jenkins1000 | ip=192.168.5.176 | op=SEND_HEARTBEAT {datanodeUUID=d2610440-16a5-46aa-8011-5e9b2b98e89e, command=[]} | ret=SUCCESS |  
2019-08-29 08:47:22,961 | INFO  | SCMAudit | user=jenkins1000 | ip=192.168.5.176 | op=SEND_HEARTBEAT {datanodeUUID=62127296-10ba-4bda-9b01-f27ba8bd8737, command=[]} | ret=SUCCESS |  
2019-08-29 08:47:22,961 | INFO  | SCMAudit | user=jenkins1000 | ip=192.168.5.176 | op=SEND_HEARTBEAT {datanodeUUID=4372d764-1931-406f-887c-7b5d1b7ac3a6, command=[]} | ret=SUCCESS |  
2019-08-29 08:47:23,218 | INFO  | SCMAudit | user=jenkins1000 | ip=192.168.5.176 | op=SEND_HEARTBEAT {datanodeUUID=d92499b0-1b7f-4387-8ba6-ffcf7cff46e6, command=[]} | ret=SUCCESS |  
2019-08-29 08:47:23,289 | INFO  | SCMAudit | user=jenkins1000 | ip=192.168.5.176 | op=SEND_HEARTBEAT {datanodeUUID=2256733f-555b-4f0d-8703-18eb36ab43de, command=[]} | ret=SUCCESS |  
2019-08-29 08:47:23,356 | INFO  | SCMAudit | user=jenkins1000 | ip=192.168.5.176 | op=SEND_HEARTBEAT {datanodeUUID=3a39fbaa-14da-4624-bf1d-aa1db02e0173, command=[]} | ret=SUCCESS |  
2019-08-29 08:47:23,436 | INFO  | SCMAudit | user=jenkins1000 | ip=192.168.5.176 | op=SEND_HEARTBEAT {datanodeUUID=37fb6585-bd86-49e3-96c6-47308e6afbcf, command=[]} | ret=SUCCESS |  
2019-08-29 08:47:23,501 | INFO  | SCMAudit | user=jenkins1000 | ip=192.168.5.176 | op=SEND_HEARTBEAT {datanodeUUID=dd40d4a5-aa3f-4ebf-9cec-f561545fceec, command=[]} | ret=SUCCESS |  
2019-08-29 08:47:23,569 | INFO  | SCMAudit | user=jenkins1000 | ip=192.168.5.176 | op=SEND_HEARTBEAT {datanodeUUID=f03f170c-33d9-4b6f-9b91-57603dd43a1e, command=[]} | ret=SUCCESS |  
2019-08-29 08:47:23,962 | INFO  | SCMAudit | user=jenkins1000 | ip=192.168.5.176 | op=SEND_HEARTBEAT {datanodeUUID=823a7cbe-9ef5-429c-8255-e9ac46ec72ba, command=[]} | ret=SUCCESS |  
2019-08-29 08:47:23,962 | INFO  | SCMAudit | user=jenkins1000 | ip=192.168.5.176 | op=SEND_HEARTBEAT {datanodeUUID=62127296-10ba-4bda-9b01-f27ba8bd8737, command=[]} | ret=SUCCESS |  
2019-08-29 08:47:23,962 | INFO  | SCMAudit | user=jenkins1000 | ip=192.168.5.176 | op=SEND_HEARTBEAT {datanodeUUID=4372d764-1931-406f-887c-7b5d1b7ac3a6, command=[]} | ret=SUCCESS |  
2019-08-29 08:47:23,962 | INFO  | SCMAudit | user=jenkins1000 | ip=192.168.5.176 | op=SEND_HEARTBEAT {datanodeUUID=d2610440-16a5-46aa-8011-5e9b2b98e89e, command=[]} | ret=SUCCESS |  
2019-08-29 08:47:24,109 [java.util.concurrent.ThreadPoolExecutor$Worker@32b1d7c0[State = -1, empty queue]] WARN  server.GrpcLogAppender (GrpcLogAppender.java:timeoutAppendRequest(200)) - GrpcLogAppender(37fb6585-bd86-49e3-96c6-47308e6afbcf->d92499b0-1b7f-4387-8ba6-ffcf7cff46e6): appendEntries Timeout, request=37fb6585-bd86-49e3-96c6-47308e6afbcf->d92499b0-1b7f-4387-8ba6-ffcf7cff46e6#21-t1, previous=(t:1, i:0), leaderCommit=0, initializing? false, entries: size=1, first=(t:1, i:1), STATEMACHINELOGENTRY, client-21EB4B3CAB3F, cid=23
2019-08-29 08:47:24,109 [java.util.concurrent.ThreadPoolExecutor$Worker@4d17eb69[State = -1, empty queue]] WARN  server.GrpcLogAppender (GrpcLogAppender.java:timeoutAppendRequest(200)) - GrpcLogAppender(37fb6585-bd86-49e3-96c6-47308e6afbcf->dd40d4a5-aa3f-4ebf-9cec-f561545fceec): appendEntries Timeout, request=37fb6585-bd86-49e3-96c6-47308e6afbcf->dd40d4a5-aa3f-4ebf-9cec-f561545fceec#21-t1, previous=(t:1, i:0), leaderCommit=0, initializing? false, entries: size=1, first=(t:1, i:1), STATEMACHINELOGENTRY, client-21EB4B3CAB3F, cid=23
2019-08-29 08:47:24,216 | INFO  | SCMAudit | user=jenkins1000 | ip=192.168.5.176 | op=SEND_HEARTBEAT {datanodeUUID=d92499b0-1b7f-4387-8ba6-ffcf7cff46e6, command=[]} | ret=SUCCESS |  
2019-08-29 08:47:24,289 | INFO  | SCMAudit | user=jenkins1000 | ip=192.168.5.176 | op=SEND_HEARTBEAT {datanodeUUID=2256733f-555b-4f0d-8703-18eb36ab43de, command=[]} | ret=SUCCESS |  
2019-08-29 08:47:24,356 | INFO  | SCMAudit | user=jenkins1000 | ip=192.168.5.176 | op=SEND_HEARTBEAT {datanodeUUID=3a39fbaa-14da-4624-bf1d-aa1db02e0173, command=[]} | ret=SUCCESS |  
2019-08-29 08:47:24,435 | INFO  | SCMAudit | user=jenkins1000 | ip=192.168.5.176 | op=SEND_HEARTBEAT {datanodeUUID=37fb6585-bd86-49e3-96c6-47308e6afbcf, command=[]} | ret=SUCCESS |  
2019-08-29 08:47:24,502 | INFO  | SCMAudit | user=jenkins1000 | ip=192.168.5.176 | op=SEND_HEARTBEAT {datanodeUUID=dd40d4a5-aa3f-4ebf-9cec-f561545fceec, command=[]} | ret=SUCCESS |  
2019-08-29 08:47:24,569 | INFO  | SCMAudit | user=jenkins1000 | ip=192.168.5.176 | op=SEND_HEARTBEAT {datanodeUUID=f03f170c-33d9-4b6f-9b91-57603dd43a1e, command=[]} | ret=SUCCESS |  
2019-08-29 08:47:24,609 [java.util.concurrent.ThreadPoolExecutor$Worker@4d17eb69[State = -1, empty queue]] WARN  server.GrpcLogAppender (GrpcLogAppender.java:timeoutAppendRequest(200)) - GrpcLogAppender(37fb6585-bd86-49e3-96c6-47308e6afbcf->dd40d4a5-aa3f-4ebf-9cec-f561545fceec): appendEntries Timeout, request=37fb6585-bd86-49e3-96c6-47308e6afbcf->dd40d4a5-aa3f-4ebf-9cec-f561545fceec#22-t1, previous=(t:1, i:1), leaderCommit=0, initializing? false, entries: <empty>
2019-08-29 08:47:24,609 [java.util.concurrent.ThreadPoolExecutor$Worker@32b1d7c0[State = -1, empty queue]] WARN  server.GrpcLogAppender (GrpcLogAppender.java:timeoutAppendRequest(200)) - GrpcLogAppender(37fb6585-bd86-49e3-96c6-47308e6afbcf->d92499b0-1b7f-4387-8ba6-ffcf7cff46e6): appendEntries Timeout, request=37fb6585-bd86-49e3-96c6-47308e6afbcf->d92499b0-1b7f-4387-8ba6-ffcf7cff46e6#22-t1, previous=(t:1, i:1), leaderCommit=0, initializing? false, entries: <empty>
2019-08-29 08:47:24,962 | INFO  | SCMAudit | user=jenkins1000 | ip=192.168.5.176 | op=SEND_HEARTBEAT {datanodeUUID=823a7cbe-9ef5-429c-8255-e9ac46ec72ba, command=[]} | ret=SUCCESS |  
2019-08-29 08:47:24,962 | INFO  | SCMAudit | user=jenkins1000 | ip=192.168.5.176 | op=SEND_HEARTBEAT {datanodeUUID=4372d764-1931-406f-887c-7b5d1b7ac3a6, command=[]} | ret=SUCCESS |  
2019-08-29 08:47:24,962 | INFO  | SCMAudit | user=jenkins1000 | ip=192.168.5.176 | op=SEND_HEARTBEAT {datanodeUUID=d2610440-16a5-46aa-8011-5e9b2b98e89e, command=[]} | ret=SUCCESS |  
2019-08-29 08:47:24,962 | INFO  | SCMAudit | user=jenkins1000 | ip=192.168.5.176 | op=SEND_HEARTBEAT {datanodeUUID=62127296-10ba-4bda-9b01-f27ba8bd8737, command=[]} | ret=SUCCESS |  
2019-08-29 08:47:25,110 [java.util.concurrent.ThreadPoolExecutor$Worker@4d17eb69[State = -1, empty queue]] WARN  server.GrpcLogAppender (GrpcLogAppender.java:timeoutAppendRequest(200)) - GrpcLogAppender(37fb6585-bd86-49e3-96c6-47308e6afbcf->dd40d4a5-aa3f-4ebf-9cec-f561545fceec): appendEntries Timeout, request=37fb6585-bd86-49e3-96c6-47308e6afbcf->dd40d4a5-aa3f-4ebf-9cec-f561545fceec#23-t1, previous=(t:1, i:1), leaderCommit=0, initializing? false, entries: <empty>
2019-08-29 08:47:25,110 [java.util.concurrent.ThreadPoolExecutor$Worker@32b1d7c0[State = -1, empty queue]] WARN  server.GrpcLogAppender (GrpcLogAppender.java:timeoutAppendRequest(200)) - GrpcLogAppender(37fb6585-bd86-49e3-96c6-47308e6afbcf->d92499b0-1b7f-4387-8ba6-ffcf7cff46e6): appendEntries Timeout, request=37fb6585-bd86-49e3-96c6-47308e6afbcf->d92499b0-1b7f-4387-8ba6-ffcf7cff46e6#23-t1, previous=(t:1, i:1), leaderCommit=0, initializing? false, entries: <empty>
2019-08-29 08:47:25,216 | INFO  | SCMAudit | user=jenkins1000 | ip=192.168.5.176 | op=SEND_HEARTBEAT {datanodeUUID=d92499b0-1b7f-4387-8ba6-ffcf7cff46e6, command=[]} | ret=SUCCESS |  
2019-08-29 08:47:25,289 | INFO  | SCMAudit | user=jenkins1000 | ip=192.168.5.176 | op=SEND_HEARTBEAT {datanodeUUID=2256733f-555b-4f0d-8703-18eb36ab43de, command=[]} | ret=SUCCESS |  
2019-08-29 08:47:25,356 | INFO  | SCMAudit | user=jenkins1000 | ip=192.168.5.176 | op=SEND_HEARTBEAT {datanodeUUID=3a39fbaa-14da-4624-bf1d-aa1db02e0173, command=[]} | ret=SUCCESS |  
2019-08-29 08:47:25,435 | INFO  | SCMAudit | user=jenkins1000 | ip=192.168.5.176 | op=SEND_HEARTBEAT {datanodeUUID=37fb6585-bd86-49e3-96c6-47308e6afbcf, command=[]} | ret=SUCCESS |  
2019-08-29 08:47:25,501 | INFO  | SCMAudit | user=jenkins1000 | ip=192.168.5.176 | op=SEND_HEARTBEAT {datanodeUUID=dd40d4a5-aa3f-4ebf-9cec-f561545fceec, command=[]} | ret=SUCCESS |  
2019-08-29 08:47:25,569 | INFO  | SCMAudit | user=jenkins1000 | ip=192.168.5.176 | op=SEND_HEARTBEAT {datanodeUUID=f03f170c-33d9-4b6f-9b91-57603dd43a1e, command=[]} | ret=SUCCESS |  
2019-08-29 08:47:25,610 [java.util.concurrent.ThreadPoolExecutor$Worker@32b1d7c0[State = -1, empty queue]] WARN  server.GrpcLogAppender (GrpcLogAppender.java:timeoutAppendRequest(200)) - GrpcLogAppender(37fb6585-bd86-49e3-96c6-47308e6afbcf->d92499b0-1b7f-4387-8ba6-ffcf7cff46e6): appendEntries Timeout, request=37fb6585-bd86-49e3-96c6-47308e6afbcf->d92499b0-1b7f-4387-8ba6-ffcf7cff46e6#24-t1, previous=(t:1, i:1), leaderCommit=0, initializing? false, entries: <empty>
2019-08-29 08:47:25,610 [java.util.concurrent.ThreadPoolExecutor$Worker@4d17eb69[State = -1, empty queue]] WARN  server.GrpcLogAppender (GrpcLogAppender.java:timeoutAppendRequest(200)) - GrpcLogAppender(37fb6585-bd86-49e3-96c6-47308e6afbcf->dd40d4a5-aa3f-4ebf-9cec-f561545fceec): appendEntries Timeout, request=37fb6585-bd86-49e3-96c6-47308e6afbcf->dd40d4a5-aa3f-4ebf-9cec-f561545fceec#24-t1, previous=(t:1, i:1), leaderCommit=0, initializing? false, entries: <empty>
2019-08-29 08:47:25,962 | INFO  | SCMAudit | user=jenkins1000 | ip=192.168.5.176 | op=SEND_HEARTBEAT {datanodeUUID=823a7cbe-9ef5-429c-8255-e9ac46ec72ba, command=[]} | ret=SUCCESS |  
2019-08-29 08:47:25,962 | INFO  | SCMAudit | user=jenkins1000 | ip=192.168.5.176 | op=SEND_HEARTBEAT {datanodeUUID=4372d764-1931-406f-887c-7b5d1b7ac3a6, command=[]} | ret=SUCCESS |  
2019-08-29 08:47:25,963 | INFO  | SCMAudit | user=jenkins1000 | ip=192.168.5.176 | op=SEND_HEARTBEAT {datanodeUUID=62127296-10ba-4bda-9b01-f27ba8bd8737, command=[]} | ret=SUCCESS |  
2019-08-29 08:47:25,963 | INFO  | SCMAudit | user=jenkins1000 | ip=192.168.5.176 | op=SEND_HEARTBEAT {datanodeUUID=d2610440-16a5-46aa-8011-5e9b2b98e89e, command=[]} | ret=SUCCESS |  
2019-08-29 08:47:26,073 [grpc-default-executor-3] INFO  client.GrpcClientProtocolClient (GrpcClientProtocolClient.java:onNext(255)) - client-21EB4B3CAB3F->dd40d4a5-aa3f-4ebf-9cec-f561545fceec: receive RaftClientReply:client-21EB4B3CAB3F->dd40d4a5-aa3f-4ebf-9cec-f561545fceec@group-99B3E677189C, cid=23, FAILED org.apache.ratis.protocol.NotLeaderException: Server dd40d4a5-aa3f-4ebf-9cec-f561545fceec is not the leader (37fb6585-bd86-49e3-96c6-47308e6afbcf:192.168.5.176:35563). Request must be sent to leader., logIndex=0, commits[dd40d4a5-aa3f-4ebf-9cec-f561545fceec:c0, 37fb6585-bd86-49e3-96c6-47308e6afbcf:c0, d92499b0-1b7f-4387-8ba6-ffcf7cff46e6:c0]
2019-08-29 08:47:26,081 [grpc-default-executor-3] WARN  client.GrpcClientProtocolService (LogUtils.java:warn(134)) - 0-OrderedRequestStreamObserver0: onError: org.apache.ratis.thirdparty.io.grpc.StatusRuntimeException: CANCELLED: cancelled before receiving half close
2019-08-29 08:47:26,111 [java.util.concurrent.ThreadPoolExecutor$Worker@4d17eb69[State = -1, empty queue]] WARN  server.GrpcLogAppender (GrpcLogAppender.java:timeoutAppendRequest(200)) - GrpcLogAppender(37fb6585-bd86-49e3-96c6-47308e6afbcf->dd40d4a5-aa3f-4ebf-9cec-f561545fceec): appendEntries Timeout, request=37fb6585-bd86-49e3-96c6-47308e6afbcf->dd40d4a5-aa3f-4ebf-9cec-f561545fceec#25-t1, previous=(t:1, i:1), leaderCommit=0, initializing? false, entries: <empty>
2019-08-29 08:47:26,111 [java.util.concurrent.ThreadPoolExecutor$Worker@32b1d7c0[State = -1, empty queue]] WARN  server.GrpcLogAppender (GrpcLogAppender.java:timeoutAppendRequest(200)) - GrpcLogAppender(37fb6585-bd86-49e3-96c6-47308e6afbcf->d92499b0-1b7f-4387-8ba6-ffcf7cff46e6): appendEntries Timeout, request=37fb6585-bd86-49e3-96c6-47308e6afbcf->d92499b0-1b7f-4387-8ba6-ffcf7cff46e6#25-t1, previous=(t:1, i:1), leaderCommit=0, initializing? false, entries: <empty>
2019-08-29 08:47:26,216 | INFO  | SCMAudit | user=jenkins1000 | ip=192.168.5.176 | op=SEND_HEARTBEAT {datanodeUUID=d92499b0-1b7f-4387-8ba6-ffcf7cff46e6, command=[]} | ret=SUCCESS |  
2019-08-29 08:47:26,290 | INFO  | SCMAudit | user=jenkins1000 | ip=192.168.5.176 | op=SEND_HEARTBEAT {datanodeUUID=2256733f-555b-4f0d-8703-18eb36ab43de, command=[]} | ret=SUCCESS |  
2019-08-29 08:47:26,356 | INFO  | SCMAudit | user=jenkins1000 | ip=192.168.5.176 | op=SEND_HEARTBEAT {datanodeUUID=3a39fbaa-14da-4624-bf1d-aa1db02e0173, command=[]} | ret=SUCCESS |  
2019-08-29 08:47:26,436 | INFO  | SCMAudit | user=jenkins1000 | ip=192.168.5.176 | op=SEND_HEARTBEAT {datanodeUUID=37fb6585-bd86-49e3-96c6-47308e6afbcf, command=[]} | ret=SUCCESS |  
2019-08-29 08:47:26,501 | INFO  | SCMAudit | user=jenkins1000 | ip=192.168.5.176 | op=SEND_HEARTBEAT {datanodeUUID=dd40d4a5-aa3f-4ebf-9cec-f561545fceec, command=[]} | ret=SUCCESS |  
2019-08-29 08:47:26,570 | INFO  | SCMAudit | user=jenkins1000 | ip=192.168.5.176 | op=SEND_HEARTBEAT {datanodeUUID=f03f170c-33d9-4b6f-9b91-57603dd43a1e, command=[]} | ret=SUCCESS |  
2019-08-29 08:47:26,611 [java.util.concurrent.ThreadPoolExecutor$Worker@32b1d7c0[State = -1, empty queue]] WARN  server.GrpcLogAppender (GrpcLogAppender.java:timeoutAppendRequest(200)) - GrpcLogAppender(37fb6585-bd86-49e3-96c6-47308e6afbcf->d92499b0-1b7f-4387-8ba6-ffcf7cff46e6): appendEntries Timeout, request=37fb6585-bd86-49e3-96c6-47308e6afbcf->d92499b0-1b7f-4387-8ba6-ffcf7cff46e6#26-t1, previous=(t:1, i:1), leaderCommit=0, initializing? false, entries: <empty>
2019-08-29 08:47:26,611 [java.util.concurrent.ThreadPoolExecutor$Worker@4d17eb69[State = -1, empty queue]] WARN  server.GrpcLogAppender (GrpcLogAppender.java:timeoutAppendRequest(200)) - GrpcLogAppender(37fb6585-bd86-49e3-96c6-47308e6afbcf->dd40d4a5-aa3f-4ebf-9cec-f561545fceec): appendEntries Timeout, request=37fb6585-bd86-49e3-96c6-47308e6afbcf->dd40d4a5-aa3f-4ebf-9cec-f561545fceec#26-t1, previous=(t:1, i:1), leaderCommit=0, initializing? false, entries: <empty>
2019-08-29 08:47:26,962 | INFO  | SCMAudit | user=jenkins1000 | ip=192.168.5.176 | op=SEND_HEARTBEAT {datanodeUUID=823a7cbe-9ef5-429c-8255-e9ac46ec72ba, command=[]} | ret=SUCCESS |  
2019-08-29 08:47:26,962 | INFO  | SCMAudit | user=jenkins1000 | ip=192.168.5.176 | op=SEND_HEARTBEAT {datanodeUUID=4372d764-1931-406f-887c-7b5d1b7ac3a6, command=[]} | ret=SUCCESS |  
2019-08-29 08:47:26,963 | INFO  | SCMAudit | user=jenkins1000 | ip=192.168.5.176 | op=SEND_HEARTBEAT {datanodeUUID=d2610440-16a5-46aa-8011-5e9b2b98e89e, command=[]} | ret=SUCCESS |  
2019-08-29 08:47:26,963 | INFO  | SCMAudit | user=jenkins1000 | ip=192.168.5.176 | op=SEND_HEARTBEAT {datanodeUUID=62127296-10ba-4bda-9b01-f27ba8bd8737, command=[]} | ret=SUCCESS |  
2019-08-29 08:47:27,112 [java.util.concurrent.ThreadPoolExecutor$Worker@4d17eb69[State = -1, empty queue]] WARN  server.GrpcLogAppender (GrpcLogAppender.java:timeoutAppendRequest(200)) - GrpcLogAppender(37fb6585-bd86-49e3-96c6-47308e6afbcf->dd40d4a5-aa3f-4ebf-9cec-f561545fceec): appendEntries Timeout, request=37fb6585-bd86-49e3-96c6-47308e6afbcf->dd40d4a5-aa3f-4ebf-9cec-f561545fceec#27-t1, previous=(t:1, i:1), leaderCommit=0, initializing? false, entries: <empty>
2019-08-29 08:47:27,112 [java.util.concurrent.ThreadPoolExecutor$Worker@32b1d7c0[State = -1, empty queue]] WARN  server.GrpcLogAppender (GrpcLogAppender.java:timeoutAppendRequest(200)) - GrpcLogAppender(37fb6585-bd86-49e3-96c6-47308e6afbcf->d92499b0-1b7f-4387-8ba6-ffcf7cff46e6): appendEntries Timeout, request=37fb6585-bd86-49e3-96c6-47308e6afbcf->d92499b0-1b7f-4387-8ba6-ffcf7cff46e6#27-t1, previous=(t:1, i:1), leaderCommit=0, initializing? false, entries: <empty>
2019-08-29 08:47:27,216 | INFO  | SCMAudit | user=jenkins1000 | ip=192.168.5.176 | op=SEND_HEARTBEAT {datanodeUUID=d92499b0-1b7f-4387-8ba6-ffcf7cff46e6, command=[]} | ret=SUCCESS |  
2019-08-29 08:47:27,290 | INFO  | SCMAudit | user=jenkins1000 | ip=192.168.5.176 | op=SEND_HEARTBEAT {datanodeUUID=2256733f-555b-4f0d-8703-18eb36ab43de, command=[]} | ret=SUCCESS |  
2019-08-29 08:47:27,357 | INFO  | SCMAudit | user=jenkins1000 | ip=192.168.5.176 | op=SEND_HEARTBEAT {datanodeUUID=3a39fbaa-14da-4624-bf1d-aa1db02e0173, command=[]} | ret=SUCCESS |  
2019-08-29 08:47:27,436 | INFO  | SCMAudit | user=jenkins1000 | ip=192.168.5.176 | op=SEND_HEARTBEAT {datanodeUUID=37fb6585-bd86-49e3-96c6-47308e6afbcf, command=[]} | ret=SUCCESS |  
2019-08-29 08:47:27,501 | INFO  | SCMAudit | user=jenkins1000 | ip=192.168.5.176 | op=SEND_HEARTBEAT {datanodeUUID=dd40d4a5-aa3f-4ebf-9cec-f561545fceec, command=[]} | ret=SUCCESS |  
2019-08-29 08:47:27,570 | INFO  | SCMAudit | user=jenkins1000 | ip=192.168.5.176 | op=SEND_HEARTBEAT {datanodeUUID=f03f170c-33d9-4b6f-9b91-57603dd43a1e, command=[]} | ret=SUCCESS |  
2019-08-29 08:47:27,613 [java.util.concurrent.ThreadPoolExecutor$Worker@4d17eb69[State = -1, empty queue]] WARN  server.GrpcLogAppender (GrpcLogAppender.java:timeoutAppendRequest(200)) - GrpcLogAppender(37fb6585-bd86-49e3-96c6-47308e6afbcf->dd40d4a5-aa3f-4ebf-9cec-f561545fceec): appendEntries Timeout, request=37fb6585-bd86-49e3-96c6-47308e6afbcf->dd40d4a5-aa3f-4ebf-9cec-f561545fceec#28-t1, previous=(t:1, i:1), leaderCommit=0, initializing? false, entries: <empty>
2019-08-29 08:47:27,613 [java.util.concurrent.ThreadPoolExecutor$Worker@32b1d7c0[State = -1, empty queue]] WARN  server.GrpcLogAppender (GrpcLogAppender.java:timeoutAppendRequest(200)) - GrpcLogAppender(37fb6585-bd86-49e3-96c6-47308e6afbcf->d92499b0-1b7f-4387-8ba6-ffcf7cff46e6): appendEntries Timeout, request=37fb6585-bd86-49e3-96c6-47308e6afbcf->d92499b0-1b7f-4387-8ba6-ffcf7cff46e6#28-t1, previous=(t:1, i:1), leaderCommit=0, initializing? false, entries: <empty>
2019-08-29 08:47:27,963 | INFO  | SCMAudit | user=jenkins1000 | ip=192.168.5.176 | op=SEND_HEARTBEAT {datanodeUUID=823a7cbe-9ef5-429c-8255-e9ac46ec72ba, command=[]} | ret=SUCCESS |  
2019-08-29 08:47:27,963 | INFO  | SCMAudit | user=jenkins1000 | ip=192.168.5.176 | op=SEND_HEARTBEAT {datanodeUUID=4372d764-1931-406f-887c-7b5d1b7ac3a6, command=[]} | ret=SUCCESS |  
2019-08-29 08:47:27,964 | INFO  | SCMAudit | user=jenkins1000 | ip=192.168.5.176 | op=SEND_HEARTBEAT {datanodeUUID=62127296-10ba-4bda-9b01-f27ba8bd8737, command=[]} | ret=SUCCESS |  
2019-08-29 08:47:27,964 | INFO  | SCMAudit | user=jenkins1000 | ip=192.168.5.176 | op=SEND_HEARTBEAT {datanodeUUID=d2610440-16a5-46aa-8011-5e9b2b98e89e, command=[]} | ret=SUCCESS |  
2019-08-29 08:47:28,114 [java.util.concurrent.ThreadPoolExecutor$Worker@4d17eb69[State = -1, empty queue]] WARN  server.GrpcLogAppender (GrpcLogAppender.java:timeoutAppendRequest(200)) - GrpcLogAppender(37fb6585-bd86-49e3-96c6-47308e6afbcf->dd40d4a5-aa3f-4ebf-9cec-f561545fceec): appendEntries Timeout, request=37fb6585-bd86-49e3-96c6-47308e6afbcf->dd40d4a5-aa3f-4ebf-9cec-f561545fceec#29-t1, previous=(t:1, i:1), leaderCommit=0, initializing? false, entries: <empty>
2019-08-29 08:47:28,114 [java.util.concurrent.ThreadPoolExecutor$Worker@32b1d7c0[State = -1, empty queue]] WARN  server.GrpcLogAppender (GrpcLogAppender.java:timeoutAppendRequest(200)) - GrpcLogAppender(37fb6585-bd86-49e3-96c6-47308e6afbcf->d92499b0-1b7f-4387-8ba6-ffcf7cff46e6): appendEntries Timeout, request=37fb6585-bd86-49e3-96c6-47308e6afbcf->d92499b0-1b7f-4387-8ba6-ffcf7cff46e6#29-t1, previous=(t:1, i:1), leaderCommit=0, initializing? false, entries: <empty>
2019-08-29 08:47:28,216 | INFO  | SCMAudit | user=jenkins1000 | ip=192.168.5.176 | op=SEND_HEARTBEAT {datanodeUUID=d92499b0-1b7f-4387-8ba6-ffcf7cff46e6, command=[]} | ret=SUCCESS |  
2019-08-29 08:47:28,290 | INFO  | SCMAudit | user=jenkins1000 | ip=192.168.5.176 | op=SEND_HEARTBEAT {datanodeUUID=2256733f-555b-4f0d-8703-18eb36ab43de, command=[]} | ret=SUCCESS |  
2019-08-29 08:47:28,357 | INFO  | SCMAudit | user=jenkins1000 | ip=192.168.5.176 | op=SEND_HEARTBEAT {datanodeUUID=3a39fbaa-14da-4624-bf1d-aa1db02e0173, command=[]} | ret=SUCCESS |  
2019-08-29 08:47:28,435 | INFO  | SCMAudit | user=jenkins1000 | ip=192.168.5.176 | op=SEND_HEARTBEAT {datanodeUUID=37fb6585-bd86-49e3-96c6-47308e6afbcf, command=[]} | ret=SUCCESS |  
2019-08-29 08:47:28,501 | INFO  | SCMAudit | user=jenkins1000 | ip=192.168.5.176 | op=SEND_HEARTBEAT {datanodeUUID=dd40d4a5-aa3f-4ebf-9cec-f561545fceec, command=[]} | ret=SUCCESS |  
2019-08-29 08:47:28,572 | INFO  | SCMAudit | user=jenkins1000 | ip=192.168.5.176 | op=SEND_HEARTBEAT {datanodeUUID=f03f170c-33d9-4b6f-9b91-57603dd43a1e, command=[]} | ret=SUCCESS |  
2019-08-29 08:47:28,614 [java.util.concurrent.ThreadPoolExecutor$Worker@32b1d7c0[State = -1, empty queue]] WARN  server.GrpcLogAppender (GrpcLogAppender.java:timeoutAppendRequest(200)) - GrpcLogAppender(37fb6585-bd86-49e3-96c6-47308e6afbcf->d92499b0-1b7f-4387-8ba6-ffcf7cff46e6): appendEntries Timeout, request=37fb6585-bd86-49e3-96c6-47308e6afbcf->d92499b0-1b7f-4387-8ba6-ffcf7cff46e6#30-t1, previous=(t:1, i:1), leaderCommit=0, initializing? false, entries: <empty>
2019-08-29 08:47:28,614 [java.util.concurrent.ThreadPoolExecutor$Worker@4d17eb69[State = -1, empty queue]] WARN  server.GrpcLogAppender (GrpcLogAppender.java:timeoutAppendRequest(200)) - GrpcLogAppender(37fb6585-bd86-49e3-96c6-47308e6afbcf->dd40d4a5-aa3f-4ebf-9cec-f561545fceec): appendEntries Timeout, request=37fb6585-bd86-49e3-96c6-47308e6afbcf->dd40d4a5-aa3f-4ebf-9cec-f561545fceec#30-t1, previous=(t:1, i:1), leaderCommit=0, initializing? false, entries: <empty>
2019-08-29 08:47:28,962 | INFO  | SCMAudit | user=jenkins1000 | ip=192.168.5.176 | op=SEND_HEARTBEAT {datanodeUUID=823a7cbe-9ef5-429c-8255-e9ac46ec72ba, command=[]} | ret=SUCCESS |  
2019-08-29 08:47:28,962 | INFO  | SCMAudit | user=jenkins1000 | ip=192.168.5.176 | op=SEND_HEARTBEAT {datanodeUUID=4372d764-1931-406f-887c-7b5d1b7ac3a6, command=[]} | ret=SUCCESS |  
2019-08-29 08:47:28,964 | INFO  | SCMAudit | user=jenkins1000 | ip=192.168.5.176 | op=SEND_HEARTBEAT {datanodeUUID=d2610440-16a5-46aa-8011-5e9b2b98e89e, command=[]} | ret=SUCCESS |  
2019-08-29 08:47:28,964 | INFO  | SCMAudit | user=jenkins1000 | ip=192.168.5.176 | op=SEND_HEARTBEAT {datanodeUUID=62127296-10ba-4bda-9b01-f27ba8bd8737, command=[]} | ret=SUCCESS |  
2019-08-29 08:47:29,115 [java.util.concurrent.ThreadPoolExecutor$Worker@4d17eb69[State = -1, empty queue]] WARN  server.GrpcLogAppender (GrpcLogAppender.java:timeoutAppendRequest(200)) - GrpcLogAppender(37fb6585-bd86-49e3-96c6-47308e6afbcf->dd40d4a5-aa3f-4ebf-9cec-f561545fceec): appendEntries Timeout, request=37fb6585-bd86-49e3-96c6-47308e6afbcf->dd40d4a5-aa3f-4ebf-9cec-f561545fceec#31-t1, previous=(t:1, i:1), leaderCommit=0, initializing? false, entries: <empty>
2019-08-29 08:47:29,115 [java.util.concurrent.ThreadPoolExecutor$Worker@32b1d7c0[State = -1, empty queue]] WARN  server.GrpcLogAppender (GrpcLogAppender.java:timeoutAppendRequest(200)) - GrpcLogAppender(37fb6585-bd86-49e3-96c6-47308e6afbcf->d92499b0-1b7f-4387-8ba6-ffcf7cff46e6): appendEntries Timeout, request=37fb6585-bd86-49e3-96c6-47308e6afbcf->d92499b0-1b7f-4387-8ba6-ffcf7cff46e6#31-t1, previous=(t:1, i:1), leaderCommit=0, initializing? false, entries: <empty>
2019-08-29 08:47:29,216 | INFO  | SCMAudit | user=jenkins1000 | ip=192.168.5.176 | op=SEND_HEARTBEAT {datanodeUUID=d92499b0-1b7f-4387-8ba6-ffcf7cff46e6, command=[]} | ret=SUCCESS |  
2019-08-29 08:47:29,290 | INFO  | SCMAudit | user=jenkins1000 | ip=192.168.5.176 | op=SEND_HEARTBEAT {datanodeUUID=2256733f-555b-4f0d-8703-18eb36ab43de, command=[]} | ret=SUCCESS |  
2019-08-29 08:47:29,356 | INFO  | SCMAudit | user=jenkins1000 | ip=192.168.5.176 | op=SEND_HEARTBEAT {datanodeUUID=3a39fbaa-14da-4624-bf1d-aa1db02e0173, command=[]} | ret=SUCCESS |  
2019-08-29 08:47:29,435 | INFO  | SCMAudit | user=jenkins1000 | ip=192.168.5.176 | op=SEND_HEARTBEAT {datanodeUUID=37fb6585-bd86-49e3-96c6-47308e6afbcf, command=[]} | ret=SUCCESS |  
2019-08-29 08:47:29,502 | INFO  | SCMAudit | user=jenkins1000 | ip=192.168.5.176 | op=SEND_HEARTBEAT {datanodeUUID=dd40d4a5-aa3f-4ebf-9cec-f561545fceec, command=[]} | ret=SUCCESS |  
2019-08-29 08:47:29,572 | INFO  | SCMAudit | user=jenkins1000 | ip=192.168.5.176 | op=SEND_HEARTBEAT {datanodeUUID=f03f170c-33d9-4b6f-9b91-57603dd43a1e, command=[]} | ret=SUCCESS |  
2019-08-29 08:47:29,615 [java.util.concurrent.ThreadPoolExecutor$Worker@32b1d7c0[State = -1, empty queue]] WARN  server.GrpcLogAppender (GrpcLogAppender.java:timeoutAppendRequest(200)) - GrpcLogAppender(37fb6585-bd86-49e3-96c6-47308e6afbcf->d92499b0-1b7f-4387-8ba6-ffcf7cff46e6): appendEntries Timeout, request=37fb6585-bd86-49e3-96c6-47308e6afbcf->d92499b0-1b7f-4387-8ba6-ffcf7cff46e6#32-t1, previous=(t:1, i:1), leaderCommit=0, initializing? false, entries: <empty>
2019-08-29 08:47:29,615 [java.util.concurrent.ThreadPoolExecutor$Worker@4d17eb69[State = -1, empty queue]] WARN  server.GrpcLogAppender (GrpcLogAppender.java:timeoutAppendRequest(200)) - GrpcLogAppender(37fb6585-bd86-49e3-96c6-47308e6afbcf->dd40d4a5-aa3f-4ebf-9cec-f561545fceec): appendEntries Timeout, request=37fb6585-bd86-49e3-96c6-47308e6afbcf->dd40d4a5-aa3f-4ebf-9cec-f561545fceec#32-t1, previous=(t:1, i:1), leaderCommit=0, initializing? false, entries: <empty>
2019-08-29 08:47:29,962 | INFO  | SCMAudit | user=jenkins1000 | ip=192.168.5.176 | op=SEND_HEARTBEAT {datanodeUUID=823a7cbe-9ef5-429c-8255-e9ac46ec72ba, command=[]} | ret=SUCCESS |  
2019-08-29 08:47:29,962 | INFO  | SCMAudit | user=jenkins1000 | ip=192.168.5.176 | op=SEND_HEARTBEAT {datanodeUUID=4372d764-1931-406f-887c-7b5d1b7ac3a6, command=[]} | ret=SUCCESS |  
2019-08-29 08:47:29,964 | INFO  | SCMAudit | user=jenkins1000 | ip=192.168.5.176 | op=SEND_HEARTBEAT {datanodeUUID=d2610440-16a5-46aa-8011-5e9b2b98e89e, command=[]} | ret=SUCCESS |  
2019-08-29 08:47:29,964 | INFO  | SCMAudit | user=jenkins1000 | ip=192.168.5.176 | op=SEND_HEARTBEAT {datanodeUUID=62127296-10ba-4bda-9b01-f27ba8bd8737, command=[]} | ret=SUCCESS |  
2019-08-29 08:47:30,116 [java.util.concurrent.ThreadPoolExecutor$Worker@32b1d7c0[State = -1, empty queue]] WARN  server.GrpcLogAppender (GrpcLogAppender.java:timeoutAppendRequest(200)) - GrpcLogAppender(37fb6585-bd86-49e3-96c6-47308e6afbcf->d92499b0-1b7f-4387-8ba6-ffcf7cff46e6): appendEntries Timeout, request=37fb6585-bd86-49e3-96c6-47308e6afbcf->d92499b0-1b7f-4387-8ba6-ffcf7cff46e6#33-t1, previous=(t:1, i:1), leaderCommit=0, initializing? false, entries: <empty>
2019-08-29 08:47:30,116 [java.util.concurrent.ThreadPoolExecutor$Worker@4d17eb69[State = -1, empty queue]] WARN  server.GrpcLogAppender (GrpcLogAppender.java:timeoutAppendRequest(200)) - GrpcLogAppender(37fb6585-bd86-49e3-96c6-47308e6afbcf->dd40d4a5-aa3f-4ebf-9cec-f561545fceec): appendEntries Timeout, request=37fb6585-bd86-49e3-96c6-47308e6afbcf->dd40d4a5-aa3f-4ebf-9cec-f561545fceec#33-t1, previous=(t:1, i:1), leaderCommit=0, initializing? false, entries: <empty>
2019-08-29 08:47:30,216 | INFO  | SCMAudit | user=jenkins1000 | ip=192.168.5.176 | op=SEND_HEARTBEAT {datanodeUUID=d92499b0-1b7f-4387-8ba6-ffcf7cff46e6, command=[]} | ret=SUCCESS |  
2019-08-29 08:47:30,290 | INFO  | SCMAudit | user=jenkins1000 | ip=192.168.5.176 | op=SEND_HEARTBEAT {datanodeUUID=2256733f-555b-4f0d-8703-18eb36ab43de, command=[]} | ret=SUCCESS |  
2019-08-29 08:47:30,356 | INFO  | SCMAudit | user=jenkins1000 | ip=192.168.5.176 | op=SEND_HEARTBEAT {datanodeUUID=3a39fbaa-14da-4624-bf1d-aa1db02e0173, command=[]} | ret=SUCCESS |  
2019-08-29 08:47:30,435 | INFO  | SCMAudit | user=jenkins1000 | ip=192.168.5.176 | op=SEND_HEARTBEAT {datanodeUUID=37fb6585-bd86-49e3-96c6-47308e6afbcf, command=[]} | ret=SUCCESS |  
2019-08-29 08:47:30,460 [2256733f-555b-4f0d-8703-18eb36ab43de:group-CDBD8F166C83:LeaderElection26] INFO  impl.LeaderElection (LeaderElection.java:askForVotes(181)) - 2256733f-555b-4f0d-8703-18eb36ab43de:group-CDBD8F166C83:LeaderElection26: begin an election at term 3 for -1: [2256733f-555b-4f0d-8703-18eb36ab43de:192.168.5.176:35960, 3a39fbaa-14da-4624-bf1d-aa1db02e0173:192.168.5.176:34585, 823a7cbe-9ef5-429c-8255-e9ac46ec72ba:192.168.5.176:37287], old=null
2019-08-29 08:47:30,460 [823a7cbe-9ef5-429c-8255-e9ac46ec72ba:group-CDBD8F166C83:LeaderElection25] INFO  impl.LeaderElection (LeaderElection.java:askForVotes(181)) - 823a7cbe-9ef5-429c-8255-e9ac46ec72ba:group-CDBD8F166C83:LeaderElection25: begin an election at term 3 for -1: [2256733f-555b-4f0d-8703-18eb36ab43de:192.168.5.176:35960, 3a39fbaa-14da-4624-bf1d-aa1db02e0173:192.168.5.176:34585, 823a7cbe-9ef5-429c-8255-e9ac46ec72ba:192.168.5.176:37287], old=null
2019-08-29 08:47:30,460 [d2610440-16a5-46aa-8011-5e9b2b98e89e:group-0E98D55737AE:LeaderElection24] INFO  impl.LeaderElection (LeaderElection.java:askForVotes(181)) - d2610440-16a5-46aa-8011-5e9b2b98e89e:group-0E98D55737AE:LeaderElection24: begin an election at term 3 for -1: [4372d764-1931-406f-887c-7b5d1b7ac3a6:192.168.5.176:40296, 62127296-10ba-4bda-9b01-f27ba8bd8737:192.168.5.176:45010, d2610440-16a5-46aa-8011-5e9b2b98e89e:192.168.5.176:44963], old=null
2019-08-29 08:47:30,503 | INFO  | SCMAudit | user=jenkins1000 | ip=192.168.5.176 | op=SEND_HEARTBEAT {datanodeUUID=dd40d4a5-aa3f-4ebf-9cec-f561545fceec, command=[]} | ret=SUCCESS |  
2019-08-29 08:47:30,572 | INFO  | SCMAudit | user=jenkins1000 | ip=192.168.5.176 | op=SEND_HEARTBEAT {datanodeUUID=f03f170c-33d9-4b6f-9b91-57603dd43a1e, command=[]} | ret=SUCCESS |  
2019-08-29 08:47:30,616 [java.util.concurrent.ThreadPoolExecutor$Worker@4d17eb69[State = -1, empty queue]] WARN  server.GrpcLogAppender (GrpcLogAppender.java:timeoutAppendRequest(200)) - GrpcLogAppender(37fb6585-bd86-49e3-96c6-47308e6afbcf->dd40d4a5-aa3f-4ebf-9cec-f561545fceec): appendEntries Timeout, request=37fb6585-bd86-49e3-96c6-47308e6afbcf->dd40d4a5-aa3f-4ebf-9cec-f561545fceec#34-t1, previous=(t:1, i:1), leaderCommit=0, initializing? false, entries: <empty>
2019-08-29 08:47:30,616 [java.util.concurrent.ThreadPoolExecutor$Worker@32b1d7c0[State = -1, empty queue]] WARN  server.GrpcLogAppender (GrpcLogAppender.java:timeoutAppendRequest(200)) - GrpcLogAppender(37fb6585-bd86-49e3-96c6-47308e6afbcf->d92499b0-1b7f-4387-8ba6-ffcf7cff46e6): appendEntries Timeout, request=37fb6585-bd86-49e3-96c6-47308e6afbcf->d92499b0-1b7f-4387-8ba6-ffcf7cff46e6#34-t1, previous=(t:1, i:1), leaderCommit=0, initializing? false, entries: <empty>
2019-08-29 08:47:30,733 [62127296-10ba-4bda-9b01-f27ba8bd8737:group-0E98D55737AE:LeaderElection28] INFO  impl.LeaderElection (LeaderElection.java:askForVotes(181)) - 62127296-10ba-4bda-9b01-f27ba8bd8737:group-0E98D55737AE:LeaderElection28: begin an election at term 3 for -1: [4372d764-1931-406f-887c-7b5d1b7ac3a6:192.168.5.176:40296, 62127296-10ba-4bda-9b01-f27ba8bd8737:192.168.5.176:45010, d2610440-16a5-46aa-8011-5e9b2b98e89e:192.168.5.176:44963], old=null
2019-08-29 08:47:30,733 [4372d764-1931-406f-887c-7b5d1b7ac3a6:group-0E98D55737AE:LeaderElection29] INFO  impl.LeaderElection (LeaderElection.java:askForVotes(181)) - 4372d764-1931-406f-887c-7b5d1b7ac3a6:group-0E98D55737AE:LeaderElection29: begin an election at term 3 for -1: [4372d764-1931-406f-887c-7b5d1b7ac3a6:192.168.5.176:40296, 62127296-10ba-4bda-9b01-f27ba8bd8737:192.168.5.176:45010, d2610440-16a5-46aa-8011-5e9b2b98e89e:192.168.5.176:44963], old=null
2019-08-29 08:47:30,733 [3a39fbaa-14da-4624-bf1d-aa1db02e0173:group-CDBD8F166C83:LeaderElection27] INFO  impl.LeaderElection (LeaderElection.java:askForVotes(181)) - 3a39fbaa-14da-4624-bf1d-aa1db02e0173:group-CDBD8F166C83:LeaderElection27: begin an election at term 3 for -1: [2256733f-555b-4f0d-8703-18eb36ab43de:192.168.5.176:35960, 3a39fbaa-14da-4624-bf1d-aa1db02e0173:192.168.5.176:34585, 823a7cbe-9ef5-429c-8255-e9ac46ec72ba:192.168.5.176:37287], old=null
2019-08-29 08:47:30,736 [2256733f-555b-4f0d-8703-18eb36ab43de:group-CDBD8F166C83:LeaderElection26] INFO  impl.LeaderElection (LeaderElection.java:logAndReturn(56)) - 2256733f-555b-4f0d-8703-18eb36ab43de:group-CDBD8F166C83:LeaderElection26: Election REJECTED; received 2 response(s) [2256733f-555b-4f0d-8703-18eb36ab43de<-3a39fbaa-14da-4624-bf1d-aa1db02e0173#0:FAIL-t3, 2256733f-555b-4f0d-8703-18eb36ab43de<-823a7cbe-9ef5-429c-8255-e9ac46ec72ba#0:FAIL-t3] and 0 exception(s); 2256733f-555b-4f0d-8703-18eb36ab43de:t3, leader=null, voted=2256733f-555b-4f0d-8703-18eb36ab43de, raftlog=2256733f-555b-4f0d-8703-18eb36ab43de-SegmentedRaftLog:OPENED:c-1,f-1,i0, conf=-1: [2256733f-555b-4f0d-8703-18eb36ab43de:192.168.5.176:35960, 3a39fbaa-14da-4624-bf1d-aa1db02e0173:192.168.5.176:34585, 823a7cbe-9ef5-429c-8255-e9ac46ec72ba:192.168.5.176:37287], old=null
2019-08-29 08:47:30,736 [823a7cbe-9ef5-429c-8255-e9ac46ec72ba:group-CDBD8F166C83:LeaderElection25] INFO  impl.LeaderElection (LeaderElection.java:logAndReturn(56)) - 823a7cbe-9ef5-429c-8255-e9ac46ec72ba:group-CDBD8F166C83:LeaderElection25: Election REJECTED; received 2 response(s) [823a7cbe-9ef5-429c-8255-e9ac46ec72ba<-2256733f-555b-4f0d-8703-18eb36ab43de#0:FAIL-t3, 823a7cbe-9ef5-429c-8255-e9ac46ec72ba<-3a39fbaa-14da-4624-bf1d-aa1db02e0173#0:FAIL-t3] and 0 exception(s); 823a7cbe-9ef5-429c-8255-e9ac46ec72ba:t3, leader=null, voted=823a7cbe-9ef5-429c-8255-e9ac46ec72ba, raftlog=823a7cbe-9ef5-429c-8255-e9ac46ec72ba-SegmentedRaftLog:OPENED:c-1,f-1,i0, conf=-1: [2256733f-555b-4f0d-8703-18eb36ab43de:192.168.5.176:35960, 3a39fbaa-14da-4624-bf1d-aa1db02e0173:192.168.5.176:34585, 823a7cbe-9ef5-429c-8255-e9ac46ec72ba:192.168.5.176:37287], old=null
2019-08-29 08:47:30,736 [2256733f-555b-4f0d-8703-18eb36ab43de:group-CDBD8F166C83:LeaderElection26] INFO  impl.RaftServerImpl (RaftServerImpl.java:setRole(171)) - 2256733f-555b-4f0d-8703-18eb36ab43de:group-CDBD8F166C83 changes role from CANDIDATE to FOLLOWER at term 3 for DISCOVERED_A_NEW_TERM
2019-08-29 08:47:30,736 [823a7cbe-9ef5-429c-8255-e9ac46ec72ba:group-CDBD8F166C83:LeaderElection25] INFO  impl.RaftServerImpl (RaftServerImpl.java:setRole(171)) - 823a7cbe-9ef5-429c-8255-e9ac46ec72ba:group-CDBD8F166C83 changes role from CANDIDATE to FOLLOWER at term 3 for DISCOVERED_A_NEW_TERM
2019-08-29 08:47:30,737 [d2610440-16a5-46aa-8011-5e9b2b98e89e:group-0E98D55737AE:LeaderElection24] INFO  impl.LeaderElection (LeaderElection.java:logAndReturn(56)) - d2610440-16a5-46aa-8011-5e9b2b98e89e:group-0E98D55737AE:LeaderElection24: Election REJECTED; received 2 response(s) [d2610440-16a5-46aa-8011-5e9b2b98e89e<-4372d764-1931-406f-887c-7b5d1b7ac3a6#0:FAIL-t3, d2610440-16a5-46aa-8011-5e9b2b98e89e<-62127296-10ba-4bda-9b01-f27ba8bd8737#0:FAIL-t3] and 0 exception(s); d2610440-16a5-46aa-8011-5e9b2b98e89e:t3, leader=null, voted=d2610440-16a5-46aa-8011-5e9b2b98e89e, raftlog=d2610440-16a5-46aa-8011-5e9b2b98e89e-SegmentedRaftLog:OPENED:c-1,f-1,i0, conf=-1: [4372d764-1931-406f-887c-7b5d1b7ac3a6:192.168.5.176:40296, 62127296-10ba-4bda-9b01-f27ba8bd8737:192.168.5.176:45010, d2610440-16a5-46aa-8011-5e9b2b98e89e:192.168.5.176:44963], old=null
2019-08-29 08:47:30,737 [2256733f-555b-4f0d-8703-18eb36ab43de:group-CDBD8F166C83:LeaderElection26] INFO  impl.RoleInfo (RoleInfo.java:shutdownLeaderElection(134)) - 2256733f-555b-4f0d-8703-18eb36ab43de: shutdown LeaderElection
2019-08-29 08:47:30,737 [d2610440-16a5-46aa-8011-5e9b2b98e89e:group-0E98D55737AE:LeaderElection24] INFO  impl.RaftServerImpl (RaftServerImpl.java:setRole(171)) - d2610440-16a5-46aa-8011-5e9b2b98e89e:group-0E98D55737AE changes role from CANDIDATE to FOLLOWER at term 3 for DISCOVERED_A_NEW_TERM
2019-08-29 08:47:30,737 [823a7cbe-9ef5-429c-8255-e9ac46ec72ba:group-CDBD8F166C83:LeaderElection25] INFO  impl.RoleInfo (RoleInfo.java:shutdownLeaderElection(134)) - 823a7cbe-9ef5-429c-8255-e9ac46ec72ba: shutdown LeaderElection
2019-08-29 08:47:30,738 [2256733f-555b-4f0d-8703-18eb36ab43de:group-CDBD8F166C83:LeaderElection26] INFO  impl.RoleInfo (RoleInfo.java:updateAndGet(143)) - 2256733f-555b-4f0d-8703-18eb36ab43de: start FollowerState
2019-08-29 08:47:30,737 [d2610440-16a5-46aa-8011-5e9b2b98e89e:group-0E98D55737AE:LeaderElection24] INFO  impl.RoleInfo (RoleInfo.java:shutdownLeaderElection(134)) - d2610440-16a5-46aa-8011-5e9b2b98e89e: shutdown LeaderElection
2019-08-29 08:47:30,738 [823a7cbe-9ef5-429c-8255-e9ac46ec72ba:group-CDBD8F166C83:LeaderElection25] INFO  impl.RoleInfo (RoleInfo.java:updateAndGet(143)) - 823a7cbe-9ef5-429c-8255-e9ac46ec72ba: start FollowerState
2019-08-29 08:47:30,738 [d2610440-16a5-46aa-8011-5e9b2b98e89e:group-0E98D55737AE:LeaderElection24] INFO  impl.RoleInfo (RoleInfo.java:updateAndGet(143)) - d2610440-16a5-46aa-8011-5e9b2b98e89e: start FollowerState
2019-08-29 08:47:30,742 [3a39fbaa-14da-4624-bf1d-aa1db02e0173:group-CDBD8F166C83:LeaderElection27] INFO  impl.LeaderElection (LeaderElection.java:logAndReturn(56)) - 3a39fbaa-14da-4624-bf1d-aa1db02e0173:group-CDBD8F166C83:LeaderElection27: Election REJECTED; received 2 response(s) [3a39fbaa-14da-4624-bf1d-aa1db02e0173<-2256733f-555b-4f0d-8703-18eb36ab43de#0:FAIL-t3, 3a39fbaa-14da-4624-bf1d-aa1db02e0173<-823a7cbe-9ef5-429c-8255-e9ac46ec72ba#0:FAIL-t3] and 0 exception(s); 3a39fbaa-14da-4624-bf1d-aa1db02e0173:t3, leader=null, voted=3a39fbaa-14da-4624-bf1d-aa1db02e0173, raftlog=3a39fbaa-14da-4624-bf1d-aa1db02e0173-SegmentedRaftLog:OPENED:c-1,f-1,i0, conf=-1: [2256733f-555b-4f0d-8703-18eb36ab43de:192.168.5.176:35960, 3a39fbaa-14da-4624-bf1d-aa1db02e0173:192.168.5.176:34585, 823a7cbe-9ef5-429c-8255-e9ac46ec72ba:192.168.5.176:37287], old=null
2019-08-29 08:47:30,743 [62127296-10ba-4bda-9b01-f27ba8bd8737:group-0E98D55737AE:LeaderElection28] INFO  impl.LeaderElection (LeaderElection.java:logAndReturn(56)) - 62127296-10ba-4bda-9b01-f27ba8bd8737:group-0E98D55737AE:LeaderElection28: Election REJECTED; received 2 response(s) [62127296-10ba-4bda-9b01-f27ba8bd8737<-4372d764-1931-406f-887c-7b5d1b7ac3a6#0:FAIL-t3, 62127296-10ba-4bda-9b01-f27ba8bd8737<-d2610440-16a5-46aa-8011-5e9b2b98e89e#0:FAIL-t3] and 0 exception(s); 62127296-10ba-4bda-9b01-f27ba8bd8737:t3, leader=null, voted=62127296-10ba-4bda-9b01-f27ba8bd8737, raftlog=62127296-10ba-4bda-9b01-f27ba8bd8737-SegmentedRaftLog:OPENED:c-1,f-1,i0, conf=-1: [4372d764-1931-406f-887c-7b5d1b7ac3a6:192.168.5.176:40296, 62127296-10ba-4bda-9b01-f27ba8bd8737:192.168.5.176:45010, d2610440-16a5-46aa-8011-5e9b2b98e89e:192.168.5.176:44963], old=null
2019-08-29 08:47:30,743 [3a39fbaa-14da-4624-bf1d-aa1db02e0173:group-CDBD8F166C83:LeaderElection27] INFO  impl.RaftServerImpl (RaftServerImpl.java:setRole(171)) - 3a39fbaa-14da-4624-bf1d-aa1db02e0173:group-CDBD8F166C83 changes role from CANDIDATE to FOLLOWER at term 3 for DISCOVERED_A_NEW_TERM
2019-08-29 08:47:30,743 [62127296-10ba-4bda-9b01-f27ba8bd8737:group-0E98D55737AE:LeaderElection28] INFO  impl.RaftServerImpl (RaftServerImpl.java:setRole(171)) - 62127296-10ba-4bda-9b01-f27ba8bd8737:group-0E98D55737AE changes role from CANDIDATE to FOLLOWER at term 3 for DISCOVERED_A_NEW_TERM
2019-08-29 08:47:30,743 [3a39fbaa-14da-4624-bf1d-aa1db02e0173:group-CDBD8F166C83:LeaderElection27] INFO  impl.RoleInfo (RoleInfo.java:shutdownLeaderElection(134)) - 3a39fbaa-14da-4624-bf1d-aa1db02e0173: shutdown LeaderElection
2019-08-29 08:47:30,743 [62127296-10ba-4bda-9b01-f27ba8bd8737:group-0E98D55737AE:LeaderElection28] INFO  impl.RoleInfo (RoleInfo.java:shutdownLeaderElection(134)) - 62127296-10ba-4bda-9b01-f27ba8bd8737: shutdown LeaderElection
2019-08-29 08:47:30,743 [3a39fbaa-14da-4624-bf1d-aa1db02e0173:group-CDBD8F166C83:LeaderElection27] INFO  impl.RoleInfo (RoleInfo.java:updateAndGet(143)) - 3a39fbaa-14da-4624-bf1d-aa1db02e0173: start FollowerState
2019-08-29 08:47:30,743 [62127296-10ba-4bda-9b01-f27ba8bd8737:group-0E98D55737AE:LeaderElection28] INFO  impl.RoleInfo (RoleInfo.java:updateAndGet(143)) - 62127296-10ba-4bda-9b01-f27ba8bd8737: start FollowerState
2019-08-29 08:47:30,744 [4372d764-1931-406f-887c-7b5d1b7ac3a6:group-0E98D55737AE:LeaderElection29] INFO  impl.LeaderElection (LeaderElection.java:logAndReturn(56)) - 4372d764-1931-406f-887c-7b5d1b7ac3a6:group-0E98D55737AE:LeaderElection29: Election REJECTED; received 2 response(s) [4372d764-1931-406f-887c-7b5d1b7ac3a6<-62127296-10ba-4bda-9b01-f27ba8bd8737#0:FAIL-t3, 4372d764-1931-406f-887c-7b5d1b7ac3a6<-d2610440-16a5-46aa-8011-5e9b2b98e89e#0:FAIL-t3] and 0 exception(s); 4372d764-1931-406f-887c-7b5d1b7ac3a6:t3, leader=null, voted=4372d764-1931-406f-887c-7b5d1b7ac3a6, raftlog=4372d764-1931-406f-887c-7b5d1b7ac3a6-SegmentedRaftLog:OPENED:c-1,f-1,i0, conf=-1: [4372d764-1931-406f-887c-7b5d1b7ac3a6:192.168.5.176:40296, 62127296-10ba-4bda-9b01-f27ba8bd8737:192.168.5.176:45010, d2610440-16a5-46aa-8011-5e9b2b98e89e:192.168.5.176:44963], old=null
2019-08-29 08:47:30,744 [4372d764-1931-406f-887c-7b5d1b7ac3a6:group-0E98D55737AE:LeaderElection29] INFO  impl.RaftServerImpl (RaftServerImpl.java:setRole(171)) - 4372d764-1931-406f-887c-7b5d1b7ac3a6:group-0E98D55737AE changes role from CANDIDATE to FOLLOWER at term 3 for DISCOVERED_A_NEW_TERM
2019-08-29 08:47:30,744 [4372d764-1931-406f-887c-7b5d1b7ac3a6:group-0E98D55737AE:LeaderElection29] INFO  impl.RoleInfo (RoleInfo.java:shutdownLeaderElection(134)) - 4372d764-1931-406f-887c-7b5d1b7ac3a6: shutdown LeaderElection
2019-08-29 08:47:30,745 [4372d764-1931-406f-887c-7b5d1b7ac3a6:group-0E98D55737AE:LeaderElection29] INFO  impl.RoleInfo (RoleInfo.java:updateAndGet(143)) - 4372d764-1931-406f-887c-7b5d1b7ac3a6: start FollowerState
2019-08-29 08:47:30,844 | INFO  | SCMAudit | user=jenkins1000 | ip=192.168.5.176 | op=SEND_HEARTBEAT {datanodeUUID=d92499b0-1b7f-4387-8ba6-ffcf7cff46e6, command=[]} | ret=SUCCESS |  
2019-08-29 08:47:30,844 | INFO  | SCMAudit | user=jenkins1000 | ip=192.168.5.176 | op=SEND_HEARTBEAT {datanodeUUID=dd40d4a5-aa3f-4ebf-9cec-f561545fceec, command=[]} | ret=SUCCESS |  
2019-08-29 08:47:30,844 | INFO  | SCMAudit | user=jenkins1000 | ip=192.168.5.176 | op=SEND_HEARTBEAT {datanodeUUID=37fb6585-bd86-49e3-96c6-47308e6afbcf, command=[]} | ret=SUCCESS |  
2019-08-29 08:47:30,864 | INFO  | DNAudit | user=null | ip=null | op=WRITE_CHUNK {blockData=conID: 2 locID: 102699396711448577 bcsId: 0} | ret=SUCCESS |  
2019-08-29 08:47:30,872 | INFO  | DNAudit | user=null | ip=null | op=WRITE_CHUNK {blockData=conID: 2 locID: 102699396711448577 bcsId: 0} | ret=SUCCESS |  
2019-08-29 08:47:30,872 | INFO  | DNAudit | user=null | ip=null | op=WRITE_CHUNK {blockData=conID: 2 locID: 102699396711448577 bcsId: 0} | ret=SUCCESS |  
2019-08-29 08:47:30,890 [grpc-default-executor-1] WARN  server.GrpcLogAppender (GrpcLogAppender.java:onNextImpl(250)) - org.apache.ratis.grpc.server.GrpcLogAppender$AppendLogResponseHandler@63ad8727: Request not found, ignoring reply: 37fb6585-bd86-49e3-96c6-47308e6afbcf<-d92499b0-1b7f-4387-8ba6-ffcf7cff46e6#21:OK,SUCCESS,nextIndex:2,term:1,followerCommit:0
2019-08-29 08:47:30,890 [grpc-default-executor-4] WARN  server.GrpcLogAppender (GrpcLogAppender.java:onNextImpl(250)) - org.apache.ratis.grpc.server.GrpcLogAppender$AppendLogResponseHandler@62b99edf: Request not found, ignoring reply: 37fb6585-bd86-49e3-96c6-47308e6afbcf<-dd40d4a5-aa3f-4ebf-9cec-f561545fceec#21:OK,SUCCESS,nextIndex:2,term:1,followerCommit:0
2019-08-29 08:47:30,890 [grpc-default-executor-1] WARN  server.GrpcLogAppender (GrpcLogAppender.java:onNextImpl(250)) - org.apache.ratis.grpc.server.GrpcLogAppender$AppendLogResponseHandler@63ad8727: Request not found, ignoring reply: 37fb6585-bd86-49e3-96c6-47308e6afbcf<-d92499b0-1b7f-4387-8ba6-ffcf7cff46e6#22:OK,SUCCESS,nextIndex:2,term:1,followerCommit:0
2019-08-29 08:47:30,890 [grpc-default-executor-4] WARN  server.GrpcLogAppender (GrpcLogAppender.java:onNextImpl(250)) - org.apache.ratis.grpc.server.GrpcLogAppender$AppendLogResponseHandler@62b99edf: Request not found, ignoring reply: 37fb6585-bd86-49e3-96c6-47308e6afbcf<-dd40d4a5-aa3f-4ebf-9cec-f561545fceec#22:OK,SUCCESS,nextIndex:2,term:1,followerCommit:0
2019-08-29 08:47:30,890 [grpc-default-executor-1] WARN  server.GrpcLogAppender (GrpcLogAppender.java:onNextImpl(250)) - org.apache.ratis.grpc.server.GrpcLogAppender$AppendLogResponseHandler@63ad8727: Request not found, ignoring reply: 37fb6585-bd86-49e3-96c6-47308e6afbcf<-d92499b0-1b7f-4387-8ba6-ffcf7cff46e6#23:OK,SUCCESS,nextIndex:2,term:1,followerCommit:0
2019-08-29 08:47:30,891 [grpc-default-executor-4] WARN  server.GrpcLogAppender (GrpcLogAppender.java:onNextImpl(250)) - org.apache.ratis.grpc.server.GrpcLogAppender$AppendLogResponseHandler@62b99edf: Request not found, ignoring reply: 37fb6585-bd86-49e3-96c6-47308e6afbcf<-dd40d4a5-aa3f-4ebf-9cec-f561545fceec#23:OK,SUCCESS,nextIndex:2,term:1,followerCommit:0
2019-08-29 08:47:30,891 [grpc-default-executor-1] WARN  server.GrpcLogAppender (GrpcLogAppender.java:onNextImpl(250)) - org.apache.ratis.grpc.server.GrpcLogAppender$AppendLogResponseHandler@63ad8727: Request not found, ignoring reply: 37fb6585-bd86-49e3-96c6-47308e6afbcf<-d92499b0-1b7f-4387-8ba6-ffcf7cff46e6#24:OK,SUCCESS,nextIndex:2,term:1,followerCommit:0
2019-08-29 08:47:30,891 [grpc-default-executor-4] WARN  server.GrpcLogAppender (GrpcLogAppender.java:onNextImpl(250)) - org.apache.ratis.grpc.server.GrpcLogAppender$AppendLogResponseHandler@62b99edf: Request not found, ignoring reply: 37fb6585-bd86-49e3-96c6-47308e6afbcf<-dd40d4a5-aa3f-4ebf-9cec-f561545fceec#24:OK,SUCCESS,nextIndex:2,term:1,followerCommit:0
2019-08-29 08:47:30,891 [grpc-default-executor-1] WARN  server.GrpcLogAppender (GrpcLogAppender.java:onNextImpl(250)) - org.apache.ratis.grpc.server.GrpcLogAppender$AppendLogResponseHandler@63ad8727: Request not found, ignoring reply: 37fb6585-bd86-49e3-96c6-47308e6afbcf<-d92499b0-1b7f-4387-8ba6-ffcf7cff46e6#25:OK,SUCCESS,nextIndex:2,term:1,followerCommit:0
2019-08-29 08:47:30,891 [grpc-default-executor-4] WARN  server.GrpcLogAppender (GrpcLogAppender.java:onNextImpl(250)) - org.apache.ratis.grpc.server.GrpcLogAppender$AppendLogResponseHandler@62b99edf: Request not found, ignoring reply: 37fb6585-bd86-49e3-96c6-47308e6afbcf<-dd40d4a5-aa3f-4ebf-9cec-f561545fceec#25:OK,SUCCESS,nextIndex:2,term:1,followerCommit:0
2019-08-29 08:47:30,891 [grpc-default-executor-1] WARN  server.GrpcLogAppender (GrpcLogAppender.java:onNextImpl(250)) - org.apache.ratis.grpc.server.GrpcLogAppender$AppendLogResponseHandler@63ad8727: Request not found, ignoring reply: 37fb6585-bd86-49e3-96c6-47308e6afbcf<-d92499b0-1b7f-4387-8ba6-ffcf7cff46e6#26:OK,SUCCESS,nextIndex:2,term:1,followerCommit:0
2019-08-29 08:47:30,891 [grpc-default-executor-4] WARN  server.GrpcLogAppender (GrpcLogAppender.java:onNextImpl(250)) - org.apache.ratis.grpc.server.GrpcLogAppender$AppendLogResponseHandler@62b99edf: Request not found, ignoring reply: 37fb6585-bd86-49e3-96c6-47308e6afbcf<-dd40d4a5-aa3f-4ebf-9cec-f561545fceec#26:OK,SUCCESS,nextIndex:2,term:1,followerCommit:0
2019-08-29 08:47:30,891 [grpc-default-executor-1] WARN  server.GrpcLogAppender (GrpcLogAppender.java:onNextImpl(250)) - org.apache.ratis.grpc.server.GrpcLogAppender$AppendLogResponseHandler@63ad8727: Request not found, ignoring reply: 37fb6585-bd86-49e3-96c6-47308e6afbcf<-d92499b0-1b7f-4387-8ba6-ffcf7cff46e6#27:OK,SUCCESS,nextIndex:2,term:1,followerCommit:0
2019-08-29 08:47:30,891 [grpc-default-executor-4] WARN  server.GrpcLogAppender (GrpcLogAppender.java:onNextImpl(250)) - org.apache.ratis.grpc.server.GrpcLogAppender$AppendLogResponseHandler@62b99edf: Request not found, ignoring reply: 37fb6585-bd86-49e3-96c6-47308e6afbcf<-dd40d4a5-aa3f-4ebf-9cec-f561545fceec#27:OK,SUCCESS,nextIndex:2,term:1,followerCommit:0
2019-08-29 08:47:30,892 [grpc-default-executor-1] WARN  server.GrpcLogAppender (GrpcLogAppender.java:onNextImpl(250)) - org.apache.ratis.grpc.server.GrpcLogAppender$AppendLogResponseHandler@63ad8727: Request not found, ignoring reply: 37fb6585-bd86-49e3-96c6-47308e6afbcf<-d92499b0-1b7f-4387-8ba6-ffcf7cff46e6#28:OK,SUCCESS,nextIndex:2,term:1,followerCommit:0
2019-08-29 08:47:30,892 [grpc-default-executor-4] WARN  server.GrpcLogAppender (GrpcLogAppender.java:onNextImpl(250)) - org.apache.ratis.grpc.server.GrpcLogAppender$AppendLogResponseHandler@62b99edf: Request not found, ignoring reply: 37fb6585-bd86-49e3-96c6-47308e6afbcf<-dd40d4a5-aa3f-4ebf-9cec-f561545fceec#28:OK,SUCCESS,nextIndex:2,term:1,followerCommit:0
2019-08-29 08:47:30,892 [grpc-default-executor-1] WARN  server.GrpcLogAppender (GrpcLogAppender.java:onNextImpl(250)) - org.apache.ratis.grpc.server.GrpcLogAppender$AppendLogResponseHandler@63ad8727: Request not found, ignoring reply: 37fb6585-bd86-49e3-96c6-47308e6afbcf<-d92499b0-1b7f-4387-8ba6-ffcf7cff46e6#29:OK,SUCCESS,nextIndex:2,term:1,followerCommit:0
2019-08-29 08:47:30,892 [grpc-default-executor-4] WARN  server.GrpcLogAppender (GrpcLogAppender.java:onNextImpl(250)) - org.apache.ratis.grpc.server.GrpcLogAppender$AppendLogResponseHandler@62b99edf: Request not found, ignoring reply: 37fb6585-bd86-49e3-96c6-47308e6afbcf<-dd40d4a5-aa3f-4ebf-9cec-f561545fceec#29:OK,SUCCESS,nextIndex:2,term:1,followerCommit:0
2019-08-29 08:47:30,892 [grpc-default-executor-1] WARN  server.GrpcLogAppender (GrpcLogAppender.java:onNextImpl(250)) - org.apache.ratis.grpc.server.GrpcLogAppender$AppendLogResponseHandler@63ad8727: Request not found, ignoring reply: 37fb6585-bd86-49e3-96c6-47308e6afbcf<-d92499b0-1b7f-4387-8ba6-ffcf7cff46e6#30:OK,SUCCESS,nextIndex:2,term:1,followerCommit:0
2019-08-29 08:47:30,892 [grpc-default-executor-4] WARN  server.GrpcLogAppender (GrpcLogAppender.java:onNextImpl(250)) - org.apache.ratis.grpc.server.GrpcLogAppender$AppendLogResponseHandler@62b99edf: Request not found, ignoring reply: 37fb6585-bd86-49e3-96c6-47308e6afbcf<-dd40d4a5-aa3f-4ebf-9cec-f561545fceec#30:OK,SUCCESS,nextIndex:2,term:1,followerCommit:0
2019-08-29 08:47:30,892 [grpc-default-executor-1] WARN  server.GrpcLogAppender (GrpcLogAppender.java:onNextImpl(250)) - org.apache.ratis.grpc.server.GrpcLogAppender$AppendLogResponseHandler@63ad8727: Request not found, ignoring reply: 37fb6585-bd86-49e3-96c6-47308e6afbcf<-d92499b0-1b7f-4387-8ba6-ffcf7cff46e6#31:OK,SUCCESS,nextIndex:2,term:1,followerCommit:0
2019-08-29 08:47:30,892 [grpc-default-executor-4] WARN  server.GrpcLogAppender (GrpcLogAppender.java:onNextImpl(250)) - org.apache.ratis.grpc.server.GrpcLogAppender$AppendLogResponseHandler@62b99edf: Request not found, ignoring reply: 37fb6585-bd86-49e3-96c6-47308e6afbcf<-dd40d4a5-aa3f-4ebf-9cec-f561545fceec#31:OK,SUCCESS,nextIndex:2,term:1,followerCommit:0
2019-08-29 08:47:30,893 [grpc-default-executor-1] WARN  server.GrpcLogAppender (GrpcLogAppender.java:onNextImpl(250)) - org.apache.ratis.grpc.server.GrpcLogAppender$AppendLogResponseHandler@63ad8727: Request not found, ignoring reply: 37fb6585-bd86-49e3-96c6-47308e6afbcf<-d92499b0-1b7f-4387-8ba6-ffcf7cff46e6#32:OK,SUCCESS,nextIndex:2,term:1,followerCommit:0
2019-08-29 08:47:30,893 [grpc-default-executor-4] WARN  server.GrpcLogAppender (GrpcLogAppender.java:onNextImpl(250)) - org.apache.ratis.grpc.server.GrpcLogAppender$AppendLogResponseHandler@62b99edf: Request not found, ignoring reply: 37fb6585-bd86-49e3-96c6-47308e6afbcf<-dd40d4a5-aa3f-4ebf-9cec-f561545fceec#32:OK,SUCCESS,nextIndex:2,term:1,followerCommit:0
2019-08-29 08:47:30,893 [grpc-default-executor-1] WARN  server.GrpcLogAppender (GrpcLogAppender.java:onNextImpl(250)) - org.apache.ratis.grpc.server.GrpcLogAppender$AppendLogResponseHandler@63ad8727: Request not found, ignoring reply: 37fb6585-bd86-49e3-96c6-47308e6afbcf<-d92499b0-1b7f-4387-8ba6-ffcf7cff46e6#33:OK,SUCCESS,nextIndex:2,term:1,followerCommit:0
2019-08-29 08:47:30,893 [grpc-default-executor-4] WARN  server.GrpcLogAppender (GrpcLogAppender.java:onNextImpl(250)) - org.apache.ratis.grpc.server.GrpcLogAppender$AppendLogResponseHandler@62b99edf: Request not found, ignoring reply: 37fb6585-bd86-49e3-96c6-47308e6afbcf<-dd40d4a5-aa3f-4ebf-9cec-f561545fceec#33:OK,SUCCESS,nextIndex:2,term:1,followerCommit:0
2019-08-29 08:47:30,893 [grpc-default-executor-1] WARN  server.GrpcLogAppender (GrpcLogAppender.java:onNextImpl(250)) - org.apache.ratis.grpc.server.GrpcLogAppender$AppendLogResponseHandler@63ad8727: Request not found, ignoring reply: 37fb6585-bd86-49e3-96c6-47308e6afbcf<-d92499b0-1b7f-4387-8ba6-ffcf7cff46e6#34:OK,SUCCESS,nextIndex:2,term:1,followerCommit:0
2019-08-29 08:47:30,893 [grpc-default-executor-4] WARN  server.GrpcLogAppender (GrpcLogAppender.java:onNextImpl(250)) - org.apache.ratis.grpc.server.GrpcLogAppender$AppendLogResponseHandler@62b99edf: Request not found, ignoring reply: 37fb6585-bd86-49e3-96c6-47308e6afbcf<-dd40d4a5-aa3f-4ebf-9cec-f561545fceec#34:OK,SUCCESS,nextIndex:2,term:1,followerCommit:0
2019-08-29 08:47:30,897 | INFO  | DNAudit | user=null | ip=null | op=WRITE_CHUNK {blockData=conID: 2 locID: 102699396711448577 bcsId: 0} | ret=SUCCESS |  
2019-08-29 08:47:30,909 | INFO  | DNAudit | user=null | ip=null | op=WRITE_CHUNK {blockData=conID: 2 locID: 102699396711448577 bcsId: 0} | ret=SUCCESS |  
2019-08-29 08:47:30,918 | INFO  | DNAudit | user=null | ip=null | op=WRITE_CHUNK {blockData=conID: 2 locID: 102699396711448577 bcsId: 0} | ret=SUCCESS |  
2019-08-29 08:47:30,963 | INFO  | SCMAudit | user=jenkins1000 | ip=192.168.5.176 | op=SEND_HEARTBEAT {datanodeUUID=4372d764-1931-406f-887c-7b5d1b7ac3a6, command=[]} | ret=SUCCESS |  
2019-08-29 08:47:30,963 | INFO  | SCMAudit | user=jenkins1000 | ip=192.168.5.176 | op=SEND_HEARTBEAT {datanodeUUID=823a7cbe-9ef5-429c-8255-e9ac46ec72ba, command=[]} | ret=SUCCESS |  
2019-08-29 08:47:30,964 | INFO  | SCMAudit | user=jenkins1000 | ip=192.168.5.176 | op=SEND_HEARTBEAT {datanodeUUID=62127296-10ba-4bda-9b01-f27ba8bd8737, command=[]} | ret=SUCCESS |  
2019-08-29 08:47:30,964 | INFO  | SCMAudit | user=jenkins1000 | ip=192.168.5.176 | op=SEND_HEARTBEAT {datanodeUUID=d2610440-16a5-46aa-8011-5e9b2b98e89e, command=[]} | ret=SUCCESS |  
2019-08-29 08:47:31,128 [grpc-default-executor-4] INFO  client.GrpcClientProtocolClient (GrpcClientProtocolClient.java:onNext(255)) - client-21EB4B3CAB3F->dd40d4a5-aa3f-4ebf-9cec-f561545fceec: receive RaftClientReply:client-21EB4B3CAB3F->dd40d4a5-aa3f-4ebf-9cec-f561545fceec@group-99B3E677189C, cid=23, FAILED org.apache.ratis.protocol.NotLeaderException: Server dd40d4a5-aa3f-4ebf-9cec-f561545fceec is not the leader (37fb6585-bd86-49e3-96c6-47308e6afbcf:192.168.5.176:35563). Request must be sent to leader., logIndex=0, commits[dd40d4a5-aa3f-4ebf-9cec-f561545fceec:c1, 37fb6585-bd86-49e3-96c6-47308e6afbcf:c1, d92499b0-1b7f-4387-8ba6-ffcf7cff46e6:c0]
2019-08-29 08:47:31,149 [grpc-default-executor-4] INFO  client.GrpcClientProtocolClient (GrpcClientProtocolClient.java:onNext(255)) - client-21EB4B3CAB3F->37fb6585-bd86-49e3-96c6-47308e6afbcf: receive RaftClientReply:client-21EB4B3CAB3F->37fb6585-bd86-49e3-96c6-47308e6afbcf@group-99B3E677189C, cid=23, SUCCESS, logIndex=1, commits[37fb6585-bd86-49e3-96c6-47308e6afbcf:c1, dd40d4a5-aa3f-4ebf-9cec-f561545fceec:c0, d92499b0-1b7f-4387-8ba6-ffcf7cff46e6:c0]
2019-08-29 08:47:31,169 | INFO  | DNAudit | user=null | ip=null | op=WRITE_CHUNK {blockData=conID: 2 locID: 102699396711448577 bcsId: 0} | ret=SUCCESS |  
2019-08-29 08:47:31,183 | INFO  | DNAudit | user=null | ip=null | op=WRITE_CHUNK {blockData=conID: 2 locID: 102699396711448577 bcsId: 0} | ret=SUCCESS |  
2019-08-29 08:47:31,183 | INFO  | DNAudit | user=null | ip=null | op=WRITE_CHUNK {blockData=conID: 2 locID: 102699396711448577 bcsId: 0} | ret=SUCCESS |  
2019-08-29 08:47:31,290 | INFO  | SCMAudit | user=jenkins1000 | ip=192.168.5.176 | op=SEND_HEARTBEAT {datanodeUUID=2256733f-555b-4f0d-8703-18eb36ab43de, command=[]} | ret=SUCCESS |  
2019-08-29 08:47:31,317 | INFO  | DNAudit | user=null | ip=null | op=PUT_BLOCK {blockData=[blockId=conID: 2 locID: 102699396711448577 bcsId: 0,size=1048576]} | ret=SUCCESS |  
2019-08-29 08:47:31,327 [grpc-default-executor-1] INFO  client.GrpcClientProtocolClient (GrpcClientProtocolClient.java:onNext(255)) - client-21EB4B3CAB3F->37fb6585-bd86-49e3-96c6-47308e6afbcf: receive RaftClientReply:client-21EB4B3CAB3F->37fb6585-bd86-49e3-96c6-47308e6afbcf@group-99B3E677189C, cid=24, SUCCESS, logIndex=3, commits[37fb6585-bd86-49e3-96c6-47308e6afbcf:c8, dd40d4a5-aa3f-4ebf-9cec-f561545fceec:c6, d92499b0-1b7f-4387-8ba6-ffcf7cff46e6:c6]
2019-08-29 08:47:31,340 | INFO  | DNAudit | user=null | ip=null | op=WRITE_CHUNK {blockData=conID: 2 locID: 102699396711448577 bcsId: 0} | ret=SUCCESS |  
2019-08-29 08:47:31,342 [grpc-default-executor-1] INFO  client.GrpcClientProtocolClient (GrpcClientProtocolClient.java:onNext(255)) - client-21EB4B3CAB3F->37fb6585-bd86-49e3-96c6-47308e6afbcf: receive RaftClientReply:client-21EB4B3CAB3F->37fb6585-bd86-49e3-96c6-47308e6afbcf@group-99B3E677189C, cid=25, SUCCESS, logIndex=4, commits[37fb6585-bd86-49e3-96c6-47308e6afbcf:c8, dd40d4a5-aa3f-4ebf-9cec-f561545fceec:c6, d92499b0-1b7f-4387-8ba6-ffcf7cff46e6:c6]
2019-08-29 08:47:31,356 | INFO  | SCMAudit | user=jenkins1000 | ip=192.168.5.176 | op=SEND_HEARTBEAT {datanodeUUID=3a39fbaa-14da-4624-bf1d-aa1db02e0173, command=[]} | ret=SUCCESS |  
2019-08-29 08:47:31,382 | INFO  | DNAudit | user=null | ip=null | op=PUT_BLOCK {blockData=[blockId=conID: 2 locID: 102699396711448577 bcsId: 0,size=1048576]} | ret=SUCCESS |  
2019-08-29 08:47:31,383 | INFO  | DNAudit | user=null | ip=null | op=WRITE_CHUNK {blockData=conID: 2 locID: 102699396711448577 bcsId: 0} | ret=SUCCESS |  
2019-08-29 08:47:31,468 | INFO  | DNAudit | user=null | ip=null | op=PUT_BLOCK {blockData=[blockId=conID: 2 locID: 102699396711448577 bcsId: 0,size=2097152]} | ret=SUCCESS |  
2019-08-29 08:47:31,468 | INFO  | DNAudit | user=null | ip=null | op=PUT_BLOCK {blockData=[blockId=conID: 2 locID: 102699396711448577 bcsId: 0,size=2097152]} | ret=SUCCESS |  
2019-08-29 08:47:31,471 [grpc-default-executor-1] INFO  client.GrpcClientProtocolClient (GrpcClientProtocolClient.java:onNext(255)) - client-21EB4B3CAB3F->37fb6585-bd86-49e3-96c6-47308e6afbcf: receive RaftClientReply:client-21EB4B3CAB3F->37fb6585-bd86-49e3-96c6-47308e6afbcf@group-99B3E677189C, cid=26, SUCCESS, logIndex=5, commits[37fb6585-bd86-49e3-96c6-47308e6afbcf:c8, dd40d4a5-aa3f-4ebf-9cec-f561545fceec:c6, d92499b0-1b7f-4387-8ba6-ffcf7cff46e6:c6]
2019-08-29 08:47:31,482 | INFO  | DNAudit | user=null | ip=null | op=PUT_BLOCK {blockData=[blockId=conID: 2 locID: 102699396711448577 bcsId: 0,size=1048576]} | ret=SUCCESS |  
2019-08-29 08:47:31,483 | INFO  | DNAudit | user=null | ip=null | op=WRITE_CHUNK {blockData=conID: 2 locID: 102699396711448577 bcsId: 0} | ret=SUCCESS |  
2019-08-29 08:47:31,487 | INFO  | DNAudit | user=null | ip=null | op=PUT_BLOCK {blockData=[blockId=conID: 2 locID: 102699396711448577 bcsId: 0,size=2097152]} | ret=SUCCESS |  
2019-08-29 08:47:31,496 | INFO  | DNAudit | user=null | ip=null | op=WRITE_CHUNK {blockData=conID: 2 locID: 102699396711448577 bcsId: 5} | ret=SUCCESS |  
2019-08-29 08:47:31,501 | INFO  | DNAudit | user=null | ip=null | op=WRITE_CHUNK {blockData=conID: 2 locID: 102699396711448577 bcsId: 5} | ret=SUCCESS |  
2019-08-29 08:47:31,501 | INFO  | DNAudit | user=null | ip=null | op=WRITE_CHUNK {blockData=conID: 2 locID: 102699396711448577 bcsId: 5} | ret=SUCCESS |  
2019-08-29 08:47:31,503 | INFO  | DNAudit | user=null | ip=null | op=WRITE_CHUNK {blockData=conID: 2 locID: 102699396711448577 bcsId: 5} | ret=SUCCESS |  
2019-08-29 08:47:31,511 | INFO  | DNAudit | user=null | ip=null | op=WRITE_CHUNK {blockData=conID: 2 locID: 102699396711448577 bcsId: 5} | ret=SUCCESS |  
2019-08-29 08:47:31,512 | INFO  | DNAudit | user=null | ip=null | op=WRITE_CHUNK {blockData=conID: 2 locID: 102699396711448577 bcsId: 5} | ret=SUCCESS |  
2019-08-29 08:47:31,512 | INFO  | DNAudit | user=null | ip=null | op=WRITE_CHUNK {blockData=conID: 2 locID: 102699396711448577 bcsId: 5} | ret=SUCCESS |  
2019-08-29 08:47:31,520 | INFO  | DNAudit | user=null | ip=null | op=PUT_BLOCK {blockData=[blockId=conID: 2 locID: 102699396711448577 bcsId: 0,size=3145728]} | ret=SUCCESS |  
2019-08-29 08:47:31,520 [grpc-default-executor-3] INFO  client.GrpcClientProtocolClient (GrpcClientProtocolClient.java:onNext(255)) - client-21EB4B3CAB3F->37fb6585-bd86-49e3-96c6-47308e6afbcf: receive RaftClientReply:client-21EB4B3CAB3F->37fb6585-bd86-49e3-96c6-47308e6afbcf@group-99B3E677189C, cid=27, SUCCESS, logIndex=9, commits[37fb6585-bd86-49e3-96c6-47308e6afbcf:c10, dd40d4a5-aa3f-4ebf-9cec-f561545fceec:c8, d92499b0-1b7f-4387-8ba6-ffcf7cff46e6:c8]
2019-08-29 08:47:31,521 [grpc-default-executor-3] INFO  client.GrpcClientProtocolClient (GrpcClientProtocolClient.java:onNext(255)) - client-21EB4B3CAB3F->37fb6585-bd86-49e3-96c6-47308e6afbcf: receive RaftClientReply:client-21EB4B3CAB3F->37fb6585-bd86-49e3-96c6-47308e6afbcf@group-99B3E677189C, cid=28, SUCCESS, logIndex=10, commits[37fb6585-bd86-49e3-96c6-47308e6afbcf:c10, dd40d4a5-aa3f-4ebf-9cec-f561545fceec:c8, d92499b0-1b7f-4387-8ba6-ffcf7cff46e6:c8]
2019-08-29 08:47:31,523 | INFO  | DNAudit | user=null | ip=null | op=WRITE_CHUNK {blockData=conID: 2 locID: 102699396711448577 bcsId: 5} | ret=SUCCESS |  
2019-08-29 08:47:31,527 | INFO  | DNAudit | user=null | ip=null | op=PUT_BLOCK {blockData=[blockId=conID: 2 locID: 102699396711448577 bcsId: 0,size=4194304]} | ret=SUCCESS |  
2019-08-29 08:47:31,528 | INFO  | DNAudit | user=null | ip=null | op=WRITE_CHUNK {blockData=conID: 2 locID: 102699396711448577 bcsId: 5} | ret=SUCCESS |  
2019-08-29 08:47:31,541 [grpc-default-executor-1] INFO  client.GrpcClientProtocolClient (GrpcClientProtocolClient.java:onNext(255)) - client-21EB4B3CAB3F->37fb6585-bd86-49e3-96c6-47308e6afbcf: receive RaftClientReply:client-21EB4B3CAB3F->37fb6585-bd86-49e3-96c6-47308e6afbcf@group-99B3E677189C, cid=29, SUCCESS, logIndex=11, commits[37fb6585-bd86-49e3-96c6-47308e6afbcf:c12, dd40d4a5-aa3f-4ebf-9cec-f561545fceec:c8, d92499b0-1b7f-4387-8ba6-ffcf7cff46e6:c8]
2019-08-29 08:47:31,541 | INFO  | DNAudit | user=null | ip=null | op=PUT_BLOCK {blockData=[blockId=conID: 2 locID: 102699396711448577 bcsId: 0,size=3145728]} | ret=SUCCESS |  
2019-08-29 08:47:31,541 | INFO  | DNAudit | user=null | ip=null | op=WRITE_CHUNK {blockData=conID: 2 locID: 102699396711448577 bcsId: 5} | ret=SUCCESS |  
2019-08-29 08:47:31,553 [grpc-default-executor-1] INFO  client.GrpcClientProtocolClient (GrpcClientProtocolClient.java:onNext(255)) - client-21EB4B3CAB3F->37fb6585-bd86-49e3-96c6-47308e6afbcf: receive RaftClientReply:client-21EB4B3CAB3F->37fb6585-bd86-49e3-96c6-47308e6afbcf@group-99B3E677189C, cid=30, SUCCESS, logIndex=12, commits[37fb6585-bd86-49e3-96c6-47308e6afbcf:c12, dd40d4a5-aa3f-4ebf-9cec-f561545fceec:c8, d92499b0-1b7f-4387-8ba6-ffcf7cff46e6:c8]
2019-08-29 08:47:31,553 | INFO  | DNAudit | user=null | ip=null | op=PUT_BLOCK {blockData=[blockId=conID: 2 locID: 102699396711448577 bcsId: 0,size=3145728]} | ret=SUCCESS |  
2019-08-29 08:47:31,554 | INFO  | DNAudit | user=null | ip=null | op=WRITE_CHUNK {blockData=conID: 2 locID: 102699396711448577 bcsId: 5} | ret=SUCCESS |  
2019-08-29 08:47:31,557 | INFO  | DNAudit | user=null | ip=null | op=PUT_BLOCK {blockData=[blockId=conID: 2 locID: 102699396711448577 bcsId: 0,size=4194304]} | ret=SUCCESS |  
2019-08-29 08:47:31,561 | INFO  | DNAudit | user=null | ip=null | op=WRITE_CHUNK {blockData=conID: 2 locID: 102699396711448577 bcsId: 5} | ret=SUCCESS |  
2019-08-29 08:47:31,565 | INFO  | DNAudit | user=null | ip=null | op=PUT_BLOCK {blockData=[blockId=conID: 2 locID: 102699396711448577 bcsId: 0,size=4194304]} | ret=SUCCESS |  
2019-08-29 08:47:31,572 | INFO  | SCMAudit | user=jenkins1000 | ip=192.168.5.176 | op=SEND_HEARTBEAT {datanodeUUID=f03f170c-33d9-4b6f-9b91-57603dd43a1e, command=[]} | ret=SUCCESS |  
2019-08-29 08:47:31,576 [grpc-default-executor-1] INFO  client.GrpcClientProtocolClient (GrpcClientProtocolClient.java:onNext(255)) - client-21EB4B3CAB3F->37fb6585-bd86-49e3-96c6-47308e6afbcf: receive RaftClientReply:client-21EB4B3CAB3F->37fb6585-bd86-49e3-96c6-47308e6afbcf@group-99B3E677189C, cid=31, SUCCESS, logIndex=0, commits[37fb6585-bd86-49e3-96c6-47308e6afbcf:c16, dd40d4a5-aa3f-4ebf-9cec-f561545fceec:c12, d92499b0-1b7f-4387-8ba6-ffcf7cff46e6:c12]
2019-08-29 08:47:31,582 [grpc-default-executor-1] INFO  client.GrpcClientProtocolClient (GrpcClientProtocolClient.java:onNext(255)) - client-21EB4B3CAB3F->37fb6585-bd86-49e3-96c6-47308e6afbcf: receive RaftClientReply:client-21EB4B3CAB3F->37fb6585-bd86-49e3-96c6-47308e6afbcf@group-99B3E677189C, cid=32, SUCCESS, logIndex=0, commits[37fb6585-bd86-49e3-96c6-47308e6afbcf:c16, dd40d4a5-aa3f-4ebf-9cec-f561545fceec:c12, d92499b0-1b7f-4387-8ba6-ffcf7cff46e6:c12]
2019-08-29 08:47:31,604 [main] INFO  ozone.MiniOzoneClusterImpl (MiniOzoneClusterImpl.java:shutdown(307)) - Shutting down the Mini Ozone Cluster
2019-08-29 08:47:31,604 | INFO  | SCMAudit | user=null | ip=null | op=GET_SCM_INFO null | ret=SUCCESS |  
2019-08-29 08:47:31,605 [main] INFO  ozone.MiniOzoneClusterImpl (MiniOzoneClusterImpl.java:stop(322)) - Stopping the Mini Ozone Cluster
2019-08-29 08:47:31,605 [main] INFO  ozone.MiniOzoneClusterImpl (MiniOzoneClusterImpl.java:stop(324)) - Stopping the OzoneManager
2019-08-29 08:47:31,605 [main] INFO  ipc.Server (Server.java:stop(3082)) - Stopping server on 44627
2019-08-29 08:47:31,617 [IPC Server listener on 44627] INFO  ipc.Server (Server.java:run(1185)) - Stopping IPC Server listener on 44627
2019-08-29 08:47:31,617 [main] INFO  ratis.OzoneManagerDoubleBuffer (OzoneManagerDoubleBuffer.java:stop(248)) - Stopping OMDoubleBuffer flush thread
2019-08-29 08:47:31,619 [IPC Server Responder] INFO  ipc.Server (Server.java:run(1319)) - Stopping IPC Server Responder
2019-08-29 08:47:31,622 [OMDoubleBufferFlushThread] INFO  ratis.OzoneManagerDoubleBuffer (OzoneManagerDoubleBuffer.java:flushTransactions(191)) - OMDoubleBuffer flush thread OMDoubleBufferFlushThread is interrupted and will exit. OMDoubleBufferFlushThread
2019-08-29 08:47:31,632 [main] INFO  utils.BackgroundService (BackgroundService.java:shutdown(148)) - Shutting down service KeyDeletingService
2019-08-29 08:47:31,637 [grpc-default-executor-4] INFO  client.GrpcClientProtocolClient (GrpcClientProtocolClient.java:onNext(255)) - client-BBD688338DE3->3a39fbaa-14da-4624-bf1d-aa1db02e0173: receive RaftClientReply:client-BBD688338DE3->3a39fbaa-14da-4624-bf1d-aa1db02e0173@group-CDBD8F166C83, cid=33, FAILED org.apache.ratis.protocol.NotLeaderException: Server 3a39fbaa-14da-4624-bf1d-aa1db02e0173 is not the leader (null). Request must be sent to leader., logIndex=0, commits[3a39fbaa-14da-4624-bf1d-aa1db02e0173:c-1]
2019-08-29 08:47:31,645 [main] INFO  handler.ContextHandler (ContextHandler.java:doStop(910)) - Stopped o.e.j.w.WebAppContext@60e5272{/,null,UNAVAILABLE}{/ozoneManager}
2019-08-29 08:47:31,652 [main] INFO  server.AbstractConnector (AbstractConnector.java:doStop(318)) - Stopped ServerConnector@7d755813{HTTP/1.1,[http/1.1]}{0.0.0.0:0}
2019-08-29 08:47:31,652 [main] INFO  handler.ContextHandler (ContextHandler.java:doStop(910)) - Stopped o.e.j.s.ServletContextHandler@4d74c3ba{/static,file:///workdir/hadoop-ozone/integration-test/target/test-classes/webapps/static,UNAVAILABLE}
2019-08-29 08:47:31,653 [main] INFO  handler.ContextHandler (ContextHandler.java:doStop(910)) - Stopped o.e.j.s.ServletContextHandler@7fab4be7{/logs,file:///workdir/hadoop-ozone/integration-test/target/log,UNAVAILABLE}
2019-08-29 08:47:31,657 [main] INFO  ozone.MiniOzoneClusterImpl (MiniOzoneClusterImpl.java:stop(330)) - Shutting the HddsDatanodes
2019-08-29 08:47:31,805 [Thread-568] INFO  impl.FollowerState (FollowerState.java:run(106)) - 62127296-10ba-4bda-9b01-f27ba8bd8737:group-0E98D55737AE changes to CANDIDATE, lastRpcTime:1061, electionTimeout:1061ms
2019-08-29 08:47:31,805 [Thread-568] INFO  impl.RoleInfo (RoleInfo.java:shutdownFollowerState(121)) - 62127296-10ba-4bda-9b01-f27ba8bd8737: shutdown FollowerState
2019-08-29 08:47:31,805 [Thread-568] INFO  impl.RaftServerImpl (RaftServerImpl.java:setRole(171)) - 62127296-10ba-4bda-9b01-f27ba8bd8737:group-0E98D55737AE changes role from FOLLOWER to CANDIDATE at term 3 for changeToCandidate
2019-08-29 08:47:31,806 [Thread-568] INFO  impl.RoleInfo (RoleInfo.java:updateAndGet(143)) - 62127296-10ba-4bda-9b01-f27ba8bd8737: start LeaderElection
2019-08-29 08:47:31,809 [Thread-565] INFO  impl.FollowerState (FollowerState.java:run(106)) - 823a7cbe-9ef5-429c-8255-e9ac46ec72ba:group-CDBD8F166C83 changes to CANDIDATE, lastRpcTime:1071, electionTimeout:1068ms
2019-08-29 08:47:31,809 [Thread-567] INFO  impl.FollowerState (FollowerState.java:run(106)) - 3a39fbaa-14da-4624-bf1d-aa1db02e0173:group-CDBD8F166C83 changes to CANDIDATE, lastRpcTime:1065, electionTimeout:1065ms
2019-08-29 08:47:31,809 [Thread-567] INFO  impl.RoleInfo (RoleInfo.java:shutdownFollowerState(121)) - 3a39fbaa-14da-4624-bf1d-aa1db02e0173: shutdown FollowerState
2019-08-29 08:47:31,809 [Thread-565] INFO  impl.RoleInfo (RoleInfo.java:shutdownFollowerState(121)) - 823a7cbe-9ef5-429c-8255-e9ac46ec72ba: shutdown FollowerState
2019-08-29 08:47:31,809 [Thread-567] INFO  impl.RaftServerImpl (RaftServerImpl.java:setRole(171)) - 3a39fbaa-14da-4624-bf1d-aa1db02e0173:group-CDBD8F166C83 changes role from FOLLOWER to CANDIDATE at term 3 for changeToCandidate
2019-08-29 08:47:31,809 [Thread-565] INFO  impl.RaftServerImpl (RaftServerImpl.java:setRole(171)) - 823a7cbe-9ef5-429c-8255-e9ac46ec72ba:group-CDBD8F166C83 changes role from FOLLOWER to CANDIDATE at term 3 for changeToCandidate
2019-08-29 08:47:31,810 [Thread-567] INFO  impl.RoleInfo (RoleInfo.java:updateAndGet(143)) - 3a39fbaa-14da-4624-bf1d-aa1db02e0173: start LeaderElection
2019-08-29 08:47:31,810 [Thread-565] INFO  impl.RoleInfo (RoleInfo.java:updateAndGet(143)) - 823a7cbe-9ef5-429c-8255-e9ac46ec72ba: start LeaderElection
2019-08-29 08:47:31,813 [62127296-10ba-4bda-9b01-f27ba8bd8737:group-0E98D55737AE:LeaderElection30] INFO  impl.LeaderElection (LeaderElection.java:askForVotes(181)) - 62127296-10ba-4bda-9b01-f27ba8bd8737:group-0E98D55737AE:LeaderElection30: begin an election at term 4 for -1: [4372d764-1931-406f-887c-7b5d1b7ac3a6:192.168.5.176:40296, 62127296-10ba-4bda-9b01-f27ba8bd8737:192.168.5.176:45010, d2610440-16a5-46aa-8011-5e9b2b98e89e:192.168.5.176:44963], old=null
2019-08-29 08:47:31,813 [Thread-569] INFO  impl.FollowerState (FollowerState.java:run(106)) - 4372d764-1931-406f-887c-7b5d1b7ac3a6:group-0E98D55737AE changes to CANDIDATE, lastRpcTime:1068, electionTimeout:1066ms
2019-08-29 08:47:31,813 [Thread-564] INFO  impl.FollowerState (FollowerState.java:run(106)) - 2256733f-555b-4f0d-8703-18eb36ab43de:group-CDBD8F166C83 changes to CANDIDATE, lastRpcTime:1075, electionTimeout:1073ms
2019-08-29 08:47:31,816 [Thread-569] INFO  impl.RoleInfo (RoleInfo.java:shutdownFollowerState(121)) - 4372d764-1931-406f-887c-7b5d1b7ac3a6: shutdown FollowerState
2019-08-29 08:47:31,816 [Thread-564] INFO  impl.RoleInfo (RoleInfo.java:shutdownFollowerState(121)) - 2256733f-555b-4f0d-8703-18eb36ab43de: shutdown FollowerState
2019-08-29 08:47:31,816 [Thread-569] INFO  impl.RaftServerImpl (RaftServerImpl.java:setRole(171)) - 4372d764-1931-406f-887c-7b5d1b7ac3a6:group-0E98D55737AE changes role from FOLLOWER to CANDIDATE at term 3 for changeToCandidate
2019-08-29 08:47:31,816 [Thread-564] INFO  impl.RaftServerImpl (RaftServerImpl.java:setRole(171)) - 2256733f-555b-4f0d-8703-18eb36ab43de:group-CDBD8F166C83 changes role from FOLLOWER to CANDIDATE at term 3 for changeToCandidate
2019-08-29 08:47:31,816 [Thread-569] INFO  impl.RoleInfo (RoleInfo.java:updateAndGet(143)) - 4372d764-1931-406f-887c-7b5d1b7ac3a6: start LeaderElection
2019-08-29 08:47:31,816 [Thread-564] INFO  impl.RoleInfo (RoleInfo.java:updateAndGet(143)) - 2256733f-555b-4f0d-8703-18eb36ab43de: start LeaderElection
2019-08-29 08:47:31,823 [grpc-default-executor-1] INFO  impl.RaftServerImpl (RaftServerImpl.java:setRole(171)) - d2610440-16a5-46aa-8011-5e9b2b98e89e:group-0E98D55737AE changes role from FOLLOWER to FOLLOWER at term 4 for recognizeCandidate:62127296-10ba-4bda-9b01-f27ba8bd8737
2019-08-29 08:47:31,823 [grpc-default-executor-1] INFO  impl.RoleInfo (RoleInfo.java:shutdownFollowerState(121)) - d2610440-16a5-46aa-8011-5e9b2b98e89e: shutdown FollowerState
2019-08-29 08:47:31,823 [grpc-default-executor-1] INFO  impl.RoleInfo (RoleInfo.java:updateAndGet(143)) - d2610440-16a5-46aa-8011-5e9b2b98e89e: start FollowerState
2019-08-29 08:47:31,823 [Thread-566] INFO  impl.FollowerState (FollowerState.java:run(114)) - d2610440-16a5-46aa-8011-5e9b2b98e89e: FollowerState was interrupted: java.lang.InterruptedException: sleep interrupted
2019-08-29 08:47:31,830 | INFO  | SCMAudit | user=jenkins1000 | ip=192.168.5.176 | op=SEND_HEARTBEAT {datanodeUUID=dd40d4a5-aa3f-4ebf-9cec-f561545fceec, command=[]} | ret=SUCCESS |  
2019-08-29 08:47:31,830 | INFO  | SCMAudit | user=jenkins1000 | ip=192.168.5.176 | op=SEND_HEARTBEAT {datanodeUUID=37fb6585-bd86-49e3-96c6-47308e6afbcf, command=[]} | ret=SUCCESS |  
2019-08-29 08:47:31,830 | INFO  | SCMAudit | user=jenkins1000 | ip=192.168.5.176 | op=SEND_HEARTBEAT {datanodeUUID=d92499b0-1b7f-4387-8ba6-ffcf7cff46e6, command=[]} | ret=SUCCESS |  
2019-08-29 08:47:31,839 [3a39fbaa-14da-4624-bf1d-aa1db02e0173:group-CDBD8F166C83:LeaderElection31] INFO  impl.LeaderElection (LeaderElection.java:askForVotes(181)) - 3a39fbaa-14da-4624-bf1d-aa1db02e0173:group-CDBD8F166C83:LeaderElection31: begin an election at term 4 for -1: [2256733f-555b-4f0d-8703-18eb36ab43de:192.168.5.176:35960, 3a39fbaa-14da-4624-bf1d-aa1db02e0173:192.168.5.176:34585, 823a7cbe-9ef5-429c-8255-e9ac46ec72ba:192.168.5.176:37287], old=null
2019-08-29 08:47:31,839 [823a7cbe-9ef5-429c-8255-e9ac46ec72ba:group-CDBD8F166C83:LeaderElection32] INFO  impl.LeaderElection (LeaderElection.java:askForVotes(181)) - 823a7cbe-9ef5-429c-8255-e9ac46ec72ba:group-CDBD8F166C83:LeaderElection32: begin an election at term 4 for -1: [2256733f-555b-4f0d-8703-18eb36ab43de:192.168.5.176:35960, 3a39fbaa-14da-4624-bf1d-aa1db02e0173:192.168.5.176:34585, 823a7cbe-9ef5-429c-8255-e9ac46ec72ba:192.168.5.176:37287], old=null
2019-08-29 08:47:31,842 [4372d764-1931-406f-887c-7b5d1b7ac3a6:group-0E98D55737AE:LeaderElection33] INFO  impl.LeaderElection (LeaderElection.java:askForVotes(181)) - 4372d764-1931-406f-887c-7b5d1b7ac3a6:group-0E98D55737AE:LeaderElection33: begin an election at term 4 for -1: [4372d764-1931-406f-887c-7b5d1b7ac3a6:192.168.5.176:40296, 62127296-10ba-4bda-9b01-f27ba8bd8737:192.168.5.176:45010, d2610440-16a5-46aa-8011-5e9b2b98e89e:192.168.5.176:44963], old=null
2019-08-29 08:47:31,842 [2256733f-555b-4f0d-8703-18eb36ab43de:group-CDBD8F166C83:LeaderElection34] INFO  impl.LeaderElection (LeaderElection.java:askForVotes(181)) - 2256733f-555b-4f0d-8703-18eb36ab43de:group-CDBD8F166C83:LeaderElection34: begin an election at term 4 for -1: [2256733f-555b-4f0d-8703-18eb36ab43de:192.168.5.176:35960, 3a39fbaa-14da-4624-bf1d-aa1db02e0173:192.168.5.176:34585, 823a7cbe-9ef5-429c-8255-e9ac46ec72ba:192.168.5.176:37287], old=null
2019-08-29 08:47:31,843 [62127296-10ba-4bda-9b01-f27ba8bd8737:group-0E98D55737AE:LeaderElection30] INFO  impl.LeaderElection (LeaderElection.java:logAndReturn(56)) - 62127296-10ba-4bda-9b01-f27ba8bd8737:group-0E98D55737AE:LeaderElection30: Election PASSED; received 1 response(s) [62127296-10ba-4bda-9b01-f27ba8bd8737<-d2610440-16a5-46aa-8011-5e9b2b98e89e#0:OK-t4] and 0 exception(s); 62127296-10ba-4bda-9b01-f27ba8bd8737:t4, leader=null, voted=62127296-10ba-4bda-9b01-f27ba8bd8737, raftlog=62127296-10ba-4bda-9b01-f27ba8bd8737-SegmentedRaftLog:OPENED:c-1,f-1,i0, conf=-1: [4372d764-1931-406f-887c-7b5d1b7ac3a6:192.168.5.176:40296, 62127296-10ba-4bda-9b01-f27ba8bd8737:192.168.5.176:45010, d2610440-16a5-46aa-8011-5e9b2b98e89e:192.168.5.176:44963], old=null
2019-08-29 08:47:31,843 [62127296-10ba-4bda-9b01-f27ba8bd8737:group-0E98D55737AE:LeaderElection30] INFO  impl.RoleInfo (RoleInfo.java:shutdownLeaderElection(134)) - 62127296-10ba-4bda-9b01-f27ba8bd8737: shutdown LeaderElection
2019-08-29 08:47:31,844 [62127296-10ba-4bda-9b01-f27ba8bd8737:group-0E98D55737AE:LeaderElection30] INFO  impl.RaftServerImpl (RaftServerImpl.java:setRole(171)) - 62127296-10ba-4bda-9b01-f27ba8bd8737:group-0E98D55737AE changes role from CANDIDATE to LEADER at term 4 for changeToLeader
2019-08-29 08:47:31,844 [62127296-10ba-4bda-9b01-f27ba8bd8737:group-0E98D55737AE:LeaderElection30] INFO  impl.RaftServerImpl (ServerState.java:setLeader(263)) - 62127296-10ba-4bda-9b01-f27ba8bd8737:group-0E98D55737AE change Leader from null to 62127296-10ba-4bda-9b01-f27ba8bd8737 at term 4 for becomeLeader, leader elected after 21838ms
2019-08-29 08:47:31,844 [823a7cbe-9ef5-429c-8255-e9ac46ec72ba:group-CDBD8F166C83:LeaderElection32] INFO  impl.LeaderElection (LeaderElection.java:logAndReturn(56)) - 823a7cbe-9ef5-429c-8255-e9ac46ec72ba:group-CDBD8F166C83:LeaderElection32: Election REJECTED; received 2 response(s) [823a7cbe-9ef5-429c-8255-e9ac46ec72ba<-2256733f-555b-4f0d-8703-18eb36ab43de#0:FAIL-t4, 823a7cbe-9ef5-429c-8255-e9ac46ec72ba<-3a39fbaa-14da-4624-bf1d-aa1db02e0173#0:FAIL-t4] and 0 exception(s); 823a7cbe-9ef5-429c-8255-e9ac46ec72ba:t4, leader=null, voted=823a7cbe-9ef5-429c-8255-e9ac46ec72ba, raftlog=823a7cbe-9ef5-429c-8255-e9ac46ec72ba-SegmentedRaftLog:OPENED:c-1,f-1,i0, conf=-1: [2256733f-555b-4f0d-8703-18eb36ab43de:192.168.5.176:35960, 3a39fbaa-14da-4624-bf1d-aa1db02e0173:192.168.5.176:34585, 823a7cbe-9ef5-429c-8255-e9ac46ec72ba:192.168.5.176:37287], old=null
2019-08-29 08:47:31,844 [62127296-10ba-4bda-9b01-f27ba8bd8737:group-0E98D55737AE:LeaderElection30] INFO  server.RaftServerConfigKeys (ConfUtils.java:logGet(43)) - raft.server.staging.catchup.gap = 1000 (default)
2019-08-29 08:47:31,844 [823a7cbe-9ef5-429c-8255-e9ac46ec72ba:group-CDBD8F166C83:LeaderElection32] INFO  impl.RaftServerImpl (RaftServerImpl.java:setRole(171)) - 823a7cbe-9ef5-429c-8255-e9ac46ec72ba:group-CDBD8F166C83 changes role from CANDIDATE to FOLLOWER at term 4 for DISCOVERED_A_NEW_TERM
2019-08-29 08:47:31,844 [62127296-10ba-4bda-9b01-f27ba8bd8737:group-0E98D55737AE:LeaderElection30] INFO  server.RaftServerConfigKeys (ConfUtils.java:logGet(43)) - raft.server.rpc.sleep.time = 25ms (default)
2019-08-29 08:47:31,844 [823a7cbe-9ef5-429c-8255-e9ac46ec72ba:group-CDBD8F166C83:LeaderElection32] INFO  impl.RoleInfo (RoleInfo.java:shutdownLeaderElection(134)) - 823a7cbe-9ef5-429c-8255-e9ac46ec72ba: shutdown LeaderElection
2019-08-29 08:47:31,845 [62127296-10ba-4bda-9b01-f27ba8bd8737:group-0E98D55737AE:LeaderElection30] INFO  server.RaftServerConfigKeys (ConfUtils.java:logGet(43)) - raft.server.write.element-limit = 4096 (default)
2019-08-29 08:47:31,845 [823a7cbe-9ef5-429c-8255-e9ac46ec72ba:group-CDBD8F166C83:LeaderElection32] INFO  impl.RoleInfo (RoleInfo.java:updateAndGet(143)) - 823a7cbe-9ef5-429c-8255-e9ac46ec72ba: start FollowerState
2019-08-29 08:47:31,845 [62127296-10ba-4bda-9b01-f27ba8bd8737:group-0E98D55737AE:LeaderElection30] INFO  server.RaftServerConfigKeys (ConfUtils.java:logGet(43)) - raft.server.watch.timeout = 10s (default)
2019-08-29 08:47:31,845 [62127296-10ba-4bda-9b01-f27ba8bd8737:group-0E98D55737AE:LeaderElection30] INFO  server.RaftServerConfigKeys (ConfUtils.java:logGet(43)) - raft.server.watch.timeout.denomination = 1s (default)
2019-08-29 08:47:31,845 [62127296-10ba-4bda-9b01-f27ba8bd8737:group-0E98D55737AE:LeaderElection30] INFO  server.RaftServerConfigKeys (ConfUtils.java:logGet(43)) - raft.server.watch.element-limit = 65536 (default)
2019-08-29 08:47:31,846 [62127296-10ba-4bda-9b01-f27ba8bd8737:group-0E98D55737AE:LeaderElection30] INFO  server.RaftServerConfigKeys (ConfUtils.java:logGet(43)) - raft.server.log.appender.snapshot.chunk.size.max = 16MB (=16777216) (default)
2019-08-29 08:47:31,846 [62127296-10ba-4bda-9b01-f27ba8bd8737:group-0E98D55737AE:LeaderElection30] INFO  server.RaftServerConfigKeys (ConfUtils.java:logGet(43)) - raft.server.log.appender.buffer.byte-limit = 33554432 (custom)
2019-08-29 08:47:31,846 [62127296-10ba-4bda-9b01-f27ba8bd8737:group-0E98D55737AE:LeaderElection30] INFO  server.RaftServerConfigKeys (ConfUtils.java:logGet(43)) - raft.server.log.appender.buffer.element-limit = 1 (custom)
2019-08-29 08:47:31,846 [3a39fbaa-14da-4624-bf1d-aa1db02e0173:group-CDBD8F166C83:LeaderElection31] INFO  impl.LeaderElection (LeaderElection.java:logAndReturn(56)) - 3a39fbaa-14da-4624-bf1d-aa1db02e0173:group-CDBD8F166C83:LeaderElection31: Election REJECTED; received 2 response(s) [3a39fbaa-14da-4624-bf1d-aa1db02e0173<-2256733f-555b-4f0d-8703-18eb36ab43de#0:FAIL-t4, 3a39fbaa-14da-4624-bf1d-aa1db02e0173<-823a7cbe-9ef5-429c-8255-e9ac46ec72ba#0:FAIL-t4] and 0 exception(s); 3a39fbaa-14da-4624-bf1d-aa1db02e0173:t4, leader=null, voted=3a39fbaa-14da-4624-bf1d-aa1db02e0173, raftlog=3a39fbaa-14da-4624-bf1d-aa1db02e0173-SegmentedRaftLog:OPENED:c-1,f-1,i0, conf=-1: [2256733f-555b-4f0d-8703-18eb36ab43de:192.168.5.176:35960, 3a39fbaa-14da-4624-bf1d-aa1db02e0173:192.168.5.176:34585, 823a7cbe-9ef5-429c-8255-e9ac46ec72ba:192.168.5.176:37287], old=null
2019-08-29 08:47:31,846 [62127296-10ba-4bda-9b01-f27ba8bd8737:group-0E98D55737AE:LeaderElection30] INFO  grpc.GrpcConfigKeys$Server (ConfUtils.java:logGet(43)) - raft.grpc.server.leader.outstanding.appends.max = 128 (default)
2019-08-29 08:47:31,849 [3a39fbaa-14da-4624-bf1d-aa1db02e0173:group-CDBD8F166C83:LeaderElection31] INFO  impl.RaftServerImpl (RaftServerImpl.java:setRole(171)) - 3a39fbaa-14da-4624-bf1d-aa1db02e0173:group-CDBD8F166C83 changes role from CANDIDATE to FOLLOWER at term 4 for DISCOVERED_A_NEW_TERM
2019-08-29 08:47:31,850 [2256733f-555b-4f0d-8703-18eb36ab43de:group-CDBD8F166C83:LeaderElection34] INFO  impl.LeaderElection (LeaderElection.java:logAndReturn(56)) - 2256733f-555b-4f0d-8703-18eb36ab43de:group-CDBD8F166C83:LeaderElection34: Election REJECTED; received 2 response(s) [2256733f-555b-4f0d-8703-18eb36ab43de<-3a39fbaa-14da-4624-bf1d-aa1db02e0173#0:FAIL-t4, 2256733f-555b-4f0d-8703-18eb36ab43de<-823a7cbe-9ef5-429c-8255-e9ac46ec72ba#0:FAIL-t4] and 0 exception(s); 2256733f-555b-4f0d-8703-18eb36ab43de:t4, leader=null, voted=2256733f-555b-4f0d-8703-18eb36ab43de, raftlog=2256733f-555b-4f0d-8703-18eb36ab43de-SegmentedRaftLog:OPENED:c-1,f-1,i0, conf=-1: [2256733f-555b-4f0d-8703-18eb36ab43de:192.168.5.176:35960, 3a39fbaa-14da-4624-bf1d-aa1db02e0173:192.168.5.176:34585, 823a7cbe-9ef5-429c-8255-e9ac46ec72ba:192.168.5.176:37287], old=null
2019-08-29 08:47:31,850 [62127296-10ba-4bda-9b01-f27ba8bd8737:group-0E98D55737AE:LeaderElection30] INFO  server.RaftServerConfigKeys (ConfUtils.java:logGet(43)) - raft.server.rpc.request.timeout = 3000ms (default)
2019-08-29 08:47:31,850 [2256733f-555b-4f0d-8703-18eb36ab43de:group-CDBD8F166C83:LeaderElection34] INFO  impl.RaftServerImpl (RaftServerImpl.java:setRole(171)) - 2256733f-555b-4f0d-8703-18eb36ab43de:group-CDBD8F166C83 changes role from CANDIDATE to FOLLOWER at term 4 for DISCOVERED_A_NEW_TERM
2019-08-29 08:47:31,850 [3a39fbaa-14da-4624-bf1d-aa1db02e0173:group-CDBD8F166C83:LeaderElection31] INFO  impl.RoleInfo (RoleInfo.java:shutdownLeaderElection(134)) - 3a39fbaa-14da-4624-bf1d-aa1db02e0173: shutdown LeaderElection
2019-08-29 08:47:31,850 [2256733f-555b-4f0d-8703-18eb36ab43de:group-CDBD8F166C83:LeaderElection34] INFO  impl.RoleInfo (RoleInfo.java:shutdownLeaderElection(134)) - 2256733f-555b-4f0d-8703-18eb36ab43de: shutdown LeaderElection
2019-08-29 08:47:31,850 [3a39fbaa-14da-4624-bf1d-aa1db02e0173:group-CDBD8F166C83:LeaderElection31] INFO  impl.RoleInfo (RoleInfo.java:updateAndGet(143)) - 3a39fbaa-14da-4624-bf1d-aa1db02e0173: start FollowerState
2019-08-29 08:47:31,850 [62127296-10ba-4bda-9b01-f27ba8bd8737:group-0E98D55737AE:LeaderElection30] INFO  server.RaftServerConfigKeys (ConfUtils.java:logGet(43)) - raft.server.log.appender.install.snapshot.enabled = false (custom)
2019-08-29 08:47:31,850 [2256733f-555b-4f0d-8703-18eb36ab43de:group-CDBD8F166C83:LeaderElection34] INFO  impl.RoleInfo (RoleInfo.java:updateAndGet(143)) - 2256733f-555b-4f0d-8703-18eb36ab43de: start FollowerState
2019-08-29 08:47:31,851 [62127296-10ba-4bda-9b01-f27ba8bd8737:group-0E98D55737AE:LeaderElection30] INFO  server.RaftServerConfigKeys (ConfUtils.java:logGet(43)) - raft.server.log.appender.snapshot.chunk.size.max = 16MB (=16777216) (default)
2019-08-29 08:47:31,851 [62127296-10ba-4bda-9b01-f27ba8bd8737:group-0E98D55737AE:LeaderElection30] INFO  server.RaftServerConfigKeys (ConfUtils.java:logGet(43)) - raft.server.log.appender.buffer.byte-limit = 33554432 (custom)
2019-08-29 08:47:31,851 [62127296-10ba-4bda-9b01-f27ba8bd8737:group-0E98D55737AE:LeaderElection30] INFO  server.RaftServerConfigKeys (ConfUtils.java:logGet(43)) - raft.server.log.appender.buffer.element-limit = 1 (custom)
2019-08-29 08:47:31,851 [62127296-10ba-4bda-9b01-f27ba8bd8737:group-0E98D55737AE:LeaderElection30] INFO  grpc.GrpcConfigKeys$Server (ConfUtils.java:logGet(43)) - raft.grpc.server.leader.outstanding.appends.max = 128 (default)
2019-08-29 08:47:31,851 [62127296-10ba-4bda-9b01-f27ba8bd8737:group-0E98D55737AE:LeaderElection30] INFO  server.RaftServerConfigKeys (ConfUtils.java:logGet(43)) - raft.server.rpc.request.timeout = 3000ms (default)
2019-08-29 08:47:31,851 [62127296-10ba-4bda-9b01-f27ba8bd8737:group-0E98D55737AE:LeaderElection30] INFO  server.RaftServerConfigKeys (ConfUtils.java:logGet(43)) - raft.server.log.appender.install.snapshot.enabled = false (custom)
2019-08-29 08:47:31,851 [62127296-10ba-4bda-9b01-f27ba8bd8737:group-0E98D55737AE:LeaderElection30] INFO  impl.RoleInfo (RoleInfo.java:updateAndGet(143)) - 62127296-10ba-4bda-9b01-f27ba8bd8737: start LeaderState
2019-08-29 08:47:31,852 [62127296-10ba-4bda-9b01-f27ba8bd8737:group-0E98D55737AE:LeaderElection30] INFO  segmented.SegmentedRaftLogWorker (SegmentedRaftLogWorker.java:startLogSegment(380)) - 62127296-10ba-4bda-9b01-f27ba8bd8737-SegmentedRaftLogWorker:Storage Directory /workdir/hadoop-ozone/integration-test/target/test-dir/MiniOzoneClusterImpl-0396b80d-4163-4a3b-9db9-4b816fc820e4/datanode-9/data/ratis/9d7cab82-ed4f-4ed5-971c-0e98d55737ae: Starting segment from index:0
2019-08-29 08:47:31,852 [62127296-10ba-4bda-9b01-f27ba8bd8737:group-0E98D55737AE:LeaderElection30] INFO  impl.RaftServerImpl (ServerState.java:setRaftConf(361)) - 62127296-10ba-4bda-9b01-f27ba8bd8737:group-0E98D55737AE set configuration 0: [4372d764-1931-406f-887c-7b5d1b7ac3a6:192.168.5.176:40296, 62127296-10ba-4bda-9b01-f27ba8bd8737:192.168.5.176:45010, d2610440-16a5-46aa-8011-5e9b2b98e89e:192.168.5.176:44963], old=null at 0
2019-08-29 08:47:31,878 [grpc-default-executor-4] INFO  impl.RaftServerImpl (RaftServerImpl.java:requestVote(754)) - 62127296-10ba-4bda-9b01-f27ba8bd8737-LEADER: Withhold vote from candidate 4372d764-1931-406f-887c-7b5d1b7ac3a6 with term 4. State: leader=62127296-10ba-4bda-9b01-f27ba8bd8737, term=4, lastRpcElapsed=null
2019-08-29 08:47:31,880 [grpc-default-executor-4] INFO  impl.RaftServerImpl (ServerState.java:setLeader(263)) - d2610440-16a5-46aa-8011-5e9b2b98e89e:group-0E98D55737AE change Leader from null to 62127296-10ba-4bda-9b01-f27ba8bd8737 at term 4 for appendEntries, leader elected after 21874ms
2019-08-29 08:47:31,880 [4372d764-1931-406f-887c-7b5d1b7ac3a6:group-0E98D55737AE:LeaderElection33] INFO  impl.LeaderElection (LeaderElection.java:logAndReturn(56)) - 4372d764-1931-406f-887c-7b5d1b7ac3a6:group-0E98D55737AE:LeaderElection33: Election REJECTED; received 2 response(s) [4372d764-1931-406f-887c-7b5d1b7ac3a6<-62127296-10ba-4bda-9b01-f27ba8bd8737#0:FAIL-t4, 4372d764-1931-406f-887c-7b5d1b7ac3a6<-d2610440-16a5-46aa-8011-5e9b2b98e89e#0:FAIL-t4] and 0 exception(s); 4372d764-1931-406f-887c-7b5d1b7ac3a6:t4, leader=null, voted=4372d764-1931-406f-887c-7b5d1b7ac3a6, raftlog=4372d764-1931-406f-887c-7b5d1b7ac3a6-SegmentedRaftLog:OPENED:c-1,f-1,i0, conf=-1: [4372d764-1931-406f-887c-7b5d1b7ac3a6:192.168.5.176:40296, 62127296-10ba-4bda-9b01-f27ba8bd8737:192.168.5.176:45010, d2610440-16a5-46aa-8011-5e9b2b98e89e:192.168.5.176:44963], old=null
2019-08-29 08:47:31,880 [grpc-default-executor-2] INFO  impl.RaftServerImpl (RaftServerImpl.java:setRole(171)) - 4372d764-1931-406f-887c-7b5d1b7ac3a6:group-0E98D55737AE changes role from CANDIDATE to FOLLOWER at term 4 for appendEntries
2019-08-29 08:47:31,880 [grpc-default-executor-2] INFO  impl.RoleInfo (RoleInfo.java:shutdownLeaderElection(134)) - 4372d764-1931-406f-887c-7b5d1b7ac3a6: shutdown LeaderElection
2019-08-29 08:47:31,880 [grpc-default-executor-2] INFO  impl.RoleInfo (RoleInfo.java:updateAndGet(143)) - 4372d764-1931-406f-887c-7b5d1b7ac3a6: start FollowerState
2019-08-29 08:47:31,881 [grpc-default-executor-2] INFO  impl.RaftServerImpl (ServerState.java:setLeader(263)) - 4372d764-1931-406f-887c-7b5d1b7ac3a6:group-0E98D55737AE change Leader from null to 62127296-10ba-4bda-9b01-f27ba8bd8737 at term 4 for appendEntries, leader elected after 21875ms
2019-08-29 08:47:31,882 [grpc-default-executor-2] INFO  impl.RaftServerImpl (ServerState.java:setRaftConf(361)) - d2610440-16a5-46aa-8011-5e9b2b98e89e:group-0E98D55737AE set configuration 0: [4372d764-1931-406f-887c-7b5d1b7ac3a6:192.168.5.176:40296, 62127296-10ba-4bda-9b01-f27ba8bd8737:192.168.5.176:45010, d2610440-16a5-46aa-8011-5e9b2b98e89e:192.168.5.176:44963], old=null at 0
2019-08-29 08:47:31,882 [grpc-default-executor-2] INFO  segmented.SegmentedRaftLogWorker (SegmentedRaftLogWorker.java:startLogSegment(380)) - d2610440-16a5-46aa-8011-5e9b2b98e89e-SegmentedRaftLogWorker:Storage Directory /workdir/hadoop-ozone/integration-test/target/test-dir/MiniOzoneClusterImpl-0396b80d-4163-4a3b-9db9-4b816fc820e4/datanode-8/data/ratis/9d7cab82-ed4f-4ed5-971c-0e98d55737ae: Starting segment from index:0
2019-08-29 08:47:31,882 [grpc-default-executor-4] INFO  impl.RaftServerImpl (ServerState.java:setRaftConf(361)) - 4372d764-1931-406f-887c-7b5d1b7ac3a6:group-0E98D55737AE set configuration 0: [4372d764-1931-406f-887c-7b5d1b7ac3a6:192.168.5.176:40296, 62127296-10ba-4bda-9b01-f27ba8bd8737:192.168.5.176:45010, d2610440-16a5-46aa-8011-5e9b2b98e89e:192.168.5.176:44963], old=null at 0
2019-08-29 08:47:31,883 [grpc-default-executor-4] INFO  segmented.SegmentedRaftLogWorker (SegmentedRaftLogWorker.java:startLogSegment(380)) - 4372d764-1931-406f-887c-7b5d1b7ac3a6-SegmentedRaftLogWorker:Storage Directory /workdir/hadoop-ozone/integration-test/target/test-dir/MiniOzoneClusterImpl-0396b80d-4163-4a3b-9db9-4b816fc820e4/datanode-7/data/ratis/9d7cab82-ed4f-4ed5-971c-0e98d55737ae: Starting segment from index:0
2019-08-29 08:47:31,888 [62127296-10ba-4bda-9b01-f27ba8bd8737-SegmentedRaftLogWorker:Storage Directory /workdir/hadoop-ozone/integration-test/target/test-dir/MiniOzoneClusterImpl-0396b80d-4163-4a3b-9db9-4b816fc820e4/datanode-9/data/ratis/9d7cab82-ed4f-4ed5-971c-0e98d55737ae] INFO  segmented.SegmentedRaftLogWorker (SegmentedRaftLogWorker.java:execute(569)) - 62127296-10ba-4bda-9b01-f27ba8bd8737-SegmentedRaftLogWorker:Storage Directory /workdir/hadoop-ozone/integration-test/target/test-dir/MiniOzoneClusterImpl-0396b80d-4163-4a3b-9db9-4b816fc820e4/datanode-9/data/ratis/9d7cab82-ed4f-4ed5-971c-0e98d55737ae: created new log segment /workdir/hadoop-ozone/integration-test/target/test-dir/MiniOzoneClusterImpl-0396b80d-4163-4a3b-9db9-4b816fc820e4/datanode-9/data/ratis/9d7cab82-ed4f-4ed5-971c-0e98d55737ae/current/log_inprogress_0
2019-08-29 08:47:31,919 [4372d764-1931-406f-887c-7b5d1b7ac3a6-SegmentedRaftLogWorker:Storage Directory /workdir/hadoop-ozone/integration-test/target/test-dir/MiniOzoneClusterImpl-0396b80d-4163-4a3b-9db9-4b816fc820e4/datanode-7/data/ratis/9d7cab82-ed4f-4ed5-971c-0e98d55737ae] INFO  segmented.SegmentedRaftLogWorker (SegmentedRaftLogWorker.java:execute(569)) - 4372d764-1931-406f-887c-7b5d1b7ac3a6-SegmentedRaftLogWorker:Storage Directory /workdir/hadoop-ozone/integration-test/target/test-dir/MiniOzoneClusterImpl-0396b80d-4163-4a3b-9db9-4b816fc820e4/datanode-7/data/ratis/9d7cab82-ed4f-4ed5-971c-0e98d55737ae: created new log segment /workdir/hadoop-ozone/integration-test/target/test-dir/MiniOzoneClusterImpl-0396b80d-4163-4a3b-9db9-4b816fc820e4/datanode-7/data/ratis/9d7cab82-ed4f-4ed5-971c-0e98d55737ae/current/log_inprogress_0
2019-08-29 08:47:31,919 [d2610440-16a5-46aa-8011-5e9b2b98e89e-SegmentedRaftLogWorker:Storage Directory /workdir/hadoop-ozone/integration-test/target/test-dir/MiniOzoneClusterImpl-0396b80d-4163-4a3b-9db9-4b816fc820e4/datanode-8/data/ratis/9d7cab82-ed4f-4ed5-971c-0e98d55737ae] INFO  segmented.SegmentedRaftLogWorker (SegmentedRaftLogWorker.java:execute(569)) - d2610440-16a5-46aa-8011-5e9b2b98e89e-SegmentedRaftLogWorker:Storage Directory /workdir/hadoop-ozone/integration-test/target/test-dir/MiniOzoneClusterImpl-0396b80d-4163-4a3b-9db9-4b816fc820e4/datanode-8/data/ratis/9d7cab82-ed4f-4ed5-971c-0e98d55737ae: created new log segment /workdir/hadoop-ozone/integration-test/target/test-dir/MiniOzoneClusterImpl-0396b80d-4163-4a3b-9db9-4b816fc820e4/datanode-8/data/ratis/9d7cab82-ed4f-4ed5-971c-0e98d55737ae/current/log_inprogress_0
2019-08-29 08:47:31,963 | INFO  | SCMAudit | user=jenkins1000 | ip=192.168.5.176 | op=SEND_HEARTBEAT {datanodeUUID=823a7cbe-9ef5-429c-8255-e9ac46ec72ba, command=[]} | ret=SUCCESS |  
2019-08-29 08:47:31,963 | INFO  | SCMAudit | user=jenkins1000 | ip=192.168.5.176 | op=SEND_HEARTBEAT {datanodeUUID=4372d764-1931-406f-887c-7b5d1b7ac3a6, command=[]} | ret=SUCCESS |  
2019-08-29 08:47:31,964 | INFO  | SCMAudit | user=jenkins1000 | ip=192.168.5.176 | op=SEND_HEARTBEAT {datanodeUUID=62127296-10ba-4bda-9b01-f27ba8bd8737, command=[]} | ret=SUCCESS |  
2019-08-29 08:47:31,964 | INFO  | SCMAudit | user=jenkins1000 | ip=192.168.5.176 | op=SEND_HEARTBEAT {datanodeUUID=d2610440-16a5-46aa-8011-5e9b2b98e89e, command=[]} | ret=SUCCESS |  
2019-08-29 08:47:32,289 | INFO  | SCMAudit | user=jenkins1000 | ip=192.168.5.176 | op=SEND_HEARTBEAT {datanodeUUID=2256733f-555b-4f0d-8703-18eb36ab43de, command=[]} | ret=SUCCESS |  
2019-08-29 08:47:32,356 [Datanode State Machine Thread - 0] INFO  statemachine.DatanodeStateMachine (DatanodeStateMachine.java:lambda$startDaemon$0(350)) - Ozone container server started.
2019-08-29 08:47:32,571 [Datanode State Machine Thread - 0] INFO  statemachine.DatanodeStateMachine (DatanodeStateMachine.java:lambda$startDaemon$0(350)) - Ozone container server started.
2019-08-29 08:47:32,661 [grpc-default-executor-4] INFO  client.GrpcClientProtocolClient (GrpcClientProtocolClient.java:onNext(255)) - client-BBD688338DE3->2256733f-555b-4f0d-8703-18eb36ab43de: receive RaftClientReply:client-BBD688338DE3->2256733f-555b-4f0d-8703-18eb36ab43de@group-CDBD8F166C83, cid=33, FAILED org.apache.ratis.protocol.NotLeaderException: Server 2256733f-555b-4f0d-8703-18eb36ab43de is not the leader (null). Request must be sent to leader., logIndex=0, commits[2256733f-555b-4f0d-8703-18eb36ab43de:c-1]
2019-08-29 08:47:32,668 [grpc-default-executor-2] WARN  client.GrpcClientProtocolService (LogUtils.java:warn(134)) - 0-OrderedRequestStreamObserver0: onError: org.apache.ratis.thirdparty.io.grpc.StatusRuntimeException: CANCELLED: cancelled before receiving half close
2019-08-29 08:47:32,830 | INFO  | SCMAudit | user=jenkins1000 | ip=192.168.5.176 | op=SEND_HEARTBEAT {datanodeUUID=dd40d4a5-aa3f-4ebf-9cec-f561545fceec, command=[]} | ret=SUCCESS |  
2019-08-29 08:47:32,830 | INFO  | SCMAudit | user=jenkins1000 | ip=192.168.5.176 | op=SEND_HEARTBEAT {datanodeUUID=d92499b0-1b7f-4387-8ba6-ffcf7cff46e6, command=[]} | ret=SUCCESS |  
2019-08-29 08:47:32,830 | INFO  | SCMAudit | user=jenkins1000 | ip=192.168.5.176 | op=SEND_HEARTBEAT {datanodeUUID=37fb6585-bd86-49e3-96c6-47308e6afbcf, command=[]} | ret=SUCCESS |  
2019-08-29 08:47:32,913 [Thread-647] INFO  impl.FollowerState (FollowerState.java:run(106)) - 3a39fbaa-14da-4624-bf1d-aa1db02e0173:group-CDBD8F166C83 changes to CANDIDATE, lastRpcTime:1062, electionTimeout:1062ms
2019-08-29 08:47:32,913 [Thread-647] INFO  impl.RoleInfo (RoleInfo.java:shutdownFollowerState(121)) - 3a39fbaa-14da-4624-bf1d-aa1db02e0173: shutdown FollowerState
2019-08-29 08:47:32,913 [Thread-647] INFO  impl.RaftServerImpl (RaftServerImpl.java:setRole(171)) - 3a39fbaa-14da-4624-bf1d-aa1db02e0173:group-CDBD8F166C83 changes role from FOLLOWER to CANDIDATE at term 4 for changeToCandidate
2019-08-29 08:47:32,913 [Thread-647] INFO  impl.RoleInfo (RoleInfo.java:updateAndGet(143)) - 3a39fbaa-14da-4624-bf1d-aa1db02e0173: start LeaderElection
2019-08-29 08:47:32,933 [3a39fbaa-14da-4624-bf1d-aa1db02e0173:group-CDBD8F166C83:LeaderElection35] INFO  impl.LeaderElection (LeaderElection.java:askForVotes(181)) - 3a39fbaa-14da-4624-bf1d-aa1db02e0173:group-CDBD8F166C83:LeaderElection35: begin an election at term 5 for -1: [2256733f-555b-4f0d-8703-18eb36ab43de:192.168.5.176:35960, 3a39fbaa-14da-4624-bf1d-aa1db02e0173:192.168.5.176:34585, 823a7cbe-9ef5-429c-8255-e9ac46ec72ba:192.168.5.176:37287], old=null
2019-08-29 08:47:32,935 [grpc-default-executor-2] INFO  impl.RaftServerImpl (RaftServerImpl.java:setRole(171)) - 823a7cbe-9ef5-429c-8255-e9ac46ec72ba:group-CDBD8F166C83 changes role from FOLLOWER to FOLLOWER at term 5 for recognizeCandidate:3a39fbaa-14da-4624-bf1d-aa1db02e0173
2019-08-29 08:47:32,935 [grpc-default-executor-4] INFO  impl.RaftServerImpl (RaftServerImpl.java:setRole(171)) - 2256733f-555b-4f0d-8703-18eb36ab43de:group-CDBD8F166C83 changes role from FOLLOWER to FOLLOWER at term 5 for recognizeCandidate:3a39fbaa-14da-4624-bf1d-aa1db02e0173
2019-08-29 08:47:32,936 [grpc-default-executor-2] INFO  impl.RoleInfo (RoleInfo.java:shutdownFollowerState(121)) - 823a7cbe-9ef5-429c-8255-e9ac46ec72ba: shutdown FollowerState
2019-08-29 08:47:32,936 [grpc-default-executor-4] INFO  impl.RoleInfo (RoleInfo.java:shutdownFollowerState(121)) - 2256733f-555b-4f0d-8703-18eb36ab43de: shutdown FollowerState
2019-08-29 08:47:32,936 [Thread-645] INFO  impl.FollowerState (FollowerState.java:run(114)) - 823a7cbe-9ef5-429c-8255-e9ac46ec72ba: FollowerState was interrupted: java.lang.InterruptedException: sleep interrupted
2019-08-29 08:47:32,936 [grpc-default-executor-2] INFO  impl.RoleInfo (RoleInfo.java:updateAndGet(143)) - 823a7cbe-9ef5-429c-8255-e9ac46ec72ba: start FollowerState
2019-08-29 08:47:32,936 [Thread-648] INFO  impl.FollowerState (FollowerState.java:run(114)) - 2256733f-555b-4f0d-8703-18eb36ab43de: FollowerState was interrupted: java.lang.InterruptedException: sleep interrupted
2019-08-29 08:47:32,936 [grpc-default-executor-4] INFO  impl.RoleInfo (RoleInfo.java:updateAndGet(143)) - 2256733f-555b-4f0d-8703-18eb36ab43de: start FollowerState
2019-08-29 08:47:32,949 [3a39fbaa-14da-4624-bf1d-aa1db02e0173:group-CDBD8F166C83:LeaderElection35] INFO  impl.LeaderElection (LeaderElection.java:logAndReturn(56)) - 3a39fbaa-14da-4624-bf1d-aa1db02e0173:group-CDBD8F166C83:LeaderElection35: Election PASSED; received 1 response(s) [3a39fbaa-14da-4624-bf1d-aa1db02e0173<-823a7cbe-9ef5-429c-8255-e9ac46ec72ba#0:OK-t5] and 0 exception(s); 3a39fbaa-14da-4624-bf1d-aa1db02e0173:t5, leader=null, voted=3a39fbaa-14da-4624-bf1d-aa1db02e0173, raftlog=3a39fbaa-14da-4624-bf1d-aa1db02e0173-SegmentedRaftLog:OPENED:c-1,f-1,i0, conf=-1: [2256733f-555b-4f0d-8703-18eb36ab43de:192.168.5.176:35960, 3a39fbaa-14da-4624-bf1d-aa1db02e0173:192.168.5.176:34585, 823a7cbe-9ef5-429c-8255-e9ac46ec72ba:192.168.5.176:37287], old=null
2019-08-29 08:47:32,950 [3a39fbaa-14da-4624-bf1d-aa1db02e0173:group-CDBD8F166C83:LeaderElection35] INFO  impl.RoleInfo (RoleInfo.java:shutdownLeaderElection(134)) - 3a39fbaa-14da-4624-bf1d-aa1db02e0173: shutdown LeaderElection
2019-08-29 08:47:32,950 [3a39fbaa-14da-4624-bf1d-aa1db02e0173:group-CDBD8F166C83:LeaderElection35] INFO  impl.RaftServerImpl (RaftServerImpl.java:setRole(171)) - 3a39fbaa-14da-4624-bf1d-aa1db02e0173:group-CDBD8F166C83 changes role from CANDIDATE to LEADER at term 5 for changeToLeader
2019-08-29 08:47:32,950 [3a39fbaa-14da-4624-bf1d-aa1db02e0173:group-CDBD8F166C83:LeaderElection35] INFO  impl.RaftServerImpl (ServerState.java:setLeader(263)) - 3a39fbaa-14da-4624-bf1d-aa1db02e0173:group-CDBD8F166C83 change Leader from null to 3a39fbaa-14da-4624-bf1d-aa1db02e0173 at term 5 for becomeLeader, leader elected after 23049ms
2019-08-29 08:47:32,950 [3a39fbaa-14da-4624-bf1d-aa1db02e0173:group-CDBD8F166C83:LeaderElection35] INFO  server.RaftServerConfigKeys (ConfUtils.java:logGet(43)) - raft.server.staging.catchup.gap = 1000 (default)
2019-08-29 08:47:32,950 [3a39fbaa-14da-4624-bf1d-aa1db02e0173:group-CDBD8F166C83:LeaderElection35] INFO  server.RaftServerConfigKeys (ConfUtils.java:logGet(43)) - raft.server.rpc.sleep.time = 25ms (default)
2019-08-29 08:47:32,950 [3a39fbaa-14da-4624-bf1d-aa1db02e0173:group-CDBD8F166C83:LeaderElection35] INFO  server.RaftServerConfigKeys (ConfUtils.java:logGet(43)) - raft.server.write.element-limit = 4096 (default)
2019-08-29 08:47:32,950 [3a39fbaa-14da-4624-bf1d-aa1db02e0173:group-CDBD8F166C83:LeaderElection35] INFO  server.RaftServerConfigKeys (ConfUtils.java:logGet(43)) - raft.server.watch.timeout = 10s (default)
2019-08-29 08:47:32,951 [3a39fbaa-14da-4624-bf1d-aa1db02e0173:group-CDBD8F166C83:LeaderElection35] INFO  server.RaftServerConfigKeys (ConfUtils.java:logGet(43)) - raft.server.watch.timeout.denomination = 1s (default)
2019-08-29 08:47:32,951 [3a39fbaa-14da-4624-bf1d-aa1db02e0173:group-CDBD8F166C83:LeaderElection35] INFO  server.RaftServerConfigKeys (ConfUtils.java:logGet(43)) - raft.server.watch.element-limit = 65536 (default)
2019-08-29 08:47:32,951 [3a39fbaa-14da-4624-bf1d-aa1db02e0173:group-CDBD8F166C83:LeaderElection35] INFO  server.RaftServerConfigKeys (ConfUtils.java:logGet(43)) - raft.server.log.appender.snapshot.chunk.size.max = 16MB (=16777216) (default)
2019-08-29 08:47:32,951 [3a39fbaa-14da-4624-bf1d-aa1db02e0173:group-CDBD8F166C83:LeaderElection35] INFO  server.RaftServerConfigKeys (ConfUtils.java:logGet(43)) - raft.server.log.appender.buffer.byte-limit = 33554432 (custom)
2019-08-29 08:47:32,951 [3a39fbaa-14da-4624-bf1d-aa1db02e0173:group-CDBD8F166C83:LeaderElection35] INFO  server.RaftServerConfigKeys (ConfUtils.java:logGet(43)) - raft.server.log.appender.buffer.element-limit = 1 (custom)
2019-08-29 08:47:32,951 [3a39fbaa-14da-4624-bf1d-aa1db02e0173:group-CDBD8F166C83:LeaderElection35] INFO  grpc.GrpcConfigKeys$Server (ConfUtils.java:logGet(43)) - raft.grpc.server.leader.outstanding.appends.max = 128 (default)
2019-08-29 08:47:32,952 [3a39fbaa-14da-4624-bf1d-aa1db02e0173:group-CDBD8F166C83:LeaderElection35] INFO  server.RaftServerConfigKeys (ConfUtils.java:logGet(43)) - raft.server.rpc.request.timeout = 3000ms (default)
2019-08-29 08:47:32,952 [3a39fbaa-14da-4624-bf1d-aa1db02e0173:group-CDBD8F166C83:LeaderElection35] INFO  server.RaftServerConfigKeys (ConfUtils.java:logGet(43)) - raft.server.log.appender.install.snapshot.enabled = false (custom)
2019-08-29 08:47:32,952 [3a39fbaa-14da-4624-bf1d-aa1db02e0173:group-CDBD8F166C83:LeaderElection35] INFO  server.RaftServerConfigKeys (ConfUtils.java:logGet(43)) - raft.server.log.appender.snapshot.chunk.size.max = 16MB (=16777216) (default)
2019-08-29 08:47:32,952 [3a39fbaa-14da-4624-bf1d-aa1db02e0173:group-CDBD8F166C83:LeaderElection35] INFO  server.RaftServerConfigKeys (ConfUtils.java:logGet(43)) - raft.server.log.appender.buffer.byte-limit = 33554432 (custom)
2019-08-29 08:47:32,952 [3a39fbaa-14da-4624-bf1d-aa1db02e0173:group-CDBD8F166C83:LeaderElection35] INFO  server.RaftServerConfigKeys (ConfUtils.java:logGet(43)) - raft.server.log.appender.buffer.element-limit = 1 (custom)
2019-08-29 08:47:32,952 [3a39fbaa-14da-4624-bf1d-aa1db02e0173:group-CDBD8F166C83:LeaderElection35] INFO  grpc.GrpcConfigKeys$Server (ConfUtils.java:logGet(43)) - raft.grpc.server.leader.outstanding.appends.max = 128 (default)
2019-08-29 08:47:32,952 [3a39fbaa-14da-4624-bf1d-aa1db02e0173:group-CDBD8F166C83:LeaderElection35] INFO  server.RaftServerConfigKeys (ConfUtils.java:logGet(43)) - raft.server.rpc.request.timeout = 3000ms (default)
2019-08-29 08:47:32,952 [3a39fbaa-14da-4624-bf1d-aa1db02e0173:group-CDBD8F166C83:LeaderElection35] INFO  server.RaftServerConfigKeys (ConfUtils.java:logGet(43)) - raft.server.log.appender.install.snapshot.enabled = false (custom)
2019-08-29 08:47:32,953 [3a39fbaa-14da-4624-bf1d-aa1db02e0173:group-CDBD8F166C83:LeaderElection35] INFO  impl.RoleInfo (RoleInfo.java:updateAndGet(143)) - 3a39fbaa-14da-4624-bf1d-aa1db02e0173: start LeaderState
2019-08-29 08:47:32,953 [3a39fbaa-14da-4624-bf1d-aa1db02e0173:group-CDBD8F166C83:LeaderElection35] INFO  segmented.SegmentedRaftLogWorker (SegmentedRaftLogWorker.java:startLogSegment(380)) - 3a39fbaa-14da-4624-bf1d-aa1db02e0173-SegmentedRaftLogWorker:Storage Directory /workdir/hadoop-ozone/integration-test/target/test-dir/MiniOzoneClusterImpl-0396b80d-4163-4a3b-9db9-4b816fc820e4/datanode-2/data/ratis/e626d3a6-0973-4da6-be81-cdbd8f166c83: Starting segment from index:0
2019-08-29 08:47:32,953 [3a39fbaa-14da-4624-bf1d-aa1db02e0173:group-CDBD8F166C83:LeaderElection35] INFO  impl.RaftServerImpl (ServerState.java:setRaftConf(361)) - 3a39fbaa-14da-4624-bf1d-aa1db02e0173:group-CDBD8F166C83 set configuration 0: [2256733f-555b-4f0d-8703-18eb36ab43de:192.168.5.176:35960, 3a39fbaa-14da-4624-bf1d-aa1db02e0173:192.168.5.176:34585, 823a7cbe-9ef5-429c-8255-e9ac46ec72ba:192.168.5.176:37287], old=null at 0
2019-08-29 08:47:32,955 [grpc-default-executor-2] INFO  impl.RaftServerImpl (ServerState.java:setLeader(263)) - 823a7cbe-9ef5-429c-8255-e9ac46ec72ba:group-CDBD8F166C83 change Leader from null to 3a39fbaa-14da-4624-bf1d-aa1db02e0173 at term 5 for appendEntries, leader elected after 23054ms
2019-08-29 08:47:32,955 [grpc-default-executor-4] INFO  impl.RaftServerImpl (ServerState.java:setLeader(263)) - 2256733f-555b-4f0d-8703-18eb36ab43de:group-CDBD8F166C83 change Leader from null to 3a39fbaa-14da-4624-bf1d-aa1db02e0173 at term 5 for appendEntries, leader elected after 23054ms
2019-08-29 08:47:32,957 [grpc-default-executor-4] INFO  impl.RaftServerImpl (ServerState.java:setRaftConf(361)) - 823a7cbe-9ef5-429c-8255-e9ac46ec72ba:group-CDBD8F166C83 set configuration 0: [2256733f-555b-4f0d-8703-18eb36ab43de:192.168.5.176:35960, 3a39fbaa-14da-4624-bf1d-aa1db02e0173:192.168.5.176:34585, 823a7cbe-9ef5-429c-8255-e9ac46ec72ba:192.168.5.176:37287], old=null at 0
2019-08-29 08:47:32,957 [grpc-default-executor-4] INFO  segmented.SegmentedRaftLogWorker (SegmentedRaftLogWorker.java:startLogSegment(380)) - 823a7cbe-9ef5-429c-8255-e9ac46ec72ba-SegmentedRaftLogWorker:Storage Directory /workdir/hadoop-ozone/integration-test/target/test-dir/MiniOzoneClusterImpl-0396b80d-4163-4a3b-9db9-4b816fc820e4/datanode-6/data/ratis/e626d3a6-0973-4da6-be81-cdbd8f166c83: Starting segment from index:0
2019-08-29 08:47:32,957 [grpc-default-executor-2] INFO  impl.RaftServerImpl (ServerState.java:setRaftConf(361)) - 2256733f-555b-4f0d-8703-18eb36ab43de:group-CDBD8F166C83 set configuration 0: [2256733f-555b-4f0d-8703-18eb36ab43de:192.168.5.176:35960, 3a39fbaa-14da-4624-bf1d-aa1db02e0173:192.168.5.176:34585, 823a7cbe-9ef5-429c-8255-e9ac46ec72ba:192.168.5.176:37287], old=null at 0
2019-08-29 08:47:32,957 [grpc-default-executor-2] INFO  segmented.SegmentedRaftLogWorker (SegmentedRaftLogWorker.java:startLogSegment(380)) - 2256733f-555b-4f0d-8703-18eb36ab43de-SegmentedRaftLogWorker:Storage Directory /workdir/hadoop-ozone/integration-test/target/test-dir/MiniOzoneClusterImpl-0396b80d-4163-4a3b-9db9-4b816fc820e4/datanode-1/data/ratis/e626d3a6-0973-4da6-be81-cdbd8f166c83: Starting segment from index:0
2019-08-29 08:47:32,963 | INFO  | SCMAudit | user=jenkins1000 | ip=192.168.5.176 | op=SEND_HEARTBEAT {datanodeUUID=823a7cbe-9ef5-429c-8255-e9ac46ec72ba, command=[]} | ret=SUCCESS |  
2019-08-29 08:47:32,964 | INFO  | SCMAudit | user=jenkins1000 | ip=192.168.5.176 | op=SEND_HEARTBEAT {datanodeUUID=4372d764-1931-406f-887c-7b5d1b7ac3a6, command=[]} | ret=SUCCESS |  
2019-08-29 08:47:32,964 | INFO  | SCMAudit | user=jenkins1000 | ip=192.168.5.176 | op=SEND_HEARTBEAT {datanodeUUID=d2610440-16a5-46aa-8011-5e9b2b98e89e, command=[]} | ret=SUCCESS |  
2019-08-29 08:47:32,970 | INFO  | SCMAudit | user=jenkins1000 | ip=192.168.5.176 | op=SEND_HEARTBEAT {datanodeUUID=62127296-10ba-4bda-9b01-f27ba8bd8737, command=[]} | ret=SUCCESS |  
2019-08-29 08:47:33,000 [3a39fbaa-14da-4624-bf1d-aa1db02e0173-SegmentedRaftLogWorker:Storage Directory /workdir/hadoop-ozone/integration-test/target/test-dir/MiniOzoneClusterImpl-0396b80d-4163-4a3b-9db9-4b816fc820e4/datanode-2/data/ratis/e626d3a6-0973-4da6-be81-cdbd8f166c83] INFO  segmented.SegmentedRaftLogWorker (SegmentedRaftLogWorker.java:execute(569)) - 3a39fbaa-14da-4624-bf1d-aa1db02e0173-SegmentedRaftLogWorker:Storage Directory /workdir/hadoop-ozone/integration-test/target/test-dir/MiniOzoneClusterImpl-0396b80d-4163-4a3b-9db9-4b816fc820e4/datanode-2/data/ratis/e626d3a6-0973-4da6-be81-cdbd8f166c83: created new log segment /workdir/hadoop-ozone/integration-test/target/test-dir/MiniOzoneClusterImpl-0396b80d-4163-4a3b-9db9-4b816fc820e4/datanode-2/data/ratis/e626d3a6-0973-4da6-be81-cdbd8f166c83/current/log_inprogress_0
2019-08-29 08:47:33,001 [2256733f-555b-4f0d-8703-18eb36ab43de-SegmentedRaftLogWorker:Storage Directory /workdir/hadoop-ozone/integration-test/target/test-dir/MiniOzoneClusterImpl-0396b80d-4163-4a3b-9db9-4b816fc820e4/datanode-1/data/ratis/e626d3a6-0973-4da6-be81-cdbd8f166c83] INFO  segmented.SegmentedRaftLogWorker (SegmentedRaftLogWorker.java:execute(569)) - 2256733f-555b-4f0d-8703-18eb36ab43de-SegmentedRaftLogWorker:Storage Directory /workdir/hadoop-ozone/integration-test/target/test-dir/MiniOzoneClusterImpl-0396b80d-4163-4a3b-9db9-4b816fc820e4/datanode-1/data/ratis/e626d3a6-0973-4da6-be81-cdbd8f166c83: created new log segment /workdir/hadoop-ozone/integration-test/target/test-dir/MiniOzoneClusterImpl-0396b80d-4163-4a3b-9db9-4b816fc820e4/datanode-1/data/ratis/e626d3a6-0973-4da6-be81-cdbd8f166c83/current/log_inprogress_0
2019-08-29 08:47:33,001 [823a7cbe-9ef5-429c-8255-e9ac46ec72ba-SegmentedRaftLogWorker:Storage Directory /workdir/hadoop-ozone/integration-test/target/test-dir/MiniOzoneClusterImpl-0396b80d-4163-4a3b-9db9-4b816fc820e4/datanode-6/data/ratis/e626d3a6-0973-4da6-be81-cdbd8f166c83] INFO  segmented.SegmentedRaftLogWorker (SegmentedRaftLogWorker.java:execute(569)) - 823a7cbe-9ef5-429c-8255-e9ac46ec72ba-SegmentedRaftLogWorker:Storage Directory /workdir/hadoop-ozone/integration-test/target/test-dir/MiniOzoneClusterImpl-0396b80d-4163-4a3b-9db9-4b816fc820e4/datanode-6/data/ratis/e626d3a6-0973-4da6-be81-cdbd8f166c83: created new log segment /workdir/hadoop-ozone/integration-test/target/test-dir/MiniOzoneClusterImpl-0396b80d-4163-4a3b-9db9-4b816fc820e4/datanode-6/data/ratis/e626d3a6-0973-4da6-be81-cdbd8f166c83/current/log_inprogress_0
2019-08-29 08:47:33,289 | INFO  | SCMAudit | user=jenkins1000 | ip=192.168.5.176 | op=SEND_HEARTBEAT {datanodeUUID=2256733f-555b-4f0d-8703-18eb36ab43de, command=[]} | ret=SUCCESS |  
2019-08-29 08:47:33,747 | INFO  | SCMAudit | user=jenkins1000 | ip=192.168.5.176 | op=SEND_HEARTBEAT {datanodeUUID=823a7cbe-9ef5-429c-8255-e9ac46ec72ba, command=[]} | ret=SUCCESS |  
2019-08-29 08:47:33,754 | INFO  | DNAudit | user=null | ip=null | op=WRITE_CHUNK {blockData=conID: 3 locID: 102699396711448578 bcsId: 0} | ret=SUCCESS |  
2019-08-29 08:47:33,758 | INFO  | DNAudit | user=null | ip=null | op=WRITE_CHUNK {blockData=conID: 3 locID: 102699396711448578 bcsId: 0} | ret=SUCCESS |  
2019-08-29 08:47:33,765 | INFO  | DNAudit | user=null | ip=null | op=WRITE_CHUNK {blockData=conID: 3 locID: 102699396711448578 bcsId: 0} | ret=SUCCESS |  
2019-08-29 08:47:33,777 | INFO  | SCMAudit | user=jenkins1000 | ip=192.168.5.176 | op=SEND_HEARTBEAT {datanodeUUID=2256733f-555b-4f0d-8703-18eb36ab43de, command=[]} | ret=SUCCESS |  
2019-08-29 08:47:33,777 | INFO  | DNAudit | user=null | ip=null | op=WRITE_CHUNK {blockData=conID: 3 locID: 102699396711448578 bcsId: 0} | ret=SUCCESS |  
2019-08-29 08:47:33,777 [grpc-default-executor-2] INFO  client.GrpcClientProtocolClient (GrpcClientProtocolClient.java:onNext(255)) - client-BBD688338DE3->3a39fbaa-14da-4624-bf1d-aa1db02e0173: receive RaftClientReply:client-BBD688338DE3->3a39fbaa-14da-4624-bf1d-aa1db02e0173@group-CDBD8F166C83, cid=33, SUCCESS, logIndex=1, commits[3a39fbaa-14da-4624-bf1d-aa1db02e0173:c1, 2256733f-555b-4f0d-8703-18eb36ab43de:c0, 823a7cbe-9ef5-429c-8255-e9ac46ec72ba:c0]
2019-08-29 08:47:33,782 | INFO  | DNAudit | user=null | ip=null | op=WRITE_CHUNK {blockData=conID: 3 locID: 102699396711448578 bcsId: 0} | ret=SUCCESS |  
2019-08-29 08:47:33,799 | INFO  | DNAudit | user=null | ip=null | op=WRITE_CHUNK {blockData=conID: 3 locID: 102699396711448578 bcsId: 0} | ret=SUCCESS |  
2019-08-29 08:47:33,830 | INFO  | SCMAudit | user=jenkins1000 | ip=192.168.5.176 | op=SEND_HEARTBEAT {datanodeUUID=37fb6585-bd86-49e3-96c6-47308e6afbcf, command=[]} | ret=SUCCESS |  
2019-08-29 08:47:33,830 | INFO  | SCMAudit | user=jenkins1000 | ip=192.168.5.176 | op=SEND_HEARTBEAT {datanodeUUID=d92499b0-1b7f-4387-8ba6-ffcf7cff46e6, command=[]} | ret=SUCCESS |  
2019-08-29 08:47:33,830 | INFO  | SCMAudit | user=jenkins1000 | ip=192.168.5.176 | op=SEND_HEARTBEAT {datanodeUUID=dd40d4a5-aa3f-4ebf-9cec-f561545fceec, command=[]} | ret=SUCCESS |  
2019-08-29 08:47:33,867 | INFO  | DNAudit | user=null | ip=null | op=PUT_BLOCK {blockData=[blockId=conID: 3 locID: 102699396711448578 bcsId: 0,size=1048576]} | ret=SUCCESS |  
2019-08-29 08:47:33,881 [grpc-default-executor-4] INFO  client.GrpcClientProtocolClient (GrpcClientProtocolClient.java:onNext(255)) - client-BBD688338DE3->3a39fbaa-14da-4624-bf1d-aa1db02e0173: receive RaftClientReply:client-BBD688338DE3->3a39fbaa-14da-4624-bf1d-aa1db02e0173@group-CDBD8F166C83, cid=34, SUCCESS, logIndex=3, commits[3a39fbaa-14da-4624-bf1d-aa1db02e0173:c4, 2256733f-555b-4f0d-8703-18eb36ab43de:c2, 823a7cbe-9ef5-429c-8255-e9ac46ec72ba:c2]
2019-08-29 08:47:33,964 | INFO  | SCMAudit | user=jenkins1000 | ip=192.168.5.176 | op=SEND_HEARTBEAT {datanodeUUID=4372d764-1931-406f-887c-7b5d1b7ac3a6, command=[]} | ret=SUCCESS |  
2019-08-29 08:47:33,964 | INFO  | SCMAudit | user=jenkins1000 | ip=192.168.5.176 | op=SEND_HEARTBEAT {datanodeUUID=d2610440-16a5-46aa-8011-5e9b2b98e89e, command=[]} | ret=SUCCESS |  
2019-08-29 08:47:33,970 | INFO  | SCMAudit | user=jenkins1000 | ip=192.168.5.176 | op=SEND_HEARTBEAT {datanodeUUID=62127296-10ba-4bda-9b01-f27ba8bd8737, command=[]} | ret=SUCCESS |  
2019-08-29 08:47:34,371 | INFO  | DNAudit | user=null | ip=null | op=PUT_BLOCK {blockData=[blockId=conID: 3 locID: 102699396711448578 bcsId: 0,size=1048576]} | ret=SUCCESS |  
2019-08-29 08:47:34,425 | INFO  | DNAudit | user=null | ip=null | op=PUT_BLOCK {blockData=[blockId=conID: 3 locID: 102699396711448578 bcsId: 0,size=1048576]} | ret=SUCCESS |  
2019-08-29 08:47:34,747 | INFO  | SCMAudit | user=jenkins1000 | ip=192.168.5.176 | op=SEND_HEARTBEAT {datanodeUUID=823a7cbe-9ef5-429c-8255-e9ac46ec72ba, command=[]} | ret=SUCCESS |  
2019-08-29 08:47:34,775 | INFO  | SCMAudit | user=jenkins1000 | ip=192.168.5.176 | op=SEND_HEARTBEAT {datanodeUUID=2256733f-555b-4f0d-8703-18eb36ab43de, command=[]} | ret=SUCCESS |  
2019-08-29 08:47:34,830 | INFO  | SCMAudit | user=jenkins1000 | ip=192.168.5.176 | op=SEND_HEARTBEAT {datanodeUUID=37fb6585-bd86-49e3-96c6-47308e6afbcf, command=[]} | ret=SUCCESS |  
2019-08-29 08:47:34,830 | INFO  | SCMAudit | user=jenkins1000 | ip=192.168.5.176 | op=SEND_HEARTBEAT {datanodeUUID=d92499b0-1b7f-4387-8ba6-ffcf7cff46e6, command=[]} | ret=SUCCESS |  
2019-08-29 08:47:34,830 | INFO  | SCMAudit | user=jenkins1000 | ip=192.168.5.176 | op=SEND_HEARTBEAT {datanodeUUID=dd40d4a5-aa3f-4ebf-9cec-f561545fceec, command=[]} | ret=SUCCESS |  
2019-08-29 08:47:34,965 | INFO  | SCMAudit | user=jenkins1000 | ip=192.168.5.176 | op=SEND_HEARTBEAT {datanodeUUID=d2610440-16a5-46aa-8011-5e9b2b98e89e, command=[]} | ret=SUCCESS |  
2019-08-29 08:47:34,965 | INFO  | SCMAudit | user=jenkins1000 | ip=192.168.5.176 | op=SEND_HEARTBEAT {datanodeUUID=4372d764-1931-406f-887c-7b5d1b7ac3a6, command=[]} | ret=SUCCESS |  
2019-08-29 08:47:34,970 | INFO  | SCMAudit | user=jenkins1000 | ip=192.168.5.176 | op=SEND_HEARTBEAT {datanodeUUID=62127296-10ba-4bda-9b01-f27ba8bd8737, command=[]} | ret=SUCCESS |  
2019-08-29 08:47:35,748 | INFO  | SCMAudit | user=jenkins1000 | ip=192.168.5.176 | op=SEND_HEARTBEAT {datanodeUUID=823a7cbe-9ef5-429c-8255-e9ac46ec72ba, command=[]} | ret=SUCCESS |  
2019-08-29 08:47:35,775 | INFO  | SCMAudit | user=jenkins1000 | ip=192.168.5.176 | op=SEND_HEARTBEAT {datanodeUUID=2256733f-555b-4f0d-8703-18eb36ab43de, command=[]} | ret=SUCCESS |  
2019-08-29 08:47:35,831 | INFO  | SCMAudit | user=jenkins1000 | ip=192.168.5.176 | op=SEND_HEARTBEAT {datanodeUUID=37fb6585-bd86-49e3-96c6-47308e6afbcf, command=[]} | ret=SUCCESS |  
2019-08-29 08:47:35,831 | INFO  | SCMAudit | user=jenkins1000 | ip=192.168.5.176 | op=SEND_HEARTBEAT {datanodeUUID=dd40d4a5-aa3f-4ebf-9cec-f561545fceec, command=[]} | ret=SUCCESS |  
2019-08-29 08:47:35,831 | INFO  | SCMAudit | user=jenkins1000 | ip=192.168.5.176 | op=SEND_HEARTBEAT {datanodeUUID=d92499b0-1b7f-4387-8ba6-ffcf7cff46e6, command=[]} | ret=SUCCESS |  
2019-08-29 08:47:35,964 | INFO  | SCMAudit | user=jenkins1000 | ip=192.168.5.176 | op=SEND_HEARTBEAT {datanodeUUID=d2610440-16a5-46aa-8011-5e9b2b98e89e, command=[]} | ret=SUCCESS |  
2019-08-29 08:47:35,965 | INFO  | SCMAudit | user=jenkins1000 | ip=192.168.5.176 | op=SEND_HEARTBEAT {datanodeUUID=4372d764-1931-406f-887c-7b5d1b7ac3a6, command=[]} | ret=SUCCESS |  
2019-08-29 08:47:35,970 | INFO  | SCMAudit | user=jenkins1000 | ip=192.168.5.176 | op=SEND_HEARTBEAT {datanodeUUID=62127296-10ba-4bda-9b01-f27ba8bd8737, command=[]} | ret=SUCCESS |  
2019-08-29 08:47:36,659 [ForkJoinPool.commonPool-worker-0] INFO  ozoneimpl.OzoneContainer (OzoneContainer.java:stop(215)) - Attempting to stop container services.
2019-08-29 08:47:36,659 [main] INFO  ozoneimpl.OzoneContainer (OzoneContainer.java:stop(215)) - Attempting to stop container services.
2019-08-29 08:47:36,659 [ForkJoinPool.commonPool-worker-0] INFO  impl.RaftServerProxy (RaftServerProxy.java:lambda$close$4(314)) - 3a39fbaa-14da-4624-bf1d-aa1db02e0173: close
2019-08-29 08:47:36,659 [main] INFO  impl.RaftServerProxy (RaftServerProxy.java:lambda$close$4(314)) - f03f170c-33d9-4b6f-9b91-57603dd43a1e: close
2019-08-29 08:47:36,660 [ForkJoinPool.commonPool-worker-0] INFO  impl.RaftServerImpl (RaftServerImpl.java:lambda$shutdown$3(245)) - 3a39fbaa-14da-4624-bf1d-aa1db02e0173: shutdown group-4B0355B885B6
2019-08-29 08:47:36,661 [main] INFO  impl.RaftServerImpl (RaftServerImpl.java:lambda$shutdown$3(245)) - f03f170c-33d9-4b6f-9b91-57603dd43a1e: shutdown group-9AD13A7CBBB2
2019-08-29 08:47:36,661 [ForkJoinPool.commonPool-worker-0] INFO  util.JmxRegister (JmxRegister.java:unregister(73)) - Successfully un-registered JMX Bean with object name Ratis:service=RaftServer,group=group-4B0355B885B6,id=3a39fbaa-14da-4624-bf1d-aa1db02e0173
2019-08-29 08:47:36,661 [main] INFO  util.JmxRegister (JmxRegister.java:unregister(73)) - Successfully un-registered JMX Bean with object name Ratis:service=RaftServer,group=group-9AD13A7CBBB2,id=f03f170c-33d9-4b6f-9b91-57603dd43a1e
2019-08-29 08:47:36,661 [ForkJoinPool.commonPool-worker-0] INFO  impl.RoleInfo (RoleInfo.java:shutdownLeaderState(104)) - 3a39fbaa-14da-4624-bf1d-aa1db02e0173: shutdown LeaderState
2019-08-29 08:47:36,662 [main] INFO  impl.RoleInfo (RoleInfo.java:shutdownLeaderState(104)) - f03f170c-33d9-4b6f-9b91-57603dd43a1e: shutdown LeaderState
2019-08-29 08:47:36,662 [ForkJoinPool.commonPool-worker-0] INFO  impl.PendingRequests (PendingRequests.java:sendNotLeaderResponses(202)) - 3a39fbaa-14da-4624-bf1d-aa1db02e0173-PendingRequests: sendNotLeaderResponses
2019-08-29 08:47:36,662 [main] INFO  impl.PendingRequests (PendingRequests.java:sendNotLeaderResponses(202)) - f03f170c-33d9-4b6f-9b91-57603dd43a1e-PendingRequests: sendNotLeaderResponses
2019-08-29 08:47:36,666 [main] INFO  impl.StateMachineUpdater (StateMachineUpdater.java:stopAndJoin(115)) - StateMachineUpdater:f03f170c-33d9-4b6f-9b91-57603dd43a1e:group-9AD13A7CBBB2: set stopIndex = 0
2019-08-29 08:47:36,666 [ForkJoinPool.commonPool-worker-0] INFO  impl.StateMachineUpdater (StateMachineUpdater.java:stopAndJoin(115)) - StateMachineUpdater:3a39fbaa-14da-4624-bf1d-aa1db02e0173:group-4B0355B885B6: set stopIndex = 0
2019-08-29 08:47:36,670 [main] INFO  impl.RaftServerImpl (ServerState.java:close(394)) - f03f170c-33d9-4b6f-9b91-57603dd43a1e:group-9AD13A7CBBB2 closes. The last applied log index is 0
2019-08-29 08:47:36,670 [ForkJoinPool.commonPool-worker-0] INFO  impl.RaftServerImpl (ServerState.java:close(394)) - 3a39fbaa-14da-4624-bf1d-aa1db02e0173:group-4B0355B885B6 closes. The last applied log index is 0
2019-08-29 08:47:36,672 [f03f170c-33d9-4b6f-9b91-57603dd43a1e-SegmentedRaftLogWorker:Storage Directory /workdir/hadoop-ozone/integration-test/target/test-dir/MiniOzoneClusterImpl-0396b80d-4163-4a3b-9db9-4b816fc820e4/datanode-5/data/ratis/4ba99708-0a99-4ba5-951e-9ad13a7cbbb2] INFO  segmented.SegmentedRaftLogWorker (SegmentedRaftLogWorker.java:run(313)) - f03f170c-33d9-4b6f-9b91-57603dd43a1e-SegmentedRaftLogWorker:Storage Directory /workdir/hadoop-ozone/integration-test/target/test-dir/MiniOzoneClusterImpl-0396b80d-4163-4a3b-9db9-4b816fc820e4/datanode-5/data/ratis/4ba99708-0a99-4ba5-951e-9ad13a7cbbb2 was interrupted, exiting. There are 0 tasks remaining in the queue.
2019-08-29 08:47:36,673 [3a39fbaa-14da-4624-bf1d-aa1db02e0173-SegmentedRaftLogWorker:Storage Directory /workdir/hadoop-ozone/integration-test/target/test-dir/MiniOzoneClusterImpl-0396b80d-4163-4a3b-9db9-4b816fc820e4/datanode-2/data/ratis/4cb377d3-3f60-44f4-b3d0-4b0355b885b6] INFO  segmented.SegmentedRaftLogWorker (SegmentedRaftLogWorker.java:run(313)) - 3a39fbaa-14da-4624-bf1d-aa1db02e0173-SegmentedRaftLogWorker:Storage Directory /workdir/hadoop-ozone/integration-test/target/test-dir/MiniOzoneClusterImpl-0396b80d-4163-4a3b-9db9-4b816fc820e4/datanode-2/data/ratis/4cb377d3-3f60-44f4-b3d0-4b0355b885b6 was interrupted, exiting. There are 0 tasks remaining in the queue.
2019-08-29 08:47:36,676 [main] INFO  segmented.SegmentedRaftLogWorker (SegmentedRaftLogWorker.java:close(228)) - f03f170c-33d9-4b6f-9b91-57603dd43a1e-SegmentedRaftLogWorker:Storage Directory /workdir/hadoop-ozone/integration-test/target/test-dir/MiniOzoneClusterImpl-0396b80d-4163-4a3b-9db9-4b816fc820e4/datanode-5/data/ratis/4ba99708-0a99-4ba5-951e-9ad13a7cbbb2 close()
2019-08-29 08:47:36,676 [ForkJoinPool.commonPool-worker-0] INFO  segmented.SegmentedRaftLogWorker (SegmentedRaftLogWorker.java:close(228)) - 3a39fbaa-14da-4624-bf1d-aa1db02e0173-SegmentedRaftLogWorker:Storage Directory /workdir/hadoop-ozone/integration-test/target/test-dir/MiniOzoneClusterImpl-0396b80d-4163-4a3b-9db9-4b816fc820e4/datanode-2/data/ratis/4cb377d3-3f60-44f4-b3d0-4b0355b885b6 close()
2019-08-29 08:47:36,682 [ForkJoinPool.commonPool-worker-0] INFO  impl.RaftServerImpl (RaftServerImpl.java:lambda$shutdown$3(245)) - 3a39fbaa-14da-4624-bf1d-aa1db02e0173: shutdown group-CDBD8F166C83
2019-08-29 08:47:36,682 [main] INFO  server.GrpcService (GrpcService.java:closeImpl(155)) - f03f170c-33d9-4b6f-9b91-57603dd43a1e: shutdown server with port 36402 now
2019-08-29 08:47:36,683 [ForkJoinPool.commonPool-worker-0] INFO  util.JmxRegister (JmxRegister.java:unregister(73)) - Successfully un-registered JMX Bean with object name Ratis:service=RaftServer,group=group-CDBD8F166C83,id=3a39fbaa-14da-4624-bf1d-aa1db02e0173
2019-08-29 08:47:36,683 [ForkJoinPool.commonPool-worker-0] INFO  impl.RoleInfo (RoleInfo.java:shutdownLeaderState(104)) - 3a39fbaa-14da-4624-bf1d-aa1db02e0173: shutdown LeaderState
2019-08-29 08:47:36,687 [ForkJoinPool.commonPool-worker-0] INFO  impl.PendingRequests (PendingRequests.java:sendNotLeaderResponses(202)) - 3a39fbaa-14da-4624-bf1d-aa1db02e0173-PendingRequests: sendNotLeaderResponses
2019-08-29 08:47:36,687 [org.apache.ratis.server.impl.LogAppender$AppenderDaemon$$Lambda$491/432318982@32d160d3] WARN  server.GrpcLogAppender (GrpcLogAppender.java:mayWait(143)) - GrpcLogAppender(3a39fbaa-14da-4624-bf1d-aa1db02e0173->823a7cbe-9ef5-429c-8255-e9ac46ec72ba): Wait interrupted by java.lang.InterruptedException
2019-08-29 08:47:36,687 [org.apache.ratis.server.impl.LogAppender$AppenderDaemon$$Lambda$491/432318982@77d3f04d] WARN  server.GrpcLogAppender (GrpcLogAppender.java:mayWait(143)) - GrpcLogAppender(3a39fbaa-14da-4624-bf1d-aa1db02e0173->2256733f-555b-4f0d-8703-18eb36ab43de): Wait interrupted by java.lang.InterruptedException
2019-08-29 08:47:36,693 [ForkJoinPool.commonPool-worker-0] INFO  impl.StateMachineUpdater (StateMachineUpdater.java:stopAndJoin(115)) - StateMachineUpdater:3a39fbaa-14da-4624-bf1d-aa1db02e0173:group-CDBD8F166C83: set stopIndex = 4
2019-08-29 08:47:36,695 [grpc-default-executor-4] INFO  server.GrpcServerProtocolService (GrpcServerProtocolService.java:onCompleted(104)) - 823a7cbe-9ef5-429c-8255-e9ac46ec72ba: appendEntries completed
2019-08-29 08:47:36,695 [grpc-default-executor-5] INFO  server.GrpcServerProtocolService (GrpcServerProtocolService.java:onCompleted(104)) - 2256733f-555b-4f0d-8703-18eb36ab43de: appendEntries completed
2019-08-29 08:47:36,695 [main] INFO  server.GrpcService (GrpcService.java:closeImpl(163)) - f03f170c-33d9-4b6f-9b91-57603dd43a1e: shutdown server with port 36402 successfully
2019-08-29 08:47:36,695 [StateMachineUpdater:3a39fbaa-14da-4624-bf1d-aa1db02e0173:group-CDBD8F166C83] INFO  ratis.ContainerStateMachine (ContainerStateMachine.java:takeSnapshot(284)) - group-CDBD8F166C83: Taking a snapshot at:(t:5, i:4) file /workdir/hadoop-ozone/integration-test/target/test-dir/MiniOzoneClusterImpl-0396b80d-4163-4a3b-9db9-4b816fc820e4/datanode-2/data/ratis/e626d3a6-0973-4da6-be81-cdbd8f166c83/sm/snapshot.5_4
2019-08-29 08:47:36,698 [grpc-default-executor-5] INFO  server.GrpcLogAppender (GrpcLogAppender.java:onCompleted(292)) - 3a39fbaa-14da-4624-bf1d-aa1db02e0173->823a7cbe-9ef5-429c-8255-e9ac46ec72ba: follower responses appendEntries COMPLETED
2019-08-29 08:47:36,698 [grpc-default-executor-4] INFO  server.GrpcLogAppender (GrpcLogAppender.java:onCompleted(292)) - 3a39fbaa-14da-4624-bf1d-aa1db02e0173->2256733f-555b-4f0d-8703-18eb36ab43de: follower responses appendEntries COMPLETED
2019-08-29 08:47:36,701 [grpc-default-executor-5] INFO  impl.FollowerInfo (FollowerInfo.java:lambda$new$0(50)) - 3a39fbaa-14da-4624-bf1d-aa1db02e0173->823a7cbe-9ef5-429c-8255-e9ac46ec72ba: nextIndex: updateUnconditionally 5 -> 4
2019-08-29 08:47:36,703 [grpc-default-executor-4] INFO  impl.FollowerInfo (FollowerInfo.java:lambda$new$0(50)) - 3a39fbaa-14da-4624-bf1d-aa1db02e0173->2256733f-555b-4f0d-8703-18eb36ab43de: nextIndex: updateUnconditionally 5 -> 4
2019-08-29 08:47:36,706 [refreshUsed-/workdir/hadoop-ozone/integration-test/target/test-dir/MiniOzoneClusterImpl-0396b80d-4163-4a3b-9db9-4b816fc820e4/datanode-5/data/containers] WARN  fs.CachingGetSpaceUsed (CachingGetSpaceUsed.java:run(183)) - Thread Interrupted waiting to refresh disk information: sleep interrupted
2019-08-29 08:47:36,723 [main] INFO  utils.BackgroundService (BackgroundService.java:shutdown(148)) - Shutting down service BlockDeletingService
2019-08-29 08:47:36,729 [main] INFO  statemachine.DatanodeStateMachine (DatanodeStateMachine.java:stopDaemon(395)) - Ozone container server stopped.
2019-08-29 08:47:36,730 [main] INFO  handler.ContextHandler (ContextHandler.java:doStop(910)) - Stopped o.e.j.w.WebAppContext@47c40b56{/,null,UNAVAILABLE}{/hddsDatanode}
2019-08-29 08:47:36,731 [main] INFO  server.AbstractConnector (AbstractConnector.java:doStop(318)) - Stopped ServerConnector@4b039c6d{HTTP/1.1,[http/1.1]}{0.0.0.0:0}
2019-08-29 08:47:36,731 [main] INFO  handler.ContextHandler (ContextHandler.java:doStop(910)) - Stopped o.e.j.s.ServletContextHandler@12e5da86{/static,jar:file:/home/user/.m2/repository/org/apache/hadoop/hadoop-hdds-container-service/0.5.0-SNAPSHOT/hadoop-hdds-container-service-0.5.0-SNAPSHOT.jar!/webapps/static,UNAVAILABLE}
2019-08-29 08:47:36,732 [main] INFO  handler.ContextHandler (ContextHandler.java:doStop(910)) - Stopped o.e.j.s.ServletContextHandler@3ad85136{/logs,file:///workdir/hadoop-ozone/integration-test/target/log,UNAVAILABLE}
2019-08-29 08:47:36,739 [StateMachineUpdater:3a39fbaa-14da-4624-bf1d-aa1db02e0173:group-CDBD8F166C83] INFO  ratis.ContainerStateMachine (ContainerStateMachine.java:takeSnapshot(295)) - group-CDBD8F166C83: Finished taking a snapshot at:(t:5, i:4) file:/workdir/hadoop-ozone/integration-test/target/test-dir/MiniOzoneClusterImpl-0396b80d-4163-4a3b-9db9-4b816fc820e4/datanode-2/data/ratis/e626d3a6-0973-4da6-be81-cdbd8f166c83/sm/snapshot.5_4 time:46
2019-08-29 08:47:36,740 [StateMachineUpdater:3a39fbaa-14da-4624-bf1d-aa1db02e0173:group-CDBD8F166C83] INFO  impl.StateMachineUpdater (StateMachineUpdater.java:takeSnapshot(242)) - StateMachineUpdater:3a39fbaa-14da-4624-bf1d-aa1db02e0173:group-CDBD8F166C83: Took a snapshot at index 4
2019-08-29 08:47:36,740 [StateMachineUpdater:3a39fbaa-14da-4624-bf1d-aa1db02e0173:group-CDBD8F166C83] INFO  impl.StateMachineUpdater (StateMachineUpdater.java:lambda$new$0(80)) - StateMachineUpdater:3a39fbaa-14da-4624-bf1d-aa1db02e0173:group-CDBD8F166C83: snapshotIndex: updateIncreasingly -1 -> 4
2019-08-29 08:47:36,746 [ForkJoinPool.commonPool-worker-0] INFO  impl.RaftServerImpl (ServerState.java:close(394)) - 3a39fbaa-14da-4624-bf1d-aa1db02e0173:group-CDBD8F166C83 closes. The last applied log index is 4
2019-08-29 08:47:36,746 [Datanode State Machine Thread - 0] INFO  statemachine.DatanodeStateMachine (DatanodeStateMachine.java:lambda$startDaemon$0(350)) - Ozone container server started.
2019-08-29 08:47:36,746 [3a39fbaa-14da-4624-bf1d-aa1db02e0173-SegmentedRaftLogWorker:Storage Directory /workdir/hadoop-ozone/integration-test/target/test-dir/MiniOzoneClusterImpl-0396b80d-4163-4a3b-9db9-4b816fc820e4/datanode-2/data/ratis/e626d3a6-0973-4da6-be81-cdbd8f166c83] INFO  segmented.SegmentedRaftLogWorker (SegmentedRaftLogWorker.java:run(313)) - 3a39fbaa-14da-4624-bf1d-aa1db02e0173-SegmentedRaftLogWorker:Storage Directory /workdir/hadoop-ozone/integration-test/target/test-dir/MiniOzoneClusterImpl-0396b80d-4163-4a3b-9db9-4b816fc820e4/datanode-2/data/ratis/e626d3a6-0973-4da6-be81-cdbd8f166c83 was interrupted, exiting. There are 0 tasks remaining in the queue.
2019-08-29 08:47:36,748 [ForkJoinPool.commonPool-worker-0] INFO  segmented.SegmentedRaftLogWorker (SegmentedRaftLogWorker.java:close(228)) - 3a39fbaa-14da-4624-bf1d-aa1db02e0173-SegmentedRaftLogWorker:Storage Directory /workdir/hadoop-ozone/integration-test/target/test-dir/MiniOzoneClusterImpl-0396b80d-4163-4a3b-9db9-4b816fc820e4/datanode-2/data/ratis/e626d3a6-0973-4da6-be81-cdbd8f166c83 close()
2019-08-29 08:47:36,751 [ForkJoinPool.commonPool-worker-0] INFO  server.GrpcService (GrpcService.java:closeImpl(155)) - 3a39fbaa-14da-4624-bf1d-aa1db02e0173: shutdown server with port 34585 now
2019-08-29 08:47:36,752 [ForkJoinPool.commonPool-worker-0] INFO  server.GrpcService (GrpcService.java:closeImpl(163)) - 3a39fbaa-14da-4624-bf1d-aa1db02e0173: shutdown server with port 34585 successfully
2019-08-29 08:47:36,754 [refreshUsed-/workdir/hadoop-ozone/integration-test/target/test-dir/MiniOzoneClusterImpl-0396b80d-4163-4a3b-9db9-4b816fc820e4/datanode-2/data/containers] WARN  fs.CachingGetSpaceUsed (CachingGetSpaceUsed.java:run(183)) - Thread Interrupted waiting to refresh disk information: sleep interrupted
2019-08-29 08:47:36,773 [ForkJoinPool.commonPool-worker-0] INFO  utils.BackgroundService (BackgroundService.java:shutdown(148)) - Shutting down service BlockDeletingService
2019-08-29 08:47:36,780 [ForkJoinPool.commonPool-worker-0] INFO  statemachine.DatanodeStateMachine (DatanodeStateMachine.java:stopDaemon(395)) - Ozone container server stopped.
2019-08-29 08:47:36,785 | INFO  | SCMAudit | user=jenkins1000 | ip=192.168.5.176 | op=SEND_HEARTBEAT {datanodeUUID=2256733f-555b-4f0d-8703-18eb36ab43de, command=[]} | ret=SUCCESS |  
2019-08-29 08:47:36,785 [ForkJoinPool.commonPool-worker-0] INFO  handler.ContextHandler (ContextHandler.java:doStop(910)) - Stopped o.e.j.w.WebAppContext@648d0e6d{/,null,UNAVAILABLE}{/hddsDatanode}
2019-08-29 08:47:36,786 [ForkJoinPool.commonPool-worker-0] INFO  server.AbstractConnector (AbstractConnector.java:doStop(318)) - Stopped ServerConnector@79e66b2f{HTTP/1.1,[http/1.1]}{0.0.0.0:0}
2019-08-29 08:47:36,788 [ForkJoinPool.commonPool-worker-0] INFO  handler.ContextHandler (ContextHandler.java:doStop(910)) - Stopped o.e.j.s.ServletContextHandler@753aca85{/static,jar:file:/home/user/.m2/repository/org/apache/hadoop/hadoop-hdds-container-service/0.5.0-SNAPSHOT/hadoop-hdds-container-service-0.5.0-SNAPSHOT.jar!/webapps/static,UNAVAILABLE}
2019-08-29 08:47:36,789 [ForkJoinPool.commonPool-worker-0] INFO  handler.ContextHandler (ContextHandler.java:doStop(910)) - Stopped o.e.j.s.ServletContextHandler@4437ac07{/logs,file:///workdir/hadoop-ozone/integration-test/target/log,UNAVAILABLE}
2019-08-29 08:47:36,829 [Datanode State Machine Thread - 0] INFO  statemachine.DatanodeStateMachine (DatanodeStateMachine.java:lambda$startDaemon$0(350)) - Ozone container server started.
2019-08-29 08:47:36,830 | INFO  | SCMAudit | user=jenkins1000 | ip=192.168.5.176 | op=SEND_HEARTBEAT {datanodeUUID=d92499b0-1b7f-4387-8ba6-ffcf7cff46e6, command=[]} | ret=SUCCESS |  
2019-08-29 08:47:36,830 | INFO  | SCMAudit | user=jenkins1000 | ip=192.168.5.176 | op=SEND_HEARTBEAT {datanodeUUID=dd40d4a5-aa3f-4ebf-9cec-f561545fceec, command=[]} | ret=SUCCESS |  
2019-08-29 08:47:36,965 | INFO  | SCMAudit | user=jenkins1000 | ip=192.168.5.176 | op=SEND_HEARTBEAT {datanodeUUID=4372d764-1931-406f-887c-7b5d1b7ac3a6, command=[]} | ret=SUCCESS |  
2019-08-29 08:47:36,965 | INFO  | SCMAudit | user=jenkins1000 | ip=192.168.5.176 | op=SEND_HEARTBEAT {datanodeUUID=d2610440-16a5-46aa-8011-5e9b2b98e89e, command=[]} | ret=SUCCESS |  
2019-08-29 08:47:36,970 | INFO  | SCMAudit | user=jenkins1000 | ip=192.168.5.176 | op=SEND_HEARTBEAT {datanodeUUID=62127296-10ba-4bda-9b01-f27ba8bd8737, command=[]} | ret=SUCCESS |  
2019-08-29 08:47:37,779 | INFO  | SCMAudit | user=jenkins1000 | ip=192.168.5.176 | op=SEND_HEARTBEAT {datanodeUUID=2256733f-555b-4f0d-8703-18eb36ab43de, command=[]} | ret=SUCCESS |  
2019-08-29 08:47:37,830 | INFO  | SCMAudit | user=jenkins1000 | ip=192.168.5.176 | op=SEND_HEARTBEAT {datanodeUUID=dd40d4a5-aa3f-4ebf-9cec-f561545fceec, command=[]} | ret=SUCCESS |  
2019-08-29 08:47:37,830 | INFO  | SCMAudit | user=jenkins1000 | ip=192.168.5.176 | op=SEND_HEARTBEAT {datanodeUUID=d92499b0-1b7f-4387-8ba6-ffcf7cff46e6, command=[]} | ret=SUCCESS |  
2019-08-29 08:47:37,964 | INFO  | SCMAudit | user=jenkins1000 | ip=192.168.5.176 | op=SEND_HEARTBEAT {datanodeUUID=d2610440-16a5-46aa-8011-5e9b2b98e89e, command=[]} | ret=SUCCESS |  
2019-08-29 08:47:37,965 | INFO  | SCMAudit | user=jenkins1000 | ip=192.168.5.176 | op=SEND_HEARTBEAT {datanodeUUID=4372d764-1931-406f-887c-7b5d1b7ac3a6, command=[]} | ret=SUCCESS |  
2019-08-29 08:47:37,970 | INFO  | SCMAudit | user=jenkins1000 | ip=192.168.5.176 | op=SEND_HEARTBEAT {datanodeUUID=62127296-10ba-4bda-9b01-f27ba8bd8737, command=[]} | ret=SUCCESS |  
2019-08-29 08:47:38,236 [Thread-671] INFO  impl.FollowerState (FollowerState.java:run(106)) - 2256733f-555b-4f0d-8703-18eb36ab43de:group-CDBD8F166C83 changes to CANDIDATE, lastRpcTime:1908, electionTimeout:1032ms
2019-08-29 08:47:38,236 [Thread-671] INFO  impl.RoleInfo (RoleInfo.java:shutdownFollowerState(121)) - 2256733f-555b-4f0d-8703-18eb36ab43de: shutdown FollowerState
2019-08-29 08:47:38,236 [Thread-671] INFO  impl.RaftServerImpl (RaftServerImpl.java:setRole(171)) - 2256733f-555b-4f0d-8703-18eb36ab43de:group-CDBD8F166C83 changes role from FOLLOWER to CANDIDATE at term 5 for changeToCandidate
2019-08-29 08:47:38,236 [Thread-671] INFO  impl.RoleInfo (RoleInfo.java:updateAndGet(143)) - 2256733f-555b-4f0d-8703-18eb36ab43de: start LeaderElection
2019-08-29 08:47:38,239 [2256733f-555b-4f0d-8703-18eb36ab43de:group-CDBD8F166C83:LeaderElection36] INFO  impl.RaftServerImpl (ServerState.java:setLeader(263)) - 2256733f-555b-4f0d-8703-18eb36ab43de:group-CDBD8F166C83 change Leader from 3a39fbaa-14da-4624-bf1d-aa1db02e0173 to null at term 5 for initElection
2019-08-29 08:47:38,264 [2256733f-555b-4f0d-8703-18eb36ab43de:group-CDBD8F166C83:LeaderElection36] INFO  impl.LeaderElection (LeaderElection.java:askForVotes(181)) - 2256733f-555b-4f0d-8703-18eb36ab43de:group-CDBD8F166C83:LeaderElection36: begin an election at term 6 for 0: [2256733f-555b-4f0d-8703-18eb36ab43de:192.168.5.176:35960, 3a39fbaa-14da-4624-bf1d-aa1db02e0173:192.168.5.176:34585, 823a7cbe-9ef5-429c-8255-e9ac46ec72ba:192.168.5.176:37287], old=null
2019-08-29 08:47:38,267 [grpc-default-executor-4] INFO  impl.RaftServerImpl (ServerState.java:setLeader(263)) - 823a7cbe-9ef5-429c-8255-e9ac46ec72ba:group-CDBD8F166C83 change Leader from 3a39fbaa-14da-4624-bf1d-aa1db02e0173 to null at term 6 for updateCurrentTerm
2019-08-29 08:47:38,267 [grpc-default-executor-4] INFO  impl.RaftServerImpl (RaftServerImpl.java:setRole(171)) - 823a7cbe-9ef5-429c-8255-e9ac46ec72ba:group-CDBD8F166C83 changes role from FOLLOWER to FOLLOWER at term 6 for recognizeCandidate:2256733f-555b-4f0d-8703-18eb36ab43de
2019-08-29 08:47:38,267 [grpc-default-executor-4] INFO  impl.RoleInfo (RoleInfo.java:shutdownFollowerState(121)) - 823a7cbe-9ef5-429c-8255-e9ac46ec72ba: shutdown FollowerState
2019-08-29 08:47:38,267 [grpc-default-executor-4] INFO  impl.RoleInfo (RoleInfo.java:updateAndGet(143)) - 823a7cbe-9ef5-429c-8255-e9ac46ec72ba: start FollowerState
2019-08-29 08:47:38,268 [Thread-670] INFO  impl.FollowerState (FollowerState.java:run(114)) - 823a7cbe-9ef5-429c-8255-e9ac46ec72ba: FollowerState was interrupted: java.lang.InterruptedException: sleep interrupted
2019-08-29 08:47:38,277 [2256733f-555b-4f0d-8703-18eb36ab43de:group-CDBD8F166C83:LeaderElection36] INFO  impl.LeaderElection (LogUtils.java:infoOrTrace(149)) - 2256733f-555b-4f0d-8703-18eb36ab43de:group-CDBD8F166C83:LeaderElection36 got exception when requesting votes: {}
java.util.concurrent.ExecutionException: org.apache.ratis.thirdparty.io.grpc.StatusRuntimeException: UNAVAILABLE: io exception
	at java.util.concurrent.FutureTask.report(FutureTask.java:122)
	at java.util.concurrent.FutureTask.get(FutureTask.java:192)
	at org.apache.ratis.server.impl.LeaderElection.waitForResults(LeaderElection.java:262)
	at org.apache.ratis.server.impl.LeaderElection.askForVotes(LeaderElection.java:200)
	at org.apache.ratis.server.impl.LeaderElection.run(LeaderElection.java:130)
	at java.lang.Thread.run(Thread.java:748)
Caused by: org.apache.ratis.thirdparty.io.grpc.StatusRuntimeException: UNAVAILABLE: io exception
	at org.apache.ratis.thirdparty.io.grpc.stub.ClientCalls.toStatusRuntimeException(ClientCalls.java:233)
	at org.apache.ratis.thirdparty.io.grpc.stub.ClientCalls.getUnchecked(ClientCalls.java:214)
	at org.apache.ratis.thirdparty.io.grpc.stub.ClientCalls.blockingUnaryCall(ClientCalls.java:139)
	at org.apache.ratis.proto.grpc.RaftServerProtocolServiceGrpc$RaftServerProtocolServiceBlockingStub.requestVote(RaftServerProtocolServiceGrpc.java:265)
	at org.apache.ratis.grpc.server.GrpcServerProtocolClient.requestVote(GrpcServerProtocolClient.java:83)
	at org.apache.ratis.grpc.server.GrpcService.requestVote(GrpcService.java:195)
	at org.apache.ratis.server.impl.LeaderElection.lambda$submitRequests$1(LeaderElection.java:237)
	at java.util.concurrent.FutureTask.run(FutureTask.java:266)
	at java.util.concurrent.Executors$RunnableAdapter.call(Executors.java:511)
	at java.util.concurrent.FutureTask.run(FutureTask.java:266)
	at java.util.concurrent.ThreadPoolExecutor.runWorker(ThreadPoolExecutor.java:1149)
	at java.util.concurrent.ThreadPoolExecutor$Worker.run(ThreadPoolExecutor.java:624)
	... 1 more
Caused by: org.apache.ratis.thirdparty.io.netty.channel.AbstractChannel$AnnotatedConnectException: Connection refused: /192.168.5.176:34585
	at sun.nio.ch.SocketChannelImpl.checkConnect(Native Method)
	at sun.nio.ch.SocketChannelImpl.finishConnect(SocketChannelImpl.java:717)
	at org.apache.ratis.thirdparty.io.netty.channel.socket.nio.NioSocketChannel.doFinishConnect(NioSocketChannel.java:327)
	at org.apache.ratis.thirdparty.io.netty.channel.nio.AbstractNioChannel$AbstractNioUnsafe.finishConnect(AbstractNioChannel.java:340)
	at org.apache.ratis.thirdparty.io.netty.channel.nio.NioEventLoop.processSelectedKey(NioEventLoop.java:632)
	at org.apache.ratis.thirdparty.io.netty.channel.nio.NioEventLoop.processSelectedKeysOptimized(NioEventLoop.java:579)
	at org.apache.ratis.thirdparty.io.netty.channel.nio.NioEventLoop.processSelectedKeys(NioEventLoop.java:496)
	at org.apache.ratis.thirdparty.io.netty.channel.nio.NioEventLoop.run(NioEventLoop.java:458)
	at org.apache.ratis.thirdparty.io.netty.util.concurrent.SingleThreadEventExecutor$5.run(SingleThreadEventExecutor.java:897)
	at org.apache.ratis.thirdparty.io.netty.util.concurrent.FastThreadLocalRunnable.run(FastThreadLocalRunnable.java:30)
	... 1 more
Caused by: java.net.ConnectException: Connection refused
	... 11 more
2019-08-29 08:47:38,295 [2256733f-555b-4f0d-8703-18eb36ab43de:group-CDBD8F166C83:LeaderElection36] INFO  impl.LeaderElection (LeaderElection.java:logAndReturn(56)) - 2256733f-555b-4f0d-8703-18eb36ab43de:group-CDBD8F166C83:LeaderElection36: Election PASSED; received 1 response(s) [2256733f-555b-4f0d-8703-18eb36ab43de<-823a7cbe-9ef5-429c-8255-e9ac46ec72ba#0:OK-t6] and 1 exception(s); 2256733f-555b-4f0d-8703-18eb36ab43de:t6, leader=null, voted=2256733f-555b-4f0d-8703-18eb36ab43de, raftlog=2256733f-555b-4f0d-8703-18eb36ab43de-SegmentedRaftLog:OPENED:c4,f4,i4, conf=0: [2256733f-555b-4f0d-8703-18eb36ab43de:192.168.5.176:35960, 3a39fbaa-14da-4624-bf1d-aa1db02e0173:192.168.5.176:34585, 823a7cbe-9ef5-429c-8255-e9ac46ec72ba:192.168.5.176:37287], old=null
2019-08-29 08:47:38,296 [2256733f-555b-4f0d-8703-18eb36ab43de:group-CDBD8F166C83:LeaderElection36] INFO  impl.LeaderElection (LogUtils.java:infoOrTrace(149)) -   Exception 0: {}
java.util.concurrent.ExecutionException: org.apache.ratis.thirdparty.io.grpc.StatusRuntimeException: UNAVAILABLE: io exception
	at java.util.concurrent.FutureTask.report(FutureTask.java:122)
	at java.util.concurrent.FutureTask.get(FutureTask.java:192)
	at org.apache.ratis.server.impl.LeaderElection.waitForResults(LeaderElection.java:262)
	at org.apache.ratis.server.impl.LeaderElection.askForVotes(LeaderElection.java:200)
	at org.apache.ratis.server.impl.LeaderElection.run(LeaderElection.java:130)
	at java.lang.Thread.run(Thread.java:748)
Caused by: org.apache.ratis.thirdparty.io.grpc.StatusRuntimeException: UNAVAILABLE: io exception
	at org.apache.ratis.thirdparty.io.grpc.stub.ClientCalls.toStatusRuntimeException(ClientCalls.java:233)
	at org.apache.ratis.thirdparty.io.grpc.stub.ClientCalls.getUnchecked(ClientCalls.java:214)
	at org.apache.ratis.thirdparty.io.grpc.stub.ClientCalls.blockingUnaryCall(ClientCalls.java:139)
	at org.apache.ratis.proto.grpc.RaftServerProtocolServiceGrpc$RaftServerProtocolServiceBlockingStub.requestVote(RaftServerProtocolServiceGrpc.java:265)
	at org.apache.ratis.grpc.server.GrpcServerProtocolClient.requestVote(GrpcServerProtocolClient.java:83)
	at org.apache.ratis.grpc.server.GrpcService.requestVote(GrpcService.java:195)
	at org.apache.ratis.server.impl.LeaderElection.lambda$submitRequests$1(LeaderElection.java:237)
	at java.util.concurrent.FutureTask.run(FutureTask.java:266)
	at java.util.concurrent.Executors$RunnableAdapter.call(Executors.java:511)
	at java.util.concurrent.FutureTask.run(FutureTask.java:266)
	at java.util.concurrent.ThreadPoolExecutor.runWorker(ThreadPoolExecutor.java:1149)
	at java.util.concurrent.ThreadPoolExecutor$Worker.run(ThreadPoolExecutor.java:624)
	... 1 more
Caused by: org.apache.ratis.thirdparty.io.netty.channel.AbstractChannel$AnnotatedConnectException: Connection refused: /192.168.5.176:34585
	at sun.nio.ch.SocketChannelImpl.checkConnect(Native Method)
	at sun.nio.ch.SocketChannelImpl.finishConnect(SocketChannelImpl.java:717)
	at org.apache.ratis.thirdparty.io.netty.channel.socket.nio.NioSocketChannel.doFinishConnect(NioSocketChannel.java:327)
	at org.apache.ratis.thirdparty.io.netty.channel.nio.AbstractNioChannel$AbstractNioUnsafe.finishConnect(AbstractNioChannel.java:340)
	at org.apache.ratis.thirdparty.io.netty.channel.nio.NioEventLoop.processSelectedKey(NioEventLoop.java:632)
	at org.apache.ratis.thirdparty.io.netty.channel.nio.NioEventLoop.processSelectedKeysOptimized(NioEventLoop.java:579)
	at org.apache.ratis.thirdparty.io.netty.channel.nio.NioEventLoop.processSelectedKeys(NioEventLoop.java:496)
	at org.apache.ratis.thirdparty.io.netty.channel.nio.NioEventLoop.run(NioEventLoop.java:458)
	at org.apache.ratis.thirdparty.io.netty.util.concurrent.SingleThreadEventExecutor$5.run(SingleThreadEventExecutor.java:897)
	at org.apache.ratis.thirdparty.io.netty.util.concurrent.FastThreadLocalRunnable.run(FastThreadLocalRunnable.java:30)
	... 1 more
Caused by: java.net.ConnectException: Connection refused
	... 11 more
2019-08-29 08:47:38,296 [2256733f-555b-4f0d-8703-18eb36ab43de:group-CDBD8F166C83:LeaderElection36] INFO  impl.RoleInfo (RoleInfo.java:shutdownLeaderElection(134)) - 2256733f-555b-4f0d-8703-18eb36ab43de: shutdown LeaderElection
2019-08-29 08:47:38,296 [2256733f-555b-4f0d-8703-18eb36ab43de:group-CDBD8F166C83:LeaderElection36] INFO  impl.RaftServerImpl (RaftServerImpl.java:setRole(171)) - 2256733f-555b-4f0d-8703-18eb36ab43de:group-CDBD8F166C83 changes role from CANDIDATE to LEADER at term 6 for changeToLeader
2019-08-29 08:47:38,296 [2256733f-555b-4f0d-8703-18eb36ab43de:group-CDBD8F166C83:LeaderElection36] INFO  impl.RaftServerImpl (ServerState.java:setLeader(263)) - 2256733f-555b-4f0d-8703-18eb36ab43de:group-CDBD8F166C83 change Leader from null to 2256733f-555b-4f0d-8703-18eb36ab43de at term 6 for becomeLeader, leader elected after 57ms
2019-08-29 08:47:38,296 [2256733f-555b-4f0d-8703-18eb36ab43de:group-CDBD8F166C83:LeaderElection36] INFO  server.RaftServerConfigKeys (ConfUtils.java:logGet(43)) - raft.server.staging.catchup.gap = 1000 (default)
2019-08-29 08:47:38,297 [2256733f-555b-4f0d-8703-18eb36ab43de:group-CDBD8F166C83:LeaderElection36] INFO  server.RaftServerConfigKeys (ConfUtils.java:logGet(43)) - raft.server.rpc.sleep.time = 25ms (default)
2019-08-29 08:47:38,297 [2256733f-555b-4f0d-8703-18eb36ab43de:group-CDBD8F166C83:LeaderElection36] INFO  server.RaftServerConfigKeys (ConfUtils.java:logGet(43)) - raft.server.write.element-limit = 4096 (default)
2019-08-29 08:47:38,297 [2256733f-555b-4f0d-8703-18eb36ab43de:group-CDBD8F166C83:LeaderElection36] INFO  server.RaftServerConfigKeys (ConfUtils.java:logGet(43)) - raft.server.watch.timeout = 10s (default)
2019-08-29 08:47:38,297 [2256733f-555b-4f0d-8703-18eb36ab43de:group-CDBD8F166C83:LeaderElection36] INFO  server.RaftServerConfigKeys (ConfUtils.java:logGet(43)) - raft.server.watch.timeout.denomination = 1s (default)
2019-08-29 08:47:38,297 [2256733f-555b-4f0d-8703-18eb36ab43de:group-CDBD8F166C83:LeaderElection36] INFO  server.RaftServerConfigKeys (ConfUtils.java:logGet(43)) - raft.server.watch.element-limit = 65536 (default)
2019-08-29 08:47:38,297 [2256733f-555b-4f0d-8703-18eb36ab43de:group-CDBD8F166C83:LeaderElection36] INFO  server.RaftServerConfigKeys (ConfUtils.java:logGet(43)) - raft.server.log.appender.snapshot.chunk.size.max = 16MB (=16777216) (default)
2019-08-29 08:47:38,297 [2256733f-555b-4f0d-8703-18eb36ab43de:group-CDBD8F166C83:LeaderElection36] INFO  server.RaftServerConfigKeys (ConfUtils.java:logGet(43)) - raft.server.log.appender.buffer.byte-limit = 33554432 (custom)
2019-08-29 08:47:38,297 [2256733f-555b-4f0d-8703-18eb36ab43de:group-CDBD8F166C83:LeaderElection36] INFO  server.RaftServerConfigKeys (ConfUtils.java:logGet(43)) - raft.server.log.appender.buffer.element-limit = 1 (custom)
2019-08-29 08:47:38,298 [2256733f-555b-4f0d-8703-18eb36ab43de:group-CDBD8F166C83:LeaderElection36] INFO  grpc.GrpcConfigKeys$Server (ConfUtils.java:logGet(43)) - raft.grpc.server.leader.outstanding.appends.max = 128 (default)
2019-08-29 08:47:38,298 [2256733f-555b-4f0d-8703-18eb36ab43de:group-CDBD8F166C83:LeaderElection36] INFO  server.RaftServerConfigKeys (ConfUtils.java:logGet(43)) - raft.server.rpc.request.timeout = 3000ms (default)
2019-08-29 08:47:38,298 [2256733f-555b-4f0d-8703-18eb36ab43de:group-CDBD8F166C83:LeaderElection36] INFO  server.RaftServerConfigKeys (ConfUtils.java:logGet(43)) - raft.server.log.appender.install.snapshot.enabled = false (custom)
2019-08-29 08:47:38,298 [2256733f-555b-4f0d-8703-18eb36ab43de:group-CDBD8F166C83:LeaderElection36] INFO  server.RaftServerConfigKeys (ConfUtils.java:logGet(43)) - raft.server.log.appender.snapshot.chunk.size.max = 16MB (=16777216) (default)
2019-08-29 08:47:38,298 [2256733f-555b-4f0d-8703-18eb36ab43de:group-CDBD8F166C83:LeaderElection36] INFO  server.RaftServerConfigKeys (ConfUtils.java:logGet(43)) - raft.server.log.appender.buffer.byte-limit = 33554432 (custom)
2019-08-29 08:47:38,298 [2256733f-555b-4f0d-8703-18eb36ab43de:group-CDBD8F166C83:LeaderElection36] INFO  server.RaftServerConfigKeys (ConfUtils.java:logGet(43)) - raft.server.log.appender.buffer.element-limit = 1 (custom)
2019-08-29 08:47:38,298 [2256733f-555b-4f0d-8703-18eb36ab43de:group-CDBD8F166C83:LeaderElection36] INFO  grpc.GrpcConfigKeys$Server (ConfUtils.java:logGet(43)) - raft.grpc.server.leader.outstanding.appends.max = 128 (default)
2019-08-29 08:47:38,298 [2256733f-555b-4f0d-8703-18eb36ab43de:group-CDBD8F166C83:LeaderElection36] INFO  server.RaftServerConfigKeys (ConfUtils.java:logGet(43)) - raft.server.rpc.request.timeout = 3000ms (default)
2019-08-29 08:47:38,299 [2256733f-555b-4f0d-8703-18eb36ab43de:group-CDBD8F166C83:LeaderElection36] INFO  server.RaftServerConfigKeys (ConfUtils.java:logGet(43)) - raft.server.log.appender.install.snapshot.enabled = false (custom)
2019-08-29 08:47:38,299 [2256733f-555b-4f0d-8703-18eb36ab43de:group-CDBD8F166C83:LeaderElection36] INFO  impl.RoleInfo (RoleInfo.java:updateAndGet(143)) - 2256733f-555b-4f0d-8703-18eb36ab43de: start LeaderState
2019-08-29 08:47:38,299 [2256733f-555b-4f0d-8703-18eb36ab43de:group-CDBD8F166C83:LeaderElection36] INFO  segmented.SegmentedRaftLogWorker (SegmentedRaftLogWorker.java:rollLogSegment(385)) - 2256733f-555b-4f0d-8703-18eb36ab43de-SegmentedRaftLogWorker:Storage Directory /workdir/hadoop-ozone/integration-test/target/test-dir/MiniOzoneClusterImpl-0396b80d-4163-4a3b-9db9-4b816fc820e4/datanode-1/data/ratis/e626d3a6-0973-4da6-be81-cdbd8f166c83: Rolling segment log-0_4 to index:4
2019-08-29 08:47:38,300 [2256733f-555b-4f0d-8703-18eb36ab43de:group-CDBD8F166C83:LeaderElection36] INFO  impl.RaftServerImpl (ServerState.java:setRaftConf(361)) - 2256733f-555b-4f0d-8703-18eb36ab43de:group-CDBD8F166C83 set configuration 5: [2256733f-555b-4f0d-8703-18eb36ab43de:192.168.5.176:35960, 3a39fbaa-14da-4624-bf1d-aa1db02e0173:192.168.5.176:34585, 823a7cbe-9ef5-429c-8255-e9ac46ec72ba:192.168.5.176:37287], old=null at 5
2019-08-29 08:47:38,301 [2256733f-555b-4f0d-8703-18eb36ab43de-SegmentedRaftLogWorker:Storage Directory /workdir/hadoop-ozone/integration-test/target/test-dir/MiniOzoneClusterImpl-0396b80d-4163-4a3b-9db9-4b816fc820e4/datanode-1/data/ratis/e626d3a6-0973-4da6-be81-cdbd8f166c83] INFO  segmented.SegmentedRaftLogWorker (SegmentedRaftLogWorker.java:execute(526)) - 2256733f-555b-4f0d-8703-18eb36ab43de-SegmentedRaftLogWorker:Storage Directory /workdir/hadoop-ozone/integration-test/target/test-dir/MiniOzoneClusterImpl-0396b80d-4163-4a3b-9db9-4b816fc820e4/datanode-1/data/ratis/e626d3a6-0973-4da6-be81-cdbd8f166c83: Rolled log segment from /workdir/hadoop-ozone/integration-test/target/test-dir/MiniOzoneClusterImpl-0396b80d-4163-4a3b-9db9-4b816fc820e4/datanode-1/data/ratis/e626d3a6-0973-4da6-be81-cdbd8f166c83/current/log_inprogress_0 to /workdir/hadoop-ozone/integration-test/target/test-dir/MiniOzoneClusterImpl-0396b80d-4163-4a3b-9db9-4b816fc820e4/datanode-1/data/ratis/e626d3a6-0973-4da6-be81-cdbd8f166c83/current/log_0-4
2019-08-29 08:47:38,301 [grpc-default-executor-4] WARN  server.GrpcLogAppender (LogUtils.java:warn(134)) - 2256733f-555b-4f0d-8703-18eb36ab43de->3a39fbaa-14da-4624-bf1d-aa1db02e0173: Failed appendEntries: org.apache.ratis.thirdparty.io.grpc.StatusRuntimeException: UNAVAILABLE: io exception
2019-08-29 08:47:38,332 [grpc-default-executor-4] INFO  impl.FollowerInfo (FollowerInfo.java:lambda$new$0(50)) - 2256733f-555b-4f0d-8703-18eb36ab43de->3a39fbaa-14da-4624-bf1d-aa1db02e0173: nextIndex: updateUnconditionally 5 -> 1
2019-08-29 08:47:38,333 [grpc-default-executor-5] INFO  impl.RaftServerImpl (ServerState.java:setLeader(263)) - 823a7cbe-9ef5-429c-8255-e9ac46ec72ba:group-CDBD8F166C83 change Leader from null to 2256733f-555b-4f0d-8703-18eb36ab43de at term 6 for appendEntries, leader elected after 65ms
2019-08-29 08:47:38,336 [grpc-default-executor-5] INFO  impl.RaftServerImpl (ServerState.java:setRaftConf(361)) - 823a7cbe-9ef5-429c-8255-e9ac46ec72ba:group-CDBD8F166C83 set configuration 5: [2256733f-555b-4f0d-8703-18eb36ab43de:192.168.5.176:35960, 3a39fbaa-14da-4624-bf1d-aa1db02e0173:192.168.5.176:34585, 823a7cbe-9ef5-429c-8255-e9ac46ec72ba:192.168.5.176:37287], old=null at 5
2019-08-29 08:47:38,336 [grpc-default-executor-5] INFO  segmented.SegmentedRaftLogWorker (SegmentedRaftLogWorker.java:rollLogSegment(385)) - 823a7cbe-9ef5-429c-8255-e9ac46ec72ba-SegmentedRaftLogWorker:Storage Directory /workdir/hadoop-ozone/integration-test/target/test-dir/MiniOzoneClusterImpl-0396b80d-4163-4a3b-9db9-4b816fc820e4/datanode-6/data/ratis/e626d3a6-0973-4da6-be81-cdbd8f166c83: Rolling segment log-0_4 to index:4
2019-08-29 08:47:38,337 [823a7cbe-9ef5-429c-8255-e9ac46ec72ba-SegmentedRaftLogWorker:Storage Directory /workdir/hadoop-ozone/integration-test/target/test-dir/MiniOzoneClusterImpl-0396b80d-4163-4a3b-9db9-4b816fc820e4/datanode-6/data/ratis/e626d3a6-0973-4da6-be81-cdbd8f166c83] INFO  segmented.SegmentedRaftLogWorker (SegmentedRaftLogWorker.java:execute(526)) - 823a7cbe-9ef5-429c-8255-e9ac46ec72ba-SegmentedRaftLogWorker:Storage Directory /workdir/hadoop-ozone/integration-test/target/test-dir/MiniOzoneClusterImpl-0396b80d-4163-4a3b-9db9-4b816fc820e4/datanode-6/data/ratis/e626d3a6-0973-4da6-be81-cdbd8f166c83: Rolled log segment from /workdir/hadoop-ozone/integration-test/target/test-dir/MiniOzoneClusterImpl-0396b80d-4163-4a3b-9db9-4b816fc820e4/datanode-6/data/ratis/e626d3a6-0973-4da6-be81-cdbd8f166c83/current/log_inprogress_0 to /workdir/hadoop-ozone/integration-test/target/test-dir/MiniOzoneClusterImpl-0396b80d-4163-4a3b-9db9-4b816fc820e4/datanode-6/data/ratis/e626d3a6-0973-4da6-be81-cdbd8f166c83/current/log_0-4
2019-08-29 08:47:38,355 [2256733f-555b-4f0d-8703-18eb36ab43de-SegmentedRaftLogWorker:Storage Directory /workdir/hadoop-ozone/integration-test/target/test-dir/MiniOzoneClusterImpl-0396b80d-4163-4a3b-9db9-4b816fc820e4/datanode-1/data/ratis/e626d3a6-0973-4da6-be81-cdbd8f166c83] INFO  segmented.SegmentedRaftLogWorker (SegmentedRaftLogWorker.java:execute(569)) - 2256733f-555b-4f0d-8703-18eb36ab43de-SegmentedRaftLogWorker:Storage Directory /workdir/hadoop-ozone/integration-test/target/test-dir/MiniOzoneClusterImpl-0396b80d-4163-4a3b-9db9-4b816fc820e4/datanode-1/data/ratis/e626d3a6-0973-4da6-be81-cdbd8f166c83: created new log segment /workdir/hadoop-ozone/integration-test/target/test-dir/MiniOzoneClusterImpl-0396b80d-4163-4a3b-9db9-4b816fc820e4/datanode-1/data/ratis/e626d3a6-0973-4da6-be81-cdbd8f166c83/current/log_inprogress_5
2019-08-29 08:47:38,375 [823a7cbe-9ef5-429c-8255-e9ac46ec72ba-SegmentedRaftLogWorker:Storage Directory /workdir/hadoop-ozone/integration-test/target/test-dir/MiniOzoneClusterImpl-0396b80d-4163-4a3b-9db9-4b816fc820e4/datanode-6/data/ratis/e626d3a6-0973-4da6-be81-cdbd8f166c83] INFO  segmented.SegmentedRaftLogWorker (SegmentedRaftLogWorker.java:execute(569)) - 823a7cbe-9ef5-429c-8255-e9ac46ec72ba-SegmentedRaftLogWorker:Storage Directory /workdir/hadoop-ozone/integration-test/target/test-dir/MiniOzoneClusterImpl-0396b80d-4163-4a3b-9db9-4b816fc820e4/datanode-6/data/ratis/e626d3a6-0973-4da6-be81-cdbd8f166c83: created new log segment /workdir/hadoop-ozone/integration-test/target/test-dir/MiniOzoneClusterImpl-0396b80d-4163-4a3b-9db9-4b816fc820e4/datanode-6/data/ratis/e626d3a6-0973-4da6-be81-cdbd8f166c83/current/log_inprogress_5
2019-08-29 08:47:38,402 | INFO  | DNAudit | user=null | ip=null | op=READ_CHUNK {blockData=conID: 3 locID: 102699396711448578 bcsId: 0} | ret=SUCCESS |  
2019-08-29 08:47:38,411 [grpc-default-executor-2] WARN  server.GrpcLogAppender (LogUtils.java:warn(134)) - 2256733f-555b-4f0d-8703-18eb36ab43de->3a39fbaa-14da-4624-bf1d-aa1db02e0173: Failed appendEntries: org.apache.ratis.thirdparty.io.grpc.StatusRuntimeException: UNAVAILABLE: io exception
2019-08-29 08:47:38,424 [grpc-default-executor-2] INFO  impl.FollowerInfo (FollowerInfo.java:lambda$new$0(50)) - 2256733f-555b-4f0d-8703-18eb36ab43de->3a39fbaa-14da-4624-bf1d-aa1db02e0173: nextIndex: updateUnconditionally 2 -> 1
2019-08-29 08:47:38,780 | INFO  | SCMAudit | user=jenkins1000 | ip=192.168.5.176 | op=SEND_HEARTBEAT {datanodeUUID=2256733f-555b-4f0d-8703-18eb36ab43de, command=[]} | ret=SUCCESS |  
2019-08-29 08:47:38,830 | INFO  | SCMAudit | user=jenkins1000 | ip=192.168.5.176 | op=SEND_HEARTBEAT {datanodeUUID=dd40d4a5-aa3f-4ebf-9cec-f561545fceec, command=[]} | ret=SUCCESS |  
2019-08-29 08:47:38,830 | INFO  | SCMAudit | user=jenkins1000 | ip=192.168.5.176 | op=SEND_HEARTBEAT {datanodeUUID=d92499b0-1b7f-4387-8ba6-ffcf7cff46e6, command=[]} | ret=SUCCESS |  
2019-08-29 08:47:38,912 [grpc-default-executor-4] WARN  server.GrpcLogAppender (LogUtils.java:warn(134)) - 2256733f-555b-4f0d-8703-18eb36ab43de->3a39fbaa-14da-4624-bf1d-aa1db02e0173: Failed appendEntries: org.apache.ratis.thirdparty.io.grpc.StatusRuntimeException: UNAVAILABLE: io exception
2019-08-29 08:47:38,915 [grpc-default-executor-4] INFO  impl.FollowerInfo (FollowerInfo.java:lambda$new$0(50)) - 2256733f-555b-4f0d-8703-18eb36ab43de->3a39fbaa-14da-4624-bf1d-aa1db02e0173: nextIndex: updateUnconditionally 1 -> 0
2019-08-29 08:47:38,964 | INFO  | SCMAudit | user=jenkins1000 | ip=192.168.5.176 | op=SEND_HEARTBEAT {datanodeUUID=d2610440-16a5-46aa-8011-5e9b2b98e89e, command=[]} | ret=SUCCESS |  
2019-08-29 08:47:38,964 | INFO  | SCMAudit | user=jenkins1000 | ip=192.168.5.176 | op=SEND_HEARTBEAT {datanodeUUID=4372d764-1931-406f-887c-7b5d1b7ac3a6, command=[]} | ret=SUCCESS |  
2019-08-29 08:47:38,970 | INFO  | SCMAudit | user=jenkins1000 | ip=192.168.5.176 | op=SEND_HEARTBEAT {datanodeUUID=62127296-10ba-4bda-9b01-f27ba8bd8737, command=[]} | ret=SUCCESS |  
2019-08-29 08:47:39,413 [grpc-default-executor-2] WARN  server.GrpcLogAppender (LogUtils.java:warn(134)) - 2256733f-555b-4f0d-8703-18eb36ab43de->3a39fbaa-14da-4624-bf1d-aa1db02e0173: Failed appendEntries: org.apache.ratis.thirdparty.io.grpc.StatusRuntimeException: UNAVAILABLE: io exception
2019-08-29 08:47:39,418 [grpc-default-executor-2] INFO  impl.FollowerInfo (FollowerInfo.java:lambda$new$0(50)) - 2256733f-555b-4f0d-8703-18eb36ab43de->3a39fbaa-14da-4624-bf1d-aa1db02e0173: nextIndex: updateUnconditionally 0 -> 0
2019-08-29 08:47:39,780 | INFO  | SCMAudit | user=jenkins1000 | ip=192.168.5.176 | op=SEND_HEARTBEAT {datanodeUUID=2256733f-555b-4f0d-8703-18eb36ab43de, command=[]} | ret=SUCCESS |  
2019-08-29 08:47:39,830 | INFO  | SCMAudit | user=jenkins1000 | ip=192.168.5.176 | op=SEND_HEARTBEAT {datanodeUUID=dd40d4a5-aa3f-4ebf-9cec-f561545fceec, command=[]} | ret=SUCCESS |  
2019-08-29 08:47:39,830 | INFO  | SCMAudit | user=jenkins1000 | ip=192.168.5.176 | op=SEND_HEARTBEAT {datanodeUUID=d92499b0-1b7f-4387-8ba6-ffcf7cff46e6, command=[]} | ret=SUCCESS |  
2019-08-29 08:47:39,915 [grpc-default-executor-2] WARN  server.GrpcLogAppender (LogUtils.java:warn(134)) - 2256733f-555b-4f0d-8703-18eb36ab43de->3a39fbaa-14da-4624-bf1d-aa1db02e0173: Failed appendEntries: org.apache.ratis.thirdparty.io.grpc.StatusRuntimeException: UNAVAILABLE: io exception
2019-08-29 08:47:39,919 [grpc-default-executor-2] INFO  impl.FollowerInfo (FollowerInfo.java:lambda$new$0(50)) - 2256733f-555b-4f0d-8703-18eb36ab43de->3a39fbaa-14da-4624-bf1d-aa1db02e0173: nextIndex: updateUnconditionally 0 -> 0
2019-08-29 08:47:39,964 | INFO  | SCMAudit | user=jenkins1000 | ip=192.168.5.176 | op=SEND_HEARTBEAT {datanodeUUID=d2610440-16a5-46aa-8011-5e9b2b98e89e, command=[]} | ret=SUCCESS |  
2019-08-29 08:47:39,964 | INFO  | SCMAudit | user=jenkins1000 | ip=192.168.5.176 | op=SEND_HEARTBEAT {datanodeUUID=4372d764-1931-406f-887c-7b5d1b7ac3a6, command=[]} | ret=SUCCESS |  
2019-08-29 08:47:39,970 | INFO  | SCMAudit | user=jenkins1000 | ip=192.168.5.176 | op=SEND_HEARTBEAT {datanodeUUID=62127296-10ba-4bda-9b01-f27ba8bd8737, command=[]} | ret=SUCCESS |  
2019-08-29 08:47:40,418 [grpc-default-executor-5] WARN  server.GrpcLogAppender (LogUtils.java:warn(134)) - 2256733f-555b-4f0d-8703-18eb36ab43de->3a39fbaa-14da-4624-bf1d-aa1db02e0173: Failed appendEntries: org.apache.ratis.thirdparty.io.grpc.StatusRuntimeException: UNAVAILABLE: io exception
2019-08-29 08:47:40,421 [grpc-default-executor-5] INFO  impl.FollowerInfo (FollowerInfo.java:lambda$new$0(50)) - 2256733f-555b-4f0d-8703-18eb36ab43de->3a39fbaa-14da-4624-bf1d-aa1db02e0173: nextIndex: updateUnconditionally 0 -> 0
2019-08-29 08:47:40,780 | INFO  | SCMAudit | user=jenkins1000 | ip=192.168.5.176 | op=SEND_HEARTBEAT {datanodeUUID=2256733f-555b-4f0d-8703-18eb36ab43de, command=[]} | ret=SUCCESS |  
2019-08-29 08:47:40,830 | INFO  | SCMAudit | user=jenkins1000 | ip=192.168.5.176 | op=SEND_HEARTBEAT {datanodeUUID=d92499b0-1b7f-4387-8ba6-ffcf7cff46e6, command=[]} | ret=SUCCESS |  
2019-08-29 08:47:40,830 | INFO  | SCMAudit | user=jenkins1000 | ip=192.168.5.176 | op=SEND_HEARTBEAT {datanodeUUID=dd40d4a5-aa3f-4ebf-9cec-f561545fceec, command=[]} | ret=SUCCESS |  
2019-08-29 08:47:40,918 [grpc-default-executor-1] WARN  server.GrpcLogAppender (LogUtils.java:warn(134)) - 2256733f-555b-4f0d-8703-18eb36ab43de->3a39fbaa-14da-4624-bf1d-aa1db02e0173: Failed appendEntries: org.apache.ratis.thirdparty.io.grpc.StatusRuntimeException: UNAVAILABLE: io exception
2019-08-29 08:47:40,921 [grpc-default-executor-1] INFO  impl.FollowerInfo (FollowerInfo.java:lambda$new$0(50)) - 2256733f-555b-4f0d-8703-18eb36ab43de->3a39fbaa-14da-4624-bf1d-aa1db02e0173: nextIndex: updateUnconditionally 0 -> 0
2019-08-29 08:47:40,964 | INFO  | SCMAudit | user=jenkins1000 | ip=192.168.5.176 | op=SEND_HEARTBEAT {datanodeUUID=d2610440-16a5-46aa-8011-5e9b2b98e89e, command=[]} | ret=SUCCESS |  
2019-08-29 08:47:40,965 | INFO  | SCMAudit | user=jenkins1000 | ip=192.168.5.176 | op=SEND_HEARTBEAT {datanodeUUID=4372d764-1931-406f-887c-7b5d1b7ac3a6, command=[]} | ret=SUCCESS |  
2019-08-29 08:47:40,970 | INFO  | SCMAudit | user=jenkins1000 | ip=192.168.5.176 | op=SEND_HEARTBEAT {datanodeUUID=62127296-10ba-4bda-9b01-f27ba8bd8737, command=[]} | ret=SUCCESS |  
2019-08-29 08:47:41,420 [grpc-default-executor-5] WARN  server.GrpcLogAppender (LogUtils.java:warn(134)) - 2256733f-555b-4f0d-8703-18eb36ab43de->3a39fbaa-14da-4624-bf1d-aa1db02e0173: Failed appendEntries: org.apache.ratis.thirdparty.io.grpc.StatusRuntimeException: UNAVAILABLE: io exception
2019-08-29 08:47:41,424 [grpc-default-executor-5] INFO  impl.FollowerInfo (FollowerInfo.java:lambda$new$0(50)) - 2256733f-555b-4f0d-8703-18eb36ab43de->3a39fbaa-14da-4624-bf1d-aa1db02e0173: nextIndex: updateUnconditionally 0 -> 0
2019-08-29 08:47:41,734 [main] INFO  ozoneimpl.OzoneContainer (OzoneContainer.java:stop(215)) - Attempting to stop container services.
2019-08-29 08:47:41,735 [main] INFO  impl.RaftServerProxy (RaftServerProxy.java:lambda$close$4(314)) - 823a7cbe-9ef5-429c-8255-e9ac46ec72ba: close
2019-08-29 08:47:41,735 [main] INFO  impl.RaftServerImpl (RaftServerImpl.java:lambda$shutdown$3(245)) - 823a7cbe-9ef5-429c-8255-e9ac46ec72ba: shutdown group-79C1E63759E6
2019-08-29 08:47:41,736 [main] INFO  util.JmxRegister (JmxRegister.java:unregister(73)) - Successfully un-registered JMX Bean with object name Ratis:service=RaftServer,group=group-79C1E63759E6,id=823a7cbe-9ef5-429c-8255-e9ac46ec72ba
2019-08-29 08:47:41,736 [main] INFO  impl.RoleInfo (RoleInfo.java:shutdownLeaderState(104)) - 823a7cbe-9ef5-429c-8255-e9ac46ec72ba: shutdown LeaderState
2019-08-29 08:47:41,737 [main] INFO  impl.PendingRequests (PendingRequests.java:sendNotLeaderResponses(202)) - 823a7cbe-9ef5-429c-8255-e9ac46ec72ba-PendingRequests: sendNotLeaderResponses
2019-08-29 08:47:41,737 [main] INFO  impl.StateMachineUpdater (StateMachineUpdater.java:stopAndJoin(115)) - StateMachineUpdater:823a7cbe-9ef5-429c-8255-e9ac46ec72ba:group-79C1E63759E6: set stopIndex = 0
2019-08-29 08:47:41,738 [main] INFO  impl.RaftServerImpl (ServerState.java:close(394)) - 823a7cbe-9ef5-429c-8255-e9ac46ec72ba:group-79C1E63759E6 closes. The last applied log index is 0
2019-08-29 08:47:41,739 [823a7cbe-9ef5-429c-8255-e9ac46ec72ba-SegmentedRaftLogWorker:Storage Directory /workdir/hadoop-ozone/integration-test/target/test-dir/MiniOzoneClusterImpl-0396b80d-4163-4a3b-9db9-4b816fc820e4/datanode-6/data/ratis/15cb7ef3-7e5e-49db-a0a5-79c1e63759e6] INFO  segmented.SegmentedRaftLogWorker (SegmentedRaftLogWorker.java:run(313)) - 823a7cbe-9ef5-429c-8255-e9ac46ec72ba-SegmentedRaftLogWorker:Storage Directory /workdir/hadoop-ozone/integration-test/target/test-dir/MiniOzoneClusterImpl-0396b80d-4163-4a3b-9db9-4b816fc820e4/datanode-6/data/ratis/15cb7ef3-7e5e-49db-a0a5-79c1e63759e6 was interrupted, exiting. There are 0 tasks remaining in the queue.
2019-08-29 08:47:41,780 | INFO  | SCMAudit | user=jenkins1000 | ip=192.168.5.176 | op=SEND_HEARTBEAT {datanodeUUID=2256733f-555b-4f0d-8703-18eb36ab43de, command=[]} | ret=SUCCESS |  
2019-08-29 08:47:41,791 [ForkJoinPool.commonPool-worker-0] INFO  ozoneimpl.OzoneContainer (OzoneContainer.java:stop(215)) - Attempting to stop container services.
2019-08-29 08:47:41,791 [ForkJoinPool.commonPool-worker-0] INFO  impl.RaftServerProxy (RaftServerProxy.java:lambda$close$4(314)) - 37fb6585-bd86-49e3-96c6-47308e6afbcf: close
2019-08-29 08:47:41,791 [ForkJoinPool.commonPool-worker-0] INFO  impl.RaftServerImpl (RaftServerImpl.java:lambda$shutdown$3(245)) - 37fb6585-bd86-49e3-96c6-47308e6afbcf: shutdown group-3159BB0ABB03
2019-08-29 08:47:41,792 [ForkJoinPool.commonPool-worker-0] INFO  util.JmxRegister (JmxRegister.java:unregister(73)) - Successfully un-registered JMX Bean with object name Ratis:service=RaftServer,group=group-3159BB0ABB03,id=37fb6585-bd86-49e3-96c6-47308e6afbcf
2019-08-29 08:47:41,792 [ForkJoinPool.commonPool-worker-0] INFO  impl.RoleInfo (RoleInfo.java:shutdownLeaderState(104)) - 37fb6585-bd86-49e3-96c6-47308e6afbcf: shutdown LeaderState
2019-08-29 08:47:41,792 [ForkJoinPool.commonPool-worker-0] INFO  impl.PendingRequests (PendingRequests.java:sendNotLeaderResponses(202)) - 37fb6585-bd86-49e3-96c6-47308e6afbcf-PendingRequests: sendNotLeaderResponses
2019-08-29 08:47:41,792 [ForkJoinPool.commonPool-worker-0] INFO  impl.StateMachineUpdater (StateMachineUpdater.java:stopAndJoin(115)) - StateMachineUpdater:37fb6585-bd86-49e3-96c6-47308e6afbcf:group-3159BB0ABB03: set stopIndex = 0
2019-08-29 08:47:41,792 [ForkJoinPool.commonPool-worker-0] INFO  impl.RaftServerImpl (ServerState.java:close(394)) - 37fb6585-bd86-49e3-96c6-47308e6afbcf:group-3159BB0ABB03 closes. The last applied log index is 0
2019-08-29 08:47:41,793 [37fb6585-bd86-49e3-96c6-47308e6afbcf-SegmentedRaftLogWorker:Storage Directory /workdir/hadoop-ozone/integration-test/target/test-dir/MiniOzoneClusterImpl-0396b80d-4163-4a3b-9db9-4b816fc820e4/datanode-3/data/ratis/fbc685af-df62-4a07-82cf-3159bb0abb03] INFO  segmented.SegmentedRaftLogWorker (SegmentedRaftLogWorker.java:run(313)) - 37fb6585-bd86-49e3-96c6-47308e6afbcf-SegmentedRaftLogWorker:Storage Directory /workdir/hadoop-ozone/integration-test/target/test-dir/MiniOzoneClusterImpl-0396b80d-4163-4a3b-9db9-4b816fc820e4/datanode-3/data/ratis/fbc685af-df62-4a07-82cf-3159bb0abb03 was interrupted, exiting. There are 0 tasks remaining in the queue.
2019-08-29 08:47:41,830 | INFO  | SCMAudit | user=jenkins1000 | ip=192.168.5.176 | op=SEND_HEARTBEAT {datanodeUUID=dd40d4a5-aa3f-4ebf-9cec-f561545fceec, command=[]} | ret=SUCCESS |  
2019-08-29 08:47:41,830 | INFO  | SCMAudit | user=jenkins1000 | ip=192.168.5.176 | op=SEND_HEARTBEAT {datanodeUUID=d92499b0-1b7f-4387-8ba6-ffcf7cff46e6, command=[]} | ret=SUCCESS |  
2019-08-29 08:47:41,838 [main] INFO  segmented.SegmentedRaftLogWorker (SegmentedRaftLogWorker.java:close(228)) - 823a7cbe-9ef5-429c-8255-e9ac46ec72ba-SegmentedRaftLogWorker:Storage Directory /workdir/hadoop-ozone/integration-test/target/test-dir/MiniOzoneClusterImpl-0396b80d-4163-4a3b-9db9-4b816fc820e4/datanode-6/data/ratis/15cb7ef3-7e5e-49db-a0a5-79c1e63759e6 close()
2019-08-29 08:47:41,838 [ForkJoinPool.commonPool-worker-0] INFO  segmented.SegmentedRaftLogWorker (SegmentedRaftLogWorker.java:close(228)) - 37fb6585-bd86-49e3-96c6-47308e6afbcf-SegmentedRaftLogWorker:Storage Directory /workdir/hadoop-ozone/integration-test/target/test-dir/MiniOzoneClusterImpl-0396b80d-4163-4a3b-9db9-4b816fc820e4/datanode-3/data/ratis/fbc685af-df62-4a07-82cf-3159bb0abb03 close()
2019-08-29 08:47:41,843 [main] INFO  impl.RaftServerImpl (RaftServerImpl.java:lambda$shutdown$3(245)) - 823a7cbe-9ef5-429c-8255-e9ac46ec72ba: shutdown group-CDBD8F166C83
2019-08-29 08:47:41,845 [ForkJoinPool.commonPool-worker-0] INFO  impl.RaftServerImpl (RaftServerImpl.java:lambda$shutdown$3(245)) - 37fb6585-bd86-49e3-96c6-47308e6afbcf: shutdown group-99B3E677189C
2019-08-29 08:47:41,846 [main] INFO  util.JmxRegister (JmxRegister.java:unregister(73)) - Successfully un-registered JMX Bean with object name Ratis:service=RaftServer,group=group-CDBD8F166C83,id=823a7cbe-9ef5-429c-8255-e9ac46ec72ba
2019-08-29 08:47:41,846 [ForkJoinPool.commonPool-worker-0] INFO  util.JmxRegister (JmxRegister.java:unregister(73)) - Successfully un-registered JMX Bean with object name Ratis:service=RaftServer,group=group-99B3E677189C,id=37fb6585-bd86-49e3-96c6-47308e6afbcf
2019-08-29 08:47:41,846 [main] INFO  impl.RoleInfo (RoleInfo.java:shutdownFollowerState(121)) - 823a7cbe-9ef5-429c-8255-e9ac46ec72ba: shutdown FollowerState
2019-08-29 08:47:41,847 [ForkJoinPool.commonPool-worker-0] INFO  impl.RoleInfo (RoleInfo.java:shutdownLeaderState(104)) - 37fb6585-bd86-49e3-96c6-47308e6afbcf: shutdown LeaderState
2019-08-29 08:47:41,847 [Thread-759] INFO  impl.FollowerState (FollowerState.java:run(114)) - 823a7cbe-9ef5-429c-8255-e9ac46ec72ba: FollowerState was interrupted: java.lang.InterruptedException: sleep interrupted
2019-08-29 08:47:41,847 [StateMachineUpdater:823a7cbe-9ef5-429c-8255-e9ac46ec72ba:group-CDBD8F166C83] INFO  ratis.ContainerStateMachine (ContainerStateMachine.java:takeSnapshot(284)) - group-CDBD8F166C83: Taking a snapshot at:(t:5, i:4) file /workdir/hadoop-ozone/integration-test/target/test-dir/MiniOzoneClusterImpl-0396b80d-4163-4a3b-9db9-4b816fc820e4/datanode-6/data/ratis/e626d3a6-0973-4da6-be81-cdbd8f166c83/sm/snapshot.5_4
2019-08-29 08:47:41,847 [main] INFO  impl.StateMachineUpdater (StateMachineUpdater.java:stopAndJoin(115)) - StateMachineUpdater:823a7cbe-9ef5-429c-8255-e9ac46ec72ba:group-CDBD8F166C83: set stopIndex = 6
2019-08-29 08:47:41,852 [org.apache.ratis.server.impl.LogAppender$AppenderDaemon$$Lambda$491/432318982@3a06af4] WARN  server.GrpcLogAppender (GrpcLogAppender.java:mayWait(143)) - GrpcLogAppender(37fb6585-bd86-49e3-96c6-47308e6afbcf->dd40d4a5-aa3f-4ebf-9cec-f561545fceec): Wait interrupted by java.lang.InterruptedException
2019-08-29 08:47:41,852 [org.apache.ratis.server.impl.LogAppender$AppenderDaemon$$Lambda$491/432318982@5fd49a8a] WARN  server.GrpcLogAppender (GrpcLogAppender.java:mayWait(143)) - GrpcLogAppender(37fb6585-bd86-49e3-96c6-47308e6afbcf->d92499b0-1b7f-4387-8ba6-ffcf7cff46e6): Wait interrupted by java.lang.InterruptedException
2019-08-29 08:47:41,850 [ForkJoinPool.commonPool-worker-0] INFO  impl.PendingRequests (PendingRequests.java:sendNotLeaderResponses(202)) - 37fb6585-bd86-49e3-96c6-47308e6afbcf-PendingRequests: sendNotLeaderResponses
2019-08-29 08:47:41,854 [grpc-default-executor-1] INFO  server.GrpcServerProtocolService (GrpcServerProtocolService.java:onCompleted(104)) - dd40d4a5-aa3f-4ebf-9cec-f561545fceec: appendEntries completed
2019-08-29 08:47:41,854 [grpc-default-executor-5] INFO  server.GrpcServerProtocolService (GrpcServerProtocolService.java:onCompleted(104)) - d92499b0-1b7f-4387-8ba6-ffcf7cff46e6: appendEntries completed
2019-08-29 08:47:41,857 [StateMachineUpdater:37fb6585-bd86-49e3-96c6-47308e6afbcf:group-99B3E677189C] INFO  ratis.ContainerStateMachine (ContainerStateMachine.java:takeSnapshot(284)) - group-99B3E677189C: Taking a snapshot at:(t:1, i:12) file /workdir/hadoop-ozone/integration-test/target/test-dir/MiniOzoneClusterImpl-0396b80d-4163-4a3b-9db9-4b816fc820e4/datanode-3/data/ratis/054fdc03-55bb-4efd-8db9-99b3e677189c/sm/snapshot.1_12
2019-08-29 08:47:41,857 [ForkJoinPool.commonPool-worker-0] INFO  impl.StateMachineUpdater (StateMachineUpdater.java:stopAndJoin(115)) - StateMachineUpdater:37fb6585-bd86-49e3-96c6-47308e6afbcf:group-99B3E677189C: set stopIndex = 16
2019-08-29 08:47:41,858 [grpc-default-executor-5] INFO  server.GrpcLogAppender (GrpcLogAppender.java:onCompleted(292)) - 37fb6585-bd86-49e3-96c6-47308e6afbcf->dd40d4a5-aa3f-4ebf-9cec-f561545fceec: follower responses appendEntries COMPLETED
2019-08-29 08:47:41,858 [grpc-default-executor-4] INFO  server.GrpcLogAppender (GrpcLogAppender.java:onCompleted(292)) - 37fb6585-bd86-49e3-96c6-47308e6afbcf->d92499b0-1b7f-4387-8ba6-ffcf7cff46e6: follower responses appendEntries COMPLETED
2019-08-29 08:47:41,858 [grpc-default-executor-5] INFO  impl.FollowerInfo (FollowerInfo.java:lambda$new$0(50)) - 37fb6585-bd86-49e3-96c6-47308e6afbcf->dd40d4a5-aa3f-4ebf-9cec-f561545fceec: nextIndex: updateUnconditionally 17 -> 16
2019-08-29 08:47:41,859 [grpc-default-executor-4] INFO  impl.FollowerInfo (FollowerInfo.java:lambda$new$0(50)) - 37fb6585-bd86-49e3-96c6-47308e6afbcf->d92499b0-1b7f-4387-8ba6-ffcf7cff46e6: nextIndex: updateUnconditionally 17 -> 16
2019-08-29 08:47:41,920 [grpc-default-executor-1] WARN  server.GrpcLogAppender (LogUtils.java:warn(134)) - 2256733f-555b-4f0d-8703-18eb36ab43de->3a39fbaa-14da-4624-bf1d-aa1db02e0173: Failed appendEntries: org.apache.ratis.thirdparty.io.grpc.StatusRuntimeException: UNAVAILABLE: io exception
2019-08-29 08:47:41,924 [grpc-default-executor-1] INFO  impl.FollowerInfo (FollowerInfo.java:lambda$new$0(50)) - 2256733f-555b-4f0d-8703-18eb36ab43de->3a39fbaa-14da-4624-bf1d-aa1db02e0173: nextIndex: updateUnconditionally 0 -> 0
2019-08-29 08:47:41,964 | INFO  | SCMAudit | user=jenkins1000 | ip=192.168.5.176 | op=SEND_HEARTBEAT {datanodeUUID=d2610440-16a5-46aa-8011-5e9b2b98e89e, command=[]} | ret=SUCCESS |  
2019-08-29 08:47:41,966 | INFO  | SCMAudit | user=jenkins1000 | ip=192.168.5.176 | op=SEND_HEARTBEAT {datanodeUUID=4372d764-1931-406f-887c-7b5d1b7ac3a6, command=[]} | ret=SUCCESS |  
2019-08-29 08:47:41,970 | INFO  | SCMAudit | user=jenkins1000 | ip=192.168.5.176 | op=SEND_HEARTBEAT {datanodeUUID=62127296-10ba-4bda-9b01-f27ba8bd8737, command=[]} | ret=SUCCESS |  
2019-08-29 08:47:42,332 [StateMachineUpdater:37fb6585-bd86-49e3-96c6-47308e6afbcf:group-99B3E677189C] INFO  ratis.ContainerStateMachine (ContainerStateMachine.java:takeSnapshot(295)) - group-99B3E677189C: Finished taking a snapshot at:(t:1, i:12) file:/workdir/hadoop-ozone/integration-test/target/test-dir/MiniOzoneClusterImpl-0396b80d-4163-4a3b-9db9-4b816fc820e4/datanode-3/data/ratis/054fdc03-55bb-4efd-8db9-99b3e677189c/sm/snapshot.1_12 time:474
2019-08-29 08:47:42,332 [StateMachineUpdater:823a7cbe-9ef5-429c-8255-e9ac46ec72ba:group-CDBD8F166C83] INFO  ratis.ContainerStateMachine (ContainerStateMachine.java:takeSnapshot(295)) - group-CDBD8F166C83: Finished taking a snapshot at:(t:5, i:4) file:/workdir/hadoop-ozone/integration-test/target/test-dir/MiniOzoneClusterImpl-0396b80d-4163-4a3b-9db9-4b816fc820e4/datanode-6/data/ratis/e626d3a6-0973-4da6-be81-cdbd8f166c83/sm/snapshot.5_4 time:484
2019-08-29 08:47:42,332 [StateMachineUpdater:37fb6585-bd86-49e3-96c6-47308e6afbcf:group-99B3E677189C] INFO  impl.StateMachineUpdater (StateMachineUpdater.java:takeSnapshot(242)) - StateMachineUpdater:37fb6585-bd86-49e3-96c6-47308e6afbcf:group-99B3E677189C: Took a snapshot at index 12
2019-08-29 08:47:42,332 [StateMachineUpdater:37fb6585-bd86-49e3-96c6-47308e6afbcf:group-99B3E677189C] INFO  impl.StateMachineUpdater (StateMachineUpdater.java:lambda$new$0(80)) - StateMachineUpdater:37fb6585-bd86-49e3-96c6-47308e6afbcf:group-99B3E677189C: snapshotIndex: updateIncreasingly -1 -> 12
2019-08-29 08:47:42,332 [StateMachineUpdater:823a7cbe-9ef5-429c-8255-e9ac46ec72ba:group-CDBD8F166C83] INFO  impl.StateMachineUpdater (StateMachineUpdater.java:takeSnapshot(242)) - StateMachineUpdater:823a7cbe-9ef5-429c-8255-e9ac46ec72ba:group-CDBD8F166C83: Took a snapshot at index 4
2019-08-29 08:47:42,332 [StateMachineUpdater:823a7cbe-9ef5-429c-8255-e9ac46ec72ba:group-CDBD8F166C83] INFO  impl.StateMachineUpdater (StateMachineUpdater.java:lambda$new$0(80)) - StateMachineUpdater:823a7cbe-9ef5-429c-8255-e9ac46ec72ba:group-CDBD8F166C83: snapshotIndex: updateIncreasingly -1 -> 4
2019-08-29 08:47:42,332 [ForkJoinPool.commonPool-worker-0] INFO  impl.RaftServerImpl (ServerState.java:close(394)) - 37fb6585-bd86-49e3-96c6-47308e6afbcf:group-99B3E677189C closes. The last applied log index is 16
2019-08-29 08:47:42,333 [37fb6585-bd86-49e3-96c6-47308e6afbcf-SegmentedRaftLogWorker:Storage Directory /workdir/hadoop-ozone/integration-test/target/test-dir/MiniOzoneClusterImpl-0396b80d-4163-4a3b-9db9-4b816fc820e4/datanode-3/data/ratis/054fdc03-55bb-4efd-8db9-99b3e677189c] INFO  segmented.SegmentedRaftLogWorker (SegmentedRaftLogWorker.java:run(313)) - 37fb6585-bd86-49e3-96c6-47308e6afbcf-SegmentedRaftLogWorker:Storage Directory /workdir/hadoop-ozone/integration-test/target/test-dir/MiniOzoneClusterImpl-0396b80d-4163-4a3b-9db9-4b816fc820e4/datanode-3/data/ratis/054fdc03-55bb-4efd-8db9-99b3e677189c was interrupted, exiting. There are 0 tasks remaining in the queue.
2019-08-29 08:47:42,333 [main] INFO  impl.RaftServerImpl (ServerState.java:close(394)) - 823a7cbe-9ef5-429c-8255-e9ac46ec72ba:group-CDBD8F166C83 closes. The last applied log index is 6
2019-08-29 08:47:42,336 [ForkJoinPool.commonPool-worker-0] INFO  segmented.SegmentedRaftLogWorker (SegmentedRaftLogWorker.java:close(228)) - 37fb6585-bd86-49e3-96c6-47308e6afbcf-SegmentedRaftLogWorker:Storage Directory /workdir/hadoop-ozone/integration-test/target/test-dir/MiniOzoneClusterImpl-0396b80d-4163-4a3b-9db9-4b816fc820e4/datanode-3/data/ratis/054fdc03-55bb-4efd-8db9-99b3e677189c close()
2019-08-29 08:47:42,336 [823a7cbe-9ef5-429c-8255-e9ac46ec72ba-SegmentedRaftLogWorker:Storage Directory /workdir/hadoop-ozone/integration-test/target/test-dir/MiniOzoneClusterImpl-0396b80d-4163-4a3b-9db9-4b816fc820e4/datanode-6/data/ratis/e626d3a6-0973-4da6-be81-cdbd8f166c83] INFO  segmented.SegmentedRaftLogWorker (SegmentedRaftLogWorker.java:run(313)) - 823a7cbe-9ef5-429c-8255-e9ac46ec72ba-SegmentedRaftLogWorker:Storage Directory /workdir/hadoop-ozone/integration-test/target/test-dir/MiniOzoneClusterImpl-0396b80d-4163-4a3b-9db9-4b816fc820e4/datanode-6/data/ratis/e626d3a6-0973-4da6-be81-cdbd8f166c83 was interrupted, exiting. There are 0 tasks remaining in the queue.
2019-08-29 08:47:42,341 [ForkJoinPool.commonPool-worker-0] INFO  server.GrpcService (GrpcService.java:closeImpl(155)) - 37fb6585-bd86-49e3-96c6-47308e6afbcf: shutdown server with port 35563 now
2019-08-29 08:47:42,342 [main] INFO  segmented.SegmentedRaftLogWorker (SegmentedRaftLogWorker.java:close(228)) - 823a7cbe-9ef5-429c-8255-e9ac46ec72ba-SegmentedRaftLogWorker:Storage Directory /workdir/hadoop-ozone/integration-test/target/test-dir/MiniOzoneClusterImpl-0396b80d-4163-4a3b-9db9-4b816fc820e4/datanode-6/data/ratis/e626d3a6-0973-4da6-be81-cdbd8f166c83 close()
2019-08-29 08:47:42,345 [main] INFO  server.GrpcService (GrpcService.java:closeImpl(155)) - 823a7cbe-9ef5-429c-8255-e9ac46ec72ba: shutdown server with port 37287 now
2019-08-29 08:47:42,347 [ForkJoinPool.commonPool-worker-0] INFO  server.GrpcService (GrpcService.java:closeImpl(163)) - 37fb6585-bd86-49e3-96c6-47308e6afbcf: shutdown server with port 35563 successfully
2019-08-29 08:47:42,348 [grpc-default-executor-4] WARN  client.GrpcClientProtocolService (LogUtils.java:warn(134)) - 3-UnorderedRequestStreamObserver3: onError: org.apache.ratis.thirdparty.io.grpc.StatusRuntimeException: CANCELLED: cancelled before receiving half close
2019-08-29 08:47:42,348 [grpc-default-executor-2] WARN  server.GrpcLogAppender (LogUtils.java:warn(134)) - 2256733f-555b-4f0d-8703-18eb36ab43de->823a7cbe-9ef5-429c-8255-e9ac46ec72ba: Failed appendEntries: org.apache.ratis.thirdparty.io.grpc.StatusRuntimeException: CANCELLED: HTTP/2 error code: CANCEL
Received Rst Stream
2019-08-29 08:47:42,348 [main] INFO  server.GrpcService (GrpcService.java:closeImpl(163)) - 823a7cbe-9ef5-429c-8255-e9ac46ec72ba: shutdown server with port 37287 successfully
2019-08-29 08:47:42,348 [grpc-default-executor-2] INFO  impl.FollowerInfo (FollowerInfo.java:lambda$new$0(50)) - 2256733f-555b-4f0d-8703-18eb36ab43de->823a7cbe-9ef5-429c-8255-e9ac46ec72ba: nextIndex: updateUnconditionally 7 -> 6
2019-08-29 08:47:42,348 [grpc-default-executor-5] WARN  server.GrpcServerProtocolService (LogUtils.java:warn(134)) - 823a7cbe-9ef5-429c-8255-e9ac46ec72ba: appendEntries onError: org.apache.ratis.thirdparty.io.grpc.StatusRuntimeException: CANCELLED: cancelled before receiving half close
2019-08-29 08:47:42,354 [refreshUsed-/workdir/hadoop-ozone/integration-test/target/test-dir/MiniOzoneClusterImpl-0396b80d-4163-4a3b-9db9-4b816fc820e4/datanode-3/data/containers] WARN  fs.CachingGetSpaceUsed (CachingGetSpaceUsed.java:run(183)) - Thread Interrupted waiting to refresh disk information: sleep interrupted
2019-08-29 08:47:42,354 [refreshUsed-/workdir/hadoop-ozone/integration-test/target/test-dir/MiniOzoneClusterImpl-0396b80d-4163-4a3b-9db9-4b816fc820e4/datanode-6/data/containers] WARN  fs.CachingGetSpaceUsed (CachingGetSpaceUsed.java:run(183)) - Thread Interrupted waiting to refresh disk information: sleep interrupted
2019-08-29 08:47:42,377 [main] INFO  utils.BackgroundService (BackgroundService.java:shutdown(148)) - Shutting down service BlockDeletingService
2019-08-29 08:47:42,383 [main] INFO  statemachine.DatanodeStateMachine (DatanodeStateMachine.java:stopDaemon(395)) - Ozone container server stopped.
2019-08-29 08:47:42,384 [ForkJoinPool.commonPool-worker-0] INFO  utils.BackgroundService (BackgroundService.java:shutdown(148)) - Shutting down service BlockDeletingService
2019-08-29 08:47:42,385 [main] INFO  handler.ContextHandler (ContextHandler.java:doStop(910)) - Stopped o.e.j.w.WebAppContext@574b7f4a{/,null,UNAVAILABLE}{/hddsDatanode}
2019-08-29 08:47:42,389 [ForkJoinPool.commonPool-worker-0] INFO  statemachine.DatanodeStateMachine (DatanodeStateMachine.java:stopDaemon(395)) - Ozone container server stopped.
2019-08-29 08:47:42,392 [main] INFO  server.AbstractConnector (AbstractConnector.java:doStop(318)) - Stopped ServerConnector@44ed0a8f{HTTP/1.1,[http/1.1]}{0.0.0.0:0}
2019-08-29 08:47:42,394 [ForkJoinPool.commonPool-worker-0] INFO  handler.ContextHandler (ContextHandler.java:doStop(910)) - Stopped o.e.j.w.WebAppContext@10c72a6f{/,null,UNAVAILABLE}{/hddsDatanode}
2019-08-29 08:47:42,394 [main] INFO  handler.ContextHandler (ContextHandler.java:doStop(910)) - Stopped o.e.j.s.ServletContextHandler@7b27e8f4{/static,jar:file:/home/user/.m2/repository/org/apache/hadoop/hadoop-hdds-container-service/0.5.0-SNAPSHOT/hadoop-hdds-container-service-0.5.0-SNAPSHOT.jar!/webapps/static,UNAVAILABLE}
2019-08-29 08:47:42,394 [main] INFO  handler.ContextHandler (ContextHandler.java:doStop(910)) - Stopped o.e.j.s.ServletContextHandler@d613308{/logs,file:///workdir/hadoop-ozone/integration-test/target/log,UNAVAILABLE}
2019-08-29 08:47:42,394 [ForkJoinPool.commonPool-worker-0] INFO  server.AbstractConnector (AbstractConnector.java:doStop(318)) - Stopped ServerConnector@70e94ecb{HTTP/1.1,[http/1.1]}{0.0.0.0:0}
2019-08-29 08:47:42,396 [ForkJoinPool.commonPool-worker-0] INFO  handler.ContextHandler (ContextHandler.java:doStop(910)) - Stopped o.e.j.s.ServletContextHandler@2da3b078{/static,jar:file:/home/user/.m2/repository/org/apache/hadoop/hadoop-hdds-container-service/0.5.0-SNAPSHOT/hadoop-hdds-container-service-0.5.0-SNAPSHOT.jar!/webapps/static,UNAVAILABLE}
2019-08-29 08:47:42,398 [ForkJoinPool.commonPool-worker-0] INFO  handler.ContextHandler (ContextHandler.java:doStop(910)) - Stopped o.e.j.s.ServletContextHandler@19a64eae{/logs,file:///workdir/hadoop-ozone/integration-test/target/log,UNAVAILABLE}
2019-08-29 08:47:42,421 [grpc-default-executor-4] WARN  server.GrpcLogAppender (LogUtils.java:warn(134)) - 2256733f-555b-4f0d-8703-18eb36ab43de->3a39fbaa-14da-4624-bf1d-aa1db02e0173: Failed appendEntries: org.apache.ratis.thirdparty.io.grpc.StatusRuntimeException: UNAVAILABLE: io exception
2019-08-29 08:47:42,424 [grpc-default-executor-4] INFO  impl.FollowerInfo (FollowerInfo.java:lambda$new$0(50)) - 2256733f-555b-4f0d-8703-18eb36ab43de->3a39fbaa-14da-4624-bf1d-aa1db02e0173: nextIndex: updateUnconditionally 0 -> 0
2019-08-29 08:47:42,425 [grpc-default-executor-5] WARN  server.GrpcLogAppender (LogUtils.java:warn(134)) - 2256733f-555b-4f0d-8703-18eb36ab43de->823a7cbe-9ef5-429c-8255-e9ac46ec72ba: Failed appendEntries: org.apache.ratis.thirdparty.io.grpc.StatusRuntimeException: UNAVAILABLE: io exception
2019-08-29 08:47:42,428 [grpc-default-executor-5] INFO  impl.FollowerInfo (FollowerInfo.java:lambda$new$0(50)) - 2256733f-555b-4f0d-8703-18eb36ab43de->823a7cbe-9ef5-429c-8255-e9ac46ec72ba: nextIndex: updateUnconditionally 6 -> 5
2019-08-29 08:47:42,780 | INFO  | SCMAudit | user=jenkins1000 | ip=192.168.5.176 | op=SEND_HEARTBEAT {datanodeUUID=2256733f-555b-4f0d-8703-18eb36ab43de, command=[]} | ret=SUCCESS |  
2019-08-29 08:47:42,830 [Datanode State Machine Thread - 0] INFO  statemachine.DatanodeStateMachine (DatanodeStateMachine.java:lambda$startDaemon$0(350)) - Ozone container server started.
2019-08-29 08:47:42,831 | INFO  | SCMAudit | user=jenkins1000 | ip=192.168.5.176 | op=SEND_HEARTBEAT {datanodeUUID=d92499b0-1b7f-4387-8ba6-ffcf7cff46e6, command=[]} | ret=SUCCESS |  
2019-08-29 08:47:42,921 [grpc-default-executor-2] WARN  server.GrpcLogAppender (LogUtils.java:warn(134)) - 2256733f-555b-4f0d-8703-18eb36ab43de->3a39fbaa-14da-4624-bf1d-aa1db02e0173: Failed appendEntries: org.apache.ratis.thirdparty.io.grpc.StatusRuntimeException: UNAVAILABLE: io exception
2019-08-29 08:47:42,924 [grpc-default-executor-2] INFO  impl.FollowerInfo (FollowerInfo.java:lambda$new$0(50)) - 2256733f-555b-4f0d-8703-18eb36ab43de->3a39fbaa-14da-4624-bf1d-aa1db02e0173: nextIndex: updateUnconditionally 0 -> 0
2019-08-29 08:47:42,925 [grpc-default-executor-5] WARN  server.GrpcLogAppender (LogUtils.java:warn(134)) - 2256733f-555b-4f0d-8703-18eb36ab43de->823a7cbe-9ef5-429c-8255-e9ac46ec72ba: Failed appendEntries: org.apache.ratis.thirdparty.io.grpc.StatusRuntimeException: UNAVAILABLE: io exception
2019-08-29 08:47:42,927 [grpc-default-executor-5] INFO  impl.FollowerInfo (FollowerInfo.java:lambda$new$0(50)) - 2256733f-555b-4f0d-8703-18eb36ab43de->823a7cbe-9ef5-429c-8255-e9ac46ec72ba: nextIndex: updateUnconditionally 5 -> 4
2019-08-29 08:47:42,964 [Datanode State Machine Thread - 0] INFO  statemachine.DatanodeStateMachine (DatanodeStateMachine.java:lambda$startDaemon$0(350)) - Ozone container server started.
2019-08-29 08:47:42,966 | INFO  | SCMAudit | user=jenkins1000 | ip=192.168.5.176 | op=SEND_HEARTBEAT {datanodeUUID=4372d764-1931-406f-887c-7b5d1b7ac3a6, command=[]} | ret=SUCCESS |  
2019-08-29 08:47:42,970 | INFO  | SCMAudit | user=jenkins1000 | ip=192.168.5.176 | op=SEND_HEARTBEAT {datanodeUUID=62127296-10ba-4bda-9b01-f27ba8bd8737, command=[]} | ret=SUCCESS |  
2019-08-29 08:47:43,034 [Thread-390] INFO  impl.FollowerState (FollowerState.java:run(106)) - d92499b0-1b7f-4387-8ba6-ffcf7cff46e6:group-99B3E677189C changes to CANDIDATE, lastRpcTime:1445, electionTimeout:1102ms
2019-08-29 08:47:43,035 [Thread-390] INFO  impl.RoleInfo (RoleInfo.java:shutdownFollowerState(121)) - d92499b0-1b7f-4387-8ba6-ffcf7cff46e6: shutdown FollowerState
2019-08-29 08:47:43,035 [Thread-390] INFO  impl.RaftServerImpl (RaftServerImpl.java:setRole(171)) - d92499b0-1b7f-4387-8ba6-ffcf7cff46e6:group-99B3E677189C changes role from FOLLOWER to CANDIDATE at term 1 for changeToCandidate
2019-08-29 08:47:43,035 [Thread-390] INFO  impl.RoleInfo (RoleInfo.java:updateAndGet(143)) - d92499b0-1b7f-4387-8ba6-ffcf7cff46e6: start LeaderElection
2019-08-29 08:47:43,035 [d92499b0-1b7f-4387-8ba6-ffcf7cff46e6:group-99B3E677189C:LeaderElection37] INFO  impl.RaftServerImpl (ServerState.java:setLeader(263)) - d92499b0-1b7f-4387-8ba6-ffcf7cff46e6:group-99B3E677189C change Leader from 37fb6585-bd86-49e3-96c6-47308e6afbcf to null at term 1 for initElection
2019-08-29 08:47:43,039 [d92499b0-1b7f-4387-8ba6-ffcf7cff46e6:group-99B3E677189C:LeaderElection37] INFO  impl.LeaderElection (LeaderElection.java:askForVotes(181)) - d92499b0-1b7f-4387-8ba6-ffcf7cff46e6:group-99B3E677189C:LeaderElection37: begin an election at term 2 for 0: [dd40d4a5-aa3f-4ebf-9cec-f561545fceec:192.168.5.176:34437, 37fb6585-bd86-49e3-96c6-47308e6afbcf:192.168.5.176:35563, d92499b0-1b7f-4387-8ba6-ffcf7cff46e6:192.168.5.176:34281], old=null
2019-08-29 08:47:43,042 [d92499b0-1b7f-4387-8ba6-ffcf7cff46e6:group-99B3E677189C:LeaderElection37] INFO  impl.LeaderElection (LogUtils.java:infoOrTrace(149)) - d92499b0-1b7f-4387-8ba6-ffcf7cff46e6:group-99B3E677189C:LeaderElection37 got exception when requesting votes: {}
java.util.concurrent.ExecutionException: org.apache.ratis.thirdparty.io.grpc.StatusRuntimeException: UNAVAILABLE: io exception
	at java.util.concurrent.FutureTask.report(FutureTask.java:122)
	at java.util.concurrent.FutureTask.get(FutureTask.java:192)
	at org.apache.ratis.server.impl.LeaderElection.waitForResults(LeaderElection.java:262)
	at org.apache.ratis.server.impl.LeaderElection.askForVotes(LeaderElection.java:200)
	at org.apache.ratis.server.impl.LeaderElection.run(LeaderElection.java:130)
	at java.lang.Thread.run(Thread.java:748)
Caused by: org.apache.ratis.thirdparty.io.grpc.StatusRuntimeException: UNAVAILABLE: io exception
	at org.apache.ratis.thirdparty.io.grpc.stub.ClientCalls.toStatusRuntimeException(ClientCalls.java:233)
	at org.apache.ratis.thirdparty.io.grpc.stub.ClientCalls.getUnchecked(ClientCalls.java:214)
	at org.apache.ratis.thirdparty.io.grpc.stub.ClientCalls.blockingUnaryCall(ClientCalls.java:139)
	at org.apache.ratis.proto.grpc.RaftServerProtocolServiceGrpc$RaftServerProtocolServiceBlockingStub.requestVote(RaftServerProtocolServiceGrpc.java:265)
	at org.apache.ratis.grpc.server.GrpcServerProtocolClient.requestVote(GrpcServerProtocolClient.java:83)
	at org.apache.ratis.grpc.server.GrpcService.requestVote(GrpcService.java:195)
	at org.apache.ratis.server.impl.LeaderElection.lambda$submitRequests$1(LeaderElection.java:237)
	at java.util.concurrent.FutureTask.run(FutureTask.java:266)
	at java.util.concurrent.Executors$RunnableAdapter.call(Executors.java:511)
	at java.util.concurrent.FutureTask.run(FutureTask.java:266)
	at java.util.concurrent.ThreadPoolExecutor.runWorker(ThreadPoolExecutor.java:1149)
	at java.util.concurrent.ThreadPoolExecutor$Worker.run(ThreadPoolExecutor.java:624)
	... 1 more
Caused by: org.apache.ratis.thirdparty.io.netty.channel.AbstractChannel$AnnotatedConnectException: Connection refused: /192.168.5.176:35563
	at sun.nio.ch.SocketChannelImpl.checkConnect(Native Method)
	at sun.nio.ch.SocketChannelImpl.finishConnect(SocketChannelImpl.java:717)
	at org.apache.ratis.thirdparty.io.netty.channel.socket.nio.NioSocketChannel.doFinishConnect(NioSocketChannel.java:327)
	at org.apache.ratis.thirdparty.io.netty.channel.nio.AbstractNioChannel$AbstractNioUnsafe.finishConnect(AbstractNioChannel.java:340)
	at org.apache.ratis.thirdparty.io.netty.channel.nio.NioEventLoop.processSelectedKey(NioEventLoop.java:632)
	at org.apache.ratis.thirdparty.io.netty.channel.nio.NioEventLoop.processSelectedKeysOptimized(NioEventLoop.java:579)
	at org.apache.ratis.thirdparty.io.netty.channel.nio.NioEventLoop.processSelectedKeys(NioEventLoop.java:496)
	at org.apache.ratis.thirdparty.io.netty.channel.nio.NioEventLoop.run(NioEventLoop.java:458)
	at org.apache.ratis.thirdparty.io.netty.util.concurrent.SingleThreadEventExecutor$5.run(SingleThreadEventExecutor.java:897)
	at org.apache.ratis.thirdparty.io.netty.util.concurrent.FastThreadLocalRunnable.run(FastThreadLocalRunnable.java:30)
	... 1 more
Caused by: java.net.ConnectException: Connection refused
	... 11 more
2019-08-29 08:47:43,047 [grpc-default-executor-2] INFO  impl.RaftServerImpl (ServerState.java:setLeader(263)) - dd40d4a5-aa3f-4ebf-9cec-f561545fceec:group-99B3E677189C change Leader from 37fb6585-bd86-49e3-96c6-47308e6afbcf to null at term 2 for updateCurrentTerm
2019-08-29 08:47:43,047 [grpc-default-executor-2] INFO  impl.RaftServerImpl (RaftServerImpl.java:setRole(171)) - dd40d4a5-aa3f-4ebf-9cec-f561545fceec:group-99B3E677189C changes role from FOLLOWER to FOLLOWER at term 2 for recognizeCandidate:d92499b0-1b7f-4387-8ba6-ffcf7cff46e6
2019-08-29 08:47:43,047 [grpc-default-executor-2] INFO  impl.RoleInfo (RoleInfo.java:shutdownFollowerState(121)) - dd40d4a5-aa3f-4ebf-9cec-f561545fceec: shutdown FollowerState
2019-08-29 08:47:43,047 [grpc-default-executor-2] INFO  impl.RoleInfo (RoleInfo.java:updateAndGet(143)) - dd40d4a5-aa3f-4ebf-9cec-f561545fceec: start FollowerState
2019-08-29 08:47:43,047 [Thread-391] INFO  impl.FollowerState (FollowerState.java:run(114)) - dd40d4a5-aa3f-4ebf-9cec-f561545fceec: FollowerState was interrupted: java.lang.InterruptedException: sleep interrupted
2019-08-29 08:47:43,057 [d92499b0-1b7f-4387-8ba6-ffcf7cff46e6:group-99B3E677189C:LeaderElection37] INFO  impl.LeaderElection (LeaderElection.java:logAndReturn(56)) - d92499b0-1b7f-4387-8ba6-ffcf7cff46e6:group-99B3E677189C:LeaderElection37: Election PASSED; received 1 response(s) [d92499b0-1b7f-4387-8ba6-ffcf7cff46e6<-dd40d4a5-aa3f-4ebf-9cec-f561545fceec#0:OK-t2] and 1 exception(s); d92499b0-1b7f-4387-8ba6-ffcf7cff46e6:t2, leader=null, voted=d92499b0-1b7f-4387-8ba6-ffcf7cff46e6, raftlog=d92499b0-1b7f-4387-8ba6-ffcf7cff46e6-SegmentedRaftLog:OPENED:c16,f16,i16, conf=0: [dd40d4a5-aa3f-4ebf-9cec-f561545fceec:192.168.5.176:34437, 37fb6585-bd86-49e3-96c6-47308e6afbcf:192.168.5.176:35563, d92499b0-1b7f-4387-8ba6-ffcf7cff46e6:192.168.5.176:34281], old=null
2019-08-29 08:47:43,057 [d92499b0-1b7f-4387-8ba6-ffcf7cff46e6:group-99B3E677189C:LeaderElection37] INFO  impl.LeaderElection (LogUtils.java:infoOrTrace(149)) -   Exception 0: {}
java.util.concurrent.ExecutionException: org.apache.ratis.thirdparty.io.grpc.StatusRuntimeException: UNAVAILABLE: io exception
	at java.util.concurrent.FutureTask.report(FutureTask.java:122)
	at java.util.concurrent.FutureTask.get(FutureTask.java:192)
	at org.apache.ratis.server.impl.LeaderElection.waitForResults(LeaderElection.java:262)
	at org.apache.ratis.server.impl.LeaderElection.askForVotes(LeaderElection.java:200)
	at org.apache.ratis.server.impl.LeaderElection.run(LeaderElection.java:130)
	at java.lang.Thread.run(Thread.java:748)
Caused by: org.apache.ratis.thirdparty.io.grpc.StatusRuntimeException: UNAVAILABLE: io exception
	at org.apache.ratis.thirdparty.io.grpc.stub.ClientCalls.toStatusRuntimeException(ClientCalls.java:233)
	at org.apache.ratis.thirdparty.io.grpc.stub.ClientCalls.getUnchecked(ClientCalls.java:214)
	at org.apache.ratis.thirdparty.io.grpc.stub.ClientCalls.blockingUnaryCall(ClientCalls.java:139)
	at org.apache.ratis.proto.grpc.RaftServerProtocolServiceGrpc$RaftServerProtocolServiceBlockingStub.requestVote(RaftServerProtocolServiceGrpc.java:265)
	at org.apache.ratis.grpc.server.GrpcServerProtocolClient.requestVote(GrpcServerProtocolClient.java:83)
	at org.apache.ratis.grpc.server.GrpcService.requestVote(GrpcService.java:195)
	at org.apache.ratis.server.impl.LeaderElection.lambda$submitRequests$1(LeaderElection.java:237)
	at java.util.concurrent.FutureTask.run(FutureTask.java:266)
	at java.util.concurrent.Executors$RunnableAdapter.call(Executors.java:511)
	at java.util.concurrent.FutureTask.run(FutureTask.java:266)
	at java.util.concurrent.ThreadPoolExecutor.runWorker(ThreadPoolExecutor.java:1149)
	at java.util.concurrent.ThreadPoolExecutor$Worker.run(ThreadPoolExecutor.java:624)
	... 1 more
Caused by: org.apache.ratis.thirdparty.io.netty.channel.AbstractChannel$AnnotatedConnectException: Connection refused: /192.168.5.176:35563
	at sun.nio.ch.SocketChannelImpl.checkConnect(Native Method)
	at sun.nio.ch.SocketChannelImpl.finishConnect(SocketChannelImpl.java:717)
	at org.apache.ratis.thirdparty.io.netty.channel.socket.nio.NioSocketChannel.doFinishConnect(NioSocketChannel.java:327)
	at org.apache.ratis.thirdparty.io.netty.channel.nio.AbstractNioChannel$AbstractNioUnsafe.finishConnect(AbstractNioChannel.java:340)
	at org.apache.ratis.thirdparty.io.netty.channel.nio.NioEventLoop.processSelectedKey(NioEventLoop.java:632)
	at org.apache.ratis.thirdparty.io.netty.channel.nio.NioEventLoop.processSelectedKeysOptimized(NioEventLoop.java:579)
	at org.apache.ratis.thirdparty.io.netty.channel.nio.NioEventLoop.processSelectedKeys(NioEventLoop.java:496)
	at org.apache.ratis.thirdparty.io.netty.channel.nio.NioEventLoop.run(NioEventLoop.java:458)
	at org.apache.ratis.thirdparty.io.netty.util.concurrent.SingleThreadEventExecutor$5.run(SingleThreadEventExecutor.java:897)
	at org.apache.ratis.thirdparty.io.netty.util.concurrent.FastThreadLocalRunnable.run(FastThreadLocalRunnable.java:30)
	... 1 more
Caused by: java.net.ConnectException: Connection refused
	... 11 more
2019-08-29 08:47:43,058 [d92499b0-1b7f-4387-8ba6-ffcf7cff46e6:group-99B3E677189C:LeaderElection37] INFO  impl.RoleInfo (RoleInfo.java:shutdownLeaderElection(134)) - d92499b0-1b7f-4387-8ba6-ffcf7cff46e6: shutdown LeaderElection
2019-08-29 08:47:43,058 [d92499b0-1b7f-4387-8ba6-ffcf7cff46e6:group-99B3E677189C:LeaderElection37] INFO  impl.RaftServerImpl (RaftServerImpl.java:setRole(171)) - d92499b0-1b7f-4387-8ba6-ffcf7cff46e6:group-99B3E677189C changes role from CANDIDATE to LEADER at term 2 for changeToLeader
2019-08-29 08:47:43,058 [d92499b0-1b7f-4387-8ba6-ffcf7cff46e6:group-99B3E677189C:LeaderElection37] INFO  impl.RaftServerImpl (ServerState.java:setLeader(263)) - d92499b0-1b7f-4387-8ba6-ffcf7cff46e6:group-99B3E677189C change Leader from null to d92499b0-1b7f-4387-8ba6-ffcf7cff46e6 at term 2 for becomeLeader, leader elected after 22ms
2019-08-29 08:47:43,058 [d92499b0-1b7f-4387-8ba6-ffcf7cff46e6:group-99B3E677189C:LeaderElection37] INFO  server.RaftServerConfigKeys (ConfUtils.java:logGet(43)) - raft.server.staging.catchup.gap = 1000 (default)
2019-08-29 08:47:43,058 [d92499b0-1b7f-4387-8ba6-ffcf7cff46e6:group-99B3E677189C:LeaderElection37] INFO  server.RaftServerConfigKeys (ConfUtils.java:logGet(43)) - raft.server.rpc.sleep.time = 25ms (default)
2019-08-29 08:47:43,059 [d92499b0-1b7f-4387-8ba6-ffcf7cff46e6:group-99B3E677189C:LeaderElection37] INFO  server.RaftServerConfigKeys (ConfUtils.java:logGet(43)) - raft.server.write.element-limit = 4096 (default)
2019-08-29 08:47:43,059 [d92499b0-1b7f-4387-8ba6-ffcf7cff46e6:group-99B3E677189C:LeaderElection37] INFO  server.RaftServerConfigKeys (ConfUtils.java:logGet(43)) - raft.server.watch.timeout = 10s (default)
2019-08-29 08:47:43,059 [d92499b0-1b7f-4387-8ba6-ffcf7cff46e6:group-99B3E677189C:LeaderElection37] INFO  server.RaftServerConfigKeys (ConfUtils.java:logGet(43)) - raft.server.watch.timeout.denomination = 1s (default)
2019-08-29 08:47:43,059 [d92499b0-1b7f-4387-8ba6-ffcf7cff46e6:group-99B3E677189C:LeaderElection37] INFO  server.RaftServerConfigKeys (ConfUtils.java:logGet(43)) - raft.server.watch.element-limit = 65536 (default)
2019-08-29 08:47:43,059 [d92499b0-1b7f-4387-8ba6-ffcf7cff46e6:group-99B3E677189C:LeaderElection37] INFO  server.RaftServerConfigKeys (ConfUtils.java:logGet(43)) - raft.server.log.appender.snapshot.chunk.size.max = 16MB (=16777216) (default)
2019-08-29 08:47:43,060 [d92499b0-1b7f-4387-8ba6-ffcf7cff46e6:group-99B3E677189C:LeaderElection37] INFO  server.RaftServerConfigKeys (ConfUtils.java:logGet(43)) - raft.server.log.appender.buffer.byte-limit = 33554432 (custom)
2019-08-29 08:47:43,060 [d92499b0-1b7f-4387-8ba6-ffcf7cff46e6:group-99B3E677189C:LeaderElection37] INFO  server.RaftServerConfigKeys (ConfUtils.java:logGet(43)) - raft.server.log.appender.buffer.element-limit = 1 (custom)
2019-08-29 08:47:43,060 [d92499b0-1b7f-4387-8ba6-ffcf7cff46e6:group-99B3E677189C:LeaderElection37] INFO  grpc.GrpcConfigKeys$Server (ConfUtils.java:logGet(43)) - raft.grpc.server.leader.outstanding.appends.max = 128 (default)
2019-08-29 08:47:43,060 [d92499b0-1b7f-4387-8ba6-ffcf7cff46e6:group-99B3E677189C:LeaderElection37] INFO  server.RaftServerConfigKeys (ConfUtils.java:logGet(43)) - raft.server.rpc.request.timeout = 3000ms (default)
2019-08-29 08:47:43,060 [d92499b0-1b7f-4387-8ba6-ffcf7cff46e6:group-99B3E677189C:LeaderElection37] INFO  server.RaftServerConfigKeys (ConfUtils.java:logGet(43)) - raft.server.log.appender.install.snapshot.enabled = false (custom)
2019-08-29 08:47:43,060 [d92499b0-1b7f-4387-8ba6-ffcf7cff46e6:group-99B3E677189C:LeaderElection37] INFO  server.RaftServerConfigKeys (ConfUtils.java:logGet(43)) - raft.server.log.appender.snapshot.chunk.size.max = 16MB (=16777216) (default)
2019-08-29 08:47:43,061 [d92499b0-1b7f-4387-8ba6-ffcf7cff46e6:group-99B3E677189C:LeaderElection37] INFO  server.RaftServerConfigKeys (ConfUtils.java:logGet(43)) - raft.server.log.appender.buffer.byte-limit = 33554432 (custom)
2019-08-29 08:47:43,061 [d92499b0-1b7f-4387-8ba6-ffcf7cff46e6:group-99B3E677189C:LeaderElection37] INFO  server.RaftServerConfigKeys (ConfUtils.java:logGet(43)) - raft.server.log.appender.buffer.element-limit = 1 (custom)
2019-08-29 08:47:43,061 [d92499b0-1b7f-4387-8ba6-ffcf7cff46e6:group-99B3E677189C:LeaderElection37] INFO  grpc.GrpcConfigKeys$Server (ConfUtils.java:logGet(43)) - raft.grpc.server.leader.outstanding.appends.max = 128 (default)
2019-08-29 08:47:43,061 [d92499b0-1b7f-4387-8ba6-ffcf7cff46e6:group-99B3E677189C:LeaderElection37] INFO  server.RaftServerConfigKeys (ConfUtils.java:logGet(43)) - raft.server.rpc.request.timeout = 3000ms (default)
2019-08-29 08:47:43,061 [d92499b0-1b7f-4387-8ba6-ffcf7cff46e6:group-99B3E677189C:LeaderElection37] INFO  server.RaftServerConfigKeys (ConfUtils.java:logGet(43)) - raft.server.log.appender.install.snapshot.enabled = false (custom)
2019-08-29 08:47:43,061 [d92499b0-1b7f-4387-8ba6-ffcf7cff46e6:group-99B3E677189C:LeaderElection37] INFO  impl.RoleInfo (RoleInfo.java:updateAndGet(143)) - d92499b0-1b7f-4387-8ba6-ffcf7cff46e6: start LeaderState
2019-08-29 08:47:43,062 [d92499b0-1b7f-4387-8ba6-ffcf7cff46e6:group-99B3E677189C:LeaderElection37] INFO  segmented.SegmentedRaftLogWorker (SegmentedRaftLogWorker.java:rollLogSegment(385)) - d92499b0-1b7f-4387-8ba6-ffcf7cff46e6-SegmentedRaftLogWorker:Storage Directory /workdir/hadoop-ozone/integration-test/target/test-dir/MiniOzoneClusterImpl-0396b80d-4163-4a3b-9db9-4b816fc820e4/datanode-0/data/ratis/054fdc03-55bb-4efd-8db9-99b3e677189c: Rolling segment log-0_16 to index:16
2019-08-29 08:47:43,062 [d92499b0-1b7f-4387-8ba6-ffcf7cff46e6-SegmentedRaftLogWorker:Storage Directory /workdir/hadoop-ozone/integration-test/target/test-dir/MiniOzoneClusterImpl-0396b80d-4163-4a3b-9db9-4b816fc820e4/datanode-0/data/ratis/054fdc03-55bb-4efd-8db9-99b3e677189c] INFO  segmented.SegmentedRaftLogWorker (SegmentedRaftLogWorker.java:execute(526)) - d92499b0-1b7f-4387-8ba6-ffcf7cff46e6-SegmentedRaftLogWorker:Storage Directory /workdir/hadoop-ozone/integration-test/target/test-dir/MiniOzoneClusterImpl-0396b80d-4163-4a3b-9db9-4b816fc820e4/datanode-0/data/ratis/054fdc03-55bb-4efd-8db9-99b3e677189c: Rolled log segment from /workdir/hadoop-ozone/integration-test/target/test-dir/MiniOzoneClusterImpl-0396b80d-4163-4a3b-9db9-4b816fc820e4/datanode-0/data/ratis/054fdc03-55bb-4efd-8db9-99b3e677189c/current/log_inprogress_0 to /workdir/hadoop-ozone/integration-test/target/test-dir/MiniOzoneClusterImpl-0396b80d-4163-4a3b-9db9-4b816fc820e4/datanode-0/data/ratis/054fdc03-55bb-4efd-8db9-99b3e677189c/current/log_0-16
2019-08-29 08:47:43,062 [d92499b0-1b7f-4387-8ba6-ffcf7cff46e6:group-99B3E677189C:LeaderElection37] INFO  impl.RaftServerImpl (ServerState.java:setRaftConf(361)) - d92499b0-1b7f-4387-8ba6-ffcf7cff46e6:group-99B3E677189C set configuration 17: [dd40d4a5-aa3f-4ebf-9cec-f561545fceec:192.168.5.176:34437, 37fb6585-bd86-49e3-96c6-47308e6afbcf:192.168.5.176:35563, d92499b0-1b7f-4387-8ba6-ffcf7cff46e6:192.168.5.176:34281], old=null at 17
2019-08-29 08:47:43,063 [grpc-default-executor-2] WARN  server.GrpcLogAppender (LogUtils.java:warn(134)) - d92499b0-1b7f-4387-8ba6-ffcf7cff46e6->37fb6585-bd86-49e3-96c6-47308e6afbcf: Failed appendEntries: org.apache.ratis.thirdparty.io.grpc.StatusRuntimeException: UNAVAILABLE: io exception
2019-08-29 08:47:43,094 [grpc-default-executor-2] INFO  impl.FollowerInfo (FollowerInfo.java:lambda$new$0(50)) - d92499b0-1b7f-4387-8ba6-ffcf7cff46e6->37fb6585-bd86-49e3-96c6-47308e6afbcf: nextIndex: updateUnconditionally 17 -> 1
2019-08-29 08:47:43,095 [grpc-default-executor-2] INFO  impl.RaftServerImpl (ServerState.java:setLeader(263)) - dd40d4a5-aa3f-4ebf-9cec-f561545fceec:group-99B3E677189C change Leader from null to d92499b0-1b7f-4387-8ba6-ffcf7cff46e6 at term 2 for appendEntries, leader elected after 48ms
2019-08-29 08:47:43,098 [grpc-default-executor-2] INFO  impl.RaftServerImpl (ServerState.java:setRaftConf(361)) - dd40d4a5-aa3f-4ebf-9cec-f561545fceec:group-99B3E677189C set configuration 17: [dd40d4a5-aa3f-4ebf-9cec-f561545fceec:192.168.5.176:34437, 37fb6585-bd86-49e3-96c6-47308e6afbcf:192.168.5.176:35563, d92499b0-1b7f-4387-8ba6-ffcf7cff46e6:192.168.5.176:34281], old=null at 17
2019-08-29 08:47:43,098 [grpc-default-executor-2] INFO  segmented.SegmentedRaftLogWorker (SegmentedRaftLogWorker.java:rollLogSegment(385)) - dd40d4a5-aa3f-4ebf-9cec-f561545fceec-SegmentedRaftLogWorker:Storage Directory /workdir/hadoop-ozone/integration-test/target/test-dir/MiniOzoneClusterImpl-0396b80d-4163-4a3b-9db9-4b816fc820e4/datanode-4/data/ratis/054fdc03-55bb-4efd-8db9-99b3e677189c: Rolling segment log-0_16 to index:16
2019-08-29 08:47:43,106 [dd40d4a5-aa3f-4ebf-9cec-f561545fceec-SegmentedRaftLogWorker:Storage Directory /workdir/hadoop-ozone/integration-test/target/test-dir/MiniOzoneClusterImpl-0396b80d-4163-4a3b-9db9-4b816fc820e4/datanode-4/data/ratis/054fdc03-55bb-4efd-8db9-99b3e677189c] INFO  segmented.SegmentedRaftLogWorker (SegmentedRaftLogWorker.java:execute(526)) - dd40d4a5-aa3f-4ebf-9cec-f561545fceec-SegmentedRaftLogWorker:Storage Directory /workdir/hadoop-ozone/integration-test/target/test-dir/MiniOzoneClusterImpl-0396b80d-4163-4a3b-9db9-4b816fc820e4/datanode-4/data/ratis/054fdc03-55bb-4efd-8db9-99b3e677189c: Rolled log segment from /workdir/hadoop-ozone/integration-test/target/test-dir/MiniOzoneClusterImpl-0396b80d-4163-4a3b-9db9-4b816fc820e4/datanode-4/data/ratis/054fdc03-55bb-4efd-8db9-99b3e677189c/current/log_inprogress_0 to /workdir/hadoop-ozone/integration-test/target/test-dir/MiniOzoneClusterImpl-0396b80d-4163-4a3b-9db9-4b816fc820e4/datanode-4/data/ratis/054fdc03-55bb-4efd-8db9-99b3e677189c/current/log_0-16
2019-08-29 08:47:43,106 [d92499b0-1b7f-4387-8ba6-ffcf7cff46e6-SegmentedRaftLogWorker:Storage Directory /workdir/hadoop-ozone/integration-test/target/test-dir/MiniOzoneClusterImpl-0396b80d-4163-4a3b-9db9-4b816fc820e4/datanode-0/data/ratis/054fdc03-55bb-4efd-8db9-99b3e677189c] INFO  segmented.SegmentedRaftLogWorker (SegmentedRaftLogWorker.java:execute(569)) - d92499b0-1b7f-4387-8ba6-ffcf7cff46e6-SegmentedRaftLogWorker:Storage Directory /workdir/hadoop-ozone/integration-test/target/test-dir/MiniOzoneClusterImpl-0396b80d-4163-4a3b-9db9-4b816fc820e4/datanode-0/data/ratis/054fdc03-55bb-4efd-8db9-99b3e677189c: created new log segment /workdir/hadoop-ozone/integration-test/target/test-dir/MiniOzoneClusterImpl-0396b80d-4163-4a3b-9db9-4b816fc820e4/datanode-0/data/ratis/054fdc03-55bb-4efd-8db9-99b3e677189c/current/log_inprogress_17
2019-08-29 08:47:43,152 [dd40d4a5-aa3f-4ebf-9cec-f561545fceec-SegmentedRaftLogWorker:Storage Directory /workdir/hadoop-ozone/integration-test/target/test-dir/MiniOzoneClusterImpl-0396b80d-4163-4a3b-9db9-4b816fc820e4/datanode-4/data/ratis/054fdc03-55bb-4efd-8db9-99b3e677189c] INFO  segmented.SegmentedRaftLogWorker (SegmentedRaftLogWorker.java:execute(569)) - dd40d4a5-aa3f-4ebf-9cec-f561545fceec-SegmentedRaftLogWorker:Storage Directory /workdir/hadoop-ozone/integration-test/target/test-dir/MiniOzoneClusterImpl-0396b80d-4163-4a3b-9db9-4b816fc820e4/datanode-4/data/ratis/054fdc03-55bb-4efd-8db9-99b3e677189c: created new log segment /workdir/hadoop-ozone/integration-test/target/test-dir/MiniOzoneClusterImpl-0396b80d-4163-4a3b-9db9-4b816fc820e4/datanode-4/data/ratis/054fdc03-55bb-4efd-8db9-99b3e677189c/current/log_inprogress_17
2019-08-29 08:47:43,172 | INFO  | DNAudit | user=null | ip=null | op=READ_CHUNK {blockData=conID: 2 locID: 102699396711448577 bcsId: 0} | ret=SUCCESS |  
2019-08-29 08:47:43,176 [grpc-default-executor-4] WARN  server.GrpcLogAppender (LogUtils.java:warn(134)) - d92499b0-1b7f-4387-8ba6-ffcf7cff46e6->37fb6585-bd86-49e3-96c6-47308e6afbcf: Failed appendEntries: org.apache.ratis.thirdparty.io.grpc.StatusRuntimeException: UNAVAILABLE: io exception
2019-08-29 08:47:43,179 [grpc-default-executor-4] INFO  impl.FollowerInfo (FollowerInfo.java:lambda$new$0(50)) - d92499b0-1b7f-4387-8ba6-ffcf7cff46e6->37fb6585-bd86-49e3-96c6-47308e6afbcf: nextIndex: updateUnconditionally 2 -> 1
2019-08-29 08:47:43,197 [grpc-default-executor-4] WARN  server.GrpcLogAppender (LogUtils.java:warn(134)) - d92499b0-1b7f-4387-8ba6-ffcf7cff46e6->37fb6585-bd86-49e3-96c6-47308e6afbcf: Failed appendEntries: org.apache.ratis.thirdparty.io.grpc.StatusRuntimeException: UNAVAILABLE: io exception
2019-08-29 08:47:43,200 [grpc-default-executor-4] INFO  impl.FollowerInfo (FollowerInfo.java:lambda$new$0(50)) - d92499b0-1b7f-4387-8ba6-ffcf7cff46e6->37fb6585-bd86-49e3-96c6-47308e6afbcf: nextIndex: updateUnconditionally 2 -> 1
2019-08-29 08:47:43,422 [grpc-default-executor-4] WARN  server.GrpcLogAppender (LogUtils.java:warn(134)) - 2256733f-555b-4f0d-8703-18eb36ab43de->3a39fbaa-14da-4624-bf1d-aa1db02e0173: Failed appendEntries: org.apache.ratis.thirdparty.io.grpc.StatusRuntimeException: UNAVAILABLE: io exception
2019-08-29 08:47:43,426 [grpc-default-executor-1] WARN  server.GrpcLogAppender (LogUtils.java:warn(134)) - 2256733f-555b-4f0d-8703-18eb36ab43de->823a7cbe-9ef5-429c-8255-e9ac46ec72ba: Failed appendEntries: org.apache.ratis.thirdparty.io.grpc.StatusRuntimeException: UNAVAILABLE: io exception
2019-08-29 08:47:43,426 [grpc-default-executor-4] INFO  impl.FollowerInfo (FollowerInfo.java:lambda$new$0(50)) - 2256733f-555b-4f0d-8703-18eb36ab43de->3a39fbaa-14da-4624-bf1d-aa1db02e0173: nextIndex: updateUnconditionally 0 -> 0
2019-08-29 08:47:43,429 [grpc-default-executor-1] INFO  impl.FollowerInfo (FollowerInfo.java:lambda$new$0(50)) - 2256733f-555b-4f0d-8703-18eb36ab43de->823a7cbe-9ef5-429c-8255-e9ac46ec72ba: nextIndex: updateUnconditionally 4 -> 3
2019-08-29 08:47:43,699 [grpc-default-executor-2] WARN  server.GrpcLogAppender (LogUtils.java:warn(134)) - d92499b0-1b7f-4387-8ba6-ffcf7cff46e6->37fb6585-bd86-49e3-96c6-47308e6afbcf: Failed appendEntries: org.apache.ratis.thirdparty.io.grpc.StatusRuntimeException: UNAVAILABLE: io exception
2019-08-29 08:47:43,702 [grpc-default-executor-2] INFO  impl.FollowerInfo (FollowerInfo.java:lambda$new$0(50)) - d92499b0-1b7f-4387-8ba6-ffcf7cff46e6->37fb6585-bd86-49e3-96c6-47308e6afbcf: nextIndex: updateUnconditionally 1 -> 0
2019-08-29 08:47:43,781 | INFO  | SCMAudit | user=jenkins1000 | ip=192.168.5.176 | op=SEND_HEARTBEAT {datanodeUUID=2256733f-555b-4f0d-8703-18eb36ab43de, command=[]} | ret=SUCCESS |  
2019-08-29 08:47:43,832 | INFO  | SCMAudit | user=jenkins1000 | ip=192.168.5.176 | op=SEND_HEARTBEAT {datanodeUUID=d92499b0-1b7f-4387-8ba6-ffcf7cff46e6, command=[]} | ret=SUCCESS |  
2019-08-29 08:47:43,938 [grpc-default-executor-5] WARN  server.GrpcLogAppender (LogUtils.java:warn(134)) - 2256733f-555b-4f0d-8703-18eb36ab43de->3a39fbaa-14da-4624-bf1d-aa1db02e0173: Failed appendEntries: org.apache.ratis.thirdparty.io.grpc.StatusRuntimeException: UNAVAILABLE: io exception
2019-08-29 08:47:43,941 [grpc-default-executor-5] INFO  impl.FollowerInfo (FollowerInfo.java:lambda$new$0(50)) - 2256733f-555b-4f0d-8703-18eb36ab43de->3a39fbaa-14da-4624-bf1d-aa1db02e0173: nextIndex: updateUnconditionally 0 -> 0
2019-08-29 08:47:43,941 [grpc-default-executor-1] WARN  server.GrpcLogAppender (LogUtils.java:warn(134)) - 2256733f-555b-4f0d-8703-18eb36ab43de->823a7cbe-9ef5-429c-8255-e9ac46ec72ba: Failed appendEntries: org.apache.ratis.thirdparty.io.grpc.StatusRuntimeException: UNAVAILABLE: io exception
2019-08-29 08:47:43,943 [grpc-default-executor-1] INFO  impl.FollowerInfo (FollowerInfo.java:lambda$new$0(50)) - 2256733f-555b-4f0d-8703-18eb36ab43de->823a7cbe-9ef5-429c-8255-e9ac46ec72ba: nextIndex: updateUnconditionally 3 -> 2
2019-08-29 08:47:43,966 | INFO  | SCMAudit | user=jenkins1000 | ip=192.168.5.176 | op=SEND_HEARTBEAT {datanodeUUID=4372d764-1931-406f-887c-7b5d1b7ac3a6, command=[]} | ret=SUCCESS |  
2019-08-29 08:47:43,970 | INFO  | SCMAudit | user=jenkins1000 | ip=192.168.5.176 | op=SEND_HEARTBEAT {datanodeUUID=62127296-10ba-4bda-9b01-f27ba8bd8737, command=[]} | ret=SUCCESS |  
2019-08-29 08:47:44,199 [grpc-default-executor-5] WARN  server.GrpcLogAppender (LogUtils.java:warn(134)) - d92499b0-1b7f-4387-8ba6-ffcf7cff46e6->37fb6585-bd86-49e3-96c6-47308e6afbcf: Failed appendEntries: org.apache.ratis.thirdparty.io.grpc.StatusRuntimeException: UNAVAILABLE: io exception
2019-08-29 08:47:44,205 [grpc-default-executor-5] INFO  impl.FollowerInfo (FollowerInfo.java:lambda$new$0(50)) - d92499b0-1b7f-4387-8ba6-ffcf7cff46e6->37fb6585-bd86-49e3-96c6-47308e6afbcf: nextIndex: updateUnconditionally 0 -> 0
2019-08-29 08:47:44,424 [grpc-default-executor-4] WARN  server.GrpcLogAppender (LogUtils.java:warn(134)) - 2256733f-555b-4f0d-8703-18eb36ab43de->3a39fbaa-14da-4624-bf1d-aa1db02e0173: Failed appendEntries: org.apache.ratis.thirdparty.io.grpc.StatusRuntimeException: UNAVAILABLE: io exception
2019-08-29 08:47:44,424 [grpc-default-executor-2] WARN  server.GrpcLogAppender (LogUtils.java:warn(134)) - 2256733f-555b-4f0d-8703-18eb36ab43de->823a7cbe-9ef5-429c-8255-e9ac46ec72ba: Failed appendEntries: org.apache.ratis.thirdparty.io.grpc.StatusRuntimeException: UNAVAILABLE: io exception
2019-08-29 08:47:44,425 [grpc-default-executor-4] INFO  impl.FollowerInfo (FollowerInfo.java:lambda$new$0(50)) - 2256733f-555b-4f0d-8703-18eb36ab43de->3a39fbaa-14da-4624-bf1d-aa1db02e0173: nextIndex: updateUnconditionally 0 -> 0
2019-08-29 08:47:44,425 [grpc-default-executor-2] INFO  impl.FollowerInfo (FollowerInfo.java:lambda$new$0(50)) - 2256733f-555b-4f0d-8703-18eb36ab43de->823a7cbe-9ef5-429c-8255-e9ac46ec72ba: nextIndex: updateUnconditionally 2 -> 1
2019-08-29 08:47:44,700 [grpc-default-executor-1] WARN  server.GrpcLogAppender (LogUtils.java:warn(134)) - d92499b0-1b7f-4387-8ba6-ffcf7cff46e6->37fb6585-bd86-49e3-96c6-47308e6afbcf: Failed appendEntries: org.apache.ratis.thirdparty.io.grpc.StatusRuntimeException: UNAVAILABLE: io exception
2019-08-29 08:47:44,700 [grpc-default-executor-1] INFO  impl.FollowerInfo (FollowerInfo.java:lambda$new$0(50)) - d92499b0-1b7f-4387-8ba6-ffcf7cff46e6->37fb6585-bd86-49e3-96c6-47308e6afbcf: nextIndex: updateUnconditionally 0 -> 0
2019-08-29 08:47:44,781 | INFO  | SCMAudit | user=jenkins1000 | ip=192.168.5.176 | op=SEND_HEARTBEAT {datanodeUUID=2256733f-555b-4f0d-8703-18eb36ab43de, command=[]} | ret=SUCCESS |  
2019-08-29 08:47:44,832 | INFO  | SCMAudit | user=jenkins1000 | ip=192.168.5.176 | op=SEND_HEARTBEAT {datanodeUUID=d92499b0-1b7f-4387-8ba6-ffcf7cff46e6, command=[]} | ret=SUCCESS |  
2019-08-29 08:47:44,925 [grpc-default-executor-2] WARN  server.GrpcLogAppender (LogUtils.java:warn(134)) - 2256733f-555b-4f0d-8703-18eb36ab43de->3a39fbaa-14da-4624-bf1d-aa1db02e0173: Failed appendEntries: org.apache.ratis.thirdparty.io.grpc.StatusRuntimeException: UNAVAILABLE: io exception
2019-08-29 08:47:44,925 [grpc-default-executor-2] INFO  impl.FollowerInfo (FollowerInfo.java:lambda$new$0(50)) - 2256733f-555b-4f0d-8703-18eb36ab43de->3a39fbaa-14da-4624-bf1d-aa1db02e0173: nextIndex: updateUnconditionally 0 -> 0
2019-08-29 08:47:44,925 [grpc-default-executor-1] WARN  server.GrpcLogAppender (LogUtils.java:warn(134)) - 2256733f-555b-4f0d-8703-18eb36ab43de->823a7cbe-9ef5-429c-8255-e9ac46ec72ba: Failed appendEntries: org.apache.ratis.thirdparty.io.grpc.StatusRuntimeException: UNAVAILABLE: io exception
2019-08-29 08:47:44,926 [grpc-default-executor-1] INFO  impl.FollowerInfo (FollowerInfo.java:lambda$new$0(50)) - 2256733f-555b-4f0d-8703-18eb36ab43de->823a7cbe-9ef5-429c-8255-e9ac46ec72ba: nextIndex: updateUnconditionally 1 -> 0
2019-08-29 08:47:44,967 | INFO  | SCMAudit | user=jenkins1000 | ip=192.168.5.176 | op=SEND_HEARTBEAT {datanodeUUID=4372d764-1931-406f-887c-7b5d1b7ac3a6, command=[]} | ret=SUCCESS |  
2019-08-29 08:47:44,972 | INFO  | SCMAudit | user=jenkins1000 | ip=192.168.5.176 | op=SEND_HEARTBEAT {datanodeUUID=62127296-10ba-4bda-9b01-f27ba8bd8737, command=[]} | ret=SUCCESS |  
2019-08-29 08:47:45,202 [grpc-default-executor-4] WARN  server.GrpcLogAppender (LogUtils.java:warn(134)) - d92499b0-1b7f-4387-8ba6-ffcf7cff46e6->37fb6585-bd86-49e3-96c6-47308e6afbcf: Failed appendEntries: org.apache.ratis.thirdparty.io.grpc.StatusRuntimeException: UNAVAILABLE: io exception
2019-08-29 08:47:45,202 [grpc-default-executor-4] INFO  impl.FollowerInfo (FollowerInfo.java:lambda$new$0(50)) - d92499b0-1b7f-4387-8ba6-ffcf7cff46e6->37fb6585-bd86-49e3-96c6-47308e6afbcf: nextIndex: updateUnconditionally 0 -> 0
2019-08-29 08:47:45,426 [grpc-default-executor-4] WARN  server.GrpcLogAppender (LogUtils.java:warn(134)) - 2256733f-555b-4f0d-8703-18eb36ab43de->823a7cbe-9ef5-429c-8255-e9ac46ec72ba: Failed appendEntries: org.apache.ratis.thirdparty.io.grpc.StatusRuntimeException: UNAVAILABLE: io exception
2019-08-29 08:47:45,427 [grpc-default-executor-4] INFO  impl.FollowerInfo (FollowerInfo.java:lambda$new$0(50)) - 2256733f-555b-4f0d-8703-18eb36ab43de->823a7cbe-9ef5-429c-8255-e9ac46ec72ba: nextIndex: updateUnconditionally 0 -> 0
2019-08-29 08:47:45,428 [grpc-default-executor-1] WARN  server.GrpcLogAppender (LogUtils.java:warn(134)) - 2256733f-555b-4f0d-8703-18eb36ab43de->3a39fbaa-14da-4624-bf1d-aa1db02e0173: Failed appendEntries: org.apache.ratis.thirdparty.io.grpc.StatusRuntimeException: UNAVAILABLE: io exception
2019-08-29 08:47:45,428 [grpc-default-executor-1] INFO  impl.FollowerInfo (FollowerInfo.java:lambda$new$0(50)) - 2256733f-555b-4f0d-8703-18eb36ab43de->3a39fbaa-14da-4624-bf1d-aa1db02e0173: nextIndex: updateUnconditionally 0 -> 0
2019-08-29 08:47:45,702 [grpc-default-executor-4] WARN  server.GrpcLogAppender (LogUtils.java:warn(134)) - d92499b0-1b7f-4387-8ba6-ffcf7cff46e6->37fb6585-bd86-49e3-96c6-47308e6afbcf: Failed appendEntries: org.apache.ratis.thirdparty.io.grpc.StatusRuntimeException: UNAVAILABLE: io exception
2019-08-29 08:47:45,703 [grpc-default-executor-4] INFO  impl.FollowerInfo (FollowerInfo.java:lambda$new$0(50)) - d92499b0-1b7f-4387-8ba6-ffcf7cff46e6->37fb6585-bd86-49e3-96c6-47308e6afbcf: nextIndex: updateUnconditionally 0 -> 0
2019-08-29 08:47:45,781 | INFO  | SCMAudit | user=jenkins1000 | ip=192.168.5.176 | op=SEND_HEARTBEAT {datanodeUUID=2256733f-555b-4f0d-8703-18eb36ab43de, command=[]} | ret=SUCCESS |  
2019-08-29 08:47:45,831 | INFO  | SCMAudit | user=jenkins1000 | ip=192.168.5.176 | op=SEND_HEARTBEAT {datanodeUUID=d92499b0-1b7f-4387-8ba6-ffcf7cff46e6, command=[]} | ret=SUCCESS |  
2019-08-29 08:47:45,927 [grpc-default-executor-2] WARN  server.GrpcLogAppender (LogUtils.java:warn(134)) - 2256733f-555b-4f0d-8703-18eb36ab43de->3a39fbaa-14da-4624-bf1d-aa1db02e0173: Failed appendEntries: org.apache.ratis.thirdparty.io.grpc.StatusRuntimeException: UNAVAILABLE: io exception
2019-08-29 08:47:45,927 [grpc-default-executor-4] WARN  server.GrpcLogAppender (LogUtils.java:warn(134)) - 2256733f-555b-4f0d-8703-18eb36ab43de->823a7cbe-9ef5-429c-8255-e9ac46ec72ba: Failed appendEntries: org.apache.ratis.thirdparty.io.grpc.StatusRuntimeException: UNAVAILABLE: io exception
2019-08-29 08:47:45,927 [grpc-default-executor-2] INFO  impl.FollowerInfo (FollowerInfo.java:lambda$new$0(50)) - 2256733f-555b-4f0d-8703-18eb36ab43de->3a39fbaa-14da-4624-bf1d-aa1db02e0173: nextIndex: updateUnconditionally 0 -> 0
2019-08-29 08:47:45,928 [grpc-default-executor-4] INFO  impl.FollowerInfo (FollowerInfo.java:lambda$new$0(50)) - 2256733f-555b-4f0d-8703-18eb36ab43de->823a7cbe-9ef5-429c-8255-e9ac46ec72ba: nextIndex: updateUnconditionally 0 -> 0
2019-08-29 08:47:45,966 | INFO  | SCMAudit | user=jenkins1000 | ip=192.168.5.176 | op=SEND_HEARTBEAT {datanodeUUID=4372d764-1931-406f-887c-7b5d1b7ac3a6, command=[]} | ret=SUCCESS |  
2019-08-29 08:47:45,970 | INFO  | SCMAudit | user=jenkins1000 | ip=192.168.5.176 | op=SEND_HEARTBEAT {datanodeUUID=62127296-10ba-4bda-9b01-f27ba8bd8737, command=[]} | ret=SUCCESS |  
2019-08-29 08:47:46,203 [grpc-default-executor-1] WARN  server.GrpcLogAppender (LogUtils.java:warn(134)) - d92499b0-1b7f-4387-8ba6-ffcf7cff46e6->37fb6585-bd86-49e3-96c6-47308e6afbcf: Failed appendEntries: org.apache.ratis.thirdparty.io.grpc.StatusRuntimeException: UNAVAILABLE: io exception
2019-08-29 08:47:46,204 [grpc-default-executor-1] INFO  impl.FollowerInfo (FollowerInfo.java:lambda$new$0(50)) - d92499b0-1b7f-4387-8ba6-ffcf7cff46e6->37fb6585-bd86-49e3-96c6-47308e6afbcf: nextIndex: updateUnconditionally 0 -> 0
2019-08-29 08:47:46,428 [grpc-default-executor-2] WARN  server.GrpcLogAppender (LogUtils.java:warn(134)) - 2256733f-555b-4f0d-8703-18eb36ab43de->3a39fbaa-14da-4624-bf1d-aa1db02e0173: Failed appendEntries: org.apache.ratis.thirdparty.io.grpc.StatusRuntimeException: UNAVAILABLE: io exception
2019-08-29 08:47:46,429 [grpc-default-executor-5] WARN  server.GrpcLogAppender (LogUtils.java:warn(134)) - 2256733f-555b-4f0d-8703-18eb36ab43de->823a7cbe-9ef5-429c-8255-e9ac46ec72ba: Failed appendEntries: org.apache.ratis.thirdparty.io.grpc.StatusRuntimeException: UNAVAILABLE: io exception
2019-08-29 08:47:46,429 [grpc-default-executor-2] INFO  impl.FollowerInfo (FollowerInfo.java:lambda$new$0(50)) - 2256733f-555b-4f0d-8703-18eb36ab43de->3a39fbaa-14da-4624-bf1d-aa1db02e0173: nextIndex: updateUnconditionally 0 -> 0
2019-08-29 08:47:46,429 [grpc-default-executor-5] INFO  impl.FollowerInfo (FollowerInfo.java:lambda$new$0(50)) - 2256733f-555b-4f0d-8703-18eb36ab43de->823a7cbe-9ef5-429c-8255-e9ac46ec72ba: nextIndex: updateUnconditionally 0 -> 0
2019-08-29 08:47:46,704 [grpc-default-executor-5] WARN  server.GrpcLogAppender (LogUtils.java:warn(134)) - d92499b0-1b7f-4387-8ba6-ffcf7cff46e6->37fb6585-bd86-49e3-96c6-47308e6afbcf: Failed appendEntries: org.apache.ratis.thirdparty.io.grpc.StatusRuntimeException: UNAVAILABLE: io exception
2019-08-29 08:47:46,704 [grpc-default-executor-5] INFO  impl.FollowerInfo (FollowerInfo.java:lambda$new$0(50)) - d92499b0-1b7f-4387-8ba6-ffcf7cff46e6->37fb6585-bd86-49e3-96c6-47308e6afbcf: nextIndex: updateUnconditionally 0 -> 0
2019-08-29 08:47:46,781 | INFO  | SCMAudit | user=jenkins1000 | ip=192.168.5.176 | op=SEND_HEARTBEAT {datanodeUUID=2256733f-555b-4f0d-8703-18eb36ab43de, command=[]} | ret=SUCCESS |  
2019-08-29 08:47:46,832 | INFO  | SCMAudit | user=jenkins1000 | ip=192.168.5.176 | op=SEND_HEARTBEAT {datanodeUUID=d92499b0-1b7f-4387-8ba6-ffcf7cff46e6, command=[]} | ret=SUCCESS |  
2019-08-29 08:47:46,929 [grpc-default-executor-2] WARN  server.GrpcLogAppender (LogUtils.java:warn(134)) - 2256733f-555b-4f0d-8703-18eb36ab43de->3a39fbaa-14da-4624-bf1d-aa1db02e0173: Failed appendEntries: org.apache.ratis.thirdparty.io.grpc.StatusRuntimeException: UNAVAILABLE: io exception
2019-08-29 08:47:46,929 [grpc-default-executor-1] WARN  server.GrpcLogAppender (LogUtils.java:warn(134)) - 2256733f-555b-4f0d-8703-18eb36ab43de->823a7cbe-9ef5-429c-8255-e9ac46ec72ba: Failed appendEntries: org.apache.ratis.thirdparty.io.grpc.StatusRuntimeException: UNAVAILABLE: io exception
2019-08-29 08:47:46,929 [grpc-default-executor-2] INFO  impl.FollowerInfo (FollowerInfo.java:lambda$new$0(50)) - 2256733f-555b-4f0d-8703-18eb36ab43de->3a39fbaa-14da-4624-bf1d-aa1db02e0173: nextIndex: updateUnconditionally 0 -> 0
2019-08-29 08:47:46,929 [grpc-default-executor-1] INFO  impl.FollowerInfo (FollowerInfo.java:lambda$new$0(50)) - 2256733f-555b-4f0d-8703-18eb36ab43de->823a7cbe-9ef5-429c-8255-e9ac46ec72ba: nextIndex: updateUnconditionally 0 -> 0
2019-08-29 08:47:46,967 | INFO  | SCMAudit | user=jenkins1000 | ip=192.168.5.176 | op=SEND_HEARTBEAT {datanodeUUID=4372d764-1931-406f-887c-7b5d1b7ac3a6, command=[]} | ret=SUCCESS |  
2019-08-29 08:47:46,971 | INFO  | SCMAudit | user=jenkins1000 | ip=192.168.5.176 | op=SEND_HEARTBEAT {datanodeUUID=62127296-10ba-4bda-9b01-f27ba8bd8737, command=[]} | ret=SUCCESS |  
2019-08-29 08:47:47,217 [grpc-default-executor-5] WARN  server.GrpcLogAppender (LogUtils.java:warn(134)) - d92499b0-1b7f-4387-8ba6-ffcf7cff46e6->37fb6585-bd86-49e3-96c6-47308e6afbcf: Failed appendEntries: org.apache.ratis.thirdparty.io.grpc.StatusRuntimeException: UNAVAILABLE: io exception
2019-08-29 08:47:47,217 [grpc-default-executor-5] INFO  impl.FollowerInfo (FollowerInfo.java:lambda$new$0(50)) - d92499b0-1b7f-4387-8ba6-ffcf7cff46e6->37fb6585-bd86-49e3-96c6-47308e6afbcf: nextIndex: updateUnconditionally 0 -> 0
2019-08-29 08:47:47,399 [main] INFO  ozoneimpl.OzoneContainer (OzoneContainer.java:stop(215)) - Attempting to stop container services.
2019-08-29 08:47:47,399 [main] INFO  impl.RaftServerProxy (RaftServerProxy.java:lambda$close$4(314)) - d2610440-16a5-46aa-8011-5e9b2b98e89e: close
2019-08-29 08:47:47,399 [main] INFO  impl.RaftServerImpl (RaftServerImpl.java:lambda$shutdown$3(245)) - d2610440-16a5-46aa-8011-5e9b2b98e89e: shutdown group-9EABDA1844DA
2019-08-29 08:47:47,400 [main] INFO  util.JmxRegister (JmxRegister.java:unregister(73)) - Successfully un-registered JMX Bean with object name Ratis:service=RaftServer,group=group-9EABDA1844DA,id=d2610440-16a5-46aa-8011-5e9b2b98e89e
2019-08-29 08:47:47,400 [ForkJoinPool.commonPool-worker-0] INFO  ozoneimpl.OzoneContainer (OzoneContainer.java:stop(215)) - Attempting to stop container services.
2019-08-29 08:47:47,400 [main] INFO  impl.RoleInfo (RoleInfo.java:shutdownLeaderState(104)) - d2610440-16a5-46aa-8011-5e9b2b98e89e: shutdown LeaderState
2019-08-29 08:47:47,400 [ForkJoinPool.commonPool-worker-0] INFO  impl.RaftServerProxy (RaftServerProxy.java:lambda$close$4(314)) - dd40d4a5-aa3f-4ebf-9cec-f561545fceec: close
2019-08-29 08:47:47,400 [main] INFO  impl.PendingRequests (PendingRequests.java:sendNotLeaderResponses(202)) - d2610440-16a5-46aa-8011-5e9b2b98e89e-PendingRequests: sendNotLeaderResponses
2019-08-29 08:47:47,401 [ForkJoinPool.commonPool-worker-0] INFO  impl.RaftServerImpl (RaftServerImpl.java:lambda$shutdown$3(245)) - dd40d4a5-aa3f-4ebf-9cec-f561545fceec: shutdown group-99B3E677189C
2019-08-29 08:47:47,401 [main] INFO  impl.StateMachineUpdater (StateMachineUpdater.java:stopAndJoin(115)) - StateMachineUpdater:d2610440-16a5-46aa-8011-5e9b2b98e89e:group-9EABDA1844DA: set stopIndex = 0
2019-08-29 08:47:47,401 [ForkJoinPool.commonPool-worker-0] INFO  util.JmxRegister (JmxRegister.java:unregister(73)) - Successfully un-registered JMX Bean with object name Ratis:service=RaftServer,group=group-99B3E677189C,id=dd40d4a5-aa3f-4ebf-9cec-f561545fceec
2019-08-29 08:47:47,401 [main] INFO  impl.RaftServerImpl (ServerState.java:close(394)) - d2610440-16a5-46aa-8011-5e9b2b98e89e:group-9EABDA1844DA closes. The last applied log index is 0
2019-08-29 08:47:47,401 [ForkJoinPool.commonPool-worker-0] INFO  impl.RoleInfo (RoleInfo.java:shutdownFollowerState(121)) - dd40d4a5-aa3f-4ebf-9cec-f561545fceec: shutdown FollowerState
2019-08-29 08:47:47,402 [d2610440-16a5-46aa-8011-5e9b2b98e89e-SegmentedRaftLogWorker:Storage Directory /workdir/hadoop-ozone/integration-test/target/test-dir/MiniOzoneClusterImpl-0396b80d-4163-4a3b-9db9-4b816fc820e4/datanode-8/data/ratis/297e31fa-1bda-4f15-9d90-9eabda1844da] INFO  segmented.SegmentedRaftLogWorker (SegmentedRaftLogWorker.java:run(313)) - d2610440-16a5-46aa-8011-5e9b2b98e89e-SegmentedRaftLogWorker:Storage Directory /workdir/hadoop-ozone/integration-test/target/test-dir/MiniOzoneClusterImpl-0396b80d-4163-4a3b-9db9-4b816fc820e4/datanode-8/data/ratis/297e31fa-1bda-4f15-9d90-9eabda1844da was interrupted, exiting. There are 0 tasks remaining in the queue.
2019-08-29 08:47:47,402 [ForkJoinPool.commonPool-worker-0] INFO  impl.StateMachineUpdater (StateMachineUpdater.java:stopAndJoin(115)) - StateMachineUpdater:dd40d4a5-aa3f-4ebf-9cec-f561545fceec:group-99B3E677189C: set stopIndex = 18
2019-08-29 08:47:47,404 [main] INFO  segmented.SegmentedRaftLogWorker (SegmentedRaftLogWorker.java:close(228)) - d2610440-16a5-46aa-8011-5e9b2b98e89e-SegmentedRaftLogWorker:Storage Directory /workdir/hadoop-ozone/integration-test/target/test-dir/MiniOzoneClusterImpl-0396b80d-4163-4a3b-9db9-4b816fc820e4/datanode-8/data/ratis/297e31fa-1bda-4f15-9d90-9eabda1844da close()
2019-08-29 08:47:47,402 [StateMachineUpdater:dd40d4a5-aa3f-4ebf-9cec-f561545fceec:group-99B3E677189C] INFO  ratis.ContainerStateMachine (ContainerStateMachine.java:takeSnapshot(284)) - group-99B3E677189C: Taking a snapshot at:(t:1, i:12) file /workdir/hadoop-ozone/integration-test/target/test-dir/MiniOzoneClusterImpl-0396b80d-4163-4a3b-9db9-4b816fc820e4/datanode-4/data/ratis/054fdc03-55bb-4efd-8db9-99b3e677189c/sm/snapshot.1_12
2019-08-29 08:47:47,402 [Thread-811] INFO  impl.FollowerState (FollowerState.java:run(114)) - dd40d4a5-aa3f-4ebf-9cec-f561545fceec: FollowerState was interrupted: java.lang.InterruptedException: sleep interrupted
2019-08-29 08:47:47,407 [main] INFO  impl.RaftServerImpl (RaftServerImpl.java:lambda$shutdown$3(245)) - d2610440-16a5-46aa-8011-5e9b2b98e89e: shutdown group-0E98D55737AE
2019-08-29 08:47:47,408 [main] INFO  util.JmxRegister (JmxRegister.java:unregister(73)) - Successfully un-registered JMX Bean with object name Ratis:service=RaftServer,group=group-0E98D55737AE,id=d2610440-16a5-46aa-8011-5e9b2b98e89e
2019-08-29 08:47:47,408 [main] INFO  impl.RoleInfo (RoleInfo.java:shutdownFollowerState(121)) - d2610440-16a5-46aa-8011-5e9b2b98e89e: shutdown FollowerState
2019-08-29 08:47:47,409 [main] INFO  impl.StateMachineUpdater (StateMachineUpdater.java:stopAndJoin(115)) - StateMachineUpdater:d2610440-16a5-46aa-8011-5e9b2b98e89e:group-0E98D55737AE: set stopIndex = 0
2019-08-29 08:47:47,409 [Thread-635] INFO  impl.FollowerState (FollowerState.java:run(114)) - d2610440-16a5-46aa-8011-5e9b2b98e89e: FollowerState was interrupted: java.lang.InterruptedException: sleep interrupted
2019-08-29 08:47:47,409 [main] INFO  impl.RaftServerImpl (ServerState.java:close(394)) - d2610440-16a5-46aa-8011-5e9b2b98e89e:group-0E98D55737AE closes. The last applied log index is 0
2019-08-29 08:47:47,410 [d2610440-16a5-46aa-8011-5e9b2b98e89e-SegmentedRaftLogWorker:Storage Directory /workdir/hadoop-ozone/integration-test/target/test-dir/MiniOzoneClusterImpl-0396b80d-4163-4a3b-9db9-4b816fc820e4/datanode-8/data/ratis/9d7cab82-ed4f-4ed5-971c-0e98d55737ae] INFO  segmented.SegmentedRaftLogWorker (SegmentedRaftLogWorker.java:run(313)) - d2610440-16a5-46aa-8011-5e9b2b98e89e-SegmentedRaftLogWorker:Storage Directory /workdir/hadoop-ozone/integration-test/target/test-dir/MiniOzoneClusterImpl-0396b80d-4163-4a3b-9db9-4b816fc820e4/datanode-8/data/ratis/9d7cab82-ed4f-4ed5-971c-0e98d55737ae was interrupted, exiting. There are 0 tasks remaining in the queue.
2019-08-29 08:47:47,411 [main] INFO  segmented.SegmentedRaftLogWorker (SegmentedRaftLogWorker.java:close(228)) - d2610440-16a5-46aa-8011-5e9b2b98e89e-SegmentedRaftLogWorker:Storage Directory /workdir/hadoop-ozone/integration-test/target/test-dir/MiniOzoneClusterImpl-0396b80d-4163-4a3b-9db9-4b816fc820e4/datanode-8/data/ratis/9d7cab82-ed4f-4ed5-971c-0e98d55737ae close()
2019-08-29 08:47:47,414 [main] INFO  server.GrpcService (GrpcService.java:closeImpl(155)) - d2610440-16a5-46aa-8011-5e9b2b98e89e: shutdown server with port 44963 now
2019-08-29 08:47:47,414 [grpc-default-executor-2] WARN  server.GrpcServerProtocolService (LogUtils.java:warn(134)) - d2610440-16a5-46aa-8011-5e9b2b98e89e: appendEntries onError: org.apache.ratis.thirdparty.io.grpc.StatusRuntimeException: CANCELLED: cancelled before receiving half close
2019-08-29 08:47:47,414 [main] INFO  server.GrpcService (GrpcService.java:closeImpl(163)) - d2610440-16a5-46aa-8011-5e9b2b98e89e: shutdown server with port 44963 successfully
2019-08-29 08:47:47,416 [grpc-default-executor-4] WARN  server.GrpcLogAppender (LogUtils.java:warn(134)) - 62127296-10ba-4bda-9b01-f27ba8bd8737->d2610440-16a5-46aa-8011-5e9b2b98e89e: Failed appendEntries: org.apache.ratis.thirdparty.io.grpc.StatusRuntimeException: CANCELLED: HTTP/2 error code: CANCEL
Received Rst Stream
2019-08-29 08:47:47,416 [grpc-default-executor-4] INFO  impl.FollowerInfo (FollowerInfo.java:lambda$new$0(50)) - 62127296-10ba-4bda-9b01-f27ba8bd8737->d2610440-16a5-46aa-8011-5e9b2b98e89e: nextIndex: updateUnconditionally 1 -> 0
2019-08-29 08:47:47,420 [refreshUsed-/workdir/hadoop-ozone/integration-test/target/test-dir/MiniOzoneClusterImpl-0396b80d-4163-4a3b-9db9-4b816fc820e4/datanode-8/data/containers] WARN  fs.CachingGetSpaceUsed (CachingGetSpaceUsed.java:run(183)) - Thread Interrupted waiting to refresh disk information: sleep interrupted
2019-08-29 08:47:47,420 [StateMachineUpdater:dd40d4a5-aa3f-4ebf-9cec-f561545fceec:group-99B3E677189C] INFO  ratis.ContainerStateMachine (ContainerStateMachine.java:takeSnapshot(295)) - group-99B3E677189C: Finished taking a snapshot at:(t:1, i:12) file:/workdir/hadoop-ozone/integration-test/target/test-dir/MiniOzoneClusterImpl-0396b80d-4163-4a3b-9db9-4b816fc820e4/datanode-4/data/ratis/054fdc03-55bb-4efd-8db9-99b3e677189c/sm/snapshot.1_12 time:18
2019-08-29 08:47:47,420 [StateMachineUpdater:dd40d4a5-aa3f-4ebf-9cec-f561545fceec:group-99B3E677189C] INFO  impl.StateMachineUpdater (StateMachineUpdater.java:takeSnapshot(242)) - StateMachineUpdater:dd40d4a5-aa3f-4ebf-9cec-f561545fceec:group-99B3E677189C: Took a snapshot at index 12
2019-08-29 08:47:47,421 [StateMachineUpdater:dd40d4a5-aa3f-4ebf-9cec-f561545fceec:group-99B3E677189C] INFO  impl.StateMachineUpdater (StateMachineUpdater.java:lambda$new$0(80)) - StateMachineUpdater:dd40d4a5-aa3f-4ebf-9cec-f561545fceec:group-99B3E677189C: snapshotIndex: updateIncreasingly -1 -> 12
2019-08-29 08:47:47,421 [ForkJoinPool.commonPool-worker-0] INFO  impl.RaftServerImpl (ServerState.java:close(394)) - dd40d4a5-aa3f-4ebf-9cec-f561545fceec:group-99B3E677189C closes. The last applied log index is 18
2019-08-29 08:47:47,422 [dd40d4a5-aa3f-4ebf-9cec-f561545fceec-SegmentedRaftLogWorker:Storage Directory /workdir/hadoop-ozone/integration-test/target/test-dir/MiniOzoneClusterImpl-0396b80d-4163-4a3b-9db9-4b816fc820e4/datanode-4/data/ratis/054fdc03-55bb-4efd-8db9-99b3e677189c] INFO  segmented.SegmentedRaftLogWorker (SegmentedRaftLogWorker.java:run(313)) - dd40d4a5-aa3f-4ebf-9cec-f561545fceec-SegmentedRaftLogWorker:Storage Directory /workdir/hadoop-ozone/integration-test/target/test-dir/MiniOzoneClusterImpl-0396b80d-4163-4a3b-9db9-4b816fc820e4/datanode-4/data/ratis/054fdc03-55bb-4efd-8db9-99b3e677189c was interrupted, exiting. There are 0 tasks remaining in the queue.
2019-08-29 08:47:47,423 [ForkJoinPool.commonPool-worker-0] INFO  segmented.SegmentedRaftLogWorker (SegmentedRaftLogWorker.java:close(228)) - dd40d4a5-aa3f-4ebf-9cec-f561545fceec-SegmentedRaftLogWorker:Storage Directory /workdir/hadoop-ozone/integration-test/target/test-dir/MiniOzoneClusterImpl-0396b80d-4163-4a3b-9db9-4b816fc820e4/datanode-4/data/ratis/054fdc03-55bb-4efd-8db9-99b3e677189c close()
2019-08-29 08:47:47,428 [ForkJoinPool.commonPool-worker-0] INFO  impl.RaftServerImpl (RaftServerImpl.java:lambda$shutdown$3(245)) - dd40d4a5-aa3f-4ebf-9cec-f561545fceec: shutdown group-540B27701E44
2019-08-29 08:47:47,428 [ForkJoinPool.commonPool-worker-0] INFO  util.JmxRegister (JmxRegister.java:unregister(73)) - Successfully un-registered JMX Bean with object name Ratis:service=RaftServer,group=group-540B27701E44,id=dd40d4a5-aa3f-4ebf-9cec-f561545fceec
2019-08-29 08:47:47,428 [ForkJoinPool.commonPool-worker-0] INFO  impl.RoleInfo (RoleInfo.java:shutdownLeaderElection(134)) - dd40d4a5-aa3f-4ebf-9cec-f561545fceec: shutdown LeaderElection
2019-08-29 08:47:47,429 [ForkJoinPool.commonPool-worker-0] INFO  impl.StateMachineUpdater (StateMachineUpdater.java:stopAndJoin(115)) - StateMachineUpdater:dd40d4a5-aa3f-4ebf-9cec-f561545fceec:group-540B27701E44: set stopIndex = -1
2019-08-29 08:47:47,429 [ForkJoinPool.commonPool-worker-0] INFO  impl.RaftServerImpl (ServerState.java:close(394)) - dd40d4a5-aa3f-4ebf-9cec-f561545fceec:group-540B27701E44 closes. The last applied log index is -1
2019-08-29 08:47:47,429 [dd40d4a5-aa3f-4ebf-9cec-f561545fceec-SegmentedRaftLogWorker:Storage Directory /workdir/hadoop-ozone/integration-test/target/test-dir/MiniOzoneClusterImpl-0396b80d-4163-4a3b-9db9-4b816fc820e4/datanode-4/data/ratis/76aeb8c1-ce6b-4e32-a316-540b27701e44] INFO  segmented.SegmentedRaftLogWorker (SegmentedRaftLogWorker.java:run(313)) - dd40d4a5-aa3f-4ebf-9cec-f561545fceec-SegmentedRaftLogWorker:Storage Directory /workdir/hadoop-ozone/integration-test/target/test-dir/MiniOzoneClusterImpl-0396b80d-4163-4a3b-9db9-4b816fc820e4/datanode-4/data/ratis/76aeb8c1-ce6b-4e32-a316-540b27701e44 was interrupted, exiting. There are 0 tasks remaining in the queue.
2019-08-29 08:47:47,429 [ForkJoinPool.commonPool-worker-0] INFO  segmented.SegmentedRaftLogWorker (SegmentedRaftLogWorker.java:close(228)) - dd40d4a5-aa3f-4ebf-9cec-f561545fceec-SegmentedRaftLogWorker:Storage Directory /workdir/hadoop-ozone/integration-test/target/test-dir/MiniOzoneClusterImpl-0396b80d-4163-4a3b-9db9-4b816fc820e4/datanode-4/data/ratis/76aeb8c1-ce6b-4e32-a316-540b27701e44 close()
2019-08-29 08:47:47,430 [ForkJoinPool.commonPool-worker-0] INFO  server.GrpcService (GrpcService.java:closeImpl(155)) - dd40d4a5-aa3f-4ebf-9cec-f561545fceec: shutdown server with port 34437 now
2019-08-29 08:47:47,431 [grpc-default-executor-5] WARN  server.GrpcLogAppender (LogUtils.java:warn(134)) - 2256733f-555b-4f0d-8703-18eb36ab43de->823a7cbe-9ef5-429c-8255-e9ac46ec72ba: Failed appendEntries: org.apache.ratis.thirdparty.io.grpc.StatusRuntimeException: UNAVAILABLE: io exception
2019-08-29 08:47:47,431 [grpc-default-executor-4] WARN  server.GrpcServerProtocolService (LogUtils.java:warn(134)) - dd40d4a5-aa3f-4ebf-9cec-f561545fceec: appendEntries onError: org.apache.ratis.thirdparty.io.grpc.StatusRuntimeException: CANCELLED: cancelled before receiving half close
2019-08-29 08:47:47,431 [ForkJoinPool.commonPool-worker-0] INFO  server.GrpcService (GrpcService.java:closeImpl(163)) - dd40d4a5-aa3f-4ebf-9cec-f561545fceec: shutdown server with port 34437 successfully
2019-08-29 08:47:47,431 [grpc-default-executor-3] WARN  server.GrpcLogAppender (LogUtils.java:warn(134)) - 2256733f-555b-4f0d-8703-18eb36ab43de->3a39fbaa-14da-4624-bf1d-aa1db02e0173: Failed appendEntries: org.apache.ratis.thirdparty.io.grpc.StatusRuntimeException: UNAVAILABLE: io exception
2019-08-29 08:47:47,431 [grpc-default-executor-2] WARN  server.GrpcLogAppender (LogUtils.java:warn(134)) - d92499b0-1b7f-4387-8ba6-ffcf7cff46e6->dd40d4a5-aa3f-4ebf-9cec-f561545fceec: Failed appendEntries: org.apache.ratis.thirdparty.io.grpc.StatusRuntimeException: CANCELLED: HTTP/2 error code: CANCEL
Received Rst Stream
2019-08-29 08:47:47,431 [grpc-default-executor-5] INFO  impl.FollowerInfo (FollowerInfo.java:lambda$new$0(50)) - 2256733f-555b-4f0d-8703-18eb36ab43de->823a7cbe-9ef5-429c-8255-e9ac46ec72ba: nextIndex: updateUnconditionally 0 -> 0
2019-08-29 08:47:47,432 [grpc-default-executor-3] INFO  impl.FollowerInfo (FollowerInfo.java:lambda$new$0(50)) - 2256733f-555b-4f0d-8703-18eb36ab43de->3a39fbaa-14da-4624-bf1d-aa1db02e0173: nextIndex: updateUnconditionally 0 -> 0
2019-08-29 08:47:47,432 [refreshUsed-/workdir/hadoop-ozone/integration-test/target/test-dir/MiniOzoneClusterImpl-0396b80d-4163-4a3b-9db9-4b816fc820e4/datanode-4/data/containers] WARN  fs.CachingGetSpaceUsed (CachingGetSpaceUsed.java:run(183)) - Thread Interrupted waiting to refresh disk information: sleep interrupted
2019-08-29 08:47:47,432 [grpc-default-executor-2] INFO  impl.FollowerInfo (FollowerInfo.java:lambda$new$0(50)) - d92499b0-1b7f-4387-8ba6-ffcf7cff46e6->dd40d4a5-aa3f-4ebf-9cec-f561545fceec: nextIndex: updateUnconditionally 19 -> 18
2019-08-29 08:47:47,440 [main] INFO  utils.BackgroundService (BackgroundService.java:shutdown(148)) - Shutting down service BlockDeletingService
2019-08-29 08:47:47,443 [main] INFO  statemachine.DatanodeStateMachine (DatanodeStateMachine.java:stopDaemon(395)) - Ozone container server stopped.
2019-08-29 08:47:47,444 [main] INFO  handler.ContextHandler (ContextHandler.java:doStop(910)) - Stopped o.e.j.w.WebAppContext@3b5c665c{/,null,UNAVAILABLE}{/hddsDatanode}
2019-08-29 08:47:47,445 [main] INFO  server.AbstractConnector (AbstractConnector.java:doStop(318)) - Stopped ServerConnector@78e17a99{HTTP/1.1,[http/1.1]}{0.0.0.0:0}
2019-08-29 08:47:47,445 [main] INFO  handler.ContextHandler (ContextHandler.java:doStop(910)) - Stopped o.e.j.s.ServletContextHandler@6e6d4780{/static,jar:file:/home/user/.m2/repository/org/apache/hadoop/hadoop-hdds-container-service/0.5.0-SNAPSHOT/hadoop-hdds-container-service-0.5.0-SNAPSHOT.jar!/webapps/static,UNAVAILABLE}
2019-08-29 08:47:47,445 [main] INFO  handler.ContextHandler (ContextHandler.java:doStop(910)) - Stopped o.e.j.s.ServletContextHandler@69d45cca{/logs,file:///workdir/hadoop-ozone/integration-test/target/log,UNAVAILABLE}
2019-08-29 08:47:47,447 [ForkJoinPool.commonPool-worker-0] INFO  utils.BackgroundService (BackgroundService.java:shutdown(148)) - Shutting down service BlockDeletingService
2019-08-29 08:47:47,450 [ForkJoinPool.commonPool-worker-0] INFO  statemachine.DatanodeStateMachine (DatanodeStateMachine.java:stopDaemon(395)) - Ozone container server stopped.
2019-08-29 08:47:47,453 [ForkJoinPool.commonPool-worker-0] INFO  handler.ContextHandler (ContextHandler.java:doStop(910)) - Stopped o.e.j.w.WebAppContext@33634f04{/,null,UNAVAILABLE}{/hddsDatanode}
2019-08-29 08:47:47,454 [ForkJoinPool.commonPool-worker-0] INFO  server.AbstractConnector (AbstractConnector.java:doStop(318)) - Stopped ServerConnector@4993febc{HTTP/1.1,[http/1.1]}{0.0.0.0:0}
2019-08-29 08:47:47,455 [ForkJoinPool.commonPool-worker-0] INFO  handler.ContextHandler (ContextHandler.java:doStop(910)) - Stopped o.e.j.s.ServletContextHandler@6fa0450e{/static,jar:file:/home/user/.m2/repository/org/apache/hadoop/hadoop-hdds-container-service/0.5.0-SNAPSHOT/hadoop-hdds-container-service-0.5.0-SNAPSHOT.jar!/webapps/static,UNAVAILABLE}
2019-08-29 08:47:47,456 [ForkJoinPool.commonPool-worker-0] INFO  handler.ContextHandler (ContextHandler.java:doStop(910)) - Stopped o.e.j.s.ServletContextHandler@72e295cc{/logs,file:///workdir/hadoop-ozone/integration-test/target/log,UNAVAILABLE}
2019-08-29 08:47:47,535 [grpc-default-executor-5] WARN  server.GrpcLogAppender (LogUtils.java:warn(134)) - 62127296-10ba-4bda-9b01-f27ba8bd8737->d2610440-16a5-46aa-8011-5e9b2b98e89e: Failed appendEntries: org.apache.ratis.thirdparty.io.grpc.StatusRuntimeException: UNAVAILABLE: io exception
2019-08-29 08:47:47,536 [grpc-default-executor-5] INFO  impl.FollowerInfo (FollowerInfo.java:lambda$new$0(50)) - 62127296-10ba-4bda-9b01-f27ba8bd8737->d2610440-16a5-46aa-8011-5e9b2b98e89e: nextIndex: updateUnconditionally 0 -> 0
2019-08-29 08:47:47,705 [grpc-default-executor-3] WARN  server.GrpcLogAppender (LogUtils.java:warn(134)) - d92499b0-1b7f-4387-8ba6-ffcf7cff46e6->37fb6585-bd86-49e3-96c6-47308e6afbcf: Failed appendEntries: org.apache.ratis.thirdparty.io.grpc.StatusRuntimeException: UNAVAILABLE: io exception
2019-08-29 08:47:47,706 [grpc-default-executor-3] INFO  impl.FollowerInfo (FollowerInfo.java:lambda$new$0(50)) - d92499b0-1b7f-4387-8ba6-ffcf7cff46e6->37fb6585-bd86-49e3-96c6-47308e6afbcf: nextIndex: updateUnconditionally 0 -> 0
2019-08-29 08:47:47,721 [grpc-default-executor-2] WARN  server.GrpcLogAppender (LogUtils.java:warn(134)) - d92499b0-1b7f-4387-8ba6-ffcf7cff46e6->dd40d4a5-aa3f-4ebf-9cec-f561545fceec: Failed appendEntries: org.apache.ratis.thirdparty.io.grpc.StatusRuntimeException: UNAVAILABLE: io exception
2019-08-29 08:47:47,722 [grpc-default-executor-2] INFO  impl.FollowerInfo (FollowerInfo.java:lambda$new$0(50)) - d92499b0-1b7f-4387-8ba6-ffcf7cff46e6->dd40d4a5-aa3f-4ebf-9cec-f561545fceec: nextIndex: updateUnconditionally 18 -> 17
2019-08-29 08:47:47,782 | INFO  | SCMAudit | user=jenkins1000 | ip=192.168.5.176 | op=SEND_HEARTBEAT {datanodeUUID=2256733f-555b-4f0d-8703-18eb36ab43de, command=[]} | ret=SUCCESS |  
2019-08-29 08:47:47,830 [Datanode State Machine Thread - 0] INFO  statemachine.DatanodeStateMachine (DatanodeStateMachine.java:lambda$startDaemon$0(350)) - Ozone container server started.
2019-08-29 08:47:47,931 [grpc-default-executor-5] WARN  server.GrpcLogAppender (LogUtils.java:warn(134)) - 2256733f-555b-4f0d-8703-18eb36ab43de->3a39fbaa-14da-4624-bf1d-aa1db02e0173: Failed appendEntries: org.apache.ratis.thirdparty.io.grpc.StatusRuntimeException: UNAVAILABLE: io exception
2019-08-29 08:47:47,931 [grpc-default-executor-4] WARN  server.GrpcLogAppender (LogUtils.java:warn(134)) - 2256733f-555b-4f0d-8703-18eb36ab43de->823a7cbe-9ef5-429c-8255-e9ac46ec72ba: Failed appendEntries: org.apache.ratis.thirdparty.io.grpc.StatusRuntimeException: UNAVAILABLE: io exception
2019-08-29 08:47:47,931 [grpc-default-executor-5] INFO  impl.FollowerInfo (FollowerInfo.java:lambda$new$0(50)) - 2256733f-555b-4f0d-8703-18eb36ab43de->3a39fbaa-14da-4624-bf1d-aa1db02e0173: nextIndex: updateUnconditionally 0 -> 0
2019-08-29 08:47:47,931 [grpc-default-executor-4] INFO  impl.FollowerInfo (FollowerInfo.java:lambda$new$0(50)) - 2256733f-555b-4f0d-8703-18eb36ab43de->823a7cbe-9ef5-429c-8255-e9ac46ec72ba: nextIndex: updateUnconditionally 0 -> 0
2019-08-29 08:47:47,966 | INFO  | SCMAudit | user=jenkins1000 | ip=192.168.5.176 | op=SEND_HEARTBEAT {datanodeUUID=4372d764-1931-406f-887c-7b5d1b7ac3a6, command=[]} | ret=SUCCESS |  
2019-08-29 08:47:47,970 [Datanode State Machine Thread - 0] INFO  statemachine.DatanodeStateMachine (DatanodeStateMachine.java:lambda$startDaemon$0(350)) - Ozone container server started.
2019-08-29 08:47:48,036 [grpc-default-executor-3] WARN  server.GrpcLogAppender (LogUtils.java:warn(134)) - 62127296-10ba-4bda-9b01-f27ba8bd8737->d2610440-16a5-46aa-8011-5e9b2b98e89e: Failed appendEntries: org.apache.ratis.thirdparty.io.grpc.StatusRuntimeException: UNAVAILABLE: io exception
2019-08-29 08:47:48,036 [grpc-default-executor-3] INFO  impl.FollowerInfo (FollowerInfo.java:lambda$new$0(50)) - 62127296-10ba-4bda-9b01-f27ba8bd8737->d2610440-16a5-46aa-8011-5e9b2b98e89e: nextIndex: updateUnconditionally 0 -> 0
2019-08-29 08:47:48,206 [grpc-default-executor-5] WARN  server.GrpcLogAppender (LogUtils.java:warn(134)) - d92499b0-1b7f-4387-8ba6-ffcf7cff46e6->37fb6585-bd86-49e3-96c6-47308e6afbcf: Failed appendEntries: org.apache.ratis.thirdparty.io.grpc.StatusRuntimeException: UNAVAILABLE: io exception
2019-08-29 08:47:48,207 [grpc-default-executor-5] INFO  impl.FollowerInfo (FollowerInfo.java:lambda$new$0(50)) - d92499b0-1b7f-4387-8ba6-ffcf7cff46e6->37fb6585-bd86-49e3-96c6-47308e6afbcf: nextIndex: updateUnconditionally 0 -> 0
2019-08-29 08:47:48,222 [grpc-default-executor-5] WARN  server.GrpcLogAppender (LogUtils.java:warn(134)) - d92499b0-1b7f-4387-8ba6-ffcf7cff46e6->dd40d4a5-aa3f-4ebf-9cec-f561545fceec: Failed appendEntries: org.apache.ratis.thirdparty.io.grpc.StatusRuntimeException: UNAVAILABLE: io exception
2019-08-29 08:47:48,223 [grpc-default-executor-5] INFO  impl.FollowerInfo (FollowerInfo.java:lambda$new$0(50)) - d92499b0-1b7f-4387-8ba6-ffcf7cff46e6->dd40d4a5-aa3f-4ebf-9cec-f561545fceec: nextIndex: updateUnconditionally 17 -> 16
2019-08-29 08:47:48,432 [grpc-default-executor-1] WARN  server.GrpcLogAppender (LogUtils.java:warn(134)) - 2256733f-555b-4f0d-8703-18eb36ab43de->3a39fbaa-14da-4624-bf1d-aa1db02e0173: Failed appendEntries: org.apache.ratis.thirdparty.io.grpc.StatusRuntimeException: UNAVAILABLE: io exception
2019-08-29 08:47:48,432 [grpc-default-executor-3] WARN  server.GrpcLogAppender (LogUtils.java:warn(134)) - 2256733f-555b-4f0d-8703-18eb36ab43de->823a7cbe-9ef5-429c-8255-e9ac46ec72ba: Failed appendEntries: org.apache.ratis.thirdparty.io.grpc.StatusRuntimeException: UNAVAILABLE: io exception
2019-08-29 08:47:48,432 [grpc-default-executor-1] INFO  impl.FollowerInfo (FollowerInfo.java:lambda$new$0(50)) - 2256733f-555b-4f0d-8703-18eb36ab43de->3a39fbaa-14da-4624-bf1d-aa1db02e0173: nextIndex: updateUnconditionally 0 -> 0
2019-08-29 08:47:48,432 [grpc-default-executor-3] INFO  impl.FollowerInfo (FollowerInfo.java:lambda$new$0(50)) - 2256733f-555b-4f0d-8703-18eb36ab43de->823a7cbe-9ef5-429c-8255-e9ac46ec72ba: nextIndex: updateUnconditionally 0 -> 0
2019-08-29 08:47:48,537 [grpc-default-executor-4] WARN  server.GrpcLogAppender (LogUtils.java:warn(134)) - 62127296-10ba-4bda-9b01-f27ba8bd8737->d2610440-16a5-46aa-8011-5e9b2b98e89e: Failed appendEntries: org.apache.ratis.thirdparty.io.grpc.StatusRuntimeException: UNAVAILABLE: io exception
2019-08-29 08:47:48,537 [grpc-default-executor-4] INFO  impl.FollowerInfo (FollowerInfo.java:lambda$new$0(50)) - 62127296-10ba-4bda-9b01-f27ba8bd8737->d2610440-16a5-46aa-8011-5e9b2b98e89e: nextIndex: updateUnconditionally 0 -> 0
2019-08-29 08:47:48,707 [grpc-default-executor-3] WARN  server.GrpcLogAppender (LogUtils.java:warn(134)) - d92499b0-1b7f-4387-8ba6-ffcf7cff46e6->37fb6585-bd86-49e3-96c6-47308e6afbcf: Failed appendEntries: org.apache.ratis.thirdparty.io.grpc.StatusRuntimeException: UNAVAILABLE: io exception
2019-08-29 08:47:48,708 [grpc-default-executor-3] INFO  impl.FollowerInfo (FollowerInfo.java:lambda$new$0(50)) - d92499b0-1b7f-4387-8ba6-ffcf7cff46e6->37fb6585-bd86-49e3-96c6-47308e6afbcf: nextIndex: updateUnconditionally 0 -> 0
2019-08-29 08:47:48,723 [grpc-default-executor-4] WARN  server.GrpcLogAppender (LogUtils.java:warn(134)) - d92499b0-1b7f-4387-8ba6-ffcf7cff46e6->dd40d4a5-aa3f-4ebf-9cec-f561545fceec: Failed appendEntries: org.apache.ratis.thirdparty.io.grpc.StatusRuntimeException: UNAVAILABLE: io exception
2019-08-29 08:47:48,723 [grpc-default-executor-4] INFO  impl.FollowerInfo (FollowerInfo.java:lambda$new$0(50)) - d92499b0-1b7f-4387-8ba6-ffcf7cff46e6->dd40d4a5-aa3f-4ebf-9cec-f561545fceec: nextIndex: updateUnconditionally 16 -> 15
2019-08-29 08:47:48,782 | INFO  | SCMAudit | user=jenkins1000 | ip=192.168.5.176 | op=SEND_HEARTBEAT {datanodeUUID=2256733f-555b-4f0d-8703-18eb36ab43de, command=[]} | ret=SUCCESS |  
2019-08-29 08:47:48,932 [grpc-default-executor-5] WARN  server.GrpcLogAppender (LogUtils.java:warn(134)) - 2256733f-555b-4f0d-8703-18eb36ab43de->823a7cbe-9ef5-429c-8255-e9ac46ec72ba: Failed appendEntries: org.apache.ratis.thirdparty.io.grpc.StatusRuntimeException: UNAVAILABLE: io exception
2019-08-29 08:47:48,932 [grpc-default-executor-0] WARN  server.GrpcLogAppender (LogUtils.java:warn(134)) - 2256733f-555b-4f0d-8703-18eb36ab43de->3a39fbaa-14da-4624-bf1d-aa1db02e0173: Failed appendEntries: org.apache.ratis.thirdparty.io.grpc.StatusRuntimeException: UNAVAILABLE: io exception
2019-08-29 08:47:48,933 [grpc-default-executor-5] INFO  impl.FollowerInfo (FollowerInfo.java:lambda$new$0(50)) - 2256733f-555b-4f0d-8703-18eb36ab43de->823a7cbe-9ef5-429c-8255-e9ac46ec72ba: nextIndex: updateUnconditionally 0 -> 0
2019-08-29 08:47:48,933 [grpc-default-executor-0] INFO  impl.FollowerInfo (FollowerInfo.java:lambda$new$0(50)) - 2256733f-555b-4f0d-8703-18eb36ab43de->3a39fbaa-14da-4624-bf1d-aa1db02e0173: nextIndex: updateUnconditionally 0 -> 0
2019-08-29 08:47:48,966 | INFO  | SCMAudit | user=jenkins1000 | ip=192.168.5.176 | op=SEND_HEARTBEAT {datanodeUUID=4372d764-1931-406f-887c-7b5d1b7ac3a6, command=[]} | ret=SUCCESS |  
2019-08-29 08:47:49,037 [grpc-default-executor-3] WARN  server.GrpcLogAppender (LogUtils.java:warn(134)) - 62127296-10ba-4bda-9b01-f27ba8bd8737->d2610440-16a5-46aa-8011-5e9b2b98e89e: Failed appendEntries: org.apache.ratis.thirdparty.io.grpc.StatusRuntimeException: UNAVAILABLE: io exception
2019-08-29 08:47:49,038 [grpc-default-executor-3] INFO  impl.FollowerInfo (FollowerInfo.java:lambda$new$0(50)) - 62127296-10ba-4bda-9b01-f27ba8bd8737->d2610440-16a5-46aa-8011-5e9b2b98e89e: nextIndex: updateUnconditionally 0 -> 0
2019-08-29 08:47:49,208 [grpc-default-executor-5] WARN  server.GrpcLogAppender (LogUtils.java:warn(134)) - d92499b0-1b7f-4387-8ba6-ffcf7cff46e6->37fb6585-bd86-49e3-96c6-47308e6afbcf: Failed appendEntries: org.apache.ratis.thirdparty.io.grpc.StatusRuntimeException: UNAVAILABLE: io exception
2019-08-29 08:47:49,209 [grpc-default-executor-5] INFO  impl.FollowerInfo (FollowerInfo.java:lambda$new$0(50)) - d92499b0-1b7f-4387-8ba6-ffcf7cff46e6->37fb6585-bd86-49e3-96c6-47308e6afbcf: nextIndex: updateUnconditionally 0 -> 0
2019-08-29 08:47:49,224 [grpc-default-executor-0] WARN  server.GrpcLogAppender (LogUtils.java:warn(134)) - d92499b0-1b7f-4387-8ba6-ffcf7cff46e6->dd40d4a5-aa3f-4ebf-9cec-f561545fceec: Failed appendEntries: org.apache.ratis.thirdparty.io.grpc.StatusRuntimeException: UNAVAILABLE: io exception
2019-08-29 08:47:49,224 [grpc-default-executor-0] INFO  impl.FollowerInfo (FollowerInfo.java:lambda$new$0(50)) - d92499b0-1b7f-4387-8ba6-ffcf7cff46e6->dd40d4a5-aa3f-4ebf-9cec-f561545fceec: nextIndex: updateUnconditionally 15 -> 14
2019-08-29 08:47:49,433 [grpc-default-executor-1] WARN  server.GrpcLogAppender (LogUtils.java:warn(134)) - 2256733f-555b-4f0d-8703-18eb36ab43de->3a39fbaa-14da-4624-bf1d-aa1db02e0173: Failed appendEntries: org.apache.ratis.thirdparty.io.grpc.StatusRuntimeException: UNAVAILABLE: io exception
2019-08-29 08:47:49,433 [grpc-default-executor-2] WARN  server.GrpcLogAppender (LogUtils.java:warn(134)) - 2256733f-555b-4f0d-8703-18eb36ab43de->823a7cbe-9ef5-429c-8255-e9ac46ec72ba: Failed appendEntries: org.apache.ratis.thirdparty.io.grpc.StatusRuntimeException: UNAVAILABLE: io exception
2019-08-29 08:47:49,434 [grpc-default-executor-1] INFO  impl.FollowerInfo (FollowerInfo.java:lambda$new$0(50)) - 2256733f-555b-4f0d-8703-18eb36ab43de->3a39fbaa-14da-4624-bf1d-aa1db02e0173: nextIndex: updateUnconditionally 0 -> 0
2019-08-29 08:47:49,434 [grpc-default-executor-2] INFO  impl.FollowerInfo (FollowerInfo.java:lambda$new$0(50)) - 2256733f-555b-4f0d-8703-18eb36ab43de->823a7cbe-9ef5-429c-8255-e9ac46ec72ba: nextIndex: updateUnconditionally 0 -> 0
2019-08-29 08:47:49,538 [grpc-default-executor-5] WARN  server.GrpcLogAppender (LogUtils.java:warn(134)) - 62127296-10ba-4bda-9b01-f27ba8bd8737->d2610440-16a5-46aa-8011-5e9b2b98e89e: Failed appendEntries: org.apache.ratis.thirdparty.io.grpc.StatusRuntimeException: UNAVAILABLE: io exception
2019-08-29 08:47:49,539 [grpc-default-executor-5] INFO  impl.FollowerInfo (FollowerInfo.java:lambda$new$0(50)) - 62127296-10ba-4bda-9b01-f27ba8bd8737->d2610440-16a5-46aa-8011-5e9b2b98e89e: nextIndex: updateUnconditionally 0 -> 0
2019-08-29 08:47:49,710 [grpc-default-executor-2] WARN  server.GrpcLogAppender (LogUtils.java:warn(134)) - d92499b0-1b7f-4387-8ba6-ffcf7cff46e6->37fb6585-bd86-49e3-96c6-47308e6afbcf: Failed appendEntries: org.apache.ratis.thirdparty.io.grpc.StatusRuntimeException: UNAVAILABLE: io exception
2019-08-29 08:47:49,710 [grpc-default-executor-2] INFO  impl.FollowerInfo (FollowerInfo.java:lambda$new$0(50)) - d92499b0-1b7f-4387-8ba6-ffcf7cff46e6->37fb6585-bd86-49e3-96c6-47308e6afbcf: nextIndex: updateUnconditionally 0 -> 0
2019-08-29 08:47:49,725 [grpc-default-executor-1] WARN  server.GrpcLogAppender (LogUtils.java:warn(134)) - d92499b0-1b7f-4387-8ba6-ffcf7cff46e6->dd40d4a5-aa3f-4ebf-9cec-f561545fceec: Failed appendEntries: org.apache.ratis.thirdparty.io.grpc.StatusRuntimeException: UNAVAILABLE: io exception
2019-08-29 08:47:49,725 [grpc-default-executor-1] INFO  impl.FollowerInfo (FollowerInfo.java:lambda$new$0(50)) - d92499b0-1b7f-4387-8ba6-ffcf7cff46e6->dd40d4a5-aa3f-4ebf-9cec-f561545fceec: nextIndex: updateUnconditionally 14 -> 13
2019-08-29 08:47:49,783 | INFO  | SCMAudit | user=jenkins1000 | ip=192.168.5.176 | op=SEND_HEARTBEAT {datanodeUUID=2256733f-555b-4f0d-8703-18eb36ab43de, command=[]} | ret=SUCCESS |  
2019-08-29 08:47:49,934 [grpc-default-executor-2] WARN  server.GrpcLogAppender (LogUtils.java:warn(134)) - 2256733f-555b-4f0d-8703-18eb36ab43de->3a39fbaa-14da-4624-bf1d-aa1db02e0173: Failed appendEntries: org.apache.ratis.thirdparty.io.grpc.StatusRuntimeException: UNAVAILABLE: io exception
2019-08-29 08:47:49,934 [grpc-default-executor-0] WARN  server.GrpcLogAppender (LogUtils.java:warn(134)) - 2256733f-555b-4f0d-8703-18eb36ab43de->823a7cbe-9ef5-429c-8255-e9ac46ec72ba: Failed appendEntries: org.apache.ratis.thirdparty.io.grpc.StatusRuntimeException: UNAVAILABLE: io exception
2019-08-29 08:47:49,935 [grpc-default-executor-2] INFO  impl.FollowerInfo (FollowerInfo.java:lambda$new$0(50)) - 2256733f-555b-4f0d-8703-18eb36ab43de->3a39fbaa-14da-4624-bf1d-aa1db02e0173: nextIndex: updateUnconditionally 0 -> 0
2019-08-29 08:47:49,935 [grpc-default-executor-0] INFO  impl.FollowerInfo (FollowerInfo.java:lambda$new$0(50)) - 2256733f-555b-4f0d-8703-18eb36ab43de->823a7cbe-9ef5-429c-8255-e9ac46ec72ba: nextIndex: updateUnconditionally 0 -> 0
2019-08-29 08:47:49,966 | INFO  | SCMAudit | user=jenkins1000 | ip=192.168.5.176 | op=SEND_HEARTBEAT {datanodeUUID=4372d764-1931-406f-887c-7b5d1b7ac3a6, command=[]} | ret=SUCCESS |  
2019-08-29 08:47:50,039 [grpc-default-executor-0] WARN  server.GrpcLogAppender (LogUtils.java:warn(134)) - 62127296-10ba-4bda-9b01-f27ba8bd8737->d2610440-16a5-46aa-8011-5e9b2b98e89e: Failed appendEntries: org.apache.ratis.thirdparty.io.grpc.StatusRuntimeException: UNAVAILABLE: io exception
2019-08-29 08:47:50,039 [grpc-default-executor-0] INFO  impl.FollowerInfo (FollowerInfo.java:lambda$new$0(50)) - 62127296-10ba-4bda-9b01-f27ba8bd8737->d2610440-16a5-46aa-8011-5e9b2b98e89e: nextIndex: updateUnconditionally 0 -> 0
2019-08-29 08:47:50,210 [grpc-default-executor-5] WARN  server.GrpcLogAppender (LogUtils.java:warn(134)) - d92499b0-1b7f-4387-8ba6-ffcf7cff46e6->37fb6585-bd86-49e3-96c6-47308e6afbcf: Failed appendEntries: org.apache.ratis.thirdparty.io.grpc.StatusRuntimeException: UNAVAILABLE: io exception
2019-08-29 08:47:50,211 [grpc-default-executor-5] INFO  impl.FollowerInfo (FollowerInfo.java:lambda$new$0(50)) - d92499b0-1b7f-4387-8ba6-ffcf7cff46e6->37fb6585-bd86-49e3-96c6-47308e6afbcf: nextIndex: updateUnconditionally 0 -> 0
2019-08-29 08:47:50,225 [grpc-default-executor-2] WARN  server.GrpcLogAppender (LogUtils.java:warn(134)) - d92499b0-1b7f-4387-8ba6-ffcf7cff46e6->dd40d4a5-aa3f-4ebf-9cec-f561545fceec: Failed appendEntries: org.apache.ratis.thirdparty.io.grpc.StatusRuntimeException: UNAVAILABLE: io exception
2019-08-29 08:47:50,226 [grpc-default-executor-2] INFO  impl.FollowerInfo (FollowerInfo.java:lambda$new$0(50)) - d92499b0-1b7f-4387-8ba6-ffcf7cff46e6->dd40d4a5-aa3f-4ebf-9cec-f561545fceec: nextIndex: updateUnconditionally 13 -> 12
2019-08-29 08:47:50,435 [grpc-default-executor-4] WARN  server.GrpcLogAppender (LogUtils.java:warn(134)) - 2256733f-555b-4f0d-8703-18eb36ab43de->3a39fbaa-14da-4624-bf1d-aa1db02e0173: Failed appendEntries: org.apache.ratis.thirdparty.io.grpc.StatusRuntimeException: UNAVAILABLE: io exception
2019-08-29 08:47:50,435 [grpc-default-executor-3] WARN  server.GrpcLogAppender (LogUtils.java:warn(134)) - 2256733f-555b-4f0d-8703-18eb36ab43de->823a7cbe-9ef5-429c-8255-e9ac46ec72ba: Failed appendEntries: org.apache.ratis.thirdparty.io.grpc.StatusRuntimeException: UNAVAILABLE: io exception
2019-08-29 08:47:50,437 [grpc-default-executor-4] INFO  impl.FollowerInfo (FollowerInfo.java:lambda$new$0(50)) - 2256733f-555b-4f0d-8703-18eb36ab43de->3a39fbaa-14da-4624-bf1d-aa1db02e0173: nextIndex: updateUnconditionally 0 -> 0
2019-08-29 08:47:50,437 [grpc-default-executor-3] INFO  impl.FollowerInfo (FollowerInfo.java:lambda$new$0(50)) - 2256733f-555b-4f0d-8703-18eb36ab43de->823a7cbe-9ef5-429c-8255-e9ac46ec72ba: nextIndex: updateUnconditionally 0 -> 0
2019-08-29 08:47:50,541 [grpc-default-executor-2] WARN  server.GrpcLogAppender (LogUtils.java:warn(134)) - 62127296-10ba-4bda-9b01-f27ba8bd8737->d2610440-16a5-46aa-8011-5e9b2b98e89e: Failed appendEntries: org.apache.ratis.thirdparty.io.grpc.StatusRuntimeException: UNAVAILABLE: io exception
2019-08-29 08:47:50,541 [grpc-default-executor-2] INFO  impl.FollowerInfo (FollowerInfo.java:lambda$new$0(50)) - 62127296-10ba-4bda-9b01-f27ba8bd8737->d2610440-16a5-46aa-8011-5e9b2b98e89e: nextIndex: updateUnconditionally 0 -> 0
2019-08-29 08:47:50,711 [grpc-default-executor-4] WARN  server.GrpcLogAppender (LogUtils.java:warn(134)) - d92499b0-1b7f-4387-8ba6-ffcf7cff46e6->37fb6585-bd86-49e3-96c6-47308e6afbcf: Failed appendEntries: org.apache.ratis.thirdparty.io.grpc.StatusRuntimeException: UNAVAILABLE: io exception
2019-08-29 08:47:50,711 [grpc-default-executor-4] INFO  impl.FollowerInfo (FollowerInfo.java:lambda$new$0(50)) - d92499b0-1b7f-4387-8ba6-ffcf7cff46e6->37fb6585-bd86-49e3-96c6-47308e6afbcf: nextIndex: updateUnconditionally 0 -> 0
2019-08-29 08:47:50,726 [grpc-default-executor-3] WARN  server.GrpcLogAppender (LogUtils.java:warn(134)) - d92499b0-1b7f-4387-8ba6-ffcf7cff46e6->dd40d4a5-aa3f-4ebf-9cec-f561545fceec: Failed appendEntries: org.apache.ratis.thirdparty.io.grpc.StatusRuntimeException: UNAVAILABLE: io exception
2019-08-29 08:47:50,726 [grpc-default-executor-3] INFO  impl.FollowerInfo (FollowerInfo.java:lambda$new$0(50)) - d92499b0-1b7f-4387-8ba6-ffcf7cff46e6->dd40d4a5-aa3f-4ebf-9cec-f561545fceec: nextIndex: updateUnconditionally 12 -> 11
2019-08-29 08:47:50,784 | INFO  | SCMAudit | user=jenkins1000 | ip=192.168.5.176 | op=SEND_HEARTBEAT {datanodeUUID=2256733f-555b-4f0d-8703-18eb36ab43de, command=[]} | ret=SUCCESS |  
2019-08-29 08:47:50,936 [grpc-default-executor-2] WARN  server.GrpcLogAppender (LogUtils.java:warn(134)) - 2256733f-555b-4f0d-8703-18eb36ab43de->823a7cbe-9ef5-429c-8255-e9ac46ec72ba: Failed appendEntries: org.apache.ratis.thirdparty.io.grpc.StatusRuntimeException: UNAVAILABLE: io exception
2019-08-29 08:47:50,936 [grpc-default-executor-3] WARN  server.GrpcLogAppender (LogUtils.java:warn(134)) - 2256733f-555b-4f0d-8703-18eb36ab43de->3a39fbaa-14da-4624-bf1d-aa1db02e0173: Failed appendEntries: org.apache.ratis.thirdparty.io.grpc.StatusRuntimeException: UNAVAILABLE: io exception
2019-08-29 08:47:50,936 [grpc-default-executor-2] INFO  impl.FollowerInfo (FollowerInfo.java:lambda$new$0(50)) - 2256733f-555b-4f0d-8703-18eb36ab43de->823a7cbe-9ef5-429c-8255-e9ac46ec72ba: nextIndex: updateUnconditionally 0 -> 0
2019-08-29 08:47:50,937 [grpc-default-executor-3] INFO  impl.FollowerInfo (FollowerInfo.java:lambda$new$0(50)) - 2256733f-555b-4f0d-8703-18eb36ab43de->3a39fbaa-14da-4624-bf1d-aa1db02e0173: nextIndex: updateUnconditionally 0 -> 0
2019-08-29 08:47:50,966 | INFO  | SCMAudit | user=jenkins1000 | ip=192.168.5.176 | op=SEND_HEARTBEAT {datanodeUUID=4372d764-1931-406f-887c-7b5d1b7ac3a6, command=[]} | ret=SUCCESS |  
2019-08-29 08:47:51,041 [grpc-default-executor-3] WARN  server.GrpcLogAppender (LogUtils.java:warn(134)) - 62127296-10ba-4bda-9b01-f27ba8bd8737->d2610440-16a5-46aa-8011-5e9b2b98e89e: Failed appendEntries: org.apache.ratis.thirdparty.io.grpc.StatusRuntimeException: UNAVAILABLE: io exception
2019-08-29 08:47:51,041 [grpc-default-executor-3] INFO  impl.FollowerInfo (FollowerInfo.java:lambda$new$0(50)) - 62127296-10ba-4bda-9b01-f27ba8bd8737->d2610440-16a5-46aa-8011-5e9b2b98e89e: nextIndex: updateUnconditionally 0 -> 0
2019-08-29 08:47:51,211 [grpc-default-executor-5] WARN  server.GrpcLogAppender (LogUtils.java:warn(134)) - d92499b0-1b7f-4387-8ba6-ffcf7cff46e6->37fb6585-bd86-49e3-96c6-47308e6afbcf: Failed appendEntries: org.apache.ratis.thirdparty.io.grpc.StatusRuntimeException: UNAVAILABLE: io exception
2019-08-29 08:47:51,212 [grpc-default-executor-5] INFO  impl.FollowerInfo (FollowerInfo.java:lambda$new$0(50)) - d92499b0-1b7f-4387-8ba6-ffcf7cff46e6->37fb6585-bd86-49e3-96c6-47308e6afbcf: nextIndex: updateUnconditionally 0 -> 0
2019-08-29 08:47:51,227 [grpc-default-executor-2] WARN  server.GrpcLogAppender (LogUtils.java:warn(134)) - d92499b0-1b7f-4387-8ba6-ffcf7cff46e6->dd40d4a5-aa3f-4ebf-9cec-f561545fceec: Failed appendEntries: org.apache.ratis.thirdparty.io.grpc.StatusRuntimeException: UNAVAILABLE: io exception
2019-08-29 08:47:51,227 [grpc-default-executor-2] INFO  impl.FollowerInfo (FollowerInfo.java:lambda$new$0(50)) - d92499b0-1b7f-4387-8ba6-ffcf7cff46e6->dd40d4a5-aa3f-4ebf-9cec-f561545fceec: nextIndex: updateUnconditionally 11 -> 10
2019-08-29 08:47:51,437 [grpc-default-executor-1] WARN  server.GrpcLogAppender (LogUtils.java:warn(134)) - 2256733f-555b-4f0d-8703-18eb36ab43de->823a7cbe-9ef5-429c-8255-e9ac46ec72ba: Failed appendEntries: org.apache.ratis.thirdparty.io.grpc.StatusRuntimeException: UNAVAILABLE: io exception
2019-08-29 08:47:51,437 [grpc-default-executor-0] WARN  server.GrpcLogAppender (LogUtils.java:warn(134)) - 2256733f-555b-4f0d-8703-18eb36ab43de->3a39fbaa-14da-4624-bf1d-aa1db02e0173: Failed appendEntries: org.apache.ratis.thirdparty.io.grpc.StatusRuntimeException: UNAVAILABLE: io exception
2019-08-29 08:47:51,437 [grpc-default-executor-1] INFO  impl.FollowerInfo (FollowerInfo.java:lambda$new$0(50)) - 2256733f-555b-4f0d-8703-18eb36ab43de->823a7cbe-9ef5-429c-8255-e9ac46ec72ba: nextIndex: updateUnconditionally 0 -> 0
2019-08-29 08:47:51,437 [grpc-default-executor-0] INFO  impl.FollowerInfo (FollowerInfo.java:lambda$new$0(50)) - 2256733f-555b-4f0d-8703-18eb36ab43de->3a39fbaa-14da-4624-bf1d-aa1db02e0173: nextIndex: updateUnconditionally 0 -> 0
2019-08-29 08:47:51,542 [grpc-default-executor-3] WARN  server.GrpcLogAppender (LogUtils.java:warn(134)) - 62127296-10ba-4bda-9b01-f27ba8bd8737->d2610440-16a5-46aa-8011-5e9b2b98e89e: Failed appendEntries: org.apache.ratis.thirdparty.io.grpc.StatusRuntimeException: UNAVAILABLE: io exception
2019-08-29 08:47:51,543 [grpc-default-executor-3] INFO  impl.FollowerInfo (FollowerInfo.java:lambda$new$0(50)) - 62127296-10ba-4bda-9b01-f27ba8bd8737->d2610440-16a5-46aa-8011-5e9b2b98e89e: nextIndex: updateUnconditionally 0 -> 0
2019-08-29 08:47:51,713 [grpc-default-executor-1] WARN  server.GrpcLogAppender (LogUtils.java:warn(134)) - d92499b0-1b7f-4387-8ba6-ffcf7cff46e6->37fb6585-bd86-49e3-96c6-47308e6afbcf: Failed appendEntries: org.apache.ratis.thirdparty.io.grpc.StatusRuntimeException: UNAVAILABLE: io exception
2019-08-29 08:47:51,714 [grpc-default-executor-1] INFO  impl.FollowerInfo (FollowerInfo.java:lambda$new$0(50)) - d92499b0-1b7f-4387-8ba6-ffcf7cff46e6->37fb6585-bd86-49e3-96c6-47308e6afbcf: nextIndex: updateUnconditionally 0 -> 0
2019-08-29 08:47:51,728 [grpc-default-executor-3] WARN  server.GrpcLogAppender (LogUtils.java:warn(134)) - d92499b0-1b7f-4387-8ba6-ffcf7cff46e6->dd40d4a5-aa3f-4ebf-9cec-f561545fceec: Failed appendEntries: org.apache.ratis.thirdparty.io.grpc.StatusRuntimeException: UNAVAILABLE: io exception
2019-08-29 08:47:51,728 [grpc-default-executor-3] INFO  impl.FollowerInfo (FollowerInfo.java:lambda$new$0(50)) - d92499b0-1b7f-4387-8ba6-ffcf7cff46e6->dd40d4a5-aa3f-4ebf-9cec-f561545fceec: nextIndex: updateUnconditionally 10 -> 9
2019-08-29 08:47:51,781 | INFO  | SCMAudit | user=jenkins1000 | ip=192.168.5.176 | op=SEND_HEARTBEAT {datanodeUUID=2256733f-555b-4f0d-8703-18eb36ab43de, command=[]} | ret=SUCCESS |  
2019-08-29 08:47:51,938 [grpc-default-executor-1] WARN  server.GrpcLogAppender (LogUtils.java:warn(134)) - 2256733f-555b-4f0d-8703-18eb36ab43de->3a39fbaa-14da-4624-bf1d-aa1db02e0173: Failed appendEntries: org.apache.ratis.thirdparty.io.grpc.StatusRuntimeException: UNAVAILABLE: io exception
2019-08-29 08:47:51,938 [grpc-default-executor-4] WARN  server.GrpcLogAppender (LogUtils.java:warn(134)) - 2256733f-555b-4f0d-8703-18eb36ab43de->823a7cbe-9ef5-429c-8255-e9ac46ec72ba: Failed appendEntries: org.apache.ratis.thirdparty.io.grpc.StatusRuntimeException: UNAVAILABLE: io exception
2019-08-29 08:47:51,938 [grpc-default-executor-1] INFO  impl.FollowerInfo (FollowerInfo.java:lambda$new$0(50)) - 2256733f-555b-4f0d-8703-18eb36ab43de->3a39fbaa-14da-4624-bf1d-aa1db02e0173: nextIndex: updateUnconditionally 0 -> 0
2019-08-29 08:47:51,939 [grpc-default-executor-4] INFO  impl.FollowerInfo (FollowerInfo.java:lambda$new$0(50)) - 2256733f-555b-4f0d-8703-18eb36ab43de->823a7cbe-9ef5-429c-8255-e9ac46ec72ba: nextIndex: updateUnconditionally 0 -> 0
2019-08-29 08:47:51,966 | INFO  | SCMAudit | user=jenkins1000 | ip=192.168.5.176 | op=SEND_HEARTBEAT {datanodeUUID=4372d764-1931-406f-887c-7b5d1b7ac3a6, command=[]} | ret=SUCCESS |  
2019-08-29 08:47:52,043 [grpc-default-executor-3] WARN  server.GrpcLogAppender (LogUtils.java:warn(134)) - 62127296-10ba-4bda-9b01-f27ba8bd8737->d2610440-16a5-46aa-8011-5e9b2b98e89e: Failed appendEntries: org.apache.ratis.thirdparty.io.grpc.StatusRuntimeException: UNAVAILABLE: io exception
2019-08-29 08:47:52,043 [grpc-default-executor-3] INFO  impl.FollowerInfo (FollowerInfo.java:lambda$new$0(50)) - 62127296-10ba-4bda-9b01-f27ba8bd8737->d2610440-16a5-46aa-8011-5e9b2b98e89e: nextIndex: updateUnconditionally 0 -> 0
2019-08-29 08:47:52,213 [grpc-default-executor-3] WARN  server.GrpcLogAppender (LogUtils.java:warn(134)) - d92499b0-1b7f-4387-8ba6-ffcf7cff46e6->37fb6585-bd86-49e3-96c6-47308e6afbcf: Failed appendEntries: org.apache.ratis.thirdparty.io.grpc.StatusRuntimeException: UNAVAILABLE: io exception
2019-08-29 08:47:52,214 [grpc-default-executor-3] INFO  impl.FollowerInfo (FollowerInfo.java:lambda$new$0(50)) - d92499b0-1b7f-4387-8ba6-ffcf7cff46e6->37fb6585-bd86-49e3-96c6-47308e6afbcf: nextIndex: updateUnconditionally 0 -> 0
2019-08-29 08:47:52,229 [grpc-default-executor-3] WARN  server.GrpcLogAppender (LogUtils.java:warn(134)) - d92499b0-1b7f-4387-8ba6-ffcf7cff46e6->dd40d4a5-aa3f-4ebf-9cec-f561545fceec: Failed appendEntries: org.apache.ratis.thirdparty.io.grpc.StatusRuntimeException: UNAVAILABLE: io exception
2019-08-29 08:47:52,229 [grpc-default-executor-3] INFO  impl.FollowerInfo (FollowerInfo.java:lambda$new$0(50)) - d92499b0-1b7f-4387-8ba6-ffcf7cff46e6->dd40d4a5-aa3f-4ebf-9cec-f561545fceec: nextIndex: updateUnconditionally 9 -> 8
2019-08-29 08:47:52,438 [grpc-default-executor-1] WARN  server.GrpcLogAppender (LogUtils.java:warn(134)) - 2256733f-555b-4f0d-8703-18eb36ab43de->3a39fbaa-14da-4624-bf1d-aa1db02e0173: Failed appendEntries: org.apache.ratis.thirdparty.io.grpc.StatusRuntimeException: UNAVAILABLE: io exception
2019-08-29 08:47:52,438 [grpc-default-executor-0] WARN  server.GrpcLogAppender (LogUtils.java:warn(134)) - 2256733f-555b-4f0d-8703-18eb36ab43de->823a7cbe-9ef5-429c-8255-e9ac46ec72ba: Failed appendEntries: org.apache.ratis.thirdparty.io.grpc.StatusRuntimeException: UNAVAILABLE: io exception
2019-08-29 08:47:52,439 [grpc-default-executor-1] INFO  impl.FollowerInfo (FollowerInfo.java:lambda$new$0(50)) - 2256733f-555b-4f0d-8703-18eb36ab43de->3a39fbaa-14da-4624-bf1d-aa1db02e0173: nextIndex: updateUnconditionally 0 -> 0
2019-08-29 08:47:52,439 [grpc-default-executor-0] INFO  impl.FollowerInfo (FollowerInfo.java:lambda$new$0(50)) - 2256733f-555b-4f0d-8703-18eb36ab43de->823a7cbe-9ef5-429c-8255-e9ac46ec72ba: nextIndex: updateUnconditionally 0 -> 0
2019-08-29 08:47:52,447 [main] INFO  ozoneimpl.OzoneContainer (OzoneContainer.java:stop(215)) - Attempting to stop container services.
2019-08-29 08:47:52,447 [main] INFO  impl.RaftServerProxy (RaftServerProxy.java:lambda$close$4(314)) - 62127296-10ba-4bda-9b01-f27ba8bd8737: close
2019-08-29 08:47:52,448 [main] INFO  impl.RaftServerImpl (RaftServerImpl.java:lambda$shutdown$3(245)) - 62127296-10ba-4bda-9b01-f27ba8bd8737: shutdown group-0E98D55737AE
2019-08-29 08:47:52,449 [main] INFO  util.JmxRegister (JmxRegister.java:unregister(73)) - Successfully un-registered JMX Bean with object name Ratis:service=RaftServer,group=group-0E98D55737AE,id=62127296-10ba-4bda-9b01-f27ba8bd8737
2019-08-29 08:47:52,450 [main] INFO  impl.RoleInfo (RoleInfo.java:shutdownLeaderState(104)) - 62127296-10ba-4bda-9b01-f27ba8bd8737: shutdown LeaderState
2019-08-29 08:47:52,453 [org.apache.ratis.server.impl.LogAppender$AppenderDaemon$$Lambda$491/432318982@71d8ad60] WARN  server.GrpcLogAppender (GrpcLogAppender.java:mayWait(143)) - GrpcLogAppender(62127296-10ba-4bda-9b01-f27ba8bd8737->4372d764-1931-406f-887c-7b5d1b7ac3a6): Wait interrupted by java.lang.InterruptedException
2019-08-29 08:47:52,453 [main] INFO  impl.PendingRequests (PendingRequests.java:sendNotLeaderResponses(202)) - 62127296-10ba-4bda-9b01-f27ba8bd8737-PendingRequests: sendNotLeaderResponses
2019-08-29 08:47:52,453 [org.apache.ratis.server.impl.LogAppender$AppenderDaemon$$Lambda$491/432318982@34da3d3f] WARN  server.GrpcLogAppender (GrpcLogAppender.java:mayWait(143)) - GrpcLogAppender(62127296-10ba-4bda-9b01-f27ba8bd8737->d2610440-16a5-46aa-8011-5e9b2b98e89e): Wait interrupted by java.lang.InterruptedException
2019-08-29 08:47:52,454 [main] INFO  impl.StateMachineUpdater (StateMachineUpdater.java:stopAndJoin(115)) - StateMachineUpdater:62127296-10ba-4bda-9b01-f27ba8bd8737:group-0E98D55737AE: set stopIndex = 0
2019-08-29 08:47:52,454 [grpc-default-executor-0] INFO  server.GrpcServerProtocolService (GrpcServerProtocolService.java:onCompleted(104)) - 4372d764-1931-406f-887c-7b5d1b7ac3a6: appendEntries completed
2019-08-29 08:47:52,454 [main] INFO  impl.RaftServerImpl (ServerState.java:close(394)) - 62127296-10ba-4bda-9b01-f27ba8bd8737:group-0E98D55737AE closes. The last applied log index is 0
2019-08-29 08:47:52,454 [62127296-10ba-4bda-9b01-f27ba8bd8737-SegmentedRaftLogWorker:Storage Directory /workdir/hadoop-ozone/integration-test/target/test-dir/MiniOzoneClusterImpl-0396b80d-4163-4a3b-9db9-4b816fc820e4/datanode-9/data/ratis/9d7cab82-ed4f-4ed5-971c-0e98d55737ae] INFO  segmented.SegmentedRaftLogWorker (SegmentedRaftLogWorker.java:run(313)) - 62127296-10ba-4bda-9b01-f27ba8bd8737-SegmentedRaftLogWorker:Storage Directory /workdir/hadoop-ozone/integration-test/target/test-dir/MiniOzoneClusterImpl-0396b80d-4163-4a3b-9db9-4b816fc820e4/datanode-9/data/ratis/9d7cab82-ed4f-4ed5-971c-0e98d55737ae was interrupted, exiting. There are 0 tasks remaining in the queue.
2019-08-29 08:47:52,455 [main] INFO  segmented.SegmentedRaftLogWorker (SegmentedRaftLogWorker.java:close(228)) - 62127296-10ba-4bda-9b01-f27ba8bd8737-SegmentedRaftLogWorker:Storage Directory /workdir/hadoop-ozone/integration-test/target/test-dir/MiniOzoneClusterImpl-0396b80d-4163-4a3b-9db9-4b816fc820e4/datanode-9/data/ratis/9d7cab82-ed4f-4ed5-971c-0e98d55737ae close()
2019-08-29 08:47:52,455 [grpc-default-executor-0] INFO  server.GrpcLogAppender (GrpcLogAppender.java:onCompleted(292)) - 62127296-10ba-4bda-9b01-f27ba8bd8737->4372d764-1931-406f-887c-7b5d1b7ac3a6: follower responses appendEntries COMPLETED
2019-08-29 08:47:52,456 [main] INFO  impl.RaftServerImpl (RaftServerImpl.java:lambda$shutdown$3(245)) - 62127296-10ba-4bda-9b01-f27ba8bd8737: shutdown group-04FC4E6350CE
2019-08-29 08:47:52,456 [grpc-default-executor-0] INFO  impl.FollowerInfo (FollowerInfo.java:lambda$new$0(50)) - 62127296-10ba-4bda-9b01-f27ba8bd8737->4372d764-1931-406f-887c-7b5d1b7ac3a6: nextIndex: updateUnconditionally 1 -> 0
2019-08-29 08:47:52,457 [main] INFO  util.JmxRegister (JmxRegister.java:unregister(73)) - Successfully un-registered JMX Bean with object name Ratis:service=RaftServer,group=group-04FC4E6350CE,id=62127296-10ba-4bda-9b01-f27ba8bd8737
2019-08-29 08:47:52,457 [main] INFO  impl.RoleInfo (RoleInfo.java:shutdownLeaderState(104)) - 62127296-10ba-4bda-9b01-f27ba8bd8737: shutdown LeaderState
2019-08-29 08:47:52,457 [main] INFO  impl.PendingRequests (PendingRequests.java:sendNotLeaderResponses(202)) - 62127296-10ba-4bda-9b01-f27ba8bd8737-PendingRequests: sendNotLeaderResponses
2019-08-29 08:47:52,457 [ForkJoinPool.commonPool-worker-0] INFO  ozoneimpl.OzoneContainer (OzoneContainer.java:stop(215)) - Attempting to stop container services.
2019-08-29 08:47:52,458 [main] INFO  impl.StateMachineUpdater (StateMachineUpdater.java:stopAndJoin(115)) - StateMachineUpdater:62127296-10ba-4bda-9b01-f27ba8bd8737:group-04FC4E6350CE: set stopIndex = 0
2019-08-29 08:47:52,458 [ForkJoinPool.commonPool-worker-0] INFO  impl.RaftServerProxy (RaftServerProxy.java:lambda$close$4(314)) - d92499b0-1b7f-4387-8ba6-ffcf7cff46e6: close
2019-08-29 08:47:52,458 [main] INFO  impl.RaftServerImpl (ServerState.java:close(394)) - 62127296-10ba-4bda-9b01-f27ba8bd8737:group-04FC4E6350CE closes. The last applied log index is 0
2019-08-29 08:47:52,458 [ForkJoinPool.commonPool-worker-0] INFO  impl.RaftServerImpl (RaftServerImpl.java:lambda$shutdown$3(245)) - d92499b0-1b7f-4387-8ba6-ffcf7cff46e6: shutdown group-8C9C71E7F381
2019-08-29 08:47:52,459 [62127296-10ba-4bda-9b01-f27ba8bd8737-SegmentedRaftLogWorker:Storage Directory /workdir/hadoop-ozone/integration-test/target/test-dir/MiniOzoneClusterImpl-0396b80d-4163-4a3b-9db9-4b816fc820e4/datanode-9/data/ratis/32e3f9b7-5311-40b4-abcd-04fc4e6350ce] INFO  segmented.SegmentedRaftLogWorker (SegmentedRaftLogWorker.java:run(313)) - 62127296-10ba-4bda-9b01-f27ba8bd8737-SegmentedRaftLogWorker:Storage Directory /workdir/hadoop-ozone/integration-test/target/test-dir/MiniOzoneClusterImpl-0396b80d-4163-4a3b-9db9-4b816fc820e4/datanode-9/data/ratis/32e3f9b7-5311-40b4-abcd-04fc4e6350ce was interrupted, exiting. There are 0 tasks remaining in the queue.
2019-08-29 08:47:52,459 [ForkJoinPool.commonPool-worker-0] INFO  util.JmxRegister (JmxRegister.java:unregister(73)) - Successfully un-registered JMX Bean with object name Ratis:service=RaftServer,group=group-8C9C71E7F381,id=d92499b0-1b7f-4387-8ba6-ffcf7cff46e6
2019-08-29 08:47:52,459 [main] INFO  segmented.SegmentedRaftLogWorker (SegmentedRaftLogWorker.java:close(228)) - 62127296-10ba-4bda-9b01-f27ba8bd8737-SegmentedRaftLogWorker:Storage Directory /workdir/hadoop-ozone/integration-test/target/test-dir/MiniOzoneClusterImpl-0396b80d-4163-4a3b-9db9-4b816fc820e4/datanode-9/data/ratis/32e3f9b7-5311-40b4-abcd-04fc4e6350ce close()
2019-08-29 08:47:52,459 [ForkJoinPool.commonPool-worker-0] INFO  impl.RoleInfo (RoleInfo.java:shutdownLeaderState(104)) - d92499b0-1b7f-4387-8ba6-ffcf7cff46e6: shutdown LeaderState
2019-08-29 08:47:52,460 [main] INFO  server.GrpcService (GrpcService.java:closeImpl(155)) - 62127296-10ba-4bda-9b01-f27ba8bd8737: shutdown server with port 45010 now
2019-08-29 08:47:52,461 [ForkJoinPool.commonPool-worker-0] INFO  impl.PendingRequests (PendingRequests.java:sendNotLeaderResponses(202)) - d92499b0-1b7f-4387-8ba6-ffcf7cff46e6-PendingRequests: sendNotLeaderResponses
2019-08-29 08:47:52,461 [ForkJoinPool.commonPool-worker-0] INFO  impl.StateMachineUpdater (StateMachineUpdater.java:stopAndJoin(115)) - StateMachineUpdater:d92499b0-1b7f-4387-8ba6-ffcf7cff46e6:group-8C9C71E7F381: set stopIndex = 0
2019-08-29 08:47:52,461 [ForkJoinPool.commonPool-worker-0] INFO  impl.RaftServerImpl (ServerState.java:close(394)) - d92499b0-1b7f-4387-8ba6-ffcf7cff46e6:group-8C9C71E7F381 closes. The last applied log index is 0
2019-08-29 08:47:52,461 [main] INFO  server.GrpcService (GrpcService.java:closeImpl(163)) - 62127296-10ba-4bda-9b01-f27ba8bd8737: shutdown server with port 45010 successfully
2019-08-29 08:47:52,462 [d92499b0-1b7f-4387-8ba6-ffcf7cff46e6-SegmentedRaftLogWorker:Storage Directory /workdir/hadoop-ozone/integration-test/target/test-dir/MiniOzoneClusterImpl-0396b80d-4163-4a3b-9db9-4b816fc820e4/datanode-0/data/ratis/fa49bd65-13dc-40e0-a648-8c9c71e7f381] INFO  segmented.SegmentedRaftLogWorker (SegmentedRaftLogWorker.java:run(313)) - d92499b0-1b7f-4387-8ba6-ffcf7cff46e6-SegmentedRaftLogWorker:Storage Directory /workdir/hadoop-ozone/integration-test/target/test-dir/MiniOzoneClusterImpl-0396b80d-4163-4a3b-9db9-4b816fc820e4/datanode-0/data/ratis/fa49bd65-13dc-40e0-a648-8c9c71e7f381 was interrupted, exiting. There are 0 tasks remaining in the queue.
2019-08-29 08:47:52,462 [ForkJoinPool.commonPool-worker-0] INFO  segmented.SegmentedRaftLogWorker (SegmentedRaftLogWorker.java:close(228)) - d92499b0-1b7f-4387-8ba6-ffcf7cff46e6-SegmentedRaftLogWorker:Storage Directory /workdir/hadoop-ozone/integration-test/target/test-dir/MiniOzoneClusterImpl-0396b80d-4163-4a3b-9db9-4b816fc820e4/datanode-0/data/ratis/fa49bd65-13dc-40e0-a648-8c9c71e7f381 close()
2019-08-29 08:47:52,464 [ForkJoinPool.commonPool-worker-0] INFO  impl.RaftServerImpl (RaftServerImpl.java:lambda$shutdown$3(245)) - d92499b0-1b7f-4387-8ba6-ffcf7cff46e6: shutdown group-99B3E677189C
2019-08-29 08:47:52,464 [ForkJoinPool.commonPool-worker-0] INFO  util.JmxRegister (JmxRegister.java:unregister(73)) - Successfully un-registered JMX Bean with object name Ratis:service=RaftServer,group=group-99B3E677189C,id=d92499b0-1b7f-4387-8ba6-ffcf7cff46e6
2019-08-29 08:47:52,464 [ForkJoinPool.commonPool-worker-0] INFO  impl.RoleInfo (RoleInfo.java:shutdownLeaderState(104)) - d92499b0-1b7f-4387-8ba6-ffcf7cff46e6: shutdown LeaderState
2019-08-29 08:47:52,467 [ForkJoinPool.commonPool-worker-0] INFO  impl.PendingRequests (PendingRequests.java:sendNotLeaderResponses(202)) - d92499b0-1b7f-4387-8ba6-ffcf7cff46e6-PendingRequests: sendNotLeaderResponses
2019-08-29 08:47:52,467 [refreshUsed-/workdir/hadoop-ozone/integration-test/target/test-dir/MiniOzoneClusterImpl-0396b80d-4163-4a3b-9db9-4b816fc820e4/datanode-9/data/containers] WARN  fs.CachingGetSpaceUsed (CachingGetSpaceUsed.java:run(183)) - Thread Interrupted waiting to refresh disk information: sleep interrupted
2019-08-29 08:47:52,467 [org.apache.ratis.server.impl.LogAppender$AppenderDaemon$$Lambda$491/432318982@7aa6b847] WARN  server.GrpcLogAppender (GrpcLogAppender.java:mayWait(143)) - GrpcLogAppender(d92499b0-1b7f-4387-8ba6-ffcf7cff46e6->37fb6585-bd86-49e3-96c6-47308e6afbcf): Wait interrupted by java.lang.InterruptedException
2019-08-29 08:47:52,467 [org.apache.ratis.server.impl.LogAppender$AppenderDaemon$$Lambda$491/432318982@2128d0bb] WARN  server.GrpcLogAppender (GrpcLogAppender.java:mayWait(143)) - GrpcLogAppender(d92499b0-1b7f-4387-8ba6-ffcf7cff46e6->dd40d4a5-aa3f-4ebf-9cec-f561545fceec): Wait interrupted by java.lang.InterruptedException
2019-08-29 08:47:52,468 [StateMachineUpdater:d92499b0-1b7f-4387-8ba6-ffcf7cff46e6:group-99B3E677189C] INFO  ratis.ContainerStateMachine (ContainerStateMachine.java:takeSnapshot(284)) - group-99B3E677189C: Taking a snapshot at:(t:1, i:12) file /workdir/hadoop-ozone/integration-test/target/test-dir/MiniOzoneClusterImpl-0396b80d-4163-4a3b-9db9-4b816fc820e4/datanode-0/data/ratis/054fdc03-55bb-4efd-8db9-99b3e677189c/sm/snapshot.1_12
2019-08-29 08:47:52,467 [ForkJoinPool.commonPool-worker-0] INFO  impl.StateMachineUpdater (StateMachineUpdater.java:stopAndJoin(115)) - StateMachineUpdater:d92499b0-1b7f-4387-8ba6-ffcf7cff46e6:group-99B3E677189C: set stopIndex = 18
2019-08-29 08:47:52,484 [main] INFO  utils.BackgroundService (BackgroundService.java:shutdown(148)) - Shutting down service BlockDeletingService
2019-08-29 08:47:52,486 [StateMachineUpdater:d92499b0-1b7f-4387-8ba6-ffcf7cff46e6:group-99B3E677189C] INFO  ratis.ContainerStateMachine (ContainerStateMachine.java:takeSnapshot(295)) - group-99B3E677189C: Finished taking a snapshot at:(t:1, i:12) file:/workdir/hadoop-ozone/integration-test/target/test-dir/MiniOzoneClusterImpl-0396b80d-4163-4a3b-9db9-4b816fc820e4/datanode-0/data/ratis/054fdc03-55bb-4efd-8db9-99b3e677189c/sm/snapshot.1_12 time:19
2019-08-29 08:47:52,487 [main] INFO  statemachine.DatanodeStateMachine (DatanodeStateMachine.java:stopDaemon(395)) - Ozone container server stopped.
2019-08-29 08:47:52,487 [StateMachineUpdater:d92499b0-1b7f-4387-8ba6-ffcf7cff46e6:group-99B3E677189C] INFO  impl.StateMachineUpdater (StateMachineUpdater.java:takeSnapshot(242)) - StateMachineUpdater:d92499b0-1b7f-4387-8ba6-ffcf7cff46e6:group-99B3E677189C: Took a snapshot at index 12
2019-08-29 08:47:52,488 [StateMachineUpdater:d92499b0-1b7f-4387-8ba6-ffcf7cff46e6:group-99B3E677189C] INFO  impl.StateMachineUpdater (StateMachineUpdater.java:lambda$new$0(80)) - StateMachineUpdater:d92499b0-1b7f-4387-8ba6-ffcf7cff46e6:group-99B3E677189C: snapshotIndex: updateIncreasingly -1 -> 12
2019-08-29 08:47:52,488 [ForkJoinPool.commonPool-worker-0] INFO  impl.RaftServerImpl (ServerState.java:close(394)) - d92499b0-1b7f-4387-8ba6-ffcf7cff46e6:group-99B3E677189C closes. The last applied log index is 18
2019-08-29 08:47:52,488 [main] INFO  handler.ContextHandler (ContextHandler.java:doStop(910)) - Stopped o.e.j.w.WebAppContext@59ce792e{/,null,UNAVAILABLE}{/hddsDatanode}
2019-08-29 08:47:52,489 [d92499b0-1b7f-4387-8ba6-ffcf7cff46e6-SegmentedRaftLogWorker:Storage Directory /workdir/hadoop-ozone/integration-test/target/test-dir/MiniOzoneClusterImpl-0396b80d-4163-4a3b-9db9-4b816fc820e4/datanode-0/data/ratis/054fdc03-55bb-4efd-8db9-99b3e677189c] INFO  segmented.SegmentedRaftLogWorker (SegmentedRaftLogWorker.java:run(313)) - d92499b0-1b7f-4387-8ba6-ffcf7cff46e6-SegmentedRaftLogWorker:Storage Directory /workdir/hadoop-ozone/integration-test/target/test-dir/MiniOzoneClusterImpl-0396b80d-4163-4a3b-9db9-4b816fc820e4/datanode-0/data/ratis/054fdc03-55bb-4efd-8db9-99b3e677189c was interrupted, exiting. There are 0 tasks remaining in the queue.
2019-08-29 08:47:52,489 [ForkJoinPool.commonPool-worker-0] INFO  segmented.SegmentedRaftLogWorker (SegmentedRaftLogWorker.java:close(228)) - d92499b0-1b7f-4387-8ba6-ffcf7cff46e6-SegmentedRaftLogWorker:Storage Directory /workdir/hadoop-ozone/integration-test/target/test-dir/MiniOzoneClusterImpl-0396b80d-4163-4a3b-9db9-4b816fc820e4/datanode-0/data/ratis/054fdc03-55bb-4efd-8db9-99b3e677189c close()
2019-08-29 08:47:52,489 [main] INFO  server.AbstractConnector (AbstractConnector.java:doStop(318)) - Stopped ServerConnector@4860827a{HTTP/1.1,[http/1.1]}{0.0.0.0:0}
2019-08-29 08:47:52,490 [ForkJoinPool.commonPool-worker-0] INFO  server.GrpcService (GrpcService.java:closeImpl(155)) - d92499b0-1b7f-4387-8ba6-ffcf7cff46e6: shutdown server with port 34281 now
2019-08-29 08:47:52,490 [main] INFO  handler.ContextHandler (ContextHandler.java:doStop(910)) - Stopped o.e.j.s.ServletContextHandler@56399b9e{/static,jar:file:/home/user/.m2/repository/org/apache/hadoop/hadoop-hdds-container-service/0.5.0-SNAPSHOT/hadoop-hdds-container-service-0.5.0-SNAPSHOT.jar!/webapps/static,UNAVAILABLE}
2019-08-29 08:47:52,490 [ForkJoinPool.commonPool-worker-0] INFO  server.GrpcService (GrpcService.java:closeImpl(163)) - d92499b0-1b7f-4387-8ba6-ffcf7cff46e6: shutdown server with port 34281 successfully
2019-08-29 08:47:52,491 [main] INFO  handler.ContextHandler (ContextHandler.java:doStop(910)) - Stopped o.e.j.s.ServletContextHandler@6242ae3b{/logs,file:///workdir/hadoop-ozone/integration-test/target/log,UNAVAILABLE}
2019-08-29 08:47:52,495 [refreshUsed-/workdir/hadoop-ozone/integration-test/target/test-dir/MiniOzoneClusterImpl-0396b80d-4163-4a3b-9db9-4b816fc820e4/datanode-0/data/containers] WARN  fs.CachingGetSpaceUsed (CachingGetSpaceUsed.java:run(183)) - Thread Interrupted waiting to refresh disk information: sleep interrupted
2019-08-29 08:47:52,506 [ForkJoinPool.commonPool-worker-0] INFO  utils.BackgroundService (BackgroundService.java:shutdown(148)) - Shutting down service BlockDeletingService
2019-08-29 08:47:52,509 [ForkJoinPool.commonPool-worker-0] INFO  statemachine.DatanodeStateMachine (DatanodeStateMachine.java:stopDaemon(395)) - Ozone container server stopped.
2019-08-29 08:47:52,512 [ForkJoinPool.commonPool-worker-0] INFO  handler.ContextHandler (ContextHandler.java:doStop(910)) - Stopped o.e.j.w.WebAppContext@934b52f{/,null,UNAVAILABLE}{/hddsDatanode}
2019-08-29 08:47:52,512 [ForkJoinPool.commonPool-worker-0] INFO  server.AbstractConnector (AbstractConnector.java:doStop(318)) - Stopped ServerConnector@2630dbc4{HTTP/1.1,[http/1.1]}{0.0.0.0:0}
2019-08-29 08:47:52,513 [ForkJoinPool.commonPool-worker-0] INFO  handler.ContextHandler (ContextHandler.java:doStop(910)) - Stopped o.e.j.s.ServletContextHandler@68b9834c{/static,jar:file:/home/user/.m2/repository/org/apache/hadoop/hadoop-hdds-container-service/0.5.0-SNAPSHOT/hadoop-hdds-container-service-0.5.0-SNAPSHOT.jar!/webapps/static,UNAVAILABLE}
2019-08-29 08:47:52,514 [ForkJoinPool.commonPool-worker-0] INFO  handler.ContextHandler (ContextHandler.java:doStop(910)) - Stopped o.e.j.s.ServletContextHandler@17fa1336{/logs,file:///workdir/hadoop-ozone/integration-test/target/log,UNAVAILABLE}
2019-08-29 08:47:52,780 [Datanode State Machine Thread - 0] INFO  statemachine.DatanodeStateMachine (DatanodeStateMachine.java:lambda$startDaemon$0(350)) - Ozone container server started.
2019-08-29 08:47:52,939 [grpc-default-executor-4] WARN  server.GrpcLogAppender (LogUtils.java:warn(134)) - 2256733f-555b-4f0d-8703-18eb36ab43de->3a39fbaa-14da-4624-bf1d-aa1db02e0173: Failed appendEntries: org.apache.ratis.thirdparty.io.grpc.StatusRuntimeException: UNAVAILABLE: io exception
2019-08-29 08:47:52,939 [grpc-default-executor-3] WARN  server.GrpcLogAppender (LogUtils.java:warn(134)) - 2256733f-555b-4f0d-8703-18eb36ab43de->823a7cbe-9ef5-429c-8255-e9ac46ec72ba: Failed appendEntries: org.apache.ratis.thirdparty.io.grpc.StatusRuntimeException: UNAVAILABLE: io exception
2019-08-29 08:47:52,940 [grpc-default-executor-4] INFO  impl.FollowerInfo (FollowerInfo.java:lambda$new$0(50)) - 2256733f-555b-4f0d-8703-18eb36ab43de->3a39fbaa-14da-4624-bf1d-aa1db02e0173: nextIndex: updateUnconditionally 0 -> 0
2019-08-29 08:47:52,940 [grpc-default-executor-3] INFO  impl.FollowerInfo (FollowerInfo.java:lambda$new$0(50)) - 2256733f-555b-4f0d-8703-18eb36ab43de->823a7cbe-9ef5-429c-8255-e9ac46ec72ba: nextIndex: updateUnconditionally 0 -> 0
2019-08-29 08:47:52,965 [Datanode State Machine Thread - 0] INFO  statemachine.DatanodeStateMachine (DatanodeStateMachine.java:lambda$startDaemon$0(350)) - Ozone container server started.
2019-08-29 08:47:53,440 [grpc-default-executor-0] WARN  server.GrpcLogAppender (LogUtils.java:warn(134)) - 2256733f-555b-4f0d-8703-18eb36ab43de->3a39fbaa-14da-4624-bf1d-aa1db02e0173: Failed appendEntries: org.apache.ratis.thirdparty.io.grpc.StatusRuntimeException: UNAVAILABLE: io exception
2019-08-29 08:47:53,441 [grpc-default-executor-2] WARN  server.GrpcLogAppender (LogUtils.java:warn(134)) - 2256733f-555b-4f0d-8703-18eb36ab43de->823a7cbe-9ef5-429c-8255-e9ac46ec72ba: Failed appendEntries: org.apache.ratis.thirdparty.io.grpc.StatusRuntimeException: UNAVAILABLE: io exception
2019-08-29 08:47:53,441 [grpc-default-executor-0] INFO  impl.FollowerInfo (FollowerInfo.java:lambda$new$0(50)) - 2256733f-555b-4f0d-8703-18eb36ab43de->3a39fbaa-14da-4624-bf1d-aa1db02e0173: nextIndex: updateUnconditionally 0 -> 0
2019-08-29 08:47:53,441 [grpc-default-executor-2] INFO  impl.FollowerInfo (FollowerInfo.java:lambda$new$0(50)) - 2256733f-555b-4f0d-8703-18eb36ab43de->823a7cbe-9ef5-429c-8255-e9ac46ec72ba: nextIndex: updateUnconditionally 0 -> 0
2019-08-29 08:47:53,905 [Thread-653] INFO  impl.FollowerState (FollowerState.java:run(106)) - 4372d764-1931-406f-887c-7b5d1b7ac3a6:group-0E98D55737AE changes to CANDIDATE, lastRpcTime:1849, electionTimeout:1017ms
2019-08-29 08:47:53,905 [Thread-653] INFO  impl.RoleInfo (RoleInfo.java:shutdownFollowerState(121)) - 4372d764-1931-406f-887c-7b5d1b7ac3a6: shutdown FollowerState
2019-08-29 08:47:53,906 [Thread-653] INFO  impl.RaftServerImpl (RaftServerImpl.java:setRole(171)) - 4372d764-1931-406f-887c-7b5d1b7ac3a6:group-0E98D55737AE changes role from FOLLOWER to CANDIDATE at term 4 for changeToCandidate
2019-08-29 08:47:53,906 [Thread-653] INFO  impl.RoleInfo (RoleInfo.java:updateAndGet(143)) - 4372d764-1931-406f-887c-7b5d1b7ac3a6: start LeaderElection
2019-08-29 08:47:53,908 [4372d764-1931-406f-887c-7b5d1b7ac3a6:group-0E98D55737AE:LeaderElection38] INFO  impl.RaftServerImpl (ServerState.java:setLeader(263)) - 4372d764-1931-406f-887c-7b5d1b7ac3a6:group-0E98D55737AE change Leader from 62127296-10ba-4bda-9b01-f27ba8bd8737 to null at term 4 for initElection
2019-08-29 08:47:53,915 [4372d764-1931-406f-887c-7b5d1b7ac3a6:group-0E98D55737AE:LeaderElection38] INFO  impl.LeaderElection (LeaderElection.java:askForVotes(181)) - 4372d764-1931-406f-887c-7b5d1b7ac3a6:group-0E98D55737AE:LeaderElection38: begin an election at term 5 for 0: [4372d764-1931-406f-887c-7b5d1b7ac3a6:192.168.5.176:40296, 62127296-10ba-4bda-9b01-f27ba8bd8737:192.168.5.176:45010, d2610440-16a5-46aa-8011-5e9b2b98e89e:192.168.5.176:44963], old=null
2019-08-29 08:47:53,918 [4372d764-1931-406f-887c-7b5d1b7ac3a6:group-0E98D55737AE:LeaderElection38] INFO  impl.LeaderElection (LogUtils.java:infoOrTrace(149)) - 4372d764-1931-406f-887c-7b5d1b7ac3a6:group-0E98D55737AE:LeaderElection38 got exception when requesting votes: {}
java.util.concurrent.ExecutionException: org.apache.ratis.thirdparty.io.grpc.StatusRuntimeException: UNAVAILABLE: io exception
	at java.util.concurrent.FutureTask.report(FutureTask.java:122)
	at java.util.concurrent.FutureTask.get(FutureTask.java:192)
	at org.apache.ratis.server.impl.LeaderElection.waitForResults(LeaderElection.java:262)
	at org.apache.ratis.server.impl.LeaderElection.askForVotes(LeaderElection.java:200)
	at org.apache.ratis.server.impl.LeaderElection.run(LeaderElection.java:130)
	at java.lang.Thread.run(Thread.java:748)
Caused by: org.apache.ratis.thirdparty.io.grpc.StatusRuntimeException: UNAVAILABLE: io exception
	at org.apache.ratis.thirdparty.io.grpc.stub.ClientCalls.toStatusRuntimeException(ClientCalls.java:233)
	at org.apache.ratis.thirdparty.io.grpc.stub.ClientCalls.getUnchecked(ClientCalls.java:214)
	at org.apache.ratis.thirdparty.io.grpc.stub.ClientCalls.blockingUnaryCall(ClientCalls.java:139)
	at org.apache.ratis.proto.grpc.RaftServerProtocolServiceGrpc$RaftServerProtocolServiceBlockingStub.requestVote(RaftServerProtocolServiceGrpc.java:265)
	at org.apache.ratis.grpc.server.GrpcServerProtocolClient.requestVote(GrpcServerProtocolClient.java:83)
	at org.apache.ratis.grpc.server.GrpcService.requestVote(GrpcService.java:195)
	at org.apache.ratis.server.impl.LeaderElection.lambda$submitRequests$1(LeaderElection.java:237)
	at java.util.concurrent.FutureTask.run(FutureTask.java:266)
	at java.util.concurrent.Executors$RunnableAdapter.call(Executors.java:511)
	at java.util.concurrent.FutureTask.run(FutureTask.java:266)
	at java.util.concurrent.ThreadPoolExecutor.runWorker(ThreadPoolExecutor.java:1149)
	at java.util.concurrent.ThreadPoolExecutor$Worker.run(ThreadPoolExecutor.java:624)
	... 1 more
Caused by: org.apache.ratis.thirdparty.io.netty.channel.AbstractChannel$AnnotatedConnectException: Connection refused: /192.168.5.176:45010
	at sun.nio.ch.SocketChannelImpl.checkConnect(Native Method)
	at sun.nio.ch.SocketChannelImpl.finishConnect(SocketChannelImpl.java:717)
	at org.apache.ratis.thirdparty.io.netty.channel.socket.nio.NioSocketChannel.doFinishConnect(NioSocketChannel.java:327)
	at org.apache.ratis.thirdparty.io.netty.channel.nio.AbstractNioChannel$AbstractNioUnsafe.finishConnect(AbstractNioChannel.java:340)
	at org.apache.ratis.thirdparty.io.netty.channel.nio.NioEventLoop.processSelectedKey(NioEventLoop.java:632)
	at org.apache.ratis.thirdparty.io.netty.channel.nio.NioEventLoop.processSelectedKeysOptimized(NioEventLoop.java:579)
	at org.apache.ratis.thirdparty.io.netty.channel.nio.NioEventLoop.processSelectedKeys(NioEventLoop.java:496)
	at org.apache.ratis.thirdparty.io.netty.channel.nio.NioEventLoop.run(NioEventLoop.java:458)
	at org.apache.ratis.thirdparty.io.netty.util.concurrent.SingleThreadEventExecutor$5.run(SingleThreadEventExecutor.java:897)
	at org.apache.ratis.thirdparty.io.netty.util.concurrent.FastThreadLocalRunnable.run(FastThreadLocalRunnable.java:30)
	... 1 more
Caused by: java.net.ConnectException: Connection refused
	... 11 more
2019-08-29 08:47:53,919 [4372d764-1931-406f-887c-7b5d1b7ac3a6:group-0E98D55737AE:LeaderElection38] INFO  impl.LeaderElection (LogUtils.java:infoOrTrace(149)) - 4372d764-1931-406f-887c-7b5d1b7ac3a6:group-0E98D55737AE:LeaderElection38 got exception when requesting votes: {}
java.util.concurrent.ExecutionException: org.apache.ratis.thirdparty.io.grpc.StatusRuntimeException: UNAVAILABLE: io exception
	at java.util.concurrent.FutureTask.report(FutureTask.java:122)
	at java.util.concurrent.FutureTask.get(FutureTask.java:192)
	at org.apache.ratis.server.impl.LeaderElection.waitForResults(LeaderElection.java:262)
	at org.apache.ratis.server.impl.LeaderElection.askForVotes(LeaderElection.java:200)
	at org.apache.ratis.server.impl.LeaderElection.run(LeaderElection.java:130)
	at java.lang.Thread.run(Thread.java:748)
Caused by: org.apache.ratis.thirdparty.io.grpc.StatusRuntimeException: UNAVAILABLE: io exception
	at org.apache.ratis.thirdparty.io.grpc.stub.ClientCalls.toStatusRuntimeException(ClientCalls.java:233)
	at org.apache.ratis.thirdparty.io.grpc.stub.ClientCalls.getUnchecked(ClientCalls.java:214)
	at org.apache.ratis.thirdparty.io.grpc.stub.ClientCalls.blockingUnaryCall(ClientCalls.java:139)
	at org.apache.ratis.proto.grpc.RaftServerProtocolServiceGrpc$RaftServerProtocolServiceBlockingStub.requestVote(RaftServerProtocolServiceGrpc.java:265)
	at org.apache.ratis.grpc.server.GrpcServerProtocolClient.requestVote(GrpcServerProtocolClient.java:83)
	at org.apache.ratis.grpc.server.GrpcService.requestVote(GrpcService.java:195)
	at org.apache.ratis.server.impl.LeaderElection.lambda$submitRequests$1(LeaderElection.java:237)
	at java.util.concurrent.FutureTask.run(FutureTask.java:266)
	at java.util.concurrent.Executors$RunnableAdapter.call(Executors.java:511)
	at java.util.concurrent.FutureTask.run(FutureTask.java:266)
	at java.util.concurrent.ThreadPoolExecutor.runWorker(ThreadPoolExecutor.java:1149)
	at java.util.concurrent.ThreadPoolExecutor$Worker.run(ThreadPoolExecutor.java:624)
	... 1 more
Caused by: org.apache.ratis.thirdparty.io.netty.channel.AbstractChannel$AnnotatedConnectException: Connection refused: /192.168.5.176:44963
	at sun.nio.ch.SocketChannelImpl.checkConnect(Native Method)
	at sun.nio.ch.SocketChannelImpl.finishConnect(SocketChannelImpl.java:717)
	at org.apache.ratis.thirdparty.io.netty.channel.socket.nio.NioSocketChannel.doFinishConnect(NioSocketChannel.java:327)
	at org.apache.ratis.thirdparty.io.netty.channel.nio.AbstractNioChannel$AbstractNioUnsafe.finishConnect(AbstractNioChannel.java:340)
	at org.apache.ratis.thirdparty.io.netty.channel.nio.NioEventLoop.processSelectedKey(NioEventLoop.java:632)
	at org.apache.ratis.thirdparty.io.netty.channel.nio.NioEventLoop.processSelectedKeysOptimized(NioEventLoop.java:579)
	at org.apache.ratis.thirdparty.io.netty.channel.nio.NioEventLoop.processSelectedKeys(NioEventLoop.java:496)
	at org.apache.ratis.thirdparty.io.netty.channel.nio.NioEventLoop.run(NioEventLoop.java:458)
	at org.apache.ratis.thirdparty.io.netty.util.concurrent.SingleThreadEventExecutor$5.run(SingleThreadEventExecutor.java:897)
	at org.apache.ratis.thirdparty.io.netty.util.concurrent.FastThreadLocalRunnable.run(FastThreadLocalRunnable.java:30)
	... 1 more
Caused by: java.net.ConnectException: Connection refused
	... 11 more
2019-08-29 08:47:53,921 [4372d764-1931-406f-887c-7b5d1b7ac3a6:group-0E98D55737AE:LeaderElection38] INFO  impl.LeaderElection (LeaderElection.java:logAndReturn(56)) - 4372d764-1931-406f-887c-7b5d1b7ac3a6:group-0E98D55737AE:LeaderElection38: Election REJECTED; received 0 response(s) [] and 2 exception(s); 4372d764-1931-406f-887c-7b5d1b7ac3a6:t5, leader=null, voted=4372d764-1931-406f-887c-7b5d1b7ac3a6, raftlog=4372d764-1931-406f-887c-7b5d1b7ac3a6-SegmentedRaftLog:OPENED:c0,f0,i0, conf=0: [4372d764-1931-406f-887c-7b5d1b7ac3a6:192.168.5.176:40296, 62127296-10ba-4bda-9b01-f27ba8bd8737:192.168.5.176:45010, d2610440-16a5-46aa-8011-5e9b2b98e89e:192.168.5.176:44963], old=null
2019-08-29 08:47:53,921 [4372d764-1931-406f-887c-7b5d1b7ac3a6:group-0E98D55737AE:LeaderElection38] INFO  impl.LeaderElection (LogUtils.java:infoOrTrace(149)) -   Exception 0: {}
java.util.concurrent.ExecutionException: org.apache.ratis.thirdparty.io.grpc.StatusRuntimeException: UNAVAILABLE: io exception
	at java.util.concurrent.FutureTask.report(FutureTask.java:122)
	at java.util.concurrent.FutureTask.get(FutureTask.java:192)
	at org.apache.ratis.server.impl.LeaderElection.waitForResults(LeaderElection.java:262)
	at org.apache.ratis.server.impl.LeaderElection.askForVotes(LeaderElection.java:200)
	at org.apache.ratis.server.impl.LeaderElection.run(LeaderElection.java:130)
	at java.lang.Thread.run(Thread.java:748)
Caused by: org.apache.ratis.thirdparty.io.grpc.StatusRuntimeException: UNAVAILABLE: io exception
	at org.apache.ratis.thirdparty.io.grpc.stub.ClientCalls.toStatusRuntimeException(ClientCalls.java:233)
	at org.apache.ratis.thirdparty.io.grpc.stub.ClientCalls.getUnchecked(ClientCalls.java:214)
	at org.apache.ratis.thirdparty.io.grpc.stub.ClientCalls.blockingUnaryCall(ClientCalls.java:139)
	at org.apache.ratis.proto.grpc.RaftServerProtocolServiceGrpc$RaftServerProtocolServiceBlockingStub.requestVote(RaftServerProtocolServiceGrpc.java:265)
	at org.apache.ratis.grpc.server.GrpcServerProtocolClient.requestVote(GrpcServerProtocolClient.java:83)
	at org.apache.ratis.grpc.server.GrpcService.requestVote(GrpcService.java:195)
	at org.apache.ratis.server.impl.LeaderElection.lambda$submitRequests$1(LeaderElection.java:237)
	at java.util.concurrent.FutureTask.run(FutureTask.java:266)
	at java.util.concurrent.Executors$RunnableAdapter.call(Executors.java:511)
	at java.util.concurrent.FutureTask.run(FutureTask.java:266)
	at java.util.concurrent.ThreadPoolExecutor.runWorker(ThreadPoolExecutor.java:1149)
	at java.util.concurrent.ThreadPoolExecutor$Worker.run(ThreadPoolExecutor.java:624)
	... 1 more
Caused by: org.apache.ratis.thirdparty.io.netty.channel.AbstractChannel$AnnotatedConnectException: Connection refused: /192.168.5.176:45010
	at sun.nio.ch.SocketChannelImpl.checkConnect(Native Method)
	at sun.nio.ch.SocketChannelImpl.finishConnect(SocketChannelImpl.java:717)
	at org.apache.ratis.thirdparty.io.netty.channel.socket.nio.NioSocketChannel.doFinishConnect(NioSocketChannel.java:327)
	at org.apache.ratis.thirdparty.io.netty.channel.nio.AbstractNioChannel$AbstractNioUnsafe.finishConnect(AbstractNioChannel.java:340)
	at org.apache.ratis.thirdparty.io.netty.channel.nio.NioEventLoop.processSelectedKey(NioEventLoop.java:632)
	at org.apache.ratis.thirdparty.io.netty.channel.nio.NioEventLoop.processSelectedKeysOptimized(NioEventLoop.java:579)
	at org.apache.ratis.thirdparty.io.netty.channel.nio.NioEventLoop.processSelectedKeys(NioEventLoop.java:496)
	at org.apache.ratis.thirdparty.io.netty.channel.nio.NioEventLoop.run(NioEventLoop.java:458)
	at org.apache.ratis.thirdparty.io.netty.util.concurrent.SingleThreadEventExecutor$5.run(SingleThreadEventExecutor.java:897)
	at org.apache.ratis.thirdparty.io.netty.util.concurrent.FastThreadLocalRunnable.run(FastThreadLocalRunnable.java:30)
	... 1 more
Caused by: java.net.ConnectException: Connection refused
	... 11 more
2019-08-29 08:47:53,921 [4372d764-1931-406f-887c-7b5d1b7ac3a6:group-0E98D55737AE:LeaderElection38] INFO  impl.LeaderElection (LogUtils.java:infoOrTrace(149)) -   Exception 1: {}
java.util.concurrent.ExecutionException: org.apache.ratis.thirdparty.io.grpc.StatusRuntimeException: UNAVAILABLE: io exception
	at java.util.concurrent.FutureTask.report(FutureTask.java:122)
	at java.util.concurrent.FutureTask.get(FutureTask.java:192)
	at org.apache.ratis.server.impl.LeaderElection.waitForResults(LeaderElection.java:262)
	at org.apache.ratis.server.impl.LeaderElection.askForVotes(LeaderElection.java:200)
	at org.apache.ratis.server.impl.LeaderElection.run(LeaderElection.java:130)
	at java.lang.Thread.run(Thread.java:748)
Caused by: org.apache.ratis.thirdparty.io.grpc.StatusRuntimeException: UNAVAILABLE: io exception
	at org.apache.ratis.thirdparty.io.grpc.stub.ClientCalls.toStatusRuntimeException(ClientCalls.java:233)
	at org.apache.ratis.thirdparty.io.grpc.stub.ClientCalls.getUnchecked(ClientCalls.java:214)
	at org.apache.ratis.thirdparty.io.grpc.stub.ClientCalls.blockingUnaryCall(ClientCalls.java:139)
	at org.apache.ratis.proto.grpc.RaftServerProtocolServiceGrpc$RaftServerProtocolServiceBlockingStub.requestVote(RaftServerProtocolServiceGrpc.java:265)
	at org.apache.ratis.grpc.server.GrpcServerProtocolClient.requestVote(GrpcServerProtocolClient.java:83)
	at org.apache.ratis.grpc.server.GrpcService.requestVote(GrpcService.java:195)
	at org.apache.ratis.server.impl.LeaderElection.lambda$submitRequests$1(LeaderElection.java:237)
	at java.util.concurrent.FutureTask.run(FutureTask.java:266)
	at java.util.concurrent.Executors$RunnableAdapter.call(Executors.java:511)
	at java.util.concurrent.FutureTask.run(FutureTask.java:266)
	at java.util.concurrent.ThreadPoolExecutor.runWorker(ThreadPoolExecutor.java:1149)
	at java.util.concurrent.ThreadPoolExecutor$Worker.run(ThreadPoolExecutor.java:624)
	... 1 more
Caused by: org.apache.ratis.thirdparty.io.netty.channel.AbstractChannel$AnnotatedConnectException: Connection refused: /192.168.5.176:44963
	at sun.nio.ch.SocketChannelImpl.checkConnect(Native Method)
	at sun.nio.ch.SocketChannelImpl.finishConnect(SocketChannelImpl.java:717)
	at org.apache.ratis.thirdparty.io.netty.channel.socket.nio.NioSocketChannel.doFinishConnect(NioSocketChannel.java:327)
	at org.apache.ratis.thirdparty.io.netty.channel.nio.AbstractNioChannel$AbstractNioUnsafe.finishConnect(AbstractNioChannel.java:340)
	at org.apache.ratis.thirdparty.io.netty.channel.nio.NioEventLoop.processSelectedKey(NioEventLoop.java:632)
	at org.apache.ratis.thirdparty.io.netty.channel.nio.NioEventLoop.processSelectedKeysOptimized(NioEventLoop.java:579)
	at org.apache.ratis.thirdparty.io.netty.channel.nio.NioEventLoop.processSelectedKeys(NioEventLoop.java:496)
	at org.apache.ratis.thirdparty.io.netty.channel.nio.NioEventLoop.run(NioEventLoop.java:458)
	at org.apache.ratis.thirdparty.io.netty.util.concurrent.SingleThreadEventExecutor$5.run(SingleThreadEventExecutor.java:897)
	at org.apache.ratis.thirdparty.io.netty.util.concurrent.FastThreadLocalRunnable.run(FastThreadLocalRunnable.java:30)
	... 1 more
Caused by: java.net.ConnectException: Connection refused
	... 11 more
2019-08-29 08:47:53,922 [4372d764-1931-406f-887c-7b5d1b7ac3a6:group-0E98D55737AE:LeaderElection38] INFO  impl.RaftServerImpl (RaftServerImpl.java:setRole(171)) - 4372d764-1931-406f-887c-7b5d1b7ac3a6:group-0E98D55737AE changes role from CANDIDATE to FOLLOWER at term 5 for DISCOVERED_A_NEW_TERM
2019-08-29 08:47:53,922 [4372d764-1931-406f-887c-7b5d1b7ac3a6:group-0E98D55737AE:LeaderElection38] INFO  impl.RoleInfo (RoleInfo.java:shutdownLeaderElection(134)) - 4372d764-1931-406f-887c-7b5d1b7ac3a6: shutdown LeaderElection
2019-08-29 08:47:53,922 [4372d764-1931-406f-887c-7b5d1b7ac3a6:group-0E98D55737AE:LeaderElection38] INFO  impl.RoleInfo (RoleInfo.java:updateAndGet(143)) - 4372d764-1931-406f-887c-7b5d1b7ac3a6: start FollowerState
2019-08-29 08:47:53,941 [grpc-default-executor-1] WARN  server.GrpcLogAppender (LogUtils.java:warn(134)) - 2256733f-555b-4f0d-8703-18eb36ab43de->823a7cbe-9ef5-429c-8255-e9ac46ec72ba: Failed appendEntries: org.apache.ratis.thirdparty.io.grpc.StatusRuntimeException: UNAVAILABLE: io exception
2019-08-29 08:47:53,941 [grpc-default-executor-0] WARN  server.GrpcLogAppender (LogUtils.java:warn(134)) - 2256733f-555b-4f0d-8703-18eb36ab43de->3a39fbaa-14da-4624-bf1d-aa1db02e0173: Failed appendEntries: org.apache.ratis.thirdparty.io.grpc.StatusRuntimeException: UNAVAILABLE: io exception
2019-08-29 08:47:53,941 [grpc-default-executor-1] INFO  impl.FollowerInfo (FollowerInfo.java:lambda$new$0(50)) - 2256733f-555b-4f0d-8703-18eb36ab43de->823a7cbe-9ef5-429c-8255-e9ac46ec72ba: nextIndex: updateUnconditionally 0 -> 0
2019-08-29 08:47:53,942 [grpc-default-executor-0] INFO  impl.FollowerInfo (FollowerInfo.java:lambda$new$0(50)) - 2256733f-555b-4f0d-8703-18eb36ab43de->3a39fbaa-14da-4624-bf1d-aa1db02e0173: nextIndex: updateUnconditionally 0 -> 0
2019-08-29 08:47:54,443 [grpc-default-executor-4] WARN  server.GrpcLogAppender (LogUtils.java:warn(134)) - 2256733f-555b-4f0d-8703-18eb36ab43de->823a7cbe-9ef5-429c-8255-e9ac46ec72ba: Failed appendEntries: org.apache.ratis.thirdparty.io.grpc.StatusRuntimeException: UNAVAILABLE: io exception
2019-08-29 08:47:54,443 [grpc-default-executor-3] WARN  server.GrpcLogAppender (LogUtils.java:warn(134)) - 2256733f-555b-4f0d-8703-18eb36ab43de->3a39fbaa-14da-4624-bf1d-aa1db02e0173: Failed appendEntries: org.apache.ratis.thirdparty.io.grpc.StatusRuntimeException: UNAVAILABLE: io exception
2019-08-29 08:47:54,443 [grpc-default-executor-4] INFO  impl.FollowerInfo (FollowerInfo.java:lambda$new$0(50)) - 2256733f-555b-4f0d-8703-18eb36ab43de->823a7cbe-9ef5-429c-8255-e9ac46ec72ba: nextIndex: updateUnconditionally 0 -> 0
2019-08-29 08:47:54,443 [grpc-default-executor-3] INFO  impl.FollowerInfo (FollowerInfo.java:lambda$new$0(50)) - 2256733f-555b-4f0d-8703-18eb36ab43de->3a39fbaa-14da-4624-bf1d-aa1db02e0173: nextIndex: updateUnconditionally 0 -> 0
2019-08-29 08:47:54,943 [grpc-default-executor-0] WARN  server.GrpcLogAppender (LogUtils.java:warn(134)) - 2256733f-555b-4f0d-8703-18eb36ab43de->3a39fbaa-14da-4624-bf1d-aa1db02e0173: Failed appendEntries: org.apache.ratis.thirdparty.io.grpc.StatusRuntimeException: UNAVAILABLE: io exception
2019-08-29 08:47:54,943 [grpc-default-executor-1] WARN  server.GrpcLogAppender (LogUtils.java:warn(134)) - 2256733f-555b-4f0d-8703-18eb36ab43de->823a7cbe-9ef5-429c-8255-e9ac46ec72ba: Failed appendEntries: org.apache.ratis.thirdparty.io.grpc.StatusRuntimeException: UNAVAILABLE: io exception
2019-08-29 08:47:54,943 [grpc-default-executor-0] INFO  impl.FollowerInfo (FollowerInfo.java:lambda$new$0(50)) - 2256733f-555b-4f0d-8703-18eb36ab43de->3a39fbaa-14da-4624-bf1d-aa1db02e0173: nextIndex: updateUnconditionally 0 -> 0
2019-08-29 08:47:54,943 [grpc-default-executor-1] INFO  impl.FollowerInfo (FollowerInfo.java:lambda$new$0(50)) - 2256733f-555b-4f0d-8703-18eb36ab43de->823a7cbe-9ef5-429c-8255-e9ac46ec72ba: nextIndex: updateUnconditionally 0 -> 0
2019-08-29 08:47:55,012 [Thread-857] INFO  impl.FollowerState (FollowerState.java:run(106)) - 4372d764-1931-406f-887c-7b5d1b7ac3a6:group-0E98D55737AE changes to CANDIDATE, lastRpcTime:1089, electionTimeout:1089ms
2019-08-29 08:47:55,012 [Thread-857] INFO  impl.RoleInfo (RoleInfo.java:shutdownFollowerState(121)) - 4372d764-1931-406f-887c-7b5d1b7ac3a6: shutdown FollowerState
2019-08-29 08:47:55,012 [Thread-857] INFO  impl.RaftServerImpl (RaftServerImpl.java:setRole(171)) - 4372d764-1931-406f-887c-7b5d1b7ac3a6:group-0E98D55737AE changes role from FOLLOWER to CANDIDATE at term 5 for changeToCandidate
2019-08-29 08:47:55,012 [Thread-857] INFO  impl.RoleInfo (RoleInfo.java:updateAndGet(143)) - 4372d764-1931-406f-887c-7b5d1b7ac3a6: start LeaderElection
2019-08-29 08:47:55,027 [4372d764-1931-406f-887c-7b5d1b7ac3a6:group-0E98D55737AE:LeaderElection39] INFO  impl.LeaderElection (LeaderElection.java:askForVotes(181)) - 4372d764-1931-406f-887c-7b5d1b7ac3a6:group-0E98D55737AE:LeaderElection39: begin an election at term 6 for 0: [4372d764-1931-406f-887c-7b5d1b7ac3a6:192.168.5.176:40296, 62127296-10ba-4bda-9b01-f27ba8bd8737:192.168.5.176:45010, d2610440-16a5-46aa-8011-5e9b2b98e89e:192.168.5.176:44963], old=null
2019-08-29 08:47:55,028 [4372d764-1931-406f-887c-7b5d1b7ac3a6:group-0E98D55737AE:LeaderElection39] INFO  impl.LeaderElection (LogUtils.java:infoOrTrace(149)) - 4372d764-1931-406f-887c-7b5d1b7ac3a6:group-0E98D55737AE:LeaderElection39 got exception when requesting votes: {}
java.util.concurrent.ExecutionException: org.apache.ratis.thirdparty.io.grpc.StatusRuntimeException: UNAVAILABLE: io exception
	at java.util.concurrent.FutureTask.report(FutureTask.java:122)
	at java.util.concurrent.FutureTask.get(FutureTask.java:192)
	at org.apache.ratis.server.impl.LeaderElection.waitForResults(LeaderElection.java:262)
	at org.apache.ratis.server.impl.LeaderElection.askForVotes(LeaderElection.java:200)
	at org.apache.ratis.server.impl.LeaderElection.run(LeaderElection.java:130)
	at java.lang.Thread.run(Thread.java:748)
Caused by: org.apache.ratis.thirdparty.io.grpc.StatusRuntimeException: UNAVAILABLE: io exception
	at org.apache.ratis.thirdparty.io.grpc.stub.ClientCalls.toStatusRuntimeException(ClientCalls.java:233)
	at org.apache.ratis.thirdparty.io.grpc.stub.ClientCalls.getUnchecked(ClientCalls.java:214)
	at org.apache.ratis.thirdparty.io.grpc.stub.ClientCalls.blockingUnaryCall(ClientCalls.java:139)
	at org.apache.ratis.proto.grpc.RaftServerProtocolServiceGrpc$RaftServerProtocolServiceBlockingStub.requestVote(RaftServerProtocolServiceGrpc.java:265)
	at org.apache.ratis.grpc.server.GrpcServerProtocolClient.requestVote(GrpcServerProtocolClient.java:83)
	at org.apache.ratis.grpc.server.GrpcService.requestVote(GrpcService.java:195)
	at org.apache.ratis.server.impl.LeaderElection.lambda$submitRequests$1(LeaderElection.java:237)
	at java.util.concurrent.FutureTask.run(FutureTask.java:266)
	at java.util.concurrent.Executors$RunnableAdapter.call(Executors.java:511)
	at java.util.concurrent.FutureTask.run(FutureTask.java:266)
	at java.util.concurrent.ThreadPoolExecutor.runWorker(ThreadPoolExecutor.java:1149)
	at java.util.concurrent.ThreadPoolExecutor$Worker.run(ThreadPoolExecutor.java:624)
	... 1 more
Caused by: org.apache.ratis.thirdparty.io.netty.channel.AbstractChannel$AnnotatedConnectException: Connection refused: /192.168.5.176:45010
	at sun.nio.ch.SocketChannelImpl.checkConnect(Native Method)
	at sun.nio.ch.SocketChannelImpl.finishConnect(SocketChannelImpl.java:717)
	at org.apache.ratis.thirdparty.io.netty.channel.socket.nio.NioSocketChannel.doFinishConnect(NioSocketChannel.java:327)
	at org.apache.ratis.thirdparty.io.netty.channel.nio.AbstractNioChannel$AbstractNioUnsafe.finishConnect(AbstractNioChannel.java:340)
	at org.apache.ratis.thirdparty.io.netty.channel.nio.NioEventLoop.processSelectedKey(NioEventLoop.java:632)
	at org.apache.ratis.thirdparty.io.netty.channel.nio.NioEventLoop.processSelectedKeysOptimized(NioEventLoop.java:579)
	at org.apache.ratis.thirdparty.io.netty.channel.nio.NioEventLoop.processSelectedKeys(NioEventLoop.java:496)
	at org.apache.ratis.thirdparty.io.netty.channel.nio.NioEventLoop.run(NioEventLoop.java:458)
	at org.apache.ratis.thirdparty.io.netty.util.concurrent.SingleThreadEventExecutor$5.run(SingleThreadEventExecutor.java:897)
	at org.apache.ratis.thirdparty.io.netty.util.concurrent.FastThreadLocalRunnable.run(FastThreadLocalRunnable.java:30)
	... 1 more
Caused by: java.net.ConnectException: Connection refused
	... 11 more
2019-08-29 08:47:55,031 [4372d764-1931-406f-887c-7b5d1b7ac3a6:group-0E98D55737AE:LeaderElection39] INFO  impl.LeaderElection (LogUtils.java:infoOrTrace(149)) - 4372d764-1931-406f-887c-7b5d1b7ac3a6:group-0E98D55737AE:LeaderElection39 got exception when requesting votes: {}
java.util.concurrent.ExecutionException: org.apache.ratis.thirdparty.io.grpc.StatusRuntimeException: UNAVAILABLE: io exception
	at java.util.concurrent.FutureTask.report(FutureTask.java:122)
	at java.util.concurrent.FutureTask.get(FutureTask.java:192)
	at org.apache.ratis.server.impl.LeaderElection.waitForResults(LeaderElection.java:262)
	at org.apache.ratis.server.impl.LeaderElection.askForVotes(LeaderElection.java:200)
	at org.apache.ratis.server.impl.LeaderElection.run(LeaderElection.java:130)
	at java.lang.Thread.run(Thread.java:748)
Caused by: org.apache.ratis.thirdparty.io.grpc.StatusRuntimeException: UNAVAILABLE: io exception
	at org.apache.ratis.thirdparty.io.grpc.stub.ClientCalls.toStatusRuntimeException(ClientCalls.java:233)
	at org.apache.ratis.thirdparty.io.grpc.stub.ClientCalls.getUnchecked(ClientCalls.java:214)
	at org.apache.ratis.thirdparty.io.grpc.stub.ClientCalls.blockingUnaryCall(ClientCalls.java:139)
	at org.apache.ratis.proto.grpc.RaftServerProtocolServiceGrpc$RaftServerProtocolServiceBlockingStub.requestVote(RaftServerProtocolServiceGrpc.java:265)
	at org.apache.ratis.grpc.server.GrpcServerProtocolClient.requestVote(GrpcServerProtocolClient.java:83)
	at org.apache.ratis.grpc.server.GrpcService.requestVote(GrpcService.java:195)
	at org.apache.ratis.server.impl.LeaderElection.lambda$submitRequests$1(LeaderElection.java:237)
	at java.util.concurrent.FutureTask.run(FutureTask.java:266)
	at java.util.concurrent.Executors$RunnableAdapter.call(Executors.java:511)
	at java.util.concurrent.FutureTask.run(FutureTask.java:266)
	at java.util.concurrent.ThreadPoolExecutor.runWorker(ThreadPoolExecutor.java:1149)
	at java.util.concurrent.ThreadPoolExecutor$Worker.run(ThreadPoolExecutor.java:624)
	... 1 more
Caused by: org.apache.ratis.thirdparty.io.netty.channel.AbstractChannel$AnnotatedConnectException: Connection refused: /192.168.5.176:44963
	at sun.nio.ch.SocketChannelImpl.checkConnect(Native Method)
	at sun.nio.ch.SocketChannelImpl.finishConnect(SocketChannelImpl.java:717)
	at org.apache.ratis.thirdparty.io.netty.channel.socket.nio.NioSocketChannel.doFinishConnect(NioSocketChannel.java:327)
	at org.apache.ratis.thirdparty.io.netty.channel.nio.AbstractNioChannel$AbstractNioUnsafe.finishConnect(AbstractNioChannel.java:340)
	at org.apache.ratis.thirdparty.io.netty.channel.nio.NioEventLoop.processSelectedKey(NioEventLoop.java:632)
	at org.apache.ratis.thirdparty.io.netty.channel.nio.NioEventLoop.processSelectedKeysOptimized(NioEventLoop.java:579)
	at org.apache.ratis.thirdparty.io.netty.channel.nio.NioEventLoop.processSelectedKeys(NioEventLoop.java:496)
	at org.apache.ratis.thirdparty.io.netty.channel.nio.NioEventLoop.run(NioEventLoop.java:458)
	at org.apache.ratis.thirdparty.io.netty.util.concurrent.SingleThreadEventExecutor$5.run(SingleThreadEventExecutor.java:897)
	at org.apache.ratis.thirdparty.io.netty.util.concurrent.FastThreadLocalRunnable.run(FastThreadLocalRunnable.java:30)
	... 1 more
Caused by: java.net.ConnectException: Connection refused
	... 11 more
2019-08-29 08:47:55,033 [4372d764-1931-406f-887c-7b5d1b7ac3a6:group-0E98D55737AE:LeaderElection39] INFO  impl.LeaderElection (LeaderElection.java:logAndReturn(56)) - 4372d764-1931-406f-887c-7b5d1b7ac3a6:group-0E98D55737AE:LeaderElection39: Election REJECTED; received 0 response(s) [] and 2 exception(s); 4372d764-1931-406f-887c-7b5d1b7ac3a6:t6, leader=null, voted=4372d764-1931-406f-887c-7b5d1b7ac3a6, raftlog=4372d764-1931-406f-887c-7b5d1b7ac3a6-SegmentedRaftLog:OPENED:c0,f0,i0, conf=0: [4372d764-1931-406f-887c-7b5d1b7ac3a6:192.168.5.176:40296, 62127296-10ba-4bda-9b01-f27ba8bd8737:192.168.5.176:45010, d2610440-16a5-46aa-8011-5e9b2b98e89e:192.168.5.176:44963], old=null
2019-08-29 08:47:55,033 [4372d764-1931-406f-887c-7b5d1b7ac3a6:group-0E98D55737AE:LeaderElection39] INFO  impl.LeaderElection (LogUtils.java:infoOrTrace(149)) -   Exception 0: {}
java.util.concurrent.ExecutionException: org.apache.ratis.thirdparty.io.grpc.StatusRuntimeException: UNAVAILABLE: io exception
	at java.util.concurrent.FutureTask.report(FutureTask.java:122)
	at java.util.concurrent.FutureTask.get(FutureTask.java:192)
	at org.apache.ratis.server.impl.LeaderElection.waitForResults(LeaderElection.java:262)
	at org.apache.ratis.server.impl.LeaderElection.askForVotes(LeaderElection.java:200)
	at org.apache.ratis.server.impl.LeaderElection.run(LeaderElection.java:130)
	at java.lang.Thread.run(Thread.java:748)
Caused by: org.apache.ratis.thirdparty.io.grpc.StatusRuntimeException: UNAVAILABLE: io exception
	at org.apache.ratis.thirdparty.io.grpc.stub.ClientCalls.toStatusRuntimeException(ClientCalls.java:233)
	at org.apache.ratis.thirdparty.io.grpc.stub.ClientCalls.getUnchecked(ClientCalls.java:214)
	at org.apache.ratis.thirdparty.io.grpc.stub.ClientCalls.blockingUnaryCall(ClientCalls.java:139)
	at org.apache.ratis.proto.grpc.RaftServerProtocolServiceGrpc$RaftServerProtocolServiceBlockingStub.requestVote(RaftServerProtocolServiceGrpc.java:265)
	at org.apache.ratis.grpc.server.GrpcServerProtocolClient.requestVote(GrpcServerProtocolClient.java:83)
	at org.apache.ratis.grpc.server.GrpcService.requestVote(GrpcService.java:195)
	at org.apache.ratis.server.impl.LeaderElection.lambda$submitRequests$1(LeaderElection.java:237)
	at java.util.concurrent.FutureTask.run(FutureTask.java:266)
	at java.util.concurrent.Executors$RunnableAdapter.call(Executors.java:511)
	at java.util.concurrent.FutureTask.run(FutureTask.java:266)
	at java.util.concurrent.ThreadPoolExecutor.runWorker(ThreadPoolExecutor.java:1149)
	at java.util.concurrent.ThreadPoolExecutor$Worker.run(ThreadPoolExecutor.java:624)
	... 1 more
Caused by: org.apache.ratis.thirdparty.io.netty.channel.AbstractChannel$AnnotatedConnectException: Connection refused: /192.168.5.176:45010
	at sun.nio.ch.SocketChannelImpl.checkConnect(Native Method)
	at sun.nio.ch.SocketChannelImpl.finishConnect(SocketChannelImpl.java:717)
	at org.apache.ratis.thirdparty.io.netty.channel.socket.nio.NioSocketChannel.doFinishConnect(NioSocketChannel.java:327)
	at org.apache.ratis.thirdparty.io.netty.channel.nio.AbstractNioChannel$AbstractNioUnsafe.finishConnect(AbstractNioChannel.java:340)
	at org.apache.ratis.thirdparty.io.netty.channel.nio.NioEventLoop.processSelectedKey(NioEventLoop.java:632)
	at org.apache.ratis.thirdparty.io.netty.channel.nio.NioEventLoop.processSelectedKeysOptimized(NioEventLoop.java:579)
	at org.apache.ratis.thirdparty.io.netty.channel.nio.NioEventLoop.processSelectedKeys(NioEventLoop.java:496)
	at org.apache.ratis.thirdparty.io.netty.channel.nio.NioEventLoop.run(NioEventLoop.java:458)
	at org.apache.ratis.thirdparty.io.netty.util.concurrent.SingleThreadEventExecutor$5.run(SingleThreadEventExecutor.java:897)
	at org.apache.ratis.thirdparty.io.netty.util.concurrent.FastThreadLocalRunnable.run(FastThreadLocalRunnable.java:30)
	... 1 more
Caused by: java.net.ConnectException: Connection refused
	... 11 more
2019-08-29 08:47:55,033 [4372d764-1931-406f-887c-7b5d1b7ac3a6:group-0E98D55737AE:LeaderElection39] INFO  impl.LeaderElection (LogUtils.java:infoOrTrace(149)) -   Exception 1: {}
java.util.concurrent.ExecutionException: org.apache.ratis.thirdparty.io.grpc.StatusRuntimeException: UNAVAILABLE: io exception
	at java.util.concurrent.FutureTask.report(FutureTask.java:122)
	at java.util.concurrent.FutureTask.get(FutureTask.java:192)
	at org.apache.ratis.server.impl.LeaderElection.waitForResults(LeaderElection.java:262)
	at org.apache.ratis.server.impl.LeaderElection.askForVotes(LeaderElection.java:200)
	at org.apache.ratis.server.impl.LeaderElection.run(LeaderElection.java:130)
	at java.lang.Thread.run(Thread.java:748)
Caused by: org.apache.ratis.thirdparty.io.grpc.StatusRuntimeException: UNAVAILABLE: io exception
	at org.apache.ratis.thirdparty.io.grpc.stub.ClientCalls.toStatusRuntimeException(ClientCalls.java:233)
	at org.apache.ratis.thirdparty.io.grpc.stub.ClientCalls.getUnchecked(ClientCalls.java:214)
	at org.apache.ratis.thirdparty.io.grpc.stub.ClientCalls.blockingUnaryCall(ClientCalls.java:139)
	at org.apache.ratis.proto.grpc.RaftServerProtocolServiceGrpc$RaftServerProtocolServiceBlockingStub.requestVote(RaftServerProtocolServiceGrpc.java:265)
	at org.apache.ratis.grpc.server.GrpcServerProtocolClient.requestVote(GrpcServerProtocolClient.java:83)
	at org.apache.ratis.grpc.server.GrpcService.requestVote(GrpcService.java:195)
	at org.apache.ratis.server.impl.LeaderElection.lambda$submitRequests$1(LeaderElection.java:237)
	at java.util.concurrent.FutureTask.run(FutureTask.java:266)
	at java.util.concurrent.Executors$RunnableAdapter.call(Executors.java:511)
	at java.util.concurrent.FutureTask.run(FutureTask.java:266)
	at java.util.concurrent.ThreadPoolExecutor.runWorker(ThreadPoolExecutor.java:1149)
	at java.util.concurrent.ThreadPoolExecutor$Worker.run(ThreadPoolExecutor.java:624)
	... 1 more
Caused by: org.apache.ratis.thirdparty.io.netty.channel.AbstractChannel$AnnotatedConnectException: Connection refused: /192.168.5.176:44963
	at sun.nio.ch.SocketChannelImpl.checkConnect(Native Method)
	at sun.nio.ch.SocketChannelImpl.finishConnect(SocketChannelImpl.java:717)
	at org.apache.ratis.thirdparty.io.netty.channel.socket.nio.NioSocketChannel.doFinishConnect(NioSocketChannel.java:327)
	at org.apache.ratis.thirdparty.io.netty.channel.nio.AbstractNioChannel$AbstractNioUnsafe.finishConnect(AbstractNioChannel.java:340)
	at org.apache.ratis.thirdparty.io.netty.channel.nio.NioEventLoop.processSelectedKey(NioEventLoop.java:632)
	at org.apache.ratis.thirdparty.io.netty.channel.nio.NioEventLoop.processSelectedKeysOptimized(NioEventLoop.java:579)
	at org.apache.ratis.thirdparty.io.netty.channel.nio.NioEventLoop.processSelectedKeys(NioEventLoop.java:496)
	at org.apache.ratis.thirdparty.io.netty.channel.nio.NioEventLoop.run(NioEventLoop.java:458)
	at org.apache.ratis.thirdparty.io.netty.util.concurrent.SingleThreadEventExecutor$5.run(SingleThreadEventExecutor.java:897)
	at org.apache.ratis.thirdparty.io.netty.util.concurrent.FastThreadLocalRunnable.run(FastThreadLocalRunnable.java:30)
	... 1 more
Caused by: java.net.ConnectException: Connection refused
	... 11 more
2019-08-29 08:47:55,034 [4372d764-1931-406f-887c-7b5d1b7ac3a6:group-0E98D55737AE:LeaderElection39] INFO  impl.RaftServerImpl (RaftServerImpl.java:setRole(171)) - 4372d764-1931-406f-887c-7b5d1b7ac3a6:group-0E98D55737AE changes role from CANDIDATE to FOLLOWER at term 6 for DISCOVERED_A_NEW_TERM
2019-08-29 08:47:55,034 [4372d764-1931-406f-887c-7b5d1b7ac3a6:group-0E98D55737AE:LeaderElection39] INFO  impl.RoleInfo (RoleInfo.java:shutdownLeaderElection(134)) - 4372d764-1931-406f-887c-7b5d1b7ac3a6: shutdown LeaderElection
2019-08-29 08:47:55,034 [4372d764-1931-406f-887c-7b5d1b7ac3a6:group-0E98D55737AE:LeaderElection39] INFO  impl.RoleInfo (RoleInfo.java:updateAndGet(143)) - 4372d764-1931-406f-887c-7b5d1b7ac3a6: start FollowerState
2019-08-29 08:47:55,445 [grpc-default-executor-0] WARN  server.GrpcLogAppender (LogUtils.java:warn(134)) - 2256733f-555b-4f0d-8703-18eb36ab43de->3a39fbaa-14da-4624-bf1d-aa1db02e0173: Failed appendEntries: org.apache.ratis.thirdparty.io.grpc.StatusRuntimeException: UNAVAILABLE: io exception
2019-08-29 08:47:55,445 [grpc-default-executor-1] WARN  server.GrpcLogAppender (LogUtils.java:warn(134)) - 2256733f-555b-4f0d-8703-18eb36ab43de->823a7cbe-9ef5-429c-8255-e9ac46ec72ba: Failed appendEntries: org.apache.ratis.thirdparty.io.grpc.StatusRuntimeException: UNAVAILABLE: io exception
2019-08-29 08:47:55,446 [grpc-default-executor-0] INFO  impl.FollowerInfo (FollowerInfo.java:lambda$new$0(50)) - 2256733f-555b-4f0d-8703-18eb36ab43de->3a39fbaa-14da-4624-bf1d-aa1db02e0173: nextIndex: updateUnconditionally 0 -> 0
2019-08-29 08:47:55,446 [grpc-default-executor-1] INFO  impl.FollowerInfo (FollowerInfo.java:lambda$new$0(50)) - 2256733f-555b-4f0d-8703-18eb36ab43de->823a7cbe-9ef5-429c-8255-e9ac46ec72ba: nextIndex: updateUnconditionally 0 -> 0
2019-08-29 08:47:55,946 [grpc-default-executor-0] WARN  server.GrpcLogAppender (LogUtils.java:warn(134)) - 2256733f-555b-4f0d-8703-18eb36ab43de->823a7cbe-9ef5-429c-8255-e9ac46ec72ba: Failed appendEntries: org.apache.ratis.thirdparty.io.grpc.StatusRuntimeException: UNAVAILABLE: io exception
2019-08-29 08:47:55,946 [grpc-default-executor-3] WARN  server.GrpcLogAppender (LogUtils.java:warn(134)) - 2256733f-555b-4f0d-8703-18eb36ab43de->3a39fbaa-14da-4624-bf1d-aa1db02e0173: Failed appendEntries: org.apache.ratis.thirdparty.io.grpc.StatusRuntimeException: UNAVAILABLE: io exception
2019-08-29 08:47:55,946 [grpc-default-executor-0] INFO  impl.FollowerInfo (FollowerInfo.java:lambda$new$0(50)) - 2256733f-555b-4f0d-8703-18eb36ab43de->823a7cbe-9ef5-429c-8255-e9ac46ec72ba: nextIndex: updateUnconditionally 0 -> 0
2019-08-29 08:47:55,946 [grpc-default-executor-3] INFO  impl.FollowerInfo (FollowerInfo.java:lambda$new$0(50)) - 2256733f-555b-4f0d-8703-18eb36ab43de->3a39fbaa-14da-4624-bf1d-aa1db02e0173: nextIndex: updateUnconditionally 0 -> 0
2019-08-29 08:47:56,078 [Thread-861] INFO  impl.FollowerState (FollowerState.java:run(106)) - 4372d764-1931-406f-887c-7b5d1b7ac3a6:group-0E98D55737AE changes to CANDIDATE, lastRpcTime:1043, electionTimeout:1043ms
2019-08-29 08:47:56,078 [Thread-861] INFO  impl.RoleInfo (RoleInfo.java:shutdownFollowerState(121)) - 4372d764-1931-406f-887c-7b5d1b7ac3a6: shutdown FollowerState
2019-08-29 08:47:56,078 [Thread-861] INFO  impl.RaftServerImpl (RaftServerImpl.java:setRole(171)) - 4372d764-1931-406f-887c-7b5d1b7ac3a6:group-0E98D55737AE changes role from FOLLOWER to CANDIDATE at term 6 for changeToCandidate
2019-08-29 08:47:56,078 [Thread-861] INFO  impl.RoleInfo (RoleInfo.java:updateAndGet(143)) - 4372d764-1931-406f-887c-7b5d1b7ac3a6: start LeaderElection
2019-08-29 08:47:56,093 [4372d764-1931-406f-887c-7b5d1b7ac3a6:group-0E98D55737AE:LeaderElection40] INFO  impl.LeaderElection (LeaderElection.java:askForVotes(181)) - 4372d764-1931-406f-887c-7b5d1b7ac3a6:group-0E98D55737AE:LeaderElection40: begin an election at term 7 for 0: [4372d764-1931-406f-887c-7b5d1b7ac3a6:192.168.5.176:40296, 62127296-10ba-4bda-9b01-f27ba8bd8737:192.168.5.176:45010, d2610440-16a5-46aa-8011-5e9b2b98e89e:192.168.5.176:44963], old=null
2019-08-29 08:47:56,095 [4372d764-1931-406f-887c-7b5d1b7ac3a6:group-0E98D55737AE:LeaderElection40] INFO  impl.LeaderElection (LogUtils.java:infoOrTrace(149)) - 4372d764-1931-406f-887c-7b5d1b7ac3a6:group-0E98D55737AE:LeaderElection40 got exception when requesting votes: {}
java.util.concurrent.ExecutionException: org.apache.ratis.thirdparty.io.grpc.StatusRuntimeException: UNAVAILABLE: io exception
	at java.util.concurrent.FutureTask.report(FutureTask.java:122)
	at java.util.concurrent.FutureTask.get(FutureTask.java:192)
	at org.apache.ratis.server.impl.LeaderElection.waitForResults(LeaderElection.java:262)
	at org.apache.ratis.server.impl.LeaderElection.askForVotes(LeaderElection.java:200)
	at org.apache.ratis.server.impl.LeaderElection.run(LeaderElection.java:130)
	at java.lang.Thread.run(Thread.java:748)
Caused by: org.apache.ratis.thirdparty.io.grpc.StatusRuntimeException: UNAVAILABLE: io exception
	at org.apache.ratis.thirdparty.io.grpc.stub.ClientCalls.toStatusRuntimeException(ClientCalls.java:233)
	at org.apache.ratis.thirdparty.io.grpc.stub.ClientCalls.getUnchecked(ClientCalls.java:214)
	at org.apache.ratis.thirdparty.io.grpc.stub.ClientCalls.blockingUnaryCall(ClientCalls.java:139)
	at org.apache.ratis.proto.grpc.RaftServerProtocolServiceGrpc$RaftServerProtocolServiceBlockingStub.requestVote(RaftServerProtocolServiceGrpc.java:265)
	at org.apache.ratis.grpc.server.GrpcServerProtocolClient.requestVote(GrpcServerProtocolClient.java:83)
	at org.apache.ratis.grpc.server.GrpcService.requestVote(GrpcService.java:195)
	at org.apache.ratis.server.impl.LeaderElection.lambda$submitRequests$1(LeaderElection.java:237)
	at java.util.concurrent.FutureTask.run(FutureTask.java:266)
	at java.util.concurrent.Executors$RunnableAdapter.call(Executors.java:511)
	at java.util.concurrent.FutureTask.run(FutureTask.java:266)
	at java.util.concurrent.ThreadPoolExecutor.runWorker(ThreadPoolExecutor.java:1149)
	at java.util.concurrent.ThreadPoolExecutor$Worker.run(ThreadPoolExecutor.java:624)
	... 1 more
Caused by: org.apache.ratis.thirdparty.io.netty.channel.AbstractChannel$AnnotatedConnectException: Connection refused: /192.168.5.176:44963
	at sun.nio.ch.SocketChannelImpl.checkConnect(Native Method)
	at sun.nio.ch.SocketChannelImpl.finishConnect(SocketChannelImpl.java:717)
	at org.apache.ratis.thirdparty.io.netty.channel.socket.nio.NioSocketChannel.doFinishConnect(NioSocketChannel.java:327)
	at org.apache.ratis.thirdparty.io.netty.channel.nio.AbstractNioChannel$AbstractNioUnsafe.finishConnect(AbstractNioChannel.java:340)
	at org.apache.ratis.thirdparty.io.netty.channel.nio.NioEventLoop.processSelectedKey(NioEventLoop.java:632)
	at org.apache.ratis.thirdparty.io.netty.channel.nio.NioEventLoop.processSelectedKeysOptimized(NioEventLoop.java:579)
	at org.apache.ratis.thirdparty.io.netty.channel.nio.NioEventLoop.processSelectedKeys(NioEventLoop.java:496)
	at org.apache.ratis.thirdparty.io.netty.channel.nio.NioEventLoop.run(NioEventLoop.java:458)
	at org.apache.ratis.thirdparty.io.netty.util.concurrent.SingleThreadEventExecutor$5.run(SingleThreadEventExecutor.java:897)
	at org.apache.ratis.thirdparty.io.netty.util.concurrent.FastThreadLocalRunnable.run(FastThreadLocalRunnable.java:30)
	... 1 more
Caused by: java.net.ConnectException: Connection refused
	... 11 more
2019-08-29 08:47:56,097 [4372d764-1931-406f-887c-7b5d1b7ac3a6:group-0E98D55737AE:LeaderElection40] INFO  impl.LeaderElection (LogUtils.java:infoOrTrace(149)) - 4372d764-1931-406f-887c-7b5d1b7ac3a6:group-0E98D55737AE:LeaderElection40 got exception when requesting votes: {}
java.util.concurrent.ExecutionException: org.apache.ratis.thirdparty.io.grpc.StatusRuntimeException: UNAVAILABLE: io exception
	at java.util.concurrent.FutureTask.report(FutureTask.java:122)
	at java.util.concurrent.FutureTask.get(FutureTask.java:192)
	at org.apache.ratis.server.impl.LeaderElection.waitForResults(LeaderElection.java:262)
	at org.apache.ratis.server.impl.LeaderElection.askForVotes(LeaderElection.java:200)
	at org.apache.ratis.server.impl.LeaderElection.run(LeaderElection.java:130)
	at java.lang.Thread.run(Thread.java:748)
Caused by: org.apache.ratis.thirdparty.io.grpc.StatusRuntimeException: UNAVAILABLE: io exception
	at org.apache.ratis.thirdparty.io.grpc.stub.ClientCalls.toStatusRuntimeException(ClientCalls.java:233)
	at org.apache.ratis.thirdparty.io.grpc.stub.ClientCalls.getUnchecked(ClientCalls.java:214)
	at org.apache.ratis.thirdparty.io.grpc.stub.ClientCalls.blockingUnaryCall(ClientCalls.java:139)
	at org.apache.ratis.proto.grpc.RaftServerProtocolServiceGrpc$RaftServerProtocolServiceBlockingStub.requestVote(RaftServerProtocolServiceGrpc.java:265)
	at org.apache.ratis.grpc.server.GrpcServerProtocolClient.requestVote(GrpcServerProtocolClient.java:83)
	at org.apache.ratis.grpc.server.GrpcService.requestVote(GrpcService.java:195)
	at org.apache.ratis.server.impl.LeaderElection.lambda$submitRequests$1(LeaderElection.java:237)
	at java.util.concurrent.FutureTask.run(FutureTask.java:266)
	at java.util.concurrent.Executors$RunnableAdapter.call(Executors.java:511)
	at java.util.concurrent.FutureTask.run(FutureTask.java:266)
	at java.util.concurrent.ThreadPoolExecutor.runWorker(ThreadPoolExecutor.java:1149)
	at java.util.concurrent.ThreadPoolExecutor$Worker.run(ThreadPoolExecutor.java:624)
	... 1 more
Caused by: org.apache.ratis.thirdparty.io.netty.channel.AbstractChannel$AnnotatedConnectException: Connection refused: /192.168.5.176:45010
	at sun.nio.ch.SocketChannelImpl.checkConnect(Native Method)
	at sun.nio.ch.SocketChannelImpl.finishConnect(SocketChannelImpl.java:717)
	at org.apache.ratis.thirdparty.io.netty.channel.socket.nio.NioSocketChannel.doFinishConnect(NioSocketChannel.java:327)
	at org.apache.ratis.thirdparty.io.netty.channel.nio.AbstractNioChannel$AbstractNioUnsafe.finishConnect(AbstractNioChannel.java:340)
	at org.apache.ratis.thirdparty.io.netty.channel.nio.NioEventLoop.processSelectedKey(NioEventLoop.java:632)
	at org.apache.ratis.thirdparty.io.netty.channel.nio.NioEventLoop.processSelectedKeysOptimized(NioEventLoop.java:579)
	at org.apache.ratis.thirdparty.io.netty.channel.nio.NioEventLoop.processSelectedKeys(NioEventLoop.java:496)
	at org.apache.ratis.thirdparty.io.netty.channel.nio.NioEventLoop.run(NioEventLoop.java:458)
	at org.apache.ratis.thirdparty.io.netty.util.concurrent.SingleThreadEventExecutor$5.run(SingleThreadEventExecutor.java:897)
	at org.apache.ratis.thirdparty.io.netty.util.concurrent.FastThreadLocalRunnable.run(FastThreadLocalRunnable.java:30)
	... 1 more
Caused by: java.net.ConnectException: Connection refused
	... 11 more
2019-08-29 08:47:56,100 [4372d764-1931-406f-887c-7b5d1b7ac3a6:group-0E98D55737AE:LeaderElection40] INFO  impl.LeaderElection (LeaderElection.java:logAndReturn(56)) - 4372d764-1931-406f-887c-7b5d1b7ac3a6:group-0E98D55737AE:LeaderElection40: Election REJECTED; received 0 response(s) [] and 2 exception(s); 4372d764-1931-406f-887c-7b5d1b7ac3a6:t7, leader=null, voted=4372d764-1931-406f-887c-7b5d1b7ac3a6, raftlog=4372d764-1931-406f-887c-7b5d1b7ac3a6-SegmentedRaftLog:OPENED:c0,f0,i0, conf=0: [4372d764-1931-406f-887c-7b5d1b7ac3a6:192.168.5.176:40296, 62127296-10ba-4bda-9b01-f27ba8bd8737:192.168.5.176:45010, d2610440-16a5-46aa-8011-5e9b2b98e89e:192.168.5.176:44963], old=null
2019-08-29 08:47:56,100 [4372d764-1931-406f-887c-7b5d1b7ac3a6:group-0E98D55737AE:LeaderElection40] INFO  impl.LeaderElection (LogUtils.java:infoOrTrace(149)) -   Exception 0: {}
java.util.concurrent.ExecutionException: org.apache.ratis.thirdparty.io.grpc.StatusRuntimeException: UNAVAILABLE: io exception
	at java.util.concurrent.FutureTask.report(FutureTask.java:122)
	at java.util.concurrent.FutureTask.get(FutureTask.java:192)
	at org.apache.ratis.server.impl.LeaderElection.waitForResults(LeaderElection.java:262)
	at org.apache.ratis.server.impl.LeaderElection.askForVotes(LeaderElection.java:200)
	at org.apache.ratis.server.impl.LeaderElection.run(LeaderElection.java:130)
	at java.lang.Thread.run(Thread.java:748)
Caused by: org.apache.ratis.thirdparty.io.grpc.StatusRuntimeException: UNAVAILABLE: io exception
	at org.apache.ratis.thirdparty.io.grpc.stub.ClientCalls.toStatusRuntimeException(ClientCalls.java:233)
	at org.apache.ratis.thirdparty.io.grpc.stub.ClientCalls.getUnchecked(ClientCalls.java:214)
	at org.apache.ratis.thirdparty.io.grpc.stub.ClientCalls.blockingUnaryCall(ClientCalls.java:139)
	at org.apache.ratis.proto.grpc.RaftServerProtocolServiceGrpc$RaftServerProtocolServiceBlockingStub.requestVote(RaftServerProtocolServiceGrpc.java:265)
	at org.apache.ratis.grpc.server.GrpcServerProtocolClient.requestVote(GrpcServerProtocolClient.java:83)
	at org.apache.ratis.grpc.server.GrpcService.requestVote(GrpcService.java:195)
	at org.apache.ratis.server.impl.LeaderElection.lambda$submitRequests$1(LeaderElection.java:237)
	at java.util.concurrent.FutureTask.run(FutureTask.java:266)
	at java.util.concurrent.Executors$RunnableAdapter.call(Executors.java:511)
	at java.util.concurrent.FutureTask.run(FutureTask.java:266)
	at java.util.concurrent.ThreadPoolExecutor.runWorker(ThreadPoolExecutor.java:1149)
	at java.util.concurrent.ThreadPoolExecutor$Worker.run(ThreadPoolExecutor.java:624)
	... 1 more
Caused by: org.apache.ratis.thirdparty.io.netty.channel.AbstractChannel$AnnotatedConnectException: Connection refused: /192.168.5.176:44963
	at sun.nio.ch.SocketChannelImpl.checkConnect(Native Method)
	at sun.nio.ch.SocketChannelImpl.finishConnect(SocketChannelImpl.java:717)
	at org.apache.ratis.thirdparty.io.netty.channel.socket.nio.NioSocketChannel.doFinishConnect(NioSocketChannel.java:327)
	at org.apache.ratis.thirdparty.io.netty.channel.nio.AbstractNioChannel$AbstractNioUnsafe.finishConnect(AbstractNioChannel.java:340)
	at org.apache.ratis.thirdparty.io.netty.channel.nio.NioEventLoop.processSelectedKey(NioEventLoop.java:632)
	at org.apache.ratis.thirdparty.io.netty.channel.nio.NioEventLoop.processSelectedKeysOptimized(NioEventLoop.java:579)
	at org.apache.ratis.thirdparty.io.netty.channel.nio.NioEventLoop.processSelectedKeys(NioEventLoop.java:496)
	at org.apache.ratis.thirdparty.io.netty.channel.nio.NioEventLoop.run(NioEventLoop.java:458)
	at org.apache.ratis.thirdparty.io.netty.util.concurrent.SingleThreadEventExecutor$5.run(SingleThreadEventExecutor.java:897)
	at org.apache.ratis.thirdparty.io.netty.util.concurrent.FastThreadLocalRunnable.run(FastThreadLocalRunnable.java:30)
	... 1 more
Caused by: java.net.ConnectException: Connection refused
	... 11 more
2019-08-29 08:47:56,101 [4372d764-1931-406f-887c-7b5d1b7ac3a6:group-0E98D55737AE:LeaderElection40] INFO  impl.LeaderElection (LogUtils.java:infoOrTrace(149)) -   Exception 1: {}
java.util.concurrent.ExecutionException: org.apache.ratis.thirdparty.io.grpc.StatusRuntimeException: UNAVAILABLE: io exception
	at java.util.concurrent.FutureTask.report(FutureTask.java:122)
	at java.util.concurrent.FutureTask.get(FutureTask.java:192)
	at org.apache.ratis.server.impl.LeaderElection.waitForResults(LeaderElection.java:262)
	at org.apache.ratis.server.impl.LeaderElection.askForVotes(LeaderElection.java:200)
	at org.apache.ratis.server.impl.LeaderElection.run(LeaderElection.java:130)
	at java.lang.Thread.run(Thread.java:748)
Caused by: org.apache.ratis.thirdparty.io.grpc.StatusRuntimeException: UNAVAILABLE: io exception
	at org.apache.ratis.thirdparty.io.grpc.stub.ClientCalls.toStatusRuntimeException(ClientCalls.java:233)
	at org.apache.ratis.thirdparty.io.grpc.stub.ClientCalls.getUnchecked(ClientCalls.java:214)
	at org.apache.ratis.thirdparty.io.grpc.stub.ClientCalls.blockingUnaryCall(ClientCalls.java:139)
	at org.apache.ratis.proto.grpc.RaftServerProtocolServiceGrpc$RaftServerProtocolServiceBlockingStub.requestVote(RaftServerProtocolServiceGrpc.java:265)
	at org.apache.ratis.grpc.server.GrpcServerProtocolClient.requestVote(GrpcServerProtocolClient.java:83)
	at org.apache.ratis.grpc.server.GrpcService.requestVote(GrpcService.java:195)
	at org.apache.ratis.server.impl.LeaderElection.lambda$submitRequests$1(LeaderElection.java:237)
	at java.util.concurrent.FutureTask.run(FutureTask.java:266)
	at java.util.concurrent.Executors$RunnableAdapter.call(Executors.java:511)
	at java.util.concurrent.FutureTask.run(FutureTask.java:266)
	at java.util.concurrent.ThreadPoolExecutor.runWorker(ThreadPoolExecutor.java:1149)
	at java.util.concurrent.ThreadPoolExecutor$Worker.run(ThreadPoolExecutor.java:624)
	... 1 more
Caused by: org.apache.ratis.thirdparty.io.netty.channel.AbstractChannel$AnnotatedConnectException: Connection refused: /192.168.5.176:45010
	at sun.nio.ch.SocketChannelImpl.checkConnect(Native Method)
	at sun.nio.ch.SocketChannelImpl.finishConnect(SocketChannelImpl.java:717)
	at org.apache.ratis.thirdparty.io.netty.channel.socket.nio.NioSocketChannel.doFinishConnect(NioSocketChannel.java:327)
	at org.apache.ratis.thirdparty.io.netty.channel.nio.AbstractNioChannel$AbstractNioUnsafe.finishConnect(AbstractNioChannel.java:340)
	at org.apache.ratis.thirdparty.io.netty.channel.nio.NioEventLoop.processSelectedKey(NioEventLoop.java:632)
	at org.apache.ratis.thirdparty.io.netty.channel.nio.NioEventLoop.processSelectedKeysOptimized(NioEventLoop.java:579)
	at org.apache.ratis.thirdparty.io.netty.channel.nio.NioEventLoop.processSelectedKeys(NioEventLoop.java:496)
	at org.apache.ratis.thirdparty.io.netty.channel.nio.NioEventLoop.run(NioEventLoop.java:458)
	at org.apache.ratis.thirdparty.io.netty.util.concurrent.SingleThreadEventExecutor$5.run(SingleThreadEventExecutor.java:897)
	at org.apache.ratis.thirdparty.io.netty.util.concurrent.FastThreadLocalRunnable.run(FastThreadLocalRunnable.java:30)
	... 1 more
Caused by: java.net.ConnectException: Connection refused
	... 11 more
2019-08-29 08:47:56,102 [4372d764-1931-406f-887c-7b5d1b7ac3a6:group-0E98D55737AE:LeaderElection40] INFO  impl.RaftServerImpl (RaftServerImpl.java:setRole(171)) - 4372d764-1931-406f-887c-7b5d1b7ac3a6:group-0E98D55737AE changes role from CANDIDATE to FOLLOWER at term 7 for DISCOVERED_A_NEW_TERM
2019-08-29 08:47:56,102 [4372d764-1931-406f-887c-7b5d1b7ac3a6:group-0E98D55737AE:LeaderElection40] INFO  impl.RoleInfo (RoleInfo.java:shutdownLeaderElection(134)) - 4372d764-1931-406f-887c-7b5d1b7ac3a6: shutdown LeaderElection
2019-08-29 08:47:56,102 [4372d764-1931-406f-887c-7b5d1b7ac3a6:group-0E98D55737AE:LeaderElection40] INFO  impl.RoleInfo (RoleInfo.java:updateAndGet(143)) - 4372d764-1931-406f-887c-7b5d1b7ac3a6: start FollowerState
2019-08-29 08:47:56,446 [grpc-default-executor-2] WARN  server.GrpcLogAppender (LogUtils.java:warn(134)) - 2256733f-555b-4f0d-8703-18eb36ab43de->823a7cbe-9ef5-429c-8255-e9ac46ec72ba: Failed appendEntries: org.apache.ratis.thirdparty.io.grpc.StatusRuntimeException: UNAVAILABLE: io exception
2019-08-29 08:47:56,446 [grpc-default-executor-5] WARN  server.GrpcLogAppender (LogUtils.java:warn(134)) - 2256733f-555b-4f0d-8703-18eb36ab43de->3a39fbaa-14da-4624-bf1d-aa1db02e0173: Failed appendEntries: org.apache.ratis.thirdparty.io.grpc.StatusRuntimeException: UNAVAILABLE: io exception
2019-08-29 08:47:56,447 [grpc-default-executor-2] INFO  impl.FollowerInfo (FollowerInfo.java:lambda$new$0(50)) - 2256733f-555b-4f0d-8703-18eb36ab43de->823a7cbe-9ef5-429c-8255-e9ac46ec72ba: nextIndex: updateUnconditionally 0 -> 0
2019-08-29 08:47:56,447 [grpc-default-executor-5] INFO  impl.FollowerInfo (FollowerInfo.java:lambda$new$0(50)) - 2256733f-555b-4f0d-8703-18eb36ab43de->3a39fbaa-14da-4624-bf1d-aa1db02e0173: nextIndex: updateUnconditionally 0 -> 0
2019-08-29 08:47:56,947 [grpc-default-executor-5] WARN  server.GrpcLogAppender (LogUtils.java:warn(134)) - 2256733f-555b-4f0d-8703-18eb36ab43de->3a39fbaa-14da-4624-bf1d-aa1db02e0173: Failed appendEntries: org.apache.ratis.thirdparty.io.grpc.StatusRuntimeException: UNAVAILABLE: io exception
2019-08-29 08:47:56,947 [grpc-default-executor-3] WARN  server.GrpcLogAppender (LogUtils.java:warn(134)) - 2256733f-555b-4f0d-8703-18eb36ab43de->823a7cbe-9ef5-429c-8255-e9ac46ec72ba: Failed appendEntries: org.apache.ratis.thirdparty.io.grpc.StatusRuntimeException: UNAVAILABLE: io exception
2019-08-29 08:47:56,948 [grpc-default-executor-5] INFO  impl.FollowerInfo (FollowerInfo.java:lambda$new$0(50)) - 2256733f-555b-4f0d-8703-18eb36ab43de->3a39fbaa-14da-4624-bf1d-aa1db02e0173: nextIndex: updateUnconditionally 0 -> 0
2019-08-29 08:47:56,948 [grpc-default-executor-3] INFO  impl.FollowerInfo (FollowerInfo.java:lambda$new$0(50)) - 2256733f-555b-4f0d-8703-18eb36ab43de->823a7cbe-9ef5-429c-8255-e9ac46ec72ba: nextIndex: updateUnconditionally 0 -> 0
2019-08-29 08:47:57,297 [Thread-865] INFO  impl.FollowerState (FollowerState.java:run(106)) - 4372d764-1931-406f-887c-7b5d1b7ac3a6:group-0E98D55737AE changes to CANDIDATE, lastRpcTime:1194, electionTimeout:1194ms
2019-08-29 08:47:57,297 [Thread-865] INFO  impl.RoleInfo (RoleInfo.java:shutdownFollowerState(121)) - 4372d764-1931-406f-887c-7b5d1b7ac3a6: shutdown FollowerState
2019-08-29 08:47:57,297 [Thread-865] INFO  impl.RaftServerImpl (RaftServerImpl.java:setRole(171)) - 4372d764-1931-406f-887c-7b5d1b7ac3a6:group-0E98D55737AE changes role from FOLLOWER to CANDIDATE at term 7 for changeToCandidate
2019-08-29 08:47:57,297 [Thread-865] INFO  impl.RoleInfo (RoleInfo.java:updateAndGet(143)) - 4372d764-1931-406f-887c-7b5d1b7ac3a6: start LeaderElection
2019-08-29 08:47:57,327 [4372d764-1931-406f-887c-7b5d1b7ac3a6:group-0E98D55737AE:LeaderElection41] INFO  impl.LeaderElection (LeaderElection.java:askForVotes(181)) - 4372d764-1931-406f-887c-7b5d1b7ac3a6:group-0E98D55737AE:LeaderElection41: begin an election at term 8 for 0: [4372d764-1931-406f-887c-7b5d1b7ac3a6:192.168.5.176:40296, 62127296-10ba-4bda-9b01-f27ba8bd8737:192.168.5.176:45010, d2610440-16a5-46aa-8011-5e9b2b98e89e:192.168.5.176:44963], old=null
2019-08-29 08:47:57,328 [4372d764-1931-406f-887c-7b5d1b7ac3a6:group-0E98D55737AE:LeaderElection41] INFO  impl.LeaderElection (LogUtils.java:infoOrTrace(149)) - 4372d764-1931-406f-887c-7b5d1b7ac3a6:group-0E98D55737AE:LeaderElection41 got exception when requesting votes: {}
java.util.concurrent.ExecutionException: org.apache.ratis.thirdparty.io.grpc.StatusRuntimeException: UNAVAILABLE: io exception
	at java.util.concurrent.FutureTask.report(FutureTask.java:122)
	at java.util.concurrent.FutureTask.get(FutureTask.java:192)
	at org.apache.ratis.server.impl.LeaderElection.waitForResults(LeaderElection.java:262)
	at org.apache.ratis.server.impl.LeaderElection.askForVotes(LeaderElection.java:200)
	at org.apache.ratis.server.impl.LeaderElection.run(LeaderElection.java:130)
	at java.lang.Thread.run(Thread.java:748)
Caused by: org.apache.ratis.thirdparty.io.grpc.StatusRuntimeException: UNAVAILABLE: io exception
	at org.apache.ratis.thirdparty.io.grpc.stub.ClientCalls.toStatusRuntimeException(ClientCalls.java:233)
	at org.apache.ratis.thirdparty.io.grpc.stub.ClientCalls.getUnchecked(ClientCalls.java:214)
	at org.apache.ratis.thirdparty.io.grpc.stub.ClientCalls.blockingUnaryCall(ClientCalls.java:139)
	at org.apache.ratis.proto.grpc.RaftServerProtocolServiceGrpc$RaftServerProtocolServiceBlockingStub.requestVote(RaftServerProtocolServiceGrpc.java:265)
	at org.apache.ratis.grpc.server.GrpcServerProtocolClient.requestVote(GrpcServerProtocolClient.java:83)
	at org.apache.ratis.grpc.server.GrpcService.requestVote(GrpcService.java:195)
	at org.apache.ratis.server.impl.LeaderElection.lambda$submitRequests$1(LeaderElection.java:237)
	at java.util.concurrent.FutureTask.run(FutureTask.java:266)
	at java.util.concurrent.Executors$RunnableAdapter.call(Executors.java:511)
	at java.util.concurrent.FutureTask.run(FutureTask.java:266)
	at java.util.concurrent.ThreadPoolExecutor.runWorker(ThreadPoolExecutor.java:1149)
	at java.util.concurrent.ThreadPoolExecutor$Worker.run(ThreadPoolExecutor.java:624)
	... 1 more
Caused by: org.apache.ratis.thirdparty.io.netty.channel.AbstractChannel$AnnotatedConnectException: Connection refused: /192.168.5.176:45010
	at sun.nio.ch.SocketChannelImpl.checkConnect(Native Method)
	at sun.nio.ch.SocketChannelImpl.finishConnect(SocketChannelImpl.java:717)
	at org.apache.ratis.thirdparty.io.netty.channel.socket.nio.NioSocketChannel.doFinishConnect(NioSocketChannel.java:327)
	at org.apache.ratis.thirdparty.io.netty.channel.nio.AbstractNioChannel$AbstractNioUnsafe.finishConnect(AbstractNioChannel.java:340)
	at org.apache.ratis.thirdparty.io.netty.channel.nio.NioEventLoop.processSelectedKey(NioEventLoop.java:632)
	at org.apache.ratis.thirdparty.io.netty.channel.nio.NioEventLoop.processSelectedKeysOptimized(NioEventLoop.java:579)
	at org.apache.ratis.thirdparty.io.netty.channel.nio.NioEventLoop.processSelectedKeys(NioEventLoop.java:496)
	at org.apache.ratis.thirdparty.io.netty.channel.nio.NioEventLoop.run(NioEventLoop.java:458)
	at org.apache.ratis.thirdparty.io.netty.util.concurrent.SingleThreadEventExecutor$5.run(SingleThreadEventExecutor.java:897)
	at org.apache.ratis.thirdparty.io.netty.util.concurrent.FastThreadLocalRunnable.run(FastThreadLocalRunnable.java:30)
	... 1 more
Caused by: java.net.ConnectException: Connection refused
	... 11 more
2019-08-29 08:47:57,329 [4372d764-1931-406f-887c-7b5d1b7ac3a6:group-0E98D55737AE:LeaderElection41] INFO  impl.LeaderElection (LogUtils.java:infoOrTrace(149)) - 4372d764-1931-406f-887c-7b5d1b7ac3a6:group-0E98D55737AE:LeaderElection41 got exception when requesting votes: {}
java.util.concurrent.ExecutionException: org.apache.ratis.thirdparty.io.grpc.StatusRuntimeException: UNAVAILABLE: io exception
	at java.util.concurrent.FutureTask.report(FutureTask.java:122)
	at java.util.concurrent.FutureTask.get(FutureTask.java:192)
	at org.apache.ratis.server.impl.LeaderElection.waitForResults(LeaderElection.java:262)
	at org.apache.ratis.server.impl.LeaderElection.askForVotes(LeaderElection.java:200)
	at org.apache.ratis.server.impl.LeaderElection.run(LeaderElection.java:130)
	at java.lang.Thread.run(Thread.java:748)
Caused by: org.apache.ratis.thirdparty.io.grpc.StatusRuntimeException: UNAVAILABLE: io exception
	at org.apache.ratis.thirdparty.io.grpc.stub.ClientCalls.toStatusRuntimeException(ClientCalls.java:233)
	at org.apache.ratis.thirdparty.io.grpc.stub.ClientCalls.getUnchecked(ClientCalls.java:214)
	at org.apache.ratis.thirdparty.io.grpc.stub.ClientCalls.blockingUnaryCall(ClientCalls.java:139)
	at org.apache.ratis.proto.grpc.RaftServerProtocolServiceGrpc$RaftServerProtocolServiceBlockingStub.requestVote(RaftServerProtocolServiceGrpc.java:265)
	at org.apache.ratis.grpc.server.GrpcServerProtocolClient.requestVote(GrpcServerProtocolClient.java:83)
	at org.apache.ratis.grpc.server.GrpcService.requestVote(GrpcService.java:195)
	at org.apache.ratis.server.impl.LeaderElection.lambda$submitRequests$1(LeaderElection.java:237)
	at java.util.concurrent.FutureTask.run(FutureTask.java:266)
	at java.util.concurrent.Executors$RunnableAdapter.call(Executors.java:511)
	at java.util.concurrent.FutureTask.run(FutureTask.java:266)
	at java.util.concurrent.ThreadPoolExecutor.runWorker(ThreadPoolExecutor.java:1149)
	at java.util.concurrent.ThreadPoolExecutor$Worker.run(ThreadPoolExecutor.java:624)
	... 1 more
Caused by: org.apache.ratis.thirdparty.io.netty.channel.AbstractChannel$AnnotatedConnectException: Connection refused: /192.168.5.176:44963
	at sun.nio.ch.SocketChannelImpl.checkConnect(Native Method)
	at sun.nio.ch.SocketChannelImpl.finishConnect(SocketChannelImpl.java:717)
	at org.apache.ratis.thirdparty.io.netty.channel.socket.nio.NioSocketChannel.doFinishConnect(NioSocketChannel.java:327)
	at org.apache.ratis.thirdparty.io.netty.channel.nio.AbstractNioChannel$AbstractNioUnsafe.finishConnect(AbstractNioChannel.java:340)
	at org.apache.ratis.thirdparty.io.netty.channel.nio.NioEventLoop.processSelectedKey(NioEventLoop.java:632)
	at org.apache.ratis.thirdparty.io.netty.channel.nio.NioEventLoop.processSelectedKeysOptimized(NioEventLoop.java:579)
	at org.apache.ratis.thirdparty.io.netty.channel.nio.NioEventLoop.processSelectedKeys(NioEventLoop.java:496)
	at org.apache.ratis.thirdparty.io.netty.channel.nio.NioEventLoop.run(NioEventLoop.java:458)
	at org.apache.ratis.thirdparty.io.netty.util.concurrent.SingleThreadEventExecutor$5.run(SingleThreadEventExecutor.java:897)
	at org.apache.ratis.thirdparty.io.netty.util.concurrent.FastThreadLocalRunnable.run(FastThreadLocalRunnable.java:30)
	... 1 more
Caused by: java.net.ConnectException: Connection refused
	... 11 more
2019-08-29 08:47:57,330 [4372d764-1931-406f-887c-7b5d1b7ac3a6:group-0E98D55737AE:LeaderElection41] INFO  impl.LeaderElection (LeaderElection.java:logAndReturn(56)) - 4372d764-1931-406f-887c-7b5d1b7ac3a6:group-0E98D55737AE:LeaderElection41: Election REJECTED; received 0 response(s) [] and 2 exception(s); 4372d764-1931-406f-887c-7b5d1b7ac3a6:t8, leader=null, voted=4372d764-1931-406f-887c-7b5d1b7ac3a6, raftlog=4372d764-1931-406f-887c-7b5d1b7ac3a6-SegmentedRaftLog:OPENED:c0,f0,i0, conf=0: [4372d764-1931-406f-887c-7b5d1b7ac3a6:192.168.5.176:40296, 62127296-10ba-4bda-9b01-f27ba8bd8737:192.168.5.176:45010, d2610440-16a5-46aa-8011-5e9b2b98e89e:192.168.5.176:44963], old=null
2019-08-29 08:47:57,330 [4372d764-1931-406f-887c-7b5d1b7ac3a6:group-0E98D55737AE:LeaderElection41] INFO  impl.LeaderElection (LogUtils.java:infoOrTrace(149)) -   Exception 0: {}
java.util.concurrent.ExecutionException: org.apache.ratis.thirdparty.io.grpc.StatusRuntimeException: UNAVAILABLE: io exception
	at java.util.concurrent.FutureTask.report(FutureTask.java:122)
	at java.util.concurrent.FutureTask.get(FutureTask.java:192)
	at org.apache.ratis.server.impl.LeaderElection.waitForResults(LeaderElection.java:262)
	at org.apache.ratis.server.impl.LeaderElection.askForVotes(LeaderElection.java:200)
	at org.apache.ratis.server.impl.LeaderElection.run(LeaderElection.java:130)
	at java.lang.Thread.run(Thread.java:748)
Caused by: org.apache.ratis.thirdparty.io.grpc.StatusRuntimeException: UNAVAILABLE: io exception
	at org.apache.ratis.thirdparty.io.grpc.stub.ClientCalls.toStatusRuntimeException(ClientCalls.java:233)
	at org.apache.ratis.thirdparty.io.grpc.stub.ClientCalls.getUnchecked(ClientCalls.java:214)
	at org.apache.ratis.thirdparty.io.grpc.stub.ClientCalls.blockingUnaryCall(ClientCalls.java:139)
	at org.apache.ratis.proto.grpc.RaftServerProtocolServiceGrpc$RaftServerProtocolServiceBlockingStub.requestVote(RaftServerProtocolServiceGrpc.java:265)
	at org.apache.ratis.grpc.server.GrpcServerProtocolClient.requestVote(GrpcServerProtocolClient.java:83)
	at org.apache.ratis.grpc.server.GrpcService.requestVote(GrpcService.java:195)
	at org.apache.ratis.server.impl.LeaderElection.lambda$submitRequests$1(LeaderElection.java:237)
	at java.util.concurrent.FutureTask.run(FutureTask.java:266)
	at java.util.concurrent.Executors$RunnableAdapter.call(Executors.java:511)
	at java.util.concurrent.FutureTask.run(FutureTask.java:266)
	at java.util.concurrent.ThreadPoolExecutor.runWorker(ThreadPoolExecutor.java:1149)
	at java.util.concurrent.ThreadPoolExecutor$Worker.run(ThreadPoolExecutor.java:624)
	... 1 more
Caused by: org.apache.ratis.thirdparty.io.netty.channel.AbstractChannel$AnnotatedConnectException: Connection refused: /192.168.5.176:45010
	at sun.nio.ch.SocketChannelImpl.checkConnect(Native Method)
	at sun.nio.ch.SocketChannelImpl.finishConnect(SocketChannelImpl.java:717)
	at org.apache.ratis.thirdparty.io.netty.channel.socket.nio.NioSocketChannel.doFinishConnect(NioSocketChannel.java:327)
	at org.apache.ratis.thirdparty.io.netty.channel.nio.AbstractNioChannel$AbstractNioUnsafe.finishConnect(AbstractNioChannel.java:340)
	at org.apache.ratis.thirdparty.io.netty.channel.nio.NioEventLoop.processSelectedKey(NioEventLoop.java:632)
	at org.apache.ratis.thirdparty.io.netty.channel.nio.NioEventLoop.processSelectedKeysOptimized(NioEventLoop.java:579)
	at org.apache.ratis.thirdparty.io.netty.channel.nio.NioEventLoop.processSelectedKeys(NioEventLoop.java:496)
	at org.apache.ratis.thirdparty.io.netty.channel.nio.NioEventLoop.run(NioEventLoop.java:458)
	at org.apache.ratis.thirdparty.io.netty.util.concurrent.SingleThreadEventExecutor$5.run(SingleThreadEventExecutor.java:897)
	at org.apache.ratis.thirdparty.io.netty.util.concurrent.FastThreadLocalRunnable.run(FastThreadLocalRunnable.java:30)
	... 1 more
Caused by: java.net.ConnectException: Connection refused
	... 11 more
2019-08-29 08:47:57,331 [4372d764-1931-406f-887c-7b5d1b7ac3a6:group-0E98D55737AE:LeaderElection41] INFO  impl.LeaderElection (LogUtils.java:infoOrTrace(149)) -   Exception 1: {}
java.util.concurrent.ExecutionException: org.apache.ratis.thirdparty.io.grpc.StatusRuntimeException: UNAVAILABLE: io exception
	at java.util.concurrent.FutureTask.report(FutureTask.java:122)
	at java.util.concurrent.FutureTask.get(FutureTask.java:192)
	at org.apache.ratis.server.impl.LeaderElection.waitForResults(LeaderElection.java:262)
	at org.apache.ratis.server.impl.LeaderElection.askForVotes(LeaderElection.java:200)
	at org.apache.ratis.server.impl.LeaderElection.run(LeaderElection.java:130)
	at java.lang.Thread.run(Thread.java:748)
Caused by: org.apache.ratis.thirdparty.io.grpc.StatusRuntimeException: UNAVAILABLE: io exception
	at org.apache.ratis.thirdparty.io.grpc.stub.ClientCalls.toStatusRuntimeException(ClientCalls.java:233)
	at org.apache.ratis.thirdparty.io.grpc.stub.ClientCalls.getUnchecked(ClientCalls.java:214)
	at org.apache.ratis.thirdparty.io.grpc.stub.ClientCalls.blockingUnaryCall(ClientCalls.java:139)
	at org.apache.ratis.proto.grpc.RaftServerProtocolServiceGrpc$RaftServerProtocolServiceBlockingStub.requestVote(RaftServerProtocolServiceGrpc.java:265)
	at org.apache.ratis.grpc.server.GrpcServerProtocolClient.requestVote(GrpcServerProtocolClient.java:83)
	at org.apache.ratis.grpc.server.GrpcService.requestVote(GrpcService.java:195)
	at org.apache.ratis.server.impl.LeaderElection.lambda$submitRequests$1(LeaderElection.java:237)
	at java.util.concurrent.FutureTask.run(FutureTask.java:266)
	at java.util.concurrent.Executors$RunnableAdapter.call(Executors.java:511)
	at java.util.concurrent.FutureTask.run(FutureTask.java:266)
	at java.util.concurrent.ThreadPoolExecutor.runWorker(ThreadPoolExecutor.java:1149)
	at java.util.concurrent.ThreadPoolExecutor$Worker.run(ThreadPoolExecutor.java:624)
	... 1 more
Caused by: org.apache.ratis.thirdparty.io.netty.channel.AbstractChannel$AnnotatedConnectException: Connection refused: /192.168.5.176:44963
	at sun.nio.ch.SocketChannelImpl.checkConnect(Native Method)
	at sun.nio.ch.SocketChannelImpl.finishConnect(SocketChannelImpl.java:717)
	at org.apache.ratis.thirdparty.io.netty.channel.socket.nio.NioSocketChannel.doFinishConnect(NioSocketChannel.java:327)
	at org.apache.ratis.thirdparty.io.netty.channel.nio.AbstractNioChannel$AbstractNioUnsafe.finishConnect(AbstractNioChannel.java:340)
	at org.apache.ratis.thirdparty.io.netty.channel.nio.NioEventLoop.processSelectedKey(NioEventLoop.java:632)
	at org.apache.ratis.thirdparty.io.netty.channel.nio.NioEventLoop.processSelectedKeysOptimized(NioEventLoop.java:579)
	at org.apache.ratis.thirdparty.io.netty.channel.nio.NioEventLoop.processSelectedKeys(NioEventLoop.java:496)
	at org.apache.ratis.thirdparty.io.netty.channel.nio.NioEventLoop.run(NioEventLoop.java:458)
	at org.apache.ratis.thirdparty.io.netty.util.concurrent.SingleThreadEventExecutor$5.run(SingleThreadEventExecutor.java:897)
	at org.apache.ratis.thirdparty.io.netty.util.concurrent.FastThreadLocalRunnable.run(FastThreadLocalRunnable.java:30)
	... 1 more
Caused by: java.net.ConnectException: Connection refused
	... 11 more
2019-08-29 08:47:57,331 [4372d764-1931-406f-887c-7b5d1b7ac3a6:group-0E98D55737AE:LeaderElection41] INFO  impl.RaftServerImpl (RaftServerImpl.java:setRole(171)) - 4372d764-1931-406f-887c-7b5d1b7ac3a6:group-0E98D55737AE changes role from CANDIDATE to FOLLOWER at term 8 for DISCOVERED_A_NEW_TERM
2019-08-29 08:47:57,331 [4372d764-1931-406f-887c-7b5d1b7ac3a6:group-0E98D55737AE:LeaderElection41] INFO  impl.RoleInfo (RoleInfo.java:shutdownLeaderElection(134)) - 4372d764-1931-406f-887c-7b5d1b7ac3a6: shutdown LeaderElection
2019-08-29 08:47:57,331 [4372d764-1931-406f-887c-7b5d1b7ac3a6:group-0E98D55737AE:LeaderElection41] INFO  impl.RoleInfo (RoleInfo.java:updateAndGet(143)) - 4372d764-1931-406f-887c-7b5d1b7ac3a6: start FollowerState
2019-08-29 08:47:57,448 [grpc-default-executor-4] WARN  server.GrpcLogAppender (LogUtils.java:warn(134)) - 2256733f-555b-4f0d-8703-18eb36ab43de->3a39fbaa-14da-4624-bf1d-aa1db02e0173: Failed appendEntries: org.apache.ratis.thirdparty.io.grpc.StatusRuntimeException: UNAVAILABLE: io exception
2019-08-29 08:47:57,448 [grpc-default-executor-1] WARN  server.GrpcLogAppender (LogUtils.java:warn(134)) - 2256733f-555b-4f0d-8703-18eb36ab43de->823a7cbe-9ef5-429c-8255-e9ac46ec72ba: Failed appendEntries: org.apache.ratis.thirdparty.io.grpc.StatusRuntimeException: UNAVAILABLE: io exception
2019-08-29 08:47:57,448 [grpc-default-executor-4] INFO  impl.FollowerInfo (FollowerInfo.java:lambda$new$0(50)) - 2256733f-555b-4f0d-8703-18eb36ab43de->3a39fbaa-14da-4624-bf1d-aa1db02e0173: nextIndex: updateUnconditionally 0 -> 0
2019-08-29 08:47:57,448 [grpc-default-executor-1] INFO  impl.FollowerInfo (FollowerInfo.java:lambda$new$0(50)) - 2256733f-555b-4f0d-8703-18eb36ab43de->823a7cbe-9ef5-429c-8255-e9ac46ec72ba: nextIndex: updateUnconditionally 0 -> 0
2019-08-29 08:47:57,493 [main] INFO  ozoneimpl.OzoneContainer (OzoneContainer.java:stop(215)) - Attempting to stop container services.
2019-08-29 08:47:57,494 [main] INFO  impl.RaftServerProxy (RaftServerProxy.java:lambda$close$4(314)) - 4372d764-1931-406f-887c-7b5d1b7ac3a6: close
2019-08-29 08:47:57,494 [main] INFO  impl.RaftServerImpl (RaftServerImpl.java:lambda$shutdown$3(245)) - 4372d764-1931-406f-887c-7b5d1b7ac3a6: shutdown group-83DF56F1B588
2019-08-29 08:47:57,495 [main] INFO  util.JmxRegister (JmxRegister.java:unregister(73)) - Successfully un-registered JMX Bean with object name Ratis:service=RaftServer,group=group-83DF56F1B588,id=4372d764-1931-406f-887c-7b5d1b7ac3a6
2019-08-29 08:47:57,495 [main] INFO  impl.RoleInfo (RoleInfo.java:shutdownLeaderState(104)) - 4372d764-1931-406f-887c-7b5d1b7ac3a6: shutdown LeaderState
2019-08-29 08:47:57,495 [main] INFO  impl.PendingRequests (PendingRequests.java:sendNotLeaderResponses(202)) - 4372d764-1931-406f-887c-7b5d1b7ac3a6-PendingRequests: sendNotLeaderResponses
2019-08-29 08:47:57,496 [main] INFO  impl.StateMachineUpdater (StateMachineUpdater.java:stopAndJoin(115)) - StateMachineUpdater:4372d764-1931-406f-887c-7b5d1b7ac3a6:group-83DF56F1B588: set stopIndex = 0
2019-08-29 08:47:57,496 [main] INFO  impl.RaftServerImpl (ServerState.java:close(394)) - 4372d764-1931-406f-887c-7b5d1b7ac3a6:group-83DF56F1B588 closes. The last applied log index is 0
2019-08-29 08:47:57,496 [4372d764-1931-406f-887c-7b5d1b7ac3a6-SegmentedRaftLogWorker:Storage Directory /workdir/hadoop-ozone/integration-test/target/test-dir/MiniOzoneClusterImpl-0396b80d-4163-4a3b-9db9-4b816fc820e4/datanode-7/data/ratis/90fde77a-02b5-4332-a683-83df56f1b588] INFO  segmented.SegmentedRaftLogWorker (SegmentedRaftLogWorker.java:run(313)) - 4372d764-1931-406f-887c-7b5d1b7ac3a6-SegmentedRaftLogWorker:Storage Directory /workdir/hadoop-ozone/integration-test/target/test-dir/MiniOzoneClusterImpl-0396b80d-4163-4a3b-9db9-4b816fc820e4/datanode-7/data/ratis/90fde77a-02b5-4332-a683-83df56f1b588 was interrupted, exiting. There are 0 tasks remaining in the queue.
2019-08-29 08:47:57,497 [main] INFO  segmented.SegmentedRaftLogWorker (SegmentedRaftLogWorker.java:close(228)) - 4372d764-1931-406f-887c-7b5d1b7ac3a6-SegmentedRaftLogWorker:Storage Directory /workdir/hadoop-ozone/integration-test/target/test-dir/MiniOzoneClusterImpl-0396b80d-4163-4a3b-9db9-4b816fc820e4/datanode-7/data/ratis/90fde77a-02b5-4332-a683-83df56f1b588 close()
2019-08-29 08:47:57,499 [main] INFO  impl.RaftServerImpl (RaftServerImpl.java:lambda$shutdown$3(245)) - 4372d764-1931-406f-887c-7b5d1b7ac3a6: shutdown group-0E98D55737AE
2019-08-29 08:47:57,499 [main] INFO  util.JmxRegister (JmxRegister.java:unregister(73)) - Successfully un-registered JMX Bean with object name Ratis:service=RaftServer,group=group-0E98D55737AE,id=4372d764-1931-406f-887c-7b5d1b7ac3a6
2019-08-29 08:47:57,499 [main] INFO  impl.RoleInfo (RoleInfo.java:shutdownFollowerState(121)) - 4372d764-1931-406f-887c-7b5d1b7ac3a6: shutdown FollowerState
2019-08-29 08:47:57,499 [main] INFO  impl.StateMachineUpdater (StateMachineUpdater.java:stopAndJoin(115)) - StateMachineUpdater:4372d764-1931-406f-887c-7b5d1b7ac3a6:group-0E98D55737AE: set stopIndex = 0
2019-08-29 08:47:57,500 [Thread-869] INFO  impl.FollowerState (FollowerState.java:run(114)) - 4372d764-1931-406f-887c-7b5d1b7ac3a6: FollowerState was interrupted: java.lang.InterruptedException: sleep interrupted
2019-08-29 08:47:57,500 [main] INFO  impl.RaftServerImpl (ServerState.java:close(394)) - 4372d764-1931-406f-887c-7b5d1b7ac3a6:group-0E98D55737AE closes. The last applied log index is 0
2019-08-29 08:47:57,502 [4372d764-1931-406f-887c-7b5d1b7ac3a6-SegmentedRaftLogWorker:Storage Directory /workdir/hadoop-ozone/integration-test/target/test-dir/MiniOzoneClusterImpl-0396b80d-4163-4a3b-9db9-4b816fc820e4/datanode-7/data/ratis/9d7cab82-ed4f-4ed5-971c-0e98d55737ae] INFO  segmented.SegmentedRaftLogWorker (SegmentedRaftLogWorker.java:run(313)) - 4372d764-1931-406f-887c-7b5d1b7ac3a6-SegmentedRaftLogWorker:Storage Directory /workdir/hadoop-ozone/integration-test/target/test-dir/MiniOzoneClusterImpl-0396b80d-4163-4a3b-9db9-4b816fc820e4/datanode-7/data/ratis/9d7cab82-ed4f-4ed5-971c-0e98d55737ae was interrupted, exiting. There are 0 tasks remaining in the queue.
2019-08-29 08:47:57,502 [main] INFO  segmented.SegmentedRaftLogWorker (SegmentedRaftLogWorker.java:close(228)) - 4372d764-1931-406f-887c-7b5d1b7ac3a6-SegmentedRaftLogWorker:Storage Directory /workdir/hadoop-ozone/integration-test/target/test-dir/MiniOzoneClusterImpl-0396b80d-4163-4a3b-9db9-4b816fc820e4/datanode-7/data/ratis/9d7cab82-ed4f-4ed5-971c-0e98d55737ae close()
2019-08-29 08:47:57,504 [main] INFO  server.GrpcService (GrpcService.java:closeImpl(155)) - 4372d764-1931-406f-887c-7b5d1b7ac3a6: shutdown server with port 40296 now
2019-08-29 08:47:57,504 [main] INFO  server.GrpcService (GrpcService.java:closeImpl(163)) - 4372d764-1931-406f-887c-7b5d1b7ac3a6: shutdown server with port 40296 successfully
2019-08-29 08:47:57,506 [refreshUsed-/workdir/hadoop-ozone/integration-test/target/test-dir/MiniOzoneClusterImpl-0396b80d-4163-4a3b-9db9-4b816fc820e4/datanode-7/data/containers] WARN  fs.CachingGetSpaceUsed (CachingGetSpaceUsed.java:run(183)) - Thread Interrupted waiting to refresh disk information: sleep interrupted
2019-08-29 08:47:57,516 [ForkJoinPool.commonPool-worker-0] INFO  ozoneimpl.OzoneContainer (OzoneContainer.java:stop(215)) - Attempting to stop container services.
2019-08-29 08:47:57,516 [ForkJoinPool.commonPool-worker-0] INFO  impl.RaftServerProxy (RaftServerProxy.java:lambda$close$4(314)) - 2256733f-555b-4f0d-8703-18eb36ab43de: close
2019-08-29 08:47:57,517 [ForkJoinPool.commonPool-worker-0] INFO  impl.RaftServerImpl (RaftServerImpl.java:lambda$shutdown$3(245)) - 2256733f-555b-4f0d-8703-18eb36ab43de: shutdown group-ACE782DD6A22
2019-08-29 08:47:57,517 [ForkJoinPool.commonPool-worker-0] INFO  util.JmxRegister (JmxRegister.java:unregister(73)) - Successfully un-registered JMX Bean with object name Ratis:service=RaftServer,group=group-ACE782DD6A22,id=2256733f-555b-4f0d-8703-18eb36ab43de
2019-08-29 08:47:57,517 [ForkJoinPool.commonPool-worker-0] INFO  impl.RoleInfo (RoleInfo.java:shutdownLeaderState(104)) - 2256733f-555b-4f0d-8703-18eb36ab43de: shutdown LeaderState
2019-08-29 08:47:57,517 [ForkJoinPool.commonPool-worker-0] INFO  impl.PendingRequests (PendingRequests.java:sendNotLeaderResponses(202)) - 2256733f-555b-4f0d-8703-18eb36ab43de-PendingRequests: sendNotLeaderResponses
2019-08-29 08:47:57,517 [ForkJoinPool.commonPool-worker-0] INFO  impl.StateMachineUpdater (StateMachineUpdater.java:stopAndJoin(115)) - StateMachineUpdater:2256733f-555b-4f0d-8703-18eb36ab43de:group-ACE782DD6A22: set stopIndex = 0
2019-08-29 08:47:57,518 [ForkJoinPool.commonPool-worker-0] INFO  impl.RaftServerImpl (ServerState.java:close(394)) - 2256733f-555b-4f0d-8703-18eb36ab43de:group-ACE782DD6A22 closes. The last applied log index is 0
2019-08-29 08:47:57,518 [2256733f-555b-4f0d-8703-18eb36ab43de-SegmentedRaftLogWorker:Storage Directory /workdir/hadoop-ozone/integration-test/target/test-dir/MiniOzoneClusterImpl-0396b80d-4163-4a3b-9db9-4b816fc820e4/datanode-1/data/ratis/bb29b3fa-4f02-4889-b4bc-ace782dd6a22] INFO  segmented.SegmentedRaftLogWorker (SegmentedRaftLogWorker.java:run(313)) - 2256733f-555b-4f0d-8703-18eb36ab43de-SegmentedRaftLogWorker:Storage Directory /workdir/hadoop-ozone/integration-test/target/test-dir/MiniOzoneClusterImpl-0396b80d-4163-4a3b-9db9-4b816fc820e4/datanode-1/data/ratis/bb29b3fa-4f02-4889-b4bc-ace782dd6a22 was interrupted, exiting. There are 0 tasks remaining in the queue.
2019-08-29 08:47:57,518 [ForkJoinPool.commonPool-worker-0] INFO  segmented.SegmentedRaftLogWorker (SegmentedRaftLogWorker.java:close(228)) - 2256733f-555b-4f0d-8703-18eb36ab43de-SegmentedRaftLogWorker:Storage Directory /workdir/hadoop-ozone/integration-test/target/test-dir/MiniOzoneClusterImpl-0396b80d-4163-4a3b-9db9-4b816fc820e4/datanode-1/data/ratis/bb29b3fa-4f02-4889-b4bc-ace782dd6a22 close()
2019-08-29 08:47:57,520 [ForkJoinPool.commonPool-worker-0] INFO  impl.RaftServerImpl (RaftServerImpl.java:lambda$shutdown$3(245)) - 2256733f-555b-4f0d-8703-18eb36ab43de: shutdown group-CDBD8F166C83
2019-08-29 08:47:57,520 [ForkJoinPool.commonPool-worker-0] INFO  util.JmxRegister (JmxRegister.java:unregister(73)) - Successfully un-registered JMX Bean with object name Ratis:service=RaftServer,group=group-CDBD8F166C83,id=2256733f-555b-4f0d-8703-18eb36ab43de
2019-08-29 08:47:57,520 [ForkJoinPool.commonPool-worker-0] INFO  impl.RoleInfo (RoleInfo.java:shutdownLeaderState(104)) - 2256733f-555b-4f0d-8703-18eb36ab43de: shutdown LeaderState
2019-08-29 08:47:57,521 [org.apache.ratis.server.impl.LogAppender$AppenderDaemon$$Lambda$491/432318982@3228bc0f] WARN  server.GrpcLogAppender (GrpcLogAppender.java:mayWait(143)) - GrpcLogAppender(2256733f-555b-4f0d-8703-18eb36ab43de->3a39fbaa-14da-4624-bf1d-aa1db02e0173): Wait interrupted by java.lang.InterruptedException
2019-08-29 08:47:57,521 [main] INFO  utils.BackgroundService (BackgroundService.java:shutdown(148)) - Shutting down service BlockDeletingService
2019-08-29 08:47:57,522 [ForkJoinPool.commonPool-worker-0] INFO  impl.PendingRequests (PendingRequests.java:sendNotLeaderResponses(202)) - 2256733f-555b-4f0d-8703-18eb36ab43de-PendingRequests: sendNotLeaderResponses
2019-08-29 08:47:57,522 [org.apache.ratis.server.impl.LogAppender$AppenderDaemon$$Lambda$491/432318982@1a95aaa5] WARN  server.GrpcLogAppender (GrpcLogAppender.java:mayWait(143)) - GrpcLogAppender(2256733f-555b-4f0d-8703-18eb36ab43de->823a7cbe-9ef5-429c-8255-e9ac46ec72ba): Wait interrupted by java.lang.InterruptedException
2019-08-29 08:47:57,523 [ForkJoinPool.commonPool-worker-0] INFO  impl.StateMachineUpdater (StateMachineUpdater.java:stopAndJoin(115)) - StateMachineUpdater:2256733f-555b-4f0d-8703-18eb36ab43de:group-CDBD8F166C83: set stopIndex = 6
2019-08-29 08:47:57,523 [StateMachineUpdater:2256733f-555b-4f0d-8703-18eb36ab43de:group-CDBD8F166C83] INFO  ratis.ContainerStateMachine (ContainerStateMachine.java:takeSnapshot(284)) - group-CDBD8F166C83: Taking a snapshot at:(t:5, i:4) file /workdir/hadoop-ozone/integration-test/target/test-dir/MiniOzoneClusterImpl-0396b80d-4163-4a3b-9db9-4b816fc820e4/datanode-1/data/ratis/e626d3a6-0973-4da6-be81-cdbd8f166c83/sm/snapshot.5_4
2019-08-29 08:47:57,525 [main] INFO  statemachine.DatanodeStateMachine (DatanodeStateMachine.java:stopDaemon(395)) - Ozone container server stopped.
2019-08-29 08:47:57,526 [main] INFO  handler.ContextHandler (ContextHandler.java:doStop(910)) - Stopped o.e.j.w.WebAppContext@16a9eb2e{/,null,UNAVAILABLE}{/hddsDatanode}
2019-08-29 08:47:57,527 [main] INFO  server.AbstractConnector (AbstractConnector.java:doStop(318)) - Stopped ServerConnector@76332405{HTTP/1.1,[http/1.1]}{0.0.0.0:0}
2019-08-29 08:47:57,527 [main] INFO  handler.ContextHandler (ContextHandler.java:doStop(910)) - Stopped o.e.j.s.ServletContextHandler@35a60674{/static,jar:file:/home/user/.m2/repository/org/apache/hadoop/hadoop-hdds-container-service/0.5.0-SNAPSHOT/hadoop-hdds-container-service-0.5.0-SNAPSHOT.jar!/webapps/static,UNAVAILABLE}
2019-08-29 08:47:57,527 [main] INFO  handler.ContextHandler (ContextHandler.java:doStop(910)) - Stopped o.e.j.s.ServletContextHandler@63dfada0{/logs,file:///workdir/hadoop-ozone/integration-test/target/log,UNAVAILABLE}
2019-08-29 08:47:57,539 [StateMachineUpdater:2256733f-555b-4f0d-8703-18eb36ab43de:group-CDBD8F166C83] INFO  ratis.ContainerStateMachine (ContainerStateMachine.java:takeSnapshot(295)) - group-CDBD8F166C83: Finished taking a snapshot at:(t:5, i:4) file:/workdir/hadoop-ozone/integration-test/target/test-dir/MiniOzoneClusterImpl-0396b80d-4163-4a3b-9db9-4b816fc820e4/datanode-1/data/ratis/e626d3a6-0973-4da6-be81-cdbd8f166c83/sm/snapshot.5_4 time:16
2019-08-29 08:47:57,539 [StateMachineUpdater:2256733f-555b-4f0d-8703-18eb36ab43de:group-CDBD8F166C83] INFO  impl.StateMachineUpdater (StateMachineUpdater.java:takeSnapshot(242)) - StateMachineUpdater:2256733f-555b-4f0d-8703-18eb36ab43de:group-CDBD8F166C83: Took a snapshot at index 4
2019-08-29 08:47:57,539 [StateMachineUpdater:2256733f-555b-4f0d-8703-18eb36ab43de:group-CDBD8F166C83] INFO  impl.StateMachineUpdater (StateMachineUpdater.java:lambda$new$0(80)) - StateMachineUpdater:2256733f-555b-4f0d-8703-18eb36ab43de:group-CDBD8F166C83: snapshotIndex: updateIncreasingly -1 -> 4
2019-08-29 08:47:57,539 [ForkJoinPool.commonPool-worker-0] INFO  impl.RaftServerImpl (ServerState.java:close(394)) - 2256733f-555b-4f0d-8703-18eb36ab43de:group-CDBD8F166C83 closes. The last applied log index is 6
2019-08-29 08:47:57,540 [2256733f-555b-4f0d-8703-18eb36ab43de-SegmentedRaftLogWorker:Storage Directory /workdir/hadoop-ozone/integration-test/target/test-dir/MiniOzoneClusterImpl-0396b80d-4163-4a3b-9db9-4b816fc820e4/datanode-1/data/ratis/e626d3a6-0973-4da6-be81-cdbd8f166c83] INFO  segmented.SegmentedRaftLogWorker (SegmentedRaftLogWorker.java:run(313)) - 2256733f-555b-4f0d-8703-18eb36ab43de-SegmentedRaftLogWorker:Storage Directory /workdir/hadoop-ozone/integration-test/target/test-dir/MiniOzoneClusterImpl-0396b80d-4163-4a3b-9db9-4b816fc820e4/datanode-1/data/ratis/e626d3a6-0973-4da6-be81-cdbd8f166c83 was interrupted, exiting. There are 0 tasks remaining in the queue.
2019-08-29 08:47:57,540 [ForkJoinPool.commonPool-worker-0] INFO  segmented.SegmentedRaftLogWorker (SegmentedRaftLogWorker.java:close(228)) - 2256733f-555b-4f0d-8703-18eb36ab43de-SegmentedRaftLogWorker:Storage Directory /workdir/hadoop-ozone/integration-test/target/test-dir/MiniOzoneClusterImpl-0396b80d-4163-4a3b-9db9-4b816fc820e4/datanode-1/data/ratis/e626d3a6-0973-4da6-be81-cdbd8f166c83 close()
2019-08-29 08:47:57,541 [ForkJoinPool.commonPool-worker-0] INFO  server.GrpcService (GrpcService.java:closeImpl(155)) - 2256733f-555b-4f0d-8703-18eb36ab43de: shutdown server with port 35960 now
2019-08-29 08:47:57,541 [ForkJoinPool.commonPool-worker-0] INFO  server.GrpcService (GrpcService.java:closeImpl(163)) - 2256733f-555b-4f0d-8703-18eb36ab43de: shutdown server with port 35960 successfully
2019-08-29 08:47:57,547 [refreshUsed-/workdir/hadoop-ozone/integration-test/target/test-dir/MiniOzoneClusterImpl-0396b80d-4163-4a3b-9db9-4b816fc820e4/datanode-1/data/containers] WARN  fs.CachingGetSpaceUsed (CachingGetSpaceUsed.java:run(183)) - Thread Interrupted waiting to refresh disk information: sleep interrupted
2019-08-29 08:47:57,558 [ForkJoinPool.commonPool-worker-0] INFO  utils.BackgroundService (BackgroundService.java:shutdown(148)) - Shutting down service BlockDeletingService
2019-08-29 08:47:57,561 [ForkJoinPool.commonPool-worker-0] INFO  statemachine.DatanodeStateMachine (DatanodeStateMachine.java:stopDaemon(395)) - Ozone container server stopped.
2019-08-29 08:47:57,563 [ForkJoinPool.commonPool-worker-0] INFO  handler.ContextHandler (ContextHandler.java:doStop(910)) - Stopped o.e.j.w.WebAppContext@54e02f6a{/,null,UNAVAILABLE}{/hddsDatanode}
2019-08-29 08:47:57,564 [ForkJoinPool.commonPool-worker-0] INFO  server.AbstractConnector (AbstractConnector.java:doStop(318)) - Stopped ServerConnector@17f3eefb{HTTP/1.1,[http/1.1]}{0.0.0.0:0}
2019-08-29 08:47:57,564 [ForkJoinPool.commonPool-worker-0] INFO  handler.ContextHandler (ContextHandler.java:doStop(910)) - Stopped o.e.j.s.ServletContextHandler@74170687{/static,jar:file:/home/user/.m2/repository/org/apache/hadoop/hadoop-hdds-container-service/0.5.0-SNAPSHOT/hadoop-hdds-container-service-0.5.0-SNAPSHOT.jar!/webapps/static,UNAVAILABLE}
2019-08-29 08:47:57,565 [ForkJoinPool.commonPool-worker-0] INFO  handler.ContextHandler (ContextHandler.java:doStop(910)) - Stopped o.e.j.s.ServletContextHandler@2b6fcb9f{/logs,file:///workdir/hadoop-ozone/integration-test/target/log,UNAVAILABLE}
2019-08-29 08:47:57,566 [main] INFO  ozone.MiniOzoneClusterImpl (MiniOzoneClusterImpl.java:stop(339)) - Stopping the StorageContainerManager
2019-08-29 08:47:57,566 [main] INFO  server.StorageContainerManager (StorageContainerManager.java:stop(797)) - Stopping Replication Manager Service.
2019-08-29 08:47:57,566 [main] INFO  container.ReplicationManager (ReplicationManager.java:stop(193)) - Stopping Replication Monitor Thread.
2019-08-29 08:47:57,566 [main] INFO  server.StorageContainerManager (StorageContainerManager.java:stop(804)) - Stopping Lease Manager of the command watchers
2019-08-29 08:47:57,567 [main] INFO  server.StorageContainerManager (StorageContainerManager.java:stop(811)) - Stopping datanode service RPC server
2019-08-29 08:47:57,567 [main] INFO  server.SCMDatanodeProtocolServer (SCMDatanodeProtocolServer.java:stop(367)) - Stopping the RPC server for DataNodes
2019-08-29 08:47:57,567 [main] INFO  ipc.Server (Server.java:stop(3082)) - Stopping server on 43779
2019-08-29 08:47:57,568 [IPC Server listener on 43779] INFO  ipc.Server (Server.java:run(1185)) - Stopping IPC Server listener on 43779
2019-08-29 08:47:57,569 [IPC Server Responder] INFO  ipc.Server (Server.java:run(1319)) - Stopping IPC Server Responder
2019-08-29 08:47:57,569 [SCM Heartbeat Processing Thread - 0] WARN  node.NodeStateManager (NodeStateManager.java:scheduleNextHealthCheck(646)) - Current Thread is interrupted, shutting down HB processing thread for Node Manager.
2019-08-29 08:47:57,569 [main] INFO  server.StorageContainerManager (StorageContainerManager.java:stop(819)) - Stopping block service RPC server
2019-08-29 08:47:57,569 [main] INFO  server.SCMBlockProtocolServer (SCMBlockProtocolServer.java:stop(148)) - Stopping the RPC server for Block Protocol
2019-08-29 08:47:57,570 [main] INFO  ipc.Server (Server.java:stop(3082)) - Stopping server on 38916
2019-08-29 08:47:57,571 [IPC Server listener on 38916] INFO  ipc.Server (Server.java:run(1185)) - Stopping IPC Server listener on 38916
2019-08-29 08:47:57,571 [main] INFO  server.StorageContainerManager (StorageContainerManager.java:stop(826)) - Stopping the StorageContainerLocationProtocol RPC server
2019-08-29 08:47:57,571 [IPC Server Responder] INFO  ipc.Server (Server.java:run(1319)) - Stopping IPC Server Responder
2019-08-29 08:47:57,571 [main] INFO  server.SCMClientProtocolServer (SCMClientProtocolServer.java:stop(159)) - Stopping the RPC server for Client Protocol
2019-08-29 08:47:57,572 [main] INFO  ipc.Server (Server.java:stop(3082)) - Stopping server on 37167
2019-08-29 08:47:57,572 [IPC Server listener on 37167] INFO  ipc.Server (Server.java:run(1185)) - Stopping IPC Server listener on 37167
2019-08-29 08:47:57,572 [main] INFO  server.StorageContainerManager (StorageContainerManager.java:stop(833)) - Stopping Storage Container Manager HTTP server.
2019-08-29 08:47:57,573 [IPC Server Responder] INFO  ipc.Server (Server.java:run(1319)) - Stopping IPC Server Responder
2019-08-29 08:47:57,574 [main] INFO  handler.ContextHandler (ContextHandler.java:doStop(910)) - Stopped o.e.j.w.WebAppContext@287f94b1{/,null,UNAVAILABLE}{/scm}
2019-08-29 08:47:57,574 [main] INFO  server.AbstractConnector (AbstractConnector.java:doStop(318)) - Stopped ServerConnector@ecf9049{HTTP/1.1,[http/1.1]}{0.0.0.0:0}
2019-08-29 08:47:57,575 [main] INFO  handler.ContextHandler (ContextHandler.java:doStop(910)) - Stopped o.e.j.s.ServletContextHandler@424fd310{/static,file:///workdir/hadoop-ozone/integration-test/target/test-classes/webapps/static,UNAVAILABLE}
2019-08-29 08:47:57,575 [main] INFO  handler.ContextHandler (ContextHandler.java:doStop(910)) - Stopped o.e.j.s.ServletContextHandler@1506f20f{/logs,file:///workdir/hadoop-ozone/integration-test/target/log,UNAVAILABLE}
2019-08-29 08:47:57,576 [main] INFO  server.StorageContainerManager (StorageContainerManager.java:stop(844)) - Stopping Block Manager Service.
2019-08-29 08:47:57,576 [main] INFO  utils.BackgroundService (BackgroundService.java:shutdown(148)) - Shutting down service SCMBlockDeletingService
2019-08-29 08:47:57,576 [main] INFO  utils.BackgroundService (BackgroundService.java:shutdown(148)) - Shutting down service SCMBlockDeletingService
2019-08-29 08:47:57,577 [main] INFO  server.StorageContainerManager (StorageContainerManager.java:stop(866)) - Stopping SCM Event Queue.
2019-08-29 08:47:57,582 [main] INFO  impl.MetricsSystemImpl (MetricsSystemImpl.java:stop(210)) - Stopping XceiverClientMetrics metrics system...
2019-08-29 08:47:57,590 [main] INFO  impl.MetricsSystemImpl (MetricsSystemImpl.java:stop(216)) - XceiverClientMetrics metrics system stopped.
]]></system-out>
    <system-err><![CDATA[Exception in thread "dd40d4a5-aa3f-4ebf-9cec-f561545fceec:group-540B27701E44:LeaderElection10" java.lang.IllegalStateException: ILLEGAL TRANSITION: In dd40d4a5-aa3f-4ebf-9cec-f561545fceec:group-540B27701E44:LeaderElection10, STARTING -> CLOSED
	at org.apache.ratis.util.Preconditions.assertTrue(Preconditions.java:63)
	at org.apache.ratis.util.LifeCycle$State.validate(LifeCycle.java:123)
	at org.apache.ratis.util.LifeCycle.transition(LifeCycle.java:143)
	at org.apache.ratis.server.impl.LeaderElection.run(LeaderElection.java:154)
	at java.lang.Thread.run(Thread.java:748)
]]></system-err>
  </testcase>
  <testcase name="testMultiBlockWritesWithDnFailures" classname="org.apache.hadoop.ozone.client.rpc.TestMultiBlockWritesWithDnFailures" time="44.021"/>
</testsuite>