<?xml version="1.0" encoding="UTF-8"?>
<testsuite xmlns:xsi="http://www.w3.org/2001/XMLSchema-instance" xsi:noNamespaceSchemaLocation="https://maven.apache.org/surefire/maven-surefire-plugin/xsd/surefire-test-report.xsd" name="org.apache.hadoop.ozone.client.rpc.TestWatchForCommit" time="253.922" tests="5" errors="1" skipped="0" failures="0">
  <properties>
    <property name="awt.toolkit" value="sun.awt.X11.XToolkit"/>
    <property name="file.encoding.pkg" value="sun.io"/>
    <property name="java.specification.version" value="1.8"/>
    <property name="sun.cpu.isalist" value=""/>
    <property name="sun.jnu.encoding" value="UTF-8"/>
    <property name="java.class.path" value="/workdir/hadoop-ozone/integration-test/target/test-classes:/workdir/hadoop-ozone/integration-test/target/classes:/home/user/.m2/repository/org/apache/hadoop/hadoop-ozone-common/0.5.0-SNAPSHOT/hadoop-ozone-common-0.5.0-SNAPSHOT.jar:/home/user/.m2/repository/org/apache/commons/commons-compress/1.4.1/commons-compress-1.4.1.jar:/home/user/.m2/repository/org/tukaani/xz/1.0/xz-1.0.jar:/home/user/.m2/repository/org/apache/hadoop/hadoop-common/3.2.0/hadoop-common-3.2.0.jar:/home/user/.m2/repository/org/apache/hadoop/hadoop-hdfs/3.2.0/hadoop-hdfs-3.2.0.jar:/home/user/.m2/repository/org/apache/hadoop/hadoop-hdfs-client/3.2.0/hadoop-hdfs-client-3.2.0.jar:/home/user/.m2/repository/com/fasterxml/jackson/core/jackson-annotations/2.9.5/jackson-annotations-2.9.5.jar:/home/user/.m2/repository/org/apache/hadoop/hadoop-hdds-common/0.5.0-SNAPSHOT/hadoop-hdds-common-0.5.0-SNAPSHOT.jar:/home/user/.m2/repository/javax/annotation/javax.annotation-api/1.2/javax.annotation-api-1.2.jar:/home/user/.m2/repository/org/apache/ratis/ratis-server/0.4.0-2337318-SNAPSHOT/ratis-server-0.4.0-2337318-SNAPSHOT.jar:/home/user/.m2/repository/org/apache/ratis/ratis-thirdparty-misc/0.2.0/ratis-thirdparty-misc-0.2.0.jar:/home/user/.m2/repository/org/apache/ratis/ratis-proto/0.4.0-2337318-SNAPSHOT/ratis-proto-0.4.0-2337318-SNAPSHOT.jar:/home/user/.m2/repository/org/apache/ratis/ratis-common/0.4.0-2337318-SNAPSHOT/ratis-common-0.4.0-2337318-SNAPSHOT.jar:/home/user/.m2/repository/org/apache/ratis/ratis-client/0.4.0-2337318-SNAPSHOT/ratis-client-0.4.0-2337318-SNAPSHOT.jar:/home/user/.m2/repository/org/apache/ratis/ratis-metrics/0.4.0-2337318-SNAPSHOT/ratis-metrics-0.4.0-2337318-SNAPSHOT.jar:/home/user/.m2/repository/org/apache/ratis/ratis-netty/0.4.0-2337318-SNAPSHOT/ratis-netty-0.4.0-2337318-SNAPSHOT.jar:/home/user/.m2/repository/org/apache/ratis/ratis-grpc/0.4.0-2337318-SNAPSHOT/ratis-grpc-0.4.0-2337318-SNAPSHOT.jar:/home/user/.m2/repository/org/rocksdb/rocksdbjni/6.0.1/rocksdbjni-6.0.1.jar:/home/user/.m2/repository/org/apache/logging/log4j/log4j-api/2.11.0/log4j-api-2.11.0.jar:/home/user/.m2/repository/org/apache/logging/log4j/log4j-core/2.11.0/log4j-core-2.11.0.jar:/home/user/.m2/repository/com/lmax/disruptor/3.4.2/disruptor-3.4.2.jar:/home/user/.m2/repository/org/apache/commons/commons-pool2/2.6.0/commons-pool2-2.6.0.jar:/home/user/.m2/repository/org/bouncycastle/bcpkix-jdk15on/1.60/bcpkix-jdk15on-1.60.jar:/home/user/.m2/repository/commons-validator/commons-validator/1.6/commons-validator-1.6.jar:/home/user/.m2/repository/commons-digester/commons-digester/1.8.1/commons-digester-1.8.1.jar:/home/user/.m2/repository/io/jaegertracing/jaeger-client/0.33.1/jaeger-client-0.33.1.jar:/home/user/.m2/repository/io/jaegertracing/jaeger-thrift/0.33.1/jaeger-thrift-0.33.1.jar:/home/user/.m2/repository/org/apache/thrift/libthrift/0.11.0/libthrift-0.11.0.jar:/home/user/.m2/repository/com/squareup/okhttp3/okhttp/3.9.0/okhttp-3.9.0.jar:/home/user/.m2/repository/com/squareup/okio/okio/1.13.0/okio-1.13.0.jar:/home/user/.m2/repository/io/jaegertracing/jaeger-core/0.33.1/jaeger-core-0.33.1.jar:/home/user/.m2/repository/io/jaegertracing/jaeger-tracerresolver/0.33.1/jaeger-tracerresolver-0.33.1.jar:/home/user/.m2/repository/io/opentracing/contrib/opentracing-tracerresolver/0.1.5/opentracing-tracerresolver-0.1.5.jar:/home/user/.m2/repository/io/opentracing/opentracing-util/0.31.0/opentracing-util-0.31.0.jar:/home/user/.m2/repository/io/opentracing/opentracing-api/0.31.0/opentracing-api-0.31.0.jar:/home/user/.m2/repository/io/opentracing/opentracing-noop/0.31.0/opentracing-noop-0.31.0.jar:/home/user/.m2/repository/org/apache/hadoop/hadoop-hdds-server-framework/0.5.0-SNAPSHOT/hadoop-hdds-server-framework-0.5.0-SNAPSHOT.jar:/home/user/.m2/repository/org/apache/hadoop/hadoop-hdds-container-service/0.5.0-SNAPSHOT/hadoop-hdds-container-service-0.5.0-SNAPSHOT.jar:/home/user/.m2/repository/org/apache/hadoop/hadoop-hdds-client/0.5.0-SNAPSHOT/hadoop-hdds-client-0.5.0-SNAPSHOT.jar:/home/user/.m2/repository/org/apache/hadoop/hadoop-hdds-tools/0.5.0-SNAPSHOT/hadoop-hdds-tools-0.5.0-SNAPSHOT.jar:/home/user/.m2/repository/org/apache/hadoop/hadoop-hdds-server-scm/0.5.0-SNAPSHOT/hadoop-hdds-server-scm-0.5.0-SNAPSHOT.jar:/home/user/.m2/repository/org/apache/hadoop/hadoop-hdds-docs/0.5.0-SNAPSHOT/hadoop-hdds-docs-0.5.0-SNAPSHOT.jar:/home/user/.m2/repository/io/dropwizard/metrics/metrics-core/3.2.4/metrics-core-3.2.4.jar:/home/user/.m2/repository/org/hamcrest/hamcrest-all/1.3/hamcrest-all-1.3.jar:/home/user/.m2/repository/org/bouncycastle/bcprov-jdk15on/1.60/bcprov-jdk15on-1.60.jar:/home/user/.m2/repository/info/picocli/picocli/3.9.6/picocli-3.9.6.jar:/home/user/.m2/repository/com/google/protobuf/protobuf-java/2.5.0/protobuf-java-2.5.0.jar:/home/user/.m2/repository/com/google/guava/guava/11.0.2/guava-11.0.2.jar:/home/user/.m2/repository/org/apache/hadoop/hadoop-ozone-ozone-manager/0.5.0-SNAPSHOT/hadoop-ozone-ozone-manager-0.5.0-SNAPSHOT.jar:/home/user/.m2/repository/org/apache/hadoop/hadoop-minikdc/3.2.0/hadoop-minikdc-3.2.0.jar:/home/user/.m2/repository/commons-io/commons-io/2.5/commons-io-2.5.jar:/home/user/.m2/repository/org/apache/kerby/kerb-simplekdc/1.0.1/kerb-simplekdc-1.0.1.jar:/home/user/.m2/repository/org/apache/kerby/kerb-client/1.0.1/kerb-client-1.0.1.jar:/home/user/.m2/repository/org/apache/kerby/kerby-config/1.0.1/kerby-config-1.0.1.jar:/home/user/.m2/repository/org/apache/kerby/kerb-core/1.0.1/kerb-core-1.0.1.jar:/home/user/.m2/repository/org/apache/kerby/kerby-pkix/1.0.1/kerby-pkix-1.0.1.jar:/home/user/.m2/repository/org/apache/kerby/kerby-asn1/1.0.1/kerby-asn1-1.0.1.jar:/home/user/.m2/repository/org/apache/kerby/kerby-util/1.0.1/kerby-util-1.0.1.jar:/home/user/.m2/repository/org/apache/kerby/kerb-common/1.0.1/kerb-common-1.0.1.jar:/home/user/.m2/repository/org/apache/kerby/kerb-crypto/1.0.1/kerb-crypto-1.0.1.jar:/home/user/.m2/repository/org/apache/kerby/kerb-util/1.0.1/kerb-util-1.0.1.jar:/home/user/.m2/repository/org/apache/kerby/token-provider/1.0.1/token-provider-1.0.1.jar:/home/user/.m2/repository/org/apache/kerby/kerb-admin/1.0.1/kerb-admin-1.0.1.jar:/home/user/.m2/repository/org/apache/kerby/kerb-server/1.0.1/kerb-server-1.0.1.jar:/home/user/.m2/repository/org/apache/kerby/kerb-identity/1.0.1/kerb-identity-1.0.1.jar:/home/user/.m2/repository/org/apache/kerby/kerby-xdr/1.0.1/kerby-xdr-1.0.1.jar:/home/user/.m2/repository/org/slf4j/slf4j-log4j12/1.7.25/slf4j-log4j12-1.7.25.jar:/home/user/.m2/repository/org/apache/hadoop/hadoop-ozone-s3gateway/0.5.0-SNAPSHOT/hadoop-ozone-s3gateway-0.5.0-SNAPSHOT.jar:/home/user/.m2/repository/org/jboss/weld/servlet/weld-servlet/2.4.7.Final/weld-servlet-2.4.7.Final.jar:/home/user/.m2/repository/org/glassfish/jersey/containers/jersey-container-servlet-core/2.27/jersey-container-servlet-core-2.27.jar:/home/user/.m2/repository/org/glassfish/hk2/external/javax.inject/2.5.0-b42/javax.inject-2.5.0-b42.jar:/home/user/.m2/repository/org/glassfish/jersey/core/jersey-common/2.27/jersey-common-2.27.jar:/home/user/.m2/repository/org/glassfish/hk2/osgi-resource-locator/1.0.1/osgi-resource-locator-1.0.1.jar:/home/user/.m2/repository/javax/ws/rs/javax.ws.rs-api/2.1/javax.ws.rs-api-2.1.jar:/home/user/.m2/repository/org/glassfish/jersey/ext/cdi/jersey-cdi1x/2.27/jersey-cdi1x-2.27.jar:/home/user/.m2/repository/org/glassfish/jersey/inject/jersey-hk2/2.27/jersey-hk2-2.27.jar:/home/user/.m2/repository/org/glassfish/hk2/hk2-locator/2.5.0-b42/hk2-locator-2.5.0-b42.jar:/home/user/.m2/repository/org/javassist/javassist/3.22.0-CR2/javassist-3.22.0-CR2.jar:/home/user/.m2/repository/org/glassfish/hk2/hk2-api/2.5.0/hk2-api-2.5.0.jar:/home/user/.m2/repository/org/glassfish/hk2/external/jakarta.inject/2.5.0/jakarta.inject-2.5.0.jar:/home/user/.m2/repository/org/glassfish/hk2/hk2-utils/2.5.0/hk2-utils-2.5.0.jar:/home/user/.m2/repository/jakarta/annotation/jakarta.annotation-api/1.3.4/jakarta.annotation-api-1.3.4.jar:/home/user/.m2/repository/org/glassfish/hk2/external/aopalliance-repackaged/2.5.0/aopalliance-repackaged-2.5.0.jar:/home/user/.m2/repository/com/fasterxml/jackson/dataformat/jackson-dataformat-xml/2.9.0/jackson-dataformat-xml-2.9.0.jar:/home/user/.m2/repository/com/fasterxml/jackson/core/jackson-core/2.9.5/jackson-core-2.9.5.jar:/home/user/.m2/repository/com/fasterxml/jackson/module/jackson-module-jaxb-annotations/2.9.5/jackson-module-jaxb-annotations-2.9.5.jar:/home/user/.m2/repository/javax/enterprise/cdi-api/1.2/cdi-api-1.2.jar:/home/user/.m2/repository/javax/el/javax.el-api/3.0.0/javax.el-api-3.0.0.jar:/home/user/.m2/repository/javax/interceptor/javax.interceptor-api/1.2/javax.interceptor-api-1.2.jar:/home/user/.m2/repository/javax/inject/javax.inject/1/javax.inject-1.jar:/home/user/.m2/repository/com/sun/xml/bind/jaxb-impl/2.3.0.1/jaxb-impl-2.3.0.1.jar:/home/user/.m2/repository/com/sun/xml/bind/jaxb-core/2.3.0.1/jaxb-core-2.3.0.1.jar:/home/user/.m2/repository/javax/xml/bind/jaxb-api/2.3.0/jaxb-api-2.3.0.jar:/home/user/.m2/repository/javax/activation/activation/1.1.1/activation-1.1.1.jar:/home/user/.m2/repository/org/apache/hadoop/hadoop-ozone-csi/0.5.0-SNAPSHOT/hadoop-ozone-csi-0.5.0-SNAPSHOT.jar:/home/user/.m2/repository/com/google/protobuf/protobuf-java-util/3.5.1/protobuf-java-util-3.5.1.jar:/home/user/.m2/repository/org/apache/hadoop/hadoop-hdds-config/0.5.0-SNAPSHOT/hadoop-hdds-config-0.5.0-SNAPSHOT.jar:/home/user/.m2/repository/io/grpc/grpc-netty/1.17.1/grpc-netty-1.17.1.jar:/home/user/.m2/repository/io/grpc/grpc-core/1.17.1/grpc-core-1.17.1.jar:/home/user/.m2/repository/io/grpc/grpc-context/1.17.1/grpc-context-1.17.1.jar:/home/user/.m2/repository/com/google/errorprone/error_prone_annotations/2.2.0/error_prone_annotations-2.2.0.jar:/home/user/.m2/repository/org/codehaus/mojo/animal-sniffer-annotations/1.17/animal-sniffer-annotations-1.17.jar:/home/user/.m2/repository/io/opencensus/opencensus-api/0.17.0/opencensus-api-0.17.0.jar:/home/user/.m2/repository/io/opencensus/opencensus-contrib-grpc-metrics/0.17.0/opencensus-contrib-grpc-metrics-0.17.0.jar:/home/user/.m2/repository/io/netty/netty-codec-http2/4.1.30.Final/netty-codec-http2-4.1.30.Final.jar:/home/user/.m2/repository/io/netty/netty-codec-http/4.1.30.Final/netty-codec-http-4.1.30.Final.jar:/home/user/.m2/repository/io/netty/netty-codec/4.1.30.Final/netty-codec-4.1.30.Final.jar:/home/user/.m2/repository/io/netty/netty-handler/4.1.30.Final/netty-handler-4.1.30.Final.jar:/home/user/.m2/repository/io/netty/netty-handler-proxy/4.1.30.Final/netty-handler-proxy-4.1.30.Final.jar:/home/user/.m2/repository/io/netty/netty-codec-socks/4.1.30.Final/netty-codec-socks-4.1.30.Final.jar:/home/user/.m2/repository/io/netty/netty-transport-native-epoll/4.1.30.Final/netty-transport-native-epoll-4.1.30.Final.jar:/home/user/.m2/repository/io/netty/netty-common/4.1.30.Final/netty-common-4.1.30.Final.jar:/home/user/.m2/repository/io/netty/netty-buffer/4.1.30.Final/netty-buffer-4.1.30.Final.jar:/home/user/.m2/repository/io/netty/netty-transport/4.1.30.Final/netty-transport-4.1.30.Final.jar:/home/user/.m2/repository/io/netty/netty-resolver/4.1.30.Final/netty-resolver-4.1.30.Final.jar:/home/user/.m2/repository/io/netty/netty-transport-native-unix-common/4.1.30.Final/netty-transport-native-unix-common-4.1.30.Final.jar:/home/user/.m2/repository/io/grpc/grpc-protobuf/1.17.1/grpc-protobuf-1.17.1.jar:/home/user/.m2/repository/com/google/api/grpc/proto-google-common-protos/1.0.0/proto-google-common-protos-1.0.0.jar:/home/user/.m2/repository/io/grpc/grpc-protobuf-lite/1.17.1/grpc-protobuf-lite-1.17.1.jar:/home/user/.m2/repository/io/grpc/grpc-stub/1.17.1/grpc-stub-1.17.1.jar:/home/user/.m2/repository/org/apache/hadoop/hadoop-ozone-recon/0.5.0-SNAPSHOT/hadoop-ozone-recon-0.5.0-SNAPSHOT.jar:/home/user/.m2/repository/org/apache/hadoop/hadoop-ozone-reconcodegen/0.5.0-SNAPSHOT/hadoop-ozone-reconcodegen-0.5.0-SNAPSHOT.jar:/home/user/.m2/repository/com/google/inject/extensions/guice-multibindings/4.0/guice-multibindings-4.0.jar:/home/user/.m2/repository/com/google/inject/guice/4.0/guice-4.0.jar:/home/user/.m2/repository/aopalliance/aopalliance/1.0/aopalliance-1.0.jar:/home/user/.m2/repository/com/google/inject/extensions/guice-servlet/4.0/guice-servlet-4.0.jar:/home/user/.m2/repository/org/glassfish/jersey/containers/jersey-container-servlet/2.27/jersey-container-servlet-2.27.jar:/home/user/.m2/repository/org/glassfish/hk2/guice-bridge/2.5.0/guice-bridge-2.5.0.jar:/home/user/.m2/repository/org/glassfish/jersey/core/jersey-server/2.27/jersey-server-2.27.jar:/home/user/.m2/repository/org/glassfish/jersey/core/jersey-client/2.27/jersey-client-2.27.jar:/home/user/.m2/repository/org/glassfish/jersey/media/jersey-media-jaxb/2.27/jersey-media-jaxb-2.27.jar:/home/user/.m2/repository/javax/validation/validation-api/1.1.0.Final/validation-api-1.1.0.Final.jar:/home/user/.m2/repository/org/glassfish/jersey/media/jersey-media-json-jackson/2.27/jersey-media-json-jackson-2.27.jar:/home/user/.m2/repository/org/glassfish/jersey/ext/jersey-entity-filtering/2.27/jersey-entity-filtering-2.27.jar:/home/user/.m2/repository/com/google/inject/extensions/guice-assistedinject/4.0/guice-assistedinject-4.0.jar:/home/user/.m2/repository/org/jooq/jooq/3.11.10/jooq-3.11.10.jar:/home/user/.m2/repository/org/jooq/jooq-meta/3.11.10/jooq-meta-3.11.10.jar:/home/user/.m2/repository/org/jooq/jooq-codegen/3.11.10/jooq-codegen-3.11.10.jar:/home/user/.m2/repository/com/jolbox/bonecp/0.8.0.RELEASE/bonecp-0.8.0.RELEASE.jar:/home/user/.m2/repository/org/xerial/sqlite-jdbc/3.25.2/sqlite-jdbc-3.25.2.jar:/home/user/.m2/repository/org/springframework/spring-jdbc/5.1.3.RELEASE/spring-jdbc-5.1.3.RELEASE.jar:/home/user/.m2/repository/org/springframework/spring-beans/5.1.3.RELEASE/spring-beans-5.1.3.RELEASE.jar:/home/user/.m2/repository/org/springframework/spring-core/5.1.3.RELEASE/spring-core-5.1.3.RELEASE.jar:/home/user/.m2/repository/org/springframework/spring-jcl/5.1.3.RELEASE/spring-jcl-5.1.3.RELEASE.jar:/home/user/.m2/repository/org/springframework/spring-tx/5.1.3.RELEASE/spring-tx-5.1.3.RELEASE.jar:/home/user/.m2/repository/org/apache/hadoop/hadoop-ozone-client/0.5.0-SNAPSHOT/hadoop-ozone-client-0.5.0-SNAPSHOT.jar:/home/user/.m2/repository/commons-lang/commons-lang/2.6/commons-lang-2.6.jar:/home/user/.m2/repository/org/apache/hadoop/hadoop-ozone-ozone-manager/0.5.0-SNAPSHOT/hadoop-ozone-ozone-manager-0.5.0-SNAPSHOT-tests.jar:/home/user/.m2/repository/junit/junit/4.11/junit-4.11.jar:/home/user/.m2/repository/org/hamcrest/hamcrest-core/1.3/hamcrest-core-1.3.jar:/home/user/.m2/repository/org/openjdk/jmh/jmh-core/1.19/jmh-core-1.19.jar:/home/user/.m2/repository/net/sf/jopt-simple/jopt-simple/4.6/jopt-simple-4.6.jar:/home/user/.m2/repository/org/apache/commons/commons-math3/3.1.1/commons-math3-3.1.1.jar:/home/user/.m2/repository/org/openjdk/jmh/jmh-generator-annprocess/1.19/jmh-generator-annprocess-1.19.jar:/home/user/.m2/repository/org/mockito/mockito-all/1.8.5/mockito-all-1.8.5.jar:/home/user/.m2/repository/org/apache/hadoop/hadoop-kms/3.2.0/hadoop-kms-3.2.0.jar:/home/user/.m2/repository/org/apache/hadoop/hadoop-auth/3.2.0/hadoop-auth-3.2.0.jar:/home/user/.m2/repository/com/nimbusds/nimbus-jose-jwt/4.41.1/nimbus-jose-jwt-4.41.1.jar:/home/user/.m2/repository/com/github/stephenc/jcip/jcip-annotations/1.0-1/jcip-annotations-1.0-1.jar:/home/user/.m2/repository/net/minidev/json-smart/2.3/json-smart-2.3.jar:/home/user/.m2/repository/net/minidev/accessors-smart/1.2/accessors-smart-1.2.jar:/home/user/.m2/repository/org/ow2/asm/asm/5.0.4/asm-5.0.4.jar:/home/user/.m2/repository/org/apache/curator/curator-framework/2.12.0/curator-framework-2.12.0.jar:/home/user/.m2/repository/com/sun/jersey/jersey-core/1.19/jersey-core-1.19.jar:/home/user/.m2/repository/javax/ws/rs/jsr311-api/1.1.1/jsr311-api-1.1.1.jar:/home/user/.m2/repository/com/sun/jersey/jersey-server/1.19/jersey-server-1.19.jar:/home/user/.m2/repository/javax/servlet/javax.servlet-api/3.1.0/javax.servlet-api-3.1.0.jar:/home/user/.m2/repository/org/eclipse/jetty/jetty-server/9.3.24.v20180605/jetty-server-9.3.24.v20180605.jar:/home/user/.m2/repository/org/eclipse/jetty/jetty-http/9.3.24.v20180605/jetty-http-9.3.24.v20180605.jar:/home/user/.m2/repository/org/eclipse/jetty/jetty-io/9.3.24.v20180605/jetty-io-9.3.24.v20180605.jar:/home/user/.m2/repository/org/eclipse/jetty/jetty-webapp/9.3.24.v20180605/jetty-webapp-9.3.24.v20180605.jar:/home/user/.m2/repository/org/eclipse/jetty/jetty-xml/9.3.24.v20180605/jetty-xml-9.3.24.v20180605.jar:/home/user/.m2/repository/log4j/log4j/1.2.17/log4j-1.2.17.jar:/home/user/.m2/repository/org/slf4j/slf4j-api/1.7.25/slf4j-api-1.7.25.jar:/home/user/.m2/repository/org/slf4j/jul-to-slf4j/1.7.25/jul-to-slf4j-1.7.25.jar:/home/user/.m2/repository/org/eclipse/jetty/jetty-util/9.3.24.v20180605/jetty-util-9.3.24.v20180605.jar:/home/user/.m2/repository/com/fasterxml/jackson/core/jackson-databind/2.9.5/jackson-databind-2.9.5.jar:/home/user/.m2/repository/org/apache/hadoop/hadoop-kms/3.2.0/hadoop-kms-3.2.0-tests.jar:/home/user/.m2/repository/org/apache/hadoop/hadoop-hdds-server-scm/0.5.0-SNAPSHOT/hadoop-hdds-server-scm-0.5.0-SNAPSHOT-tests.jar:/home/user/.m2/repository/org/apache/hadoop/hadoop-hdds-container-service/0.5.0-SNAPSHOT/hadoop-hdds-container-service-0.5.0-SNAPSHOT-tests.jar:/home/user/.m2/repository/org/yaml/snakeyaml/1.16/snakeyaml-1.16.jar:/home/user/.m2/repository/org/apache/hadoop/hadoop-common/3.2.0/hadoop-common-3.2.0-tests.jar:/home/user/.m2/repository/org/apache/hadoop/hadoop-annotations/3.2.0/hadoop-annotations-3.2.0.jar:/usr/lib/jvm/java-1.8-openjdk/jre/../lib/tools.jar:/home/user/.m2/repository/commons-cli/commons-cli/1.2/commons-cli-1.2.jar:/home/user/.m2/repository/org/apache/httpcomponents/httpclient/4.5.2/httpclient-4.5.2.jar:/home/user/.m2/repository/org/apache/httpcomponents/httpcore/4.4.4/httpcore-4.4.4.jar:/home/user/.m2/repository/commons-codec/commons-codec/1.11/commons-codec-1.11.jar:/home/user/.m2/repository/commons-net/commons-net/3.6/commons-net-3.6.jar:/home/user/.m2/repository/commons-collections/commons-collections/3.2.2/commons-collections-3.2.2.jar:/home/user/.m2/repository/org/eclipse/jetty/jetty-servlet/9.3.24.v20180605/jetty-servlet-9.3.24.v20180605.jar:/home/user/.m2/repository/org/eclipse/jetty/jetty-security/9.3.24.v20180605/jetty-security-9.3.24.v20180605.jar:/home/user/.m2/repository/javax/servlet/jsp/jsp-api/2.1/jsp-api-2.1.jar:/home/user/.m2/repository/com/sun/jersey/jersey-servlet/1.19/jersey-servlet-1.19.jar:/home/user/.m2/repository/com/sun/jersey/jersey-json/1.19/jersey-json-1.19.jar:/home/user/.m2/repository/org/codehaus/jettison/jettison/1.1/jettison-1.1.jar:/home/user/.m2/repository/org/codehaus/jackson/jackson-core-asl/1.9.13/jackson-core-asl-1.9.13.jar:/home/user/.m2/repository/org/codehaus/jackson/jackson-mapper-asl/1.9.13/jackson-mapper-asl-1.9.13.jar:/home/user/.m2/repository/org/codehaus/jackson/jackson-jaxrs/1.9.13/jackson-jaxrs-1.9.13.jar:/home/user/.m2/repository/org/codehaus/jackson/jackson-xc/1.9.13/jackson-xc-1.9.13.jar:/home/user/.m2/repository/commons-logging/commons-logging/1.1.3/commons-logging-1.1.3.jar:/home/user/.m2/repository/commons-beanutils/commons-beanutils/1.9.3/commons-beanutils-1.9.3.jar:/home/user/.m2/repository/org/apache/commons/commons-configuration2/2.1.1/commons-configuration2-2.1.1.jar:/home/user/.m2/repository/org/apache/commons/commons-lang3/3.7/commons-lang3-3.7.jar:/home/user/.m2/repository/org/apache/commons/commons-text/1.4/commons-text-1.4.jar:/home/user/.m2/repository/org/apache/avro/avro/1.7.7/avro-1.7.7.jar:/home/user/.m2/repository/com/thoughtworks/paranamer/paranamer/2.3/paranamer-2.3.jar:/home/user/.m2/repository/org/xerial/snappy/snappy-java/1.0.5/snappy-java-1.0.5.jar:/home/user/.m2/repository/com/google/re2j/re2j/1.1/re2j-1.1.jar:/home/user/.m2/repository/com/google/code/gson/gson/2.2.4/gson-2.2.4.jar:/home/user/.m2/repository/com/jcraft/jsch/0.1.54/jsch-0.1.54.jar:/home/user/.m2/repository/org/apache/curator/curator-client/2.12.0/curator-client-2.12.0.jar:/home/user/.m2/repository/org/apache/curator/curator-recipes/2.12.0/curator-recipes-2.12.0.jar:/home/user/.m2/repository/com/google/code/findbugs/jsr305/3.0.0/jsr305-3.0.0.jar:/home/user/.m2/repository/org/apache/htrace/htrace-core4/4.1.0-incubating/htrace-core4-4.1.0-incubating.jar:/home/user/.m2/repository/org/apache/zookeeper/zookeeper/3.4.13/zookeeper-3.4.13.jar:/home/user/.m2/repository/org/apache/yetus/audience-annotations/0.5.0/audience-annotations-0.5.0.jar:/home/user/.m2/repository/org/codehaus/woodstox/stax2-api/3.1.4/stax2-api-3.1.4.jar:/home/user/.m2/repository/com/fasterxml/woodstox/woodstox-core/5.0.3/woodstox-core-5.0.3.jar:/home/user/.m2/repository/dnsjava/dnsjava/2.1.7/dnsjava-2.1.7.jar:/home/user/.m2/repository/org/apache/hadoop/hadoop-hdfs/3.2.0/hadoop-hdfs-3.2.0-tests.jar:/home/user/.m2/repository/org/eclipse/jetty/jetty-util-ajax/9.3.24.v20180605/jetty-util-ajax-9.3.24.v20180605.jar:/home/user/.m2/repository/commons-daemon/commons-daemon/1.0.13/commons-daemon-1.0.13.jar:/home/user/.m2/repository/io/netty/netty/3.10.5.Final/netty-3.10.5.Final.jar:/home/user/.m2/repository/io/netty/netty-all/4.0.52.Final/netty-all-4.0.52.Final.jar:/home/user/.m2/repository/org/fusesource/leveldbjni/leveldbjni-all/1.8/leveldbjni-all-1.8.jar:"/>
    <property name="java.vm.vendor" value="IcedTea"/>
    <property name="sun.arch.data.model" value="64"/>
    <property name="test.build.dir" value="/workdir/hadoop-ozone/integration-test/target/test-dir"/>
    <property name="test.cache.data" value=""/>
    <property name="java.vendor.url" value="https://icedtea.classpath.org"/>
    <property name="user.timezone" value=""/>
    <property name="java.vm.specification.version" value="1.8"/>
    <property name="os.name" value="Linux"/>
    <property name="test.build.data" value="/workdir/hadoop-ozone/integration-test/target/test-dir"/>
    <property name="user.country" value="US"/>
    <property name="sun.java.launcher" value="SUN_STANDARD"/>
    <property name="sun.boot.library.path" value="/usr/lib/jvm/java-1.8-openjdk/jre/lib/amd64"/>
    <property name="sun.java.command" value="/workdir/hadoop-ozone/integration-test/target/surefire/surefirebooter5234085414382116393.jar /workdir/hadoop-ozone/integration-test/target/surefire 2019-08-29T07-52-49_054-jvmRun1 surefire1690793218942734451tmp surefire_191348178429240644165tmp"/>
    <property name="test" value="!TestMiniChaosOzoneCluster"/>
    <property name="surefire.test.class.path" value="/workdir/hadoop-ozone/integration-test/target/test-classes:/workdir/hadoop-ozone/integration-test/target/classes:/home/user/.m2/repository/org/apache/hadoop/hadoop-ozone-common/0.5.0-SNAPSHOT/hadoop-ozone-common-0.5.0-SNAPSHOT.jar:/home/user/.m2/repository/org/apache/commons/commons-compress/1.4.1/commons-compress-1.4.1.jar:/home/user/.m2/repository/org/tukaani/xz/1.0/xz-1.0.jar:/home/user/.m2/repository/org/apache/hadoop/hadoop-common/3.2.0/hadoop-common-3.2.0.jar:/home/user/.m2/repository/org/apache/hadoop/hadoop-hdfs/3.2.0/hadoop-hdfs-3.2.0.jar:/home/user/.m2/repository/org/apache/hadoop/hadoop-hdfs-client/3.2.0/hadoop-hdfs-client-3.2.0.jar:/home/user/.m2/repository/com/fasterxml/jackson/core/jackson-annotations/2.9.5/jackson-annotations-2.9.5.jar:/home/user/.m2/repository/org/apache/hadoop/hadoop-hdds-common/0.5.0-SNAPSHOT/hadoop-hdds-common-0.5.0-SNAPSHOT.jar:/home/user/.m2/repository/javax/annotation/javax.annotation-api/1.2/javax.annotation-api-1.2.jar:/home/user/.m2/repository/org/apache/ratis/ratis-server/0.4.0-2337318-SNAPSHOT/ratis-server-0.4.0-2337318-SNAPSHOT.jar:/home/user/.m2/repository/org/apache/ratis/ratis-thirdparty-misc/0.2.0/ratis-thirdparty-misc-0.2.0.jar:/home/user/.m2/repository/org/apache/ratis/ratis-proto/0.4.0-2337318-SNAPSHOT/ratis-proto-0.4.0-2337318-SNAPSHOT.jar:/home/user/.m2/repository/org/apache/ratis/ratis-common/0.4.0-2337318-SNAPSHOT/ratis-common-0.4.0-2337318-SNAPSHOT.jar:/home/user/.m2/repository/org/apache/ratis/ratis-client/0.4.0-2337318-SNAPSHOT/ratis-client-0.4.0-2337318-SNAPSHOT.jar:/home/user/.m2/repository/org/apache/ratis/ratis-metrics/0.4.0-2337318-SNAPSHOT/ratis-metrics-0.4.0-2337318-SNAPSHOT.jar:/home/user/.m2/repository/org/apache/ratis/ratis-netty/0.4.0-2337318-SNAPSHOT/ratis-netty-0.4.0-2337318-SNAPSHOT.jar:/home/user/.m2/repository/org/apache/ratis/ratis-grpc/0.4.0-2337318-SNAPSHOT/ratis-grpc-0.4.0-2337318-SNAPSHOT.jar:/home/user/.m2/repository/org/rocksdb/rocksdbjni/6.0.1/rocksdbjni-6.0.1.jar:/home/user/.m2/repository/org/apache/logging/log4j/log4j-api/2.11.0/log4j-api-2.11.0.jar:/home/user/.m2/repository/org/apache/logging/log4j/log4j-core/2.11.0/log4j-core-2.11.0.jar:/home/user/.m2/repository/com/lmax/disruptor/3.4.2/disruptor-3.4.2.jar:/home/user/.m2/repository/org/apache/commons/commons-pool2/2.6.0/commons-pool2-2.6.0.jar:/home/user/.m2/repository/org/bouncycastle/bcpkix-jdk15on/1.60/bcpkix-jdk15on-1.60.jar:/home/user/.m2/repository/commons-validator/commons-validator/1.6/commons-validator-1.6.jar:/home/user/.m2/repository/commons-digester/commons-digester/1.8.1/commons-digester-1.8.1.jar:/home/user/.m2/repository/io/jaegertracing/jaeger-client/0.33.1/jaeger-client-0.33.1.jar:/home/user/.m2/repository/io/jaegertracing/jaeger-thrift/0.33.1/jaeger-thrift-0.33.1.jar:/home/user/.m2/repository/org/apache/thrift/libthrift/0.11.0/libthrift-0.11.0.jar:/home/user/.m2/repository/com/squareup/okhttp3/okhttp/3.9.0/okhttp-3.9.0.jar:/home/user/.m2/repository/com/squareup/okio/okio/1.13.0/okio-1.13.0.jar:/home/user/.m2/repository/io/jaegertracing/jaeger-core/0.33.1/jaeger-core-0.33.1.jar:/home/user/.m2/repository/io/jaegertracing/jaeger-tracerresolver/0.33.1/jaeger-tracerresolver-0.33.1.jar:/home/user/.m2/repository/io/opentracing/contrib/opentracing-tracerresolver/0.1.5/opentracing-tracerresolver-0.1.5.jar:/home/user/.m2/repository/io/opentracing/opentracing-util/0.31.0/opentracing-util-0.31.0.jar:/home/user/.m2/repository/io/opentracing/opentracing-api/0.31.0/opentracing-api-0.31.0.jar:/home/user/.m2/repository/io/opentracing/opentracing-noop/0.31.0/opentracing-noop-0.31.0.jar:/home/user/.m2/repository/org/apache/hadoop/hadoop-hdds-server-framework/0.5.0-SNAPSHOT/hadoop-hdds-server-framework-0.5.0-SNAPSHOT.jar:/home/user/.m2/repository/org/apache/hadoop/hadoop-hdds-container-service/0.5.0-SNAPSHOT/hadoop-hdds-container-service-0.5.0-SNAPSHOT.jar:/home/user/.m2/repository/org/apache/hadoop/hadoop-hdds-client/0.5.0-SNAPSHOT/hadoop-hdds-client-0.5.0-SNAPSHOT.jar:/home/user/.m2/repository/org/apache/hadoop/hadoop-hdds-tools/0.5.0-SNAPSHOT/hadoop-hdds-tools-0.5.0-SNAPSHOT.jar:/home/user/.m2/repository/org/apache/hadoop/hadoop-hdds-server-scm/0.5.0-SNAPSHOT/hadoop-hdds-server-scm-0.5.0-SNAPSHOT.jar:/home/user/.m2/repository/org/apache/hadoop/hadoop-hdds-docs/0.5.0-SNAPSHOT/hadoop-hdds-docs-0.5.0-SNAPSHOT.jar:/home/user/.m2/repository/io/dropwizard/metrics/metrics-core/3.2.4/metrics-core-3.2.4.jar:/home/user/.m2/repository/org/hamcrest/hamcrest-all/1.3/hamcrest-all-1.3.jar:/home/user/.m2/repository/org/bouncycastle/bcprov-jdk15on/1.60/bcprov-jdk15on-1.60.jar:/home/user/.m2/repository/info/picocli/picocli/3.9.6/picocli-3.9.6.jar:/home/user/.m2/repository/com/google/protobuf/protobuf-java/2.5.0/protobuf-java-2.5.0.jar:/home/user/.m2/repository/com/google/guava/guava/11.0.2/guava-11.0.2.jar:/home/user/.m2/repository/org/apache/hadoop/hadoop-ozone-ozone-manager/0.5.0-SNAPSHOT/hadoop-ozone-ozone-manager-0.5.0-SNAPSHOT.jar:/home/user/.m2/repository/org/apache/hadoop/hadoop-minikdc/3.2.0/hadoop-minikdc-3.2.0.jar:/home/user/.m2/repository/commons-io/commons-io/2.5/commons-io-2.5.jar:/home/user/.m2/repository/org/apache/kerby/kerb-simplekdc/1.0.1/kerb-simplekdc-1.0.1.jar:/home/user/.m2/repository/org/apache/kerby/kerb-client/1.0.1/kerb-client-1.0.1.jar:/home/user/.m2/repository/org/apache/kerby/kerby-config/1.0.1/kerby-config-1.0.1.jar:/home/user/.m2/repository/org/apache/kerby/kerb-core/1.0.1/kerb-core-1.0.1.jar:/home/user/.m2/repository/org/apache/kerby/kerby-pkix/1.0.1/kerby-pkix-1.0.1.jar:/home/user/.m2/repository/org/apache/kerby/kerby-asn1/1.0.1/kerby-asn1-1.0.1.jar:/home/user/.m2/repository/org/apache/kerby/kerby-util/1.0.1/kerby-util-1.0.1.jar:/home/user/.m2/repository/org/apache/kerby/kerb-common/1.0.1/kerb-common-1.0.1.jar:/home/user/.m2/repository/org/apache/kerby/kerb-crypto/1.0.1/kerb-crypto-1.0.1.jar:/home/user/.m2/repository/org/apache/kerby/kerb-util/1.0.1/kerb-util-1.0.1.jar:/home/user/.m2/repository/org/apache/kerby/token-provider/1.0.1/token-provider-1.0.1.jar:/home/user/.m2/repository/org/apache/kerby/kerb-admin/1.0.1/kerb-admin-1.0.1.jar:/home/user/.m2/repository/org/apache/kerby/kerb-server/1.0.1/kerb-server-1.0.1.jar:/home/user/.m2/repository/org/apache/kerby/kerb-identity/1.0.1/kerb-identity-1.0.1.jar:/home/user/.m2/repository/org/apache/kerby/kerby-xdr/1.0.1/kerby-xdr-1.0.1.jar:/home/user/.m2/repository/org/slf4j/slf4j-log4j12/1.7.25/slf4j-log4j12-1.7.25.jar:/home/user/.m2/repository/org/apache/hadoop/hadoop-ozone-s3gateway/0.5.0-SNAPSHOT/hadoop-ozone-s3gateway-0.5.0-SNAPSHOT.jar:/home/user/.m2/repository/org/jboss/weld/servlet/weld-servlet/2.4.7.Final/weld-servlet-2.4.7.Final.jar:/home/user/.m2/repository/org/glassfish/jersey/containers/jersey-container-servlet-core/2.27/jersey-container-servlet-core-2.27.jar:/home/user/.m2/repository/org/glassfish/hk2/external/javax.inject/2.5.0-b42/javax.inject-2.5.0-b42.jar:/home/user/.m2/repository/org/glassfish/jersey/core/jersey-common/2.27/jersey-common-2.27.jar:/home/user/.m2/repository/org/glassfish/hk2/osgi-resource-locator/1.0.1/osgi-resource-locator-1.0.1.jar:/home/user/.m2/repository/javax/ws/rs/javax.ws.rs-api/2.1/javax.ws.rs-api-2.1.jar:/home/user/.m2/repository/org/glassfish/jersey/ext/cdi/jersey-cdi1x/2.27/jersey-cdi1x-2.27.jar:/home/user/.m2/repository/org/glassfish/jersey/inject/jersey-hk2/2.27/jersey-hk2-2.27.jar:/home/user/.m2/repository/org/glassfish/hk2/hk2-locator/2.5.0-b42/hk2-locator-2.5.0-b42.jar:/home/user/.m2/repository/org/javassist/javassist/3.22.0-CR2/javassist-3.22.0-CR2.jar:/home/user/.m2/repository/org/glassfish/hk2/hk2-api/2.5.0/hk2-api-2.5.0.jar:/home/user/.m2/repository/org/glassfish/hk2/external/jakarta.inject/2.5.0/jakarta.inject-2.5.0.jar:/home/user/.m2/repository/org/glassfish/hk2/hk2-utils/2.5.0/hk2-utils-2.5.0.jar:/home/user/.m2/repository/jakarta/annotation/jakarta.annotation-api/1.3.4/jakarta.annotation-api-1.3.4.jar:/home/user/.m2/repository/org/glassfish/hk2/external/aopalliance-repackaged/2.5.0/aopalliance-repackaged-2.5.0.jar:/home/user/.m2/repository/com/fasterxml/jackson/dataformat/jackson-dataformat-xml/2.9.0/jackson-dataformat-xml-2.9.0.jar:/home/user/.m2/repository/com/fasterxml/jackson/core/jackson-core/2.9.5/jackson-core-2.9.5.jar:/home/user/.m2/repository/com/fasterxml/jackson/module/jackson-module-jaxb-annotations/2.9.5/jackson-module-jaxb-annotations-2.9.5.jar:/home/user/.m2/repository/javax/enterprise/cdi-api/1.2/cdi-api-1.2.jar:/home/user/.m2/repository/javax/el/javax.el-api/3.0.0/javax.el-api-3.0.0.jar:/home/user/.m2/repository/javax/interceptor/javax.interceptor-api/1.2/javax.interceptor-api-1.2.jar:/home/user/.m2/repository/javax/inject/javax.inject/1/javax.inject-1.jar:/home/user/.m2/repository/com/sun/xml/bind/jaxb-impl/2.3.0.1/jaxb-impl-2.3.0.1.jar:/home/user/.m2/repository/com/sun/xml/bind/jaxb-core/2.3.0.1/jaxb-core-2.3.0.1.jar:/home/user/.m2/repository/javax/xml/bind/jaxb-api/2.3.0/jaxb-api-2.3.0.jar:/home/user/.m2/repository/javax/activation/activation/1.1.1/activation-1.1.1.jar:/home/user/.m2/repository/org/apache/hadoop/hadoop-ozone-csi/0.5.0-SNAPSHOT/hadoop-ozone-csi-0.5.0-SNAPSHOT.jar:/home/user/.m2/repository/com/google/protobuf/protobuf-java-util/3.5.1/protobuf-java-util-3.5.1.jar:/home/user/.m2/repository/org/apache/hadoop/hadoop-hdds-config/0.5.0-SNAPSHOT/hadoop-hdds-config-0.5.0-SNAPSHOT.jar:/home/user/.m2/repository/io/grpc/grpc-netty/1.17.1/grpc-netty-1.17.1.jar:/home/user/.m2/repository/io/grpc/grpc-core/1.17.1/grpc-core-1.17.1.jar:/home/user/.m2/repository/io/grpc/grpc-context/1.17.1/grpc-context-1.17.1.jar:/home/user/.m2/repository/com/google/errorprone/error_prone_annotations/2.2.0/error_prone_annotations-2.2.0.jar:/home/user/.m2/repository/org/codehaus/mojo/animal-sniffer-annotations/1.17/animal-sniffer-annotations-1.17.jar:/home/user/.m2/repository/io/opencensus/opencensus-api/0.17.0/opencensus-api-0.17.0.jar:/home/user/.m2/repository/io/opencensus/opencensus-contrib-grpc-metrics/0.17.0/opencensus-contrib-grpc-metrics-0.17.0.jar:/home/user/.m2/repository/io/netty/netty-codec-http2/4.1.30.Final/netty-codec-http2-4.1.30.Final.jar:/home/user/.m2/repository/io/netty/netty-codec-http/4.1.30.Final/netty-codec-http-4.1.30.Final.jar:/home/user/.m2/repository/io/netty/netty-codec/4.1.30.Final/netty-codec-4.1.30.Final.jar:/home/user/.m2/repository/io/netty/netty-handler/4.1.30.Final/netty-handler-4.1.30.Final.jar:/home/user/.m2/repository/io/netty/netty-handler-proxy/4.1.30.Final/netty-handler-proxy-4.1.30.Final.jar:/home/user/.m2/repository/io/netty/netty-codec-socks/4.1.30.Final/netty-codec-socks-4.1.30.Final.jar:/home/user/.m2/repository/io/netty/netty-transport-native-epoll/4.1.30.Final/netty-transport-native-epoll-4.1.30.Final.jar:/home/user/.m2/repository/io/netty/netty-common/4.1.30.Final/netty-common-4.1.30.Final.jar:/home/user/.m2/repository/io/netty/netty-buffer/4.1.30.Final/netty-buffer-4.1.30.Final.jar:/home/user/.m2/repository/io/netty/netty-transport/4.1.30.Final/netty-transport-4.1.30.Final.jar:/home/user/.m2/repository/io/netty/netty-resolver/4.1.30.Final/netty-resolver-4.1.30.Final.jar:/home/user/.m2/repository/io/netty/netty-transport-native-unix-common/4.1.30.Final/netty-transport-native-unix-common-4.1.30.Final.jar:/home/user/.m2/repository/io/grpc/grpc-protobuf/1.17.1/grpc-protobuf-1.17.1.jar:/home/user/.m2/repository/com/google/api/grpc/proto-google-common-protos/1.0.0/proto-google-common-protos-1.0.0.jar:/home/user/.m2/repository/io/grpc/grpc-protobuf-lite/1.17.1/grpc-protobuf-lite-1.17.1.jar:/home/user/.m2/repository/io/grpc/grpc-stub/1.17.1/grpc-stub-1.17.1.jar:/home/user/.m2/repository/org/apache/hadoop/hadoop-ozone-recon/0.5.0-SNAPSHOT/hadoop-ozone-recon-0.5.0-SNAPSHOT.jar:/home/user/.m2/repository/org/apache/hadoop/hadoop-ozone-reconcodegen/0.5.0-SNAPSHOT/hadoop-ozone-reconcodegen-0.5.0-SNAPSHOT.jar:/home/user/.m2/repository/com/google/inject/extensions/guice-multibindings/4.0/guice-multibindings-4.0.jar:/home/user/.m2/repository/com/google/inject/guice/4.0/guice-4.0.jar:/home/user/.m2/repository/aopalliance/aopalliance/1.0/aopalliance-1.0.jar:/home/user/.m2/repository/com/google/inject/extensions/guice-servlet/4.0/guice-servlet-4.0.jar:/home/user/.m2/repository/org/glassfish/jersey/containers/jersey-container-servlet/2.27/jersey-container-servlet-2.27.jar:/home/user/.m2/repository/org/glassfish/hk2/guice-bridge/2.5.0/guice-bridge-2.5.0.jar:/home/user/.m2/repository/org/glassfish/jersey/core/jersey-server/2.27/jersey-server-2.27.jar:/home/user/.m2/repository/org/glassfish/jersey/core/jersey-client/2.27/jersey-client-2.27.jar:/home/user/.m2/repository/org/glassfish/jersey/media/jersey-media-jaxb/2.27/jersey-media-jaxb-2.27.jar:/home/user/.m2/repository/javax/validation/validation-api/1.1.0.Final/validation-api-1.1.0.Final.jar:/home/user/.m2/repository/org/glassfish/jersey/media/jersey-media-json-jackson/2.27/jersey-media-json-jackson-2.27.jar:/home/user/.m2/repository/org/glassfish/jersey/ext/jersey-entity-filtering/2.27/jersey-entity-filtering-2.27.jar:/home/user/.m2/repository/com/google/inject/extensions/guice-assistedinject/4.0/guice-assistedinject-4.0.jar:/home/user/.m2/repository/org/jooq/jooq/3.11.10/jooq-3.11.10.jar:/home/user/.m2/repository/org/jooq/jooq-meta/3.11.10/jooq-meta-3.11.10.jar:/home/user/.m2/repository/org/jooq/jooq-codegen/3.11.10/jooq-codegen-3.11.10.jar:/home/user/.m2/repository/com/jolbox/bonecp/0.8.0.RELEASE/bonecp-0.8.0.RELEASE.jar:/home/user/.m2/repository/org/xerial/sqlite-jdbc/3.25.2/sqlite-jdbc-3.25.2.jar:/home/user/.m2/repository/org/springframework/spring-jdbc/5.1.3.RELEASE/spring-jdbc-5.1.3.RELEASE.jar:/home/user/.m2/repository/org/springframework/spring-beans/5.1.3.RELEASE/spring-beans-5.1.3.RELEASE.jar:/home/user/.m2/repository/org/springframework/spring-core/5.1.3.RELEASE/spring-core-5.1.3.RELEASE.jar:/home/user/.m2/repository/org/springframework/spring-jcl/5.1.3.RELEASE/spring-jcl-5.1.3.RELEASE.jar:/home/user/.m2/repository/org/springframework/spring-tx/5.1.3.RELEASE/spring-tx-5.1.3.RELEASE.jar:/home/user/.m2/repository/org/apache/hadoop/hadoop-ozone-client/0.5.0-SNAPSHOT/hadoop-ozone-client-0.5.0-SNAPSHOT.jar:/home/user/.m2/repository/commons-lang/commons-lang/2.6/commons-lang-2.6.jar:/home/user/.m2/repository/org/apache/hadoop/hadoop-ozone-ozone-manager/0.5.0-SNAPSHOT/hadoop-ozone-ozone-manager-0.5.0-SNAPSHOT-tests.jar:/home/user/.m2/repository/junit/junit/4.11/junit-4.11.jar:/home/user/.m2/repository/org/hamcrest/hamcrest-core/1.3/hamcrest-core-1.3.jar:/home/user/.m2/repository/org/openjdk/jmh/jmh-core/1.19/jmh-core-1.19.jar:/home/user/.m2/repository/net/sf/jopt-simple/jopt-simple/4.6/jopt-simple-4.6.jar:/home/user/.m2/repository/org/apache/commons/commons-math3/3.1.1/commons-math3-3.1.1.jar:/home/user/.m2/repository/org/openjdk/jmh/jmh-generator-annprocess/1.19/jmh-generator-annprocess-1.19.jar:/home/user/.m2/repository/org/mockito/mockito-all/1.8.5/mockito-all-1.8.5.jar:/home/user/.m2/repository/org/apache/hadoop/hadoop-kms/3.2.0/hadoop-kms-3.2.0.jar:/home/user/.m2/repository/org/apache/hadoop/hadoop-auth/3.2.0/hadoop-auth-3.2.0.jar:/home/user/.m2/repository/com/nimbusds/nimbus-jose-jwt/4.41.1/nimbus-jose-jwt-4.41.1.jar:/home/user/.m2/repository/com/github/stephenc/jcip/jcip-annotations/1.0-1/jcip-annotations-1.0-1.jar:/home/user/.m2/repository/net/minidev/json-smart/2.3/json-smart-2.3.jar:/home/user/.m2/repository/net/minidev/accessors-smart/1.2/accessors-smart-1.2.jar:/home/user/.m2/repository/org/ow2/asm/asm/5.0.4/asm-5.0.4.jar:/home/user/.m2/repository/org/apache/curator/curator-framework/2.12.0/curator-framework-2.12.0.jar:/home/user/.m2/repository/com/sun/jersey/jersey-core/1.19/jersey-core-1.19.jar:/home/user/.m2/repository/javax/ws/rs/jsr311-api/1.1.1/jsr311-api-1.1.1.jar:/home/user/.m2/repository/com/sun/jersey/jersey-server/1.19/jersey-server-1.19.jar:/home/user/.m2/repository/javax/servlet/javax.servlet-api/3.1.0/javax.servlet-api-3.1.0.jar:/home/user/.m2/repository/org/eclipse/jetty/jetty-server/9.3.24.v20180605/jetty-server-9.3.24.v20180605.jar:/home/user/.m2/repository/org/eclipse/jetty/jetty-http/9.3.24.v20180605/jetty-http-9.3.24.v20180605.jar:/home/user/.m2/repository/org/eclipse/jetty/jetty-io/9.3.24.v20180605/jetty-io-9.3.24.v20180605.jar:/home/user/.m2/repository/org/eclipse/jetty/jetty-webapp/9.3.24.v20180605/jetty-webapp-9.3.24.v20180605.jar:/home/user/.m2/repository/org/eclipse/jetty/jetty-xml/9.3.24.v20180605/jetty-xml-9.3.24.v20180605.jar:/home/user/.m2/repository/log4j/log4j/1.2.17/log4j-1.2.17.jar:/home/user/.m2/repository/org/slf4j/slf4j-api/1.7.25/slf4j-api-1.7.25.jar:/home/user/.m2/repository/org/slf4j/jul-to-slf4j/1.7.25/jul-to-slf4j-1.7.25.jar:/home/user/.m2/repository/org/eclipse/jetty/jetty-util/9.3.24.v20180605/jetty-util-9.3.24.v20180605.jar:/home/user/.m2/repository/com/fasterxml/jackson/core/jackson-databind/2.9.5/jackson-databind-2.9.5.jar:/home/user/.m2/repository/org/apache/hadoop/hadoop-kms/3.2.0/hadoop-kms-3.2.0-tests.jar:/home/user/.m2/repository/org/apache/hadoop/hadoop-hdds-server-scm/0.5.0-SNAPSHOT/hadoop-hdds-server-scm-0.5.0-SNAPSHOT-tests.jar:/home/user/.m2/repository/org/apache/hadoop/hadoop-hdds-container-service/0.5.0-SNAPSHOT/hadoop-hdds-container-service-0.5.0-SNAPSHOT-tests.jar:/home/user/.m2/repository/org/yaml/snakeyaml/1.16/snakeyaml-1.16.jar:/home/user/.m2/repository/org/apache/hadoop/hadoop-common/3.2.0/hadoop-common-3.2.0-tests.jar:/home/user/.m2/repository/org/apache/hadoop/hadoop-annotations/3.2.0/hadoop-annotations-3.2.0.jar:/usr/lib/jvm/java-1.8-openjdk/jre/../lib/tools.jar:/home/user/.m2/repository/commons-cli/commons-cli/1.2/commons-cli-1.2.jar:/home/user/.m2/repository/org/apache/httpcomponents/httpclient/4.5.2/httpclient-4.5.2.jar:/home/user/.m2/repository/org/apache/httpcomponents/httpcore/4.4.4/httpcore-4.4.4.jar:/home/user/.m2/repository/commons-codec/commons-codec/1.11/commons-codec-1.11.jar:/home/user/.m2/repository/commons-net/commons-net/3.6/commons-net-3.6.jar:/home/user/.m2/repository/commons-collections/commons-collections/3.2.2/commons-collections-3.2.2.jar:/home/user/.m2/repository/org/eclipse/jetty/jetty-servlet/9.3.24.v20180605/jetty-servlet-9.3.24.v20180605.jar:/home/user/.m2/repository/org/eclipse/jetty/jetty-security/9.3.24.v20180605/jetty-security-9.3.24.v20180605.jar:/home/user/.m2/repository/javax/servlet/jsp/jsp-api/2.1/jsp-api-2.1.jar:/home/user/.m2/repository/com/sun/jersey/jersey-servlet/1.19/jersey-servlet-1.19.jar:/home/user/.m2/repository/com/sun/jersey/jersey-json/1.19/jersey-json-1.19.jar:/home/user/.m2/repository/org/codehaus/jettison/jettison/1.1/jettison-1.1.jar:/home/user/.m2/repository/org/codehaus/jackson/jackson-core-asl/1.9.13/jackson-core-asl-1.9.13.jar:/home/user/.m2/repository/org/codehaus/jackson/jackson-mapper-asl/1.9.13/jackson-mapper-asl-1.9.13.jar:/home/user/.m2/repository/org/codehaus/jackson/jackson-jaxrs/1.9.13/jackson-jaxrs-1.9.13.jar:/home/user/.m2/repository/org/codehaus/jackson/jackson-xc/1.9.13/jackson-xc-1.9.13.jar:/home/user/.m2/repository/commons-logging/commons-logging/1.1.3/commons-logging-1.1.3.jar:/home/user/.m2/repository/commons-beanutils/commons-beanutils/1.9.3/commons-beanutils-1.9.3.jar:/home/user/.m2/repository/org/apache/commons/commons-configuration2/2.1.1/commons-configuration2-2.1.1.jar:/home/user/.m2/repository/org/apache/commons/commons-lang3/3.7/commons-lang3-3.7.jar:/home/user/.m2/repository/org/apache/commons/commons-text/1.4/commons-text-1.4.jar:/home/user/.m2/repository/org/apache/avro/avro/1.7.7/avro-1.7.7.jar:/home/user/.m2/repository/com/thoughtworks/paranamer/paranamer/2.3/paranamer-2.3.jar:/home/user/.m2/repository/org/xerial/snappy/snappy-java/1.0.5/snappy-java-1.0.5.jar:/home/user/.m2/repository/com/google/re2j/re2j/1.1/re2j-1.1.jar:/home/user/.m2/repository/com/google/code/gson/gson/2.2.4/gson-2.2.4.jar:/home/user/.m2/repository/com/jcraft/jsch/0.1.54/jsch-0.1.54.jar:/home/user/.m2/repository/org/apache/curator/curator-client/2.12.0/curator-client-2.12.0.jar:/home/user/.m2/repository/org/apache/curator/curator-recipes/2.12.0/curator-recipes-2.12.0.jar:/home/user/.m2/repository/com/google/code/findbugs/jsr305/3.0.0/jsr305-3.0.0.jar:/home/user/.m2/repository/org/apache/htrace/htrace-core4/4.1.0-incubating/htrace-core4-4.1.0-incubating.jar:/home/user/.m2/repository/org/apache/zookeeper/zookeeper/3.4.13/zookeeper-3.4.13.jar:/home/user/.m2/repository/org/apache/yetus/audience-annotations/0.5.0/audience-annotations-0.5.0.jar:/home/user/.m2/repository/org/codehaus/woodstox/stax2-api/3.1.4/stax2-api-3.1.4.jar:/home/user/.m2/repository/com/fasterxml/woodstox/woodstox-core/5.0.3/woodstox-core-5.0.3.jar:/home/user/.m2/repository/dnsjava/dnsjava/2.1.7/dnsjava-2.1.7.jar:/home/user/.m2/repository/org/apache/hadoop/hadoop-hdfs/3.2.0/hadoop-hdfs-3.2.0-tests.jar:/home/user/.m2/repository/org/eclipse/jetty/jetty-util-ajax/9.3.24.v20180605/jetty-util-ajax-9.3.24.v20180605.jar:/home/user/.m2/repository/commons-daemon/commons-daemon/1.0.13/commons-daemon-1.0.13.jar:/home/user/.m2/repository/io/netty/netty/3.10.5.Final/netty-3.10.5.Final.jar:/home/user/.m2/repository/io/netty/netty-all/4.0.52.Final/netty-all-4.0.52.Final.jar:/home/user/.m2/repository/org/fusesource/leveldbjni/leveldbjni-all/1.8/leveldbjni-all-1.8.jar:"/>
    <property name="sun.cpu.endian" value="little"/>
    <property name="user.home" value="/home/user"/>
    <property name="user.language" value="en"/>
    <property name="java.specification.vendor" value="Oracle Corporation"/>
    <property name="java.home" value="/usr/lib/jvm/java-1.8-openjdk/jre"/>
    <property name="java.security.krb5.conf" value="/workdir/hadoop-ozone/integration-test/target/test-classes/krb5.conf"/>
    <property name="basedir" value="/workdir/hadoop-ozone/integration-test"/>
    <property name="file.separator" value="/"/>
    <property name="line.separator" value="&#10;"/>
    <property name="java.vm.specification.vendor" value="Oracle Corporation"/>
    <property name="java.specification.name" value="Java Platform API Specification"/>
    <property name="java.awt.graphicsenv" value="sun.awt.X11GraphicsEnvironment"/>
    <property name="surefire.real.class.path" value="/workdir/hadoop-ozone/integration-test/target/surefire/surefirebooter5234085414382116393.jar"/>
    <property name="hadoop.log.dir" value="/workdir/hadoop-ozone/integration-test/target/log"/>
    <property name="sun.boot.class.path" value="/usr/lib/jvm/java-1.8-openjdk/jre/lib/resources.jar:/usr/lib/jvm/java-1.8-openjdk/jre/lib/rt.jar:/usr/lib/jvm/java-1.8-openjdk/jre/lib/sunrsasign.jar:/usr/lib/jvm/java-1.8-openjdk/jre/lib/jsse.jar:/usr/lib/jvm/java-1.8-openjdk/jre/lib/jce.jar:/usr/lib/jvm/java-1.8-openjdk/jre/lib/charsets.jar:/usr/lib/jvm/java-1.8-openjdk/jre/lib/jfr.jar:/usr/lib/jvm/java-1.8-openjdk/jre/classes"/>
    <property name="sun.management.compiler" value="HotSpot 64-Bit Tiered Compilers"/>
    <property name="java.runtime.version" value="1.8.0_212-b04"/>
    <property name="java.net.preferIPv4Stack" value="true"/>
    <property name="user.name" value="jenkins1000"/>
    <property name="path.separator" value=":"/>
    <property name="java.security.egd" value="file:///dev/urandom"/>
    <property name="os.version" value="3.10.0-957.12.2.el7.x86_64"/>
    <property name="java.endorsed.dirs" value="/usr/lib/jvm/java-1.8-openjdk/jre/lib/endorsed"/>
    <property name="java.runtime.name" value="OpenJDK Runtime Environment"/>
    <property name="file.encoding" value="UTF-8"/>
    <property name="java.vm.name" value="OpenJDK 64-Bit Server VM"/>
    <property name="test.build.webapps" value=""/>
    <property name="localRepository" value="/home/user/.m2/repository"/>
    <property name="java.vendor.url.bug" value="https://icedtea.classpath.org/bugzilla"/>
    <property name="java.io.tmpdir" value="/tmp"/>
    <property name="require.test.libhadoop" value=""/>
    <property name="java.version" value="1.8.0_212"/>
    <property name="user.dir" value="/workdir/hadoop-ozone/integration-test"/>
    <property name="os.arch" value="amd64"/>
    <property name="java.vm.specification.name" value="Java Virtual Machine Specification"/>
    <property name="test.build.classes" value="/workdir/hadoop-ozone/integration-test/target/test-classes"/>
    <property name="java.awt.printerjob" value="sun.print.PSPrinterJob"/>
    <property name="sun.os.patch.level" value="unknown"/>
    <property name="hadoop.tmp.dir" value="/workdir/hadoop-ozone/integration-test/target/tmp"/>
    <property name="java.library.path" value="/usr/lib/jvm/java-1.8-openjdk/jre/lib/amd64/server:/usr/lib/jvm/java-1.8-openjdk/jre/lib/amd64:/usr/lib/jvm/java-1.8-openjdk/jre/../lib/amd64:/workdir/hadoop-ozone/integration-test/target/native/target/usr/local/lib:/workdir/hadoop-ozone/integration-test/../../hadoop-common-project/hadoop-common/target/native/target/usr/local/lib:/usr/java/packages/lib/amd64:/usr/lib64:/lib64:/lib:/usr/lib"/>
    <property name="java.vm.info" value="mixed mode"/>
    <property name="java.vendor" value="IcedTea"/>
    <property name="java.vm.version" value="25.212-b04"/>
    <property name="java.ext.dirs" value="/usr/lib/jvm/java-1.8-openjdk/jre/lib/ext:/usr/java/packages/lib/ext"/>
    <property name="sun.io.unicode.encoding" value="UnicodeLittle"/>
    <property name="java.class.version" value="52.0"/>
  </properties>
  <testcase name="testWatchForCommitWithKeyWrite" classname="org.apache.hadoop.ozone.client.rpc.TestWatchForCommit" time="64.703"/>
  <testcase name="testWatchForCommitWithSmallerTimeoutValue" classname="org.apache.hadoop.ozone.client.rpc.TestWatchForCommit" time="51.15"/>
  <testcase name="testWatchForCommitForRetryfailure" classname="org.apache.hadoop.ozone.client.rpc.TestWatchForCommit" time="70.954"/>
  <testcase name="testWatchForCommitForGroupMismatchException" classname="org.apache.hadoop.ozone.client.rpc.TestWatchForCommit" time="37.939"/>
  <testcase name="test2WayCommitForTimeoutException" classname="org.apache.hadoop.ozone.client.rpc.TestWatchForCommit" time="29.116">
    <error message="org.apache.ratis.protocol.RaftRetryFailureException: Failed RaftClientRequest:client-A65C28D2DCD9-&gt;34289ccc-0131-4bf2-912a-923085112b8b@group-A8FB78DB4B65, cid=103, seq=1*, RW, org.apache.hadoop.hdds.scm.XceiverClientRatis$$Lambda$455/2080864181@14b731ed for 20 attempts with RetryLimited(maxAttempts=20, sleepTime=1000ms)" type="java.util.concurrent.ExecutionException">java.util.concurrent.ExecutionException: org.apache.ratis.protocol.RaftRetryFailureException: Failed RaftClientRequest:client-A65C28D2DCD9->34289ccc-0131-4bf2-912a-923085112b8b@group-A8FB78DB4B65, cid=103, seq=1*, RW, org.apache.hadoop.hdds.scm.XceiverClientRatis$$Lambda$455/2080864181@14b731ed for 20 attempts with RetryLimited(maxAttempts=20, sleepTime=1000ms)
	at java.util.concurrent.CompletableFuture.reportGet(CompletableFuture.java:357)
	at java.util.concurrent.CompletableFuture.get(CompletableFuture.java:1895)
	at org.apache.hadoop.ozone.client.rpc.TestWatchForCommit.test2WayCommitForTimeoutException(TestWatchForCommit.java:384)
	at sun.reflect.NativeMethodAccessorImpl.invoke0(Native Method)
	at sun.reflect.NativeMethodAccessorImpl.invoke(NativeMethodAccessorImpl.java:62)
	at sun.reflect.DelegatingMethodAccessorImpl.invoke(DelegatingMethodAccessorImpl.java:43)
	at java.lang.reflect.Method.invoke(Method.java:498)
	at org.junit.runners.model.FrameworkMethod$1.runReflectiveCall(FrameworkMethod.java:47)
	at org.junit.internal.runners.model.ReflectiveCallable.run(ReflectiveCallable.java:12)
	at org.junit.runners.model.FrameworkMethod.invokeExplosively(FrameworkMethod.java:44)
	at org.junit.internal.runners.statements.InvokeMethod.evaluate(InvokeMethod.java:17)
	at org.junit.runners.ParentRunner.runLeaf(ParentRunner.java:271)
	at org.junit.runners.BlockJUnit4ClassRunner.runChild(BlockJUnit4ClassRunner.java:70)
	at org.junit.runners.BlockJUnit4ClassRunner.runChild(BlockJUnit4ClassRunner.java:50)
	at org.junit.runners.ParentRunner$3.run(ParentRunner.java:238)
	at org.junit.runners.ParentRunner$1.schedule(ParentRunner.java:63)
	at org.junit.runners.ParentRunner.runChildren(ParentRunner.java:236)
	at org.junit.runners.ParentRunner.access$000(ParentRunner.java:53)
	at org.junit.runners.ParentRunner$2.evaluate(ParentRunner.java:229)
	at org.junit.runners.ParentRunner.run(ParentRunner.java:309)
	at org.apache.maven.surefire.junit4.JUnit4Provider.execute(JUnit4Provider.java:365)
	at org.apache.maven.surefire.junit4.JUnit4Provider.executeWithRerun(JUnit4Provider.java:273)
	at org.apache.maven.surefire.junit4.JUnit4Provider.executeTestSet(JUnit4Provider.java:238)
	at org.apache.maven.surefire.junit4.JUnit4Provider.invoke(JUnit4Provider.java:159)
	at org.apache.maven.surefire.booter.ForkedBooter.invokeProviderInSameClassLoader(ForkedBooter.java:384)
	at org.apache.maven.surefire.booter.ForkedBooter.runSuitesInProcess(ForkedBooter.java:345)
	at org.apache.maven.surefire.booter.ForkedBooter.execute(ForkedBooter.java:126)
	at org.apache.maven.surefire.booter.ForkedBooter.main(ForkedBooter.java:418)
Caused by: org.apache.ratis.protocol.RaftRetryFailureException: Failed RaftClientRequest:client-A65C28D2DCD9->34289ccc-0131-4bf2-912a-923085112b8b@group-A8FB78DB4B65, cid=103, seq=1*, RW, org.apache.hadoop.hdds.scm.XceiverClientRatis$$Lambda$455/2080864181@14b731ed for 20 attempts with RetryLimited(maxAttempts=20, sleepTime=1000ms)
	at org.apache.ratis.client.impl.RaftClientImpl.noMoreRetries(RaftClientImpl.java:272)
	at org.apache.ratis.client.impl.OrderedAsync.handleAsyncRetryFailure(OrderedAsync.java:138)
	at org.apache.ratis.client.impl.OrderedAsync.lambda$sendRequest$10(OrderedAsync.java:230)
	at java.util.concurrent.CompletableFuture.uniExceptionally(CompletableFuture.java:870)
	at java.util.concurrent.CompletableFuture$UniExceptionally.tryFire(CompletableFuture.java:852)
	at java.util.concurrent.CompletableFuture.postComplete(CompletableFuture.java:474)
	at java.util.concurrent.CompletableFuture.completeExceptionally(CompletableFuture.java:1977)
	at org.apache.ratis.grpc.client.GrpcClientProtocolClient$AsyncStreamObservers.completeReplyExceptionally(GrpcClientProtocolClient.java:330)
	at org.apache.ratis.grpc.client.GrpcClientProtocolClient$AsyncStreamObservers.access$000(GrpcClientProtocolClient.java:246)
	at org.apache.ratis.grpc.client.GrpcClientProtocolClient$AsyncStreamObservers$1.onNext(GrpcClientProtocolClient.java:258)
	at org.apache.ratis.grpc.client.GrpcClientProtocolClient$AsyncStreamObservers$1.onNext(GrpcClientProtocolClient.java:249)
	at org.apache.ratis.thirdparty.io.grpc.stub.ClientCalls$StreamObserverToCallListenerAdapter.onMessage(ClientCalls.java:421)
	at org.apache.ratis.thirdparty.io.grpc.ForwardingClientCallListener.onMessage(ForwardingClientCallListener.java:33)
	at org.apache.ratis.thirdparty.io.grpc.ForwardingClientCallListener.onMessage(ForwardingClientCallListener.java:33)
	at org.apache.ratis.thirdparty.io.grpc.internal.ClientCallImpl$ClientStreamListenerImpl$1MessagesAvailable.runInContext(ClientCallImpl.java:519)
	at org.apache.ratis.thirdparty.io.grpc.internal.ContextRunnable.run(ContextRunnable.java:37)
	at org.apache.ratis.thirdparty.io.grpc.internal.SerializingExecutor.run(SerializingExecutor.java:123)
	at java.util.concurrent.ThreadPoolExecutor.runWorker(ThreadPoolExecutor.java:1149)
	at java.util.concurrent.ThreadPoolExecutor$Worker.run(ThreadPoolExecutor.java:624)
	at java.lang.Thread.run(Thread.java:748)
Caused by: org.apache.ratis.protocol.NotLeaderException: Server 34289ccc-0131-4bf2-912a-923085112b8b is not the leader (null). Request must be sent to leader.
	at org.apache.ratis.client.impl.ClientProtoUtils.toRaftClientReply(ClientProtoUtils.java:242)
	at org.apache.ratis.grpc.client.GrpcClientProtocolClient$AsyncStreamObservers$1.onNext(GrpcClientProtocolClient.java:254)
	... 10 more
</error>
    <system-out><![CDATA[2019-08-29 08:20:59,822 [main] WARN  server.ServerUtils (ServerUtils.java:getScmDbDir(145)) - ozone.scm.db.dirs is not configured. We recommend adding this setting. Falling back to ozone.metadata.dirs instead.
2019-08-29 08:20:59,871 [main] WARN  server.ServerUtils (ServerUtils.java:getScmDbDir(145)) - ozone.scm.db.dirs is not configured. We recommend adding this setting. Falling back to ozone.metadata.dirs instead.
2019-08-29 08:20:59,871 [main] WARN  server.ServerUtils (ServerUtils.java:getScmDbDir(145)) - ozone.scm.db.dirs is not configured. We recommend adding this setting. Falling back to ozone.metadata.dirs instead.
2019-08-29 08:20:59,871 [main] INFO  db.DBStoreBuilder (DBStoreBuilder.java:addTable(110)) - using custom profile for table: deletedBlocks
2019-08-29 08:20:59,872 [main] INFO  db.DBStoreBuilder (DBStoreBuilder.java:processTables(161)) - Using default column profile:DBProfile.DISK for Table:deletedBlocks
2019-08-29 08:20:59,872 [main] INFO  db.DBStoreBuilder (DBStoreBuilder.java:addTable(110)) - using custom profile for table: validCerts
2019-08-29 08:20:59,872 [main] INFO  db.DBStoreBuilder (DBStoreBuilder.java:processTables(161)) - Using default column profile:DBProfile.DISK for Table:validCerts
2019-08-29 08:20:59,872 [main] INFO  db.DBStoreBuilder (DBStoreBuilder.java:addTable(110)) - using custom profile for table: revokedCerts
2019-08-29 08:20:59,872 [main] INFO  db.DBStoreBuilder (DBStoreBuilder.java:processTables(161)) - Using default column profile:DBProfile.DISK for Table:revokedCerts
2019-08-29 08:20:59,873 [main] INFO  db.DBStoreBuilder (DBStoreBuilder.java:addTable(110)) - using custom profile for table: default
2019-08-29 08:20:59,873 [main] INFO  db.DBStoreBuilder (DBStoreBuilder.java:processTables(167)) - Using default column profile:DBProfile.DISK for Table:default
2019-08-29 08:20:59,873 [main] INFO  db.DBStoreBuilder (DBStoreBuilder.java:getDbProfile(198)) - Using default options. DBProfile.DISK
2019-08-29 08:21:00,277 [main] INFO  net.NodeSchemaLoader (NodeSchemaLoader.java:loadSchemaFromFile(125)) - Loading file from sun.misc.CompoundEnumeration@273fa9e
2019-08-29 08:21:00,277 [main] INFO  net.NodeSchemaLoader (NodeSchemaLoader.java:loadSchema(171)) - Loading network topology layer schema file
2019-08-29 08:21:00,284 [main] WARN  server.ServerUtils (ServerUtils.java:sanitizeUserArgs(70)) - ozone.scm.stale.node.interval value = 300000 is larger than max = 100000 based on the key value of ozone.scm.heartbeat.thread.interval, reset to the max value 100000.
2019-08-29 08:21:00,284 [main] WARN  server.ServerUtils (ServerUtils.java:sanitizeUserArgs(70)) - ozone.scm.stale.node.interval value = 300000 is larger than max = 100000 based on the key value of ozone.scm.heartbeat.thread.interval, reset to the max value 100000.
2019-08-29 08:21:00,285 [main] INFO  node.SCMNodeManager (SCMNodeManager.java:<init>(121)) - Entering startup safe mode.
2019-08-29 08:21:00,285 [main] INFO  algorithms.ContainerPlacementPolicyFactory (ContainerPlacementPolicyFactory.java:getPolicy(55)) - Create container placement policy of type org.apache.hadoop.hdds.scm.container.placement.algorithms.SCMContainerPlacementRandom
2019-08-29 08:21:00,286 [main] WARN  server.ServerUtils (ServerUtils.java:getScmDbDir(145)) - ozone.scm.db.dirs is not configured. We recommend adding this setting. Falling back to ozone.metadata.dirs instead.
2019-08-29 08:21:02,849 [main] INFO  pipeline.SCMPipelineManager (SCMPipelineManager.java:initializePipelineState(126)) - No pipeline exists in current db
2019-08-29 08:21:02,849 [main] WARN  server.ServerUtils (ServerUtils.java:getScmDbDir(145)) - ozone.scm.db.dirs is not configured. We recommend adding this setting. Falling back to ozone.metadata.dirs instead.
2019-08-29 08:21:03,007 [main] WARN  events.EventQueue (EventQueue.java:fireEvent(175)) - No event handler registered for event TypedEvent{payloadType=SafeModeStatus, name='SafeModeStatus'}
2019-08-29 08:21:03,008 [main] INFO  ipc.CallQueueManager (CallQueueManager.java:<init>(84)) - Using callQueue: class java.util.concurrent.LinkedBlockingQueue, queueCapacity: 2000, scheduler: class org.apache.hadoop.ipc.DefaultRpcScheduler, ipcBackoff: false.
2019-08-29 08:21:03,008 [Socket Reader #1 for port 37107] INFO  ipc.Server (Server.java:run(1074)) - Starting Socket Reader #1 for port 37107
2019-08-29 08:21:03,010 [main] INFO  ipc.CallQueueManager (CallQueueManager.java:<init>(84)) - Using callQueue: class java.util.concurrent.LinkedBlockingQueue, queueCapacity: 2000, scheduler: class org.apache.hadoop.ipc.DefaultRpcScheduler, ipcBackoff: false.
2019-08-29 08:21:03,011 [Socket Reader #1 for port 41279] INFO  ipc.Server (Server.java:run(1074)) - Starting Socket Reader #1 for port 41279
2019-08-29 08:21:03,011 [main] INFO  ipc.CallQueueManager (CallQueueManager.java:<init>(84)) - Using callQueue: class java.util.concurrent.LinkedBlockingQueue, queueCapacity: 2000, scheduler: class org.apache.hadoop.ipc.DefaultRpcScheduler, ipcBackoff: false.
2019-08-29 08:21:03,012 [Socket Reader #1 for port 33811] INFO  ipc.Server (Server.java:run(1074)) - Starting Socket Reader #1 for port 33811
2019-08-29 08:21:03,014 [main] INFO  hdfs.DFSUtil (DFSUtil.java:httpServerTemplateForNNAndJN(1641)) - Starting Web-server for scm at: http://0.0.0.0:0
2019-08-29 08:21:03,016 [main] INFO  server.AuthenticationFilter (AuthenticationFilter.java:constructSecretProvider(240)) - Unable to initialize FileSignerSecretProvider, falling back to use random secrets.
2019-08-29 08:21:03,016 [main] WARN  http.HttpRequestLog (HttpRequestLog.java:getRequestLog(97)) - Jetty request log can only be enabled using Log4j
2019-08-29 08:21:03,018 [main] INFO  http.HttpServer2 (HttpServer2.java:addGlobalFilter(975)) - Added global filter 'safety' (class=org.apache.hadoop.http.HttpServer2$QuotingInputFilter)
2019-08-29 08:21:03,018 [main] INFO  http.HttpServer2 (HttpServer2.java:addFilter(948)) - Added filter static_user_filter (class=org.apache.hadoop.http.lib.StaticUserWebFilter$StaticUserFilter) to context scm
2019-08-29 08:21:03,018 [main] INFO  http.HttpServer2 (HttpServer2.java:addFilter(958)) - Added filter static_user_filter (class=org.apache.hadoop.http.lib.StaticUserWebFilter$StaticUserFilter) to context static
2019-08-29 08:21:03,019 [main] INFO  http.HttpServer2 (HttpServer2.java:addFilter(958)) - Added filter static_user_filter (class=org.apache.hadoop.http.lib.StaticUserWebFilter$StaticUserFilter) to context logs
2019-08-29 08:21:03,020 [main] INFO  server.StorageContainerManager (StorageContainerManager.java:start(759)) - StorageContainerLocationProtocol RPC server is listening at /0.0.0.0:33811
2019-08-29 08:21:03,022 [main] WARN  impl.MetricsConfig (MetricsConfig.java:loadFirst(134)) - Cannot locate configuration: tried hadoop-metrics2-storagecontainermanager.properties,hadoop-metrics2.properties
2019-08-29 08:21:03,023 [main] INFO  impl.MetricsSystemImpl (MetricsSystemImpl.java:startTimer(374)) - Scheduled Metric snapshot period at 10 second(s).
2019-08-29 08:21:03,023 [main] INFO  impl.MetricsSystemImpl (MetricsSystemImpl.java:start(191)) - StorageContainerManager metrics system started
2019-08-29 08:21:03,099 [main] INFO  server.SCMClientProtocolServer (SCMClientProtocolServer.java:start(151)) - RPC server for Client  is listening at /0.0.0.0:33811
2019-08-29 08:21:03,099 [IPC Server Responder] INFO  ipc.Server (Server.java:run(1314)) - IPC Server Responder: starting
2019-08-29 08:21:03,099 [IPC Server listener on 33811] INFO  ipc.Server (Server.java:run(1153)) - IPC Server listener on 33811: starting
2019-08-29 08:21:03,103 [main] INFO  server.StorageContainerManager (StorageContainerManager.java:start(769)) - ScmBlockLocationProtocol RPC server is listening at /0.0.0.0:41279
2019-08-29 08:21:03,104 [main] INFO  server.SCMBlockProtocolServer (SCMBlockProtocolServer.java:start(140)) - RPC server for Block Protocol is listening at /0.0.0.0:41279
2019-08-29 08:21:03,104 [IPC Server Responder] INFO  ipc.Server (Server.java:run(1314)) - IPC Server Responder: starting
2019-08-29 08:21:03,104 [IPC Server listener on 41279] INFO  ipc.Server (Server.java:run(1153)) - IPC Server listener on 41279: starting
2019-08-29 08:21:03,107 [main] INFO  server.StorageContainerManager (StorageContainerManager.java:start(773)) - ScmDatanodeProtocl RPC server is listening at /0.0.0.0:37107
2019-08-29 08:21:03,107 [main] INFO  server.SCMDatanodeProtocolServer (SCMDatanodeProtocolServer.java:start(191)) - RPC server for DataNodes is listening at /0.0.0.0:37107
2019-08-29 08:21:03,108 [IPC Server Responder] INFO  ipc.Server (Server.java:run(1314)) - IPC Server Responder: starting
2019-08-29 08:21:03,108 [IPC Server listener on 37107] INFO  ipc.Server (Server.java:run(1153)) - IPC Server listener on 37107: starting
2019-08-29 08:21:03,111 [main] INFO  http.HttpServer2 (HttpServer2.java:bindListener(1191)) - Jetty bound to port 38786
2019-08-29 08:21:03,111 [main] INFO  server.Server (Server.java:doStart(351)) - jetty-9.3.24.v20180605, build timestamp: 2018-06-05T17:11:56Z, git hash: 84205aa28f11a4f31f2a3b86d1bba2cc8ab69827
2019-08-29 08:21:03,113 [main] INFO  handler.ContextHandler (ContextHandler.java:doStart(781)) - Started o.e.j.s.ServletContextHandler@6b162ecc{/logs,file:///workdir/hadoop-ozone/integration-test/target/log,AVAILABLE}
2019-08-29 08:21:03,113 [main] INFO  handler.ContextHandler (ContextHandler.java:doStart(781)) - Started o.e.j.s.ServletContextHandler@58aa1d72{/static,file:///workdir/hadoop-ozone/integration-test/target/test-classes/webapps/static,AVAILABLE}
2019-08-29 08:21:03,118 [main] INFO  handler.ContextHandler (ContextHandler.java:doStart(781)) - Started o.e.j.w.WebAppContext@8c0a23f{/,file:///workdir/hadoop-ozone/integration-test/target/test-classes/webapps/scm/,AVAILABLE}{/scm}
2019-08-29 08:21:03,118 [main] INFO  server.AbstractConnector (AbstractConnector.java:doStart(278)) - Started ServerConnector@44d7e24{HTTP/1.1,[http/1.1]}{0.0.0.0:38786}
2019-08-29 08:21:03,119 [main] INFO  server.Server (Server.java:doStart(419)) - Started @228430ms
2019-08-29 08:21:03,120 [main] INFO  server.BaseHttpServer (BaseHttpServer.java:updateConnectorAddress(213)) - HTTP server of SCM is listening at http://0.0.0.0:38786
2019-08-29 08:21:03,121 [main] WARN  server.ServerUtils (ServerUtils.java:getDBPath(222)) - ozone.om.db.dirs is not configured. We recommend adding this setting. Falling back to ozone.metadata.dirs instead.
2019-08-29 08:21:03,121 [org.apache.hadoop.util.JvmPauseMonitor$Monitor@1d289d3f] INFO  util.JvmPauseMonitor (JvmPauseMonitor.java:run(188)) - Starting JVM pause monitor
2019-08-29 08:21:03,135 [main] WARN  server.ServerUtils (ServerUtils.java:getDBPath(222)) - ozone.om.db.dirs is not configured. We recommend adding this setting. Falling back to ozone.metadata.dirs instead.
2019-08-29 08:21:03,135 [main] WARN  server.ServerUtils (ServerUtils.java:getDBPath(222)) - ozone.om.db.dirs is not configured. We recommend adding this setting. Falling back to ozone.metadata.dirs instead.
2019-08-29 08:21:03,136 [main] INFO  om.OzoneManager (OzoneManager.java:setOMNodeDetails(645)) - OM Service ID is not set. Setting it to the default ID: omServiceIdDefault
2019-08-29 08:21:03,136 [main] INFO  om.OzoneManager (OzoneManager.java:setOMNodeDetails(651)) - OM Node ID is not set. Setting it to the OmStorage's OmID: 643f38c5-8835-4221-b191-356efcbbe857
2019-08-29 08:21:03,136 [main] INFO  om.OzoneManager (OzoneManager.java:loadOMHAConfigs(602)) - Found matching OM address with OMServiceId: null, OMNodeId: null, RPC Address: localhost:0 and Ratis port: 9872
2019-08-29 08:21:03,146 | INFO  | SCMAudit | user=jenkins1000 | ip=192.168.5.176 | op=GET_SCM_INFO null | ret=SUCCESS |  
2019-08-29 08:21:03,149 [main] WARN  server.ServerUtils (ServerUtils.java:getDBPath(222)) - ozone.om.db.dirs is not configured. We recommend adding this setting. Falling back to ozone.metadata.dirs instead.
2019-08-29 08:21:03,150 [main] INFO  db.DBStoreBuilder (DBStoreBuilder.java:addTable(110)) - using custom profile for table: userTable
2019-08-29 08:21:03,150 [main] INFO  db.DBStoreBuilder (DBStoreBuilder.java:processTables(161)) - Using default column profile:DBProfile.DISK for Table:userTable
2019-08-29 08:21:03,150 [main] INFO  db.DBStoreBuilder (DBStoreBuilder.java:addTable(110)) - using custom profile for table: volumeTable
2019-08-29 08:21:03,150 [main] INFO  db.DBStoreBuilder (DBStoreBuilder.java:processTables(161)) - Using default column profile:DBProfile.DISK for Table:volumeTable
2019-08-29 08:21:03,150 [main] INFO  db.DBStoreBuilder (DBStoreBuilder.java:addTable(110)) - using custom profile for table: bucketTable
2019-08-29 08:21:03,151 [main] INFO  db.DBStoreBuilder (DBStoreBuilder.java:processTables(161)) - Using default column profile:DBProfile.DISK for Table:bucketTable
2019-08-29 08:21:03,151 [main] INFO  db.DBStoreBuilder (DBStoreBuilder.java:addTable(110)) - using custom profile for table: keyTable
2019-08-29 08:21:03,151 [main] INFO  db.DBStoreBuilder (DBStoreBuilder.java:processTables(161)) - Using default column profile:DBProfile.DISK for Table:keyTable
2019-08-29 08:21:03,151 [main] INFO  db.DBStoreBuilder (DBStoreBuilder.java:addTable(110)) - using custom profile for table: deletedTable
2019-08-29 08:21:03,151 [main] INFO  db.DBStoreBuilder (DBStoreBuilder.java:processTables(161)) - Using default column profile:DBProfile.DISK for Table:deletedTable
2019-08-29 08:21:03,151 [main] INFO  db.DBStoreBuilder (DBStoreBuilder.java:addTable(110)) - using custom profile for table: openKeyTable
2019-08-29 08:21:03,152 [main] INFO  db.DBStoreBuilder (DBStoreBuilder.java:processTables(161)) - Using default column profile:DBProfile.DISK for Table:openKeyTable
2019-08-29 08:21:03,152 [main] INFO  db.DBStoreBuilder (DBStoreBuilder.java:addTable(110)) - using custom profile for table: s3Table
2019-08-29 08:21:03,152 [main] INFO  db.DBStoreBuilder (DBStoreBuilder.java:processTables(161)) - Using default column profile:DBProfile.DISK for Table:s3Table
2019-08-29 08:21:03,152 [main] INFO  db.DBStoreBuilder (DBStoreBuilder.java:addTable(110)) - using custom profile for table: multipartInfoTable
2019-08-29 08:21:03,152 [main] INFO  db.DBStoreBuilder (DBStoreBuilder.java:processTables(161)) - Using default column profile:DBProfile.DISK for Table:multipartInfoTable
2019-08-29 08:21:03,152 [main] INFO  db.DBStoreBuilder (DBStoreBuilder.java:addTable(110)) - using custom profile for table: dTokenTable
2019-08-29 08:21:03,153 [main] INFO  db.DBStoreBuilder (DBStoreBuilder.java:processTables(161)) - Using default column profile:DBProfile.DISK for Table:dTokenTable
2019-08-29 08:21:03,153 [main] INFO  db.DBStoreBuilder (DBStoreBuilder.java:addTable(110)) - using custom profile for table: s3SecretTable
2019-08-29 08:21:03,153 [main] INFO  db.DBStoreBuilder (DBStoreBuilder.java:processTables(161)) - Using default column profile:DBProfile.DISK for Table:s3SecretTable
2019-08-29 08:21:03,153 [main] INFO  db.DBStoreBuilder (DBStoreBuilder.java:addTable(110)) - using custom profile for table: prefixTable
2019-08-29 08:21:03,153 [main] INFO  db.DBStoreBuilder (DBStoreBuilder.java:processTables(161)) - Using default column profile:DBProfile.DISK for Table:prefixTable
2019-08-29 08:21:03,153 [main] INFO  db.DBStoreBuilder (DBStoreBuilder.java:addTable(110)) - using custom profile for table: default
2019-08-29 08:21:03,154 [main] INFO  db.DBStoreBuilder (DBStoreBuilder.java:processTables(167)) - Using default column profile:DBProfile.DISK for Table:default
2019-08-29 08:21:03,154 [main] INFO  db.DBStoreBuilder (DBStoreBuilder.java:getDbProfile(198)) - Using default options. DBProfile.DISK
2019-08-29 08:21:04,056 [main] INFO  ipc.CallQueueManager (CallQueueManager.java:<init>(84)) - Using callQueue: class java.util.concurrent.LinkedBlockingQueue, queueCapacity: 2000, scheduler: class org.apache.hadoop.ipc.DefaultRpcScheduler, ipcBackoff: false.
2019-08-29 08:21:04,057 [Socket Reader #1 for port 36999] INFO  ipc.Server (Server.java:run(1074)) - Starting Socket Reader #1 for port 36999
2019-08-29 08:21:04,071 [main] INFO  om.OzoneManager (OzoneManager.java:start(1256)) - OzoneManager RPC server is listening at localhost/127.0.0.1:36999
2019-08-29 08:21:04,071 [main] INFO  impl.MetricsSystemImpl (MetricsSystemImpl.java:init(158)) - OzoneManager metrics system started (again)
2019-08-29 08:21:04,072 [IPC Server Responder] INFO  ipc.Server (Server.java:run(1314)) - IPC Server Responder: starting
2019-08-29 08:21:04,073 [IPC Server listener on 36999] INFO  ipc.Server (Server.java:run(1153)) - IPC Server listener on 36999: starting
2019-08-29 08:21:04,076 [main] INFO  hdfs.DFSUtil (DFSUtil.java:httpServerTemplateForNNAndJN(1641)) - Starting Web-server for ozoneManager at: http://0.0.0.0:0
2019-08-29 08:21:04,078 [main] INFO  server.AuthenticationFilter (AuthenticationFilter.java:constructSecretProvider(240)) - Unable to initialize FileSignerSecretProvider, falling back to use random secrets.
2019-08-29 08:21:04,078 [main] WARN  http.HttpRequestLog (HttpRequestLog.java:getRequestLog(97)) - Jetty request log can only be enabled using Log4j
2019-08-29 08:21:04,080 [main] INFO  http.HttpServer2 (HttpServer2.java:addGlobalFilter(975)) - Added global filter 'safety' (class=org.apache.hadoop.http.HttpServer2$QuotingInputFilter)
2019-08-29 08:21:04,081 [main] INFO  http.HttpServer2 (HttpServer2.java:addFilter(948)) - Added filter static_user_filter (class=org.apache.hadoop.http.lib.StaticUserWebFilter$StaticUserFilter) to context ozoneManager
2019-08-29 08:21:04,081 [main] INFO  http.HttpServer2 (HttpServer2.java:addFilter(958)) - Added filter static_user_filter (class=org.apache.hadoop.http.lib.StaticUserWebFilter$StaticUserFilter) to context static
2019-08-29 08:21:04,082 [main] INFO  http.HttpServer2 (HttpServer2.java:addFilter(958)) - Added filter static_user_filter (class=org.apache.hadoop.http.lib.StaticUserWebFilter$StaticUserFilter) to context logs
2019-08-29 08:21:04,083 [main] INFO  http.HttpServer2 (HttpServer2.java:bindListener(1191)) - Jetty bound to port 45380
2019-08-29 08:21:04,083 [main] INFO  server.Server (Server.java:doStart(351)) - jetty-9.3.24.v20180605, build timestamp: 2018-06-05T17:11:56Z, git hash: 84205aa28f11a4f31f2a3b86d1bba2cc8ab69827
2019-08-29 08:21:04,085 [main] INFO  handler.ContextHandler (ContextHandler.java:doStart(781)) - Started o.e.j.s.ServletContextHandler@49cb3881{/logs,file:///workdir/hadoop-ozone/integration-test/target/log,AVAILABLE}
2019-08-29 08:21:04,085 [main] INFO  handler.ContextHandler (ContextHandler.java:doStart(781)) - Started o.e.j.s.ServletContextHandler@284bdeed{/static,file:///workdir/hadoop-ozone/integration-test/target/test-classes/webapps/static,AVAILABLE}
2019-08-29 08:21:04,091 [main] INFO  handler.ContextHandler (ContextHandler.java:doStart(781)) - Started o.e.j.w.WebAppContext@6bce313{/,file:///workdir/hadoop-ozone/integration-test/target/test-classes/webapps/ozoneManager/,AVAILABLE}{/ozoneManager}
2019-08-29 08:21:04,091 [main] INFO  server.AbstractConnector (AbstractConnector.java:doStart(278)) - Started ServerConnector@39266403{HTTP/1.1,[http/1.1]}{0.0.0.0:45380}
2019-08-29 08:21:04,092 [main] INFO  server.Server (Server.java:doStart(419)) - Started @229403ms
2019-08-29 08:21:04,093 [main] INFO  server.BaseHttpServer (BaseHttpServer.java:updateConnectorAddress(213)) - HTTP server of OZONEMANAGER is listening at http://0.0.0.0:45380
2019-08-29 08:21:04,105 [main] INFO  impl.MetricsSystemImpl (MetricsSystemImpl.java:init(158)) - HddsDatanode metrics system started (again)
2019-08-29 08:21:04,108 [main] INFO  ozone.HddsDatanodeService (HddsDatanodeService.java:start(184)) - HddsDatanodeService host:pr-hdds-1909-44d2n-1519487446 ip:192.168.5.176
2019-08-29 08:21:04,117 [main] INFO  volume.HddsVolume (HddsVolume.java:<init>(176)) - Creating Volume: /workdir/hadoop-ozone/integration-test/target/test-dir/MiniOzoneClusterImpl-841c1828-71e0-4d26-8272-ed449a575e8e/datanode-0/data/containers/hdds of  storage type : DISK and capacity : 1482555576320
2019-08-29 08:21:04,117 [main] INFO  volume.VolumeSet (VolumeSet.java:initializeVolumeSet(170)) - Added Volume : /workdir/hadoop-ozone/integration-test/target/test-dir/MiniOzoneClusterImpl-841c1828-71e0-4d26-8272-ed449a575e8e/datanode-0/data/containers/hdds to VolumeSet
2019-08-29 08:21:04,117 [main] INFO  volume.ThrottledAsyncChecker (ThrottledAsyncChecker.java:schedule(140)) - Scheduling a check for org.apache.hadoop.ozone.container.common.volume.HddsVolume@2c9d90fc
2019-08-29 08:21:04,118 [main] INFO  volume.HddsVolumeChecker (HddsVolumeChecker.java:checkAllVolumes(203)) - Scheduled health check for volume org.apache.hadoop.ozone.container.common.volume.HddsVolume@2c9d90fc
2019-08-29 08:21:04,130 [main] INFO  impl.RaftServerProxy (ConfUtils.java:logGet(43)) - raft.rpc.type = GRPC (default)
2019-08-29 08:21:04,130 [main] INFO  grpc.GrpcFactory (GrpcFactory.java:checkPooledByteBufAllocatorUseCacheForAllThreads(45)) - PERFORMANCE WARNING: useCacheForAllThreads is true that may cause Netty to create a lot garbage objects and, as a result, trigger GC.
	It is recommended to disable useCacheForAllThreads by setting -Dorg.apache.ratis.thirdparty.io.netty.allocator.useCacheForAllThreads=false in command line.
2019-08-29 08:21:04,130 [main] INFO  grpc.GrpcConfigKeys$Server (ConfUtils.java:logGet(43)) - raft.grpc.server.port = 0 (default)
2019-08-29 08:21:04,131 [main] INFO  server.GrpcService (ConfUtils.java:logGet(43)) - raft.grpc.message.size.max = 33570816 (custom)
2019-08-29 08:21:04,131 [main] INFO  server.RaftServerConfigKeys (ConfUtils.java:logGet(43)) - raft.server.log.appender.buffer.byte-limit = 33554432 (custom)
2019-08-29 08:21:04,131 [main] INFO  server.GrpcService (ConfUtils.java:logGet(43)) - raft.grpc.flow.control.window = 1MB (=1048576) (default)
2019-08-29 08:21:04,131 [main] INFO  server.RaftServerConfigKeys (ConfUtils.java:logGet(43)) - raft.server.rpc.request.timeout = 3000ms (default)
2019-08-29 08:21:04,132 [main] INFO  server.RaftServerConfigKeys (ConfUtils.java:logGet(43)) - raft.server.storage.dir = [/workdir/hadoop-ozone/integration-test/target/test-dir/MiniOzoneClusterImpl-841c1828-71e0-4d26-8272-ed449a575e8e/datanode-0/data/ratis] (custom)
2019-08-29 08:21:04,133 [main] INFO  hdfs.DFSUtil (DFSUtil.java:httpServerTemplateForNNAndJN(1641)) - Starting Web-server for hddsDatanode at: http://0.0.0.0:0
2019-08-29 08:21:04,134 [main] INFO  server.AuthenticationFilter (AuthenticationFilter.java:constructSecretProvider(240)) - Unable to initialize FileSignerSecretProvider, falling back to use random secrets.
2019-08-29 08:21:04,135 [main] WARN  http.HttpRequestLog (HttpRequestLog.java:getRequestLog(97)) - Jetty request log can only be enabled using Log4j
2019-08-29 08:21:04,136 [main] INFO  http.HttpServer2 (HttpServer2.java:addGlobalFilter(975)) - Added global filter 'safety' (class=org.apache.hadoop.http.HttpServer2$QuotingInputFilter)
2019-08-29 08:21:04,136 [main] INFO  http.HttpServer2 (HttpServer2.java:addFilter(948)) - Added filter static_user_filter (class=org.apache.hadoop.http.lib.StaticUserWebFilter$StaticUserFilter) to context hddsDatanode
2019-08-29 08:21:04,136 [main] INFO  http.HttpServer2 (HttpServer2.java:addFilter(958)) - Added filter static_user_filter (class=org.apache.hadoop.http.lib.StaticUserWebFilter$StaticUserFilter) to context static
2019-08-29 08:21:04,137 [main] INFO  http.HttpServer2 (HttpServer2.java:addFilter(958)) - Added filter static_user_filter (class=org.apache.hadoop.http.lib.StaticUserWebFilter$StaticUserFilter) to context logs
2019-08-29 08:21:04,137 [main] INFO  http.HttpServer2 (HttpServer2.java:bindListener(1191)) - Jetty bound to port 42345
2019-08-29 08:21:04,137 [main] INFO  server.Server (Server.java:doStart(351)) - jetty-9.3.24.v20180605, build timestamp: 2018-06-05T17:11:56Z, git hash: 84205aa28f11a4f31f2a3b86d1bba2cc8ab69827
2019-08-29 08:21:04,138 [main] INFO  handler.ContextHandler (ContextHandler.java:doStart(781)) - Started o.e.j.s.ServletContextHandler@6d5f4900{/logs,file:///workdir/hadoop-ozone/integration-test/target/log,AVAILABLE}
2019-08-29 08:21:04,139 [main] INFO  handler.ContextHandler (ContextHandler.java:doStart(781)) - Started o.e.j.s.ServletContextHandler@1b560eb0{/static,jar:file:/home/user/.m2/repository/org/apache/hadoop/hadoop-hdds-container-service/0.5.0-SNAPSHOT/hadoop-hdds-container-service-0.5.0-SNAPSHOT.jar!/webapps/static,AVAILABLE}
2019-08-29 08:21:04,166 [main] INFO  handler.ContextHandler (ContextHandler.java:doStart(781)) - Started o.e.j.w.WebAppContext@1118d539{/,file:///tmp/jetty-0.0.0.0-42345-hddsDatanode-_-any-2612050480146342888.dir/webapp/,AVAILABLE}{/hddsDatanode}
2019-08-29 08:21:04,166 [main] INFO  server.AbstractConnector (AbstractConnector.java:doStart(278)) - Started ServerConnector@601d6622{HTTP/1.1,[http/1.1]}{0.0.0.0:42345}
2019-08-29 08:21:04,168 [main] INFO  server.Server (Server.java:doStart(419)) - Started @229478ms
2019-08-29 08:21:04,168 [main] INFO  server.BaseHttpServer (BaseHttpServer.java:updateConnectorAddress(213)) - HTTP server of HDDSDATANODE is listening at http://0.0.0.0:42345
2019-08-29 08:21:04,169 [main] INFO  impl.MetricsSystemImpl (MetricsSystemImpl.java:init(158)) - HddsDatanode metrics system started (again)
2019-08-29 08:21:04,171 [org.apache.hadoop.util.JvmPauseMonitor$Monitor@306d43d4] INFO  util.JvmPauseMonitor (JvmPauseMonitor.java:run(188)) - Starting JVM pause monitor
2019-08-29 08:21:04,171 [main] INFO  ozone.HddsDatanodeService (HddsDatanodeService.java:start(184)) - HddsDatanodeService host:pr-hdds-1909-44d2n-1519487446 ip:192.168.5.176
2019-08-29 08:21:04,173 [Datanode State Machine Thread - 0] INFO  datanode.InitDatanodeState (InitDatanodeState.java:persistContainerDatanodeDetails(140)) - DatanodeDetails is persisted to /workdir/hadoop-ozone/integration-test/target/test-dir/MiniOzoneClusterImpl-841c1828-71e0-4d26-8272-ed449a575e8e/datanode-0/meta/datanode.id
2019-08-29 08:21:04,177 [main] INFO  volume.HddsVolume (HddsVolume.java:<init>(176)) - Creating Volume: /workdir/hadoop-ozone/integration-test/target/test-dir/MiniOzoneClusterImpl-841c1828-71e0-4d26-8272-ed449a575e8e/datanode-1/data/containers/hdds of  storage type : DISK and capacity : 1482555576320
2019-08-29 08:21:04,177 [main] INFO  volume.VolumeSet (VolumeSet.java:initializeVolumeSet(170)) - Added Volume : /workdir/hadoop-ozone/integration-test/target/test-dir/MiniOzoneClusterImpl-841c1828-71e0-4d26-8272-ed449a575e8e/datanode-1/data/containers/hdds to VolumeSet
2019-08-29 08:21:04,177 [main] INFO  volume.ThrottledAsyncChecker (ThrottledAsyncChecker.java:schedule(140)) - Scheduling a check for org.apache.hadoop.ozone.container.common.volume.HddsVolume@1f916219
2019-08-29 08:21:04,178 [main] INFO  volume.HddsVolumeChecker (HddsVolumeChecker.java:checkAllVolumes(203)) - Scheduled health check for volume org.apache.hadoop.ozone.container.common.volume.HddsVolume@1f916219
2019-08-29 08:21:04,190 [main] INFO  impl.RaftServerProxy (ConfUtils.java:logGet(43)) - raft.rpc.type = GRPC (default)
2019-08-29 08:21:04,190 [main] INFO  grpc.GrpcFactory (GrpcFactory.java:checkPooledByteBufAllocatorUseCacheForAllThreads(45)) - PERFORMANCE WARNING: useCacheForAllThreads is true that may cause Netty to create a lot garbage objects and, as a result, trigger GC.
	It is recommended to disable useCacheForAllThreads by setting -Dorg.apache.ratis.thirdparty.io.netty.allocator.useCacheForAllThreads=false in command line.
2019-08-29 08:21:04,191 [main] INFO  grpc.GrpcConfigKeys$Server (ConfUtils.java:logGet(43)) - raft.grpc.server.port = 0 (default)
2019-08-29 08:21:04,191 [main] INFO  server.GrpcService (ConfUtils.java:logGet(43)) - raft.grpc.message.size.max = 33570816 (custom)
2019-08-29 08:21:04,191 [main] INFO  server.RaftServerConfigKeys (ConfUtils.java:logGet(43)) - raft.server.log.appender.buffer.byte-limit = 33554432 (custom)
2019-08-29 08:21:04,191 [main] INFO  server.GrpcService (ConfUtils.java:logGet(43)) - raft.grpc.flow.control.window = 1MB (=1048576) (default)
2019-08-29 08:21:04,191 [main] INFO  server.RaftServerConfigKeys (ConfUtils.java:logGet(43)) - raft.server.rpc.request.timeout = 3000ms (default)
2019-08-29 08:21:04,192 [main] INFO  server.RaftServerConfigKeys (ConfUtils.java:logGet(43)) - raft.server.storage.dir = [/workdir/hadoop-ozone/integration-test/target/test-dir/MiniOzoneClusterImpl-841c1828-71e0-4d26-8272-ed449a575e8e/datanode-1/data/ratis] (custom)
2019-08-29 08:21:04,193 [main] INFO  hdfs.DFSUtil (DFSUtil.java:httpServerTemplateForNNAndJN(1641)) - Starting Web-server for hddsDatanode at: http://0.0.0.0:0
2019-08-29 08:21:04,194 [main] INFO  server.AuthenticationFilter (AuthenticationFilter.java:constructSecretProvider(240)) - Unable to initialize FileSignerSecretProvider, falling back to use random secrets.
2019-08-29 08:21:04,194 [main] WARN  http.HttpRequestLog (HttpRequestLog.java:getRequestLog(97)) - Jetty request log can only be enabled using Log4j
2019-08-29 08:21:04,195 [main] INFO  http.HttpServer2 (HttpServer2.java:addGlobalFilter(975)) - Added global filter 'safety' (class=org.apache.hadoop.http.HttpServer2$QuotingInputFilter)
2019-08-29 08:21:04,196 [main] INFO  http.HttpServer2 (HttpServer2.java:addFilter(948)) - Added filter static_user_filter (class=org.apache.hadoop.http.lib.StaticUserWebFilter$StaticUserFilter) to context hddsDatanode
2019-08-29 08:21:04,196 [main] INFO  http.HttpServer2 (HttpServer2.java:addFilter(958)) - Added filter static_user_filter (class=org.apache.hadoop.http.lib.StaticUserWebFilter$StaticUserFilter) to context static
2019-08-29 08:21:04,196 [main] INFO  http.HttpServer2 (HttpServer2.java:addFilter(958)) - Added filter static_user_filter (class=org.apache.hadoop.http.lib.StaticUserWebFilter$StaticUserFilter) to context logs
2019-08-29 08:21:04,197 [main] INFO  http.HttpServer2 (HttpServer2.java:bindListener(1191)) - Jetty bound to port 34040
2019-08-29 08:21:04,197 [main] INFO  server.Server (Server.java:doStart(351)) - jetty-9.3.24.v20180605, build timestamp: 2018-06-05T17:11:56Z, git hash: 84205aa28f11a4f31f2a3b86d1bba2cc8ab69827
2019-08-29 08:21:04,199 [main] INFO  handler.ContextHandler (ContextHandler.java:doStart(781)) - Started o.e.j.s.ServletContextHandler@5968800d{/logs,file:///workdir/hadoop-ozone/integration-test/target/log,AVAILABLE}
2019-08-29 08:21:04,199 [main] INFO  handler.ContextHandler (ContextHandler.java:doStart(781)) - Started o.e.j.s.ServletContextHandler@b1b471{/static,jar:file:/home/user/.m2/repository/org/apache/hadoop/hadoop-hdds-container-service/0.5.0-SNAPSHOT/hadoop-hdds-container-service-0.5.0-SNAPSHOT.jar!/webapps/static,AVAILABLE}
2019-08-29 08:21:04,226 [main] INFO  handler.ContextHandler (ContextHandler.java:doStart(781)) - Started o.e.j.w.WebAppContext@463afa6e{/,file:///tmp/jetty-0.0.0.0-34040-hddsDatanode-_-any-7331453562640831521.dir/webapp/,AVAILABLE}{/hddsDatanode}
2019-08-29 08:21:04,227 [main] INFO  server.AbstractConnector (AbstractConnector.java:doStart(278)) - Started ServerConnector@7b96de8d{HTTP/1.1,[http/1.1]}{0.0.0.0:34040}
2019-08-29 08:21:04,228 [main] INFO  server.Server (Server.java:doStart(419)) - Started @229539ms
2019-08-29 08:21:04,229 [main] INFO  server.BaseHttpServer (BaseHttpServer.java:updateConnectorAddress(213)) - HTTP server of HDDSDATANODE is listening at http://0.0.0.0:34040
2019-08-29 08:21:04,229 [main] INFO  impl.MetricsSystemImpl (MetricsSystemImpl.java:init(158)) - HddsDatanode metrics system started (again)
2019-08-29 08:21:04,231 [org.apache.hadoop.util.JvmPauseMonitor$Monitor@2015386c] INFO  util.JvmPauseMonitor (JvmPauseMonitor.java:run(188)) - Starting JVM pause monitor
2019-08-29 08:21:04,232 [main] INFO  ozone.HddsDatanodeService (HddsDatanodeService.java:start(184)) - HddsDatanodeService host:pr-hdds-1909-44d2n-1519487446 ip:192.168.5.176
2019-08-29 08:21:04,232 [Datanode State Machine Thread - 0] INFO  datanode.InitDatanodeState (InitDatanodeState.java:persistContainerDatanodeDetails(140)) - DatanodeDetails is persisted to /workdir/hadoop-ozone/integration-test/target/test-dir/MiniOzoneClusterImpl-841c1828-71e0-4d26-8272-ed449a575e8e/datanode-1/meta/datanode.id
2019-08-29 08:21:04,238 [main] INFO  volume.HddsVolume (HddsVolume.java:<init>(176)) - Creating Volume: /workdir/hadoop-ozone/integration-test/target/test-dir/MiniOzoneClusterImpl-841c1828-71e0-4d26-8272-ed449a575e8e/datanode-2/data/containers/hdds of  storage type : DISK and capacity : 1482555576320
2019-08-29 08:21:04,238 [main] INFO  volume.VolumeSet (VolumeSet.java:initializeVolumeSet(170)) - Added Volume : /workdir/hadoop-ozone/integration-test/target/test-dir/MiniOzoneClusterImpl-841c1828-71e0-4d26-8272-ed449a575e8e/datanode-2/data/containers/hdds to VolumeSet
2019-08-29 08:21:04,238 [main] INFO  volume.ThrottledAsyncChecker (ThrottledAsyncChecker.java:schedule(140)) - Scheduling a check for org.apache.hadoop.ozone.container.common.volume.HddsVolume@5fef0c19
2019-08-29 08:21:04,239 [main] INFO  volume.HddsVolumeChecker (HddsVolumeChecker.java:checkAllVolumes(203)) - Scheduled health check for volume org.apache.hadoop.ozone.container.common.volume.HddsVolume@5fef0c19
2019-08-29 08:21:04,255 [main] INFO  impl.RaftServerProxy (ConfUtils.java:logGet(43)) - raft.rpc.type = GRPC (default)
2019-08-29 08:21:04,255 [main] INFO  grpc.GrpcFactory (GrpcFactory.java:checkPooledByteBufAllocatorUseCacheForAllThreads(45)) - PERFORMANCE WARNING: useCacheForAllThreads is true that may cause Netty to create a lot garbage objects and, as a result, trigger GC.
	It is recommended to disable useCacheForAllThreads by setting -Dorg.apache.ratis.thirdparty.io.netty.allocator.useCacheForAllThreads=false in command line.
2019-08-29 08:21:04,255 [main] INFO  grpc.GrpcConfigKeys$Server (ConfUtils.java:logGet(43)) - raft.grpc.server.port = 0 (default)
2019-08-29 08:21:04,256 [main] INFO  server.GrpcService (ConfUtils.java:logGet(43)) - raft.grpc.message.size.max = 33570816 (custom)
2019-08-29 08:21:04,256 [main] INFO  server.RaftServerConfigKeys (ConfUtils.java:logGet(43)) - raft.server.log.appender.buffer.byte-limit = 33554432 (custom)
2019-08-29 08:21:04,256 [main] INFO  server.GrpcService (ConfUtils.java:logGet(43)) - raft.grpc.flow.control.window = 1MB (=1048576) (default)
2019-08-29 08:21:04,257 [main] INFO  server.RaftServerConfigKeys (ConfUtils.java:logGet(43)) - raft.server.rpc.request.timeout = 3000ms (default)
2019-08-29 08:21:04,257 [main] INFO  server.RaftServerConfigKeys (ConfUtils.java:logGet(43)) - raft.server.storage.dir = [/workdir/hadoop-ozone/integration-test/target/test-dir/MiniOzoneClusterImpl-841c1828-71e0-4d26-8272-ed449a575e8e/datanode-2/data/ratis] (custom)
2019-08-29 08:21:04,259 [main] INFO  hdfs.DFSUtil (DFSUtil.java:httpServerTemplateForNNAndJN(1641)) - Starting Web-server for hddsDatanode at: http://0.0.0.0:0
2019-08-29 08:21:04,260 [main] INFO  server.AuthenticationFilter (AuthenticationFilter.java:constructSecretProvider(240)) - Unable to initialize FileSignerSecretProvider, falling back to use random secrets.
2019-08-29 08:21:04,261 [main] WARN  http.HttpRequestLog (HttpRequestLog.java:getRequestLog(97)) - Jetty request log can only be enabled using Log4j
2019-08-29 08:21:04,262 [main] INFO  http.HttpServer2 (HttpServer2.java:addGlobalFilter(975)) - Added global filter 'safety' (class=org.apache.hadoop.http.HttpServer2$QuotingInputFilter)
2019-08-29 08:21:04,263 [main] INFO  http.HttpServer2 (HttpServer2.java:addFilter(948)) - Added filter static_user_filter (class=org.apache.hadoop.http.lib.StaticUserWebFilter$StaticUserFilter) to context hddsDatanode
2019-08-29 08:21:04,263 [main] INFO  http.HttpServer2 (HttpServer2.java:addFilter(958)) - Added filter static_user_filter (class=org.apache.hadoop.http.lib.StaticUserWebFilter$StaticUserFilter) to context logs
2019-08-29 08:21:04,263 [main] INFO  http.HttpServer2 (HttpServer2.java:addFilter(958)) - Added filter static_user_filter (class=org.apache.hadoop.http.lib.StaticUserWebFilter$StaticUserFilter) to context static
2019-08-29 08:21:04,264 [main] INFO  http.HttpServer2 (HttpServer2.java:bindListener(1191)) - Jetty bound to port 44835
2019-08-29 08:21:04,264 [main] INFO  server.Server (Server.java:doStart(351)) - jetty-9.3.24.v20180605, build timestamp: 2018-06-05T17:11:56Z, git hash: 84205aa28f11a4f31f2a3b86d1bba2cc8ab69827
2019-08-29 08:21:04,265 [main] INFO  handler.ContextHandler (ContextHandler.java:doStart(781)) - Started o.e.j.s.ServletContextHandler@de77146{/logs,file:///workdir/hadoop-ozone/integration-test/target/log,AVAILABLE}
2019-08-29 08:21:04,266 [main] INFO  handler.ContextHandler (ContextHandler.java:doStart(781)) - Started o.e.j.s.ServletContextHandler@5cfed0ba{/static,jar:file:/home/user/.m2/repository/org/apache/hadoop/hadoop-hdds-container-service/0.5.0-SNAPSHOT/hadoop-hdds-container-service-0.5.0-SNAPSHOT.jar!/webapps/static,AVAILABLE}
2019-08-29 08:21:04,295 [main] INFO  handler.ContextHandler (ContextHandler.java:doStart(781)) - Started o.e.j.w.WebAppContext@6de43bc1{/,file:///tmp/jetty-0.0.0.0-44835-hddsDatanode-_-any-4629207722440300988.dir/webapp/,AVAILABLE}{/hddsDatanode}
2019-08-29 08:21:04,296 [main] INFO  server.AbstractConnector (AbstractConnector.java:doStart(278)) - Started ServerConnector@27a9f025{HTTP/1.1,[http/1.1]}{0.0.0.0:44835}
2019-08-29 08:21:04,297 [main] INFO  server.Server (Server.java:doStart(419)) - Started @229608ms
2019-08-29 08:21:04,298 [main] INFO  server.BaseHttpServer (BaseHttpServer.java:updateConnectorAddress(213)) - HTTP server of HDDSDATANODE is listening at http://0.0.0.0:44835
2019-08-29 08:21:04,298 [main] INFO  impl.MetricsSystemImpl (MetricsSystemImpl.java:init(158)) - HddsDatanode metrics system started (again)
2019-08-29 08:21:04,301 [org.apache.hadoop.util.JvmPauseMonitor$Monitor@3f6bad66] INFO  util.JvmPauseMonitor (JvmPauseMonitor.java:run(188)) - Starting JVM pause monitor
2019-08-29 08:21:04,301 [main] INFO  ozone.HddsDatanodeService (HddsDatanodeService.java:start(184)) - HddsDatanodeService host:pr-hdds-1909-44d2n-1519487446 ip:192.168.5.176
2019-08-29 08:21:04,302 [Datanode State Machine Thread - 0] INFO  datanode.InitDatanodeState (InitDatanodeState.java:persistContainerDatanodeDetails(140)) - DatanodeDetails is persisted to /workdir/hadoop-ozone/integration-test/target/test-dir/MiniOzoneClusterImpl-841c1828-71e0-4d26-8272-ed449a575e8e/datanode-2/meta/datanode.id
2019-08-29 08:21:04,306 [main] INFO  volume.HddsVolume (HddsVolume.java:<init>(176)) - Creating Volume: /workdir/hadoop-ozone/integration-test/target/test-dir/MiniOzoneClusterImpl-841c1828-71e0-4d26-8272-ed449a575e8e/datanode-3/data/containers/hdds of  storage type : DISK and capacity : 1482555576320
2019-08-29 08:21:04,306 [main] INFO  volume.VolumeSet (VolumeSet.java:initializeVolumeSet(170)) - Added Volume : /workdir/hadoop-ozone/integration-test/target/test-dir/MiniOzoneClusterImpl-841c1828-71e0-4d26-8272-ed449a575e8e/datanode-3/data/containers/hdds to VolumeSet
2019-08-29 08:21:04,306 [main] INFO  volume.ThrottledAsyncChecker (ThrottledAsyncChecker.java:schedule(140)) - Scheduling a check for org.apache.hadoop.ozone.container.common.volume.HddsVolume@20349058
2019-08-29 08:21:04,307 [main] INFO  volume.HddsVolumeChecker (HddsVolumeChecker.java:checkAllVolumes(203)) - Scheduled health check for volume org.apache.hadoop.ozone.container.common.volume.HddsVolume@20349058
2019-08-29 08:21:04,326 [main] INFO  impl.RaftServerProxy (ConfUtils.java:logGet(43)) - raft.rpc.type = GRPC (default)
2019-08-29 08:21:04,326 [main] INFO  grpc.GrpcFactory (GrpcFactory.java:checkPooledByteBufAllocatorUseCacheForAllThreads(45)) - PERFORMANCE WARNING: useCacheForAllThreads is true that may cause Netty to create a lot garbage objects and, as a result, trigger GC.
	It is recommended to disable useCacheForAllThreads by setting -Dorg.apache.ratis.thirdparty.io.netty.allocator.useCacheForAllThreads=false in command line.
2019-08-29 08:21:04,326 [main] INFO  grpc.GrpcConfigKeys$Server (ConfUtils.java:logGet(43)) - raft.grpc.server.port = 0 (default)
2019-08-29 08:21:04,327 [main] INFO  server.GrpcService (ConfUtils.java:logGet(43)) - raft.grpc.message.size.max = 33570816 (custom)
2019-08-29 08:21:04,327 [main] INFO  server.RaftServerConfigKeys (ConfUtils.java:logGet(43)) - raft.server.log.appender.buffer.byte-limit = 33554432 (custom)
2019-08-29 08:21:04,327 [main] INFO  server.GrpcService (ConfUtils.java:logGet(43)) - raft.grpc.flow.control.window = 1MB (=1048576) (default)
2019-08-29 08:21:04,327 [main] INFO  server.RaftServerConfigKeys (ConfUtils.java:logGet(43)) - raft.server.rpc.request.timeout = 3000ms (default)
2019-08-29 08:21:04,328 [main] INFO  server.RaftServerConfigKeys (ConfUtils.java:logGet(43)) - raft.server.storage.dir = [/workdir/hadoop-ozone/integration-test/target/test-dir/MiniOzoneClusterImpl-841c1828-71e0-4d26-8272-ed449a575e8e/datanode-3/data/ratis] (custom)
2019-08-29 08:21:04,329 [main] INFO  hdfs.DFSUtil (DFSUtil.java:httpServerTemplateForNNAndJN(1641)) - Starting Web-server for hddsDatanode at: http://0.0.0.0:0
2019-08-29 08:21:04,331 [main] INFO  server.AuthenticationFilter (AuthenticationFilter.java:constructSecretProvider(240)) - Unable to initialize FileSignerSecretProvider, falling back to use random secrets.
2019-08-29 08:21:04,332 [main] WARN  http.HttpRequestLog (HttpRequestLog.java:getRequestLog(97)) - Jetty request log can only be enabled using Log4j
2019-08-29 08:21:04,333 [main] INFO  http.HttpServer2 (HttpServer2.java:addGlobalFilter(975)) - Added global filter 'safety' (class=org.apache.hadoop.http.HttpServer2$QuotingInputFilter)
2019-08-29 08:21:04,334 [main] INFO  http.HttpServer2 (HttpServer2.java:addFilter(948)) - Added filter static_user_filter (class=org.apache.hadoop.http.lib.StaticUserWebFilter$StaticUserFilter) to context hddsDatanode
2019-08-29 08:21:04,334 [main] INFO  http.HttpServer2 (HttpServer2.java:addFilter(958)) - Added filter static_user_filter (class=org.apache.hadoop.http.lib.StaticUserWebFilter$StaticUserFilter) to context static
2019-08-29 08:21:04,334 [main] INFO  http.HttpServer2 (HttpServer2.java:addFilter(958)) - Added filter static_user_filter (class=org.apache.hadoop.http.lib.StaticUserWebFilter$StaticUserFilter) to context logs
2019-08-29 08:21:04,335 [main] INFO  http.HttpServer2 (HttpServer2.java:bindListener(1191)) - Jetty bound to port 35020
2019-08-29 08:21:04,335 [main] INFO  server.Server (Server.java:doStart(351)) - jetty-9.3.24.v20180605, build timestamp: 2018-06-05T17:11:56Z, git hash: 84205aa28f11a4f31f2a3b86d1bba2cc8ab69827
2019-08-29 08:21:04,337 [main] INFO  handler.ContextHandler (ContextHandler.java:doStart(781)) - Started o.e.j.s.ServletContextHandler@8641b7d{/logs,file:///workdir/hadoop-ozone/integration-test/target/log,AVAILABLE}
2019-08-29 08:21:04,337 [main] INFO  handler.ContextHandler (ContextHandler.java:doStart(781)) - Started o.e.j.s.ServletContextHandler@3fb450d7{/static,jar:file:/home/user/.m2/repository/org/apache/hadoop/hadoop-hdds-container-service/0.5.0-SNAPSHOT/hadoop-hdds-container-service-0.5.0-SNAPSHOT.jar!/webapps/static,AVAILABLE}
2019-08-29 08:21:04,365 [main] INFO  handler.ContextHandler (ContextHandler.java:doStart(781)) - Started o.e.j.w.WebAppContext@5785e813{/,file:///tmp/jetty-0.0.0.0-35020-hddsDatanode-_-any-3050399370668510849.dir/webapp/,AVAILABLE}{/hddsDatanode}
2019-08-29 08:21:04,366 [main] INFO  server.AbstractConnector (AbstractConnector.java:doStart(278)) - Started ServerConnector@10b8b900{HTTP/1.1,[http/1.1]}{0.0.0.0:35020}
2019-08-29 08:21:04,369 [main] INFO  server.Server (Server.java:doStart(419)) - Started @229679ms
2019-08-29 08:21:04,369 [main] INFO  server.BaseHttpServer (BaseHttpServer.java:updateConnectorAddress(213)) - HTTP server of HDDSDATANODE is listening at http://0.0.0.0:35020
2019-08-29 08:21:04,370 [main] INFO  impl.MetricsSystemImpl (MetricsSystemImpl.java:init(158)) - HddsDatanode metrics system started (again)
2019-08-29 08:21:04,374 [org.apache.hadoop.util.JvmPauseMonitor$Monitor@575ae906] INFO  util.JvmPauseMonitor (JvmPauseMonitor.java:run(188)) - Starting JVM pause monitor
2019-08-29 08:21:04,374 [main] INFO  ozone.HddsDatanodeService (HddsDatanodeService.java:start(184)) - HddsDatanodeService host:pr-hdds-1909-44d2n-1519487446 ip:192.168.5.176
2019-08-29 08:21:04,375 [Datanode State Machine Thread - 0] INFO  datanode.InitDatanodeState (InitDatanodeState.java:persistContainerDatanodeDetails(140)) - DatanodeDetails is persisted to /workdir/hadoop-ozone/integration-test/target/test-dir/MiniOzoneClusterImpl-841c1828-71e0-4d26-8272-ed449a575e8e/datanode-3/meta/datanode.id
2019-08-29 08:21:04,380 [main] INFO  volume.HddsVolume (HddsVolume.java:<init>(176)) - Creating Volume: /workdir/hadoop-ozone/integration-test/target/test-dir/MiniOzoneClusterImpl-841c1828-71e0-4d26-8272-ed449a575e8e/datanode-4/data/containers/hdds of  storage type : DISK and capacity : 1482555576320
2019-08-29 08:21:04,380 [main] INFO  volume.VolumeSet (VolumeSet.java:initializeVolumeSet(170)) - Added Volume : /workdir/hadoop-ozone/integration-test/target/test-dir/MiniOzoneClusterImpl-841c1828-71e0-4d26-8272-ed449a575e8e/datanode-4/data/containers/hdds to VolumeSet
2019-08-29 08:21:04,380 [main] INFO  volume.ThrottledAsyncChecker (ThrottledAsyncChecker.java:schedule(140)) - Scheduling a check for org.apache.hadoop.ozone.container.common.volume.HddsVolume@5e905f2c
2019-08-29 08:21:04,381 [main] INFO  volume.HddsVolumeChecker (HddsVolumeChecker.java:checkAllVolumes(203)) - Scheduled health check for volume org.apache.hadoop.ozone.container.common.volume.HddsVolume@5e905f2c
2019-08-29 08:21:04,394 [main] INFO  impl.RaftServerProxy (ConfUtils.java:logGet(43)) - raft.rpc.type = GRPC (default)
2019-08-29 08:21:04,395 [main] INFO  grpc.GrpcFactory (GrpcFactory.java:checkPooledByteBufAllocatorUseCacheForAllThreads(45)) - PERFORMANCE WARNING: useCacheForAllThreads is true that may cause Netty to create a lot garbage objects and, as a result, trigger GC.
	It is recommended to disable useCacheForAllThreads by setting -Dorg.apache.ratis.thirdparty.io.netty.allocator.useCacheForAllThreads=false in command line.
2019-08-29 08:21:04,395 [main] INFO  grpc.GrpcConfigKeys$Server (ConfUtils.java:logGet(43)) - raft.grpc.server.port = 0 (default)
2019-08-29 08:21:04,395 [main] INFO  server.GrpcService (ConfUtils.java:logGet(43)) - raft.grpc.message.size.max = 33570816 (custom)
2019-08-29 08:21:04,395 [main] INFO  server.RaftServerConfigKeys (ConfUtils.java:logGet(43)) - raft.server.log.appender.buffer.byte-limit = 33554432 (custom)
2019-08-29 08:21:04,395 [main] INFO  server.GrpcService (ConfUtils.java:logGet(43)) - raft.grpc.flow.control.window = 1MB (=1048576) (default)
2019-08-29 08:21:04,396 [main] INFO  server.RaftServerConfigKeys (ConfUtils.java:logGet(43)) - raft.server.rpc.request.timeout = 3000ms (default)
2019-08-29 08:21:04,396 [main] INFO  server.RaftServerConfigKeys (ConfUtils.java:logGet(43)) - raft.server.storage.dir = [/workdir/hadoop-ozone/integration-test/target/test-dir/MiniOzoneClusterImpl-841c1828-71e0-4d26-8272-ed449a575e8e/datanode-4/data/ratis] (custom)
2019-08-29 08:21:04,397 [main] INFO  hdfs.DFSUtil (DFSUtil.java:httpServerTemplateForNNAndJN(1641)) - Starting Web-server for hddsDatanode at: http://0.0.0.0:0
2019-08-29 08:21:04,399 [main] INFO  server.AuthenticationFilter (AuthenticationFilter.java:constructSecretProvider(240)) - Unable to initialize FileSignerSecretProvider, falling back to use random secrets.
2019-08-29 08:21:04,399 [main] WARN  http.HttpRequestLog (HttpRequestLog.java:getRequestLog(97)) - Jetty request log can only be enabled using Log4j
2019-08-29 08:21:04,401 [main] INFO  http.HttpServer2 (HttpServer2.java:addGlobalFilter(975)) - Added global filter 'safety' (class=org.apache.hadoop.http.HttpServer2$QuotingInputFilter)
2019-08-29 08:21:04,401 [main] INFO  http.HttpServer2 (HttpServer2.java:addFilter(948)) - Added filter static_user_filter (class=org.apache.hadoop.http.lib.StaticUserWebFilter$StaticUserFilter) to context hddsDatanode
2019-08-29 08:21:04,401 [main] INFO  http.HttpServer2 (HttpServer2.java:addFilter(958)) - Added filter static_user_filter (class=org.apache.hadoop.http.lib.StaticUserWebFilter$StaticUserFilter) to context logs
2019-08-29 08:21:04,402 [main] INFO  http.HttpServer2 (HttpServer2.java:addFilter(958)) - Added filter static_user_filter (class=org.apache.hadoop.http.lib.StaticUserWebFilter$StaticUserFilter) to context static
2019-08-29 08:21:04,402 [main] INFO  http.HttpServer2 (HttpServer2.java:bindListener(1191)) - Jetty bound to port 33540
2019-08-29 08:21:04,402 [main] INFO  server.Server (Server.java:doStart(351)) - jetty-9.3.24.v20180605, build timestamp: 2018-06-05T17:11:56Z, git hash: 84205aa28f11a4f31f2a3b86d1bba2cc8ab69827
2019-08-29 08:21:04,404 [main] INFO  handler.ContextHandler (ContextHandler.java:doStart(781)) - Started o.e.j.s.ServletContextHandler@6ac45c0c{/logs,file:///workdir/hadoop-ozone/integration-test/target/log,AVAILABLE}
2019-08-29 08:21:04,404 [main] INFO  handler.ContextHandler (ContextHandler.java:doStart(781)) - Started o.e.j.s.ServletContextHandler@6075b369{/static,jar:file:/home/user/.m2/repository/org/apache/hadoop/hadoop-hdds-container-service/0.5.0-SNAPSHOT/hadoop-hdds-container-service-0.5.0-SNAPSHOT.jar!/webapps/static,AVAILABLE}
2019-08-29 08:21:04,433 [main] INFO  handler.ContextHandler (ContextHandler.java:doStart(781)) - Started o.e.j.w.WebAppContext@1c5d3a37{/,file:///tmp/jetty-0.0.0.0-33540-hddsDatanode-_-any-2444032988018646320.dir/webapp/,AVAILABLE}{/hddsDatanode}
2019-08-29 08:21:04,433 [main] INFO  server.AbstractConnector (AbstractConnector.java:doStart(278)) - Started ServerConnector@7e3d2ebd{HTTP/1.1,[http/1.1]}{0.0.0.0:33540}
2019-08-29 08:21:04,435 [main] INFO  server.Server (Server.java:doStart(419)) - Started @229745ms
2019-08-29 08:21:04,435 [main] INFO  server.BaseHttpServer (BaseHttpServer.java:updateConnectorAddress(213)) - HTTP server of HDDSDATANODE is listening at http://0.0.0.0:33540
2019-08-29 08:21:04,436 [main] INFO  impl.MetricsSystemImpl (MetricsSystemImpl.java:init(158)) - HddsDatanode metrics system started (again)
2019-08-29 08:21:04,439 [org.apache.hadoop.util.JvmPauseMonitor$Monitor@68c05569] INFO  util.JvmPauseMonitor (JvmPauseMonitor.java:run(188)) - Starting JVM pause monitor
2019-08-29 08:21:04,439 [main] INFO  ozone.HddsDatanodeService (HddsDatanodeService.java:start(184)) - HddsDatanodeService host:pr-hdds-1909-44d2n-1519487446 ip:192.168.5.176
2019-08-29 08:21:04,440 [Datanode State Machine Thread - 0] INFO  datanode.InitDatanodeState (InitDatanodeState.java:persistContainerDatanodeDetails(140)) - DatanodeDetails is persisted to /workdir/hadoop-ozone/integration-test/target/test-dir/MiniOzoneClusterImpl-841c1828-71e0-4d26-8272-ed449a575e8e/datanode-4/meta/datanode.id
2019-08-29 08:21:04,446 [main] INFO  volume.HddsVolume (HddsVolume.java:<init>(176)) - Creating Volume: /workdir/hadoop-ozone/integration-test/target/test-dir/MiniOzoneClusterImpl-841c1828-71e0-4d26-8272-ed449a575e8e/datanode-5/data/containers/hdds of  storage type : DISK and capacity : 1482555576320
2019-08-29 08:21:04,446 [main] INFO  volume.VolumeSet (VolumeSet.java:initializeVolumeSet(170)) - Added Volume : /workdir/hadoop-ozone/integration-test/target/test-dir/MiniOzoneClusterImpl-841c1828-71e0-4d26-8272-ed449a575e8e/datanode-5/data/containers/hdds to VolumeSet
2019-08-29 08:21:04,446 [main] INFO  volume.ThrottledAsyncChecker (ThrottledAsyncChecker.java:schedule(140)) - Scheduling a check for org.apache.hadoop.ozone.container.common.volume.HddsVolume@231b35fb
2019-08-29 08:21:04,447 [main] INFO  volume.HddsVolumeChecker (HddsVolumeChecker.java:checkAllVolumes(203)) - Scheduled health check for volume org.apache.hadoop.ozone.container.common.volume.HddsVolume@231b35fb
2019-08-29 08:21:04,462 [main] INFO  impl.RaftServerProxy (ConfUtils.java:logGet(43)) - raft.rpc.type = GRPC (default)
2019-08-29 08:21:04,462 [main] INFO  grpc.GrpcFactory (GrpcFactory.java:checkPooledByteBufAllocatorUseCacheForAllThreads(45)) - PERFORMANCE WARNING: useCacheForAllThreads is true that may cause Netty to create a lot garbage objects and, as a result, trigger GC.
	It is recommended to disable useCacheForAllThreads by setting -Dorg.apache.ratis.thirdparty.io.netty.allocator.useCacheForAllThreads=false in command line.
2019-08-29 08:21:04,462 [main] INFO  grpc.GrpcConfigKeys$Server (ConfUtils.java:logGet(43)) - raft.grpc.server.port = 0 (default)
2019-08-29 08:21:04,463 [main] INFO  server.GrpcService (ConfUtils.java:logGet(43)) - raft.grpc.message.size.max = 33570816 (custom)
2019-08-29 08:21:04,463 [main] INFO  server.RaftServerConfigKeys (ConfUtils.java:logGet(43)) - raft.server.log.appender.buffer.byte-limit = 33554432 (custom)
2019-08-29 08:21:04,463 [main] INFO  server.GrpcService (ConfUtils.java:logGet(43)) - raft.grpc.flow.control.window = 1MB (=1048576) (default)
2019-08-29 08:21:04,463 [main] INFO  server.RaftServerConfigKeys (ConfUtils.java:logGet(43)) - raft.server.rpc.request.timeout = 3000ms (default)
2019-08-29 08:21:04,464 [main] INFO  server.RaftServerConfigKeys (ConfUtils.java:logGet(43)) - raft.server.storage.dir = [/workdir/hadoop-ozone/integration-test/target/test-dir/MiniOzoneClusterImpl-841c1828-71e0-4d26-8272-ed449a575e8e/datanode-5/data/ratis] (custom)
2019-08-29 08:21:04,465 [main] INFO  hdfs.DFSUtil (DFSUtil.java:httpServerTemplateForNNAndJN(1641)) - Starting Web-server for hddsDatanode at: http://0.0.0.0:0
2019-08-29 08:21:04,466 [main] INFO  server.AuthenticationFilter (AuthenticationFilter.java:constructSecretProvider(240)) - Unable to initialize FileSignerSecretProvider, falling back to use random secrets.
2019-08-29 08:21:04,467 [main] WARN  http.HttpRequestLog (HttpRequestLog.java:getRequestLog(97)) - Jetty request log can only be enabled using Log4j
2019-08-29 08:21:04,468 [main] INFO  http.HttpServer2 (HttpServer2.java:addGlobalFilter(975)) - Added global filter 'safety' (class=org.apache.hadoop.http.HttpServer2$QuotingInputFilter)
2019-08-29 08:21:04,468 [main] INFO  http.HttpServer2 (HttpServer2.java:addFilter(948)) - Added filter static_user_filter (class=org.apache.hadoop.http.lib.StaticUserWebFilter$StaticUserFilter) to context hddsDatanode
2019-08-29 08:21:04,469 [main] INFO  http.HttpServer2 (HttpServer2.java:addFilter(958)) - Added filter static_user_filter (class=org.apache.hadoop.http.lib.StaticUserWebFilter$StaticUserFilter) to context static
2019-08-29 08:21:04,469 [main] INFO  http.HttpServer2 (HttpServer2.java:addFilter(958)) - Added filter static_user_filter (class=org.apache.hadoop.http.lib.StaticUserWebFilter$StaticUserFilter) to context logs
2019-08-29 08:21:04,469 [main] INFO  http.HttpServer2 (HttpServer2.java:bindListener(1191)) - Jetty bound to port 43720
2019-08-29 08:21:04,469 [main] INFO  server.Server (Server.java:doStart(351)) - jetty-9.3.24.v20180605, build timestamp: 2018-06-05T17:11:56Z, git hash: 84205aa28f11a4f31f2a3b86d1bba2cc8ab69827
2019-08-29 08:21:04,470 [main] INFO  handler.ContextHandler (ContextHandler.java:doStart(781)) - Started o.e.j.s.ServletContextHandler@b022551{/logs,file:///workdir/hadoop-ozone/integration-test/target/log,AVAILABLE}
2019-08-29 08:21:04,471 [main] INFO  handler.ContextHandler (ContextHandler.java:doStart(781)) - Started o.e.j.s.ServletContextHandler@5eb87338{/static,jar:file:/home/user/.m2/repository/org/apache/hadoop/hadoop-hdds-container-service/0.5.0-SNAPSHOT/hadoop-hdds-container-service-0.5.0-SNAPSHOT.jar!/webapps/static,AVAILABLE}
2019-08-29 08:21:04,498 [main] INFO  handler.ContextHandler (ContextHandler.java:doStart(781)) - Started o.e.j.w.WebAppContext@d87d449{/,file:///tmp/jetty-0.0.0.0-43720-hddsDatanode-_-any-5732622832004281695.dir/webapp/,AVAILABLE}{/hddsDatanode}
2019-08-29 08:21:04,498 [main] INFO  server.AbstractConnector (AbstractConnector.java:doStart(278)) - Started ServerConnector@4137aab0{HTTP/1.1,[http/1.1]}{0.0.0.0:43720}
2019-08-29 08:21:04,500 [main] INFO  server.Server (Server.java:doStart(419)) - Started @229810ms
2019-08-29 08:21:04,500 [main] INFO  server.BaseHttpServer (BaseHttpServer.java:updateConnectorAddress(213)) - HTTP server of HDDSDATANODE is listening at http://0.0.0.0:43720
2019-08-29 08:21:04,501 [main] INFO  impl.MetricsSystemImpl (MetricsSystemImpl.java:init(158)) - HddsDatanode metrics system started (again)
2019-08-29 08:21:04,504 [org.apache.hadoop.util.JvmPauseMonitor$Monitor@4cf8187b] INFO  util.JvmPauseMonitor (JvmPauseMonitor.java:run(188)) - Starting JVM pause monitor
2019-08-29 08:21:04,505 [main] INFO  ozone.HddsDatanodeService (HddsDatanodeService.java:start(184)) - HddsDatanodeService host:pr-hdds-1909-44d2n-1519487446 ip:192.168.5.176
2019-08-29 08:21:04,505 [Datanode State Machine Thread - 0] INFO  datanode.InitDatanodeState (InitDatanodeState.java:persistContainerDatanodeDetails(140)) - DatanodeDetails is persisted to /workdir/hadoop-ozone/integration-test/target/test-dir/MiniOzoneClusterImpl-841c1828-71e0-4d26-8272-ed449a575e8e/datanode-5/meta/datanode.id
2019-08-29 08:21:04,510 [main] INFO  volume.HddsVolume (HddsVolume.java:<init>(176)) - Creating Volume: /workdir/hadoop-ozone/integration-test/target/test-dir/MiniOzoneClusterImpl-841c1828-71e0-4d26-8272-ed449a575e8e/datanode-6/data/containers/hdds of  storage type : DISK and capacity : 1482555576320
2019-08-29 08:21:04,510 [main] INFO  volume.VolumeSet (VolumeSet.java:initializeVolumeSet(170)) - Added Volume : /workdir/hadoop-ozone/integration-test/target/test-dir/MiniOzoneClusterImpl-841c1828-71e0-4d26-8272-ed449a575e8e/datanode-6/data/containers/hdds to VolumeSet
2019-08-29 08:21:04,510 [main] INFO  volume.ThrottledAsyncChecker (ThrottledAsyncChecker.java:schedule(140)) - Scheduling a check for org.apache.hadoop.ozone.container.common.volume.HddsVolume@62f9c790
2019-08-29 08:21:04,511 [main] INFO  volume.HddsVolumeChecker (HddsVolumeChecker.java:checkAllVolumes(203)) - Scheduled health check for volume org.apache.hadoop.ozone.container.common.volume.HddsVolume@62f9c790
2019-08-29 08:21:04,523 [main] INFO  impl.RaftServerProxy (ConfUtils.java:logGet(43)) - raft.rpc.type = GRPC (default)
2019-08-29 08:21:04,523 [main] INFO  grpc.GrpcFactory (GrpcFactory.java:checkPooledByteBufAllocatorUseCacheForAllThreads(45)) - PERFORMANCE WARNING: useCacheForAllThreads is true that may cause Netty to create a lot garbage objects and, as a result, trigger GC.
	It is recommended to disable useCacheForAllThreads by setting -Dorg.apache.ratis.thirdparty.io.netty.allocator.useCacheForAllThreads=false in command line.
2019-08-29 08:21:04,523 [main] INFO  grpc.GrpcConfigKeys$Server (ConfUtils.java:logGet(43)) - raft.grpc.server.port = 0 (default)
2019-08-29 08:21:04,523 [main] INFO  server.GrpcService (ConfUtils.java:logGet(43)) - raft.grpc.message.size.max = 33570816 (custom)
2019-08-29 08:21:04,524 [main] INFO  server.RaftServerConfigKeys (ConfUtils.java:logGet(43)) - raft.server.log.appender.buffer.byte-limit = 33554432 (custom)
2019-08-29 08:21:04,524 [main] INFO  server.GrpcService (ConfUtils.java:logGet(43)) - raft.grpc.flow.control.window = 1MB (=1048576) (default)
2019-08-29 08:21:04,524 [main] INFO  server.RaftServerConfigKeys (ConfUtils.java:logGet(43)) - raft.server.rpc.request.timeout = 3000ms (default)
2019-08-29 08:21:04,524 [main] INFO  server.RaftServerConfigKeys (ConfUtils.java:logGet(43)) - raft.server.storage.dir = [/workdir/hadoop-ozone/integration-test/target/test-dir/MiniOzoneClusterImpl-841c1828-71e0-4d26-8272-ed449a575e8e/datanode-6/data/ratis] (custom)
2019-08-29 08:21:04,526 [main] INFO  hdfs.DFSUtil (DFSUtil.java:httpServerTemplateForNNAndJN(1641)) - Starting Web-server for hddsDatanode at: http://0.0.0.0:0
2019-08-29 08:21:04,527 [main] INFO  server.AuthenticationFilter (AuthenticationFilter.java:constructSecretProvider(240)) - Unable to initialize FileSignerSecretProvider, falling back to use random secrets.
2019-08-29 08:21:04,527 [main] WARN  http.HttpRequestLog (HttpRequestLog.java:getRequestLog(97)) - Jetty request log can only be enabled using Log4j
2019-08-29 08:21:04,528 [main] INFO  http.HttpServer2 (HttpServer2.java:addGlobalFilter(975)) - Added global filter 'safety' (class=org.apache.hadoop.http.HttpServer2$QuotingInputFilter)
2019-08-29 08:21:04,529 [main] INFO  http.HttpServer2 (HttpServer2.java:addFilter(948)) - Added filter static_user_filter (class=org.apache.hadoop.http.lib.StaticUserWebFilter$StaticUserFilter) to context hddsDatanode
2019-08-29 08:21:04,529 [main] INFO  http.HttpServer2 (HttpServer2.java:addFilter(958)) - Added filter static_user_filter (class=org.apache.hadoop.http.lib.StaticUserWebFilter$StaticUserFilter) to context static
2019-08-29 08:21:04,529 [main] INFO  http.HttpServer2 (HttpServer2.java:addFilter(958)) - Added filter static_user_filter (class=org.apache.hadoop.http.lib.StaticUserWebFilter$StaticUserFilter) to context logs
2019-08-29 08:21:04,529 [main] INFO  http.HttpServer2 (HttpServer2.java:bindListener(1191)) - Jetty bound to port 45387
2019-08-29 08:21:04,530 [main] INFO  server.Server (Server.java:doStart(351)) - jetty-9.3.24.v20180605, build timestamp: 2018-06-05T17:11:56Z, git hash: 84205aa28f11a4f31f2a3b86d1bba2cc8ab69827
2019-08-29 08:21:04,531 [main] INFO  handler.ContextHandler (ContextHandler.java:doStart(781)) - Started o.e.j.s.ServletContextHandler@756808cc{/logs,file:///workdir/hadoop-ozone/integration-test/target/log,AVAILABLE}
2019-08-29 08:21:04,531 [main] INFO  handler.ContextHandler (ContextHandler.java:doStart(781)) - Started o.e.j.s.ServletContextHandler@5012c571{/static,jar:file:/home/user/.m2/repository/org/apache/hadoop/hadoop-hdds-container-service/0.5.0-SNAPSHOT/hadoop-hdds-container-service-0.5.0-SNAPSHOT.jar!/webapps/static,AVAILABLE}
2019-08-29 08:21:04,558 [main] INFO  handler.ContextHandler (ContextHandler.java:doStart(781)) - Started o.e.j.w.WebAppContext@39d77de9{/,file:///tmp/jetty-0.0.0.0-45387-hddsDatanode-_-any-6924322742317859082.dir/webapp/,AVAILABLE}{/hddsDatanode}
2019-08-29 08:21:04,558 [main] INFO  server.AbstractConnector (AbstractConnector.java:doStart(278)) - Started ServerConnector@696fad31{HTTP/1.1,[http/1.1]}{0.0.0.0:45387}
2019-08-29 08:21:04,560 [main] INFO  server.Server (Server.java:doStart(419)) - Started @229871ms
2019-08-29 08:21:04,562 [main] INFO  server.BaseHttpServer (BaseHttpServer.java:updateConnectorAddress(213)) - HTTP server of HDDSDATANODE is listening at http://0.0.0.0:45387
2019-08-29 08:21:04,562 [main] INFO  ozone.MiniOzoneClusterImpl (MiniOzoneClusterImpl.java:lambda$waitForClusterToBeReady$0(140)) - Waiting for cluster to be ready. Got 0 of 7 DN Heartbeats.
2019-08-29 08:21:04,563 [org.apache.hadoop.util.JvmPauseMonitor$Monitor@d04f16b] INFO  util.JvmPauseMonitor (JvmPauseMonitor.java:run(188)) - Starting JVM pause monitor
2019-08-29 08:21:04,564 [Datanode State Machine Thread - 0] INFO  datanode.InitDatanodeState (InitDatanodeState.java:persistContainerDatanodeDetails(140)) - DatanodeDetails is persisted to /workdir/hadoop-ozone/integration-test/target/test-dir/MiniOzoneClusterImpl-841c1828-71e0-4d26-8272-ed449a575e8e/datanode-6/meta/datanode.id
2019-08-29 08:21:05,562 [main] INFO  ozone.MiniOzoneClusterImpl (MiniOzoneClusterImpl.java:lambda$waitForClusterToBeReady$0(140)) - Waiting for cluster to be ready. Got 0 of 7 DN Heartbeats.
2019-08-29 08:21:06,175 | INFO  | SCMAudit | user=jenkins1000 | ip=192.168.5.176 | op=GET_VERSION null | ret=SUCCESS |  
2019-08-29 08:21:06,226 [Datanode State Machine Thread - 0] INFO  ozoneimpl.OzoneContainer (OzoneContainer.java:start(201)) - Attempting to start container services.
2019-08-29 08:21:06,226 [Datanode State Machine Thread - 0] INFO  ozoneimpl.OzoneContainer (OzoneContainer.java:startContainerScrub(175)) - Background container scrubber has been disabled by hdds.containerscrub.enabled
2019-08-29 08:21:06,226 [Datanode State Machine Thread - 0] INFO  ratis.XceiverServerRatis (XceiverServerRatis.java:start(393)) - Starting XceiverServerRatis 50f6d40d-2bc2-4e54-879b-6d63894238f6 at port 0
2019-08-29 08:21:06,233 | INFO  | SCMAudit | user=jenkins1000 | ip=192.168.5.176 | op=GET_VERSION null | ret=SUCCESS |  
2019-08-29 08:21:06,236 [Datanode State Machine Thread - 0] INFO  impl.RaftServerProxy (RaftServerProxy.java:lambda$start$3(299)) - 50f6d40d-2bc2-4e54-879b-6d63894238f6: start RPC server
2019-08-29 08:21:06,246 [Datanode State Machine Thread - 0] INFO  server.GrpcService (GrpcService.java:startImpl(149)) - 50f6d40d-2bc2-4e54-879b-6d63894238f6: GrpcService started, listening on 0.0.0.0/0.0.0.0:42517
2019-08-29 08:21:06,247 [Datanode State Machine Thread - 0] INFO  ratis.XceiverServerRatis (XceiverServerRatis.java:start(403)) - XceiverServerRatis 50f6d40d-2bc2-4e54-879b-6d63894238f6 is started using port 42517
2019-08-29 08:21:06,247 [Datanode State Machine Thread - 0] INFO  server.XceiverServerGrpc (XceiverServerGrpc.java:start(163)) - XceiverServerGrpc 50f6d40d-2bc2-4e54-879b-6d63894238f6 is started using port 33710
2019-08-29 08:21:06,249 [Datanode State Machine Thread - 0] INFO  ozoneimpl.OzoneContainer (OzoneContainer.java:start(201)) - Attempting to start container services.
2019-08-29 08:21:06,249 [Datanode State Machine Thread - 0] INFO  ozoneimpl.OzoneContainer (OzoneContainer.java:startContainerScrub(175)) - Background container scrubber has been disabled by hdds.containerscrub.enabled
2019-08-29 08:21:06,249 [Datanode State Machine Thread - 0] INFO  ratis.XceiverServerRatis (XceiverServerRatis.java:start(393)) - Starting XceiverServerRatis 34289ccc-0131-4bf2-912a-923085112b8b at port 0
2019-08-29 08:21:06,255 [Datanode State Machine Thread - 0] INFO  impl.RaftServerProxy (RaftServerProxy.java:lambda$start$3(299)) - 34289ccc-0131-4bf2-912a-923085112b8b: start RPC server
2019-08-29 08:21:06,257 [Datanode State Machine Thread - 0] INFO  server.GrpcService (GrpcService.java:startImpl(149)) - 34289ccc-0131-4bf2-912a-923085112b8b: GrpcService started, listening on 0.0.0.0/0.0.0.0:42680
2019-08-29 08:21:06,257 [Datanode State Machine Thread - 0] INFO  ratis.XceiverServerRatis (XceiverServerRatis.java:start(403)) - XceiverServerRatis 34289ccc-0131-4bf2-912a-923085112b8b is started using port 42680
2019-08-29 08:21:06,258 [Datanode State Machine Thread - 0] INFO  server.XceiverServerGrpc (XceiverServerGrpc.java:start(163)) - XceiverServerGrpc 34289ccc-0131-4bf2-912a-923085112b8b is started using port 34737
2019-08-29 08:21:06,301 | INFO  | SCMAudit | user=jenkins1000 | ip=192.168.5.176 | op=GET_VERSION null | ret=SUCCESS |  
2019-08-29 08:21:06,314 [Datanode State Machine Thread - 0] INFO  ozoneimpl.OzoneContainer (OzoneContainer.java:start(201)) - Attempting to start container services.
2019-08-29 08:21:06,314 [Datanode State Machine Thread - 0] INFO  ozoneimpl.OzoneContainer (OzoneContainer.java:startContainerScrub(175)) - Background container scrubber has been disabled by hdds.containerscrub.enabled
2019-08-29 08:21:06,314 [Datanode State Machine Thread - 0] INFO  ratis.XceiverServerRatis (XceiverServerRatis.java:start(393)) - Starting XceiverServerRatis 9bb01ed7-5505-4dbc-8edc-35bafa85ec64 at port 0
2019-08-29 08:21:06,320 [Datanode State Machine Thread - 0] INFO  impl.RaftServerProxy (RaftServerProxy.java:lambda$start$3(299)) - 9bb01ed7-5505-4dbc-8edc-35bafa85ec64: start RPC server
2019-08-29 08:21:06,321 [Datanode State Machine Thread - 0] INFO  server.GrpcService (GrpcService.java:startImpl(149)) - 9bb01ed7-5505-4dbc-8edc-35bafa85ec64: GrpcService started, listening on 0.0.0.0/0.0.0.0:37172
2019-08-29 08:21:06,321 [Datanode State Machine Thread - 0] INFO  ratis.XceiverServerRatis (XceiverServerRatis.java:start(403)) - XceiverServerRatis 9bb01ed7-5505-4dbc-8edc-35bafa85ec64 is started using port 37172
2019-08-29 08:21:06,323 [Datanode State Machine Thread - 0] INFO  server.XceiverServerGrpc (XceiverServerGrpc.java:start(163)) - XceiverServerGrpc 9bb01ed7-5505-4dbc-8edc-35bafa85ec64 is started using port 44618
2019-08-29 08:21:06,374 | INFO  | SCMAudit | user=jenkins1000 | ip=192.168.5.176 | op=GET_VERSION null | ret=SUCCESS |  
2019-08-29 08:21:06,405 [Datanode State Machine Thread - 0] INFO  ozoneimpl.OzoneContainer (OzoneContainer.java:start(201)) - Attempting to start container services.
2019-08-29 08:21:06,405 [Datanode State Machine Thread - 0] INFO  ozoneimpl.OzoneContainer (OzoneContainer.java:startContainerScrub(175)) - Background container scrubber has been disabled by hdds.containerscrub.enabled
2019-08-29 08:21:06,405 [Datanode State Machine Thread - 0] INFO  ratis.XceiverServerRatis (XceiverServerRatis.java:start(393)) - Starting XceiverServerRatis dee279ab-8d1d-436b-bf0c-bfc83875726b at port 0
2019-08-29 08:21:06,411 [Datanode State Machine Thread - 0] INFO  impl.RaftServerProxy (RaftServerProxy.java:lambda$start$3(299)) - dee279ab-8d1d-436b-bf0c-bfc83875726b: start RPC server
2019-08-29 08:21:06,413 [Datanode State Machine Thread - 0] INFO  server.GrpcService (GrpcService.java:startImpl(149)) - dee279ab-8d1d-436b-bf0c-bfc83875726b: GrpcService started, listening on 0.0.0.0/0.0.0.0:43484
2019-08-29 08:21:06,413 [Datanode State Machine Thread - 0] INFO  ratis.XceiverServerRatis (XceiverServerRatis.java:start(403)) - XceiverServerRatis dee279ab-8d1d-436b-bf0c-bfc83875726b is started using port 43484
2019-08-29 08:21:06,416 [Datanode State Machine Thread - 0] INFO  server.XceiverServerGrpc (XceiverServerGrpc.java:start(163)) - XceiverServerGrpc dee279ab-8d1d-436b-bf0c-bfc83875726b is started using port 46292
2019-08-29 08:21:06,439 | INFO  | SCMAudit | user=jenkins1000 | ip=192.168.5.176 | op=GET_VERSION null | ret=SUCCESS |  
2019-08-29 08:21:06,471 [Datanode State Machine Thread - 0] INFO  ozoneimpl.OzoneContainer (OzoneContainer.java:start(201)) - Attempting to start container services.
2019-08-29 08:21:06,472 [Datanode State Machine Thread - 0] INFO  ozoneimpl.OzoneContainer (OzoneContainer.java:startContainerScrub(175)) - Background container scrubber has been disabled by hdds.containerscrub.enabled
2019-08-29 08:21:06,472 [Datanode State Machine Thread - 0] INFO  ratis.XceiverServerRatis (XceiverServerRatis.java:start(393)) - Starting XceiverServerRatis cc4b2557-0ea5-475f-9db5-2439a9a60883 at port 0
2019-08-29 08:21:06,478 [Datanode State Machine Thread - 0] INFO  impl.RaftServerProxy (RaftServerProxy.java:lambda$start$3(299)) - cc4b2557-0ea5-475f-9db5-2439a9a60883: start RPC server
2019-08-29 08:21:06,478 [Datanode State Machine Thread - 0] INFO  server.GrpcService (GrpcService.java:startImpl(149)) - cc4b2557-0ea5-475f-9db5-2439a9a60883: GrpcService started, listening on 0.0.0.0/0.0.0.0:45507
2019-08-29 08:21:06,478 [Datanode State Machine Thread - 0] INFO  ratis.XceiverServerRatis (XceiverServerRatis.java:start(403)) - XceiverServerRatis cc4b2557-0ea5-475f-9db5-2439a9a60883 is started using port 45507
2019-08-29 08:21:06,479 [Datanode State Machine Thread - 0] INFO  server.XceiverServerGrpc (XceiverServerGrpc.java:start(163)) - XceiverServerGrpc cc4b2557-0ea5-475f-9db5-2439a9a60883 is started using port 44423
2019-08-29 08:21:06,505 | INFO  | SCMAudit | user=jenkins1000 | ip=192.168.5.176 | op=GET_VERSION null | ret=SUCCESS |  
2019-08-29 08:21:06,518 [Datanode State Machine Thread - 0] INFO  ozoneimpl.OzoneContainer (OzoneContainer.java:start(201)) - Attempting to start container services.
2019-08-29 08:21:06,518 [Datanode State Machine Thread - 0] INFO  ozoneimpl.OzoneContainer (OzoneContainer.java:startContainerScrub(175)) - Background container scrubber has been disabled by hdds.containerscrub.enabled
2019-08-29 08:21:06,519 [Datanode State Machine Thread - 0] INFO  ratis.XceiverServerRatis (XceiverServerRatis.java:start(393)) - Starting XceiverServerRatis 271f8211-225d-4484-9b6c-f1d75a783c94 at port 0
2019-08-29 08:21:06,525 [Datanode State Machine Thread - 0] INFO  impl.RaftServerProxy (RaftServerProxy.java:lambda$start$3(299)) - 271f8211-225d-4484-9b6c-f1d75a783c94: start RPC server
2019-08-29 08:21:06,528 [Datanode State Machine Thread - 0] INFO  server.GrpcService (GrpcService.java:startImpl(149)) - 271f8211-225d-4484-9b6c-f1d75a783c94: GrpcService started, listening on 0.0.0.0/0.0.0.0:43423
2019-08-29 08:21:06,528 [Datanode State Machine Thread - 0] INFO  ratis.XceiverServerRatis (XceiverServerRatis.java:start(403)) - XceiverServerRatis 271f8211-225d-4484-9b6c-f1d75a783c94 is started using port 43423
2019-08-29 08:21:06,530 [Datanode State Machine Thread - 0] INFO  server.XceiverServerGrpc (XceiverServerGrpc.java:start(163)) - XceiverServerGrpc 271f8211-225d-4484-9b6c-f1d75a783c94 is started using port 40332
2019-08-29 08:21:06,563 [main] INFO  ozone.MiniOzoneClusterImpl (MiniOzoneClusterImpl.java:lambda$waitForClusterToBeReady$0(140)) - Waiting for cluster to be ready. Got 0 of 7 DN Heartbeats.
2019-08-29 08:21:06,564 | INFO  | SCMAudit | user=jenkins1000 | ip=192.168.5.176 | op=GET_VERSION null | ret=SUCCESS |  
2019-08-29 08:21:06,578 [Datanode State Machine Thread - 0] INFO  ozoneimpl.OzoneContainer (OzoneContainer.java:start(201)) - Attempting to start container services.
2019-08-29 08:21:06,578 [Datanode State Machine Thread - 0] INFO  ozoneimpl.OzoneContainer (OzoneContainer.java:startContainerScrub(175)) - Background container scrubber has been disabled by hdds.containerscrub.enabled
2019-08-29 08:21:06,578 [Datanode State Machine Thread - 0] INFO  ratis.XceiverServerRatis (XceiverServerRatis.java:start(393)) - Starting XceiverServerRatis 7b403b74-006b-4f5b-8344-7aa370d356f8 at port 0
2019-08-29 08:21:06,585 [Datanode State Machine Thread - 0] INFO  impl.RaftServerProxy (RaftServerProxy.java:lambda$start$3(299)) - 7b403b74-006b-4f5b-8344-7aa370d356f8: start RPC server
2019-08-29 08:21:06,596 [Datanode State Machine Thread - 0] INFO  server.GrpcService (GrpcService.java:startImpl(149)) - 7b403b74-006b-4f5b-8344-7aa370d356f8: GrpcService started, listening on 0.0.0.0/0.0.0.0:45140
2019-08-29 08:21:06,597 [Datanode State Machine Thread - 0] INFO  ratis.XceiverServerRatis (XceiverServerRatis.java:start(403)) - XceiverServerRatis 7b403b74-006b-4f5b-8344-7aa370d356f8 is started using port 45140
2019-08-29 08:21:06,597 [Datanode State Machine Thread - 0] INFO  server.XceiverServerGrpc (XceiverServerGrpc.java:start(163)) - XceiverServerGrpc 7b403b74-006b-4f5b-8344-7aa370d356f8 is started using port 40689
2019-08-29 08:21:07,563 [main] INFO  ozone.MiniOzoneClusterImpl (MiniOzoneClusterImpl.java:lambda$waitForClusterToBeReady$0(140)) - Waiting for cluster to be ready. Got 0 of 7 DN Heartbeats.
2019-08-29 08:21:08,175 [IPC Server handler 0 on 37107] INFO  net.NetworkTopology (NetworkTopologyImpl.java:add(110)) - Added a new node: /default-rack/50f6d40d-2bc2-4e54-879b-6d63894238f6
2019-08-29 08:21:08,175 [IPC Server handler 0 on 37107] INFO  node.SCMNodeManager (SCMNodeManager.java:register(273)) - Registered Data node : 50f6d40d-2bc2-4e54-879b-6d63894238f6{ip: 192.168.5.176, host: pr-hdds-1909-44d2n-1519487446, networkLocation: /default-rack, certSerialId: null}
2019-08-29 08:21:08,177 [EventQueue-NodeRegistrationContainerReportForDataNodeSafeModeRule] INFO  safemode.SCMSafeModeManager (DataNodeSafeModeRule.java:process(71)) - SCM in safe mode. 1 DataNodes registered, 1 required.
2019-08-29 08:21:08,177 | INFO  | SCMAudit | user=jenkins1000 | ip=192.168.5.176 | op=REGISTER {datanodeDetails=50f6d40d-2bc2-4e54-879b-6d63894238f6{ip: 192.168.5.176, host: pr-hdds-1909-44d2n-1519487446, networkLocation: /default-rack, certSerialId: null}} | ret=SUCCESS |  
2019-08-29 08:21:08,179 [EventQueue-NodeRegistrationContainerReportForDataNodeSafeModeRule] INFO  safemode.SCMSafeModeManager (SCMSafeModeManager.java:validateSafeModeExitRules(177)) - ScmSafeModeManager, all rules are successfully validated
2019-08-29 08:21:08,179 [EventQueue-NodeRegistrationContainerReportForDataNodeSafeModeRule] INFO  safemode.SCMSafeModeManager (SCMSafeModeManager.java:exitSafeMode(193)) - SCM exiting safe mode.
2019-08-29 08:21:08,187 [grpc-default-executor-9] INFO  impl.RaftServerProxy (RaftServerProxy.java:addNew(89)) - 50f6d40d-2bc2-4e54-879b-6d63894238f6: addNew group-0420301C1F35:[50f6d40d-2bc2-4e54-879b-6d63894238f6:192.168.5.176:42517] returns group-0420301C1F35:java.util.concurrent.CompletableFuture@6d531a14[Not completed]
2019-08-29 08:21:08,189 [pool-383-thread-1] INFO  impl.RaftServerImpl (RaftServerImpl.java:<init>(93)) - 50f6d40d-2bc2-4e54-879b-6d63894238f6: new RaftServerImpl for group-0420301C1F35:[50f6d40d-2bc2-4e54-879b-6d63894238f6:192.168.5.176:42517] with ContainerStateMachine:uninitialized
2019-08-29 08:21:08,189 [pool-383-thread-1] INFO  server.RaftServerConfigKeys (ConfUtils.java:logGet(43)) - raft.server.rpc.timeout.min = 5s (custom)
2019-08-29 08:21:08,189 [pool-383-thread-1] INFO  server.RaftServerConfigKeys (ConfUtils.java:logGet(43)) - raft.server.rpc.timeout.max = 5200ms (custom)
2019-08-29 08:21:08,189 [pool-383-thread-1] INFO  server.RaftServerConfigKeys (ConfUtils.java:logGet(43)) - raft.server.rpcslowness.timeout = 120s (custom)
2019-08-29 08:21:08,189 [pool-383-thread-1] INFO  server.RaftServerConfigKeys (ConfUtils.java:logGet(43)) - raft.server.sleep.deviation.threshold = 300 (default)
2019-08-29 08:21:08,189 [pool-383-thread-1] INFO  server.RaftServerConfigKeys (ConfUtils.java:logGet(43)) - raft.server.log.appender.install.snapshot.enabled = false (custom)
2019-08-29 08:21:08,190 [pool-383-thread-1] INFO  impl.RaftServerImpl (ServerState.java:<init>(105)) - 50f6d40d-2bc2-4e54-879b-6d63894238f6:group-0420301C1F35 ConfigurationManager, init=-1: [50f6d40d-2bc2-4e54-879b-6d63894238f6:192.168.5.176:42517], old=null, confs=<EMPTY_MAP>
2019-08-29 08:21:08,190 [pool-383-thread-1] INFO  server.RaftServerConfigKeys (ConfUtils.java:logGet(43)) - raft.server.storage.dir = [/workdir/hadoop-ozone/integration-test/target/test-dir/MiniOzoneClusterImpl-841c1828-71e0-4d26-8272-ed449a575e8e/datanode-0/data/ratis] (custom)
2019-08-29 08:21:08,190 [pool-383-thread-1] INFO  storage.RaftStorageDirectory (RaftStorageDirectory.java:analyzeStorage(246)) - The storage directory /workdir/hadoop-ozone/integration-test/target/test-dir/MiniOzoneClusterImpl-841c1828-71e0-4d26-8272-ed449a575e8e/datanode-0/data/ratis/00265f42-80aa-426e-991e-0420301c1f35 does not exist. Creating ...
2019-08-29 08:21:08,233 [IPC Server handler 1 on 37107] INFO  net.NetworkTopology (NetworkTopologyImpl.java:add(110)) - Added a new node: /default-rack/34289ccc-0131-4bf2-912a-923085112b8b
2019-08-29 08:21:08,234 [IPC Server handler 1 on 37107] INFO  node.SCMNodeManager (SCMNodeManager.java:register(273)) - Registered Data node : 34289ccc-0131-4bf2-912a-923085112b8b{ip: 192.168.5.176, host: pr-hdds-1909-44d2n-1519487446, networkLocation: /default-rack, certSerialId: null}
2019-08-29 08:21:08,234 | INFO  | SCMAudit | user=jenkins1000 | ip=192.168.5.176 | op=REGISTER {datanodeDetails=34289ccc-0131-4bf2-912a-923085112b8b{ip: 192.168.5.176, host: pr-hdds-1909-44d2n-1519487446, networkLocation: /default-rack, certSerialId: null}} | ret=SUCCESS |  
2019-08-29 08:21:08,242 [pool-383-thread-1] INFO  storage.RaftStorageDirectory (RaftStorageDirectory.java:tryLock(328)) - Lock on /workdir/hadoop-ozone/integration-test/target/test-dir/MiniOzoneClusterImpl-841c1828-71e0-4d26-8272-ed449a575e8e/datanode-0/data/ratis/00265f42-80aa-426e-991e-0420301c1f35/in_use.lock acquired by nodename 22999@pr-hdds-1909-44d2n-1519487446
2019-08-29 08:21:08,262 [pool-383-thread-1] INFO  storage.RaftStorage (RaftStorage.java:format(72)) - Storage directory /workdir/hadoop-ozone/integration-test/target/test-dir/MiniOzoneClusterImpl-841c1828-71e0-4d26-8272-ed449a575e8e/datanode-0/data/ratis/00265f42-80aa-426e-991e-0420301c1f35 has been successfully formatted.
2019-08-29 08:21:08,262 [pool-383-thread-1] INFO  ratis.ContainerStateMachine (ContainerStateMachine.java:loadSnapshot(227)) - group-0420301C1F35: The snapshot info is null. Setting the last applied indexto:(t:0, i:~)
2019-08-29 08:21:08,262 [pool-383-thread-1] INFO  server.RaftServerConfigKeys (ConfUtils.java:logGet(43)) - raft.server.leader.election.timeout = 120s (custom)
2019-08-29 08:21:08,262 [pool-383-thread-1] INFO  server.RaftServerConfigKeys (ConfUtils.java:logGet(43)) - raft.server.log.use.memory = false (default)
2019-08-29 08:21:08,263 [pool-383-thread-1] INFO  server.RaftServerConfigKeys (ConfUtils.java:logGet(43)) - raft.server.log.purge.gap = 1000000 (custom)
2019-08-29 08:21:08,263 [pool-383-thread-1] INFO  server.RaftServerConfigKeys (ConfUtils.java:logGet(43)) - raft.server.log.appender.buffer.byte-limit = 33554432 (custom)
2019-08-29 08:21:08,263 [pool-383-thread-1] INFO  server.RaftServerConfigKeys (ConfUtils.java:logGet(43)) - raft.server.log.segment.size.max = 1048576 (custom)
2019-08-29 08:21:08,263 [pool-383-thread-1] INFO  server.RaftServerConfigKeys (ConfUtils.java:logGet(43)) - raft.server.log.segment.cache.num.max = 2 (custom)
2019-08-29 08:21:08,263 [pool-383-thread-1] INFO  segmented.SegmentedRaftLogWorker (SegmentedRaftLogWorker.java:<init>(172)) - new 50f6d40d-2bc2-4e54-879b-6d63894238f6-SegmentedRaftLogWorker:Storage Directory /workdir/hadoop-ozone/integration-test/target/test-dir/MiniOzoneClusterImpl-841c1828-71e0-4d26-8272-ed449a575e8e/datanode-0/data/ratis/00265f42-80aa-426e-991e-0420301c1f35 for RaftStorage:Storage Directory /workdir/hadoop-ozone/integration-test/target/test-dir/MiniOzoneClusterImpl-841c1828-71e0-4d26-8272-ed449a575e8e/datanode-0/data/ratis/00265f42-80aa-426e-991e-0420301c1f35
2019-08-29 08:21:08,263 [pool-383-thread-1] INFO  server.RaftServerConfigKeys (ConfUtils.java:logGet(43)) - raft.server.log.queue.byte-limit = 2147483647 (custom)
2019-08-29 08:21:08,263 [pool-383-thread-1] INFO  server.RaftServerConfigKeys (ConfUtils.java:logGet(43)) - raft.server.log.queue.element-limit = 1024 (custom)
2019-08-29 08:21:08,263 [pool-383-thread-1] INFO  server.RaftServerConfigKeys (ConfUtils.java:logGet(43)) - raft.server.log.segment.size.max = 1048576 (custom)
2019-08-29 08:21:08,264 [pool-383-thread-1] INFO  server.RaftServerConfigKeys (ConfUtils.java:logGet(43)) - raft.server.log.preallocated.size = 16384 (custom)
2019-08-29 08:21:08,264 [pool-383-thread-1] INFO  server.RaftServerConfigKeys (ConfUtils.java:logGet(43)) - raft.server.log.write.buffer.size = 33554432 (custom)
2019-08-29 08:21:08,264 [pool-383-thread-1] INFO  server.RaftServerConfigKeys (ConfUtils.java:logGet(43)) - raft.server.log.force.sync.num = 128 (default)
2019-08-29 08:21:08,264 [pool-383-thread-1] INFO  server.RaftServerConfigKeys (ConfUtils.java:logGet(43)) - raft.server.log.statemachine.data.sync = true (default)
2019-08-29 08:21:08,264 [pool-383-thread-1] INFO  server.RaftServerConfigKeys (ConfUtils.java:logGet(43)) - raft.server.log.statemachine.data.sync.timeout = 10s (default)
2019-08-29 08:21:08,264 [pool-383-thread-1] INFO  server.RaftServerConfigKeys (ConfUtils.java:logGet(43)) - raft.server.log.statemachine.data.sync.timeout.retry = -1 (default)
2019-08-29 08:21:08,264 [pool-383-thread-1] INFO  server.RaftServerConfigKeys (ConfUtils.java:logGet(43)) - raft.server.log.statemachine.data.caching.enabled = true (custom)
2019-08-29 08:21:08,264 [pool-383-thread-1] INFO  segmented.SegmentedRaftLogWorker (SegmentedRaftLogWorker.java:lambda$new$0(132)) - 50f6d40d-2bc2-4e54-879b-6d63894238f6-SegmentedRaftLogWorker:Storage Directory /workdir/hadoop-ozone/integration-test/target/test-dir/MiniOzoneClusterImpl-841c1828-71e0-4d26-8272-ed449a575e8e/datanode-0/data/ratis/00265f42-80aa-426e-991e-0420301c1f35: flushIndex: setUnconditionally 0 -> -1
2019-08-29 08:21:08,265 [pool-383-thread-1] INFO  server.RaftServerConfigKeys (ConfUtils.java:logGet(43)) - raft.server.snapshot.auto.trigger.enabled = true (custom)
2019-08-29 08:21:08,265 [pool-383-thread-1] INFO  server.RaftServerConfigKeys (ConfUtils.java:logGet(43)) - raft.server.snapshot.auto.trigger.threshold = 10000 (custom)
2019-08-29 08:21:08,265 [pool-383-thread-1] INFO  server.RaftServerConfigKeys (ConfUtils.java:logGet(43)) - raft.server.retrycache.expirytime = 600000ms (custom)
2019-08-29 08:21:08,265 [pool-383-thread-1] INFO  impl.RaftServerImpl (RaftServerImpl.java:start(180)) - 50f6d40d-2bc2-4e54-879b-6d63894238f6: start group-0420301C1F35
2019-08-29 08:21:08,265 [pool-383-thread-1] INFO  impl.RaftServerImpl (RaftServerImpl.java:setRole(171)) - 50f6d40d-2bc2-4e54-879b-6d63894238f6:group-0420301C1F35 changes role from null to FOLLOWER at term 0 for startAsFollower
2019-08-29 08:21:08,265 [pool-383-thread-1] INFO  impl.RoleInfo (RoleInfo.java:updateAndGet(143)) - 50f6d40d-2bc2-4e54-879b-6d63894238f6: start FollowerState
2019-08-29 08:21:08,266 [pool-383-thread-1] INFO  util.JmxRegister (JmxRegister.java:tryRegister(44)) - Successfully registered JMX Bean with object name Ratis:service=RaftServer,group=group-0420301C1F35,id=50f6d40d-2bc2-4e54-879b-6d63894238f6
2019-08-29 08:21:08,268 [RatisPipelineUtilsThread] INFO  pipeline.PipelineStateManager (PipelineStateManager.java:addPipeline(56)) - Created pipeline Pipeline[ Id: 00265f42-80aa-426e-991e-0420301c1f35, Nodes: 50f6d40d-2bc2-4e54-879b-6d63894238f6{ip: 192.168.5.176, host: pr-hdds-1909-44d2n-1519487446, networkLocation: /default-rack, certSerialId: null}, Type:RATIS, Factor:ONE, State:OPEN]
2019-08-29 08:21:08,274 [grpc-default-executor-9] INFO  impl.RaftServerProxy (RaftServerProxy.java:addNew(89)) - 34289ccc-0131-4bf2-912a-923085112b8b: addNew group-490BA04325B4:[34289ccc-0131-4bf2-912a-923085112b8b:192.168.5.176:42680] returns group-490BA04325B4:java.util.concurrent.CompletableFuture@6ceee5cb[Not completed]
2019-08-29 08:21:08,276 [pool-393-thread-1] INFO  impl.RaftServerImpl (RaftServerImpl.java:<init>(93)) - 34289ccc-0131-4bf2-912a-923085112b8b: new RaftServerImpl for group-490BA04325B4:[34289ccc-0131-4bf2-912a-923085112b8b:192.168.5.176:42680] with ContainerStateMachine:uninitialized
2019-08-29 08:21:08,276 [pool-393-thread-1] INFO  server.RaftServerConfigKeys (ConfUtils.java:logGet(43)) - raft.server.rpc.timeout.min = 5s (custom)
2019-08-29 08:21:08,276 [pool-393-thread-1] INFO  server.RaftServerConfigKeys (ConfUtils.java:logGet(43)) - raft.server.rpc.timeout.max = 5200ms (custom)
2019-08-29 08:21:08,276 [pool-393-thread-1] INFO  server.RaftServerConfigKeys (ConfUtils.java:logGet(43)) - raft.server.rpcslowness.timeout = 120s (custom)
2019-08-29 08:21:08,276 [pool-393-thread-1] INFO  server.RaftServerConfigKeys (ConfUtils.java:logGet(43)) - raft.server.sleep.deviation.threshold = 300 (default)
2019-08-29 08:21:08,276 [pool-393-thread-1] INFO  server.RaftServerConfigKeys (ConfUtils.java:logGet(43)) - raft.server.log.appender.install.snapshot.enabled = false (custom)
2019-08-29 08:21:08,276 [pool-393-thread-1] INFO  impl.RaftServerImpl (ServerState.java:<init>(105)) - 34289ccc-0131-4bf2-912a-923085112b8b:group-490BA04325B4 ConfigurationManager, init=-1: [34289ccc-0131-4bf2-912a-923085112b8b:192.168.5.176:42680], old=null, confs=<EMPTY_MAP>
2019-08-29 08:21:08,277 [pool-393-thread-1] INFO  server.RaftServerConfigKeys (ConfUtils.java:logGet(43)) - raft.server.storage.dir = [/workdir/hadoop-ozone/integration-test/target/test-dir/MiniOzoneClusterImpl-841c1828-71e0-4d26-8272-ed449a575e8e/datanode-1/data/ratis] (custom)
2019-08-29 08:21:08,277 [pool-393-thread-1] INFO  storage.RaftStorageDirectory (RaftStorageDirectory.java:analyzeStorage(246)) - The storage directory /workdir/hadoop-ozone/integration-test/target/test-dir/MiniOzoneClusterImpl-841c1828-71e0-4d26-8272-ed449a575e8e/datanode-1/data/ratis/f41250ab-ac2b-4630-a81e-490ba04325b4 does not exist. Creating ...
2019-08-29 08:21:08,291 [pool-393-thread-1] INFO  storage.RaftStorageDirectory (RaftStorageDirectory.java:tryLock(328)) - Lock on /workdir/hadoop-ozone/integration-test/target/test-dir/MiniOzoneClusterImpl-841c1828-71e0-4d26-8272-ed449a575e8e/datanode-1/data/ratis/f41250ab-ac2b-4630-a81e-490ba04325b4/in_use.lock acquired by nodename 22999@pr-hdds-1909-44d2n-1519487446
2019-08-29 08:21:08,301 [IPC Server handler 3 on 37107] INFO  net.NetworkTopology (NetworkTopologyImpl.java:add(110)) - Added a new node: /default-rack/9bb01ed7-5505-4dbc-8edc-35bafa85ec64
2019-08-29 08:21:08,301 [IPC Server handler 3 on 37107] INFO  node.SCMNodeManager (SCMNodeManager.java:register(273)) - Registered Data node : 9bb01ed7-5505-4dbc-8edc-35bafa85ec64{ip: 192.168.5.176, host: pr-hdds-1909-44d2n-1519487446, networkLocation: /default-rack, certSerialId: null}
2019-08-29 08:21:08,302 | INFO  | SCMAudit | user=jenkins1000 | ip=192.168.5.176 | op=REGISTER {datanodeDetails=9bb01ed7-5505-4dbc-8edc-35bafa85ec64{ip: 192.168.5.176, host: pr-hdds-1909-44d2n-1519487446, networkLocation: /default-rack, certSerialId: null}} | ret=SUCCESS |  
2019-08-29 08:21:08,323 [pool-393-thread-1] INFO  storage.RaftStorage (RaftStorage.java:format(72)) - Storage directory /workdir/hadoop-ozone/integration-test/target/test-dir/MiniOzoneClusterImpl-841c1828-71e0-4d26-8272-ed449a575e8e/datanode-1/data/ratis/f41250ab-ac2b-4630-a81e-490ba04325b4 has been successfully formatted.
2019-08-29 08:21:08,324 [pool-393-thread-1] INFO  ratis.ContainerStateMachine (ContainerStateMachine.java:loadSnapshot(227)) - group-490BA04325B4: The snapshot info is null. Setting the last applied indexto:(t:0, i:~)
2019-08-29 08:21:08,324 [pool-393-thread-1] INFO  server.RaftServerConfigKeys (ConfUtils.java:logGet(43)) - raft.server.leader.election.timeout = 120s (custom)
2019-08-29 08:21:08,324 [pool-393-thread-1] INFO  server.RaftServerConfigKeys (ConfUtils.java:logGet(43)) - raft.server.log.use.memory = false (default)
2019-08-29 08:21:08,324 [pool-393-thread-1] INFO  server.RaftServerConfigKeys (ConfUtils.java:logGet(43)) - raft.server.log.purge.gap = 1000000 (custom)
2019-08-29 08:21:08,324 [pool-393-thread-1] INFO  server.RaftServerConfigKeys (ConfUtils.java:logGet(43)) - raft.server.log.appender.buffer.byte-limit = 33554432 (custom)
2019-08-29 08:21:08,324 [pool-393-thread-1] INFO  server.RaftServerConfigKeys (ConfUtils.java:logGet(43)) - raft.server.log.segment.size.max = 1048576 (custom)
2019-08-29 08:21:08,325 [pool-393-thread-1] INFO  server.RaftServerConfigKeys (ConfUtils.java:logGet(43)) - raft.server.log.segment.cache.num.max = 2 (custom)
2019-08-29 08:21:08,325 [pool-393-thread-1] INFO  segmented.SegmentedRaftLogWorker (SegmentedRaftLogWorker.java:<init>(172)) - new 34289ccc-0131-4bf2-912a-923085112b8b-SegmentedRaftLogWorker:Storage Directory /workdir/hadoop-ozone/integration-test/target/test-dir/MiniOzoneClusterImpl-841c1828-71e0-4d26-8272-ed449a575e8e/datanode-1/data/ratis/f41250ab-ac2b-4630-a81e-490ba04325b4 for RaftStorage:Storage Directory /workdir/hadoop-ozone/integration-test/target/test-dir/MiniOzoneClusterImpl-841c1828-71e0-4d26-8272-ed449a575e8e/datanode-1/data/ratis/f41250ab-ac2b-4630-a81e-490ba04325b4
2019-08-29 08:21:08,325 [pool-393-thread-1] INFO  server.RaftServerConfigKeys (ConfUtils.java:logGet(43)) - raft.server.log.queue.byte-limit = 2147483647 (custom)
2019-08-29 08:21:08,325 [pool-393-thread-1] INFO  server.RaftServerConfigKeys (ConfUtils.java:logGet(43)) - raft.server.log.queue.element-limit = 1024 (custom)
2019-08-29 08:21:08,326 [pool-393-thread-1] INFO  server.RaftServerConfigKeys (ConfUtils.java:logGet(43)) - raft.server.log.segment.size.max = 1048576 (custom)
2019-08-29 08:21:08,326 [pool-393-thread-1] INFO  server.RaftServerConfigKeys (ConfUtils.java:logGet(43)) - raft.server.log.preallocated.size = 16384 (custom)
2019-08-29 08:21:08,326 [pool-393-thread-1] INFO  server.RaftServerConfigKeys (ConfUtils.java:logGet(43)) - raft.server.log.write.buffer.size = 33554432 (custom)
2019-08-29 08:21:08,326 [pool-393-thread-1] INFO  server.RaftServerConfigKeys (ConfUtils.java:logGet(43)) - raft.server.log.force.sync.num = 128 (default)
2019-08-29 08:21:08,326 [pool-393-thread-1] INFO  server.RaftServerConfigKeys (ConfUtils.java:logGet(43)) - raft.server.log.statemachine.data.sync = true (default)
2019-08-29 08:21:08,326 [pool-393-thread-1] INFO  server.RaftServerConfigKeys (ConfUtils.java:logGet(43)) - raft.server.log.statemachine.data.sync.timeout = 10s (default)
2019-08-29 08:21:08,326 [pool-393-thread-1] INFO  server.RaftServerConfigKeys (ConfUtils.java:logGet(43)) - raft.server.log.statemachine.data.sync.timeout.retry = -1 (default)
2019-08-29 08:21:08,327 [pool-393-thread-1] INFO  server.RaftServerConfigKeys (ConfUtils.java:logGet(43)) - raft.server.log.statemachine.data.caching.enabled = true (custom)
2019-08-29 08:21:08,327 [pool-393-thread-1] INFO  segmented.SegmentedRaftLogWorker (SegmentedRaftLogWorker.java:lambda$new$0(132)) - 34289ccc-0131-4bf2-912a-923085112b8b-SegmentedRaftLogWorker:Storage Directory /workdir/hadoop-ozone/integration-test/target/test-dir/MiniOzoneClusterImpl-841c1828-71e0-4d26-8272-ed449a575e8e/datanode-1/data/ratis/f41250ab-ac2b-4630-a81e-490ba04325b4: flushIndex: setUnconditionally 0 -> -1
2019-08-29 08:21:08,327 [pool-393-thread-1] INFO  server.RaftServerConfigKeys (ConfUtils.java:logGet(43)) - raft.server.snapshot.auto.trigger.enabled = true (custom)
2019-08-29 08:21:08,327 [pool-393-thread-1] INFO  server.RaftServerConfigKeys (ConfUtils.java:logGet(43)) - raft.server.snapshot.auto.trigger.threshold = 10000 (custom)
2019-08-29 08:21:08,328 [pool-393-thread-1] INFO  server.RaftServerConfigKeys (ConfUtils.java:logGet(43)) - raft.server.retrycache.expirytime = 600000ms (custom)
2019-08-29 08:21:08,328 [pool-393-thread-1] INFO  impl.RaftServerImpl (RaftServerImpl.java:start(180)) - 34289ccc-0131-4bf2-912a-923085112b8b: start group-490BA04325B4
2019-08-29 08:21:08,328 [pool-393-thread-1] INFO  impl.RaftServerImpl (RaftServerImpl.java:setRole(171)) - 34289ccc-0131-4bf2-912a-923085112b8b:group-490BA04325B4 changes role from null to FOLLOWER at term 0 for startAsFollower
2019-08-29 08:21:08,328 [pool-393-thread-1] INFO  impl.RoleInfo (RoleInfo.java:updateAndGet(143)) - 34289ccc-0131-4bf2-912a-923085112b8b: start FollowerState
2019-08-29 08:21:08,328 [pool-393-thread-1] INFO  util.JmxRegister (JmxRegister.java:tryRegister(44)) - Successfully registered JMX Bean with object name Ratis:service=RaftServer,group=group-490BA04325B4,id=34289ccc-0131-4bf2-912a-923085112b8b
2019-08-29 08:21:08,331 [RatisPipelineUtilsThread] INFO  pipeline.PipelineStateManager (PipelineStateManager.java:addPipeline(56)) - Created pipeline Pipeline[ Id: f41250ab-ac2b-4630-a81e-490ba04325b4, Nodes: 34289ccc-0131-4bf2-912a-923085112b8b{ip: 192.168.5.176, host: pr-hdds-1909-44d2n-1519487446, networkLocation: /default-rack, certSerialId: null}, Type:RATIS, Factor:ONE, State:OPEN]
2019-08-29 08:21:08,337 [grpc-default-executor-9] INFO  impl.RaftServerProxy (RaftServerProxy.java:addNew(89)) - 9bb01ed7-5505-4dbc-8edc-35bafa85ec64: addNew group-5939509C6731:[9bb01ed7-5505-4dbc-8edc-35bafa85ec64:192.168.5.176:37172] returns group-5939509C6731:java.util.concurrent.CompletableFuture@8fe337d[Not completed]
2019-08-29 08:21:08,338 [pool-403-thread-1] INFO  impl.RaftServerImpl (RaftServerImpl.java:<init>(93)) - 9bb01ed7-5505-4dbc-8edc-35bafa85ec64: new RaftServerImpl for group-5939509C6731:[9bb01ed7-5505-4dbc-8edc-35bafa85ec64:192.168.5.176:37172] with ContainerStateMachine:uninitialized
2019-08-29 08:21:08,338 [pool-403-thread-1] INFO  server.RaftServerConfigKeys (ConfUtils.java:logGet(43)) - raft.server.rpc.timeout.min = 5s (custom)
2019-08-29 08:21:08,339 [pool-403-thread-1] INFO  server.RaftServerConfigKeys (ConfUtils.java:logGet(43)) - raft.server.rpc.timeout.max = 5200ms (custom)
2019-08-29 08:21:08,339 [pool-403-thread-1] INFO  server.RaftServerConfigKeys (ConfUtils.java:logGet(43)) - raft.server.rpcslowness.timeout = 120s (custom)
2019-08-29 08:21:08,339 [pool-403-thread-1] INFO  server.RaftServerConfigKeys (ConfUtils.java:logGet(43)) - raft.server.sleep.deviation.threshold = 300 (default)
2019-08-29 08:21:08,339 [pool-403-thread-1] INFO  server.RaftServerConfigKeys (ConfUtils.java:logGet(43)) - raft.server.log.appender.install.snapshot.enabled = false (custom)
2019-08-29 08:21:08,339 [pool-403-thread-1] INFO  impl.RaftServerImpl (ServerState.java:<init>(105)) - 9bb01ed7-5505-4dbc-8edc-35bafa85ec64:group-5939509C6731 ConfigurationManager, init=-1: [9bb01ed7-5505-4dbc-8edc-35bafa85ec64:192.168.5.176:37172], old=null, confs=<EMPTY_MAP>
2019-08-29 08:21:08,339 [pool-403-thread-1] INFO  server.RaftServerConfigKeys (ConfUtils.java:logGet(43)) - raft.server.storage.dir = [/workdir/hadoop-ozone/integration-test/target/test-dir/MiniOzoneClusterImpl-841c1828-71e0-4d26-8272-ed449a575e8e/datanode-2/data/ratis] (custom)
2019-08-29 08:21:08,339 [pool-403-thread-1] INFO  storage.RaftStorageDirectory (RaftStorageDirectory.java:analyzeStorage(246)) - The storage directory /workdir/hadoop-ozone/integration-test/target/test-dir/MiniOzoneClusterImpl-841c1828-71e0-4d26-8272-ed449a575e8e/datanode-2/data/ratis/2ee86a95-522c-4360-867f-5939509c6731 does not exist. Creating ...
2019-08-29 08:21:08,368 [pool-403-thread-1] INFO  storage.RaftStorageDirectory (RaftStorageDirectory.java:tryLock(328)) - Lock on /workdir/hadoop-ozone/integration-test/target/test-dir/MiniOzoneClusterImpl-841c1828-71e0-4d26-8272-ed449a575e8e/datanode-2/data/ratis/2ee86a95-522c-4360-867f-5939509c6731/in_use.lock acquired by nodename 22999@pr-hdds-1909-44d2n-1519487446
2019-08-29 08:21:08,374 [IPC Server handler 2 on 37107] INFO  net.NetworkTopology (NetworkTopologyImpl.java:add(110)) - Added a new node: /default-rack/dee279ab-8d1d-436b-bf0c-bfc83875726b
2019-08-29 08:21:08,374 [IPC Server handler 2 on 37107] INFO  node.SCMNodeManager (SCMNodeManager.java:register(273)) - Registered Data node : dee279ab-8d1d-436b-bf0c-bfc83875726b{ip: 192.168.5.176, host: pr-hdds-1909-44d2n-1519487446, networkLocation: /default-rack, certSerialId: null}
2019-08-29 08:21:08,374 | INFO  | SCMAudit | user=jenkins1000 | ip=192.168.5.176 | op=REGISTER {datanodeDetails=dee279ab-8d1d-436b-bf0c-bfc83875726b{ip: 192.168.5.176, host: pr-hdds-1909-44d2n-1519487446, networkLocation: /default-rack, certSerialId: null}} | ret=SUCCESS |  
2019-08-29 08:21:08,380 [pool-403-thread-1] INFO  storage.RaftStorage (RaftStorage.java:format(72)) - Storage directory /workdir/hadoop-ozone/integration-test/target/test-dir/MiniOzoneClusterImpl-841c1828-71e0-4d26-8272-ed449a575e8e/datanode-2/data/ratis/2ee86a95-522c-4360-867f-5939509c6731 has been successfully formatted.
2019-08-29 08:21:08,381 [pool-403-thread-1] INFO  ratis.ContainerStateMachine (ContainerStateMachine.java:loadSnapshot(227)) - group-5939509C6731: The snapshot info is null. Setting the last applied indexto:(t:0, i:~)
2019-08-29 08:21:08,381 [pool-403-thread-1] INFO  server.RaftServerConfigKeys (ConfUtils.java:logGet(43)) - raft.server.leader.election.timeout = 120s (custom)
2019-08-29 08:21:08,381 [pool-403-thread-1] INFO  server.RaftServerConfigKeys (ConfUtils.java:logGet(43)) - raft.server.log.use.memory = false (default)
2019-08-29 08:21:08,381 [pool-403-thread-1] INFO  server.RaftServerConfigKeys (ConfUtils.java:logGet(43)) - raft.server.log.purge.gap = 1000000 (custom)
2019-08-29 08:21:08,381 [pool-403-thread-1] INFO  server.RaftServerConfigKeys (ConfUtils.java:logGet(43)) - raft.server.log.appender.buffer.byte-limit = 33554432 (custom)
2019-08-29 08:21:08,382 [pool-403-thread-1] INFO  server.RaftServerConfigKeys (ConfUtils.java:logGet(43)) - raft.server.log.segment.size.max = 1048576 (custom)
2019-08-29 08:21:08,382 [pool-403-thread-1] INFO  server.RaftServerConfigKeys (ConfUtils.java:logGet(43)) - raft.server.log.segment.cache.num.max = 2 (custom)
2019-08-29 08:21:08,382 [pool-403-thread-1] INFO  segmented.SegmentedRaftLogWorker (SegmentedRaftLogWorker.java:<init>(172)) - new 9bb01ed7-5505-4dbc-8edc-35bafa85ec64-SegmentedRaftLogWorker:Storage Directory /workdir/hadoop-ozone/integration-test/target/test-dir/MiniOzoneClusterImpl-841c1828-71e0-4d26-8272-ed449a575e8e/datanode-2/data/ratis/2ee86a95-522c-4360-867f-5939509c6731 for RaftStorage:Storage Directory /workdir/hadoop-ozone/integration-test/target/test-dir/MiniOzoneClusterImpl-841c1828-71e0-4d26-8272-ed449a575e8e/datanode-2/data/ratis/2ee86a95-522c-4360-867f-5939509c6731
2019-08-29 08:21:08,382 [pool-403-thread-1] INFO  server.RaftServerConfigKeys (ConfUtils.java:logGet(43)) - raft.server.log.queue.byte-limit = 2147483647 (custom)
2019-08-29 08:21:08,382 [pool-403-thread-1] INFO  server.RaftServerConfigKeys (ConfUtils.java:logGet(43)) - raft.server.log.queue.element-limit = 1024 (custom)
2019-08-29 08:21:08,383 [pool-403-thread-1] INFO  server.RaftServerConfigKeys (ConfUtils.java:logGet(43)) - raft.server.log.segment.size.max = 1048576 (custom)
2019-08-29 08:21:08,383 [pool-403-thread-1] INFO  server.RaftServerConfigKeys (ConfUtils.java:logGet(43)) - raft.server.log.preallocated.size = 16384 (custom)
2019-08-29 08:21:08,383 [pool-403-thread-1] INFO  server.RaftServerConfigKeys (ConfUtils.java:logGet(43)) - raft.server.log.write.buffer.size = 33554432 (custom)
2019-08-29 08:21:08,383 [pool-403-thread-1] INFO  server.RaftServerConfigKeys (ConfUtils.java:logGet(43)) - raft.server.log.force.sync.num = 128 (default)
2019-08-29 08:21:08,383 [pool-403-thread-1] INFO  server.RaftServerConfigKeys (ConfUtils.java:logGet(43)) - raft.server.log.statemachine.data.sync = true (default)
2019-08-29 08:21:08,384 [pool-403-thread-1] INFO  server.RaftServerConfigKeys (ConfUtils.java:logGet(43)) - raft.server.log.statemachine.data.sync.timeout = 10s (default)
2019-08-29 08:21:08,384 [pool-403-thread-1] INFO  server.RaftServerConfigKeys (ConfUtils.java:logGet(43)) - raft.server.log.statemachine.data.sync.timeout.retry = -1 (default)
2019-08-29 08:21:08,384 [pool-403-thread-1] INFO  server.RaftServerConfigKeys (ConfUtils.java:logGet(43)) - raft.server.log.statemachine.data.caching.enabled = true (custom)
2019-08-29 08:21:08,385 [pool-403-thread-1] INFO  segmented.SegmentedRaftLogWorker (SegmentedRaftLogWorker.java:lambda$new$0(132)) - 9bb01ed7-5505-4dbc-8edc-35bafa85ec64-SegmentedRaftLogWorker:Storage Directory /workdir/hadoop-ozone/integration-test/target/test-dir/MiniOzoneClusterImpl-841c1828-71e0-4d26-8272-ed449a575e8e/datanode-2/data/ratis/2ee86a95-522c-4360-867f-5939509c6731: flushIndex: setUnconditionally 0 -> -1
2019-08-29 08:21:08,385 [pool-403-thread-1] INFO  server.RaftServerConfigKeys (ConfUtils.java:logGet(43)) - raft.server.snapshot.auto.trigger.enabled = true (custom)
2019-08-29 08:21:08,385 [pool-403-thread-1] INFO  server.RaftServerConfigKeys (ConfUtils.java:logGet(43)) - raft.server.snapshot.auto.trigger.threshold = 10000 (custom)
2019-08-29 08:21:08,385 [pool-403-thread-1] INFO  server.RaftServerConfigKeys (ConfUtils.java:logGet(43)) - raft.server.retrycache.expirytime = 600000ms (custom)
2019-08-29 08:21:08,386 [pool-403-thread-1] INFO  impl.RaftServerImpl (RaftServerImpl.java:start(180)) - 9bb01ed7-5505-4dbc-8edc-35bafa85ec64: start group-5939509C6731
2019-08-29 08:21:08,386 [pool-403-thread-1] INFO  impl.RaftServerImpl (RaftServerImpl.java:setRole(171)) - 9bb01ed7-5505-4dbc-8edc-35bafa85ec64:group-5939509C6731 changes role from null to FOLLOWER at term 0 for startAsFollower
2019-08-29 08:21:08,386 [pool-403-thread-1] INFO  impl.RoleInfo (RoleInfo.java:updateAndGet(143)) - 9bb01ed7-5505-4dbc-8edc-35bafa85ec64: start FollowerState
2019-08-29 08:21:08,386 [pool-403-thread-1] INFO  util.JmxRegister (JmxRegister.java:tryRegister(44)) - Successfully registered JMX Bean with object name Ratis:service=RaftServer,group=group-5939509C6731,id=9bb01ed7-5505-4dbc-8edc-35bafa85ec64
2019-08-29 08:21:08,389 [RatisPipelineUtilsThread] INFO  pipeline.PipelineStateManager (PipelineStateManager.java:addPipeline(56)) - Created pipeline Pipeline[ Id: 2ee86a95-522c-4360-867f-5939509c6731, Nodes: 9bb01ed7-5505-4dbc-8edc-35bafa85ec64{ip: 192.168.5.176, host: pr-hdds-1909-44d2n-1519487446, networkLocation: /default-rack, certSerialId: null}, Type:RATIS, Factor:ONE, State:OPEN]
2019-08-29 08:21:08,396 [grpc-default-executor-9] INFO  impl.RaftServerProxy (RaftServerProxy.java:addNew(89)) - dee279ab-8d1d-436b-bf0c-bfc83875726b: addNew group-CA06605AEE2F:[dee279ab-8d1d-436b-bf0c-bfc83875726b:192.168.5.176:43484] returns group-CA06605AEE2F:java.util.concurrent.CompletableFuture@14b297c6[Not completed]
2019-08-29 08:21:08,397 [pool-413-thread-1] INFO  impl.RaftServerImpl (RaftServerImpl.java:<init>(93)) - dee279ab-8d1d-436b-bf0c-bfc83875726b: new RaftServerImpl for group-CA06605AEE2F:[dee279ab-8d1d-436b-bf0c-bfc83875726b:192.168.5.176:43484] with ContainerStateMachine:uninitialized
2019-08-29 08:21:08,397 [pool-413-thread-1] INFO  server.RaftServerConfigKeys (ConfUtils.java:logGet(43)) - raft.server.rpc.timeout.min = 5s (custom)
2019-08-29 08:21:08,397 [pool-413-thread-1] INFO  server.RaftServerConfigKeys (ConfUtils.java:logGet(43)) - raft.server.rpc.timeout.max = 5200ms (custom)
2019-08-29 08:21:08,397 [pool-413-thread-1] INFO  server.RaftServerConfigKeys (ConfUtils.java:logGet(43)) - raft.server.rpcslowness.timeout = 120s (custom)
2019-08-29 08:21:08,397 [pool-413-thread-1] INFO  server.RaftServerConfigKeys (ConfUtils.java:logGet(43)) - raft.server.sleep.deviation.threshold = 300 (default)
2019-08-29 08:21:08,397 [pool-413-thread-1] INFO  server.RaftServerConfigKeys (ConfUtils.java:logGet(43)) - raft.server.log.appender.install.snapshot.enabled = false (custom)
2019-08-29 08:21:08,398 [pool-413-thread-1] INFO  impl.RaftServerImpl (ServerState.java:<init>(105)) - dee279ab-8d1d-436b-bf0c-bfc83875726b:group-CA06605AEE2F ConfigurationManager, init=-1: [dee279ab-8d1d-436b-bf0c-bfc83875726b:192.168.5.176:43484], old=null, confs=<EMPTY_MAP>
2019-08-29 08:21:08,398 [pool-413-thread-1] INFO  server.RaftServerConfigKeys (ConfUtils.java:logGet(43)) - raft.server.storage.dir = [/workdir/hadoop-ozone/integration-test/target/test-dir/MiniOzoneClusterImpl-841c1828-71e0-4d26-8272-ed449a575e8e/datanode-3/data/ratis] (custom)
2019-08-29 08:21:08,398 [pool-413-thread-1] INFO  storage.RaftStorageDirectory (RaftStorageDirectory.java:analyzeStorage(246)) - The storage directory /workdir/hadoop-ozone/integration-test/target/test-dir/MiniOzoneClusterImpl-841c1828-71e0-4d26-8272-ed449a575e8e/datanode-3/data/ratis/f76c793d-c5b2-4be7-bc84-ca06605aee2f does not exist. Creating ...
2019-08-29 08:21:08,410 [pool-413-thread-1] INFO  storage.RaftStorageDirectory (RaftStorageDirectory.java:tryLock(328)) - Lock on /workdir/hadoop-ozone/integration-test/target/test-dir/MiniOzoneClusterImpl-841c1828-71e0-4d26-8272-ed449a575e8e/datanode-3/data/ratis/f76c793d-c5b2-4be7-bc84-ca06605aee2f/in_use.lock acquired by nodename 22999@pr-hdds-1909-44d2n-1519487446
2019-08-29 08:21:08,414 [pool-413-thread-1] INFO  storage.RaftStorage (RaftStorage.java:format(72)) - Storage directory /workdir/hadoop-ozone/integration-test/target/test-dir/MiniOzoneClusterImpl-841c1828-71e0-4d26-8272-ed449a575e8e/datanode-3/data/ratis/f76c793d-c5b2-4be7-bc84-ca06605aee2f has been successfully formatted.
2019-08-29 08:21:08,414 [pool-413-thread-1] INFO  ratis.ContainerStateMachine (ContainerStateMachine.java:loadSnapshot(227)) - group-CA06605AEE2F: The snapshot info is null. Setting the last applied indexto:(t:0, i:~)
2019-08-29 08:21:08,414 [pool-413-thread-1] INFO  server.RaftServerConfigKeys (ConfUtils.java:logGet(43)) - raft.server.leader.election.timeout = 120s (custom)
2019-08-29 08:21:08,414 [pool-413-thread-1] INFO  server.RaftServerConfigKeys (ConfUtils.java:logGet(43)) - raft.server.log.use.memory = false (default)
2019-08-29 08:21:08,414 [pool-413-thread-1] INFO  server.RaftServerConfigKeys (ConfUtils.java:logGet(43)) - raft.server.log.purge.gap = 1000000 (custom)
2019-08-29 08:21:08,415 [pool-413-thread-1] INFO  server.RaftServerConfigKeys (ConfUtils.java:logGet(43)) - raft.server.log.appender.buffer.byte-limit = 33554432 (custom)
2019-08-29 08:21:08,415 [pool-413-thread-1] INFO  server.RaftServerConfigKeys (ConfUtils.java:logGet(43)) - raft.server.log.segment.size.max = 1048576 (custom)
2019-08-29 08:21:08,415 [pool-413-thread-1] INFO  server.RaftServerConfigKeys (ConfUtils.java:logGet(43)) - raft.server.log.segment.cache.num.max = 2 (custom)
2019-08-29 08:21:08,415 [pool-413-thread-1] INFO  segmented.SegmentedRaftLogWorker (SegmentedRaftLogWorker.java:<init>(172)) - new dee279ab-8d1d-436b-bf0c-bfc83875726b-SegmentedRaftLogWorker:Storage Directory /workdir/hadoop-ozone/integration-test/target/test-dir/MiniOzoneClusterImpl-841c1828-71e0-4d26-8272-ed449a575e8e/datanode-3/data/ratis/f76c793d-c5b2-4be7-bc84-ca06605aee2f for RaftStorage:Storage Directory /workdir/hadoop-ozone/integration-test/target/test-dir/MiniOzoneClusterImpl-841c1828-71e0-4d26-8272-ed449a575e8e/datanode-3/data/ratis/f76c793d-c5b2-4be7-bc84-ca06605aee2f
2019-08-29 08:21:08,415 [pool-413-thread-1] INFO  server.RaftServerConfigKeys (ConfUtils.java:logGet(43)) - raft.server.log.queue.byte-limit = 2147483647 (custom)
2019-08-29 08:21:08,415 [pool-413-thread-1] INFO  server.RaftServerConfigKeys (ConfUtils.java:logGet(43)) - raft.server.log.queue.element-limit = 1024 (custom)
2019-08-29 08:21:08,415 [pool-413-thread-1] INFO  server.RaftServerConfigKeys (ConfUtils.java:logGet(43)) - raft.server.log.segment.size.max = 1048576 (custom)
2019-08-29 08:21:08,415 [pool-413-thread-1] INFO  server.RaftServerConfigKeys (ConfUtils.java:logGet(43)) - raft.server.log.preallocated.size = 16384 (custom)
2019-08-29 08:21:08,415 [pool-413-thread-1] INFO  server.RaftServerConfigKeys (ConfUtils.java:logGet(43)) - raft.server.log.write.buffer.size = 33554432 (custom)
2019-08-29 08:21:08,415 [pool-413-thread-1] INFO  server.RaftServerConfigKeys (ConfUtils.java:logGet(43)) - raft.server.log.force.sync.num = 128 (default)
2019-08-29 08:21:08,416 [pool-413-thread-1] INFO  server.RaftServerConfigKeys (ConfUtils.java:logGet(43)) - raft.server.log.statemachine.data.sync = true (default)
2019-08-29 08:21:08,416 [pool-413-thread-1] INFO  server.RaftServerConfigKeys (ConfUtils.java:logGet(43)) - raft.server.log.statemachine.data.sync.timeout = 10s (default)
2019-08-29 08:21:08,416 [pool-413-thread-1] INFO  server.RaftServerConfigKeys (ConfUtils.java:logGet(43)) - raft.server.log.statemachine.data.sync.timeout.retry = -1 (default)
2019-08-29 08:21:08,416 [pool-413-thread-1] INFO  server.RaftServerConfigKeys (ConfUtils.java:logGet(43)) - raft.server.log.statemachine.data.caching.enabled = true (custom)
2019-08-29 08:21:08,416 [pool-413-thread-1] INFO  segmented.SegmentedRaftLogWorker (SegmentedRaftLogWorker.java:lambda$new$0(132)) - dee279ab-8d1d-436b-bf0c-bfc83875726b-SegmentedRaftLogWorker:Storage Directory /workdir/hadoop-ozone/integration-test/target/test-dir/MiniOzoneClusterImpl-841c1828-71e0-4d26-8272-ed449a575e8e/datanode-3/data/ratis/f76c793d-c5b2-4be7-bc84-ca06605aee2f: flushIndex: setUnconditionally 0 -> -1
2019-08-29 08:21:08,416 [pool-413-thread-1] INFO  server.RaftServerConfigKeys (ConfUtils.java:logGet(43)) - raft.server.snapshot.auto.trigger.enabled = true (custom)
2019-08-29 08:21:08,417 [pool-413-thread-1] INFO  server.RaftServerConfigKeys (ConfUtils.java:logGet(43)) - raft.server.snapshot.auto.trigger.threshold = 10000 (custom)
2019-08-29 08:21:08,417 [pool-413-thread-1] INFO  server.RaftServerConfigKeys (ConfUtils.java:logGet(43)) - raft.server.retrycache.expirytime = 600000ms (custom)
2019-08-29 08:21:08,417 [pool-413-thread-1] INFO  impl.RaftServerImpl (RaftServerImpl.java:start(180)) - dee279ab-8d1d-436b-bf0c-bfc83875726b: start group-CA06605AEE2F
2019-08-29 08:21:08,417 [pool-413-thread-1] INFO  impl.RaftServerImpl (RaftServerImpl.java:setRole(171)) - dee279ab-8d1d-436b-bf0c-bfc83875726b:group-CA06605AEE2F changes role from null to FOLLOWER at term 0 for startAsFollower
2019-08-29 08:21:08,417 [pool-413-thread-1] INFO  impl.RoleInfo (RoleInfo.java:updateAndGet(143)) - dee279ab-8d1d-436b-bf0c-bfc83875726b: start FollowerState
2019-08-29 08:21:08,417 [pool-413-thread-1] INFO  util.JmxRegister (JmxRegister.java:tryRegister(44)) - Successfully registered JMX Bean with object name Ratis:service=RaftServer,group=group-CA06605AEE2F,id=dee279ab-8d1d-436b-bf0c-bfc83875726b
2019-08-29 08:21:08,419 [RatisPipelineUtilsThread] INFO  pipeline.PipelineStateManager (PipelineStateManager.java:addPipeline(56)) - Created pipeline Pipeline[ Id: f76c793d-c5b2-4be7-bc84-ca06605aee2f, Nodes: dee279ab-8d1d-436b-bf0c-bfc83875726b{ip: 192.168.5.176, host: pr-hdds-1909-44d2n-1519487446, networkLocation: /default-rack, certSerialId: null}, Type:RATIS, Factor:ONE, State:OPEN]
2019-08-29 08:21:08,431 [grpc-default-executor-9] INFO  impl.RaftServerProxy (RaftServerProxy.java:addNew(89)) - dee279ab-8d1d-436b-bf0c-bfc83875726b: addNew group-A8FB78DB4B65:[dee279ab-8d1d-436b-bf0c-bfc83875726b:192.168.5.176:43484, 34289ccc-0131-4bf2-912a-923085112b8b:192.168.5.176:42680, 50f6d40d-2bc2-4e54-879b-6d63894238f6:192.168.5.176:42517] returns group-A8FB78DB4B65:java.util.concurrent.CompletableFuture@544a84a8[Not completed]
2019-08-29 08:21:08,431 [grpc-default-executor-9] INFO  impl.RaftServerProxy (RaftServerProxy.java:addNew(89)) - 34289ccc-0131-4bf2-912a-923085112b8b: addNew group-A8FB78DB4B65:[dee279ab-8d1d-436b-bf0c-bfc83875726b:192.168.5.176:43484, 34289ccc-0131-4bf2-912a-923085112b8b:192.168.5.176:42680, 50f6d40d-2bc2-4e54-879b-6d63894238f6:192.168.5.176:42517] returns group-A8FB78DB4B65:java.util.concurrent.CompletableFuture@76d9bcbb[Not completed]
2019-08-29 08:21:08,431 [grpc-default-executor-6] INFO  impl.RaftServerProxy (RaftServerProxy.java:addNew(89)) - 50f6d40d-2bc2-4e54-879b-6d63894238f6: addNew group-A8FB78DB4B65:[dee279ab-8d1d-436b-bf0c-bfc83875726b:192.168.5.176:43484, 34289ccc-0131-4bf2-912a-923085112b8b:192.168.5.176:42680, 50f6d40d-2bc2-4e54-879b-6d63894238f6:192.168.5.176:42517] returns group-A8FB78DB4B65:java.util.concurrent.CompletableFuture@1218e034[Not completed]
2019-08-29 08:21:08,431 [pool-413-thread-1] INFO  impl.RaftServerImpl (RaftServerImpl.java:<init>(93)) - dee279ab-8d1d-436b-bf0c-bfc83875726b: new RaftServerImpl for group-A8FB78DB4B65:[dee279ab-8d1d-436b-bf0c-bfc83875726b:192.168.5.176:43484, 34289ccc-0131-4bf2-912a-923085112b8b:192.168.5.176:42680, 50f6d40d-2bc2-4e54-879b-6d63894238f6:192.168.5.176:42517] with ContainerStateMachine:uninitialized
2019-08-29 08:21:08,432 [pool-413-thread-1] INFO  server.RaftServerConfigKeys (ConfUtils.java:logGet(43)) - raft.server.rpc.timeout.min = 5s (custom)
2019-08-29 08:21:08,432 [pool-413-thread-1] INFO  server.RaftServerConfigKeys (ConfUtils.java:logGet(43)) - raft.server.rpc.timeout.max = 5200ms (custom)
2019-08-29 08:21:08,432 [pool-413-thread-1] INFO  server.RaftServerConfigKeys (ConfUtils.java:logGet(43)) - raft.server.rpcslowness.timeout = 120s (custom)
2019-08-29 08:21:08,432 [pool-413-thread-1] INFO  server.RaftServerConfigKeys (ConfUtils.java:logGet(43)) - raft.server.sleep.deviation.threshold = 300 (default)
2019-08-29 08:21:08,432 [pool-413-thread-1] INFO  server.RaftServerConfigKeys (ConfUtils.java:logGet(43)) - raft.server.log.appender.install.snapshot.enabled = false (custom)
2019-08-29 08:21:08,432 [pool-413-thread-1] INFO  impl.RaftServerImpl (ServerState.java:<init>(105)) - dee279ab-8d1d-436b-bf0c-bfc83875726b:group-A8FB78DB4B65 ConfigurationManager, init=-1: [dee279ab-8d1d-436b-bf0c-bfc83875726b:192.168.5.176:43484, 34289ccc-0131-4bf2-912a-923085112b8b:192.168.5.176:42680, 50f6d40d-2bc2-4e54-879b-6d63894238f6:192.168.5.176:42517], old=null, confs=<EMPTY_MAP>
2019-08-29 08:21:08,432 [pool-413-thread-1] INFO  server.RaftServerConfigKeys (ConfUtils.java:logGet(43)) - raft.server.storage.dir = [/workdir/hadoop-ozone/integration-test/target/test-dir/MiniOzoneClusterImpl-841c1828-71e0-4d26-8272-ed449a575e8e/datanode-3/data/ratis] (custom)
2019-08-29 08:21:08,433 [pool-413-thread-1] INFO  storage.RaftStorageDirectory (RaftStorageDirectory.java:analyzeStorage(246)) - The storage directory /workdir/hadoop-ozone/integration-test/target/test-dir/MiniOzoneClusterImpl-841c1828-71e0-4d26-8272-ed449a575e8e/datanode-3/data/ratis/f6b7a050-8b80-47d6-90de-a8fb78db4b65 does not exist. Creating ...
2019-08-29 08:21:08,433 [pool-393-thread-1] INFO  impl.RaftServerImpl (RaftServerImpl.java:<init>(93)) - 34289ccc-0131-4bf2-912a-923085112b8b: new RaftServerImpl for group-A8FB78DB4B65:[dee279ab-8d1d-436b-bf0c-bfc83875726b:192.168.5.176:43484, 34289ccc-0131-4bf2-912a-923085112b8b:192.168.5.176:42680, 50f6d40d-2bc2-4e54-879b-6d63894238f6:192.168.5.176:42517] with ContainerStateMachine:uninitialized
2019-08-29 08:21:08,433 [pool-393-thread-1] INFO  server.RaftServerConfigKeys (ConfUtils.java:logGet(43)) - raft.server.rpc.timeout.min = 5s (custom)
2019-08-29 08:21:08,433 [pool-393-thread-1] INFO  server.RaftServerConfigKeys (ConfUtils.java:logGet(43)) - raft.server.rpc.timeout.max = 5200ms (custom)
2019-08-29 08:21:08,433 [pool-393-thread-1] INFO  server.RaftServerConfigKeys (ConfUtils.java:logGet(43)) - raft.server.rpcslowness.timeout = 120s (custom)
2019-08-29 08:21:08,433 [pool-393-thread-1] INFO  server.RaftServerConfigKeys (ConfUtils.java:logGet(43)) - raft.server.sleep.deviation.threshold = 300 (default)
2019-08-29 08:21:08,433 [pool-393-thread-1] INFO  server.RaftServerConfigKeys (ConfUtils.java:logGet(43)) - raft.server.log.appender.install.snapshot.enabled = false (custom)
2019-08-29 08:21:08,433 [pool-393-thread-1] INFO  impl.RaftServerImpl (ServerState.java:<init>(105)) - 34289ccc-0131-4bf2-912a-923085112b8b:group-A8FB78DB4B65 ConfigurationManager, init=-1: [dee279ab-8d1d-436b-bf0c-bfc83875726b:192.168.5.176:43484, 34289ccc-0131-4bf2-912a-923085112b8b:192.168.5.176:42680, 50f6d40d-2bc2-4e54-879b-6d63894238f6:192.168.5.176:42517], old=null, confs=<EMPTY_MAP>
2019-08-29 08:21:08,434 [pool-393-thread-1] INFO  server.RaftServerConfigKeys (ConfUtils.java:logGet(43)) - raft.server.storage.dir = [/workdir/hadoop-ozone/integration-test/target/test-dir/MiniOzoneClusterImpl-841c1828-71e0-4d26-8272-ed449a575e8e/datanode-1/data/ratis] (custom)
2019-08-29 08:21:08,434 [pool-383-thread-1] INFO  impl.RaftServerImpl (RaftServerImpl.java:<init>(93)) - 50f6d40d-2bc2-4e54-879b-6d63894238f6: new RaftServerImpl for group-A8FB78DB4B65:[dee279ab-8d1d-436b-bf0c-bfc83875726b:192.168.5.176:43484, 34289ccc-0131-4bf2-912a-923085112b8b:192.168.5.176:42680, 50f6d40d-2bc2-4e54-879b-6d63894238f6:192.168.5.176:42517] with ContainerStateMachine:uninitialized
2019-08-29 08:21:08,434 [pool-393-thread-1] INFO  storage.RaftStorageDirectory (RaftStorageDirectory.java:analyzeStorage(246)) - The storage directory /workdir/hadoop-ozone/integration-test/target/test-dir/MiniOzoneClusterImpl-841c1828-71e0-4d26-8272-ed449a575e8e/datanode-1/data/ratis/f6b7a050-8b80-47d6-90de-a8fb78db4b65 does not exist. Creating ...
2019-08-29 08:21:08,434 [pool-383-thread-1] INFO  server.RaftServerConfigKeys (ConfUtils.java:logGet(43)) - raft.server.rpc.timeout.min = 5s (custom)
2019-08-29 08:21:08,434 [pool-383-thread-1] INFO  server.RaftServerConfigKeys (ConfUtils.java:logGet(43)) - raft.server.rpc.timeout.max = 5200ms (custom)
2019-08-29 08:21:08,434 [pool-383-thread-1] INFO  server.RaftServerConfigKeys (ConfUtils.java:logGet(43)) - raft.server.rpcslowness.timeout = 120s (custom)
2019-08-29 08:21:08,434 [pool-383-thread-1] INFO  server.RaftServerConfigKeys (ConfUtils.java:logGet(43)) - raft.server.sleep.deviation.threshold = 300 (default)
2019-08-29 08:21:08,435 [pool-383-thread-1] INFO  server.RaftServerConfigKeys (ConfUtils.java:logGet(43)) - raft.server.log.appender.install.snapshot.enabled = false (custom)
2019-08-29 08:21:08,435 [pool-383-thread-1] INFO  impl.RaftServerImpl (ServerState.java:<init>(105)) - 50f6d40d-2bc2-4e54-879b-6d63894238f6:group-A8FB78DB4B65 ConfigurationManager, init=-1: [dee279ab-8d1d-436b-bf0c-bfc83875726b:192.168.5.176:43484, 34289ccc-0131-4bf2-912a-923085112b8b:192.168.5.176:42680, 50f6d40d-2bc2-4e54-879b-6d63894238f6:192.168.5.176:42517], old=null, confs=<EMPTY_MAP>
2019-08-29 08:21:08,435 [pool-383-thread-1] INFO  server.RaftServerConfigKeys (ConfUtils.java:logGet(43)) - raft.server.storage.dir = [/workdir/hadoop-ozone/integration-test/target/test-dir/MiniOzoneClusterImpl-841c1828-71e0-4d26-8272-ed449a575e8e/datanode-0/data/ratis] (custom)
2019-08-29 08:21:08,435 [pool-383-thread-1] INFO  storage.RaftStorageDirectory (RaftStorageDirectory.java:analyzeStorage(246)) - The storage directory /workdir/hadoop-ozone/integration-test/target/test-dir/MiniOzoneClusterImpl-841c1828-71e0-4d26-8272-ed449a575e8e/datanode-0/data/ratis/f6b7a050-8b80-47d6-90de-a8fb78db4b65 does not exist. Creating ...
2019-08-29 08:21:08,439 [IPC Server handler 4 on 37107] INFO  net.NetworkTopology (NetworkTopologyImpl.java:add(110)) - Added a new node: /default-rack/cc4b2557-0ea5-475f-9db5-2439a9a60883
2019-08-29 08:21:08,439 [IPC Server handler 4 on 37107] INFO  node.SCMNodeManager (SCMNodeManager.java:register(273)) - Registered Data node : cc4b2557-0ea5-475f-9db5-2439a9a60883{ip: 192.168.5.176, host: pr-hdds-1909-44d2n-1519487446, networkLocation: /default-rack, certSerialId: null}
2019-08-29 08:21:08,439 | INFO  | SCMAudit | user=jenkins1000 | ip=192.168.5.176 | op=REGISTER {datanodeDetails=cc4b2557-0ea5-475f-9db5-2439a9a60883{ip: 192.168.5.176, host: pr-hdds-1909-44d2n-1519487446, networkLocation: /default-rack, certSerialId: null}} | ret=SUCCESS |  
2019-08-29 08:21:08,459 [pool-393-thread-1] INFO  storage.RaftStorageDirectory (RaftStorageDirectory.java:tryLock(328)) - Lock on /workdir/hadoop-ozone/integration-test/target/test-dir/MiniOzoneClusterImpl-841c1828-71e0-4d26-8272-ed449a575e8e/datanode-1/data/ratis/f6b7a050-8b80-47d6-90de-a8fb78db4b65/in_use.lock acquired by nodename 22999@pr-hdds-1909-44d2n-1519487446
2019-08-29 08:21:08,459 [pool-413-thread-1] INFO  storage.RaftStorageDirectory (RaftStorageDirectory.java:tryLock(328)) - Lock on /workdir/hadoop-ozone/integration-test/target/test-dir/MiniOzoneClusterImpl-841c1828-71e0-4d26-8272-ed449a575e8e/datanode-3/data/ratis/f6b7a050-8b80-47d6-90de-a8fb78db4b65/in_use.lock acquired by nodename 22999@pr-hdds-1909-44d2n-1519487446
2019-08-29 08:21:08,459 [pool-383-thread-1] INFO  storage.RaftStorageDirectory (RaftStorageDirectory.java:tryLock(328)) - Lock on /workdir/hadoop-ozone/integration-test/target/test-dir/MiniOzoneClusterImpl-841c1828-71e0-4d26-8272-ed449a575e8e/datanode-0/data/ratis/f6b7a050-8b80-47d6-90de-a8fb78db4b65/in_use.lock acquired by nodename 22999@pr-hdds-1909-44d2n-1519487446
2019-08-29 08:21:08,485 [pool-413-thread-1] INFO  storage.RaftStorage (RaftStorage.java:format(72)) - Storage directory /workdir/hadoop-ozone/integration-test/target/test-dir/MiniOzoneClusterImpl-841c1828-71e0-4d26-8272-ed449a575e8e/datanode-3/data/ratis/f6b7a050-8b80-47d6-90de-a8fb78db4b65 has been successfully formatted.
2019-08-29 08:21:08,485 [pool-393-thread-1] INFO  storage.RaftStorage (RaftStorage.java:format(72)) - Storage directory /workdir/hadoop-ozone/integration-test/target/test-dir/MiniOzoneClusterImpl-841c1828-71e0-4d26-8272-ed449a575e8e/datanode-1/data/ratis/f6b7a050-8b80-47d6-90de-a8fb78db4b65 has been successfully formatted.
2019-08-29 08:21:08,485 [pool-383-thread-1] INFO  storage.RaftStorage (RaftStorage.java:format(72)) - Storage directory /workdir/hadoop-ozone/integration-test/target/test-dir/MiniOzoneClusterImpl-841c1828-71e0-4d26-8272-ed449a575e8e/datanode-0/data/ratis/f6b7a050-8b80-47d6-90de-a8fb78db4b65 has been successfully formatted.
2019-08-29 08:21:08,486 [pool-413-thread-1] INFO  ratis.ContainerStateMachine (ContainerStateMachine.java:loadSnapshot(227)) - group-A8FB78DB4B65: The snapshot info is null. Setting the last applied indexto:(t:0, i:~)
2019-08-29 08:21:08,486 [pool-383-thread-1] INFO  ratis.ContainerStateMachine (ContainerStateMachine.java:loadSnapshot(227)) - group-A8FB78DB4B65: The snapshot info is null. Setting the last applied indexto:(t:0, i:~)
2019-08-29 08:21:08,486 [pool-393-thread-1] INFO  ratis.ContainerStateMachine (ContainerStateMachine.java:loadSnapshot(227)) - group-A8FB78DB4B65: The snapshot info is null. Setting the last applied indexto:(t:0, i:~)
2019-08-29 08:21:08,486 [pool-383-thread-1] INFO  server.RaftServerConfigKeys (ConfUtils.java:logGet(43)) - raft.server.leader.election.timeout = 120s (custom)
2019-08-29 08:21:08,486 [pool-413-thread-1] INFO  server.RaftServerConfigKeys (ConfUtils.java:logGet(43)) - raft.server.leader.election.timeout = 120s (custom)
2019-08-29 08:21:08,486 [pool-383-thread-1] INFO  server.RaftServerConfigKeys (ConfUtils.java:logGet(43)) - raft.server.log.use.memory = false (default)
2019-08-29 08:21:08,486 [pool-393-thread-1] INFO  server.RaftServerConfigKeys (ConfUtils.java:logGet(43)) - raft.server.leader.election.timeout = 120s (custom)
2019-08-29 08:21:08,486 [pool-383-thread-1] INFO  server.RaftServerConfigKeys (ConfUtils.java:logGet(43)) - raft.server.log.purge.gap = 1000000 (custom)
2019-08-29 08:21:08,486 [pool-413-thread-1] INFO  server.RaftServerConfigKeys (ConfUtils.java:logGet(43)) - raft.server.log.use.memory = false (default)
2019-08-29 08:21:08,487 [pool-383-thread-1] INFO  server.RaftServerConfigKeys (ConfUtils.java:logGet(43)) - raft.server.log.appender.buffer.byte-limit = 33554432 (custom)
2019-08-29 08:21:08,487 [pool-393-thread-1] INFO  server.RaftServerConfigKeys (ConfUtils.java:logGet(43)) - raft.server.log.use.memory = false (default)
2019-08-29 08:21:08,487 [pool-383-thread-1] INFO  server.RaftServerConfigKeys (ConfUtils.java:logGet(43)) - raft.server.log.segment.size.max = 1048576 (custom)
2019-08-29 08:21:08,487 [pool-413-thread-1] INFO  server.RaftServerConfigKeys (ConfUtils.java:logGet(43)) - raft.server.log.purge.gap = 1000000 (custom)
2019-08-29 08:21:08,487 [pool-383-thread-1] INFO  server.RaftServerConfigKeys (ConfUtils.java:logGet(43)) - raft.server.log.segment.cache.num.max = 2 (custom)
2019-08-29 08:21:08,487 [pool-393-thread-1] INFO  server.RaftServerConfigKeys (ConfUtils.java:logGet(43)) - raft.server.log.purge.gap = 1000000 (custom)
2019-08-29 08:21:08,488 [pool-383-thread-1] INFO  segmented.SegmentedRaftLogWorker (SegmentedRaftLogWorker.java:<init>(172)) - new 50f6d40d-2bc2-4e54-879b-6d63894238f6-SegmentedRaftLogWorker:Storage Directory /workdir/hadoop-ozone/integration-test/target/test-dir/MiniOzoneClusterImpl-841c1828-71e0-4d26-8272-ed449a575e8e/datanode-0/data/ratis/f6b7a050-8b80-47d6-90de-a8fb78db4b65 for RaftStorage:Storage Directory /workdir/hadoop-ozone/integration-test/target/test-dir/MiniOzoneClusterImpl-841c1828-71e0-4d26-8272-ed449a575e8e/datanode-0/data/ratis/f6b7a050-8b80-47d6-90de-a8fb78db4b65
2019-08-29 08:21:08,487 [pool-413-thread-1] INFO  server.RaftServerConfigKeys (ConfUtils.java:logGet(43)) - raft.server.log.appender.buffer.byte-limit = 33554432 (custom)
2019-08-29 08:21:08,488 [pool-383-thread-1] INFO  server.RaftServerConfigKeys (ConfUtils.java:logGet(43)) - raft.server.log.queue.byte-limit = 2147483647 (custom)
2019-08-29 08:21:08,488 [pool-383-thread-1] INFO  server.RaftServerConfigKeys (ConfUtils.java:logGet(43)) - raft.server.log.queue.element-limit = 1024 (custom)
2019-08-29 08:21:08,488 [pool-393-thread-1] INFO  server.RaftServerConfigKeys (ConfUtils.java:logGet(43)) - raft.server.log.appender.buffer.byte-limit = 33554432 (custom)
2019-08-29 08:21:08,488 [pool-383-thread-1] INFO  server.RaftServerConfigKeys (ConfUtils.java:logGet(43)) - raft.server.log.segment.size.max = 1048576 (custom)
2019-08-29 08:21:08,488 [pool-413-thread-1] INFO  server.RaftServerConfigKeys (ConfUtils.java:logGet(43)) - raft.server.log.segment.size.max = 1048576 (custom)
2019-08-29 08:21:08,488 [pool-383-thread-1] INFO  server.RaftServerConfigKeys (ConfUtils.java:logGet(43)) - raft.server.log.preallocated.size = 16384 (custom)
2019-08-29 08:21:08,489 [pool-383-thread-1] INFO  server.RaftServerConfigKeys (ConfUtils.java:logGet(43)) - raft.server.log.write.buffer.size = 33554432 (custom)
2019-08-29 08:21:08,488 [pool-393-thread-1] INFO  server.RaftServerConfigKeys (ConfUtils.java:logGet(43)) - raft.server.log.segment.size.max = 1048576 (custom)
2019-08-29 08:21:08,489 [pool-383-thread-1] INFO  server.RaftServerConfigKeys (ConfUtils.java:logGet(43)) - raft.server.log.force.sync.num = 128 (default)
2019-08-29 08:21:08,489 [pool-413-thread-1] INFO  server.RaftServerConfigKeys (ConfUtils.java:logGet(43)) - raft.server.log.segment.cache.num.max = 2 (custom)
2019-08-29 08:21:08,489 [pool-383-thread-1] INFO  server.RaftServerConfigKeys (ConfUtils.java:logGet(43)) - raft.server.log.statemachine.data.sync = true (default)
2019-08-29 08:21:08,489 [pool-393-thread-1] INFO  server.RaftServerConfigKeys (ConfUtils.java:logGet(43)) - raft.server.log.segment.cache.num.max = 2 (custom)
2019-08-29 08:21:08,489 [pool-383-thread-1] INFO  server.RaftServerConfigKeys (ConfUtils.java:logGet(43)) - raft.server.log.statemachine.data.sync.timeout = 10s (default)
2019-08-29 08:21:08,489 [pool-413-thread-1] INFO  segmented.SegmentedRaftLogWorker (SegmentedRaftLogWorker.java:<init>(172)) - new dee279ab-8d1d-436b-bf0c-bfc83875726b-SegmentedRaftLogWorker:Storage Directory /workdir/hadoop-ozone/integration-test/target/test-dir/MiniOzoneClusterImpl-841c1828-71e0-4d26-8272-ed449a575e8e/datanode-3/data/ratis/f6b7a050-8b80-47d6-90de-a8fb78db4b65 for RaftStorage:Storage Directory /workdir/hadoop-ozone/integration-test/target/test-dir/MiniOzoneClusterImpl-841c1828-71e0-4d26-8272-ed449a575e8e/datanode-3/data/ratis/f6b7a050-8b80-47d6-90de-a8fb78db4b65
2019-08-29 08:21:08,490 [pool-383-thread-1] INFO  server.RaftServerConfigKeys (ConfUtils.java:logGet(43)) - raft.server.log.statemachine.data.sync.timeout.retry = -1 (default)
2019-08-29 08:21:08,489 [pool-393-thread-1] INFO  segmented.SegmentedRaftLogWorker (SegmentedRaftLogWorker.java:<init>(172)) - new 34289ccc-0131-4bf2-912a-923085112b8b-SegmentedRaftLogWorker:Storage Directory /workdir/hadoop-ozone/integration-test/target/test-dir/MiniOzoneClusterImpl-841c1828-71e0-4d26-8272-ed449a575e8e/datanode-1/data/ratis/f6b7a050-8b80-47d6-90de-a8fb78db4b65 for RaftStorage:Storage Directory /workdir/hadoop-ozone/integration-test/target/test-dir/MiniOzoneClusterImpl-841c1828-71e0-4d26-8272-ed449a575e8e/datanode-1/data/ratis/f6b7a050-8b80-47d6-90de-a8fb78db4b65
2019-08-29 08:21:08,490 [pool-383-thread-1] INFO  server.RaftServerConfigKeys (ConfUtils.java:logGet(43)) - raft.server.log.statemachine.data.caching.enabled = true (custom)
2019-08-29 08:21:08,490 [pool-413-thread-1] INFO  server.RaftServerConfigKeys (ConfUtils.java:logGet(43)) - raft.server.log.queue.byte-limit = 2147483647 (custom)
2019-08-29 08:21:08,490 [pool-393-thread-1] INFO  server.RaftServerConfigKeys (ConfUtils.java:logGet(43)) - raft.server.log.queue.byte-limit = 2147483647 (custom)
2019-08-29 08:21:08,490 [pool-383-thread-1] INFO  segmented.SegmentedRaftLogWorker (SegmentedRaftLogWorker.java:lambda$new$0(132)) - 50f6d40d-2bc2-4e54-879b-6d63894238f6-SegmentedRaftLogWorker:Storage Directory /workdir/hadoop-ozone/integration-test/target/test-dir/MiniOzoneClusterImpl-841c1828-71e0-4d26-8272-ed449a575e8e/datanode-0/data/ratis/f6b7a050-8b80-47d6-90de-a8fb78db4b65: flushIndex: setUnconditionally 0 -> -1
2019-08-29 08:21:08,490 [pool-413-thread-1] INFO  server.RaftServerConfigKeys (ConfUtils.java:logGet(43)) - raft.server.log.queue.element-limit = 1024 (custom)
2019-08-29 08:21:08,490 [pool-393-thread-1] INFO  server.RaftServerConfigKeys (ConfUtils.java:logGet(43)) - raft.server.log.queue.element-limit = 1024 (custom)
2019-08-29 08:21:08,491 [pool-383-thread-1] INFO  server.RaftServerConfigKeys (ConfUtils.java:logGet(43)) - raft.server.snapshot.auto.trigger.enabled = true (custom)
2019-08-29 08:21:08,491 [pool-413-thread-1] INFO  server.RaftServerConfigKeys (ConfUtils.java:logGet(43)) - raft.server.log.segment.size.max = 1048576 (custom)
2019-08-29 08:21:08,491 [pool-383-thread-1] INFO  server.RaftServerConfigKeys (ConfUtils.java:logGet(43)) - raft.server.snapshot.auto.trigger.threshold = 10000 (custom)
2019-08-29 08:21:08,491 [pool-393-thread-1] INFO  server.RaftServerConfigKeys (ConfUtils.java:logGet(43)) - raft.server.log.segment.size.max = 1048576 (custom)
2019-08-29 08:21:08,491 [pool-383-thread-1] INFO  server.RaftServerConfigKeys (ConfUtils.java:logGet(43)) - raft.server.retrycache.expirytime = 600000ms (custom)
2019-08-29 08:21:08,491 [pool-413-thread-1] INFO  server.RaftServerConfigKeys (ConfUtils.java:logGet(43)) - raft.server.log.preallocated.size = 16384 (custom)
2019-08-29 08:21:08,491 [pool-383-thread-1] INFO  impl.RaftServerImpl (RaftServerImpl.java:start(180)) - 50f6d40d-2bc2-4e54-879b-6d63894238f6: start group-A8FB78DB4B65
2019-08-29 08:21:08,491 [pool-383-thread-1] INFO  impl.RaftServerImpl (RaftServerImpl.java:setRole(171)) - 50f6d40d-2bc2-4e54-879b-6d63894238f6:group-A8FB78DB4B65 changes role from null to FOLLOWER at term 0 for startAsFollower
2019-08-29 08:21:08,491 [pool-393-thread-1] INFO  server.RaftServerConfigKeys (ConfUtils.java:logGet(43)) - raft.server.log.preallocated.size = 16384 (custom)
2019-08-29 08:21:08,492 [pool-383-thread-1] INFO  impl.RoleInfo (RoleInfo.java:updateAndGet(143)) - 50f6d40d-2bc2-4e54-879b-6d63894238f6: start FollowerState
2019-08-29 08:21:08,491 [pool-413-thread-1] INFO  server.RaftServerConfigKeys (ConfUtils.java:logGet(43)) - raft.server.log.write.buffer.size = 33554432 (custom)
2019-08-29 08:21:08,492 [pool-393-thread-1] INFO  server.RaftServerConfigKeys (ConfUtils.java:logGet(43)) - raft.server.log.write.buffer.size = 33554432 (custom)
2019-08-29 08:21:08,492 [pool-413-thread-1] INFO  server.RaftServerConfigKeys (ConfUtils.java:logGet(43)) - raft.server.log.force.sync.num = 128 (default)
2019-08-29 08:21:08,492 [pool-383-thread-1] INFO  util.JmxRegister (JmxRegister.java:tryRegister(44)) - Successfully registered JMX Bean with object name Ratis:service=RaftServer,group=group-A8FB78DB4B65,id=50f6d40d-2bc2-4e54-879b-6d63894238f6
2019-08-29 08:21:08,492 [pool-393-thread-1] INFO  server.RaftServerConfigKeys (ConfUtils.java:logGet(43)) - raft.server.log.force.sync.num = 128 (default)
2019-08-29 08:21:08,492 [pool-413-thread-1] INFO  server.RaftServerConfigKeys (ConfUtils.java:logGet(43)) - raft.server.log.statemachine.data.sync = true (default)
2019-08-29 08:21:08,492 [pool-393-thread-1] INFO  server.RaftServerConfigKeys (ConfUtils.java:logGet(43)) - raft.server.log.statemachine.data.sync = true (default)
2019-08-29 08:21:08,492 [pool-413-thread-1] INFO  server.RaftServerConfigKeys (ConfUtils.java:logGet(43)) - raft.server.log.statemachine.data.sync.timeout = 10s (default)
2019-08-29 08:21:08,493 [pool-393-thread-1] INFO  server.RaftServerConfigKeys (ConfUtils.java:logGet(43)) - raft.server.log.statemachine.data.sync.timeout = 10s (default)
2019-08-29 08:21:08,493 [pool-413-thread-1] INFO  server.RaftServerConfigKeys (ConfUtils.java:logGet(43)) - raft.server.log.statemachine.data.sync.timeout.retry = -1 (default)
2019-08-29 08:21:08,493 [pool-393-thread-1] INFO  server.RaftServerConfigKeys (ConfUtils.java:logGet(43)) - raft.server.log.statemachine.data.sync.timeout.retry = -1 (default)
2019-08-29 08:21:08,493 [pool-413-thread-1] INFO  server.RaftServerConfigKeys (ConfUtils.java:logGet(43)) - raft.server.log.statemachine.data.caching.enabled = true (custom)
2019-08-29 08:21:08,493 [pool-393-thread-1] INFO  server.RaftServerConfigKeys (ConfUtils.java:logGet(43)) - raft.server.log.statemachine.data.caching.enabled = true (custom)
2019-08-29 08:21:08,493 [pool-413-thread-1] INFO  segmented.SegmentedRaftLogWorker (SegmentedRaftLogWorker.java:lambda$new$0(132)) - dee279ab-8d1d-436b-bf0c-bfc83875726b-SegmentedRaftLogWorker:Storage Directory /workdir/hadoop-ozone/integration-test/target/test-dir/MiniOzoneClusterImpl-841c1828-71e0-4d26-8272-ed449a575e8e/datanode-3/data/ratis/f6b7a050-8b80-47d6-90de-a8fb78db4b65: flushIndex: setUnconditionally 0 -> -1
2019-08-29 08:21:08,494 [pool-413-thread-1] INFO  server.RaftServerConfigKeys (ConfUtils.java:logGet(43)) - raft.server.snapshot.auto.trigger.enabled = true (custom)
2019-08-29 08:21:08,494 [pool-393-thread-1] INFO  segmented.SegmentedRaftLogWorker (SegmentedRaftLogWorker.java:lambda$new$0(132)) - 34289ccc-0131-4bf2-912a-923085112b8b-SegmentedRaftLogWorker:Storage Directory /workdir/hadoop-ozone/integration-test/target/test-dir/MiniOzoneClusterImpl-841c1828-71e0-4d26-8272-ed449a575e8e/datanode-1/data/ratis/f6b7a050-8b80-47d6-90de-a8fb78db4b65: flushIndex: setUnconditionally 0 -> -1
2019-08-29 08:21:08,494 [pool-413-thread-1] INFO  server.RaftServerConfigKeys (ConfUtils.java:logGet(43)) - raft.server.snapshot.auto.trigger.threshold = 10000 (custom)
2019-08-29 08:21:08,494 [pool-413-thread-1] INFO  server.RaftServerConfigKeys (ConfUtils.java:logGet(43)) - raft.server.retrycache.expirytime = 600000ms (custom)
2019-08-29 08:21:08,494 [pool-393-thread-1] INFO  server.RaftServerConfigKeys (ConfUtils.java:logGet(43)) - raft.server.snapshot.auto.trigger.enabled = true (custom)
2019-08-29 08:21:08,494 [pool-413-thread-1] INFO  impl.RaftServerImpl (RaftServerImpl.java:start(180)) - dee279ab-8d1d-436b-bf0c-bfc83875726b: start group-A8FB78DB4B65
2019-08-29 08:21:08,494 [pool-393-thread-1] INFO  server.RaftServerConfigKeys (ConfUtils.java:logGet(43)) - raft.server.snapshot.auto.trigger.threshold = 10000 (custom)
2019-08-29 08:21:08,495 [pool-413-thread-1] INFO  impl.RaftServerImpl (RaftServerImpl.java:setRole(171)) - dee279ab-8d1d-436b-bf0c-bfc83875726b:group-A8FB78DB4B65 changes role from null to FOLLOWER at term 0 for startAsFollower
2019-08-29 08:21:08,495 [pool-393-thread-1] INFO  server.RaftServerConfigKeys (ConfUtils.java:logGet(43)) - raft.server.retrycache.expirytime = 600000ms (custom)
2019-08-29 08:21:08,495 [pool-413-thread-1] INFO  impl.RoleInfo (RoleInfo.java:updateAndGet(143)) - dee279ab-8d1d-436b-bf0c-bfc83875726b: start FollowerState
2019-08-29 08:21:08,495 [pool-393-thread-1] INFO  impl.RaftServerImpl (RaftServerImpl.java:start(180)) - 34289ccc-0131-4bf2-912a-923085112b8b: start group-A8FB78DB4B65
2019-08-29 08:21:08,495 [pool-393-thread-1] INFO  impl.RaftServerImpl (RaftServerImpl.java:setRole(171)) - 34289ccc-0131-4bf2-912a-923085112b8b:group-A8FB78DB4B65 changes role from null to FOLLOWER at term 0 for startAsFollower
2019-08-29 08:21:08,495 [pool-413-thread-1] INFO  util.JmxRegister (JmxRegister.java:tryRegister(44)) - Successfully registered JMX Bean with object name Ratis:service=RaftServer,group=group-A8FB78DB4B65,id=dee279ab-8d1d-436b-bf0c-bfc83875726b
2019-08-29 08:21:08,495 [pool-393-thread-1] INFO  impl.RoleInfo (RoleInfo.java:updateAndGet(143)) - 34289ccc-0131-4bf2-912a-923085112b8b: start FollowerState
2019-08-29 08:21:08,496 [pool-393-thread-1] INFO  util.JmxRegister (JmxRegister.java:tryRegister(44)) - Successfully registered JMX Bean with object name Ratis:service=RaftServer,group=group-A8FB78DB4B65,id=34289ccc-0131-4bf2-912a-923085112b8b
2019-08-29 08:21:08,498 [RatisPipelineUtilsThread] INFO  pipeline.PipelineStateManager (PipelineStateManager.java:addPipeline(56)) - Created pipeline Pipeline[ Id: f6b7a050-8b80-47d6-90de-a8fb78db4b65, Nodes: 50f6d40d-2bc2-4e54-879b-6d63894238f6{ip: 192.168.5.176, host: pr-hdds-1909-44d2n-1519487446, networkLocation: /default-rack, certSerialId: null}dee279ab-8d1d-436b-bf0c-bfc83875726b{ip: 192.168.5.176, host: pr-hdds-1909-44d2n-1519487446, networkLocation: /default-rack, certSerialId: null}34289ccc-0131-4bf2-912a-923085112b8b{ip: 192.168.5.176, host: pr-hdds-1909-44d2n-1519487446, networkLocation: /default-rack, certSerialId: null}, Type:RATIS, Factor:THREE, State:OPEN]
2019-08-29 08:21:08,505 [IPC Server handler 5 on 37107] INFO  net.NetworkTopology (NetworkTopologyImpl.java:add(110)) - Added a new node: /default-rack/271f8211-225d-4484-9b6c-f1d75a783c94
2019-08-29 08:21:08,505 [IPC Server handler 5 on 37107] INFO  node.SCMNodeManager (SCMNodeManager.java:register(273)) - Registered Data node : 271f8211-225d-4484-9b6c-f1d75a783c94{ip: 192.168.5.176, host: pr-hdds-1909-44d2n-1519487446, networkLocation: /default-rack, certSerialId: null}
2019-08-29 08:21:08,507 | INFO  | SCMAudit | user=jenkins1000 | ip=192.168.5.176 | op=REGISTER {datanodeDetails=271f8211-225d-4484-9b6c-f1d75a783c94{ip: 192.168.5.176, host: pr-hdds-1909-44d2n-1519487446, networkLocation: /default-rack, certSerialId: null}} | ret=SUCCESS |  
2019-08-29 08:21:08,507 [grpc-default-executor-6] INFO  impl.RaftServerProxy (RaftServerProxy.java:addNew(89)) - cc4b2557-0ea5-475f-9db5-2439a9a60883: addNew group-4CB9B95F296B:[cc4b2557-0ea5-475f-9db5-2439a9a60883:192.168.5.176:45507] returns group-4CB9B95F296B:java.util.concurrent.CompletableFuture@abbe1d2[Not completed]
2019-08-29 08:21:08,509 [pool-423-thread-1] INFO  impl.RaftServerImpl (RaftServerImpl.java:<init>(93)) - cc4b2557-0ea5-475f-9db5-2439a9a60883: new RaftServerImpl for group-4CB9B95F296B:[cc4b2557-0ea5-475f-9db5-2439a9a60883:192.168.5.176:45507] with ContainerStateMachine:uninitialized
2019-08-29 08:21:08,510 [pool-423-thread-1] INFO  server.RaftServerConfigKeys (ConfUtils.java:logGet(43)) - raft.server.rpc.timeout.min = 5s (custom)
2019-08-29 08:21:08,510 [pool-423-thread-1] INFO  server.RaftServerConfigKeys (ConfUtils.java:logGet(43)) - raft.server.rpc.timeout.max = 5200ms (custom)
2019-08-29 08:21:08,510 [pool-423-thread-1] INFO  server.RaftServerConfigKeys (ConfUtils.java:logGet(43)) - raft.server.rpcslowness.timeout = 120s (custom)
2019-08-29 08:21:08,510 [pool-423-thread-1] INFO  server.RaftServerConfigKeys (ConfUtils.java:logGet(43)) - raft.server.sleep.deviation.threshold = 300 (default)
2019-08-29 08:21:08,511 [pool-423-thread-1] INFO  server.RaftServerConfigKeys (ConfUtils.java:logGet(43)) - raft.server.log.appender.install.snapshot.enabled = false (custom)
2019-08-29 08:21:08,511 [pool-423-thread-1] INFO  impl.RaftServerImpl (ServerState.java:<init>(105)) - cc4b2557-0ea5-475f-9db5-2439a9a60883:group-4CB9B95F296B ConfigurationManager, init=-1: [cc4b2557-0ea5-475f-9db5-2439a9a60883:192.168.5.176:45507], old=null, confs=<EMPTY_MAP>
2019-08-29 08:21:08,511 [pool-423-thread-1] INFO  server.RaftServerConfigKeys (ConfUtils.java:logGet(43)) - raft.server.storage.dir = [/workdir/hadoop-ozone/integration-test/target/test-dir/MiniOzoneClusterImpl-841c1828-71e0-4d26-8272-ed449a575e8e/datanode-4/data/ratis] (custom)
2019-08-29 08:21:08,511 [pool-423-thread-1] INFO  storage.RaftStorageDirectory (RaftStorageDirectory.java:analyzeStorage(246)) - The storage directory /workdir/hadoop-ozone/integration-test/target/test-dir/MiniOzoneClusterImpl-841c1828-71e0-4d26-8272-ed449a575e8e/datanode-4/data/ratis/804056fc-3017-4c1b-9e2f-4cb9b95f296b does not exist. Creating ...
2019-08-29 08:21:08,525 [pool-423-thread-1] INFO  storage.RaftStorageDirectory (RaftStorageDirectory.java:tryLock(328)) - Lock on /workdir/hadoop-ozone/integration-test/target/test-dir/MiniOzoneClusterImpl-841c1828-71e0-4d26-8272-ed449a575e8e/datanode-4/data/ratis/804056fc-3017-4c1b-9e2f-4cb9b95f296b/in_use.lock acquired by nodename 22999@pr-hdds-1909-44d2n-1519487446
2019-08-29 08:21:08,538 [pool-423-thread-1] INFO  storage.RaftStorage (RaftStorage.java:format(72)) - Storage directory /workdir/hadoop-ozone/integration-test/target/test-dir/MiniOzoneClusterImpl-841c1828-71e0-4d26-8272-ed449a575e8e/datanode-4/data/ratis/804056fc-3017-4c1b-9e2f-4cb9b95f296b has been successfully formatted.
2019-08-29 08:21:08,539 [pool-423-thread-1] INFO  ratis.ContainerStateMachine (ContainerStateMachine.java:loadSnapshot(227)) - group-4CB9B95F296B: The snapshot info is null. Setting the last applied indexto:(t:0, i:~)
2019-08-29 08:21:08,539 [pool-423-thread-1] INFO  server.RaftServerConfigKeys (ConfUtils.java:logGet(43)) - raft.server.leader.election.timeout = 120s (custom)
2019-08-29 08:21:08,539 [pool-423-thread-1] INFO  server.RaftServerConfigKeys (ConfUtils.java:logGet(43)) - raft.server.log.use.memory = false (default)
2019-08-29 08:21:08,539 [pool-423-thread-1] INFO  server.RaftServerConfigKeys (ConfUtils.java:logGet(43)) - raft.server.log.purge.gap = 1000000 (custom)
2019-08-29 08:21:08,539 [pool-423-thread-1] INFO  server.RaftServerConfigKeys (ConfUtils.java:logGet(43)) - raft.server.log.appender.buffer.byte-limit = 33554432 (custom)
2019-08-29 08:21:08,540 [pool-423-thread-1] INFO  server.RaftServerConfigKeys (ConfUtils.java:logGet(43)) - raft.server.log.segment.size.max = 1048576 (custom)
2019-08-29 08:21:08,540 [pool-423-thread-1] INFO  server.RaftServerConfigKeys (ConfUtils.java:logGet(43)) - raft.server.log.segment.cache.num.max = 2 (custom)
2019-08-29 08:21:08,540 [pool-423-thread-1] INFO  segmented.SegmentedRaftLogWorker (SegmentedRaftLogWorker.java:<init>(172)) - new cc4b2557-0ea5-475f-9db5-2439a9a60883-SegmentedRaftLogWorker:Storage Directory /workdir/hadoop-ozone/integration-test/target/test-dir/MiniOzoneClusterImpl-841c1828-71e0-4d26-8272-ed449a575e8e/datanode-4/data/ratis/804056fc-3017-4c1b-9e2f-4cb9b95f296b for RaftStorage:Storage Directory /workdir/hadoop-ozone/integration-test/target/test-dir/MiniOzoneClusterImpl-841c1828-71e0-4d26-8272-ed449a575e8e/datanode-4/data/ratis/804056fc-3017-4c1b-9e2f-4cb9b95f296b
2019-08-29 08:21:08,540 [pool-423-thread-1] INFO  server.RaftServerConfigKeys (ConfUtils.java:logGet(43)) - raft.server.log.queue.byte-limit = 2147483647 (custom)
2019-08-29 08:21:08,540 [pool-423-thread-1] INFO  server.RaftServerConfigKeys (ConfUtils.java:logGet(43)) - raft.server.log.queue.element-limit = 1024 (custom)
2019-08-29 08:21:08,541 [pool-423-thread-1] INFO  server.RaftServerConfigKeys (ConfUtils.java:logGet(43)) - raft.server.log.segment.size.max = 1048576 (custom)
2019-08-29 08:21:08,541 [pool-423-thread-1] INFO  server.RaftServerConfigKeys (ConfUtils.java:logGet(43)) - raft.server.log.preallocated.size = 16384 (custom)
2019-08-29 08:21:08,541 [pool-423-thread-1] INFO  server.RaftServerConfigKeys (ConfUtils.java:logGet(43)) - raft.server.log.write.buffer.size = 33554432 (custom)
2019-08-29 08:21:08,541 [pool-423-thread-1] INFO  server.RaftServerConfigKeys (ConfUtils.java:logGet(43)) - raft.server.log.force.sync.num = 128 (default)
2019-08-29 08:21:08,541 [pool-423-thread-1] INFO  server.RaftServerConfigKeys (ConfUtils.java:logGet(43)) - raft.server.log.statemachine.data.sync = true (default)
2019-08-29 08:21:08,542 [pool-423-thread-1] INFO  server.RaftServerConfigKeys (ConfUtils.java:logGet(43)) - raft.server.log.statemachine.data.sync.timeout = 10s (default)
2019-08-29 08:21:08,542 [pool-423-thread-1] INFO  server.RaftServerConfigKeys (ConfUtils.java:logGet(43)) - raft.server.log.statemachine.data.sync.timeout.retry = -1 (default)
2019-08-29 08:21:08,542 [pool-423-thread-1] INFO  server.RaftServerConfigKeys (ConfUtils.java:logGet(43)) - raft.server.log.statemachine.data.caching.enabled = true (custom)
2019-08-29 08:21:08,543 [pool-423-thread-1] INFO  segmented.SegmentedRaftLogWorker (SegmentedRaftLogWorker.java:lambda$new$0(132)) - cc4b2557-0ea5-475f-9db5-2439a9a60883-SegmentedRaftLogWorker:Storage Directory /workdir/hadoop-ozone/integration-test/target/test-dir/MiniOzoneClusterImpl-841c1828-71e0-4d26-8272-ed449a575e8e/datanode-4/data/ratis/804056fc-3017-4c1b-9e2f-4cb9b95f296b: flushIndex: setUnconditionally 0 -> -1
2019-08-29 08:21:08,543 [pool-423-thread-1] INFO  server.RaftServerConfigKeys (ConfUtils.java:logGet(43)) - raft.server.snapshot.auto.trigger.enabled = true (custom)
2019-08-29 08:21:08,543 [pool-423-thread-1] INFO  server.RaftServerConfigKeys (ConfUtils.java:logGet(43)) - raft.server.snapshot.auto.trigger.threshold = 10000 (custom)
2019-08-29 08:21:08,543 [pool-423-thread-1] INFO  server.RaftServerConfigKeys (ConfUtils.java:logGet(43)) - raft.server.retrycache.expirytime = 600000ms (custom)
2019-08-29 08:21:08,544 [pool-423-thread-1] INFO  impl.RaftServerImpl (RaftServerImpl.java:start(180)) - cc4b2557-0ea5-475f-9db5-2439a9a60883: start group-4CB9B95F296B
2019-08-29 08:21:08,544 [pool-423-thread-1] INFO  impl.RaftServerImpl (RaftServerImpl.java:setRole(171)) - cc4b2557-0ea5-475f-9db5-2439a9a60883:group-4CB9B95F296B changes role from null to FOLLOWER at term 0 for startAsFollower
2019-08-29 08:21:08,544 [pool-423-thread-1] INFO  impl.RoleInfo (RoleInfo.java:updateAndGet(143)) - cc4b2557-0ea5-475f-9db5-2439a9a60883: start FollowerState
2019-08-29 08:21:08,544 [pool-423-thread-1] INFO  util.JmxRegister (JmxRegister.java:tryRegister(44)) - Successfully registered JMX Bean with object name Ratis:service=RaftServer,group=group-4CB9B95F296B,id=cc4b2557-0ea5-475f-9db5-2439a9a60883
2019-08-29 08:21:08,546 [RatisPipelineUtilsThread] INFO  pipeline.PipelineStateManager (PipelineStateManager.java:addPipeline(56)) - Created pipeline Pipeline[ Id: 804056fc-3017-4c1b-9e2f-4cb9b95f296b, Nodes: cc4b2557-0ea5-475f-9db5-2439a9a60883{ip: 192.168.5.176, host: pr-hdds-1909-44d2n-1519487446, networkLocation: /default-rack, certSerialId: null}, Type:RATIS, Factor:ONE, State:OPEN]
2019-08-29 08:21:08,554 [grpc-default-executor-6] INFO  impl.RaftServerProxy (RaftServerProxy.java:addNew(89)) - 271f8211-225d-4484-9b6c-f1d75a783c94: addNew group-E43B0CFE041C:[271f8211-225d-4484-9b6c-f1d75a783c94:192.168.5.176:43423] returns group-E43B0CFE041C:java.util.concurrent.CompletableFuture@38601d4e[Not completed]
2019-08-29 08:21:08,555 [pool-433-thread-1] INFO  impl.RaftServerImpl (RaftServerImpl.java:<init>(93)) - 271f8211-225d-4484-9b6c-f1d75a783c94: new RaftServerImpl for group-E43B0CFE041C:[271f8211-225d-4484-9b6c-f1d75a783c94:192.168.5.176:43423] with ContainerStateMachine:uninitialized
2019-08-29 08:21:08,555 [pool-433-thread-1] INFO  server.RaftServerConfigKeys (ConfUtils.java:logGet(43)) - raft.server.rpc.timeout.min = 5s (custom)
2019-08-29 08:21:08,556 [pool-433-thread-1] INFO  server.RaftServerConfigKeys (ConfUtils.java:logGet(43)) - raft.server.rpc.timeout.max = 5200ms (custom)
2019-08-29 08:21:08,556 [pool-433-thread-1] INFO  server.RaftServerConfigKeys (ConfUtils.java:logGet(43)) - raft.server.rpcslowness.timeout = 120s (custom)
2019-08-29 08:21:08,556 [pool-433-thread-1] INFO  server.RaftServerConfigKeys (ConfUtils.java:logGet(43)) - raft.server.sleep.deviation.threshold = 300 (default)
2019-08-29 08:21:08,556 [pool-433-thread-1] INFO  server.RaftServerConfigKeys (ConfUtils.java:logGet(43)) - raft.server.log.appender.install.snapshot.enabled = false (custom)
2019-08-29 08:21:08,556 [pool-433-thread-1] INFO  impl.RaftServerImpl (ServerState.java:<init>(105)) - 271f8211-225d-4484-9b6c-f1d75a783c94:group-E43B0CFE041C ConfigurationManager, init=-1: [271f8211-225d-4484-9b6c-f1d75a783c94:192.168.5.176:43423], old=null, confs=<EMPTY_MAP>
2019-08-29 08:21:08,556 [pool-433-thread-1] INFO  server.RaftServerConfigKeys (ConfUtils.java:logGet(43)) - raft.server.storage.dir = [/workdir/hadoop-ozone/integration-test/target/test-dir/MiniOzoneClusterImpl-841c1828-71e0-4d26-8272-ed449a575e8e/datanode-5/data/ratis] (custom)
2019-08-29 08:21:08,556 [pool-433-thread-1] INFO  storage.RaftStorageDirectory (RaftStorageDirectory.java:analyzeStorage(246)) - The storage directory /workdir/hadoop-ozone/integration-test/target/test-dir/MiniOzoneClusterImpl-841c1828-71e0-4d26-8272-ed449a575e8e/datanode-5/data/ratis/cddcc2ef-99d6-40df-95b9-e43b0cfe041c does not exist. Creating ...
2019-08-29 08:21:08,564 [main] INFO  ozone.MiniOzoneClusterImpl (MiniOzoneClusterImpl.java:lambda$waitForClusterToBeReady$0(140)) - Waiting for cluster to be ready. Got 6 of 7 DN Heartbeats.
2019-08-29 08:21:08,565 [IPC Server handler 7 on 37107] INFO  net.NetworkTopology (NetworkTopologyImpl.java:add(110)) - Added a new node: /default-rack/7b403b74-006b-4f5b-8344-7aa370d356f8
2019-08-29 08:21:08,565 [IPC Server handler 7 on 37107] INFO  node.SCMNodeManager (SCMNodeManager.java:register(273)) - Registered Data node : 7b403b74-006b-4f5b-8344-7aa370d356f8{ip: 192.168.5.176, host: pr-hdds-1909-44d2n-1519487446, networkLocation: /default-rack, certSerialId: null}
2019-08-29 08:21:08,566 | INFO  | SCMAudit | user=jenkins1000 | ip=192.168.5.176 | op=REGISTER {datanodeDetails=7b403b74-006b-4f5b-8344-7aa370d356f8{ip: 192.168.5.176, host: pr-hdds-1909-44d2n-1519487446, networkLocation: /default-rack, certSerialId: null}} | ret=SUCCESS |  
2019-08-29 08:21:08,571 [pool-433-thread-1] INFO  storage.RaftStorageDirectory (RaftStorageDirectory.java:tryLock(328)) - Lock on /workdir/hadoop-ozone/integration-test/target/test-dir/MiniOzoneClusterImpl-841c1828-71e0-4d26-8272-ed449a575e8e/datanode-5/data/ratis/cddcc2ef-99d6-40df-95b9-e43b0cfe041c/in_use.lock acquired by nodename 22999@pr-hdds-1909-44d2n-1519487446
2019-08-29 08:21:08,583 [pool-433-thread-1] INFO  storage.RaftStorage (RaftStorage.java:format(72)) - Storage directory /workdir/hadoop-ozone/integration-test/target/test-dir/MiniOzoneClusterImpl-841c1828-71e0-4d26-8272-ed449a575e8e/datanode-5/data/ratis/cddcc2ef-99d6-40df-95b9-e43b0cfe041c has been successfully formatted.
2019-08-29 08:21:08,583 [pool-433-thread-1] INFO  ratis.ContainerStateMachine (ContainerStateMachine.java:loadSnapshot(227)) - group-E43B0CFE041C: The snapshot info is null. Setting the last applied indexto:(t:0, i:~)
2019-08-29 08:21:08,583 [pool-433-thread-1] INFO  server.RaftServerConfigKeys (ConfUtils.java:logGet(43)) - raft.server.leader.election.timeout = 120s (custom)
2019-08-29 08:21:08,583 [pool-433-thread-1] INFO  server.RaftServerConfigKeys (ConfUtils.java:logGet(43)) - raft.server.log.use.memory = false (default)
2019-08-29 08:21:08,584 [pool-433-thread-1] INFO  server.RaftServerConfigKeys (ConfUtils.java:logGet(43)) - raft.server.log.purge.gap = 1000000 (custom)
2019-08-29 08:21:08,584 [pool-433-thread-1] INFO  server.RaftServerConfigKeys (ConfUtils.java:logGet(43)) - raft.server.log.appender.buffer.byte-limit = 33554432 (custom)
2019-08-29 08:21:08,584 [pool-433-thread-1] INFO  server.RaftServerConfigKeys (ConfUtils.java:logGet(43)) - raft.server.log.segment.size.max = 1048576 (custom)
2019-08-29 08:21:08,584 [pool-433-thread-1] INFO  server.RaftServerConfigKeys (ConfUtils.java:logGet(43)) - raft.server.log.segment.cache.num.max = 2 (custom)
2019-08-29 08:21:08,584 [pool-433-thread-1] INFO  segmented.SegmentedRaftLogWorker (SegmentedRaftLogWorker.java:<init>(172)) - new 271f8211-225d-4484-9b6c-f1d75a783c94-SegmentedRaftLogWorker:Storage Directory /workdir/hadoop-ozone/integration-test/target/test-dir/MiniOzoneClusterImpl-841c1828-71e0-4d26-8272-ed449a575e8e/datanode-5/data/ratis/cddcc2ef-99d6-40df-95b9-e43b0cfe041c for RaftStorage:Storage Directory /workdir/hadoop-ozone/integration-test/target/test-dir/MiniOzoneClusterImpl-841c1828-71e0-4d26-8272-ed449a575e8e/datanode-5/data/ratis/cddcc2ef-99d6-40df-95b9-e43b0cfe041c
2019-08-29 08:21:08,584 [pool-433-thread-1] INFO  server.RaftServerConfigKeys (ConfUtils.java:logGet(43)) - raft.server.log.queue.byte-limit = 2147483647 (custom)
2019-08-29 08:21:08,584 [pool-433-thread-1] INFO  server.RaftServerConfigKeys (ConfUtils.java:logGet(43)) - raft.server.log.queue.element-limit = 1024 (custom)
2019-08-29 08:21:08,585 [pool-433-thread-1] INFO  server.RaftServerConfigKeys (ConfUtils.java:logGet(43)) - raft.server.log.segment.size.max = 1048576 (custom)
2019-08-29 08:21:08,585 [pool-433-thread-1] INFO  server.RaftServerConfigKeys (ConfUtils.java:logGet(43)) - raft.server.log.preallocated.size = 16384 (custom)
2019-08-29 08:21:08,585 [pool-433-thread-1] INFO  server.RaftServerConfigKeys (ConfUtils.java:logGet(43)) - raft.server.log.write.buffer.size = 33554432 (custom)
2019-08-29 08:21:08,585 [pool-433-thread-1] INFO  server.RaftServerConfigKeys (ConfUtils.java:logGet(43)) - raft.server.log.force.sync.num = 128 (default)
2019-08-29 08:21:08,585 [pool-433-thread-1] INFO  server.RaftServerConfigKeys (ConfUtils.java:logGet(43)) - raft.server.log.statemachine.data.sync = true (default)
2019-08-29 08:21:08,585 [pool-433-thread-1] INFO  server.RaftServerConfigKeys (ConfUtils.java:logGet(43)) - raft.server.log.statemachine.data.sync.timeout = 10s (default)
2019-08-29 08:21:08,585 [pool-433-thread-1] INFO  server.RaftServerConfigKeys (ConfUtils.java:logGet(43)) - raft.server.log.statemachine.data.sync.timeout.retry = -1 (default)
2019-08-29 08:21:08,586 [pool-433-thread-1] INFO  server.RaftServerConfigKeys (ConfUtils.java:logGet(43)) - raft.server.log.statemachine.data.caching.enabled = true (custom)
2019-08-29 08:21:08,586 [pool-433-thread-1] INFO  segmented.SegmentedRaftLogWorker (SegmentedRaftLogWorker.java:lambda$new$0(132)) - 271f8211-225d-4484-9b6c-f1d75a783c94-SegmentedRaftLogWorker:Storage Directory /workdir/hadoop-ozone/integration-test/target/test-dir/MiniOzoneClusterImpl-841c1828-71e0-4d26-8272-ed449a575e8e/datanode-5/data/ratis/cddcc2ef-99d6-40df-95b9-e43b0cfe041c: flushIndex: setUnconditionally 0 -> -1
2019-08-29 08:21:08,586 [pool-433-thread-1] INFO  server.RaftServerConfigKeys (ConfUtils.java:logGet(43)) - raft.server.snapshot.auto.trigger.enabled = true (custom)
2019-08-29 08:21:08,587 [pool-433-thread-1] INFO  server.RaftServerConfigKeys (ConfUtils.java:logGet(43)) - raft.server.snapshot.auto.trigger.threshold = 10000 (custom)
2019-08-29 08:21:08,587 [pool-433-thread-1] INFO  server.RaftServerConfigKeys (ConfUtils.java:logGet(43)) - raft.server.retrycache.expirytime = 600000ms (custom)
2019-08-29 08:21:08,587 [pool-433-thread-1] INFO  impl.RaftServerImpl (RaftServerImpl.java:start(180)) - 271f8211-225d-4484-9b6c-f1d75a783c94: start group-E43B0CFE041C
2019-08-29 08:21:08,587 [pool-433-thread-1] INFO  impl.RaftServerImpl (RaftServerImpl.java:setRole(171)) - 271f8211-225d-4484-9b6c-f1d75a783c94:group-E43B0CFE041C changes role from null to FOLLOWER at term 0 for startAsFollower
2019-08-29 08:21:08,587 [pool-433-thread-1] INFO  impl.RoleInfo (RoleInfo.java:updateAndGet(143)) - 271f8211-225d-4484-9b6c-f1d75a783c94: start FollowerState
2019-08-29 08:21:08,588 [pool-433-thread-1] INFO  util.JmxRegister (JmxRegister.java:tryRegister(44)) - Successfully registered JMX Bean with object name Ratis:service=RaftServer,group=group-E43B0CFE041C,id=271f8211-225d-4484-9b6c-f1d75a783c94
2019-08-29 08:21:08,590 [RatisPipelineUtilsThread] INFO  pipeline.PipelineStateManager (PipelineStateManager.java:addPipeline(56)) - Created pipeline Pipeline[ Id: cddcc2ef-99d6-40df-95b9-e43b0cfe041c, Nodes: 271f8211-225d-4484-9b6c-f1d75a783c94{ip: 192.168.5.176, host: pr-hdds-1909-44d2n-1519487446, networkLocation: /default-rack, certSerialId: null}, Type:RATIS, Factor:ONE, State:OPEN]
2019-08-29 08:21:08,609 [grpc-default-executor-6] INFO  impl.RaftServerProxy (RaftServerProxy.java:addNew(89)) - 7b403b74-006b-4f5b-8344-7aa370d356f8: addNew group-8AEF7C2F287D:[7b403b74-006b-4f5b-8344-7aa370d356f8:192.168.5.176:45140] returns group-8AEF7C2F287D:java.util.concurrent.CompletableFuture@5213798f[Not completed]
2019-08-29 08:21:08,610 [pool-443-thread-1] INFO  impl.RaftServerImpl (RaftServerImpl.java:<init>(93)) - 7b403b74-006b-4f5b-8344-7aa370d356f8: new RaftServerImpl for group-8AEF7C2F287D:[7b403b74-006b-4f5b-8344-7aa370d356f8:192.168.5.176:45140] with ContainerStateMachine:uninitialized
2019-08-29 08:21:08,610 [pool-443-thread-1] INFO  server.RaftServerConfigKeys (ConfUtils.java:logGet(43)) - raft.server.rpc.timeout.min = 5s (custom)
2019-08-29 08:21:08,611 [pool-443-thread-1] INFO  server.RaftServerConfigKeys (ConfUtils.java:logGet(43)) - raft.server.rpc.timeout.max = 5200ms (custom)
2019-08-29 08:21:08,611 [pool-443-thread-1] INFO  server.RaftServerConfigKeys (ConfUtils.java:logGet(43)) - raft.server.rpcslowness.timeout = 120s (custom)
2019-08-29 08:21:08,611 [pool-443-thread-1] INFO  server.RaftServerConfigKeys (ConfUtils.java:logGet(43)) - raft.server.sleep.deviation.threshold = 300 (default)
2019-08-29 08:21:08,611 [pool-443-thread-1] INFO  server.RaftServerConfigKeys (ConfUtils.java:logGet(43)) - raft.server.log.appender.install.snapshot.enabled = false (custom)
2019-08-29 08:21:08,611 [pool-443-thread-1] INFO  impl.RaftServerImpl (ServerState.java:<init>(105)) - 7b403b74-006b-4f5b-8344-7aa370d356f8:group-8AEF7C2F287D ConfigurationManager, init=-1: [7b403b74-006b-4f5b-8344-7aa370d356f8:192.168.5.176:45140], old=null, confs=<EMPTY_MAP>
2019-08-29 08:21:08,611 [pool-443-thread-1] INFO  server.RaftServerConfigKeys (ConfUtils.java:logGet(43)) - raft.server.storage.dir = [/workdir/hadoop-ozone/integration-test/target/test-dir/MiniOzoneClusterImpl-841c1828-71e0-4d26-8272-ed449a575e8e/datanode-6/data/ratis] (custom)
2019-08-29 08:21:08,612 [pool-443-thread-1] INFO  storage.RaftStorageDirectory (RaftStorageDirectory.java:analyzeStorage(246)) - The storage directory /workdir/hadoop-ozone/integration-test/target/test-dir/MiniOzoneClusterImpl-841c1828-71e0-4d26-8272-ed449a575e8e/datanode-6/data/ratis/cb43f753-fd0c-4ad4-b3c7-8aef7c2f287d does not exist. Creating ...
2019-08-29 08:21:08,639 [pool-443-thread-1] INFO  storage.RaftStorageDirectory (RaftStorageDirectory.java:tryLock(328)) - Lock on /workdir/hadoop-ozone/integration-test/target/test-dir/MiniOzoneClusterImpl-841c1828-71e0-4d26-8272-ed449a575e8e/datanode-6/data/ratis/cb43f753-fd0c-4ad4-b3c7-8aef7c2f287d/in_use.lock acquired by nodename 22999@pr-hdds-1909-44d2n-1519487446
2019-08-29 08:21:08,699 [pool-443-thread-1] INFO  storage.RaftStorage (RaftStorage.java:format(72)) - Storage directory /workdir/hadoop-ozone/integration-test/target/test-dir/MiniOzoneClusterImpl-841c1828-71e0-4d26-8272-ed449a575e8e/datanode-6/data/ratis/cb43f753-fd0c-4ad4-b3c7-8aef7c2f287d has been successfully formatted.
2019-08-29 08:21:08,699 [pool-443-thread-1] INFO  ratis.ContainerStateMachine (ContainerStateMachine.java:loadSnapshot(227)) - group-8AEF7C2F287D: The snapshot info is null. Setting the last applied indexto:(t:0, i:~)
2019-08-29 08:21:08,699 [pool-443-thread-1] INFO  server.RaftServerConfigKeys (ConfUtils.java:logGet(43)) - raft.server.leader.election.timeout = 120s (custom)
2019-08-29 08:21:08,700 [pool-443-thread-1] INFO  server.RaftServerConfigKeys (ConfUtils.java:logGet(43)) - raft.server.log.use.memory = false (default)
2019-08-29 08:21:08,700 [pool-443-thread-1] INFO  server.RaftServerConfigKeys (ConfUtils.java:logGet(43)) - raft.server.log.purge.gap = 1000000 (custom)
2019-08-29 08:21:08,700 [pool-443-thread-1] INFO  server.RaftServerConfigKeys (ConfUtils.java:logGet(43)) - raft.server.log.appender.buffer.byte-limit = 33554432 (custom)
2019-08-29 08:21:08,700 [pool-443-thread-1] INFO  server.RaftServerConfigKeys (ConfUtils.java:logGet(43)) - raft.server.log.segment.size.max = 1048576 (custom)
2019-08-29 08:21:08,700 [pool-443-thread-1] INFO  server.RaftServerConfigKeys (ConfUtils.java:logGet(43)) - raft.server.log.segment.cache.num.max = 2 (custom)
2019-08-29 08:21:08,700 [pool-443-thread-1] INFO  segmented.SegmentedRaftLogWorker (SegmentedRaftLogWorker.java:<init>(172)) - new 7b403b74-006b-4f5b-8344-7aa370d356f8-SegmentedRaftLogWorker:Storage Directory /workdir/hadoop-ozone/integration-test/target/test-dir/MiniOzoneClusterImpl-841c1828-71e0-4d26-8272-ed449a575e8e/datanode-6/data/ratis/cb43f753-fd0c-4ad4-b3c7-8aef7c2f287d for RaftStorage:Storage Directory /workdir/hadoop-ozone/integration-test/target/test-dir/MiniOzoneClusterImpl-841c1828-71e0-4d26-8272-ed449a575e8e/datanode-6/data/ratis/cb43f753-fd0c-4ad4-b3c7-8aef7c2f287d
2019-08-29 08:21:08,701 [pool-443-thread-1] INFO  server.RaftServerConfigKeys (ConfUtils.java:logGet(43)) - raft.server.log.queue.byte-limit = 2147483647 (custom)
2019-08-29 08:21:08,701 [pool-443-thread-1] INFO  server.RaftServerConfigKeys (ConfUtils.java:logGet(43)) - raft.server.log.queue.element-limit = 1024 (custom)
2019-08-29 08:21:08,701 [pool-443-thread-1] INFO  server.RaftServerConfigKeys (ConfUtils.java:logGet(43)) - raft.server.log.segment.size.max = 1048576 (custom)
2019-08-29 08:21:08,701 [pool-443-thread-1] INFO  server.RaftServerConfigKeys (ConfUtils.java:logGet(43)) - raft.server.log.preallocated.size = 16384 (custom)
2019-08-29 08:21:08,701 [pool-443-thread-1] INFO  server.RaftServerConfigKeys (ConfUtils.java:logGet(43)) - raft.server.log.write.buffer.size = 33554432 (custom)
2019-08-29 08:21:08,702 [pool-443-thread-1] INFO  server.RaftServerConfigKeys (ConfUtils.java:logGet(43)) - raft.server.log.force.sync.num = 128 (default)
2019-08-29 08:21:08,702 [pool-443-thread-1] INFO  server.RaftServerConfigKeys (ConfUtils.java:logGet(43)) - raft.server.log.statemachine.data.sync = true (default)
2019-08-29 08:21:08,702 [pool-443-thread-1] INFO  server.RaftServerConfigKeys (ConfUtils.java:logGet(43)) - raft.server.log.statemachine.data.sync.timeout = 10s (default)
2019-08-29 08:21:08,702 [pool-443-thread-1] INFO  server.RaftServerConfigKeys (ConfUtils.java:logGet(43)) - raft.server.log.statemachine.data.sync.timeout.retry = -1 (default)
2019-08-29 08:21:08,703 [pool-443-thread-1] INFO  server.RaftServerConfigKeys (ConfUtils.java:logGet(43)) - raft.server.log.statemachine.data.caching.enabled = true (custom)
2019-08-29 08:21:08,703 [pool-443-thread-1] INFO  segmented.SegmentedRaftLogWorker (SegmentedRaftLogWorker.java:lambda$new$0(132)) - 7b403b74-006b-4f5b-8344-7aa370d356f8-SegmentedRaftLogWorker:Storage Directory /workdir/hadoop-ozone/integration-test/target/test-dir/MiniOzoneClusterImpl-841c1828-71e0-4d26-8272-ed449a575e8e/datanode-6/data/ratis/cb43f753-fd0c-4ad4-b3c7-8aef7c2f287d: flushIndex: setUnconditionally 0 -> -1
2019-08-29 08:21:08,704 [pool-443-thread-1] INFO  server.RaftServerConfigKeys (ConfUtils.java:logGet(43)) - raft.server.snapshot.auto.trigger.enabled = true (custom)
2019-08-29 08:21:08,704 [pool-443-thread-1] INFO  server.RaftServerConfigKeys (ConfUtils.java:logGet(43)) - raft.server.snapshot.auto.trigger.threshold = 10000 (custom)
2019-08-29 08:21:08,704 [pool-443-thread-1] INFO  server.RaftServerConfigKeys (ConfUtils.java:logGet(43)) - raft.server.retrycache.expirytime = 600000ms (custom)
2019-08-29 08:21:08,705 [pool-443-thread-1] INFO  impl.RaftServerImpl (RaftServerImpl.java:start(180)) - 7b403b74-006b-4f5b-8344-7aa370d356f8: start group-8AEF7C2F287D
2019-08-29 08:21:08,705 [pool-443-thread-1] INFO  impl.RaftServerImpl (RaftServerImpl.java:setRole(171)) - 7b403b74-006b-4f5b-8344-7aa370d356f8:group-8AEF7C2F287D changes role from null to FOLLOWER at term 0 for startAsFollower
2019-08-29 08:21:08,705 [pool-443-thread-1] INFO  impl.RoleInfo (RoleInfo.java:updateAndGet(143)) - 7b403b74-006b-4f5b-8344-7aa370d356f8: start FollowerState
2019-08-29 08:21:08,705 [pool-443-thread-1] INFO  util.JmxRegister (JmxRegister.java:tryRegister(44)) - Successfully registered JMX Bean with object name Ratis:service=RaftServer,group=group-8AEF7C2F287D,id=7b403b74-006b-4f5b-8344-7aa370d356f8
2019-08-29 08:21:08,708 [RatisPipelineUtilsThread] INFO  pipeline.PipelineStateManager (PipelineStateManager.java:addPipeline(56)) - Created pipeline Pipeline[ Id: cb43f753-fd0c-4ad4-b3c7-8aef7c2f287d, Nodes: 7b403b74-006b-4f5b-8344-7aa370d356f8{ip: 192.168.5.176, host: pr-hdds-1909-44d2n-1519487446, networkLocation: /default-rack, certSerialId: null}, Type:RATIS, Factor:ONE, State:OPEN]
2019-08-29 08:21:08,719 [grpc-default-executor-8] INFO  impl.RaftServerProxy (RaftServerProxy.java:addNew(89)) - 9bb01ed7-5505-4dbc-8edc-35bafa85ec64: addNew group-252FE0D095E5:[271f8211-225d-4484-9b6c-f1d75a783c94:192.168.5.176:43423, 7b403b74-006b-4f5b-8344-7aa370d356f8:192.168.5.176:45140, 9bb01ed7-5505-4dbc-8edc-35bafa85ec64:192.168.5.176:37172] returns group-252FE0D095E5:java.util.concurrent.CompletableFuture@464147b1[Not completed]
2019-08-29 08:21:08,719 [grpc-default-executor-9] INFO  impl.RaftServerProxy (RaftServerProxy.java:addNew(89)) - 271f8211-225d-4484-9b6c-f1d75a783c94: addNew group-252FE0D095E5:[271f8211-225d-4484-9b6c-f1d75a783c94:192.168.5.176:43423, 7b403b74-006b-4f5b-8344-7aa370d356f8:192.168.5.176:45140, 9bb01ed7-5505-4dbc-8edc-35bafa85ec64:192.168.5.176:37172] returns group-252FE0D095E5:java.util.concurrent.CompletableFuture@6a386da6[Not completed]
2019-08-29 08:21:08,719 [grpc-default-executor-6] INFO  impl.RaftServerProxy (RaftServerProxy.java:addNew(89)) - 7b403b74-006b-4f5b-8344-7aa370d356f8: addNew group-252FE0D095E5:[271f8211-225d-4484-9b6c-f1d75a783c94:192.168.5.176:43423, 7b403b74-006b-4f5b-8344-7aa370d356f8:192.168.5.176:45140, 9bb01ed7-5505-4dbc-8edc-35bafa85ec64:192.168.5.176:37172] returns group-252FE0D095E5:java.util.concurrent.CompletableFuture@13d388d[Not completed]
2019-08-29 08:21:08,720 [pool-433-thread-1] INFO  impl.RaftServerImpl (RaftServerImpl.java:<init>(93)) - 271f8211-225d-4484-9b6c-f1d75a783c94: new RaftServerImpl for group-252FE0D095E5:[271f8211-225d-4484-9b6c-f1d75a783c94:192.168.5.176:43423, 7b403b74-006b-4f5b-8344-7aa370d356f8:192.168.5.176:45140, 9bb01ed7-5505-4dbc-8edc-35bafa85ec64:192.168.5.176:37172] with ContainerStateMachine:uninitialized
2019-08-29 08:21:08,721 [pool-433-thread-1] INFO  server.RaftServerConfigKeys (ConfUtils.java:logGet(43)) - raft.server.rpc.timeout.min = 5s (custom)
2019-08-29 08:21:08,721 [pool-433-thread-1] INFO  server.RaftServerConfigKeys (ConfUtils.java:logGet(43)) - raft.server.rpc.timeout.max = 5200ms (custom)
2019-08-29 08:21:08,721 [pool-433-thread-1] INFO  server.RaftServerConfigKeys (ConfUtils.java:logGet(43)) - raft.server.rpcslowness.timeout = 120s (custom)
2019-08-29 08:21:08,721 [pool-433-thread-1] INFO  server.RaftServerConfigKeys (ConfUtils.java:logGet(43)) - raft.server.sleep.deviation.threshold = 300 (default)
2019-08-29 08:21:08,721 [pool-433-thread-1] INFO  server.RaftServerConfigKeys (ConfUtils.java:logGet(43)) - raft.server.log.appender.install.snapshot.enabled = false (custom)
2019-08-29 08:21:08,721 [pool-433-thread-1] INFO  impl.RaftServerImpl (ServerState.java:<init>(105)) - 271f8211-225d-4484-9b6c-f1d75a783c94:group-252FE0D095E5 ConfigurationManager, init=-1: [271f8211-225d-4484-9b6c-f1d75a783c94:192.168.5.176:43423, 7b403b74-006b-4f5b-8344-7aa370d356f8:192.168.5.176:45140, 9bb01ed7-5505-4dbc-8edc-35bafa85ec64:192.168.5.176:37172], old=null, confs=<EMPTY_MAP>
2019-08-29 08:21:08,721 [pool-403-thread-1] INFO  impl.RaftServerImpl (RaftServerImpl.java:<init>(93)) - 9bb01ed7-5505-4dbc-8edc-35bafa85ec64: new RaftServerImpl for group-252FE0D095E5:[271f8211-225d-4484-9b6c-f1d75a783c94:192.168.5.176:43423, 7b403b74-006b-4f5b-8344-7aa370d356f8:192.168.5.176:45140, 9bb01ed7-5505-4dbc-8edc-35bafa85ec64:192.168.5.176:37172] with ContainerStateMachine:uninitialized
2019-08-29 08:21:08,721 [pool-433-thread-1] INFO  server.RaftServerConfigKeys (ConfUtils.java:logGet(43)) - raft.server.storage.dir = [/workdir/hadoop-ozone/integration-test/target/test-dir/MiniOzoneClusterImpl-841c1828-71e0-4d26-8272-ed449a575e8e/datanode-5/data/ratis] (custom)
2019-08-29 08:21:08,721 [pool-403-thread-1] INFO  server.RaftServerConfigKeys (ConfUtils.java:logGet(43)) - raft.server.rpc.timeout.min = 5s (custom)
2019-08-29 08:21:08,721 [pool-403-thread-1] INFO  server.RaftServerConfigKeys (ConfUtils.java:logGet(43)) - raft.server.rpc.timeout.max = 5200ms (custom)
2019-08-29 08:21:08,722 [pool-443-thread-1] INFO  impl.RaftServerImpl (RaftServerImpl.java:<init>(93)) - 7b403b74-006b-4f5b-8344-7aa370d356f8: new RaftServerImpl for group-252FE0D095E5:[271f8211-225d-4484-9b6c-f1d75a783c94:192.168.5.176:43423, 7b403b74-006b-4f5b-8344-7aa370d356f8:192.168.5.176:45140, 9bb01ed7-5505-4dbc-8edc-35bafa85ec64:192.168.5.176:37172] with ContainerStateMachine:uninitialized
2019-08-29 08:21:08,722 [pool-433-thread-1] INFO  storage.RaftStorageDirectory (RaftStorageDirectory.java:analyzeStorage(246)) - The storage directory /workdir/hadoop-ozone/integration-test/target/test-dir/MiniOzoneClusterImpl-841c1828-71e0-4d26-8272-ed449a575e8e/datanode-5/data/ratis/f55fd86e-7941-47d0-8893-252fe0d095e5 does not exist. Creating ...
2019-08-29 08:21:08,722 [pool-443-thread-1] INFO  server.RaftServerConfigKeys (ConfUtils.java:logGet(43)) - raft.server.rpc.timeout.min = 5s (custom)
2019-08-29 08:21:08,722 [pool-403-thread-1] INFO  server.RaftServerConfigKeys (ConfUtils.java:logGet(43)) - raft.server.rpcslowness.timeout = 120s (custom)
2019-08-29 08:21:08,722 [pool-443-thread-1] INFO  server.RaftServerConfigKeys (ConfUtils.java:logGet(43)) - raft.server.rpc.timeout.max = 5200ms (custom)
2019-08-29 08:21:08,722 [pool-403-thread-1] INFO  server.RaftServerConfigKeys (ConfUtils.java:logGet(43)) - raft.server.sleep.deviation.threshold = 300 (default)
2019-08-29 08:21:08,722 [pool-443-thread-1] INFO  server.RaftServerConfigKeys (ConfUtils.java:logGet(43)) - raft.server.rpcslowness.timeout = 120s (custom)
2019-08-29 08:21:08,722 [pool-403-thread-1] INFO  server.RaftServerConfigKeys (ConfUtils.java:logGet(43)) - raft.server.log.appender.install.snapshot.enabled = false (custom)
2019-08-29 08:21:08,723 [pool-443-thread-1] INFO  server.RaftServerConfigKeys (ConfUtils.java:logGet(43)) - raft.server.sleep.deviation.threshold = 300 (default)
2019-08-29 08:21:08,723 [pool-403-thread-1] INFO  impl.RaftServerImpl (ServerState.java:<init>(105)) - 9bb01ed7-5505-4dbc-8edc-35bafa85ec64:group-252FE0D095E5 ConfigurationManager, init=-1: [271f8211-225d-4484-9b6c-f1d75a783c94:192.168.5.176:43423, 7b403b74-006b-4f5b-8344-7aa370d356f8:192.168.5.176:45140, 9bb01ed7-5505-4dbc-8edc-35bafa85ec64:192.168.5.176:37172], old=null, confs=<EMPTY_MAP>
2019-08-29 08:21:08,723 [pool-443-thread-1] INFO  server.RaftServerConfigKeys (ConfUtils.java:logGet(43)) - raft.server.log.appender.install.snapshot.enabled = false (custom)
2019-08-29 08:21:08,723 [pool-403-thread-1] INFO  server.RaftServerConfigKeys (ConfUtils.java:logGet(43)) - raft.server.storage.dir = [/workdir/hadoop-ozone/integration-test/target/test-dir/MiniOzoneClusterImpl-841c1828-71e0-4d26-8272-ed449a575e8e/datanode-2/data/ratis] (custom)
2019-08-29 08:21:08,723 [pool-443-thread-1] INFO  impl.RaftServerImpl (ServerState.java:<init>(105)) - 7b403b74-006b-4f5b-8344-7aa370d356f8:group-252FE0D095E5 ConfigurationManager, init=-1: [271f8211-225d-4484-9b6c-f1d75a783c94:192.168.5.176:43423, 7b403b74-006b-4f5b-8344-7aa370d356f8:192.168.5.176:45140, 9bb01ed7-5505-4dbc-8edc-35bafa85ec64:192.168.5.176:37172], old=null, confs=<EMPTY_MAP>
2019-08-29 08:21:08,723 [pool-443-thread-1] INFO  server.RaftServerConfigKeys (ConfUtils.java:logGet(43)) - raft.server.storage.dir = [/workdir/hadoop-ozone/integration-test/target/test-dir/MiniOzoneClusterImpl-841c1828-71e0-4d26-8272-ed449a575e8e/datanode-6/data/ratis] (custom)
2019-08-29 08:21:08,723 [pool-403-thread-1] INFO  storage.RaftStorageDirectory (RaftStorageDirectory.java:analyzeStorage(246)) - The storage directory /workdir/hadoop-ozone/integration-test/target/test-dir/MiniOzoneClusterImpl-841c1828-71e0-4d26-8272-ed449a575e8e/datanode-2/data/ratis/f55fd86e-7941-47d0-8893-252fe0d095e5 does not exist. Creating ...
2019-08-29 08:21:08,724 [pool-443-thread-1] INFO  storage.RaftStorageDirectory (RaftStorageDirectory.java:analyzeStorage(246)) - The storage directory /workdir/hadoop-ozone/integration-test/target/test-dir/MiniOzoneClusterImpl-841c1828-71e0-4d26-8272-ed449a575e8e/datanode-6/data/ratis/f55fd86e-7941-47d0-8893-252fe0d095e5 does not exist. Creating ...
2019-08-29 08:21:08,769 [pool-433-thread-1] INFO  storage.RaftStorageDirectory (RaftStorageDirectory.java:tryLock(328)) - Lock on /workdir/hadoop-ozone/integration-test/target/test-dir/MiniOzoneClusterImpl-841c1828-71e0-4d26-8272-ed449a575e8e/datanode-5/data/ratis/f55fd86e-7941-47d0-8893-252fe0d095e5/in_use.lock acquired by nodename 22999@pr-hdds-1909-44d2n-1519487446
2019-08-29 08:21:08,769 [pool-443-thread-1] INFO  storage.RaftStorageDirectory (RaftStorageDirectory.java:tryLock(328)) - Lock on /workdir/hadoop-ozone/integration-test/target/test-dir/MiniOzoneClusterImpl-841c1828-71e0-4d26-8272-ed449a575e8e/datanode-6/data/ratis/f55fd86e-7941-47d0-8893-252fe0d095e5/in_use.lock acquired by nodename 22999@pr-hdds-1909-44d2n-1519487446
2019-08-29 08:21:08,769 [pool-403-thread-1] INFO  storage.RaftStorageDirectory (RaftStorageDirectory.java:tryLock(328)) - Lock on /workdir/hadoop-ozone/integration-test/target/test-dir/MiniOzoneClusterImpl-841c1828-71e0-4d26-8272-ed449a575e8e/datanode-2/data/ratis/f55fd86e-7941-47d0-8893-252fe0d095e5/in_use.lock acquired by nodename 22999@pr-hdds-1909-44d2n-1519487446
2019-08-29 08:21:08,795 [pool-443-thread-1] INFO  storage.RaftStorage (RaftStorage.java:format(72)) - Storage directory /workdir/hadoop-ozone/integration-test/target/test-dir/MiniOzoneClusterImpl-841c1828-71e0-4d26-8272-ed449a575e8e/datanode-6/data/ratis/f55fd86e-7941-47d0-8893-252fe0d095e5 has been successfully formatted.
2019-08-29 08:21:08,795 [pool-433-thread-1] INFO  storage.RaftStorage (RaftStorage.java:format(72)) - Storage directory /workdir/hadoop-ozone/integration-test/target/test-dir/MiniOzoneClusterImpl-841c1828-71e0-4d26-8272-ed449a575e8e/datanode-5/data/ratis/f55fd86e-7941-47d0-8893-252fe0d095e5 has been successfully formatted.
2019-08-29 08:21:08,795 [pool-403-thread-1] INFO  storage.RaftStorage (RaftStorage.java:format(72)) - Storage directory /workdir/hadoop-ozone/integration-test/target/test-dir/MiniOzoneClusterImpl-841c1828-71e0-4d26-8272-ed449a575e8e/datanode-2/data/ratis/f55fd86e-7941-47d0-8893-252fe0d095e5 has been successfully formatted.
2019-08-29 08:21:08,796 [pool-433-thread-1] INFO  ratis.ContainerStateMachine (ContainerStateMachine.java:loadSnapshot(227)) - group-252FE0D095E5: The snapshot info is null. Setting the last applied indexto:(t:0, i:~)
2019-08-29 08:21:08,796 [pool-443-thread-1] INFO  ratis.ContainerStateMachine (ContainerStateMachine.java:loadSnapshot(227)) - group-252FE0D095E5: The snapshot info is null. Setting the last applied indexto:(t:0, i:~)
2019-08-29 08:21:08,796 [pool-433-thread-1] INFO  server.RaftServerConfigKeys (ConfUtils.java:logGet(43)) - raft.server.leader.election.timeout = 120s (custom)
2019-08-29 08:21:08,796 [pool-403-thread-1] INFO  ratis.ContainerStateMachine (ContainerStateMachine.java:loadSnapshot(227)) - group-252FE0D095E5: The snapshot info is null. Setting the last applied indexto:(t:0, i:~)
2019-08-29 08:21:08,796 [pool-433-thread-1] INFO  server.RaftServerConfigKeys (ConfUtils.java:logGet(43)) - raft.server.log.use.memory = false (default)
2019-08-29 08:21:08,796 [pool-443-thread-1] INFO  server.RaftServerConfigKeys (ConfUtils.java:logGet(43)) - raft.server.leader.election.timeout = 120s (custom)
2019-08-29 08:21:08,796 [pool-433-thread-1] INFO  server.RaftServerConfigKeys (ConfUtils.java:logGet(43)) - raft.server.log.purge.gap = 1000000 (custom)
2019-08-29 08:21:08,796 [pool-403-thread-1] INFO  server.RaftServerConfigKeys (ConfUtils.java:logGet(43)) - raft.server.leader.election.timeout = 120s (custom)
2019-08-29 08:21:08,797 [pool-433-thread-1] INFO  server.RaftServerConfigKeys (ConfUtils.java:logGet(43)) - raft.server.log.appender.buffer.byte-limit = 33554432 (custom)
2019-08-29 08:21:08,797 [pool-443-thread-1] INFO  server.RaftServerConfigKeys (ConfUtils.java:logGet(43)) - raft.server.log.use.memory = false (default)
2019-08-29 08:21:08,797 [pool-433-thread-1] INFO  server.RaftServerConfigKeys (ConfUtils.java:logGet(43)) - raft.server.log.segment.size.max = 1048576 (custom)
2019-08-29 08:21:08,797 [pool-403-thread-1] INFO  server.RaftServerConfigKeys (ConfUtils.java:logGet(43)) - raft.server.log.use.memory = false (default)
2019-08-29 08:21:08,797 [pool-433-thread-1] INFO  server.RaftServerConfigKeys (ConfUtils.java:logGet(43)) - raft.server.log.segment.cache.num.max = 2 (custom)
2019-08-29 08:21:08,797 [pool-443-thread-1] INFO  server.RaftServerConfigKeys (ConfUtils.java:logGet(43)) - raft.server.log.purge.gap = 1000000 (custom)
2019-08-29 08:21:08,797 [pool-433-thread-1] INFO  segmented.SegmentedRaftLogWorker (SegmentedRaftLogWorker.java:<init>(172)) - new 271f8211-225d-4484-9b6c-f1d75a783c94-SegmentedRaftLogWorker:Storage Directory /workdir/hadoop-ozone/integration-test/target/test-dir/MiniOzoneClusterImpl-841c1828-71e0-4d26-8272-ed449a575e8e/datanode-5/data/ratis/f55fd86e-7941-47d0-8893-252fe0d095e5 for RaftStorage:Storage Directory /workdir/hadoop-ozone/integration-test/target/test-dir/MiniOzoneClusterImpl-841c1828-71e0-4d26-8272-ed449a575e8e/datanode-5/data/ratis/f55fd86e-7941-47d0-8893-252fe0d095e5
2019-08-29 08:21:08,797 [pool-403-thread-1] INFO  server.RaftServerConfigKeys (ConfUtils.java:logGet(43)) - raft.server.log.purge.gap = 1000000 (custom)
2019-08-29 08:21:08,797 [pool-433-thread-1] INFO  server.RaftServerConfigKeys (ConfUtils.java:logGet(43)) - raft.server.log.queue.byte-limit = 2147483647 (custom)
2019-08-29 08:21:08,797 [pool-443-thread-1] INFO  server.RaftServerConfigKeys (ConfUtils.java:logGet(43)) - raft.server.log.appender.buffer.byte-limit = 33554432 (custom)
2019-08-29 08:21:08,798 [pool-433-thread-1] INFO  server.RaftServerConfigKeys (ConfUtils.java:logGet(43)) - raft.server.log.queue.element-limit = 1024 (custom)
2019-08-29 08:21:08,798 [pool-403-thread-1] INFO  server.RaftServerConfigKeys (ConfUtils.java:logGet(43)) - raft.server.log.appender.buffer.byte-limit = 33554432 (custom)
2019-08-29 08:21:08,798 [pool-433-thread-1] INFO  server.RaftServerConfigKeys (ConfUtils.java:logGet(43)) - raft.server.log.segment.size.max = 1048576 (custom)
2019-08-29 08:21:08,798 [pool-443-thread-1] INFO  server.RaftServerConfigKeys (ConfUtils.java:logGet(43)) - raft.server.log.segment.size.max = 1048576 (custom)
2019-08-29 08:21:08,798 [pool-433-thread-1] INFO  server.RaftServerConfigKeys (ConfUtils.java:logGet(43)) - raft.server.log.preallocated.size = 16384 (custom)
2019-08-29 08:21:08,798 [pool-403-thread-1] INFO  server.RaftServerConfigKeys (ConfUtils.java:logGet(43)) - raft.server.log.segment.size.max = 1048576 (custom)
2019-08-29 08:21:08,798 [pool-433-thread-1] INFO  server.RaftServerConfigKeys (ConfUtils.java:logGet(43)) - raft.server.log.write.buffer.size = 33554432 (custom)
2019-08-29 08:21:08,798 [pool-443-thread-1] INFO  server.RaftServerConfigKeys (ConfUtils.java:logGet(43)) - raft.server.log.segment.cache.num.max = 2 (custom)
2019-08-29 08:21:08,798 [pool-433-thread-1] INFO  server.RaftServerConfigKeys (ConfUtils.java:logGet(43)) - raft.server.log.force.sync.num = 128 (default)
2019-08-29 08:21:08,798 [pool-403-thread-1] INFO  server.RaftServerConfigKeys (ConfUtils.java:logGet(43)) - raft.server.log.segment.cache.num.max = 2 (custom)
2019-08-29 08:21:08,799 [pool-433-thread-1] INFO  server.RaftServerConfigKeys (ConfUtils.java:logGet(43)) - raft.server.log.statemachine.data.sync = true (default)
2019-08-29 08:21:08,799 [pool-443-thread-1] INFO  segmented.SegmentedRaftLogWorker (SegmentedRaftLogWorker.java:<init>(172)) - new 7b403b74-006b-4f5b-8344-7aa370d356f8-SegmentedRaftLogWorker:Storage Directory /workdir/hadoop-ozone/integration-test/target/test-dir/MiniOzoneClusterImpl-841c1828-71e0-4d26-8272-ed449a575e8e/datanode-6/data/ratis/f55fd86e-7941-47d0-8893-252fe0d095e5 for RaftStorage:Storage Directory /workdir/hadoop-ozone/integration-test/target/test-dir/MiniOzoneClusterImpl-841c1828-71e0-4d26-8272-ed449a575e8e/datanode-6/data/ratis/f55fd86e-7941-47d0-8893-252fe0d095e5
2019-08-29 08:21:08,799 [pool-433-thread-1] INFO  server.RaftServerConfigKeys (ConfUtils.java:logGet(43)) - raft.server.log.statemachine.data.sync.timeout = 10s (default)
2019-08-29 08:21:08,799 [pool-403-thread-1] INFO  segmented.SegmentedRaftLogWorker (SegmentedRaftLogWorker.java:<init>(172)) - new 9bb01ed7-5505-4dbc-8edc-35bafa85ec64-SegmentedRaftLogWorker:Storage Directory /workdir/hadoop-ozone/integration-test/target/test-dir/MiniOzoneClusterImpl-841c1828-71e0-4d26-8272-ed449a575e8e/datanode-2/data/ratis/f55fd86e-7941-47d0-8893-252fe0d095e5 for RaftStorage:Storage Directory /workdir/hadoop-ozone/integration-test/target/test-dir/MiniOzoneClusterImpl-841c1828-71e0-4d26-8272-ed449a575e8e/datanode-2/data/ratis/f55fd86e-7941-47d0-8893-252fe0d095e5
2019-08-29 08:21:08,799 [pool-433-thread-1] INFO  server.RaftServerConfigKeys (ConfUtils.java:logGet(43)) - raft.server.log.statemachine.data.sync.timeout.retry = -1 (default)
2019-08-29 08:21:08,799 [pool-443-thread-1] INFO  server.RaftServerConfigKeys (ConfUtils.java:logGet(43)) - raft.server.log.queue.byte-limit = 2147483647 (custom)
2019-08-29 08:21:08,799 [pool-433-thread-1] INFO  server.RaftServerConfigKeys (ConfUtils.java:logGet(43)) - raft.server.log.statemachine.data.caching.enabled = true (custom)
2019-08-29 08:21:08,799 [pool-403-thread-1] INFO  server.RaftServerConfigKeys (ConfUtils.java:logGet(43)) - raft.server.log.queue.byte-limit = 2147483647 (custom)
2019-08-29 08:21:08,799 [pool-443-thread-1] INFO  server.RaftServerConfigKeys (ConfUtils.java:logGet(43)) - raft.server.log.queue.element-limit = 1024 (custom)
2019-08-29 08:21:08,800 [pool-433-thread-1] INFO  segmented.SegmentedRaftLogWorker (SegmentedRaftLogWorker.java:lambda$new$0(132)) - 271f8211-225d-4484-9b6c-f1d75a783c94-SegmentedRaftLogWorker:Storage Directory /workdir/hadoop-ozone/integration-test/target/test-dir/MiniOzoneClusterImpl-841c1828-71e0-4d26-8272-ed449a575e8e/datanode-5/data/ratis/f55fd86e-7941-47d0-8893-252fe0d095e5: flushIndex: setUnconditionally 0 -> -1
2019-08-29 08:21:08,800 [pool-403-thread-1] INFO  server.RaftServerConfigKeys (ConfUtils.java:logGet(43)) - raft.server.log.queue.element-limit = 1024 (custom)
2019-08-29 08:21:08,800 [pool-443-thread-1] INFO  server.RaftServerConfigKeys (ConfUtils.java:logGet(43)) - raft.server.log.segment.size.max = 1048576 (custom)
2019-08-29 08:21:08,800 [pool-433-thread-1] INFO  server.RaftServerConfigKeys (ConfUtils.java:logGet(43)) - raft.server.snapshot.auto.trigger.enabled = true (custom)
2019-08-29 08:21:08,800 [pool-443-thread-1] INFO  server.RaftServerConfigKeys (ConfUtils.java:logGet(43)) - raft.server.log.preallocated.size = 16384 (custom)
2019-08-29 08:21:08,800 [pool-403-thread-1] INFO  server.RaftServerConfigKeys (ConfUtils.java:logGet(43)) - raft.server.log.segment.size.max = 1048576 (custom)
2019-08-29 08:21:08,800 [pool-443-thread-1] INFO  server.RaftServerConfigKeys (ConfUtils.java:logGet(43)) - raft.server.log.write.buffer.size = 33554432 (custom)
2019-08-29 08:21:08,800 [pool-433-thread-1] INFO  server.RaftServerConfigKeys (ConfUtils.java:logGet(43)) - raft.server.snapshot.auto.trigger.threshold = 10000 (custom)
2019-08-29 08:21:08,801 [pool-443-thread-1] INFO  server.RaftServerConfigKeys (ConfUtils.java:logGet(43)) - raft.server.log.force.sync.num = 128 (default)
2019-08-29 08:21:08,800 [pool-403-thread-1] INFO  server.RaftServerConfigKeys (ConfUtils.java:logGet(43)) - raft.server.log.preallocated.size = 16384 (custom)
2019-08-29 08:21:08,801 [pool-443-thread-1] INFO  server.RaftServerConfigKeys (ConfUtils.java:logGet(43)) - raft.server.log.statemachine.data.sync = true (default)
2019-08-29 08:21:08,801 [pool-433-thread-1] INFO  server.RaftServerConfigKeys (ConfUtils.java:logGet(43)) - raft.server.retrycache.expirytime = 600000ms (custom)
2019-08-29 08:21:08,801 [pool-443-thread-1] INFO  server.RaftServerConfigKeys (ConfUtils.java:logGet(43)) - raft.server.log.statemachine.data.sync.timeout = 10s (default)
2019-08-29 08:21:08,801 [pool-403-thread-1] INFO  server.RaftServerConfigKeys (ConfUtils.java:logGet(43)) - raft.server.log.write.buffer.size = 33554432 (custom)
2019-08-29 08:21:08,801 [pool-443-thread-1] INFO  server.RaftServerConfigKeys (ConfUtils.java:logGet(43)) - raft.server.log.statemachine.data.sync.timeout.retry = -1 (default)
2019-08-29 08:21:08,801 [pool-433-thread-1] INFO  impl.RaftServerImpl (RaftServerImpl.java:start(180)) - 271f8211-225d-4484-9b6c-f1d75a783c94: start group-252FE0D095E5
2019-08-29 08:21:08,802 [pool-443-thread-1] INFO  server.RaftServerConfigKeys (ConfUtils.java:logGet(43)) - raft.server.log.statemachine.data.caching.enabled = true (custom)
2019-08-29 08:21:08,801 [pool-403-thread-1] INFO  server.RaftServerConfigKeys (ConfUtils.java:logGet(43)) - raft.server.log.force.sync.num = 128 (default)
2019-08-29 08:21:08,802 [pool-433-thread-1] INFO  impl.RaftServerImpl (RaftServerImpl.java:setRole(171)) - 271f8211-225d-4484-9b6c-f1d75a783c94:group-252FE0D095E5 changes role from null to FOLLOWER at term 0 for startAsFollower
2019-08-29 08:21:08,802 [pool-443-thread-1] INFO  segmented.SegmentedRaftLogWorker (SegmentedRaftLogWorker.java:lambda$new$0(132)) - 7b403b74-006b-4f5b-8344-7aa370d356f8-SegmentedRaftLogWorker:Storage Directory /workdir/hadoop-ozone/integration-test/target/test-dir/MiniOzoneClusterImpl-841c1828-71e0-4d26-8272-ed449a575e8e/datanode-6/data/ratis/f55fd86e-7941-47d0-8893-252fe0d095e5: flushIndex: setUnconditionally 0 -> -1
2019-08-29 08:21:08,802 [pool-403-thread-1] INFO  server.RaftServerConfigKeys (ConfUtils.java:logGet(43)) - raft.server.log.statemachine.data.sync = true (default)
2019-08-29 08:21:08,802 [pool-433-thread-1] INFO  impl.RoleInfo (RoleInfo.java:updateAndGet(143)) - 271f8211-225d-4484-9b6c-f1d75a783c94: start FollowerState
2019-08-29 08:21:08,802 [pool-443-thread-1] INFO  server.RaftServerConfigKeys (ConfUtils.java:logGet(43)) - raft.server.snapshot.auto.trigger.enabled = true (custom)
2019-08-29 08:21:08,802 [pool-403-thread-1] INFO  server.RaftServerConfigKeys (ConfUtils.java:logGet(43)) - raft.server.log.statemachine.data.sync.timeout = 10s (default)
2019-08-29 08:21:08,802 [pool-443-thread-1] INFO  server.RaftServerConfigKeys (ConfUtils.java:logGet(43)) - raft.server.snapshot.auto.trigger.threshold = 10000 (custom)
2019-08-29 08:21:08,803 [pool-433-thread-1] INFO  util.JmxRegister (JmxRegister.java:tryRegister(44)) - Successfully registered JMX Bean with object name Ratis:service=RaftServer,group=group-252FE0D095E5,id=271f8211-225d-4484-9b6c-f1d75a783c94
2019-08-29 08:21:08,803 [pool-403-thread-1] INFO  server.RaftServerConfigKeys (ConfUtils.java:logGet(43)) - raft.server.log.statemachine.data.sync.timeout.retry = -1 (default)
2019-08-29 08:21:08,803 [pool-443-thread-1] INFO  server.RaftServerConfigKeys (ConfUtils.java:logGet(43)) - raft.server.retrycache.expirytime = 600000ms (custom)
2019-08-29 08:21:08,803 [pool-403-thread-1] INFO  server.RaftServerConfigKeys (ConfUtils.java:logGet(43)) - raft.server.log.statemachine.data.caching.enabled = true (custom)
2019-08-29 08:21:08,803 [pool-443-thread-1] INFO  impl.RaftServerImpl (RaftServerImpl.java:start(180)) - 7b403b74-006b-4f5b-8344-7aa370d356f8: start group-252FE0D095E5
2019-08-29 08:21:08,803 [pool-443-thread-1] INFO  impl.RaftServerImpl (RaftServerImpl.java:setRole(171)) - 7b403b74-006b-4f5b-8344-7aa370d356f8:group-252FE0D095E5 changes role from null to FOLLOWER at term 0 for startAsFollower
2019-08-29 08:21:08,803 [pool-403-thread-1] INFO  segmented.SegmentedRaftLogWorker (SegmentedRaftLogWorker.java:lambda$new$0(132)) - 9bb01ed7-5505-4dbc-8edc-35bafa85ec64-SegmentedRaftLogWorker:Storage Directory /workdir/hadoop-ozone/integration-test/target/test-dir/MiniOzoneClusterImpl-841c1828-71e0-4d26-8272-ed449a575e8e/datanode-2/data/ratis/f55fd86e-7941-47d0-8893-252fe0d095e5: flushIndex: setUnconditionally 0 -> -1
2019-08-29 08:21:08,803 [pool-443-thread-1] INFO  impl.RoleInfo (RoleInfo.java:updateAndGet(143)) - 7b403b74-006b-4f5b-8344-7aa370d356f8: start FollowerState
2019-08-29 08:21:08,804 [pool-403-thread-1] INFO  server.RaftServerConfigKeys (ConfUtils.java:logGet(43)) - raft.server.snapshot.auto.trigger.enabled = true (custom)
2019-08-29 08:21:08,804 [pool-403-thread-1] INFO  server.RaftServerConfigKeys (ConfUtils.java:logGet(43)) - raft.server.snapshot.auto.trigger.threshold = 10000 (custom)
2019-08-29 08:21:08,804 [pool-443-thread-1] INFO  util.JmxRegister (JmxRegister.java:tryRegister(44)) - Successfully registered JMX Bean with object name Ratis:service=RaftServer,group=group-252FE0D095E5,id=7b403b74-006b-4f5b-8344-7aa370d356f8
2019-08-29 08:21:08,804 [pool-403-thread-1] INFO  server.RaftServerConfigKeys (ConfUtils.java:logGet(43)) - raft.server.retrycache.expirytime = 600000ms (custom)
2019-08-29 08:21:08,804 [pool-403-thread-1] INFO  impl.RaftServerImpl (RaftServerImpl.java:start(180)) - 9bb01ed7-5505-4dbc-8edc-35bafa85ec64: start group-252FE0D095E5
2019-08-29 08:21:08,805 [pool-403-thread-1] INFO  impl.RaftServerImpl (RaftServerImpl.java:setRole(171)) - 9bb01ed7-5505-4dbc-8edc-35bafa85ec64:group-252FE0D095E5 changes role from null to FOLLOWER at term 0 for startAsFollower
2019-08-29 08:21:08,805 [pool-403-thread-1] INFO  impl.RoleInfo (RoleInfo.java:updateAndGet(143)) - 9bb01ed7-5505-4dbc-8edc-35bafa85ec64: start FollowerState
2019-08-29 08:21:08,805 [pool-403-thread-1] INFO  util.JmxRegister (JmxRegister.java:tryRegister(44)) - Successfully registered JMX Bean with object name Ratis:service=RaftServer,group=group-252FE0D095E5,id=9bb01ed7-5505-4dbc-8edc-35bafa85ec64
2019-08-29 08:21:08,807 [RatisPipelineUtilsThread] INFO  pipeline.PipelineStateManager (PipelineStateManager.java:addPipeline(56)) - Created pipeline Pipeline[ Id: f55fd86e-7941-47d0-8893-252fe0d095e5, Nodes: 271f8211-225d-4484-9b6c-f1d75a783c94{ip: 192.168.5.176, host: pr-hdds-1909-44d2n-1519487446, networkLocation: /default-rack, certSerialId: null}7b403b74-006b-4f5b-8344-7aa370d356f8{ip: 192.168.5.176, host: pr-hdds-1909-44d2n-1519487446, networkLocation: /default-rack, certSerialId: null}9bb01ed7-5505-4dbc-8edc-35bafa85ec64{ip: 192.168.5.176, host: pr-hdds-1909-44d2n-1519487446, networkLocation: /default-rack, certSerialId: null}, Type:RATIS, Factor:THREE, State:OPEN]
2019-08-29 08:21:09,564 [main] INFO  ozone.MiniOzoneClusterImpl (MiniOzoneClusterImpl.java:lambda$waitForClusterToBeReady$0(140)) - Cluster is ready. Got 7 of 7 DN Heartbeats.
2019-08-29 08:21:09,608 [main] INFO  rpc.RpcClient (RpcClient.java:createVolume(293)) - Creating Volume: watchforcommithandlingtest, with jenkins1000 as owner.
2019-08-29 08:21:09,610 | INFO  | OMAudit | user=jenkins1000 | ip=127.0.0.1 | op=CREATE_VOLUME {admin=jenkins1000, owner=jenkins1000, volume=watchforcommithandlingtest, creationTime=1567066869609, quotaInBytes=1152921504606846976} | ret=SUCCESS |  
2019-08-29 08:21:09,610 [IPC Server handler 0 on 36999] INFO  volume.OMVolumeCreateRequest (OMVolumeCreateRequest.java:validateAndUpdateCache(189)) - created volume:watchforcommithandlingtest for user:jenkins1000
2019-08-29 08:21:09,621 | INFO  | OMAudit | user=jenkins1000 | ip=127.0.0.1 | op=READ_VOLUME {volume=watchforcommithandlingtest} | ret=SUCCESS |  
2019-08-29 08:21:09,622 [main] INFO  rpc.RpcClient (RpcClient.java:createBucket(432)) - Creating Bucket: watchforcommithandlingtest/watchforcommithandlingtest, with Versioning false and Storage Type set to DISK and Encryption set to false 
2019-08-29 08:21:09,626 | INFO  | OMAudit | user=jenkins1000 | ip=127.0.0.1 | op=CREATE_BUCKET {volume=watchforcommithandlingtest, bucket=watchforcommithandlingtest, acls=[user:jenkins1000:a[ACCESS], group:default:a[ACCESS]], isVersionEnabled=false, storageType=DISK, creationTime=1567066869623} | ret=SUCCESS |  
2019-08-29 08:21:09,627 [main] INFO  ozone.MiniOzoneClusterImpl (MiniOzoneClusterImpl.java:getStorageContainerLocationClient(227)) - Creating StorageContainerLocationProtocol RPC client with address /0.0.0.0:33811
2019-08-29 08:21:09,675 [grpc-default-executor-6] INFO  client.GrpcClientProtocolClient (GrpcClientProtocolClient.java:onNext(255)) - client-A65C28D2DCD9->50f6d40d-2bc2-4e54-879b-6d63894238f6: receive RaftClientReply:client-A65C28D2DCD9->50f6d40d-2bc2-4e54-879b-6d63894238f6@group-A8FB78DB4B65, cid=103, FAILED org.apache.ratis.protocol.NotLeaderException: Server 50f6d40d-2bc2-4e54-879b-6d63894238f6 is not the leader (null). Request must be sent to leader., logIndex=0, commits[50f6d40d-2bc2-4e54-879b-6d63894238f6:c-1]
2019-08-29 08:21:10,171 | INFO  | SCMAudit | user=jenkins1000 | ip=192.168.5.176 | op=SEND_HEARTBEAT {datanodeUUID=50f6d40d-2bc2-4e54-879b-6d63894238f6, command=[]} | ret=SUCCESS |  
2019-08-29 08:21:10,233 | INFO  | SCMAudit | user=jenkins1000 | ip=192.168.5.176 | op=SEND_HEARTBEAT {datanodeUUID=34289ccc-0131-4bf2-912a-923085112b8b, command=[]} | ret=SUCCESS |  
2019-08-29 08:21:10,301 | INFO  | SCMAudit | user=jenkins1000 | ip=192.168.5.176 | op=SEND_HEARTBEAT {datanodeUUID=9bb01ed7-5505-4dbc-8edc-35bafa85ec64, command=[]} | ret=SUCCESS |  
2019-08-29 08:21:10,374 | INFO  | SCMAudit | user=jenkins1000 | ip=192.168.5.176 | op=SEND_HEARTBEAT {datanodeUUID=dee279ab-8d1d-436b-bf0c-bfc83875726b, command=[]} | ret=SUCCESS |  
2019-08-29 08:21:10,438 | INFO  | SCMAudit | user=jenkins1000 | ip=192.168.5.176 | op=SEND_HEARTBEAT {datanodeUUID=cc4b2557-0ea5-475f-9db5-2439a9a60883, command=[]} | ret=SUCCESS |  
2019-08-29 08:21:10,505 | INFO  | SCMAudit | user=jenkins1000 | ip=192.168.5.176 | op=SEND_HEARTBEAT {datanodeUUID=271f8211-225d-4484-9b6c-f1d75a783c94, command=[]} | ret=SUCCESS |  
2019-08-29 08:21:10,565 | INFO  | SCMAudit | user=jenkins1000 | ip=192.168.5.176 | op=SEND_HEARTBEAT {datanodeUUID=7b403b74-006b-4f5b-8344-7aa370d356f8, command=[]} | ret=SUCCESS |  
2019-08-29 08:21:10,689 [grpc-default-executor-6] INFO  client.GrpcClientProtocolClient (GrpcClientProtocolClient.java:onNext(255)) - client-A65C28D2DCD9->dee279ab-8d1d-436b-bf0c-bfc83875726b: receive RaftClientReply:client-A65C28D2DCD9->dee279ab-8d1d-436b-bf0c-bfc83875726b@group-A8FB78DB4B65, cid=103, FAILED org.apache.ratis.protocol.NotLeaderException: Server dee279ab-8d1d-436b-bf0c-bfc83875726b is not the leader (null). Request must be sent to leader., logIndex=0, commits[dee279ab-8d1d-436b-bf0c-bfc83875726b:c-1]
2019-08-29 08:21:11,170 | INFO  | SCMAudit | user=jenkins1000 | ip=192.168.5.176 | op=SEND_HEARTBEAT {datanodeUUID=50f6d40d-2bc2-4e54-879b-6d63894238f6, command=[]} | ret=SUCCESS |  
2019-08-29 08:21:11,180 [Thread-2565] INFO  container.ReplicationManager (ReplicationManager.java:start(152)) - Starting Replication Monitor Thread.
2019-08-29 08:21:11,183 [ReplicationMonitor] INFO  container.ReplicationManager (ReplicationManager.java:run(215)) - Replication Monitor Thread took 0 milliseconds for processing 1 containers.
2019-08-29 08:21:11,233 | INFO  | SCMAudit | user=jenkins1000 | ip=192.168.5.176 | op=SEND_HEARTBEAT {datanodeUUID=34289ccc-0131-4bf2-912a-923085112b8b, command=[]} | ret=SUCCESS |  
2019-08-29 08:21:11,301 | INFO  | SCMAudit | user=jenkins1000 | ip=192.168.5.176 | op=SEND_HEARTBEAT {datanodeUUID=9bb01ed7-5505-4dbc-8edc-35bafa85ec64, command=[]} | ret=SUCCESS |  
2019-08-29 08:21:11,375 | INFO  | SCMAudit | user=jenkins1000 | ip=192.168.5.176 | op=SEND_HEARTBEAT {datanodeUUID=dee279ab-8d1d-436b-bf0c-bfc83875726b, command=[]} | ret=SUCCESS |  
2019-08-29 08:21:11,439 | INFO  | SCMAudit | user=jenkins1000 | ip=192.168.5.176 | op=SEND_HEARTBEAT {datanodeUUID=cc4b2557-0ea5-475f-9db5-2439a9a60883, command=[]} | ret=SUCCESS |  
2019-08-29 08:21:11,505 | INFO  | SCMAudit | user=jenkins1000 | ip=192.168.5.176 | op=SEND_HEARTBEAT {datanodeUUID=271f8211-225d-4484-9b6c-f1d75a783c94, command=[]} | ret=SUCCESS |  
2019-08-29 08:21:11,565 | INFO  | SCMAudit | user=jenkins1000 | ip=192.168.5.176 | op=SEND_HEARTBEAT {datanodeUUID=7b403b74-006b-4f5b-8344-7aa370d356f8, command=[]} | ret=SUCCESS |  
2019-08-29 08:21:11,705 [grpc-default-executor-6] INFO  client.GrpcClientProtocolClient (GrpcClientProtocolClient.java:onNext(255)) - client-A65C28D2DCD9->34289ccc-0131-4bf2-912a-923085112b8b: receive RaftClientReply:client-A65C28D2DCD9->34289ccc-0131-4bf2-912a-923085112b8b@group-A8FB78DB4B65, cid=103, FAILED org.apache.ratis.protocol.NotLeaderException: Server 34289ccc-0131-4bf2-912a-923085112b8b is not the leader (null). Request must be sent to leader., logIndex=0, commits[34289ccc-0131-4bf2-912a-923085112b8b:c-1]
2019-08-29 08:21:12,171 | INFO  | SCMAudit | user=jenkins1000 | ip=192.168.5.176 | op=SEND_HEARTBEAT {datanodeUUID=50f6d40d-2bc2-4e54-879b-6d63894238f6, command=[]} | ret=SUCCESS |  
2019-08-29 08:21:12,234 | INFO  | SCMAudit | user=jenkins1000 | ip=192.168.5.176 | op=SEND_HEARTBEAT {datanodeUUID=34289ccc-0131-4bf2-912a-923085112b8b, command=[]} | ret=SUCCESS |  
2019-08-29 08:21:12,300 | INFO  | SCMAudit | user=jenkins1000 | ip=192.168.5.176 | op=SEND_HEARTBEAT {datanodeUUID=9bb01ed7-5505-4dbc-8edc-35bafa85ec64, command=[]} | ret=SUCCESS |  
2019-08-29 08:21:12,375 | INFO  | SCMAudit | user=jenkins1000 | ip=192.168.5.176 | op=SEND_HEARTBEAT {datanodeUUID=dee279ab-8d1d-436b-bf0c-bfc83875726b, command=[]} | ret=SUCCESS |  
2019-08-29 08:21:12,440 | INFO  | SCMAudit | user=jenkins1000 | ip=192.168.5.176 | op=SEND_HEARTBEAT {datanodeUUID=cc4b2557-0ea5-475f-9db5-2439a9a60883, command=[]} | ret=SUCCESS |  
2019-08-29 08:21:12,505 | INFO  | SCMAudit | user=jenkins1000 | ip=192.168.5.176 | op=SEND_HEARTBEAT {datanodeUUID=271f8211-225d-4484-9b6c-f1d75a783c94, command=[]} | ret=SUCCESS |  
2019-08-29 08:21:12,565 | INFO  | SCMAudit | user=jenkins1000 | ip=192.168.5.176 | op=SEND_HEARTBEAT {datanodeUUID=7b403b74-006b-4f5b-8344-7aa370d356f8, command=[]} | ret=SUCCESS |  
2019-08-29 08:21:12,713 [grpc-default-executor-9] INFO  client.GrpcClientProtocolClient (GrpcClientProtocolClient.java:onNext(255)) - client-A65C28D2DCD9->dee279ab-8d1d-436b-bf0c-bfc83875726b: receive RaftClientReply:client-A65C28D2DCD9->dee279ab-8d1d-436b-bf0c-bfc83875726b@group-A8FB78DB4B65, cid=103, FAILED org.apache.ratis.protocol.NotLeaderException: Server dee279ab-8d1d-436b-bf0c-bfc83875726b is not the leader (null). Request must be sent to leader., logIndex=0, commits[dee279ab-8d1d-436b-bf0c-bfc83875726b:c-1]
2019-08-29 08:21:13,171 | INFO  | SCMAudit | user=jenkins1000 | ip=192.168.5.176 | op=SEND_HEARTBEAT {datanodeUUID=50f6d40d-2bc2-4e54-879b-6d63894238f6, command=[]} | ret=SUCCESS |  
2019-08-29 08:21:13,234 | INFO  | SCMAudit | user=jenkins1000 | ip=192.168.5.176 | op=SEND_HEARTBEAT {datanodeUUID=34289ccc-0131-4bf2-912a-923085112b8b, command=[]} | ret=SUCCESS |  
2019-08-29 08:21:13,301 | INFO  | SCMAudit | user=jenkins1000 | ip=192.168.5.176 | op=SEND_HEARTBEAT {datanodeUUID=9bb01ed7-5505-4dbc-8edc-35bafa85ec64, command=[]} | ret=SUCCESS |  
2019-08-29 08:21:13,375 | INFO  | SCMAudit | user=jenkins1000 | ip=192.168.5.176 | op=SEND_HEARTBEAT {datanodeUUID=dee279ab-8d1d-436b-bf0c-bfc83875726b, command=[]} | ret=SUCCESS |  
2019-08-29 08:21:13,410 [Thread-2573] INFO  impl.FollowerState (FollowerState.java:run(106)) - 9bb01ed7-5505-4dbc-8edc-35bafa85ec64:group-5939509C6731 changes to CANDIDATE, lastRpcTime:5023, electionTimeout:5023ms
2019-08-29 08:21:13,410 [Thread-2573] INFO  impl.RoleInfo (RoleInfo.java:shutdownFollowerState(121)) - 9bb01ed7-5505-4dbc-8edc-35bafa85ec64: shutdown FollowerState
2019-08-29 08:21:13,410 [Thread-2573] INFO  impl.RaftServerImpl (RaftServerImpl.java:setRole(171)) - 9bb01ed7-5505-4dbc-8edc-35bafa85ec64:group-5939509C6731 changes role from FOLLOWER to CANDIDATE at term 0 for changeToCandidate
2019-08-29 08:21:13,410 [Thread-2573] INFO  impl.RoleInfo (RoleInfo.java:updateAndGet(143)) - 9bb01ed7-5505-4dbc-8edc-35bafa85ec64: start LeaderElection
2019-08-29 08:21:13,432 [Thread-2567] INFO  impl.FollowerState (FollowerState.java:run(106)) - 50f6d40d-2bc2-4e54-879b-6d63894238f6:group-0420301C1F35 changes to CANDIDATE, lastRpcTime:5166, electionTimeout:5166ms
2019-08-29 08:21:13,432 [Thread-2567] INFO  impl.RoleInfo (RoleInfo.java:shutdownFollowerState(121)) - 50f6d40d-2bc2-4e54-879b-6d63894238f6: shutdown FollowerState
2019-08-29 08:21:13,432 [Thread-2567] INFO  impl.RaftServerImpl (RaftServerImpl.java:setRole(171)) - 50f6d40d-2bc2-4e54-879b-6d63894238f6:group-0420301C1F35 changes role from FOLLOWER to CANDIDATE at term 0 for changeToCandidate
2019-08-29 08:21:13,432 [Thread-2567] INFO  impl.RoleInfo (RoleInfo.java:updateAndGet(143)) - 50f6d40d-2bc2-4e54-879b-6d63894238f6: start LeaderElection
2019-08-29 08:21:13,440 | INFO  | SCMAudit | user=jenkins1000 | ip=192.168.5.176 | op=SEND_HEARTBEAT {datanodeUUID=cc4b2557-0ea5-475f-9db5-2439a9a60883, command=[]} | ret=SUCCESS |  
2019-08-29 08:21:13,479 [Thread-2570] INFO  impl.FollowerState (FollowerState.java:run(106)) - 34289ccc-0131-4bf2-912a-923085112b8b:group-490BA04325B4 changes to CANDIDATE, lastRpcTime:5151, electionTimeout:5151ms
2019-08-29 08:21:13,480 [Thread-2570] INFO  impl.RoleInfo (RoleInfo.java:shutdownFollowerState(121)) - 34289ccc-0131-4bf2-912a-923085112b8b: shutdown FollowerState
2019-08-29 08:21:13,480 [Thread-2570] INFO  impl.RaftServerImpl (RaftServerImpl.java:setRole(171)) - 34289ccc-0131-4bf2-912a-923085112b8b:group-490BA04325B4 changes role from FOLLOWER to CANDIDATE at term 0 for changeToCandidate
2019-08-29 08:21:13,480 [Thread-2570] INFO  impl.RoleInfo (RoleInfo.java:updateAndGet(143)) - 34289ccc-0131-4bf2-912a-923085112b8b: start LeaderElection
2019-08-29 08:21:13,505 | INFO  | SCMAudit | user=jenkins1000 | ip=192.168.5.176 | op=SEND_HEARTBEAT {datanodeUUID=271f8211-225d-4484-9b6c-f1d75a783c94, command=[]} | ret=SUCCESS |  
2019-08-29 08:21:13,507 [Thread-2584] INFO  impl.FollowerState (FollowerState.java:run(106)) - 34289ccc-0131-4bf2-912a-923085112b8b:group-A8FB78DB4B65 changes to CANDIDATE, lastRpcTime:5011, electionTimeout:5011ms
2019-08-29 08:21:13,507 [Thread-2584] INFO  impl.RoleInfo (RoleInfo.java:shutdownFollowerState(121)) - 34289ccc-0131-4bf2-912a-923085112b8b: shutdown FollowerState
2019-08-29 08:21:13,507 [Thread-2584] INFO  impl.RaftServerImpl (RaftServerImpl.java:setRole(171)) - 34289ccc-0131-4bf2-912a-923085112b8b:group-A8FB78DB4B65 changes role from FOLLOWER to CANDIDATE at term 0 for changeToCandidate
2019-08-29 08:21:13,507 [Thread-2584] INFO  impl.RoleInfo (RoleInfo.java:updateAndGet(143)) - 34289ccc-0131-4bf2-912a-923085112b8b: start LeaderElection
2019-08-29 08:21:13,565 | INFO  | SCMAudit | user=jenkins1000 | ip=192.168.5.176 | op=SEND_HEARTBEAT {datanodeUUID=7b403b74-006b-4f5b-8344-7aa370d356f8, command=[]} | ret=SUCCESS |  
2019-08-29 08:21:13,578 [Thread-2583] INFO  impl.FollowerState (FollowerState.java:run(106)) - dee279ab-8d1d-436b-bf0c-bfc83875726b:group-A8FB78DB4B65 changes to CANDIDATE, lastRpcTime:5083, electionTimeout:5083ms
2019-08-29 08:21:13,579 [Thread-2583] INFO  impl.RoleInfo (RoleInfo.java:shutdownFollowerState(121)) - dee279ab-8d1d-436b-bf0c-bfc83875726b: shutdown FollowerState
2019-08-29 08:21:13,579 [Thread-2583] INFO  impl.RaftServerImpl (RaftServerImpl.java:setRole(171)) - dee279ab-8d1d-436b-bf0c-bfc83875726b:group-A8FB78DB4B65 changes role from FOLLOWER to CANDIDATE at term 0 for changeToCandidate
2019-08-29 08:21:13,579 [Thread-2583] INFO  impl.RoleInfo (RoleInfo.java:updateAndGet(143)) - dee279ab-8d1d-436b-bf0c-bfc83875726b: start LeaderElection
2019-08-29 08:21:13,582 [Thread-2588] INFO  impl.FollowerState (FollowerState.java:run(106)) - cc4b2557-0ea5-475f-9db5-2439a9a60883:group-4CB9B95F296B changes to CANDIDATE, lastRpcTime:5037, electionTimeout:5037ms
2019-08-29 08:21:13,582 [Thread-2588] INFO  impl.RoleInfo (RoleInfo.java:shutdownFollowerState(121)) - cc4b2557-0ea5-475f-9db5-2439a9a60883: shutdown FollowerState
2019-08-29 08:21:13,582 [Thread-2588] INFO  impl.RaftServerImpl (RaftServerImpl.java:setRole(171)) - cc4b2557-0ea5-475f-9db5-2439a9a60883:group-4CB9B95F296B changes role from FOLLOWER to CANDIDATE at term 0 for changeToCandidate
2019-08-29 08:21:13,582 [Thread-2588] INFO  impl.RoleInfo (RoleInfo.java:updateAndGet(143)) - cc4b2557-0ea5-475f-9db5-2439a9a60883: start LeaderElection
2019-08-29 08:21:13,609 [Thread-2576] INFO  impl.FollowerState (FollowerState.java:run(106)) - dee279ab-8d1d-436b-bf0c-bfc83875726b:group-CA06605AEE2F changes to CANDIDATE, lastRpcTime:5192, electionTimeout:5192ms
2019-08-29 08:21:13,609 [Thread-2576] INFO  impl.RoleInfo (RoleInfo.java:shutdownFollowerState(121)) - dee279ab-8d1d-436b-bf0c-bfc83875726b: shutdown FollowerState
2019-08-29 08:21:13,610 [Thread-2576] INFO  impl.RaftServerImpl (RaftServerImpl.java:setRole(171)) - dee279ab-8d1d-436b-bf0c-bfc83875726b:group-CA06605AEE2F changes role from FOLLOWER to CANDIDATE at term 0 for changeToCandidate
2019-08-29 08:21:13,610 [Thread-2576] INFO  impl.RoleInfo (RoleInfo.java:updateAndGet(143)) - dee279ab-8d1d-436b-bf0c-bfc83875726b: start LeaderElection
2019-08-29 08:21:13,614 [Thread-2579] INFO  impl.FollowerState (FollowerState.java:run(106)) - 50f6d40d-2bc2-4e54-879b-6d63894238f6:group-A8FB78DB4B65 changes to CANDIDATE, lastRpcTime:5122, electionTimeout:5121ms
2019-08-29 08:21:13,614 [Thread-2579] INFO  impl.RoleInfo (RoleInfo.java:shutdownFollowerState(121)) - 50f6d40d-2bc2-4e54-879b-6d63894238f6: shutdown FollowerState
2019-08-29 08:21:13,614 [Thread-2579] INFO  impl.RaftServerImpl (RaftServerImpl.java:setRole(171)) - 50f6d40d-2bc2-4e54-879b-6d63894238f6:group-A8FB78DB4B65 changes role from FOLLOWER to CANDIDATE at term 0 for changeToCandidate
2019-08-29 08:21:13,614 [Thread-2579] INFO  impl.RoleInfo (RoleInfo.java:updateAndGet(143)) - 50f6d40d-2bc2-4e54-879b-6d63894238f6: start LeaderElection
2019-08-29 08:21:13,716 [Thread-2591] INFO  impl.FollowerState (FollowerState.java:run(106)) - 271f8211-225d-4484-9b6c-f1d75a783c94:group-E43B0CFE041C changes to CANDIDATE, lastRpcTime:5128, electionTimeout:5128ms
2019-08-29 08:21:13,716 [Thread-2591] INFO  impl.RoleInfo (RoleInfo.java:shutdownFollowerState(121)) - 271f8211-225d-4484-9b6c-f1d75a783c94: shutdown FollowerState
2019-08-29 08:21:13,716 [Thread-2591] INFO  impl.RaftServerImpl (RaftServerImpl.java:setRole(171)) - 271f8211-225d-4484-9b6c-f1d75a783c94:group-E43B0CFE041C changes role from FOLLOWER to CANDIDATE at term 0 for changeToCandidate
2019-08-29 08:21:13,716 [Thread-2591] INFO  impl.RoleInfo (RoleInfo.java:updateAndGet(143)) - 271f8211-225d-4484-9b6c-f1d75a783c94: start LeaderElection
2019-08-29 08:21:13,728 [grpc-default-executor-6] INFO  client.GrpcClientProtocolClient (GrpcClientProtocolClient.java:onNext(255)) - client-A65C28D2DCD9->34289ccc-0131-4bf2-912a-923085112b8b: receive RaftClientReply:client-A65C28D2DCD9->34289ccc-0131-4bf2-912a-923085112b8b@group-A8FB78DB4B65, cid=103, FAILED org.apache.ratis.protocol.NotLeaderException: Server 34289ccc-0131-4bf2-912a-923085112b8b is not the leader (null). Request must be sent to leader., logIndex=0, commits[34289ccc-0131-4bf2-912a-923085112b8b:c-1]
2019-08-29 08:21:13,786 [Thread-2594] INFO  impl.FollowerState (FollowerState.java:run(106)) - 7b403b74-006b-4f5b-8344-7aa370d356f8:group-8AEF7C2F287D changes to CANDIDATE, lastRpcTime:5081, electionTimeout:5081ms
2019-08-29 08:21:13,787 [Thread-2594] INFO  impl.RoleInfo (RoleInfo.java:shutdownFollowerState(121)) - 7b403b74-006b-4f5b-8344-7aa370d356f8: shutdown FollowerState
2019-08-29 08:21:13,787 [Thread-2594] INFO  impl.RaftServerImpl (RaftServerImpl.java:setRole(171)) - 7b403b74-006b-4f5b-8344-7aa370d356f8:group-8AEF7C2F287D changes role from FOLLOWER to CANDIDATE at term 0 for changeToCandidate
2019-08-29 08:21:13,787 [Thread-2594] INFO  impl.RoleInfo (RoleInfo.java:updateAndGet(143)) - 7b403b74-006b-4f5b-8344-7aa370d356f8: start LeaderElection
2019-08-29 08:21:13,813 [Thread-2603] INFO  impl.FollowerState (FollowerState.java:run(106)) - 9bb01ed7-5505-4dbc-8edc-35bafa85ec64:group-252FE0D095E5 changes to CANDIDATE, lastRpcTime:5008, electionTimeout:5008ms
2019-08-29 08:21:13,813 [Thread-2603] INFO  impl.RoleInfo (RoleInfo.java:shutdownFollowerState(121)) - 9bb01ed7-5505-4dbc-8edc-35bafa85ec64: shutdown FollowerState
2019-08-29 08:21:13,813 [Thread-2603] INFO  impl.RaftServerImpl (RaftServerImpl.java:setRole(171)) - 9bb01ed7-5505-4dbc-8edc-35bafa85ec64:group-252FE0D095E5 changes role from FOLLOWER to CANDIDATE at term 0 for changeToCandidate
2019-08-29 08:21:13,813 [Thread-2603] INFO  impl.RoleInfo (RoleInfo.java:updateAndGet(143)) - 9bb01ed7-5505-4dbc-8edc-35bafa85ec64: start LeaderElection
2019-08-29 08:21:13,819 [Thread-2600] INFO  impl.FollowerState (FollowerState.java:run(106)) - 7b403b74-006b-4f5b-8344-7aa370d356f8:group-252FE0D095E5 changes to CANDIDATE, lastRpcTime:5015, electionTimeout:5015ms
2019-08-29 08:21:13,819 [Thread-2600] INFO  impl.RoleInfo (RoleInfo.java:shutdownFollowerState(121)) - 7b403b74-006b-4f5b-8344-7aa370d356f8: shutdown FollowerState
2019-08-29 08:21:13,819 [Thread-2600] INFO  impl.RaftServerImpl (RaftServerImpl.java:setRole(171)) - 7b403b74-006b-4f5b-8344-7aa370d356f8:group-252FE0D095E5 changes role from FOLLOWER to CANDIDATE at term 0 for changeToCandidate
2019-08-29 08:21:13,819 [Thread-2600] INFO  impl.RoleInfo (RoleInfo.java:updateAndGet(143)) - 7b403b74-006b-4f5b-8344-7aa370d356f8: start LeaderElection
2019-08-29 08:21:13,990 [Thread-2597] INFO  impl.FollowerState (FollowerState.java:run(106)) - 271f8211-225d-4484-9b6c-f1d75a783c94:group-252FE0D095E5 changes to CANDIDATE, lastRpcTime:5186, electionTimeout:5186ms
2019-08-29 08:21:13,990 [Thread-2597] INFO  impl.RoleInfo (RoleInfo.java:shutdownFollowerState(121)) - 271f8211-225d-4484-9b6c-f1d75a783c94: shutdown FollowerState
2019-08-29 08:21:13,990 [Thread-2597] INFO  impl.RaftServerImpl (RaftServerImpl.java:setRole(171)) - 271f8211-225d-4484-9b6c-f1d75a783c94:group-252FE0D095E5 changes role from FOLLOWER to CANDIDATE at term 0 for changeToCandidate
2019-08-29 08:21:13,990 [Thread-2597] INFO  impl.RoleInfo (RoleInfo.java:updateAndGet(143)) - 271f8211-225d-4484-9b6c-f1d75a783c94: start LeaderElection
2019-08-29 08:21:14,171 | INFO  | SCMAudit | user=jenkins1000 | ip=192.168.5.176 | op=SEND_HEARTBEAT {datanodeUUID=50f6d40d-2bc2-4e54-879b-6d63894238f6, command=[]} | ret=SUCCESS |  
2019-08-29 08:21:14,234 | INFO  | SCMAudit | user=jenkins1000 | ip=192.168.5.176 | op=SEND_HEARTBEAT {datanodeUUID=34289ccc-0131-4bf2-912a-923085112b8b, command=[]} | ret=SUCCESS |  
2019-08-29 08:21:14,302 | INFO  | SCMAudit | user=jenkins1000 | ip=192.168.5.176 | op=SEND_HEARTBEAT {datanodeUUID=9bb01ed7-5505-4dbc-8edc-35bafa85ec64, command=[]} | ret=SUCCESS |  
2019-08-29 08:21:14,375 | INFO  | SCMAudit | user=jenkins1000 | ip=192.168.5.176 | op=SEND_HEARTBEAT {datanodeUUID=dee279ab-8d1d-436b-bf0c-bfc83875726b, command=[]} | ret=SUCCESS |  
2019-08-29 08:21:14,440 | INFO  | SCMAudit | user=jenkins1000 | ip=192.168.5.176 | op=SEND_HEARTBEAT {datanodeUUID=cc4b2557-0ea5-475f-9db5-2439a9a60883, command=[]} | ret=SUCCESS |  
2019-08-29 08:21:14,505 | INFO  | SCMAudit | user=jenkins1000 | ip=192.168.5.176 | op=SEND_HEARTBEAT {datanodeUUID=271f8211-225d-4484-9b6c-f1d75a783c94, command=[]} | ret=SUCCESS |  
2019-08-29 08:21:14,565 | INFO  | SCMAudit | user=jenkins1000 | ip=192.168.5.176 | op=SEND_HEARTBEAT {datanodeUUID=7b403b74-006b-4f5b-8344-7aa370d356f8, command=[]} | ret=SUCCESS |  
2019-08-29 08:21:14,738 [grpc-default-executor-9] INFO  client.GrpcClientProtocolClient (GrpcClientProtocolClient.java:onNext(255)) - client-A65C28D2DCD9->50f6d40d-2bc2-4e54-879b-6d63894238f6: receive RaftClientReply:client-A65C28D2DCD9->50f6d40d-2bc2-4e54-879b-6d63894238f6@group-A8FB78DB4B65, cid=103, FAILED org.apache.ratis.protocol.NotLeaderException: Server 50f6d40d-2bc2-4e54-879b-6d63894238f6 is not the leader (null). Request must be sent to leader., logIndex=0, commits[50f6d40d-2bc2-4e54-879b-6d63894238f6:c-1]
2019-08-29 08:21:15,171 | INFO  | SCMAudit | user=jenkins1000 | ip=192.168.5.176 | op=SEND_HEARTBEAT {datanodeUUID=50f6d40d-2bc2-4e54-879b-6d63894238f6, command=[]} | ret=SUCCESS |  
2019-08-29 08:21:15,234 | INFO  | SCMAudit | user=jenkins1000 | ip=192.168.5.176 | op=SEND_HEARTBEAT {datanodeUUID=34289ccc-0131-4bf2-912a-923085112b8b, command=[]} | ret=SUCCESS |  
2019-08-29 08:21:15,303 | INFO  | SCMAudit | user=jenkins1000 | ip=192.168.5.176 | op=SEND_HEARTBEAT {datanodeUUID=9bb01ed7-5505-4dbc-8edc-35bafa85ec64, command=[]} | ret=SUCCESS |  
2019-08-29 08:21:15,375 | INFO  | SCMAudit | user=jenkins1000 | ip=192.168.5.176 | op=SEND_HEARTBEAT {datanodeUUID=dee279ab-8d1d-436b-bf0c-bfc83875726b, command=[]} | ret=SUCCESS |  
2019-08-29 08:21:15,440 | INFO  | SCMAudit | user=jenkins1000 | ip=192.168.5.176 | op=SEND_HEARTBEAT {datanodeUUID=cc4b2557-0ea5-475f-9db5-2439a9a60883, command=[]} | ret=SUCCESS |  
2019-08-29 08:21:15,505 | INFO  | SCMAudit | user=jenkins1000 | ip=192.168.5.176 | op=SEND_HEARTBEAT {datanodeUUID=271f8211-225d-4484-9b6c-f1d75a783c94, command=[]} | ret=SUCCESS |  
2019-08-29 08:21:15,565 | INFO  | SCMAudit | user=jenkins1000 | ip=192.168.5.176 | op=SEND_HEARTBEAT {datanodeUUID=7b403b74-006b-4f5b-8344-7aa370d356f8, command=[]} | ret=SUCCESS |  
2019-08-29 08:21:15,747 [grpc-default-executor-6] INFO  client.GrpcClientProtocolClient (GrpcClientProtocolClient.java:onNext(255)) - client-A65C28D2DCD9->dee279ab-8d1d-436b-bf0c-bfc83875726b: receive RaftClientReply:client-A65C28D2DCD9->dee279ab-8d1d-436b-bf0c-bfc83875726b@group-A8FB78DB4B65, cid=103, FAILED org.apache.ratis.protocol.NotLeaderException: Server dee279ab-8d1d-436b-bf0c-bfc83875726b is not the leader (null). Request must be sent to leader., logIndex=0, commits[dee279ab-8d1d-436b-bf0c-bfc83875726b:c-1]
2019-08-29 08:21:16,171 | INFO  | SCMAudit | user=jenkins1000 | ip=192.168.5.176 | op=SEND_HEARTBEAT {datanodeUUID=50f6d40d-2bc2-4e54-879b-6d63894238f6, command=[]} | ret=SUCCESS |  
2019-08-29 08:21:16,234 | INFO  | SCMAudit | user=jenkins1000 | ip=192.168.5.176 | op=SEND_HEARTBEAT {datanodeUUID=34289ccc-0131-4bf2-912a-923085112b8b, command=[]} | ret=SUCCESS |  
2019-08-29 08:21:16,303 | INFO  | SCMAudit | user=jenkins1000 | ip=192.168.5.176 | op=SEND_HEARTBEAT {datanodeUUID=9bb01ed7-5505-4dbc-8edc-35bafa85ec64, command=[]} | ret=SUCCESS |  
2019-08-29 08:21:16,375 | INFO  | SCMAudit | user=jenkins1000 | ip=192.168.5.176 | op=SEND_HEARTBEAT {datanodeUUID=dee279ab-8d1d-436b-bf0c-bfc83875726b, command=[]} | ret=SUCCESS |  
2019-08-29 08:21:16,440 | INFO  | SCMAudit | user=jenkins1000 | ip=192.168.5.176 | op=SEND_HEARTBEAT {datanodeUUID=cc4b2557-0ea5-475f-9db5-2439a9a60883, command=[]} | ret=SUCCESS |  
2019-08-29 08:21:16,505 | INFO  | SCMAudit | user=jenkins1000 | ip=192.168.5.176 | op=SEND_HEARTBEAT {datanodeUUID=271f8211-225d-4484-9b6c-f1d75a783c94, command=[]} | ret=SUCCESS |  
2019-08-29 08:21:16,564 | INFO  | SCMAudit | user=jenkins1000 | ip=192.168.5.176 | op=SEND_HEARTBEAT {datanodeUUID=7b403b74-006b-4f5b-8344-7aa370d356f8, command=[]} | ret=SUCCESS |  
2019-08-29 08:21:16,756 [grpc-default-executor-6] INFO  client.GrpcClientProtocolClient (GrpcClientProtocolClient.java:onNext(255)) - client-A65C28D2DCD9->50f6d40d-2bc2-4e54-879b-6d63894238f6: receive RaftClientReply:client-A65C28D2DCD9->50f6d40d-2bc2-4e54-879b-6d63894238f6@group-A8FB78DB4B65, cid=103, FAILED org.apache.ratis.protocol.NotLeaderException: Server 50f6d40d-2bc2-4e54-879b-6d63894238f6 is not the leader (null). Request must be sent to leader., logIndex=0, commits[50f6d40d-2bc2-4e54-879b-6d63894238f6:c-1]
2019-08-29 08:21:17,171 | INFO  | SCMAudit | user=jenkins1000 | ip=192.168.5.176 | op=SEND_HEARTBEAT {datanodeUUID=50f6d40d-2bc2-4e54-879b-6d63894238f6, command=[]} | ret=SUCCESS |  
2019-08-29 08:21:17,235 | INFO  | SCMAudit | user=jenkins1000 | ip=192.168.5.176 | op=SEND_HEARTBEAT {datanodeUUID=34289ccc-0131-4bf2-912a-923085112b8b, command=[]} | ret=SUCCESS |  
2019-08-29 08:21:17,303 | INFO  | SCMAudit | user=jenkins1000 | ip=192.168.5.176 | op=SEND_HEARTBEAT {datanodeUUID=9bb01ed7-5505-4dbc-8edc-35bafa85ec64, command=[]} | ret=SUCCESS |  
2019-08-29 08:21:17,375 | INFO  | SCMAudit | user=jenkins1000 | ip=192.168.5.176 | op=SEND_HEARTBEAT {datanodeUUID=dee279ab-8d1d-436b-bf0c-bfc83875726b, command=[]} | ret=SUCCESS |  
2019-08-29 08:21:17,440 | INFO  | SCMAudit | user=jenkins1000 | ip=192.168.5.176 | op=SEND_HEARTBEAT {datanodeUUID=cc4b2557-0ea5-475f-9db5-2439a9a60883, command=[]} | ret=SUCCESS |  
2019-08-29 08:21:17,505 | INFO  | SCMAudit | user=jenkins1000 | ip=192.168.5.176 | op=SEND_HEARTBEAT {datanodeUUID=271f8211-225d-4484-9b6c-f1d75a783c94, command=[]} | ret=SUCCESS |  
2019-08-29 08:21:17,565 | INFO  | SCMAudit | user=jenkins1000 | ip=192.168.5.176 | op=SEND_HEARTBEAT {datanodeUUID=7b403b74-006b-4f5b-8344-7aa370d356f8, command=[]} | ret=SUCCESS |  
2019-08-29 08:21:17,765 [grpc-default-executor-6] INFO  client.GrpcClientProtocolClient (GrpcClientProtocolClient.java:onNext(255)) - client-A65C28D2DCD9->34289ccc-0131-4bf2-912a-923085112b8b: receive RaftClientReply:client-A65C28D2DCD9->34289ccc-0131-4bf2-912a-923085112b8b@group-A8FB78DB4B65, cid=103, FAILED org.apache.ratis.protocol.NotLeaderException: Server 34289ccc-0131-4bf2-912a-923085112b8b is not the leader (null). Request must be sent to leader., logIndex=0, commits[34289ccc-0131-4bf2-912a-923085112b8b:c-1]
2019-08-29 08:21:18,171 | INFO  | SCMAudit | user=jenkins1000 | ip=192.168.5.176 | op=SEND_HEARTBEAT {datanodeUUID=50f6d40d-2bc2-4e54-879b-6d63894238f6, command=[]} | ret=SUCCESS |  
2019-08-29 08:21:18,235 | INFO  | SCMAudit | user=jenkins1000 | ip=192.168.5.176 | op=SEND_HEARTBEAT {datanodeUUID=34289ccc-0131-4bf2-912a-923085112b8b, command=[]} | ret=SUCCESS |  
2019-08-29 08:21:18,303 | INFO  | SCMAudit | user=jenkins1000 | ip=192.168.5.176 | op=SEND_HEARTBEAT {datanodeUUID=9bb01ed7-5505-4dbc-8edc-35bafa85ec64, command=[]} | ret=SUCCESS |  
2019-08-29 08:21:18,375 | INFO  | SCMAudit | user=jenkins1000 | ip=192.168.5.176 | op=SEND_HEARTBEAT {datanodeUUID=dee279ab-8d1d-436b-bf0c-bfc83875726b, command=[]} | ret=SUCCESS |  
2019-08-29 08:21:18,440 | INFO  | SCMAudit | user=jenkins1000 | ip=192.168.5.176 | op=SEND_HEARTBEAT {datanodeUUID=cc4b2557-0ea5-475f-9db5-2439a9a60883, command=[]} | ret=SUCCESS |  
2019-08-29 08:21:18,505 | INFO  | SCMAudit | user=jenkins1000 | ip=192.168.5.176 | op=SEND_HEARTBEAT {datanodeUUID=271f8211-225d-4484-9b6c-f1d75a783c94, command=[]} | ret=SUCCESS |  
2019-08-29 08:21:18,565 | INFO  | SCMAudit | user=jenkins1000 | ip=192.168.5.176 | op=SEND_HEARTBEAT {datanodeUUID=7b403b74-006b-4f5b-8344-7aa370d356f8, command=[]} | ret=SUCCESS |  
2019-08-29 08:21:18,777 [grpc-default-executor-9] INFO  client.GrpcClientProtocolClient (GrpcClientProtocolClient.java:onNext(255)) - client-A65C28D2DCD9->dee279ab-8d1d-436b-bf0c-bfc83875726b: receive RaftClientReply:client-A65C28D2DCD9->dee279ab-8d1d-436b-bf0c-bfc83875726b@group-A8FB78DB4B65, cid=103, FAILED org.apache.ratis.protocol.NotLeaderException: Server dee279ab-8d1d-436b-bf0c-bfc83875726b is not the leader (null). Request must be sent to leader., logIndex=0, commits[dee279ab-8d1d-436b-bf0c-bfc83875726b:c-1]
2019-08-29 08:21:19,171 | INFO  | SCMAudit | user=jenkins1000 | ip=192.168.5.176 | op=SEND_HEARTBEAT {datanodeUUID=50f6d40d-2bc2-4e54-879b-6d63894238f6, command=[]} | ret=SUCCESS |  
2019-08-29 08:21:19,235 | INFO  | SCMAudit | user=jenkins1000 | ip=192.168.5.176 | op=SEND_HEARTBEAT {datanodeUUID=34289ccc-0131-4bf2-912a-923085112b8b, command=[]} | ret=SUCCESS |  
2019-08-29 08:21:19,303 | INFO  | SCMAudit | user=jenkins1000 | ip=192.168.5.176 | op=SEND_HEARTBEAT {datanodeUUID=9bb01ed7-5505-4dbc-8edc-35bafa85ec64, command=[]} | ret=SUCCESS |  
2019-08-29 08:21:19,374 | INFO  | SCMAudit | user=jenkins1000 | ip=192.168.5.176 | op=SEND_HEARTBEAT {datanodeUUID=dee279ab-8d1d-436b-bf0c-bfc83875726b, command=[]} | ret=SUCCESS |  
2019-08-29 08:21:19,439 | INFO  | SCMAudit | user=jenkins1000 | ip=192.168.5.176 | op=SEND_HEARTBEAT {datanodeUUID=cc4b2557-0ea5-475f-9db5-2439a9a60883, command=[]} | ret=SUCCESS |  
2019-08-29 08:21:19,505 | INFO  | SCMAudit | user=jenkins1000 | ip=192.168.5.176 | op=SEND_HEARTBEAT {datanodeUUID=271f8211-225d-4484-9b6c-f1d75a783c94, command=[]} | ret=SUCCESS |  
2019-08-29 08:21:19,565 | INFO  | SCMAudit | user=jenkins1000 | ip=192.168.5.176 | op=SEND_HEARTBEAT {datanodeUUID=7b403b74-006b-4f5b-8344-7aa370d356f8, command=[]} | ret=SUCCESS |  
2019-08-29 08:21:19,791 [grpc-default-executor-9] INFO  client.GrpcClientProtocolClient (GrpcClientProtocolClient.java:onNext(255)) - client-A65C28D2DCD9->50f6d40d-2bc2-4e54-879b-6d63894238f6: receive RaftClientReply:client-A65C28D2DCD9->50f6d40d-2bc2-4e54-879b-6d63894238f6@group-A8FB78DB4B65, cid=103, FAILED org.apache.ratis.protocol.NotLeaderException: Server 50f6d40d-2bc2-4e54-879b-6d63894238f6 is not the leader (null). Request must be sent to leader., logIndex=0, commits[50f6d40d-2bc2-4e54-879b-6d63894238f6:c-1]
2019-08-29 08:21:20,171 | INFO  | SCMAudit | user=jenkins1000 | ip=192.168.5.176 | op=SEND_HEARTBEAT {datanodeUUID=50f6d40d-2bc2-4e54-879b-6d63894238f6, command=[]} | ret=SUCCESS |  
2019-08-29 08:21:20,235 | INFO  | SCMAudit | user=jenkins1000 | ip=192.168.5.176 | op=SEND_HEARTBEAT {datanodeUUID=34289ccc-0131-4bf2-912a-923085112b8b, command=[]} | ret=SUCCESS |  
2019-08-29 08:21:20,303 | INFO  | SCMAudit | user=jenkins1000 | ip=192.168.5.176 | op=SEND_HEARTBEAT {datanodeUUID=9bb01ed7-5505-4dbc-8edc-35bafa85ec64, command=[]} | ret=SUCCESS |  
2019-08-29 08:21:20,375 | INFO  | SCMAudit | user=jenkins1000 | ip=192.168.5.176 | op=SEND_HEARTBEAT {datanodeUUID=dee279ab-8d1d-436b-bf0c-bfc83875726b, command=[]} | ret=SUCCESS |  
2019-08-29 08:21:20,439 | INFO  | SCMAudit | user=jenkins1000 | ip=192.168.5.176 | op=SEND_HEARTBEAT {datanodeUUID=cc4b2557-0ea5-475f-9db5-2439a9a60883, command=[]} | ret=SUCCESS |  
2019-08-29 08:21:20,505 | INFO  | SCMAudit | user=jenkins1000 | ip=192.168.5.176 | op=SEND_HEARTBEAT {datanodeUUID=271f8211-225d-4484-9b6c-f1d75a783c94, command=[]} | ret=SUCCESS |  
2019-08-29 08:21:20,565 | INFO  | SCMAudit | user=jenkins1000 | ip=192.168.5.176 | op=SEND_HEARTBEAT {datanodeUUID=7b403b74-006b-4f5b-8344-7aa370d356f8, command=[]} | ret=SUCCESS |  
2019-08-29 08:21:20,806 [grpc-default-executor-9] INFO  client.GrpcClientProtocolClient (GrpcClientProtocolClient.java:onNext(255)) - client-A65C28D2DCD9->34289ccc-0131-4bf2-912a-923085112b8b: receive RaftClientReply:client-A65C28D2DCD9->34289ccc-0131-4bf2-912a-923085112b8b@group-A8FB78DB4B65, cid=103, FAILED org.apache.ratis.protocol.NotLeaderException: Server 34289ccc-0131-4bf2-912a-923085112b8b is not the leader (null). Request must be sent to leader., logIndex=0, commits[34289ccc-0131-4bf2-912a-923085112b8b:c-1]
2019-08-29 08:21:21,171 | INFO  | SCMAudit | user=jenkins1000 | ip=192.168.5.176 | op=SEND_HEARTBEAT {datanodeUUID=50f6d40d-2bc2-4e54-879b-6d63894238f6, command=[]} | ret=SUCCESS |  
2019-08-29 08:21:21,235 | INFO  | SCMAudit | user=jenkins1000 | ip=192.168.5.176 | op=SEND_HEARTBEAT {datanodeUUID=34289ccc-0131-4bf2-912a-923085112b8b, command=[]} | ret=SUCCESS |  
2019-08-29 08:21:21,303 | INFO  | SCMAudit | user=jenkins1000 | ip=192.168.5.176 | op=SEND_HEARTBEAT {datanodeUUID=9bb01ed7-5505-4dbc-8edc-35bafa85ec64, command=[]} | ret=SUCCESS |  
2019-08-29 08:21:21,375 | INFO  | SCMAudit | user=jenkins1000 | ip=192.168.5.176 | op=SEND_HEARTBEAT {datanodeUUID=dee279ab-8d1d-436b-bf0c-bfc83875726b, command=[]} | ret=SUCCESS |  
2019-08-29 08:21:21,440 | INFO  | SCMAudit | user=jenkins1000 | ip=192.168.5.176 | op=SEND_HEARTBEAT {datanodeUUID=cc4b2557-0ea5-475f-9db5-2439a9a60883, command=[]} | ret=SUCCESS |  
2019-08-29 08:21:21,505 | INFO  | SCMAudit | user=jenkins1000 | ip=192.168.5.176 | op=SEND_HEARTBEAT {datanodeUUID=271f8211-225d-4484-9b6c-f1d75a783c94, command=[]} | ret=SUCCESS |  
2019-08-29 08:21:21,565 | INFO  | SCMAudit | user=jenkins1000 | ip=192.168.5.176 | op=SEND_HEARTBEAT {datanodeUUID=7b403b74-006b-4f5b-8344-7aa370d356f8, command=[]} | ret=SUCCESS |  
2019-08-29 08:21:21,820 [grpc-default-executor-6] INFO  client.GrpcClientProtocolClient (GrpcClientProtocolClient.java:onNext(255)) - client-A65C28D2DCD9->50f6d40d-2bc2-4e54-879b-6d63894238f6: receive RaftClientReply:client-A65C28D2DCD9->50f6d40d-2bc2-4e54-879b-6d63894238f6@group-A8FB78DB4B65, cid=103, FAILED org.apache.ratis.protocol.NotLeaderException: Server 50f6d40d-2bc2-4e54-879b-6d63894238f6 is not the leader (null). Request must be sent to leader., logIndex=0, commits[50f6d40d-2bc2-4e54-879b-6d63894238f6:c-1]
2019-08-29 08:21:22,171 | INFO  | SCMAudit | user=jenkins1000 | ip=192.168.5.176 | op=SEND_HEARTBEAT {datanodeUUID=50f6d40d-2bc2-4e54-879b-6d63894238f6, command=[]} | ret=SUCCESS |  
2019-08-29 08:21:22,235 | INFO  | SCMAudit | user=jenkins1000 | ip=192.168.5.176 | op=SEND_HEARTBEAT {datanodeUUID=34289ccc-0131-4bf2-912a-923085112b8b, command=[]} | ret=SUCCESS |  
2019-08-29 08:21:22,303 | INFO  | SCMAudit | user=jenkins1000 | ip=192.168.5.176 | op=SEND_HEARTBEAT {datanodeUUID=9bb01ed7-5505-4dbc-8edc-35bafa85ec64, command=[]} | ret=SUCCESS |  
2019-08-29 08:21:22,375 | INFO  | SCMAudit | user=jenkins1000 | ip=192.168.5.176 | op=SEND_HEARTBEAT {datanodeUUID=dee279ab-8d1d-436b-bf0c-bfc83875726b, command=[]} | ret=SUCCESS |  
2019-08-29 08:21:22,440 | INFO  | SCMAudit | user=jenkins1000 | ip=192.168.5.176 | op=SEND_HEARTBEAT {datanodeUUID=cc4b2557-0ea5-475f-9db5-2439a9a60883, command=[]} | ret=SUCCESS |  
2019-08-29 08:21:22,506 | INFO  | SCMAudit | user=jenkins1000 | ip=192.168.5.176 | op=SEND_HEARTBEAT {datanodeUUID=271f8211-225d-4484-9b6c-f1d75a783c94, command=[]} | ret=SUCCESS |  
2019-08-29 08:21:22,565 | INFO  | SCMAudit | user=jenkins1000 | ip=192.168.5.176 | op=SEND_HEARTBEAT {datanodeUUID=7b403b74-006b-4f5b-8344-7aa370d356f8, command=[]} | ret=SUCCESS |  
2019-08-29 08:21:22,833 [grpc-default-executor-9] INFO  client.GrpcClientProtocolClient (GrpcClientProtocolClient.java:onNext(255)) - client-A65C28D2DCD9->34289ccc-0131-4bf2-912a-923085112b8b: receive RaftClientReply:client-A65C28D2DCD9->34289ccc-0131-4bf2-912a-923085112b8b@group-A8FB78DB4B65, cid=103, FAILED org.apache.ratis.protocol.NotLeaderException: Server 34289ccc-0131-4bf2-912a-923085112b8b is not the leader (null). Request must be sent to leader., logIndex=0, commits[34289ccc-0131-4bf2-912a-923085112b8b:c-1]
2019-08-29 08:21:23,171 | INFO  | SCMAudit | user=jenkins1000 | ip=192.168.5.176 | op=SEND_HEARTBEAT {datanodeUUID=50f6d40d-2bc2-4e54-879b-6d63894238f6, command=[]} | ret=SUCCESS |  
2019-08-29 08:21:23,235 | INFO  | SCMAudit | user=jenkins1000 | ip=192.168.5.176 | op=SEND_HEARTBEAT {datanodeUUID=34289ccc-0131-4bf2-912a-923085112b8b, command=[]} | ret=SUCCESS |  
2019-08-29 08:21:23,303 | INFO  | SCMAudit | user=jenkins1000 | ip=192.168.5.176 | op=SEND_HEARTBEAT {datanodeUUID=9bb01ed7-5505-4dbc-8edc-35bafa85ec64, command=[]} | ret=SUCCESS |  
2019-08-29 08:21:23,375 | INFO  | SCMAudit | user=jenkins1000 | ip=192.168.5.176 | op=SEND_HEARTBEAT {datanodeUUID=dee279ab-8d1d-436b-bf0c-bfc83875726b, command=[]} | ret=SUCCESS |  
2019-08-29 08:21:23,440 | INFO  | SCMAudit | user=jenkins1000 | ip=192.168.5.176 | op=SEND_HEARTBEAT {datanodeUUID=cc4b2557-0ea5-475f-9db5-2439a9a60883, command=[]} | ret=SUCCESS |  
2019-08-29 08:21:23,507 | INFO  | SCMAudit | user=jenkins1000 | ip=192.168.5.176 | op=SEND_HEARTBEAT {datanodeUUID=271f8211-225d-4484-9b6c-f1d75a783c94, command=[]} | ret=SUCCESS |  
2019-08-29 08:21:23,565 | INFO  | SCMAudit | user=jenkins1000 | ip=192.168.5.176 | op=SEND_HEARTBEAT {datanodeUUID=7b403b74-006b-4f5b-8344-7aa370d356f8, command=[]} | ret=SUCCESS |  
2019-08-29 08:21:23,844 [grpc-default-executor-9] INFO  client.GrpcClientProtocolClient (GrpcClientProtocolClient.java:onNext(255)) - client-A65C28D2DCD9->dee279ab-8d1d-436b-bf0c-bfc83875726b: receive RaftClientReply:client-A65C28D2DCD9->dee279ab-8d1d-436b-bf0c-bfc83875726b@group-A8FB78DB4B65, cid=103, FAILED org.apache.ratis.protocol.NotLeaderException: Server dee279ab-8d1d-436b-bf0c-bfc83875726b is not the leader (null). Request must be sent to leader., logIndex=0, commits[dee279ab-8d1d-436b-bf0c-bfc83875726b:c-1]
2019-08-29 08:21:24,171 | INFO  | SCMAudit | user=jenkins1000 | ip=192.168.5.176 | op=SEND_HEARTBEAT {datanodeUUID=50f6d40d-2bc2-4e54-879b-6d63894238f6, command=[]} | ret=SUCCESS |  
2019-08-29 08:21:24,235 | INFO  | SCMAudit | user=jenkins1000 | ip=192.168.5.176 | op=SEND_HEARTBEAT {datanodeUUID=34289ccc-0131-4bf2-912a-923085112b8b, command=[]} | ret=SUCCESS |  
2019-08-29 08:21:24,303 | INFO  | SCMAudit | user=jenkins1000 | ip=192.168.5.176 | op=SEND_HEARTBEAT {datanodeUUID=9bb01ed7-5505-4dbc-8edc-35bafa85ec64, command=[]} | ret=SUCCESS |  
2019-08-29 08:21:24,375 | INFO  | SCMAudit | user=jenkins1000 | ip=192.168.5.176 | op=SEND_HEARTBEAT {datanodeUUID=dee279ab-8d1d-436b-bf0c-bfc83875726b, command=[]} | ret=SUCCESS |  
2019-08-29 08:21:24,440 | INFO  | SCMAudit | user=jenkins1000 | ip=192.168.5.176 | op=SEND_HEARTBEAT {datanodeUUID=cc4b2557-0ea5-475f-9db5-2439a9a60883, command=[]} | ret=SUCCESS |  
2019-08-29 08:21:24,507 | INFO  | SCMAudit | user=jenkins1000 | ip=192.168.5.176 | op=SEND_HEARTBEAT {datanodeUUID=271f8211-225d-4484-9b6c-f1d75a783c94, command=[]} | ret=SUCCESS |  
2019-08-29 08:21:24,565 | INFO  | SCMAudit | user=jenkins1000 | ip=192.168.5.176 | op=SEND_HEARTBEAT {datanodeUUID=7b403b74-006b-4f5b-8344-7aa370d356f8, command=[]} | ret=SUCCESS |  
2019-08-29 08:21:24,854 [grpc-default-executor-9] INFO  client.GrpcClientProtocolClient (GrpcClientProtocolClient.java:onNext(255)) - client-A65C28D2DCD9->34289ccc-0131-4bf2-912a-923085112b8b: receive RaftClientReply:client-A65C28D2DCD9->34289ccc-0131-4bf2-912a-923085112b8b@group-A8FB78DB4B65, cid=103, FAILED org.apache.ratis.protocol.NotLeaderException: Server 34289ccc-0131-4bf2-912a-923085112b8b is not the leader (null). Request must be sent to leader., logIndex=0, commits[34289ccc-0131-4bf2-912a-923085112b8b:c-1]
2019-08-29 08:21:25,172 | INFO  | SCMAudit | user=jenkins1000 | ip=192.168.5.176 | op=SEND_HEARTBEAT {datanodeUUID=50f6d40d-2bc2-4e54-879b-6d63894238f6, command=[]} | ret=SUCCESS |  
2019-08-29 08:21:25,235 | INFO  | SCMAudit | user=jenkins1000 | ip=192.168.5.176 | op=SEND_HEARTBEAT {datanodeUUID=34289ccc-0131-4bf2-912a-923085112b8b, command=[]} | ret=SUCCESS |  
2019-08-29 08:21:25,303 | INFO  | SCMAudit | user=jenkins1000 | ip=192.168.5.176 | op=SEND_HEARTBEAT {datanodeUUID=9bb01ed7-5505-4dbc-8edc-35bafa85ec64, command=[]} | ret=SUCCESS |  
2019-08-29 08:21:25,375 | INFO  | SCMAudit | user=jenkins1000 | ip=192.168.5.176 | op=SEND_HEARTBEAT {datanodeUUID=dee279ab-8d1d-436b-bf0c-bfc83875726b, command=[]} | ret=SUCCESS |  
2019-08-29 08:21:25,440 | INFO  | SCMAudit | user=jenkins1000 | ip=192.168.5.176 | op=SEND_HEARTBEAT {datanodeUUID=cc4b2557-0ea5-475f-9db5-2439a9a60883, command=[]} | ret=SUCCESS |  
2019-08-29 08:21:25,507 | INFO  | SCMAudit | user=jenkins1000 | ip=192.168.5.176 | op=SEND_HEARTBEAT {datanodeUUID=271f8211-225d-4484-9b6c-f1d75a783c94, command=[]} | ret=SUCCESS |  
2019-08-29 08:21:25,565 | INFO  | SCMAudit | user=jenkins1000 | ip=192.168.5.176 | op=SEND_HEARTBEAT {datanodeUUID=7b403b74-006b-4f5b-8344-7aa370d356f8, command=[]} | ret=SUCCESS |  
2019-08-29 08:21:25,864 [grpc-default-executor-6] INFO  client.GrpcClientProtocolClient (GrpcClientProtocolClient.java:onNext(255)) - client-A65C28D2DCD9->dee279ab-8d1d-436b-bf0c-bfc83875726b: receive RaftClientReply:client-A65C28D2DCD9->dee279ab-8d1d-436b-bf0c-bfc83875726b@group-A8FB78DB4B65, cid=103, FAILED org.apache.ratis.protocol.NotLeaderException: Server dee279ab-8d1d-436b-bf0c-bfc83875726b is not the leader (null). Request must be sent to leader., logIndex=0, commits[dee279ab-8d1d-436b-bf0c-bfc83875726b:c-1]
2019-08-29 08:21:26,172 | INFO  | SCMAudit | user=jenkins1000 | ip=192.168.5.176 | op=SEND_HEARTBEAT {datanodeUUID=50f6d40d-2bc2-4e54-879b-6d63894238f6, command=[]} | ret=SUCCESS |  
2019-08-29 08:21:26,235 | INFO  | SCMAudit | user=jenkins1000 | ip=192.168.5.176 | op=SEND_HEARTBEAT {datanodeUUID=34289ccc-0131-4bf2-912a-923085112b8b, command=[]} | ret=SUCCESS |  
2019-08-29 08:21:26,303 | INFO  | SCMAudit | user=jenkins1000 | ip=192.168.5.176 | op=SEND_HEARTBEAT {datanodeUUID=9bb01ed7-5505-4dbc-8edc-35bafa85ec64, command=[]} | ret=SUCCESS |  
2019-08-29 08:21:26,375 | INFO  | SCMAudit | user=jenkins1000 | ip=192.168.5.176 | op=SEND_HEARTBEAT {datanodeUUID=dee279ab-8d1d-436b-bf0c-bfc83875726b, command=[]} | ret=SUCCESS |  
2019-08-29 08:21:26,440 | INFO  | SCMAudit | user=jenkins1000 | ip=192.168.5.176 | op=SEND_HEARTBEAT {datanodeUUID=cc4b2557-0ea5-475f-9db5-2439a9a60883, command=[]} | ret=SUCCESS |  
2019-08-29 08:21:26,508 | INFO  | SCMAudit | user=jenkins1000 | ip=192.168.5.176 | op=SEND_HEARTBEAT {datanodeUUID=271f8211-225d-4484-9b6c-f1d75a783c94, command=[]} | ret=SUCCESS |  
2019-08-29 08:21:26,565 | INFO  | SCMAudit | user=jenkins1000 | ip=192.168.5.176 | op=SEND_HEARTBEAT {datanodeUUID=7b403b74-006b-4f5b-8344-7aa370d356f8, command=[]} | ret=SUCCESS |  
2019-08-29 08:21:26,876 [grpc-default-executor-9] INFO  client.GrpcClientProtocolClient (GrpcClientProtocolClient.java:onNext(255)) - client-A65C28D2DCD9->34289ccc-0131-4bf2-912a-923085112b8b: receive RaftClientReply:client-A65C28D2DCD9->34289ccc-0131-4bf2-912a-923085112b8b@group-A8FB78DB4B65, cid=103, FAILED org.apache.ratis.protocol.NotLeaderException: Server 34289ccc-0131-4bf2-912a-923085112b8b is not the leader (null). Request must be sent to leader., logIndex=0, commits[34289ccc-0131-4bf2-912a-923085112b8b:c-1]
2019-08-29 08:21:27,172 | INFO  | SCMAudit | user=jenkins1000 | ip=192.168.5.176 | op=SEND_HEARTBEAT {datanodeUUID=50f6d40d-2bc2-4e54-879b-6d63894238f6, command=[]} | ret=SUCCESS |  
2019-08-29 08:21:27,235 | INFO  | SCMAudit | user=jenkins1000 | ip=192.168.5.176 | op=SEND_HEARTBEAT {datanodeUUID=34289ccc-0131-4bf2-912a-923085112b8b, command=[]} | ret=SUCCESS |  
2019-08-29 08:21:27,303 | INFO  | SCMAudit | user=jenkins1000 | ip=192.168.5.176 | op=SEND_HEARTBEAT {datanodeUUID=9bb01ed7-5505-4dbc-8edc-35bafa85ec64, command=[]} | ret=SUCCESS |  
2019-08-29 08:21:27,375 | INFO  | SCMAudit | user=jenkins1000 | ip=192.168.5.176 | op=SEND_HEARTBEAT {datanodeUUID=dee279ab-8d1d-436b-bf0c-bfc83875726b, command=[]} | ret=SUCCESS |  
2019-08-29 08:21:27,440 | INFO  | SCMAudit | user=jenkins1000 | ip=192.168.5.176 | op=SEND_HEARTBEAT {datanodeUUID=cc4b2557-0ea5-475f-9db5-2439a9a60883, command=[]} | ret=SUCCESS |  
2019-08-29 08:21:27,507 | INFO  | SCMAudit | user=jenkins1000 | ip=192.168.5.176 | op=SEND_HEARTBEAT {datanodeUUID=271f8211-225d-4484-9b6c-f1d75a783c94, command=[]} | ret=SUCCESS |  
2019-08-29 08:21:27,567 | INFO  | SCMAudit | user=jenkins1000 | ip=192.168.5.176 | op=SEND_HEARTBEAT {datanodeUUID=7b403b74-006b-4f5b-8344-7aa370d356f8, command=[]} | ret=SUCCESS |  
2019-08-29 08:21:27,889 [grpc-default-executor-6] INFO  client.GrpcClientProtocolClient (GrpcClientProtocolClient.java:onNext(255)) - client-A65C28D2DCD9->dee279ab-8d1d-436b-bf0c-bfc83875726b: receive RaftClientReply:client-A65C28D2DCD9->dee279ab-8d1d-436b-bf0c-bfc83875726b@group-A8FB78DB4B65, cid=103, FAILED org.apache.ratis.protocol.NotLeaderException: Server dee279ab-8d1d-436b-bf0c-bfc83875726b is not the leader (null). Request must be sent to leader., logIndex=0, commits[dee279ab-8d1d-436b-bf0c-bfc83875726b:c-1]
2019-08-29 08:21:28,173 | INFO  | SCMAudit | user=jenkins1000 | ip=192.168.5.176 | op=SEND_HEARTBEAT {datanodeUUID=50f6d40d-2bc2-4e54-879b-6d63894238f6, command=[]} | ret=SUCCESS |  
2019-08-29 08:21:28,235 | INFO  | SCMAudit | user=jenkins1000 | ip=192.168.5.176 | op=SEND_HEARTBEAT {datanodeUUID=34289ccc-0131-4bf2-912a-923085112b8b, command=[]} | ret=SUCCESS |  
2019-08-29 08:21:28,303 | INFO  | SCMAudit | user=jenkins1000 | ip=192.168.5.176 | op=SEND_HEARTBEAT {datanodeUUID=9bb01ed7-5505-4dbc-8edc-35bafa85ec64, command=[]} | ret=SUCCESS |  
2019-08-29 08:21:28,375 | INFO  | SCMAudit | user=jenkins1000 | ip=192.168.5.176 | op=SEND_HEARTBEAT {datanodeUUID=dee279ab-8d1d-436b-bf0c-bfc83875726b, command=[]} | ret=SUCCESS |  
2019-08-29 08:21:28,440 | INFO  | SCMAudit | user=jenkins1000 | ip=192.168.5.176 | op=SEND_HEARTBEAT {datanodeUUID=cc4b2557-0ea5-475f-9db5-2439a9a60883, command=[]} | ret=SUCCESS |  
2019-08-29 08:21:28,507 | INFO  | SCMAudit | user=jenkins1000 | ip=192.168.5.176 | op=SEND_HEARTBEAT {datanodeUUID=271f8211-225d-4484-9b6c-f1d75a783c94, command=[]} | ret=SUCCESS |  
2019-08-29 08:21:28,566 | INFO  | SCMAudit | user=jenkins1000 | ip=192.168.5.176 | op=SEND_HEARTBEAT {datanodeUUID=7b403b74-006b-4f5b-8344-7aa370d356f8, command=[]} | ret=SUCCESS |  
2019-08-29 08:21:28,900 [grpc-default-executor-9] INFO  client.GrpcClientProtocolClient (GrpcClientProtocolClient.java:onNext(255)) - client-A65C28D2DCD9->34289ccc-0131-4bf2-912a-923085112b8b: receive RaftClientReply:client-A65C28D2DCD9->34289ccc-0131-4bf2-912a-923085112b8b@group-A8FB78DB4B65, cid=103, FAILED org.apache.ratis.protocol.NotLeaderException: Server 34289ccc-0131-4bf2-912a-923085112b8b is not the leader (null). Request must be sent to leader., logIndex=0, commits[34289ccc-0131-4bf2-912a-923085112b8b:c-1]
]]></system-out>
  </testcase>
</testsuite>