<?xml version="1.0" encoding="UTF-8"?>
<testsuite xmlns:xsi="http://www.w3.org/2001/XMLSchema-instance" xsi:noNamespaceSchemaLocation="https://maven.apache.org/surefire/maven-surefire-plugin/xsd/surefire-test-report.xsd" name="org.apache.hadoop.ozone.client.rpc.TestBlockOutputStreamWithFailures" time="760.103" tests="8" errors="0" skipped="0" failures="2">
  <properties>
    <property name="awt.toolkit" value="sun.awt.X11.XToolkit"/>
    <property name="file.encoding.pkg" value="sun.io"/>
    <property name="java.specification.version" value="1.8"/>
    <property name="sun.cpu.isalist" value=""/>
    <property name="sun.jnu.encoding" value="UTF-8"/>
    <property name="java.class.path" value="/workdir/hadoop-ozone/integration-test/target/test-classes:/workdir/hadoop-ozone/integration-test/target/classes:/home/user/.m2/repository/org/apache/hadoop/hadoop-ozone-common/0.5.0-SNAPSHOT/hadoop-ozone-common-0.5.0-SNAPSHOT.jar:/home/user/.m2/repository/org/apache/commons/commons-compress/1.4.1/commons-compress-1.4.1.jar:/home/user/.m2/repository/org/tukaani/xz/1.0/xz-1.0.jar:/home/user/.m2/repository/org/apache/hadoop/hadoop-common/3.2.0/hadoop-common-3.2.0.jar:/home/user/.m2/repository/org/apache/hadoop/hadoop-hdfs/3.2.0/hadoop-hdfs-3.2.0.jar:/home/user/.m2/repository/org/apache/hadoop/hadoop-hdfs-client/3.2.0/hadoop-hdfs-client-3.2.0.jar:/home/user/.m2/repository/com/fasterxml/jackson/core/jackson-annotations/2.9.5/jackson-annotations-2.9.5.jar:/home/user/.m2/repository/org/apache/hadoop/hadoop-hdds-common/0.5.0-SNAPSHOT/hadoop-hdds-common-0.5.0-SNAPSHOT.jar:/home/user/.m2/repository/javax/annotation/javax.annotation-api/1.2/javax.annotation-api-1.2.jar:/home/user/.m2/repository/org/apache/ratis/ratis-server/0.4.0-2337318-SNAPSHOT/ratis-server-0.4.0-2337318-SNAPSHOT.jar:/home/user/.m2/repository/org/apache/ratis/ratis-thirdparty-misc/0.2.0/ratis-thirdparty-misc-0.2.0.jar:/home/user/.m2/repository/org/apache/ratis/ratis-proto/0.4.0-2337318-SNAPSHOT/ratis-proto-0.4.0-2337318-SNAPSHOT.jar:/home/user/.m2/repository/org/apache/ratis/ratis-common/0.4.0-2337318-SNAPSHOT/ratis-common-0.4.0-2337318-SNAPSHOT.jar:/home/user/.m2/repository/org/apache/ratis/ratis-client/0.4.0-2337318-SNAPSHOT/ratis-client-0.4.0-2337318-SNAPSHOT.jar:/home/user/.m2/repository/org/apache/ratis/ratis-metrics/0.4.0-2337318-SNAPSHOT/ratis-metrics-0.4.0-2337318-SNAPSHOT.jar:/home/user/.m2/repository/org/apache/ratis/ratis-netty/0.4.0-2337318-SNAPSHOT/ratis-netty-0.4.0-2337318-SNAPSHOT.jar:/home/user/.m2/repository/org/apache/ratis/ratis-grpc/0.4.0-2337318-SNAPSHOT/ratis-grpc-0.4.0-2337318-SNAPSHOT.jar:/home/user/.m2/repository/org/rocksdb/rocksdbjni/6.0.1/rocksdbjni-6.0.1.jar:/home/user/.m2/repository/org/apache/logging/log4j/log4j-api/2.11.0/log4j-api-2.11.0.jar:/home/user/.m2/repository/org/apache/logging/log4j/log4j-core/2.11.0/log4j-core-2.11.0.jar:/home/user/.m2/repository/com/lmax/disruptor/3.4.2/disruptor-3.4.2.jar:/home/user/.m2/repository/org/apache/commons/commons-pool2/2.6.0/commons-pool2-2.6.0.jar:/home/user/.m2/repository/org/bouncycastle/bcpkix-jdk15on/1.60/bcpkix-jdk15on-1.60.jar:/home/user/.m2/repository/commons-validator/commons-validator/1.6/commons-validator-1.6.jar:/home/user/.m2/repository/commons-digester/commons-digester/1.8.1/commons-digester-1.8.1.jar:/home/user/.m2/repository/io/jaegertracing/jaeger-client/0.33.1/jaeger-client-0.33.1.jar:/home/user/.m2/repository/io/jaegertracing/jaeger-thrift/0.33.1/jaeger-thrift-0.33.1.jar:/home/user/.m2/repository/org/apache/thrift/libthrift/0.11.0/libthrift-0.11.0.jar:/home/user/.m2/repository/com/squareup/okhttp3/okhttp/3.9.0/okhttp-3.9.0.jar:/home/user/.m2/repository/com/squareup/okio/okio/1.13.0/okio-1.13.0.jar:/home/user/.m2/repository/io/jaegertracing/jaeger-core/0.33.1/jaeger-core-0.33.1.jar:/home/user/.m2/repository/io/jaegertracing/jaeger-tracerresolver/0.33.1/jaeger-tracerresolver-0.33.1.jar:/home/user/.m2/repository/io/opentracing/contrib/opentracing-tracerresolver/0.1.5/opentracing-tracerresolver-0.1.5.jar:/home/user/.m2/repository/io/opentracing/opentracing-util/0.31.0/opentracing-util-0.31.0.jar:/home/user/.m2/repository/io/opentracing/opentracing-api/0.31.0/opentracing-api-0.31.0.jar:/home/user/.m2/repository/io/opentracing/opentracing-noop/0.31.0/opentracing-noop-0.31.0.jar:/home/user/.m2/repository/org/apache/hadoop/hadoop-hdds-server-framework/0.5.0-SNAPSHOT/hadoop-hdds-server-framework-0.5.0-SNAPSHOT.jar:/home/user/.m2/repository/org/apache/hadoop/hadoop-hdds-container-service/0.5.0-SNAPSHOT/hadoop-hdds-container-service-0.5.0-SNAPSHOT.jar:/home/user/.m2/repository/org/apache/hadoop/hadoop-hdds-client/0.5.0-SNAPSHOT/hadoop-hdds-client-0.5.0-SNAPSHOT.jar:/home/user/.m2/repository/org/apache/hadoop/hadoop-hdds-tools/0.5.0-SNAPSHOT/hadoop-hdds-tools-0.5.0-SNAPSHOT.jar:/home/user/.m2/repository/org/apache/hadoop/hadoop-hdds-server-scm/0.5.0-SNAPSHOT/hadoop-hdds-server-scm-0.5.0-SNAPSHOT.jar:/home/user/.m2/repository/org/apache/hadoop/hadoop-hdds-docs/0.5.0-SNAPSHOT/hadoop-hdds-docs-0.5.0-SNAPSHOT.jar:/home/user/.m2/repository/com/sun/xml/bind/jaxb-impl/2.3.0.1/jaxb-impl-2.3.0.1.jar:/home/user/.m2/repository/com/sun/xml/bind/jaxb-core/2.3.0.1/jaxb-core-2.3.0.1.jar:/home/user/.m2/repository/javax/xml/bind/jaxb-api/2.3.0/jaxb-api-2.3.0.jar:/home/user/.m2/repository/javax/activation/activation/1.1.1/activation-1.1.1.jar:/home/user/.m2/repository/io/dropwizard/metrics/metrics-core/3.2.4/metrics-core-3.2.4.jar:/home/user/.m2/repository/org/hamcrest/hamcrest-all/1.3/hamcrest-all-1.3.jar:/home/user/.m2/repository/org/bouncycastle/bcprov-jdk15on/1.60/bcprov-jdk15on-1.60.jar:/home/user/.m2/repository/info/picocli/picocli/3.9.6/picocli-3.9.6.jar:/home/user/.m2/repository/com/google/protobuf/protobuf-java/2.5.0/protobuf-java-2.5.0.jar:/home/user/.m2/repository/com/google/guava/guava/11.0.2/guava-11.0.2.jar:/home/user/.m2/repository/org/apache/hadoop/hadoop-ozone-ozone-manager/0.5.0-SNAPSHOT/hadoop-ozone-ozone-manager-0.5.0-SNAPSHOT.jar:/home/user/.m2/repository/org/apache/hadoop/hadoop-minikdc/3.2.0/hadoop-minikdc-3.2.0.jar:/home/user/.m2/repository/commons-io/commons-io/2.5/commons-io-2.5.jar:/home/user/.m2/repository/org/apache/kerby/kerb-simplekdc/1.0.1/kerb-simplekdc-1.0.1.jar:/home/user/.m2/repository/org/apache/kerby/kerb-client/1.0.1/kerb-client-1.0.1.jar:/home/user/.m2/repository/org/apache/kerby/kerby-config/1.0.1/kerby-config-1.0.1.jar:/home/user/.m2/repository/org/apache/kerby/kerb-core/1.0.1/kerb-core-1.0.1.jar:/home/user/.m2/repository/org/apache/kerby/kerby-pkix/1.0.1/kerby-pkix-1.0.1.jar:/home/user/.m2/repository/org/apache/kerby/kerby-asn1/1.0.1/kerby-asn1-1.0.1.jar:/home/user/.m2/repository/org/apache/kerby/kerby-util/1.0.1/kerby-util-1.0.1.jar:/home/user/.m2/repository/org/apache/kerby/kerb-common/1.0.1/kerb-common-1.0.1.jar:/home/user/.m2/repository/org/apache/kerby/kerb-crypto/1.0.1/kerb-crypto-1.0.1.jar:/home/user/.m2/repository/org/apache/kerby/kerb-util/1.0.1/kerb-util-1.0.1.jar:/home/user/.m2/repository/org/apache/kerby/token-provider/1.0.1/token-provider-1.0.1.jar:/home/user/.m2/repository/org/apache/kerby/kerb-admin/1.0.1/kerb-admin-1.0.1.jar:/home/user/.m2/repository/org/apache/kerby/kerb-server/1.0.1/kerb-server-1.0.1.jar:/home/user/.m2/repository/org/apache/kerby/kerb-identity/1.0.1/kerb-identity-1.0.1.jar:/home/user/.m2/repository/org/apache/kerby/kerby-xdr/1.0.1/kerby-xdr-1.0.1.jar:/home/user/.m2/repository/org/slf4j/slf4j-log4j12/1.7.25/slf4j-log4j12-1.7.25.jar:/home/user/.m2/repository/org/apache/hadoop/hadoop-ozone-s3gateway/0.5.0-SNAPSHOT/hadoop-ozone-s3gateway-0.5.0-SNAPSHOT.jar:/home/user/.m2/repository/org/jboss/weld/servlet/weld-servlet/2.4.7.Final/weld-servlet-2.4.7.Final.jar:/home/user/.m2/repository/org/glassfish/jersey/containers/jersey-container-servlet-core/2.27/jersey-container-servlet-core-2.27.jar:/home/user/.m2/repository/org/glassfish/hk2/external/javax.inject/2.5.0-b42/javax.inject-2.5.0-b42.jar:/home/user/.m2/repository/org/glassfish/jersey/core/jersey-common/2.27/jersey-common-2.27.jar:/home/user/.m2/repository/org/glassfish/hk2/osgi-resource-locator/1.0.1/osgi-resource-locator-1.0.1.jar:/home/user/.m2/repository/javax/ws/rs/javax.ws.rs-api/2.1/javax.ws.rs-api-2.1.jar:/home/user/.m2/repository/org/glassfish/jersey/ext/cdi/jersey-cdi1x/2.27/jersey-cdi1x-2.27.jar:/home/user/.m2/repository/org/glassfish/jersey/inject/jersey-hk2/2.27/jersey-hk2-2.27.jar:/home/user/.m2/repository/org/glassfish/hk2/hk2-locator/2.5.0-b42/hk2-locator-2.5.0-b42.jar:/home/user/.m2/repository/org/javassist/javassist/3.22.0-CR2/javassist-3.22.0-CR2.jar:/home/user/.m2/repository/org/glassfish/hk2/hk2-api/2.5.0/hk2-api-2.5.0.jar:/home/user/.m2/repository/org/glassfish/hk2/external/jakarta.inject/2.5.0/jakarta.inject-2.5.0.jar:/home/user/.m2/repository/org/glassfish/hk2/hk2-utils/2.5.0/hk2-utils-2.5.0.jar:/home/user/.m2/repository/jakarta/annotation/jakarta.annotation-api/1.3.4/jakarta.annotation-api-1.3.4.jar:/home/user/.m2/repository/org/glassfish/hk2/external/aopalliance-repackaged/2.5.0/aopalliance-repackaged-2.5.0.jar:/home/user/.m2/repository/com/fasterxml/jackson/dataformat/jackson-dataformat-xml/2.9.0/jackson-dataformat-xml-2.9.0.jar:/home/user/.m2/repository/com/fasterxml/jackson/core/jackson-core/2.9.5/jackson-core-2.9.5.jar:/home/user/.m2/repository/com/fasterxml/jackson/module/jackson-module-jaxb-annotations/2.9.5/jackson-module-jaxb-annotations-2.9.5.jar:/home/user/.m2/repository/javax/enterprise/cdi-api/1.2/cdi-api-1.2.jar:/home/user/.m2/repository/javax/el/javax.el-api/3.0.0/javax.el-api-3.0.0.jar:/home/user/.m2/repository/javax/interceptor/javax.interceptor-api/1.2/javax.interceptor-api-1.2.jar:/home/user/.m2/repository/javax/inject/javax.inject/1/javax.inject-1.jar:/home/user/.m2/repository/org/apache/hadoop/hadoop-ozone-csi/0.5.0-SNAPSHOT/hadoop-ozone-csi-0.5.0-SNAPSHOT.jar:/home/user/.m2/repository/com/google/protobuf/protobuf-java-util/3.5.1/protobuf-java-util-3.5.1.jar:/home/user/.m2/repository/org/apache/hadoop/hadoop-hdds-config/0.5.0-SNAPSHOT/hadoop-hdds-config-0.5.0-SNAPSHOT.jar:/home/user/.m2/repository/io/grpc/grpc-netty/1.17.1/grpc-netty-1.17.1.jar:/home/user/.m2/repository/io/grpc/grpc-core/1.17.1/grpc-core-1.17.1.jar:/home/user/.m2/repository/io/grpc/grpc-context/1.17.1/grpc-context-1.17.1.jar:/home/user/.m2/repository/com/google/errorprone/error_prone_annotations/2.2.0/error_prone_annotations-2.2.0.jar:/home/user/.m2/repository/org/codehaus/mojo/animal-sniffer-annotations/1.17/animal-sniffer-annotations-1.17.jar:/home/user/.m2/repository/io/opencensus/opencensus-api/0.17.0/opencensus-api-0.17.0.jar:/home/user/.m2/repository/io/opencensus/opencensus-contrib-grpc-metrics/0.17.0/opencensus-contrib-grpc-metrics-0.17.0.jar:/home/user/.m2/repository/io/netty/netty-codec-http2/4.1.30.Final/netty-codec-http2-4.1.30.Final.jar:/home/user/.m2/repository/io/netty/netty-codec-http/4.1.30.Final/netty-codec-http-4.1.30.Final.jar:/home/user/.m2/repository/io/netty/netty-codec/4.1.30.Final/netty-codec-4.1.30.Final.jar:/home/user/.m2/repository/io/netty/netty-handler/4.1.30.Final/netty-handler-4.1.30.Final.jar:/home/user/.m2/repository/io/netty/netty-handler-proxy/4.1.30.Final/netty-handler-proxy-4.1.30.Final.jar:/home/user/.m2/repository/io/netty/netty-codec-socks/4.1.30.Final/netty-codec-socks-4.1.30.Final.jar:/home/user/.m2/repository/io/netty/netty-transport-native-epoll/4.1.30.Final/netty-transport-native-epoll-4.1.30.Final.jar:/home/user/.m2/repository/io/netty/netty-common/4.1.30.Final/netty-common-4.1.30.Final.jar:/home/user/.m2/repository/io/netty/netty-buffer/4.1.30.Final/netty-buffer-4.1.30.Final.jar:/home/user/.m2/repository/io/netty/netty-transport/4.1.30.Final/netty-transport-4.1.30.Final.jar:/home/user/.m2/repository/io/netty/netty-resolver/4.1.30.Final/netty-resolver-4.1.30.Final.jar:/home/user/.m2/repository/io/netty/netty-transport-native-unix-common/4.1.30.Final/netty-transport-native-unix-common-4.1.30.Final.jar:/home/user/.m2/repository/io/grpc/grpc-protobuf/1.17.1/grpc-protobuf-1.17.1.jar:/home/user/.m2/repository/com/google/api/grpc/proto-google-common-protos/1.0.0/proto-google-common-protos-1.0.0.jar:/home/user/.m2/repository/io/grpc/grpc-protobuf-lite/1.17.1/grpc-protobuf-lite-1.17.1.jar:/home/user/.m2/repository/io/grpc/grpc-stub/1.17.1/grpc-stub-1.17.1.jar:/home/user/.m2/repository/org/apache/hadoop/hadoop-ozone-recon/0.5.0-SNAPSHOT/hadoop-ozone-recon-0.5.0-SNAPSHOT.jar:/home/user/.m2/repository/org/apache/hadoop/hadoop-ozone-reconcodegen/0.5.0-SNAPSHOT/hadoop-ozone-reconcodegen-0.5.0-SNAPSHOT.jar:/home/user/.m2/repository/com/google/inject/extensions/guice-multibindings/4.0/guice-multibindings-4.0.jar:/home/user/.m2/repository/com/google/inject/guice/4.0/guice-4.0.jar:/home/user/.m2/repository/aopalliance/aopalliance/1.0/aopalliance-1.0.jar:/home/user/.m2/repository/com/google/inject/extensions/guice-servlet/4.0/guice-servlet-4.0.jar:/home/user/.m2/repository/org/glassfish/jersey/containers/jersey-container-servlet/2.27/jersey-container-servlet-2.27.jar:/home/user/.m2/repository/org/glassfish/hk2/guice-bridge/2.5.0/guice-bridge-2.5.0.jar:/home/user/.m2/repository/org/glassfish/jersey/core/jersey-server/2.27/jersey-server-2.27.jar:/home/user/.m2/repository/org/glassfish/jersey/core/jersey-client/2.27/jersey-client-2.27.jar:/home/user/.m2/repository/org/glassfish/jersey/media/jersey-media-jaxb/2.27/jersey-media-jaxb-2.27.jar:/home/user/.m2/repository/javax/validation/validation-api/1.1.0.Final/validation-api-1.1.0.Final.jar:/home/user/.m2/repository/org/glassfish/jersey/media/jersey-media-json-jackson/2.27/jersey-media-json-jackson-2.27.jar:/home/user/.m2/repository/org/glassfish/jersey/ext/jersey-entity-filtering/2.27/jersey-entity-filtering-2.27.jar:/home/user/.m2/repository/com/google/inject/extensions/guice-assistedinject/4.0/guice-assistedinject-4.0.jar:/home/user/.m2/repository/org/jooq/jooq/3.11.10/jooq-3.11.10.jar:/home/user/.m2/repository/org/jooq/jooq-meta/3.11.10/jooq-meta-3.11.10.jar:/home/user/.m2/repository/org/jooq/jooq-codegen/3.11.10/jooq-codegen-3.11.10.jar:/home/user/.m2/repository/com/jolbox/bonecp/0.8.0.RELEASE/bonecp-0.8.0.RELEASE.jar:/home/user/.m2/repository/org/xerial/sqlite-jdbc/3.25.2/sqlite-jdbc-3.25.2.jar:/home/user/.m2/repository/org/springframework/spring-jdbc/5.1.3.RELEASE/spring-jdbc-5.1.3.RELEASE.jar:/home/user/.m2/repository/org/springframework/spring-beans/5.1.3.RELEASE/spring-beans-5.1.3.RELEASE.jar:/home/user/.m2/repository/org/springframework/spring-core/5.1.3.RELEASE/spring-core-5.1.3.RELEASE.jar:/home/user/.m2/repository/org/springframework/spring-jcl/5.1.3.RELEASE/spring-jcl-5.1.3.RELEASE.jar:/home/user/.m2/repository/org/springframework/spring-tx/5.1.3.RELEASE/spring-tx-5.1.3.RELEASE.jar:/home/user/.m2/repository/org/apache/hadoop/hadoop-ozone-client/0.5.0-SNAPSHOT/hadoop-ozone-client-0.5.0-SNAPSHOT.jar:/home/user/.m2/repository/commons-lang/commons-lang/2.6/commons-lang-2.6.jar:/home/user/.m2/repository/org/apache/hadoop/hadoop-ozone-ozone-manager/0.5.0-SNAPSHOT/hadoop-ozone-ozone-manager-0.5.0-SNAPSHOT-tests.jar:/home/user/.m2/repository/junit/junit/4.11/junit-4.11.jar:/home/user/.m2/repository/org/hamcrest/hamcrest-core/1.3/hamcrest-core-1.3.jar:/home/user/.m2/repository/org/openjdk/jmh/jmh-core/1.19/jmh-core-1.19.jar:/home/user/.m2/repository/net/sf/jopt-simple/jopt-simple/4.6/jopt-simple-4.6.jar:/home/user/.m2/repository/org/apache/commons/commons-math3/3.1.1/commons-math3-3.1.1.jar:/home/user/.m2/repository/org/openjdk/jmh/jmh-generator-annprocess/1.19/jmh-generator-annprocess-1.19.jar:/home/user/.m2/repository/org/mockito/mockito-all/1.8.5/mockito-all-1.8.5.jar:/home/user/.m2/repository/org/apache/hadoop/hadoop-kms/3.2.0/hadoop-kms-3.2.0.jar:/home/user/.m2/repository/org/apache/hadoop/hadoop-auth/3.2.0/hadoop-auth-3.2.0.jar:/home/user/.m2/repository/com/nimbusds/nimbus-jose-jwt/4.41.1/nimbus-jose-jwt-4.41.1.jar:/home/user/.m2/repository/com/github/stephenc/jcip/jcip-annotations/1.0-1/jcip-annotations-1.0-1.jar:/home/user/.m2/repository/net/minidev/json-smart/2.3/json-smart-2.3.jar:/home/user/.m2/repository/net/minidev/accessors-smart/1.2/accessors-smart-1.2.jar:/home/user/.m2/repository/org/ow2/asm/asm/5.0.4/asm-5.0.4.jar:/home/user/.m2/repository/org/apache/curator/curator-framework/2.12.0/curator-framework-2.12.0.jar:/home/user/.m2/repository/com/sun/jersey/jersey-core/1.19/jersey-core-1.19.jar:/home/user/.m2/repository/javax/ws/rs/jsr311-api/1.1.1/jsr311-api-1.1.1.jar:/home/user/.m2/repository/com/sun/jersey/jersey-server/1.19/jersey-server-1.19.jar:/home/user/.m2/repository/javax/servlet/javax.servlet-api/3.1.0/javax.servlet-api-3.1.0.jar:/home/user/.m2/repository/org/eclipse/jetty/jetty-server/9.3.24.v20180605/jetty-server-9.3.24.v20180605.jar:/home/user/.m2/repository/org/eclipse/jetty/jetty-http/9.3.24.v20180605/jetty-http-9.3.24.v20180605.jar:/home/user/.m2/repository/org/eclipse/jetty/jetty-io/9.3.24.v20180605/jetty-io-9.3.24.v20180605.jar:/home/user/.m2/repository/org/eclipse/jetty/jetty-webapp/9.3.24.v20180605/jetty-webapp-9.3.24.v20180605.jar:/home/user/.m2/repository/org/eclipse/jetty/jetty-xml/9.3.24.v20180605/jetty-xml-9.3.24.v20180605.jar:/home/user/.m2/repository/log4j/log4j/1.2.17/log4j-1.2.17.jar:/home/user/.m2/repository/org/slf4j/slf4j-api/1.7.25/slf4j-api-1.7.25.jar:/home/user/.m2/repository/org/slf4j/jul-to-slf4j/1.7.25/jul-to-slf4j-1.7.25.jar:/home/user/.m2/repository/org/eclipse/jetty/jetty-util/9.3.24.v20180605/jetty-util-9.3.24.v20180605.jar:/home/user/.m2/repository/com/fasterxml/jackson/core/jackson-databind/2.9.5/jackson-databind-2.9.5.jar:/home/user/.m2/repository/org/apache/hadoop/hadoop-kms/3.2.0/hadoop-kms-3.2.0-tests.jar:/home/user/.m2/repository/org/apache/hadoop/hadoop-hdds-server-scm/0.5.0-SNAPSHOT/hadoop-hdds-server-scm-0.5.0-SNAPSHOT-tests.jar:/home/user/.m2/repository/org/apache/hadoop/hadoop-hdds-container-service/0.5.0-SNAPSHOT/hadoop-hdds-container-service-0.5.0-SNAPSHOT-tests.jar:/home/user/.m2/repository/org/yaml/snakeyaml/1.16/snakeyaml-1.16.jar:/home/user/.m2/repository/org/apache/hadoop/hadoop-common/3.2.0/hadoop-common-3.2.0-tests.jar:/home/user/.m2/repository/org/apache/hadoop/hadoop-annotations/3.2.0/hadoop-annotations-3.2.0.jar:/usr/lib/jvm/java-1.8-openjdk/jre/../lib/tools.jar:/home/user/.m2/repository/commons-cli/commons-cli/1.2/commons-cli-1.2.jar:/home/user/.m2/repository/org/apache/httpcomponents/httpclient/4.5.2/httpclient-4.5.2.jar:/home/user/.m2/repository/org/apache/httpcomponents/httpcore/4.4.4/httpcore-4.4.4.jar:/home/user/.m2/repository/commons-codec/commons-codec/1.11/commons-codec-1.11.jar:/home/user/.m2/repository/commons-net/commons-net/3.6/commons-net-3.6.jar:/home/user/.m2/repository/commons-collections/commons-collections/3.2.2/commons-collections-3.2.2.jar:/home/user/.m2/repository/org/eclipse/jetty/jetty-servlet/9.3.24.v20180605/jetty-servlet-9.3.24.v20180605.jar:/home/user/.m2/repository/org/eclipse/jetty/jetty-security/9.3.24.v20180605/jetty-security-9.3.24.v20180605.jar:/home/user/.m2/repository/javax/servlet/jsp/jsp-api/2.1/jsp-api-2.1.jar:/home/user/.m2/repository/com/sun/jersey/jersey-servlet/1.19/jersey-servlet-1.19.jar:/home/user/.m2/repository/com/sun/jersey/jersey-json/1.19/jersey-json-1.19.jar:/home/user/.m2/repository/org/codehaus/jettison/jettison/1.1/jettison-1.1.jar:/home/user/.m2/repository/org/codehaus/jackson/jackson-core-asl/1.9.13/jackson-core-asl-1.9.13.jar:/home/user/.m2/repository/org/codehaus/jackson/jackson-mapper-asl/1.9.13/jackson-mapper-asl-1.9.13.jar:/home/user/.m2/repository/org/codehaus/jackson/jackson-jaxrs/1.9.13/jackson-jaxrs-1.9.13.jar:/home/user/.m2/repository/org/codehaus/jackson/jackson-xc/1.9.13/jackson-xc-1.9.13.jar:/home/user/.m2/repository/commons-logging/commons-logging/1.1.3/commons-logging-1.1.3.jar:/home/user/.m2/repository/commons-beanutils/commons-beanutils/1.9.3/commons-beanutils-1.9.3.jar:/home/user/.m2/repository/org/apache/commons/commons-configuration2/2.1.1/commons-configuration2-2.1.1.jar:/home/user/.m2/repository/org/apache/commons/commons-lang3/3.7/commons-lang3-3.7.jar:/home/user/.m2/repository/org/apache/commons/commons-text/1.4/commons-text-1.4.jar:/home/user/.m2/repository/org/apache/avro/avro/1.7.7/avro-1.7.7.jar:/home/user/.m2/repository/com/thoughtworks/paranamer/paranamer/2.3/paranamer-2.3.jar:/home/user/.m2/repository/org/xerial/snappy/snappy-java/1.0.5/snappy-java-1.0.5.jar:/home/user/.m2/repository/com/google/re2j/re2j/1.1/re2j-1.1.jar:/home/user/.m2/repository/com/google/code/gson/gson/2.2.4/gson-2.2.4.jar:/home/user/.m2/repository/com/jcraft/jsch/0.1.54/jsch-0.1.54.jar:/home/user/.m2/repository/org/apache/curator/curator-client/2.12.0/curator-client-2.12.0.jar:/home/user/.m2/repository/org/apache/curator/curator-recipes/2.12.0/curator-recipes-2.12.0.jar:/home/user/.m2/repository/com/google/code/findbugs/jsr305/3.0.0/jsr305-3.0.0.jar:/home/user/.m2/repository/org/apache/htrace/htrace-core4/4.1.0-incubating/htrace-core4-4.1.0-incubating.jar:/home/user/.m2/repository/org/apache/zookeeper/zookeeper/3.4.13/zookeeper-3.4.13.jar:/home/user/.m2/repository/org/apache/yetus/audience-annotations/0.5.0/audience-annotations-0.5.0.jar:/home/user/.m2/repository/org/codehaus/woodstox/stax2-api/3.1.4/stax2-api-3.1.4.jar:/home/user/.m2/repository/com/fasterxml/woodstox/woodstox-core/5.0.3/woodstox-core-5.0.3.jar:/home/user/.m2/repository/dnsjava/dnsjava/2.1.7/dnsjava-2.1.7.jar:/home/user/.m2/repository/org/apache/hadoop/hadoop-hdfs/3.2.0/hadoop-hdfs-3.2.0-tests.jar:/home/user/.m2/repository/org/eclipse/jetty/jetty-util-ajax/9.3.24.v20180605/jetty-util-ajax-9.3.24.v20180605.jar:/home/user/.m2/repository/commons-daemon/commons-daemon/1.0.13/commons-daemon-1.0.13.jar:/home/user/.m2/repository/io/netty/netty/3.10.5.Final/netty-3.10.5.Final.jar:/home/user/.m2/repository/io/netty/netty-all/4.0.52.Final/netty-all-4.0.52.Final.jar:/home/user/.m2/repository/org/fusesource/leveldbjni/leveldbjni-all/1.8/leveldbjni-all-1.8.jar:"/>
    <property name="java.vm.vendor" value="IcedTea"/>
    <property name="sun.arch.data.model" value="64"/>
    <property name="test.build.dir" value="/workdir/hadoop-ozone/integration-test/target/test-dir"/>
    <property name="test.cache.data" value=""/>
    <property name="java.vendor.url" value="https://icedtea.classpath.org"/>
    <property name="user.timezone" value=""/>
    <property name="java.vm.specification.version" value="1.8"/>
    <property name="os.name" value="Linux"/>
    <property name="test.build.data" value="/workdir/hadoop-ozone/integration-test/target/test-dir"/>
    <property name="user.country" value="US"/>
    <property name="sun.java.launcher" value="SUN_STANDARD"/>
    <property name="sun.boot.library.path" value="/usr/lib/jvm/java-1.8-openjdk/jre/lib/amd64"/>
    <property name="sun.java.command" value="/workdir/hadoop-ozone/integration-test/target/surefire/surefirebooter6262504180981528035.jar /workdir/hadoop-ozone/integration-test/target/surefire 2019-08-28T20-07-15_347-jvmRun1 surefire8225783192681588313tmp surefire_209032349040286879641tmp"/>
    <property name="test" value="!TestMiniChaosOzoneCluster"/>
    <property name="surefire.test.class.path" value="/workdir/hadoop-ozone/integration-test/target/test-classes:/workdir/hadoop-ozone/integration-test/target/classes:/home/user/.m2/repository/org/apache/hadoop/hadoop-ozone-common/0.5.0-SNAPSHOT/hadoop-ozone-common-0.5.0-SNAPSHOT.jar:/home/user/.m2/repository/org/apache/commons/commons-compress/1.4.1/commons-compress-1.4.1.jar:/home/user/.m2/repository/org/tukaani/xz/1.0/xz-1.0.jar:/home/user/.m2/repository/org/apache/hadoop/hadoop-common/3.2.0/hadoop-common-3.2.0.jar:/home/user/.m2/repository/org/apache/hadoop/hadoop-hdfs/3.2.0/hadoop-hdfs-3.2.0.jar:/home/user/.m2/repository/org/apache/hadoop/hadoop-hdfs-client/3.2.0/hadoop-hdfs-client-3.2.0.jar:/home/user/.m2/repository/com/fasterxml/jackson/core/jackson-annotations/2.9.5/jackson-annotations-2.9.5.jar:/home/user/.m2/repository/org/apache/hadoop/hadoop-hdds-common/0.5.0-SNAPSHOT/hadoop-hdds-common-0.5.0-SNAPSHOT.jar:/home/user/.m2/repository/javax/annotation/javax.annotation-api/1.2/javax.annotation-api-1.2.jar:/home/user/.m2/repository/org/apache/ratis/ratis-server/0.4.0-2337318-SNAPSHOT/ratis-server-0.4.0-2337318-SNAPSHOT.jar:/home/user/.m2/repository/org/apache/ratis/ratis-thirdparty-misc/0.2.0/ratis-thirdparty-misc-0.2.0.jar:/home/user/.m2/repository/org/apache/ratis/ratis-proto/0.4.0-2337318-SNAPSHOT/ratis-proto-0.4.0-2337318-SNAPSHOT.jar:/home/user/.m2/repository/org/apache/ratis/ratis-common/0.4.0-2337318-SNAPSHOT/ratis-common-0.4.0-2337318-SNAPSHOT.jar:/home/user/.m2/repository/org/apache/ratis/ratis-client/0.4.0-2337318-SNAPSHOT/ratis-client-0.4.0-2337318-SNAPSHOT.jar:/home/user/.m2/repository/org/apache/ratis/ratis-metrics/0.4.0-2337318-SNAPSHOT/ratis-metrics-0.4.0-2337318-SNAPSHOT.jar:/home/user/.m2/repository/org/apache/ratis/ratis-netty/0.4.0-2337318-SNAPSHOT/ratis-netty-0.4.0-2337318-SNAPSHOT.jar:/home/user/.m2/repository/org/apache/ratis/ratis-grpc/0.4.0-2337318-SNAPSHOT/ratis-grpc-0.4.0-2337318-SNAPSHOT.jar:/home/user/.m2/repository/org/rocksdb/rocksdbjni/6.0.1/rocksdbjni-6.0.1.jar:/home/user/.m2/repository/org/apache/logging/log4j/log4j-api/2.11.0/log4j-api-2.11.0.jar:/home/user/.m2/repository/org/apache/logging/log4j/log4j-core/2.11.0/log4j-core-2.11.0.jar:/home/user/.m2/repository/com/lmax/disruptor/3.4.2/disruptor-3.4.2.jar:/home/user/.m2/repository/org/apache/commons/commons-pool2/2.6.0/commons-pool2-2.6.0.jar:/home/user/.m2/repository/org/bouncycastle/bcpkix-jdk15on/1.60/bcpkix-jdk15on-1.60.jar:/home/user/.m2/repository/commons-validator/commons-validator/1.6/commons-validator-1.6.jar:/home/user/.m2/repository/commons-digester/commons-digester/1.8.1/commons-digester-1.8.1.jar:/home/user/.m2/repository/io/jaegertracing/jaeger-client/0.33.1/jaeger-client-0.33.1.jar:/home/user/.m2/repository/io/jaegertracing/jaeger-thrift/0.33.1/jaeger-thrift-0.33.1.jar:/home/user/.m2/repository/org/apache/thrift/libthrift/0.11.0/libthrift-0.11.0.jar:/home/user/.m2/repository/com/squareup/okhttp3/okhttp/3.9.0/okhttp-3.9.0.jar:/home/user/.m2/repository/com/squareup/okio/okio/1.13.0/okio-1.13.0.jar:/home/user/.m2/repository/io/jaegertracing/jaeger-core/0.33.1/jaeger-core-0.33.1.jar:/home/user/.m2/repository/io/jaegertracing/jaeger-tracerresolver/0.33.1/jaeger-tracerresolver-0.33.1.jar:/home/user/.m2/repository/io/opentracing/contrib/opentracing-tracerresolver/0.1.5/opentracing-tracerresolver-0.1.5.jar:/home/user/.m2/repository/io/opentracing/opentracing-util/0.31.0/opentracing-util-0.31.0.jar:/home/user/.m2/repository/io/opentracing/opentracing-api/0.31.0/opentracing-api-0.31.0.jar:/home/user/.m2/repository/io/opentracing/opentracing-noop/0.31.0/opentracing-noop-0.31.0.jar:/home/user/.m2/repository/org/apache/hadoop/hadoop-hdds-server-framework/0.5.0-SNAPSHOT/hadoop-hdds-server-framework-0.5.0-SNAPSHOT.jar:/home/user/.m2/repository/org/apache/hadoop/hadoop-hdds-container-service/0.5.0-SNAPSHOT/hadoop-hdds-container-service-0.5.0-SNAPSHOT.jar:/home/user/.m2/repository/org/apache/hadoop/hadoop-hdds-client/0.5.0-SNAPSHOT/hadoop-hdds-client-0.5.0-SNAPSHOT.jar:/home/user/.m2/repository/org/apache/hadoop/hadoop-hdds-tools/0.5.0-SNAPSHOT/hadoop-hdds-tools-0.5.0-SNAPSHOT.jar:/home/user/.m2/repository/org/apache/hadoop/hadoop-hdds-server-scm/0.5.0-SNAPSHOT/hadoop-hdds-server-scm-0.5.0-SNAPSHOT.jar:/home/user/.m2/repository/org/apache/hadoop/hadoop-hdds-docs/0.5.0-SNAPSHOT/hadoop-hdds-docs-0.5.0-SNAPSHOT.jar:/home/user/.m2/repository/com/sun/xml/bind/jaxb-impl/2.3.0.1/jaxb-impl-2.3.0.1.jar:/home/user/.m2/repository/com/sun/xml/bind/jaxb-core/2.3.0.1/jaxb-core-2.3.0.1.jar:/home/user/.m2/repository/javax/xml/bind/jaxb-api/2.3.0/jaxb-api-2.3.0.jar:/home/user/.m2/repository/javax/activation/activation/1.1.1/activation-1.1.1.jar:/home/user/.m2/repository/io/dropwizard/metrics/metrics-core/3.2.4/metrics-core-3.2.4.jar:/home/user/.m2/repository/org/hamcrest/hamcrest-all/1.3/hamcrest-all-1.3.jar:/home/user/.m2/repository/org/bouncycastle/bcprov-jdk15on/1.60/bcprov-jdk15on-1.60.jar:/home/user/.m2/repository/info/picocli/picocli/3.9.6/picocli-3.9.6.jar:/home/user/.m2/repository/com/google/protobuf/protobuf-java/2.5.0/protobuf-java-2.5.0.jar:/home/user/.m2/repository/com/google/guava/guava/11.0.2/guava-11.0.2.jar:/home/user/.m2/repository/org/apache/hadoop/hadoop-ozone-ozone-manager/0.5.0-SNAPSHOT/hadoop-ozone-ozone-manager-0.5.0-SNAPSHOT.jar:/home/user/.m2/repository/org/apache/hadoop/hadoop-minikdc/3.2.0/hadoop-minikdc-3.2.0.jar:/home/user/.m2/repository/commons-io/commons-io/2.5/commons-io-2.5.jar:/home/user/.m2/repository/org/apache/kerby/kerb-simplekdc/1.0.1/kerb-simplekdc-1.0.1.jar:/home/user/.m2/repository/org/apache/kerby/kerb-client/1.0.1/kerb-client-1.0.1.jar:/home/user/.m2/repository/org/apache/kerby/kerby-config/1.0.1/kerby-config-1.0.1.jar:/home/user/.m2/repository/org/apache/kerby/kerb-core/1.0.1/kerb-core-1.0.1.jar:/home/user/.m2/repository/org/apache/kerby/kerby-pkix/1.0.1/kerby-pkix-1.0.1.jar:/home/user/.m2/repository/org/apache/kerby/kerby-asn1/1.0.1/kerby-asn1-1.0.1.jar:/home/user/.m2/repository/org/apache/kerby/kerby-util/1.0.1/kerby-util-1.0.1.jar:/home/user/.m2/repository/org/apache/kerby/kerb-common/1.0.1/kerb-common-1.0.1.jar:/home/user/.m2/repository/org/apache/kerby/kerb-crypto/1.0.1/kerb-crypto-1.0.1.jar:/home/user/.m2/repository/org/apache/kerby/kerb-util/1.0.1/kerb-util-1.0.1.jar:/home/user/.m2/repository/org/apache/kerby/token-provider/1.0.1/token-provider-1.0.1.jar:/home/user/.m2/repository/org/apache/kerby/kerb-admin/1.0.1/kerb-admin-1.0.1.jar:/home/user/.m2/repository/org/apache/kerby/kerb-server/1.0.1/kerb-server-1.0.1.jar:/home/user/.m2/repository/org/apache/kerby/kerb-identity/1.0.1/kerb-identity-1.0.1.jar:/home/user/.m2/repository/org/apache/kerby/kerby-xdr/1.0.1/kerby-xdr-1.0.1.jar:/home/user/.m2/repository/org/slf4j/slf4j-log4j12/1.7.25/slf4j-log4j12-1.7.25.jar:/home/user/.m2/repository/org/apache/hadoop/hadoop-ozone-s3gateway/0.5.0-SNAPSHOT/hadoop-ozone-s3gateway-0.5.0-SNAPSHOT.jar:/home/user/.m2/repository/org/jboss/weld/servlet/weld-servlet/2.4.7.Final/weld-servlet-2.4.7.Final.jar:/home/user/.m2/repository/org/glassfish/jersey/containers/jersey-container-servlet-core/2.27/jersey-container-servlet-core-2.27.jar:/home/user/.m2/repository/org/glassfish/hk2/external/javax.inject/2.5.0-b42/javax.inject-2.5.0-b42.jar:/home/user/.m2/repository/org/glassfish/jersey/core/jersey-common/2.27/jersey-common-2.27.jar:/home/user/.m2/repository/org/glassfish/hk2/osgi-resource-locator/1.0.1/osgi-resource-locator-1.0.1.jar:/home/user/.m2/repository/javax/ws/rs/javax.ws.rs-api/2.1/javax.ws.rs-api-2.1.jar:/home/user/.m2/repository/org/glassfish/jersey/ext/cdi/jersey-cdi1x/2.27/jersey-cdi1x-2.27.jar:/home/user/.m2/repository/org/glassfish/jersey/inject/jersey-hk2/2.27/jersey-hk2-2.27.jar:/home/user/.m2/repository/org/glassfish/hk2/hk2-locator/2.5.0-b42/hk2-locator-2.5.0-b42.jar:/home/user/.m2/repository/org/javassist/javassist/3.22.0-CR2/javassist-3.22.0-CR2.jar:/home/user/.m2/repository/org/glassfish/hk2/hk2-api/2.5.0/hk2-api-2.5.0.jar:/home/user/.m2/repository/org/glassfish/hk2/external/jakarta.inject/2.5.0/jakarta.inject-2.5.0.jar:/home/user/.m2/repository/org/glassfish/hk2/hk2-utils/2.5.0/hk2-utils-2.5.0.jar:/home/user/.m2/repository/jakarta/annotation/jakarta.annotation-api/1.3.4/jakarta.annotation-api-1.3.4.jar:/home/user/.m2/repository/org/glassfish/hk2/external/aopalliance-repackaged/2.5.0/aopalliance-repackaged-2.5.0.jar:/home/user/.m2/repository/com/fasterxml/jackson/dataformat/jackson-dataformat-xml/2.9.0/jackson-dataformat-xml-2.9.0.jar:/home/user/.m2/repository/com/fasterxml/jackson/core/jackson-core/2.9.5/jackson-core-2.9.5.jar:/home/user/.m2/repository/com/fasterxml/jackson/module/jackson-module-jaxb-annotations/2.9.5/jackson-module-jaxb-annotations-2.9.5.jar:/home/user/.m2/repository/javax/enterprise/cdi-api/1.2/cdi-api-1.2.jar:/home/user/.m2/repository/javax/el/javax.el-api/3.0.0/javax.el-api-3.0.0.jar:/home/user/.m2/repository/javax/interceptor/javax.interceptor-api/1.2/javax.interceptor-api-1.2.jar:/home/user/.m2/repository/javax/inject/javax.inject/1/javax.inject-1.jar:/home/user/.m2/repository/org/apache/hadoop/hadoop-ozone-csi/0.5.0-SNAPSHOT/hadoop-ozone-csi-0.5.0-SNAPSHOT.jar:/home/user/.m2/repository/com/google/protobuf/protobuf-java-util/3.5.1/protobuf-java-util-3.5.1.jar:/home/user/.m2/repository/org/apache/hadoop/hadoop-hdds-config/0.5.0-SNAPSHOT/hadoop-hdds-config-0.5.0-SNAPSHOT.jar:/home/user/.m2/repository/io/grpc/grpc-netty/1.17.1/grpc-netty-1.17.1.jar:/home/user/.m2/repository/io/grpc/grpc-core/1.17.1/grpc-core-1.17.1.jar:/home/user/.m2/repository/io/grpc/grpc-context/1.17.1/grpc-context-1.17.1.jar:/home/user/.m2/repository/com/google/errorprone/error_prone_annotations/2.2.0/error_prone_annotations-2.2.0.jar:/home/user/.m2/repository/org/codehaus/mojo/animal-sniffer-annotations/1.17/animal-sniffer-annotations-1.17.jar:/home/user/.m2/repository/io/opencensus/opencensus-api/0.17.0/opencensus-api-0.17.0.jar:/home/user/.m2/repository/io/opencensus/opencensus-contrib-grpc-metrics/0.17.0/opencensus-contrib-grpc-metrics-0.17.0.jar:/home/user/.m2/repository/io/netty/netty-codec-http2/4.1.30.Final/netty-codec-http2-4.1.30.Final.jar:/home/user/.m2/repository/io/netty/netty-codec-http/4.1.30.Final/netty-codec-http-4.1.30.Final.jar:/home/user/.m2/repository/io/netty/netty-codec/4.1.30.Final/netty-codec-4.1.30.Final.jar:/home/user/.m2/repository/io/netty/netty-handler/4.1.30.Final/netty-handler-4.1.30.Final.jar:/home/user/.m2/repository/io/netty/netty-handler-proxy/4.1.30.Final/netty-handler-proxy-4.1.30.Final.jar:/home/user/.m2/repository/io/netty/netty-codec-socks/4.1.30.Final/netty-codec-socks-4.1.30.Final.jar:/home/user/.m2/repository/io/netty/netty-transport-native-epoll/4.1.30.Final/netty-transport-native-epoll-4.1.30.Final.jar:/home/user/.m2/repository/io/netty/netty-common/4.1.30.Final/netty-common-4.1.30.Final.jar:/home/user/.m2/repository/io/netty/netty-buffer/4.1.30.Final/netty-buffer-4.1.30.Final.jar:/home/user/.m2/repository/io/netty/netty-transport/4.1.30.Final/netty-transport-4.1.30.Final.jar:/home/user/.m2/repository/io/netty/netty-resolver/4.1.30.Final/netty-resolver-4.1.30.Final.jar:/home/user/.m2/repository/io/netty/netty-transport-native-unix-common/4.1.30.Final/netty-transport-native-unix-common-4.1.30.Final.jar:/home/user/.m2/repository/io/grpc/grpc-protobuf/1.17.1/grpc-protobuf-1.17.1.jar:/home/user/.m2/repository/com/google/api/grpc/proto-google-common-protos/1.0.0/proto-google-common-protos-1.0.0.jar:/home/user/.m2/repository/io/grpc/grpc-protobuf-lite/1.17.1/grpc-protobuf-lite-1.17.1.jar:/home/user/.m2/repository/io/grpc/grpc-stub/1.17.1/grpc-stub-1.17.1.jar:/home/user/.m2/repository/org/apache/hadoop/hadoop-ozone-recon/0.5.0-SNAPSHOT/hadoop-ozone-recon-0.5.0-SNAPSHOT.jar:/home/user/.m2/repository/org/apache/hadoop/hadoop-ozone-reconcodegen/0.5.0-SNAPSHOT/hadoop-ozone-reconcodegen-0.5.0-SNAPSHOT.jar:/home/user/.m2/repository/com/google/inject/extensions/guice-multibindings/4.0/guice-multibindings-4.0.jar:/home/user/.m2/repository/com/google/inject/guice/4.0/guice-4.0.jar:/home/user/.m2/repository/aopalliance/aopalliance/1.0/aopalliance-1.0.jar:/home/user/.m2/repository/com/google/inject/extensions/guice-servlet/4.0/guice-servlet-4.0.jar:/home/user/.m2/repository/org/glassfish/jersey/containers/jersey-container-servlet/2.27/jersey-container-servlet-2.27.jar:/home/user/.m2/repository/org/glassfish/hk2/guice-bridge/2.5.0/guice-bridge-2.5.0.jar:/home/user/.m2/repository/org/glassfish/jersey/core/jersey-server/2.27/jersey-server-2.27.jar:/home/user/.m2/repository/org/glassfish/jersey/core/jersey-client/2.27/jersey-client-2.27.jar:/home/user/.m2/repository/org/glassfish/jersey/media/jersey-media-jaxb/2.27/jersey-media-jaxb-2.27.jar:/home/user/.m2/repository/javax/validation/validation-api/1.1.0.Final/validation-api-1.1.0.Final.jar:/home/user/.m2/repository/org/glassfish/jersey/media/jersey-media-json-jackson/2.27/jersey-media-json-jackson-2.27.jar:/home/user/.m2/repository/org/glassfish/jersey/ext/jersey-entity-filtering/2.27/jersey-entity-filtering-2.27.jar:/home/user/.m2/repository/com/google/inject/extensions/guice-assistedinject/4.0/guice-assistedinject-4.0.jar:/home/user/.m2/repository/org/jooq/jooq/3.11.10/jooq-3.11.10.jar:/home/user/.m2/repository/org/jooq/jooq-meta/3.11.10/jooq-meta-3.11.10.jar:/home/user/.m2/repository/org/jooq/jooq-codegen/3.11.10/jooq-codegen-3.11.10.jar:/home/user/.m2/repository/com/jolbox/bonecp/0.8.0.RELEASE/bonecp-0.8.0.RELEASE.jar:/home/user/.m2/repository/org/xerial/sqlite-jdbc/3.25.2/sqlite-jdbc-3.25.2.jar:/home/user/.m2/repository/org/springframework/spring-jdbc/5.1.3.RELEASE/spring-jdbc-5.1.3.RELEASE.jar:/home/user/.m2/repository/org/springframework/spring-beans/5.1.3.RELEASE/spring-beans-5.1.3.RELEASE.jar:/home/user/.m2/repository/org/springframework/spring-core/5.1.3.RELEASE/spring-core-5.1.3.RELEASE.jar:/home/user/.m2/repository/org/springframework/spring-jcl/5.1.3.RELEASE/spring-jcl-5.1.3.RELEASE.jar:/home/user/.m2/repository/org/springframework/spring-tx/5.1.3.RELEASE/spring-tx-5.1.3.RELEASE.jar:/home/user/.m2/repository/org/apache/hadoop/hadoop-ozone-client/0.5.0-SNAPSHOT/hadoop-ozone-client-0.5.0-SNAPSHOT.jar:/home/user/.m2/repository/commons-lang/commons-lang/2.6/commons-lang-2.6.jar:/home/user/.m2/repository/org/apache/hadoop/hadoop-ozone-ozone-manager/0.5.0-SNAPSHOT/hadoop-ozone-ozone-manager-0.5.0-SNAPSHOT-tests.jar:/home/user/.m2/repository/junit/junit/4.11/junit-4.11.jar:/home/user/.m2/repository/org/hamcrest/hamcrest-core/1.3/hamcrest-core-1.3.jar:/home/user/.m2/repository/org/openjdk/jmh/jmh-core/1.19/jmh-core-1.19.jar:/home/user/.m2/repository/net/sf/jopt-simple/jopt-simple/4.6/jopt-simple-4.6.jar:/home/user/.m2/repository/org/apache/commons/commons-math3/3.1.1/commons-math3-3.1.1.jar:/home/user/.m2/repository/org/openjdk/jmh/jmh-generator-annprocess/1.19/jmh-generator-annprocess-1.19.jar:/home/user/.m2/repository/org/mockito/mockito-all/1.8.5/mockito-all-1.8.5.jar:/home/user/.m2/repository/org/apache/hadoop/hadoop-kms/3.2.0/hadoop-kms-3.2.0.jar:/home/user/.m2/repository/org/apache/hadoop/hadoop-auth/3.2.0/hadoop-auth-3.2.0.jar:/home/user/.m2/repository/com/nimbusds/nimbus-jose-jwt/4.41.1/nimbus-jose-jwt-4.41.1.jar:/home/user/.m2/repository/com/github/stephenc/jcip/jcip-annotations/1.0-1/jcip-annotations-1.0-1.jar:/home/user/.m2/repository/net/minidev/json-smart/2.3/json-smart-2.3.jar:/home/user/.m2/repository/net/minidev/accessors-smart/1.2/accessors-smart-1.2.jar:/home/user/.m2/repository/org/ow2/asm/asm/5.0.4/asm-5.0.4.jar:/home/user/.m2/repository/org/apache/curator/curator-framework/2.12.0/curator-framework-2.12.0.jar:/home/user/.m2/repository/com/sun/jersey/jersey-core/1.19/jersey-core-1.19.jar:/home/user/.m2/repository/javax/ws/rs/jsr311-api/1.1.1/jsr311-api-1.1.1.jar:/home/user/.m2/repository/com/sun/jersey/jersey-server/1.19/jersey-server-1.19.jar:/home/user/.m2/repository/javax/servlet/javax.servlet-api/3.1.0/javax.servlet-api-3.1.0.jar:/home/user/.m2/repository/org/eclipse/jetty/jetty-server/9.3.24.v20180605/jetty-server-9.3.24.v20180605.jar:/home/user/.m2/repository/org/eclipse/jetty/jetty-http/9.3.24.v20180605/jetty-http-9.3.24.v20180605.jar:/home/user/.m2/repository/org/eclipse/jetty/jetty-io/9.3.24.v20180605/jetty-io-9.3.24.v20180605.jar:/home/user/.m2/repository/org/eclipse/jetty/jetty-webapp/9.3.24.v20180605/jetty-webapp-9.3.24.v20180605.jar:/home/user/.m2/repository/org/eclipse/jetty/jetty-xml/9.3.24.v20180605/jetty-xml-9.3.24.v20180605.jar:/home/user/.m2/repository/log4j/log4j/1.2.17/log4j-1.2.17.jar:/home/user/.m2/repository/org/slf4j/slf4j-api/1.7.25/slf4j-api-1.7.25.jar:/home/user/.m2/repository/org/slf4j/jul-to-slf4j/1.7.25/jul-to-slf4j-1.7.25.jar:/home/user/.m2/repository/org/eclipse/jetty/jetty-util/9.3.24.v20180605/jetty-util-9.3.24.v20180605.jar:/home/user/.m2/repository/com/fasterxml/jackson/core/jackson-databind/2.9.5/jackson-databind-2.9.5.jar:/home/user/.m2/repository/org/apache/hadoop/hadoop-kms/3.2.0/hadoop-kms-3.2.0-tests.jar:/home/user/.m2/repository/org/apache/hadoop/hadoop-hdds-server-scm/0.5.0-SNAPSHOT/hadoop-hdds-server-scm-0.5.0-SNAPSHOT-tests.jar:/home/user/.m2/repository/org/apache/hadoop/hadoop-hdds-container-service/0.5.0-SNAPSHOT/hadoop-hdds-container-service-0.5.0-SNAPSHOT-tests.jar:/home/user/.m2/repository/org/yaml/snakeyaml/1.16/snakeyaml-1.16.jar:/home/user/.m2/repository/org/apache/hadoop/hadoop-common/3.2.0/hadoop-common-3.2.0-tests.jar:/home/user/.m2/repository/org/apache/hadoop/hadoop-annotations/3.2.0/hadoop-annotations-3.2.0.jar:/usr/lib/jvm/java-1.8-openjdk/jre/../lib/tools.jar:/home/user/.m2/repository/commons-cli/commons-cli/1.2/commons-cli-1.2.jar:/home/user/.m2/repository/org/apache/httpcomponents/httpclient/4.5.2/httpclient-4.5.2.jar:/home/user/.m2/repository/org/apache/httpcomponents/httpcore/4.4.4/httpcore-4.4.4.jar:/home/user/.m2/repository/commons-codec/commons-codec/1.11/commons-codec-1.11.jar:/home/user/.m2/repository/commons-net/commons-net/3.6/commons-net-3.6.jar:/home/user/.m2/repository/commons-collections/commons-collections/3.2.2/commons-collections-3.2.2.jar:/home/user/.m2/repository/org/eclipse/jetty/jetty-servlet/9.3.24.v20180605/jetty-servlet-9.3.24.v20180605.jar:/home/user/.m2/repository/org/eclipse/jetty/jetty-security/9.3.24.v20180605/jetty-security-9.3.24.v20180605.jar:/home/user/.m2/repository/javax/servlet/jsp/jsp-api/2.1/jsp-api-2.1.jar:/home/user/.m2/repository/com/sun/jersey/jersey-servlet/1.19/jersey-servlet-1.19.jar:/home/user/.m2/repository/com/sun/jersey/jersey-json/1.19/jersey-json-1.19.jar:/home/user/.m2/repository/org/codehaus/jettison/jettison/1.1/jettison-1.1.jar:/home/user/.m2/repository/org/codehaus/jackson/jackson-core-asl/1.9.13/jackson-core-asl-1.9.13.jar:/home/user/.m2/repository/org/codehaus/jackson/jackson-mapper-asl/1.9.13/jackson-mapper-asl-1.9.13.jar:/home/user/.m2/repository/org/codehaus/jackson/jackson-jaxrs/1.9.13/jackson-jaxrs-1.9.13.jar:/home/user/.m2/repository/org/codehaus/jackson/jackson-xc/1.9.13/jackson-xc-1.9.13.jar:/home/user/.m2/repository/commons-logging/commons-logging/1.1.3/commons-logging-1.1.3.jar:/home/user/.m2/repository/commons-beanutils/commons-beanutils/1.9.3/commons-beanutils-1.9.3.jar:/home/user/.m2/repository/org/apache/commons/commons-configuration2/2.1.1/commons-configuration2-2.1.1.jar:/home/user/.m2/repository/org/apache/commons/commons-lang3/3.7/commons-lang3-3.7.jar:/home/user/.m2/repository/org/apache/commons/commons-text/1.4/commons-text-1.4.jar:/home/user/.m2/repository/org/apache/avro/avro/1.7.7/avro-1.7.7.jar:/home/user/.m2/repository/com/thoughtworks/paranamer/paranamer/2.3/paranamer-2.3.jar:/home/user/.m2/repository/org/xerial/snappy/snappy-java/1.0.5/snappy-java-1.0.5.jar:/home/user/.m2/repository/com/google/re2j/re2j/1.1/re2j-1.1.jar:/home/user/.m2/repository/com/google/code/gson/gson/2.2.4/gson-2.2.4.jar:/home/user/.m2/repository/com/jcraft/jsch/0.1.54/jsch-0.1.54.jar:/home/user/.m2/repository/org/apache/curator/curator-client/2.12.0/curator-client-2.12.0.jar:/home/user/.m2/repository/org/apache/curator/curator-recipes/2.12.0/curator-recipes-2.12.0.jar:/home/user/.m2/repository/com/google/code/findbugs/jsr305/3.0.0/jsr305-3.0.0.jar:/home/user/.m2/repository/org/apache/htrace/htrace-core4/4.1.0-incubating/htrace-core4-4.1.0-incubating.jar:/home/user/.m2/repository/org/apache/zookeeper/zookeeper/3.4.13/zookeeper-3.4.13.jar:/home/user/.m2/repository/org/apache/yetus/audience-annotations/0.5.0/audience-annotations-0.5.0.jar:/home/user/.m2/repository/org/codehaus/woodstox/stax2-api/3.1.4/stax2-api-3.1.4.jar:/home/user/.m2/repository/com/fasterxml/woodstox/woodstox-core/5.0.3/woodstox-core-5.0.3.jar:/home/user/.m2/repository/dnsjava/dnsjava/2.1.7/dnsjava-2.1.7.jar:/home/user/.m2/repository/org/apache/hadoop/hadoop-hdfs/3.2.0/hadoop-hdfs-3.2.0-tests.jar:/home/user/.m2/repository/org/eclipse/jetty/jetty-util-ajax/9.3.24.v20180605/jetty-util-ajax-9.3.24.v20180605.jar:/home/user/.m2/repository/commons-daemon/commons-daemon/1.0.13/commons-daemon-1.0.13.jar:/home/user/.m2/repository/io/netty/netty/3.10.5.Final/netty-3.10.5.Final.jar:/home/user/.m2/repository/io/netty/netty-all/4.0.52.Final/netty-all-4.0.52.Final.jar:/home/user/.m2/repository/org/fusesource/leveldbjni/leveldbjni-all/1.8/leveldbjni-all-1.8.jar:"/>
    <property name="sun.cpu.endian" value="little"/>
    <property name="user.home" value="/home/user"/>
    <property name="user.language" value="en"/>
    <property name="java.specification.vendor" value="Oracle Corporation"/>
    <property name="java.home" value="/usr/lib/jvm/java-1.8-openjdk/jre"/>
    <property name="java.security.krb5.conf" value="/workdir/hadoop-ozone/integration-test/target/test-classes/krb5.conf"/>
    <property name="basedir" value="/workdir/hadoop-ozone/integration-test"/>
    <property name="file.separator" value="/"/>
    <property name="line.separator" value="&#10;"/>
    <property name="java.vm.specification.vendor" value="Oracle Corporation"/>
    <property name="java.specification.name" value="Java Platform API Specification"/>
    <property name="java.awt.graphicsenv" value="sun.awt.X11GraphicsEnvironment"/>
    <property name="surefire.real.class.path" value="/workdir/hadoop-ozone/integration-test/target/surefire/surefirebooter6262504180981528035.jar"/>
    <property name="hadoop.log.dir" value="/workdir/hadoop-ozone/integration-test/target/log"/>
    <property name="sun.boot.class.path" value="/usr/lib/jvm/java-1.8-openjdk/jre/lib/resources.jar:/usr/lib/jvm/java-1.8-openjdk/jre/lib/rt.jar:/usr/lib/jvm/java-1.8-openjdk/jre/lib/sunrsasign.jar:/usr/lib/jvm/java-1.8-openjdk/jre/lib/jsse.jar:/usr/lib/jvm/java-1.8-openjdk/jre/lib/jce.jar:/usr/lib/jvm/java-1.8-openjdk/jre/lib/charsets.jar:/usr/lib/jvm/java-1.8-openjdk/jre/lib/jfr.jar:/usr/lib/jvm/java-1.8-openjdk/jre/classes"/>
    <property name="sun.management.compiler" value="HotSpot 64-Bit Tiered Compilers"/>
    <property name="java.runtime.version" value="1.8.0_212-b04"/>
    <property name="java.net.preferIPv4Stack" value="true"/>
    <property name="user.name" value="jenkins1000"/>
    <property name="path.separator" value=":"/>
    <property name="java.security.egd" value="file:///dev/urandom"/>
    <property name="os.version" value="3.10.0-957.12.2.el7.x86_64"/>
    <property name="java.endorsed.dirs" value="/usr/lib/jvm/java-1.8-openjdk/jre/lib/endorsed"/>
    <property name="java.runtime.name" value="OpenJDK Runtime Environment"/>
    <property name="file.encoding" value="UTF-8"/>
    <property name="java.vm.name" value="OpenJDK 64-Bit Server VM"/>
    <property name="test.build.webapps" value=""/>
    <property name="localRepository" value="/home/user/.m2/repository"/>
    <property name="java.vendor.url.bug" value="https://icedtea.classpath.org/bugzilla"/>
    <property name="java.io.tmpdir" value="/tmp"/>
    <property name="require.test.libhadoop" value=""/>
    <property name="java.version" value="1.8.0_212"/>
    <property name="user.dir" value="/workdir/hadoop-ozone/integration-test"/>
    <property name="os.arch" value="amd64"/>
    <property name="java.vm.specification.name" value="Java Virtual Machine Specification"/>
    <property name="test.build.classes" value="/workdir/hadoop-ozone/integration-test/target/test-classes"/>
    <property name="java.awt.printerjob" value="sun.print.PSPrinterJob"/>
    <property name="sun.os.patch.level" value="unknown"/>
    <property name="hadoop.tmp.dir" value="/workdir/hadoop-ozone/integration-test/target/tmp"/>
    <property name="java.library.path" value="/usr/lib/jvm/java-1.8-openjdk/jre/lib/amd64/server:/usr/lib/jvm/java-1.8-openjdk/jre/lib/amd64:/usr/lib/jvm/java-1.8-openjdk/jre/../lib/amd64:/workdir/hadoop-ozone/integration-test/target/native/target/usr/local/lib:/workdir/hadoop-ozone/integration-test/../../hadoop-common-project/hadoop-common/target/native/target/usr/local/lib:/usr/java/packages/lib/amd64:/usr/lib64:/lib64:/lib:/usr/lib"/>
    <property name="java.vm.info" value="mixed mode"/>
    <property name="java.vendor" value="IcedTea"/>
    <property name="java.vm.version" value="25.212-b04"/>
    <property name="java.ext.dirs" value="/usr/lib/jvm/java-1.8-openjdk/jre/lib/ext:/usr/java/packages/lib/ext"/>
    <property name="sun.io.unicode.encoding" value="UnicodeLittle"/>
    <property name="java.class.version" value="52.0"/>
  </properties>
  <testcase name="test2DatanodesFailure" classname="org.apache.hadoop.ozone.client.rpc.TestBlockOutputStreamWithFailures" time="105.456"/>
  <testcase name="testDatanodeFailureWithPreAllocation" classname="org.apache.hadoop.ozone.client.rpc.TestBlockOutputStreamWithFailures" time="226.342"/>
  <testcase name="testDatanodeFailureWithSingleNodeRatis" classname="org.apache.hadoop.ozone.client.rpc.TestBlockOutputStreamWithFailures" time="226.143"/>
  <testcase name="testWatchForCommitWithSingleNodeRatis" classname="org.apache.hadoop.ozone.client.rpc.TestBlockOutputStreamWithFailures" time="36.583"/>
  <testcase name="testWatchForCommitDatanodeFailure" classname="org.apache.hadoop.ozone.client.rpc.TestBlockOutputStreamWithFailures" time="43.105">
    <failure message="expected:&lt;2&gt; but was:&lt;3&gt;" type="java.lang.AssertionError"><![CDATA[java.lang.AssertionError: expected:<2> but was:<3>
	at org.junit.Assert.fail(Assert.java:88)
	at org.junit.Assert.failNotEquals(Assert.java:743)
	at org.junit.Assert.assertEquals(Assert.java:118)
	at org.junit.Assert.assertEquals(Assert.java:555)
	at org.junit.Assert.assertEquals(Assert.java:542)
	at org.apache.hadoop.ozone.client.rpc.TestBlockOutputStreamWithFailures.testWatchForCommitDatanodeFailure(TestBlockOutputStreamWithFailures.java:366)
	at sun.reflect.NativeMethodAccessorImpl.invoke0(Native Method)
	at sun.reflect.NativeMethodAccessorImpl.invoke(NativeMethodAccessorImpl.java:62)
	at sun.reflect.DelegatingMethodAccessorImpl.invoke(DelegatingMethodAccessorImpl.java:43)
	at java.lang.reflect.Method.invoke(Method.java:498)
	at org.junit.runners.model.FrameworkMethod$1.runReflectiveCall(FrameworkMethod.java:47)
	at org.junit.internal.runners.model.ReflectiveCallable.run(ReflectiveCallable.java:12)
	at org.junit.runners.model.FrameworkMethod.invokeExplosively(FrameworkMethod.java:44)
	at org.junit.internal.runners.statements.InvokeMethod.evaluate(InvokeMethod.java:17)
	at org.junit.internal.runners.statements.RunBefores.evaluate(RunBefores.java:26)
	at org.junit.internal.runners.statements.RunAfters.evaluate(RunAfters.java:27)
	at org.junit.runners.ParentRunner.runLeaf(ParentRunner.java:271)
	at org.junit.runners.BlockJUnit4ClassRunner.runChild(BlockJUnit4ClassRunner.java:70)
	at org.junit.runners.BlockJUnit4ClassRunner.runChild(BlockJUnit4ClassRunner.java:50)
	at org.junit.runners.ParentRunner$3.run(ParentRunner.java:238)
	at org.junit.runners.ParentRunner$1.schedule(ParentRunner.java:63)
	at org.junit.runners.ParentRunner.runChildren(ParentRunner.java:236)
	at org.junit.runners.ParentRunner.access$000(ParentRunner.java:53)
	at org.junit.runners.ParentRunner$2.evaluate(ParentRunner.java:229)
	at org.junit.runners.ParentRunner.run(ParentRunner.java:309)
	at org.apache.maven.surefire.junit4.JUnit4Provider.execute(JUnit4Provider.java:365)
	at org.apache.maven.surefire.junit4.JUnit4Provider.executeWithRerun(JUnit4Provider.java:273)
	at org.apache.maven.surefire.junit4.JUnit4Provider.executeTestSet(JUnit4Provider.java:238)
	at org.apache.maven.surefire.junit4.JUnit4Provider.invoke(JUnit4Provider.java:159)
	at org.apache.maven.surefire.booter.ForkedBooter.invokeProviderInSameClassLoader(ForkedBooter.java:384)
	at org.apache.maven.surefire.booter.ForkedBooter.runSuitesInProcess(ForkedBooter.java:345)
	at org.apache.maven.surefire.booter.ForkedBooter.execute(ForkedBooter.java:126)
	at org.apache.maven.surefire.booter.ForkedBooter.main(ForkedBooter.java:418)
]]></failure>
    <system-out><![CDATA[2019-08-28 20:35:12,450 [main] WARN  server.ServerUtils (ServerUtils.java:getScmDbDir(155)) - ozone.scm.db.dirs is not configured. We recommend adding this setting. Falling back to ozone.metadata.dirs instead.
2019-08-28 20:35:12,474 [main] WARN  server.ServerUtils (ServerUtils.java:getScmDbDir(155)) - ozone.scm.db.dirs is not configured. We recommend adding this setting. Falling back to ozone.metadata.dirs instead.
2019-08-28 20:35:12,474 [main] WARN  server.ServerUtils (ServerUtils.java:getScmDbDir(155)) - ozone.scm.db.dirs is not configured. We recommend adding this setting. Falling back to ozone.metadata.dirs instead.
2019-08-28 20:35:12,475 [main] INFO  db.DBStoreBuilder (DBStoreBuilder.java:addTable(110)) - using custom profile for table: deletedBlocks
2019-08-28 20:35:12,475 [main] INFO  db.DBStoreBuilder (DBStoreBuilder.java:processTables(161)) - Using default column profile:DBProfile.DISK for Table:deletedBlocks
2019-08-28 20:35:12,475 [main] INFO  db.DBStoreBuilder (DBStoreBuilder.java:addTable(110)) - using custom profile for table: validCerts
2019-08-28 20:35:12,475 [main] INFO  db.DBStoreBuilder (DBStoreBuilder.java:processTables(161)) - Using default column profile:DBProfile.DISK for Table:validCerts
2019-08-28 20:35:12,476 [main] INFO  db.DBStoreBuilder (DBStoreBuilder.java:addTable(110)) - using custom profile for table: revokedCerts
2019-08-28 20:35:12,476 [main] INFO  db.DBStoreBuilder (DBStoreBuilder.java:processTables(161)) - Using default column profile:DBProfile.DISK for Table:revokedCerts
2019-08-28 20:35:12,476 [main] INFO  db.DBStoreBuilder (DBStoreBuilder.java:addTable(110)) - using custom profile for table: default
2019-08-28 20:35:12,476 [main] INFO  db.DBStoreBuilder (DBStoreBuilder.java:processTables(167)) - Using default column profile:DBProfile.DISK for Table:default
2019-08-28 20:35:12,477 [main] INFO  db.DBStoreBuilder (DBStoreBuilder.java:getDbProfile(198)) - Using default options. DBProfile.DISK
2019-08-28 20:35:12,642 [main] INFO  net.NodeSchemaLoader (NodeSchemaLoader.java:loadSchemaFromFile(125)) - Loading file from sun.misc.CompoundEnumeration@681061d6
2019-08-28 20:35:12,642 [main] INFO  net.NodeSchemaLoader (NodeSchemaLoader.java:loadSchema(171)) - Loading network topology layer schema file
2019-08-28 20:35:12,648 [main] INFO  node.SCMNodeManager (SCMNodeManager.java:<init>(121)) - Entering startup safe mode.
2019-08-28 20:35:12,649 [main] INFO  algorithms.ContainerPlacementPolicyFactory (ContainerPlacementPolicyFactory.java:getPolicy(55)) - Create container placement policy of type org.apache.hadoop.hdds.scm.container.placement.algorithms.SCMContainerPlacementRandom
2019-08-28 20:35:12,649 [main] WARN  server.ServerUtils (ServerUtils.java:getScmDbDir(155)) - ozone.scm.db.dirs is not configured. We recommend adding this setting. Falling back to ozone.metadata.dirs instead.
2019-08-28 20:35:12,719 [main] INFO  pipeline.SCMPipelineManager (SCMPipelineManager.java:initializePipelineState(126)) - No pipeline exists in current db
2019-08-28 20:35:12,720 [main] WARN  server.ServerUtils (ServerUtils.java:getScmDbDir(155)) - ozone.scm.db.dirs is not configured. We recommend adding this setting. Falling back to ozone.metadata.dirs instead.
2019-08-28 20:35:12,824 [main] WARN  events.EventQueue (EventQueue.java:fireEvent(175)) - No event handler registered for event TypedEvent{payloadType=SafeModeStatus, name='SafeModeStatus'}
2019-08-28 20:35:12,825 [main] INFO  ipc.CallQueueManager (CallQueueManager.java:<init>(84)) - Using callQueue: class java.util.concurrent.LinkedBlockingQueue, queueCapacity: 2000, scheduler: class org.apache.hadoop.ipc.DefaultRpcScheduler, ipcBackoff: false.
2019-08-28 20:35:12,826 [Socket Reader #1 for port 39826] INFO  ipc.Server (Server.java:run(1074)) - Starting Socket Reader #1 for port 39826
2019-08-28 20:35:12,829 [main] INFO  ipc.CallQueueManager (CallQueueManager.java:<init>(84)) - Using callQueue: class java.util.concurrent.LinkedBlockingQueue, queueCapacity: 2000, scheduler: class org.apache.hadoop.ipc.DefaultRpcScheduler, ipcBackoff: false.
2019-08-28 20:35:12,829 [Socket Reader #1 for port 39114] INFO  ipc.Server (Server.java:run(1074)) - Starting Socket Reader #1 for port 39114
2019-08-28 20:35:12,831 [main] INFO  ipc.CallQueueManager (CallQueueManager.java:<init>(84)) - Using callQueue: class java.util.concurrent.LinkedBlockingQueue, queueCapacity: 2000, scheduler: class org.apache.hadoop.ipc.DefaultRpcScheduler, ipcBackoff: false.
2019-08-28 20:35:12,831 [Socket Reader #1 for port 43303] INFO  ipc.Server (Server.java:run(1074)) - Starting Socket Reader #1 for port 43303
2019-08-28 20:35:12,834 [main] INFO  hdfs.DFSUtil (DFSUtil.java:httpServerTemplateForNNAndJN(1641)) - Starting Web-server for scm at: http://0.0.0.0:0
2019-08-28 20:35:12,837 [main] INFO  server.AuthenticationFilter (AuthenticationFilter.java:constructSecretProvider(240)) - Unable to initialize FileSignerSecretProvider, falling back to use random secrets.
2019-08-28 20:35:12,838 [main] WARN  http.HttpRequestLog (HttpRequestLog.java:getRequestLog(97)) - Jetty request log can only be enabled using Log4j
2019-08-28 20:35:12,840 [main] INFO  http.HttpServer2 (HttpServer2.java:addGlobalFilter(975)) - Added global filter 'safety' (class=org.apache.hadoop.http.HttpServer2$QuotingInputFilter)
2019-08-28 20:35:12,841 [main] INFO  http.HttpServer2 (HttpServer2.java:addFilter(948)) - Added filter static_user_filter (class=org.apache.hadoop.http.lib.StaticUserWebFilter$StaticUserFilter) to context scm
2019-08-28 20:35:12,841 [main] INFO  http.HttpServer2 (HttpServer2.java:addFilter(958)) - Added filter static_user_filter (class=org.apache.hadoop.http.lib.StaticUserWebFilter$StaticUserFilter) to context static
2019-08-28 20:35:12,842 [main] INFO  http.HttpServer2 (HttpServer2.java:addFilter(958)) - Added filter static_user_filter (class=org.apache.hadoop.http.lib.StaticUserWebFilter$StaticUserFilter) to context logs
2019-08-28 20:35:12,844 [main] INFO  server.StorageContainerManager (StorageContainerManager.java:start(759)) - StorageContainerLocationProtocol RPC server is listening at /0.0.0.0:43303
2019-08-28 20:35:12,847 [main] WARN  impl.MetricsConfig (MetricsConfig.java:loadFirst(134)) - Cannot locate configuration: tried hadoop-metrics2-storagecontainermanager.properties,hadoop-metrics2.properties
2019-08-28 20:35:12,848 [main] INFO  impl.MetricsSystemImpl (MetricsSystemImpl.java:startTimer(374)) - Scheduled Metric snapshot period at 10 second(s).
2019-08-28 20:35:12,849 [main] INFO  impl.MetricsSystemImpl (MetricsSystemImpl.java:start(191)) - StorageContainerManager metrics system started
2019-08-28 20:35:12,928 [main] INFO  server.SCMClientProtocolServer (SCMClientProtocolServer.java:start(151)) - RPC server for Client  is listening at /0.0.0.0:43303
2019-08-28 20:35:12,928 [IPC Server Responder] INFO  ipc.Server (Server.java:run(1314)) - IPC Server Responder: starting
2019-08-28 20:35:12,928 [IPC Server listener on 43303] INFO  ipc.Server (Server.java:run(1153)) - IPC Server listener on 43303: starting
2019-08-28 20:35:12,932 [main] INFO  server.StorageContainerManager (StorageContainerManager.java:start(769)) - ScmBlockLocationProtocol RPC server is listening at /127.0.0.1:39114
2019-08-28 20:35:12,932 [main] INFO  server.SCMBlockProtocolServer (SCMBlockProtocolServer.java:start(141)) - RPC server for Block Protocol is listening at /127.0.0.1:39114
2019-08-28 20:35:12,933 [IPC Server Responder] INFO  ipc.Server (Server.java:run(1314)) - IPC Server Responder: starting
2019-08-28 20:35:12,934 [IPC Server listener on 39114] INFO  ipc.Server (Server.java:run(1153)) - IPC Server listener on 39114: starting
2019-08-28 20:35:12,936 [main] INFO  server.StorageContainerManager (StorageContainerManager.java:start(773)) - ScmDatanodeProtocl RPC server is listening at /0.0.0.0:39826
2019-08-28 20:35:12,936 [main] INFO  server.SCMDatanodeProtocolServer (SCMDatanodeProtocolServer.java:start(191)) - RPC server for DataNodes is listening at /0.0.0.0:39826
2019-08-28 20:35:12,937 [IPC Server listener on 39826] INFO  ipc.Server (Server.java:run(1153)) - IPC Server listener on 39826: starting
2019-08-28 20:35:12,937 [IPC Server Responder] INFO  ipc.Server (Server.java:run(1314)) - IPC Server Responder: starting
2019-08-28 20:35:12,940 [main] INFO  http.HttpServer2 (HttpServer2.java:bindListener(1191)) - Jetty bound to port 39502
2019-08-28 20:35:12,940 [main] INFO  server.Server (Server.java:doStart(351)) - jetty-9.3.24.v20180605, build timestamp: 2018-06-05T17:11:56Z, git hash: 84205aa28f11a4f31f2a3b86d1bba2cc8ab69827
2019-08-28 20:35:12,942 [main] INFO  handler.ContextHandler (ContextHandler.java:doStart(781)) - Started o.e.j.s.ServletContextHandler@599f1b7{/logs,file:///workdir/hadoop-ozone/integration-test/target/log,AVAILABLE}
2019-08-28 20:35:12,943 [main] INFO  handler.ContextHandler (ContextHandler.java:doStart(781)) - Started o.e.j.s.ServletContextHandler@64f4f12{/static,file:///workdir/hadoop-ozone/integration-test/target/test-classes/webapps/static,AVAILABLE}
2019-08-28 20:35:12,947 [main] INFO  handler.ContextHandler (ContextHandler.java:doStart(781)) - Started o.e.j.w.WebAppContext@51888019{/,file:///workdir/hadoop-ozone/integration-test/target/test-classes/webapps/scm/,AVAILABLE}{/scm}
2019-08-28 20:35:12,948 [main] INFO  server.AbstractConnector (AbstractConnector.java:doStart(278)) - Started ServerConnector@6f50d55c{HTTP/1.1,[http/1.1]}{0.0.0.0:39502}
2019-08-28 20:35:12,949 [main] INFO  server.Server (Server.java:doStart(419)) - Started @595558ms
2019-08-28 20:35:12,950 [main] INFO  server.BaseHttpServer (BaseHttpServer.java:updateConnectorAddress(226)) - HTTP server of SCM is listening at http://0.0.0.0:39502
2019-08-28 20:35:12,951 [main] WARN  server.ServerUtils (ServerUtils.java:getDBPath(232)) - ozone.om.db.dirs is not configured. We recommend adding this setting. Falling back to ozone.metadata.dirs instead.
2019-08-28 20:35:12,953 [org.apache.hadoop.util.JvmPauseMonitor$Monitor@5fb3111a] INFO  util.JvmPauseMonitor (JvmPauseMonitor.java:run(188)) - Starting JVM pause monitor
2019-08-28 20:35:12,967 [main] WARN  server.ServerUtils (ServerUtils.java:getDBPath(232)) - ozone.om.db.dirs is not configured. We recommend adding this setting. Falling back to ozone.metadata.dirs instead.
2019-08-28 20:35:12,967 [main] WARN  server.ServerUtils (ServerUtils.java:getDBPath(232)) - ozone.om.db.dirs is not configured. We recommend adding this setting. Falling back to ozone.metadata.dirs instead.
2019-08-28 20:35:12,967 [main] INFO  om.OzoneManager (OzoneManager.java:setOMNodeDetails(645)) - OM Service ID is not set. Setting it to the default ID: omServiceIdDefault
2019-08-28 20:35:12,968 [main] INFO  om.OzoneManager (OzoneManager.java:setOMNodeDetails(651)) - OM Node ID is not set. Setting it to the OmStorage's OmID: 03ac5bed-a01d-4c8b-a9ed-6381bd6e2561
2019-08-28 20:35:12,968 [main] INFO  om.OzoneManager (OzoneManager.java:loadOMHAConfigs(602)) - Found matching OM address with OMServiceId: null, OMNodeId: null, RPC Address: localhost:0 and Ratis port: 9872
2019-08-28 20:35:12,973 | INFO  | SCMAudit | user=jenkins1000 | ip=127.0.0.1 | op=GET_SCM_INFO null | ret=SUCCESS |  
2019-08-28 20:35:12,976 [main] WARN  server.ServerUtils (ServerUtils.java:getDBPath(232)) - ozone.om.db.dirs is not configured. We recommend adding this setting. Falling back to ozone.metadata.dirs instead.
2019-08-28 20:35:12,976 [main] INFO  db.DBStoreBuilder (DBStoreBuilder.java:addTable(110)) - using custom profile for table: userTable
2019-08-28 20:35:12,976 [main] INFO  db.DBStoreBuilder (DBStoreBuilder.java:processTables(161)) - Using default column profile:DBProfile.DISK for Table:userTable
2019-08-28 20:35:12,976 [main] INFO  db.DBStoreBuilder (DBStoreBuilder.java:addTable(110)) - using custom profile for table: volumeTable
2019-08-28 20:35:12,977 [main] INFO  db.DBStoreBuilder (DBStoreBuilder.java:processTables(161)) - Using default column profile:DBProfile.DISK for Table:volumeTable
2019-08-28 20:35:12,977 [main] INFO  db.DBStoreBuilder (DBStoreBuilder.java:addTable(110)) - using custom profile for table: bucketTable
2019-08-28 20:35:12,977 [main] INFO  db.DBStoreBuilder (DBStoreBuilder.java:processTables(161)) - Using default column profile:DBProfile.DISK for Table:bucketTable
2019-08-28 20:35:12,977 [main] INFO  db.DBStoreBuilder (DBStoreBuilder.java:addTable(110)) - using custom profile for table: keyTable
2019-08-28 20:35:12,977 [main] INFO  db.DBStoreBuilder (DBStoreBuilder.java:processTables(161)) - Using default column profile:DBProfile.DISK for Table:keyTable
2019-08-28 20:35:12,978 [main] INFO  db.DBStoreBuilder (DBStoreBuilder.java:addTable(110)) - using custom profile for table: deletedTable
2019-08-28 20:35:12,978 [main] INFO  db.DBStoreBuilder (DBStoreBuilder.java:processTables(161)) - Using default column profile:DBProfile.DISK for Table:deletedTable
2019-08-28 20:35:12,978 [main] INFO  db.DBStoreBuilder (DBStoreBuilder.java:addTable(110)) - using custom profile for table: openKeyTable
2019-08-28 20:35:12,978 [main] INFO  db.DBStoreBuilder (DBStoreBuilder.java:processTables(161)) - Using default column profile:DBProfile.DISK for Table:openKeyTable
2019-08-28 20:35:12,978 [main] INFO  db.DBStoreBuilder (DBStoreBuilder.java:addTable(110)) - using custom profile for table: s3Table
2019-08-28 20:35:12,978 [main] INFO  db.DBStoreBuilder (DBStoreBuilder.java:processTables(161)) - Using default column profile:DBProfile.DISK for Table:s3Table
2019-08-28 20:35:12,979 [main] INFO  db.DBStoreBuilder (DBStoreBuilder.java:addTable(110)) - using custom profile for table: multipartInfoTable
2019-08-28 20:35:12,979 [main] INFO  db.DBStoreBuilder (DBStoreBuilder.java:processTables(161)) - Using default column profile:DBProfile.DISK for Table:multipartInfoTable
2019-08-28 20:35:12,979 [main] INFO  db.DBStoreBuilder (DBStoreBuilder.java:addTable(110)) - using custom profile for table: dTokenTable
2019-08-28 20:35:12,979 [main] INFO  db.DBStoreBuilder (DBStoreBuilder.java:processTables(161)) - Using default column profile:DBProfile.DISK for Table:dTokenTable
2019-08-28 20:35:12,979 [main] INFO  db.DBStoreBuilder (DBStoreBuilder.java:addTable(110)) - using custom profile for table: s3SecretTable
2019-08-28 20:35:12,979 [main] INFO  db.DBStoreBuilder (DBStoreBuilder.java:processTables(161)) - Using default column profile:DBProfile.DISK for Table:s3SecretTable
2019-08-28 20:35:12,980 [main] INFO  db.DBStoreBuilder (DBStoreBuilder.java:addTable(110)) - using custom profile for table: prefixTable
2019-08-28 20:35:12,980 [main] INFO  db.DBStoreBuilder (DBStoreBuilder.java:processTables(161)) - Using default column profile:DBProfile.DISK for Table:prefixTable
2019-08-28 20:35:12,980 [main] INFO  db.DBStoreBuilder (DBStoreBuilder.java:addTable(110)) - using custom profile for table: default
2019-08-28 20:35:12,980 [main] INFO  db.DBStoreBuilder (DBStoreBuilder.java:processTables(167)) - Using default column profile:DBProfile.DISK for Table:default
2019-08-28 20:35:12,980 [main] INFO  db.DBStoreBuilder (DBStoreBuilder.java:getDbProfile(198)) - Using default options. DBProfile.DISK
2019-08-28 20:35:13,551 [main] INFO  ipc.CallQueueManager (CallQueueManager.java:<init>(84)) - Using callQueue: class java.util.concurrent.LinkedBlockingQueue, queueCapacity: 2000, scheduler: class org.apache.hadoop.ipc.DefaultRpcScheduler, ipcBackoff: false.
2019-08-28 20:35:13,552 [Socket Reader #1 for port 45389] INFO  ipc.Server (Server.java:run(1074)) - Starting Socket Reader #1 for port 45389
2019-08-28 20:35:13,566 [main] INFO  om.OzoneManager (OzoneManager.java:start(1256)) - OzoneManager RPC server is listening at localhost/127.0.0.1:45389
2019-08-28 20:35:13,567 [main] INFO  impl.MetricsSystemImpl (MetricsSystemImpl.java:init(158)) - OzoneManager metrics system started (again)
2019-08-28 20:35:13,567 [IPC Server Responder] INFO  ipc.Server (Server.java:run(1314)) - IPC Server Responder: starting
2019-08-28 20:35:13,569 [IPC Server listener on 45389] INFO  ipc.Server (Server.java:run(1153)) - IPC Server listener on 45389: starting
2019-08-28 20:35:13,573 [main] INFO  hdfs.DFSUtil (DFSUtil.java:httpServerTemplateForNNAndJN(1641)) - Starting Web-server for ozoneManager at: http://0.0.0.0:0
2019-08-28 20:35:13,574 [main] INFO  server.AuthenticationFilter (AuthenticationFilter.java:constructSecretProvider(240)) - Unable to initialize FileSignerSecretProvider, falling back to use random secrets.
2019-08-28 20:35:13,574 [main] WARN  http.HttpRequestLog (HttpRequestLog.java:getRequestLog(97)) - Jetty request log can only be enabled using Log4j
2019-08-28 20:35:13,576 [main] INFO  http.HttpServer2 (HttpServer2.java:addGlobalFilter(975)) - Added global filter 'safety' (class=org.apache.hadoop.http.HttpServer2$QuotingInputFilter)
2019-08-28 20:35:13,576 [main] INFO  http.HttpServer2 (HttpServer2.java:addFilter(948)) - Added filter static_user_filter (class=org.apache.hadoop.http.lib.StaticUserWebFilter$StaticUserFilter) to context ozoneManager
2019-08-28 20:35:13,576 [main] INFO  http.HttpServer2 (HttpServer2.java:addFilter(958)) - Added filter static_user_filter (class=org.apache.hadoop.http.lib.StaticUserWebFilter$StaticUserFilter) to context logs
2019-08-28 20:35:13,577 [main] INFO  http.HttpServer2 (HttpServer2.java:addFilter(958)) - Added filter static_user_filter (class=org.apache.hadoop.http.lib.StaticUserWebFilter$StaticUserFilter) to context static
2019-08-28 20:35:13,577 [main] INFO  http.HttpServer2 (HttpServer2.java:bindListener(1191)) - Jetty bound to port 36646
2019-08-28 20:35:13,577 [main] INFO  server.Server (Server.java:doStart(351)) - jetty-9.3.24.v20180605, build timestamp: 2018-06-05T17:11:56Z, git hash: 84205aa28f11a4f31f2a3b86d1bba2cc8ab69827
2019-08-28 20:35:13,579 [main] INFO  handler.ContextHandler (ContextHandler.java:doStart(781)) - Started o.e.j.s.ServletContextHandler@686cf8ad{/logs,file:///workdir/hadoop-ozone/integration-test/target/log,AVAILABLE}
2019-08-28 20:35:13,579 [main] INFO  handler.ContextHandler (ContextHandler.java:doStart(781)) - Started o.e.j.s.ServletContextHandler@66e341e9{/static,file:///workdir/hadoop-ozone/integration-test/target/test-classes/webapps/static,AVAILABLE}
2019-08-28 20:35:13,583 [main] INFO  handler.ContextHandler (ContextHandler.java:doStart(781)) - Started o.e.j.w.WebAppContext@5012c571{/,file:///workdir/hadoop-ozone/integration-test/target/test-classes/webapps/ozoneManager/,AVAILABLE}{/ozoneManager}
2019-08-28 20:35:13,583 [main] INFO  server.AbstractConnector (AbstractConnector.java:doStart(278)) - Started ServerConnector@6486fe7b{HTTP/1.1,[http/1.1]}{0.0.0.0:36646}
2019-08-28 20:35:13,584 [main] INFO  server.Server (Server.java:doStart(419)) - Started @596194ms
2019-08-28 20:35:13,585 [main] INFO  server.BaseHttpServer (BaseHttpServer.java:updateConnectorAddress(226)) - HTTP server of OZONEMANAGER is listening at http://0.0.0.0:36646
2019-08-28 20:35:13,600 [main] INFO  impl.MetricsSystemImpl (MetricsSystemImpl.java:init(158)) - HddsDatanode metrics system started (again)
2019-08-28 20:35:13,602 [main] INFO  ozone.HddsDatanodeService (HddsDatanodeService.java:start(190)) - HddsDatanodeService host:pr-hdds-2051-mwr8n-2748524799 ip:192.168.5.177
2019-08-28 20:35:13,608 [main] INFO  volume.HddsVolume (HddsVolume.java:<init>(176)) - Creating Volume: /workdir/hadoop-ozone/integration-test/target/test-dir/MiniOzoneClusterImpl-9f674b4b-7f24-464f-99b8-bd3e1a4ceab8/datanode-0/data/containers/hdds of  storage type : DISK and capacity : 1482555576320
2019-08-28 20:35:13,609 [main] INFO  volume.VolumeSet (VolumeSet.java:initializeVolumeSet(170)) - Added Volume : /workdir/hadoop-ozone/integration-test/target/test-dir/MiniOzoneClusterImpl-9f674b4b-7f24-464f-99b8-bd3e1a4ceab8/datanode-0/data/containers/hdds to VolumeSet
2019-08-28 20:35:13,609 [main] INFO  volume.ThrottledAsyncChecker (ThrottledAsyncChecker.java:schedule(140)) - Scheduling a check for org.apache.hadoop.ozone.container.common.volume.HddsVolume@755b5f30
2019-08-28 20:35:13,610 [main] INFO  volume.HddsVolumeChecker (HddsVolumeChecker.java:checkAllVolumes(203)) - Scheduled health check for volume org.apache.hadoop.ozone.container.common.volume.HddsVolume@755b5f30
2019-08-28 20:35:13,629 [main] INFO  impl.RaftServerProxy (ConfUtils.java:logGet(43)) - raft.rpc.type = GRPC (default)
2019-08-28 20:35:13,629 [main] INFO  grpc.GrpcFactory (GrpcFactory.java:checkPooledByteBufAllocatorUseCacheForAllThreads(45)) - PERFORMANCE WARNING: useCacheForAllThreads is true that may cause Netty to create a lot garbage objects and, as a result, trigger GC.
	It is recommended to disable useCacheForAllThreads by setting -Dorg.apache.ratis.thirdparty.io.netty.allocator.useCacheForAllThreads=false in command line.
2019-08-28 20:35:13,630 [main] INFO  grpc.GrpcConfigKeys$Server (ConfUtils.java:logGet(43)) - raft.grpc.server.port = 0 (default)
2019-08-28 20:35:13,630 [main] INFO  server.GrpcService (ConfUtils.java:logGet(43)) - raft.grpc.message.size.max = 33570816 (custom)
2019-08-28 20:35:13,630 [main] INFO  server.RaftServerConfigKeys (ConfUtils.java:logGet(43)) - raft.server.log.appender.buffer.byte-limit = 33554432 (custom)
2019-08-28 20:35:13,631 [main] INFO  server.GrpcService (ConfUtils.java:logGet(43)) - raft.grpc.flow.control.window = 1MB (=1048576) (default)
2019-08-28 20:35:13,631 [main] INFO  server.RaftServerConfigKeys (ConfUtils.java:logGet(43)) - raft.server.rpc.request.timeout = 3000ms (default)
2019-08-28 20:35:13,632 [main] INFO  server.RaftServerConfigKeys (ConfUtils.java:logGet(43)) - raft.server.storage.dir = [/workdir/hadoop-ozone/integration-test/target/test-dir/MiniOzoneClusterImpl-9f674b4b-7f24-464f-99b8-bd3e1a4ceab8/datanode-0/data/ratis] (custom)
2019-08-28 20:35:13,632 [main] INFO  replication.SimpleContainerDownloader (SimpleContainerDownloader.java:<init>(72)) - Starting container downloader service to copy containers to replicate.
2019-08-28 20:35:13,634 [main] INFO  hdfs.DFSUtil (DFSUtil.java:httpServerTemplateForNNAndJN(1641)) - Starting Web-server for hddsDatanode at: http://0.0.0.0:0
2019-08-28 20:35:13,635 [main] INFO  server.AuthenticationFilter (AuthenticationFilter.java:constructSecretProvider(240)) - Unable to initialize FileSignerSecretProvider, falling back to use random secrets.
2019-08-28 20:35:13,635 [main] WARN  http.HttpRequestLog (HttpRequestLog.java:getRequestLog(97)) - Jetty request log can only be enabled using Log4j
2019-08-28 20:35:13,637 [main] INFO  http.HttpServer2 (HttpServer2.java:addGlobalFilter(975)) - Added global filter 'safety' (class=org.apache.hadoop.http.HttpServer2$QuotingInputFilter)
2019-08-28 20:35:13,637 [main] INFO  http.HttpServer2 (HttpServer2.java:addFilter(948)) - Added filter static_user_filter (class=org.apache.hadoop.http.lib.StaticUserWebFilter$StaticUserFilter) to context hddsDatanode
2019-08-28 20:35:13,637 [main] INFO  http.HttpServer2 (HttpServer2.java:addFilter(958)) - Added filter static_user_filter (class=org.apache.hadoop.http.lib.StaticUserWebFilter$StaticUserFilter) to context static
2019-08-28 20:35:13,637 [main] INFO  http.HttpServer2 (HttpServer2.java:addFilter(958)) - Added filter static_user_filter (class=org.apache.hadoop.http.lib.StaticUserWebFilter$StaticUserFilter) to context logs
2019-08-28 20:35:13,638 [main] INFO  http.HttpServer2 (HttpServer2.java:bindListener(1191)) - Jetty bound to port 36931
2019-08-28 20:35:13,638 [main] INFO  server.Server (Server.java:doStart(351)) - jetty-9.3.24.v20180605, build timestamp: 2018-06-05T17:11:56Z, git hash: 84205aa28f11a4f31f2a3b86d1bba2cc8ab69827
2019-08-28 20:35:13,640 [main] INFO  handler.ContextHandler (ContextHandler.java:doStart(781)) - Started o.e.j.s.ServletContextHandler@430df350{/logs,file:///workdir/hadoop-ozone/integration-test/target/log,AVAILABLE}
2019-08-28 20:35:13,640 [main] INFO  handler.ContextHandler (ContextHandler.java:doStart(781)) - Started o.e.j.s.ServletContextHandler@175c5c3a{/static,jar:file:/home/user/.m2/repository/org/apache/hadoop/hadoop-hdds-container-service/0.5.0-SNAPSHOT/hadoop-hdds-container-service-0.5.0-SNAPSHOT.jar!/webapps/static,AVAILABLE}
2019-08-28 20:35:13,668 [main] INFO  handler.ContextHandler (ContextHandler.java:doStart(781)) - Started o.e.j.w.WebAppContext@48e41b5d{/,file:///tmp/jetty-0.0.0.0-36931-hddsDatanode-_-any-8431756966008426471.dir/webapp/,AVAILABLE}{/hddsDatanode}
2019-08-28 20:35:13,668 [main] INFO  server.AbstractConnector (AbstractConnector.java:doStart(278)) - Started ServerConnector@51e8d066{HTTP/1.1,[http/1.1]}{0.0.0.0:36931}
2019-08-28 20:35:13,668 [main] INFO  server.Server (Server.java:doStart(419)) - Started @596278ms
2019-08-28 20:35:13,670 [main] INFO  server.BaseHttpServer (BaseHttpServer.java:updateConnectorAddress(226)) - HTTP server of HDDSDATANODE is listening at http://0.0.0.0:36931
2019-08-28 20:35:13,670 [main] INFO  impl.MetricsSystemImpl (MetricsSystemImpl.java:init(158)) - HddsDatanode metrics system started (again)
2019-08-28 20:35:13,672 [org.apache.hadoop.util.JvmPauseMonitor$Monitor@73258f0d] INFO  util.JvmPauseMonitor (JvmPauseMonitor.java:run(188)) - Starting JVM pause monitor
2019-08-28 20:35:13,673 [main] INFO  ozone.HddsDatanodeService (HddsDatanodeService.java:start(190)) - HddsDatanodeService host:pr-hdds-2051-mwr8n-2748524799 ip:192.168.5.177
2019-08-28 20:35:13,675 [Datanode State Machine Thread - 0] INFO  datanode.InitDatanodeState (InitDatanodeState.java:persistContainerDatanodeDetails(140)) - DatanodeDetails is persisted to /workdir/hadoop-ozone/integration-test/target/test-dir/MiniOzoneClusterImpl-9f674b4b-7f24-464f-99b8-bd3e1a4ceab8/datanode-0/meta/datanode.id
2019-08-28 20:35:13,679 [main] INFO  volume.HddsVolume (HddsVolume.java:<init>(176)) - Creating Volume: /workdir/hadoop-ozone/integration-test/target/test-dir/MiniOzoneClusterImpl-9f674b4b-7f24-464f-99b8-bd3e1a4ceab8/datanode-1/data/containers/hdds of  storage type : DISK and capacity : 1482555576320
2019-08-28 20:35:13,680 [main] INFO  volume.VolumeSet (VolumeSet.java:initializeVolumeSet(170)) - Added Volume : /workdir/hadoop-ozone/integration-test/target/test-dir/MiniOzoneClusterImpl-9f674b4b-7f24-464f-99b8-bd3e1a4ceab8/datanode-1/data/containers/hdds to VolumeSet
2019-08-28 20:35:13,680 [main] INFO  volume.ThrottledAsyncChecker (ThrottledAsyncChecker.java:schedule(140)) - Scheduling a check for org.apache.hadoop.ozone.container.common.volume.HddsVolume@79252c83
2019-08-28 20:35:13,680 [main] INFO  volume.HddsVolumeChecker (HddsVolumeChecker.java:checkAllVolumes(203)) - Scheduled health check for volume org.apache.hadoop.ozone.container.common.volume.HddsVolume@79252c83
2019-08-28 20:35:13,697 [main] INFO  impl.RaftServerProxy (ConfUtils.java:logGet(43)) - raft.rpc.type = GRPC (default)
2019-08-28 20:35:13,697 [main] INFO  grpc.GrpcFactory (GrpcFactory.java:checkPooledByteBufAllocatorUseCacheForAllThreads(45)) - PERFORMANCE WARNING: useCacheForAllThreads is true that may cause Netty to create a lot garbage objects and, as a result, trigger GC.
	It is recommended to disable useCacheForAllThreads by setting -Dorg.apache.ratis.thirdparty.io.netty.allocator.useCacheForAllThreads=false in command line.
2019-08-28 20:35:13,697 [main] INFO  grpc.GrpcConfigKeys$Server (ConfUtils.java:logGet(43)) - raft.grpc.server.port = 0 (default)
2019-08-28 20:35:13,697 [main] INFO  server.GrpcService (ConfUtils.java:logGet(43)) - raft.grpc.message.size.max = 33570816 (custom)
2019-08-28 20:35:13,698 [main] INFO  server.RaftServerConfigKeys (ConfUtils.java:logGet(43)) - raft.server.log.appender.buffer.byte-limit = 33554432 (custom)
2019-08-28 20:35:13,698 [main] INFO  server.GrpcService (ConfUtils.java:logGet(43)) - raft.grpc.flow.control.window = 1MB (=1048576) (default)
2019-08-28 20:35:13,698 [main] INFO  server.RaftServerConfigKeys (ConfUtils.java:logGet(43)) - raft.server.rpc.request.timeout = 3000ms (default)
2019-08-28 20:35:13,699 [main] INFO  server.RaftServerConfigKeys (ConfUtils.java:logGet(43)) - raft.server.storage.dir = [/workdir/hadoop-ozone/integration-test/target/test-dir/MiniOzoneClusterImpl-9f674b4b-7f24-464f-99b8-bd3e1a4ceab8/datanode-1/data/ratis] (custom)
2019-08-28 20:35:13,699 [main] INFO  replication.SimpleContainerDownloader (SimpleContainerDownloader.java:<init>(72)) - Starting container downloader service to copy containers to replicate.
2019-08-28 20:35:13,700 [main] INFO  hdfs.DFSUtil (DFSUtil.java:httpServerTemplateForNNAndJN(1641)) - Starting Web-server for hddsDatanode at: http://0.0.0.0:0
2019-08-28 20:35:13,702 [main] INFO  server.AuthenticationFilter (AuthenticationFilter.java:constructSecretProvider(240)) - Unable to initialize FileSignerSecretProvider, falling back to use random secrets.
2019-08-28 20:35:13,702 [main] WARN  http.HttpRequestLog (HttpRequestLog.java:getRequestLog(97)) - Jetty request log can only be enabled using Log4j
2019-08-28 20:35:13,704 [main] INFO  http.HttpServer2 (HttpServer2.java:addGlobalFilter(975)) - Added global filter 'safety' (class=org.apache.hadoop.http.HttpServer2$QuotingInputFilter)
2019-08-28 20:35:13,704 [main] INFO  http.HttpServer2 (HttpServer2.java:addFilter(948)) - Added filter static_user_filter (class=org.apache.hadoop.http.lib.StaticUserWebFilter$StaticUserFilter) to context hddsDatanode
2019-08-28 20:35:13,705 [main] INFO  http.HttpServer2 (HttpServer2.java:addFilter(958)) - Added filter static_user_filter (class=org.apache.hadoop.http.lib.StaticUserWebFilter$StaticUserFilter) to context logs
2019-08-28 20:35:13,705 [main] INFO  http.HttpServer2 (HttpServer2.java:addFilter(958)) - Added filter static_user_filter (class=org.apache.hadoop.http.lib.StaticUserWebFilter$StaticUserFilter) to context static
2019-08-28 20:35:13,705 [main] INFO  http.HttpServer2 (HttpServer2.java:bindListener(1191)) - Jetty bound to port 33565
2019-08-28 20:35:13,706 [main] INFO  server.Server (Server.java:doStart(351)) - jetty-9.3.24.v20180605, build timestamp: 2018-06-05T17:11:56Z, git hash: 84205aa28f11a4f31f2a3b86d1bba2cc8ab69827
2019-08-28 20:35:13,707 [main] INFO  handler.ContextHandler (ContextHandler.java:doStart(781)) - Started o.e.j.s.ServletContextHandler@6b9c42bd{/logs,file:///workdir/hadoop-ozone/integration-test/target/log,AVAILABLE}
2019-08-28 20:35:13,708 [main] INFO  handler.ContextHandler (ContextHandler.java:doStart(781)) - Started o.e.j.s.ServletContextHandler@33324c05{/static,jar:file:/home/user/.m2/repository/org/apache/hadoop/hadoop-hdds-container-service/0.5.0-SNAPSHOT/hadoop-hdds-container-service-0.5.0-SNAPSHOT.jar!/webapps/static,AVAILABLE}
2019-08-28 20:35:13,740 [main] INFO  handler.ContextHandler (ContextHandler.java:doStart(781)) - Started o.e.j.w.WebAppContext@d8835af{/,file:///tmp/jetty-0.0.0.0-33565-hddsDatanode-_-any-2420890013600928168.dir/webapp/,AVAILABLE}{/hddsDatanode}
2019-08-28 20:35:13,741 [main] INFO  server.AbstractConnector (AbstractConnector.java:doStart(278)) - Started ServerConnector@16681017{HTTP/1.1,[http/1.1]}{0.0.0.0:33565}
2019-08-28 20:35:13,742 [main] INFO  server.Server (Server.java:doStart(419)) - Started @596352ms
2019-08-28 20:35:13,743 [main] INFO  server.BaseHttpServer (BaseHttpServer.java:updateConnectorAddress(226)) - HTTP server of HDDSDATANODE is listening at http://0.0.0.0:33565
2019-08-28 20:35:13,743 [main] INFO  impl.MetricsSystemImpl (MetricsSystemImpl.java:init(158)) - HddsDatanode metrics system started (again)
2019-08-28 20:35:13,746 [org.apache.hadoop.util.JvmPauseMonitor$Monitor@6d310dfa] INFO  util.JvmPauseMonitor (JvmPauseMonitor.java:run(188)) - Starting JVM pause monitor
2019-08-28 20:35:13,746 [main] INFO  ozone.HddsDatanodeService (HddsDatanodeService.java:start(190)) - HddsDatanodeService host:pr-hdds-2051-mwr8n-2748524799 ip:192.168.5.177
2019-08-28 20:35:13,748 [Datanode State Machine Thread - 0] INFO  datanode.InitDatanodeState (InitDatanodeState.java:persistContainerDatanodeDetails(140)) - DatanodeDetails is persisted to /workdir/hadoop-ozone/integration-test/target/test-dir/MiniOzoneClusterImpl-9f674b4b-7f24-464f-99b8-bd3e1a4ceab8/datanode-1/meta/datanode.id
2019-08-28 20:35:13,753 [main] INFO  volume.HddsVolume (HddsVolume.java:<init>(176)) - Creating Volume: /workdir/hadoop-ozone/integration-test/target/test-dir/MiniOzoneClusterImpl-9f674b4b-7f24-464f-99b8-bd3e1a4ceab8/datanode-2/data/containers/hdds of  storage type : DISK and capacity : 1482555576320
2019-08-28 20:35:13,753 [main] INFO  volume.VolumeSet (VolumeSet.java:initializeVolumeSet(170)) - Added Volume : /workdir/hadoop-ozone/integration-test/target/test-dir/MiniOzoneClusterImpl-9f674b4b-7f24-464f-99b8-bd3e1a4ceab8/datanode-2/data/containers/hdds to VolumeSet
2019-08-28 20:35:13,753 [main] INFO  volume.ThrottledAsyncChecker (ThrottledAsyncChecker.java:schedule(140)) - Scheduling a check for org.apache.hadoop.ozone.container.common.volume.HddsVolume@377dfb8d
2019-08-28 20:35:13,754 [main] INFO  volume.HddsVolumeChecker (HddsVolumeChecker.java:checkAllVolumes(203)) - Scheduled health check for volume org.apache.hadoop.ozone.container.common.volume.HddsVolume@377dfb8d
2019-08-28 20:35:13,767 [main] INFO  impl.RaftServerProxy (ConfUtils.java:logGet(43)) - raft.rpc.type = GRPC (default)
2019-08-28 20:35:13,767 [main] INFO  grpc.GrpcFactory (GrpcFactory.java:checkPooledByteBufAllocatorUseCacheForAllThreads(45)) - PERFORMANCE WARNING: useCacheForAllThreads is true that may cause Netty to create a lot garbage objects and, as a result, trigger GC.
	It is recommended to disable useCacheForAllThreads by setting -Dorg.apache.ratis.thirdparty.io.netty.allocator.useCacheForAllThreads=false in command line.
2019-08-28 20:35:13,768 [main] INFO  grpc.GrpcConfigKeys$Server (ConfUtils.java:logGet(43)) - raft.grpc.server.port = 0 (default)
2019-08-28 20:35:13,768 [main] INFO  server.GrpcService (ConfUtils.java:logGet(43)) - raft.grpc.message.size.max = 33570816 (custom)
2019-08-28 20:35:13,768 [main] INFO  server.RaftServerConfigKeys (ConfUtils.java:logGet(43)) - raft.server.log.appender.buffer.byte-limit = 33554432 (custom)
2019-08-28 20:35:13,768 [main] INFO  server.GrpcService (ConfUtils.java:logGet(43)) - raft.grpc.flow.control.window = 1MB (=1048576) (default)
2019-08-28 20:35:13,768 [main] INFO  server.RaftServerConfigKeys (ConfUtils.java:logGet(43)) - raft.server.rpc.request.timeout = 3000ms (default)
2019-08-28 20:35:13,769 [main] INFO  server.RaftServerConfigKeys (ConfUtils.java:logGet(43)) - raft.server.storage.dir = [/workdir/hadoop-ozone/integration-test/target/test-dir/MiniOzoneClusterImpl-9f674b4b-7f24-464f-99b8-bd3e1a4ceab8/datanode-2/data/ratis] (custom)
2019-08-28 20:35:13,769 [main] INFO  replication.SimpleContainerDownloader (SimpleContainerDownloader.java:<init>(72)) - Starting container downloader service to copy containers to replicate.
2019-08-28 20:35:13,770 [main] INFO  hdfs.DFSUtil (DFSUtil.java:httpServerTemplateForNNAndJN(1641)) - Starting Web-server for hddsDatanode at: http://0.0.0.0:0
2019-08-28 20:35:13,771 [main] INFO  server.AuthenticationFilter (AuthenticationFilter.java:constructSecretProvider(240)) - Unable to initialize FileSignerSecretProvider, falling back to use random secrets.
2019-08-28 20:35:13,772 [main] WARN  http.HttpRequestLog (HttpRequestLog.java:getRequestLog(97)) - Jetty request log can only be enabled using Log4j
2019-08-28 20:35:13,773 [main] INFO  http.HttpServer2 (HttpServer2.java:addGlobalFilter(975)) - Added global filter 'safety' (class=org.apache.hadoop.http.HttpServer2$QuotingInputFilter)
2019-08-28 20:35:13,773 [main] INFO  http.HttpServer2 (HttpServer2.java:addFilter(948)) - Added filter static_user_filter (class=org.apache.hadoop.http.lib.StaticUserWebFilter$StaticUserFilter) to context hddsDatanode
2019-08-28 20:35:13,774 [main] INFO  http.HttpServer2 (HttpServer2.java:addFilter(958)) - Added filter static_user_filter (class=org.apache.hadoop.http.lib.StaticUserWebFilter$StaticUserFilter) to context static
2019-08-28 20:35:13,774 [main] INFO  http.HttpServer2 (HttpServer2.java:addFilter(958)) - Added filter static_user_filter (class=org.apache.hadoop.http.lib.StaticUserWebFilter$StaticUserFilter) to context logs
2019-08-28 20:35:13,774 [main] INFO  http.HttpServer2 (HttpServer2.java:bindListener(1191)) - Jetty bound to port 37883
2019-08-28 20:35:13,775 [main] INFO  server.Server (Server.java:doStart(351)) - jetty-9.3.24.v20180605, build timestamp: 2018-06-05T17:11:56Z, git hash: 84205aa28f11a4f31f2a3b86d1bba2cc8ab69827
2019-08-28 20:35:13,776 [main] INFO  handler.ContextHandler (ContextHandler.java:doStart(781)) - Started o.e.j.s.ServletContextHandler@6e95973c{/logs,file:///workdir/hadoop-ozone/integration-test/target/log,AVAILABLE}
2019-08-28 20:35:13,777 [main] INFO  handler.ContextHandler (ContextHandler.java:doStart(781)) - Started o.e.j.s.ServletContextHandler@71531dd7{/static,jar:file:/home/user/.m2/repository/org/apache/hadoop/hadoop-hdds-container-service/0.5.0-SNAPSHOT/hadoop-hdds-container-service-0.5.0-SNAPSHOT.jar!/webapps/static,AVAILABLE}
2019-08-28 20:35:13,803 [main] INFO  handler.ContextHandler (ContextHandler.java:doStart(781)) - Started o.e.j.w.WebAppContext@5122e4bf{/,file:///tmp/jetty-0.0.0.0-37883-hddsDatanode-_-any-7697398360912448999.dir/webapp/,AVAILABLE}{/hddsDatanode}
2019-08-28 20:35:13,803 [main] INFO  server.AbstractConnector (AbstractConnector.java:doStart(278)) - Started ServerConnector@23e61112{HTTP/1.1,[http/1.1]}{0.0.0.0:37883}
2019-08-28 20:35:13,803 [main] INFO  server.Server (Server.java:doStart(419)) - Started @596413ms
2019-08-28 20:35:13,805 [main] INFO  server.BaseHttpServer (BaseHttpServer.java:updateConnectorAddress(226)) - HTTP server of HDDSDATANODE is listening at http://0.0.0.0:37883
2019-08-28 20:35:13,805 [main] INFO  impl.MetricsSystemImpl (MetricsSystemImpl.java:init(158)) - HddsDatanode metrics system started (again)
2019-08-28 20:35:13,808 [org.apache.hadoop.util.JvmPauseMonitor$Monitor@3575bd72] INFO  util.JvmPauseMonitor (JvmPauseMonitor.java:run(188)) - Starting JVM pause monitor
2019-08-28 20:35:13,808 [main] INFO  ozone.HddsDatanodeService (HddsDatanodeService.java:start(190)) - HddsDatanodeService host:pr-hdds-2051-mwr8n-2748524799 ip:192.168.5.177
2019-08-28 20:35:13,809 [Datanode State Machine Thread - 0] INFO  datanode.InitDatanodeState (InitDatanodeState.java:persistContainerDatanodeDetails(140)) - DatanodeDetails is persisted to /workdir/hadoop-ozone/integration-test/target/test-dir/MiniOzoneClusterImpl-9f674b4b-7f24-464f-99b8-bd3e1a4ceab8/datanode-2/meta/datanode.id
2019-08-28 20:35:13,814 [main] INFO  volume.HddsVolume (HddsVolume.java:<init>(176)) - Creating Volume: /workdir/hadoop-ozone/integration-test/target/test-dir/MiniOzoneClusterImpl-9f674b4b-7f24-464f-99b8-bd3e1a4ceab8/datanode-3/data/containers/hdds of  storage type : DISK and capacity : 1482555576320
2019-08-28 20:35:13,815 [main] INFO  volume.VolumeSet (VolumeSet.java:initializeVolumeSet(170)) - Added Volume : /workdir/hadoop-ozone/integration-test/target/test-dir/MiniOzoneClusterImpl-9f674b4b-7f24-464f-99b8-bd3e1a4ceab8/datanode-3/data/containers/hdds to VolumeSet
2019-08-28 20:35:13,815 [main] INFO  volume.ThrottledAsyncChecker (ThrottledAsyncChecker.java:schedule(140)) - Scheduling a check for org.apache.hadoop.ozone.container.common.volume.HddsVolume@255d9277
2019-08-28 20:35:13,816 [main] INFO  volume.HddsVolumeChecker (HddsVolumeChecker.java:checkAllVolumes(203)) - Scheduled health check for volume org.apache.hadoop.ozone.container.common.volume.HddsVolume@255d9277
2019-08-28 20:35:13,835 [main] INFO  impl.RaftServerProxy (ConfUtils.java:logGet(43)) - raft.rpc.type = GRPC (default)
2019-08-28 20:35:13,835 [main] INFO  grpc.GrpcFactory (GrpcFactory.java:checkPooledByteBufAllocatorUseCacheForAllThreads(45)) - PERFORMANCE WARNING: useCacheForAllThreads is true that may cause Netty to create a lot garbage objects and, as a result, trigger GC.
	It is recommended to disable useCacheForAllThreads by setting -Dorg.apache.ratis.thirdparty.io.netty.allocator.useCacheForAllThreads=false in command line.
2019-08-28 20:35:13,835 [main] INFO  grpc.GrpcConfigKeys$Server (ConfUtils.java:logGet(43)) - raft.grpc.server.port = 0 (default)
2019-08-28 20:35:13,836 [main] INFO  server.GrpcService (ConfUtils.java:logGet(43)) - raft.grpc.message.size.max = 33570816 (custom)
2019-08-28 20:35:13,836 [main] INFO  server.RaftServerConfigKeys (ConfUtils.java:logGet(43)) - raft.server.log.appender.buffer.byte-limit = 33554432 (custom)
2019-08-28 20:35:13,836 [main] INFO  server.GrpcService (ConfUtils.java:logGet(43)) - raft.grpc.flow.control.window = 1MB (=1048576) (default)
2019-08-28 20:35:13,836 [main] INFO  server.RaftServerConfigKeys (ConfUtils.java:logGet(43)) - raft.server.rpc.request.timeout = 3000ms (default)
2019-08-28 20:35:13,837 [main] INFO  server.RaftServerConfigKeys (ConfUtils.java:logGet(43)) - raft.server.storage.dir = [/workdir/hadoop-ozone/integration-test/target/test-dir/MiniOzoneClusterImpl-9f674b4b-7f24-464f-99b8-bd3e1a4ceab8/datanode-3/data/ratis] (custom)
2019-08-28 20:35:13,838 [main] INFO  replication.SimpleContainerDownloader (SimpleContainerDownloader.java:<init>(72)) - Starting container downloader service to copy containers to replicate.
2019-08-28 20:35:13,839 [main] INFO  hdfs.DFSUtil (DFSUtil.java:httpServerTemplateForNNAndJN(1641)) - Starting Web-server for hddsDatanode at: http://0.0.0.0:0
2019-08-28 20:35:13,840 [main] INFO  server.AuthenticationFilter (AuthenticationFilter.java:constructSecretProvider(240)) - Unable to initialize FileSignerSecretProvider, falling back to use random secrets.
2019-08-28 20:35:13,840 [main] WARN  http.HttpRequestLog (HttpRequestLog.java:getRequestLog(97)) - Jetty request log can only be enabled using Log4j
2019-08-28 20:35:13,842 [main] INFO  http.HttpServer2 (HttpServer2.java:addGlobalFilter(975)) - Added global filter 'safety' (class=org.apache.hadoop.http.HttpServer2$QuotingInputFilter)
2019-08-28 20:35:13,842 [main] INFO  http.HttpServer2 (HttpServer2.java:addFilter(948)) - Added filter static_user_filter (class=org.apache.hadoop.http.lib.StaticUserWebFilter$StaticUserFilter) to context hddsDatanode
2019-08-28 20:35:13,842 [main] INFO  http.HttpServer2 (HttpServer2.java:addFilter(958)) - Added filter static_user_filter (class=org.apache.hadoop.http.lib.StaticUserWebFilter$StaticUserFilter) to context static
2019-08-28 20:35:13,842 [main] INFO  http.HttpServer2 (HttpServer2.java:addFilter(958)) - Added filter static_user_filter (class=org.apache.hadoop.http.lib.StaticUserWebFilter$StaticUserFilter) to context logs
2019-08-28 20:35:13,843 [main] INFO  http.HttpServer2 (HttpServer2.java:bindListener(1191)) - Jetty bound to port 43593
2019-08-28 20:35:13,843 [main] INFO  server.Server (Server.java:doStart(351)) - jetty-9.3.24.v20180605, build timestamp: 2018-06-05T17:11:56Z, git hash: 84205aa28f11a4f31f2a3b86d1bba2cc8ab69827
2019-08-28 20:35:13,845 [main] INFO  handler.ContextHandler (ContextHandler.java:doStart(781)) - Started o.e.j.s.ServletContextHandler@6b42e36d{/logs,file:///workdir/hadoop-ozone/integration-test/target/log,AVAILABLE}
2019-08-28 20:35:13,845 [main] INFO  handler.ContextHandler (ContextHandler.java:doStart(781)) - Started o.e.j.s.ServletContextHandler@79195c22{/static,jar:file:/home/user/.m2/repository/org/apache/hadoop/hadoop-hdds-container-service/0.5.0-SNAPSHOT/hadoop-hdds-container-service-0.5.0-SNAPSHOT.jar!/webapps/static,AVAILABLE}
2019-08-28 20:35:13,877 [main] INFO  handler.ContextHandler (ContextHandler.java:doStart(781)) - Started o.e.j.w.WebAppContext@1e56bc9b{/,file:///tmp/jetty-0.0.0.0-43593-hddsDatanode-_-any-87475737330708975.dir/webapp/,AVAILABLE}{/hddsDatanode}
2019-08-28 20:35:13,878 [main] INFO  server.AbstractConnector (AbstractConnector.java:doStart(278)) - Started ServerConnector@6f3bd37f{HTTP/1.1,[http/1.1]}{0.0.0.0:43593}
2019-08-28 20:35:13,878 [main] INFO  server.Server (Server.java:doStart(419)) - Started @596487ms
2019-08-28 20:35:13,880 [main] INFO  server.BaseHttpServer (BaseHttpServer.java:updateConnectorAddress(226)) - HTTP server of HDDSDATANODE is listening at http://0.0.0.0:43593
2019-08-28 20:35:13,880 [main] INFO  impl.MetricsSystemImpl (MetricsSystemImpl.java:init(158)) - HddsDatanode metrics system started (again)
2019-08-28 20:35:13,883 [org.apache.hadoop.util.JvmPauseMonitor$Monitor@42fcec56] INFO  util.JvmPauseMonitor (JvmPauseMonitor.java:run(188)) - Starting JVM pause monitor
2019-08-28 20:35:13,883 [main] INFO  ozone.HddsDatanodeService (HddsDatanodeService.java:start(190)) - HddsDatanodeService host:pr-hdds-2051-mwr8n-2748524799 ip:192.168.5.177
2019-08-28 20:35:13,884 [Datanode State Machine Thread - 0] INFO  datanode.InitDatanodeState (InitDatanodeState.java:persistContainerDatanodeDetails(140)) - DatanodeDetails is persisted to /workdir/hadoop-ozone/integration-test/target/test-dir/MiniOzoneClusterImpl-9f674b4b-7f24-464f-99b8-bd3e1a4ceab8/datanode-3/meta/datanode.id
2019-08-28 20:35:13,890 [main] INFO  volume.HddsVolume (HddsVolume.java:<init>(176)) - Creating Volume: /workdir/hadoop-ozone/integration-test/target/test-dir/MiniOzoneClusterImpl-9f674b4b-7f24-464f-99b8-bd3e1a4ceab8/datanode-4/data/containers/hdds of  storage type : DISK and capacity : 1482555576320
2019-08-28 20:35:13,890 [main] INFO  volume.VolumeSet (VolumeSet.java:initializeVolumeSet(170)) - Added Volume : /workdir/hadoop-ozone/integration-test/target/test-dir/MiniOzoneClusterImpl-9f674b4b-7f24-464f-99b8-bd3e1a4ceab8/datanode-4/data/containers/hdds to VolumeSet
2019-08-28 20:35:13,890 [main] INFO  volume.ThrottledAsyncChecker (ThrottledAsyncChecker.java:schedule(140)) - Scheduling a check for org.apache.hadoop.ozone.container.common.volume.HddsVolume@72c4a3aa
2019-08-28 20:35:13,891 [main] INFO  volume.HddsVolumeChecker (HddsVolumeChecker.java:checkAllVolumes(203)) - Scheduled health check for volume org.apache.hadoop.ozone.container.common.volume.HddsVolume@72c4a3aa
2019-08-28 20:35:13,903 [main] INFO  impl.RaftServerProxy (ConfUtils.java:logGet(43)) - raft.rpc.type = GRPC (default)
2019-08-28 20:35:13,904 [main] INFO  grpc.GrpcFactory (GrpcFactory.java:checkPooledByteBufAllocatorUseCacheForAllThreads(45)) - PERFORMANCE WARNING: useCacheForAllThreads is true that may cause Netty to create a lot garbage objects and, as a result, trigger GC.
	It is recommended to disable useCacheForAllThreads by setting -Dorg.apache.ratis.thirdparty.io.netty.allocator.useCacheForAllThreads=false in command line.
2019-08-28 20:35:13,904 [main] INFO  grpc.GrpcConfigKeys$Server (ConfUtils.java:logGet(43)) - raft.grpc.server.port = 0 (default)
2019-08-28 20:35:13,904 [main] INFO  server.GrpcService (ConfUtils.java:logGet(43)) - raft.grpc.message.size.max = 33570816 (custom)
2019-08-28 20:35:13,904 [main] INFO  server.RaftServerConfigKeys (ConfUtils.java:logGet(43)) - raft.server.log.appender.buffer.byte-limit = 33554432 (custom)
2019-08-28 20:35:13,904 [main] INFO  server.GrpcService (ConfUtils.java:logGet(43)) - raft.grpc.flow.control.window = 1MB (=1048576) (default)
2019-08-28 20:35:13,904 [main] INFO  server.RaftServerConfigKeys (ConfUtils.java:logGet(43)) - raft.server.rpc.request.timeout = 3000ms (default)
2019-08-28 20:35:13,905 [main] INFO  server.RaftServerConfigKeys (ConfUtils.java:logGet(43)) - raft.server.storage.dir = [/workdir/hadoop-ozone/integration-test/target/test-dir/MiniOzoneClusterImpl-9f674b4b-7f24-464f-99b8-bd3e1a4ceab8/datanode-4/data/ratis] (custom)
2019-08-28 20:35:13,905 [main] INFO  replication.SimpleContainerDownloader (SimpleContainerDownloader.java:<init>(72)) - Starting container downloader service to copy containers to replicate.
2019-08-28 20:35:13,906 [main] INFO  hdfs.DFSUtil (DFSUtil.java:httpServerTemplateForNNAndJN(1641)) - Starting Web-server for hddsDatanode at: http://0.0.0.0:0
2019-08-28 20:35:13,907 [main] INFO  server.AuthenticationFilter (AuthenticationFilter.java:constructSecretProvider(240)) - Unable to initialize FileSignerSecretProvider, falling back to use random secrets.
2019-08-28 20:35:13,908 [main] WARN  http.HttpRequestLog (HttpRequestLog.java:getRequestLog(97)) - Jetty request log can only be enabled using Log4j
2019-08-28 20:35:13,909 [main] INFO  http.HttpServer2 (HttpServer2.java:addGlobalFilter(975)) - Added global filter 'safety' (class=org.apache.hadoop.http.HttpServer2$QuotingInputFilter)
2019-08-28 20:35:13,909 [main] INFO  http.HttpServer2 (HttpServer2.java:addFilter(948)) - Added filter static_user_filter (class=org.apache.hadoop.http.lib.StaticUserWebFilter$StaticUserFilter) to context hddsDatanode
2019-08-28 20:35:13,909 [main] INFO  http.HttpServer2 (HttpServer2.java:addFilter(958)) - Added filter static_user_filter (class=org.apache.hadoop.http.lib.StaticUserWebFilter$StaticUserFilter) to context logs
2019-08-28 20:35:13,910 [main] INFO  http.HttpServer2 (HttpServer2.java:addFilter(958)) - Added filter static_user_filter (class=org.apache.hadoop.http.lib.StaticUserWebFilter$StaticUserFilter) to context static
2019-08-28 20:35:13,910 [main] INFO  http.HttpServer2 (HttpServer2.java:bindListener(1191)) - Jetty bound to port 46390
2019-08-28 20:35:13,910 [main] INFO  server.Server (Server.java:doStart(351)) - jetty-9.3.24.v20180605, build timestamp: 2018-06-05T17:11:56Z, git hash: 84205aa28f11a4f31f2a3b86d1bba2cc8ab69827
2019-08-28 20:35:13,912 [main] INFO  handler.ContextHandler (ContextHandler.java:doStart(781)) - Started o.e.j.s.ServletContextHandler@656c5c3{/logs,file:///workdir/hadoop-ozone/integration-test/target/log,AVAILABLE}
2019-08-28 20:35:13,912 [main] INFO  handler.ContextHandler (ContextHandler.java:doStart(781)) - Started o.e.j.s.ServletContextHandler@4409cae6{/static,jar:file:/home/user/.m2/repository/org/apache/hadoop/hadoop-hdds-container-service/0.5.0-SNAPSHOT/hadoop-hdds-container-service-0.5.0-SNAPSHOT.jar!/webapps/static,AVAILABLE}
2019-08-28 20:35:13,939 [main] INFO  handler.ContextHandler (ContextHandler.java:doStart(781)) - Started o.e.j.w.WebAppContext@4ee8051c{/,file:///tmp/jetty-0.0.0.0-46390-hddsDatanode-_-any-577620101292813371.dir/webapp/,AVAILABLE}{/hddsDatanode}
2019-08-28 20:35:13,940 [main] INFO  server.AbstractConnector (AbstractConnector.java:doStart(278)) - Started ServerConnector@53125718{HTTP/1.1,[http/1.1]}{0.0.0.0:46390}
2019-08-28 20:35:13,941 [main] INFO  server.Server (Server.java:doStart(419)) - Started @596551ms
2019-08-28 20:35:13,942 [main] INFO  server.BaseHttpServer (BaseHttpServer.java:updateConnectorAddress(226)) - HTTP server of HDDSDATANODE is listening at http://0.0.0.0:46390
2019-08-28 20:35:13,942 [main] INFO  impl.MetricsSystemImpl (MetricsSystemImpl.java:init(158)) - HddsDatanode metrics system started (again)
2019-08-28 20:35:13,945 [org.apache.hadoop.util.JvmPauseMonitor$Monitor@4538fb85] INFO  util.JvmPauseMonitor (JvmPauseMonitor.java:run(188)) - Starting JVM pause monitor
2019-08-28 20:35:13,945 [main] INFO  ozone.HddsDatanodeService (HddsDatanodeService.java:start(190)) - HddsDatanodeService host:pr-hdds-2051-mwr8n-2748524799 ip:192.168.5.177
2019-08-28 20:35:13,946 [Datanode State Machine Thread - 0] INFO  datanode.InitDatanodeState (InitDatanodeState.java:persistContainerDatanodeDetails(140)) - DatanodeDetails is persisted to /workdir/hadoop-ozone/integration-test/target/test-dir/MiniOzoneClusterImpl-9f674b4b-7f24-464f-99b8-bd3e1a4ceab8/datanode-4/meta/datanode.id
2019-08-28 20:35:13,951 [main] INFO  volume.HddsVolume (HddsVolume.java:<init>(176)) - Creating Volume: /workdir/hadoop-ozone/integration-test/target/test-dir/MiniOzoneClusterImpl-9f674b4b-7f24-464f-99b8-bd3e1a4ceab8/datanode-5/data/containers/hdds of  storage type : DISK and capacity : 1482555576320
2019-08-28 20:35:13,951 [main] INFO  volume.VolumeSet (VolumeSet.java:initializeVolumeSet(170)) - Added Volume : /workdir/hadoop-ozone/integration-test/target/test-dir/MiniOzoneClusterImpl-9f674b4b-7f24-464f-99b8-bd3e1a4ceab8/datanode-5/data/containers/hdds to VolumeSet
2019-08-28 20:35:13,952 [main] INFO  volume.ThrottledAsyncChecker (ThrottledAsyncChecker.java:schedule(140)) - Scheduling a check for org.apache.hadoop.ozone.container.common.volume.HddsVolume@4eb9ae4d
2019-08-28 20:35:13,952 [main] INFO  volume.HddsVolumeChecker (HddsVolumeChecker.java:checkAllVolumes(203)) - Scheduled health check for volume org.apache.hadoop.ozone.container.common.volume.HddsVolume@4eb9ae4d
2019-08-28 20:35:13,966 [main] INFO  impl.RaftServerProxy (ConfUtils.java:logGet(43)) - raft.rpc.type = GRPC (default)
2019-08-28 20:35:13,966 [main] INFO  grpc.GrpcFactory (GrpcFactory.java:checkPooledByteBufAllocatorUseCacheForAllThreads(45)) - PERFORMANCE WARNING: useCacheForAllThreads is true that may cause Netty to create a lot garbage objects and, as a result, trigger GC.
	It is recommended to disable useCacheForAllThreads by setting -Dorg.apache.ratis.thirdparty.io.netty.allocator.useCacheForAllThreads=false in command line.
2019-08-28 20:35:13,967 [main] INFO  grpc.GrpcConfigKeys$Server (ConfUtils.java:logGet(43)) - raft.grpc.server.port = 0 (default)
2019-08-28 20:35:13,967 [main] INFO  server.GrpcService (ConfUtils.java:logGet(43)) - raft.grpc.message.size.max = 33570816 (custom)
2019-08-28 20:35:13,967 [main] INFO  server.RaftServerConfigKeys (ConfUtils.java:logGet(43)) - raft.server.log.appender.buffer.byte-limit = 33554432 (custom)
2019-08-28 20:35:13,967 [main] INFO  server.GrpcService (ConfUtils.java:logGet(43)) - raft.grpc.flow.control.window = 1MB (=1048576) (default)
2019-08-28 20:35:13,967 [main] INFO  server.RaftServerConfigKeys (ConfUtils.java:logGet(43)) - raft.server.rpc.request.timeout = 3000ms (default)
2019-08-28 20:35:13,968 [main] INFO  server.RaftServerConfigKeys (ConfUtils.java:logGet(43)) - raft.server.storage.dir = [/workdir/hadoop-ozone/integration-test/target/test-dir/MiniOzoneClusterImpl-9f674b4b-7f24-464f-99b8-bd3e1a4ceab8/datanode-5/data/ratis] (custom)
2019-08-28 20:35:13,968 [main] INFO  replication.SimpleContainerDownloader (SimpleContainerDownloader.java:<init>(72)) - Starting container downloader service to copy containers to replicate.
2019-08-28 20:35:13,970 [main] INFO  hdfs.DFSUtil (DFSUtil.java:httpServerTemplateForNNAndJN(1641)) - Starting Web-server for hddsDatanode at: http://0.0.0.0:0
2019-08-28 20:35:13,971 [main] INFO  server.AuthenticationFilter (AuthenticationFilter.java:constructSecretProvider(240)) - Unable to initialize FileSignerSecretProvider, falling back to use random secrets.
2019-08-28 20:35:13,971 [main] WARN  http.HttpRequestLog (HttpRequestLog.java:getRequestLog(97)) - Jetty request log can only be enabled using Log4j
2019-08-28 20:35:13,973 [main] INFO  http.HttpServer2 (HttpServer2.java:addGlobalFilter(975)) - Added global filter 'safety' (class=org.apache.hadoop.http.HttpServer2$QuotingInputFilter)
2019-08-28 20:35:13,973 [main] INFO  http.HttpServer2 (HttpServer2.java:addFilter(948)) - Added filter static_user_filter (class=org.apache.hadoop.http.lib.StaticUserWebFilter$StaticUserFilter) to context hddsDatanode
2019-08-28 20:35:13,973 [main] INFO  http.HttpServer2 (HttpServer2.java:addFilter(958)) - Added filter static_user_filter (class=org.apache.hadoop.http.lib.StaticUserWebFilter$StaticUserFilter) to context logs
2019-08-28 20:35:13,973 [main] INFO  http.HttpServer2 (HttpServer2.java:addFilter(958)) - Added filter static_user_filter (class=org.apache.hadoop.http.lib.StaticUserWebFilter$StaticUserFilter) to context static
2019-08-28 20:35:13,974 [main] INFO  http.HttpServer2 (HttpServer2.java:bindListener(1191)) - Jetty bound to port 33856
2019-08-28 20:35:13,974 [main] INFO  server.Server (Server.java:doStart(351)) - jetty-9.3.24.v20180605, build timestamp: 2018-06-05T17:11:56Z, git hash: 84205aa28f11a4f31f2a3b86d1bba2cc8ab69827
2019-08-28 20:35:13,976 [main] INFO  handler.ContextHandler (ContextHandler.java:doStart(781)) - Started o.e.j.s.ServletContextHandler@11e71181{/logs,file:///workdir/hadoop-ozone/integration-test/target/log,AVAILABLE}
2019-08-28 20:35:13,976 [main] INFO  handler.ContextHandler (ContextHandler.java:doStart(781)) - Started o.e.j.s.ServletContextHandler@222acad{/static,jar:file:/home/user/.m2/repository/org/apache/hadoop/hadoop-hdds-container-service/0.5.0-SNAPSHOT/hadoop-hdds-container-service-0.5.0-SNAPSHOT.jar!/webapps/static,AVAILABLE}
2019-08-28 20:35:14,003 [main] INFO  handler.ContextHandler (ContextHandler.java:doStart(781)) - Started o.e.j.w.WebAppContext@62ea8931{/,file:///tmp/jetty-0.0.0.0-33856-hddsDatanode-_-any-1343653886809658300.dir/webapp/,AVAILABLE}{/hddsDatanode}
2019-08-28 20:35:14,003 [main] INFO  server.AbstractConnector (AbstractConnector.java:doStart(278)) - Started ServerConnector@47fb7ec9{HTTP/1.1,[http/1.1]}{0.0.0.0:33856}
2019-08-28 20:35:14,005 [main] INFO  server.Server (Server.java:doStart(419)) - Started @596614ms
2019-08-28 20:35:14,005 [main] INFO  server.BaseHttpServer (BaseHttpServer.java:updateConnectorAddress(226)) - HTTP server of HDDSDATANODE is listening at http://0.0.0.0:33856
2019-08-28 20:35:14,006 [main] INFO  impl.MetricsSystemImpl (MetricsSystemImpl.java:init(158)) - HddsDatanode metrics system started (again)
2019-08-28 20:35:14,009 [org.apache.hadoop.util.JvmPauseMonitor$Monitor@2b00a2ab] INFO  util.JvmPauseMonitor (JvmPauseMonitor.java:run(188)) - Starting JVM pause monitor
2019-08-28 20:35:14,009 [main] INFO  ozone.HddsDatanodeService (HddsDatanodeService.java:start(190)) - HddsDatanodeService host:pr-hdds-2051-mwr8n-2748524799 ip:192.168.5.177
2019-08-28 20:35:14,010 [Datanode State Machine Thread - 0] INFO  datanode.InitDatanodeState (InitDatanodeState.java:persistContainerDatanodeDetails(140)) - DatanodeDetails is persisted to /workdir/hadoop-ozone/integration-test/target/test-dir/MiniOzoneClusterImpl-9f674b4b-7f24-464f-99b8-bd3e1a4ceab8/datanode-5/meta/datanode.id
2019-08-28 20:35:14,015 [main] INFO  volume.HddsVolume (HddsVolume.java:<init>(176)) - Creating Volume: /workdir/hadoop-ozone/integration-test/target/test-dir/MiniOzoneClusterImpl-9f674b4b-7f24-464f-99b8-bd3e1a4ceab8/datanode-6/data/containers/hdds of  storage type : DISK and capacity : 1482555576320
2019-08-28 20:35:14,015 [main] INFO  volume.VolumeSet (VolumeSet.java:initializeVolumeSet(170)) - Added Volume : /workdir/hadoop-ozone/integration-test/target/test-dir/MiniOzoneClusterImpl-9f674b4b-7f24-464f-99b8-bd3e1a4ceab8/datanode-6/data/containers/hdds to VolumeSet
2019-08-28 20:35:14,016 [main] INFO  volume.ThrottledAsyncChecker (ThrottledAsyncChecker.java:schedule(140)) - Scheduling a check for org.apache.hadoop.ozone.container.common.volume.HddsVolume@4245bf68
2019-08-28 20:35:14,016 [main] INFO  volume.HddsVolumeChecker (HddsVolumeChecker.java:checkAllVolumes(203)) - Scheduled health check for volume org.apache.hadoop.ozone.container.common.volume.HddsVolume@4245bf68
2019-08-28 20:35:14,032 [main] INFO  impl.RaftServerProxy (ConfUtils.java:logGet(43)) - raft.rpc.type = GRPC (default)
2019-08-28 20:35:14,032 [main] INFO  grpc.GrpcFactory (GrpcFactory.java:checkPooledByteBufAllocatorUseCacheForAllThreads(45)) - PERFORMANCE WARNING: useCacheForAllThreads is true that may cause Netty to create a lot garbage objects and, as a result, trigger GC.
	It is recommended to disable useCacheForAllThreads by setting -Dorg.apache.ratis.thirdparty.io.netty.allocator.useCacheForAllThreads=false in command line.
2019-08-28 20:35:14,032 [main] INFO  grpc.GrpcConfigKeys$Server (ConfUtils.java:logGet(43)) - raft.grpc.server.port = 0 (default)
2019-08-28 20:35:14,033 [main] INFO  server.GrpcService (ConfUtils.java:logGet(43)) - raft.grpc.message.size.max = 33570816 (custom)
2019-08-28 20:35:14,033 [main] INFO  server.RaftServerConfigKeys (ConfUtils.java:logGet(43)) - raft.server.log.appender.buffer.byte-limit = 33554432 (custom)
2019-08-28 20:35:14,033 [main] INFO  server.GrpcService (ConfUtils.java:logGet(43)) - raft.grpc.flow.control.window = 1MB (=1048576) (default)
2019-08-28 20:35:14,033 [main] INFO  server.RaftServerConfigKeys (ConfUtils.java:logGet(43)) - raft.server.rpc.request.timeout = 3000ms (default)
2019-08-28 20:35:14,034 [main] INFO  server.RaftServerConfigKeys (ConfUtils.java:logGet(43)) - raft.server.storage.dir = [/workdir/hadoop-ozone/integration-test/target/test-dir/MiniOzoneClusterImpl-9f674b4b-7f24-464f-99b8-bd3e1a4ceab8/datanode-6/data/ratis] (custom)
2019-08-28 20:35:14,034 [main] INFO  replication.SimpleContainerDownloader (SimpleContainerDownloader.java:<init>(72)) - Starting container downloader service to copy containers to replicate.
2019-08-28 20:35:14,036 [main] INFO  hdfs.DFSUtil (DFSUtil.java:httpServerTemplateForNNAndJN(1641)) - Starting Web-server for hddsDatanode at: http://0.0.0.0:0
2019-08-28 20:35:14,038 [main] INFO  server.AuthenticationFilter (AuthenticationFilter.java:constructSecretProvider(240)) - Unable to initialize FileSignerSecretProvider, falling back to use random secrets.
2019-08-28 20:35:14,038 [main] WARN  http.HttpRequestLog (HttpRequestLog.java:getRequestLog(97)) - Jetty request log can only be enabled using Log4j
2019-08-28 20:35:14,041 [main] INFO  http.HttpServer2 (HttpServer2.java:addGlobalFilter(975)) - Added global filter 'safety' (class=org.apache.hadoop.http.HttpServer2$QuotingInputFilter)
2019-08-28 20:35:14,042 [main] INFO  http.HttpServer2 (HttpServer2.java:addFilter(948)) - Added filter static_user_filter (class=org.apache.hadoop.http.lib.StaticUserWebFilter$StaticUserFilter) to context hddsDatanode
2019-08-28 20:35:14,042 [main] INFO  http.HttpServer2 (HttpServer2.java:addFilter(958)) - Added filter static_user_filter (class=org.apache.hadoop.http.lib.StaticUserWebFilter$StaticUserFilter) to context static
2019-08-28 20:35:14,043 [main] INFO  http.HttpServer2 (HttpServer2.java:addFilter(958)) - Added filter static_user_filter (class=org.apache.hadoop.http.lib.StaticUserWebFilter$StaticUserFilter) to context logs
2019-08-28 20:35:14,044 [main] INFO  http.HttpServer2 (HttpServer2.java:bindListener(1191)) - Jetty bound to port 41262
2019-08-28 20:35:14,044 [main] INFO  server.Server (Server.java:doStart(351)) - jetty-9.3.24.v20180605, build timestamp: 2018-06-05T17:11:56Z, git hash: 84205aa28f11a4f31f2a3b86d1bba2cc8ab69827
2019-08-28 20:35:14,046 [main] INFO  handler.ContextHandler (ContextHandler.java:doStart(781)) - Started o.e.j.s.ServletContextHandler@2315052d{/logs,file:///workdir/hadoop-ozone/integration-test/target/log,AVAILABLE}
2019-08-28 20:35:14,047 [main] INFO  handler.ContextHandler (ContextHandler.java:doStart(781)) - Started o.e.j.s.ServletContextHandler@67d8faec{/static,jar:file:/home/user/.m2/repository/org/apache/hadoop/hadoop-hdds-container-service/0.5.0-SNAPSHOT/hadoop-hdds-container-service-0.5.0-SNAPSHOT.jar!/webapps/static,AVAILABLE}
2019-08-28 20:35:14,090 [main] INFO  handler.ContextHandler (ContextHandler.java:doStart(781)) - Started o.e.j.w.WebAppContext@1b46392c{/,file:///tmp/jetty-0.0.0.0-41262-hddsDatanode-_-any-2988138142046774232.dir/webapp/,AVAILABLE}{/hddsDatanode}
2019-08-28 20:35:14,091 [main] INFO  server.AbstractConnector (AbstractConnector.java:doStart(278)) - Started ServerConnector@cf01c2e{HTTP/1.1,[http/1.1]}{0.0.0.0:41262}
2019-08-28 20:35:14,097 [main] INFO  server.Server (Server.java:doStart(419)) - Started @596707ms
2019-08-28 20:35:14,098 [main] INFO  server.BaseHttpServer (BaseHttpServer.java:updateConnectorAddress(226)) - HTTP server of HDDSDATANODE is listening at http://0.0.0.0:41262
2019-08-28 20:35:14,099 [main] INFO  ozone.MiniOzoneClusterImpl (MiniOzoneClusterImpl.java:lambda$waitForClusterToBeReady$0(140)) - Waiting for cluster to be ready. Got 0 of 7 DN Heartbeats.
2019-08-28 20:35:14,100 [org.apache.hadoop.util.JvmPauseMonitor$Monitor@3f66e4b9] INFO  util.JvmPauseMonitor (JvmPauseMonitor.java:run(188)) - Starting JVM pause monitor
2019-08-28 20:35:14,101 [Datanode State Machine Thread - 0] INFO  datanode.InitDatanodeState (InitDatanodeState.java:persistContainerDatanodeDetails(140)) - DatanodeDetails is persisted to /workdir/hadoop-ozone/integration-test/target/test-dir/MiniOzoneClusterImpl-9f674b4b-7f24-464f-99b8-bd3e1a4ceab8/datanode-6/meta/datanode.id
2019-08-28 20:35:15,099 [main] INFO  ozone.MiniOzoneClusterImpl (MiniOzoneClusterImpl.java:lambda$waitForClusterToBeReady$0(140)) - Waiting for cluster to be ready. Got 0 of 7 DN Heartbeats.
2019-08-28 20:35:15,678 | INFO  | SCMAudit | user=jenkins1000 | ip=192.168.5.177 | op=GET_VERSION null | ret=SUCCESS |  
2019-08-28 20:35:15,694 [Datanode State Machine Thread - 0] INFO  ozoneimpl.OzoneContainer (OzoneContainer.java:start(201)) - Attempting to start container services.
2019-08-28 20:35:15,694 [Datanode State Machine Thread - 0] INFO  ozoneimpl.OzoneContainer (OzoneContainer.java:startContainerScrub(175)) - Background container scrubber has been disabled by hdds.containerscrub.enabled
2019-08-28 20:35:15,695 [Datanode State Machine Thread - 0] INFO  ratis.XceiverServerRatis (XceiverServerRatis.java:start(393)) - Starting XceiverServerRatis 7428f0d9-f26c-473b-bcbc-c327f695592c at port 0
2019-08-28 20:35:15,702 [Datanode State Machine Thread - 0] INFO  impl.RaftServerProxy (RaftServerProxy.java:lambda$start$3(299)) - 7428f0d9-f26c-473b-bcbc-c327f695592c: start RPC server
2019-08-28 20:35:15,704 [Datanode State Machine Thread - 0] INFO  server.GrpcService (GrpcService.java:startImpl(149)) - 7428f0d9-f26c-473b-bcbc-c327f695592c: GrpcService started, listening on 0.0.0.0/0.0.0.0:43772
2019-08-28 20:35:15,705 [Datanode State Machine Thread - 0] INFO  ratis.XceiverServerRatis (XceiverServerRatis.java:start(403)) - XceiverServerRatis 7428f0d9-f26c-473b-bcbc-c327f695592c is started using port 43772
2019-08-28 20:35:15,705 [Datanode State Machine Thread - 0] INFO  server.XceiverServerGrpc (XceiverServerGrpc.java:start(163)) - XceiverServerGrpc 7428f0d9-f26c-473b-bcbc-c327f695592c is started using port 37203
2019-08-28 20:35:15,746 | INFO  | SCMAudit | user=jenkins1000 | ip=192.168.5.177 | op=GET_VERSION null | ret=SUCCESS |  
2019-08-28 20:35:15,761 [Datanode State Machine Thread - 0] INFO  ozoneimpl.OzoneContainer (OzoneContainer.java:start(201)) - Attempting to start container services.
2019-08-28 20:35:15,761 [Datanode State Machine Thread - 0] INFO  ozoneimpl.OzoneContainer (OzoneContainer.java:startContainerScrub(175)) - Background container scrubber has been disabled by hdds.containerscrub.enabled
2019-08-28 20:35:15,762 [Datanode State Machine Thread - 0] INFO  ratis.XceiverServerRatis (XceiverServerRatis.java:start(393)) - Starting XceiverServerRatis 87d438d6-67b9-4b7c-91be-dfc928839b42 at port 0
2019-08-28 20:35:15,769 [Datanode State Machine Thread - 0] INFO  impl.RaftServerProxy (RaftServerProxy.java:lambda$start$3(299)) - 87d438d6-67b9-4b7c-91be-dfc928839b42: start RPC server
2019-08-28 20:35:15,770 [Datanode State Machine Thread - 0] INFO  server.GrpcService (GrpcService.java:startImpl(149)) - 87d438d6-67b9-4b7c-91be-dfc928839b42: GrpcService started, listening on 0.0.0.0/0.0.0.0:40307
2019-08-28 20:35:15,770 [Datanode State Machine Thread - 0] INFO  ratis.XceiverServerRatis (XceiverServerRatis.java:start(403)) - XceiverServerRatis 87d438d6-67b9-4b7c-91be-dfc928839b42 is started using port 40307
2019-08-28 20:35:15,770 [Datanode State Machine Thread - 0] INFO  server.XceiverServerGrpc (XceiverServerGrpc.java:start(163)) - XceiverServerGrpc 87d438d6-67b9-4b7c-91be-dfc928839b42 is started using port 35454
2019-08-28 20:35:15,809 | INFO  | SCMAudit | user=jenkins1000 | ip=192.168.5.177 | op=GET_VERSION null | ret=SUCCESS |  
2019-08-28 20:35:15,822 [Datanode State Machine Thread - 0] INFO  ozoneimpl.OzoneContainer (OzoneContainer.java:start(201)) - Attempting to start container services.
2019-08-28 20:35:15,822 [Datanode State Machine Thread - 0] INFO  ozoneimpl.OzoneContainer (OzoneContainer.java:startContainerScrub(175)) - Background container scrubber has been disabled by hdds.containerscrub.enabled
2019-08-28 20:35:15,822 [Datanode State Machine Thread - 0] INFO  ratis.XceiverServerRatis (XceiverServerRatis.java:start(393)) - Starting XceiverServerRatis 7fec90bb-c54b-43b1-bf43-d7f2b2685c16 at port 0
2019-08-28 20:35:15,830 [Datanode State Machine Thread - 0] INFO  impl.RaftServerProxy (RaftServerProxy.java:lambda$start$3(299)) - 7fec90bb-c54b-43b1-bf43-d7f2b2685c16: start RPC server
2019-08-28 20:35:15,832 [Datanode State Machine Thread - 0] INFO  server.GrpcService (GrpcService.java:startImpl(149)) - 7fec90bb-c54b-43b1-bf43-d7f2b2685c16: GrpcService started, listening on 0.0.0.0/0.0.0.0:39499
2019-08-28 20:35:15,832 [Datanode State Machine Thread - 0] INFO  ratis.XceiverServerRatis (XceiverServerRatis.java:start(403)) - XceiverServerRatis 7fec90bb-c54b-43b1-bf43-d7f2b2685c16 is started using port 39499
2019-08-28 20:35:15,833 [Datanode State Machine Thread - 0] INFO  server.XceiverServerGrpc (XceiverServerGrpc.java:start(163)) - XceiverServerGrpc 7fec90bb-c54b-43b1-bf43-d7f2b2685c16 is started using port 41229
2019-08-28 20:35:15,884 | INFO  | SCMAudit | user=jenkins1000 | ip=192.168.5.177 | op=GET_VERSION null | ret=SUCCESS |  
2019-08-28 20:35:15,898 [Datanode State Machine Thread - 0] INFO  ozoneimpl.OzoneContainer (OzoneContainer.java:start(201)) - Attempting to start container services.
2019-08-28 20:35:15,898 [Datanode State Machine Thread - 0] INFO  ozoneimpl.OzoneContainer (OzoneContainer.java:startContainerScrub(175)) - Background container scrubber has been disabled by hdds.containerscrub.enabled
2019-08-28 20:35:15,898 [Datanode State Machine Thread - 0] INFO  ratis.XceiverServerRatis (XceiverServerRatis.java:start(393)) - Starting XceiverServerRatis a907af4d-6e9b-43fc-a46a-782566b871fb at port 0
2019-08-28 20:35:15,906 [Datanode State Machine Thread - 0] INFO  impl.RaftServerProxy (RaftServerProxy.java:lambda$start$3(299)) - a907af4d-6e9b-43fc-a46a-782566b871fb: start RPC server
2019-08-28 20:35:15,907 [Datanode State Machine Thread - 0] INFO  server.GrpcService (GrpcService.java:startImpl(149)) - a907af4d-6e9b-43fc-a46a-782566b871fb: GrpcService started, listening on 0.0.0.0/0.0.0.0:32994
2019-08-28 20:35:15,907 [Datanode State Machine Thread - 0] INFO  ratis.XceiverServerRatis (XceiverServerRatis.java:start(403)) - XceiverServerRatis a907af4d-6e9b-43fc-a46a-782566b871fb is started using port 32994
2019-08-28 20:35:15,908 [Datanode State Machine Thread - 0] INFO  server.XceiverServerGrpc (XceiverServerGrpc.java:start(163)) - XceiverServerGrpc a907af4d-6e9b-43fc-a46a-782566b871fb is started using port 40034
2019-08-28 20:35:15,946 | INFO  | SCMAudit | user=jenkins1000 | ip=192.168.5.177 | op=GET_VERSION null | ret=SUCCESS |  
2019-08-28 20:35:15,960 [Datanode State Machine Thread - 0] INFO  ozoneimpl.OzoneContainer (OzoneContainer.java:start(201)) - Attempting to start container services.
2019-08-28 20:35:15,960 [Datanode State Machine Thread - 0] INFO  ozoneimpl.OzoneContainer (OzoneContainer.java:startContainerScrub(175)) - Background container scrubber has been disabled by hdds.containerscrub.enabled
2019-08-28 20:35:15,960 [Datanode State Machine Thread - 0] INFO  ratis.XceiverServerRatis (XceiverServerRatis.java:start(393)) - Starting XceiverServerRatis 0e29188f-1bda-4147-b1c2-d5dce43dc229 at port 0
2019-08-28 20:35:15,971 [Datanode State Machine Thread - 0] INFO  impl.RaftServerProxy (RaftServerProxy.java:lambda$start$3(299)) - 0e29188f-1bda-4147-b1c2-d5dce43dc229: start RPC server
2019-08-28 20:35:15,972 [Datanode State Machine Thread - 0] INFO  server.GrpcService (GrpcService.java:startImpl(149)) - 0e29188f-1bda-4147-b1c2-d5dce43dc229: GrpcService started, listening on 0.0.0.0/0.0.0.0:37741
2019-08-28 20:35:15,972 [Datanode State Machine Thread - 0] INFO  ratis.XceiverServerRatis (XceiverServerRatis.java:start(403)) - XceiverServerRatis 0e29188f-1bda-4147-b1c2-d5dce43dc229 is started using port 37741
2019-08-28 20:35:15,973 [Datanode State Machine Thread - 0] INFO  server.XceiverServerGrpc (XceiverServerGrpc.java:start(163)) - XceiverServerGrpc 0e29188f-1bda-4147-b1c2-d5dce43dc229 is started using port 43347
2019-08-28 20:35:16,009 | INFO  | SCMAudit | user=jenkins1000 | ip=192.168.5.177 | op=GET_VERSION null | ret=SUCCESS |  
2019-08-28 20:35:16,023 [Datanode State Machine Thread - 0] INFO  ozoneimpl.OzoneContainer (OzoneContainer.java:start(201)) - Attempting to start container services.
2019-08-28 20:35:16,023 [Datanode State Machine Thread - 0] INFO  ozoneimpl.OzoneContainer (OzoneContainer.java:startContainerScrub(175)) - Background container scrubber has been disabled by hdds.containerscrub.enabled
2019-08-28 20:35:16,024 [Datanode State Machine Thread - 0] INFO  ratis.XceiverServerRatis (XceiverServerRatis.java:start(393)) - Starting XceiverServerRatis 80e4eca2-6bb1-4714-bd4e-8b731fcc1ced at port 0
2019-08-28 20:35:16,034 [Datanode State Machine Thread - 0] INFO  impl.RaftServerProxy (RaftServerProxy.java:lambda$start$3(299)) - 80e4eca2-6bb1-4714-bd4e-8b731fcc1ced: start RPC server
2019-08-28 20:35:16,035 [Datanode State Machine Thread - 0] INFO  server.GrpcService (GrpcService.java:startImpl(149)) - 80e4eca2-6bb1-4714-bd4e-8b731fcc1ced: GrpcService started, listening on 0.0.0.0/0.0.0.0:34228
2019-08-28 20:35:16,035 [Datanode State Machine Thread - 0] INFO  ratis.XceiverServerRatis (XceiverServerRatis.java:start(403)) - XceiverServerRatis 80e4eca2-6bb1-4714-bd4e-8b731fcc1ced is started using port 34228
2019-08-28 20:35:16,036 [Datanode State Machine Thread - 0] INFO  server.XceiverServerGrpc (XceiverServerGrpc.java:start(163)) - XceiverServerGrpc 80e4eca2-6bb1-4714-bd4e-8b731fcc1ced is started using port 42611
2019-08-28 20:35:16,100 [main] INFO  ozone.MiniOzoneClusterImpl (MiniOzoneClusterImpl.java:lambda$waitForClusterToBeReady$0(140)) - Waiting for cluster to be ready. Got 0 of 7 DN Heartbeats.
2019-08-28 20:35:16,101 | INFO  | SCMAudit | user=jenkins1000 | ip=192.168.5.177 | op=GET_VERSION null | ret=SUCCESS |  
2019-08-28 20:35:16,114 [Datanode State Machine Thread - 0] INFO  ozoneimpl.OzoneContainer (OzoneContainer.java:start(201)) - Attempting to start container services.
2019-08-28 20:35:16,114 [Datanode State Machine Thread - 0] INFO  ozoneimpl.OzoneContainer (OzoneContainer.java:startContainerScrub(175)) - Background container scrubber has been disabled by hdds.containerscrub.enabled
2019-08-28 20:35:16,114 [Datanode State Machine Thread - 0] INFO  ratis.XceiverServerRatis (XceiverServerRatis.java:start(393)) - Starting XceiverServerRatis ae3047cd-3e29-40a9-854d-dcce9cae807a at port 0
2019-08-28 20:35:16,122 [Datanode State Machine Thread - 0] INFO  impl.RaftServerProxy (RaftServerProxy.java:lambda$start$3(299)) - ae3047cd-3e29-40a9-854d-dcce9cae807a: start RPC server
2019-08-28 20:35:16,126 [Datanode State Machine Thread - 0] INFO  server.GrpcService (GrpcService.java:startImpl(149)) - ae3047cd-3e29-40a9-854d-dcce9cae807a: GrpcService started, listening on 0.0.0.0/0.0.0.0:39769
2019-08-28 20:35:16,126 [Datanode State Machine Thread - 0] INFO  ratis.XceiverServerRatis (XceiverServerRatis.java:start(403)) - XceiverServerRatis ae3047cd-3e29-40a9-854d-dcce9cae807a is started using port 39769
2019-08-28 20:35:16,127 [Datanode State Machine Thread - 0] INFO  server.XceiverServerGrpc (XceiverServerGrpc.java:start(163)) - XceiverServerGrpc ae3047cd-3e29-40a9-854d-dcce9cae807a is started using port 38971
2019-08-28 20:35:17,100 [main] INFO  ozone.MiniOzoneClusterImpl (MiniOzoneClusterImpl.java:lambda$waitForClusterToBeReady$0(140)) - Waiting for cluster to be ready. Got 0 of 7 DN Heartbeats.
2019-08-28 20:35:17,679 [IPC Server handler 2 on 39826] INFO  net.NetworkTopology (NetworkTopologyImpl.java:add(110)) - Added a new node: /default-rack/7428f0d9-f26c-473b-bcbc-c327f695592c
2019-08-28 20:35:17,682 [IPC Server handler 2 on 39826] INFO  node.SCMNodeManager (SCMNodeManager.java:register(273)) - Registered Data node : 7428f0d9-f26c-473b-bcbc-c327f695592c{ip: 192.168.5.177, host: pr-hdds-2051-mwr8n-2748524799, networkLocation: /default-rack, certSerialId: null}
2019-08-28 20:35:17,683 [EventQueue-NodeRegistrationContainerReportForDataNodeSafeModeRule] INFO  safemode.SCMSafeModeManager (DataNodeSafeModeRule.java:process(71)) - SCM in safe mode. 1 DataNodes registered, 1 required.
2019-08-28 20:35:17,683 | INFO  | SCMAudit | user=jenkins1000 | ip=192.168.5.177 | op=REGISTER {datanodeDetails=7428f0d9-f26c-473b-bcbc-c327f695592c{ip: 192.168.5.177, host: pr-hdds-2051-mwr8n-2748524799, networkLocation: /default-rack, certSerialId: null}} | ret=SUCCESS |  
2019-08-28 20:35:17,686 [EventQueue-NodeRegistrationContainerReportForDataNodeSafeModeRule] INFO  safemode.SCMSafeModeManager (SCMSafeModeManager.java:validateSafeModeExitRules(177)) - ScmSafeModeManager, all rules are successfully validated
2019-08-28 20:35:17,686 [EventQueue-NodeRegistrationContainerReportForDataNodeSafeModeRule] INFO  safemode.SCMSafeModeManager (SCMSafeModeManager.java:exitSafeMode(193)) - SCM exiting safe mode.
2019-08-28 20:35:17,699 [grpc-default-executor-8] INFO  impl.RaftServerProxy (RaftServerProxy.java:addNew(89)) - 7428f0d9-f26c-473b-bcbc-c327f695592c: addNew group-E389D758E98E:[7428f0d9-f26c-473b-bcbc-c327f695592c:192.168.5.177:43772] returns group-E389D758E98E:java.util.concurrent.CompletableFuture@7df290ea[Not completed]
2019-08-28 20:35:17,702 [pool-439-thread-1] INFO  impl.RaftServerImpl (RaftServerImpl.java:<init>(93)) - 7428f0d9-f26c-473b-bcbc-c327f695592c: new RaftServerImpl for group-E389D758E98E:[7428f0d9-f26c-473b-bcbc-c327f695592c:192.168.5.177:43772] with ContainerStateMachine:uninitialized
2019-08-28 20:35:17,702 [pool-439-thread-1] INFO  server.RaftServerConfigKeys (ConfUtils.java:logGet(43)) - raft.server.rpc.timeout.min = 5s (custom)
2019-08-28 20:35:17,702 [pool-439-thread-1] INFO  server.RaftServerConfigKeys (ConfUtils.java:logGet(43)) - raft.server.rpc.timeout.max = 5200ms (custom)
2019-08-28 20:35:17,702 [pool-439-thread-1] INFO  server.RaftServerConfigKeys (ConfUtils.java:logGet(43)) - raft.server.rpcslowness.timeout = 120s (custom)
2019-08-28 20:35:17,702 [pool-439-thread-1] INFO  server.RaftServerConfigKeys (ConfUtils.java:logGet(43)) - raft.server.sleep.deviation.threshold = 300 (default)
2019-08-28 20:35:17,702 [pool-439-thread-1] INFO  server.RaftServerConfigKeys (ConfUtils.java:logGet(43)) - raft.server.log.appender.install.snapshot.enabled = false (custom)
2019-08-28 20:35:17,703 [pool-439-thread-1] INFO  impl.RaftServerImpl (ServerState.java:<init>(105)) - 7428f0d9-f26c-473b-bcbc-c327f695592c:group-E389D758E98E ConfigurationManager, init=-1: [7428f0d9-f26c-473b-bcbc-c327f695592c:192.168.5.177:43772], old=null, confs=<EMPTY_MAP>
2019-08-28 20:35:17,703 [pool-439-thread-1] INFO  server.RaftServerConfigKeys (ConfUtils.java:logGet(43)) - raft.server.storage.dir = [/workdir/hadoop-ozone/integration-test/target/test-dir/MiniOzoneClusterImpl-9f674b4b-7f24-464f-99b8-bd3e1a4ceab8/datanode-0/data/ratis] (custom)
2019-08-28 20:35:17,704 [pool-439-thread-1] INFO  storage.RaftStorageDirectory (RaftStorageDirectory.java:analyzeStorage(246)) - The storage directory /workdir/hadoop-ozone/integration-test/target/test-dir/MiniOzoneClusterImpl-9f674b4b-7f24-464f-99b8-bd3e1a4ceab8/datanode-0/data/ratis/46302ca2-fde8-499e-8c9a-e389d758e98e does not exist. Creating ...
2019-08-28 20:35:17,716 [pool-439-thread-1] INFO  storage.RaftStorageDirectory (RaftStorageDirectory.java:tryLock(328)) - Lock on /workdir/hadoop-ozone/integration-test/target/test-dir/MiniOzoneClusterImpl-9f674b4b-7f24-464f-99b8-bd3e1a4ceab8/datanode-0/data/ratis/46302ca2-fde8-499e-8c9a-e389d758e98e/in_use.lock acquired by nodename 28934@pr-hdds-2051-mwr8n-2748524799
2019-08-28 20:35:17,725 [pool-439-thread-1] INFO  storage.RaftStorage (RaftStorage.java:format(72)) - Storage directory /workdir/hadoop-ozone/integration-test/target/test-dir/MiniOzoneClusterImpl-9f674b4b-7f24-464f-99b8-bd3e1a4ceab8/datanode-0/data/ratis/46302ca2-fde8-499e-8c9a-e389d758e98e has been successfully formatted.
2019-08-28 20:35:17,725 [pool-439-thread-1] INFO  ratis.ContainerStateMachine (ContainerStateMachine.java:loadSnapshot(227)) - group-E389D758E98E: The snapshot info is null. Setting the last applied indexto:(t:0, i:~)
2019-08-28 20:35:17,725 [pool-439-thread-1] INFO  server.RaftServerConfigKeys (ConfUtils.java:logGet(43)) - raft.server.leader.election.timeout = 120s (custom)
2019-08-28 20:35:17,726 [pool-439-thread-1] INFO  server.RaftServerConfigKeys (ConfUtils.java:logGet(43)) - raft.server.log.use.memory = false (default)
2019-08-28 20:35:17,726 [pool-439-thread-1] INFO  server.RaftServerConfigKeys (ConfUtils.java:logGet(43)) - raft.server.log.purge.gap = 1000000 (custom)
2019-08-28 20:35:17,726 [pool-439-thread-1] INFO  server.RaftServerConfigKeys (ConfUtils.java:logGet(43)) - raft.server.log.appender.buffer.byte-limit = 33554432 (custom)
2019-08-28 20:35:17,726 [pool-439-thread-1] INFO  server.RaftServerConfigKeys (ConfUtils.java:logGet(43)) - raft.server.log.segment.size.max = 1048576 (custom)
2019-08-28 20:35:17,727 [pool-439-thread-1] INFO  server.RaftServerConfigKeys (ConfUtils.java:logGet(43)) - raft.server.log.segment.cache.num.max = 2 (custom)
2019-08-28 20:35:17,727 [pool-439-thread-1] INFO  segmented.SegmentedRaftLogWorker (SegmentedRaftLogWorker.java:<init>(172)) - new 7428f0d9-f26c-473b-bcbc-c327f695592c-SegmentedRaftLogWorker:Storage Directory /workdir/hadoop-ozone/integration-test/target/test-dir/MiniOzoneClusterImpl-9f674b4b-7f24-464f-99b8-bd3e1a4ceab8/datanode-0/data/ratis/46302ca2-fde8-499e-8c9a-e389d758e98e for RaftStorage:Storage Directory /workdir/hadoop-ozone/integration-test/target/test-dir/MiniOzoneClusterImpl-9f674b4b-7f24-464f-99b8-bd3e1a4ceab8/datanode-0/data/ratis/46302ca2-fde8-499e-8c9a-e389d758e98e
2019-08-28 20:35:17,727 [pool-439-thread-1] INFO  server.RaftServerConfigKeys (ConfUtils.java:logGet(43)) - raft.server.log.queue.byte-limit = 2147483647 (custom)
2019-08-28 20:35:17,727 [pool-439-thread-1] INFO  server.RaftServerConfigKeys (ConfUtils.java:logGet(43)) - raft.server.log.queue.element-limit = 1024 (custom)
2019-08-28 20:35:17,728 [pool-439-thread-1] INFO  server.RaftServerConfigKeys (ConfUtils.java:logGet(43)) - raft.server.log.segment.size.max = 1048576 (custom)
2019-08-28 20:35:17,728 [pool-439-thread-1] INFO  server.RaftServerConfigKeys (ConfUtils.java:logGet(43)) - raft.server.log.preallocated.size = 16384 (custom)
2019-08-28 20:35:17,728 [pool-439-thread-1] INFO  server.RaftServerConfigKeys (ConfUtils.java:logGet(43)) - raft.server.log.write.buffer.size = 33554432 (custom)
2019-08-28 20:35:17,728 [pool-439-thread-1] INFO  server.RaftServerConfigKeys (ConfUtils.java:logGet(43)) - raft.server.log.force.sync.num = 128 (default)
2019-08-28 20:35:17,728 [pool-439-thread-1] INFO  server.RaftServerConfigKeys (ConfUtils.java:logGet(43)) - raft.server.log.statemachine.data.sync = true (default)
2019-08-28 20:35:17,729 [pool-439-thread-1] INFO  server.RaftServerConfigKeys (ConfUtils.java:logGet(43)) - raft.server.log.statemachine.data.sync.timeout = 10s (default)
2019-08-28 20:35:17,729 [pool-439-thread-1] INFO  server.RaftServerConfigKeys (ConfUtils.java:logGet(43)) - raft.server.log.statemachine.data.sync.timeout.retry = -1 (default)
2019-08-28 20:35:17,729 [pool-439-thread-1] INFO  server.RaftServerConfigKeys (ConfUtils.java:logGet(43)) - raft.server.log.statemachine.data.caching.enabled = true (custom)
2019-08-28 20:35:17,730 [pool-439-thread-1] INFO  segmented.SegmentedRaftLogWorker (SegmentedRaftLogWorker.java:lambda$new$0(132)) - 7428f0d9-f26c-473b-bcbc-c327f695592c-SegmentedRaftLogWorker:Storage Directory /workdir/hadoop-ozone/integration-test/target/test-dir/MiniOzoneClusterImpl-9f674b4b-7f24-464f-99b8-bd3e1a4ceab8/datanode-0/data/ratis/46302ca2-fde8-499e-8c9a-e389d758e98e: flushIndex: setUnconditionally 0 -> -1
2019-08-28 20:35:17,730 [pool-439-thread-1] INFO  server.RaftServerConfigKeys (ConfUtils.java:logGet(43)) - raft.server.snapshot.auto.trigger.enabled = true (custom)
2019-08-28 20:35:17,731 [pool-439-thread-1] INFO  server.RaftServerConfigKeys (ConfUtils.java:logGet(43)) - raft.server.snapshot.auto.trigger.threshold = 10000 (custom)
2019-08-28 20:35:17,731 [pool-439-thread-1] INFO  server.RaftServerConfigKeys (ConfUtils.java:logGet(43)) - raft.server.retrycache.expirytime = 600000ms (custom)
2019-08-28 20:35:17,731 [pool-439-thread-1] INFO  impl.RaftServerImpl (RaftServerImpl.java:start(180)) - 7428f0d9-f26c-473b-bcbc-c327f695592c: start group-E389D758E98E
2019-08-28 20:35:17,731 [pool-439-thread-1] INFO  impl.RaftServerImpl (RaftServerImpl.java:setRole(171)) - 7428f0d9-f26c-473b-bcbc-c327f695592c:group-E389D758E98E changes role from null to FOLLOWER at term 0 for startAsFollower
2019-08-28 20:35:17,732 [pool-439-thread-1] INFO  impl.RoleInfo (RoleInfo.java:updateAndGet(143)) - 7428f0d9-f26c-473b-bcbc-c327f695592c: start FollowerState
2019-08-28 20:35:17,732 [pool-439-thread-1] INFO  util.JmxRegister (JmxRegister.java:tryRegister(44)) - Successfully registered JMX Bean with object name Ratis:service=RaftServer,group=group-E389D758E98E,id=7428f0d9-f26c-473b-bcbc-c327f695592c
2019-08-28 20:35:17,737 [RatisPipelineUtilsThread] INFO  pipeline.PipelineStateManager (PipelineStateManager.java:addPipeline(56)) - Created pipeline Pipeline[ Id: 46302ca2-fde8-499e-8c9a-e389d758e98e, Nodes: 7428f0d9-f26c-473b-bcbc-c327f695592c{ip: 192.168.5.177, host: pr-hdds-2051-mwr8n-2748524799, networkLocation: /default-rack, certSerialId: null}, Type:RATIS, Factor:ONE, State:OPEN]
2019-08-28 20:35:17,746 [IPC Server handler 6 on 39826] INFO  net.NetworkTopology (NetworkTopologyImpl.java:add(110)) - Added a new node: /default-rack/87d438d6-67b9-4b7c-91be-dfc928839b42
2019-08-28 20:35:17,746 [IPC Server handler 6 on 39826] INFO  node.SCMNodeManager (SCMNodeManager.java:register(273)) - Registered Data node : 87d438d6-67b9-4b7c-91be-dfc928839b42{ip: 192.168.5.177, host: pr-hdds-2051-mwr8n-2748524799, networkLocation: /default-rack, certSerialId: null}
2019-08-28 20:35:17,747 | INFO  | SCMAudit | user=jenkins1000 | ip=192.168.5.177 | op=REGISTER {datanodeDetails=87d438d6-67b9-4b7c-91be-dfc928839b42{ip: 192.168.5.177, host: pr-hdds-2051-mwr8n-2748524799, networkLocation: /default-rack, certSerialId: null}} | ret=SUCCESS |  
2019-08-28 20:35:17,754 [grpc-default-executor-8] INFO  impl.RaftServerProxy (RaftServerProxy.java:addNew(89)) - 87d438d6-67b9-4b7c-91be-dfc928839b42: addNew group-2ACA3344CE5A:[87d438d6-67b9-4b7c-91be-dfc928839b42:192.168.5.177:40307] returns group-2ACA3344CE5A:java.util.concurrent.CompletableFuture@6548cefb[Not completed]
2019-08-28 20:35:17,755 [pool-450-thread-1] INFO  impl.RaftServerImpl (RaftServerImpl.java:<init>(93)) - 87d438d6-67b9-4b7c-91be-dfc928839b42: new RaftServerImpl for group-2ACA3344CE5A:[87d438d6-67b9-4b7c-91be-dfc928839b42:192.168.5.177:40307] with ContainerStateMachine:uninitialized
2019-08-28 20:35:17,755 [pool-450-thread-1] INFO  server.RaftServerConfigKeys (ConfUtils.java:logGet(43)) - raft.server.rpc.timeout.min = 5s (custom)
2019-08-28 20:35:17,755 [pool-450-thread-1] INFO  server.RaftServerConfigKeys (ConfUtils.java:logGet(43)) - raft.server.rpc.timeout.max = 5200ms (custom)
2019-08-28 20:35:17,755 [pool-450-thread-1] INFO  server.RaftServerConfigKeys (ConfUtils.java:logGet(43)) - raft.server.rpcslowness.timeout = 120s (custom)
2019-08-28 20:35:17,755 [pool-450-thread-1] INFO  server.RaftServerConfigKeys (ConfUtils.java:logGet(43)) - raft.server.sleep.deviation.threshold = 300 (default)
2019-08-28 20:35:17,755 [pool-450-thread-1] INFO  server.RaftServerConfigKeys (ConfUtils.java:logGet(43)) - raft.server.log.appender.install.snapshot.enabled = false (custom)
2019-08-28 20:35:17,756 [pool-450-thread-1] INFO  impl.RaftServerImpl (ServerState.java:<init>(105)) - 87d438d6-67b9-4b7c-91be-dfc928839b42:group-2ACA3344CE5A ConfigurationManager, init=-1: [87d438d6-67b9-4b7c-91be-dfc928839b42:192.168.5.177:40307], old=null, confs=<EMPTY_MAP>
2019-08-28 20:35:17,756 [pool-450-thread-1] INFO  server.RaftServerConfigKeys (ConfUtils.java:logGet(43)) - raft.server.storage.dir = [/workdir/hadoop-ozone/integration-test/target/test-dir/MiniOzoneClusterImpl-9f674b4b-7f24-464f-99b8-bd3e1a4ceab8/datanode-1/data/ratis] (custom)
2019-08-28 20:35:17,756 [pool-450-thread-1] INFO  storage.RaftStorageDirectory (RaftStorageDirectory.java:analyzeStorage(246)) - The storage directory /workdir/hadoop-ozone/integration-test/target/test-dir/MiniOzoneClusterImpl-9f674b4b-7f24-464f-99b8-bd3e1a4ceab8/datanode-1/data/ratis/8aee766e-3aa2-4b83-86f5-2aca3344ce5a does not exist. Creating ...
2019-08-28 20:35:17,769 [pool-450-thread-1] INFO  storage.RaftStorageDirectory (RaftStorageDirectory.java:tryLock(328)) - Lock on /workdir/hadoop-ozone/integration-test/target/test-dir/MiniOzoneClusterImpl-9f674b4b-7f24-464f-99b8-bd3e1a4ceab8/datanode-1/data/ratis/8aee766e-3aa2-4b83-86f5-2aca3344ce5a/in_use.lock acquired by nodename 28934@pr-hdds-2051-mwr8n-2748524799
2019-08-28 20:35:17,782 [pool-450-thread-1] INFO  storage.RaftStorage (RaftStorage.java:format(72)) - Storage directory /workdir/hadoop-ozone/integration-test/target/test-dir/MiniOzoneClusterImpl-9f674b4b-7f24-464f-99b8-bd3e1a4ceab8/datanode-1/data/ratis/8aee766e-3aa2-4b83-86f5-2aca3344ce5a has been successfully formatted.
2019-08-28 20:35:17,783 [pool-450-thread-1] INFO  ratis.ContainerStateMachine (ContainerStateMachine.java:loadSnapshot(227)) - group-2ACA3344CE5A: The snapshot info is null. Setting the last applied indexto:(t:0, i:~)
2019-08-28 20:35:17,783 [pool-450-thread-1] INFO  server.RaftServerConfigKeys (ConfUtils.java:logGet(43)) - raft.server.leader.election.timeout = 120s (custom)
2019-08-28 20:35:17,783 [pool-450-thread-1] INFO  server.RaftServerConfigKeys (ConfUtils.java:logGet(43)) - raft.server.log.use.memory = false (default)
2019-08-28 20:35:17,783 [pool-450-thread-1] INFO  server.RaftServerConfigKeys (ConfUtils.java:logGet(43)) - raft.server.log.purge.gap = 1000000 (custom)
2019-08-28 20:35:17,783 [pool-450-thread-1] INFO  server.RaftServerConfigKeys (ConfUtils.java:logGet(43)) - raft.server.log.appender.buffer.byte-limit = 33554432 (custom)
2019-08-28 20:35:17,783 [pool-450-thread-1] INFO  server.RaftServerConfigKeys (ConfUtils.java:logGet(43)) - raft.server.log.segment.size.max = 1048576 (custom)
2019-08-28 20:35:17,784 [pool-450-thread-1] INFO  server.RaftServerConfigKeys (ConfUtils.java:logGet(43)) - raft.server.log.segment.cache.num.max = 2 (custom)
2019-08-28 20:35:17,784 [pool-450-thread-1] INFO  segmented.SegmentedRaftLogWorker (SegmentedRaftLogWorker.java:<init>(172)) - new 87d438d6-67b9-4b7c-91be-dfc928839b42-SegmentedRaftLogWorker:Storage Directory /workdir/hadoop-ozone/integration-test/target/test-dir/MiniOzoneClusterImpl-9f674b4b-7f24-464f-99b8-bd3e1a4ceab8/datanode-1/data/ratis/8aee766e-3aa2-4b83-86f5-2aca3344ce5a for RaftStorage:Storage Directory /workdir/hadoop-ozone/integration-test/target/test-dir/MiniOzoneClusterImpl-9f674b4b-7f24-464f-99b8-bd3e1a4ceab8/datanode-1/data/ratis/8aee766e-3aa2-4b83-86f5-2aca3344ce5a
2019-08-28 20:35:17,784 [pool-450-thread-1] INFO  server.RaftServerConfigKeys (ConfUtils.java:logGet(43)) - raft.server.log.queue.byte-limit = 2147483647 (custom)
2019-08-28 20:35:17,784 [pool-450-thread-1] INFO  server.RaftServerConfigKeys (ConfUtils.java:logGet(43)) - raft.server.log.queue.element-limit = 1024 (custom)
2019-08-28 20:35:17,784 [pool-450-thread-1] INFO  server.RaftServerConfigKeys (ConfUtils.java:logGet(43)) - raft.server.log.segment.size.max = 1048576 (custom)
2019-08-28 20:35:17,784 [pool-450-thread-1] INFO  server.RaftServerConfigKeys (ConfUtils.java:logGet(43)) - raft.server.log.preallocated.size = 16384 (custom)
2019-08-28 20:35:17,785 [pool-450-thread-1] INFO  server.RaftServerConfigKeys (ConfUtils.java:logGet(43)) - raft.server.log.write.buffer.size = 33554432 (custom)
2019-08-28 20:35:17,785 [pool-450-thread-1] INFO  server.RaftServerConfigKeys (ConfUtils.java:logGet(43)) - raft.server.log.force.sync.num = 128 (default)
2019-08-28 20:35:17,785 [pool-450-thread-1] INFO  server.RaftServerConfigKeys (ConfUtils.java:logGet(43)) - raft.server.log.statemachine.data.sync = true (default)
2019-08-28 20:35:17,785 [pool-450-thread-1] INFO  server.RaftServerConfigKeys (ConfUtils.java:logGet(43)) - raft.server.log.statemachine.data.sync.timeout = 10s (default)
2019-08-28 20:35:17,785 [pool-450-thread-1] INFO  server.RaftServerConfigKeys (ConfUtils.java:logGet(43)) - raft.server.log.statemachine.data.sync.timeout.retry = -1 (default)
2019-08-28 20:35:17,785 [pool-450-thread-1] INFO  server.RaftServerConfigKeys (ConfUtils.java:logGet(43)) - raft.server.log.statemachine.data.caching.enabled = true (custom)
2019-08-28 20:35:17,786 [pool-450-thread-1] INFO  segmented.SegmentedRaftLogWorker (SegmentedRaftLogWorker.java:lambda$new$0(132)) - 87d438d6-67b9-4b7c-91be-dfc928839b42-SegmentedRaftLogWorker:Storage Directory /workdir/hadoop-ozone/integration-test/target/test-dir/MiniOzoneClusterImpl-9f674b4b-7f24-464f-99b8-bd3e1a4ceab8/datanode-1/data/ratis/8aee766e-3aa2-4b83-86f5-2aca3344ce5a: flushIndex: setUnconditionally 0 -> -1
2019-08-28 20:35:17,786 [pool-450-thread-1] INFO  server.RaftServerConfigKeys (ConfUtils.java:logGet(43)) - raft.server.snapshot.auto.trigger.enabled = true (custom)
2019-08-28 20:35:17,786 [pool-450-thread-1] INFO  server.RaftServerConfigKeys (ConfUtils.java:logGet(43)) - raft.server.snapshot.auto.trigger.threshold = 10000 (custom)
2019-08-28 20:35:17,786 [pool-450-thread-1] INFO  server.RaftServerConfigKeys (ConfUtils.java:logGet(43)) - raft.server.retrycache.expirytime = 600000ms (custom)
2019-08-28 20:35:17,787 [pool-450-thread-1] INFO  impl.RaftServerImpl (RaftServerImpl.java:start(180)) - 87d438d6-67b9-4b7c-91be-dfc928839b42: start group-2ACA3344CE5A
2019-08-28 20:35:17,787 [pool-450-thread-1] INFO  impl.RaftServerImpl (RaftServerImpl.java:setRole(171)) - 87d438d6-67b9-4b7c-91be-dfc928839b42:group-2ACA3344CE5A changes role from null to FOLLOWER at term 0 for startAsFollower
2019-08-28 20:35:17,787 [pool-450-thread-1] INFO  impl.RoleInfo (RoleInfo.java:updateAndGet(143)) - 87d438d6-67b9-4b7c-91be-dfc928839b42: start FollowerState
2019-08-28 20:35:17,788 [pool-450-thread-1] INFO  util.JmxRegister (JmxRegister.java:tryRegister(44)) - Successfully registered JMX Bean with object name Ratis:service=RaftServer,group=group-2ACA3344CE5A,id=87d438d6-67b9-4b7c-91be-dfc928839b42
2019-08-28 20:35:17,790 [RatisPipelineUtilsThread] INFO  pipeline.PipelineStateManager (PipelineStateManager.java:addPipeline(56)) - Created pipeline Pipeline[ Id: 8aee766e-3aa2-4b83-86f5-2aca3344ce5a, Nodes: 87d438d6-67b9-4b7c-91be-dfc928839b42{ip: 192.168.5.177, host: pr-hdds-2051-mwr8n-2748524799, networkLocation: /default-rack, certSerialId: null}, Type:RATIS, Factor:ONE, State:OPEN]
2019-08-28 20:35:17,810 [IPC Server handler 4 on 39826] INFO  net.NetworkTopology (NetworkTopologyImpl.java:add(110)) - Added a new node: /default-rack/7fec90bb-c54b-43b1-bf43-d7f2b2685c16
2019-08-28 20:35:17,810 [IPC Server handler 4 on 39826] INFO  node.SCMNodeManager (SCMNodeManager.java:register(273)) - Registered Data node : 7fec90bb-c54b-43b1-bf43-d7f2b2685c16{ip: 192.168.5.177, host: pr-hdds-2051-mwr8n-2748524799, networkLocation: /default-rack, certSerialId: null}
2019-08-28 20:35:17,810 | INFO  | SCMAudit | user=jenkins1000 | ip=192.168.5.177 | op=REGISTER {datanodeDetails=7fec90bb-c54b-43b1-bf43-d7f2b2685c16{ip: 192.168.5.177, host: pr-hdds-2051-mwr8n-2748524799, networkLocation: /default-rack, certSerialId: null}} | ret=SUCCESS |  
2019-08-28 20:35:17,817 [grpc-default-executor-8] INFO  impl.RaftServerProxy (RaftServerProxy.java:addNew(89)) - 7fec90bb-c54b-43b1-bf43-d7f2b2685c16: addNew group-14565ADEBEF5:[7fec90bb-c54b-43b1-bf43-d7f2b2685c16:192.168.5.177:39499] returns group-14565ADEBEF5:java.util.concurrent.CompletableFuture@3e970f1f[Not completed]
2019-08-28 20:35:17,818 [pool-461-thread-1] INFO  impl.RaftServerImpl (RaftServerImpl.java:<init>(93)) - 7fec90bb-c54b-43b1-bf43-d7f2b2685c16: new RaftServerImpl for group-14565ADEBEF5:[7fec90bb-c54b-43b1-bf43-d7f2b2685c16:192.168.5.177:39499] with ContainerStateMachine:uninitialized
2019-08-28 20:35:17,818 [pool-461-thread-1] INFO  server.RaftServerConfigKeys (ConfUtils.java:logGet(43)) - raft.server.rpc.timeout.min = 5s (custom)
2019-08-28 20:35:17,819 [pool-461-thread-1] INFO  server.RaftServerConfigKeys (ConfUtils.java:logGet(43)) - raft.server.rpc.timeout.max = 5200ms (custom)
2019-08-28 20:35:17,819 [pool-461-thread-1] INFO  server.RaftServerConfigKeys (ConfUtils.java:logGet(43)) - raft.server.rpcslowness.timeout = 120s (custom)
2019-08-28 20:35:17,819 [pool-461-thread-1] INFO  server.RaftServerConfigKeys (ConfUtils.java:logGet(43)) - raft.server.sleep.deviation.threshold = 300 (default)
2019-08-28 20:35:17,819 [pool-461-thread-1] INFO  server.RaftServerConfigKeys (ConfUtils.java:logGet(43)) - raft.server.log.appender.install.snapshot.enabled = false (custom)
2019-08-28 20:35:17,819 [pool-461-thread-1] INFO  impl.RaftServerImpl (ServerState.java:<init>(105)) - 7fec90bb-c54b-43b1-bf43-d7f2b2685c16:group-14565ADEBEF5 ConfigurationManager, init=-1: [7fec90bb-c54b-43b1-bf43-d7f2b2685c16:192.168.5.177:39499], old=null, confs=<EMPTY_MAP>
2019-08-28 20:35:17,819 [pool-461-thread-1] INFO  server.RaftServerConfigKeys (ConfUtils.java:logGet(43)) - raft.server.storage.dir = [/workdir/hadoop-ozone/integration-test/target/test-dir/MiniOzoneClusterImpl-9f674b4b-7f24-464f-99b8-bd3e1a4ceab8/datanode-2/data/ratis] (custom)
2019-08-28 20:35:17,820 [pool-461-thread-1] INFO  storage.RaftStorageDirectory (RaftStorageDirectory.java:analyzeStorage(246)) - The storage directory /workdir/hadoop-ozone/integration-test/target/test-dir/MiniOzoneClusterImpl-9f674b4b-7f24-464f-99b8-bd3e1a4ceab8/datanode-2/data/ratis/790f80ea-3618-4023-958f-14565adebef5 does not exist. Creating ...
2019-08-28 20:35:17,832 [pool-461-thread-1] INFO  storage.RaftStorageDirectory (RaftStorageDirectory.java:tryLock(328)) - Lock on /workdir/hadoop-ozone/integration-test/target/test-dir/MiniOzoneClusterImpl-9f674b4b-7f24-464f-99b8-bd3e1a4ceab8/datanode-2/data/ratis/790f80ea-3618-4023-958f-14565adebef5/in_use.lock acquired by nodename 28934@pr-hdds-2051-mwr8n-2748524799
2019-08-28 20:35:17,844 [pool-461-thread-1] INFO  storage.RaftStorage (RaftStorage.java:format(72)) - Storage directory /workdir/hadoop-ozone/integration-test/target/test-dir/MiniOzoneClusterImpl-9f674b4b-7f24-464f-99b8-bd3e1a4ceab8/datanode-2/data/ratis/790f80ea-3618-4023-958f-14565adebef5 has been successfully formatted.
2019-08-28 20:35:17,844 [pool-461-thread-1] INFO  ratis.ContainerStateMachine (ContainerStateMachine.java:loadSnapshot(227)) - group-14565ADEBEF5: The snapshot info is null. Setting the last applied indexto:(t:0, i:~)
2019-08-28 20:35:17,844 [pool-461-thread-1] INFO  server.RaftServerConfigKeys (ConfUtils.java:logGet(43)) - raft.server.leader.election.timeout = 120s (custom)
2019-08-28 20:35:17,844 [pool-461-thread-1] INFO  server.RaftServerConfigKeys (ConfUtils.java:logGet(43)) - raft.server.log.use.memory = false (default)
2019-08-28 20:35:17,845 [pool-461-thread-1] INFO  server.RaftServerConfigKeys (ConfUtils.java:logGet(43)) - raft.server.log.purge.gap = 1000000 (custom)
2019-08-28 20:35:17,845 [pool-461-thread-1] INFO  server.RaftServerConfigKeys (ConfUtils.java:logGet(43)) - raft.server.log.appender.buffer.byte-limit = 33554432 (custom)
2019-08-28 20:35:17,845 [pool-461-thread-1] INFO  server.RaftServerConfigKeys (ConfUtils.java:logGet(43)) - raft.server.log.segment.size.max = 1048576 (custom)
2019-08-28 20:35:17,845 [pool-461-thread-1] INFO  server.RaftServerConfigKeys (ConfUtils.java:logGet(43)) - raft.server.log.segment.cache.num.max = 2 (custom)
2019-08-28 20:35:17,845 [pool-461-thread-1] INFO  segmented.SegmentedRaftLogWorker (SegmentedRaftLogWorker.java:<init>(172)) - new 7fec90bb-c54b-43b1-bf43-d7f2b2685c16-SegmentedRaftLogWorker:Storage Directory /workdir/hadoop-ozone/integration-test/target/test-dir/MiniOzoneClusterImpl-9f674b4b-7f24-464f-99b8-bd3e1a4ceab8/datanode-2/data/ratis/790f80ea-3618-4023-958f-14565adebef5 for RaftStorage:Storage Directory /workdir/hadoop-ozone/integration-test/target/test-dir/MiniOzoneClusterImpl-9f674b4b-7f24-464f-99b8-bd3e1a4ceab8/datanode-2/data/ratis/790f80ea-3618-4023-958f-14565adebef5
2019-08-28 20:35:17,846 [pool-461-thread-1] INFO  server.RaftServerConfigKeys (ConfUtils.java:logGet(43)) - raft.server.log.queue.byte-limit = 2147483647 (custom)
2019-08-28 20:35:17,846 [pool-461-thread-1] INFO  server.RaftServerConfigKeys (ConfUtils.java:logGet(43)) - raft.server.log.queue.element-limit = 1024 (custom)
2019-08-28 20:35:17,846 [pool-461-thread-1] INFO  server.RaftServerConfigKeys (ConfUtils.java:logGet(43)) - raft.server.log.segment.size.max = 1048576 (custom)
2019-08-28 20:35:17,846 [pool-461-thread-1] INFO  server.RaftServerConfigKeys (ConfUtils.java:logGet(43)) - raft.server.log.preallocated.size = 16384 (custom)
2019-08-28 20:35:17,846 [pool-461-thread-1] INFO  server.RaftServerConfigKeys (ConfUtils.java:logGet(43)) - raft.server.log.write.buffer.size = 33554432 (custom)
2019-08-28 20:35:17,846 [pool-461-thread-1] INFO  server.RaftServerConfigKeys (ConfUtils.java:logGet(43)) - raft.server.log.force.sync.num = 128 (default)
2019-08-28 20:35:17,847 [pool-461-thread-1] INFO  server.RaftServerConfigKeys (ConfUtils.java:logGet(43)) - raft.server.log.statemachine.data.sync = true (default)
2019-08-28 20:35:17,847 [pool-461-thread-1] INFO  server.RaftServerConfigKeys (ConfUtils.java:logGet(43)) - raft.server.log.statemachine.data.sync.timeout = 10s (default)
2019-08-28 20:35:17,847 [pool-461-thread-1] INFO  server.RaftServerConfigKeys (ConfUtils.java:logGet(43)) - raft.server.log.statemachine.data.sync.timeout.retry = -1 (default)
2019-08-28 20:35:17,847 [pool-461-thread-1] INFO  server.RaftServerConfigKeys (ConfUtils.java:logGet(43)) - raft.server.log.statemachine.data.caching.enabled = true (custom)
2019-08-28 20:35:17,848 [pool-461-thread-1] INFO  segmented.SegmentedRaftLogWorker (SegmentedRaftLogWorker.java:lambda$new$0(132)) - 7fec90bb-c54b-43b1-bf43-d7f2b2685c16-SegmentedRaftLogWorker:Storage Directory /workdir/hadoop-ozone/integration-test/target/test-dir/MiniOzoneClusterImpl-9f674b4b-7f24-464f-99b8-bd3e1a4ceab8/datanode-2/data/ratis/790f80ea-3618-4023-958f-14565adebef5: flushIndex: setUnconditionally 0 -> -1
2019-08-28 20:35:17,848 [pool-461-thread-1] INFO  server.RaftServerConfigKeys (ConfUtils.java:logGet(43)) - raft.server.snapshot.auto.trigger.enabled = true (custom)
2019-08-28 20:35:17,848 [pool-461-thread-1] INFO  server.RaftServerConfigKeys (ConfUtils.java:logGet(43)) - raft.server.snapshot.auto.trigger.threshold = 10000 (custom)
2019-08-28 20:35:17,848 [pool-461-thread-1] INFO  server.RaftServerConfigKeys (ConfUtils.java:logGet(43)) - raft.server.retrycache.expirytime = 600000ms (custom)
2019-08-28 20:35:17,849 [pool-461-thread-1] INFO  impl.RaftServerImpl (RaftServerImpl.java:start(180)) - 7fec90bb-c54b-43b1-bf43-d7f2b2685c16: start group-14565ADEBEF5
2019-08-28 20:35:17,849 [pool-461-thread-1] INFO  impl.RaftServerImpl (RaftServerImpl.java:setRole(171)) - 7fec90bb-c54b-43b1-bf43-d7f2b2685c16:group-14565ADEBEF5 changes role from null to FOLLOWER at term 0 for startAsFollower
2019-08-28 20:35:17,849 [pool-461-thread-1] INFO  impl.RoleInfo (RoleInfo.java:updateAndGet(143)) - 7fec90bb-c54b-43b1-bf43-d7f2b2685c16: start FollowerState
2019-08-28 20:35:17,849 [pool-461-thread-1] INFO  util.JmxRegister (JmxRegister.java:tryRegister(44)) - Successfully registered JMX Bean with object name Ratis:service=RaftServer,group=group-14565ADEBEF5,id=7fec90bb-c54b-43b1-bf43-d7f2b2685c16
2019-08-28 20:35:17,852 [RatisPipelineUtilsThread] INFO  pipeline.PipelineStateManager (PipelineStateManager.java:addPipeline(56)) - Created pipeline Pipeline[ Id: 790f80ea-3618-4023-958f-14565adebef5, Nodes: 7fec90bb-c54b-43b1-bf43-d7f2b2685c16{ip: 192.168.5.177, host: pr-hdds-2051-mwr8n-2748524799, networkLocation: /default-rack, certSerialId: null}, Type:RATIS, Factor:ONE, State:OPEN]
2019-08-28 20:35:17,864 [grpc-default-executor-10] INFO  impl.RaftServerProxy (RaftServerProxy.java:addNew(89)) - 7fec90bb-c54b-43b1-bf43-d7f2b2685c16: addNew group-D0AA1A9CB011:[7428f0d9-f26c-473b-bcbc-c327f695592c:192.168.5.177:43772, 87d438d6-67b9-4b7c-91be-dfc928839b42:192.168.5.177:40307, 7fec90bb-c54b-43b1-bf43-d7f2b2685c16:192.168.5.177:39499] returns group-D0AA1A9CB011:java.util.concurrent.CompletableFuture@31ce7c21[Not completed]
2019-08-28 20:35:17,865 [grpc-default-executor-11] INFO  impl.RaftServerProxy (RaftServerProxy.java:addNew(89)) - 7428f0d9-f26c-473b-bcbc-c327f695592c: addNew group-D0AA1A9CB011:[7428f0d9-f26c-473b-bcbc-c327f695592c:192.168.5.177:43772, 87d438d6-67b9-4b7c-91be-dfc928839b42:192.168.5.177:40307, 7fec90bb-c54b-43b1-bf43-d7f2b2685c16:192.168.5.177:39499] returns group-D0AA1A9CB011:java.util.concurrent.CompletableFuture@30d64105[Not completed]
2019-08-28 20:35:17,865 [grpc-default-executor-10] INFO  impl.RaftServerProxy (RaftServerProxy.java:addNew(89)) - 87d438d6-67b9-4b7c-91be-dfc928839b42: addNew group-D0AA1A9CB011:[7428f0d9-f26c-473b-bcbc-c327f695592c:192.168.5.177:43772, 87d438d6-67b9-4b7c-91be-dfc928839b42:192.168.5.177:40307, 7fec90bb-c54b-43b1-bf43-d7f2b2685c16:192.168.5.177:39499] returns group-D0AA1A9CB011:java.util.concurrent.CompletableFuture@303176ee[Not completed]
2019-08-28 20:35:17,866 [pool-461-thread-1] INFO  impl.RaftServerImpl (RaftServerImpl.java:<init>(93)) - 7fec90bb-c54b-43b1-bf43-d7f2b2685c16: new RaftServerImpl for group-D0AA1A9CB011:[7428f0d9-f26c-473b-bcbc-c327f695592c:192.168.5.177:43772, 87d438d6-67b9-4b7c-91be-dfc928839b42:192.168.5.177:40307, 7fec90bb-c54b-43b1-bf43-d7f2b2685c16:192.168.5.177:39499] with ContainerStateMachine:uninitialized
2019-08-28 20:35:17,866 [pool-461-thread-1] INFO  server.RaftServerConfigKeys (ConfUtils.java:logGet(43)) - raft.server.rpc.timeout.min = 5s (custom)
2019-08-28 20:35:17,866 [pool-461-thread-1] INFO  server.RaftServerConfigKeys (ConfUtils.java:logGet(43)) - raft.server.rpc.timeout.max = 5200ms (custom)
2019-08-28 20:35:17,866 [pool-461-thread-1] INFO  server.RaftServerConfigKeys (ConfUtils.java:logGet(43)) - raft.server.rpcslowness.timeout = 120s (custom)
2019-08-28 20:35:17,866 [pool-461-thread-1] INFO  server.RaftServerConfigKeys (ConfUtils.java:logGet(43)) - raft.server.sleep.deviation.threshold = 300 (default)
2019-08-28 20:35:17,866 [pool-461-thread-1] INFO  server.RaftServerConfigKeys (ConfUtils.java:logGet(43)) - raft.server.log.appender.install.snapshot.enabled = false (custom)
2019-08-28 20:35:17,866 [pool-439-thread-1] INFO  impl.RaftServerImpl (RaftServerImpl.java:<init>(93)) - 7428f0d9-f26c-473b-bcbc-c327f695592c: new RaftServerImpl for group-D0AA1A9CB011:[7428f0d9-f26c-473b-bcbc-c327f695592c:192.168.5.177:43772, 87d438d6-67b9-4b7c-91be-dfc928839b42:192.168.5.177:40307, 7fec90bb-c54b-43b1-bf43-d7f2b2685c16:192.168.5.177:39499] with ContainerStateMachine:uninitialized
2019-08-28 20:35:17,866 [pool-461-thread-1] INFO  impl.RaftServerImpl (ServerState.java:<init>(105)) - 7fec90bb-c54b-43b1-bf43-d7f2b2685c16:group-D0AA1A9CB011 ConfigurationManager, init=-1: [7428f0d9-f26c-473b-bcbc-c327f695592c:192.168.5.177:43772, 87d438d6-67b9-4b7c-91be-dfc928839b42:192.168.5.177:40307, 7fec90bb-c54b-43b1-bf43-d7f2b2685c16:192.168.5.177:39499], old=null, confs=<EMPTY_MAP>
2019-08-28 20:35:17,866 [pool-439-thread-1] INFO  server.RaftServerConfigKeys (ConfUtils.java:logGet(43)) - raft.server.rpc.timeout.min = 5s (custom)
2019-08-28 20:35:17,867 [pool-461-thread-1] INFO  server.RaftServerConfigKeys (ConfUtils.java:logGet(43)) - raft.server.storage.dir = [/workdir/hadoop-ozone/integration-test/target/test-dir/MiniOzoneClusterImpl-9f674b4b-7f24-464f-99b8-bd3e1a4ceab8/datanode-2/data/ratis] (custom)
2019-08-28 20:35:17,867 [pool-450-thread-1] INFO  impl.RaftServerImpl (RaftServerImpl.java:<init>(93)) - 87d438d6-67b9-4b7c-91be-dfc928839b42: new RaftServerImpl for group-D0AA1A9CB011:[7428f0d9-f26c-473b-bcbc-c327f695592c:192.168.5.177:43772, 87d438d6-67b9-4b7c-91be-dfc928839b42:192.168.5.177:40307, 7fec90bb-c54b-43b1-bf43-d7f2b2685c16:192.168.5.177:39499] with ContainerStateMachine:uninitialized
2019-08-28 20:35:17,867 [pool-439-thread-1] INFO  server.RaftServerConfigKeys (ConfUtils.java:logGet(43)) - raft.server.rpc.timeout.max = 5200ms (custom)
2019-08-28 20:35:17,867 [pool-461-thread-1] INFO  storage.RaftStorageDirectory (RaftStorageDirectory.java:analyzeStorage(246)) - The storage directory /workdir/hadoop-ozone/integration-test/target/test-dir/MiniOzoneClusterImpl-9f674b4b-7f24-464f-99b8-bd3e1a4ceab8/datanode-2/data/ratis/03328a2e-9ab0-4b4f-80b8-d0aa1a9cb011 does not exist. Creating ...
2019-08-28 20:35:17,867 [pool-450-thread-1] INFO  server.RaftServerConfigKeys (ConfUtils.java:logGet(43)) - raft.server.rpc.timeout.min = 5s (custom)
2019-08-28 20:35:17,867 [pool-439-thread-1] INFO  server.RaftServerConfigKeys (ConfUtils.java:logGet(43)) - raft.server.rpcslowness.timeout = 120s (custom)
2019-08-28 20:35:17,867 [pool-450-thread-1] INFO  server.RaftServerConfigKeys (ConfUtils.java:logGet(43)) - raft.server.rpc.timeout.max = 5200ms (custom)
2019-08-28 20:35:17,868 [pool-439-thread-1] INFO  server.RaftServerConfigKeys (ConfUtils.java:logGet(43)) - raft.server.sleep.deviation.threshold = 300 (default)
2019-08-28 20:35:17,868 [pool-450-thread-1] INFO  server.RaftServerConfigKeys (ConfUtils.java:logGet(43)) - raft.server.rpcslowness.timeout = 120s (custom)
2019-08-28 20:35:17,868 [pool-439-thread-1] INFO  server.RaftServerConfigKeys (ConfUtils.java:logGet(43)) - raft.server.log.appender.install.snapshot.enabled = false (custom)
2019-08-28 20:35:17,868 [pool-450-thread-1] INFO  server.RaftServerConfigKeys (ConfUtils.java:logGet(43)) - raft.server.sleep.deviation.threshold = 300 (default)
2019-08-28 20:35:17,868 [pool-439-thread-1] INFO  impl.RaftServerImpl (ServerState.java:<init>(105)) - 7428f0d9-f26c-473b-bcbc-c327f695592c:group-D0AA1A9CB011 ConfigurationManager, init=-1: [7428f0d9-f26c-473b-bcbc-c327f695592c:192.168.5.177:43772, 87d438d6-67b9-4b7c-91be-dfc928839b42:192.168.5.177:40307, 7fec90bb-c54b-43b1-bf43-d7f2b2685c16:192.168.5.177:39499], old=null, confs=<EMPTY_MAP>
2019-08-28 20:35:17,868 [pool-450-thread-1] INFO  server.RaftServerConfigKeys (ConfUtils.java:logGet(43)) - raft.server.log.appender.install.snapshot.enabled = false (custom)
2019-08-28 20:35:17,869 [pool-439-thread-1] INFO  server.RaftServerConfigKeys (ConfUtils.java:logGet(43)) - raft.server.storage.dir = [/workdir/hadoop-ozone/integration-test/target/test-dir/MiniOzoneClusterImpl-9f674b4b-7f24-464f-99b8-bd3e1a4ceab8/datanode-0/data/ratis] (custom)
2019-08-28 20:35:17,869 [pool-450-thread-1] INFO  impl.RaftServerImpl (ServerState.java:<init>(105)) - 87d438d6-67b9-4b7c-91be-dfc928839b42:group-D0AA1A9CB011 ConfigurationManager, init=-1: [7428f0d9-f26c-473b-bcbc-c327f695592c:192.168.5.177:43772, 87d438d6-67b9-4b7c-91be-dfc928839b42:192.168.5.177:40307, 7fec90bb-c54b-43b1-bf43-d7f2b2685c16:192.168.5.177:39499], old=null, confs=<EMPTY_MAP>
2019-08-28 20:35:17,869 [pool-450-thread-1] INFO  server.RaftServerConfigKeys (ConfUtils.java:logGet(43)) - raft.server.storage.dir = [/workdir/hadoop-ozone/integration-test/target/test-dir/MiniOzoneClusterImpl-9f674b4b-7f24-464f-99b8-bd3e1a4ceab8/datanode-1/data/ratis] (custom)
2019-08-28 20:35:17,869 [pool-439-thread-1] INFO  storage.RaftStorageDirectory (RaftStorageDirectory.java:analyzeStorage(246)) - The storage directory /workdir/hadoop-ozone/integration-test/target/test-dir/MiniOzoneClusterImpl-9f674b4b-7f24-464f-99b8-bd3e1a4ceab8/datanode-0/data/ratis/03328a2e-9ab0-4b4f-80b8-d0aa1a9cb011 does not exist. Creating ...
2019-08-28 20:35:17,870 [pool-450-thread-1] INFO  storage.RaftStorageDirectory (RaftStorageDirectory.java:analyzeStorage(246)) - The storage directory /workdir/hadoop-ozone/integration-test/target/test-dir/MiniOzoneClusterImpl-9f674b4b-7f24-464f-99b8-bd3e1a4ceab8/datanode-1/data/ratis/03328a2e-9ab0-4b4f-80b8-d0aa1a9cb011 does not exist. Creating ...
2019-08-28 20:35:17,879 [pool-450-thread-1] INFO  storage.RaftStorageDirectory (RaftStorageDirectory.java:tryLock(328)) - Lock on /workdir/hadoop-ozone/integration-test/target/test-dir/MiniOzoneClusterImpl-9f674b4b-7f24-464f-99b8-bd3e1a4ceab8/datanode-1/data/ratis/03328a2e-9ab0-4b4f-80b8-d0aa1a9cb011/in_use.lock acquired by nodename 28934@pr-hdds-2051-mwr8n-2748524799
2019-08-28 20:35:17,879 [pool-439-thread-1] INFO  storage.RaftStorageDirectory (RaftStorageDirectory.java:tryLock(328)) - Lock on /workdir/hadoop-ozone/integration-test/target/test-dir/MiniOzoneClusterImpl-9f674b4b-7f24-464f-99b8-bd3e1a4ceab8/datanode-0/data/ratis/03328a2e-9ab0-4b4f-80b8-d0aa1a9cb011/in_use.lock acquired by nodename 28934@pr-hdds-2051-mwr8n-2748524799
2019-08-28 20:35:17,879 [pool-461-thread-1] INFO  storage.RaftStorageDirectory (RaftStorageDirectory.java:tryLock(328)) - Lock on /workdir/hadoop-ozone/integration-test/target/test-dir/MiniOzoneClusterImpl-9f674b4b-7f24-464f-99b8-bd3e1a4ceab8/datanode-2/data/ratis/03328a2e-9ab0-4b4f-80b8-d0aa1a9cb011/in_use.lock acquired by nodename 28934@pr-hdds-2051-mwr8n-2748524799
2019-08-28 20:35:17,886 [IPC Server handler 3 on 39826] INFO  net.NetworkTopology (NetworkTopologyImpl.java:add(110)) - Added a new node: /default-rack/a907af4d-6e9b-43fc-a46a-782566b871fb
2019-08-28 20:35:17,886 [IPC Server handler 3 on 39826] INFO  node.SCMNodeManager (SCMNodeManager.java:register(273)) - Registered Data node : a907af4d-6e9b-43fc-a46a-782566b871fb{ip: 192.168.5.177, host: pr-hdds-2051-mwr8n-2748524799, networkLocation: /default-rack, certSerialId: null}
2019-08-28 20:35:17,886 | INFO  | SCMAudit | user=jenkins1000 | ip=192.168.5.177 | op=REGISTER {datanodeDetails=a907af4d-6e9b-43fc-a46a-782566b871fb{ip: 192.168.5.177, host: pr-hdds-2051-mwr8n-2748524799, networkLocation: /default-rack, certSerialId: null}} | ret=SUCCESS |  
2019-08-28 20:35:17,892 [pool-450-thread-1] INFO  storage.RaftStorage (RaftStorage.java:format(72)) - Storage directory /workdir/hadoop-ozone/integration-test/target/test-dir/MiniOzoneClusterImpl-9f674b4b-7f24-464f-99b8-bd3e1a4ceab8/datanode-1/data/ratis/03328a2e-9ab0-4b4f-80b8-d0aa1a9cb011 has been successfully formatted.
2019-08-28 20:35:17,892 [pool-461-thread-1] INFO  storage.RaftStorage (RaftStorage.java:format(72)) - Storage directory /workdir/hadoop-ozone/integration-test/target/test-dir/MiniOzoneClusterImpl-9f674b4b-7f24-464f-99b8-bd3e1a4ceab8/datanode-2/data/ratis/03328a2e-9ab0-4b4f-80b8-d0aa1a9cb011 has been successfully formatted.
2019-08-28 20:35:17,892 [pool-450-thread-1] INFO  ratis.ContainerStateMachine (ContainerStateMachine.java:loadSnapshot(227)) - group-D0AA1A9CB011: The snapshot info is null. Setting the last applied indexto:(t:0, i:~)
2019-08-28 20:35:17,892 [pool-461-thread-1] INFO  ratis.ContainerStateMachine (ContainerStateMachine.java:loadSnapshot(227)) - group-D0AA1A9CB011: The snapshot info is null. Setting the last applied indexto:(t:0, i:~)
2019-08-28 20:35:17,892 [pool-439-thread-1] INFO  storage.RaftStorage (RaftStorage.java:format(72)) - Storage directory /workdir/hadoop-ozone/integration-test/target/test-dir/MiniOzoneClusterImpl-9f674b4b-7f24-464f-99b8-bd3e1a4ceab8/datanode-0/data/ratis/03328a2e-9ab0-4b4f-80b8-d0aa1a9cb011 has been successfully formatted.
2019-08-28 20:35:17,892 [pool-461-thread-1] INFO  server.RaftServerConfigKeys (ConfUtils.java:logGet(43)) - raft.server.leader.election.timeout = 120s (custom)
2019-08-28 20:35:17,892 [pool-450-thread-1] INFO  server.RaftServerConfigKeys (ConfUtils.java:logGet(43)) - raft.server.leader.election.timeout = 120s (custom)
2019-08-28 20:35:17,893 [pool-439-thread-1] INFO  ratis.ContainerStateMachine (ContainerStateMachine.java:loadSnapshot(227)) - group-D0AA1A9CB011: The snapshot info is null. Setting the last applied indexto:(t:0, i:~)
2019-08-28 20:35:17,893 [pool-461-thread-1] INFO  server.RaftServerConfigKeys (ConfUtils.java:logGet(43)) - raft.server.log.use.memory = false (default)
2019-08-28 20:35:17,893 [pool-439-thread-1] INFO  server.RaftServerConfigKeys (ConfUtils.java:logGet(43)) - raft.server.leader.election.timeout = 120s (custom)
2019-08-28 20:35:17,893 [pool-450-thread-1] INFO  server.RaftServerConfigKeys (ConfUtils.java:logGet(43)) - raft.server.log.use.memory = false (default)
2019-08-28 20:35:17,893 [pool-439-thread-1] INFO  server.RaftServerConfigKeys (ConfUtils.java:logGet(43)) - raft.server.log.use.memory = false (default)
2019-08-28 20:35:17,893 [pool-461-thread-1] INFO  server.RaftServerConfigKeys (ConfUtils.java:logGet(43)) - raft.server.log.purge.gap = 1000000 (custom)
2019-08-28 20:35:17,893 [pool-439-thread-1] INFO  server.RaftServerConfigKeys (ConfUtils.java:logGet(43)) - raft.server.log.purge.gap = 1000000 (custom)
2019-08-28 20:35:17,893 [pool-450-thread-1] INFO  server.RaftServerConfigKeys (ConfUtils.java:logGet(43)) - raft.server.log.purge.gap = 1000000 (custom)
2019-08-28 20:35:17,894 [pool-439-thread-1] INFO  server.RaftServerConfigKeys (ConfUtils.java:logGet(43)) - raft.server.log.appender.buffer.byte-limit = 33554432 (custom)
2019-08-28 20:35:17,894 [pool-461-thread-1] INFO  server.RaftServerConfigKeys (ConfUtils.java:logGet(43)) - raft.server.log.appender.buffer.byte-limit = 33554432 (custom)
2019-08-28 20:35:17,894 [pool-439-thread-1] INFO  server.RaftServerConfigKeys (ConfUtils.java:logGet(43)) - raft.server.log.segment.size.max = 1048576 (custom)
2019-08-28 20:35:17,894 [pool-450-thread-1] INFO  server.RaftServerConfigKeys (ConfUtils.java:logGet(43)) - raft.server.log.appender.buffer.byte-limit = 33554432 (custom)
2019-08-28 20:35:17,894 [pool-439-thread-1] INFO  server.RaftServerConfigKeys (ConfUtils.java:logGet(43)) - raft.server.log.segment.cache.num.max = 2 (custom)
2019-08-28 20:35:17,894 [pool-461-thread-1] INFO  server.RaftServerConfigKeys (ConfUtils.java:logGet(43)) - raft.server.log.segment.size.max = 1048576 (custom)
2019-08-28 20:35:17,895 [pool-439-thread-1] INFO  segmented.SegmentedRaftLogWorker (SegmentedRaftLogWorker.java:<init>(172)) - new 7428f0d9-f26c-473b-bcbc-c327f695592c-SegmentedRaftLogWorker:Storage Directory /workdir/hadoop-ozone/integration-test/target/test-dir/MiniOzoneClusterImpl-9f674b4b-7f24-464f-99b8-bd3e1a4ceab8/datanode-0/data/ratis/03328a2e-9ab0-4b4f-80b8-d0aa1a9cb011 for RaftStorage:Storage Directory /workdir/hadoop-ozone/integration-test/target/test-dir/MiniOzoneClusterImpl-9f674b4b-7f24-464f-99b8-bd3e1a4ceab8/datanode-0/data/ratis/03328a2e-9ab0-4b4f-80b8-d0aa1a9cb011
2019-08-28 20:35:17,895 [pool-450-thread-1] INFO  server.RaftServerConfigKeys (ConfUtils.java:logGet(43)) - raft.server.log.segment.size.max = 1048576 (custom)
2019-08-28 20:35:17,895 [pool-439-thread-1] INFO  server.RaftServerConfigKeys (ConfUtils.java:logGet(43)) - raft.server.log.queue.byte-limit = 2147483647 (custom)
2019-08-28 20:35:17,895 [pool-461-thread-1] INFO  server.RaftServerConfigKeys (ConfUtils.java:logGet(43)) - raft.server.log.segment.cache.num.max = 2 (custom)
2019-08-28 20:35:17,896 [pool-439-thread-1] INFO  server.RaftServerConfigKeys (ConfUtils.java:logGet(43)) - raft.server.log.queue.element-limit = 1024 (custom)
2019-08-28 20:35:17,896 [pool-450-thread-1] INFO  server.RaftServerConfigKeys (ConfUtils.java:logGet(43)) - raft.server.log.segment.cache.num.max = 2 (custom)
2019-08-28 20:35:17,896 [pool-439-thread-1] INFO  server.RaftServerConfigKeys (ConfUtils.java:logGet(43)) - raft.server.log.segment.size.max = 1048576 (custom)
2019-08-28 20:35:17,896 [pool-461-thread-1] INFO  segmented.SegmentedRaftLogWorker (SegmentedRaftLogWorker.java:<init>(172)) - new 7fec90bb-c54b-43b1-bf43-d7f2b2685c16-SegmentedRaftLogWorker:Storage Directory /workdir/hadoop-ozone/integration-test/target/test-dir/MiniOzoneClusterImpl-9f674b4b-7f24-464f-99b8-bd3e1a4ceab8/datanode-2/data/ratis/03328a2e-9ab0-4b4f-80b8-d0aa1a9cb011 for RaftStorage:Storage Directory /workdir/hadoop-ozone/integration-test/target/test-dir/MiniOzoneClusterImpl-9f674b4b-7f24-464f-99b8-bd3e1a4ceab8/datanode-2/data/ratis/03328a2e-9ab0-4b4f-80b8-d0aa1a9cb011
2019-08-28 20:35:17,897 [pool-439-thread-1] INFO  server.RaftServerConfigKeys (ConfUtils.java:logGet(43)) - raft.server.log.preallocated.size = 16384 (custom)
2019-08-28 20:35:17,896 [pool-450-thread-1] INFO  segmented.SegmentedRaftLogWorker (SegmentedRaftLogWorker.java:<init>(172)) - new 87d438d6-67b9-4b7c-91be-dfc928839b42-SegmentedRaftLogWorker:Storage Directory /workdir/hadoop-ozone/integration-test/target/test-dir/MiniOzoneClusterImpl-9f674b4b-7f24-464f-99b8-bd3e1a4ceab8/datanode-1/data/ratis/03328a2e-9ab0-4b4f-80b8-d0aa1a9cb011 for RaftStorage:Storage Directory /workdir/hadoop-ozone/integration-test/target/test-dir/MiniOzoneClusterImpl-9f674b4b-7f24-464f-99b8-bd3e1a4ceab8/datanode-1/data/ratis/03328a2e-9ab0-4b4f-80b8-d0aa1a9cb011
2019-08-28 20:35:17,897 [pool-439-thread-1] INFO  server.RaftServerConfigKeys (ConfUtils.java:logGet(43)) - raft.server.log.write.buffer.size = 33554432 (custom)
2019-08-28 20:35:17,897 [pool-461-thread-1] INFO  server.RaftServerConfigKeys (ConfUtils.java:logGet(43)) - raft.server.log.queue.byte-limit = 2147483647 (custom)
2019-08-28 20:35:17,897 [pool-439-thread-1] INFO  server.RaftServerConfigKeys (ConfUtils.java:logGet(43)) - raft.server.log.force.sync.num = 128 (default)
2019-08-28 20:35:17,897 [pool-450-thread-1] INFO  server.RaftServerConfigKeys (ConfUtils.java:logGet(43)) - raft.server.log.queue.byte-limit = 2147483647 (custom)
2019-08-28 20:35:17,898 [pool-439-thread-1] INFO  server.RaftServerConfigKeys (ConfUtils.java:logGet(43)) - raft.server.log.statemachine.data.sync = true (default)
2019-08-28 20:35:17,898 [pool-461-thread-1] INFO  server.RaftServerConfigKeys (ConfUtils.java:logGet(43)) - raft.server.log.queue.element-limit = 1024 (custom)
2019-08-28 20:35:17,898 [pool-439-thread-1] INFO  server.RaftServerConfigKeys (ConfUtils.java:logGet(43)) - raft.server.log.statemachine.data.sync.timeout = 10s (default)
2019-08-28 20:35:17,898 [pool-450-thread-1] INFO  server.RaftServerConfigKeys (ConfUtils.java:logGet(43)) - raft.server.log.queue.element-limit = 1024 (custom)
2019-08-28 20:35:17,899 [pool-439-thread-1] INFO  server.RaftServerConfigKeys (ConfUtils.java:logGet(43)) - raft.server.log.statemachine.data.sync.timeout.retry = -1 (default)
2019-08-28 20:35:17,898 [pool-461-thread-1] INFO  server.RaftServerConfigKeys (ConfUtils.java:logGet(43)) - raft.server.log.segment.size.max = 1048576 (custom)
2019-08-28 20:35:17,899 [pool-439-thread-1] INFO  server.RaftServerConfigKeys (ConfUtils.java:logGet(43)) - raft.server.log.statemachine.data.caching.enabled = true (custom)
2019-08-28 20:35:17,899 [pool-450-thread-1] INFO  server.RaftServerConfigKeys (ConfUtils.java:logGet(43)) - raft.server.log.segment.size.max = 1048576 (custom)
2019-08-28 20:35:17,899 [pool-461-thread-1] INFO  server.RaftServerConfigKeys (ConfUtils.java:logGet(43)) - raft.server.log.preallocated.size = 16384 (custom)
2019-08-28 20:35:17,900 [pool-439-thread-1] INFO  segmented.SegmentedRaftLogWorker (SegmentedRaftLogWorker.java:lambda$new$0(132)) - 7428f0d9-f26c-473b-bcbc-c327f695592c-SegmentedRaftLogWorker:Storage Directory /workdir/hadoop-ozone/integration-test/target/test-dir/MiniOzoneClusterImpl-9f674b4b-7f24-464f-99b8-bd3e1a4ceab8/datanode-0/data/ratis/03328a2e-9ab0-4b4f-80b8-d0aa1a9cb011: flushIndex: setUnconditionally 0 -> -1
2019-08-28 20:35:17,900 [pool-450-thread-1] INFO  server.RaftServerConfigKeys (ConfUtils.java:logGet(43)) - raft.server.log.preallocated.size = 16384 (custom)
2019-08-28 20:35:17,900 [pool-461-thread-1] INFO  server.RaftServerConfigKeys (ConfUtils.java:logGet(43)) - raft.server.log.write.buffer.size = 33554432 (custom)
2019-08-28 20:35:17,900 [pool-439-thread-1] INFO  server.RaftServerConfigKeys (ConfUtils.java:logGet(43)) - raft.server.snapshot.auto.trigger.enabled = true (custom)
2019-08-28 20:35:17,900 [pool-450-thread-1] INFO  server.RaftServerConfigKeys (ConfUtils.java:logGet(43)) - raft.server.log.write.buffer.size = 33554432 (custom)
2019-08-28 20:35:17,901 [pool-439-thread-1] INFO  server.RaftServerConfigKeys (ConfUtils.java:logGet(43)) - raft.server.snapshot.auto.trigger.threshold = 10000 (custom)
2019-08-28 20:35:17,900 [pool-461-thread-1] INFO  server.RaftServerConfigKeys (ConfUtils.java:logGet(43)) - raft.server.log.force.sync.num = 128 (default)
2019-08-28 20:35:17,901 [pool-439-thread-1] INFO  server.RaftServerConfigKeys (ConfUtils.java:logGet(43)) - raft.server.retrycache.expirytime = 600000ms (custom)
2019-08-28 20:35:17,901 [pool-450-thread-1] INFO  server.RaftServerConfigKeys (ConfUtils.java:logGet(43)) - raft.server.log.force.sync.num = 128 (default)
2019-08-28 20:35:17,901 [pool-439-thread-1] INFO  impl.RaftServerImpl (RaftServerImpl.java:start(180)) - 7428f0d9-f26c-473b-bcbc-c327f695592c: start group-D0AA1A9CB011
2019-08-28 20:35:17,901 [pool-461-thread-1] INFO  server.RaftServerConfigKeys (ConfUtils.java:logGet(43)) - raft.server.log.statemachine.data.sync = true (default)
2019-08-28 20:35:17,902 [pool-439-thread-1] INFO  impl.RaftServerImpl (RaftServerImpl.java:setRole(171)) - 7428f0d9-f26c-473b-bcbc-c327f695592c:group-D0AA1A9CB011 changes role from null to FOLLOWER at term 0 for startAsFollower
2019-08-28 20:35:17,901 [pool-450-thread-1] INFO  server.RaftServerConfigKeys (ConfUtils.java:logGet(43)) - raft.server.log.statemachine.data.sync = true (default)
2019-08-28 20:35:17,902 [pool-439-thread-1] INFO  impl.RoleInfo (RoleInfo.java:updateAndGet(143)) - 7428f0d9-f26c-473b-bcbc-c327f695592c: start FollowerState
2019-08-28 20:35:17,902 [pool-461-thread-1] INFO  server.RaftServerConfigKeys (ConfUtils.java:logGet(43)) - raft.server.log.statemachine.data.sync.timeout = 10s (default)
2019-08-28 20:35:17,902 [pool-450-thread-1] INFO  server.RaftServerConfigKeys (ConfUtils.java:logGet(43)) - raft.server.log.statemachine.data.sync.timeout = 10s (default)
2019-08-28 20:35:17,903 [pool-461-thread-1] INFO  server.RaftServerConfigKeys (ConfUtils.java:logGet(43)) - raft.server.log.statemachine.data.sync.timeout.retry = -1 (default)
2019-08-28 20:35:17,903 [pool-439-thread-1] INFO  util.JmxRegister (JmxRegister.java:tryRegister(44)) - Successfully registered JMX Bean with object name Ratis:service=RaftServer,group=group-D0AA1A9CB011,id=7428f0d9-f26c-473b-bcbc-c327f695592c
2019-08-28 20:35:17,903 [pool-450-thread-1] INFO  server.RaftServerConfigKeys (ConfUtils.java:logGet(43)) - raft.server.log.statemachine.data.sync.timeout.retry = -1 (default)
2019-08-28 20:35:17,903 [pool-461-thread-1] INFO  server.RaftServerConfigKeys (ConfUtils.java:logGet(43)) - raft.server.log.statemachine.data.caching.enabled = true (custom)
2019-08-28 20:35:17,903 [pool-450-thread-1] INFO  server.RaftServerConfigKeys (ConfUtils.java:logGet(43)) - raft.server.log.statemachine.data.caching.enabled = true (custom)
2019-08-28 20:35:17,904 [pool-461-thread-1] INFO  segmented.SegmentedRaftLogWorker (SegmentedRaftLogWorker.java:lambda$new$0(132)) - 7fec90bb-c54b-43b1-bf43-d7f2b2685c16-SegmentedRaftLogWorker:Storage Directory /workdir/hadoop-ozone/integration-test/target/test-dir/MiniOzoneClusterImpl-9f674b4b-7f24-464f-99b8-bd3e1a4ceab8/datanode-2/data/ratis/03328a2e-9ab0-4b4f-80b8-d0aa1a9cb011: flushIndex: setUnconditionally 0 -> -1
2019-08-28 20:35:17,904 [pool-450-thread-1] INFO  segmented.SegmentedRaftLogWorker (SegmentedRaftLogWorker.java:lambda$new$0(132)) - 87d438d6-67b9-4b7c-91be-dfc928839b42-SegmentedRaftLogWorker:Storage Directory /workdir/hadoop-ozone/integration-test/target/test-dir/MiniOzoneClusterImpl-9f674b4b-7f24-464f-99b8-bd3e1a4ceab8/datanode-1/data/ratis/03328a2e-9ab0-4b4f-80b8-d0aa1a9cb011: flushIndex: setUnconditionally 0 -> -1
2019-08-28 20:35:17,904 [pool-461-thread-1] INFO  server.RaftServerConfigKeys (ConfUtils.java:logGet(43)) - raft.server.snapshot.auto.trigger.enabled = true (custom)
2019-08-28 20:35:17,904 [pool-461-thread-1] INFO  server.RaftServerConfigKeys (ConfUtils.java:logGet(43)) - raft.server.snapshot.auto.trigger.threshold = 10000 (custom)
2019-08-28 20:35:17,904 [pool-450-thread-1] INFO  server.RaftServerConfigKeys (ConfUtils.java:logGet(43)) - raft.server.snapshot.auto.trigger.enabled = true (custom)
2019-08-28 20:35:17,905 [pool-461-thread-1] INFO  server.RaftServerConfigKeys (ConfUtils.java:logGet(43)) - raft.server.retrycache.expirytime = 600000ms (custom)
2019-08-28 20:35:17,905 [pool-450-thread-1] INFO  server.RaftServerConfigKeys (ConfUtils.java:logGet(43)) - raft.server.snapshot.auto.trigger.threshold = 10000 (custom)
2019-08-28 20:35:17,905 [pool-461-thread-1] INFO  impl.RaftServerImpl (RaftServerImpl.java:start(180)) - 7fec90bb-c54b-43b1-bf43-d7f2b2685c16: start group-D0AA1A9CB011
2019-08-28 20:35:17,905 [pool-450-thread-1] INFO  server.RaftServerConfigKeys (ConfUtils.java:logGet(43)) - raft.server.retrycache.expirytime = 600000ms (custom)
2019-08-28 20:35:17,905 [pool-461-thread-1] INFO  impl.RaftServerImpl (RaftServerImpl.java:setRole(171)) - 7fec90bb-c54b-43b1-bf43-d7f2b2685c16:group-D0AA1A9CB011 changes role from null to FOLLOWER at term 0 for startAsFollower
2019-08-28 20:35:17,905 [pool-450-thread-1] INFO  impl.RaftServerImpl (RaftServerImpl.java:start(180)) - 87d438d6-67b9-4b7c-91be-dfc928839b42: start group-D0AA1A9CB011
2019-08-28 20:35:17,906 [pool-461-thread-1] INFO  impl.RoleInfo (RoleInfo.java:updateAndGet(143)) - 7fec90bb-c54b-43b1-bf43-d7f2b2685c16: start FollowerState
2019-08-28 20:35:17,906 [pool-450-thread-1] INFO  impl.RaftServerImpl (RaftServerImpl.java:setRole(171)) - 87d438d6-67b9-4b7c-91be-dfc928839b42:group-D0AA1A9CB011 changes role from null to FOLLOWER at term 0 for startAsFollower
2019-08-28 20:35:17,906 [pool-450-thread-1] INFO  impl.RoleInfo (RoleInfo.java:updateAndGet(143)) - 87d438d6-67b9-4b7c-91be-dfc928839b42: start FollowerState
2019-08-28 20:35:17,906 [pool-461-thread-1] INFO  util.JmxRegister (JmxRegister.java:tryRegister(44)) - Successfully registered JMX Bean with object name Ratis:service=RaftServer,group=group-D0AA1A9CB011,id=7fec90bb-c54b-43b1-bf43-d7f2b2685c16
2019-08-28 20:35:17,907 [pool-450-thread-1] INFO  util.JmxRegister (JmxRegister.java:tryRegister(44)) - Successfully registered JMX Bean with object name Ratis:service=RaftServer,group=group-D0AA1A9CB011,id=87d438d6-67b9-4b7c-91be-dfc928839b42
2019-08-28 20:35:17,910 [RatisPipelineUtilsThread] INFO  pipeline.PipelineStateManager (PipelineStateManager.java:addPipeline(56)) - Created pipeline Pipeline[ Id: 03328a2e-9ab0-4b4f-80b8-d0aa1a9cb011, Nodes: 87d438d6-67b9-4b7c-91be-dfc928839b42{ip: 192.168.5.177, host: pr-hdds-2051-mwr8n-2748524799, networkLocation: /default-rack, certSerialId: null}7fec90bb-c54b-43b1-bf43-d7f2b2685c16{ip: 192.168.5.177, host: pr-hdds-2051-mwr8n-2748524799, networkLocation: /default-rack, certSerialId: null}7428f0d9-f26c-473b-bcbc-c327f695592c{ip: 192.168.5.177, host: pr-hdds-2051-mwr8n-2748524799, networkLocation: /default-rack, certSerialId: null}, Type:RATIS, Factor:THREE, State:OPEN]
2019-08-28 20:35:17,945 [IPC Server handler 1 on 39826] INFO  net.NetworkTopology (NetworkTopologyImpl.java:add(110)) - Added a new node: /default-rack/0e29188f-1bda-4147-b1c2-d5dce43dc229
2019-08-28 20:35:17,946 [IPC Server handler 1 on 39826] INFO  node.SCMNodeManager (SCMNodeManager.java:register(273)) - Registered Data node : 0e29188f-1bda-4147-b1c2-d5dce43dc229{ip: 192.168.5.177, host: pr-hdds-2051-mwr8n-2748524799, networkLocation: /default-rack, certSerialId: null}
2019-08-28 20:35:17,948 | INFO  | SCMAudit | user=jenkins1000 | ip=192.168.5.177 | op=REGISTER {datanodeDetails=0e29188f-1bda-4147-b1c2-d5dce43dc229{ip: 192.168.5.177, host: pr-hdds-2051-mwr8n-2748524799, networkLocation: /default-rack, certSerialId: null}} | ret=SUCCESS |  
2019-08-28 20:35:17,954 [grpc-default-executor-10] INFO  impl.RaftServerProxy (RaftServerProxy.java:addNew(89)) - a907af4d-6e9b-43fc-a46a-782566b871fb: addNew group-DD63965FE90A:[a907af4d-6e9b-43fc-a46a-782566b871fb:192.168.5.177:32994] returns group-DD63965FE90A:java.util.concurrent.CompletableFuture@1d7acdbd[Not completed]
2019-08-28 20:35:17,956 [pool-472-thread-1] INFO  impl.RaftServerImpl (RaftServerImpl.java:<init>(93)) - a907af4d-6e9b-43fc-a46a-782566b871fb: new RaftServerImpl for group-DD63965FE90A:[a907af4d-6e9b-43fc-a46a-782566b871fb:192.168.5.177:32994] with ContainerStateMachine:uninitialized
2019-08-28 20:35:17,956 [pool-472-thread-1] INFO  server.RaftServerConfigKeys (ConfUtils.java:logGet(43)) - raft.server.rpc.timeout.min = 5s (custom)
2019-08-28 20:35:17,956 [pool-472-thread-1] INFO  server.RaftServerConfigKeys (ConfUtils.java:logGet(43)) - raft.server.rpc.timeout.max = 5200ms (custom)
2019-08-28 20:35:17,956 [pool-472-thread-1] INFO  server.RaftServerConfigKeys (ConfUtils.java:logGet(43)) - raft.server.rpcslowness.timeout = 120s (custom)
2019-08-28 20:35:17,956 [pool-472-thread-1] INFO  server.RaftServerConfigKeys (ConfUtils.java:logGet(43)) - raft.server.sleep.deviation.threshold = 300 (default)
2019-08-28 20:35:17,957 [pool-472-thread-1] INFO  server.RaftServerConfigKeys (ConfUtils.java:logGet(43)) - raft.server.log.appender.install.snapshot.enabled = false (custom)
2019-08-28 20:35:17,957 [pool-472-thread-1] INFO  impl.RaftServerImpl (ServerState.java:<init>(105)) - a907af4d-6e9b-43fc-a46a-782566b871fb:group-DD63965FE90A ConfigurationManager, init=-1: [a907af4d-6e9b-43fc-a46a-782566b871fb:192.168.5.177:32994], old=null, confs=<EMPTY_MAP>
2019-08-28 20:35:17,957 [pool-472-thread-1] INFO  server.RaftServerConfigKeys (ConfUtils.java:logGet(43)) - raft.server.storage.dir = [/workdir/hadoop-ozone/integration-test/target/test-dir/MiniOzoneClusterImpl-9f674b4b-7f24-464f-99b8-bd3e1a4ceab8/datanode-3/data/ratis] (custom)
2019-08-28 20:35:17,957 [pool-472-thread-1] INFO  storage.RaftStorageDirectory (RaftStorageDirectory.java:analyzeStorage(246)) - The storage directory /workdir/hadoop-ozone/integration-test/target/test-dir/MiniOzoneClusterImpl-9f674b4b-7f24-464f-99b8-bd3e1a4ceab8/datanode-3/data/ratis/78aae96f-bd49-4d5e-8a29-dd63965fe90a does not exist. Creating ...
2019-08-28 20:35:17,970 [pool-472-thread-1] INFO  storage.RaftStorageDirectory (RaftStorageDirectory.java:tryLock(328)) - Lock on /workdir/hadoop-ozone/integration-test/target/test-dir/MiniOzoneClusterImpl-9f674b4b-7f24-464f-99b8-bd3e1a4ceab8/datanode-3/data/ratis/78aae96f-bd49-4d5e-8a29-dd63965fe90a/in_use.lock acquired by nodename 28934@pr-hdds-2051-mwr8n-2748524799
2019-08-28 20:35:17,981 [pool-472-thread-1] INFO  storage.RaftStorage (RaftStorage.java:format(72)) - Storage directory /workdir/hadoop-ozone/integration-test/target/test-dir/MiniOzoneClusterImpl-9f674b4b-7f24-464f-99b8-bd3e1a4ceab8/datanode-3/data/ratis/78aae96f-bd49-4d5e-8a29-dd63965fe90a has been successfully formatted.
2019-08-28 20:35:17,981 [pool-472-thread-1] INFO  ratis.ContainerStateMachine (ContainerStateMachine.java:loadSnapshot(227)) - group-DD63965FE90A: The snapshot info is null. Setting the last applied indexto:(t:0, i:~)
2019-08-28 20:35:17,982 [pool-472-thread-1] INFO  server.RaftServerConfigKeys (ConfUtils.java:logGet(43)) - raft.server.leader.election.timeout = 120s (custom)
2019-08-28 20:35:17,982 [pool-472-thread-1] INFO  server.RaftServerConfigKeys (ConfUtils.java:logGet(43)) - raft.server.log.use.memory = false (default)
2019-08-28 20:35:17,982 [pool-472-thread-1] INFO  server.RaftServerConfigKeys (ConfUtils.java:logGet(43)) - raft.server.log.purge.gap = 1000000 (custom)
2019-08-28 20:35:17,982 [pool-472-thread-1] INFO  server.RaftServerConfigKeys (ConfUtils.java:logGet(43)) - raft.server.log.appender.buffer.byte-limit = 33554432 (custom)
2019-08-28 20:35:17,982 [pool-472-thread-1] INFO  server.RaftServerConfigKeys (ConfUtils.java:logGet(43)) - raft.server.log.segment.size.max = 1048576 (custom)
2019-08-28 20:35:17,983 [pool-472-thread-1] INFO  server.RaftServerConfigKeys (ConfUtils.java:logGet(43)) - raft.server.log.segment.cache.num.max = 2 (custom)
2019-08-28 20:35:17,983 [pool-472-thread-1] INFO  segmented.SegmentedRaftLogWorker (SegmentedRaftLogWorker.java:<init>(172)) - new a907af4d-6e9b-43fc-a46a-782566b871fb-SegmentedRaftLogWorker:Storage Directory /workdir/hadoop-ozone/integration-test/target/test-dir/MiniOzoneClusterImpl-9f674b4b-7f24-464f-99b8-bd3e1a4ceab8/datanode-3/data/ratis/78aae96f-bd49-4d5e-8a29-dd63965fe90a for RaftStorage:Storage Directory /workdir/hadoop-ozone/integration-test/target/test-dir/MiniOzoneClusterImpl-9f674b4b-7f24-464f-99b8-bd3e1a4ceab8/datanode-3/data/ratis/78aae96f-bd49-4d5e-8a29-dd63965fe90a
2019-08-28 20:35:17,983 [pool-472-thread-1] INFO  server.RaftServerConfigKeys (ConfUtils.java:logGet(43)) - raft.server.log.queue.byte-limit = 2147483647 (custom)
2019-08-28 20:35:17,983 [pool-472-thread-1] INFO  server.RaftServerConfigKeys (ConfUtils.java:logGet(43)) - raft.server.log.queue.element-limit = 1024 (custom)
2019-08-28 20:35:17,983 [pool-472-thread-1] INFO  server.RaftServerConfigKeys (ConfUtils.java:logGet(43)) - raft.server.log.segment.size.max = 1048576 (custom)
2019-08-28 20:35:17,984 [pool-472-thread-1] INFO  server.RaftServerConfigKeys (ConfUtils.java:logGet(43)) - raft.server.log.preallocated.size = 16384 (custom)
2019-08-28 20:35:17,984 [pool-472-thread-1] INFO  server.RaftServerConfigKeys (ConfUtils.java:logGet(43)) - raft.server.log.write.buffer.size = 33554432 (custom)
2019-08-28 20:35:17,984 [pool-472-thread-1] INFO  server.RaftServerConfigKeys (ConfUtils.java:logGet(43)) - raft.server.log.force.sync.num = 128 (default)
2019-08-28 20:35:17,984 [pool-472-thread-1] INFO  server.RaftServerConfigKeys (ConfUtils.java:logGet(43)) - raft.server.log.statemachine.data.sync = true (default)
2019-08-28 20:35:17,984 [pool-472-thread-1] INFO  server.RaftServerConfigKeys (ConfUtils.java:logGet(43)) - raft.server.log.statemachine.data.sync.timeout = 10s (default)
2019-08-28 20:35:17,984 [pool-472-thread-1] INFO  server.RaftServerConfigKeys (ConfUtils.java:logGet(43)) - raft.server.log.statemachine.data.sync.timeout.retry = -1 (default)
2019-08-28 20:35:17,985 [pool-472-thread-1] INFO  server.RaftServerConfigKeys (ConfUtils.java:logGet(43)) - raft.server.log.statemachine.data.caching.enabled = true (custom)
2019-08-28 20:35:17,985 [pool-472-thread-1] INFO  segmented.SegmentedRaftLogWorker (SegmentedRaftLogWorker.java:lambda$new$0(132)) - a907af4d-6e9b-43fc-a46a-782566b871fb-SegmentedRaftLogWorker:Storage Directory /workdir/hadoop-ozone/integration-test/target/test-dir/MiniOzoneClusterImpl-9f674b4b-7f24-464f-99b8-bd3e1a4ceab8/datanode-3/data/ratis/78aae96f-bd49-4d5e-8a29-dd63965fe90a: flushIndex: setUnconditionally 0 -> -1
2019-08-28 20:35:17,986 [pool-472-thread-1] INFO  server.RaftServerConfigKeys (ConfUtils.java:logGet(43)) - raft.server.snapshot.auto.trigger.enabled = true (custom)
2019-08-28 20:35:17,986 [pool-472-thread-1] INFO  server.RaftServerConfigKeys (ConfUtils.java:logGet(43)) - raft.server.snapshot.auto.trigger.threshold = 10000 (custom)
2019-08-28 20:35:17,986 [pool-472-thread-1] INFO  server.RaftServerConfigKeys (ConfUtils.java:logGet(43)) - raft.server.retrycache.expirytime = 600000ms (custom)
2019-08-28 20:35:17,986 [pool-472-thread-1] INFO  impl.RaftServerImpl (RaftServerImpl.java:start(180)) - a907af4d-6e9b-43fc-a46a-782566b871fb: start group-DD63965FE90A
2019-08-28 20:35:17,986 [pool-472-thread-1] INFO  impl.RaftServerImpl (RaftServerImpl.java:setRole(171)) - a907af4d-6e9b-43fc-a46a-782566b871fb:group-DD63965FE90A changes role from null to FOLLOWER at term 0 for startAsFollower
2019-08-28 20:35:17,986 [pool-472-thread-1] INFO  impl.RoleInfo (RoleInfo.java:updateAndGet(143)) - a907af4d-6e9b-43fc-a46a-782566b871fb: start FollowerState
2019-08-28 20:35:17,987 [pool-472-thread-1] INFO  util.JmxRegister (JmxRegister.java:tryRegister(44)) - Successfully registered JMX Bean with object name Ratis:service=RaftServer,group=group-DD63965FE90A,id=a907af4d-6e9b-43fc-a46a-782566b871fb
2019-08-28 20:35:17,989 [RatisPipelineUtilsThread] INFO  pipeline.PipelineStateManager (PipelineStateManager.java:addPipeline(56)) - Created pipeline Pipeline[ Id: 78aae96f-bd49-4d5e-8a29-dd63965fe90a, Nodes: a907af4d-6e9b-43fc-a46a-782566b871fb{ip: 192.168.5.177, host: pr-hdds-2051-mwr8n-2748524799, networkLocation: /default-rack, certSerialId: null}, Type:RATIS, Factor:ONE, State:OPEN]
2019-08-28 20:35:17,997 [grpc-default-executor-10] INFO  impl.RaftServerProxy (RaftServerProxy.java:addNew(89)) - 0e29188f-1bda-4147-b1c2-d5dce43dc229: addNew group-F4F4AEBE1910:[0e29188f-1bda-4147-b1c2-d5dce43dc229:192.168.5.177:37741] returns group-F4F4AEBE1910:java.util.concurrent.CompletableFuture@7ae42951[Not completed]
2019-08-28 20:35:17,999 [pool-483-thread-1] INFO  impl.RaftServerImpl (RaftServerImpl.java:<init>(93)) - 0e29188f-1bda-4147-b1c2-d5dce43dc229: new RaftServerImpl for group-F4F4AEBE1910:[0e29188f-1bda-4147-b1c2-d5dce43dc229:192.168.5.177:37741] with ContainerStateMachine:uninitialized
2019-08-28 20:35:17,999 [pool-483-thread-1] INFO  server.RaftServerConfigKeys (ConfUtils.java:logGet(43)) - raft.server.rpc.timeout.min = 5s (custom)
2019-08-28 20:35:17,999 [pool-483-thread-1] INFO  server.RaftServerConfigKeys (ConfUtils.java:logGet(43)) - raft.server.rpc.timeout.max = 5200ms (custom)
2019-08-28 20:35:17,999 [pool-483-thread-1] INFO  server.RaftServerConfigKeys (ConfUtils.java:logGet(43)) - raft.server.rpcslowness.timeout = 120s (custom)
2019-08-28 20:35:18,000 [pool-483-thread-1] INFO  server.RaftServerConfigKeys (ConfUtils.java:logGet(43)) - raft.server.sleep.deviation.threshold = 300 (default)
2019-08-28 20:35:18,000 [pool-483-thread-1] INFO  server.RaftServerConfigKeys (ConfUtils.java:logGet(43)) - raft.server.log.appender.install.snapshot.enabled = false (custom)
2019-08-28 20:35:18,000 [pool-483-thread-1] INFO  impl.RaftServerImpl (ServerState.java:<init>(105)) - 0e29188f-1bda-4147-b1c2-d5dce43dc229:group-F4F4AEBE1910 ConfigurationManager, init=-1: [0e29188f-1bda-4147-b1c2-d5dce43dc229:192.168.5.177:37741], old=null, confs=<EMPTY_MAP>
2019-08-28 20:35:18,000 [pool-483-thread-1] INFO  server.RaftServerConfigKeys (ConfUtils.java:logGet(43)) - raft.server.storage.dir = [/workdir/hadoop-ozone/integration-test/target/test-dir/MiniOzoneClusterImpl-9f674b4b-7f24-464f-99b8-bd3e1a4ceab8/datanode-4/data/ratis] (custom)
2019-08-28 20:35:18,001 [pool-483-thread-1] INFO  storage.RaftStorageDirectory (RaftStorageDirectory.java:analyzeStorage(246)) - The storage directory /workdir/hadoop-ozone/integration-test/target/test-dir/MiniOzoneClusterImpl-9f674b4b-7f24-464f-99b8-bd3e1a4ceab8/datanode-4/data/ratis/6b074617-547e-4cca-93a8-f4f4aebe1910 does not exist. Creating ...
2019-08-28 20:35:18,007 [pool-483-thread-1] INFO  storage.RaftStorageDirectory (RaftStorageDirectory.java:tryLock(328)) - Lock on /workdir/hadoop-ozone/integration-test/target/test-dir/MiniOzoneClusterImpl-9f674b4b-7f24-464f-99b8-bd3e1a4ceab8/datanode-4/data/ratis/6b074617-547e-4cca-93a8-f4f4aebe1910/in_use.lock acquired by nodename 28934@pr-hdds-2051-mwr8n-2748524799
2019-08-28 20:35:18,009 [IPC Server handler 0 on 39826] INFO  net.NetworkTopology (NetworkTopologyImpl.java:add(110)) - Added a new node: /default-rack/80e4eca2-6bb1-4714-bd4e-8b731fcc1ced
2019-08-28 20:35:18,010 [IPC Server handler 0 on 39826] INFO  node.SCMNodeManager (SCMNodeManager.java:register(273)) - Registered Data node : 80e4eca2-6bb1-4714-bd4e-8b731fcc1ced{ip: 192.168.5.177, host: pr-hdds-2051-mwr8n-2748524799, networkLocation: /default-rack, certSerialId: null}
2019-08-28 20:35:18,010 | INFO  | SCMAudit | user=jenkins1000 | ip=192.168.5.177 | op=REGISTER {datanodeDetails=80e4eca2-6bb1-4714-bd4e-8b731fcc1ced{ip: 192.168.5.177, host: pr-hdds-2051-mwr8n-2748524799, networkLocation: /default-rack, certSerialId: null}} | ret=SUCCESS |  
2019-08-28 20:35:18,020 [pool-483-thread-1] INFO  storage.RaftStorage (RaftStorage.java:format(72)) - Storage directory /workdir/hadoop-ozone/integration-test/target/test-dir/MiniOzoneClusterImpl-9f674b4b-7f24-464f-99b8-bd3e1a4ceab8/datanode-4/data/ratis/6b074617-547e-4cca-93a8-f4f4aebe1910 has been successfully formatted.
2019-08-28 20:35:18,020 [pool-483-thread-1] INFO  ratis.ContainerStateMachine (ContainerStateMachine.java:loadSnapshot(227)) - group-F4F4AEBE1910: The snapshot info is null. Setting the last applied indexto:(t:0, i:~)
2019-08-28 20:35:18,021 [pool-483-thread-1] INFO  server.RaftServerConfigKeys (ConfUtils.java:logGet(43)) - raft.server.leader.election.timeout = 120s (custom)
2019-08-28 20:35:18,021 [pool-483-thread-1] INFO  server.RaftServerConfigKeys (ConfUtils.java:logGet(43)) - raft.server.log.use.memory = false (default)
2019-08-28 20:35:18,021 [pool-483-thread-1] INFO  server.RaftServerConfigKeys (ConfUtils.java:logGet(43)) - raft.server.log.purge.gap = 1000000 (custom)
2019-08-28 20:35:18,021 [pool-483-thread-1] INFO  server.RaftServerConfigKeys (ConfUtils.java:logGet(43)) - raft.server.log.appender.buffer.byte-limit = 33554432 (custom)
2019-08-28 20:35:18,021 [pool-483-thread-1] INFO  server.RaftServerConfigKeys (ConfUtils.java:logGet(43)) - raft.server.log.segment.size.max = 1048576 (custom)
2019-08-28 20:35:18,022 [pool-483-thread-1] INFO  server.RaftServerConfigKeys (ConfUtils.java:logGet(43)) - raft.server.log.segment.cache.num.max = 2 (custom)
2019-08-28 20:35:18,022 [pool-483-thread-1] INFO  segmented.SegmentedRaftLogWorker (SegmentedRaftLogWorker.java:<init>(172)) - new 0e29188f-1bda-4147-b1c2-d5dce43dc229-SegmentedRaftLogWorker:Storage Directory /workdir/hadoop-ozone/integration-test/target/test-dir/MiniOzoneClusterImpl-9f674b4b-7f24-464f-99b8-bd3e1a4ceab8/datanode-4/data/ratis/6b074617-547e-4cca-93a8-f4f4aebe1910 for RaftStorage:Storage Directory /workdir/hadoop-ozone/integration-test/target/test-dir/MiniOzoneClusterImpl-9f674b4b-7f24-464f-99b8-bd3e1a4ceab8/datanode-4/data/ratis/6b074617-547e-4cca-93a8-f4f4aebe1910
2019-08-28 20:35:18,022 [pool-483-thread-1] INFO  server.RaftServerConfigKeys (ConfUtils.java:logGet(43)) - raft.server.log.queue.byte-limit = 2147483647 (custom)
2019-08-28 20:35:18,022 [pool-483-thread-1] INFO  server.RaftServerConfigKeys (ConfUtils.java:logGet(43)) - raft.server.log.queue.element-limit = 1024 (custom)
2019-08-28 20:35:18,023 [pool-483-thread-1] INFO  server.RaftServerConfigKeys (ConfUtils.java:logGet(43)) - raft.server.log.segment.size.max = 1048576 (custom)
2019-08-28 20:35:18,023 [pool-483-thread-1] INFO  server.RaftServerConfigKeys (ConfUtils.java:logGet(43)) - raft.server.log.preallocated.size = 16384 (custom)
2019-08-28 20:35:18,023 [pool-483-thread-1] INFO  server.RaftServerConfigKeys (ConfUtils.java:logGet(43)) - raft.server.log.write.buffer.size = 33554432 (custom)
2019-08-28 20:35:18,023 [pool-483-thread-1] INFO  server.RaftServerConfigKeys (ConfUtils.java:logGet(43)) - raft.server.log.force.sync.num = 128 (default)
2019-08-28 20:35:18,023 [pool-483-thread-1] INFO  server.RaftServerConfigKeys (ConfUtils.java:logGet(43)) - raft.server.log.statemachine.data.sync = true (default)
2019-08-28 20:35:18,023 [pool-483-thread-1] INFO  server.RaftServerConfigKeys (ConfUtils.java:logGet(43)) - raft.server.log.statemachine.data.sync.timeout = 10s (default)
2019-08-28 20:35:18,024 [pool-483-thread-1] INFO  server.RaftServerConfigKeys (ConfUtils.java:logGet(43)) - raft.server.log.statemachine.data.sync.timeout.retry = -1 (default)
2019-08-28 20:35:18,024 [pool-483-thread-1] INFO  server.RaftServerConfigKeys (ConfUtils.java:logGet(43)) - raft.server.log.statemachine.data.caching.enabled = true (custom)
2019-08-28 20:35:18,024 [pool-483-thread-1] INFO  segmented.SegmentedRaftLogWorker (SegmentedRaftLogWorker.java:lambda$new$0(132)) - 0e29188f-1bda-4147-b1c2-d5dce43dc229-SegmentedRaftLogWorker:Storage Directory /workdir/hadoop-ozone/integration-test/target/test-dir/MiniOzoneClusterImpl-9f674b4b-7f24-464f-99b8-bd3e1a4ceab8/datanode-4/data/ratis/6b074617-547e-4cca-93a8-f4f4aebe1910: flushIndex: setUnconditionally 0 -> -1
2019-08-28 20:35:18,025 [pool-483-thread-1] INFO  server.RaftServerConfigKeys (ConfUtils.java:logGet(43)) - raft.server.snapshot.auto.trigger.enabled = true (custom)
2019-08-28 20:35:18,025 [pool-483-thread-1] INFO  server.RaftServerConfigKeys (ConfUtils.java:logGet(43)) - raft.server.snapshot.auto.trigger.threshold = 10000 (custom)
2019-08-28 20:35:18,025 [pool-483-thread-1] INFO  server.RaftServerConfigKeys (ConfUtils.java:logGet(43)) - raft.server.retrycache.expirytime = 600000ms (custom)
2019-08-28 20:35:18,025 [pool-483-thread-1] INFO  impl.RaftServerImpl (RaftServerImpl.java:start(180)) - 0e29188f-1bda-4147-b1c2-d5dce43dc229: start group-F4F4AEBE1910
2019-08-28 20:35:18,026 [pool-483-thread-1] INFO  impl.RaftServerImpl (RaftServerImpl.java:setRole(171)) - 0e29188f-1bda-4147-b1c2-d5dce43dc229:group-F4F4AEBE1910 changes role from null to FOLLOWER at term 0 for startAsFollower
2019-08-28 20:35:18,026 [pool-483-thread-1] INFO  impl.RoleInfo (RoleInfo.java:updateAndGet(143)) - 0e29188f-1bda-4147-b1c2-d5dce43dc229: start FollowerState
2019-08-28 20:35:18,035 [pool-483-thread-1] INFO  util.JmxRegister (JmxRegister.java:tryRegister(44)) - Successfully registered JMX Bean with object name Ratis:service=RaftServer,group=group-F4F4AEBE1910,id=0e29188f-1bda-4147-b1c2-d5dce43dc229
2019-08-28 20:35:18,043 [RatisPipelineUtilsThread] INFO  pipeline.PipelineStateManager (PipelineStateManager.java:addPipeline(56)) - Created pipeline Pipeline[ Id: 6b074617-547e-4cca-93a8-f4f4aebe1910, Nodes: 0e29188f-1bda-4147-b1c2-d5dce43dc229{ip: 192.168.5.177, host: pr-hdds-2051-mwr8n-2748524799, networkLocation: /default-rack, certSerialId: null}, Type:RATIS, Factor:ONE, State:OPEN]
2019-08-28 20:35:18,052 [grpc-default-executor-10] INFO  impl.RaftServerProxy (RaftServerProxy.java:addNew(89)) - 80e4eca2-6bb1-4714-bd4e-8b731fcc1ced: addNew group-32AAE076C761:[80e4eca2-6bb1-4714-bd4e-8b731fcc1ced:192.168.5.177:34228] returns group-32AAE076C761:java.util.concurrent.CompletableFuture@7070401d[Not completed]
2019-08-28 20:35:18,054 [pool-494-thread-1] INFO  impl.RaftServerImpl (RaftServerImpl.java:<init>(93)) - 80e4eca2-6bb1-4714-bd4e-8b731fcc1ced: new RaftServerImpl for group-32AAE076C761:[80e4eca2-6bb1-4714-bd4e-8b731fcc1ced:192.168.5.177:34228] with ContainerStateMachine:uninitialized
2019-08-28 20:35:18,054 [pool-494-thread-1] INFO  server.RaftServerConfigKeys (ConfUtils.java:logGet(43)) - raft.server.rpc.timeout.min = 5s (custom)
2019-08-28 20:35:18,055 [pool-494-thread-1] INFO  server.RaftServerConfigKeys (ConfUtils.java:logGet(43)) - raft.server.rpc.timeout.max = 5200ms (custom)
2019-08-28 20:35:18,055 [pool-494-thread-1] INFO  server.RaftServerConfigKeys (ConfUtils.java:logGet(43)) - raft.server.rpcslowness.timeout = 120s (custom)
2019-08-28 20:35:18,055 [pool-494-thread-1] INFO  server.RaftServerConfigKeys (ConfUtils.java:logGet(43)) - raft.server.sleep.deviation.threshold = 300 (default)
2019-08-28 20:35:18,055 [pool-494-thread-1] INFO  server.RaftServerConfigKeys (ConfUtils.java:logGet(43)) - raft.server.log.appender.install.snapshot.enabled = false (custom)
2019-08-28 20:35:18,055 [pool-494-thread-1] INFO  impl.RaftServerImpl (ServerState.java:<init>(105)) - 80e4eca2-6bb1-4714-bd4e-8b731fcc1ced:group-32AAE076C761 ConfigurationManager, init=-1: [80e4eca2-6bb1-4714-bd4e-8b731fcc1ced:192.168.5.177:34228], old=null, confs=<EMPTY_MAP>
2019-08-28 20:35:18,055 [pool-494-thread-1] INFO  server.RaftServerConfigKeys (ConfUtils.java:logGet(43)) - raft.server.storage.dir = [/workdir/hadoop-ozone/integration-test/target/test-dir/MiniOzoneClusterImpl-9f674b4b-7f24-464f-99b8-bd3e1a4ceab8/datanode-5/data/ratis] (custom)
2019-08-28 20:35:18,056 [pool-494-thread-1] INFO  storage.RaftStorageDirectory (RaftStorageDirectory.java:analyzeStorage(246)) - The storage directory /workdir/hadoop-ozone/integration-test/target/test-dir/MiniOzoneClusterImpl-9f674b4b-7f24-464f-99b8-bd3e1a4ceab8/datanode-5/data/ratis/2a518c8b-db88-404b-baec-32aae076c761 does not exist. Creating ...
2019-08-28 20:35:18,068 [pool-494-thread-1] INFO  storage.RaftStorageDirectory (RaftStorageDirectory.java:tryLock(328)) - Lock on /workdir/hadoop-ozone/integration-test/target/test-dir/MiniOzoneClusterImpl-9f674b4b-7f24-464f-99b8-bd3e1a4ceab8/datanode-5/data/ratis/2a518c8b-db88-404b-baec-32aae076c761/in_use.lock acquired by nodename 28934@pr-hdds-2051-mwr8n-2748524799
2019-08-28 20:35:18,082 [pool-494-thread-1] INFO  storage.RaftStorage (RaftStorage.java:format(72)) - Storage directory /workdir/hadoop-ozone/integration-test/target/test-dir/MiniOzoneClusterImpl-9f674b4b-7f24-464f-99b8-bd3e1a4ceab8/datanode-5/data/ratis/2a518c8b-db88-404b-baec-32aae076c761 has been successfully formatted.
2019-08-28 20:35:18,082 [pool-494-thread-1] INFO  ratis.ContainerStateMachine (ContainerStateMachine.java:loadSnapshot(227)) - group-32AAE076C761: The snapshot info is null. Setting the last applied indexto:(t:0, i:~)
2019-08-28 20:35:18,082 [pool-494-thread-1] INFO  server.RaftServerConfigKeys (ConfUtils.java:logGet(43)) - raft.server.leader.election.timeout = 120s (custom)
2019-08-28 20:35:18,082 [pool-494-thread-1] INFO  server.RaftServerConfigKeys (ConfUtils.java:logGet(43)) - raft.server.log.use.memory = false (default)
2019-08-28 20:35:18,083 [pool-494-thread-1] INFO  server.RaftServerConfigKeys (ConfUtils.java:logGet(43)) - raft.server.log.purge.gap = 1000000 (custom)
2019-08-28 20:35:18,083 [pool-494-thread-1] INFO  server.RaftServerConfigKeys (ConfUtils.java:logGet(43)) - raft.server.log.appender.buffer.byte-limit = 33554432 (custom)
2019-08-28 20:35:18,083 [pool-494-thread-1] INFO  server.RaftServerConfigKeys (ConfUtils.java:logGet(43)) - raft.server.log.segment.size.max = 1048576 (custom)
2019-08-28 20:35:18,083 [pool-494-thread-1] INFO  server.RaftServerConfigKeys (ConfUtils.java:logGet(43)) - raft.server.log.segment.cache.num.max = 2 (custom)
2019-08-28 20:35:18,083 [pool-494-thread-1] INFO  segmented.SegmentedRaftLogWorker (SegmentedRaftLogWorker.java:<init>(172)) - new 80e4eca2-6bb1-4714-bd4e-8b731fcc1ced-SegmentedRaftLogWorker:Storage Directory /workdir/hadoop-ozone/integration-test/target/test-dir/MiniOzoneClusterImpl-9f674b4b-7f24-464f-99b8-bd3e1a4ceab8/datanode-5/data/ratis/2a518c8b-db88-404b-baec-32aae076c761 for RaftStorage:Storage Directory /workdir/hadoop-ozone/integration-test/target/test-dir/MiniOzoneClusterImpl-9f674b4b-7f24-464f-99b8-bd3e1a4ceab8/datanode-5/data/ratis/2a518c8b-db88-404b-baec-32aae076c761
2019-08-28 20:35:18,084 [pool-494-thread-1] INFO  server.RaftServerConfigKeys (ConfUtils.java:logGet(43)) - raft.server.log.queue.byte-limit = 2147483647 (custom)
2019-08-28 20:35:18,084 [pool-494-thread-1] INFO  server.RaftServerConfigKeys (ConfUtils.java:logGet(43)) - raft.server.log.queue.element-limit = 1024 (custom)
2019-08-28 20:35:18,084 [pool-494-thread-1] INFO  server.RaftServerConfigKeys (ConfUtils.java:logGet(43)) - raft.server.log.segment.size.max = 1048576 (custom)
2019-08-28 20:35:18,084 [pool-494-thread-1] INFO  server.RaftServerConfigKeys (ConfUtils.java:logGet(43)) - raft.server.log.preallocated.size = 16384 (custom)
2019-08-28 20:35:18,084 [pool-494-thread-1] INFO  server.RaftServerConfigKeys (ConfUtils.java:logGet(43)) - raft.server.log.write.buffer.size = 33554432 (custom)
2019-08-28 20:35:18,085 [pool-494-thread-1] INFO  server.RaftServerConfigKeys (ConfUtils.java:logGet(43)) - raft.server.log.force.sync.num = 128 (default)
2019-08-28 20:35:18,085 [pool-494-thread-1] INFO  server.RaftServerConfigKeys (ConfUtils.java:logGet(43)) - raft.server.log.statemachine.data.sync = true (default)
2019-08-28 20:35:18,085 [pool-494-thread-1] INFO  server.RaftServerConfigKeys (ConfUtils.java:logGet(43)) - raft.server.log.statemachine.data.sync.timeout = 10s (default)
2019-08-28 20:35:18,085 [pool-494-thread-1] INFO  server.RaftServerConfigKeys (ConfUtils.java:logGet(43)) - raft.server.log.statemachine.data.sync.timeout.retry = -1 (default)
2019-08-28 20:35:18,086 [pool-494-thread-1] INFO  server.RaftServerConfigKeys (ConfUtils.java:logGet(43)) - raft.server.log.statemachine.data.caching.enabled = true (custom)
2019-08-28 20:35:18,086 [pool-494-thread-1] INFO  segmented.SegmentedRaftLogWorker (SegmentedRaftLogWorker.java:lambda$new$0(132)) - 80e4eca2-6bb1-4714-bd4e-8b731fcc1ced-SegmentedRaftLogWorker:Storage Directory /workdir/hadoop-ozone/integration-test/target/test-dir/MiniOzoneClusterImpl-9f674b4b-7f24-464f-99b8-bd3e1a4ceab8/datanode-5/data/ratis/2a518c8b-db88-404b-baec-32aae076c761: flushIndex: setUnconditionally 0 -> -1
2019-08-28 20:35:18,086 [pool-494-thread-1] INFO  server.RaftServerConfigKeys (ConfUtils.java:logGet(43)) - raft.server.snapshot.auto.trigger.enabled = true (custom)
2019-08-28 20:35:18,086 [pool-494-thread-1] INFO  server.RaftServerConfigKeys (ConfUtils.java:logGet(43)) - raft.server.snapshot.auto.trigger.threshold = 10000 (custom)
2019-08-28 20:35:18,087 [pool-494-thread-1] INFO  server.RaftServerConfigKeys (ConfUtils.java:logGet(43)) - raft.server.retrycache.expirytime = 600000ms (custom)
2019-08-28 20:35:18,087 [pool-494-thread-1] INFO  impl.RaftServerImpl (RaftServerImpl.java:start(180)) - 80e4eca2-6bb1-4714-bd4e-8b731fcc1ced: start group-32AAE076C761
2019-08-28 20:35:18,087 [pool-494-thread-1] INFO  impl.RaftServerImpl (RaftServerImpl.java:setRole(171)) - 80e4eca2-6bb1-4714-bd4e-8b731fcc1ced:group-32AAE076C761 changes role from null to FOLLOWER at term 0 for startAsFollower
2019-08-28 20:35:18,087 [pool-494-thread-1] INFO  impl.RoleInfo (RoleInfo.java:updateAndGet(143)) - 80e4eca2-6bb1-4714-bd4e-8b731fcc1ced: start FollowerState
2019-08-28 20:35:18,088 [pool-494-thread-1] INFO  util.JmxRegister (JmxRegister.java:tryRegister(44)) - Successfully registered JMX Bean with object name Ratis:service=RaftServer,group=group-32AAE076C761,id=80e4eca2-6bb1-4714-bd4e-8b731fcc1ced
2019-08-28 20:35:18,090 [RatisPipelineUtilsThread] INFO  pipeline.PipelineStateManager (PipelineStateManager.java:addPipeline(56)) - Created pipeline Pipeline[ Id: 2a518c8b-db88-404b-baec-32aae076c761, Nodes: 80e4eca2-6bb1-4714-bd4e-8b731fcc1ced{ip: 192.168.5.177, host: pr-hdds-2051-mwr8n-2748524799, networkLocation: /default-rack, certSerialId: null}, Type:RATIS, Factor:ONE, State:OPEN]
2019-08-28 20:35:18,101 [main] INFO  ozone.MiniOzoneClusterImpl (MiniOzoneClusterImpl.java:lambda$waitForClusterToBeReady$0(140)) - Waiting for cluster to be ready. Got 6 of 7 DN Heartbeats.
2019-08-28 20:35:18,101 [grpc-default-executor-8] INFO  impl.RaftServerProxy (RaftServerProxy.java:addNew(89)) - 80e4eca2-6bb1-4714-bd4e-8b731fcc1ced: addNew group-AEE6ACD4D1CF:[a907af4d-6e9b-43fc-a46a-782566b871fb:192.168.5.177:32994, 0e29188f-1bda-4147-b1c2-d5dce43dc229:192.168.5.177:37741, 80e4eca2-6bb1-4714-bd4e-8b731fcc1ced:192.168.5.177:34228] returns group-AEE6ACD4D1CF:java.util.concurrent.CompletableFuture@5ce94f65[Not completed]
2019-08-28 20:35:18,102 [grpc-default-executor-11] INFO  impl.RaftServerProxy (RaftServerProxy.java:addNew(89)) - 0e29188f-1bda-4147-b1c2-d5dce43dc229: addNew group-AEE6ACD4D1CF:[a907af4d-6e9b-43fc-a46a-782566b871fb:192.168.5.177:32994, 0e29188f-1bda-4147-b1c2-d5dce43dc229:192.168.5.177:37741, 80e4eca2-6bb1-4714-bd4e-8b731fcc1ced:192.168.5.177:34228] returns group-AEE6ACD4D1CF:java.util.concurrent.CompletableFuture@54cd4973[Not completed]
2019-08-28 20:35:18,102 [grpc-default-executor-10] INFO  impl.RaftServerProxy (RaftServerProxy.java:addNew(89)) - a907af4d-6e9b-43fc-a46a-782566b871fb: addNew group-AEE6ACD4D1CF:[a907af4d-6e9b-43fc-a46a-782566b871fb:192.168.5.177:32994, 0e29188f-1bda-4147-b1c2-d5dce43dc229:192.168.5.177:37741, 80e4eca2-6bb1-4714-bd4e-8b731fcc1ced:192.168.5.177:34228] returns group-AEE6ACD4D1CF:java.util.concurrent.CompletableFuture@5a6864ba[Not completed]
2019-08-28 20:35:18,102 [IPC Server handler 5 on 39826] INFO  net.NetworkTopology (NetworkTopologyImpl.java:add(110)) - Added a new node: /default-rack/ae3047cd-3e29-40a9-854d-dcce9cae807a
2019-08-28 20:35:18,102 [IPC Server handler 5 on 39826] INFO  node.SCMNodeManager (SCMNodeManager.java:register(273)) - Registered Data node : ae3047cd-3e29-40a9-854d-dcce9cae807a{ip: 192.168.5.177, host: pr-hdds-2051-mwr8n-2748524799, networkLocation: /default-rack, certSerialId: null}
2019-08-28 20:35:18,103 | INFO  | SCMAudit | user=jenkins1000 | ip=192.168.5.177 | op=REGISTER {datanodeDetails=ae3047cd-3e29-40a9-854d-dcce9cae807a{ip: 192.168.5.177, host: pr-hdds-2051-mwr8n-2748524799, networkLocation: /default-rack, certSerialId: null}} | ret=SUCCESS |  
2019-08-28 20:35:18,103 [pool-472-thread-1] INFO  impl.RaftServerImpl (RaftServerImpl.java:<init>(93)) - a907af4d-6e9b-43fc-a46a-782566b871fb: new RaftServerImpl for group-AEE6ACD4D1CF:[a907af4d-6e9b-43fc-a46a-782566b871fb:192.168.5.177:32994, 0e29188f-1bda-4147-b1c2-d5dce43dc229:192.168.5.177:37741, 80e4eca2-6bb1-4714-bd4e-8b731fcc1ced:192.168.5.177:34228] with ContainerStateMachine:uninitialized
2019-08-28 20:35:18,104 [pool-472-thread-1] INFO  server.RaftServerConfigKeys (ConfUtils.java:logGet(43)) - raft.server.rpc.timeout.min = 5s (custom)
2019-08-28 20:35:18,104 [pool-472-thread-1] INFO  server.RaftServerConfigKeys (ConfUtils.java:logGet(43)) - raft.server.rpc.timeout.max = 5200ms (custom)
2019-08-28 20:35:18,104 [pool-472-thread-1] INFO  server.RaftServerConfigKeys (ConfUtils.java:logGet(43)) - raft.server.rpcslowness.timeout = 120s (custom)
2019-08-28 20:35:18,104 [pool-472-thread-1] INFO  server.RaftServerConfigKeys (ConfUtils.java:logGet(43)) - raft.server.sleep.deviation.threshold = 300 (default)
2019-08-28 20:35:18,104 [pool-472-thread-1] INFO  server.RaftServerConfigKeys (ConfUtils.java:logGet(43)) - raft.server.log.appender.install.snapshot.enabled = false (custom)
2019-08-28 20:35:18,104 [pool-483-thread-1] INFO  impl.RaftServerImpl (RaftServerImpl.java:<init>(93)) - 0e29188f-1bda-4147-b1c2-d5dce43dc229: new RaftServerImpl for group-AEE6ACD4D1CF:[a907af4d-6e9b-43fc-a46a-782566b871fb:192.168.5.177:32994, 0e29188f-1bda-4147-b1c2-d5dce43dc229:192.168.5.177:37741, 80e4eca2-6bb1-4714-bd4e-8b731fcc1ced:192.168.5.177:34228] with ContainerStateMachine:uninitialized
2019-08-28 20:35:18,104 [pool-472-thread-1] INFO  impl.RaftServerImpl (ServerState.java:<init>(105)) - a907af4d-6e9b-43fc-a46a-782566b871fb:group-AEE6ACD4D1CF ConfigurationManager, init=-1: [a907af4d-6e9b-43fc-a46a-782566b871fb:192.168.5.177:32994, 0e29188f-1bda-4147-b1c2-d5dce43dc229:192.168.5.177:37741, 80e4eca2-6bb1-4714-bd4e-8b731fcc1ced:192.168.5.177:34228], old=null, confs=<EMPTY_MAP>
2019-08-28 20:35:18,104 [pool-483-thread-1] INFO  server.RaftServerConfigKeys (ConfUtils.java:logGet(43)) - raft.server.rpc.timeout.min = 5s (custom)
2019-08-28 20:35:18,104 [pool-472-thread-1] INFO  server.RaftServerConfigKeys (ConfUtils.java:logGet(43)) - raft.server.storage.dir = [/workdir/hadoop-ozone/integration-test/target/test-dir/MiniOzoneClusterImpl-9f674b4b-7f24-464f-99b8-bd3e1a4ceab8/datanode-3/data/ratis] (custom)
2019-08-28 20:35:18,104 [pool-483-thread-1] INFO  server.RaftServerConfigKeys (ConfUtils.java:logGet(43)) - raft.server.rpc.timeout.max = 5200ms (custom)
2019-08-28 20:35:18,105 [pool-494-thread-1] INFO  impl.RaftServerImpl (RaftServerImpl.java:<init>(93)) - 80e4eca2-6bb1-4714-bd4e-8b731fcc1ced: new RaftServerImpl for group-AEE6ACD4D1CF:[a907af4d-6e9b-43fc-a46a-782566b871fb:192.168.5.177:32994, 0e29188f-1bda-4147-b1c2-d5dce43dc229:192.168.5.177:37741, 80e4eca2-6bb1-4714-bd4e-8b731fcc1ced:192.168.5.177:34228] with ContainerStateMachine:uninitialized
2019-08-28 20:35:18,105 [pool-483-thread-1] INFO  server.RaftServerConfigKeys (ConfUtils.java:logGet(43)) - raft.server.rpcslowness.timeout = 120s (custom)
2019-08-28 20:35:18,105 [pool-494-thread-1] INFO  server.RaftServerConfigKeys (ConfUtils.java:logGet(43)) - raft.server.rpc.timeout.min = 5s (custom)
2019-08-28 20:35:18,105 [pool-472-thread-1] INFO  storage.RaftStorageDirectory (RaftStorageDirectory.java:analyzeStorage(246)) - The storage directory /workdir/hadoop-ozone/integration-test/target/test-dir/MiniOzoneClusterImpl-9f674b4b-7f24-464f-99b8-bd3e1a4ceab8/datanode-3/data/ratis/81486204-ab98-4c99-80a0-aee6acd4d1cf does not exist. Creating ...
2019-08-28 20:35:18,105 [pool-494-thread-1] INFO  server.RaftServerConfigKeys (ConfUtils.java:logGet(43)) - raft.server.rpc.timeout.max = 5200ms (custom)
2019-08-28 20:35:18,105 [pool-483-thread-1] INFO  server.RaftServerConfigKeys (ConfUtils.java:logGet(43)) - raft.server.sleep.deviation.threshold = 300 (default)
2019-08-28 20:35:18,105 [pool-494-thread-1] INFO  server.RaftServerConfigKeys (ConfUtils.java:logGet(43)) - raft.server.rpcslowness.timeout = 120s (custom)
2019-08-28 20:35:18,105 [pool-483-thread-1] INFO  server.RaftServerConfigKeys (ConfUtils.java:logGet(43)) - raft.server.log.appender.install.snapshot.enabled = false (custom)
2019-08-28 20:35:18,106 [pool-494-thread-1] INFO  server.RaftServerConfigKeys (ConfUtils.java:logGet(43)) - raft.server.sleep.deviation.threshold = 300 (default)
2019-08-28 20:35:18,106 [pool-483-thread-1] INFO  impl.RaftServerImpl (ServerState.java:<init>(105)) - 0e29188f-1bda-4147-b1c2-d5dce43dc229:group-AEE6ACD4D1CF ConfigurationManager, init=-1: [a907af4d-6e9b-43fc-a46a-782566b871fb:192.168.5.177:32994, 0e29188f-1bda-4147-b1c2-d5dce43dc229:192.168.5.177:37741, 80e4eca2-6bb1-4714-bd4e-8b731fcc1ced:192.168.5.177:34228], old=null, confs=<EMPTY_MAP>
2019-08-28 20:35:18,106 [pool-494-thread-1] INFO  server.RaftServerConfigKeys (ConfUtils.java:logGet(43)) - raft.server.log.appender.install.snapshot.enabled = false (custom)
2019-08-28 20:35:18,106 [pool-483-thread-1] INFO  server.RaftServerConfigKeys (ConfUtils.java:logGet(43)) - raft.server.storage.dir = [/workdir/hadoop-ozone/integration-test/target/test-dir/MiniOzoneClusterImpl-9f674b4b-7f24-464f-99b8-bd3e1a4ceab8/datanode-4/data/ratis] (custom)
2019-08-28 20:35:18,106 [pool-494-thread-1] INFO  impl.RaftServerImpl (ServerState.java:<init>(105)) - 80e4eca2-6bb1-4714-bd4e-8b731fcc1ced:group-AEE6ACD4D1CF ConfigurationManager, init=-1: [a907af4d-6e9b-43fc-a46a-782566b871fb:192.168.5.177:32994, 0e29188f-1bda-4147-b1c2-d5dce43dc229:192.168.5.177:37741, 80e4eca2-6bb1-4714-bd4e-8b731fcc1ced:192.168.5.177:34228], old=null, confs=<EMPTY_MAP>
2019-08-28 20:35:18,106 [pool-494-thread-1] INFO  server.RaftServerConfigKeys (ConfUtils.java:logGet(43)) - raft.server.storage.dir = [/workdir/hadoop-ozone/integration-test/target/test-dir/MiniOzoneClusterImpl-9f674b4b-7f24-464f-99b8-bd3e1a4ceab8/datanode-5/data/ratis] (custom)
2019-08-28 20:35:18,106 [pool-483-thread-1] INFO  storage.RaftStorageDirectory (RaftStorageDirectory.java:analyzeStorage(246)) - The storage directory /workdir/hadoop-ozone/integration-test/target/test-dir/MiniOzoneClusterImpl-9f674b4b-7f24-464f-99b8-bd3e1a4ceab8/datanode-4/data/ratis/81486204-ab98-4c99-80a0-aee6acd4d1cf does not exist. Creating ...
2019-08-28 20:35:18,107 [pool-494-thread-1] INFO  storage.RaftStorageDirectory (RaftStorageDirectory.java:analyzeStorage(246)) - The storage directory /workdir/hadoop-ozone/integration-test/target/test-dir/MiniOzoneClusterImpl-9f674b4b-7f24-464f-99b8-bd3e1a4ceab8/datanode-5/data/ratis/81486204-ab98-4c99-80a0-aee6acd4d1cf does not exist. Creating ...
2019-08-28 20:35:18,119 [pool-472-thread-1] INFO  storage.RaftStorageDirectory (RaftStorageDirectory.java:tryLock(328)) - Lock on /workdir/hadoop-ozone/integration-test/target/test-dir/MiniOzoneClusterImpl-9f674b4b-7f24-464f-99b8-bd3e1a4ceab8/datanode-3/data/ratis/81486204-ab98-4c99-80a0-aee6acd4d1cf/in_use.lock acquired by nodename 28934@pr-hdds-2051-mwr8n-2748524799
2019-08-28 20:35:18,119 [pool-483-thread-1] INFO  storage.RaftStorageDirectory (RaftStorageDirectory.java:tryLock(328)) - Lock on /workdir/hadoop-ozone/integration-test/target/test-dir/MiniOzoneClusterImpl-9f674b4b-7f24-464f-99b8-bd3e1a4ceab8/datanode-4/data/ratis/81486204-ab98-4c99-80a0-aee6acd4d1cf/in_use.lock acquired by nodename 28934@pr-hdds-2051-mwr8n-2748524799
2019-08-28 20:35:18,119 [pool-494-thread-1] INFO  storage.RaftStorageDirectory (RaftStorageDirectory.java:tryLock(328)) - Lock on /workdir/hadoop-ozone/integration-test/target/test-dir/MiniOzoneClusterImpl-9f674b4b-7f24-464f-99b8-bd3e1a4ceab8/datanode-5/data/ratis/81486204-ab98-4c99-80a0-aee6acd4d1cf/in_use.lock acquired by nodename 28934@pr-hdds-2051-mwr8n-2748524799
2019-08-28 20:35:18,133 [pool-472-thread-1] INFO  storage.RaftStorage (RaftStorage.java:format(72)) - Storage directory /workdir/hadoop-ozone/integration-test/target/test-dir/MiniOzoneClusterImpl-9f674b4b-7f24-464f-99b8-bd3e1a4ceab8/datanode-3/data/ratis/81486204-ab98-4c99-80a0-aee6acd4d1cf has been successfully formatted.
2019-08-28 20:35:18,133 [pool-483-thread-1] INFO  storage.RaftStorage (RaftStorage.java:format(72)) - Storage directory /workdir/hadoop-ozone/integration-test/target/test-dir/MiniOzoneClusterImpl-9f674b4b-7f24-464f-99b8-bd3e1a4ceab8/datanode-4/data/ratis/81486204-ab98-4c99-80a0-aee6acd4d1cf has been successfully formatted.
2019-08-28 20:35:18,133 [pool-494-thread-1] INFO  storage.RaftStorage (RaftStorage.java:format(72)) - Storage directory /workdir/hadoop-ozone/integration-test/target/test-dir/MiniOzoneClusterImpl-9f674b4b-7f24-464f-99b8-bd3e1a4ceab8/datanode-5/data/ratis/81486204-ab98-4c99-80a0-aee6acd4d1cf has been successfully formatted.
2019-08-28 20:35:18,133 [pool-483-thread-1] INFO  ratis.ContainerStateMachine (ContainerStateMachine.java:loadSnapshot(227)) - group-AEE6ACD4D1CF: The snapshot info is null. Setting the last applied indexto:(t:0, i:~)
2019-08-28 20:35:18,133 [pool-472-thread-1] INFO  ratis.ContainerStateMachine (ContainerStateMachine.java:loadSnapshot(227)) - group-AEE6ACD4D1CF: The snapshot info is null. Setting the last applied indexto:(t:0, i:~)
2019-08-28 20:35:18,134 [pool-483-thread-1] INFO  server.RaftServerConfigKeys (ConfUtils.java:logGet(43)) - raft.server.leader.election.timeout = 120s (custom)
2019-08-28 20:35:18,134 [pool-494-thread-1] INFO  ratis.ContainerStateMachine (ContainerStateMachine.java:loadSnapshot(227)) - group-AEE6ACD4D1CF: The snapshot info is null. Setting the last applied indexto:(t:0, i:~)
2019-08-28 20:35:18,134 [pool-483-thread-1] INFO  server.RaftServerConfigKeys (ConfUtils.java:logGet(43)) - raft.server.log.use.memory = false (default)
2019-08-28 20:35:18,134 [pool-472-thread-1] INFO  server.RaftServerConfigKeys (ConfUtils.java:logGet(43)) - raft.server.leader.election.timeout = 120s (custom)
2019-08-28 20:35:18,134 [pool-483-thread-1] INFO  server.RaftServerConfigKeys (ConfUtils.java:logGet(43)) - raft.server.log.purge.gap = 1000000 (custom)
2019-08-28 20:35:18,134 [pool-483-thread-1] INFO  server.RaftServerConfigKeys (ConfUtils.java:logGet(43)) - raft.server.log.appender.buffer.byte-limit = 33554432 (custom)
2019-08-28 20:35:18,134 [pool-494-thread-1] INFO  server.RaftServerConfigKeys (ConfUtils.java:logGet(43)) - raft.server.leader.election.timeout = 120s (custom)
2019-08-28 20:35:18,135 [pool-483-thread-1] INFO  server.RaftServerConfigKeys (ConfUtils.java:logGet(43)) - raft.server.log.segment.size.max = 1048576 (custom)
2019-08-28 20:35:18,134 [pool-472-thread-1] INFO  server.RaftServerConfigKeys (ConfUtils.java:logGet(43)) - raft.server.log.use.memory = false (default)
2019-08-28 20:35:18,135 [pool-483-thread-1] INFO  server.RaftServerConfigKeys (ConfUtils.java:logGet(43)) - raft.server.log.segment.cache.num.max = 2 (custom)
2019-08-28 20:35:18,135 [pool-494-thread-1] INFO  server.RaftServerConfigKeys (ConfUtils.java:logGet(43)) - raft.server.log.use.memory = false (default)
2019-08-28 20:35:18,135 [pool-483-thread-1] INFO  segmented.SegmentedRaftLogWorker (SegmentedRaftLogWorker.java:<init>(172)) - new 0e29188f-1bda-4147-b1c2-d5dce43dc229-SegmentedRaftLogWorker:Storage Directory /workdir/hadoop-ozone/integration-test/target/test-dir/MiniOzoneClusterImpl-9f674b4b-7f24-464f-99b8-bd3e1a4ceab8/datanode-4/data/ratis/81486204-ab98-4c99-80a0-aee6acd4d1cf for RaftStorage:Storage Directory /workdir/hadoop-ozone/integration-test/target/test-dir/MiniOzoneClusterImpl-9f674b4b-7f24-464f-99b8-bd3e1a4ceab8/datanode-4/data/ratis/81486204-ab98-4c99-80a0-aee6acd4d1cf
2019-08-28 20:35:18,135 [pool-472-thread-1] INFO  server.RaftServerConfigKeys (ConfUtils.java:logGet(43)) - raft.server.log.purge.gap = 1000000 (custom)
2019-08-28 20:35:18,136 [pool-483-thread-1] INFO  server.RaftServerConfigKeys (ConfUtils.java:logGet(43)) - raft.server.log.queue.byte-limit = 2147483647 (custom)
2019-08-28 20:35:18,135 [pool-494-thread-1] INFO  server.RaftServerConfigKeys (ConfUtils.java:logGet(43)) - raft.server.log.purge.gap = 1000000 (custom)
2019-08-28 20:35:18,136 [pool-483-thread-1] INFO  server.RaftServerConfigKeys (ConfUtils.java:logGet(43)) - raft.server.log.queue.element-limit = 1024 (custom)
2019-08-28 20:35:18,136 [pool-472-thread-1] INFO  server.RaftServerConfigKeys (ConfUtils.java:logGet(43)) - raft.server.log.appender.buffer.byte-limit = 33554432 (custom)
2019-08-28 20:35:18,136 [pool-483-thread-1] INFO  server.RaftServerConfigKeys (ConfUtils.java:logGet(43)) - raft.server.log.segment.size.max = 1048576 (custom)
2019-08-28 20:35:18,136 [pool-483-thread-1] INFO  server.RaftServerConfigKeys (ConfUtils.java:logGet(43)) - raft.server.log.preallocated.size = 16384 (custom)
2019-08-28 20:35:18,136 [pool-494-thread-1] INFO  server.RaftServerConfigKeys (ConfUtils.java:logGet(43)) - raft.server.log.appender.buffer.byte-limit = 33554432 (custom)
2019-08-28 20:35:18,137 [pool-483-thread-1] INFO  server.RaftServerConfigKeys (ConfUtils.java:logGet(43)) - raft.server.log.write.buffer.size = 33554432 (custom)
2019-08-28 20:35:18,136 [pool-472-thread-1] INFO  server.RaftServerConfigKeys (ConfUtils.java:logGet(43)) - raft.server.log.segment.size.max = 1048576 (custom)
2019-08-28 20:35:18,137 [pool-483-thread-1] INFO  server.RaftServerConfigKeys (ConfUtils.java:logGet(43)) - raft.server.log.force.sync.num = 128 (default)
2019-08-28 20:35:18,137 [pool-494-thread-1] INFO  server.RaftServerConfigKeys (ConfUtils.java:logGet(43)) - raft.server.log.segment.size.max = 1048576 (custom)
2019-08-28 20:35:18,137 [pool-483-thread-1] INFO  server.RaftServerConfigKeys (ConfUtils.java:logGet(43)) - raft.server.log.statemachine.data.sync = true (default)
2019-08-28 20:35:18,137 [pool-472-thread-1] INFO  server.RaftServerConfigKeys (ConfUtils.java:logGet(43)) - raft.server.log.segment.cache.num.max = 2 (custom)
2019-08-28 20:35:18,138 [pool-483-thread-1] INFO  server.RaftServerConfigKeys (ConfUtils.java:logGet(43)) - raft.server.log.statemachine.data.sync.timeout = 10s (default)
2019-08-28 20:35:18,137 [pool-494-thread-1] INFO  server.RaftServerConfigKeys (ConfUtils.java:logGet(43)) - raft.server.log.segment.cache.num.max = 2 (custom)
2019-08-28 20:35:18,138 [pool-483-thread-1] INFO  server.RaftServerConfigKeys (ConfUtils.java:logGet(43)) - raft.server.log.statemachine.data.sync.timeout.retry = -1 (default)
2019-08-28 20:35:18,138 [pool-472-thread-1] INFO  segmented.SegmentedRaftLogWorker (SegmentedRaftLogWorker.java:<init>(172)) - new a907af4d-6e9b-43fc-a46a-782566b871fb-SegmentedRaftLogWorker:Storage Directory /workdir/hadoop-ozone/integration-test/target/test-dir/MiniOzoneClusterImpl-9f674b4b-7f24-464f-99b8-bd3e1a4ceab8/datanode-3/data/ratis/81486204-ab98-4c99-80a0-aee6acd4d1cf for RaftStorage:Storage Directory /workdir/hadoop-ozone/integration-test/target/test-dir/MiniOzoneClusterImpl-9f674b4b-7f24-464f-99b8-bd3e1a4ceab8/datanode-3/data/ratis/81486204-ab98-4c99-80a0-aee6acd4d1cf
2019-08-28 20:35:18,138 [pool-483-thread-1] INFO  server.RaftServerConfigKeys (ConfUtils.java:logGet(43)) - raft.server.log.statemachine.data.caching.enabled = true (custom)
2019-08-28 20:35:18,138 [pool-494-thread-1] INFO  segmented.SegmentedRaftLogWorker (SegmentedRaftLogWorker.java:<init>(172)) - new 80e4eca2-6bb1-4714-bd4e-8b731fcc1ced-SegmentedRaftLogWorker:Storage Directory /workdir/hadoop-ozone/integration-test/target/test-dir/MiniOzoneClusterImpl-9f674b4b-7f24-464f-99b8-bd3e1a4ceab8/datanode-5/data/ratis/81486204-ab98-4c99-80a0-aee6acd4d1cf for RaftStorage:Storage Directory /workdir/hadoop-ozone/integration-test/target/test-dir/MiniOzoneClusterImpl-9f674b4b-7f24-464f-99b8-bd3e1a4ceab8/datanode-5/data/ratis/81486204-ab98-4c99-80a0-aee6acd4d1cf
2019-08-28 20:35:18,139 [pool-483-thread-1] INFO  segmented.SegmentedRaftLogWorker (SegmentedRaftLogWorker.java:lambda$new$0(132)) - 0e29188f-1bda-4147-b1c2-d5dce43dc229-SegmentedRaftLogWorker:Storage Directory /workdir/hadoop-ozone/integration-test/target/test-dir/MiniOzoneClusterImpl-9f674b4b-7f24-464f-99b8-bd3e1a4ceab8/datanode-4/data/ratis/81486204-ab98-4c99-80a0-aee6acd4d1cf: flushIndex: setUnconditionally 0 -> -1
2019-08-28 20:35:18,138 [pool-472-thread-1] INFO  server.RaftServerConfigKeys (ConfUtils.java:logGet(43)) - raft.server.log.queue.byte-limit = 2147483647 (custom)
2019-08-28 20:35:18,139 [pool-494-thread-1] INFO  server.RaftServerConfigKeys (ConfUtils.java:logGet(43)) - raft.server.log.queue.byte-limit = 2147483647 (custom)
2019-08-28 20:35:18,139 [pool-483-thread-1] INFO  server.RaftServerConfigKeys (ConfUtils.java:logGet(43)) - raft.server.snapshot.auto.trigger.enabled = true (custom)
2019-08-28 20:35:18,139 [pool-472-thread-1] INFO  server.RaftServerConfigKeys (ConfUtils.java:logGet(43)) - raft.server.log.queue.element-limit = 1024 (custom)
2019-08-28 20:35:18,139 [pool-483-thread-1] INFO  server.RaftServerConfigKeys (ConfUtils.java:logGet(43)) - raft.server.snapshot.auto.trigger.threshold = 10000 (custom)
2019-08-28 20:35:18,139 [pool-494-thread-1] INFO  server.RaftServerConfigKeys (ConfUtils.java:logGet(43)) - raft.server.log.queue.element-limit = 1024 (custom)
2019-08-28 20:35:18,140 [pool-483-thread-1] INFO  server.RaftServerConfigKeys (ConfUtils.java:logGet(43)) - raft.server.retrycache.expirytime = 600000ms (custom)
2019-08-28 20:35:18,139 [pool-472-thread-1] INFO  server.RaftServerConfigKeys (ConfUtils.java:logGet(43)) - raft.server.log.segment.size.max = 1048576 (custom)
2019-08-28 20:35:18,140 [pool-483-thread-1] INFO  impl.RaftServerImpl (RaftServerImpl.java:start(180)) - 0e29188f-1bda-4147-b1c2-d5dce43dc229: start group-AEE6ACD4D1CF
2019-08-28 20:35:18,140 [pool-494-thread-1] INFO  server.RaftServerConfigKeys (ConfUtils.java:logGet(43)) - raft.server.log.segment.size.max = 1048576 (custom)
2019-08-28 20:35:18,140 [pool-483-thread-1] INFO  impl.RaftServerImpl (RaftServerImpl.java:setRole(171)) - 0e29188f-1bda-4147-b1c2-d5dce43dc229:group-AEE6ACD4D1CF changes role from null to FOLLOWER at term 0 for startAsFollower
2019-08-28 20:35:18,140 [pool-472-thread-1] INFO  server.RaftServerConfigKeys (ConfUtils.java:logGet(43)) - raft.server.log.preallocated.size = 16384 (custom)
2019-08-28 20:35:18,140 [pool-483-thread-1] INFO  impl.RoleInfo (RoleInfo.java:updateAndGet(143)) - 0e29188f-1bda-4147-b1c2-d5dce43dc229: start FollowerState
2019-08-28 20:35:18,140 [pool-494-thread-1] INFO  server.RaftServerConfigKeys (ConfUtils.java:logGet(43)) - raft.server.log.preallocated.size = 16384 (custom)
2019-08-28 20:35:18,140 [pool-472-thread-1] INFO  server.RaftServerConfigKeys (ConfUtils.java:logGet(43)) - raft.server.log.write.buffer.size = 33554432 (custom)
2019-08-28 20:35:18,141 [pool-494-thread-1] INFO  server.RaftServerConfigKeys (ConfUtils.java:logGet(43)) - raft.server.log.write.buffer.size = 33554432 (custom)
2019-08-28 20:35:18,141 [pool-483-thread-1] INFO  util.JmxRegister (JmxRegister.java:tryRegister(44)) - Successfully registered JMX Bean with object name Ratis:service=RaftServer,group=group-AEE6ACD4D1CF,id=0e29188f-1bda-4147-b1c2-d5dce43dc229
2019-08-28 20:35:18,141 [pool-472-thread-1] INFO  server.RaftServerConfigKeys (ConfUtils.java:logGet(43)) - raft.server.log.force.sync.num = 128 (default)
2019-08-28 20:35:18,141 [pool-494-thread-1] INFO  server.RaftServerConfigKeys (ConfUtils.java:logGet(43)) - raft.server.log.force.sync.num = 128 (default)
2019-08-28 20:35:18,141 [pool-472-thread-1] INFO  server.RaftServerConfigKeys (ConfUtils.java:logGet(43)) - raft.server.log.statemachine.data.sync = true (default)
2019-08-28 20:35:18,142 [pool-494-thread-1] INFO  server.RaftServerConfigKeys (ConfUtils.java:logGet(43)) - raft.server.log.statemachine.data.sync = true (default)
2019-08-28 20:35:18,142 [pool-472-thread-1] INFO  server.RaftServerConfigKeys (ConfUtils.java:logGet(43)) - raft.server.log.statemachine.data.sync.timeout = 10s (default)
2019-08-28 20:35:18,142 [pool-494-thread-1] INFO  server.RaftServerConfigKeys (ConfUtils.java:logGet(43)) - raft.server.log.statemachine.data.sync.timeout = 10s (default)
2019-08-28 20:35:18,142 [pool-472-thread-1] INFO  server.RaftServerConfigKeys (ConfUtils.java:logGet(43)) - raft.server.log.statemachine.data.sync.timeout.retry = -1 (default)
2019-08-28 20:35:18,142 [pool-494-thread-1] INFO  server.RaftServerConfigKeys (ConfUtils.java:logGet(43)) - raft.server.log.statemachine.data.sync.timeout.retry = -1 (default)
2019-08-28 20:35:18,142 [pool-472-thread-1] INFO  server.RaftServerConfigKeys (ConfUtils.java:logGet(43)) - raft.server.log.statemachine.data.caching.enabled = true (custom)
2019-08-28 20:35:18,143 [pool-494-thread-1] INFO  server.RaftServerConfigKeys (ConfUtils.java:logGet(43)) - raft.server.log.statemachine.data.caching.enabled = true (custom)
2019-08-28 20:35:18,143 [pool-494-thread-1] INFO  segmented.SegmentedRaftLogWorker (SegmentedRaftLogWorker.java:lambda$new$0(132)) - 80e4eca2-6bb1-4714-bd4e-8b731fcc1ced-SegmentedRaftLogWorker:Storage Directory /workdir/hadoop-ozone/integration-test/target/test-dir/MiniOzoneClusterImpl-9f674b4b-7f24-464f-99b8-bd3e1a4ceab8/datanode-5/data/ratis/81486204-ab98-4c99-80a0-aee6acd4d1cf: flushIndex: setUnconditionally 0 -> -1
2019-08-28 20:35:18,143 [pool-472-thread-1] INFO  segmented.SegmentedRaftLogWorker (SegmentedRaftLogWorker.java:lambda$new$0(132)) - a907af4d-6e9b-43fc-a46a-782566b871fb-SegmentedRaftLogWorker:Storage Directory /workdir/hadoop-ozone/integration-test/target/test-dir/MiniOzoneClusterImpl-9f674b4b-7f24-464f-99b8-bd3e1a4ceab8/datanode-3/data/ratis/81486204-ab98-4c99-80a0-aee6acd4d1cf: flushIndex: setUnconditionally 0 -> -1
2019-08-28 20:35:18,143 [pool-494-thread-1] INFO  server.RaftServerConfigKeys (ConfUtils.java:logGet(43)) - raft.server.snapshot.auto.trigger.enabled = true (custom)
2019-08-28 20:35:18,144 [pool-494-thread-1] INFO  server.RaftServerConfigKeys (ConfUtils.java:logGet(43)) - raft.server.snapshot.auto.trigger.threshold = 10000 (custom)
2019-08-28 20:35:18,144 [pool-472-thread-1] INFO  server.RaftServerConfigKeys (ConfUtils.java:logGet(43)) - raft.server.snapshot.auto.trigger.enabled = true (custom)
2019-08-28 20:35:18,144 [pool-494-thread-1] INFO  server.RaftServerConfigKeys (ConfUtils.java:logGet(43)) - raft.server.retrycache.expirytime = 600000ms (custom)
2019-08-28 20:35:18,144 [pool-472-thread-1] INFO  server.RaftServerConfigKeys (ConfUtils.java:logGet(43)) - raft.server.snapshot.auto.trigger.threshold = 10000 (custom)
2019-08-28 20:35:18,144 [pool-494-thread-1] INFO  impl.RaftServerImpl (RaftServerImpl.java:start(180)) - 80e4eca2-6bb1-4714-bd4e-8b731fcc1ced: start group-AEE6ACD4D1CF
2019-08-28 20:35:18,144 [pool-472-thread-1] INFO  server.RaftServerConfigKeys (ConfUtils.java:logGet(43)) - raft.server.retrycache.expirytime = 600000ms (custom)
2019-08-28 20:35:18,144 [pool-494-thread-1] INFO  impl.RaftServerImpl (RaftServerImpl.java:setRole(171)) - 80e4eca2-6bb1-4714-bd4e-8b731fcc1ced:group-AEE6ACD4D1CF changes role from null to FOLLOWER at term 0 for startAsFollower
2019-08-28 20:35:18,144 [pool-472-thread-1] INFO  impl.RaftServerImpl (RaftServerImpl.java:start(180)) - a907af4d-6e9b-43fc-a46a-782566b871fb: start group-AEE6ACD4D1CF
2019-08-28 20:35:18,145 [pool-494-thread-1] INFO  impl.RoleInfo (RoleInfo.java:updateAndGet(143)) - 80e4eca2-6bb1-4714-bd4e-8b731fcc1ced: start FollowerState
2019-08-28 20:35:18,145 [pool-472-thread-1] INFO  impl.RaftServerImpl (RaftServerImpl.java:setRole(171)) - a907af4d-6e9b-43fc-a46a-782566b871fb:group-AEE6ACD4D1CF changes role from null to FOLLOWER at term 0 for startAsFollower
2019-08-28 20:35:18,145 [pool-472-thread-1] INFO  impl.RoleInfo (RoleInfo.java:updateAndGet(143)) - a907af4d-6e9b-43fc-a46a-782566b871fb: start FollowerState
2019-08-28 20:35:18,145 [pool-494-thread-1] INFO  util.JmxRegister (JmxRegister.java:tryRegister(44)) - Successfully registered JMX Bean with object name Ratis:service=RaftServer,group=group-AEE6ACD4D1CF,id=80e4eca2-6bb1-4714-bd4e-8b731fcc1ced
2019-08-28 20:35:18,145 [pool-472-thread-1] INFO  util.JmxRegister (JmxRegister.java:tryRegister(44)) - Successfully registered JMX Bean with object name Ratis:service=RaftServer,group=group-AEE6ACD4D1CF,id=a907af4d-6e9b-43fc-a46a-782566b871fb
2019-08-28 20:35:18,148 [RatisPipelineUtilsThread] INFO  pipeline.PipelineStateManager (PipelineStateManager.java:addPipeline(56)) - Created pipeline Pipeline[ Id: 81486204-ab98-4c99-80a0-aee6acd4d1cf, Nodes: a907af4d-6e9b-43fc-a46a-782566b871fb{ip: 192.168.5.177, host: pr-hdds-2051-mwr8n-2748524799, networkLocation: /default-rack, certSerialId: null}0e29188f-1bda-4147-b1c2-d5dce43dc229{ip: 192.168.5.177, host: pr-hdds-2051-mwr8n-2748524799, networkLocation: /default-rack, certSerialId: null}80e4eca2-6bb1-4714-bd4e-8b731fcc1ced{ip: 192.168.5.177, host: pr-hdds-2051-mwr8n-2748524799, networkLocation: /default-rack, certSerialId: null}, Type:RATIS, Factor:THREE, State:OPEN]
2019-08-28 20:35:19,101 [main] INFO  ozone.MiniOzoneClusterImpl (MiniOzoneClusterImpl.java:lambda$waitForClusterToBeReady$0(140)) - Cluster is ready. Got 7 of 7 DN Heartbeats.
2019-08-28 20:35:19,134 [main] INFO  rpc.RpcClient (RpcClient.java:createVolume(293)) - Creating Volume: testblockoutputstream, with jenkins1000 as owner.
2019-08-28 20:35:19,162 | INFO  | OMAudit | user=jenkins1000 | ip=127.0.0.1 | op=CREATE_VOLUME {admin=jenkins1000, owner=jenkins1000, volume=testblockoutputstream, creationTime=1567024519136, quotaInBytes=1152921504606846976} | ret=SUCCESS |  
2019-08-28 20:35:19,177 | INFO  | OMAudit | user=jenkins1000 | ip=127.0.0.1 | op=READ_VOLUME {volume=testblockoutputstream} | ret=SUCCESS |  
2019-08-28 20:35:19,178 [main] INFO  rpc.RpcClient (RpcClient.java:createBucket(432)) - Creating Bucket: testblockoutputstream/testblockoutputstream, with Versioning false and Storage Type set to DISK and Encryption set to false 
2019-08-28 20:35:19,182 | INFO  | OMAudit | user=jenkins1000 | ip=127.0.0.1 | op=CREATE_BUCKET {volume=testblockoutputstream, bucket=testblockoutputstream, acls=[user:jenkins1000:a[ACCESS], group:default:a[ACCESS]], isVersionEnabled=false, storageType=DISK, creationTime=0} | ret=SUCCESS |  
2019-08-28 20:35:19,184 | INFO  | OMAudit | user=jenkins1000 | ip=127.0.0.1 | op=READ_VOLUME {volume=testblockoutputstream} | ret=SUCCESS |  
2019-08-28 20:35:19,186 | INFO  | OMAudit | user=jenkins1000 | ip=127.0.0.1 | op=READ_BUCKET {volume=testblockoutputstream, bucket=testblockoutputstream} | ret=SUCCESS |  
2019-08-28 20:35:19,212 | INFO  | SCMAudit | user=jenkins1000 | ip=127.0.0.1 | op=ALLOCATE_BLOCK {owner=03ac5bed-a01d-4c8b-a9ed-6381bd6e2561, size=800, type=RATIS, factor=THREE} | ret=SUCCESS |  
2019-08-28 20:35:19,216 | INFO  | OMAudit | user=jenkins1000 | ip=127.0.0.1 | op=ALLOCATE_KEY {volume=testblockoutputstream, bucket=testblockoutputstream, key=fcb82129-01ad-4dd5-8a2f-a2af60434a9a, dataSize=0, replicationType=RATIS, replicationFactor=THREE, keyLocationInfo=null} | ret=SUCCESS |  
2019-08-28 20:35:19,232 [grpc-default-executor-10] INFO  client.GrpcClientProtocolClient (GrpcClientProtocolClient.java:onNext(255)) - client-FD3491325FE4->a907af4d-6e9b-43fc-a46a-782566b871fb: receive RaftClientReply:client-FD3491325FE4->a907af4d-6e9b-43fc-a46a-782566b871fb@group-AEE6ACD4D1CF, cid=174, FAILED org.apache.ratis.protocol.NotLeaderException: Server a907af4d-6e9b-43fc-a46a-782566b871fb is not the leader (null). Request must be sent to leader., logIndex=0, commits[a907af4d-6e9b-43fc-a46a-782566b871fb:c-1]
2019-08-28 20:35:19,674 | INFO  | SCMAudit | user=jenkins1000 | ip=192.168.5.177 | op=SEND_HEARTBEAT {datanodeUUID=7428f0d9-f26c-473b-bcbc-c327f695592c, command=[]} | ret=SUCCESS |  
2019-08-28 20:35:19,746 | INFO  | SCMAudit | user=jenkins1000 | ip=192.168.5.177 | op=SEND_HEARTBEAT {datanodeUUID=87d438d6-67b9-4b7c-91be-dfc928839b42, command=[]} | ret=SUCCESS |  
2019-08-28 20:35:19,809 | INFO  | SCMAudit | user=jenkins1000 | ip=192.168.5.177 | op=SEND_HEARTBEAT {datanodeUUID=7fec90bb-c54b-43b1-bf43-d7f2b2685c16, command=[]} | ret=SUCCESS |  
2019-08-28 20:35:19,885 | INFO  | SCMAudit | user=jenkins1000 | ip=192.168.5.177 | op=SEND_HEARTBEAT {datanodeUUID=a907af4d-6e9b-43fc-a46a-782566b871fb, command=[]} | ret=SUCCESS |  
2019-08-28 20:35:19,945 | INFO  | SCMAudit | user=jenkins1000 | ip=192.168.5.177 | op=SEND_HEARTBEAT {datanodeUUID=0e29188f-1bda-4147-b1c2-d5dce43dc229, command=[]} | ret=SUCCESS |  
2019-08-28 20:35:20,009 | INFO  | SCMAudit | user=jenkins1000 | ip=192.168.5.177 | op=SEND_HEARTBEAT {datanodeUUID=80e4eca2-6bb1-4714-bd4e-8b731fcc1ced, command=[]} | ret=SUCCESS |  
2019-08-28 20:35:20,101 | INFO  | SCMAudit | user=jenkins1000 | ip=192.168.5.177 | op=SEND_HEARTBEAT {datanodeUUID=ae3047cd-3e29-40a9-854d-dcce9cae807a, command=[]} | ret=SUCCESS |  
2019-08-28 20:35:20,246 [grpc-default-executor-11] INFO  client.GrpcClientProtocolClient (GrpcClientProtocolClient.java:onNext(255)) - client-FD3491325FE4->80e4eca2-6bb1-4714-bd4e-8b731fcc1ced: receive RaftClientReply:client-FD3491325FE4->80e4eca2-6bb1-4714-bd4e-8b731fcc1ced@group-AEE6ACD4D1CF, cid=174, FAILED org.apache.ratis.protocol.NotLeaderException: Server 80e4eca2-6bb1-4714-bd4e-8b731fcc1ced is not the leader (null). Request must be sent to leader., logIndex=0, commits[80e4eca2-6bb1-4714-bd4e-8b731fcc1ced:c-1]
2019-08-28 20:35:20,675 | INFO  | SCMAudit | user=jenkins1000 | ip=192.168.5.177 | op=SEND_HEARTBEAT {datanodeUUID=7428f0d9-f26c-473b-bcbc-c327f695592c, command=[]} | ret=SUCCESS |  
2019-08-28 20:35:20,687 [Thread-3507] INFO  container.ReplicationManager (ReplicationManager.java:start(152)) - Starting Replication Monitor Thread.
2019-08-28 20:35:20,691 [ReplicationMonitor] INFO  container.ReplicationManager (ReplicationManager.java:run(215)) - Replication Monitor Thread took 0 milliseconds for processing 1 containers.
2019-08-28 20:35:20,747 | INFO  | SCMAudit | user=jenkins1000 | ip=192.168.5.177 | op=SEND_HEARTBEAT {datanodeUUID=87d438d6-67b9-4b7c-91be-dfc928839b42, command=[]} | ret=SUCCESS |  
2019-08-28 20:35:20,809 | INFO  | SCMAudit | user=jenkins1000 | ip=192.168.5.177 | op=SEND_HEARTBEAT {datanodeUUID=7fec90bb-c54b-43b1-bf43-d7f2b2685c16, command=[]} | ret=SUCCESS |  
2019-08-28 20:35:20,885 | INFO  | SCMAudit | user=jenkins1000 | ip=192.168.5.177 | op=SEND_HEARTBEAT {datanodeUUID=a907af4d-6e9b-43fc-a46a-782566b871fb, command=[]} | ret=SUCCESS |  
2019-08-28 20:35:20,946 | INFO  | SCMAudit | user=jenkins1000 | ip=192.168.5.177 | op=SEND_HEARTBEAT {datanodeUUID=0e29188f-1bda-4147-b1c2-d5dce43dc229, command=[]} | ret=SUCCESS |  
2019-08-28 20:35:21,009 | INFO  | SCMAudit | user=jenkins1000 | ip=192.168.5.177 | op=SEND_HEARTBEAT {datanodeUUID=80e4eca2-6bb1-4714-bd4e-8b731fcc1ced, command=[]} | ret=SUCCESS |  
2019-08-28 20:35:21,101 | INFO  | SCMAudit | user=jenkins1000 | ip=192.168.5.177 | op=SEND_HEARTBEAT {datanodeUUID=ae3047cd-3e29-40a9-854d-dcce9cae807a, command=[]} | ret=SUCCESS |  
2019-08-28 20:35:21,257 [grpc-default-executor-10] INFO  client.GrpcClientProtocolClient (GrpcClientProtocolClient.java:onNext(255)) - client-FD3491325FE4->a907af4d-6e9b-43fc-a46a-782566b871fb: receive RaftClientReply:client-FD3491325FE4->a907af4d-6e9b-43fc-a46a-782566b871fb@group-AEE6ACD4D1CF, cid=174, FAILED org.apache.ratis.protocol.NotLeaderException: Server a907af4d-6e9b-43fc-a46a-782566b871fb is not the leader (null). Request must be sent to leader., logIndex=0, commits[a907af4d-6e9b-43fc-a46a-782566b871fb:c-1]
2019-08-28 20:35:21,675 | INFO  | SCMAudit | user=jenkins1000 | ip=192.168.5.177 | op=SEND_HEARTBEAT {datanodeUUID=7428f0d9-f26c-473b-bcbc-c327f695592c, command=[]} | ret=SUCCESS |  
2019-08-28 20:35:21,747 | INFO  | SCMAudit | user=jenkins1000 | ip=192.168.5.177 | op=SEND_HEARTBEAT {datanodeUUID=87d438d6-67b9-4b7c-91be-dfc928839b42, command=[]} | ret=SUCCESS |  
2019-08-28 20:35:21,809 | INFO  | SCMAudit | user=jenkins1000 | ip=192.168.5.177 | op=SEND_HEARTBEAT {datanodeUUID=7fec90bb-c54b-43b1-bf43-d7f2b2685c16, command=[]} | ret=SUCCESS |  
2019-08-28 20:35:21,885 | INFO  | SCMAudit | user=jenkins1000 | ip=192.168.5.177 | op=SEND_HEARTBEAT {datanodeUUID=a907af4d-6e9b-43fc-a46a-782566b871fb, command=[]} | ret=SUCCESS |  
2019-08-28 20:35:21,946 | INFO  | SCMAudit | user=jenkins1000 | ip=192.168.5.177 | op=SEND_HEARTBEAT {datanodeUUID=0e29188f-1bda-4147-b1c2-d5dce43dc229, command=[]} | ret=SUCCESS |  
2019-08-28 20:35:22,009 | INFO  | SCMAudit | user=jenkins1000 | ip=192.168.5.177 | op=SEND_HEARTBEAT {datanodeUUID=80e4eca2-6bb1-4714-bd4e-8b731fcc1ced, command=[]} | ret=SUCCESS |  
2019-08-28 20:35:22,103 | INFO  | SCMAudit | user=jenkins1000 | ip=192.168.5.177 | op=SEND_HEARTBEAT {datanodeUUID=ae3047cd-3e29-40a9-854d-dcce9cae807a, command=[]} | ret=SUCCESS |  
2019-08-28 20:35:22,269 [grpc-default-executor-10] INFO  client.GrpcClientProtocolClient (GrpcClientProtocolClient.java:onNext(255)) - client-FD3491325FE4->0e29188f-1bda-4147-b1c2-d5dce43dc229: receive RaftClientReply:client-FD3491325FE4->0e29188f-1bda-4147-b1c2-d5dce43dc229@group-AEE6ACD4D1CF, cid=174, FAILED org.apache.ratis.protocol.NotLeaderException: Server 0e29188f-1bda-4147-b1c2-d5dce43dc229 is not the leader (null). Request must be sent to leader., logIndex=0, commits[0e29188f-1bda-4147-b1c2-d5dce43dc229:c-1]
2019-08-28 20:35:22,675 | INFO  | SCMAudit | user=jenkins1000 | ip=192.168.5.177 | op=SEND_HEARTBEAT {datanodeUUID=7428f0d9-f26c-473b-bcbc-c327f695592c, command=[]} | ret=SUCCESS |  
2019-08-28 20:35:22,747 | INFO  | SCMAudit | user=jenkins1000 | ip=192.168.5.177 | op=SEND_HEARTBEAT {datanodeUUID=87d438d6-67b9-4b7c-91be-dfc928839b42, command=[]} | ret=SUCCESS |  
2019-08-28 20:35:22,759 [Thread-3509] INFO  impl.FollowerState (FollowerState.java:run(106)) - 7428f0d9-f26c-473b-bcbc-c327f695592c:group-E389D758E98E changes to CANDIDATE, lastRpcTime:5027, electionTimeout:5027ms
2019-08-28 20:35:22,760 [Thread-3509] INFO  impl.RoleInfo (RoleInfo.java:shutdownFollowerState(121)) - 7428f0d9-f26c-473b-bcbc-c327f695592c: shutdown FollowerState
2019-08-28 20:35:22,760 [Thread-3509] INFO  impl.RaftServerImpl (RaftServerImpl.java:setRole(171)) - 7428f0d9-f26c-473b-bcbc-c327f695592c:group-E389D758E98E changes role from FOLLOWER to CANDIDATE at term 0 for changeToCandidate
2019-08-28 20:35:22,760 [Thread-3509] INFO  impl.RoleInfo (RoleInfo.java:updateAndGet(143)) - 7428f0d9-f26c-473b-bcbc-c327f695592c: start LeaderElection
2019-08-28 20:35:22,781 [7428f0d9-f26c-473b-bcbc-c327f695592c:group-E389D758E98E:LeaderElection61] INFO  impl.LeaderElection (LeaderElection.java:askForVotes(181)) - 7428f0d9-f26c-473b-bcbc-c327f695592c:group-E389D758E98E:LeaderElection61: begin an election at term 1 for -1: [7428f0d9-f26c-473b-bcbc-c327f695592c:192.168.5.177:43772], old=null
2019-08-28 20:35:22,781 [7428f0d9-f26c-473b-bcbc-c327f695592c:group-E389D758E98E:LeaderElection61] INFO  impl.RoleInfo (RoleInfo.java:shutdownLeaderElection(134)) - 7428f0d9-f26c-473b-bcbc-c327f695592c: shutdown LeaderElection
2019-08-28 20:35:22,781 [7428f0d9-f26c-473b-bcbc-c327f695592c:group-E389D758E98E:LeaderElection61] INFO  impl.RaftServerImpl (RaftServerImpl.java:setRole(171)) - 7428f0d9-f26c-473b-bcbc-c327f695592c:group-E389D758E98E changes role from CANDIDATE to LEADER at term 1 for changeToLeader
2019-08-28 20:35:22,782 [7428f0d9-f26c-473b-bcbc-c327f695592c:group-E389D758E98E:LeaderElection61] INFO  impl.RaftServerImpl (ServerState.java:setLeader(263)) - 7428f0d9-f26c-473b-bcbc-c327f695592c:group-E389D758E98E change Leader from null to 7428f0d9-f26c-473b-bcbc-c327f695592c at term 1 for becomeLeader, leader elected after 5056ms
2019-08-28 20:35:22,782 [7428f0d9-f26c-473b-bcbc-c327f695592c:group-E389D758E98E:LeaderElection61] INFO  server.RaftServerConfigKeys (ConfUtils.java:logGet(43)) - raft.server.staging.catchup.gap = 1000 (default)
2019-08-28 20:35:22,782 [7428f0d9-f26c-473b-bcbc-c327f695592c:group-E389D758E98E:LeaderElection61] INFO  server.RaftServerConfigKeys (ConfUtils.java:logGet(43)) - raft.server.rpc.sleep.time = 25ms (default)
2019-08-28 20:35:22,782 [7428f0d9-f26c-473b-bcbc-c327f695592c:group-E389D758E98E:LeaderElection61] INFO  server.RaftServerConfigKeys (ConfUtils.java:logGet(43)) - raft.server.write.element-limit = 4096 (default)
2019-08-28 20:35:22,783 [7428f0d9-f26c-473b-bcbc-c327f695592c:group-E389D758E98E:LeaderElection61] INFO  server.RaftServerConfigKeys (ConfUtils.java:logGet(43)) - raft.server.watch.timeout = 10s (default)
2019-08-28 20:35:22,783 [7428f0d9-f26c-473b-bcbc-c327f695592c:group-E389D758E98E:LeaderElection61] INFO  server.RaftServerConfigKeys (ConfUtils.java:logGet(43)) - raft.server.watch.timeout.denomination = 1s (default)
2019-08-28 20:35:22,783 [7428f0d9-f26c-473b-bcbc-c327f695592c:group-E389D758E98E:LeaderElection61] INFO  server.RaftServerConfigKeys (ConfUtils.java:logGet(43)) - raft.server.watch.element-limit = 65536 (default)
2019-08-28 20:35:22,783 [7428f0d9-f26c-473b-bcbc-c327f695592c:group-E389D758E98E:LeaderElection61] INFO  impl.RoleInfo (RoleInfo.java:updateAndGet(143)) - 7428f0d9-f26c-473b-bcbc-c327f695592c: start LeaderState
2019-08-28 20:35:22,784 [7428f0d9-f26c-473b-bcbc-c327f695592c:group-E389D758E98E:LeaderElection61] INFO  segmented.SegmentedRaftLogWorker (SegmentedRaftLogWorker.java:startLogSegment(380)) - 7428f0d9-f26c-473b-bcbc-c327f695592c-SegmentedRaftLogWorker:Storage Directory /workdir/hadoop-ozone/integration-test/target/test-dir/MiniOzoneClusterImpl-9f674b4b-7f24-464f-99b8-bd3e1a4ceab8/datanode-0/data/ratis/46302ca2-fde8-499e-8c9a-e389d758e98e: Starting segment from index:0
2019-08-28 20:35:22,785 [7428f0d9-f26c-473b-bcbc-c327f695592c:group-E389D758E98E:LeaderElection61] INFO  impl.RaftServerImpl (ServerState.java:setRaftConf(361)) - 7428f0d9-f26c-473b-bcbc-c327f695592c:group-E389D758E98E set configuration 0: [7428f0d9-f26c-473b-bcbc-c327f695592c:192.168.5.177:43772], old=null at 0
2019-08-28 20:35:22,810 | INFO  | SCMAudit | user=jenkins1000 | ip=192.168.5.177 | op=SEND_HEARTBEAT {datanodeUUID=7fec90bb-c54b-43b1-bf43-d7f2b2685c16, command=[]} | ret=SUCCESS |  
2019-08-28 20:35:22,843 [7428f0d9-f26c-473b-bcbc-c327f695592c-SegmentedRaftLogWorker:Storage Directory /workdir/hadoop-ozone/integration-test/target/test-dir/MiniOzoneClusterImpl-9f674b4b-7f24-464f-99b8-bd3e1a4ceab8/datanode-0/data/ratis/46302ca2-fde8-499e-8c9a-e389d758e98e] INFO  segmented.SegmentedRaftLogWorker (SegmentedRaftLogWorker.java:execute(569)) - 7428f0d9-f26c-473b-bcbc-c327f695592c-SegmentedRaftLogWorker:Storage Directory /workdir/hadoop-ozone/integration-test/target/test-dir/MiniOzoneClusterImpl-9f674b4b-7f24-464f-99b8-bd3e1a4ceab8/datanode-0/data/ratis/46302ca2-fde8-499e-8c9a-e389d758e98e: created new log segment /workdir/hadoop-ozone/integration-test/target/test-dir/MiniOzoneClusterImpl-9f674b4b-7f24-464f-99b8-bd3e1a4ceab8/datanode-0/data/ratis/46302ca2-fde8-499e-8c9a-e389d758e98e/current/log_inprogress_0
2019-08-28 20:35:22,886 | INFO  | SCMAudit | user=jenkins1000 | ip=192.168.5.177 | op=SEND_HEARTBEAT {datanodeUUID=a907af4d-6e9b-43fc-a46a-782566b871fb, command=[]} | ret=SUCCESS |  
2019-08-28 20:35:22,946 | INFO  | SCMAudit | user=jenkins1000 | ip=192.168.5.177 | op=SEND_HEARTBEAT {datanodeUUID=0e29188f-1bda-4147-b1c2-d5dce43dc229, command=[]} | ret=SUCCESS |  
2019-08-28 20:35:22,957 [Thread-3512] INFO  impl.FollowerState (FollowerState.java:run(106)) - 87d438d6-67b9-4b7c-91be-dfc928839b42:group-2ACA3344CE5A changes to CANDIDATE, lastRpcTime:5169, electionTimeout:5169ms
2019-08-28 20:35:22,957 [Thread-3512] INFO  impl.RoleInfo (RoleInfo.java:shutdownFollowerState(121)) - 87d438d6-67b9-4b7c-91be-dfc928839b42: shutdown FollowerState
2019-08-28 20:35:22,957 [Thread-3512] INFO  impl.RaftServerImpl (RaftServerImpl.java:setRole(171)) - 87d438d6-67b9-4b7c-91be-dfc928839b42:group-2ACA3344CE5A changes role from FOLLOWER to CANDIDATE at term 0 for changeToCandidate
2019-08-28 20:35:22,957 [Thread-3512] INFO  impl.RoleInfo (RoleInfo.java:updateAndGet(143)) - 87d438d6-67b9-4b7c-91be-dfc928839b42: start LeaderElection
2019-08-28 20:35:22,962 [Thread-3518] INFO  impl.FollowerState (FollowerState.java:run(106)) - 7428f0d9-f26c-473b-bcbc-c327f695592c:group-D0AA1A9CB011 changes to CANDIDATE, lastRpcTime:5060, electionTimeout:5059ms
2019-08-28 20:35:22,964 [Thread-3518] INFO  impl.RoleInfo (RoleInfo.java:shutdownFollowerState(121)) - 7428f0d9-f26c-473b-bcbc-c327f695592c: shutdown FollowerState
2019-08-28 20:35:22,965 [Thread-3518] INFO  impl.RaftServerImpl (RaftServerImpl.java:setRole(171)) - 7428f0d9-f26c-473b-bcbc-c327f695592c:group-D0AA1A9CB011 changes role from FOLLOWER to CANDIDATE at term 0 for changeToCandidate
2019-08-28 20:35:22,965 [Thread-3518] INFO  impl.RoleInfo (RoleInfo.java:updateAndGet(143)) - 7428f0d9-f26c-473b-bcbc-c327f695592c: start LeaderElection
2019-08-28 20:35:22,967 [Thread-3522] INFO  impl.FollowerState (FollowerState.java:run(106)) - 7fec90bb-c54b-43b1-bf43-d7f2b2685c16:group-D0AA1A9CB011 changes to CANDIDATE, lastRpcTime:5061, electionTimeout:5059ms
2019-08-28 20:35:22,967 [Thread-3522] INFO  impl.RoleInfo (RoleInfo.java:shutdownFollowerState(121)) - 7fec90bb-c54b-43b1-bf43-d7f2b2685c16: shutdown FollowerState
2019-08-28 20:35:22,971 [Thread-3522] INFO  impl.RaftServerImpl (RaftServerImpl.java:setRole(171)) - 7fec90bb-c54b-43b1-bf43-d7f2b2685c16:group-D0AA1A9CB011 changes role from FOLLOWER to CANDIDATE at term 0 for changeToCandidate
2019-08-28 20:35:22,971 [Thread-3522] INFO  impl.RoleInfo (RoleInfo.java:updateAndGet(143)) - 7fec90bb-c54b-43b1-bf43-d7f2b2685c16: start LeaderElection
2019-08-28 20:35:22,978 [7428f0d9-f26c-473b-bcbc-c327f695592c:group-D0AA1A9CB011:LeaderElection63] INFO  impl.LeaderElection (LeaderElection.java:askForVotes(181)) - 7428f0d9-f26c-473b-bcbc-c327f695592c:group-D0AA1A9CB011:LeaderElection63: begin an election at term 1 for -1: [7428f0d9-f26c-473b-bcbc-c327f695592c:192.168.5.177:43772, 87d438d6-67b9-4b7c-91be-dfc928839b42:192.168.5.177:40307, 7fec90bb-c54b-43b1-bf43-d7f2b2685c16:192.168.5.177:39499], old=null
2019-08-28 20:35:22,978 [87d438d6-67b9-4b7c-91be-dfc928839b42:group-2ACA3344CE5A:LeaderElection62] INFO  impl.LeaderElection (LeaderElection.java:askForVotes(181)) - 87d438d6-67b9-4b7c-91be-dfc928839b42:group-2ACA3344CE5A:LeaderElection62: begin an election at term 1 for -1: [87d438d6-67b9-4b7c-91be-dfc928839b42:192.168.5.177:40307], old=null
2019-08-28 20:35:22,978 [Thread-3515] INFO  impl.FollowerState (FollowerState.java:run(106)) - 7fec90bb-c54b-43b1-bf43-d7f2b2685c16:group-14565ADEBEF5 changes to CANDIDATE, lastRpcTime:5129, electionTimeout:5129ms
2019-08-28 20:35:22,979 [87d438d6-67b9-4b7c-91be-dfc928839b42:group-2ACA3344CE5A:LeaderElection62] INFO  impl.RoleInfo (RoleInfo.java:shutdownLeaderElection(134)) - 87d438d6-67b9-4b7c-91be-dfc928839b42: shutdown LeaderElection
2019-08-28 20:35:22,979 [Thread-3515] INFO  impl.RoleInfo (RoleInfo.java:shutdownFollowerState(121)) - 7fec90bb-c54b-43b1-bf43-d7f2b2685c16: shutdown FollowerState
2019-08-28 20:35:22,979 [87d438d6-67b9-4b7c-91be-dfc928839b42:group-2ACA3344CE5A:LeaderElection62] INFO  impl.RaftServerImpl (RaftServerImpl.java:setRole(171)) - 87d438d6-67b9-4b7c-91be-dfc928839b42:group-2ACA3344CE5A changes role from CANDIDATE to LEADER at term 1 for changeToLeader
2019-08-28 20:35:22,979 [87d438d6-67b9-4b7c-91be-dfc928839b42:group-2ACA3344CE5A:LeaderElection62] INFO  impl.RaftServerImpl (ServerState.java:setLeader(263)) - 87d438d6-67b9-4b7c-91be-dfc928839b42:group-2ACA3344CE5A change Leader from null to 87d438d6-67b9-4b7c-91be-dfc928839b42 at term 1 for becomeLeader, leader elected after 5196ms
2019-08-28 20:35:22,979 [Thread-3515] INFO  impl.RaftServerImpl (RaftServerImpl.java:setRole(171)) - 7fec90bb-c54b-43b1-bf43-d7f2b2685c16:group-14565ADEBEF5 changes role from FOLLOWER to CANDIDATE at term 0 for changeToCandidate
2019-08-28 20:35:22,980 [87d438d6-67b9-4b7c-91be-dfc928839b42:group-2ACA3344CE5A:LeaderElection62] INFO  server.RaftServerConfigKeys (ConfUtils.java:logGet(43)) - raft.server.staging.catchup.gap = 1000 (default)
2019-08-28 20:35:22,980 [Thread-3515] INFO  impl.RoleInfo (RoleInfo.java:updateAndGet(143)) - 7fec90bb-c54b-43b1-bf43-d7f2b2685c16: start LeaderElection
2019-08-28 20:35:22,980 [87d438d6-67b9-4b7c-91be-dfc928839b42:group-2ACA3344CE5A:LeaderElection62] INFO  server.RaftServerConfigKeys (ConfUtils.java:logGet(43)) - raft.server.rpc.sleep.time = 25ms (default)
2019-08-28 20:35:22,980 [7fec90bb-c54b-43b1-bf43-d7f2b2685c16:group-D0AA1A9CB011:LeaderElection64] INFO  impl.LeaderElection (LeaderElection.java:askForVotes(181)) - 7fec90bb-c54b-43b1-bf43-d7f2b2685c16:group-D0AA1A9CB011:LeaderElection64: begin an election at term 1 for -1: [7428f0d9-f26c-473b-bcbc-c327f695592c:192.168.5.177:43772, 87d438d6-67b9-4b7c-91be-dfc928839b42:192.168.5.177:40307, 7fec90bb-c54b-43b1-bf43-d7f2b2685c16:192.168.5.177:39499], old=null
2019-08-28 20:35:22,982 [87d438d6-67b9-4b7c-91be-dfc928839b42:group-2ACA3344CE5A:LeaderElection62] INFO  server.RaftServerConfigKeys (ConfUtils.java:logGet(43)) - raft.server.write.element-limit = 4096 (default)
2019-08-28 20:35:22,983 [87d438d6-67b9-4b7c-91be-dfc928839b42:group-2ACA3344CE5A:LeaderElection62] INFO  server.RaftServerConfigKeys (ConfUtils.java:logGet(43)) - raft.server.watch.timeout = 10s (default)
2019-08-28 20:35:22,998 [87d438d6-67b9-4b7c-91be-dfc928839b42:group-2ACA3344CE5A:LeaderElection62] INFO  server.RaftServerConfigKeys (ConfUtils.java:logGet(43)) - raft.server.watch.timeout.denomination = 1s (default)
2019-08-28 20:35:22,998 [87d438d6-67b9-4b7c-91be-dfc928839b42:group-2ACA3344CE5A:LeaderElection62] INFO  server.RaftServerConfigKeys (ConfUtils.java:logGet(43)) - raft.server.watch.element-limit = 65536 (default)
2019-08-28 20:35:22,999 [87d438d6-67b9-4b7c-91be-dfc928839b42:group-2ACA3344CE5A:LeaderElection62] INFO  impl.RoleInfo (RoleInfo.java:updateAndGet(143)) - 87d438d6-67b9-4b7c-91be-dfc928839b42: start LeaderState
2019-08-28 20:35:22,999 [87d438d6-67b9-4b7c-91be-dfc928839b42:group-2ACA3344CE5A:LeaderElection62] INFO  segmented.SegmentedRaftLogWorker (SegmentedRaftLogWorker.java:startLogSegment(380)) - 87d438d6-67b9-4b7c-91be-dfc928839b42-SegmentedRaftLogWorker:Storage Directory /workdir/hadoop-ozone/integration-test/target/test-dir/MiniOzoneClusterImpl-9f674b4b-7f24-464f-99b8-bd3e1a4ceab8/datanode-1/data/ratis/8aee766e-3aa2-4b83-86f5-2aca3344ce5a: Starting segment from index:0
2019-08-28 20:35:23,002 [87d438d6-67b9-4b7c-91be-dfc928839b42:group-2ACA3344CE5A:LeaderElection62] INFO  impl.RaftServerImpl (ServerState.java:setRaftConf(361)) - 87d438d6-67b9-4b7c-91be-dfc928839b42:group-2ACA3344CE5A set configuration 0: [87d438d6-67b9-4b7c-91be-dfc928839b42:192.168.5.177:40307], old=null at 0
2019-08-28 20:35:23,003 [grpc-default-executor-10] INFO  impl.RaftServerImpl (RaftServerImpl.java:setRole(171)) - 87d438d6-67b9-4b7c-91be-dfc928839b42:group-D0AA1A9CB011 changes role from FOLLOWER to FOLLOWER at term 1 for recognizeCandidate:7428f0d9-f26c-473b-bcbc-c327f695592c
2019-08-28 20:35:23,003 [grpc-default-executor-10] INFO  impl.RoleInfo (RoleInfo.java:shutdownFollowerState(121)) - 87d438d6-67b9-4b7c-91be-dfc928839b42: shutdown FollowerState
2019-08-28 20:35:23,036 [7fec90bb-c54b-43b1-bf43-d7f2b2685c16:group-14565ADEBEF5:LeaderElection65] INFO  impl.LeaderElection (LeaderElection.java:askForVotes(181)) - 7fec90bb-c54b-43b1-bf43-d7f2b2685c16:group-14565ADEBEF5:LeaderElection65: begin an election at term 1 for -1: [7fec90bb-c54b-43b1-bf43-d7f2b2685c16:192.168.5.177:39499], old=null
2019-08-28 20:35:23,036 [grpc-default-executor-10] INFO  impl.RoleInfo (RoleInfo.java:updateAndGet(143)) - 87d438d6-67b9-4b7c-91be-dfc928839b42: start FollowerState
2019-08-28 20:35:23,036 [7fec90bb-c54b-43b1-bf43-d7f2b2685c16:group-14565ADEBEF5:LeaderElection65] INFO  impl.RoleInfo (RoleInfo.java:shutdownLeaderElection(134)) - 7fec90bb-c54b-43b1-bf43-d7f2b2685c16: shutdown LeaderElection
2019-08-28 20:35:23,036 | INFO  | SCMAudit | user=jenkins1000 | ip=192.168.5.177 | op=SEND_HEARTBEAT {datanodeUUID=80e4eca2-6bb1-4714-bd4e-8b731fcc1ced, command=[]} | ret=SUCCESS |  
2019-08-28 20:35:23,036 [Thread-3523] INFO  impl.FollowerState (FollowerState.java:run(114)) - 87d438d6-67b9-4b7c-91be-dfc928839b42: FollowerState was interrupted: java.lang.InterruptedException: sleep interrupted
2019-08-28 20:35:23,037 [7fec90bb-c54b-43b1-bf43-d7f2b2685c16:group-14565ADEBEF5:LeaderElection65] INFO  impl.RaftServerImpl (RaftServerImpl.java:setRole(171)) - 7fec90bb-c54b-43b1-bf43-d7f2b2685c16:group-14565ADEBEF5 changes role from CANDIDATE to LEADER at term 1 for changeToLeader
2019-08-28 20:35:23,039 [7fec90bb-c54b-43b1-bf43-d7f2b2685c16:group-14565ADEBEF5:LeaderElection65] INFO  impl.RaftServerImpl (ServerState.java:setLeader(263)) - 7fec90bb-c54b-43b1-bf43-d7f2b2685c16:group-14565ADEBEF5 change Leader from null to 7fec90bb-c54b-43b1-bf43-d7f2b2685c16 at term 1 for becomeLeader, leader elected after 5194ms
2019-08-28 20:35:23,039 [7fec90bb-c54b-43b1-bf43-d7f2b2685c16:group-14565ADEBEF5:LeaderElection65] INFO  server.RaftServerConfigKeys (ConfUtils.java:logGet(43)) - raft.server.staging.catchup.gap = 1000 (default)
2019-08-28 20:35:23,039 [87d438d6-67b9-4b7c-91be-dfc928839b42-SegmentedRaftLogWorker:Storage Directory /workdir/hadoop-ozone/integration-test/target/test-dir/MiniOzoneClusterImpl-9f674b4b-7f24-464f-99b8-bd3e1a4ceab8/datanode-1/data/ratis/8aee766e-3aa2-4b83-86f5-2aca3344ce5a] INFO  segmented.SegmentedRaftLogWorker (SegmentedRaftLogWorker.java:execute(569)) - 87d438d6-67b9-4b7c-91be-dfc928839b42-SegmentedRaftLogWorker:Storage Directory /workdir/hadoop-ozone/integration-test/target/test-dir/MiniOzoneClusterImpl-9f674b4b-7f24-464f-99b8-bd3e1a4ceab8/datanode-1/data/ratis/8aee766e-3aa2-4b83-86f5-2aca3344ce5a: created new log segment /workdir/hadoop-ozone/integration-test/target/test-dir/MiniOzoneClusterImpl-9f674b4b-7f24-464f-99b8-bd3e1a4ceab8/datanode-1/data/ratis/8aee766e-3aa2-4b83-86f5-2aca3344ce5a/current/log_inprogress_0
2019-08-28 20:35:23,039 [7fec90bb-c54b-43b1-bf43-d7f2b2685c16:group-14565ADEBEF5:LeaderElection65] INFO  server.RaftServerConfigKeys (ConfUtils.java:logGet(43)) - raft.server.rpc.sleep.time = 25ms (default)
2019-08-28 20:35:23,039 [7fec90bb-c54b-43b1-bf43-d7f2b2685c16:group-14565ADEBEF5:LeaderElection65] INFO  server.RaftServerConfigKeys (ConfUtils.java:logGet(43)) - raft.server.write.element-limit = 4096 (default)
2019-08-28 20:35:23,040 [7fec90bb-c54b-43b1-bf43-d7f2b2685c16:group-14565ADEBEF5:LeaderElection65] INFO  server.RaftServerConfigKeys (ConfUtils.java:logGet(43)) - raft.server.watch.timeout = 10s (default)
2019-08-28 20:35:23,040 [7fec90bb-c54b-43b1-bf43-d7f2b2685c16:group-14565ADEBEF5:LeaderElection65] INFO  server.RaftServerConfigKeys (ConfUtils.java:logGet(43)) - raft.server.watch.timeout.denomination = 1s (default)
2019-08-28 20:35:23,040 [7fec90bb-c54b-43b1-bf43-d7f2b2685c16:group-14565ADEBEF5:LeaderElection65] INFO  server.RaftServerConfigKeys (ConfUtils.java:logGet(43)) - raft.server.watch.element-limit = 65536 (default)
2019-08-28 20:35:23,040 [7fec90bb-c54b-43b1-bf43-d7f2b2685c16:group-14565ADEBEF5:LeaderElection65] INFO  impl.RoleInfo (RoleInfo.java:updateAndGet(143)) - 7fec90bb-c54b-43b1-bf43-d7f2b2685c16: start LeaderState
2019-08-28 20:35:23,041 [7fec90bb-c54b-43b1-bf43-d7f2b2685c16:group-14565ADEBEF5:LeaderElection65] INFO  segmented.SegmentedRaftLogWorker (SegmentedRaftLogWorker.java:startLogSegment(380)) - 7fec90bb-c54b-43b1-bf43-d7f2b2685c16-SegmentedRaftLogWorker:Storage Directory /workdir/hadoop-ozone/integration-test/target/test-dir/MiniOzoneClusterImpl-9f674b4b-7f24-464f-99b8-bd3e1a4ceab8/datanode-2/data/ratis/790f80ea-3618-4023-958f-14565adebef5: Starting segment from index:0
2019-08-28 20:35:23,041 [7fec90bb-c54b-43b1-bf43-d7f2b2685c16:group-14565ADEBEF5:LeaderElection65] INFO  impl.RaftServerImpl (ServerState.java:setRaftConf(361)) - 7fec90bb-c54b-43b1-bf43-d7f2b2685c16:group-14565ADEBEF5 set configuration 0: [7fec90bb-c54b-43b1-bf43-d7f2b2685c16:192.168.5.177:39499], old=null at 0
2019-08-28 20:35:23,072 [Thread-3530] INFO  impl.FollowerState (FollowerState.java:run(106)) - 0e29188f-1bda-4147-b1c2-d5dce43dc229:group-F4F4AEBE1910 changes to CANDIDATE, lastRpcTime:5046, electionTimeout:5042ms
2019-08-28 20:35:23,072 [Thread-3530] INFO  impl.RoleInfo (RoleInfo.java:shutdownFollowerState(121)) - 0e29188f-1bda-4147-b1c2-d5dce43dc229: shutdown FollowerState
2019-08-28 20:35:23,072 [Thread-3530] INFO  impl.RaftServerImpl (RaftServerImpl.java:setRole(171)) - 0e29188f-1bda-4147-b1c2-d5dce43dc229:group-F4F4AEBE1910 changes role from FOLLOWER to CANDIDATE at term 0 for changeToCandidate
2019-08-28 20:35:23,072 [Thread-3530] INFO  impl.RoleInfo (RoleInfo.java:updateAndGet(143)) - 0e29188f-1bda-4147-b1c2-d5dce43dc229: start LeaderElection
2019-08-28 20:35:23,079 [7428f0d9-f26c-473b-bcbc-c327f695592c:group-D0AA1A9CB011:LeaderElection63] INFO  impl.LeaderElection (LeaderElection.java:logAndReturn(56)) - 7428f0d9-f26c-473b-bcbc-c327f695592c:group-D0AA1A9CB011:LeaderElection63: Election PASSED; received 2 response(s) [7428f0d9-f26c-473b-bcbc-c327f695592c<-7fec90bb-c54b-43b1-bf43-d7f2b2685c16#0:FAIL-t1, 7428f0d9-f26c-473b-bcbc-c327f695592c<-87d438d6-67b9-4b7c-91be-dfc928839b42#0:OK-t1] and 0 exception(s); 7428f0d9-f26c-473b-bcbc-c327f695592c:t1, leader=null, voted=7428f0d9-f26c-473b-bcbc-c327f695592c, raftlog=7428f0d9-f26c-473b-bcbc-c327f695592c-SegmentedRaftLog:OPENED:c-1,f-1,i0, conf=-1: [7428f0d9-f26c-473b-bcbc-c327f695592c:192.168.5.177:43772, 87d438d6-67b9-4b7c-91be-dfc928839b42:192.168.5.177:40307, 7fec90bb-c54b-43b1-bf43-d7f2b2685c16:192.168.5.177:39499], old=null
2019-08-28 20:35:23,079 [7fec90bb-c54b-43b1-bf43-d7f2b2685c16:group-D0AA1A9CB011:LeaderElection64] INFO  impl.LeaderElection (LeaderElection.java:logAndReturn(56)) - 7fec90bb-c54b-43b1-bf43-d7f2b2685c16:group-D0AA1A9CB011:LeaderElection64: Election REJECTED; received 2 response(s) [7fec90bb-c54b-43b1-bf43-d7f2b2685c16<-7428f0d9-f26c-473b-bcbc-c327f695592c#0:FAIL-t1, 7fec90bb-c54b-43b1-bf43-d7f2b2685c16<-87d438d6-67b9-4b7c-91be-dfc928839b42#0:FAIL-t1] and 0 exception(s); 7fec90bb-c54b-43b1-bf43-d7f2b2685c16:t1, leader=null, voted=7fec90bb-c54b-43b1-bf43-d7f2b2685c16, raftlog=7fec90bb-c54b-43b1-bf43-d7f2b2685c16-SegmentedRaftLog:OPENED:c-1,f-1,i0, conf=-1: [7428f0d9-f26c-473b-bcbc-c327f695592c:192.168.5.177:43772, 87d438d6-67b9-4b7c-91be-dfc928839b42:192.168.5.177:40307, 7fec90bb-c54b-43b1-bf43-d7f2b2685c16:192.168.5.177:39499], old=null
2019-08-28 20:35:23,079 [7428f0d9-f26c-473b-bcbc-c327f695592c:group-D0AA1A9CB011:LeaderElection63] INFO  impl.RoleInfo (RoleInfo.java:shutdownLeaderElection(134)) - 7428f0d9-f26c-473b-bcbc-c327f695592c: shutdown LeaderElection
2019-08-28 20:35:23,080 [7fec90bb-c54b-43b1-bf43-d7f2b2685c16:group-D0AA1A9CB011:LeaderElection64] INFO  impl.RaftServerImpl (RaftServerImpl.java:setRole(171)) - 7fec90bb-c54b-43b1-bf43-d7f2b2685c16:group-D0AA1A9CB011 changes role from CANDIDATE to FOLLOWER at term 1 for DISCOVERED_A_NEW_TERM
2019-08-28 20:35:23,080 [7428f0d9-f26c-473b-bcbc-c327f695592c:group-D0AA1A9CB011:LeaderElection63] INFO  impl.RaftServerImpl (RaftServerImpl.java:setRole(171)) - 7428f0d9-f26c-473b-bcbc-c327f695592c:group-D0AA1A9CB011 changes role from CANDIDATE to LEADER at term 1 for changeToLeader
2019-08-28 20:35:23,080 [7fec90bb-c54b-43b1-bf43-d7f2b2685c16:group-D0AA1A9CB011:LeaderElection64] INFO  impl.RoleInfo (RoleInfo.java:shutdownLeaderElection(134)) - 7fec90bb-c54b-43b1-bf43-d7f2b2685c16: shutdown LeaderElection
2019-08-28 20:35:23,080 [7428f0d9-f26c-473b-bcbc-c327f695592c:group-D0AA1A9CB011:LeaderElection63] INFO  impl.RaftServerImpl (ServerState.java:setLeader(263)) - 7428f0d9-f26c-473b-bcbc-c327f695592c:group-D0AA1A9CB011 change Leader from null to 7428f0d9-f26c-473b-bcbc-c327f695592c at term 1 for becomeLeader, leader elected after 5187ms
2019-08-28 20:35:23,080 [7fec90bb-c54b-43b1-bf43-d7f2b2685c16:group-D0AA1A9CB011:LeaderElection64] INFO  impl.RoleInfo (RoleInfo.java:updateAndGet(143)) - 7fec90bb-c54b-43b1-bf43-d7f2b2685c16: start FollowerState
2019-08-28 20:35:23,080 [7428f0d9-f26c-473b-bcbc-c327f695592c:group-D0AA1A9CB011:LeaderElection63] INFO  server.RaftServerConfigKeys (ConfUtils.java:logGet(43)) - raft.server.staging.catchup.gap = 1000 (default)
2019-08-28 20:35:23,081 [7428f0d9-f26c-473b-bcbc-c327f695592c:group-D0AA1A9CB011:LeaderElection63] INFO  server.RaftServerConfigKeys (ConfUtils.java:logGet(43)) - raft.server.rpc.sleep.time = 25ms (default)
2019-08-28 20:35:23,081 [7428f0d9-f26c-473b-bcbc-c327f695592c:group-D0AA1A9CB011:LeaderElection63] INFO  server.RaftServerConfigKeys (ConfUtils.java:logGet(43)) - raft.server.write.element-limit = 4096 (default)
2019-08-28 20:35:23,081 [7428f0d9-f26c-473b-bcbc-c327f695592c:group-D0AA1A9CB011:LeaderElection63] INFO  server.RaftServerConfigKeys (ConfUtils.java:logGet(43)) - raft.server.watch.timeout = 10s (default)
2019-08-28 20:35:23,081 [7428f0d9-f26c-473b-bcbc-c327f695592c:group-D0AA1A9CB011:LeaderElection63] INFO  server.RaftServerConfigKeys (ConfUtils.java:logGet(43)) - raft.server.watch.timeout.denomination = 1s (default)
2019-08-28 20:35:23,081 [7428f0d9-f26c-473b-bcbc-c327f695592c:group-D0AA1A9CB011:LeaderElection63] INFO  server.RaftServerConfigKeys (ConfUtils.java:logGet(43)) - raft.server.watch.element-limit = 65536 (default)
2019-08-28 20:35:23,082 [7428f0d9-f26c-473b-bcbc-c327f695592c:group-D0AA1A9CB011:LeaderElection63] INFO  server.RaftServerConfigKeys (ConfUtils.java:logGet(43)) - raft.server.log.appender.snapshot.chunk.size.max = 16MB (=16777216) (default)
2019-08-28 20:35:23,082 [7428f0d9-f26c-473b-bcbc-c327f695592c:group-D0AA1A9CB011:LeaderElection63] INFO  server.RaftServerConfigKeys (ConfUtils.java:logGet(43)) - raft.server.log.appender.buffer.byte-limit = 33554432 (custom)
2019-08-28 20:35:23,082 [7428f0d9-f26c-473b-bcbc-c327f695592c:group-D0AA1A9CB011:LeaderElection63] INFO  server.RaftServerConfigKeys (ConfUtils.java:logGet(43)) - raft.server.log.appender.buffer.element-limit = 1 (custom)
2019-08-28 20:35:23,082 [7428f0d9-f26c-473b-bcbc-c327f695592c:group-D0AA1A9CB011:LeaderElection63] INFO  grpc.GrpcConfigKeys$Server (ConfUtils.java:logGet(43)) - raft.grpc.server.leader.outstanding.appends.max = 128 (default)
2019-08-28 20:35:23,083 [7428f0d9-f26c-473b-bcbc-c327f695592c:group-D0AA1A9CB011:LeaderElection63] INFO  server.RaftServerConfigKeys (ConfUtils.java:logGet(43)) - raft.server.rpc.request.timeout = 3000ms (default)
2019-08-28 20:35:23,083 [7428f0d9-f26c-473b-bcbc-c327f695592c:group-D0AA1A9CB011:LeaderElection63] INFO  server.RaftServerConfigKeys (ConfUtils.java:logGet(43)) - raft.server.log.appender.install.snapshot.enabled = false (custom)
2019-08-28 20:35:23,083 [7428f0d9-f26c-473b-bcbc-c327f695592c:group-D0AA1A9CB011:LeaderElection63] INFO  server.RaftServerConfigKeys (ConfUtils.java:logGet(43)) - raft.server.log.appender.snapshot.chunk.size.max = 16MB (=16777216) (default)
2019-08-28 20:35:23,083 [7428f0d9-f26c-473b-bcbc-c327f695592c:group-D0AA1A9CB011:LeaderElection63] INFO  server.RaftServerConfigKeys (ConfUtils.java:logGet(43)) - raft.server.log.appender.buffer.byte-limit = 33554432 (custom)
2019-08-28 20:35:23,083 [7428f0d9-f26c-473b-bcbc-c327f695592c:group-D0AA1A9CB011:LeaderElection63] INFO  server.RaftServerConfigKeys (ConfUtils.java:logGet(43)) - raft.server.log.appender.buffer.element-limit = 1 (custom)
2019-08-28 20:35:23,084 [7428f0d9-f26c-473b-bcbc-c327f695592c:group-D0AA1A9CB011:LeaderElection63] INFO  grpc.GrpcConfigKeys$Server (ConfUtils.java:logGet(43)) - raft.grpc.server.leader.outstanding.appends.max = 128 (default)
2019-08-28 20:35:23,084 [7428f0d9-f26c-473b-bcbc-c327f695592c:group-D0AA1A9CB011:LeaderElection63] INFO  server.RaftServerConfigKeys (ConfUtils.java:logGet(43)) - raft.server.rpc.request.timeout = 3000ms (default)
2019-08-28 20:35:23,084 [7428f0d9-f26c-473b-bcbc-c327f695592c:group-D0AA1A9CB011:LeaderElection63] INFO  server.RaftServerConfigKeys (ConfUtils.java:logGet(43)) - raft.server.log.appender.install.snapshot.enabled = false (custom)
2019-08-28 20:35:23,084 [7428f0d9-f26c-473b-bcbc-c327f695592c:group-D0AA1A9CB011:LeaderElection63] INFO  impl.RoleInfo (RoleInfo.java:updateAndGet(143)) - 7428f0d9-f26c-473b-bcbc-c327f695592c: start LeaderState
2019-08-28 20:35:23,084 [7428f0d9-f26c-473b-bcbc-c327f695592c:group-D0AA1A9CB011:LeaderElection63] INFO  segmented.SegmentedRaftLogWorker (SegmentedRaftLogWorker.java:startLogSegment(380)) - 7428f0d9-f26c-473b-bcbc-c327f695592c-SegmentedRaftLogWorker:Storage Directory /workdir/hadoop-ozone/integration-test/target/test-dir/MiniOzoneClusterImpl-9f674b4b-7f24-464f-99b8-bd3e1a4ceab8/datanode-0/data/ratis/03328a2e-9ab0-4b4f-80b8-d0aa1a9cb011: Starting segment from index:0
2019-08-28 20:35:23,085 [7fec90bb-c54b-43b1-bf43-d7f2b2685c16-SegmentedRaftLogWorker:Storage Directory /workdir/hadoop-ozone/integration-test/target/test-dir/MiniOzoneClusterImpl-9f674b4b-7f24-464f-99b8-bd3e1a4ceab8/datanode-2/data/ratis/790f80ea-3618-4023-958f-14565adebef5] INFO  segmented.SegmentedRaftLogWorker (SegmentedRaftLogWorker.java:execute(569)) - 7fec90bb-c54b-43b1-bf43-d7f2b2685c16-SegmentedRaftLogWorker:Storage Directory /workdir/hadoop-ozone/integration-test/target/test-dir/MiniOzoneClusterImpl-9f674b4b-7f24-464f-99b8-bd3e1a4ceab8/datanode-2/data/ratis/790f80ea-3618-4023-958f-14565adebef5: created new log segment /workdir/hadoop-ozone/integration-test/target/test-dir/MiniOzoneClusterImpl-9f674b4b-7f24-464f-99b8-bd3e1a4ceab8/datanode-2/data/ratis/790f80ea-3618-4023-958f-14565adebef5/current/log_inprogress_0
2019-08-28 20:35:23,085 [7428f0d9-f26c-473b-bcbc-c327f695592c:group-D0AA1A9CB011:LeaderElection63] INFO  impl.RaftServerImpl (ServerState.java:setRaftConf(361)) - 7428f0d9-f26c-473b-bcbc-c327f695592c:group-D0AA1A9CB011 set configuration 0: [7428f0d9-f26c-473b-bcbc-c327f695592c:192.168.5.177:43772, 87d438d6-67b9-4b7c-91be-dfc928839b42:192.168.5.177:40307, 7fec90bb-c54b-43b1-bf43-d7f2b2685c16:192.168.5.177:39499], old=null at 0
2019-08-28 20:35:23,085 [0e29188f-1bda-4147-b1c2-d5dce43dc229:group-F4F4AEBE1910:LeaderElection66] INFO  impl.LeaderElection (LeaderElection.java:askForVotes(181)) - 0e29188f-1bda-4147-b1c2-d5dce43dc229:group-F4F4AEBE1910:LeaderElection66: begin an election at term 1 for -1: [0e29188f-1bda-4147-b1c2-d5dce43dc229:192.168.5.177:37741], old=null
2019-08-28 20:35:23,123 [Thread-3527] INFO  impl.FollowerState (FollowerState.java:run(106)) - a907af4d-6e9b-43fc-a46a-782566b871fb:group-DD63965FE90A changes to CANDIDATE, lastRpcTime:5136, electionTimeout:5110ms
2019-08-28 20:35:23,124 | INFO  | SCMAudit | user=jenkins1000 | ip=192.168.5.177 | op=SEND_HEARTBEAT {datanodeUUID=ae3047cd-3e29-40a9-854d-dcce9cae807a, command=[]} | ret=SUCCESS |  
2019-08-28 20:35:23,124 [0e29188f-1bda-4147-b1c2-d5dce43dc229:group-F4F4AEBE1910:LeaderElection66] INFO  impl.RoleInfo (RoleInfo.java:shutdownLeaderElection(134)) - 0e29188f-1bda-4147-b1c2-d5dce43dc229: shutdown LeaderElection
2019-08-28 20:35:23,124 [Thread-3527] INFO  impl.RoleInfo (RoleInfo.java:shutdownFollowerState(121)) - a907af4d-6e9b-43fc-a46a-782566b871fb: shutdown FollowerState
2019-08-28 20:35:23,124 [0e29188f-1bda-4147-b1c2-d5dce43dc229:group-F4F4AEBE1910:LeaderElection66] INFO  impl.RaftServerImpl (RaftServerImpl.java:setRole(171)) - 0e29188f-1bda-4147-b1c2-d5dce43dc229:group-F4F4AEBE1910 changes role from CANDIDATE to LEADER at term 1 for changeToLeader
2019-08-28 20:35:23,124 [Thread-3527] INFO  impl.RaftServerImpl (RaftServerImpl.java:setRole(171)) - a907af4d-6e9b-43fc-a46a-782566b871fb:group-DD63965FE90A changes role from FOLLOWER to CANDIDATE at term 0 for changeToCandidate
2019-08-28 20:35:23,124 [0e29188f-1bda-4147-b1c2-d5dce43dc229:group-F4F4AEBE1910:LeaderElection66] INFO  impl.RaftServerImpl (ServerState.java:setLeader(263)) - 0e29188f-1bda-4147-b1c2-d5dce43dc229:group-F4F4AEBE1910 change Leader from null to 0e29188f-1bda-4147-b1c2-d5dce43dc229 at term 1 for becomeLeader, leader elected after 5103ms
2019-08-28 20:35:23,125 [Thread-3527] INFO  impl.RoleInfo (RoleInfo.java:updateAndGet(143)) - a907af4d-6e9b-43fc-a46a-782566b871fb: start LeaderElection
2019-08-28 20:35:23,125 [0e29188f-1bda-4147-b1c2-d5dce43dc229:group-F4F4AEBE1910:LeaderElection66] INFO  server.RaftServerConfigKeys (ConfUtils.java:logGet(43)) - raft.server.staging.catchup.gap = 1000 (default)
2019-08-28 20:35:23,125 [0e29188f-1bda-4147-b1c2-d5dce43dc229:group-F4F4AEBE1910:LeaderElection66] INFO  server.RaftServerConfigKeys (ConfUtils.java:logGet(43)) - raft.server.rpc.sleep.time = 25ms (default)
2019-08-28 20:35:23,125 [grpc-default-executor-8] INFO  impl.RaftServerImpl (ServerState.java:setLeader(263)) - 7fec90bb-c54b-43b1-bf43-d7f2b2685c16:group-D0AA1A9CB011 change Leader from null to 7428f0d9-f26c-473b-bcbc-c327f695592c at term 1 for appendEntries, leader elected after 5233ms
2019-08-28 20:35:23,127 [0e29188f-1bda-4147-b1c2-d5dce43dc229:group-F4F4AEBE1910:LeaderElection66] INFO  server.RaftServerConfigKeys (ConfUtils.java:logGet(43)) - raft.server.write.element-limit = 4096 (default)
2019-08-28 20:35:23,129 [0e29188f-1bda-4147-b1c2-d5dce43dc229:group-F4F4AEBE1910:LeaderElection66] INFO  server.RaftServerConfigKeys (ConfUtils.java:logGet(43)) - raft.server.watch.timeout = 10s (default)
2019-08-28 20:35:23,137 [a907af4d-6e9b-43fc-a46a-782566b871fb:group-DD63965FE90A:LeaderElection67] INFO  impl.LeaderElection (LeaderElection.java:askForVotes(181)) - a907af4d-6e9b-43fc-a46a-782566b871fb:group-DD63965FE90A:LeaderElection67: begin an election at term 1 for -1: [a907af4d-6e9b-43fc-a46a-782566b871fb:192.168.5.177:32994], old=null
2019-08-28 20:35:23,136 [7428f0d9-f26c-473b-bcbc-c327f695592c-SegmentedRaftLogWorker:Storage Directory /workdir/hadoop-ozone/integration-test/target/test-dir/MiniOzoneClusterImpl-9f674b4b-7f24-464f-99b8-bd3e1a4ceab8/datanode-0/data/ratis/03328a2e-9ab0-4b4f-80b8-d0aa1a9cb011] INFO  segmented.SegmentedRaftLogWorker (SegmentedRaftLogWorker.java:execute(569)) - 7428f0d9-f26c-473b-bcbc-c327f695592c-SegmentedRaftLogWorker:Storage Directory /workdir/hadoop-ozone/integration-test/target/test-dir/MiniOzoneClusterImpl-9f674b4b-7f24-464f-99b8-bd3e1a4ceab8/datanode-0/data/ratis/03328a2e-9ab0-4b4f-80b8-d0aa1a9cb011: created new log segment /workdir/hadoop-ozone/integration-test/target/test-dir/MiniOzoneClusterImpl-9f674b4b-7f24-464f-99b8-bd3e1a4ceab8/datanode-0/data/ratis/03328a2e-9ab0-4b4f-80b8-d0aa1a9cb011/current/log_inprogress_0
2019-08-28 20:35:23,129 [grpc-default-executor-10] INFO  impl.RaftServerImpl (ServerState.java:setLeader(263)) - 87d438d6-67b9-4b7c-91be-dfc928839b42:group-D0AA1A9CB011 change Leader from null to 7428f0d9-f26c-473b-bcbc-c327f695592c at term 1 for appendEntries, leader elected after 5236ms
2019-08-28 20:35:23,137 [a907af4d-6e9b-43fc-a46a-782566b871fb:group-DD63965FE90A:LeaderElection67] INFO  impl.RoleInfo (RoleInfo.java:shutdownLeaderElection(134)) - a907af4d-6e9b-43fc-a46a-782566b871fb: shutdown LeaderElection
2019-08-28 20:35:23,137 [0e29188f-1bda-4147-b1c2-d5dce43dc229:group-F4F4AEBE1910:LeaderElection66] INFO  server.RaftServerConfigKeys (ConfUtils.java:logGet(43)) - raft.server.watch.timeout.denomination = 1s (default)
2019-08-28 20:35:23,137 [a907af4d-6e9b-43fc-a46a-782566b871fb:group-DD63965FE90A:LeaderElection67] INFO  impl.RaftServerImpl (RaftServerImpl.java:setRole(171)) - a907af4d-6e9b-43fc-a46a-782566b871fb:group-DD63965FE90A changes role from CANDIDATE to LEADER at term 1 for changeToLeader
2019-08-28 20:35:23,138 [0e29188f-1bda-4147-b1c2-d5dce43dc229:group-F4F4AEBE1910:LeaderElection66] INFO  server.RaftServerConfigKeys (ConfUtils.java:logGet(43)) - raft.server.watch.element-limit = 65536 (default)
2019-08-28 20:35:23,138 [a907af4d-6e9b-43fc-a46a-782566b871fb:group-DD63965FE90A:LeaderElection67] INFO  impl.RaftServerImpl (ServerState.java:setLeader(263)) - a907af4d-6e9b-43fc-a46a-782566b871fb:group-DD63965FE90A change Leader from null to a907af4d-6e9b-43fc-a46a-782566b871fb at term 1 for becomeLeader, leader elected after 5156ms
2019-08-28 20:35:23,138 [0e29188f-1bda-4147-b1c2-d5dce43dc229:group-F4F4AEBE1910:LeaderElection66] INFO  impl.RoleInfo (RoleInfo.java:updateAndGet(143)) - 0e29188f-1bda-4147-b1c2-d5dce43dc229: start LeaderState
2019-08-28 20:35:23,138 [a907af4d-6e9b-43fc-a46a-782566b871fb:group-DD63965FE90A:LeaderElection67] INFO  server.RaftServerConfigKeys (ConfUtils.java:logGet(43)) - raft.server.staging.catchup.gap = 1000 (default)
2019-08-28 20:35:23,138 [0e29188f-1bda-4147-b1c2-d5dce43dc229:group-F4F4AEBE1910:LeaderElection66] INFO  segmented.SegmentedRaftLogWorker (SegmentedRaftLogWorker.java:startLogSegment(380)) - 0e29188f-1bda-4147-b1c2-d5dce43dc229-SegmentedRaftLogWorker:Storage Directory /workdir/hadoop-ozone/integration-test/target/test-dir/MiniOzoneClusterImpl-9f674b4b-7f24-464f-99b8-bd3e1a4ceab8/datanode-4/data/ratis/6b074617-547e-4cca-93a8-f4f4aebe1910: Starting segment from index:0
2019-08-28 20:35:23,138 [a907af4d-6e9b-43fc-a46a-782566b871fb:group-DD63965FE90A:LeaderElection67] INFO  server.RaftServerConfigKeys (ConfUtils.java:logGet(43)) - raft.server.rpc.sleep.time = 25ms (default)
2019-08-28 20:35:23,139 [grpc-default-executor-8] INFO  impl.RaftServerImpl (ServerState.java:setRaftConf(361)) - 7fec90bb-c54b-43b1-bf43-d7f2b2685c16:group-D0AA1A9CB011 set configuration 0: [7428f0d9-f26c-473b-bcbc-c327f695592c:192.168.5.177:43772, 87d438d6-67b9-4b7c-91be-dfc928839b42:192.168.5.177:40307, 7fec90bb-c54b-43b1-bf43-d7f2b2685c16:192.168.5.177:39499], old=null at 0
2019-08-28 20:35:23,139 [a907af4d-6e9b-43fc-a46a-782566b871fb:group-DD63965FE90A:LeaderElection67] INFO  server.RaftServerConfigKeys (ConfUtils.java:logGet(43)) - raft.server.write.element-limit = 4096 (default)
2019-08-28 20:35:23,139 [grpc-default-executor-8] INFO  segmented.SegmentedRaftLogWorker (SegmentedRaftLogWorker.java:startLogSegment(380)) - 7fec90bb-c54b-43b1-bf43-d7f2b2685c16-SegmentedRaftLogWorker:Storage Directory /workdir/hadoop-ozone/integration-test/target/test-dir/MiniOzoneClusterImpl-9f674b4b-7f24-464f-99b8-bd3e1a4ceab8/datanode-2/data/ratis/03328a2e-9ab0-4b4f-80b8-d0aa1a9cb011: Starting segment from index:0
2019-08-28 20:35:23,139 [0e29188f-1bda-4147-b1c2-d5dce43dc229:group-F4F4AEBE1910:LeaderElection66] INFO  impl.RaftServerImpl (ServerState.java:setRaftConf(361)) - 0e29188f-1bda-4147-b1c2-d5dce43dc229:group-F4F4AEBE1910 set configuration 0: [0e29188f-1bda-4147-b1c2-d5dce43dc229:192.168.5.177:37741], old=null at 0
2019-08-28 20:35:23,139 [grpc-default-executor-10] INFO  impl.RaftServerImpl (ServerState.java:setRaftConf(361)) - 87d438d6-67b9-4b7c-91be-dfc928839b42:group-D0AA1A9CB011 set configuration 0: [7428f0d9-f26c-473b-bcbc-c327f695592c:192.168.5.177:43772, 87d438d6-67b9-4b7c-91be-dfc928839b42:192.168.5.177:40307, 7fec90bb-c54b-43b1-bf43-d7f2b2685c16:192.168.5.177:39499], old=null at 0
2019-08-28 20:35:23,139 [a907af4d-6e9b-43fc-a46a-782566b871fb:group-DD63965FE90A:LeaderElection67] INFO  server.RaftServerConfigKeys (ConfUtils.java:logGet(43)) - raft.server.watch.timeout = 10s (default)
2019-08-28 20:35:23,180 [grpc-default-executor-10] INFO  segmented.SegmentedRaftLogWorker (SegmentedRaftLogWorker.java:startLogSegment(380)) - 87d438d6-67b9-4b7c-91be-dfc928839b42-SegmentedRaftLogWorker:Storage Directory /workdir/hadoop-ozone/integration-test/target/test-dir/MiniOzoneClusterImpl-9f674b4b-7f24-464f-99b8-bd3e1a4ceab8/datanode-1/data/ratis/03328a2e-9ab0-4b4f-80b8-d0aa1a9cb011: Starting segment from index:0
2019-08-28 20:35:23,179 [Thread-3533] INFO  impl.FollowerState (FollowerState.java:run(106)) - 80e4eca2-6bb1-4714-bd4e-8b731fcc1ced:group-32AAE076C761 changes to CANDIDATE, lastRpcTime:5092, electionTimeout:5083ms
2019-08-28 20:35:23,181 [Thread-3533] INFO  impl.RoleInfo (RoleInfo.java:shutdownFollowerState(121)) - 80e4eca2-6bb1-4714-bd4e-8b731fcc1ced: shutdown FollowerState
2019-08-28 20:35:23,180 [a907af4d-6e9b-43fc-a46a-782566b871fb:group-DD63965FE90A:LeaderElection67] INFO  server.RaftServerConfigKeys (ConfUtils.java:logGet(43)) - raft.server.watch.timeout.denomination = 1s (default)
2019-08-28 20:35:23,181 [Thread-3533] INFO  impl.RaftServerImpl (RaftServerImpl.java:setRole(171)) - 80e4eca2-6bb1-4714-bd4e-8b731fcc1ced:group-32AAE076C761 changes role from FOLLOWER to CANDIDATE at term 0 for changeToCandidate
2019-08-28 20:35:23,181 [a907af4d-6e9b-43fc-a46a-782566b871fb:group-DD63965FE90A:LeaderElection67] INFO  server.RaftServerConfigKeys (ConfUtils.java:logGet(43)) - raft.server.watch.element-limit = 65536 (default)
2019-08-28 20:35:23,181 [Thread-3533] INFO  impl.RoleInfo (RoleInfo.java:updateAndGet(143)) - 80e4eca2-6bb1-4714-bd4e-8b731fcc1ced: start LeaderElection
2019-08-28 20:35:23,181 [a907af4d-6e9b-43fc-a46a-782566b871fb:group-DD63965FE90A:LeaderElection67] INFO  impl.RoleInfo (RoleInfo.java:updateAndGet(143)) - a907af4d-6e9b-43fc-a46a-782566b871fb: start LeaderState
2019-08-28 20:35:23,221 [0e29188f-1bda-4147-b1c2-d5dce43dc229-SegmentedRaftLogWorker:Storage Directory /workdir/hadoop-ozone/integration-test/target/test-dir/MiniOzoneClusterImpl-9f674b4b-7f24-464f-99b8-bd3e1a4ceab8/datanode-4/data/ratis/6b074617-547e-4cca-93a8-f4f4aebe1910] INFO  segmented.SegmentedRaftLogWorker (SegmentedRaftLogWorker.java:execute(569)) - 0e29188f-1bda-4147-b1c2-d5dce43dc229-SegmentedRaftLogWorker:Storage Directory /workdir/hadoop-ozone/integration-test/target/test-dir/MiniOzoneClusterImpl-9f674b4b-7f24-464f-99b8-bd3e1a4ceab8/datanode-4/data/ratis/6b074617-547e-4cca-93a8-f4f4aebe1910: created new log segment /workdir/hadoop-ozone/integration-test/target/test-dir/MiniOzoneClusterImpl-9f674b4b-7f24-464f-99b8-bd3e1a4ceab8/datanode-4/data/ratis/6b074617-547e-4cca-93a8-f4f4aebe1910/current/log_inprogress_0
2019-08-28 20:35:23,221 [a907af4d-6e9b-43fc-a46a-782566b871fb:group-DD63965FE90A:LeaderElection67] INFO  segmented.SegmentedRaftLogWorker (SegmentedRaftLogWorker.java:startLogSegment(380)) - a907af4d-6e9b-43fc-a46a-782566b871fb-SegmentedRaftLogWorker:Storage Directory /workdir/hadoop-ozone/integration-test/target/test-dir/MiniOzoneClusterImpl-9f674b4b-7f24-464f-99b8-bd3e1a4ceab8/datanode-3/data/ratis/78aae96f-bd49-4d5e-8a29-dd63965fe90a: Starting segment from index:0
2019-08-28 20:35:23,224 [a907af4d-6e9b-43fc-a46a-782566b871fb:group-DD63965FE90A:LeaderElection67] INFO  impl.RaftServerImpl (ServerState.java:setRaftConf(361)) - a907af4d-6e9b-43fc-a46a-782566b871fb:group-DD63965FE90A set configuration 0: [a907af4d-6e9b-43fc-a46a-782566b871fb:192.168.5.177:32994], old=null at 0
2019-08-28 20:35:23,255 [Thread-3536] INFO  impl.FollowerState (FollowerState.java:run(106)) - 0e29188f-1bda-4147-b1c2-d5dce43dc229:group-AEE6ACD4D1CF changes to CANDIDATE, lastRpcTime:5114, electionTimeout:5113ms
2019-08-28 20:35:23,255 [Thread-3541] INFO  impl.FollowerState (FollowerState.java:run(106)) - a907af4d-6e9b-43fc-a46a-782566b871fb:group-AEE6ACD4D1CF changes to CANDIDATE, lastRpcTime:5110, electionTimeout:5105ms
2019-08-28 20:35:23,255 [80e4eca2-6bb1-4714-bd4e-8b731fcc1ced:group-32AAE076C761:LeaderElection68] INFO  impl.LeaderElection (LeaderElection.java:askForVotes(181)) - 80e4eca2-6bb1-4714-bd4e-8b731fcc1ced:group-32AAE076C761:LeaderElection68: begin an election at term 1 for -1: [80e4eca2-6bb1-4714-bd4e-8b731fcc1ced:192.168.5.177:34228], old=null
2019-08-28 20:35:23,255 [Thread-3541] INFO  impl.RoleInfo (RoleInfo.java:shutdownFollowerState(121)) - a907af4d-6e9b-43fc-a46a-782566b871fb: shutdown FollowerState
2019-08-28 20:35:23,256 [Thread-3541] INFO  impl.RaftServerImpl (RaftServerImpl.java:setRole(171)) - a907af4d-6e9b-43fc-a46a-782566b871fb:group-AEE6ACD4D1CF changes role from FOLLOWER to CANDIDATE at term 0 for changeToCandidate
2019-08-28 20:35:23,255 [7fec90bb-c54b-43b1-bf43-d7f2b2685c16-SegmentedRaftLogWorker:Storage Directory /workdir/hadoop-ozone/integration-test/target/test-dir/MiniOzoneClusterImpl-9f674b4b-7f24-464f-99b8-bd3e1a4ceab8/datanode-2/data/ratis/03328a2e-9ab0-4b4f-80b8-d0aa1a9cb011] INFO  segmented.SegmentedRaftLogWorker (SegmentedRaftLogWorker.java:execute(569)) - 7fec90bb-c54b-43b1-bf43-d7f2b2685c16-SegmentedRaftLogWorker:Storage Directory /workdir/hadoop-ozone/integration-test/target/test-dir/MiniOzoneClusterImpl-9f674b4b-7f24-464f-99b8-bd3e1a4ceab8/datanode-2/data/ratis/03328a2e-9ab0-4b4f-80b8-d0aa1a9cb011: created new log segment /workdir/hadoop-ozone/integration-test/target/test-dir/MiniOzoneClusterImpl-9f674b4b-7f24-464f-99b8-bd3e1a4ceab8/datanode-2/data/ratis/03328a2e-9ab0-4b4f-80b8-d0aa1a9cb011/current/log_inprogress_0
2019-08-28 20:35:23,255 [87d438d6-67b9-4b7c-91be-dfc928839b42-SegmentedRaftLogWorker:Storage Directory /workdir/hadoop-ozone/integration-test/target/test-dir/MiniOzoneClusterImpl-9f674b4b-7f24-464f-99b8-bd3e1a4ceab8/datanode-1/data/ratis/03328a2e-9ab0-4b4f-80b8-d0aa1a9cb011] INFO  segmented.SegmentedRaftLogWorker (SegmentedRaftLogWorker.java:execute(569)) - 87d438d6-67b9-4b7c-91be-dfc928839b42-SegmentedRaftLogWorker:Storage Directory /workdir/hadoop-ozone/integration-test/target/test-dir/MiniOzoneClusterImpl-9f674b4b-7f24-464f-99b8-bd3e1a4ceab8/datanode-1/data/ratis/03328a2e-9ab0-4b4f-80b8-d0aa1a9cb011: created new log segment /workdir/hadoop-ozone/integration-test/target/test-dir/MiniOzoneClusterImpl-9f674b4b-7f24-464f-99b8-bd3e1a4ceab8/datanode-1/data/ratis/03328a2e-9ab0-4b4f-80b8-d0aa1a9cb011/current/log_inprogress_0
2019-08-28 20:35:23,255 [Thread-3536] INFO  impl.RoleInfo (RoleInfo.java:shutdownFollowerState(121)) - 0e29188f-1bda-4147-b1c2-d5dce43dc229: shutdown FollowerState
2019-08-28 20:35:23,256 [Thread-3536] INFO  impl.RaftServerImpl (RaftServerImpl.java:setRole(171)) - 0e29188f-1bda-4147-b1c2-d5dce43dc229:group-AEE6ACD4D1CF changes role from FOLLOWER to CANDIDATE at term 0 for changeToCandidate
2019-08-28 20:35:23,256 [Thread-3541] INFO  impl.RoleInfo (RoleInfo.java:updateAndGet(143)) - a907af4d-6e9b-43fc-a46a-782566b871fb: start LeaderElection
2019-08-28 20:35:23,255 [80e4eca2-6bb1-4714-bd4e-8b731fcc1ced:group-32AAE076C761:LeaderElection68] INFO  impl.RoleInfo (RoleInfo.java:shutdownLeaderElection(134)) - 80e4eca2-6bb1-4714-bd4e-8b731fcc1ced: shutdown LeaderElection
2019-08-28 20:35:23,256 [Thread-3536] INFO  impl.RoleInfo (RoleInfo.java:updateAndGet(143)) - 0e29188f-1bda-4147-b1c2-d5dce43dc229: start LeaderElection
2019-08-28 20:35:23,257 [80e4eca2-6bb1-4714-bd4e-8b731fcc1ced:group-32AAE076C761:LeaderElection68] INFO  impl.RaftServerImpl (RaftServerImpl.java:setRole(171)) - 80e4eca2-6bb1-4714-bd4e-8b731fcc1ced:group-32AAE076C761 changes role from CANDIDATE to LEADER at term 1 for changeToLeader
2019-08-28 20:35:23,259 [80e4eca2-6bb1-4714-bd4e-8b731fcc1ced:group-32AAE076C761:LeaderElection68] INFO  impl.RaftServerImpl (ServerState.java:setLeader(263)) - 80e4eca2-6bb1-4714-bd4e-8b731fcc1ced:group-32AAE076C761 change Leader from null to 80e4eca2-6bb1-4714-bd4e-8b731fcc1ced at term 1 for becomeLeader, leader elected after 5176ms
2019-08-28 20:35:23,263 [80e4eca2-6bb1-4714-bd4e-8b731fcc1ced:group-32AAE076C761:LeaderElection68] INFO  server.RaftServerConfigKeys (ConfUtils.java:logGet(43)) - raft.server.staging.catchup.gap = 1000 (default)
2019-08-28 20:35:23,265 [80e4eca2-6bb1-4714-bd4e-8b731fcc1ced:group-32AAE076C761:LeaderElection68] INFO  server.RaftServerConfigKeys (ConfUtils.java:logGet(43)) - raft.server.rpc.sleep.time = 25ms (default)
2019-08-28 20:35:23,265 [80e4eca2-6bb1-4714-bd4e-8b731fcc1ced:group-32AAE076C761:LeaderElection68] INFO  server.RaftServerConfigKeys (ConfUtils.java:logGet(43)) - raft.server.write.element-limit = 4096 (default)
2019-08-28 20:35:23,265 [80e4eca2-6bb1-4714-bd4e-8b731fcc1ced:group-32AAE076C761:LeaderElection68] INFO  server.RaftServerConfigKeys (ConfUtils.java:logGet(43)) - raft.server.watch.timeout = 10s (default)
2019-08-28 20:35:23,265 [80e4eca2-6bb1-4714-bd4e-8b731fcc1ced:group-32AAE076C761:LeaderElection68] INFO  server.RaftServerConfigKeys (ConfUtils.java:logGet(43)) - raft.server.watch.timeout.denomination = 1s (default)
2019-08-28 20:35:23,265 [80e4eca2-6bb1-4714-bd4e-8b731fcc1ced:group-32AAE076C761:LeaderElection68] INFO  server.RaftServerConfigKeys (ConfUtils.java:logGet(43)) - raft.server.watch.element-limit = 65536 (default)
2019-08-28 20:35:23,265 [80e4eca2-6bb1-4714-bd4e-8b731fcc1ced:group-32AAE076C761:LeaderElection68] INFO  impl.RoleInfo (RoleInfo.java:updateAndGet(143)) - 80e4eca2-6bb1-4714-bd4e-8b731fcc1ced: start LeaderState
2019-08-28 20:35:23,266 [80e4eca2-6bb1-4714-bd4e-8b731fcc1ced:group-32AAE076C761:LeaderElection68] INFO  segmented.SegmentedRaftLogWorker (SegmentedRaftLogWorker.java:startLogSegment(380)) - 80e4eca2-6bb1-4714-bd4e-8b731fcc1ced-SegmentedRaftLogWorker:Storage Directory /workdir/hadoop-ozone/integration-test/target/test-dir/MiniOzoneClusterImpl-9f674b4b-7f24-464f-99b8-bd3e1a4ceab8/datanode-5/data/ratis/2a518c8b-db88-404b-baec-32aae076c761: Starting segment from index:0
2019-08-28 20:35:23,266 [80e4eca2-6bb1-4714-bd4e-8b731fcc1ced:group-32AAE076C761:LeaderElection68] INFO  impl.RaftServerImpl (ServerState.java:setRaftConf(361)) - 80e4eca2-6bb1-4714-bd4e-8b731fcc1ced:group-32AAE076C761 set configuration 0: [80e4eca2-6bb1-4714-bd4e-8b731fcc1ced:192.168.5.177:34228], old=null at 0
2019-08-28 20:35:23,269 [a907af4d-6e9b-43fc-a46a-782566b871fb-SegmentedRaftLogWorker:Storage Directory /workdir/hadoop-ozone/integration-test/target/test-dir/MiniOzoneClusterImpl-9f674b4b-7f24-464f-99b8-bd3e1a4ceab8/datanode-3/data/ratis/78aae96f-bd49-4d5e-8a29-dd63965fe90a] INFO  segmented.SegmentedRaftLogWorker (SegmentedRaftLogWorker.java:execute(569)) - a907af4d-6e9b-43fc-a46a-782566b871fb-SegmentedRaftLogWorker:Storage Directory /workdir/hadoop-ozone/integration-test/target/test-dir/MiniOzoneClusterImpl-9f674b4b-7f24-464f-99b8-bd3e1a4ceab8/datanode-3/data/ratis/78aae96f-bd49-4d5e-8a29-dd63965fe90a: created new log segment /workdir/hadoop-ozone/integration-test/target/test-dir/MiniOzoneClusterImpl-9f674b4b-7f24-464f-99b8-bd3e1a4ceab8/datanode-3/data/ratis/78aae96f-bd49-4d5e-8a29-dd63965fe90a/current/log_inprogress_0
2019-08-28 20:35:23,269 [a907af4d-6e9b-43fc-a46a-782566b871fb:group-AEE6ACD4D1CF:LeaderElection69] INFO  impl.LeaderElection (LeaderElection.java:askForVotes(181)) - a907af4d-6e9b-43fc-a46a-782566b871fb:group-AEE6ACD4D1CF:LeaderElection69: begin an election at term 1 for -1: [a907af4d-6e9b-43fc-a46a-782566b871fb:192.168.5.177:32994, 0e29188f-1bda-4147-b1c2-d5dce43dc229:192.168.5.177:37741, 80e4eca2-6bb1-4714-bd4e-8b731fcc1ced:192.168.5.177:34228], old=null
2019-08-28 20:35:23,269 [0e29188f-1bda-4147-b1c2-d5dce43dc229:group-AEE6ACD4D1CF:LeaderElection70] INFO  impl.LeaderElection (LeaderElection.java:askForVotes(181)) - 0e29188f-1bda-4147-b1c2-d5dce43dc229:group-AEE6ACD4D1CF:LeaderElection70: begin an election at term 1 for -1: [a907af4d-6e9b-43fc-a46a-782566b871fb:192.168.5.177:32994, 0e29188f-1bda-4147-b1c2-d5dce43dc229:192.168.5.177:37741, 80e4eca2-6bb1-4714-bd4e-8b731fcc1ced:192.168.5.177:34228], old=null
2019-08-28 20:35:23,274 [grpc-default-executor-8] INFO  impl.RaftServerImpl (RaftServerImpl.java:setRole(171)) - 80e4eca2-6bb1-4714-bd4e-8b731fcc1ced:group-AEE6ACD4D1CF changes role from FOLLOWER to FOLLOWER at term 1 for recognizeCandidate:a907af4d-6e9b-43fc-a46a-782566b871fb
2019-08-28 20:35:23,274 [grpc-default-executor-8] INFO  impl.RoleInfo (RoleInfo.java:shutdownFollowerState(121)) - 80e4eca2-6bb1-4714-bd4e-8b731fcc1ced: shutdown FollowerState
2019-08-28 20:35:23,300 [grpc-default-executor-8] INFO  impl.RoleInfo (RoleInfo.java:updateAndGet(143)) - 80e4eca2-6bb1-4714-bd4e-8b731fcc1ced: start FollowerState
2019-08-28 20:35:23,311 [grpc-default-executor-11] INFO  client.GrpcClientProtocolClient (GrpcClientProtocolClient.java:onNext(255)) - client-FD3491325FE4->80e4eca2-6bb1-4714-bd4e-8b731fcc1ced: receive RaftClientReply:client-FD3491325FE4->80e4eca2-6bb1-4714-bd4e-8b731fcc1ced@group-AEE6ACD4D1CF, cid=174, FAILED org.apache.ratis.protocol.NotLeaderException: Server 80e4eca2-6bb1-4714-bd4e-8b731fcc1ced is not the leader (null). Request must be sent to leader., logIndex=0, commits[80e4eca2-6bb1-4714-bd4e-8b731fcc1ced:c-1]
2019-08-28 20:35:23,319 [80e4eca2-6bb1-4714-bd4e-8b731fcc1ced-SegmentedRaftLogWorker:Storage Directory /workdir/hadoop-ozone/integration-test/target/test-dir/MiniOzoneClusterImpl-9f674b4b-7f24-464f-99b8-bd3e1a4ceab8/datanode-5/data/ratis/2a518c8b-db88-404b-baec-32aae076c761] INFO  segmented.SegmentedRaftLogWorker (SegmentedRaftLogWorker.java:execute(569)) - 80e4eca2-6bb1-4714-bd4e-8b731fcc1ced-SegmentedRaftLogWorker:Storage Directory /workdir/hadoop-ozone/integration-test/target/test-dir/MiniOzoneClusterImpl-9f674b4b-7f24-464f-99b8-bd3e1a4ceab8/datanode-5/data/ratis/2a518c8b-db88-404b-baec-32aae076c761: created new log segment /workdir/hadoop-ozone/integration-test/target/test-dir/MiniOzoneClusterImpl-9f674b4b-7f24-464f-99b8-bd3e1a4ceab8/datanode-5/data/ratis/2a518c8b-db88-404b-baec-32aae076c761/current/log_inprogress_0
2019-08-28 20:35:23,321 [0e29188f-1bda-4147-b1c2-d5dce43dc229:group-AEE6ACD4D1CF:LeaderElection70] INFO  impl.LeaderElection (LeaderElection.java:logAndReturn(56)) - 0e29188f-1bda-4147-b1c2-d5dce43dc229:group-AEE6ACD4D1CF:LeaderElection70: Election REJECTED; received 2 response(s) [0e29188f-1bda-4147-b1c2-d5dce43dc229<-a907af4d-6e9b-43fc-a46a-782566b871fb#0:FAIL-t1, 0e29188f-1bda-4147-b1c2-d5dce43dc229<-80e4eca2-6bb1-4714-bd4e-8b731fcc1ced#0:FAIL-t1] and 0 exception(s); 0e29188f-1bda-4147-b1c2-d5dce43dc229:t1, leader=null, voted=0e29188f-1bda-4147-b1c2-d5dce43dc229, raftlog=0e29188f-1bda-4147-b1c2-d5dce43dc229-SegmentedRaftLog:OPENED:c-1,f-1,i0, conf=-1: [a907af4d-6e9b-43fc-a46a-782566b871fb:192.168.5.177:32994, 0e29188f-1bda-4147-b1c2-d5dce43dc229:192.168.5.177:37741, 80e4eca2-6bb1-4714-bd4e-8b731fcc1ced:192.168.5.177:34228], old=null
2019-08-28 20:35:23,321 [a907af4d-6e9b-43fc-a46a-782566b871fb:group-AEE6ACD4D1CF:LeaderElection69] INFO  impl.LeaderElection (LeaderElection.java:logAndReturn(56)) - a907af4d-6e9b-43fc-a46a-782566b871fb:group-AEE6ACD4D1CF:LeaderElection69: Election PASSED; received 2 response(s) [a907af4d-6e9b-43fc-a46a-782566b871fb<-0e29188f-1bda-4147-b1c2-d5dce43dc229#0:FAIL-t1, a907af4d-6e9b-43fc-a46a-782566b871fb<-80e4eca2-6bb1-4714-bd4e-8b731fcc1ced#0:OK-t1] and 0 exception(s); a907af4d-6e9b-43fc-a46a-782566b871fb:t1, leader=null, voted=a907af4d-6e9b-43fc-a46a-782566b871fb, raftlog=a907af4d-6e9b-43fc-a46a-782566b871fb-SegmentedRaftLog:OPENED:c-1,f-1,i0, conf=-1: [a907af4d-6e9b-43fc-a46a-782566b871fb:192.168.5.177:32994, 0e29188f-1bda-4147-b1c2-d5dce43dc229:192.168.5.177:37741, 80e4eca2-6bb1-4714-bd4e-8b731fcc1ced:192.168.5.177:34228], old=null
2019-08-28 20:35:23,322 [0e29188f-1bda-4147-b1c2-d5dce43dc229:group-AEE6ACD4D1CF:LeaderElection70] INFO  impl.RaftServerImpl (RaftServerImpl.java:setRole(171)) - 0e29188f-1bda-4147-b1c2-d5dce43dc229:group-AEE6ACD4D1CF changes role from CANDIDATE to FOLLOWER at term 1 for DISCOVERED_A_NEW_TERM
2019-08-28 20:35:23,322 [0e29188f-1bda-4147-b1c2-d5dce43dc229:group-AEE6ACD4D1CF:LeaderElection70] INFO  impl.RoleInfo (RoleInfo.java:shutdownLeaderElection(134)) - 0e29188f-1bda-4147-b1c2-d5dce43dc229: shutdown LeaderElection
2019-08-28 20:35:23,322 [a907af4d-6e9b-43fc-a46a-782566b871fb:group-AEE6ACD4D1CF:LeaderElection69] INFO  impl.RoleInfo (RoleInfo.java:shutdownLeaderElection(134)) - a907af4d-6e9b-43fc-a46a-782566b871fb: shutdown LeaderElection
2019-08-28 20:35:23,322 [0e29188f-1bda-4147-b1c2-d5dce43dc229:group-AEE6ACD4D1CF:LeaderElection70] INFO  impl.RoleInfo (RoleInfo.java:updateAndGet(143)) - 0e29188f-1bda-4147-b1c2-d5dce43dc229: start FollowerState
2019-08-28 20:35:23,322 [a907af4d-6e9b-43fc-a46a-782566b871fb:group-AEE6ACD4D1CF:LeaderElection69] INFO  impl.RaftServerImpl (RaftServerImpl.java:setRole(171)) - a907af4d-6e9b-43fc-a46a-782566b871fb:group-AEE6ACD4D1CF changes role from CANDIDATE to LEADER at term 1 for changeToLeader
2019-08-28 20:35:23,323 [a907af4d-6e9b-43fc-a46a-782566b871fb:group-AEE6ACD4D1CF:LeaderElection69] INFO  impl.RaftServerImpl (ServerState.java:setLeader(263)) - a907af4d-6e9b-43fc-a46a-782566b871fb:group-AEE6ACD4D1CF change Leader from null to a907af4d-6e9b-43fc-a46a-782566b871fb at term 1 for becomeLeader, leader elected after 5188ms
2019-08-28 20:35:23,323 [a907af4d-6e9b-43fc-a46a-782566b871fb:group-AEE6ACD4D1CF:LeaderElection69] INFO  server.RaftServerConfigKeys (ConfUtils.java:logGet(43)) - raft.server.staging.catchup.gap = 1000 (default)
2019-08-28 20:35:23,323 [a907af4d-6e9b-43fc-a46a-782566b871fb:group-AEE6ACD4D1CF:LeaderElection69] INFO  server.RaftServerConfigKeys (ConfUtils.java:logGet(43)) - raft.server.rpc.sleep.time = 25ms (default)
2019-08-28 20:35:23,323 [a907af4d-6e9b-43fc-a46a-782566b871fb:group-AEE6ACD4D1CF:LeaderElection69] INFO  server.RaftServerConfigKeys (ConfUtils.java:logGet(43)) - raft.server.write.element-limit = 4096 (default)
2019-08-28 20:35:23,323 [a907af4d-6e9b-43fc-a46a-782566b871fb:group-AEE6ACD4D1CF:LeaderElection69] INFO  server.RaftServerConfigKeys (ConfUtils.java:logGet(43)) - raft.server.watch.timeout = 10s (default)
2019-08-28 20:35:23,323 [a907af4d-6e9b-43fc-a46a-782566b871fb:group-AEE6ACD4D1CF:LeaderElection69] INFO  server.RaftServerConfigKeys (ConfUtils.java:logGet(43)) - raft.server.watch.timeout.denomination = 1s (default)
2019-08-28 20:35:23,324 [a907af4d-6e9b-43fc-a46a-782566b871fb:group-AEE6ACD4D1CF:LeaderElection69] INFO  server.RaftServerConfigKeys (ConfUtils.java:logGet(43)) - raft.server.watch.element-limit = 65536 (default)
2019-08-28 20:35:23,324 [a907af4d-6e9b-43fc-a46a-782566b871fb:group-AEE6ACD4D1CF:LeaderElection69] INFO  server.RaftServerConfigKeys (ConfUtils.java:logGet(43)) - raft.server.log.appender.snapshot.chunk.size.max = 16MB (=16777216) (default)
2019-08-28 20:35:23,324 [a907af4d-6e9b-43fc-a46a-782566b871fb:group-AEE6ACD4D1CF:LeaderElection69] INFO  server.RaftServerConfigKeys (ConfUtils.java:logGet(43)) - raft.server.log.appender.buffer.byte-limit = 33554432 (custom)
2019-08-28 20:35:23,324 [a907af4d-6e9b-43fc-a46a-782566b871fb:group-AEE6ACD4D1CF:LeaderElection69] INFO  server.RaftServerConfigKeys (ConfUtils.java:logGet(43)) - raft.server.log.appender.buffer.element-limit = 1 (custom)
2019-08-28 20:35:23,325 [a907af4d-6e9b-43fc-a46a-782566b871fb:group-AEE6ACD4D1CF:LeaderElection69] INFO  grpc.GrpcConfigKeys$Server (ConfUtils.java:logGet(43)) - raft.grpc.server.leader.outstanding.appends.max = 128 (default)
2019-08-28 20:35:23,325 [a907af4d-6e9b-43fc-a46a-782566b871fb:group-AEE6ACD4D1CF:LeaderElection69] INFO  server.RaftServerConfigKeys (ConfUtils.java:logGet(43)) - raft.server.rpc.request.timeout = 3000ms (default)
2019-08-28 20:35:23,325 [a907af4d-6e9b-43fc-a46a-782566b871fb:group-AEE6ACD4D1CF:LeaderElection69] INFO  server.RaftServerConfigKeys (ConfUtils.java:logGet(43)) - raft.server.log.appender.install.snapshot.enabled = false (custom)
2019-08-28 20:35:23,325 [a907af4d-6e9b-43fc-a46a-782566b871fb:group-AEE6ACD4D1CF:LeaderElection69] INFO  server.RaftServerConfigKeys (ConfUtils.java:logGet(43)) - raft.server.log.appender.snapshot.chunk.size.max = 16MB (=16777216) (default)
2019-08-28 20:35:23,325 [a907af4d-6e9b-43fc-a46a-782566b871fb:group-AEE6ACD4D1CF:LeaderElection69] INFO  server.RaftServerConfigKeys (ConfUtils.java:logGet(43)) - raft.server.log.appender.buffer.byte-limit = 33554432 (custom)
2019-08-28 20:35:23,326 [a907af4d-6e9b-43fc-a46a-782566b871fb:group-AEE6ACD4D1CF:LeaderElection69] INFO  server.RaftServerConfigKeys (ConfUtils.java:logGet(43)) - raft.server.log.appender.buffer.element-limit = 1 (custom)
2019-08-28 20:35:23,326 [a907af4d-6e9b-43fc-a46a-782566b871fb:group-AEE6ACD4D1CF:LeaderElection69] INFO  grpc.GrpcConfigKeys$Server (ConfUtils.java:logGet(43)) - raft.grpc.server.leader.outstanding.appends.max = 128 (default)
2019-08-28 20:35:23,326 [a907af4d-6e9b-43fc-a46a-782566b871fb:group-AEE6ACD4D1CF:LeaderElection69] INFO  server.RaftServerConfigKeys (ConfUtils.java:logGet(43)) - raft.server.rpc.request.timeout = 3000ms (default)
2019-08-28 20:35:23,326 [a907af4d-6e9b-43fc-a46a-782566b871fb:group-AEE6ACD4D1CF:LeaderElection69] INFO  server.RaftServerConfigKeys (ConfUtils.java:logGet(43)) - raft.server.log.appender.install.snapshot.enabled = false (custom)
2019-08-28 20:35:23,326 [a907af4d-6e9b-43fc-a46a-782566b871fb:group-AEE6ACD4D1CF:LeaderElection69] INFO  impl.RoleInfo (RoleInfo.java:updateAndGet(143)) - a907af4d-6e9b-43fc-a46a-782566b871fb: start LeaderState
2019-08-28 20:35:23,327 [a907af4d-6e9b-43fc-a46a-782566b871fb:group-AEE6ACD4D1CF:LeaderElection69] INFO  segmented.SegmentedRaftLogWorker (SegmentedRaftLogWorker.java:startLogSegment(380)) - a907af4d-6e9b-43fc-a46a-782566b871fb-SegmentedRaftLogWorker:Storage Directory /workdir/hadoop-ozone/integration-test/target/test-dir/MiniOzoneClusterImpl-9f674b4b-7f24-464f-99b8-bd3e1a4ceab8/datanode-3/data/ratis/81486204-ab98-4c99-80a0-aee6acd4d1cf: Starting segment from index:0
2019-08-28 20:35:23,327 [a907af4d-6e9b-43fc-a46a-782566b871fb:group-AEE6ACD4D1CF:LeaderElection69] INFO  impl.RaftServerImpl (ServerState.java:setRaftConf(361)) - a907af4d-6e9b-43fc-a46a-782566b871fb:group-AEE6ACD4D1CF set configuration 0: [a907af4d-6e9b-43fc-a46a-782566b871fb:192.168.5.177:32994, 0e29188f-1bda-4147-b1c2-d5dce43dc229:192.168.5.177:37741, 80e4eca2-6bb1-4714-bd4e-8b731fcc1ced:192.168.5.177:34228], old=null at 0
2019-08-28 20:35:23,329 [grpc-default-executor-9] INFO  impl.RaftServerImpl (ServerState.java:setLeader(263)) - 80e4eca2-6bb1-4714-bd4e-8b731fcc1ced:group-AEE6ACD4D1CF change Leader from null to a907af4d-6e9b-43fc-a46a-782566b871fb at term 1 for appendEntries, leader elected after 5195ms
2019-08-28 20:35:23,329 [grpc-default-executor-8] INFO  impl.RaftServerImpl (ServerState.java:setLeader(263)) - 0e29188f-1bda-4147-b1c2-d5dce43dc229:group-AEE6ACD4D1CF change Leader from null to a907af4d-6e9b-43fc-a46a-782566b871fb at term 1 for appendEntries, leader elected after 5195ms
2019-08-28 20:35:23,332 [grpc-default-executor-8] INFO  impl.RaftServerImpl (ServerState.java:setRaftConf(361)) - 80e4eca2-6bb1-4714-bd4e-8b731fcc1ced:group-AEE6ACD4D1CF set configuration 0: [a907af4d-6e9b-43fc-a46a-782566b871fb:192.168.5.177:32994, 0e29188f-1bda-4147-b1c2-d5dce43dc229:192.168.5.177:37741, 80e4eca2-6bb1-4714-bd4e-8b731fcc1ced:192.168.5.177:34228], old=null at 0
2019-08-28 20:35:23,332 [grpc-default-executor-8] INFO  segmented.SegmentedRaftLogWorker (SegmentedRaftLogWorker.java:startLogSegment(380)) - 80e4eca2-6bb1-4714-bd4e-8b731fcc1ced-SegmentedRaftLogWorker:Storage Directory /workdir/hadoop-ozone/integration-test/target/test-dir/MiniOzoneClusterImpl-9f674b4b-7f24-464f-99b8-bd3e1a4ceab8/datanode-5/data/ratis/81486204-ab98-4c99-80a0-aee6acd4d1cf: Starting segment from index:0
2019-08-28 20:35:23,332 [grpc-default-executor-9] INFO  impl.RaftServerImpl (ServerState.java:setRaftConf(361)) - 0e29188f-1bda-4147-b1c2-d5dce43dc229:group-AEE6ACD4D1CF set configuration 0: [a907af4d-6e9b-43fc-a46a-782566b871fb:192.168.5.177:32994, 0e29188f-1bda-4147-b1c2-d5dce43dc229:192.168.5.177:37741, 80e4eca2-6bb1-4714-bd4e-8b731fcc1ced:192.168.5.177:34228], old=null at 0
2019-08-28 20:35:23,332 [grpc-default-executor-9] INFO  segmented.SegmentedRaftLogWorker (SegmentedRaftLogWorker.java:startLogSegment(380)) - 0e29188f-1bda-4147-b1c2-d5dce43dc229-SegmentedRaftLogWorker:Storage Directory /workdir/hadoop-ozone/integration-test/target/test-dir/MiniOzoneClusterImpl-9f674b4b-7f24-464f-99b8-bd3e1a4ceab8/datanode-4/data/ratis/81486204-ab98-4c99-80a0-aee6acd4d1cf: Starting segment from index:0
2019-08-28 20:35:23,381 [80e4eca2-6bb1-4714-bd4e-8b731fcc1ced-SegmentedRaftLogWorker:Storage Directory /workdir/hadoop-ozone/integration-test/target/test-dir/MiniOzoneClusterImpl-9f674b4b-7f24-464f-99b8-bd3e1a4ceab8/datanode-5/data/ratis/81486204-ab98-4c99-80a0-aee6acd4d1cf] INFO  segmented.SegmentedRaftLogWorker (SegmentedRaftLogWorker.java:execute(569)) - 80e4eca2-6bb1-4714-bd4e-8b731fcc1ced-SegmentedRaftLogWorker:Storage Directory /workdir/hadoop-ozone/integration-test/target/test-dir/MiniOzoneClusterImpl-9f674b4b-7f24-464f-99b8-bd3e1a4ceab8/datanode-5/data/ratis/81486204-ab98-4c99-80a0-aee6acd4d1cf: created new log segment /workdir/hadoop-ozone/integration-test/target/test-dir/MiniOzoneClusterImpl-9f674b4b-7f24-464f-99b8-bd3e1a4ceab8/datanode-5/data/ratis/81486204-ab98-4c99-80a0-aee6acd4d1cf/current/log_inprogress_0
2019-08-28 20:35:23,381 [0e29188f-1bda-4147-b1c2-d5dce43dc229-SegmentedRaftLogWorker:Storage Directory /workdir/hadoop-ozone/integration-test/target/test-dir/MiniOzoneClusterImpl-9f674b4b-7f24-464f-99b8-bd3e1a4ceab8/datanode-4/data/ratis/81486204-ab98-4c99-80a0-aee6acd4d1cf] INFO  segmented.SegmentedRaftLogWorker (SegmentedRaftLogWorker.java:execute(569)) - 0e29188f-1bda-4147-b1c2-d5dce43dc229-SegmentedRaftLogWorker:Storage Directory /workdir/hadoop-ozone/integration-test/target/test-dir/MiniOzoneClusterImpl-9f674b4b-7f24-464f-99b8-bd3e1a4ceab8/datanode-4/data/ratis/81486204-ab98-4c99-80a0-aee6acd4d1cf: created new log segment /workdir/hadoop-ozone/integration-test/target/test-dir/MiniOzoneClusterImpl-9f674b4b-7f24-464f-99b8-bd3e1a4ceab8/datanode-4/data/ratis/81486204-ab98-4c99-80a0-aee6acd4d1cf/current/log_inprogress_0
2019-08-28 20:35:23,381 [a907af4d-6e9b-43fc-a46a-782566b871fb-SegmentedRaftLogWorker:Storage Directory /workdir/hadoop-ozone/integration-test/target/test-dir/MiniOzoneClusterImpl-9f674b4b-7f24-464f-99b8-bd3e1a4ceab8/datanode-3/data/ratis/81486204-ab98-4c99-80a0-aee6acd4d1cf] INFO  segmented.SegmentedRaftLogWorker (SegmentedRaftLogWorker.java:execute(569)) - a907af4d-6e9b-43fc-a46a-782566b871fb-SegmentedRaftLogWorker:Storage Directory /workdir/hadoop-ozone/integration-test/target/test-dir/MiniOzoneClusterImpl-9f674b4b-7f24-464f-99b8-bd3e1a4ceab8/datanode-3/data/ratis/81486204-ab98-4c99-80a0-aee6acd4d1cf: created new log segment /workdir/hadoop-ozone/integration-test/target/test-dir/MiniOzoneClusterImpl-9f674b4b-7f24-464f-99b8-bd3e1a4ceab8/datanode-3/data/ratis/81486204-ab98-4c99-80a0-aee6acd4d1cf/current/log_inprogress_0
2019-08-28 20:35:23,675 | INFO  | SCMAudit | user=jenkins1000 | ip=192.168.5.177 | op=SEND_HEARTBEAT {datanodeUUID=7428f0d9-f26c-473b-bcbc-c327f695592c, command=[]} | ret=SUCCESS |  
2019-08-28 20:35:23,747 | INFO  | SCMAudit | user=jenkins1000 | ip=192.168.5.177 | op=SEND_HEARTBEAT {datanodeUUID=87d438d6-67b9-4b7c-91be-dfc928839b42, command=[]} | ret=SUCCESS |  
2019-08-28 20:35:23,809 | INFO  | SCMAudit | user=jenkins1000 | ip=192.168.5.177 | op=SEND_HEARTBEAT {datanodeUUID=7fec90bb-c54b-43b1-bf43-d7f2b2685c16, command=[]} | ret=SUCCESS |  
2019-08-28 20:35:23,886 | INFO  | SCMAudit | user=jenkins1000 | ip=192.168.5.177 | op=SEND_HEARTBEAT {datanodeUUID=a907af4d-6e9b-43fc-a46a-782566b871fb, command=[]} | ret=SUCCESS |  
2019-08-28 20:35:23,946 | INFO  | SCMAudit | user=jenkins1000 | ip=192.168.5.177 | op=SEND_HEARTBEAT {datanodeUUID=0e29188f-1bda-4147-b1c2-d5dce43dc229, command=[]} | ret=SUCCESS |  
2019-08-28 20:35:24,037 | INFO  | SCMAudit | user=jenkins1000 | ip=192.168.5.177 | op=SEND_HEARTBEAT {datanodeUUID=80e4eca2-6bb1-4714-bd4e-8b731fcc1ced, command=[]} | ret=SUCCESS |  
2019-08-28 20:35:24,124 | INFO  | SCMAudit | user=jenkins1000 | ip=192.168.5.177 | op=SEND_HEARTBEAT {datanodeUUID=ae3047cd-3e29-40a9-854d-dcce9cae807a, command=[]} | ret=SUCCESS |  
2019-08-28 20:35:24,321 [grpc-default-executor-9] INFO  client.GrpcClientProtocolClient (GrpcClientProtocolClient.java:onNext(255)) - client-FD3491325FE4->0e29188f-1bda-4147-b1c2-d5dce43dc229: receive RaftClientReply:client-FD3491325FE4->0e29188f-1bda-4147-b1c2-d5dce43dc229@group-AEE6ACD4D1CF, cid=174, FAILED org.apache.ratis.protocol.NotLeaderException: Server 0e29188f-1bda-4147-b1c2-d5dce43dc229 is not the leader (a907af4d-6e9b-43fc-a46a-782566b871fb:192.168.5.177:32994). Request must be sent to leader., logIndex=0, commits[0e29188f-1bda-4147-b1c2-d5dce43dc229:c-1, a907af4d-6e9b-43fc-a46a-782566b871fb:c-1, 80e4eca2-6bb1-4714-bd4e-8b731fcc1ced:c-1]
2019-08-28 20:35:24,675 | INFO  | SCMAudit | user=jenkins1000 | ip=192.168.5.177 | op=SEND_HEARTBEAT {datanodeUUID=7428f0d9-f26c-473b-bcbc-c327f695592c, command=[]} | ret=SUCCESS |  
2019-08-28 20:35:24,747 | INFO  | SCMAudit | user=jenkins1000 | ip=192.168.5.177 | op=SEND_HEARTBEAT {datanodeUUID=87d438d6-67b9-4b7c-91be-dfc928839b42, command=[]} | ret=SUCCESS |  
2019-08-28 20:35:24,776 | INFO  | DNAudit | user=null | ip=null | op=WRITE_CHUNK {blockData=conID: 1 locID: 102696518891077646 bcsId: 0} | ret=SUCCESS |  
2019-08-28 20:35:24,776 | INFO  | DNAudit | user=null | ip=null | op=WRITE_CHUNK {blockData=conID: 1 locID: 102696518891077646 bcsId: 0} | ret=SUCCESS |  
2019-08-28 20:35:24,776 | INFO  | DNAudit | user=null | ip=null | op=WRITE_CHUNK {blockData=conID: 1 locID: 102696518891077646 bcsId: 0} | ret=SUCCESS |  
2019-08-28 20:35:24,776 | INFO  | SCMAudit | user=jenkins1000 | ip=192.168.5.177 | op=SEND_HEARTBEAT {datanodeUUID=80e4eca2-6bb1-4714-bd4e-8b731fcc1ced, command=[]} | ret=SUCCESS |  
2019-08-28 20:35:24,776 | INFO  | SCMAudit | user=jenkins1000 | ip=192.168.5.177 | op=SEND_HEARTBEAT {datanodeUUID=0e29188f-1bda-4147-b1c2-d5dce43dc229, command=[]} | ret=SUCCESS |  
2019-08-28 20:35:24,777 | INFO  | SCMAudit | user=jenkins1000 | ip=192.168.5.177 | op=SEND_HEARTBEAT {datanodeUUID=a907af4d-6e9b-43fc-a46a-782566b871fb, command=[]} | ret=SUCCESS |  
2019-08-28 20:35:24,791 | INFO  | DNAudit | user=null | ip=null | op=WRITE_CHUNK {blockData=conID: 1 locID: 102696518891077646 bcsId: 0} | ret=SUCCESS |  
2019-08-28 20:35:24,795 [grpc-default-executor-9] INFO  client.GrpcClientProtocolClient (GrpcClientProtocolClient.java:onNext(255)) - client-FD3491325FE4->a907af4d-6e9b-43fc-a46a-782566b871fb: receive RaftClientReply:client-FD3491325FE4->a907af4d-6e9b-43fc-a46a-782566b871fb@group-AEE6ACD4D1CF, cid=174, SUCCESS, logIndex=1, commits[a907af4d-6e9b-43fc-a46a-782566b871fb:c1, 0e29188f-1bda-4147-b1c2-d5dce43dc229:c0, 80e4eca2-6bb1-4714-bd4e-8b731fcc1ced:c0]
2019-08-28 20:35:24,798 | INFO  | DNAudit | user=null | ip=null | op=WRITE_CHUNK {blockData=conID: 1 locID: 102696518891077646 bcsId: 0} | ret=SUCCESS |  
2019-08-28 20:35:24,800 | INFO  | DNAudit | user=null | ip=null | op=WRITE_CHUNK {blockData=conID: 1 locID: 102696518891077646 bcsId: 0} | ret=SUCCESS |  
2019-08-28 20:35:24,800 | INFO  | DNAudit | user=null | ip=null | op=WRITE_CHUNK {blockData=conID: 1 locID: 102696518891077646 bcsId: 0} | ret=SUCCESS |  
2019-08-28 20:35:24,800 | INFO  | DNAudit | user=null | ip=null | op=WRITE_CHUNK {blockData=conID: 1 locID: 102696518891077646 bcsId: 0} | ret=SUCCESS |  
2019-08-28 20:35:24,801 | INFO  | DNAudit | user=null | ip=null | op=WRITE_CHUNK {blockData=conID: 1 locID: 102696518891077646 bcsId: 0} | ret=SUCCESS |  
2019-08-28 20:35:24,802 | INFO  | DNAudit | user=null | ip=null | op=WRITE_CHUNK {blockData=conID: 1 locID: 102696518891077646 bcsId: 0} | ret=SUCCESS |  
2019-08-28 20:35:24,802 | INFO  | DNAudit | user=null | ip=null | op=WRITE_CHUNK {blockData=conID: 1 locID: 102696518891077646 bcsId: 0} | ret=SUCCESS |  
2019-08-28 20:35:24,803 | INFO  | DNAudit | user=null | ip=null | op=WRITE_CHUNK {blockData=conID: 1 locID: 102696518891077646 bcsId: 0} | ret=SUCCESS |  
2019-08-28 20:35:24,803 | INFO  | DNAudit | user=null | ip=null | op=WRITE_CHUNK {blockData=conID: 1 locID: 102696518891077646 bcsId: 0} | ret=SUCCESS |  
2019-08-28 20:35:24,804 | INFO  | DNAudit | user=null | ip=null | op=WRITE_CHUNK {blockData=conID: 1 locID: 102696518891077646 bcsId: 0} | ret=SUCCESS |  
2019-08-28 20:35:24,804 | INFO  | DNAudit | user=null | ip=null | op=WRITE_CHUNK {blockData=conID: 1 locID: 102696518891077646 bcsId: 0} | ret=SUCCESS |  
2019-08-28 20:35:24,804 | INFO  | DNAudit | user=null | ip=null | op=WRITE_CHUNK {blockData=conID: 1 locID: 102696518891077646 bcsId: 0} | ret=SUCCESS |  
2019-08-28 20:35:24,809 [grpc-default-executor-9] INFO  client.GrpcClientProtocolClient (GrpcClientProtocolClient.java:onNext(255)) - client-FD3491325FE4->a907af4d-6e9b-43fc-a46a-782566b871fb: receive RaftClientReply:client-FD3491325FE4->a907af4d-6e9b-43fc-a46a-782566b871fb@group-AEE6ACD4D1CF, cid=175, SUCCESS, logIndex=3, commits[a907af4d-6e9b-43fc-a46a-782566b871fb:c3, 0e29188f-1bda-4147-b1c2-d5dce43dc229:c1, 80e4eca2-6bb1-4714-bd4e-8b731fcc1ced:c1]
2019-08-28 20:35:24,809 | INFO  | SCMAudit | user=jenkins1000 | ip=192.168.5.177 | op=SEND_HEARTBEAT {datanodeUUID=7fec90bb-c54b-43b1-bf43-d7f2b2685c16, command=[]} | ret=SUCCESS |  
2019-08-28 20:35:24,811 | INFO  | DNAudit | user=null | ip=null | op=WRITE_CHUNK {blockData=conID: 1 locID: 102696518891077646 bcsId: 0} | ret=SUCCESS |  
2019-08-28 20:35:24,821 | INFO  | DNAudit | user=null | ip=null | op=WRITE_CHUNK {blockData=conID: 1 locID: 102696518891077646 bcsId: 0} | ret=SUCCESS |  
2019-08-28 20:35:24,904 | INFO  | DNAudit | user=null | ip=null | op=PUT_BLOCK {blockData=[blockId=conID: 1 locID: 102696518891077646 bcsId: 0,size=200]} | ret=SUCCESS |  
2019-08-28 20:35:24,907 [grpc-default-executor-10] INFO  client.GrpcClientProtocolClient (GrpcClientProtocolClient.java:onNext(255)) - client-FD3491325FE4->a907af4d-6e9b-43fc-a46a-782566b871fb: receive RaftClientReply:client-FD3491325FE4->a907af4d-6e9b-43fc-a46a-782566b871fb@group-AEE6ACD4D1CF, cid=176, SUCCESS, logIndex=4, commits[a907af4d-6e9b-43fc-a46a-782566b871fb:c12, 0e29188f-1bda-4147-b1c2-d5dce43dc229:c7, 80e4eca2-6bb1-4714-bd4e-8b731fcc1ced:c7]
2019-08-28 20:35:24,917 | INFO  | DNAudit | user=null | ip=null | op=WRITE_CHUNK {blockData=conID: 1 locID: 102696518891077646 bcsId: 0} | ret=SUCCESS |  
2019-08-28 20:35:24,918 | INFO  | DNAudit | user=null | ip=null | op=WRITE_CHUNK {blockData=conID: 1 locID: 102696518891077646 bcsId: 0} | ret=SUCCESS |  
2019-08-28 20:35:24,918 [grpc-default-executor-10] INFO  client.GrpcClientProtocolClient (GrpcClientProtocolClient.java:onNext(255)) - client-FD3491325FE4->a907af4d-6e9b-43fc-a46a-782566b871fb: receive RaftClientReply:client-FD3491325FE4->a907af4d-6e9b-43fc-a46a-782566b871fb@group-AEE6ACD4D1CF, cid=177, SUCCESS, logIndex=5, commits[a907af4d-6e9b-43fc-a46a-782566b871fb:c12, 0e29188f-1bda-4147-b1c2-d5dce43dc229:c7, 80e4eca2-6bb1-4714-bd4e-8b731fcc1ced:c7]
2019-08-28 20:35:24,919 [grpc-default-executor-10] INFO  client.GrpcClientProtocolClient (GrpcClientProtocolClient.java:onNext(255)) - client-FD3491325FE4->a907af4d-6e9b-43fc-a46a-782566b871fb: receive RaftClientReply:client-FD3491325FE4->a907af4d-6e9b-43fc-a46a-782566b871fb@group-AEE6ACD4D1CF, cid=178, SUCCESS, logIndex=6, commits[a907af4d-6e9b-43fc-a46a-782566b871fb:c12, 0e29188f-1bda-4147-b1c2-d5dce43dc229:c7, 80e4eca2-6bb1-4714-bd4e-8b731fcc1ced:c7]
2019-08-28 20:35:24,995 | INFO  | DNAudit | user=null | ip=null | op=PUT_BLOCK {blockData=[blockId=conID: 1 locID: 102696518891077646 bcsId: 0,size=200]} | ret=SUCCESS |  
2019-08-28 20:35:24,996 | INFO  | DNAudit | user=null | ip=null | op=WRITE_CHUNK {blockData=conID: 1 locID: 102696518891077646 bcsId: 0} | ret=SUCCESS |  
2019-08-28 20:35:24,997 | INFO  | DNAudit | user=null | ip=null | op=WRITE_CHUNK {blockData=conID: 1 locID: 102696518891077646 bcsId: 0} | ret=SUCCESS |  
2019-08-28 20:35:25,043 | INFO  | DNAudit | user=null | ip=null | op=PUT_BLOCK {blockData=[blockId=conID: 1 locID: 102696518891077646 bcsId: 0,size=400]} | ret=SUCCESS |  
2019-08-28 20:35:25,043 | INFO  | DNAudit | user=null | ip=null | op=PUT_BLOCK {blockData=[blockId=conID: 1 locID: 102696518891077646 bcsId: 0,size=400]} | ret=SUCCESS |  
2019-08-28 20:35:25,045 [grpc-default-executor-10] INFO  client.GrpcClientProtocolClient (GrpcClientProtocolClient.java:onNext(255)) - client-FD3491325FE4->a907af4d-6e9b-43fc-a46a-782566b871fb: receive RaftClientReply:client-FD3491325FE4->a907af4d-6e9b-43fc-a46a-782566b871fb@group-AEE6ACD4D1CF, cid=179, SUCCESS, logIndex=7, commits[a907af4d-6e9b-43fc-a46a-782566b871fb:c12, 0e29188f-1bda-4147-b1c2-d5dce43dc229:c7, 80e4eca2-6bb1-4714-bd4e-8b731fcc1ced:c7]
2019-08-28 20:35:25,053 | INFO  | DNAudit | user=null | ip=null | op=WRITE_CHUNK {blockData=conID: 1 locID: 102696518891077646 bcsId: 7} | ret=SUCCESS |  
2019-08-28 20:35:25,057 | INFO  | DNAudit | user=null | ip=null | op=WRITE_CHUNK {blockData=conID: 1 locID: 102696518891077646 bcsId: 7} | ret=SUCCESS |  
2019-08-28 20:35:25,057 | INFO  | DNAudit | user=null | ip=null | op=WRITE_CHUNK {blockData=conID: 1 locID: 102696518891077646 bcsId: 7} | ret=SUCCESS |  
2019-08-28 20:35:25,062 | INFO  | DNAudit | user=null | ip=null | op=PUT_BLOCK {blockData=[blockId=conID: 1 locID: 102696518891077646 bcsId: 0,size=200]} | ret=SUCCESS |  
2019-08-28 20:35:25,062 | INFO  | DNAudit | user=null | ip=null | op=WRITE_CHUNK {blockData=conID: 1 locID: 102696518891077646 bcsId: 0} | ret=SUCCESS |  
2019-08-28 20:35:25,063 | INFO  | DNAudit | user=null | ip=null | op=WRITE_CHUNK {blockData=conID: 1 locID: 102696518891077646 bcsId: 0} | ret=SUCCESS |  
2019-08-28 20:35:25,064 | INFO  | DNAudit | user=null | ip=null | op=PUT_BLOCK {blockData=[blockId=conID: 1 locID: 102696518891077646 bcsId: 0,size=400]} | ret=SUCCESS |  
2019-08-28 20:35:25,071 | INFO  | DNAudit | user=null | ip=null | op=WRITE_CHUNK {blockData=conID: 1 locID: 102696518891077646 bcsId: 7} | ret=SUCCESS |  
2019-08-28 20:35:25,071 | INFO  | DNAudit | user=null | ip=null | op=PUT_BLOCK {blockData=[blockId=conID: 1 locID: 102696518891077646 bcsId: 0,size=450]} | ret=SUCCESS |  
2019-08-28 20:35:25,072 [grpc-default-executor-10] INFO  client.GrpcClientProtocolClient (GrpcClientProtocolClient.java:onNext(255)) - client-FD3491325FE4->a907af4d-6e9b-43fc-a46a-782566b871fb: receive RaftClientReply:client-FD3491325FE4->a907af4d-6e9b-43fc-a46a-782566b871fb@group-AEE6ACD4D1CF, cid=180, SUCCESS, logIndex=13, commits[a907af4d-6e9b-43fc-a46a-782566b871fb:c14, 0e29188f-1bda-4147-b1c2-d5dce43dc229:c12, 80e4eca2-6bb1-4714-bd4e-8b731fcc1ced:c12]
2019-08-28 20:35:25,072 [grpc-default-executor-10] INFO  client.GrpcClientProtocolClient (GrpcClientProtocolClient.java:onNext(255)) - client-FD3491325FE4->a907af4d-6e9b-43fc-a46a-782566b871fb: receive RaftClientReply:client-FD3491325FE4->a907af4d-6e9b-43fc-a46a-782566b871fb@group-AEE6ACD4D1CF, cid=181, SUCCESS, logIndex=14, commits[a907af4d-6e9b-43fc-a46a-782566b871fb:c14, 0e29188f-1bda-4147-b1c2-d5dce43dc229:c12, 80e4eca2-6bb1-4714-bd4e-8b731fcc1ced:c12]
2019-08-28 20:35:25,081 | INFO  | DNAudit | user=null | ip=null | op=WRITE_CHUNK {blockData=conID: 1 locID: 102696518891077646 bcsId: 7} | ret=SUCCESS |  
2019-08-28 20:35:25,081 | INFO  | DNAudit | user=null | ip=null | op=WRITE_CHUNK {blockData=conID: 1 locID: 102696518891077646 bcsId: 7} | ret=SUCCESS |  
2019-08-28 20:35:25,092 | INFO  | DNAudit | user=null | ip=null | op=PUT_BLOCK {blockData=[blockId=conID: 1 locID: 102696518891077646 bcsId: 0,size=450]} | ret=SUCCESS |  
2019-08-28 20:35:25,095 | INFO  | DNAudit | user=null | ip=null | op=PUT_BLOCK {blockData=[blockId=conID: 1 locID: 102696518891077646 bcsId: 0,size=450]} | ret=SUCCESS |  
2019-08-28 20:35:25,096 [grpc-default-executor-10] INFO  client.GrpcClientProtocolClient (GrpcClientProtocolClient.java:onNext(255)) - client-FD3491325FE4->a907af4d-6e9b-43fc-a46a-782566b871fb: receive RaftClientReply:client-FD3491325FE4->a907af4d-6e9b-43fc-a46a-782566b871fb@group-AEE6ACD4D1CF, cid=182, SUCCESS, logIndex=0, commits[a907af4d-6e9b-43fc-a46a-782566b871fb:c15, 0e29188f-1bda-4147-b1c2-d5dce43dc229:c14, 80e4eca2-6bb1-4714-bd4e-8b731fcc1ced:c14]
2019-08-28 20:35:25,124 | INFO  | SCMAudit | user=jenkins1000 | ip=192.168.5.177 | op=SEND_HEARTBEAT {datanodeUUID=ae3047cd-3e29-40a9-854d-dcce9cae807a, command=[]} | ret=SUCCESS |  
2019-08-28 20:35:25,676 | INFO  | SCMAudit | user=jenkins1000 | ip=192.168.5.177 | op=SEND_HEARTBEAT {datanodeUUID=7428f0d9-f26c-473b-bcbc-c327f695592c, command=[]} | ret=SUCCESS |  
2019-08-28 20:35:25,747 | INFO  | SCMAudit | user=jenkins1000 | ip=192.168.5.177 | op=SEND_HEARTBEAT {datanodeUUID=87d438d6-67b9-4b7c-91be-dfc928839b42, command=[]} | ret=SUCCESS |  
2019-08-28 20:35:25,775 [Datanode State Machine Thread - 0] INFO  statemachine.DatanodeStateMachine (DatanodeStateMachine.java:lambda$startDaemon$0(350)) - Ozone container server started.
2019-08-28 20:35:25,776 | INFO  | SCMAudit | user=jenkins1000 | ip=192.168.5.177 | op=SEND_HEARTBEAT {datanodeUUID=0e29188f-1bda-4147-b1c2-d5dce43dc229, command=[]} | ret=SUCCESS |  
2019-08-28 20:35:25,776 | INFO  | SCMAudit | user=jenkins1000 | ip=192.168.5.177 | op=SEND_HEARTBEAT {datanodeUUID=80e4eca2-6bb1-4714-bd4e-8b731fcc1ced, command=[]} | ret=SUCCESS |  
2019-08-28 20:35:25,809 | INFO  | SCMAudit | user=jenkins1000 | ip=192.168.5.177 | op=SEND_HEARTBEAT {datanodeUUID=7fec90bb-c54b-43b1-bf43-d7f2b2685c16, command=[]} | ret=SUCCESS |  
2019-08-28 20:35:26,124 | INFO  | SCMAudit | user=jenkins1000 | ip=192.168.5.177 | op=SEND_HEARTBEAT {datanodeUUID=ae3047cd-3e29-40a9-854d-dcce9cae807a, command=[]} | ret=SUCCESS |  
2019-08-28 20:35:26,676 | INFO  | SCMAudit | user=jenkins1000 | ip=192.168.5.177 | op=SEND_HEARTBEAT {datanodeUUID=7428f0d9-f26c-473b-bcbc-c327f695592c, command=[]} | ret=SUCCESS |  
2019-08-28 20:35:26,747 | INFO  | SCMAudit | user=jenkins1000 | ip=192.168.5.177 | op=SEND_HEARTBEAT {datanodeUUID=87d438d6-67b9-4b7c-91be-dfc928839b42, command=[]} | ret=SUCCESS |  
2019-08-28 20:35:26,776 | INFO  | SCMAudit | user=jenkins1000 | ip=192.168.5.177 | op=SEND_HEARTBEAT {datanodeUUID=0e29188f-1bda-4147-b1c2-d5dce43dc229, command=[]} | ret=SUCCESS |  
2019-08-28 20:35:26,776 | INFO  | SCMAudit | user=jenkins1000 | ip=192.168.5.177 | op=SEND_HEARTBEAT {datanodeUUID=80e4eca2-6bb1-4714-bd4e-8b731fcc1ced, command=[]} | ret=SUCCESS |  
2019-08-28 20:35:26,809 | INFO  | SCMAudit | user=jenkins1000 | ip=192.168.5.177 | op=SEND_HEARTBEAT {datanodeUUID=7fec90bb-c54b-43b1-bf43-d7f2b2685c16, command=[]} | ret=SUCCESS |  
2019-08-28 20:35:27,125 | INFO  | SCMAudit | user=jenkins1000 | ip=192.168.5.177 | op=SEND_HEARTBEAT {datanodeUUID=ae3047cd-3e29-40a9-854d-dcce9cae807a, command=[]} | ret=SUCCESS |  
2019-08-28 20:35:27,676 | INFO  | SCMAudit | user=jenkins1000 | ip=192.168.5.177 | op=SEND_HEARTBEAT {datanodeUUID=7428f0d9-f26c-473b-bcbc-c327f695592c, command=[]} | ret=SUCCESS |  
2019-08-28 20:35:27,747 | INFO  | SCMAudit | user=jenkins1000 | ip=192.168.5.177 | op=SEND_HEARTBEAT {datanodeUUID=87d438d6-67b9-4b7c-91be-dfc928839b42, command=[]} | ret=SUCCESS |  
2019-08-28 20:35:27,776 | INFO  | SCMAudit | user=jenkins1000 | ip=192.168.5.177 | op=SEND_HEARTBEAT {datanodeUUID=0e29188f-1bda-4147-b1c2-d5dce43dc229, command=[]} | ret=SUCCESS |  
2019-08-28 20:35:27,776 | INFO  | SCMAudit | user=jenkins1000 | ip=192.168.5.177 | op=SEND_HEARTBEAT {datanodeUUID=80e4eca2-6bb1-4714-bd4e-8b731fcc1ced, command=[]} | ret=SUCCESS |  
2019-08-28 20:35:27,809 | INFO  | SCMAudit | user=jenkins1000 | ip=192.168.5.177 | op=SEND_HEARTBEAT {datanodeUUID=7fec90bb-c54b-43b1-bf43-d7f2b2685c16, command=[]} | ret=SUCCESS |  
2019-08-28 20:35:28,125 | INFO  | SCMAudit | user=jenkins1000 | ip=192.168.5.177 | op=SEND_HEARTBEAT {datanodeUUID=ae3047cd-3e29-40a9-854d-dcce9cae807a, command=[]} | ret=SUCCESS |  
2019-08-28 20:35:28,676 | INFO  | SCMAudit | user=jenkins1000 | ip=192.168.5.177 | op=SEND_HEARTBEAT {datanodeUUID=7428f0d9-f26c-473b-bcbc-c327f695592c, command=[]} | ret=SUCCESS |  
2019-08-28 20:35:28,747 | INFO  | SCMAudit | user=jenkins1000 | ip=192.168.5.177 | op=SEND_HEARTBEAT {datanodeUUID=87d438d6-67b9-4b7c-91be-dfc928839b42, command=[]} | ret=SUCCESS |  
2019-08-28 20:35:28,776 | INFO  | SCMAudit | user=jenkins1000 | ip=192.168.5.177 | op=SEND_HEARTBEAT {datanodeUUID=0e29188f-1bda-4147-b1c2-d5dce43dc229, command=[]} | ret=SUCCESS |  
2019-08-28 20:35:28,776 | INFO  | SCMAudit | user=jenkins1000 | ip=192.168.5.177 | op=SEND_HEARTBEAT {datanodeUUID=80e4eca2-6bb1-4714-bd4e-8b731fcc1ced, command=[]} | ret=SUCCESS |  
2019-08-28 20:35:28,809 | INFO  | SCMAudit | user=jenkins1000 | ip=192.168.5.177 | op=SEND_HEARTBEAT {datanodeUUID=7fec90bb-c54b-43b1-bf43-d7f2b2685c16, command=[]} | ret=SUCCESS |  
2019-08-28 20:35:29,125 | INFO  | SCMAudit | user=jenkins1000 | ip=192.168.5.177 | op=SEND_HEARTBEAT {datanodeUUID=ae3047cd-3e29-40a9-854d-dcce9cae807a, command=[]} | ret=SUCCESS |  
2019-08-28 20:35:29,678 | INFO  | SCMAudit | user=jenkins1000 | ip=192.168.5.177 | op=SEND_HEARTBEAT {datanodeUUID=7428f0d9-f26c-473b-bcbc-c327f695592c, command=[]} | ret=SUCCESS |  
2019-08-28 20:35:29,747 | INFO  | SCMAudit | user=jenkins1000 | ip=192.168.5.177 | op=SEND_HEARTBEAT {datanodeUUID=87d438d6-67b9-4b7c-91be-dfc928839b42, command=[]} | ret=SUCCESS |  
2019-08-28 20:35:29,776 | INFO  | SCMAudit | user=jenkins1000 | ip=192.168.5.177 | op=SEND_HEARTBEAT {datanodeUUID=0e29188f-1bda-4147-b1c2-d5dce43dc229, command=[]} | ret=SUCCESS |  
2019-08-28 20:35:29,776 | INFO  | SCMAudit | user=jenkins1000 | ip=192.168.5.177 | op=SEND_HEARTBEAT {datanodeUUID=80e4eca2-6bb1-4714-bd4e-8b731fcc1ced, command=[]} | ret=SUCCESS |  
2019-08-28 20:35:29,809 | INFO  | SCMAudit | user=jenkins1000 | ip=192.168.5.177 | op=SEND_HEARTBEAT {datanodeUUID=7fec90bb-c54b-43b1-bf43-d7f2b2685c16, command=[]} | ret=SUCCESS |  
2019-08-28 20:35:29,810 [EventQueue-StaleNodeForStaleNodeHandler] INFO  node.StaleNodeHandler (StaleNodeHandler.java:onMessage(58)) - Datanode a907af4d-6e9b-43fc-a46a-782566b871fb{ip: 192.168.5.177, host: pr-hdds-2051-mwr8n-2748524799, networkLocation: /default-rack, certSerialId: null} moved to stale state. Finalizing its pipelines [PipelineID=81486204-ab98-4c99-80a0-aee6acd4d1cf, PipelineID=78aae96f-bd49-4d5e-8a29-dd63965fe90a]
2019-08-28 20:35:29,811 [EventQueue-StaleNodeForStaleNodeHandler] INFO  pipeline.SCMPipelineManager (SCMPipelineManager.java:finalizeAndDestroyPipeline(309)) - destroying pipeline:Pipeline[ Id: 81486204-ab98-4c99-80a0-aee6acd4d1cf, Nodes: a907af4d-6e9b-43fc-a46a-782566b871fb{ip: 192.168.5.177, host: pr-hdds-2051-mwr8n-2748524799, networkLocation: /default-rack, certSerialId: null}0e29188f-1bda-4147-b1c2-d5dce43dc229{ip: 192.168.5.177, host: pr-hdds-2051-mwr8n-2748524799, networkLocation: /default-rack, certSerialId: null}80e4eca2-6bb1-4714-bd4e-8b731fcc1ced{ip: 192.168.5.177, host: pr-hdds-2051-mwr8n-2748524799, networkLocation: /default-rack, certSerialId: null}, Type:RATIS, Factor:THREE, State:OPEN]
2019-08-28 20:35:29,811 [EventQueue-StaleNodeForStaleNodeHandler] INFO  pipeline.PipelineStateManager (PipelineStateManager.java:finalizePipeline(123)) - Pipeline Pipeline[ Id: 81486204-ab98-4c99-80a0-aee6acd4d1cf, Nodes: a907af4d-6e9b-43fc-a46a-782566b871fb{ip: 192.168.5.177, host: pr-hdds-2051-mwr8n-2748524799, networkLocation: /default-rack, certSerialId: null}0e29188f-1bda-4147-b1c2-d5dce43dc229{ip: 192.168.5.177, host: pr-hdds-2051-mwr8n-2748524799, networkLocation: /default-rack, certSerialId: null}80e4eca2-6bb1-4714-bd4e-8b731fcc1ced{ip: 192.168.5.177, host: pr-hdds-2051-mwr8n-2748524799, networkLocation: /default-rack, certSerialId: null}, Type:RATIS, Factor:THREE, State:CLOSED] moved to CLOSED state
2019-08-28 20:35:29,812 [EventQueue-CloseContainerForCloseContainerEventHandler] INFO  container.CloseContainerEventHandler (CloseContainerEventHandler.java:onMessage(61)) - Close container Event triggered for container : #1
2019-08-28 20:35:29,812 [EventQueue-StaleNodeForStaleNodeHandler] INFO  pipeline.SCMPipelineManager (SCMPipelineManager.java:finalizeAndDestroyPipeline(309)) - destroying pipeline:Pipeline[ Id: 78aae96f-bd49-4d5e-8a29-dd63965fe90a, Nodes: a907af4d-6e9b-43fc-a46a-782566b871fb{ip: 192.168.5.177, host: pr-hdds-2051-mwr8n-2748524799, networkLocation: /default-rack, certSerialId: null}, Type:RATIS, Factor:ONE, State:OPEN]
2019-08-28 20:35:29,812 [EventQueue-StaleNodeForStaleNodeHandler] INFO  pipeline.PipelineStateManager (PipelineStateManager.java:finalizePipeline(123)) - Pipeline Pipeline[ Id: 78aae96f-bd49-4d5e-8a29-dd63965fe90a, Nodes: a907af4d-6e9b-43fc-a46a-782566b871fb{ip: 192.168.5.177, host: pr-hdds-2051-mwr8n-2748524799, networkLocation: /default-rack, certSerialId: null}, Type:RATIS, Factor:ONE, State:CLOSED] moved to CLOSED state
2019-08-28 20:35:30,098 [main] INFO  ozoneimpl.OzoneContainer (OzoneContainer.java:stop(215)) - Attempting to stop container services.
2019-08-28 20:35:30,104 [main] INFO  impl.RaftServerProxy (RaftServerProxy.java:lambda$close$4(314)) - a907af4d-6e9b-43fc-a46a-782566b871fb: close
2019-08-28 20:35:30,106 [main] INFO  impl.RaftServerImpl (RaftServerImpl.java:lambda$shutdown$3(245)) - a907af4d-6e9b-43fc-a46a-782566b871fb: shutdown group-AEE6ACD4D1CF
2019-08-28 20:35:30,106 [ForkJoinPool.commonPool-worker-1] INFO  impl.RaftServerImpl (RaftServerImpl.java:lambda$shutdown$3(245)) - a907af4d-6e9b-43fc-a46a-782566b871fb: shutdown group-DD63965FE90A
2019-08-28 20:35:30,107 [main] INFO  util.JmxRegister (JmxRegister.java:unregister(73)) - Successfully un-registered JMX Bean with object name Ratis:service=RaftServer,group=group-AEE6ACD4D1CF,id=a907af4d-6e9b-43fc-a46a-782566b871fb
2019-08-28 20:35:30,107 [ForkJoinPool.commonPool-worker-1] INFO  util.JmxRegister (JmxRegister.java:unregister(73)) - Successfully un-registered JMX Bean with object name Ratis:service=RaftServer,group=group-DD63965FE90A,id=a907af4d-6e9b-43fc-a46a-782566b871fb
2019-08-28 20:35:30,107 [main] INFO  impl.RoleInfo (RoleInfo.java:shutdownLeaderState(104)) - a907af4d-6e9b-43fc-a46a-782566b871fb: shutdown LeaderState
2019-08-28 20:35:30,108 [ForkJoinPool.commonPool-worker-1] INFO  impl.RoleInfo (RoleInfo.java:shutdownLeaderState(104)) - a907af4d-6e9b-43fc-a46a-782566b871fb: shutdown LeaderState
2019-08-28 20:35:30,122 [org.apache.ratis.server.impl.LogAppender$AppenderDaemon$$Lambda$507/1310115435@7efc404d] WARN  server.GrpcLogAppender (GrpcLogAppender.java:mayWait(143)) - GrpcLogAppender(a907af4d-6e9b-43fc-a46a-782566b871fb->0e29188f-1bda-4147-b1c2-d5dce43dc229): Wait interrupted by java.lang.InterruptedException
2019-08-28 20:35:30,122 [org.apache.ratis.server.impl.LogAppender$AppenderDaemon$$Lambda$507/1310115435@3bfec1f6] WARN  server.GrpcLogAppender (GrpcLogAppender.java:mayWait(143)) - GrpcLogAppender(a907af4d-6e9b-43fc-a46a-782566b871fb->80e4eca2-6bb1-4714-bd4e-8b731fcc1ced): Wait interrupted by java.lang.InterruptedException
2019-08-28 20:35:30,122 [main] INFO  impl.PendingRequests (PendingRequests.java:sendNotLeaderResponses(202)) - a907af4d-6e9b-43fc-a46a-782566b871fb-PendingRequests: sendNotLeaderResponses
2019-08-28 20:35:30,123 [grpc-default-executor-9] INFO  server.GrpcServerProtocolService (GrpcServerProtocolService.java:onCompleted(104)) - 80e4eca2-6bb1-4714-bd4e-8b731fcc1ced: appendEntries completed
2019-08-28 20:35:30,123 [grpc-default-executor-10] INFO  server.GrpcServerProtocolService (GrpcServerProtocolService.java:onCompleted(104)) - 0e29188f-1bda-4147-b1c2-d5dce43dc229: appendEntries completed
2019-08-28 20:35:30,122 [ForkJoinPool.commonPool-worker-1] INFO  impl.PendingRequests (PendingRequests.java:sendNotLeaderResponses(202)) - a907af4d-6e9b-43fc-a46a-782566b871fb-PendingRequests: sendNotLeaderResponses
2019-08-28 20:35:30,128 [main] INFO  impl.StateMachineUpdater (StateMachineUpdater.java:stopAndJoin(115)) - StateMachineUpdater:a907af4d-6e9b-43fc-a46a-782566b871fb:group-AEE6ACD4D1CF: set stopIndex = 16
2019-08-28 20:35:30,129 [StateMachineUpdater:a907af4d-6e9b-43fc-a46a-782566b871fb:group-AEE6ACD4D1CF] INFO  ratis.ContainerStateMachine (ContainerStateMachine.java:takeSnapshot(284)) - group-AEE6ACD4D1CF: Taking a snapshot at:(t:1, i:14) file /workdir/hadoop-ozone/integration-test/target/test-dir/MiniOzoneClusterImpl-9f674b4b-7f24-464f-99b8-bd3e1a4ceab8/datanode-3/data/ratis/81486204-ab98-4c99-80a0-aee6acd4d1cf/sm/snapshot.1_14
2019-08-28 20:35:30,128 [ForkJoinPool.commonPool-worker-1] INFO  impl.StateMachineUpdater (StateMachineUpdater.java:stopAndJoin(115)) - StateMachineUpdater:a907af4d-6e9b-43fc-a46a-782566b871fb:group-DD63965FE90A: set stopIndex = 0
2019-08-28 20:35:30,129 [grpc-default-executor-10] INFO  server.GrpcLogAppender (GrpcLogAppender.java:onCompleted(292)) - a907af4d-6e9b-43fc-a46a-782566b871fb->80e4eca2-6bb1-4714-bd4e-8b731fcc1ced: follower responses appendEntries COMPLETED
2019-08-28 20:35:30,129 [grpc-default-executor-8] INFO  server.GrpcLogAppender (GrpcLogAppender.java:onCompleted(292)) - a907af4d-6e9b-43fc-a46a-782566b871fb->0e29188f-1bda-4147-b1c2-d5dce43dc229: follower responses appendEntries COMPLETED
2019-08-28 20:35:30,129 [ForkJoinPool.commonPool-worker-1] INFO  impl.RaftServerImpl (ServerState.java:close(394)) - a907af4d-6e9b-43fc-a46a-782566b871fb:group-DD63965FE90A closes. The last applied log index is 0
2019-08-28 20:35:30,130 | INFO  | SCMAudit | user=jenkins1000 | ip=192.168.5.177 | op=SEND_HEARTBEAT {datanodeUUID=ae3047cd-3e29-40a9-854d-dcce9cae807a, command=[]} | ret=SUCCESS |  
2019-08-28 20:35:30,130 [grpc-default-executor-8] INFO  impl.FollowerInfo (FollowerInfo.java:lambda$new$0(50)) - a907af4d-6e9b-43fc-a46a-782566b871fb->0e29188f-1bda-4147-b1c2-d5dce43dc229: nextIndex: updateUnconditionally 17 -> 16
2019-08-28 20:35:30,130 [a907af4d-6e9b-43fc-a46a-782566b871fb-SegmentedRaftLogWorker:Storage Directory /workdir/hadoop-ozone/integration-test/target/test-dir/MiniOzoneClusterImpl-9f674b4b-7f24-464f-99b8-bd3e1a4ceab8/datanode-3/data/ratis/78aae96f-bd49-4d5e-8a29-dd63965fe90a] INFO  segmented.SegmentedRaftLogWorker (SegmentedRaftLogWorker.java:run(313)) - a907af4d-6e9b-43fc-a46a-782566b871fb-SegmentedRaftLogWorker:Storage Directory /workdir/hadoop-ozone/integration-test/target/test-dir/MiniOzoneClusterImpl-9f674b4b-7f24-464f-99b8-bd3e1a4ceab8/datanode-3/data/ratis/78aae96f-bd49-4d5e-8a29-dd63965fe90a was interrupted, exiting. There are 0 tasks remaining in the queue.
2019-08-28 20:35:30,130 [grpc-default-executor-10] INFO  impl.FollowerInfo (FollowerInfo.java:lambda$new$0(50)) - a907af4d-6e9b-43fc-a46a-782566b871fb->80e4eca2-6bb1-4714-bd4e-8b731fcc1ced: nextIndex: updateUnconditionally 17 -> 16
2019-08-28 20:35:30,133 [ForkJoinPool.commonPool-worker-1] INFO  segmented.SegmentedRaftLogWorker (SegmentedRaftLogWorker.java:close(228)) - a907af4d-6e9b-43fc-a46a-782566b871fb-SegmentedRaftLogWorker:Storage Directory /workdir/hadoop-ozone/integration-test/target/test-dir/MiniOzoneClusterImpl-9f674b4b-7f24-464f-99b8-bd3e1a4ceab8/datanode-3/data/ratis/78aae96f-bd49-4d5e-8a29-dd63965fe90a close()
2019-08-28 20:35:30,142 [StateMachineUpdater:a907af4d-6e9b-43fc-a46a-782566b871fb:group-AEE6ACD4D1CF] INFO  ratis.ContainerStateMachine (ContainerStateMachine.java:takeSnapshot(295)) - group-AEE6ACD4D1CF: Finished taking a snapshot at:(t:1, i:14) file:/workdir/hadoop-ozone/integration-test/target/test-dir/MiniOzoneClusterImpl-9f674b4b-7f24-464f-99b8-bd3e1a4ceab8/datanode-3/data/ratis/81486204-ab98-4c99-80a0-aee6acd4d1cf/sm/snapshot.1_14 time:14
2019-08-28 20:35:30,142 [StateMachineUpdater:a907af4d-6e9b-43fc-a46a-782566b871fb:group-AEE6ACD4D1CF] INFO  impl.StateMachineUpdater (StateMachineUpdater.java:takeSnapshot(242)) - StateMachineUpdater:a907af4d-6e9b-43fc-a46a-782566b871fb:group-AEE6ACD4D1CF: Took a snapshot at index 14
2019-08-28 20:35:30,142 [StateMachineUpdater:a907af4d-6e9b-43fc-a46a-782566b871fb:group-AEE6ACD4D1CF] INFO  impl.StateMachineUpdater (StateMachineUpdater.java:lambda$new$0(80)) - StateMachineUpdater:a907af4d-6e9b-43fc-a46a-782566b871fb:group-AEE6ACD4D1CF: snapshotIndex: updateIncreasingly -1 -> 14
2019-08-28 20:35:30,142 [main] INFO  impl.RaftServerImpl (ServerState.java:close(394)) - a907af4d-6e9b-43fc-a46a-782566b871fb:group-AEE6ACD4D1CF closes. The last applied log index is 16
2019-08-28 20:35:30,143 [a907af4d-6e9b-43fc-a46a-782566b871fb-SegmentedRaftLogWorker:Storage Directory /workdir/hadoop-ozone/integration-test/target/test-dir/MiniOzoneClusterImpl-9f674b4b-7f24-464f-99b8-bd3e1a4ceab8/datanode-3/data/ratis/81486204-ab98-4c99-80a0-aee6acd4d1cf] INFO  segmented.SegmentedRaftLogWorker (SegmentedRaftLogWorker.java:run(313)) - a907af4d-6e9b-43fc-a46a-782566b871fb-SegmentedRaftLogWorker:Storage Directory /workdir/hadoop-ozone/integration-test/target/test-dir/MiniOzoneClusterImpl-9f674b4b-7f24-464f-99b8-bd3e1a4ceab8/datanode-3/data/ratis/81486204-ab98-4c99-80a0-aee6acd4d1cf was interrupted, exiting. There are 0 tasks remaining in the queue.
2019-08-28 20:35:30,145 [main] INFO  segmented.SegmentedRaftLogWorker (SegmentedRaftLogWorker.java:close(228)) - a907af4d-6e9b-43fc-a46a-782566b871fb-SegmentedRaftLogWorker:Storage Directory /workdir/hadoop-ozone/integration-test/target/test-dir/MiniOzoneClusterImpl-9f674b4b-7f24-464f-99b8-bd3e1a4ceab8/datanode-3/data/ratis/81486204-ab98-4c99-80a0-aee6acd4d1cf close()
2019-08-28 20:35:30,149 [main] INFO  server.GrpcService (GrpcService.java:closeImpl(155)) - a907af4d-6e9b-43fc-a46a-782566b871fb: shutdown server with port 32994 now
2019-08-28 20:35:30,150 [grpc-default-executor-8] WARN  client.GrpcClientProtocolService (LogUtils.java:warn(134)) - 3-UnorderedRequestStreamObserver3: onError: org.apache.ratis.thirdparty.io.grpc.StatusRuntimeException: CANCELLED: cancelled before receiving half close
2019-08-28 20:35:30,150 [main] INFO  server.GrpcService (GrpcService.java:closeImpl(163)) - a907af4d-6e9b-43fc-a46a-782566b871fb: shutdown server with port 32994 successfully
2019-08-28 20:35:30,154 [refreshUsed-/workdir/hadoop-ozone/integration-test/target/test-dir/MiniOzoneClusterImpl-9f674b4b-7f24-464f-99b8-bd3e1a4ceab8/datanode-3/data/containers] WARN  fs.CachingGetSpaceUsed (CachingGetSpaceUsed.java:run(183)) - Thread Interrupted waiting to refresh disk information: sleep interrupted
2019-08-28 20:35:30,174 [main] INFO  utils.BackgroundService (BackgroundService.java:shutdown(148)) - Shutting down service BlockDeletingService
2019-08-28 20:35:30,179 [main] INFO  statemachine.DatanodeStateMachine (DatanodeStateMachine.java:stopDaemon(395)) - Ozone container server stopped.
2019-08-28 20:35:30,181 [main] INFO  handler.ContextHandler (ContextHandler.java:doStop(910)) - Stopped o.e.j.w.WebAppContext@1e56bc9b{/,null,UNAVAILABLE}{/hddsDatanode}
2019-08-28 20:35:30,182 [main] INFO  server.AbstractConnector (AbstractConnector.java:doStop(318)) - Stopped ServerConnector@6f3bd37f{HTTP/1.1,[http/1.1]}{0.0.0.0:0}
2019-08-28 20:35:30,183 [main] INFO  handler.ContextHandler (ContextHandler.java:doStop(910)) - Stopped o.e.j.s.ServletContextHandler@79195c22{/static,jar:file:/home/user/.m2/repository/org/apache/hadoop/hadoop-hdds-container-service/0.5.0-SNAPSHOT/hadoop-hdds-container-service-0.5.0-SNAPSHOT.jar!/webapps/static,UNAVAILABLE}
2019-08-28 20:35:30,183 [main] INFO  handler.ContextHandler (ContextHandler.java:doStop(910)) - Stopped o.e.j.s.ServletContextHandler@6b42e36d{/logs,file:///workdir/hadoop-ozone/integration-test/target/log,UNAVAILABLE}
2019-08-28 20:35:30,678 | INFO  | SCMAudit | user=jenkins1000 | ip=192.168.5.177 | op=SEND_HEARTBEAT {datanodeUUID=7428f0d9-f26c-473b-bcbc-c327f695592c, command=[]} | ret=SUCCESS |  
2019-08-28 20:35:30,747 | INFO  | SCMAudit | user=jenkins1000 | ip=192.168.5.177 | op=SEND_HEARTBEAT {datanodeUUID=87d438d6-67b9-4b7c-91be-dfc928839b42, command=[]} | ret=SUCCESS |  
2019-08-28 20:35:30,777 | INFO  | SCMAudit | user=jenkins1000 | ip=192.168.5.177 | op=SEND_HEARTBEAT {datanodeUUID=80e4eca2-6bb1-4714-bd4e-8b731fcc1ced, command=[commandType: closeContainerCommand closeContainerCommandProto { containerID: 1 pipelineID { id: "81486204-ab98-4c99-80a0-aee6acd4d1cf" } cmdId: 1 force: false } ]} | ret=SUCCESS |  
2019-08-28 20:35:30,777 | INFO  | SCMAudit | user=jenkins1000 | ip=192.168.5.177 | op=SEND_HEARTBEAT {datanodeUUID=0e29188f-1bda-4147-b1c2-d5dce43dc229, command=[commandType: closeContainerCommand closeContainerCommandProto { containerID: 1 pipelineID { id: "81486204-ab98-4c99-80a0-aee6acd4d1cf" } cmdId: 1 force: false } ]} | ret=SUCCESS |  
2019-08-28 20:35:30,809 | INFO  | SCMAudit | user=jenkins1000 | ip=192.168.5.177 | op=SEND_HEARTBEAT {datanodeUUID=7fec90bb-c54b-43b1-bf43-d7f2b2685c16, command=[]} | ret=SUCCESS |  
2019-08-28 20:35:31,130 | INFO  | SCMAudit | user=jenkins1000 | ip=192.168.5.177 | op=SEND_HEARTBEAT {datanodeUUID=ae3047cd-3e29-40a9-854d-dcce9cae807a, command=[]} | ret=SUCCESS |  
2019-08-28 20:35:31,678 | INFO  | SCMAudit | user=jenkins1000 | ip=192.168.5.177 | op=SEND_HEARTBEAT {datanodeUUID=7428f0d9-f26c-473b-bcbc-c327f695592c, command=[]} | ret=SUCCESS |  
2019-08-28 20:35:31,748 | INFO  | SCMAudit | user=jenkins1000 | ip=192.168.5.177 | op=SEND_HEARTBEAT {datanodeUUID=87d438d6-67b9-4b7c-91be-dfc928839b42, command=[]} | ret=SUCCESS |  
2019-08-28 20:35:31,776 | INFO  | SCMAudit | user=jenkins1000 | ip=192.168.5.177 | op=SEND_HEARTBEAT {datanodeUUID=0e29188f-1bda-4147-b1c2-d5dce43dc229, command=[]} | ret=SUCCESS |  
2019-08-28 20:35:31,776 | INFO  | SCMAudit | user=jenkins1000 | ip=192.168.5.177 | op=SEND_HEARTBEAT {datanodeUUID=80e4eca2-6bb1-4714-bd4e-8b731fcc1ced, command=[]} | ret=SUCCESS |  
2019-08-28 20:35:31,809 | INFO  | SCMAudit | user=jenkins1000 | ip=192.168.5.177 | op=SEND_HEARTBEAT {datanodeUUID=7fec90bb-c54b-43b1-bf43-d7f2b2685c16, command=[]} | ret=SUCCESS |  
2019-08-28 20:35:32,130 | INFO  | SCMAudit | user=jenkins1000 | ip=192.168.5.177 | op=SEND_HEARTBEAT {datanodeUUID=ae3047cd-3e29-40a9-854d-dcce9cae807a, command=[]} | ret=SUCCESS |  
2019-08-28 20:35:32,198 [grpc-default-executor-10] INFO  client.GrpcClientProtocolClient (GrpcClientProtocolClient.java:onNext(255)) - client-FD3491325FE4->80e4eca2-6bb1-4714-bd4e-8b731fcc1ced: receive RaftClientReply:client-FD3491325FE4->80e4eca2-6bb1-4714-bd4e-8b731fcc1ced@group-AEE6ACD4D1CF, cid=183, FAILED org.apache.ratis.protocol.NotLeaderException: Server 80e4eca2-6bb1-4714-bd4e-8b731fcc1ced is not the leader (a907af4d-6e9b-43fc-a46a-782566b871fb:192.168.5.177:32994). Request must be sent to leader., logIndex=0, commits[80e4eca2-6bb1-4714-bd4e-8b731fcc1ced:c16, a907af4d-6e9b-43fc-a46a-782566b871fb:c16, 0e29188f-1bda-4147-b1c2-d5dce43dc229:c16]
2019-08-28 20:35:32,678 | INFO  | SCMAudit | user=jenkins1000 | ip=192.168.5.177 | op=SEND_HEARTBEAT {datanodeUUID=7428f0d9-f26c-473b-bcbc-c327f695592c, command=[]} | ret=SUCCESS |  
2019-08-28 20:35:32,749 | INFO  | SCMAudit | user=jenkins1000 | ip=192.168.5.177 | op=SEND_HEARTBEAT {datanodeUUID=87d438d6-67b9-4b7c-91be-dfc928839b42, command=[]} | ret=SUCCESS |  
2019-08-28 20:35:32,776 | INFO  | SCMAudit | user=jenkins1000 | ip=192.168.5.177 | op=SEND_HEARTBEAT {datanodeUUID=0e29188f-1bda-4147-b1c2-d5dce43dc229, command=[]} | ret=SUCCESS |  
2019-08-28 20:35:32,776 | INFO  | SCMAudit | user=jenkins1000 | ip=192.168.5.177 | op=SEND_HEARTBEAT {datanodeUUID=80e4eca2-6bb1-4714-bd4e-8b731fcc1ced, command=[]} | ret=SUCCESS |  
2019-08-28 20:35:32,804 | INFO  | SCMAudit | user=jenkins1000 | ip=192.168.5.177 | op=SEND_HEARTBEAT {datanodeUUID=0e29188f-1bda-4147-b1c2-d5dce43dc229, command=[]} | ret=SUCCESS |  
2019-08-28 20:35:32,804 | INFO  | SCMAudit | user=jenkins1000 | ip=192.168.5.177 | op=SEND_HEARTBEAT {datanodeUUID=80e4eca2-6bb1-4714-bd4e-8b731fcc1ced, command=[]} | ret=SUCCESS |  
2019-08-28 20:35:32,809 | INFO  | SCMAudit | user=jenkins1000 | ip=192.168.5.177 | op=SEND_HEARTBEAT {datanodeUUID=7fec90bb-c54b-43b1-bf43-d7f2b2685c16, command=[]} | ret=SUCCESS |  
2019-08-28 20:35:33,130 | INFO  | SCMAudit | user=jenkins1000 | ip=192.168.5.177 | op=SEND_HEARTBEAT {datanodeUUID=ae3047cd-3e29-40a9-854d-dcce9cae807a, command=[]} | ret=SUCCESS |  
2019-08-28 20:35:33,212 [grpc-default-executor-10] INFO  client.GrpcClientProtocolClient (GrpcClientProtocolClient.java:onNext(255)) - client-FD3491325FE4->80e4eca2-6bb1-4714-bd4e-8b731fcc1ced: receive RaftClientReply:client-FD3491325FE4->80e4eca2-6bb1-4714-bd4e-8b731fcc1ced@group-AEE6ACD4D1CF, cid=183, FAILED org.apache.ratis.protocol.NotLeaderException: Server 80e4eca2-6bb1-4714-bd4e-8b731fcc1ced is not the leader (a907af4d-6e9b-43fc-a46a-782566b871fb:192.168.5.177:32994). Request must be sent to leader., logIndex=0, commits[80e4eca2-6bb1-4714-bd4e-8b731fcc1ced:c16, a907af4d-6e9b-43fc-a46a-782566b871fb:c16, 0e29188f-1bda-4147-b1c2-d5dce43dc229:c16]
2019-08-28 20:35:33,678 | INFO  | SCMAudit | user=jenkins1000 | ip=192.168.5.177 | op=SEND_HEARTBEAT {datanodeUUID=7428f0d9-f26c-473b-bcbc-c327f695592c, command=[]} | ret=SUCCESS |  
2019-08-28 20:35:33,749 | INFO  | SCMAudit | user=jenkins1000 | ip=192.168.5.177 | op=SEND_HEARTBEAT {datanodeUUID=87d438d6-67b9-4b7c-91be-dfc928839b42, command=[]} | ret=SUCCESS |  
2019-08-28 20:35:33,804 | INFO  | SCMAudit | user=jenkins1000 | ip=192.168.5.177 | op=SEND_HEARTBEAT {datanodeUUID=0e29188f-1bda-4147-b1c2-d5dce43dc229, command=[]} | ret=SUCCESS |  
2019-08-28 20:35:33,804 | INFO  | SCMAudit | user=jenkins1000 | ip=192.168.5.177 | op=SEND_HEARTBEAT {datanodeUUID=80e4eca2-6bb1-4714-bd4e-8b731fcc1ced, command=[]} | ret=SUCCESS |  
2019-08-28 20:35:33,810 | INFO  | SCMAudit | user=jenkins1000 | ip=192.168.5.177 | op=SEND_HEARTBEAT {datanodeUUID=7fec90bb-c54b-43b1-bf43-d7f2b2685c16, command=[]} | ret=SUCCESS |  
2019-08-28 20:35:34,130 | INFO  | SCMAudit | user=jenkins1000 | ip=192.168.5.177 | op=SEND_HEARTBEAT {datanodeUUID=ae3047cd-3e29-40a9-854d-dcce9cae807a, command=[]} | ret=SUCCESS |  
2019-08-28 20:35:34,224 [grpc-default-executor-9] INFO  client.GrpcClientProtocolClient (GrpcClientProtocolClient.java:onNext(255)) - client-FD3491325FE4->0e29188f-1bda-4147-b1c2-d5dce43dc229: receive RaftClientReply:client-FD3491325FE4->0e29188f-1bda-4147-b1c2-d5dce43dc229@group-AEE6ACD4D1CF, cid=183, FAILED org.apache.ratis.protocol.NotLeaderException: Server 0e29188f-1bda-4147-b1c2-d5dce43dc229 is not the leader (a907af4d-6e9b-43fc-a46a-782566b871fb:192.168.5.177:32994). Request must be sent to leader., logIndex=0, commits[0e29188f-1bda-4147-b1c2-d5dce43dc229:c16, a907af4d-6e9b-43fc-a46a-782566b871fb:c16, 80e4eca2-6bb1-4714-bd4e-8b731fcc1ced:c16]
2019-08-28 20:35:34,678 | INFO  | SCMAudit | user=jenkins1000 | ip=192.168.5.177 | op=SEND_HEARTBEAT {datanodeUUID=7428f0d9-f26c-473b-bcbc-c327f695592c, command=[]} | ret=SUCCESS |  
2019-08-28 20:35:34,749 | INFO  | SCMAudit | user=jenkins1000 | ip=192.168.5.177 | op=SEND_HEARTBEAT {datanodeUUID=87d438d6-67b9-4b7c-91be-dfc928839b42, command=[]} | ret=SUCCESS |  
2019-08-28 20:35:34,804 | INFO  | SCMAudit | user=jenkins1000 | ip=192.168.5.177 | op=SEND_HEARTBEAT {datanodeUUID=80e4eca2-6bb1-4714-bd4e-8b731fcc1ced, command=[]} | ret=SUCCESS |  
2019-08-28 20:35:34,804 | INFO  | SCMAudit | user=jenkins1000 | ip=192.168.5.177 | op=SEND_HEARTBEAT {datanodeUUID=0e29188f-1bda-4147-b1c2-d5dce43dc229, command=[]} | ret=SUCCESS |  
2019-08-28 20:35:34,811 | INFO  | SCMAudit | user=jenkins1000 | ip=192.168.5.177 | op=SEND_HEARTBEAT {datanodeUUID=7fec90bb-c54b-43b1-bf43-d7f2b2685c16, command=[]} | ret=SUCCESS |  
2019-08-28 20:35:35,131 | INFO  | SCMAudit | user=jenkins1000 | ip=192.168.5.177 | op=SEND_HEARTBEAT {datanodeUUID=ae3047cd-3e29-40a9-854d-dcce9cae807a, command=[]} | ret=SUCCESS |  
2019-08-28 20:35:35,235 [grpc-default-executor-11] INFO  client.GrpcClientProtocolClient (GrpcClientProtocolClient.java:onNext(255)) - client-FD3491325FE4->0e29188f-1bda-4147-b1c2-d5dce43dc229: receive RaftClientReply:client-FD3491325FE4->0e29188f-1bda-4147-b1c2-d5dce43dc229@group-AEE6ACD4D1CF, cid=183, FAILED org.apache.ratis.protocol.NotLeaderException: Server 0e29188f-1bda-4147-b1c2-d5dce43dc229 is not the leader (a907af4d-6e9b-43fc-a46a-782566b871fb:192.168.5.177:32994). Request must be sent to leader., logIndex=0, commits[0e29188f-1bda-4147-b1c2-d5dce43dc229:c16, a907af4d-6e9b-43fc-a46a-782566b871fb:c16, 80e4eca2-6bb1-4714-bd4e-8b731fcc1ced:c16]
2019-08-28 20:35:35,678 | INFO  | SCMAudit | user=jenkins1000 | ip=192.168.5.177 | op=SEND_HEARTBEAT {datanodeUUID=7428f0d9-f26c-473b-bcbc-c327f695592c, command=[]} | ret=SUCCESS |  
2019-08-28 20:35:35,750 | INFO  | SCMAudit | user=jenkins1000 | ip=192.168.5.177 | op=SEND_HEARTBEAT {datanodeUUID=87d438d6-67b9-4b7c-91be-dfc928839b42, command=[]} | ret=SUCCESS |  
2019-08-28 20:35:35,804 | INFO  | SCMAudit | user=jenkins1000 | ip=192.168.5.177 | op=SEND_HEARTBEAT {datanodeUUID=80e4eca2-6bb1-4714-bd4e-8b731fcc1ced, command=[]} | ret=SUCCESS |  
2019-08-28 20:35:35,804 | INFO  | SCMAudit | user=jenkins1000 | ip=192.168.5.177 | op=SEND_HEARTBEAT {datanodeUUID=0e29188f-1bda-4147-b1c2-d5dce43dc229, command=[]} | ret=SUCCESS |  
2019-08-28 20:35:35,811 | INFO  | SCMAudit | user=jenkins1000 | ip=192.168.5.177 | op=SEND_HEARTBEAT {datanodeUUID=7fec90bb-c54b-43b1-bf43-d7f2b2685c16, command=[]} | ret=SUCCESS |  
2019-08-28 20:35:36,131 | INFO  | SCMAudit | user=jenkins1000 | ip=192.168.5.177 | op=SEND_HEARTBEAT {datanodeUUID=ae3047cd-3e29-40a9-854d-dcce9cae807a, command=[]} | ret=SUCCESS |  
2019-08-28 20:35:36,248 [grpc-default-executor-9] INFO  client.GrpcClientProtocolClient (GrpcClientProtocolClient.java:onNext(255)) - client-FD3491325FE4->80e4eca2-6bb1-4714-bd4e-8b731fcc1ced: receive RaftClientReply:client-FD3491325FE4->80e4eca2-6bb1-4714-bd4e-8b731fcc1ced@group-AEE6ACD4D1CF, cid=183, FAILED org.apache.ratis.protocol.NotLeaderException: Server 80e4eca2-6bb1-4714-bd4e-8b731fcc1ced is not the leader (a907af4d-6e9b-43fc-a46a-782566b871fb:192.168.5.177:32994). Request must be sent to leader., logIndex=0, commits[80e4eca2-6bb1-4714-bd4e-8b731fcc1ced:c16, a907af4d-6e9b-43fc-a46a-782566b871fb:c16, 0e29188f-1bda-4147-b1c2-d5dce43dc229:c16]
2019-08-28 20:35:36,679 | INFO  | SCMAudit | user=jenkins1000 | ip=192.168.5.177 | op=SEND_HEARTBEAT {datanodeUUID=7428f0d9-f26c-473b-bcbc-c327f695592c, command=[]} | ret=SUCCESS |  
2019-08-28 20:35:36,750 | INFO  | SCMAudit | user=jenkins1000 | ip=192.168.5.177 | op=SEND_HEARTBEAT {datanodeUUID=87d438d6-67b9-4b7c-91be-dfc928839b42, command=[]} | ret=SUCCESS |  
2019-08-28 20:35:36,805 | INFO  | SCMAudit | user=jenkins1000 | ip=192.168.5.177 | op=SEND_HEARTBEAT {datanodeUUID=0e29188f-1bda-4147-b1c2-d5dce43dc229, command=[]} | ret=SUCCESS |  
2019-08-28 20:35:36,805 | INFO  | SCMAudit | user=jenkins1000 | ip=192.168.5.177 | op=SEND_HEARTBEAT {datanodeUUID=80e4eca2-6bb1-4714-bd4e-8b731fcc1ced, command=[]} | ret=SUCCESS |  
2019-08-28 20:35:36,811 | INFO  | SCMAudit | user=jenkins1000 | ip=192.168.5.177 | op=SEND_HEARTBEAT {datanodeUUID=7fec90bb-c54b-43b1-bf43-d7f2b2685c16, command=[]} | ret=SUCCESS |  
2019-08-28 20:35:37,131 | INFO  | SCMAudit | user=jenkins1000 | ip=192.168.5.177 | op=SEND_HEARTBEAT {datanodeUUID=ae3047cd-3e29-40a9-854d-dcce9cae807a, command=[]} | ret=SUCCESS |  
2019-08-28 20:35:37,261 [grpc-default-executor-10] INFO  client.GrpcClientProtocolClient (GrpcClientProtocolClient.java:onNext(255)) - client-FD3491325FE4->80e4eca2-6bb1-4714-bd4e-8b731fcc1ced: receive RaftClientReply:client-FD3491325FE4->80e4eca2-6bb1-4714-bd4e-8b731fcc1ced@group-AEE6ACD4D1CF, cid=183, FAILED org.apache.ratis.protocol.NotLeaderException: Server 80e4eca2-6bb1-4714-bd4e-8b731fcc1ced is not the leader (a907af4d-6e9b-43fc-a46a-782566b871fb:192.168.5.177:32994). Request must be sent to leader., logIndex=0, commits[80e4eca2-6bb1-4714-bd4e-8b731fcc1ced:c16, a907af4d-6e9b-43fc-a46a-782566b871fb:c16, 0e29188f-1bda-4147-b1c2-d5dce43dc229:c16]
2019-08-28 20:35:37,679 | INFO  | SCMAudit | user=jenkins1000 | ip=192.168.5.177 | op=SEND_HEARTBEAT {datanodeUUID=7428f0d9-f26c-473b-bcbc-c327f695592c, command=[]} | ret=SUCCESS |  
2019-08-28 20:35:37,750 | INFO  | SCMAudit | user=jenkins1000 | ip=192.168.5.177 | op=SEND_HEARTBEAT {datanodeUUID=87d438d6-67b9-4b7c-91be-dfc928839b42, command=[]} | ret=SUCCESS |  
2019-08-28 20:35:37,804 | INFO  | SCMAudit | user=jenkins1000 | ip=192.168.5.177 | op=SEND_HEARTBEAT {datanodeUUID=80e4eca2-6bb1-4714-bd4e-8b731fcc1ced, command=[]} | ret=SUCCESS |  
2019-08-28 20:35:37,804 | INFO  | SCMAudit | user=jenkins1000 | ip=192.168.5.177 | op=SEND_HEARTBEAT {datanodeUUID=0e29188f-1bda-4147-b1c2-d5dce43dc229, command=[]} | ret=SUCCESS |  
2019-08-28 20:35:37,811 | INFO  | SCMAudit | user=jenkins1000 | ip=192.168.5.177 | op=SEND_HEARTBEAT {datanodeUUID=7fec90bb-c54b-43b1-bf43-d7f2b2685c16, command=[]} | ret=SUCCESS |  
2019-08-28 20:35:38,131 | INFO  | SCMAudit | user=jenkins1000 | ip=192.168.5.177 | op=SEND_HEARTBEAT {datanodeUUID=ae3047cd-3e29-40a9-854d-dcce9cae807a, command=[]} | ret=SUCCESS |  
2019-08-28 20:35:38,274 [grpc-default-executor-9] INFO  client.GrpcClientProtocolClient (GrpcClientProtocolClient.java:onNext(255)) - client-FD3491325FE4->80e4eca2-6bb1-4714-bd4e-8b731fcc1ced: receive RaftClientReply:client-FD3491325FE4->80e4eca2-6bb1-4714-bd4e-8b731fcc1ced@group-AEE6ACD4D1CF, cid=183, FAILED org.apache.ratis.protocol.NotLeaderException: Server 80e4eca2-6bb1-4714-bd4e-8b731fcc1ced is not the leader (a907af4d-6e9b-43fc-a46a-782566b871fb:192.168.5.177:32994). Request must be sent to leader., logIndex=0, commits[80e4eca2-6bb1-4714-bd4e-8b731fcc1ced:c16, a907af4d-6e9b-43fc-a46a-782566b871fb:c16, 0e29188f-1bda-4147-b1c2-d5dce43dc229:c16]
2019-08-28 20:35:38,589 [Thread-3597] INFO  impl.FollowerState (FollowerState.java:run(106)) - 80e4eca2-6bb1-4714-bd4e-8b731fcc1ced:group-AEE6ACD4D1CF changes to CANDIDATE, lastRpcTime:8484, electionTimeout:5052ms
2019-08-28 20:35:38,590 [Thread-3597] INFO  impl.RoleInfo (RoleInfo.java:shutdownFollowerState(121)) - 80e4eca2-6bb1-4714-bd4e-8b731fcc1ced: shutdown FollowerState
2019-08-28 20:35:38,590 [Thread-3597] INFO  impl.RaftServerImpl (RaftServerImpl.java:setRole(171)) - 80e4eca2-6bb1-4714-bd4e-8b731fcc1ced:group-AEE6ACD4D1CF changes role from FOLLOWER to CANDIDATE at term 1 for changeToCandidate
2019-08-28 20:35:38,590 [Thread-3597] INFO  impl.RoleInfo (RoleInfo.java:updateAndGet(143)) - 80e4eca2-6bb1-4714-bd4e-8b731fcc1ced: start LeaderElection
2019-08-28 20:35:38,593 [80e4eca2-6bb1-4714-bd4e-8b731fcc1ced:group-AEE6ACD4D1CF:LeaderElection71] INFO  impl.RaftServerImpl (ServerState.java:setLeader(263)) - 80e4eca2-6bb1-4714-bd4e-8b731fcc1ced:group-AEE6ACD4D1CF change Leader from a907af4d-6e9b-43fc-a46a-782566b871fb to null at term 1 for initElection
2019-08-28 20:35:38,607 [80e4eca2-6bb1-4714-bd4e-8b731fcc1ced:group-AEE6ACD4D1CF:LeaderElection71] INFO  impl.LeaderElection (LeaderElection.java:askForVotes(181)) - 80e4eca2-6bb1-4714-bd4e-8b731fcc1ced:group-AEE6ACD4D1CF:LeaderElection71: begin an election at term 2 for 0: [a907af4d-6e9b-43fc-a46a-782566b871fb:192.168.5.177:32994, 0e29188f-1bda-4147-b1c2-d5dce43dc229:192.168.5.177:37741, 80e4eca2-6bb1-4714-bd4e-8b731fcc1ced:192.168.5.177:34228], old=null
2019-08-28 20:35:38,609 [80e4eca2-6bb1-4714-bd4e-8b731fcc1ced:group-AEE6ACD4D1CF:LeaderElection71] INFO  impl.LeaderElection (LogUtils.java:infoOrTrace(149)) - 80e4eca2-6bb1-4714-bd4e-8b731fcc1ced:group-AEE6ACD4D1CF:LeaderElection71 got exception when requesting votes: {}
java.util.concurrent.ExecutionException: org.apache.ratis.thirdparty.io.grpc.StatusRuntimeException: UNAVAILABLE: io exception
	at java.util.concurrent.FutureTask.report(FutureTask.java:122)
	at java.util.concurrent.FutureTask.get(FutureTask.java:192)
	at org.apache.ratis.server.impl.LeaderElection.waitForResults(LeaderElection.java:262)
	at org.apache.ratis.server.impl.LeaderElection.askForVotes(LeaderElection.java:200)
	at org.apache.ratis.server.impl.LeaderElection.run(LeaderElection.java:130)
	at java.lang.Thread.run(Thread.java:748)
Caused by: org.apache.ratis.thirdparty.io.grpc.StatusRuntimeException: UNAVAILABLE: io exception
	at org.apache.ratis.thirdparty.io.grpc.stub.ClientCalls.toStatusRuntimeException(ClientCalls.java:233)
	at org.apache.ratis.thirdparty.io.grpc.stub.ClientCalls.getUnchecked(ClientCalls.java:214)
	at org.apache.ratis.thirdparty.io.grpc.stub.ClientCalls.blockingUnaryCall(ClientCalls.java:139)
	at org.apache.ratis.proto.grpc.RaftServerProtocolServiceGrpc$RaftServerProtocolServiceBlockingStub.requestVote(RaftServerProtocolServiceGrpc.java:265)
	at org.apache.ratis.grpc.server.GrpcServerProtocolClient.requestVote(GrpcServerProtocolClient.java:83)
	at org.apache.ratis.grpc.server.GrpcService.requestVote(GrpcService.java:195)
	at org.apache.ratis.server.impl.LeaderElection.lambda$submitRequests$1(LeaderElection.java:237)
	at java.util.concurrent.FutureTask.run(FutureTask.java:266)
	at java.util.concurrent.Executors$RunnableAdapter.call(Executors.java:511)
	at java.util.concurrent.FutureTask.run(FutureTask.java:266)
	at java.util.concurrent.ThreadPoolExecutor.runWorker(ThreadPoolExecutor.java:1149)
	at java.util.concurrent.ThreadPoolExecutor$Worker.run(ThreadPoolExecutor.java:624)
	... 1 more
Caused by: org.apache.ratis.thirdparty.io.netty.channel.AbstractChannel$AnnotatedConnectException: Connection refused: /192.168.5.177:32994
	at sun.nio.ch.SocketChannelImpl.checkConnect(Native Method)
	at sun.nio.ch.SocketChannelImpl.finishConnect(SocketChannelImpl.java:717)
	at org.apache.ratis.thirdparty.io.netty.channel.socket.nio.NioSocketChannel.doFinishConnect(NioSocketChannel.java:327)
	at org.apache.ratis.thirdparty.io.netty.channel.nio.AbstractNioChannel$AbstractNioUnsafe.finishConnect(AbstractNioChannel.java:340)
	at org.apache.ratis.thirdparty.io.netty.channel.nio.NioEventLoop.processSelectedKey(NioEventLoop.java:632)
	at org.apache.ratis.thirdparty.io.netty.channel.nio.NioEventLoop.processSelectedKeysOptimized(NioEventLoop.java:579)
	at org.apache.ratis.thirdparty.io.netty.channel.nio.NioEventLoop.processSelectedKeys(NioEventLoop.java:496)
	at org.apache.ratis.thirdparty.io.netty.channel.nio.NioEventLoop.run(NioEventLoop.java:458)
	at org.apache.ratis.thirdparty.io.netty.util.concurrent.SingleThreadEventExecutor$5.run(SingleThreadEventExecutor.java:897)
	at org.apache.ratis.thirdparty.io.netty.util.concurrent.FastThreadLocalRunnable.run(FastThreadLocalRunnable.java:30)
	... 1 more
Caused by: java.net.ConnectException: Connection refused
	... 11 more
2019-08-28 20:35:38,614 [grpc-default-executor-9] INFO  impl.RaftServerImpl (ServerState.java:setLeader(263)) - 0e29188f-1bda-4147-b1c2-d5dce43dc229:group-AEE6ACD4D1CF change Leader from a907af4d-6e9b-43fc-a46a-782566b871fb to null at term 2 for updateCurrentTerm
2019-08-28 20:35:38,614 [grpc-default-executor-9] INFO  impl.RaftServerImpl (RaftServerImpl.java:setRole(171)) - 0e29188f-1bda-4147-b1c2-d5dce43dc229:group-AEE6ACD4D1CF changes role from FOLLOWER to FOLLOWER at term 2 for recognizeCandidate:80e4eca2-6bb1-4714-bd4e-8b731fcc1ced
2019-08-28 20:35:38,614 [grpc-default-executor-9] INFO  impl.RoleInfo (RoleInfo.java:shutdownFollowerState(121)) - 0e29188f-1bda-4147-b1c2-d5dce43dc229: shutdown FollowerState
2019-08-28 20:35:38,614 [grpc-default-executor-9] INFO  impl.RoleInfo (RoleInfo.java:updateAndGet(143)) - 0e29188f-1bda-4147-b1c2-d5dce43dc229: start FollowerState
2019-08-28 20:35:38,615 [Thread-3598] INFO  impl.FollowerState (FollowerState.java:run(114)) - 0e29188f-1bda-4147-b1c2-d5dce43dc229: FollowerState was interrupted: java.lang.InterruptedException: sleep interrupted
2019-08-28 20:35:38,632 [80e4eca2-6bb1-4714-bd4e-8b731fcc1ced:group-AEE6ACD4D1CF:LeaderElection71] INFO  impl.LeaderElection (LeaderElection.java:logAndReturn(56)) - 80e4eca2-6bb1-4714-bd4e-8b731fcc1ced:group-AEE6ACD4D1CF:LeaderElection71: Election PASSED; received 1 response(s) [80e4eca2-6bb1-4714-bd4e-8b731fcc1ced<-0e29188f-1bda-4147-b1c2-d5dce43dc229#0:OK-t2] and 1 exception(s); 80e4eca2-6bb1-4714-bd4e-8b731fcc1ced:t2, leader=null, voted=80e4eca2-6bb1-4714-bd4e-8b731fcc1ced, raftlog=80e4eca2-6bb1-4714-bd4e-8b731fcc1ced-SegmentedRaftLog:OPENED:c16,f16,i16, conf=0: [a907af4d-6e9b-43fc-a46a-782566b871fb:192.168.5.177:32994, 0e29188f-1bda-4147-b1c2-d5dce43dc229:192.168.5.177:37741, 80e4eca2-6bb1-4714-bd4e-8b731fcc1ced:192.168.5.177:34228], old=null
2019-08-28 20:35:38,632 [80e4eca2-6bb1-4714-bd4e-8b731fcc1ced:group-AEE6ACD4D1CF:LeaderElection71] INFO  impl.LeaderElection (LogUtils.java:infoOrTrace(149)) -   Exception 0: {}
java.util.concurrent.ExecutionException: org.apache.ratis.thirdparty.io.grpc.StatusRuntimeException: UNAVAILABLE: io exception
	at java.util.concurrent.FutureTask.report(FutureTask.java:122)
	at java.util.concurrent.FutureTask.get(FutureTask.java:192)
	at org.apache.ratis.server.impl.LeaderElection.waitForResults(LeaderElection.java:262)
	at org.apache.ratis.server.impl.LeaderElection.askForVotes(LeaderElection.java:200)
	at org.apache.ratis.server.impl.LeaderElection.run(LeaderElection.java:130)
	at java.lang.Thread.run(Thread.java:748)
Caused by: org.apache.ratis.thirdparty.io.grpc.StatusRuntimeException: UNAVAILABLE: io exception
	at org.apache.ratis.thirdparty.io.grpc.stub.ClientCalls.toStatusRuntimeException(ClientCalls.java:233)
	at org.apache.ratis.thirdparty.io.grpc.stub.ClientCalls.getUnchecked(ClientCalls.java:214)
	at org.apache.ratis.thirdparty.io.grpc.stub.ClientCalls.blockingUnaryCall(ClientCalls.java:139)
	at org.apache.ratis.proto.grpc.RaftServerProtocolServiceGrpc$RaftServerProtocolServiceBlockingStub.requestVote(RaftServerProtocolServiceGrpc.java:265)
	at org.apache.ratis.grpc.server.GrpcServerProtocolClient.requestVote(GrpcServerProtocolClient.java:83)
	at org.apache.ratis.grpc.server.GrpcService.requestVote(GrpcService.java:195)
	at org.apache.ratis.server.impl.LeaderElection.lambda$submitRequests$1(LeaderElection.java:237)
	at java.util.concurrent.FutureTask.run(FutureTask.java:266)
	at java.util.concurrent.Executors$RunnableAdapter.call(Executors.java:511)
	at java.util.concurrent.FutureTask.run(FutureTask.java:266)
	at java.util.concurrent.ThreadPoolExecutor.runWorker(ThreadPoolExecutor.java:1149)
	at java.util.concurrent.ThreadPoolExecutor$Worker.run(ThreadPoolExecutor.java:624)
	... 1 more
Caused by: org.apache.ratis.thirdparty.io.netty.channel.AbstractChannel$AnnotatedConnectException: Connection refused: /192.168.5.177:32994
	at sun.nio.ch.SocketChannelImpl.checkConnect(Native Method)
	at sun.nio.ch.SocketChannelImpl.finishConnect(SocketChannelImpl.java:717)
	at org.apache.ratis.thirdparty.io.netty.channel.socket.nio.NioSocketChannel.doFinishConnect(NioSocketChannel.java:327)
	at org.apache.ratis.thirdparty.io.netty.channel.nio.AbstractNioChannel$AbstractNioUnsafe.finishConnect(AbstractNioChannel.java:340)
	at org.apache.ratis.thirdparty.io.netty.channel.nio.NioEventLoop.processSelectedKey(NioEventLoop.java:632)
	at org.apache.ratis.thirdparty.io.netty.channel.nio.NioEventLoop.processSelectedKeysOptimized(NioEventLoop.java:579)
	at org.apache.ratis.thirdparty.io.netty.channel.nio.NioEventLoop.processSelectedKeys(NioEventLoop.java:496)
	at org.apache.ratis.thirdparty.io.netty.channel.nio.NioEventLoop.run(NioEventLoop.java:458)
	at org.apache.ratis.thirdparty.io.netty.util.concurrent.SingleThreadEventExecutor$5.run(SingleThreadEventExecutor.java:897)
	at org.apache.ratis.thirdparty.io.netty.util.concurrent.FastThreadLocalRunnable.run(FastThreadLocalRunnable.java:30)
	... 1 more
Caused by: java.net.ConnectException: Connection refused
	... 11 more
2019-08-28 20:35:38,632 [80e4eca2-6bb1-4714-bd4e-8b731fcc1ced:group-AEE6ACD4D1CF:LeaderElection71] INFO  impl.RoleInfo (RoleInfo.java:shutdownLeaderElection(134)) - 80e4eca2-6bb1-4714-bd4e-8b731fcc1ced: shutdown LeaderElection
2019-08-28 20:35:38,633 [80e4eca2-6bb1-4714-bd4e-8b731fcc1ced:group-AEE6ACD4D1CF:LeaderElection71] INFO  impl.RaftServerImpl (RaftServerImpl.java:setRole(171)) - 80e4eca2-6bb1-4714-bd4e-8b731fcc1ced:group-AEE6ACD4D1CF changes role from CANDIDATE to LEADER at term 2 for changeToLeader
2019-08-28 20:35:38,633 [80e4eca2-6bb1-4714-bd4e-8b731fcc1ced:group-AEE6ACD4D1CF:LeaderElection71] INFO  impl.RaftServerImpl (ServerState.java:setLeader(263)) - 80e4eca2-6bb1-4714-bd4e-8b731fcc1ced:group-AEE6ACD4D1CF change Leader from null to 80e4eca2-6bb1-4714-bd4e-8b731fcc1ced at term 2 for becomeLeader, leader elected after 39ms
2019-08-28 20:35:38,633 [80e4eca2-6bb1-4714-bd4e-8b731fcc1ced:group-AEE6ACD4D1CF:LeaderElection71] INFO  server.RaftServerConfigKeys (ConfUtils.java:logGet(43)) - raft.server.staging.catchup.gap = 1000 (default)
2019-08-28 20:35:38,633 [80e4eca2-6bb1-4714-bd4e-8b731fcc1ced:group-AEE6ACD4D1CF:LeaderElection71] INFO  server.RaftServerConfigKeys (ConfUtils.java:logGet(43)) - raft.server.rpc.sleep.time = 25ms (default)
2019-08-28 20:35:38,633 [80e4eca2-6bb1-4714-bd4e-8b731fcc1ced:group-AEE6ACD4D1CF:LeaderElection71] INFO  server.RaftServerConfigKeys (ConfUtils.java:logGet(43)) - raft.server.write.element-limit = 4096 (default)
2019-08-28 20:35:38,633 [80e4eca2-6bb1-4714-bd4e-8b731fcc1ced:group-AEE6ACD4D1CF:LeaderElection71] INFO  server.RaftServerConfigKeys (ConfUtils.java:logGet(43)) - raft.server.watch.timeout = 10s (default)
2019-08-28 20:35:38,634 [80e4eca2-6bb1-4714-bd4e-8b731fcc1ced:group-AEE6ACD4D1CF:LeaderElection71] INFO  server.RaftServerConfigKeys (ConfUtils.java:logGet(43)) - raft.server.watch.timeout.denomination = 1s (default)
2019-08-28 20:35:38,634 [80e4eca2-6bb1-4714-bd4e-8b731fcc1ced:group-AEE6ACD4D1CF:LeaderElection71] INFO  server.RaftServerConfigKeys (ConfUtils.java:logGet(43)) - raft.server.watch.element-limit = 65536 (default)
2019-08-28 20:35:38,634 [80e4eca2-6bb1-4714-bd4e-8b731fcc1ced:group-AEE6ACD4D1CF:LeaderElection71] INFO  server.RaftServerConfigKeys (ConfUtils.java:logGet(43)) - raft.server.log.appender.snapshot.chunk.size.max = 16MB (=16777216) (default)
2019-08-28 20:35:38,634 [80e4eca2-6bb1-4714-bd4e-8b731fcc1ced:group-AEE6ACD4D1CF:LeaderElection71] INFO  server.RaftServerConfigKeys (ConfUtils.java:logGet(43)) - raft.server.log.appender.buffer.byte-limit = 33554432 (custom)
2019-08-28 20:35:38,635 [80e4eca2-6bb1-4714-bd4e-8b731fcc1ced:group-AEE6ACD4D1CF:LeaderElection71] INFO  server.RaftServerConfigKeys (ConfUtils.java:logGet(43)) - raft.server.log.appender.buffer.element-limit = 1 (custom)
2019-08-28 20:35:38,635 [80e4eca2-6bb1-4714-bd4e-8b731fcc1ced:group-AEE6ACD4D1CF:LeaderElection71] INFO  grpc.GrpcConfigKeys$Server (ConfUtils.java:logGet(43)) - raft.grpc.server.leader.outstanding.appends.max = 128 (default)
2019-08-28 20:35:38,635 [80e4eca2-6bb1-4714-bd4e-8b731fcc1ced:group-AEE6ACD4D1CF:LeaderElection71] INFO  server.RaftServerConfigKeys (ConfUtils.java:logGet(43)) - raft.server.rpc.request.timeout = 3000ms (default)
2019-08-28 20:35:38,635 [80e4eca2-6bb1-4714-bd4e-8b731fcc1ced:group-AEE6ACD4D1CF:LeaderElection71] INFO  server.RaftServerConfigKeys (ConfUtils.java:logGet(43)) - raft.server.log.appender.install.snapshot.enabled = false (custom)
2019-08-28 20:35:38,635 [80e4eca2-6bb1-4714-bd4e-8b731fcc1ced:group-AEE6ACD4D1CF:LeaderElection71] INFO  server.RaftServerConfigKeys (ConfUtils.java:logGet(43)) - raft.server.log.appender.snapshot.chunk.size.max = 16MB (=16777216) (default)
2019-08-28 20:35:38,636 [80e4eca2-6bb1-4714-bd4e-8b731fcc1ced:group-AEE6ACD4D1CF:LeaderElection71] INFO  server.RaftServerConfigKeys (ConfUtils.java:logGet(43)) - raft.server.log.appender.buffer.byte-limit = 33554432 (custom)
2019-08-28 20:35:38,636 [80e4eca2-6bb1-4714-bd4e-8b731fcc1ced:group-AEE6ACD4D1CF:LeaderElection71] INFO  server.RaftServerConfigKeys (ConfUtils.java:logGet(43)) - raft.server.log.appender.buffer.element-limit = 1 (custom)
2019-08-28 20:35:38,636 [80e4eca2-6bb1-4714-bd4e-8b731fcc1ced:group-AEE6ACD4D1CF:LeaderElection71] INFO  grpc.GrpcConfigKeys$Server (ConfUtils.java:logGet(43)) - raft.grpc.server.leader.outstanding.appends.max = 128 (default)
2019-08-28 20:35:38,636 [80e4eca2-6bb1-4714-bd4e-8b731fcc1ced:group-AEE6ACD4D1CF:LeaderElection71] INFO  server.RaftServerConfigKeys (ConfUtils.java:logGet(43)) - raft.server.rpc.request.timeout = 3000ms (default)
2019-08-28 20:35:38,636 [80e4eca2-6bb1-4714-bd4e-8b731fcc1ced:group-AEE6ACD4D1CF:LeaderElection71] INFO  server.RaftServerConfigKeys (ConfUtils.java:logGet(43)) - raft.server.log.appender.install.snapshot.enabled = false (custom)
2019-08-28 20:35:38,637 [80e4eca2-6bb1-4714-bd4e-8b731fcc1ced:group-AEE6ACD4D1CF:LeaderElection71] INFO  impl.RoleInfo (RoleInfo.java:updateAndGet(143)) - 80e4eca2-6bb1-4714-bd4e-8b731fcc1ced: start LeaderState
2019-08-28 20:35:38,637 [80e4eca2-6bb1-4714-bd4e-8b731fcc1ced:group-AEE6ACD4D1CF:LeaderElection71] INFO  segmented.SegmentedRaftLogWorker (SegmentedRaftLogWorker.java:rollLogSegment(385)) - 80e4eca2-6bb1-4714-bd4e-8b731fcc1ced-SegmentedRaftLogWorker:Storage Directory /workdir/hadoop-ozone/integration-test/target/test-dir/MiniOzoneClusterImpl-9f674b4b-7f24-464f-99b8-bd3e1a4ceab8/datanode-5/data/ratis/81486204-ab98-4c99-80a0-aee6acd4d1cf: Rolling segment log-0_16 to index:16
2019-08-28 20:35:38,640 [80e4eca2-6bb1-4714-bd4e-8b731fcc1ced:group-AEE6ACD4D1CF:LeaderElection71] INFO  impl.RaftServerImpl (ServerState.java:setRaftConf(361)) - 80e4eca2-6bb1-4714-bd4e-8b731fcc1ced:group-AEE6ACD4D1CF set configuration 17: [a907af4d-6e9b-43fc-a46a-782566b871fb:192.168.5.177:32994, 0e29188f-1bda-4147-b1c2-d5dce43dc229:192.168.5.177:37741, 80e4eca2-6bb1-4714-bd4e-8b731fcc1ced:192.168.5.177:34228], old=null at 17
2019-08-28 20:35:38,640 [80e4eca2-6bb1-4714-bd4e-8b731fcc1ced-SegmentedRaftLogWorker:Storage Directory /workdir/hadoop-ozone/integration-test/target/test-dir/MiniOzoneClusterImpl-9f674b4b-7f24-464f-99b8-bd3e1a4ceab8/datanode-5/data/ratis/81486204-ab98-4c99-80a0-aee6acd4d1cf] INFO  segmented.SegmentedRaftLogWorker (SegmentedRaftLogWorker.java:execute(526)) - 80e4eca2-6bb1-4714-bd4e-8b731fcc1ced-SegmentedRaftLogWorker:Storage Directory /workdir/hadoop-ozone/integration-test/target/test-dir/MiniOzoneClusterImpl-9f674b4b-7f24-464f-99b8-bd3e1a4ceab8/datanode-5/data/ratis/81486204-ab98-4c99-80a0-aee6acd4d1cf: Rolled log segment from /workdir/hadoop-ozone/integration-test/target/test-dir/MiniOzoneClusterImpl-9f674b4b-7f24-464f-99b8-bd3e1a4ceab8/datanode-5/data/ratis/81486204-ab98-4c99-80a0-aee6acd4d1cf/current/log_inprogress_0 to /workdir/hadoop-ozone/integration-test/target/test-dir/MiniOzoneClusterImpl-9f674b4b-7f24-464f-99b8-bd3e1a4ceab8/datanode-5/data/ratis/81486204-ab98-4c99-80a0-aee6acd4d1cf/current/log_0-16
2019-08-28 20:35:38,640 [grpc-default-executor-9] WARN  server.GrpcLogAppender (LogUtils.java:warn(134)) - 80e4eca2-6bb1-4714-bd4e-8b731fcc1ced->a907af4d-6e9b-43fc-a46a-782566b871fb: Failed appendEntries: org.apache.ratis.thirdparty.io.grpc.StatusRuntimeException: UNAVAILABLE: io exception
2019-08-28 20:35:38,641 [grpc-default-executor-9] INFO  impl.FollowerInfo (FollowerInfo.java:lambda$new$0(50)) - 80e4eca2-6bb1-4714-bd4e-8b731fcc1ced->a907af4d-6e9b-43fc-a46a-782566b871fb: nextIndex: updateUnconditionally 17 -> 1
2019-08-28 20:35:38,641 [grpc-default-executor-11] INFO  impl.RaftServerImpl (ServerState.java:setLeader(263)) - 0e29188f-1bda-4147-b1c2-d5dce43dc229:group-AEE6ACD4D1CF change Leader from null to 80e4eca2-6bb1-4714-bd4e-8b731fcc1ced at term 2 for appendEntries, leader elected after 27ms
2019-08-28 20:35:38,644 [grpc-default-executor-11] INFO  impl.RaftServerImpl (ServerState.java:setRaftConf(361)) - 0e29188f-1bda-4147-b1c2-d5dce43dc229:group-AEE6ACD4D1CF set configuration 17: [a907af4d-6e9b-43fc-a46a-782566b871fb:192.168.5.177:32994, 0e29188f-1bda-4147-b1c2-d5dce43dc229:192.168.5.177:37741, 80e4eca2-6bb1-4714-bd4e-8b731fcc1ced:192.168.5.177:34228], old=null at 17
2019-08-28 20:35:38,644 [grpc-default-executor-11] INFO  segmented.SegmentedRaftLogWorker (SegmentedRaftLogWorker.java:rollLogSegment(385)) - 0e29188f-1bda-4147-b1c2-d5dce43dc229-SegmentedRaftLogWorker:Storage Directory /workdir/hadoop-ozone/integration-test/target/test-dir/MiniOzoneClusterImpl-9f674b4b-7f24-464f-99b8-bd3e1a4ceab8/datanode-4/data/ratis/81486204-ab98-4c99-80a0-aee6acd4d1cf: Rolling segment log-0_16 to index:16
2019-08-28 20:35:38,645 [0e29188f-1bda-4147-b1c2-d5dce43dc229-SegmentedRaftLogWorker:Storage Directory /workdir/hadoop-ozone/integration-test/target/test-dir/MiniOzoneClusterImpl-9f674b4b-7f24-464f-99b8-bd3e1a4ceab8/datanode-4/data/ratis/81486204-ab98-4c99-80a0-aee6acd4d1cf] INFO  segmented.SegmentedRaftLogWorker (SegmentedRaftLogWorker.java:execute(526)) - 0e29188f-1bda-4147-b1c2-d5dce43dc229-SegmentedRaftLogWorker:Storage Directory /workdir/hadoop-ozone/integration-test/target/test-dir/MiniOzoneClusterImpl-9f674b4b-7f24-464f-99b8-bd3e1a4ceab8/datanode-4/data/ratis/81486204-ab98-4c99-80a0-aee6acd4d1cf: Rolled log segment from /workdir/hadoop-ozone/integration-test/target/test-dir/MiniOzoneClusterImpl-9f674b4b-7f24-464f-99b8-bd3e1a4ceab8/datanode-4/data/ratis/81486204-ab98-4c99-80a0-aee6acd4d1cf/current/log_inprogress_0 to /workdir/hadoop-ozone/integration-test/target/test-dir/MiniOzoneClusterImpl-9f674b4b-7f24-464f-99b8-bd3e1a4ceab8/datanode-4/data/ratis/81486204-ab98-4c99-80a0-aee6acd4d1cf/current/log_0-16
2019-08-28 20:35:38,679 | INFO  | SCMAudit | user=jenkins1000 | ip=192.168.5.177 | op=SEND_HEARTBEAT {datanodeUUID=7428f0d9-f26c-473b-bcbc-c327f695592c, command=[]} | ret=SUCCESS |  
2019-08-28 20:35:38,693 [80e4eca2-6bb1-4714-bd4e-8b731fcc1ced-SegmentedRaftLogWorker:Storage Directory /workdir/hadoop-ozone/integration-test/target/test-dir/MiniOzoneClusterImpl-9f674b4b-7f24-464f-99b8-bd3e1a4ceab8/datanode-5/data/ratis/81486204-ab98-4c99-80a0-aee6acd4d1cf] INFO  segmented.SegmentedRaftLogWorker (SegmentedRaftLogWorker.java:execute(569)) - 80e4eca2-6bb1-4714-bd4e-8b731fcc1ced-SegmentedRaftLogWorker:Storage Directory /workdir/hadoop-ozone/integration-test/target/test-dir/MiniOzoneClusterImpl-9f674b4b-7f24-464f-99b8-bd3e1a4ceab8/datanode-5/data/ratis/81486204-ab98-4c99-80a0-aee6acd4d1cf: created new log segment /workdir/hadoop-ozone/integration-test/target/test-dir/MiniOzoneClusterImpl-9f674b4b-7f24-464f-99b8-bd3e1a4ceab8/datanode-5/data/ratis/81486204-ab98-4c99-80a0-aee6acd4d1cf/current/log_inprogress_17
2019-08-28 20:35:38,693 [0e29188f-1bda-4147-b1c2-d5dce43dc229-SegmentedRaftLogWorker:Storage Directory /workdir/hadoop-ozone/integration-test/target/test-dir/MiniOzoneClusterImpl-9f674b4b-7f24-464f-99b8-bd3e1a4ceab8/datanode-4/data/ratis/81486204-ab98-4c99-80a0-aee6acd4d1cf] INFO  segmented.SegmentedRaftLogWorker (SegmentedRaftLogWorker.java:execute(569)) - 0e29188f-1bda-4147-b1c2-d5dce43dc229-SegmentedRaftLogWorker:Storage Directory /workdir/hadoop-ozone/integration-test/target/test-dir/MiniOzoneClusterImpl-9f674b4b-7f24-464f-99b8-bd3e1a4ceab8/datanode-4/data/ratis/81486204-ab98-4c99-80a0-aee6acd4d1cf: created new log segment /workdir/hadoop-ozone/integration-test/target/test-dir/MiniOzoneClusterImpl-9f674b4b-7f24-464f-99b8-bd3e1a4ceab8/datanode-4/data/ratis/81486204-ab98-4c99-80a0-aee6acd4d1cf/current/log_inprogress_17
2019-08-28 20:35:38,712 | INFO  | DNAudit | user=null | ip=null | op=READ_CHUNK {blockData=conID: 1 locID: 102696518891077646 bcsId: 0} | ret=SUCCESS |  
2019-08-28 20:35:38,715 [grpc-default-executor-10] WARN  server.GrpcLogAppender (LogUtils.java:warn(134)) - 80e4eca2-6bb1-4714-bd4e-8b731fcc1ced->a907af4d-6e9b-43fc-a46a-782566b871fb: Failed appendEntries: org.apache.ratis.thirdparty.io.grpc.StatusRuntimeException: UNAVAILABLE: io exception
2019-08-28 20:35:38,715 [grpc-default-executor-10] INFO  impl.FollowerInfo (FollowerInfo.java:lambda$new$0(50)) - 80e4eca2-6bb1-4714-bd4e-8b731fcc1ced->a907af4d-6e9b-43fc-a46a-782566b871fb: nextIndex: updateUnconditionally 2 -> 1
2019-08-28 20:35:38,723 [grpc-default-executor-10] WARN  server.GrpcLogAppender (LogUtils.java:warn(134)) - 80e4eca2-6bb1-4714-bd4e-8b731fcc1ced->a907af4d-6e9b-43fc-a46a-782566b871fb: Failed appendEntries: org.apache.ratis.thirdparty.io.grpc.StatusRuntimeException: UNAVAILABLE: io exception
2019-08-28 20:35:38,724 [grpc-default-executor-10] INFO  impl.FollowerInfo (FollowerInfo.java:lambda$new$0(50)) - 80e4eca2-6bb1-4714-bd4e-8b731fcc1ced->a907af4d-6e9b-43fc-a46a-782566b871fb: nextIndex: updateUnconditionally 2 -> 1
2019-08-28 20:35:38,751 | INFO  | SCMAudit | user=jenkins1000 | ip=192.168.5.177 | op=SEND_HEARTBEAT {datanodeUUID=87d438d6-67b9-4b7c-91be-dfc928839b42, command=[]} | ret=SUCCESS |  
2019-08-28 20:35:38,804 | INFO  | SCMAudit | user=jenkins1000 | ip=192.168.5.177 | op=SEND_HEARTBEAT {datanodeUUID=80e4eca2-6bb1-4714-bd4e-8b731fcc1ced, command=[]} | ret=SUCCESS |  
2019-08-28 20:35:38,804 | INFO  | SCMAudit | user=jenkins1000 | ip=192.168.5.177 | op=SEND_HEARTBEAT {datanodeUUID=0e29188f-1bda-4147-b1c2-d5dce43dc229, command=[]} | ret=SUCCESS |  
2019-08-28 20:35:38,811 | INFO  | SCMAudit | user=jenkins1000 | ip=192.168.5.177 | op=SEND_HEARTBEAT {datanodeUUID=7fec90bb-c54b-43b1-bf43-d7f2b2685c16, command=[]} | ret=SUCCESS |  
2019-08-28 20:35:39,131 | INFO  | SCMAudit | user=jenkins1000 | ip=192.168.5.177 | op=SEND_HEARTBEAT {datanodeUUID=ae3047cd-3e29-40a9-854d-dcce9cae807a, command=[]} | ret=SUCCESS |  
2019-08-28 20:35:39,287 [grpc-default-executor-10] INFO  client.GrpcClientProtocolClient (GrpcClientProtocolClient.java:onNext(255)) - client-FD3491325FE4->0e29188f-1bda-4147-b1c2-d5dce43dc229: receive RaftClientReply:client-FD3491325FE4->0e29188f-1bda-4147-b1c2-d5dce43dc229@group-AEE6ACD4D1CF, cid=183, FAILED org.apache.ratis.protocol.NotLeaderException: Server 0e29188f-1bda-4147-b1c2-d5dce43dc229 is not the leader (80e4eca2-6bb1-4714-bd4e-8b731fcc1ced:192.168.5.177:34228). Request must be sent to leader., logIndex=0, commits[0e29188f-1bda-4147-b1c2-d5dce43dc229:c17, a907af4d-6e9b-43fc-a46a-782566b871fb:c16, 80e4eca2-6bb1-4714-bd4e-8b731fcc1ced:c17]
2019-08-28 20:35:39,293 | ERROR | DNAudit | user=null | ip=null | op=WRITE_CHUNK {blockData=conID: 1 locID: 102696518891077646 bcsId: 14} | ret=FAILURE | org.apache.hadoop.hdds.scm.container.common.helpers.ContainerNotOpenException: Container 1 in CLOSING state
	at org.apache.hadoop.ozone.container.common.impl.HddsDispatcher.validateContainerCommand(HddsDispatcher.java:408)
	at org.apache.hadoop.ozone.container.common.transport.server.ratis.ContainerStateMachine.startTransaction(ContainerStateMachine.java:310) 
2019-08-28 20:35:39,303 [grpc-default-executor-10] INFO  client.GrpcClientProtocolClient (GrpcClientProtocolClient.java:onNext(255)) - client-FD3491325FE4->80e4eca2-6bb1-4714-bd4e-8b731fcc1ced: receive RaftClientReply:client-FD3491325FE4->80e4eca2-6bb1-4714-bd4e-8b731fcc1ced@group-AEE6ACD4D1CF, cid=183, FAILED org.apache.ratis.protocol.StateMachineException: org.apache.hadoop.hdds.scm.container.common.helpers.ContainerNotOpenException from Server 80e4eca2-6bb1-4714-bd4e-8b731fcc1ced: Container 1 in CLOSING state, logIndex=0, commits[80e4eca2-6bb1-4714-bd4e-8b731fcc1ced:c18, a907af4d-6e9b-43fc-a46a-782566b871fb:c16, 0e29188f-1bda-4147-b1c2-d5dce43dc229:c17]
2019-08-28 20:35:39,304 | ERROR | DNAudit | user=null | ip=null | op=WRITE_CHUNK {blockData=conID: 1 locID: 102696518891077646 bcsId: 14} | ret=FAILURE | org.apache.hadoop.hdds.scm.container.common.helpers.ContainerNotOpenException: Container 1 in CLOSING state
	at org.apache.hadoop.ozone.container.common.impl.HddsDispatcher.validateContainerCommand(HddsDispatcher.java:408)
	at org.apache.hadoop.ozone.container.common.transport.server.ratis.ContainerStateMachine.startTransaction(ContainerStateMachine.java:310) 
2019-08-28 20:35:39,312 | ERROR | DNAudit | user=null | ip=null | op=PUT_BLOCK {blockData=[blockId=conID: 1 locID: 102696518891077646 bcsId: 0,size=650]} | ret=FAILURE | org.apache.hadoop.hdds.scm.container.common.helpers.ContainerNotOpenException: Container 1 in CLOSING state
	at org.apache.hadoop.ozone.container.common.impl.HddsDispatcher.validateContainerCommand(HddsDispatcher.java:408)
	at org.apache.hadoop.ozone.container.common.transport.server.ratis.ContainerStateMachine.startTransaction(ContainerStateMachine.java:310) 
2019-08-28 20:35:39,312 [grpc-default-executor-10] INFO  client.GrpcClientProtocolClient (GrpcClientProtocolClient.java:onNext(255)) - client-FD3491325FE4->80e4eca2-6bb1-4714-bd4e-8b731fcc1ced: receive RaftClientReply:client-FD3491325FE4->80e4eca2-6bb1-4714-bd4e-8b731fcc1ced@group-AEE6ACD4D1CF, cid=184, FAILED org.apache.ratis.protocol.StateMachineException: org.apache.hadoop.hdds.scm.container.common.helpers.ContainerNotOpenException from Server 80e4eca2-6bb1-4714-bd4e-8b731fcc1ced: Container 1 in CLOSING state, logIndex=0, commits[80e4eca2-6bb1-4714-bd4e-8b731fcc1ced:c18, a907af4d-6e9b-43fc-a46a-782566b871fb:c16, 0e29188f-1bda-4147-b1c2-d5dce43dc229:c17]
2019-08-28 20:35:39,316 | ERROR | DNAudit | user=null | ip=null | op=WRITE_CHUNK {blockData=conID: 1 locID: 102696518891077646 bcsId: 14} | ret=FAILURE | org.apache.hadoop.hdds.scm.container.common.helpers.ContainerNotOpenException: Container 1 in CLOSING state
	at org.apache.hadoop.ozone.container.common.impl.HddsDispatcher.validateContainerCommand(HddsDispatcher.java:408)
	at org.apache.hadoop.ozone.container.common.transport.server.ratis.ContainerStateMachine.startTransaction(ContainerStateMachine.java:310) 
2019-08-28 20:35:39,317 [grpc-default-executor-10] INFO  client.GrpcClientProtocolClient (GrpcClientProtocolClient.java:onNext(255)) - client-FD3491325FE4->80e4eca2-6bb1-4714-bd4e-8b731fcc1ced: receive RaftClientReply:client-FD3491325FE4->80e4eca2-6bb1-4714-bd4e-8b731fcc1ced@group-AEE6ACD4D1CF, cid=185, FAILED org.apache.ratis.protocol.StateMachineException: org.apache.hadoop.hdds.scm.container.common.helpers.ContainerNotOpenException from Server 80e4eca2-6bb1-4714-bd4e-8b731fcc1ced: Container 1 in CLOSING state, logIndex=0, commits[80e4eca2-6bb1-4714-bd4e-8b731fcc1ced:c18, a907af4d-6e9b-43fc-a46a-782566b871fb:c16, 0e29188f-1bda-4147-b1c2-d5dce43dc229:c17]
2019-08-28 20:35:39,321 | ERROR | DNAudit | user=null | ip=null | op=WRITE_CHUNK {blockData=conID: 1 locID: 102696518891077646 bcsId: 14} | ret=FAILURE | org.apache.hadoop.hdds.scm.container.common.helpers.ContainerNotOpenException: Container 1 in CLOSING state
	at org.apache.hadoop.ozone.container.common.impl.HddsDispatcher.validateContainerCommand(HddsDispatcher.java:408)
	at org.apache.hadoop.ozone.container.common.transport.server.ratis.ContainerStateMachine.startTransaction(ContainerStateMachine.java:310) 
2019-08-28 20:35:39,322 [grpc-default-executor-10] INFO  client.GrpcClientProtocolClient (GrpcClientProtocolClient.java:onNext(255)) - client-FD3491325FE4->80e4eca2-6bb1-4714-bd4e-8b731fcc1ced: receive RaftClientReply:client-FD3491325FE4->80e4eca2-6bb1-4714-bd4e-8b731fcc1ced@group-AEE6ACD4D1CF, cid=186, FAILED org.apache.ratis.protocol.StateMachineException: org.apache.hadoop.hdds.scm.container.common.helpers.ContainerNotOpenException from Server 80e4eca2-6bb1-4714-bd4e-8b731fcc1ced: Container 1 in CLOSING state, logIndex=0, commits[80e4eca2-6bb1-4714-bd4e-8b731fcc1ced:c18, a907af4d-6e9b-43fc-a46a-782566b871fb:c16, 0e29188f-1bda-4147-b1c2-d5dce43dc229:c17]
2019-08-28 20:35:39,325 | ERROR | DNAudit | user=null | ip=null | op=PUT_BLOCK {blockData=[blockId=conID: 1 locID: 102696518891077646 bcsId: 0,size=800]} | ret=FAILURE | org.apache.hadoop.hdds.scm.container.common.helpers.ContainerNotOpenException: Container 1 in CLOSING state
	at org.apache.hadoop.ozone.container.common.impl.HddsDispatcher.validateContainerCommand(HddsDispatcher.java:408)
	at org.apache.hadoop.ozone.container.common.transport.server.ratis.ContainerStateMachine.startTransaction(ContainerStateMachine.java:310) 
2019-08-28 20:35:39,326 [grpc-default-executor-10] INFO  client.GrpcClientProtocolClient (GrpcClientProtocolClient.java:onNext(255)) - client-FD3491325FE4->80e4eca2-6bb1-4714-bd4e-8b731fcc1ced: receive RaftClientReply:client-FD3491325FE4->80e4eca2-6bb1-4714-bd4e-8b731fcc1ced@group-AEE6ACD4D1CF, cid=187, FAILED org.apache.ratis.protocol.StateMachineException: org.apache.hadoop.hdds.scm.container.common.helpers.ContainerNotOpenException from Server 80e4eca2-6bb1-4714-bd4e-8b731fcc1ced: Container 1 in CLOSING state, logIndex=0, commits[80e4eca2-6bb1-4714-bd4e-8b731fcc1ced:c18, a907af4d-6e9b-43fc-a46a-782566b871fb:c16, 0e29188f-1bda-4147-b1c2-d5dce43dc229:c17]
2019-08-28 20:35:39,330 [grpc-default-executor-10] INFO  client.GrpcClientProtocolClient (GrpcClientProtocolClient.java:onNext(255)) - client-FD3491325FE4->80e4eca2-6bb1-4714-bd4e-8b731fcc1ced: receive RaftClientReply:client-FD3491325FE4->80e4eca2-6bb1-4714-bd4e-8b731fcc1ced@group-AEE6ACD4D1CF, cid=188, FAILED org.apache.ratis.protocol.StateMachineException: org.apache.hadoop.hdds.scm.container.common.helpers.ContainerNotOpenException from Server 80e4eca2-6bb1-4714-bd4e-8b731fcc1ced: Container 1 in CLOSING state, logIndex=0, commits[80e4eca2-6bb1-4714-bd4e-8b731fcc1ced:c18, a907af4d-6e9b-43fc-a46a-782566b871fb:c16, 0e29188f-1bda-4147-b1c2-d5dce43dc229:c17]
2019-08-28 20:35:39,362 | INFO  | SCMAudit | user=jenkins1000 | ip=127.0.0.1 | op=ALLOCATE_BLOCK {owner=03ac5bed-a01d-4c8b-a9ed-6381bd6e2561, size=800, type=RATIS, factor=THREE} | ret=SUCCESS |  
2019-08-28 20:35:39,363 | INFO  | OMAudit | user=jenkins1000 | ip=127.0.0.1 | op=ALLOCATE_BLOCK {volume=testblockoutputstream, bucket=testblockoutputstream, key=fcb82129-01ad-4dd5-8a2f-a2af60434a9a, dataSize=0, replicationType=null, replicationFactor=null, keyLocationInfo=null, clientID=102696518889570317} | ret=SUCCESS |  
2019-08-28 20:35:39,372 [grpc-default-executor-10] INFO  client.GrpcClientProtocolClient (GrpcClientProtocolClient.java:onNext(255)) - client-375B648C212A->87d438d6-67b9-4b7c-91be-dfc928839b42: receive RaftClientReply:client-375B648C212A->87d438d6-67b9-4b7c-91be-dfc928839b42@group-D0AA1A9CB011, cid=189, FAILED org.apache.ratis.protocol.NotLeaderException: Server 87d438d6-67b9-4b7c-91be-dfc928839b42 is not the leader (7428f0d9-f26c-473b-bcbc-c327f695592c:192.168.5.177:43772). Request must be sent to leader., logIndex=0, commits[87d438d6-67b9-4b7c-91be-dfc928839b42:c0, 7428f0d9-f26c-473b-bcbc-c327f695592c:c0, 7fec90bb-c54b-43b1-bf43-d7f2b2685c16:c0]
2019-08-28 20:35:39,501 | INFO  | DNAudit | user=null | ip=null | op=WRITE_CHUNK {blockData=conID: 2 locID: 102696520211628047 bcsId: 0} | ret=SUCCESS |  
2019-08-28 20:35:39,501 | INFO  | DNAudit | user=null | ip=null | op=WRITE_CHUNK {blockData=conID: 2 locID: 102696520211628047 bcsId: 0} | ret=SUCCESS |  
2019-08-28 20:35:39,501 | INFO  | DNAudit | user=null | ip=null | op=WRITE_CHUNK {blockData=conID: 2 locID: 102696520211628047 bcsId: 0} | ret=SUCCESS |  
2019-08-28 20:35:39,501 | INFO  | SCMAudit | user=jenkins1000 | ip=192.168.5.177 | op=SEND_HEARTBEAT {datanodeUUID=7428f0d9-f26c-473b-bcbc-c327f695592c, command=[]} | ret=SUCCESS |  
2019-08-28 20:35:39,501 | INFO  | SCMAudit | user=jenkins1000 | ip=192.168.5.177 | op=SEND_HEARTBEAT {datanodeUUID=7fec90bb-c54b-43b1-bf43-d7f2b2685c16, command=[]} | ret=SUCCESS |  
2019-08-28 20:35:39,501 | INFO  | SCMAudit | user=jenkins1000 | ip=192.168.5.177 | op=SEND_HEARTBEAT {datanodeUUID=87d438d6-67b9-4b7c-91be-dfc928839b42, command=[]} | ret=SUCCESS |  
2019-08-28 20:35:39,514 | INFO  | DNAudit | user=null | ip=null | op=WRITE_CHUNK {blockData=conID: 2 locID: 102696520211628047 bcsId: 0} | ret=SUCCESS |  
2019-08-28 20:35:39,518 [grpc-default-executor-11] INFO  client.GrpcClientProtocolClient (GrpcClientProtocolClient.java:onNext(255)) - client-375B648C212A->7428f0d9-f26c-473b-bcbc-c327f695592c: receive RaftClientReply:client-375B648C212A->7428f0d9-f26c-473b-bcbc-c327f695592c@group-D0AA1A9CB011, cid=189, SUCCESS, logIndex=1, commits[7428f0d9-f26c-473b-bcbc-c327f695592c:c1, 87d438d6-67b9-4b7c-91be-dfc928839b42:c0, 7fec90bb-c54b-43b1-bf43-d7f2b2685c16:c0]
2019-08-28 20:35:39,520 | INFO  | DNAudit | user=null | ip=null | op=WRITE_CHUNK {blockData=conID: 2 locID: 102696520211628047 bcsId: 0} | ret=SUCCESS |  
2019-08-28 20:35:39,522 | INFO  | DNAudit | user=null | ip=null | op=WRITE_CHUNK {blockData=conID: 2 locID: 102696520211628047 bcsId: 0} | ret=SUCCESS |  
2019-08-28 20:35:39,522 | INFO  | DNAudit | user=null | ip=null | op=WRITE_CHUNK {blockData=conID: 2 locID: 102696520211628047 bcsId: 0} | ret=SUCCESS |  
2019-08-28 20:35:39,522 | INFO  | DNAudit | user=null | ip=null | op=WRITE_CHUNK {blockData=conID: 2 locID: 102696520211628047 bcsId: 0} | ret=SUCCESS |  
2019-08-28 20:35:39,523 | INFO  | DNAudit | user=null | ip=null | op=WRITE_CHUNK {blockData=conID: 2 locID: 102696520211628047 bcsId: 0} | ret=SUCCESS |  
2019-08-28 20:35:39,524 | INFO  | DNAudit | user=null | ip=null | op=WRITE_CHUNK {blockData=conID: 2 locID: 102696520211628047 bcsId: 0} | ret=SUCCESS |  
2019-08-28 20:35:39,524 | INFO  | DNAudit | user=null | ip=null | op=WRITE_CHUNK {blockData=conID: 2 locID: 102696520211628047 bcsId: 0} | ret=SUCCESS |  
2019-08-28 20:35:39,524 | INFO  | DNAudit | user=null | ip=null | op=WRITE_CHUNK {blockData=conID: 2 locID: 102696520211628047 bcsId: 0} | ret=SUCCESS |  
2019-08-28 20:35:39,524 | INFO  | DNAudit | user=null | ip=null | op=WRITE_CHUNK {blockData=conID: 2 locID: 102696520211628047 bcsId: 0} | ret=SUCCESS |  
2019-08-28 20:35:39,533 | INFO  | DNAudit | user=null | ip=null | op=WRITE_CHUNK {blockData=conID: 2 locID: 102696520211628047 bcsId: 0} | ret=SUCCESS |  
2019-08-28 20:35:39,533 | INFO  | DNAudit | user=null | ip=null | op=WRITE_CHUNK {blockData=conID: 2 locID: 102696520211628047 bcsId: 0} | ret=SUCCESS |  
2019-08-28 20:35:39,535 | INFO  | DNAudit | user=null | ip=null | op=WRITE_CHUNK {blockData=conID: 2 locID: 102696520211628047 bcsId: 0} | ret=SUCCESS |  
2019-08-28 20:35:39,540 [grpc-default-executor-9] INFO  client.GrpcClientProtocolClient (GrpcClientProtocolClient.java:onNext(255)) - client-375B648C212A->7428f0d9-f26c-473b-bcbc-c327f695592c: receive RaftClientReply:client-375B648C212A->7428f0d9-f26c-473b-bcbc-c327f695592c@group-D0AA1A9CB011, cid=190, SUCCESS, logIndex=3, commits[7428f0d9-f26c-473b-bcbc-c327f695592c:c5, 87d438d6-67b9-4b7c-91be-dfc928839b42:c1, 7fec90bb-c54b-43b1-bf43-d7f2b2685c16:c1]
2019-08-28 20:35:39,542 | INFO  | DNAudit | user=null | ip=null | op=WRITE_CHUNK {blockData=conID: 2 locID: 102696520211628047 bcsId: 0} | ret=SUCCESS |  
2019-08-28 20:35:39,542 | INFO  | DNAudit | user=null | ip=null | op=WRITE_CHUNK {blockData=conID: 2 locID: 102696520211628047 bcsId: 0} | ret=SUCCESS |  
2019-08-28 20:35:39,754 | INFO  | DNAudit | user=null | ip=null | op=PUT_BLOCK {blockData=[blockId=conID: 2 locID: 102696520211628047 bcsId: 0,size=200]} | ret=SUCCESS |  
2019-08-28 20:35:39,754 | INFO  | DNAudit | user=null | ip=null | op=WRITE_CHUNK {blockData=conID: 2 locID: 102696520211628047 bcsId: 0} | ret=SUCCESS |  
2019-08-28 20:35:39,755 | INFO  | DNAudit | user=null | ip=null | op=WRITE_CHUNK {blockData=conID: 2 locID: 102696520211628047 bcsId: 0} | ret=SUCCESS |  
2019-08-28 20:35:39,755 [grpc-default-executor-9] INFO  client.GrpcClientProtocolClient (GrpcClientProtocolClient.java:onNext(255)) - client-375B648C212A->7428f0d9-f26c-473b-bcbc-c327f695592c: receive RaftClientReply:client-375B648C212A->7428f0d9-f26c-473b-bcbc-c327f695592c@group-D0AA1A9CB011, cid=191, SUCCESS, logIndex=4, commits[7428f0d9-f26c-473b-bcbc-c327f695592c:c11, 87d438d6-67b9-4b7c-91be-dfc928839b42:c7, 7fec90bb-c54b-43b1-bf43-d7f2b2685c16:c7]
2019-08-28 20:35:39,757 [grpc-default-executor-9] INFO  client.GrpcClientProtocolClient (GrpcClientProtocolClient.java:onNext(255)) - client-375B648C212A->7428f0d9-f26c-473b-bcbc-c327f695592c: receive RaftClientReply:client-375B648C212A->7428f0d9-f26c-473b-bcbc-c327f695592c@group-D0AA1A9CB011, cid=192, SUCCESS, logIndex=5, commits[7428f0d9-f26c-473b-bcbc-c327f695592c:c11, 87d438d6-67b9-4b7c-91be-dfc928839b42:c7, 7fec90bb-c54b-43b1-bf43-d7f2b2685c16:c7]
2019-08-28 20:35:39,757 [grpc-default-executor-9] INFO  client.GrpcClientProtocolClient (GrpcClientProtocolClient.java:onNext(255)) - client-375B648C212A->7428f0d9-f26c-473b-bcbc-c327f695592c: receive RaftClientReply:client-375B648C212A->7428f0d9-f26c-473b-bcbc-c327f695592c@group-D0AA1A9CB011, cid=193, SUCCESS, logIndex=6, commits[7428f0d9-f26c-473b-bcbc-c327f695592c:c11, 87d438d6-67b9-4b7c-91be-dfc928839b42:c7, 7fec90bb-c54b-43b1-bf43-d7f2b2685c16:c7]
2019-08-28 20:35:39,804 | INFO  | SCMAudit | user=jenkins1000 | ip=192.168.5.177 | op=SEND_HEARTBEAT {datanodeUUID=80e4eca2-6bb1-4714-bd4e-8b731fcc1ced, command=[]} | ret=SUCCESS |  
2019-08-28 20:35:39,804 | INFO  | SCMAudit | user=jenkins1000 | ip=192.168.5.177 | op=SEND_HEARTBEAT {datanodeUUID=0e29188f-1bda-4147-b1c2-d5dce43dc229, command=[]} | ret=SUCCESS |  
2019-08-28 20:35:39,912 | INFO  | DNAudit | user=null | ip=null | op=PUT_BLOCK {blockData=[blockId=conID: 2 locID: 102696520211628047 bcsId: 0,size=200]} | ret=SUCCESS |  
2019-08-28 20:35:39,913 | INFO  | DNAudit | user=null | ip=null | op=WRITE_CHUNK {blockData=conID: 2 locID: 102696520211628047 bcsId: 0} | ret=SUCCESS |  
2019-08-28 20:35:39,913 | INFO  | DNAudit | user=null | ip=null | op=WRITE_CHUNK {blockData=conID: 2 locID: 102696520211628047 bcsId: 0} | ret=SUCCESS |  
2019-08-28 20:35:40,065 | INFO  | DNAudit | user=null | ip=null | op=PUT_BLOCK {blockData=[blockId=conID: 2 locID: 102696520211628047 bcsId: 0,size=400]} | ret=SUCCESS |  
2019-08-28 20:35:40,065 | INFO  | DNAudit | user=null | ip=null | op=PUT_BLOCK {blockData=[blockId=conID: 2 locID: 102696520211628047 bcsId: 0,size=400]} | ret=SUCCESS |  
2019-08-28 20:35:40,067 [grpc-default-executor-9] INFO  client.GrpcClientProtocolClient (GrpcClientProtocolClient.java:onNext(255)) - client-375B648C212A->7428f0d9-f26c-473b-bcbc-c327f695592c: receive RaftClientReply:client-375B648C212A->7428f0d9-f26c-473b-bcbc-c327f695592c@group-D0AA1A9CB011, cid=194, SUCCESS, logIndex=7, commits[7428f0d9-f26c-473b-bcbc-c327f695592c:c11, 87d438d6-67b9-4b7c-91be-dfc928839b42:c7, 7fec90bb-c54b-43b1-bf43-d7f2b2685c16:c7]
2019-08-28 20:35:40,074 | INFO  | DNAudit | user=null | ip=null | op=WRITE_CHUNK {blockData=conID: 2 locID: 102696520211628047 bcsId: 7} | ret=SUCCESS |  
2019-08-28 20:35:40,076 | INFO  | DNAudit | user=null | ip=null | op=WRITE_CHUNK {blockData=conID: 2 locID: 102696520211628047 bcsId: 7} | ret=SUCCESS |  
2019-08-28 20:35:40,076 | INFO  | DNAudit | user=null | ip=null | op=WRITE_CHUNK {blockData=conID: 2 locID: 102696520211628047 bcsId: 7} | ret=SUCCESS |  
2019-08-28 20:35:40,087 | INFO  | DNAudit | user=null | ip=null | op=WRITE_CHUNK {blockData=conID: 2 locID: 102696520211628047 bcsId: 7} | ret=SUCCESS |  
2019-08-28 20:35:40,092 | INFO  | DNAudit | user=null | ip=null | op=PUT_BLOCK {blockData=[blockId=conID: 2 locID: 102696520211628047 bcsId: 0,size=450]} | ret=SUCCESS |  
2019-08-28 20:35:40,093 [grpc-default-executor-9] INFO  client.GrpcClientProtocolClient (GrpcClientProtocolClient.java:onNext(255)) - client-375B648C212A->7428f0d9-f26c-473b-bcbc-c327f695592c: receive RaftClientReply:client-375B648C212A->7428f0d9-f26c-473b-bcbc-c327f695592c@group-D0AA1A9CB011, cid=195, SUCCESS, logIndex=12, commits[7428f0d9-f26c-473b-bcbc-c327f695592c:c13, 87d438d6-67b9-4b7c-91be-dfc928839b42:c11, 7fec90bb-c54b-43b1-bf43-d7f2b2685c16:c11]
2019-08-28 20:35:40,094 [grpc-default-executor-9] INFO  client.GrpcClientProtocolClient (GrpcClientProtocolClient.java:onNext(255)) - client-375B648C212A->7428f0d9-f26c-473b-bcbc-c327f695592c: receive RaftClientReply:client-375B648C212A->7428f0d9-f26c-473b-bcbc-c327f695592c@group-D0AA1A9CB011, cid=196, SUCCESS, logIndex=13, commits[7428f0d9-f26c-473b-bcbc-c327f695592c:c13, 87d438d6-67b9-4b7c-91be-dfc928839b42:c11, 7fec90bb-c54b-43b1-bf43-d7f2b2685c16:c11]
2019-08-28 20:35:40,095 | INFO  | DNAudit | user=null | ip=null | op=WRITE_CHUNK {blockData=conID: 2 locID: 102696520211628047 bcsId: 7} | ret=SUCCESS |  
2019-08-28 20:35:40,101 | INFO  | DNAudit | user=null | ip=null | op=PUT_BLOCK {blockData=[blockId=conID: 2 locID: 102696520211628047 bcsId: 0,size=450]} | ret=SUCCESS |  
2019-08-28 20:35:40,106 [grpc-default-executor-9] INFO  client.GrpcClientProtocolClient (GrpcClientProtocolClient.java:onNext(255)) - client-375B648C212A->7428f0d9-f26c-473b-bcbc-c327f695592c: receive RaftClientReply:client-375B648C212A->7428f0d9-f26c-473b-bcbc-c327f695592c@group-D0AA1A9CB011, cid=197, SUCCESS, logIndex=0, commits[7428f0d9-f26c-473b-bcbc-c327f695592c:c14, 87d438d6-67b9-4b7c-91be-dfc928839b42:c13, 7fec90bb-c54b-43b1-bf43-d7f2b2685c16:c13]
2019-08-28 20:35:40,107 [main] INFO  ozone.MiniOzoneClusterImpl (MiniOzoneClusterImpl.java:shutdown(307)) - Shutting down the Mini Ozone Cluster
2019-08-28 20:35:40,107 | INFO  | SCMAudit | user=null | ip=null | op=GET_SCM_INFO null | ret=SUCCESS |  
2019-08-28 20:35:40,107 [main] INFO  ozone.MiniOzoneClusterImpl (MiniOzoneClusterImpl.java:stop(322)) - Stopping the Mini Ozone Cluster
2019-08-28 20:35:40,107 [main] INFO  ozone.MiniOzoneClusterImpl (MiniOzoneClusterImpl.java:stop(324)) - Stopping the OzoneManager
2019-08-28 20:35:40,108 [main] INFO  ipc.Server (Server.java:stop(3082)) - Stopping server on 45389
2019-08-28 20:35:40,116 [IPC Server listener on 45389] INFO  ipc.Server (Server.java:run(1185)) - Stopping IPC Server listener on 45389
2019-08-28 20:35:40,119 [IPC Server Responder] INFO  ipc.Server (Server.java:run(1319)) - Stopping IPC Server Responder
2019-08-28 20:35:40,119 [main] INFO  ratis.OzoneManagerDoubleBuffer (OzoneManagerDoubleBuffer.java:stop(248)) - Stopping OMDoubleBuffer flush thread
2019-08-28 20:35:40,128 [OMDoubleBufferFlushThread] INFO  ratis.OzoneManagerDoubleBuffer (OzoneManagerDoubleBuffer.java:flushTransactions(191)) - OMDoubleBuffer flush thread OMDoubleBufferFlushThread is interrupted and will exit. OMDoubleBufferFlushThread
2019-08-28 20:35:40,134 | INFO  | DNAudit | user=null | ip=null | op=PUT_BLOCK {blockData=[blockId=conID: 2 locID: 102696520211628047 bcsId: 0,size=200]} | ret=SUCCESS |  
2019-08-28 20:35:40,134 [main] INFO  utils.BackgroundService (BackgroundService.java:shutdown(148)) - Shutting down service KeyDeletingService
2019-08-28 20:35:40,135 | INFO  | DNAudit | user=null | ip=null | op=WRITE_CHUNK {blockData=conID: 2 locID: 102696520211628047 bcsId: 0} | ret=SUCCESS |  
2019-08-28 20:35:40,135 | INFO  | SCMAudit | user=jenkins1000 | ip=192.168.5.177 | op=SEND_HEARTBEAT {datanodeUUID=ae3047cd-3e29-40a9-854d-dcce9cae807a, command=[]} | ret=SUCCESS |  
2019-08-28 20:35:40,135 | INFO  | DNAudit | user=null | ip=null | op=WRITE_CHUNK {blockData=conID: 2 locID: 102696520211628047 bcsId: 0} | ret=SUCCESS |  
2019-08-28 20:35:40,136 | INFO  | DNAudit | user=null | ip=null | op=PUT_BLOCK {blockData=[blockId=conID: 2 locID: 102696520211628047 bcsId: 0,size=400]} | ret=SUCCESS |  
2019-08-28 20:35:40,136 [main] INFO  handler.ContextHandler (ContextHandler.java:doStop(910)) - Stopped o.e.j.w.WebAppContext@5012c571{/,null,UNAVAILABLE}{/ozoneManager}
2019-08-28 20:35:40,137 | INFO  | DNAudit | user=null | ip=null | op=WRITE_CHUNK {blockData=conID: 2 locID: 102696520211628047 bcsId: 7} | ret=SUCCESS |  
2019-08-28 20:35:40,137 [main] INFO  server.AbstractConnector (AbstractConnector.java:doStop(318)) - Stopped ServerConnector@6486fe7b{HTTP/1.1,[http/1.1]}{0.0.0.0:0}
2019-08-28 20:35:40,138 | INFO  | DNAudit | user=null | ip=null | op=PUT_BLOCK {blockData=[blockId=conID: 2 locID: 102696520211628047 bcsId: 0,size=450]} | ret=SUCCESS |  
2019-08-28 20:35:40,138 [main] INFO  handler.ContextHandler (ContextHandler.java:doStop(910)) - Stopped o.e.j.s.ServletContextHandler@66e341e9{/static,file:///workdir/hadoop-ozone/integration-test/target/test-classes/webapps/static,UNAVAILABLE}
2019-08-28 20:35:40,138 [main] INFO  handler.ContextHandler (ContextHandler.java:doStop(910)) - Stopped o.e.j.s.ServletContextHandler@686cf8ad{/logs,file:///workdir/hadoop-ozone/integration-test/target/log,UNAVAILABLE}
2019-08-28 20:35:40,140 [main] INFO  ozone.MiniOzoneClusterImpl (MiniOzoneClusterImpl.java:stop(330)) - Shutting the HddsDatanodes
2019-08-28 20:35:40,500 [Datanode State Machine Thread - 0] INFO  statemachine.DatanodeStateMachine (DatanodeStateMachine.java:lambda$startDaemon$0(350)) - Ozone container server started.
2019-08-28 20:35:40,501 | INFO  | SCMAudit | user=jenkins1000 | ip=192.168.5.177 | op=SEND_HEARTBEAT {datanodeUUID=7428f0d9-f26c-473b-bcbc-c327f695592c, command=[]} | ret=SUCCESS |  
2019-08-28 20:35:40,501 | INFO  | SCMAudit | user=jenkins1000 | ip=192.168.5.177 | op=SEND_HEARTBEAT {datanodeUUID=7fec90bb-c54b-43b1-bf43-d7f2b2685c16, command=[]} | ret=SUCCESS |  
2019-08-28 20:35:40,803 [Datanode State Machine Thread - 0] INFO  statemachine.DatanodeStateMachine (DatanodeStateMachine.java:lambda$startDaemon$0(350)) - Ozone container server started.
2019-08-28 20:35:40,805 | INFO  | SCMAudit | user=jenkins1000 | ip=192.168.5.177 | op=SEND_HEARTBEAT {datanodeUUID=80e4eca2-6bb1-4714-bd4e-8b731fcc1ced, command=[]} | ret=SUCCESS |  
2019-08-28 20:35:41,138 | INFO  | SCMAudit | user=jenkins1000 | ip=192.168.5.177 | op=SEND_HEARTBEAT {datanodeUUID=ae3047cd-3e29-40a9-854d-dcce9cae807a, command=[]} | ret=SUCCESS |  
2019-08-28 20:35:41,225 [grpc-default-executor-10] WARN  server.GrpcLogAppender (LogUtils.java:warn(134)) - 80e4eca2-6bb1-4714-bd4e-8b731fcc1ced->a907af4d-6e9b-43fc-a46a-782566b871fb: Failed appendEntries: org.apache.ratis.thirdparty.io.grpc.StatusRuntimeException: UNAVAILABLE: io exception
2019-08-28 20:35:41,225 [grpc-default-executor-10] INFO  impl.FollowerInfo (FollowerInfo.java:lambda$new$0(50)) - 80e4eca2-6bb1-4714-bd4e-8b731fcc1ced->a907af4d-6e9b-43fc-a46a-782566b871fb: nextIndex: updateUnconditionally 1 -> 0
2019-08-28 20:35:41,501 | INFO  | SCMAudit | user=jenkins1000 | ip=192.168.5.177 | op=SEND_HEARTBEAT {datanodeUUID=7428f0d9-f26c-473b-bcbc-c327f695592c, command=[]} | ret=SUCCESS |  
2019-08-28 20:35:41,502 | INFO  | SCMAudit | user=jenkins1000 | ip=192.168.5.177 | op=SEND_HEARTBEAT {datanodeUUID=7fec90bb-c54b-43b1-bf43-d7f2b2685c16, command=[]} | ret=SUCCESS |  
2019-08-28 20:35:41,804 | INFO  | SCMAudit | user=jenkins1000 | ip=192.168.5.177 | op=SEND_HEARTBEAT {datanodeUUID=80e4eca2-6bb1-4714-bd4e-8b731fcc1ced, command=[]} | ret=SUCCESS |  
2019-08-28 20:35:42,138 | INFO  | SCMAudit | user=jenkins1000 | ip=192.168.5.177 | op=SEND_HEARTBEAT {datanodeUUID=ae3047cd-3e29-40a9-854d-dcce9cae807a, command=[]} | ret=SUCCESS |  
2019-08-28 20:35:42,501 | INFO  | SCMAudit | user=jenkins1000 | ip=192.168.5.177 | op=SEND_HEARTBEAT {datanodeUUID=7428f0d9-f26c-473b-bcbc-c327f695592c, command=[]} | ret=SUCCESS |  
2019-08-28 20:35:42,501 | INFO  | SCMAudit | user=jenkins1000 | ip=192.168.5.177 | op=SEND_HEARTBEAT {datanodeUUID=7fec90bb-c54b-43b1-bf43-d7f2b2685c16, command=[]} | ret=SUCCESS |  
2019-08-28 20:35:42,804 | INFO  | SCMAudit | user=jenkins1000 | ip=192.168.5.177 | op=SEND_HEARTBEAT {datanodeUUID=80e4eca2-6bb1-4714-bd4e-8b731fcc1ced, command=[]} | ret=SUCCESS |  
2019-08-28 20:35:43,139 | INFO  | SCMAudit | user=jenkins1000 | ip=192.168.5.177 | op=SEND_HEARTBEAT {datanodeUUID=ae3047cd-3e29-40a9-854d-dcce9cae807a, command=[]} | ret=SUCCESS |  
2019-08-28 20:35:43,501 | INFO  | SCMAudit | user=jenkins1000 | ip=192.168.5.177 | op=SEND_HEARTBEAT {datanodeUUID=7428f0d9-f26c-473b-bcbc-c327f695592c, command=[]} | ret=SUCCESS |  
2019-08-28 20:35:43,501 | INFO  | SCMAudit | user=jenkins1000 | ip=192.168.5.177 | op=SEND_HEARTBEAT {datanodeUUID=7fec90bb-c54b-43b1-bf43-d7f2b2685c16, command=[]} | ret=SUCCESS |  
2019-08-28 20:35:43,725 [grpc-default-executor-11] WARN  server.GrpcLogAppender (LogUtils.java:warn(134)) - 80e4eca2-6bb1-4714-bd4e-8b731fcc1ced->a907af4d-6e9b-43fc-a46a-782566b871fb: Failed appendEntries: org.apache.ratis.thirdparty.io.grpc.StatusRuntimeException: UNAVAILABLE: io exception
2019-08-28 20:35:43,726 [grpc-default-executor-11] INFO  impl.FollowerInfo (FollowerInfo.java:lambda$new$0(50)) - 80e4eca2-6bb1-4714-bd4e-8b731fcc1ced->a907af4d-6e9b-43fc-a46a-782566b871fb: nextIndex: updateUnconditionally 0 -> 0
2019-08-28 20:35:43,804 | INFO  | SCMAudit | user=jenkins1000 | ip=192.168.5.177 | op=SEND_HEARTBEAT {datanodeUUID=80e4eca2-6bb1-4714-bd4e-8b731fcc1ced, command=[]} | ret=SUCCESS |  
2019-08-28 20:35:44,141 | INFO  | SCMAudit | user=jenkins1000 | ip=192.168.5.177 | op=SEND_HEARTBEAT {datanodeUUID=ae3047cd-3e29-40a9-854d-dcce9cae807a, command=[]} | ret=SUCCESS |  
2019-08-28 20:35:44,501 | INFO  | SCMAudit | user=jenkins1000 | ip=192.168.5.177 | op=SEND_HEARTBEAT {datanodeUUID=7428f0d9-f26c-473b-bcbc-c327f695592c, command=[]} | ret=SUCCESS |  
2019-08-28 20:35:44,501 | INFO  | SCMAudit | user=jenkins1000 | ip=192.168.5.177 | op=SEND_HEARTBEAT {datanodeUUID=7fec90bb-c54b-43b1-bf43-d7f2b2685c16, command=[]} | ret=SUCCESS |  
2019-08-28 20:35:44,547 [EventQueue-StaleNodeForStaleNodeHandler] INFO  node.StaleNodeHandler (StaleNodeHandler.java:onMessage(58)) - Datanode 87d438d6-67b9-4b7c-91be-dfc928839b42{ip: 192.168.5.177, host: pr-hdds-2051-mwr8n-2748524799, networkLocation: /default-rack, certSerialId: null} moved to stale state. Finalizing its pipelines [PipelineID=8aee766e-3aa2-4b83-86f5-2aca3344ce5a, PipelineID=03328a2e-9ab0-4b4f-80b8-d0aa1a9cb011]
2019-08-28 20:35:44,547 [EventQueue-StaleNodeForStaleNodeHandler] INFO  pipeline.SCMPipelineManager (SCMPipelineManager.java:finalizeAndDestroyPipeline(309)) - destroying pipeline:Pipeline[ Id: 8aee766e-3aa2-4b83-86f5-2aca3344ce5a, Nodes: 87d438d6-67b9-4b7c-91be-dfc928839b42{ip: 192.168.5.177, host: pr-hdds-2051-mwr8n-2748524799, networkLocation: /default-rack, certSerialId: null}, Type:RATIS, Factor:ONE, State:OPEN]
2019-08-28 20:35:44,547 [EventQueue-StaleNodeForStaleNodeHandler] INFO  pipeline.PipelineStateManager (PipelineStateManager.java:finalizePipeline(123)) - Pipeline Pipeline[ Id: 8aee766e-3aa2-4b83-86f5-2aca3344ce5a, Nodes: 87d438d6-67b9-4b7c-91be-dfc928839b42{ip: 192.168.5.177, host: pr-hdds-2051-mwr8n-2748524799, networkLocation: /default-rack, certSerialId: null}, Type:RATIS, Factor:ONE, State:CLOSED] moved to CLOSED state
2019-08-28 20:35:44,548 [EventQueue-StaleNodeForStaleNodeHandler] INFO  pipeline.SCMPipelineManager (SCMPipelineManager.java:finalizeAndDestroyPipeline(309)) - destroying pipeline:Pipeline[ Id: 03328a2e-9ab0-4b4f-80b8-d0aa1a9cb011, Nodes: 87d438d6-67b9-4b7c-91be-dfc928839b42{ip: 192.168.5.177, host: pr-hdds-2051-mwr8n-2748524799, networkLocation: /default-rack, certSerialId: null}7fec90bb-c54b-43b1-bf43-d7f2b2685c16{ip: 192.168.5.177, host: pr-hdds-2051-mwr8n-2748524799, networkLocation: /default-rack, certSerialId: null}7428f0d9-f26c-473b-bcbc-c327f695592c{ip: 192.168.5.177, host: pr-hdds-2051-mwr8n-2748524799, networkLocation: /default-rack, certSerialId: null}, Type:RATIS, Factor:THREE, State:OPEN]
2019-08-28 20:35:44,548 [EventQueue-StaleNodeForStaleNodeHandler] INFO  pipeline.PipelineStateManager (PipelineStateManager.java:finalizePipeline(123)) - Pipeline Pipeline[ Id: 03328a2e-9ab0-4b4f-80b8-d0aa1a9cb011, Nodes: 87d438d6-67b9-4b7c-91be-dfc928839b42{ip: 192.168.5.177, host: pr-hdds-2051-mwr8n-2748524799, networkLocation: /default-rack, certSerialId: null}7fec90bb-c54b-43b1-bf43-d7f2b2685c16{ip: 192.168.5.177, host: pr-hdds-2051-mwr8n-2748524799, networkLocation: /default-rack, certSerialId: null}7428f0d9-f26c-473b-bcbc-c327f695592c{ip: 192.168.5.177, host: pr-hdds-2051-mwr8n-2748524799, networkLocation: /default-rack, certSerialId: null}, Type:RATIS, Factor:THREE, State:CLOSED] moved to CLOSED state
2019-08-28 20:35:44,548 [EventQueue-CloseContainerForCloseContainerEventHandler] INFO  container.CloseContainerEventHandler (CloseContainerEventHandler.java:onMessage(61)) - Close container Event triggered for container : #2
2019-08-28 20:35:44,804 | INFO  | SCMAudit | user=jenkins1000 | ip=192.168.5.177 | op=SEND_HEARTBEAT {datanodeUUID=80e4eca2-6bb1-4714-bd4e-8b731fcc1ced, command=[]} | ret=SUCCESS |  
2019-08-28 20:35:44,847 [EventQueue-StaleNodeForStaleNodeHandler] INFO  node.StaleNodeHandler (StaleNodeHandler.java:onMessage(58)) - Datanode 0e29188f-1bda-4147-b1c2-d5dce43dc229{ip: 192.168.5.177, host: pr-hdds-2051-mwr8n-2748524799, networkLocation: /default-rack, certSerialId: null} moved to stale state. Finalizing its pipelines [PipelineID=81486204-ab98-4c99-80a0-aee6acd4d1cf, PipelineID=6b074617-547e-4cca-93a8-f4f4aebe1910]
2019-08-28 20:35:44,847 [EventQueue-StaleNodeForStaleNodeHandler] INFO  pipeline.SCMPipelineManager (SCMPipelineManager.java:finalizeAndDestroyPipeline(309)) - destroying pipeline:Pipeline[ Id: 81486204-ab98-4c99-80a0-aee6acd4d1cf, Nodes: a907af4d-6e9b-43fc-a46a-782566b871fb{ip: 192.168.5.177, host: pr-hdds-2051-mwr8n-2748524799, networkLocation: /default-rack, certSerialId: null}0e29188f-1bda-4147-b1c2-d5dce43dc229{ip: 192.168.5.177, host: pr-hdds-2051-mwr8n-2748524799, networkLocation: /default-rack, certSerialId: null}80e4eca2-6bb1-4714-bd4e-8b731fcc1ced{ip: 192.168.5.177, host: pr-hdds-2051-mwr8n-2748524799, networkLocation: /default-rack, certSerialId: null}, Type:RATIS, Factor:THREE, State:CLOSED]
2019-08-28 20:35:44,848 [EventQueue-StaleNodeForStaleNodeHandler] INFO  pipeline.SCMPipelineManager (SCMPipelineManager.java:finalizeAndDestroyPipeline(309)) - destroying pipeline:Pipeline[ Id: 6b074617-547e-4cca-93a8-f4f4aebe1910, Nodes: 0e29188f-1bda-4147-b1c2-d5dce43dc229{ip: 192.168.5.177, host: pr-hdds-2051-mwr8n-2748524799, networkLocation: /default-rack, certSerialId: null}, Type:RATIS, Factor:ONE, State:OPEN]
2019-08-28 20:35:44,848 [EventQueue-StaleNodeForStaleNodeHandler] INFO  pipeline.PipelineStateManager (PipelineStateManager.java:finalizePipeline(123)) - Pipeline Pipeline[ Id: 6b074617-547e-4cca-93a8-f4f4aebe1910, Nodes: 0e29188f-1bda-4147-b1c2-d5dce43dc229{ip: 192.168.5.177, host: pr-hdds-2051-mwr8n-2748524799, networkLocation: /default-rack, certSerialId: null}, Type:RATIS, Factor:ONE, State:CLOSED] moved to CLOSED state
2019-08-28 20:35:45,144 | INFO  | SCMAudit | user=jenkins1000 | ip=192.168.5.177 | op=SEND_HEARTBEAT {datanodeUUID=ae3047cd-3e29-40a9-854d-dcce9cae807a, command=[]} | ret=SUCCESS |  
2019-08-28 20:35:45,144 [ForkJoinPool.commonPool-worker-0] INFO  ozoneimpl.OzoneContainer (OzoneContainer.java:stop(215)) - Attempting to stop container services.
2019-08-28 20:35:45,144 [main] INFO  ozoneimpl.OzoneContainer (OzoneContainer.java:stop(215)) - Attempting to stop container services.
2019-08-28 20:35:45,144 [ForkJoinPool.commonPool-worker-0] INFO  impl.RaftServerProxy (RaftServerProxy.java:lambda$close$4(314)) - 87d438d6-67b9-4b7c-91be-dfc928839b42: close
2019-08-28 20:35:45,145 [main] INFO  impl.RaftServerProxy (RaftServerProxy.java:lambda$close$4(314)) - 0e29188f-1bda-4147-b1c2-d5dce43dc229: close
2019-08-28 20:35:45,145 [ForkJoinPool.commonPool-worker-0] INFO  impl.RaftServerImpl (RaftServerImpl.java:lambda$shutdown$3(245)) - 87d438d6-67b9-4b7c-91be-dfc928839b42: shutdown group-2ACA3344CE5A
2019-08-28 20:35:45,145 [main] INFO  impl.RaftServerImpl (RaftServerImpl.java:lambda$shutdown$3(245)) - 0e29188f-1bda-4147-b1c2-d5dce43dc229: shutdown group-AEE6ACD4D1CF
2019-08-28 20:35:45,146 [ForkJoinPool.commonPool-worker-0] INFO  util.JmxRegister (JmxRegister.java:unregister(73)) - Successfully un-registered JMX Bean with object name Ratis:service=RaftServer,group=group-2ACA3344CE5A,id=87d438d6-67b9-4b7c-91be-dfc928839b42
2019-08-28 20:35:45,146 [main] INFO  util.JmxRegister (JmxRegister.java:unregister(73)) - Successfully un-registered JMX Bean with object name Ratis:service=RaftServer,group=group-AEE6ACD4D1CF,id=0e29188f-1bda-4147-b1c2-d5dce43dc229
2019-08-28 20:35:45,147 [main] INFO  impl.RoleInfo (RoleInfo.java:shutdownFollowerState(121)) - 0e29188f-1bda-4147-b1c2-d5dce43dc229: shutdown FollowerState
2019-08-28 20:35:45,146 [ForkJoinPool.commonPool-worker-0] INFO  impl.RoleInfo (RoleInfo.java:shutdownLeaderState(104)) - 87d438d6-67b9-4b7c-91be-dfc928839b42: shutdown LeaderState
2019-08-28 20:35:45,147 [StateMachineUpdater:0e29188f-1bda-4147-b1c2-d5dce43dc229:group-AEE6ACD4D1CF] INFO  ratis.ContainerStateMachine (ContainerStateMachine.java:takeSnapshot(284)) - group-AEE6ACD4D1CF: Taking a snapshot at:(t:1, i:14) file /workdir/hadoop-ozone/integration-test/target/test-dir/MiniOzoneClusterImpl-9f674b4b-7f24-464f-99b8-bd3e1a4ceab8/datanode-4/data/ratis/81486204-ab98-4c99-80a0-aee6acd4d1cf/sm/snapshot.1_14
2019-08-28 20:35:45,147 [Thread-3718] INFO  impl.FollowerState (FollowerState.java:run(114)) - 0e29188f-1bda-4147-b1c2-d5dce43dc229: FollowerState was interrupted: java.lang.InterruptedException: sleep interrupted
2019-08-28 20:35:45,147 [main] INFO  impl.StateMachineUpdater (StateMachineUpdater.java:stopAndJoin(115)) - StateMachineUpdater:0e29188f-1bda-4147-b1c2-d5dce43dc229:group-AEE6ACD4D1CF: set stopIndex = 18
2019-08-28 20:35:45,147 [ForkJoinPool.commonPool-worker-0] INFO  impl.PendingRequests (PendingRequests.java:sendNotLeaderResponses(202)) - 87d438d6-67b9-4b7c-91be-dfc928839b42-PendingRequests: sendNotLeaderResponses
2019-08-28 20:35:45,151 [ForkJoinPool.commonPool-worker-0] INFO  impl.StateMachineUpdater (StateMachineUpdater.java:stopAndJoin(115)) - StateMachineUpdater:87d438d6-67b9-4b7c-91be-dfc928839b42:group-2ACA3344CE5A: set stopIndex = 0
2019-08-28 20:35:45,151 [ForkJoinPool.commonPool-worker-0] INFO  impl.RaftServerImpl (ServerState.java:close(394)) - 87d438d6-67b9-4b7c-91be-dfc928839b42:group-2ACA3344CE5A closes. The last applied log index is 0
2019-08-28 20:35:45,152 [87d438d6-67b9-4b7c-91be-dfc928839b42-SegmentedRaftLogWorker:Storage Directory /workdir/hadoop-ozone/integration-test/target/test-dir/MiniOzoneClusterImpl-9f674b4b-7f24-464f-99b8-bd3e1a4ceab8/datanode-1/data/ratis/8aee766e-3aa2-4b83-86f5-2aca3344ce5a] INFO  segmented.SegmentedRaftLogWorker (SegmentedRaftLogWorker.java:run(313)) - 87d438d6-67b9-4b7c-91be-dfc928839b42-SegmentedRaftLogWorker:Storage Directory /workdir/hadoop-ozone/integration-test/target/test-dir/MiniOzoneClusterImpl-9f674b4b-7f24-464f-99b8-bd3e1a4ceab8/datanode-1/data/ratis/8aee766e-3aa2-4b83-86f5-2aca3344ce5a was interrupted, exiting. There are 0 tasks remaining in the queue.
2019-08-28 20:35:45,159 [ForkJoinPool.commonPool-worker-0] INFO  segmented.SegmentedRaftLogWorker (SegmentedRaftLogWorker.java:close(228)) - 87d438d6-67b9-4b7c-91be-dfc928839b42-SegmentedRaftLogWorker:Storage Directory /workdir/hadoop-ozone/integration-test/target/test-dir/MiniOzoneClusterImpl-9f674b4b-7f24-464f-99b8-bd3e1a4ceab8/datanode-1/data/ratis/8aee766e-3aa2-4b83-86f5-2aca3344ce5a close()
2019-08-28 20:35:45,164 [ForkJoinPool.commonPool-worker-0] INFO  impl.RaftServerImpl (RaftServerImpl.java:lambda$shutdown$3(245)) - 87d438d6-67b9-4b7c-91be-dfc928839b42: shutdown group-D0AA1A9CB011
2019-08-28 20:35:45,164 [ForkJoinPool.commonPool-worker-0] INFO  util.JmxRegister (JmxRegister.java:unregister(73)) - Successfully un-registered JMX Bean with object name Ratis:service=RaftServer,group=group-D0AA1A9CB011,id=87d438d6-67b9-4b7c-91be-dfc928839b42
2019-08-28 20:35:45,164 [ForkJoinPool.commonPool-worker-0] INFO  impl.RoleInfo (RoleInfo.java:shutdownFollowerState(121)) - 87d438d6-67b9-4b7c-91be-dfc928839b42: shutdown FollowerState
2019-08-28 20:35:45,165 [ForkJoinPool.commonPool-worker-0] INFO  impl.StateMachineUpdater (StateMachineUpdater.java:stopAndJoin(115)) - StateMachineUpdater:87d438d6-67b9-4b7c-91be-dfc928839b42:group-D0AA1A9CB011: set stopIndex = 15
2019-08-28 20:35:45,165 [Thread-3570] INFO  impl.FollowerState (FollowerState.java:run(114)) - 87d438d6-67b9-4b7c-91be-dfc928839b42: FollowerState was interrupted: java.lang.InterruptedException: sleep interrupted
2019-08-28 20:35:45,165 [StateMachineUpdater:87d438d6-67b9-4b7c-91be-dfc928839b42:group-D0AA1A9CB011] INFO  ratis.ContainerStateMachine (ContainerStateMachine.java:takeSnapshot(284)) - group-D0AA1A9CB011: Taking a snapshot at:(t:1, i:13) file /workdir/hadoop-ozone/integration-test/target/test-dir/MiniOzoneClusterImpl-9f674b4b-7f24-464f-99b8-bd3e1a4ceab8/datanode-1/data/ratis/03328a2e-9ab0-4b4f-80b8-d0aa1a9cb011/sm/snapshot.1_13
2019-08-28 20:35:45,188 [StateMachineUpdater:0e29188f-1bda-4147-b1c2-d5dce43dc229:group-AEE6ACD4D1CF] INFO  ratis.ContainerStateMachine (ContainerStateMachine.java:takeSnapshot(295)) - group-AEE6ACD4D1CF: Finished taking a snapshot at:(t:1, i:14) file:/workdir/hadoop-ozone/integration-test/target/test-dir/MiniOzoneClusterImpl-9f674b4b-7f24-464f-99b8-bd3e1a4ceab8/datanode-4/data/ratis/81486204-ab98-4c99-80a0-aee6acd4d1cf/sm/snapshot.1_14 time:41
2019-08-28 20:35:45,188 [StateMachineUpdater:0e29188f-1bda-4147-b1c2-d5dce43dc229:group-AEE6ACD4D1CF] INFO  impl.StateMachineUpdater (StateMachineUpdater.java:takeSnapshot(242)) - StateMachineUpdater:0e29188f-1bda-4147-b1c2-d5dce43dc229:group-AEE6ACD4D1CF: Took a snapshot at index 14
2019-08-28 20:35:45,188 [StateMachineUpdater:87d438d6-67b9-4b7c-91be-dfc928839b42:group-D0AA1A9CB011] INFO  ratis.ContainerStateMachine (ContainerStateMachine.java:takeSnapshot(295)) - group-D0AA1A9CB011: Finished taking a snapshot at:(t:1, i:13) file:/workdir/hadoop-ozone/integration-test/target/test-dir/MiniOzoneClusterImpl-9f674b4b-7f24-464f-99b8-bd3e1a4ceab8/datanode-1/data/ratis/03328a2e-9ab0-4b4f-80b8-d0aa1a9cb011/sm/snapshot.1_13 time:23
2019-08-28 20:35:45,188 [StateMachineUpdater:0e29188f-1bda-4147-b1c2-d5dce43dc229:group-AEE6ACD4D1CF] INFO  impl.StateMachineUpdater (StateMachineUpdater.java:lambda$new$0(80)) - StateMachineUpdater:0e29188f-1bda-4147-b1c2-d5dce43dc229:group-AEE6ACD4D1CF: snapshotIndex: updateIncreasingly -1 -> 14
2019-08-28 20:35:45,188 [StateMachineUpdater:87d438d6-67b9-4b7c-91be-dfc928839b42:group-D0AA1A9CB011] INFO  impl.StateMachineUpdater (StateMachineUpdater.java:takeSnapshot(242)) - StateMachineUpdater:87d438d6-67b9-4b7c-91be-dfc928839b42:group-D0AA1A9CB011: Took a snapshot at index 13
2019-08-28 20:35:45,188 [StateMachineUpdater:87d438d6-67b9-4b7c-91be-dfc928839b42:group-D0AA1A9CB011] INFO  impl.StateMachineUpdater (StateMachineUpdater.java:lambda$new$0(80)) - StateMachineUpdater:87d438d6-67b9-4b7c-91be-dfc928839b42:group-D0AA1A9CB011: snapshotIndex: updateIncreasingly -1 -> 13
2019-08-28 20:35:45,189 [main] INFO  impl.RaftServerImpl (ServerState.java:close(394)) - 0e29188f-1bda-4147-b1c2-d5dce43dc229:group-AEE6ACD4D1CF closes. The last applied log index is 18
2019-08-28 20:35:45,189 [ForkJoinPool.commonPool-worker-0] INFO  impl.RaftServerImpl (ServerState.java:close(394)) - 87d438d6-67b9-4b7c-91be-dfc928839b42:group-D0AA1A9CB011 closes. The last applied log index is 15
2019-08-28 20:35:45,189 [0e29188f-1bda-4147-b1c2-d5dce43dc229-SegmentedRaftLogWorker:Storage Directory /workdir/hadoop-ozone/integration-test/target/test-dir/MiniOzoneClusterImpl-9f674b4b-7f24-464f-99b8-bd3e1a4ceab8/datanode-4/data/ratis/81486204-ab98-4c99-80a0-aee6acd4d1cf] INFO  segmented.SegmentedRaftLogWorker (SegmentedRaftLogWorker.java:run(313)) - 0e29188f-1bda-4147-b1c2-d5dce43dc229-SegmentedRaftLogWorker:Storage Directory /workdir/hadoop-ozone/integration-test/target/test-dir/MiniOzoneClusterImpl-9f674b4b-7f24-464f-99b8-bd3e1a4ceab8/datanode-4/data/ratis/81486204-ab98-4c99-80a0-aee6acd4d1cf was interrupted, exiting. There are 0 tasks remaining in the queue.
2019-08-28 20:35:45,190 [87d438d6-67b9-4b7c-91be-dfc928839b42-SegmentedRaftLogWorker:Storage Directory /workdir/hadoop-ozone/integration-test/target/test-dir/MiniOzoneClusterImpl-9f674b4b-7f24-464f-99b8-bd3e1a4ceab8/datanode-1/data/ratis/03328a2e-9ab0-4b4f-80b8-d0aa1a9cb011] INFO  segmented.SegmentedRaftLogWorker (SegmentedRaftLogWorker.java:run(313)) - 87d438d6-67b9-4b7c-91be-dfc928839b42-SegmentedRaftLogWorker:Storage Directory /workdir/hadoop-ozone/integration-test/target/test-dir/MiniOzoneClusterImpl-9f674b4b-7f24-464f-99b8-bd3e1a4ceab8/datanode-1/data/ratis/03328a2e-9ab0-4b4f-80b8-d0aa1a9cb011 was interrupted, exiting. There are 0 tasks remaining in the queue.
2019-08-28 20:35:45,194 [main] INFO  segmented.SegmentedRaftLogWorker (SegmentedRaftLogWorker.java:close(228)) - 0e29188f-1bda-4147-b1c2-d5dce43dc229-SegmentedRaftLogWorker:Storage Directory /workdir/hadoop-ozone/integration-test/target/test-dir/MiniOzoneClusterImpl-9f674b4b-7f24-464f-99b8-bd3e1a4ceab8/datanode-4/data/ratis/81486204-ab98-4c99-80a0-aee6acd4d1cf close()
2019-08-28 20:35:45,194 [ForkJoinPool.commonPool-worker-0] INFO  segmented.SegmentedRaftLogWorker (SegmentedRaftLogWorker.java:close(228)) - 87d438d6-67b9-4b7c-91be-dfc928839b42-SegmentedRaftLogWorker:Storage Directory /workdir/hadoop-ozone/integration-test/target/test-dir/MiniOzoneClusterImpl-9f674b4b-7f24-464f-99b8-bd3e1a4ceab8/datanode-1/data/ratis/03328a2e-9ab0-4b4f-80b8-d0aa1a9cb011 close()
2019-08-28 20:35:45,198 [main] INFO  impl.RaftServerImpl (RaftServerImpl.java:lambda$shutdown$3(245)) - 0e29188f-1bda-4147-b1c2-d5dce43dc229: shutdown group-F4F4AEBE1910
2019-08-28 20:35:45,202 [ForkJoinPool.commonPool-worker-0] INFO  server.GrpcService (GrpcService.java:closeImpl(155)) - 87d438d6-67b9-4b7c-91be-dfc928839b42: shutdown server with port 40307 now
2019-08-28 20:35:45,202 [main] INFO  util.JmxRegister (JmxRegister.java:unregister(73)) - Successfully un-registered JMX Bean with object name Ratis:service=RaftServer,group=group-F4F4AEBE1910,id=0e29188f-1bda-4147-b1c2-d5dce43dc229
2019-08-28 20:35:45,203 [main] INFO  impl.RoleInfo (RoleInfo.java:shutdownLeaderState(104)) - 0e29188f-1bda-4147-b1c2-d5dce43dc229: shutdown LeaderState
2019-08-28 20:35:45,203 [main] INFO  impl.PendingRequests (PendingRequests.java:sendNotLeaderResponses(202)) - 0e29188f-1bda-4147-b1c2-d5dce43dc229-PendingRequests: sendNotLeaderResponses
2019-08-28 20:35:45,203 [grpc-default-executor-11] WARN  server.GrpcLogAppender (LogUtils.java:warn(134)) - 7428f0d9-f26c-473b-bcbc-c327f695592c->87d438d6-67b9-4b7c-91be-dfc928839b42: Failed appendEntries: org.apache.ratis.thirdparty.io.grpc.StatusRuntimeException: CANCELLED: HTTP/2 error code: CANCEL
Received Rst Stream
2019-08-28 20:35:45,203 [grpc-default-executor-10] WARN  server.GrpcServerProtocolService (LogUtils.java:warn(134)) - 87d438d6-67b9-4b7c-91be-dfc928839b42: appendEntries onError: org.apache.ratis.thirdparty.io.grpc.StatusRuntimeException: CANCELLED: cancelled before receiving half close
2019-08-28 20:35:45,204 [main] INFO  impl.StateMachineUpdater (StateMachineUpdater.java:stopAndJoin(115)) - StateMachineUpdater:0e29188f-1bda-4147-b1c2-d5dce43dc229:group-F4F4AEBE1910: set stopIndex = 0
2019-08-28 20:35:45,204 [ForkJoinPool.commonPool-worker-0] INFO  server.GrpcService (GrpcService.java:closeImpl(163)) - 87d438d6-67b9-4b7c-91be-dfc928839b42: shutdown server with port 40307 successfully
2019-08-28 20:35:45,204 [main] INFO  impl.RaftServerImpl (ServerState.java:close(394)) - 0e29188f-1bda-4147-b1c2-d5dce43dc229:group-F4F4AEBE1910 closes. The last applied log index is 0
2019-08-28 20:35:45,204 [grpc-default-executor-11] INFO  impl.FollowerInfo (FollowerInfo.java:lambda$new$0(50)) - 7428f0d9-f26c-473b-bcbc-c327f695592c->87d438d6-67b9-4b7c-91be-dfc928839b42: nextIndex: updateUnconditionally 16 -> 15
2019-08-28 20:35:45,205 [0e29188f-1bda-4147-b1c2-d5dce43dc229-SegmentedRaftLogWorker:Storage Directory /workdir/hadoop-ozone/integration-test/target/test-dir/MiniOzoneClusterImpl-9f674b4b-7f24-464f-99b8-bd3e1a4ceab8/datanode-4/data/ratis/6b074617-547e-4cca-93a8-f4f4aebe1910] INFO  segmented.SegmentedRaftLogWorker (SegmentedRaftLogWorker.java:run(313)) - 0e29188f-1bda-4147-b1c2-d5dce43dc229-SegmentedRaftLogWorker:Storage Directory /workdir/hadoop-ozone/integration-test/target/test-dir/MiniOzoneClusterImpl-9f674b4b-7f24-464f-99b8-bd3e1a4ceab8/datanode-4/data/ratis/6b074617-547e-4cca-93a8-f4f4aebe1910 was interrupted, exiting. There are 0 tasks remaining in the queue.
2019-08-28 20:35:45,208 [main] INFO  segmented.SegmentedRaftLogWorker (SegmentedRaftLogWorker.java:close(228)) - 0e29188f-1bda-4147-b1c2-d5dce43dc229-SegmentedRaftLogWorker:Storage Directory /workdir/hadoop-ozone/integration-test/target/test-dir/MiniOzoneClusterImpl-9f674b4b-7f24-464f-99b8-bd3e1a4ceab8/datanode-4/data/ratis/6b074617-547e-4cca-93a8-f4f4aebe1910 close()
2019-08-28 20:35:45,212 [main] INFO  server.GrpcService (GrpcService.java:closeImpl(155)) - 0e29188f-1bda-4147-b1c2-d5dce43dc229: shutdown server with port 37741 now
2019-08-28 20:35:45,212 [refreshUsed-/workdir/hadoop-ozone/integration-test/target/test-dir/MiniOzoneClusterImpl-9f674b4b-7f24-464f-99b8-bd3e1a4ceab8/datanode-1/data/containers] WARN  fs.CachingGetSpaceUsed (CachingGetSpaceUsed.java:run(183)) - Thread Interrupted waiting to refresh disk information: sleep interrupted
2019-08-28 20:35:45,214 [grpc-default-executor-10] WARN  server.GrpcServerProtocolService (LogUtils.java:warn(134)) - 0e29188f-1bda-4147-b1c2-d5dce43dc229: appendEntries onError: org.apache.ratis.thirdparty.io.grpc.StatusRuntimeException: CANCELLED: cancelled before receiving half close
2019-08-28 20:35:45,214 [main] INFO  server.GrpcService (GrpcService.java:closeImpl(163)) - 0e29188f-1bda-4147-b1c2-d5dce43dc229: shutdown server with port 37741 successfully
2019-08-28 20:35:45,214 [grpc-default-executor-11] WARN  server.GrpcLogAppender (LogUtils.java:warn(134)) - 80e4eca2-6bb1-4714-bd4e-8b731fcc1ced->0e29188f-1bda-4147-b1c2-d5dce43dc229: Failed appendEntries: org.apache.ratis.thirdparty.io.grpc.StatusRuntimeException: CANCELLED: HTTP/2 error code: CANCEL
Received Rst Stream
2019-08-28 20:35:45,215 [grpc-default-executor-11] INFO  impl.FollowerInfo (FollowerInfo.java:lambda$new$0(50)) - 80e4eca2-6bb1-4714-bd4e-8b731fcc1ced->0e29188f-1bda-4147-b1c2-d5dce43dc229: nextIndex: updateUnconditionally 19 -> 18
2019-08-28 20:35:45,219 [refreshUsed-/workdir/hadoop-ozone/integration-test/target/test-dir/MiniOzoneClusterImpl-9f674b4b-7f24-464f-99b8-bd3e1a4ceab8/datanode-4/data/containers] WARN  fs.CachingGetSpaceUsed (CachingGetSpaceUsed.java:run(183)) - Thread Interrupted waiting to refresh disk information: sleep interrupted
2019-08-28 20:35:45,236 [main] INFO  utils.BackgroundService (BackgroundService.java:shutdown(148)) - Shutting down service BlockDeletingService
2019-08-28 20:35:45,237 [ForkJoinPool.commonPool-worker-0] INFO  utils.BackgroundService (BackgroundService.java:shutdown(148)) - Shutting down service BlockDeletingService
2019-08-28 20:35:45,243 [main] INFO  statemachine.DatanodeStateMachine (DatanodeStateMachine.java:stopDaemon(395)) - Ozone container server stopped.
2019-08-28 20:35:45,245 [ForkJoinPool.commonPool-worker-0] INFO  statemachine.DatanodeStateMachine (DatanodeStateMachine.java:stopDaemon(395)) - Ozone container server stopped.
2019-08-28 20:35:45,250 [main] INFO  handler.ContextHandler (ContextHandler.java:doStop(910)) - Stopped o.e.j.w.WebAppContext@4ee8051c{/,null,UNAVAILABLE}{/hddsDatanode}
2019-08-28 20:35:45,250 [ForkJoinPool.commonPool-worker-0] INFO  handler.ContextHandler (ContextHandler.java:doStop(910)) - Stopped o.e.j.w.WebAppContext@d8835af{/,null,UNAVAILABLE}{/hddsDatanode}
2019-08-28 20:35:45,250 [main] INFO  server.AbstractConnector (AbstractConnector.java:doStop(318)) - Stopped ServerConnector@53125718{HTTP/1.1,[http/1.1]}{0.0.0.0:0}
2019-08-28 20:35:45,250 [ForkJoinPool.commonPool-worker-0] INFO  server.AbstractConnector (AbstractConnector.java:doStop(318)) - Stopped ServerConnector@16681017{HTTP/1.1,[http/1.1]}{0.0.0.0:0}
2019-08-28 20:35:45,252 [main] INFO  handler.ContextHandler (ContextHandler.java:doStop(910)) - Stopped o.e.j.s.ServletContextHandler@4409cae6{/static,jar:file:/home/user/.m2/repository/org/apache/hadoop/hadoop-hdds-container-service/0.5.0-SNAPSHOT/hadoop-hdds-container-service-0.5.0-SNAPSHOT.jar!/webapps/static,UNAVAILABLE}
2019-08-28 20:35:45,252 [ForkJoinPool.commonPool-worker-0] INFO  handler.ContextHandler (ContextHandler.java:doStop(910)) - Stopped o.e.j.s.ServletContextHandler@33324c05{/static,jar:file:/home/user/.m2/repository/org/apache/hadoop/hadoop-hdds-container-service/0.5.0-SNAPSHOT/hadoop-hdds-container-service-0.5.0-SNAPSHOT.jar!/webapps/static,UNAVAILABLE}
2019-08-28 20:35:45,253 [main] INFO  handler.ContextHandler (ContextHandler.java:doStop(910)) - Stopped o.e.j.s.ServletContextHandler@656c5c3{/logs,file:///workdir/hadoop-ozone/integration-test/target/log,UNAVAILABLE}
2019-08-28 20:35:45,254 [ForkJoinPool.commonPool-worker-0] INFO  handler.ContextHandler (ContextHandler.java:doStop(910)) - Stopped o.e.j.s.ServletContextHandler@6b9c42bd{/logs,file:///workdir/hadoop-ozone/integration-test/target/log,UNAVAILABLE}
2019-08-28 20:35:45,501 [Datanode State Machine Thread - 0] INFO  statemachine.DatanodeStateMachine (DatanodeStateMachine.java:lambda$startDaemon$0(350)) - Ozone container server started.
2019-08-28 20:35:45,502 | INFO  | SCMAudit | user=jenkins1000 | ip=192.168.5.177 | op=SEND_HEARTBEAT {datanodeUUID=7428f0d9-f26c-473b-bcbc-c327f695592c, command=[commandType: closeContainerCommand closeContainerCommandProto { containerID: 2 pipelineID { id: "03328a2e-9ab0-4b4f-80b8-d0aa1a9cb011" } cmdId: 2 force: false } ]} | ret=SUCCESS |  
2019-08-28 20:35:45,804 | INFO  | SCMAudit | user=jenkins1000 | ip=192.168.5.177 | op=SEND_HEARTBEAT {datanodeUUID=80e4eca2-6bb1-4714-bd4e-8b731fcc1ced, command=[]} | ret=SUCCESS |  
2019-08-28 20:35:46,144 [Datanode State Machine Thread - 0] INFO  statemachine.DatanodeStateMachine (DatanodeStateMachine.java:lambda$startDaemon$0(350)) - Ozone container server started.
2019-08-28 20:35:46,226 [grpc-default-executor-9] WARN  server.GrpcLogAppender (LogUtils.java:warn(134)) - 80e4eca2-6bb1-4714-bd4e-8b731fcc1ced->a907af4d-6e9b-43fc-a46a-782566b871fb: Failed appendEntries: org.apache.ratis.thirdparty.io.grpc.StatusRuntimeException: UNAVAILABLE: io exception
2019-08-28 20:35:46,227 [grpc-default-executor-8] WARN  server.GrpcLogAppender (LogUtils.java:warn(134)) - 80e4eca2-6bb1-4714-bd4e-8b731fcc1ced->0e29188f-1bda-4147-b1c2-d5dce43dc229: Failed appendEntries: org.apache.ratis.thirdparty.io.grpc.StatusRuntimeException: UNAVAILABLE: io exception
2019-08-28 20:35:46,227 [grpc-default-executor-9] INFO  impl.FollowerInfo (FollowerInfo.java:lambda$new$0(50)) - 80e4eca2-6bb1-4714-bd4e-8b731fcc1ced->a907af4d-6e9b-43fc-a46a-782566b871fb: nextIndex: updateUnconditionally 0 -> 0
2019-08-28 20:35:46,227 [grpc-default-executor-8] INFO  impl.FollowerInfo (FollowerInfo.java:lambda$new$0(50)) - 80e4eca2-6bb1-4714-bd4e-8b731fcc1ced->0e29188f-1bda-4147-b1c2-d5dce43dc229: nextIndex: updateUnconditionally 18 -> 17
2019-08-28 20:35:46,501 | INFO  | SCMAudit | user=jenkins1000 | ip=192.168.5.177 | op=SEND_HEARTBEAT {datanodeUUID=7428f0d9-f26c-473b-bcbc-c327f695592c, command=[]} | ret=SUCCESS |  
2019-08-28 20:35:46,530 | INFO  | SCMAudit | user=jenkins1000 | ip=192.168.5.177 | op=SEND_HEARTBEAT {datanodeUUID=7428f0d9-f26c-473b-bcbc-c327f695592c, command=[]} | ret=SUCCESS |  
2019-08-28 20:35:46,532 [grpc-default-executor-10] WARN  server.GrpcLogAppender (LogUtils.java:warn(134)) - 7428f0d9-f26c-473b-bcbc-c327f695592c->87d438d6-67b9-4b7c-91be-dfc928839b42: Failed appendEntries: org.apache.ratis.thirdparty.io.grpc.StatusRuntimeException: UNAVAILABLE: io exception
2019-08-28 20:35:46,532 [grpc-default-executor-10] INFO  impl.FollowerInfo (FollowerInfo.java:lambda$new$0(50)) - 7428f0d9-f26c-473b-bcbc-c327f695592c->87d438d6-67b9-4b7c-91be-dfc928839b42: nextIndex: updateUnconditionally 16 -> 15
2019-08-28 20:35:46,544 [grpc-default-executor-8] WARN  server.GrpcLogAppender (LogUtils.java:warn(134)) - 7428f0d9-f26c-473b-bcbc-c327f695592c->87d438d6-67b9-4b7c-91be-dfc928839b42: Failed appendEntries: org.apache.ratis.thirdparty.io.grpc.StatusRuntimeException: UNAVAILABLE: io exception
2019-08-28 20:35:46,545 [grpc-default-executor-8] INFO  impl.FollowerInfo (FollowerInfo.java:lambda$new$0(50)) - 7428f0d9-f26c-473b-bcbc-c327f695592c->87d438d6-67b9-4b7c-91be-dfc928839b42: nextIndex: updateUnconditionally 16 -> 15
2019-08-28 20:35:46,559 [grpc-default-executor-10] WARN  server.GrpcLogAppender (LogUtils.java:warn(134)) - 7428f0d9-f26c-473b-bcbc-c327f695592c->87d438d6-67b9-4b7c-91be-dfc928839b42: Failed appendEntries: org.apache.ratis.thirdparty.io.grpc.StatusRuntimeException: UNAVAILABLE: io exception
2019-08-28 20:35:46,559 [grpc-default-executor-10] INFO  impl.FollowerInfo (FollowerInfo.java:lambda$new$0(50)) - 7428f0d9-f26c-473b-bcbc-c327f695592c->87d438d6-67b9-4b7c-91be-dfc928839b42: nextIndex: updateUnconditionally 16 -> 15
2019-08-28 20:35:46,580 [RatisApplyTransactionExecutor 2] INFO  interfaces.Container (KeyValueContainer.java:flushAndSyncDB(382)) - Container 2 is synced with bcsId 13.
2019-08-28 20:35:46,580 [RatisApplyTransactionExecutor 2] INFO  interfaces.Container (KeyValueContainer.java:flushAndSyncDB(382)) - Container 2 is synced with bcsId 13.
2019-08-28 20:35:46,594 [RatisApplyTransactionExecutor 2] INFO  interfaces.Container (KeyValueContainer.java:flushAndSyncDB(382)) - Container 2 is synced with bcsId 13.
2019-08-28 20:35:46,594 [RatisApplyTransactionExecutor 2] INFO  interfaces.Container (KeyValueContainer.java:flushAndSyncDB(382)) - Container 2 is synced with bcsId 13.
2019-08-28 20:35:46,595 | INFO  | DNAudit | user=null | ip=null | op=CLOSE_CONTAINER {containerID=2} | ret=SUCCESS |  
2019-08-28 20:35:46,595 | INFO  | SCMAudit | user=jenkins1000 | ip=192.168.5.177 | op=SEND_HEARTBEAT {datanodeUUID=7428f0d9-f26c-473b-bcbc-c327f695592c, command=[]} | ret=SUCCESS |  
2019-08-28 20:35:46,596 [EventQueue-IncrementalContainerReportForIncrementalContainerReportHandler] INFO  container.IncrementalContainerReportHandler (AbstractContainerReportHandler.java:updateContainerState(176)) - Moving container #2 to CLOSED state, datanode 7428f0d9-f26c-473b-bcbc-c327f695592c{ip: 192.168.5.177, host: pr-hdds-2051-mwr8n-2748524799, networkLocation: /default-rack, certSerialId: null} reported CLOSED replica.
2019-08-28 20:35:46,633 | INFO  | DNAudit | user=null | ip=null | op=CLOSE_CONTAINER {containerID=2} | ret=SUCCESS |  
2019-08-28 20:35:46,804 | INFO  | SCMAudit | user=jenkins1000 | ip=192.168.5.177 | op=SEND_HEARTBEAT {datanodeUUID=80e4eca2-6bb1-4714-bd4e-8b731fcc1ced, command=[]} | ret=SUCCESS |  
2019-08-28 20:35:47,595 | INFO  | SCMAudit | user=jenkins1000 | ip=192.168.5.177 | op=SEND_HEARTBEAT {datanodeUUID=7428f0d9-f26c-473b-bcbc-c327f695592c, command=[]} | ret=SUCCESS |  
2019-08-28 20:35:47,804 | INFO  | SCMAudit | user=jenkins1000 | ip=192.168.5.177 | op=SEND_HEARTBEAT {datanodeUUID=80e4eca2-6bb1-4714-bd4e-8b731fcc1ced, command=[]} | ret=SUCCESS |  
2019-08-28 20:35:48,595 | INFO  | SCMAudit | user=jenkins1000 | ip=192.168.5.177 | op=SEND_HEARTBEAT {datanodeUUID=7428f0d9-f26c-473b-bcbc-c327f695592c, command=[]} | ret=SUCCESS |  
2019-08-28 20:35:48,727 [grpc-default-executor-9] WARN  server.GrpcLogAppender (LogUtils.java:warn(134)) - 80e4eca2-6bb1-4714-bd4e-8b731fcc1ced->0e29188f-1bda-4147-b1c2-d5dce43dc229: Failed appendEntries: org.apache.ratis.thirdparty.io.grpc.StatusRuntimeException: UNAVAILABLE: io exception
2019-08-28 20:35:48,728 [grpc-default-executor-9] INFO  impl.FollowerInfo (FollowerInfo.java:lambda$new$0(50)) - 80e4eca2-6bb1-4714-bd4e-8b731fcc1ced->0e29188f-1bda-4147-b1c2-d5dce43dc229: nextIndex: updateUnconditionally 17 -> 16
2019-08-28 20:35:48,730 [grpc-default-executor-8] WARN  server.GrpcLogAppender (LogUtils.java:warn(134)) - 80e4eca2-6bb1-4714-bd4e-8b731fcc1ced->a907af4d-6e9b-43fc-a46a-782566b871fb: Failed appendEntries: org.apache.ratis.thirdparty.io.grpc.StatusRuntimeException: UNAVAILABLE: io exception
2019-08-28 20:35:48,731 [grpc-default-executor-8] INFO  impl.FollowerInfo (FollowerInfo.java:lambda$new$0(50)) - 80e4eca2-6bb1-4714-bd4e-8b731fcc1ced->a907af4d-6e9b-43fc-a46a-782566b871fb: nextIndex: updateUnconditionally 0 -> 0
2019-08-28 20:35:48,805 | INFO  | SCMAudit | user=jenkins1000 | ip=192.168.5.177 | op=SEND_HEARTBEAT {datanodeUUID=80e4eca2-6bb1-4714-bd4e-8b731fcc1ced, command=[]} | ret=SUCCESS |  
2019-08-28 20:35:49,060 [grpc-default-executor-10] WARN  server.GrpcLogAppender (LogUtils.java:warn(134)) - 7428f0d9-f26c-473b-bcbc-c327f695592c->87d438d6-67b9-4b7c-91be-dfc928839b42: Failed appendEntries: org.apache.ratis.thirdparty.io.grpc.StatusRuntimeException: UNAVAILABLE: io exception
2019-08-28 20:35:49,061 [grpc-default-executor-10] INFO  impl.FollowerInfo (FollowerInfo.java:lambda$new$0(50)) - 7428f0d9-f26c-473b-bcbc-c327f695592c->87d438d6-67b9-4b7c-91be-dfc928839b42: nextIndex: updateUnconditionally 15 -> 14
2019-08-28 20:35:49,554 [EventQueue-StaleNodeForStaleNodeHandler] INFO  node.StaleNodeHandler (StaleNodeHandler.java:onMessage(58)) - Datanode 7fec90bb-c54b-43b1-bf43-d7f2b2685c16{ip: 192.168.5.177, host: pr-hdds-2051-mwr8n-2748524799, networkLocation: /default-rack, certSerialId: null} moved to stale state. Finalizing its pipelines [PipelineID=790f80ea-3618-4023-958f-14565adebef5, PipelineID=03328a2e-9ab0-4b4f-80b8-d0aa1a9cb011]
2019-08-28 20:35:49,554 [EventQueue-StaleNodeForStaleNodeHandler] INFO  pipeline.SCMPipelineManager (SCMPipelineManager.java:finalizeAndDestroyPipeline(309)) - destroying pipeline:Pipeline[ Id: 790f80ea-3618-4023-958f-14565adebef5, Nodes: 7fec90bb-c54b-43b1-bf43-d7f2b2685c16{ip: 192.168.5.177, host: pr-hdds-2051-mwr8n-2748524799, networkLocation: /default-rack, certSerialId: null}, Type:RATIS, Factor:ONE, State:OPEN]
2019-08-28 20:35:49,554 [EventQueue-StaleNodeForStaleNodeHandler] INFO  pipeline.PipelineStateManager (PipelineStateManager.java:finalizePipeline(123)) - Pipeline Pipeline[ Id: 790f80ea-3618-4023-958f-14565adebef5, Nodes: 7fec90bb-c54b-43b1-bf43-d7f2b2685c16{ip: 192.168.5.177, host: pr-hdds-2051-mwr8n-2748524799, networkLocation: /default-rack, certSerialId: null}, Type:RATIS, Factor:ONE, State:CLOSED] moved to CLOSED state
2019-08-28 20:35:49,555 [EventQueue-StaleNodeForStaleNodeHandler] INFO  pipeline.SCMPipelineManager (SCMPipelineManager.java:finalizeAndDestroyPipeline(309)) - destroying pipeline:Pipeline[ Id: 03328a2e-9ab0-4b4f-80b8-d0aa1a9cb011, Nodes: 87d438d6-67b9-4b7c-91be-dfc928839b42{ip: 192.168.5.177, host: pr-hdds-2051-mwr8n-2748524799, networkLocation: /default-rack, certSerialId: null}7fec90bb-c54b-43b1-bf43-d7f2b2685c16{ip: 192.168.5.177, host: pr-hdds-2051-mwr8n-2748524799, networkLocation: /default-rack, certSerialId: null}7428f0d9-f26c-473b-bcbc-c327f695592c{ip: 192.168.5.177, host: pr-hdds-2051-mwr8n-2748524799, networkLocation: /default-rack, certSerialId: null}, Type:RATIS, Factor:THREE, State:CLOSED]
2019-08-28 20:35:49,596 | INFO  | SCMAudit | user=jenkins1000 | ip=192.168.5.177 | op=SEND_HEARTBEAT {datanodeUUID=7428f0d9-f26c-473b-bcbc-c327f695592c, command=[]} | ret=SUCCESS |  
2019-08-28 20:35:49,805 | INFO  | SCMAudit | user=jenkins1000 | ip=192.168.5.177 | op=SEND_HEARTBEAT {datanodeUUID=80e4eca2-6bb1-4714-bd4e-8b731fcc1ced, command=[]} | ret=SUCCESS |  
2019-08-28 20:35:50,154 [EventQueue-StaleNodeForStaleNodeHandler] INFO  node.StaleNodeHandler (StaleNodeHandler.java:onMessage(58)) - Datanode ae3047cd-3e29-40a9-854d-dcce9cae807a{ip: 192.168.5.177, host: pr-hdds-2051-mwr8n-2748524799, networkLocation: /default-rack, certSerialId: null} moved to stale state. Finalizing its pipelines []
2019-08-28 20:35:50,256 [main] INFO  ozoneimpl.OzoneContainer (OzoneContainer.java:stop(215)) - Attempting to stop container services.
2019-08-28 20:35:50,256 [ForkJoinPool.commonPool-worker-0] INFO  ozoneimpl.OzoneContainer (OzoneContainer.java:stop(215)) - Attempting to stop container services.
2019-08-28 20:35:50,257 [main] INFO  impl.RaftServerProxy (RaftServerProxy.java:lambda$close$4(314)) - ae3047cd-3e29-40a9-854d-dcce9cae807a: close
2019-08-28 20:35:50,257 [ForkJoinPool.commonPool-worker-0] INFO  impl.RaftServerProxy (RaftServerProxy.java:lambda$close$4(314)) - 7fec90bb-c54b-43b1-bf43-d7f2b2685c16: close
2019-08-28 20:35:50,260 [main] INFO  server.GrpcService (GrpcService.java:closeImpl(155)) - ae3047cd-3e29-40a9-854d-dcce9cae807a: shutdown server with port 39769 now
2019-08-28 20:35:50,261 [ForkJoinPool.commonPool-worker-0] INFO  impl.RaftServerImpl (RaftServerImpl.java:lambda$shutdown$3(245)) - 7fec90bb-c54b-43b1-bf43-d7f2b2685c16: shutdown group-14565ADEBEF5
2019-08-28 20:35:50,261 [main] INFO  server.GrpcService (GrpcService.java:closeImpl(163)) - ae3047cd-3e29-40a9-854d-dcce9cae807a: shutdown server with port 39769 successfully
2019-08-28 20:35:50,261 [ForkJoinPool.commonPool-worker-0] INFO  util.JmxRegister (JmxRegister.java:unregister(73)) - Successfully un-registered JMX Bean with object name Ratis:service=RaftServer,group=group-14565ADEBEF5,id=7fec90bb-c54b-43b1-bf43-d7f2b2685c16
2019-08-28 20:35:50,262 [ForkJoinPool.commonPool-worker-0] INFO  impl.RoleInfo (RoleInfo.java:shutdownLeaderState(104)) - 7fec90bb-c54b-43b1-bf43-d7f2b2685c16: shutdown LeaderState
2019-08-28 20:35:50,263 [ForkJoinPool.commonPool-worker-0] INFO  impl.PendingRequests (PendingRequests.java:sendNotLeaderResponses(202)) - 7fec90bb-c54b-43b1-bf43-d7f2b2685c16-PendingRequests: sendNotLeaderResponses
2019-08-28 20:35:50,264 [refreshUsed-/workdir/hadoop-ozone/integration-test/target/test-dir/MiniOzoneClusterImpl-9f674b4b-7f24-464f-99b8-bd3e1a4ceab8/datanode-6/data/containers] WARN  fs.CachingGetSpaceUsed (CachingGetSpaceUsed.java:run(183)) - Thread Interrupted waiting to refresh disk information: sleep interrupted
2019-08-28 20:35:50,264 [ForkJoinPool.commonPool-worker-0] INFO  impl.StateMachineUpdater (StateMachineUpdater.java:stopAndJoin(115)) - StateMachineUpdater:7fec90bb-c54b-43b1-bf43-d7f2b2685c16:group-14565ADEBEF5: set stopIndex = 0
2019-08-28 20:35:50,266 [ForkJoinPool.commonPool-worker-0] INFO  impl.RaftServerImpl (ServerState.java:close(394)) - 7fec90bb-c54b-43b1-bf43-d7f2b2685c16:group-14565ADEBEF5 closes. The last applied log index is 0
2019-08-28 20:35:50,268 [7fec90bb-c54b-43b1-bf43-d7f2b2685c16-SegmentedRaftLogWorker:Storage Directory /workdir/hadoop-ozone/integration-test/target/test-dir/MiniOzoneClusterImpl-9f674b4b-7f24-464f-99b8-bd3e1a4ceab8/datanode-2/data/ratis/790f80ea-3618-4023-958f-14565adebef5] INFO  segmented.SegmentedRaftLogWorker (SegmentedRaftLogWorker.java:run(313)) - 7fec90bb-c54b-43b1-bf43-d7f2b2685c16-SegmentedRaftLogWorker:Storage Directory /workdir/hadoop-ozone/integration-test/target/test-dir/MiniOzoneClusterImpl-9f674b4b-7f24-464f-99b8-bd3e1a4ceab8/datanode-2/data/ratis/790f80ea-3618-4023-958f-14565adebef5 was interrupted, exiting. There are 0 tasks remaining in the queue.
2019-08-28 20:35:50,270 [ForkJoinPool.commonPool-worker-0] INFO  segmented.SegmentedRaftLogWorker (SegmentedRaftLogWorker.java:close(228)) - 7fec90bb-c54b-43b1-bf43-d7f2b2685c16-SegmentedRaftLogWorker:Storage Directory /workdir/hadoop-ozone/integration-test/target/test-dir/MiniOzoneClusterImpl-9f674b4b-7f24-464f-99b8-bd3e1a4ceab8/datanode-2/data/ratis/790f80ea-3618-4023-958f-14565adebef5 close()
2019-08-28 20:35:50,273 [ForkJoinPool.commonPool-worker-0] INFO  impl.RaftServerImpl (RaftServerImpl.java:lambda$shutdown$3(245)) - 7fec90bb-c54b-43b1-bf43-d7f2b2685c16: shutdown group-D0AA1A9CB011
2019-08-28 20:35:50,274 [ForkJoinPool.commonPool-worker-0] INFO  util.JmxRegister (JmxRegister.java:unregister(73)) - Successfully un-registered JMX Bean with object name Ratis:service=RaftServer,group=group-D0AA1A9CB011,id=7fec90bb-c54b-43b1-bf43-d7f2b2685c16
2019-08-28 20:35:50,274 [ForkJoinPool.commonPool-worker-0] INFO  impl.RoleInfo (RoleInfo.java:shutdownFollowerState(121)) - 7fec90bb-c54b-43b1-bf43-d7f2b2685c16: shutdown FollowerState
2019-08-28 20:35:50,274 [ForkJoinPool.commonPool-worker-0] INFO  impl.StateMachineUpdater (StateMachineUpdater.java:stopAndJoin(115)) - StateMachineUpdater:7fec90bb-c54b-43b1-bf43-d7f2b2685c16:group-D0AA1A9CB011: set stopIndex = 17
2019-08-28 20:35:50,274 [Thread-3573] INFO  impl.FollowerState (FollowerState.java:run(114)) - 7fec90bb-c54b-43b1-bf43-d7f2b2685c16: FollowerState was interrupted: java.lang.InterruptedException: sleep interrupted
2019-08-28 20:35:50,274 [StateMachineUpdater:7fec90bb-c54b-43b1-bf43-d7f2b2685c16:group-D0AA1A9CB011] INFO  ratis.ContainerStateMachine (ContainerStateMachine.java:takeSnapshot(284)) - group-D0AA1A9CB011: Taking a snapshot at:(t:1, i:16) file /workdir/hadoop-ozone/integration-test/target/test-dir/MiniOzoneClusterImpl-9f674b4b-7f24-464f-99b8-bd3e1a4ceab8/datanode-2/data/ratis/03328a2e-9ab0-4b4f-80b8-d0aa1a9cb011/sm/snapshot.1_16
2019-08-28 20:35:50,290 [main] INFO  utils.BackgroundService (BackgroundService.java:shutdown(148)) - Shutting down service BlockDeletingService
2019-08-28 20:35:50,290 [StateMachineUpdater:7fec90bb-c54b-43b1-bf43-d7f2b2685c16:group-D0AA1A9CB011] INFO  ratis.ContainerStateMachine (ContainerStateMachine.java:takeSnapshot(295)) - group-D0AA1A9CB011: Finished taking a snapshot at:(t:1, i:16) file:/workdir/hadoop-ozone/integration-test/target/test-dir/MiniOzoneClusterImpl-9f674b4b-7f24-464f-99b8-bd3e1a4ceab8/datanode-2/data/ratis/03328a2e-9ab0-4b4f-80b8-d0aa1a9cb011/sm/snapshot.1_16 time:16
2019-08-28 20:35:50,290 [StateMachineUpdater:7fec90bb-c54b-43b1-bf43-d7f2b2685c16:group-D0AA1A9CB011] INFO  impl.StateMachineUpdater (StateMachineUpdater.java:takeSnapshot(242)) - StateMachineUpdater:7fec90bb-c54b-43b1-bf43-d7f2b2685c16:group-D0AA1A9CB011: Took a snapshot at index 16
2019-08-28 20:35:50,290 [StateMachineUpdater:7fec90bb-c54b-43b1-bf43-d7f2b2685c16:group-D0AA1A9CB011] INFO  impl.StateMachineUpdater (StateMachineUpdater.java:lambda$new$0(80)) - StateMachineUpdater:7fec90bb-c54b-43b1-bf43-d7f2b2685c16:group-D0AA1A9CB011: snapshotIndex: updateIncreasingly -1 -> 16
2019-08-28 20:35:50,295 [main] INFO  statemachine.DatanodeStateMachine (DatanodeStateMachine.java:stopDaemon(395)) - Ozone container server stopped.
2019-08-28 20:35:50,295 [ForkJoinPool.commonPool-worker-0] INFO  impl.RaftServerImpl (ServerState.java:close(394)) - 7fec90bb-c54b-43b1-bf43-d7f2b2685c16:group-D0AA1A9CB011 closes. The last applied log index is 17
2019-08-28 20:35:50,296 [7fec90bb-c54b-43b1-bf43-d7f2b2685c16-SegmentedRaftLogWorker:Storage Directory /workdir/hadoop-ozone/integration-test/target/test-dir/MiniOzoneClusterImpl-9f674b4b-7f24-464f-99b8-bd3e1a4ceab8/datanode-2/data/ratis/03328a2e-9ab0-4b4f-80b8-d0aa1a9cb011] INFO  segmented.SegmentedRaftLogWorker (SegmentedRaftLogWorker.java:run(313)) - 7fec90bb-c54b-43b1-bf43-d7f2b2685c16-SegmentedRaftLogWorker:Storage Directory /workdir/hadoop-ozone/integration-test/target/test-dir/MiniOzoneClusterImpl-9f674b4b-7f24-464f-99b8-bd3e1a4ceab8/datanode-2/data/ratis/03328a2e-9ab0-4b4f-80b8-d0aa1a9cb011 was interrupted, exiting. There are 0 tasks remaining in the queue.
2019-08-28 20:35:50,298 [ForkJoinPool.commonPool-worker-0] INFO  segmented.SegmentedRaftLogWorker (SegmentedRaftLogWorker.java:close(228)) - 7fec90bb-c54b-43b1-bf43-d7f2b2685c16-SegmentedRaftLogWorker:Storage Directory /workdir/hadoop-ozone/integration-test/target/test-dir/MiniOzoneClusterImpl-9f674b4b-7f24-464f-99b8-bd3e1a4ceab8/datanode-2/data/ratis/03328a2e-9ab0-4b4f-80b8-d0aa1a9cb011 close()
2019-08-28 20:35:50,298 [main] INFO  handler.ContextHandler (ContextHandler.java:doStop(910)) - Stopped o.e.j.w.WebAppContext@1b46392c{/,null,UNAVAILABLE}{/hddsDatanode}
2019-08-28 20:35:50,302 [ForkJoinPool.commonPool-worker-0] INFO  server.GrpcService (GrpcService.java:closeImpl(155)) - 7fec90bb-c54b-43b1-bf43-d7f2b2685c16: shutdown server with port 39499 now
2019-08-28 20:35:50,304 [main] INFO  server.AbstractConnector (AbstractConnector.java:doStop(318)) - Stopped ServerConnector@cf01c2e{HTTP/1.1,[http/1.1]}{0.0.0.0:0}
2019-08-28 20:35:50,304 [main] INFO  handler.ContextHandler (ContextHandler.java:doStop(910)) - Stopped o.e.j.s.ServletContextHandler@67d8faec{/static,jar:file:/home/user/.m2/repository/org/apache/hadoop/hadoop-hdds-container-service/0.5.0-SNAPSHOT/hadoop-hdds-container-service-0.5.0-SNAPSHOT.jar!/webapps/static,UNAVAILABLE}
2019-08-28 20:35:50,305 [ForkJoinPool.commonPool-worker-0] INFO  server.GrpcService (GrpcService.java:closeImpl(163)) - 7fec90bb-c54b-43b1-bf43-d7f2b2685c16: shutdown server with port 39499 successfully
2019-08-28 20:35:50,305 [grpc-default-executor-10] WARN  server.GrpcLogAppender (LogUtils.java:warn(134)) - 7428f0d9-f26c-473b-bcbc-c327f695592c->7fec90bb-c54b-43b1-bf43-d7f2b2685c16: Failed appendEntries: org.apache.ratis.thirdparty.io.grpc.StatusRuntimeException: CANCELLED: HTTP/2 error code: CANCEL
Received Rst Stream
2019-08-28 20:35:50,305 [main] INFO  handler.ContextHandler (ContextHandler.java:doStop(910)) - Stopped o.e.j.s.ServletContextHandler@2315052d{/logs,file:///workdir/hadoop-ozone/integration-test/target/log,UNAVAILABLE}
2019-08-28 20:35:50,305 [grpc-default-executor-8] WARN  server.GrpcServerProtocolService (LogUtils.java:warn(134)) - 7fec90bb-c54b-43b1-bf43-d7f2b2685c16: appendEntries onError: org.apache.ratis.thirdparty.io.grpc.StatusRuntimeException: CANCELLED: cancelled before receiving half close
2019-08-28 20:35:50,306 [grpc-default-executor-10] INFO  impl.FollowerInfo (FollowerInfo.java:lambda$new$0(50)) - 7428f0d9-f26c-473b-bcbc-c327f695592c->7fec90bb-c54b-43b1-bf43-d7f2b2685c16: nextIndex: updateUnconditionally 18 -> 17
2019-08-28 20:35:50,309 [refreshUsed-/workdir/hadoop-ozone/integration-test/target/test-dir/MiniOzoneClusterImpl-9f674b4b-7f24-464f-99b8-bd3e1a4ceab8/datanode-2/data/containers] WARN  fs.CachingGetSpaceUsed (CachingGetSpaceUsed.java:run(183)) - Thread Interrupted waiting to refresh disk information: sleep interrupted
2019-08-28 20:35:50,327 [ForkJoinPool.commonPool-worker-0] INFO  utils.BackgroundService (BackgroundService.java:shutdown(148)) - Shutting down service BlockDeletingService
2019-08-28 20:35:50,331 [ForkJoinPool.commonPool-worker-0] INFO  statemachine.DatanodeStateMachine (DatanodeStateMachine.java:stopDaemon(395)) - Ozone container server stopped.
2019-08-28 20:35:50,336 [ForkJoinPool.commonPool-worker-0] INFO  handler.ContextHandler (ContextHandler.java:doStop(910)) - Stopped o.e.j.w.WebAppContext@5122e4bf{/,null,UNAVAILABLE}{/hddsDatanode}
2019-08-28 20:35:50,337 [ForkJoinPool.commonPool-worker-0] INFO  server.AbstractConnector (AbstractConnector.java:doStop(318)) - Stopped ServerConnector@23e61112{HTTP/1.1,[http/1.1]}{0.0.0.0:0}
2019-08-28 20:35:50,338 [ForkJoinPool.commonPool-worker-0] INFO  handler.ContextHandler (ContextHandler.java:doStop(910)) - Stopped o.e.j.s.ServletContextHandler@71531dd7{/static,jar:file:/home/user/.m2/repository/org/apache/hadoop/hadoop-hdds-container-service/0.5.0-SNAPSHOT/hadoop-hdds-container-service-0.5.0-SNAPSHOT.jar!/webapps/static,UNAVAILABLE}
2019-08-28 20:35:50,340 [ForkJoinPool.commonPool-worker-0] INFO  handler.ContextHandler (ContextHandler.java:doStop(910)) - Stopped o.e.j.s.ServletContextHandler@6e95973c{/logs,file:///workdir/hadoop-ozone/integration-test/target/log,UNAVAILABLE}
2019-08-28 20:35:50,595 [Datanode State Machine Thread - 0] INFO  statemachine.DatanodeStateMachine (DatanodeStateMachine.java:lambda$startDaemon$0(350)) - Ozone container server started.
2019-08-28 20:35:50,804 [Datanode State Machine Thread - 0] INFO  statemachine.DatanodeStateMachine (DatanodeStateMachine.java:lambda$startDaemon$0(350)) - Ozone container server started.
2019-08-28 20:35:51,227 [grpc-default-executor-10] WARN  server.GrpcLogAppender (LogUtils.java:warn(134)) - 80e4eca2-6bb1-4714-bd4e-8b731fcc1ced->0e29188f-1bda-4147-b1c2-d5dce43dc229: Failed appendEntries: org.apache.ratis.thirdparty.io.grpc.StatusRuntimeException: UNAVAILABLE: io exception
2019-08-28 20:35:51,227 [grpc-default-executor-8] WARN  server.GrpcLogAppender (LogUtils.java:warn(134)) - 80e4eca2-6bb1-4714-bd4e-8b731fcc1ced->a907af4d-6e9b-43fc-a46a-782566b871fb: Failed appendEntries: org.apache.ratis.thirdparty.io.grpc.StatusRuntimeException: UNAVAILABLE: io exception
2019-08-28 20:35:51,228 [grpc-default-executor-10] INFO  impl.FollowerInfo (FollowerInfo.java:lambda$new$0(50)) - 80e4eca2-6bb1-4714-bd4e-8b731fcc1ced->0e29188f-1bda-4147-b1c2-d5dce43dc229: nextIndex: updateUnconditionally 16 -> 15
2019-08-28 20:35:51,228 [grpc-default-executor-8] INFO  impl.FollowerInfo (FollowerInfo.java:lambda$new$0(50)) - 80e4eca2-6bb1-4714-bd4e-8b731fcc1ced->a907af4d-6e9b-43fc-a46a-782566b871fb: nextIndex: updateUnconditionally 0 -> 0
2019-08-28 20:35:51,561 [grpc-default-executor-11] WARN  server.GrpcLogAppender (LogUtils.java:warn(134)) - 7428f0d9-f26c-473b-bcbc-c327f695592c->87d438d6-67b9-4b7c-91be-dfc928839b42: Failed appendEntries: org.apache.ratis.thirdparty.io.grpc.StatusRuntimeException: UNAVAILABLE: io exception
2019-08-28 20:35:51,561 [grpc-default-executor-11] INFO  impl.FollowerInfo (FollowerInfo.java:lambda$new$0(50)) - 7428f0d9-f26c-473b-bcbc-c327f695592c->87d438d6-67b9-4b7c-91be-dfc928839b42: nextIndex: updateUnconditionally 14 -> 13
2019-08-28 20:35:51,562 [grpc-default-executor-10] WARN  server.GrpcLogAppender (LogUtils.java:warn(134)) - 7428f0d9-f26c-473b-bcbc-c327f695592c->7fec90bb-c54b-43b1-bf43-d7f2b2685c16: Failed appendEntries: org.apache.ratis.thirdparty.io.grpc.StatusRuntimeException: UNAVAILABLE: io exception
2019-08-28 20:35:51,562 [grpc-default-executor-10] INFO  impl.FollowerInfo (FollowerInfo.java:lambda$new$0(50)) - 7428f0d9-f26c-473b-bcbc-c327f695592c->7fec90bb-c54b-43b1-bf43-d7f2b2685c16: nextIndex: updateUnconditionally 17 -> 16
2019-08-28 20:35:53,728 [grpc-default-executor-8] WARN  server.GrpcLogAppender (LogUtils.java:warn(134)) - 80e4eca2-6bb1-4714-bd4e-8b731fcc1ced->0e29188f-1bda-4147-b1c2-d5dce43dc229: Failed appendEntries: org.apache.ratis.thirdparty.io.grpc.StatusRuntimeException: UNAVAILABLE: io exception
2019-08-28 20:35:53,728 [grpc-default-executor-9] WARN  server.GrpcLogAppender (LogUtils.java:warn(134)) - 80e4eca2-6bb1-4714-bd4e-8b731fcc1ced->a907af4d-6e9b-43fc-a46a-782566b871fb: Failed appendEntries: org.apache.ratis.thirdparty.io.grpc.StatusRuntimeException: UNAVAILABLE: io exception
2019-08-28 20:35:53,729 [grpc-default-executor-8] INFO  impl.FollowerInfo (FollowerInfo.java:lambda$new$0(50)) - 80e4eca2-6bb1-4714-bd4e-8b731fcc1ced->0e29188f-1bda-4147-b1c2-d5dce43dc229: nextIndex: updateUnconditionally 15 -> 14
2019-08-28 20:35:53,729 [grpc-default-executor-9] INFO  impl.FollowerInfo (FollowerInfo.java:lambda$new$0(50)) - 80e4eca2-6bb1-4714-bd4e-8b731fcc1ced->a907af4d-6e9b-43fc-a46a-782566b871fb: nextIndex: updateUnconditionally 0 -> 0
2019-08-28 20:35:54,062 [grpc-default-executor-10] WARN  server.GrpcLogAppender (LogUtils.java:warn(134)) - 7428f0d9-f26c-473b-bcbc-c327f695592c->87d438d6-67b9-4b7c-91be-dfc928839b42: Failed appendEntries: org.apache.ratis.thirdparty.io.grpc.StatusRuntimeException: UNAVAILABLE: io exception
2019-08-28 20:35:54,062 [grpc-default-executor-11] WARN  server.GrpcLogAppender (LogUtils.java:warn(134)) - 7428f0d9-f26c-473b-bcbc-c327f695592c->7fec90bb-c54b-43b1-bf43-d7f2b2685c16: Failed appendEntries: org.apache.ratis.thirdparty.io.grpc.StatusRuntimeException: UNAVAILABLE: io exception
2019-08-28 20:35:54,062 [grpc-default-executor-10] INFO  impl.FollowerInfo (FollowerInfo.java:lambda$new$0(50)) - 7428f0d9-f26c-473b-bcbc-c327f695592c->87d438d6-67b9-4b7c-91be-dfc928839b42: nextIndex: updateUnconditionally 13 -> 12
2019-08-28 20:35:54,063 [grpc-default-executor-11] INFO  impl.FollowerInfo (FollowerInfo.java:lambda$new$0(50)) - 7428f0d9-f26c-473b-bcbc-c327f695592c->7fec90bb-c54b-43b1-bf43-d7f2b2685c16: nextIndex: updateUnconditionally 16 -> 15
2019-08-28 20:35:54,660 [EventQueue-StaleNodeForStaleNodeHandler] INFO  node.StaleNodeHandler (StaleNodeHandler.java:onMessage(58)) - Datanode 7428f0d9-f26c-473b-bcbc-c327f695592c{ip: 192.168.5.177, host: pr-hdds-2051-mwr8n-2748524799, networkLocation: /default-rack, certSerialId: null} moved to stale state. Finalizing its pipelines [PipelineID=46302ca2-fde8-499e-8c9a-e389d758e98e, PipelineID=03328a2e-9ab0-4b4f-80b8-d0aa1a9cb011]
2019-08-28 20:35:54,661 [EventQueue-StaleNodeForStaleNodeHandler] INFO  pipeline.SCMPipelineManager (SCMPipelineManager.java:finalizeAndDestroyPipeline(309)) - destroying pipeline:Pipeline[ Id: 46302ca2-fde8-499e-8c9a-e389d758e98e, Nodes: 7428f0d9-f26c-473b-bcbc-c327f695592c{ip: 192.168.5.177, host: pr-hdds-2051-mwr8n-2748524799, networkLocation: /default-rack, certSerialId: null}, Type:RATIS, Factor:ONE, State:OPEN]
2019-08-28 20:35:54,661 [EventQueue-StaleNodeForStaleNodeHandler] INFO  pipeline.PipelineStateManager (PipelineStateManager.java:finalizePipeline(123)) - Pipeline Pipeline[ Id: 46302ca2-fde8-499e-8c9a-e389d758e98e, Nodes: 7428f0d9-f26c-473b-bcbc-c327f695592c{ip: 192.168.5.177, host: pr-hdds-2051-mwr8n-2748524799, networkLocation: /default-rack, certSerialId: null}, Type:RATIS, Factor:ONE, State:CLOSED] moved to CLOSED state
2019-08-28 20:35:54,661 [EventQueue-StaleNodeForStaleNodeHandler] INFO  pipeline.SCMPipelineManager (SCMPipelineManager.java:finalizeAndDestroyPipeline(309)) - destroying pipeline:Pipeline[ Id: 03328a2e-9ab0-4b4f-80b8-d0aa1a9cb011, Nodes: 87d438d6-67b9-4b7c-91be-dfc928839b42{ip: 192.168.5.177, host: pr-hdds-2051-mwr8n-2748524799, networkLocation: /default-rack, certSerialId: null}7fec90bb-c54b-43b1-bf43-d7f2b2685c16{ip: 192.168.5.177, host: pr-hdds-2051-mwr8n-2748524799, networkLocation: /default-rack, certSerialId: null}7428f0d9-f26c-473b-bcbc-c327f695592c{ip: 192.168.5.177, host: pr-hdds-2051-mwr8n-2748524799, networkLocation: /default-rack, certSerialId: null}, Type:RATIS, Factor:THREE, State:CLOSED]
2019-08-28 20:35:54,861 [EventQueue-StaleNodeForStaleNodeHandler] INFO  node.StaleNodeHandler (StaleNodeHandler.java:onMessage(58)) - Datanode 80e4eca2-6bb1-4714-bd4e-8b731fcc1ced{ip: 192.168.5.177, host: pr-hdds-2051-mwr8n-2748524799, networkLocation: /default-rack, certSerialId: null} moved to stale state. Finalizing its pipelines [PipelineID=81486204-ab98-4c99-80a0-aee6acd4d1cf, PipelineID=2a518c8b-db88-404b-baec-32aae076c761]
2019-08-28 20:35:54,861 [EventQueue-StaleNodeForStaleNodeHandler] INFO  pipeline.SCMPipelineManager (SCMPipelineManager.java:finalizeAndDestroyPipeline(309)) - destroying pipeline:Pipeline[ Id: 81486204-ab98-4c99-80a0-aee6acd4d1cf, Nodes: a907af4d-6e9b-43fc-a46a-782566b871fb{ip: 192.168.5.177, host: pr-hdds-2051-mwr8n-2748524799, networkLocation: /default-rack, certSerialId: null}0e29188f-1bda-4147-b1c2-d5dce43dc229{ip: 192.168.5.177, host: pr-hdds-2051-mwr8n-2748524799, networkLocation: /default-rack, certSerialId: null}80e4eca2-6bb1-4714-bd4e-8b731fcc1ced{ip: 192.168.5.177, host: pr-hdds-2051-mwr8n-2748524799, networkLocation: /default-rack, certSerialId: null}, Type:RATIS, Factor:THREE, State:CLOSED]
2019-08-28 20:35:54,862 [EventQueue-StaleNodeForStaleNodeHandler] INFO  pipeline.SCMPipelineManager (SCMPipelineManager.java:finalizeAndDestroyPipeline(309)) - destroying pipeline:Pipeline[ Id: 2a518c8b-db88-404b-baec-32aae076c761, Nodes: 80e4eca2-6bb1-4714-bd4e-8b731fcc1ced{ip: 192.168.5.177, host: pr-hdds-2051-mwr8n-2748524799, networkLocation: /default-rack, certSerialId: null}, Type:RATIS, Factor:ONE, State:OPEN]
2019-08-28 20:35:54,862 [EventQueue-StaleNodeForStaleNodeHandler] INFO  pipeline.PipelineStateManager (PipelineStateManager.java:finalizePipeline(123)) - Pipeline Pipeline[ Id: 2a518c8b-db88-404b-baec-32aae076c761, Nodes: 80e4eca2-6bb1-4714-bd4e-8b731fcc1ced{ip: 192.168.5.177, host: pr-hdds-2051-mwr8n-2748524799, networkLocation: /default-rack, certSerialId: null}, Type:RATIS, Factor:ONE, State:CLOSED] moved to CLOSED state
2019-08-28 20:35:55,310 [main] INFO  ozoneimpl.OzoneContainer (OzoneContainer.java:stop(215)) - Attempting to stop container services.
2019-08-28 20:35:55,311 [main] INFO  impl.RaftServerProxy (RaftServerProxy.java:lambda$close$4(314)) - 80e4eca2-6bb1-4714-bd4e-8b731fcc1ced: close
2019-08-28 20:35:55,312 [main] INFO  impl.RaftServerImpl (RaftServerImpl.java:lambda$shutdown$3(245)) - 80e4eca2-6bb1-4714-bd4e-8b731fcc1ced: shutdown group-AEE6ACD4D1CF
2019-08-28 20:35:55,312 [main] INFO  util.JmxRegister (JmxRegister.java:unregister(73)) - Successfully un-registered JMX Bean with object name Ratis:service=RaftServer,group=group-AEE6ACD4D1CF,id=80e4eca2-6bb1-4714-bd4e-8b731fcc1ced
2019-08-28 20:35:55,312 [main] INFO  impl.RoleInfo (RoleInfo.java:shutdownLeaderState(104)) - 80e4eca2-6bb1-4714-bd4e-8b731fcc1ced: shutdown LeaderState
2019-08-28 20:35:55,316 [main] INFO  impl.PendingRequests (PendingRequests.java:sendNotLeaderResponses(202)) - 80e4eca2-6bb1-4714-bd4e-8b731fcc1ced-PendingRequests: sendNotLeaderResponses
2019-08-28 20:35:55,316 [org.apache.ratis.server.impl.LogAppender$AppenderDaemon$$Lambda$507/1310115435@1683a8d0] WARN  server.GrpcLogAppender (GrpcLogAppender.java:mayWait(143)) - GrpcLogAppender(80e4eca2-6bb1-4714-bd4e-8b731fcc1ced->0e29188f-1bda-4147-b1c2-d5dce43dc229): Wait interrupted by java.lang.InterruptedException
2019-08-28 20:35:55,316 [org.apache.ratis.server.impl.LogAppender$AppenderDaemon$$Lambda$507/1310115435@688e62f3] WARN  server.GrpcLogAppender (GrpcLogAppender.java:mayWait(143)) - GrpcLogAppender(80e4eca2-6bb1-4714-bd4e-8b731fcc1ced->a907af4d-6e9b-43fc-a46a-782566b871fb): Wait interrupted by java.lang.InterruptedException
2019-08-28 20:35:55,317 [main] INFO  impl.StateMachineUpdater (StateMachineUpdater.java:stopAndJoin(115)) - StateMachineUpdater:80e4eca2-6bb1-4714-bd4e-8b731fcc1ced:group-AEE6ACD4D1CF: set stopIndex = 18
2019-08-28 20:35:55,317 [StateMachineUpdater:80e4eca2-6bb1-4714-bd4e-8b731fcc1ced:group-AEE6ACD4D1CF] INFO  ratis.ContainerStateMachine (ContainerStateMachine.java:takeSnapshot(284)) - group-AEE6ACD4D1CF: Taking a snapshot at:(t:1, i:14) file /workdir/hadoop-ozone/integration-test/target/test-dir/MiniOzoneClusterImpl-9f674b4b-7f24-464f-99b8-bd3e1a4ceab8/datanode-5/data/ratis/81486204-ab98-4c99-80a0-aee6acd4d1cf/sm/snapshot.1_14
2019-08-28 20:35:55,332 [StateMachineUpdater:80e4eca2-6bb1-4714-bd4e-8b731fcc1ced:group-AEE6ACD4D1CF] INFO  ratis.ContainerStateMachine (ContainerStateMachine.java:takeSnapshot(295)) - group-AEE6ACD4D1CF: Finished taking a snapshot at:(t:1, i:14) file:/workdir/hadoop-ozone/integration-test/target/test-dir/MiniOzoneClusterImpl-9f674b4b-7f24-464f-99b8-bd3e1a4ceab8/datanode-5/data/ratis/81486204-ab98-4c99-80a0-aee6acd4d1cf/sm/snapshot.1_14 time:15
2019-08-28 20:35:55,332 [StateMachineUpdater:80e4eca2-6bb1-4714-bd4e-8b731fcc1ced:group-AEE6ACD4D1CF] INFO  impl.StateMachineUpdater (StateMachineUpdater.java:takeSnapshot(242)) - StateMachineUpdater:80e4eca2-6bb1-4714-bd4e-8b731fcc1ced:group-AEE6ACD4D1CF: Took a snapshot at index 14
2019-08-28 20:35:55,332 [StateMachineUpdater:80e4eca2-6bb1-4714-bd4e-8b731fcc1ced:group-AEE6ACD4D1CF] INFO  impl.StateMachineUpdater (StateMachineUpdater.java:lambda$new$0(80)) - StateMachineUpdater:80e4eca2-6bb1-4714-bd4e-8b731fcc1ced:group-AEE6ACD4D1CF: snapshotIndex: updateIncreasingly -1 -> 14
2019-08-28 20:35:55,333 [main] INFO  impl.RaftServerImpl (ServerState.java:close(394)) - 80e4eca2-6bb1-4714-bd4e-8b731fcc1ced:group-AEE6ACD4D1CF closes. The last applied log index is 18
2019-08-28 20:35:55,333 [80e4eca2-6bb1-4714-bd4e-8b731fcc1ced-SegmentedRaftLogWorker:Storage Directory /workdir/hadoop-ozone/integration-test/target/test-dir/MiniOzoneClusterImpl-9f674b4b-7f24-464f-99b8-bd3e1a4ceab8/datanode-5/data/ratis/81486204-ab98-4c99-80a0-aee6acd4d1cf] INFO  segmented.SegmentedRaftLogWorker (SegmentedRaftLogWorker.java:run(313)) - 80e4eca2-6bb1-4714-bd4e-8b731fcc1ced-SegmentedRaftLogWorker:Storage Directory /workdir/hadoop-ozone/integration-test/target/test-dir/MiniOzoneClusterImpl-9f674b4b-7f24-464f-99b8-bd3e1a4ceab8/datanode-5/data/ratis/81486204-ab98-4c99-80a0-aee6acd4d1cf was interrupted, exiting. There are 0 tasks remaining in the queue.
2019-08-28 20:35:55,335 [main] INFO  segmented.SegmentedRaftLogWorker (SegmentedRaftLogWorker.java:close(228)) - 80e4eca2-6bb1-4714-bd4e-8b731fcc1ced-SegmentedRaftLogWorker:Storage Directory /workdir/hadoop-ozone/integration-test/target/test-dir/MiniOzoneClusterImpl-9f674b4b-7f24-464f-99b8-bd3e1a4ceab8/datanode-5/data/ratis/81486204-ab98-4c99-80a0-aee6acd4d1cf close()
2019-08-28 20:35:55,337 [main] INFO  impl.RaftServerImpl (RaftServerImpl.java:lambda$shutdown$3(245)) - 80e4eca2-6bb1-4714-bd4e-8b731fcc1ced: shutdown group-32AAE076C761
2019-08-28 20:35:55,338 [main] INFO  util.JmxRegister (JmxRegister.java:unregister(73)) - Successfully un-registered JMX Bean with object name Ratis:service=RaftServer,group=group-32AAE076C761,id=80e4eca2-6bb1-4714-bd4e-8b731fcc1ced
2019-08-28 20:35:55,338 [main] INFO  impl.RoleInfo (RoleInfo.java:shutdownLeaderState(104)) - 80e4eca2-6bb1-4714-bd4e-8b731fcc1ced: shutdown LeaderState
2019-08-28 20:35:55,339 [main] INFO  impl.PendingRequests (PendingRequests.java:sendNotLeaderResponses(202)) - 80e4eca2-6bb1-4714-bd4e-8b731fcc1ced-PendingRequests: sendNotLeaderResponses
2019-08-28 20:35:55,339 [main] INFO  impl.StateMachineUpdater (StateMachineUpdater.java:stopAndJoin(115)) - StateMachineUpdater:80e4eca2-6bb1-4714-bd4e-8b731fcc1ced:group-32AAE076C761: set stopIndex = 0
2019-08-28 20:35:55,340 [main] INFO  impl.RaftServerImpl (ServerState.java:close(394)) - 80e4eca2-6bb1-4714-bd4e-8b731fcc1ced:group-32AAE076C761 closes. The last applied log index is 0
2019-08-28 20:35:55,341 [80e4eca2-6bb1-4714-bd4e-8b731fcc1ced-SegmentedRaftLogWorker:Storage Directory /workdir/hadoop-ozone/integration-test/target/test-dir/MiniOzoneClusterImpl-9f674b4b-7f24-464f-99b8-bd3e1a4ceab8/datanode-5/data/ratis/2a518c8b-db88-404b-baec-32aae076c761] INFO  segmented.SegmentedRaftLogWorker (SegmentedRaftLogWorker.java:run(313)) - 80e4eca2-6bb1-4714-bd4e-8b731fcc1ced-SegmentedRaftLogWorker:Storage Directory /workdir/hadoop-ozone/integration-test/target/test-dir/MiniOzoneClusterImpl-9f674b4b-7f24-464f-99b8-bd3e1a4ceab8/datanode-5/data/ratis/2a518c8b-db88-404b-baec-32aae076c761 was interrupted, exiting. There are 0 tasks remaining in the queue.
2019-08-28 20:35:55,342 [main] INFO  segmented.SegmentedRaftLogWorker (SegmentedRaftLogWorker.java:close(228)) - 80e4eca2-6bb1-4714-bd4e-8b731fcc1ced-SegmentedRaftLogWorker:Storage Directory /workdir/hadoop-ozone/integration-test/target/test-dir/MiniOzoneClusterImpl-9f674b4b-7f24-464f-99b8-bd3e1a4ceab8/datanode-5/data/ratis/2a518c8b-db88-404b-baec-32aae076c761 close()
2019-08-28 20:35:55,343 [ForkJoinPool.commonPool-worker-0] INFO  ozoneimpl.OzoneContainer (OzoneContainer.java:stop(215)) - Attempting to stop container services.
2019-08-28 20:35:55,346 [main] INFO  server.GrpcService (GrpcService.java:closeImpl(155)) - 80e4eca2-6bb1-4714-bd4e-8b731fcc1ced: shutdown server with port 34228 now
2019-08-28 20:35:55,346 [ForkJoinPool.commonPool-worker-0] INFO  impl.RaftServerProxy (RaftServerProxy.java:lambda$close$4(314)) - 7428f0d9-f26c-473b-bcbc-c327f695592c: close
2019-08-28 20:35:55,346 [ForkJoinPool.commonPool-worker-0] INFO  impl.RaftServerImpl (RaftServerImpl.java:lambda$shutdown$3(245)) - 7428f0d9-f26c-473b-bcbc-c327f695592c: shutdown group-E389D758E98E
2019-08-28 20:35:55,347 [main] INFO  server.GrpcService (GrpcService.java:closeImpl(163)) - 80e4eca2-6bb1-4714-bd4e-8b731fcc1ced: shutdown server with port 34228 successfully
2019-08-28 20:35:55,347 [ForkJoinPool.commonPool-worker-0] INFO  util.JmxRegister (JmxRegister.java:unregister(73)) - Successfully un-registered JMX Bean with object name Ratis:service=RaftServer,group=group-E389D758E98E,id=7428f0d9-f26c-473b-bcbc-c327f695592c
2019-08-28 20:35:55,347 [ForkJoinPool.commonPool-worker-0] INFO  impl.RoleInfo (RoleInfo.java:shutdownLeaderState(104)) - 7428f0d9-f26c-473b-bcbc-c327f695592c: shutdown LeaderState
2019-08-28 20:35:55,348 [ForkJoinPool.commonPool-worker-0] INFO  impl.PendingRequests (PendingRequests.java:sendNotLeaderResponses(202)) - 7428f0d9-f26c-473b-bcbc-c327f695592c-PendingRequests: sendNotLeaderResponses
2019-08-28 20:35:55,348 [ForkJoinPool.commonPool-worker-0] INFO  impl.StateMachineUpdater (StateMachineUpdater.java:stopAndJoin(115)) - StateMachineUpdater:7428f0d9-f26c-473b-bcbc-c327f695592c:group-E389D758E98E: set stopIndex = 0
2019-08-28 20:35:55,349 [ForkJoinPool.commonPool-worker-0] INFO  impl.RaftServerImpl (ServerState.java:close(394)) - 7428f0d9-f26c-473b-bcbc-c327f695592c:group-E389D758E98E closes. The last applied log index is 0
2019-08-28 20:35:55,350 [7428f0d9-f26c-473b-bcbc-c327f695592c-SegmentedRaftLogWorker:Storage Directory /workdir/hadoop-ozone/integration-test/target/test-dir/MiniOzoneClusterImpl-9f674b4b-7f24-464f-99b8-bd3e1a4ceab8/datanode-0/data/ratis/46302ca2-fde8-499e-8c9a-e389d758e98e] INFO  segmented.SegmentedRaftLogWorker (SegmentedRaftLogWorker.java:run(313)) - 7428f0d9-f26c-473b-bcbc-c327f695592c-SegmentedRaftLogWorker:Storage Directory /workdir/hadoop-ozone/integration-test/target/test-dir/MiniOzoneClusterImpl-9f674b4b-7f24-464f-99b8-bd3e1a4ceab8/datanode-0/data/ratis/46302ca2-fde8-499e-8c9a-e389d758e98e was interrupted, exiting. There are 0 tasks remaining in the queue.
2019-08-28 20:35:55,352 [refreshUsed-/workdir/hadoop-ozone/integration-test/target/test-dir/MiniOzoneClusterImpl-9f674b4b-7f24-464f-99b8-bd3e1a4ceab8/datanode-5/data/containers] WARN  fs.CachingGetSpaceUsed (CachingGetSpaceUsed.java:run(183)) - Thread Interrupted waiting to refresh disk information: sleep interrupted
2019-08-28 20:35:55,352 [ForkJoinPool.commonPool-worker-0] INFO  segmented.SegmentedRaftLogWorker (SegmentedRaftLogWorker.java:close(228)) - 7428f0d9-f26c-473b-bcbc-c327f695592c-SegmentedRaftLogWorker:Storage Directory /workdir/hadoop-ozone/integration-test/target/test-dir/MiniOzoneClusterImpl-9f674b4b-7f24-464f-99b8-bd3e1a4ceab8/datanode-0/data/ratis/46302ca2-fde8-499e-8c9a-e389d758e98e close()
2019-08-28 20:35:55,355 [ForkJoinPool.commonPool-worker-0] INFO  impl.RaftServerImpl (RaftServerImpl.java:lambda$shutdown$3(245)) - 7428f0d9-f26c-473b-bcbc-c327f695592c: shutdown group-D0AA1A9CB011
2019-08-28 20:35:55,356 [ForkJoinPool.commonPool-worker-0] INFO  util.JmxRegister (JmxRegister.java:unregister(73)) - Successfully un-registered JMX Bean with object name Ratis:service=RaftServer,group=group-D0AA1A9CB011,id=7428f0d9-f26c-473b-bcbc-c327f695592c
2019-08-28 20:35:55,358 [ForkJoinPool.commonPool-worker-0] INFO  impl.RoleInfo (RoleInfo.java:shutdownLeaderState(104)) - 7428f0d9-f26c-473b-bcbc-c327f695592c: shutdown LeaderState
2019-08-28 20:35:55,358 [ForkJoinPool.commonPool-worker-0] INFO  impl.PendingRequests (PendingRequests.java:sendNotLeaderResponses(202)) - 7428f0d9-f26c-473b-bcbc-c327f695592c-PendingRequests: sendNotLeaderResponses
2019-08-28 20:35:55,358 [org.apache.ratis.server.impl.LogAppender$AppenderDaemon$$Lambda$507/1310115435@3a5d8508] WARN  server.GrpcLogAppender (GrpcLogAppender.java:mayWait(143)) - GrpcLogAppender(7428f0d9-f26c-473b-bcbc-c327f695592c->87d438d6-67b9-4b7c-91be-dfc928839b42): Wait interrupted by java.lang.InterruptedException
2019-08-28 20:35:55,358 [org.apache.ratis.server.impl.LogAppender$AppenderDaemon$$Lambda$507/1310115435@7f5f0c27] WARN  server.GrpcLogAppender (GrpcLogAppender.java:mayWait(143)) - GrpcLogAppender(7428f0d9-f26c-473b-bcbc-c327f695592c->7fec90bb-c54b-43b1-bf43-d7f2b2685c16): Wait interrupted by java.lang.InterruptedException
2019-08-28 20:35:55,361 [ForkJoinPool.commonPool-worker-0] INFO  impl.StateMachineUpdater (StateMachineUpdater.java:stopAndJoin(115)) - StateMachineUpdater:7428f0d9-f26c-473b-bcbc-c327f695592c:group-D0AA1A9CB011: set stopIndex = 17
2019-08-28 20:35:55,361 [StateMachineUpdater:7428f0d9-f26c-473b-bcbc-c327f695592c:group-D0AA1A9CB011] INFO  ratis.ContainerStateMachine (ContainerStateMachine.java:takeSnapshot(284)) - group-D0AA1A9CB011: Taking a snapshot at:(t:1, i:17) file /workdir/hadoop-ozone/integration-test/target/test-dir/MiniOzoneClusterImpl-9f674b4b-7f24-464f-99b8-bd3e1a4ceab8/datanode-0/data/ratis/03328a2e-9ab0-4b4f-80b8-d0aa1a9cb011/sm/snapshot.1_17
2019-08-28 20:35:55,380 [main] INFO  utils.BackgroundService (BackgroundService.java:shutdown(148)) - Shutting down service BlockDeletingService
2019-08-28 20:35:55,387 [main] INFO  statemachine.DatanodeStateMachine (DatanodeStateMachine.java:stopDaemon(395)) - Ozone container server stopped.
2019-08-28 20:35:55,387 [StateMachineUpdater:7428f0d9-f26c-473b-bcbc-c327f695592c:group-D0AA1A9CB011] INFO  ratis.ContainerStateMachine (ContainerStateMachine.java:takeSnapshot(295)) - group-D0AA1A9CB011: Finished taking a snapshot at:(t:1, i:17) file:/workdir/hadoop-ozone/integration-test/target/test-dir/MiniOzoneClusterImpl-9f674b4b-7f24-464f-99b8-bd3e1a4ceab8/datanode-0/data/ratis/03328a2e-9ab0-4b4f-80b8-d0aa1a9cb011/sm/snapshot.1_17 time:26
2019-08-28 20:35:55,388 [StateMachineUpdater:7428f0d9-f26c-473b-bcbc-c327f695592c:group-D0AA1A9CB011] INFO  impl.StateMachineUpdater (StateMachineUpdater.java:takeSnapshot(242)) - StateMachineUpdater:7428f0d9-f26c-473b-bcbc-c327f695592c:group-D0AA1A9CB011: Took a snapshot at index 17
2019-08-28 20:35:55,388 [StateMachineUpdater:7428f0d9-f26c-473b-bcbc-c327f695592c:group-D0AA1A9CB011] INFO  impl.StateMachineUpdater (StateMachineUpdater.java:lambda$new$0(80)) - StateMachineUpdater:7428f0d9-f26c-473b-bcbc-c327f695592c:group-D0AA1A9CB011: snapshotIndex: updateIncreasingly -1 -> 17
2019-08-28 20:35:55,388 [ForkJoinPool.commonPool-worker-0] INFO  impl.RaftServerImpl (ServerState.java:close(394)) - 7428f0d9-f26c-473b-bcbc-c327f695592c:group-D0AA1A9CB011 closes. The last applied log index is 17
2019-08-28 20:35:55,389 [7428f0d9-f26c-473b-bcbc-c327f695592c-SegmentedRaftLogWorker:Storage Directory /workdir/hadoop-ozone/integration-test/target/test-dir/MiniOzoneClusterImpl-9f674b4b-7f24-464f-99b8-bd3e1a4ceab8/datanode-0/data/ratis/03328a2e-9ab0-4b4f-80b8-d0aa1a9cb011] INFO  segmented.SegmentedRaftLogWorker (SegmentedRaftLogWorker.java:run(313)) - 7428f0d9-f26c-473b-bcbc-c327f695592c-SegmentedRaftLogWorker:Storage Directory /workdir/hadoop-ozone/integration-test/target/test-dir/MiniOzoneClusterImpl-9f674b4b-7f24-464f-99b8-bd3e1a4ceab8/datanode-0/data/ratis/03328a2e-9ab0-4b4f-80b8-d0aa1a9cb011 was interrupted, exiting. There are 0 tasks remaining in the queue.
2019-08-28 20:35:55,389 [main] INFO  handler.ContextHandler (ContextHandler.java:doStop(910)) - Stopped o.e.j.w.WebAppContext@62ea8931{/,null,UNAVAILABLE}{/hddsDatanode}
2019-08-28 20:35:55,391 [ForkJoinPool.commonPool-worker-0] INFO  segmented.SegmentedRaftLogWorker (SegmentedRaftLogWorker.java:close(228)) - 7428f0d9-f26c-473b-bcbc-c327f695592c-SegmentedRaftLogWorker:Storage Directory /workdir/hadoop-ozone/integration-test/target/test-dir/MiniOzoneClusterImpl-9f674b4b-7f24-464f-99b8-bd3e1a4ceab8/datanode-0/data/ratis/03328a2e-9ab0-4b4f-80b8-d0aa1a9cb011 close()
2019-08-28 20:35:55,396 [ForkJoinPool.commonPool-worker-0] INFO  server.GrpcService (GrpcService.java:closeImpl(155)) - 7428f0d9-f26c-473b-bcbc-c327f695592c: shutdown server with port 43772 now
2019-08-28 20:35:55,397 [main] INFO  server.AbstractConnector (AbstractConnector.java:doStop(318)) - Stopped ServerConnector@47fb7ec9{HTTP/1.1,[http/1.1]}{0.0.0.0:0}
2019-08-28 20:35:55,397 [main] INFO  handler.ContextHandler (ContextHandler.java:doStop(910)) - Stopped o.e.j.s.ServletContextHandler@222acad{/static,jar:file:/home/user/.m2/repository/org/apache/hadoop/hadoop-hdds-container-service/0.5.0-SNAPSHOT/hadoop-hdds-container-service-0.5.0-SNAPSHOT.jar!/webapps/static,UNAVAILABLE}
2019-08-28 20:35:55,397 [ForkJoinPool.commonPool-worker-0] INFO  server.GrpcService (GrpcService.java:closeImpl(163)) - 7428f0d9-f26c-473b-bcbc-c327f695592c: shutdown server with port 43772 successfully
2019-08-28 20:35:55,397 [grpc-default-executor-10] WARN  client.GrpcClientProtocolService (LogUtils.java:warn(134)) - 1-UnorderedRequestStreamObserver1: onError: org.apache.ratis.thirdparty.io.grpc.StatusRuntimeException: CANCELLED: cancelled before receiving half close
2019-08-28 20:35:55,398 [main] INFO  handler.ContextHandler (ContextHandler.java:doStop(910)) - Stopped o.e.j.s.ServletContextHandler@11e71181{/logs,file:///workdir/hadoop-ozone/integration-test/target/log,UNAVAILABLE}
2019-08-28 20:35:55,401 [refreshUsed-/workdir/hadoop-ozone/integration-test/target/test-dir/MiniOzoneClusterImpl-9f674b4b-7f24-464f-99b8-bd3e1a4ceab8/datanode-0/data/containers] WARN  fs.CachingGetSpaceUsed (CachingGetSpaceUsed.java:run(183)) - Thread Interrupted waiting to refresh disk information: sleep interrupted
2019-08-28 20:35:55,416 [ForkJoinPool.commonPool-worker-0] INFO  utils.BackgroundService (BackgroundService.java:shutdown(148)) - Shutting down service BlockDeletingService
2019-08-28 20:35:55,418 [ForkJoinPool.commonPool-worker-0] INFO  statemachine.DatanodeStateMachine (DatanodeStateMachine.java:stopDaemon(395)) - Ozone container server stopped.
2019-08-28 20:35:55,421 [ForkJoinPool.commonPool-worker-0] INFO  handler.ContextHandler (ContextHandler.java:doStop(910)) - Stopped o.e.j.w.WebAppContext@48e41b5d{/,null,UNAVAILABLE}{/hddsDatanode}
2019-08-28 20:35:55,422 [ForkJoinPool.commonPool-worker-0] INFO  server.AbstractConnector (AbstractConnector.java:doStop(318)) - Stopped ServerConnector@51e8d066{HTTP/1.1,[http/1.1]}{0.0.0.0:0}
2019-08-28 20:35:55,423 [ForkJoinPool.commonPool-worker-0] INFO  handler.ContextHandler (ContextHandler.java:doStop(910)) - Stopped o.e.j.s.ServletContextHandler@175c5c3a{/static,jar:file:/home/user/.m2/repository/org/apache/hadoop/hadoop-hdds-container-service/0.5.0-SNAPSHOT/hadoop-hdds-container-service-0.5.0-SNAPSHOT.jar!/webapps/static,UNAVAILABLE}
2019-08-28 20:35:55,424 [ForkJoinPool.commonPool-worker-0] INFO  handler.ContextHandler (ContextHandler.java:doStop(910)) - Stopped o.e.j.s.ServletContextHandler@430df350{/logs,file:///workdir/hadoop-ozone/integration-test/target/log,UNAVAILABLE}
2019-08-28 20:35:55,425 [main] INFO  ozone.MiniOzoneClusterImpl (MiniOzoneClusterImpl.java:stop(339)) - Stopping the StorageContainerManager
2019-08-28 20:35:55,425 [main] INFO  server.StorageContainerManager (StorageContainerManager.java:stop(797)) - Stopping Replication Manager Service.
2019-08-28 20:35:55,425 [main] INFO  container.ReplicationManager (ReplicationManager.java:stop(193)) - Stopping Replication Monitor Thread.
2019-08-28 20:35:55,425 [main] INFO  server.StorageContainerManager (StorageContainerManager.java:stop(804)) - Stopping Lease Manager of the command watchers
2019-08-28 20:35:55,425 [main] INFO  server.StorageContainerManager (StorageContainerManager.java:stop(811)) - Stopping datanode service RPC server
2019-08-28 20:35:55,426 [main] INFO  server.SCMDatanodeProtocolServer (SCMDatanodeProtocolServer.java:stop(367)) - Stopping the RPC server for DataNodes
2019-08-28 20:35:55,426 [main] INFO  ipc.Server (Server.java:stop(3082)) - Stopping server on 39826
2019-08-28 20:35:55,429 [IPC Server listener on 39826] INFO  ipc.Server (Server.java:run(1185)) - Stopping IPC Server listener on 39826
2019-08-28 20:35:55,429 [IPC Server Responder] INFO  ipc.Server (Server.java:run(1319)) - Stopping IPC Server Responder
2019-08-28 20:35:55,461 [SCM Heartbeat Processing Thread - 0] WARN  node.NodeStateManager (NodeStateManager.java:scheduleNextHealthCheck(646)) - Current Thread is interrupted, shutting down HB processing thread for Node Manager.
2019-08-28 20:35:55,462 [main] INFO  server.StorageContainerManager (StorageContainerManager.java:stop(819)) - Stopping block service RPC server
2019-08-28 20:35:55,462 [main] INFO  server.SCMBlockProtocolServer (SCMBlockProtocolServer.java:stop(149)) - Stopping the RPC server for Block Protocol
2019-08-28 20:35:55,462 [main] INFO  ipc.Server (Server.java:stop(3082)) - Stopping server on 39114
2019-08-28 20:35:55,464 [IPC Server listener on 39114] INFO  ipc.Server (Server.java:run(1185)) - Stopping IPC Server listener on 39114
2019-08-28 20:35:55,464 [main] INFO  server.StorageContainerManager (StorageContainerManager.java:stop(826)) - Stopping the StorageContainerLocationProtocol RPC server
2019-08-28 20:35:55,466 [IPC Server Responder] INFO  ipc.Server (Server.java:run(1319)) - Stopping IPC Server Responder
2019-08-28 20:35:55,466 [main] INFO  server.SCMClientProtocolServer (SCMClientProtocolServer.java:stop(159)) - Stopping the RPC server for Client Protocol
2019-08-28 20:35:55,466 [main] INFO  ipc.Server (Server.java:stop(3082)) - Stopping server on 43303
2019-08-28 20:35:55,469 [main] INFO  server.StorageContainerManager (StorageContainerManager.java:stop(833)) - Stopping Storage Container Manager HTTP server.
2019-08-28 20:35:55,469 [IPC Server listener on 43303] INFO  ipc.Server (Server.java:run(1185)) - Stopping IPC Server listener on 43303
2019-08-28 20:35:55,469 [IPC Server Responder] INFO  ipc.Server (Server.java:run(1319)) - Stopping IPC Server Responder
2019-08-28 20:35:55,471 [main] INFO  handler.ContextHandler (ContextHandler.java:doStop(910)) - Stopped o.e.j.w.WebAppContext@51888019{/,null,UNAVAILABLE}{/scm}
2019-08-28 20:35:55,472 [main] INFO  server.AbstractConnector (AbstractConnector.java:doStop(318)) - Stopped ServerConnector@6f50d55c{HTTP/1.1,[http/1.1]}{0.0.0.0:0}
2019-08-28 20:35:55,472 [main] INFO  handler.ContextHandler (ContextHandler.java:doStop(910)) - Stopped o.e.j.s.ServletContextHandler@64f4f12{/static,file:///workdir/hadoop-ozone/integration-test/target/test-classes/webapps/static,UNAVAILABLE}
2019-08-28 20:35:55,473 [main] INFO  handler.ContextHandler (ContextHandler.java:doStop(910)) - Stopped o.e.j.s.ServletContextHandler@599f1b7{/logs,file:///workdir/hadoop-ozone/integration-test/target/log,UNAVAILABLE}
2019-08-28 20:35:55,474 [main] INFO  server.StorageContainerManager (StorageContainerManager.java:stop(844)) - Stopping Block Manager Service.
2019-08-28 20:35:55,474 [main] INFO  utils.BackgroundService (BackgroundService.java:shutdown(148)) - Shutting down service SCMBlockDeletingService
2019-08-28 20:35:55,475 [main] INFO  utils.BackgroundService (BackgroundService.java:shutdown(148)) - Shutting down service SCMBlockDeletingService
2019-08-28 20:35:55,475 [main] INFO  server.StorageContainerManager (StorageContainerManager.java:stop(866)) - Stopping SCM Event Queue.
2019-08-28 20:35:55,480 [main] INFO  impl.MetricsSystemImpl (MetricsSystemImpl.java:stop(210)) - Stopping HddsDatanode metrics system...
2019-08-28 20:35:55,493 [main] INFO  impl.MetricsSystemImpl (MetricsSystemImpl.java:stop(216)) - HddsDatanode metrics system stopped.
]]></system-out>
  </testcase>
  <testcase name="testFailureWithPrimeSizedData" classname="org.apache.hadoop.ozone.client.rpc.TestBlockOutputStreamWithFailures" time="38.203">
    <failure message="expected:&lt;72&gt; but was:&lt;74&gt;" type="java.lang.AssertionError"><![CDATA[java.lang.AssertionError: expected:<72> but was:<74>
	at org.junit.Assert.fail(Assert.java:88)
	at org.junit.Assert.failNotEquals(Assert.java:743)
	at org.junit.Assert.assertEquals(Assert.java:118)
	at org.junit.Assert.assertEquals(Assert.java:555)
	at org.junit.Assert.assertEquals(Assert.java:542)
	at org.apache.hadoop.ozone.client.rpc.TestBlockOutputStreamWithFailures.testFailureWithPrimeSizedData(TestBlockOutputStreamWithFailures.java:605)
	at sun.reflect.NativeMethodAccessorImpl.invoke0(Native Method)
	at sun.reflect.NativeMethodAccessorImpl.invoke(NativeMethodAccessorImpl.java:62)
	at sun.reflect.DelegatingMethodAccessorImpl.invoke(DelegatingMethodAccessorImpl.java:43)
	at java.lang.reflect.Method.invoke(Method.java:498)
	at org.junit.runners.model.FrameworkMethod$1.runReflectiveCall(FrameworkMethod.java:47)
	at org.junit.internal.runners.model.ReflectiveCallable.run(ReflectiveCallable.java:12)
	at org.junit.runners.model.FrameworkMethod.invokeExplosively(FrameworkMethod.java:44)
	at org.junit.internal.runners.statements.InvokeMethod.evaluate(InvokeMethod.java:17)
	at org.junit.internal.runners.statements.RunBefores.evaluate(RunBefores.java:26)
	at org.junit.internal.runners.statements.RunAfters.evaluate(RunAfters.java:27)
	at org.junit.runners.ParentRunner.runLeaf(ParentRunner.java:271)
	at org.junit.runners.BlockJUnit4ClassRunner.runChild(BlockJUnit4ClassRunner.java:70)
	at org.junit.runners.BlockJUnit4ClassRunner.runChild(BlockJUnit4ClassRunner.java:50)
	at org.junit.runners.ParentRunner$3.run(ParentRunner.java:238)
	at org.junit.runners.ParentRunner$1.schedule(ParentRunner.java:63)
	at org.junit.runners.ParentRunner.runChildren(ParentRunner.java:236)
	at org.junit.runners.ParentRunner.access$000(ParentRunner.java:53)
	at org.junit.runners.ParentRunner$2.evaluate(ParentRunner.java:229)
	at org.junit.runners.ParentRunner.run(ParentRunner.java:309)
	at org.apache.maven.surefire.junit4.JUnit4Provider.execute(JUnit4Provider.java:365)
	at org.apache.maven.surefire.junit4.JUnit4Provider.executeWithRerun(JUnit4Provider.java:273)
	at org.apache.maven.surefire.junit4.JUnit4Provider.executeTestSet(JUnit4Provider.java:238)
	at org.apache.maven.surefire.junit4.JUnit4Provider.invoke(JUnit4Provider.java:159)
	at org.apache.maven.surefire.booter.ForkedBooter.invokeProviderInSameClassLoader(ForkedBooter.java:384)
	at org.apache.maven.surefire.booter.ForkedBooter.runSuitesInProcess(ForkedBooter.java:345)
	at org.apache.maven.surefire.booter.ForkedBooter.execute(ForkedBooter.java:126)
	at org.apache.maven.surefire.booter.ForkedBooter.main(ForkedBooter.java:418)
]]></failure>
    <system-out><![CDATA[2019-08-28 20:35:55,553 [main] WARN  server.ServerUtils (ServerUtils.java:getScmDbDir(155)) - ozone.scm.db.dirs is not configured. We recommend adding this setting. Falling back to ozone.metadata.dirs instead.
2019-08-28 20:35:55,600 [main] WARN  server.ServerUtils (ServerUtils.java:getScmDbDir(155)) - ozone.scm.db.dirs is not configured. We recommend adding this setting. Falling back to ozone.metadata.dirs instead.
2019-08-28 20:35:55,601 [main] WARN  server.ServerUtils (ServerUtils.java:getScmDbDir(155)) - ozone.scm.db.dirs is not configured. We recommend adding this setting. Falling back to ozone.metadata.dirs instead.
2019-08-28 20:35:55,601 [main] INFO  db.DBStoreBuilder (DBStoreBuilder.java:addTable(110)) - using custom profile for table: deletedBlocks
2019-08-28 20:35:55,602 [main] INFO  db.DBStoreBuilder (DBStoreBuilder.java:processTables(161)) - Using default column profile:DBProfile.DISK for Table:deletedBlocks
2019-08-28 20:35:55,602 [main] INFO  db.DBStoreBuilder (DBStoreBuilder.java:addTable(110)) - using custom profile for table: validCerts
2019-08-28 20:35:55,602 [main] INFO  db.DBStoreBuilder (DBStoreBuilder.java:processTables(161)) - Using default column profile:DBProfile.DISK for Table:validCerts
2019-08-28 20:35:55,603 [main] INFO  db.DBStoreBuilder (DBStoreBuilder.java:addTable(110)) - using custom profile for table: revokedCerts
2019-08-28 20:35:55,603 [main] INFO  db.DBStoreBuilder (DBStoreBuilder.java:processTables(161)) - Using default column profile:DBProfile.DISK for Table:revokedCerts
2019-08-28 20:35:55,603 [main] INFO  db.DBStoreBuilder (DBStoreBuilder.java:addTable(110)) - using custom profile for table: default
2019-08-28 20:35:55,604 [main] INFO  db.DBStoreBuilder (DBStoreBuilder.java:processTables(167)) - Using default column profile:DBProfile.DISK for Table:default
2019-08-28 20:35:55,604 [main] INFO  db.DBStoreBuilder (DBStoreBuilder.java:getDbProfile(198)) - Using default options. DBProfile.DISK
2019-08-28 20:35:55,845 [main] INFO  net.NodeSchemaLoader (NodeSchemaLoader.java:loadSchemaFromFile(125)) - Loading file from sun.misc.CompoundEnumeration@207dd1b7
2019-08-28 20:35:55,845 [main] INFO  net.NodeSchemaLoader (NodeSchemaLoader.java:loadSchema(171)) - Loading network topology layer schema file
2019-08-28 20:35:55,852 [main] INFO  node.SCMNodeManager (SCMNodeManager.java:<init>(121)) - Entering startup safe mode.
2019-08-28 20:35:55,853 [main] INFO  algorithms.ContainerPlacementPolicyFactory (ContainerPlacementPolicyFactory.java:getPolicy(55)) - Create container placement policy of type org.apache.hadoop.hdds.scm.container.placement.algorithms.SCMContainerPlacementRandom
2019-08-28 20:35:55,853 [main] WARN  server.ServerUtils (ServerUtils.java:getScmDbDir(155)) - ozone.scm.db.dirs is not configured. We recommend adding this setting. Falling back to ozone.metadata.dirs instead.
2019-08-28 20:35:55,971 [main] INFO  pipeline.SCMPipelineManager (SCMPipelineManager.java:initializePipelineState(126)) - No pipeline exists in current db
2019-08-28 20:35:55,971 [main] WARN  server.ServerUtils (ServerUtils.java:getScmDbDir(155)) - ozone.scm.db.dirs is not configured. We recommend adding this setting. Falling back to ozone.metadata.dirs instead.
2019-08-28 20:35:56,059 [main] WARN  events.EventQueue (EventQueue.java:fireEvent(175)) - No event handler registered for event TypedEvent{payloadType=SafeModeStatus, name='SafeModeStatus'}
2019-08-28 20:35:56,060 [main] INFO  ipc.CallQueueManager (CallQueueManager.java:<init>(84)) - Using callQueue: class java.util.concurrent.LinkedBlockingQueue, queueCapacity: 2000, scheduler: class org.apache.hadoop.ipc.DefaultRpcScheduler, ipcBackoff: false.
2019-08-28 20:35:56,062 [Socket Reader #1 for port 41061] INFO  ipc.Server (Server.java:run(1074)) - Starting Socket Reader #1 for port 41061
2019-08-28 20:35:56,065 [main] INFO  ipc.CallQueueManager (CallQueueManager.java:<init>(84)) - Using callQueue: class java.util.concurrent.LinkedBlockingQueue, queueCapacity: 2000, scheduler: class org.apache.hadoop.ipc.DefaultRpcScheduler, ipcBackoff: false.
2019-08-28 20:35:56,066 [Socket Reader #1 for port 39376] INFO  ipc.Server (Server.java:run(1074)) - Starting Socket Reader #1 for port 39376
2019-08-28 20:35:56,067 [main] INFO  ipc.CallQueueManager (CallQueueManager.java:<init>(84)) - Using callQueue: class java.util.concurrent.LinkedBlockingQueue, queueCapacity: 2000, scheduler: class org.apache.hadoop.ipc.DefaultRpcScheduler, ipcBackoff: false.
2019-08-28 20:35:56,068 [Socket Reader #1 for port 35732] INFO  ipc.Server (Server.java:run(1074)) - Starting Socket Reader #1 for port 35732
2019-08-28 20:35:56,073 [main] INFO  hdfs.DFSUtil (DFSUtil.java:httpServerTemplateForNNAndJN(1641)) - Starting Web-server for scm at: http://0.0.0.0:0
2019-08-28 20:35:56,077 [main] INFO  server.AuthenticationFilter (AuthenticationFilter.java:constructSecretProvider(240)) - Unable to initialize FileSignerSecretProvider, falling back to use random secrets.
2019-08-28 20:35:56,077 [main] WARN  http.HttpRequestLog (HttpRequestLog.java:getRequestLog(97)) - Jetty request log can only be enabled using Log4j
2019-08-28 20:35:56,079 [main] INFO  http.HttpServer2 (HttpServer2.java:addGlobalFilter(975)) - Added global filter 'safety' (class=org.apache.hadoop.http.HttpServer2$QuotingInputFilter)
2019-08-28 20:35:56,080 [main] INFO  http.HttpServer2 (HttpServer2.java:addFilter(948)) - Added filter static_user_filter (class=org.apache.hadoop.http.lib.StaticUserWebFilter$StaticUserFilter) to context scm
2019-08-28 20:35:56,081 [main] INFO  http.HttpServer2 (HttpServer2.java:addFilter(958)) - Added filter static_user_filter (class=org.apache.hadoop.http.lib.StaticUserWebFilter$StaticUserFilter) to context logs
2019-08-28 20:35:56,081 [main] INFO  http.HttpServer2 (HttpServer2.java:addFilter(958)) - Added filter static_user_filter (class=org.apache.hadoop.http.lib.StaticUserWebFilter$StaticUserFilter) to context static
2019-08-28 20:35:56,083 [main] INFO  server.StorageContainerManager (StorageContainerManager.java:start(759)) - StorageContainerLocationProtocol RPC server is listening at /0.0.0.0:35732
2019-08-28 20:35:56,086 [main] WARN  impl.MetricsConfig (MetricsConfig.java:loadFirst(134)) - Cannot locate configuration: tried hadoop-metrics2-storagecontainermanager.properties,hadoop-metrics2.properties
2019-08-28 20:35:56,087 [main] INFO  impl.MetricsSystemImpl (MetricsSystemImpl.java:startTimer(374)) - Scheduled Metric snapshot period at 10 second(s).
2019-08-28 20:35:56,087 [main] INFO  impl.MetricsSystemImpl (MetricsSystemImpl.java:start(191)) - StorageContainerManager metrics system started
2019-08-28 20:35:56,212 [main] INFO  server.SCMClientProtocolServer (SCMClientProtocolServer.java:start(151)) - RPC server for Client  is listening at /0.0.0.0:35732
2019-08-28 20:35:56,212 [IPC Server Responder] INFO  ipc.Server (Server.java:run(1314)) - IPC Server Responder: starting
2019-08-28 20:35:56,213 [IPC Server listener on 35732] INFO  ipc.Server (Server.java:run(1153)) - IPC Server listener on 35732: starting
2019-08-28 20:35:56,216 [main] INFO  server.StorageContainerManager (StorageContainerManager.java:start(769)) - ScmBlockLocationProtocol RPC server is listening at /127.0.0.1:39376
2019-08-28 20:35:56,216 [main] INFO  server.SCMBlockProtocolServer (SCMBlockProtocolServer.java:start(141)) - RPC server for Block Protocol is listening at /127.0.0.1:39376
2019-08-28 20:35:56,216 [IPC Server Responder] INFO  ipc.Server (Server.java:run(1314)) - IPC Server Responder: starting
2019-08-28 20:35:56,217 [IPC Server listener on 39376] INFO  ipc.Server (Server.java:run(1153)) - IPC Server listener on 39376: starting
2019-08-28 20:35:56,221 [main] INFO  server.StorageContainerManager (StorageContainerManager.java:start(773)) - ScmDatanodeProtocl RPC server is listening at /0.0.0.0:41061
2019-08-28 20:35:56,221 [main] INFO  server.SCMDatanodeProtocolServer (SCMDatanodeProtocolServer.java:start(191)) - RPC server for DataNodes is listening at /0.0.0.0:41061
2019-08-28 20:35:56,222 [IPC Server Responder] INFO  ipc.Server (Server.java:run(1314)) - IPC Server Responder: starting
2019-08-28 20:35:56,222 [IPC Server listener on 41061] INFO  ipc.Server (Server.java:run(1153)) - IPC Server listener on 41061: starting
2019-08-28 20:35:56,228 [main] INFO  http.HttpServer2 (HttpServer2.java:bindListener(1191)) - Jetty bound to port 33446
2019-08-28 20:35:56,228 [main] INFO  server.Server (Server.java:doStart(351)) - jetty-9.3.24.v20180605, build timestamp: 2018-06-05T17:11:56Z, git hash: 84205aa28f11a4f31f2a3b86d1bba2cc8ab69827
2019-08-28 20:35:56,231 [main] INFO  handler.ContextHandler (ContextHandler.java:doStart(781)) - Started o.e.j.s.ServletContextHandler@73d62b5{/logs,file:///workdir/hadoop-ozone/integration-test/target/log,AVAILABLE}
2019-08-28 20:35:56,231 [main] INFO  handler.ContextHandler (ContextHandler.java:doStart(781)) - Started o.e.j.s.ServletContextHandler@76ac68b0{/static,file:///workdir/hadoop-ozone/integration-test/target/test-classes/webapps/static,AVAILABLE}
2019-08-28 20:35:56,237 [main] INFO  handler.ContextHandler (ContextHandler.java:doStart(781)) - Started o.e.j.w.WebAppContext@11826398{/,file:///workdir/hadoop-ozone/integration-test/target/test-classes/webapps/scm/,AVAILABLE}{/scm}
2019-08-28 20:35:56,238 [main] INFO  server.AbstractConnector (AbstractConnector.java:doStart(278)) - Started ServerConnector@6c5ca0b6{HTTP/1.1,[http/1.1]}{0.0.0.0:33446}
2019-08-28 20:35:56,239 [main] INFO  server.Server (Server.java:doStart(419)) - Started @638848ms
2019-08-28 20:35:56,240 [main] INFO  server.BaseHttpServer (BaseHttpServer.java:updateConnectorAddress(226)) - HTTP server of SCM is listening at http://0.0.0.0:33446
2019-08-28 20:35:56,240 [main] WARN  server.ServerUtils (ServerUtils.java:getDBPath(232)) - ozone.om.db.dirs is not configured. We recommend adding this setting. Falling back to ozone.metadata.dirs instead.
2019-08-28 20:35:56,241 [org.apache.hadoop.util.JvmPauseMonitor$Monitor@1a88c4f5] INFO  util.JvmPauseMonitor (JvmPauseMonitor.java:run(188)) - Starting JVM pause monitor
2019-08-28 20:35:56,263 [main] WARN  server.ServerUtils (ServerUtils.java:getDBPath(232)) - ozone.om.db.dirs is not configured. We recommend adding this setting. Falling back to ozone.metadata.dirs instead.
2019-08-28 20:35:56,263 [main] WARN  server.ServerUtils (ServerUtils.java:getDBPath(232)) - ozone.om.db.dirs is not configured. We recommend adding this setting. Falling back to ozone.metadata.dirs instead.
2019-08-28 20:35:56,263 [main] INFO  om.OzoneManager (OzoneManager.java:setOMNodeDetails(645)) - OM Service ID is not set. Setting it to the default ID: omServiceIdDefault
2019-08-28 20:35:56,264 [main] INFO  om.OzoneManager (OzoneManager.java:setOMNodeDetails(651)) - OM Node ID is not set. Setting it to the OmStorage's OmID: 45612c5a-b2d9-4cc1-8d85-8da5d118d26f
2019-08-28 20:35:56,264 [main] INFO  om.OzoneManager (OzoneManager.java:loadOMHAConfigs(602)) - Found matching OM address with OMServiceId: null, OMNodeId: null, RPC Address: localhost:0 and Ratis port: 9872
2019-08-28 20:35:56,269 | INFO  | SCMAudit | user=jenkins1000 | ip=127.0.0.1 | op=GET_SCM_INFO null | ret=SUCCESS |  
2019-08-28 20:35:56,271 [main] WARN  server.ServerUtils (ServerUtils.java:getDBPath(232)) - ozone.om.db.dirs is not configured. We recommend adding this setting. Falling back to ozone.metadata.dirs instead.
2019-08-28 20:35:56,272 [main] INFO  db.DBStoreBuilder (DBStoreBuilder.java:addTable(110)) - using custom profile for table: userTable
2019-08-28 20:35:56,272 [main] INFO  db.DBStoreBuilder (DBStoreBuilder.java:processTables(161)) - Using default column profile:DBProfile.DISK for Table:userTable
2019-08-28 20:35:56,272 [main] INFO  db.DBStoreBuilder (DBStoreBuilder.java:addTable(110)) - using custom profile for table: volumeTable
2019-08-28 20:35:56,273 [main] INFO  db.DBStoreBuilder (DBStoreBuilder.java:processTables(161)) - Using default column profile:DBProfile.DISK for Table:volumeTable
2019-08-28 20:35:56,273 [main] INFO  db.DBStoreBuilder (DBStoreBuilder.java:addTable(110)) - using custom profile for table: bucketTable
2019-08-28 20:35:56,273 [main] INFO  db.DBStoreBuilder (DBStoreBuilder.java:processTables(161)) - Using default column profile:DBProfile.DISK for Table:bucketTable
2019-08-28 20:35:56,273 [main] INFO  db.DBStoreBuilder (DBStoreBuilder.java:addTable(110)) - using custom profile for table: keyTable
2019-08-28 20:35:56,273 [main] INFO  db.DBStoreBuilder (DBStoreBuilder.java:processTables(161)) - Using default column profile:DBProfile.DISK for Table:keyTable
2019-08-28 20:35:56,274 [main] INFO  db.DBStoreBuilder (DBStoreBuilder.java:addTable(110)) - using custom profile for table: deletedTable
2019-08-28 20:35:56,274 [main] INFO  db.DBStoreBuilder (DBStoreBuilder.java:processTables(161)) - Using default column profile:DBProfile.DISK for Table:deletedTable
2019-08-28 20:35:56,274 [main] INFO  db.DBStoreBuilder (DBStoreBuilder.java:addTable(110)) - using custom profile for table: openKeyTable
2019-08-28 20:35:56,274 [main] INFO  db.DBStoreBuilder (DBStoreBuilder.java:processTables(161)) - Using default column profile:DBProfile.DISK for Table:openKeyTable
2019-08-28 20:35:56,275 [main] INFO  db.DBStoreBuilder (DBStoreBuilder.java:addTable(110)) - using custom profile for table: s3Table
2019-08-28 20:35:56,275 [main] INFO  db.DBStoreBuilder (DBStoreBuilder.java:processTables(161)) - Using default column profile:DBProfile.DISK for Table:s3Table
2019-08-28 20:35:56,275 [main] INFO  db.DBStoreBuilder (DBStoreBuilder.java:addTable(110)) - using custom profile for table: multipartInfoTable
2019-08-28 20:35:56,275 [main] INFO  db.DBStoreBuilder (DBStoreBuilder.java:processTables(161)) - Using default column profile:DBProfile.DISK for Table:multipartInfoTable
2019-08-28 20:35:56,276 [main] INFO  db.DBStoreBuilder (DBStoreBuilder.java:addTable(110)) - using custom profile for table: dTokenTable
2019-08-28 20:35:56,276 [main] INFO  db.DBStoreBuilder (DBStoreBuilder.java:processTables(161)) - Using default column profile:DBProfile.DISK for Table:dTokenTable
2019-08-28 20:35:56,276 [main] INFO  db.DBStoreBuilder (DBStoreBuilder.java:addTable(110)) - using custom profile for table: s3SecretTable
2019-08-28 20:35:56,276 [main] INFO  db.DBStoreBuilder (DBStoreBuilder.java:processTables(161)) - Using default column profile:DBProfile.DISK for Table:s3SecretTable
2019-08-28 20:35:56,276 [main] INFO  db.DBStoreBuilder (DBStoreBuilder.java:addTable(110)) - using custom profile for table: prefixTable
2019-08-28 20:35:56,277 [main] INFO  db.DBStoreBuilder (DBStoreBuilder.java:processTables(161)) - Using default column profile:DBProfile.DISK for Table:prefixTable
2019-08-28 20:35:56,277 [main] INFO  db.DBStoreBuilder (DBStoreBuilder.java:addTable(110)) - using custom profile for table: default
2019-08-28 20:35:56,277 [main] INFO  db.DBStoreBuilder (DBStoreBuilder.java:processTables(167)) - Using default column profile:DBProfile.DISK for Table:default
2019-08-28 20:35:56,277 [main] INFO  db.DBStoreBuilder (DBStoreBuilder.java:getDbProfile(198)) - Using default options. DBProfile.DISK
2019-08-28 20:35:56,985 [main] INFO  ipc.CallQueueManager (CallQueueManager.java:<init>(84)) - Using callQueue: class java.util.concurrent.LinkedBlockingQueue, queueCapacity: 2000, scheduler: class org.apache.hadoop.ipc.DefaultRpcScheduler, ipcBackoff: false.
2019-08-28 20:35:56,986 [Socket Reader #1 for port 42316] INFO  ipc.Server (Server.java:run(1074)) - Starting Socket Reader #1 for port 42316
2019-08-28 20:35:56,998 [main] INFO  om.OzoneManager (OzoneManager.java:start(1256)) - OzoneManager RPC server is listening at localhost/127.0.0.1:42316
2019-08-28 20:35:56,998 [main] INFO  impl.MetricsSystemImpl (MetricsSystemImpl.java:init(158)) - OzoneManager metrics system started (again)
2019-08-28 20:35:56,999 [IPC Server Responder] INFO  ipc.Server (Server.java:run(1314)) - IPC Server Responder: starting
2019-08-28 20:35:57,000 [IPC Server listener on 42316] INFO  ipc.Server (Server.java:run(1153)) - IPC Server listener on 42316: starting
2019-08-28 20:35:57,003 [main] INFO  hdfs.DFSUtil (DFSUtil.java:httpServerTemplateForNNAndJN(1641)) - Starting Web-server for ozoneManager at: http://0.0.0.0:0
2019-08-28 20:35:57,005 [main] INFO  server.AuthenticationFilter (AuthenticationFilter.java:constructSecretProvider(240)) - Unable to initialize FileSignerSecretProvider, falling back to use random secrets.
2019-08-28 20:35:57,005 [main] WARN  http.HttpRequestLog (HttpRequestLog.java:getRequestLog(97)) - Jetty request log can only be enabled using Log4j
2019-08-28 20:35:57,006 [main] INFO  http.HttpServer2 (HttpServer2.java:addGlobalFilter(975)) - Added global filter 'safety' (class=org.apache.hadoop.http.HttpServer2$QuotingInputFilter)
2019-08-28 20:35:57,007 [main] INFO  http.HttpServer2 (HttpServer2.java:addFilter(948)) - Added filter static_user_filter (class=org.apache.hadoop.http.lib.StaticUserWebFilter$StaticUserFilter) to context ozoneManager
2019-08-28 20:35:57,007 [main] INFO  http.HttpServer2 (HttpServer2.java:addFilter(958)) - Added filter static_user_filter (class=org.apache.hadoop.http.lib.StaticUserWebFilter$StaticUserFilter) to context static
2019-08-28 20:35:57,007 [main] INFO  http.HttpServer2 (HttpServer2.java:addFilter(958)) - Added filter static_user_filter (class=org.apache.hadoop.http.lib.StaticUserWebFilter$StaticUserFilter) to context logs
2019-08-28 20:35:57,008 [main] INFO  http.HttpServer2 (HttpServer2.java:bindListener(1191)) - Jetty bound to port 35493
2019-08-28 20:35:57,008 [main] INFO  server.Server (Server.java:doStart(351)) - jetty-9.3.24.v20180605, build timestamp: 2018-06-05T17:11:56Z, git hash: 84205aa28f11a4f31f2a3b86d1bba2cc8ab69827
2019-08-28 20:35:57,010 [main] INFO  handler.ContextHandler (ContextHandler.java:doStart(781)) - Started o.e.j.s.ServletContextHandler@1471b98d{/logs,file:///workdir/hadoop-ozone/integration-test/target/log,AVAILABLE}
2019-08-28 20:35:57,010 [main] INFO  handler.ContextHandler (ContextHandler.java:doStart(781)) - Started o.e.j.s.ServletContextHandler@58c42c8c{/static,file:///workdir/hadoop-ozone/integration-test/target/test-classes/webapps/static,AVAILABLE}
2019-08-28 20:35:57,014 [main] INFO  handler.ContextHandler (ContextHandler.java:doStart(781)) - Started o.e.j.w.WebAppContext@712cd5d3{/,file:///workdir/hadoop-ozone/integration-test/target/test-classes/webapps/ozoneManager/,AVAILABLE}{/ozoneManager}
2019-08-28 20:35:57,014 [main] INFO  server.AbstractConnector (AbstractConnector.java:doStart(278)) - Started ServerConnector@2094bf3d{HTTP/1.1,[http/1.1]}{0.0.0.0:35493}
2019-08-28 20:35:57,015 [main] INFO  server.Server (Server.java:doStart(419)) - Started @639624ms
2019-08-28 20:35:57,017 [main] INFO  server.BaseHttpServer (BaseHttpServer.java:updateConnectorAddress(226)) - HTTP server of OZONEMANAGER is listening at http://0.0.0.0:35493
2019-08-28 20:35:57,030 [main] INFO  impl.MetricsSystemImpl (MetricsSystemImpl.java:init(158)) - HddsDatanode metrics system started (again)
2019-08-28 20:35:57,033 [main] INFO  ozone.HddsDatanodeService (HddsDatanodeService.java:start(190)) - HddsDatanodeService host:pr-hdds-2051-mwr8n-2748524799 ip:192.168.5.177
2019-08-28 20:35:57,038 [main] INFO  volume.HddsVolume (HddsVolume.java:<init>(176)) - Creating Volume: /workdir/hadoop-ozone/integration-test/target/test-dir/MiniOzoneClusterImpl-53cd5f02-19c6-4d92-85a0-fac408bf1129/datanode-0/data/containers/hdds of  storage type : DISK and capacity : 1482555576320
2019-08-28 20:35:57,038 [main] INFO  volume.VolumeSet (VolumeSet.java:initializeVolumeSet(170)) - Added Volume : /workdir/hadoop-ozone/integration-test/target/test-dir/MiniOzoneClusterImpl-53cd5f02-19c6-4d92-85a0-fac408bf1129/datanode-0/data/containers/hdds to VolumeSet
2019-08-28 20:35:57,039 [main] INFO  volume.ThrottledAsyncChecker (ThrottledAsyncChecker.java:schedule(140)) - Scheduling a check for org.apache.hadoop.ozone.container.common.volume.HddsVolume@554566a8
2019-08-28 20:35:57,039 [main] INFO  volume.HddsVolumeChecker (HddsVolumeChecker.java:checkAllVolumes(203)) - Scheduled health check for volume org.apache.hadoop.ozone.container.common.volume.HddsVolume@554566a8
2019-08-28 20:35:57,052 [main] INFO  impl.RaftServerProxy (ConfUtils.java:logGet(43)) - raft.rpc.type = GRPC (default)
2019-08-28 20:35:57,052 [main] INFO  grpc.GrpcFactory (GrpcFactory.java:checkPooledByteBufAllocatorUseCacheForAllThreads(45)) - PERFORMANCE WARNING: useCacheForAllThreads is true that may cause Netty to create a lot garbage objects and, as a result, trigger GC.
	It is recommended to disable useCacheForAllThreads by setting -Dorg.apache.ratis.thirdparty.io.netty.allocator.useCacheForAllThreads=false in command line.
2019-08-28 20:35:57,052 [main] INFO  grpc.GrpcConfigKeys$Server (ConfUtils.java:logGet(43)) - raft.grpc.server.port = 0 (default)
2019-08-28 20:35:57,052 [main] INFO  server.GrpcService (ConfUtils.java:logGet(43)) - raft.grpc.message.size.max = 33570816 (custom)
2019-08-28 20:35:57,053 [main] INFO  server.RaftServerConfigKeys (ConfUtils.java:logGet(43)) - raft.server.log.appender.buffer.byte-limit = 33554432 (custom)
2019-08-28 20:35:57,053 [main] INFO  server.GrpcService (ConfUtils.java:logGet(43)) - raft.grpc.flow.control.window = 1MB (=1048576) (default)
2019-08-28 20:35:57,053 [main] INFO  server.RaftServerConfigKeys (ConfUtils.java:logGet(43)) - raft.server.rpc.request.timeout = 3000ms (default)
2019-08-28 20:35:57,053 [main] INFO  server.RaftServerConfigKeys (ConfUtils.java:logGet(43)) - raft.server.storage.dir = [/workdir/hadoop-ozone/integration-test/target/test-dir/MiniOzoneClusterImpl-53cd5f02-19c6-4d92-85a0-fac408bf1129/datanode-0/data/ratis] (custom)
2019-08-28 20:35:57,054 [main] INFO  replication.SimpleContainerDownloader (SimpleContainerDownloader.java:<init>(72)) - Starting container downloader service to copy containers to replicate.
2019-08-28 20:35:57,055 [main] INFO  hdfs.DFSUtil (DFSUtil.java:httpServerTemplateForNNAndJN(1641)) - Starting Web-server for hddsDatanode at: http://0.0.0.0:0
2019-08-28 20:35:57,056 [main] INFO  server.AuthenticationFilter (AuthenticationFilter.java:constructSecretProvider(240)) - Unable to initialize FileSignerSecretProvider, falling back to use random secrets.
2019-08-28 20:35:57,056 [main] WARN  http.HttpRequestLog (HttpRequestLog.java:getRequestLog(97)) - Jetty request log can only be enabled using Log4j
2019-08-28 20:35:57,058 [main] INFO  http.HttpServer2 (HttpServer2.java:addGlobalFilter(975)) - Added global filter 'safety' (class=org.apache.hadoop.http.HttpServer2$QuotingInputFilter)
2019-08-28 20:35:57,058 [main] INFO  http.HttpServer2 (HttpServer2.java:addFilter(948)) - Added filter static_user_filter (class=org.apache.hadoop.http.lib.StaticUserWebFilter$StaticUserFilter) to context hddsDatanode
2019-08-28 20:35:57,058 [main] INFO  http.HttpServer2 (HttpServer2.java:addFilter(958)) - Added filter static_user_filter (class=org.apache.hadoop.http.lib.StaticUserWebFilter$StaticUserFilter) to context logs
2019-08-28 20:35:57,058 [main] INFO  http.HttpServer2 (HttpServer2.java:addFilter(958)) - Added filter static_user_filter (class=org.apache.hadoop.http.lib.StaticUserWebFilter$StaticUserFilter) to context static
2019-08-28 20:35:57,059 [main] INFO  http.HttpServer2 (HttpServer2.java:bindListener(1191)) - Jetty bound to port 44748
2019-08-28 20:35:57,059 [main] INFO  server.Server (Server.java:doStart(351)) - jetty-9.3.24.v20180605, build timestamp: 2018-06-05T17:11:56Z, git hash: 84205aa28f11a4f31f2a3b86d1bba2cc8ab69827
2019-08-28 20:35:57,061 [main] INFO  handler.ContextHandler (ContextHandler.java:doStart(781)) - Started o.e.j.s.ServletContextHandler@1ab53860{/logs,file:///workdir/hadoop-ozone/integration-test/target/log,AVAILABLE}
2019-08-28 20:35:57,061 [main] INFO  handler.ContextHandler (ContextHandler.java:doStart(781)) - Started o.e.j.s.ServletContextHandler@57b9389f{/static,jar:file:/home/user/.m2/repository/org/apache/hadoop/hadoop-hdds-container-service/0.5.0-SNAPSHOT/hadoop-hdds-container-service-0.5.0-SNAPSHOT.jar!/webapps/static,AVAILABLE}
2019-08-28 20:35:57,088 [main] INFO  handler.ContextHandler (ContextHandler.java:doStart(781)) - Started o.e.j.w.WebAppContext@504497fa{/,file:///tmp/jetty-0.0.0.0-44748-hddsDatanode-_-any-4666399307515458969.dir/webapp/,AVAILABLE}{/hddsDatanode}
2019-08-28 20:35:57,088 [main] INFO  server.AbstractConnector (AbstractConnector.java:doStart(278)) - Started ServerConnector@5618fc1f{HTTP/1.1,[http/1.1]}{0.0.0.0:44748}
2019-08-28 20:35:57,088 [main] INFO  server.Server (Server.java:doStart(419)) - Started @639698ms
2019-08-28 20:35:57,090 [main] INFO  server.BaseHttpServer (BaseHttpServer.java:updateConnectorAddress(226)) - HTTP server of HDDSDATANODE is listening at http://0.0.0.0:44748
2019-08-28 20:35:57,090 [main] INFO  impl.MetricsSystemImpl (MetricsSystemImpl.java:init(158)) - HddsDatanode metrics system started (again)
2019-08-28 20:35:57,093 [org.apache.hadoop.util.JvmPauseMonitor$Monitor@6429451b] INFO  util.JvmPauseMonitor (JvmPauseMonitor.java:run(188)) - Starting JVM pause monitor
2019-08-28 20:35:57,094 [main] INFO  ozone.HddsDatanodeService (HddsDatanodeService.java:start(190)) - HddsDatanodeService host:pr-hdds-2051-mwr8n-2748524799 ip:192.168.5.177
2019-08-28 20:35:57,095 [Datanode State Machine Thread - 0] INFO  datanode.InitDatanodeState (InitDatanodeState.java:persistContainerDatanodeDetails(140)) - DatanodeDetails is persisted to /workdir/hadoop-ozone/integration-test/target/test-dir/MiniOzoneClusterImpl-53cd5f02-19c6-4d92-85a0-fac408bf1129/datanode-0/meta/datanode.id
2019-08-28 20:35:57,098 [main] INFO  volume.HddsVolume (HddsVolume.java:<init>(176)) - Creating Volume: /workdir/hadoop-ozone/integration-test/target/test-dir/MiniOzoneClusterImpl-53cd5f02-19c6-4d92-85a0-fac408bf1129/datanode-1/data/containers/hdds of  storage type : DISK and capacity : 1482555576320
2019-08-28 20:35:57,099 [main] INFO  volume.VolumeSet (VolumeSet.java:initializeVolumeSet(170)) - Added Volume : /workdir/hadoop-ozone/integration-test/target/test-dir/MiniOzoneClusterImpl-53cd5f02-19c6-4d92-85a0-fac408bf1129/datanode-1/data/containers/hdds to VolumeSet
2019-08-28 20:35:57,099 [main] INFO  volume.ThrottledAsyncChecker (ThrottledAsyncChecker.java:schedule(140)) - Scheduling a check for org.apache.hadoop.ozone.container.common.volume.HddsVolume@6537ac
2019-08-28 20:35:57,099 [main] INFO  volume.HddsVolumeChecker (HddsVolumeChecker.java:checkAllVolumes(203)) - Scheduled health check for volume org.apache.hadoop.ozone.container.common.volume.HddsVolume@6537ac
2019-08-28 20:35:57,112 [main] INFO  impl.RaftServerProxy (ConfUtils.java:logGet(43)) - raft.rpc.type = GRPC (default)
2019-08-28 20:35:57,112 [main] INFO  grpc.GrpcFactory (GrpcFactory.java:checkPooledByteBufAllocatorUseCacheForAllThreads(45)) - PERFORMANCE WARNING: useCacheForAllThreads is true that may cause Netty to create a lot garbage objects and, as a result, trigger GC.
	It is recommended to disable useCacheForAllThreads by setting -Dorg.apache.ratis.thirdparty.io.netty.allocator.useCacheForAllThreads=false in command line.
2019-08-28 20:35:57,112 [main] INFO  grpc.GrpcConfigKeys$Server (ConfUtils.java:logGet(43)) - raft.grpc.server.port = 0 (default)
2019-08-28 20:35:57,112 [main] INFO  server.GrpcService (ConfUtils.java:logGet(43)) - raft.grpc.message.size.max = 33570816 (custom)
2019-08-28 20:35:57,112 [main] INFO  server.RaftServerConfigKeys (ConfUtils.java:logGet(43)) - raft.server.log.appender.buffer.byte-limit = 33554432 (custom)
2019-08-28 20:35:57,113 [main] INFO  server.GrpcService (ConfUtils.java:logGet(43)) - raft.grpc.flow.control.window = 1MB (=1048576) (default)
2019-08-28 20:35:57,113 [main] INFO  server.RaftServerConfigKeys (ConfUtils.java:logGet(43)) - raft.server.rpc.request.timeout = 3000ms (default)
2019-08-28 20:35:57,113 [main] INFO  server.RaftServerConfigKeys (ConfUtils.java:logGet(43)) - raft.server.storage.dir = [/workdir/hadoop-ozone/integration-test/target/test-dir/MiniOzoneClusterImpl-53cd5f02-19c6-4d92-85a0-fac408bf1129/datanode-1/data/ratis] (custom)
2019-08-28 20:35:57,114 [main] INFO  replication.SimpleContainerDownloader (SimpleContainerDownloader.java:<init>(72)) - Starting container downloader service to copy containers to replicate.
2019-08-28 20:35:57,114 [main] INFO  hdfs.DFSUtil (DFSUtil.java:httpServerTemplateForNNAndJN(1641)) - Starting Web-server for hddsDatanode at: http://0.0.0.0:0
2019-08-28 20:35:57,115 [main] INFO  server.AuthenticationFilter (AuthenticationFilter.java:constructSecretProvider(240)) - Unable to initialize FileSignerSecretProvider, falling back to use random secrets.
2019-08-28 20:35:57,116 [main] WARN  http.HttpRequestLog (HttpRequestLog.java:getRequestLog(97)) - Jetty request log can only be enabled using Log4j
2019-08-28 20:35:57,117 [main] INFO  http.HttpServer2 (HttpServer2.java:addGlobalFilter(975)) - Added global filter 'safety' (class=org.apache.hadoop.http.HttpServer2$QuotingInputFilter)
2019-08-28 20:35:57,117 [main] INFO  http.HttpServer2 (HttpServer2.java:addFilter(948)) - Added filter static_user_filter (class=org.apache.hadoop.http.lib.StaticUserWebFilter$StaticUserFilter) to context hddsDatanode
2019-08-28 20:35:57,117 [main] INFO  http.HttpServer2 (HttpServer2.java:addFilter(958)) - Added filter static_user_filter (class=org.apache.hadoop.http.lib.StaticUserWebFilter$StaticUserFilter) to context logs
2019-08-28 20:35:57,118 [main] INFO  http.HttpServer2 (HttpServer2.java:addFilter(958)) - Added filter static_user_filter (class=org.apache.hadoop.http.lib.StaticUserWebFilter$StaticUserFilter) to context static
2019-08-28 20:35:57,118 [main] INFO  http.HttpServer2 (HttpServer2.java:bindListener(1191)) - Jetty bound to port 45549
2019-08-28 20:35:57,118 [main] INFO  server.Server (Server.java:doStart(351)) - jetty-9.3.24.v20180605, build timestamp: 2018-06-05T17:11:56Z, git hash: 84205aa28f11a4f31f2a3b86d1bba2cc8ab69827
2019-08-28 20:35:57,120 [main] INFO  handler.ContextHandler (ContextHandler.java:doStart(781)) - Started o.e.j.s.ServletContextHandler@25567581{/logs,file:///workdir/hadoop-ozone/integration-test/target/log,AVAILABLE}
2019-08-28 20:35:57,120 [main] INFO  handler.ContextHandler (ContextHandler.java:doStart(781)) - Started o.e.j.s.ServletContextHandler@67763ebe{/static,jar:file:/home/user/.m2/repository/org/apache/hadoop/hadoop-hdds-container-service/0.5.0-SNAPSHOT/hadoop-hdds-container-service-0.5.0-SNAPSHOT.jar!/webapps/static,AVAILABLE}
2019-08-28 20:35:57,147 [main] INFO  handler.ContextHandler (ContextHandler.java:doStart(781)) - Started o.e.j.w.WebAppContext@6826b70f{/,file:///tmp/jetty-0.0.0.0-45549-hddsDatanode-_-any-2201418321047964889.dir/webapp/,AVAILABLE}{/hddsDatanode}
2019-08-28 20:35:57,147 [main] INFO  server.AbstractConnector (AbstractConnector.java:doStart(278)) - Started ServerConnector@4df7d9ee{HTTP/1.1,[http/1.1]}{0.0.0.0:45549}
2019-08-28 20:35:57,147 [main] INFO  server.Server (Server.java:doStart(419)) - Started @639757ms
2019-08-28 20:35:57,149 [main] INFO  server.BaseHttpServer (BaseHttpServer.java:updateConnectorAddress(226)) - HTTP server of HDDSDATANODE is listening at http://0.0.0.0:45549
2019-08-28 20:35:57,149 [main] INFO  impl.MetricsSystemImpl (MetricsSystemImpl.java:init(158)) - HddsDatanode metrics system started (again)
2019-08-28 20:35:57,152 [org.apache.hadoop.util.JvmPauseMonitor$Monitor@48910784] INFO  util.JvmPauseMonitor (JvmPauseMonitor.java:run(188)) - Starting JVM pause monitor
2019-08-28 20:35:57,152 [main] INFO  ozone.HddsDatanodeService (HddsDatanodeService.java:start(190)) - HddsDatanodeService host:pr-hdds-2051-mwr8n-2748524799 ip:192.168.5.177
2019-08-28 20:35:57,153 [Datanode State Machine Thread - 0] INFO  datanode.InitDatanodeState (InitDatanodeState.java:persistContainerDatanodeDetails(140)) - DatanodeDetails is persisted to /workdir/hadoop-ozone/integration-test/target/test-dir/MiniOzoneClusterImpl-53cd5f02-19c6-4d92-85a0-fac408bf1129/datanode-1/meta/datanode.id
2019-08-28 20:35:57,158 [main] INFO  volume.HddsVolume (HddsVolume.java:<init>(176)) - Creating Volume: /workdir/hadoop-ozone/integration-test/target/test-dir/MiniOzoneClusterImpl-53cd5f02-19c6-4d92-85a0-fac408bf1129/datanode-2/data/containers/hdds of  storage type : DISK and capacity : 1482555576320
2019-08-28 20:35:57,158 [main] INFO  volume.VolumeSet (VolumeSet.java:initializeVolumeSet(170)) - Added Volume : /workdir/hadoop-ozone/integration-test/target/test-dir/MiniOzoneClusterImpl-53cd5f02-19c6-4d92-85a0-fac408bf1129/datanode-2/data/containers/hdds to VolumeSet
2019-08-28 20:35:57,158 [main] INFO  volume.ThrottledAsyncChecker (ThrottledAsyncChecker.java:schedule(140)) - Scheduling a check for org.apache.hadoop.ozone.container.common.volume.HddsVolume@19eea77c
2019-08-28 20:35:57,159 [main] INFO  volume.HddsVolumeChecker (HddsVolumeChecker.java:checkAllVolumes(203)) - Scheduled health check for volume org.apache.hadoop.ozone.container.common.volume.HddsVolume@19eea77c
2019-08-28 20:35:57,176 [main] INFO  impl.RaftServerProxy (ConfUtils.java:logGet(43)) - raft.rpc.type = GRPC (default)
2019-08-28 20:35:57,176 [main] INFO  grpc.GrpcFactory (GrpcFactory.java:checkPooledByteBufAllocatorUseCacheForAllThreads(45)) - PERFORMANCE WARNING: useCacheForAllThreads is true that may cause Netty to create a lot garbage objects and, as a result, trigger GC.
	It is recommended to disable useCacheForAllThreads by setting -Dorg.apache.ratis.thirdparty.io.netty.allocator.useCacheForAllThreads=false in command line.
2019-08-28 20:35:57,176 [main] INFO  grpc.GrpcConfigKeys$Server (ConfUtils.java:logGet(43)) - raft.grpc.server.port = 0 (default)
2019-08-28 20:35:57,176 [main] INFO  server.GrpcService (ConfUtils.java:logGet(43)) - raft.grpc.message.size.max = 33570816 (custom)
2019-08-28 20:35:57,176 [main] INFO  server.RaftServerConfigKeys (ConfUtils.java:logGet(43)) - raft.server.log.appender.buffer.byte-limit = 33554432 (custom)
2019-08-28 20:35:57,177 [main] INFO  server.GrpcService (ConfUtils.java:logGet(43)) - raft.grpc.flow.control.window = 1MB (=1048576) (default)
2019-08-28 20:35:57,177 [main] INFO  server.RaftServerConfigKeys (ConfUtils.java:logGet(43)) - raft.server.rpc.request.timeout = 3000ms (default)
2019-08-28 20:35:57,177 [main] INFO  server.RaftServerConfigKeys (ConfUtils.java:logGet(43)) - raft.server.storage.dir = [/workdir/hadoop-ozone/integration-test/target/test-dir/MiniOzoneClusterImpl-53cd5f02-19c6-4d92-85a0-fac408bf1129/datanode-2/data/ratis] (custom)
2019-08-28 20:35:57,178 [main] INFO  replication.SimpleContainerDownloader (SimpleContainerDownloader.java:<init>(72)) - Starting container downloader service to copy containers to replicate.
2019-08-28 20:35:57,179 [main] INFO  hdfs.DFSUtil (DFSUtil.java:httpServerTemplateForNNAndJN(1641)) - Starting Web-server for hddsDatanode at: http://0.0.0.0:0
2019-08-28 20:35:57,180 [main] INFO  server.AuthenticationFilter (AuthenticationFilter.java:constructSecretProvider(240)) - Unable to initialize FileSignerSecretProvider, falling back to use random secrets.
2019-08-28 20:35:57,180 [main] WARN  http.HttpRequestLog (HttpRequestLog.java:getRequestLog(97)) - Jetty request log can only be enabled using Log4j
2019-08-28 20:35:57,181 [main] INFO  http.HttpServer2 (HttpServer2.java:addGlobalFilter(975)) - Added global filter 'safety' (class=org.apache.hadoop.http.HttpServer2$QuotingInputFilter)
2019-08-28 20:35:57,182 [main] INFO  http.HttpServer2 (HttpServer2.java:addFilter(948)) - Added filter static_user_filter (class=org.apache.hadoop.http.lib.StaticUserWebFilter$StaticUserFilter) to context hddsDatanode
2019-08-28 20:35:57,182 [main] INFO  http.HttpServer2 (HttpServer2.java:addFilter(958)) - Added filter static_user_filter (class=org.apache.hadoop.http.lib.StaticUserWebFilter$StaticUserFilter) to context static
2019-08-28 20:35:57,182 [main] INFO  http.HttpServer2 (HttpServer2.java:addFilter(958)) - Added filter static_user_filter (class=org.apache.hadoop.http.lib.StaticUserWebFilter$StaticUserFilter) to context logs
2019-08-28 20:35:57,183 [main] INFO  http.HttpServer2 (HttpServer2.java:bindListener(1191)) - Jetty bound to port 45905
2019-08-28 20:35:57,183 [main] INFO  server.Server (Server.java:doStart(351)) - jetty-9.3.24.v20180605, build timestamp: 2018-06-05T17:11:56Z, git hash: 84205aa28f11a4f31f2a3b86d1bba2cc8ab69827
2019-08-28 20:35:57,185 [main] INFO  handler.ContextHandler (ContextHandler.java:doStart(781)) - Started o.e.j.s.ServletContextHandler@3a38e4dc{/logs,file:///workdir/hadoop-ozone/integration-test/target/log,AVAILABLE}
2019-08-28 20:35:57,185 [main] INFO  handler.ContextHandler (ContextHandler.java:doStart(781)) - Started o.e.j.s.ServletContextHandler@401788d5{/static,jar:file:/home/user/.m2/repository/org/apache/hadoop/hadoop-hdds-container-service/0.5.0-SNAPSHOT/hadoop-hdds-container-service-0.5.0-SNAPSHOT.jar!/webapps/static,AVAILABLE}
2019-08-28 20:35:57,213 [main] INFO  handler.ContextHandler (ContextHandler.java:doStart(781)) - Started o.e.j.w.WebAppContext@4f64d9cb{/,file:///tmp/jetty-0.0.0.0-45905-hddsDatanode-_-any-846427478844495353.dir/webapp/,AVAILABLE}{/hddsDatanode}
2019-08-28 20:35:57,213 [main] INFO  server.AbstractConnector (AbstractConnector.java:doStart(278)) - Started ServerConnector@639c7f9c{HTTP/1.1,[http/1.1]}{0.0.0.0:45905}
2019-08-28 20:35:57,213 [main] INFO  server.Server (Server.java:doStart(419)) - Started @639823ms
2019-08-28 20:35:57,215 [main] INFO  server.BaseHttpServer (BaseHttpServer.java:updateConnectorAddress(226)) - HTTP server of HDDSDATANODE is listening at http://0.0.0.0:45905
2019-08-28 20:35:57,216 [main] INFO  impl.MetricsSystemImpl (MetricsSystemImpl.java:init(158)) - HddsDatanode metrics system started (again)
2019-08-28 20:35:57,219 [org.apache.hadoop.util.JvmPauseMonitor$Monitor@7ec59743] INFO  util.JvmPauseMonitor (JvmPauseMonitor.java:run(188)) - Starting JVM pause monitor
2019-08-28 20:35:57,219 [main] INFO  ozone.HddsDatanodeService (HddsDatanodeService.java:start(190)) - HddsDatanodeService host:pr-hdds-2051-mwr8n-2748524799 ip:192.168.5.177
2019-08-28 20:35:57,220 [Datanode State Machine Thread - 0] INFO  datanode.InitDatanodeState (InitDatanodeState.java:persistContainerDatanodeDetails(140)) - DatanodeDetails is persisted to /workdir/hadoop-ozone/integration-test/target/test-dir/MiniOzoneClusterImpl-53cd5f02-19c6-4d92-85a0-fac408bf1129/datanode-2/meta/datanode.id
2019-08-28 20:35:57,226 [main] INFO  volume.HddsVolume (HddsVolume.java:<init>(176)) - Creating Volume: /workdir/hadoop-ozone/integration-test/target/test-dir/MiniOzoneClusterImpl-53cd5f02-19c6-4d92-85a0-fac408bf1129/datanode-3/data/containers/hdds of  storage type : DISK and capacity : 1482555576320
2019-08-28 20:35:57,226 [main] INFO  volume.VolumeSet (VolumeSet.java:initializeVolumeSet(170)) - Added Volume : /workdir/hadoop-ozone/integration-test/target/test-dir/MiniOzoneClusterImpl-53cd5f02-19c6-4d92-85a0-fac408bf1129/datanode-3/data/containers/hdds to VolumeSet
2019-08-28 20:35:57,226 [main] INFO  volume.ThrottledAsyncChecker (ThrottledAsyncChecker.java:schedule(140)) - Scheduling a check for org.apache.hadoop.ozone.container.common.volume.HddsVolume@3a209918
2019-08-28 20:35:57,227 [main] INFO  volume.HddsVolumeChecker (HddsVolumeChecker.java:checkAllVolumes(203)) - Scheduled health check for volume org.apache.hadoop.ozone.container.common.volume.HddsVolume@3a209918
2019-08-28 20:35:57,239 [main] INFO  impl.RaftServerProxy (ConfUtils.java:logGet(43)) - raft.rpc.type = GRPC (default)
2019-08-28 20:35:57,240 [main] INFO  grpc.GrpcFactory (GrpcFactory.java:checkPooledByteBufAllocatorUseCacheForAllThreads(45)) - PERFORMANCE WARNING: useCacheForAllThreads is true that may cause Netty to create a lot garbage objects and, as a result, trigger GC.
	It is recommended to disable useCacheForAllThreads by setting -Dorg.apache.ratis.thirdparty.io.netty.allocator.useCacheForAllThreads=false in command line.
2019-08-28 20:35:57,240 [main] INFO  grpc.GrpcConfigKeys$Server (ConfUtils.java:logGet(43)) - raft.grpc.server.port = 0 (default)
2019-08-28 20:35:57,240 [main] INFO  server.GrpcService (ConfUtils.java:logGet(43)) - raft.grpc.message.size.max = 33570816 (custom)
2019-08-28 20:35:57,240 [main] INFO  server.RaftServerConfigKeys (ConfUtils.java:logGet(43)) - raft.server.log.appender.buffer.byte-limit = 33554432 (custom)
2019-08-28 20:35:57,240 [main] INFO  server.GrpcService (ConfUtils.java:logGet(43)) - raft.grpc.flow.control.window = 1MB (=1048576) (default)
2019-08-28 20:35:57,241 [main] INFO  server.RaftServerConfigKeys (ConfUtils.java:logGet(43)) - raft.server.rpc.request.timeout = 3000ms (default)
2019-08-28 20:35:57,241 [main] INFO  server.RaftServerConfigKeys (ConfUtils.java:logGet(43)) - raft.server.storage.dir = [/workdir/hadoop-ozone/integration-test/target/test-dir/MiniOzoneClusterImpl-53cd5f02-19c6-4d92-85a0-fac408bf1129/datanode-3/data/ratis] (custom)
2019-08-28 20:35:57,241 [main] INFO  replication.SimpleContainerDownloader (SimpleContainerDownloader.java:<init>(72)) - Starting container downloader service to copy containers to replicate.
2019-08-28 20:35:57,242 [main] INFO  hdfs.DFSUtil (DFSUtil.java:httpServerTemplateForNNAndJN(1641)) - Starting Web-server for hddsDatanode at: http://0.0.0.0:0
2019-08-28 20:35:57,243 [main] INFO  server.AuthenticationFilter (AuthenticationFilter.java:constructSecretProvider(240)) - Unable to initialize FileSignerSecretProvider, falling back to use random secrets.
2019-08-28 20:35:57,244 [main] WARN  http.HttpRequestLog (HttpRequestLog.java:getRequestLog(97)) - Jetty request log can only be enabled using Log4j
2019-08-28 20:35:57,245 [main] INFO  http.HttpServer2 (HttpServer2.java:addGlobalFilter(975)) - Added global filter 'safety' (class=org.apache.hadoop.http.HttpServer2$QuotingInputFilter)
2019-08-28 20:35:57,246 [main] INFO  http.HttpServer2 (HttpServer2.java:addFilter(948)) - Added filter static_user_filter (class=org.apache.hadoop.http.lib.StaticUserWebFilter$StaticUserFilter) to context hddsDatanode
2019-08-28 20:35:57,246 [main] INFO  http.HttpServer2 (HttpServer2.java:addFilter(958)) - Added filter static_user_filter (class=org.apache.hadoop.http.lib.StaticUserWebFilter$StaticUserFilter) to context logs
2019-08-28 20:35:57,246 [main] INFO  http.HttpServer2 (HttpServer2.java:addFilter(958)) - Added filter static_user_filter (class=org.apache.hadoop.http.lib.StaticUserWebFilter$StaticUserFilter) to context static
2019-08-28 20:35:57,246 [main] INFO  http.HttpServer2 (HttpServer2.java:bindListener(1191)) - Jetty bound to port 33299
2019-08-28 20:35:57,247 [main] INFO  server.Server (Server.java:doStart(351)) - jetty-9.3.24.v20180605, build timestamp: 2018-06-05T17:11:56Z, git hash: 84205aa28f11a4f31f2a3b86d1bba2cc8ab69827
2019-08-28 20:35:57,248 [main] INFO  handler.ContextHandler (ContextHandler.java:doStart(781)) - Started o.e.j.s.ServletContextHandler@38de5daf{/logs,file:///workdir/hadoop-ozone/integration-test/target/log,AVAILABLE}
2019-08-28 20:35:57,249 [main] INFO  handler.ContextHandler (ContextHandler.java:doStart(781)) - Started o.e.j.s.ServletContextHandler@7523d5a1{/static,jar:file:/home/user/.m2/repository/org/apache/hadoop/hadoop-hdds-container-service/0.5.0-SNAPSHOT/hadoop-hdds-container-service-0.5.0-SNAPSHOT.jar!/webapps/static,AVAILABLE}
2019-08-28 20:35:57,275 [main] INFO  handler.ContextHandler (ContextHandler.java:doStart(781)) - Started o.e.j.w.WebAppContext@7f51f588{/,file:///tmp/jetty-0.0.0.0-33299-hddsDatanode-_-any-6907625007511642515.dir/webapp/,AVAILABLE}{/hddsDatanode}
2019-08-28 20:35:57,276 [main] INFO  server.AbstractConnector (AbstractConnector.java:doStart(278)) - Started ServerConnector@6fb22ae3{HTTP/1.1,[http/1.1]}{0.0.0.0:33299}
2019-08-28 20:35:57,276 [main] INFO  server.Server (Server.java:doStart(419)) - Started @639886ms
2019-08-28 20:35:57,278 [main] INFO  server.BaseHttpServer (BaseHttpServer.java:updateConnectorAddress(226)) - HTTP server of HDDSDATANODE is listening at http://0.0.0.0:33299
2019-08-28 20:35:57,278 [main] INFO  impl.MetricsSystemImpl (MetricsSystemImpl.java:init(158)) - HddsDatanode metrics system started (again)
2019-08-28 20:35:57,282 [org.apache.hadoop.util.JvmPauseMonitor$Monitor@19927a0d] INFO  util.JvmPauseMonitor (JvmPauseMonitor.java:run(188)) - Starting JVM pause monitor
2019-08-28 20:35:57,282 [main] INFO  ozone.HddsDatanodeService (HddsDatanodeService.java:start(190)) - HddsDatanodeService host:pr-hdds-2051-mwr8n-2748524799 ip:192.168.5.177
2019-08-28 20:35:57,283 [Datanode State Machine Thread - 0] INFO  datanode.InitDatanodeState (InitDatanodeState.java:persistContainerDatanodeDetails(140)) - DatanodeDetails is persisted to /workdir/hadoop-ozone/integration-test/target/test-dir/MiniOzoneClusterImpl-53cd5f02-19c6-4d92-85a0-fac408bf1129/datanode-3/meta/datanode.id
2019-08-28 20:35:57,288 [main] INFO  volume.HddsVolume (HddsVolume.java:<init>(176)) - Creating Volume: /workdir/hadoop-ozone/integration-test/target/test-dir/MiniOzoneClusterImpl-53cd5f02-19c6-4d92-85a0-fac408bf1129/datanode-4/data/containers/hdds of  storage type : DISK and capacity : 1482555576320
2019-08-28 20:35:57,289 [main] INFO  volume.VolumeSet (VolumeSet.java:initializeVolumeSet(170)) - Added Volume : /workdir/hadoop-ozone/integration-test/target/test-dir/MiniOzoneClusterImpl-53cd5f02-19c6-4d92-85a0-fac408bf1129/datanode-4/data/containers/hdds to VolumeSet
2019-08-28 20:35:57,289 [main] INFO  volume.ThrottledAsyncChecker (ThrottledAsyncChecker.java:schedule(140)) - Scheduling a check for org.apache.hadoop.ozone.container.common.volume.HddsVolume@4044589a
2019-08-28 20:35:57,289 [main] INFO  volume.HddsVolumeChecker (HddsVolumeChecker.java:checkAllVolumes(203)) - Scheduled health check for volume org.apache.hadoop.ozone.container.common.volume.HddsVolume@4044589a
2019-08-28 20:35:57,303 [main] INFO  impl.RaftServerProxy (ConfUtils.java:logGet(43)) - raft.rpc.type = GRPC (default)
2019-08-28 20:35:57,303 [main] INFO  grpc.GrpcFactory (GrpcFactory.java:checkPooledByteBufAllocatorUseCacheForAllThreads(45)) - PERFORMANCE WARNING: useCacheForAllThreads is true that may cause Netty to create a lot garbage objects and, as a result, trigger GC.
	It is recommended to disable useCacheForAllThreads by setting -Dorg.apache.ratis.thirdparty.io.netty.allocator.useCacheForAllThreads=false in command line.
2019-08-28 20:35:57,303 [main] INFO  grpc.GrpcConfigKeys$Server (ConfUtils.java:logGet(43)) - raft.grpc.server.port = 0 (default)
2019-08-28 20:35:57,304 [main] INFO  server.GrpcService (ConfUtils.java:logGet(43)) - raft.grpc.message.size.max = 33570816 (custom)
2019-08-28 20:35:57,304 [main] INFO  server.RaftServerConfigKeys (ConfUtils.java:logGet(43)) - raft.server.log.appender.buffer.byte-limit = 33554432 (custom)
2019-08-28 20:35:57,304 [main] INFO  server.GrpcService (ConfUtils.java:logGet(43)) - raft.grpc.flow.control.window = 1MB (=1048576) (default)
2019-08-28 20:35:57,304 [main] INFO  server.RaftServerConfigKeys (ConfUtils.java:logGet(43)) - raft.server.rpc.request.timeout = 3000ms (default)
2019-08-28 20:35:57,305 [main] INFO  server.RaftServerConfigKeys (ConfUtils.java:logGet(43)) - raft.server.storage.dir = [/workdir/hadoop-ozone/integration-test/target/test-dir/MiniOzoneClusterImpl-53cd5f02-19c6-4d92-85a0-fac408bf1129/datanode-4/data/ratis] (custom)
2019-08-28 20:35:57,305 [main] INFO  replication.SimpleContainerDownloader (SimpleContainerDownloader.java:<init>(72)) - Starting container downloader service to copy containers to replicate.
2019-08-28 20:35:57,306 [main] INFO  hdfs.DFSUtil (DFSUtil.java:httpServerTemplateForNNAndJN(1641)) - Starting Web-server for hddsDatanode at: http://0.0.0.0:0
2019-08-28 20:35:57,307 [main] INFO  server.AuthenticationFilter (AuthenticationFilter.java:constructSecretProvider(240)) - Unable to initialize FileSignerSecretProvider, falling back to use random secrets.
2019-08-28 20:35:57,307 [main] WARN  http.HttpRequestLog (HttpRequestLog.java:getRequestLog(97)) - Jetty request log can only be enabled using Log4j
2019-08-28 20:35:57,309 [main] INFO  http.HttpServer2 (HttpServer2.java:addGlobalFilter(975)) - Added global filter 'safety' (class=org.apache.hadoop.http.HttpServer2$QuotingInputFilter)
2019-08-28 20:35:57,309 [main] INFO  http.HttpServer2 (HttpServer2.java:addFilter(948)) - Added filter static_user_filter (class=org.apache.hadoop.http.lib.StaticUserWebFilter$StaticUserFilter) to context hddsDatanode
2019-08-28 20:35:57,310 [main] INFO  http.HttpServer2 (HttpServer2.java:addFilter(958)) - Added filter static_user_filter (class=org.apache.hadoop.http.lib.StaticUserWebFilter$StaticUserFilter) to context logs
2019-08-28 20:35:57,310 [main] INFO  http.HttpServer2 (HttpServer2.java:addFilter(958)) - Added filter static_user_filter (class=org.apache.hadoop.http.lib.StaticUserWebFilter$StaticUserFilter) to context static
2019-08-28 20:35:57,310 [main] INFO  http.HttpServer2 (HttpServer2.java:bindListener(1191)) - Jetty bound to port 46339
2019-08-28 20:35:57,310 [main] INFO  server.Server (Server.java:doStart(351)) - jetty-9.3.24.v20180605, build timestamp: 2018-06-05T17:11:56Z, git hash: 84205aa28f11a4f31f2a3b86d1bba2cc8ab69827
2019-08-28 20:35:57,312 [main] INFO  handler.ContextHandler (ContextHandler.java:doStart(781)) - Started o.e.j.s.ServletContextHandler@1b31af02{/logs,file:///workdir/hadoop-ozone/integration-test/target/log,AVAILABLE}
2019-08-28 20:35:57,312 [main] INFO  handler.ContextHandler (ContextHandler.java:doStart(781)) - Started o.e.j.s.ServletContextHandler@3c16528d{/static,jar:file:/home/user/.m2/repository/org/apache/hadoop/hadoop-hdds-container-service/0.5.0-SNAPSHOT/hadoop-hdds-container-service-0.5.0-SNAPSHOT.jar!/webapps/static,AVAILABLE}
2019-08-28 20:35:57,339 [main] INFO  handler.ContextHandler (ContextHandler.java:doStart(781)) - Started o.e.j.w.WebAppContext@5a3cf878{/,file:///tmp/jetty-0.0.0.0-46339-hddsDatanode-_-any-8750913173969014638.dir/webapp/,AVAILABLE}{/hddsDatanode}
2019-08-28 20:35:57,339 [main] INFO  server.AbstractConnector (AbstractConnector.java:doStart(278)) - Started ServerConnector@1d2d8846{HTTP/1.1,[http/1.1]}{0.0.0.0:46339}
2019-08-28 20:35:57,340 [main] INFO  server.Server (Server.java:doStart(419)) - Started @639949ms
2019-08-28 20:35:57,342 [main] INFO  server.BaseHttpServer (BaseHttpServer.java:updateConnectorAddress(226)) - HTTP server of HDDSDATANODE is listening at http://0.0.0.0:46339
2019-08-28 20:35:57,342 [main] INFO  impl.MetricsSystemImpl (MetricsSystemImpl.java:init(158)) - HddsDatanode metrics system started (again)
2019-08-28 20:35:57,346 [org.apache.hadoop.util.JvmPauseMonitor$Monitor@312fabc2] INFO  util.JvmPauseMonitor (JvmPauseMonitor.java:run(188)) - Starting JVM pause monitor
2019-08-28 20:35:57,346 [main] INFO  ozone.HddsDatanodeService (HddsDatanodeService.java:start(190)) - HddsDatanodeService host:pr-hdds-2051-mwr8n-2748524799 ip:192.168.5.177
2019-08-28 20:35:57,347 [Datanode State Machine Thread - 0] INFO  datanode.InitDatanodeState (InitDatanodeState.java:persistContainerDatanodeDetails(140)) - DatanodeDetails is persisted to /workdir/hadoop-ozone/integration-test/target/test-dir/MiniOzoneClusterImpl-53cd5f02-19c6-4d92-85a0-fac408bf1129/datanode-4/meta/datanode.id
2019-08-28 20:35:57,360 [main] INFO  volume.HddsVolume (HddsVolume.java:<init>(176)) - Creating Volume: /workdir/hadoop-ozone/integration-test/target/test-dir/MiniOzoneClusterImpl-53cd5f02-19c6-4d92-85a0-fac408bf1129/datanode-5/data/containers/hdds of  storage type : DISK and capacity : 1482555576320
2019-08-28 20:35:57,360 [main] INFO  volume.VolumeSet (VolumeSet.java:initializeVolumeSet(170)) - Added Volume : /workdir/hadoop-ozone/integration-test/target/test-dir/MiniOzoneClusterImpl-53cd5f02-19c6-4d92-85a0-fac408bf1129/datanode-5/data/containers/hdds to VolumeSet
2019-08-28 20:35:57,361 [main] INFO  volume.ThrottledAsyncChecker (ThrottledAsyncChecker.java:schedule(140)) - Scheduling a check for org.apache.hadoop.ozone.container.common.volume.HddsVolume@3e0a9b1d
2019-08-28 20:35:57,361 [main] INFO  volume.HddsVolumeChecker (HddsVolumeChecker.java:checkAllVolumes(203)) - Scheduled health check for volume org.apache.hadoop.ozone.container.common.volume.HddsVolume@3e0a9b1d
2019-08-28 20:35:57,377 [main] INFO  impl.RaftServerProxy (ConfUtils.java:logGet(43)) - raft.rpc.type = GRPC (default)
2019-08-28 20:35:57,377 [main] INFO  grpc.GrpcFactory (GrpcFactory.java:checkPooledByteBufAllocatorUseCacheForAllThreads(45)) - PERFORMANCE WARNING: useCacheForAllThreads is true that may cause Netty to create a lot garbage objects and, as a result, trigger GC.
	It is recommended to disable useCacheForAllThreads by setting -Dorg.apache.ratis.thirdparty.io.netty.allocator.useCacheForAllThreads=false in command line.
2019-08-28 20:35:57,378 [main] INFO  grpc.GrpcConfigKeys$Server (ConfUtils.java:logGet(43)) - raft.grpc.server.port = 0 (default)
2019-08-28 20:35:57,378 [main] INFO  server.GrpcService (ConfUtils.java:logGet(43)) - raft.grpc.message.size.max = 33570816 (custom)
2019-08-28 20:35:57,378 [main] INFO  server.RaftServerConfigKeys (ConfUtils.java:logGet(43)) - raft.server.log.appender.buffer.byte-limit = 33554432 (custom)
2019-08-28 20:35:57,378 [main] INFO  server.GrpcService (ConfUtils.java:logGet(43)) - raft.grpc.flow.control.window = 1MB (=1048576) (default)
2019-08-28 20:35:57,378 [main] INFO  server.RaftServerConfigKeys (ConfUtils.java:logGet(43)) - raft.server.rpc.request.timeout = 3000ms (default)
2019-08-28 20:35:57,379 [main] INFO  server.RaftServerConfigKeys (ConfUtils.java:logGet(43)) - raft.server.storage.dir = [/workdir/hadoop-ozone/integration-test/target/test-dir/MiniOzoneClusterImpl-53cd5f02-19c6-4d92-85a0-fac408bf1129/datanode-5/data/ratis] (custom)
2019-08-28 20:35:57,379 [main] INFO  replication.SimpleContainerDownloader (SimpleContainerDownloader.java:<init>(72)) - Starting container downloader service to copy containers to replicate.
2019-08-28 20:35:57,380 [main] INFO  hdfs.DFSUtil (DFSUtil.java:httpServerTemplateForNNAndJN(1641)) - Starting Web-server for hddsDatanode at: http://0.0.0.0:0
2019-08-28 20:35:57,381 [main] INFO  server.AuthenticationFilter (AuthenticationFilter.java:constructSecretProvider(240)) - Unable to initialize FileSignerSecretProvider, falling back to use random secrets.
2019-08-28 20:35:57,382 [main] WARN  http.HttpRequestLog (HttpRequestLog.java:getRequestLog(97)) - Jetty request log can only be enabled using Log4j
2019-08-28 20:35:57,383 [main] INFO  http.HttpServer2 (HttpServer2.java:addGlobalFilter(975)) - Added global filter 'safety' (class=org.apache.hadoop.http.HttpServer2$QuotingInputFilter)
2019-08-28 20:35:57,383 [main] INFO  http.HttpServer2 (HttpServer2.java:addFilter(948)) - Added filter static_user_filter (class=org.apache.hadoop.http.lib.StaticUserWebFilter$StaticUserFilter) to context hddsDatanode
2019-08-28 20:35:57,383 [main] INFO  http.HttpServer2 (HttpServer2.java:addFilter(958)) - Added filter static_user_filter (class=org.apache.hadoop.http.lib.StaticUserWebFilter$StaticUserFilter) to context static
2019-08-28 20:35:57,383 [main] INFO  http.HttpServer2 (HttpServer2.java:addFilter(958)) - Added filter static_user_filter (class=org.apache.hadoop.http.lib.StaticUserWebFilter$StaticUserFilter) to context logs
2019-08-28 20:35:57,384 [main] INFO  http.HttpServer2 (HttpServer2.java:bindListener(1191)) - Jetty bound to port 39033
2019-08-28 20:35:57,384 [main] INFO  server.Server (Server.java:doStart(351)) - jetty-9.3.24.v20180605, build timestamp: 2018-06-05T17:11:56Z, git hash: 84205aa28f11a4f31f2a3b86d1bba2cc8ab69827
2019-08-28 20:35:57,386 [main] INFO  handler.ContextHandler (ContextHandler.java:doStart(781)) - Started o.e.j.s.ServletContextHandler@e01a26b{/logs,file:///workdir/hadoop-ozone/integration-test/target/log,AVAILABLE}
2019-08-28 20:35:57,386 [main] INFO  handler.ContextHandler (ContextHandler.java:doStart(781)) - Started o.e.j.s.ServletContextHandler@5cce40d7{/static,jar:file:/home/user/.m2/repository/org/apache/hadoop/hadoop-hdds-container-service/0.5.0-SNAPSHOT/hadoop-hdds-container-service-0.5.0-SNAPSHOT.jar!/webapps/static,AVAILABLE}
2019-08-28 20:35:57,413 [main] INFO  handler.ContextHandler (ContextHandler.java:doStart(781)) - Started o.e.j.w.WebAppContext@3bd08435{/,file:///tmp/jetty-0.0.0.0-39033-hddsDatanode-_-any-5069646392659673255.dir/webapp/,AVAILABLE}{/hddsDatanode}
2019-08-28 20:35:57,413 [main] INFO  server.AbstractConnector (AbstractConnector.java:doStart(278)) - Started ServerConnector@3e52ed5d{HTTP/1.1,[http/1.1]}{0.0.0.0:39033}
2019-08-28 20:35:57,413 [main] INFO  server.Server (Server.java:doStart(419)) - Started @640023ms
2019-08-28 20:35:57,415 [main] INFO  server.BaseHttpServer (BaseHttpServer.java:updateConnectorAddress(226)) - HTTP server of HDDSDATANODE is listening at http://0.0.0.0:39033
2019-08-28 20:35:57,416 [main] INFO  impl.MetricsSystemImpl (MetricsSystemImpl.java:init(158)) - HddsDatanode metrics system started (again)
2019-08-28 20:35:57,419 [org.apache.hadoop.util.JvmPauseMonitor$Monitor@1bceb88f] INFO  util.JvmPauseMonitor (JvmPauseMonitor.java:run(188)) - Starting JVM pause monitor
2019-08-28 20:35:57,420 [main] INFO  ozone.HddsDatanodeService (HddsDatanodeService.java:start(190)) - HddsDatanodeService host:pr-hdds-2051-mwr8n-2748524799 ip:192.168.5.177
2019-08-28 20:35:57,420 [Datanode State Machine Thread - 0] INFO  datanode.InitDatanodeState (InitDatanodeState.java:persistContainerDatanodeDetails(140)) - DatanodeDetails is persisted to /workdir/hadoop-ozone/integration-test/target/test-dir/MiniOzoneClusterImpl-53cd5f02-19c6-4d92-85a0-fac408bf1129/datanode-5/meta/datanode.id
2019-08-28 20:35:57,427 [main] INFO  volume.HddsVolume (HddsVolume.java:<init>(176)) - Creating Volume: /workdir/hadoop-ozone/integration-test/target/test-dir/MiniOzoneClusterImpl-53cd5f02-19c6-4d92-85a0-fac408bf1129/datanode-6/data/containers/hdds of  storage type : DISK and capacity : 1482555576320
2019-08-28 20:35:57,428 [main] INFO  volume.VolumeSet (VolumeSet.java:initializeVolumeSet(170)) - Added Volume : /workdir/hadoop-ozone/integration-test/target/test-dir/MiniOzoneClusterImpl-53cd5f02-19c6-4d92-85a0-fac408bf1129/datanode-6/data/containers/hdds to VolumeSet
2019-08-28 20:35:57,428 [main] INFO  volume.ThrottledAsyncChecker (ThrottledAsyncChecker.java:schedule(140)) - Scheduling a check for org.apache.hadoop.ozone.container.common.volume.HddsVolume@5b332439
2019-08-28 20:35:57,429 [main] INFO  volume.HddsVolumeChecker (HddsVolumeChecker.java:checkAllVolumes(203)) - Scheduled health check for volume org.apache.hadoop.ozone.container.common.volume.HddsVolume@5b332439
2019-08-28 20:35:57,448 [main] INFO  impl.RaftServerProxy (ConfUtils.java:logGet(43)) - raft.rpc.type = GRPC (default)
2019-08-28 20:35:57,448 [main] INFO  grpc.GrpcFactory (GrpcFactory.java:checkPooledByteBufAllocatorUseCacheForAllThreads(45)) - PERFORMANCE WARNING: useCacheForAllThreads is true that may cause Netty to create a lot garbage objects and, as a result, trigger GC.
	It is recommended to disable useCacheForAllThreads by setting -Dorg.apache.ratis.thirdparty.io.netty.allocator.useCacheForAllThreads=false in command line.
2019-08-28 20:35:57,449 [main] INFO  grpc.GrpcConfigKeys$Server (ConfUtils.java:logGet(43)) - raft.grpc.server.port = 0 (default)
2019-08-28 20:35:57,449 [main] INFO  server.GrpcService (ConfUtils.java:logGet(43)) - raft.grpc.message.size.max = 33570816 (custom)
2019-08-28 20:35:57,449 [main] INFO  server.RaftServerConfigKeys (ConfUtils.java:logGet(43)) - raft.server.log.appender.buffer.byte-limit = 33554432 (custom)
2019-08-28 20:35:57,450 [main] INFO  server.GrpcService (ConfUtils.java:logGet(43)) - raft.grpc.flow.control.window = 1MB (=1048576) (default)
2019-08-28 20:35:57,450 [main] INFO  server.RaftServerConfigKeys (ConfUtils.java:logGet(43)) - raft.server.rpc.request.timeout = 3000ms (default)
2019-08-28 20:35:57,450 [main] INFO  server.RaftServerConfigKeys (ConfUtils.java:logGet(43)) - raft.server.storage.dir = [/workdir/hadoop-ozone/integration-test/target/test-dir/MiniOzoneClusterImpl-53cd5f02-19c6-4d92-85a0-fac408bf1129/datanode-6/data/ratis] (custom)
2019-08-28 20:35:57,451 [main] INFO  replication.SimpleContainerDownloader (SimpleContainerDownloader.java:<init>(72)) - Starting container downloader service to copy containers to replicate.
2019-08-28 20:35:57,452 [main] INFO  hdfs.DFSUtil (DFSUtil.java:httpServerTemplateForNNAndJN(1641)) - Starting Web-server for hddsDatanode at: http://0.0.0.0:0
2019-08-28 20:35:57,454 [main] INFO  server.AuthenticationFilter (AuthenticationFilter.java:constructSecretProvider(240)) - Unable to initialize FileSignerSecretProvider, falling back to use random secrets.
2019-08-28 20:35:57,455 [main] WARN  http.HttpRequestLog (HttpRequestLog.java:getRequestLog(97)) - Jetty request log can only be enabled using Log4j
2019-08-28 20:35:57,457 [main] INFO  http.HttpServer2 (HttpServer2.java:addGlobalFilter(975)) - Added global filter 'safety' (class=org.apache.hadoop.http.HttpServer2$QuotingInputFilter)
2019-08-28 20:35:57,458 [main] INFO  http.HttpServer2 (HttpServer2.java:addFilter(948)) - Added filter static_user_filter (class=org.apache.hadoop.http.lib.StaticUserWebFilter$StaticUserFilter) to context hddsDatanode
2019-08-28 20:35:57,458 [main] INFO  http.HttpServer2 (HttpServer2.java:addFilter(958)) - Added filter static_user_filter (class=org.apache.hadoop.http.lib.StaticUserWebFilter$StaticUserFilter) to context logs
2019-08-28 20:35:57,458 [main] INFO  http.HttpServer2 (HttpServer2.java:addFilter(958)) - Added filter static_user_filter (class=org.apache.hadoop.http.lib.StaticUserWebFilter$StaticUserFilter) to context static
2019-08-28 20:35:57,459 [main] INFO  http.HttpServer2 (HttpServer2.java:bindListener(1191)) - Jetty bound to port 39602
2019-08-28 20:35:57,460 [main] INFO  server.Server (Server.java:doStart(351)) - jetty-9.3.24.v20180605, build timestamp: 2018-06-05T17:11:56Z, git hash: 84205aa28f11a4f31f2a3b86d1bba2cc8ab69827
2019-08-28 20:35:57,462 [main] INFO  handler.ContextHandler (ContextHandler.java:doStart(781)) - Started o.e.j.s.ServletContextHandler@5d5d3a5c{/logs,file:///workdir/hadoop-ozone/integration-test/target/log,AVAILABLE}
2019-08-28 20:35:57,463 [main] INFO  handler.ContextHandler (ContextHandler.java:doStart(781)) - Started o.e.j.s.ServletContextHandler@7e18ced7{/static,jar:file:/home/user/.m2/repository/org/apache/hadoop/hadoop-hdds-container-service/0.5.0-SNAPSHOT/hadoop-hdds-container-service-0.5.0-SNAPSHOT.jar!/webapps/static,AVAILABLE}
2019-08-28 20:35:57,510 [main] INFO  handler.ContextHandler (ContextHandler.java:doStart(781)) - Started o.e.j.w.WebAppContext@58601e7a{/,file:///tmp/jetty-0.0.0.0-39602-hddsDatanode-_-any-7568955540477814201.dir/webapp/,AVAILABLE}{/hddsDatanode}
2019-08-28 20:35:57,510 [main] INFO  server.AbstractConnector (AbstractConnector.java:doStart(278)) - Started ServerConnector@62735b13{HTTP/1.1,[http/1.1]}{0.0.0.0:39602}
2019-08-28 20:35:57,513 [main] INFO  server.Server (Server.java:doStart(419)) - Started @640122ms
2019-08-28 20:35:57,514 [main] INFO  server.BaseHttpServer (BaseHttpServer.java:updateConnectorAddress(226)) - HTTP server of HDDSDATANODE is listening at http://0.0.0.0:39602
2019-08-28 20:35:57,514 [main] INFO  ozone.MiniOzoneClusterImpl (MiniOzoneClusterImpl.java:lambda$waitForClusterToBeReady$0(140)) - Waiting for cluster to be ready. Got 0 of 7 DN Heartbeats.
2019-08-28 20:35:57,516 [org.apache.hadoop.util.JvmPauseMonitor$Monitor@2debf936] INFO  util.JvmPauseMonitor (JvmPauseMonitor.java:run(188)) - Starting JVM pause monitor
2019-08-28 20:35:57,517 [Datanode State Machine Thread - 0] INFO  datanode.InitDatanodeState (InitDatanodeState.java:persistContainerDatanodeDetails(140)) - DatanodeDetails is persisted to /workdir/hadoop-ozone/integration-test/target/test-dir/MiniOzoneClusterImpl-53cd5f02-19c6-4d92-85a0-fac408bf1129/datanode-6/meta/datanode.id
2019-08-28 20:35:58,514 [main] INFO  ozone.MiniOzoneClusterImpl (MiniOzoneClusterImpl.java:lambda$waitForClusterToBeReady$0(140)) - Waiting for cluster to be ready. Got 0 of 7 DN Heartbeats.
2019-08-28 20:35:59,099 | INFO  | SCMAudit | user=jenkins1000 | ip=192.168.5.177 | op=GET_VERSION null | ret=SUCCESS |  
2019-08-28 20:35:59,115 [Datanode State Machine Thread - 0] INFO  ozoneimpl.OzoneContainer (OzoneContainer.java:start(201)) - Attempting to start container services.
2019-08-28 20:35:59,115 [Datanode State Machine Thread - 0] INFO  ozoneimpl.OzoneContainer (OzoneContainer.java:startContainerScrub(175)) - Background container scrubber has been disabled by hdds.containerscrub.enabled
2019-08-28 20:35:59,115 [Datanode State Machine Thread - 0] INFO  ratis.XceiverServerRatis (XceiverServerRatis.java:start(393)) - Starting XceiverServerRatis c5b9be6c-9c2e-4a02-a7ba-e3f0b513e1ab at port 0
2019-08-28 20:35:59,122 [Datanode State Machine Thread - 0] INFO  impl.RaftServerProxy (RaftServerProxy.java:lambda$start$3(299)) - c5b9be6c-9c2e-4a02-a7ba-e3f0b513e1ab: start RPC server
2019-08-28 20:35:59,124 [Datanode State Machine Thread - 0] INFO  server.GrpcService (GrpcService.java:startImpl(149)) - c5b9be6c-9c2e-4a02-a7ba-e3f0b513e1ab: GrpcService started, listening on 0.0.0.0/0.0.0.0:40270
2019-08-28 20:35:59,124 [Datanode State Machine Thread - 0] INFO  ratis.XceiverServerRatis (XceiverServerRatis.java:start(403)) - XceiverServerRatis c5b9be6c-9c2e-4a02-a7ba-e3f0b513e1ab is started using port 40270
2019-08-28 20:35:59,133 [Datanode State Machine Thread - 0] INFO  server.XceiverServerGrpc (XceiverServerGrpc.java:start(163)) - XceiverServerGrpc c5b9be6c-9c2e-4a02-a7ba-e3f0b513e1ab is started using port 39120
2019-08-28 20:35:59,153 | INFO  | SCMAudit | user=jenkins1000 | ip=192.168.5.177 | op=GET_VERSION null | ret=SUCCESS |  
2019-08-28 20:35:59,176 [Datanode State Machine Thread - 0] INFO  ozoneimpl.OzoneContainer (OzoneContainer.java:start(201)) - Attempting to start container services.
2019-08-28 20:35:59,176 [Datanode State Machine Thread - 0] INFO  ozoneimpl.OzoneContainer (OzoneContainer.java:startContainerScrub(175)) - Background container scrubber has been disabled by hdds.containerscrub.enabled
2019-08-28 20:35:59,177 [Datanode State Machine Thread - 0] INFO  ratis.XceiverServerRatis (XceiverServerRatis.java:start(393)) - Starting XceiverServerRatis e672058b-42e1-47c3-897e-84a1316cb1b0 at port 0
2019-08-28 20:35:59,184 [Datanode State Machine Thread - 0] INFO  impl.RaftServerProxy (RaftServerProxy.java:lambda$start$3(299)) - e672058b-42e1-47c3-897e-84a1316cb1b0: start RPC server
2019-08-28 20:35:59,186 [Datanode State Machine Thread - 0] INFO  server.GrpcService (GrpcService.java:startImpl(149)) - e672058b-42e1-47c3-897e-84a1316cb1b0: GrpcService started, listening on 0.0.0.0/0.0.0.0:40060
2019-08-28 20:35:59,187 [Datanode State Machine Thread - 0] INFO  ratis.XceiverServerRatis (XceiverServerRatis.java:start(403)) - XceiverServerRatis e672058b-42e1-47c3-897e-84a1316cb1b0 is started using port 40060
2019-08-28 20:35:59,187 [Datanode State Machine Thread - 0] INFO  server.XceiverServerGrpc (XceiverServerGrpc.java:start(163)) - XceiverServerGrpc e672058b-42e1-47c3-897e-84a1316cb1b0 is started using port 35922
2019-08-28 20:35:59,220 | INFO  | SCMAudit | user=jenkins1000 | ip=192.168.5.177 | op=GET_VERSION null | ret=SUCCESS |  
2019-08-28 20:35:59,234 [Datanode State Machine Thread - 0] INFO  ozoneimpl.OzoneContainer (OzoneContainer.java:start(201)) - Attempting to start container services.
2019-08-28 20:35:59,234 [Datanode State Machine Thread - 0] INFO  ozoneimpl.OzoneContainer (OzoneContainer.java:startContainerScrub(175)) - Background container scrubber has been disabled by hdds.containerscrub.enabled
2019-08-28 20:35:59,234 [Datanode State Machine Thread - 0] INFO  ratis.XceiverServerRatis (XceiverServerRatis.java:start(393)) - Starting XceiverServerRatis 593f8111-8960-43bd-a0b5-5a0ee5e7a443 at port 0
2019-08-28 20:35:59,242 [Datanode State Machine Thread - 0] INFO  impl.RaftServerProxy (RaftServerProxy.java:lambda$start$3(299)) - 593f8111-8960-43bd-a0b5-5a0ee5e7a443: start RPC server
2019-08-28 20:35:59,243 [Datanode State Machine Thread - 0] INFO  server.GrpcService (GrpcService.java:startImpl(149)) - 593f8111-8960-43bd-a0b5-5a0ee5e7a443: GrpcService started, listening on 0.0.0.0/0.0.0.0:34447
2019-08-28 20:35:59,243 [Datanode State Machine Thread - 0] INFO  ratis.XceiverServerRatis (XceiverServerRatis.java:start(403)) - XceiverServerRatis 593f8111-8960-43bd-a0b5-5a0ee5e7a443 is started using port 34447
2019-08-28 20:35:59,252 [Datanode State Machine Thread - 0] INFO  server.XceiverServerGrpc (XceiverServerGrpc.java:start(163)) - XceiverServerGrpc 593f8111-8960-43bd-a0b5-5a0ee5e7a443 is started using port 34973
2019-08-28 20:35:59,282 | INFO  | SCMAudit | user=jenkins1000 | ip=192.168.5.177 | op=GET_VERSION null | ret=SUCCESS |  
2019-08-28 20:35:59,295 [Datanode State Machine Thread - 0] INFO  ozoneimpl.OzoneContainer (OzoneContainer.java:start(201)) - Attempting to start container services.
2019-08-28 20:35:59,295 [Datanode State Machine Thread - 0] INFO  ozoneimpl.OzoneContainer (OzoneContainer.java:startContainerScrub(175)) - Background container scrubber has been disabled by hdds.containerscrub.enabled
2019-08-28 20:35:59,295 [Datanode State Machine Thread - 0] INFO  ratis.XceiverServerRatis (XceiverServerRatis.java:start(393)) - Starting XceiverServerRatis 3a675652-5de2-4019-bb1c-a11f6907c77c at port 0
2019-08-28 20:35:59,303 [Datanode State Machine Thread - 0] INFO  impl.RaftServerProxy (RaftServerProxy.java:lambda$start$3(299)) - 3a675652-5de2-4019-bb1c-a11f6907c77c: start RPC server
2019-08-28 20:35:59,304 [Datanode State Machine Thread - 0] INFO  server.GrpcService (GrpcService.java:startImpl(149)) - 3a675652-5de2-4019-bb1c-a11f6907c77c: GrpcService started, listening on 0.0.0.0/0.0.0.0:35869
2019-08-28 20:35:59,304 [Datanode State Machine Thread - 0] INFO  ratis.XceiverServerRatis (XceiverServerRatis.java:start(403)) - XceiverServerRatis 3a675652-5de2-4019-bb1c-a11f6907c77c is started using port 35869
2019-08-28 20:35:59,305 [Datanode State Machine Thread - 0] INFO  server.XceiverServerGrpc (XceiverServerGrpc.java:start(163)) - XceiverServerGrpc 3a675652-5de2-4019-bb1c-a11f6907c77c is started using port 38969
2019-08-28 20:35:59,346 | INFO  | SCMAudit | user=jenkins1000 | ip=192.168.5.177 | op=GET_VERSION null | ret=SUCCESS |  
2019-08-28 20:35:59,359 [Datanode State Machine Thread - 0] INFO  ozoneimpl.OzoneContainer (OzoneContainer.java:start(201)) - Attempting to start container services.
2019-08-28 20:35:59,359 [Datanode State Machine Thread - 0] INFO  ozoneimpl.OzoneContainer (OzoneContainer.java:startContainerScrub(175)) - Background container scrubber has been disabled by hdds.containerscrub.enabled
2019-08-28 20:35:59,359 [Datanode State Machine Thread - 0] INFO  ratis.XceiverServerRatis (XceiverServerRatis.java:start(393)) - Starting XceiverServerRatis 2e1e3d81-b170-4e8b-b1cd-cb6f18d4d582 at port 0
2019-08-28 20:35:59,367 [Datanode State Machine Thread - 0] INFO  impl.RaftServerProxy (RaftServerProxy.java:lambda$start$3(299)) - 2e1e3d81-b170-4e8b-b1cd-cb6f18d4d582: start RPC server
2019-08-28 20:35:59,367 [Datanode State Machine Thread - 0] INFO  server.GrpcService (GrpcService.java:startImpl(149)) - 2e1e3d81-b170-4e8b-b1cd-cb6f18d4d582: GrpcService started, listening on 0.0.0.0/0.0.0.0:44898
2019-08-28 20:35:59,367 [Datanode State Machine Thread - 0] INFO  ratis.XceiverServerRatis (XceiverServerRatis.java:start(403)) - XceiverServerRatis 2e1e3d81-b170-4e8b-b1cd-cb6f18d4d582 is started using port 44898
2019-08-28 20:35:59,370 [Datanode State Machine Thread - 0] INFO  server.XceiverServerGrpc (XceiverServerGrpc.java:start(163)) - XceiverServerGrpc 2e1e3d81-b170-4e8b-b1cd-cb6f18d4d582 is started using port 44119
2019-08-28 20:35:59,420 | INFO  | SCMAudit | user=jenkins1000 | ip=192.168.5.177 | op=GET_VERSION null | ret=SUCCESS |  
2019-08-28 20:35:59,448 [Datanode State Machine Thread - 0] INFO  ozoneimpl.OzoneContainer (OzoneContainer.java:start(201)) - Attempting to start container services.
2019-08-28 20:35:59,449 [Datanode State Machine Thread - 0] INFO  ozoneimpl.OzoneContainer (OzoneContainer.java:startContainerScrub(175)) - Background container scrubber has been disabled by hdds.containerscrub.enabled
2019-08-28 20:35:59,449 [Datanode State Machine Thread - 0] INFO  ratis.XceiverServerRatis (XceiverServerRatis.java:start(393)) - Starting XceiverServerRatis 937d6d9e-d3c6-4b74-8a6d-7afbbf2178d6 at port 0
2019-08-28 20:35:59,457 [Datanode State Machine Thread - 0] INFO  impl.RaftServerProxy (RaftServerProxy.java:lambda$start$3(299)) - 937d6d9e-d3c6-4b74-8a6d-7afbbf2178d6: start RPC server
2019-08-28 20:35:59,457 [Datanode State Machine Thread - 0] INFO  server.GrpcService (GrpcService.java:startImpl(149)) - 937d6d9e-d3c6-4b74-8a6d-7afbbf2178d6: GrpcService started, listening on 0.0.0.0/0.0.0.0:33042
2019-08-28 20:35:59,458 [Datanode State Machine Thread - 0] INFO  ratis.XceiverServerRatis (XceiverServerRatis.java:start(403)) - XceiverServerRatis 937d6d9e-d3c6-4b74-8a6d-7afbbf2178d6 is started using port 33042
2019-08-28 20:35:59,458 [Datanode State Machine Thread - 0] INFO  server.XceiverServerGrpc (XceiverServerGrpc.java:start(163)) - XceiverServerGrpc 937d6d9e-d3c6-4b74-8a6d-7afbbf2178d6 is started using port 40178
2019-08-28 20:35:59,515 [main] INFO  ozone.MiniOzoneClusterImpl (MiniOzoneClusterImpl.java:lambda$waitForClusterToBeReady$0(140)) - Waiting for cluster to be ready. Got 0 of 7 DN Heartbeats.
2019-08-28 20:35:59,516 | INFO  | SCMAudit | user=jenkins1000 | ip=192.168.5.177 | op=GET_VERSION null | ret=SUCCESS |  
2019-08-28 20:35:59,542 [Datanode State Machine Thread - 0] INFO  ozoneimpl.OzoneContainer (OzoneContainer.java:start(201)) - Attempting to start container services.
2019-08-28 20:35:59,542 [Datanode State Machine Thread - 0] INFO  ozoneimpl.OzoneContainer (OzoneContainer.java:startContainerScrub(175)) - Background container scrubber has been disabled by hdds.containerscrub.enabled
2019-08-28 20:35:59,542 [Datanode State Machine Thread - 0] INFO  ratis.XceiverServerRatis (XceiverServerRatis.java:start(393)) - Starting XceiverServerRatis 0f3aefe0-192d-4dd1-8b69-25e558fe3111 at port 0
2019-08-28 20:35:59,549 [Datanode State Machine Thread - 0] INFO  impl.RaftServerProxy (RaftServerProxy.java:lambda$start$3(299)) - 0f3aefe0-192d-4dd1-8b69-25e558fe3111: start RPC server
2019-08-28 20:35:59,549 [Datanode State Machine Thread - 0] INFO  server.GrpcService (GrpcService.java:startImpl(149)) - 0f3aefe0-192d-4dd1-8b69-25e558fe3111: GrpcService started, listening on 0.0.0.0/0.0.0.0:36031
2019-08-28 20:35:59,549 [Datanode State Machine Thread - 0] INFO  ratis.XceiverServerRatis (XceiverServerRatis.java:start(403)) - XceiverServerRatis 0f3aefe0-192d-4dd1-8b69-25e558fe3111 is started using port 36031
2019-08-28 20:35:59,550 [Datanode State Machine Thread - 0] INFO  server.XceiverServerGrpc (XceiverServerGrpc.java:start(163)) - XceiverServerGrpc 0f3aefe0-192d-4dd1-8b69-25e558fe3111 is started using port 37084
2019-08-28 20:36:00,515 [main] INFO  ozone.MiniOzoneClusterImpl (MiniOzoneClusterImpl.java:lambda$waitForClusterToBeReady$0(140)) - Waiting for cluster to be ready. Got 0 of 7 DN Heartbeats.
2019-08-28 20:36:01,098 [IPC Server handler 4 on 41061] INFO  net.NetworkTopology (NetworkTopologyImpl.java:add(110)) - Added a new node: /default-rack/c5b9be6c-9c2e-4a02-a7ba-e3f0b513e1ab
2019-08-28 20:36:01,101 [IPC Server handler 4 on 41061] INFO  node.SCMNodeManager (SCMNodeManager.java:register(273)) - Registered Data node : c5b9be6c-9c2e-4a02-a7ba-e3f0b513e1ab{ip: 192.168.5.177, host: pr-hdds-2051-mwr8n-2748524799, networkLocation: /default-rack, certSerialId: null}
2019-08-28 20:36:01,102 [EventQueue-NodeRegistrationContainerReportForDataNodeSafeModeRule] INFO  safemode.SCMSafeModeManager (DataNodeSafeModeRule.java:process(71)) - SCM in safe mode. 1 DataNodes registered, 1 required.
2019-08-28 20:36:01,102 | INFO  | SCMAudit | user=jenkins1000 | ip=192.168.5.177 | op=REGISTER {datanodeDetails=c5b9be6c-9c2e-4a02-a7ba-e3f0b513e1ab{ip: 192.168.5.177, host: pr-hdds-2051-mwr8n-2748524799, networkLocation: /default-rack, certSerialId: null}} | ret=SUCCESS |  
2019-08-28 20:36:01,104 [EventQueue-NodeRegistrationContainerReportForDataNodeSafeModeRule] INFO  safemode.SCMSafeModeManager (SCMSafeModeManager.java:validateSafeModeExitRules(177)) - ScmSafeModeManager, all rules are successfully validated
2019-08-28 20:36:01,104 [EventQueue-NodeRegistrationContainerReportForDataNodeSafeModeRule] INFO  safemode.SCMSafeModeManager (SCMSafeModeManager.java:exitSafeMode(193)) - SCM exiting safe mode.
2019-08-28 20:36:01,123 [grpc-default-executor-10] INFO  impl.RaftServerProxy (RaftServerProxy.java:addNew(89)) - c5b9be6c-9c2e-4a02-a7ba-e3f0b513e1ab: addNew group-2CD6B5449342:[c5b9be6c-9c2e-4a02-a7ba-e3f0b513e1ab:192.168.5.177:40270] returns group-2CD6B5449342:java.util.concurrent.CompletableFuture@24798681[Not completed]
2019-08-28 20:36:01,125 [pool-536-thread-1] INFO  impl.RaftServerImpl (RaftServerImpl.java:<init>(93)) - c5b9be6c-9c2e-4a02-a7ba-e3f0b513e1ab: new RaftServerImpl for group-2CD6B5449342:[c5b9be6c-9c2e-4a02-a7ba-e3f0b513e1ab:192.168.5.177:40270] with ContainerStateMachine:uninitialized
2019-08-28 20:36:01,126 [pool-536-thread-1] INFO  server.RaftServerConfigKeys (ConfUtils.java:logGet(43)) - raft.server.rpc.timeout.min = 5s (custom)
2019-08-28 20:36:01,126 [pool-536-thread-1] INFO  server.RaftServerConfigKeys (ConfUtils.java:logGet(43)) - raft.server.rpc.timeout.max = 5200ms (custom)
2019-08-28 20:36:01,126 [pool-536-thread-1] INFO  server.RaftServerConfigKeys (ConfUtils.java:logGet(43)) - raft.server.rpcslowness.timeout = 120s (custom)
2019-08-28 20:36:01,126 [pool-536-thread-1] INFO  server.RaftServerConfigKeys (ConfUtils.java:logGet(43)) - raft.server.sleep.deviation.threshold = 300 (default)
2019-08-28 20:36:01,127 [pool-536-thread-1] INFO  server.RaftServerConfigKeys (ConfUtils.java:logGet(43)) - raft.server.log.appender.install.snapshot.enabled = false (custom)
2019-08-28 20:36:01,127 [pool-536-thread-1] INFO  impl.RaftServerImpl (ServerState.java:<init>(105)) - c5b9be6c-9c2e-4a02-a7ba-e3f0b513e1ab:group-2CD6B5449342 ConfigurationManager, init=-1: [c5b9be6c-9c2e-4a02-a7ba-e3f0b513e1ab:192.168.5.177:40270], old=null, confs=<EMPTY_MAP>
2019-08-28 20:36:01,127 [pool-536-thread-1] INFO  server.RaftServerConfigKeys (ConfUtils.java:logGet(43)) - raft.server.storage.dir = [/workdir/hadoop-ozone/integration-test/target/test-dir/MiniOzoneClusterImpl-53cd5f02-19c6-4d92-85a0-fac408bf1129/datanode-0/data/ratis] (custom)
2019-08-28 20:36:01,128 [pool-536-thread-1] INFO  storage.RaftStorageDirectory (RaftStorageDirectory.java:analyzeStorage(246)) - The storage directory /workdir/hadoop-ozone/integration-test/target/test-dir/MiniOzoneClusterImpl-53cd5f02-19c6-4d92-85a0-fac408bf1129/datanode-0/data/ratis/c23d3dd0-ed57-4d4a-9e48-2cd6b5449342 does not exist. Creating ...
2019-08-28 20:36:01,153 [pool-536-thread-1] INFO  storage.RaftStorageDirectory (RaftStorageDirectory.java:tryLock(328)) - Lock on /workdir/hadoop-ozone/integration-test/target/test-dir/MiniOzoneClusterImpl-53cd5f02-19c6-4d92-85a0-fac408bf1129/datanode-0/data/ratis/c23d3dd0-ed57-4d4a-9e48-2cd6b5449342/in_use.lock acquired by nodename 28934@pr-hdds-2051-mwr8n-2748524799
2019-08-28 20:36:01,154 [IPC Server handler 5 on 41061] INFO  net.NetworkTopology (NetworkTopologyImpl.java:add(110)) - Added a new node: /default-rack/e672058b-42e1-47c3-897e-84a1316cb1b0
2019-08-28 20:36:01,154 [IPC Server handler 5 on 41061] INFO  node.SCMNodeManager (SCMNodeManager.java:register(273)) - Registered Data node : e672058b-42e1-47c3-897e-84a1316cb1b0{ip: 192.168.5.177, host: pr-hdds-2051-mwr8n-2748524799, networkLocation: /default-rack, certSerialId: null}
2019-08-28 20:36:01,155 | INFO  | SCMAudit | user=jenkins1000 | ip=192.168.5.177 | op=REGISTER {datanodeDetails=e672058b-42e1-47c3-897e-84a1316cb1b0{ip: 192.168.5.177, host: pr-hdds-2051-mwr8n-2748524799, networkLocation: /default-rack, certSerialId: null}} | ret=SUCCESS |  
2019-08-28 20:36:01,166 [pool-536-thread-1] INFO  storage.RaftStorage (RaftStorage.java:format(72)) - Storage directory /workdir/hadoop-ozone/integration-test/target/test-dir/MiniOzoneClusterImpl-53cd5f02-19c6-4d92-85a0-fac408bf1129/datanode-0/data/ratis/c23d3dd0-ed57-4d4a-9e48-2cd6b5449342 has been successfully formatted.
2019-08-28 20:36:01,166 [pool-536-thread-1] INFO  ratis.ContainerStateMachine (ContainerStateMachine.java:loadSnapshot(227)) - group-2CD6B5449342: The snapshot info is null. Setting the last applied indexto:(t:0, i:~)
2019-08-28 20:36:01,166 [pool-536-thread-1] INFO  server.RaftServerConfigKeys (ConfUtils.java:logGet(43)) - raft.server.leader.election.timeout = 120s (custom)
2019-08-28 20:36:01,166 [pool-536-thread-1] INFO  server.RaftServerConfigKeys (ConfUtils.java:logGet(43)) - raft.server.log.use.memory = false (default)
2019-08-28 20:36:01,167 [pool-536-thread-1] INFO  server.RaftServerConfigKeys (ConfUtils.java:logGet(43)) - raft.server.log.purge.gap = 1000000 (custom)
2019-08-28 20:36:01,167 [pool-536-thread-1] INFO  server.RaftServerConfigKeys (ConfUtils.java:logGet(43)) - raft.server.log.appender.buffer.byte-limit = 33554432 (custom)
2019-08-28 20:36:01,167 [pool-536-thread-1] INFO  server.RaftServerConfigKeys (ConfUtils.java:logGet(43)) - raft.server.log.segment.size.max = 1048576 (custom)
2019-08-28 20:36:01,167 [pool-536-thread-1] INFO  server.RaftServerConfigKeys (ConfUtils.java:logGet(43)) - raft.server.log.segment.cache.num.max = 2 (custom)
2019-08-28 20:36:01,167 [pool-536-thread-1] INFO  segmented.SegmentedRaftLogWorker (SegmentedRaftLogWorker.java:<init>(172)) - new c5b9be6c-9c2e-4a02-a7ba-e3f0b513e1ab-SegmentedRaftLogWorker:Storage Directory /workdir/hadoop-ozone/integration-test/target/test-dir/MiniOzoneClusterImpl-53cd5f02-19c6-4d92-85a0-fac408bf1129/datanode-0/data/ratis/c23d3dd0-ed57-4d4a-9e48-2cd6b5449342 for RaftStorage:Storage Directory /workdir/hadoop-ozone/integration-test/target/test-dir/MiniOzoneClusterImpl-53cd5f02-19c6-4d92-85a0-fac408bf1129/datanode-0/data/ratis/c23d3dd0-ed57-4d4a-9e48-2cd6b5449342
2019-08-28 20:36:01,168 [pool-536-thread-1] INFO  server.RaftServerConfigKeys (ConfUtils.java:logGet(43)) - raft.server.log.queue.byte-limit = 2147483647 (custom)
2019-08-28 20:36:01,168 [pool-536-thread-1] INFO  server.RaftServerConfigKeys (ConfUtils.java:logGet(43)) - raft.server.log.queue.element-limit = 1024 (custom)
2019-08-28 20:36:01,168 [pool-536-thread-1] INFO  server.RaftServerConfigKeys (ConfUtils.java:logGet(43)) - raft.server.log.segment.size.max = 1048576 (custom)
2019-08-28 20:36:01,168 [pool-536-thread-1] INFO  server.RaftServerConfigKeys (ConfUtils.java:logGet(43)) - raft.server.log.preallocated.size = 16384 (custom)
2019-08-28 20:36:01,168 [pool-536-thread-1] INFO  server.RaftServerConfigKeys (ConfUtils.java:logGet(43)) - raft.server.log.write.buffer.size = 33554432 (custom)
2019-08-28 20:36:01,169 [pool-536-thread-1] INFO  server.RaftServerConfigKeys (ConfUtils.java:logGet(43)) - raft.server.log.force.sync.num = 128 (default)
2019-08-28 20:36:01,169 [pool-536-thread-1] INFO  server.RaftServerConfigKeys (ConfUtils.java:logGet(43)) - raft.server.log.statemachine.data.sync = true (default)
2019-08-28 20:36:01,169 [pool-536-thread-1] INFO  server.RaftServerConfigKeys (ConfUtils.java:logGet(43)) - raft.server.log.statemachine.data.sync.timeout = 10s (default)
2019-08-28 20:36:01,169 [pool-536-thread-1] INFO  server.RaftServerConfigKeys (ConfUtils.java:logGet(43)) - raft.server.log.statemachine.data.sync.timeout.retry = -1 (default)
2019-08-28 20:36:01,169 [pool-536-thread-1] INFO  server.RaftServerConfigKeys (ConfUtils.java:logGet(43)) - raft.server.log.statemachine.data.caching.enabled = true (custom)
2019-08-28 20:36:01,170 [pool-536-thread-1] INFO  segmented.SegmentedRaftLogWorker (SegmentedRaftLogWorker.java:lambda$new$0(132)) - c5b9be6c-9c2e-4a02-a7ba-e3f0b513e1ab-SegmentedRaftLogWorker:Storage Directory /workdir/hadoop-ozone/integration-test/target/test-dir/MiniOzoneClusterImpl-53cd5f02-19c6-4d92-85a0-fac408bf1129/datanode-0/data/ratis/c23d3dd0-ed57-4d4a-9e48-2cd6b5449342: flushIndex: setUnconditionally 0 -> -1
2019-08-28 20:36:01,170 [pool-536-thread-1] INFO  server.RaftServerConfigKeys (ConfUtils.java:logGet(43)) - raft.server.snapshot.auto.trigger.enabled = true (custom)
2019-08-28 20:36:01,170 [pool-536-thread-1] INFO  server.RaftServerConfigKeys (ConfUtils.java:logGet(43)) - raft.server.snapshot.auto.trigger.threshold = 10000 (custom)
2019-08-28 20:36:01,171 [pool-536-thread-1] INFO  server.RaftServerConfigKeys (ConfUtils.java:logGet(43)) - raft.server.retrycache.expirytime = 600000ms (custom)
2019-08-28 20:36:01,171 [pool-536-thread-1] INFO  impl.RaftServerImpl (RaftServerImpl.java:start(180)) - c5b9be6c-9c2e-4a02-a7ba-e3f0b513e1ab: start group-2CD6B5449342
2019-08-28 20:36:01,171 [pool-536-thread-1] INFO  impl.RaftServerImpl (RaftServerImpl.java:setRole(171)) - c5b9be6c-9c2e-4a02-a7ba-e3f0b513e1ab:group-2CD6B5449342 changes role from null to FOLLOWER at term 0 for startAsFollower
2019-08-28 20:36:01,171 [pool-536-thread-1] INFO  impl.RoleInfo (RoleInfo.java:updateAndGet(143)) - c5b9be6c-9c2e-4a02-a7ba-e3f0b513e1ab: start FollowerState
2019-08-28 20:36:01,172 [pool-536-thread-1] INFO  util.JmxRegister (JmxRegister.java:tryRegister(44)) - Successfully registered JMX Bean with object name Ratis:service=RaftServer,group=group-2CD6B5449342,id=c5b9be6c-9c2e-4a02-a7ba-e3f0b513e1ab
2019-08-28 20:36:01,195 [RatisPipelineUtilsThread] INFO  pipeline.PipelineStateManager (PipelineStateManager.java:addPipeline(56)) - Created pipeline Pipeline[ Id: c23d3dd0-ed57-4d4a-9e48-2cd6b5449342, Nodes: c5b9be6c-9c2e-4a02-a7ba-e3f0b513e1ab{ip: 192.168.5.177, host: pr-hdds-2051-mwr8n-2748524799, networkLocation: /default-rack, certSerialId: null}, Type:RATIS, Factor:ONE, State:OPEN]
2019-08-28 20:36:01,220 [IPC Server handler 6 on 41061] INFO  net.NetworkTopology (NetworkTopologyImpl.java:add(110)) - Added a new node: /default-rack/593f8111-8960-43bd-a0b5-5a0ee5e7a443
2019-08-28 20:36:01,220 [IPC Server handler 6 on 41061] INFO  node.SCMNodeManager (SCMNodeManager.java:register(273)) - Registered Data node : 593f8111-8960-43bd-a0b5-5a0ee5e7a443{ip: 192.168.5.177, host: pr-hdds-2051-mwr8n-2748524799, networkLocation: /default-rack, certSerialId: null}
2019-08-28 20:36:01,221 | INFO  | SCMAudit | user=jenkins1000 | ip=192.168.5.177 | op=REGISTER {datanodeDetails=593f8111-8960-43bd-a0b5-5a0ee5e7a443{ip: 192.168.5.177, host: pr-hdds-2051-mwr8n-2748524799, networkLocation: /default-rack, certSerialId: null}} | ret=SUCCESS |  
2019-08-28 20:36:01,224 [grpc-default-executor-10] INFO  impl.RaftServerProxy (RaftServerProxy.java:addNew(89)) - e672058b-42e1-47c3-897e-84a1316cb1b0: addNew group-80BDAB98C518:[e672058b-42e1-47c3-897e-84a1316cb1b0:192.168.5.177:40060] returns group-80BDAB98C518:java.util.concurrent.CompletableFuture@471433e2[Not completed]
2019-08-28 20:36:01,226 [pool-547-thread-1] INFO  impl.RaftServerImpl (RaftServerImpl.java:<init>(93)) - e672058b-42e1-47c3-897e-84a1316cb1b0: new RaftServerImpl for group-80BDAB98C518:[e672058b-42e1-47c3-897e-84a1316cb1b0:192.168.5.177:40060] with ContainerStateMachine:uninitialized
2019-08-28 20:36:01,226 [pool-547-thread-1] INFO  server.RaftServerConfigKeys (ConfUtils.java:logGet(43)) - raft.server.rpc.timeout.min = 5s (custom)
2019-08-28 20:36:01,227 [pool-547-thread-1] INFO  server.RaftServerConfigKeys (ConfUtils.java:logGet(43)) - raft.server.rpc.timeout.max = 5200ms (custom)
2019-08-28 20:36:01,227 [pool-547-thread-1] INFO  server.RaftServerConfigKeys (ConfUtils.java:logGet(43)) - raft.server.rpcslowness.timeout = 120s (custom)
2019-08-28 20:36:01,227 [pool-547-thread-1] INFO  server.RaftServerConfigKeys (ConfUtils.java:logGet(43)) - raft.server.sleep.deviation.threshold = 300 (default)
2019-08-28 20:36:01,227 [pool-547-thread-1] INFO  server.RaftServerConfigKeys (ConfUtils.java:logGet(43)) - raft.server.log.appender.install.snapshot.enabled = false (custom)
2019-08-28 20:36:01,227 [pool-547-thread-1] INFO  impl.RaftServerImpl (ServerState.java:<init>(105)) - e672058b-42e1-47c3-897e-84a1316cb1b0:group-80BDAB98C518 ConfigurationManager, init=-1: [e672058b-42e1-47c3-897e-84a1316cb1b0:192.168.5.177:40060], old=null, confs=<EMPTY_MAP>
2019-08-28 20:36:01,227 [pool-547-thread-1] INFO  server.RaftServerConfigKeys (ConfUtils.java:logGet(43)) - raft.server.storage.dir = [/workdir/hadoop-ozone/integration-test/target/test-dir/MiniOzoneClusterImpl-53cd5f02-19c6-4d92-85a0-fac408bf1129/datanode-1/data/ratis] (custom)
2019-08-28 20:36:01,228 [pool-547-thread-1] INFO  storage.RaftStorageDirectory (RaftStorageDirectory.java:analyzeStorage(246)) - The storage directory /workdir/hadoop-ozone/integration-test/target/test-dir/MiniOzoneClusterImpl-53cd5f02-19c6-4d92-85a0-fac408bf1129/datanode-1/data/ratis/39d05966-bd02-48fa-878e-80bdab98c518 does not exist. Creating ...
2019-08-28 20:36:01,240 [pool-547-thread-1] INFO  storage.RaftStorageDirectory (RaftStorageDirectory.java:tryLock(328)) - Lock on /workdir/hadoop-ozone/integration-test/target/test-dir/MiniOzoneClusterImpl-53cd5f02-19c6-4d92-85a0-fac408bf1129/datanode-1/data/ratis/39d05966-bd02-48fa-878e-80bdab98c518/in_use.lock acquired by nodename 28934@pr-hdds-2051-mwr8n-2748524799
2019-08-28 20:36:01,253 [pool-547-thread-1] INFO  storage.RaftStorage (RaftStorage.java:format(72)) - Storage directory /workdir/hadoop-ozone/integration-test/target/test-dir/MiniOzoneClusterImpl-53cd5f02-19c6-4d92-85a0-fac408bf1129/datanode-1/data/ratis/39d05966-bd02-48fa-878e-80bdab98c518 has been successfully formatted.
2019-08-28 20:36:01,253 [pool-547-thread-1] INFO  ratis.ContainerStateMachine (ContainerStateMachine.java:loadSnapshot(227)) - group-80BDAB98C518: The snapshot info is null. Setting the last applied indexto:(t:0, i:~)
2019-08-28 20:36:01,253 [pool-547-thread-1] INFO  server.RaftServerConfigKeys (ConfUtils.java:logGet(43)) - raft.server.leader.election.timeout = 120s (custom)
2019-08-28 20:36:01,254 [pool-547-thread-1] INFO  server.RaftServerConfigKeys (ConfUtils.java:logGet(43)) - raft.server.log.use.memory = false (default)
2019-08-28 20:36:01,254 [pool-547-thread-1] INFO  server.RaftServerConfigKeys (ConfUtils.java:logGet(43)) - raft.server.log.purge.gap = 1000000 (custom)
2019-08-28 20:36:01,254 [pool-547-thread-1] INFO  server.RaftServerConfigKeys (ConfUtils.java:logGet(43)) - raft.server.log.appender.buffer.byte-limit = 33554432 (custom)
2019-08-28 20:36:01,254 [pool-547-thread-1] INFO  server.RaftServerConfigKeys (ConfUtils.java:logGet(43)) - raft.server.log.segment.size.max = 1048576 (custom)
2019-08-28 20:36:01,254 [pool-547-thread-1] INFO  server.RaftServerConfigKeys (ConfUtils.java:logGet(43)) - raft.server.log.segment.cache.num.max = 2 (custom)
2019-08-28 20:36:01,254 [pool-547-thread-1] INFO  segmented.SegmentedRaftLogWorker (SegmentedRaftLogWorker.java:<init>(172)) - new e672058b-42e1-47c3-897e-84a1316cb1b0-SegmentedRaftLogWorker:Storage Directory /workdir/hadoop-ozone/integration-test/target/test-dir/MiniOzoneClusterImpl-53cd5f02-19c6-4d92-85a0-fac408bf1129/datanode-1/data/ratis/39d05966-bd02-48fa-878e-80bdab98c518 for RaftStorage:Storage Directory /workdir/hadoop-ozone/integration-test/target/test-dir/MiniOzoneClusterImpl-53cd5f02-19c6-4d92-85a0-fac408bf1129/datanode-1/data/ratis/39d05966-bd02-48fa-878e-80bdab98c518
2019-08-28 20:36:01,255 [pool-547-thread-1] INFO  server.RaftServerConfigKeys (ConfUtils.java:logGet(43)) - raft.server.log.queue.byte-limit = 2147483647 (custom)
2019-08-28 20:36:01,255 [pool-547-thread-1] INFO  server.RaftServerConfigKeys (ConfUtils.java:logGet(43)) - raft.server.log.queue.element-limit = 1024 (custom)
2019-08-28 20:36:01,255 [pool-547-thread-1] INFO  server.RaftServerConfigKeys (ConfUtils.java:logGet(43)) - raft.server.log.segment.size.max = 1048576 (custom)
2019-08-28 20:36:01,255 [pool-547-thread-1] INFO  server.RaftServerConfigKeys (ConfUtils.java:logGet(43)) - raft.server.log.preallocated.size = 16384 (custom)
2019-08-28 20:36:01,255 [pool-547-thread-1] INFO  server.RaftServerConfigKeys (ConfUtils.java:logGet(43)) - raft.server.log.write.buffer.size = 33554432 (custom)
2019-08-28 20:36:01,256 [pool-547-thread-1] INFO  server.RaftServerConfigKeys (ConfUtils.java:logGet(43)) - raft.server.log.force.sync.num = 128 (default)
2019-08-28 20:36:01,256 [pool-547-thread-1] INFO  server.RaftServerConfigKeys (ConfUtils.java:logGet(43)) - raft.server.log.statemachine.data.sync = true (default)
2019-08-28 20:36:01,256 [pool-547-thread-1] INFO  server.RaftServerConfigKeys (ConfUtils.java:logGet(43)) - raft.server.log.statemachine.data.sync.timeout = 10s (default)
2019-08-28 20:36:01,256 [pool-547-thread-1] INFO  server.RaftServerConfigKeys (ConfUtils.java:logGet(43)) - raft.server.log.statemachine.data.sync.timeout.retry = -1 (default)
2019-08-28 20:36:01,256 [pool-547-thread-1] INFO  server.RaftServerConfigKeys (ConfUtils.java:logGet(43)) - raft.server.log.statemachine.data.caching.enabled = true (custom)
2019-08-28 20:36:01,257 [pool-547-thread-1] INFO  segmented.SegmentedRaftLogWorker (SegmentedRaftLogWorker.java:lambda$new$0(132)) - e672058b-42e1-47c3-897e-84a1316cb1b0-SegmentedRaftLogWorker:Storage Directory /workdir/hadoop-ozone/integration-test/target/test-dir/MiniOzoneClusterImpl-53cd5f02-19c6-4d92-85a0-fac408bf1129/datanode-1/data/ratis/39d05966-bd02-48fa-878e-80bdab98c518: flushIndex: setUnconditionally 0 -> -1
2019-08-28 20:36:01,257 [pool-547-thread-1] INFO  server.RaftServerConfigKeys (ConfUtils.java:logGet(43)) - raft.server.snapshot.auto.trigger.enabled = true (custom)
2019-08-28 20:36:01,257 [pool-547-thread-1] INFO  server.RaftServerConfigKeys (ConfUtils.java:logGet(43)) - raft.server.snapshot.auto.trigger.threshold = 10000 (custom)
2019-08-28 20:36:01,258 [pool-547-thread-1] INFO  server.RaftServerConfigKeys (ConfUtils.java:logGet(43)) - raft.server.retrycache.expirytime = 600000ms (custom)
2019-08-28 20:36:01,258 [pool-547-thread-1] INFO  impl.RaftServerImpl (RaftServerImpl.java:start(180)) - e672058b-42e1-47c3-897e-84a1316cb1b0: start group-80BDAB98C518
2019-08-28 20:36:01,258 [pool-547-thread-1] INFO  impl.RaftServerImpl (RaftServerImpl.java:setRole(171)) - e672058b-42e1-47c3-897e-84a1316cb1b0:group-80BDAB98C518 changes role from null to FOLLOWER at term 0 for startAsFollower
2019-08-28 20:36:01,258 [pool-547-thread-1] INFO  impl.RoleInfo (RoleInfo.java:updateAndGet(143)) - e672058b-42e1-47c3-897e-84a1316cb1b0: start FollowerState
2019-08-28 20:36:01,259 [pool-547-thread-1] INFO  util.JmxRegister (JmxRegister.java:tryRegister(44)) - Successfully registered JMX Bean with object name Ratis:service=RaftServer,group=group-80BDAB98C518,id=e672058b-42e1-47c3-897e-84a1316cb1b0
2019-08-28 20:36:01,261 [RatisPipelineUtilsThread] INFO  pipeline.PipelineStateManager (PipelineStateManager.java:addPipeline(56)) - Created pipeline Pipeline[ Id: 39d05966-bd02-48fa-878e-80bdab98c518, Nodes: e672058b-42e1-47c3-897e-84a1316cb1b0{ip: 192.168.5.177, host: pr-hdds-2051-mwr8n-2748524799, networkLocation: /default-rack, certSerialId: null}, Type:RATIS, Factor:ONE, State:OPEN]
2019-08-28 20:36:01,271 [grpc-default-executor-10] INFO  impl.RaftServerProxy (RaftServerProxy.java:addNew(89)) - 593f8111-8960-43bd-a0b5-5a0ee5e7a443: addNew group-EA6121EA6ECF:[593f8111-8960-43bd-a0b5-5a0ee5e7a443:192.168.5.177:34447] returns group-EA6121EA6ECF:java.util.concurrent.CompletableFuture@3e02f30c[Not completed]
2019-08-28 20:36:01,272 [pool-558-thread-1] INFO  impl.RaftServerImpl (RaftServerImpl.java:<init>(93)) - 593f8111-8960-43bd-a0b5-5a0ee5e7a443: new RaftServerImpl for group-EA6121EA6ECF:[593f8111-8960-43bd-a0b5-5a0ee5e7a443:192.168.5.177:34447] with ContainerStateMachine:uninitialized
2019-08-28 20:36:01,273 [pool-558-thread-1] INFO  server.RaftServerConfigKeys (ConfUtils.java:logGet(43)) - raft.server.rpc.timeout.min = 5s (custom)
2019-08-28 20:36:01,273 [pool-558-thread-1] INFO  server.RaftServerConfigKeys (ConfUtils.java:logGet(43)) - raft.server.rpc.timeout.max = 5200ms (custom)
2019-08-28 20:36:01,273 [pool-558-thread-1] INFO  server.RaftServerConfigKeys (ConfUtils.java:logGet(43)) - raft.server.rpcslowness.timeout = 120s (custom)
2019-08-28 20:36:01,273 [pool-558-thread-1] INFO  server.RaftServerConfigKeys (ConfUtils.java:logGet(43)) - raft.server.sleep.deviation.threshold = 300 (default)
2019-08-28 20:36:01,273 [pool-558-thread-1] INFO  server.RaftServerConfigKeys (ConfUtils.java:logGet(43)) - raft.server.log.appender.install.snapshot.enabled = false (custom)
2019-08-28 20:36:01,273 [pool-558-thread-1] INFO  impl.RaftServerImpl (ServerState.java:<init>(105)) - 593f8111-8960-43bd-a0b5-5a0ee5e7a443:group-EA6121EA6ECF ConfigurationManager, init=-1: [593f8111-8960-43bd-a0b5-5a0ee5e7a443:192.168.5.177:34447], old=null, confs=<EMPTY_MAP>
2019-08-28 20:36:01,273 [pool-558-thread-1] INFO  server.RaftServerConfigKeys (ConfUtils.java:logGet(43)) - raft.server.storage.dir = [/workdir/hadoop-ozone/integration-test/target/test-dir/MiniOzoneClusterImpl-53cd5f02-19c6-4d92-85a0-fac408bf1129/datanode-2/data/ratis] (custom)
2019-08-28 20:36:01,274 [pool-558-thread-1] INFO  storage.RaftStorageDirectory (RaftStorageDirectory.java:analyzeStorage(246)) - The storage directory /workdir/hadoop-ozone/integration-test/target/test-dir/MiniOzoneClusterImpl-53cd5f02-19c6-4d92-85a0-fac408bf1129/datanode-2/data/ratis/481d7f33-2f59-487a-a1cd-ea6121ea6ecf does not exist. Creating ...
2019-08-28 20:36:01,282 [IPC Server handler 0 on 41061] INFO  net.NetworkTopology (NetworkTopologyImpl.java:add(110)) - Added a new node: /default-rack/3a675652-5de2-4019-bb1c-a11f6907c77c
2019-08-28 20:36:01,283 [IPC Server handler 0 on 41061] INFO  node.SCMNodeManager (SCMNodeManager.java:register(273)) - Registered Data node : 3a675652-5de2-4019-bb1c-a11f6907c77c{ip: 192.168.5.177, host: pr-hdds-2051-mwr8n-2748524799, networkLocation: /default-rack, certSerialId: null}
2019-08-28 20:36:01,283 | INFO  | SCMAudit | user=jenkins1000 | ip=192.168.5.177 | op=REGISTER {datanodeDetails=3a675652-5de2-4019-bb1c-a11f6907c77c{ip: 192.168.5.177, host: pr-hdds-2051-mwr8n-2748524799, networkLocation: /default-rack, certSerialId: null}} | ret=SUCCESS |  
2019-08-28 20:36:01,286 [pool-558-thread-1] INFO  storage.RaftStorageDirectory (RaftStorageDirectory.java:tryLock(328)) - Lock on /workdir/hadoop-ozone/integration-test/target/test-dir/MiniOzoneClusterImpl-53cd5f02-19c6-4d92-85a0-fac408bf1129/datanode-2/data/ratis/481d7f33-2f59-487a-a1cd-ea6121ea6ecf/in_use.lock acquired by nodename 28934@pr-hdds-2051-mwr8n-2748524799
2019-08-28 20:36:01,300 [pool-558-thread-1] INFO  storage.RaftStorage (RaftStorage.java:format(72)) - Storage directory /workdir/hadoop-ozone/integration-test/target/test-dir/MiniOzoneClusterImpl-53cd5f02-19c6-4d92-85a0-fac408bf1129/datanode-2/data/ratis/481d7f33-2f59-487a-a1cd-ea6121ea6ecf has been successfully formatted.
2019-08-28 20:36:01,300 [pool-558-thread-1] INFO  ratis.ContainerStateMachine (ContainerStateMachine.java:loadSnapshot(227)) - group-EA6121EA6ECF: The snapshot info is null. Setting the last applied indexto:(t:0, i:~)
2019-08-28 20:36:01,300 [pool-558-thread-1] INFO  server.RaftServerConfigKeys (ConfUtils.java:logGet(43)) - raft.server.leader.election.timeout = 120s (custom)
2019-08-28 20:36:01,300 [pool-558-thread-1] INFO  server.RaftServerConfigKeys (ConfUtils.java:logGet(43)) - raft.server.log.use.memory = false (default)
2019-08-28 20:36:01,300 [pool-558-thread-1] INFO  server.RaftServerConfigKeys (ConfUtils.java:logGet(43)) - raft.server.log.purge.gap = 1000000 (custom)
2019-08-28 20:36:01,301 [pool-558-thread-1] INFO  server.RaftServerConfigKeys (ConfUtils.java:logGet(43)) - raft.server.log.appender.buffer.byte-limit = 33554432 (custom)
2019-08-28 20:36:01,301 [pool-558-thread-1] INFO  server.RaftServerConfigKeys (ConfUtils.java:logGet(43)) - raft.server.log.segment.size.max = 1048576 (custom)
2019-08-28 20:36:01,301 [pool-558-thread-1] INFO  server.RaftServerConfigKeys (ConfUtils.java:logGet(43)) - raft.server.log.segment.cache.num.max = 2 (custom)
2019-08-28 20:36:01,301 [pool-558-thread-1] INFO  segmented.SegmentedRaftLogWorker (SegmentedRaftLogWorker.java:<init>(172)) - new 593f8111-8960-43bd-a0b5-5a0ee5e7a443-SegmentedRaftLogWorker:Storage Directory /workdir/hadoop-ozone/integration-test/target/test-dir/MiniOzoneClusterImpl-53cd5f02-19c6-4d92-85a0-fac408bf1129/datanode-2/data/ratis/481d7f33-2f59-487a-a1cd-ea6121ea6ecf for RaftStorage:Storage Directory /workdir/hadoop-ozone/integration-test/target/test-dir/MiniOzoneClusterImpl-53cd5f02-19c6-4d92-85a0-fac408bf1129/datanode-2/data/ratis/481d7f33-2f59-487a-a1cd-ea6121ea6ecf
2019-08-28 20:36:01,301 [pool-558-thread-1] INFO  server.RaftServerConfigKeys (ConfUtils.java:logGet(43)) - raft.server.log.queue.byte-limit = 2147483647 (custom)
2019-08-28 20:36:01,302 [pool-558-thread-1] INFO  server.RaftServerConfigKeys (ConfUtils.java:logGet(43)) - raft.server.log.queue.element-limit = 1024 (custom)
2019-08-28 20:36:01,302 [pool-558-thread-1] INFO  server.RaftServerConfigKeys (ConfUtils.java:logGet(43)) - raft.server.log.segment.size.max = 1048576 (custom)
2019-08-28 20:36:01,302 [pool-558-thread-1] INFO  server.RaftServerConfigKeys (ConfUtils.java:logGet(43)) - raft.server.log.preallocated.size = 16384 (custom)
2019-08-28 20:36:01,302 [pool-558-thread-1] INFO  server.RaftServerConfigKeys (ConfUtils.java:logGet(43)) - raft.server.log.write.buffer.size = 33554432 (custom)
2019-08-28 20:36:01,302 [pool-558-thread-1] INFO  server.RaftServerConfigKeys (ConfUtils.java:logGet(43)) - raft.server.log.force.sync.num = 128 (default)
2019-08-28 20:36:01,303 [pool-558-thread-1] INFO  server.RaftServerConfigKeys (ConfUtils.java:logGet(43)) - raft.server.log.statemachine.data.sync = true (default)
2019-08-28 20:36:01,303 [pool-558-thread-1] INFO  server.RaftServerConfigKeys (ConfUtils.java:logGet(43)) - raft.server.log.statemachine.data.sync.timeout = 10s (default)
2019-08-28 20:36:01,303 [pool-558-thread-1] INFO  server.RaftServerConfigKeys (ConfUtils.java:logGet(43)) - raft.server.log.statemachine.data.sync.timeout.retry = -1 (default)
2019-08-28 20:36:01,303 [pool-558-thread-1] INFO  server.RaftServerConfigKeys (ConfUtils.java:logGet(43)) - raft.server.log.statemachine.data.caching.enabled = true (custom)
2019-08-28 20:36:01,304 [pool-558-thread-1] INFO  segmented.SegmentedRaftLogWorker (SegmentedRaftLogWorker.java:lambda$new$0(132)) - 593f8111-8960-43bd-a0b5-5a0ee5e7a443-SegmentedRaftLogWorker:Storage Directory /workdir/hadoop-ozone/integration-test/target/test-dir/MiniOzoneClusterImpl-53cd5f02-19c6-4d92-85a0-fac408bf1129/datanode-2/data/ratis/481d7f33-2f59-487a-a1cd-ea6121ea6ecf: flushIndex: setUnconditionally 0 -> -1
2019-08-28 20:36:01,304 [pool-558-thread-1] INFO  server.RaftServerConfigKeys (ConfUtils.java:logGet(43)) - raft.server.snapshot.auto.trigger.enabled = true (custom)
2019-08-28 20:36:01,304 [pool-558-thread-1] INFO  server.RaftServerConfigKeys (ConfUtils.java:logGet(43)) - raft.server.snapshot.auto.trigger.threshold = 10000 (custom)
2019-08-28 20:36:01,304 [pool-558-thread-1] INFO  server.RaftServerConfigKeys (ConfUtils.java:logGet(43)) - raft.server.retrycache.expirytime = 600000ms (custom)
2019-08-28 20:36:01,305 [pool-558-thread-1] INFO  impl.RaftServerImpl (RaftServerImpl.java:start(180)) - 593f8111-8960-43bd-a0b5-5a0ee5e7a443: start group-EA6121EA6ECF
2019-08-28 20:36:01,305 [pool-558-thread-1] INFO  impl.RaftServerImpl (RaftServerImpl.java:setRole(171)) - 593f8111-8960-43bd-a0b5-5a0ee5e7a443:group-EA6121EA6ECF changes role from null to FOLLOWER at term 0 for startAsFollower
2019-08-28 20:36:01,305 [pool-558-thread-1] INFO  impl.RoleInfo (RoleInfo.java:updateAndGet(143)) - 593f8111-8960-43bd-a0b5-5a0ee5e7a443: start FollowerState
2019-08-28 20:36:01,305 [pool-558-thread-1] INFO  util.JmxRegister (JmxRegister.java:tryRegister(44)) - Successfully registered JMX Bean with object name Ratis:service=RaftServer,group=group-EA6121EA6ECF,id=593f8111-8960-43bd-a0b5-5a0ee5e7a443
2019-08-28 20:36:01,308 [RatisPipelineUtilsThread] INFO  pipeline.PipelineStateManager (PipelineStateManager.java:addPipeline(56)) - Created pipeline Pipeline[ Id: 481d7f33-2f59-487a-a1cd-ea6121ea6ecf, Nodes: 593f8111-8960-43bd-a0b5-5a0ee5e7a443{ip: 192.168.5.177, host: pr-hdds-2051-mwr8n-2748524799, networkLocation: /default-rack, certSerialId: null}, Type:RATIS, Factor:ONE, State:OPEN]
2019-08-28 20:36:01,323 [grpc-default-executor-10] INFO  impl.RaftServerProxy (RaftServerProxy.java:addNew(89)) - 3a675652-5de2-4019-bb1c-a11f6907c77c: addNew group-3878B481E1C5:[3a675652-5de2-4019-bb1c-a11f6907c77c:192.168.5.177:35869] returns group-3878B481E1C5:java.util.concurrent.CompletableFuture@375c5abf[Not completed]
2019-08-28 20:36:01,324 [pool-569-thread-1] INFO  impl.RaftServerImpl (RaftServerImpl.java:<init>(93)) - 3a675652-5de2-4019-bb1c-a11f6907c77c: new RaftServerImpl for group-3878B481E1C5:[3a675652-5de2-4019-bb1c-a11f6907c77c:192.168.5.177:35869] with ContainerStateMachine:uninitialized
2019-08-28 20:36:01,324 [pool-569-thread-1] INFO  server.RaftServerConfigKeys (ConfUtils.java:logGet(43)) - raft.server.rpc.timeout.min = 5s (custom)
2019-08-28 20:36:01,324 [pool-569-thread-1] INFO  server.RaftServerConfigKeys (ConfUtils.java:logGet(43)) - raft.server.rpc.timeout.max = 5200ms (custom)
2019-08-28 20:36:01,324 [pool-569-thread-1] INFO  server.RaftServerConfigKeys (ConfUtils.java:logGet(43)) - raft.server.rpcslowness.timeout = 120s (custom)
2019-08-28 20:36:01,325 [pool-569-thread-1] INFO  server.RaftServerConfigKeys (ConfUtils.java:logGet(43)) - raft.server.sleep.deviation.threshold = 300 (default)
2019-08-28 20:36:01,325 [pool-569-thread-1] INFO  server.RaftServerConfigKeys (ConfUtils.java:logGet(43)) - raft.server.log.appender.install.snapshot.enabled = false (custom)
2019-08-28 20:36:01,325 [pool-569-thread-1] INFO  impl.RaftServerImpl (ServerState.java:<init>(105)) - 3a675652-5de2-4019-bb1c-a11f6907c77c:group-3878B481E1C5 ConfigurationManager, init=-1: [3a675652-5de2-4019-bb1c-a11f6907c77c:192.168.5.177:35869], old=null, confs=<EMPTY_MAP>
2019-08-28 20:36:01,325 [pool-569-thread-1] INFO  server.RaftServerConfigKeys (ConfUtils.java:logGet(43)) - raft.server.storage.dir = [/workdir/hadoop-ozone/integration-test/target/test-dir/MiniOzoneClusterImpl-53cd5f02-19c6-4d92-85a0-fac408bf1129/datanode-3/data/ratis] (custom)
2019-08-28 20:36:01,325 [pool-569-thread-1] INFO  storage.RaftStorageDirectory (RaftStorageDirectory.java:analyzeStorage(246)) - The storage directory /workdir/hadoop-ozone/integration-test/target/test-dir/MiniOzoneClusterImpl-53cd5f02-19c6-4d92-85a0-fac408bf1129/datanode-3/data/ratis/a687f201-e2e4-401d-b1e5-3878b481e1c5 does not exist. Creating ...
2019-08-28 20:36:01,338 [pool-569-thread-1] INFO  storage.RaftStorageDirectory (RaftStorageDirectory.java:tryLock(328)) - Lock on /workdir/hadoop-ozone/integration-test/target/test-dir/MiniOzoneClusterImpl-53cd5f02-19c6-4d92-85a0-fac408bf1129/datanode-3/data/ratis/a687f201-e2e4-401d-b1e5-3878b481e1c5/in_use.lock acquired by nodename 28934@pr-hdds-2051-mwr8n-2748524799
2019-08-28 20:36:01,347 [IPC Server handler 2 on 41061] INFO  net.NetworkTopology (NetworkTopologyImpl.java:add(110)) - Added a new node: /default-rack/2e1e3d81-b170-4e8b-b1cd-cb6f18d4d582
2019-08-28 20:36:01,347 [IPC Server handler 2 on 41061] INFO  node.SCMNodeManager (SCMNodeManager.java:register(273)) - Registered Data node : 2e1e3d81-b170-4e8b-b1cd-cb6f18d4d582{ip: 192.168.5.177, host: pr-hdds-2051-mwr8n-2748524799, networkLocation: /default-rack, certSerialId: null}
2019-08-28 20:36:01,347 | INFO  | SCMAudit | user=jenkins1000 | ip=192.168.5.177 | op=REGISTER {datanodeDetails=2e1e3d81-b170-4e8b-b1cd-cb6f18d4d582{ip: 192.168.5.177, host: pr-hdds-2051-mwr8n-2748524799, networkLocation: /default-rack, certSerialId: null}} | ret=SUCCESS |  
2019-08-28 20:36:01,350 [pool-569-thread-1] INFO  storage.RaftStorage (RaftStorage.java:format(72)) - Storage directory /workdir/hadoop-ozone/integration-test/target/test-dir/MiniOzoneClusterImpl-53cd5f02-19c6-4d92-85a0-fac408bf1129/datanode-3/data/ratis/a687f201-e2e4-401d-b1e5-3878b481e1c5 has been successfully formatted.
2019-08-28 20:36:01,351 [pool-569-thread-1] INFO  ratis.ContainerStateMachine (ContainerStateMachine.java:loadSnapshot(227)) - group-3878B481E1C5: The snapshot info is null. Setting the last applied indexto:(t:0, i:~)
2019-08-28 20:36:01,351 [pool-569-thread-1] INFO  server.RaftServerConfigKeys (ConfUtils.java:logGet(43)) - raft.server.leader.election.timeout = 120s (custom)
2019-08-28 20:36:01,351 [pool-569-thread-1] INFO  server.RaftServerConfigKeys (ConfUtils.java:logGet(43)) - raft.server.log.use.memory = false (default)
2019-08-28 20:36:01,351 [pool-569-thread-1] INFO  server.RaftServerConfigKeys (ConfUtils.java:logGet(43)) - raft.server.log.purge.gap = 1000000 (custom)
2019-08-28 20:36:01,351 [pool-569-thread-1] INFO  server.RaftServerConfigKeys (ConfUtils.java:logGet(43)) - raft.server.log.appender.buffer.byte-limit = 33554432 (custom)
2019-08-28 20:36:01,351 [pool-569-thread-1] INFO  server.RaftServerConfigKeys (ConfUtils.java:logGet(43)) - raft.server.log.segment.size.max = 1048576 (custom)
2019-08-28 20:36:01,352 [pool-569-thread-1] INFO  server.RaftServerConfigKeys (ConfUtils.java:logGet(43)) - raft.server.log.segment.cache.num.max = 2 (custom)
2019-08-28 20:36:01,352 [pool-569-thread-1] INFO  segmented.SegmentedRaftLogWorker (SegmentedRaftLogWorker.java:<init>(172)) - new 3a675652-5de2-4019-bb1c-a11f6907c77c-SegmentedRaftLogWorker:Storage Directory /workdir/hadoop-ozone/integration-test/target/test-dir/MiniOzoneClusterImpl-53cd5f02-19c6-4d92-85a0-fac408bf1129/datanode-3/data/ratis/a687f201-e2e4-401d-b1e5-3878b481e1c5 for RaftStorage:Storage Directory /workdir/hadoop-ozone/integration-test/target/test-dir/MiniOzoneClusterImpl-53cd5f02-19c6-4d92-85a0-fac408bf1129/datanode-3/data/ratis/a687f201-e2e4-401d-b1e5-3878b481e1c5
2019-08-28 20:36:01,352 [pool-569-thread-1] INFO  server.RaftServerConfigKeys (ConfUtils.java:logGet(43)) - raft.server.log.queue.byte-limit = 2147483647 (custom)
2019-08-28 20:36:01,352 [pool-569-thread-1] INFO  server.RaftServerConfigKeys (ConfUtils.java:logGet(43)) - raft.server.log.queue.element-limit = 1024 (custom)
2019-08-28 20:36:01,352 [pool-569-thread-1] INFO  server.RaftServerConfigKeys (ConfUtils.java:logGet(43)) - raft.server.log.segment.size.max = 1048576 (custom)
2019-08-28 20:36:01,353 [pool-569-thread-1] INFO  server.RaftServerConfigKeys (ConfUtils.java:logGet(43)) - raft.server.log.preallocated.size = 16384 (custom)
2019-08-28 20:36:01,353 [pool-569-thread-1] INFO  server.RaftServerConfigKeys (ConfUtils.java:logGet(43)) - raft.server.log.write.buffer.size = 33554432 (custom)
2019-08-28 20:36:01,353 [pool-569-thread-1] INFO  server.RaftServerConfigKeys (ConfUtils.java:logGet(43)) - raft.server.log.force.sync.num = 128 (default)
2019-08-28 20:36:01,353 [pool-569-thread-1] INFO  server.RaftServerConfigKeys (ConfUtils.java:logGet(43)) - raft.server.log.statemachine.data.sync = true (default)
2019-08-28 20:36:01,353 [pool-569-thread-1] INFO  server.RaftServerConfigKeys (ConfUtils.java:logGet(43)) - raft.server.log.statemachine.data.sync.timeout = 10s (default)
2019-08-28 20:36:01,353 [pool-569-thread-1] INFO  server.RaftServerConfigKeys (ConfUtils.java:logGet(43)) - raft.server.log.statemachine.data.sync.timeout.retry = -1 (default)
2019-08-28 20:36:01,354 [pool-569-thread-1] INFO  server.RaftServerConfigKeys (ConfUtils.java:logGet(43)) - raft.server.log.statemachine.data.caching.enabled = true (custom)
2019-08-28 20:36:01,354 [pool-569-thread-1] INFO  segmented.SegmentedRaftLogWorker (SegmentedRaftLogWorker.java:lambda$new$0(132)) - 3a675652-5de2-4019-bb1c-a11f6907c77c-SegmentedRaftLogWorker:Storage Directory /workdir/hadoop-ozone/integration-test/target/test-dir/MiniOzoneClusterImpl-53cd5f02-19c6-4d92-85a0-fac408bf1129/datanode-3/data/ratis/a687f201-e2e4-401d-b1e5-3878b481e1c5: flushIndex: setUnconditionally 0 -> -1
2019-08-28 20:36:01,354 [pool-569-thread-1] INFO  server.RaftServerConfigKeys (ConfUtils.java:logGet(43)) - raft.server.snapshot.auto.trigger.enabled = true (custom)
2019-08-28 20:36:01,354 [pool-569-thread-1] INFO  server.RaftServerConfigKeys (ConfUtils.java:logGet(43)) - raft.server.snapshot.auto.trigger.threshold = 10000 (custom)
2019-08-28 20:36:01,355 [pool-569-thread-1] INFO  server.RaftServerConfigKeys (ConfUtils.java:logGet(43)) - raft.server.retrycache.expirytime = 600000ms (custom)
2019-08-28 20:36:01,355 [pool-569-thread-1] INFO  impl.RaftServerImpl (RaftServerImpl.java:start(180)) - 3a675652-5de2-4019-bb1c-a11f6907c77c: start group-3878B481E1C5
2019-08-28 20:36:01,355 [pool-569-thread-1] INFO  impl.RaftServerImpl (RaftServerImpl.java:setRole(171)) - 3a675652-5de2-4019-bb1c-a11f6907c77c:group-3878B481E1C5 changes role from null to FOLLOWER at term 0 for startAsFollower
2019-08-28 20:36:01,355 [pool-569-thread-1] INFO  impl.RoleInfo (RoleInfo.java:updateAndGet(143)) - 3a675652-5de2-4019-bb1c-a11f6907c77c: start FollowerState
2019-08-28 20:36:01,356 [pool-569-thread-1] INFO  util.JmxRegister (JmxRegister.java:tryRegister(44)) - Successfully registered JMX Bean with object name Ratis:service=RaftServer,group=group-3878B481E1C5,id=3a675652-5de2-4019-bb1c-a11f6907c77c
2019-08-28 20:36:01,358 [RatisPipelineUtilsThread] INFO  pipeline.PipelineStateManager (PipelineStateManager.java:addPipeline(56)) - Created pipeline Pipeline[ Id: a687f201-e2e4-401d-b1e5-3878b481e1c5, Nodes: 3a675652-5de2-4019-bb1c-a11f6907c77c{ip: 192.168.5.177, host: pr-hdds-2051-mwr8n-2748524799, networkLocation: /default-rack, certSerialId: null}, Type:RATIS, Factor:ONE, State:OPEN]
2019-08-28 20:36:01,365 [grpc-default-executor-10] INFO  impl.RaftServerProxy (RaftServerProxy.java:addNew(89)) - 2e1e3d81-b170-4e8b-b1cd-cb6f18d4d582: addNew group-836378337FB6:[2e1e3d81-b170-4e8b-b1cd-cb6f18d4d582:192.168.5.177:44898] returns group-836378337FB6:java.util.concurrent.CompletableFuture@31453ee6[Not completed]
2019-08-28 20:36:01,366 [pool-580-thread-1] INFO  impl.RaftServerImpl (RaftServerImpl.java:<init>(93)) - 2e1e3d81-b170-4e8b-b1cd-cb6f18d4d582: new RaftServerImpl for group-836378337FB6:[2e1e3d81-b170-4e8b-b1cd-cb6f18d4d582:192.168.5.177:44898] with ContainerStateMachine:uninitialized
2019-08-28 20:36:01,366 [pool-580-thread-1] INFO  server.RaftServerConfigKeys (ConfUtils.java:logGet(43)) - raft.server.rpc.timeout.min = 5s (custom)
2019-08-28 20:36:01,366 [pool-580-thread-1] INFO  server.RaftServerConfigKeys (ConfUtils.java:logGet(43)) - raft.server.rpc.timeout.max = 5200ms (custom)
2019-08-28 20:36:01,366 [pool-580-thread-1] INFO  server.RaftServerConfigKeys (ConfUtils.java:logGet(43)) - raft.server.rpcslowness.timeout = 120s (custom)
2019-08-28 20:36:01,366 [pool-580-thread-1] INFO  server.RaftServerConfigKeys (ConfUtils.java:logGet(43)) - raft.server.sleep.deviation.threshold = 300 (default)
2019-08-28 20:36:01,367 [pool-580-thread-1] INFO  server.RaftServerConfigKeys (ConfUtils.java:logGet(43)) - raft.server.log.appender.install.snapshot.enabled = false (custom)
2019-08-28 20:36:01,367 [pool-580-thread-1] INFO  impl.RaftServerImpl (ServerState.java:<init>(105)) - 2e1e3d81-b170-4e8b-b1cd-cb6f18d4d582:group-836378337FB6 ConfigurationManager, init=-1: [2e1e3d81-b170-4e8b-b1cd-cb6f18d4d582:192.168.5.177:44898], old=null, confs=<EMPTY_MAP>
2019-08-28 20:36:01,367 [pool-580-thread-1] INFO  server.RaftServerConfigKeys (ConfUtils.java:logGet(43)) - raft.server.storage.dir = [/workdir/hadoop-ozone/integration-test/target/test-dir/MiniOzoneClusterImpl-53cd5f02-19c6-4d92-85a0-fac408bf1129/datanode-4/data/ratis] (custom)
2019-08-28 20:36:01,367 [pool-580-thread-1] INFO  storage.RaftStorageDirectory (RaftStorageDirectory.java:analyzeStorage(246)) - The storage directory /workdir/hadoop-ozone/integration-test/target/test-dir/MiniOzoneClusterImpl-53cd5f02-19c6-4d92-85a0-fac408bf1129/datanode-4/data/ratis/ab8aba19-5ee3-43e3-a9ad-836378337fb6 does not exist. Creating ...
2019-08-28 20:36:01,380 [pool-580-thread-1] INFO  storage.RaftStorageDirectory (RaftStorageDirectory.java:tryLock(328)) - Lock on /workdir/hadoop-ozone/integration-test/target/test-dir/MiniOzoneClusterImpl-53cd5f02-19c6-4d92-85a0-fac408bf1129/datanode-4/data/ratis/ab8aba19-5ee3-43e3-a9ad-836378337fb6/in_use.lock acquired by nodename 28934@pr-hdds-2051-mwr8n-2748524799
2019-08-28 20:36:01,391 [pool-580-thread-1] INFO  storage.RaftStorage (RaftStorage.java:format(72)) - Storage directory /workdir/hadoop-ozone/integration-test/target/test-dir/MiniOzoneClusterImpl-53cd5f02-19c6-4d92-85a0-fac408bf1129/datanode-4/data/ratis/ab8aba19-5ee3-43e3-a9ad-836378337fb6 has been successfully formatted.
2019-08-28 20:36:01,392 [pool-580-thread-1] INFO  ratis.ContainerStateMachine (ContainerStateMachine.java:loadSnapshot(227)) - group-836378337FB6: The snapshot info is null. Setting the last applied indexto:(t:0, i:~)
2019-08-28 20:36:01,392 [pool-580-thread-1] INFO  server.RaftServerConfigKeys (ConfUtils.java:logGet(43)) - raft.server.leader.election.timeout = 120s (custom)
2019-08-28 20:36:01,392 [pool-580-thread-1] INFO  server.RaftServerConfigKeys (ConfUtils.java:logGet(43)) - raft.server.log.use.memory = false (default)
2019-08-28 20:36:01,392 [pool-580-thread-1] INFO  server.RaftServerConfigKeys (ConfUtils.java:logGet(43)) - raft.server.log.purge.gap = 1000000 (custom)
2019-08-28 20:36:01,392 [pool-580-thread-1] INFO  server.RaftServerConfigKeys (ConfUtils.java:logGet(43)) - raft.server.log.appender.buffer.byte-limit = 33554432 (custom)
2019-08-28 20:36:01,392 [pool-580-thread-1] INFO  server.RaftServerConfigKeys (ConfUtils.java:logGet(43)) - raft.server.log.segment.size.max = 1048576 (custom)
2019-08-28 20:36:01,393 [pool-580-thread-1] INFO  server.RaftServerConfigKeys (ConfUtils.java:logGet(43)) - raft.server.log.segment.cache.num.max = 2 (custom)
2019-08-28 20:36:01,393 [pool-580-thread-1] INFO  segmented.SegmentedRaftLogWorker (SegmentedRaftLogWorker.java:<init>(172)) - new 2e1e3d81-b170-4e8b-b1cd-cb6f18d4d582-SegmentedRaftLogWorker:Storage Directory /workdir/hadoop-ozone/integration-test/target/test-dir/MiniOzoneClusterImpl-53cd5f02-19c6-4d92-85a0-fac408bf1129/datanode-4/data/ratis/ab8aba19-5ee3-43e3-a9ad-836378337fb6 for RaftStorage:Storage Directory /workdir/hadoop-ozone/integration-test/target/test-dir/MiniOzoneClusterImpl-53cd5f02-19c6-4d92-85a0-fac408bf1129/datanode-4/data/ratis/ab8aba19-5ee3-43e3-a9ad-836378337fb6
2019-08-28 20:36:01,393 [pool-580-thread-1] INFO  server.RaftServerConfigKeys (ConfUtils.java:logGet(43)) - raft.server.log.queue.byte-limit = 2147483647 (custom)
2019-08-28 20:36:01,393 [pool-580-thread-1] INFO  server.RaftServerConfigKeys (ConfUtils.java:logGet(43)) - raft.server.log.queue.element-limit = 1024 (custom)
2019-08-28 20:36:01,393 [pool-580-thread-1] INFO  server.RaftServerConfigKeys (ConfUtils.java:logGet(43)) - raft.server.log.segment.size.max = 1048576 (custom)
2019-08-28 20:36:01,394 [pool-580-thread-1] INFO  server.RaftServerConfigKeys (ConfUtils.java:logGet(43)) - raft.server.log.preallocated.size = 16384 (custom)
2019-08-28 20:36:01,394 [pool-580-thread-1] INFO  server.RaftServerConfigKeys (ConfUtils.java:logGet(43)) - raft.server.log.write.buffer.size = 33554432 (custom)
2019-08-28 20:36:01,394 [pool-580-thread-1] INFO  server.RaftServerConfigKeys (ConfUtils.java:logGet(43)) - raft.server.log.force.sync.num = 128 (default)
2019-08-28 20:36:01,394 [pool-580-thread-1] INFO  server.RaftServerConfigKeys (ConfUtils.java:logGet(43)) - raft.server.log.statemachine.data.sync = true (default)
2019-08-28 20:36:01,394 [pool-580-thread-1] INFO  server.RaftServerConfigKeys (ConfUtils.java:logGet(43)) - raft.server.log.statemachine.data.sync.timeout = 10s (default)
2019-08-28 20:36:01,394 [pool-580-thread-1] INFO  server.RaftServerConfigKeys (ConfUtils.java:logGet(43)) - raft.server.log.statemachine.data.sync.timeout.retry = -1 (default)
2019-08-28 20:36:01,395 [pool-580-thread-1] INFO  server.RaftServerConfigKeys (ConfUtils.java:logGet(43)) - raft.server.log.statemachine.data.caching.enabled = true (custom)
2019-08-28 20:36:01,395 [pool-580-thread-1] INFO  segmented.SegmentedRaftLogWorker (SegmentedRaftLogWorker.java:lambda$new$0(132)) - 2e1e3d81-b170-4e8b-b1cd-cb6f18d4d582-SegmentedRaftLogWorker:Storage Directory /workdir/hadoop-ozone/integration-test/target/test-dir/MiniOzoneClusterImpl-53cd5f02-19c6-4d92-85a0-fac408bf1129/datanode-4/data/ratis/ab8aba19-5ee3-43e3-a9ad-836378337fb6: flushIndex: setUnconditionally 0 -> -1
2019-08-28 20:36:01,395 [pool-580-thread-1] INFO  server.RaftServerConfigKeys (ConfUtils.java:logGet(43)) - raft.server.snapshot.auto.trigger.enabled = true (custom)
2019-08-28 20:36:01,395 [pool-580-thread-1] INFO  server.RaftServerConfigKeys (ConfUtils.java:logGet(43)) - raft.server.snapshot.auto.trigger.threshold = 10000 (custom)
2019-08-28 20:36:01,396 [pool-580-thread-1] INFO  server.RaftServerConfigKeys (ConfUtils.java:logGet(43)) - raft.server.retrycache.expirytime = 600000ms (custom)
2019-08-28 20:36:01,396 [pool-580-thread-1] INFO  impl.RaftServerImpl (RaftServerImpl.java:start(180)) - 2e1e3d81-b170-4e8b-b1cd-cb6f18d4d582: start group-836378337FB6
2019-08-28 20:36:01,396 [pool-580-thread-1] INFO  impl.RaftServerImpl (RaftServerImpl.java:setRole(171)) - 2e1e3d81-b170-4e8b-b1cd-cb6f18d4d582:group-836378337FB6 changes role from null to FOLLOWER at term 0 for startAsFollower
2019-08-28 20:36:01,396 [pool-580-thread-1] INFO  impl.RoleInfo (RoleInfo.java:updateAndGet(143)) - 2e1e3d81-b170-4e8b-b1cd-cb6f18d4d582: start FollowerState
2019-08-28 20:36:01,397 [pool-580-thread-1] INFO  util.JmxRegister (JmxRegister.java:tryRegister(44)) - Successfully registered JMX Bean with object name Ratis:service=RaftServer,group=group-836378337FB6,id=2e1e3d81-b170-4e8b-b1cd-cb6f18d4d582
2019-08-28 20:36:01,399 [RatisPipelineUtilsThread] INFO  pipeline.PipelineStateManager (PipelineStateManager.java:addPipeline(56)) - Created pipeline Pipeline[ Id: ab8aba19-5ee3-43e3-a9ad-836378337fb6, Nodes: 2e1e3d81-b170-4e8b-b1cd-cb6f18d4d582{ip: 192.168.5.177, host: pr-hdds-2051-mwr8n-2748524799, networkLocation: /default-rack, certSerialId: null}, Type:RATIS, Factor:ONE, State:OPEN]
2019-08-28 20:36:01,418 [grpc-default-executor-11] INFO  impl.RaftServerProxy (RaftServerProxy.java:addNew(89)) - 3a675652-5de2-4019-bb1c-a11f6907c77c: addNew group-36B9E80EE561:[3a675652-5de2-4019-bb1c-a11f6907c77c:192.168.5.177:35869, 2e1e3d81-b170-4e8b-b1cd-cb6f18d4d582:192.168.5.177:44898, e672058b-42e1-47c3-897e-84a1316cb1b0:192.168.5.177:40060] returns group-36B9E80EE561:java.util.concurrent.CompletableFuture@b0e03e9[Not completed]
2019-08-28 20:36:01,418 [grpc-default-executor-10] INFO  impl.RaftServerProxy (RaftServerProxy.java:addNew(89)) - 2e1e3d81-b170-4e8b-b1cd-cb6f18d4d582: addNew group-36B9E80EE561:[3a675652-5de2-4019-bb1c-a11f6907c77c:192.168.5.177:35869, 2e1e3d81-b170-4e8b-b1cd-cb6f18d4d582:192.168.5.177:44898, e672058b-42e1-47c3-897e-84a1316cb1b0:192.168.5.177:40060] returns group-36B9E80EE561:java.util.concurrent.CompletableFuture@bc4396[Not completed]
2019-08-28 20:36:01,418 [grpc-default-executor-11] INFO  impl.RaftServerProxy (RaftServerProxy.java:addNew(89)) - e672058b-42e1-47c3-897e-84a1316cb1b0: addNew group-36B9E80EE561:[3a675652-5de2-4019-bb1c-a11f6907c77c:192.168.5.177:35869, 2e1e3d81-b170-4e8b-b1cd-cb6f18d4d582:192.168.5.177:44898, e672058b-42e1-47c3-897e-84a1316cb1b0:192.168.5.177:40060] returns group-36B9E80EE561:java.util.concurrent.CompletableFuture@3d179097[Not completed]
2019-08-28 20:36:01,419 [pool-569-thread-1] INFO  impl.RaftServerImpl (RaftServerImpl.java:<init>(93)) - 3a675652-5de2-4019-bb1c-a11f6907c77c: new RaftServerImpl for group-36B9E80EE561:[3a675652-5de2-4019-bb1c-a11f6907c77c:192.168.5.177:35869, 2e1e3d81-b170-4e8b-b1cd-cb6f18d4d582:192.168.5.177:44898, e672058b-42e1-47c3-897e-84a1316cb1b0:192.168.5.177:40060] with ContainerStateMachine:uninitialized
2019-08-28 20:36:01,419 [pool-569-thread-1] INFO  server.RaftServerConfigKeys (ConfUtils.java:logGet(43)) - raft.server.rpc.timeout.min = 5s (custom)
2019-08-28 20:36:01,419 [pool-569-thread-1] INFO  server.RaftServerConfigKeys (ConfUtils.java:logGet(43)) - raft.server.rpc.timeout.max = 5200ms (custom)
2019-08-28 20:36:01,420 [pool-569-thread-1] INFO  server.RaftServerConfigKeys (ConfUtils.java:logGet(43)) - raft.server.rpcslowness.timeout = 120s (custom)
2019-08-28 20:36:01,420 [pool-569-thread-1] INFO  server.RaftServerConfigKeys (ConfUtils.java:logGet(43)) - raft.server.sleep.deviation.threshold = 300 (default)
2019-08-28 20:36:01,420 [pool-580-thread-1] INFO  impl.RaftServerImpl (RaftServerImpl.java:<init>(93)) - 2e1e3d81-b170-4e8b-b1cd-cb6f18d4d582: new RaftServerImpl for group-36B9E80EE561:[3a675652-5de2-4019-bb1c-a11f6907c77c:192.168.5.177:35869, 2e1e3d81-b170-4e8b-b1cd-cb6f18d4d582:192.168.5.177:44898, e672058b-42e1-47c3-897e-84a1316cb1b0:192.168.5.177:40060] with ContainerStateMachine:uninitialized
2019-08-28 20:36:01,420 [pool-569-thread-1] INFO  server.RaftServerConfigKeys (ConfUtils.java:logGet(43)) - raft.server.log.appender.install.snapshot.enabled = false (custom)
2019-08-28 20:36:01,420 [pool-580-thread-1] INFO  server.RaftServerConfigKeys (ConfUtils.java:logGet(43)) - raft.server.rpc.timeout.min = 5s (custom)
2019-08-28 20:36:01,420 [pool-547-thread-1] INFO  impl.RaftServerImpl (RaftServerImpl.java:<init>(93)) - e672058b-42e1-47c3-897e-84a1316cb1b0: new RaftServerImpl for group-36B9E80EE561:[3a675652-5de2-4019-bb1c-a11f6907c77c:192.168.5.177:35869, 2e1e3d81-b170-4e8b-b1cd-cb6f18d4d582:192.168.5.177:44898, e672058b-42e1-47c3-897e-84a1316cb1b0:192.168.5.177:40060] with ContainerStateMachine:uninitialized
2019-08-28 20:36:01,420 [pool-580-thread-1] INFO  server.RaftServerConfigKeys (ConfUtils.java:logGet(43)) - raft.server.rpc.timeout.max = 5200ms (custom)
2019-08-28 20:36:01,420 [pool-569-thread-1] INFO  impl.RaftServerImpl (ServerState.java:<init>(105)) - 3a675652-5de2-4019-bb1c-a11f6907c77c:group-36B9E80EE561 ConfigurationManager, init=-1: [3a675652-5de2-4019-bb1c-a11f6907c77c:192.168.5.177:35869, 2e1e3d81-b170-4e8b-b1cd-cb6f18d4d582:192.168.5.177:44898, e672058b-42e1-47c3-897e-84a1316cb1b0:192.168.5.177:40060], old=null, confs=<EMPTY_MAP>
2019-08-28 20:36:01,421 [pool-580-thread-1] INFO  server.RaftServerConfigKeys (ConfUtils.java:logGet(43)) - raft.server.rpcslowness.timeout = 120s (custom)
2019-08-28 20:36:01,420 [pool-547-thread-1] INFO  server.RaftServerConfigKeys (ConfUtils.java:logGet(43)) - raft.server.rpc.timeout.min = 5s (custom)
2019-08-28 20:36:01,421 [pool-580-thread-1] INFO  server.RaftServerConfigKeys (ConfUtils.java:logGet(43)) - raft.server.sleep.deviation.threshold = 300 (default)
2019-08-28 20:36:01,421 [pool-569-thread-1] INFO  server.RaftServerConfigKeys (ConfUtils.java:logGet(43)) - raft.server.storage.dir = [/workdir/hadoop-ozone/integration-test/target/test-dir/MiniOzoneClusterImpl-53cd5f02-19c6-4d92-85a0-fac408bf1129/datanode-3/data/ratis] (custom)
2019-08-28 20:36:01,421 [IPC Server handler 3 on 41061] INFO  net.NetworkTopology (NetworkTopologyImpl.java:add(110)) - Added a new node: /default-rack/937d6d9e-d3c6-4b74-8a6d-7afbbf2178d6
2019-08-28 20:36:01,421 [pool-580-thread-1] INFO  server.RaftServerConfigKeys (ConfUtils.java:logGet(43)) - raft.server.log.appender.install.snapshot.enabled = false (custom)
2019-08-28 20:36:01,421 [pool-547-thread-1] INFO  server.RaftServerConfigKeys (ConfUtils.java:logGet(43)) - raft.server.rpc.timeout.max = 5200ms (custom)
2019-08-28 20:36:01,422 [pool-580-thread-1] INFO  impl.RaftServerImpl (ServerState.java:<init>(105)) - 2e1e3d81-b170-4e8b-b1cd-cb6f18d4d582:group-36B9E80EE561 ConfigurationManager, init=-1: [3a675652-5de2-4019-bb1c-a11f6907c77c:192.168.5.177:35869, 2e1e3d81-b170-4e8b-b1cd-cb6f18d4d582:192.168.5.177:44898, e672058b-42e1-47c3-897e-84a1316cb1b0:192.168.5.177:40060], old=null, confs=<EMPTY_MAP>
2019-08-28 20:36:01,422 [pool-569-thread-1] INFO  storage.RaftStorageDirectory (RaftStorageDirectory.java:analyzeStorage(246)) - The storage directory /workdir/hadoop-ozone/integration-test/target/test-dir/MiniOzoneClusterImpl-53cd5f02-19c6-4d92-85a0-fac408bf1129/datanode-3/data/ratis/4071187d-a185-4806-a54c-36b9e80ee561 does not exist. Creating ...
2019-08-28 20:36:01,422 [IPC Server handler 3 on 41061] INFO  node.SCMNodeManager (SCMNodeManager.java:register(273)) - Registered Data node : 937d6d9e-d3c6-4b74-8a6d-7afbbf2178d6{ip: 192.168.5.177, host: pr-hdds-2051-mwr8n-2748524799, networkLocation: /default-rack, certSerialId: null}
2019-08-28 20:36:01,422 [pool-580-thread-1] INFO  server.RaftServerConfigKeys (ConfUtils.java:logGet(43)) - raft.server.storage.dir = [/workdir/hadoop-ozone/integration-test/target/test-dir/MiniOzoneClusterImpl-53cd5f02-19c6-4d92-85a0-fac408bf1129/datanode-4/data/ratis] (custom)
2019-08-28 20:36:01,423 | INFO  | SCMAudit | user=jenkins1000 | ip=192.168.5.177 | op=REGISTER {datanodeDetails=937d6d9e-d3c6-4b74-8a6d-7afbbf2178d6{ip: 192.168.5.177, host: pr-hdds-2051-mwr8n-2748524799, networkLocation: /default-rack, certSerialId: null}} | ret=SUCCESS |  
2019-08-28 20:36:01,422 [pool-547-thread-1] INFO  server.RaftServerConfigKeys (ConfUtils.java:logGet(43)) - raft.server.rpcslowness.timeout = 120s (custom)
2019-08-28 20:36:01,423 [pool-547-thread-1] INFO  server.RaftServerConfigKeys (ConfUtils.java:logGet(43)) - raft.server.sleep.deviation.threshold = 300 (default)
2019-08-28 20:36:01,423 [pool-580-thread-1] INFO  storage.RaftStorageDirectory (RaftStorageDirectory.java:analyzeStorage(246)) - The storage directory /workdir/hadoop-ozone/integration-test/target/test-dir/MiniOzoneClusterImpl-53cd5f02-19c6-4d92-85a0-fac408bf1129/datanode-4/data/ratis/4071187d-a185-4806-a54c-36b9e80ee561 does not exist. Creating ...
2019-08-28 20:36:01,423 [pool-547-thread-1] INFO  server.RaftServerConfigKeys (ConfUtils.java:logGet(43)) - raft.server.log.appender.install.snapshot.enabled = false (custom)
2019-08-28 20:36:01,423 [pool-547-thread-1] INFO  impl.RaftServerImpl (ServerState.java:<init>(105)) - e672058b-42e1-47c3-897e-84a1316cb1b0:group-36B9E80EE561 ConfigurationManager, init=-1: [3a675652-5de2-4019-bb1c-a11f6907c77c:192.168.5.177:35869, 2e1e3d81-b170-4e8b-b1cd-cb6f18d4d582:192.168.5.177:44898, e672058b-42e1-47c3-897e-84a1316cb1b0:192.168.5.177:40060], old=null, confs=<EMPTY_MAP>
2019-08-28 20:36:01,424 [pool-547-thread-1] INFO  server.RaftServerConfigKeys (ConfUtils.java:logGet(43)) - raft.server.storage.dir = [/workdir/hadoop-ozone/integration-test/target/test-dir/MiniOzoneClusterImpl-53cd5f02-19c6-4d92-85a0-fac408bf1129/datanode-1/data/ratis] (custom)
2019-08-28 20:36:01,424 [pool-547-thread-1] INFO  storage.RaftStorageDirectory (RaftStorageDirectory.java:analyzeStorage(246)) - The storage directory /workdir/hadoop-ozone/integration-test/target/test-dir/MiniOzoneClusterImpl-53cd5f02-19c6-4d92-85a0-fac408bf1129/datanode-1/data/ratis/4071187d-a185-4806-a54c-36b9e80ee561 does not exist. Creating ...
2019-08-28 20:36:01,445 [pool-547-thread-1] INFO  storage.RaftStorageDirectory (RaftStorageDirectory.java:tryLock(328)) - Lock on /workdir/hadoop-ozone/integration-test/target/test-dir/MiniOzoneClusterImpl-53cd5f02-19c6-4d92-85a0-fac408bf1129/datanode-1/data/ratis/4071187d-a185-4806-a54c-36b9e80ee561/in_use.lock acquired by nodename 28934@pr-hdds-2051-mwr8n-2748524799
2019-08-28 20:36:01,445 [pool-569-thread-1] INFO  storage.RaftStorageDirectory (RaftStorageDirectory.java:tryLock(328)) - Lock on /workdir/hadoop-ozone/integration-test/target/test-dir/MiniOzoneClusterImpl-53cd5f02-19c6-4d92-85a0-fac408bf1129/datanode-3/data/ratis/4071187d-a185-4806-a54c-36b9e80ee561/in_use.lock acquired by nodename 28934@pr-hdds-2051-mwr8n-2748524799
2019-08-28 20:36:01,445 [pool-580-thread-1] INFO  storage.RaftStorageDirectory (RaftStorageDirectory.java:tryLock(328)) - Lock on /workdir/hadoop-ozone/integration-test/target/test-dir/MiniOzoneClusterImpl-53cd5f02-19c6-4d92-85a0-fac408bf1129/datanode-4/data/ratis/4071187d-a185-4806-a54c-36b9e80ee561/in_use.lock acquired by nodename 28934@pr-hdds-2051-mwr8n-2748524799
2019-08-28 20:36:01,458 [pool-569-thread-1] INFO  storage.RaftStorage (RaftStorage.java:format(72)) - Storage directory /workdir/hadoop-ozone/integration-test/target/test-dir/MiniOzoneClusterImpl-53cd5f02-19c6-4d92-85a0-fac408bf1129/datanode-3/data/ratis/4071187d-a185-4806-a54c-36b9e80ee561 has been successfully formatted.
2019-08-28 20:36:01,458 [pool-547-thread-1] INFO  storage.RaftStorage (RaftStorage.java:format(72)) - Storage directory /workdir/hadoop-ozone/integration-test/target/test-dir/MiniOzoneClusterImpl-53cd5f02-19c6-4d92-85a0-fac408bf1129/datanode-1/data/ratis/4071187d-a185-4806-a54c-36b9e80ee561 has been successfully formatted.
2019-08-28 20:36:01,458 [pool-580-thread-1] INFO  storage.RaftStorage (RaftStorage.java:format(72)) - Storage directory /workdir/hadoop-ozone/integration-test/target/test-dir/MiniOzoneClusterImpl-53cd5f02-19c6-4d92-85a0-fac408bf1129/datanode-4/data/ratis/4071187d-a185-4806-a54c-36b9e80ee561 has been successfully formatted.
2019-08-28 20:36:01,459 [pool-547-thread-1] INFO  ratis.ContainerStateMachine (ContainerStateMachine.java:loadSnapshot(227)) - group-36B9E80EE561: The snapshot info is null. Setting the last applied indexto:(t:0, i:~)
2019-08-28 20:36:01,458 [pool-569-thread-1] INFO  ratis.ContainerStateMachine (ContainerStateMachine.java:loadSnapshot(227)) - group-36B9E80EE561: The snapshot info is null. Setting the last applied indexto:(t:0, i:~)
2019-08-28 20:36:01,459 [pool-580-thread-1] INFO  ratis.ContainerStateMachine (ContainerStateMachine.java:loadSnapshot(227)) - group-36B9E80EE561: The snapshot info is null. Setting the last applied indexto:(t:0, i:~)
2019-08-28 20:36:01,459 [pool-547-thread-1] INFO  server.RaftServerConfigKeys (ConfUtils.java:logGet(43)) - raft.server.leader.election.timeout = 120s (custom)
2019-08-28 20:36:01,459 [pool-580-thread-1] INFO  server.RaftServerConfigKeys (ConfUtils.java:logGet(43)) - raft.server.leader.election.timeout = 120s (custom)
2019-08-28 20:36:01,459 [pool-569-thread-1] INFO  server.RaftServerConfigKeys (ConfUtils.java:logGet(43)) - raft.server.leader.election.timeout = 120s (custom)
2019-08-28 20:36:01,460 [pool-580-thread-1] INFO  server.RaftServerConfigKeys (ConfUtils.java:logGet(43)) - raft.server.log.use.memory = false (default)
2019-08-28 20:36:01,459 [pool-547-thread-1] INFO  server.RaftServerConfigKeys (ConfUtils.java:logGet(43)) - raft.server.log.use.memory = false (default)
2019-08-28 20:36:01,460 [pool-580-thread-1] INFO  server.RaftServerConfigKeys (ConfUtils.java:logGet(43)) - raft.server.log.purge.gap = 1000000 (custom)
2019-08-28 20:36:01,460 [pool-569-thread-1] INFO  server.RaftServerConfigKeys (ConfUtils.java:logGet(43)) - raft.server.log.use.memory = false (default)
2019-08-28 20:36:01,460 [pool-580-thread-1] INFO  server.RaftServerConfigKeys (ConfUtils.java:logGet(43)) - raft.server.log.appender.buffer.byte-limit = 33554432 (custom)
2019-08-28 20:36:01,460 [pool-547-thread-1] INFO  server.RaftServerConfigKeys (ConfUtils.java:logGet(43)) - raft.server.log.purge.gap = 1000000 (custom)
2019-08-28 20:36:01,460 [pool-580-thread-1] INFO  server.RaftServerConfigKeys (ConfUtils.java:logGet(43)) - raft.server.log.segment.size.max = 1048576 (custom)
2019-08-28 20:36:01,460 [pool-569-thread-1] INFO  server.RaftServerConfigKeys (ConfUtils.java:logGet(43)) - raft.server.log.purge.gap = 1000000 (custom)
2019-08-28 20:36:01,461 [pool-580-thread-1] INFO  server.RaftServerConfigKeys (ConfUtils.java:logGet(43)) - raft.server.log.segment.cache.num.max = 2 (custom)
2019-08-28 20:36:01,461 [pool-547-thread-1] INFO  server.RaftServerConfigKeys (ConfUtils.java:logGet(43)) - raft.server.log.appender.buffer.byte-limit = 33554432 (custom)
2019-08-28 20:36:01,461 [pool-580-thread-1] INFO  segmented.SegmentedRaftLogWorker (SegmentedRaftLogWorker.java:<init>(172)) - new 2e1e3d81-b170-4e8b-b1cd-cb6f18d4d582-SegmentedRaftLogWorker:Storage Directory /workdir/hadoop-ozone/integration-test/target/test-dir/MiniOzoneClusterImpl-53cd5f02-19c6-4d92-85a0-fac408bf1129/datanode-4/data/ratis/4071187d-a185-4806-a54c-36b9e80ee561 for RaftStorage:Storage Directory /workdir/hadoop-ozone/integration-test/target/test-dir/MiniOzoneClusterImpl-53cd5f02-19c6-4d92-85a0-fac408bf1129/datanode-4/data/ratis/4071187d-a185-4806-a54c-36b9e80ee561
2019-08-28 20:36:01,461 [pool-569-thread-1] INFO  server.RaftServerConfigKeys (ConfUtils.java:logGet(43)) - raft.server.log.appender.buffer.byte-limit = 33554432 (custom)
2019-08-28 20:36:01,461 [pool-580-thread-1] INFO  server.RaftServerConfigKeys (ConfUtils.java:logGet(43)) - raft.server.log.queue.byte-limit = 2147483647 (custom)
2019-08-28 20:36:01,461 [pool-547-thread-1] INFO  server.RaftServerConfigKeys (ConfUtils.java:logGet(43)) - raft.server.log.segment.size.max = 1048576 (custom)
2019-08-28 20:36:01,462 [pool-580-thread-1] INFO  server.RaftServerConfigKeys (ConfUtils.java:logGet(43)) - raft.server.log.queue.element-limit = 1024 (custom)
2019-08-28 20:36:01,462 [pool-569-thread-1] INFO  server.RaftServerConfigKeys (ConfUtils.java:logGet(43)) - raft.server.log.segment.size.max = 1048576 (custom)
2019-08-28 20:36:01,462 [pool-580-thread-1] INFO  server.RaftServerConfigKeys (ConfUtils.java:logGet(43)) - raft.server.log.segment.size.max = 1048576 (custom)
2019-08-28 20:36:01,462 [pool-547-thread-1] INFO  server.RaftServerConfigKeys (ConfUtils.java:logGet(43)) - raft.server.log.segment.cache.num.max = 2 (custom)
2019-08-28 20:36:01,462 [pool-580-thread-1] INFO  server.RaftServerConfigKeys (ConfUtils.java:logGet(43)) - raft.server.log.preallocated.size = 16384 (custom)
2019-08-28 20:36:01,462 [pool-569-thread-1] INFO  server.RaftServerConfigKeys (ConfUtils.java:logGet(43)) - raft.server.log.segment.cache.num.max = 2 (custom)
2019-08-28 20:36:01,463 [pool-580-thread-1] INFO  server.RaftServerConfigKeys (ConfUtils.java:logGet(43)) - raft.server.log.write.buffer.size = 33554432 (custom)
2019-08-28 20:36:01,463 [pool-580-thread-1] INFO  server.RaftServerConfigKeys (ConfUtils.java:logGet(43)) - raft.server.log.force.sync.num = 128 (default)
2019-08-28 20:36:01,463 [pool-547-thread-1] INFO  segmented.SegmentedRaftLogWorker (SegmentedRaftLogWorker.java:<init>(172)) - new e672058b-42e1-47c3-897e-84a1316cb1b0-SegmentedRaftLogWorker:Storage Directory /workdir/hadoop-ozone/integration-test/target/test-dir/MiniOzoneClusterImpl-53cd5f02-19c6-4d92-85a0-fac408bf1129/datanode-1/data/ratis/4071187d-a185-4806-a54c-36b9e80ee561 for RaftStorage:Storage Directory /workdir/hadoop-ozone/integration-test/target/test-dir/MiniOzoneClusterImpl-53cd5f02-19c6-4d92-85a0-fac408bf1129/datanode-1/data/ratis/4071187d-a185-4806-a54c-36b9e80ee561
2019-08-28 20:36:01,463 [pool-580-thread-1] INFO  server.RaftServerConfigKeys (ConfUtils.java:logGet(43)) - raft.server.log.statemachine.data.sync = true (default)
2019-08-28 20:36:01,463 [pool-569-thread-1] INFO  segmented.SegmentedRaftLogWorker (SegmentedRaftLogWorker.java:<init>(172)) - new 3a675652-5de2-4019-bb1c-a11f6907c77c-SegmentedRaftLogWorker:Storage Directory /workdir/hadoop-ozone/integration-test/target/test-dir/MiniOzoneClusterImpl-53cd5f02-19c6-4d92-85a0-fac408bf1129/datanode-3/data/ratis/4071187d-a185-4806-a54c-36b9e80ee561 for RaftStorage:Storage Directory /workdir/hadoop-ozone/integration-test/target/test-dir/MiniOzoneClusterImpl-53cd5f02-19c6-4d92-85a0-fac408bf1129/datanode-3/data/ratis/4071187d-a185-4806-a54c-36b9e80ee561
2019-08-28 20:36:01,463 [pool-580-thread-1] INFO  server.RaftServerConfigKeys (ConfUtils.java:logGet(43)) - raft.server.log.statemachine.data.sync.timeout = 10s (default)
2019-08-28 20:36:01,463 [pool-547-thread-1] INFO  server.RaftServerConfigKeys (ConfUtils.java:logGet(43)) - raft.server.log.queue.byte-limit = 2147483647 (custom)
2019-08-28 20:36:01,464 [pool-580-thread-1] INFO  server.RaftServerConfigKeys (ConfUtils.java:logGet(43)) - raft.server.log.statemachine.data.sync.timeout.retry = -1 (default)
2019-08-28 20:36:01,464 [pool-569-thread-1] INFO  server.RaftServerConfigKeys (ConfUtils.java:logGet(43)) - raft.server.log.queue.byte-limit = 2147483647 (custom)
2019-08-28 20:36:01,464 [pool-580-thread-1] INFO  server.RaftServerConfigKeys (ConfUtils.java:logGet(43)) - raft.server.log.statemachine.data.caching.enabled = true (custom)
2019-08-28 20:36:01,464 [pool-547-thread-1] INFO  server.RaftServerConfigKeys (ConfUtils.java:logGet(43)) - raft.server.log.queue.element-limit = 1024 (custom)
2019-08-28 20:36:01,464 [pool-569-thread-1] INFO  server.RaftServerConfigKeys (ConfUtils.java:logGet(43)) - raft.server.log.queue.element-limit = 1024 (custom)
2019-08-28 20:36:01,465 [pool-547-thread-1] INFO  server.RaftServerConfigKeys (ConfUtils.java:logGet(43)) - raft.server.log.segment.size.max = 1048576 (custom)
2019-08-28 20:36:01,465 [pool-580-thread-1] INFO  segmented.SegmentedRaftLogWorker (SegmentedRaftLogWorker.java:lambda$new$0(132)) - 2e1e3d81-b170-4e8b-b1cd-cb6f18d4d582-SegmentedRaftLogWorker:Storage Directory /workdir/hadoop-ozone/integration-test/target/test-dir/MiniOzoneClusterImpl-53cd5f02-19c6-4d92-85a0-fac408bf1129/datanode-4/data/ratis/4071187d-a185-4806-a54c-36b9e80ee561: flushIndex: setUnconditionally 0 -> -1
2019-08-28 20:36:01,465 [pool-547-thread-1] INFO  server.RaftServerConfigKeys (ConfUtils.java:logGet(43)) - raft.server.log.preallocated.size = 16384 (custom)
2019-08-28 20:36:01,465 [pool-569-thread-1] INFO  server.RaftServerConfigKeys (ConfUtils.java:logGet(43)) - raft.server.log.segment.size.max = 1048576 (custom)
2019-08-28 20:36:01,465 [pool-580-thread-1] INFO  server.RaftServerConfigKeys (ConfUtils.java:logGet(43)) - raft.server.snapshot.auto.trigger.enabled = true (custom)
2019-08-28 20:36:01,465 [pool-547-thread-1] INFO  server.RaftServerConfigKeys (ConfUtils.java:logGet(43)) - raft.server.log.write.buffer.size = 33554432 (custom)
2019-08-28 20:36:01,466 [pool-580-thread-1] INFO  server.RaftServerConfigKeys (ConfUtils.java:logGet(43)) - raft.server.snapshot.auto.trigger.threshold = 10000 (custom)
2019-08-28 20:36:01,466 [pool-569-thread-1] INFO  server.RaftServerConfigKeys (ConfUtils.java:logGet(43)) - raft.server.log.preallocated.size = 16384 (custom)
2019-08-28 20:36:01,466 [pool-580-thread-1] INFO  server.RaftServerConfigKeys (ConfUtils.java:logGet(43)) - raft.server.retrycache.expirytime = 600000ms (custom)
2019-08-28 20:36:01,466 [pool-547-thread-1] INFO  server.RaftServerConfigKeys (ConfUtils.java:logGet(43)) - raft.server.log.force.sync.num = 128 (default)
2019-08-28 20:36:01,466 [pool-580-thread-1] INFO  impl.RaftServerImpl (RaftServerImpl.java:start(180)) - 2e1e3d81-b170-4e8b-b1cd-cb6f18d4d582: start group-36B9E80EE561
2019-08-28 20:36:01,467 [pool-580-thread-1] INFO  impl.RaftServerImpl (RaftServerImpl.java:setRole(171)) - 2e1e3d81-b170-4e8b-b1cd-cb6f18d4d582:group-36B9E80EE561 changes role from null to FOLLOWER at term 0 for startAsFollower
2019-08-28 20:36:01,466 [pool-569-thread-1] INFO  server.RaftServerConfigKeys (ConfUtils.java:logGet(43)) - raft.server.log.write.buffer.size = 33554432 (custom)
2019-08-28 20:36:01,467 [pool-580-thread-1] INFO  impl.RoleInfo (RoleInfo.java:updateAndGet(143)) - 2e1e3d81-b170-4e8b-b1cd-cb6f18d4d582: start FollowerState
2019-08-28 20:36:01,467 [pool-547-thread-1] INFO  server.RaftServerConfigKeys (ConfUtils.java:logGet(43)) - raft.server.log.statemachine.data.sync = true (default)
2019-08-28 20:36:01,467 [pool-547-thread-1] INFO  server.RaftServerConfigKeys (ConfUtils.java:logGet(43)) - raft.server.log.statemachine.data.sync.timeout = 10s (default)
2019-08-28 20:36:01,467 [pool-569-thread-1] INFO  server.RaftServerConfigKeys (ConfUtils.java:logGet(43)) - raft.server.log.force.sync.num = 128 (default)
2019-08-28 20:36:01,468 [pool-547-thread-1] INFO  server.RaftServerConfigKeys (ConfUtils.java:logGet(43)) - raft.server.log.statemachine.data.sync.timeout.retry = -1 (default)
2019-08-28 20:36:01,468 [pool-580-thread-1] INFO  util.JmxRegister (JmxRegister.java:tryRegister(44)) - Successfully registered JMX Bean with object name Ratis:service=RaftServer,group=group-36B9E80EE561,id=2e1e3d81-b170-4e8b-b1cd-cb6f18d4d582
2019-08-28 20:36:01,468 [pool-547-thread-1] INFO  server.RaftServerConfigKeys (ConfUtils.java:logGet(43)) - raft.server.log.statemachine.data.caching.enabled = true (custom)
2019-08-28 20:36:01,468 [pool-569-thread-1] INFO  server.RaftServerConfigKeys (ConfUtils.java:logGet(43)) - raft.server.log.statemachine.data.sync = true (default)
2019-08-28 20:36:01,469 [pool-569-thread-1] INFO  server.RaftServerConfigKeys (ConfUtils.java:logGet(43)) - raft.server.log.statemachine.data.sync.timeout = 10s (default)
2019-08-28 20:36:01,469 [pool-547-thread-1] INFO  segmented.SegmentedRaftLogWorker (SegmentedRaftLogWorker.java:lambda$new$0(132)) - e672058b-42e1-47c3-897e-84a1316cb1b0-SegmentedRaftLogWorker:Storage Directory /workdir/hadoop-ozone/integration-test/target/test-dir/MiniOzoneClusterImpl-53cd5f02-19c6-4d92-85a0-fac408bf1129/datanode-1/data/ratis/4071187d-a185-4806-a54c-36b9e80ee561: flushIndex: setUnconditionally 0 -> -1
2019-08-28 20:36:01,469 [pool-569-thread-1] INFO  server.RaftServerConfigKeys (ConfUtils.java:logGet(43)) - raft.server.log.statemachine.data.sync.timeout.retry = -1 (default)
2019-08-28 20:36:01,469 [pool-569-thread-1] INFO  server.RaftServerConfigKeys (ConfUtils.java:logGet(43)) - raft.server.log.statemachine.data.caching.enabled = true (custom)
2019-08-28 20:36:01,469 [pool-547-thread-1] INFO  server.RaftServerConfigKeys (ConfUtils.java:logGet(43)) - raft.server.snapshot.auto.trigger.enabled = true (custom)
2019-08-28 20:36:01,470 [pool-547-thread-1] INFO  server.RaftServerConfigKeys (ConfUtils.java:logGet(43)) - raft.server.snapshot.auto.trigger.threshold = 10000 (custom)
2019-08-28 20:36:01,470 [pool-569-thread-1] INFO  segmented.SegmentedRaftLogWorker (SegmentedRaftLogWorker.java:lambda$new$0(132)) - 3a675652-5de2-4019-bb1c-a11f6907c77c-SegmentedRaftLogWorker:Storage Directory /workdir/hadoop-ozone/integration-test/target/test-dir/MiniOzoneClusterImpl-53cd5f02-19c6-4d92-85a0-fac408bf1129/datanode-3/data/ratis/4071187d-a185-4806-a54c-36b9e80ee561: flushIndex: setUnconditionally 0 -> -1
2019-08-28 20:36:01,470 [pool-547-thread-1] INFO  server.RaftServerConfigKeys (ConfUtils.java:logGet(43)) - raft.server.retrycache.expirytime = 600000ms (custom)
2019-08-28 20:36:01,470 [pool-547-thread-1] INFO  impl.RaftServerImpl (RaftServerImpl.java:start(180)) - e672058b-42e1-47c3-897e-84a1316cb1b0: start group-36B9E80EE561
2019-08-28 20:36:01,470 [pool-569-thread-1] INFO  server.RaftServerConfigKeys (ConfUtils.java:logGet(43)) - raft.server.snapshot.auto.trigger.enabled = true (custom)
2019-08-28 20:36:01,470 [pool-547-thread-1] INFO  impl.RaftServerImpl (RaftServerImpl.java:setRole(171)) - e672058b-42e1-47c3-897e-84a1316cb1b0:group-36B9E80EE561 changes role from null to FOLLOWER at term 0 for startAsFollower
2019-08-28 20:36:01,470 [pool-569-thread-1] INFO  server.RaftServerConfigKeys (ConfUtils.java:logGet(43)) - raft.server.snapshot.auto.trigger.threshold = 10000 (custom)
2019-08-28 20:36:01,471 [pool-547-thread-1] INFO  impl.RoleInfo (RoleInfo.java:updateAndGet(143)) - e672058b-42e1-47c3-897e-84a1316cb1b0: start FollowerState
2019-08-28 20:36:01,471 [pool-569-thread-1] INFO  server.RaftServerConfigKeys (ConfUtils.java:logGet(43)) - raft.server.retrycache.expirytime = 600000ms (custom)
2019-08-28 20:36:01,471 [pool-569-thread-1] INFO  impl.RaftServerImpl (RaftServerImpl.java:start(180)) - 3a675652-5de2-4019-bb1c-a11f6907c77c: start group-36B9E80EE561
2019-08-28 20:36:01,471 [pool-547-thread-1] INFO  util.JmxRegister (JmxRegister.java:tryRegister(44)) - Successfully registered JMX Bean with object name Ratis:service=RaftServer,group=group-36B9E80EE561,id=e672058b-42e1-47c3-897e-84a1316cb1b0
2019-08-28 20:36:01,471 [pool-569-thread-1] INFO  impl.RaftServerImpl (RaftServerImpl.java:setRole(171)) - 3a675652-5de2-4019-bb1c-a11f6907c77c:group-36B9E80EE561 changes role from null to FOLLOWER at term 0 for startAsFollower
2019-08-28 20:36:01,471 [pool-569-thread-1] INFO  impl.RoleInfo (RoleInfo.java:updateAndGet(143)) - 3a675652-5de2-4019-bb1c-a11f6907c77c: start FollowerState
2019-08-28 20:36:01,472 [pool-569-thread-1] INFO  util.JmxRegister (JmxRegister.java:tryRegister(44)) - Successfully registered JMX Bean with object name Ratis:service=RaftServer,group=group-36B9E80EE561,id=3a675652-5de2-4019-bb1c-a11f6907c77c
2019-08-28 20:36:01,474 [RatisPipelineUtilsThread] INFO  pipeline.PipelineStateManager (PipelineStateManager.java:addPipeline(56)) - Created pipeline Pipeline[ Id: 4071187d-a185-4806-a54c-36b9e80ee561, Nodes: 2e1e3d81-b170-4e8b-b1cd-cb6f18d4d582{ip: 192.168.5.177, host: pr-hdds-2051-mwr8n-2748524799, networkLocation: /default-rack, certSerialId: null}3a675652-5de2-4019-bb1c-a11f6907c77c{ip: 192.168.5.177, host: pr-hdds-2051-mwr8n-2748524799, networkLocation: /default-rack, certSerialId: null}e672058b-42e1-47c3-897e-84a1316cb1b0{ip: 192.168.5.177, host: pr-hdds-2051-mwr8n-2748524799, networkLocation: /default-rack, certSerialId: null}, Type:RATIS, Factor:THREE, State:OPEN]
2019-08-28 20:36:01,485 [grpc-default-executor-10] INFO  impl.RaftServerProxy (RaftServerProxy.java:addNew(89)) - c5b9be6c-9c2e-4a02-a7ba-e3f0b513e1ab: addNew group-F7200FD621A1:[937d6d9e-d3c6-4b74-8a6d-7afbbf2178d6:192.168.5.177:33042, 593f8111-8960-43bd-a0b5-5a0ee5e7a443:192.168.5.177:34447, c5b9be6c-9c2e-4a02-a7ba-e3f0b513e1ab:192.168.5.177:40270] returns group-F7200FD621A1:java.util.concurrent.CompletableFuture@331654b4[Not completed]
2019-08-28 20:36:01,488 [grpc-default-executor-9] INFO  impl.RaftServerProxy (RaftServerProxy.java:addNew(89)) - 593f8111-8960-43bd-a0b5-5a0ee5e7a443: addNew group-F7200FD621A1:[937d6d9e-d3c6-4b74-8a6d-7afbbf2178d6:192.168.5.177:33042, 593f8111-8960-43bd-a0b5-5a0ee5e7a443:192.168.5.177:34447, c5b9be6c-9c2e-4a02-a7ba-e3f0b513e1ab:192.168.5.177:40270] returns group-F7200FD621A1:java.util.concurrent.CompletableFuture@56717040[Not completed]
2019-08-28 20:36:01,488 [grpc-default-executor-11] INFO  impl.RaftServerProxy (RaftServerProxy.java:addNew(89)) - 937d6d9e-d3c6-4b74-8a6d-7afbbf2178d6: addNew group-F7200FD621A1:[937d6d9e-d3c6-4b74-8a6d-7afbbf2178d6:192.168.5.177:33042, 593f8111-8960-43bd-a0b5-5a0ee5e7a443:192.168.5.177:34447, c5b9be6c-9c2e-4a02-a7ba-e3f0b513e1ab:192.168.5.177:40270] returns group-F7200FD621A1:java.util.concurrent.CompletableFuture@901c1c[Not completed]
2019-08-28 20:36:01,489 [pool-558-thread-1] INFO  impl.RaftServerImpl (RaftServerImpl.java:<init>(93)) - 593f8111-8960-43bd-a0b5-5a0ee5e7a443: new RaftServerImpl for group-F7200FD621A1:[937d6d9e-d3c6-4b74-8a6d-7afbbf2178d6:192.168.5.177:33042, 593f8111-8960-43bd-a0b5-5a0ee5e7a443:192.168.5.177:34447, c5b9be6c-9c2e-4a02-a7ba-e3f0b513e1ab:192.168.5.177:40270] with ContainerStateMachine:uninitialized
2019-08-28 20:36:01,489 [pool-558-thread-1] INFO  server.RaftServerConfigKeys (ConfUtils.java:logGet(43)) - raft.server.rpc.timeout.min = 5s (custom)
2019-08-28 20:36:01,490 [pool-558-thread-1] INFO  server.RaftServerConfigKeys (ConfUtils.java:logGet(43)) - raft.server.rpc.timeout.max = 5200ms (custom)
2019-08-28 20:36:01,490 [pool-558-thread-1] INFO  server.RaftServerConfigKeys (ConfUtils.java:logGet(43)) - raft.server.rpcslowness.timeout = 120s (custom)
2019-08-28 20:36:01,490 [pool-591-thread-1] INFO  impl.RaftServerImpl (RaftServerImpl.java:<init>(93)) - 937d6d9e-d3c6-4b74-8a6d-7afbbf2178d6: new RaftServerImpl for group-F7200FD621A1:[937d6d9e-d3c6-4b74-8a6d-7afbbf2178d6:192.168.5.177:33042, 593f8111-8960-43bd-a0b5-5a0ee5e7a443:192.168.5.177:34447, c5b9be6c-9c2e-4a02-a7ba-e3f0b513e1ab:192.168.5.177:40270] with ContainerStateMachine:uninitialized
2019-08-28 20:36:01,490 [pool-558-thread-1] INFO  server.RaftServerConfigKeys (ConfUtils.java:logGet(43)) - raft.server.sleep.deviation.threshold = 300 (default)
2019-08-28 20:36:01,490 [pool-591-thread-1] INFO  server.RaftServerConfigKeys (ConfUtils.java:logGet(43)) - raft.server.rpc.timeout.min = 5s (custom)
2019-08-28 20:36:01,490 [pool-558-thread-1] INFO  server.RaftServerConfigKeys (ConfUtils.java:logGet(43)) - raft.server.log.appender.install.snapshot.enabled = false (custom)
2019-08-28 20:36:01,491 [pool-591-thread-1] INFO  server.RaftServerConfigKeys (ConfUtils.java:logGet(43)) - raft.server.rpc.timeout.max = 5200ms (custom)
2019-08-28 20:36:01,491 [pool-536-thread-1] INFO  impl.RaftServerImpl (RaftServerImpl.java:<init>(93)) - c5b9be6c-9c2e-4a02-a7ba-e3f0b513e1ab: new RaftServerImpl for group-F7200FD621A1:[937d6d9e-d3c6-4b74-8a6d-7afbbf2178d6:192.168.5.177:33042, 593f8111-8960-43bd-a0b5-5a0ee5e7a443:192.168.5.177:34447, c5b9be6c-9c2e-4a02-a7ba-e3f0b513e1ab:192.168.5.177:40270] with ContainerStateMachine:uninitialized
2019-08-28 20:36:01,491 [pool-558-thread-1] INFO  impl.RaftServerImpl (ServerState.java:<init>(105)) - 593f8111-8960-43bd-a0b5-5a0ee5e7a443:group-F7200FD621A1 ConfigurationManager, init=-1: [937d6d9e-d3c6-4b74-8a6d-7afbbf2178d6:192.168.5.177:33042, 593f8111-8960-43bd-a0b5-5a0ee5e7a443:192.168.5.177:34447, c5b9be6c-9c2e-4a02-a7ba-e3f0b513e1ab:192.168.5.177:40270], old=null, confs=<EMPTY_MAP>
2019-08-28 20:36:01,491 [pool-536-thread-1] INFO  server.RaftServerConfigKeys (ConfUtils.java:logGet(43)) - raft.server.rpc.timeout.min = 5s (custom)
2019-08-28 20:36:01,491 [pool-591-thread-1] INFO  server.RaftServerConfigKeys (ConfUtils.java:logGet(43)) - raft.server.rpcslowness.timeout = 120s (custom)
2019-08-28 20:36:01,492 [pool-536-thread-1] INFO  server.RaftServerConfigKeys (ConfUtils.java:logGet(43)) - raft.server.rpc.timeout.max = 5200ms (custom)
2019-08-28 20:36:01,492 [pool-536-thread-1] INFO  server.RaftServerConfigKeys (ConfUtils.java:logGet(43)) - raft.server.rpcslowness.timeout = 120s (custom)
2019-08-28 20:36:01,491 [pool-558-thread-1] INFO  server.RaftServerConfigKeys (ConfUtils.java:logGet(43)) - raft.server.storage.dir = [/workdir/hadoop-ozone/integration-test/target/test-dir/MiniOzoneClusterImpl-53cd5f02-19c6-4d92-85a0-fac408bf1129/datanode-2/data/ratis] (custom)
2019-08-28 20:36:01,492 [pool-536-thread-1] INFO  server.RaftServerConfigKeys (ConfUtils.java:logGet(43)) - raft.server.sleep.deviation.threshold = 300 (default)
2019-08-28 20:36:01,492 [pool-591-thread-1] INFO  server.RaftServerConfigKeys (ConfUtils.java:logGet(43)) - raft.server.sleep.deviation.threshold = 300 (default)
2019-08-28 20:36:01,492 [pool-558-thread-1] INFO  storage.RaftStorageDirectory (RaftStorageDirectory.java:analyzeStorage(246)) - The storage directory /workdir/hadoop-ozone/integration-test/target/test-dir/MiniOzoneClusterImpl-53cd5f02-19c6-4d92-85a0-fac408bf1129/datanode-2/data/ratis/b0a061a5-cfe4-4a30-842b-f7200fd621a1 does not exist. Creating ...
2019-08-28 20:36:01,492 [pool-536-thread-1] INFO  server.RaftServerConfigKeys (ConfUtils.java:logGet(43)) - raft.server.log.appender.install.snapshot.enabled = false (custom)
2019-08-28 20:36:01,492 [pool-591-thread-1] INFO  server.RaftServerConfigKeys (ConfUtils.java:logGet(43)) - raft.server.log.appender.install.snapshot.enabled = false (custom)
2019-08-28 20:36:01,493 [pool-536-thread-1] INFO  impl.RaftServerImpl (ServerState.java:<init>(105)) - c5b9be6c-9c2e-4a02-a7ba-e3f0b513e1ab:group-F7200FD621A1 ConfigurationManager, init=-1: [937d6d9e-d3c6-4b74-8a6d-7afbbf2178d6:192.168.5.177:33042, 593f8111-8960-43bd-a0b5-5a0ee5e7a443:192.168.5.177:34447, c5b9be6c-9c2e-4a02-a7ba-e3f0b513e1ab:192.168.5.177:40270], old=null, confs=<EMPTY_MAP>
2019-08-28 20:36:01,493 [pool-591-thread-1] INFO  impl.RaftServerImpl (ServerState.java:<init>(105)) - 937d6d9e-d3c6-4b74-8a6d-7afbbf2178d6:group-F7200FD621A1 ConfigurationManager, init=-1: [937d6d9e-d3c6-4b74-8a6d-7afbbf2178d6:192.168.5.177:33042, 593f8111-8960-43bd-a0b5-5a0ee5e7a443:192.168.5.177:34447, c5b9be6c-9c2e-4a02-a7ba-e3f0b513e1ab:192.168.5.177:40270], old=null, confs=<EMPTY_MAP>
2019-08-28 20:36:01,493 [pool-536-thread-1] INFO  server.RaftServerConfigKeys (ConfUtils.java:logGet(43)) - raft.server.storage.dir = [/workdir/hadoop-ozone/integration-test/target/test-dir/MiniOzoneClusterImpl-53cd5f02-19c6-4d92-85a0-fac408bf1129/datanode-0/data/ratis] (custom)
2019-08-28 20:36:01,493 [pool-591-thread-1] INFO  server.RaftServerConfigKeys (ConfUtils.java:logGet(43)) - raft.server.storage.dir = [/workdir/hadoop-ozone/integration-test/target/test-dir/MiniOzoneClusterImpl-53cd5f02-19c6-4d92-85a0-fac408bf1129/datanode-5/data/ratis] (custom)
2019-08-28 20:36:01,494 [pool-536-thread-1] INFO  storage.RaftStorageDirectory (RaftStorageDirectory.java:analyzeStorage(246)) - The storage directory /workdir/hadoop-ozone/integration-test/target/test-dir/MiniOzoneClusterImpl-53cd5f02-19c6-4d92-85a0-fac408bf1129/datanode-0/data/ratis/b0a061a5-cfe4-4a30-842b-f7200fd621a1 does not exist. Creating ...
2019-08-28 20:36:01,494 [pool-591-thread-1] INFO  storage.RaftStorageDirectory (RaftStorageDirectory.java:analyzeStorage(246)) - The storage directory /workdir/hadoop-ozone/integration-test/target/test-dir/MiniOzoneClusterImpl-53cd5f02-19c6-4d92-85a0-fac408bf1129/datanode-5/data/ratis/b0a061a5-cfe4-4a30-842b-f7200fd621a1 does not exist. Creating ...
2019-08-28 20:36:01,506 [pool-536-thread-1] INFO  storage.RaftStorageDirectory (RaftStorageDirectory.java:tryLock(328)) - Lock on /workdir/hadoop-ozone/integration-test/target/test-dir/MiniOzoneClusterImpl-53cd5f02-19c6-4d92-85a0-fac408bf1129/datanode-0/data/ratis/b0a061a5-cfe4-4a30-842b-f7200fd621a1/in_use.lock acquired by nodename 28934@pr-hdds-2051-mwr8n-2748524799
2019-08-28 20:36:01,506 [pool-558-thread-1] INFO  storage.RaftStorageDirectory (RaftStorageDirectory.java:tryLock(328)) - Lock on /workdir/hadoop-ozone/integration-test/target/test-dir/MiniOzoneClusterImpl-53cd5f02-19c6-4d92-85a0-fac408bf1129/datanode-2/data/ratis/b0a061a5-cfe4-4a30-842b-f7200fd621a1/in_use.lock acquired by nodename 28934@pr-hdds-2051-mwr8n-2748524799
2019-08-28 20:36:01,506 [pool-591-thread-1] INFO  storage.RaftStorageDirectory (RaftStorageDirectory.java:tryLock(328)) - Lock on /workdir/hadoop-ozone/integration-test/target/test-dir/MiniOzoneClusterImpl-53cd5f02-19c6-4d92-85a0-fac408bf1129/datanode-5/data/ratis/b0a061a5-cfe4-4a30-842b-f7200fd621a1/in_use.lock acquired by nodename 28934@pr-hdds-2051-mwr8n-2748524799
2019-08-28 20:36:01,516 [main] INFO  ozone.MiniOzoneClusterImpl (MiniOzoneClusterImpl.java:lambda$waitForClusterToBeReady$0(140)) - Waiting for cluster to be ready. Got 6 of 7 DN Heartbeats.
2019-08-28 20:36:01,516 [IPC Server handler 4 on 41061] INFO  net.NetworkTopology (NetworkTopologyImpl.java:add(110)) - Added a new node: /default-rack/0f3aefe0-192d-4dd1-8b69-25e558fe3111
2019-08-28 20:36:01,517 [IPC Server handler 4 on 41061] INFO  node.SCMNodeManager (SCMNodeManager.java:register(273)) - Registered Data node : 0f3aefe0-192d-4dd1-8b69-25e558fe3111{ip: 192.168.5.177, host: pr-hdds-2051-mwr8n-2748524799, networkLocation: /default-rack, certSerialId: null}
2019-08-28 20:36:01,517 | INFO  | SCMAudit | user=jenkins1000 | ip=192.168.5.177 | op=REGISTER {datanodeDetails=0f3aefe0-192d-4dd1-8b69-25e558fe3111{ip: 192.168.5.177, host: pr-hdds-2051-mwr8n-2748524799, networkLocation: /default-rack, certSerialId: null}} | ret=SUCCESS |  
2019-08-28 20:36:01,531 [pool-558-thread-1] INFO  storage.RaftStorage (RaftStorage.java:format(72)) - Storage directory /workdir/hadoop-ozone/integration-test/target/test-dir/MiniOzoneClusterImpl-53cd5f02-19c6-4d92-85a0-fac408bf1129/datanode-2/data/ratis/b0a061a5-cfe4-4a30-842b-f7200fd621a1 has been successfully formatted.
2019-08-28 20:36:01,531 [pool-591-thread-1] INFO  storage.RaftStorage (RaftStorage.java:format(72)) - Storage directory /workdir/hadoop-ozone/integration-test/target/test-dir/MiniOzoneClusterImpl-53cd5f02-19c6-4d92-85a0-fac408bf1129/datanode-5/data/ratis/b0a061a5-cfe4-4a30-842b-f7200fd621a1 has been successfully formatted.
2019-08-28 20:36:01,531 [pool-536-thread-1] INFO  storage.RaftStorage (RaftStorage.java:format(72)) - Storage directory /workdir/hadoop-ozone/integration-test/target/test-dir/MiniOzoneClusterImpl-53cd5f02-19c6-4d92-85a0-fac408bf1129/datanode-0/data/ratis/b0a061a5-cfe4-4a30-842b-f7200fd621a1 has been successfully formatted.
2019-08-28 20:36:01,532 [pool-591-thread-1] INFO  ratis.ContainerStateMachine (ContainerStateMachine.java:loadSnapshot(227)) - group-F7200FD621A1: The snapshot info is null. Setting the last applied indexto:(t:0, i:~)
2019-08-28 20:36:01,532 [pool-558-thread-1] INFO  ratis.ContainerStateMachine (ContainerStateMachine.java:loadSnapshot(227)) - group-F7200FD621A1: The snapshot info is null. Setting the last applied indexto:(t:0, i:~)
2019-08-28 20:36:01,532 [pool-591-thread-1] INFO  server.RaftServerConfigKeys (ConfUtils.java:logGet(43)) - raft.server.leader.election.timeout = 120s (custom)
2019-08-28 20:36:01,532 [pool-536-thread-1] INFO  ratis.ContainerStateMachine (ContainerStateMachine.java:loadSnapshot(227)) - group-F7200FD621A1: The snapshot info is null. Setting the last applied indexto:(t:0, i:~)
2019-08-28 20:36:01,532 [pool-591-thread-1] INFO  server.RaftServerConfigKeys (ConfUtils.java:logGet(43)) - raft.server.log.use.memory = false (default)
2019-08-28 20:36:01,532 [pool-558-thread-1] INFO  server.RaftServerConfigKeys (ConfUtils.java:logGet(43)) - raft.server.leader.election.timeout = 120s (custom)
2019-08-28 20:36:01,533 [pool-591-thread-1] INFO  server.RaftServerConfigKeys (ConfUtils.java:logGet(43)) - raft.server.log.purge.gap = 1000000 (custom)
2019-08-28 20:36:01,532 [pool-536-thread-1] INFO  server.RaftServerConfigKeys (ConfUtils.java:logGet(43)) - raft.server.leader.election.timeout = 120s (custom)
2019-08-28 20:36:01,533 [pool-591-thread-1] INFO  server.RaftServerConfigKeys (ConfUtils.java:logGet(43)) - raft.server.log.appender.buffer.byte-limit = 33554432 (custom)
2019-08-28 20:36:01,533 [pool-558-thread-1] INFO  server.RaftServerConfigKeys (ConfUtils.java:logGet(43)) - raft.server.log.use.memory = false (default)
2019-08-28 20:36:01,533 [pool-591-thread-1] INFO  server.RaftServerConfigKeys (ConfUtils.java:logGet(43)) - raft.server.log.segment.size.max = 1048576 (custom)
2019-08-28 20:36:01,533 [pool-536-thread-1] INFO  server.RaftServerConfigKeys (ConfUtils.java:logGet(43)) - raft.server.log.use.memory = false (default)
2019-08-28 20:36:01,533 [pool-591-thread-1] INFO  server.RaftServerConfigKeys (ConfUtils.java:logGet(43)) - raft.server.log.segment.cache.num.max = 2 (custom)
2019-08-28 20:36:01,533 [pool-558-thread-1] INFO  server.RaftServerConfigKeys (ConfUtils.java:logGet(43)) - raft.server.log.purge.gap = 1000000 (custom)
2019-08-28 20:36:01,534 [pool-591-thread-1] INFO  segmented.SegmentedRaftLogWorker (SegmentedRaftLogWorker.java:<init>(172)) - new 937d6d9e-d3c6-4b74-8a6d-7afbbf2178d6-SegmentedRaftLogWorker:Storage Directory /workdir/hadoop-ozone/integration-test/target/test-dir/MiniOzoneClusterImpl-53cd5f02-19c6-4d92-85a0-fac408bf1129/datanode-5/data/ratis/b0a061a5-cfe4-4a30-842b-f7200fd621a1 for RaftStorage:Storage Directory /workdir/hadoop-ozone/integration-test/target/test-dir/MiniOzoneClusterImpl-53cd5f02-19c6-4d92-85a0-fac408bf1129/datanode-5/data/ratis/b0a061a5-cfe4-4a30-842b-f7200fd621a1
2019-08-28 20:36:01,534 [pool-536-thread-1] INFO  server.RaftServerConfigKeys (ConfUtils.java:logGet(43)) - raft.server.log.purge.gap = 1000000 (custom)
2019-08-28 20:36:01,534 [pool-591-thread-1] INFO  server.RaftServerConfigKeys (ConfUtils.java:logGet(43)) - raft.server.log.queue.byte-limit = 2147483647 (custom)
2019-08-28 20:36:01,534 [pool-558-thread-1] INFO  server.RaftServerConfigKeys (ConfUtils.java:logGet(43)) - raft.server.log.appender.buffer.byte-limit = 33554432 (custom)
2019-08-28 20:36:01,534 [pool-591-thread-1] INFO  server.RaftServerConfigKeys (ConfUtils.java:logGet(43)) - raft.server.log.queue.element-limit = 1024 (custom)
2019-08-28 20:36:01,534 [pool-536-thread-1] INFO  server.RaftServerConfigKeys (ConfUtils.java:logGet(43)) - raft.server.log.appender.buffer.byte-limit = 33554432 (custom)
2019-08-28 20:36:01,535 [pool-591-thread-1] INFO  server.RaftServerConfigKeys (ConfUtils.java:logGet(43)) - raft.server.log.segment.size.max = 1048576 (custom)
2019-08-28 20:36:01,535 [pool-591-thread-1] INFO  server.RaftServerConfigKeys (ConfUtils.java:logGet(43)) - raft.server.log.preallocated.size = 16384 (custom)
2019-08-28 20:36:01,535 [pool-558-thread-1] INFO  server.RaftServerConfigKeys (ConfUtils.java:logGet(43)) - raft.server.log.segment.size.max = 1048576 (custom)
2019-08-28 20:36:01,535 [pool-591-thread-1] INFO  server.RaftServerConfigKeys (ConfUtils.java:logGet(43)) - raft.server.log.write.buffer.size = 33554432 (custom)
2019-08-28 20:36:01,536 [pool-591-thread-1] INFO  server.RaftServerConfigKeys (ConfUtils.java:logGet(43)) - raft.server.log.force.sync.num = 128 (default)
2019-08-28 20:36:01,535 [pool-536-thread-1] INFO  server.RaftServerConfigKeys (ConfUtils.java:logGet(43)) - raft.server.log.segment.size.max = 1048576 (custom)
2019-08-28 20:36:01,536 [pool-591-thread-1] INFO  server.RaftServerConfigKeys (ConfUtils.java:logGet(43)) - raft.server.log.statemachine.data.sync = true (default)
2019-08-28 20:36:01,536 [pool-591-thread-1] INFO  server.RaftServerConfigKeys (ConfUtils.java:logGet(43)) - raft.server.log.statemachine.data.sync.timeout = 10s (default)
2019-08-28 20:36:01,535 [pool-558-thread-1] INFO  server.RaftServerConfigKeys (ConfUtils.java:logGet(43)) - raft.server.log.segment.cache.num.max = 2 (custom)
2019-08-28 20:36:01,536 [pool-591-thread-1] INFO  server.RaftServerConfigKeys (ConfUtils.java:logGet(43)) - raft.server.log.statemachine.data.sync.timeout.retry = -1 (default)
2019-08-28 20:36:01,536 [pool-536-thread-1] INFO  server.RaftServerConfigKeys (ConfUtils.java:logGet(43)) - raft.server.log.segment.cache.num.max = 2 (custom)
2019-08-28 20:36:01,537 [pool-591-thread-1] INFO  server.RaftServerConfigKeys (ConfUtils.java:logGet(43)) - raft.server.log.statemachine.data.caching.enabled = true (custom)
2019-08-28 20:36:01,536 [pool-558-thread-1] INFO  segmented.SegmentedRaftLogWorker (SegmentedRaftLogWorker.java:<init>(172)) - new 593f8111-8960-43bd-a0b5-5a0ee5e7a443-SegmentedRaftLogWorker:Storage Directory /workdir/hadoop-ozone/integration-test/target/test-dir/MiniOzoneClusterImpl-53cd5f02-19c6-4d92-85a0-fac408bf1129/datanode-2/data/ratis/b0a061a5-cfe4-4a30-842b-f7200fd621a1 for RaftStorage:Storage Directory /workdir/hadoop-ozone/integration-test/target/test-dir/MiniOzoneClusterImpl-53cd5f02-19c6-4d92-85a0-fac408bf1129/datanode-2/data/ratis/b0a061a5-cfe4-4a30-842b-f7200fd621a1
2019-08-28 20:36:01,537 [pool-536-thread-1] INFO  segmented.SegmentedRaftLogWorker (SegmentedRaftLogWorker.java:<init>(172)) - new c5b9be6c-9c2e-4a02-a7ba-e3f0b513e1ab-SegmentedRaftLogWorker:Storage Directory /workdir/hadoop-ozone/integration-test/target/test-dir/MiniOzoneClusterImpl-53cd5f02-19c6-4d92-85a0-fac408bf1129/datanode-0/data/ratis/b0a061a5-cfe4-4a30-842b-f7200fd621a1 for RaftStorage:Storage Directory /workdir/hadoop-ozone/integration-test/target/test-dir/MiniOzoneClusterImpl-53cd5f02-19c6-4d92-85a0-fac408bf1129/datanode-0/data/ratis/b0a061a5-cfe4-4a30-842b-f7200fd621a1
2019-08-28 20:36:01,537 [pool-558-thread-1] INFO  server.RaftServerConfigKeys (ConfUtils.java:logGet(43)) - raft.server.log.queue.byte-limit = 2147483647 (custom)
2019-08-28 20:36:01,537 [pool-591-thread-1] INFO  segmented.SegmentedRaftLogWorker (SegmentedRaftLogWorker.java:lambda$new$0(132)) - 937d6d9e-d3c6-4b74-8a6d-7afbbf2178d6-SegmentedRaftLogWorker:Storage Directory /workdir/hadoop-ozone/integration-test/target/test-dir/MiniOzoneClusterImpl-53cd5f02-19c6-4d92-85a0-fac408bf1129/datanode-5/data/ratis/b0a061a5-cfe4-4a30-842b-f7200fd621a1: flushIndex: setUnconditionally 0 -> -1
2019-08-28 20:36:01,537 [pool-558-thread-1] INFO  server.RaftServerConfigKeys (ConfUtils.java:logGet(43)) - raft.server.log.queue.element-limit = 1024 (custom)
2019-08-28 20:36:01,537 [pool-536-thread-1] INFO  server.RaftServerConfigKeys (ConfUtils.java:logGet(43)) - raft.server.log.queue.byte-limit = 2147483647 (custom)
2019-08-28 20:36:01,538 [pool-558-thread-1] INFO  server.RaftServerConfigKeys (ConfUtils.java:logGet(43)) - raft.server.log.segment.size.max = 1048576 (custom)
2019-08-28 20:36:01,538 [pool-591-thread-1] INFO  server.RaftServerConfigKeys (ConfUtils.java:logGet(43)) - raft.server.snapshot.auto.trigger.enabled = true (custom)
2019-08-28 20:36:01,538 [pool-558-thread-1] INFO  server.RaftServerConfigKeys (ConfUtils.java:logGet(43)) - raft.server.log.preallocated.size = 16384 (custom)
2019-08-28 20:36:01,538 [pool-558-thread-1] INFO  server.RaftServerConfigKeys (ConfUtils.java:logGet(43)) - raft.server.log.write.buffer.size = 33554432 (custom)
2019-08-28 20:36:01,538 [pool-536-thread-1] INFO  server.RaftServerConfigKeys (ConfUtils.java:logGet(43)) - raft.server.log.queue.element-limit = 1024 (custom)
2019-08-28 20:36:01,538 [pool-558-thread-1] INFO  server.RaftServerConfigKeys (ConfUtils.java:logGet(43)) - raft.server.log.force.sync.num = 128 (default)
2019-08-28 20:36:01,538 [pool-591-thread-1] INFO  server.RaftServerConfigKeys (ConfUtils.java:logGet(43)) - raft.server.snapshot.auto.trigger.threshold = 10000 (custom)
2019-08-28 20:36:01,539 [pool-558-thread-1] INFO  server.RaftServerConfigKeys (ConfUtils.java:logGet(43)) - raft.server.log.statemachine.data.sync = true (default)
2019-08-28 20:36:01,539 [pool-536-thread-1] INFO  server.RaftServerConfigKeys (ConfUtils.java:logGet(43)) - raft.server.log.segment.size.max = 1048576 (custom)
2019-08-28 20:36:01,539 [pool-558-thread-1] INFO  server.RaftServerConfigKeys (ConfUtils.java:logGet(43)) - raft.server.log.statemachine.data.sync.timeout = 10s (default)
2019-08-28 20:36:01,539 [pool-591-thread-1] INFO  server.RaftServerConfigKeys (ConfUtils.java:logGet(43)) - raft.server.retrycache.expirytime = 600000ms (custom)
2019-08-28 20:36:01,539 [pool-558-thread-1] INFO  server.RaftServerConfigKeys (ConfUtils.java:logGet(43)) - raft.server.log.statemachine.data.sync.timeout.retry = -1 (default)
2019-08-28 20:36:01,539 [pool-536-thread-1] INFO  server.RaftServerConfigKeys (ConfUtils.java:logGet(43)) - raft.server.log.preallocated.size = 16384 (custom)
2019-08-28 20:36:01,540 [pool-558-thread-1] INFO  server.RaftServerConfigKeys (ConfUtils.java:logGet(43)) - raft.server.log.statemachine.data.caching.enabled = true (custom)
2019-08-28 20:36:01,540 [pool-591-thread-1] INFO  impl.RaftServerImpl (RaftServerImpl.java:start(180)) - 937d6d9e-d3c6-4b74-8a6d-7afbbf2178d6: start group-F7200FD621A1
2019-08-28 20:36:01,540 [pool-558-thread-1] INFO  segmented.SegmentedRaftLogWorker (SegmentedRaftLogWorker.java:lambda$new$0(132)) - 593f8111-8960-43bd-a0b5-5a0ee5e7a443-SegmentedRaftLogWorker:Storage Directory /workdir/hadoop-ozone/integration-test/target/test-dir/MiniOzoneClusterImpl-53cd5f02-19c6-4d92-85a0-fac408bf1129/datanode-2/data/ratis/b0a061a5-cfe4-4a30-842b-f7200fd621a1: flushIndex: setUnconditionally 0 -> -1
2019-08-28 20:36:01,540 [pool-536-thread-1] INFO  server.RaftServerConfigKeys (ConfUtils.java:logGet(43)) - raft.server.log.write.buffer.size = 33554432 (custom)
2019-08-28 20:36:01,541 [pool-558-thread-1] INFO  server.RaftServerConfigKeys (ConfUtils.java:logGet(43)) - raft.server.snapshot.auto.trigger.enabled = true (custom)
2019-08-28 20:36:01,540 [pool-591-thread-1] INFO  impl.RaftServerImpl (RaftServerImpl.java:setRole(171)) - 937d6d9e-d3c6-4b74-8a6d-7afbbf2178d6:group-F7200FD621A1 changes role from null to FOLLOWER at term 0 for startAsFollower
2019-08-28 20:36:01,541 [pool-558-thread-1] INFO  server.RaftServerConfigKeys (ConfUtils.java:logGet(43)) - raft.server.snapshot.auto.trigger.threshold = 10000 (custom)
2019-08-28 20:36:01,541 [pool-536-thread-1] INFO  server.RaftServerConfigKeys (ConfUtils.java:logGet(43)) - raft.server.log.force.sync.num = 128 (default)
2019-08-28 20:36:01,541 [pool-558-thread-1] INFO  server.RaftServerConfigKeys (ConfUtils.java:logGet(43)) - raft.server.retrycache.expirytime = 600000ms (custom)
2019-08-28 20:36:01,541 [pool-591-thread-1] INFO  impl.RoleInfo (RoleInfo.java:updateAndGet(143)) - 937d6d9e-d3c6-4b74-8a6d-7afbbf2178d6: start FollowerState
2019-08-28 20:36:01,541 [pool-558-thread-1] INFO  impl.RaftServerImpl (RaftServerImpl.java:start(180)) - 593f8111-8960-43bd-a0b5-5a0ee5e7a443: start group-F7200FD621A1
2019-08-28 20:36:01,542 [pool-558-thread-1] INFO  impl.RaftServerImpl (RaftServerImpl.java:setRole(171)) - 593f8111-8960-43bd-a0b5-5a0ee5e7a443:group-F7200FD621A1 changes role from null to FOLLOWER at term 0 for startAsFollower
2019-08-28 20:36:01,541 [pool-536-thread-1] INFO  server.RaftServerConfigKeys (ConfUtils.java:logGet(43)) - raft.server.log.statemachine.data.sync = true (default)
2019-08-28 20:36:01,542 [pool-558-thread-1] INFO  impl.RoleInfo (RoleInfo.java:updateAndGet(143)) - 593f8111-8960-43bd-a0b5-5a0ee5e7a443: start FollowerState
2019-08-28 20:36:01,542 [pool-591-thread-1] INFO  util.JmxRegister (JmxRegister.java:tryRegister(44)) - Successfully registered JMX Bean with object name Ratis:service=RaftServer,group=group-F7200FD621A1,id=937d6d9e-d3c6-4b74-8a6d-7afbbf2178d6
2019-08-28 20:36:01,542 [pool-536-thread-1] INFO  server.RaftServerConfigKeys (ConfUtils.java:logGet(43)) - raft.server.log.statemachine.data.sync.timeout = 10s (default)
2019-08-28 20:36:01,542 [pool-558-thread-1] INFO  util.JmxRegister (JmxRegister.java:tryRegister(44)) - Successfully registered JMX Bean with object name Ratis:service=RaftServer,group=group-F7200FD621A1,id=593f8111-8960-43bd-a0b5-5a0ee5e7a443
2019-08-28 20:36:01,543 [pool-536-thread-1] INFO  server.RaftServerConfigKeys (ConfUtils.java:logGet(43)) - raft.server.log.statemachine.data.sync.timeout.retry = -1 (default)
2019-08-28 20:36:01,543 [pool-536-thread-1] INFO  server.RaftServerConfigKeys (ConfUtils.java:logGet(43)) - raft.server.log.statemachine.data.caching.enabled = true (custom)
2019-08-28 20:36:01,543 [pool-536-thread-1] INFO  segmented.SegmentedRaftLogWorker (SegmentedRaftLogWorker.java:lambda$new$0(132)) - c5b9be6c-9c2e-4a02-a7ba-e3f0b513e1ab-SegmentedRaftLogWorker:Storage Directory /workdir/hadoop-ozone/integration-test/target/test-dir/MiniOzoneClusterImpl-53cd5f02-19c6-4d92-85a0-fac408bf1129/datanode-0/data/ratis/b0a061a5-cfe4-4a30-842b-f7200fd621a1: flushIndex: setUnconditionally 0 -> -1
2019-08-28 20:36:01,544 [pool-536-thread-1] INFO  server.RaftServerConfigKeys (ConfUtils.java:logGet(43)) - raft.server.snapshot.auto.trigger.enabled = true (custom)
2019-08-28 20:36:01,544 [pool-536-thread-1] INFO  server.RaftServerConfigKeys (ConfUtils.java:logGet(43)) - raft.server.snapshot.auto.trigger.threshold = 10000 (custom)
2019-08-28 20:36:01,544 [pool-536-thread-1] INFO  server.RaftServerConfigKeys (ConfUtils.java:logGet(43)) - raft.server.retrycache.expirytime = 600000ms (custom)
2019-08-28 20:36:01,544 [pool-536-thread-1] INFO  impl.RaftServerImpl (RaftServerImpl.java:start(180)) - c5b9be6c-9c2e-4a02-a7ba-e3f0b513e1ab: start group-F7200FD621A1
2019-08-28 20:36:01,544 [pool-536-thread-1] INFO  impl.RaftServerImpl (RaftServerImpl.java:setRole(171)) - c5b9be6c-9c2e-4a02-a7ba-e3f0b513e1ab:group-F7200FD621A1 changes role from null to FOLLOWER at term 0 for startAsFollower
2019-08-28 20:36:01,544 [pool-536-thread-1] INFO  impl.RoleInfo (RoleInfo.java:updateAndGet(143)) - c5b9be6c-9c2e-4a02-a7ba-e3f0b513e1ab: start FollowerState
2019-08-28 20:36:01,545 [pool-536-thread-1] INFO  util.JmxRegister (JmxRegister.java:tryRegister(44)) - Successfully registered JMX Bean with object name Ratis:service=RaftServer,group=group-F7200FD621A1,id=c5b9be6c-9c2e-4a02-a7ba-e3f0b513e1ab
2019-08-28 20:36:01,547 [RatisPipelineUtilsThread] INFO  pipeline.PipelineStateManager (PipelineStateManager.java:addPipeline(56)) - Created pipeline Pipeline[ Id: b0a061a5-cfe4-4a30-842b-f7200fd621a1, Nodes: 937d6d9e-d3c6-4b74-8a6d-7afbbf2178d6{ip: 192.168.5.177, host: pr-hdds-2051-mwr8n-2748524799, networkLocation: /default-rack, certSerialId: null}c5b9be6c-9c2e-4a02-a7ba-e3f0b513e1ab{ip: 192.168.5.177, host: pr-hdds-2051-mwr8n-2748524799, networkLocation: /default-rack, certSerialId: null}593f8111-8960-43bd-a0b5-5a0ee5e7a443{ip: 192.168.5.177, host: pr-hdds-2051-mwr8n-2748524799, networkLocation: /default-rack, certSerialId: null}, Type:RATIS, Factor:THREE, State:OPEN]
2019-08-28 20:36:01,551 [grpc-default-executor-11] INFO  impl.RaftServerProxy (RaftServerProxy.java:addNew(89)) - 937d6d9e-d3c6-4b74-8a6d-7afbbf2178d6: addNew group-752839B4C8F1:[937d6d9e-d3c6-4b74-8a6d-7afbbf2178d6:192.168.5.177:33042] returns group-752839B4C8F1:java.util.concurrent.CompletableFuture@1235469d[Not completed]
2019-08-28 20:36:01,552 [pool-591-thread-1] INFO  impl.RaftServerImpl (RaftServerImpl.java:<init>(93)) - 937d6d9e-d3c6-4b74-8a6d-7afbbf2178d6: new RaftServerImpl for group-752839B4C8F1:[937d6d9e-d3c6-4b74-8a6d-7afbbf2178d6:192.168.5.177:33042] with ContainerStateMachine:uninitialized
2019-08-28 20:36:01,552 [pool-591-thread-1] INFO  server.RaftServerConfigKeys (ConfUtils.java:logGet(43)) - raft.server.rpc.timeout.min = 5s (custom)
2019-08-28 20:36:01,552 [pool-591-thread-1] INFO  server.RaftServerConfigKeys (ConfUtils.java:logGet(43)) - raft.server.rpc.timeout.max = 5200ms (custom)
2019-08-28 20:36:01,552 [pool-591-thread-1] INFO  server.RaftServerConfigKeys (ConfUtils.java:logGet(43)) - raft.server.rpcslowness.timeout = 120s (custom)
2019-08-28 20:36:01,553 [pool-591-thread-1] INFO  server.RaftServerConfigKeys (ConfUtils.java:logGet(43)) - raft.server.sleep.deviation.threshold = 300 (default)
2019-08-28 20:36:01,553 [pool-591-thread-1] INFO  server.RaftServerConfigKeys (ConfUtils.java:logGet(43)) - raft.server.log.appender.install.snapshot.enabled = false (custom)
2019-08-28 20:36:01,553 [pool-591-thread-1] INFO  impl.RaftServerImpl (ServerState.java:<init>(105)) - 937d6d9e-d3c6-4b74-8a6d-7afbbf2178d6:group-752839B4C8F1 ConfigurationManager, init=-1: [937d6d9e-d3c6-4b74-8a6d-7afbbf2178d6:192.168.5.177:33042], old=null, confs=<EMPTY_MAP>
2019-08-28 20:36:01,553 [pool-591-thread-1] INFO  server.RaftServerConfigKeys (ConfUtils.java:logGet(43)) - raft.server.storage.dir = [/workdir/hadoop-ozone/integration-test/target/test-dir/MiniOzoneClusterImpl-53cd5f02-19c6-4d92-85a0-fac408bf1129/datanode-5/data/ratis] (custom)
2019-08-28 20:36:01,553 [pool-591-thread-1] INFO  storage.RaftStorageDirectory (RaftStorageDirectory.java:analyzeStorage(246)) - The storage directory /workdir/hadoop-ozone/integration-test/target/test-dir/MiniOzoneClusterImpl-53cd5f02-19c6-4d92-85a0-fac408bf1129/datanode-5/data/ratis/021f71d3-5cf3-4b30-8e03-752839b4c8f1 does not exist. Creating ...
2019-08-28 20:36:01,568 [pool-591-thread-1] INFO  storage.RaftStorageDirectory (RaftStorageDirectory.java:tryLock(328)) - Lock on /workdir/hadoop-ozone/integration-test/target/test-dir/MiniOzoneClusterImpl-53cd5f02-19c6-4d92-85a0-fac408bf1129/datanode-5/data/ratis/021f71d3-5cf3-4b30-8e03-752839b4c8f1/in_use.lock acquired by nodename 28934@pr-hdds-2051-mwr8n-2748524799
2019-08-28 20:36:01,581 [pool-591-thread-1] INFO  storage.RaftStorage (RaftStorage.java:format(72)) - Storage directory /workdir/hadoop-ozone/integration-test/target/test-dir/MiniOzoneClusterImpl-53cd5f02-19c6-4d92-85a0-fac408bf1129/datanode-5/data/ratis/021f71d3-5cf3-4b30-8e03-752839b4c8f1 has been successfully formatted.
2019-08-28 20:36:01,581 [pool-591-thread-1] INFO  ratis.ContainerStateMachine (ContainerStateMachine.java:loadSnapshot(227)) - group-752839B4C8F1: The snapshot info is null. Setting the last applied indexto:(t:0, i:~)
2019-08-28 20:36:01,581 [pool-591-thread-1] INFO  server.RaftServerConfigKeys (ConfUtils.java:logGet(43)) - raft.server.leader.election.timeout = 120s (custom)
2019-08-28 20:36:01,581 [pool-591-thread-1] INFO  server.RaftServerConfigKeys (ConfUtils.java:logGet(43)) - raft.server.log.use.memory = false (default)
2019-08-28 20:36:01,581 [pool-591-thread-1] INFO  server.RaftServerConfigKeys (ConfUtils.java:logGet(43)) - raft.server.log.purge.gap = 1000000 (custom)
2019-08-28 20:36:01,581 [pool-591-thread-1] INFO  server.RaftServerConfigKeys (ConfUtils.java:logGet(43)) - raft.server.log.appender.buffer.byte-limit = 33554432 (custom)
2019-08-28 20:36:01,582 [pool-591-thread-1] INFO  server.RaftServerConfigKeys (ConfUtils.java:logGet(43)) - raft.server.log.segment.size.max = 1048576 (custom)
2019-08-28 20:36:01,582 [pool-591-thread-1] INFO  server.RaftServerConfigKeys (ConfUtils.java:logGet(43)) - raft.server.log.segment.cache.num.max = 2 (custom)
2019-08-28 20:36:01,582 [pool-591-thread-1] INFO  segmented.SegmentedRaftLogWorker (SegmentedRaftLogWorker.java:<init>(172)) - new 937d6d9e-d3c6-4b74-8a6d-7afbbf2178d6-SegmentedRaftLogWorker:Storage Directory /workdir/hadoop-ozone/integration-test/target/test-dir/MiniOzoneClusterImpl-53cd5f02-19c6-4d92-85a0-fac408bf1129/datanode-5/data/ratis/021f71d3-5cf3-4b30-8e03-752839b4c8f1 for RaftStorage:Storage Directory /workdir/hadoop-ozone/integration-test/target/test-dir/MiniOzoneClusterImpl-53cd5f02-19c6-4d92-85a0-fac408bf1129/datanode-5/data/ratis/021f71d3-5cf3-4b30-8e03-752839b4c8f1
2019-08-28 20:36:01,582 [pool-591-thread-1] INFO  server.RaftServerConfigKeys (ConfUtils.java:logGet(43)) - raft.server.log.queue.byte-limit = 2147483647 (custom)
2019-08-28 20:36:01,582 [pool-591-thread-1] INFO  server.RaftServerConfigKeys (ConfUtils.java:logGet(43)) - raft.server.log.queue.element-limit = 1024 (custom)
2019-08-28 20:36:01,582 [pool-591-thread-1] INFO  server.RaftServerConfigKeys (ConfUtils.java:logGet(43)) - raft.server.log.segment.size.max = 1048576 (custom)
2019-08-28 20:36:01,582 [pool-591-thread-1] INFO  server.RaftServerConfigKeys (ConfUtils.java:logGet(43)) - raft.server.log.preallocated.size = 16384 (custom)
2019-08-28 20:36:01,582 [pool-591-thread-1] INFO  server.RaftServerConfigKeys (ConfUtils.java:logGet(43)) - raft.server.log.write.buffer.size = 33554432 (custom)
2019-08-28 20:36:01,583 [pool-591-thread-1] INFO  server.RaftServerConfigKeys (ConfUtils.java:logGet(43)) - raft.server.log.force.sync.num = 128 (default)
2019-08-28 20:36:01,583 [pool-591-thread-1] INFO  server.RaftServerConfigKeys (ConfUtils.java:logGet(43)) - raft.server.log.statemachine.data.sync = true (default)
2019-08-28 20:36:01,583 [pool-591-thread-1] INFO  server.RaftServerConfigKeys (ConfUtils.java:logGet(43)) - raft.server.log.statemachine.data.sync.timeout = 10s (default)
2019-08-28 20:36:01,583 [pool-591-thread-1] INFO  server.RaftServerConfigKeys (ConfUtils.java:logGet(43)) - raft.server.log.statemachine.data.sync.timeout.retry = -1 (default)
2019-08-28 20:36:01,583 [pool-591-thread-1] INFO  server.RaftServerConfigKeys (ConfUtils.java:logGet(43)) - raft.server.log.statemachine.data.caching.enabled = true (custom)
2019-08-28 20:36:01,583 [pool-591-thread-1] INFO  segmented.SegmentedRaftLogWorker (SegmentedRaftLogWorker.java:lambda$new$0(132)) - 937d6d9e-d3c6-4b74-8a6d-7afbbf2178d6-SegmentedRaftLogWorker:Storage Directory /workdir/hadoop-ozone/integration-test/target/test-dir/MiniOzoneClusterImpl-53cd5f02-19c6-4d92-85a0-fac408bf1129/datanode-5/data/ratis/021f71d3-5cf3-4b30-8e03-752839b4c8f1: flushIndex: setUnconditionally 0 -> -1
2019-08-28 20:36:01,584 [pool-591-thread-1] INFO  server.RaftServerConfigKeys (ConfUtils.java:logGet(43)) - raft.server.snapshot.auto.trigger.enabled = true (custom)
2019-08-28 20:36:01,584 [pool-591-thread-1] INFO  server.RaftServerConfigKeys (ConfUtils.java:logGet(43)) - raft.server.snapshot.auto.trigger.threshold = 10000 (custom)
2019-08-28 20:36:01,584 [pool-591-thread-1] INFO  server.RaftServerConfigKeys (ConfUtils.java:logGet(43)) - raft.server.retrycache.expirytime = 600000ms (custom)
2019-08-28 20:36:01,584 [pool-591-thread-1] INFO  impl.RaftServerImpl (RaftServerImpl.java:start(180)) - 937d6d9e-d3c6-4b74-8a6d-7afbbf2178d6: start group-752839B4C8F1
2019-08-28 20:36:01,584 [pool-591-thread-1] INFO  impl.RaftServerImpl (RaftServerImpl.java:setRole(171)) - 937d6d9e-d3c6-4b74-8a6d-7afbbf2178d6:group-752839B4C8F1 changes role from null to FOLLOWER at term 0 for startAsFollower
2019-08-28 20:36:01,584 [pool-591-thread-1] INFO  impl.RoleInfo (RoleInfo.java:updateAndGet(143)) - 937d6d9e-d3c6-4b74-8a6d-7afbbf2178d6: start FollowerState
2019-08-28 20:36:01,585 [pool-591-thread-1] INFO  util.JmxRegister (JmxRegister.java:tryRegister(44)) - Successfully registered JMX Bean with object name Ratis:service=RaftServer,group=group-752839B4C8F1,id=937d6d9e-d3c6-4b74-8a6d-7afbbf2178d6
2019-08-28 20:36:01,592 [RatisPipelineUtilsThread] INFO  pipeline.PipelineStateManager (PipelineStateManager.java:addPipeline(56)) - Created pipeline Pipeline[ Id: 021f71d3-5cf3-4b30-8e03-752839b4c8f1, Nodes: 937d6d9e-d3c6-4b74-8a6d-7afbbf2178d6{ip: 192.168.5.177, host: pr-hdds-2051-mwr8n-2748524799, networkLocation: /default-rack, certSerialId: null}, Type:RATIS, Factor:ONE, State:OPEN]
2019-08-28 20:36:01,600 [grpc-default-executor-11] INFO  impl.RaftServerProxy (RaftServerProxy.java:addNew(89)) - 0f3aefe0-192d-4dd1-8b69-25e558fe3111: addNew group-A5AB409C5212:[0f3aefe0-192d-4dd1-8b69-25e558fe3111:192.168.5.177:36031] returns group-A5AB409C5212:java.util.concurrent.CompletableFuture@2f732dbb[Not completed]
2019-08-28 20:36:01,601 [pool-602-thread-1] INFO  impl.RaftServerImpl (RaftServerImpl.java:<init>(93)) - 0f3aefe0-192d-4dd1-8b69-25e558fe3111: new RaftServerImpl for group-A5AB409C5212:[0f3aefe0-192d-4dd1-8b69-25e558fe3111:192.168.5.177:36031] with ContainerStateMachine:uninitialized
2019-08-28 20:36:01,601 [pool-602-thread-1] INFO  server.RaftServerConfigKeys (ConfUtils.java:logGet(43)) - raft.server.rpc.timeout.min = 5s (custom)
2019-08-28 20:36:01,601 [pool-602-thread-1] INFO  server.RaftServerConfigKeys (ConfUtils.java:logGet(43)) - raft.server.rpc.timeout.max = 5200ms (custom)
2019-08-28 20:36:01,601 [pool-602-thread-1] INFO  server.RaftServerConfigKeys (ConfUtils.java:logGet(43)) - raft.server.rpcslowness.timeout = 120s (custom)
2019-08-28 20:36:01,602 [pool-602-thread-1] INFO  server.RaftServerConfigKeys (ConfUtils.java:logGet(43)) - raft.server.sleep.deviation.threshold = 300 (default)
2019-08-28 20:36:01,602 [pool-602-thread-1] INFO  server.RaftServerConfigKeys (ConfUtils.java:logGet(43)) - raft.server.log.appender.install.snapshot.enabled = false (custom)
2019-08-28 20:36:01,602 [pool-602-thread-1] INFO  impl.RaftServerImpl (ServerState.java:<init>(105)) - 0f3aefe0-192d-4dd1-8b69-25e558fe3111:group-A5AB409C5212 ConfigurationManager, init=-1: [0f3aefe0-192d-4dd1-8b69-25e558fe3111:192.168.5.177:36031], old=null, confs=<EMPTY_MAP>
2019-08-28 20:36:01,602 [pool-602-thread-1] INFO  server.RaftServerConfigKeys (ConfUtils.java:logGet(43)) - raft.server.storage.dir = [/workdir/hadoop-ozone/integration-test/target/test-dir/MiniOzoneClusterImpl-53cd5f02-19c6-4d92-85a0-fac408bf1129/datanode-6/data/ratis] (custom)
2019-08-28 20:36:01,602 [pool-602-thread-1] INFO  storage.RaftStorageDirectory (RaftStorageDirectory.java:analyzeStorage(246)) - The storage directory /workdir/hadoop-ozone/integration-test/target/test-dir/MiniOzoneClusterImpl-53cd5f02-19c6-4d92-85a0-fac408bf1129/datanode-6/data/ratis/5316c627-e23d-4329-92f8-a5ab409c5212 does not exist. Creating ...
2019-08-28 20:36:01,615 [pool-602-thread-1] INFO  storage.RaftStorageDirectory (RaftStorageDirectory.java:tryLock(328)) - Lock on /workdir/hadoop-ozone/integration-test/target/test-dir/MiniOzoneClusterImpl-53cd5f02-19c6-4d92-85a0-fac408bf1129/datanode-6/data/ratis/5316c627-e23d-4329-92f8-a5ab409c5212/in_use.lock acquired by nodename 28934@pr-hdds-2051-mwr8n-2748524799
2019-08-28 20:36:01,628 [pool-602-thread-1] INFO  storage.RaftStorage (RaftStorage.java:format(72)) - Storage directory /workdir/hadoop-ozone/integration-test/target/test-dir/MiniOzoneClusterImpl-53cd5f02-19c6-4d92-85a0-fac408bf1129/datanode-6/data/ratis/5316c627-e23d-4329-92f8-a5ab409c5212 has been successfully formatted.
2019-08-28 20:36:01,628 [pool-602-thread-1] INFO  ratis.ContainerStateMachine (ContainerStateMachine.java:loadSnapshot(227)) - group-A5AB409C5212: The snapshot info is null. Setting the last applied indexto:(t:0, i:~)
2019-08-28 20:36:01,628 [pool-602-thread-1] INFO  server.RaftServerConfigKeys (ConfUtils.java:logGet(43)) - raft.server.leader.election.timeout = 120s (custom)
2019-08-28 20:36:01,628 [pool-602-thread-1] INFO  server.RaftServerConfigKeys (ConfUtils.java:logGet(43)) - raft.server.log.use.memory = false (default)
2019-08-28 20:36:01,628 [pool-602-thread-1] INFO  server.RaftServerConfigKeys (ConfUtils.java:logGet(43)) - raft.server.log.purge.gap = 1000000 (custom)
2019-08-28 20:36:01,628 [pool-602-thread-1] INFO  server.RaftServerConfigKeys (ConfUtils.java:logGet(43)) - raft.server.log.appender.buffer.byte-limit = 33554432 (custom)
2019-08-28 20:36:01,629 [pool-602-thread-1] INFO  server.RaftServerConfigKeys (ConfUtils.java:logGet(43)) - raft.server.log.segment.size.max = 1048576 (custom)
2019-08-28 20:36:01,629 [pool-602-thread-1] INFO  server.RaftServerConfigKeys (ConfUtils.java:logGet(43)) - raft.server.log.segment.cache.num.max = 2 (custom)
2019-08-28 20:36:01,629 [pool-602-thread-1] INFO  segmented.SegmentedRaftLogWorker (SegmentedRaftLogWorker.java:<init>(172)) - new 0f3aefe0-192d-4dd1-8b69-25e558fe3111-SegmentedRaftLogWorker:Storage Directory /workdir/hadoop-ozone/integration-test/target/test-dir/MiniOzoneClusterImpl-53cd5f02-19c6-4d92-85a0-fac408bf1129/datanode-6/data/ratis/5316c627-e23d-4329-92f8-a5ab409c5212 for RaftStorage:Storage Directory /workdir/hadoop-ozone/integration-test/target/test-dir/MiniOzoneClusterImpl-53cd5f02-19c6-4d92-85a0-fac408bf1129/datanode-6/data/ratis/5316c627-e23d-4329-92f8-a5ab409c5212
2019-08-28 20:36:01,629 [pool-602-thread-1] INFO  server.RaftServerConfigKeys (ConfUtils.java:logGet(43)) - raft.server.log.queue.byte-limit = 2147483647 (custom)
2019-08-28 20:36:01,629 [pool-602-thread-1] INFO  server.RaftServerConfigKeys (ConfUtils.java:logGet(43)) - raft.server.log.queue.element-limit = 1024 (custom)
2019-08-28 20:36:01,630 [pool-602-thread-1] INFO  server.RaftServerConfigKeys (ConfUtils.java:logGet(43)) - raft.server.log.segment.size.max = 1048576 (custom)
2019-08-28 20:36:01,630 [pool-602-thread-1] INFO  server.RaftServerConfigKeys (ConfUtils.java:logGet(43)) - raft.server.log.preallocated.size = 16384 (custom)
2019-08-28 20:36:01,630 [pool-602-thread-1] INFO  server.RaftServerConfigKeys (ConfUtils.java:logGet(43)) - raft.server.log.write.buffer.size = 33554432 (custom)
2019-08-28 20:36:01,630 [pool-602-thread-1] INFO  server.RaftServerConfigKeys (ConfUtils.java:logGet(43)) - raft.server.log.force.sync.num = 128 (default)
2019-08-28 20:36:01,630 [pool-602-thread-1] INFO  server.RaftServerConfigKeys (ConfUtils.java:logGet(43)) - raft.server.log.statemachine.data.sync = true (default)
2019-08-28 20:36:01,630 [pool-602-thread-1] INFO  server.RaftServerConfigKeys (ConfUtils.java:logGet(43)) - raft.server.log.statemachine.data.sync.timeout = 10s (default)
2019-08-28 20:36:01,630 [pool-602-thread-1] INFO  server.RaftServerConfigKeys (ConfUtils.java:logGet(43)) - raft.server.log.statemachine.data.sync.timeout.retry = -1 (default)
2019-08-28 20:36:01,631 [pool-602-thread-1] INFO  server.RaftServerConfigKeys (ConfUtils.java:logGet(43)) - raft.server.log.statemachine.data.caching.enabled = true (custom)
2019-08-28 20:36:01,631 [pool-602-thread-1] INFO  segmented.SegmentedRaftLogWorker (SegmentedRaftLogWorker.java:lambda$new$0(132)) - 0f3aefe0-192d-4dd1-8b69-25e558fe3111-SegmentedRaftLogWorker:Storage Directory /workdir/hadoop-ozone/integration-test/target/test-dir/MiniOzoneClusterImpl-53cd5f02-19c6-4d92-85a0-fac408bf1129/datanode-6/data/ratis/5316c627-e23d-4329-92f8-a5ab409c5212: flushIndex: setUnconditionally 0 -> -1
2019-08-28 20:36:01,631 [pool-602-thread-1] INFO  server.RaftServerConfigKeys (ConfUtils.java:logGet(43)) - raft.server.snapshot.auto.trigger.enabled = true (custom)
2019-08-28 20:36:01,631 [pool-602-thread-1] INFO  server.RaftServerConfigKeys (ConfUtils.java:logGet(43)) - raft.server.snapshot.auto.trigger.threshold = 10000 (custom)
2019-08-28 20:36:01,632 [pool-602-thread-1] INFO  server.RaftServerConfigKeys (ConfUtils.java:logGet(43)) - raft.server.retrycache.expirytime = 600000ms (custom)
2019-08-28 20:36:01,632 [pool-602-thread-1] INFO  impl.RaftServerImpl (RaftServerImpl.java:start(180)) - 0f3aefe0-192d-4dd1-8b69-25e558fe3111: start group-A5AB409C5212
2019-08-28 20:36:01,632 [pool-602-thread-1] INFO  impl.RaftServerImpl (RaftServerImpl.java:setRole(171)) - 0f3aefe0-192d-4dd1-8b69-25e558fe3111:group-A5AB409C5212 changes role from null to FOLLOWER at term 0 for startAsFollower
2019-08-28 20:36:01,632 [pool-602-thread-1] INFO  impl.RoleInfo (RoleInfo.java:updateAndGet(143)) - 0f3aefe0-192d-4dd1-8b69-25e558fe3111: start FollowerState
2019-08-28 20:36:01,632 [pool-602-thread-1] INFO  util.JmxRegister (JmxRegister.java:tryRegister(44)) - Successfully registered JMX Bean with object name Ratis:service=RaftServer,group=group-A5AB409C5212,id=0f3aefe0-192d-4dd1-8b69-25e558fe3111
2019-08-28 20:36:01,634 [RatisPipelineUtilsThread] INFO  pipeline.PipelineStateManager (PipelineStateManager.java:addPipeline(56)) - Created pipeline Pipeline[ Id: 5316c627-e23d-4329-92f8-a5ab409c5212, Nodes: 0f3aefe0-192d-4dd1-8b69-25e558fe3111{ip: 192.168.5.177, host: pr-hdds-2051-mwr8n-2748524799, networkLocation: /default-rack, certSerialId: null}, Type:RATIS, Factor:ONE, State:OPEN]
2019-08-28 20:36:02,517 [main] INFO  ozone.MiniOzoneClusterImpl (MiniOzoneClusterImpl.java:lambda$waitForClusterToBeReady$0(140)) - Cluster is ready. Got 7 of 7 DN Heartbeats.
2019-08-28 20:36:02,577 [main] INFO  rpc.RpcClient (RpcClient.java:createVolume(293)) - Creating Volume: testblockoutputstream, with jenkins1000 as owner.
2019-08-28 20:36:02,610 | INFO  | OMAudit | user=jenkins1000 | ip=127.0.0.1 | op=CREATE_VOLUME {admin=jenkins1000, owner=jenkins1000, volume=testblockoutputstream, creationTime=1567024562580, quotaInBytes=1152921504606846976} | ret=SUCCESS |  
2019-08-28 20:36:02,623 | INFO  | OMAudit | user=jenkins1000 | ip=127.0.0.1 | op=READ_VOLUME {volume=testblockoutputstream} | ret=SUCCESS |  
2019-08-28 20:36:02,624 [main] INFO  rpc.RpcClient (RpcClient.java:createBucket(432)) - Creating Bucket: testblockoutputstream/testblockoutputstream, with Versioning false and Storage Type set to DISK and Encryption set to false 
2019-08-28 20:36:02,629 | INFO  | OMAudit | user=jenkins1000 | ip=127.0.0.1 | op=CREATE_BUCKET {volume=testblockoutputstream, bucket=testblockoutputstream, acls=[user:jenkins1000:a[ACCESS], group:default:a[ACCESS]], isVersionEnabled=false, storageType=DISK, creationTime=0} | ret=SUCCESS |  
2019-08-28 20:36:02,631 | INFO  | OMAudit | user=jenkins1000 | ip=127.0.0.1 | op=READ_VOLUME {volume=testblockoutputstream} | ret=SUCCESS |  
2019-08-28 20:36:02,633 | INFO  | OMAudit | user=jenkins1000 | ip=127.0.0.1 | op=READ_BUCKET {volume=testblockoutputstream, bucket=testblockoutputstream} | ret=SUCCESS |  
2019-08-28 20:36:02,638 | INFO  | SCMAudit | user=jenkins1000 | ip=127.0.0.1 | op=ALLOCATE_BLOCK {owner=45612c5a-b2d9-4cc1-8d85-8da5d118d26f, size=800, type=RATIS, factor=THREE} | ret=SUCCESS |  
2019-08-28 20:36:02,640 | INFO  | OMAudit | user=jenkins1000 | ip=127.0.0.1 | op=ALLOCATE_KEY {volume=testblockoutputstream, bucket=testblockoutputstream, key=9fcd7d82-604b-40d8-b304-fa199e62856d, dataSize=0, replicationType=RATIS, replicationFactor=THREE, keyLocationInfo=null} | ret=SUCCESS |  
2019-08-28 20:36:02,658 [grpc-default-executor-11] INFO  client.GrpcClientProtocolClient (GrpcClientProtocolClient.java:onNext(255)) - client-253A8AB1C9AC->2e1e3d81-b170-4e8b-b1cd-cb6f18d4d582: receive RaftClientReply:client-253A8AB1C9AC->2e1e3d81-b170-4e8b-b1cd-cb6f18d4d582@group-36B9E80EE561, cid=211, FAILED org.apache.ratis.protocol.NotLeaderException: Server 2e1e3d81-b170-4e8b-b1cd-cb6f18d4d582 is not the leader (null). Request must be sent to leader., logIndex=0, commits[2e1e3d81-b170-4e8b-b1cd-cb6f18d4d582:c-1]
2019-08-28 20:36:03,095 | INFO  | SCMAudit | user=jenkins1000 | ip=192.168.5.177 | op=SEND_HEARTBEAT {datanodeUUID=c5b9be6c-9c2e-4a02-a7ba-e3f0b513e1ab, command=[]} | ret=SUCCESS |  
2019-08-28 20:36:03,154 | INFO  | SCMAudit | user=jenkins1000 | ip=192.168.5.177 | op=SEND_HEARTBEAT {datanodeUUID=e672058b-42e1-47c3-897e-84a1316cb1b0, command=[]} | ret=SUCCESS |  
2019-08-28 20:36:03,220 | INFO  | SCMAudit | user=jenkins1000 | ip=192.168.5.177 | op=SEND_HEARTBEAT {datanodeUUID=593f8111-8960-43bd-a0b5-5a0ee5e7a443, command=[]} | ret=SUCCESS |  
2019-08-28 20:36:03,282 | INFO  | SCMAudit | user=jenkins1000 | ip=192.168.5.177 | op=SEND_HEARTBEAT {datanodeUUID=3a675652-5de2-4019-bb1c-a11f6907c77c, command=[]} | ret=SUCCESS |  
2019-08-28 20:36:03,345 | INFO  | SCMAudit | user=jenkins1000 | ip=192.168.5.177 | op=SEND_HEARTBEAT {datanodeUUID=2e1e3d81-b170-4e8b-b1cd-cb6f18d4d582, command=[]} | ret=SUCCESS |  
2019-08-28 20:36:03,420 | INFO  | SCMAudit | user=jenkins1000 | ip=192.168.5.177 | op=SEND_HEARTBEAT {datanodeUUID=937d6d9e-d3c6-4b74-8a6d-7afbbf2178d6, command=[]} | ret=SUCCESS |  
2019-08-28 20:36:03,516 | INFO  | SCMAudit | user=jenkins1000 | ip=192.168.5.177 | op=SEND_HEARTBEAT {datanodeUUID=0f3aefe0-192d-4dd1-8b69-25e558fe3111, command=[]} | ret=SUCCESS |  
2019-08-28 20:36:03,671 [grpc-default-executor-9] INFO  client.GrpcClientProtocolClient (GrpcClientProtocolClient.java:onNext(255)) - client-253A8AB1C9AC->3a675652-5de2-4019-bb1c-a11f6907c77c: receive RaftClientReply:client-253A8AB1C9AC->3a675652-5de2-4019-bb1c-a11f6907c77c@group-36B9E80EE561, cid=211, FAILED org.apache.ratis.protocol.NotLeaderException: Server 3a675652-5de2-4019-bb1c-a11f6907c77c is not the leader (null). Request must be sent to leader., logIndex=0, commits[3a675652-5de2-4019-bb1c-a11f6907c77c:c-1]
2019-08-28 20:36:04,094 | INFO  | SCMAudit | user=jenkins1000 | ip=192.168.5.177 | op=SEND_HEARTBEAT {datanodeUUID=c5b9be6c-9c2e-4a02-a7ba-e3f0b513e1ab, command=[]} | ret=SUCCESS |  
2019-08-28 20:36:04,105 [Thread-4040] INFO  container.ReplicationManager (ReplicationManager.java:start(152)) - Starting Replication Monitor Thread.
2019-08-28 20:36:04,109 [ReplicationMonitor] INFO  container.ReplicationManager (ReplicationManager.java:run(215)) - Replication Monitor Thread took 0 milliseconds for processing 1 containers.
2019-08-28 20:36:04,154 | INFO  | SCMAudit | user=jenkins1000 | ip=192.168.5.177 | op=SEND_HEARTBEAT {datanodeUUID=e672058b-42e1-47c3-897e-84a1316cb1b0, command=[]} | ret=SUCCESS |  
2019-08-28 20:36:04,220 | INFO  | SCMAudit | user=jenkins1000 | ip=192.168.5.177 | op=SEND_HEARTBEAT {datanodeUUID=593f8111-8960-43bd-a0b5-5a0ee5e7a443, command=[]} | ret=SUCCESS |  
2019-08-28 20:36:04,282 | INFO  | SCMAudit | user=jenkins1000 | ip=192.168.5.177 | op=SEND_HEARTBEAT {datanodeUUID=3a675652-5de2-4019-bb1c-a11f6907c77c, command=[]} | ret=SUCCESS |  
2019-08-28 20:36:04,345 | INFO  | SCMAudit | user=jenkins1000 | ip=192.168.5.177 | op=SEND_HEARTBEAT {datanodeUUID=2e1e3d81-b170-4e8b-b1cd-cb6f18d4d582, command=[]} | ret=SUCCESS |  
2019-08-28 20:36:04,420 | INFO  | SCMAudit | user=jenkins1000 | ip=192.168.5.177 | op=SEND_HEARTBEAT {datanodeUUID=937d6d9e-d3c6-4b74-8a6d-7afbbf2178d6, command=[]} | ret=SUCCESS |  
2019-08-28 20:36:04,516 | INFO  | SCMAudit | user=jenkins1000 | ip=192.168.5.177 | op=SEND_HEARTBEAT {datanodeUUID=0f3aefe0-192d-4dd1-8b69-25e558fe3111, command=[]} | ret=SUCCESS |  
2019-08-28 20:36:04,686 [grpc-default-executor-9] INFO  client.GrpcClientProtocolClient (GrpcClientProtocolClient.java:onNext(255)) - client-253A8AB1C9AC->e672058b-42e1-47c3-897e-84a1316cb1b0: receive RaftClientReply:client-253A8AB1C9AC->e672058b-42e1-47c3-897e-84a1316cb1b0@group-36B9E80EE561, cid=211, FAILED org.apache.ratis.protocol.NotLeaderException: Server e672058b-42e1-47c3-897e-84a1316cb1b0 is not the leader (null). Request must be sent to leader., logIndex=0, commits[e672058b-42e1-47c3-897e-84a1316cb1b0:c-1]
2019-08-28 20:36:05,094 | INFO  | SCMAudit | user=jenkins1000 | ip=192.168.5.177 | op=SEND_HEARTBEAT {datanodeUUID=c5b9be6c-9c2e-4a02-a7ba-e3f0b513e1ab, command=[]} | ret=SUCCESS |  
2019-08-28 20:36:05,154 | INFO  | SCMAudit | user=jenkins1000 | ip=192.168.5.177 | op=SEND_HEARTBEAT {datanodeUUID=e672058b-42e1-47c3-897e-84a1316cb1b0, command=[]} | ret=SUCCESS |  
2019-08-28 20:36:05,221 | INFO  | SCMAudit | user=jenkins1000 | ip=192.168.5.177 | op=SEND_HEARTBEAT {datanodeUUID=593f8111-8960-43bd-a0b5-5a0ee5e7a443, command=[]} | ret=SUCCESS |  
2019-08-28 20:36:05,282 | INFO  | SCMAudit | user=jenkins1000 | ip=192.168.5.177 | op=SEND_HEARTBEAT {datanodeUUID=3a675652-5de2-4019-bb1c-a11f6907c77c, command=[]} | ret=SUCCESS |  
2019-08-28 20:36:05,346 | INFO  | SCMAudit | user=jenkins1000 | ip=192.168.5.177 | op=SEND_HEARTBEAT {datanodeUUID=2e1e3d81-b170-4e8b-b1cd-cb6f18d4d582, command=[]} | ret=SUCCESS |  
2019-08-28 20:36:05,420 | INFO  | SCMAudit | user=jenkins1000 | ip=192.168.5.177 | op=SEND_HEARTBEAT {datanodeUUID=937d6d9e-d3c6-4b74-8a6d-7afbbf2178d6, command=[]} | ret=SUCCESS |  
2019-08-28 20:36:05,517 | INFO  | SCMAudit | user=jenkins1000 | ip=192.168.5.177 | op=SEND_HEARTBEAT {datanodeUUID=0f3aefe0-192d-4dd1-8b69-25e558fe3111, command=[]} | ret=SUCCESS |  
2019-08-28 20:36:05,699 [grpc-default-executor-11] INFO  client.GrpcClientProtocolClient (GrpcClientProtocolClient.java:onNext(255)) - client-253A8AB1C9AC->2e1e3d81-b170-4e8b-b1cd-cb6f18d4d582: receive RaftClientReply:client-253A8AB1C9AC->2e1e3d81-b170-4e8b-b1cd-cb6f18d4d582@group-36B9E80EE561, cid=211, FAILED org.apache.ratis.protocol.NotLeaderException: Server 2e1e3d81-b170-4e8b-b1cd-cb6f18d4d582 is not the leader (null). Request must be sent to leader., logIndex=0, commits[2e1e3d81-b170-4e8b-b1cd-cb6f18d4d582:c-1]
2019-08-28 20:36:05,704 [grpc-default-worker-ELG-3-4] WARN  nio.NioEventLoop (NioEventLoop.java:select(786)) - Selector.select() returned prematurely {} times in a row; rebuilding Selector {}.
2019-08-28 20:36:05,705 [grpc-default-worker-ELG-3-4] INFO  nio.NioEventLoop (NioEventLoop.java:rebuildSelector0(396)) - Migrated 0 channel(s) to the new Selector.
2019-08-28 20:36:06,094 | INFO  | SCMAudit | user=jenkins1000 | ip=192.168.5.177 | op=SEND_HEARTBEAT {datanodeUUID=c5b9be6c-9c2e-4a02-a7ba-e3f0b513e1ab, command=[]} | ret=SUCCESS |  
2019-08-28 20:36:06,154 | INFO  | SCMAudit | user=jenkins1000 | ip=192.168.5.177 | op=SEND_HEARTBEAT {datanodeUUID=e672058b-42e1-47c3-897e-84a1316cb1b0, command=[]} | ret=SUCCESS |  
2019-08-28 20:36:06,221 | INFO  | SCMAudit | user=jenkins1000 | ip=192.168.5.177 | op=SEND_HEARTBEAT {datanodeUUID=593f8111-8960-43bd-a0b5-5a0ee5e7a443, command=[]} | ret=SUCCESS |  
2019-08-28 20:36:06,263 [Thread-4042] INFO  impl.FollowerState (FollowerState.java:run(106)) - c5b9be6c-9c2e-4a02-a7ba-e3f0b513e1ab:group-2CD6B5449342 changes to CANDIDATE, lastRpcTime:5091, electionTimeout:5091ms
2019-08-28 20:36:06,263 [Thread-4042] INFO  impl.RoleInfo (RoleInfo.java:shutdownFollowerState(121)) - c5b9be6c-9c2e-4a02-a7ba-e3f0b513e1ab: shutdown FollowerState
2019-08-28 20:36:06,263 [Thread-4042] INFO  impl.RaftServerImpl (RaftServerImpl.java:setRole(171)) - c5b9be6c-9c2e-4a02-a7ba-e3f0b513e1ab:group-2CD6B5449342 changes role from FOLLOWER to CANDIDATE at term 0 for changeToCandidate
2019-08-28 20:36:06,264 [Thread-4042] INFO  impl.RoleInfo (RoleInfo.java:updateAndGet(143)) - c5b9be6c-9c2e-4a02-a7ba-e3f0b513e1ab: start LeaderElection
2019-08-28 20:36:06,283 | INFO  | SCMAudit | user=jenkins1000 | ip=192.168.5.177 | op=SEND_HEARTBEAT {datanodeUUID=3a675652-5de2-4019-bb1c-a11f6907c77c, command=[]} | ret=SUCCESS |  
2019-08-28 20:36:06,287 [c5b9be6c-9c2e-4a02-a7ba-e3f0b513e1ab:group-2CD6B5449342:LeaderElection72] INFO  impl.LeaderElection (LeaderElection.java:askForVotes(181)) - c5b9be6c-9c2e-4a02-a7ba-e3f0b513e1ab:group-2CD6B5449342:LeaderElection72: begin an election at term 1 for -1: [c5b9be6c-9c2e-4a02-a7ba-e3f0b513e1ab:192.168.5.177:40270], old=null
2019-08-28 20:36:06,287 [c5b9be6c-9c2e-4a02-a7ba-e3f0b513e1ab:group-2CD6B5449342:LeaderElection72] INFO  impl.RoleInfo (RoleInfo.java:shutdownLeaderElection(134)) - c5b9be6c-9c2e-4a02-a7ba-e3f0b513e1ab: shutdown LeaderElection
2019-08-28 20:36:06,287 [c5b9be6c-9c2e-4a02-a7ba-e3f0b513e1ab:group-2CD6B5449342:LeaderElection72] INFO  impl.RaftServerImpl (RaftServerImpl.java:setRole(171)) - c5b9be6c-9c2e-4a02-a7ba-e3f0b513e1ab:group-2CD6B5449342 changes role from CANDIDATE to LEADER at term 1 for changeToLeader
2019-08-28 20:36:06,287 [c5b9be6c-9c2e-4a02-a7ba-e3f0b513e1ab:group-2CD6B5449342:LeaderElection72] INFO  impl.RaftServerImpl (ServerState.java:setLeader(263)) - c5b9be6c-9c2e-4a02-a7ba-e3f0b513e1ab:group-2CD6B5449342 change Leader from null to c5b9be6c-9c2e-4a02-a7ba-e3f0b513e1ab at term 1 for becomeLeader, leader elected after 5120ms
2019-08-28 20:36:06,288 [c5b9be6c-9c2e-4a02-a7ba-e3f0b513e1ab:group-2CD6B5449342:LeaderElection72] INFO  server.RaftServerConfigKeys (ConfUtils.java:logGet(43)) - raft.server.staging.catchup.gap = 1000 (default)
2019-08-28 20:36:06,288 [c5b9be6c-9c2e-4a02-a7ba-e3f0b513e1ab:group-2CD6B5449342:LeaderElection72] INFO  server.RaftServerConfigKeys (ConfUtils.java:logGet(43)) - raft.server.rpc.sleep.time = 25ms (default)
2019-08-28 20:36:06,288 [c5b9be6c-9c2e-4a02-a7ba-e3f0b513e1ab:group-2CD6B5449342:LeaderElection72] INFO  server.RaftServerConfigKeys (ConfUtils.java:logGet(43)) - raft.server.write.element-limit = 4096 (default)
2019-08-28 20:36:06,288 [c5b9be6c-9c2e-4a02-a7ba-e3f0b513e1ab:group-2CD6B5449342:LeaderElection72] INFO  server.RaftServerConfigKeys (ConfUtils.java:logGet(43)) - raft.server.watch.timeout = 10s (default)
2019-08-28 20:36:06,289 [c5b9be6c-9c2e-4a02-a7ba-e3f0b513e1ab:group-2CD6B5449342:LeaderElection72] INFO  server.RaftServerConfigKeys (ConfUtils.java:logGet(43)) - raft.server.watch.timeout.denomination = 1s (default)
2019-08-28 20:36:06,289 [c5b9be6c-9c2e-4a02-a7ba-e3f0b513e1ab:group-2CD6B5449342:LeaderElection72] INFO  server.RaftServerConfigKeys (ConfUtils.java:logGet(43)) - raft.server.watch.element-limit = 65536 (default)
2019-08-28 20:36:06,289 [c5b9be6c-9c2e-4a02-a7ba-e3f0b513e1ab:group-2CD6B5449342:LeaderElection72] INFO  impl.RoleInfo (RoleInfo.java:updateAndGet(143)) - c5b9be6c-9c2e-4a02-a7ba-e3f0b513e1ab: start LeaderState
2019-08-28 20:36:06,290 [c5b9be6c-9c2e-4a02-a7ba-e3f0b513e1ab:group-2CD6B5449342:LeaderElection72] INFO  segmented.SegmentedRaftLogWorker (SegmentedRaftLogWorker.java:startLogSegment(380)) - c5b9be6c-9c2e-4a02-a7ba-e3f0b513e1ab-SegmentedRaftLogWorker:Storage Directory /workdir/hadoop-ozone/integration-test/target/test-dir/MiniOzoneClusterImpl-53cd5f02-19c6-4d92-85a0-fac408bf1129/datanode-0/data/ratis/c23d3dd0-ed57-4d4a-9e48-2cd6b5449342: Starting segment from index:0
2019-08-28 20:36:06,291 [c5b9be6c-9c2e-4a02-a7ba-e3f0b513e1ab:group-2CD6B5449342:LeaderElection72] INFO  impl.RaftServerImpl (ServerState.java:setRaftConf(361)) - c5b9be6c-9c2e-4a02-a7ba-e3f0b513e1ab:group-2CD6B5449342 set configuration 0: [c5b9be6c-9c2e-4a02-a7ba-e3f0b513e1ab:192.168.5.177:40270], old=null at 0
2019-08-28 20:36:06,295 [Thread-4045] INFO  impl.FollowerState (FollowerState.java:run(106)) - e672058b-42e1-47c3-897e-84a1316cb1b0:group-80BDAB98C518 changes to CANDIDATE, lastRpcTime:5036, electionTimeout:5036ms
2019-08-28 20:36:06,295 [Thread-4045] INFO  impl.RoleInfo (RoleInfo.java:shutdownFollowerState(121)) - e672058b-42e1-47c3-897e-84a1316cb1b0: shutdown FollowerState
2019-08-28 20:36:06,295 [Thread-4045] INFO  impl.RaftServerImpl (RaftServerImpl.java:setRole(171)) - e672058b-42e1-47c3-897e-84a1316cb1b0:group-80BDAB98C518 changes role from FOLLOWER to CANDIDATE at term 0 for changeToCandidate
2019-08-28 20:36:06,295 [Thread-4045] INFO  impl.RoleInfo (RoleInfo.java:updateAndGet(143)) - e672058b-42e1-47c3-897e-84a1316cb1b0: start LeaderElection
2019-08-28 20:36:06,356 | INFO  | SCMAudit | user=jenkins1000 | ip=192.168.5.177 | op=SEND_HEARTBEAT {datanodeUUID=2e1e3d81-b170-4e8b-b1cd-cb6f18d4d582, command=[]} | ret=SUCCESS |  
2019-08-28 20:36:06,383 [c5b9be6c-9c2e-4a02-a7ba-e3f0b513e1ab-SegmentedRaftLogWorker:Storage Directory /workdir/hadoop-ozone/integration-test/target/test-dir/MiniOzoneClusterImpl-53cd5f02-19c6-4d92-85a0-fac408bf1129/datanode-0/data/ratis/c23d3dd0-ed57-4d4a-9e48-2cd6b5449342] INFO  segmented.SegmentedRaftLogWorker (SegmentedRaftLogWorker.java:execute(569)) - c5b9be6c-9c2e-4a02-a7ba-e3f0b513e1ab-SegmentedRaftLogWorker:Storage Directory /workdir/hadoop-ozone/integration-test/target/test-dir/MiniOzoneClusterImpl-53cd5f02-19c6-4d92-85a0-fac408bf1129/datanode-0/data/ratis/c23d3dd0-ed57-4d4a-9e48-2cd6b5449342: created new log segment /workdir/hadoop-ozone/integration-test/target/test-dir/MiniOzoneClusterImpl-53cd5f02-19c6-4d92-85a0-fac408bf1129/datanode-0/data/ratis/c23d3dd0-ed57-4d4a-9e48-2cd6b5449342/current/log_inprogress_0
2019-08-28 20:36:06,383 [e672058b-42e1-47c3-897e-84a1316cb1b0:group-80BDAB98C518:LeaderElection73] INFO  impl.LeaderElection (LeaderElection.java:askForVotes(181)) - e672058b-42e1-47c3-897e-84a1316cb1b0:group-80BDAB98C518:LeaderElection73: begin an election at term 1 for -1: [e672058b-42e1-47c3-897e-84a1316cb1b0:192.168.5.177:40060], old=null
2019-08-28 20:36:06,384 [e672058b-42e1-47c3-897e-84a1316cb1b0:group-80BDAB98C518:LeaderElection73] INFO  impl.RoleInfo (RoleInfo.java:shutdownLeaderElection(134)) - e672058b-42e1-47c3-897e-84a1316cb1b0: shutdown LeaderElection
2019-08-28 20:36:06,384 [e672058b-42e1-47c3-897e-84a1316cb1b0:group-80BDAB98C518:LeaderElection73] INFO  impl.RaftServerImpl (RaftServerImpl.java:setRole(171)) - e672058b-42e1-47c3-897e-84a1316cb1b0:group-80BDAB98C518 changes role from CANDIDATE to LEADER at term 1 for changeToLeader
2019-08-28 20:36:06,384 [e672058b-42e1-47c3-897e-84a1316cb1b0:group-80BDAB98C518:LeaderElection73] INFO  impl.RaftServerImpl (ServerState.java:setLeader(263)) - e672058b-42e1-47c3-897e-84a1316cb1b0:group-80BDAB98C518 change Leader from null to e672058b-42e1-47c3-897e-84a1316cb1b0 at term 1 for becomeLeader, leader elected after 5130ms
2019-08-28 20:36:06,384 [e672058b-42e1-47c3-897e-84a1316cb1b0:group-80BDAB98C518:LeaderElection73] INFO  server.RaftServerConfigKeys (ConfUtils.java:logGet(43)) - raft.server.staging.catchup.gap = 1000 (default)
2019-08-28 20:36:06,384 [e672058b-42e1-47c3-897e-84a1316cb1b0:group-80BDAB98C518:LeaderElection73] INFO  server.RaftServerConfigKeys (ConfUtils.java:logGet(43)) - raft.server.rpc.sleep.time = 25ms (default)
2019-08-28 20:36:06,385 [e672058b-42e1-47c3-897e-84a1316cb1b0:group-80BDAB98C518:LeaderElection73] INFO  server.RaftServerConfigKeys (ConfUtils.java:logGet(43)) - raft.server.write.element-limit = 4096 (default)
2019-08-28 20:36:06,385 [e672058b-42e1-47c3-897e-84a1316cb1b0:group-80BDAB98C518:LeaderElection73] INFO  server.RaftServerConfigKeys (ConfUtils.java:logGet(43)) - raft.server.watch.timeout = 10s (default)
2019-08-28 20:36:06,385 [e672058b-42e1-47c3-897e-84a1316cb1b0:group-80BDAB98C518:LeaderElection73] INFO  server.RaftServerConfigKeys (ConfUtils.java:logGet(43)) - raft.server.watch.timeout.denomination = 1s (default)
2019-08-28 20:36:06,385 [e672058b-42e1-47c3-897e-84a1316cb1b0:group-80BDAB98C518:LeaderElection73] INFO  server.RaftServerConfigKeys (ConfUtils.java:logGet(43)) - raft.server.watch.element-limit = 65536 (default)
2019-08-28 20:36:06,385 [e672058b-42e1-47c3-897e-84a1316cb1b0:group-80BDAB98C518:LeaderElection73] INFO  impl.RoleInfo (RoleInfo.java:updateAndGet(143)) - e672058b-42e1-47c3-897e-84a1316cb1b0: start LeaderState
2019-08-28 20:36:06,386 [e672058b-42e1-47c3-897e-84a1316cb1b0:group-80BDAB98C518:LeaderElection73] INFO  segmented.SegmentedRaftLogWorker (SegmentedRaftLogWorker.java:startLogSegment(380)) - e672058b-42e1-47c3-897e-84a1316cb1b0-SegmentedRaftLogWorker:Storage Directory /workdir/hadoop-ozone/integration-test/target/test-dir/MiniOzoneClusterImpl-53cd5f02-19c6-4d92-85a0-fac408bf1129/datanode-1/data/ratis/39d05966-bd02-48fa-878e-80bdab98c518: Starting segment from index:0
2019-08-28 20:36:06,386 [e672058b-42e1-47c3-897e-84a1316cb1b0:group-80BDAB98C518:LeaderElection73] INFO  impl.RaftServerImpl (ServerState.java:setRaftConf(361)) - e672058b-42e1-47c3-897e-84a1316cb1b0:group-80BDAB98C518 set configuration 0: [e672058b-42e1-47c3-897e-84a1316cb1b0:192.168.5.177:40060], old=null at 0
2019-08-28 20:36:06,421 | INFO  | SCMAudit | user=jenkins1000 | ip=192.168.5.177 | op=SEND_HEARTBEAT {datanodeUUID=937d6d9e-d3c6-4b74-8a6d-7afbbf2178d6, command=[]} | ret=SUCCESS |  
2019-08-28 20:36:06,444 [e672058b-42e1-47c3-897e-84a1316cb1b0-SegmentedRaftLogWorker:Storage Directory /workdir/hadoop-ozone/integration-test/target/test-dir/MiniOzoneClusterImpl-53cd5f02-19c6-4d92-85a0-fac408bf1129/datanode-1/data/ratis/39d05966-bd02-48fa-878e-80bdab98c518] INFO  segmented.SegmentedRaftLogWorker (SegmentedRaftLogWorker.java:execute(569)) - e672058b-42e1-47c3-897e-84a1316cb1b0-SegmentedRaftLogWorker:Storage Directory /workdir/hadoop-ozone/integration-test/target/test-dir/MiniOzoneClusterImpl-53cd5f02-19c6-4d92-85a0-fac408bf1129/datanode-1/data/ratis/39d05966-bd02-48fa-878e-80bdab98c518: created new log segment /workdir/hadoop-ozone/integration-test/target/test-dir/MiniOzoneClusterImpl-53cd5f02-19c6-4d92-85a0-fac408bf1129/datanode-1/data/ratis/39d05966-bd02-48fa-878e-80bdab98c518/current/log_inprogress_0
2019-08-28 20:36:06,456 [Thread-4048] INFO  impl.FollowerState (FollowerState.java:run(106)) - 593f8111-8960-43bd-a0b5-5a0ee5e7a443:group-EA6121EA6ECF changes to CANDIDATE, lastRpcTime:5150, electionTimeout:5150ms
2019-08-28 20:36:06,456 [Thread-4048] INFO  impl.RoleInfo (RoleInfo.java:shutdownFollowerState(121)) - 593f8111-8960-43bd-a0b5-5a0ee5e7a443: shutdown FollowerState
2019-08-28 20:36:06,456 [Thread-4048] INFO  impl.RaftServerImpl (RaftServerImpl.java:setRole(171)) - 593f8111-8960-43bd-a0b5-5a0ee5e7a443:group-EA6121EA6ECF changes role from FOLLOWER to CANDIDATE at term 0 for changeToCandidate
2019-08-28 20:36:06,456 [Thread-4048] INFO  impl.RoleInfo (RoleInfo.java:updateAndGet(143)) - 593f8111-8960-43bd-a0b5-5a0ee5e7a443: start LeaderElection
2019-08-28 20:36:06,474 [593f8111-8960-43bd-a0b5-5a0ee5e7a443:group-EA6121EA6ECF:LeaderElection74] INFO  impl.LeaderElection (LeaderElection.java:askForVotes(181)) - 593f8111-8960-43bd-a0b5-5a0ee5e7a443:group-EA6121EA6ECF:LeaderElection74: begin an election at term 1 for -1: [593f8111-8960-43bd-a0b5-5a0ee5e7a443:192.168.5.177:34447], old=null
2019-08-28 20:36:06,474 [593f8111-8960-43bd-a0b5-5a0ee5e7a443:group-EA6121EA6ECF:LeaderElection74] INFO  impl.RoleInfo (RoleInfo.java:shutdownLeaderElection(134)) - 593f8111-8960-43bd-a0b5-5a0ee5e7a443: shutdown LeaderElection
2019-08-28 20:36:06,474 [593f8111-8960-43bd-a0b5-5a0ee5e7a443:group-EA6121EA6ECF:LeaderElection74] INFO  impl.RaftServerImpl (RaftServerImpl.java:setRole(171)) - 593f8111-8960-43bd-a0b5-5a0ee5e7a443:group-EA6121EA6ECF changes role from CANDIDATE to LEADER at term 1 for changeToLeader
2019-08-28 20:36:06,474 [593f8111-8960-43bd-a0b5-5a0ee5e7a443:group-EA6121EA6ECF:LeaderElection74] INFO  impl.RaftServerImpl (ServerState.java:setLeader(263)) - 593f8111-8960-43bd-a0b5-5a0ee5e7a443:group-EA6121EA6ECF change Leader from null to 593f8111-8960-43bd-a0b5-5a0ee5e7a443 at term 1 for becomeLeader, leader elected after 5174ms
2019-08-28 20:36:06,474 [593f8111-8960-43bd-a0b5-5a0ee5e7a443:group-EA6121EA6ECF:LeaderElection74] INFO  server.RaftServerConfigKeys (ConfUtils.java:logGet(43)) - raft.server.staging.catchup.gap = 1000 (default)
2019-08-28 20:36:06,475 [593f8111-8960-43bd-a0b5-5a0ee5e7a443:group-EA6121EA6ECF:LeaderElection74] INFO  server.RaftServerConfigKeys (ConfUtils.java:logGet(43)) - raft.server.rpc.sleep.time = 25ms (default)
2019-08-28 20:36:06,475 [593f8111-8960-43bd-a0b5-5a0ee5e7a443:group-EA6121EA6ECF:LeaderElection74] INFO  server.RaftServerConfigKeys (ConfUtils.java:logGet(43)) - raft.server.write.element-limit = 4096 (default)
2019-08-28 20:36:06,475 [593f8111-8960-43bd-a0b5-5a0ee5e7a443:group-EA6121EA6ECF:LeaderElection74] INFO  server.RaftServerConfigKeys (ConfUtils.java:logGet(43)) - raft.server.watch.timeout = 10s (default)
2019-08-28 20:36:06,475 [593f8111-8960-43bd-a0b5-5a0ee5e7a443:group-EA6121EA6ECF:LeaderElection74] INFO  server.RaftServerConfigKeys (ConfUtils.java:logGet(43)) - raft.server.watch.timeout.denomination = 1s (default)
2019-08-28 20:36:06,475 [593f8111-8960-43bd-a0b5-5a0ee5e7a443:group-EA6121EA6ECF:LeaderElection74] INFO  server.RaftServerConfigKeys (ConfUtils.java:logGet(43)) - raft.server.watch.element-limit = 65536 (default)
2019-08-28 20:36:06,475 [593f8111-8960-43bd-a0b5-5a0ee5e7a443:group-EA6121EA6ECF:LeaderElection74] INFO  impl.RoleInfo (RoleInfo.java:updateAndGet(143)) - 593f8111-8960-43bd-a0b5-5a0ee5e7a443: start LeaderState
2019-08-28 20:36:06,476 [593f8111-8960-43bd-a0b5-5a0ee5e7a443:group-EA6121EA6ECF:LeaderElection74] INFO  segmented.SegmentedRaftLogWorker (SegmentedRaftLogWorker.java:startLogSegment(380)) - 593f8111-8960-43bd-a0b5-5a0ee5e7a443-SegmentedRaftLogWorker:Storage Directory /workdir/hadoop-ozone/integration-test/target/test-dir/MiniOzoneClusterImpl-53cd5f02-19c6-4d92-85a0-fac408bf1129/datanode-2/data/ratis/481d7f33-2f59-487a-a1cd-ea6121ea6ecf: Starting segment from index:0
2019-08-28 20:36:06,476 [593f8111-8960-43bd-a0b5-5a0ee5e7a443:group-EA6121EA6ECF:LeaderElection74] INFO  impl.RaftServerImpl (ServerState.java:setRaftConf(361)) - 593f8111-8960-43bd-a0b5-5a0ee5e7a443:group-EA6121EA6ECF set configuration 0: [593f8111-8960-43bd-a0b5-5a0ee5e7a443:192.168.5.177:34447], old=null at 0
2019-08-28 20:36:06,481 [Thread-4054] INFO  impl.FollowerState (FollowerState.java:run(106)) - 2e1e3d81-b170-4e8b-b1cd-cb6f18d4d582:group-836378337FB6 changes to CANDIDATE, lastRpcTime:5084, electionTimeout:5084ms
2019-08-28 20:36:06,481 [Thread-4054] INFO  impl.RoleInfo (RoleInfo.java:shutdownFollowerState(121)) - 2e1e3d81-b170-4e8b-b1cd-cb6f18d4d582: shutdown FollowerState
2019-08-28 20:36:06,481 [Thread-4054] INFO  impl.RaftServerImpl (RaftServerImpl.java:setRole(171)) - 2e1e3d81-b170-4e8b-b1cd-cb6f18d4d582:group-836378337FB6 changes role from FOLLOWER to CANDIDATE at term 0 for changeToCandidate
2019-08-28 20:36:06,481 [Thread-4054] INFO  impl.RoleInfo (RoleInfo.java:updateAndGet(143)) - 2e1e3d81-b170-4e8b-b1cd-cb6f18d4d582: start LeaderElection
2019-08-28 20:36:06,526 [Thread-4062] INFO  impl.FollowerState (FollowerState.java:run(106)) - 3a675652-5de2-4019-bb1c-a11f6907c77c:group-36B9E80EE561 changes to CANDIDATE, lastRpcTime:5054, electionTimeout:5023ms
2019-08-28 20:36:06,526 [Thread-4062] INFO  impl.RoleInfo (RoleInfo.java:shutdownFollowerState(121)) - 3a675652-5de2-4019-bb1c-a11f6907c77c: shutdown FollowerState
2019-08-28 20:36:06,526 [Thread-4062] INFO  impl.RaftServerImpl (RaftServerImpl.java:setRole(171)) - 3a675652-5de2-4019-bb1c-a11f6907c77c:group-36B9E80EE561 changes role from FOLLOWER to CANDIDATE at term 0 for changeToCandidate
2019-08-28 20:36:06,526 [Thread-4062] INFO  impl.RoleInfo (RoleInfo.java:updateAndGet(143)) - 3a675652-5de2-4019-bb1c-a11f6907c77c: start LeaderElection
2019-08-28 20:36:06,526 | INFO  | SCMAudit | user=jenkins1000 | ip=192.168.5.177 | op=SEND_HEARTBEAT {datanodeUUID=0f3aefe0-192d-4dd1-8b69-25e558fe3111, command=[]} | ret=SUCCESS |  
2019-08-28 20:36:06,538 [Thread-4051] INFO  impl.FollowerState (FollowerState.java:run(106)) - 3a675652-5de2-4019-bb1c-a11f6907c77c:group-3878B481E1C5 changes to CANDIDATE, lastRpcTime:5182, electionTimeout:5182ms
2019-08-28 20:36:06,538 [Thread-4051] INFO  impl.RoleInfo (RoleInfo.java:shutdownFollowerState(121)) - 3a675652-5de2-4019-bb1c-a11f6907c77c: shutdown FollowerState
2019-08-28 20:36:06,538 [Thread-4051] INFO  impl.RaftServerImpl (RaftServerImpl.java:setRole(171)) - 3a675652-5de2-4019-bb1c-a11f6907c77c:group-3878B481E1C5 changes role from FOLLOWER to CANDIDATE at term 0 for changeToCandidate
2019-08-28 20:36:06,538 [Thread-4051] INFO  impl.RoleInfo (RoleInfo.java:updateAndGet(143)) - 3a675652-5de2-4019-bb1c-a11f6907c77c: start LeaderElection
2019-08-28 20:36:06,538 [593f8111-8960-43bd-a0b5-5a0ee5e7a443-SegmentedRaftLogWorker:Storage Directory /workdir/hadoop-ozone/integration-test/target/test-dir/MiniOzoneClusterImpl-53cd5f02-19c6-4d92-85a0-fac408bf1129/datanode-2/data/ratis/481d7f33-2f59-487a-a1cd-ea6121ea6ecf] INFO  segmented.SegmentedRaftLogWorker (SegmentedRaftLogWorker.java:execute(569)) - 593f8111-8960-43bd-a0b5-5a0ee5e7a443-SegmentedRaftLogWorker:Storage Directory /workdir/hadoop-ozone/integration-test/target/test-dir/MiniOzoneClusterImpl-53cd5f02-19c6-4d92-85a0-fac408bf1129/datanode-2/data/ratis/481d7f33-2f59-487a-a1cd-ea6121ea6ecf: created new log segment /workdir/hadoop-ozone/integration-test/target/test-dir/MiniOzoneClusterImpl-53cd5f02-19c6-4d92-85a0-fac408bf1129/datanode-2/data/ratis/481d7f33-2f59-487a-a1cd-ea6121ea6ecf/current/log_inprogress_0
2019-08-28 20:36:06,538 [2e1e3d81-b170-4e8b-b1cd-cb6f18d4d582:group-836378337FB6:LeaderElection75] INFO  impl.LeaderElection (LeaderElection.java:askForVotes(181)) - 2e1e3d81-b170-4e8b-b1cd-cb6f18d4d582:group-836378337FB6:LeaderElection75: begin an election at term 1 for -1: [2e1e3d81-b170-4e8b-b1cd-cb6f18d4d582:192.168.5.177:44898], old=null
2019-08-28 20:36:06,538 [3a675652-5de2-4019-bb1c-a11f6907c77c:group-36B9E80EE561:LeaderElection76] INFO  impl.LeaderElection (LeaderElection.java:askForVotes(181)) - 3a675652-5de2-4019-bb1c-a11f6907c77c:group-36B9E80EE561:LeaderElection76: begin an election at term 1 for -1: [3a675652-5de2-4019-bb1c-a11f6907c77c:192.168.5.177:35869, 2e1e3d81-b170-4e8b-b1cd-cb6f18d4d582:192.168.5.177:44898, e672058b-42e1-47c3-897e-84a1316cb1b0:192.168.5.177:40060], old=null
2019-08-28 20:36:06,543 [2e1e3d81-b170-4e8b-b1cd-cb6f18d4d582:group-836378337FB6:LeaderElection75] INFO  impl.RoleInfo (RoleInfo.java:shutdownLeaderElection(134)) - 2e1e3d81-b170-4e8b-b1cd-cb6f18d4d582: shutdown LeaderElection
2019-08-28 20:36:06,543 [2e1e3d81-b170-4e8b-b1cd-cb6f18d4d582:group-836378337FB6:LeaderElection75] INFO  impl.RaftServerImpl (RaftServerImpl.java:setRole(171)) - 2e1e3d81-b170-4e8b-b1cd-cb6f18d4d582:group-836378337FB6 changes role from CANDIDATE to LEADER at term 1 for changeToLeader
2019-08-28 20:36:06,543 [2e1e3d81-b170-4e8b-b1cd-cb6f18d4d582:group-836378337FB6:LeaderElection75] INFO  impl.RaftServerImpl (ServerState.java:setLeader(263)) - 2e1e3d81-b170-4e8b-b1cd-cb6f18d4d582:group-836378337FB6 change Leader from null to 2e1e3d81-b170-4e8b-b1cd-cb6f18d4d582 at term 1 for becomeLeader, leader elected after 5151ms
2019-08-28 20:36:06,544 [2e1e3d81-b170-4e8b-b1cd-cb6f18d4d582:group-836378337FB6:LeaderElection75] INFO  server.RaftServerConfigKeys (ConfUtils.java:logGet(43)) - raft.server.staging.catchup.gap = 1000 (default)
2019-08-28 20:36:06,544 [2e1e3d81-b170-4e8b-b1cd-cb6f18d4d582:group-836378337FB6:LeaderElection75] INFO  server.RaftServerConfigKeys (ConfUtils.java:logGet(43)) - raft.server.rpc.sleep.time = 25ms (default)
2019-08-28 20:36:06,544 [2e1e3d81-b170-4e8b-b1cd-cb6f18d4d582:group-836378337FB6:LeaderElection75] INFO  server.RaftServerConfigKeys (ConfUtils.java:logGet(43)) - raft.server.write.element-limit = 4096 (default)
2019-08-28 20:36:06,544 [2e1e3d81-b170-4e8b-b1cd-cb6f18d4d582:group-836378337FB6:LeaderElection75] INFO  server.RaftServerConfigKeys (ConfUtils.java:logGet(43)) - raft.server.watch.timeout = 10s (default)
2019-08-28 20:36:06,544 [2e1e3d81-b170-4e8b-b1cd-cb6f18d4d582:group-836378337FB6:LeaderElection75] INFO  server.RaftServerConfigKeys (ConfUtils.java:logGet(43)) - raft.server.watch.timeout.denomination = 1s (default)
2019-08-28 20:36:06,544 [2e1e3d81-b170-4e8b-b1cd-cb6f18d4d582:group-836378337FB6:LeaderElection75] INFO  server.RaftServerConfigKeys (ConfUtils.java:logGet(43)) - raft.server.watch.element-limit = 65536 (default)
2019-08-28 20:36:06,545 [2e1e3d81-b170-4e8b-b1cd-cb6f18d4d582:group-836378337FB6:LeaderElection75] INFO  impl.RoleInfo (RoleInfo.java:updateAndGet(143)) - 2e1e3d81-b170-4e8b-b1cd-cb6f18d4d582: start LeaderState
2019-08-28 20:36:06,545 [2e1e3d81-b170-4e8b-b1cd-cb6f18d4d582:group-836378337FB6:LeaderElection75] INFO  segmented.SegmentedRaftLogWorker (SegmentedRaftLogWorker.java:startLogSegment(380)) - 2e1e3d81-b170-4e8b-b1cd-cb6f18d4d582-SegmentedRaftLogWorker:Storage Directory /workdir/hadoop-ozone/integration-test/target/test-dir/MiniOzoneClusterImpl-53cd5f02-19c6-4d92-85a0-fac408bf1129/datanode-4/data/ratis/ab8aba19-5ee3-43e3-a9ad-836378337fb6: Starting segment from index:0
2019-08-28 20:36:06,545 [2e1e3d81-b170-4e8b-b1cd-cb6f18d4d582:group-836378337FB6:LeaderElection75] INFO  impl.RaftServerImpl (ServerState.java:setRaftConf(361)) - 2e1e3d81-b170-4e8b-b1cd-cb6f18d4d582:group-836378337FB6 set configuration 0: [2e1e3d81-b170-4e8b-b1cd-cb6f18d4d582:192.168.5.177:44898], old=null at 0
2019-08-28 20:36:06,548 [grpc-default-executor-9] INFO  impl.RaftServerImpl (RaftServerImpl.java:setRole(171)) - 2e1e3d81-b170-4e8b-b1cd-cb6f18d4d582:group-36B9E80EE561 changes role from FOLLOWER to FOLLOWER at term 1 for recognizeCandidate:3a675652-5de2-4019-bb1c-a11f6907c77c
2019-08-28 20:36:06,548 [grpc-default-executor-9] INFO  impl.RoleInfo (RoleInfo.java:shutdownFollowerState(121)) - 2e1e3d81-b170-4e8b-b1cd-cb6f18d4d582: shutdown FollowerState
2019-08-28 20:36:06,548 [grpc-default-executor-11] INFO  impl.RaftServerImpl (RaftServerImpl.java:setRole(171)) - e672058b-42e1-47c3-897e-84a1316cb1b0:group-36B9E80EE561 changes role from FOLLOWER to FOLLOWER at term 1 for recognizeCandidate:3a675652-5de2-4019-bb1c-a11f6907c77c
2019-08-28 20:36:06,549 [Thread-4057] INFO  impl.FollowerState (FollowerState.java:run(114)) - 2e1e3d81-b170-4e8b-b1cd-cb6f18d4d582: FollowerState was interrupted: java.lang.InterruptedException: sleep interrupted
2019-08-28 20:36:06,548 [grpc-default-executor-9] INFO  impl.RoleInfo (RoleInfo.java:updateAndGet(143)) - 2e1e3d81-b170-4e8b-b1cd-cb6f18d4d582: start FollowerState
2019-08-28 20:36:06,549 [grpc-default-executor-11] INFO  impl.RoleInfo (RoleInfo.java:shutdownFollowerState(121)) - e672058b-42e1-47c3-897e-84a1316cb1b0: shutdown FollowerState
2019-08-28 20:36:06,549 [grpc-default-executor-11] INFO  impl.RoleInfo (RoleInfo.java:updateAndGet(143)) - e672058b-42e1-47c3-897e-84a1316cb1b0: start FollowerState
2019-08-28 20:36:06,550 [Thread-4060] INFO  impl.FollowerState (FollowerState.java:run(114)) - e672058b-42e1-47c3-897e-84a1316cb1b0: FollowerState was interrupted: java.lang.InterruptedException: sleep interrupted
2019-08-28 20:36:06,559 [3a675652-5de2-4019-bb1c-a11f6907c77c:group-3878B481E1C5:LeaderElection77] INFO  impl.LeaderElection (LeaderElection.java:askForVotes(181)) - 3a675652-5de2-4019-bb1c-a11f6907c77c:group-3878B481E1C5:LeaderElection77: begin an election at term 1 for -1: [3a675652-5de2-4019-bb1c-a11f6907c77c:192.168.5.177:35869], old=null
2019-08-28 20:36:06,559 [3a675652-5de2-4019-bb1c-a11f6907c77c:group-3878B481E1C5:LeaderElection77] INFO  impl.RoleInfo (RoleInfo.java:shutdownLeaderElection(134)) - 3a675652-5de2-4019-bb1c-a11f6907c77c: shutdown LeaderElection
2019-08-28 20:36:06,559 [3a675652-5de2-4019-bb1c-a11f6907c77c:group-3878B481E1C5:LeaderElection77] INFO  impl.RaftServerImpl (RaftServerImpl.java:setRole(171)) - 3a675652-5de2-4019-bb1c-a11f6907c77c:group-3878B481E1C5 changes role from CANDIDATE to LEADER at term 1 for changeToLeader
2019-08-28 20:36:06,559 [3a675652-5de2-4019-bb1c-a11f6907c77c:group-3878B481E1C5:LeaderElection77] INFO  impl.RaftServerImpl (ServerState.java:setLeader(263)) - 3a675652-5de2-4019-bb1c-a11f6907c77c:group-3878B481E1C5 change Leader from null to 3a675652-5de2-4019-bb1c-a11f6907c77c at term 1 for becomeLeader, leader elected after 5208ms
2019-08-28 20:36:06,559 [3a675652-5de2-4019-bb1c-a11f6907c77c:group-3878B481E1C5:LeaderElection77] INFO  server.RaftServerConfigKeys (ConfUtils.java:logGet(43)) - raft.server.staging.catchup.gap = 1000 (default)
2019-08-28 20:36:06,559 [3a675652-5de2-4019-bb1c-a11f6907c77c:group-3878B481E1C5:LeaderElection77] INFO  server.RaftServerConfigKeys (ConfUtils.java:logGet(43)) - raft.server.rpc.sleep.time = 25ms (default)
2019-08-28 20:36:06,560 [3a675652-5de2-4019-bb1c-a11f6907c77c:group-3878B481E1C5:LeaderElection77] INFO  server.RaftServerConfigKeys (ConfUtils.java:logGet(43)) - raft.server.write.element-limit = 4096 (default)
2019-08-28 20:36:06,560 [3a675652-5de2-4019-bb1c-a11f6907c77c:group-3878B481E1C5:LeaderElection77] INFO  server.RaftServerConfigKeys (ConfUtils.java:logGet(43)) - raft.server.watch.timeout = 10s (default)
2019-08-28 20:36:06,560 [3a675652-5de2-4019-bb1c-a11f6907c77c:group-36B9E80EE561:LeaderElection76] INFO  impl.LeaderElection (LeaderElection.java:logAndReturn(56)) - 3a675652-5de2-4019-bb1c-a11f6907c77c:group-36B9E80EE561:LeaderElection76: Election PASSED; received 1 response(s) [3a675652-5de2-4019-bb1c-a11f6907c77c<-2e1e3d81-b170-4e8b-b1cd-cb6f18d4d582#0:OK-t1] and 0 exception(s); 3a675652-5de2-4019-bb1c-a11f6907c77c:t1, leader=null, voted=3a675652-5de2-4019-bb1c-a11f6907c77c, raftlog=3a675652-5de2-4019-bb1c-a11f6907c77c-SegmentedRaftLog:OPENED:c-1,f-1,i0, conf=-1: [3a675652-5de2-4019-bb1c-a11f6907c77c:192.168.5.177:35869, 2e1e3d81-b170-4e8b-b1cd-cb6f18d4d582:192.168.5.177:44898, e672058b-42e1-47c3-897e-84a1316cb1b0:192.168.5.177:40060], old=null
2019-08-28 20:36:06,560 [3a675652-5de2-4019-bb1c-a11f6907c77c:group-3878B481E1C5:LeaderElection77] INFO  server.RaftServerConfigKeys (ConfUtils.java:logGet(43)) - raft.server.watch.timeout.denomination = 1s (default)
2019-08-28 20:36:06,560 [3a675652-5de2-4019-bb1c-a11f6907c77c:group-36B9E80EE561:LeaderElection76] INFO  impl.RoleInfo (RoleInfo.java:shutdownLeaderElection(134)) - 3a675652-5de2-4019-bb1c-a11f6907c77c: shutdown LeaderElection
2019-08-28 20:36:06,560 [3a675652-5de2-4019-bb1c-a11f6907c77c:group-3878B481E1C5:LeaderElection77] INFO  server.RaftServerConfigKeys (ConfUtils.java:logGet(43)) - raft.server.watch.element-limit = 65536 (default)
2019-08-28 20:36:06,561 [3a675652-5de2-4019-bb1c-a11f6907c77c:group-36B9E80EE561:LeaderElection76] INFO  impl.RaftServerImpl (RaftServerImpl.java:setRole(171)) - 3a675652-5de2-4019-bb1c-a11f6907c77c:group-36B9E80EE561 changes role from CANDIDATE to LEADER at term 1 for changeToLeader
2019-08-28 20:36:06,561 [3a675652-5de2-4019-bb1c-a11f6907c77c:group-36B9E80EE561:LeaderElection76] INFO  impl.RaftServerImpl (ServerState.java:setLeader(263)) - 3a675652-5de2-4019-bb1c-a11f6907c77c:group-36B9E80EE561 change Leader from null to 3a675652-5de2-4019-bb1c-a11f6907c77c at term 1 for becomeLeader, leader elected after 5101ms
2019-08-28 20:36:06,561 [3a675652-5de2-4019-bb1c-a11f6907c77c:group-3878B481E1C5:LeaderElection77] INFO  impl.RoleInfo (RoleInfo.java:updateAndGet(143)) - 3a675652-5de2-4019-bb1c-a11f6907c77c: start LeaderState
2019-08-28 20:36:06,561 [3a675652-5de2-4019-bb1c-a11f6907c77c:group-36B9E80EE561:LeaderElection76] INFO  server.RaftServerConfigKeys (ConfUtils.java:logGet(43)) - raft.server.staging.catchup.gap = 1000 (default)
2019-08-28 20:36:06,561 [3a675652-5de2-4019-bb1c-a11f6907c77c:group-3878B481E1C5:LeaderElection77] INFO  segmented.SegmentedRaftLogWorker (SegmentedRaftLogWorker.java:startLogSegment(380)) - 3a675652-5de2-4019-bb1c-a11f6907c77c-SegmentedRaftLogWorker:Storage Directory /workdir/hadoop-ozone/integration-test/target/test-dir/MiniOzoneClusterImpl-53cd5f02-19c6-4d92-85a0-fac408bf1129/datanode-3/data/ratis/a687f201-e2e4-401d-b1e5-3878b481e1c5: Starting segment from index:0
2019-08-28 20:36:06,561 [3a675652-5de2-4019-bb1c-a11f6907c77c:group-36B9E80EE561:LeaderElection76] INFO  server.RaftServerConfigKeys (ConfUtils.java:logGet(43)) - raft.server.rpc.sleep.time = 25ms (default)
2019-08-28 20:36:06,562 [3a675652-5de2-4019-bb1c-a11f6907c77c:group-36B9E80EE561:LeaderElection76] INFO  server.RaftServerConfigKeys (ConfUtils.java:logGet(43)) - raft.server.write.element-limit = 4096 (default)
2019-08-28 20:36:06,562 [3a675652-5de2-4019-bb1c-a11f6907c77c:group-3878B481E1C5:LeaderElection77] INFO  impl.RaftServerImpl (ServerState.java:setRaftConf(361)) - 3a675652-5de2-4019-bb1c-a11f6907c77c:group-3878B481E1C5 set configuration 0: [3a675652-5de2-4019-bb1c-a11f6907c77c:192.168.5.177:35869], old=null at 0
2019-08-28 20:36:06,562 [3a675652-5de2-4019-bb1c-a11f6907c77c:group-36B9E80EE561:LeaderElection76] INFO  server.RaftServerConfigKeys (ConfUtils.java:logGet(43)) - raft.server.watch.timeout = 10s (default)
2019-08-28 20:36:06,562 [3a675652-5de2-4019-bb1c-a11f6907c77c:group-36B9E80EE561:LeaderElection76] INFO  server.RaftServerConfigKeys (ConfUtils.java:logGet(43)) - raft.server.watch.timeout.denomination = 1s (default)
2019-08-28 20:36:06,562 [3a675652-5de2-4019-bb1c-a11f6907c77c:group-36B9E80EE561:LeaderElection76] INFO  server.RaftServerConfigKeys (ConfUtils.java:logGet(43)) - raft.server.watch.element-limit = 65536 (default)
2019-08-28 20:36:06,563 [3a675652-5de2-4019-bb1c-a11f6907c77c:group-36B9E80EE561:LeaderElection76] INFO  server.RaftServerConfigKeys (ConfUtils.java:logGet(43)) - raft.server.log.appender.snapshot.chunk.size.max = 16MB (=16777216) (default)
2019-08-28 20:36:06,563 [3a675652-5de2-4019-bb1c-a11f6907c77c:group-36B9E80EE561:LeaderElection76] INFO  server.RaftServerConfigKeys (ConfUtils.java:logGet(43)) - raft.server.log.appender.buffer.byte-limit = 33554432 (custom)
2019-08-28 20:36:06,563 [3a675652-5de2-4019-bb1c-a11f6907c77c:group-36B9E80EE561:LeaderElection76] INFO  server.RaftServerConfigKeys (ConfUtils.java:logGet(43)) - raft.server.log.appender.buffer.element-limit = 1 (custom)
2019-08-28 20:36:06,563 [3a675652-5de2-4019-bb1c-a11f6907c77c:group-36B9E80EE561:LeaderElection76] INFO  grpc.GrpcConfigKeys$Server (ConfUtils.java:logGet(43)) - raft.grpc.server.leader.outstanding.appends.max = 128 (default)
2019-08-28 20:36:06,564 [3a675652-5de2-4019-bb1c-a11f6907c77c:group-36B9E80EE561:LeaderElection76] INFO  server.RaftServerConfigKeys (ConfUtils.java:logGet(43)) - raft.server.rpc.request.timeout = 3000ms (default)
2019-08-28 20:36:06,564 [3a675652-5de2-4019-bb1c-a11f6907c77c:group-36B9E80EE561:LeaderElection76] INFO  server.RaftServerConfigKeys (ConfUtils.java:logGet(43)) - raft.server.log.appender.install.snapshot.enabled = false (custom)
2019-08-28 20:36:06,564 [3a675652-5de2-4019-bb1c-a11f6907c77c:group-36B9E80EE561:LeaderElection76] INFO  server.RaftServerConfigKeys (ConfUtils.java:logGet(43)) - raft.server.log.appender.snapshot.chunk.size.max = 16MB (=16777216) (default)
2019-08-28 20:36:06,564 [3a675652-5de2-4019-bb1c-a11f6907c77c:group-36B9E80EE561:LeaderElection76] INFO  server.RaftServerConfigKeys (ConfUtils.java:logGet(43)) - raft.server.log.appender.buffer.byte-limit = 33554432 (custom)
2019-08-28 20:36:06,564 [3a675652-5de2-4019-bb1c-a11f6907c77c:group-36B9E80EE561:LeaderElection76] INFO  server.RaftServerConfigKeys (ConfUtils.java:logGet(43)) - raft.server.log.appender.buffer.element-limit = 1 (custom)
2019-08-28 20:36:06,565 [3a675652-5de2-4019-bb1c-a11f6907c77c:group-36B9E80EE561:LeaderElection76] INFO  grpc.GrpcConfigKeys$Server (ConfUtils.java:logGet(43)) - raft.grpc.server.leader.outstanding.appends.max = 128 (default)
2019-08-28 20:36:06,565 [3a675652-5de2-4019-bb1c-a11f6907c77c:group-36B9E80EE561:LeaderElection76] INFO  server.RaftServerConfigKeys (ConfUtils.java:logGet(43)) - raft.server.rpc.request.timeout = 3000ms (default)
2019-08-28 20:36:06,565 [3a675652-5de2-4019-bb1c-a11f6907c77c:group-36B9E80EE561:LeaderElection76] INFO  server.RaftServerConfigKeys (ConfUtils.java:logGet(43)) - raft.server.log.appender.install.snapshot.enabled = false (custom)
2019-08-28 20:36:06,565 [3a675652-5de2-4019-bb1c-a11f6907c77c:group-36B9E80EE561:LeaderElection76] INFO  impl.RoleInfo (RoleInfo.java:updateAndGet(143)) - 3a675652-5de2-4019-bb1c-a11f6907c77c: start LeaderState
2019-08-28 20:36:06,566 [3a675652-5de2-4019-bb1c-a11f6907c77c:group-36B9E80EE561:LeaderElection76] INFO  segmented.SegmentedRaftLogWorker (SegmentedRaftLogWorker.java:startLogSegment(380)) - 3a675652-5de2-4019-bb1c-a11f6907c77c-SegmentedRaftLogWorker:Storage Directory /workdir/hadoop-ozone/integration-test/target/test-dir/MiniOzoneClusterImpl-53cd5f02-19c6-4d92-85a0-fac408bf1129/datanode-3/data/ratis/4071187d-a185-4806-a54c-36b9e80ee561: Starting segment from index:0
2019-08-28 20:36:06,567 [3a675652-5de2-4019-bb1c-a11f6907c77c:group-36B9E80EE561:LeaderElection76] INFO  impl.RaftServerImpl (ServerState.java:setRaftConf(361)) - 3a675652-5de2-4019-bb1c-a11f6907c77c:group-36B9E80EE561 set configuration 0: [3a675652-5de2-4019-bb1c-a11f6907c77c:192.168.5.177:35869, 2e1e3d81-b170-4e8b-b1cd-cb6f18d4d582:192.168.5.177:44898, e672058b-42e1-47c3-897e-84a1316cb1b0:192.168.5.177:40060], old=null at 0
2019-08-28 20:36:06,612 [Thread-4066] INFO  impl.FollowerState (FollowerState.java:run(106)) - 937d6d9e-d3c6-4b74-8a6d-7afbbf2178d6:group-F7200FD621A1 changes to CANDIDATE, lastRpcTime:5071, electionTimeout:5043ms
2019-08-28 20:36:06,612 [Thread-4072] INFO  impl.FollowerState (FollowerState.java:run(106)) - c5b9be6c-9c2e-4a02-a7ba-e3f0b513e1ab:group-F7200FD621A1 changes to CANDIDATE, lastRpcTime:5068, electionTimeout:5034ms
2019-08-28 20:36:06,615 [Thread-4066] INFO  impl.RoleInfo (RoleInfo.java:shutdownFollowerState(121)) - 937d6d9e-d3c6-4b74-8a6d-7afbbf2178d6: shutdown FollowerState
2019-08-28 20:36:06,615 [Thread-4072] INFO  impl.RoleInfo (RoleInfo.java:shutdownFollowerState(121)) - c5b9be6c-9c2e-4a02-a7ba-e3f0b513e1ab: shutdown FollowerState
2019-08-28 20:36:06,615 [Thread-4066] INFO  impl.RaftServerImpl (RaftServerImpl.java:setRole(171)) - 937d6d9e-d3c6-4b74-8a6d-7afbbf2178d6:group-F7200FD621A1 changes role from FOLLOWER to CANDIDATE at term 0 for changeToCandidate
2019-08-28 20:36:06,616 [Thread-4072] INFO  impl.RaftServerImpl (RaftServerImpl.java:setRole(171)) - c5b9be6c-9c2e-4a02-a7ba-e3f0b513e1ab:group-F7200FD621A1 changes role from FOLLOWER to CANDIDATE at term 0 for changeToCandidate
2019-08-28 20:36:06,616 [Thread-4066] INFO  impl.RoleInfo (RoleInfo.java:updateAndGet(143)) - 937d6d9e-d3c6-4b74-8a6d-7afbbf2178d6: start LeaderElection
2019-08-28 20:36:06,616 [Thread-4072] INFO  impl.RoleInfo (RoleInfo.java:updateAndGet(143)) - c5b9be6c-9c2e-4a02-a7ba-e3f0b513e1ab: start LeaderElection
2019-08-28 20:36:06,628 [2e1e3d81-b170-4e8b-b1cd-cb6f18d4d582-SegmentedRaftLogWorker:Storage Directory /workdir/hadoop-ozone/integration-test/target/test-dir/MiniOzoneClusterImpl-53cd5f02-19c6-4d92-85a0-fac408bf1129/datanode-4/data/ratis/ab8aba19-5ee3-43e3-a9ad-836378337fb6] INFO  segmented.SegmentedRaftLogWorker (SegmentedRaftLogWorker.java:execute(569)) - 2e1e3d81-b170-4e8b-b1cd-cb6f18d4d582-SegmentedRaftLogWorker:Storage Directory /workdir/hadoop-ozone/integration-test/target/test-dir/MiniOzoneClusterImpl-53cd5f02-19c6-4d92-85a0-fac408bf1129/datanode-4/data/ratis/ab8aba19-5ee3-43e3-a9ad-836378337fb6: created new log segment /workdir/hadoop-ozone/integration-test/target/test-dir/MiniOzoneClusterImpl-53cd5f02-19c6-4d92-85a0-fac408bf1129/datanode-4/data/ratis/ab8aba19-5ee3-43e3-a9ad-836378337fb6/current/log_inprogress_0
2019-08-28 20:36:06,628 [grpc-default-executor-11] INFO  impl.RaftServerImpl (ServerState.java:setLeader(263)) - 2e1e3d81-b170-4e8b-b1cd-cb6f18d4d582:group-36B9E80EE561 change Leader from null to 3a675652-5de2-4019-bb1c-a11f6907c77c at term 1 for appendEntries, leader elected after 5169ms
2019-08-28 20:36:06,628 [3a675652-5de2-4019-bb1c-a11f6907c77c-SegmentedRaftLogWorker:Storage Directory /workdir/hadoop-ozone/integration-test/target/test-dir/MiniOzoneClusterImpl-53cd5f02-19c6-4d92-85a0-fac408bf1129/datanode-3/data/ratis/a687f201-e2e4-401d-b1e5-3878b481e1c5] INFO  segmented.SegmentedRaftLogWorker (SegmentedRaftLogWorker.java:execute(569)) - 3a675652-5de2-4019-bb1c-a11f6907c77c-SegmentedRaftLogWorker:Storage Directory /workdir/hadoop-ozone/integration-test/target/test-dir/MiniOzoneClusterImpl-53cd5f02-19c6-4d92-85a0-fac408bf1129/datanode-3/data/ratis/a687f201-e2e4-401d-b1e5-3878b481e1c5: created new log segment /workdir/hadoop-ozone/integration-test/target/test-dir/MiniOzoneClusterImpl-53cd5f02-19c6-4d92-85a0-fac408bf1129/datanode-3/data/ratis/a687f201-e2e4-401d-b1e5-3878b481e1c5/current/log_inprogress_0
2019-08-28 20:36:06,629 [3a675652-5de2-4019-bb1c-a11f6907c77c-SegmentedRaftLogWorker:Storage Directory /workdir/hadoop-ozone/integration-test/target/test-dir/MiniOzoneClusterImpl-53cd5f02-19c6-4d92-85a0-fac408bf1129/datanode-3/data/ratis/4071187d-a185-4806-a54c-36b9e80ee561] INFO  segmented.SegmentedRaftLogWorker (SegmentedRaftLogWorker.java:execute(569)) - 3a675652-5de2-4019-bb1c-a11f6907c77c-SegmentedRaftLogWorker:Storage Directory /workdir/hadoop-ozone/integration-test/target/test-dir/MiniOzoneClusterImpl-53cd5f02-19c6-4d92-85a0-fac408bf1129/datanode-3/data/ratis/4071187d-a185-4806-a54c-36b9e80ee561: created new log segment /workdir/hadoop-ozone/integration-test/target/test-dir/MiniOzoneClusterImpl-53cd5f02-19c6-4d92-85a0-fac408bf1129/datanode-3/data/ratis/4071187d-a185-4806-a54c-36b9e80ee561/current/log_inprogress_0
2019-08-28 20:36:06,629 [grpc-default-executor-9] INFO  impl.RaftServerImpl (ServerState.java:setLeader(263)) - e672058b-42e1-47c3-897e-84a1316cb1b0:group-36B9E80EE561 change Leader from null to 3a675652-5de2-4019-bb1c-a11f6907c77c at term 1 for appendEntries, leader elected after 5170ms
2019-08-28 20:36:06,634 [Thread-4068] INFO  impl.FollowerState (FollowerState.java:run(106)) - 593f8111-8960-43bd-a0b5-5a0ee5e7a443:group-F7200FD621A1 changes to CANDIDATE, lastRpcTime:5091, electionTimeout:5090ms
2019-08-28 20:36:06,634 [Thread-4068] INFO  impl.RoleInfo (RoleInfo.java:shutdownFollowerState(121)) - 593f8111-8960-43bd-a0b5-5a0ee5e7a443: shutdown FollowerState
2019-08-28 20:36:06,634 [Thread-4068] INFO  impl.RaftServerImpl (RaftServerImpl.java:setRole(171)) - 593f8111-8960-43bd-a0b5-5a0ee5e7a443:group-F7200FD621A1 changes role from FOLLOWER to CANDIDATE at term 0 for changeToCandidate
2019-08-28 20:36:06,634 [Thread-4068] INFO  impl.RoleInfo (RoleInfo.java:updateAndGet(143)) - 593f8111-8960-43bd-a0b5-5a0ee5e7a443: start LeaderElection
2019-08-28 20:36:06,639 [grpc-default-executor-9] INFO  impl.RaftServerImpl (ServerState.java:setRaftConf(361)) - 2e1e3d81-b170-4e8b-b1cd-cb6f18d4d582:group-36B9E80EE561 set configuration 0: [3a675652-5de2-4019-bb1c-a11f6907c77c:192.168.5.177:35869, 2e1e3d81-b170-4e8b-b1cd-cb6f18d4d582:192.168.5.177:44898, e672058b-42e1-47c3-897e-84a1316cb1b0:192.168.5.177:40060], old=null at 0
2019-08-28 20:36:06,639 [grpc-default-executor-9] INFO  segmented.SegmentedRaftLogWorker (SegmentedRaftLogWorker.java:startLogSegment(380)) - 2e1e3d81-b170-4e8b-b1cd-cb6f18d4d582-SegmentedRaftLogWorker:Storage Directory /workdir/hadoop-ozone/integration-test/target/test-dir/MiniOzoneClusterImpl-53cd5f02-19c6-4d92-85a0-fac408bf1129/datanode-4/data/ratis/4071187d-a185-4806-a54c-36b9e80ee561: Starting segment from index:0
2019-08-28 20:36:06,639 [grpc-default-executor-11] INFO  impl.RaftServerImpl (ServerState.java:setRaftConf(361)) - e672058b-42e1-47c3-897e-84a1316cb1b0:group-36B9E80EE561 set configuration 0: [3a675652-5de2-4019-bb1c-a11f6907c77c:192.168.5.177:35869, 2e1e3d81-b170-4e8b-b1cd-cb6f18d4d582:192.168.5.177:44898, e672058b-42e1-47c3-897e-84a1316cb1b0:192.168.5.177:40060], old=null at 0
2019-08-28 20:36:06,639 [grpc-default-executor-11] INFO  segmented.SegmentedRaftLogWorker (SegmentedRaftLogWorker.java:startLogSegment(380)) - e672058b-42e1-47c3-897e-84a1316cb1b0-SegmentedRaftLogWorker:Storage Directory /workdir/hadoop-ozone/integration-test/target/test-dir/MiniOzoneClusterImpl-53cd5f02-19c6-4d92-85a0-fac408bf1129/datanode-1/data/ratis/4071187d-a185-4806-a54c-36b9e80ee561: Starting segment from index:0
2019-08-28 20:36:06,652 [Thread-4075] INFO  impl.FollowerState (FollowerState.java:run(106)) - 937d6d9e-d3c6-4b74-8a6d-7afbbf2178d6:group-752839B4C8F1 changes to CANDIDATE, lastRpcTime:5067, electionTimeout:5067ms
2019-08-28 20:36:06,652 [Thread-4075] INFO  impl.RoleInfo (RoleInfo.java:shutdownFollowerState(121)) - 937d6d9e-d3c6-4b74-8a6d-7afbbf2178d6: shutdown FollowerState
2019-08-28 20:36:06,652 [Thread-4075] INFO  impl.RaftServerImpl (RaftServerImpl.java:setRole(171)) - 937d6d9e-d3c6-4b74-8a6d-7afbbf2178d6:group-752839B4C8F1 changes role from FOLLOWER to CANDIDATE at term 0 for changeToCandidate
2019-08-28 20:36:06,652 [Thread-4075] INFO  impl.RoleInfo (RoleInfo.java:updateAndGet(143)) - 937d6d9e-d3c6-4b74-8a6d-7afbbf2178d6: start LeaderElection
2019-08-28 20:36:06,683 [937d6d9e-d3c6-4b74-8a6d-7afbbf2178d6:group-F7200FD621A1:LeaderElection78] INFO  impl.LeaderElection (LeaderElection.java:askForVotes(181)) - 937d6d9e-d3c6-4b74-8a6d-7afbbf2178d6:group-F7200FD621A1:LeaderElection78: begin an election at term 1 for -1: [937d6d9e-d3c6-4b74-8a6d-7afbbf2178d6:192.168.5.177:33042, 593f8111-8960-43bd-a0b5-5a0ee5e7a443:192.168.5.177:34447, c5b9be6c-9c2e-4a02-a7ba-e3f0b513e1ab:192.168.5.177:40270], old=null
2019-08-28 20:36:06,683 [c5b9be6c-9c2e-4a02-a7ba-e3f0b513e1ab:group-F7200FD621A1:LeaderElection79] INFO  impl.LeaderElection (LeaderElection.java:askForVotes(181)) - c5b9be6c-9c2e-4a02-a7ba-e3f0b513e1ab:group-F7200FD621A1:LeaderElection79: begin an election at term 1 for -1: [937d6d9e-d3c6-4b74-8a6d-7afbbf2178d6:192.168.5.177:33042, 593f8111-8960-43bd-a0b5-5a0ee5e7a443:192.168.5.177:34447, c5b9be6c-9c2e-4a02-a7ba-e3f0b513e1ab:192.168.5.177:40270], old=null
2019-08-28 20:36:06,683 [593f8111-8960-43bd-a0b5-5a0ee5e7a443:group-F7200FD621A1:LeaderElection80] INFO  impl.LeaderElection (LeaderElection.java:askForVotes(181)) - 593f8111-8960-43bd-a0b5-5a0ee5e7a443:group-F7200FD621A1:LeaderElection80: begin an election at term 1 for -1: [937d6d9e-d3c6-4b74-8a6d-7afbbf2178d6:192.168.5.177:33042, 593f8111-8960-43bd-a0b5-5a0ee5e7a443:192.168.5.177:34447, c5b9be6c-9c2e-4a02-a7ba-e3f0b513e1ab:192.168.5.177:40270], old=null
2019-08-28 20:36:06,695 [593f8111-8960-43bd-a0b5-5a0ee5e7a443:group-F7200FD621A1:LeaderElection80] INFO  impl.LeaderElection (LeaderElection.java:logAndReturn(56)) - 593f8111-8960-43bd-a0b5-5a0ee5e7a443:group-F7200FD621A1:LeaderElection80: Election REJECTED; received 2 response(s) [593f8111-8960-43bd-a0b5-5a0ee5e7a443<-937d6d9e-d3c6-4b74-8a6d-7afbbf2178d6#0:FAIL-t1, 593f8111-8960-43bd-a0b5-5a0ee5e7a443<-c5b9be6c-9c2e-4a02-a7ba-e3f0b513e1ab#0:FAIL-t1] and 0 exception(s); 593f8111-8960-43bd-a0b5-5a0ee5e7a443:t1, leader=null, voted=593f8111-8960-43bd-a0b5-5a0ee5e7a443, raftlog=593f8111-8960-43bd-a0b5-5a0ee5e7a443-SegmentedRaftLog:OPENED:c-1,f-1,i0, conf=-1: [937d6d9e-d3c6-4b74-8a6d-7afbbf2178d6:192.168.5.177:33042, 593f8111-8960-43bd-a0b5-5a0ee5e7a443:192.168.5.177:34447, c5b9be6c-9c2e-4a02-a7ba-e3f0b513e1ab:192.168.5.177:40270], old=null
2019-08-28 20:36:06,695 [593f8111-8960-43bd-a0b5-5a0ee5e7a443:group-F7200FD621A1:LeaderElection80] INFO  impl.RaftServerImpl (RaftServerImpl.java:setRole(171)) - 593f8111-8960-43bd-a0b5-5a0ee5e7a443:group-F7200FD621A1 changes role from CANDIDATE to FOLLOWER at term 1 for DISCOVERED_A_NEW_TERM
2019-08-28 20:36:06,695 [593f8111-8960-43bd-a0b5-5a0ee5e7a443:group-F7200FD621A1:LeaderElection80] INFO  impl.RoleInfo (RoleInfo.java:shutdownLeaderElection(134)) - 593f8111-8960-43bd-a0b5-5a0ee5e7a443: shutdown LeaderElection
2019-08-28 20:36:06,696 [593f8111-8960-43bd-a0b5-5a0ee5e7a443:group-F7200FD621A1:LeaderElection80] INFO  impl.RoleInfo (RoleInfo.java:updateAndGet(143)) - 593f8111-8960-43bd-a0b5-5a0ee5e7a443: start FollowerState
2019-08-28 20:36:06,696 [c5b9be6c-9c2e-4a02-a7ba-e3f0b513e1ab:group-F7200FD621A1:LeaderElection79] INFO  impl.LeaderElection (LeaderElection.java:logAndReturn(56)) - c5b9be6c-9c2e-4a02-a7ba-e3f0b513e1ab:group-F7200FD621A1:LeaderElection79: Election REJECTED; received 2 response(s) [c5b9be6c-9c2e-4a02-a7ba-e3f0b513e1ab<-937d6d9e-d3c6-4b74-8a6d-7afbbf2178d6#0:FAIL-t1, c5b9be6c-9c2e-4a02-a7ba-e3f0b513e1ab<-593f8111-8960-43bd-a0b5-5a0ee5e7a443#0:FAIL-t1] and 0 exception(s); c5b9be6c-9c2e-4a02-a7ba-e3f0b513e1ab:t1, leader=null, voted=c5b9be6c-9c2e-4a02-a7ba-e3f0b513e1ab, raftlog=c5b9be6c-9c2e-4a02-a7ba-e3f0b513e1ab-SegmentedRaftLog:OPENED:c-1,f-1,i0, conf=-1: [937d6d9e-d3c6-4b74-8a6d-7afbbf2178d6:192.168.5.177:33042, 593f8111-8960-43bd-a0b5-5a0ee5e7a443:192.168.5.177:34447, c5b9be6c-9c2e-4a02-a7ba-e3f0b513e1ab:192.168.5.177:40270], old=null
2019-08-28 20:36:06,696 [c5b9be6c-9c2e-4a02-a7ba-e3f0b513e1ab:group-F7200FD621A1:LeaderElection79] INFO  impl.RaftServerImpl (RaftServerImpl.java:setRole(171)) - c5b9be6c-9c2e-4a02-a7ba-e3f0b513e1ab:group-F7200FD621A1 changes role from CANDIDATE to FOLLOWER at term 1 for DISCOVERED_A_NEW_TERM
2019-08-28 20:36:06,696 [c5b9be6c-9c2e-4a02-a7ba-e3f0b513e1ab:group-F7200FD621A1:LeaderElection79] INFO  impl.RoleInfo (RoleInfo.java:shutdownLeaderElection(134)) - c5b9be6c-9c2e-4a02-a7ba-e3f0b513e1ab: shutdown LeaderElection
2019-08-28 20:36:06,697 [c5b9be6c-9c2e-4a02-a7ba-e3f0b513e1ab:group-F7200FD621A1:LeaderElection79] INFO  impl.RoleInfo (RoleInfo.java:updateAndGet(143)) - c5b9be6c-9c2e-4a02-a7ba-e3f0b513e1ab: start FollowerState
2019-08-28 20:36:06,697 [937d6d9e-d3c6-4b74-8a6d-7afbbf2178d6:group-F7200FD621A1:LeaderElection78] INFO  impl.LeaderElection (LeaderElection.java:logAndReturn(56)) - 937d6d9e-d3c6-4b74-8a6d-7afbbf2178d6:group-F7200FD621A1:LeaderElection78: Election REJECTED; received 2 response(s) [937d6d9e-d3c6-4b74-8a6d-7afbbf2178d6<-593f8111-8960-43bd-a0b5-5a0ee5e7a443#0:FAIL-t1, 937d6d9e-d3c6-4b74-8a6d-7afbbf2178d6<-c5b9be6c-9c2e-4a02-a7ba-e3f0b513e1ab#0:FAIL-t1] and 0 exception(s); 937d6d9e-d3c6-4b74-8a6d-7afbbf2178d6:t1, leader=null, voted=937d6d9e-d3c6-4b74-8a6d-7afbbf2178d6, raftlog=937d6d9e-d3c6-4b74-8a6d-7afbbf2178d6-SegmentedRaftLog:OPENED:c-1,f-1,i0, conf=-1: [937d6d9e-d3c6-4b74-8a6d-7afbbf2178d6:192.168.5.177:33042, 593f8111-8960-43bd-a0b5-5a0ee5e7a443:192.168.5.177:34447, c5b9be6c-9c2e-4a02-a7ba-e3f0b513e1ab:192.168.5.177:40270], old=null
2019-08-28 20:36:06,697 [Thread-4078] INFO  impl.FollowerState (FollowerState.java:run(106)) - 0f3aefe0-192d-4dd1-8b69-25e558fe3111:group-A5AB409C5212 changes to CANDIDATE, lastRpcTime:5064, electionTimeout:5064ms
2019-08-28 20:36:06,697 [937d6d9e-d3c6-4b74-8a6d-7afbbf2178d6:group-F7200FD621A1:LeaderElection78] INFO  impl.RaftServerImpl (RaftServerImpl.java:setRole(171)) - 937d6d9e-d3c6-4b74-8a6d-7afbbf2178d6:group-F7200FD621A1 changes role from CANDIDATE to FOLLOWER at term 1 for DISCOVERED_A_NEW_TERM
2019-08-28 20:36:06,697 [Thread-4078] INFO  impl.RoleInfo (RoleInfo.java:shutdownFollowerState(121)) - 0f3aefe0-192d-4dd1-8b69-25e558fe3111: shutdown FollowerState
2019-08-28 20:36:06,697 [937d6d9e-d3c6-4b74-8a6d-7afbbf2178d6:group-F7200FD621A1:LeaderElection78] INFO  impl.RoleInfo (RoleInfo.java:shutdownLeaderElection(134)) - 937d6d9e-d3c6-4b74-8a6d-7afbbf2178d6: shutdown LeaderElection
2019-08-28 20:36:06,697 [Thread-4078] INFO  impl.RaftServerImpl (RaftServerImpl.java:setRole(171)) - 0f3aefe0-192d-4dd1-8b69-25e558fe3111:group-A5AB409C5212 changes role from FOLLOWER to CANDIDATE at term 0 for changeToCandidate
2019-08-28 20:36:06,697 [937d6d9e-d3c6-4b74-8a6d-7afbbf2178d6:group-F7200FD621A1:LeaderElection78] INFO  impl.RoleInfo (RoleInfo.java:updateAndGet(143)) - 937d6d9e-d3c6-4b74-8a6d-7afbbf2178d6: start FollowerState
2019-08-28 20:36:06,698 [Thread-4078] INFO  impl.RoleInfo (RoleInfo.java:updateAndGet(143)) - 0f3aefe0-192d-4dd1-8b69-25e558fe3111: start LeaderElection
2019-08-28 20:36:06,707 [grpc-default-executor-10] INFO  client.GrpcClientProtocolClient (GrpcClientProtocolClient.java:onNext(255)) - client-253A8AB1C9AC->e672058b-42e1-47c3-897e-84a1316cb1b0: receive RaftClientReply:client-253A8AB1C9AC->e672058b-42e1-47c3-897e-84a1316cb1b0@group-36B9E80EE561, cid=211, FAILED org.apache.ratis.protocol.NotLeaderException: Server e672058b-42e1-47c3-897e-84a1316cb1b0 is not the leader (3a675652-5de2-4019-bb1c-a11f6907c77c:192.168.5.177:35869). Request must be sent to leader., logIndex=0, commits[e672058b-42e1-47c3-897e-84a1316cb1b0:c-1, 3a675652-5de2-4019-bb1c-a11f6907c77c:c-1, 2e1e3d81-b170-4e8b-b1cd-cb6f18d4d582:c-1]
2019-08-28 20:36:06,707 [2e1e3d81-b170-4e8b-b1cd-cb6f18d4d582-SegmentedRaftLogWorker:Storage Directory /workdir/hadoop-ozone/integration-test/target/test-dir/MiniOzoneClusterImpl-53cd5f02-19c6-4d92-85a0-fac408bf1129/datanode-4/data/ratis/4071187d-a185-4806-a54c-36b9e80ee561] INFO  segmented.SegmentedRaftLogWorker (SegmentedRaftLogWorker.java:execute(569)) - 2e1e3d81-b170-4e8b-b1cd-cb6f18d4d582-SegmentedRaftLogWorker:Storage Directory /workdir/hadoop-ozone/integration-test/target/test-dir/MiniOzoneClusterImpl-53cd5f02-19c6-4d92-85a0-fac408bf1129/datanode-4/data/ratis/4071187d-a185-4806-a54c-36b9e80ee561: created new log segment /workdir/hadoop-ozone/integration-test/target/test-dir/MiniOzoneClusterImpl-53cd5f02-19c6-4d92-85a0-fac408bf1129/datanode-4/data/ratis/4071187d-a185-4806-a54c-36b9e80ee561/current/log_inprogress_0
2019-08-28 20:36:06,711 [937d6d9e-d3c6-4b74-8a6d-7afbbf2178d6:group-752839B4C8F1:LeaderElection81] INFO  impl.LeaderElection (LeaderElection.java:askForVotes(181)) - 937d6d9e-d3c6-4b74-8a6d-7afbbf2178d6:group-752839B4C8F1:LeaderElection81: begin an election at term 1 for -1: [937d6d9e-d3c6-4b74-8a6d-7afbbf2178d6:192.168.5.177:33042], old=null
2019-08-28 20:36:06,711 [0f3aefe0-192d-4dd1-8b69-25e558fe3111:group-A5AB409C5212:LeaderElection82] INFO  impl.LeaderElection (LeaderElection.java:askForVotes(181)) - 0f3aefe0-192d-4dd1-8b69-25e558fe3111:group-A5AB409C5212:LeaderElection82: begin an election at term 1 for -1: [0f3aefe0-192d-4dd1-8b69-25e558fe3111:192.168.5.177:36031], old=null
2019-08-28 20:36:06,708 [e672058b-42e1-47c3-897e-84a1316cb1b0-SegmentedRaftLogWorker:Storage Directory /workdir/hadoop-ozone/integration-test/target/test-dir/MiniOzoneClusterImpl-53cd5f02-19c6-4d92-85a0-fac408bf1129/datanode-1/data/ratis/4071187d-a185-4806-a54c-36b9e80ee561] INFO  segmented.SegmentedRaftLogWorker (SegmentedRaftLogWorker.java:execute(569)) - e672058b-42e1-47c3-897e-84a1316cb1b0-SegmentedRaftLogWorker:Storage Directory /workdir/hadoop-ozone/integration-test/target/test-dir/MiniOzoneClusterImpl-53cd5f02-19c6-4d92-85a0-fac408bf1129/datanode-1/data/ratis/4071187d-a185-4806-a54c-36b9e80ee561: created new log segment /workdir/hadoop-ozone/integration-test/target/test-dir/MiniOzoneClusterImpl-53cd5f02-19c6-4d92-85a0-fac408bf1129/datanode-1/data/ratis/4071187d-a185-4806-a54c-36b9e80ee561/current/log_inprogress_0
2019-08-28 20:36:06,712 [0f3aefe0-192d-4dd1-8b69-25e558fe3111:group-A5AB409C5212:LeaderElection82] INFO  impl.RoleInfo (RoleInfo.java:shutdownLeaderElection(134)) - 0f3aefe0-192d-4dd1-8b69-25e558fe3111: shutdown LeaderElection
2019-08-28 20:36:06,712 [937d6d9e-d3c6-4b74-8a6d-7afbbf2178d6:group-752839B4C8F1:LeaderElection81] INFO  impl.RoleInfo (RoleInfo.java:shutdownLeaderElection(134)) - 937d6d9e-d3c6-4b74-8a6d-7afbbf2178d6: shutdown LeaderElection
2019-08-28 20:36:06,712 [0f3aefe0-192d-4dd1-8b69-25e558fe3111:group-A5AB409C5212:LeaderElection82] INFO  impl.RaftServerImpl (RaftServerImpl.java:setRole(171)) - 0f3aefe0-192d-4dd1-8b69-25e558fe3111:group-A5AB409C5212 changes role from CANDIDATE to LEADER at term 1 for changeToLeader
2019-08-28 20:36:06,712 [937d6d9e-d3c6-4b74-8a6d-7afbbf2178d6:group-752839B4C8F1:LeaderElection81] INFO  impl.RaftServerImpl (RaftServerImpl.java:setRole(171)) - 937d6d9e-d3c6-4b74-8a6d-7afbbf2178d6:group-752839B4C8F1 changes role from CANDIDATE to LEADER at term 1 for changeToLeader
2019-08-28 20:36:06,712 [0f3aefe0-192d-4dd1-8b69-25e558fe3111:group-A5AB409C5212:LeaderElection82] INFO  impl.RaftServerImpl (ServerState.java:setLeader(263)) - 0f3aefe0-192d-4dd1-8b69-25e558fe3111:group-A5AB409C5212 change Leader from null to 0f3aefe0-192d-4dd1-8b69-25e558fe3111 at term 1 for becomeLeader, leader elected after 5084ms
2019-08-28 20:36:06,712 [937d6d9e-d3c6-4b74-8a6d-7afbbf2178d6:group-752839B4C8F1:LeaderElection81] INFO  impl.RaftServerImpl (ServerState.java:setLeader(263)) - 937d6d9e-d3c6-4b74-8a6d-7afbbf2178d6:group-752839B4C8F1 change Leader from null to 937d6d9e-d3c6-4b74-8a6d-7afbbf2178d6 at term 1 for becomeLeader, leader elected after 5131ms
2019-08-28 20:36:06,713 [0f3aefe0-192d-4dd1-8b69-25e558fe3111:group-A5AB409C5212:LeaderElection82] INFO  server.RaftServerConfigKeys (ConfUtils.java:logGet(43)) - raft.server.staging.catchup.gap = 1000 (default)
2019-08-28 20:36:06,713 [937d6d9e-d3c6-4b74-8a6d-7afbbf2178d6:group-752839B4C8F1:LeaderElection81] INFO  server.RaftServerConfigKeys (ConfUtils.java:logGet(43)) - raft.server.staging.catchup.gap = 1000 (default)
2019-08-28 20:36:06,713 [0f3aefe0-192d-4dd1-8b69-25e558fe3111:group-A5AB409C5212:LeaderElection82] INFO  server.RaftServerConfigKeys (ConfUtils.java:logGet(43)) - raft.server.rpc.sleep.time = 25ms (default)
2019-08-28 20:36:06,713 [937d6d9e-d3c6-4b74-8a6d-7afbbf2178d6:group-752839B4C8F1:LeaderElection81] INFO  server.RaftServerConfigKeys (ConfUtils.java:logGet(43)) - raft.server.rpc.sleep.time = 25ms (default)
2019-08-28 20:36:06,713 [0f3aefe0-192d-4dd1-8b69-25e558fe3111:group-A5AB409C5212:LeaderElection82] INFO  server.RaftServerConfigKeys (ConfUtils.java:logGet(43)) - raft.server.write.element-limit = 4096 (default)
2019-08-28 20:36:06,713 [937d6d9e-d3c6-4b74-8a6d-7afbbf2178d6:group-752839B4C8F1:LeaderElection81] INFO  server.RaftServerConfigKeys (ConfUtils.java:logGet(43)) - raft.server.write.element-limit = 4096 (default)
2019-08-28 20:36:06,714 [0f3aefe0-192d-4dd1-8b69-25e558fe3111:group-A5AB409C5212:LeaderElection82] INFO  server.RaftServerConfigKeys (ConfUtils.java:logGet(43)) - raft.server.watch.timeout = 10s (default)
2019-08-28 20:36:06,714 [937d6d9e-d3c6-4b74-8a6d-7afbbf2178d6:group-752839B4C8F1:LeaderElection81] INFO  server.RaftServerConfigKeys (ConfUtils.java:logGet(43)) - raft.server.watch.timeout = 10s (default)
2019-08-28 20:36:06,714 [0f3aefe0-192d-4dd1-8b69-25e558fe3111:group-A5AB409C5212:LeaderElection82] INFO  server.RaftServerConfigKeys (ConfUtils.java:logGet(43)) - raft.server.watch.timeout.denomination = 1s (default)
2019-08-28 20:36:06,714 [937d6d9e-d3c6-4b74-8a6d-7afbbf2178d6:group-752839B4C8F1:LeaderElection81] INFO  server.RaftServerConfigKeys (ConfUtils.java:logGet(43)) - raft.server.watch.timeout.denomination = 1s (default)
2019-08-28 20:36:06,714 [0f3aefe0-192d-4dd1-8b69-25e558fe3111:group-A5AB409C5212:LeaderElection82] INFO  server.RaftServerConfigKeys (ConfUtils.java:logGet(43)) - raft.server.watch.element-limit = 65536 (default)
2019-08-28 20:36:06,714 [937d6d9e-d3c6-4b74-8a6d-7afbbf2178d6:group-752839B4C8F1:LeaderElection81] INFO  server.RaftServerConfigKeys (ConfUtils.java:logGet(43)) - raft.server.watch.element-limit = 65536 (default)
2019-08-28 20:36:06,715 [0f3aefe0-192d-4dd1-8b69-25e558fe3111:group-A5AB409C5212:LeaderElection82] INFO  impl.RoleInfo (RoleInfo.java:updateAndGet(143)) - 0f3aefe0-192d-4dd1-8b69-25e558fe3111: start LeaderState
2019-08-28 20:36:06,715 [937d6d9e-d3c6-4b74-8a6d-7afbbf2178d6:group-752839B4C8F1:LeaderElection81] INFO  impl.RoleInfo (RoleInfo.java:updateAndGet(143)) - 937d6d9e-d3c6-4b74-8a6d-7afbbf2178d6: start LeaderState
2019-08-28 20:36:06,715 [0f3aefe0-192d-4dd1-8b69-25e558fe3111:group-A5AB409C5212:LeaderElection82] INFO  segmented.SegmentedRaftLogWorker (SegmentedRaftLogWorker.java:startLogSegment(380)) - 0f3aefe0-192d-4dd1-8b69-25e558fe3111-SegmentedRaftLogWorker:Storage Directory /workdir/hadoop-ozone/integration-test/target/test-dir/MiniOzoneClusterImpl-53cd5f02-19c6-4d92-85a0-fac408bf1129/datanode-6/data/ratis/5316c627-e23d-4329-92f8-a5ab409c5212: Starting segment from index:0
2019-08-28 20:36:06,715 [937d6d9e-d3c6-4b74-8a6d-7afbbf2178d6:group-752839B4C8F1:LeaderElection81] INFO  segmented.SegmentedRaftLogWorker (SegmentedRaftLogWorker.java:startLogSegment(380)) - 937d6d9e-d3c6-4b74-8a6d-7afbbf2178d6-SegmentedRaftLogWorker:Storage Directory /workdir/hadoop-ozone/integration-test/target/test-dir/MiniOzoneClusterImpl-53cd5f02-19c6-4d92-85a0-fac408bf1129/datanode-5/data/ratis/021f71d3-5cf3-4b30-8e03-752839b4c8f1: Starting segment from index:0
2019-08-28 20:36:06,716 [0f3aefe0-192d-4dd1-8b69-25e558fe3111:group-A5AB409C5212:LeaderElection82] INFO  impl.RaftServerImpl (ServerState.java:setRaftConf(361)) - 0f3aefe0-192d-4dd1-8b69-25e558fe3111:group-A5AB409C5212 set configuration 0: [0f3aefe0-192d-4dd1-8b69-25e558fe3111:192.168.5.177:36031], old=null at 0
2019-08-28 20:36:06,716 [937d6d9e-d3c6-4b74-8a6d-7afbbf2178d6:group-752839B4C8F1:LeaderElection81] INFO  impl.RaftServerImpl (ServerState.java:setRaftConf(361)) - 937d6d9e-d3c6-4b74-8a6d-7afbbf2178d6:group-752839B4C8F1 set configuration 0: [937d6d9e-d3c6-4b74-8a6d-7afbbf2178d6:192.168.5.177:33042], old=null at 0
2019-08-28 20:36:06,771 [937d6d9e-d3c6-4b74-8a6d-7afbbf2178d6-SegmentedRaftLogWorker:Storage Directory /workdir/hadoop-ozone/integration-test/target/test-dir/MiniOzoneClusterImpl-53cd5f02-19c6-4d92-85a0-fac408bf1129/datanode-5/data/ratis/021f71d3-5cf3-4b30-8e03-752839b4c8f1] INFO  segmented.SegmentedRaftLogWorker (SegmentedRaftLogWorker.java:execute(569)) - 937d6d9e-d3c6-4b74-8a6d-7afbbf2178d6-SegmentedRaftLogWorker:Storage Directory /workdir/hadoop-ozone/integration-test/target/test-dir/MiniOzoneClusterImpl-53cd5f02-19c6-4d92-85a0-fac408bf1129/datanode-5/data/ratis/021f71d3-5cf3-4b30-8e03-752839b4c8f1: created new log segment /workdir/hadoop-ozone/integration-test/target/test-dir/MiniOzoneClusterImpl-53cd5f02-19c6-4d92-85a0-fac408bf1129/datanode-5/data/ratis/021f71d3-5cf3-4b30-8e03-752839b4c8f1/current/log_inprogress_0
2019-08-28 20:36:06,772 [0f3aefe0-192d-4dd1-8b69-25e558fe3111-SegmentedRaftLogWorker:Storage Directory /workdir/hadoop-ozone/integration-test/target/test-dir/MiniOzoneClusterImpl-53cd5f02-19c6-4d92-85a0-fac408bf1129/datanode-6/data/ratis/5316c627-e23d-4329-92f8-a5ab409c5212] INFO  segmented.SegmentedRaftLogWorker (SegmentedRaftLogWorker.java:execute(569)) - 0f3aefe0-192d-4dd1-8b69-25e558fe3111-SegmentedRaftLogWorker:Storage Directory /workdir/hadoop-ozone/integration-test/target/test-dir/MiniOzoneClusterImpl-53cd5f02-19c6-4d92-85a0-fac408bf1129/datanode-6/data/ratis/5316c627-e23d-4329-92f8-a5ab409c5212: created new log segment /workdir/hadoop-ozone/integration-test/target/test-dir/MiniOzoneClusterImpl-53cd5f02-19c6-4d92-85a0-fac408bf1129/datanode-6/data/ratis/5316c627-e23d-4329-92f8-a5ab409c5212/current/log_inprogress_0
2019-08-28 20:36:06,865 | INFO  | DNAudit | user=null | ip=null | op=WRITE_CHUNK {blockData=conID: 1 locID: 102696521737043985 bcsId: 0} | ret=SUCCESS |  
2019-08-28 20:36:06,866 | INFO  | SCMAudit | user=jenkins1000 | ip=192.168.5.177 | op=SEND_HEARTBEAT {datanodeUUID=2e1e3d81-b170-4e8b-b1cd-cb6f18d4d582, command=[]} | ret=SUCCESS |  
2019-08-28 20:36:06,896 | INFO  | DNAudit | user=null | ip=null | op=WRITE_CHUNK {blockData=conID: 1 locID: 102696521737043985 bcsId: 0} | ret=SUCCESS |  
2019-08-28 20:36:06,896 | INFO  | DNAudit | user=null | ip=null | op=WRITE_CHUNK {blockData=conID: 1 locID: 102696521737043985 bcsId: 0} | ret=SUCCESS |  
2019-08-28 20:36:06,897 | INFO  | SCMAudit | user=jenkins1000 | ip=192.168.5.177 | op=SEND_HEARTBEAT {datanodeUUID=3a675652-5de2-4019-bb1c-a11f6907c77c, command=[]} | ret=SUCCESS |  
2019-08-28 20:36:06,897 | INFO  | SCMAudit | user=jenkins1000 | ip=192.168.5.177 | op=SEND_HEARTBEAT {datanodeUUID=e672058b-42e1-47c3-897e-84a1316cb1b0, command=[]} | ret=SUCCESS |  
2019-08-28 20:36:06,910 | INFO  | DNAudit | user=null | ip=null | op=WRITE_CHUNK {blockData=conID: 1 locID: 102696521737043985 bcsId: 0} | ret=SUCCESS |  
2019-08-28 20:36:06,914 [grpc-default-executor-10] INFO  client.GrpcClientProtocolClient (GrpcClientProtocolClient.java:onNext(255)) - client-253A8AB1C9AC->3a675652-5de2-4019-bb1c-a11f6907c77c: receive RaftClientReply:client-253A8AB1C9AC->3a675652-5de2-4019-bb1c-a11f6907c77c@group-36B9E80EE561, cid=211, SUCCESS, logIndex=1, commits[3a675652-5de2-4019-bb1c-a11f6907c77c:c1, 2e1e3d81-b170-4e8b-b1cd-cb6f18d4d582:c0, e672058b-42e1-47c3-897e-84a1316cb1b0:c0]
2019-08-28 20:36:06,920 | INFO  | DNAudit | user=null | ip=null | op=WRITE_CHUNK {blockData=conID: 1 locID: 102696521737043985 bcsId: 0} | ret=SUCCESS |  
2019-08-28 20:36:06,921 | INFO  | DNAudit | user=null | ip=null | op=WRITE_CHUNK {blockData=conID: 1 locID: 102696521737043985 bcsId: 0} | ret=SUCCESS |  
2019-08-28 20:36:06,921 | INFO  | DNAudit | user=null | ip=null | op=WRITE_CHUNK {blockData=conID: 1 locID: 102696521737043985 bcsId: 0} | ret=SUCCESS |  
2019-08-28 20:36:06,923 | INFO  | DNAudit | user=null | ip=null | op=WRITE_CHUNK {blockData=conID: 1 locID: 102696521737043985 bcsId: 0} | ret=SUCCESS |  
2019-08-28 20:36:06,923 | INFO  | DNAudit | user=null | ip=null | op=WRITE_CHUNK {blockData=conID: 1 locID: 102696521737043985 bcsId: 0} | ret=SUCCESS |  
2019-08-28 20:36:06,936 | INFO  | DNAudit | user=null | ip=null | op=WRITE_CHUNK {blockData=conID: 1 locID: 102696521737043985 bcsId: 0} | ret=SUCCESS |  
2019-08-28 20:36:06,940 [grpc-default-executor-8] INFO  client.GrpcClientProtocolClient (GrpcClientProtocolClient.java:onNext(255)) - client-253A8AB1C9AC->3a675652-5de2-4019-bb1c-a11f6907c77c: receive RaftClientReply:client-253A8AB1C9AC->3a675652-5de2-4019-bb1c-a11f6907c77c@group-36B9E80EE561, cid=212, SUCCESS, logIndex=3, commits[3a675652-5de2-4019-bb1c-a11f6907c77c:c3, 2e1e3d81-b170-4e8b-b1cd-cb6f18d4d582:c1, e672058b-42e1-47c3-897e-84a1316cb1b0:c1]
2019-08-28 20:36:06,948 | INFO  | DNAudit | user=null | ip=null | op=WRITE_CHUNK {blockData=conID: 1 locID: 102696521737043985 bcsId: 0} | ret=SUCCESS |  
2019-08-28 20:36:06,948 | INFO  | DNAudit | user=null | ip=null | op=WRITE_CHUNK {blockData=conID: 1 locID: 102696521737043985 bcsId: 0} | ret=SUCCESS |  
2019-08-28 20:36:06,997 | INFO  | DNAudit | user=null | ip=null | op=PUT_BLOCK {blockData=[blockId=conID: 1 locID: 102696521737043985 bcsId: 0,size=167]} | ret=SUCCESS |  
2019-08-28 20:36:06,999 [grpc-default-executor-8] INFO  client.GrpcClientProtocolClient (GrpcClientProtocolClient.java:onNext(255)) - client-253A8AB1C9AC->3a675652-5de2-4019-bb1c-a11f6907c77c: receive RaftClientReply:client-253A8AB1C9AC->3a675652-5de2-4019-bb1c-a11f6907c77c@group-36B9E80EE561, cid=213, SUCCESS, logIndex=4, commits[3a675652-5de2-4019-bb1c-a11f6907c77c:c6, 2e1e3d81-b170-4e8b-b1cd-cb6f18d4d582:c3, e672058b-42e1-47c3-897e-84a1316cb1b0:c3]
2019-08-28 20:36:07,094 | INFO  | SCMAudit | user=jenkins1000 | ip=192.168.5.177 | op=SEND_HEARTBEAT {datanodeUUID=c5b9be6c-9c2e-4a02-a7ba-e3f0b513e1ab, command=[]} | ret=SUCCESS |  
2019-08-28 20:36:07,221 | INFO  | SCMAudit | user=jenkins1000 | ip=192.168.5.177 | op=SEND_HEARTBEAT {datanodeUUID=593f8111-8960-43bd-a0b5-5a0ee5e7a443, command=[]} | ret=SUCCESS |  
2019-08-28 20:36:07,421 | INFO  | SCMAudit | user=jenkins1000 | ip=192.168.5.177 | op=SEND_HEARTBEAT {datanodeUUID=937d6d9e-d3c6-4b74-8a6d-7afbbf2178d6, command=[]} | ret=SUCCESS |  
2019-08-28 20:36:07,525 | INFO  | SCMAudit | user=jenkins1000 | ip=192.168.5.177 | op=SEND_HEARTBEAT {datanodeUUID=0f3aefe0-192d-4dd1-8b69-25e558fe3111, command=[]} | ret=SUCCESS |  
2019-08-28 20:36:07,865 | INFO  | SCMAudit | user=jenkins1000 | ip=192.168.5.177 | op=SEND_HEARTBEAT {datanodeUUID=2e1e3d81-b170-4e8b-b1cd-cb6f18d4d582, command=[]} | ret=SUCCESS |  
2019-08-28 20:36:07,896 | INFO  | SCMAudit | user=jenkins1000 | ip=192.168.5.177 | op=SEND_HEARTBEAT {datanodeUUID=e672058b-42e1-47c3-897e-84a1316cb1b0, command=[]} | ret=SUCCESS |  
2019-08-28 20:36:07,897 | INFO  | SCMAudit | user=jenkins1000 | ip=192.168.5.177 | op=SEND_HEARTBEAT {datanodeUUID=3a675652-5de2-4019-bb1c-a11f6907c77c, command=[]} | ret=SUCCESS |  
2019-08-28 20:36:08,001 [main] WARN  scm.XceiverClientRatis (XceiverClientRatis.java:watchForCommit(262)) - 3 way commit failed on pipeline Pipeline[ Id: 4071187d-a185-4806-a54c-36b9e80ee561, Nodes: 2e1e3d81-b170-4e8b-b1cd-cb6f18d4d582{ip: 192.168.5.177, host: pr-hdds-2051-mwr8n-2748524799, networkLocation: /default-rack, certSerialId: null}3a675652-5de2-4019-bb1c-a11f6907c77c{ip: 192.168.5.177, host: pr-hdds-2051-mwr8n-2748524799, networkLocation: /default-rack, certSerialId: null}e672058b-42e1-47c3-897e-84a1316cb1b0{ip: 192.168.5.177, host: pr-hdds-2051-mwr8n-2748524799, networkLocation: /default-rack, certSerialId: null}, Type:RATIS, Factor:THREE, State:OPEN]
java.util.concurrent.TimeoutException
	at java.util.concurrent.CompletableFuture.timedGet(CompletableFuture.java:1771)
	at java.util.concurrent.CompletableFuture.get(CompletableFuture.java:1915)
	at org.apache.hadoop.hdds.scm.XceiverClientRatis.watchForCommit(XceiverClientRatis.java:259)
	at org.apache.hadoop.hdds.scm.storage.CommitWatcher.watchForCommit(CommitWatcher.java:194)
	at org.apache.hadoop.hdds.scm.storage.CommitWatcher.watchOnLastIndex(CommitWatcher.java:157)
	at org.apache.hadoop.hdds.scm.storage.BlockOutputStream.watchForCommit(BlockOutputStream.java:347)
	at org.apache.hadoop.hdds.scm.storage.BlockOutputStream.handleFlush(BlockOutputStream.java:479)
	at org.apache.hadoop.hdds.scm.storage.BlockOutputStream.flush(BlockOutputStream.java:428)
	at org.apache.hadoop.ozone.client.io.BlockOutputStreamEntry.flush(BlockOutputStreamEntry.java:136)
	at org.apache.hadoop.ozone.client.io.KeyOutputStream.handleFlushOrClose(KeyOutputStream.java:442)
	at org.apache.hadoop.ozone.client.io.KeyOutputStream.flush(KeyOutputStream.java:396)
	at org.apache.hadoop.ozone.client.io.OzoneOutputStream.flush(OzoneOutputStream.java:54)
	at org.apache.hadoop.ozone.client.rpc.TestBlockOutputStreamWithFailures.testFailureWithPrimeSizedData(TestBlockOutputStreamWithFailures.java:599)
	at sun.reflect.NativeMethodAccessorImpl.invoke0(Native Method)
	at sun.reflect.NativeMethodAccessorImpl.invoke(NativeMethodAccessorImpl.java:62)
	at sun.reflect.DelegatingMethodAccessorImpl.invoke(DelegatingMethodAccessorImpl.java:43)
	at java.lang.reflect.Method.invoke(Method.java:498)
	at org.junit.runners.model.FrameworkMethod$1.runReflectiveCall(FrameworkMethod.java:47)
	at org.junit.internal.runners.model.ReflectiveCallable.run(ReflectiveCallable.java:12)
	at org.junit.runners.model.FrameworkMethod.invokeExplosively(FrameworkMethod.java:44)
	at org.junit.internal.runners.statements.InvokeMethod.evaluate(InvokeMethod.java:17)
	at org.junit.internal.runners.statements.RunBefores.evaluate(RunBefores.java:26)
	at org.junit.internal.runners.statements.RunAfters.evaluate(RunAfters.java:27)
	at org.junit.runners.ParentRunner.runLeaf(ParentRunner.java:271)
	at org.junit.runners.BlockJUnit4ClassRunner.runChild(BlockJUnit4ClassRunner.java:70)
	at org.junit.runners.BlockJUnit4ClassRunner.runChild(BlockJUnit4ClassRunner.java:50)
	at org.junit.runners.ParentRunner$3.run(ParentRunner.java:238)
	at org.junit.runners.ParentRunner$1.schedule(ParentRunner.java:63)
	at org.junit.runners.ParentRunner.runChildren(ParentRunner.java:236)
	at org.junit.runners.ParentRunner.access$000(ParentRunner.java:53)
	at org.junit.runners.ParentRunner$2.evaluate(ParentRunner.java:229)
	at org.junit.runners.ParentRunner.run(ParentRunner.java:309)
	at org.apache.maven.surefire.junit4.JUnit4Provider.execute(JUnit4Provider.java:365)
	at org.apache.maven.surefire.junit4.JUnit4Provider.executeWithRerun(JUnit4Provider.java:273)
	at org.apache.maven.surefire.junit4.JUnit4Provider.executeTestSet(JUnit4Provider.java:238)
	at org.apache.maven.surefire.junit4.JUnit4Provider.invoke(JUnit4Provider.java:159)
	at org.apache.maven.surefire.booter.ForkedBooter.invokeProviderInSameClassLoader(ForkedBooter.java:384)
	at org.apache.maven.surefire.booter.ForkedBooter.runSuitesInProcess(ForkedBooter.java:345)
	at org.apache.maven.surefire.booter.ForkedBooter.execute(ForkedBooter.java:126)
	at org.apache.maven.surefire.booter.ForkedBooter.main(ForkedBooter.java:418)
2019-08-28 20:36:08,094 | INFO  | SCMAudit | user=jenkins1000 | ip=192.168.5.177 | op=SEND_HEARTBEAT {datanodeUUID=c5b9be6c-9c2e-4a02-a7ba-e3f0b513e1ab, command=[]} | ret=SUCCESS |  
2019-08-28 20:36:08,221 | INFO  | SCMAudit | user=jenkins1000 | ip=192.168.5.177 | op=SEND_HEARTBEAT {datanodeUUID=593f8111-8960-43bd-a0b5-5a0ee5e7a443, command=[]} | ret=SUCCESS |  
2019-08-28 20:36:08,421 | INFO  | SCMAudit | user=jenkins1000 | ip=192.168.5.177 | op=SEND_HEARTBEAT {datanodeUUID=937d6d9e-d3c6-4b74-8a6d-7afbbf2178d6, command=[]} | ret=SUCCESS |  
2019-08-28 20:36:08,525 | INFO  | SCMAudit | user=jenkins1000 | ip=192.168.5.177 | op=SEND_HEARTBEAT {datanodeUUID=0f3aefe0-192d-4dd1-8b69-25e558fe3111, command=[]} | ret=SUCCESS |  
2019-08-28 20:36:08,865 | INFO  | SCMAudit | user=jenkins1000 | ip=192.168.5.177 | op=SEND_HEARTBEAT {datanodeUUID=2e1e3d81-b170-4e8b-b1cd-cb6f18d4d582, command=[]} | ret=SUCCESS |  
2019-08-28 20:36:08,896 | INFO  | SCMAudit | user=jenkins1000 | ip=192.168.5.177 | op=SEND_HEARTBEAT {datanodeUUID=e672058b-42e1-47c3-897e-84a1316cb1b0, command=[]} | ret=SUCCESS |  
2019-08-28 20:36:08,897 | INFO  | SCMAudit | user=jenkins1000 | ip=192.168.5.177 | op=SEND_HEARTBEAT {datanodeUUID=3a675652-5de2-4019-bb1c-a11f6907c77c, command=[]} | ret=SUCCESS |  
2019-08-28 20:36:09,003 [main] WARN  storage.CommitWatcher (CommitWatcher.java:watchForCommit(203)) - watchForCommit failed for index 4
java.util.concurrent.TimeoutException
	at java.util.concurrent.CompletableFuture.timedGet(CompletableFuture.java:1771)
	at java.util.concurrent.CompletableFuture.get(CompletableFuture.java:1915)
	at org.apache.hadoop.hdds.scm.XceiverClientRatis.watchForCommit(XceiverClientRatis.java:268)
	at org.apache.hadoop.hdds.scm.storage.CommitWatcher.watchForCommit(CommitWatcher.java:194)
	at org.apache.hadoop.hdds.scm.storage.CommitWatcher.watchOnLastIndex(CommitWatcher.java:157)
	at org.apache.hadoop.hdds.scm.storage.BlockOutputStream.watchForCommit(BlockOutputStream.java:347)
	at org.apache.hadoop.hdds.scm.storage.BlockOutputStream.handleFlush(BlockOutputStream.java:479)
	at org.apache.hadoop.hdds.scm.storage.BlockOutputStream.flush(BlockOutputStream.java:428)
	at org.apache.hadoop.ozone.client.io.BlockOutputStreamEntry.flush(BlockOutputStreamEntry.java:136)
	at org.apache.hadoop.ozone.client.io.KeyOutputStream.handleFlushOrClose(KeyOutputStream.java:442)
	at org.apache.hadoop.ozone.client.io.KeyOutputStream.flush(KeyOutputStream.java:396)
	at org.apache.hadoop.ozone.client.io.OzoneOutputStream.flush(OzoneOutputStream.java:54)
	at org.apache.hadoop.ozone.client.rpc.TestBlockOutputStreamWithFailures.testFailureWithPrimeSizedData(TestBlockOutputStreamWithFailures.java:599)
	at sun.reflect.NativeMethodAccessorImpl.invoke0(Native Method)
	at sun.reflect.NativeMethodAccessorImpl.invoke(NativeMethodAccessorImpl.java:62)
	at sun.reflect.DelegatingMethodAccessorImpl.invoke(DelegatingMethodAccessorImpl.java:43)
	at java.lang.reflect.Method.invoke(Method.java:498)
	at org.junit.runners.model.FrameworkMethod$1.runReflectiveCall(FrameworkMethod.java:47)
	at org.junit.internal.runners.model.ReflectiveCallable.run(ReflectiveCallable.java:12)
	at org.junit.runners.model.FrameworkMethod.invokeExplosively(FrameworkMethod.java:44)
	at org.junit.internal.runners.statements.InvokeMethod.evaluate(InvokeMethod.java:17)
	at org.junit.internal.runners.statements.RunBefores.evaluate(RunBefores.java:26)
	at org.junit.internal.runners.statements.RunAfters.evaluate(RunAfters.java:27)
	at org.junit.runners.ParentRunner.runLeaf(ParentRunner.java:271)
	at org.junit.runners.BlockJUnit4ClassRunner.runChild(BlockJUnit4ClassRunner.java:70)
	at org.junit.runners.BlockJUnit4ClassRunner.runChild(BlockJUnit4ClassRunner.java:50)
	at org.junit.runners.ParentRunner$3.run(ParentRunner.java:238)
	at org.junit.runners.ParentRunner$1.schedule(ParentRunner.java:63)
	at org.junit.runners.ParentRunner.runChildren(ParentRunner.java:236)
	at org.junit.runners.ParentRunner.access$000(ParentRunner.java:53)
	at org.junit.runners.ParentRunner$2.evaluate(ParentRunner.java:229)
	at org.junit.runners.ParentRunner.run(ParentRunner.java:309)
	at org.apache.maven.surefire.junit4.JUnit4Provider.execute(JUnit4Provider.java:365)
	at org.apache.maven.surefire.junit4.JUnit4Provider.executeWithRerun(JUnit4Provider.java:273)
	at org.apache.maven.surefire.junit4.JUnit4Provider.executeTestSet(JUnit4Provider.java:238)
	at org.apache.maven.surefire.junit4.JUnit4Provider.invoke(JUnit4Provider.java:159)
	at org.apache.maven.surefire.booter.ForkedBooter.invokeProviderInSameClassLoader(ForkedBooter.java:384)
	at org.apache.maven.surefire.booter.ForkedBooter.runSuitesInProcess(ForkedBooter.java:345)
	at org.apache.maven.surefire.booter.ForkedBooter.execute(ForkedBooter.java:126)
	at org.apache.maven.surefire.booter.ForkedBooter.main(ForkedBooter.java:418)
2019-08-28 20:36:09,004 [main] WARN  io.KeyOutputStream (KeyOutputStream.java:handleException(276)) - Encountered exception java.io.IOException: Unexpected Storage Container Exception: java.io.IOException: Unexpected Storage Container Exception: java.util.concurrent.TimeoutException on the pipeline Pipeline[ Id: 4071187d-a185-4806-a54c-36b9e80ee561, Nodes: 2e1e3d81-b170-4e8b-b1cd-cb6f18d4d582{ip: 192.168.5.177, host: pr-hdds-2051-mwr8n-2748524799, networkLocation: /default-rack, certSerialId: null}3a675652-5de2-4019-bb1c-a11f6907c77c{ip: 192.168.5.177, host: pr-hdds-2051-mwr8n-2748524799, networkLocation: /default-rack, certSerialId: null}e672058b-42e1-47c3-897e-84a1316cb1b0{ip: 192.168.5.177, host: pr-hdds-2051-mwr8n-2748524799, networkLocation: /default-rack, certSerialId: null}, Type:RATIS, Factor:THREE, State:OPEN]. The last committed block length is 0, uncommitted data length is 167 retry count 0
2019-08-28 20:36:09,009 | INFO  | SCMAudit | user=jenkins1000 | ip=127.0.0.1 | op=ALLOCATE_BLOCK {owner=45612c5a-b2d9-4cc1-8d85-8da5d118d26f, size=800, type=RATIS, factor=THREE} | ret=SUCCESS |  
2019-08-28 20:36:09,011 | INFO  | OMAudit | user=jenkins1000 | ip=127.0.0.1 | op=ALLOCATE_BLOCK {volume=testblockoutputstream, bucket=testblockoutputstream, key=9fcd7d82-604b-40d8-b304-fa199e62856d, dataSize=0, replicationType=null, replicationFactor=null, keyLocationInfo=null, clientID=102696521736912912} | ret=SUCCESS |  
2019-08-28 20:36:09,019 [grpc-default-executor-8] INFO  client.GrpcClientProtocolClient (GrpcClientProtocolClient.java:onNext(255)) - client-AF468E2350E2->937d6d9e-d3c6-4b74-8a6d-7afbbf2178d6: receive RaftClientReply:client-AF468E2350E2->937d6d9e-d3c6-4b74-8a6d-7afbbf2178d6@group-F7200FD621A1, cid=216, FAILED org.apache.ratis.protocol.NotLeaderException: Server 937d6d9e-d3c6-4b74-8a6d-7afbbf2178d6 is not the leader (null). Request must be sent to leader., logIndex=0, commits[937d6d9e-d3c6-4b74-8a6d-7afbbf2178d6:c-1]
2019-08-28 20:36:09,094 | INFO  | SCMAudit | user=jenkins1000 | ip=192.168.5.177 | op=SEND_HEARTBEAT {datanodeUUID=c5b9be6c-9c2e-4a02-a7ba-e3f0b513e1ab, command=[]} | ret=SUCCESS |  
2019-08-28 20:36:09,221 | INFO  | SCMAudit | user=jenkins1000 | ip=192.168.5.177 | op=SEND_HEARTBEAT {datanodeUUID=593f8111-8960-43bd-a0b5-5a0ee5e7a443, command=[]} | ret=SUCCESS |  
2019-08-28 20:36:09,421 | INFO  | SCMAudit | user=jenkins1000 | ip=192.168.5.177 | op=SEND_HEARTBEAT {datanodeUUID=937d6d9e-d3c6-4b74-8a6d-7afbbf2178d6, command=[]} | ret=SUCCESS |  
2019-08-28 20:36:09,472 [grpc-default-executor-8] INFO  client.GrpcClientProtocolClient (GrpcClientProtocolClient.java:onNext(255)) - client-253A8AB1C9AC->3a675652-5de2-4019-bb1c-a11f6907c77c: receive RaftClientReply:client-253A8AB1C9AC->3a675652-5de2-4019-bb1c-a11f6907c77c@group-36B9E80EE561, cid=215, SUCCESS, logIndex=0, commits[3a675652-5de2-4019-bb1c-a11f6907c77c:c6, 2e1e3d81-b170-4e8b-b1cd-cb6f18d4d582:c3, e672058b-42e1-47c3-897e-84a1316cb1b0:c6]
2019-08-28 20:36:09,473 [grpc-default-executor-8] INFO  client.GrpcClientProtocolClient (GrpcClientProtocolClient.java:onNext(255)) - client-253A8AB1C9AC->3a675652-5de2-4019-bb1c-a11f6907c77c: receive RaftClientReply:client-253A8AB1C9AC->3a675652-5de2-4019-bb1c-a11f6907c77c@group-36B9E80EE561, cid=214, SUCCESS, logIndex=0, commits[3a675652-5de2-4019-bb1c-a11f6907c77c:c6, 2e1e3d81-b170-4e8b-b1cd-cb6f18d4d582:c6, e672058b-42e1-47c3-897e-84a1316cb1b0:c6]
2019-08-28 20:36:09,520 | INFO  | DNAudit | user=null | ip=null | op=PUT_BLOCK {blockData=[blockId=conID: 1 locID: 102696521737043985 bcsId: 0,size=167]} | ret=SUCCESS |  
2019-08-28 20:36:09,525 | INFO  | SCMAudit | user=jenkins1000 | ip=192.168.5.177 | op=SEND_HEARTBEAT {datanodeUUID=0f3aefe0-192d-4dd1-8b69-25e558fe3111, command=[]} | ret=SUCCESS |  
2019-08-28 20:36:09,574 | INFO  | DNAudit | user=null | ip=null | op=PUT_BLOCK {blockData=[blockId=conID: 1 locID: 102696521737043985 bcsId: 0,size=167]} | ret=SUCCESS |  
2019-08-28 20:36:09,865 | INFO  | SCMAudit | user=jenkins1000 | ip=192.168.5.177 | op=SEND_HEARTBEAT {datanodeUUID=2e1e3d81-b170-4e8b-b1cd-cb6f18d4d582, command=[]} | ret=SUCCESS |  
2019-08-28 20:36:09,895 | INFO  | SCMAudit | user=jenkins1000 | ip=192.168.5.177 | op=SEND_HEARTBEAT {datanodeUUID=e672058b-42e1-47c3-897e-84a1316cb1b0, command=[]} | ret=SUCCESS |  
2019-08-28 20:36:09,897 | INFO  | SCMAudit | user=jenkins1000 | ip=192.168.5.177 | op=SEND_HEARTBEAT {datanodeUUID=3a675652-5de2-4019-bb1c-a11f6907c77c, command=[]} | ret=SUCCESS |  
2019-08-28 20:36:10,032 [grpc-default-executor-8] INFO  client.GrpcClientProtocolClient (GrpcClientProtocolClient.java:onNext(255)) - client-AF468E2350E2->593f8111-8960-43bd-a0b5-5a0ee5e7a443: receive RaftClientReply:client-AF468E2350E2->593f8111-8960-43bd-a0b5-5a0ee5e7a443@group-F7200FD621A1, cid=216, FAILED org.apache.ratis.protocol.NotLeaderException: Server 593f8111-8960-43bd-a0b5-5a0ee5e7a443 is not the leader (null). Request must be sent to leader., logIndex=0, commits[593f8111-8960-43bd-a0b5-5a0ee5e7a443:c-1]
2019-08-28 20:36:10,094 | INFO  | SCMAudit | user=jenkins1000 | ip=192.168.5.177 | op=SEND_HEARTBEAT {datanodeUUID=c5b9be6c-9c2e-4a02-a7ba-e3f0b513e1ab, command=[]} | ret=SUCCESS |  
2019-08-28 20:36:10,221 | INFO  | SCMAudit | user=jenkins1000 | ip=192.168.5.177 | op=SEND_HEARTBEAT {datanodeUUID=593f8111-8960-43bd-a0b5-5a0ee5e7a443, command=[]} | ret=SUCCESS |  
2019-08-28 20:36:10,421 | INFO  | SCMAudit | user=jenkins1000 | ip=192.168.5.177 | op=SEND_HEARTBEAT {datanodeUUID=937d6d9e-d3c6-4b74-8a6d-7afbbf2178d6, command=[]} | ret=SUCCESS |  
2019-08-28 20:36:10,525 | INFO  | SCMAudit | user=jenkins1000 | ip=192.168.5.177 | op=SEND_HEARTBEAT {datanodeUUID=0f3aefe0-192d-4dd1-8b69-25e558fe3111, command=[]} | ret=SUCCESS |  
2019-08-28 20:36:10,865 | INFO  | SCMAudit | user=jenkins1000 | ip=192.168.5.177 | op=SEND_HEARTBEAT {datanodeUUID=2e1e3d81-b170-4e8b-b1cd-cb6f18d4d582, command=[]} | ret=SUCCESS |  
2019-08-28 20:36:10,896 | INFO  | SCMAudit | user=jenkins1000 | ip=192.168.5.177 | op=SEND_HEARTBEAT {datanodeUUID=e672058b-42e1-47c3-897e-84a1316cb1b0, command=[]} | ret=SUCCESS |  
2019-08-28 20:36:10,897 | INFO  | SCMAudit | user=jenkins1000 | ip=192.168.5.177 | op=SEND_HEARTBEAT {datanodeUUID=3a675652-5de2-4019-bb1c-a11f6907c77c, command=[]} | ret=SUCCESS |  
2019-08-28 20:36:11,041 [grpc-default-executor-8] INFO  client.GrpcClientProtocolClient (GrpcClientProtocolClient.java:onNext(255)) - client-AF468E2350E2->937d6d9e-d3c6-4b74-8a6d-7afbbf2178d6: receive RaftClientReply:client-AF468E2350E2->937d6d9e-d3c6-4b74-8a6d-7afbbf2178d6@group-F7200FD621A1, cid=216, FAILED org.apache.ratis.protocol.NotLeaderException: Server 937d6d9e-d3c6-4b74-8a6d-7afbbf2178d6 is not the leader (null). Request must be sent to leader., logIndex=0, commits[937d6d9e-d3c6-4b74-8a6d-7afbbf2178d6:c-1]
2019-08-28 20:36:11,094 | INFO  | SCMAudit | user=jenkins1000 | ip=192.168.5.177 | op=SEND_HEARTBEAT {datanodeUUID=c5b9be6c-9c2e-4a02-a7ba-e3f0b513e1ab, command=[]} | ret=SUCCESS |  
2019-08-28 20:36:11,221 | INFO  | SCMAudit | user=jenkins1000 | ip=192.168.5.177 | op=SEND_HEARTBEAT {datanodeUUID=593f8111-8960-43bd-a0b5-5a0ee5e7a443, command=[]} | ret=SUCCESS |  
2019-08-28 20:36:11,421 | INFO  | SCMAudit | user=jenkins1000 | ip=192.168.5.177 | op=SEND_HEARTBEAT {datanodeUUID=937d6d9e-d3c6-4b74-8a6d-7afbbf2178d6, command=[]} | ret=SUCCESS |  
2019-08-28 20:36:11,526 | INFO  | SCMAudit | user=jenkins1000 | ip=192.168.5.177 | op=SEND_HEARTBEAT {datanodeUUID=0f3aefe0-192d-4dd1-8b69-25e558fe3111, command=[]} | ret=SUCCESS |  
2019-08-28 20:36:11,797 [Thread-4130] INFO  impl.FollowerState (FollowerState.java:run(106)) - c5b9be6c-9c2e-4a02-a7ba-e3f0b513e1ab:group-F7200FD621A1 changes to CANDIDATE, lastRpcTime:5100, electionTimeout:5100ms
2019-08-28 20:36:11,798 [Thread-4130] INFO  impl.RoleInfo (RoleInfo.java:shutdownFollowerState(121)) - c5b9be6c-9c2e-4a02-a7ba-e3f0b513e1ab: shutdown FollowerState
2019-08-28 20:36:11,798 [Thread-4130] INFO  impl.RaftServerImpl (RaftServerImpl.java:setRole(171)) - c5b9be6c-9c2e-4a02-a7ba-e3f0b513e1ab:group-F7200FD621A1 changes role from FOLLOWER to CANDIDATE at term 1 for changeToCandidate
2019-08-28 20:36:11,798 [Thread-4130] INFO  impl.RoleInfo (RoleInfo.java:updateAndGet(143)) - c5b9be6c-9c2e-4a02-a7ba-e3f0b513e1ab: start LeaderElection
2019-08-28 20:36:11,817 [c5b9be6c-9c2e-4a02-a7ba-e3f0b513e1ab:group-F7200FD621A1:LeaderElection83] INFO  impl.LeaderElection (LeaderElection.java:askForVotes(181)) - c5b9be6c-9c2e-4a02-a7ba-e3f0b513e1ab:group-F7200FD621A1:LeaderElection83: begin an election at term 2 for -1: [937d6d9e-d3c6-4b74-8a6d-7afbbf2178d6:192.168.5.177:33042, 593f8111-8960-43bd-a0b5-5a0ee5e7a443:192.168.5.177:34447, c5b9be6c-9c2e-4a02-a7ba-e3f0b513e1ab:192.168.5.177:40270], old=null
2019-08-28 20:36:11,820 [grpc-default-executor-8] INFO  impl.RaftServerImpl (RaftServerImpl.java:setRole(171)) - 937d6d9e-d3c6-4b74-8a6d-7afbbf2178d6:group-F7200FD621A1 changes role from FOLLOWER to FOLLOWER at term 2 for recognizeCandidate:c5b9be6c-9c2e-4a02-a7ba-e3f0b513e1ab
2019-08-28 20:36:11,820 [grpc-default-executor-8] INFO  impl.RoleInfo (RoleInfo.java:shutdownFollowerState(121)) - 937d6d9e-d3c6-4b74-8a6d-7afbbf2178d6: shutdown FollowerState
2019-08-28 20:36:11,821 [grpc-default-executor-8] INFO  impl.RoleInfo (RoleInfo.java:updateAndGet(143)) - 937d6d9e-d3c6-4b74-8a6d-7afbbf2178d6: start FollowerState
2019-08-28 20:36:11,821 [Thread-4131] INFO  impl.FollowerState (FollowerState.java:run(114)) - 937d6d9e-d3c6-4b74-8a6d-7afbbf2178d6: FollowerState was interrupted: java.lang.InterruptedException: sleep interrupted
2019-08-28 20:36:11,822 [grpc-default-executor-10] INFO  impl.RaftServerImpl (RaftServerImpl.java:setRole(171)) - 593f8111-8960-43bd-a0b5-5a0ee5e7a443:group-F7200FD621A1 changes role from FOLLOWER to FOLLOWER at term 2 for recognizeCandidate:c5b9be6c-9c2e-4a02-a7ba-e3f0b513e1ab
2019-08-28 20:36:11,827 [grpc-default-executor-10] INFO  impl.RoleInfo (RoleInfo.java:shutdownFollowerState(121)) - 593f8111-8960-43bd-a0b5-5a0ee5e7a443: shutdown FollowerState
2019-08-28 20:36:11,828 [grpc-default-executor-10] INFO  impl.RoleInfo (RoleInfo.java:updateAndGet(143)) - 593f8111-8960-43bd-a0b5-5a0ee5e7a443: start FollowerState
2019-08-28 20:36:11,828 [Thread-4129] INFO  impl.FollowerState (FollowerState.java:run(114)) - 593f8111-8960-43bd-a0b5-5a0ee5e7a443: FollowerState was interrupted: java.lang.InterruptedException: sleep interrupted
2019-08-28 20:36:11,842 [c5b9be6c-9c2e-4a02-a7ba-e3f0b513e1ab:group-F7200FD621A1:LeaderElection83] INFO  impl.LeaderElection (LeaderElection.java:logAndReturn(56)) - c5b9be6c-9c2e-4a02-a7ba-e3f0b513e1ab:group-F7200FD621A1:LeaderElection83: Election PASSED; received 1 response(s) [c5b9be6c-9c2e-4a02-a7ba-e3f0b513e1ab<-937d6d9e-d3c6-4b74-8a6d-7afbbf2178d6#0:OK-t2] and 0 exception(s); c5b9be6c-9c2e-4a02-a7ba-e3f0b513e1ab:t2, leader=null, voted=c5b9be6c-9c2e-4a02-a7ba-e3f0b513e1ab, raftlog=c5b9be6c-9c2e-4a02-a7ba-e3f0b513e1ab-SegmentedRaftLog:OPENED:c-1,f-1,i0, conf=-1: [937d6d9e-d3c6-4b74-8a6d-7afbbf2178d6:192.168.5.177:33042, 593f8111-8960-43bd-a0b5-5a0ee5e7a443:192.168.5.177:34447, c5b9be6c-9c2e-4a02-a7ba-e3f0b513e1ab:192.168.5.177:40270], old=null
2019-08-28 20:36:11,842 [c5b9be6c-9c2e-4a02-a7ba-e3f0b513e1ab:group-F7200FD621A1:LeaderElection83] INFO  impl.RoleInfo (RoleInfo.java:shutdownLeaderElection(134)) - c5b9be6c-9c2e-4a02-a7ba-e3f0b513e1ab: shutdown LeaderElection
2019-08-28 20:36:11,843 [c5b9be6c-9c2e-4a02-a7ba-e3f0b513e1ab:group-F7200FD621A1:LeaderElection83] INFO  impl.RaftServerImpl (RaftServerImpl.java:setRole(171)) - c5b9be6c-9c2e-4a02-a7ba-e3f0b513e1ab:group-F7200FD621A1 changes role from CANDIDATE to LEADER at term 2 for changeToLeader
2019-08-28 20:36:11,843 [c5b9be6c-9c2e-4a02-a7ba-e3f0b513e1ab:group-F7200FD621A1:LeaderElection83] INFO  impl.RaftServerImpl (ServerState.java:setLeader(263)) - c5b9be6c-9c2e-4a02-a7ba-e3f0b513e1ab:group-F7200FD621A1 change Leader from null to c5b9be6c-9c2e-4a02-a7ba-e3f0b513e1ab at term 2 for becomeLeader, leader elected after 10310ms
2019-08-28 20:36:11,843 [c5b9be6c-9c2e-4a02-a7ba-e3f0b513e1ab:group-F7200FD621A1:LeaderElection83] INFO  server.RaftServerConfigKeys (ConfUtils.java:logGet(43)) - raft.server.staging.catchup.gap = 1000 (default)
2019-08-28 20:36:11,843 [c5b9be6c-9c2e-4a02-a7ba-e3f0b513e1ab:group-F7200FD621A1:LeaderElection83] INFO  server.RaftServerConfigKeys (ConfUtils.java:logGet(43)) - raft.server.rpc.sleep.time = 25ms (default)
2019-08-28 20:36:11,843 [c5b9be6c-9c2e-4a02-a7ba-e3f0b513e1ab:group-F7200FD621A1:LeaderElection83] INFO  server.RaftServerConfigKeys (ConfUtils.java:logGet(43)) - raft.server.write.element-limit = 4096 (default)
2019-08-28 20:36:11,844 [c5b9be6c-9c2e-4a02-a7ba-e3f0b513e1ab:group-F7200FD621A1:LeaderElection83] INFO  server.RaftServerConfigKeys (ConfUtils.java:logGet(43)) - raft.server.watch.timeout = 10s (default)
2019-08-28 20:36:11,844 [c5b9be6c-9c2e-4a02-a7ba-e3f0b513e1ab:group-F7200FD621A1:LeaderElection83] INFO  server.RaftServerConfigKeys (ConfUtils.java:logGet(43)) - raft.server.watch.timeout.denomination = 1s (default)
2019-08-28 20:36:11,844 [c5b9be6c-9c2e-4a02-a7ba-e3f0b513e1ab:group-F7200FD621A1:LeaderElection83] INFO  server.RaftServerConfigKeys (ConfUtils.java:logGet(43)) - raft.server.watch.element-limit = 65536 (default)
2019-08-28 20:36:11,844 [c5b9be6c-9c2e-4a02-a7ba-e3f0b513e1ab:group-F7200FD621A1:LeaderElection83] INFO  server.RaftServerConfigKeys (ConfUtils.java:logGet(43)) - raft.server.log.appender.snapshot.chunk.size.max = 16MB (=16777216) (default)
2019-08-28 20:36:11,845 [c5b9be6c-9c2e-4a02-a7ba-e3f0b513e1ab:group-F7200FD621A1:LeaderElection83] INFO  server.RaftServerConfigKeys (ConfUtils.java:logGet(43)) - raft.server.log.appender.buffer.byte-limit = 33554432 (custom)
2019-08-28 20:36:11,845 [c5b9be6c-9c2e-4a02-a7ba-e3f0b513e1ab:group-F7200FD621A1:LeaderElection83] INFO  server.RaftServerConfigKeys (ConfUtils.java:logGet(43)) - raft.server.log.appender.buffer.element-limit = 1 (custom)
2019-08-28 20:36:11,845 [c5b9be6c-9c2e-4a02-a7ba-e3f0b513e1ab:group-F7200FD621A1:LeaderElection83] INFO  grpc.GrpcConfigKeys$Server (ConfUtils.java:logGet(43)) - raft.grpc.server.leader.outstanding.appends.max = 128 (default)
2019-08-28 20:36:11,845 [c5b9be6c-9c2e-4a02-a7ba-e3f0b513e1ab:group-F7200FD621A1:LeaderElection83] INFO  server.RaftServerConfigKeys (ConfUtils.java:logGet(43)) - raft.server.rpc.request.timeout = 3000ms (default)
2019-08-28 20:36:11,845 [c5b9be6c-9c2e-4a02-a7ba-e3f0b513e1ab:group-F7200FD621A1:LeaderElection83] INFO  server.RaftServerConfigKeys (ConfUtils.java:logGet(43)) - raft.server.log.appender.install.snapshot.enabled = false (custom)
2019-08-28 20:36:11,846 [c5b9be6c-9c2e-4a02-a7ba-e3f0b513e1ab:group-F7200FD621A1:LeaderElection83] INFO  server.RaftServerConfigKeys (ConfUtils.java:logGet(43)) - raft.server.log.appender.snapshot.chunk.size.max = 16MB (=16777216) (default)
2019-08-28 20:36:11,846 [c5b9be6c-9c2e-4a02-a7ba-e3f0b513e1ab:group-F7200FD621A1:LeaderElection83] INFO  server.RaftServerConfigKeys (ConfUtils.java:logGet(43)) - raft.server.log.appender.buffer.byte-limit = 33554432 (custom)
2019-08-28 20:36:11,846 [c5b9be6c-9c2e-4a02-a7ba-e3f0b513e1ab:group-F7200FD621A1:LeaderElection83] INFO  server.RaftServerConfigKeys (ConfUtils.java:logGet(43)) - raft.server.log.appender.buffer.element-limit = 1 (custom)
2019-08-28 20:36:11,846 [c5b9be6c-9c2e-4a02-a7ba-e3f0b513e1ab:group-F7200FD621A1:LeaderElection83] INFO  grpc.GrpcConfigKeys$Server (ConfUtils.java:logGet(43)) - raft.grpc.server.leader.outstanding.appends.max = 128 (default)
2019-08-28 20:36:11,846 [c5b9be6c-9c2e-4a02-a7ba-e3f0b513e1ab:group-F7200FD621A1:LeaderElection83] INFO  server.RaftServerConfigKeys (ConfUtils.java:logGet(43)) - raft.server.rpc.request.timeout = 3000ms (default)
2019-08-28 20:36:11,847 [c5b9be6c-9c2e-4a02-a7ba-e3f0b513e1ab:group-F7200FD621A1:LeaderElection83] INFO  server.RaftServerConfigKeys (ConfUtils.java:logGet(43)) - raft.server.log.appender.install.snapshot.enabled = false (custom)
2019-08-28 20:36:11,847 [c5b9be6c-9c2e-4a02-a7ba-e3f0b513e1ab:group-F7200FD621A1:LeaderElection83] INFO  impl.RoleInfo (RoleInfo.java:updateAndGet(143)) - c5b9be6c-9c2e-4a02-a7ba-e3f0b513e1ab: start LeaderState
2019-08-28 20:36:11,847 [c5b9be6c-9c2e-4a02-a7ba-e3f0b513e1ab:group-F7200FD621A1:LeaderElection83] INFO  segmented.SegmentedRaftLogWorker (SegmentedRaftLogWorker.java:startLogSegment(380)) - c5b9be6c-9c2e-4a02-a7ba-e3f0b513e1ab-SegmentedRaftLogWorker:Storage Directory /workdir/hadoop-ozone/integration-test/target/test-dir/MiniOzoneClusterImpl-53cd5f02-19c6-4d92-85a0-fac408bf1129/datanode-0/data/ratis/b0a061a5-cfe4-4a30-842b-f7200fd621a1: Starting segment from index:0
2019-08-28 20:36:11,848 [c5b9be6c-9c2e-4a02-a7ba-e3f0b513e1ab:group-F7200FD621A1:LeaderElection83] INFO  impl.RaftServerImpl (ServerState.java:setRaftConf(361)) - c5b9be6c-9c2e-4a02-a7ba-e3f0b513e1ab:group-F7200FD621A1 set configuration 0: [937d6d9e-d3c6-4b74-8a6d-7afbbf2178d6:192.168.5.177:33042, 593f8111-8960-43bd-a0b5-5a0ee5e7a443:192.168.5.177:34447, c5b9be6c-9c2e-4a02-a7ba-e3f0b513e1ab:192.168.5.177:40270], old=null at 0
2019-08-28 20:36:11,892 | INFO  | SCMAudit | user=jenkins1000 | ip=192.168.5.177 | op=SEND_HEARTBEAT {datanodeUUID=2e1e3d81-b170-4e8b-b1cd-cb6f18d4d582, command=[]} | ret=SUCCESS |  
2019-08-28 20:36:11,892 [grpc-default-executor-10] INFO  impl.RaftServerImpl (ServerState.java:setLeader(263)) - 937d6d9e-d3c6-4b74-8a6d-7afbbf2178d6:group-F7200FD621A1 change Leader from null to c5b9be6c-9c2e-4a02-a7ba-e3f0b513e1ab at term 2 for appendEntries, leader elected after 10360ms
2019-08-28 20:36:11,892 [grpc-default-executor-8] INFO  impl.RaftServerImpl (ServerState.java:setLeader(263)) - 593f8111-8960-43bd-a0b5-5a0ee5e7a443:group-F7200FD621A1 change Leader from null to c5b9be6c-9c2e-4a02-a7ba-e3f0b513e1ab at term 2 for appendEntries, leader elected after 10360ms
2019-08-28 20:36:11,895 [grpc-default-executor-8] INFO  impl.RaftServerImpl (ServerState.java:setRaftConf(361)) - 937d6d9e-d3c6-4b74-8a6d-7afbbf2178d6:group-F7200FD621A1 set configuration 0: [937d6d9e-d3c6-4b74-8a6d-7afbbf2178d6:192.168.5.177:33042, 593f8111-8960-43bd-a0b5-5a0ee5e7a443:192.168.5.177:34447, c5b9be6c-9c2e-4a02-a7ba-e3f0b513e1ab:192.168.5.177:40270], old=null at 0
2019-08-28 20:36:11,895 [grpc-default-executor-10] INFO  impl.RaftServerImpl (ServerState.java:setRaftConf(361)) - 593f8111-8960-43bd-a0b5-5a0ee5e7a443:group-F7200FD621A1 set configuration 0: [937d6d9e-d3c6-4b74-8a6d-7afbbf2178d6:192.168.5.177:33042, 593f8111-8960-43bd-a0b5-5a0ee5e7a443:192.168.5.177:34447, c5b9be6c-9c2e-4a02-a7ba-e3f0b513e1ab:192.168.5.177:40270], old=null at 0
2019-08-28 20:36:11,896 | INFO  | SCMAudit | user=jenkins1000 | ip=192.168.5.177 | op=SEND_HEARTBEAT {datanodeUUID=e672058b-42e1-47c3-897e-84a1316cb1b0, command=[]} | ret=SUCCESS |  
2019-08-28 20:36:11,895 [grpc-default-executor-8] INFO  segmented.SegmentedRaftLogWorker (SegmentedRaftLogWorker.java:startLogSegment(380)) - 937d6d9e-d3c6-4b74-8a6d-7afbbf2178d6-SegmentedRaftLogWorker:Storage Directory /workdir/hadoop-ozone/integration-test/target/test-dir/MiniOzoneClusterImpl-53cd5f02-19c6-4d92-85a0-fac408bf1129/datanode-5/data/ratis/b0a061a5-cfe4-4a30-842b-f7200fd621a1: Starting segment from index:0
2019-08-28 20:36:11,896 [grpc-default-executor-10] INFO  segmented.SegmentedRaftLogWorker (SegmentedRaftLogWorker.java:startLogSegment(380)) - 593f8111-8960-43bd-a0b5-5a0ee5e7a443-SegmentedRaftLogWorker:Storage Directory /workdir/hadoop-ozone/integration-test/target/test-dir/MiniOzoneClusterImpl-53cd5f02-19c6-4d92-85a0-fac408bf1129/datanode-2/data/ratis/b0a061a5-cfe4-4a30-842b-f7200fd621a1: Starting segment from index:0
2019-08-28 20:36:11,896 | INFO  | SCMAudit | user=jenkins1000 | ip=192.168.5.177 | op=SEND_HEARTBEAT {datanodeUUID=3a675652-5de2-4019-bb1c-a11f6907c77c, command=[]} | ret=SUCCESS |  
2019-08-28 20:36:11,903 [c5b9be6c-9c2e-4a02-a7ba-e3f0b513e1ab-SegmentedRaftLogWorker:Storage Directory /workdir/hadoop-ozone/integration-test/target/test-dir/MiniOzoneClusterImpl-53cd5f02-19c6-4d92-85a0-fac408bf1129/datanode-0/data/ratis/b0a061a5-cfe4-4a30-842b-f7200fd621a1] INFO  segmented.SegmentedRaftLogWorker (SegmentedRaftLogWorker.java:execute(569)) - c5b9be6c-9c2e-4a02-a7ba-e3f0b513e1ab-SegmentedRaftLogWorker:Storage Directory /workdir/hadoop-ozone/integration-test/target/test-dir/MiniOzoneClusterImpl-53cd5f02-19c6-4d92-85a0-fac408bf1129/datanode-0/data/ratis/b0a061a5-cfe4-4a30-842b-f7200fd621a1: created new log segment /workdir/hadoop-ozone/integration-test/target/test-dir/MiniOzoneClusterImpl-53cd5f02-19c6-4d92-85a0-fac408bf1129/datanode-0/data/ratis/b0a061a5-cfe4-4a30-842b-f7200fd621a1/current/log_inprogress_0
2019-08-28 20:36:11,944 [937d6d9e-d3c6-4b74-8a6d-7afbbf2178d6-SegmentedRaftLogWorker:Storage Directory /workdir/hadoop-ozone/integration-test/target/test-dir/MiniOzoneClusterImpl-53cd5f02-19c6-4d92-85a0-fac408bf1129/datanode-5/data/ratis/b0a061a5-cfe4-4a30-842b-f7200fd621a1] INFO  segmented.SegmentedRaftLogWorker (SegmentedRaftLogWorker.java:execute(569)) - 937d6d9e-d3c6-4b74-8a6d-7afbbf2178d6-SegmentedRaftLogWorker:Storage Directory /workdir/hadoop-ozone/integration-test/target/test-dir/MiniOzoneClusterImpl-53cd5f02-19c6-4d92-85a0-fac408bf1129/datanode-5/data/ratis/b0a061a5-cfe4-4a30-842b-f7200fd621a1: created new log segment /workdir/hadoop-ozone/integration-test/target/test-dir/MiniOzoneClusterImpl-53cd5f02-19c6-4d92-85a0-fac408bf1129/datanode-5/data/ratis/b0a061a5-cfe4-4a30-842b-f7200fd621a1/current/log_inprogress_0
2019-08-28 20:36:11,944 [593f8111-8960-43bd-a0b5-5a0ee5e7a443-SegmentedRaftLogWorker:Storage Directory /workdir/hadoop-ozone/integration-test/target/test-dir/MiniOzoneClusterImpl-53cd5f02-19c6-4d92-85a0-fac408bf1129/datanode-2/data/ratis/b0a061a5-cfe4-4a30-842b-f7200fd621a1] INFO  segmented.SegmentedRaftLogWorker (SegmentedRaftLogWorker.java:execute(569)) - 593f8111-8960-43bd-a0b5-5a0ee5e7a443-SegmentedRaftLogWorker:Storage Directory /workdir/hadoop-ozone/integration-test/target/test-dir/MiniOzoneClusterImpl-53cd5f02-19c6-4d92-85a0-fac408bf1129/datanode-2/data/ratis/b0a061a5-cfe4-4a30-842b-f7200fd621a1: created new log segment /workdir/hadoop-ozone/integration-test/target/test-dir/MiniOzoneClusterImpl-53cd5f02-19c6-4d92-85a0-fac408bf1129/datanode-2/data/ratis/b0a061a5-cfe4-4a30-842b-f7200fd621a1/current/log_inprogress_0
2019-08-28 20:36:12,094 | INFO  | SCMAudit | user=jenkins1000 | ip=192.168.5.177 | op=SEND_HEARTBEAT {datanodeUUID=c5b9be6c-9c2e-4a02-a7ba-e3f0b513e1ab, command=[]} | ret=SUCCESS |  
2019-08-28 20:36:12,221 | INFO  | SCMAudit | user=jenkins1000 | ip=192.168.5.177 | op=SEND_HEARTBEAT {datanodeUUID=593f8111-8960-43bd-a0b5-5a0ee5e7a443, command=[]} | ret=SUCCESS |  
2019-08-28 20:36:12,422 | INFO  | SCMAudit | user=jenkins1000 | ip=192.168.5.177 | op=SEND_HEARTBEAT {datanodeUUID=937d6d9e-d3c6-4b74-8a6d-7afbbf2178d6, command=[]} | ret=SUCCESS |  
2019-08-28 20:36:12,526 | INFO  | SCMAudit | user=jenkins1000 | ip=192.168.5.177 | op=SEND_HEARTBEAT {datanodeUUID=0f3aefe0-192d-4dd1-8b69-25e558fe3111, command=[]} | ret=SUCCESS |  
2019-08-28 20:36:12,620 | INFO  | DNAudit | user=null | ip=null | op=WRITE_CHUNK {blockData=conID: 2 locID: 102696522154573842 bcsId: 0} | ret=SUCCESS |  
2019-08-28 20:36:12,620 | INFO  | SCMAudit | user=jenkins1000 | ip=192.168.5.177 | op=SEND_HEARTBEAT {datanodeUUID=c5b9be6c-9c2e-4a02-a7ba-e3f0b513e1ab, command=[]} | ret=SUCCESS |  
2019-08-28 20:36:12,650 | INFO  | DNAudit | user=null | ip=null | op=WRITE_CHUNK {blockData=conID: 2 locID: 102696522154573842 bcsId: 0} | ret=SUCCESS |  
2019-08-28 20:36:12,650 | INFO  | DNAudit | user=null | ip=null | op=WRITE_CHUNK {blockData=conID: 2 locID: 102696522154573842 bcsId: 0} | ret=SUCCESS |  
2019-08-28 20:36:12,651 | INFO  | SCMAudit | user=jenkins1000 | ip=192.168.5.177 | op=SEND_HEARTBEAT {datanodeUUID=937d6d9e-d3c6-4b74-8a6d-7afbbf2178d6, command=[]} | ret=SUCCESS |  
2019-08-28 20:36:12,651 | INFO  | SCMAudit | user=jenkins1000 | ip=192.168.5.177 | op=SEND_HEARTBEAT {datanodeUUID=593f8111-8960-43bd-a0b5-5a0ee5e7a443, command=[]} | ret=SUCCESS |  
2019-08-28 20:36:12,665 | INFO  | DNAudit | user=null | ip=null | op=WRITE_CHUNK {blockData=conID: 2 locID: 102696522154573842 bcsId: 0} | ret=SUCCESS |  
2019-08-28 20:36:12,668 [grpc-default-executor-9] INFO  client.GrpcClientProtocolClient (GrpcClientProtocolClient.java:onNext(255)) - client-AF468E2350E2->c5b9be6c-9c2e-4a02-a7ba-e3f0b513e1ab: receive RaftClientReply:client-AF468E2350E2->c5b9be6c-9c2e-4a02-a7ba-e3f0b513e1ab@group-F7200FD621A1, cid=216, SUCCESS, logIndex=1, commits[c5b9be6c-9c2e-4a02-a7ba-e3f0b513e1ab:c1, 937d6d9e-d3c6-4b74-8a6d-7afbbf2178d6:c0, 593f8111-8960-43bd-a0b5-5a0ee5e7a443:c0]
2019-08-28 20:36:12,673 | INFO  | DNAudit | user=null | ip=null | op=WRITE_CHUNK {blockData=conID: 2 locID: 102696522154573842 bcsId: 0} | ret=SUCCESS |  
2019-08-28 20:36:12,675 | INFO  | DNAudit | user=null | ip=null | op=WRITE_CHUNK {blockData=conID: 2 locID: 102696522154573842 bcsId: 0} | ret=SUCCESS |  
2019-08-28 20:36:12,676 | INFO  | DNAudit | user=null | ip=null | op=WRITE_CHUNK {blockData=conID: 2 locID: 102696522154573842 bcsId: 0} | ret=SUCCESS |  
2019-08-28 20:36:12,688 | INFO  | DNAudit | user=null | ip=null | op=WRITE_CHUNK {blockData=conID: 2 locID: 102696522154573842 bcsId: 0} | ret=SUCCESS |  
2019-08-28 20:36:12,689 | INFO  | DNAudit | user=null | ip=null | op=WRITE_CHUNK {blockData=conID: 2 locID: 102696522154573842 bcsId: 0} | ret=SUCCESS |  
2019-08-28 20:36:12,691 | INFO  | DNAudit | user=null | ip=null | op=WRITE_CHUNK {blockData=conID: 2 locID: 102696522154573842 bcsId: 0} | ret=SUCCESS |  
2019-08-28 20:36:12,695 [grpc-default-executor-8] INFO  client.GrpcClientProtocolClient (GrpcClientProtocolClient.java:onNext(255)) - client-AF468E2350E2->c5b9be6c-9c2e-4a02-a7ba-e3f0b513e1ab: receive RaftClientReply:client-AF468E2350E2->c5b9be6c-9c2e-4a02-a7ba-e3f0b513e1ab@group-F7200FD621A1, cid=217, SUCCESS, logIndex=3, commits[c5b9be6c-9c2e-4a02-a7ba-e3f0b513e1ab:c4, 937d6d9e-d3c6-4b74-8a6d-7afbbf2178d6:c1, 593f8111-8960-43bd-a0b5-5a0ee5e7a443:c1]
2019-08-28 20:36:12,714 | INFO  | DNAudit | user=null | ip=null | op=WRITE_CHUNK {blockData=conID: 2 locID: 102696522154573842 bcsId: 0} | ret=SUCCESS |  
2019-08-28 20:36:12,714 | INFO  | DNAudit | user=null | ip=null | op=WRITE_CHUNK {blockData=conID: 2 locID: 102696522154573842 bcsId: 0} | ret=SUCCESS |  
2019-08-28 20:36:12,760 | INFO  | DNAudit | user=null | ip=null | op=PUT_BLOCK {blockData=[blockId=conID: 2 locID: 102696522154573842 bcsId: 0,size=167]} | ret=SUCCESS |  
2019-08-28 20:36:12,762 [grpc-default-executor-8] INFO  client.GrpcClientProtocolClient (GrpcClientProtocolClient.java:onNext(255)) - client-AF468E2350E2->c5b9be6c-9c2e-4a02-a7ba-e3f0b513e1ab: receive RaftClientReply:client-AF468E2350E2->c5b9be6c-9c2e-4a02-a7ba-e3f0b513e1ab@group-F7200FD621A1, cid=218, SUCCESS, logIndex=4, commits[c5b9be6c-9c2e-4a02-a7ba-e3f0b513e1ab:c6, 937d6d9e-d3c6-4b74-8a6d-7afbbf2178d6:c4, 593f8111-8960-43bd-a0b5-5a0ee5e7a443:c4]
2019-08-28 20:36:12,766 [main] INFO  ozone.MiniOzoneClusterImpl (MiniOzoneClusterImpl.java:shutdown(307)) - Shutting down the Mini Ozone Cluster
2019-08-28 20:36:12,766 | INFO  | SCMAudit | user=null | ip=null | op=GET_SCM_INFO null | ret=SUCCESS |  
2019-08-28 20:36:12,766 [main] INFO  ozone.MiniOzoneClusterImpl (MiniOzoneClusterImpl.java:stop(322)) - Stopping the Mini Ozone Cluster
2019-08-28 20:36:12,766 [main] INFO  ozone.MiniOzoneClusterImpl (MiniOzoneClusterImpl.java:stop(324)) - Stopping the OzoneManager
2019-08-28 20:36:12,766 [main] INFO  ipc.Server (Server.java:stop(3082)) - Stopping server on 42316
2019-08-28 20:36:12,786 [main] INFO  ratis.OzoneManagerDoubleBuffer (OzoneManagerDoubleBuffer.java:stop(248)) - Stopping OMDoubleBuffer flush thread
2019-08-28 20:36:12,789 [IPC Server Responder] INFO  ipc.Server (Server.java:run(1319)) - Stopping IPC Server Responder
2019-08-28 20:36:12,789 [IPC Server listener on 42316] INFO  ipc.Server (Server.java:run(1185)) - Stopping IPC Server listener on 42316
2019-08-28 20:36:12,806 [OMDoubleBufferFlushThread] INFO  ratis.OzoneManagerDoubleBuffer (OzoneManagerDoubleBuffer.java:flushTransactions(191)) - OMDoubleBuffer flush thread OMDoubleBufferFlushThread is interrupted and will exit. OMDoubleBufferFlushThread
2019-08-28 20:36:12,823 [main] INFO  utils.BackgroundService (BackgroundService.java:shutdown(148)) - Shutting down service KeyDeletingService
2019-08-28 20:36:12,826 [main] INFO  handler.ContextHandler (ContextHandler.java:doStop(910)) - Stopped o.e.j.w.WebAppContext@712cd5d3{/,null,UNAVAILABLE}{/ozoneManager}
2019-08-28 20:36:12,828 [main] INFO  server.AbstractConnector (AbstractConnector.java:doStop(318)) - Stopped ServerConnector@2094bf3d{HTTP/1.1,[http/1.1]}{0.0.0.0:0}
2019-08-28 20:36:12,829 [main] INFO  handler.ContextHandler (ContextHandler.java:doStop(910)) - Stopped o.e.j.s.ServletContextHandler@58c42c8c{/static,file:///workdir/hadoop-ozone/integration-test/target/test-classes/webapps/static,UNAVAILABLE}
2019-08-28 20:36:12,829 [main] INFO  handler.ContextHandler (ContextHandler.java:doStop(910)) - Stopped o.e.j.s.ServletContextHandler@1471b98d{/logs,file:///workdir/hadoop-ozone/integration-test/target/log,UNAVAILABLE}
2019-08-28 20:36:12,832 [main] INFO  ozone.MiniOzoneClusterImpl (MiniOzoneClusterImpl.java:stop(330)) - Shutting the HddsDatanodes
2019-08-28 20:36:12,855 | INFO  | DNAudit | user=null | ip=null | op=PUT_BLOCK {blockData=[blockId=conID: 2 locID: 102696522154573842 bcsId: 0,size=167]} | ret=SUCCESS |  
2019-08-28 20:36:12,892 [Datanode State Machine Thread - 0] INFO  statemachine.DatanodeStateMachine (DatanodeStateMachine.java:lambda$startDaemon$0(350)) - Ozone container server started.
2019-08-28 20:36:12,895 [Datanode State Machine Thread - 0] INFO  statemachine.DatanodeStateMachine (DatanodeStateMachine.java:lambda$startDaemon$0(350)) - Ozone container server started.
2019-08-28 20:36:12,898 | INFO  | SCMAudit | user=jenkins1000 | ip=192.168.5.177 | op=SEND_HEARTBEAT {datanodeUUID=3a675652-5de2-4019-bb1c-a11f6907c77c, command=[]} | ret=SUCCESS |  
2019-08-28 20:36:12,903 | INFO  | DNAudit | user=null | ip=null | op=PUT_BLOCK {blockData=[blockId=conID: 2 locID: 102696522154573842 bcsId: 0,size=167]} | ret=SUCCESS |  
2019-08-28 20:36:13,526 | INFO  | SCMAudit | user=jenkins1000 | ip=192.168.5.177 | op=SEND_HEARTBEAT {datanodeUUID=0f3aefe0-192d-4dd1-8b69-25e558fe3111, command=[]} | ret=SUCCESS |  
2019-08-28 20:36:13,620 | INFO  | SCMAudit | user=jenkins1000 | ip=192.168.5.177 | op=SEND_HEARTBEAT {datanodeUUID=c5b9be6c-9c2e-4a02-a7ba-e3f0b513e1ab, command=[]} | ret=SUCCESS |  
2019-08-28 20:36:13,651 | INFO  | SCMAudit | user=jenkins1000 | ip=192.168.5.177 | op=SEND_HEARTBEAT {datanodeUUID=937d6d9e-d3c6-4b74-8a6d-7afbbf2178d6, command=[]} | ret=SUCCESS |  
2019-08-28 20:36:13,651 | INFO  | SCMAudit | user=jenkins1000 | ip=192.168.5.177 | op=SEND_HEARTBEAT {datanodeUUID=593f8111-8960-43bd-a0b5-5a0ee5e7a443, command=[]} | ret=SUCCESS |  
2019-08-28 20:36:13,898 | INFO  | SCMAudit | user=jenkins1000 | ip=192.168.5.177 | op=SEND_HEARTBEAT {datanodeUUID=3a675652-5de2-4019-bb1c-a11f6907c77c, command=[]} | ret=SUCCESS |  
2019-08-28 20:36:14,526 | INFO  | SCMAudit | user=jenkins1000 | ip=192.168.5.177 | op=SEND_HEARTBEAT {datanodeUUID=0f3aefe0-192d-4dd1-8b69-25e558fe3111, command=[]} | ret=SUCCESS |  
2019-08-28 20:36:14,621 | INFO  | SCMAudit | user=jenkins1000 | ip=192.168.5.177 | op=SEND_HEARTBEAT {datanodeUUID=c5b9be6c-9c2e-4a02-a7ba-e3f0b513e1ab, command=[]} | ret=SUCCESS |  
2019-08-28 20:36:14,651 | INFO  | SCMAudit | user=jenkins1000 | ip=192.168.5.177 | op=SEND_HEARTBEAT {datanodeUUID=937d6d9e-d3c6-4b74-8a6d-7afbbf2178d6, command=[]} | ret=SUCCESS |  
2019-08-28 20:36:14,651 | INFO  | SCMAudit | user=jenkins1000 | ip=192.168.5.177 | op=SEND_HEARTBEAT {datanodeUUID=593f8111-8960-43bd-a0b5-5a0ee5e7a443, command=[]} | ret=SUCCESS |  
2019-08-28 20:36:14,898 | INFO  | SCMAudit | user=jenkins1000 | ip=192.168.5.177 | op=SEND_HEARTBEAT {datanodeUUID=3a675652-5de2-4019-bb1c-a11f6907c77c, command=[]} | ret=SUCCESS |  
2019-08-28 20:36:15,526 | INFO  | SCMAudit | user=jenkins1000 | ip=192.168.5.177 | op=SEND_HEARTBEAT {datanodeUUID=0f3aefe0-192d-4dd1-8b69-25e558fe3111, command=[]} | ret=SUCCESS |  
2019-08-28 20:36:15,621 | INFO  | SCMAudit | user=jenkins1000 | ip=192.168.5.177 | op=SEND_HEARTBEAT {datanodeUUID=c5b9be6c-9c2e-4a02-a7ba-e3f0b513e1ab, command=[]} | ret=SUCCESS |  
2019-08-28 20:36:15,651 | INFO  | SCMAudit | user=jenkins1000 | ip=192.168.5.177 | op=SEND_HEARTBEAT {datanodeUUID=937d6d9e-d3c6-4b74-8a6d-7afbbf2178d6, command=[]} | ret=SUCCESS |  
2019-08-28 20:36:15,652 | INFO  | SCMAudit | user=jenkins1000 | ip=192.168.5.177 | op=SEND_HEARTBEAT {datanodeUUID=593f8111-8960-43bd-a0b5-5a0ee5e7a443, command=[]} | ret=SUCCESS |  
2019-08-28 20:36:15,898 | INFO  | SCMAudit | user=jenkins1000 | ip=192.168.5.177 | op=SEND_HEARTBEAT {datanodeUUID=3a675652-5de2-4019-bb1c-a11f6907c77c, command=[]} | ret=SUCCESS |  
2019-08-28 20:36:16,526 | INFO  | SCMAudit | user=jenkins1000 | ip=192.168.5.177 | op=SEND_HEARTBEAT {datanodeUUID=0f3aefe0-192d-4dd1-8b69-25e558fe3111, command=[]} | ret=SUCCESS |  
2019-08-28 20:36:16,621 | INFO  | SCMAudit | user=jenkins1000 | ip=192.168.5.177 | op=SEND_HEARTBEAT {datanodeUUID=c5b9be6c-9c2e-4a02-a7ba-e3f0b513e1ab, command=[]} | ret=SUCCESS |  
2019-08-28 20:36:16,651 | INFO  | SCMAudit | user=jenkins1000 | ip=192.168.5.177 | op=SEND_HEARTBEAT {datanodeUUID=937d6d9e-d3c6-4b74-8a6d-7afbbf2178d6, command=[]} | ret=SUCCESS |  
2019-08-28 20:36:16,652 | INFO  | SCMAudit | user=jenkins1000 | ip=192.168.5.177 | op=SEND_HEARTBEAT {datanodeUUID=593f8111-8960-43bd-a0b5-5a0ee5e7a443, command=[]} | ret=SUCCESS |  
2019-08-28 20:36:16,899 | INFO  | SCMAudit | user=jenkins1000 | ip=192.168.5.177 | op=SEND_HEARTBEAT {datanodeUUID=3a675652-5de2-4019-bb1c-a11f6907c77c, command=[]} | ret=SUCCESS |  
2019-08-28 20:36:16,937 [EventQueue-StaleNodeForStaleNodeHandler] INFO  node.StaleNodeHandler (StaleNodeHandler.java:onMessage(58)) - Datanode 2e1e3d81-b170-4e8b-b1cd-cb6f18d4d582{ip: 192.168.5.177, host: pr-hdds-2051-mwr8n-2748524799, networkLocation: /default-rack, certSerialId: null} moved to stale state. Finalizing its pipelines [PipelineID=4071187d-a185-4806-a54c-36b9e80ee561, PipelineID=ab8aba19-5ee3-43e3-a9ad-836378337fb6]
2019-08-28 20:36:16,937 [EventQueue-StaleNodeForStaleNodeHandler] INFO  pipeline.SCMPipelineManager (SCMPipelineManager.java:finalizeAndDestroyPipeline(309)) - destroying pipeline:Pipeline[ Id: 4071187d-a185-4806-a54c-36b9e80ee561, Nodes: 2e1e3d81-b170-4e8b-b1cd-cb6f18d4d582{ip: 192.168.5.177, host: pr-hdds-2051-mwr8n-2748524799, networkLocation: /default-rack, certSerialId: null}3a675652-5de2-4019-bb1c-a11f6907c77c{ip: 192.168.5.177, host: pr-hdds-2051-mwr8n-2748524799, networkLocation: /default-rack, certSerialId: null}e672058b-42e1-47c3-897e-84a1316cb1b0{ip: 192.168.5.177, host: pr-hdds-2051-mwr8n-2748524799, networkLocation: /default-rack, certSerialId: null}, Type:RATIS, Factor:THREE, State:OPEN]
2019-08-28 20:36:16,938 [EventQueue-StaleNodeForStaleNodeHandler] INFO  pipeline.PipelineStateManager (PipelineStateManager.java:finalizePipeline(123)) - Pipeline Pipeline[ Id: 4071187d-a185-4806-a54c-36b9e80ee561, Nodes: 2e1e3d81-b170-4e8b-b1cd-cb6f18d4d582{ip: 192.168.5.177, host: pr-hdds-2051-mwr8n-2748524799, networkLocation: /default-rack, certSerialId: null}3a675652-5de2-4019-bb1c-a11f6907c77c{ip: 192.168.5.177, host: pr-hdds-2051-mwr8n-2748524799, networkLocation: /default-rack, certSerialId: null}e672058b-42e1-47c3-897e-84a1316cb1b0{ip: 192.168.5.177, host: pr-hdds-2051-mwr8n-2748524799, networkLocation: /default-rack, certSerialId: null}, Type:RATIS, Factor:THREE, State:CLOSED] moved to CLOSED state
2019-08-28 20:36:16,939 [EventQueue-CloseContainerForCloseContainerEventHandler] INFO  container.CloseContainerEventHandler (CloseContainerEventHandler.java:onMessage(61)) - Close container Event triggered for container : #1
2019-08-28 20:36:16,939 [EventQueue-StaleNodeForStaleNodeHandler] INFO  pipeline.SCMPipelineManager (SCMPipelineManager.java:finalizeAndDestroyPipeline(309)) - destroying pipeline:Pipeline[ Id: ab8aba19-5ee3-43e3-a9ad-836378337fb6, Nodes: 2e1e3d81-b170-4e8b-b1cd-cb6f18d4d582{ip: 192.168.5.177, host: pr-hdds-2051-mwr8n-2748524799, networkLocation: /default-rack, certSerialId: null}, Type:RATIS, Factor:ONE, State:OPEN]
2019-08-28 20:36:16,939 [EventQueue-StaleNodeForStaleNodeHandler] INFO  pipeline.PipelineStateManager (PipelineStateManager.java:finalizePipeline(123)) - Pipeline Pipeline[ Id: ab8aba19-5ee3-43e3-a9ad-836378337fb6, Nodes: 2e1e3d81-b170-4e8b-b1cd-cb6f18d4d582{ip: 192.168.5.177, host: pr-hdds-2051-mwr8n-2748524799, networkLocation: /default-rack, certSerialId: null}, Type:RATIS, Factor:ONE, State:CLOSED] moved to CLOSED state
2019-08-28 20:36:16,939 [EventQueue-StaleNodeForStaleNodeHandler] INFO  node.StaleNodeHandler (StaleNodeHandler.java:onMessage(58)) - Datanode e672058b-42e1-47c3-897e-84a1316cb1b0{ip: 192.168.5.177, host: pr-hdds-2051-mwr8n-2748524799, networkLocation: /default-rack, certSerialId: null} moved to stale state. Finalizing its pipelines [PipelineID=4071187d-a185-4806-a54c-36b9e80ee561, PipelineID=39d05966-bd02-48fa-878e-80bdab98c518]
2019-08-28 20:36:16,940 [EventQueue-StaleNodeForStaleNodeHandler] INFO  pipeline.SCMPipelineManager (SCMPipelineManager.java:finalizeAndDestroyPipeline(309)) - destroying pipeline:Pipeline[ Id: 4071187d-a185-4806-a54c-36b9e80ee561, Nodes: 2e1e3d81-b170-4e8b-b1cd-cb6f18d4d582{ip: 192.168.5.177, host: pr-hdds-2051-mwr8n-2748524799, networkLocation: /default-rack, certSerialId: null}3a675652-5de2-4019-bb1c-a11f6907c77c{ip: 192.168.5.177, host: pr-hdds-2051-mwr8n-2748524799, networkLocation: /default-rack, certSerialId: null}e672058b-42e1-47c3-897e-84a1316cb1b0{ip: 192.168.5.177, host: pr-hdds-2051-mwr8n-2748524799, networkLocation: /default-rack, certSerialId: null}, Type:RATIS, Factor:THREE, State:CLOSED]
2019-08-28 20:36:16,940 [EventQueue-StaleNodeForStaleNodeHandler] INFO  pipeline.SCMPipelineManager (SCMPipelineManager.java:finalizeAndDestroyPipeline(309)) - destroying pipeline:Pipeline[ Id: 39d05966-bd02-48fa-878e-80bdab98c518, Nodes: e672058b-42e1-47c3-897e-84a1316cb1b0{ip: 192.168.5.177, host: pr-hdds-2051-mwr8n-2748524799, networkLocation: /default-rack, certSerialId: null}, Type:RATIS, Factor:ONE, State:OPEN]
2019-08-28 20:36:16,940 [EventQueue-StaleNodeForStaleNodeHandler] INFO  pipeline.PipelineStateManager (PipelineStateManager.java:finalizePipeline(123)) - Pipeline Pipeline[ Id: 39d05966-bd02-48fa-878e-80bdab98c518, Nodes: e672058b-42e1-47c3-897e-84a1316cb1b0{ip: 192.168.5.177, host: pr-hdds-2051-mwr8n-2748524799, networkLocation: /default-rack, certSerialId: null}, Type:RATIS, Factor:ONE, State:CLOSED] moved to CLOSED state
2019-08-28 20:36:17,527 | INFO  | SCMAudit | user=jenkins1000 | ip=192.168.5.177 | op=SEND_HEARTBEAT {datanodeUUID=0f3aefe0-192d-4dd1-8b69-25e558fe3111, command=[]} | ret=SUCCESS |  
2019-08-28 20:36:17,621 | INFO  | SCMAudit | user=jenkins1000 | ip=192.168.5.177 | op=SEND_HEARTBEAT {datanodeUUID=c5b9be6c-9c2e-4a02-a7ba-e3f0b513e1ab, command=[]} | ret=SUCCESS |  
2019-08-28 20:36:17,651 | INFO  | SCMAudit | user=jenkins1000 | ip=192.168.5.177 | op=SEND_HEARTBEAT {datanodeUUID=937d6d9e-d3c6-4b74-8a6d-7afbbf2178d6, command=[]} | ret=SUCCESS |  
2019-08-28 20:36:17,652 | INFO  | SCMAudit | user=jenkins1000 | ip=192.168.5.177 | op=SEND_HEARTBEAT {datanodeUUID=593f8111-8960-43bd-a0b5-5a0ee5e7a443, command=[]} | ret=SUCCESS |  
2019-08-28 20:36:17,833 [main] INFO  ozoneimpl.OzoneContainer (OzoneContainer.java:stop(215)) - Attempting to stop container services.
2019-08-28 20:36:17,834 [ForkJoinPool.commonPool-worker-0] INFO  ozoneimpl.OzoneContainer (OzoneContainer.java:stop(215)) - Attempting to stop container services.
2019-08-28 20:36:17,834 [main] INFO  impl.RaftServerProxy (RaftServerProxy.java:lambda$close$4(314)) - 2e1e3d81-b170-4e8b-b1cd-cb6f18d4d582: close
2019-08-28 20:36:17,835 [ForkJoinPool.commonPool-worker-0] INFO  impl.RaftServerProxy (RaftServerProxy.java:lambda$close$4(314)) - e672058b-42e1-47c3-897e-84a1316cb1b0: close
2019-08-28 20:36:17,835 [main] INFO  impl.RaftServerImpl (RaftServerImpl.java:lambda$shutdown$3(245)) - 2e1e3d81-b170-4e8b-b1cd-cb6f18d4d582: shutdown group-36B9E80EE561
2019-08-28 20:36:17,836 [ForkJoinPool.commonPool-worker-0] INFO  impl.RaftServerImpl (RaftServerImpl.java:lambda$shutdown$3(245)) - e672058b-42e1-47c3-897e-84a1316cb1b0: shutdown group-36B9E80EE561
2019-08-28 20:36:17,836 [main] INFO  util.JmxRegister (JmxRegister.java:unregister(73)) - Successfully un-registered JMX Bean with object name Ratis:service=RaftServer,group=group-36B9E80EE561,id=2e1e3d81-b170-4e8b-b1cd-cb6f18d4d582
2019-08-28 20:36:17,836 [ForkJoinPool.commonPool-worker-0] INFO  util.JmxRegister (JmxRegister.java:unregister(73)) - Successfully un-registered JMX Bean with object name Ratis:service=RaftServer,group=group-36B9E80EE561,id=e672058b-42e1-47c3-897e-84a1316cb1b0
2019-08-28 20:36:17,837 [main] INFO  impl.RoleInfo (RoleInfo.java:shutdownFollowerState(121)) - 2e1e3d81-b170-4e8b-b1cd-cb6f18d4d582: shutdown FollowerState
2019-08-28 20:36:17,837 [ForkJoinPool.commonPool-worker-0] INFO  impl.RoleInfo (RoleInfo.java:shutdownFollowerState(121)) - e672058b-42e1-47c3-897e-84a1316cb1b0: shutdown FollowerState
2019-08-28 20:36:17,838 [StateMachineUpdater:2e1e3d81-b170-4e8b-b1cd-cb6f18d4d582:group-36B9E80EE561] INFO  ratis.ContainerStateMachine (ContainerStateMachine.java:takeSnapshot(284)) - group-36B9E80EE561: Taking a snapshot at:(t:1, i:6) file /workdir/hadoop-ozone/integration-test/target/test-dir/MiniOzoneClusterImpl-53cd5f02-19c6-4d92-85a0-fac408bf1129/datanode-4/data/ratis/4071187d-a185-4806-a54c-36b9e80ee561/sm/snapshot.1_6
2019-08-28 20:36:17,838 [Thread-4108] INFO  impl.FollowerState (FollowerState.java:run(114)) - 2e1e3d81-b170-4e8b-b1cd-cb6f18d4d582: FollowerState was interrupted: java.lang.InterruptedException: sleep interrupted
2019-08-28 20:36:17,838 [main] INFO  impl.StateMachineUpdater (StateMachineUpdater.java:stopAndJoin(115)) - StateMachineUpdater:2e1e3d81-b170-4e8b-b1cd-cb6f18d4d582:group-36B9E80EE561: set stopIndex = 6
2019-08-28 20:36:17,838 [Thread-4109] INFO  impl.FollowerState (FollowerState.java:run(114)) - e672058b-42e1-47c3-897e-84a1316cb1b0: FollowerState was interrupted: java.lang.InterruptedException: sleep interrupted
2019-08-28 20:36:17,838 [StateMachineUpdater:e672058b-42e1-47c3-897e-84a1316cb1b0:group-36B9E80EE561] INFO  ratis.ContainerStateMachine (ContainerStateMachine.java:takeSnapshot(284)) - group-36B9E80EE561: Taking a snapshot at:(t:1, i:6) file /workdir/hadoop-ozone/integration-test/target/test-dir/MiniOzoneClusterImpl-53cd5f02-19c6-4d92-85a0-fac408bf1129/datanode-1/data/ratis/4071187d-a185-4806-a54c-36b9e80ee561/sm/snapshot.1_6
2019-08-28 20:36:17,838 [ForkJoinPool.commonPool-worker-0] INFO  impl.StateMachineUpdater (StateMachineUpdater.java:stopAndJoin(115)) - StateMachineUpdater:e672058b-42e1-47c3-897e-84a1316cb1b0:group-36B9E80EE561: set stopIndex = 6
2019-08-28 20:36:17,865 [StateMachineUpdater:e672058b-42e1-47c3-897e-84a1316cb1b0:group-36B9E80EE561] INFO  ratis.ContainerStateMachine (ContainerStateMachine.java:takeSnapshot(295)) - group-36B9E80EE561: Finished taking a snapshot at:(t:1, i:6) file:/workdir/hadoop-ozone/integration-test/target/test-dir/MiniOzoneClusterImpl-53cd5f02-19c6-4d92-85a0-fac408bf1129/datanode-1/data/ratis/4071187d-a185-4806-a54c-36b9e80ee561/sm/snapshot.1_6 time:27
2019-08-28 20:36:17,865 [StateMachineUpdater:2e1e3d81-b170-4e8b-b1cd-cb6f18d4d582:group-36B9E80EE561] INFO  ratis.ContainerStateMachine (ContainerStateMachine.java:takeSnapshot(295)) - group-36B9E80EE561: Finished taking a snapshot at:(t:1, i:6) file:/workdir/hadoop-ozone/integration-test/target/test-dir/MiniOzoneClusterImpl-53cd5f02-19c6-4d92-85a0-fac408bf1129/datanode-4/data/ratis/4071187d-a185-4806-a54c-36b9e80ee561/sm/snapshot.1_6 time:27
2019-08-28 20:36:17,865 [StateMachineUpdater:e672058b-42e1-47c3-897e-84a1316cb1b0:group-36B9E80EE561] INFO  impl.StateMachineUpdater (StateMachineUpdater.java:takeSnapshot(242)) - StateMachineUpdater:e672058b-42e1-47c3-897e-84a1316cb1b0:group-36B9E80EE561: Took a snapshot at index 6
2019-08-28 20:36:17,865 [StateMachineUpdater:2e1e3d81-b170-4e8b-b1cd-cb6f18d4d582:group-36B9E80EE561] INFO  impl.StateMachineUpdater (StateMachineUpdater.java:takeSnapshot(242)) - StateMachineUpdater:2e1e3d81-b170-4e8b-b1cd-cb6f18d4d582:group-36B9E80EE561: Took a snapshot at index 6
2019-08-28 20:36:17,865 [StateMachineUpdater:e672058b-42e1-47c3-897e-84a1316cb1b0:group-36B9E80EE561] INFO  impl.StateMachineUpdater (StateMachineUpdater.java:lambda$new$0(80)) - StateMachineUpdater:e672058b-42e1-47c3-897e-84a1316cb1b0:group-36B9E80EE561: snapshotIndex: updateIncreasingly -1 -> 6
2019-08-28 20:36:17,866 [StateMachineUpdater:2e1e3d81-b170-4e8b-b1cd-cb6f18d4d582:group-36B9E80EE561] INFO  impl.StateMachineUpdater (StateMachineUpdater.java:lambda$new$0(80)) - StateMachineUpdater:2e1e3d81-b170-4e8b-b1cd-cb6f18d4d582:group-36B9E80EE561: snapshotIndex: updateIncreasingly -1 -> 6
2019-08-28 20:36:17,866 [main] INFO  impl.RaftServerImpl (ServerState.java:close(394)) - 2e1e3d81-b170-4e8b-b1cd-cb6f18d4d582:group-36B9E80EE561 closes. The last applied log index is 6
2019-08-28 20:36:17,866 [ForkJoinPool.commonPool-worker-0] INFO  impl.RaftServerImpl (ServerState.java:close(394)) - e672058b-42e1-47c3-897e-84a1316cb1b0:group-36B9E80EE561 closes. The last applied log index is 6
2019-08-28 20:36:17,867 [2e1e3d81-b170-4e8b-b1cd-cb6f18d4d582-SegmentedRaftLogWorker:Storage Directory /workdir/hadoop-ozone/integration-test/target/test-dir/MiniOzoneClusterImpl-53cd5f02-19c6-4d92-85a0-fac408bf1129/datanode-4/data/ratis/4071187d-a185-4806-a54c-36b9e80ee561] INFO  segmented.SegmentedRaftLogWorker (SegmentedRaftLogWorker.java:run(313)) - 2e1e3d81-b170-4e8b-b1cd-cb6f18d4d582-SegmentedRaftLogWorker:Storage Directory /workdir/hadoop-ozone/integration-test/target/test-dir/MiniOzoneClusterImpl-53cd5f02-19c6-4d92-85a0-fac408bf1129/datanode-4/data/ratis/4071187d-a185-4806-a54c-36b9e80ee561 was interrupted, exiting. There are 0 tasks remaining in the queue.
2019-08-28 20:36:17,867 [e672058b-42e1-47c3-897e-84a1316cb1b0-SegmentedRaftLogWorker:Storage Directory /workdir/hadoop-ozone/integration-test/target/test-dir/MiniOzoneClusterImpl-53cd5f02-19c6-4d92-85a0-fac408bf1129/datanode-1/data/ratis/4071187d-a185-4806-a54c-36b9e80ee561] INFO  segmented.SegmentedRaftLogWorker (SegmentedRaftLogWorker.java:run(313)) - e672058b-42e1-47c3-897e-84a1316cb1b0-SegmentedRaftLogWorker:Storage Directory /workdir/hadoop-ozone/integration-test/target/test-dir/MiniOzoneClusterImpl-53cd5f02-19c6-4d92-85a0-fac408bf1129/datanode-1/data/ratis/4071187d-a185-4806-a54c-36b9e80ee561 was interrupted, exiting. There are 0 tasks remaining in the queue.
2019-08-28 20:36:17,872 [ForkJoinPool.commonPool-worker-0] INFO  segmented.SegmentedRaftLogWorker (SegmentedRaftLogWorker.java:close(228)) - e672058b-42e1-47c3-897e-84a1316cb1b0-SegmentedRaftLogWorker:Storage Directory /workdir/hadoop-ozone/integration-test/target/test-dir/MiniOzoneClusterImpl-53cd5f02-19c6-4d92-85a0-fac408bf1129/datanode-1/data/ratis/4071187d-a185-4806-a54c-36b9e80ee561 close()
2019-08-28 20:36:17,872 [main] INFO  segmented.SegmentedRaftLogWorker (SegmentedRaftLogWorker.java:close(228)) - 2e1e3d81-b170-4e8b-b1cd-cb6f18d4d582-SegmentedRaftLogWorker:Storage Directory /workdir/hadoop-ozone/integration-test/target/test-dir/MiniOzoneClusterImpl-53cd5f02-19c6-4d92-85a0-fac408bf1129/datanode-4/data/ratis/4071187d-a185-4806-a54c-36b9e80ee561 close()
2019-08-28 20:36:17,877 [ForkJoinPool.commonPool-worker-0] INFO  impl.RaftServerImpl (RaftServerImpl.java:lambda$shutdown$3(245)) - e672058b-42e1-47c3-897e-84a1316cb1b0: shutdown group-80BDAB98C518
2019-08-28 20:36:17,882 [main] INFO  impl.RaftServerImpl (RaftServerImpl.java:lambda$shutdown$3(245)) - 2e1e3d81-b170-4e8b-b1cd-cb6f18d4d582: shutdown group-836378337FB6
2019-08-28 20:36:17,882 [ForkJoinPool.commonPool-worker-0] INFO  util.JmxRegister (JmxRegister.java:unregister(73)) - Successfully un-registered JMX Bean with object name Ratis:service=RaftServer,group=group-80BDAB98C518,id=e672058b-42e1-47c3-897e-84a1316cb1b0
2019-08-28 20:36:17,882 [main] INFO  util.JmxRegister (JmxRegister.java:unregister(73)) - Successfully un-registered JMX Bean with object name Ratis:service=RaftServer,group=group-836378337FB6,id=2e1e3d81-b170-4e8b-b1cd-cb6f18d4d582
2019-08-28 20:36:17,883 [main] INFO  impl.RoleInfo (RoleInfo.java:shutdownLeaderState(104)) - 2e1e3d81-b170-4e8b-b1cd-cb6f18d4d582: shutdown LeaderState
2019-08-28 20:36:17,883 [ForkJoinPool.commonPool-worker-0] INFO  impl.RoleInfo (RoleInfo.java:shutdownLeaderState(104)) - e672058b-42e1-47c3-897e-84a1316cb1b0: shutdown LeaderState
2019-08-28 20:36:17,883 [main] INFO  impl.PendingRequests (PendingRequests.java:sendNotLeaderResponses(202)) - 2e1e3d81-b170-4e8b-b1cd-cb6f18d4d582-PendingRequests: sendNotLeaderResponses
2019-08-28 20:36:17,884 [ForkJoinPool.commonPool-worker-0] INFO  impl.PendingRequests (PendingRequests.java:sendNotLeaderResponses(202)) - e672058b-42e1-47c3-897e-84a1316cb1b0-PendingRequests: sendNotLeaderResponses
2019-08-28 20:36:17,884 [main] INFO  impl.StateMachineUpdater (StateMachineUpdater.java:stopAndJoin(115)) - StateMachineUpdater:2e1e3d81-b170-4e8b-b1cd-cb6f18d4d582:group-836378337FB6: set stopIndex = 0
2019-08-28 20:36:17,885 [ForkJoinPool.commonPool-worker-0] INFO  impl.StateMachineUpdater (StateMachineUpdater.java:stopAndJoin(115)) - StateMachineUpdater:e672058b-42e1-47c3-897e-84a1316cb1b0:group-80BDAB98C518: set stopIndex = 0
2019-08-28 20:36:17,885 [main] INFO  impl.RaftServerImpl (ServerState.java:close(394)) - 2e1e3d81-b170-4e8b-b1cd-cb6f18d4d582:group-836378337FB6 closes. The last applied log index is 0
2019-08-28 20:36:17,885 [ForkJoinPool.commonPool-worker-0] INFO  impl.RaftServerImpl (ServerState.java:close(394)) - e672058b-42e1-47c3-897e-84a1316cb1b0:group-80BDAB98C518 closes. The last applied log index is 0
2019-08-28 20:36:17,886 [2e1e3d81-b170-4e8b-b1cd-cb6f18d4d582-SegmentedRaftLogWorker:Storage Directory /workdir/hadoop-ozone/integration-test/target/test-dir/MiniOzoneClusterImpl-53cd5f02-19c6-4d92-85a0-fac408bf1129/datanode-4/data/ratis/ab8aba19-5ee3-43e3-a9ad-836378337fb6] INFO  segmented.SegmentedRaftLogWorker (SegmentedRaftLogWorker.java:run(313)) - 2e1e3d81-b170-4e8b-b1cd-cb6f18d4d582-SegmentedRaftLogWorker:Storage Directory /workdir/hadoop-ozone/integration-test/target/test-dir/MiniOzoneClusterImpl-53cd5f02-19c6-4d92-85a0-fac408bf1129/datanode-4/data/ratis/ab8aba19-5ee3-43e3-a9ad-836378337fb6 was interrupted, exiting. There are 0 tasks remaining in the queue.
2019-08-28 20:36:17,886 [e672058b-42e1-47c3-897e-84a1316cb1b0-SegmentedRaftLogWorker:Storage Directory /workdir/hadoop-ozone/integration-test/target/test-dir/MiniOzoneClusterImpl-53cd5f02-19c6-4d92-85a0-fac408bf1129/datanode-1/data/ratis/39d05966-bd02-48fa-878e-80bdab98c518] INFO  segmented.SegmentedRaftLogWorker (SegmentedRaftLogWorker.java:run(313)) - e672058b-42e1-47c3-897e-84a1316cb1b0-SegmentedRaftLogWorker:Storage Directory /workdir/hadoop-ozone/integration-test/target/test-dir/MiniOzoneClusterImpl-53cd5f02-19c6-4d92-85a0-fac408bf1129/datanode-1/data/ratis/39d05966-bd02-48fa-878e-80bdab98c518 was interrupted, exiting. There are 0 tasks remaining in the queue.
2019-08-28 20:36:17,889 [main] INFO  segmented.SegmentedRaftLogWorker (SegmentedRaftLogWorker.java:close(228)) - 2e1e3d81-b170-4e8b-b1cd-cb6f18d4d582-SegmentedRaftLogWorker:Storage Directory /workdir/hadoop-ozone/integration-test/target/test-dir/MiniOzoneClusterImpl-53cd5f02-19c6-4d92-85a0-fac408bf1129/datanode-4/data/ratis/ab8aba19-5ee3-43e3-a9ad-836378337fb6 close()
2019-08-28 20:36:17,891 [ForkJoinPool.commonPool-worker-0] INFO  segmented.SegmentedRaftLogWorker (SegmentedRaftLogWorker.java:close(228)) - e672058b-42e1-47c3-897e-84a1316cb1b0-SegmentedRaftLogWorker:Storage Directory /workdir/hadoop-ozone/integration-test/target/test-dir/MiniOzoneClusterImpl-53cd5f02-19c6-4d92-85a0-fac408bf1129/datanode-1/data/ratis/39d05966-bd02-48fa-878e-80bdab98c518 close()
2019-08-28 20:36:17,896 [main] INFO  server.GrpcService (GrpcService.java:closeImpl(155)) - 2e1e3d81-b170-4e8b-b1cd-cb6f18d4d582: shutdown server with port 44898 now
2019-08-28 20:36:17,900 [ForkJoinPool.commonPool-worker-0] INFO  server.GrpcService (GrpcService.java:closeImpl(155)) - e672058b-42e1-47c3-897e-84a1316cb1b0: shutdown server with port 40060 now
2019-08-28 20:36:17,901 [grpc-default-executor-8] WARN  server.GrpcServerProtocolService (LogUtils.java:warn(134)) - e672058b-42e1-47c3-897e-84a1316cb1b0: appendEntries onError: org.apache.ratis.thirdparty.io.grpc.StatusRuntimeException: CANCELLED: cancelled before receiving half close
2019-08-28 20:36:17,902 [grpc-default-executor-11] WARN  server.GrpcServerProtocolService (LogUtils.java:warn(134)) - 2e1e3d81-b170-4e8b-b1cd-cb6f18d4d582: appendEntries onError: org.apache.ratis.thirdparty.io.grpc.StatusRuntimeException: CANCELLED: cancelled before receiving half close
2019-08-28 20:36:17,902 [ForkJoinPool.commonPool-worker-0] INFO  server.GrpcService (GrpcService.java:closeImpl(163)) - e672058b-42e1-47c3-897e-84a1316cb1b0: shutdown server with port 40060 successfully
2019-08-28 20:36:17,902 [grpc-default-executor-8] WARN  server.GrpcLogAppender (LogUtils.java:warn(134)) - 3a675652-5de2-4019-bb1c-a11f6907c77c->e672058b-42e1-47c3-897e-84a1316cb1b0: Failed appendEntries: org.apache.ratis.thirdparty.io.grpc.StatusRuntimeException: CANCELLED: HTTP/2 error code: CANCEL
Received Rst Stream
2019-08-28 20:36:17,903 | INFO  | SCMAudit | user=jenkins1000 | ip=192.168.5.177 | op=SEND_HEARTBEAT {datanodeUUID=3a675652-5de2-4019-bb1c-a11f6907c77c, command=[commandType: closeContainerCommand closeContainerCommandProto { containerID: 1 pipelineID { id: "4071187d-a185-4806-a54c-36b9e80ee561" } cmdId: 1 force: false } ]} | ret=SUCCESS |  
2019-08-28 20:36:17,902 [main] INFO  server.GrpcService (GrpcService.java:closeImpl(163)) - 2e1e3d81-b170-4e8b-b1cd-cb6f18d4d582: shutdown server with port 44898 successfully
2019-08-28 20:36:17,903 [grpc-default-executor-8] INFO  impl.FollowerInfo (FollowerInfo.java:lambda$new$0(50)) - 3a675652-5de2-4019-bb1c-a11f6907c77c->e672058b-42e1-47c3-897e-84a1316cb1b0: nextIndex: updateUnconditionally 7 -> 6
2019-08-28 20:36:17,903 [grpc-default-executor-12] WARN  server.GrpcLogAppender (LogUtils.java:warn(134)) - 3a675652-5de2-4019-bb1c-a11f6907c77c->2e1e3d81-b170-4e8b-b1cd-cb6f18d4d582: Failed appendEntries: org.apache.ratis.thirdparty.io.grpc.StatusRuntimeException: CANCELLED: HTTP/2 error code: CANCEL
Received Rst Stream
2019-08-28 20:36:17,904 [grpc-default-executor-12] INFO  impl.FollowerInfo (FollowerInfo.java:lambda$new$0(50)) - 3a675652-5de2-4019-bb1c-a11f6907c77c->2e1e3d81-b170-4e8b-b1cd-cb6f18d4d582: nextIndex: updateUnconditionally 7 -> 6
2019-08-28 20:36:17,905 [refreshUsed-/workdir/hadoop-ozone/integration-test/target/test-dir/MiniOzoneClusterImpl-53cd5f02-19c6-4d92-85a0-fac408bf1129/datanode-1/data/containers] WARN  fs.CachingGetSpaceUsed (CachingGetSpaceUsed.java:run(183)) - Thread Interrupted waiting to refresh disk information: sleep interrupted
2019-08-28 20:36:17,908 [refreshUsed-/workdir/hadoop-ozone/integration-test/target/test-dir/MiniOzoneClusterImpl-53cd5f02-19c6-4d92-85a0-fac408bf1129/datanode-4/data/containers] WARN  fs.CachingGetSpaceUsed (CachingGetSpaceUsed.java:run(183)) - Thread Interrupted waiting to refresh disk information: sleep interrupted
2019-08-28 20:36:17,930 [main] INFO  utils.BackgroundService (BackgroundService.java:shutdown(148)) - Shutting down service BlockDeletingService
2019-08-28 20:36:17,946 [main] INFO  statemachine.DatanodeStateMachine (DatanodeStateMachine.java:stopDaemon(395)) - Ozone container server stopped.
2019-08-28 20:36:17,947 [main] INFO  handler.ContextHandler (ContextHandler.java:doStop(910)) - Stopped o.e.j.w.WebAppContext@5a3cf878{/,null,UNAVAILABLE}{/hddsDatanode}
2019-08-28 20:36:17,947 [ForkJoinPool.commonPool-worker-0] INFO  utils.BackgroundService (BackgroundService.java:shutdown(148)) - Shutting down service BlockDeletingService
2019-08-28 20:36:17,948 [main] INFO  server.AbstractConnector (AbstractConnector.java:doStop(318)) - Stopped ServerConnector@1d2d8846{HTTP/1.1,[http/1.1]}{0.0.0.0:0}
2019-08-28 20:36:17,950 [ForkJoinPool.commonPool-worker-0] INFO  statemachine.DatanodeStateMachine (DatanodeStateMachine.java:stopDaemon(395)) - Ozone container server stopped.
2019-08-28 20:36:17,951 [main] INFO  handler.ContextHandler (ContextHandler.java:doStop(910)) - Stopped o.e.j.s.ServletContextHandler@3c16528d{/static,jar:file:/home/user/.m2/repository/org/apache/hadoop/hadoop-hdds-container-service/0.5.0-SNAPSHOT/hadoop-hdds-container-service-0.5.0-SNAPSHOT.jar!/webapps/static,UNAVAILABLE}
2019-08-28 20:36:17,954 [main] INFO  handler.ContextHandler (ContextHandler.java:doStop(910)) - Stopped o.e.j.s.ServletContextHandler@1b31af02{/logs,file:///workdir/hadoop-ozone/integration-test/target/log,UNAVAILABLE}
2019-08-28 20:36:17,955 [ForkJoinPool.commonPool-worker-0] INFO  handler.ContextHandler (ContextHandler.java:doStop(910)) - Stopped o.e.j.w.WebAppContext@6826b70f{/,null,UNAVAILABLE}{/hddsDatanode}
2019-08-28 20:36:17,956 [ForkJoinPool.commonPool-worker-0] INFO  server.AbstractConnector (AbstractConnector.java:doStop(318)) - Stopped ServerConnector@4df7d9ee{HTTP/1.1,[http/1.1]}{0.0.0.0:0}
2019-08-28 20:36:17,961 [ForkJoinPool.commonPool-worker-0] INFO  handler.ContextHandler (ContextHandler.java:doStop(910)) - Stopped o.e.j.s.ServletContextHandler@67763ebe{/static,jar:file:/home/user/.m2/repository/org/apache/hadoop/hadoop-hdds-container-service/0.5.0-SNAPSHOT/hadoop-hdds-container-service-0.5.0-SNAPSHOT.jar!/webapps/static,UNAVAILABLE}
2019-08-28 20:36:17,962 [ForkJoinPool.commonPool-worker-0] INFO  handler.ContextHandler (ContextHandler.java:doStop(910)) - Stopped o.e.j.s.ServletContextHandler@25567581{/logs,file:///workdir/hadoop-ozone/integration-test/target/log,UNAVAILABLE}
2019-08-28 20:36:18,527 | INFO  | SCMAudit | user=jenkins1000 | ip=192.168.5.177 | op=SEND_HEARTBEAT {datanodeUUID=0f3aefe0-192d-4dd1-8b69-25e558fe3111, command=[]} | ret=SUCCESS |  
2019-08-28 20:36:18,621 | INFO  | SCMAudit | user=jenkins1000 | ip=192.168.5.177 | op=SEND_HEARTBEAT {datanodeUUID=c5b9be6c-9c2e-4a02-a7ba-e3f0b513e1ab, command=[]} | ret=SUCCESS |  
2019-08-28 20:36:18,651 | INFO  | SCMAudit | user=jenkins1000 | ip=192.168.5.177 | op=SEND_HEARTBEAT {datanodeUUID=937d6d9e-d3c6-4b74-8a6d-7afbbf2178d6, command=[]} | ret=SUCCESS |  
2019-08-28 20:36:18,652 [Datanode State Machine Thread - 0] INFO  statemachine.DatanodeStateMachine (DatanodeStateMachine.java:lambda$startDaemon$0(350)) - Ozone container server started.
2019-08-28 20:36:18,901 [Datanode State Machine Thread - 0] INFO  statemachine.DatanodeStateMachine (DatanodeStateMachine.java:lambda$startDaemon$0(350)) - Ozone container server started.
2019-08-28 20:36:19,527 | INFO  | SCMAudit | user=jenkins1000 | ip=192.168.5.177 | op=SEND_HEARTBEAT {datanodeUUID=0f3aefe0-192d-4dd1-8b69-25e558fe3111, command=[]} | ret=SUCCESS |  
2019-08-28 20:36:19,621 | INFO  | SCMAudit | user=jenkins1000 | ip=192.168.5.177 | op=SEND_HEARTBEAT {datanodeUUID=c5b9be6c-9c2e-4a02-a7ba-e3f0b513e1ab, command=[]} | ret=SUCCESS |  
2019-08-28 20:36:19,651 | INFO  | SCMAudit | user=jenkins1000 | ip=192.168.5.177 | op=SEND_HEARTBEAT {datanodeUUID=937d6d9e-d3c6-4b74-8a6d-7afbbf2178d6, command=[]} | ret=SUCCESS |  
2019-08-28 20:36:19,776 [grpc-default-executor-12] WARN  server.GrpcLogAppender (LogUtils.java:warn(134)) - 3a675652-5de2-4019-bb1c-a11f6907c77c->2e1e3d81-b170-4e8b-b1cd-cb6f18d4d582: Failed appendEntries: org.apache.ratis.thirdparty.io.grpc.StatusRuntimeException: UNAVAILABLE: io exception
2019-08-28 20:36:19,776 [grpc-default-executor-8] WARN  server.GrpcLogAppender (LogUtils.java:warn(134)) - 3a675652-5de2-4019-bb1c-a11f6907c77c->e672058b-42e1-47c3-897e-84a1316cb1b0: Failed appendEntries: org.apache.ratis.thirdparty.io.grpc.StatusRuntimeException: UNAVAILABLE: io exception
2019-08-28 20:36:19,776 [grpc-default-executor-12] INFO  impl.FollowerInfo (FollowerInfo.java:lambda$new$0(50)) - 3a675652-5de2-4019-bb1c-a11f6907c77c->2e1e3d81-b170-4e8b-b1cd-cb6f18d4d582: nextIndex: updateUnconditionally 6 -> 5
2019-08-28 20:36:19,776 [grpc-default-executor-8] INFO  impl.FollowerInfo (FollowerInfo.java:lambda$new$0(50)) - 3a675652-5de2-4019-bb1c-a11f6907c77c->e672058b-42e1-47c3-897e-84a1316cb1b0: nextIndex: updateUnconditionally 6 -> 5
2019-08-28 20:36:20,527 | INFO  | SCMAudit | user=jenkins1000 | ip=192.168.5.177 | op=SEND_HEARTBEAT {datanodeUUID=0f3aefe0-192d-4dd1-8b69-25e558fe3111, command=[]} | ret=SUCCESS |  
2019-08-28 20:36:20,621 | INFO  | SCMAudit | user=jenkins1000 | ip=192.168.5.177 | op=SEND_HEARTBEAT {datanodeUUID=c5b9be6c-9c2e-4a02-a7ba-e3f0b513e1ab, command=[]} | ret=SUCCESS |  
2019-08-28 20:36:20,651 | INFO  | SCMAudit | user=jenkins1000 | ip=192.168.5.177 | op=SEND_HEARTBEAT {datanodeUUID=937d6d9e-d3c6-4b74-8a6d-7afbbf2178d6, command=[]} | ret=SUCCESS |  
2019-08-28 20:36:21,527 | INFO  | SCMAudit | user=jenkins1000 | ip=192.168.5.177 | op=SEND_HEARTBEAT {datanodeUUID=0f3aefe0-192d-4dd1-8b69-25e558fe3111, command=[]} | ret=SUCCESS |  
2019-08-28 20:36:21,621 | INFO  | SCMAudit | user=jenkins1000 | ip=192.168.5.177 | op=SEND_HEARTBEAT {datanodeUUID=c5b9be6c-9c2e-4a02-a7ba-e3f0b513e1ab, command=[]} | ret=SUCCESS |  
2019-08-28 20:36:21,651 | INFO  | SCMAudit | user=jenkins1000 | ip=192.168.5.177 | op=SEND_HEARTBEAT {datanodeUUID=937d6d9e-d3c6-4b74-8a6d-7afbbf2178d6, command=[]} | ret=SUCCESS |  
2019-08-28 20:36:22,276 [grpc-default-executor-10] WARN  server.GrpcLogAppender (LogUtils.java:warn(134)) - 3a675652-5de2-4019-bb1c-a11f6907c77c->e672058b-42e1-47c3-897e-84a1316cb1b0: Failed appendEntries: org.apache.ratis.thirdparty.io.grpc.StatusRuntimeException: UNAVAILABLE: io exception
2019-08-28 20:36:22,276 [grpc-default-executor-9] WARN  server.GrpcLogAppender (LogUtils.java:warn(134)) - 3a675652-5de2-4019-bb1c-a11f6907c77c->2e1e3d81-b170-4e8b-b1cd-cb6f18d4d582: Failed appendEntries: org.apache.ratis.thirdparty.io.grpc.StatusRuntimeException: UNAVAILABLE: io exception
2019-08-28 20:36:22,276 [grpc-default-executor-10] INFO  impl.FollowerInfo (FollowerInfo.java:lambda$new$0(50)) - 3a675652-5de2-4019-bb1c-a11f6907c77c->e672058b-42e1-47c3-897e-84a1316cb1b0: nextIndex: updateUnconditionally 5 -> 4
2019-08-28 20:36:22,277 [grpc-default-executor-9] INFO  impl.FollowerInfo (FollowerInfo.java:lambda$new$0(50)) - 3a675652-5de2-4019-bb1c-a11f6907c77c->2e1e3d81-b170-4e8b-b1cd-cb6f18d4d582: nextIndex: updateUnconditionally 5 -> 4
2019-08-28 20:36:22,527 | INFO  | SCMAudit | user=jenkins1000 | ip=192.168.5.177 | op=SEND_HEARTBEAT {datanodeUUID=0f3aefe0-192d-4dd1-8b69-25e558fe3111, command=[]} | ret=SUCCESS |  
2019-08-28 20:36:22,621 | INFO  | SCMAudit | user=jenkins1000 | ip=192.168.5.177 | op=SEND_HEARTBEAT {datanodeUUID=c5b9be6c-9c2e-4a02-a7ba-e3f0b513e1ab, command=[]} | ret=SUCCESS |  
2019-08-28 20:36:22,651 | INFO  | SCMAudit | user=jenkins1000 | ip=192.168.5.177 | op=SEND_HEARTBEAT {datanodeUUID=937d6d9e-d3c6-4b74-8a6d-7afbbf2178d6, command=[]} | ret=SUCCESS |  
2019-08-28 20:36:22,751 [EventQueue-StaleNodeForStaleNodeHandler] INFO  node.StaleNodeHandler (StaleNodeHandler.java:onMessage(58)) - Datanode 593f8111-8960-43bd-a0b5-5a0ee5e7a443{ip: 192.168.5.177, host: pr-hdds-2051-mwr8n-2748524799, networkLocation: /default-rack, certSerialId: null} moved to stale state. Finalizing its pipelines [PipelineID=481d7f33-2f59-487a-a1cd-ea6121ea6ecf, PipelineID=b0a061a5-cfe4-4a30-842b-f7200fd621a1]
2019-08-28 20:36:22,751 [EventQueue-StaleNodeForStaleNodeHandler] INFO  pipeline.SCMPipelineManager (SCMPipelineManager.java:finalizeAndDestroyPipeline(309)) - destroying pipeline:Pipeline[ Id: 481d7f33-2f59-487a-a1cd-ea6121ea6ecf, Nodes: 593f8111-8960-43bd-a0b5-5a0ee5e7a443{ip: 192.168.5.177, host: pr-hdds-2051-mwr8n-2748524799, networkLocation: /default-rack, certSerialId: null}, Type:RATIS, Factor:ONE, State:OPEN]
2019-08-28 20:36:22,752 [EventQueue-StaleNodeForStaleNodeHandler] INFO  pipeline.PipelineStateManager (PipelineStateManager.java:finalizePipeline(123)) - Pipeline Pipeline[ Id: 481d7f33-2f59-487a-a1cd-ea6121ea6ecf, Nodes: 593f8111-8960-43bd-a0b5-5a0ee5e7a443{ip: 192.168.5.177, host: pr-hdds-2051-mwr8n-2748524799, networkLocation: /default-rack, certSerialId: null}, Type:RATIS, Factor:ONE, State:CLOSED] moved to CLOSED state
2019-08-28 20:36:22,752 [EventQueue-StaleNodeForStaleNodeHandler] INFO  pipeline.SCMPipelineManager (SCMPipelineManager.java:finalizeAndDestroyPipeline(309)) - destroying pipeline:Pipeline[ Id: b0a061a5-cfe4-4a30-842b-f7200fd621a1, Nodes: 937d6d9e-d3c6-4b74-8a6d-7afbbf2178d6{ip: 192.168.5.177, host: pr-hdds-2051-mwr8n-2748524799, networkLocation: /default-rack, certSerialId: null}c5b9be6c-9c2e-4a02-a7ba-e3f0b513e1ab{ip: 192.168.5.177, host: pr-hdds-2051-mwr8n-2748524799, networkLocation: /default-rack, certSerialId: null}593f8111-8960-43bd-a0b5-5a0ee5e7a443{ip: 192.168.5.177, host: pr-hdds-2051-mwr8n-2748524799, networkLocation: /default-rack, certSerialId: null}, Type:RATIS, Factor:THREE, State:OPEN]
2019-08-28 20:36:22,752 [EventQueue-StaleNodeForStaleNodeHandler] INFO  pipeline.PipelineStateManager (PipelineStateManager.java:finalizePipeline(123)) - Pipeline Pipeline[ Id: b0a061a5-cfe4-4a30-842b-f7200fd621a1, Nodes: 937d6d9e-d3c6-4b74-8a6d-7afbbf2178d6{ip: 192.168.5.177, host: pr-hdds-2051-mwr8n-2748524799, networkLocation: /default-rack, certSerialId: null}c5b9be6c-9c2e-4a02-a7ba-e3f0b513e1ab{ip: 192.168.5.177, host: pr-hdds-2051-mwr8n-2748524799, networkLocation: /default-rack, certSerialId: null}593f8111-8960-43bd-a0b5-5a0ee5e7a443{ip: 192.168.5.177, host: pr-hdds-2051-mwr8n-2748524799, networkLocation: /default-rack, certSerialId: null}, Type:RATIS, Factor:THREE, State:CLOSED] moved to CLOSED state
2019-08-28 20:36:22,752 [EventQueue-CloseContainerForCloseContainerEventHandler] INFO  container.CloseContainerEventHandler (CloseContainerEventHandler.java:onMessage(61)) - Close container Event triggered for container : #2
2019-08-28 20:36:22,951 [EventQueue-StaleNodeForStaleNodeHandler] INFO  node.StaleNodeHandler (StaleNodeHandler.java:onMessage(58)) - Datanode 3a675652-5de2-4019-bb1c-a11f6907c77c{ip: 192.168.5.177, host: pr-hdds-2051-mwr8n-2748524799, networkLocation: /default-rack, certSerialId: null} moved to stale state. Finalizing its pipelines [PipelineID=4071187d-a185-4806-a54c-36b9e80ee561, PipelineID=a687f201-e2e4-401d-b1e5-3878b481e1c5]
2019-08-28 20:36:22,952 [EventQueue-StaleNodeForStaleNodeHandler] INFO  pipeline.SCMPipelineManager (SCMPipelineManager.java:finalizeAndDestroyPipeline(309)) - destroying pipeline:Pipeline[ Id: 4071187d-a185-4806-a54c-36b9e80ee561, Nodes: 2e1e3d81-b170-4e8b-b1cd-cb6f18d4d582{ip: 192.168.5.177, host: pr-hdds-2051-mwr8n-2748524799, networkLocation: /default-rack, certSerialId: null}3a675652-5de2-4019-bb1c-a11f6907c77c{ip: 192.168.5.177, host: pr-hdds-2051-mwr8n-2748524799, networkLocation: /default-rack, certSerialId: null}e672058b-42e1-47c3-897e-84a1316cb1b0{ip: 192.168.5.177, host: pr-hdds-2051-mwr8n-2748524799, networkLocation: /default-rack, certSerialId: null}, Type:RATIS, Factor:THREE, State:CLOSED]
2019-08-28 20:36:22,952 [EventQueue-StaleNodeForStaleNodeHandler] INFO  pipeline.SCMPipelineManager (SCMPipelineManager.java:finalizeAndDestroyPipeline(309)) - destroying pipeline:Pipeline[ Id: a687f201-e2e4-401d-b1e5-3878b481e1c5, Nodes: 3a675652-5de2-4019-bb1c-a11f6907c77c{ip: 192.168.5.177, host: pr-hdds-2051-mwr8n-2748524799, networkLocation: /default-rack, certSerialId: null}, Type:RATIS, Factor:ONE, State:OPEN]
2019-08-28 20:36:22,952 [EventQueue-StaleNodeForStaleNodeHandler] INFO  pipeline.PipelineStateManager (PipelineStateManager.java:finalizePipeline(123)) - Pipeline Pipeline[ Id: a687f201-e2e4-401d-b1e5-3878b481e1c5, Nodes: 3a675652-5de2-4019-bb1c-a11f6907c77c{ip: 192.168.5.177, host: pr-hdds-2051-mwr8n-2748524799, networkLocation: /default-rack, certSerialId: null}, Type:RATIS, Factor:ONE, State:CLOSED] moved to CLOSED state
2019-08-28 20:36:22,957 [main] INFO  ozoneimpl.OzoneContainer (OzoneContainer.java:stop(215)) - Attempting to stop container services.
2019-08-28 20:36:22,957 [main] INFO  impl.RaftServerProxy (RaftServerProxy.java:lambda$close$4(314)) - 3a675652-5de2-4019-bb1c-a11f6907c77c: close
2019-08-28 20:36:22,958 [main] INFO  impl.RaftServerImpl (RaftServerImpl.java:lambda$shutdown$3(245)) - 3a675652-5de2-4019-bb1c-a11f6907c77c: shutdown group-36B9E80EE561
2019-08-28 20:36:22,958 [main] INFO  util.JmxRegister (JmxRegister.java:unregister(73)) - Successfully un-registered JMX Bean with object name Ratis:service=RaftServer,group=group-36B9E80EE561,id=3a675652-5de2-4019-bb1c-a11f6907c77c
2019-08-28 20:36:22,959 [main] INFO  impl.RoleInfo (RoleInfo.java:shutdownLeaderState(104)) - 3a675652-5de2-4019-bb1c-a11f6907c77c: shutdown LeaderState
2019-08-28 20:36:22,964 [main] INFO  impl.PendingRequests (PendingRequests.java:sendNotLeaderResponses(202)) - 3a675652-5de2-4019-bb1c-a11f6907c77c-PendingRequests: sendNotLeaderResponses
2019-08-28 20:36:22,965 [ForkJoinPool.commonPool-worker-0] INFO  ozoneimpl.OzoneContainer (OzoneContainer.java:stop(215)) - Attempting to stop container services.
2019-08-28 20:36:22,964 [org.apache.ratis.server.impl.LogAppender$AppenderDaemon$$Lambda$507/1310115435@1ae70ea5] WARN  server.GrpcLogAppender (GrpcLogAppender.java:mayWait(143)) - GrpcLogAppender(3a675652-5de2-4019-bb1c-a11f6907c77c->2e1e3d81-b170-4e8b-b1cd-cb6f18d4d582): Wait interrupted by java.lang.InterruptedException
2019-08-28 20:36:22,969 [ForkJoinPool.commonPool-worker-0] INFO  impl.RaftServerProxy (RaftServerProxy.java:lambda$close$4(314)) - 593f8111-8960-43bd-a0b5-5a0ee5e7a443: close
2019-08-28 20:36:22,964 [org.apache.ratis.server.impl.LogAppender$AppenderDaemon$$Lambda$507/1310115435@5fe5939d] WARN  server.GrpcLogAppender (GrpcLogAppender.java:mayWait(143)) - GrpcLogAppender(3a675652-5de2-4019-bb1c-a11f6907c77c->e672058b-42e1-47c3-897e-84a1316cb1b0): Wait interrupted by java.lang.InterruptedException
2019-08-28 20:36:22,969 [ForkJoinPool.commonPool-worker-0] INFO  impl.RaftServerImpl (RaftServerImpl.java:lambda$shutdown$3(245)) - 593f8111-8960-43bd-a0b5-5a0ee5e7a443: shutdown group-EA6121EA6ECF
2019-08-28 20:36:22,969 [StateMachineUpdater:3a675652-5de2-4019-bb1c-a11f6907c77c:group-36B9E80EE561] INFO  ratis.ContainerStateMachine (ContainerStateMachine.java:takeSnapshot(284)) - group-36B9E80EE561: Taking a snapshot at:(t:1, i:6) file /workdir/hadoop-ozone/integration-test/target/test-dir/MiniOzoneClusterImpl-53cd5f02-19c6-4d92-85a0-fac408bf1129/datanode-3/data/ratis/4071187d-a185-4806-a54c-36b9e80ee561/sm/snapshot.1_6
2019-08-28 20:36:22,969 [main] INFO  impl.StateMachineUpdater (StateMachineUpdater.java:stopAndJoin(115)) - StateMachineUpdater:3a675652-5de2-4019-bb1c-a11f6907c77c:group-36B9E80EE561: set stopIndex = 6
2019-08-28 20:36:22,970 [ForkJoinPool.commonPool-worker-0] INFO  util.JmxRegister (JmxRegister.java:unregister(73)) - Successfully un-registered JMX Bean with object name Ratis:service=RaftServer,group=group-EA6121EA6ECF,id=593f8111-8960-43bd-a0b5-5a0ee5e7a443
2019-08-28 20:36:22,971 [ForkJoinPool.commonPool-worker-0] INFO  impl.RoleInfo (RoleInfo.java:shutdownLeaderState(104)) - 593f8111-8960-43bd-a0b5-5a0ee5e7a443: shutdown LeaderState
2019-08-28 20:36:22,971 [ForkJoinPool.commonPool-worker-0] INFO  impl.PendingRequests (PendingRequests.java:sendNotLeaderResponses(202)) - 593f8111-8960-43bd-a0b5-5a0ee5e7a443-PendingRequests: sendNotLeaderResponses
2019-08-28 20:36:22,971 [ForkJoinPool.commonPool-worker-0] INFO  impl.StateMachineUpdater (StateMachineUpdater.java:stopAndJoin(115)) - StateMachineUpdater:593f8111-8960-43bd-a0b5-5a0ee5e7a443:group-EA6121EA6ECF: set stopIndex = 0
2019-08-28 20:36:22,972 [ForkJoinPool.commonPool-worker-0] INFO  impl.RaftServerImpl (ServerState.java:close(394)) - 593f8111-8960-43bd-a0b5-5a0ee5e7a443:group-EA6121EA6ECF closes. The last applied log index is 0
2019-08-28 20:36:22,972 [593f8111-8960-43bd-a0b5-5a0ee5e7a443-SegmentedRaftLogWorker:Storage Directory /workdir/hadoop-ozone/integration-test/target/test-dir/MiniOzoneClusterImpl-53cd5f02-19c6-4d92-85a0-fac408bf1129/datanode-2/data/ratis/481d7f33-2f59-487a-a1cd-ea6121ea6ecf] INFO  segmented.SegmentedRaftLogWorker (SegmentedRaftLogWorker.java:run(313)) - 593f8111-8960-43bd-a0b5-5a0ee5e7a443-SegmentedRaftLogWorker:Storage Directory /workdir/hadoop-ozone/integration-test/target/test-dir/MiniOzoneClusterImpl-53cd5f02-19c6-4d92-85a0-fac408bf1129/datanode-2/data/ratis/481d7f33-2f59-487a-a1cd-ea6121ea6ecf was interrupted, exiting. There are 0 tasks remaining in the queue.
2019-08-28 20:36:22,982 [ForkJoinPool.commonPool-worker-0] INFO  segmented.SegmentedRaftLogWorker (SegmentedRaftLogWorker.java:close(228)) - 593f8111-8960-43bd-a0b5-5a0ee5e7a443-SegmentedRaftLogWorker:Storage Directory /workdir/hadoop-ozone/integration-test/target/test-dir/MiniOzoneClusterImpl-53cd5f02-19c6-4d92-85a0-fac408bf1129/datanode-2/data/ratis/481d7f33-2f59-487a-a1cd-ea6121ea6ecf close()
2019-08-28 20:36:22,986 [ForkJoinPool.commonPool-worker-0] INFO  impl.RaftServerImpl (RaftServerImpl.java:lambda$shutdown$3(245)) - 593f8111-8960-43bd-a0b5-5a0ee5e7a443: shutdown group-F7200FD621A1
2019-08-28 20:36:22,986 [ForkJoinPool.commonPool-worker-0] INFO  util.JmxRegister (JmxRegister.java:unregister(73)) - Successfully un-registered JMX Bean with object name Ratis:service=RaftServer,group=group-F7200FD621A1,id=593f8111-8960-43bd-a0b5-5a0ee5e7a443
2019-08-28 20:36:22,987 [ForkJoinPool.commonPool-worker-0] INFO  impl.RoleInfo (RoleInfo.java:shutdownFollowerState(121)) - 593f8111-8960-43bd-a0b5-5a0ee5e7a443: shutdown FollowerState
2019-08-28 20:36:22,987 [ForkJoinPool.commonPool-worker-0] INFO  impl.StateMachineUpdater (StateMachineUpdater.java:stopAndJoin(115)) - StateMachineUpdater:593f8111-8960-43bd-a0b5-5a0ee5e7a443:group-F7200FD621A1: set stopIndex = 6
2019-08-28 20:36:22,987 [StateMachineUpdater:593f8111-8960-43bd-a0b5-5a0ee5e7a443:group-F7200FD621A1] INFO  ratis.ContainerStateMachine (ContainerStateMachine.java:takeSnapshot(284)) - group-F7200FD621A1: Taking a snapshot at:(t:2, i:4) file /workdir/hadoop-ozone/integration-test/target/test-dir/MiniOzoneClusterImpl-53cd5f02-19c6-4d92-85a0-fac408bf1129/datanode-2/data/ratis/b0a061a5-cfe4-4a30-842b-f7200fd621a1/sm/snapshot.2_4
2019-08-28 20:36:22,987 [Thread-4185] INFO  impl.FollowerState (FollowerState.java:run(114)) - 593f8111-8960-43bd-a0b5-5a0ee5e7a443: FollowerState was interrupted: java.lang.InterruptedException: sleep interrupted
2019-08-28 20:36:22,996 [StateMachineUpdater:3a675652-5de2-4019-bb1c-a11f6907c77c:group-36B9E80EE561] INFO  ratis.ContainerStateMachine (ContainerStateMachine.java:takeSnapshot(295)) - group-36B9E80EE561: Finished taking a snapshot at:(t:1, i:6) file:/workdir/hadoop-ozone/integration-test/target/test-dir/MiniOzoneClusterImpl-53cd5f02-19c6-4d92-85a0-fac408bf1129/datanode-3/data/ratis/4071187d-a185-4806-a54c-36b9e80ee561/sm/snapshot.1_6 time:26
2019-08-28 20:36:22,996 [StateMachineUpdater:3a675652-5de2-4019-bb1c-a11f6907c77c:group-36B9E80EE561] INFO  impl.StateMachineUpdater (StateMachineUpdater.java:takeSnapshot(242)) - StateMachineUpdater:3a675652-5de2-4019-bb1c-a11f6907c77c:group-36B9E80EE561: Took a snapshot at index 6
2019-08-28 20:36:22,996 [StateMachineUpdater:3a675652-5de2-4019-bb1c-a11f6907c77c:group-36B9E80EE561] INFO  impl.StateMachineUpdater (StateMachineUpdater.java:lambda$new$0(80)) - StateMachineUpdater:3a675652-5de2-4019-bb1c-a11f6907c77c:group-36B9E80EE561: snapshotIndex: updateIncreasingly -1 -> 6
2019-08-28 20:36:22,997 [main] INFO  impl.RaftServerImpl (ServerState.java:close(394)) - 3a675652-5de2-4019-bb1c-a11f6907c77c:group-36B9E80EE561 closes. The last applied log index is 6
2019-08-28 20:36:22,998 [3a675652-5de2-4019-bb1c-a11f6907c77c-SegmentedRaftLogWorker:Storage Directory /workdir/hadoop-ozone/integration-test/target/test-dir/MiniOzoneClusterImpl-53cd5f02-19c6-4d92-85a0-fac408bf1129/datanode-3/data/ratis/4071187d-a185-4806-a54c-36b9e80ee561] INFO  segmented.SegmentedRaftLogWorker (SegmentedRaftLogWorker.java:run(313)) - 3a675652-5de2-4019-bb1c-a11f6907c77c-SegmentedRaftLogWorker:Storage Directory /workdir/hadoop-ozone/integration-test/target/test-dir/MiniOzoneClusterImpl-53cd5f02-19c6-4d92-85a0-fac408bf1129/datanode-3/data/ratis/4071187d-a185-4806-a54c-36b9e80ee561 was interrupted, exiting. There are 0 tasks remaining in the queue.
2019-08-28 20:36:23,001 [main] INFO  segmented.SegmentedRaftLogWorker (SegmentedRaftLogWorker.java:close(228)) - 3a675652-5de2-4019-bb1c-a11f6907c77c-SegmentedRaftLogWorker:Storage Directory /workdir/hadoop-ozone/integration-test/target/test-dir/MiniOzoneClusterImpl-53cd5f02-19c6-4d92-85a0-fac408bf1129/datanode-3/data/ratis/4071187d-a185-4806-a54c-36b9e80ee561 close()
2019-08-28 20:36:23,004 [main] INFO  impl.RaftServerImpl (RaftServerImpl.java:lambda$shutdown$3(245)) - 3a675652-5de2-4019-bb1c-a11f6907c77c: shutdown group-3878B481E1C5
2019-08-28 20:36:23,005 [main] INFO  util.JmxRegister (JmxRegister.java:unregister(73)) - Successfully un-registered JMX Bean with object name Ratis:service=RaftServer,group=group-3878B481E1C5,id=3a675652-5de2-4019-bb1c-a11f6907c77c
2019-08-28 20:36:23,005 [main] INFO  impl.RoleInfo (RoleInfo.java:shutdownLeaderState(104)) - 3a675652-5de2-4019-bb1c-a11f6907c77c: shutdown LeaderState
2019-08-28 20:36:23,005 [main] INFO  impl.PendingRequests (PendingRequests.java:sendNotLeaderResponses(202)) - 3a675652-5de2-4019-bb1c-a11f6907c77c-PendingRequests: sendNotLeaderResponses
2019-08-28 20:36:23,006 [StateMachineUpdater:593f8111-8960-43bd-a0b5-5a0ee5e7a443:group-F7200FD621A1] INFO  ratis.ContainerStateMachine (ContainerStateMachine.java:takeSnapshot(295)) - group-F7200FD621A1: Finished taking a snapshot at:(t:2, i:4) file:/workdir/hadoop-ozone/integration-test/target/test-dir/MiniOzoneClusterImpl-53cd5f02-19c6-4d92-85a0-fac408bf1129/datanode-2/data/ratis/b0a061a5-cfe4-4a30-842b-f7200fd621a1/sm/snapshot.2_4 time:18
2019-08-28 20:36:23,006 [main] INFO  impl.StateMachineUpdater (StateMachineUpdater.java:stopAndJoin(115)) - StateMachineUpdater:3a675652-5de2-4019-bb1c-a11f6907c77c:group-3878B481E1C5: set stopIndex = 0
2019-08-28 20:36:23,006 [main] INFO  impl.RaftServerImpl (ServerState.java:close(394)) - 3a675652-5de2-4019-bb1c-a11f6907c77c:group-3878B481E1C5 closes. The last applied log index is 0
2019-08-28 20:36:23,006 [StateMachineUpdater:593f8111-8960-43bd-a0b5-5a0ee5e7a443:group-F7200FD621A1] INFO  impl.StateMachineUpdater (StateMachineUpdater.java:takeSnapshot(242)) - StateMachineUpdater:593f8111-8960-43bd-a0b5-5a0ee5e7a443:group-F7200FD621A1: Took a snapshot at index 4
2019-08-28 20:36:23,007 [3a675652-5de2-4019-bb1c-a11f6907c77c-SegmentedRaftLogWorker:Storage Directory /workdir/hadoop-ozone/integration-test/target/test-dir/MiniOzoneClusterImpl-53cd5f02-19c6-4d92-85a0-fac408bf1129/datanode-3/data/ratis/a687f201-e2e4-401d-b1e5-3878b481e1c5] INFO  segmented.SegmentedRaftLogWorker (SegmentedRaftLogWorker.java:run(313)) - 3a675652-5de2-4019-bb1c-a11f6907c77c-SegmentedRaftLogWorker:Storage Directory /workdir/hadoop-ozone/integration-test/target/test-dir/MiniOzoneClusterImpl-53cd5f02-19c6-4d92-85a0-fac408bf1129/datanode-3/data/ratis/a687f201-e2e4-401d-b1e5-3878b481e1c5 was interrupted, exiting. There are 0 tasks remaining in the queue.
2019-08-28 20:36:23,007 [StateMachineUpdater:593f8111-8960-43bd-a0b5-5a0ee5e7a443:group-F7200FD621A1] INFO  impl.StateMachineUpdater (StateMachineUpdater.java:lambda$new$0(80)) - StateMachineUpdater:593f8111-8960-43bd-a0b5-5a0ee5e7a443:group-F7200FD621A1: snapshotIndex: updateIncreasingly -1 -> 4
2019-08-28 20:36:23,009 [main] INFO  segmented.SegmentedRaftLogWorker (SegmentedRaftLogWorker.java:close(228)) - 3a675652-5de2-4019-bb1c-a11f6907c77c-SegmentedRaftLogWorker:Storage Directory /workdir/hadoop-ozone/integration-test/target/test-dir/MiniOzoneClusterImpl-53cd5f02-19c6-4d92-85a0-fac408bf1129/datanode-3/data/ratis/a687f201-e2e4-401d-b1e5-3878b481e1c5 close()
2019-08-28 20:36:23,009 [ForkJoinPool.commonPool-worker-0] INFO  impl.RaftServerImpl (ServerState.java:close(394)) - 593f8111-8960-43bd-a0b5-5a0ee5e7a443:group-F7200FD621A1 closes. The last applied log index is 6
2019-08-28 20:36:23,012 [main] INFO  server.GrpcService (GrpcService.java:closeImpl(155)) - 3a675652-5de2-4019-bb1c-a11f6907c77c: shutdown server with port 35869 now
2019-08-28 20:36:23,013 [593f8111-8960-43bd-a0b5-5a0ee5e7a443-SegmentedRaftLogWorker:Storage Directory /workdir/hadoop-ozone/integration-test/target/test-dir/MiniOzoneClusterImpl-53cd5f02-19c6-4d92-85a0-fac408bf1129/datanode-2/data/ratis/b0a061a5-cfe4-4a30-842b-f7200fd621a1] INFO  segmented.SegmentedRaftLogWorker (SegmentedRaftLogWorker.java:run(313)) - 593f8111-8960-43bd-a0b5-5a0ee5e7a443-SegmentedRaftLogWorker:Storage Directory /workdir/hadoop-ozone/integration-test/target/test-dir/MiniOzoneClusterImpl-53cd5f02-19c6-4d92-85a0-fac408bf1129/datanode-2/data/ratis/b0a061a5-cfe4-4a30-842b-f7200fd621a1 was interrupted, exiting. There are 0 tasks remaining in the queue.
2019-08-28 20:36:23,015 [ForkJoinPool.commonPool-worker-0] INFO  segmented.SegmentedRaftLogWorker (SegmentedRaftLogWorker.java:close(228)) - 593f8111-8960-43bd-a0b5-5a0ee5e7a443-SegmentedRaftLogWorker:Storage Directory /workdir/hadoop-ozone/integration-test/target/test-dir/MiniOzoneClusterImpl-53cd5f02-19c6-4d92-85a0-fac408bf1129/datanode-2/data/ratis/b0a061a5-cfe4-4a30-842b-f7200fd621a1 close()
2019-08-28 20:36:23,015 [grpc-default-executor-10] WARN  client.GrpcClientProtocolService (LogUtils.java:warn(134)) - 2-UnorderedRequestStreamObserver2: onError: org.apache.ratis.thirdparty.io.grpc.StatusRuntimeException: CANCELLED: cancelled before receiving half close
2019-08-28 20:36:23,024 [ForkJoinPool.commonPool-worker-0] INFO  server.GrpcService (GrpcService.java:closeImpl(155)) - 593f8111-8960-43bd-a0b5-5a0ee5e7a443: shutdown server with port 34447 now
2019-08-28 20:36:23,024 [main] INFO  server.GrpcService (GrpcService.java:closeImpl(163)) - 3a675652-5de2-4019-bb1c-a11f6907c77c: shutdown server with port 35869 successfully
2019-08-28 20:36:23,024 [grpc-default-executor-10] WARN  server.GrpcServerProtocolService (LogUtils.java:warn(134)) - 593f8111-8960-43bd-a0b5-5a0ee5e7a443: appendEntries onError: org.apache.ratis.thirdparty.io.grpc.StatusRuntimeException: CANCELLED: cancelled before receiving half close
2019-08-28 20:36:23,025 [grpc-default-executor-9] WARN  server.GrpcLogAppender (LogUtils.java:warn(134)) - c5b9be6c-9c2e-4a02-a7ba-e3f0b513e1ab->593f8111-8960-43bd-a0b5-5a0ee5e7a443: Failed appendEntries: org.apache.ratis.thirdparty.io.grpc.StatusRuntimeException: CANCELLED: HTTP/2 error code: CANCEL
Received Rst Stream
2019-08-28 20:36:23,025 [ForkJoinPool.commonPool-worker-0] INFO  server.GrpcService (GrpcService.java:closeImpl(163)) - 593f8111-8960-43bd-a0b5-5a0ee5e7a443: shutdown server with port 34447 successfully
2019-08-28 20:36:23,025 [grpc-default-executor-9] INFO  impl.FollowerInfo (FollowerInfo.java:lambda$new$0(50)) - c5b9be6c-9c2e-4a02-a7ba-e3f0b513e1ab->593f8111-8960-43bd-a0b5-5a0ee5e7a443: nextIndex: updateUnconditionally 7 -> 6
2019-08-28 20:36:23,028 [refreshUsed-/workdir/hadoop-ozone/integration-test/target/test-dir/MiniOzoneClusterImpl-53cd5f02-19c6-4d92-85a0-fac408bf1129/datanode-2/data/containers] WARN  fs.CachingGetSpaceUsed (CachingGetSpaceUsed.java:run(183)) - Thread Interrupted waiting to refresh disk information: sleep interrupted
2019-08-28 20:36:23,028 [refreshUsed-/workdir/hadoop-ozone/integration-test/target/test-dir/MiniOzoneClusterImpl-53cd5f02-19c6-4d92-85a0-fac408bf1129/datanode-3/data/containers] WARN  fs.CachingGetSpaceUsed (CachingGetSpaceUsed.java:run(183)) - Thread Interrupted waiting to refresh disk information: sleep interrupted
2019-08-28 20:36:23,057 [main] INFO  utils.BackgroundService (BackgroundService.java:shutdown(148)) - Shutting down service BlockDeletingService
2019-08-28 20:36:23,057 [ForkJoinPool.commonPool-worker-0] INFO  utils.BackgroundService (BackgroundService.java:shutdown(148)) - Shutting down service BlockDeletingService
2019-08-28 20:36:23,063 [main] INFO  statemachine.DatanodeStateMachine (DatanodeStateMachine.java:stopDaemon(395)) - Ozone container server stopped.
2019-08-28 20:36:23,069 [ForkJoinPool.commonPool-worker-0] INFO  statemachine.DatanodeStateMachine (DatanodeStateMachine.java:stopDaemon(395)) - Ozone container server stopped.
2019-08-28 20:36:23,071 [main] INFO  handler.ContextHandler (ContextHandler.java:doStop(910)) - Stopped o.e.j.w.WebAppContext@7f51f588{/,null,UNAVAILABLE}{/hddsDatanode}
2019-08-28 20:36:23,072 [ForkJoinPool.commonPool-worker-0] INFO  handler.ContextHandler (ContextHandler.java:doStop(910)) - Stopped o.e.j.w.WebAppContext@4f64d9cb{/,null,UNAVAILABLE}{/hddsDatanode}
2019-08-28 20:36:23,073 [ForkJoinPool.commonPool-worker-0] INFO  server.AbstractConnector (AbstractConnector.java:doStop(318)) - Stopped ServerConnector@639c7f9c{HTTP/1.1,[http/1.1]}{0.0.0.0:0}
2019-08-28 20:36:23,073 [main] INFO  server.AbstractConnector (AbstractConnector.java:doStop(318)) - Stopped ServerConnector@6fb22ae3{HTTP/1.1,[http/1.1]}{0.0.0.0:0}
2019-08-28 20:36:23,073 [ForkJoinPool.commonPool-worker-0] INFO  handler.ContextHandler (ContextHandler.java:doStop(910)) - Stopped o.e.j.s.ServletContextHandler@401788d5{/static,jar:file:/home/user/.m2/repository/org/apache/hadoop/hadoop-hdds-container-service/0.5.0-SNAPSHOT/hadoop-hdds-container-service-0.5.0-SNAPSHOT.jar!/webapps/static,UNAVAILABLE}
2019-08-28 20:36:23,073 [main] INFO  handler.ContextHandler (ContextHandler.java:doStop(910)) - Stopped o.e.j.s.ServletContextHandler@7523d5a1{/static,jar:file:/home/user/.m2/repository/org/apache/hadoop/hadoop-hdds-container-service/0.5.0-SNAPSHOT/hadoop-hdds-container-service-0.5.0-SNAPSHOT.jar!/webapps/static,UNAVAILABLE}
2019-08-28 20:36:23,073 [ForkJoinPool.commonPool-worker-0] INFO  handler.ContextHandler (ContextHandler.java:doStop(910)) - Stopped o.e.j.s.ServletContextHandler@3a38e4dc{/logs,file:///workdir/hadoop-ozone/integration-test/target/log,UNAVAILABLE}
2019-08-28 20:36:23,074 [main] INFO  handler.ContextHandler (ContextHandler.java:doStop(910)) - Stopped o.e.j.s.ServletContextHandler@38de5daf{/logs,file:///workdir/hadoop-ozone/integration-test/target/log,UNAVAILABLE}
2019-08-28 20:36:23,527 [Datanode State Machine Thread - 0] INFO  statemachine.DatanodeStateMachine (DatanodeStateMachine.java:lambda$startDaemon$0(350)) - Ozone container server started.
2019-08-28 20:36:23,621 [Datanode State Machine Thread - 0] INFO  statemachine.DatanodeStateMachine (DatanodeStateMachine.java:lambda$startDaemon$0(350)) - Ozone container server started.
2019-08-28 20:36:23,651 | INFO  | SCMAudit | user=jenkins1000 | ip=192.168.5.177 | op=SEND_HEARTBEAT {datanodeUUID=937d6d9e-d3c6-4b74-8a6d-7afbbf2178d6, command=[commandType: closeContainerCommand closeContainerCommandProto { containerID: 2 pipelineID { id: "b0a061a5-cfe4-4a30-842b-f7200fd621a1" } cmdId: 2 force: false } ]} | ret=SUCCESS |  
2019-08-28 20:36:24,651 | INFO  | SCMAudit | user=jenkins1000 | ip=192.168.5.177 | op=SEND_HEARTBEAT {datanodeUUID=937d6d9e-d3c6-4b74-8a6d-7afbbf2178d6, command=[]} | ret=SUCCESS |  
2019-08-28 20:36:25,241 [grpc-default-executor-9] WARN  server.GrpcLogAppender (LogUtils.java:warn(134)) - c5b9be6c-9c2e-4a02-a7ba-e3f0b513e1ab->593f8111-8960-43bd-a0b5-5a0ee5e7a443: Failed appendEntries: org.apache.ratis.thirdparty.io.grpc.StatusRuntimeException: UNAVAILABLE: io exception
2019-08-28 20:36:25,241 [grpc-default-executor-9] INFO  impl.FollowerInfo (FollowerInfo.java:lambda$new$0(50)) - c5b9be6c-9c2e-4a02-a7ba-e3f0b513e1ab->593f8111-8960-43bd-a0b5-5a0ee5e7a443: nextIndex: updateUnconditionally 6 -> 5
2019-08-28 20:36:25,651 | INFO  | SCMAudit | user=jenkins1000 | ip=192.168.5.177 | op=SEND_HEARTBEAT {datanodeUUID=937d6d9e-d3c6-4b74-8a6d-7afbbf2178d6, command=[]} | ret=SUCCESS |  
2019-08-28 20:36:25,680 | INFO  | SCMAudit | user=jenkins1000 | ip=192.168.5.177 | op=SEND_HEARTBEAT {datanodeUUID=937d6d9e-d3c6-4b74-8a6d-7afbbf2178d6, command=[]} | ret=SUCCESS |  
2019-08-28 20:36:26,680 | INFO  | SCMAudit | user=jenkins1000 | ip=192.168.5.177 | op=SEND_HEARTBEAT {datanodeUUID=937d6d9e-d3c6-4b74-8a6d-7afbbf2178d6, command=[]} | ret=SUCCESS |  
2019-08-28 20:36:27,557 [EventQueue-StaleNodeForStaleNodeHandler] INFO  node.StaleNodeHandler (StaleNodeHandler.java:onMessage(58)) - Datanode 0f3aefe0-192d-4dd1-8b69-25e558fe3111{ip: 192.168.5.177, host: pr-hdds-2051-mwr8n-2748524799, networkLocation: /default-rack, certSerialId: null} moved to stale state. Finalizing its pipelines [PipelineID=5316c627-e23d-4329-92f8-a5ab409c5212]
2019-08-28 20:36:27,557 [EventQueue-StaleNodeForStaleNodeHandler] INFO  pipeline.SCMPipelineManager (SCMPipelineManager.java:finalizeAndDestroyPipeline(309)) - destroying pipeline:Pipeline[ Id: 5316c627-e23d-4329-92f8-a5ab409c5212, Nodes: 0f3aefe0-192d-4dd1-8b69-25e558fe3111{ip: 192.168.5.177, host: pr-hdds-2051-mwr8n-2748524799, networkLocation: /default-rack, certSerialId: null}, Type:RATIS, Factor:ONE, State:OPEN]
2019-08-28 20:36:27,557 [EventQueue-StaleNodeForStaleNodeHandler] INFO  pipeline.PipelineStateManager (PipelineStateManager.java:finalizePipeline(123)) - Pipeline Pipeline[ Id: 5316c627-e23d-4329-92f8-a5ab409c5212, Nodes: 0f3aefe0-192d-4dd1-8b69-25e558fe3111{ip: 192.168.5.177, host: pr-hdds-2051-mwr8n-2748524799, networkLocation: /default-rack, certSerialId: null}, Type:RATIS, Factor:ONE, State:CLOSED] moved to CLOSED state
2019-08-28 20:36:27,657 [EventQueue-StaleNodeForStaleNodeHandler] INFO  node.StaleNodeHandler (StaleNodeHandler.java:onMessage(58)) - Datanode c5b9be6c-9c2e-4a02-a7ba-e3f0b513e1ab{ip: 192.168.5.177, host: pr-hdds-2051-mwr8n-2748524799, networkLocation: /default-rack, certSerialId: null} moved to stale state. Finalizing its pipelines [PipelineID=c23d3dd0-ed57-4d4a-9e48-2cd6b5449342, PipelineID=b0a061a5-cfe4-4a30-842b-f7200fd621a1]
2019-08-28 20:36:27,657 [EventQueue-StaleNodeForStaleNodeHandler] INFO  pipeline.SCMPipelineManager (SCMPipelineManager.java:finalizeAndDestroyPipeline(309)) - destroying pipeline:Pipeline[ Id: c23d3dd0-ed57-4d4a-9e48-2cd6b5449342, Nodes: c5b9be6c-9c2e-4a02-a7ba-e3f0b513e1ab{ip: 192.168.5.177, host: pr-hdds-2051-mwr8n-2748524799, networkLocation: /default-rack, certSerialId: null}, Type:RATIS, Factor:ONE, State:OPEN]
2019-08-28 20:36:27,657 [EventQueue-StaleNodeForStaleNodeHandler] INFO  pipeline.PipelineStateManager (PipelineStateManager.java:finalizePipeline(123)) - Pipeline Pipeline[ Id: c23d3dd0-ed57-4d4a-9e48-2cd6b5449342, Nodes: c5b9be6c-9c2e-4a02-a7ba-e3f0b513e1ab{ip: 192.168.5.177, host: pr-hdds-2051-mwr8n-2748524799, networkLocation: /default-rack, certSerialId: null}, Type:RATIS, Factor:ONE, State:CLOSED] moved to CLOSED state
2019-08-28 20:36:27,658 [EventQueue-StaleNodeForStaleNodeHandler] INFO  pipeline.SCMPipelineManager (SCMPipelineManager.java:finalizeAndDestroyPipeline(309)) - destroying pipeline:Pipeline[ Id: b0a061a5-cfe4-4a30-842b-f7200fd621a1, Nodes: 937d6d9e-d3c6-4b74-8a6d-7afbbf2178d6{ip: 192.168.5.177, host: pr-hdds-2051-mwr8n-2748524799, networkLocation: /default-rack, certSerialId: null}c5b9be6c-9c2e-4a02-a7ba-e3f0b513e1ab{ip: 192.168.5.177, host: pr-hdds-2051-mwr8n-2748524799, networkLocation: /default-rack, certSerialId: null}593f8111-8960-43bd-a0b5-5a0ee5e7a443{ip: 192.168.5.177, host: pr-hdds-2051-mwr8n-2748524799, networkLocation: /default-rack, certSerialId: null}, Type:RATIS, Factor:THREE, State:CLOSED]
2019-08-28 20:36:27,680 | INFO  | SCMAudit | user=jenkins1000 | ip=192.168.5.177 | op=SEND_HEARTBEAT {datanodeUUID=937d6d9e-d3c6-4b74-8a6d-7afbbf2178d6, command=[]} | ret=SUCCESS |  
2019-08-28 20:36:27,742 [grpc-default-executor-11] WARN  server.GrpcLogAppender (LogUtils.java:warn(134)) - c5b9be6c-9c2e-4a02-a7ba-e3f0b513e1ab->593f8111-8960-43bd-a0b5-5a0ee5e7a443: Failed appendEntries: org.apache.ratis.thirdparty.io.grpc.StatusRuntimeException: UNAVAILABLE: io exception
2019-08-28 20:36:27,742 [grpc-default-executor-11] INFO  impl.FollowerInfo (FollowerInfo.java:lambda$new$0(50)) - c5b9be6c-9c2e-4a02-a7ba-e3f0b513e1ab->593f8111-8960-43bd-a0b5-5a0ee5e7a443: nextIndex: updateUnconditionally 5 -> 4
2019-08-28 20:36:28,075 [ForkJoinPool.commonPool-worker-0] INFO  ozoneimpl.OzoneContainer (OzoneContainer.java:stop(215)) - Attempting to stop container services.
2019-08-28 20:36:28,076 [main] INFO  ozoneimpl.OzoneContainer (OzoneContainer.java:stop(215)) - Attempting to stop container services.
2019-08-28 20:36:28,076 [ForkJoinPool.commonPool-worker-0] INFO  impl.RaftServerProxy (RaftServerProxy.java:lambda$close$4(314)) - c5b9be6c-9c2e-4a02-a7ba-e3f0b513e1ab: close
2019-08-28 20:36:28,076 [main] INFO  impl.RaftServerProxy (RaftServerProxy.java:lambda$close$4(314)) - 0f3aefe0-192d-4dd1-8b69-25e558fe3111: close
2019-08-28 20:36:28,077 [ForkJoinPool.commonPool-worker-0] INFO  impl.RaftServerImpl (RaftServerImpl.java:lambda$shutdown$3(245)) - c5b9be6c-9c2e-4a02-a7ba-e3f0b513e1ab: shutdown group-2CD6B5449342
2019-08-28 20:36:28,077 [main] INFO  impl.RaftServerImpl (RaftServerImpl.java:lambda$shutdown$3(245)) - 0f3aefe0-192d-4dd1-8b69-25e558fe3111: shutdown group-A5AB409C5212
2019-08-28 20:36:28,078 [main] INFO  util.JmxRegister (JmxRegister.java:unregister(73)) - Successfully un-registered JMX Bean with object name Ratis:service=RaftServer,group=group-A5AB409C5212,id=0f3aefe0-192d-4dd1-8b69-25e558fe3111
2019-08-28 20:36:28,078 [main] INFO  impl.RoleInfo (RoleInfo.java:shutdownLeaderState(104)) - 0f3aefe0-192d-4dd1-8b69-25e558fe3111: shutdown LeaderState
2019-08-28 20:36:28,077 [ForkJoinPool.commonPool-worker-0] INFO  util.JmxRegister (JmxRegister.java:unregister(73)) - Successfully un-registered JMX Bean with object name Ratis:service=RaftServer,group=group-2CD6B5449342,id=c5b9be6c-9c2e-4a02-a7ba-e3f0b513e1ab
2019-08-28 20:36:28,078 [main] INFO  impl.PendingRequests (PendingRequests.java:sendNotLeaderResponses(202)) - 0f3aefe0-192d-4dd1-8b69-25e558fe3111-PendingRequests: sendNotLeaderResponses
2019-08-28 20:36:28,079 [ForkJoinPool.commonPool-worker-0] INFO  impl.RoleInfo (RoleInfo.java:shutdownLeaderState(104)) - c5b9be6c-9c2e-4a02-a7ba-e3f0b513e1ab: shutdown LeaderState
2019-08-28 20:36:28,079 [main] INFO  impl.StateMachineUpdater (StateMachineUpdater.java:stopAndJoin(115)) - StateMachineUpdater:0f3aefe0-192d-4dd1-8b69-25e558fe3111:group-A5AB409C5212: set stopIndex = 0
2019-08-28 20:36:28,080 [main] INFO  impl.RaftServerImpl (ServerState.java:close(394)) - 0f3aefe0-192d-4dd1-8b69-25e558fe3111:group-A5AB409C5212 closes. The last applied log index is 0
2019-08-28 20:36:28,080 [ForkJoinPool.commonPool-worker-0] INFO  impl.PendingRequests (PendingRequests.java:sendNotLeaderResponses(202)) - c5b9be6c-9c2e-4a02-a7ba-e3f0b513e1ab-PendingRequests: sendNotLeaderResponses
2019-08-28 20:36:28,081 [0f3aefe0-192d-4dd1-8b69-25e558fe3111-SegmentedRaftLogWorker:Storage Directory /workdir/hadoop-ozone/integration-test/target/test-dir/MiniOzoneClusterImpl-53cd5f02-19c6-4d92-85a0-fac408bf1129/datanode-6/data/ratis/5316c627-e23d-4329-92f8-a5ab409c5212] INFO  segmented.SegmentedRaftLogWorker (SegmentedRaftLogWorker.java:run(313)) - 0f3aefe0-192d-4dd1-8b69-25e558fe3111-SegmentedRaftLogWorker:Storage Directory /workdir/hadoop-ozone/integration-test/target/test-dir/MiniOzoneClusterImpl-53cd5f02-19c6-4d92-85a0-fac408bf1129/datanode-6/data/ratis/5316c627-e23d-4329-92f8-a5ab409c5212 was interrupted, exiting. There are 0 tasks remaining in the queue.
2019-08-28 20:36:28,081 [ForkJoinPool.commonPool-worker-0] INFO  impl.StateMachineUpdater (StateMachineUpdater.java:stopAndJoin(115)) - StateMachineUpdater:c5b9be6c-9c2e-4a02-a7ba-e3f0b513e1ab:group-2CD6B5449342: set stopIndex = 0
2019-08-28 20:36:28,084 [main] INFO  segmented.SegmentedRaftLogWorker (SegmentedRaftLogWorker.java:close(228)) - 0f3aefe0-192d-4dd1-8b69-25e558fe3111-SegmentedRaftLogWorker:Storage Directory /workdir/hadoop-ozone/integration-test/target/test-dir/MiniOzoneClusterImpl-53cd5f02-19c6-4d92-85a0-fac408bf1129/datanode-6/data/ratis/5316c627-e23d-4329-92f8-a5ab409c5212 close()
2019-08-28 20:36:28,084 [ForkJoinPool.commonPool-worker-0] INFO  impl.RaftServerImpl (ServerState.java:close(394)) - c5b9be6c-9c2e-4a02-a7ba-e3f0b513e1ab:group-2CD6B5449342 closes. The last applied log index is 0
2019-08-28 20:36:28,086 [main] INFO  server.GrpcService (GrpcService.java:closeImpl(155)) - 0f3aefe0-192d-4dd1-8b69-25e558fe3111: shutdown server with port 36031 now
2019-08-28 20:36:28,087 [c5b9be6c-9c2e-4a02-a7ba-e3f0b513e1ab-SegmentedRaftLogWorker:Storage Directory /workdir/hadoop-ozone/integration-test/target/test-dir/MiniOzoneClusterImpl-53cd5f02-19c6-4d92-85a0-fac408bf1129/datanode-0/data/ratis/c23d3dd0-ed57-4d4a-9e48-2cd6b5449342] INFO  segmented.SegmentedRaftLogWorker (SegmentedRaftLogWorker.java:run(313)) - c5b9be6c-9c2e-4a02-a7ba-e3f0b513e1ab-SegmentedRaftLogWorker:Storage Directory /workdir/hadoop-ozone/integration-test/target/test-dir/MiniOzoneClusterImpl-53cd5f02-19c6-4d92-85a0-fac408bf1129/datanode-0/data/ratis/c23d3dd0-ed57-4d4a-9e48-2cd6b5449342 was interrupted, exiting. There are 0 tasks remaining in the queue.
2019-08-28 20:36:28,089 [main] INFO  server.GrpcService (GrpcService.java:closeImpl(163)) - 0f3aefe0-192d-4dd1-8b69-25e558fe3111: shutdown server with port 36031 successfully
2019-08-28 20:36:28,089 [ForkJoinPool.commonPool-worker-0] INFO  segmented.SegmentedRaftLogWorker (SegmentedRaftLogWorker.java:close(228)) - c5b9be6c-9c2e-4a02-a7ba-e3f0b513e1ab-SegmentedRaftLogWorker:Storage Directory /workdir/hadoop-ozone/integration-test/target/test-dir/MiniOzoneClusterImpl-53cd5f02-19c6-4d92-85a0-fac408bf1129/datanode-0/data/ratis/c23d3dd0-ed57-4d4a-9e48-2cd6b5449342 close()
2019-08-28 20:36:28,091 [ForkJoinPool.commonPool-worker-0] INFO  impl.RaftServerImpl (RaftServerImpl.java:lambda$shutdown$3(245)) - c5b9be6c-9c2e-4a02-a7ba-e3f0b513e1ab: shutdown group-F7200FD621A1
2019-08-28 20:36:28,092 [ForkJoinPool.commonPool-worker-0] INFO  util.JmxRegister (JmxRegister.java:unregister(73)) - Successfully un-registered JMX Bean with object name Ratis:service=RaftServer,group=group-F7200FD621A1,id=c5b9be6c-9c2e-4a02-a7ba-e3f0b513e1ab
2019-08-28 20:36:28,092 [ForkJoinPool.commonPool-worker-0] INFO  impl.RoleInfo (RoleInfo.java:shutdownLeaderState(104)) - c5b9be6c-9c2e-4a02-a7ba-e3f0b513e1ab: shutdown LeaderState
2019-08-28 20:36:28,095 [ForkJoinPool.commonPool-worker-0] INFO  impl.PendingRequests (PendingRequests.java:sendNotLeaderResponses(202)) - c5b9be6c-9c2e-4a02-a7ba-e3f0b513e1ab-PendingRequests: sendNotLeaderResponses
2019-08-28 20:36:28,095 [org.apache.ratis.server.impl.LogAppender$AppenderDaemon$$Lambda$507/1310115435@5022cfce] WARN  server.GrpcLogAppender (GrpcLogAppender.java:mayWait(143)) - GrpcLogAppender(c5b9be6c-9c2e-4a02-a7ba-e3f0b513e1ab->593f8111-8960-43bd-a0b5-5a0ee5e7a443): Wait interrupted by java.lang.InterruptedException
2019-08-28 20:36:28,095 [org.apache.ratis.server.impl.LogAppender$AppenderDaemon$$Lambda$507/1310115435@1520530e] WARN  server.GrpcLogAppender (GrpcLogAppender.java:mayWait(143)) - GrpcLogAppender(c5b9be6c-9c2e-4a02-a7ba-e3f0b513e1ab->937d6d9e-d3c6-4b74-8a6d-7afbbf2178d6): Wait interrupted by java.lang.InterruptedException
2019-08-28 20:36:28,099 [ForkJoinPool.commonPool-worker-0] INFO  impl.StateMachineUpdater (StateMachineUpdater.java:stopAndJoin(115)) - StateMachineUpdater:c5b9be6c-9c2e-4a02-a7ba-e3f0b513e1ab:group-F7200FD621A1: set stopIndex = 6
2019-08-28 20:36:28,099 [refreshUsed-/workdir/hadoop-ozone/integration-test/target/test-dir/MiniOzoneClusterImpl-53cd5f02-19c6-4d92-85a0-fac408bf1129/datanode-6/data/containers] WARN  fs.CachingGetSpaceUsed (CachingGetSpaceUsed.java:run(183)) - Thread Interrupted waiting to refresh disk information: sleep interrupted
2019-08-28 20:36:28,099 [StateMachineUpdater:c5b9be6c-9c2e-4a02-a7ba-e3f0b513e1ab:group-F7200FD621A1] INFO  ratis.ContainerStateMachine (ContainerStateMachine.java:takeSnapshot(284)) - group-F7200FD621A1: Taking a snapshot at:(t:2, i:6) file /workdir/hadoop-ozone/integration-test/target/test-dir/MiniOzoneClusterImpl-53cd5f02-19c6-4d92-85a0-fac408bf1129/datanode-0/data/ratis/b0a061a5-cfe4-4a30-842b-f7200fd621a1/sm/snapshot.2_6
2019-08-28 20:36:28,100 [grpc-default-executor-11] INFO  server.GrpcServerProtocolService (GrpcServerProtocolService.java:onCompleted(104)) - 937d6d9e-d3c6-4b74-8a6d-7afbbf2178d6: appendEntries completed
2019-08-28 20:36:28,101 [grpc-default-executor-11] INFO  server.GrpcLogAppender (GrpcLogAppender.java:onCompleted(292)) - c5b9be6c-9c2e-4a02-a7ba-e3f0b513e1ab->937d6d9e-d3c6-4b74-8a6d-7afbbf2178d6: follower responses appendEntries COMPLETED
2019-08-28 20:36:28,101 [grpc-default-executor-11] INFO  impl.FollowerInfo (FollowerInfo.java:lambda$new$0(50)) - c5b9be6c-9c2e-4a02-a7ba-e3f0b513e1ab->937d6d9e-d3c6-4b74-8a6d-7afbbf2178d6: nextIndex: updateUnconditionally 7 -> 6
2019-08-28 20:36:28,119 [main] INFO  utils.BackgroundService (BackgroundService.java:shutdown(148)) - Shutting down service BlockDeletingService
2019-08-28 20:36:28,122 [main] INFO  statemachine.DatanodeStateMachine (DatanodeStateMachine.java:stopDaemon(395)) - Ozone container server stopped.
2019-08-28 20:36:28,124 [main] INFO  handler.ContextHandler (ContextHandler.java:doStop(910)) - Stopped o.e.j.w.WebAppContext@58601e7a{/,null,UNAVAILABLE}{/hddsDatanode}
2019-08-28 20:36:28,124 [main] INFO  server.AbstractConnector (AbstractConnector.java:doStop(318)) - Stopped ServerConnector@62735b13{HTTP/1.1,[http/1.1]}{0.0.0.0:0}
2019-08-28 20:36:28,125 [StateMachineUpdater:c5b9be6c-9c2e-4a02-a7ba-e3f0b513e1ab:group-F7200FD621A1] INFO  ratis.ContainerStateMachine (ContainerStateMachine.java:takeSnapshot(295)) - group-F7200FD621A1: Finished taking a snapshot at:(t:2, i:6) file:/workdir/hadoop-ozone/integration-test/target/test-dir/MiniOzoneClusterImpl-53cd5f02-19c6-4d92-85a0-fac408bf1129/datanode-0/data/ratis/b0a061a5-cfe4-4a30-842b-f7200fd621a1/sm/snapshot.2_6 time:26
2019-08-28 20:36:28,125 [main] INFO  handler.ContextHandler (ContextHandler.java:doStop(910)) - Stopped o.e.j.s.ServletContextHandler@7e18ced7{/static,jar:file:/home/user/.m2/repository/org/apache/hadoop/hadoop-hdds-container-service/0.5.0-SNAPSHOT/hadoop-hdds-container-service-0.5.0-SNAPSHOT.jar!/webapps/static,UNAVAILABLE}
2019-08-28 20:36:28,125 [StateMachineUpdater:c5b9be6c-9c2e-4a02-a7ba-e3f0b513e1ab:group-F7200FD621A1] INFO  impl.StateMachineUpdater (StateMachineUpdater.java:takeSnapshot(242)) - StateMachineUpdater:c5b9be6c-9c2e-4a02-a7ba-e3f0b513e1ab:group-F7200FD621A1: Took a snapshot at index 6
2019-08-28 20:36:28,126 [main] INFO  handler.ContextHandler (ContextHandler.java:doStop(910)) - Stopped o.e.j.s.ServletContextHandler@5d5d3a5c{/logs,file:///workdir/hadoop-ozone/integration-test/target/log,UNAVAILABLE}
2019-08-28 20:36:28,126 [StateMachineUpdater:c5b9be6c-9c2e-4a02-a7ba-e3f0b513e1ab:group-F7200FD621A1] INFO  impl.StateMachineUpdater (StateMachineUpdater.java:lambda$new$0(80)) - StateMachineUpdater:c5b9be6c-9c2e-4a02-a7ba-e3f0b513e1ab:group-F7200FD621A1: snapshotIndex: updateIncreasingly -1 -> 6
2019-08-28 20:36:28,126 [ForkJoinPool.commonPool-worker-0] INFO  impl.RaftServerImpl (ServerState.java:close(394)) - c5b9be6c-9c2e-4a02-a7ba-e3f0b513e1ab:group-F7200FD621A1 closes. The last applied log index is 6
2019-08-28 20:36:28,127 [c5b9be6c-9c2e-4a02-a7ba-e3f0b513e1ab-SegmentedRaftLogWorker:Storage Directory /workdir/hadoop-ozone/integration-test/target/test-dir/MiniOzoneClusterImpl-53cd5f02-19c6-4d92-85a0-fac408bf1129/datanode-0/data/ratis/b0a061a5-cfe4-4a30-842b-f7200fd621a1] INFO  segmented.SegmentedRaftLogWorker (SegmentedRaftLogWorker.java:run(313)) - c5b9be6c-9c2e-4a02-a7ba-e3f0b513e1ab-SegmentedRaftLogWorker:Storage Directory /workdir/hadoop-ozone/integration-test/target/test-dir/MiniOzoneClusterImpl-53cd5f02-19c6-4d92-85a0-fac408bf1129/datanode-0/data/ratis/b0a061a5-cfe4-4a30-842b-f7200fd621a1 was interrupted, exiting. There are 0 tasks remaining in the queue.
2019-08-28 20:36:28,129 [ForkJoinPool.commonPool-worker-0] INFO  segmented.SegmentedRaftLogWorker (SegmentedRaftLogWorker.java:close(228)) - c5b9be6c-9c2e-4a02-a7ba-e3f0b513e1ab-SegmentedRaftLogWorker:Storage Directory /workdir/hadoop-ozone/integration-test/target/test-dir/MiniOzoneClusterImpl-53cd5f02-19c6-4d92-85a0-fac408bf1129/datanode-0/data/ratis/b0a061a5-cfe4-4a30-842b-f7200fd621a1 close()
2019-08-28 20:36:28,130 [ForkJoinPool.commonPool-worker-0] INFO  server.GrpcService (GrpcService.java:closeImpl(155)) - c5b9be6c-9c2e-4a02-a7ba-e3f0b513e1ab: shutdown server with port 40270 now
2019-08-28 20:36:28,131 [ForkJoinPool.commonPool-worker-0] INFO  server.GrpcService (GrpcService.java:closeImpl(163)) - c5b9be6c-9c2e-4a02-a7ba-e3f0b513e1ab: shutdown server with port 40270 successfully
2019-08-28 20:36:28,134 [refreshUsed-/workdir/hadoop-ozone/integration-test/target/test-dir/MiniOzoneClusterImpl-53cd5f02-19c6-4d92-85a0-fac408bf1129/datanode-0/data/containers] WARN  fs.CachingGetSpaceUsed (CachingGetSpaceUsed.java:run(183)) - Thread Interrupted waiting to refresh disk information: sleep interrupted
2019-08-28 20:36:28,153 [ForkJoinPool.commonPool-worker-0] INFO  utils.BackgroundService (BackgroundService.java:shutdown(148)) - Shutting down service BlockDeletingService
2019-08-28 20:36:28,162 [ForkJoinPool.commonPool-worker-0] INFO  statemachine.DatanodeStateMachine (DatanodeStateMachine.java:stopDaemon(395)) - Ozone container server stopped.
2019-08-28 20:36:28,165 [ForkJoinPool.commonPool-worker-0] INFO  handler.ContextHandler (ContextHandler.java:doStop(910)) - Stopped o.e.j.w.WebAppContext@504497fa{/,null,UNAVAILABLE}{/hddsDatanode}
2019-08-28 20:36:28,165 [ForkJoinPool.commonPool-worker-0] INFO  server.AbstractConnector (AbstractConnector.java:doStop(318)) - Stopped ServerConnector@5618fc1f{HTTP/1.1,[http/1.1]}{0.0.0.0:0}
2019-08-28 20:36:28,166 [ForkJoinPool.commonPool-worker-0] INFO  handler.ContextHandler (ContextHandler.java:doStop(910)) - Stopped o.e.j.s.ServletContextHandler@57b9389f{/static,jar:file:/home/user/.m2/repository/org/apache/hadoop/hadoop-hdds-container-service/0.5.0-SNAPSHOT/hadoop-hdds-container-service-0.5.0-SNAPSHOT.jar!/webapps/static,UNAVAILABLE}
2019-08-28 20:36:28,166 [ForkJoinPool.commonPool-worker-0] INFO  handler.ContextHandler (ContextHandler.java:doStop(910)) - Stopped o.e.j.s.ServletContextHandler@1ab53860{/logs,file:///workdir/hadoop-ozone/integration-test/target/log,UNAVAILABLE}
2019-08-28 20:36:28,679 [Datanode State Machine Thread - 0] INFO  statemachine.DatanodeStateMachine (DatanodeStateMachine.java:lambda$startDaemon$0(350)) - Ozone container server started.
2019-08-28 20:36:32,765 [EventQueue-StaleNodeForStaleNodeHandler] INFO  node.StaleNodeHandler (StaleNodeHandler.java:onMessage(58)) - Datanode 937d6d9e-d3c6-4b74-8a6d-7afbbf2178d6{ip: 192.168.5.177, host: pr-hdds-2051-mwr8n-2748524799, networkLocation: /default-rack, certSerialId: null} moved to stale state. Finalizing its pipelines [PipelineID=021f71d3-5cf3-4b30-8e03-752839b4c8f1, PipelineID=b0a061a5-cfe4-4a30-842b-f7200fd621a1]
2019-08-28 20:36:32,765 [EventQueue-StaleNodeForStaleNodeHandler] INFO  pipeline.SCMPipelineManager (SCMPipelineManager.java:finalizeAndDestroyPipeline(309)) - destroying pipeline:Pipeline[ Id: 021f71d3-5cf3-4b30-8e03-752839b4c8f1, Nodes: 937d6d9e-d3c6-4b74-8a6d-7afbbf2178d6{ip: 192.168.5.177, host: pr-hdds-2051-mwr8n-2748524799, networkLocation: /default-rack, certSerialId: null}, Type:RATIS, Factor:ONE, State:OPEN]
2019-08-28 20:36:32,765 [EventQueue-StaleNodeForStaleNodeHandler] INFO  pipeline.PipelineStateManager (PipelineStateManager.java:finalizePipeline(123)) - Pipeline Pipeline[ Id: 021f71d3-5cf3-4b30-8e03-752839b4c8f1, Nodes: 937d6d9e-d3c6-4b74-8a6d-7afbbf2178d6{ip: 192.168.5.177, host: pr-hdds-2051-mwr8n-2748524799, networkLocation: /default-rack, certSerialId: null}, Type:RATIS, Factor:ONE, State:CLOSED] moved to CLOSED state
2019-08-28 20:36:32,766 [EventQueue-StaleNodeForStaleNodeHandler] INFO  pipeline.SCMPipelineManager (SCMPipelineManager.java:finalizeAndDestroyPipeline(309)) - destroying pipeline:Pipeline[ Id: b0a061a5-cfe4-4a30-842b-f7200fd621a1, Nodes: 937d6d9e-d3c6-4b74-8a6d-7afbbf2178d6{ip: 192.168.5.177, host: pr-hdds-2051-mwr8n-2748524799, networkLocation: /default-rack, certSerialId: null}c5b9be6c-9c2e-4a02-a7ba-e3f0b513e1ab{ip: 192.168.5.177, host: pr-hdds-2051-mwr8n-2748524799, networkLocation: /default-rack, certSerialId: null}593f8111-8960-43bd-a0b5-5a0ee5e7a443{ip: 192.168.5.177, host: pr-hdds-2051-mwr8n-2748524799, networkLocation: /default-rack, certSerialId: null}, Type:RATIS, Factor:THREE, State:CLOSED]
2019-08-28 20:36:33,128 [main] INFO  ozoneimpl.OzoneContainer (OzoneContainer.java:stop(215)) - Attempting to stop container services.
2019-08-28 20:36:33,129 [main] INFO  impl.RaftServerProxy (RaftServerProxy.java:lambda$close$4(314)) - 937d6d9e-d3c6-4b74-8a6d-7afbbf2178d6: close
2019-08-28 20:36:33,129 [main] INFO  impl.RaftServerImpl (RaftServerImpl.java:lambda$shutdown$3(245)) - 937d6d9e-d3c6-4b74-8a6d-7afbbf2178d6: shutdown group-752839B4C8F1
2019-08-28 20:36:33,130 [ForkJoinPool.commonPool-worker-1] INFO  impl.RaftServerImpl (RaftServerImpl.java:lambda$shutdown$3(245)) - 937d6d9e-d3c6-4b74-8a6d-7afbbf2178d6: shutdown group-F7200FD621A1
2019-08-28 20:36:33,130 [main] INFO  util.JmxRegister (JmxRegister.java:unregister(73)) - Successfully un-registered JMX Bean with object name Ratis:service=RaftServer,group=group-752839B4C8F1,id=937d6d9e-d3c6-4b74-8a6d-7afbbf2178d6
2019-08-28 20:36:33,130 [ForkJoinPool.commonPool-worker-1] INFO  util.JmxRegister (JmxRegister.java:unregister(73)) - Successfully un-registered JMX Bean with object name Ratis:service=RaftServer,group=group-F7200FD621A1,id=937d6d9e-d3c6-4b74-8a6d-7afbbf2178d6
2019-08-28 20:36:33,130 [main] INFO  impl.RoleInfo (RoleInfo.java:shutdownLeaderState(104)) - 937d6d9e-d3c6-4b74-8a6d-7afbbf2178d6: shutdown LeaderState
2019-08-28 20:36:33,131 [ForkJoinPool.commonPool-worker-1] INFO  impl.RoleInfo (RoleInfo.java:shutdownFollowerState(121)) - 937d6d9e-d3c6-4b74-8a6d-7afbbf2178d6: shutdown FollowerState
2019-08-28 20:36:33,131 [main] INFO  impl.PendingRequests (PendingRequests.java:sendNotLeaderResponses(202)) - 937d6d9e-d3c6-4b74-8a6d-7afbbf2178d6-PendingRequests: sendNotLeaderResponses
2019-08-28 20:36:33,131 [StateMachineUpdater:937d6d9e-d3c6-4b74-8a6d-7afbbf2178d6:group-F7200FD621A1] INFO  ratis.ContainerStateMachine (ContainerStateMachine.java:takeSnapshot(284)) - group-F7200FD621A1: Taking a snapshot at:(t:2, i:4) file /workdir/hadoop-ozone/integration-test/target/test-dir/MiniOzoneClusterImpl-53cd5f02-19c6-4d92-85a0-fac408bf1129/datanode-5/data/ratis/b0a061a5-cfe4-4a30-842b-f7200fd621a1/sm/snapshot.2_4
2019-08-28 20:36:33,131 [Thread-4184] INFO  impl.FollowerState (FollowerState.java:run(114)) - 937d6d9e-d3c6-4b74-8a6d-7afbbf2178d6: FollowerState was interrupted: java.lang.InterruptedException: sleep interrupted
2019-08-28 20:36:33,131 [ForkJoinPool.commonPool-worker-1] INFO  impl.StateMachineUpdater (StateMachineUpdater.java:stopAndJoin(115)) - StateMachineUpdater:937d6d9e-d3c6-4b74-8a6d-7afbbf2178d6:group-F7200FD621A1: set stopIndex = 6
2019-08-28 20:36:33,132 [main] INFO  impl.StateMachineUpdater (StateMachineUpdater.java:stopAndJoin(115)) - StateMachineUpdater:937d6d9e-d3c6-4b74-8a6d-7afbbf2178d6:group-752839B4C8F1: set stopIndex = 0
2019-08-28 20:36:33,134 [main] INFO  impl.RaftServerImpl (ServerState.java:close(394)) - 937d6d9e-d3c6-4b74-8a6d-7afbbf2178d6:group-752839B4C8F1 closes. The last applied log index is 0
2019-08-28 20:36:33,135 [937d6d9e-d3c6-4b74-8a6d-7afbbf2178d6-SegmentedRaftLogWorker:Storage Directory /workdir/hadoop-ozone/integration-test/target/test-dir/MiniOzoneClusterImpl-53cd5f02-19c6-4d92-85a0-fac408bf1129/datanode-5/data/ratis/021f71d3-5cf3-4b30-8e03-752839b4c8f1] INFO  segmented.SegmentedRaftLogWorker (SegmentedRaftLogWorker.java:run(313)) - 937d6d9e-d3c6-4b74-8a6d-7afbbf2178d6-SegmentedRaftLogWorker:Storage Directory /workdir/hadoop-ozone/integration-test/target/test-dir/MiniOzoneClusterImpl-53cd5f02-19c6-4d92-85a0-fac408bf1129/datanode-5/data/ratis/021f71d3-5cf3-4b30-8e03-752839b4c8f1 was interrupted, exiting. There are 0 tasks remaining in the queue.
2019-08-28 20:36:33,144 [main] INFO  segmented.SegmentedRaftLogWorker (SegmentedRaftLogWorker.java:close(228)) - 937d6d9e-d3c6-4b74-8a6d-7afbbf2178d6-SegmentedRaftLogWorker:Storage Directory /workdir/hadoop-ozone/integration-test/target/test-dir/MiniOzoneClusterImpl-53cd5f02-19c6-4d92-85a0-fac408bf1129/datanode-5/data/ratis/021f71d3-5cf3-4b30-8e03-752839b4c8f1 close()
2019-08-28 20:36:33,147 [StateMachineUpdater:937d6d9e-d3c6-4b74-8a6d-7afbbf2178d6:group-F7200FD621A1] INFO  ratis.ContainerStateMachine (ContainerStateMachine.java:takeSnapshot(295)) - group-F7200FD621A1: Finished taking a snapshot at:(t:2, i:4) file:/workdir/hadoop-ozone/integration-test/target/test-dir/MiniOzoneClusterImpl-53cd5f02-19c6-4d92-85a0-fac408bf1129/datanode-5/data/ratis/b0a061a5-cfe4-4a30-842b-f7200fd621a1/sm/snapshot.2_4 time:16
2019-08-28 20:36:33,147 [StateMachineUpdater:937d6d9e-d3c6-4b74-8a6d-7afbbf2178d6:group-F7200FD621A1] INFO  impl.StateMachineUpdater (StateMachineUpdater.java:takeSnapshot(242)) - StateMachineUpdater:937d6d9e-d3c6-4b74-8a6d-7afbbf2178d6:group-F7200FD621A1: Took a snapshot at index 4
2019-08-28 20:36:33,147 [StateMachineUpdater:937d6d9e-d3c6-4b74-8a6d-7afbbf2178d6:group-F7200FD621A1] INFO  impl.StateMachineUpdater (StateMachineUpdater.java:lambda$new$0(80)) - StateMachineUpdater:937d6d9e-d3c6-4b74-8a6d-7afbbf2178d6:group-F7200FD621A1: snapshotIndex: updateIncreasingly -1 -> 4
2019-08-28 20:36:33,148 [ForkJoinPool.commonPool-worker-1] INFO  impl.RaftServerImpl (ServerState.java:close(394)) - 937d6d9e-d3c6-4b74-8a6d-7afbbf2178d6:group-F7200FD621A1 closes. The last applied log index is 6
2019-08-28 20:36:33,148 [937d6d9e-d3c6-4b74-8a6d-7afbbf2178d6-SegmentedRaftLogWorker:Storage Directory /workdir/hadoop-ozone/integration-test/target/test-dir/MiniOzoneClusterImpl-53cd5f02-19c6-4d92-85a0-fac408bf1129/datanode-5/data/ratis/b0a061a5-cfe4-4a30-842b-f7200fd621a1] INFO  segmented.SegmentedRaftLogWorker (SegmentedRaftLogWorker.java:run(313)) - 937d6d9e-d3c6-4b74-8a6d-7afbbf2178d6-SegmentedRaftLogWorker:Storage Directory /workdir/hadoop-ozone/integration-test/target/test-dir/MiniOzoneClusterImpl-53cd5f02-19c6-4d92-85a0-fac408bf1129/datanode-5/data/ratis/b0a061a5-cfe4-4a30-842b-f7200fd621a1 was interrupted, exiting. There are 0 tasks remaining in the queue.
2019-08-28 20:36:33,149 [ForkJoinPool.commonPool-worker-1] INFO  segmented.SegmentedRaftLogWorker (SegmentedRaftLogWorker.java:close(228)) - 937d6d9e-d3c6-4b74-8a6d-7afbbf2178d6-SegmentedRaftLogWorker:Storage Directory /workdir/hadoop-ozone/integration-test/target/test-dir/MiniOzoneClusterImpl-53cd5f02-19c6-4d92-85a0-fac408bf1129/datanode-5/data/ratis/b0a061a5-cfe4-4a30-842b-f7200fd621a1 close()
2019-08-28 20:36:33,150 [main] INFO  server.GrpcService (GrpcService.java:closeImpl(155)) - 937d6d9e-d3c6-4b74-8a6d-7afbbf2178d6: shutdown server with port 33042 now
2019-08-28 20:36:33,151 [main] INFO  server.GrpcService (GrpcService.java:closeImpl(163)) - 937d6d9e-d3c6-4b74-8a6d-7afbbf2178d6: shutdown server with port 33042 successfully
2019-08-28 20:36:33,153 [refreshUsed-/workdir/hadoop-ozone/integration-test/target/test-dir/MiniOzoneClusterImpl-53cd5f02-19c6-4d92-85a0-fac408bf1129/datanode-5/data/containers] WARN  fs.CachingGetSpaceUsed (CachingGetSpaceUsed.java:run(183)) - Thread Interrupted waiting to refresh disk information: sleep interrupted
2019-08-28 20:36:33,621 [main] INFO  utils.BackgroundService (BackgroundService.java:shutdown(148)) - Shutting down service BlockDeletingService
2019-08-28 20:36:33,622 [main] INFO  statemachine.DatanodeStateMachine (DatanodeStateMachine.java:stopDaemon(395)) - Ozone container server stopped.
2019-08-28 20:36:33,626 [main] INFO  handler.ContextHandler (ContextHandler.java:doStop(910)) - Stopped o.e.j.w.WebAppContext@3bd08435{/,null,UNAVAILABLE}{/hddsDatanode}
2019-08-28 20:36:33,628 [main] INFO  server.AbstractConnector (AbstractConnector.java:doStop(318)) - Stopped ServerConnector@3e52ed5d{HTTP/1.1,[http/1.1]}{0.0.0.0:0}
2019-08-28 20:36:33,628 [main] INFO  handler.ContextHandler (ContextHandler.java:doStop(910)) - Stopped o.e.j.s.ServletContextHandler@5cce40d7{/static,jar:file:/home/user/.m2/repository/org/apache/hadoop/hadoop-hdds-container-service/0.5.0-SNAPSHOT/hadoop-hdds-container-service-0.5.0-SNAPSHOT.jar!/webapps/static,UNAVAILABLE}
2019-08-28 20:36:33,629 [main] INFO  handler.ContextHandler (ContextHandler.java:doStop(910)) - Stopped o.e.j.s.ServletContextHandler@e01a26b{/logs,file:///workdir/hadoop-ozone/integration-test/target/log,UNAVAILABLE}
2019-08-28 20:36:33,636 [main] INFO  ozone.MiniOzoneClusterImpl (MiniOzoneClusterImpl.java:stop(339)) - Stopping the StorageContainerManager
2019-08-28 20:36:33,637 [main] INFO  server.StorageContainerManager (StorageContainerManager.java:stop(797)) - Stopping Replication Manager Service.
2019-08-28 20:36:33,637 [main] INFO  container.ReplicationManager (ReplicationManager.java:stop(193)) - Stopping Replication Monitor Thread.
2019-08-28 20:36:33,637 [main] INFO  server.StorageContainerManager (StorageContainerManager.java:stop(804)) - Stopping Lease Manager of the command watchers
2019-08-28 20:36:33,637 [main] INFO  server.StorageContainerManager (StorageContainerManager.java:stop(811)) - Stopping datanode service RPC server
2019-08-28 20:36:33,637 [main] INFO  server.SCMDatanodeProtocolServer (SCMDatanodeProtocolServer.java:stop(367)) - Stopping the RPC server for DataNodes
2019-08-28 20:36:33,638 [main] INFO  ipc.Server (Server.java:stop(3082)) - Stopping server on 41061
2019-08-28 20:36:33,642 [IPC Server listener on 41061] INFO  ipc.Server (Server.java:run(1185)) - Stopping IPC Server listener on 41061
2019-08-28 20:36:33,643 [IPC Server Responder] INFO  ipc.Server (Server.java:run(1319)) - Stopping IPC Server Responder
2019-08-28 20:36:33,690 [SCM Heartbeat Processing Thread - 0] WARN  node.NodeStateManager (NodeStateManager.java:scheduleNextHealthCheck(646)) - Current Thread is interrupted, shutting down HB processing thread for Node Manager.
2019-08-28 20:36:33,690 [main] INFO  server.StorageContainerManager (StorageContainerManager.java:stop(819)) - Stopping block service RPC server
2019-08-28 20:36:33,691 [main] INFO  server.SCMBlockProtocolServer (SCMBlockProtocolServer.java:stop(149)) - Stopping the RPC server for Block Protocol
2019-08-28 20:36:33,691 [main] INFO  ipc.Server (Server.java:stop(3082)) - Stopping server on 39376
2019-08-28 20:36:33,693 [IPC Server listener on 39376] INFO  ipc.Server (Server.java:run(1185)) - Stopping IPC Server listener on 39376
2019-08-28 20:36:33,695 [main] INFO  server.StorageContainerManager (StorageContainerManager.java:stop(826)) - Stopping the StorageContainerLocationProtocol RPC server
2019-08-28 20:36:33,696 [IPC Server Responder] INFO  ipc.Server (Server.java:run(1319)) - Stopping IPC Server Responder
2019-08-28 20:36:33,697 [main] INFO  server.SCMClientProtocolServer (SCMClientProtocolServer.java:stop(159)) - Stopping the RPC server for Client Protocol
2019-08-28 20:36:33,697 [main] INFO  ipc.Server (Server.java:stop(3082)) - Stopping server on 35732
2019-08-28 20:36:33,700 [IPC Server listener on 35732] INFO  ipc.Server (Server.java:run(1185)) - Stopping IPC Server listener on 35732
2019-08-28 20:36:33,700 [main] INFO  server.StorageContainerManager (StorageContainerManager.java:stop(833)) - Stopping Storage Container Manager HTTP server.
2019-08-28 20:36:33,700 [IPC Server Responder] INFO  ipc.Server (Server.java:run(1319)) - Stopping IPC Server Responder
2019-08-28 20:36:33,702 [main] INFO  handler.ContextHandler (ContextHandler.java:doStop(910)) - Stopped o.e.j.w.WebAppContext@11826398{/,null,UNAVAILABLE}{/scm}
2019-08-28 20:36:33,702 [main] INFO  server.AbstractConnector (AbstractConnector.java:doStop(318)) - Stopped ServerConnector@6c5ca0b6{HTTP/1.1,[http/1.1]}{0.0.0.0:0}
2019-08-28 20:36:33,703 [main] INFO  handler.ContextHandler (ContextHandler.java:doStop(910)) - Stopped o.e.j.s.ServletContextHandler@76ac68b0{/static,file:///workdir/hadoop-ozone/integration-test/target/test-classes/webapps/static,UNAVAILABLE}
2019-08-28 20:36:33,703 [main] INFO  handler.ContextHandler (ContextHandler.java:doStop(910)) - Stopped o.e.j.s.ServletContextHandler@73d62b5{/logs,file:///workdir/hadoop-ozone/integration-test/target/log,UNAVAILABLE}
2019-08-28 20:36:33,704 [main] INFO  server.StorageContainerManager (StorageContainerManager.java:stop(844)) - Stopping Block Manager Service.
2019-08-28 20:36:33,704 [main] INFO  utils.BackgroundService (BackgroundService.java:shutdown(148)) - Shutting down service SCMBlockDeletingService
2019-08-28 20:36:33,705 [main] INFO  utils.BackgroundService (BackgroundService.java:shutdown(148)) - Shutting down service SCMBlockDeletingService
2019-08-28 20:36:33,705 [main] INFO  server.StorageContainerManager (StorageContainerManager.java:stop(866)) - Stopping SCM Event Queue.
2019-08-28 20:36:33,709 [main] INFO  impl.MetricsSystemImpl (MetricsSystemImpl.java:stop(210)) - Stopping HddsDatanode metrics system...
2019-08-28 20:36:33,718 [main] INFO  impl.MetricsSystemImpl (MetricsSystemImpl.java:stop(216)) - HddsDatanode metrics system stopped.
]]></system-out>
  </testcase>
  <testcase name="testWatchForCommitWithCloseContainerException" classname="org.apache.hadoop.ozone.client.rpc.TestBlockOutputStreamWithFailures" time="50.145"/>
  <testcase name="testExceptionDuringClose" classname="org.apache.hadoop.ozone.client.rpc.TestBlockOutputStreamWithFailures" time="33.918"/>
</testsuite>