<?xml version="1.0" encoding="UTF-8"?>
<testsuite xmlns:xsi="http://www.w3.org/2001/XMLSchema-instance" xsi:noNamespaceSchemaLocation="https://maven.apache.org/surefire/maven-surefire-plugin/xsd/surefire-test-report.xsd" name="org.apache.hadoop.ozone.client.rpc.TestCommitWatcher" time="48.839" tests="2" errors="0" skipped="0" failures="1">
  <properties>
    <property name="awt.toolkit" value="sun.awt.X11.XToolkit"/>
    <property name="file.encoding.pkg" value="sun.io"/>
    <property name="java.specification.version" value="1.8"/>
    <property name="sun.cpu.isalist" value=""/>
    <property name="sun.jnu.encoding" value="UTF-8"/>
    <property name="java.class.path" value="/workdir/hadoop-ozone/integration-test/target/test-classes:/workdir/hadoop-ozone/integration-test/target/classes:/home/user/.m2/repository/org/apache/hadoop/hadoop-ozone-common/0.5.0-SNAPSHOT/hadoop-ozone-common-0.5.0-SNAPSHOT.jar:/home/user/.m2/repository/org/apache/commons/commons-compress/1.4.1/commons-compress-1.4.1.jar:/home/user/.m2/repository/org/tukaani/xz/1.0/xz-1.0.jar:/home/user/.m2/repository/org/apache/hadoop/hadoop-common/3.2.0/hadoop-common-3.2.0.jar:/home/user/.m2/repository/org/apache/hadoop/hadoop-hdfs/3.2.0/hadoop-hdfs-3.2.0.jar:/home/user/.m2/repository/org/apache/hadoop/hadoop-hdfs-client/3.2.0/hadoop-hdfs-client-3.2.0.jar:/home/user/.m2/repository/com/fasterxml/jackson/core/jackson-annotations/2.9.5/jackson-annotations-2.9.5.jar:/home/user/.m2/repository/org/apache/hadoop/hadoop-hdds-common/0.5.0-SNAPSHOT/hadoop-hdds-common-0.5.0-SNAPSHOT.jar:/home/user/.m2/repository/javax/annotation/javax.annotation-api/1.2/javax.annotation-api-1.2.jar:/home/user/.m2/repository/org/apache/ratis/ratis-server/0.4.0-2337318-SNAPSHOT/ratis-server-0.4.0-2337318-SNAPSHOT.jar:/home/user/.m2/repository/org/apache/ratis/ratis-thirdparty-misc/0.2.0/ratis-thirdparty-misc-0.2.0.jar:/home/user/.m2/repository/org/apache/ratis/ratis-proto/0.4.0-2337318-SNAPSHOT/ratis-proto-0.4.0-2337318-SNAPSHOT.jar:/home/user/.m2/repository/org/apache/ratis/ratis-common/0.4.0-2337318-SNAPSHOT/ratis-common-0.4.0-2337318-SNAPSHOT.jar:/home/user/.m2/repository/org/apache/ratis/ratis-client/0.4.0-2337318-SNAPSHOT/ratis-client-0.4.0-2337318-SNAPSHOT.jar:/home/user/.m2/repository/org/apache/ratis/ratis-metrics/0.4.0-2337318-SNAPSHOT/ratis-metrics-0.4.0-2337318-SNAPSHOT.jar:/home/user/.m2/repository/org/apache/ratis/ratis-netty/0.4.0-2337318-SNAPSHOT/ratis-netty-0.4.0-2337318-SNAPSHOT.jar:/home/user/.m2/repository/org/apache/ratis/ratis-grpc/0.4.0-2337318-SNAPSHOT/ratis-grpc-0.4.0-2337318-SNAPSHOT.jar:/home/user/.m2/repository/org/rocksdb/rocksdbjni/6.0.1/rocksdbjni-6.0.1.jar:/home/user/.m2/repository/org/apache/logging/log4j/log4j-api/2.11.0/log4j-api-2.11.0.jar:/home/user/.m2/repository/org/apache/logging/log4j/log4j-core/2.11.0/log4j-core-2.11.0.jar:/home/user/.m2/repository/com/lmax/disruptor/3.4.2/disruptor-3.4.2.jar:/home/user/.m2/repository/org/apache/commons/commons-pool2/2.6.0/commons-pool2-2.6.0.jar:/home/user/.m2/repository/org/bouncycastle/bcpkix-jdk15on/1.60/bcpkix-jdk15on-1.60.jar:/home/user/.m2/repository/commons-validator/commons-validator/1.6/commons-validator-1.6.jar:/home/user/.m2/repository/commons-digester/commons-digester/1.8.1/commons-digester-1.8.1.jar:/home/user/.m2/repository/io/jaegertracing/jaeger-client/0.33.1/jaeger-client-0.33.1.jar:/home/user/.m2/repository/io/jaegertracing/jaeger-thrift/0.33.1/jaeger-thrift-0.33.1.jar:/home/user/.m2/repository/org/apache/thrift/libthrift/0.11.0/libthrift-0.11.0.jar:/home/user/.m2/repository/com/squareup/okhttp3/okhttp/3.9.0/okhttp-3.9.0.jar:/home/user/.m2/repository/com/squareup/okio/okio/1.13.0/okio-1.13.0.jar:/home/user/.m2/repository/io/jaegertracing/jaeger-core/0.33.1/jaeger-core-0.33.1.jar:/home/user/.m2/repository/io/jaegertracing/jaeger-tracerresolver/0.33.1/jaeger-tracerresolver-0.33.1.jar:/home/user/.m2/repository/io/opentracing/contrib/opentracing-tracerresolver/0.1.5/opentracing-tracerresolver-0.1.5.jar:/home/user/.m2/repository/io/opentracing/opentracing-util/0.31.0/opentracing-util-0.31.0.jar:/home/user/.m2/repository/io/opentracing/opentracing-api/0.31.0/opentracing-api-0.31.0.jar:/home/user/.m2/repository/io/opentracing/opentracing-noop/0.31.0/opentracing-noop-0.31.0.jar:/home/user/.m2/repository/org/apache/hadoop/hadoop-hdds-server-framework/0.5.0-SNAPSHOT/hadoop-hdds-server-framework-0.5.0-SNAPSHOT.jar:/home/user/.m2/repository/org/apache/hadoop/hadoop-hdds-container-service/0.5.0-SNAPSHOT/hadoop-hdds-container-service-0.5.0-SNAPSHOT.jar:/home/user/.m2/repository/org/apache/hadoop/hadoop-hdds-client/0.5.0-SNAPSHOT/hadoop-hdds-client-0.5.0-SNAPSHOT.jar:/home/user/.m2/repository/org/apache/hadoop/hadoop-hdds-tools/0.5.0-SNAPSHOT/hadoop-hdds-tools-0.5.0-SNAPSHOT.jar:/home/user/.m2/repository/org/apache/hadoop/hadoop-hdds-server-scm/0.5.0-SNAPSHOT/hadoop-hdds-server-scm-0.5.0-SNAPSHOT.jar:/home/user/.m2/repository/org/apache/hadoop/hadoop-hdds-docs/0.5.0-SNAPSHOT/hadoop-hdds-docs-0.5.0-SNAPSHOT.jar:/home/user/.m2/repository/com/sun/xml/bind/jaxb-impl/2.3.0.1/jaxb-impl-2.3.0.1.jar:/home/user/.m2/repository/com/sun/xml/bind/jaxb-core/2.3.0.1/jaxb-core-2.3.0.1.jar:/home/user/.m2/repository/javax/xml/bind/jaxb-api/2.3.0/jaxb-api-2.3.0.jar:/home/user/.m2/repository/javax/activation/activation/1.1.1/activation-1.1.1.jar:/home/user/.m2/repository/io/dropwizard/metrics/metrics-core/3.2.4/metrics-core-3.2.4.jar:/home/user/.m2/repository/org/hamcrest/hamcrest-all/1.3/hamcrest-all-1.3.jar:/home/user/.m2/repository/org/bouncycastle/bcprov-jdk15on/1.60/bcprov-jdk15on-1.60.jar:/home/user/.m2/repository/info/picocli/picocli/3.9.6/picocli-3.9.6.jar:/home/user/.m2/repository/com/google/protobuf/protobuf-java/2.5.0/protobuf-java-2.5.0.jar:/home/user/.m2/repository/com/google/guava/guava/11.0.2/guava-11.0.2.jar:/home/user/.m2/repository/org/apache/hadoop/hadoop-ozone-ozone-manager/0.5.0-SNAPSHOT/hadoop-ozone-ozone-manager-0.5.0-SNAPSHOT.jar:/home/user/.m2/repository/org/apache/hadoop/hadoop-minikdc/3.2.0/hadoop-minikdc-3.2.0.jar:/home/user/.m2/repository/commons-io/commons-io/2.5/commons-io-2.5.jar:/home/user/.m2/repository/org/apache/kerby/kerb-simplekdc/1.0.1/kerb-simplekdc-1.0.1.jar:/home/user/.m2/repository/org/apache/kerby/kerb-client/1.0.1/kerb-client-1.0.1.jar:/home/user/.m2/repository/org/apache/kerby/kerby-config/1.0.1/kerby-config-1.0.1.jar:/home/user/.m2/repository/org/apache/kerby/kerb-core/1.0.1/kerb-core-1.0.1.jar:/home/user/.m2/repository/org/apache/kerby/kerby-pkix/1.0.1/kerby-pkix-1.0.1.jar:/home/user/.m2/repository/org/apache/kerby/kerby-asn1/1.0.1/kerby-asn1-1.0.1.jar:/home/user/.m2/repository/org/apache/kerby/kerby-util/1.0.1/kerby-util-1.0.1.jar:/home/user/.m2/repository/org/apache/kerby/kerb-common/1.0.1/kerb-common-1.0.1.jar:/home/user/.m2/repository/org/apache/kerby/kerb-crypto/1.0.1/kerb-crypto-1.0.1.jar:/home/user/.m2/repository/org/apache/kerby/kerb-util/1.0.1/kerb-util-1.0.1.jar:/home/user/.m2/repository/org/apache/kerby/token-provider/1.0.1/token-provider-1.0.1.jar:/home/user/.m2/repository/org/apache/kerby/kerb-admin/1.0.1/kerb-admin-1.0.1.jar:/home/user/.m2/repository/org/apache/kerby/kerb-server/1.0.1/kerb-server-1.0.1.jar:/home/user/.m2/repository/org/apache/kerby/kerb-identity/1.0.1/kerb-identity-1.0.1.jar:/home/user/.m2/repository/org/apache/kerby/kerby-xdr/1.0.1/kerby-xdr-1.0.1.jar:/home/user/.m2/repository/org/slf4j/slf4j-log4j12/1.7.25/slf4j-log4j12-1.7.25.jar:/home/user/.m2/repository/org/apache/hadoop/hadoop-ozone-s3gateway/0.5.0-SNAPSHOT/hadoop-ozone-s3gateway-0.5.0-SNAPSHOT.jar:/home/user/.m2/repository/org/jboss/weld/servlet/weld-servlet/2.4.7.Final/weld-servlet-2.4.7.Final.jar:/home/user/.m2/repository/org/glassfish/jersey/containers/jersey-container-servlet-core/2.27/jersey-container-servlet-core-2.27.jar:/home/user/.m2/repository/org/glassfish/hk2/external/javax.inject/2.5.0-b42/javax.inject-2.5.0-b42.jar:/home/user/.m2/repository/org/glassfish/jersey/core/jersey-common/2.27/jersey-common-2.27.jar:/home/user/.m2/repository/org/glassfish/hk2/osgi-resource-locator/1.0.1/osgi-resource-locator-1.0.1.jar:/home/user/.m2/repository/javax/ws/rs/javax.ws.rs-api/2.1/javax.ws.rs-api-2.1.jar:/home/user/.m2/repository/org/glassfish/jersey/ext/cdi/jersey-cdi1x/2.27/jersey-cdi1x-2.27.jar:/home/user/.m2/repository/org/glassfish/jersey/inject/jersey-hk2/2.27/jersey-hk2-2.27.jar:/home/user/.m2/repository/org/glassfish/hk2/hk2-locator/2.5.0-b42/hk2-locator-2.5.0-b42.jar:/home/user/.m2/repository/org/javassist/javassist/3.22.0-CR2/javassist-3.22.0-CR2.jar:/home/user/.m2/repository/org/glassfish/hk2/hk2-api/2.5.0/hk2-api-2.5.0.jar:/home/user/.m2/repository/org/glassfish/hk2/external/jakarta.inject/2.5.0/jakarta.inject-2.5.0.jar:/home/user/.m2/repository/org/glassfish/hk2/hk2-utils/2.5.0/hk2-utils-2.5.0.jar:/home/user/.m2/repository/jakarta/annotation/jakarta.annotation-api/1.3.4/jakarta.annotation-api-1.3.4.jar:/home/user/.m2/repository/org/glassfish/hk2/external/aopalliance-repackaged/2.5.0/aopalliance-repackaged-2.5.0.jar:/home/user/.m2/repository/com/fasterxml/jackson/dataformat/jackson-dataformat-xml/2.9.0/jackson-dataformat-xml-2.9.0.jar:/home/user/.m2/repository/com/fasterxml/jackson/core/jackson-core/2.9.5/jackson-core-2.9.5.jar:/home/user/.m2/repository/com/fasterxml/jackson/module/jackson-module-jaxb-annotations/2.9.5/jackson-module-jaxb-annotations-2.9.5.jar:/home/user/.m2/repository/javax/enterprise/cdi-api/1.2/cdi-api-1.2.jar:/home/user/.m2/repository/javax/el/javax.el-api/3.0.0/javax.el-api-3.0.0.jar:/home/user/.m2/repository/javax/interceptor/javax.interceptor-api/1.2/javax.interceptor-api-1.2.jar:/home/user/.m2/repository/javax/inject/javax.inject/1/javax.inject-1.jar:/home/user/.m2/repository/org/apache/hadoop/hadoop-ozone-csi/0.5.0-SNAPSHOT/hadoop-ozone-csi-0.5.0-SNAPSHOT.jar:/home/user/.m2/repository/com/google/protobuf/protobuf-java-util/3.5.1/protobuf-java-util-3.5.1.jar:/home/user/.m2/repository/org/apache/hadoop/hadoop-hdds-config/0.5.0-SNAPSHOT/hadoop-hdds-config-0.5.0-SNAPSHOT.jar:/home/user/.m2/repository/io/grpc/grpc-netty/1.17.1/grpc-netty-1.17.1.jar:/home/user/.m2/repository/io/grpc/grpc-core/1.17.1/grpc-core-1.17.1.jar:/home/user/.m2/repository/io/grpc/grpc-context/1.17.1/grpc-context-1.17.1.jar:/home/user/.m2/repository/com/google/errorprone/error_prone_annotations/2.2.0/error_prone_annotations-2.2.0.jar:/home/user/.m2/repository/org/codehaus/mojo/animal-sniffer-annotations/1.17/animal-sniffer-annotations-1.17.jar:/home/user/.m2/repository/io/opencensus/opencensus-api/0.17.0/opencensus-api-0.17.0.jar:/home/user/.m2/repository/io/opencensus/opencensus-contrib-grpc-metrics/0.17.0/opencensus-contrib-grpc-metrics-0.17.0.jar:/home/user/.m2/repository/io/netty/netty-codec-http2/4.1.30.Final/netty-codec-http2-4.1.30.Final.jar:/home/user/.m2/repository/io/netty/netty-codec-http/4.1.30.Final/netty-codec-http-4.1.30.Final.jar:/home/user/.m2/repository/io/netty/netty-codec/4.1.30.Final/netty-codec-4.1.30.Final.jar:/home/user/.m2/repository/io/netty/netty-handler/4.1.30.Final/netty-handler-4.1.30.Final.jar:/home/user/.m2/repository/io/netty/netty-handler-proxy/4.1.30.Final/netty-handler-proxy-4.1.30.Final.jar:/home/user/.m2/repository/io/netty/netty-codec-socks/4.1.30.Final/netty-codec-socks-4.1.30.Final.jar:/home/user/.m2/repository/io/netty/netty-transport-native-epoll/4.1.30.Final/netty-transport-native-epoll-4.1.30.Final.jar:/home/user/.m2/repository/io/netty/netty-common/4.1.30.Final/netty-common-4.1.30.Final.jar:/home/user/.m2/repository/io/netty/netty-buffer/4.1.30.Final/netty-buffer-4.1.30.Final.jar:/home/user/.m2/repository/io/netty/netty-transport/4.1.30.Final/netty-transport-4.1.30.Final.jar:/home/user/.m2/repository/io/netty/netty-resolver/4.1.30.Final/netty-resolver-4.1.30.Final.jar:/home/user/.m2/repository/io/netty/netty-transport-native-unix-common/4.1.30.Final/netty-transport-native-unix-common-4.1.30.Final.jar:/home/user/.m2/repository/io/grpc/grpc-protobuf/1.17.1/grpc-protobuf-1.17.1.jar:/home/user/.m2/repository/com/google/api/grpc/proto-google-common-protos/1.0.0/proto-google-common-protos-1.0.0.jar:/home/user/.m2/repository/io/grpc/grpc-protobuf-lite/1.17.1/grpc-protobuf-lite-1.17.1.jar:/home/user/.m2/repository/io/grpc/grpc-stub/1.17.1/grpc-stub-1.17.1.jar:/home/user/.m2/repository/org/apache/hadoop/hadoop-ozone-recon/0.5.0-SNAPSHOT/hadoop-ozone-recon-0.5.0-SNAPSHOT.jar:/home/user/.m2/repository/org/apache/hadoop/hadoop-ozone-reconcodegen/0.5.0-SNAPSHOT/hadoop-ozone-reconcodegen-0.5.0-SNAPSHOT.jar:/home/user/.m2/repository/com/google/inject/extensions/guice-multibindings/4.0/guice-multibindings-4.0.jar:/home/user/.m2/repository/com/google/inject/guice/4.0/guice-4.0.jar:/home/user/.m2/repository/aopalliance/aopalliance/1.0/aopalliance-1.0.jar:/home/user/.m2/repository/com/google/inject/extensions/guice-servlet/4.0/guice-servlet-4.0.jar:/home/user/.m2/repository/org/glassfish/jersey/containers/jersey-container-servlet/2.27/jersey-container-servlet-2.27.jar:/home/user/.m2/repository/org/glassfish/hk2/guice-bridge/2.5.0/guice-bridge-2.5.0.jar:/home/user/.m2/repository/org/glassfish/jersey/core/jersey-server/2.27/jersey-server-2.27.jar:/home/user/.m2/repository/org/glassfish/jersey/core/jersey-client/2.27/jersey-client-2.27.jar:/home/user/.m2/repository/org/glassfish/jersey/media/jersey-media-jaxb/2.27/jersey-media-jaxb-2.27.jar:/home/user/.m2/repository/javax/validation/validation-api/1.1.0.Final/validation-api-1.1.0.Final.jar:/home/user/.m2/repository/org/glassfish/jersey/media/jersey-media-json-jackson/2.27/jersey-media-json-jackson-2.27.jar:/home/user/.m2/repository/org/glassfish/jersey/ext/jersey-entity-filtering/2.27/jersey-entity-filtering-2.27.jar:/home/user/.m2/repository/com/google/inject/extensions/guice-assistedinject/4.0/guice-assistedinject-4.0.jar:/home/user/.m2/repository/org/jooq/jooq/3.11.10/jooq-3.11.10.jar:/home/user/.m2/repository/org/jooq/jooq-meta/3.11.10/jooq-meta-3.11.10.jar:/home/user/.m2/repository/org/jooq/jooq-codegen/3.11.10/jooq-codegen-3.11.10.jar:/home/user/.m2/repository/com/jolbox/bonecp/0.8.0.RELEASE/bonecp-0.8.0.RELEASE.jar:/home/user/.m2/repository/org/xerial/sqlite-jdbc/3.25.2/sqlite-jdbc-3.25.2.jar:/home/user/.m2/repository/org/springframework/spring-jdbc/5.1.3.RELEASE/spring-jdbc-5.1.3.RELEASE.jar:/home/user/.m2/repository/org/springframework/spring-beans/5.1.3.RELEASE/spring-beans-5.1.3.RELEASE.jar:/home/user/.m2/repository/org/springframework/spring-core/5.1.3.RELEASE/spring-core-5.1.3.RELEASE.jar:/home/user/.m2/repository/org/springframework/spring-jcl/5.1.3.RELEASE/spring-jcl-5.1.3.RELEASE.jar:/home/user/.m2/repository/org/springframework/spring-tx/5.1.3.RELEASE/spring-tx-5.1.3.RELEASE.jar:/home/user/.m2/repository/org/apache/hadoop/hadoop-ozone-client/0.5.0-SNAPSHOT/hadoop-ozone-client-0.5.0-SNAPSHOT.jar:/home/user/.m2/repository/commons-lang/commons-lang/2.6/commons-lang-2.6.jar:/home/user/.m2/repository/org/apache/hadoop/hadoop-ozone-ozone-manager/0.5.0-SNAPSHOT/hadoop-ozone-ozone-manager-0.5.0-SNAPSHOT-tests.jar:/home/user/.m2/repository/junit/junit/4.11/junit-4.11.jar:/home/user/.m2/repository/org/hamcrest/hamcrest-core/1.3/hamcrest-core-1.3.jar:/home/user/.m2/repository/org/openjdk/jmh/jmh-core/1.19/jmh-core-1.19.jar:/home/user/.m2/repository/net/sf/jopt-simple/jopt-simple/4.6/jopt-simple-4.6.jar:/home/user/.m2/repository/org/apache/commons/commons-math3/3.1.1/commons-math3-3.1.1.jar:/home/user/.m2/repository/org/openjdk/jmh/jmh-generator-annprocess/1.19/jmh-generator-annprocess-1.19.jar:/home/user/.m2/repository/org/mockito/mockito-all/1.8.5/mockito-all-1.8.5.jar:/home/user/.m2/repository/org/apache/hadoop/hadoop-kms/3.2.0/hadoop-kms-3.2.0.jar:/home/user/.m2/repository/org/apache/hadoop/hadoop-auth/3.2.0/hadoop-auth-3.2.0.jar:/home/user/.m2/repository/com/nimbusds/nimbus-jose-jwt/4.41.1/nimbus-jose-jwt-4.41.1.jar:/home/user/.m2/repository/com/github/stephenc/jcip/jcip-annotations/1.0-1/jcip-annotations-1.0-1.jar:/home/user/.m2/repository/net/minidev/json-smart/2.3/json-smart-2.3.jar:/home/user/.m2/repository/net/minidev/accessors-smart/1.2/accessors-smart-1.2.jar:/home/user/.m2/repository/org/ow2/asm/asm/5.0.4/asm-5.0.4.jar:/home/user/.m2/repository/org/apache/curator/curator-framework/2.12.0/curator-framework-2.12.0.jar:/home/user/.m2/repository/com/sun/jersey/jersey-core/1.19/jersey-core-1.19.jar:/home/user/.m2/repository/javax/ws/rs/jsr311-api/1.1.1/jsr311-api-1.1.1.jar:/home/user/.m2/repository/com/sun/jersey/jersey-server/1.19/jersey-server-1.19.jar:/home/user/.m2/repository/javax/servlet/javax.servlet-api/3.1.0/javax.servlet-api-3.1.0.jar:/home/user/.m2/repository/org/eclipse/jetty/jetty-server/9.3.24.v20180605/jetty-server-9.3.24.v20180605.jar:/home/user/.m2/repository/org/eclipse/jetty/jetty-http/9.3.24.v20180605/jetty-http-9.3.24.v20180605.jar:/home/user/.m2/repository/org/eclipse/jetty/jetty-io/9.3.24.v20180605/jetty-io-9.3.24.v20180605.jar:/home/user/.m2/repository/org/eclipse/jetty/jetty-webapp/9.3.24.v20180605/jetty-webapp-9.3.24.v20180605.jar:/home/user/.m2/repository/org/eclipse/jetty/jetty-xml/9.3.24.v20180605/jetty-xml-9.3.24.v20180605.jar:/home/user/.m2/repository/log4j/log4j/1.2.17/log4j-1.2.17.jar:/home/user/.m2/repository/org/slf4j/slf4j-api/1.7.25/slf4j-api-1.7.25.jar:/home/user/.m2/repository/org/slf4j/jul-to-slf4j/1.7.25/jul-to-slf4j-1.7.25.jar:/home/user/.m2/repository/org/eclipse/jetty/jetty-util/9.3.24.v20180605/jetty-util-9.3.24.v20180605.jar:/home/user/.m2/repository/com/fasterxml/jackson/core/jackson-databind/2.9.5/jackson-databind-2.9.5.jar:/home/user/.m2/repository/org/apache/hadoop/hadoop-kms/3.2.0/hadoop-kms-3.2.0-tests.jar:/home/user/.m2/repository/org/apache/hadoop/hadoop-hdds-server-scm/0.5.0-SNAPSHOT/hadoop-hdds-server-scm-0.5.0-SNAPSHOT-tests.jar:/home/user/.m2/repository/org/apache/hadoop/hadoop-hdds-container-service/0.5.0-SNAPSHOT/hadoop-hdds-container-service-0.5.0-SNAPSHOT-tests.jar:/home/user/.m2/repository/org/yaml/snakeyaml/1.16/snakeyaml-1.16.jar:/home/user/.m2/repository/org/apache/hadoop/hadoop-common/3.2.0/hadoop-common-3.2.0-tests.jar:/home/user/.m2/repository/org/apache/hadoop/hadoop-annotations/3.2.0/hadoop-annotations-3.2.0.jar:/usr/lib/jvm/java-1.8-openjdk/jre/../lib/tools.jar:/home/user/.m2/repository/commons-cli/commons-cli/1.2/commons-cli-1.2.jar:/home/user/.m2/repository/org/apache/httpcomponents/httpclient/4.5.2/httpclient-4.5.2.jar:/home/user/.m2/repository/org/apache/httpcomponents/httpcore/4.4.4/httpcore-4.4.4.jar:/home/user/.m2/repository/commons-codec/commons-codec/1.11/commons-codec-1.11.jar:/home/user/.m2/repository/commons-net/commons-net/3.6/commons-net-3.6.jar:/home/user/.m2/repository/commons-collections/commons-collections/3.2.2/commons-collections-3.2.2.jar:/home/user/.m2/repository/org/eclipse/jetty/jetty-servlet/9.3.24.v20180605/jetty-servlet-9.3.24.v20180605.jar:/home/user/.m2/repository/org/eclipse/jetty/jetty-security/9.3.24.v20180605/jetty-security-9.3.24.v20180605.jar:/home/user/.m2/repository/javax/servlet/jsp/jsp-api/2.1/jsp-api-2.1.jar:/home/user/.m2/repository/com/sun/jersey/jersey-servlet/1.19/jersey-servlet-1.19.jar:/home/user/.m2/repository/com/sun/jersey/jersey-json/1.19/jersey-json-1.19.jar:/home/user/.m2/repository/org/codehaus/jettison/jettison/1.1/jettison-1.1.jar:/home/user/.m2/repository/org/codehaus/jackson/jackson-core-asl/1.9.13/jackson-core-asl-1.9.13.jar:/home/user/.m2/repository/org/codehaus/jackson/jackson-mapper-asl/1.9.13/jackson-mapper-asl-1.9.13.jar:/home/user/.m2/repository/org/codehaus/jackson/jackson-jaxrs/1.9.13/jackson-jaxrs-1.9.13.jar:/home/user/.m2/repository/org/codehaus/jackson/jackson-xc/1.9.13/jackson-xc-1.9.13.jar:/home/user/.m2/repository/commons-logging/commons-logging/1.1.3/commons-logging-1.1.3.jar:/home/user/.m2/repository/commons-beanutils/commons-beanutils/1.9.3/commons-beanutils-1.9.3.jar:/home/user/.m2/repository/org/apache/commons/commons-configuration2/2.1.1/commons-configuration2-2.1.1.jar:/home/user/.m2/repository/org/apache/commons/commons-lang3/3.7/commons-lang3-3.7.jar:/home/user/.m2/repository/org/apache/commons/commons-text/1.4/commons-text-1.4.jar:/home/user/.m2/repository/org/apache/avro/avro/1.7.7/avro-1.7.7.jar:/home/user/.m2/repository/com/thoughtworks/paranamer/paranamer/2.3/paranamer-2.3.jar:/home/user/.m2/repository/org/xerial/snappy/snappy-java/1.0.5/snappy-java-1.0.5.jar:/home/user/.m2/repository/com/google/re2j/re2j/1.1/re2j-1.1.jar:/home/user/.m2/repository/com/google/code/gson/gson/2.2.4/gson-2.2.4.jar:/home/user/.m2/repository/com/jcraft/jsch/0.1.54/jsch-0.1.54.jar:/home/user/.m2/repository/org/apache/curator/curator-client/2.12.0/curator-client-2.12.0.jar:/home/user/.m2/repository/org/apache/curator/curator-recipes/2.12.0/curator-recipes-2.12.0.jar:/home/user/.m2/repository/com/google/code/findbugs/jsr305/3.0.0/jsr305-3.0.0.jar:/home/user/.m2/repository/org/apache/htrace/htrace-core4/4.1.0-incubating/htrace-core4-4.1.0-incubating.jar:/home/user/.m2/repository/org/apache/zookeeper/zookeeper/3.4.13/zookeeper-3.4.13.jar:/home/user/.m2/repository/org/apache/yetus/audience-annotations/0.5.0/audience-annotations-0.5.0.jar:/home/user/.m2/repository/org/codehaus/woodstox/stax2-api/3.1.4/stax2-api-3.1.4.jar:/home/user/.m2/repository/com/fasterxml/woodstox/woodstox-core/5.0.3/woodstox-core-5.0.3.jar:/home/user/.m2/repository/dnsjava/dnsjava/2.1.7/dnsjava-2.1.7.jar:/home/user/.m2/repository/org/apache/hadoop/hadoop-hdfs/3.2.0/hadoop-hdfs-3.2.0-tests.jar:/home/user/.m2/repository/org/eclipse/jetty/jetty-util-ajax/9.3.24.v20180605/jetty-util-ajax-9.3.24.v20180605.jar:/home/user/.m2/repository/commons-daemon/commons-daemon/1.0.13/commons-daemon-1.0.13.jar:/home/user/.m2/repository/io/netty/netty/3.10.5.Final/netty-3.10.5.Final.jar:/home/user/.m2/repository/io/netty/netty-all/4.0.52.Final/netty-all-4.0.52.Final.jar:/home/user/.m2/repository/org/fusesource/leveldbjni/leveldbjni-all/1.8/leveldbjni-all-1.8.jar:"/>
    <property name="java.vm.vendor" value="IcedTea"/>
    <property name="sun.arch.data.model" value="64"/>
    <property name="test.build.dir" value="/workdir/hadoop-ozone/integration-test/target/test-dir"/>
    <property name="test.cache.data" value=""/>
    <property name="java.vendor.url" value="https://icedtea.classpath.org"/>
    <property name="user.timezone" value=""/>
    <property name="java.vm.specification.version" value="1.8"/>
    <property name="os.name" value="Linux"/>
    <property name="test.build.data" value="/workdir/hadoop-ozone/integration-test/target/test-dir"/>
    <property name="user.country" value="US"/>
    <property name="sun.java.launcher" value="SUN_STANDARD"/>
    <property name="sun.boot.library.path" value="/usr/lib/jvm/java-1.8-openjdk/jre/lib/amd64"/>
    <property name="sun.java.command" value="/workdir/hadoop-ozone/integration-test/target/surefire/surefirebooter4122664767981218938.jar /workdir/hadoop-ozone/integration-test/target/surefire 2019-08-28T20-07-15_347-jvmRun1 surefire1568427691585524355tmp surefire_253947356232984112613tmp"/>
    <property name="test" value="!TestMiniChaosOzoneCluster"/>
    <property name="surefire.test.class.path" value="/workdir/hadoop-ozone/integration-test/target/test-classes:/workdir/hadoop-ozone/integration-test/target/classes:/home/user/.m2/repository/org/apache/hadoop/hadoop-ozone-common/0.5.0-SNAPSHOT/hadoop-ozone-common-0.5.0-SNAPSHOT.jar:/home/user/.m2/repository/org/apache/commons/commons-compress/1.4.1/commons-compress-1.4.1.jar:/home/user/.m2/repository/org/tukaani/xz/1.0/xz-1.0.jar:/home/user/.m2/repository/org/apache/hadoop/hadoop-common/3.2.0/hadoop-common-3.2.0.jar:/home/user/.m2/repository/org/apache/hadoop/hadoop-hdfs/3.2.0/hadoop-hdfs-3.2.0.jar:/home/user/.m2/repository/org/apache/hadoop/hadoop-hdfs-client/3.2.0/hadoop-hdfs-client-3.2.0.jar:/home/user/.m2/repository/com/fasterxml/jackson/core/jackson-annotations/2.9.5/jackson-annotations-2.9.5.jar:/home/user/.m2/repository/org/apache/hadoop/hadoop-hdds-common/0.5.0-SNAPSHOT/hadoop-hdds-common-0.5.0-SNAPSHOT.jar:/home/user/.m2/repository/javax/annotation/javax.annotation-api/1.2/javax.annotation-api-1.2.jar:/home/user/.m2/repository/org/apache/ratis/ratis-server/0.4.0-2337318-SNAPSHOT/ratis-server-0.4.0-2337318-SNAPSHOT.jar:/home/user/.m2/repository/org/apache/ratis/ratis-thirdparty-misc/0.2.0/ratis-thirdparty-misc-0.2.0.jar:/home/user/.m2/repository/org/apache/ratis/ratis-proto/0.4.0-2337318-SNAPSHOT/ratis-proto-0.4.0-2337318-SNAPSHOT.jar:/home/user/.m2/repository/org/apache/ratis/ratis-common/0.4.0-2337318-SNAPSHOT/ratis-common-0.4.0-2337318-SNAPSHOT.jar:/home/user/.m2/repository/org/apache/ratis/ratis-client/0.4.0-2337318-SNAPSHOT/ratis-client-0.4.0-2337318-SNAPSHOT.jar:/home/user/.m2/repository/org/apache/ratis/ratis-metrics/0.4.0-2337318-SNAPSHOT/ratis-metrics-0.4.0-2337318-SNAPSHOT.jar:/home/user/.m2/repository/org/apache/ratis/ratis-netty/0.4.0-2337318-SNAPSHOT/ratis-netty-0.4.0-2337318-SNAPSHOT.jar:/home/user/.m2/repository/org/apache/ratis/ratis-grpc/0.4.0-2337318-SNAPSHOT/ratis-grpc-0.4.0-2337318-SNAPSHOT.jar:/home/user/.m2/repository/org/rocksdb/rocksdbjni/6.0.1/rocksdbjni-6.0.1.jar:/home/user/.m2/repository/org/apache/logging/log4j/log4j-api/2.11.0/log4j-api-2.11.0.jar:/home/user/.m2/repository/org/apache/logging/log4j/log4j-core/2.11.0/log4j-core-2.11.0.jar:/home/user/.m2/repository/com/lmax/disruptor/3.4.2/disruptor-3.4.2.jar:/home/user/.m2/repository/org/apache/commons/commons-pool2/2.6.0/commons-pool2-2.6.0.jar:/home/user/.m2/repository/org/bouncycastle/bcpkix-jdk15on/1.60/bcpkix-jdk15on-1.60.jar:/home/user/.m2/repository/commons-validator/commons-validator/1.6/commons-validator-1.6.jar:/home/user/.m2/repository/commons-digester/commons-digester/1.8.1/commons-digester-1.8.1.jar:/home/user/.m2/repository/io/jaegertracing/jaeger-client/0.33.1/jaeger-client-0.33.1.jar:/home/user/.m2/repository/io/jaegertracing/jaeger-thrift/0.33.1/jaeger-thrift-0.33.1.jar:/home/user/.m2/repository/org/apache/thrift/libthrift/0.11.0/libthrift-0.11.0.jar:/home/user/.m2/repository/com/squareup/okhttp3/okhttp/3.9.0/okhttp-3.9.0.jar:/home/user/.m2/repository/com/squareup/okio/okio/1.13.0/okio-1.13.0.jar:/home/user/.m2/repository/io/jaegertracing/jaeger-core/0.33.1/jaeger-core-0.33.1.jar:/home/user/.m2/repository/io/jaegertracing/jaeger-tracerresolver/0.33.1/jaeger-tracerresolver-0.33.1.jar:/home/user/.m2/repository/io/opentracing/contrib/opentracing-tracerresolver/0.1.5/opentracing-tracerresolver-0.1.5.jar:/home/user/.m2/repository/io/opentracing/opentracing-util/0.31.0/opentracing-util-0.31.0.jar:/home/user/.m2/repository/io/opentracing/opentracing-api/0.31.0/opentracing-api-0.31.0.jar:/home/user/.m2/repository/io/opentracing/opentracing-noop/0.31.0/opentracing-noop-0.31.0.jar:/home/user/.m2/repository/org/apache/hadoop/hadoop-hdds-server-framework/0.5.0-SNAPSHOT/hadoop-hdds-server-framework-0.5.0-SNAPSHOT.jar:/home/user/.m2/repository/org/apache/hadoop/hadoop-hdds-container-service/0.5.0-SNAPSHOT/hadoop-hdds-container-service-0.5.0-SNAPSHOT.jar:/home/user/.m2/repository/org/apache/hadoop/hadoop-hdds-client/0.5.0-SNAPSHOT/hadoop-hdds-client-0.5.0-SNAPSHOT.jar:/home/user/.m2/repository/org/apache/hadoop/hadoop-hdds-tools/0.5.0-SNAPSHOT/hadoop-hdds-tools-0.5.0-SNAPSHOT.jar:/home/user/.m2/repository/org/apache/hadoop/hadoop-hdds-server-scm/0.5.0-SNAPSHOT/hadoop-hdds-server-scm-0.5.0-SNAPSHOT.jar:/home/user/.m2/repository/org/apache/hadoop/hadoop-hdds-docs/0.5.0-SNAPSHOT/hadoop-hdds-docs-0.5.0-SNAPSHOT.jar:/home/user/.m2/repository/com/sun/xml/bind/jaxb-impl/2.3.0.1/jaxb-impl-2.3.0.1.jar:/home/user/.m2/repository/com/sun/xml/bind/jaxb-core/2.3.0.1/jaxb-core-2.3.0.1.jar:/home/user/.m2/repository/javax/xml/bind/jaxb-api/2.3.0/jaxb-api-2.3.0.jar:/home/user/.m2/repository/javax/activation/activation/1.1.1/activation-1.1.1.jar:/home/user/.m2/repository/io/dropwizard/metrics/metrics-core/3.2.4/metrics-core-3.2.4.jar:/home/user/.m2/repository/org/hamcrest/hamcrest-all/1.3/hamcrest-all-1.3.jar:/home/user/.m2/repository/org/bouncycastle/bcprov-jdk15on/1.60/bcprov-jdk15on-1.60.jar:/home/user/.m2/repository/info/picocli/picocli/3.9.6/picocli-3.9.6.jar:/home/user/.m2/repository/com/google/protobuf/protobuf-java/2.5.0/protobuf-java-2.5.0.jar:/home/user/.m2/repository/com/google/guava/guava/11.0.2/guava-11.0.2.jar:/home/user/.m2/repository/org/apache/hadoop/hadoop-ozone-ozone-manager/0.5.0-SNAPSHOT/hadoop-ozone-ozone-manager-0.5.0-SNAPSHOT.jar:/home/user/.m2/repository/org/apache/hadoop/hadoop-minikdc/3.2.0/hadoop-minikdc-3.2.0.jar:/home/user/.m2/repository/commons-io/commons-io/2.5/commons-io-2.5.jar:/home/user/.m2/repository/org/apache/kerby/kerb-simplekdc/1.0.1/kerb-simplekdc-1.0.1.jar:/home/user/.m2/repository/org/apache/kerby/kerb-client/1.0.1/kerb-client-1.0.1.jar:/home/user/.m2/repository/org/apache/kerby/kerby-config/1.0.1/kerby-config-1.0.1.jar:/home/user/.m2/repository/org/apache/kerby/kerb-core/1.0.1/kerb-core-1.0.1.jar:/home/user/.m2/repository/org/apache/kerby/kerby-pkix/1.0.1/kerby-pkix-1.0.1.jar:/home/user/.m2/repository/org/apache/kerby/kerby-asn1/1.0.1/kerby-asn1-1.0.1.jar:/home/user/.m2/repository/org/apache/kerby/kerby-util/1.0.1/kerby-util-1.0.1.jar:/home/user/.m2/repository/org/apache/kerby/kerb-common/1.0.1/kerb-common-1.0.1.jar:/home/user/.m2/repository/org/apache/kerby/kerb-crypto/1.0.1/kerb-crypto-1.0.1.jar:/home/user/.m2/repository/org/apache/kerby/kerb-util/1.0.1/kerb-util-1.0.1.jar:/home/user/.m2/repository/org/apache/kerby/token-provider/1.0.1/token-provider-1.0.1.jar:/home/user/.m2/repository/org/apache/kerby/kerb-admin/1.0.1/kerb-admin-1.0.1.jar:/home/user/.m2/repository/org/apache/kerby/kerb-server/1.0.1/kerb-server-1.0.1.jar:/home/user/.m2/repository/org/apache/kerby/kerb-identity/1.0.1/kerb-identity-1.0.1.jar:/home/user/.m2/repository/org/apache/kerby/kerby-xdr/1.0.1/kerby-xdr-1.0.1.jar:/home/user/.m2/repository/org/slf4j/slf4j-log4j12/1.7.25/slf4j-log4j12-1.7.25.jar:/home/user/.m2/repository/org/apache/hadoop/hadoop-ozone-s3gateway/0.5.0-SNAPSHOT/hadoop-ozone-s3gateway-0.5.0-SNAPSHOT.jar:/home/user/.m2/repository/org/jboss/weld/servlet/weld-servlet/2.4.7.Final/weld-servlet-2.4.7.Final.jar:/home/user/.m2/repository/org/glassfish/jersey/containers/jersey-container-servlet-core/2.27/jersey-container-servlet-core-2.27.jar:/home/user/.m2/repository/org/glassfish/hk2/external/javax.inject/2.5.0-b42/javax.inject-2.5.0-b42.jar:/home/user/.m2/repository/org/glassfish/jersey/core/jersey-common/2.27/jersey-common-2.27.jar:/home/user/.m2/repository/org/glassfish/hk2/osgi-resource-locator/1.0.1/osgi-resource-locator-1.0.1.jar:/home/user/.m2/repository/javax/ws/rs/javax.ws.rs-api/2.1/javax.ws.rs-api-2.1.jar:/home/user/.m2/repository/org/glassfish/jersey/ext/cdi/jersey-cdi1x/2.27/jersey-cdi1x-2.27.jar:/home/user/.m2/repository/org/glassfish/jersey/inject/jersey-hk2/2.27/jersey-hk2-2.27.jar:/home/user/.m2/repository/org/glassfish/hk2/hk2-locator/2.5.0-b42/hk2-locator-2.5.0-b42.jar:/home/user/.m2/repository/org/javassist/javassist/3.22.0-CR2/javassist-3.22.0-CR2.jar:/home/user/.m2/repository/org/glassfish/hk2/hk2-api/2.5.0/hk2-api-2.5.0.jar:/home/user/.m2/repository/org/glassfish/hk2/external/jakarta.inject/2.5.0/jakarta.inject-2.5.0.jar:/home/user/.m2/repository/org/glassfish/hk2/hk2-utils/2.5.0/hk2-utils-2.5.0.jar:/home/user/.m2/repository/jakarta/annotation/jakarta.annotation-api/1.3.4/jakarta.annotation-api-1.3.4.jar:/home/user/.m2/repository/org/glassfish/hk2/external/aopalliance-repackaged/2.5.0/aopalliance-repackaged-2.5.0.jar:/home/user/.m2/repository/com/fasterxml/jackson/dataformat/jackson-dataformat-xml/2.9.0/jackson-dataformat-xml-2.9.0.jar:/home/user/.m2/repository/com/fasterxml/jackson/core/jackson-core/2.9.5/jackson-core-2.9.5.jar:/home/user/.m2/repository/com/fasterxml/jackson/module/jackson-module-jaxb-annotations/2.9.5/jackson-module-jaxb-annotations-2.9.5.jar:/home/user/.m2/repository/javax/enterprise/cdi-api/1.2/cdi-api-1.2.jar:/home/user/.m2/repository/javax/el/javax.el-api/3.0.0/javax.el-api-3.0.0.jar:/home/user/.m2/repository/javax/interceptor/javax.interceptor-api/1.2/javax.interceptor-api-1.2.jar:/home/user/.m2/repository/javax/inject/javax.inject/1/javax.inject-1.jar:/home/user/.m2/repository/org/apache/hadoop/hadoop-ozone-csi/0.5.0-SNAPSHOT/hadoop-ozone-csi-0.5.0-SNAPSHOT.jar:/home/user/.m2/repository/com/google/protobuf/protobuf-java-util/3.5.1/protobuf-java-util-3.5.1.jar:/home/user/.m2/repository/org/apache/hadoop/hadoop-hdds-config/0.5.0-SNAPSHOT/hadoop-hdds-config-0.5.0-SNAPSHOT.jar:/home/user/.m2/repository/io/grpc/grpc-netty/1.17.1/grpc-netty-1.17.1.jar:/home/user/.m2/repository/io/grpc/grpc-core/1.17.1/grpc-core-1.17.1.jar:/home/user/.m2/repository/io/grpc/grpc-context/1.17.1/grpc-context-1.17.1.jar:/home/user/.m2/repository/com/google/errorprone/error_prone_annotations/2.2.0/error_prone_annotations-2.2.0.jar:/home/user/.m2/repository/org/codehaus/mojo/animal-sniffer-annotations/1.17/animal-sniffer-annotations-1.17.jar:/home/user/.m2/repository/io/opencensus/opencensus-api/0.17.0/opencensus-api-0.17.0.jar:/home/user/.m2/repository/io/opencensus/opencensus-contrib-grpc-metrics/0.17.0/opencensus-contrib-grpc-metrics-0.17.0.jar:/home/user/.m2/repository/io/netty/netty-codec-http2/4.1.30.Final/netty-codec-http2-4.1.30.Final.jar:/home/user/.m2/repository/io/netty/netty-codec-http/4.1.30.Final/netty-codec-http-4.1.30.Final.jar:/home/user/.m2/repository/io/netty/netty-codec/4.1.30.Final/netty-codec-4.1.30.Final.jar:/home/user/.m2/repository/io/netty/netty-handler/4.1.30.Final/netty-handler-4.1.30.Final.jar:/home/user/.m2/repository/io/netty/netty-handler-proxy/4.1.30.Final/netty-handler-proxy-4.1.30.Final.jar:/home/user/.m2/repository/io/netty/netty-codec-socks/4.1.30.Final/netty-codec-socks-4.1.30.Final.jar:/home/user/.m2/repository/io/netty/netty-transport-native-epoll/4.1.30.Final/netty-transport-native-epoll-4.1.30.Final.jar:/home/user/.m2/repository/io/netty/netty-common/4.1.30.Final/netty-common-4.1.30.Final.jar:/home/user/.m2/repository/io/netty/netty-buffer/4.1.30.Final/netty-buffer-4.1.30.Final.jar:/home/user/.m2/repository/io/netty/netty-transport/4.1.30.Final/netty-transport-4.1.30.Final.jar:/home/user/.m2/repository/io/netty/netty-resolver/4.1.30.Final/netty-resolver-4.1.30.Final.jar:/home/user/.m2/repository/io/netty/netty-transport-native-unix-common/4.1.30.Final/netty-transport-native-unix-common-4.1.30.Final.jar:/home/user/.m2/repository/io/grpc/grpc-protobuf/1.17.1/grpc-protobuf-1.17.1.jar:/home/user/.m2/repository/com/google/api/grpc/proto-google-common-protos/1.0.0/proto-google-common-protos-1.0.0.jar:/home/user/.m2/repository/io/grpc/grpc-protobuf-lite/1.17.1/grpc-protobuf-lite-1.17.1.jar:/home/user/.m2/repository/io/grpc/grpc-stub/1.17.1/grpc-stub-1.17.1.jar:/home/user/.m2/repository/org/apache/hadoop/hadoop-ozone-recon/0.5.0-SNAPSHOT/hadoop-ozone-recon-0.5.0-SNAPSHOT.jar:/home/user/.m2/repository/org/apache/hadoop/hadoop-ozone-reconcodegen/0.5.0-SNAPSHOT/hadoop-ozone-reconcodegen-0.5.0-SNAPSHOT.jar:/home/user/.m2/repository/com/google/inject/extensions/guice-multibindings/4.0/guice-multibindings-4.0.jar:/home/user/.m2/repository/com/google/inject/guice/4.0/guice-4.0.jar:/home/user/.m2/repository/aopalliance/aopalliance/1.0/aopalliance-1.0.jar:/home/user/.m2/repository/com/google/inject/extensions/guice-servlet/4.0/guice-servlet-4.0.jar:/home/user/.m2/repository/org/glassfish/jersey/containers/jersey-container-servlet/2.27/jersey-container-servlet-2.27.jar:/home/user/.m2/repository/org/glassfish/hk2/guice-bridge/2.5.0/guice-bridge-2.5.0.jar:/home/user/.m2/repository/org/glassfish/jersey/core/jersey-server/2.27/jersey-server-2.27.jar:/home/user/.m2/repository/org/glassfish/jersey/core/jersey-client/2.27/jersey-client-2.27.jar:/home/user/.m2/repository/org/glassfish/jersey/media/jersey-media-jaxb/2.27/jersey-media-jaxb-2.27.jar:/home/user/.m2/repository/javax/validation/validation-api/1.1.0.Final/validation-api-1.1.0.Final.jar:/home/user/.m2/repository/org/glassfish/jersey/media/jersey-media-json-jackson/2.27/jersey-media-json-jackson-2.27.jar:/home/user/.m2/repository/org/glassfish/jersey/ext/jersey-entity-filtering/2.27/jersey-entity-filtering-2.27.jar:/home/user/.m2/repository/com/google/inject/extensions/guice-assistedinject/4.0/guice-assistedinject-4.0.jar:/home/user/.m2/repository/org/jooq/jooq/3.11.10/jooq-3.11.10.jar:/home/user/.m2/repository/org/jooq/jooq-meta/3.11.10/jooq-meta-3.11.10.jar:/home/user/.m2/repository/org/jooq/jooq-codegen/3.11.10/jooq-codegen-3.11.10.jar:/home/user/.m2/repository/com/jolbox/bonecp/0.8.0.RELEASE/bonecp-0.8.0.RELEASE.jar:/home/user/.m2/repository/org/xerial/sqlite-jdbc/3.25.2/sqlite-jdbc-3.25.2.jar:/home/user/.m2/repository/org/springframework/spring-jdbc/5.1.3.RELEASE/spring-jdbc-5.1.3.RELEASE.jar:/home/user/.m2/repository/org/springframework/spring-beans/5.1.3.RELEASE/spring-beans-5.1.3.RELEASE.jar:/home/user/.m2/repository/org/springframework/spring-core/5.1.3.RELEASE/spring-core-5.1.3.RELEASE.jar:/home/user/.m2/repository/org/springframework/spring-jcl/5.1.3.RELEASE/spring-jcl-5.1.3.RELEASE.jar:/home/user/.m2/repository/org/springframework/spring-tx/5.1.3.RELEASE/spring-tx-5.1.3.RELEASE.jar:/home/user/.m2/repository/org/apache/hadoop/hadoop-ozone-client/0.5.0-SNAPSHOT/hadoop-ozone-client-0.5.0-SNAPSHOT.jar:/home/user/.m2/repository/commons-lang/commons-lang/2.6/commons-lang-2.6.jar:/home/user/.m2/repository/org/apache/hadoop/hadoop-ozone-ozone-manager/0.5.0-SNAPSHOT/hadoop-ozone-ozone-manager-0.5.0-SNAPSHOT-tests.jar:/home/user/.m2/repository/junit/junit/4.11/junit-4.11.jar:/home/user/.m2/repository/org/hamcrest/hamcrest-core/1.3/hamcrest-core-1.3.jar:/home/user/.m2/repository/org/openjdk/jmh/jmh-core/1.19/jmh-core-1.19.jar:/home/user/.m2/repository/net/sf/jopt-simple/jopt-simple/4.6/jopt-simple-4.6.jar:/home/user/.m2/repository/org/apache/commons/commons-math3/3.1.1/commons-math3-3.1.1.jar:/home/user/.m2/repository/org/openjdk/jmh/jmh-generator-annprocess/1.19/jmh-generator-annprocess-1.19.jar:/home/user/.m2/repository/org/mockito/mockito-all/1.8.5/mockito-all-1.8.5.jar:/home/user/.m2/repository/org/apache/hadoop/hadoop-kms/3.2.0/hadoop-kms-3.2.0.jar:/home/user/.m2/repository/org/apache/hadoop/hadoop-auth/3.2.0/hadoop-auth-3.2.0.jar:/home/user/.m2/repository/com/nimbusds/nimbus-jose-jwt/4.41.1/nimbus-jose-jwt-4.41.1.jar:/home/user/.m2/repository/com/github/stephenc/jcip/jcip-annotations/1.0-1/jcip-annotations-1.0-1.jar:/home/user/.m2/repository/net/minidev/json-smart/2.3/json-smart-2.3.jar:/home/user/.m2/repository/net/minidev/accessors-smart/1.2/accessors-smart-1.2.jar:/home/user/.m2/repository/org/ow2/asm/asm/5.0.4/asm-5.0.4.jar:/home/user/.m2/repository/org/apache/curator/curator-framework/2.12.0/curator-framework-2.12.0.jar:/home/user/.m2/repository/com/sun/jersey/jersey-core/1.19/jersey-core-1.19.jar:/home/user/.m2/repository/javax/ws/rs/jsr311-api/1.1.1/jsr311-api-1.1.1.jar:/home/user/.m2/repository/com/sun/jersey/jersey-server/1.19/jersey-server-1.19.jar:/home/user/.m2/repository/javax/servlet/javax.servlet-api/3.1.0/javax.servlet-api-3.1.0.jar:/home/user/.m2/repository/org/eclipse/jetty/jetty-server/9.3.24.v20180605/jetty-server-9.3.24.v20180605.jar:/home/user/.m2/repository/org/eclipse/jetty/jetty-http/9.3.24.v20180605/jetty-http-9.3.24.v20180605.jar:/home/user/.m2/repository/org/eclipse/jetty/jetty-io/9.3.24.v20180605/jetty-io-9.3.24.v20180605.jar:/home/user/.m2/repository/org/eclipse/jetty/jetty-webapp/9.3.24.v20180605/jetty-webapp-9.3.24.v20180605.jar:/home/user/.m2/repository/org/eclipse/jetty/jetty-xml/9.3.24.v20180605/jetty-xml-9.3.24.v20180605.jar:/home/user/.m2/repository/log4j/log4j/1.2.17/log4j-1.2.17.jar:/home/user/.m2/repository/org/slf4j/slf4j-api/1.7.25/slf4j-api-1.7.25.jar:/home/user/.m2/repository/org/slf4j/jul-to-slf4j/1.7.25/jul-to-slf4j-1.7.25.jar:/home/user/.m2/repository/org/eclipse/jetty/jetty-util/9.3.24.v20180605/jetty-util-9.3.24.v20180605.jar:/home/user/.m2/repository/com/fasterxml/jackson/core/jackson-databind/2.9.5/jackson-databind-2.9.5.jar:/home/user/.m2/repository/org/apache/hadoop/hadoop-kms/3.2.0/hadoop-kms-3.2.0-tests.jar:/home/user/.m2/repository/org/apache/hadoop/hadoop-hdds-server-scm/0.5.0-SNAPSHOT/hadoop-hdds-server-scm-0.5.0-SNAPSHOT-tests.jar:/home/user/.m2/repository/org/apache/hadoop/hadoop-hdds-container-service/0.5.0-SNAPSHOT/hadoop-hdds-container-service-0.5.0-SNAPSHOT-tests.jar:/home/user/.m2/repository/org/yaml/snakeyaml/1.16/snakeyaml-1.16.jar:/home/user/.m2/repository/org/apache/hadoop/hadoop-common/3.2.0/hadoop-common-3.2.0-tests.jar:/home/user/.m2/repository/org/apache/hadoop/hadoop-annotations/3.2.0/hadoop-annotations-3.2.0.jar:/usr/lib/jvm/java-1.8-openjdk/jre/../lib/tools.jar:/home/user/.m2/repository/commons-cli/commons-cli/1.2/commons-cli-1.2.jar:/home/user/.m2/repository/org/apache/httpcomponents/httpclient/4.5.2/httpclient-4.5.2.jar:/home/user/.m2/repository/org/apache/httpcomponents/httpcore/4.4.4/httpcore-4.4.4.jar:/home/user/.m2/repository/commons-codec/commons-codec/1.11/commons-codec-1.11.jar:/home/user/.m2/repository/commons-net/commons-net/3.6/commons-net-3.6.jar:/home/user/.m2/repository/commons-collections/commons-collections/3.2.2/commons-collections-3.2.2.jar:/home/user/.m2/repository/org/eclipse/jetty/jetty-servlet/9.3.24.v20180605/jetty-servlet-9.3.24.v20180605.jar:/home/user/.m2/repository/org/eclipse/jetty/jetty-security/9.3.24.v20180605/jetty-security-9.3.24.v20180605.jar:/home/user/.m2/repository/javax/servlet/jsp/jsp-api/2.1/jsp-api-2.1.jar:/home/user/.m2/repository/com/sun/jersey/jersey-servlet/1.19/jersey-servlet-1.19.jar:/home/user/.m2/repository/com/sun/jersey/jersey-json/1.19/jersey-json-1.19.jar:/home/user/.m2/repository/org/codehaus/jettison/jettison/1.1/jettison-1.1.jar:/home/user/.m2/repository/org/codehaus/jackson/jackson-core-asl/1.9.13/jackson-core-asl-1.9.13.jar:/home/user/.m2/repository/org/codehaus/jackson/jackson-mapper-asl/1.9.13/jackson-mapper-asl-1.9.13.jar:/home/user/.m2/repository/org/codehaus/jackson/jackson-jaxrs/1.9.13/jackson-jaxrs-1.9.13.jar:/home/user/.m2/repository/org/codehaus/jackson/jackson-xc/1.9.13/jackson-xc-1.9.13.jar:/home/user/.m2/repository/commons-logging/commons-logging/1.1.3/commons-logging-1.1.3.jar:/home/user/.m2/repository/commons-beanutils/commons-beanutils/1.9.3/commons-beanutils-1.9.3.jar:/home/user/.m2/repository/org/apache/commons/commons-configuration2/2.1.1/commons-configuration2-2.1.1.jar:/home/user/.m2/repository/org/apache/commons/commons-lang3/3.7/commons-lang3-3.7.jar:/home/user/.m2/repository/org/apache/commons/commons-text/1.4/commons-text-1.4.jar:/home/user/.m2/repository/org/apache/avro/avro/1.7.7/avro-1.7.7.jar:/home/user/.m2/repository/com/thoughtworks/paranamer/paranamer/2.3/paranamer-2.3.jar:/home/user/.m2/repository/org/xerial/snappy/snappy-java/1.0.5/snappy-java-1.0.5.jar:/home/user/.m2/repository/com/google/re2j/re2j/1.1/re2j-1.1.jar:/home/user/.m2/repository/com/google/code/gson/gson/2.2.4/gson-2.2.4.jar:/home/user/.m2/repository/com/jcraft/jsch/0.1.54/jsch-0.1.54.jar:/home/user/.m2/repository/org/apache/curator/curator-client/2.12.0/curator-client-2.12.0.jar:/home/user/.m2/repository/org/apache/curator/curator-recipes/2.12.0/curator-recipes-2.12.0.jar:/home/user/.m2/repository/com/google/code/findbugs/jsr305/3.0.0/jsr305-3.0.0.jar:/home/user/.m2/repository/org/apache/htrace/htrace-core4/4.1.0-incubating/htrace-core4-4.1.0-incubating.jar:/home/user/.m2/repository/org/apache/zookeeper/zookeeper/3.4.13/zookeeper-3.4.13.jar:/home/user/.m2/repository/org/apache/yetus/audience-annotations/0.5.0/audience-annotations-0.5.0.jar:/home/user/.m2/repository/org/codehaus/woodstox/stax2-api/3.1.4/stax2-api-3.1.4.jar:/home/user/.m2/repository/com/fasterxml/woodstox/woodstox-core/5.0.3/woodstox-core-5.0.3.jar:/home/user/.m2/repository/dnsjava/dnsjava/2.1.7/dnsjava-2.1.7.jar:/home/user/.m2/repository/org/apache/hadoop/hadoop-hdfs/3.2.0/hadoop-hdfs-3.2.0-tests.jar:/home/user/.m2/repository/org/eclipse/jetty/jetty-util-ajax/9.3.24.v20180605/jetty-util-ajax-9.3.24.v20180605.jar:/home/user/.m2/repository/commons-daemon/commons-daemon/1.0.13/commons-daemon-1.0.13.jar:/home/user/.m2/repository/io/netty/netty/3.10.5.Final/netty-3.10.5.Final.jar:/home/user/.m2/repository/io/netty/netty-all/4.0.52.Final/netty-all-4.0.52.Final.jar:/home/user/.m2/repository/org/fusesource/leveldbjni/leveldbjni-all/1.8/leveldbjni-all-1.8.jar:"/>
    <property name="sun.cpu.endian" value="little"/>
    <property name="user.home" value="/home/user"/>
    <property name="user.language" value="en"/>
    <property name="java.specification.vendor" value="Oracle Corporation"/>
    <property name="java.home" value="/usr/lib/jvm/java-1.8-openjdk/jre"/>
    <property name="java.security.krb5.conf" value="/workdir/hadoop-ozone/integration-test/target/test-classes/krb5.conf"/>
    <property name="basedir" value="/workdir/hadoop-ozone/integration-test"/>
    <property name="file.separator" value="/"/>
    <property name="line.separator" value="&#10;"/>
    <property name="java.vm.specification.vendor" value="Oracle Corporation"/>
    <property name="java.specification.name" value="Java Platform API Specification"/>
    <property name="java.awt.graphicsenv" value="sun.awt.X11GraphicsEnvironment"/>
    <property name="surefire.real.class.path" value="/workdir/hadoop-ozone/integration-test/target/surefire/surefirebooter4122664767981218938.jar"/>
    <property name="hadoop.log.dir" value="/workdir/hadoop-ozone/integration-test/target/log"/>
    <property name="sun.boot.class.path" value="/usr/lib/jvm/java-1.8-openjdk/jre/lib/resources.jar:/usr/lib/jvm/java-1.8-openjdk/jre/lib/rt.jar:/usr/lib/jvm/java-1.8-openjdk/jre/lib/sunrsasign.jar:/usr/lib/jvm/java-1.8-openjdk/jre/lib/jsse.jar:/usr/lib/jvm/java-1.8-openjdk/jre/lib/jce.jar:/usr/lib/jvm/java-1.8-openjdk/jre/lib/charsets.jar:/usr/lib/jvm/java-1.8-openjdk/jre/lib/jfr.jar:/usr/lib/jvm/java-1.8-openjdk/jre/classes"/>
    <property name="sun.management.compiler" value="HotSpot 64-Bit Tiered Compilers"/>
    <property name="java.runtime.version" value="1.8.0_212-b04"/>
    <property name="java.net.preferIPv4Stack" value="true"/>
    <property name="user.name" value="jenkins1000"/>
    <property name="path.separator" value=":"/>
    <property name="java.security.egd" value="file:///dev/urandom"/>
    <property name="os.version" value="3.10.0-957.12.2.el7.x86_64"/>
    <property name="java.endorsed.dirs" value="/usr/lib/jvm/java-1.8-openjdk/jre/lib/endorsed"/>
    <property name="java.runtime.name" value="OpenJDK Runtime Environment"/>
    <property name="file.encoding" value="UTF-8"/>
    <property name="java.vm.name" value="OpenJDK 64-Bit Server VM"/>
    <property name="test.build.webapps" value=""/>
    <property name="localRepository" value="/home/user/.m2/repository"/>
    <property name="java.vendor.url.bug" value="https://icedtea.classpath.org/bugzilla"/>
    <property name="java.io.tmpdir" value="/tmp"/>
    <property name="require.test.libhadoop" value=""/>
    <property name="java.version" value="1.8.0_212"/>
    <property name="user.dir" value="/workdir/hadoop-ozone/integration-test"/>
    <property name="os.arch" value="amd64"/>
    <property name="java.vm.specification.name" value="Java Virtual Machine Specification"/>
    <property name="test.build.classes" value="/workdir/hadoop-ozone/integration-test/target/test-classes"/>
    <property name="java.awt.printerjob" value="sun.print.PSPrinterJob"/>
    <property name="sun.os.patch.level" value="unknown"/>
    <property name="hadoop.tmp.dir" value="/workdir/hadoop-ozone/integration-test/target/tmp"/>
    <property name="java.library.path" value="/usr/lib/jvm/java-1.8-openjdk/jre/lib/amd64/server:/usr/lib/jvm/java-1.8-openjdk/jre/lib/amd64:/usr/lib/jvm/java-1.8-openjdk/jre/../lib/amd64:/workdir/hadoop-ozone/integration-test/target/native/target/usr/local/lib:/workdir/hadoop-ozone/integration-test/../../hadoop-common-project/hadoop-common/target/native/target/usr/local/lib:/usr/java/packages/lib/amd64:/usr/lib64:/lib64:/lib:/usr/lib"/>
    <property name="java.vm.info" value="mixed mode"/>
    <property name="java.vendor" value="IcedTea"/>
    <property name="java.vm.version" value="25.212-b04"/>
    <property name="java.ext.dirs" value="/usr/lib/jvm/java-1.8-openjdk/jre/lib/ext:/usr/java/packages/lib/ext"/>
    <property name="sun.io.unicode.encoding" value="UnicodeLittle"/>
    <property name="java.class.version" value="52.0"/>
  </properties>
  <testcase name="testReleaseBuffers" classname="org.apache.hadoop.ozone.client.rpc.TestCommitWatcher" time="5.518"/>
  <testcase name="testReleaseBuffersOnException" classname="org.apache.hadoop.ozone.client.rpc.TestCommitWatcher" time="15.815">
    <failure type="java.lang.AssertionError">java.lang.AssertionError
	at org.junit.Assert.fail(Assert.java:86)
	at org.junit.Assert.assertTrue(Assert.java:41)
	at org.junit.Assert.assertTrue(Assert.java:52)
	at org.apache.hadoop.ozone.client.rpc.TestCommitWatcher.testReleaseBuffersOnException(TestCommitWatcher.java:284)
	at sun.reflect.NativeMethodAccessorImpl.invoke0(Native Method)
	at sun.reflect.NativeMethodAccessorImpl.invoke(NativeMethodAccessorImpl.java:62)
	at sun.reflect.DelegatingMethodAccessorImpl.invoke(DelegatingMethodAccessorImpl.java:43)
	at java.lang.reflect.Method.invoke(Method.java:498)
	at org.junit.runners.model.FrameworkMethod$1.runReflectiveCall(FrameworkMethod.java:47)
	at org.junit.internal.runners.model.ReflectiveCallable.run(ReflectiveCallable.java:12)
	at org.junit.runners.model.FrameworkMethod.invokeExplosively(FrameworkMethod.java:44)
	at org.junit.internal.runners.statements.InvokeMethod.evaluate(InvokeMethod.java:17)
	at org.junit.runners.ParentRunner.runLeaf(ParentRunner.java:271)
	at org.junit.runners.BlockJUnit4ClassRunner.runChild(BlockJUnit4ClassRunner.java:70)
	at org.junit.runners.BlockJUnit4ClassRunner.runChild(BlockJUnit4ClassRunner.java:50)
	at org.junit.runners.ParentRunner$3.run(ParentRunner.java:238)
	at org.junit.runners.ParentRunner$1.schedule(ParentRunner.java:63)
	at org.junit.runners.ParentRunner.runChildren(ParentRunner.java:236)
	at org.junit.runners.ParentRunner.access$000(ParentRunner.java:53)
	at org.junit.runners.ParentRunner$2.evaluate(ParentRunner.java:229)
	at org.junit.internal.runners.statements.RunBefores.evaluate(RunBefores.java:26)
	at org.junit.internal.runners.statements.RunAfters.evaluate(RunAfters.java:27)
	at org.junit.runners.ParentRunner.run(ParentRunner.java:309)
	at org.apache.maven.surefire.junit4.JUnit4Provider.execute(JUnit4Provider.java:365)
	at org.apache.maven.surefire.junit4.JUnit4Provider.executeWithRerun(JUnit4Provider.java:273)
	at org.apache.maven.surefire.junit4.JUnit4Provider.executeTestSet(JUnit4Provider.java:238)
	at org.apache.maven.surefire.junit4.JUnit4Provider.invoke(JUnit4Provider.java:159)
	at org.apache.maven.surefire.booter.ForkedBooter.invokeProviderInSameClassLoader(ForkedBooter.java:384)
	at org.apache.maven.surefire.booter.ForkedBooter.runSuitesInProcess(ForkedBooter.java:345)
	at org.apache.maven.surefire.booter.ForkedBooter.execute(ForkedBooter.java:126)
	at org.apache.maven.surefire.booter.ForkedBooter.main(ForkedBooter.java:418)
</failure>
    <system-out><![CDATA[2019-08-28 20:44:51,456 [grpc-default-executor-3] INFO  client.GrpcClientProtocolClient (GrpcClientProtocolClient.java:onNext(255)) - client-4FB9E36F692C->6442b5b0-8ca3-4299-ae95-3c32f8a8b340: receive RaftClientReply:client-4FB9E36F692C->6442b5b0-8ca3-4299-ae95-3c32f8a8b340@group-3264F301F961, cid=17, FAILED org.apache.ratis.protocol.NotLeaderException: Server 6442b5b0-8ca3-4299-ae95-3c32f8a8b340 is not the leader (null). Request must be sent to leader., logIndex=0, commits[6442b5b0-8ca3-4299-ae95-3c32f8a8b340:c-1]
2019-08-28 20:44:51,511 | INFO  | SCMAudit | user=jenkins1000 | ip=192.168.5.177 | op=SEND_HEARTBEAT {datanodeUUID=513c1f65-f8ca-4fcc-b6c3-6854c51589e0, command=[]} | ret=SUCCESS |  
2019-08-28 20:44:51,525 | INFO  | SCMAudit | user=jenkins1000 | ip=192.168.5.177 | op=SEND_HEARTBEAT {datanodeUUID=db639f82-73eb-4be5-a392-fc470322a624, command=[]} | ret=SUCCESS |  
2019-08-28 20:44:51,706 | INFO  | SCMAudit | user=jenkins1000 | ip=192.168.5.177 | op=SEND_HEARTBEAT {datanodeUUID=6442b5b0-8ca3-4299-ae95-3c32f8a8b340, command=[]} | ret=SUCCESS |  
2019-08-28 20:44:51,780 | INFO  | SCMAudit | user=jenkins1000 | ip=192.168.5.177 | op=SEND_HEARTBEAT {datanodeUUID=8bd7a6f0-43a3-4468-a050-7eae86b3305d, command=[]} | ret=SUCCESS |  
2019-08-28 20:44:52,093 | INFO  | SCMAudit | user=jenkins1000 | ip=192.168.5.177 | op=SEND_HEARTBEAT {datanodeUUID=a9b8c672-ce93-46c3-bb25-c9de4bd083e1, command=[]} | ret=SUCCESS |  
2019-08-28 20:44:52,152 | INFO  | SCMAudit | user=jenkins1000 | ip=192.168.5.177 | op=SEND_HEARTBEAT {datanodeUUID=5fdcf193-aea2-41f0-a17a-0cccd8389a83, command=[]} | ret=SUCCESS |  
2019-08-28 20:44:52,152 | INFO  | SCMAudit | user=jenkins1000 | ip=192.168.5.177 | op=SEND_HEARTBEAT {datanodeUUID=cd0ecae8-bdb7-4f89-a39b-644d87647cdb, command=[]} | ret=SUCCESS |  
2019-08-28 20:44:52,494 [grpc-default-executor-1] INFO  client.GrpcClientProtocolClient (GrpcClientProtocolClient.java:onNext(255)) - client-4FB9E36F692C->8bd7a6f0-43a3-4468-a050-7eae86b3305d: receive RaftClientReply:client-4FB9E36F692C->8bd7a6f0-43a3-4468-a050-7eae86b3305d@group-3264F301F961, cid=17, FAILED org.apache.ratis.protocol.NotLeaderException: Server 8bd7a6f0-43a3-4468-a050-7eae86b3305d is not the leader (null). Request must be sent to leader., logIndex=0, commits[8bd7a6f0-43a3-4468-a050-7eae86b3305d:c-1, db639f82-73eb-4be5-a392-fc470322a624:c-1, 6442b5b0-8ca3-4299-ae95-3c32f8a8b340:c-1]
2019-08-28 20:44:52,510 | INFO  | SCMAudit | user=jenkins1000 | ip=192.168.5.177 | op=SEND_HEARTBEAT {datanodeUUID=513c1f65-f8ca-4fcc-b6c3-6854c51589e0, command=[]} | ret=SUCCESS |  
2019-08-28 20:44:52,524 | INFO  | SCMAudit | user=jenkins1000 | ip=192.168.5.177 | op=SEND_HEARTBEAT {datanodeUUID=db639f82-73eb-4be5-a392-fc470322a624, command=[]} | ret=SUCCESS |  
2019-08-28 20:44:52,705 | INFO  | SCMAudit | user=jenkins1000 | ip=192.168.5.177 | op=SEND_HEARTBEAT {datanodeUUID=6442b5b0-8ca3-4299-ae95-3c32f8a8b340, command=[]} | ret=SUCCESS |  
2019-08-28 20:44:52,780 | INFO  | SCMAudit | user=jenkins1000 | ip=192.168.5.177 | op=SEND_HEARTBEAT {datanodeUUID=8bd7a6f0-43a3-4468-a050-7eae86b3305d, command=[]} | ret=SUCCESS |  
2019-08-28 20:44:53,093 | INFO  | SCMAudit | user=jenkins1000 | ip=192.168.5.177 | op=SEND_HEARTBEAT {datanodeUUID=a9b8c672-ce93-46c3-bb25-c9de4bd083e1, command=[]} | ret=SUCCESS |  
2019-08-28 20:44:53,152 | INFO  | SCMAudit | user=jenkins1000 | ip=192.168.5.177 | op=SEND_HEARTBEAT {datanodeUUID=cd0ecae8-bdb7-4f89-a39b-644d87647cdb, command=[]} | ret=SUCCESS |  
2019-08-28 20:44:53,152 | INFO  | SCMAudit | user=jenkins1000 | ip=192.168.5.177 | op=SEND_HEARTBEAT {datanodeUUID=5fdcf193-aea2-41f0-a17a-0cccd8389a83, command=[]} | ret=SUCCESS |  
2019-08-28 20:44:53,513 | INFO  | SCMAudit | user=jenkins1000 | ip=192.168.5.177 | op=SEND_HEARTBEAT {datanodeUUID=513c1f65-f8ca-4fcc-b6c3-6854c51589e0, command=[]} | ret=SUCCESS |  
2019-08-28 20:44:53,524 [grpc-default-executor-1] INFO  client.GrpcClientProtocolClient (GrpcClientProtocolClient.java:onNext(255)) - client-4FB9E36F692C->db639f82-73eb-4be5-a392-fc470322a624: receive RaftClientReply:client-4FB9E36F692C->db639f82-73eb-4be5-a392-fc470322a624@group-3264F301F961, cid=17, FAILED org.apache.ratis.protocol.NotLeaderException: Server db639f82-73eb-4be5-a392-fc470322a624 is not the leader (null). Request must be sent to leader., logIndex=0, commits[db639f82-73eb-4be5-a392-fc470322a624:c-1, 8bd7a6f0-43a3-4468-a050-7eae86b3305d:c-1, 6442b5b0-8ca3-4299-ae95-3c32f8a8b340:c-1]
2019-08-28 20:44:53,531 | INFO  | SCMAudit | user=jenkins1000 | ip=192.168.5.177 | op=SEND_HEARTBEAT {datanodeUUID=db639f82-73eb-4be5-a392-fc470322a624, command=[]} | ret=SUCCESS |  
2019-08-28 20:44:53,706 | INFO  | SCMAudit | user=jenkins1000 | ip=192.168.5.177 | op=SEND_HEARTBEAT {datanodeUUID=6442b5b0-8ca3-4299-ae95-3c32f8a8b340, command=[]} | ret=SUCCESS |  
2019-08-28 20:44:53,779 | INFO  | SCMAudit | user=jenkins1000 | ip=192.168.5.177 | op=SEND_HEARTBEAT {datanodeUUID=8bd7a6f0-43a3-4468-a050-7eae86b3305d, command=[]} | ret=SUCCESS |  
2019-08-28 20:44:54,093 | INFO  | SCMAudit | user=jenkins1000 | ip=192.168.5.177 | op=SEND_HEARTBEAT {datanodeUUID=a9b8c672-ce93-46c3-bb25-c9de4bd083e1, command=[]} | ret=SUCCESS |  
2019-08-28 20:44:54,151 | INFO  | SCMAudit | user=jenkins1000 | ip=192.168.5.177 | op=SEND_HEARTBEAT {datanodeUUID=5fdcf193-aea2-41f0-a17a-0cccd8389a83, command=[]} | ret=SUCCESS |  
2019-08-28 20:44:54,152 | INFO  | SCMAudit | user=jenkins1000 | ip=192.168.5.177 | op=SEND_HEARTBEAT {datanodeUUID=cd0ecae8-bdb7-4f89-a39b-644d87647cdb, command=[]} | ret=SUCCESS |  
2019-08-28 20:44:54,513 | INFO  | SCMAudit | user=jenkins1000 | ip=192.168.5.177 | op=SEND_HEARTBEAT {datanodeUUID=513c1f65-f8ca-4fcc-b6c3-6854c51589e0, command=[]} | ret=SUCCESS |  
2019-08-28 20:44:54,525 | INFO  | SCMAudit | user=jenkins1000 | ip=192.168.5.177 | op=SEND_HEARTBEAT {datanodeUUID=db639f82-73eb-4be5-a392-fc470322a624, command=[]} | ret=SUCCESS |  
2019-08-28 20:44:54,553 [grpc-default-executor-3] INFO  client.GrpcClientProtocolClient (GrpcClientProtocolClient.java:onNext(255)) - client-4FB9E36F692C->6442b5b0-8ca3-4299-ae95-3c32f8a8b340: receive RaftClientReply:client-4FB9E36F692C->6442b5b0-8ca3-4299-ae95-3c32f8a8b340@group-3264F301F961, cid=17, FAILED org.apache.ratis.protocol.NotLeaderException: Server 6442b5b0-8ca3-4299-ae95-3c32f8a8b340 is not the leader (null). Request must be sent to leader., logIndex=0, commits[6442b5b0-8ca3-4299-ae95-3c32f8a8b340:c-1]
2019-08-28 20:44:54,706 | INFO  | SCMAudit | user=jenkins1000 | ip=192.168.5.177 | op=SEND_HEARTBEAT {datanodeUUID=6442b5b0-8ca3-4299-ae95-3c32f8a8b340, command=[]} | ret=SUCCESS |  
2019-08-28 20:44:54,780 | INFO  | SCMAudit | user=jenkins1000 | ip=192.168.5.177 | op=SEND_HEARTBEAT {datanodeUUID=8bd7a6f0-43a3-4468-a050-7eae86b3305d, command=[]} | ret=SUCCESS |  
2019-08-28 20:44:55,092 | INFO  | SCMAudit | user=jenkins1000 | ip=192.168.5.177 | op=SEND_HEARTBEAT {datanodeUUID=a9b8c672-ce93-46c3-bb25-c9de4bd083e1, command=[]} | ret=SUCCESS |  
2019-08-28 20:44:55,152 | INFO  | SCMAudit | user=jenkins1000 | ip=192.168.5.177 | op=SEND_HEARTBEAT {datanodeUUID=cd0ecae8-bdb7-4f89-a39b-644d87647cdb, command=[]} | ret=SUCCESS |  
2019-08-28 20:44:55,152 | INFO  | SCMAudit | user=jenkins1000 | ip=192.168.5.177 | op=SEND_HEARTBEAT {datanodeUUID=5fdcf193-aea2-41f0-a17a-0cccd8389a83, command=[]} | ret=SUCCESS |  
2019-08-28 20:44:55,513 | INFO  | SCMAudit | user=jenkins1000 | ip=192.168.5.177 | op=SEND_HEARTBEAT {datanodeUUID=513c1f65-f8ca-4fcc-b6c3-6854c51589e0, command=[]} | ret=SUCCESS |  
2019-08-28 20:44:55,525 | INFO  | SCMAudit | user=jenkins1000 | ip=192.168.5.177 | op=SEND_HEARTBEAT {datanodeUUID=db639f82-73eb-4be5-a392-fc470322a624, command=[]} | ret=SUCCESS |  
2019-08-28 20:44:55,588 [grpc-default-executor-3] INFO  client.GrpcClientProtocolClient (GrpcClientProtocolClient.java:onNext(255)) - client-4FB9E36F692C->8bd7a6f0-43a3-4468-a050-7eae86b3305d: receive RaftClientReply:client-4FB9E36F692C->8bd7a6f0-43a3-4468-a050-7eae86b3305d@group-3264F301F961, cid=17, FAILED org.apache.ratis.protocol.NotLeaderException: Server 8bd7a6f0-43a3-4468-a050-7eae86b3305d is not the leader (null). Request must be sent to leader., logIndex=0, commits[8bd7a6f0-43a3-4468-a050-7eae86b3305d:c-1, db639f82-73eb-4be5-a392-fc470322a624:c-1, 6442b5b0-8ca3-4299-ae95-3c32f8a8b340:c-1]
2019-08-28 20:44:55,706 | INFO  | SCMAudit | user=jenkins1000 | ip=192.168.5.177 | op=SEND_HEARTBEAT {datanodeUUID=6442b5b0-8ca3-4299-ae95-3c32f8a8b340, command=[]} | ret=SUCCESS |  
2019-08-28 20:44:55,761 [Thread-327] INFO  impl.FollowerState (FollowerState.java:run(106)) - 6442b5b0-8ca3-4299-ae95-3c32f8a8b340:group-3264F301F961 changes to CANDIDATE, lastRpcTime:5189, electionTimeout:5189ms
2019-08-28 20:44:55,775 [Thread-327] INFO  impl.RoleInfo (RoleInfo.java:shutdownFollowerState(121)) - 6442b5b0-8ca3-4299-ae95-3c32f8a8b340: shutdown FollowerState
2019-08-28 20:44:55,775 [Thread-327] INFO  impl.RaftServerImpl (RaftServerImpl.java:setRole(171)) - 6442b5b0-8ca3-4299-ae95-3c32f8a8b340:group-3264F301F961 changes role from FOLLOWER to CANDIDATE at term 2 for changeToCandidate
2019-08-28 20:44:55,775 [Thread-327] INFO  impl.RoleInfo (RoleInfo.java:updateAndGet(143)) - 6442b5b0-8ca3-4299-ae95-3c32f8a8b340: start LeaderElection
2019-08-28 20:44:55,780 | INFO  | SCMAudit | user=jenkins1000 | ip=192.168.5.177 | op=SEND_HEARTBEAT {datanodeUUID=8bd7a6f0-43a3-4468-a050-7eae86b3305d, command=[]} | ret=SUCCESS |  
2019-08-28 20:44:55,792 [6442b5b0-8ca3-4299-ae95-3c32f8a8b340:group-3264F301F961:LeaderElection12] INFO  impl.LeaderElection (LeaderElection.java:askForVotes(181)) - 6442b5b0-8ca3-4299-ae95-3c32f8a8b340:group-3264F301F961:LeaderElection12: begin an election at term 3 for -1: [db639f82-73eb-4be5-a392-fc470322a624:192.168.5.177:40185, 8bd7a6f0-43a3-4468-a050-7eae86b3305d:192.168.5.177:37966, 6442b5b0-8ca3-4299-ae95-3c32f8a8b340:192.168.5.177:39497], old=null
2019-08-28 20:44:55,803 [grpc-default-executor-3] INFO  impl.RaftServerImpl (RaftServerImpl.java:setRole(171)) - 8bd7a6f0-43a3-4468-a050-7eae86b3305d:group-3264F301F961 changes role from FOLLOWER to FOLLOWER at term 3 for recognizeCandidate:6442b5b0-8ca3-4299-ae95-3c32f8a8b340
2019-08-28 20:44:55,803 [grpc-default-executor-1] INFO  impl.RaftServerImpl (RaftServerImpl.java:setRole(171)) - db639f82-73eb-4be5-a392-fc470322a624:group-3264F301F961 changes role from FOLLOWER to FOLLOWER at term 3 for recognizeCandidate:6442b5b0-8ca3-4299-ae95-3c32f8a8b340
2019-08-28 20:44:55,804 [grpc-default-executor-3] INFO  impl.RoleInfo (RoleInfo.java:shutdownFollowerState(121)) - 8bd7a6f0-43a3-4468-a050-7eae86b3305d: shutdown FollowerState
2019-08-28 20:44:55,804 [grpc-default-executor-1] INFO  impl.RoleInfo (RoleInfo.java:shutdownFollowerState(121)) - db639f82-73eb-4be5-a392-fc470322a624: shutdown FollowerState
2019-08-28 20:44:55,804 [grpc-default-executor-3] INFO  impl.RoleInfo (RoleInfo.java:updateAndGet(143)) - 8bd7a6f0-43a3-4468-a050-7eae86b3305d: start FollowerState
2019-08-28 20:44:55,804 [grpc-default-executor-1] INFO  impl.RoleInfo (RoleInfo.java:updateAndGet(143)) - db639f82-73eb-4be5-a392-fc470322a624: start FollowerState
2019-08-28 20:44:55,804 [Thread-340] INFO  impl.FollowerState (FollowerState.java:run(114)) - 8bd7a6f0-43a3-4468-a050-7eae86b3305d: FollowerState was interrupted: java.lang.InterruptedException: sleep interrupted
2019-08-28 20:44:55,805 [Thread-339] INFO  impl.FollowerState (FollowerState.java:run(114)) - db639f82-73eb-4be5-a392-fc470322a624: FollowerState was interrupted: java.lang.InterruptedException: sleep interrupted
2019-08-28 20:44:55,824 [6442b5b0-8ca3-4299-ae95-3c32f8a8b340:group-3264F301F961:LeaderElection12] INFO  impl.LeaderElection (LeaderElection.java:logAndReturn(56)) - 6442b5b0-8ca3-4299-ae95-3c32f8a8b340:group-3264F301F961:LeaderElection12: Election PASSED; received 2 response(s) [6442b5b0-8ca3-4299-ae95-3c32f8a8b340<-db639f82-73eb-4be5-a392-fc470322a624#0:OK-t3, 6442b5b0-8ca3-4299-ae95-3c32f8a8b340<-8bd7a6f0-43a3-4468-a050-7eae86b3305d#0:FAIL-t3] and 0 exception(s); 6442b5b0-8ca3-4299-ae95-3c32f8a8b340:t3, leader=null, voted=6442b5b0-8ca3-4299-ae95-3c32f8a8b340, raftlog=6442b5b0-8ca3-4299-ae95-3c32f8a8b340-SegmentedRaftLog:OPENED:c-1,f-1,i0, conf=-1: [db639f82-73eb-4be5-a392-fc470322a624:192.168.5.177:40185, 8bd7a6f0-43a3-4468-a050-7eae86b3305d:192.168.5.177:37966, 6442b5b0-8ca3-4299-ae95-3c32f8a8b340:192.168.5.177:39497], old=null
2019-08-28 20:44:55,825 [6442b5b0-8ca3-4299-ae95-3c32f8a8b340:group-3264F301F961:LeaderElection12] INFO  impl.RoleInfo (RoleInfo.java:shutdownLeaderElection(134)) - 6442b5b0-8ca3-4299-ae95-3c32f8a8b340: shutdown LeaderElection
2019-08-28 20:44:55,827 [6442b5b0-8ca3-4299-ae95-3c32f8a8b340:group-3264F301F961:LeaderElection12] INFO  impl.RaftServerImpl (RaftServerImpl.java:setRole(171)) - 6442b5b0-8ca3-4299-ae95-3c32f8a8b340:group-3264F301F961 changes role from CANDIDATE to LEADER at term 3 for changeToLeader
2019-08-28 20:44:55,827 [6442b5b0-8ca3-4299-ae95-3c32f8a8b340:group-3264F301F961:LeaderElection12] INFO  impl.RaftServerImpl (ServerState.java:setLeader(263)) - 6442b5b0-8ca3-4299-ae95-3c32f8a8b340:group-3264F301F961 change Leader from null to 6442b5b0-8ca3-4299-ae95-3c32f8a8b340 at term 3 for becomeLeader, leader elected after 10437ms
2019-08-28 20:44:55,827 [6442b5b0-8ca3-4299-ae95-3c32f8a8b340:group-3264F301F961:LeaderElection12] INFO  server.RaftServerConfigKeys (ConfUtils.java:logGet(43)) - raft.server.staging.catchup.gap = 1000 (default)
2019-08-28 20:44:55,828 [6442b5b0-8ca3-4299-ae95-3c32f8a8b340:group-3264F301F961:LeaderElection12] INFO  server.RaftServerConfigKeys (ConfUtils.java:logGet(43)) - raft.server.rpc.sleep.time = 25ms (default)
2019-08-28 20:44:55,828 [6442b5b0-8ca3-4299-ae95-3c32f8a8b340:group-3264F301F961:LeaderElection12] INFO  server.RaftServerConfigKeys (ConfUtils.java:logGet(43)) - raft.server.write.element-limit = 4096 (default)
2019-08-28 20:44:55,828 [6442b5b0-8ca3-4299-ae95-3c32f8a8b340:group-3264F301F961:LeaderElection12] INFO  server.RaftServerConfigKeys (ConfUtils.java:logGet(43)) - raft.server.watch.timeout = 10s (default)
2019-08-28 20:44:55,828 [6442b5b0-8ca3-4299-ae95-3c32f8a8b340:group-3264F301F961:LeaderElection12] INFO  server.RaftServerConfigKeys (ConfUtils.java:logGet(43)) - raft.server.watch.timeout.denomination = 1s (default)
2019-08-28 20:44:55,829 [6442b5b0-8ca3-4299-ae95-3c32f8a8b340:group-3264F301F961:LeaderElection12] INFO  server.RaftServerConfigKeys (ConfUtils.java:logGet(43)) - raft.server.watch.element-limit = 65536 (default)
2019-08-28 20:44:55,829 [6442b5b0-8ca3-4299-ae95-3c32f8a8b340:group-3264F301F961:LeaderElection12] INFO  server.RaftServerConfigKeys (ConfUtils.java:logGet(43)) - raft.server.log.appender.snapshot.chunk.size.max = 16MB (=16777216) (default)
2019-08-28 20:44:55,829 [6442b5b0-8ca3-4299-ae95-3c32f8a8b340:group-3264F301F961:LeaderElection12] INFO  server.RaftServerConfigKeys (ConfUtils.java:logGet(43)) - raft.server.log.appender.buffer.byte-limit = 33554432 (custom)
2019-08-28 20:44:55,830 [6442b5b0-8ca3-4299-ae95-3c32f8a8b340:group-3264F301F961:LeaderElection12] INFO  server.RaftServerConfigKeys (ConfUtils.java:logGet(43)) - raft.server.log.appender.buffer.element-limit = 1 (custom)
2019-08-28 20:44:55,830 [6442b5b0-8ca3-4299-ae95-3c32f8a8b340:group-3264F301F961:LeaderElection12] INFO  grpc.GrpcConfigKeys$Server (ConfUtils.java:logGet(43)) - raft.grpc.server.leader.outstanding.appends.max = 128 (default)
2019-08-28 20:44:55,830 [6442b5b0-8ca3-4299-ae95-3c32f8a8b340:group-3264F301F961:LeaderElection12] INFO  server.RaftServerConfigKeys (ConfUtils.java:logGet(43)) - raft.server.rpc.request.timeout = 3000ms (default)
2019-08-28 20:44:55,830 [6442b5b0-8ca3-4299-ae95-3c32f8a8b340:group-3264F301F961:LeaderElection12] INFO  server.RaftServerConfigKeys (ConfUtils.java:logGet(43)) - raft.server.log.appender.install.snapshot.enabled = false (custom)
2019-08-28 20:44:55,831 [6442b5b0-8ca3-4299-ae95-3c32f8a8b340:group-3264F301F961:LeaderElection12] INFO  server.RaftServerConfigKeys (ConfUtils.java:logGet(43)) - raft.server.log.appender.snapshot.chunk.size.max = 16MB (=16777216) (default)
2019-08-28 20:44:55,831 [6442b5b0-8ca3-4299-ae95-3c32f8a8b340:group-3264F301F961:LeaderElection12] INFO  server.RaftServerConfigKeys (ConfUtils.java:logGet(43)) - raft.server.log.appender.buffer.byte-limit = 33554432 (custom)
2019-08-28 20:44:55,831 [6442b5b0-8ca3-4299-ae95-3c32f8a8b340:group-3264F301F961:LeaderElection12] INFO  server.RaftServerConfigKeys (ConfUtils.java:logGet(43)) - raft.server.log.appender.buffer.element-limit = 1 (custom)
2019-08-28 20:44:55,831 [6442b5b0-8ca3-4299-ae95-3c32f8a8b340:group-3264F301F961:LeaderElection12] INFO  grpc.GrpcConfigKeys$Server (ConfUtils.java:logGet(43)) - raft.grpc.server.leader.outstanding.appends.max = 128 (default)
2019-08-28 20:44:55,832 [6442b5b0-8ca3-4299-ae95-3c32f8a8b340:group-3264F301F961:LeaderElection12] INFO  server.RaftServerConfigKeys (ConfUtils.java:logGet(43)) - raft.server.rpc.request.timeout = 3000ms (default)
2019-08-28 20:44:55,832 [6442b5b0-8ca3-4299-ae95-3c32f8a8b340:group-3264F301F961:LeaderElection12] INFO  server.RaftServerConfigKeys (ConfUtils.java:logGet(43)) - raft.server.log.appender.install.snapshot.enabled = false (custom)
2019-08-28 20:44:55,832 [6442b5b0-8ca3-4299-ae95-3c32f8a8b340:group-3264F301F961:LeaderElection12] INFO  impl.RoleInfo (RoleInfo.java:updateAndGet(143)) - 6442b5b0-8ca3-4299-ae95-3c32f8a8b340: start LeaderState
2019-08-28 20:44:55,833 [6442b5b0-8ca3-4299-ae95-3c32f8a8b340:group-3264F301F961:LeaderElection12] INFO  segmented.SegmentedRaftLogWorker (SegmentedRaftLogWorker.java:startLogSegment(380)) - 6442b5b0-8ca3-4299-ae95-3c32f8a8b340-SegmentedRaftLogWorker:Storage Directory /workdir/hadoop-ozone/integration-test/target/test-dir/MiniOzoneClusterImpl-e4aa4cd6-f8a5-4df5-b9db-269a962e0316/datanode-0/data/ratis/372ca669-c36e-4972-9ef5-3264f301f961: Starting segment from index:0
2019-08-28 20:44:55,834 [6442b5b0-8ca3-4299-ae95-3c32f8a8b340:group-3264F301F961:LeaderElection12] INFO  impl.RaftServerImpl (ServerState.java:setRaftConf(361)) - 6442b5b0-8ca3-4299-ae95-3c32f8a8b340:group-3264F301F961 set configuration 0: [db639f82-73eb-4be5-a392-fc470322a624:192.168.5.177:40185, 8bd7a6f0-43a3-4468-a050-7eae86b3305d:192.168.5.177:37966, 6442b5b0-8ca3-4299-ae95-3c32f8a8b340:192.168.5.177:39497], old=null at 0
2019-08-28 20:44:55,872 [grpc-default-executor-3] INFO  impl.RaftServerImpl (ServerState.java:setLeader(263)) - db639f82-73eb-4be5-a392-fc470322a624:group-3264F301F961 change Leader from null to 6442b5b0-8ca3-4299-ae95-3c32f8a8b340 at term 3 for appendEntries, leader elected after 5187ms
2019-08-28 20:44:55,872 [grpc-default-executor-1] INFO  impl.RaftServerImpl (ServerState.java:setLeader(263)) - 8bd7a6f0-43a3-4468-a050-7eae86b3305d:group-3264F301F961 change Leader from null to 6442b5b0-8ca3-4299-ae95-3c32f8a8b340 at term 3 for appendEntries, leader elected after 5187ms
2019-08-28 20:44:55,878 [grpc-default-executor-3] INFO  impl.RaftServerImpl (ServerState.java:setRaftConf(361)) - db639f82-73eb-4be5-a392-fc470322a624:group-3264F301F961 set configuration 0: [db639f82-73eb-4be5-a392-fc470322a624:192.168.5.177:40185, 8bd7a6f0-43a3-4468-a050-7eae86b3305d:192.168.5.177:37966, 6442b5b0-8ca3-4299-ae95-3c32f8a8b340:192.168.5.177:39497], old=null at 0
2019-08-28 20:44:55,878 [grpc-default-executor-3] INFO  segmented.SegmentedRaftLogWorker (SegmentedRaftLogWorker.java:startLogSegment(380)) - db639f82-73eb-4be5-a392-fc470322a624-SegmentedRaftLogWorker:Storage Directory /workdir/hadoop-ozone/integration-test/target/test-dir/MiniOzoneClusterImpl-e4aa4cd6-f8a5-4df5-b9db-269a962e0316/datanode-4/data/ratis/372ca669-c36e-4972-9ef5-3264f301f961: Starting segment from index:0
2019-08-28 20:44:55,878 [grpc-default-executor-1] INFO  impl.RaftServerImpl (ServerState.java:setRaftConf(361)) - 8bd7a6f0-43a3-4468-a050-7eae86b3305d:group-3264F301F961 set configuration 0: [db639f82-73eb-4be5-a392-fc470322a624:192.168.5.177:40185, 8bd7a6f0-43a3-4468-a050-7eae86b3305d:192.168.5.177:37966, 6442b5b0-8ca3-4299-ae95-3c32f8a8b340:192.168.5.177:39497], old=null at 0
2019-08-28 20:44:55,882 [6442b5b0-8ca3-4299-ae95-3c32f8a8b340-SegmentedRaftLogWorker:Storage Directory /workdir/hadoop-ozone/integration-test/target/test-dir/MiniOzoneClusterImpl-e4aa4cd6-f8a5-4df5-b9db-269a962e0316/datanode-0/data/ratis/372ca669-c36e-4972-9ef5-3264f301f961] INFO  segmented.SegmentedRaftLogWorker (SegmentedRaftLogWorker.java:execute(569)) - 6442b5b0-8ca3-4299-ae95-3c32f8a8b340-SegmentedRaftLogWorker:Storage Directory /workdir/hadoop-ozone/integration-test/target/test-dir/MiniOzoneClusterImpl-e4aa4cd6-f8a5-4df5-b9db-269a962e0316/datanode-0/data/ratis/372ca669-c36e-4972-9ef5-3264f301f961: created new log segment /workdir/hadoop-ozone/integration-test/target/test-dir/MiniOzoneClusterImpl-e4aa4cd6-f8a5-4df5-b9db-269a962e0316/datanode-0/data/ratis/372ca669-c36e-4972-9ef5-3264f301f961/current/log_inprogress_0
2019-08-28 20:44:55,885 [grpc-default-executor-1] INFO  segmented.SegmentedRaftLogWorker (SegmentedRaftLogWorker.java:truncate(396)) - 8bd7a6f0-43a3-4468-a050-7eae86b3305d-SegmentedRaftLogWorker:Storage Directory /workdir/hadoop-ozone/integration-test/target/test-dir/MiniOzoneClusterImpl-e4aa4cd6-f8a5-4df5-b9db-269a962e0316/datanode-1/data/ratis/372ca669-c36e-4972-9ef5-3264f301f961: Truncating segments toTruncate: null
  toDelete: [(0, 0) isOpen? true, length=0, newEndIndex=-1], start index 0
2019-08-28 20:44:55,886 [grpc-default-executor-1] INFO  segmented.SegmentedRaftLogWorker (SegmentedRaftLogWorker.java:startLogSegment(380)) - 8bd7a6f0-43a3-4468-a050-7eae86b3305d-SegmentedRaftLogWorker:Storage Directory /workdir/hadoop-ozone/integration-test/target/test-dir/MiniOzoneClusterImpl-e4aa4cd6-f8a5-4df5-b9db-269a962e0316/datanode-1/data/ratis/372ca669-c36e-4972-9ef5-3264f301f961: Starting segment from index:0
2019-08-28 20:44:55,887 [8bd7a6f0-43a3-4468-a050-7eae86b3305d-SegmentedRaftLogWorker:Storage Directory /workdir/hadoop-ozone/integration-test/target/test-dir/MiniOzoneClusterImpl-e4aa4cd6-f8a5-4df5-b9db-269a962e0316/datanode-1/data/ratis/372ca669-c36e-4972-9ef5-3264f301f961] INFO  segmented.SegmentedRaftLogWorker (SegmentedRaftLogWorker.java:execute(633)) - 8bd7a6f0-43a3-4468-a050-7eae86b3305d-SegmentedRaftLogWorker:Storage Directory /workdir/hadoop-ozone/integration-test/target/test-dir/MiniOzoneClusterImpl-e4aa4cd6-f8a5-4df5-b9db-269a962e0316/datanode-1/data/ratis/372ca669-c36e-4972-9ef5-3264f301f961: Deleted log file /workdir/hadoop-ozone/integration-test/target/test-dir/MiniOzoneClusterImpl-e4aa4cd6-f8a5-4df5-b9db-269a962e0316/datanode-1/data/ratis/372ca669-c36e-4972-9ef5-3264f301f961/current/log_inprogress_0
2019-08-28 20:44:55,929 [8bd7a6f0-43a3-4468-a050-7eae86b3305d-SegmentedRaftLogWorker:Storage Directory /workdir/hadoop-ozone/integration-test/target/test-dir/MiniOzoneClusterImpl-e4aa4cd6-f8a5-4df5-b9db-269a962e0316/datanode-1/data/ratis/372ca669-c36e-4972-9ef5-3264f301f961] INFO  segmented.SegmentedRaftLogWorker (SegmentedRaftLogWorker.java:lambda$new$0(132)) - 8bd7a6f0-43a3-4468-a050-7eae86b3305d-SegmentedRaftLogWorker:Storage Directory /workdir/hadoop-ozone/integration-test/target/test-dir/MiniOzoneClusterImpl-e4aa4cd6-f8a5-4df5-b9db-269a962e0316/datanode-1/data/ratis/372ca669-c36e-4972-9ef5-3264f301f961: flushIndex: setUnconditionally 0 -> -1
2019-08-28 20:44:55,953 [db639f82-73eb-4be5-a392-fc470322a624-SegmentedRaftLogWorker:Storage Directory /workdir/hadoop-ozone/integration-test/target/test-dir/MiniOzoneClusterImpl-e4aa4cd6-f8a5-4df5-b9db-269a962e0316/datanode-4/data/ratis/372ca669-c36e-4972-9ef5-3264f301f961] INFO  segmented.SegmentedRaftLogWorker (SegmentedRaftLogWorker.java:execute(569)) - db639f82-73eb-4be5-a392-fc470322a624-SegmentedRaftLogWorker:Storage Directory /workdir/hadoop-ozone/integration-test/target/test-dir/MiniOzoneClusterImpl-e4aa4cd6-f8a5-4df5-b9db-269a962e0316/datanode-4/data/ratis/372ca669-c36e-4972-9ef5-3264f301f961: created new log segment /workdir/hadoop-ozone/integration-test/target/test-dir/MiniOzoneClusterImpl-e4aa4cd6-f8a5-4df5-b9db-269a962e0316/datanode-4/data/ratis/372ca669-c36e-4972-9ef5-3264f301f961/current/log_inprogress_0
2019-08-28 20:44:55,967 [8bd7a6f0-43a3-4468-a050-7eae86b3305d-SegmentedRaftLogWorker:Storage Directory /workdir/hadoop-ozone/integration-test/target/test-dir/MiniOzoneClusterImpl-e4aa4cd6-f8a5-4df5-b9db-269a962e0316/datanode-1/data/ratis/372ca669-c36e-4972-9ef5-3264f301f961] INFO  segmented.SegmentedRaftLogWorker (SegmentedRaftLogWorker.java:execute(569)) - 8bd7a6f0-43a3-4468-a050-7eae86b3305d-SegmentedRaftLogWorker:Storage Directory /workdir/hadoop-ozone/integration-test/target/test-dir/MiniOzoneClusterImpl-e4aa4cd6-f8a5-4df5-b9db-269a962e0316/datanode-1/data/ratis/372ca669-c36e-4972-9ef5-3264f301f961: created new log segment /workdir/hadoop-ozone/integration-test/target/test-dir/MiniOzoneClusterImpl-e4aa4cd6-f8a5-4df5-b9db-269a962e0316/datanode-1/data/ratis/372ca669-c36e-4972-9ef5-3264f301f961/current/log_inprogress_0
2019-08-28 20:44:56,093 | INFO  | SCMAudit | user=jenkins1000 | ip=192.168.5.177 | op=SEND_HEARTBEAT {datanodeUUID=a9b8c672-ce93-46c3-bb25-c9de4bd083e1, command=[]} | ret=SUCCESS |  
2019-08-28 20:44:56,152 | INFO  | SCMAudit | user=jenkins1000 | ip=192.168.5.177 | op=SEND_HEARTBEAT {datanodeUUID=5fdcf193-aea2-41f0-a17a-0cccd8389a83, command=[]} | ret=SUCCESS |  
2019-08-28 20:44:56,153 | INFO  | SCMAudit | user=jenkins1000 | ip=192.168.5.177 | op=SEND_HEARTBEAT {datanodeUUID=cd0ecae8-bdb7-4f89-a39b-644d87647cdb, command=[]} | ret=SUCCESS |  
2019-08-28 20:44:56,512 | INFO  | SCMAudit | user=jenkins1000 | ip=192.168.5.177 | op=SEND_HEARTBEAT {datanodeUUID=513c1f65-f8ca-4fcc-b6c3-6854c51589e0, command=[]} | ret=SUCCESS |  
2019-08-28 20:44:56,524 | INFO  | SCMAudit | user=jenkins1000 | ip=192.168.5.177 | op=SEND_HEARTBEAT {datanodeUUID=db639f82-73eb-4be5-a392-fc470322a624, command=[]} | ret=SUCCESS |  
2019-08-28 20:44:56,706 | INFO  | SCMAudit | user=jenkins1000 | ip=192.168.5.177 | op=SEND_HEARTBEAT {datanodeUUID=6442b5b0-8ca3-4299-ae95-3c32f8a8b340, command=[]} | ret=SUCCESS |  
2019-08-28 20:44:56,768 | INFO  | SCMAudit | user=jenkins1000 | ip=192.168.5.177 | op=SEND_HEARTBEAT {datanodeUUID=6442b5b0-8ca3-4299-ae95-3c32f8a8b340, command=[]} | ret=SUCCESS |  
2019-08-28 20:44:56,768 | INFO  | SCMAudit | user=jenkins1000 | ip=192.168.5.177 | op=SEND_HEARTBEAT {datanodeUUID=db639f82-73eb-4be5-a392-fc470322a624, command=[]} | ret=SUCCESS |  
2019-08-28 20:44:56,768 | INFO  | SCMAudit | user=jenkins1000 | ip=192.168.5.177 | op=SEND_HEARTBEAT {datanodeUUID=8bd7a6f0-43a3-4468-a050-7eae86b3305d, command=[]} | ret=SUCCESS |  
2019-08-28 20:44:56,774 | INFO  | DNAudit | user=null | ip=null | op=WRITE_CHUNK {blockData=conID: 2 locID: 1567025091424 bcsId: 0} | ret=SUCCESS |  
2019-08-28 20:44:56,774 | INFO  | DNAudit | user=null | ip=null | op=WRITE_CHUNK {blockData=conID: 2 locID: 1567025091424 bcsId: 0} | ret=SUCCESS |  
2019-08-28 20:44:56,774 | INFO  | DNAudit | user=null | ip=null | op=WRITE_CHUNK {blockData=conID: 2 locID: 1567025091424 bcsId: 0} | ret=SUCCESS |  
2019-08-28 20:44:56,794 | INFO  | DNAudit | user=null | ip=null | op=WRITE_CHUNK {blockData=conID: 2 locID: 1567025091424 bcsId: 0} | ret=SUCCESS |  
2019-08-28 20:44:56,802 [grpc-default-executor-3] INFO  client.GrpcClientProtocolClient (GrpcClientProtocolClient.java:onNext(255)) - client-4FB9E36F692C->6442b5b0-8ca3-4299-ae95-3c32f8a8b340: receive RaftClientReply:client-4FB9E36F692C->6442b5b0-8ca3-4299-ae95-3c32f8a8b340@group-3264F301F961, cid=17, SUCCESS, logIndex=1, commits[6442b5b0-8ca3-4299-ae95-3c32f8a8b340:c1, db639f82-73eb-4be5-a392-fc470322a624:c0, 8bd7a6f0-43a3-4468-a050-7eae86b3305d:c0]
2019-08-28 20:44:56,811 | INFO  | DNAudit | user=null | ip=null | op=WRITE_CHUNK {blockData=conID: 2 locID: 1567025091424 bcsId: 0} | ret=SUCCESS |  
2019-08-28 20:44:56,811 | INFO  | DNAudit | user=null | ip=null | op=WRITE_CHUNK {blockData=conID: 2 locID: 1567025091424 bcsId: 0} | ret=SUCCESS |  
2019-08-28 20:44:56,821 [pool-26-thread-4] WARN  impl.ChunkManagerImpl (ChunkUtils.java:validateChunkForOverwrite(203)) - Duplicate write chunk request. Chunk overwrite without explicit request. ChunkInfo{chunkName='1567025091424.data.0, offset=0, len=1048576}
2019-08-28 20:44:56,821 [pool-26-thread-4] WARN  impl.ChunkManagerImpl (ChunkManagerImpl.java:writeChunk(111)) - ChunkFile already exists/workdir/hadoop-ozone/integration-test/target/test-dir/MiniOzoneClusterImpl-e4aa4cd6-f8a5-4df5-b9db-269a962e0316/datanode-0/data/containers/hdds/a6677ce7-2a70-465b-9084-c841de6dcf07/current/containerDir0/2/chunks/1567025091424.data.0.Deleting it.
2019-08-28 20:44:56,825 | INFO  | DNAudit | user=null | ip=null | op=WRITE_CHUNK {blockData=conID: 2 locID: 1567025091424 bcsId: 0} | ret=SUCCESS |  
2019-08-28 20:44:56,830 [pool-70-thread-2] WARN  impl.ChunkManagerImpl (ChunkUtils.java:validateChunkForOverwrite(203)) - Duplicate write chunk request. Chunk overwrite without explicit request. ChunkInfo{chunkName='1567025091424.data.0, offset=0, len=1048576}
2019-08-28 20:44:56,830 [pool-70-thread-2] WARN  impl.ChunkManagerImpl (ChunkManagerImpl.java:writeChunk(111)) - ChunkFile already exists/workdir/hadoop-ozone/integration-test/target/test-dir/MiniOzoneClusterImpl-e4aa4cd6-f8a5-4df5-b9db-269a962e0316/datanode-4/data/containers/hdds/a6677ce7-2a70-465b-9084-c841de6dcf07/current/containerDir0/2/chunks/1567025091424.data.0.Deleting it.
2019-08-28 20:44:56,831 [pool-37-thread-2] WARN  impl.ChunkManagerImpl (ChunkUtils.java:validateChunkForOverwrite(203)) - Duplicate write chunk request. Chunk overwrite without explicit request. ChunkInfo{chunkName='1567025091424.data.0, offset=0, len=1048576}
2019-08-28 20:44:56,831 [pool-37-thread-2] WARN  impl.ChunkManagerImpl (ChunkManagerImpl.java:writeChunk(111)) - ChunkFile already exists/workdir/hadoop-ozone/integration-test/target/test-dir/MiniOzoneClusterImpl-e4aa4cd6-f8a5-4df5-b9db-269a962e0316/datanode-1/data/containers/hdds/a6677ce7-2a70-465b-9084-c841de6dcf07/current/containerDir0/2/chunks/1567025091424.data.0.Deleting it.
2019-08-28 20:44:56,835 | INFO  | DNAudit | user=null | ip=null | op=WRITE_CHUNK {blockData=conID: 2 locID: 1567025091424 bcsId: 0} | ret=SUCCESS |  
2019-08-28 20:44:56,835 | INFO  | DNAudit | user=null | ip=null | op=WRITE_CHUNK {blockData=conID: 2 locID: 1567025091424 bcsId: 0} | ret=SUCCESS |  
2019-08-28 20:44:56,884 | INFO  | DNAudit | user=null | ip=null | op=PUT_BLOCK {blockData=[blockId=conID: 2 locID: 1567025091424 bcsId: 0,size=1048576]} | ret=SUCCESS |  
2019-08-28 20:44:56,895 | INFO  | DNAudit | user=null | ip=null | op=WRITE_CHUNK {blockData=conID: 2 locID: 1567025091424 bcsId: 0} | ret=SUCCESS |  
2019-08-28 20:44:56,897 [grpc-default-executor-2] INFO  client.GrpcClientProtocolClient (GrpcClientProtocolClient.java:onNext(255)) - client-4FB9E36F692C->6442b5b0-8ca3-4299-ae95-3c32f8a8b340: receive RaftClientReply:client-4FB9E36F692C->6442b5b0-8ca3-4299-ae95-3c32f8a8b340@group-3264F301F961, cid=18, SUCCESS, logIndex=3, commits[6442b5b0-8ca3-4299-ae95-3c32f8a8b340:c8, db639f82-73eb-4be5-a392-fc470322a624:c6, 8bd7a6f0-43a3-4468-a050-7eae86b3305d:c6]
2019-08-28 20:44:56,898 [grpc-default-executor-2] INFO  client.GrpcClientProtocolClient (GrpcClientProtocolClient.java:onNext(255)) - client-4FB9E36F692C->6442b5b0-8ca3-4299-ae95-3c32f8a8b340: receive RaftClientReply:client-4FB9E36F692C->6442b5b0-8ca3-4299-ae95-3c32f8a8b340@group-3264F301F961, cid=19, SUCCESS, logIndex=4, commits[6442b5b0-8ca3-4299-ae95-3c32f8a8b340:c8, db639f82-73eb-4be5-a392-fc470322a624:c6, 8bd7a6f0-43a3-4468-a050-7eae86b3305d:c6]
2019-08-28 20:44:56,952 | INFO  | DNAudit | user=null | ip=null | op=PUT_BLOCK {blockData=[blockId=conID: 2 locID: 1567025091424 bcsId: 0,size=1048576]} | ret=SUCCESS |  
2019-08-28 20:44:56,953 | INFO  | DNAudit | user=null | ip=null | op=WRITE_CHUNK {blockData=conID: 2 locID: 1567025091424 bcsId: 0} | ret=SUCCESS |  
2019-08-28 20:44:57,006 | INFO  | DNAudit | user=null | ip=null | op=PUT_BLOCK {blockData=[blockId=conID: 2 locID: 1567025091424 bcsId: 0,size=1048576]} | ret=SUCCESS |  
2019-08-28 20:44:57,006 | INFO  | DNAudit | user=null | ip=null | op=PUT_BLOCK {blockData=[blockId=conID: 2 locID: 1567025091424 bcsId: 0,size=1048576]} | ret=SUCCESS |  
2019-08-28 20:44:57,006 | INFO  | DNAudit | user=null | ip=null | op=PUT_BLOCK {blockData=[blockId=conID: 2 locID: 1567025091424 bcsId: 0,size=1048576]} | ret=SUCCESS |  
2019-08-28 20:44:57,007 | INFO  | DNAudit | user=null | ip=null | op=WRITE_CHUNK {blockData=conID: 2 locID: 1567025091424 bcsId: 0} | ret=SUCCESS |  
2019-08-28 20:44:57,008 | INFO  | DNAudit | user=null | ip=null | op=PUT_BLOCK {blockData=[blockId=conID: 2 locID: 1567025091424 bcsId: 0,size=1048576]} | ret=SUCCESS |  
2019-08-28 20:44:57,010 [grpc-default-executor-2] INFO  client.GrpcClientProtocolClient (GrpcClientProtocolClient.java:onNext(255)) - client-4FB9E36F692C->6442b5b0-8ca3-4299-ae95-3c32f8a8b340: receive RaftClientReply:client-4FB9E36F692C->6442b5b0-8ca3-4299-ae95-3c32f8a8b340@group-3264F301F961, cid=20, SUCCESS, logIndex=5, commits[6442b5b0-8ca3-4299-ae95-3c32f8a8b340:c8, db639f82-73eb-4be5-a392-fc470322a624:c6, 8bd7a6f0-43a3-4468-a050-7eae86b3305d:c6]
2019-08-28 20:44:57,093 | INFO  | SCMAudit | user=jenkins1000 | ip=192.168.5.177 | op=SEND_HEARTBEAT {datanodeUUID=a9b8c672-ce93-46c3-bb25-c9de4bd083e1, command=[]} | ret=SUCCESS |  
2019-08-28 20:44:57,152 | INFO  | SCMAudit | user=jenkins1000 | ip=192.168.5.177 | op=SEND_HEARTBEAT {datanodeUUID=5fdcf193-aea2-41f0-a17a-0cccd8389a83, command=[]} | ret=SUCCESS |  
2019-08-28 20:44:57,153 | INFO  | SCMAudit | user=jenkins1000 | ip=192.168.5.177 | op=SEND_HEARTBEAT {datanodeUUID=cd0ecae8-bdb7-4f89-a39b-644d87647cdb, command=[]} | ret=SUCCESS |  
2019-08-28 20:44:57,512 | INFO  | SCMAudit | user=jenkins1000 | ip=192.168.5.177 | op=SEND_HEARTBEAT {datanodeUUID=513c1f65-f8ca-4fcc-b6c3-6854c51589e0, command=[]} | ret=SUCCESS |  
2019-08-28 20:44:57,767 [Datanode State Machine Thread - 0] INFO  statemachine.DatanodeStateMachine (DatanodeStateMachine.java:lambda$startDaemon$0(350)) - Ozone container server started.
2019-08-28 20:44:57,768 | INFO  | SCMAudit | user=jenkins1000 | ip=192.168.5.177 | op=SEND_HEARTBEAT {datanodeUUID=db639f82-73eb-4be5-a392-fc470322a624, command=[]} | ret=SUCCESS |  
2019-08-28 20:44:57,768 | INFO  | SCMAudit | user=jenkins1000 | ip=192.168.5.177 | op=SEND_HEARTBEAT {datanodeUUID=8bd7a6f0-43a3-4468-a050-7eae86b3305d, command=[]} | ret=SUCCESS |  
2019-08-28 20:44:58,093 | INFO  | SCMAudit | user=jenkins1000 | ip=192.168.5.177 | op=SEND_HEARTBEAT {datanodeUUID=a9b8c672-ce93-46c3-bb25-c9de4bd083e1, command=[]} | ret=SUCCESS |  
2019-08-28 20:44:58,152 | INFO  | SCMAudit | user=jenkins1000 | ip=192.168.5.177 | op=SEND_HEARTBEAT {datanodeUUID=5fdcf193-aea2-41f0-a17a-0cccd8389a83, command=[]} | ret=SUCCESS |  
2019-08-28 20:44:58,153 | INFO  | SCMAudit | user=jenkins1000 | ip=192.168.5.177 | op=SEND_HEARTBEAT {datanodeUUID=cd0ecae8-bdb7-4f89-a39b-644d87647cdb, command=[]} | ret=SUCCESS |  
2019-08-28 20:44:58,513 | INFO  | SCMAudit | user=jenkins1000 | ip=192.168.5.177 | op=SEND_HEARTBEAT {datanodeUUID=513c1f65-f8ca-4fcc-b6c3-6854c51589e0, command=[]} | ret=SUCCESS |  
2019-08-28 20:44:58,768 | INFO  | SCMAudit | user=jenkins1000 | ip=192.168.5.177 | op=SEND_HEARTBEAT {datanodeUUID=db639f82-73eb-4be5-a392-fc470322a624, command=[]} | ret=SUCCESS |  
2019-08-28 20:44:58,768 | INFO  | SCMAudit | user=jenkins1000 | ip=192.168.5.177 | op=SEND_HEARTBEAT {datanodeUUID=8bd7a6f0-43a3-4468-a050-7eae86b3305d, command=[]} | ret=SUCCESS |  
2019-08-28 20:44:59,094 | INFO  | SCMAudit | user=jenkins1000 | ip=192.168.5.177 | op=SEND_HEARTBEAT {datanodeUUID=a9b8c672-ce93-46c3-bb25-c9de4bd083e1, command=[]} | ret=SUCCESS |  
2019-08-28 20:44:59,152 | INFO  | SCMAudit | user=jenkins1000 | ip=192.168.5.177 | op=SEND_HEARTBEAT {datanodeUUID=5fdcf193-aea2-41f0-a17a-0cccd8389a83, command=[]} | ret=SUCCESS |  
2019-08-28 20:44:59,154 | INFO  | SCMAudit | user=jenkins1000 | ip=192.168.5.177 | op=SEND_HEARTBEAT {datanodeUUID=cd0ecae8-bdb7-4f89-a39b-644d87647cdb, command=[]} | ret=SUCCESS |  
2019-08-28 20:44:59,513 | INFO  | SCMAudit | user=jenkins1000 | ip=192.168.5.177 | op=SEND_HEARTBEAT {datanodeUUID=513c1f65-f8ca-4fcc-b6c3-6854c51589e0, command=[]} | ret=SUCCESS |  
2019-08-28 20:44:59,768 | INFO  | SCMAudit | user=jenkins1000 | ip=192.168.5.177 | op=SEND_HEARTBEAT {datanodeUUID=db639f82-73eb-4be5-a392-fc470322a624, command=[]} | ret=SUCCESS |  
2019-08-28 20:44:59,768 | INFO  | SCMAudit | user=jenkins1000 | ip=192.168.5.177 | op=SEND_HEARTBEAT {datanodeUUID=8bd7a6f0-43a3-4468-a050-7eae86b3305d, command=[]} | ret=SUCCESS |  
2019-08-28 20:44:59,837 [EventQueue-StaleNodeForStaleNodeHandler] INFO  node.StaleNodeHandler (StaleNodeHandler.java:onMessage(58)) - Datanode 6442b5b0-8ca3-4299-ae95-3c32f8a8b340{ip: 192.168.5.177, host: pr-hdds-2051-mwr8n-2748524799, networkLocation: /default-rack, certSerialId: null} moved to stale state. Finalizing its pipelines [PipelineID=372ca669-c36e-4972-9ef5-3264f301f961, PipelineID=97ded19f-cea0-4d36-b899-7c57b24717e5]
2019-08-28 20:44:59,838 [EventQueue-StaleNodeForStaleNodeHandler] INFO  pipeline.SCMPipelineManager (SCMPipelineManager.java:finalizeAndDestroyPipeline(309)) - destroying pipeline:Pipeline[ Id: 372ca669-c36e-4972-9ef5-3264f301f961, Nodes: 6442b5b0-8ca3-4299-ae95-3c32f8a8b340{ip: 192.168.5.177, host: pr-hdds-2051-mwr8n-2748524799, networkLocation: /default-rack, certSerialId: null}8bd7a6f0-43a3-4468-a050-7eae86b3305d{ip: 192.168.5.177, host: pr-hdds-2051-mwr8n-2748524799, networkLocation: /default-rack, certSerialId: null}db639f82-73eb-4be5-a392-fc470322a624{ip: 192.168.5.177, host: pr-hdds-2051-mwr8n-2748524799, networkLocation: /default-rack, certSerialId: null}, Type:RATIS, Factor:THREE, State:OPEN]
2019-08-28 20:44:59,840 [EventQueue-StaleNodeForStaleNodeHandler] INFO  pipeline.PipelineStateManager (PipelineStateManager.java:finalizePipeline(123)) - Pipeline Pipeline[ Id: 372ca669-c36e-4972-9ef5-3264f301f961, Nodes: 6442b5b0-8ca3-4299-ae95-3c32f8a8b340{ip: 192.168.5.177, host: pr-hdds-2051-mwr8n-2748524799, networkLocation: /default-rack, certSerialId: null}8bd7a6f0-43a3-4468-a050-7eae86b3305d{ip: 192.168.5.177, host: pr-hdds-2051-mwr8n-2748524799, networkLocation: /default-rack, certSerialId: null}db639f82-73eb-4be5-a392-fc470322a624{ip: 192.168.5.177, host: pr-hdds-2051-mwr8n-2748524799, networkLocation: /default-rack, certSerialId: null}, Type:RATIS, Factor:THREE, State:CLOSED] moved to CLOSED state
2019-08-28 20:44:59,840 [EventQueue-CloseContainerForCloseContainerEventHandler] INFO  container.CloseContainerEventHandler (CloseContainerEventHandler.java:onMessage(61)) - Close container Event triggered for container : #2
2019-08-28 20:44:59,842 [EventQueue-StaleNodeForStaleNodeHandler] INFO  pipeline.SCMPipelineManager (SCMPipelineManager.java:finalizeAndDestroyPipeline(309)) - destroying pipeline:Pipeline[ Id: 97ded19f-cea0-4d36-b899-7c57b24717e5, Nodes: 6442b5b0-8ca3-4299-ae95-3c32f8a8b340{ip: 192.168.5.177, host: pr-hdds-2051-mwr8n-2748524799, networkLocation: /default-rack, certSerialId: null}, Type:RATIS, Factor:ONE, State:OPEN]
2019-08-28 20:44:59,842 [EventQueue-StaleNodeForStaleNodeHandler] INFO  pipeline.PipelineStateManager (PipelineStateManager.java:finalizePipeline(123)) - Pipeline Pipeline[ Id: 97ded19f-cea0-4d36-b899-7c57b24717e5, Nodes: 6442b5b0-8ca3-4299-ae95-3c32f8a8b340{ip: 192.168.5.177, host: pr-hdds-2051-mwr8n-2748524799, networkLocation: /default-rack, certSerialId: null}, Type:RATIS, Factor:ONE, State:CLOSED] moved to CLOSED state
2019-08-28 20:45:00,094 | INFO  | SCMAudit | user=jenkins1000 | ip=192.168.5.177 | op=SEND_HEARTBEAT {datanodeUUID=a9b8c672-ce93-46c3-bb25-c9de4bd083e1, command=[]} | ret=SUCCESS |  
2019-08-28 20:45:00,153 | INFO  | SCMAudit | user=jenkins1000 | ip=192.168.5.177 | op=SEND_HEARTBEAT {datanodeUUID=5fdcf193-aea2-41f0-a17a-0cccd8389a83, command=[]} | ret=SUCCESS |  
2019-08-28 20:45:00,154 | INFO  | SCMAudit | user=jenkins1000 | ip=192.168.5.177 | op=SEND_HEARTBEAT {datanodeUUID=cd0ecae8-bdb7-4f89-a39b-644d87647cdb, command=[]} | ret=SUCCESS |  
2019-08-28 20:45:00,513 | INFO  | SCMAudit | user=jenkins1000 | ip=192.168.5.177 | op=SEND_HEARTBEAT {datanodeUUID=513c1f65-f8ca-4fcc-b6c3-6854c51589e0, command=[]} | ret=SUCCESS |  
2019-08-28 20:45:00,809 | INFO  | SCMAudit | user=jenkins1000 | ip=192.168.5.177 | op=SEND_HEARTBEAT {datanodeUUID=db639f82-73eb-4be5-a392-fc470322a624, command=[commandType: closeContainerCommand closeContainerCommandProto { containerID: 2 pipelineID { id: "372ca669-c36e-4972-9ef5-3264f301f961" } cmdId: 2 force: false } ]} | ret=SUCCESS |  
2019-08-28 20:45:00,809 | INFO  | SCMAudit | user=jenkins1000 | ip=192.168.5.177 | op=SEND_HEARTBEAT {datanodeUUID=8bd7a6f0-43a3-4468-a050-7eae86b3305d, command=[commandType: closeContainerCommand closeContainerCommandProto { containerID: 2 pipelineID { id: "372ca669-c36e-4972-9ef5-3264f301f961" } cmdId: 2 force: false } ]} | ret=SUCCESS |  
2019-08-28 20:45:01,094 | INFO  | SCMAudit | user=jenkins1000 | ip=192.168.5.177 | op=SEND_HEARTBEAT {datanodeUUID=a9b8c672-ce93-46c3-bb25-c9de4bd083e1, command=[]} | ret=SUCCESS |  
2019-08-28 20:45:01,153 | INFO  | SCMAudit | user=jenkins1000 | ip=192.168.5.177 | op=SEND_HEARTBEAT {datanodeUUID=5fdcf193-aea2-41f0-a17a-0cccd8389a83, command=[]} | ret=SUCCESS |  
2019-08-28 20:45:01,154 | INFO  | SCMAudit | user=jenkins1000 | ip=192.168.5.177 | op=SEND_HEARTBEAT {datanodeUUID=cd0ecae8-bdb7-4f89-a39b-644d87647cdb, command=[]} | ret=SUCCESS |  
2019-08-28 20:45:01,514 | INFO  | SCMAudit | user=jenkins1000 | ip=192.168.5.177 | op=SEND_HEARTBEAT {datanodeUUID=513c1f65-f8ca-4fcc-b6c3-6854c51589e0, command=[]} | ret=SUCCESS |  
2019-08-28 20:45:01,769 | INFO  | SCMAudit | user=jenkins1000 | ip=192.168.5.177 | op=SEND_HEARTBEAT {datanodeUUID=db639f82-73eb-4be5-a392-fc470322a624, command=[]} | ret=SUCCESS |  
2019-08-28 20:45:01,769 | INFO  | SCMAudit | user=jenkins1000 | ip=192.168.5.177 | op=SEND_HEARTBEAT {datanodeUUID=8bd7a6f0-43a3-4468-a050-7eae86b3305d, command=[]} | ret=SUCCESS |  
2019-08-28 20:45:01,804 | INFO  | SCMAudit | user=jenkins1000 | ip=192.168.5.177 | op=SEND_HEARTBEAT {datanodeUUID=db639f82-73eb-4be5-a392-fc470322a624, command=[]} | ret=SUCCESS |  
2019-08-28 20:45:02,014 [main] INFO  ozoneimpl.OzoneContainer (OzoneContainer.java:stop(215)) - Attempting to stop container services.
2019-08-28 20:45:02,015 [main] INFO  impl.RaftServerProxy (RaftServerProxy.java:lambda$close$4(314)) - 6442b5b0-8ca3-4299-ae95-3c32f8a8b340: close
2019-08-28 20:45:02,017 [main] INFO  impl.RaftServerImpl (RaftServerImpl.java:lambda$shutdown$3(245)) - 6442b5b0-8ca3-4299-ae95-3c32f8a8b340: shutdown group-3264F301F961
2019-08-28 20:45:02,018 [main] INFO  util.JmxRegister (JmxRegister.java:unregister(73)) - Successfully un-registered JMX Bean with object name Ratis:service=RaftServer,group=group-3264F301F961,id=6442b5b0-8ca3-4299-ae95-3c32f8a8b340
2019-08-28 20:45:02,018 [main] INFO  impl.RoleInfo (RoleInfo.java:shutdownLeaderState(104)) - 6442b5b0-8ca3-4299-ae95-3c32f8a8b340: shutdown LeaderState
2019-08-28 20:45:02,024 [org.apache.ratis.server.impl.LogAppender$AppenderDaemon$$Lambda$475/741247747@202c21a8] WARN  server.GrpcLogAppender (GrpcLogAppender.java:mayWait(143)) - GrpcLogAppender(6442b5b0-8ca3-4299-ae95-3c32f8a8b340->db639f82-73eb-4be5-a392-fc470322a624): Wait interrupted by java.lang.InterruptedException
2019-08-28 20:45:02,024 [main] INFO  impl.PendingRequests (PendingRequests.java:sendNotLeaderResponses(202)) - 6442b5b0-8ca3-4299-ae95-3c32f8a8b340-PendingRequests: sendNotLeaderResponses
2019-08-28 20:45:02,024 [org.apache.ratis.server.impl.LogAppender$AppenderDaemon$$Lambda$475/741247747@652ebbc9] WARN  server.GrpcLogAppender (GrpcLogAppender.java:mayWait(143)) - GrpcLogAppender(6442b5b0-8ca3-4299-ae95-3c32f8a8b340->8bd7a6f0-43a3-4468-a050-7eae86b3305d): Wait interrupted by java.lang.InterruptedException
2019-08-28 20:45:02,031 [grpc-default-executor-1] INFO  server.GrpcServerProtocolService (GrpcServerProtocolService.java:onCompleted(104)) - db639f82-73eb-4be5-a392-fc470322a624: appendEntries completed
2019-08-28 20:45:02,032 [grpc-default-executor-2] INFO  server.GrpcServerProtocolService (GrpcServerProtocolService.java:onCompleted(104)) - 8bd7a6f0-43a3-4468-a050-7eae86b3305d: appendEntries completed
2019-08-28 20:45:02,035 [grpc-default-executor-2] INFO  server.GrpcLogAppender (GrpcLogAppender.java:onCompleted(292)) - 6442b5b0-8ca3-4299-ae95-3c32f8a8b340->8bd7a6f0-43a3-4468-a050-7eae86b3305d: follower responses appendEntries COMPLETED
2019-08-28 20:45:02,035 [grpc-default-executor-1] INFO  server.GrpcLogAppender (GrpcLogAppender.java:onCompleted(292)) - 6442b5b0-8ca3-4299-ae95-3c32f8a8b340->db639f82-73eb-4be5-a392-fc470322a624: follower responses appendEntries COMPLETED
2019-08-28 20:45:02,039 [grpc-default-executor-2] INFO  impl.FollowerInfo (FollowerInfo.java:lambda$new$0(50)) - 6442b5b0-8ca3-4299-ae95-3c32f8a8b340->8bd7a6f0-43a3-4468-a050-7eae86b3305d: nextIndex: updateUnconditionally 9 -> 8
2019-08-28 20:45:02,041 [grpc-default-executor-1] INFO  impl.FollowerInfo (FollowerInfo.java:lambda$new$0(50)) - 6442b5b0-8ca3-4299-ae95-3c32f8a8b340->db639f82-73eb-4be5-a392-fc470322a624: nextIndex: updateUnconditionally 9 -> 8
2019-08-28 20:45:02,041 [main] INFO  impl.StateMachineUpdater (StateMachineUpdater.java:stopAndJoin(115)) - StateMachineUpdater:6442b5b0-8ca3-4299-ae95-3c32f8a8b340:group-3264F301F961: set stopIndex = 8
2019-08-28 20:45:02,042 [StateMachineUpdater:6442b5b0-8ca3-4299-ae95-3c32f8a8b340:group-3264F301F961] INFO  ratis.ContainerStateMachine (ContainerStateMachine.java:takeSnapshot(284)) - group-3264F301F961: Taking a snapshot at:(t:3, i:8) file /workdir/hadoop-ozone/integration-test/target/test-dir/MiniOzoneClusterImpl-e4aa4cd6-f8a5-4df5-b9db-269a962e0316/datanode-0/data/ratis/372ca669-c36e-4972-9ef5-3264f301f961/sm/snapshot.3_8
2019-08-28 20:45:02,077 [StateMachineUpdater:6442b5b0-8ca3-4299-ae95-3c32f8a8b340:group-3264F301F961] INFO  ratis.ContainerStateMachine (ContainerStateMachine.java:takeSnapshot(295)) - group-3264F301F961: Finished taking a snapshot at:(t:3, i:8) file:/workdir/hadoop-ozone/integration-test/target/test-dir/MiniOzoneClusterImpl-e4aa4cd6-f8a5-4df5-b9db-269a962e0316/datanode-0/data/ratis/372ca669-c36e-4972-9ef5-3264f301f961/sm/snapshot.3_8 time:35
2019-08-28 20:45:02,077 [StateMachineUpdater:6442b5b0-8ca3-4299-ae95-3c32f8a8b340:group-3264F301F961] INFO  impl.StateMachineUpdater (StateMachineUpdater.java:takeSnapshot(242)) - StateMachineUpdater:6442b5b0-8ca3-4299-ae95-3c32f8a8b340:group-3264F301F961: Took a snapshot at index 8
2019-08-28 20:45:02,079 [StateMachineUpdater:6442b5b0-8ca3-4299-ae95-3c32f8a8b340:group-3264F301F961] INFO  impl.StateMachineUpdater (StateMachineUpdater.java:lambda$new$0(80)) - StateMachineUpdater:6442b5b0-8ca3-4299-ae95-3c32f8a8b340:group-3264F301F961: snapshotIndex: updateIncreasingly -1 -> 8
2019-08-28 20:45:02,086 [main] INFO  impl.RaftServerImpl (ServerState.java:close(394)) - 6442b5b0-8ca3-4299-ae95-3c32f8a8b340:group-3264F301F961 closes. The last applied log index is 8
2019-08-28 20:45:02,087 [6442b5b0-8ca3-4299-ae95-3c32f8a8b340-SegmentedRaftLogWorker:Storage Directory /workdir/hadoop-ozone/integration-test/target/test-dir/MiniOzoneClusterImpl-e4aa4cd6-f8a5-4df5-b9db-269a962e0316/datanode-0/data/ratis/372ca669-c36e-4972-9ef5-3264f301f961] INFO  segmented.SegmentedRaftLogWorker (SegmentedRaftLogWorker.java:run(313)) - 6442b5b0-8ca3-4299-ae95-3c32f8a8b340-SegmentedRaftLogWorker:Storage Directory /workdir/hadoop-ozone/integration-test/target/test-dir/MiniOzoneClusterImpl-e4aa4cd6-f8a5-4df5-b9db-269a962e0316/datanode-0/data/ratis/372ca669-c36e-4972-9ef5-3264f301f961 was interrupted, exiting. There are 0 tasks remaining in the queue.
2019-08-28 20:45:02,091 [main] INFO  segmented.SegmentedRaftLogWorker (SegmentedRaftLogWorker.java:close(228)) - 6442b5b0-8ca3-4299-ae95-3c32f8a8b340-SegmentedRaftLogWorker:Storage Directory /workdir/hadoop-ozone/integration-test/target/test-dir/MiniOzoneClusterImpl-e4aa4cd6-f8a5-4df5-b9db-269a962e0316/datanode-0/data/ratis/372ca669-c36e-4972-9ef5-3264f301f961 close()
2019-08-28 20:45:02,096 [main] INFO  impl.RaftServerImpl (RaftServerImpl.java:lambda$shutdown$3(245)) - 6442b5b0-8ca3-4299-ae95-3c32f8a8b340: shutdown group-7C57B24717E5
2019-08-28 20:45:02,096 [main] INFO  util.JmxRegister (JmxRegister.java:unregister(73)) - Successfully un-registered JMX Bean with object name Ratis:service=RaftServer,group=group-7C57B24717E5,id=6442b5b0-8ca3-4299-ae95-3c32f8a8b340
2019-08-28 20:45:02,096 [main] INFO  impl.RoleInfo (RoleInfo.java:shutdownLeaderState(104)) - 6442b5b0-8ca3-4299-ae95-3c32f8a8b340: shutdown LeaderState
2019-08-28 20:45:02,097 [main] INFO  impl.PendingRequests (PendingRequests.java:sendNotLeaderResponses(202)) - 6442b5b0-8ca3-4299-ae95-3c32f8a8b340-PendingRequests: sendNotLeaderResponses
2019-08-28 20:45:02,097 [main] INFO  impl.StateMachineUpdater (StateMachineUpdater.java:stopAndJoin(115)) - StateMachineUpdater:6442b5b0-8ca3-4299-ae95-3c32f8a8b340:group-7C57B24717E5: set stopIndex = 0
2019-08-28 20:45:02,097 | INFO  | SCMAudit | user=jenkins1000 | ip=192.168.5.177 | op=SEND_HEARTBEAT {datanodeUUID=a9b8c672-ce93-46c3-bb25-c9de4bd083e1, command=[]} | ret=SUCCESS |  
2019-08-28 20:45:02,097 [main] INFO  impl.RaftServerImpl (ServerState.java:close(394)) - 6442b5b0-8ca3-4299-ae95-3c32f8a8b340:group-7C57B24717E5 closes. The last applied log index is 0
2019-08-28 20:45:02,098 [6442b5b0-8ca3-4299-ae95-3c32f8a8b340-SegmentedRaftLogWorker:Storage Directory /workdir/hadoop-ozone/integration-test/target/test-dir/MiniOzoneClusterImpl-e4aa4cd6-f8a5-4df5-b9db-269a962e0316/datanode-0/data/ratis/97ded19f-cea0-4d36-b899-7c57b24717e5] INFO  segmented.SegmentedRaftLogWorker (SegmentedRaftLogWorker.java:run(313)) - 6442b5b0-8ca3-4299-ae95-3c32f8a8b340-SegmentedRaftLogWorker:Storage Directory /workdir/hadoop-ozone/integration-test/target/test-dir/MiniOzoneClusterImpl-e4aa4cd6-f8a5-4df5-b9db-269a962e0316/datanode-0/data/ratis/97ded19f-cea0-4d36-b899-7c57b24717e5 was interrupted, exiting. There are 0 tasks remaining in the queue.
2019-08-28 20:45:02,102 [main] INFO  segmented.SegmentedRaftLogWorker (SegmentedRaftLogWorker.java:close(228)) - 6442b5b0-8ca3-4299-ae95-3c32f8a8b340-SegmentedRaftLogWorker:Storage Directory /workdir/hadoop-ozone/integration-test/target/test-dir/MiniOzoneClusterImpl-e4aa4cd6-f8a5-4df5-b9db-269a962e0316/datanode-0/data/ratis/97ded19f-cea0-4d36-b899-7c57b24717e5 close()
2019-08-28 20:45:02,106 [main] INFO  server.GrpcService (GrpcService.java:closeImpl(155)) - 6442b5b0-8ca3-4299-ae95-3c32f8a8b340: shutdown server with port 39497 now
2019-08-28 20:45:02,109 [main] INFO  server.GrpcService (GrpcService.java:closeImpl(163)) - 6442b5b0-8ca3-4299-ae95-3c32f8a8b340: shutdown server with port 39497 successfully
2019-08-28 20:45:02,118 [refreshUsed-/workdir/hadoop-ozone/integration-test/target/test-dir/MiniOzoneClusterImpl-e4aa4cd6-f8a5-4df5-b9db-269a962e0316/datanode-0/data/containers] WARN  fs.CachingGetSpaceUsed (CachingGetSpaceUsed.java:run(183)) - Thread Interrupted waiting to refresh disk information: sleep interrupted
2019-08-28 20:45:02,132 [main] INFO  utils.BackgroundService (BackgroundService.java:shutdown(148)) - Shutting down service BlockDeletingService
2019-08-28 20:45:02,138 [main] INFO  statemachine.DatanodeStateMachine (DatanodeStateMachine.java:stopDaemon(395)) - Ozone container server stopped.
2019-08-28 20:45:02,143 [main] INFO  handler.ContextHandler (ContextHandler.java:doStop(910)) - Stopped o.e.j.w.WebAppContext@5ea4300e{/,null,UNAVAILABLE}{/hddsDatanode}
2019-08-28 20:45:02,149 [main] INFO  server.AbstractConnector (AbstractConnector.java:doStop(318)) - Stopped ServerConnector@5a1c3cb4{HTTP/1.1,[http/1.1]}{0.0.0.0:0}
2019-08-28 20:45:02,149 [main] INFO  handler.ContextHandler (ContextHandler.java:doStop(910)) - Stopped o.e.j.s.ServletContextHandler@671d1157{/static,jar:file:/home/user/.m2/repository/org/apache/hadoop/hadoop-hdds-container-service/0.5.0-SNAPSHOT/hadoop-hdds-container-service-0.5.0-SNAPSHOT.jar!/webapps/static,UNAVAILABLE}
2019-08-28 20:45:02,149 [main] INFO  handler.ContextHandler (ContextHandler.java:doStop(910)) - Stopped o.e.j.s.ServletContextHandler@68b9834c{/logs,file:///workdir/hadoop-ozone/integration-test/target/log,UNAVAILABLE}
2019-08-28 20:45:02,153 | INFO  | SCMAudit | user=jenkins1000 | ip=192.168.5.177 | op=SEND_HEARTBEAT {datanodeUUID=5fdcf193-aea2-41f0-a17a-0cccd8389a83, command=[]} | ret=SUCCESS |  
2019-08-28 20:45:02,154 | INFO  | SCMAudit | user=jenkins1000 | ip=192.168.5.177 | op=SEND_HEARTBEAT {datanodeUUID=cd0ecae8-bdb7-4f89-a39b-644d87647cdb, command=[]} | ret=SUCCESS |  
2019-08-28 20:45:02,513 | INFO  | SCMAudit | user=jenkins1000 | ip=192.168.5.177 | op=SEND_HEARTBEAT {datanodeUUID=513c1f65-f8ca-4fcc-b6c3-6854c51589e0, command=[]} | ret=SUCCESS |  
2019-08-28 20:45:02,767 [Datanode State Machine Thread - 0] INFO  statemachine.DatanodeStateMachine (DatanodeStateMachine.java:lambda$startDaemon$0(350)) - Ozone container server started.
2019-08-28 20:45:02,805 | INFO  | SCMAudit | user=jenkins1000 | ip=192.168.5.177 | op=SEND_HEARTBEAT {datanodeUUID=db639f82-73eb-4be5-a392-fc470322a624, command=[]} | ret=SUCCESS |  
2019-08-28 20:45:03,097 | INFO  | SCMAudit | user=jenkins1000 | ip=192.168.5.177 | op=SEND_HEARTBEAT {datanodeUUID=a9b8c672-ce93-46c3-bb25-c9de4bd083e1, command=[]} | ret=SUCCESS |  
2019-08-28 20:45:03,153 | INFO  | SCMAudit | user=jenkins1000 | ip=192.168.5.177 | op=SEND_HEARTBEAT {datanodeUUID=5fdcf193-aea2-41f0-a17a-0cccd8389a83, command=[]} | ret=SUCCESS |  
2019-08-28 20:45:03,154 | INFO  | SCMAudit | user=jenkins1000 | ip=192.168.5.177 | op=SEND_HEARTBEAT {datanodeUUID=cd0ecae8-bdb7-4f89-a39b-644d87647cdb, command=[]} | ret=SUCCESS |  
2019-08-28 20:45:03,513 | INFO  | SCMAudit | user=jenkins1000 | ip=192.168.5.177 | op=SEND_HEARTBEAT {datanodeUUID=513c1f65-f8ca-4fcc-b6c3-6854c51589e0, command=[]} | ret=SUCCESS |  
2019-08-28 20:45:03,815 | INFO  | SCMAudit | user=jenkins1000 | ip=192.168.5.177 | op=SEND_HEARTBEAT {datanodeUUID=db639f82-73eb-4be5-a392-fc470322a624, command=[]} | ret=SUCCESS |  
2019-08-28 20:45:04,097 | INFO  | SCMAudit | user=jenkins1000 | ip=192.168.5.177 | op=SEND_HEARTBEAT {datanodeUUID=a9b8c672-ce93-46c3-bb25-c9de4bd083e1, command=[]} | ret=SUCCESS |  
2019-08-28 20:45:04,153 | INFO  | SCMAudit | user=jenkins1000 | ip=192.168.5.177 | op=SEND_HEARTBEAT {datanodeUUID=5fdcf193-aea2-41f0-a17a-0cccd8389a83, command=[]} | ret=SUCCESS |  
2019-08-28 20:45:04,154 | INFO  | SCMAudit | user=jenkins1000 | ip=192.168.5.177 | op=SEND_HEARTBEAT {datanodeUUID=cd0ecae8-bdb7-4f89-a39b-644d87647cdb, command=[]} | ret=SUCCESS |  
2019-08-28 20:45:04,513 | INFO  | SCMAudit | user=jenkins1000 | ip=192.168.5.177 | op=SEND_HEARTBEAT {datanodeUUID=513c1f65-f8ca-4fcc-b6c3-6854c51589e0, command=[]} | ret=SUCCESS |  
2019-08-28 20:45:04,816 | INFO  | SCMAudit | user=jenkins1000 | ip=192.168.5.177 | op=SEND_HEARTBEAT {datanodeUUID=db639f82-73eb-4be5-a392-fc470322a624, command=[]} | ret=SUCCESS |  
2019-08-28 20:45:04,847 [EventQueue-StaleNodeForStaleNodeHandler] INFO  node.StaleNodeHandler (StaleNodeHandler.java:onMessage(58)) - Datanode 8bd7a6f0-43a3-4468-a050-7eae86b3305d{ip: 192.168.5.177, host: pr-hdds-2051-mwr8n-2748524799, networkLocation: /default-rack, certSerialId: null} moved to stale state. Finalizing its pipelines [PipelineID=d5adf433-300d-45b4-aede-992cf750d054, PipelineID=372ca669-c36e-4972-9ef5-3264f301f961]
2019-08-28 20:45:04,848 [EventQueue-StaleNodeForStaleNodeHandler] INFO  pipeline.SCMPipelineManager (SCMPipelineManager.java:finalizeAndDestroyPipeline(309)) - destroying pipeline:Pipeline[ Id: d5adf433-300d-45b4-aede-992cf750d054, Nodes: 8bd7a6f0-43a3-4468-a050-7eae86b3305d{ip: 192.168.5.177, host: pr-hdds-2051-mwr8n-2748524799, networkLocation: /default-rack, certSerialId: null}, Type:RATIS, Factor:ONE, State:OPEN]
2019-08-28 20:45:04,848 [EventQueue-StaleNodeForStaleNodeHandler] INFO  pipeline.PipelineStateManager (PipelineStateManager.java:finalizePipeline(123)) - Pipeline Pipeline[ Id: d5adf433-300d-45b4-aede-992cf750d054, Nodes: 8bd7a6f0-43a3-4468-a050-7eae86b3305d{ip: 192.168.5.177, host: pr-hdds-2051-mwr8n-2748524799, networkLocation: /default-rack, certSerialId: null}, Type:RATIS, Factor:ONE, State:CLOSED] moved to CLOSED state
2019-08-28 20:45:04,848 [EventQueue-StaleNodeForStaleNodeHandler] INFO  pipeline.SCMPipelineManager (SCMPipelineManager.java:finalizeAndDestroyPipeline(309)) - destroying pipeline:Pipeline[ Id: 372ca669-c36e-4972-9ef5-3264f301f961, Nodes: 6442b5b0-8ca3-4299-ae95-3c32f8a8b340{ip: 192.168.5.177, host: pr-hdds-2051-mwr8n-2748524799, networkLocation: /default-rack, certSerialId: null}8bd7a6f0-43a3-4468-a050-7eae86b3305d{ip: 192.168.5.177, host: pr-hdds-2051-mwr8n-2748524799, networkLocation: /default-rack, certSerialId: null}db639f82-73eb-4be5-a392-fc470322a624{ip: 192.168.5.177, host: pr-hdds-2051-mwr8n-2748524799, networkLocation: /default-rack, certSerialId: null}, Type:RATIS, Factor:THREE, State:CLOSED]
2019-08-28 20:45:05,098 | INFO  | SCMAudit | user=jenkins1000 | ip=192.168.5.177 | op=SEND_HEARTBEAT {datanodeUUID=a9b8c672-ce93-46c3-bb25-c9de4bd083e1, command=[]} | ret=SUCCESS |  
2019-08-28 20:45:05,153 | INFO  | SCMAudit | user=jenkins1000 | ip=192.168.5.177 | op=SEND_HEARTBEAT {datanodeUUID=5fdcf193-aea2-41f0-a17a-0cccd8389a83, command=[]} | ret=SUCCESS |  
2019-08-28 20:45:05,153 | INFO  | SCMAudit | user=jenkins1000 | ip=192.168.5.177 | op=SEND_HEARTBEAT {datanodeUUID=cd0ecae8-bdb7-4f89-a39b-644d87647cdb, command=[]} | ret=SUCCESS |  
2019-08-28 20:45:05,513 | INFO  | SCMAudit | user=jenkins1000 | ip=192.168.5.177 | op=SEND_HEARTBEAT {datanodeUUID=513c1f65-f8ca-4fcc-b6c3-6854c51589e0, command=[]} | ret=SUCCESS |  
2019-08-28 20:45:05,816 | INFO  | SCMAudit | user=jenkins1000 | ip=192.168.5.177 | op=SEND_HEARTBEAT {datanodeUUID=db639f82-73eb-4be5-a392-fc470322a624, command=[]} | ret=SUCCESS |  
2019-08-28 20:45:06,097 | INFO  | SCMAudit | user=jenkins1000 | ip=192.168.5.177 | op=SEND_HEARTBEAT {datanodeUUID=a9b8c672-ce93-46c3-bb25-c9de4bd083e1, command=[]} | ret=SUCCESS |  
2019-08-28 20:45:06,152 | INFO  | SCMAudit | user=jenkins1000 | ip=192.168.5.177 | op=SEND_HEARTBEAT {datanodeUUID=5fdcf193-aea2-41f0-a17a-0cccd8389a83, command=[]} | ret=SUCCESS |  
2019-08-28 20:45:06,153 | INFO  | SCMAudit | user=jenkins1000 | ip=192.168.5.177 | op=SEND_HEARTBEAT {datanodeUUID=cd0ecae8-bdb7-4f89-a39b-644d87647cdb, command=[]} | ret=SUCCESS |  
2019-08-28 20:45:06,512 | INFO  | SCMAudit | user=jenkins1000 | ip=192.168.5.177 | op=SEND_HEARTBEAT {datanodeUUID=513c1f65-f8ca-4fcc-b6c3-6854c51589e0, command=[]} | ret=SUCCESS |  
2019-08-28 20:45:06,816 | INFO  | SCMAudit | user=jenkins1000 | ip=192.168.5.177 | op=SEND_HEARTBEAT {datanodeUUID=db639f82-73eb-4be5-a392-fc470322a624, command=[]} | ret=SUCCESS |  
2019-08-28 20:45:07,097 | INFO  | SCMAudit | user=jenkins1000 | ip=192.168.5.177 | op=SEND_HEARTBEAT {datanodeUUID=a9b8c672-ce93-46c3-bb25-c9de4bd083e1, command=[]} | ret=SUCCESS |  
2019-08-28 20:45:07,153 | INFO  | SCMAudit | user=jenkins1000 | ip=192.168.5.177 | op=SEND_HEARTBEAT {datanodeUUID=5fdcf193-aea2-41f0-a17a-0cccd8389a83, command=[]} | ret=SUCCESS |  
2019-08-28 20:45:07,153 [main] INFO  ozoneimpl.OzoneContainer (OzoneContainer.java:stop(215)) - Attempting to stop container services.
2019-08-28 20:45:07,154 | INFO  | SCMAudit | user=jenkins1000 | ip=192.168.5.177 | op=SEND_HEARTBEAT {datanodeUUID=cd0ecae8-bdb7-4f89-a39b-644d87647cdb, command=[]} | ret=SUCCESS |  
2019-08-28 20:45:07,154 [main] INFO  impl.RaftServerProxy (RaftServerProxy.java:lambda$close$4(314)) - 8bd7a6f0-43a3-4468-a050-7eae86b3305d: close
2019-08-28 20:45:07,155 [main] INFO  impl.RaftServerImpl (RaftServerImpl.java:lambda$shutdown$3(245)) - 8bd7a6f0-43a3-4468-a050-7eae86b3305d: shutdown group-992CF750D054
2019-08-28 20:45:07,155 [ForkJoinPool.commonPool-worker-1] INFO  impl.RaftServerImpl (RaftServerImpl.java:lambda$shutdown$3(245)) - 8bd7a6f0-43a3-4468-a050-7eae86b3305d: shutdown group-3264F301F961
2019-08-28 20:45:07,156 [main] INFO  util.JmxRegister (JmxRegister.java:unregister(73)) - Successfully un-registered JMX Bean with object name Ratis:service=RaftServer,group=group-992CF750D054,id=8bd7a6f0-43a3-4468-a050-7eae86b3305d
2019-08-28 20:45:07,156 [ForkJoinPool.commonPool-worker-1] INFO  util.JmxRegister (JmxRegister.java:unregister(73)) - Successfully un-registered JMX Bean with object name Ratis:service=RaftServer,group=group-3264F301F961,id=8bd7a6f0-43a3-4468-a050-7eae86b3305d
2019-08-28 20:45:07,156 [main] INFO  impl.RoleInfo (RoleInfo.java:shutdownLeaderState(104)) - 8bd7a6f0-43a3-4468-a050-7eae86b3305d: shutdown LeaderState
2019-08-28 20:45:07,156 [ForkJoinPool.commonPool-worker-1] INFO  impl.RoleInfo (RoleInfo.java:shutdownFollowerState(121)) - 8bd7a6f0-43a3-4468-a050-7eae86b3305d: shutdown FollowerState
2019-08-28 20:45:07,157 [main] INFO  impl.PendingRequests (PendingRequests.java:sendNotLeaderResponses(202)) - 8bd7a6f0-43a3-4468-a050-7eae86b3305d-PendingRequests: sendNotLeaderResponses
2019-08-28 20:45:07,157 [StateMachineUpdater:8bd7a6f0-43a3-4468-a050-7eae86b3305d:group-3264F301F961] INFO  ratis.ContainerStateMachine (ContainerStateMachine.java:takeSnapshot(284)) - group-3264F301F961: Taking a snapshot at:(t:3, i:6) file /workdir/hadoop-ozone/integration-test/target/test-dir/MiniOzoneClusterImpl-e4aa4cd6-f8a5-4df5-b9db-269a962e0316/datanode-1/data/ratis/372ca669-c36e-4972-9ef5-3264f301f961/sm/snapshot.3_6
2019-08-28 20:45:07,157 [ForkJoinPool.commonPool-worker-1] INFO  impl.StateMachineUpdater (StateMachineUpdater.java:stopAndJoin(115)) - StateMachineUpdater:8bd7a6f0-43a3-4468-a050-7eae86b3305d:group-3264F301F961: set stopIndex = 8
2019-08-28 20:45:07,157 [Thread-393] INFO  impl.FollowerState (FollowerState.java:run(114)) - 8bd7a6f0-43a3-4468-a050-7eae86b3305d: FollowerState was interrupted: java.lang.InterruptedException: sleep interrupted
2019-08-28 20:45:07,158 [main] INFO  impl.StateMachineUpdater (StateMachineUpdater.java:stopAndJoin(115)) - StateMachineUpdater:8bd7a6f0-43a3-4468-a050-7eae86b3305d:group-992CF750D054: set stopIndex = 0
2019-08-28 20:45:07,162 [main] INFO  impl.RaftServerImpl (ServerState.java:close(394)) - 8bd7a6f0-43a3-4468-a050-7eae86b3305d:group-992CF750D054 closes. The last applied log index is 0
2019-08-28 20:45:07,162 [8bd7a6f0-43a3-4468-a050-7eae86b3305d-SegmentedRaftLogWorker:Storage Directory /workdir/hadoop-ozone/integration-test/target/test-dir/MiniOzoneClusterImpl-e4aa4cd6-f8a5-4df5-b9db-269a962e0316/datanode-1/data/ratis/d5adf433-300d-45b4-aede-992cf750d054] INFO  segmented.SegmentedRaftLogWorker (SegmentedRaftLogWorker.java:run(313)) - 8bd7a6f0-43a3-4468-a050-7eae86b3305d-SegmentedRaftLogWorker:Storage Directory /workdir/hadoop-ozone/integration-test/target/test-dir/MiniOzoneClusterImpl-e4aa4cd6-f8a5-4df5-b9db-269a962e0316/datanode-1/data/ratis/d5adf433-300d-45b4-aede-992cf750d054 was interrupted, exiting. There are 0 tasks remaining in the queue.
2019-08-28 20:45:07,168 [main] INFO  segmented.SegmentedRaftLogWorker (SegmentedRaftLogWorker.java:close(228)) - 8bd7a6f0-43a3-4468-a050-7eae86b3305d-SegmentedRaftLogWorker:Storage Directory /workdir/hadoop-ozone/integration-test/target/test-dir/MiniOzoneClusterImpl-e4aa4cd6-f8a5-4df5-b9db-269a962e0316/datanode-1/data/ratis/d5adf433-300d-45b4-aede-992cf750d054 close()
2019-08-28 20:45:07,172 [StateMachineUpdater:8bd7a6f0-43a3-4468-a050-7eae86b3305d:group-3264F301F961] INFO  ratis.ContainerStateMachine (ContainerStateMachine.java:takeSnapshot(295)) - group-3264F301F961: Finished taking a snapshot at:(t:3, i:6) file:/workdir/hadoop-ozone/integration-test/target/test-dir/MiniOzoneClusterImpl-e4aa4cd6-f8a5-4df5-b9db-269a962e0316/datanode-1/data/ratis/372ca669-c36e-4972-9ef5-3264f301f961/sm/snapshot.3_6 time:15
2019-08-28 20:45:07,172 [StateMachineUpdater:8bd7a6f0-43a3-4468-a050-7eae86b3305d:group-3264F301F961] INFO  impl.StateMachineUpdater (StateMachineUpdater.java:takeSnapshot(242)) - StateMachineUpdater:8bd7a6f0-43a3-4468-a050-7eae86b3305d:group-3264F301F961: Took a snapshot at index 6
2019-08-28 20:45:07,172 [StateMachineUpdater:8bd7a6f0-43a3-4468-a050-7eae86b3305d:group-3264F301F961] INFO  impl.StateMachineUpdater (StateMachineUpdater.java:lambda$new$0(80)) - StateMachineUpdater:8bd7a6f0-43a3-4468-a050-7eae86b3305d:group-3264F301F961: snapshotIndex: updateIncreasingly -1 -> 6
2019-08-28 20:45:07,173 [ForkJoinPool.commonPool-worker-1] INFO  impl.RaftServerImpl (ServerState.java:close(394)) - 8bd7a6f0-43a3-4468-a050-7eae86b3305d:group-3264F301F961 closes. The last applied log index is 8
2019-08-28 20:45:07,173 [8bd7a6f0-43a3-4468-a050-7eae86b3305d-SegmentedRaftLogWorker:Storage Directory /workdir/hadoop-ozone/integration-test/target/test-dir/MiniOzoneClusterImpl-e4aa4cd6-f8a5-4df5-b9db-269a962e0316/datanode-1/data/ratis/372ca669-c36e-4972-9ef5-3264f301f961] INFO  segmented.SegmentedRaftLogWorker (SegmentedRaftLogWorker.java:run(313)) - 8bd7a6f0-43a3-4468-a050-7eae86b3305d-SegmentedRaftLogWorker:Storage Directory /workdir/hadoop-ozone/integration-test/target/test-dir/MiniOzoneClusterImpl-e4aa4cd6-f8a5-4df5-b9db-269a962e0316/datanode-1/data/ratis/372ca669-c36e-4972-9ef5-3264f301f961 was interrupted, exiting. There are 0 tasks remaining in the queue.
2019-08-28 20:45:07,176 [ForkJoinPool.commonPool-worker-1] INFO  segmented.SegmentedRaftLogWorker (SegmentedRaftLogWorker.java:close(228)) - 8bd7a6f0-43a3-4468-a050-7eae86b3305d-SegmentedRaftLogWorker:Storage Directory /workdir/hadoop-ozone/integration-test/target/test-dir/MiniOzoneClusterImpl-e4aa4cd6-f8a5-4df5-b9db-269a962e0316/datanode-1/data/ratis/372ca669-c36e-4972-9ef5-3264f301f961 close()
2019-08-28 20:45:07,180 [main] INFO  server.GrpcService (GrpcService.java:closeImpl(155)) - 8bd7a6f0-43a3-4468-a050-7eae86b3305d: shutdown server with port 37966 now
2019-08-28 20:45:07,180 [main] INFO  server.GrpcService (GrpcService.java:closeImpl(163)) - 8bd7a6f0-43a3-4468-a050-7eae86b3305d: shutdown server with port 37966 successfully
2019-08-28 20:45:07,184 [refreshUsed-/workdir/hadoop-ozone/integration-test/target/test-dir/MiniOzoneClusterImpl-e4aa4cd6-f8a5-4df5-b9db-269a962e0316/datanode-1/data/containers] WARN  fs.CachingGetSpaceUsed (CachingGetSpaceUsed.java:run(183)) - Thread Interrupted waiting to refresh disk information: sleep interrupted
2019-08-28 20:45:07,206 [main] INFO  utils.BackgroundService (BackgroundService.java:shutdown(148)) - Shutting down service BlockDeletingService
2019-08-28 20:45:07,212 [main] INFO  statemachine.DatanodeStateMachine (DatanodeStateMachine.java:stopDaemon(395)) - Ozone container server stopped.
2019-08-28 20:45:07,213 [main] INFO  handler.ContextHandler (ContextHandler.java:doStop(910)) - Stopped o.e.j.w.WebAppContext@3ba46e63{/,null,UNAVAILABLE}{/hddsDatanode}
2019-08-28 20:45:07,214 [main] INFO  server.AbstractConnector (AbstractConnector.java:doStop(318)) - Stopped ServerConnector@788ddc1f{HTTP/1.1,[http/1.1]}{0.0.0.0:0}
2019-08-28 20:45:07,215 [main] INFO  handler.ContextHandler (ContextHandler.java:doStop(910)) - Stopped o.e.j.s.ServletContextHandler@3d96fa9e{/static,jar:file:/home/user/.m2/repository/org/apache/hadoop/hadoop-hdds-container-service/0.5.0-SNAPSHOT/hadoop-hdds-container-service-0.5.0-SNAPSHOT.jar!/webapps/static,UNAVAILABLE}
2019-08-28 20:45:07,215 [main] INFO  handler.ContextHandler (ContextHandler.java:doStop(910)) - Stopped o.e.j.s.ServletContextHandler@74170687{/logs,file:///workdir/hadoop-ozone/integration-test/target/log,UNAVAILABLE}
]]></system-out>
  </testcase>
</testsuite>