<?xml version="1.0" encoding="UTF-8"?>
<testsuite xmlns:xsi="http://www.w3.org/2001/XMLSchema-instance" xsi:noNamespaceSchemaLocation="https://maven.apache.org/surefire/maven-surefire-plugin/xsd/surefire-test-report.xsd" name="org.apache.hadoop.ozone.client.rpc.TestBlockOutputStreamWithFailures" time="739.532" tests="8" errors="0" skipped="0" failures="1">
  <properties>
    <property name="awt.toolkit" value="sun.awt.X11.XToolkit"/>
    <property name="file.encoding.pkg" value="sun.io"/>
    <property name="java.specification.version" value="1.8"/>
    <property name="sun.cpu.isalist" value=""/>
    <property name="sun.jnu.encoding" value="UTF-8"/>
    <property name="java.class.path" value="/workdir/hadoop-ozone/integration-test/target/test-classes:/workdir/hadoop-ozone/integration-test/target/classes:/home/user/.m2/repository/org/apache/hadoop/hadoop-ozone-common/0.5.0-SNAPSHOT/hadoop-ozone-common-0.5.0-SNAPSHOT.jar:/home/user/.m2/repository/org/apache/commons/commons-compress/1.4.1/commons-compress-1.4.1.jar:/home/user/.m2/repository/org/tukaani/xz/1.0/xz-1.0.jar:/home/user/.m2/repository/org/apache/hadoop/hadoop-common/3.2.0/hadoop-common-3.2.0.jar:/home/user/.m2/repository/org/apache/hadoop/hadoop-hdfs/3.2.0/hadoop-hdfs-3.2.0.jar:/home/user/.m2/repository/org/apache/hadoop/hadoop-hdfs-client/3.2.0/hadoop-hdfs-client-3.2.0.jar:/home/user/.m2/repository/com/fasterxml/jackson/core/jackson-annotations/2.9.9/jackson-annotations-2.9.9.jar:/home/user/.m2/repository/org/apache/hadoop/hadoop-hdds-common/0.5.0-SNAPSHOT/hadoop-hdds-common-0.5.0-SNAPSHOT.jar:/home/user/.m2/repository/javax/annotation/javax.annotation-api/1.2/javax.annotation-api-1.2.jar:/home/user/.m2/repository/org/apache/ratis/ratis-server/0.4.0-78e95b9-SNAPSHOT/ratis-server-0.4.0-78e95b9-SNAPSHOT.jar:/home/user/.m2/repository/org/apache/ratis/ratis-thirdparty-misc/0.2.0/ratis-thirdparty-misc-0.2.0.jar:/home/user/.m2/repository/org/apache/ratis/ratis-proto/0.4.0-78e95b9-SNAPSHOT/ratis-proto-0.4.0-78e95b9-SNAPSHOT.jar:/home/user/.m2/repository/org/apache/ratis/ratis-common/0.4.0-78e95b9-SNAPSHOT/ratis-common-0.4.0-78e95b9-SNAPSHOT.jar:/home/user/.m2/repository/org/apache/ratis/ratis-client/0.4.0-78e95b9-SNAPSHOT/ratis-client-0.4.0-78e95b9-SNAPSHOT.jar:/home/user/.m2/repository/org/apache/ratis/ratis-metrics/0.4.0-78e95b9-SNAPSHOT/ratis-metrics-0.4.0-78e95b9-SNAPSHOT.jar:/home/user/.m2/repository/com/github/joshelser/dropwizard-metrics-hadoop-metrics2-reporter/0.1.2/dropwizard-metrics-hadoop-metrics2-reporter-0.1.2.jar:/home/user/.m2/repository/io/dropwizard/metrics/metrics-jvm/3.2.5/metrics-jvm-3.2.5.jar:/home/user/.m2/repository/io/dropwizard/metrics/metrics-ganglia/3.2.5/metrics-ganglia-3.2.5.jar:/home/user/.m2/repository/info/ganglia/gmetric4j/gmetric4j/1.0.7/gmetric4j-1.0.7.jar:/home/user/.m2/repository/org/apache/ratis/ratis-netty/0.4.0-78e95b9-SNAPSHOT/ratis-netty-0.4.0-78e95b9-SNAPSHOT.jar:/home/user/.m2/repository/org/apache/ratis/ratis-grpc/0.4.0-78e95b9-SNAPSHOT/ratis-grpc-0.4.0-78e95b9-SNAPSHOT.jar:/home/user/.m2/repository/org/rocksdb/rocksdbjni/6.0.1/rocksdbjni-6.0.1.jar:/home/user/.m2/repository/org/apache/logging/log4j/log4j-api/2.11.0/log4j-api-2.11.0.jar:/home/user/.m2/repository/org/apache/logging/log4j/log4j-core/2.11.0/log4j-core-2.11.0.jar:/home/user/.m2/repository/com/lmax/disruptor/3.4.2/disruptor-3.4.2.jar:/home/user/.m2/repository/org/apache/commons/commons-pool2/2.6.0/commons-pool2-2.6.0.jar:/home/user/.m2/repository/org/bouncycastle/bcpkix-jdk15on/1.60/bcpkix-jdk15on-1.60.jar:/home/user/.m2/repository/commons-validator/commons-validator/1.6/commons-validator-1.6.jar:/home/user/.m2/repository/commons-digester/commons-digester/1.8.1/commons-digester-1.8.1.jar:/home/user/.m2/repository/io/jaegertracing/jaeger-client/0.33.1/jaeger-client-0.33.1.jar:/home/user/.m2/repository/io/jaegertracing/jaeger-thrift/0.33.1/jaeger-thrift-0.33.1.jar:/home/user/.m2/repository/org/apache/thrift/libthrift/0.11.0/libthrift-0.11.0.jar:/home/user/.m2/repository/com/squareup/okhttp3/okhttp/3.9.0/okhttp-3.9.0.jar:/home/user/.m2/repository/com/squareup/okio/okio/1.13.0/okio-1.13.0.jar:/home/user/.m2/repository/io/jaegertracing/jaeger-core/0.33.1/jaeger-core-0.33.1.jar:/home/user/.m2/repository/io/jaegertracing/jaeger-tracerresolver/0.33.1/jaeger-tracerresolver-0.33.1.jar:/home/user/.m2/repository/io/opentracing/contrib/opentracing-tracerresolver/0.1.5/opentracing-tracerresolver-0.1.5.jar:/home/user/.m2/repository/io/opentracing/opentracing-util/0.31.0/opentracing-util-0.31.0.jar:/home/user/.m2/repository/io/opentracing/opentracing-api/0.31.0/opentracing-api-0.31.0.jar:/home/user/.m2/repository/io/opentracing/opentracing-noop/0.31.0/opentracing-noop-0.31.0.jar:/home/user/.m2/repository/org/apache/hadoop/hadoop-hdds-server-framework/0.5.0-SNAPSHOT/hadoop-hdds-server-framework-0.5.0-SNAPSHOT.jar:/home/user/.m2/repository/org/apache/hadoop/hadoop-hdds-container-service/0.5.0-SNAPSHOT/hadoop-hdds-container-service-0.5.0-SNAPSHOT.jar:/home/user/.m2/repository/org/apache/hadoop/hadoop-hdds-client/0.5.0-SNAPSHOT/hadoop-hdds-client-0.5.0-SNAPSHOT.jar:/home/user/.m2/repository/org/apache/hadoop/hadoop-hdds-tools/0.5.0-SNAPSHOT/hadoop-hdds-tools-0.5.0-SNAPSHOT.jar:/home/user/.m2/repository/org/apache/hadoop/hadoop-hdds-server-scm/0.5.0-SNAPSHOT/hadoop-hdds-server-scm-0.5.0-SNAPSHOT.jar:/home/user/.m2/repository/org/apache/hadoop/hadoop-hdds-docs/0.5.0-SNAPSHOT/hadoop-hdds-docs-0.5.0-SNAPSHOT.jar:/home/user/.m2/repository/io/dropwizard/metrics/metrics-core/3.2.4/metrics-core-3.2.4.jar:/home/user/.m2/repository/org/hamcrest/hamcrest-all/1.3/hamcrest-all-1.3.jar:/home/user/.m2/repository/org/bouncycastle/bcprov-jdk15on/1.60/bcprov-jdk15on-1.60.jar:/home/user/.m2/repository/info/picocli/picocli/3.9.6/picocli-3.9.6.jar:/home/user/.m2/repository/com/google/protobuf/protobuf-java/2.5.0/protobuf-java-2.5.0.jar:/home/user/.m2/repository/com/google/guava/guava/11.0.2/guava-11.0.2.jar:/home/user/.m2/repository/org/apache/hadoop/hadoop-ozone-ozone-manager/0.5.0-SNAPSHOT/hadoop-ozone-ozone-manager-0.5.0-SNAPSHOT.jar:/home/user/.m2/repository/org/apache/hadoop/hadoop-minikdc/3.2.0/hadoop-minikdc-3.2.0.jar:/home/user/.m2/repository/commons-io/commons-io/2.5/commons-io-2.5.jar:/home/user/.m2/repository/org/apache/kerby/kerb-simplekdc/1.0.1/kerb-simplekdc-1.0.1.jar:/home/user/.m2/repository/org/apache/kerby/kerb-client/1.0.1/kerb-client-1.0.1.jar:/home/user/.m2/repository/org/apache/kerby/kerby-config/1.0.1/kerby-config-1.0.1.jar:/home/user/.m2/repository/org/apache/kerby/kerb-core/1.0.1/kerb-core-1.0.1.jar:/home/user/.m2/repository/org/apache/kerby/kerby-pkix/1.0.1/kerby-pkix-1.0.1.jar:/home/user/.m2/repository/org/apache/kerby/kerby-asn1/1.0.1/kerby-asn1-1.0.1.jar:/home/user/.m2/repository/org/apache/kerby/kerby-util/1.0.1/kerby-util-1.0.1.jar:/home/user/.m2/repository/org/apache/kerby/kerb-common/1.0.1/kerb-common-1.0.1.jar:/home/user/.m2/repository/org/apache/kerby/kerb-crypto/1.0.1/kerb-crypto-1.0.1.jar:/home/user/.m2/repository/org/apache/kerby/kerb-util/1.0.1/kerb-util-1.0.1.jar:/home/user/.m2/repository/org/apache/kerby/token-provider/1.0.1/token-provider-1.0.1.jar:/home/user/.m2/repository/org/apache/kerby/kerb-admin/1.0.1/kerb-admin-1.0.1.jar:/home/user/.m2/repository/org/apache/kerby/kerb-server/1.0.1/kerb-server-1.0.1.jar:/home/user/.m2/repository/org/apache/kerby/kerb-identity/1.0.1/kerb-identity-1.0.1.jar:/home/user/.m2/repository/org/apache/kerby/kerby-xdr/1.0.1/kerby-xdr-1.0.1.jar:/home/user/.m2/repository/org/slf4j/slf4j-log4j12/1.7.25/slf4j-log4j12-1.7.25.jar:/home/user/.m2/repository/org/apache/hadoop/hadoop-ozone-s3gateway/0.5.0-SNAPSHOT/hadoop-ozone-s3gateway-0.5.0-SNAPSHOT.jar:/home/user/.m2/repository/org/jboss/weld/servlet/weld-servlet/2.4.7.Final/weld-servlet-2.4.7.Final.jar:/home/user/.m2/repository/org/glassfish/jersey/containers/jersey-container-servlet-core/2.27/jersey-container-servlet-core-2.27.jar:/home/user/.m2/repository/org/glassfish/hk2/external/javax.inject/2.5.0-b42/javax.inject-2.5.0-b42.jar:/home/user/.m2/repository/org/glassfish/jersey/core/jersey-common/2.27/jersey-common-2.27.jar:/home/user/.m2/repository/org/glassfish/hk2/osgi-resource-locator/1.0.1/osgi-resource-locator-1.0.1.jar:/home/user/.m2/repository/javax/ws/rs/javax.ws.rs-api/2.1/javax.ws.rs-api-2.1.jar:/home/user/.m2/repository/org/glassfish/jersey/ext/cdi/jersey-cdi1x/2.27/jersey-cdi1x-2.27.jar:/home/user/.m2/repository/org/glassfish/jersey/inject/jersey-hk2/2.27/jersey-hk2-2.27.jar:/home/user/.m2/repository/org/glassfish/hk2/hk2-locator/2.5.0-b42/hk2-locator-2.5.0-b42.jar:/home/user/.m2/repository/org/javassist/javassist/3.22.0-CR2/javassist-3.22.0-CR2.jar:/home/user/.m2/repository/org/glassfish/hk2/hk2-api/2.5.0/hk2-api-2.5.0.jar:/home/user/.m2/repository/org/glassfish/hk2/external/jakarta.inject/2.5.0/jakarta.inject-2.5.0.jar:/home/user/.m2/repository/org/glassfish/hk2/hk2-utils/2.5.0/hk2-utils-2.5.0.jar:/home/user/.m2/repository/jakarta/annotation/jakarta.annotation-api/1.3.4/jakarta.annotation-api-1.3.4.jar:/home/user/.m2/repository/org/glassfish/hk2/external/aopalliance-repackaged/2.5.0/aopalliance-repackaged-2.5.0.jar:/home/user/.m2/repository/com/fasterxml/jackson/dataformat/jackson-dataformat-xml/2.9.0/jackson-dataformat-xml-2.9.0.jar:/home/user/.m2/repository/com/fasterxml/jackson/core/jackson-core/2.9.9/jackson-core-2.9.9.jar:/home/user/.m2/repository/com/fasterxml/jackson/module/jackson-module-jaxb-annotations/2.9.9/jackson-module-jaxb-annotations-2.9.9.jar:/home/user/.m2/repository/javax/enterprise/cdi-api/1.2/cdi-api-1.2.jar:/home/user/.m2/repository/javax/el/javax.el-api/3.0.0/javax.el-api-3.0.0.jar:/home/user/.m2/repository/javax/interceptor/javax.interceptor-api/1.2/javax.interceptor-api-1.2.jar:/home/user/.m2/repository/javax/inject/javax.inject/1/javax.inject-1.jar:/home/user/.m2/repository/com/sun/xml/bind/jaxb-impl/2.3.0.1/jaxb-impl-2.3.0.1.jar:/home/user/.m2/repository/com/sun/xml/bind/jaxb-core/2.3.0.1/jaxb-core-2.3.0.1.jar:/home/user/.m2/repository/javax/xml/bind/jaxb-api/2.3.0/jaxb-api-2.3.0.jar:/home/user/.m2/repository/javax/activation/activation/1.1.1/activation-1.1.1.jar:/home/user/.m2/repository/org/apache/hadoop/hadoop-ozone-csi/0.5.0-SNAPSHOT/hadoop-ozone-csi-0.5.0-SNAPSHOT.jar:/home/user/.m2/repository/com/google/protobuf/protobuf-java-util/3.5.1/protobuf-java-util-3.5.1.jar:/home/user/.m2/repository/org/apache/hadoop/hadoop-hdds-config/0.5.0-SNAPSHOT/hadoop-hdds-config-0.5.0-SNAPSHOT.jar:/home/user/.m2/repository/io/grpc/grpc-netty/1.17.1/grpc-netty-1.17.1.jar:/home/user/.m2/repository/io/grpc/grpc-core/1.17.1/grpc-core-1.17.1.jar:/home/user/.m2/repository/io/grpc/grpc-context/1.17.1/grpc-context-1.17.1.jar:/home/user/.m2/repository/com/google/errorprone/error_prone_annotations/2.2.0/error_prone_annotations-2.2.0.jar:/home/user/.m2/repository/org/codehaus/mojo/animal-sniffer-annotations/1.17/animal-sniffer-annotations-1.17.jar:/home/user/.m2/repository/io/opencensus/opencensus-api/0.17.0/opencensus-api-0.17.0.jar:/home/user/.m2/repository/io/opencensus/opencensus-contrib-grpc-metrics/0.17.0/opencensus-contrib-grpc-metrics-0.17.0.jar:/home/user/.m2/repository/io/netty/netty-codec-http2/4.1.30.Final/netty-codec-http2-4.1.30.Final.jar:/home/user/.m2/repository/io/netty/netty-codec-http/4.1.30.Final/netty-codec-http-4.1.30.Final.jar:/home/user/.m2/repository/io/netty/netty-codec/4.1.30.Final/netty-codec-4.1.30.Final.jar:/home/user/.m2/repository/io/netty/netty-handler/4.1.30.Final/netty-handler-4.1.30.Final.jar:/home/user/.m2/repository/io/netty/netty-handler-proxy/4.1.30.Final/netty-handler-proxy-4.1.30.Final.jar:/home/user/.m2/repository/io/netty/netty-codec-socks/4.1.30.Final/netty-codec-socks-4.1.30.Final.jar:/home/user/.m2/repository/io/netty/netty-transport-native-epoll/4.1.30.Final/netty-transport-native-epoll-4.1.30.Final.jar:/home/user/.m2/repository/io/netty/netty-common/4.1.30.Final/netty-common-4.1.30.Final.jar:/home/user/.m2/repository/io/netty/netty-buffer/4.1.30.Final/netty-buffer-4.1.30.Final.jar:/home/user/.m2/repository/io/netty/netty-transport/4.1.30.Final/netty-transport-4.1.30.Final.jar:/home/user/.m2/repository/io/netty/netty-resolver/4.1.30.Final/netty-resolver-4.1.30.Final.jar:/home/user/.m2/repository/io/netty/netty-transport-native-unix-common/4.1.30.Final/netty-transport-native-unix-common-4.1.30.Final.jar:/home/user/.m2/repository/io/grpc/grpc-protobuf/1.17.1/grpc-protobuf-1.17.1.jar:/home/user/.m2/repository/com/google/api/grpc/proto-google-common-protos/1.0.0/proto-google-common-protos-1.0.0.jar:/home/user/.m2/repository/io/grpc/grpc-protobuf-lite/1.17.1/grpc-protobuf-lite-1.17.1.jar:/home/user/.m2/repository/io/grpc/grpc-stub/1.17.1/grpc-stub-1.17.1.jar:/home/user/.m2/repository/org/apache/hadoop/hadoop-ozone-recon/0.5.0-SNAPSHOT/hadoop-ozone-recon-0.5.0-SNAPSHOT.jar:/home/user/.m2/repository/org/apache/hadoop/hadoop-ozone-reconcodegen/0.5.0-SNAPSHOT/hadoop-ozone-reconcodegen-0.5.0-SNAPSHOT.jar:/home/user/.m2/repository/com/google/inject/extensions/guice-multibindings/4.0/guice-multibindings-4.0.jar:/home/user/.m2/repository/com/google/inject/guice/4.0/guice-4.0.jar:/home/user/.m2/repository/aopalliance/aopalliance/1.0/aopalliance-1.0.jar:/home/user/.m2/repository/com/google/inject/extensions/guice-servlet/4.0/guice-servlet-4.0.jar:/home/user/.m2/repository/org/glassfish/jersey/containers/jersey-container-servlet/2.27/jersey-container-servlet-2.27.jar:/home/user/.m2/repository/org/glassfish/hk2/guice-bridge/2.5.0/guice-bridge-2.5.0.jar:/home/user/.m2/repository/org/glassfish/jersey/core/jersey-server/2.27/jersey-server-2.27.jar:/home/user/.m2/repository/org/glassfish/jersey/core/jersey-client/2.27/jersey-client-2.27.jar:/home/user/.m2/repository/org/glassfish/jersey/media/jersey-media-jaxb/2.27/jersey-media-jaxb-2.27.jar:/home/user/.m2/repository/javax/validation/validation-api/1.1.0.Final/validation-api-1.1.0.Final.jar:/home/user/.m2/repository/org/glassfish/jersey/media/jersey-media-json-jackson/2.27/jersey-media-json-jackson-2.27.jar:/home/user/.m2/repository/org/glassfish/jersey/ext/jersey-entity-filtering/2.27/jersey-entity-filtering-2.27.jar:/home/user/.m2/repository/com/google/inject/extensions/guice-assistedinject/4.0/guice-assistedinject-4.0.jar:/home/user/.m2/repository/org/jooq/jooq/3.11.10/jooq-3.11.10.jar:/home/user/.m2/repository/org/jooq/jooq-meta/3.11.10/jooq-meta-3.11.10.jar:/home/user/.m2/repository/org/jooq/jooq-codegen/3.11.10/jooq-codegen-3.11.10.jar:/home/user/.m2/repository/com/jolbox/bonecp/0.8.0.RELEASE/bonecp-0.8.0.RELEASE.jar:/home/user/.m2/repository/org/xerial/sqlite-jdbc/3.25.2/sqlite-jdbc-3.25.2.jar:/home/user/.m2/repository/org/springframework/spring-jdbc/5.1.3.RELEASE/spring-jdbc-5.1.3.RELEASE.jar:/home/user/.m2/repository/org/springframework/spring-beans/5.1.3.RELEASE/spring-beans-5.1.3.RELEASE.jar:/home/user/.m2/repository/org/springframework/spring-core/5.1.3.RELEASE/spring-core-5.1.3.RELEASE.jar:/home/user/.m2/repository/org/springframework/spring-jcl/5.1.3.RELEASE/spring-jcl-5.1.3.RELEASE.jar:/home/user/.m2/repository/org/springframework/spring-tx/5.1.3.RELEASE/spring-tx-5.1.3.RELEASE.jar:/home/user/.m2/repository/org/apache/hadoop/hadoop-ozone-client/0.5.0-SNAPSHOT/hadoop-ozone-client-0.5.0-SNAPSHOT.jar:/home/user/.m2/repository/commons-lang/commons-lang/2.6/commons-lang-2.6.jar:/home/user/.m2/repository/org/apache/hadoop/hadoop-ozone-ozone-manager/0.5.0-SNAPSHOT/hadoop-ozone-ozone-manager-0.5.0-SNAPSHOT-tests.jar:/home/user/.m2/repository/junit/junit/4.11/junit-4.11.jar:/home/user/.m2/repository/org/hamcrest/hamcrest-core/1.3/hamcrest-core-1.3.jar:/home/user/.m2/repository/org/openjdk/jmh/jmh-core/1.19/jmh-core-1.19.jar:/home/user/.m2/repository/net/sf/jopt-simple/jopt-simple/4.6/jopt-simple-4.6.jar:/home/user/.m2/repository/org/apache/commons/commons-math3/3.1.1/commons-math3-3.1.1.jar:/home/user/.m2/repository/org/openjdk/jmh/jmh-generator-annprocess/1.19/jmh-generator-annprocess-1.19.jar:/home/user/.m2/repository/org/mockito/mockito-all/1.8.5/mockito-all-1.8.5.jar:/home/user/.m2/repository/org/apache/hadoop/hadoop-kms/3.2.0/hadoop-kms-3.2.0.jar:/home/user/.m2/repository/org/apache/hadoop/hadoop-auth/3.2.0/hadoop-auth-3.2.0.jar:/home/user/.m2/repository/com/nimbusds/nimbus-jose-jwt/4.41.1/nimbus-jose-jwt-4.41.1.jar:/home/user/.m2/repository/com/github/stephenc/jcip/jcip-annotations/1.0-1/jcip-annotations-1.0-1.jar:/home/user/.m2/repository/net/minidev/json-smart/2.3/json-smart-2.3.jar:/home/user/.m2/repository/net/minidev/accessors-smart/1.2/accessors-smart-1.2.jar:/home/user/.m2/repository/org/ow2/asm/asm/5.0.4/asm-5.0.4.jar:/home/user/.m2/repository/org/apache/curator/curator-framework/2.12.0/curator-framework-2.12.0.jar:/home/user/.m2/repository/com/sun/jersey/jersey-core/1.19/jersey-core-1.19.jar:/home/user/.m2/repository/javax/ws/rs/jsr311-api/1.1.1/jsr311-api-1.1.1.jar:/home/user/.m2/repository/com/sun/jersey/jersey-server/1.19/jersey-server-1.19.jar:/home/user/.m2/repository/javax/servlet/javax.servlet-api/3.1.0/javax.servlet-api-3.1.0.jar:/home/user/.m2/repository/org/eclipse/jetty/jetty-server/9.3.24.v20180605/jetty-server-9.3.24.v20180605.jar:/home/user/.m2/repository/org/eclipse/jetty/jetty-http/9.3.24.v20180605/jetty-http-9.3.24.v20180605.jar:/home/user/.m2/repository/org/eclipse/jetty/jetty-io/9.3.24.v20180605/jetty-io-9.3.24.v20180605.jar:/home/user/.m2/repository/org/eclipse/jetty/jetty-webapp/9.3.24.v20180605/jetty-webapp-9.3.24.v20180605.jar:/home/user/.m2/repository/org/eclipse/jetty/jetty-xml/9.3.24.v20180605/jetty-xml-9.3.24.v20180605.jar:/home/user/.m2/repository/log4j/log4j/1.2.17/log4j-1.2.17.jar:/home/user/.m2/repository/org/slf4j/slf4j-api/1.7.25/slf4j-api-1.7.25.jar:/home/user/.m2/repository/org/slf4j/jul-to-slf4j/1.7.25/jul-to-slf4j-1.7.25.jar:/home/user/.m2/repository/org/eclipse/jetty/jetty-util/9.3.24.v20180605/jetty-util-9.3.24.v20180605.jar:/home/user/.m2/repository/com/fasterxml/jackson/core/jackson-databind/2.9.9/jackson-databind-2.9.9.jar:/home/user/.m2/repository/org/apache/hadoop/hadoop-kms/3.2.0/hadoop-kms-3.2.0-tests.jar:/home/user/.m2/repository/org/apache/hadoop/hadoop-hdds-server-scm/0.5.0-SNAPSHOT/hadoop-hdds-server-scm-0.5.0-SNAPSHOT-tests.jar:/home/user/.m2/repository/org/apache/hadoop/hadoop-hdds-container-service/0.5.0-SNAPSHOT/hadoop-hdds-container-service-0.5.0-SNAPSHOT-tests.jar:/home/user/.m2/repository/org/yaml/snakeyaml/1.16/snakeyaml-1.16.jar:/home/user/.m2/repository/org/apache/hadoop/hadoop-common/3.2.0/hadoop-common-3.2.0-tests.jar:/home/user/.m2/repository/org/apache/hadoop/hadoop-annotations/3.2.0/hadoop-annotations-3.2.0.jar:/usr/lib/jvm/java-1.8-openjdk/jre/../lib/tools.jar:/home/user/.m2/repository/commons-cli/commons-cli/1.2/commons-cli-1.2.jar:/home/user/.m2/repository/org/apache/httpcomponents/httpclient/4.5.2/httpclient-4.5.2.jar:/home/user/.m2/repository/org/apache/httpcomponents/httpcore/4.4.4/httpcore-4.4.4.jar:/home/user/.m2/repository/commons-codec/commons-codec/1.11/commons-codec-1.11.jar:/home/user/.m2/repository/commons-net/commons-net/3.6/commons-net-3.6.jar:/home/user/.m2/repository/commons-collections/commons-collections/3.2.2/commons-collections-3.2.2.jar:/home/user/.m2/repository/org/eclipse/jetty/jetty-servlet/9.3.24.v20180605/jetty-servlet-9.3.24.v20180605.jar:/home/user/.m2/repository/org/eclipse/jetty/jetty-security/9.3.24.v20180605/jetty-security-9.3.24.v20180605.jar:/home/user/.m2/repository/javax/servlet/jsp/jsp-api/2.1/jsp-api-2.1.jar:/home/user/.m2/repository/com/sun/jersey/jersey-servlet/1.19/jersey-servlet-1.19.jar:/home/user/.m2/repository/com/sun/jersey/jersey-json/1.19/jersey-json-1.19.jar:/home/user/.m2/repository/org/codehaus/jettison/jettison/1.1/jettison-1.1.jar:/home/user/.m2/repository/org/codehaus/jackson/jackson-core-asl/1.9.13/jackson-core-asl-1.9.13.jar:/home/user/.m2/repository/org/codehaus/jackson/jackson-mapper-asl/1.9.13/jackson-mapper-asl-1.9.13.jar:/home/user/.m2/repository/org/codehaus/jackson/jackson-jaxrs/1.9.13/jackson-jaxrs-1.9.13.jar:/home/user/.m2/repository/org/codehaus/jackson/jackson-xc/1.9.13/jackson-xc-1.9.13.jar:/home/user/.m2/repository/commons-logging/commons-logging/1.1.3/commons-logging-1.1.3.jar:/home/user/.m2/repository/commons-beanutils/commons-beanutils/1.9.4/commons-beanutils-1.9.4.jar:/home/user/.m2/repository/org/apache/commons/commons-configuration2/2.1.1/commons-configuration2-2.1.1.jar:/home/user/.m2/repository/org/apache/commons/commons-lang3/3.7/commons-lang3-3.7.jar:/home/user/.m2/repository/org/apache/commons/commons-text/1.4/commons-text-1.4.jar:/home/user/.m2/repository/org/apache/avro/avro/1.7.7/avro-1.7.7.jar:/home/user/.m2/repository/com/thoughtworks/paranamer/paranamer/2.3/paranamer-2.3.jar:/home/user/.m2/repository/org/xerial/snappy/snappy-java/1.0.5/snappy-java-1.0.5.jar:/home/user/.m2/repository/com/google/re2j/re2j/1.1/re2j-1.1.jar:/home/user/.m2/repository/com/google/code/gson/gson/2.2.4/gson-2.2.4.jar:/home/user/.m2/repository/com/jcraft/jsch/0.1.54/jsch-0.1.54.jar:/home/user/.m2/repository/org/apache/curator/curator-client/2.12.0/curator-client-2.12.0.jar:/home/user/.m2/repository/org/apache/curator/curator-recipes/2.12.0/curator-recipes-2.12.0.jar:/home/user/.m2/repository/com/google/code/findbugs/jsr305/3.0.0/jsr305-3.0.0.jar:/home/user/.m2/repository/org/apache/htrace/htrace-core4/4.1.0-incubating/htrace-core4-4.1.0-incubating.jar:/home/user/.m2/repository/org/apache/zookeeper/zookeeper/3.4.13/zookeeper-3.4.13.jar:/home/user/.m2/repository/org/apache/yetus/audience-annotations/0.5.0/audience-annotations-0.5.0.jar:/home/user/.m2/repository/org/codehaus/woodstox/stax2-api/3.1.4/stax2-api-3.1.4.jar:/home/user/.m2/repository/com/fasterxml/woodstox/woodstox-core/5.0.3/woodstox-core-5.0.3.jar:/home/user/.m2/repository/dnsjava/dnsjava/2.1.7/dnsjava-2.1.7.jar:/home/user/.m2/repository/org/apache/hadoop/hadoop-hdfs/3.2.0/hadoop-hdfs-3.2.0-tests.jar:/home/user/.m2/repository/org/eclipse/jetty/jetty-util-ajax/9.3.24.v20180605/jetty-util-ajax-9.3.24.v20180605.jar:/home/user/.m2/repository/commons-daemon/commons-daemon/1.0.13/commons-daemon-1.0.13.jar:/home/user/.m2/repository/io/netty/netty/3.10.5.Final/netty-3.10.5.Final.jar:/home/user/.m2/repository/io/netty/netty-all/4.0.52.Final/netty-all-4.0.52.Final.jar:/home/user/.m2/repository/org/fusesource/leveldbjni/leveldbjni-all/1.8/leveldbjni-all-1.8.jar:"/>
    <property name="java.vm.vendor" value="IcedTea"/>
    <property name="sun.arch.data.model" value="64"/>
    <property name="test.build.dir" value="/workdir/hadoop-ozone/integration-test/target/test-dir"/>
    <property name="test.cache.data" value=""/>
    <property name="java.vendor.url" value="https://icedtea.classpath.org"/>
    <property name="user.timezone" value=""/>
    <property name="java.vm.specification.version" value="1.8"/>
    <property name="os.name" value="Linux"/>
    <property name="test.build.data" value="/workdir/hadoop-ozone/integration-test/target/test-dir"/>
    <property name="user.country" value="US"/>
    <property name="sun.java.launcher" value="SUN_STANDARD"/>
    <property name="sun.boot.library.path" value="/usr/lib/jvm/java-1.8-openjdk/jre/lib/amd64"/>
    <property name="sun.java.command" value="/workdir/hadoop-ozone/integration-test/target/surefire/surefirebooter5902486412470225700.jar /workdir/hadoop-ozone/integration-test/target/surefire 2019-09-20T04-05-52_361-jvmRun1 surefire6040184213266109235tmp surefire_167786530656823111674tmp"/>
    <property name="test" value="!TestMiniChaosOzoneCluster"/>
    <property name="surefire.test.class.path" value="/workdir/hadoop-ozone/integration-test/target/test-classes:/workdir/hadoop-ozone/integration-test/target/classes:/home/user/.m2/repository/org/apache/hadoop/hadoop-ozone-common/0.5.0-SNAPSHOT/hadoop-ozone-common-0.5.0-SNAPSHOT.jar:/home/user/.m2/repository/org/apache/commons/commons-compress/1.4.1/commons-compress-1.4.1.jar:/home/user/.m2/repository/org/tukaani/xz/1.0/xz-1.0.jar:/home/user/.m2/repository/org/apache/hadoop/hadoop-common/3.2.0/hadoop-common-3.2.0.jar:/home/user/.m2/repository/org/apache/hadoop/hadoop-hdfs/3.2.0/hadoop-hdfs-3.2.0.jar:/home/user/.m2/repository/org/apache/hadoop/hadoop-hdfs-client/3.2.0/hadoop-hdfs-client-3.2.0.jar:/home/user/.m2/repository/com/fasterxml/jackson/core/jackson-annotations/2.9.9/jackson-annotations-2.9.9.jar:/home/user/.m2/repository/org/apache/hadoop/hadoop-hdds-common/0.5.0-SNAPSHOT/hadoop-hdds-common-0.5.0-SNAPSHOT.jar:/home/user/.m2/repository/javax/annotation/javax.annotation-api/1.2/javax.annotation-api-1.2.jar:/home/user/.m2/repository/org/apache/ratis/ratis-server/0.4.0-78e95b9-SNAPSHOT/ratis-server-0.4.0-78e95b9-SNAPSHOT.jar:/home/user/.m2/repository/org/apache/ratis/ratis-thirdparty-misc/0.2.0/ratis-thirdparty-misc-0.2.0.jar:/home/user/.m2/repository/org/apache/ratis/ratis-proto/0.4.0-78e95b9-SNAPSHOT/ratis-proto-0.4.0-78e95b9-SNAPSHOT.jar:/home/user/.m2/repository/org/apache/ratis/ratis-common/0.4.0-78e95b9-SNAPSHOT/ratis-common-0.4.0-78e95b9-SNAPSHOT.jar:/home/user/.m2/repository/org/apache/ratis/ratis-client/0.4.0-78e95b9-SNAPSHOT/ratis-client-0.4.0-78e95b9-SNAPSHOT.jar:/home/user/.m2/repository/org/apache/ratis/ratis-metrics/0.4.0-78e95b9-SNAPSHOT/ratis-metrics-0.4.0-78e95b9-SNAPSHOT.jar:/home/user/.m2/repository/com/github/joshelser/dropwizard-metrics-hadoop-metrics2-reporter/0.1.2/dropwizard-metrics-hadoop-metrics2-reporter-0.1.2.jar:/home/user/.m2/repository/io/dropwizard/metrics/metrics-jvm/3.2.5/metrics-jvm-3.2.5.jar:/home/user/.m2/repository/io/dropwizard/metrics/metrics-ganglia/3.2.5/metrics-ganglia-3.2.5.jar:/home/user/.m2/repository/info/ganglia/gmetric4j/gmetric4j/1.0.7/gmetric4j-1.0.7.jar:/home/user/.m2/repository/org/apache/ratis/ratis-netty/0.4.0-78e95b9-SNAPSHOT/ratis-netty-0.4.0-78e95b9-SNAPSHOT.jar:/home/user/.m2/repository/org/apache/ratis/ratis-grpc/0.4.0-78e95b9-SNAPSHOT/ratis-grpc-0.4.0-78e95b9-SNAPSHOT.jar:/home/user/.m2/repository/org/rocksdb/rocksdbjni/6.0.1/rocksdbjni-6.0.1.jar:/home/user/.m2/repository/org/apache/logging/log4j/log4j-api/2.11.0/log4j-api-2.11.0.jar:/home/user/.m2/repository/org/apache/logging/log4j/log4j-core/2.11.0/log4j-core-2.11.0.jar:/home/user/.m2/repository/com/lmax/disruptor/3.4.2/disruptor-3.4.2.jar:/home/user/.m2/repository/org/apache/commons/commons-pool2/2.6.0/commons-pool2-2.6.0.jar:/home/user/.m2/repository/org/bouncycastle/bcpkix-jdk15on/1.60/bcpkix-jdk15on-1.60.jar:/home/user/.m2/repository/commons-validator/commons-validator/1.6/commons-validator-1.6.jar:/home/user/.m2/repository/commons-digester/commons-digester/1.8.1/commons-digester-1.8.1.jar:/home/user/.m2/repository/io/jaegertracing/jaeger-client/0.33.1/jaeger-client-0.33.1.jar:/home/user/.m2/repository/io/jaegertracing/jaeger-thrift/0.33.1/jaeger-thrift-0.33.1.jar:/home/user/.m2/repository/org/apache/thrift/libthrift/0.11.0/libthrift-0.11.0.jar:/home/user/.m2/repository/com/squareup/okhttp3/okhttp/3.9.0/okhttp-3.9.0.jar:/home/user/.m2/repository/com/squareup/okio/okio/1.13.0/okio-1.13.0.jar:/home/user/.m2/repository/io/jaegertracing/jaeger-core/0.33.1/jaeger-core-0.33.1.jar:/home/user/.m2/repository/io/jaegertracing/jaeger-tracerresolver/0.33.1/jaeger-tracerresolver-0.33.1.jar:/home/user/.m2/repository/io/opentracing/contrib/opentracing-tracerresolver/0.1.5/opentracing-tracerresolver-0.1.5.jar:/home/user/.m2/repository/io/opentracing/opentracing-util/0.31.0/opentracing-util-0.31.0.jar:/home/user/.m2/repository/io/opentracing/opentracing-api/0.31.0/opentracing-api-0.31.0.jar:/home/user/.m2/repository/io/opentracing/opentracing-noop/0.31.0/opentracing-noop-0.31.0.jar:/home/user/.m2/repository/org/apache/hadoop/hadoop-hdds-server-framework/0.5.0-SNAPSHOT/hadoop-hdds-server-framework-0.5.0-SNAPSHOT.jar:/home/user/.m2/repository/org/apache/hadoop/hadoop-hdds-container-service/0.5.0-SNAPSHOT/hadoop-hdds-container-service-0.5.0-SNAPSHOT.jar:/home/user/.m2/repository/org/apache/hadoop/hadoop-hdds-client/0.5.0-SNAPSHOT/hadoop-hdds-client-0.5.0-SNAPSHOT.jar:/home/user/.m2/repository/org/apache/hadoop/hadoop-hdds-tools/0.5.0-SNAPSHOT/hadoop-hdds-tools-0.5.0-SNAPSHOT.jar:/home/user/.m2/repository/org/apache/hadoop/hadoop-hdds-server-scm/0.5.0-SNAPSHOT/hadoop-hdds-server-scm-0.5.0-SNAPSHOT.jar:/home/user/.m2/repository/org/apache/hadoop/hadoop-hdds-docs/0.5.0-SNAPSHOT/hadoop-hdds-docs-0.5.0-SNAPSHOT.jar:/home/user/.m2/repository/io/dropwizard/metrics/metrics-core/3.2.4/metrics-core-3.2.4.jar:/home/user/.m2/repository/org/hamcrest/hamcrest-all/1.3/hamcrest-all-1.3.jar:/home/user/.m2/repository/org/bouncycastle/bcprov-jdk15on/1.60/bcprov-jdk15on-1.60.jar:/home/user/.m2/repository/info/picocli/picocli/3.9.6/picocli-3.9.6.jar:/home/user/.m2/repository/com/google/protobuf/protobuf-java/2.5.0/protobuf-java-2.5.0.jar:/home/user/.m2/repository/com/google/guava/guava/11.0.2/guava-11.0.2.jar:/home/user/.m2/repository/org/apache/hadoop/hadoop-ozone-ozone-manager/0.5.0-SNAPSHOT/hadoop-ozone-ozone-manager-0.5.0-SNAPSHOT.jar:/home/user/.m2/repository/org/apache/hadoop/hadoop-minikdc/3.2.0/hadoop-minikdc-3.2.0.jar:/home/user/.m2/repository/commons-io/commons-io/2.5/commons-io-2.5.jar:/home/user/.m2/repository/org/apache/kerby/kerb-simplekdc/1.0.1/kerb-simplekdc-1.0.1.jar:/home/user/.m2/repository/org/apache/kerby/kerb-client/1.0.1/kerb-client-1.0.1.jar:/home/user/.m2/repository/org/apache/kerby/kerby-config/1.0.1/kerby-config-1.0.1.jar:/home/user/.m2/repository/org/apache/kerby/kerb-core/1.0.1/kerb-core-1.0.1.jar:/home/user/.m2/repository/org/apache/kerby/kerby-pkix/1.0.1/kerby-pkix-1.0.1.jar:/home/user/.m2/repository/org/apache/kerby/kerby-asn1/1.0.1/kerby-asn1-1.0.1.jar:/home/user/.m2/repository/org/apache/kerby/kerby-util/1.0.1/kerby-util-1.0.1.jar:/home/user/.m2/repository/org/apache/kerby/kerb-common/1.0.1/kerb-common-1.0.1.jar:/home/user/.m2/repository/org/apache/kerby/kerb-crypto/1.0.1/kerb-crypto-1.0.1.jar:/home/user/.m2/repository/org/apache/kerby/kerb-util/1.0.1/kerb-util-1.0.1.jar:/home/user/.m2/repository/org/apache/kerby/token-provider/1.0.1/token-provider-1.0.1.jar:/home/user/.m2/repository/org/apache/kerby/kerb-admin/1.0.1/kerb-admin-1.0.1.jar:/home/user/.m2/repository/org/apache/kerby/kerb-server/1.0.1/kerb-server-1.0.1.jar:/home/user/.m2/repository/org/apache/kerby/kerb-identity/1.0.1/kerb-identity-1.0.1.jar:/home/user/.m2/repository/org/apache/kerby/kerby-xdr/1.0.1/kerby-xdr-1.0.1.jar:/home/user/.m2/repository/org/slf4j/slf4j-log4j12/1.7.25/slf4j-log4j12-1.7.25.jar:/home/user/.m2/repository/org/apache/hadoop/hadoop-ozone-s3gateway/0.5.0-SNAPSHOT/hadoop-ozone-s3gateway-0.5.0-SNAPSHOT.jar:/home/user/.m2/repository/org/jboss/weld/servlet/weld-servlet/2.4.7.Final/weld-servlet-2.4.7.Final.jar:/home/user/.m2/repository/org/glassfish/jersey/containers/jersey-container-servlet-core/2.27/jersey-container-servlet-core-2.27.jar:/home/user/.m2/repository/org/glassfish/hk2/external/javax.inject/2.5.0-b42/javax.inject-2.5.0-b42.jar:/home/user/.m2/repository/org/glassfish/jersey/core/jersey-common/2.27/jersey-common-2.27.jar:/home/user/.m2/repository/org/glassfish/hk2/osgi-resource-locator/1.0.1/osgi-resource-locator-1.0.1.jar:/home/user/.m2/repository/javax/ws/rs/javax.ws.rs-api/2.1/javax.ws.rs-api-2.1.jar:/home/user/.m2/repository/org/glassfish/jersey/ext/cdi/jersey-cdi1x/2.27/jersey-cdi1x-2.27.jar:/home/user/.m2/repository/org/glassfish/jersey/inject/jersey-hk2/2.27/jersey-hk2-2.27.jar:/home/user/.m2/repository/org/glassfish/hk2/hk2-locator/2.5.0-b42/hk2-locator-2.5.0-b42.jar:/home/user/.m2/repository/org/javassist/javassist/3.22.0-CR2/javassist-3.22.0-CR2.jar:/home/user/.m2/repository/org/glassfish/hk2/hk2-api/2.5.0/hk2-api-2.5.0.jar:/home/user/.m2/repository/org/glassfish/hk2/external/jakarta.inject/2.5.0/jakarta.inject-2.5.0.jar:/home/user/.m2/repository/org/glassfish/hk2/hk2-utils/2.5.0/hk2-utils-2.5.0.jar:/home/user/.m2/repository/jakarta/annotation/jakarta.annotation-api/1.3.4/jakarta.annotation-api-1.3.4.jar:/home/user/.m2/repository/org/glassfish/hk2/external/aopalliance-repackaged/2.5.0/aopalliance-repackaged-2.5.0.jar:/home/user/.m2/repository/com/fasterxml/jackson/dataformat/jackson-dataformat-xml/2.9.0/jackson-dataformat-xml-2.9.0.jar:/home/user/.m2/repository/com/fasterxml/jackson/core/jackson-core/2.9.9/jackson-core-2.9.9.jar:/home/user/.m2/repository/com/fasterxml/jackson/module/jackson-module-jaxb-annotations/2.9.9/jackson-module-jaxb-annotations-2.9.9.jar:/home/user/.m2/repository/javax/enterprise/cdi-api/1.2/cdi-api-1.2.jar:/home/user/.m2/repository/javax/el/javax.el-api/3.0.0/javax.el-api-3.0.0.jar:/home/user/.m2/repository/javax/interceptor/javax.interceptor-api/1.2/javax.interceptor-api-1.2.jar:/home/user/.m2/repository/javax/inject/javax.inject/1/javax.inject-1.jar:/home/user/.m2/repository/com/sun/xml/bind/jaxb-impl/2.3.0.1/jaxb-impl-2.3.0.1.jar:/home/user/.m2/repository/com/sun/xml/bind/jaxb-core/2.3.0.1/jaxb-core-2.3.0.1.jar:/home/user/.m2/repository/javax/xml/bind/jaxb-api/2.3.0/jaxb-api-2.3.0.jar:/home/user/.m2/repository/javax/activation/activation/1.1.1/activation-1.1.1.jar:/home/user/.m2/repository/org/apache/hadoop/hadoop-ozone-csi/0.5.0-SNAPSHOT/hadoop-ozone-csi-0.5.0-SNAPSHOT.jar:/home/user/.m2/repository/com/google/protobuf/protobuf-java-util/3.5.1/protobuf-java-util-3.5.1.jar:/home/user/.m2/repository/org/apache/hadoop/hadoop-hdds-config/0.5.0-SNAPSHOT/hadoop-hdds-config-0.5.0-SNAPSHOT.jar:/home/user/.m2/repository/io/grpc/grpc-netty/1.17.1/grpc-netty-1.17.1.jar:/home/user/.m2/repository/io/grpc/grpc-core/1.17.1/grpc-core-1.17.1.jar:/home/user/.m2/repository/io/grpc/grpc-context/1.17.1/grpc-context-1.17.1.jar:/home/user/.m2/repository/com/google/errorprone/error_prone_annotations/2.2.0/error_prone_annotations-2.2.0.jar:/home/user/.m2/repository/org/codehaus/mojo/animal-sniffer-annotations/1.17/animal-sniffer-annotations-1.17.jar:/home/user/.m2/repository/io/opencensus/opencensus-api/0.17.0/opencensus-api-0.17.0.jar:/home/user/.m2/repository/io/opencensus/opencensus-contrib-grpc-metrics/0.17.0/opencensus-contrib-grpc-metrics-0.17.0.jar:/home/user/.m2/repository/io/netty/netty-codec-http2/4.1.30.Final/netty-codec-http2-4.1.30.Final.jar:/home/user/.m2/repository/io/netty/netty-codec-http/4.1.30.Final/netty-codec-http-4.1.30.Final.jar:/home/user/.m2/repository/io/netty/netty-codec/4.1.30.Final/netty-codec-4.1.30.Final.jar:/home/user/.m2/repository/io/netty/netty-handler/4.1.30.Final/netty-handler-4.1.30.Final.jar:/home/user/.m2/repository/io/netty/netty-handler-proxy/4.1.30.Final/netty-handler-proxy-4.1.30.Final.jar:/home/user/.m2/repository/io/netty/netty-codec-socks/4.1.30.Final/netty-codec-socks-4.1.30.Final.jar:/home/user/.m2/repository/io/netty/netty-transport-native-epoll/4.1.30.Final/netty-transport-native-epoll-4.1.30.Final.jar:/home/user/.m2/repository/io/netty/netty-common/4.1.30.Final/netty-common-4.1.30.Final.jar:/home/user/.m2/repository/io/netty/netty-buffer/4.1.30.Final/netty-buffer-4.1.30.Final.jar:/home/user/.m2/repository/io/netty/netty-transport/4.1.30.Final/netty-transport-4.1.30.Final.jar:/home/user/.m2/repository/io/netty/netty-resolver/4.1.30.Final/netty-resolver-4.1.30.Final.jar:/home/user/.m2/repository/io/netty/netty-transport-native-unix-common/4.1.30.Final/netty-transport-native-unix-common-4.1.30.Final.jar:/home/user/.m2/repository/io/grpc/grpc-protobuf/1.17.1/grpc-protobuf-1.17.1.jar:/home/user/.m2/repository/com/google/api/grpc/proto-google-common-protos/1.0.0/proto-google-common-protos-1.0.0.jar:/home/user/.m2/repository/io/grpc/grpc-protobuf-lite/1.17.1/grpc-protobuf-lite-1.17.1.jar:/home/user/.m2/repository/io/grpc/grpc-stub/1.17.1/grpc-stub-1.17.1.jar:/home/user/.m2/repository/org/apache/hadoop/hadoop-ozone-recon/0.5.0-SNAPSHOT/hadoop-ozone-recon-0.5.0-SNAPSHOT.jar:/home/user/.m2/repository/org/apache/hadoop/hadoop-ozone-reconcodegen/0.5.0-SNAPSHOT/hadoop-ozone-reconcodegen-0.5.0-SNAPSHOT.jar:/home/user/.m2/repository/com/google/inject/extensions/guice-multibindings/4.0/guice-multibindings-4.0.jar:/home/user/.m2/repository/com/google/inject/guice/4.0/guice-4.0.jar:/home/user/.m2/repository/aopalliance/aopalliance/1.0/aopalliance-1.0.jar:/home/user/.m2/repository/com/google/inject/extensions/guice-servlet/4.0/guice-servlet-4.0.jar:/home/user/.m2/repository/org/glassfish/jersey/containers/jersey-container-servlet/2.27/jersey-container-servlet-2.27.jar:/home/user/.m2/repository/org/glassfish/hk2/guice-bridge/2.5.0/guice-bridge-2.5.0.jar:/home/user/.m2/repository/org/glassfish/jersey/core/jersey-server/2.27/jersey-server-2.27.jar:/home/user/.m2/repository/org/glassfish/jersey/core/jersey-client/2.27/jersey-client-2.27.jar:/home/user/.m2/repository/org/glassfish/jersey/media/jersey-media-jaxb/2.27/jersey-media-jaxb-2.27.jar:/home/user/.m2/repository/javax/validation/validation-api/1.1.0.Final/validation-api-1.1.0.Final.jar:/home/user/.m2/repository/org/glassfish/jersey/media/jersey-media-json-jackson/2.27/jersey-media-json-jackson-2.27.jar:/home/user/.m2/repository/org/glassfish/jersey/ext/jersey-entity-filtering/2.27/jersey-entity-filtering-2.27.jar:/home/user/.m2/repository/com/google/inject/extensions/guice-assistedinject/4.0/guice-assistedinject-4.0.jar:/home/user/.m2/repository/org/jooq/jooq/3.11.10/jooq-3.11.10.jar:/home/user/.m2/repository/org/jooq/jooq-meta/3.11.10/jooq-meta-3.11.10.jar:/home/user/.m2/repository/org/jooq/jooq-codegen/3.11.10/jooq-codegen-3.11.10.jar:/home/user/.m2/repository/com/jolbox/bonecp/0.8.0.RELEASE/bonecp-0.8.0.RELEASE.jar:/home/user/.m2/repository/org/xerial/sqlite-jdbc/3.25.2/sqlite-jdbc-3.25.2.jar:/home/user/.m2/repository/org/springframework/spring-jdbc/5.1.3.RELEASE/spring-jdbc-5.1.3.RELEASE.jar:/home/user/.m2/repository/org/springframework/spring-beans/5.1.3.RELEASE/spring-beans-5.1.3.RELEASE.jar:/home/user/.m2/repository/org/springframework/spring-core/5.1.3.RELEASE/spring-core-5.1.3.RELEASE.jar:/home/user/.m2/repository/org/springframework/spring-jcl/5.1.3.RELEASE/spring-jcl-5.1.3.RELEASE.jar:/home/user/.m2/repository/org/springframework/spring-tx/5.1.3.RELEASE/spring-tx-5.1.3.RELEASE.jar:/home/user/.m2/repository/org/apache/hadoop/hadoop-ozone-client/0.5.0-SNAPSHOT/hadoop-ozone-client-0.5.0-SNAPSHOT.jar:/home/user/.m2/repository/commons-lang/commons-lang/2.6/commons-lang-2.6.jar:/home/user/.m2/repository/org/apache/hadoop/hadoop-ozone-ozone-manager/0.5.0-SNAPSHOT/hadoop-ozone-ozone-manager-0.5.0-SNAPSHOT-tests.jar:/home/user/.m2/repository/junit/junit/4.11/junit-4.11.jar:/home/user/.m2/repository/org/hamcrest/hamcrest-core/1.3/hamcrest-core-1.3.jar:/home/user/.m2/repository/org/openjdk/jmh/jmh-core/1.19/jmh-core-1.19.jar:/home/user/.m2/repository/net/sf/jopt-simple/jopt-simple/4.6/jopt-simple-4.6.jar:/home/user/.m2/repository/org/apache/commons/commons-math3/3.1.1/commons-math3-3.1.1.jar:/home/user/.m2/repository/org/openjdk/jmh/jmh-generator-annprocess/1.19/jmh-generator-annprocess-1.19.jar:/home/user/.m2/repository/org/mockito/mockito-all/1.8.5/mockito-all-1.8.5.jar:/home/user/.m2/repository/org/apache/hadoop/hadoop-kms/3.2.0/hadoop-kms-3.2.0.jar:/home/user/.m2/repository/org/apache/hadoop/hadoop-auth/3.2.0/hadoop-auth-3.2.0.jar:/home/user/.m2/repository/com/nimbusds/nimbus-jose-jwt/4.41.1/nimbus-jose-jwt-4.41.1.jar:/home/user/.m2/repository/com/github/stephenc/jcip/jcip-annotations/1.0-1/jcip-annotations-1.0-1.jar:/home/user/.m2/repository/net/minidev/json-smart/2.3/json-smart-2.3.jar:/home/user/.m2/repository/net/minidev/accessors-smart/1.2/accessors-smart-1.2.jar:/home/user/.m2/repository/org/ow2/asm/asm/5.0.4/asm-5.0.4.jar:/home/user/.m2/repository/org/apache/curator/curator-framework/2.12.0/curator-framework-2.12.0.jar:/home/user/.m2/repository/com/sun/jersey/jersey-core/1.19/jersey-core-1.19.jar:/home/user/.m2/repository/javax/ws/rs/jsr311-api/1.1.1/jsr311-api-1.1.1.jar:/home/user/.m2/repository/com/sun/jersey/jersey-server/1.19/jersey-server-1.19.jar:/home/user/.m2/repository/javax/servlet/javax.servlet-api/3.1.0/javax.servlet-api-3.1.0.jar:/home/user/.m2/repository/org/eclipse/jetty/jetty-server/9.3.24.v20180605/jetty-server-9.3.24.v20180605.jar:/home/user/.m2/repository/org/eclipse/jetty/jetty-http/9.3.24.v20180605/jetty-http-9.3.24.v20180605.jar:/home/user/.m2/repository/org/eclipse/jetty/jetty-io/9.3.24.v20180605/jetty-io-9.3.24.v20180605.jar:/home/user/.m2/repository/org/eclipse/jetty/jetty-webapp/9.3.24.v20180605/jetty-webapp-9.3.24.v20180605.jar:/home/user/.m2/repository/org/eclipse/jetty/jetty-xml/9.3.24.v20180605/jetty-xml-9.3.24.v20180605.jar:/home/user/.m2/repository/log4j/log4j/1.2.17/log4j-1.2.17.jar:/home/user/.m2/repository/org/slf4j/slf4j-api/1.7.25/slf4j-api-1.7.25.jar:/home/user/.m2/repository/org/slf4j/jul-to-slf4j/1.7.25/jul-to-slf4j-1.7.25.jar:/home/user/.m2/repository/org/eclipse/jetty/jetty-util/9.3.24.v20180605/jetty-util-9.3.24.v20180605.jar:/home/user/.m2/repository/com/fasterxml/jackson/core/jackson-databind/2.9.9/jackson-databind-2.9.9.jar:/home/user/.m2/repository/org/apache/hadoop/hadoop-kms/3.2.0/hadoop-kms-3.2.0-tests.jar:/home/user/.m2/repository/org/apache/hadoop/hadoop-hdds-server-scm/0.5.0-SNAPSHOT/hadoop-hdds-server-scm-0.5.0-SNAPSHOT-tests.jar:/home/user/.m2/repository/org/apache/hadoop/hadoop-hdds-container-service/0.5.0-SNAPSHOT/hadoop-hdds-container-service-0.5.0-SNAPSHOT-tests.jar:/home/user/.m2/repository/org/yaml/snakeyaml/1.16/snakeyaml-1.16.jar:/home/user/.m2/repository/org/apache/hadoop/hadoop-common/3.2.0/hadoop-common-3.2.0-tests.jar:/home/user/.m2/repository/org/apache/hadoop/hadoop-annotations/3.2.0/hadoop-annotations-3.2.0.jar:/usr/lib/jvm/java-1.8-openjdk/jre/../lib/tools.jar:/home/user/.m2/repository/commons-cli/commons-cli/1.2/commons-cli-1.2.jar:/home/user/.m2/repository/org/apache/httpcomponents/httpclient/4.5.2/httpclient-4.5.2.jar:/home/user/.m2/repository/org/apache/httpcomponents/httpcore/4.4.4/httpcore-4.4.4.jar:/home/user/.m2/repository/commons-codec/commons-codec/1.11/commons-codec-1.11.jar:/home/user/.m2/repository/commons-net/commons-net/3.6/commons-net-3.6.jar:/home/user/.m2/repository/commons-collections/commons-collections/3.2.2/commons-collections-3.2.2.jar:/home/user/.m2/repository/org/eclipse/jetty/jetty-servlet/9.3.24.v20180605/jetty-servlet-9.3.24.v20180605.jar:/home/user/.m2/repository/org/eclipse/jetty/jetty-security/9.3.24.v20180605/jetty-security-9.3.24.v20180605.jar:/home/user/.m2/repository/javax/servlet/jsp/jsp-api/2.1/jsp-api-2.1.jar:/home/user/.m2/repository/com/sun/jersey/jersey-servlet/1.19/jersey-servlet-1.19.jar:/home/user/.m2/repository/com/sun/jersey/jersey-json/1.19/jersey-json-1.19.jar:/home/user/.m2/repository/org/codehaus/jettison/jettison/1.1/jettison-1.1.jar:/home/user/.m2/repository/org/codehaus/jackson/jackson-core-asl/1.9.13/jackson-core-asl-1.9.13.jar:/home/user/.m2/repository/org/codehaus/jackson/jackson-mapper-asl/1.9.13/jackson-mapper-asl-1.9.13.jar:/home/user/.m2/repository/org/codehaus/jackson/jackson-jaxrs/1.9.13/jackson-jaxrs-1.9.13.jar:/home/user/.m2/repository/org/codehaus/jackson/jackson-xc/1.9.13/jackson-xc-1.9.13.jar:/home/user/.m2/repository/commons-logging/commons-logging/1.1.3/commons-logging-1.1.3.jar:/home/user/.m2/repository/commons-beanutils/commons-beanutils/1.9.4/commons-beanutils-1.9.4.jar:/home/user/.m2/repository/org/apache/commons/commons-configuration2/2.1.1/commons-configuration2-2.1.1.jar:/home/user/.m2/repository/org/apache/commons/commons-lang3/3.7/commons-lang3-3.7.jar:/home/user/.m2/repository/org/apache/commons/commons-text/1.4/commons-text-1.4.jar:/home/user/.m2/repository/org/apache/avro/avro/1.7.7/avro-1.7.7.jar:/home/user/.m2/repository/com/thoughtworks/paranamer/paranamer/2.3/paranamer-2.3.jar:/home/user/.m2/repository/org/xerial/snappy/snappy-java/1.0.5/snappy-java-1.0.5.jar:/home/user/.m2/repository/com/google/re2j/re2j/1.1/re2j-1.1.jar:/home/user/.m2/repository/com/google/code/gson/gson/2.2.4/gson-2.2.4.jar:/home/user/.m2/repository/com/jcraft/jsch/0.1.54/jsch-0.1.54.jar:/home/user/.m2/repository/org/apache/curator/curator-client/2.12.0/curator-client-2.12.0.jar:/home/user/.m2/repository/org/apache/curator/curator-recipes/2.12.0/curator-recipes-2.12.0.jar:/home/user/.m2/repository/com/google/code/findbugs/jsr305/3.0.0/jsr305-3.0.0.jar:/home/user/.m2/repository/org/apache/htrace/htrace-core4/4.1.0-incubating/htrace-core4-4.1.0-incubating.jar:/home/user/.m2/repository/org/apache/zookeeper/zookeeper/3.4.13/zookeeper-3.4.13.jar:/home/user/.m2/repository/org/apache/yetus/audience-annotations/0.5.0/audience-annotations-0.5.0.jar:/home/user/.m2/repository/org/codehaus/woodstox/stax2-api/3.1.4/stax2-api-3.1.4.jar:/home/user/.m2/repository/com/fasterxml/woodstox/woodstox-core/5.0.3/woodstox-core-5.0.3.jar:/home/user/.m2/repository/dnsjava/dnsjava/2.1.7/dnsjava-2.1.7.jar:/home/user/.m2/repository/org/apache/hadoop/hadoop-hdfs/3.2.0/hadoop-hdfs-3.2.0-tests.jar:/home/user/.m2/repository/org/eclipse/jetty/jetty-util-ajax/9.3.24.v20180605/jetty-util-ajax-9.3.24.v20180605.jar:/home/user/.m2/repository/commons-daemon/commons-daemon/1.0.13/commons-daemon-1.0.13.jar:/home/user/.m2/repository/io/netty/netty/3.10.5.Final/netty-3.10.5.Final.jar:/home/user/.m2/repository/io/netty/netty-all/4.0.52.Final/netty-all-4.0.52.Final.jar:/home/user/.m2/repository/org/fusesource/leveldbjni/leveldbjni-all/1.8/leveldbjni-all-1.8.jar:"/>
    <property name="sun.cpu.endian" value="little"/>
    <property name="user.home" value="/home/user"/>
    <property name="user.language" value="en"/>
    <property name="java.specification.vendor" value="Oracle Corporation"/>
    <property name="java.home" value="/usr/lib/jvm/java-1.8-openjdk/jre"/>
    <property name="java.security.krb5.conf" value="/workdir/hadoop-ozone/integration-test/target/test-classes/krb5.conf"/>
    <property name="basedir" value="/workdir/hadoop-ozone/integration-test"/>
    <property name="file.separator" value="/"/>
    <property name="line.separator" value="&#10;"/>
    <property name="java.vm.specification.vendor" value="Oracle Corporation"/>
    <property name="java.specification.name" value="Java Platform API Specification"/>
    <property name="java.awt.graphicsenv" value="sun.awt.X11GraphicsEnvironment"/>
    <property name="surefire.real.class.path" value="/workdir/hadoop-ozone/integration-test/target/surefire/surefirebooter5902486412470225700.jar"/>
    <property name="hadoop.log.dir" value="/workdir/hadoop-ozone/integration-test/target/log"/>
    <property name="sun.boot.class.path" value="/usr/lib/jvm/java-1.8-openjdk/jre/lib/resources.jar:/usr/lib/jvm/java-1.8-openjdk/jre/lib/rt.jar:/usr/lib/jvm/java-1.8-openjdk/jre/lib/sunrsasign.jar:/usr/lib/jvm/java-1.8-openjdk/jre/lib/jsse.jar:/usr/lib/jvm/java-1.8-openjdk/jre/lib/jce.jar:/usr/lib/jvm/java-1.8-openjdk/jre/lib/charsets.jar:/usr/lib/jvm/java-1.8-openjdk/jre/lib/jfr.jar:/usr/lib/jvm/java-1.8-openjdk/jre/classes"/>
    <property name="sun.management.compiler" value="HotSpot 64-Bit Tiered Compilers"/>
    <property name="java.runtime.version" value="1.8.0_212-b04"/>
    <property name="java.net.preferIPv4Stack" value="true"/>
    <property name="user.name" value="jenkins1000"/>
    <property name="path.separator" value=":"/>
    <property name="java.security.egd" value="file:///dev/urandom"/>
    <property name="os.version" value="3.10.0-957.12.2.el7.x86_64"/>
    <property name="java.endorsed.dirs" value="/usr/lib/jvm/java-1.8-openjdk/jre/lib/endorsed"/>
    <property name="java.runtime.name" value="OpenJDK Runtime Environment"/>
    <property name="file.encoding" value="UTF-8"/>
    <property name="java.vm.name" value="OpenJDK 64-Bit Server VM"/>
    <property name="test.build.webapps" value=""/>
    <property name="localRepository" value="/home/user/.m2/repository"/>
    <property name="java.vendor.url.bug" value="https://icedtea.classpath.org/bugzilla"/>
    <property name="java.io.tmpdir" value="/tmp"/>
    <property name="require.test.libhadoop" value=""/>
    <property name="java.version" value="1.8.0_212"/>
    <property name="user.dir" value="/workdir/hadoop-ozone/integration-test"/>
    <property name="os.arch" value="amd64"/>
    <property name="java.vm.specification.name" value="Java Virtual Machine Specification"/>
    <property name="test.build.classes" value="/workdir/hadoop-ozone/integration-test/target/test-classes"/>
    <property name="java.awt.printerjob" value="sun.print.PSPrinterJob"/>
    <property name="sun.os.patch.level" value="unknown"/>
    <property name="hadoop.tmp.dir" value="/workdir/hadoop-ozone/integration-test/target/tmp"/>
    <property name="java.library.path" value="/usr/lib/jvm/java-1.8-openjdk/jre/lib/amd64/server:/usr/lib/jvm/java-1.8-openjdk/jre/lib/amd64:/usr/lib/jvm/java-1.8-openjdk/jre/../lib/amd64:/workdir/hadoop-ozone/integration-test/target/native/target/usr/local/lib:/workdir/hadoop-ozone/integration-test/../../hadoop-common-project/hadoop-common/target/native/target/usr/local/lib:/usr/java/packages/lib/amd64:/usr/lib64:/lib64:/lib:/usr/lib"/>
    <property name="java.vm.info" value="mixed mode"/>
    <property name="java.vendor" value="IcedTea"/>
    <property name="java.vm.version" value="25.212-b04"/>
    <property name="java.ext.dirs" value="/usr/lib/jvm/java-1.8-openjdk/jre/lib/ext:/usr/java/packages/lib/ext"/>
    <property name="sun.io.unicode.encoding" value="UnicodeLittle"/>
    <property name="java.class.version" value="52.0"/>
  </properties>
  <testcase name="test2DatanodesFailure" classname="org.apache.hadoop.ozone.client.rpc.TestBlockOutputStreamWithFailures" time="107.938"/>
  <testcase name="testDatanodeFailureWithPreAllocation" classname="org.apache.hadoop.ozone.client.rpc.TestBlockOutputStreamWithFailures" time="224.021"/>
  <testcase name="testDatanodeFailureWithSingleNodeRatis" classname="org.apache.hadoop.ozone.client.rpc.TestBlockOutputStreamWithFailures" time="222.289"/>
  <testcase name="testWatchForCommitWithSingleNodeRatis" classname="org.apache.hadoop.ozone.client.rpc.TestBlockOutputStreamWithFailures" time="36.234"/>
  <testcase name="testWatchForCommitDatanodeFailure" classname="org.apache.hadoop.ozone.client.rpc.TestBlockOutputStreamWithFailures" time="43.528">
    <failure message="expected:&lt;2&gt; but was:&lt;3&gt;" type="java.lang.AssertionError"><![CDATA[java.lang.AssertionError: expected:<2> but was:<3>
	at org.junit.Assert.fail(Assert.java:88)
	at org.junit.Assert.failNotEquals(Assert.java:743)
	at org.junit.Assert.assertEquals(Assert.java:118)
	at org.junit.Assert.assertEquals(Assert.java:555)
	at org.junit.Assert.assertEquals(Assert.java:542)
	at org.apache.hadoop.ozone.client.rpc.TestBlockOutputStreamWithFailures.testWatchForCommitDatanodeFailure(TestBlockOutputStreamWithFailures.java:366)
	at sun.reflect.NativeMethodAccessorImpl.invoke0(Native Method)
	at sun.reflect.NativeMethodAccessorImpl.invoke(NativeMethodAccessorImpl.java:62)
	at sun.reflect.DelegatingMethodAccessorImpl.invoke(DelegatingMethodAccessorImpl.java:43)
	at java.lang.reflect.Method.invoke(Method.java:498)
	at org.junit.runners.model.FrameworkMethod$1.runReflectiveCall(FrameworkMethod.java:47)
	at org.junit.internal.runners.model.ReflectiveCallable.run(ReflectiveCallable.java:12)
	at org.junit.runners.model.FrameworkMethod.invokeExplosively(FrameworkMethod.java:44)
	at org.junit.internal.runners.statements.InvokeMethod.evaluate(InvokeMethod.java:17)
	at org.junit.internal.runners.statements.RunBefores.evaluate(RunBefores.java:26)
	at org.junit.internal.runners.statements.RunAfters.evaluate(RunAfters.java:27)
	at org.junit.runners.ParentRunner.runLeaf(ParentRunner.java:271)
	at org.junit.runners.BlockJUnit4ClassRunner.runChild(BlockJUnit4ClassRunner.java:70)
	at org.junit.runners.BlockJUnit4ClassRunner.runChild(BlockJUnit4ClassRunner.java:50)
	at org.junit.runners.ParentRunner$3.run(ParentRunner.java:238)
	at org.junit.runners.ParentRunner$1.schedule(ParentRunner.java:63)
	at org.junit.runners.ParentRunner.runChildren(ParentRunner.java:236)
	at org.junit.runners.ParentRunner.access$000(ParentRunner.java:53)
	at org.junit.runners.ParentRunner$2.evaluate(ParentRunner.java:229)
	at org.junit.runners.ParentRunner.run(ParentRunner.java:309)
	at org.apache.maven.surefire.junit4.JUnit4Provider.execute(JUnit4Provider.java:365)
	at org.apache.maven.surefire.junit4.JUnit4Provider.executeWithRerun(JUnit4Provider.java:273)
	at org.apache.maven.surefire.junit4.JUnit4Provider.executeTestSet(JUnit4Provider.java:238)
	at org.apache.maven.surefire.junit4.JUnit4Provider.invoke(JUnit4Provider.java:159)
	at org.apache.maven.surefire.booter.ForkedBooter.invokeProviderInSameClassLoader(ForkedBooter.java:384)
	at org.apache.maven.surefire.booter.ForkedBooter.runSuitesInProcess(ForkedBooter.java:345)
	at org.apache.maven.surefire.booter.ForkedBooter.execute(ForkedBooter.java:126)
	at org.apache.maven.surefire.booter.ForkedBooter.main(ForkedBooter.java:418)
]]></failure>
    <system-out><![CDATA[2019-09-20 04:27:47,681 [main] WARN  server.ServerUtils (ServerUtils.java:getScmDbDir(145)) - ozone.scm.db.dirs is not configured. We recommend adding this setting. Falling back to ozone.metadata.dirs instead.
2019-09-20 04:27:47,709 [main] WARN  server.ServerUtils (ServerUtils.java:getScmDbDir(145)) - ozone.scm.db.dirs is not configured. We recommend adding this setting. Falling back to ozone.metadata.dirs instead.
2019-09-20 04:27:47,709 [main] WARN  server.ServerUtils (ServerUtils.java:getScmDbDir(145)) - ozone.scm.db.dirs is not configured. We recommend adding this setting. Falling back to ozone.metadata.dirs instead.
2019-09-20 04:27:47,710 [main] INFO  db.DBStoreBuilder (DBStoreBuilder.java:addTable(110)) - using custom profile for table: deletedBlocks
2019-09-20 04:27:47,710 [main] INFO  db.DBStoreBuilder (DBStoreBuilder.java:processTables(161)) - Using default column profile:DBProfile.DISK for Table:deletedBlocks
2019-09-20 04:27:47,710 [main] INFO  db.DBStoreBuilder (DBStoreBuilder.java:addTable(110)) - using custom profile for table: validCerts
2019-09-20 04:27:47,710 [main] INFO  db.DBStoreBuilder (DBStoreBuilder.java:processTables(161)) - Using default column profile:DBProfile.DISK for Table:validCerts
2019-09-20 04:27:47,710 [main] INFO  db.DBStoreBuilder (DBStoreBuilder.java:addTable(110)) - using custom profile for table: revokedCerts
2019-09-20 04:27:47,710 [main] INFO  db.DBStoreBuilder (DBStoreBuilder.java:processTables(161)) - Using default column profile:DBProfile.DISK for Table:revokedCerts
2019-09-20 04:27:47,711 [main] INFO  db.DBStoreBuilder (DBStoreBuilder.java:addTable(110)) - using custom profile for table: default
2019-09-20 04:27:47,711 [main] INFO  db.DBStoreBuilder (DBStoreBuilder.java:processTables(167)) - Using default column profile:DBProfile.DISK for Table:default
2019-09-20 04:27:47,711 [main] INFO  db.DBStoreBuilder (DBStoreBuilder.java:getDbProfile(198)) - Using default options. DBProfile.DISK
2019-09-20 04:27:47,956 [main] INFO  net.NodeSchemaLoader (NodeSchemaLoader.java:loadSchemaFromFile(125)) - Loading file from sun.misc.CompoundEnumeration@256bb5be
2019-09-20 04:27:47,956 [main] INFO  net.NodeSchemaLoader (NodeSchemaLoader.java:loadSchema(171)) - Loading network topology layer schema file
2019-09-20 04:27:47,962 [main] INFO  node.SCMNodeManager (SCMNodeManager.java:<init>(114)) - Entering startup safe mode.
2019-09-20 04:27:47,963 [main] INFO  algorithms.ContainerPlacementPolicyFactory (ContainerPlacementPolicyFactory.java:getPolicy(57)) - Create container placement policy of type org.apache.hadoop.hdds.scm.container.placement.algorithms.SCMContainerPlacementRandom
2019-09-20 04:27:47,963 [main] WARN  server.ServerUtils (ServerUtils.java:getScmDbDir(145)) - ozone.scm.db.dirs is not configured. We recommend adding this setting. Falling back to ozone.metadata.dirs instead.
2019-09-20 04:27:48,067 [main] INFO  pipeline.SCMPipelineManager (SCMPipelineManager.java:initializePipelineState(132)) - No pipeline exists in current db
2019-09-20 04:27:48,068 [main] WARN  server.ServerUtils (ServerUtils.java:getScmDbDir(145)) - ozone.scm.db.dirs is not configured. We recommend adding this setting. Falling back to ozone.metadata.dirs instead.
2019-09-20 04:27:48,172 [main] WARN  events.EventQueue (EventQueue.java:fireEvent(183)) - No event handler registered for event TypedEvent{payloadType=SafeModeStatus, name='SafeModeStatus'}
2019-09-20 04:27:48,173 [main] INFO  ipc.CallQueueManager (CallQueueManager.java:<init>(84)) - Using callQueue: class java.util.concurrent.LinkedBlockingQueue, queueCapacity: 2000, scheduler: class org.apache.hadoop.ipc.DefaultRpcScheduler, ipcBackoff: false.
2019-09-20 04:27:48,174 [Socket Reader #1 for port 34476] INFO  ipc.Server (Server.java:run(1074)) - Starting Socket Reader #1 for port 34476
2019-09-20 04:27:48,177 [main] INFO  ipc.CallQueueManager (CallQueueManager.java:<init>(84)) - Using callQueue: class java.util.concurrent.LinkedBlockingQueue, queueCapacity: 2000, scheduler: class org.apache.hadoop.ipc.DefaultRpcScheduler, ipcBackoff: false.
2019-09-20 04:27:48,177 [Socket Reader #1 for port 40713] INFO  ipc.Server (Server.java:run(1074)) - Starting Socket Reader #1 for port 40713
2019-09-20 04:27:48,179 [main] INFO  ipc.CallQueueManager (CallQueueManager.java:<init>(84)) - Using callQueue: class java.util.concurrent.LinkedBlockingQueue, queueCapacity: 2000, scheduler: class org.apache.hadoop.ipc.DefaultRpcScheduler, ipcBackoff: false.
2019-09-20 04:27:48,180 [Socket Reader #1 for port 37164] INFO  ipc.Server (Server.java:run(1074)) - Starting Socket Reader #1 for port 37164
2019-09-20 04:27:48,183 [main] INFO  hdfs.DFSUtil (DFSUtil.java:httpServerTemplateForNNAndJN(1641)) - Starting Web-server for scm at: http://0.0.0.0:0
2019-09-20 04:27:48,185 [main] INFO  server.AuthenticationFilter (AuthenticationFilter.java:constructSecretProvider(240)) - Unable to initialize FileSignerSecretProvider, falling back to use random secrets.
2019-09-20 04:27:48,186 [main] WARN  http.HttpRequestLog (HttpRequestLog.java:getRequestLog(97)) - Jetty request log can only be enabled using Log4j
2019-09-20 04:27:48,188 [main] INFO  http.HttpServer2 (HttpServer2.java:addGlobalFilter(975)) - Added global filter 'safety' (class=org.apache.hadoop.http.HttpServer2$QuotingInputFilter)
2019-09-20 04:27:48,189 [main] INFO  http.HttpServer2 (HttpServer2.java:addFilter(948)) - Added filter static_user_filter (class=org.apache.hadoop.http.lib.StaticUserWebFilter$StaticUserFilter) to context scm
2019-09-20 04:27:48,189 [main] INFO  http.HttpServer2 (HttpServer2.java:addFilter(958)) - Added filter static_user_filter (class=org.apache.hadoop.http.lib.StaticUserWebFilter$StaticUserFilter) to context logs
2019-09-20 04:27:48,189 [main] INFO  http.HttpServer2 (HttpServer2.java:addFilter(958)) - Added filter static_user_filter (class=org.apache.hadoop.http.lib.StaticUserWebFilter$StaticUserFilter) to context static
2019-09-20 04:27:48,191 [main] INFO  server.StorageContainerManager (StorageContainerManager.java:start(770)) - StorageContainerLocationProtocol RPC server is listening at /0.0.0.0:37164
2019-09-20 04:27:48,194 [main] WARN  impl.MetricsConfig (MetricsConfig.java:loadFirst(134)) - Cannot locate configuration: tried hadoop-metrics2-storagecontainermanager.properties,hadoop-metrics2.properties
2019-09-20 04:27:48,195 [main] INFO  impl.MetricsSystemImpl (MetricsSystemImpl.java:startTimer(374)) - Scheduled Metric snapshot period at 10 second(s).
2019-09-20 04:27:48,195 [main] INFO  impl.MetricsSystemImpl (MetricsSystemImpl.java:start(191)) - StorageContainerManager metrics system started
2019-09-20 04:27:48,254 [main] WARN  impl.MetricsSystemImpl (MetricsSystemImpl.java:register(276)) - Sink prometheus already exists!
2019-09-20 04:27:48,332 [main] INFO  server.SCMClientProtocolServer (SCMClientProtocolServer.java:start(151)) - RPC server for Client  is listening at /0.0.0.0:37164
2019-09-20 04:27:48,332 [IPC Server Responder] INFO  ipc.Server (Server.java:run(1314)) - IPC Server Responder: starting
2019-09-20 04:27:48,332 [IPC Server listener on 37164] INFO  ipc.Server (Server.java:run(1153)) - IPC Server listener on 37164: starting
2019-09-20 04:27:48,335 [main] INFO  server.StorageContainerManager (StorageContainerManager.java:start(780)) - ScmBlockLocationProtocol RPC server is listening at /0.0.0.0:40713
2019-09-20 04:27:48,335 [main] INFO  server.SCMBlockProtocolServer (SCMBlockProtocolServer.java:start(146)) - RPC server for Block Protocol is listening at /0.0.0.0:40713
2019-09-20 04:27:48,336 [IPC Server Responder] INFO  ipc.Server (Server.java:run(1314)) - IPC Server Responder: starting
2019-09-20 04:27:48,336 [IPC Server listener on 40713] INFO  ipc.Server (Server.java:run(1153)) - IPC Server listener on 40713: starting
2019-09-20 04:27:48,339 [main] INFO  server.StorageContainerManager (StorageContainerManager.java:start(784)) - ScmDatanodeProtocl RPC server is listening at /0.0.0.0:34476
2019-09-20 04:27:48,339 [main] INFO  server.SCMDatanodeProtocolServer (SCMDatanodeProtocolServer.java:start(191)) - RPC server for DataNodes is listening at /0.0.0.0:34476
2019-09-20 04:27:48,339 [IPC Server Responder] INFO  ipc.Server (Server.java:run(1314)) - IPC Server Responder: starting
2019-09-20 04:27:48,339 [IPC Server listener on 34476] INFO  ipc.Server (Server.java:run(1153)) - IPC Server listener on 34476: starting
2019-09-20 04:27:48,343 [main] INFO  http.HttpServer2 (HttpServer2.java:bindListener(1191)) - Jetty bound to port 33103
2019-09-20 04:27:48,343 [main] INFO  server.Server (Server.java:doStart(351)) - jetty-9.3.24.v20180605, build timestamp: 2018-06-05T17:11:56Z, git hash: 84205aa28f11a4f31f2a3b86d1bba2cc8ab69827
2019-09-20 04:27:48,345 [main] INFO  handler.ContextHandler (ContextHandler.java:doStart(781)) - Started o.e.j.s.ServletContextHandler@11f23038{/logs,file:///workdir/hadoop-ozone/integration-test/target/log,AVAILABLE}
2019-09-20 04:27:48,345 [main] INFO  handler.ContextHandler (ContextHandler.java:doStart(781)) - Started o.e.j.s.ServletContextHandler@691567ea{/static,file:///workdir/hadoop-ozone/integration-test/target/test-classes/webapps/static,AVAILABLE}
2019-09-20 04:27:48,349 [main] INFO  handler.ContextHandler (ContextHandler.java:doStart(781)) - Started o.e.j.w.WebAppContext@599f1b7{/,file:///workdir/hadoop-ozone/integration-test/target/test-classes/webapps/scm/,AVAILABLE}{/scm}
2019-09-20 04:27:48,349 [main] INFO  server.AbstractConnector (AbstractConnector.java:doStart(278)) - Started ServerConnector@22791b75{HTTP/1.1,[http/1.1]}{0.0.0.0:33103}
2019-09-20 04:27:48,349 [main] INFO  server.Server (Server.java:doStart(419)) - Started @591768ms
2019-09-20 04:27:48,350 [main] WARN  impl.MetricsSystemImpl (MetricsSystemImpl.java:register(276)) - Sink prometheus already exists!
2019-09-20 04:27:48,351 [main] INFO  server.BaseHttpServer (BaseHttpServer.java:updateConnectorAddress(215)) - HTTP server of SCM is listening at http://0.0.0.0:33103
2019-09-20 04:27:48,351 [main] WARN  server.ServerUtils (ServerUtils.java:getDBPath(222)) - ozone.om.db.dirs is not configured. We recommend adding this setting. Falling back to ozone.metadata.dirs instead.
2019-09-20 04:27:48,351 [org.apache.hadoop.util.JvmPauseMonitor$Monitor@37d28938] INFO  util.JvmPauseMonitor (JvmPauseMonitor.java:run(188)) - Starting JVM pause monitor
2019-09-20 04:27:48,383 [main] WARN  server.ServerUtils (ServerUtils.java:getDBPath(222)) - ozone.om.db.dirs is not configured. We recommend adding this setting. Falling back to ozone.metadata.dirs instead.
2019-09-20 04:27:48,383 [main] WARN  server.ServerUtils (ServerUtils.java:getDBPath(222)) - ozone.om.db.dirs is not configured. We recommend adding this setting. Falling back to ozone.metadata.dirs instead.
2019-09-20 04:27:48,384 [main] INFO  om.OzoneManager (OzoneManager.java:setOMNodeDetails(652)) - OM Service ID is not set. Setting it to the default ID: omServiceIdDefault
2019-09-20 04:27:48,384 [main] INFO  om.OzoneManager (OzoneManager.java:setOMNodeDetails(658)) - OM Node ID is not set. Setting it to the OmStorage's OmID: 9699c21b-11fb-44b7-9bfd-bb3f5013c246
2019-09-20 04:27:48,384 [main] INFO  om.OzoneManager (OzoneManager.java:loadOMHAConfigs(609)) - Found matching OM address with OMServiceId: null, OMNodeId: null, RPC Address: localhost:0 and Ratis port: 9872
2019-09-20 04:27:48,391 [main] WARN  server.ServerUtils (ServerUtils.java:getDBPath(222)) - ozone.om.db.dirs is not configured. We recommend adding this setting. Falling back to ozone.metadata.dirs instead.
2019-09-20 04:27:48,392 [main] INFO  db.DBStoreBuilder (DBStoreBuilder.java:addTable(110)) - using custom profile for table: userTable
2019-09-20 04:27:48,392 [main] INFO  db.DBStoreBuilder (DBStoreBuilder.java:processTables(161)) - Using default column profile:DBProfile.DISK for Table:userTable
2019-09-20 04:27:48,392 [main] INFO  db.DBStoreBuilder (DBStoreBuilder.java:addTable(110)) - using custom profile for table: volumeTable
2019-09-20 04:27:48,393 [main] INFO  db.DBStoreBuilder (DBStoreBuilder.java:processTables(161)) - Using default column profile:DBProfile.DISK for Table:volumeTable
2019-09-20 04:27:48,393 [main] INFO  db.DBStoreBuilder (DBStoreBuilder.java:addTable(110)) - using custom profile for table: bucketTable
2019-09-20 04:27:48,393 [main] INFO  db.DBStoreBuilder (DBStoreBuilder.java:processTables(161)) - Using default column profile:DBProfile.DISK for Table:bucketTable
2019-09-20 04:27:48,394 [main] INFO  db.DBStoreBuilder (DBStoreBuilder.java:addTable(110)) - using custom profile for table: keyTable
2019-09-20 04:27:48,394 [main] INFO  db.DBStoreBuilder (DBStoreBuilder.java:processTables(161)) - Using default column profile:DBProfile.DISK for Table:keyTable
2019-09-20 04:27:48,394 [main] INFO  db.DBStoreBuilder (DBStoreBuilder.java:addTable(110)) - using custom profile for table: deletedTable
2019-09-20 04:27:48,394 [main] INFO  db.DBStoreBuilder (DBStoreBuilder.java:processTables(161)) - Using default column profile:DBProfile.DISK for Table:deletedTable
2019-09-20 04:27:48,395 [main] INFO  db.DBStoreBuilder (DBStoreBuilder.java:addTable(110)) - using custom profile for table: openKeyTable
2019-09-20 04:27:48,395 [main] INFO  db.DBStoreBuilder (DBStoreBuilder.java:processTables(161)) - Using default column profile:DBProfile.DISK for Table:openKeyTable
2019-09-20 04:27:48,396 [main] INFO  db.DBStoreBuilder (DBStoreBuilder.java:addTable(110)) - using custom profile for table: s3Table
2019-09-20 04:27:48,396 [main] INFO  db.DBStoreBuilder (DBStoreBuilder.java:processTables(161)) - Using default column profile:DBProfile.DISK for Table:s3Table
2019-09-20 04:27:48,396 [main] INFO  db.DBStoreBuilder (DBStoreBuilder.java:addTable(110)) - using custom profile for table: multipartInfoTable
2019-09-20 04:27:48,396 [main] INFO  db.DBStoreBuilder (DBStoreBuilder.java:processTables(161)) - Using default column profile:DBProfile.DISK for Table:multipartInfoTable
2019-09-20 04:27:48,397 [main] INFO  db.DBStoreBuilder (DBStoreBuilder.java:addTable(110)) - using custom profile for table: dTokenTable
2019-09-20 04:27:48,397 [main] INFO  db.DBStoreBuilder (DBStoreBuilder.java:processTables(161)) - Using default column profile:DBProfile.DISK for Table:dTokenTable
2019-09-20 04:27:48,397 [main] INFO  db.DBStoreBuilder (DBStoreBuilder.java:addTable(110)) - using custom profile for table: s3SecretTable
2019-09-20 04:27:48,398 [main] INFO  db.DBStoreBuilder (DBStoreBuilder.java:processTables(161)) - Using default column profile:DBProfile.DISK for Table:s3SecretTable
2019-09-20 04:27:48,398 [main] INFO  db.DBStoreBuilder (DBStoreBuilder.java:addTable(110)) - using custom profile for table: prefixTable
2019-09-20 04:27:48,398 [main] INFO  db.DBStoreBuilder (DBStoreBuilder.java:processTables(161)) - Using default column profile:DBProfile.DISK for Table:prefixTable
2019-09-20 04:27:48,399 [main] INFO  db.DBStoreBuilder (DBStoreBuilder.java:addTable(110)) - using custom profile for table: default
2019-09-20 04:27:48,399 [main] INFO  db.DBStoreBuilder (DBStoreBuilder.java:processTables(167)) - Using default column profile:DBProfile.DISK for Table:default
2019-09-20 04:27:48,399 [main] INFO  db.DBStoreBuilder (DBStoreBuilder.java:getDbProfile(198)) - Using default options. DBProfile.DISK
2019-09-20 04:27:49,057 [main] INFO  ipc.CallQueueManager (CallQueueManager.java:<init>(84)) - Using callQueue: class java.util.concurrent.LinkedBlockingQueue, queueCapacity: 2000, scheduler: class org.apache.hadoop.ipc.DefaultRpcScheduler, ipcBackoff: false.
2019-09-20 04:27:49,058 [Socket Reader #1 for port 44630] INFO  ipc.Server (Server.java:run(1074)) - Starting Socket Reader #1 for port 44630
2019-09-20 04:27:49,072 [main] INFO  om.OzoneManager (OzoneManager.java:start(1243)) - OzoneManager RPC server is listening at localhost/127.0.0.1:44630
2019-09-20 04:27:49,072 [main] INFO  impl.MetricsSystemImpl (MetricsSystemImpl.java:init(158)) - OzoneManager metrics system started (again)
2019-09-20 04:27:49,073 [IPC Server Responder] INFO  ipc.Server (Server.java:run(1314)) - IPC Server Responder: starting
2019-09-20 04:27:49,073 [IPC Server listener on 44630] INFO  ipc.Server (Server.java:run(1153)) - IPC Server listener on 44630: starting
2019-09-20 04:27:49,080 [main] INFO  hdfs.DFSUtil (DFSUtil.java:httpServerTemplateForNNAndJN(1641)) - Starting Web-server for ozoneManager at: http://0.0.0.0:0
2019-09-20 04:27:49,081 [main] INFO  server.AuthenticationFilter (AuthenticationFilter.java:constructSecretProvider(240)) - Unable to initialize FileSignerSecretProvider, falling back to use random secrets.
2019-09-20 04:27:49,082 [main] WARN  http.HttpRequestLog (HttpRequestLog.java:getRequestLog(97)) - Jetty request log can only be enabled using Log4j
2019-09-20 04:27:49,084 [main] INFO  http.HttpServer2 (HttpServer2.java:addGlobalFilter(975)) - Added global filter 'safety' (class=org.apache.hadoop.http.HttpServer2$QuotingInputFilter)
2019-09-20 04:27:49,084 [main] INFO  http.HttpServer2 (HttpServer2.java:addFilter(948)) - Added filter static_user_filter (class=org.apache.hadoop.http.lib.StaticUserWebFilter$StaticUserFilter) to context ozoneManager
2019-09-20 04:27:49,085 [main] INFO  http.HttpServer2 (HttpServer2.java:addFilter(958)) - Added filter static_user_filter (class=org.apache.hadoop.http.lib.StaticUserWebFilter$StaticUserFilter) to context static
2019-09-20 04:27:49,085 [main] INFO  http.HttpServer2 (HttpServer2.java:addFilter(958)) - Added filter static_user_filter (class=org.apache.hadoop.http.lib.StaticUserWebFilter$StaticUserFilter) to context logs
2019-09-20 04:27:49,086 [main] INFO  http.HttpServer2 (HttpServer2.java:bindListener(1191)) - Jetty bound to port 43878
2019-09-20 04:27:49,086 [main] INFO  server.Server (Server.java:doStart(351)) - jetty-9.3.24.v20180605, build timestamp: 2018-06-05T17:11:56Z, git hash: 84205aa28f11a4f31f2a3b86d1bba2cc8ab69827
2019-09-20 04:27:49,087 [main] INFO  handler.ContextHandler (ContextHandler.java:doStart(781)) - Started o.e.j.s.ServletContextHandler@6c835217{/logs,file:///workdir/hadoop-ozone/integration-test/target/log,AVAILABLE}
2019-09-20 04:27:49,088 [main] INFO  handler.ContextHandler (ContextHandler.java:doStart(781)) - Started o.e.j.s.ServletContextHandler@51888019{/static,file:///workdir/hadoop-ozone/integration-test/target/test-classes/webapps/static,AVAILABLE}
2019-09-20 04:27:49,092 [main] INFO  handler.ContextHandler (ContextHandler.java:doStart(781)) - Started o.e.j.w.WebAppContext@2b999ee8{/,file:///workdir/hadoop-ozone/integration-test/target/test-classes/webapps/ozoneManager/,AVAILABLE}{/ozoneManager}
2019-09-20 04:27:49,093 [main] INFO  server.AbstractConnector (AbstractConnector.java:doStart(278)) - Started ServerConnector@31ab1e67{HTTP/1.1,[http/1.1]}{0.0.0.0:43878}
2019-09-20 04:27:49,094 [main] INFO  server.Server (Server.java:doStart(419)) - Started @592513ms
2019-09-20 04:27:49,094 [main] WARN  impl.MetricsSystemImpl (MetricsSystemImpl.java:register(276)) - Sink prometheus already exists!
2019-09-20 04:27:49,095 [main] INFO  server.BaseHttpServer (BaseHttpServer.java:updateConnectorAddress(215)) - HTTP server of OZONEMANAGER is listening at http://0.0.0.0:43878
2019-09-20 04:27:49,109 [main] INFO  impl.MetricsSystemImpl (MetricsSystemImpl.java:init(158)) - HddsDatanode metrics system started (again)
2019-09-20 04:27:49,112 [main] INFO  ozone.HddsDatanodeService (HddsDatanodeService.java:start(184)) - HddsDatanodeService host:pr-hdds-2020-f8xxz-1899867831 ip:192.168.36.117
2019-09-20 04:27:49,117 [main] INFO  volume.HddsVolume (HddsVolume.java:<init>(176)) - Creating Volume: /workdir/hadoop-ozone/integration-test/target/test-dir/MiniOzoneClusterImpl-aafe4fbf-76b3-435f-8185-881063bd6d24/datanode-0/data/containers/hdds of  storage type : DISK and capacity : 1482555576320
2019-09-20 04:27:49,118 [main] INFO  volume.VolumeSet (VolumeSet.java:initializeVolumeSet(170)) - Added Volume : /workdir/hadoop-ozone/integration-test/target/test-dir/MiniOzoneClusterImpl-aafe4fbf-76b3-435f-8185-881063bd6d24/datanode-0/data/containers/hdds to VolumeSet
2019-09-20 04:27:49,118 [main] INFO  volume.ThrottledAsyncChecker (ThrottledAsyncChecker.java:schedule(139)) - Scheduling a check for org.apache.hadoop.ozone.container.common.volume.HddsVolume@686cf8ad
2019-09-20 04:27:49,118 [main] INFO  volume.HddsVolumeChecker (HddsVolumeChecker.java:checkAllVolumes(202)) - Scheduled health check for volume org.apache.hadoop.ozone.container.common.volume.HddsVolume@686cf8ad
2019-09-20 04:27:49,133 [main] INFO  impl.RaftServerProxy (ConfUtils.java:logGet(43)) - raft.rpc.type = GRPC (default)
2019-09-20 04:27:49,133 [main] INFO  grpc.GrpcFactory (GrpcFactory.java:checkPooledByteBufAllocatorUseCacheForAllThreads(45)) - PERFORMANCE WARNING: useCacheForAllThreads is true that may cause Netty to create a lot garbage objects and, as a result, trigger GC.
	It is recommended to disable useCacheForAllThreads by setting -Dorg.apache.ratis.thirdparty.io.netty.allocator.useCacheForAllThreads=false in command line.
2019-09-20 04:27:49,133 [main] INFO  grpc.GrpcConfigKeys$Server (ConfUtils.java:logGet(43)) - raft.grpc.server.port = 0 (default)
2019-09-20 04:27:49,134 [main] INFO  server.GrpcService (ConfUtils.java:logGet(43)) - raft.grpc.message.size.max = 33570816 (custom)
2019-09-20 04:27:49,134 [main] INFO  server.RaftServerConfigKeys (ConfUtils.java:logGet(43)) - raft.server.log.appender.buffer.byte-limit = 33554432 (custom)
2019-09-20 04:27:49,134 [main] INFO  server.GrpcService (ConfUtils.java:logGet(43)) - raft.grpc.flow.control.window = 1MB (=1048576) (default)
2019-09-20 04:27:49,134 [main] INFO  server.RaftServerConfigKeys (ConfUtils.java:logGet(43)) - raft.server.rpc.request.timeout = 3000ms (default)
2019-09-20 04:27:49,135 [main] INFO  server.RaftServerConfigKeys (ConfUtils.java:logGet(43)) - raft.server.storage.dir = [/workdir/hadoop-ozone/integration-test/target/test-dir/MiniOzoneClusterImpl-aafe4fbf-76b3-435f-8185-881063bd6d24/datanode-0/data/ratis] (custom)
2019-09-20 04:27:49,136 [main] INFO  hdfs.DFSUtil (DFSUtil.java:httpServerTemplateForNNAndJN(1641)) - Starting Web-server for hddsDatanode at: http://0.0.0.0:0
2019-09-20 04:27:49,138 [main] INFO  server.AuthenticationFilter (AuthenticationFilter.java:constructSecretProvider(240)) - Unable to initialize FileSignerSecretProvider, falling back to use random secrets.
2019-09-20 04:27:49,138 [main] WARN  http.HttpRequestLog (HttpRequestLog.java:getRequestLog(97)) - Jetty request log can only be enabled using Log4j
2019-09-20 04:27:49,140 [main] INFO  http.HttpServer2 (HttpServer2.java:addGlobalFilter(975)) - Added global filter 'safety' (class=org.apache.hadoop.http.HttpServer2$QuotingInputFilter)
2019-09-20 04:27:49,140 [main] INFO  http.HttpServer2 (HttpServer2.java:addFilter(948)) - Added filter static_user_filter (class=org.apache.hadoop.http.lib.StaticUserWebFilter$StaticUserFilter) to context hddsDatanode
2019-09-20 04:27:49,140 [main] INFO  http.HttpServer2 (HttpServer2.java:addFilter(958)) - Added filter static_user_filter (class=org.apache.hadoop.http.lib.StaticUserWebFilter$StaticUserFilter) to context static
2019-09-20 04:27:49,140 [main] INFO  http.HttpServer2 (HttpServer2.java:addFilter(958)) - Added filter static_user_filter (class=org.apache.hadoop.http.lib.StaticUserWebFilter$StaticUserFilter) to context logs
2019-09-20 04:27:49,141 [main] INFO  http.HttpServer2 (HttpServer2.java:bindListener(1191)) - Jetty bound to port 37405
2019-09-20 04:27:49,141 [main] INFO  server.Server (Server.java:doStart(351)) - jetty-9.3.24.v20180605, build timestamp: 2018-06-05T17:11:56Z, git hash: 84205aa28f11a4f31f2a3b86d1bba2cc8ab69827
2019-09-20 04:27:49,143 [main] INFO  handler.ContextHandler (ContextHandler.java:doStart(781)) - Started o.e.j.s.ServletContextHandler@595f9916{/logs,file:///workdir/hadoop-ozone/integration-test/target/log,AVAILABLE}
2019-09-20 04:27:49,143 [main] INFO  handler.ContextHandler (ContextHandler.java:doStart(781)) - Started o.e.j.s.ServletContextHandler@28768e25{/static,jar:file:/home/user/.m2/repository/org/apache/hadoop/hadoop-hdds-container-service/0.5.0-SNAPSHOT/hadoop-hdds-container-service-0.5.0-SNAPSHOT.jar!/webapps/static,AVAILABLE}
2019-09-20 04:27:49,175 [main] INFO  handler.ContextHandler (ContextHandler.java:doStart(781)) - Started o.e.j.w.WebAppContext@58d4238e{/,file:///tmp/jetty-0.0.0.0-37405-hddsDatanode-_-any-6079086359261922956.dir/webapp/,AVAILABLE}{/hddsDatanode}
2019-09-20 04:27:49,176 [main] INFO  server.AbstractConnector (AbstractConnector.java:doStart(278)) - Started ServerConnector@72a8361b{HTTP/1.1,[http/1.1]}{0.0.0.0:37405}
2019-09-20 04:27:49,178 [main] INFO  server.Server (Server.java:doStart(419)) - Started @592597ms
2019-09-20 04:27:49,178 [main] WARN  impl.MetricsSystemImpl (MetricsSystemImpl.java:register(276)) - Sink prometheus already exists!
2019-09-20 04:27:49,179 [main] INFO  server.BaseHttpServer (BaseHttpServer.java:updateConnectorAddress(215)) - HTTP server of HDDSDATANODE is listening at http://0.0.0.0:37405
2019-09-20 04:27:49,179 [main] INFO  impl.MetricsSystemImpl (MetricsSystemImpl.java:init(158)) - HddsDatanode metrics system started (again)
2019-09-20 04:27:49,182 [org.apache.hadoop.util.JvmPauseMonitor$Monitor@7452acda] INFO  util.JvmPauseMonitor (JvmPauseMonitor.java:run(188)) - Starting JVM pause monitor
2019-09-20 04:27:49,183 [main] INFO  ozone.HddsDatanodeService (HddsDatanodeService.java:start(184)) - HddsDatanodeService host:pr-hdds-2020-f8xxz-1899867831 ip:192.168.36.117
2019-09-20 04:27:49,189 [main] INFO  volume.HddsVolume (HddsVolume.java:<init>(176)) - Creating Volume: /workdir/hadoop-ozone/integration-test/target/test-dir/MiniOzoneClusterImpl-aafe4fbf-76b3-435f-8185-881063bd6d24/datanode-1/data/containers/hdds of  storage type : DISK and capacity : 1482555576320
2019-09-20 04:27:49,189 [main] INFO  volume.VolumeSet (VolumeSet.java:initializeVolumeSet(170)) - Added Volume : /workdir/hadoop-ozone/integration-test/target/test-dir/MiniOzoneClusterImpl-aafe4fbf-76b3-435f-8185-881063bd6d24/datanode-1/data/containers/hdds to VolumeSet
2019-09-20 04:27:49,190 [main] INFO  volume.ThrottledAsyncChecker (ThrottledAsyncChecker.java:schedule(139)) - Scheduling a check for org.apache.hadoop.ozone.container.common.volume.HddsVolume@272778ae
2019-09-20 04:27:49,190 [main] INFO  volume.HddsVolumeChecker (HddsVolumeChecker.java:checkAllVolumes(202)) - Scheduled health check for volume org.apache.hadoop.ozone.container.common.volume.HddsVolume@272778ae
2019-09-20 04:27:49,190 [Datanode State Machine Thread - 0] INFO  datanode.InitDatanodeState (InitDatanodeState.java:persistContainerDatanodeDetails(140)) - DatanodeDetails is persisted to /workdir/hadoop-ozone/integration-test/target/test-dir/MiniOzoneClusterImpl-aafe4fbf-76b3-435f-8185-881063bd6d24/datanode-0/meta/datanode.id
2019-09-20 04:27:49,208 [main] INFO  impl.RaftServerProxy (ConfUtils.java:logGet(43)) - raft.rpc.type = GRPC (default)
2019-09-20 04:27:49,208 [main] INFO  grpc.GrpcFactory (GrpcFactory.java:checkPooledByteBufAllocatorUseCacheForAllThreads(45)) - PERFORMANCE WARNING: useCacheForAllThreads is true that may cause Netty to create a lot garbage objects and, as a result, trigger GC.
	It is recommended to disable useCacheForAllThreads by setting -Dorg.apache.ratis.thirdparty.io.netty.allocator.useCacheForAllThreads=false in command line.
2019-09-20 04:27:49,208 [main] INFO  grpc.GrpcConfigKeys$Server (ConfUtils.java:logGet(43)) - raft.grpc.server.port = 0 (default)
2019-09-20 04:27:49,208 [main] INFO  server.GrpcService (ConfUtils.java:logGet(43)) - raft.grpc.message.size.max = 33570816 (custom)
2019-09-20 04:27:49,209 [main] INFO  server.RaftServerConfigKeys (ConfUtils.java:logGet(43)) - raft.server.log.appender.buffer.byte-limit = 33554432 (custom)
2019-09-20 04:27:49,209 [main] INFO  server.GrpcService (ConfUtils.java:logGet(43)) - raft.grpc.flow.control.window = 1MB (=1048576) (default)
2019-09-20 04:27:49,209 [main] INFO  server.RaftServerConfigKeys (ConfUtils.java:logGet(43)) - raft.server.rpc.request.timeout = 3000ms (default)
2019-09-20 04:27:49,210 [main] INFO  server.RaftServerConfigKeys (ConfUtils.java:logGet(43)) - raft.server.storage.dir = [/workdir/hadoop-ozone/integration-test/target/test-dir/MiniOzoneClusterImpl-aafe4fbf-76b3-435f-8185-881063bd6d24/datanode-1/data/ratis] (custom)
2019-09-20 04:27:49,211 [main] INFO  hdfs.DFSUtil (DFSUtil.java:httpServerTemplateForNNAndJN(1641)) - Starting Web-server for hddsDatanode at: http://0.0.0.0:0
2019-09-20 04:27:49,212 [main] INFO  server.AuthenticationFilter (AuthenticationFilter.java:constructSecretProvider(240)) - Unable to initialize FileSignerSecretProvider, falling back to use random secrets.
2019-09-20 04:27:49,213 [main] WARN  http.HttpRequestLog (HttpRequestLog.java:getRequestLog(97)) - Jetty request log can only be enabled using Log4j
2019-09-20 04:27:49,214 [main] INFO  http.HttpServer2 (HttpServer2.java:addGlobalFilter(975)) - Added global filter 'safety' (class=org.apache.hadoop.http.HttpServer2$QuotingInputFilter)
2019-09-20 04:27:49,215 [main] INFO  http.HttpServer2 (HttpServer2.java:addFilter(948)) - Added filter static_user_filter (class=org.apache.hadoop.http.lib.StaticUserWebFilter$StaticUserFilter) to context hddsDatanode
2019-09-20 04:27:49,215 [main] INFO  http.HttpServer2 (HttpServer2.java:addFilter(958)) - Added filter static_user_filter (class=org.apache.hadoop.http.lib.StaticUserWebFilter$StaticUserFilter) to context logs
2019-09-20 04:27:49,215 [main] INFO  http.HttpServer2 (HttpServer2.java:addFilter(958)) - Added filter static_user_filter (class=org.apache.hadoop.http.lib.StaticUserWebFilter$StaticUserFilter) to context static
2019-09-20 04:27:49,216 [main] INFO  http.HttpServer2 (HttpServer2.java:bindListener(1191)) - Jetty bound to port 38732
2019-09-20 04:27:49,216 [main] INFO  server.Server (Server.java:doStart(351)) - jetty-9.3.24.v20180605, build timestamp: 2018-06-05T17:11:56Z, git hash: 84205aa28f11a4f31f2a3b86d1bba2cc8ab69827
2019-09-20 04:27:49,218 [main] INFO  handler.ContextHandler (ContextHandler.java:doStart(781)) - Started o.e.j.s.ServletContextHandler@175c5c3a{/logs,file:///workdir/hadoop-ozone/integration-test/target/log,AVAILABLE}
2019-09-20 04:27:49,218 [main] INFO  handler.ContextHandler (ContextHandler.java:doStart(781)) - Started o.e.j.s.ServletContextHandler@451e2fa9{/static,jar:file:/home/user/.m2/repository/org/apache/hadoop/hadoop-hdds-container-service/0.5.0-SNAPSHOT/hadoop-hdds-container-service-0.5.0-SNAPSHOT.jar!/webapps/static,AVAILABLE}
2019-09-20 04:27:49,251 [main] INFO  handler.ContextHandler (ContextHandler.java:doStart(781)) - Started o.e.j.w.WebAppContext@4f5f474c{/,file:///tmp/jetty-0.0.0.0-38732-hddsDatanode-_-any-8137341201150716693.dir/webapp/,AVAILABLE}{/hddsDatanode}
2019-09-20 04:27:49,251 [main] INFO  server.AbstractConnector (AbstractConnector.java:doStart(278)) - Started ServerConnector@58a3d521{HTTP/1.1,[http/1.1]}{0.0.0.0:38732}
2019-09-20 04:27:49,252 [main] INFO  server.Server (Server.java:doStart(419)) - Started @592671ms
2019-09-20 04:27:49,252 [main] WARN  impl.MetricsSystemImpl (MetricsSystemImpl.java:register(276)) - Sink prometheus already exists!
2019-09-20 04:27:49,253 [main] INFO  server.BaseHttpServer (BaseHttpServer.java:updateConnectorAddress(215)) - HTTP server of HDDSDATANODE is listening at http://0.0.0.0:38732
2019-09-20 04:27:49,253 [main] INFO  impl.MetricsSystemImpl (MetricsSystemImpl.java:init(158)) - HddsDatanode metrics system started (again)
2019-09-20 04:27:49,257 [org.apache.hadoop.util.JvmPauseMonitor$Monitor@693f8374] INFO  util.JvmPauseMonitor (JvmPauseMonitor.java:run(188)) - Starting JVM pause monitor
2019-09-20 04:27:49,257 [main] INFO  ozone.HddsDatanodeService (HddsDatanodeService.java:start(184)) - HddsDatanodeService host:pr-hdds-2020-f8xxz-1899867831 ip:192.168.36.117
2019-09-20 04:27:49,258 [Datanode State Machine Thread - 0] INFO  datanode.InitDatanodeState (InitDatanodeState.java:persistContainerDatanodeDetails(140)) - DatanodeDetails is persisted to /workdir/hadoop-ozone/integration-test/target/test-dir/MiniOzoneClusterImpl-aafe4fbf-76b3-435f-8185-881063bd6d24/datanode-1/meta/datanode.id
2019-09-20 04:27:49,263 [main] INFO  volume.HddsVolume (HddsVolume.java:<init>(176)) - Creating Volume: /workdir/hadoop-ozone/integration-test/target/test-dir/MiniOzoneClusterImpl-aafe4fbf-76b3-435f-8185-881063bd6d24/datanode-2/data/containers/hdds of  storage type : DISK and capacity : 1482555576320
2019-09-20 04:27:49,263 [main] INFO  volume.VolumeSet (VolumeSet.java:initializeVolumeSet(170)) - Added Volume : /workdir/hadoop-ozone/integration-test/target/test-dir/MiniOzoneClusterImpl-aafe4fbf-76b3-435f-8185-881063bd6d24/datanode-2/data/containers/hdds to VolumeSet
2019-09-20 04:27:49,263 [main] INFO  volume.ThrottledAsyncChecker (ThrottledAsyncChecker.java:schedule(139)) - Scheduling a check for org.apache.hadoop.ozone.container.common.volume.HddsVolume@11810917
2019-09-20 04:27:49,264 [main] INFO  volume.HddsVolumeChecker (HddsVolumeChecker.java:checkAllVolumes(202)) - Scheduled health check for volume org.apache.hadoop.ozone.container.common.volume.HddsVolume@11810917
2019-09-20 04:27:49,282 [main] INFO  impl.RaftServerProxy (ConfUtils.java:logGet(43)) - raft.rpc.type = GRPC (default)
2019-09-20 04:27:49,283 [main] INFO  grpc.GrpcFactory (GrpcFactory.java:checkPooledByteBufAllocatorUseCacheForAllThreads(45)) - PERFORMANCE WARNING: useCacheForAllThreads is true that may cause Netty to create a lot garbage objects and, as a result, trigger GC.
	It is recommended to disable useCacheForAllThreads by setting -Dorg.apache.ratis.thirdparty.io.netty.allocator.useCacheForAllThreads=false in command line.
2019-09-20 04:27:49,283 [main] INFO  grpc.GrpcConfigKeys$Server (ConfUtils.java:logGet(43)) - raft.grpc.server.port = 0 (default)
2019-09-20 04:27:49,283 [main] INFO  server.GrpcService (ConfUtils.java:logGet(43)) - raft.grpc.message.size.max = 33570816 (custom)
2019-09-20 04:27:49,284 [main] INFO  server.RaftServerConfigKeys (ConfUtils.java:logGet(43)) - raft.server.log.appender.buffer.byte-limit = 33554432 (custom)
2019-09-20 04:27:49,284 [main] INFO  server.GrpcService (ConfUtils.java:logGet(43)) - raft.grpc.flow.control.window = 1MB (=1048576) (default)
2019-09-20 04:27:49,284 [main] INFO  server.RaftServerConfigKeys (ConfUtils.java:logGet(43)) - raft.server.rpc.request.timeout = 3000ms (default)
2019-09-20 04:27:49,285 [main] INFO  server.RaftServerConfigKeys (ConfUtils.java:logGet(43)) - raft.server.storage.dir = [/workdir/hadoop-ozone/integration-test/target/test-dir/MiniOzoneClusterImpl-aafe4fbf-76b3-435f-8185-881063bd6d24/datanode-2/data/ratis] (custom)
2019-09-20 04:27:49,286 [main] INFO  hdfs.DFSUtil (DFSUtil.java:httpServerTemplateForNNAndJN(1641)) - Starting Web-server for hddsDatanode at: http://0.0.0.0:0
2019-09-20 04:27:49,288 [main] INFO  server.AuthenticationFilter (AuthenticationFilter.java:constructSecretProvider(240)) - Unable to initialize FileSignerSecretProvider, falling back to use random secrets.
2019-09-20 04:27:49,288 [main] WARN  http.HttpRequestLog (HttpRequestLog.java:getRequestLog(97)) - Jetty request log can only be enabled using Log4j
2019-09-20 04:27:49,289 [main] INFO  http.HttpServer2 (HttpServer2.java:addGlobalFilter(975)) - Added global filter 'safety' (class=org.apache.hadoop.http.HttpServer2$QuotingInputFilter)
2019-09-20 04:27:49,290 [main] INFO  http.HttpServer2 (HttpServer2.java:addFilter(948)) - Added filter static_user_filter (class=org.apache.hadoop.http.lib.StaticUserWebFilter$StaticUserFilter) to context hddsDatanode
2019-09-20 04:27:49,290 [main] INFO  http.HttpServer2 (HttpServer2.java:addFilter(958)) - Added filter static_user_filter (class=org.apache.hadoop.http.lib.StaticUserWebFilter$StaticUserFilter) to context static
2019-09-20 04:27:49,290 [main] INFO  http.HttpServer2 (HttpServer2.java:addFilter(958)) - Added filter static_user_filter (class=org.apache.hadoop.http.lib.StaticUserWebFilter$StaticUserFilter) to context logs
2019-09-20 04:27:49,291 [main] INFO  http.HttpServer2 (HttpServer2.java:bindListener(1191)) - Jetty bound to port 34246
2019-09-20 04:27:49,291 [main] INFO  server.Server (Server.java:doStart(351)) - jetty-9.3.24.v20180605, build timestamp: 2018-06-05T17:11:56Z, git hash: 84205aa28f11a4f31f2a3b86d1bba2cc8ab69827
2019-09-20 04:27:49,293 [main] INFO  handler.ContextHandler (ContextHandler.java:doStart(781)) - Started o.e.j.s.ServletContextHandler@224d86d2{/logs,file:///workdir/hadoop-ozone/integration-test/target/log,AVAILABLE}
2019-09-20 04:27:49,293 [main] INFO  handler.ContextHandler (ContextHandler.java:doStart(781)) - Started o.e.j.s.ServletContextHandler@2aea717c{/static,jar:file:/home/user/.m2/repository/org/apache/hadoop/hadoop-hdds-container-service/0.5.0-SNAPSHOT/hadoop-hdds-container-service-0.5.0-SNAPSHOT.jar!/webapps/static,AVAILABLE}
2019-09-20 04:27:49,329 [main] INFO  handler.ContextHandler (ContextHandler.java:doStart(781)) - Started o.e.j.w.WebAppContext@3079c26a{/,file:///tmp/jetty-0.0.0.0-34246-hddsDatanode-_-any-1781921907826128498.dir/webapp/,AVAILABLE}{/hddsDatanode}
2019-09-20 04:27:49,329 [main] INFO  server.AbstractConnector (AbstractConnector.java:doStart(278)) - Started ServerConnector@1e2445f6{HTTP/1.1,[http/1.1]}{0.0.0.0:34246}
2019-09-20 04:27:49,330 [main] INFO  server.Server (Server.java:doStart(419)) - Started @592749ms
2019-09-20 04:27:49,330 [main] WARN  impl.MetricsSystemImpl (MetricsSystemImpl.java:register(276)) - Sink prometheus already exists!
2019-09-20 04:27:49,331 [main] INFO  server.BaseHttpServer (BaseHttpServer.java:updateConnectorAddress(215)) - HTTP server of HDDSDATANODE is listening at http://0.0.0.0:34246
2019-09-20 04:27:49,332 [main] INFO  impl.MetricsSystemImpl (MetricsSystemImpl.java:init(158)) - HddsDatanode metrics system started (again)
2019-09-20 04:27:49,335 [org.apache.hadoop.util.JvmPauseMonitor$Monitor@337a6859] INFO  util.JvmPauseMonitor (JvmPauseMonitor.java:run(188)) - Starting JVM pause monitor
2019-09-20 04:27:49,336 [main] INFO  ozone.HddsDatanodeService (HddsDatanodeService.java:start(184)) - HddsDatanodeService host:pr-hdds-2020-f8xxz-1899867831 ip:192.168.36.117
2019-09-20 04:27:49,336 [Datanode State Machine Thread - 0] INFO  datanode.InitDatanodeState (InitDatanodeState.java:persistContainerDatanodeDetails(140)) - DatanodeDetails is persisted to /workdir/hadoop-ozone/integration-test/target/test-dir/MiniOzoneClusterImpl-aafe4fbf-76b3-435f-8185-881063bd6d24/datanode-2/meta/datanode.id
2019-09-20 04:27:49,341 [main] INFO  volume.HddsVolume (HddsVolume.java:<init>(176)) - Creating Volume: /workdir/hadoop-ozone/integration-test/target/test-dir/MiniOzoneClusterImpl-aafe4fbf-76b3-435f-8185-881063bd6d24/datanode-3/data/containers/hdds of  storage type : DISK and capacity : 1482555576320
2019-09-20 04:27:49,342 [main] INFO  volume.VolumeSet (VolumeSet.java:initializeVolumeSet(170)) - Added Volume : /workdir/hadoop-ozone/integration-test/target/test-dir/MiniOzoneClusterImpl-aafe4fbf-76b3-435f-8185-881063bd6d24/datanode-3/data/containers/hdds to VolumeSet
2019-09-20 04:27:49,342 [main] INFO  volume.ThrottledAsyncChecker (ThrottledAsyncChecker.java:schedule(139)) - Scheduling a check for org.apache.hadoop.ozone.container.common.volume.HddsVolume@40c8067
2019-09-20 04:27:49,342 [main] INFO  volume.HddsVolumeChecker (HddsVolumeChecker.java:checkAllVolumes(202)) - Scheduled health check for volume org.apache.hadoop.ozone.container.common.volume.HddsVolume@40c8067
2019-09-20 04:27:49,355 [main] INFO  impl.RaftServerProxy (ConfUtils.java:logGet(43)) - raft.rpc.type = GRPC (default)
2019-09-20 04:27:49,356 [main] INFO  grpc.GrpcFactory (GrpcFactory.java:checkPooledByteBufAllocatorUseCacheForAllThreads(45)) - PERFORMANCE WARNING: useCacheForAllThreads is true that may cause Netty to create a lot garbage objects and, as a result, trigger GC.
	It is recommended to disable useCacheForAllThreads by setting -Dorg.apache.ratis.thirdparty.io.netty.allocator.useCacheForAllThreads=false in command line.
2019-09-20 04:27:49,356 [main] INFO  grpc.GrpcConfigKeys$Server (ConfUtils.java:logGet(43)) - raft.grpc.server.port = 0 (default)
2019-09-20 04:27:49,356 [main] INFO  server.GrpcService (ConfUtils.java:logGet(43)) - raft.grpc.message.size.max = 33570816 (custom)
2019-09-20 04:27:49,356 [main] INFO  server.RaftServerConfigKeys (ConfUtils.java:logGet(43)) - raft.server.log.appender.buffer.byte-limit = 33554432 (custom)
2019-09-20 04:27:49,356 [main] INFO  server.GrpcService (ConfUtils.java:logGet(43)) - raft.grpc.flow.control.window = 1MB (=1048576) (default)
2019-09-20 04:27:49,357 [main] INFO  server.RaftServerConfigKeys (ConfUtils.java:logGet(43)) - raft.server.rpc.request.timeout = 3000ms (default)
2019-09-20 04:27:49,357 [main] INFO  server.RaftServerConfigKeys (ConfUtils.java:logGet(43)) - raft.server.storage.dir = [/workdir/hadoop-ozone/integration-test/target/test-dir/MiniOzoneClusterImpl-aafe4fbf-76b3-435f-8185-881063bd6d24/datanode-3/data/ratis] (custom)
2019-09-20 04:27:49,358 [main] INFO  hdfs.DFSUtil (DFSUtil.java:httpServerTemplateForNNAndJN(1641)) - Starting Web-server for hddsDatanode at: http://0.0.0.0:0
2019-09-20 04:27:49,359 [main] INFO  server.AuthenticationFilter (AuthenticationFilter.java:constructSecretProvider(240)) - Unable to initialize FileSignerSecretProvider, falling back to use random secrets.
2019-09-20 04:27:49,360 [main] WARN  http.HttpRequestLog (HttpRequestLog.java:getRequestLog(97)) - Jetty request log can only be enabled using Log4j
2019-09-20 04:27:49,361 [main] INFO  http.HttpServer2 (HttpServer2.java:addGlobalFilter(975)) - Added global filter 'safety' (class=org.apache.hadoop.http.HttpServer2$QuotingInputFilter)
2019-09-20 04:27:49,361 [main] INFO  http.HttpServer2 (HttpServer2.java:addFilter(948)) - Added filter static_user_filter (class=org.apache.hadoop.http.lib.StaticUserWebFilter$StaticUserFilter) to context hddsDatanode
2019-09-20 04:27:49,362 [main] INFO  http.HttpServer2 (HttpServer2.java:addFilter(958)) - Added filter static_user_filter (class=org.apache.hadoop.http.lib.StaticUserWebFilter$StaticUserFilter) to context static
2019-09-20 04:27:49,362 [main] INFO  http.HttpServer2 (HttpServer2.java:addFilter(958)) - Added filter static_user_filter (class=org.apache.hadoop.http.lib.StaticUserWebFilter$StaticUserFilter) to context logs
2019-09-20 04:27:49,363 [main] INFO  http.HttpServer2 (HttpServer2.java:bindListener(1191)) - Jetty bound to port 43402
2019-09-20 04:27:49,363 [main] INFO  server.Server (Server.java:doStart(351)) - jetty-9.3.24.v20180605, build timestamp: 2018-06-05T17:11:56Z, git hash: 84205aa28f11a4f31f2a3b86d1bba2cc8ab69827
2019-09-20 04:27:49,364 [main] INFO  handler.ContextHandler (ContextHandler.java:doStart(781)) - Started o.e.j.s.ServletContextHandler@27e199ce{/logs,file:///workdir/hadoop-ozone/integration-test/target/log,AVAILABLE}
2019-09-20 04:27:49,365 [main] INFO  handler.ContextHandler (ContextHandler.java:doStart(781)) - Started o.e.j.s.ServletContextHandler@7364f68{/static,jar:file:/home/user/.m2/repository/org/apache/hadoop/hadoop-hdds-container-service/0.5.0-SNAPSHOT/hadoop-hdds-container-service-0.5.0-SNAPSHOT.jar!/webapps/static,AVAILABLE}
2019-09-20 04:27:49,401 [main] INFO  handler.ContextHandler (ContextHandler.java:doStart(781)) - Started o.e.j.w.WebAppContext@4fb57fb3{/,file:///tmp/jetty-0.0.0.0-43402-hddsDatanode-_-any-2483126210147213997.dir/webapp/,AVAILABLE}{/hddsDatanode}
2019-09-20 04:27:49,402 [main] INFO  server.AbstractConnector (AbstractConnector.java:doStart(278)) - Started ServerConnector@6b063470{HTTP/1.1,[http/1.1]}{0.0.0.0:43402}
2019-09-20 04:27:49,403 [main] INFO  server.Server (Server.java:doStart(419)) - Started @592822ms
2019-09-20 04:27:49,404 [main] WARN  impl.MetricsSystemImpl (MetricsSystemImpl.java:register(276)) - Sink prometheus already exists!
2019-09-20 04:27:49,404 [main] INFO  server.BaseHttpServer (BaseHttpServer.java:updateConnectorAddress(215)) - HTTP server of HDDSDATANODE is listening at http://0.0.0.0:43402
2019-09-20 04:27:49,405 [main] INFO  impl.MetricsSystemImpl (MetricsSystemImpl.java:init(158)) - HddsDatanode metrics system started (again)
2019-09-20 04:27:49,409 [org.apache.hadoop.util.JvmPauseMonitor$Monitor@4bd5b5da] INFO  util.JvmPauseMonitor (JvmPauseMonitor.java:run(188)) - Starting JVM pause monitor
2019-09-20 04:27:49,410 [main] INFO  ozone.HddsDatanodeService (HddsDatanodeService.java:start(184)) - HddsDatanodeService host:pr-hdds-2020-f8xxz-1899867831 ip:192.168.36.117
2019-09-20 04:27:49,411 [Datanode State Machine Thread - 0] INFO  datanode.InitDatanodeState (InitDatanodeState.java:persistContainerDatanodeDetails(140)) - DatanodeDetails is persisted to /workdir/hadoop-ozone/integration-test/target/test-dir/MiniOzoneClusterImpl-aafe4fbf-76b3-435f-8185-881063bd6d24/datanode-3/meta/datanode.id
2019-09-20 04:27:49,419 [main] INFO  volume.HddsVolume (HddsVolume.java:<init>(176)) - Creating Volume: /workdir/hadoop-ozone/integration-test/target/test-dir/MiniOzoneClusterImpl-aafe4fbf-76b3-435f-8185-881063bd6d24/datanode-4/data/containers/hdds of  storage type : DISK and capacity : 1482555576320
2019-09-20 04:27:49,420 [main] INFO  volume.VolumeSet (VolumeSet.java:initializeVolumeSet(170)) - Added Volume : /workdir/hadoop-ozone/integration-test/target/test-dir/MiniOzoneClusterImpl-aafe4fbf-76b3-435f-8185-881063bd6d24/datanode-4/data/containers/hdds to VolumeSet
2019-09-20 04:27:49,420 [main] INFO  volume.ThrottledAsyncChecker (ThrottledAsyncChecker.java:schedule(139)) - Scheduling a check for org.apache.hadoop.ozone.container.common.volume.HddsVolume@d25e878
2019-09-20 04:27:49,420 [main] INFO  volume.HddsVolumeChecker (HddsVolumeChecker.java:checkAllVolumes(202)) - Scheduled health check for volume org.apache.hadoop.ozone.container.common.volume.HddsVolume@d25e878
2019-09-20 04:27:49,435 [main] INFO  impl.RaftServerProxy (ConfUtils.java:logGet(43)) - raft.rpc.type = GRPC (default)
2019-09-20 04:27:49,435 [main] INFO  grpc.GrpcFactory (GrpcFactory.java:checkPooledByteBufAllocatorUseCacheForAllThreads(45)) - PERFORMANCE WARNING: useCacheForAllThreads is true that may cause Netty to create a lot garbage objects and, as a result, trigger GC.
	It is recommended to disable useCacheForAllThreads by setting -Dorg.apache.ratis.thirdparty.io.netty.allocator.useCacheForAllThreads=false in command line.
2019-09-20 04:27:49,435 [main] INFO  grpc.GrpcConfigKeys$Server (ConfUtils.java:logGet(43)) - raft.grpc.server.port = 0 (default)
2019-09-20 04:27:49,436 [main] INFO  server.GrpcService (ConfUtils.java:logGet(43)) - raft.grpc.message.size.max = 33570816 (custom)
2019-09-20 04:27:49,436 [main] INFO  server.RaftServerConfigKeys (ConfUtils.java:logGet(43)) - raft.server.log.appender.buffer.byte-limit = 33554432 (custom)
2019-09-20 04:27:49,436 [main] INFO  server.GrpcService (ConfUtils.java:logGet(43)) - raft.grpc.flow.control.window = 1MB (=1048576) (default)
2019-09-20 04:27:49,436 [main] INFO  server.RaftServerConfigKeys (ConfUtils.java:logGet(43)) - raft.server.rpc.request.timeout = 3000ms (default)
2019-09-20 04:27:49,437 [main] INFO  server.RaftServerConfigKeys (ConfUtils.java:logGet(43)) - raft.server.storage.dir = [/workdir/hadoop-ozone/integration-test/target/test-dir/MiniOzoneClusterImpl-aafe4fbf-76b3-435f-8185-881063bd6d24/datanode-4/data/ratis] (custom)
2019-09-20 04:27:49,444 [main] INFO  hdfs.DFSUtil (DFSUtil.java:httpServerTemplateForNNAndJN(1641)) - Starting Web-server for hddsDatanode at: http://0.0.0.0:0
2019-09-20 04:27:49,445 [main] INFO  server.AuthenticationFilter (AuthenticationFilter.java:constructSecretProvider(240)) - Unable to initialize FileSignerSecretProvider, falling back to use random secrets.
2019-09-20 04:27:49,445 [main] WARN  http.HttpRequestLog (HttpRequestLog.java:getRequestLog(97)) - Jetty request log can only be enabled using Log4j
2019-09-20 04:27:49,447 [main] INFO  http.HttpServer2 (HttpServer2.java:addGlobalFilter(975)) - Added global filter 'safety' (class=org.apache.hadoop.http.HttpServer2$QuotingInputFilter)
2019-09-20 04:27:49,447 [main] INFO  http.HttpServer2 (HttpServer2.java:addFilter(948)) - Added filter static_user_filter (class=org.apache.hadoop.http.lib.StaticUserWebFilter$StaticUserFilter) to context hddsDatanode
2019-09-20 04:27:49,447 [main] INFO  http.HttpServer2 (HttpServer2.java:addFilter(958)) - Added filter static_user_filter (class=org.apache.hadoop.http.lib.StaticUserWebFilter$StaticUserFilter) to context logs
2019-09-20 04:27:49,447 [main] INFO  http.HttpServer2 (HttpServer2.java:addFilter(958)) - Added filter static_user_filter (class=org.apache.hadoop.http.lib.StaticUserWebFilter$StaticUserFilter) to context static
2019-09-20 04:27:49,448 [main] INFO  http.HttpServer2 (HttpServer2.java:bindListener(1191)) - Jetty bound to port 44589
2019-09-20 04:27:49,448 [main] INFO  server.Server (Server.java:doStart(351)) - jetty-9.3.24.v20180605, build timestamp: 2018-06-05T17:11:56Z, git hash: 84205aa28f11a4f31f2a3b86d1bba2cc8ab69827
2019-09-20 04:27:49,450 [main] INFO  handler.ContextHandler (ContextHandler.java:doStart(781)) - Started o.e.j.s.ServletContextHandler@11c581a0{/logs,file:///workdir/hadoop-ozone/integration-test/target/log,AVAILABLE}
2019-09-20 04:27:49,450 [main] INFO  handler.ContextHandler (ContextHandler.java:doStart(781)) - Started o.e.j.s.ServletContextHandler@935493d{/static,jar:file:/home/user/.m2/repository/org/apache/hadoop/hadoop-hdds-container-service/0.5.0-SNAPSHOT/hadoop-hdds-container-service-0.5.0-SNAPSHOT.jar!/webapps/static,AVAILABLE}
2019-09-20 04:27:49,478 [main] INFO  handler.ContextHandler (ContextHandler.java:doStart(781)) - Started o.e.j.w.WebAppContext@3344d163{/,file:///tmp/jetty-0.0.0.0-44589-hddsDatanode-_-any-5434705609393322474.dir/webapp/,AVAILABLE}{/hddsDatanode}
2019-09-20 04:27:49,479 [main] INFO  server.AbstractConnector (AbstractConnector.java:doStart(278)) - Started ServerConnector@6cc48a17{HTTP/1.1,[http/1.1]}{0.0.0.0:44589}
2019-09-20 04:27:49,479 [main] INFO  server.Server (Server.java:doStart(419)) - Started @592898ms
2019-09-20 04:27:49,480 [main] WARN  impl.MetricsSystemImpl (MetricsSystemImpl.java:register(276)) - Sink prometheus already exists!
2019-09-20 04:27:49,481 [main] INFO  server.BaseHttpServer (BaseHttpServer.java:updateConnectorAddress(215)) - HTTP server of HDDSDATANODE is listening at http://0.0.0.0:44589
2019-09-20 04:27:49,481 [main] INFO  impl.MetricsSystemImpl (MetricsSystemImpl.java:init(158)) - HddsDatanode metrics system started (again)
2019-09-20 04:27:49,485 [org.apache.hadoop.util.JvmPauseMonitor$Monitor@5c1c59a0] INFO  util.JvmPauseMonitor (JvmPauseMonitor.java:run(188)) - Starting JVM pause monitor
2019-09-20 04:27:49,486 [main] INFO  ozone.HddsDatanodeService (HddsDatanodeService.java:start(184)) - HddsDatanodeService host:pr-hdds-2020-f8xxz-1899867831 ip:192.168.36.117
2019-09-20 04:27:49,487 [Datanode State Machine Thread - 0] INFO  datanode.InitDatanodeState (InitDatanodeState.java:persistContainerDatanodeDetails(140)) - DatanodeDetails is persisted to /workdir/hadoop-ozone/integration-test/target/test-dir/MiniOzoneClusterImpl-aafe4fbf-76b3-435f-8185-881063bd6d24/datanode-4/meta/datanode.id
2019-09-20 04:27:49,491 [main] INFO  volume.HddsVolume (HddsVolume.java:<init>(176)) - Creating Volume: /workdir/hadoop-ozone/integration-test/target/test-dir/MiniOzoneClusterImpl-aafe4fbf-76b3-435f-8185-881063bd6d24/datanode-5/data/containers/hdds of  storage type : DISK and capacity : 1482555576320
2019-09-20 04:27:49,491 [main] INFO  volume.VolumeSet (VolumeSet.java:initializeVolumeSet(170)) - Added Volume : /workdir/hadoop-ozone/integration-test/target/test-dir/MiniOzoneClusterImpl-aafe4fbf-76b3-435f-8185-881063bd6d24/datanode-5/data/containers/hdds to VolumeSet
2019-09-20 04:27:49,491 [main] INFO  volume.ThrottledAsyncChecker (ThrottledAsyncChecker.java:schedule(139)) - Scheduling a check for org.apache.hadoop.ozone.container.common.volume.HddsVolume@13f40d71
2019-09-20 04:27:49,492 [main] INFO  volume.HddsVolumeChecker (HddsVolumeChecker.java:checkAllVolumes(202)) - Scheduled health check for volume org.apache.hadoop.ozone.container.common.volume.HddsVolume@13f40d71
2019-09-20 04:27:49,502 [main] INFO  impl.RaftServerProxy (ConfUtils.java:logGet(43)) - raft.rpc.type = GRPC (default)
2019-09-20 04:27:49,502 [main] INFO  grpc.GrpcFactory (GrpcFactory.java:checkPooledByteBufAllocatorUseCacheForAllThreads(45)) - PERFORMANCE WARNING: useCacheForAllThreads is true that may cause Netty to create a lot garbage objects and, as a result, trigger GC.
	It is recommended to disable useCacheForAllThreads by setting -Dorg.apache.ratis.thirdparty.io.netty.allocator.useCacheForAllThreads=false in command line.
2019-09-20 04:27:49,502 [main] INFO  grpc.GrpcConfigKeys$Server (ConfUtils.java:logGet(43)) - raft.grpc.server.port = 0 (default)
2019-09-20 04:27:49,503 [main] INFO  server.GrpcService (ConfUtils.java:logGet(43)) - raft.grpc.message.size.max = 33570816 (custom)
2019-09-20 04:27:49,503 [main] INFO  server.RaftServerConfigKeys (ConfUtils.java:logGet(43)) - raft.server.log.appender.buffer.byte-limit = 33554432 (custom)
2019-09-20 04:27:49,503 [main] INFO  server.GrpcService (ConfUtils.java:logGet(43)) - raft.grpc.flow.control.window = 1MB (=1048576) (default)
2019-09-20 04:27:49,503 [main] INFO  server.RaftServerConfigKeys (ConfUtils.java:logGet(43)) - raft.server.rpc.request.timeout = 3000ms (default)
2019-09-20 04:27:49,503 [main] INFO  server.RaftServerConfigKeys (ConfUtils.java:logGet(43)) - raft.server.storage.dir = [/workdir/hadoop-ozone/integration-test/target/test-dir/MiniOzoneClusterImpl-aafe4fbf-76b3-435f-8185-881063bd6d24/datanode-5/data/ratis] (custom)
2019-09-20 04:27:49,505 [main] INFO  hdfs.DFSUtil (DFSUtil.java:httpServerTemplateForNNAndJN(1641)) - Starting Web-server for hddsDatanode at: http://0.0.0.0:0
2019-09-20 04:27:49,506 [main] INFO  server.AuthenticationFilter (AuthenticationFilter.java:constructSecretProvider(240)) - Unable to initialize FileSignerSecretProvider, falling back to use random secrets.
2019-09-20 04:27:49,506 [main] WARN  http.HttpRequestLog (HttpRequestLog.java:getRequestLog(97)) - Jetty request log can only be enabled using Log4j
2019-09-20 04:27:49,507 [main] INFO  http.HttpServer2 (HttpServer2.java:addGlobalFilter(975)) - Added global filter 'safety' (class=org.apache.hadoop.http.HttpServer2$QuotingInputFilter)
2019-09-20 04:27:49,507 [main] INFO  http.HttpServer2 (HttpServer2.java:addFilter(948)) - Added filter static_user_filter (class=org.apache.hadoop.http.lib.StaticUserWebFilter$StaticUserFilter) to context hddsDatanode
2019-09-20 04:27:49,507 [main] INFO  http.HttpServer2 (HttpServer2.java:addFilter(958)) - Added filter static_user_filter (class=org.apache.hadoop.http.lib.StaticUserWebFilter$StaticUserFilter) to context logs
2019-09-20 04:27:49,508 [main] INFO  http.HttpServer2 (HttpServer2.java:addFilter(958)) - Added filter static_user_filter (class=org.apache.hadoop.http.lib.StaticUserWebFilter$StaticUserFilter) to context static
2019-09-20 04:27:49,508 [main] INFO  http.HttpServer2 (HttpServer2.java:bindListener(1191)) - Jetty bound to port 41833
2019-09-20 04:27:49,508 [main] INFO  server.Server (Server.java:doStart(351)) - jetty-9.3.24.v20180605, build timestamp: 2018-06-05T17:11:56Z, git hash: 84205aa28f11a4f31f2a3b86d1bba2cc8ab69827
2019-09-20 04:27:49,510 [main] INFO  handler.ContextHandler (ContextHandler.java:doStart(781)) - Started o.e.j.s.ServletContextHandler@66713605{/logs,file:///workdir/hadoop-ozone/integration-test/target/log,AVAILABLE}
2019-09-20 04:27:49,510 [main] INFO  handler.ContextHandler (ContextHandler.java:doStart(781)) - Started o.e.j.s.ServletContextHandler@7d50f2a8{/static,jar:file:/home/user/.m2/repository/org/apache/hadoop/hadoop-hdds-container-service/0.5.0-SNAPSHOT/hadoop-hdds-container-service-0.5.0-SNAPSHOT.jar!/webapps/static,AVAILABLE}
2019-09-20 04:27:49,534 [main] INFO  handler.ContextHandler (ContextHandler.java:doStart(781)) - Started o.e.j.w.WebAppContext@9b2dc56{/,file:///tmp/jetty-0.0.0.0-41833-hddsDatanode-_-any-3563768559758650403.dir/webapp/,AVAILABLE}{/hddsDatanode}
2019-09-20 04:27:49,534 [main] INFO  server.AbstractConnector (AbstractConnector.java:doStart(278)) - Started ServerConnector@621f23ac{HTTP/1.1,[http/1.1]}{0.0.0.0:41833}
2019-09-20 04:27:49,535 [main] INFO  server.Server (Server.java:doStart(419)) - Started @592954ms
2019-09-20 04:27:49,535 [main] WARN  impl.MetricsSystemImpl (MetricsSystemImpl.java:register(276)) - Sink prometheus already exists!
2019-09-20 04:27:49,536 [main] INFO  server.BaseHttpServer (BaseHttpServer.java:updateConnectorAddress(215)) - HTTP server of HDDSDATANODE is listening at http://0.0.0.0:41833
2019-09-20 04:27:49,536 [main] INFO  impl.MetricsSystemImpl (MetricsSystemImpl.java:init(158)) - HddsDatanode metrics system started (again)
2019-09-20 04:27:49,541 [org.apache.hadoop.util.JvmPauseMonitor$Monitor@4ebd2c31] INFO  util.JvmPauseMonitor (JvmPauseMonitor.java:run(188)) - Starting JVM pause monitor
2019-09-20 04:27:49,541 [main] INFO  ozone.HddsDatanodeService (HddsDatanodeService.java:start(184)) - HddsDatanodeService host:pr-hdds-2020-f8xxz-1899867831 ip:192.168.36.117
2019-09-20 04:27:49,541 [Datanode State Machine Thread - 0] INFO  datanode.InitDatanodeState (InitDatanodeState.java:persistContainerDatanodeDetails(140)) - DatanodeDetails is persisted to /workdir/hadoop-ozone/integration-test/target/test-dir/MiniOzoneClusterImpl-aafe4fbf-76b3-435f-8185-881063bd6d24/datanode-5/meta/datanode.id
2019-09-20 04:27:49,546 [main] INFO  volume.HddsVolume (HddsVolume.java:<init>(176)) - Creating Volume: /workdir/hadoop-ozone/integration-test/target/test-dir/MiniOzoneClusterImpl-aafe4fbf-76b3-435f-8185-881063bd6d24/datanode-6/data/containers/hdds of  storage type : DISK and capacity : 1482555576320
2019-09-20 04:27:49,546 [main] INFO  volume.VolumeSet (VolumeSet.java:initializeVolumeSet(170)) - Added Volume : /workdir/hadoop-ozone/integration-test/target/test-dir/MiniOzoneClusterImpl-aafe4fbf-76b3-435f-8185-881063bd6d24/datanode-6/data/containers/hdds to VolumeSet
2019-09-20 04:27:49,546 [main] INFO  volume.ThrottledAsyncChecker (ThrottledAsyncChecker.java:schedule(139)) - Scheduling a check for org.apache.hadoop.ozone.container.common.volume.HddsVolume@34009349
2019-09-20 04:27:49,547 [main] INFO  volume.HddsVolumeChecker (HddsVolumeChecker.java:checkAllVolumes(202)) - Scheduled health check for volume org.apache.hadoop.ozone.container.common.volume.HddsVolume@34009349
2019-09-20 04:27:49,557 [main] INFO  impl.RaftServerProxy (ConfUtils.java:logGet(43)) - raft.rpc.type = GRPC (default)
2019-09-20 04:27:49,558 [main] INFO  grpc.GrpcFactory (GrpcFactory.java:checkPooledByteBufAllocatorUseCacheForAllThreads(45)) - PERFORMANCE WARNING: useCacheForAllThreads is true that may cause Netty to create a lot garbage objects and, as a result, trigger GC.
	It is recommended to disable useCacheForAllThreads by setting -Dorg.apache.ratis.thirdparty.io.netty.allocator.useCacheForAllThreads=false in command line.
2019-09-20 04:27:49,558 [main] INFO  grpc.GrpcConfigKeys$Server (ConfUtils.java:logGet(43)) - raft.grpc.server.port = 0 (default)
2019-09-20 04:27:49,559 [main] INFO  server.GrpcService (ConfUtils.java:logGet(43)) - raft.grpc.message.size.max = 33570816 (custom)
2019-09-20 04:27:49,559 [main] INFO  server.RaftServerConfigKeys (ConfUtils.java:logGet(43)) - raft.server.log.appender.buffer.byte-limit = 33554432 (custom)
2019-09-20 04:27:49,559 [main] INFO  server.GrpcService (ConfUtils.java:logGet(43)) - raft.grpc.flow.control.window = 1MB (=1048576) (default)
2019-09-20 04:27:49,559 [main] INFO  server.RaftServerConfigKeys (ConfUtils.java:logGet(43)) - raft.server.rpc.request.timeout = 3000ms (default)
2019-09-20 04:27:49,560 [main] INFO  server.RaftServerConfigKeys (ConfUtils.java:logGet(43)) - raft.server.storage.dir = [/workdir/hadoop-ozone/integration-test/target/test-dir/MiniOzoneClusterImpl-aafe4fbf-76b3-435f-8185-881063bd6d24/datanode-6/data/ratis] (custom)
2019-09-20 04:27:49,561 [main] INFO  hdfs.DFSUtil (DFSUtil.java:httpServerTemplateForNNAndJN(1641)) - Starting Web-server for hddsDatanode at: http://0.0.0.0:0
2019-09-20 04:27:49,561 [main] INFO  server.AuthenticationFilter (AuthenticationFilter.java:constructSecretProvider(240)) - Unable to initialize FileSignerSecretProvider, falling back to use random secrets.
2019-09-20 04:27:49,562 [main] WARN  http.HttpRequestLog (HttpRequestLog.java:getRequestLog(97)) - Jetty request log can only be enabled using Log4j
2019-09-20 04:27:49,563 [main] INFO  http.HttpServer2 (HttpServer2.java:addGlobalFilter(975)) - Added global filter 'safety' (class=org.apache.hadoop.http.HttpServer2$QuotingInputFilter)
2019-09-20 04:27:49,563 [main] INFO  http.HttpServer2 (HttpServer2.java:addFilter(948)) - Added filter static_user_filter (class=org.apache.hadoop.http.lib.StaticUserWebFilter$StaticUserFilter) to context hddsDatanode
2019-09-20 04:27:49,563 [main] INFO  http.HttpServer2 (HttpServer2.java:addFilter(958)) - Added filter static_user_filter (class=org.apache.hadoop.http.lib.StaticUserWebFilter$StaticUserFilter) to context static
2019-09-20 04:27:49,564 [main] INFO  http.HttpServer2 (HttpServer2.java:addFilter(958)) - Added filter static_user_filter (class=org.apache.hadoop.http.lib.StaticUserWebFilter$StaticUserFilter) to context logs
2019-09-20 04:27:49,564 [main] INFO  http.HttpServer2 (HttpServer2.java:bindListener(1191)) - Jetty bound to port 34240
2019-09-20 04:27:49,564 [main] INFO  server.Server (Server.java:doStart(351)) - jetty-9.3.24.v20180605, build timestamp: 2018-06-05T17:11:56Z, git hash: 84205aa28f11a4f31f2a3b86d1bba2cc8ab69827
2019-09-20 04:27:49,566 [main] INFO  handler.ContextHandler (ContextHandler.java:doStart(781)) - Started o.e.j.s.ServletContextHandler@3bbb8c16{/logs,file:///workdir/hadoop-ozone/integration-test/target/log,AVAILABLE}
2019-09-20 04:27:49,566 [main] INFO  handler.ContextHandler (ContextHandler.java:doStart(781)) - Started o.e.j.s.ServletContextHandler@11eec06b{/static,jar:file:/home/user/.m2/repository/org/apache/hadoop/hadoop-hdds-container-service/0.5.0-SNAPSHOT/hadoop-hdds-container-service-0.5.0-SNAPSHOT.jar!/webapps/static,AVAILABLE}
2019-09-20 04:27:49,590 [main] INFO  handler.ContextHandler (ContextHandler.java:doStart(781)) - Started o.e.j.w.WebAppContext@7faa0680{/,file:///tmp/jetty-0.0.0.0-34240-hddsDatanode-_-any-853835773583160167.dir/webapp/,AVAILABLE}{/hddsDatanode}
2019-09-20 04:27:49,590 [main] INFO  server.AbstractConnector (AbstractConnector.java:doStart(278)) - Started ServerConnector@4c635edc{HTTP/1.1,[http/1.1]}{0.0.0.0:34240}
2019-09-20 04:27:49,594 [main] INFO  server.Server (Server.java:doStart(419)) - Started @593013ms
2019-09-20 04:27:49,594 [main] WARN  impl.MetricsSystemImpl (MetricsSystemImpl.java:register(276)) - Sink prometheus already exists!
2019-09-20 04:27:49,595 [main] INFO  server.BaseHttpServer (BaseHttpServer.java:updateConnectorAddress(215)) - HTTP server of HDDSDATANODE is listening at http://0.0.0.0:34240
2019-09-20 04:27:49,595 [main] INFO  ozone.MiniOzoneClusterImpl (MiniOzoneClusterImpl.java:lambda$waitForClusterToBeReady$0(145)) - Waiting for cluster to be ready. Got 0 of 7 DN Heartbeats.
2019-09-20 04:27:49,596 [org.apache.hadoop.util.JvmPauseMonitor$Monitor@1d88e632] INFO  util.JvmPauseMonitor (JvmPauseMonitor.java:run(188)) - Starting JVM pause monitor
2019-09-20 04:27:49,597 [Datanode State Machine Thread - 0] INFO  datanode.InitDatanodeState (InitDatanodeState.java:persistContainerDatanodeDetails(140)) - DatanodeDetails is persisted to /workdir/hadoop-ozone/integration-test/target/test-dir/MiniOzoneClusterImpl-aafe4fbf-76b3-435f-8185-881063bd6d24/datanode-6/meta/datanode.id
2019-09-20 04:27:50,595 [main] INFO  ozone.MiniOzoneClusterImpl (MiniOzoneClusterImpl.java:lambda$waitForClusterToBeReady$0(145)) - Waiting for cluster to be ready. Got 0 of 7 DN Heartbeats.
2019-09-20 04:27:51,217 [Datanode State Machine Thread - 0] INFO  ozoneimpl.OzoneContainer (OzoneContainer.java:start(217)) - Attempting to start container services.
2019-09-20 04:27:51,217 [Datanode State Machine Thread - 0] INFO  ozoneimpl.OzoneContainer (OzoneContainer.java:startContainerScrub(179)) - Background container scanner has been disabled.
2019-09-20 04:27:51,217 [Datanode State Machine Thread - 0] INFO  ratis.XceiverServerRatis (XceiverServerRatis.java:start(411)) - Starting XceiverServerRatis 425133b3-490d-4f01-bfaa-91a0a46f8f04 at port 0
2019-09-20 04:27:51,222 [Datanode State Machine Thread - 0] INFO  impl.RaftServerProxy (RaftServerProxy.java:lambda$start$3(299)) - 425133b3-490d-4f01-bfaa-91a0a46f8f04: start RPC server
2019-09-20 04:27:51,223 [Datanode State Machine Thread - 0] INFO  server.GrpcService (GrpcService.java:startImpl(158)) - 425133b3-490d-4f01-bfaa-91a0a46f8f04: GrpcService started, listening on 0.0.0.0/0.0.0.0:39086
2019-09-20 04:27:51,224 [Datanode State Machine Thread - 0] INFO  ratis.XceiverServerRatis (XceiverServerRatis.java:start(421)) - XceiverServerRatis 425133b3-490d-4f01-bfaa-91a0a46f8f04 is started using port 39086
2019-09-20 04:27:51,224 [Datanode State Machine Thread - 0] INFO  server.XceiverServerGrpc (XceiverServerGrpc.java:start(149)) - XceiverServerGrpc 425133b3-490d-4f01-bfaa-91a0a46f8f04 is started using port 46685
2019-09-20 04:27:51,286 [Datanode State Machine Thread - 0] INFO  ozoneimpl.OzoneContainer (OzoneContainer.java:start(217)) - Attempting to start container services.
2019-09-20 04:27:51,286 [Datanode State Machine Thread - 0] INFO  ozoneimpl.OzoneContainer (OzoneContainer.java:startContainerScrub(179)) - Background container scanner has been disabled.
2019-09-20 04:27:51,286 [Datanode State Machine Thread - 0] INFO  ratis.XceiverServerRatis (XceiverServerRatis.java:start(411)) - Starting XceiverServerRatis e794d2a0-c111-411e-8a54-a665cb3a0d1e at port 0
2019-09-20 04:27:51,292 [Datanode State Machine Thread - 0] INFO  impl.RaftServerProxy (RaftServerProxy.java:lambda$start$3(299)) - e794d2a0-c111-411e-8a54-a665cb3a0d1e: start RPC server
2019-09-20 04:27:51,293 [Datanode State Machine Thread - 0] INFO  server.GrpcService (GrpcService.java:startImpl(158)) - e794d2a0-c111-411e-8a54-a665cb3a0d1e: GrpcService started, listening on 0.0.0.0/0.0.0.0:38064
2019-09-20 04:27:51,293 [Datanode State Machine Thread - 0] INFO  ratis.XceiverServerRatis (XceiverServerRatis.java:start(421)) - XceiverServerRatis e794d2a0-c111-411e-8a54-a665cb3a0d1e is started using port 38064
2019-09-20 04:27:51,295 [Datanode State Machine Thread - 0] INFO  server.XceiverServerGrpc (XceiverServerGrpc.java:start(149)) - XceiverServerGrpc e794d2a0-c111-411e-8a54-a665cb3a0d1e is started using port 44748
2019-09-20 04:27:51,362 [Datanode State Machine Thread - 0] INFO  ozoneimpl.OzoneContainer (OzoneContainer.java:start(217)) - Attempting to start container services.
2019-09-20 04:27:51,362 [Datanode State Machine Thread - 0] INFO  ozoneimpl.OzoneContainer (OzoneContainer.java:startContainerScrub(179)) - Background container scanner has been disabled.
2019-09-20 04:27:51,363 [Datanode State Machine Thread - 0] INFO  ratis.XceiverServerRatis (XceiverServerRatis.java:start(411)) - Starting XceiverServerRatis 57dd0c4b-d993-4460-b414-e8b0694b8fa2 at port 0
2019-09-20 04:27:51,369 [Datanode State Machine Thread - 0] INFO  impl.RaftServerProxy (RaftServerProxy.java:lambda$start$3(299)) - 57dd0c4b-d993-4460-b414-e8b0694b8fa2: start RPC server
2019-09-20 04:27:51,369 [Datanode State Machine Thread - 0] INFO  server.GrpcService (GrpcService.java:startImpl(158)) - 57dd0c4b-d993-4460-b414-e8b0694b8fa2: GrpcService started, listening on 0.0.0.0/0.0.0.0:37320
2019-09-20 04:27:51,369 [Datanode State Machine Thread - 0] INFO  ratis.XceiverServerRatis (XceiverServerRatis.java:start(421)) - XceiverServerRatis 57dd0c4b-d993-4460-b414-e8b0694b8fa2 is started using port 37320
2019-09-20 04:27:51,370 [Datanode State Machine Thread - 0] INFO  server.XceiverServerGrpc (XceiverServerGrpc.java:start(149)) - XceiverServerGrpc 57dd0c4b-d993-4460-b414-e8b0694b8fa2 is started using port 36587
2019-09-20 04:27:51,438 [Datanode State Machine Thread - 0] INFO  ozoneimpl.OzoneContainer (OzoneContainer.java:start(217)) - Attempting to start container services.
2019-09-20 04:27:51,438 [Datanode State Machine Thread - 0] INFO  ozoneimpl.OzoneContainer (OzoneContainer.java:startContainerScrub(179)) - Background container scanner has been disabled.
2019-09-20 04:27:51,439 [Datanode State Machine Thread - 0] INFO  ratis.XceiverServerRatis (XceiverServerRatis.java:start(411)) - Starting XceiverServerRatis 87081697-3feb-4b91-be34-9b4806d832ee at port 0
2019-09-20 04:27:51,444 [Datanode State Machine Thread - 0] INFO  impl.RaftServerProxy (RaftServerProxy.java:lambda$start$3(299)) - 87081697-3feb-4b91-be34-9b4806d832ee: start RPC server
2019-09-20 04:27:51,446 [Datanode State Machine Thread - 0] INFO  server.GrpcService (GrpcService.java:startImpl(158)) - 87081697-3feb-4b91-be34-9b4806d832ee: GrpcService started, listening on 0.0.0.0/0.0.0.0:39713
2019-09-20 04:27:51,447 [Datanode State Machine Thread - 0] INFO  ratis.XceiverServerRatis (XceiverServerRatis.java:start(421)) - XceiverServerRatis 87081697-3feb-4b91-be34-9b4806d832ee is started using port 39713
2019-09-20 04:27:51,447 [Datanode State Machine Thread - 0] INFO  server.XceiverServerGrpc (XceiverServerGrpc.java:start(149)) - XceiverServerGrpc 87081697-3feb-4b91-be34-9b4806d832ee is started using port 40581
2019-09-20 04:27:51,514 [Datanode State Machine Thread - 0] INFO  ozoneimpl.OzoneContainer (OzoneContainer.java:start(217)) - Attempting to start container services.
2019-09-20 04:27:51,514 [Datanode State Machine Thread - 0] INFO  ozoneimpl.OzoneContainer (OzoneContainer.java:startContainerScrub(179)) - Background container scanner has been disabled.
2019-09-20 04:27:51,514 [Datanode State Machine Thread - 0] INFO  ratis.XceiverServerRatis (XceiverServerRatis.java:start(411)) - Starting XceiverServerRatis f3d3ef81-bd10-470c-864d-686e6ffdda49 at port 0
2019-09-20 04:27:51,520 [Datanode State Machine Thread - 0] INFO  impl.RaftServerProxy (RaftServerProxy.java:lambda$start$3(299)) - f3d3ef81-bd10-470c-864d-686e6ffdda49: start RPC server
2019-09-20 04:27:51,521 [Datanode State Machine Thread - 0] INFO  server.GrpcService (GrpcService.java:startImpl(158)) - f3d3ef81-bd10-470c-864d-686e6ffdda49: GrpcService started, listening on 0.0.0.0/0.0.0.0:32824
2019-09-20 04:27:51,521 [Datanode State Machine Thread - 0] INFO  ratis.XceiverServerRatis (XceiverServerRatis.java:start(421)) - XceiverServerRatis f3d3ef81-bd10-470c-864d-686e6ffdda49 is started using port 32824
2019-09-20 04:27:51,523 [Datanode State Machine Thread - 0] INFO  server.XceiverServerGrpc (XceiverServerGrpc.java:start(149)) - XceiverServerGrpc f3d3ef81-bd10-470c-864d-686e6ffdda49 is started using port 33169
2019-09-20 04:27:51,564 [Datanode State Machine Thread - 0] INFO  ozoneimpl.OzoneContainer (OzoneContainer.java:start(217)) - Attempting to start container services.
2019-09-20 04:27:51,564 [Datanode State Machine Thread - 0] INFO  ozoneimpl.OzoneContainer (OzoneContainer.java:startContainerScrub(179)) - Background container scanner has been disabled.
2019-09-20 04:27:51,565 [Datanode State Machine Thread - 0] INFO  ratis.XceiverServerRatis (XceiverServerRatis.java:start(411)) - Starting XceiverServerRatis 5774142b-6609-48be-a0aa-2b86d80616d7 at port 0
2019-09-20 04:27:51,570 [Datanode State Machine Thread - 0] INFO  impl.RaftServerProxy (RaftServerProxy.java:lambda$start$3(299)) - 5774142b-6609-48be-a0aa-2b86d80616d7: start RPC server
2019-09-20 04:27:51,572 [Datanode State Machine Thread - 0] INFO  server.GrpcService (GrpcService.java:startImpl(158)) - 5774142b-6609-48be-a0aa-2b86d80616d7: GrpcService started, listening on 0.0.0.0/0.0.0.0:34201
2019-09-20 04:27:51,572 [Datanode State Machine Thread - 0] INFO  ratis.XceiverServerRatis (XceiverServerRatis.java:start(421)) - XceiverServerRatis 5774142b-6609-48be-a0aa-2b86d80616d7 is started using port 34201
2019-09-20 04:27:51,573 [Datanode State Machine Thread - 0] INFO  server.XceiverServerGrpc (XceiverServerGrpc.java:start(149)) - XceiverServerGrpc 5774142b-6609-48be-a0aa-2b86d80616d7 is started using port 38437
2019-09-20 04:27:51,596 [main] INFO  ozone.MiniOzoneClusterImpl (MiniOzoneClusterImpl.java:lambda$waitForClusterToBeReady$0(145)) - Waiting for cluster to be ready. Got 0 of 7 DN Heartbeats.
2019-09-20 04:27:51,615 [Datanode State Machine Thread - 0] INFO  ozoneimpl.OzoneContainer (OzoneContainer.java:start(217)) - Attempting to start container services.
2019-09-20 04:27:51,615 [Datanode State Machine Thread - 0] INFO  ozoneimpl.OzoneContainer (OzoneContainer.java:startContainerScrub(179)) - Background container scanner has been disabled.
2019-09-20 04:27:51,616 [Datanode State Machine Thread - 0] INFO  ratis.XceiverServerRatis (XceiverServerRatis.java:start(411)) - Starting XceiverServerRatis 0dda74ae-caa3-442c-b885-687993250269 at port 0
2019-09-20 04:27:51,622 [Datanode State Machine Thread - 0] INFO  impl.RaftServerProxy (RaftServerProxy.java:lambda$start$3(299)) - 0dda74ae-caa3-442c-b885-687993250269: start RPC server
2019-09-20 04:27:51,622 [Datanode State Machine Thread - 0] INFO  server.GrpcService (GrpcService.java:startImpl(158)) - 0dda74ae-caa3-442c-b885-687993250269: GrpcService started, listening on 0.0.0.0/0.0.0.0:32864
2019-09-20 04:27:51,622 [Datanode State Machine Thread - 0] INFO  ratis.XceiverServerRatis (XceiverServerRatis.java:start(421)) - XceiverServerRatis 0dda74ae-caa3-442c-b885-687993250269 is started using port 32864
2019-09-20 04:27:51,633 [Datanode State Machine Thread - 0] INFO  server.XceiverServerGrpc (XceiverServerGrpc.java:start(149)) - XceiverServerGrpc 0dda74ae-caa3-442c-b885-687993250269 is started using port 45304
2019-09-20 04:27:52,596 [main] INFO  ozone.MiniOzoneClusterImpl (MiniOzoneClusterImpl.java:lambda$waitForClusterToBeReady$0(145)) - Waiting for cluster to be ready. Got 0 of 7 DN Heartbeats.
2019-09-20 04:27:53,188 [IPC Server handler 4 on 34476] INFO  net.NetworkTopology (NetworkTopologyImpl.java:add(111)) - Added a new node: /default-rack/425133b3-490d-4f01-bfaa-91a0a46f8f04
2019-09-20 04:27:53,192 [IPC Server handler 4 on 34476] INFO  node.SCMNodeManager (SCMNodeManager.java:register(266)) - Registered Data node : 425133b3-490d-4f01-bfaa-91a0a46f8f04{ip: 192.168.36.117, host: pr-hdds-2020-f8xxz-1899867831, networkLocation: /default-rack, certSerialId: null}
2019-09-20 04:27:53,193 [EventQueue-NodeRegistrationContainerReportForDataNodeSafeModeRule] INFO  safemode.SCMSafeModeManager (DataNodeSafeModeRule.java:process(71)) - SCM in safe mode. 1 DataNodes registered, 1 required.
2019-09-20 04:27:53,196 [EventQueue-NodeRegistrationContainerReportForDataNodeSafeModeRule] INFO  safemode.SCMSafeModeManager (SCMSafeModeManager.java:validateSafeModeExitRules(177)) - ScmSafeModeManager, all rules are successfully validated
2019-09-20 04:27:53,196 [EventQueue-NodeRegistrationContainerReportForDataNodeSafeModeRule] INFO  safemode.SCMSafeModeManager (SCMSafeModeManager.java:exitSafeMode(193)) - SCM exiting safe mode.
2019-09-20 04:27:53,206 [grpc-default-executor-5] INFO  impl.RaftServerProxy (RaftServerProxy.java:addNew(89)) - 425133b3-490d-4f01-bfaa-91a0a46f8f04: addNew group-3B204FB62F9D:[425133b3-490d-4f01-bfaa-91a0a46f8f04:192.168.36.117:39086] returns group-3B204FB62F9D:java.util.concurrent.CompletableFuture@79d46eb7[Not completed]
2019-09-20 04:27:53,208 [pool-409-thread-1] INFO  impl.RaftServerImpl (RaftServerImpl.java:<init>(95)) - 425133b3-490d-4f01-bfaa-91a0a46f8f04: new RaftServerImpl for group-3B204FB62F9D:[425133b3-490d-4f01-bfaa-91a0a46f8f04:192.168.36.117:39086] with ContainerStateMachine:uninitialized
2019-09-20 04:27:53,208 [pool-409-thread-1] INFO  server.RaftServerConfigKeys (ConfUtils.java:logGet(43)) - raft.server.rpc.timeout.min = 5s (custom)
2019-09-20 04:27:53,208 [pool-409-thread-1] INFO  server.RaftServerConfigKeys (ConfUtils.java:logGet(43)) - raft.server.rpc.timeout.max = 5200ms (custom)
2019-09-20 04:27:53,208 [pool-409-thread-1] INFO  server.RaftServerConfigKeys (ConfUtils.java:logGet(43)) - raft.server.rpcslowness.timeout = 120s (custom)
2019-09-20 04:27:53,208 [pool-409-thread-1] INFO  server.RaftServerConfigKeys (ConfUtils.java:logGet(43)) - raft.server.sleep.deviation.threshold = 300 (default)
2019-09-20 04:27:53,208 [pool-409-thread-1] INFO  server.RaftServerConfigKeys (ConfUtils.java:logGet(43)) - raft.server.log.appender.install.snapshot.enabled = false (custom)
2019-09-20 04:27:53,209 [pool-409-thread-1] INFO  impl.RaftServerImpl (ServerState.java:<init>(103)) - 425133b3-490d-4f01-bfaa-91a0a46f8f04@group-3B204FB62F9D: ConfigurationManager, init=-1: [425133b3-490d-4f01-bfaa-91a0a46f8f04:192.168.36.117:39086], old=null, confs=<EMPTY_MAP>
2019-09-20 04:27:53,209 [pool-409-thread-1] INFO  server.RaftServerConfigKeys (ConfUtils.java:logGet(43)) - raft.server.storage.dir = [/workdir/hadoop-ozone/integration-test/target/test-dir/MiniOzoneClusterImpl-aafe4fbf-76b3-435f-8185-881063bd6d24/datanode-0/data/ratis] (custom)
2019-09-20 04:27:53,209 [pool-409-thread-1] INFO  storage.RaftStorageDirectory (RaftStorageDirectory.java:analyzeStorage(246)) - The storage directory /workdir/hadoop-ozone/integration-test/target/test-dir/MiniOzoneClusterImpl-aafe4fbf-76b3-435f-8185-881063bd6d24/datanode-0/data/ratis/5576588e-38eb-4a0f-ae33-3b204fb62f9d does not exist. Creating ...
2019-09-20 04:27:53,241 [pool-409-thread-1] INFO  storage.RaftStorageDirectory (RaftStorageDirectory.java:tryLock(328)) - Lock on /workdir/hadoop-ozone/integration-test/target/test-dir/MiniOzoneClusterImpl-aafe4fbf-76b3-435f-8185-881063bd6d24/datanode-0/data/ratis/5576588e-38eb-4a0f-ae33-3b204fb62f9d/in_use.lock acquired by nodename 23567@pr-hdds-2020-f8xxz-1899867831
2019-09-20 04:27:53,259 [IPC Server handler 5 on 34476] INFO  net.NetworkTopology (NetworkTopologyImpl.java:add(111)) - Added a new node: /default-rack/e794d2a0-c111-411e-8a54-a665cb3a0d1e
2019-09-20 04:27:53,260 [IPC Server handler 5 on 34476] INFO  node.SCMNodeManager (SCMNodeManager.java:register(266)) - Registered Data node : e794d2a0-c111-411e-8a54-a665cb3a0d1e{ip: 192.168.36.117, host: pr-hdds-2020-f8xxz-1899867831, networkLocation: /default-rack, certSerialId: null}
2019-09-20 04:27:53,266 [pool-409-thread-1] INFO  storage.RaftStorage (RaftStorage.java:format(72)) - Storage directory /workdir/hadoop-ozone/integration-test/target/test-dir/MiniOzoneClusterImpl-aafe4fbf-76b3-435f-8185-881063bd6d24/datanode-0/data/ratis/5576588e-38eb-4a0f-ae33-3b204fb62f9d has been successfully formatted.
2019-09-20 04:27:53,266 [pool-409-thread-1] INFO  ratis.ContainerStateMachine (ContainerStateMachine.java:loadSnapshot(230)) - group-3B204FB62F9D: The snapshot info is null. Setting the last applied indexto:(t:0, i:~)
2019-09-20 04:27:53,267 [pool-409-thread-1] INFO  server.RaftServerConfigKeys (ConfUtils.java:logGet(43)) - raft.server.notification.no-leader.timeout = 120s (custom)
2019-09-20 04:27:53,267 [pool-409-thread-1] INFO  server.RaftServerConfigKeys (ConfUtils.java:logGet(43)) - raft.server.log.use.memory = false (default)
2019-09-20 04:27:53,267 [pool-409-thread-1] INFO  server.RaftServerConfigKeys (ConfUtils.java:logGet(43)) - raft.server.log.purge.gap = 1000000 (custom)
2019-09-20 04:27:53,267 [pool-409-thread-1] INFO  server.RaftServerConfigKeys (ConfUtils.java:logGet(43)) - raft.server.log.appender.buffer.byte-limit = 33554432 (custom)
2019-09-20 04:27:53,267 [pool-409-thread-1] INFO  server.RaftServerConfigKeys (ConfUtils.java:logGet(43)) - raft.server.log.segment.size.max = 1048576 (custom)
2019-09-20 04:27:53,267 [pool-409-thread-1] INFO  server.RaftServerConfigKeys (ConfUtils.java:logGet(43)) - raft.server.log.segment.cache.num.max = 2 (custom)
2019-09-20 04:27:53,268 [pool-409-thread-1] INFO  segmented.SegmentedRaftLogWorker (SegmentedRaftLogWorker.java:<init>(172)) - new 425133b3-490d-4f01-bfaa-91a0a46f8f04@group-3B204FB62F9D-SegmentedRaftLogWorker for RaftStorage:Storage Directory /workdir/hadoop-ozone/integration-test/target/test-dir/MiniOzoneClusterImpl-aafe4fbf-76b3-435f-8185-881063bd6d24/datanode-0/data/ratis/5576588e-38eb-4a0f-ae33-3b204fb62f9d
2019-09-20 04:27:53,269 [pool-409-thread-1] INFO  server.RaftServerConfigKeys (ConfUtils.java:logGet(43)) - raft.server.log.queue.byte-limit = 2147483647 (custom)
2019-09-20 04:27:53,270 [pool-409-thread-1] INFO  server.RaftServerConfigKeys (ConfUtils.java:logGet(43)) - raft.server.log.queue.element-limit = 1024 (custom)
2019-09-20 04:27:53,270 [pool-409-thread-1] INFO  server.RaftServerConfigKeys (ConfUtils.java:logGet(43)) - raft.server.log.segment.size.max = 1048576 (custom)
2019-09-20 04:27:53,270 [pool-409-thread-1] INFO  server.RaftServerConfigKeys (ConfUtils.java:logGet(43)) - raft.server.log.preallocated.size = 16384 (custom)
2019-09-20 04:27:53,270 [pool-409-thread-1] INFO  server.RaftServerConfigKeys (ConfUtils.java:logGet(43)) - raft.server.log.write.buffer.size = 33554432 (custom)
2019-09-20 04:27:53,270 [pool-409-thread-1] INFO  server.RaftServerConfigKeys (ConfUtils.java:logGet(43)) - raft.server.log.force.sync.num = 128 (default)
2019-09-20 04:27:53,270 [pool-409-thread-1] INFO  server.RaftServerConfigKeys (ConfUtils.java:logGet(43)) - raft.server.log.statemachine.data.sync = true (default)
2019-09-20 04:27:53,271 [pool-409-thread-1] INFO  server.RaftServerConfigKeys (ConfUtils.java:logGet(43)) - raft.server.log.statemachine.data.sync.timeout = 10s (default)
2019-09-20 04:27:53,271 [pool-409-thread-1] INFO  server.RaftServerConfigKeys (ConfUtils.java:logGet(43)) - raft.server.log.statemachine.data.sync.timeout.retry = -1 (default)
2019-09-20 04:27:53,271 [pool-409-thread-1] INFO  server.RaftServerConfigKeys (ConfUtils.java:logGet(43)) - raft.server.log.statemachine.data.caching.enabled = true (custom)
2019-09-20 04:27:53,271 [pool-409-thread-1] INFO  segmented.SegmentedRaftLogWorker (SegmentedRaftLogWorker.java:lambda$new$0(132)) - 425133b3-490d-4f01-bfaa-91a0a46f8f04@group-3B204FB62F9D-SegmentedRaftLogWorker: flushIndex: setUnconditionally 0 -> -1
2019-09-20 04:27:53,272 [pool-409-thread-1] INFO  server.RaftServerConfigKeys (ConfUtils.java:logGet(43)) - raft.server.snapshot.auto.trigger.enabled = true (custom)
2019-09-20 04:27:53,272 [pool-409-thread-1] INFO  server.RaftServerConfigKeys (ConfUtils.java:logGet(43)) - raft.server.snapshot.auto.trigger.threshold = 10000 (custom)
2019-09-20 04:27:53,272 [pool-409-thread-1] INFO  server.RaftServerConfigKeys (ConfUtils.java:logGet(43)) - raft.server.snapshot.retention.num.files = 5 (custom)
2019-09-20 04:27:53,272 [pool-409-thread-1] INFO  server.RaftServerConfigKeys (ConfUtils.java:logGet(43)) - raft.server.retrycache.expirytime = 600000ms (custom)
2019-09-20 04:27:53,274 [pool-409-thread-1] INFO  impl.RaftServerImpl (RaftServerImpl.java:start(185)) - 425133b3-490d-4f01-bfaa-91a0a46f8f04@group-3B204FB62F9D: start as a follower, conf=-1: [425133b3-490d-4f01-bfaa-91a0a46f8f04:192.168.36.117:39086], old=null
2019-09-20 04:27:53,274 [pool-409-thread-1] INFO  impl.RaftServerImpl (RaftServerImpl.java:setRole(174)) - 425133b3-490d-4f01-bfaa-91a0a46f8f04@group-3B204FB62F9D: changes role from      null to FOLLOWER at term 0 for startAsFollower
2019-09-20 04:27:53,274 [pool-409-thread-1] INFO  impl.RoleInfo (RoleInfo.java:updateAndGet(143)) - 425133b3-490d-4f01-bfaa-91a0a46f8f04: start FollowerState
2019-09-20 04:27:53,275 [pool-409-thread-1] INFO  util.JmxRegister (JmxRegister.java:tryRegister(44)) - Successfully registered JMX Bean with object name Ratis:service=RaftServer,group=group-3B204FB62F9D,id=425133b3-490d-4f01-bfaa-91a0a46f8f04
2019-09-20 04:27:53,281 [RatisPipelineUtilsThread] INFO  pipeline.PipelineStateManager (PipelineStateManager.java:addPipeline(56)) - Created pipeline Pipeline[ Id: 5576588e-38eb-4a0f-ae33-3b204fb62f9d, Nodes: 425133b3-490d-4f01-bfaa-91a0a46f8f04{ip: 192.168.36.117, host: pr-hdds-2020-f8xxz-1899867831, networkLocation: /default-rack, certSerialId: null}, Type:RATIS, Factor:ONE, State:OPEN]
2019-09-20 04:27:53,288 [grpc-default-executor-5] INFO  impl.RaftServerProxy (RaftServerProxy.java:addNew(89)) - e794d2a0-c111-411e-8a54-a665cb3a0d1e: addNew group-38F730EA35EB:[e794d2a0-c111-411e-8a54-a665cb3a0d1e:192.168.36.117:38064] returns group-38F730EA35EB:java.util.concurrent.CompletableFuture@bbda853[Not completed]
2019-09-20 04:27:53,290 [pool-419-thread-1] INFO  impl.RaftServerImpl (RaftServerImpl.java:<init>(95)) - e794d2a0-c111-411e-8a54-a665cb3a0d1e: new RaftServerImpl for group-38F730EA35EB:[e794d2a0-c111-411e-8a54-a665cb3a0d1e:192.168.36.117:38064] with ContainerStateMachine:uninitialized
2019-09-20 04:27:53,290 [pool-419-thread-1] INFO  server.RaftServerConfigKeys (ConfUtils.java:logGet(43)) - raft.server.rpc.timeout.min = 5s (custom)
2019-09-20 04:27:53,290 [pool-419-thread-1] INFO  server.RaftServerConfigKeys (ConfUtils.java:logGet(43)) - raft.server.rpc.timeout.max = 5200ms (custom)
2019-09-20 04:27:53,290 [pool-419-thread-1] INFO  server.RaftServerConfigKeys (ConfUtils.java:logGet(43)) - raft.server.rpcslowness.timeout = 120s (custom)
2019-09-20 04:27:53,290 [pool-419-thread-1] INFO  server.RaftServerConfigKeys (ConfUtils.java:logGet(43)) - raft.server.sleep.deviation.threshold = 300 (default)
2019-09-20 04:27:53,290 [pool-419-thread-1] INFO  server.RaftServerConfigKeys (ConfUtils.java:logGet(43)) - raft.server.log.appender.install.snapshot.enabled = false (custom)
2019-09-20 04:27:53,291 [pool-419-thread-1] INFO  impl.RaftServerImpl (ServerState.java:<init>(103)) - e794d2a0-c111-411e-8a54-a665cb3a0d1e@group-38F730EA35EB: ConfigurationManager, init=-1: [e794d2a0-c111-411e-8a54-a665cb3a0d1e:192.168.36.117:38064], old=null, confs=<EMPTY_MAP>
2019-09-20 04:27:53,291 [pool-419-thread-1] INFO  server.RaftServerConfigKeys (ConfUtils.java:logGet(43)) - raft.server.storage.dir = [/workdir/hadoop-ozone/integration-test/target/test-dir/MiniOzoneClusterImpl-aafe4fbf-76b3-435f-8185-881063bd6d24/datanode-1/data/ratis] (custom)
2019-09-20 04:27:53,291 [pool-419-thread-1] INFO  storage.RaftStorageDirectory (RaftStorageDirectory.java:analyzeStorage(246)) - The storage directory /workdir/hadoop-ozone/integration-test/target/test-dir/MiniOzoneClusterImpl-aafe4fbf-76b3-435f-8185-881063bd6d24/datanode-1/data/ratis/22373dee-d433-4740-b537-38f730ea35eb does not exist. Creating ...
2019-09-20 04:27:53,317 [pool-419-thread-1] INFO  storage.RaftStorageDirectory (RaftStorageDirectory.java:tryLock(328)) - Lock on /workdir/hadoop-ozone/integration-test/target/test-dir/MiniOzoneClusterImpl-aafe4fbf-76b3-435f-8185-881063bd6d24/datanode-1/data/ratis/22373dee-d433-4740-b537-38f730ea35eb/in_use.lock acquired by nodename 23567@pr-hdds-2020-f8xxz-1899867831
2019-09-20 04:27:53,334 [pool-419-thread-1] INFO  storage.RaftStorage (RaftStorage.java:format(72)) - Storage directory /workdir/hadoop-ozone/integration-test/target/test-dir/MiniOzoneClusterImpl-aafe4fbf-76b3-435f-8185-881063bd6d24/datanode-1/data/ratis/22373dee-d433-4740-b537-38f730ea35eb has been successfully formatted.
2019-09-20 04:27:53,334 [pool-419-thread-1] INFO  ratis.ContainerStateMachine (ContainerStateMachine.java:loadSnapshot(230)) - group-38F730EA35EB: The snapshot info is null. Setting the last applied indexto:(t:0, i:~)
2019-09-20 04:27:53,334 [pool-419-thread-1] INFO  server.RaftServerConfigKeys (ConfUtils.java:logGet(43)) - raft.server.notification.no-leader.timeout = 120s (custom)
2019-09-20 04:27:53,334 [pool-419-thread-1] INFO  server.RaftServerConfigKeys (ConfUtils.java:logGet(43)) - raft.server.log.use.memory = false (default)
2019-09-20 04:27:53,334 [pool-419-thread-1] INFO  server.RaftServerConfigKeys (ConfUtils.java:logGet(43)) - raft.server.log.purge.gap = 1000000 (custom)
2019-09-20 04:27:53,334 [pool-419-thread-1] INFO  server.RaftServerConfigKeys (ConfUtils.java:logGet(43)) - raft.server.log.appender.buffer.byte-limit = 33554432 (custom)
2019-09-20 04:27:53,335 [pool-419-thread-1] INFO  server.RaftServerConfigKeys (ConfUtils.java:logGet(43)) - raft.server.log.segment.size.max = 1048576 (custom)
2019-09-20 04:27:53,335 [pool-419-thread-1] INFO  server.RaftServerConfigKeys (ConfUtils.java:logGet(43)) - raft.server.log.segment.cache.num.max = 2 (custom)
2019-09-20 04:27:53,335 [pool-419-thread-1] INFO  segmented.SegmentedRaftLogWorker (SegmentedRaftLogWorker.java:<init>(172)) - new e794d2a0-c111-411e-8a54-a665cb3a0d1e@group-38F730EA35EB-SegmentedRaftLogWorker for RaftStorage:Storage Directory /workdir/hadoop-ozone/integration-test/target/test-dir/MiniOzoneClusterImpl-aafe4fbf-76b3-435f-8185-881063bd6d24/datanode-1/data/ratis/22373dee-d433-4740-b537-38f730ea35eb
2019-09-20 04:27:53,336 [pool-419-thread-1] INFO  server.RaftServerConfigKeys (ConfUtils.java:logGet(43)) - raft.server.log.queue.byte-limit = 2147483647 (custom)
2019-09-20 04:27:53,336 [pool-419-thread-1] INFO  server.RaftServerConfigKeys (ConfUtils.java:logGet(43)) - raft.server.log.queue.element-limit = 1024 (custom)
2019-09-20 04:27:53,336 [IPC Server handler 6 on 34476] INFO  net.NetworkTopology (NetworkTopologyImpl.java:add(111)) - Added a new node: /default-rack/57dd0c4b-d993-4460-b414-e8b0694b8fa2
2019-09-20 04:27:53,336 [pool-419-thread-1] INFO  server.RaftServerConfigKeys (ConfUtils.java:logGet(43)) - raft.server.log.segment.size.max = 1048576 (custom)
2019-09-20 04:27:53,336 [IPC Server handler 6 on 34476] INFO  node.SCMNodeManager (SCMNodeManager.java:register(266)) - Registered Data node : 57dd0c4b-d993-4460-b414-e8b0694b8fa2{ip: 192.168.36.117, host: pr-hdds-2020-f8xxz-1899867831, networkLocation: /default-rack, certSerialId: null}
2019-09-20 04:27:53,337 [pool-419-thread-1] INFO  server.RaftServerConfigKeys (ConfUtils.java:logGet(43)) - raft.server.log.preallocated.size = 16384 (custom)
2019-09-20 04:27:53,337 [pool-419-thread-1] INFO  server.RaftServerConfigKeys (ConfUtils.java:logGet(43)) - raft.server.log.write.buffer.size = 33554432 (custom)
2019-09-20 04:27:53,337 [pool-419-thread-1] INFO  server.RaftServerConfigKeys (ConfUtils.java:logGet(43)) - raft.server.log.force.sync.num = 128 (default)
2019-09-20 04:27:53,337 [pool-419-thread-1] INFO  server.RaftServerConfigKeys (ConfUtils.java:logGet(43)) - raft.server.log.statemachine.data.sync = true (default)
2019-09-20 04:27:53,337 [pool-419-thread-1] INFO  server.RaftServerConfigKeys (ConfUtils.java:logGet(43)) - raft.server.log.statemachine.data.sync.timeout = 10s (default)
2019-09-20 04:27:53,337 [pool-419-thread-1] INFO  server.RaftServerConfigKeys (ConfUtils.java:logGet(43)) - raft.server.log.statemachine.data.sync.timeout.retry = -1 (default)
2019-09-20 04:27:53,337 [pool-419-thread-1] INFO  server.RaftServerConfigKeys (ConfUtils.java:logGet(43)) - raft.server.log.statemachine.data.caching.enabled = true (custom)
2019-09-20 04:27:53,338 [pool-419-thread-1] INFO  segmented.SegmentedRaftLogWorker (SegmentedRaftLogWorker.java:lambda$new$0(132)) - e794d2a0-c111-411e-8a54-a665cb3a0d1e@group-38F730EA35EB-SegmentedRaftLogWorker: flushIndex: setUnconditionally 0 -> -1
2019-09-20 04:27:53,338 [pool-419-thread-1] INFO  server.RaftServerConfigKeys (ConfUtils.java:logGet(43)) - raft.server.snapshot.auto.trigger.enabled = true (custom)
2019-09-20 04:27:53,338 [pool-419-thread-1] INFO  server.RaftServerConfigKeys (ConfUtils.java:logGet(43)) - raft.server.snapshot.auto.trigger.threshold = 10000 (custom)
2019-09-20 04:27:53,338 [pool-419-thread-1] INFO  server.RaftServerConfigKeys (ConfUtils.java:logGet(43)) - raft.server.snapshot.retention.num.files = 5 (custom)
2019-09-20 04:27:53,338 [pool-419-thread-1] INFO  server.RaftServerConfigKeys (ConfUtils.java:logGet(43)) - raft.server.retrycache.expirytime = 600000ms (custom)
2019-09-20 04:27:53,339 [pool-419-thread-1] INFO  impl.RaftServerImpl (RaftServerImpl.java:start(185)) - e794d2a0-c111-411e-8a54-a665cb3a0d1e@group-38F730EA35EB: start as a follower, conf=-1: [e794d2a0-c111-411e-8a54-a665cb3a0d1e:192.168.36.117:38064], old=null
2019-09-20 04:27:53,339 [pool-419-thread-1] INFO  impl.RaftServerImpl (RaftServerImpl.java:setRole(174)) - e794d2a0-c111-411e-8a54-a665cb3a0d1e@group-38F730EA35EB: changes role from      null to FOLLOWER at term 0 for startAsFollower
2019-09-20 04:27:53,340 [pool-419-thread-1] INFO  impl.RoleInfo (RoleInfo.java:updateAndGet(143)) - e794d2a0-c111-411e-8a54-a665cb3a0d1e: start FollowerState
2019-09-20 04:27:53,340 [pool-419-thread-1] INFO  util.JmxRegister (JmxRegister.java:tryRegister(44)) - Successfully registered JMX Bean with object name Ratis:service=RaftServer,group=group-38F730EA35EB,id=e794d2a0-c111-411e-8a54-a665cb3a0d1e
2019-09-20 04:27:53,346 [RatisPipelineUtilsThread] INFO  pipeline.PipelineStateManager (PipelineStateManager.java:addPipeline(56)) - Created pipeline Pipeline[ Id: 22373dee-d433-4740-b537-38f730ea35eb, Nodes: e794d2a0-c111-411e-8a54-a665cb3a0d1e{ip: 192.168.36.117, host: pr-hdds-2020-f8xxz-1899867831, networkLocation: /default-rack, certSerialId: null}, Type:RATIS, Factor:ONE, State:OPEN]
2019-09-20 04:27:53,352 [grpc-default-executor-5] INFO  impl.RaftServerProxy (RaftServerProxy.java:addNew(89)) - 57dd0c4b-d993-4460-b414-e8b0694b8fa2: addNew group-D64DB647751A:[57dd0c4b-d993-4460-b414-e8b0694b8fa2:192.168.36.117:37320] returns group-D64DB647751A:java.util.concurrent.CompletableFuture@137834ff[Not completed]
2019-09-20 04:27:53,353 [pool-429-thread-1] INFO  impl.RaftServerImpl (RaftServerImpl.java:<init>(95)) - 57dd0c4b-d993-4460-b414-e8b0694b8fa2: new RaftServerImpl for group-D64DB647751A:[57dd0c4b-d993-4460-b414-e8b0694b8fa2:192.168.36.117:37320] with ContainerStateMachine:uninitialized
2019-09-20 04:27:53,353 [pool-429-thread-1] INFO  server.RaftServerConfigKeys (ConfUtils.java:logGet(43)) - raft.server.rpc.timeout.min = 5s (custom)
2019-09-20 04:27:53,354 [pool-429-thread-1] INFO  server.RaftServerConfigKeys (ConfUtils.java:logGet(43)) - raft.server.rpc.timeout.max = 5200ms (custom)
2019-09-20 04:27:53,354 [pool-429-thread-1] INFO  server.RaftServerConfigKeys (ConfUtils.java:logGet(43)) - raft.server.rpcslowness.timeout = 120s (custom)
2019-09-20 04:27:53,354 [pool-429-thread-1] INFO  server.RaftServerConfigKeys (ConfUtils.java:logGet(43)) - raft.server.sleep.deviation.threshold = 300 (default)
2019-09-20 04:27:53,354 [pool-429-thread-1] INFO  server.RaftServerConfigKeys (ConfUtils.java:logGet(43)) - raft.server.log.appender.install.snapshot.enabled = false (custom)
2019-09-20 04:27:53,354 [pool-429-thread-1] INFO  impl.RaftServerImpl (ServerState.java:<init>(103)) - 57dd0c4b-d993-4460-b414-e8b0694b8fa2@group-D64DB647751A: ConfigurationManager, init=-1: [57dd0c4b-d993-4460-b414-e8b0694b8fa2:192.168.36.117:37320], old=null, confs=<EMPTY_MAP>
2019-09-20 04:27:53,354 [pool-429-thread-1] INFO  server.RaftServerConfigKeys (ConfUtils.java:logGet(43)) - raft.server.storage.dir = [/workdir/hadoop-ozone/integration-test/target/test-dir/MiniOzoneClusterImpl-aafe4fbf-76b3-435f-8185-881063bd6d24/datanode-2/data/ratis] (custom)
2019-09-20 04:27:53,355 [pool-429-thread-1] INFO  storage.RaftStorageDirectory (RaftStorageDirectory.java:analyzeStorage(246)) - The storage directory /workdir/hadoop-ozone/integration-test/target/test-dir/MiniOzoneClusterImpl-aafe4fbf-76b3-435f-8185-881063bd6d24/datanode-2/data/ratis/221a7321-9d06-46c8-bc94-d64db647751a does not exist. Creating ...
2019-09-20 04:27:53,378 [pool-429-thread-1] INFO  storage.RaftStorageDirectory (RaftStorageDirectory.java:tryLock(328)) - Lock on /workdir/hadoop-ozone/integration-test/target/test-dir/MiniOzoneClusterImpl-aafe4fbf-76b3-435f-8185-881063bd6d24/datanode-2/data/ratis/221a7321-9d06-46c8-bc94-d64db647751a/in_use.lock acquired by nodename 23567@pr-hdds-2020-f8xxz-1899867831
2019-09-20 04:27:53,403 [pool-429-thread-1] INFO  storage.RaftStorage (RaftStorage.java:format(72)) - Storage directory /workdir/hadoop-ozone/integration-test/target/test-dir/MiniOzoneClusterImpl-aafe4fbf-76b3-435f-8185-881063bd6d24/datanode-2/data/ratis/221a7321-9d06-46c8-bc94-d64db647751a has been successfully formatted.
2019-09-20 04:27:53,403 [pool-429-thread-1] INFO  ratis.ContainerStateMachine (ContainerStateMachine.java:loadSnapshot(230)) - group-D64DB647751A: The snapshot info is null. Setting the last applied indexto:(t:0, i:~)
2019-09-20 04:27:53,403 [pool-429-thread-1] INFO  server.RaftServerConfigKeys (ConfUtils.java:logGet(43)) - raft.server.notification.no-leader.timeout = 120s (custom)
2019-09-20 04:27:53,403 [pool-429-thread-1] INFO  server.RaftServerConfigKeys (ConfUtils.java:logGet(43)) - raft.server.log.use.memory = false (default)
2019-09-20 04:27:53,404 [pool-429-thread-1] INFO  server.RaftServerConfigKeys (ConfUtils.java:logGet(43)) - raft.server.log.purge.gap = 1000000 (custom)
2019-09-20 04:27:53,404 [pool-429-thread-1] INFO  server.RaftServerConfigKeys (ConfUtils.java:logGet(43)) - raft.server.log.appender.buffer.byte-limit = 33554432 (custom)
2019-09-20 04:27:53,404 [pool-429-thread-1] INFO  server.RaftServerConfigKeys (ConfUtils.java:logGet(43)) - raft.server.log.segment.size.max = 1048576 (custom)
2019-09-20 04:27:53,404 [pool-429-thread-1] INFO  server.RaftServerConfigKeys (ConfUtils.java:logGet(43)) - raft.server.log.segment.cache.num.max = 2 (custom)
2019-09-20 04:27:53,404 [pool-429-thread-1] INFO  segmented.SegmentedRaftLogWorker (SegmentedRaftLogWorker.java:<init>(172)) - new 57dd0c4b-d993-4460-b414-e8b0694b8fa2@group-D64DB647751A-SegmentedRaftLogWorker for RaftStorage:Storage Directory /workdir/hadoop-ozone/integration-test/target/test-dir/MiniOzoneClusterImpl-aafe4fbf-76b3-435f-8185-881063bd6d24/datanode-2/data/ratis/221a7321-9d06-46c8-bc94-d64db647751a
2019-09-20 04:27:53,406 [pool-429-thread-1] INFO  server.RaftServerConfigKeys (ConfUtils.java:logGet(43)) - raft.server.log.queue.byte-limit = 2147483647 (custom)
2019-09-20 04:27:53,406 [pool-429-thread-1] INFO  server.RaftServerConfigKeys (ConfUtils.java:logGet(43)) - raft.server.log.queue.element-limit = 1024 (custom)
2019-09-20 04:27:53,406 [pool-429-thread-1] INFO  server.RaftServerConfigKeys (ConfUtils.java:logGet(43)) - raft.server.log.segment.size.max = 1048576 (custom)
2019-09-20 04:27:53,406 [pool-429-thread-1] INFO  server.RaftServerConfigKeys (ConfUtils.java:logGet(43)) - raft.server.log.preallocated.size = 16384 (custom)
2019-09-20 04:27:53,406 [pool-429-thread-1] INFO  server.RaftServerConfigKeys (ConfUtils.java:logGet(43)) - raft.server.log.write.buffer.size = 33554432 (custom)
2019-09-20 04:27:53,406 [pool-429-thread-1] INFO  server.RaftServerConfigKeys (ConfUtils.java:logGet(43)) - raft.server.log.force.sync.num = 128 (default)
2019-09-20 04:27:53,406 [pool-429-thread-1] INFO  server.RaftServerConfigKeys (ConfUtils.java:logGet(43)) - raft.server.log.statemachine.data.sync = true (default)
2019-09-20 04:27:53,407 [pool-429-thread-1] INFO  server.RaftServerConfigKeys (ConfUtils.java:logGet(43)) - raft.server.log.statemachine.data.sync.timeout = 10s (default)
2019-09-20 04:27:53,407 [pool-429-thread-1] INFO  server.RaftServerConfigKeys (ConfUtils.java:logGet(43)) - raft.server.log.statemachine.data.sync.timeout.retry = -1 (default)
2019-09-20 04:27:53,407 [pool-429-thread-1] INFO  server.RaftServerConfigKeys (ConfUtils.java:logGet(43)) - raft.server.log.statemachine.data.caching.enabled = true (custom)
2019-09-20 04:27:53,407 [pool-429-thread-1] INFO  segmented.SegmentedRaftLogWorker (SegmentedRaftLogWorker.java:lambda$new$0(132)) - 57dd0c4b-d993-4460-b414-e8b0694b8fa2@group-D64DB647751A-SegmentedRaftLogWorker: flushIndex: setUnconditionally 0 -> -1
2019-09-20 04:27:53,407 [pool-429-thread-1] INFO  server.RaftServerConfigKeys (ConfUtils.java:logGet(43)) - raft.server.snapshot.auto.trigger.enabled = true (custom)
2019-09-20 04:27:53,407 [pool-429-thread-1] INFO  server.RaftServerConfigKeys (ConfUtils.java:logGet(43)) - raft.server.snapshot.auto.trigger.threshold = 10000 (custom)
2019-09-20 04:27:53,408 [pool-429-thread-1] INFO  server.RaftServerConfigKeys (ConfUtils.java:logGet(43)) - raft.server.snapshot.retention.num.files = 5 (custom)
2019-09-20 04:27:53,408 [pool-429-thread-1] INFO  server.RaftServerConfigKeys (ConfUtils.java:logGet(43)) - raft.server.retrycache.expirytime = 600000ms (custom)
2019-09-20 04:27:53,409 [pool-429-thread-1] INFO  impl.RaftServerImpl (RaftServerImpl.java:start(185)) - 57dd0c4b-d993-4460-b414-e8b0694b8fa2@group-D64DB647751A: start as a follower, conf=-1: [57dd0c4b-d993-4460-b414-e8b0694b8fa2:192.168.36.117:37320], old=null
2019-09-20 04:27:53,409 [pool-429-thread-1] INFO  impl.RaftServerImpl (RaftServerImpl.java:setRole(174)) - 57dd0c4b-d993-4460-b414-e8b0694b8fa2@group-D64DB647751A: changes role from      null to FOLLOWER at term 0 for startAsFollower
2019-09-20 04:27:53,410 [pool-429-thread-1] INFO  impl.RoleInfo (RoleInfo.java:updateAndGet(143)) - 57dd0c4b-d993-4460-b414-e8b0694b8fa2: start FollowerState
2019-09-20 04:27:53,410 [IPC Server handler 3 on 34476] INFO  net.NetworkTopology (NetworkTopologyImpl.java:add(111)) - Added a new node: /default-rack/87081697-3feb-4b91-be34-9b4806d832ee
2019-09-20 04:27:53,410 [IPC Server handler 3 on 34476] INFO  node.SCMNodeManager (SCMNodeManager.java:register(266)) - Registered Data node : 87081697-3feb-4b91-be34-9b4806d832ee{ip: 192.168.36.117, host: pr-hdds-2020-f8xxz-1899867831, networkLocation: /default-rack, certSerialId: null}
2019-09-20 04:27:53,410 [pool-429-thread-1] INFO  util.JmxRegister (JmxRegister.java:tryRegister(44)) - Successfully registered JMX Bean with object name Ratis:service=RaftServer,group=group-D64DB647751A,id=57dd0c4b-d993-4460-b414-e8b0694b8fa2
2019-09-20 04:27:53,415 [RatisPipelineUtilsThread] INFO  pipeline.PipelineStateManager (PipelineStateManager.java:addPipeline(56)) - Created pipeline Pipeline[ Id: 221a7321-9d06-46c8-bc94-d64db647751a, Nodes: 57dd0c4b-d993-4460-b414-e8b0694b8fa2{ip: 192.168.36.117, host: pr-hdds-2020-f8xxz-1899867831, networkLocation: /default-rack, certSerialId: null}, Type:RATIS, Factor:ONE, State:OPEN]
2019-09-20 04:27:53,421 [grpc-default-executor-5] INFO  impl.RaftServerProxy (RaftServerProxy.java:addNew(89)) - 87081697-3feb-4b91-be34-9b4806d832ee: addNew group-6C1F2B8FA350:[87081697-3feb-4b91-be34-9b4806d832ee:192.168.36.117:39713] returns group-6C1F2B8FA350:java.util.concurrent.CompletableFuture@b01459e[Not completed]
2019-09-20 04:27:53,423 [pool-439-thread-1] INFO  impl.RaftServerImpl (RaftServerImpl.java:<init>(95)) - 87081697-3feb-4b91-be34-9b4806d832ee: new RaftServerImpl for group-6C1F2B8FA350:[87081697-3feb-4b91-be34-9b4806d832ee:192.168.36.117:39713] with ContainerStateMachine:uninitialized
2019-09-20 04:27:53,423 [pool-439-thread-1] INFO  server.RaftServerConfigKeys (ConfUtils.java:logGet(43)) - raft.server.rpc.timeout.min = 5s (custom)
2019-09-20 04:27:53,423 [pool-439-thread-1] INFO  server.RaftServerConfigKeys (ConfUtils.java:logGet(43)) - raft.server.rpc.timeout.max = 5200ms (custom)
2019-09-20 04:27:53,423 [pool-439-thread-1] INFO  server.RaftServerConfigKeys (ConfUtils.java:logGet(43)) - raft.server.rpcslowness.timeout = 120s (custom)
2019-09-20 04:27:53,423 [pool-439-thread-1] INFO  server.RaftServerConfigKeys (ConfUtils.java:logGet(43)) - raft.server.sleep.deviation.threshold = 300 (default)
2019-09-20 04:27:53,423 [pool-439-thread-1] INFO  server.RaftServerConfigKeys (ConfUtils.java:logGet(43)) - raft.server.log.appender.install.snapshot.enabled = false (custom)
2019-09-20 04:27:53,423 [pool-439-thread-1] INFO  impl.RaftServerImpl (ServerState.java:<init>(103)) - 87081697-3feb-4b91-be34-9b4806d832ee@group-6C1F2B8FA350: ConfigurationManager, init=-1: [87081697-3feb-4b91-be34-9b4806d832ee:192.168.36.117:39713], old=null, confs=<EMPTY_MAP>
2019-09-20 04:27:53,424 [pool-439-thread-1] INFO  server.RaftServerConfigKeys (ConfUtils.java:logGet(43)) - raft.server.storage.dir = [/workdir/hadoop-ozone/integration-test/target/test-dir/MiniOzoneClusterImpl-aafe4fbf-76b3-435f-8185-881063bd6d24/datanode-3/data/ratis] (custom)
2019-09-20 04:27:53,424 [pool-439-thread-1] INFO  storage.RaftStorageDirectory (RaftStorageDirectory.java:analyzeStorage(246)) - The storage directory /workdir/hadoop-ozone/integration-test/target/test-dir/MiniOzoneClusterImpl-aafe4fbf-76b3-435f-8185-881063bd6d24/datanode-3/data/ratis/d445642b-5d4b-4f2d-9c43-6c1f2b8fa350 does not exist. Creating ...
2019-09-20 04:27:53,470 [pool-439-thread-1] INFO  storage.RaftStorageDirectory (RaftStorageDirectory.java:tryLock(328)) - Lock on /workdir/hadoop-ozone/integration-test/target/test-dir/MiniOzoneClusterImpl-aafe4fbf-76b3-435f-8185-881063bd6d24/datanode-3/data/ratis/d445642b-5d4b-4f2d-9c43-6c1f2b8fa350/in_use.lock acquired by nodename 23567@pr-hdds-2020-f8xxz-1899867831
2019-09-20 04:27:53,485 [IPC Server handler 2 on 34476] INFO  net.NetworkTopology (NetworkTopologyImpl.java:add(111)) - Added a new node: /default-rack/f3d3ef81-bd10-470c-864d-686e6ffdda49
2019-09-20 04:27:53,486 [IPC Server handler 2 on 34476] INFO  node.SCMNodeManager (SCMNodeManager.java:register(266)) - Registered Data node : f3d3ef81-bd10-470c-864d-686e6ffdda49{ip: 192.168.36.117, host: pr-hdds-2020-f8xxz-1899867831, networkLocation: /default-rack, certSerialId: null}
2019-09-20 04:27:53,496 [pool-439-thread-1] INFO  storage.RaftStorage (RaftStorage.java:format(72)) - Storage directory /workdir/hadoop-ozone/integration-test/target/test-dir/MiniOzoneClusterImpl-aafe4fbf-76b3-435f-8185-881063bd6d24/datanode-3/data/ratis/d445642b-5d4b-4f2d-9c43-6c1f2b8fa350 has been successfully formatted.
2019-09-20 04:27:53,496 [pool-439-thread-1] INFO  ratis.ContainerStateMachine (ContainerStateMachine.java:loadSnapshot(230)) - group-6C1F2B8FA350: The snapshot info is null. Setting the last applied indexto:(t:0, i:~)
2019-09-20 04:27:53,496 [pool-439-thread-1] INFO  server.RaftServerConfigKeys (ConfUtils.java:logGet(43)) - raft.server.notification.no-leader.timeout = 120s (custom)
2019-09-20 04:27:53,496 [pool-439-thread-1] INFO  server.RaftServerConfigKeys (ConfUtils.java:logGet(43)) - raft.server.log.use.memory = false (default)
2019-09-20 04:27:53,497 [pool-439-thread-1] INFO  server.RaftServerConfigKeys (ConfUtils.java:logGet(43)) - raft.server.log.purge.gap = 1000000 (custom)
2019-09-20 04:27:53,497 [pool-439-thread-1] INFO  server.RaftServerConfigKeys (ConfUtils.java:logGet(43)) - raft.server.log.appender.buffer.byte-limit = 33554432 (custom)
2019-09-20 04:27:53,497 [pool-439-thread-1] INFO  server.RaftServerConfigKeys (ConfUtils.java:logGet(43)) - raft.server.log.segment.size.max = 1048576 (custom)
2019-09-20 04:27:53,497 [pool-439-thread-1] INFO  server.RaftServerConfigKeys (ConfUtils.java:logGet(43)) - raft.server.log.segment.cache.num.max = 2 (custom)
2019-09-20 04:27:53,498 [pool-439-thread-1] INFO  segmented.SegmentedRaftLogWorker (SegmentedRaftLogWorker.java:<init>(172)) - new 87081697-3feb-4b91-be34-9b4806d832ee@group-6C1F2B8FA350-SegmentedRaftLogWorker for RaftStorage:Storage Directory /workdir/hadoop-ozone/integration-test/target/test-dir/MiniOzoneClusterImpl-aafe4fbf-76b3-435f-8185-881063bd6d24/datanode-3/data/ratis/d445642b-5d4b-4f2d-9c43-6c1f2b8fa350
2019-09-20 04:27:53,500 [pool-439-thread-1] INFO  server.RaftServerConfigKeys (ConfUtils.java:logGet(43)) - raft.server.log.queue.byte-limit = 2147483647 (custom)
2019-09-20 04:27:53,501 [pool-439-thread-1] INFO  server.RaftServerConfigKeys (ConfUtils.java:logGet(43)) - raft.server.log.queue.element-limit = 1024 (custom)
2019-09-20 04:27:53,501 [pool-439-thread-1] INFO  server.RaftServerConfigKeys (ConfUtils.java:logGet(43)) - raft.server.log.segment.size.max = 1048576 (custom)
2019-09-20 04:27:53,501 [pool-439-thread-1] INFO  server.RaftServerConfigKeys (ConfUtils.java:logGet(43)) - raft.server.log.preallocated.size = 16384 (custom)
2019-09-20 04:27:53,501 [pool-439-thread-1] INFO  server.RaftServerConfigKeys (ConfUtils.java:logGet(43)) - raft.server.log.write.buffer.size = 33554432 (custom)
2019-09-20 04:27:53,501 [pool-439-thread-1] INFO  server.RaftServerConfigKeys (ConfUtils.java:logGet(43)) - raft.server.log.force.sync.num = 128 (default)
2019-09-20 04:27:53,502 [pool-439-thread-1] INFO  server.RaftServerConfigKeys (ConfUtils.java:logGet(43)) - raft.server.log.statemachine.data.sync = true (default)
2019-09-20 04:27:53,502 [pool-439-thread-1] INFO  server.RaftServerConfigKeys (ConfUtils.java:logGet(43)) - raft.server.log.statemachine.data.sync.timeout = 10s (default)
2019-09-20 04:27:53,502 [pool-439-thread-1] INFO  server.RaftServerConfigKeys (ConfUtils.java:logGet(43)) - raft.server.log.statemachine.data.sync.timeout.retry = -1 (default)
2019-09-20 04:27:53,502 [pool-439-thread-1] INFO  server.RaftServerConfigKeys (ConfUtils.java:logGet(43)) - raft.server.log.statemachine.data.caching.enabled = true (custom)
2019-09-20 04:27:53,503 [pool-439-thread-1] INFO  segmented.SegmentedRaftLogWorker (SegmentedRaftLogWorker.java:lambda$new$0(132)) - 87081697-3feb-4b91-be34-9b4806d832ee@group-6C1F2B8FA350-SegmentedRaftLogWorker: flushIndex: setUnconditionally 0 -> -1
2019-09-20 04:27:53,503 [pool-439-thread-1] INFO  server.RaftServerConfigKeys (ConfUtils.java:logGet(43)) - raft.server.snapshot.auto.trigger.enabled = true (custom)
2019-09-20 04:27:53,503 [pool-439-thread-1] INFO  server.RaftServerConfigKeys (ConfUtils.java:logGet(43)) - raft.server.snapshot.auto.trigger.threshold = 10000 (custom)
2019-09-20 04:27:53,503 [pool-439-thread-1] INFO  server.RaftServerConfigKeys (ConfUtils.java:logGet(43)) - raft.server.snapshot.retention.num.files = 5 (custom)
2019-09-20 04:27:53,503 [pool-439-thread-1] INFO  server.RaftServerConfigKeys (ConfUtils.java:logGet(43)) - raft.server.retrycache.expirytime = 600000ms (custom)
2019-09-20 04:27:53,506 [pool-439-thread-1] INFO  impl.RaftServerImpl (RaftServerImpl.java:start(185)) - 87081697-3feb-4b91-be34-9b4806d832ee@group-6C1F2B8FA350: start as a follower, conf=-1: [87081697-3feb-4b91-be34-9b4806d832ee:192.168.36.117:39713], old=null
2019-09-20 04:27:53,507 [pool-439-thread-1] INFO  impl.RaftServerImpl (RaftServerImpl.java:setRole(174)) - 87081697-3feb-4b91-be34-9b4806d832ee@group-6C1F2B8FA350: changes role from      null to FOLLOWER at term 0 for startAsFollower
2019-09-20 04:27:53,507 [pool-439-thread-1] INFO  impl.RoleInfo (RoleInfo.java:updateAndGet(143)) - 87081697-3feb-4b91-be34-9b4806d832ee: start FollowerState
2019-09-20 04:27:53,527 [pool-439-thread-1] INFO  util.JmxRegister (JmxRegister.java:tryRegister(44)) - Successfully registered JMX Bean with object name Ratis:service=RaftServer,group=group-6C1F2B8FA350,id=87081697-3feb-4b91-be34-9b4806d832ee
2019-09-20 04:27:53,540 [RatisPipelineUtilsThread] INFO  pipeline.PipelineStateManager (PipelineStateManager.java:addPipeline(56)) - Created pipeline Pipeline[ Id: d445642b-5d4b-4f2d-9c43-6c1f2b8fa350, Nodes: 87081697-3feb-4b91-be34-9b4806d832ee{ip: 192.168.36.117, host: pr-hdds-2020-f8xxz-1899867831, networkLocation: /default-rack, certSerialId: null}, Type:RATIS, Factor:ONE, State:OPEN]
2019-09-20 04:27:53,549 [IPC Server handler 0 on 34476] INFO  net.NetworkTopology (NetworkTopologyImpl.java:add(111)) - Added a new node: /default-rack/5774142b-6609-48be-a0aa-2b86d80616d7
2019-09-20 04:27:53,550 [IPC Server handler 0 on 34476] INFO  node.SCMNodeManager (SCMNodeManager.java:register(266)) - Registered Data node : 5774142b-6609-48be-a0aa-2b86d80616d7{ip: 192.168.36.117, host: pr-hdds-2020-f8xxz-1899867831, networkLocation: /default-rack, certSerialId: null}
2019-09-20 04:27:53,553 [grpc-default-executor-5] INFO  impl.RaftServerProxy (RaftServerProxy.java:addNew(89)) - f3d3ef81-bd10-470c-864d-686e6ffdda49: addNew group-E9C90B9A1FE0:[f3d3ef81-bd10-470c-864d-686e6ffdda49:192.168.36.117:32824] returns group-E9C90B9A1FE0:java.util.concurrent.CompletableFuture@24c2cf3c[Not completed]
2019-09-20 04:27:53,555 [pool-449-thread-1] INFO  impl.RaftServerImpl (RaftServerImpl.java:<init>(95)) - f3d3ef81-bd10-470c-864d-686e6ffdda49: new RaftServerImpl for group-E9C90B9A1FE0:[f3d3ef81-bd10-470c-864d-686e6ffdda49:192.168.36.117:32824] with ContainerStateMachine:uninitialized
2019-09-20 04:27:53,555 [pool-449-thread-1] INFO  server.RaftServerConfigKeys (ConfUtils.java:logGet(43)) - raft.server.rpc.timeout.min = 5s (custom)
2019-09-20 04:27:53,555 [pool-449-thread-1] INFO  server.RaftServerConfigKeys (ConfUtils.java:logGet(43)) - raft.server.rpc.timeout.max = 5200ms (custom)
2019-09-20 04:27:53,555 [pool-449-thread-1] INFO  server.RaftServerConfigKeys (ConfUtils.java:logGet(43)) - raft.server.rpcslowness.timeout = 120s (custom)
2019-09-20 04:27:53,555 [pool-449-thread-1] INFO  server.RaftServerConfigKeys (ConfUtils.java:logGet(43)) - raft.server.sleep.deviation.threshold = 300 (default)
2019-09-20 04:27:53,555 [pool-449-thread-1] INFO  server.RaftServerConfigKeys (ConfUtils.java:logGet(43)) - raft.server.log.appender.install.snapshot.enabled = false (custom)
2019-09-20 04:27:53,556 [pool-449-thread-1] INFO  impl.RaftServerImpl (ServerState.java:<init>(103)) - f3d3ef81-bd10-470c-864d-686e6ffdda49@group-E9C90B9A1FE0: ConfigurationManager, init=-1: [f3d3ef81-bd10-470c-864d-686e6ffdda49:192.168.36.117:32824], old=null, confs=<EMPTY_MAP>
2019-09-20 04:27:53,556 [pool-449-thread-1] INFO  server.RaftServerConfigKeys (ConfUtils.java:logGet(43)) - raft.server.storage.dir = [/workdir/hadoop-ozone/integration-test/target/test-dir/MiniOzoneClusterImpl-aafe4fbf-76b3-435f-8185-881063bd6d24/datanode-4/data/ratis] (custom)
2019-09-20 04:27:53,556 [pool-449-thread-1] INFO  storage.RaftStorageDirectory (RaftStorageDirectory.java:analyzeStorage(246)) - The storage directory /workdir/hadoop-ozone/integration-test/target/test-dir/MiniOzoneClusterImpl-aafe4fbf-76b3-435f-8185-881063bd6d24/datanode-4/data/ratis/609d3fcb-9c38-4248-b6ed-e9c90b9a1fe0 does not exist. Creating ...
2019-09-20 04:27:53,580 [pool-449-thread-1] INFO  storage.RaftStorageDirectory (RaftStorageDirectory.java:tryLock(328)) - Lock on /workdir/hadoop-ozone/integration-test/target/test-dir/MiniOzoneClusterImpl-aafe4fbf-76b3-435f-8185-881063bd6d24/datanode-4/data/ratis/609d3fcb-9c38-4248-b6ed-e9c90b9a1fe0/in_use.lock acquired by nodename 23567@pr-hdds-2020-f8xxz-1899867831
2019-09-20 04:27:53,597 [main] INFO  ozone.MiniOzoneClusterImpl (MiniOzoneClusterImpl.java:lambda$waitForClusterToBeReady$0(145)) - Waiting for cluster to be ready. Got 6 of 7 DN Heartbeats.
2019-09-20 04:27:53,597 [IPC Server handler 4 on 34476] INFO  net.NetworkTopology (NetworkTopologyImpl.java:add(111)) - Added a new node: /default-rack/0dda74ae-caa3-442c-b885-687993250269
2019-09-20 04:27:53,597 [IPC Server handler 4 on 34476] INFO  node.SCMNodeManager (SCMNodeManager.java:register(266)) - Registered Data node : 0dda74ae-caa3-442c-b885-687993250269{ip: 192.168.36.117, host: pr-hdds-2020-f8xxz-1899867831, networkLocation: /default-rack, certSerialId: null}
2019-09-20 04:27:53,598 [pool-449-thread-1] INFO  storage.RaftStorage (RaftStorage.java:format(72)) - Storage directory /workdir/hadoop-ozone/integration-test/target/test-dir/MiniOzoneClusterImpl-aafe4fbf-76b3-435f-8185-881063bd6d24/datanode-4/data/ratis/609d3fcb-9c38-4248-b6ed-e9c90b9a1fe0 has been successfully formatted.
2019-09-20 04:27:53,598 [pool-449-thread-1] INFO  ratis.ContainerStateMachine (ContainerStateMachine.java:loadSnapshot(230)) - group-E9C90B9A1FE0: The snapshot info is null. Setting the last applied indexto:(t:0, i:~)
2019-09-20 04:27:53,599 [pool-449-thread-1] INFO  server.RaftServerConfigKeys (ConfUtils.java:logGet(43)) - raft.server.notification.no-leader.timeout = 120s (custom)
2019-09-20 04:27:53,599 [pool-449-thread-1] INFO  server.RaftServerConfigKeys (ConfUtils.java:logGet(43)) - raft.server.log.use.memory = false (default)
2019-09-20 04:27:53,599 [pool-449-thread-1] INFO  server.RaftServerConfigKeys (ConfUtils.java:logGet(43)) - raft.server.log.purge.gap = 1000000 (custom)
2019-09-20 04:27:53,599 [pool-449-thread-1] INFO  server.RaftServerConfigKeys (ConfUtils.java:logGet(43)) - raft.server.log.appender.buffer.byte-limit = 33554432 (custom)
2019-09-20 04:27:53,599 [pool-449-thread-1] INFO  server.RaftServerConfigKeys (ConfUtils.java:logGet(43)) - raft.server.log.segment.size.max = 1048576 (custom)
2019-09-20 04:27:53,600 [pool-449-thread-1] INFO  server.RaftServerConfigKeys (ConfUtils.java:logGet(43)) - raft.server.log.segment.cache.num.max = 2 (custom)
2019-09-20 04:27:53,600 [pool-449-thread-1] INFO  segmented.SegmentedRaftLogWorker (SegmentedRaftLogWorker.java:<init>(172)) - new f3d3ef81-bd10-470c-864d-686e6ffdda49@group-E9C90B9A1FE0-SegmentedRaftLogWorker for RaftStorage:Storage Directory /workdir/hadoop-ozone/integration-test/target/test-dir/MiniOzoneClusterImpl-aafe4fbf-76b3-435f-8185-881063bd6d24/datanode-4/data/ratis/609d3fcb-9c38-4248-b6ed-e9c90b9a1fe0
2019-09-20 04:27:53,602 [pool-449-thread-1] INFO  server.RaftServerConfigKeys (ConfUtils.java:logGet(43)) - raft.server.log.queue.byte-limit = 2147483647 (custom)
2019-09-20 04:27:53,602 [pool-449-thread-1] INFO  server.RaftServerConfigKeys (ConfUtils.java:logGet(43)) - raft.server.log.queue.element-limit = 1024 (custom)
2019-09-20 04:27:53,602 [pool-449-thread-1] INFO  server.RaftServerConfigKeys (ConfUtils.java:logGet(43)) - raft.server.log.segment.size.max = 1048576 (custom)
2019-09-20 04:27:53,602 [pool-449-thread-1] INFO  server.RaftServerConfigKeys (ConfUtils.java:logGet(43)) - raft.server.log.preallocated.size = 16384 (custom)
2019-09-20 04:27:53,602 [pool-449-thread-1] INFO  server.RaftServerConfigKeys (ConfUtils.java:logGet(43)) - raft.server.log.write.buffer.size = 33554432 (custom)
2019-09-20 04:27:53,602 [pool-449-thread-1] INFO  server.RaftServerConfigKeys (ConfUtils.java:logGet(43)) - raft.server.log.force.sync.num = 128 (default)
2019-09-20 04:27:53,603 [pool-449-thread-1] INFO  server.RaftServerConfigKeys (ConfUtils.java:logGet(43)) - raft.server.log.statemachine.data.sync = true (default)
2019-09-20 04:27:53,603 [pool-449-thread-1] INFO  server.RaftServerConfigKeys (ConfUtils.java:logGet(43)) - raft.server.log.statemachine.data.sync.timeout = 10s (default)
2019-09-20 04:27:53,603 [pool-449-thread-1] INFO  server.RaftServerConfigKeys (ConfUtils.java:logGet(43)) - raft.server.log.statemachine.data.sync.timeout.retry = -1 (default)
2019-09-20 04:27:53,603 [pool-449-thread-1] INFO  server.RaftServerConfigKeys (ConfUtils.java:logGet(43)) - raft.server.log.statemachine.data.caching.enabled = true (custom)
2019-09-20 04:27:53,607 [pool-449-thread-1] INFO  segmented.SegmentedRaftLogWorker (SegmentedRaftLogWorker.java:lambda$new$0(132)) - f3d3ef81-bd10-470c-864d-686e6ffdda49@group-E9C90B9A1FE0-SegmentedRaftLogWorker: flushIndex: setUnconditionally 0 -> -1
2019-09-20 04:27:53,608 [pool-449-thread-1] INFO  server.RaftServerConfigKeys (ConfUtils.java:logGet(43)) - raft.server.snapshot.auto.trigger.enabled = true (custom)
2019-09-20 04:27:53,608 [pool-449-thread-1] INFO  server.RaftServerConfigKeys (ConfUtils.java:logGet(43)) - raft.server.snapshot.auto.trigger.threshold = 10000 (custom)
2019-09-20 04:27:53,608 [pool-449-thread-1] INFO  server.RaftServerConfigKeys (ConfUtils.java:logGet(43)) - raft.server.snapshot.retention.num.files = 5 (custom)
2019-09-20 04:27:53,608 [pool-449-thread-1] INFO  server.RaftServerConfigKeys (ConfUtils.java:logGet(43)) - raft.server.retrycache.expirytime = 600000ms (custom)
2019-09-20 04:27:53,610 [pool-449-thread-1] INFO  impl.RaftServerImpl (RaftServerImpl.java:start(185)) - f3d3ef81-bd10-470c-864d-686e6ffdda49@group-E9C90B9A1FE0: start as a follower, conf=-1: [f3d3ef81-bd10-470c-864d-686e6ffdda49:192.168.36.117:32824], old=null
2019-09-20 04:27:53,610 [pool-449-thread-1] INFO  impl.RaftServerImpl (RaftServerImpl.java:setRole(174)) - f3d3ef81-bd10-470c-864d-686e6ffdda49@group-E9C90B9A1FE0: changes role from      null to FOLLOWER at term 0 for startAsFollower
2019-09-20 04:27:53,611 [pool-449-thread-1] INFO  impl.RoleInfo (RoleInfo.java:updateAndGet(143)) - f3d3ef81-bd10-470c-864d-686e6ffdda49: start FollowerState
2019-09-20 04:27:53,611 [pool-449-thread-1] INFO  util.JmxRegister (JmxRegister.java:tryRegister(44)) - Successfully registered JMX Bean with object name Ratis:service=RaftServer,group=group-E9C90B9A1FE0,id=f3d3ef81-bd10-470c-864d-686e6ffdda49
2019-09-20 04:27:53,615 [RatisPipelineUtilsThread] INFO  pipeline.PipelineStateManager (PipelineStateManager.java:addPipeline(56)) - Created pipeline Pipeline[ Id: 609d3fcb-9c38-4248-b6ed-e9c90b9a1fe0, Nodes: f3d3ef81-bd10-470c-864d-686e6ffdda49{ip: 192.168.36.117, host: pr-hdds-2020-f8xxz-1899867831, networkLocation: /default-rack, certSerialId: null}, Type:RATIS, Factor:ONE, State:OPEN]
2019-09-20 04:27:53,622 [grpc-default-executor-5] INFO  impl.RaftServerProxy (RaftServerProxy.java:addNew(89)) - 5774142b-6609-48be-a0aa-2b86d80616d7: addNew group-008919B733F2:[5774142b-6609-48be-a0aa-2b86d80616d7:192.168.36.117:34201] returns group-008919B733F2:java.util.concurrent.CompletableFuture@7dc77991[Not completed]
2019-09-20 04:27:53,623 [pool-459-thread-1] INFO  impl.RaftServerImpl (RaftServerImpl.java:<init>(95)) - 5774142b-6609-48be-a0aa-2b86d80616d7: new RaftServerImpl for group-008919B733F2:[5774142b-6609-48be-a0aa-2b86d80616d7:192.168.36.117:34201] with ContainerStateMachine:uninitialized
2019-09-20 04:27:53,623 [pool-459-thread-1] INFO  server.RaftServerConfigKeys (ConfUtils.java:logGet(43)) - raft.server.rpc.timeout.min = 5s (custom)
2019-09-20 04:27:53,623 [pool-459-thread-1] INFO  server.RaftServerConfigKeys (ConfUtils.java:logGet(43)) - raft.server.rpc.timeout.max = 5200ms (custom)
2019-09-20 04:27:53,623 [pool-459-thread-1] INFO  server.RaftServerConfigKeys (ConfUtils.java:logGet(43)) - raft.server.rpcslowness.timeout = 120s (custom)
2019-09-20 04:27:53,623 [pool-459-thread-1] INFO  server.RaftServerConfigKeys (ConfUtils.java:logGet(43)) - raft.server.sleep.deviation.threshold = 300 (default)
2019-09-20 04:27:53,623 [pool-459-thread-1] INFO  server.RaftServerConfigKeys (ConfUtils.java:logGet(43)) - raft.server.log.appender.install.snapshot.enabled = false (custom)
2019-09-20 04:27:53,623 [pool-459-thread-1] INFO  impl.RaftServerImpl (ServerState.java:<init>(103)) - 5774142b-6609-48be-a0aa-2b86d80616d7@group-008919B733F2: ConfigurationManager, init=-1: [5774142b-6609-48be-a0aa-2b86d80616d7:192.168.36.117:34201], old=null, confs=<EMPTY_MAP>
2019-09-20 04:27:53,623 [pool-459-thread-1] INFO  server.RaftServerConfigKeys (ConfUtils.java:logGet(43)) - raft.server.storage.dir = [/workdir/hadoop-ozone/integration-test/target/test-dir/MiniOzoneClusterImpl-aafe4fbf-76b3-435f-8185-881063bd6d24/datanode-5/data/ratis] (custom)
2019-09-20 04:27:53,624 [pool-459-thread-1] INFO  storage.RaftStorageDirectory (RaftStorageDirectory.java:analyzeStorage(246)) - The storage directory /workdir/hadoop-ozone/integration-test/target/test-dir/MiniOzoneClusterImpl-aafe4fbf-76b3-435f-8185-881063bd6d24/datanode-5/data/ratis/8a25bea9-452c-478d-bfe5-008919b733f2 does not exist. Creating ...
2019-09-20 04:27:53,650 [pool-459-thread-1] INFO  storage.RaftStorageDirectory (RaftStorageDirectory.java:tryLock(328)) - Lock on /workdir/hadoop-ozone/integration-test/target/test-dir/MiniOzoneClusterImpl-aafe4fbf-76b3-435f-8185-881063bd6d24/datanode-5/data/ratis/8a25bea9-452c-478d-bfe5-008919b733f2/in_use.lock acquired by nodename 23567@pr-hdds-2020-f8xxz-1899867831
2019-09-20 04:27:53,668 [pool-459-thread-1] INFO  storage.RaftStorage (RaftStorage.java:format(72)) - Storage directory /workdir/hadoop-ozone/integration-test/target/test-dir/MiniOzoneClusterImpl-aafe4fbf-76b3-435f-8185-881063bd6d24/datanode-5/data/ratis/8a25bea9-452c-478d-bfe5-008919b733f2 has been successfully formatted.
2019-09-20 04:27:53,668 [pool-459-thread-1] INFO  ratis.ContainerStateMachine (ContainerStateMachine.java:loadSnapshot(230)) - group-008919B733F2: The snapshot info is null. Setting the last applied indexto:(t:0, i:~)
2019-09-20 04:27:53,668 [pool-459-thread-1] INFO  server.RaftServerConfigKeys (ConfUtils.java:logGet(43)) - raft.server.notification.no-leader.timeout = 120s (custom)
2019-09-20 04:27:53,668 [pool-459-thread-1] INFO  server.RaftServerConfigKeys (ConfUtils.java:logGet(43)) - raft.server.log.use.memory = false (default)
2019-09-20 04:27:53,668 [pool-459-thread-1] INFO  server.RaftServerConfigKeys (ConfUtils.java:logGet(43)) - raft.server.log.purge.gap = 1000000 (custom)
2019-09-20 04:27:53,668 [pool-459-thread-1] INFO  server.RaftServerConfigKeys (ConfUtils.java:logGet(43)) - raft.server.log.appender.buffer.byte-limit = 33554432 (custom)
2019-09-20 04:27:53,669 [pool-459-thread-1] INFO  server.RaftServerConfigKeys (ConfUtils.java:logGet(43)) - raft.server.log.segment.size.max = 1048576 (custom)
2019-09-20 04:27:53,669 [pool-459-thread-1] INFO  server.RaftServerConfigKeys (ConfUtils.java:logGet(43)) - raft.server.log.segment.cache.num.max = 2 (custom)
2019-09-20 04:27:53,669 [pool-459-thread-1] INFO  segmented.SegmentedRaftLogWorker (SegmentedRaftLogWorker.java:<init>(172)) - new 5774142b-6609-48be-a0aa-2b86d80616d7@group-008919B733F2-SegmentedRaftLogWorker for RaftStorage:Storage Directory /workdir/hadoop-ozone/integration-test/target/test-dir/MiniOzoneClusterImpl-aafe4fbf-76b3-435f-8185-881063bd6d24/datanode-5/data/ratis/8a25bea9-452c-478d-bfe5-008919b733f2
2019-09-20 04:27:53,670 [pool-459-thread-1] INFO  server.RaftServerConfigKeys (ConfUtils.java:logGet(43)) - raft.server.log.queue.byte-limit = 2147483647 (custom)
2019-09-20 04:27:53,670 [pool-459-thread-1] INFO  server.RaftServerConfigKeys (ConfUtils.java:logGet(43)) - raft.server.log.queue.element-limit = 1024 (custom)
2019-09-20 04:27:53,670 [pool-459-thread-1] INFO  server.RaftServerConfigKeys (ConfUtils.java:logGet(43)) - raft.server.log.segment.size.max = 1048576 (custom)
2019-09-20 04:27:53,670 [pool-459-thread-1] INFO  server.RaftServerConfigKeys (ConfUtils.java:logGet(43)) - raft.server.log.preallocated.size = 16384 (custom)
2019-09-20 04:27:53,670 [pool-459-thread-1] INFO  server.RaftServerConfigKeys (ConfUtils.java:logGet(43)) - raft.server.log.write.buffer.size = 33554432 (custom)
2019-09-20 04:27:53,670 [pool-459-thread-1] INFO  server.RaftServerConfigKeys (ConfUtils.java:logGet(43)) - raft.server.log.force.sync.num = 128 (default)
2019-09-20 04:27:53,671 [pool-459-thread-1] INFO  server.RaftServerConfigKeys (ConfUtils.java:logGet(43)) - raft.server.log.statemachine.data.sync = true (default)
2019-09-20 04:27:53,671 [pool-459-thread-1] INFO  server.RaftServerConfigKeys (ConfUtils.java:logGet(43)) - raft.server.log.statemachine.data.sync.timeout = 10s (default)
2019-09-20 04:27:53,671 [pool-459-thread-1] INFO  server.RaftServerConfigKeys (ConfUtils.java:logGet(43)) - raft.server.log.statemachine.data.sync.timeout.retry = -1 (default)
2019-09-20 04:27:53,671 [pool-459-thread-1] INFO  server.RaftServerConfigKeys (ConfUtils.java:logGet(43)) - raft.server.log.statemachine.data.caching.enabled = true (custom)
2019-09-20 04:27:53,677 [pool-459-thread-1] INFO  segmented.SegmentedRaftLogWorker (SegmentedRaftLogWorker.java:lambda$new$0(132)) - 5774142b-6609-48be-a0aa-2b86d80616d7@group-008919B733F2-SegmentedRaftLogWorker: flushIndex: setUnconditionally 0 -> -1
2019-09-20 04:27:53,677 [pool-459-thread-1] INFO  server.RaftServerConfigKeys (ConfUtils.java:logGet(43)) - raft.server.snapshot.auto.trigger.enabled = true (custom)
2019-09-20 04:27:53,677 [pool-459-thread-1] INFO  server.RaftServerConfigKeys (ConfUtils.java:logGet(43)) - raft.server.snapshot.auto.trigger.threshold = 10000 (custom)
2019-09-20 04:27:53,677 [pool-459-thread-1] INFO  server.RaftServerConfigKeys (ConfUtils.java:logGet(43)) - raft.server.snapshot.retention.num.files = 5 (custom)
2019-09-20 04:27:53,678 [pool-459-thread-1] INFO  server.RaftServerConfigKeys (ConfUtils.java:logGet(43)) - raft.server.retrycache.expirytime = 600000ms (custom)
2019-09-20 04:27:53,679 [pool-459-thread-1] INFO  impl.RaftServerImpl (RaftServerImpl.java:start(185)) - 5774142b-6609-48be-a0aa-2b86d80616d7@group-008919B733F2: start as a follower, conf=-1: [5774142b-6609-48be-a0aa-2b86d80616d7:192.168.36.117:34201], old=null
2019-09-20 04:27:53,679 [pool-459-thread-1] INFO  impl.RaftServerImpl (RaftServerImpl.java:setRole(174)) - 5774142b-6609-48be-a0aa-2b86d80616d7@group-008919B733F2: changes role from      null to FOLLOWER at term 0 for startAsFollower
2019-09-20 04:27:53,679 [pool-459-thread-1] INFO  impl.RoleInfo (RoleInfo.java:updateAndGet(143)) - 5774142b-6609-48be-a0aa-2b86d80616d7: start FollowerState
2019-09-20 04:27:53,680 [pool-459-thread-1] INFO  util.JmxRegister (JmxRegister.java:tryRegister(44)) - Successfully registered JMX Bean with object name Ratis:service=RaftServer,group=group-008919B733F2,id=5774142b-6609-48be-a0aa-2b86d80616d7
2019-09-20 04:27:53,683 [RatisPipelineUtilsThread] INFO  pipeline.PipelineStateManager (PipelineStateManager.java:addPipeline(56)) - Created pipeline Pipeline[ Id: 8a25bea9-452c-478d-bfe5-008919b733f2, Nodes: 5774142b-6609-48be-a0aa-2b86d80616d7{ip: 192.168.36.117, host: pr-hdds-2020-f8xxz-1899867831, networkLocation: /default-rack, certSerialId: null}, Type:RATIS, Factor:ONE, State:OPEN]
2019-09-20 04:27:53,688 [grpc-default-executor-5] INFO  impl.RaftServerProxy (RaftServerProxy.java:addNew(89)) - 0dda74ae-caa3-442c-b885-687993250269: addNew group-6258A376569F:[0dda74ae-caa3-442c-b885-687993250269:192.168.36.117:32864] returns group-6258A376569F:java.util.concurrent.CompletableFuture@38fa4a60[Not completed]
2019-09-20 04:27:53,690 [pool-469-thread-1] INFO  impl.RaftServerImpl (RaftServerImpl.java:<init>(95)) - 0dda74ae-caa3-442c-b885-687993250269: new RaftServerImpl for group-6258A376569F:[0dda74ae-caa3-442c-b885-687993250269:192.168.36.117:32864] with ContainerStateMachine:uninitialized
2019-09-20 04:27:53,690 [pool-469-thread-1] INFO  server.RaftServerConfigKeys (ConfUtils.java:logGet(43)) - raft.server.rpc.timeout.min = 5s (custom)
2019-09-20 04:27:53,690 [pool-469-thread-1] INFO  server.RaftServerConfigKeys (ConfUtils.java:logGet(43)) - raft.server.rpc.timeout.max = 5200ms (custom)
2019-09-20 04:27:53,690 [pool-469-thread-1] INFO  server.RaftServerConfigKeys (ConfUtils.java:logGet(43)) - raft.server.rpcslowness.timeout = 120s (custom)
2019-09-20 04:27:53,690 [pool-469-thread-1] INFO  server.RaftServerConfigKeys (ConfUtils.java:logGet(43)) - raft.server.sleep.deviation.threshold = 300 (default)
2019-09-20 04:27:53,690 [pool-469-thread-1] INFO  server.RaftServerConfigKeys (ConfUtils.java:logGet(43)) - raft.server.log.appender.install.snapshot.enabled = false (custom)
2019-09-20 04:27:53,690 [pool-469-thread-1] INFO  impl.RaftServerImpl (ServerState.java:<init>(103)) - 0dda74ae-caa3-442c-b885-687993250269@group-6258A376569F: ConfigurationManager, init=-1: [0dda74ae-caa3-442c-b885-687993250269:192.168.36.117:32864], old=null, confs=<EMPTY_MAP>
2019-09-20 04:27:53,691 [pool-469-thread-1] INFO  server.RaftServerConfigKeys (ConfUtils.java:logGet(43)) - raft.server.storage.dir = [/workdir/hadoop-ozone/integration-test/target/test-dir/MiniOzoneClusterImpl-aafe4fbf-76b3-435f-8185-881063bd6d24/datanode-6/data/ratis] (custom)
2019-09-20 04:27:53,691 [pool-469-thread-1] INFO  storage.RaftStorageDirectory (RaftStorageDirectory.java:analyzeStorage(246)) - The storage directory /workdir/hadoop-ozone/integration-test/target/test-dir/MiniOzoneClusterImpl-aafe4fbf-76b3-435f-8185-881063bd6d24/datanode-6/data/ratis/c2758985-b3d1-4493-b731-6258a376569f does not exist. Creating ...
2019-09-20 04:27:53,712 [pool-469-thread-1] INFO  storage.RaftStorageDirectory (RaftStorageDirectory.java:tryLock(328)) - Lock on /workdir/hadoop-ozone/integration-test/target/test-dir/MiniOzoneClusterImpl-aafe4fbf-76b3-435f-8185-881063bd6d24/datanode-6/data/ratis/c2758985-b3d1-4493-b731-6258a376569f/in_use.lock acquired by nodename 23567@pr-hdds-2020-f8xxz-1899867831
2019-09-20 04:27:53,730 [pool-469-thread-1] INFO  storage.RaftStorage (RaftStorage.java:format(72)) - Storage directory /workdir/hadoop-ozone/integration-test/target/test-dir/MiniOzoneClusterImpl-aafe4fbf-76b3-435f-8185-881063bd6d24/datanode-6/data/ratis/c2758985-b3d1-4493-b731-6258a376569f has been successfully formatted.
2019-09-20 04:27:53,730 [pool-469-thread-1] INFO  ratis.ContainerStateMachine (ContainerStateMachine.java:loadSnapshot(230)) - group-6258A376569F: The snapshot info is null. Setting the last applied indexto:(t:0, i:~)
2019-09-20 04:27:53,730 [pool-469-thread-1] INFO  server.RaftServerConfigKeys (ConfUtils.java:logGet(43)) - raft.server.notification.no-leader.timeout = 120s (custom)
2019-09-20 04:27:53,730 [pool-469-thread-1] INFO  server.RaftServerConfigKeys (ConfUtils.java:logGet(43)) - raft.server.log.use.memory = false (default)
2019-09-20 04:27:53,731 [pool-469-thread-1] INFO  server.RaftServerConfigKeys (ConfUtils.java:logGet(43)) - raft.server.log.purge.gap = 1000000 (custom)
2019-09-20 04:27:53,731 [pool-469-thread-1] INFO  server.RaftServerConfigKeys (ConfUtils.java:logGet(43)) - raft.server.log.appender.buffer.byte-limit = 33554432 (custom)
2019-09-20 04:27:53,731 [pool-469-thread-1] INFO  server.RaftServerConfigKeys (ConfUtils.java:logGet(43)) - raft.server.log.segment.size.max = 1048576 (custom)
2019-09-20 04:27:53,731 [pool-469-thread-1] INFO  server.RaftServerConfigKeys (ConfUtils.java:logGet(43)) - raft.server.log.segment.cache.num.max = 2 (custom)
2019-09-20 04:27:53,731 [pool-469-thread-1] INFO  segmented.SegmentedRaftLogWorker (SegmentedRaftLogWorker.java:<init>(172)) - new 0dda74ae-caa3-442c-b885-687993250269@group-6258A376569F-SegmentedRaftLogWorker for RaftStorage:Storage Directory /workdir/hadoop-ozone/integration-test/target/test-dir/MiniOzoneClusterImpl-aafe4fbf-76b3-435f-8185-881063bd6d24/datanode-6/data/ratis/c2758985-b3d1-4493-b731-6258a376569f
2019-09-20 04:27:53,733 [pool-469-thread-1] INFO  server.RaftServerConfigKeys (ConfUtils.java:logGet(43)) - raft.server.log.queue.byte-limit = 2147483647 (custom)
2019-09-20 04:27:53,733 [pool-469-thread-1] INFO  server.RaftServerConfigKeys (ConfUtils.java:logGet(43)) - raft.server.log.queue.element-limit = 1024 (custom)
2019-09-20 04:27:53,733 [pool-469-thread-1] INFO  server.RaftServerConfigKeys (ConfUtils.java:logGet(43)) - raft.server.log.segment.size.max = 1048576 (custom)
2019-09-20 04:27:53,733 [pool-469-thread-1] INFO  server.RaftServerConfigKeys (ConfUtils.java:logGet(43)) - raft.server.log.preallocated.size = 16384 (custom)
2019-09-20 04:27:53,734 [pool-469-thread-1] INFO  server.RaftServerConfigKeys (ConfUtils.java:logGet(43)) - raft.server.log.write.buffer.size = 33554432 (custom)
2019-09-20 04:27:53,734 [pool-469-thread-1] INFO  server.RaftServerConfigKeys (ConfUtils.java:logGet(43)) - raft.server.log.force.sync.num = 128 (default)
2019-09-20 04:27:53,734 [pool-469-thread-1] INFO  server.RaftServerConfigKeys (ConfUtils.java:logGet(43)) - raft.server.log.statemachine.data.sync = true (default)
2019-09-20 04:27:53,734 [pool-469-thread-1] INFO  server.RaftServerConfigKeys (ConfUtils.java:logGet(43)) - raft.server.log.statemachine.data.sync.timeout = 10s (default)
2019-09-20 04:27:53,734 [pool-469-thread-1] INFO  server.RaftServerConfigKeys (ConfUtils.java:logGet(43)) - raft.server.log.statemachine.data.sync.timeout.retry = -1 (default)
2019-09-20 04:27:53,734 [pool-469-thread-1] INFO  server.RaftServerConfigKeys (ConfUtils.java:logGet(43)) - raft.server.log.statemachine.data.caching.enabled = true (custom)
2019-09-20 04:27:53,735 [pool-469-thread-1] INFO  segmented.SegmentedRaftLogWorker (SegmentedRaftLogWorker.java:lambda$new$0(132)) - 0dda74ae-caa3-442c-b885-687993250269@group-6258A376569F-SegmentedRaftLogWorker: flushIndex: setUnconditionally 0 -> -1
2019-09-20 04:27:53,735 [pool-469-thread-1] INFO  server.RaftServerConfigKeys (ConfUtils.java:logGet(43)) - raft.server.snapshot.auto.trigger.enabled = true (custom)
2019-09-20 04:27:53,735 [pool-469-thread-1] INFO  server.RaftServerConfigKeys (ConfUtils.java:logGet(43)) - raft.server.snapshot.auto.trigger.threshold = 10000 (custom)
2019-09-20 04:27:53,735 [pool-469-thread-1] INFO  server.RaftServerConfigKeys (ConfUtils.java:logGet(43)) - raft.server.snapshot.retention.num.files = 5 (custom)
2019-09-20 04:27:53,735 [pool-469-thread-1] INFO  server.RaftServerConfigKeys (ConfUtils.java:logGet(43)) - raft.server.retrycache.expirytime = 600000ms (custom)
2019-09-20 04:27:53,737 [pool-469-thread-1] INFO  impl.RaftServerImpl (RaftServerImpl.java:start(185)) - 0dda74ae-caa3-442c-b885-687993250269@group-6258A376569F: start as a follower, conf=-1: [0dda74ae-caa3-442c-b885-687993250269:192.168.36.117:32864], old=null
2019-09-20 04:27:53,737 [pool-469-thread-1] INFO  impl.RaftServerImpl (RaftServerImpl.java:setRole(174)) - 0dda74ae-caa3-442c-b885-687993250269@group-6258A376569F: changes role from      null to FOLLOWER at term 0 for startAsFollower
2019-09-20 04:27:53,737 [pool-469-thread-1] INFO  impl.RoleInfo (RoleInfo.java:updateAndGet(143)) - 0dda74ae-caa3-442c-b885-687993250269: start FollowerState
2019-09-20 04:27:53,738 [pool-469-thread-1] INFO  util.JmxRegister (JmxRegister.java:tryRegister(44)) - Successfully registered JMX Bean with object name Ratis:service=RaftServer,group=group-6258A376569F,id=0dda74ae-caa3-442c-b885-687993250269
2019-09-20 04:27:53,742 [RatisPipelineUtilsThread] INFO  pipeline.PipelineStateManager (PipelineStateManager.java:addPipeline(56)) - Created pipeline Pipeline[ Id: c2758985-b3d1-4493-b731-6258a376569f, Nodes: 0dda74ae-caa3-442c-b885-687993250269{ip: 192.168.36.117, host: pr-hdds-2020-f8xxz-1899867831, networkLocation: /default-rack, certSerialId: null}, Type:RATIS, Factor:ONE, State:OPEN]
2019-09-20 04:27:53,749 [grpc-default-executor-6] INFO  impl.RaftServerProxy (RaftServerProxy.java:addNew(89)) - 57dd0c4b-d993-4460-b414-e8b0694b8fa2: addNew group-C723C3EA02FF:[f3d3ef81-bd10-470c-864d-686e6ffdda49:192.168.36.117:32824, 5774142b-6609-48be-a0aa-2b86d80616d7:192.168.36.117:34201, 57dd0c4b-d993-4460-b414-e8b0694b8fa2:192.168.36.117:37320] returns group-C723C3EA02FF:java.util.concurrent.CompletableFuture@ef5f6c7[Not completed]
2019-09-20 04:27:53,750 [grpc-default-executor-3] INFO  impl.RaftServerProxy (RaftServerProxy.java:addNew(89)) - 5774142b-6609-48be-a0aa-2b86d80616d7: addNew group-C723C3EA02FF:[f3d3ef81-bd10-470c-864d-686e6ffdda49:192.168.36.117:32824, 5774142b-6609-48be-a0aa-2b86d80616d7:192.168.36.117:34201, 57dd0c4b-d993-4460-b414-e8b0694b8fa2:192.168.36.117:37320] returns group-C723C3EA02FF:java.util.concurrent.CompletableFuture@28b29b66[Not completed]
2019-09-20 04:27:53,750 [grpc-default-executor-3] INFO  impl.RaftServerProxy (RaftServerProxy.java:addNew(89)) - f3d3ef81-bd10-470c-864d-686e6ffdda49: addNew group-C723C3EA02FF:[f3d3ef81-bd10-470c-864d-686e6ffdda49:192.168.36.117:32824, 5774142b-6609-48be-a0aa-2b86d80616d7:192.168.36.117:34201, 57dd0c4b-d993-4460-b414-e8b0694b8fa2:192.168.36.117:37320] returns group-C723C3EA02FF:java.util.concurrent.CompletableFuture@269e7918[Not completed]
2019-09-20 04:27:53,751 [pool-429-thread-1] INFO  impl.RaftServerImpl (RaftServerImpl.java:<init>(95)) - 57dd0c4b-d993-4460-b414-e8b0694b8fa2: new RaftServerImpl for group-C723C3EA02FF:[f3d3ef81-bd10-470c-864d-686e6ffdda49:192.168.36.117:32824, 5774142b-6609-48be-a0aa-2b86d80616d7:192.168.36.117:34201, 57dd0c4b-d993-4460-b414-e8b0694b8fa2:192.168.36.117:37320] with ContainerStateMachine:uninitialized
2019-09-20 04:27:53,751 [pool-429-thread-1] INFO  server.RaftServerConfigKeys (ConfUtils.java:logGet(43)) - raft.server.rpc.timeout.min = 5s (custom)
2019-09-20 04:27:53,751 [pool-429-thread-1] INFO  server.RaftServerConfigKeys (ConfUtils.java:logGet(43)) - raft.server.rpc.timeout.max = 5200ms (custom)
2019-09-20 04:27:53,751 [pool-429-thread-1] INFO  server.RaftServerConfigKeys (ConfUtils.java:logGet(43)) - raft.server.rpcslowness.timeout = 120s (custom)
2019-09-20 04:27:53,752 [pool-429-thread-1] INFO  server.RaftServerConfigKeys (ConfUtils.java:logGet(43)) - raft.server.sleep.deviation.threshold = 300 (default)
2019-09-20 04:27:53,752 [pool-429-thread-1] INFO  server.RaftServerConfigKeys (ConfUtils.java:logGet(43)) - raft.server.log.appender.install.snapshot.enabled = false (custom)
2019-09-20 04:27:53,752 [pool-449-thread-1] INFO  impl.RaftServerImpl (RaftServerImpl.java:<init>(95)) - f3d3ef81-bd10-470c-864d-686e6ffdda49: new RaftServerImpl for group-C723C3EA02FF:[f3d3ef81-bd10-470c-864d-686e6ffdda49:192.168.36.117:32824, 5774142b-6609-48be-a0aa-2b86d80616d7:192.168.36.117:34201, 57dd0c4b-d993-4460-b414-e8b0694b8fa2:192.168.36.117:37320] with ContainerStateMachine:uninitialized
2019-09-20 04:27:53,752 [pool-429-thread-1] INFO  impl.RaftServerImpl (ServerState.java:<init>(103)) - 57dd0c4b-d993-4460-b414-e8b0694b8fa2@group-C723C3EA02FF: ConfigurationManager, init=-1: [f3d3ef81-bd10-470c-864d-686e6ffdda49:192.168.36.117:32824, 5774142b-6609-48be-a0aa-2b86d80616d7:192.168.36.117:34201, 57dd0c4b-d993-4460-b414-e8b0694b8fa2:192.168.36.117:37320], old=null, confs=<EMPTY_MAP>
2019-09-20 04:27:53,752 [pool-449-thread-1] INFO  server.RaftServerConfigKeys (ConfUtils.java:logGet(43)) - raft.server.rpc.timeout.min = 5s (custom)
2019-09-20 04:27:53,752 [pool-429-thread-1] INFO  server.RaftServerConfigKeys (ConfUtils.java:logGet(43)) - raft.server.storage.dir = [/workdir/hadoop-ozone/integration-test/target/test-dir/MiniOzoneClusterImpl-aafe4fbf-76b3-435f-8185-881063bd6d24/datanode-2/data/ratis] (custom)
2019-09-20 04:27:53,752 [pool-449-thread-1] INFO  server.RaftServerConfigKeys (ConfUtils.java:logGet(43)) - raft.server.rpc.timeout.max = 5200ms (custom)
2019-09-20 04:27:53,753 [pool-449-thread-1] INFO  server.RaftServerConfigKeys (ConfUtils.java:logGet(43)) - raft.server.rpcslowness.timeout = 120s (custom)
2019-09-20 04:27:53,753 [pool-449-thread-1] INFO  server.RaftServerConfigKeys (ConfUtils.java:logGet(43)) - raft.server.sleep.deviation.threshold = 300 (default)
2019-09-20 04:27:53,753 [pool-429-thread-1] INFO  storage.RaftStorageDirectory (RaftStorageDirectory.java:analyzeStorage(246)) - The storage directory /workdir/hadoop-ozone/integration-test/target/test-dir/MiniOzoneClusterImpl-aafe4fbf-76b3-435f-8185-881063bd6d24/datanode-2/data/ratis/e5260401-73af-4b5b-9117-c723c3ea02ff does not exist. Creating ...
2019-09-20 04:27:53,753 [pool-449-thread-1] INFO  server.RaftServerConfigKeys (ConfUtils.java:logGet(43)) - raft.server.log.appender.install.snapshot.enabled = false (custom)
2019-09-20 04:27:53,753 [pool-449-thread-1] INFO  impl.RaftServerImpl (ServerState.java:<init>(103)) - f3d3ef81-bd10-470c-864d-686e6ffdda49@group-C723C3EA02FF: ConfigurationManager, init=-1: [f3d3ef81-bd10-470c-864d-686e6ffdda49:192.168.36.117:32824, 5774142b-6609-48be-a0aa-2b86d80616d7:192.168.36.117:34201, 57dd0c4b-d993-4460-b414-e8b0694b8fa2:192.168.36.117:37320], old=null, confs=<EMPTY_MAP>
2019-09-20 04:27:53,753 [pool-459-thread-1] INFO  impl.RaftServerImpl (RaftServerImpl.java:<init>(95)) - 5774142b-6609-48be-a0aa-2b86d80616d7: new RaftServerImpl for group-C723C3EA02FF:[f3d3ef81-bd10-470c-864d-686e6ffdda49:192.168.36.117:32824, 5774142b-6609-48be-a0aa-2b86d80616d7:192.168.36.117:34201, 57dd0c4b-d993-4460-b414-e8b0694b8fa2:192.168.36.117:37320] with ContainerStateMachine:uninitialized
2019-09-20 04:27:53,753 [pool-449-thread-1] INFO  server.RaftServerConfigKeys (ConfUtils.java:logGet(43)) - raft.server.storage.dir = [/workdir/hadoop-ozone/integration-test/target/test-dir/MiniOzoneClusterImpl-aafe4fbf-76b3-435f-8185-881063bd6d24/datanode-4/data/ratis] (custom)
2019-09-20 04:27:53,754 [pool-459-thread-1] INFO  server.RaftServerConfigKeys (ConfUtils.java:logGet(43)) - raft.server.rpc.timeout.min = 5s (custom)
2019-09-20 04:27:53,754 [pool-459-thread-1] INFO  server.RaftServerConfigKeys (ConfUtils.java:logGet(43)) - raft.server.rpc.timeout.max = 5200ms (custom)
2019-09-20 04:27:53,754 [pool-449-thread-1] INFO  storage.RaftStorageDirectory (RaftStorageDirectory.java:analyzeStorage(246)) - The storage directory /workdir/hadoop-ozone/integration-test/target/test-dir/MiniOzoneClusterImpl-aafe4fbf-76b3-435f-8185-881063bd6d24/datanode-4/data/ratis/e5260401-73af-4b5b-9117-c723c3ea02ff does not exist. Creating ...
2019-09-20 04:27:53,754 [pool-459-thread-1] INFO  server.RaftServerConfigKeys (ConfUtils.java:logGet(43)) - raft.server.rpcslowness.timeout = 120s (custom)
2019-09-20 04:27:53,754 [pool-459-thread-1] INFO  server.RaftServerConfigKeys (ConfUtils.java:logGet(43)) - raft.server.sleep.deviation.threshold = 300 (default)
2019-09-20 04:27:53,754 [pool-459-thread-1] INFO  server.RaftServerConfigKeys (ConfUtils.java:logGet(43)) - raft.server.log.appender.install.snapshot.enabled = false (custom)
2019-09-20 04:27:53,755 [pool-459-thread-1] INFO  impl.RaftServerImpl (ServerState.java:<init>(103)) - 5774142b-6609-48be-a0aa-2b86d80616d7@group-C723C3EA02FF: ConfigurationManager, init=-1: [f3d3ef81-bd10-470c-864d-686e6ffdda49:192.168.36.117:32824, 5774142b-6609-48be-a0aa-2b86d80616d7:192.168.36.117:34201, 57dd0c4b-d993-4460-b414-e8b0694b8fa2:192.168.36.117:37320], old=null, confs=<EMPTY_MAP>
2019-09-20 04:27:53,755 [pool-459-thread-1] INFO  server.RaftServerConfigKeys (ConfUtils.java:logGet(43)) - raft.server.storage.dir = [/workdir/hadoop-ozone/integration-test/target/test-dir/MiniOzoneClusterImpl-aafe4fbf-76b3-435f-8185-881063bd6d24/datanode-5/data/ratis] (custom)
2019-09-20 04:27:53,755 [pool-459-thread-1] INFO  storage.RaftStorageDirectory (RaftStorageDirectory.java:analyzeStorage(246)) - The storage directory /workdir/hadoop-ozone/integration-test/target/test-dir/MiniOzoneClusterImpl-aafe4fbf-76b3-435f-8185-881063bd6d24/datanode-5/data/ratis/e5260401-73af-4b5b-9117-c723c3ea02ff does not exist. Creating ...
2019-09-20 04:27:53,764 [pool-429-thread-1] INFO  storage.RaftStorageDirectory (RaftStorageDirectory.java:tryLock(328)) - Lock on /workdir/hadoop-ozone/integration-test/target/test-dir/MiniOzoneClusterImpl-aafe4fbf-76b3-435f-8185-881063bd6d24/datanode-2/data/ratis/e5260401-73af-4b5b-9117-c723c3ea02ff/in_use.lock acquired by nodename 23567@pr-hdds-2020-f8xxz-1899867831
2019-09-20 04:27:53,790 [pool-449-thread-1] INFO  storage.RaftStorageDirectory (RaftStorageDirectory.java:tryLock(328)) - Lock on /workdir/hadoop-ozone/integration-test/target/test-dir/MiniOzoneClusterImpl-aafe4fbf-76b3-435f-8185-881063bd6d24/datanode-4/data/ratis/e5260401-73af-4b5b-9117-c723c3ea02ff/in_use.lock acquired by nodename 23567@pr-hdds-2020-f8xxz-1899867831
2019-09-20 04:27:53,790 [pool-429-thread-1] INFO  storage.RaftStorage (RaftStorage.java:format(72)) - Storage directory /workdir/hadoop-ozone/integration-test/target/test-dir/MiniOzoneClusterImpl-aafe4fbf-76b3-435f-8185-881063bd6d24/datanode-2/data/ratis/e5260401-73af-4b5b-9117-c723c3ea02ff has been successfully formatted.
2019-09-20 04:27:53,790 [pool-459-thread-1] INFO  storage.RaftStorageDirectory (RaftStorageDirectory.java:tryLock(328)) - Lock on /workdir/hadoop-ozone/integration-test/target/test-dir/MiniOzoneClusterImpl-aafe4fbf-76b3-435f-8185-881063bd6d24/datanode-5/data/ratis/e5260401-73af-4b5b-9117-c723c3ea02ff/in_use.lock acquired by nodename 23567@pr-hdds-2020-f8xxz-1899867831
2019-09-20 04:27:53,790 [pool-429-thread-1] INFO  ratis.ContainerStateMachine (ContainerStateMachine.java:loadSnapshot(230)) - group-C723C3EA02FF: The snapshot info is null. Setting the last applied indexto:(t:0, i:~)
2019-09-20 04:27:53,791 [pool-429-thread-1] INFO  server.RaftServerConfigKeys (ConfUtils.java:logGet(43)) - raft.server.notification.no-leader.timeout = 120s (custom)
2019-09-20 04:27:53,791 [pool-429-thread-1] INFO  server.RaftServerConfigKeys (ConfUtils.java:logGet(43)) - raft.server.log.use.memory = false (default)
2019-09-20 04:27:53,791 [pool-429-thread-1] INFO  server.RaftServerConfigKeys (ConfUtils.java:logGet(43)) - raft.server.log.purge.gap = 1000000 (custom)
2019-09-20 04:27:53,791 [pool-429-thread-1] INFO  server.RaftServerConfigKeys (ConfUtils.java:logGet(43)) - raft.server.log.appender.buffer.byte-limit = 33554432 (custom)
2019-09-20 04:27:53,791 [pool-429-thread-1] INFO  server.RaftServerConfigKeys (ConfUtils.java:logGet(43)) - raft.server.log.segment.size.max = 1048576 (custom)
2019-09-20 04:27:53,791 [pool-429-thread-1] INFO  server.RaftServerConfigKeys (ConfUtils.java:logGet(43)) - raft.server.log.segment.cache.num.max = 2 (custom)
2019-09-20 04:27:53,792 [pool-429-thread-1] INFO  segmented.SegmentedRaftLogWorker (SegmentedRaftLogWorker.java:<init>(172)) - new 57dd0c4b-d993-4460-b414-e8b0694b8fa2@group-C723C3EA02FF-SegmentedRaftLogWorker for RaftStorage:Storage Directory /workdir/hadoop-ozone/integration-test/target/test-dir/MiniOzoneClusterImpl-aafe4fbf-76b3-435f-8185-881063bd6d24/datanode-2/data/ratis/e5260401-73af-4b5b-9117-c723c3ea02ff
2019-09-20 04:27:53,792 [pool-429-thread-1] INFO  server.RaftServerConfigKeys (ConfUtils.java:logGet(43)) - raft.server.log.queue.byte-limit = 2147483647 (custom)
2019-09-20 04:27:53,792 [pool-429-thread-1] INFO  server.RaftServerConfigKeys (ConfUtils.java:logGet(43)) - raft.server.log.queue.element-limit = 1024 (custom)
2019-09-20 04:27:53,792 [pool-429-thread-1] INFO  server.RaftServerConfigKeys (ConfUtils.java:logGet(43)) - raft.server.log.segment.size.max = 1048576 (custom)
2019-09-20 04:27:53,792 [pool-429-thread-1] INFO  server.RaftServerConfigKeys (ConfUtils.java:logGet(43)) - raft.server.log.preallocated.size = 16384 (custom)
2019-09-20 04:27:53,792 [pool-429-thread-1] INFO  server.RaftServerConfigKeys (ConfUtils.java:logGet(43)) - raft.server.log.write.buffer.size = 33554432 (custom)
2019-09-20 04:27:53,792 [pool-429-thread-1] INFO  server.RaftServerConfigKeys (ConfUtils.java:logGet(43)) - raft.server.log.force.sync.num = 128 (default)
2019-09-20 04:27:53,793 [pool-429-thread-1] INFO  server.RaftServerConfigKeys (ConfUtils.java:logGet(43)) - raft.server.log.statemachine.data.sync = true (default)
2019-09-20 04:27:53,793 [pool-429-thread-1] INFO  server.RaftServerConfigKeys (ConfUtils.java:logGet(43)) - raft.server.log.statemachine.data.sync.timeout = 10s (default)
2019-09-20 04:27:53,793 [pool-429-thread-1] INFO  server.RaftServerConfigKeys (ConfUtils.java:logGet(43)) - raft.server.log.statemachine.data.sync.timeout.retry = -1 (default)
2019-09-20 04:27:53,793 [pool-429-thread-1] INFO  server.RaftServerConfigKeys (ConfUtils.java:logGet(43)) - raft.server.log.statemachine.data.caching.enabled = true (custom)
2019-09-20 04:27:53,793 [pool-429-thread-1] INFO  segmented.SegmentedRaftLogWorker (SegmentedRaftLogWorker.java:lambda$new$0(132)) - 57dd0c4b-d993-4460-b414-e8b0694b8fa2@group-C723C3EA02FF-SegmentedRaftLogWorker: flushIndex: setUnconditionally 0 -> -1
2019-09-20 04:27:53,794 [pool-429-thread-1] INFO  server.RaftServerConfigKeys (ConfUtils.java:logGet(43)) - raft.server.snapshot.auto.trigger.enabled = true (custom)
2019-09-20 04:27:53,794 [pool-429-thread-1] INFO  server.RaftServerConfigKeys (ConfUtils.java:logGet(43)) - raft.server.snapshot.auto.trigger.threshold = 10000 (custom)
2019-09-20 04:27:53,794 [pool-429-thread-1] INFO  server.RaftServerConfigKeys (ConfUtils.java:logGet(43)) - raft.server.snapshot.retention.num.files = 5 (custom)
2019-09-20 04:27:53,794 [pool-429-thread-1] INFO  server.RaftServerConfigKeys (ConfUtils.java:logGet(43)) - raft.server.retrycache.expirytime = 600000ms (custom)
2019-09-20 04:27:53,796 [pool-429-thread-1] INFO  impl.RaftServerImpl (RaftServerImpl.java:start(185)) - 57dd0c4b-d993-4460-b414-e8b0694b8fa2@group-C723C3EA02FF: start as a follower, conf=-1: [f3d3ef81-bd10-470c-864d-686e6ffdda49:192.168.36.117:32824, 5774142b-6609-48be-a0aa-2b86d80616d7:192.168.36.117:34201, 57dd0c4b-d993-4460-b414-e8b0694b8fa2:192.168.36.117:37320], old=null
2019-09-20 04:27:53,796 [pool-429-thread-1] INFO  impl.RaftServerImpl (RaftServerImpl.java:setRole(174)) - 57dd0c4b-d993-4460-b414-e8b0694b8fa2@group-C723C3EA02FF: changes role from      null to FOLLOWER at term 0 for startAsFollower
2019-09-20 04:27:53,796 [pool-429-thread-1] INFO  impl.RoleInfo (RoleInfo.java:updateAndGet(143)) - 57dd0c4b-d993-4460-b414-e8b0694b8fa2: start FollowerState
2019-09-20 04:27:53,797 [pool-429-thread-1] INFO  util.JmxRegister (JmxRegister.java:tryRegister(44)) - Successfully registered JMX Bean with object name Ratis:service=RaftServer,group=group-C723C3EA02FF,id=57dd0c4b-d993-4460-b414-e8b0694b8fa2
2019-09-20 04:27:53,824 [pool-449-thread-1] INFO  storage.RaftStorage (RaftStorage.java:format(72)) - Storage directory /workdir/hadoop-ozone/integration-test/target/test-dir/MiniOzoneClusterImpl-aafe4fbf-76b3-435f-8185-881063bd6d24/datanode-4/data/ratis/e5260401-73af-4b5b-9117-c723c3ea02ff has been successfully formatted.
2019-09-20 04:27:53,824 [pool-459-thread-1] INFO  storage.RaftStorage (RaftStorage.java:format(72)) - Storage directory /workdir/hadoop-ozone/integration-test/target/test-dir/MiniOzoneClusterImpl-aafe4fbf-76b3-435f-8185-881063bd6d24/datanode-5/data/ratis/e5260401-73af-4b5b-9117-c723c3ea02ff has been successfully formatted.
2019-09-20 04:27:53,824 [pool-449-thread-1] INFO  ratis.ContainerStateMachine (ContainerStateMachine.java:loadSnapshot(230)) - group-C723C3EA02FF: The snapshot info is null. Setting the last applied indexto:(t:0, i:~)
2019-09-20 04:27:53,824 [pool-459-thread-1] INFO  ratis.ContainerStateMachine (ContainerStateMachine.java:loadSnapshot(230)) - group-C723C3EA02FF: The snapshot info is null. Setting the last applied indexto:(t:0, i:~)
2019-09-20 04:27:53,824 [pool-449-thread-1] INFO  server.RaftServerConfigKeys (ConfUtils.java:logGet(43)) - raft.server.notification.no-leader.timeout = 120s (custom)
2019-09-20 04:27:53,825 [pool-459-thread-1] INFO  server.RaftServerConfigKeys (ConfUtils.java:logGet(43)) - raft.server.notification.no-leader.timeout = 120s (custom)
2019-09-20 04:27:53,825 [pool-449-thread-1] INFO  server.RaftServerConfigKeys (ConfUtils.java:logGet(43)) - raft.server.log.use.memory = false (default)
2019-09-20 04:27:53,825 [pool-459-thread-1] INFO  server.RaftServerConfigKeys (ConfUtils.java:logGet(43)) - raft.server.log.use.memory = false (default)
2019-09-20 04:27:53,825 [pool-449-thread-1] INFO  server.RaftServerConfigKeys (ConfUtils.java:logGet(43)) - raft.server.log.purge.gap = 1000000 (custom)
2019-09-20 04:27:53,825 [pool-459-thread-1] INFO  server.RaftServerConfigKeys (ConfUtils.java:logGet(43)) - raft.server.log.purge.gap = 1000000 (custom)
2019-09-20 04:27:53,825 [pool-449-thread-1] INFO  server.RaftServerConfigKeys (ConfUtils.java:logGet(43)) - raft.server.log.appender.buffer.byte-limit = 33554432 (custom)
2019-09-20 04:27:53,825 [pool-459-thread-1] INFO  server.RaftServerConfigKeys (ConfUtils.java:logGet(43)) - raft.server.log.appender.buffer.byte-limit = 33554432 (custom)
2019-09-20 04:27:53,825 [pool-449-thread-1] INFO  server.RaftServerConfigKeys (ConfUtils.java:logGet(43)) - raft.server.log.segment.size.max = 1048576 (custom)
2019-09-20 04:27:53,825 [pool-459-thread-1] INFO  server.RaftServerConfigKeys (ConfUtils.java:logGet(43)) - raft.server.log.segment.size.max = 1048576 (custom)
2019-09-20 04:27:53,826 [pool-449-thread-1] INFO  server.RaftServerConfigKeys (ConfUtils.java:logGet(43)) - raft.server.log.segment.cache.num.max = 2 (custom)
2019-09-20 04:27:53,826 [pool-459-thread-1] INFO  server.RaftServerConfigKeys (ConfUtils.java:logGet(43)) - raft.server.log.segment.cache.num.max = 2 (custom)
2019-09-20 04:27:53,826 [pool-449-thread-1] INFO  segmented.SegmentedRaftLogWorker (SegmentedRaftLogWorker.java:<init>(172)) - new f3d3ef81-bd10-470c-864d-686e6ffdda49@group-C723C3EA02FF-SegmentedRaftLogWorker for RaftStorage:Storage Directory /workdir/hadoop-ozone/integration-test/target/test-dir/MiniOzoneClusterImpl-aafe4fbf-76b3-435f-8185-881063bd6d24/datanode-4/data/ratis/e5260401-73af-4b5b-9117-c723c3ea02ff
2019-09-20 04:27:53,826 [pool-459-thread-1] INFO  segmented.SegmentedRaftLogWorker (SegmentedRaftLogWorker.java:<init>(172)) - new 5774142b-6609-48be-a0aa-2b86d80616d7@group-C723C3EA02FF-SegmentedRaftLogWorker for RaftStorage:Storage Directory /workdir/hadoop-ozone/integration-test/target/test-dir/MiniOzoneClusterImpl-aafe4fbf-76b3-435f-8185-881063bd6d24/datanode-5/data/ratis/e5260401-73af-4b5b-9117-c723c3ea02ff
2019-09-20 04:27:53,826 [pool-449-thread-1] INFO  server.RaftServerConfigKeys (ConfUtils.java:logGet(43)) - raft.server.log.queue.byte-limit = 2147483647 (custom)
2019-09-20 04:27:53,826 [pool-459-thread-1] INFO  server.RaftServerConfigKeys (ConfUtils.java:logGet(43)) - raft.server.log.queue.byte-limit = 2147483647 (custom)
2019-09-20 04:27:53,826 [pool-449-thread-1] INFO  server.RaftServerConfigKeys (ConfUtils.java:logGet(43)) - raft.server.log.queue.element-limit = 1024 (custom)
2019-09-20 04:27:53,826 [pool-459-thread-1] INFO  server.RaftServerConfigKeys (ConfUtils.java:logGet(43)) - raft.server.log.queue.element-limit = 1024 (custom)
2019-09-20 04:27:53,826 [pool-449-thread-1] INFO  server.RaftServerConfigKeys (ConfUtils.java:logGet(43)) - raft.server.log.segment.size.max = 1048576 (custom)
2019-09-20 04:27:53,827 [pool-459-thread-1] INFO  server.RaftServerConfigKeys (ConfUtils.java:logGet(43)) - raft.server.log.segment.size.max = 1048576 (custom)
2019-09-20 04:27:53,827 [pool-449-thread-1] INFO  server.RaftServerConfigKeys (ConfUtils.java:logGet(43)) - raft.server.log.preallocated.size = 16384 (custom)
2019-09-20 04:27:53,827 [pool-459-thread-1] INFO  server.RaftServerConfigKeys (ConfUtils.java:logGet(43)) - raft.server.log.preallocated.size = 16384 (custom)
2019-09-20 04:27:53,827 [pool-449-thread-1] INFO  server.RaftServerConfigKeys (ConfUtils.java:logGet(43)) - raft.server.log.write.buffer.size = 33554432 (custom)
2019-09-20 04:27:53,827 [pool-459-thread-1] INFO  server.RaftServerConfigKeys (ConfUtils.java:logGet(43)) - raft.server.log.write.buffer.size = 33554432 (custom)
2019-09-20 04:27:53,827 [pool-449-thread-1] INFO  server.RaftServerConfigKeys (ConfUtils.java:logGet(43)) - raft.server.log.force.sync.num = 128 (default)
2019-09-20 04:27:53,827 [pool-459-thread-1] INFO  server.RaftServerConfigKeys (ConfUtils.java:logGet(43)) - raft.server.log.force.sync.num = 128 (default)
2019-09-20 04:27:53,827 [pool-449-thread-1] INFO  server.RaftServerConfigKeys (ConfUtils.java:logGet(43)) - raft.server.log.statemachine.data.sync = true (default)
2019-09-20 04:27:53,827 [pool-459-thread-1] INFO  server.RaftServerConfigKeys (ConfUtils.java:logGet(43)) - raft.server.log.statemachine.data.sync = true (default)
2019-09-20 04:27:53,827 [pool-449-thread-1] INFO  server.RaftServerConfigKeys (ConfUtils.java:logGet(43)) - raft.server.log.statemachine.data.sync.timeout = 10s (default)
2019-09-20 04:27:53,827 [pool-459-thread-1] INFO  server.RaftServerConfigKeys (ConfUtils.java:logGet(43)) - raft.server.log.statemachine.data.sync.timeout = 10s (default)
2019-09-20 04:27:53,828 [pool-449-thread-1] INFO  server.RaftServerConfigKeys (ConfUtils.java:logGet(43)) - raft.server.log.statemachine.data.sync.timeout.retry = -1 (default)
2019-09-20 04:27:53,828 [pool-459-thread-1] INFO  server.RaftServerConfigKeys (ConfUtils.java:logGet(43)) - raft.server.log.statemachine.data.sync.timeout.retry = -1 (default)
2019-09-20 04:27:53,828 [pool-449-thread-1] INFO  server.RaftServerConfigKeys (ConfUtils.java:logGet(43)) - raft.server.log.statemachine.data.caching.enabled = true (custom)
2019-09-20 04:27:53,828 [pool-459-thread-1] INFO  server.RaftServerConfigKeys (ConfUtils.java:logGet(43)) - raft.server.log.statemachine.data.caching.enabled = true (custom)
2019-09-20 04:27:53,828 [pool-449-thread-1] INFO  segmented.SegmentedRaftLogWorker (SegmentedRaftLogWorker.java:lambda$new$0(132)) - f3d3ef81-bd10-470c-864d-686e6ffdda49@group-C723C3EA02FF-SegmentedRaftLogWorker: flushIndex: setUnconditionally 0 -> -1
2019-09-20 04:27:53,828 [pool-459-thread-1] INFO  segmented.SegmentedRaftLogWorker (SegmentedRaftLogWorker.java:lambda$new$0(132)) - 5774142b-6609-48be-a0aa-2b86d80616d7@group-C723C3EA02FF-SegmentedRaftLogWorker: flushIndex: setUnconditionally 0 -> -1
2019-09-20 04:27:53,828 [pool-449-thread-1] INFO  server.RaftServerConfigKeys (ConfUtils.java:logGet(43)) - raft.server.snapshot.auto.trigger.enabled = true (custom)
2019-09-20 04:27:53,829 [pool-449-thread-1] INFO  server.RaftServerConfigKeys (ConfUtils.java:logGet(43)) - raft.server.snapshot.auto.trigger.threshold = 10000 (custom)
2019-09-20 04:27:53,829 [pool-459-thread-1] INFO  server.RaftServerConfigKeys (ConfUtils.java:logGet(43)) - raft.server.snapshot.auto.trigger.enabled = true (custom)
2019-09-20 04:27:53,829 [pool-449-thread-1] INFO  server.RaftServerConfigKeys (ConfUtils.java:logGet(43)) - raft.server.snapshot.retention.num.files = 5 (custom)
2019-09-20 04:27:53,829 [pool-459-thread-1] INFO  server.RaftServerConfigKeys (ConfUtils.java:logGet(43)) - raft.server.snapshot.auto.trigger.threshold = 10000 (custom)
2019-09-20 04:27:53,829 [pool-449-thread-1] INFO  server.RaftServerConfigKeys (ConfUtils.java:logGet(43)) - raft.server.retrycache.expirytime = 600000ms (custom)
2019-09-20 04:27:53,829 [pool-459-thread-1] INFO  server.RaftServerConfigKeys (ConfUtils.java:logGet(43)) - raft.server.snapshot.retention.num.files = 5 (custom)
2019-09-20 04:27:53,829 [pool-459-thread-1] INFO  server.RaftServerConfigKeys (ConfUtils.java:logGet(43)) - raft.server.retrycache.expirytime = 600000ms (custom)
2019-09-20 04:27:53,831 [pool-449-thread-1] INFO  impl.RaftServerImpl (RaftServerImpl.java:start(185)) - f3d3ef81-bd10-470c-864d-686e6ffdda49@group-C723C3EA02FF: start as a follower, conf=-1: [f3d3ef81-bd10-470c-864d-686e6ffdda49:192.168.36.117:32824, 5774142b-6609-48be-a0aa-2b86d80616d7:192.168.36.117:34201, 57dd0c4b-d993-4460-b414-e8b0694b8fa2:192.168.36.117:37320], old=null
2019-09-20 04:27:53,831 [pool-449-thread-1] INFO  impl.RaftServerImpl (RaftServerImpl.java:setRole(174)) - f3d3ef81-bd10-470c-864d-686e6ffdda49@group-C723C3EA02FF: changes role from      null to FOLLOWER at term 0 for startAsFollower
2019-09-20 04:27:53,831 [pool-449-thread-1] INFO  impl.RoleInfo (RoleInfo.java:updateAndGet(143)) - f3d3ef81-bd10-470c-864d-686e6ffdda49: start FollowerState
2019-09-20 04:27:53,831 [pool-449-thread-1] INFO  util.JmxRegister (JmxRegister.java:tryRegister(44)) - Successfully registered JMX Bean with object name Ratis:service=RaftServer,group=group-C723C3EA02FF,id=f3d3ef81-bd10-470c-864d-686e6ffdda49
2019-09-20 04:27:53,832 [pool-459-thread-1] INFO  impl.RaftServerImpl (RaftServerImpl.java:start(185)) - 5774142b-6609-48be-a0aa-2b86d80616d7@group-C723C3EA02FF: start as a follower, conf=-1: [f3d3ef81-bd10-470c-864d-686e6ffdda49:192.168.36.117:32824, 5774142b-6609-48be-a0aa-2b86d80616d7:192.168.36.117:34201, 57dd0c4b-d993-4460-b414-e8b0694b8fa2:192.168.36.117:37320], old=null
2019-09-20 04:27:53,832 [pool-459-thread-1] INFO  impl.RaftServerImpl (RaftServerImpl.java:setRole(174)) - 5774142b-6609-48be-a0aa-2b86d80616d7@group-C723C3EA02FF: changes role from      null to FOLLOWER at term 0 for startAsFollower
2019-09-20 04:27:53,832 [pool-459-thread-1] INFO  impl.RoleInfo (RoleInfo.java:updateAndGet(143)) - 5774142b-6609-48be-a0aa-2b86d80616d7: start FollowerState
2019-09-20 04:27:53,832 [pool-459-thread-1] INFO  util.JmxRegister (JmxRegister.java:tryRegister(44)) - Successfully registered JMX Bean with object name Ratis:service=RaftServer,group=group-C723C3EA02FF,id=5774142b-6609-48be-a0aa-2b86d80616d7
2019-09-20 04:27:53,844 [RatisPipelineUtilsThread] INFO  pipeline.PipelineStateManager (PipelineStateManager.java:addPipeline(56)) - Created pipeline Pipeline[ Id: e5260401-73af-4b5b-9117-c723c3ea02ff, Nodes: 5774142b-6609-48be-a0aa-2b86d80616d7{ip: 192.168.36.117, host: pr-hdds-2020-f8xxz-1899867831, networkLocation: /default-rack, certSerialId: null}57dd0c4b-d993-4460-b414-e8b0694b8fa2{ip: 192.168.36.117, host: pr-hdds-2020-f8xxz-1899867831, networkLocation: /default-rack, certSerialId: null}f3d3ef81-bd10-470c-864d-686e6ffdda49{ip: 192.168.36.117, host: pr-hdds-2020-f8xxz-1899867831, networkLocation: /default-rack, certSerialId: null}, Type:RATIS, Factor:THREE, State:OPEN]
2019-09-20 04:27:53,852 [grpc-default-executor-6] INFO  impl.RaftServerProxy (RaftServerProxy.java:addNew(89)) - 0dda74ae-caa3-442c-b885-687993250269: addNew group-C5836D743F5B:[0dda74ae-caa3-442c-b885-687993250269:192.168.36.117:32864, e794d2a0-c111-411e-8a54-a665cb3a0d1e:192.168.36.117:38064, 425133b3-490d-4f01-bfaa-91a0a46f8f04:192.168.36.117:39086] returns group-C5836D743F5B:java.util.concurrent.CompletableFuture@760ff7cb[Not completed]
2019-09-20 04:27:53,852 [grpc-default-executor-3] INFO  impl.RaftServerProxy (RaftServerProxy.java:addNew(89)) - 425133b3-490d-4f01-bfaa-91a0a46f8f04: addNew group-C5836D743F5B:[0dda74ae-caa3-442c-b885-687993250269:192.168.36.117:32864, e794d2a0-c111-411e-8a54-a665cb3a0d1e:192.168.36.117:38064, 425133b3-490d-4f01-bfaa-91a0a46f8f04:192.168.36.117:39086] returns group-C5836D743F5B:java.util.concurrent.CompletableFuture@1d3d4080[Not completed]
2019-09-20 04:27:53,852 [grpc-default-executor-5] INFO  impl.RaftServerProxy (RaftServerProxy.java:addNew(89)) - e794d2a0-c111-411e-8a54-a665cb3a0d1e: addNew group-C5836D743F5B:[0dda74ae-caa3-442c-b885-687993250269:192.168.36.117:32864, e794d2a0-c111-411e-8a54-a665cb3a0d1e:192.168.36.117:38064, 425133b3-490d-4f01-bfaa-91a0a46f8f04:192.168.36.117:39086] returns group-C5836D743F5B:java.util.concurrent.CompletableFuture@36daf76[Not completed]
2019-09-20 04:27:53,856 [pool-419-thread-1] INFO  impl.RaftServerImpl (RaftServerImpl.java:<init>(95)) - e794d2a0-c111-411e-8a54-a665cb3a0d1e: new RaftServerImpl for group-C5836D743F5B:[0dda74ae-caa3-442c-b885-687993250269:192.168.36.117:32864, e794d2a0-c111-411e-8a54-a665cb3a0d1e:192.168.36.117:38064, 425133b3-490d-4f01-bfaa-91a0a46f8f04:192.168.36.117:39086] with ContainerStateMachine:uninitialized
2019-09-20 04:27:53,856 [pool-419-thread-1] INFO  server.RaftServerConfigKeys (ConfUtils.java:logGet(43)) - raft.server.rpc.timeout.min = 5s (custom)
2019-09-20 04:27:53,856 [pool-419-thread-1] INFO  server.RaftServerConfigKeys (ConfUtils.java:logGet(43)) - raft.server.rpc.timeout.max = 5200ms (custom)
2019-09-20 04:27:53,856 [pool-409-thread-1] INFO  impl.RaftServerImpl (RaftServerImpl.java:<init>(95)) - 425133b3-490d-4f01-bfaa-91a0a46f8f04: new RaftServerImpl for group-C5836D743F5B:[0dda74ae-caa3-442c-b885-687993250269:192.168.36.117:32864, e794d2a0-c111-411e-8a54-a665cb3a0d1e:192.168.36.117:38064, 425133b3-490d-4f01-bfaa-91a0a46f8f04:192.168.36.117:39086] with ContainerStateMachine:uninitialized
2019-09-20 04:27:53,856 [pool-419-thread-1] INFO  server.RaftServerConfigKeys (ConfUtils.java:logGet(43)) - raft.server.rpcslowness.timeout = 120s (custom)
2019-09-20 04:27:53,856 [pool-409-thread-1] INFO  server.RaftServerConfigKeys (ConfUtils.java:logGet(43)) - raft.server.rpc.timeout.min = 5s (custom)
2019-09-20 04:27:53,856 [pool-419-thread-1] INFO  server.RaftServerConfigKeys (ConfUtils.java:logGet(43)) - raft.server.sleep.deviation.threshold = 300 (default)
2019-09-20 04:27:53,856 [pool-409-thread-1] INFO  server.RaftServerConfigKeys (ConfUtils.java:logGet(43)) - raft.server.rpc.timeout.max = 5200ms (custom)
2019-09-20 04:27:53,857 [pool-419-thread-1] INFO  server.RaftServerConfigKeys (ConfUtils.java:logGet(43)) - raft.server.log.appender.install.snapshot.enabled = false (custom)
2019-09-20 04:27:53,857 [pool-409-thread-1] INFO  server.RaftServerConfigKeys (ConfUtils.java:logGet(43)) - raft.server.rpcslowness.timeout = 120s (custom)
2019-09-20 04:27:53,857 [pool-419-thread-1] INFO  impl.RaftServerImpl (ServerState.java:<init>(103)) - e794d2a0-c111-411e-8a54-a665cb3a0d1e@group-C5836D743F5B: ConfigurationManager, init=-1: [0dda74ae-caa3-442c-b885-687993250269:192.168.36.117:32864, e794d2a0-c111-411e-8a54-a665cb3a0d1e:192.168.36.117:38064, 425133b3-490d-4f01-bfaa-91a0a46f8f04:192.168.36.117:39086], old=null, confs=<EMPTY_MAP>
2019-09-20 04:27:53,857 [pool-409-thread-1] INFO  server.RaftServerConfigKeys (ConfUtils.java:logGet(43)) - raft.server.sleep.deviation.threshold = 300 (default)
2019-09-20 04:27:53,857 [pool-419-thread-1] INFO  server.RaftServerConfigKeys (ConfUtils.java:logGet(43)) - raft.server.storage.dir = [/workdir/hadoop-ozone/integration-test/target/test-dir/MiniOzoneClusterImpl-aafe4fbf-76b3-435f-8185-881063bd6d24/datanode-1/data/ratis] (custom)
2019-09-20 04:27:53,857 [pool-469-thread-1] INFO  impl.RaftServerImpl (RaftServerImpl.java:<init>(95)) - 0dda74ae-caa3-442c-b885-687993250269: new RaftServerImpl for group-C5836D743F5B:[0dda74ae-caa3-442c-b885-687993250269:192.168.36.117:32864, e794d2a0-c111-411e-8a54-a665cb3a0d1e:192.168.36.117:38064, 425133b3-490d-4f01-bfaa-91a0a46f8f04:192.168.36.117:39086] with ContainerStateMachine:uninitialized
2019-09-20 04:27:53,857 [pool-409-thread-1] INFO  server.RaftServerConfigKeys (ConfUtils.java:logGet(43)) - raft.server.log.appender.install.snapshot.enabled = false (custom)
2019-09-20 04:27:53,857 [pool-469-thread-1] INFO  server.RaftServerConfigKeys (ConfUtils.java:logGet(43)) - raft.server.rpc.timeout.min = 5s (custom)
2019-09-20 04:27:53,857 [pool-409-thread-1] INFO  impl.RaftServerImpl (ServerState.java:<init>(103)) - 425133b3-490d-4f01-bfaa-91a0a46f8f04@group-C5836D743F5B: ConfigurationManager, init=-1: [0dda74ae-caa3-442c-b885-687993250269:192.168.36.117:32864, e794d2a0-c111-411e-8a54-a665cb3a0d1e:192.168.36.117:38064, 425133b3-490d-4f01-bfaa-91a0a46f8f04:192.168.36.117:39086], old=null, confs=<EMPTY_MAP>
2019-09-20 04:27:53,857 [pool-419-thread-1] INFO  storage.RaftStorageDirectory (RaftStorageDirectory.java:analyzeStorage(246)) - The storage directory /workdir/hadoop-ozone/integration-test/target/test-dir/MiniOzoneClusterImpl-aafe4fbf-76b3-435f-8185-881063bd6d24/datanode-1/data/ratis/54114e84-fa76-49d7-8d4e-c5836d743f5b does not exist. Creating ...
2019-09-20 04:27:53,858 [pool-409-thread-1] INFO  server.RaftServerConfigKeys (ConfUtils.java:logGet(43)) - raft.server.storage.dir = [/workdir/hadoop-ozone/integration-test/target/test-dir/MiniOzoneClusterImpl-aafe4fbf-76b3-435f-8185-881063bd6d24/datanode-0/data/ratis] (custom)
2019-09-20 04:27:53,858 [pool-469-thread-1] INFO  server.RaftServerConfigKeys (ConfUtils.java:logGet(43)) - raft.server.rpc.timeout.max = 5200ms (custom)
2019-09-20 04:27:53,858 [pool-469-thread-1] INFO  server.RaftServerConfigKeys (ConfUtils.java:logGet(43)) - raft.server.rpcslowness.timeout = 120s (custom)
2019-09-20 04:27:53,858 [pool-409-thread-1] INFO  storage.RaftStorageDirectory (RaftStorageDirectory.java:analyzeStorage(246)) - The storage directory /workdir/hadoop-ozone/integration-test/target/test-dir/MiniOzoneClusterImpl-aafe4fbf-76b3-435f-8185-881063bd6d24/datanode-0/data/ratis/54114e84-fa76-49d7-8d4e-c5836d743f5b does not exist. Creating ...
2019-09-20 04:27:53,858 [pool-469-thread-1] INFO  server.RaftServerConfigKeys (ConfUtils.java:logGet(43)) - raft.server.sleep.deviation.threshold = 300 (default)
2019-09-20 04:27:53,858 [pool-469-thread-1] INFO  server.RaftServerConfigKeys (ConfUtils.java:logGet(43)) - raft.server.log.appender.install.snapshot.enabled = false (custom)
2019-09-20 04:27:53,858 [pool-469-thread-1] INFO  impl.RaftServerImpl (ServerState.java:<init>(103)) - 0dda74ae-caa3-442c-b885-687993250269@group-C5836D743F5B: ConfigurationManager, init=-1: [0dda74ae-caa3-442c-b885-687993250269:192.168.36.117:32864, e794d2a0-c111-411e-8a54-a665cb3a0d1e:192.168.36.117:38064, 425133b3-490d-4f01-bfaa-91a0a46f8f04:192.168.36.117:39086], old=null, confs=<EMPTY_MAP>
2019-09-20 04:27:53,859 [pool-469-thread-1] INFO  server.RaftServerConfigKeys (ConfUtils.java:logGet(43)) - raft.server.storage.dir = [/workdir/hadoop-ozone/integration-test/target/test-dir/MiniOzoneClusterImpl-aafe4fbf-76b3-435f-8185-881063bd6d24/datanode-6/data/ratis] (custom)
2019-09-20 04:27:53,859 [pool-469-thread-1] INFO  storage.RaftStorageDirectory (RaftStorageDirectory.java:analyzeStorage(246)) - The storage directory /workdir/hadoop-ozone/integration-test/target/test-dir/MiniOzoneClusterImpl-aafe4fbf-76b3-435f-8185-881063bd6d24/datanode-6/data/ratis/54114e84-fa76-49d7-8d4e-c5836d743f5b does not exist. Creating ...
2019-09-20 04:27:53,884 [pool-409-thread-1] INFO  storage.RaftStorageDirectory (RaftStorageDirectory.java:tryLock(328)) - Lock on /workdir/hadoop-ozone/integration-test/target/test-dir/MiniOzoneClusterImpl-aafe4fbf-76b3-435f-8185-881063bd6d24/datanode-0/data/ratis/54114e84-fa76-49d7-8d4e-c5836d743f5b/in_use.lock acquired by nodename 23567@pr-hdds-2020-f8xxz-1899867831
2019-09-20 04:27:53,884 [pool-469-thread-1] INFO  storage.RaftStorageDirectory (RaftStorageDirectory.java:tryLock(328)) - Lock on /workdir/hadoop-ozone/integration-test/target/test-dir/MiniOzoneClusterImpl-aafe4fbf-76b3-435f-8185-881063bd6d24/datanode-6/data/ratis/54114e84-fa76-49d7-8d4e-c5836d743f5b/in_use.lock acquired by nodename 23567@pr-hdds-2020-f8xxz-1899867831
2019-09-20 04:27:53,884 [pool-419-thread-1] INFO  storage.RaftStorageDirectory (RaftStorageDirectory.java:tryLock(328)) - Lock on /workdir/hadoop-ozone/integration-test/target/test-dir/MiniOzoneClusterImpl-aafe4fbf-76b3-435f-8185-881063bd6d24/datanode-1/data/ratis/54114e84-fa76-49d7-8d4e-c5836d743f5b/in_use.lock acquired by nodename 23567@pr-hdds-2020-f8xxz-1899867831
2019-09-20 04:27:53,910 [pool-409-thread-1] INFO  storage.RaftStorage (RaftStorage.java:format(72)) - Storage directory /workdir/hadoop-ozone/integration-test/target/test-dir/MiniOzoneClusterImpl-aafe4fbf-76b3-435f-8185-881063bd6d24/datanode-0/data/ratis/54114e84-fa76-49d7-8d4e-c5836d743f5b has been successfully formatted.
2019-09-20 04:27:53,910 [pool-469-thread-1] INFO  storage.RaftStorage (RaftStorage.java:format(72)) - Storage directory /workdir/hadoop-ozone/integration-test/target/test-dir/MiniOzoneClusterImpl-aafe4fbf-76b3-435f-8185-881063bd6d24/datanode-6/data/ratis/54114e84-fa76-49d7-8d4e-c5836d743f5b has been successfully formatted.
2019-09-20 04:27:53,910 [pool-409-thread-1] INFO  ratis.ContainerStateMachine (ContainerStateMachine.java:loadSnapshot(230)) - group-C5836D743F5B: The snapshot info is null. Setting the last applied indexto:(t:0, i:~)
2019-09-20 04:27:53,910 [pool-419-thread-1] INFO  storage.RaftStorage (RaftStorage.java:format(72)) - Storage directory /workdir/hadoop-ozone/integration-test/target/test-dir/MiniOzoneClusterImpl-aafe4fbf-76b3-435f-8185-881063bd6d24/datanode-1/data/ratis/54114e84-fa76-49d7-8d4e-c5836d743f5b has been successfully formatted.
2019-09-20 04:27:53,910 [pool-409-thread-1] INFO  server.RaftServerConfigKeys (ConfUtils.java:logGet(43)) - raft.server.notification.no-leader.timeout = 120s (custom)
2019-09-20 04:27:53,911 [pool-409-thread-1] INFO  server.RaftServerConfigKeys (ConfUtils.java:logGet(43)) - raft.server.log.use.memory = false (default)
2019-09-20 04:27:53,910 [pool-469-thread-1] INFO  ratis.ContainerStateMachine (ContainerStateMachine.java:loadSnapshot(230)) - group-C5836D743F5B: The snapshot info is null. Setting the last applied indexto:(t:0, i:~)
2019-09-20 04:27:53,911 [pool-409-thread-1] INFO  server.RaftServerConfigKeys (ConfUtils.java:logGet(43)) - raft.server.log.purge.gap = 1000000 (custom)
2019-09-20 04:27:53,910 [pool-419-thread-1] INFO  ratis.ContainerStateMachine (ContainerStateMachine.java:loadSnapshot(230)) - group-C5836D743F5B: The snapshot info is null. Setting the last applied indexto:(t:0, i:~)
2019-09-20 04:27:53,911 [pool-409-thread-1] INFO  server.RaftServerConfigKeys (ConfUtils.java:logGet(43)) - raft.server.log.appender.buffer.byte-limit = 33554432 (custom)
2019-09-20 04:27:53,911 [pool-469-thread-1] INFO  server.RaftServerConfigKeys (ConfUtils.java:logGet(43)) - raft.server.notification.no-leader.timeout = 120s (custom)
2019-09-20 04:27:53,911 [pool-409-thread-1] INFO  server.RaftServerConfigKeys (ConfUtils.java:logGet(43)) - raft.server.log.segment.size.max = 1048576 (custom)
2019-09-20 04:27:53,911 [pool-419-thread-1] INFO  server.RaftServerConfigKeys (ConfUtils.java:logGet(43)) - raft.server.notification.no-leader.timeout = 120s (custom)
2019-09-20 04:27:53,912 [pool-409-thread-1] INFO  server.RaftServerConfigKeys (ConfUtils.java:logGet(43)) - raft.server.log.segment.cache.num.max = 2 (custom)
2019-09-20 04:27:53,911 [pool-469-thread-1] INFO  server.RaftServerConfigKeys (ConfUtils.java:logGet(43)) - raft.server.log.use.memory = false (default)
2019-09-20 04:27:53,912 [pool-409-thread-1] INFO  segmented.SegmentedRaftLogWorker (SegmentedRaftLogWorker.java:<init>(172)) - new 425133b3-490d-4f01-bfaa-91a0a46f8f04@group-C5836D743F5B-SegmentedRaftLogWorker for RaftStorage:Storage Directory /workdir/hadoop-ozone/integration-test/target/test-dir/MiniOzoneClusterImpl-aafe4fbf-76b3-435f-8185-881063bd6d24/datanode-0/data/ratis/54114e84-fa76-49d7-8d4e-c5836d743f5b
2019-09-20 04:27:53,912 [pool-419-thread-1] INFO  server.RaftServerConfigKeys (ConfUtils.java:logGet(43)) - raft.server.log.use.memory = false (default)
2019-09-20 04:27:53,912 [pool-409-thread-1] INFO  server.RaftServerConfigKeys (ConfUtils.java:logGet(43)) - raft.server.log.queue.byte-limit = 2147483647 (custom)
2019-09-20 04:27:53,912 [pool-469-thread-1] INFO  server.RaftServerConfigKeys (ConfUtils.java:logGet(43)) - raft.server.log.purge.gap = 1000000 (custom)
2019-09-20 04:27:53,912 [pool-409-thread-1] INFO  server.RaftServerConfigKeys (ConfUtils.java:logGet(43)) - raft.server.log.queue.element-limit = 1024 (custom)
2019-09-20 04:27:53,912 [pool-419-thread-1] INFO  server.RaftServerConfigKeys (ConfUtils.java:logGet(43)) - raft.server.log.purge.gap = 1000000 (custom)
2019-09-20 04:27:53,913 [pool-409-thread-1] INFO  server.RaftServerConfigKeys (ConfUtils.java:logGet(43)) - raft.server.log.segment.size.max = 1048576 (custom)
2019-09-20 04:27:53,913 [pool-409-thread-1] INFO  server.RaftServerConfigKeys (ConfUtils.java:logGet(43)) - raft.server.log.preallocated.size = 16384 (custom)
2019-09-20 04:27:53,913 [pool-469-thread-1] INFO  server.RaftServerConfigKeys (ConfUtils.java:logGet(43)) - raft.server.log.appender.buffer.byte-limit = 33554432 (custom)
2019-09-20 04:27:53,913 [pool-409-thread-1] INFO  server.RaftServerConfigKeys (ConfUtils.java:logGet(43)) - raft.server.log.write.buffer.size = 33554432 (custom)
2019-09-20 04:27:53,914 [pool-409-thread-1] INFO  server.RaftServerConfigKeys (ConfUtils.java:logGet(43)) - raft.server.log.force.sync.num = 128 (default)
2019-09-20 04:27:53,913 [pool-419-thread-1] INFO  server.RaftServerConfigKeys (ConfUtils.java:logGet(43)) - raft.server.log.appender.buffer.byte-limit = 33554432 (custom)
2019-09-20 04:27:53,914 [pool-409-thread-1] INFO  server.RaftServerConfigKeys (ConfUtils.java:logGet(43)) - raft.server.log.statemachine.data.sync = true (default)
2019-09-20 04:27:53,913 [pool-469-thread-1] INFO  server.RaftServerConfigKeys (ConfUtils.java:logGet(43)) - raft.server.log.segment.size.max = 1048576 (custom)
2019-09-20 04:27:53,914 [pool-409-thread-1] INFO  server.RaftServerConfigKeys (ConfUtils.java:logGet(43)) - raft.server.log.statemachine.data.sync.timeout = 10s (default)
2019-09-20 04:27:53,914 [pool-419-thread-1] INFO  server.RaftServerConfigKeys (ConfUtils.java:logGet(43)) - raft.server.log.segment.size.max = 1048576 (custom)
2019-09-20 04:27:53,914 [pool-409-thread-1] INFO  server.RaftServerConfigKeys (ConfUtils.java:logGet(43)) - raft.server.log.statemachine.data.sync.timeout.retry = -1 (default)
2019-09-20 04:27:53,914 [pool-469-thread-1] INFO  server.RaftServerConfigKeys (ConfUtils.java:logGet(43)) - raft.server.log.segment.cache.num.max = 2 (custom)
2019-09-20 04:27:53,915 [pool-409-thread-1] INFO  server.RaftServerConfigKeys (ConfUtils.java:logGet(43)) - raft.server.log.statemachine.data.caching.enabled = true (custom)
2019-09-20 04:27:53,914 [pool-419-thread-1] INFO  server.RaftServerConfigKeys (ConfUtils.java:logGet(43)) - raft.server.log.segment.cache.num.max = 2 (custom)
2019-09-20 04:27:53,915 [pool-469-thread-1] INFO  segmented.SegmentedRaftLogWorker (SegmentedRaftLogWorker.java:<init>(172)) - new 0dda74ae-caa3-442c-b885-687993250269@group-C5836D743F5B-SegmentedRaftLogWorker for RaftStorage:Storage Directory /workdir/hadoop-ozone/integration-test/target/test-dir/MiniOzoneClusterImpl-aafe4fbf-76b3-435f-8185-881063bd6d24/datanode-6/data/ratis/54114e84-fa76-49d7-8d4e-c5836d743f5b
2019-09-20 04:27:53,915 [pool-419-thread-1] INFO  segmented.SegmentedRaftLogWorker (SegmentedRaftLogWorker.java:<init>(172)) - new e794d2a0-c111-411e-8a54-a665cb3a0d1e@group-C5836D743F5B-SegmentedRaftLogWorker for RaftStorage:Storage Directory /workdir/hadoop-ozone/integration-test/target/test-dir/MiniOzoneClusterImpl-aafe4fbf-76b3-435f-8185-881063bd6d24/datanode-1/data/ratis/54114e84-fa76-49d7-8d4e-c5836d743f5b
2019-09-20 04:27:53,915 [pool-469-thread-1] INFO  server.RaftServerConfigKeys (ConfUtils.java:logGet(43)) - raft.server.log.queue.byte-limit = 2147483647 (custom)
2019-09-20 04:27:53,916 [pool-419-thread-1] INFO  server.RaftServerConfigKeys (ConfUtils.java:logGet(43)) - raft.server.log.queue.byte-limit = 2147483647 (custom)
2019-09-20 04:27:53,916 [pool-469-thread-1] INFO  server.RaftServerConfigKeys (ConfUtils.java:logGet(43)) - raft.server.log.queue.element-limit = 1024 (custom)
2019-09-20 04:27:53,916 [pool-419-thread-1] INFO  server.RaftServerConfigKeys (ConfUtils.java:logGet(43)) - raft.server.log.queue.element-limit = 1024 (custom)
2019-09-20 04:27:53,916 [pool-469-thread-1] INFO  server.RaftServerConfigKeys (ConfUtils.java:logGet(43)) - raft.server.log.segment.size.max = 1048576 (custom)
2019-09-20 04:27:53,916 [pool-419-thread-1] INFO  server.RaftServerConfigKeys (ConfUtils.java:logGet(43)) - raft.server.log.segment.size.max = 1048576 (custom)
2019-09-20 04:27:53,916 [pool-469-thread-1] INFO  server.RaftServerConfigKeys (ConfUtils.java:logGet(43)) - raft.server.log.preallocated.size = 16384 (custom)
2019-09-20 04:27:53,916 [pool-419-thread-1] INFO  server.RaftServerConfigKeys (ConfUtils.java:logGet(43)) - raft.server.log.preallocated.size = 16384 (custom)
2019-09-20 04:27:53,916 [pool-469-thread-1] INFO  server.RaftServerConfigKeys (ConfUtils.java:logGet(43)) - raft.server.log.write.buffer.size = 33554432 (custom)
2019-09-20 04:27:53,917 [pool-419-thread-1] INFO  server.RaftServerConfigKeys (ConfUtils.java:logGet(43)) - raft.server.log.write.buffer.size = 33554432 (custom)
2019-09-20 04:27:53,917 [pool-469-thread-1] INFO  server.RaftServerConfigKeys (ConfUtils.java:logGet(43)) - raft.server.log.force.sync.num = 128 (default)
2019-09-20 04:27:53,917 [pool-419-thread-1] INFO  server.RaftServerConfigKeys (ConfUtils.java:logGet(43)) - raft.server.log.force.sync.num = 128 (default)
2019-09-20 04:27:53,917 [pool-469-thread-1] INFO  server.RaftServerConfigKeys (ConfUtils.java:logGet(43)) - raft.server.log.statemachine.data.sync = true (default)
2019-09-20 04:27:53,917 [pool-419-thread-1] INFO  server.RaftServerConfigKeys (ConfUtils.java:logGet(43)) - raft.server.log.statemachine.data.sync = true (default)
2019-09-20 04:27:53,917 [pool-469-thread-1] INFO  server.RaftServerConfigKeys (ConfUtils.java:logGet(43)) - raft.server.log.statemachine.data.sync.timeout = 10s (default)
2019-09-20 04:27:53,917 [pool-419-thread-1] INFO  server.RaftServerConfigKeys (ConfUtils.java:logGet(43)) - raft.server.log.statemachine.data.sync.timeout = 10s (default)
2019-09-20 04:27:53,918 [pool-469-thread-1] INFO  server.RaftServerConfigKeys (ConfUtils.java:logGet(43)) - raft.server.log.statemachine.data.sync.timeout.retry = -1 (default)
2019-09-20 04:27:53,918 [pool-419-thread-1] INFO  server.RaftServerConfigKeys (ConfUtils.java:logGet(43)) - raft.server.log.statemachine.data.sync.timeout.retry = -1 (default)
2019-09-20 04:27:53,918 [pool-469-thread-1] INFO  server.RaftServerConfigKeys (ConfUtils.java:logGet(43)) - raft.server.log.statemachine.data.caching.enabled = true (custom)
2019-09-20 04:27:53,918 [pool-419-thread-1] INFO  server.RaftServerConfigKeys (ConfUtils.java:logGet(43)) - raft.server.log.statemachine.data.caching.enabled = true (custom)
2019-09-20 04:27:53,918 [pool-409-thread-1] INFO  segmented.SegmentedRaftLogWorker (SegmentedRaftLogWorker.java:lambda$new$0(132)) - 425133b3-490d-4f01-bfaa-91a0a46f8f04@group-C5836D743F5B-SegmentedRaftLogWorker: flushIndex: setUnconditionally 0 -> -1
2019-09-20 04:27:53,918 [pool-419-thread-1] INFO  segmented.SegmentedRaftLogWorker (SegmentedRaftLogWorker.java:lambda$new$0(132)) - e794d2a0-c111-411e-8a54-a665cb3a0d1e@group-C5836D743F5B-SegmentedRaftLogWorker: flushIndex: setUnconditionally 0 -> -1
2019-09-20 04:27:53,918 [pool-469-thread-1] INFO  segmented.SegmentedRaftLogWorker (SegmentedRaftLogWorker.java:lambda$new$0(132)) - 0dda74ae-caa3-442c-b885-687993250269@group-C5836D743F5B-SegmentedRaftLogWorker: flushIndex: setUnconditionally 0 -> -1
2019-09-20 04:27:53,919 [pool-409-thread-1] INFO  server.RaftServerConfigKeys (ConfUtils.java:logGet(43)) - raft.server.snapshot.auto.trigger.enabled = true (custom)
2019-09-20 04:27:53,919 [pool-419-thread-1] INFO  server.RaftServerConfigKeys (ConfUtils.java:logGet(43)) - raft.server.snapshot.auto.trigger.enabled = true (custom)
2019-09-20 04:27:53,919 [pool-469-thread-1] INFO  server.RaftServerConfigKeys (ConfUtils.java:logGet(43)) - raft.server.snapshot.auto.trigger.enabled = true (custom)
2019-09-20 04:27:53,919 [pool-409-thread-1] INFO  server.RaftServerConfigKeys (ConfUtils.java:logGet(43)) - raft.server.snapshot.auto.trigger.threshold = 10000 (custom)
2019-09-20 04:27:53,919 [pool-469-thread-1] INFO  server.RaftServerConfigKeys (ConfUtils.java:logGet(43)) - raft.server.snapshot.auto.trigger.threshold = 10000 (custom)
2019-09-20 04:27:53,919 [pool-419-thread-1] INFO  server.RaftServerConfigKeys (ConfUtils.java:logGet(43)) - raft.server.snapshot.auto.trigger.threshold = 10000 (custom)
2019-09-20 04:27:53,919 [pool-469-thread-1] INFO  server.RaftServerConfigKeys (ConfUtils.java:logGet(43)) - raft.server.snapshot.retention.num.files = 5 (custom)
2019-09-20 04:27:53,919 [pool-409-thread-1] INFO  server.RaftServerConfigKeys (ConfUtils.java:logGet(43)) - raft.server.snapshot.retention.num.files = 5 (custom)
2019-09-20 04:27:53,920 [pool-469-thread-1] INFO  server.RaftServerConfigKeys (ConfUtils.java:logGet(43)) - raft.server.retrycache.expirytime = 600000ms (custom)
2019-09-20 04:27:53,920 [pool-419-thread-1] INFO  server.RaftServerConfigKeys (ConfUtils.java:logGet(43)) - raft.server.snapshot.retention.num.files = 5 (custom)
2019-09-20 04:27:53,920 [pool-409-thread-1] INFO  server.RaftServerConfigKeys (ConfUtils.java:logGet(43)) - raft.server.retrycache.expirytime = 600000ms (custom)
2019-09-20 04:27:53,920 [pool-419-thread-1] INFO  server.RaftServerConfigKeys (ConfUtils.java:logGet(43)) - raft.server.retrycache.expirytime = 600000ms (custom)
2019-09-20 04:27:53,924 [pool-469-thread-1] INFO  impl.RaftServerImpl (RaftServerImpl.java:start(185)) - 0dda74ae-caa3-442c-b885-687993250269@group-C5836D743F5B: start as a follower, conf=-1: [0dda74ae-caa3-442c-b885-687993250269:192.168.36.117:32864, e794d2a0-c111-411e-8a54-a665cb3a0d1e:192.168.36.117:38064, 425133b3-490d-4f01-bfaa-91a0a46f8f04:192.168.36.117:39086], old=null
2019-09-20 04:27:53,924 [pool-469-thread-1] INFO  impl.RaftServerImpl (RaftServerImpl.java:setRole(174)) - 0dda74ae-caa3-442c-b885-687993250269@group-C5836D743F5B: changes role from      null to FOLLOWER at term 0 for startAsFollower
2019-09-20 04:27:53,924 [pool-409-thread-1] INFO  impl.RaftServerImpl (RaftServerImpl.java:start(185)) - 425133b3-490d-4f01-bfaa-91a0a46f8f04@group-C5836D743F5B: start as a follower, conf=-1: [0dda74ae-caa3-442c-b885-687993250269:192.168.36.117:32864, e794d2a0-c111-411e-8a54-a665cb3a0d1e:192.168.36.117:38064, 425133b3-490d-4f01-bfaa-91a0a46f8f04:192.168.36.117:39086], old=null
2019-09-20 04:27:53,924 [pool-419-thread-1] INFO  impl.RaftServerImpl (RaftServerImpl.java:start(185)) - e794d2a0-c111-411e-8a54-a665cb3a0d1e@group-C5836D743F5B: start as a follower, conf=-1: [0dda74ae-caa3-442c-b885-687993250269:192.168.36.117:32864, e794d2a0-c111-411e-8a54-a665cb3a0d1e:192.168.36.117:38064, 425133b3-490d-4f01-bfaa-91a0a46f8f04:192.168.36.117:39086], old=null
2019-09-20 04:27:53,924 [pool-469-thread-1] INFO  impl.RoleInfo (RoleInfo.java:updateAndGet(143)) - 0dda74ae-caa3-442c-b885-687993250269: start FollowerState
2019-09-20 04:27:53,925 [pool-419-thread-1] INFO  impl.RaftServerImpl (RaftServerImpl.java:setRole(174)) - e794d2a0-c111-411e-8a54-a665cb3a0d1e@group-C5836D743F5B: changes role from      null to FOLLOWER at term 0 for startAsFollower
2019-09-20 04:27:53,924 [pool-409-thread-1] INFO  impl.RaftServerImpl (RaftServerImpl.java:setRole(174)) - 425133b3-490d-4f01-bfaa-91a0a46f8f04@group-C5836D743F5B: changes role from      null to FOLLOWER at term 0 for startAsFollower
2019-09-20 04:27:53,925 [pool-419-thread-1] INFO  impl.RoleInfo (RoleInfo.java:updateAndGet(143)) - e794d2a0-c111-411e-8a54-a665cb3a0d1e: start FollowerState
2019-09-20 04:27:53,925 [pool-469-thread-1] INFO  util.JmxRegister (JmxRegister.java:tryRegister(44)) - Successfully registered JMX Bean with object name Ratis:service=RaftServer,group=group-C5836D743F5B,id=0dda74ae-caa3-442c-b885-687993250269
2019-09-20 04:27:53,925 [pool-409-thread-1] INFO  impl.RoleInfo (RoleInfo.java:updateAndGet(143)) - 425133b3-490d-4f01-bfaa-91a0a46f8f04: start FollowerState
2019-09-20 04:27:53,925 [pool-419-thread-1] INFO  util.JmxRegister (JmxRegister.java:tryRegister(44)) - Successfully registered JMX Bean with object name Ratis:service=RaftServer,group=group-C5836D743F5B,id=e794d2a0-c111-411e-8a54-a665cb3a0d1e
2019-09-20 04:27:53,926 [pool-409-thread-1] INFO  util.JmxRegister (JmxRegister.java:tryRegister(44)) - Successfully registered JMX Bean with object name Ratis:service=RaftServer,group=group-C5836D743F5B,id=425133b3-490d-4f01-bfaa-91a0a46f8f04
2019-09-20 04:27:53,934 [RatisPipelineUtilsThread] INFO  pipeline.PipelineStateManager (PipelineStateManager.java:addPipeline(56)) - Created pipeline Pipeline[ Id: 54114e84-fa76-49d7-8d4e-c5836d743f5b, Nodes: 0dda74ae-caa3-442c-b885-687993250269{ip: 192.168.36.117, host: pr-hdds-2020-f8xxz-1899867831, networkLocation: /default-rack, certSerialId: null}e794d2a0-c111-411e-8a54-a665cb3a0d1e{ip: 192.168.36.117, host: pr-hdds-2020-f8xxz-1899867831, networkLocation: /default-rack, certSerialId: null}425133b3-490d-4f01-bfaa-91a0a46f8f04{ip: 192.168.36.117, host: pr-hdds-2020-f8xxz-1899867831, networkLocation: /default-rack, certSerialId: null}, Type:RATIS, Factor:THREE, State:OPEN]
2019-09-20 04:27:54,597 [main] INFO  ozone.MiniOzoneClusterImpl (MiniOzoneClusterImpl.java:lambda$waitForClusterToBeReady$0(145)) - Cluster is ready. Got 7 of 7 DN Heartbeats.
2019-09-20 04:27:54,638 [main] INFO  rpc.RpcClient (RpcClient.java:createVolume(276)) - Creating Volume: testblockoutputstream, with jenkins1000 as owner.
2019-09-20 04:27:54,641 [IPC Server handler 0 on 44630] INFO  volume.OMVolumeCreateRequest (OMVolumeCreateRequest.java:validateAndUpdateCache(189)) - created volume:testblockoutputstream for user:jenkins1000
2019-09-20 04:27:54,657 [main] INFO  rpc.RpcClient (RpcClient.java:createBucket(415)) - Creating Bucket: testblockoutputstream/testblockoutputstream, with Versioning false and Storage Type set to DISK and Encryption set to false 
2019-09-20 04:27:54,705 [grpc-default-executor-5] INFO  client.GrpcClientProtocolClient (GrpcClientProtocolClient.java:onNext(264)) - client-AC8A338CC9B1->0dda74ae-caa3-442c-b885-687993250269: receive RaftClientReply:client-AC8A338CC9B1->0dda74ae-caa3-442c-b885-687993250269@group-C5836D743F5B, cid=183, FAILED org.apache.ratis.protocol.NotLeaderException: Server 0dda74ae-caa3-442c-b885-687993250269@group-C5836D743F5B is not the leader, logIndex=0, commits[0dda74ae-caa3-442c-b885-687993250269:c-1]
2019-09-20 04:27:55,723 [grpc-default-executor-5] INFO  client.GrpcClientProtocolClient (GrpcClientProtocolClient.java:onNext(264)) - client-AC8A338CC9B1->e794d2a0-c111-411e-8a54-a665cb3a0d1e: receive RaftClientReply:client-AC8A338CC9B1->e794d2a0-c111-411e-8a54-a665cb3a0d1e@group-C5836D743F5B, cid=183, FAILED org.apache.ratis.protocol.NotLeaderException: Server e794d2a0-c111-411e-8a54-a665cb3a0d1e@group-C5836D743F5B is not the leader, logIndex=0, commits[e794d2a0-c111-411e-8a54-a665cb3a0d1e:c-1]
2019-09-20 04:27:56,197 [Thread-3081] INFO  container.ReplicationManager (ReplicationManager.java:start(162)) - Starting Replication Monitor Thread.
2019-09-20 04:27:56,201 [ReplicationMonitor] INFO  container.ReplicationManager (ReplicationManager.java:run(225)) - Replication Monitor Thread took 0 milliseconds for processing 1 containers.
2019-09-20 04:27:56,735 [grpc-default-executor-5] INFO  client.GrpcClientProtocolClient (GrpcClientProtocolClient.java:onNext(264)) - client-AC8A338CC9B1->0dda74ae-caa3-442c-b885-687993250269: receive RaftClientReply:client-AC8A338CC9B1->0dda74ae-caa3-442c-b885-687993250269@group-C5836D743F5B, cid=183, FAILED org.apache.ratis.protocol.NotLeaderException: Server 0dda74ae-caa3-442c-b885-687993250269@group-C5836D743F5B is not the leader, logIndex=0, commits[0dda74ae-caa3-442c-b885-687993250269:c-1]
2019-09-20 04:27:57,744 [grpc-default-executor-5] INFO  client.GrpcClientProtocolClient (GrpcClientProtocolClient.java:onNext(264)) - client-AC8A338CC9B1->e794d2a0-c111-411e-8a54-a665cb3a0d1e: receive RaftClientReply:client-AC8A338CC9B1->e794d2a0-c111-411e-8a54-a665cb3a0d1e@group-C5836D743F5B, cid=183, FAILED org.apache.ratis.protocol.NotLeaderException: Server e794d2a0-c111-411e-8a54-a665cb3a0d1e@group-C5836D743F5B is not the leader, logIndex=0, commits[e794d2a0-c111-411e-8a54-a665cb3a0d1e:c-1]
2019-09-20 04:27:58,335 [Thread-3083] INFO  impl.FollowerState (FollowerState.java:run(106)) - 425133b3-490d-4f01-bfaa-91a0a46f8f04:group-3B204FB62F9D changes to CANDIDATE, lastRpcTime:5060, electionTimeout:5060ms
2019-09-20 04:27:58,336 [Thread-3083] INFO  impl.RoleInfo (RoleInfo.java:shutdownFollowerState(121)) - 425133b3-490d-4f01-bfaa-91a0a46f8f04: shutdown FollowerState
2019-09-20 04:27:58,336 [Thread-3083] INFO  impl.RaftServerImpl (RaftServerImpl.java:setRole(174)) - 425133b3-490d-4f01-bfaa-91a0a46f8f04@group-3B204FB62F9D: changes role from  FOLLOWER to CANDIDATE at term 0 for changeToCandidate
2019-09-20 04:27:58,336 [Thread-3083] INFO  impl.RoleInfo (RoleInfo.java:updateAndGet(143)) - 425133b3-490d-4f01-bfaa-91a0a46f8f04: start LeaderElection
2019-09-20 04:27:58,368 [425133b3-490d-4f01-bfaa-91a0a46f8f04@group-3B204FB62F9D:LeaderElection73] INFO  impl.LeaderElection (LeaderElection.java:askForVotes(182)) - 425133b3-490d-4f01-bfaa-91a0a46f8f04@group-3B204FB62F9D:LeaderElection73: begin an election at term 1 for -1: [425133b3-490d-4f01-bfaa-91a0a46f8f04:192.168.36.117:39086], old=null
2019-09-20 04:27:58,368 [425133b3-490d-4f01-bfaa-91a0a46f8f04@group-3B204FB62F9D:LeaderElection73] INFO  impl.RoleInfo (RoleInfo.java:shutdownLeaderElection(134)) - 425133b3-490d-4f01-bfaa-91a0a46f8f04: shutdown LeaderElection
2019-09-20 04:27:58,368 [425133b3-490d-4f01-bfaa-91a0a46f8f04@group-3B204FB62F9D:LeaderElection73] INFO  impl.RaftServerImpl (RaftServerImpl.java:setRole(174)) - 425133b3-490d-4f01-bfaa-91a0a46f8f04@group-3B204FB62F9D: changes role from CANDIDATE to LEADER at term 1 for changeToLeader
2019-09-20 04:27:58,368 [425133b3-490d-4f01-bfaa-91a0a46f8f04@group-3B204FB62F9D:LeaderElection73] INFO  impl.RaftServerImpl (ServerState.java:setLeader(253)) - 425133b3-490d-4f01-bfaa-91a0a46f8f04@group-3B204FB62F9D: change Leader from null to 425133b3-490d-4f01-bfaa-91a0a46f8f04 at term 1 for becomeLeader, leader elected after 5101ms
2019-09-20 04:27:58,369 [425133b3-490d-4f01-bfaa-91a0a46f8f04@group-3B204FB62F9D:LeaderElection73] INFO  server.RaftServerConfigKeys (ConfUtils.java:logGet(43)) - raft.server.staging.catchup.gap = 1000 (default)
2019-09-20 04:27:58,369 [425133b3-490d-4f01-bfaa-91a0a46f8f04@group-3B204FB62F9D:LeaderElection73] INFO  server.RaftServerConfigKeys (ConfUtils.java:logGet(43)) - raft.server.rpc.sleep.time = 25ms (default)
2019-09-20 04:27:58,369 [425133b3-490d-4f01-bfaa-91a0a46f8f04@group-3B204FB62F9D:LeaderElection73] INFO  server.RaftServerConfigKeys (ConfUtils.java:logGet(43)) - raft.server.write.element-limit = 4096 (default)
2019-09-20 04:27:58,369 [425133b3-490d-4f01-bfaa-91a0a46f8f04@group-3B204FB62F9D:LeaderElection73] INFO  server.RaftServerConfigKeys (ConfUtils.java:logGet(43)) - raft.server.watch.timeout = 10s (default)
2019-09-20 04:27:58,370 [425133b3-490d-4f01-bfaa-91a0a46f8f04@group-3B204FB62F9D:LeaderElection73] INFO  server.RaftServerConfigKeys (ConfUtils.java:logGet(43)) - raft.server.watch.timeout.denomination = 1s (default)
2019-09-20 04:27:58,370 [425133b3-490d-4f01-bfaa-91a0a46f8f04@group-3B204FB62F9D:LeaderElection73] INFO  server.RaftServerConfigKeys (ConfUtils.java:logGet(43)) - raft.server.watch.element-limit = 65536 (default)
2019-09-20 04:27:58,372 [425133b3-490d-4f01-bfaa-91a0a46f8f04@group-3B204FB62F9D:LeaderElection73] INFO  impl.RoleInfo (RoleInfo.java:updateAndGet(143)) - 425133b3-490d-4f01-bfaa-91a0a46f8f04: start LeaderState
2019-09-20 04:27:58,373 [425133b3-490d-4f01-bfaa-91a0a46f8f04@group-3B204FB62F9D:LeaderElection73] INFO  segmented.SegmentedRaftLogWorker (SegmentedRaftLogWorker.java:startLogSegment(380)) - 425133b3-490d-4f01-bfaa-91a0a46f8f04@group-3B204FB62F9D-SegmentedRaftLogWorker: Starting segment from index:0
2019-09-20 04:27:58,374 [425133b3-490d-4f01-bfaa-91a0a46f8f04@group-3B204FB62F9D:LeaderElection73] INFO  impl.RaftServerImpl (ServerState.java:setRaftConf(354)) - 425133b3-490d-4f01-bfaa-91a0a46f8f04@group-3B204FB62F9D: set configuration 0: [425133b3-490d-4f01-bfaa-91a0a46f8f04:192.168.36.117:39086], old=null at 0
2019-09-20 04:27:58,427 [425133b3-490d-4f01-bfaa-91a0a46f8f04@group-3B204FB62F9D-SegmentedRaftLogWorker] INFO  segmented.SegmentedRaftLogWorker (SegmentedRaftLogWorker.java:execute(569)) - 425133b3-490d-4f01-bfaa-91a0a46f8f04@group-3B204FB62F9D-SegmentedRaftLogWorker: created new log segment /workdir/hadoop-ozone/integration-test/target/test-dir/MiniOzoneClusterImpl-aafe4fbf-76b3-435f-8185-881063bd6d24/datanode-0/data/ratis/5576588e-38eb-4a0f-ae33-3b204fb62f9d/current/log_inprogress_0
2019-09-20 04:27:58,463 [Thread-3089] INFO  impl.FollowerState (FollowerState.java:run(106)) - 57dd0c4b-d993-4460-b414-e8b0694b8fa2:group-D64DB647751A changes to CANDIDATE, lastRpcTime:5053, electionTimeout:5053ms
2019-09-20 04:27:58,463 [Thread-3089] INFO  impl.RoleInfo (RoleInfo.java:shutdownFollowerState(121)) - 57dd0c4b-d993-4460-b414-e8b0694b8fa2: shutdown FollowerState
2019-09-20 04:27:58,464 [Thread-3089] INFO  impl.RaftServerImpl (RaftServerImpl.java:setRole(174)) - 57dd0c4b-d993-4460-b414-e8b0694b8fa2@group-D64DB647751A: changes role from  FOLLOWER to CANDIDATE at term 0 for changeToCandidate
2019-09-20 04:27:58,464 [Thread-3089] INFO  impl.RoleInfo (RoleInfo.java:updateAndGet(143)) - 57dd0c4b-d993-4460-b414-e8b0694b8fa2: start LeaderElection
2019-09-20 04:27:58,513 [57dd0c4b-d993-4460-b414-e8b0694b8fa2@group-D64DB647751A:LeaderElection74] INFO  impl.LeaderElection (LeaderElection.java:askForVotes(182)) - 57dd0c4b-d993-4460-b414-e8b0694b8fa2@group-D64DB647751A:LeaderElection74: begin an election at term 1 for -1: [57dd0c4b-d993-4460-b414-e8b0694b8fa2:192.168.36.117:37320], old=null
2019-09-20 04:27:58,513 [57dd0c4b-d993-4460-b414-e8b0694b8fa2@group-D64DB647751A:LeaderElection74] INFO  impl.RoleInfo (RoleInfo.java:shutdownLeaderElection(134)) - 57dd0c4b-d993-4460-b414-e8b0694b8fa2: shutdown LeaderElection
2019-09-20 04:27:58,513 [57dd0c4b-d993-4460-b414-e8b0694b8fa2@group-D64DB647751A:LeaderElection74] INFO  impl.RaftServerImpl (RaftServerImpl.java:setRole(174)) - 57dd0c4b-d993-4460-b414-e8b0694b8fa2@group-D64DB647751A: changes role from CANDIDATE to LEADER at term 1 for changeToLeader
2019-09-20 04:27:58,514 [57dd0c4b-d993-4460-b414-e8b0694b8fa2@group-D64DB647751A:LeaderElection74] INFO  impl.RaftServerImpl (ServerState.java:setLeader(253)) - 57dd0c4b-d993-4460-b414-e8b0694b8fa2@group-D64DB647751A: change Leader from null to 57dd0c4b-d993-4460-b414-e8b0694b8fa2 at term 1 for becomeLeader, leader elected after 5110ms
2019-09-20 04:27:58,514 [57dd0c4b-d993-4460-b414-e8b0694b8fa2@group-D64DB647751A:LeaderElection74] INFO  server.RaftServerConfigKeys (ConfUtils.java:logGet(43)) - raft.server.staging.catchup.gap = 1000 (default)
2019-09-20 04:27:58,514 [57dd0c4b-d993-4460-b414-e8b0694b8fa2@group-D64DB647751A:LeaderElection74] INFO  server.RaftServerConfigKeys (ConfUtils.java:logGet(43)) - raft.server.rpc.sleep.time = 25ms (default)
2019-09-20 04:27:58,514 [57dd0c4b-d993-4460-b414-e8b0694b8fa2@group-D64DB647751A:LeaderElection74] INFO  server.RaftServerConfigKeys (ConfUtils.java:logGet(43)) - raft.server.write.element-limit = 4096 (default)
2019-09-20 04:27:58,514 [57dd0c4b-d993-4460-b414-e8b0694b8fa2@group-D64DB647751A:LeaderElection74] INFO  server.RaftServerConfigKeys (ConfUtils.java:logGet(43)) - raft.server.watch.timeout = 10s (default)
2019-09-20 04:27:58,514 [57dd0c4b-d993-4460-b414-e8b0694b8fa2@group-D64DB647751A:LeaderElection74] INFO  server.RaftServerConfigKeys (ConfUtils.java:logGet(43)) - raft.server.watch.timeout.denomination = 1s (default)
2019-09-20 04:27:58,514 [57dd0c4b-d993-4460-b414-e8b0694b8fa2@group-D64DB647751A:LeaderElection74] INFO  server.RaftServerConfigKeys (ConfUtils.java:logGet(43)) - raft.server.watch.element-limit = 65536 (default)
2019-09-20 04:27:58,516 [57dd0c4b-d993-4460-b414-e8b0694b8fa2@group-D64DB647751A:LeaderElection74] INFO  impl.RoleInfo (RoleInfo.java:updateAndGet(143)) - 57dd0c4b-d993-4460-b414-e8b0694b8fa2: start LeaderState
2019-09-20 04:27:58,516 [57dd0c4b-d993-4460-b414-e8b0694b8fa2@group-D64DB647751A:LeaderElection74] INFO  segmented.SegmentedRaftLogWorker (SegmentedRaftLogWorker.java:startLogSegment(380)) - 57dd0c4b-d993-4460-b414-e8b0694b8fa2@group-D64DB647751A-SegmentedRaftLogWorker: Starting segment from index:0
2019-09-20 04:27:58,516 [57dd0c4b-d993-4460-b414-e8b0694b8fa2@group-D64DB647751A:LeaderElection74] INFO  impl.RaftServerImpl (ServerState.java:setRaftConf(354)) - 57dd0c4b-d993-4460-b414-e8b0694b8fa2@group-D64DB647751A: set configuration 0: [57dd0c4b-d993-4460-b414-e8b0694b8fa2:192.168.36.117:37320], old=null at 0
2019-09-20 04:27:58,521 [Thread-3086] INFO  impl.FollowerState (FollowerState.java:run(106)) - e794d2a0-c111-411e-8a54-a665cb3a0d1e:group-38F730EA35EB changes to CANDIDATE, lastRpcTime:5181, electionTimeout:5181ms
2019-09-20 04:27:58,521 [Thread-3086] INFO  impl.RoleInfo (RoleInfo.java:shutdownFollowerState(121)) - e794d2a0-c111-411e-8a54-a665cb3a0d1e: shutdown FollowerState
2019-09-20 04:27:58,521 [Thread-3086] INFO  impl.RaftServerImpl (RaftServerImpl.java:setRole(174)) - e794d2a0-c111-411e-8a54-a665cb3a0d1e@group-38F730EA35EB: changes role from  FOLLOWER to CANDIDATE at term 0 for changeToCandidate
2019-09-20 04:27:58,521 [Thread-3086] INFO  impl.RoleInfo (RoleInfo.java:updateAndGet(143)) - e794d2a0-c111-411e-8a54-a665cb3a0d1e: start LeaderElection
2019-09-20 04:27:58,548 [e794d2a0-c111-411e-8a54-a665cb3a0d1e@group-38F730EA35EB:LeaderElection75] INFO  impl.LeaderElection (LeaderElection.java:askForVotes(182)) - e794d2a0-c111-411e-8a54-a665cb3a0d1e@group-38F730EA35EB:LeaderElection75: begin an election at term 1 for -1: [e794d2a0-c111-411e-8a54-a665cb3a0d1e:192.168.36.117:38064], old=null
2019-09-20 04:27:58,548 [e794d2a0-c111-411e-8a54-a665cb3a0d1e@group-38F730EA35EB:LeaderElection75] INFO  impl.RoleInfo (RoleInfo.java:shutdownLeaderElection(134)) - e794d2a0-c111-411e-8a54-a665cb3a0d1e: shutdown LeaderElection
2019-09-20 04:27:58,548 [e794d2a0-c111-411e-8a54-a665cb3a0d1e@group-38F730EA35EB:LeaderElection75] INFO  impl.RaftServerImpl (RaftServerImpl.java:setRole(174)) - e794d2a0-c111-411e-8a54-a665cb3a0d1e@group-38F730EA35EB: changes role from CANDIDATE to LEADER at term 1 for changeToLeader
2019-09-20 04:27:58,548 [e794d2a0-c111-411e-8a54-a665cb3a0d1e@group-38F730EA35EB:LeaderElection75] INFO  impl.RaftServerImpl (ServerState.java:setLeader(253)) - e794d2a0-c111-411e-8a54-a665cb3a0d1e@group-38F730EA35EB: change Leader from null to e794d2a0-c111-411e-8a54-a665cb3a0d1e at term 1 for becomeLeader, leader elected after 5213ms
2019-09-20 04:27:58,548 [e794d2a0-c111-411e-8a54-a665cb3a0d1e@group-38F730EA35EB:LeaderElection75] INFO  server.RaftServerConfigKeys (ConfUtils.java:logGet(43)) - raft.server.staging.catchup.gap = 1000 (default)
2019-09-20 04:27:58,548 [e794d2a0-c111-411e-8a54-a665cb3a0d1e@group-38F730EA35EB:LeaderElection75] INFO  server.RaftServerConfigKeys (ConfUtils.java:logGet(43)) - raft.server.rpc.sleep.time = 25ms (default)
2019-09-20 04:27:58,548 [e794d2a0-c111-411e-8a54-a665cb3a0d1e@group-38F730EA35EB:LeaderElection75] INFO  server.RaftServerConfigKeys (ConfUtils.java:logGet(43)) - raft.server.write.element-limit = 4096 (default)
2019-09-20 04:27:58,548 [e794d2a0-c111-411e-8a54-a665cb3a0d1e@group-38F730EA35EB:LeaderElection75] INFO  server.RaftServerConfigKeys (ConfUtils.java:logGet(43)) - raft.server.watch.timeout = 10s (default)
2019-09-20 04:27:58,548 [e794d2a0-c111-411e-8a54-a665cb3a0d1e@group-38F730EA35EB:LeaderElection75] INFO  server.RaftServerConfigKeys (ConfUtils.java:logGet(43)) - raft.server.watch.timeout.denomination = 1s (default)
2019-09-20 04:27:58,549 [e794d2a0-c111-411e-8a54-a665cb3a0d1e@group-38F730EA35EB:LeaderElection75] INFO  server.RaftServerConfigKeys (ConfUtils.java:logGet(43)) - raft.server.watch.element-limit = 65536 (default)
2019-09-20 04:27:58,550 [e794d2a0-c111-411e-8a54-a665cb3a0d1e@group-38F730EA35EB:LeaderElection75] INFO  impl.RoleInfo (RoleInfo.java:updateAndGet(143)) - e794d2a0-c111-411e-8a54-a665cb3a0d1e: start LeaderState
2019-09-20 04:27:58,550 [e794d2a0-c111-411e-8a54-a665cb3a0d1e@group-38F730EA35EB:LeaderElection75] INFO  segmented.SegmentedRaftLogWorker (SegmentedRaftLogWorker.java:startLogSegment(380)) - e794d2a0-c111-411e-8a54-a665cb3a0d1e@group-38F730EA35EB-SegmentedRaftLogWorker: Starting segment from index:0
2019-09-20 04:27:58,550 [e794d2a0-c111-411e-8a54-a665cb3a0d1e@group-38F730EA35EB:LeaderElection75] INFO  impl.RaftServerImpl (ServerState.java:setRaftConf(354)) - e794d2a0-c111-411e-8a54-a665cb3a0d1e@group-38F730EA35EB: set configuration 0: [e794d2a0-c111-411e-8a54-a665cb3a0d1e:192.168.36.117:38064], old=null at 0
2019-09-20 04:27:58,576 [57dd0c4b-d993-4460-b414-e8b0694b8fa2@group-D64DB647751A-SegmentedRaftLogWorker] INFO  segmented.SegmentedRaftLogWorker (SegmentedRaftLogWorker.java:execute(569)) - 57dd0c4b-d993-4460-b414-e8b0694b8fa2@group-D64DB647751A-SegmentedRaftLogWorker: created new log segment /workdir/hadoop-ozone/integration-test/target/test-dir/MiniOzoneClusterImpl-aafe4fbf-76b3-435f-8185-881063bd6d24/datanode-2/data/ratis/221a7321-9d06-46c8-bc94-d64db647751a/current/log_inprogress_0
2019-09-20 04:27:58,598 [e794d2a0-c111-411e-8a54-a665cb3a0d1e@group-38F730EA35EB-SegmentedRaftLogWorker] INFO  segmented.SegmentedRaftLogWorker (SegmentedRaftLogWorker.java:execute(569)) - e794d2a0-c111-411e-8a54-a665cb3a0d1e@group-38F730EA35EB-SegmentedRaftLogWorker: created new log segment /workdir/hadoop-ozone/integration-test/target/test-dir/MiniOzoneClusterImpl-aafe4fbf-76b3-435f-8185-881063bd6d24/datanode-1/data/ratis/22373dee-d433-4740-b537-38f730ea35eb/current/log_inprogress_0
2019-09-20 04:27:58,665 [Thread-3092] INFO  impl.FollowerState (FollowerState.java:run(106)) - 87081697-3feb-4b91-be34-9b4806d832ee:group-6C1F2B8FA350 changes to CANDIDATE, lastRpcTime:5158, electionTimeout:5158ms
2019-09-20 04:27:58,666 [Thread-3092] INFO  impl.RoleInfo (RoleInfo.java:shutdownFollowerState(121)) - 87081697-3feb-4b91-be34-9b4806d832ee: shutdown FollowerState
2019-09-20 04:27:58,666 [Thread-3092] INFO  impl.RaftServerImpl (RaftServerImpl.java:setRole(174)) - 87081697-3feb-4b91-be34-9b4806d832ee@group-6C1F2B8FA350: changes role from  FOLLOWER to CANDIDATE at term 0 for changeToCandidate
2019-09-20 04:27:58,666 [Thread-3092] INFO  impl.RoleInfo (RoleInfo.java:updateAndGet(143)) - 87081697-3feb-4b91-be34-9b4806d832ee: start LeaderElection
2019-09-20 04:27:58,681 [Thread-3098] INFO  impl.FollowerState (FollowerState.java:run(106)) - 5774142b-6609-48be-a0aa-2b86d80616d7:group-008919B733F2 changes to CANDIDATE, lastRpcTime:5001, electionTimeout:5001ms
2019-09-20 04:27:58,681 [Thread-3098] INFO  impl.RoleInfo (RoleInfo.java:shutdownFollowerState(121)) - 5774142b-6609-48be-a0aa-2b86d80616d7: shutdown FollowerState
2019-09-20 04:27:58,681 [Thread-3098] INFO  impl.RaftServerImpl (RaftServerImpl.java:setRole(174)) - 5774142b-6609-48be-a0aa-2b86d80616d7@group-008919B733F2: changes role from  FOLLOWER to CANDIDATE at term 0 for changeToCandidate
2019-09-20 04:27:58,681 [Thread-3098] INFO  impl.RoleInfo (RoleInfo.java:updateAndGet(143)) - 5774142b-6609-48be-a0aa-2b86d80616d7: start LeaderElection
2019-09-20 04:27:58,701 [87081697-3feb-4b91-be34-9b4806d832ee@group-6C1F2B8FA350:LeaderElection76] INFO  impl.LeaderElection (LeaderElection.java:askForVotes(182)) - 87081697-3feb-4b91-be34-9b4806d832ee@group-6C1F2B8FA350:LeaderElection76: begin an election at term 1 for -1: [87081697-3feb-4b91-be34-9b4806d832ee:192.168.36.117:39713], old=null
2019-09-20 04:27:58,701 [87081697-3feb-4b91-be34-9b4806d832ee@group-6C1F2B8FA350:LeaderElection76] INFO  impl.RoleInfo (RoleInfo.java:shutdownLeaderElection(134)) - 87081697-3feb-4b91-be34-9b4806d832ee: shutdown LeaderElection
2019-09-20 04:27:58,701 [87081697-3feb-4b91-be34-9b4806d832ee@group-6C1F2B8FA350:LeaderElection76] INFO  impl.RaftServerImpl (RaftServerImpl.java:setRole(174)) - 87081697-3feb-4b91-be34-9b4806d832ee@group-6C1F2B8FA350: changes role from CANDIDATE to LEADER at term 1 for changeToLeader
2019-09-20 04:27:58,701 [87081697-3feb-4b91-be34-9b4806d832ee@group-6C1F2B8FA350:LeaderElection76] INFO  impl.RaftServerImpl (ServerState.java:setLeader(253)) - 87081697-3feb-4b91-be34-9b4806d832ee@group-6C1F2B8FA350: change Leader from null to 87081697-3feb-4b91-be34-9b4806d832ee at term 1 for becomeLeader, leader elected after 5205ms
2019-09-20 04:27:58,702 [87081697-3feb-4b91-be34-9b4806d832ee@group-6C1F2B8FA350:LeaderElection76] INFO  server.RaftServerConfigKeys (ConfUtils.java:logGet(43)) - raft.server.staging.catchup.gap = 1000 (default)
2019-09-20 04:27:58,702 [87081697-3feb-4b91-be34-9b4806d832ee@group-6C1F2B8FA350:LeaderElection76] INFO  server.RaftServerConfigKeys (ConfUtils.java:logGet(43)) - raft.server.rpc.sleep.time = 25ms (default)
2019-09-20 04:27:58,702 [87081697-3feb-4b91-be34-9b4806d832ee@group-6C1F2B8FA350:LeaderElection76] INFO  server.RaftServerConfigKeys (ConfUtils.java:logGet(43)) - raft.server.write.element-limit = 4096 (default)
2019-09-20 04:27:58,702 [87081697-3feb-4b91-be34-9b4806d832ee@group-6C1F2B8FA350:LeaderElection76] INFO  server.RaftServerConfigKeys (ConfUtils.java:logGet(43)) - raft.server.watch.timeout = 10s (default)
2019-09-20 04:27:58,702 [87081697-3feb-4b91-be34-9b4806d832ee@group-6C1F2B8FA350:LeaderElection76] INFO  server.RaftServerConfigKeys (ConfUtils.java:logGet(43)) - raft.server.watch.timeout.denomination = 1s (default)
2019-09-20 04:27:58,702 [87081697-3feb-4b91-be34-9b4806d832ee@group-6C1F2B8FA350:LeaderElection76] INFO  server.RaftServerConfigKeys (ConfUtils.java:logGet(43)) - raft.server.watch.element-limit = 65536 (default)
2019-09-20 04:27:58,704 [87081697-3feb-4b91-be34-9b4806d832ee@group-6C1F2B8FA350:LeaderElection76] INFO  impl.RoleInfo (RoleInfo.java:updateAndGet(143)) - 87081697-3feb-4b91-be34-9b4806d832ee: start LeaderState
2019-09-20 04:27:58,704 [87081697-3feb-4b91-be34-9b4806d832ee@group-6C1F2B8FA350:LeaderElection76] INFO  segmented.SegmentedRaftLogWorker (SegmentedRaftLogWorker.java:startLogSegment(380)) - 87081697-3feb-4b91-be34-9b4806d832ee@group-6C1F2B8FA350-SegmentedRaftLogWorker: Starting segment from index:0
2019-09-20 04:27:58,705 [87081697-3feb-4b91-be34-9b4806d832ee@group-6C1F2B8FA350:LeaderElection76] INFO  impl.RaftServerImpl (ServerState.java:setRaftConf(354)) - 87081697-3feb-4b91-be34-9b4806d832ee@group-6C1F2B8FA350: set configuration 0: [87081697-3feb-4b91-be34-9b4806d832ee:192.168.36.117:39713], old=null at 0
2019-09-20 04:27:58,710 [Thread-3095] INFO  impl.FollowerState (FollowerState.java:run(106)) - f3d3ef81-bd10-470c-864d-686e6ffdda49:group-E9C90B9A1FE0 changes to CANDIDATE, lastRpcTime:5099, electionTimeout:5099ms
2019-09-20 04:27:58,710 [Thread-3095] INFO  impl.RoleInfo (RoleInfo.java:shutdownFollowerState(121)) - f3d3ef81-bd10-470c-864d-686e6ffdda49: shutdown FollowerState
2019-09-20 04:27:58,710 [Thread-3095] INFO  impl.RaftServerImpl (RaftServerImpl.java:setRole(174)) - f3d3ef81-bd10-470c-864d-686e6ffdda49@group-E9C90B9A1FE0: changes role from  FOLLOWER to CANDIDATE at term 0 for changeToCandidate
2019-09-20 04:27:58,711 [Thread-3095] INFO  impl.RoleInfo (RoleInfo.java:updateAndGet(143)) - f3d3ef81-bd10-470c-864d-686e6ffdda49: start LeaderElection
2019-09-20 04:27:58,730 [5774142b-6609-48be-a0aa-2b86d80616d7@group-008919B733F2:LeaderElection77] INFO  impl.LeaderElection (LeaderElection.java:askForVotes(182)) - 5774142b-6609-48be-a0aa-2b86d80616d7@group-008919B733F2:LeaderElection77: begin an election at term 1 for -1: [5774142b-6609-48be-a0aa-2b86d80616d7:192.168.36.117:34201], old=null
2019-09-20 04:27:58,730 [5774142b-6609-48be-a0aa-2b86d80616d7@group-008919B733F2:LeaderElection77] INFO  impl.RoleInfo (RoleInfo.java:shutdownLeaderElection(134)) - 5774142b-6609-48be-a0aa-2b86d80616d7: shutdown LeaderElection
2019-09-20 04:27:58,730 [5774142b-6609-48be-a0aa-2b86d80616d7@group-008919B733F2:LeaderElection77] INFO  impl.RaftServerImpl (RaftServerImpl.java:setRole(174)) - 5774142b-6609-48be-a0aa-2b86d80616d7@group-008919B733F2: changes role from CANDIDATE to LEADER at term 1 for changeToLeader
2019-09-20 04:27:58,730 [5774142b-6609-48be-a0aa-2b86d80616d7@group-008919B733F2:LeaderElection77] INFO  impl.RaftServerImpl (ServerState.java:setLeader(253)) - 5774142b-6609-48be-a0aa-2b86d80616d7@group-008919B733F2: change Leader from null to 5774142b-6609-48be-a0aa-2b86d80616d7 at term 1 for becomeLeader, leader elected after 5062ms
2019-09-20 04:27:58,730 [5774142b-6609-48be-a0aa-2b86d80616d7@group-008919B733F2:LeaderElection77] INFO  server.RaftServerConfigKeys (ConfUtils.java:logGet(43)) - raft.server.staging.catchup.gap = 1000 (default)
2019-09-20 04:27:58,731 [5774142b-6609-48be-a0aa-2b86d80616d7@group-008919B733F2:LeaderElection77] INFO  server.RaftServerConfigKeys (ConfUtils.java:logGet(43)) - raft.server.rpc.sleep.time = 25ms (default)
2019-09-20 04:27:58,731 [5774142b-6609-48be-a0aa-2b86d80616d7@group-008919B733F2:LeaderElection77] INFO  server.RaftServerConfigKeys (ConfUtils.java:logGet(43)) - raft.server.write.element-limit = 4096 (default)
2019-09-20 04:27:58,731 [5774142b-6609-48be-a0aa-2b86d80616d7@group-008919B733F2:LeaderElection77] INFO  server.RaftServerConfigKeys (ConfUtils.java:logGet(43)) - raft.server.watch.timeout = 10s (default)
2019-09-20 04:27:58,731 [5774142b-6609-48be-a0aa-2b86d80616d7@group-008919B733F2:LeaderElection77] INFO  server.RaftServerConfigKeys (ConfUtils.java:logGet(43)) - raft.server.watch.timeout.denomination = 1s (default)
2019-09-20 04:27:58,731 [5774142b-6609-48be-a0aa-2b86d80616d7@group-008919B733F2:LeaderElection77] INFO  server.RaftServerConfigKeys (ConfUtils.java:logGet(43)) - raft.server.watch.element-limit = 65536 (default)
2019-09-20 04:27:58,732 [5774142b-6609-48be-a0aa-2b86d80616d7@group-008919B733F2:LeaderElection77] INFO  impl.RoleInfo (RoleInfo.java:updateAndGet(143)) - 5774142b-6609-48be-a0aa-2b86d80616d7: start LeaderState
2019-09-20 04:27:58,732 [5774142b-6609-48be-a0aa-2b86d80616d7@group-008919B733F2:LeaderElection77] INFO  segmented.SegmentedRaftLogWorker (SegmentedRaftLogWorker.java:startLogSegment(380)) - 5774142b-6609-48be-a0aa-2b86d80616d7@group-008919B733F2-SegmentedRaftLogWorker: Starting segment from index:0
2019-09-20 04:27:58,733 [5774142b-6609-48be-a0aa-2b86d80616d7@group-008919B733F2:LeaderElection77] INFO  impl.RaftServerImpl (ServerState.java:setRaftConf(354)) - 5774142b-6609-48be-a0aa-2b86d80616d7@group-008919B733F2: set configuration 0: [5774142b-6609-48be-a0aa-2b86d80616d7:192.168.36.117:34201], old=null at 0
2019-09-20 04:27:58,754 [Thread-3101] INFO  impl.FollowerState (FollowerState.java:run(106)) - 0dda74ae-caa3-442c-b885-687993250269:group-6258A376569F changes to CANDIDATE, lastRpcTime:5016, electionTimeout:5004ms
2019-09-20 04:27:58,754 [Thread-3101] INFO  impl.RoleInfo (RoleInfo.java:shutdownFollowerState(121)) - 0dda74ae-caa3-442c-b885-687993250269: shutdown FollowerState
2019-09-20 04:27:58,754 [Thread-3101] INFO  impl.RaftServerImpl (RaftServerImpl.java:setRole(174)) - 0dda74ae-caa3-442c-b885-687993250269@group-6258A376569F: changes role from  FOLLOWER to CANDIDATE at term 0 for changeToCandidate
2019-09-20 04:27:58,754 [Thread-3101] INFO  impl.RoleInfo (RoleInfo.java:updateAndGet(143)) - 0dda74ae-caa3-442c-b885-687993250269: start LeaderElection
2019-09-20 04:27:58,780 [f3d3ef81-bd10-470c-864d-686e6ffdda49@group-E9C90B9A1FE0:LeaderElection78] INFO  impl.LeaderElection (LeaderElection.java:askForVotes(182)) - f3d3ef81-bd10-470c-864d-686e6ffdda49@group-E9C90B9A1FE0:LeaderElection78: begin an election at term 1 for -1: [f3d3ef81-bd10-470c-864d-686e6ffdda49:192.168.36.117:32824], old=null
2019-09-20 04:27:58,782 [f3d3ef81-bd10-470c-864d-686e6ffdda49@group-E9C90B9A1FE0:LeaderElection78] INFO  impl.RoleInfo (RoleInfo.java:shutdownLeaderElection(134)) - f3d3ef81-bd10-470c-864d-686e6ffdda49: shutdown LeaderElection
2019-09-20 04:27:58,782 [f3d3ef81-bd10-470c-864d-686e6ffdda49@group-E9C90B9A1FE0:LeaderElection78] INFO  impl.RaftServerImpl (RaftServerImpl.java:setRole(174)) - f3d3ef81-bd10-470c-864d-686e6ffdda49@group-E9C90B9A1FE0: changes role from CANDIDATE to LEADER at term 1 for changeToLeader
2019-09-20 04:27:58,782 [f3d3ef81-bd10-470c-864d-686e6ffdda49@group-E9C90B9A1FE0:LeaderElection78] INFO  impl.RaftServerImpl (ServerState.java:setLeader(253)) - f3d3ef81-bd10-470c-864d-686e6ffdda49@group-E9C90B9A1FE0: change Leader from null to f3d3ef81-bd10-470c-864d-686e6ffdda49 at term 1 for becomeLeader, leader elected after 5183ms
2019-09-20 04:27:58,783 [f3d3ef81-bd10-470c-864d-686e6ffdda49@group-E9C90B9A1FE0:LeaderElection78] INFO  server.RaftServerConfigKeys (ConfUtils.java:logGet(43)) - raft.server.staging.catchup.gap = 1000 (default)
2019-09-20 04:27:58,783 [f3d3ef81-bd10-470c-864d-686e6ffdda49@group-E9C90B9A1FE0:LeaderElection78] INFO  server.RaftServerConfigKeys (ConfUtils.java:logGet(43)) - raft.server.rpc.sleep.time = 25ms (default)
2019-09-20 04:27:58,783 [f3d3ef81-bd10-470c-864d-686e6ffdda49@group-E9C90B9A1FE0:LeaderElection78] INFO  server.RaftServerConfigKeys (ConfUtils.java:logGet(43)) - raft.server.write.element-limit = 4096 (default)
2019-09-20 04:27:58,783 [f3d3ef81-bd10-470c-864d-686e6ffdda49@group-E9C90B9A1FE0:LeaderElection78] INFO  server.RaftServerConfigKeys (ConfUtils.java:logGet(43)) - raft.server.watch.timeout = 10s (default)
2019-09-20 04:27:58,783 [f3d3ef81-bd10-470c-864d-686e6ffdda49@group-E9C90B9A1FE0:LeaderElection78] INFO  server.RaftServerConfigKeys (ConfUtils.java:logGet(43)) - raft.server.watch.timeout.denomination = 1s (default)
2019-09-20 04:27:58,783 [f3d3ef81-bd10-470c-864d-686e6ffdda49@group-E9C90B9A1FE0:LeaderElection78] INFO  server.RaftServerConfigKeys (ConfUtils.java:logGet(43)) - raft.server.watch.element-limit = 65536 (default)
2019-09-20 04:27:58,785 [f3d3ef81-bd10-470c-864d-686e6ffdda49@group-E9C90B9A1FE0:LeaderElection78] INFO  impl.RoleInfo (RoleInfo.java:updateAndGet(143)) - f3d3ef81-bd10-470c-864d-686e6ffdda49: start LeaderState
2019-09-20 04:27:58,786 [f3d3ef81-bd10-470c-864d-686e6ffdda49@group-E9C90B9A1FE0:LeaderElection78] INFO  segmented.SegmentedRaftLogWorker (SegmentedRaftLogWorker.java:startLogSegment(380)) - f3d3ef81-bd10-470c-864d-686e6ffdda49@group-E9C90B9A1FE0-SegmentedRaftLogWorker: Starting segment from index:0
2019-09-20 04:27:58,788 [f3d3ef81-bd10-470c-864d-686e6ffdda49@group-E9C90B9A1FE0:LeaderElection78] INFO  impl.RaftServerImpl (ServerState.java:setRaftConf(354)) - f3d3ef81-bd10-470c-864d-686e6ffdda49@group-E9C90B9A1FE0: set configuration 0: [f3d3ef81-bd10-470c-864d-686e6ffdda49:192.168.36.117:32824], old=null at 0
2019-09-20 04:27:58,819 [5774142b-6609-48be-a0aa-2b86d80616d7@group-008919B733F2-SegmentedRaftLogWorker] INFO  segmented.SegmentedRaftLogWorker (SegmentedRaftLogWorker.java:execute(569)) - 5774142b-6609-48be-a0aa-2b86d80616d7@group-008919B733F2-SegmentedRaftLogWorker: created new log segment /workdir/hadoop-ozone/integration-test/target/test-dir/MiniOzoneClusterImpl-aafe4fbf-76b3-435f-8185-881063bd6d24/datanode-5/data/ratis/8a25bea9-452c-478d-bfe5-008919b733f2/current/log_inprogress_0
2019-09-20 04:27:58,825 [87081697-3feb-4b91-be34-9b4806d832ee@group-6C1F2B8FA350-SegmentedRaftLogWorker] INFO  segmented.SegmentedRaftLogWorker (SegmentedRaftLogWorker.java:execute(569)) - 87081697-3feb-4b91-be34-9b4806d832ee@group-6C1F2B8FA350-SegmentedRaftLogWorker: created new log segment /workdir/hadoop-ozone/integration-test/target/test-dir/MiniOzoneClusterImpl-aafe4fbf-76b3-435f-8185-881063bd6d24/datanode-3/data/ratis/d445642b-5d4b-4f2d-9c43-6c1f2b8fa350/current/log_inprogress_0
2019-09-20 04:27:58,822 [0dda74ae-caa3-442c-b885-687993250269@group-6258A376569F:LeaderElection79] INFO  impl.LeaderElection (LeaderElection.java:askForVotes(182)) - 0dda74ae-caa3-442c-b885-687993250269@group-6258A376569F:LeaderElection79: begin an election at term 1 for -1: [0dda74ae-caa3-442c-b885-687993250269:192.168.36.117:32864], old=null
2019-09-20 04:27:58,826 [grpc-default-executor-3] INFO  client.GrpcClientProtocolClient (GrpcClientProtocolClient.java:onNext(264)) - client-AC8A338CC9B1->0dda74ae-caa3-442c-b885-687993250269: receive RaftClientReply:client-AC8A338CC9B1->0dda74ae-caa3-442c-b885-687993250269@group-C5836D743F5B, cid=183, FAILED org.apache.ratis.protocol.NotLeaderException: Server 0dda74ae-caa3-442c-b885-687993250269@group-C5836D743F5B is not the leader, logIndex=0, commits[0dda74ae-caa3-442c-b885-687993250269:c-1]
2019-09-20 04:27:58,826 [0dda74ae-caa3-442c-b885-687993250269@group-6258A376569F:LeaderElection79] INFO  impl.RoleInfo (RoleInfo.java:shutdownLeaderElection(134)) - 0dda74ae-caa3-442c-b885-687993250269: shutdown LeaderElection
2019-09-20 04:27:58,826 [0dda74ae-caa3-442c-b885-687993250269@group-6258A376569F:LeaderElection79] INFO  impl.RaftServerImpl (RaftServerImpl.java:setRole(174)) - 0dda74ae-caa3-442c-b885-687993250269@group-6258A376569F: changes role from CANDIDATE to LEADER at term 1 for changeToLeader
2019-09-20 04:27:58,827 [0dda74ae-caa3-442c-b885-687993250269@group-6258A376569F:LeaderElection79] INFO  impl.RaftServerImpl (ServerState.java:setLeader(253)) - 0dda74ae-caa3-442c-b885-687993250269@group-6258A376569F: change Leader from null to 0dda74ae-caa3-442c-b885-687993250269 at term 1 for becomeLeader, leader elected after 5096ms
2019-09-20 04:27:58,830 [0dda74ae-caa3-442c-b885-687993250269@group-6258A376569F:LeaderElection79] INFO  server.RaftServerConfigKeys (ConfUtils.java:logGet(43)) - raft.server.staging.catchup.gap = 1000 (default)
2019-09-20 04:27:58,830 [0dda74ae-caa3-442c-b885-687993250269@group-6258A376569F:LeaderElection79] INFO  server.RaftServerConfigKeys (ConfUtils.java:logGet(43)) - raft.server.rpc.sleep.time = 25ms (default)
2019-09-20 04:27:58,830 [0dda74ae-caa3-442c-b885-687993250269@group-6258A376569F:LeaderElection79] INFO  server.RaftServerConfigKeys (ConfUtils.java:logGet(43)) - raft.server.write.element-limit = 4096 (default)
2019-09-20 04:27:58,830 [0dda74ae-caa3-442c-b885-687993250269@group-6258A376569F:LeaderElection79] INFO  server.RaftServerConfigKeys (ConfUtils.java:logGet(43)) - raft.server.watch.timeout = 10s (default)
2019-09-20 04:27:58,830 [0dda74ae-caa3-442c-b885-687993250269@group-6258A376569F:LeaderElection79] INFO  server.RaftServerConfigKeys (ConfUtils.java:logGet(43)) - raft.server.watch.timeout.denomination = 1s (default)
2019-09-20 04:27:58,830 [0dda74ae-caa3-442c-b885-687993250269@group-6258A376569F:LeaderElection79] INFO  server.RaftServerConfigKeys (ConfUtils.java:logGet(43)) - raft.server.watch.element-limit = 65536 (default)
2019-09-20 04:27:58,833 [0dda74ae-caa3-442c-b885-687993250269@group-6258A376569F:LeaderElection79] INFO  impl.RoleInfo (RoleInfo.java:updateAndGet(143)) - 0dda74ae-caa3-442c-b885-687993250269: start LeaderState
2019-09-20 04:27:58,833 [0dda74ae-caa3-442c-b885-687993250269@group-6258A376569F:LeaderElection79] INFO  segmented.SegmentedRaftLogWorker (SegmentedRaftLogWorker.java:startLogSegment(380)) - 0dda74ae-caa3-442c-b885-687993250269@group-6258A376569F-SegmentedRaftLogWorker: Starting segment from index:0
2019-09-20 04:27:58,833 [0dda74ae-caa3-442c-b885-687993250269@group-6258A376569F:LeaderElection79] INFO  impl.RaftServerImpl (ServerState.java:setRaftConf(354)) - 0dda74ae-caa3-442c-b885-687993250269@group-6258A376569F: set configuration 0: [0dda74ae-caa3-442c-b885-687993250269:192.168.36.117:32864], old=null at 0
2019-09-20 04:27:58,854 [f3d3ef81-bd10-470c-864d-686e6ffdda49@group-E9C90B9A1FE0-SegmentedRaftLogWorker] INFO  segmented.SegmentedRaftLogWorker (SegmentedRaftLogWorker.java:execute(569)) - f3d3ef81-bd10-470c-864d-686e6ffdda49@group-E9C90B9A1FE0-SegmentedRaftLogWorker: created new log segment /workdir/hadoop-ozone/integration-test/target/test-dir/MiniOzoneClusterImpl-aafe4fbf-76b3-435f-8185-881063bd6d24/datanode-4/data/ratis/609d3fcb-9c38-4248-b6ed-e9c90b9a1fe0/current/log_inprogress_0
2019-09-20 04:27:58,880 [0dda74ae-caa3-442c-b885-687993250269@group-6258A376569F-SegmentedRaftLogWorker] INFO  segmented.SegmentedRaftLogWorker (SegmentedRaftLogWorker.java:execute(569)) - 0dda74ae-caa3-442c-b885-687993250269@group-6258A376569F-SegmentedRaftLogWorker: created new log segment /workdir/hadoop-ozone/integration-test/target/test-dir/MiniOzoneClusterImpl-aafe4fbf-76b3-435f-8185-881063bd6d24/datanode-6/data/ratis/c2758985-b3d1-4493-b731-6258a376569f/current/log_inprogress_0
2019-09-20 04:27:58,916 [Thread-3104] INFO  impl.FollowerState (FollowerState.java:run(106)) - 57dd0c4b-d993-4460-b414-e8b0694b8fa2:group-C723C3EA02FF changes to CANDIDATE, lastRpcTime:5119, electionTimeout:5119ms
2019-09-20 04:27:58,916 [Thread-3104] INFO  impl.RoleInfo (RoleInfo.java:shutdownFollowerState(121)) - 57dd0c4b-d993-4460-b414-e8b0694b8fa2: shutdown FollowerState
2019-09-20 04:27:58,916 [Thread-3104] INFO  impl.RaftServerImpl (RaftServerImpl.java:setRole(174)) - 57dd0c4b-d993-4460-b414-e8b0694b8fa2@group-C723C3EA02FF: changes role from  FOLLOWER to CANDIDATE at term 0 for changeToCandidate
2019-09-20 04:27:58,916 [Thread-3104] INFO  impl.RoleInfo (RoleInfo.java:updateAndGet(143)) - 57dd0c4b-d993-4460-b414-e8b0694b8fa2: start LeaderElection
2019-09-20 04:27:58,926 [Thread-3110] INFO  impl.FollowerState (FollowerState.java:run(106)) - 5774142b-6609-48be-a0aa-2b86d80616d7:group-C723C3EA02FF changes to CANDIDATE, lastRpcTime:5094, electionTimeout:5094ms
2019-09-20 04:27:58,926 [Thread-3110] INFO  impl.RoleInfo (RoleInfo.java:shutdownFollowerState(121)) - 5774142b-6609-48be-a0aa-2b86d80616d7: shutdown FollowerState
2019-09-20 04:27:58,927 [Thread-3110] INFO  impl.RaftServerImpl (RaftServerImpl.java:setRole(174)) - 5774142b-6609-48be-a0aa-2b86d80616d7@group-C723C3EA02FF: changes role from  FOLLOWER to CANDIDATE at term 0 for changeToCandidate
2019-09-20 04:27:58,927 [Thread-3110] INFO  impl.RoleInfo (RoleInfo.java:updateAndGet(143)) - 5774142b-6609-48be-a0aa-2b86d80616d7: start LeaderElection
2019-09-20 04:27:58,939 [57dd0c4b-d993-4460-b414-e8b0694b8fa2@group-C723C3EA02FF:LeaderElection80] INFO  impl.LeaderElection (LeaderElection.java:askForVotes(182)) - 57dd0c4b-d993-4460-b414-e8b0694b8fa2@group-C723C3EA02FF:LeaderElection80: begin an election at term 1 for -1: [f3d3ef81-bd10-470c-864d-686e6ffdda49:192.168.36.117:32824, 5774142b-6609-48be-a0aa-2b86d80616d7:192.168.36.117:34201, 57dd0c4b-d993-4460-b414-e8b0694b8fa2:192.168.36.117:37320], old=null
2019-09-20 04:27:58,946 [grpc-default-executor-5] INFO  impl.RaftServerImpl (RaftServerImpl.java:setRole(174)) - f3d3ef81-bd10-470c-864d-686e6ffdda49@group-C723C3EA02FF: changes role from  FOLLOWER to FOLLOWER at term 1 for recognizeCandidate:57dd0c4b-d993-4460-b414-e8b0694b8fa2
2019-09-20 04:27:58,946 [grpc-default-executor-5] INFO  impl.RoleInfo (RoleInfo.java:shutdownFollowerState(121)) - f3d3ef81-bd10-470c-864d-686e6ffdda49: shutdown FollowerState
2019-09-20 04:27:58,946 [grpc-default-executor-5] INFO  impl.RoleInfo (RoleInfo.java:updateAndGet(143)) - f3d3ef81-bd10-470c-864d-686e6ffdda49: start FollowerState
2019-09-20 04:27:58,946 [Thread-3108] INFO  impl.FollowerState (FollowerState.java:run(115)) - f3d3ef81-bd10-470c-864d-686e6ffdda49: FollowerState was interrupted: java.lang.InterruptedException: sleep interrupted
2019-09-20 04:27:58,965 [5774142b-6609-48be-a0aa-2b86d80616d7@group-C723C3EA02FF:LeaderElection81] INFO  impl.LeaderElection (LeaderElection.java:askForVotes(182)) - 5774142b-6609-48be-a0aa-2b86d80616d7@group-C723C3EA02FF:LeaderElection81: begin an election at term 1 for -1: [f3d3ef81-bd10-470c-864d-686e6ffdda49:192.168.36.117:32824, 5774142b-6609-48be-a0aa-2b86d80616d7:192.168.36.117:34201, 57dd0c4b-d993-4460-b414-e8b0694b8fa2:192.168.36.117:37320], old=null
2019-09-20 04:27:59,003 [5774142b-6609-48be-a0aa-2b86d80616d7@group-C723C3EA02FF:LeaderElection81] INFO  impl.LeaderElection (LeaderElection.java:logAndReturn(56)) - 5774142b-6609-48be-a0aa-2b86d80616d7@group-C723C3EA02FF:LeaderElection81: Election REJECTED; received 2 response(s) [5774142b-6609-48be-a0aa-2b86d80616d7<-f3d3ef81-bd10-470c-864d-686e6ffdda49#0:FAIL-t1, 5774142b-6609-48be-a0aa-2b86d80616d7<-57dd0c4b-d993-4460-b414-e8b0694b8fa2#0:FAIL-t1] and 0 exception(s); 5774142b-6609-48be-a0aa-2b86d80616d7@group-C723C3EA02FF:t1, leader=null, voted=5774142b-6609-48be-a0aa-2b86d80616d7, raftlog=5774142b-6609-48be-a0aa-2b86d80616d7@group-C723C3EA02FF-SegmentedRaftLog:OPENED:c-1,f-1,i0, conf=-1: [f3d3ef81-bd10-470c-864d-686e6ffdda49:192.168.36.117:32824, 5774142b-6609-48be-a0aa-2b86d80616d7:192.168.36.117:34201, 57dd0c4b-d993-4460-b414-e8b0694b8fa2:192.168.36.117:37320], old=null
2019-09-20 04:27:59,003 [57dd0c4b-d993-4460-b414-e8b0694b8fa2@group-C723C3EA02FF:LeaderElection80] INFO  impl.LeaderElection (LeaderElection.java:logAndReturn(56)) - 57dd0c4b-d993-4460-b414-e8b0694b8fa2@group-C723C3EA02FF:LeaderElection80: Election PASSED; received 2 response(s) [57dd0c4b-d993-4460-b414-e8b0694b8fa2<-f3d3ef81-bd10-470c-864d-686e6ffdda49#0:OK-t1, 57dd0c4b-d993-4460-b414-e8b0694b8fa2<-5774142b-6609-48be-a0aa-2b86d80616d7#0:FAIL-t1] and 0 exception(s); 57dd0c4b-d993-4460-b414-e8b0694b8fa2@group-C723C3EA02FF:t1, leader=null, voted=57dd0c4b-d993-4460-b414-e8b0694b8fa2, raftlog=57dd0c4b-d993-4460-b414-e8b0694b8fa2@group-C723C3EA02FF-SegmentedRaftLog:OPENED:c-1,f-1,i0, conf=-1: [f3d3ef81-bd10-470c-864d-686e6ffdda49:192.168.36.117:32824, 5774142b-6609-48be-a0aa-2b86d80616d7:192.168.36.117:34201, 57dd0c4b-d993-4460-b414-e8b0694b8fa2:192.168.36.117:37320], old=null
2019-09-20 04:27:59,003 [5774142b-6609-48be-a0aa-2b86d80616d7@group-C723C3EA02FF:LeaderElection81] INFO  impl.RaftServerImpl (RaftServerImpl.java:setRole(174)) - 5774142b-6609-48be-a0aa-2b86d80616d7@group-C723C3EA02FF: changes role from CANDIDATE to FOLLOWER at term 1 for DISCOVERED_A_NEW_TERM
2019-09-20 04:27:59,005 [57dd0c4b-d993-4460-b414-e8b0694b8fa2@group-C723C3EA02FF:LeaderElection80] INFO  impl.RoleInfo (RoleInfo.java:shutdownLeaderElection(134)) - 57dd0c4b-d993-4460-b414-e8b0694b8fa2: shutdown LeaderElection
2019-09-20 04:27:59,005 [5774142b-6609-48be-a0aa-2b86d80616d7@group-C723C3EA02FF:LeaderElection81] INFO  impl.RoleInfo (RoleInfo.java:shutdownLeaderElection(134)) - 5774142b-6609-48be-a0aa-2b86d80616d7: shutdown LeaderElection
2019-09-20 04:27:59,007 [57dd0c4b-d993-4460-b414-e8b0694b8fa2@group-C723C3EA02FF:LeaderElection80] INFO  impl.RaftServerImpl (RaftServerImpl.java:setRole(174)) - 57dd0c4b-d993-4460-b414-e8b0694b8fa2@group-C723C3EA02FF: changes role from CANDIDATE to LEADER at term 1 for changeToLeader
2019-09-20 04:27:59,007 [5774142b-6609-48be-a0aa-2b86d80616d7@group-C723C3EA02FF:LeaderElection81] INFO  impl.RoleInfo (RoleInfo.java:updateAndGet(143)) - 5774142b-6609-48be-a0aa-2b86d80616d7: start FollowerState
2019-09-20 04:27:59,007 [57dd0c4b-d993-4460-b414-e8b0694b8fa2@group-C723C3EA02FF:LeaderElection80] INFO  impl.RaftServerImpl (ServerState.java:setLeader(253)) - 57dd0c4b-d993-4460-b414-e8b0694b8fa2@group-C723C3EA02FF: change Leader from null to 57dd0c4b-d993-4460-b414-e8b0694b8fa2 at term 1 for becomeLeader, leader elected after 5216ms
2019-09-20 04:27:59,007 [57dd0c4b-d993-4460-b414-e8b0694b8fa2@group-C723C3EA02FF:LeaderElection80] INFO  server.RaftServerConfigKeys (ConfUtils.java:logGet(43)) - raft.server.staging.catchup.gap = 1000 (default)
2019-09-20 04:27:59,007 [57dd0c4b-d993-4460-b414-e8b0694b8fa2@group-C723C3EA02FF:LeaderElection80] INFO  server.RaftServerConfigKeys (ConfUtils.java:logGet(43)) - raft.server.rpc.sleep.time = 25ms (default)
2019-09-20 04:27:59,007 [57dd0c4b-d993-4460-b414-e8b0694b8fa2@group-C723C3EA02FF:LeaderElection80] INFO  server.RaftServerConfigKeys (ConfUtils.java:logGet(43)) - raft.server.write.element-limit = 4096 (default)
2019-09-20 04:27:59,007 [57dd0c4b-d993-4460-b414-e8b0694b8fa2@group-C723C3EA02FF:LeaderElection80] INFO  server.RaftServerConfigKeys (ConfUtils.java:logGet(43)) - raft.server.watch.timeout = 10s (default)
2019-09-20 04:27:59,007 [57dd0c4b-d993-4460-b414-e8b0694b8fa2@group-C723C3EA02FF:LeaderElection80] INFO  server.RaftServerConfigKeys (ConfUtils.java:logGet(43)) - raft.server.watch.timeout.denomination = 1s (default)
2019-09-20 04:27:59,008 [57dd0c4b-d993-4460-b414-e8b0694b8fa2@group-C723C3EA02FF:LeaderElection80] INFO  server.RaftServerConfigKeys (ConfUtils.java:logGet(43)) - raft.server.watch.element-limit = 65536 (default)
2019-09-20 04:27:59,009 [57dd0c4b-d993-4460-b414-e8b0694b8fa2@group-C723C3EA02FF:LeaderElection80] INFO  server.RaftServerConfigKeys (ConfUtils.java:logGet(43)) - raft.server.log.appender.snapshot.chunk.size.max = 16MB (=16777216) (default)
2019-09-20 04:27:59,010 [57dd0c4b-d993-4460-b414-e8b0694b8fa2@group-C723C3EA02FF:LeaderElection80] INFO  server.RaftServerConfigKeys (ConfUtils.java:logGet(43)) - raft.server.log.appender.buffer.byte-limit = 33554432 (custom)
2019-09-20 04:27:59,010 [57dd0c4b-d993-4460-b414-e8b0694b8fa2@group-C723C3EA02FF:LeaderElection80] INFO  server.RaftServerConfigKeys (ConfUtils.java:logGet(43)) - raft.server.log.appender.buffer.element-limit = 1 (custom)
2019-09-20 04:27:59,010 [57dd0c4b-d993-4460-b414-e8b0694b8fa2@group-C723C3EA02FF:LeaderElection80] INFO  grpc.GrpcConfigKeys$Server (ConfUtils.java:logGet(43)) - raft.grpc.server.leader.outstanding.appends.max = 128 (default)
2019-09-20 04:27:59,010 [57dd0c4b-d993-4460-b414-e8b0694b8fa2@group-C723C3EA02FF:LeaderElection80] INFO  server.RaftServerConfigKeys (ConfUtils.java:logGet(43)) - raft.server.rpc.request.timeout = 3000ms (default)
2019-09-20 04:27:59,010 [57dd0c4b-d993-4460-b414-e8b0694b8fa2@group-C723C3EA02FF:LeaderElection80] INFO  server.RaftServerConfigKeys (ConfUtils.java:logGet(43)) - raft.server.log.appender.install.snapshot.enabled = false (custom)
2019-09-20 04:27:59,010 [57dd0c4b-d993-4460-b414-e8b0694b8fa2@group-C723C3EA02FF:LeaderElection80] INFO  server.RaftServerConfigKeys (ConfUtils.java:logGet(43)) - raft.server.log.appender.snapshot.chunk.size.max = 16MB (=16777216) (default)
2019-09-20 04:27:59,011 [57dd0c4b-d993-4460-b414-e8b0694b8fa2@group-C723C3EA02FF:LeaderElection80] INFO  server.RaftServerConfigKeys (ConfUtils.java:logGet(43)) - raft.server.log.appender.buffer.byte-limit = 33554432 (custom)
2019-09-20 04:27:59,011 [57dd0c4b-d993-4460-b414-e8b0694b8fa2@group-C723C3EA02FF:LeaderElection80] INFO  server.RaftServerConfigKeys (ConfUtils.java:logGet(43)) - raft.server.log.appender.buffer.element-limit = 1 (custom)
2019-09-20 04:27:59,011 [57dd0c4b-d993-4460-b414-e8b0694b8fa2@group-C723C3EA02FF:LeaderElection80] INFO  grpc.GrpcConfigKeys$Server (ConfUtils.java:logGet(43)) - raft.grpc.server.leader.outstanding.appends.max = 128 (default)
2019-09-20 04:27:59,011 [57dd0c4b-d993-4460-b414-e8b0694b8fa2@group-C723C3EA02FF:LeaderElection80] INFO  server.RaftServerConfigKeys (ConfUtils.java:logGet(43)) - raft.server.rpc.request.timeout = 3000ms (default)
2019-09-20 04:27:59,011 [57dd0c4b-d993-4460-b414-e8b0694b8fa2@group-C723C3EA02FF:LeaderElection80] INFO  server.RaftServerConfigKeys (ConfUtils.java:logGet(43)) - raft.server.log.appender.install.snapshot.enabled = false (custom)
2019-09-20 04:27:59,011 [57dd0c4b-d993-4460-b414-e8b0694b8fa2@group-C723C3EA02FF:LeaderElection80] INFO  impl.RoleInfo (RoleInfo.java:updateAndGet(143)) - 57dd0c4b-d993-4460-b414-e8b0694b8fa2: start LeaderState
2019-09-20 04:27:59,012 [57dd0c4b-d993-4460-b414-e8b0694b8fa2@group-C723C3EA02FF:LeaderElection80] INFO  segmented.SegmentedRaftLogWorker (SegmentedRaftLogWorker.java:startLogSegment(380)) - 57dd0c4b-d993-4460-b414-e8b0694b8fa2@group-C723C3EA02FF-SegmentedRaftLogWorker: Starting segment from index:0
2019-09-20 04:27:59,012 [57dd0c4b-d993-4460-b414-e8b0694b8fa2@group-C723C3EA02FF:LeaderElection80] INFO  impl.RaftServerImpl (ServerState.java:setRaftConf(354)) - 57dd0c4b-d993-4460-b414-e8b0694b8fa2@group-C723C3EA02FF: set configuration 0: [f3d3ef81-bd10-470c-864d-686e6ffdda49:192.168.36.117:32824, 5774142b-6609-48be-a0aa-2b86d80616d7:192.168.36.117:34201, 57dd0c4b-d993-4460-b414-e8b0694b8fa2:192.168.36.117:37320], old=null at 0
2019-09-20 04:27:59,014 [grpc-default-executor-5] INFO  impl.RaftServerImpl (ServerState.java:setLeader(253)) - f3d3ef81-bd10-470c-864d-686e6ffdda49@group-C723C3EA02FF: change Leader from null to 57dd0c4b-d993-4460-b414-e8b0694b8fa2 at term 1 for appendEntries, leader elected after 5189ms
2019-09-20 04:27:59,014 [grpc-default-executor-3] INFO  impl.RaftServerImpl (ServerState.java:setLeader(253)) - 5774142b-6609-48be-a0aa-2b86d80616d7@group-C723C3EA02FF: change Leader from null to 57dd0c4b-d993-4460-b414-e8b0694b8fa2 at term 1 for appendEntries, leader elected after 5188ms
2019-09-20 04:27:59,040 [Thread-3115] INFO  impl.FollowerState (FollowerState.java:run(106)) - 0dda74ae-caa3-442c-b885-687993250269:group-C5836D743F5B changes to CANDIDATE, lastRpcTime:5115, electionTimeout:5111ms
2019-09-20 04:27:59,040 [Thread-3115] INFO  impl.RoleInfo (RoleInfo.java:shutdownFollowerState(121)) - 0dda74ae-caa3-442c-b885-687993250269: shutdown FollowerState
2019-09-20 04:27:59,040 [Thread-3115] INFO  impl.RaftServerImpl (RaftServerImpl.java:setRole(174)) - 0dda74ae-caa3-442c-b885-687993250269@group-C5836D743F5B: changes role from  FOLLOWER to CANDIDATE at term 0 for changeToCandidate
2019-09-20 04:27:59,040 [Thread-3115] INFO  impl.RoleInfo (RoleInfo.java:updateAndGet(143)) - 0dda74ae-caa3-442c-b885-687993250269: start LeaderElection
2019-09-20 04:27:59,041 [grpc-default-executor-3] INFO  impl.RaftServerImpl (ServerState.java:setRaftConf(354)) - f3d3ef81-bd10-470c-864d-686e6ffdda49@group-C723C3EA02FF: set configuration 0: [f3d3ef81-bd10-470c-864d-686e6ffdda49:192.168.36.117:32824, 5774142b-6609-48be-a0aa-2b86d80616d7:192.168.36.117:34201, 57dd0c4b-d993-4460-b414-e8b0694b8fa2:192.168.36.117:37320], old=null at 0
2019-09-20 04:27:59,042 [grpc-default-executor-3] INFO  segmented.SegmentedRaftLogWorker (SegmentedRaftLogWorker.java:startLogSegment(380)) - f3d3ef81-bd10-470c-864d-686e6ffdda49@group-C723C3EA02FF-SegmentedRaftLogWorker: Starting segment from index:0
2019-09-20 04:27:59,043 [grpc-default-executor-5] INFO  impl.RaftServerImpl (ServerState.java:setRaftConf(354)) - 5774142b-6609-48be-a0aa-2b86d80616d7@group-C723C3EA02FF: set configuration 0: [f3d3ef81-bd10-470c-864d-686e6ffdda49:192.168.36.117:32824, 5774142b-6609-48be-a0aa-2b86d80616d7:192.168.36.117:34201, 57dd0c4b-d993-4460-b414-e8b0694b8fa2:192.168.36.117:37320], old=null at 0
2019-09-20 04:27:59,045 [grpc-default-executor-5] INFO  segmented.SegmentedRaftLogWorker (SegmentedRaftLogWorker.java:startLogSegment(380)) - 5774142b-6609-48be-a0aa-2b86d80616d7@group-C723C3EA02FF-SegmentedRaftLogWorker: Starting segment from index:0
2019-09-20 04:27:59,081 [57dd0c4b-d993-4460-b414-e8b0694b8fa2@group-C723C3EA02FF-SegmentedRaftLogWorker] INFO  segmented.SegmentedRaftLogWorker (SegmentedRaftLogWorker.java:execute(569)) - 57dd0c4b-d993-4460-b414-e8b0694b8fa2@group-C723C3EA02FF-SegmentedRaftLogWorker: created new log segment /workdir/hadoop-ozone/integration-test/target/test-dir/MiniOzoneClusterImpl-aafe4fbf-76b3-435f-8185-881063bd6d24/datanode-2/data/ratis/e5260401-73af-4b5b-9117-c723c3ea02ff/current/log_inprogress_0
2019-09-20 04:27:59,085 [0dda74ae-caa3-442c-b885-687993250269@group-C5836D743F5B:LeaderElection82] INFO  impl.LeaderElection (LeaderElection.java:askForVotes(182)) - 0dda74ae-caa3-442c-b885-687993250269@group-C5836D743F5B:LeaderElection82: begin an election at term 1 for -1: [0dda74ae-caa3-442c-b885-687993250269:192.168.36.117:32864, e794d2a0-c111-411e-8a54-a665cb3a0d1e:192.168.36.117:38064, 425133b3-490d-4f01-bfaa-91a0a46f8f04:192.168.36.117:39086], old=null
2019-09-20 04:27:59,091 [grpc-default-executor-5] INFO  impl.RaftServerImpl (RaftServerImpl.java:setRole(174)) - e794d2a0-c111-411e-8a54-a665cb3a0d1e@group-C5836D743F5B: changes role from  FOLLOWER to FOLLOWER at term 1 for recognizeCandidate:0dda74ae-caa3-442c-b885-687993250269
2019-09-20 04:27:59,091 [grpc-default-executor-6] INFO  impl.RaftServerImpl (RaftServerImpl.java:setRole(174)) - 425133b3-490d-4f01-bfaa-91a0a46f8f04@group-C5836D743F5B: changes role from  FOLLOWER to FOLLOWER at term 1 for recognizeCandidate:0dda74ae-caa3-442c-b885-687993250269
2019-09-20 04:27:59,091 [grpc-default-executor-5] INFO  impl.RoleInfo (RoleInfo.java:shutdownFollowerState(121)) - e794d2a0-c111-411e-8a54-a665cb3a0d1e: shutdown FollowerState
2019-09-20 04:27:59,091 [grpc-default-executor-6] INFO  impl.RoleInfo (RoleInfo.java:shutdownFollowerState(121)) - 425133b3-490d-4f01-bfaa-91a0a46f8f04: shutdown FollowerState
2019-09-20 04:27:59,091 [Thread-3116] INFO  impl.FollowerState (FollowerState.java:run(115)) - e794d2a0-c111-411e-8a54-a665cb3a0d1e: FollowerState was interrupted: java.lang.InterruptedException: sleep interrupted
2019-09-20 04:27:59,091 [grpc-default-executor-5] INFO  impl.RoleInfo (RoleInfo.java:updateAndGet(143)) - e794d2a0-c111-411e-8a54-a665cb3a0d1e: start FollowerState
2019-09-20 04:27:59,092 [grpc-default-executor-6] INFO  impl.RoleInfo (RoleInfo.java:updateAndGet(143)) - 425133b3-490d-4f01-bfaa-91a0a46f8f04: start FollowerState
2019-09-20 04:27:59,094 [Thread-3117] INFO  impl.FollowerState (FollowerState.java:run(115)) - 425133b3-490d-4f01-bfaa-91a0a46f8f04: FollowerState was interrupted: java.lang.InterruptedException: sleep interrupted
2019-09-20 04:27:59,110 [f3d3ef81-bd10-470c-864d-686e6ffdda49@group-C723C3EA02FF-SegmentedRaftLogWorker] INFO  segmented.SegmentedRaftLogWorker (SegmentedRaftLogWorker.java:execute(569)) - f3d3ef81-bd10-470c-864d-686e6ffdda49@group-C723C3EA02FF-SegmentedRaftLogWorker: created new log segment /workdir/hadoop-ozone/integration-test/target/test-dir/MiniOzoneClusterImpl-aafe4fbf-76b3-435f-8185-881063bd6d24/datanode-4/data/ratis/e5260401-73af-4b5b-9117-c723c3ea02ff/current/log_inprogress_0
2019-09-20 04:27:59,110 [5774142b-6609-48be-a0aa-2b86d80616d7@group-C723C3EA02FF-SegmentedRaftLogWorker] INFO  segmented.SegmentedRaftLogWorker (SegmentedRaftLogWorker.java:execute(569)) - 5774142b-6609-48be-a0aa-2b86d80616d7@group-C723C3EA02FF-SegmentedRaftLogWorker: created new log segment /workdir/hadoop-ozone/integration-test/target/test-dir/MiniOzoneClusterImpl-aafe4fbf-76b3-435f-8185-881063bd6d24/datanode-5/data/ratis/e5260401-73af-4b5b-9117-c723c3ea02ff/current/log_inprogress_0
2019-09-20 04:27:59,134 [0dda74ae-caa3-442c-b885-687993250269@group-C5836D743F5B:LeaderElection82] INFO  impl.LeaderElection (LeaderElection.java:logAndReturn(56)) - 0dda74ae-caa3-442c-b885-687993250269@group-C5836D743F5B:LeaderElection82: Election PASSED; received 1 response(s) [0dda74ae-caa3-442c-b885-687993250269<-425133b3-490d-4f01-bfaa-91a0a46f8f04#0:OK-t1] and 0 exception(s); 0dda74ae-caa3-442c-b885-687993250269@group-C5836D743F5B:t1, leader=null, voted=0dda74ae-caa3-442c-b885-687993250269, raftlog=0dda74ae-caa3-442c-b885-687993250269@group-C5836D743F5B-SegmentedRaftLog:OPENED:c-1,f-1,i0, conf=-1: [0dda74ae-caa3-442c-b885-687993250269:192.168.36.117:32864, e794d2a0-c111-411e-8a54-a665cb3a0d1e:192.168.36.117:38064, 425133b3-490d-4f01-bfaa-91a0a46f8f04:192.168.36.117:39086], old=null
2019-09-20 04:27:59,134 [0dda74ae-caa3-442c-b885-687993250269@group-C5836D743F5B:LeaderElection82] INFO  impl.RoleInfo (RoleInfo.java:shutdownLeaderElection(134)) - 0dda74ae-caa3-442c-b885-687993250269: shutdown LeaderElection
2019-09-20 04:27:59,135 [0dda74ae-caa3-442c-b885-687993250269@group-C5836D743F5B:LeaderElection82] INFO  impl.RaftServerImpl (RaftServerImpl.java:setRole(174)) - 0dda74ae-caa3-442c-b885-687993250269@group-C5836D743F5B: changes role from CANDIDATE to LEADER at term 1 for changeToLeader
2019-09-20 04:27:59,135 [0dda74ae-caa3-442c-b885-687993250269@group-C5836D743F5B:LeaderElection82] INFO  impl.RaftServerImpl (ServerState.java:setLeader(253)) - 0dda74ae-caa3-442c-b885-687993250269@group-C5836D743F5B: change Leader from null to 0dda74ae-caa3-442c-b885-687993250269 at term 1 for becomeLeader, leader elected after 5223ms
2019-09-20 04:27:59,135 [0dda74ae-caa3-442c-b885-687993250269@group-C5836D743F5B:LeaderElection82] INFO  server.RaftServerConfigKeys (ConfUtils.java:logGet(43)) - raft.server.staging.catchup.gap = 1000 (default)
2019-09-20 04:27:59,135 [0dda74ae-caa3-442c-b885-687993250269@group-C5836D743F5B:LeaderElection82] INFO  server.RaftServerConfigKeys (ConfUtils.java:logGet(43)) - raft.server.rpc.sleep.time = 25ms (default)
2019-09-20 04:27:59,135 [0dda74ae-caa3-442c-b885-687993250269@group-C5836D743F5B:LeaderElection82] INFO  server.RaftServerConfigKeys (ConfUtils.java:logGet(43)) - raft.server.write.element-limit = 4096 (default)
2019-09-20 04:27:59,135 [0dda74ae-caa3-442c-b885-687993250269@group-C5836D743F5B:LeaderElection82] INFO  server.RaftServerConfigKeys (ConfUtils.java:logGet(43)) - raft.server.watch.timeout = 10s (default)
2019-09-20 04:27:59,136 [0dda74ae-caa3-442c-b885-687993250269@group-C5836D743F5B:LeaderElection82] INFO  server.RaftServerConfigKeys (ConfUtils.java:logGet(43)) - raft.server.watch.timeout.denomination = 1s (default)
2019-09-20 04:27:59,136 [0dda74ae-caa3-442c-b885-687993250269@group-C5836D743F5B:LeaderElection82] INFO  server.RaftServerConfigKeys (ConfUtils.java:logGet(43)) - raft.server.watch.element-limit = 65536 (default)
2019-09-20 04:27:59,138 [0dda74ae-caa3-442c-b885-687993250269@group-C5836D743F5B:LeaderElection82] INFO  server.RaftServerConfigKeys (ConfUtils.java:logGet(43)) - raft.server.log.appender.snapshot.chunk.size.max = 16MB (=16777216) (default)
2019-09-20 04:27:59,138 [0dda74ae-caa3-442c-b885-687993250269@group-C5836D743F5B:LeaderElection82] INFO  server.RaftServerConfigKeys (ConfUtils.java:logGet(43)) - raft.server.log.appender.buffer.byte-limit = 33554432 (custom)
2019-09-20 04:27:59,138 [0dda74ae-caa3-442c-b885-687993250269@group-C5836D743F5B:LeaderElection82] INFO  server.RaftServerConfigKeys (ConfUtils.java:logGet(43)) - raft.server.log.appender.buffer.element-limit = 1 (custom)
2019-09-20 04:27:59,139 [0dda74ae-caa3-442c-b885-687993250269@group-C5836D743F5B:LeaderElection82] INFO  grpc.GrpcConfigKeys$Server (ConfUtils.java:logGet(43)) - raft.grpc.server.leader.outstanding.appends.max = 128 (default)
2019-09-20 04:27:59,139 [0dda74ae-caa3-442c-b885-687993250269@group-C5836D743F5B:LeaderElection82] INFO  server.RaftServerConfigKeys (ConfUtils.java:logGet(43)) - raft.server.rpc.request.timeout = 3000ms (default)
2019-09-20 04:27:59,139 [0dda74ae-caa3-442c-b885-687993250269@group-C5836D743F5B:LeaderElection82] INFO  server.RaftServerConfigKeys (ConfUtils.java:logGet(43)) - raft.server.log.appender.install.snapshot.enabled = false (custom)
2019-09-20 04:27:59,139 [0dda74ae-caa3-442c-b885-687993250269@group-C5836D743F5B:LeaderElection82] INFO  server.RaftServerConfigKeys (ConfUtils.java:logGet(43)) - raft.server.log.appender.snapshot.chunk.size.max = 16MB (=16777216) (default)
2019-09-20 04:27:59,139 [0dda74ae-caa3-442c-b885-687993250269@group-C5836D743F5B:LeaderElection82] INFO  server.RaftServerConfigKeys (ConfUtils.java:logGet(43)) - raft.server.log.appender.buffer.byte-limit = 33554432 (custom)
2019-09-20 04:27:59,139 [0dda74ae-caa3-442c-b885-687993250269@group-C5836D743F5B:LeaderElection82] INFO  server.RaftServerConfigKeys (ConfUtils.java:logGet(43)) - raft.server.log.appender.buffer.element-limit = 1 (custom)
2019-09-20 04:27:59,140 [0dda74ae-caa3-442c-b885-687993250269@group-C5836D743F5B:LeaderElection82] INFO  grpc.GrpcConfigKeys$Server (ConfUtils.java:logGet(43)) - raft.grpc.server.leader.outstanding.appends.max = 128 (default)
2019-09-20 04:27:59,140 [0dda74ae-caa3-442c-b885-687993250269@group-C5836D743F5B:LeaderElection82] INFO  server.RaftServerConfigKeys (ConfUtils.java:logGet(43)) - raft.server.rpc.request.timeout = 3000ms (default)
2019-09-20 04:27:59,140 [0dda74ae-caa3-442c-b885-687993250269@group-C5836D743F5B:LeaderElection82] INFO  server.RaftServerConfigKeys (ConfUtils.java:logGet(43)) - raft.server.log.appender.install.snapshot.enabled = false (custom)
2019-09-20 04:27:59,140 [0dda74ae-caa3-442c-b885-687993250269@group-C5836D743F5B:LeaderElection82] INFO  impl.RoleInfo (RoleInfo.java:updateAndGet(143)) - 0dda74ae-caa3-442c-b885-687993250269: start LeaderState
2019-09-20 04:27:59,140 [0dda74ae-caa3-442c-b885-687993250269@group-C5836D743F5B:LeaderElection82] INFO  segmented.SegmentedRaftLogWorker (SegmentedRaftLogWorker.java:startLogSegment(380)) - 0dda74ae-caa3-442c-b885-687993250269@group-C5836D743F5B-SegmentedRaftLogWorker: Starting segment from index:0
2019-09-20 04:27:59,141 [0dda74ae-caa3-442c-b885-687993250269@group-C5836D743F5B:LeaderElection82] INFO  impl.RaftServerImpl (ServerState.java:setRaftConf(354)) - 0dda74ae-caa3-442c-b885-687993250269@group-C5836D743F5B: set configuration 0: [0dda74ae-caa3-442c-b885-687993250269:192.168.36.117:32864, e794d2a0-c111-411e-8a54-a665cb3a0d1e:192.168.36.117:38064, 425133b3-490d-4f01-bfaa-91a0a46f8f04:192.168.36.117:39086], old=null at 0
2019-09-20 04:27:59,175 [grpc-default-executor-5] INFO  impl.RaftServerImpl (ServerState.java:setLeader(253)) - 425133b3-490d-4f01-bfaa-91a0a46f8f04@group-C5836D743F5B: change Leader from null to 0dda74ae-caa3-442c-b885-687993250269 at term 1 for appendEntries, leader elected after 5265ms
2019-09-20 04:27:59,175 [grpc-default-executor-6] INFO  impl.RaftServerImpl (ServerState.java:setLeader(253)) - e794d2a0-c111-411e-8a54-a665cb3a0d1e@group-C5836D743F5B: change Leader from null to 0dda74ae-caa3-442c-b885-687993250269 at term 1 for appendEntries, leader elected after 5264ms
2019-09-20 04:27:59,179 [grpc-default-executor-6] INFO  impl.RaftServerImpl (ServerState.java:setRaftConf(354)) - 425133b3-490d-4f01-bfaa-91a0a46f8f04@group-C5836D743F5B: set configuration 0: [0dda74ae-caa3-442c-b885-687993250269:192.168.36.117:32864, e794d2a0-c111-411e-8a54-a665cb3a0d1e:192.168.36.117:38064, 425133b3-490d-4f01-bfaa-91a0a46f8f04:192.168.36.117:39086], old=null at 0
2019-09-20 04:27:59,179 [grpc-default-executor-5] INFO  impl.RaftServerImpl (ServerState.java:setRaftConf(354)) - e794d2a0-c111-411e-8a54-a665cb3a0d1e@group-C5836D743F5B: set configuration 0: [0dda74ae-caa3-442c-b885-687993250269:192.168.36.117:32864, e794d2a0-c111-411e-8a54-a665cb3a0d1e:192.168.36.117:38064, 425133b3-490d-4f01-bfaa-91a0a46f8f04:192.168.36.117:39086], old=null at 0
2019-09-20 04:27:59,179 [grpc-default-executor-6] INFO  segmented.SegmentedRaftLogWorker (SegmentedRaftLogWorker.java:startLogSegment(380)) - 425133b3-490d-4f01-bfaa-91a0a46f8f04@group-C5836D743F5B-SegmentedRaftLogWorker: Starting segment from index:0
2019-09-20 04:27:59,180 [grpc-default-executor-5] INFO  segmented.SegmentedRaftLogWorker (SegmentedRaftLogWorker.java:startLogSegment(380)) - e794d2a0-c111-411e-8a54-a665cb3a0d1e@group-C5836D743F5B-SegmentedRaftLogWorker: Starting segment from index:0
2019-09-20 04:27:59,225 [0dda74ae-caa3-442c-b885-687993250269@group-C5836D743F5B-SegmentedRaftLogWorker] INFO  segmented.SegmentedRaftLogWorker (SegmentedRaftLogWorker.java:execute(569)) - 0dda74ae-caa3-442c-b885-687993250269@group-C5836D743F5B-SegmentedRaftLogWorker: created new log segment /workdir/hadoop-ozone/integration-test/target/test-dir/MiniOzoneClusterImpl-aafe4fbf-76b3-435f-8185-881063bd6d24/datanode-6/data/ratis/54114e84-fa76-49d7-8d4e-c5836d743f5b/current/log_inprogress_0
2019-09-20 04:27:59,256 [e794d2a0-c111-411e-8a54-a665cb3a0d1e@group-C5836D743F5B-SegmentedRaftLogWorker] INFO  segmented.SegmentedRaftLogWorker (SegmentedRaftLogWorker.java:execute(569)) - e794d2a0-c111-411e-8a54-a665cb3a0d1e@group-C5836D743F5B-SegmentedRaftLogWorker: created new log segment /workdir/hadoop-ozone/integration-test/target/test-dir/MiniOzoneClusterImpl-aafe4fbf-76b3-435f-8185-881063bd6d24/datanode-1/data/ratis/54114e84-fa76-49d7-8d4e-c5836d743f5b/current/log_inprogress_0
2019-09-20 04:27:59,256 [425133b3-490d-4f01-bfaa-91a0a46f8f04@group-C5836D743F5B-SegmentedRaftLogWorker] INFO  segmented.SegmentedRaftLogWorker (SegmentedRaftLogWorker.java:execute(569)) - 425133b3-490d-4f01-bfaa-91a0a46f8f04@group-C5836D743F5B-SegmentedRaftLogWorker: created new log segment /workdir/hadoop-ozone/integration-test/target/test-dir/MiniOzoneClusterImpl-aafe4fbf-76b3-435f-8185-881063bd6d24/datanode-0/data/ratis/54114e84-fa76-49d7-8d4e-c5836d743f5b/current/log_inprogress_0
2019-09-20 04:27:59,847 [grpc-default-executor-5] INFO  client.GrpcClientProtocolClient (GrpcClientProtocolClient.java:onNext(264)) - client-AC8A338CC9B1->425133b3-490d-4f01-bfaa-91a0a46f8f04: receive RaftClientReply:client-AC8A338CC9B1->425133b3-490d-4f01-bfaa-91a0a46f8f04@group-C5836D743F5B, cid=183, FAILED org.apache.ratis.protocol.NotLeaderException: Server 425133b3-490d-4f01-bfaa-91a0a46f8f04@group-C5836D743F5B is not the leader 0dda74ae-caa3-442c-b885-687993250269:192.168.36.117:32864, logIndex=0, commits[425133b3-490d-4f01-bfaa-91a0a46f8f04:c-1, 0dda74ae-caa3-442c-b885-687993250269:c-1, e794d2a0-c111-411e-8a54-a665cb3a0d1e:c-1]
2019-09-20 04:28:00,050 [grpc-default-executor-6] INFO  client.GrpcClientProtocolClient (GrpcClientProtocolClient.java:onNext(264)) - client-AC8A338CC9B1->0dda74ae-caa3-442c-b885-687993250269: receive RaftClientReply:client-AC8A338CC9B1->0dda74ae-caa3-442c-b885-687993250269@group-C5836D743F5B, cid=183, SUCCESS, logIndex=1, commits[0dda74ae-caa3-442c-b885-687993250269:c1, e794d2a0-c111-411e-8a54-a665cb3a0d1e:c0, 425133b3-490d-4f01-bfaa-91a0a46f8f04:c0]
2019-09-20 04:28:00,076 [grpc-default-executor-5] INFO  client.GrpcClientProtocolClient (GrpcClientProtocolClient.java:onNext(264)) - client-AC8A338CC9B1->0dda74ae-caa3-442c-b885-687993250269: receive RaftClientReply:client-AC8A338CC9B1->0dda74ae-caa3-442c-b885-687993250269@group-C5836D743F5B, cid=184, SUCCESS, logIndex=3, commits[0dda74ae-caa3-442c-b885-687993250269:c3, e794d2a0-c111-411e-8a54-a665cb3a0d1e:c1, 425133b3-490d-4f01-bfaa-91a0a46f8f04:c1]
2019-09-20 04:28:00,148 [grpc-default-executor-5] INFO  client.GrpcClientProtocolClient (GrpcClientProtocolClient.java:onNext(264)) - client-AC8A338CC9B1->0dda74ae-caa3-442c-b885-687993250269: receive RaftClientReply:client-AC8A338CC9B1->0dda74ae-caa3-442c-b885-687993250269@group-C5836D743F5B, cid=185, SUCCESS, logIndex=4, commits[0dda74ae-caa3-442c-b885-687993250269:c12, e794d2a0-c111-411e-8a54-a665cb3a0d1e:c7, 425133b3-490d-4f01-bfaa-91a0a46f8f04:c7]
2019-09-20 04:28:00,148 [grpc-default-executor-5] INFO  client.GrpcClientProtocolClient (GrpcClientProtocolClient.java:onNext(264)) - client-AC8A338CC9B1->0dda74ae-caa3-442c-b885-687993250269: receive RaftClientReply:client-AC8A338CC9B1->0dda74ae-caa3-442c-b885-687993250269@group-C5836D743F5B, cid=186, SUCCESS, logIndex=5, commits[0dda74ae-caa3-442c-b885-687993250269:c12, e794d2a0-c111-411e-8a54-a665cb3a0d1e:c7, 425133b3-490d-4f01-bfaa-91a0a46f8f04:c7]
2019-09-20 04:28:00,148 [grpc-default-executor-5] INFO  client.GrpcClientProtocolClient (GrpcClientProtocolClient.java:onNext(264)) - client-AC8A338CC9B1->0dda74ae-caa3-442c-b885-687993250269: receive RaftClientReply:client-AC8A338CC9B1->0dda74ae-caa3-442c-b885-687993250269@group-C5836D743F5B, cid=187, SUCCESS, logIndex=6, commits[0dda74ae-caa3-442c-b885-687993250269:c12, e794d2a0-c111-411e-8a54-a665cb3a0d1e:c7, 425133b3-490d-4f01-bfaa-91a0a46f8f04:c7]
2019-09-20 04:28:00,301 [grpc-default-executor-5] INFO  client.GrpcClientProtocolClient (GrpcClientProtocolClient.java:onNext(264)) - client-AC8A338CC9B1->0dda74ae-caa3-442c-b885-687993250269: receive RaftClientReply:client-AC8A338CC9B1->0dda74ae-caa3-442c-b885-687993250269@group-C5836D743F5B, cid=188, SUCCESS, logIndex=7, commits[0dda74ae-caa3-442c-b885-687993250269:c12, e794d2a0-c111-411e-8a54-a665cb3a0d1e:c7, 425133b3-490d-4f01-bfaa-91a0a46f8f04:c7]
2019-09-20 04:28:00,323 [grpc-default-executor-5] INFO  client.GrpcClientProtocolClient (GrpcClientProtocolClient.java:onNext(264)) - client-AC8A338CC9B1->0dda74ae-caa3-442c-b885-687993250269: receive RaftClientReply:client-AC8A338CC9B1->0dda74ae-caa3-442c-b885-687993250269@group-C5836D743F5B, cid=189, SUCCESS, logIndex=13, commits[0dda74ae-caa3-442c-b885-687993250269:c14, e794d2a0-c111-411e-8a54-a665cb3a0d1e:c12, 425133b3-490d-4f01-bfaa-91a0a46f8f04:c12]
2019-09-20 04:28:00,579 [grpc-default-executor-5] INFO  client.GrpcClientProtocolClient (GrpcClientProtocolClient.java:onNext(264)) - client-AC8A338CC9B1->0dda74ae-caa3-442c-b885-687993250269: receive RaftClientReply:client-AC8A338CC9B1->0dda74ae-caa3-442c-b885-687993250269@group-C5836D743F5B, cid=190, SUCCESS, logIndex=14, commits[0dda74ae-caa3-442c-b885-687993250269:c14, e794d2a0-c111-411e-8a54-a665cb3a0d1e:c12, 425133b3-490d-4f01-bfaa-91a0a46f8f04:c12]
2019-09-20 04:28:00,702 [grpc-default-executor-6] INFO  client.GrpcClientProtocolClient (GrpcClientProtocolClient.java:onNext(264)) - client-AC8A338CC9B1->0dda74ae-caa3-442c-b885-687993250269: receive RaftClientReply:client-AC8A338CC9B1->0dda74ae-caa3-442c-b885-687993250269@group-C5836D743F5B, cid=191, SUCCESS, logIndex=0, commits[0dda74ae-caa3-442c-b885-687993250269:c14, e794d2a0-c111-411e-8a54-a665cb3a0d1e:c14, 425133b3-490d-4f01-bfaa-91a0a46f8f04:c14]
2019-09-20 04:28:01,025 [Datanode State Machine Thread - 0] INFO  statemachine.DatanodeStateMachine (DatanodeStateMachine.java:lambda$startDaemon$0(350)) - Ozone container server started.
2019-09-20 04:28:05,055 [EventQueue-StaleNodeForStaleNodeHandler] INFO  node.StaleNodeHandler (StaleNodeHandler.java:onMessage(58)) - Datanode 0dda74ae-caa3-442c-b885-687993250269{ip: 192.168.36.117, host: pr-hdds-2020-f8xxz-1899867831, networkLocation: /default-rack, certSerialId: null} moved to stale state. Finalizing its pipelines [PipelineID=c2758985-b3d1-4493-b731-6258a376569f, PipelineID=54114e84-fa76-49d7-8d4e-c5836d743f5b]
2019-09-20 04:28:05,056 [EventQueue-StaleNodeForStaleNodeHandler] INFO  pipeline.SCMPipelineManager (SCMPipelineManager.java:finalizeAndDestroyPipeline(315)) - destroying pipeline:Pipeline[ Id: c2758985-b3d1-4493-b731-6258a376569f, Nodes: 0dda74ae-caa3-442c-b885-687993250269{ip: 192.168.36.117, host: pr-hdds-2020-f8xxz-1899867831, networkLocation: /default-rack, certSerialId: null}, Type:RATIS, Factor:ONE, State:OPEN]
2019-09-20 04:28:05,057 [EventQueue-StaleNodeForStaleNodeHandler] INFO  pipeline.PipelineStateManager (PipelineStateManager.java:finalizePipeline(123)) - Pipeline Pipeline[ Id: c2758985-b3d1-4493-b731-6258a376569f, Nodes: 0dda74ae-caa3-442c-b885-687993250269{ip: 192.168.36.117, host: pr-hdds-2020-f8xxz-1899867831, networkLocation: /default-rack, certSerialId: null}, Type:RATIS, Factor:ONE, State:CLOSED] moved to CLOSED state
2019-09-20 04:28:05,058 [EventQueue-StaleNodeForStaleNodeHandler] INFO  pipeline.SCMPipelineManager (SCMPipelineManager.java:finalizeAndDestroyPipeline(315)) - destroying pipeline:Pipeline[ Id: 54114e84-fa76-49d7-8d4e-c5836d743f5b, Nodes: 0dda74ae-caa3-442c-b885-687993250269{ip: 192.168.36.117, host: pr-hdds-2020-f8xxz-1899867831, networkLocation: /default-rack, certSerialId: null}e794d2a0-c111-411e-8a54-a665cb3a0d1e{ip: 192.168.36.117, host: pr-hdds-2020-f8xxz-1899867831, networkLocation: /default-rack, certSerialId: null}425133b3-490d-4f01-bfaa-91a0a46f8f04{ip: 192.168.36.117, host: pr-hdds-2020-f8xxz-1899867831, networkLocation: /default-rack, certSerialId: null}, Type:RATIS, Factor:THREE, State:OPEN]
2019-09-20 04:28:05,058 [EventQueue-StaleNodeForStaleNodeHandler] INFO  pipeline.PipelineStateManager (PipelineStateManager.java:finalizePipeline(123)) - Pipeline Pipeline[ Id: 54114e84-fa76-49d7-8d4e-c5836d743f5b, Nodes: 0dda74ae-caa3-442c-b885-687993250269{ip: 192.168.36.117, host: pr-hdds-2020-f8xxz-1899867831, networkLocation: /default-rack, certSerialId: null}e794d2a0-c111-411e-8a54-a665cb3a0d1e{ip: 192.168.36.117, host: pr-hdds-2020-f8xxz-1899867831, networkLocation: /default-rack, certSerialId: null}425133b3-490d-4f01-bfaa-91a0a46f8f04{ip: 192.168.36.117, host: pr-hdds-2020-f8xxz-1899867831, networkLocation: /default-rack, certSerialId: null}, Type:RATIS, Factor:THREE, State:CLOSED] moved to CLOSED state
2019-09-20 04:28:05,059 [EventQueue-CloseContainerForCloseContainerEventHandler] INFO  container.CloseContainerEventHandler (CloseContainerEventHandler.java:onMessage(61)) - Close container Event triggered for container : #1
2019-09-20 04:28:05,704 [main] INFO  ozoneimpl.OzoneContainer (OzoneContainer.java:stop(231)) - Attempting to stop container services.
2019-09-20 04:28:05,712 [main] INFO  impl.RaftServerProxy (RaftServerProxy.java:lambda$close$4(314)) - 0dda74ae-caa3-442c-b885-687993250269: close
2019-09-20 04:28:05,714 [main] INFO  impl.RaftServerImpl (RaftServerImpl.java:lambda$shutdown$3(251)) - 0dda74ae-caa3-442c-b885-687993250269@group-6258A376569F: shutdown
2019-09-20 04:28:05,714 [main] INFO  util.JmxRegister (JmxRegister.java:unregister(73)) - Successfully un-registered JMX Bean with object name Ratis:service=RaftServer,group=group-6258A376569F,id=0dda74ae-caa3-442c-b885-687993250269
2019-09-20 04:28:05,715 [main] INFO  impl.RoleInfo (RoleInfo.java:shutdownLeaderState(104)) - 0dda74ae-caa3-442c-b885-687993250269: shutdown LeaderState
2019-09-20 04:28:05,715 [main] INFO  impl.PendingRequests (PendingRequests.java:sendNotLeaderResponses(202)) - 0dda74ae-caa3-442c-b885-687993250269-PendingRequests: sendNotLeaderResponses
2019-09-20 04:28:05,716 [main] INFO  impl.StateMachineUpdater (StateMachineUpdater.java:stopAndJoin(125)) - 0dda74ae-caa3-442c-b885-687993250269@group-6258A376569F-StateMachineUpdater: set stopIndex = 0
2019-09-20 04:28:05,716 [main] INFO  impl.RaftServerImpl (ServerState.java:close(385)) - 0dda74ae-caa3-442c-b885-687993250269@group-6258A376569F: closes. applyIndex: 0
2019-09-20 04:28:05,717 [0dda74ae-caa3-442c-b885-687993250269@group-6258A376569F-SegmentedRaftLogWorker] INFO  segmented.SegmentedRaftLogWorker (SegmentedRaftLogWorker.java:run(313)) - 0dda74ae-caa3-442c-b885-687993250269@group-6258A376569F-SegmentedRaftLogWorker was interrupted, exiting. There are 0 tasks remaining in the queue.
2019-09-20 04:28:05,720 [main] INFO  segmented.SegmentedRaftLogWorker (SegmentedRaftLogWorker.java:close(228)) - 0dda74ae-caa3-442c-b885-687993250269@group-6258A376569F-SegmentedRaftLogWorker close()
2019-09-20 04:28:05,726 [main] INFO  impl.RaftServerImpl (RaftServerImpl.java:lambda$shutdown$3(251)) - 0dda74ae-caa3-442c-b885-687993250269@group-C5836D743F5B: shutdown
2019-09-20 04:28:05,726 [main] INFO  util.JmxRegister (JmxRegister.java:unregister(73)) - Successfully un-registered JMX Bean with object name Ratis:service=RaftServer,group=group-C5836D743F5B,id=0dda74ae-caa3-442c-b885-687993250269
2019-09-20 04:28:05,727 [main] INFO  impl.RoleInfo (RoleInfo.java:shutdownLeaderState(104)) - 0dda74ae-caa3-442c-b885-687993250269: shutdown LeaderState
2019-09-20 04:28:05,732 [main] INFO  impl.PendingRequests (PendingRequests.java:sendNotLeaderResponses(202)) - 0dda74ae-caa3-442c-b885-687993250269-PendingRequests: sendNotLeaderResponses
2019-09-20 04:28:05,732 [org.apache.ratis.server.impl.LogAppender$AppenderDaemon$$Lambda$500/1347411383@5db8b8] WARN  server.GrpcLogAppender (GrpcLogAppender.java:mayWait(143)) - 0dda74ae-caa3-442c-b885-687993250269@group-C5836D743F5B->e794d2a0-c111-411e-8a54-a665cb3a0d1e-GrpcLogAppender: Wait interrupted by java.lang.InterruptedException
2019-09-20 04:28:05,732 [org.apache.ratis.server.impl.LogAppender$AppenderDaemon$$Lambda$500/1347411383@75a7dad9] WARN  server.GrpcLogAppender (GrpcLogAppender.java:mayWait(143)) - 0dda74ae-caa3-442c-b885-687993250269@group-C5836D743F5B->425133b3-490d-4f01-bfaa-91a0a46f8f04-GrpcLogAppender: Wait interrupted by java.lang.InterruptedException
2019-09-20 04:28:05,738 [main] INFO  impl.StateMachineUpdater (StateMachineUpdater.java:stopAndJoin(125)) - 0dda74ae-caa3-442c-b885-687993250269@group-C5836D743F5B-StateMachineUpdater: set stopIndex = 16
2019-09-20 04:28:05,738 [0dda74ae-caa3-442c-b885-687993250269@group-C5836D743F5B-StateMachineUpdater] INFO  ratis.ContainerStateMachine (ContainerStateMachine.java:takeSnapshot(289)) - group-C5836D743F5B: Taking a snapshot at:(t:1, i:14) file /workdir/hadoop-ozone/integration-test/target/test-dir/MiniOzoneClusterImpl-aafe4fbf-76b3-435f-8185-881063bd6d24/datanode-6/data/ratis/54114e84-fa76-49d7-8d4e-c5836d743f5b/sm/snapshot.1_14
2019-09-20 04:28:05,738 [grpc-default-executor-6] INFO  server.GrpcServerProtocolService (GrpcServerProtocolService.java:onCompleted(113)) - e794d2a0-c111-411e-8a54-a665cb3a0d1e: Completed APPEND_ENTRIES, lastRequest: 0dda74ae-caa3-442c-b885-687993250269->e794d2a0-c111-411e-8a54-a665cb3a0d1e#19-t1, previous=(t:1, i:16), leaderCommit=16, initializing? false, entries: <empty>
2019-09-20 04:28:05,738 [grpc-default-executor-5] INFO  server.GrpcServerProtocolService (GrpcServerProtocolService.java:onCompleted(113)) - 425133b3-490d-4f01-bfaa-91a0a46f8f04: Completed APPEND_ENTRIES, lastRequest: 0dda74ae-caa3-442c-b885-687993250269->425133b3-490d-4f01-bfaa-91a0a46f8f04#19-t1, previous=(t:1, i:16), leaderCommit=16, initializing? false, entries: <empty>
2019-09-20 04:28:05,738 [grpc-default-executor-3] INFO  server.GrpcLogAppender (GrpcLogAppender.java:onCompleted(293)) - 0dda74ae-caa3-442c-b885-687993250269@group-C5836D743F5B->e794d2a0-c111-411e-8a54-a665cb3a0d1e-AppendLogResponseHandler: follower responses appendEntries COMPLETED
2019-09-20 04:28:05,739 [grpc-default-executor-5] INFO  server.GrpcLogAppender (GrpcLogAppender.java:onCompleted(293)) - 0dda74ae-caa3-442c-b885-687993250269@group-C5836D743F5B->425133b3-490d-4f01-bfaa-91a0a46f8f04-AppendLogResponseHandler: follower responses appendEntries COMPLETED
2019-09-20 04:28:05,739 [grpc-default-executor-3] INFO  impl.FollowerInfo (FollowerInfo.java:lambda$new$0(51)) - 0dda74ae-caa3-442c-b885-687993250269@group-C5836D743F5B->e794d2a0-c111-411e-8a54-a665cb3a0d1e: nextIndex: updateUnconditionally 17 -> 16
2019-09-20 04:28:05,739 [grpc-default-executor-5] INFO  impl.FollowerInfo (FollowerInfo.java:lambda$new$0(51)) - 0dda74ae-caa3-442c-b885-687993250269@group-C5836D743F5B->425133b3-490d-4f01-bfaa-91a0a46f8f04: nextIndex: updateUnconditionally 17 -> 16
2019-09-20 04:28:05,773 [0dda74ae-caa3-442c-b885-687993250269@group-C5836D743F5B-StateMachineUpdater] INFO  ratis.ContainerStateMachine (ContainerStateMachine.java:takeSnapshot(300)) - group-C5836D743F5B: Finished taking a snapshot at:(t:1, i:14) file:/workdir/hadoop-ozone/integration-test/target/test-dir/MiniOzoneClusterImpl-aafe4fbf-76b3-435f-8185-881063bd6d24/datanode-6/data/ratis/54114e84-fa76-49d7-8d4e-c5836d743f5b/sm/snapshot.1_14 time:35
2019-09-20 04:28:05,773 [0dda74ae-caa3-442c-b885-687993250269@group-C5836D743F5B-StateMachineUpdater] INFO  impl.StateMachineUpdater (StateMachineUpdater.java:takeSnapshot(258)) - 0dda74ae-caa3-442c-b885-687993250269@group-C5836D743F5B-StateMachineUpdater: Took a snapshot at index 14
2019-09-20 04:28:05,773 [0dda74ae-caa3-442c-b885-687993250269@group-C5836D743F5B-StateMachineUpdater] INFO  impl.StateMachineUpdater (StateMachineUpdater.java:lambda$new$0(83)) - 0dda74ae-caa3-442c-b885-687993250269@group-C5836D743F5B-StateMachineUpdater: snapshotIndex: updateIncreasingly -1 -> 14
2019-09-20 04:28:05,774 [0dda74ae-caa3-442c-b885-687993250269@group-C5836D743F5B-StateMachineUpdater] INFO  ratis.ContainerStateMachine (ContainerStateMachine.java:takeSnapshot(289)) - group-C5836D743F5B: Taking a snapshot at:(t:1, i:14) file /workdir/hadoop-ozone/integration-test/target/test-dir/MiniOzoneClusterImpl-aafe4fbf-76b3-435f-8185-881063bd6d24/datanode-6/data/ratis/54114e84-fa76-49d7-8d4e-c5836d743f5b/sm/snapshot.1_14
2019-09-20 04:28:05,799 [0dda74ae-caa3-442c-b885-687993250269@group-C5836D743F5B-StateMachineUpdater] INFO  ratis.ContainerStateMachine (ContainerStateMachine.java:takeSnapshot(300)) - group-C5836D743F5B: Finished taking a snapshot at:(t:1, i:14) file:/workdir/hadoop-ozone/integration-test/target/test-dir/MiniOzoneClusterImpl-aafe4fbf-76b3-435f-8185-881063bd6d24/datanode-6/data/ratis/54114e84-fa76-49d7-8d4e-c5836d743f5b/sm/snapshot.1_14 time:25
2019-09-20 04:28:05,799 [0dda74ae-caa3-442c-b885-687993250269@group-C5836D743F5B-StateMachineUpdater] INFO  impl.StateMachineUpdater (StateMachineUpdater.java:takeSnapshot(258)) - 0dda74ae-caa3-442c-b885-687993250269@group-C5836D743F5B-StateMachineUpdater: Took a snapshot at index 14
2019-09-20 04:28:05,799 [0dda74ae-caa3-442c-b885-687993250269@group-C5836D743F5B-StateMachineUpdater] INFO  impl.StateMachineUpdater (StateMachineUpdater.java:lambda$new$0(83)) - 0dda74ae-caa3-442c-b885-687993250269@group-C5836D743F5B-StateMachineUpdater: snapshotIndex: updateIncreasingly 14 -> 14
2019-09-20 04:28:05,799 [main] INFO  impl.RaftServerImpl (ServerState.java:close(385)) - 0dda74ae-caa3-442c-b885-687993250269@group-C5836D743F5B: closes. applyIndex: 16
2019-09-20 04:28:05,800 [0dda74ae-caa3-442c-b885-687993250269@group-C5836D743F5B-SegmentedRaftLogWorker] INFO  segmented.SegmentedRaftLogWorker (SegmentedRaftLogWorker.java:run(313)) - 0dda74ae-caa3-442c-b885-687993250269@group-C5836D743F5B-SegmentedRaftLogWorker was interrupted, exiting. There are 0 tasks remaining in the queue.
2019-09-20 04:28:05,804 [main] INFO  segmented.SegmentedRaftLogWorker (SegmentedRaftLogWorker.java:close(228)) - 0dda74ae-caa3-442c-b885-687993250269@group-C5836D743F5B-SegmentedRaftLogWorker close()
2019-09-20 04:28:05,810 [main] INFO  server.GrpcService (GrpcService.java:closeImpl(164)) - 0dda74ae-caa3-442c-b885-687993250269: shutdown server with port 32864 now
2019-09-20 04:28:05,811 [main] INFO  server.GrpcService (GrpcService.java:closeImpl(172)) - 0dda74ae-caa3-442c-b885-687993250269: shutdown server with port 32864 successfully
2019-09-20 04:28:05,811 [grpc-default-executor-3] WARN  client.GrpcClientProtocolService (LogUtils.java:warn(134)) - 4-UnorderedRequestStreamObserver4: onError: org.apache.ratis.thirdparty.io.grpc.StatusRuntimeException: CANCELLED: cancelled before receiving half close
2019-09-20 04:28:05,814 [refreshUsed-/workdir/hadoop-ozone/integration-test/target/test-dir/MiniOzoneClusterImpl-aafe4fbf-76b3-435f-8185-881063bd6d24/datanode-6/data/containers] WARN  fs.CachingGetSpaceUsed (CachingGetSpaceUsed.java:run(183)) - Thread Interrupted waiting to refresh disk information: sleep interrupted
2019-09-20 04:28:05,831 [main] INFO  utils.BackgroundService (BackgroundService.java:shutdown(148)) - Shutting down service BlockDeletingService
2019-09-20 04:28:05,839 [main] INFO  statemachine.DatanodeStateMachine (DatanodeStateMachine.java:stopDaemon(395)) - Ozone container server stopped.
2019-09-20 04:28:05,841 [main] INFO  handler.ContextHandler (ContextHandler.java:doStop(910)) - Stopped o.e.j.w.WebAppContext@7faa0680{/,null,UNAVAILABLE}{/hddsDatanode}
2019-09-20 04:28:05,844 [main] INFO  server.AbstractConnector (AbstractConnector.java:doStop(318)) - Stopped ServerConnector@4c635edc{HTTP/1.1,[http/1.1]}{0.0.0.0:0}
2019-09-20 04:28:05,845 [main] INFO  handler.ContextHandler (ContextHandler.java:doStop(910)) - Stopped o.e.j.s.ServletContextHandler@11eec06b{/static,jar:file:/home/user/.m2/repository/org/apache/hadoop/hadoop-hdds-container-service/0.5.0-SNAPSHOT/hadoop-hdds-container-service-0.5.0-SNAPSHOT.jar!/webapps/static,UNAVAILABLE}
2019-09-20 04:28:05,845 [main] INFO  handler.ContextHandler (ContextHandler.java:doStop(910)) - Stopped o.e.j.s.ServletContextHandler@3bbb8c16{/logs,file:///workdir/hadoop-ozone/integration-test/target/log,UNAVAILABLE}
2019-09-20 04:28:07,886 [grpc-default-executor-5] INFO  client.GrpcClientProtocolClient (GrpcClientProtocolClient.java:onNext(264)) - client-AC8A338CC9B1->425133b3-490d-4f01-bfaa-91a0a46f8f04: receive RaftClientReply:client-AC8A338CC9B1->425133b3-490d-4f01-bfaa-91a0a46f8f04@group-C5836D743F5B, cid=192, FAILED org.apache.ratis.protocol.NotLeaderException: Server 425133b3-490d-4f01-bfaa-91a0a46f8f04@group-C5836D743F5B is not the leader 0dda74ae-caa3-442c-b885-687993250269:192.168.36.117:32864, logIndex=0, commits[425133b3-490d-4f01-bfaa-91a0a46f8f04:c16, 0dda74ae-caa3-442c-b885-687993250269:c16, e794d2a0-c111-411e-8a54-a665cb3a0d1e:c16]
2019-09-20 04:28:08,905 [grpc-default-executor-6] INFO  client.GrpcClientProtocolClient (GrpcClientProtocolClient.java:onNext(264)) - client-AC8A338CC9B1->e794d2a0-c111-411e-8a54-a665cb3a0d1e: receive RaftClientReply:client-AC8A338CC9B1->e794d2a0-c111-411e-8a54-a665cb3a0d1e@group-C5836D743F5B, cid=192, FAILED org.apache.ratis.protocol.NotLeaderException: Server e794d2a0-c111-411e-8a54-a665cb3a0d1e@group-C5836D743F5B is not the leader 0dda74ae-caa3-442c-b885-687993250269:192.168.36.117:32864, logIndex=0, commits[e794d2a0-c111-411e-8a54-a665cb3a0d1e:c16, 0dda74ae-caa3-442c-b885-687993250269:c16, 425133b3-490d-4f01-bfaa-91a0a46f8f04:c16]
2019-09-20 04:28:09,923 [grpc-default-executor-5] INFO  client.GrpcClientProtocolClient (GrpcClientProtocolClient.java:onNext(264)) - client-AC8A338CC9B1->425133b3-490d-4f01-bfaa-91a0a46f8f04: receive RaftClientReply:client-AC8A338CC9B1->425133b3-490d-4f01-bfaa-91a0a46f8f04@group-C5836D743F5B, cid=192, FAILED org.apache.ratis.protocol.NotLeaderException: Server 425133b3-490d-4f01-bfaa-91a0a46f8f04@group-C5836D743F5B is not the leader 0dda74ae-caa3-442c-b885-687993250269:192.168.36.117:32864, logIndex=0, commits[425133b3-490d-4f01-bfaa-91a0a46f8f04:c16, 0dda74ae-caa3-442c-b885-687993250269:c16, e794d2a0-c111-411e-8a54-a665cb3a0d1e:c16]
2019-09-20 04:28:10,942 [grpc-default-executor-3] INFO  client.GrpcClientProtocolClient (GrpcClientProtocolClient.java:onNext(264)) - client-AC8A338CC9B1->e794d2a0-c111-411e-8a54-a665cb3a0d1e: receive RaftClientReply:client-AC8A338CC9B1->e794d2a0-c111-411e-8a54-a665cb3a0d1e@group-C5836D743F5B, cid=192, FAILED org.apache.ratis.protocol.NotLeaderException: Server e794d2a0-c111-411e-8a54-a665cb3a0d1e@group-C5836D743F5B is not the leader 0dda74ae-caa3-442c-b885-687993250269:192.168.36.117:32864, logIndex=0, commits[e794d2a0-c111-411e-8a54-a665cb3a0d1e:c16, 0dda74ae-caa3-442c-b885-687993250269:c16, 425133b3-490d-4f01-bfaa-91a0a46f8f04:c16]
2019-09-20 04:28:11,958 [grpc-default-executor-5] INFO  client.GrpcClientProtocolClient (GrpcClientProtocolClient.java:onNext(264)) - client-AC8A338CC9B1->425133b3-490d-4f01-bfaa-91a0a46f8f04: receive RaftClientReply:client-AC8A338CC9B1->425133b3-490d-4f01-bfaa-91a0a46f8f04@group-C5836D743F5B, cid=192, FAILED org.apache.ratis.protocol.NotLeaderException: Server 425133b3-490d-4f01-bfaa-91a0a46f8f04@group-C5836D743F5B is not the leader 0dda74ae-caa3-442c-b885-687993250269:192.168.36.117:32864, logIndex=0, commits[425133b3-490d-4f01-bfaa-91a0a46f8f04:c16, 0dda74ae-caa3-442c-b885-687993250269:c16, e794d2a0-c111-411e-8a54-a665cb3a0d1e:c16]
2019-09-20 04:28:12,976 [grpc-default-executor-3] INFO  client.GrpcClientProtocolClient (GrpcClientProtocolClient.java:onNext(264)) - client-AC8A338CC9B1->e794d2a0-c111-411e-8a54-a665cb3a0d1e: receive RaftClientReply:client-AC8A338CC9B1->e794d2a0-c111-411e-8a54-a665cb3a0d1e@group-C5836D743F5B, cid=192, FAILED org.apache.ratis.protocol.NotLeaderException: Server e794d2a0-c111-411e-8a54-a665cb3a0d1e@group-C5836D743F5B is not the leader 0dda74ae-caa3-442c-b885-687993250269:192.168.36.117:32864, logIndex=0, commits[e794d2a0-c111-411e-8a54-a665cb3a0d1e:c16, 0dda74ae-caa3-442c-b885-687993250269:c16, 425133b3-490d-4f01-bfaa-91a0a46f8f04:c16]
2019-09-20 04:28:13,998 [grpc-default-executor-5] INFO  client.GrpcClientProtocolClient (GrpcClientProtocolClient.java:onNext(264)) - client-AC8A338CC9B1->425133b3-490d-4f01-bfaa-91a0a46f8f04: receive RaftClientReply:client-AC8A338CC9B1->425133b3-490d-4f01-bfaa-91a0a46f8f04@group-C5836D743F5B, cid=192, FAILED org.apache.ratis.protocol.NotLeaderException: Server 425133b3-490d-4f01-bfaa-91a0a46f8f04@group-C5836D743F5B is not the leader 0dda74ae-caa3-442c-b885-687993250269:192.168.36.117:32864, logIndex=0, commits[425133b3-490d-4f01-bfaa-91a0a46f8f04:c16, 0dda74ae-caa3-442c-b885-687993250269:c16, e794d2a0-c111-411e-8a54-a665cb3a0d1e:c16]
2019-09-20 04:28:14,176 [Thread-3167] INFO  impl.FollowerState (FollowerState.java:run(106)) - e794d2a0-c111-411e-8a54-a665cb3a0d1e:group-C5836D743F5B changes to CANDIDATE, lastRpcTime:8475, electionTimeout:5066ms
2019-09-20 04:28:14,180 [Thread-3167] INFO  impl.RoleInfo (RoleInfo.java:shutdownFollowerState(121)) - e794d2a0-c111-411e-8a54-a665cb3a0d1e: shutdown FollowerState
2019-09-20 04:28:14,180 [Thread-3167] INFO  impl.RaftServerImpl (RaftServerImpl.java:setRole(174)) - e794d2a0-c111-411e-8a54-a665cb3a0d1e@group-C5836D743F5B: changes role from  FOLLOWER to CANDIDATE at term 1 for changeToCandidate
2019-09-20 04:28:14,180 [Thread-3167] INFO  impl.RoleInfo (RoleInfo.java:updateAndGet(143)) - e794d2a0-c111-411e-8a54-a665cb3a0d1e: start LeaderElection
2019-09-20 04:28:14,183 [e794d2a0-c111-411e-8a54-a665cb3a0d1e@group-C5836D743F5B:LeaderElection83] INFO  impl.RaftServerImpl (ServerState.java:setLeader(253)) - e794d2a0-c111-411e-8a54-a665cb3a0d1e@group-C5836D743F5B: change Leader from 0dda74ae-caa3-442c-b885-687993250269 to null at term 1 for initElection
2019-09-20 04:28:14,219 [e794d2a0-c111-411e-8a54-a665cb3a0d1e@group-C5836D743F5B:LeaderElection83] INFO  impl.LeaderElection (LeaderElection.java:askForVotes(182)) - e794d2a0-c111-411e-8a54-a665cb3a0d1e@group-C5836D743F5B:LeaderElection83: begin an election at term 2 for 0: [0dda74ae-caa3-442c-b885-687993250269:192.168.36.117:32864, e794d2a0-c111-411e-8a54-a665cb3a0d1e:192.168.36.117:38064, 425133b3-490d-4f01-bfaa-91a0a46f8f04:192.168.36.117:39086], old=null
2019-09-20 04:28:14,222 [e794d2a0-c111-411e-8a54-a665cb3a0d1e@group-C5836D743F5B:LeaderElection83] INFO  impl.LeaderElection (LogUtils.java:infoOrTrace(149)) - e794d2a0-c111-411e-8a54-a665cb3a0d1e@group-C5836D743F5B:LeaderElection83 got exception when requesting votes: {}
java.util.concurrent.ExecutionException: org.apache.ratis.thirdparty.io.grpc.StatusRuntimeException: UNAVAILABLE: io exception
	at java.util.concurrent.FutureTask.report(FutureTask.java:122)
	at java.util.concurrent.FutureTask.get(FutureTask.java:192)
	at org.apache.ratis.server.impl.LeaderElection.waitForResults(LeaderElection.java:263)
	at org.apache.ratis.server.impl.LeaderElection.askForVotes(LeaderElection.java:201)
	at org.apache.ratis.server.impl.LeaderElection.run(LeaderElection.java:133)
	at java.lang.Thread.run(Thread.java:748)
Caused by: org.apache.ratis.thirdparty.io.grpc.StatusRuntimeException: UNAVAILABLE: io exception
	at org.apache.ratis.thirdparty.io.grpc.stub.ClientCalls.toStatusRuntimeException(ClientCalls.java:233)
	at org.apache.ratis.thirdparty.io.grpc.stub.ClientCalls.getUnchecked(ClientCalls.java:214)
	at org.apache.ratis.thirdparty.io.grpc.stub.ClientCalls.blockingUnaryCall(ClientCalls.java:139)
	at org.apache.ratis.proto.grpc.RaftServerProtocolServiceGrpc$RaftServerProtocolServiceBlockingStub.requestVote(RaftServerProtocolServiceGrpc.java:265)
	at org.apache.ratis.grpc.server.GrpcServerProtocolClient.requestVote(GrpcServerProtocolClient.java:90)
	at org.apache.ratis.grpc.server.GrpcService.requestVote(GrpcService.java:204)
	at org.apache.ratis.server.impl.LeaderElection.lambda$submitRequests$1(LeaderElection.java:238)
	at java.util.concurrent.FutureTask.run(FutureTask.java:266)
	at java.util.concurrent.Executors$RunnableAdapter.call(Executors.java:511)
	at java.util.concurrent.FutureTask.run(FutureTask.java:266)
	at java.util.concurrent.ThreadPoolExecutor.runWorker(ThreadPoolExecutor.java:1149)
	at java.util.concurrent.ThreadPoolExecutor$Worker.run(ThreadPoolExecutor.java:624)
	... 1 more
Caused by: org.apache.ratis.thirdparty.io.netty.channel.AbstractChannel$AnnotatedConnectException: Connection refused: /192.168.36.117:32864
	at sun.nio.ch.SocketChannelImpl.checkConnect(Native Method)
	at sun.nio.ch.SocketChannelImpl.finishConnect(SocketChannelImpl.java:717)
	at org.apache.ratis.thirdparty.io.netty.channel.socket.nio.NioSocketChannel.doFinishConnect(NioSocketChannel.java:327)
	at org.apache.ratis.thirdparty.io.netty.channel.nio.AbstractNioChannel$AbstractNioUnsafe.finishConnect(AbstractNioChannel.java:340)
	at org.apache.ratis.thirdparty.io.netty.channel.nio.NioEventLoop.processSelectedKey(NioEventLoop.java:632)
	at org.apache.ratis.thirdparty.io.netty.channel.nio.NioEventLoop.processSelectedKeysOptimized(NioEventLoop.java:579)
	at org.apache.ratis.thirdparty.io.netty.channel.nio.NioEventLoop.processSelectedKeys(NioEventLoop.java:496)
	at org.apache.ratis.thirdparty.io.netty.channel.nio.NioEventLoop.run(NioEventLoop.java:458)
	at org.apache.ratis.thirdparty.io.netty.util.concurrent.SingleThreadEventExecutor$5.run(SingleThreadEventExecutor.java:897)
	at org.apache.ratis.thirdparty.io.netty.util.concurrent.FastThreadLocalRunnable.run(FastThreadLocalRunnable.java:30)
	... 1 more
Caused by: java.net.ConnectException: Connection refused
	... 11 more
2019-09-20 04:28:14,225 [grpc-default-executor-3] INFO  impl.RaftServerImpl (ServerState.java:setLeader(253)) - 425133b3-490d-4f01-bfaa-91a0a46f8f04@group-C5836D743F5B: change Leader from 0dda74ae-caa3-442c-b885-687993250269 to null at term 2 for updateCurrentTerm
2019-09-20 04:28:14,226 [grpc-default-executor-3] INFO  impl.RaftServerImpl (RaftServerImpl.java:setRole(174)) - 425133b3-490d-4f01-bfaa-91a0a46f8f04@group-C5836D743F5B: changes role from  FOLLOWER to FOLLOWER at term 2 for recognizeCandidate:e794d2a0-c111-411e-8a54-a665cb3a0d1e
2019-09-20 04:28:14,226 [grpc-default-executor-3] INFO  impl.RoleInfo (RoleInfo.java:shutdownFollowerState(121)) - 425133b3-490d-4f01-bfaa-91a0a46f8f04: shutdown FollowerState
2019-09-20 04:28:14,226 [grpc-default-executor-3] INFO  impl.RoleInfo (RoleInfo.java:updateAndGet(143)) - 425133b3-490d-4f01-bfaa-91a0a46f8f04: start FollowerState
2019-09-20 04:28:14,226 [Thread-3168] INFO  impl.FollowerState (FollowerState.java:run(115)) - 425133b3-490d-4f01-bfaa-91a0a46f8f04: FollowerState was interrupted: java.lang.InterruptedException: sleep interrupted
2019-09-20 04:28:14,246 [e794d2a0-c111-411e-8a54-a665cb3a0d1e@group-C5836D743F5B:LeaderElection83] INFO  impl.LeaderElection (LeaderElection.java:logAndReturn(56)) - e794d2a0-c111-411e-8a54-a665cb3a0d1e@group-C5836D743F5B:LeaderElection83: Election PASSED; received 1 response(s) [e794d2a0-c111-411e-8a54-a665cb3a0d1e<-425133b3-490d-4f01-bfaa-91a0a46f8f04#0:OK-t2] and 1 exception(s); e794d2a0-c111-411e-8a54-a665cb3a0d1e@group-C5836D743F5B:t2, leader=null, voted=e794d2a0-c111-411e-8a54-a665cb3a0d1e, raftlog=e794d2a0-c111-411e-8a54-a665cb3a0d1e@group-C5836D743F5B-SegmentedRaftLog:OPENED:c16,f16,i16, conf=0: [0dda74ae-caa3-442c-b885-687993250269:192.168.36.117:32864, e794d2a0-c111-411e-8a54-a665cb3a0d1e:192.168.36.117:38064, 425133b3-490d-4f01-bfaa-91a0a46f8f04:192.168.36.117:39086], old=null
2019-09-20 04:28:14,246 [e794d2a0-c111-411e-8a54-a665cb3a0d1e@group-C5836D743F5B:LeaderElection83] INFO  impl.LeaderElection (LogUtils.java:infoOrTrace(149)) -   Exception 0: {}
java.util.concurrent.ExecutionException: org.apache.ratis.thirdparty.io.grpc.StatusRuntimeException: UNAVAILABLE: io exception
	at java.util.concurrent.FutureTask.report(FutureTask.java:122)
	at java.util.concurrent.FutureTask.get(FutureTask.java:192)
	at org.apache.ratis.server.impl.LeaderElection.waitForResults(LeaderElection.java:263)
	at org.apache.ratis.server.impl.LeaderElection.askForVotes(LeaderElection.java:201)
	at org.apache.ratis.server.impl.LeaderElection.run(LeaderElection.java:133)
	at java.lang.Thread.run(Thread.java:748)
Caused by: org.apache.ratis.thirdparty.io.grpc.StatusRuntimeException: UNAVAILABLE: io exception
	at org.apache.ratis.thirdparty.io.grpc.stub.ClientCalls.toStatusRuntimeException(ClientCalls.java:233)
	at org.apache.ratis.thirdparty.io.grpc.stub.ClientCalls.getUnchecked(ClientCalls.java:214)
	at org.apache.ratis.thirdparty.io.grpc.stub.ClientCalls.blockingUnaryCall(ClientCalls.java:139)
	at org.apache.ratis.proto.grpc.RaftServerProtocolServiceGrpc$RaftServerProtocolServiceBlockingStub.requestVote(RaftServerProtocolServiceGrpc.java:265)
	at org.apache.ratis.grpc.server.GrpcServerProtocolClient.requestVote(GrpcServerProtocolClient.java:90)
	at org.apache.ratis.grpc.server.GrpcService.requestVote(GrpcService.java:204)
	at org.apache.ratis.server.impl.LeaderElection.lambda$submitRequests$1(LeaderElection.java:238)
	at java.util.concurrent.FutureTask.run(FutureTask.java:266)
	at java.util.concurrent.Executors$RunnableAdapter.call(Executors.java:511)
	at java.util.concurrent.FutureTask.run(FutureTask.java:266)
	at java.util.concurrent.ThreadPoolExecutor.runWorker(ThreadPoolExecutor.java:1149)
	at java.util.concurrent.ThreadPoolExecutor$Worker.run(ThreadPoolExecutor.java:624)
	... 1 more
Caused by: org.apache.ratis.thirdparty.io.netty.channel.AbstractChannel$AnnotatedConnectException: Connection refused: /192.168.36.117:32864
	at sun.nio.ch.SocketChannelImpl.checkConnect(Native Method)
	at sun.nio.ch.SocketChannelImpl.finishConnect(SocketChannelImpl.java:717)
	at org.apache.ratis.thirdparty.io.netty.channel.socket.nio.NioSocketChannel.doFinishConnect(NioSocketChannel.java:327)
	at org.apache.ratis.thirdparty.io.netty.channel.nio.AbstractNioChannel$AbstractNioUnsafe.finishConnect(AbstractNioChannel.java:340)
	at org.apache.ratis.thirdparty.io.netty.channel.nio.NioEventLoop.processSelectedKey(NioEventLoop.java:632)
	at org.apache.ratis.thirdparty.io.netty.channel.nio.NioEventLoop.processSelectedKeysOptimized(NioEventLoop.java:579)
	at org.apache.ratis.thirdparty.io.netty.channel.nio.NioEventLoop.processSelectedKeys(NioEventLoop.java:496)
	at org.apache.ratis.thirdparty.io.netty.channel.nio.NioEventLoop.run(NioEventLoop.java:458)
	at org.apache.ratis.thirdparty.io.netty.util.concurrent.SingleThreadEventExecutor$5.run(SingleThreadEventExecutor.java:897)
	at org.apache.ratis.thirdparty.io.netty.util.concurrent.FastThreadLocalRunnable.run(FastThreadLocalRunnable.java:30)
	... 1 more
Caused by: java.net.ConnectException: Connection refused
	... 11 more
2019-09-20 04:28:14,247 [e794d2a0-c111-411e-8a54-a665cb3a0d1e@group-C5836D743F5B:LeaderElection83] INFO  impl.RoleInfo (RoleInfo.java:shutdownLeaderElection(134)) - e794d2a0-c111-411e-8a54-a665cb3a0d1e: shutdown LeaderElection
2019-09-20 04:28:14,247 [e794d2a0-c111-411e-8a54-a665cb3a0d1e@group-C5836D743F5B:LeaderElection83] INFO  impl.RaftServerImpl (RaftServerImpl.java:setRole(174)) - e794d2a0-c111-411e-8a54-a665cb3a0d1e@group-C5836D743F5B: changes role from CANDIDATE to LEADER at term 2 for changeToLeader
2019-09-20 04:28:14,247 [e794d2a0-c111-411e-8a54-a665cb3a0d1e@group-C5836D743F5B:LeaderElection83] INFO  impl.RaftServerImpl (ServerState.java:setLeader(253)) - e794d2a0-c111-411e-8a54-a665cb3a0d1e@group-C5836D743F5B: change Leader from null to e794d2a0-c111-411e-8a54-a665cb3a0d1e at term 2 for becomeLeader, leader elected after 63ms
2019-09-20 04:28:14,247 [e794d2a0-c111-411e-8a54-a665cb3a0d1e@group-C5836D743F5B:LeaderElection83] INFO  server.RaftServerConfigKeys (ConfUtils.java:logGet(43)) - raft.server.staging.catchup.gap = 1000 (default)
2019-09-20 04:28:14,248 [e794d2a0-c111-411e-8a54-a665cb3a0d1e@group-C5836D743F5B:LeaderElection83] INFO  server.RaftServerConfigKeys (ConfUtils.java:logGet(43)) - raft.server.rpc.sleep.time = 25ms (default)
2019-09-20 04:28:14,248 [e794d2a0-c111-411e-8a54-a665cb3a0d1e@group-C5836D743F5B:LeaderElection83] INFO  server.RaftServerConfigKeys (ConfUtils.java:logGet(43)) - raft.server.write.element-limit = 4096 (default)
2019-09-20 04:28:14,248 [e794d2a0-c111-411e-8a54-a665cb3a0d1e@group-C5836D743F5B:LeaderElection83] INFO  server.RaftServerConfigKeys (ConfUtils.java:logGet(43)) - raft.server.watch.timeout = 10s (default)
2019-09-20 04:28:14,248 [e794d2a0-c111-411e-8a54-a665cb3a0d1e@group-C5836D743F5B:LeaderElection83] INFO  server.RaftServerConfigKeys (ConfUtils.java:logGet(43)) - raft.server.watch.timeout.denomination = 1s (default)
2019-09-20 04:28:14,248 [e794d2a0-c111-411e-8a54-a665cb3a0d1e@group-C5836D743F5B:LeaderElection83] INFO  server.RaftServerConfigKeys (ConfUtils.java:logGet(43)) - raft.server.watch.element-limit = 65536 (default)
2019-09-20 04:28:14,251 [e794d2a0-c111-411e-8a54-a665cb3a0d1e@group-C5836D743F5B:LeaderElection83] INFO  server.RaftServerConfigKeys (ConfUtils.java:logGet(43)) - raft.server.log.appender.snapshot.chunk.size.max = 16MB (=16777216) (default)
2019-09-20 04:28:14,252 [e794d2a0-c111-411e-8a54-a665cb3a0d1e@group-C5836D743F5B:LeaderElection83] INFO  server.RaftServerConfigKeys (ConfUtils.java:logGet(43)) - raft.server.log.appender.buffer.byte-limit = 33554432 (custom)
2019-09-20 04:28:14,252 [e794d2a0-c111-411e-8a54-a665cb3a0d1e@group-C5836D743F5B:LeaderElection83] INFO  server.RaftServerConfigKeys (ConfUtils.java:logGet(43)) - raft.server.log.appender.buffer.element-limit = 1 (custom)
2019-09-20 04:28:14,252 [e794d2a0-c111-411e-8a54-a665cb3a0d1e@group-C5836D743F5B:LeaderElection83] INFO  grpc.GrpcConfigKeys$Server (ConfUtils.java:logGet(43)) - raft.grpc.server.leader.outstanding.appends.max = 128 (default)
2019-09-20 04:28:14,252 [e794d2a0-c111-411e-8a54-a665cb3a0d1e@group-C5836D743F5B:LeaderElection83] INFO  server.RaftServerConfigKeys (ConfUtils.java:logGet(43)) - raft.server.rpc.request.timeout = 3000ms (default)
2019-09-20 04:28:14,252 [e794d2a0-c111-411e-8a54-a665cb3a0d1e@group-C5836D743F5B:LeaderElection83] INFO  server.RaftServerConfigKeys (ConfUtils.java:logGet(43)) - raft.server.log.appender.install.snapshot.enabled = false (custom)
2019-09-20 04:28:14,253 [e794d2a0-c111-411e-8a54-a665cb3a0d1e@group-C5836D743F5B:LeaderElection83] INFO  server.RaftServerConfigKeys (ConfUtils.java:logGet(43)) - raft.server.log.appender.snapshot.chunk.size.max = 16MB (=16777216) (default)
2019-09-20 04:28:14,253 [e794d2a0-c111-411e-8a54-a665cb3a0d1e@group-C5836D743F5B:LeaderElection83] INFO  server.RaftServerConfigKeys (ConfUtils.java:logGet(43)) - raft.server.log.appender.buffer.byte-limit = 33554432 (custom)
2019-09-20 04:28:14,253 [e794d2a0-c111-411e-8a54-a665cb3a0d1e@group-C5836D743F5B:LeaderElection83] INFO  server.RaftServerConfigKeys (ConfUtils.java:logGet(43)) - raft.server.log.appender.buffer.element-limit = 1 (custom)
2019-09-20 04:28:14,253 [e794d2a0-c111-411e-8a54-a665cb3a0d1e@group-C5836D743F5B:LeaderElection83] INFO  grpc.GrpcConfigKeys$Server (ConfUtils.java:logGet(43)) - raft.grpc.server.leader.outstanding.appends.max = 128 (default)
2019-09-20 04:28:14,253 [e794d2a0-c111-411e-8a54-a665cb3a0d1e@group-C5836D743F5B:LeaderElection83] INFO  server.RaftServerConfigKeys (ConfUtils.java:logGet(43)) - raft.server.rpc.request.timeout = 3000ms (default)
2019-09-20 04:28:14,254 [e794d2a0-c111-411e-8a54-a665cb3a0d1e@group-C5836D743F5B:LeaderElection83] INFO  server.RaftServerConfigKeys (ConfUtils.java:logGet(43)) - raft.server.log.appender.install.snapshot.enabled = false (custom)
2019-09-20 04:28:14,254 [e794d2a0-c111-411e-8a54-a665cb3a0d1e@group-C5836D743F5B:LeaderElection83] INFO  impl.RoleInfo (RoleInfo.java:updateAndGet(143)) - e794d2a0-c111-411e-8a54-a665cb3a0d1e: start LeaderState
2019-09-20 04:28:14,254 [e794d2a0-c111-411e-8a54-a665cb3a0d1e@group-C5836D743F5B:LeaderElection83] INFO  segmented.SegmentedRaftLogWorker (SegmentedRaftLogWorker.java:rollLogSegment(385)) - e794d2a0-c111-411e-8a54-a665cb3a0d1e@group-C5836D743F5B-SegmentedRaftLogWorker: Rolling segment log-0_16 to index:16
2019-09-20 04:28:14,255 [e794d2a0-c111-411e-8a54-a665cb3a0d1e@group-C5836D743F5B-SegmentedRaftLogWorker] INFO  segmented.SegmentedRaftLogWorker (SegmentedRaftLogWorker.java:execute(526)) - e794d2a0-c111-411e-8a54-a665cb3a0d1e@group-C5836D743F5B-SegmentedRaftLogWorker: Rolled log segment from /workdir/hadoop-ozone/integration-test/target/test-dir/MiniOzoneClusterImpl-aafe4fbf-76b3-435f-8185-881063bd6d24/datanode-1/data/ratis/54114e84-fa76-49d7-8d4e-c5836d743f5b/current/log_inprogress_0 to /workdir/hadoop-ozone/integration-test/target/test-dir/MiniOzoneClusterImpl-aafe4fbf-76b3-435f-8185-881063bd6d24/datanode-1/data/ratis/54114e84-fa76-49d7-8d4e-c5836d743f5b/current/log_0-16
2019-09-20 04:28:14,257 [e794d2a0-c111-411e-8a54-a665cb3a0d1e@group-C5836D743F5B:LeaderElection83] INFO  impl.RaftServerImpl (ServerState.java:setRaftConf(354)) - e794d2a0-c111-411e-8a54-a665cb3a0d1e@group-C5836D743F5B: set configuration 17: [0dda74ae-caa3-442c-b885-687993250269:192.168.36.117:32864, e794d2a0-c111-411e-8a54-a665cb3a0d1e:192.168.36.117:38064, 425133b3-490d-4f01-bfaa-91a0a46f8f04:192.168.36.117:39086], old=null at 17
2019-09-20 04:28:14,257 [grpc-default-executor-3] WARN  server.GrpcLogAppender (LogUtils.java:warn(134)) - e794d2a0-c111-411e-8a54-a665cb3a0d1e@group-C5836D743F5B->0dda74ae-caa3-442c-b885-687993250269-AppendLogResponseHandler: Failed appendEntries: org.apache.ratis.thirdparty.io.grpc.StatusRuntimeException: UNAVAILABLE: io exception
2019-09-20 04:28:14,285 [grpc-default-executor-3] INFO  impl.FollowerInfo (FollowerInfo.java:lambda$new$0(51)) - e794d2a0-c111-411e-8a54-a665cb3a0d1e@group-C5836D743F5B->0dda74ae-caa3-442c-b885-687993250269: nextIndex: updateUnconditionally 17 -> 1
2019-09-20 04:28:14,285 [grpc-default-executor-6] INFO  impl.RaftServerImpl (ServerState.java:setLeader(253)) - 425133b3-490d-4f01-bfaa-91a0a46f8f04@group-C5836D743F5B: change Leader from null to e794d2a0-c111-411e-8a54-a665cb3a0d1e at term 2 for appendEntries, leader elected after 59ms
2019-09-20 04:28:14,288 [grpc-default-executor-6] INFO  impl.RaftServerImpl (ServerState.java:setRaftConf(354)) - 425133b3-490d-4f01-bfaa-91a0a46f8f04@group-C5836D743F5B: set configuration 17: [0dda74ae-caa3-442c-b885-687993250269:192.168.36.117:32864, e794d2a0-c111-411e-8a54-a665cb3a0d1e:192.168.36.117:38064, 425133b3-490d-4f01-bfaa-91a0a46f8f04:192.168.36.117:39086], old=null at 17
2019-09-20 04:28:14,288 [grpc-default-executor-6] INFO  segmented.SegmentedRaftLogWorker (SegmentedRaftLogWorker.java:rollLogSegment(385)) - 425133b3-490d-4f01-bfaa-91a0a46f8f04@group-C5836D743F5B-SegmentedRaftLogWorker: Rolling segment log-0_16 to index:16
2019-09-20 04:28:14,289 [425133b3-490d-4f01-bfaa-91a0a46f8f04@group-C5836D743F5B-SegmentedRaftLogWorker] INFO  segmented.SegmentedRaftLogWorker (SegmentedRaftLogWorker.java:execute(526)) - 425133b3-490d-4f01-bfaa-91a0a46f8f04@group-C5836D743F5B-SegmentedRaftLogWorker: Rolled log segment from /workdir/hadoop-ozone/integration-test/target/test-dir/MiniOzoneClusterImpl-aafe4fbf-76b3-435f-8185-881063bd6d24/datanode-0/data/ratis/54114e84-fa76-49d7-8d4e-c5836d743f5b/current/log_inprogress_0 to /workdir/hadoop-ozone/integration-test/target/test-dir/MiniOzoneClusterImpl-aafe4fbf-76b3-435f-8185-881063bd6d24/datanode-0/data/ratis/54114e84-fa76-49d7-8d4e-c5836d743f5b/current/log_0-16
2019-09-20 04:28:14,304 [e794d2a0-c111-411e-8a54-a665cb3a0d1e@group-C5836D743F5B-SegmentedRaftLogWorker] INFO  segmented.SegmentedRaftLogWorker (SegmentedRaftLogWorker.java:execute(569)) - e794d2a0-c111-411e-8a54-a665cb3a0d1e@group-C5836D743F5B-SegmentedRaftLogWorker: created new log segment /workdir/hadoop-ozone/integration-test/target/test-dir/MiniOzoneClusterImpl-aafe4fbf-76b3-435f-8185-881063bd6d24/datanode-1/data/ratis/54114e84-fa76-49d7-8d4e-c5836d743f5b/current/log_inprogress_17
2019-09-20 04:28:14,347 [425133b3-490d-4f01-bfaa-91a0a46f8f04@group-C5836D743F5B-SegmentedRaftLogWorker] INFO  segmented.SegmentedRaftLogWorker (SegmentedRaftLogWorker.java:execute(569)) - 425133b3-490d-4f01-bfaa-91a0a46f8f04@group-C5836D743F5B-SegmentedRaftLogWorker: created new log segment /workdir/hadoop-ozone/integration-test/target/test-dir/MiniOzoneClusterImpl-aafe4fbf-76b3-435f-8185-881063bd6d24/datanode-0/data/ratis/54114e84-fa76-49d7-8d4e-c5836d743f5b/current/log_inprogress_17
2019-09-20 04:28:14,371 [grpc-default-executor-5] WARN  server.GrpcLogAppender (LogUtils.java:warn(134)) - e794d2a0-c111-411e-8a54-a665cb3a0d1e@group-C5836D743F5B->0dda74ae-caa3-442c-b885-687993250269-AppendLogResponseHandler: Failed appendEntries: org.apache.ratis.thirdparty.io.grpc.StatusRuntimeException: UNAVAILABLE: io exception
2019-09-20 04:28:14,372 [grpc-default-executor-5] INFO  impl.FollowerInfo (FollowerInfo.java:lambda$new$0(51)) - e794d2a0-c111-411e-8a54-a665cb3a0d1e@group-C5836D743F5B->0dda74ae-caa3-442c-b885-687993250269: nextIndex: updateUnconditionally 2 -> 1
2019-09-20 04:28:14,395 [grpc-default-executor-3] WARN  server.GrpcLogAppender (LogUtils.java:warn(134)) - e794d2a0-c111-411e-8a54-a665cb3a0d1e@group-C5836D743F5B->0dda74ae-caa3-442c-b885-687993250269-AppendLogResponseHandler: Failed appendEntries: org.apache.ratis.thirdparty.io.grpc.StatusRuntimeException: UNAVAILABLE: io exception
2019-09-20 04:28:14,396 [grpc-default-executor-3] INFO  impl.FollowerInfo (FollowerInfo.java:lambda$new$0(51)) - e794d2a0-c111-411e-8a54-a665cb3a0d1e@group-C5836D743F5B->0dda74ae-caa3-442c-b885-687993250269: nextIndex: updateUnconditionally 2 -> 1
04:28:15.008 [grpc-default-executor-3] ERROR DNAudit - user=null | ip=null | op=WRITE_CHUNK {blockData=conID: 1 locID: 102822948023500813 bcsId: 14} | ret=FAILURE
org.apache.hadoop.hdds.scm.container.common.helpers.ContainerNotOpenException: Container 1 in CLOSING state
	at org.apache.hadoop.ozone.container.common.impl.HddsDispatcher.validateContainerCommand(HddsDispatcher.java:434) ~[hadoop-hdds-container-service-0.5.0-SNAPSHOT.jar:?]
	at org.apache.hadoop.ozone.container.common.transport.server.ratis.ContainerStateMachine.startTransaction(ContainerStateMachine.java:315) ~[hadoop-hdds-container-service-0.5.0-SNAPSHOT.jar:?]
	at org.apache.ratis.server.impl.RaftServerImpl.submitClientRequestAsync(RaftServerImpl.java:573) ~[ratis-server-0.4.0-78e95b9-SNAPSHOT.jar:0.4.0-78e95b9-SNAPSHOT]
	at org.apache.ratis.server.impl.RaftServerProxy.lambda$submitClientRequestAsync$7(RaftServerProxy.java:333) ~[ratis-server-0.4.0-78e95b9-SNAPSHOT.jar:0.4.0-78e95b9-SNAPSHOT]
	at org.apache.ratis.server.impl.RaftServerProxy.lambda$null$5(RaftServerProxy.java:328) ~[ratis-server-0.4.0-78e95b9-SNAPSHOT.jar:0.4.0-78e95b9-SNAPSHOT]
	at org.apache.ratis.util.JavaUtils.callAsUnchecked(JavaUtils.java:109) ~[ratis-common-0.4.0-78e95b9-SNAPSHOT.jar:0.4.0-78e95b9-SNAPSHOT]
	at org.apache.ratis.server.impl.RaftServerProxy.lambda$submitRequest$6(RaftServerProxy.java:328) ~[ratis-server-0.4.0-78e95b9-SNAPSHOT.jar:0.4.0-78e95b9-SNAPSHOT]
	at java.util.concurrent.CompletableFuture.uniComposeStage(CompletableFuture.java:981) ~[?:1.8.0_212]
	at java.util.concurrent.CompletableFuture.thenCompose(CompletableFuture.java:2124) ~[?:1.8.0_212]
	at org.apache.ratis.server.impl.RaftServerProxy.submitRequest(RaftServerProxy.java:327) ~[ratis-server-0.4.0-78e95b9-SNAPSHOT.jar:0.4.0-78e95b9-SNAPSHOT]
	at org.apache.ratis.server.impl.RaftServerProxy.submitClientRequestAsync(RaftServerProxy.java:333) ~[ratis-server-0.4.0-78e95b9-SNAPSHOT.jar:0.4.0-78e95b9-SNAPSHOT]
	at org.apache.ratis.grpc.client.GrpcClientProtocolService$RequestStreamObserver.processClientRequest(GrpcClientProtocolService.java:220) ~[ratis-grpc-0.4.0-78e95b9-SNAPSHOT.jar:0.4.0-78e95b9-SNAPSHOT]
	at org.apache.ratis.grpc.client.GrpcClientProtocolService$OrderedRequestStreamObserver.processClientRequest(GrpcClientProtocolService.java:326) ~[ratis-grpc-0.4.0-78e95b9-SNAPSHOT.jar:0.4.0-78e95b9-SNAPSHOT]
	at org.apache.ratis.util.SlidingWindow$Server.processRequestsFromHead(SlidingWindow.java:429) [ratis-common-0.4.0-78e95b9-SNAPSHOT.jar:0.4.0-78e95b9-SNAPSHOT]
	at org.apache.ratis.util.SlidingWindow$Server.receivedRequest(SlidingWindow.java:421) [ratis-common-0.4.0-78e95b9-SNAPSHOT.jar:0.4.0-78e95b9-SNAPSHOT]
	at org.apache.ratis.grpc.client.GrpcClientProtocolService$OrderedRequestStreamObserver.processClientRequest(GrpcClientProtocolService.java:345) [ratis-grpc-0.4.0-78e95b9-SNAPSHOT.jar:0.4.0-78e95b9-SNAPSHOT]
	at org.apache.ratis.grpc.client.GrpcClientProtocolService$RequestStreamObserver.onNext(GrpcClientProtocolService.java:240) [ratis-grpc-0.4.0-78e95b9-SNAPSHOT.jar:0.4.0-78e95b9-SNAPSHOT]
	at org.apache.ratis.grpc.client.GrpcClientProtocolService$RequestStreamObserver.onNext(GrpcClientProtocolService.java:168) [ratis-grpc-0.4.0-78e95b9-SNAPSHOT.jar:0.4.0-78e95b9-SNAPSHOT]
	at org.apache.ratis.thirdparty.io.grpc.stub.ServerCalls$StreamingServerCallHandler$StreamingServerCallListener.onMessage(ServerCalls.java:248) [ratis-thirdparty-misc-0.2.0.jar:0.2.0]
	at org.apache.ratis.thirdparty.io.grpc.internal.ServerCallImpl$ServerStreamListenerImpl.messagesAvailable(ServerCallImpl.java:263) [ratis-thirdparty-misc-0.2.0.jar:0.2.0]
	at org.apache.ratis.thirdparty.io.grpc.internal.ServerImpl$JumpToApplicationThreadServerStreamListener$1MessagesAvailable.runInContext(ServerImpl.java:686) [ratis-thirdparty-misc-0.2.0.jar:0.2.0]
	at org.apache.ratis.thirdparty.io.grpc.internal.ContextRunnable.run(ContextRunnable.java:37) [ratis-thirdparty-misc-0.2.0.jar:0.2.0]
	at org.apache.ratis.thirdparty.io.grpc.internal.SerializingExecutor.run(SerializingExecutor.java:123) [ratis-thirdparty-misc-0.2.0.jar:0.2.0]
	at java.util.concurrent.ThreadPoolExecutor.runWorker(ThreadPoolExecutor.java:1149) [?:1.8.0_212]
	at java.util.concurrent.ThreadPoolExecutor$Worker.run(ThreadPoolExecutor.java:624) [?:1.8.0_212]
	at java.lang.Thread.run(Thread.java:748) [?:1.8.0_212]
2019-09-20 04:28:15,024 [grpc-default-executor-3] INFO  client.GrpcClientProtocolClient (GrpcClientProtocolClient.java:onNext(264)) - client-AC8A338CC9B1->e794d2a0-c111-411e-8a54-a665cb3a0d1e: receive RaftClientReply:client-AC8A338CC9B1->e794d2a0-c111-411e-8a54-a665cb3a0d1e@group-C5836D743F5B, cid=192, FAILED org.apache.ratis.protocol.StateMachineException: org.apache.hadoop.hdds.scm.container.common.helpers.ContainerNotOpenException from Server e794d2a0-c111-411e-8a54-a665cb3a0d1e@group-C5836D743F5B: Container 1 in CLOSING state, logIndex=0, commits[e794d2a0-c111-411e-8a54-a665cb3a0d1e:c18, 0dda74ae-caa3-442c-b885-687993250269:c16, 425133b3-490d-4f01-bfaa-91a0a46f8f04:c17]
04:28:15.026 [grpc-default-executor-5] ERROR DNAudit - user=null | ip=null | op=WRITE_CHUNK {blockData=conID: 1 locID: 102822948023500813 bcsId: 14} | ret=FAILURE
org.apache.hadoop.hdds.scm.container.common.helpers.ContainerNotOpenException: Container 1 in CLOSING state
	at org.apache.hadoop.ozone.container.common.impl.HddsDispatcher.validateContainerCommand(HddsDispatcher.java:434) ~[hadoop-hdds-container-service-0.5.0-SNAPSHOT.jar:?]
	at org.apache.hadoop.ozone.container.common.transport.server.ratis.ContainerStateMachine.startTransaction(ContainerStateMachine.java:315) ~[hadoop-hdds-container-service-0.5.0-SNAPSHOT.jar:?]
	at org.apache.ratis.server.impl.RaftServerImpl.submitClientRequestAsync(RaftServerImpl.java:573) ~[ratis-server-0.4.0-78e95b9-SNAPSHOT.jar:0.4.0-78e95b9-SNAPSHOT]
	at org.apache.ratis.server.impl.RaftServerProxy.lambda$submitClientRequestAsync$7(RaftServerProxy.java:333) ~[ratis-server-0.4.0-78e95b9-SNAPSHOT.jar:0.4.0-78e95b9-SNAPSHOT]
	at org.apache.ratis.server.impl.RaftServerProxy.lambda$null$5(RaftServerProxy.java:328) ~[ratis-server-0.4.0-78e95b9-SNAPSHOT.jar:0.4.0-78e95b9-SNAPSHOT]
	at org.apache.ratis.util.JavaUtils.callAsUnchecked(JavaUtils.java:109) ~[ratis-common-0.4.0-78e95b9-SNAPSHOT.jar:0.4.0-78e95b9-SNAPSHOT]
	at org.apache.ratis.server.impl.RaftServerProxy.lambda$submitRequest$6(RaftServerProxy.java:328) ~[ratis-server-0.4.0-78e95b9-SNAPSHOT.jar:0.4.0-78e95b9-SNAPSHOT]
	at java.util.concurrent.CompletableFuture.uniComposeStage(CompletableFuture.java:981) ~[?:1.8.0_212]
	at java.util.concurrent.CompletableFuture.thenCompose(CompletableFuture.java:2124) ~[?:1.8.0_212]
	at org.apache.ratis.server.impl.RaftServerProxy.submitRequest(RaftServerProxy.java:327) ~[ratis-server-0.4.0-78e95b9-SNAPSHOT.jar:0.4.0-78e95b9-SNAPSHOT]
	at org.apache.ratis.server.impl.RaftServerProxy.submitClientRequestAsync(RaftServerProxy.java:333) ~[ratis-server-0.4.0-78e95b9-SNAPSHOT.jar:0.4.0-78e95b9-SNAPSHOT]
	at org.apache.ratis.grpc.client.GrpcClientProtocolService$RequestStreamObserver.processClientRequest(GrpcClientProtocolService.java:220) ~[ratis-grpc-0.4.0-78e95b9-SNAPSHOT.jar:0.4.0-78e95b9-SNAPSHOT]
	at org.apache.ratis.grpc.client.GrpcClientProtocolService$OrderedRequestStreamObserver.processClientRequest(GrpcClientProtocolService.java:326) ~[ratis-grpc-0.4.0-78e95b9-SNAPSHOT.jar:0.4.0-78e95b9-SNAPSHOT]
	at org.apache.ratis.util.SlidingWindow$Server.processRequestsFromHead(SlidingWindow.java:429) [ratis-common-0.4.0-78e95b9-SNAPSHOT.jar:0.4.0-78e95b9-SNAPSHOT]
	at org.apache.ratis.util.SlidingWindow$Server.receivedRequest(SlidingWindow.java:421) [ratis-common-0.4.0-78e95b9-SNAPSHOT.jar:0.4.0-78e95b9-SNAPSHOT]
	at org.apache.ratis.grpc.client.GrpcClientProtocolService$OrderedRequestStreamObserver.processClientRequest(GrpcClientProtocolService.java:345) [ratis-grpc-0.4.0-78e95b9-SNAPSHOT.jar:0.4.0-78e95b9-SNAPSHOT]
	at org.apache.ratis.grpc.client.GrpcClientProtocolService$RequestStreamObserver.onNext(GrpcClientProtocolService.java:240) [ratis-grpc-0.4.0-78e95b9-SNAPSHOT.jar:0.4.0-78e95b9-SNAPSHOT]
	at org.apache.ratis.grpc.client.GrpcClientProtocolService$RequestStreamObserver.onNext(GrpcClientProtocolService.java:168) [ratis-grpc-0.4.0-78e95b9-SNAPSHOT.jar:0.4.0-78e95b9-SNAPSHOT]
	at org.apache.ratis.thirdparty.io.grpc.stub.ServerCalls$StreamingServerCallHandler$StreamingServerCallListener.onMessage(ServerCalls.java:248) [ratis-thirdparty-misc-0.2.0.jar:0.2.0]
	at org.apache.ratis.thirdparty.io.grpc.internal.ServerCallImpl$ServerStreamListenerImpl.messagesAvailable(ServerCallImpl.java:263) [ratis-thirdparty-misc-0.2.0.jar:0.2.0]
	at org.apache.ratis.thirdparty.io.grpc.internal.ServerImpl$JumpToApplicationThreadServerStreamListener$1MessagesAvailable.runInContext(ServerImpl.java:686) [ratis-thirdparty-misc-0.2.0.jar:0.2.0]
	at org.apache.ratis.thirdparty.io.grpc.internal.ContextRunnable.run(ContextRunnable.java:37) [ratis-thirdparty-misc-0.2.0.jar:0.2.0]
	at org.apache.ratis.thirdparty.io.grpc.internal.SerializingExecutor.run(SerializingExecutor.java:123) [ratis-thirdparty-misc-0.2.0.jar:0.2.0]
	at java.util.concurrent.ThreadPoolExecutor.runWorker(ThreadPoolExecutor.java:1149) [?:1.8.0_212]
	at java.util.concurrent.ThreadPoolExecutor$Worker.run(ThreadPoolExecutor.java:624) [?:1.8.0_212]
	at java.lang.Thread.run(Thread.java:748) [?:1.8.0_212]
04:28:15.039 [grpc-default-executor-5] ERROR DNAudit - user=null | ip=null | op=PUT_BLOCK {blockData=[blockId=conID: 1 locID: 102822948023500813 bcsId: 0,size=650]} | ret=FAILURE
org.apache.hadoop.hdds.scm.container.common.helpers.ContainerNotOpenException: Container 1 in CLOSING state
	at org.apache.hadoop.ozone.container.common.impl.HddsDispatcher.validateContainerCommand(HddsDispatcher.java:434) ~[hadoop-hdds-container-service-0.5.0-SNAPSHOT.jar:?]
	at org.apache.hadoop.ozone.container.common.transport.server.ratis.ContainerStateMachine.startTransaction(ContainerStateMachine.java:315) ~[hadoop-hdds-container-service-0.5.0-SNAPSHOT.jar:?]
	at org.apache.ratis.server.impl.RaftServerImpl.submitClientRequestAsync(RaftServerImpl.java:573) ~[ratis-server-0.4.0-78e95b9-SNAPSHOT.jar:0.4.0-78e95b9-SNAPSHOT]
	at org.apache.ratis.server.impl.RaftServerProxy.lambda$submitClientRequestAsync$7(RaftServerProxy.java:333) ~[ratis-server-0.4.0-78e95b9-SNAPSHOT.jar:0.4.0-78e95b9-SNAPSHOT]
	at org.apache.ratis.server.impl.RaftServerProxy.lambda$null$5(RaftServerProxy.java:328) ~[ratis-server-0.4.0-78e95b9-SNAPSHOT.jar:0.4.0-78e95b9-SNAPSHOT]
	at org.apache.ratis.util.JavaUtils.callAsUnchecked(JavaUtils.java:109) ~[ratis-common-0.4.0-78e95b9-SNAPSHOT.jar:0.4.0-78e95b9-SNAPSHOT]
	at org.apache.ratis.server.impl.RaftServerProxy.lambda$submitRequest$6(RaftServerProxy.java:328) ~[ratis-server-0.4.0-78e95b9-SNAPSHOT.jar:0.4.0-78e95b9-SNAPSHOT]
	at java.util.concurrent.CompletableFuture.uniComposeStage(CompletableFuture.java:981) ~[?:1.8.0_212]
	at java.util.concurrent.CompletableFuture.thenCompose(CompletableFuture.java:2124) ~[?:1.8.0_212]
	at org.apache.ratis.server.impl.RaftServerProxy.submitRequest(RaftServerProxy.java:327) ~[ratis-server-0.4.0-78e95b9-SNAPSHOT.jar:0.4.0-78e95b9-SNAPSHOT]
	at org.apache.ratis.server.impl.RaftServerProxy.submitClientRequestAsync(RaftServerProxy.java:333) ~[ratis-server-0.4.0-78e95b9-SNAPSHOT.jar:0.4.0-78e95b9-SNAPSHOT]
	at org.apache.ratis.grpc.client.GrpcClientProtocolService$RequestStreamObserver.processClientRequest(GrpcClientProtocolService.java:220) ~[ratis-grpc-0.4.0-78e95b9-SNAPSHOT.jar:0.4.0-78e95b9-SNAPSHOT]
	at org.apache.ratis.grpc.client.GrpcClientProtocolService$OrderedRequestStreamObserver.processClientRequest(GrpcClientProtocolService.java:326) ~[ratis-grpc-0.4.0-78e95b9-SNAPSHOT.jar:0.4.0-78e95b9-SNAPSHOT]
	at org.apache.ratis.util.SlidingWindow$Server.processRequestsFromHead(SlidingWindow.java:429) [ratis-common-0.4.0-78e95b9-SNAPSHOT.jar:0.4.0-78e95b9-SNAPSHOT]
	at org.apache.ratis.util.SlidingWindow$Server.receivedRequest(SlidingWindow.java:421) [ratis-common-0.4.0-78e95b9-SNAPSHOT.jar:0.4.0-78e95b9-SNAPSHOT]
	at org.apache.ratis.grpc.client.GrpcClientProtocolService$OrderedRequestStreamObserver.processClientRequest(GrpcClientProtocolService.java:345) [ratis-grpc-0.4.0-78e95b9-SNAPSHOT.jar:0.4.0-78e95b9-SNAPSHOT]
	at org.apache.ratis.grpc.client.GrpcClientProtocolService$RequestStreamObserver.onNext(GrpcClientProtocolService.java:240) [ratis-grpc-0.4.0-78e95b9-SNAPSHOT.jar:0.4.0-78e95b9-SNAPSHOT]
	at org.apache.ratis.grpc.client.GrpcClientProtocolService$RequestStreamObserver.onNext(GrpcClientProtocolService.java:168) [ratis-grpc-0.4.0-78e95b9-SNAPSHOT.jar:0.4.0-78e95b9-SNAPSHOT]
	at org.apache.ratis.thirdparty.io.grpc.stub.ServerCalls$StreamingServerCallHandler$StreamingServerCallListener.onMessage(ServerCalls.java:248) [ratis-thirdparty-misc-0.2.0.jar:0.2.0]
	at org.apache.ratis.thirdparty.io.grpc.internal.ServerCallImpl$ServerStreamListenerImpl.messagesAvailable(ServerCallImpl.java:263) [ratis-thirdparty-misc-0.2.0.jar:0.2.0]
	at org.apache.ratis.thirdparty.io.grpc.internal.ServerImpl$JumpToApplicationThreadServerStreamListener$1MessagesAvailable.runInContext(ServerImpl.java:686) [ratis-thirdparty-misc-0.2.0.jar:0.2.0]
	at org.apache.ratis.thirdparty.io.grpc.internal.ContextRunnable.run(ContextRunnable.java:37) [ratis-thirdparty-misc-0.2.0.jar:0.2.0]
	at org.apache.ratis.thirdparty.io.grpc.internal.SerializingExecutor.run(SerializingExecutor.java:123) [ratis-thirdparty-misc-0.2.0.jar:0.2.0]
	at java.util.concurrent.ThreadPoolExecutor.runWorker(ThreadPoolExecutor.java:1149) [?:1.8.0_212]
	at java.util.concurrent.ThreadPoolExecutor$Worker.run(ThreadPoolExecutor.java:624) [?:1.8.0_212]
	at java.lang.Thread.run(Thread.java:748) [?:1.8.0_212]
2019-09-20 04:28:15,040 [grpc-default-executor-3] INFO  client.GrpcClientProtocolClient (GrpcClientProtocolClient.java:onNext(264)) - client-AC8A338CC9B1->e794d2a0-c111-411e-8a54-a665cb3a0d1e: receive RaftClientReply:client-AC8A338CC9B1->e794d2a0-c111-411e-8a54-a665cb3a0d1e@group-C5836D743F5B, cid=193, FAILED org.apache.ratis.protocol.StateMachineException: org.apache.hadoop.hdds.scm.container.common.helpers.ContainerNotOpenException from Server e794d2a0-c111-411e-8a54-a665cb3a0d1e@group-C5836D743F5B: Container 1 in CLOSING state, logIndex=0, commits[e794d2a0-c111-411e-8a54-a665cb3a0d1e:c18, 0dda74ae-caa3-442c-b885-687993250269:c16, 425133b3-490d-4f01-bfaa-91a0a46f8f04:c17]
04:28:15.041 [grpc-default-executor-5] ERROR DNAudit - user=null | ip=null | op=WRITE_CHUNK {blockData=conID: 1 locID: 102822948023500813 bcsId: 14} | ret=FAILURE
org.apache.hadoop.hdds.scm.container.common.helpers.ContainerNotOpenException: Container 1 in CLOSING state
	at org.apache.hadoop.ozone.container.common.impl.HddsDispatcher.validateContainerCommand(HddsDispatcher.java:434) ~[hadoop-hdds-container-service-0.5.0-SNAPSHOT.jar:?]
	at org.apache.hadoop.ozone.container.common.transport.server.ratis.ContainerStateMachine.startTransaction(ContainerStateMachine.java:315) ~[hadoop-hdds-container-service-0.5.0-SNAPSHOT.jar:?]
	at org.apache.ratis.server.impl.RaftServerImpl.submitClientRequestAsync(RaftServerImpl.java:573) ~[ratis-server-0.4.0-78e95b9-SNAPSHOT.jar:0.4.0-78e95b9-SNAPSHOT]
	at org.apache.ratis.server.impl.RaftServerProxy.lambda$submitClientRequestAsync$7(RaftServerProxy.java:333) ~[ratis-server-0.4.0-78e95b9-SNAPSHOT.jar:0.4.0-78e95b9-SNAPSHOT]
	at org.apache.ratis.server.impl.RaftServerProxy.lambda$null$5(RaftServerProxy.java:328) ~[ratis-server-0.4.0-78e95b9-SNAPSHOT.jar:0.4.0-78e95b9-SNAPSHOT]
	at org.apache.ratis.util.JavaUtils.callAsUnchecked(JavaUtils.java:109) ~[ratis-common-0.4.0-78e95b9-SNAPSHOT.jar:0.4.0-78e95b9-SNAPSHOT]
	at org.apache.ratis.server.impl.RaftServerProxy.lambda$submitRequest$6(RaftServerProxy.java:328) ~[ratis-server-0.4.0-78e95b9-SNAPSHOT.jar:0.4.0-78e95b9-SNAPSHOT]
	at java.util.concurrent.CompletableFuture.uniComposeStage(CompletableFuture.java:981) ~[?:1.8.0_212]
	at java.util.concurrent.CompletableFuture.thenCompose(CompletableFuture.java:2124) ~[?:1.8.0_212]
	at org.apache.ratis.server.impl.RaftServerProxy.submitRequest(RaftServerProxy.java:327) ~[ratis-server-0.4.0-78e95b9-SNAPSHOT.jar:0.4.0-78e95b9-SNAPSHOT]
	at org.apache.ratis.server.impl.RaftServerProxy.submitClientRequestAsync(RaftServerProxy.java:333) ~[ratis-server-0.4.0-78e95b9-SNAPSHOT.jar:0.4.0-78e95b9-SNAPSHOT]
	at org.apache.ratis.grpc.client.GrpcClientProtocolService$RequestStreamObserver.processClientRequest(GrpcClientProtocolService.java:220) ~[ratis-grpc-0.4.0-78e95b9-SNAPSHOT.jar:0.4.0-78e95b9-SNAPSHOT]
	at org.apache.ratis.grpc.client.GrpcClientProtocolService$OrderedRequestStreamObserver.processClientRequest(GrpcClientProtocolService.java:326) ~[ratis-grpc-0.4.0-78e95b9-SNAPSHOT.jar:0.4.0-78e95b9-SNAPSHOT]
	at org.apache.ratis.util.SlidingWindow$Server.processRequestsFromHead(SlidingWindow.java:429) [ratis-common-0.4.0-78e95b9-SNAPSHOT.jar:0.4.0-78e95b9-SNAPSHOT]
	at org.apache.ratis.util.SlidingWindow$Server.receivedRequest(SlidingWindow.java:421) [ratis-common-0.4.0-78e95b9-SNAPSHOT.jar:0.4.0-78e95b9-SNAPSHOT]
	at org.apache.ratis.grpc.client.GrpcClientProtocolService$OrderedRequestStreamObserver.processClientRequest(GrpcClientProtocolService.java:345) [ratis-grpc-0.4.0-78e95b9-SNAPSHOT.jar:0.4.0-78e95b9-SNAPSHOT]
	at org.apache.ratis.grpc.client.GrpcClientProtocolService$RequestStreamObserver.onNext(GrpcClientProtocolService.java:240) [ratis-grpc-0.4.0-78e95b9-SNAPSHOT.jar:0.4.0-78e95b9-SNAPSHOT]
	at org.apache.ratis.grpc.client.GrpcClientProtocolService$RequestStreamObserver.onNext(GrpcClientProtocolService.java:168) [ratis-grpc-0.4.0-78e95b9-SNAPSHOT.jar:0.4.0-78e95b9-SNAPSHOT]
	at org.apache.ratis.thirdparty.io.grpc.stub.ServerCalls$StreamingServerCallHandler$StreamingServerCallListener.onMessage(ServerCalls.java:248) [ratis-thirdparty-misc-0.2.0.jar:0.2.0]
	at org.apache.ratis.thirdparty.io.grpc.internal.ServerCallImpl$ServerStreamListenerImpl.messagesAvailable(ServerCallImpl.java:263) [ratis-thirdparty-misc-0.2.0.jar:0.2.0]
	at org.apache.ratis.thirdparty.io.grpc.internal.ServerImpl$JumpToApplicationThreadServerStreamListener$1MessagesAvailable.runInContext(ServerImpl.java:686) [ratis-thirdparty-misc-0.2.0.jar:0.2.0]
	at org.apache.ratis.thirdparty.io.grpc.internal.ContextRunnable.run(ContextRunnable.java:37) [ratis-thirdparty-misc-0.2.0.jar:0.2.0]
	at org.apache.ratis.thirdparty.io.grpc.internal.SerializingExecutor.run(SerializingExecutor.java:123) [ratis-thirdparty-misc-0.2.0.jar:0.2.0]
	at java.util.concurrent.ThreadPoolExecutor.runWorker(ThreadPoolExecutor.java:1149) [?:1.8.0_212]
	at java.util.concurrent.ThreadPoolExecutor$Worker.run(ThreadPoolExecutor.java:624) [?:1.8.0_212]
	at java.lang.Thread.run(Thread.java:748) [?:1.8.0_212]
2019-09-20 04:28:15,058 [grpc-default-executor-3] INFO  client.GrpcClientProtocolClient (GrpcClientProtocolClient.java:onNext(264)) - client-AC8A338CC9B1->e794d2a0-c111-411e-8a54-a665cb3a0d1e: receive RaftClientReply:client-AC8A338CC9B1->e794d2a0-c111-411e-8a54-a665cb3a0d1e@group-C5836D743F5B, cid=194, FAILED org.apache.ratis.protocol.StateMachineException: org.apache.hadoop.hdds.scm.container.common.helpers.ContainerNotOpenException from Server e794d2a0-c111-411e-8a54-a665cb3a0d1e@group-C5836D743F5B: Container 1 in CLOSING state, logIndex=0, commits[e794d2a0-c111-411e-8a54-a665cb3a0d1e:c18, 0dda74ae-caa3-442c-b885-687993250269:c16, 425133b3-490d-4f01-bfaa-91a0a46f8f04:c17]
2019-09-20 04:28:15,059 [grpc-default-executor-3] INFO  client.GrpcClientProtocolClient (GrpcClientProtocolClient.java:onNext(264)) - client-AC8A338CC9B1->e794d2a0-c111-411e-8a54-a665cb3a0d1e: receive RaftClientReply:client-AC8A338CC9B1->e794d2a0-c111-411e-8a54-a665cb3a0d1e@group-C5836D743F5B, cid=195, FAILED org.apache.ratis.protocol.StateMachineException: org.apache.hadoop.hdds.scm.container.common.helpers.ContainerNotOpenException from Server e794d2a0-c111-411e-8a54-a665cb3a0d1e@group-C5836D743F5B: Container 1 in CLOSING state, logIndex=0, commits[e794d2a0-c111-411e-8a54-a665cb3a0d1e:c18, 0dda74ae-caa3-442c-b885-687993250269:c16, 425133b3-490d-4f01-bfaa-91a0a46f8f04:c17]
04:28:15.058 [grpc-default-executor-5] ERROR DNAudit - user=null | ip=null | op=WRITE_CHUNK {blockData=conID: 1 locID: 102822948023500813 bcsId: 14} | ret=FAILURE
org.apache.hadoop.hdds.scm.container.common.helpers.ContainerNotOpenException: Container 1 in CLOSING state
	at org.apache.hadoop.ozone.container.common.impl.HddsDispatcher.validateContainerCommand(HddsDispatcher.java:434) ~[hadoop-hdds-container-service-0.5.0-SNAPSHOT.jar:?]
	at org.apache.hadoop.ozone.container.common.transport.server.ratis.ContainerStateMachine.startTransaction(ContainerStateMachine.java:315) ~[hadoop-hdds-container-service-0.5.0-SNAPSHOT.jar:?]
	at org.apache.ratis.server.impl.RaftServerImpl.submitClientRequestAsync(RaftServerImpl.java:573) ~[ratis-server-0.4.0-78e95b9-SNAPSHOT.jar:0.4.0-78e95b9-SNAPSHOT]
	at org.apache.ratis.server.impl.RaftServerProxy.lambda$submitClientRequestAsync$7(RaftServerProxy.java:333) ~[ratis-server-0.4.0-78e95b9-SNAPSHOT.jar:0.4.0-78e95b9-SNAPSHOT]
	at org.apache.ratis.server.impl.RaftServerProxy.lambda$null$5(RaftServerProxy.java:328) ~[ratis-server-0.4.0-78e95b9-SNAPSHOT.jar:0.4.0-78e95b9-SNAPSHOT]
	at org.apache.ratis.util.JavaUtils.callAsUnchecked(JavaUtils.java:109) ~[ratis-common-0.4.0-78e95b9-SNAPSHOT.jar:0.4.0-78e95b9-SNAPSHOT]
	at org.apache.ratis.server.impl.RaftServerProxy.lambda$submitRequest$6(RaftServerProxy.java:328) ~[ratis-server-0.4.0-78e95b9-SNAPSHOT.jar:0.4.0-78e95b9-SNAPSHOT]
	at java.util.concurrent.CompletableFuture.uniComposeStage(CompletableFuture.java:981) ~[?:1.8.0_212]
	at java.util.concurrent.CompletableFuture.thenCompose(CompletableFuture.java:2124) ~[?:1.8.0_212]
	at org.apache.ratis.server.impl.RaftServerProxy.submitRequest(RaftServerProxy.java:327) ~[ratis-server-0.4.0-78e95b9-SNAPSHOT.jar:0.4.0-78e95b9-SNAPSHOT]
	at org.apache.ratis.server.impl.RaftServerProxy.submitClientRequestAsync(RaftServerProxy.java:333) ~[ratis-server-0.4.0-78e95b9-SNAPSHOT.jar:0.4.0-78e95b9-SNAPSHOT]
	at org.apache.ratis.grpc.client.GrpcClientProtocolService$RequestStreamObserver.processClientRequest(GrpcClientProtocolService.java:220) ~[ratis-grpc-0.4.0-78e95b9-SNAPSHOT.jar:0.4.0-78e95b9-SNAPSHOT]
	at org.apache.ratis.grpc.client.GrpcClientProtocolService$OrderedRequestStreamObserver.processClientRequest(GrpcClientProtocolService.java:326) ~[ratis-grpc-0.4.0-78e95b9-SNAPSHOT.jar:0.4.0-78e95b9-SNAPSHOT]
	at org.apache.ratis.util.SlidingWindow$Server.processRequestsFromHead(SlidingWindow.java:429) [ratis-common-0.4.0-78e95b9-SNAPSHOT.jar:0.4.0-78e95b9-SNAPSHOT]
	at org.apache.ratis.util.SlidingWindow$Server.receivedRequest(SlidingWindow.java:421) [ratis-common-0.4.0-78e95b9-SNAPSHOT.jar:0.4.0-78e95b9-SNAPSHOT]
	at org.apache.ratis.grpc.client.GrpcClientProtocolService$OrderedRequestStreamObserver.processClientRequest(GrpcClientProtocolService.java:345) [ratis-grpc-0.4.0-78e95b9-SNAPSHOT.jar:0.4.0-78e95b9-SNAPSHOT]
	at org.apache.ratis.grpc.client.GrpcClientProtocolService$RequestStreamObserver.onNext(GrpcClientProtocolService.java:240) [ratis-grpc-0.4.0-78e95b9-SNAPSHOT.jar:0.4.0-78e95b9-SNAPSHOT]
	at org.apache.ratis.grpc.client.GrpcClientProtocolService$RequestStreamObserver.onNext(GrpcClientProtocolService.java:168) [ratis-grpc-0.4.0-78e95b9-SNAPSHOT.jar:0.4.0-78e95b9-SNAPSHOT]
	at org.apache.ratis.thirdparty.io.grpc.stub.ServerCalls$StreamingServerCallHandler$StreamingServerCallListener.onMessage(ServerCalls.java:248) [ratis-thirdparty-misc-0.2.0.jar:0.2.0]
	at org.apache.ratis.thirdparty.io.grpc.internal.ServerCallImpl$ServerStreamListenerImpl.messagesAvailable(ServerCallImpl.java:263) [ratis-thirdparty-misc-0.2.0.jar:0.2.0]
	at org.apache.ratis.thirdparty.io.grpc.internal.ServerImpl$JumpToApplicationThreadServerStreamListener$1MessagesAvailable.runInContext(ServerImpl.java:686) [ratis-thirdparty-misc-0.2.0.jar:0.2.0]
	at org.apache.ratis.thirdparty.io.grpc.internal.ContextRunnable.run(ContextRunnable.java:37) [ratis-thirdparty-misc-0.2.0.jar:0.2.0]
	at org.apache.ratis.thirdparty.io.grpc.internal.SerializingExecutor.run(SerializingExecutor.java:123) [ratis-thirdparty-misc-0.2.0.jar:0.2.0]
	at java.util.concurrent.ThreadPoolExecutor.runWorker(ThreadPoolExecutor.java:1149) [?:1.8.0_212]
	at java.util.concurrent.ThreadPoolExecutor$Worker.run(ThreadPoolExecutor.java:624) [?:1.8.0_212]
	at java.lang.Thread.run(Thread.java:748) [?:1.8.0_212]
2019-09-20 04:28:15,065 [grpc-default-executor-3] INFO  client.GrpcClientProtocolClient (GrpcClientProtocolClient.java:onNext(264)) - client-AC8A338CC9B1->e794d2a0-c111-411e-8a54-a665cb3a0d1e: receive RaftClientReply:client-AC8A338CC9B1->e794d2a0-c111-411e-8a54-a665cb3a0d1e@group-C5836D743F5B, cid=196, FAILED org.apache.ratis.protocol.StateMachineException: org.apache.hadoop.hdds.scm.container.common.helpers.ContainerNotOpenException from Server e794d2a0-c111-411e-8a54-a665cb3a0d1e@group-C5836D743F5B: Container 1 in CLOSING state, logIndex=0, commits[e794d2a0-c111-411e-8a54-a665cb3a0d1e:c18, 0dda74ae-caa3-442c-b885-687993250269:c16, 425133b3-490d-4f01-bfaa-91a0a46f8f04:c17]
04:28:15.065 [grpc-default-executor-5] ERROR DNAudit - user=null | ip=null | op=PUT_BLOCK {blockData=[blockId=conID: 1 locID: 102822948023500813 bcsId: 0,size=800]} | ret=FAILURE
org.apache.hadoop.hdds.scm.container.common.helpers.ContainerNotOpenException: Container 1 in CLOSING state
	at org.apache.hadoop.ozone.container.common.impl.HddsDispatcher.validateContainerCommand(HddsDispatcher.java:434) ~[hadoop-hdds-container-service-0.5.0-SNAPSHOT.jar:?]
	at org.apache.hadoop.ozone.container.common.transport.server.ratis.ContainerStateMachine.startTransaction(ContainerStateMachine.java:315) ~[hadoop-hdds-container-service-0.5.0-SNAPSHOT.jar:?]
	at org.apache.ratis.server.impl.RaftServerImpl.submitClientRequestAsync(RaftServerImpl.java:573) ~[ratis-server-0.4.0-78e95b9-SNAPSHOT.jar:0.4.0-78e95b9-SNAPSHOT]
	at org.apache.ratis.server.impl.RaftServerProxy.lambda$submitClientRequestAsync$7(RaftServerProxy.java:333) ~[ratis-server-0.4.0-78e95b9-SNAPSHOT.jar:0.4.0-78e95b9-SNAPSHOT]
	at org.apache.ratis.server.impl.RaftServerProxy.lambda$null$5(RaftServerProxy.java:328) ~[ratis-server-0.4.0-78e95b9-SNAPSHOT.jar:0.4.0-78e95b9-SNAPSHOT]
	at org.apache.ratis.util.JavaUtils.callAsUnchecked(JavaUtils.java:109) ~[ratis-common-0.4.0-78e95b9-SNAPSHOT.jar:0.4.0-78e95b9-SNAPSHOT]
	at org.apache.ratis.server.impl.RaftServerProxy.lambda$submitRequest$6(RaftServerProxy.java:328) ~[ratis-server-0.4.0-78e95b9-SNAPSHOT.jar:0.4.0-78e95b9-SNAPSHOT]
	at java.util.concurrent.CompletableFuture.uniComposeStage(CompletableFuture.java:981) ~[?:1.8.0_212]
	at java.util.concurrent.CompletableFuture.thenCompose(CompletableFuture.java:2124) ~[?:1.8.0_212]
	at org.apache.ratis.server.impl.RaftServerProxy.submitRequest(RaftServerProxy.java:327) ~[ratis-server-0.4.0-78e95b9-SNAPSHOT.jar:0.4.0-78e95b9-SNAPSHOT]
	at org.apache.ratis.server.impl.RaftServerProxy.submitClientRequestAsync(RaftServerProxy.java:333) ~[ratis-server-0.4.0-78e95b9-SNAPSHOT.jar:0.4.0-78e95b9-SNAPSHOT]
	at org.apache.ratis.grpc.client.GrpcClientProtocolService$RequestStreamObserver.processClientRequest(GrpcClientProtocolService.java:220) ~[ratis-grpc-0.4.0-78e95b9-SNAPSHOT.jar:0.4.0-78e95b9-SNAPSHOT]
	at org.apache.ratis.grpc.client.GrpcClientProtocolService$OrderedRequestStreamObserver.processClientRequest(GrpcClientProtocolService.java:326) ~[ratis-grpc-0.4.0-78e95b9-SNAPSHOT.jar:0.4.0-78e95b9-SNAPSHOT]
	at org.apache.ratis.util.SlidingWindow$Server.processRequestsFromHead(SlidingWindow.java:429) [ratis-common-0.4.0-78e95b9-SNAPSHOT.jar:0.4.0-78e95b9-SNAPSHOT]
	at org.apache.ratis.util.SlidingWindow$Server.receivedRequest(SlidingWindow.java:421) [ratis-common-0.4.0-78e95b9-SNAPSHOT.jar:0.4.0-78e95b9-SNAPSHOT]
	at org.apache.ratis.grpc.client.GrpcClientProtocolService$OrderedRequestStreamObserver.processClientRequest(GrpcClientProtocolService.java:345) [ratis-grpc-0.4.0-78e95b9-SNAPSHOT.jar:0.4.0-78e95b9-SNAPSHOT]
	at org.apache.ratis.grpc.client.GrpcClientProtocolService$RequestStreamObserver.onNext(GrpcClientProtocolService.java:240) [ratis-grpc-0.4.0-78e95b9-SNAPSHOT.jar:0.4.0-78e95b9-SNAPSHOT]
	at org.apache.ratis.grpc.client.GrpcClientProtocolService$RequestStreamObserver.onNext(GrpcClientProtocolService.java:168) [ratis-grpc-0.4.0-78e95b9-SNAPSHOT.jar:0.4.0-78e95b9-SNAPSHOT]
	at org.apache.ratis.thirdparty.io.grpc.stub.ServerCalls$StreamingServerCallHandler$StreamingServerCallListener.onMessage(ServerCalls.java:248) [ratis-thirdparty-misc-0.2.0.jar:0.2.0]
	at org.apache.ratis.thirdparty.io.grpc.internal.ServerCallImpl$ServerStreamListenerImpl.messagesAvailable(ServerCallImpl.java:263) [ratis-thirdparty-misc-0.2.0.jar:0.2.0]
	at org.apache.ratis.thirdparty.io.grpc.internal.ServerImpl$JumpToApplicationThreadServerStreamListener$1MessagesAvailable.runInContext(ServerImpl.java:686) [ratis-thirdparty-misc-0.2.0.jar:0.2.0]
	at org.apache.ratis.thirdparty.io.grpc.internal.ContextRunnable.run(ContextRunnable.java:37) [ratis-thirdparty-misc-0.2.0.jar:0.2.0]
	at org.apache.ratis.thirdparty.io.grpc.internal.SerializingExecutor.run(SerializingExecutor.java:123) [ratis-thirdparty-misc-0.2.0.jar:0.2.0]
	at java.util.concurrent.ThreadPoolExecutor.runWorker(ThreadPoolExecutor.java:1149) [?:1.8.0_212]
	at java.util.concurrent.ThreadPoolExecutor$Worker.run(ThreadPoolExecutor.java:624) [?:1.8.0_212]
	at java.lang.Thread.run(Thread.java:748) [?:1.8.0_212]
2019-09-20 04:28:15,072 [grpc-default-executor-5] INFO  client.GrpcClientProtocolClient (GrpcClientProtocolClient.java:onNext(264)) - client-AC8A338CC9B1->e794d2a0-c111-411e-8a54-a665cb3a0d1e: receive RaftClientReply:client-AC8A338CC9B1->e794d2a0-c111-411e-8a54-a665cb3a0d1e@group-C5836D743F5B, cid=197, FAILED org.apache.ratis.protocol.StateMachineException: org.apache.hadoop.hdds.scm.container.common.helpers.ContainerNotOpenException from Server e794d2a0-c111-411e-8a54-a665cb3a0d1e@group-C5836D743F5B: Container 1 in CLOSING state, logIndex=0, commits[e794d2a0-c111-411e-8a54-a665cb3a0d1e:c18, 0dda74ae-caa3-442c-b885-687993250269:c16, 425133b3-490d-4f01-bfaa-91a0a46f8f04:c17]
2019-09-20 04:28:15,118 [grpc-default-executor-5] INFO  client.GrpcClientProtocolClient (GrpcClientProtocolClient.java:onNext(264)) - client-B5C4CEC3A83D->5774142b-6609-48be-a0aa-2b86d80616d7: receive RaftClientReply:client-B5C4CEC3A83D->5774142b-6609-48be-a0aa-2b86d80616d7@group-C723C3EA02FF, cid=198, FAILED org.apache.ratis.protocol.NotLeaderException: Server 5774142b-6609-48be-a0aa-2b86d80616d7@group-C723C3EA02FF is not the leader 57dd0c4b-d993-4460-b414-e8b0694b8fa2:192.168.36.117:37320, logIndex=0, commits[5774142b-6609-48be-a0aa-2b86d80616d7:c0, f3d3ef81-bd10-470c-864d-686e6ffdda49:c0, 57dd0c4b-d993-4460-b414-e8b0694b8fa2:c0]
2019-09-20 04:28:15,313 [grpc-default-executor-5] INFO  client.GrpcClientProtocolClient (GrpcClientProtocolClient.java:onNext(264)) - client-B5C4CEC3A83D->57dd0c4b-d993-4460-b414-e8b0694b8fa2: receive RaftClientReply:client-B5C4CEC3A83D->57dd0c4b-d993-4460-b414-e8b0694b8fa2@group-C723C3EA02FF, cid=198, SUCCESS, logIndex=1, commits[57dd0c4b-d993-4460-b414-e8b0694b8fa2:c1, f3d3ef81-bd10-470c-864d-686e6ffdda49:c0, 5774142b-6609-48be-a0aa-2b86d80616d7:c0]
2019-09-20 04:28:15,325 [grpc-default-executor-6] INFO  client.GrpcClientProtocolClient (GrpcClientProtocolClient.java:onNext(264)) - client-B5C4CEC3A83D->57dd0c4b-d993-4460-b414-e8b0694b8fa2: receive RaftClientReply:client-B5C4CEC3A83D->57dd0c4b-d993-4460-b414-e8b0694b8fa2@group-C723C3EA02FF, cid=199, SUCCESS, logIndex=3, commits[57dd0c4b-d993-4460-b414-e8b0694b8fa2:c3, f3d3ef81-bd10-470c-864d-686e6ffdda49:c1, 5774142b-6609-48be-a0aa-2b86d80616d7:c1]
2019-09-20 04:28:15,428 [grpc-default-executor-2] INFO  client.GrpcClientProtocolClient (GrpcClientProtocolClient.java:onNext(264)) - client-B5C4CEC3A83D->57dd0c4b-d993-4460-b414-e8b0694b8fa2: receive RaftClientReply:client-B5C4CEC3A83D->57dd0c4b-d993-4460-b414-e8b0694b8fa2@group-C723C3EA02FF, cid=200, SUCCESS, logIndex=4, commits[57dd0c4b-d993-4460-b414-e8b0694b8fa2:c10, f3d3ef81-bd10-470c-864d-686e6ffdda49:c7, 5774142b-6609-48be-a0aa-2b86d80616d7:c7]
2019-09-20 04:28:15,432 [grpc-default-executor-2] INFO  client.GrpcClientProtocolClient (GrpcClientProtocolClient.java:onNext(264)) - client-B5C4CEC3A83D->57dd0c4b-d993-4460-b414-e8b0694b8fa2: receive RaftClientReply:client-B5C4CEC3A83D->57dd0c4b-d993-4460-b414-e8b0694b8fa2@group-C723C3EA02FF, cid=201, SUCCESS, logIndex=5, commits[57dd0c4b-d993-4460-b414-e8b0694b8fa2:c10, f3d3ef81-bd10-470c-864d-686e6ffdda49:c7, 5774142b-6609-48be-a0aa-2b86d80616d7:c7]
2019-09-20 04:28:15,432 [grpc-default-executor-2] INFO  client.GrpcClientProtocolClient (GrpcClientProtocolClient.java:onNext(264)) - client-B5C4CEC3A83D->57dd0c4b-d993-4460-b414-e8b0694b8fa2: receive RaftClientReply:client-B5C4CEC3A83D->57dd0c4b-d993-4460-b414-e8b0694b8fa2@group-C723C3EA02FF, cid=202, SUCCESS, logIndex=6, commits[57dd0c4b-d993-4460-b414-e8b0694b8fa2:c10, f3d3ef81-bd10-470c-864d-686e6ffdda49:c7, 5774142b-6609-48be-a0aa-2b86d80616d7:c7]
2019-09-20 04:28:15,565 [grpc-default-executor-2] INFO  client.GrpcClientProtocolClient (GrpcClientProtocolClient.java:onNext(264)) - client-B5C4CEC3A83D->57dd0c4b-d993-4460-b414-e8b0694b8fa2: receive RaftClientReply:client-B5C4CEC3A83D->57dd0c4b-d993-4460-b414-e8b0694b8fa2@group-C723C3EA02FF, cid=203, SUCCESS, logIndex=7, commits[57dd0c4b-d993-4460-b414-e8b0694b8fa2:c10, f3d3ef81-bd10-470c-864d-686e6ffdda49:c7, 5774142b-6609-48be-a0aa-2b86d80616d7:c7]
2019-09-20 04:28:15,586 [grpc-default-executor-5] INFO  client.GrpcClientProtocolClient (GrpcClientProtocolClient.java:onNext(264)) - client-B5C4CEC3A83D->57dd0c4b-d993-4460-b414-e8b0694b8fa2: receive RaftClientReply:client-B5C4CEC3A83D->57dd0c4b-d993-4460-b414-e8b0694b8fa2@group-C723C3EA02FF, cid=204, SUCCESS, logIndex=11, commits[57dd0c4b-d993-4460-b414-e8b0694b8fa2:c12, f3d3ef81-bd10-470c-864d-686e6ffdda49:c10, 5774142b-6609-48be-a0aa-2b86d80616d7:c10]
2019-09-20 04:28:15,587 [grpc-default-executor-5] INFO  client.GrpcClientProtocolClient (GrpcClientProtocolClient.java:onNext(264)) - client-B5C4CEC3A83D->57dd0c4b-d993-4460-b414-e8b0694b8fa2: receive RaftClientReply:client-B5C4CEC3A83D->57dd0c4b-d993-4460-b414-e8b0694b8fa2@group-C723C3EA02FF, cid=205, SUCCESS, logIndex=12, commits[57dd0c4b-d993-4460-b414-e8b0694b8fa2:c12, f3d3ef81-bd10-470c-864d-686e6ffdda49:c10, 5774142b-6609-48be-a0aa-2b86d80616d7:c10]
2019-09-20 04:28:15,605 [grpc-default-executor-5] INFO  client.GrpcClientProtocolClient (GrpcClientProtocolClient.java:onNext(264)) - client-B5C4CEC3A83D->57dd0c4b-d993-4460-b414-e8b0694b8fa2: receive RaftClientReply:client-B5C4CEC3A83D->57dd0c4b-d993-4460-b414-e8b0694b8fa2@group-C723C3EA02FF, cid=206, SUCCESS, logIndex=0, commits[57dd0c4b-d993-4460-b414-e8b0694b8fa2:c13, f3d3ef81-bd10-470c-864d-686e6ffdda49:c12, 5774142b-6609-48be-a0aa-2b86d80616d7:c12]
2019-09-20 04:28:15,606 [main] INFO  ozone.MiniOzoneClusterImpl (MiniOzoneClusterImpl.java:shutdown(312)) - Shutting down the Mini Ozone Cluster
2019-09-20 04:28:15,607 [main] INFO  ozone.MiniOzoneClusterImpl (MiniOzoneClusterImpl.java:stop(327)) - Stopping the Mini Ozone Cluster
2019-09-20 04:28:15,607 [main] INFO  ozone.MiniOzoneClusterImpl (MiniOzoneClusterImpl.java:stop(329)) - Stopping the OzoneManager
2019-09-20 04:28:15,607 [main] INFO  ipc.Server (Server.java:stop(3082)) - Stopping server on 44630
2019-09-20 04:28:15,616 [IPC Server listener on 44630] INFO  ipc.Server (Server.java:run(1185)) - Stopping IPC Server listener on 44630
2019-09-20 04:28:15,618 [main] INFO  ratis.OzoneManagerDoubleBuffer (OzoneManagerDoubleBuffer.java:stop(248)) - Stopping OMDoubleBuffer flush thread
2019-09-20 04:28:15,620 [IPC Server Responder] INFO  ipc.Server (Server.java:run(1319)) - Stopping IPC Server Responder
2019-09-20 04:28:15,628 [OMDoubleBufferFlushThread] INFO  ratis.OzoneManagerDoubleBuffer (OzoneManagerDoubleBuffer.java:flushTransactions(191)) - OMDoubleBuffer flush thread OMDoubleBufferFlushThread is interrupted and will exit. OMDoubleBufferFlushThread
2019-09-20 04:28:15,637 [main] INFO  utils.BackgroundService (BackgroundService.java:shutdown(148)) - Shutting down service KeyDeletingService
2019-09-20 04:28:15,639 [main] INFO  handler.ContextHandler (ContextHandler.java:doStop(910)) - Stopped o.e.j.w.WebAppContext@2b999ee8{/,null,UNAVAILABLE}{/ozoneManager}
2019-09-20 04:28:15,640 [main] INFO  server.AbstractConnector (AbstractConnector.java:doStop(318)) - Stopped ServerConnector@31ab1e67{HTTP/1.1,[http/1.1]}{0.0.0.0:0}
2019-09-20 04:28:15,640 [main] INFO  handler.ContextHandler (ContextHandler.java:doStop(910)) - Stopped o.e.j.s.ServletContextHandler@51888019{/static,file:///workdir/hadoop-ozone/integration-test/target/test-classes/webapps/static,UNAVAILABLE}
2019-09-20 04:28:15,641 [main] INFO  handler.ContextHandler (ContextHandler.java:doStop(910)) - Stopped o.e.j.s.ServletContextHandler@6c835217{/logs,file:///workdir/hadoop-ozone/integration-test/target/log,UNAVAILABLE}
2019-09-20 04:28:15,644 [main] INFO  ozone.MiniOzoneClusterImpl (MiniOzoneClusterImpl.java:stop(335)) - Shutting the HddsDatanodes
2019-09-20 04:28:16,050 [Datanode State Machine Thread - 0] INFO  statemachine.DatanodeStateMachine (DatanodeStateMachine.java:lambda$startDaemon$0(350)) - Ozone container server started.
2019-09-20 04:28:16,295 [Datanode State Machine Thread - 0] INFO  statemachine.DatanodeStateMachine (DatanodeStateMachine.java:lambda$startDaemon$0(350)) - Ozone container server started.
2019-09-20 04:28:16,896 [grpc-default-executor-2] WARN  server.GrpcLogAppender (LogUtils.java:warn(134)) - e794d2a0-c111-411e-8a54-a665cb3a0d1e@group-C5836D743F5B->0dda74ae-caa3-442c-b885-687993250269-AppendLogResponseHandler: Failed appendEntries: org.apache.ratis.thirdparty.io.grpc.StatusRuntimeException: UNAVAILABLE: io exception
2019-09-20 04:28:16,896 [grpc-default-executor-2] INFO  impl.FollowerInfo (FollowerInfo.java:lambda$new$0(51)) - e794d2a0-c111-411e-8a54-a665cb3a0d1e@group-C5836D743F5B->0dda74ae-caa3-442c-b885-687993250269: nextIndex: updateUnconditionally 1 -> 0
2019-09-20 04:28:19,398 [grpc-default-executor-6] WARN  server.GrpcLogAppender (LogUtils.java:warn(134)) - e794d2a0-c111-411e-8a54-a665cb3a0d1e@group-C5836D743F5B->0dda74ae-caa3-442c-b885-687993250269-AppendLogResponseHandler: Failed appendEntries: org.apache.ratis.thirdparty.io.grpc.StatusRuntimeException: UNAVAILABLE: io exception
2019-09-20 04:28:19,399 [grpc-default-executor-6] INFO  impl.FollowerInfo (FollowerInfo.java:lambda$new$0(51)) - e794d2a0-c111-411e-8a54-a665cb3a0d1e@group-C5836D743F5B->0dda74ae-caa3-442c-b885-687993250269: nextIndex: updateUnconditionally 0 -> 0
2019-09-20 04:28:20,105 [EventQueue-StaleNodeForStaleNodeHandler] INFO  node.StaleNodeHandler (StaleNodeHandler.java:onMessage(58)) - Datanode e794d2a0-c111-411e-8a54-a665cb3a0d1e{ip: 192.168.36.117, host: pr-hdds-2020-f8xxz-1899867831, networkLocation: /default-rack, certSerialId: null} moved to stale state. Finalizing its pipelines [PipelineID=54114e84-fa76-49d7-8d4e-c5836d743f5b, PipelineID=22373dee-d433-4740-b537-38f730ea35eb]
2019-09-20 04:28:20,106 [EventQueue-StaleNodeForStaleNodeHandler] INFO  pipeline.SCMPipelineManager (SCMPipelineManager.java:finalizeAndDestroyPipeline(315)) - destroying pipeline:Pipeline[ Id: 54114e84-fa76-49d7-8d4e-c5836d743f5b, Nodes: 0dda74ae-caa3-442c-b885-687993250269{ip: 192.168.36.117, host: pr-hdds-2020-f8xxz-1899867831, networkLocation: /default-rack, certSerialId: null}e794d2a0-c111-411e-8a54-a665cb3a0d1e{ip: 192.168.36.117, host: pr-hdds-2020-f8xxz-1899867831, networkLocation: /default-rack, certSerialId: null}425133b3-490d-4f01-bfaa-91a0a46f8f04{ip: 192.168.36.117, host: pr-hdds-2020-f8xxz-1899867831, networkLocation: /default-rack, certSerialId: null}, Type:RATIS, Factor:THREE, State:CLOSED]
2019-09-20 04:28:20,106 [EventQueue-StaleNodeForStaleNodeHandler] INFO  pipeline.SCMPipelineManager (SCMPipelineManager.java:finalizeAndDestroyPipeline(315)) - destroying pipeline:Pipeline[ Id: 22373dee-d433-4740-b537-38f730ea35eb, Nodes: e794d2a0-c111-411e-8a54-a665cb3a0d1e{ip: 192.168.36.117, host: pr-hdds-2020-f8xxz-1899867831, networkLocation: /default-rack, certSerialId: null}, Type:RATIS, Factor:ONE, State:OPEN]
2019-09-20 04:28:20,106 [EventQueue-StaleNodeForStaleNodeHandler] INFO  pipeline.PipelineStateManager (PipelineStateManager.java:finalizePipeline(123)) - Pipeline Pipeline[ Id: 22373dee-d433-4740-b537-38f730ea35eb, Nodes: e794d2a0-c111-411e-8a54-a665cb3a0d1e{ip: 192.168.36.117, host: pr-hdds-2020-f8xxz-1899867831, networkLocation: /default-rack, certSerialId: null}, Type:RATIS, Factor:ONE, State:CLOSED] moved to CLOSED state
2019-09-20 04:28:20,305 [EventQueue-StaleNodeForStaleNodeHandler] INFO  node.StaleNodeHandler (StaleNodeHandler.java:onMessage(58)) - Datanode f3d3ef81-bd10-470c-864d-686e6ffdda49{ip: 192.168.36.117, host: pr-hdds-2020-f8xxz-1899867831, networkLocation: /default-rack, certSerialId: null} moved to stale state. Finalizing its pipelines [PipelineID=e5260401-73af-4b5b-9117-c723c3ea02ff, PipelineID=609d3fcb-9c38-4248-b6ed-e9c90b9a1fe0]
2019-09-20 04:28:20,305 [EventQueue-StaleNodeForStaleNodeHandler] INFO  pipeline.SCMPipelineManager (SCMPipelineManager.java:finalizeAndDestroyPipeline(315)) - destroying pipeline:Pipeline[ Id: e5260401-73af-4b5b-9117-c723c3ea02ff, Nodes: 5774142b-6609-48be-a0aa-2b86d80616d7{ip: 192.168.36.117, host: pr-hdds-2020-f8xxz-1899867831, networkLocation: /default-rack, certSerialId: null}57dd0c4b-d993-4460-b414-e8b0694b8fa2{ip: 192.168.36.117, host: pr-hdds-2020-f8xxz-1899867831, networkLocation: /default-rack, certSerialId: null}f3d3ef81-bd10-470c-864d-686e6ffdda49{ip: 192.168.36.117, host: pr-hdds-2020-f8xxz-1899867831, networkLocation: /default-rack, certSerialId: null}, Type:RATIS, Factor:THREE, State:OPEN]
2019-09-20 04:28:20,306 [EventQueue-StaleNodeForStaleNodeHandler] INFO  pipeline.PipelineStateManager (PipelineStateManager.java:finalizePipeline(123)) - Pipeline Pipeline[ Id: e5260401-73af-4b5b-9117-c723c3ea02ff, Nodes: 5774142b-6609-48be-a0aa-2b86d80616d7{ip: 192.168.36.117, host: pr-hdds-2020-f8xxz-1899867831, networkLocation: /default-rack, certSerialId: null}57dd0c4b-d993-4460-b414-e8b0694b8fa2{ip: 192.168.36.117, host: pr-hdds-2020-f8xxz-1899867831, networkLocation: /default-rack, certSerialId: null}f3d3ef81-bd10-470c-864d-686e6ffdda49{ip: 192.168.36.117, host: pr-hdds-2020-f8xxz-1899867831, networkLocation: /default-rack, certSerialId: null}, Type:RATIS, Factor:THREE, State:CLOSED] moved to CLOSED state
2019-09-20 04:28:20,306 [EventQueue-StaleNodeForStaleNodeHandler] INFO  pipeline.SCMPipelineManager (SCMPipelineManager.java:finalizeAndDestroyPipeline(315)) - destroying pipeline:Pipeline[ Id: 609d3fcb-9c38-4248-b6ed-e9c90b9a1fe0, Nodes: f3d3ef81-bd10-470c-864d-686e6ffdda49{ip: 192.168.36.117, host: pr-hdds-2020-f8xxz-1899867831, networkLocation: /default-rack, certSerialId: null}, Type:RATIS, Factor:ONE, State:OPEN]
2019-09-20 04:28:20,306 [EventQueue-CloseContainerForCloseContainerEventHandler] INFO  container.CloseContainerEventHandler (CloseContainerEventHandler.java:onMessage(61)) - Close container Event triggered for container : #2
2019-09-20 04:28:20,309 [EventQueue-StaleNodeForStaleNodeHandler] INFO  pipeline.PipelineStateManager (PipelineStateManager.java:finalizePipeline(123)) - Pipeline Pipeline[ Id: 609d3fcb-9c38-4248-b6ed-e9c90b9a1fe0, Nodes: f3d3ef81-bd10-470c-864d-686e6ffdda49{ip: 192.168.36.117, host: pr-hdds-2020-f8xxz-1899867831, networkLocation: /default-rack, certSerialId: null}, Type:RATIS, Factor:ONE, State:CLOSED] moved to CLOSED state
2019-09-20 04:28:20,646 [ForkJoinPool.commonPool-worker-1] INFO  ozoneimpl.OzoneContainer (OzoneContainer.java:stop(231)) - Attempting to stop container services.
2019-09-20 04:28:20,646 [main] INFO  ozoneimpl.OzoneContainer (OzoneContainer.java:stop(231)) - Attempting to stop container services.
2019-09-20 04:28:20,646 [ForkJoinPool.commonPool-worker-1] INFO  impl.RaftServerProxy (RaftServerProxy.java:lambda$close$4(314)) - e794d2a0-c111-411e-8a54-a665cb3a0d1e: close
2019-09-20 04:28:20,647 [main] INFO  impl.RaftServerProxy (RaftServerProxy.java:lambda$close$4(314)) - f3d3ef81-bd10-470c-864d-686e6ffdda49: close
2019-09-20 04:28:20,648 [ForkJoinPool.commonPool-worker-1] INFO  impl.RaftServerImpl (RaftServerImpl.java:lambda$shutdown$3(251)) - e794d2a0-c111-411e-8a54-a665cb3a0d1e@group-C5836D743F5B: shutdown
2019-09-20 04:28:20,648 [main] INFO  impl.RaftServerImpl (RaftServerImpl.java:lambda$shutdown$3(251)) - f3d3ef81-bd10-470c-864d-686e6ffdda49@group-C723C3EA02FF: shutdown
2019-09-20 04:28:20,648 [ForkJoinPool.commonPool-worker-1] INFO  util.JmxRegister (JmxRegister.java:unregister(73)) - Successfully un-registered JMX Bean with object name Ratis:service=RaftServer,group=group-C5836D743F5B,id=e794d2a0-c111-411e-8a54-a665cb3a0d1e
2019-09-20 04:28:20,648 [main] INFO  util.JmxRegister (JmxRegister.java:unregister(73)) - Successfully un-registered JMX Bean with object name Ratis:service=RaftServer,group=group-C723C3EA02FF,id=f3d3ef81-bd10-470c-864d-686e6ffdda49
2019-09-20 04:28:20,648 [ForkJoinPool.commonPool-worker-1] INFO  impl.RoleInfo (RoleInfo.java:shutdownLeaderState(104)) - e794d2a0-c111-411e-8a54-a665cb3a0d1e: shutdown LeaderState
2019-09-20 04:28:20,649 [main] INFO  impl.RoleInfo (RoleInfo.java:shutdownFollowerState(121)) - f3d3ef81-bd10-470c-864d-686e6ffdda49: shutdown FollowerState
2019-09-20 04:28:20,653 [org.apache.ratis.server.impl.LogAppender$AppenderDaemon$$Lambda$500/1347411383@471cd7e7] WARN  server.GrpcLogAppender (GrpcLogAppender.java:mayWait(143)) - e794d2a0-c111-411e-8a54-a665cb3a0d1e@group-C5836D743F5B->0dda74ae-caa3-442c-b885-687993250269-GrpcLogAppender: Wait interrupted by java.lang.InterruptedException
2019-09-20 04:28:20,653 [org.apache.ratis.server.impl.LogAppender$AppenderDaemon$$Lambda$500/1347411383@67eb86a4] WARN  server.GrpcLogAppender (GrpcLogAppender.java:mayWait(143)) - e794d2a0-c111-411e-8a54-a665cb3a0d1e@group-C5836D743F5B->425133b3-490d-4f01-bfaa-91a0a46f8f04-GrpcLogAppender: Wait interrupted by java.lang.InterruptedException
2019-09-20 04:28:20,653 [ForkJoinPool.commonPool-worker-1] INFO  impl.PendingRequests (PendingRequests.java:sendNotLeaderResponses(202)) - e794d2a0-c111-411e-8a54-a665cb3a0d1e-PendingRequests: sendNotLeaderResponses
2019-09-20 04:28:20,654 [f3d3ef81-bd10-470c-864d-686e6ffdda49@group-C723C3EA02FF-StateMachineUpdater] INFO  ratis.ContainerStateMachine (ContainerStateMachine.java:takeSnapshot(289)) - group-C723C3EA02FF: Taking a snapshot at:(t:1, i:12) file /workdir/hadoop-ozone/integration-test/target/test-dir/MiniOzoneClusterImpl-aafe4fbf-76b3-435f-8185-881063bd6d24/datanode-4/data/ratis/e5260401-73af-4b5b-9117-c723c3ea02ff/sm/snapshot.1_12
2019-09-20 04:28:20,654 [Thread-3153] INFO  impl.FollowerState (FollowerState.java:run(115)) - f3d3ef81-bd10-470c-864d-686e6ffdda49: FollowerState was interrupted: java.lang.InterruptedException: sleep interrupted
2019-09-20 04:28:20,653 [main] INFO  impl.StateMachineUpdater (StateMachineUpdater.java:stopAndJoin(125)) - f3d3ef81-bd10-470c-864d-686e6ffdda49@group-C723C3EA02FF-StateMachineUpdater: set stopIndex = 14
2019-09-20 04:28:20,656 [e794d2a0-c111-411e-8a54-a665cb3a0d1e@group-C5836D743F5B-StateMachineUpdater] INFO  ratis.ContainerStateMachine (ContainerStateMachine.java:takeSnapshot(289)) - group-C5836D743F5B: Taking a snapshot at:(t:1, i:14) file /workdir/hadoop-ozone/integration-test/target/test-dir/MiniOzoneClusterImpl-aafe4fbf-76b3-435f-8185-881063bd6d24/datanode-1/data/ratis/54114e84-fa76-49d7-8d4e-c5836d743f5b/sm/snapshot.1_14
2019-09-20 04:28:20,656 [ForkJoinPool.commonPool-worker-1] INFO  impl.StateMachineUpdater (StateMachineUpdater.java:stopAndJoin(125)) - e794d2a0-c111-411e-8a54-a665cb3a0d1e@group-C5836D743F5B-StateMachineUpdater: set stopIndex = 18
2019-09-20 04:28:20,656 [grpc-default-executor-2] INFO  server.GrpcServerProtocolService (GrpcServerProtocolService.java:onCompleted(113)) - 425133b3-490d-4f01-bfaa-91a0a46f8f04: Completed APPEND_ENTRIES, lastRequest: e794d2a0-c111-411e-8a54-a665cb3a0d1e->425133b3-490d-4f01-bfaa-91a0a46f8f04#4-t2, previous=(t:2, i:18), leaderCommit=18, initializing? false, entries: <empty>
2019-09-20 04:28:20,657 [grpc-default-executor-2] INFO  server.GrpcLogAppender (GrpcLogAppender.java:onCompleted(293)) - e794d2a0-c111-411e-8a54-a665cb3a0d1e@group-C5836D743F5B->425133b3-490d-4f01-bfaa-91a0a46f8f04-AppendLogResponseHandler: follower responses appendEntries COMPLETED
2019-09-20 04:28:20,658 [grpc-default-executor-2] INFO  impl.FollowerInfo (FollowerInfo.java:lambda$new$0(51)) - e794d2a0-c111-411e-8a54-a665cb3a0d1e@group-C5836D743F5B->425133b3-490d-4f01-bfaa-91a0a46f8f04: nextIndex: updateUnconditionally 19 -> 18
2019-09-20 04:28:20,681 [e794d2a0-c111-411e-8a54-a665cb3a0d1e@group-C5836D743F5B-StateMachineUpdater] INFO  ratis.ContainerStateMachine (ContainerStateMachine.java:takeSnapshot(300)) - group-C5836D743F5B: Finished taking a snapshot at:(t:1, i:14) file:/workdir/hadoop-ozone/integration-test/target/test-dir/MiniOzoneClusterImpl-aafe4fbf-76b3-435f-8185-881063bd6d24/datanode-1/data/ratis/54114e84-fa76-49d7-8d4e-c5836d743f5b/sm/snapshot.1_14 time:25
2019-09-20 04:28:20,681 [f3d3ef81-bd10-470c-864d-686e6ffdda49@group-C723C3EA02FF-StateMachineUpdater] INFO  ratis.ContainerStateMachine (ContainerStateMachine.java:takeSnapshot(300)) - group-C723C3EA02FF: Finished taking a snapshot at:(t:1, i:12) file:/workdir/hadoop-ozone/integration-test/target/test-dir/MiniOzoneClusterImpl-aafe4fbf-76b3-435f-8185-881063bd6d24/datanode-4/data/ratis/e5260401-73af-4b5b-9117-c723c3ea02ff/sm/snapshot.1_12 time:27
2019-09-20 04:28:20,681 [e794d2a0-c111-411e-8a54-a665cb3a0d1e@group-C5836D743F5B-StateMachineUpdater] INFO  impl.StateMachineUpdater (StateMachineUpdater.java:takeSnapshot(258)) - e794d2a0-c111-411e-8a54-a665cb3a0d1e@group-C5836D743F5B-StateMachineUpdater: Took a snapshot at index 14
2019-09-20 04:28:20,681 [f3d3ef81-bd10-470c-864d-686e6ffdda49@group-C723C3EA02FF-StateMachineUpdater] INFO  impl.StateMachineUpdater (StateMachineUpdater.java:takeSnapshot(258)) - f3d3ef81-bd10-470c-864d-686e6ffdda49@group-C723C3EA02FF-StateMachineUpdater: Took a snapshot at index 12
2019-09-20 04:28:20,681 [e794d2a0-c111-411e-8a54-a665cb3a0d1e@group-C5836D743F5B-StateMachineUpdater] INFO  impl.StateMachineUpdater (StateMachineUpdater.java:lambda$new$0(83)) - e794d2a0-c111-411e-8a54-a665cb3a0d1e@group-C5836D743F5B-StateMachineUpdater: snapshotIndex: updateIncreasingly -1 -> 14
2019-09-20 04:28:20,681 [f3d3ef81-bd10-470c-864d-686e6ffdda49@group-C723C3EA02FF-StateMachineUpdater] INFO  impl.StateMachineUpdater (StateMachineUpdater.java:lambda$new$0(83)) - f3d3ef81-bd10-470c-864d-686e6ffdda49@group-C723C3EA02FF-StateMachineUpdater: snapshotIndex: updateIncreasingly -1 -> 12
2019-09-20 04:28:20,681 [e794d2a0-c111-411e-8a54-a665cb3a0d1e@group-C5836D743F5B-StateMachineUpdater] INFO  ratis.ContainerStateMachine (ContainerStateMachine.java:takeSnapshot(289)) - group-C5836D743F5B: Taking a snapshot at:(t:1, i:14) file /workdir/hadoop-ozone/integration-test/target/test-dir/MiniOzoneClusterImpl-aafe4fbf-76b3-435f-8185-881063bd6d24/datanode-1/data/ratis/54114e84-fa76-49d7-8d4e-c5836d743f5b/sm/snapshot.1_14
2019-09-20 04:28:20,682 [f3d3ef81-bd10-470c-864d-686e6ffdda49@group-C723C3EA02FF-StateMachineUpdater] INFO  ratis.ContainerStateMachine (ContainerStateMachine.java:takeSnapshot(289)) - group-C723C3EA02FF: Taking a snapshot at:(t:1, i:12) file /workdir/hadoop-ozone/integration-test/target/test-dir/MiniOzoneClusterImpl-aafe4fbf-76b3-435f-8185-881063bd6d24/datanode-4/data/ratis/e5260401-73af-4b5b-9117-c723c3ea02ff/sm/snapshot.1_12
2019-09-20 04:28:20,706 [f3d3ef81-bd10-470c-864d-686e6ffdda49@group-C723C3EA02FF-StateMachineUpdater] INFO  ratis.ContainerStateMachine (ContainerStateMachine.java:takeSnapshot(300)) - group-C723C3EA02FF: Finished taking a snapshot at:(t:1, i:12) file:/workdir/hadoop-ozone/integration-test/target/test-dir/MiniOzoneClusterImpl-aafe4fbf-76b3-435f-8185-881063bd6d24/datanode-4/data/ratis/e5260401-73af-4b5b-9117-c723c3ea02ff/sm/snapshot.1_12 time:24
2019-09-20 04:28:20,706 [e794d2a0-c111-411e-8a54-a665cb3a0d1e@group-C5836D743F5B-StateMachineUpdater] INFO  ratis.ContainerStateMachine (ContainerStateMachine.java:takeSnapshot(300)) - group-C5836D743F5B: Finished taking a snapshot at:(t:1, i:14) file:/workdir/hadoop-ozone/integration-test/target/test-dir/MiniOzoneClusterImpl-aafe4fbf-76b3-435f-8185-881063bd6d24/datanode-1/data/ratis/54114e84-fa76-49d7-8d4e-c5836d743f5b/sm/snapshot.1_14 time:24
2019-09-20 04:28:20,706 [f3d3ef81-bd10-470c-864d-686e6ffdda49@group-C723C3EA02FF-StateMachineUpdater] INFO  impl.StateMachineUpdater (StateMachineUpdater.java:takeSnapshot(258)) - f3d3ef81-bd10-470c-864d-686e6ffdda49@group-C723C3EA02FF-StateMachineUpdater: Took a snapshot at index 12
2019-09-20 04:28:20,706 [f3d3ef81-bd10-470c-864d-686e6ffdda49@group-C723C3EA02FF-StateMachineUpdater] INFO  impl.StateMachineUpdater (StateMachineUpdater.java:lambda$new$0(83)) - f3d3ef81-bd10-470c-864d-686e6ffdda49@group-C723C3EA02FF-StateMachineUpdater: snapshotIndex: updateIncreasingly 12 -> 12
2019-09-20 04:28:20,706 [e794d2a0-c111-411e-8a54-a665cb3a0d1e@group-C5836D743F5B-StateMachineUpdater] INFO  impl.StateMachineUpdater (StateMachineUpdater.java:takeSnapshot(258)) - e794d2a0-c111-411e-8a54-a665cb3a0d1e@group-C5836D743F5B-StateMachineUpdater: Took a snapshot at index 14
2019-09-20 04:28:20,706 [e794d2a0-c111-411e-8a54-a665cb3a0d1e@group-C5836D743F5B-StateMachineUpdater] INFO  impl.StateMachineUpdater (StateMachineUpdater.java:lambda$new$0(83)) - e794d2a0-c111-411e-8a54-a665cb3a0d1e@group-C5836D743F5B-StateMachineUpdater: snapshotIndex: updateIncreasingly 14 -> 14
2019-09-20 04:28:20,706 [main] INFO  impl.RaftServerImpl (ServerState.java:close(385)) - f3d3ef81-bd10-470c-864d-686e6ffdda49@group-C723C3EA02FF: closes. applyIndex: 14
2019-09-20 04:28:20,707 [ForkJoinPool.commonPool-worker-1] INFO  impl.RaftServerImpl (ServerState.java:close(385)) - e794d2a0-c111-411e-8a54-a665cb3a0d1e@group-C5836D743F5B: closes. applyIndex: 18
2019-09-20 04:28:20,707 [f3d3ef81-bd10-470c-864d-686e6ffdda49@group-C723C3EA02FF-SegmentedRaftLogWorker] INFO  segmented.SegmentedRaftLogWorker (SegmentedRaftLogWorker.java:run(313)) - f3d3ef81-bd10-470c-864d-686e6ffdda49@group-C723C3EA02FF-SegmentedRaftLogWorker was interrupted, exiting. There are 0 tasks remaining in the queue.
2019-09-20 04:28:20,708 [e794d2a0-c111-411e-8a54-a665cb3a0d1e@group-C5836D743F5B-SegmentedRaftLogWorker] INFO  segmented.SegmentedRaftLogWorker (SegmentedRaftLogWorker.java:run(313)) - e794d2a0-c111-411e-8a54-a665cb3a0d1e@group-C5836D743F5B-SegmentedRaftLogWorker was interrupted, exiting. There are 0 tasks remaining in the queue.
2019-09-20 04:28:20,714 [ForkJoinPool.commonPool-worker-1] INFO  segmented.SegmentedRaftLogWorker (SegmentedRaftLogWorker.java:close(228)) - e794d2a0-c111-411e-8a54-a665cb3a0d1e@group-C5836D743F5B-SegmentedRaftLogWorker close()
2019-09-20 04:28:20,714 [main] INFO  segmented.SegmentedRaftLogWorker (SegmentedRaftLogWorker.java:close(228)) - f3d3ef81-bd10-470c-864d-686e6ffdda49@group-C723C3EA02FF-SegmentedRaftLogWorker close()
2019-09-20 04:28:20,719 [ForkJoinPool.commonPool-worker-1] INFO  impl.RaftServerImpl (RaftServerImpl.java:lambda$shutdown$3(251)) - e794d2a0-c111-411e-8a54-a665cb3a0d1e@group-38F730EA35EB: shutdown
2019-09-20 04:28:20,724 [main] INFO  impl.RaftServerImpl (RaftServerImpl.java:lambda$shutdown$3(251)) - f3d3ef81-bd10-470c-864d-686e6ffdda49@group-E9C90B9A1FE0: shutdown
2019-09-20 04:28:20,724 [ForkJoinPool.commonPool-worker-1] INFO  util.JmxRegister (JmxRegister.java:unregister(73)) - Successfully un-registered JMX Bean with object name Ratis:service=RaftServer,group=group-38F730EA35EB,id=e794d2a0-c111-411e-8a54-a665cb3a0d1e
2019-09-20 04:28:20,725 [main] INFO  util.JmxRegister (JmxRegister.java:unregister(73)) - Successfully un-registered JMX Bean with object name Ratis:service=RaftServer,group=group-E9C90B9A1FE0,id=f3d3ef81-bd10-470c-864d-686e6ffdda49
2019-09-20 04:28:20,725 [ForkJoinPool.commonPool-worker-1] INFO  impl.RoleInfo (RoleInfo.java:shutdownLeaderState(104)) - e794d2a0-c111-411e-8a54-a665cb3a0d1e: shutdown LeaderState
2019-09-20 04:28:20,725 [main] INFO  impl.RoleInfo (RoleInfo.java:shutdownLeaderState(104)) - f3d3ef81-bd10-470c-864d-686e6ffdda49: shutdown LeaderState
2019-09-20 04:28:20,726 [ForkJoinPool.commonPool-worker-1] INFO  impl.PendingRequests (PendingRequests.java:sendNotLeaderResponses(202)) - e794d2a0-c111-411e-8a54-a665cb3a0d1e-PendingRequests: sendNotLeaderResponses
2019-09-20 04:28:20,726 [main] INFO  impl.PendingRequests (PendingRequests.java:sendNotLeaderResponses(202)) - f3d3ef81-bd10-470c-864d-686e6ffdda49-PendingRequests: sendNotLeaderResponses
2019-09-20 04:28:20,726 [ForkJoinPool.commonPool-worker-1] INFO  impl.StateMachineUpdater (StateMachineUpdater.java:stopAndJoin(125)) - e794d2a0-c111-411e-8a54-a665cb3a0d1e@group-38F730EA35EB-StateMachineUpdater: set stopIndex = 0
2019-09-20 04:28:20,727 [main] INFO  impl.StateMachineUpdater (StateMachineUpdater.java:stopAndJoin(125)) - f3d3ef81-bd10-470c-864d-686e6ffdda49@group-E9C90B9A1FE0-StateMachineUpdater: set stopIndex = 0
2019-09-20 04:28:20,727 [ForkJoinPool.commonPool-worker-1] INFO  impl.RaftServerImpl (ServerState.java:close(385)) - e794d2a0-c111-411e-8a54-a665cb3a0d1e@group-38F730EA35EB: closes. applyIndex: 0
2019-09-20 04:28:20,727 [main] INFO  impl.RaftServerImpl (ServerState.java:close(385)) - f3d3ef81-bd10-470c-864d-686e6ffdda49@group-E9C90B9A1FE0: closes. applyIndex: 0
2019-09-20 04:28:20,727 [e794d2a0-c111-411e-8a54-a665cb3a0d1e@group-38F730EA35EB-SegmentedRaftLogWorker] INFO  segmented.SegmentedRaftLogWorker (SegmentedRaftLogWorker.java:run(313)) - e794d2a0-c111-411e-8a54-a665cb3a0d1e@group-38F730EA35EB-SegmentedRaftLogWorker was interrupted, exiting. There are 0 tasks remaining in the queue.
2019-09-20 04:28:20,728 [f3d3ef81-bd10-470c-864d-686e6ffdda49@group-E9C90B9A1FE0-SegmentedRaftLogWorker] INFO  segmented.SegmentedRaftLogWorker (SegmentedRaftLogWorker.java:run(313)) - f3d3ef81-bd10-470c-864d-686e6ffdda49@group-E9C90B9A1FE0-SegmentedRaftLogWorker was interrupted, exiting. There are 0 tasks remaining in the queue.
2019-09-20 04:28:20,730 [ForkJoinPool.commonPool-worker-1] INFO  segmented.SegmentedRaftLogWorker (SegmentedRaftLogWorker.java:close(228)) - e794d2a0-c111-411e-8a54-a665cb3a0d1e@group-38F730EA35EB-SegmentedRaftLogWorker close()
2019-09-20 04:28:20,733 [main] INFO  segmented.SegmentedRaftLogWorker (SegmentedRaftLogWorker.java:close(228)) - f3d3ef81-bd10-470c-864d-686e6ffdda49@group-E9C90B9A1FE0-SegmentedRaftLogWorker close()
2019-09-20 04:28:20,738 [ForkJoinPool.commonPool-worker-1] INFO  server.GrpcService (GrpcService.java:closeImpl(164)) - e794d2a0-c111-411e-8a54-a665cb3a0d1e: shutdown server with port 38064 now
2019-09-20 04:28:20,742 [main] INFO  server.GrpcService (GrpcService.java:closeImpl(164)) - f3d3ef81-bd10-470c-864d-686e6ffdda49: shutdown server with port 32824 now
2019-09-20 04:28:20,743 [ForkJoinPool.commonPool-worker-1] INFO  server.GrpcService (GrpcService.java:closeImpl(172)) - e794d2a0-c111-411e-8a54-a665cb3a0d1e: shutdown server with port 38064 successfully
2019-09-20 04:28:20,743 [grpc-default-executor-6] WARN  server.GrpcServerProtocolService (LogUtils.java:warn(134)) - f3d3ef81-bd10-470c-864d-686e6ffdda49: installSnapshot onError, lastRequest: 57dd0c4b-d993-4460-b414-e8b0694b8fa2->f3d3ef81-bd10-470c-864d-686e6ffdda49#23-t1, previous=(t:1, i:14), leaderCommit=14, initializing? false, entries: <empty>: org.apache.ratis.thirdparty.io.grpc.StatusRuntimeException: CANCELLED: cancelled before receiving half close
2019-09-20 04:28:20,744 [grpc-default-executor-5] WARN  server.GrpcLogAppender (LogUtils.java:warn(134)) - 57dd0c4b-d993-4460-b414-e8b0694b8fa2@group-C723C3EA02FF->f3d3ef81-bd10-470c-864d-686e6ffdda49-AppendLogResponseHandler: Failed appendEntries: org.apache.ratis.thirdparty.io.grpc.StatusRuntimeException: CANCELLED: HTTP/2 error code: CANCEL
Received Rst Stream
2019-09-20 04:28:20,743 [main] INFO  server.GrpcService (GrpcService.java:closeImpl(172)) - f3d3ef81-bd10-470c-864d-686e6ffdda49: shutdown server with port 32824 successfully
2019-09-20 04:28:20,744 [grpc-default-executor-5] INFO  impl.FollowerInfo (FollowerInfo.java:lambda$new$0(51)) - 57dd0c4b-d993-4460-b414-e8b0694b8fa2@group-C723C3EA02FF->f3d3ef81-bd10-470c-864d-686e6ffdda49: nextIndex: updateUnconditionally 15 -> 14
2019-09-20 04:28:20,746 [refreshUsed-/workdir/hadoop-ozone/integration-test/target/test-dir/MiniOzoneClusterImpl-aafe4fbf-76b3-435f-8185-881063bd6d24/datanode-1/data/containers] WARN  fs.CachingGetSpaceUsed (CachingGetSpaceUsed.java:run(183)) - Thread Interrupted waiting to refresh disk information: sleep interrupted
2019-09-20 04:28:20,748 [refreshUsed-/workdir/hadoop-ozone/integration-test/target/test-dir/MiniOzoneClusterImpl-aafe4fbf-76b3-435f-8185-881063bd6d24/datanode-4/data/containers] WARN  fs.CachingGetSpaceUsed (CachingGetSpaceUsed.java:run(183)) - Thread Interrupted waiting to refresh disk information: sleep interrupted
2019-09-20 04:28:20,769 [ForkJoinPool.commonPool-worker-1] INFO  utils.BackgroundService (BackgroundService.java:shutdown(148)) - Shutting down service BlockDeletingService
2019-09-20 04:28:20,769 [main] INFO  utils.BackgroundService (BackgroundService.java:shutdown(148)) - Shutting down service BlockDeletingService
2019-09-20 04:28:20,774 [ForkJoinPool.commonPool-worker-1] INFO  statemachine.DatanodeStateMachine (DatanodeStateMachine.java:stopDaemon(395)) - Ozone container server stopped.
2019-09-20 04:28:20,782 [main] INFO  statemachine.DatanodeStateMachine (DatanodeStateMachine.java:stopDaemon(395)) - Ozone container server stopped.
2019-09-20 04:28:20,784 [ForkJoinPool.commonPool-worker-1] INFO  handler.ContextHandler (ContextHandler.java:doStop(910)) - Stopped o.e.j.w.WebAppContext@4f5f474c{/,null,UNAVAILABLE}{/hddsDatanode}
2019-09-20 04:28:20,785 [main] INFO  handler.ContextHandler (ContextHandler.java:doStop(910)) - Stopped o.e.j.w.WebAppContext@3344d163{/,null,UNAVAILABLE}{/hddsDatanode}
2019-09-20 04:28:20,785 [ForkJoinPool.commonPool-worker-1] INFO  server.AbstractConnector (AbstractConnector.java:doStop(318)) - Stopped ServerConnector@58a3d521{HTTP/1.1,[http/1.1]}{0.0.0.0:0}
2019-09-20 04:28:20,787 [ForkJoinPool.commonPool-worker-1] INFO  handler.ContextHandler (ContextHandler.java:doStop(910)) - Stopped o.e.j.s.ServletContextHandler@451e2fa9{/static,jar:file:/home/user/.m2/repository/org/apache/hadoop/hadoop-hdds-container-service/0.5.0-SNAPSHOT/hadoop-hdds-container-service-0.5.0-SNAPSHOT.jar!/webapps/static,UNAVAILABLE}
2019-09-20 04:28:20,787 [main] INFO  server.AbstractConnector (AbstractConnector.java:doStop(318)) - Stopped ServerConnector@6cc48a17{HTTP/1.1,[http/1.1]}{0.0.0.0:0}
2019-09-20 04:28:20,789 [ForkJoinPool.commonPool-worker-1] INFO  handler.ContextHandler (ContextHandler.java:doStop(910)) - Stopped o.e.j.s.ServletContextHandler@175c5c3a{/logs,file:///workdir/hadoop-ozone/integration-test/target/log,UNAVAILABLE}
2019-09-20 04:28:20,789 [main] INFO  handler.ContextHandler (ContextHandler.java:doStop(910)) - Stopped o.e.j.s.ServletContextHandler@935493d{/static,jar:file:/home/user/.m2/repository/org/apache/hadoop/hadoop-hdds-container-service/0.5.0-SNAPSHOT/hadoop-hdds-container-service-0.5.0-SNAPSHOT.jar!/webapps/static,UNAVAILABLE}
2019-09-20 04:28:20,790 [main] INFO  handler.ContextHandler (ContextHandler.java:doStop(910)) - Stopped o.e.j.s.ServletContextHandler@11c581a0{/logs,file:///workdir/hadoop-ozone/integration-test/target/log,UNAVAILABLE}
2019-09-20 04:28:21,295 [Datanode State Machine Thread - 0] INFO  statemachine.DatanodeStateMachine (DatanodeStateMachine.java:lambda$startDaemon$0(350)) - Ozone container server started.
2019-09-20 04:28:21,548 [Datanode State Machine Thread - 0] INFO  statemachine.DatanodeStateMachine (DatanodeStateMachine.java:lambda$startDaemon$0(350)) - Ozone container server started.
2019-09-20 04:28:23,117 [grpc-default-executor-5] WARN  server.GrpcLogAppender (LogUtils.java:warn(134)) - 57dd0c4b-d993-4460-b414-e8b0694b8fa2@group-C723C3EA02FF->f3d3ef81-bd10-470c-864d-686e6ffdda49-AppendLogResponseHandler: Failed appendEntries: org.apache.ratis.thirdparty.io.grpc.StatusRuntimeException: UNAVAILABLE: io exception
2019-09-20 04:28:23,118 [grpc-default-executor-5] INFO  impl.FollowerInfo (FollowerInfo.java:lambda$new$0(51)) - 57dd0c4b-d993-4460-b414-e8b0694b8fa2@group-C723C3EA02FF->f3d3ef81-bd10-470c-864d-686e6ffdda49: nextIndex: updateUnconditionally 14 -> 13
2019-09-20 04:28:25,310 [EventQueue-StaleNodeForStaleNodeHandler] INFO  node.StaleNodeHandler (StaleNodeHandler.java:onMessage(58)) - Datanode 57dd0c4b-d993-4460-b414-e8b0694b8fa2{ip: 192.168.36.117, host: pr-hdds-2020-f8xxz-1899867831, networkLocation: /default-rack, certSerialId: null} moved to stale state. Finalizing its pipelines [PipelineID=221a7321-9d06-46c8-bc94-d64db647751a, PipelineID=e5260401-73af-4b5b-9117-c723c3ea02ff]
2019-09-20 04:28:25,311 [EventQueue-StaleNodeForStaleNodeHandler] INFO  pipeline.SCMPipelineManager (SCMPipelineManager.java:finalizeAndDestroyPipeline(315)) - destroying pipeline:Pipeline[ Id: 221a7321-9d06-46c8-bc94-d64db647751a, Nodes: 57dd0c4b-d993-4460-b414-e8b0694b8fa2{ip: 192.168.36.117, host: pr-hdds-2020-f8xxz-1899867831, networkLocation: /default-rack, certSerialId: null}, Type:RATIS, Factor:ONE, State:OPEN]
2019-09-20 04:28:25,311 [EventQueue-StaleNodeForStaleNodeHandler] INFO  pipeline.PipelineStateManager (PipelineStateManager.java:finalizePipeline(123)) - Pipeline Pipeline[ Id: 221a7321-9d06-46c8-bc94-d64db647751a, Nodes: 57dd0c4b-d993-4460-b414-e8b0694b8fa2{ip: 192.168.36.117, host: pr-hdds-2020-f8xxz-1899867831, networkLocation: /default-rack, certSerialId: null}, Type:RATIS, Factor:ONE, State:CLOSED] moved to CLOSED state
2019-09-20 04:28:25,311 [EventQueue-StaleNodeForStaleNodeHandler] INFO  pipeline.SCMPipelineManager (SCMPipelineManager.java:finalizeAndDestroyPipeline(315)) - destroying pipeline:Pipeline[ Id: e5260401-73af-4b5b-9117-c723c3ea02ff, Nodes: 5774142b-6609-48be-a0aa-2b86d80616d7{ip: 192.168.36.117, host: pr-hdds-2020-f8xxz-1899867831, networkLocation: /default-rack, certSerialId: null}57dd0c4b-d993-4460-b414-e8b0694b8fa2{ip: 192.168.36.117, host: pr-hdds-2020-f8xxz-1899867831, networkLocation: /default-rack, certSerialId: null}f3d3ef81-bd10-470c-864d-686e6ffdda49{ip: 192.168.36.117, host: pr-hdds-2020-f8xxz-1899867831, networkLocation: /default-rack, certSerialId: null}, Type:RATIS, Factor:THREE, State:CLOSED]
2019-09-20 04:28:25,610 [EventQueue-StaleNodeForStaleNodeHandler] INFO  node.StaleNodeHandler (StaleNodeHandler.java:onMessage(58)) - Datanode 87081697-3feb-4b91-be34-9b4806d832ee{ip: 192.168.36.117, host: pr-hdds-2020-f8xxz-1899867831, networkLocation: /default-rack, certSerialId: null} moved to stale state. Finalizing its pipelines [PipelineID=d445642b-5d4b-4f2d-9c43-6c1f2b8fa350]
2019-09-20 04:28:25,610 [EventQueue-StaleNodeForStaleNodeHandler] INFO  pipeline.SCMPipelineManager (SCMPipelineManager.java:finalizeAndDestroyPipeline(315)) - destroying pipeline:Pipeline[ Id: d445642b-5d4b-4f2d-9c43-6c1f2b8fa350, Nodes: 87081697-3feb-4b91-be34-9b4806d832ee{ip: 192.168.36.117, host: pr-hdds-2020-f8xxz-1899867831, networkLocation: /default-rack, certSerialId: null}, Type:RATIS, Factor:ONE, State:OPEN]
2019-09-20 04:28:25,611 [EventQueue-StaleNodeForStaleNodeHandler] INFO  pipeline.PipelineStateManager (PipelineStateManager.java:finalizePipeline(123)) - Pipeline Pipeline[ Id: d445642b-5d4b-4f2d-9c43-6c1f2b8fa350, Nodes: 87081697-3feb-4b91-be34-9b4806d832ee{ip: 192.168.36.117, host: pr-hdds-2020-f8xxz-1899867831, networkLocation: /default-rack, certSerialId: null}, Type:RATIS, Factor:ONE, State:CLOSED] moved to CLOSED state
2019-09-20 04:28:25,617 [grpc-default-executor-5] WARN  server.GrpcLogAppender (LogUtils.java:warn(134)) - 57dd0c4b-d993-4460-b414-e8b0694b8fa2@group-C723C3EA02FF->f3d3ef81-bd10-470c-864d-686e6ffdda49-AppendLogResponseHandler: Failed appendEntries: org.apache.ratis.thirdparty.io.grpc.StatusRuntimeException: UNAVAILABLE: io exception
2019-09-20 04:28:25,619 [grpc-default-executor-5] INFO  impl.FollowerInfo (FollowerInfo.java:lambda$new$0(51)) - 57dd0c4b-d993-4460-b414-e8b0694b8fa2@group-C723C3EA02FF->f3d3ef81-bd10-470c-864d-686e6ffdda49: nextIndex: updateUnconditionally 13 -> 12
2019-09-20 04:28:25,791 [ForkJoinPool.commonPool-worker-1] INFO  ozoneimpl.OzoneContainer (OzoneContainer.java:stop(231)) - Attempting to stop container services.
2019-09-20 04:28:25,792 [main] INFO  ozoneimpl.OzoneContainer (OzoneContainer.java:stop(231)) - Attempting to stop container services.
2019-09-20 04:28:25,792 [ForkJoinPool.commonPool-worker-1] INFO  impl.RaftServerProxy (RaftServerProxy.java:lambda$close$4(314)) - 57dd0c4b-d993-4460-b414-e8b0694b8fa2: close
2019-09-20 04:28:25,792 [main] INFO  impl.RaftServerProxy (RaftServerProxy.java:lambda$close$4(314)) - 87081697-3feb-4b91-be34-9b4806d832ee: close
2019-09-20 04:28:25,793 [ForkJoinPool.commonPool-worker-1] INFO  impl.RaftServerImpl (RaftServerImpl.java:lambda$shutdown$3(251)) - 57dd0c4b-d993-4460-b414-e8b0694b8fa2@group-D64DB647751A: shutdown
2019-09-20 04:28:25,793 [main] INFO  impl.RaftServerImpl (RaftServerImpl.java:lambda$shutdown$3(251)) - 87081697-3feb-4b91-be34-9b4806d832ee@group-6C1F2B8FA350: shutdown
2019-09-20 04:28:25,793 [ForkJoinPool.commonPool-worker-1] INFO  util.JmxRegister (JmxRegister.java:unregister(73)) - Successfully un-registered JMX Bean with object name Ratis:service=RaftServer,group=group-D64DB647751A,id=57dd0c4b-d993-4460-b414-e8b0694b8fa2
2019-09-20 04:28:25,793 [main] INFO  util.JmxRegister (JmxRegister.java:unregister(73)) - Successfully un-registered JMX Bean with object name Ratis:service=RaftServer,group=group-6C1F2B8FA350,id=87081697-3feb-4b91-be34-9b4806d832ee
2019-09-20 04:28:25,793 [ForkJoinPool.commonPool-worker-1] INFO  impl.RoleInfo (RoleInfo.java:shutdownLeaderState(104)) - 57dd0c4b-d993-4460-b414-e8b0694b8fa2: shutdown LeaderState
2019-09-20 04:28:25,793 [main] INFO  impl.RoleInfo (RoleInfo.java:shutdownLeaderState(104)) - 87081697-3feb-4b91-be34-9b4806d832ee: shutdown LeaderState
2019-09-20 04:28:25,794 [ForkJoinPool.commonPool-worker-1] INFO  impl.PendingRequests (PendingRequests.java:sendNotLeaderResponses(202)) - 57dd0c4b-d993-4460-b414-e8b0694b8fa2-PendingRequests: sendNotLeaderResponses
2019-09-20 04:28:25,794 [main] INFO  impl.PendingRequests (PendingRequests.java:sendNotLeaderResponses(202)) - 87081697-3feb-4b91-be34-9b4806d832ee-PendingRequests: sendNotLeaderResponses
2019-09-20 04:28:25,794 [ForkJoinPool.commonPool-worker-1] INFO  impl.StateMachineUpdater (StateMachineUpdater.java:stopAndJoin(125)) - 57dd0c4b-d993-4460-b414-e8b0694b8fa2@group-D64DB647751A-StateMachineUpdater: set stopIndex = 0
2019-09-20 04:28:25,794 [main] INFO  impl.StateMachineUpdater (StateMachineUpdater.java:stopAndJoin(125)) - 87081697-3feb-4b91-be34-9b4806d832ee@group-6C1F2B8FA350-StateMachineUpdater: set stopIndex = 0
2019-09-20 04:28:25,795 [ForkJoinPool.commonPool-worker-1] INFO  impl.RaftServerImpl (ServerState.java:close(385)) - 57dd0c4b-d993-4460-b414-e8b0694b8fa2@group-D64DB647751A: closes. applyIndex: 0
2019-09-20 04:28:25,795 [main] INFO  impl.RaftServerImpl (ServerState.java:close(385)) - 87081697-3feb-4b91-be34-9b4806d832ee@group-6C1F2B8FA350: closes. applyIndex: 0
2019-09-20 04:28:25,795 [57dd0c4b-d993-4460-b414-e8b0694b8fa2@group-D64DB647751A-SegmentedRaftLogWorker] INFO  segmented.SegmentedRaftLogWorker (SegmentedRaftLogWorker.java:run(313)) - 57dd0c4b-d993-4460-b414-e8b0694b8fa2@group-D64DB647751A-SegmentedRaftLogWorker was interrupted, exiting. There are 0 tasks remaining in the queue.
2019-09-20 04:28:25,795 [87081697-3feb-4b91-be34-9b4806d832ee@group-6C1F2B8FA350-SegmentedRaftLogWorker] INFO  segmented.SegmentedRaftLogWorker (SegmentedRaftLogWorker.java:run(313)) - 87081697-3feb-4b91-be34-9b4806d832ee@group-6C1F2B8FA350-SegmentedRaftLogWorker was interrupted, exiting. There are 0 tasks remaining in the queue.
2019-09-20 04:28:25,797 [main] INFO  segmented.SegmentedRaftLogWorker (SegmentedRaftLogWorker.java:close(228)) - 87081697-3feb-4b91-be34-9b4806d832ee@group-6C1F2B8FA350-SegmentedRaftLogWorker close()
2019-09-20 04:28:25,798 [ForkJoinPool.commonPool-worker-1] INFO  segmented.SegmentedRaftLogWorker (SegmentedRaftLogWorker.java:close(228)) - 57dd0c4b-d993-4460-b414-e8b0694b8fa2@group-D64DB647751A-SegmentedRaftLogWorker close()
2019-09-20 04:28:25,800 [main] INFO  server.GrpcService (GrpcService.java:closeImpl(164)) - 87081697-3feb-4b91-be34-9b4806d832ee: shutdown server with port 39713 now
2019-09-20 04:28:25,802 [ForkJoinPool.commonPool-worker-1] INFO  impl.RaftServerImpl (RaftServerImpl.java:lambda$shutdown$3(251)) - 57dd0c4b-d993-4460-b414-e8b0694b8fa2@group-C723C3EA02FF: shutdown
2019-09-20 04:28:25,811 [main] INFO  server.GrpcService (GrpcService.java:closeImpl(172)) - 87081697-3feb-4b91-be34-9b4806d832ee: shutdown server with port 39713 successfully
2019-09-20 04:28:25,811 [ForkJoinPool.commonPool-worker-1] INFO  util.JmxRegister (JmxRegister.java:unregister(73)) - Successfully un-registered JMX Bean with object name Ratis:service=RaftServer,group=group-C723C3EA02FF,id=57dd0c4b-d993-4460-b414-e8b0694b8fa2
2019-09-20 04:28:25,812 [ForkJoinPool.commonPool-worker-1] INFO  impl.RoleInfo (RoleInfo.java:shutdownLeaderState(104)) - 57dd0c4b-d993-4460-b414-e8b0694b8fa2: shutdown LeaderState
2019-09-20 04:28:25,815 [ForkJoinPool.commonPool-worker-1] INFO  impl.PendingRequests (PendingRequests.java:sendNotLeaderResponses(202)) - 57dd0c4b-d993-4460-b414-e8b0694b8fa2-PendingRequests: sendNotLeaderResponses
2019-09-20 04:28:25,815 [org.apache.ratis.server.impl.LogAppender$AppenderDaemon$$Lambda$500/1347411383@7b35c6eb] WARN  server.GrpcLogAppender (GrpcLogAppender.java:mayWait(143)) - 57dd0c4b-d993-4460-b414-e8b0694b8fa2@group-C723C3EA02FF->5774142b-6609-48be-a0aa-2b86d80616d7-GrpcLogAppender: Wait interrupted by java.lang.InterruptedException
2019-09-20 04:28:25,815 [org.apache.ratis.server.impl.LogAppender$AppenderDaemon$$Lambda$500/1347411383@49ec7b31] WARN  server.GrpcLogAppender (GrpcLogAppender.java:mayWait(143)) - 57dd0c4b-d993-4460-b414-e8b0694b8fa2@group-C723C3EA02FF->f3d3ef81-bd10-470c-864d-686e6ffdda49-GrpcLogAppender: Wait interrupted by java.lang.InterruptedException
2019-09-20 04:28:25,817 [ForkJoinPool.commonPool-worker-1] INFO  impl.StateMachineUpdater (StateMachineUpdater.java:stopAndJoin(125)) - 57dd0c4b-d993-4460-b414-e8b0694b8fa2@group-C723C3EA02FF-StateMachineUpdater: set stopIndex = 14
2019-09-20 04:28:25,818 [57dd0c4b-d993-4460-b414-e8b0694b8fa2@group-C723C3EA02FF-StateMachineUpdater] INFO  ratis.ContainerStateMachine (ContainerStateMachine.java:takeSnapshot(289)) - group-C723C3EA02FF: Taking a snapshot at:(t:1, i:12) file /workdir/hadoop-ozone/integration-test/target/test-dir/MiniOzoneClusterImpl-aafe4fbf-76b3-435f-8185-881063bd6d24/datanode-2/data/ratis/e5260401-73af-4b5b-9117-c723c3ea02ff/sm/snapshot.1_12
2019-09-20 04:28:25,818 [refreshUsed-/workdir/hadoop-ozone/integration-test/target/test-dir/MiniOzoneClusterImpl-aafe4fbf-76b3-435f-8185-881063bd6d24/datanode-3/data/containers] WARN  fs.CachingGetSpaceUsed (CachingGetSpaceUsed.java:run(183)) - Thread Interrupted waiting to refresh disk information: sleep interrupted
2019-09-20 04:28:25,819 [grpc-default-executor-5] INFO  server.GrpcServerProtocolService (GrpcServerProtocolService.java:onCompleted(113)) - 5774142b-6609-48be-a0aa-2b86d80616d7: Completed APPEND_ENTRIES, lastRequest: 57dd0c4b-d993-4460-b414-e8b0694b8fa2->5774142b-6609-48be-a0aa-2b86d80616d7#25-t1, previous=(t:1, i:14), leaderCommit=14, initializing? false, entries: <empty>
2019-09-20 04:28:25,820 [grpc-default-executor-6] INFO  server.GrpcLogAppender (GrpcLogAppender.java:onCompleted(293)) - 57dd0c4b-d993-4460-b414-e8b0694b8fa2@group-C723C3EA02FF->5774142b-6609-48be-a0aa-2b86d80616d7-AppendLogResponseHandler: follower responses appendEntries COMPLETED
2019-09-20 04:28:25,820 [grpc-default-executor-6] INFO  impl.FollowerInfo (FollowerInfo.java:lambda$new$0(51)) - 57dd0c4b-d993-4460-b414-e8b0694b8fa2@group-C723C3EA02FF->5774142b-6609-48be-a0aa-2b86d80616d7: nextIndex: updateUnconditionally 15 -> 14
2019-09-20 04:28:25,837 [main] INFO  utils.BackgroundService (BackgroundService.java:shutdown(148)) - Shutting down service BlockDeletingService
2019-09-20 04:28:25,841 [main] INFO  statemachine.DatanodeStateMachine (DatanodeStateMachine.java:stopDaemon(395)) - Ozone container server stopped.
2019-09-20 04:28:25,843 [main] INFO  handler.ContextHandler (ContextHandler.java:doStop(910)) - Stopped o.e.j.w.WebAppContext@4fb57fb3{/,null,UNAVAILABLE}{/hddsDatanode}
2019-09-20 04:28:25,844 [main] INFO  server.AbstractConnector (AbstractConnector.java:doStop(318)) - Stopped ServerConnector@6b063470{HTTP/1.1,[http/1.1]}{0.0.0.0:0}
2019-09-20 04:28:25,844 [main] INFO  handler.ContextHandler (ContextHandler.java:doStop(910)) - Stopped o.e.j.s.ServletContextHandler@7364f68{/static,jar:file:/home/user/.m2/repository/org/apache/hadoop/hadoop-hdds-container-service/0.5.0-SNAPSHOT/hadoop-hdds-container-service-0.5.0-SNAPSHOT.jar!/webapps/static,UNAVAILABLE}
2019-09-20 04:28:25,845 [main] INFO  handler.ContextHandler (ContextHandler.java:doStop(910)) - Stopped o.e.j.s.ServletContextHandler@27e199ce{/logs,file:///workdir/hadoop-ozone/integration-test/target/log,UNAVAILABLE}
2019-09-20 04:28:25,853 [57dd0c4b-d993-4460-b414-e8b0694b8fa2@group-C723C3EA02FF-StateMachineUpdater] INFO  ratis.ContainerStateMachine (ContainerStateMachine.java:takeSnapshot(300)) - group-C723C3EA02FF: Finished taking a snapshot at:(t:1, i:12) file:/workdir/hadoop-ozone/integration-test/target/test-dir/MiniOzoneClusterImpl-aafe4fbf-76b3-435f-8185-881063bd6d24/datanode-2/data/ratis/e5260401-73af-4b5b-9117-c723c3ea02ff/sm/snapshot.1_12 time:35
2019-09-20 04:28:25,853 [57dd0c4b-d993-4460-b414-e8b0694b8fa2@group-C723C3EA02FF-StateMachineUpdater] INFO  impl.StateMachineUpdater (StateMachineUpdater.java:takeSnapshot(258)) - 57dd0c4b-d993-4460-b414-e8b0694b8fa2@group-C723C3EA02FF-StateMachineUpdater: Took a snapshot at index 12
2019-09-20 04:28:25,854 [57dd0c4b-d993-4460-b414-e8b0694b8fa2@group-C723C3EA02FF-StateMachineUpdater] INFO  impl.StateMachineUpdater (StateMachineUpdater.java:lambda$new$0(83)) - 57dd0c4b-d993-4460-b414-e8b0694b8fa2@group-C723C3EA02FF-StateMachineUpdater: snapshotIndex: updateIncreasingly -1 -> 12
2019-09-20 04:28:25,854 [57dd0c4b-d993-4460-b414-e8b0694b8fa2@group-C723C3EA02FF-StateMachineUpdater] INFO  ratis.ContainerStateMachine (ContainerStateMachine.java:takeSnapshot(289)) - group-C723C3EA02FF: Taking a snapshot at:(t:1, i:12) file /workdir/hadoop-ozone/integration-test/target/test-dir/MiniOzoneClusterImpl-aafe4fbf-76b3-435f-8185-881063bd6d24/datanode-2/data/ratis/e5260401-73af-4b5b-9117-c723c3ea02ff/sm/snapshot.1_12
2019-09-20 04:28:25,878 [57dd0c4b-d993-4460-b414-e8b0694b8fa2@group-C723C3EA02FF-StateMachineUpdater] INFO  ratis.ContainerStateMachine (ContainerStateMachine.java:takeSnapshot(300)) - group-C723C3EA02FF: Finished taking a snapshot at:(t:1, i:12) file:/workdir/hadoop-ozone/integration-test/target/test-dir/MiniOzoneClusterImpl-aafe4fbf-76b3-435f-8185-881063bd6d24/datanode-2/data/ratis/e5260401-73af-4b5b-9117-c723c3ea02ff/sm/snapshot.1_12 time:24
2019-09-20 04:28:25,879 [57dd0c4b-d993-4460-b414-e8b0694b8fa2@group-C723C3EA02FF-StateMachineUpdater] INFO  impl.StateMachineUpdater (StateMachineUpdater.java:takeSnapshot(258)) - 57dd0c4b-d993-4460-b414-e8b0694b8fa2@group-C723C3EA02FF-StateMachineUpdater: Took a snapshot at index 12
2019-09-20 04:28:25,879 [57dd0c4b-d993-4460-b414-e8b0694b8fa2@group-C723C3EA02FF-StateMachineUpdater] INFO  impl.StateMachineUpdater (StateMachineUpdater.java:lambda$new$0(83)) - 57dd0c4b-d993-4460-b414-e8b0694b8fa2@group-C723C3EA02FF-StateMachineUpdater: snapshotIndex: updateIncreasingly 12 -> 12
2019-09-20 04:28:25,879 [ForkJoinPool.commonPool-worker-1] INFO  impl.RaftServerImpl (ServerState.java:close(385)) - 57dd0c4b-d993-4460-b414-e8b0694b8fa2@group-C723C3EA02FF: closes. applyIndex: 14
2019-09-20 04:28:25,880 [57dd0c4b-d993-4460-b414-e8b0694b8fa2@group-C723C3EA02FF-SegmentedRaftLogWorker] INFO  segmented.SegmentedRaftLogWorker (SegmentedRaftLogWorker.java:run(313)) - 57dd0c4b-d993-4460-b414-e8b0694b8fa2@group-C723C3EA02FF-SegmentedRaftLogWorker was interrupted, exiting. There are 0 tasks remaining in the queue.
2019-09-20 04:28:25,881 [ForkJoinPool.commonPool-worker-1] INFO  segmented.SegmentedRaftLogWorker (SegmentedRaftLogWorker.java:close(228)) - 57dd0c4b-d993-4460-b414-e8b0694b8fa2@group-C723C3EA02FF-SegmentedRaftLogWorker close()
2019-09-20 04:28:25,885 [ForkJoinPool.commonPool-worker-1] INFO  server.GrpcService (GrpcService.java:closeImpl(164)) - 57dd0c4b-d993-4460-b414-e8b0694b8fa2: shutdown server with port 37320 now
2019-09-20 04:28:25,886 [grpc-default-executor-5] WARN  client.GrpcClientProtocolService (LogUtils.java:warn(134)) - 1-UnorderedRequestStreamObserver1: onError: org.apache.ratis.thirdparty.io.grpc.StatusRuntimeException: CANCELLED: cancelled before receiving half close
2019-09-20 04:28:25,886 [ForkJoinPool.commonPool-worker-1] INFO  server.GrpcService (GrpcService.java:closeImpl(172)) - 57dd0c4b-d993-4460-b414-e8b0694b8fa2: shutdown server with port 37320 successfully
2019-09-20 04:28:25,892 [refreshUsed-/workdir/hadoop-ozone/integration-test/target/test-dir/MiniOzoneClusterImpl-aafe4fbf-76b3-435f-8185-881063bd6d24/datanode-2/data/containers] WARN  fs.CachingGetSpaceUsed (CachingGetSpaceUsed.java:run(183)) - Thread Interrupted waiting to refresh disk information: sleep interrupted
2019-09-20 04:28:25,906 [ForkJoinPool.commonPool-worker-1] INFO  utils.BackgroundService (BackgroundService.java:shutdown(148)) - Shutting down service BlockDeletingService
2019-09-20 04:28:25,912 [ForkJoinPool.commonPool-worker-1] INFO  statemachine.DatanodeStateMachine (DatanodeStateMachine.java:stopDaemon(395)) - Ozone container server stopped.
2019-09-20 04:28:25,918 [ForkJoinPool.commonPool-worker-1] INFO  handler.ContextHandler (ContextHandler.java:doStop(910)) - Stopped o.e.j.w.WebAppContext@3079c26a{/,null,UNAVAILABLE}{/hddsDatanode}
2019-09-20 04:28:25,919 [ForkJoinPool.commonPool-worker-1] INFO  server.AbstractConnector (AbstractConnector.java:doStop(318)) - Stopped ServerConnector@1e2445f6{HTTP/1.1,[http/1.1]}{0.0.0.0:0}
2019-09-20 04:28:25,921 [ForkJoinPool.commonPool-worker-1] INFO  handler.ContextHandler (ContextHandler.java:doStop(910)) - Stopped o.e.j.s.ServletContextHandler@2aea717c{/static,jar:file:/home/user/.m2/repository/org/apache/hadoop/hadoop-hdds-container-service/0.5.0-SNAPSHOT/hadoop-hdds-container-service-0.5.0-SNAPSHOT.jar!/webapps/static,UNAVAILABLE}
2019-09-20 04:28:25,922 [ForkJoinPool.commonPool-worker-1] INFO  handler.ContextHandler (ContextHandler.java:doStop(910)) - Stopped o.e.j.s.ServletContextHandler@224d86d2{/logs,file:///workdir/hadoop-ozone/integration-test/target/log,UNAVAILABLE}
2019-09-20 04:28:26,054 [Datanode State Machine Thread - 0] INFO  statemachine.DatanodeStateMachine (DatanodeStateMachine.java:lambda$startDaemon$0(350)) - Ozone container server started.
2019-09-20 04:28:26,335 [Datanode State Machine Thread - 0] INFO  statemachine.DatanodeStateMachine (DatanodeStateMachine.java:lambda$startDaemon$0(350)) - Ozone container server started.
2019-09-20 04:28:29,395 [Thread-3274] INFO  impl.FollowerState (FollowerState.java:run(106)) - 425133b3-490d-4f01-bfaa-91a0a46f8f04:group-C5836D743F5B changes to CANDIDATE, lastRpcTime:10009, electionTimeout:5096ms
2019-09-20 04:28:29,395 [Thread-3274] INFO  impl.RoleInfo (RoleInfo.java:shutdownFollowerState(121)) - 425133b3-490d-4f01-bfaa-91a0a46f8f04: shutdown FollowerState
2019-09-20 04:28:29,396 [Thread-3274] INFO  impl.RaftServerImpl (RaftServerImpl.java:setRole(174)) - 425133b3-490d-4f01-bfaa-91a0a46f8f04@group-C5836D743F5B: changes role from  FOLLOWER to CANDIDATE at term 2 for changeToCandidate
2019-09-20 04:28:29,396 [Thread-3274] INFO  impl.RoleInfo (RoleInfo.java:updateAndGet(143)) - 425133b3-490d-4f01-bfaa-91a0a46f8f04: start LeaderElection
2019-09-20 04:28:29,400 [425133b3-490d-4f01-bfaa-91a0a46f8f04@group-C5836D743F5B:LeaderElection84] INFO  impl.RaftServerImpl (ServerState.java:setLeader(253)) - 425133b3-490d-4f01-bfaa-91a0a46f8f04@group-C5836D743F5B: change Leader from e794d2a0-c111-411e-8a54-a665cb3a0d1e to null at term 2 for initElection
2019-09-20 04:28:29,429 [425133b3-490d-4f01-bfaa-91a0a46f8f04@group-C5836D743F5B:LeaderElection84] INFO  impl.LeaderElection (LeaderElection.java:askForVotes(182)) - 425133b3-490d-4f01-bfaa-91a0a46f8f04@group-C5836D743F5B:LeaderElection84: begin an election at term 3 for 17: [0dda74ae-caa3-442c-b885-687993250269:192.168.36.117:32864, e794d2a0-c111-411e-8a54-a665cb3a0d1e:192.168.36.117:38064, 425133b3-490d-4f01-bfaa-91a0a46f8f04:192.168.36.117:39086], old=null
2019-09-20 04:28:29,434 [425133b3-490d-4f01-bfaa-91a0a46f8f04@group-C5836D743F5B:LeaderElection84] INFO  impl.LeaderElection (LogUtils.java:infoOrTrace(149)) - 425133b3-490d-4f01-bfaa-91a0a46f8f04@group-C5836D743F5B:LeaderElection84 got exception when requesting votes: {}
java.util.concurrent.ExecutionException: org.apache.ratis.thirdparty.io.grpc.StatusRuntimeException: UNAVAILABLE: io exception
	at java.util.concurrent.FutureTask.report(FutureTask.java:122)
	at java.util.concurrent.FutureTask.get(FutureTask.java:192)
	at org.apache.ratis.server.impl.LeaderElection.waitForResults(LeaderElection.java:263)
	at org.apache.ratis.server.impl.LeaderElection.askForVotes(LeaderElection.java:201)
	at org.apache.ratis.server.impl.LeaderElection.run(LeaderElection.java:133)
	at java.lang.Thread.run(Thread.java:748)
Caused by: org.apache.ratis.thirdparty.io.grpc.StatusRuntimeException: UNAVAILABLE: io exception
	at org.apache.ratis.thirdparty.io.grpc.stub.ClientCalls.toStatusRuntimeException(ClientCalls.java:233)
	at org.apache.ratis.thirdparty.io.grpc.stub.ClientCalls.getUnchecked(ClientCalls.java:214)
	at org.apache.ratis.thirdparty.io.grpc.stub.ClientCalls.blockingUnaryCall(ClientCalls.java:139)
	at org.apache.ratis.proto.grpc.RaftServerProtocolServiceGrpc$RaftServerProtocolServiceBlockingStub.requestVote(RaftServerProtocolServiceGrpc.java:265)
	at org.apache.ratis.grpc.server.GrpcServerProtocolClient.requestVote(GrpcServerProtocolClient.java:90)
	at org.apache.ratis.grpc.server.GrpcService.requestVote(GrpcService.java:204)
	at org.apache.ratis.server.impl.LeaderElection.lambda$submitRequests$1(LeaderElection.java:238)
	at java.util.concurrent.FutureTask.run(FutureTask.java:266)
	at java.util.concurrent.Executors$RunnableAdapter.call(Executors.java:511)
	at java.util.concurrent.FutureTask.run(FutureTask.java:266)
	at java.util.concurrent.ThreadPoolExecutor.runWorker(ThreadPoolExecutor.java:1149)
	at java.util.concurrent.ThreadPoolExecutor$Worker.run(ThreadPoolExecutor.java:624)
	... 1 more
Caused by: org.apache.ratis.thirdparty.io.netty.channel.AbstractChannel$AnnotatedConnectException: Connection refused: /192.168.36.117:32864
	at sun.nio.ch.SocketChannelImpl.checkConnect(Native Method)
	at sun.nio.ch.SocketChannelImpl.finishConnect(SocketChannelImpl.java:717)
	at org.apache.ratis.thirdparty.io.netty.channel.socket.nio.NioSocketChannel.doFinishConnect(NioSocketChannel.java:327)
	at org.apache.ratis.thirdparty.io.netty.channel.nio.AbstractNioChannel$AbstractNioUnsafe.finishConnect(AbstractNioChannel.java:340)
	at org.apache.ratis.thirdparty.io.netty.channel.nio.NioEventLoop.processSelectedKey(NioEventLoop.java:632)
	at org.apache.ratis.thirdparty.io.netty.channel.nio.NioEventLoop.processSelectedKeysOptimized(NioEventLoop.java:579)
	at org.apache.ratis.thirdparty.io.netty.channel.nio.NioEventLoop.processSelectedKeys(NioEventLoop.java:496)
	at org.apache.ratis.thirdparty.io.netty.channel.nio.NioEventLoop.run(NioEventLoop.java:458)
	at org.apache.ratis.thirdparty.io.netty.util.concurrent.SingleThreadEventExecutor$5.run(SingleThreadEventExecutor.java:897)
	at org.apache.ratis.thirdparty.io.netty.util.concurrent.FastThreadLocalRunnable.run(FastThreadLocalRunnable.java:30)
	... 1 more
Caused by: java.net.ConnectException: Connection refused
	... 11 more
2019-09-20 04:28:29,437 [425133b3-490d-4f01-bfaa-91a0a46f8f04@group-C5836D743F5B:LeaderElection84] INFO  impl.LeaderElection (LogUtils.java:infoOrTrace(149)) - 425133b3-490d-4f01-bfaa-91a0a46f8f04@group-C5836D743F5B:LeaderElection84 got exception when requesting votes: {}
java.util.concurrent.ExecutionException: org.apache.ratis.thirdparty.io.grpc.StatusRuntimeException: UNAVAILABLE: io exception
	at java.util.concurrent.FutureTask.report(FutureTask.java:122)
	at java.util.concurrent.FutureTask.get(FutureTask.java:192)
	at org.apache.ratis.server.impl.LeaderElection.waitForResults(LeaderElection.java:263)
	at org.apache.ratis.server.impl.LeaderElection.askForVotes(LeaderElection.java:201)
	at org.apache.ratis.server.impl.LeaderElection.run(LeaderElection.java:133)
	at java.lang.Thread.run(Thread.java:748)
Caused by: org.apache.ratis.thirdparty.io.grpc.StatusRuntimeException: UNAVAILABLE: io exception
	at org.apache.ratis.thirdparty.io.grpc.stub.ClientCalls.toStatusRuntimeException(ClientCalls.java:233)
	at org.apache.ratis.thirdparty.io.grpc.stub.ClientCalls.getUnchecked(ClientCalls.java:214)
	at org.apache.ratis.thirdparty.io.grpc.stub.ClientCalls.blockingUnaryCall(ClientCalls.java:139)
	at org.apache.ratis.proto.grpc.RaftServerProtocolServiceGrpc$RaftServerProtocolServiceBlockingStub.requestVote(RaftServerProtocolServiceGrpc.java:265)
	at org.apache.ratis.grpc.server.GrpcServerProtocolClient.requestVote(GrpcServerProtocolClient.java:90)
	at org.apache.ratis.grpc.server.GrpcService.requestVote(GrpcService.java:204)
	at org.apache.ratis.server.impl.LeaderElection.lambda$submitRequests$1(LeaderElection.java:238)
	at java.util.concurrent.FutureTask.run(FutureTask.java:266)
	at java.util.concurrent.Executors$RunnableAdapter.call(Executors.java:511)
	at java.util.concurrent.FutureTask.run(FutureTask.java:266)
	at java.util.concurrent.ThreadPoolExecutor.runWorker(ThreadPoolExecutor.java:1149)
	at java.util.concurrent.ThreadPoolExecutor$Worker.run(ThreadPoolExecutor.java:624)
	... 1 more
Caused by: org.apache.ratis.thirdparty.io.netty.channel.AbstractChannel$AnnotatedConnectException: Connection refused: /192.168.36.117:38064
	at sun.nio.ch.SocketChannelImpl.checkConnect(Native Method)
	at sun.nio.ch.SocketChannelImpl.finishConnect(SocketChannelImpl.java:717)
	at org.apache.ratis.thirdparty.io.netty.channel.socket.nio.NioSocketChannel.doFinishConnect(NioSocketChannel.java:327)
	at org.apache.ratis.thirdparty.io.netty.channel.nio.AbstractNioChannel$AbstractNioUnsafe.finishConnect(AbstractNioChannel.java:340)
	at org.apache.ratis.thirdparty.io.netty.channel.nio.NioEventLoop.processSelectedKey(NioEventLoop.java:632)
	at org.apache.ratis.thirdparty.io.netty.channel.nio.NioEventLoop.processSelectedKeysOptimized(NioEventLoop.java:579)
	at org.apache.ratis.thirdparty.io.netty.channel.nio.NioEventLoop.processSelectedKeys(NioEventLoop.java:496)
	at org.apache.ratis.thirdparty.io.netty.channel.nio.NioEventLoop.run(NioEventLoop.java:458)
	at org.apache.ratis.thirdparty.io.netty.util.concurrent.SingleThreadEventExecutor$5.run(SingleThreadEventExecutor.java:897)
	at org.apache.ratis.thirdparty.io.netty.util.concurrent.FastThreadLocalRunnable.run(FastThreadLocalRunnable.java:30)
	... 1 more
Caused by: java.net.ConnectException: Connection refused
	... 11 more
2019-09-20 04:28:29,439 [425133b3-490d-4f01-bfaa-91a0a46f8f04@group-C5836D743F5B:LeaderElection84] INFO  impl.LeaderElection (LeaderElection.java:logAndReturn(56)) - 425133b3-490d-4f01-bfaa-91a0a46f8f04@group-C5836D743F5B:LeaderElection84: Election REJECTED; received 0 response(s) [] and 2 exception(s); 425133b3-490d-4f01-bfaa-91a0a46f8f04@group-C5836D743F5B:t3, leader=null, voted=425133b3-490d-4f01-bfaa-91a0a46f8f04, raftlog=425133b3-490d-4f01-bfaa-91a0a46f8f04@group-C5836D743F5B-SegmentedRaftLog:OPENED:c18,f18,i18, conf=17: [0dda74ae-caa3-442c-b885-687993250269:192.168.36.117:32864, e794d2a0-c111-411e-8a54-a665cb3a0d1e:192.168.36.117:38064, 425133b3-490d-4f01-bfaa-91a0a46f8f04:192.168.36.117:39086], old=null
2019-09-20 04:28:29,439 [425133b3-490d-4f01-bfaa-91a0a46f8f04@group-C5836D743F5B:LeaderElection84] INFO  impl.LeaderElection (LogUtils.java:infoOrTrace(149)) -   Exception 0: {}
java.util.concurrent.ExecutionException: org.apache.ratis.thirdparty.io.grpc.StatusRuntimeException: UNAVAILABLE: io exception
	at java.util.concurrent.FutureTask.report(FutureTask.java:122)
	at java.util.concurrent.FutureTask.get(FutureTask.java:192)
	at org.apache.ratis.server.impl.LeaderElection.waitForResults(LeaderElection.java:263)
	at org.apache.ratis.server.impl.LeaderElection.askForVotes(LeaderElection.java:201)
	at org.apache.ratis.server.impl.LeaderElection.run(LeaderElection.java:133)
	at java.lang.Thread.run(Thread.java:748)
Caused by: org.apache.ratis.thirdparty.io.grpc.StatusRuntimeException: UNAVAILABLE: io exception
	at org.apache.ratis.thirdparty.io.grpc.stub.ClientCalls.toStatusRuntimeException(ClientCalls.java:233)
	at org.apache.ratis.thirdparty.io.grpc.stub.ClientCalls.getUnchecked(ClientCalls.java:214)
	at org.apache.ratis.thirdparty.io.grpc.stub.ClientCalls.blockingUnaryCall(ClientCalls.java:139)
	at org.apache.ratis.proto.grpc.RaftServerProtocolServiceGrpc$RaftServerProtocolServiceBlockingStub.requestVote(RaftServerProtocolServiceGrpc.java:265)
	at org.apache.ratis.grpc.server.GrpcServerProtocolClient.requestVote(GrpcServerProtocolClient.java:90)
	at org.apache.ratis.grpc.server.GrpcService.requestVote(GrpcService.java:204)
	at org.apache.ratis.server.impl.LeaderElection.lambda$submitRequests$1(LeaderElection.java:238)
	at java.util.concurrent.FutureTask.run(FutureTask.java:266)
	at java.util.concurrent.Executors$RunnableAdapter.call(Executors.java:511)
	at java.util.concurrent.FutureTask.run(FutureTask.java:266)
	at java.util.concurrent.ThreadPoolExecutor.runWorker(ThreadPoolExecutor.java:1149)
	at java.util.concurrent.ThreadPoolExecutor$Worker.run(ThreadPoolExecutor.java:624)
	... 1 more
Caused by: org.apache.ratis.thirdparty.io.netty.channel.AbstractChannel$AnnotatedConnectException: Connection refused: /192.168.36.117:32864
	at sun.nio.ch.SocketChannelImpl.checkConnect(Native Method)
	at sun.nio.ch.SocketChannelImpl.finishConnect(SocketChannelImpl.java:717)
	at org.apache.ratis.thirdparty.io.netty.channel.socket.nio.NioSocketChannel.doFinishConnect(NioSocketChannel.java:327)
	at org.apache.ratis.thirdparty.io.netty.channel.nio.AbstractNioChannel$AbstractNioUnsafe.finishConnect(AbstractNioChannel.java:340)
	at org.apache.ratis.thirdparty.io.netty.channel.nio.NioEventLoop.processSelectedKey(NioEventLoop.java:632)
	at org.apache.ratis.thirdparty.io.netty.channel.nio.NioEventLoop.processSelectedKeysOptimized(NioEventLoop.java:579)
	at org.apache.ratis.thirdparty.io.netty.channel.nio.NioEventLoop.processSelectedKeys(NioEventLoop.java:496)
	at org.apache.ratis.thirdparty.io.netty.channel.nio.NioEventLoop.run(NioEventLoop.java:458)
	at org.apache.ratis.thirdparty.io.netty.util.concurrent.SingleThreadEventExecutor$5.run(SingleThreadEventExecutor.java:897)
	at org.apache.ratis.thirdparty.io.netty.util.concurrent.FastThreadLocalRunnable.run(FastThreadLocalRunnable.java:30)
	... 1 more
Caused by: java.net.ConnectException: Connection refused
	... 11 more
2019-09-20 04:28:29,439 [425133b3-490d-4f01-bfaa-91a0a46f8f04@group-C5836D743F5B:LeaderElection84] INFO  impl.LeaderElection (LogUtils.java:infoOrTrace(149)) -   Exception 1: {}
java.util.concurrent.ExecutionException: org.apache.ratis.thirdparty.io.grpc.StatusRuntimeException: UNAVAILABLE: io exception
	at java.util.concurrent.FutureTask.report(FutureTask.java:122)
	at java.util.concurrent.FutureTask.get(FutureTask.java:192)
	at org.apache.ratis.server.impl.LeaderElection.waitForResults(LeaderElection.java:263)
	at org.apache.ratis.server.impl.LeaderElection.askForVotes(LeaderElection.java:201)
	at org.apache.ratis.server.impl.LeaderElection.run(LeaderElection.java:133)
	at java.lang.Thread.run(Thread.java:748)
Caused by: org.apache.ratis.thirdparty.io.grpc.StatusRuntimeException: UNAVAILABLE: io exception
	at org.apache.ratis.thirdparty.io.grpc.stub.ClientCalls.toStatusRuntimeException(ClientCalls.java:233)
	at org.apache.ratis.thirdparty.io.grpc.stub.ClientCalls.getUnchecked(ClientCalls.java:214)
	at org.apache.ratis.thirdparty.io.grpc.stub.ClientCalls.blockingUnaryCall(ClientCalls.java:139)
	at org.apache.ratis.proto.grpc.RaftServerProtocolServiceGrpc$RaftServerProtocolServiceBlockingStub.requestVote(RaftServerProtocolServiceGrpc.java:265)
	at org.apache.ratis.grpc.server.GrpcServerProtocolClient.requestVote(GrpcServerProtocolClient.java:90)
	at org.apache.ratis.grpc.server.GrpcService.requestVote(GrpcService.java:204)
	at org.apache.ratis.server.impl.LeaderElection.lambda$submitRequests$1(LeaderElection.java:238)
	at java.util.concurrent.FutureTask.run(FutureTask.java:266)
	at java.util.concurrent.Executors$RunnableAdapter.call(Executors.java:511)
	at java.util.concurrent.FutureTask.run(FutureTask.java:266)
	at java.util.concurrent.ThreadPoolExecutor.runWorker(ThreadPoolExecutor.java:1149)
	at java.util.concurrent.ThreadPoolExecutor$Worker.run(ThreadPoolExecutor.java:624)
	... 1 more
Caused by: org.apache.ratis.thirdparty.io.netty.channel.AbstractChannel$AnnotatedConnectException: Connection refused: /192.168.36.117:38064
	at sun.nio.ch.SocketChannelImpl.checkConnect(Native Method)
	at sun.nio.ch.SocketChannelImpl.finishConnect(SocketChannelImpl.java:717)
	at org.apache.ratis.thirdparty.io.netty.channel.socket.nio.NioSocketChannel.doFinishConnect(NioSocketChannel.java:327)
	at org.apache.ratis.thirdparty.io.netty.channel.nio.AbstractNioChannel$AbstractNioUnsafe.finishConnect(AbstractNioChannel.java:340)
	at org.apache.ratis.thirdparty.io.netty.channel.nio.NioEventLoop.processSelectedKey(NioEventLoop.java:632)
	at org.apache.ratis.thirdparty.io.netty.channel.nio.NioEventLoop.processSelectedKeysOptimized(NioEventLoop.java:579)
	at org.apache.ratis.thirdparty.io.netty.channel.nio.NioEventLoop.processSelectedKeys(NioEventLoop.java:496)
	at org.apache.ratis.thirdparty.io.netty.channel.nio.NioEventLoop.run(NioEventLoop.java:458)
	at org.apache.ratis.thirdparty.io.netty.util.concurrent.SingleThreadEventExecutor$5.run(SingleThreadEventExecutor.java:897)
	at org.apache.ratis.thirdparty.io.netty.util.concurrent.FastThreadLocalRunnable.run(FastThreadLocalRunnable.java:30)
	... 1 more
Caused by: java.net.ConnectException: Connection refused
	... 11 more
2019-09-20 04:28:29,440 [425133b3-490d-4f01-bfaa-91a0a46f8f04@group-C5836D743F5B:LeaderElection84] INFO  impl.RaftServerImpl (RaftServerImpl.java:setRole(174)) - 425133b3-490d-4f01-bfaa-91a0a46f8f04@group-C5836D743F5B: changes role from CANDIDATE to FOLLOWER at term 3 for DISCOVERED_A_NEW_TERM
2019-09-20 04:28:29,440 [425133b3-490d-4f01-bfaa-91a0a46f8f04@group-C5836D743F5B:LeaderElection84] INFO  impl.RoleInfo (RoleInfo.java:shutdownLeaderElection(134)) - 425133b3-490d-4f01-bfaa-91a0a46f8f04: shutdown LeaderElection
2019-09-20 04:28:29,440 [425133b3-490d-4f01-bfaa-91a0a46f8f04@group-C5836D743F5B:LeaderElection84] INFO  impl.RoleInfo (RoleInfo.java:updateAndGet(143)) - 425133b3-490d-4f01-bfaa-91a0a46f8f04: start FollowerState
2019-09-20 04:28:30,116 [EventQueue-StaleNodeForStaleNodeHandler] INFO  node.StaleNodeHandler (StaleNodeHandler.java:onMessage(58)) - Datanode 425133b3-490d-4f01-bfaa-91a0a46f8f04{ip: 192.168.36.117, host: pr-hdds-2020-f8xxz-1899867831, networkLocation: /default-rack, certSerialId: null} moved to stale state. Finalizing its pipelines [PipelineID=5576588e-38eb-4a0f-ae33-3b204fb62f9d, PipelineID=54114e84-fa76-49d7-8d4e-c5836d743f5b]
2019-09-20 04:28:30,118 [EventQueue-StaleNodeForStaleNodeHandler] INFO  pipeline.SCMPipelineManager (SCMPipelineManager.java:finalizeAndDestroyPipeline(315)) - destroying pipeline:Pipeline[ Id: 5576588e-38eb-4a0f-ae33-3b204fb62f9d, Nodes: 425133b3-490d-4f01-bfaa-91a0a46f8f04{ip: 192.168.36.117, host: pr-hdds-2020-f8xxz-1899867831, networkLocation: /default-rack, certSerialId: null}, Type:RATIS, Factor:ONE, State:OPEN]
2019-09-20 04:28:30,118 [EventQueue-StaleNodeForStaleNodeHandler] INFO  pipeline.PipelineStateManager (PipelineStateManager.java:finalizePipeline(123)) - Pipeline Pipeline[ Id: 5576588e-38eb-4a0f-ae33-3b204fb62f9d, Nodes: 425133b3-490d-4f01-bfaa-91a0a46f8f04{ip: 192.168.36.117, host: pr-hdds-2020-f8xxz-1899867831, networkLocation: /default-rack, certSerialId: null}, Type:RATIS, Factor:ONE, State:CLOSED] moved to CLOSED state
2019-09-20 04:28:30,119 [EventQueue-StaleNodeForStaleNodeHandler] INFO  pipeline.SCMPipelineManager (SCMPipelineManager.java:finalizeAndDestroyPipeline(315)) - destroying pipeline:Pipeline[ Id: 54114e84-fa76-49d7-8d4e-c5836d743f5b, Nodes: 0dda74ae-caa3-442c-b885-687993250269{ip: 192.168.36.117, host: pr-hdds-2020-f8xxz-1899867831, networkLocation: /default-rack, certSerialId: null}e794d2a0-c111-411e-8a54-a665cb3a0d1e{ip: 192.168.36.117, host: pr-hdds-2020-f8xxz-1899867831, networkLocation: /default-rack, certSerialId: null}425133b3-490d-4f01-bfaa-91a0a46f8f04{ip: 192.168.36.117, host: pr-hdds-2020-f8xxz-1899867831, networkLocation: /default-rack, certSerialId: null}, Type:RATIS, Factor:THREE, State:CLOSED]
2019-09-20 04:28:30,416 [EventQueue-StaleNodeForStaleNodeHandler] INFO  node.StaleNodeHandler (StaleNodeHandler.java:onMessage(58)) - Datanode 5774142b-6609-48be-a0aa-2b86d80616d7{ip: 192.168.36.117, host: pr-hdds-2020-f8xxz-1899867831, networkLocation: /default-rack, certSerialId: null} moved to stale state. Finalizing its pipelines [PipelineID=e5260401-73af-4b5b-9117-c723c3ea02ff, PipelineID=8a25bea9-452c-478d-bfe5-008919b733f2]
2019-09-20 04:28:30,416 [EventQueue-StaleNodeForStaleNodeHandler] INFO  pipeline.SCMPipelineManager (SCMPipelineManager.java:finalizeAndDestroyPipeline(315)) - destroying pipeline:Pipeline[ Id: e5260401-73af-4b5b-9117-c723c3ea02ff, Nodes: 5774142b-6609-48be-a0aa-2b86d80616d7{ip: 192.168.36.117, host: pr-hdds-2020-f8xxz-1899867831, networkLocation: /default-rack, certSerialId: null}57dd0c4b-d993-4460-b414-e8b0694b8fa2{ip: 192.168.36.117, host: pr-hdds-2020-f8xxz-1899867831, networkLocation: /default-rack, certSerialId: null}f3d3ef81-bd10-470c-864d-686e6ffdda49{ip: 192.168.36.117, host: pr-hdds-2020-f8xxz-1899867831, networkLocation: /default-rack, certSerialId: null}, Type:RATIS, Factor:THREE, State:CLOSED]
2019-09-20 04:28:30,416 [EventQueue-StaleNodeForStaleNodeHandler] INFO  pipeline.SCMPipelineManager (SCMPipelineManager.java:finalizeAndDestroyPipeline(315)) - destroying pipeline:Pipeline[ Id: 8a25bea9-452c-478d-bfe5-008919b733f2, Nodes: 5774142b-6609-48be-a0aa-2b86d80616d7{ip: 192.168.36.117, host: pr-hdds-2020-f8xxz-1899867831, networkLocation: /default-rack, certSerialId: null}, Type:RATIS, Factor:ONE, State:OPEN]
2019-09-20 04:28:30,417 [EventQueue-StaleNodeForStaleNodeHandler] INFO  pipeline.PipelineStateManager (PipelineStateManager.java:finalizePipeline(123)) - Pipeline Pipeline[ Id: 8a25bea9-452c-478d-bfe5-008919b733f2, Nodes: 5774142b-6609-48be-a0aa-2b86d80616d7{ip: 192.168.36.117, host: pr-hdds-2020-f8xxz-1899867831, networkLocation: /default-rack, certSerialId: null}, Type:RATIS, Factor:ONE, State:CLOSED] moved to CLOSED state
2019-09-20 04:28:30,847 [main] INFO  ozoneimpl.OzoneContainer (OzoneContainer.java:stop(231)) - Attempting to stop container services.
2019-09-20 04:28:30,852 [main] INFO  impl.RaftServerProxy (RaftServerProxy.java:lambda$close$4(314)) - 5774142b-6609-48be-a0aa-2b86d80616d7: close
2019-09-20 04:28:30,852 [main] INFO  impl.RaftServerImpl (RaftServerImpl.java:lambda$shutdown$3(251)) - 5774142b-6609-48be-a0aa-2b86d80616d7@group-C723C3EA02FF: shutdown
2019-09-20 04:28:30,853 [main] INFO  util.JmxRegister (JmxRegister.java:unregister(73)) - Successfully un-registered JMX Bean with object name Ratis:service=RaftServer,group=group-C723C3EA02FF,id=5774142b-6609-48be-a0aa-2b86d80616d7
2019-09-20 04:28:30,853 [main] INFO  impl.RoleInfo (RoleInfo.java:shutdownFollowerState(121)) - 5774142b-6609-48be-a0aa-2b86d80616d7: shutdown FollowerState
2019-09-20 04:28:30,854 [main] INFO  impl.StateMachineUpdater (StateMachineUpdater.java:stopAndJoin(125)) - 5774142b-6609-48be-a0aa-2b86d80616d7@group-C723C3EA02FF-StateMachineUpdater: set stopIndex = 14
2019-09-20 04:28:30,854 [Thread-3156] INFO  impl.FollowerState (FollowerState.java:run(115)) - 5774142b-6609-48be-a0aa-2b86d80616d7: FollowerState was interrupted: java.lang.InterruptedException: sleep interrupted
2019-09-20 04:28:30,854 [5774142b-6609-48be-a0aa-2b86d80616d7@group-C723C3EA02FF-StateMachineUpdater] INFO  ratis.ContainerStateMachine (ContainerStateMachine.java:takeSnapshot(289)) - group-C723C3EA02FF: Taking a snapshot at:(t:1, i:12) file /workdir/hadoop-ozone/integration-test/target/test-dir/MiniOzoneClusterImpl-aafe4fbf-76b3-435f-8185-881063bd6d24/datanode-5/data/ratis/e5260401-73af-4b5b-9117-c723c3ea02ff/sm/snapshot.1_12
2019-09-20 04:28:30,889 [5774142b-6609-48be-a0aa-2b86d80616d7@group-C723C3EA02FF-StateMachineUpdater] INFO  ratis.ContainerStateMachine (ContainerStateMachine.java:takeSnapshot(300)) - group-C723C3EA02FF: Finished taking a snapshot at:(t:1, i:12) file:/workdir/hadoop-ozone/integration-test/target/test-dir/MiniOzoneClusterImpl-aafe4fbf-76b3-435f-8185-881063bd6d24/datanode-5/data/ratis/e5260401-73af-4b5b-9117-c723c3ea02ff/sm/snapshot.1_12 time:35
2019-09-20 04:28:30,890 [5774142b-6609-48be-a0aa-2b86d80616d7@group-C723C3EA02FF-StateMachineUpdater] INFO  impl.StateMachineUpdater (StateMachineUpdater.java:takeSnapshot(258)) - 5774142b-6609-48be-a0aa-2b86d80616d7@group-C723C3EA02FF-StateMachineUpdater: Took a snapshot at index 12
2019-09-20 04:28:30,890 [5774142b-6609-48be-a0aa-2b86d80616d7@group-C723C3EA02FF-StateMachineUpdater] INFO  impl.StateMachineUpdater (StateMachineUpdater.java:lambda$new$0(83)) - 5774142b-6609-48be-a0aa-2b86d80616d7@group-C723C3EA02FF-StateMachineUpdater: snapshotIndex: updateIncreasingly -1 -> 12
2019-09-20 04:28:30,890 [5774142b-6609-48be-a0aa-2b86d80616d7@group-C723C3EA02FF-StateMachineUpdater] INFO  ratis.ContainerStateMachine (ContainerStateMachine.java:takeSnapshot(289)) - group-C723C3EA02FF: Taking a snapshot at:(t:1, i:12) file /workdir/hadoop-ozone/integration-test/target/test-dir/MiniOzoneClusterImpl-aafe4fbf-76b3-435f-8185-881063bd6d24/datanode-5/data/ratis/e5260401-73af-4b5b-9117-c723c3ea02ff/sm/snapshot.1_12
2019-09-20 04:28:30,923 [5774142b-6609-48be-a0aa-2b86d80616d7@group-C723C3EA02FF-StateMachineUpdater] INFO  ratis.ContainerStateMachine (ContainerStateMachine.java:takeSnapshot(300)) - group-C723C3EA02FF: Finished taking a snapshot at:(t:1, i:12) file:/workdir/hadoop-ozone/integration-test/target/test-dir/MiniOzoneClusterImpl-aafe4fbf-76b3-435f-8185-881063bd6d24/datanode-5/data/ratis/e5260401-73af-4b5b-9117-c723c3ea02ff/sm/snapshot.1_12 time:33
2019-09-20 04:28:30,923 [5774142b-6609-48be-a0aa-2b86d80616d7@group-C723C3EA02FF-StateMachineUpdater] INFO  impl.StateMachineUpdater (StateMachineUpdater.java:takeSnapshot(258)) - 5774142b-6609-48be-a0aa-2b86d80616d7@group-C723C3EA02FF-StateMachineUpdater: Took a snapshot at index 12
2019-09-20 04:28:30,923 [5774142b-6609-48be-a0aa-2b86d80616d7@group-C723C3EA02FF-StateMachineUpdater] INFO  impl.StateMachineUpdater (StateMachineUpdater.java:lambda$new$0(83)) - 5774142b-6609-48be-a0aa-2b86d80616d7@group-C723C3EA02FF-StateMachineUpdater: snapshotIndex: updateIncreasingly 12 -> 12
2019-09-20 04:28:30,923 [main] INFO  impl.RaftServerImpl (ServerState.java:close(385)) - 5774142b-6609-48be-a0aa-2b86d80616d7@group-C723C3EA02FF: closes. applyIndex: 14
2019-09-20 04:28:30,924 [ForkJoinPool.commonPool-worker-1] INFO  ozoneimpl.OzoneContainer (OzoneContainer.java:stop(231)) - Attempting to stop container services.
2019-09-20 04:28:30,924 [ForkJoinPool.commonPool-worker-1] INFO  impl.RaftServerProxy (RaftServerProxy.java:lambda$close$4(314)) - 425133b3-490d-4f01-bfaa-91a0a46f8f04: close
2019-09-20 04:28:30,924 [5774142b-6609-48be-a0aa-2b86d80616d7@group-C723C3EA02FF-SegmentedRaftLogWorker] INFO  segmented.SegmentedRaftLogWorker (SegmentedRaftLogWorker.java:run(313)) - 5774142b-6609-48be-a0aa-2b86d80616d7@group-C723C3EA02FF-SegmentedRaftLogWorker was interrupted, exiting. There are 0 tasks remaining in the queue.
2019-09-20 04:28:30,924 [ForkJoinPool.commonPool-worker-1] INFO  impl.RaftServerImpl (RaftServerImpl.java:lambda$shutdown$3(251)) - 425133b3-490d-4f01-bfaa-91a0a46f8f04@group-3B204FB62F9D: shutdown
2019-09-20 04:28:30,926 [ForkJoinPool.commonPool-worker-1] INFO  util.JmxRegister (JmxRegister.java:unregister(73)) - Successfully un-registered JMX Bean with object name Ratis:service=RaftServer,group=group-3B204FB62F9D,id=425133b3-490d-4f01-bfaa-91a0a46f8f04
2019-09-20 04:28:30,927 [main] INFO  segmented.SegmentedRaftLogWorker (SegmentedRaftLogWorker.java:close(228)) - 5774142b-6609-48be-a0aa-2b86d80616d7@group-C723C3EA02FF-SegmentedRaftLogWorker close()
2019-09-20 04:28:30,927 [ForkJoinPool.commonPool-worker-1] INFO  impl.RoleInfo (RoleInfo.java:shutdownLeaderState(104)) - 425133b3-490d-4f01-bfaa-91a0a46f8f04: shutdown LeaderState
2019-09-20 04:28:30,930 [main] INFO  impl.RaftServerImpl (RaftServerImpl.java:lambda$shutdown$3(251)) - 5774142b-6609-48be-a0aa-2b86d80616d7@group-008919B733F2: shutdown
2019-09-20 04:28:30,930 [ForkJoinPool.commonPool-worker-1] INFO  impl.PendingRequests (PendingRequests.java:sendNotLeaderResponses(202)) - 425133b3-490d-4f01-bfaa-91a0a46f8f04-PendingRequests: sendNotLeaderResponses
2019-09-20 04:28:30,930 [main] INFO  util.JmxRegister (JmxRegister.java:unregister(73)) - Successfully un-registered JMX Bean with object name Ratis:service=RaftServer,group=group-008919B733F2,id=5774142b-6609-48be-a0aa-2b86d80616d7
2019-09-20 04:28:30,931 [ForkJoinPool.commonPool-worker-1] INFO  impl.StateMachineUpdater (StateMachineUpdater.java:stopAndJoin(125)) - 425133b3-490d-4f01-bfaa-91a0a46f8f04@group-3B204FB62F9D-StateMachineUpdater: set stopIndex = 0
2019-09-20 04:28:30,931 [main] INFO  impl.RoleInfo (RoleInfo.java:shutdownLeaderState(104)) - 5774142b-6609-48be-a0aa-2b86d80616d7: shutdown LeaderState
2019-09-20 04:28:30,931 [ForkJoinPool.commonPool-worker-1] INFO  impl.RaftServerImpl (ServerState.java:close(385)) - 425133b3-490d-4f01-bfaa-91a0a46f8f04@group-3B204FB62F9D: closes. applyIndex: 0
2019-09-20 04:28:30,931 [main] INFO  impl.PendingRequests (PendingRequests.java:sendNotLeaderResponses(202)) - 5774142b-6609-48be-a0aa-2b86d80616d7-PendingRequests: sendNotLeaderResponses
2019-09-20 04:28:30,932 [425133b3-490d-4f01-bfaa-91a0a46f8f04@group-3B204FB62F9D-SegmentedRaftLogWorker] INFO  segmented.SegmentedRaftLogWorker (SegmentedRaftLogWorker.java:run(313)) - 425133b3-490d-4f01-bfaa-91a0a46f8f04@group-3B204FB62F9D-SegmentedRaftLogWorker was interrupted, exiting. There are 0 tasks remaining in the queue.
2019-09-20 04:28:30,932 [main] INFO  impl.StateMachineUpdater (StateMachineUpdater.java:stopAndJoin(125)) - 5774142b-6609-48be-a0aa-2b86d80616d7@group-008919B733F2-StateMachineUpdater: set stopIndex = 0
2019-09-20 04:28:30,934 [ForkJoinPool.commonPool-worker-1] INFO  segmented.SegmentedRaftLogWorker (SegmentedRaftLogWorker.java:close(228)) - 425133b3-490d-4f01-bfaa-91a0a46f8f04@group-3B204FB62F9D-SegmentedRaftLogWorker close()
2019-09-20 04:28:30,934 [main] INFO  impl.RaftServerImpl (ServerState.java:close(385)) - 5774142b-6609-48be-a0aa-2b86d80616d7@group-008919B733F2: closes. applyIndex: 0
2019-09-20 04:28:30,937 [ForkJoinPool.commonPool-worker-1] INFO  impl.RaftServerImpl (RaftServerImpl.java:lambda$shutdown$3(251)) - 425133b3-490d-4f01-bfaa-91a0a46f8f04@group-C5836D743F5B: shutdown
2019-09-20 04:28:30,937 [5774142b-6609-48be-a0aa-2b86d80616d7@group-008919B733F2-SegmentedRaftLogWorker] INFO  segmented.SegmentedRaftLogWorker (SegmentedRaftLogWorker.java:run(313)) - 5774142b-6609-48be-a0aa-2b86d80616d7@group-008919B733F2-SegmentedRaftLogWorker was interrupted, exiting. There are 0 tasks remaining in the queue.
2019-09-20 04:28:30,937 [ForkJoinPool.commonPool-worker-1] INFO  util.JmxRegister (JmxRegister.java:unregister(73)) - Successfully un-registered JMX Bean with object name Ratis:service=RaftServer,group=group-C5836D743F5B,id=425133b3-490d-4f01-bfaa-91a0a46f8f04
2019-09-20 04:28:30,939 [main] INFO  segmented.SegmentedRaftLogWorker (SegmentedRaftLogWorker.java:close(228)) - 5774142b-6609-48be-a0aa-2b86d80616d7@group-008919B733F2-SegmentedRaftLogWorker close()
2019-09-20 04:28:30,939 [ForkJoinPool.commonPool-worker-1] INFO  impl.RoleInfo (RoleInfo.java:shutdownFollowerState(121)) - 425133b3-490d-4f01-bfaa-91a0a46f8f04: shutdown FollowerState
2019-09-20 04:28:30,952 [main] INFO  server.GrpcService (GrpcService.java:closeImpl(164)) - 5774142b-6609-48be-a0aa-2b86d80616d7: shutdown server with port 34201 now
2019-09-20 04:28:30,952 [425133b3-490d-4f01-bfaa-91a0a46f8f04@group-C5836D743F5B-StateMachineUpdater] INFO  ratis.ContainerStateMachine (ContainerStateMachine.java:takeSnapshot(289)) - group-C5836D743F5B: Taking a snapshot at:(t:1, i:14) file /workdir/hadoop-ozone/integration-test/target/test-dir/MiniOzoneClusterImpl-aafe4fbf-76b3-435f-8185-881063bd6d24/datanode-0/data/ratis/54114e84-fa76-49d7-8d4e-c5836d743f5b/sm/snapshot.1_14
2019-09-20 04:28:30,952 [Thread-3349] INFO  impl.FollowerState (FollowerState.java:run(115)) - 425133b3-490d-4f01-bfaa-91a0a46f8f04: FollowerState was interrupted: java.lang.InterruptedException: sleep interrupted
2019-09-20 04:28:30,952 [ForkJoinPool.commonPool-worker-1] INFO  impl.StateMachineUpdater (StateMachineUpdater.java:stopAndJoin(125)) - 425133b3-490d-4f01-bfaa-91a0a46f8f04@group-C5836D743F5B-StateMachineUpdater: set stopIndex = 18
2019-09-20 04:28:30,954 [main] INFO  server.GrpcService (GrpcService.java:closeImpl(172)) - 5774142b-6609-48be-a0aa-2b86d80616d7: shutdown server with port 34201 successfully
2019-09-20 04:28:30,960 [refreshUsed-/workdir/hadoop-ozone/integration-test/target/test-dir/MiniOzoneClusterImpl-aafe4fbf-76b3-435f-8185-881063bd6d24/datanode-5/data/containers] WARN  fs.CachingGetSpaceUsed (CachingGetSpaceUsed.java:run(183)) - Thread Interrupted waiting to refresh disk information: sleep interrupted
2019-09-20 04:28:30,980 [main] INFO  utils.BackgroundService (BackgroundService.java:shutdown(148)) - Shutting down service BlockDeletingService
2019-09-20 04:28:30,982 [425133b3-490d-4f01-bfaa-91a0a46f8f04@group-C5836D743F5B-StateMachineUpdater] INFO  ratis.ContainerStateMachine (ContainerStateMachine.java:takeSnapshot(300)) - group-C5836D743F5B: Finished taking a snapshot at:(t:1, i:14) file:/workdir/hadoop-ozone/integration-test/target/test-dir/MiniOzoneClusterImpl-aafe4fbf-76b3-435f-8185-881063bd6d24/datanode-0/data/ratis/54114e84-fa76-49d7-8d4e-c5836d743f5b/sm/snapshot.1_14 time:30
2019-09-20 04:28:30,985 [425133b3-490d-4f01-bfaa-91a0a46f8f04@group-C5836D743F5B-StateMachineUpdater] INFO  impl.StateMachineUpdater (StateMachineUpdater.java:takeSnapshot(258)) - 425133b3-490d-4f01-bfaa-91a0a46f8f04@group-C5836D743F5B-StateMachineUpdater: Took a snapshot at index 14
2019-09-20 04:28:30,985 [425133b3-490d-4f01-bfaa-91a0a46f8f04@group-C5836D743F5B-StateMachineUpdater] INFO  impl.StateMachineUpdater (StateMachineUpdater.java:lambda$new$0(83)) - 425133b3-490d-4f01-bfaa-91a0a46f8f04@group-C5836D743F5B-StateMachineUpdater: snapshotIndex: updateIncreasingly -1 -> 14
2019-09-20 04:28:30,986 [main] INFO  statemachine.DatanodeStateMachine (DatanodeStateMachine.java:stopDaemon(395)) - Ozone container server stopped.
2019-09-20 04:28:30,986 [425133b3-490d-4f01-bfaa-91a0a46f8f04@group-C5836D743F5B-StateMachineUpdater] INFO  ratis.ContainerStateMachine (ContainerStateMachine.java:takeSnapshot(289)) - group-C5836D743F5B: Taking a snapshot at:(t:1, i:14) file /workdir/hadoop-ozone/integration-test/target/test-dir/MiniOzoneClusterImpl-aafe4fbf-76b3-435f-8185-881063bd6d24/datanode-0/data/ratis/54114e84-fa76-49d7-8d4e-c5836d743f5b/sm/snapshot.1_14
2019-09-20 04:28:30,988 [main] INFO  handler.ContextHandler (ContextHandler.java:doStop(910)) - Stopped o.e.j.w.WebAppContext@9b2dc56{/,null,UNAVAILABLE}{/hddsDatanode}
2019-09-20 04:28:30,989 [main] INFO  server.AbstractConnector (AbstractConnector.java:doStop(318)) - Stopped ServerConnector@621f23ac{HTTP/1.1,[http/1.1]}{0.0.0.0:0}
2019-09-20 04:28:30,990 [main] INFO  handler.ContextHandler (ContextHandler.java:doStop(910)) - Stopped o.e.j.s.ServletContextHandler@7d50f2a8{/static,jar:file:/home/user/.m2/repository/org/apache/hadoop/hadoop-hdds-container-service/0.5.0-SNAPSHOT/hadoop-hdds-container-service-0.5.0-SNAPSHOT.jar!/webapps/static,UNAVAILABLE}
2019-09-20 04:28:30,990 [main] INFO  handler.ContextHandler (ContextHandler.java:doStop(910)) - Stopped o.e.j.s.ServletContextHandler@66713605{/logs,file:///workdir/hadoop-ozone/integration-test/target/log,UNAVAILABLE}
2019-09-20 04:28:31,007 [425133b3-490d-4f01-bfaa-91a0a46f8f04@group-C5836D743F5B-StateMachineUpdater] INFO  ratis.ContainerStateMachine (ContainerStateMachine.java:takeSnapshot(300)) - group-C5836D743F5B: Finished taking a snapshot at:(t:1, i:14) file:/workdir/hadoop-ozone/integration-test/target/test-dir/MiniOzoneClusterImpl-aafe4fbf-76b3-435f-8185-881063bd6d24/datanode-0/data/ratis/54114e84-fa76-49d7-8d4e-c5836d743f5b/sm/snapshot.1_14 time:21
2019-09-20 04:28:31,007 [425133b3-490d-4f01-bfaa-91a0a46f8f04@group-C5836D743F5B-StateMachineUpdater] INFO  impl.StateMachineUpdater (StateMachineUpdater.java:takeSnapshot(258)) - 425133b3-490d-4f01-bfaa-91a0a46f8f04@group-C5836D743F5B-StateMachineUpdater: Took a snapshot at index 14
2019-09-20 04:28:31,007 [425133b3-490d-4f01-bfaa-91a0a46f8f04@group-C5836D743F5B-StateMachineUpdater] INFO  impl.StateMachineUpdater (StateMachineUpdater.java:lambda$new$0(83)) - 425133b3-490d-4f01-bfaa-91a0a46f8f04@group-C5836D743F5B-StateMachineUpdater: snapshotIndex: updateIncreasingly 14 -> 14
2019-09-20 04:28:31,008 [ForkJoinPool.commonPool-worker-1] INFO  impl.RaftServerImpl (ServerState.java:close(385)) - 425133b3-490d-4f01-bfaa-91a0a46f8f04@group-C5836D743F5B: closes. applyIndex: 18
2019-09-20 04:28:31,008 [425133b3-490d-4f01-bfaa-91a0a46f8f04@group-C5836D743F5B-SegmentedRaftLogWorker] INFO  segmented.SegmentedRaftLogWorker (SegmentedRaftLogWorker.java:run(313)) - 425133b3-490d-4f01-bfaa-91a0a46f8f04@group-C5836D743F5B-SegmentedRaftLogWorker was interrupted, exiting. There are 0 tasks remaining in the queue.
2019-09-20 04:28:31,008 [ForkJoinPool.commonPool-worker-1] INFO  segmented.SegmentedRaftLogWorker (SegmentedRaftLogWorker.java:close(228)) - 425133b3-490d-4f01-bfaa-91a0a46f8f04@group-C5836D743F5B-SegmentedRaftLogWorker close()
2019-09-20 04:28:31,009 [ForkJoinPool.commonPool-worker-1] INFO  server.GrpcService (GrpcService.java:closeImpl(164)) - 425133b3-490d-4f01-bfaa-91a0a46f8f04: shutdown server with port 39086 now
2019-09-20 04:28:31,010 [ForkJoinPool.commonPool-worker-1] INFO  server.GrpcService (GrpcService.java:closeImpl(172)) - 425133b3-490d-4f01-bfaa-91a0a46f8f04: shutdown server with port 39086 successfully
2019-09-20 04:28:31,012 [refreshUsed-/workdir/hadoop-ozone/integration-test/target/test-dir/MiniOzoneClusterImpl-aafe4fbf-76b3-435f-8185-881063bd6d24/datanode-0/data/containers] WARN  fs.CachingGetSpaceUsed (CachingGetSpaceUsed.java:run(183)) - Thread Interrupted waiting to refresh disk information: sleep interrupted
2019-09-20 04:28:31,033 [ForkJoinPool.commonPool-worker-1] INFO  utils.BackgroundService (BackgroundService.java:shutdown(148)) - Shutting down service BlockDeletingService
2019-09-20 04:28:31,036 [ForkJoinPool.commonPool-worker-1] INFO  statemachine.DatanodeStateMachine (DatanodeStateMachine.java:stopDaemon(395)) - Ozone container server stopped.
2019-09-20 04:28:31,039 [ForkJoinPool.commonPool-worker-1] INFO  handler.ContextHandler (ContextHandler.java:doStop(910)) - Stopped o.e.j.w.WebAppContext@58d4238e{/,null,UNAVAILABLE}{/hddsDatanode}
2019-09-20 04:28:31,040 [ForkJoinPool.commonPool-worker-1] INFO  server.AbstractConnector (AbstractConnector.java:doStop(318)) - Stopped ServerConnector@72a8361b{HTTP/1.1,[http/1.1]}{0.0.0.0:0}
2019-09-20 04:28:31,043 [ForkJoinPool.commonPool-worker-1] INFO  handler.ContextHandler (ContextHandler.java:doStop(910)) - Stopped o.e.j.s.ServletContextHandler@28768e25{/static,jar:file:/home/user/.m2/repository/org/apache/hadoop/hadoop-hdds-container-service/0.5.0-SNAPSHOT/hadoop-hdds-container-service-0.5.0-SNAPSHOT.jar!/webapps/static,UNAVAILABLE}
2019-09-20 04:28:31,043 [ForkJoinPool.commonPool-worker-1] INFO  handler.ContextHandler (ContextHandler.java:doStop(910)) - Stopped o.e.j.s.ServletContextHandler@595f9916{/logs,file:///workdir/hadoop-ozone/integration-test/target/log,UNAVAILABLE}
2019-09-20 04:28:31,045 [main] INFO  ozone.MiniOzoneClusterImpl (MiniOzoneClusterImpl.java:stop(344)) - Stopping the StorageContainerManager
2019-09-20 04:28:31,045 [main] INFO  server.StorageContainerManager (StorageContainerManager.java:stop(808)) - Stopping Replication Manager Service.
2019-09-20 04:28:31,045 [main] INFO  container.ReplicationManager (ReplicationManager.java:stop(203)) - Stopping Replication Monitor Thread.
2019-09-20 04:28:31,045 [main] INFO  server.StorageContainerManager (StorageContainerManager.java:stop(815)) - Stopping Lease Manager of the command watchers
2019-09-20 04:28:31,046 [main] INFO  server.StorageContainerManager (StorageContainerManager.java:stop(822)) - Stopping datanode service RPC server
2019-09-20 04:28:31,046 [main] INFO  server.SCMDatanodeProtocolServer (SCMDatanodeProtocolServer.java:stop(367)) - Stopping the RPC server for DataNodes
2019-09-20 04:28:31,046 [main] INFO  ipc.Server (Server.java:stop(3082)) - Stopping server on 34476
2019-09-20 04:28:31,049 [IPC Server listener on 34476] INFO  ipc.Server (Server.java:run(1185)) - Stopping IPC Server listener on 34476
2019-09-20 04:28:31,049 [IPC Server Responder] INFO  ipc.Server (Server.java:run(1319)) - Stopping IPC Server Responder
2019-09-20 04:28:31,117 [SCM Heartbeat Processing Thread - 0] WARN  node.NodeStateManager (NodeStateManager.java:scheduleNextHealthCheck(646)) - Current Thread is interrupted, shutting down HB processing thread for Node Manager.
2019-09-20 04:28:31,117 [main] INFO  server.StorageContainerManager (StorageContainerManager.java:stop(830)) - Stopping block service RPC server
2019-09-20 04:28:31,118 [main] INFO  server.SCMBlockProtocolServer (SCMBlockProtocolServer.java:stop(155)) - Stopping the RPC server for Block Protocol
2019-09-20 04:28:31,118 [main] INFO  ipc.Server (Server.java:stop(3082)) - Stopping server on 40713
2019-09-20 04:28:31,120 [IPC Server listener on 40713] INFO  ipc.Server (Server.java:run(1185)) - Stopping IPC Server listener on 40713
2019-09-20 04:28:31,120 [main] INFO  server.StorageContainerManager (StorageContainerManager.java:stop(837)) - Stopping the StorageContainerLocationProtocol RPC server
2019-09-20 04:28:31,121 [main] INFO  server.SCMClientProtocolServer (SCMClientProtocolServer.java:stop(159)) - Stopping the RPC server for Client Protocol
2019-09-20 04:28:31,122 [main] INFO  ipc.Server (Server.java:stop(3082)) - Stopping server on 37164
2019-09-20 04:28:31,121 [IPC Server Responder] INFO  ipc.Server (Server.java:run(1319)) - Stopping IPC Server Responder
2019-09-20 04:28:31,125 [IPC Server listener on 37164] INFO  ipc.Server (Server.java:run(1185)) - Stopping IPC Server listener on 37164
2019-09-20 04:28:31,125 [main] INFO  server.StorageContainerManager (StorageContainerManager.java:stop(844)) - Stopping Storage Container Manager HTTP server.
2019-09-20 04:28:31,125 [IPC Server Responder] INFO  ipc.Server (Server.java:run(1319)) - Stopping IPC Server Responder
2019-09-20 04:28:31,128 [main] INFO  handler.ContextHandler (ContextHandler.java:doStop(910)) - Stopped o.e.j.w.WebAppContext@599f1b7{/,null,UNAVAILABLE}{/scm}
2019-09-20 04:28:31,128 [main] INFO  server.AbstractConnector (AbstractConnector.java:doStop(318)) - Stopped ServerConnector@22791b75{HTTP/1.1,[http/1.1]}{0.0.0.0:0}
2019-09-20 04:28:31,128 [main] INFO  handler.ContextHandler (ContextHandler.java:doStop(910)) - Stopped o.e.j.s.ServletContextHandler@691567ea{/static,file:///workdir/hadoop-ozone/integration-test/target/test-classes/webapps/static,UNAVAILABLE}
2019-09-20 04:28:31,129 [main] INFO  handler.ContextHandler (ContextHandler.java:doStop(910)) - Stopped o.e.j.s.ServletContextHandler@11f23038{/logs,file:///workdir/hadoop-ozone/integration-test/target/log,UNAVAILABLE}
2019-09-20 04:28:31,129 [main] INFO  server.StorageContainerManager (StorageContainerManager.java:stop(855)) - Stopping Block Manager Service.
2019-09-20 04:28:31,130 [main] INFO  utils.BackgroundService (BackgroundService.java:shutdown(148)) - Shutting down service SCMBlockDeletingService
2019-09-20 04:28:31,130 [main] INFO  utils.BackgroundService (BackgroundService.java:shutdown(148)) - Shutting down service SCMBlockDeletingService
2019-09-20 04:28:31,130 [main] INFO  server.StorageContainerManager (StorageContainerManager.java:stop(877)) - Stopping SCM Event Queue.
2019-09-20 04:28:31,135 [main] INFO  impl.MetricsSystemImpl (MetricsSystemImpl.java:stop(210)) - Stopping HddsDatanode metrics system...
2019-09-20 04:28:31,157 [main] INFO  impl.MetricsSystemImpl (MetricsSystemImpl.java:stop(216)) - HddsDatanode metrics system stopped.
]]></system-out>
    <system-err><![CDATA[Sep 20, 2019 4:28:06 AM org.apache.ratis.thirdparty.io.grpc.internal.ManagedChannelOrphanWrapper$ManagedChannelReference cleanQueue
SEVERE: *~*~*~ Channel ManagedChannelImpl{logId=2836, target=192.168.36.117:45760} was not shutdown properly!!! ~*~*~*
    Make sure to call shutdown()/shutdownNow() and wait until awaitTermination() returns true.
java.lang.RuntimeException: ManagedChannel allocation site
	at org.apache.ratis.thirdparty.io.grpc.internal.ManagedChannelOrphanWrapper$ManagedChannelReference.<init>(ManagedChannelOrphanWrapper.java:103)
	at org.apache.ratis.thirdparty.io.grpc.internal.ManagedChannelOrphanWrapper.<init>(ManagedChannelOrphanWrapper.java:53)
	at org.apache.ratis.thirdparty.io.grpc.internal.ManagedChannelOrphanWrapper.<init>(ManagedChannelOrphanWrapper.java:44)
	at org.apache.ratis.thirdparty.io.grpc.internal.AbstractManagedChannelImplBuilder.build(AbstractManagedChannelImplBuilder.java:411)
	at org.apache.hadoop.hdds.scm.XceiverClientGrpc.connectToDatanode(XceiverClientGrpc.java:181)
	at org.apache.hadoop.hdds.scm.XceiverClientGrpc.reconnect(XceiverClientGrpc.java:429)
	at org.apache.hadoop.hdds.scm.XceiverClientGrpc.sendCommandAsync(XceiverClientGrpc.java:378)
	at org.apache.hadoop.hdds.scm.XceiverClientGrpc.sendCommandWithRetry(XceiverClientGrpc.java:291)
	at org.apache.hadoop.hdds.scm.XceiverClientGrpc.sendCommandWithTraceIDAndRetry(XceiverClientGrpc.java:257)
	at org.apache.hadoop.hdds.scm.XceiverClientGrpc.sendCommand(XceiverClientGrpc.java:240)
	at org.apache.hadoop.hdds.scm.storage.ContainerProtocolCalls.getBlock(ContainerProtocolCalls.java:118)
	at org.apache.hadoop.hdds.scm.storage.BlockInputStream.getChunkInfos(BlockInputStream.java:167)
	at org.apache.hadoop.hdds.scm.storage.BlockInputStream.initialize(BlockInputStream.java:118)
	at org.apache.hadoop.hdds.scm.storage.BlockInputStream.read(BlockInputStream.java:222)
	at org.apache.hadoop.ozone.client.io.KeyInputStream.read(KeyInputStream.java:171)
	at org.apache.hadoop.ozone.client.io.OzoneInputStream.read(OzoneInputStream.java:47)
	at java.io.InputStream.read(InputStream.java:101)
	at org.apache.hadoop.ozone.container.ContainerTestHelper.validateData(ContainerTestHelper.java:714)
	at org.apache.hadoop.ozone.client.rpc.TestBlockOutputStreamWithFailures.validateData(TestBlockOutputStreamWithFailures.java:1216)
	at org.apache.hadoop.ozone.client.rpc.TestBlockOutputStreamWithFailures.testDatanodeFailureWithSingleNodeRatis(TestBlockOutputStreamWithFailures.java:1058)
	at sun.reflect.NativeMethodAccessorImpl.invoke0(Native Method)
	at sun.reflect.NativeMethodAccessorImpl.invoke(NativeMethodAccessorImpl.java:62)
	at sun.reflect.DelegatingMethodAccessorImpl.invoke(DelegatingMethodAccessorImpl.java:43)
	at java.lang.reflect.Method.invoke(Method.java:498)
	at org.junit.runners.model.FrameworkMethod$1.runReflectiveCall(FrameworkMethod.java:47)
	at org.junit.internal.runners.model.ReflectiveCallable.run(ReflectiveCallable.java:12)
	at org.junit.runners.model.FrameworkMethod.invokeExplosively(FrameworkMethod.java:44)
	at org.junit.internal.runners.statements.InvokeMethod.evaluate(InvokeMethod.java:17)
	at org.junit.internal.runners.statements.RunBefores.evaluate(RunBefores.java:26)
	at org.junit.internal.runners.statements.RunAfters.evaluate(RunAfters.java:27)
	at org.junit.runners.ParentRunner.runLeaf(ParentRunner.java:271)
	at org.junit.runners.BlockJUnit4ClassRunner.runChild(BlockJUnit4ClassRunner.java:70)
	at org.junit.runners.BlockJUnit4ClassRunner.runChild(BlockJUnit4ClassRunner.java:50)
	at org.junit.runners.ParentRunner$3.run(ParentRunner.java:238)
	at org.junit.runners.ParentRunner$1.schedule(ParentRunner.java:63)
	at org.junit.runners.ParentRunner.runChildren(ParentRunner.java:236)
	at org.junit.runners.ParentRunner.access$000(ParentRunner.java:53)
	at org.junit.runners.ParentRunner$2.evaluate(ParentRunner.java:229)
	at org.junit.runners.ParentRunner.run(ParentRunner.java:309)
	at org.apache.maven.surefire.junit4.JUnit4Provider.execute(JUnit4Provider.java:365)
	at org.apache.maven.surefire.junit4.JUnit4Provider.executeWithRerun(JUnit4Provider.java:273)
	at org.apache.maven.surefire.junit4.JUnit4Provider.executeTestSet(JUnit4Provider.java:238)
	at org.apache.maven.surefire.junit4.JUnit4Provider.invoke(JUnit4Provider.java:159)
	at org.apache.maven.surefire.booter.ForkedBooter.invokeProviderInSameClassLoader(ForkedBooter.java:384)
	at org.apache.maven.surefire.booter.ForkedBooter.runSuitesInProcess(ForkedBooter.java:345)
	at org.apache.maven.surefire.booter.ForkedBooter.execute(ForkedBooter.java:126)
	at org.apache.maven.surefire.booter.ForkedBooter.main(ForkedBooter.java:418)

Sep 20, 2019 4:28:06 AM org.apache.ratis.thirdparty.io.grpc.internal.ManagedChannelOrphanWrapper$ManagedChannelReference cleanQueue
SEVERE: *~*~*~ Channel ManagedChannelImpl{logId=3014, target=192.168.36.117:44604} was not shutdown properly!!! ~*~*~*
    Make sure to call shutdown()/shutdownNow() and wait until awaitTermination() returns true.
java.lang.RuntimeException: ManagedChannel allocation site
	at org.apache.ratis.thirdparty.io.grpc.internal.ManagedChannelOrphanWrapper$ManagedChannelReference.<init>(ManagedChannelOrphanWrapper.java:103)
	at org.apache.ratis.thirdparty.io.grpc.internal.ManagedChannelOrphanWrapper.<init>(ManagedChannelOrphanWrapper.java:53)
	at org.apache.ratis.thirdparty.io.grpc.internal.ManagedChannelOrphanWrapper.<init>(ManagedChannelOrphanWrapper.java:44)
	at org.apache.ratis.thirdparty.io.grpc.internal.AbstractManagedChannelImplBuilder.build(AbstractManagedChannelImplBuilder.java:411)
	at org.apache.ratis.grpc.client.GrpcClientProtocolClient.<init>(GrpcClientProtocolClient.java:127)
	at org.apache.ratis.grpc.client.GrpcClientRpc.lambda$new$0(GrpcClientRpc.java:55)
	at org.apache.ratis.util.PeerProxyMap$PeerAndProxy.lambda$getProxy$0(PeerProxyMap.java:61)
	at org.apache.ratis.util.LifeCycle.startAndTransition(LifeCycle.java:202)
	at org.apache.ratis.util.PeerProxyMap$PeerAndProxy.getProxy(PeerProxyMap.java:60)
	at org.apache.ratis.util.PeerProxyMap.getProxy(PeerProxyMap.java:108)
	at org.apache.ratis.grpc.client.GrpcClientRpc.sendRequestAsync(GrpcClientRpc.java:66)
	at org.apache.ratis.client.impl.OrderedAsync.sendRequest(OrderedAsync.java:208)
	at org.apache.ratis.client.impl.OrderedAsync.sendRequestWithRetry(OrderedAsync.java:169)
	at org.apache.ratis.util.SlidingWindow$Client.sendOrDelayRequest(SlidingWindow.java:278)
	at org.apache.ratis.util.SlidingWindow$Client.retry(SlidingWindow.java:294)
	at org.apache.ratis.client.impl.OrderedAsync.lambda$scheduleWithTimeout$7(OrderedAsync.java:195)
	at org.apache.ratis.util.TimeoutScheduler.lambda$onTimeout$0(TimeoutScheduler.java:113)
	at org.apache.ratis.util.TimeoutScheduler.lambda$onTimeout$1(TimeoutScheduler.java:133)
	at org.apache.ratis.util.LogUtils.runAndLog(LogUtils.java:50)
	at org.apache.ratis.util.LogUtils$1.run(LogUtils.java:91)
	at java.util.concurrent.Executors$RunnableAdapter.call(Executors.java:511)
	at java.util.concurrent.FutureTask.run(FutureTask.java:266)
	at java.util.concurrent.ScheduledThreadPoolExecutor$ScheduledFutureTask.access$201(ScheduledThreadPoolExecutor.java:180)
	at java.util.concurrent.ScheduledThreadPoolExecutor$ScheduledFutureTask.run(ScheduledThreadPoolExecutor.java:293)
	at java.util.concurrent.ThreadPoolExecutor.runWorker(ThreadPoolExecutor.java:1149)
	at java.util.concurrent.ThreadPoolExecutor$Worker.run(ThreadPoolExecutor.java:624)
	at java.lang.Thread.run(Thread.java:748)

Sep 20, 2019 4:28:06 AM org.apache.ratis.thirdparty.io.grpc.internal.ManagedChannelOrphanWrapper$ManagedChannelReference cleanQueue
SEVERE: *~*~*~ Channel ManagedChannelImpl{logId=3024, target=192.168.36.117:36920} was not shutdown properly!!! ~*~*~*
    Make sure to call shutdown()/shutdownNow() and wait until awaitTermination() returns true.
java.lang.RuntimeException: ManagedChannel allocation site
	at org.apache.ratis.thirdparty.io.grpc.internal.ManagedChannelOrphanWrapper$ManagedChannelReference.<init>(ManagedChannelOrphanWrapper.java:103)
	at org.apache.ratis.thirdparty.io.grpc.internal.ManagedChannelOrphanWrapper.<init>(ManagedChannelOrphanWrapper.java:53)
	at org.apache.ratis.thirdparty.io.grpc.internal.ManagedChannelOrphanWrapper.<init>(ManagedChannelOrphanWrapper.java:44)
	at org.apache.ratis.thirdparty.io.grpc.internal.AbstractManagedChannelImplBuilder.build(AbstractManagedChannelImplBuilder.java:411)
	at org.apache.hadoop.hdds.scm.XceiverClientGrpc.connectToDatanode(XceiverClientGrpc.java:181)
	at org.apache.hadoop.hdds.scm.XceiverClientGrpc.reconnect(XceiverClientGrpc.java:429)
	at org.apache.hadoop.hdds.scm.XceiverClientGrpc.sendCommandAsync(XceiverClientGrpc.java:378)
	at org.apache.hadoop.hdds.scm.XceiverClientGrpc.sendCommandWithRetry(XceiverClientGrpc.java:291)
	at org.apache.hadoop.hdds.scm.XceiverClientGrpc.sendCommandWithTraceIDAndRetry(XceiverClientGrpc.java:257)
	at org.apache.hadoop.hdds.scm.XceiverClientGrpc.sendCommand(XceiverClientGrpc.java:240)
	at org.apache.hadoop.hdds.scm.storage.ContainerProtocolCalls.getBlock(ContainerProtocolCalls.java:118)
	at org.apache.hadoop.hdds.scm.storage.BlockInputStream.getChunkInfos(BlockInputStream.java:167)
	at org.apache.hadoop.hdds.scm.storage.BlockInputStream.initialize(BlockInputStream.java:118)
	at org.apache.hadoop.hdds.scm.storage.BlockInputStream.read(BlockInputStream.java:222)
	at org.apache.hadoop.ozone.client.io.KeyInputStream.read(KeyInputStream.java:171)
	at org.apache.hadoop.ozone.client.io.OzoneInputStream.read(OzoneInputStream.java:47)
	at java.io.InputStream.read(InputStream.java:101)
	at org.apache.hadoop.ozone.container.ContainerTestHelper.validateData(ContainerTestHelper.java:714)
	at org.apache.hadoop.ozone.client.rpc.TestBlockOutputStreamWithFailures.validateData(TestBlockOutputStreamWithFailures.java:1216)
	at org.apache.hadoop.ozone.client.rpc.TestBlockOutputStreamWithFailures.testWatchForCommitWithSingleNodeRatis(TestBlockOutputStreamWithFailures.java:918)
	at sun.reflect.NativeMethodAccessorImpl.invoke0(Native Method)
	at sun.reflect.NativeMethodAccessorImpl.invoke(NativeMethodAccessorImpl.java:62)
	at sun.reflect.DelegatingMethodAccessorImpl.invoke(DelegatingMethodAccessorImpl.java:43)
	at java.lang.reflect.Method.invoke(Method.java:498)
	at org.junit.runners.model.FrameworkMethod$1.runReflectiveCall(FrameworkMethod.java:47)
	at org.junit.internal.runners.model.ReflectiveCallable.run(ReflectiveCallable.java:12)
	at org.junit.runners.model.FrameworkMethod.invokeExplosively(FrameworkMethod.java:44)
	at org.junit.internal.runners.statements.InvokeMethod.evaluate(InvokeMethod.java:17)
	at org.junit.internal.runners.statements.RunBefores.evaluate(RunBefores.java:26)
	at org.junit.internal.runners.statements.RunAfters.evaluate(RunAfters.java:27)
	at org.junit.runners.ParentRunner.runLeaf(ParentRunner.java:271)
	at org.junit.runners.BlockJUnit4ClassRunner.runChild(BlockJUnit4ClassRunner.java:70)
	at org.junit.runners.BlockJUnit4ClassRunner.runChild(BlockJUnit4ClassRunner.java:50)
	at org.junit.runners.ParentRunner$3.run(ParentRunner.java:238)
	at org.junit.runners.ParentRunner$1.schedule(ParentRunner.java:63)
	at org.junit.runners.ParentRunner.runChildren(ParentRunner.java:236)
	at org.junit.runners.ParentRunner.access$000(ParentRunner.java:53)
	at org.junit.runners.ParentRunner$2.evaluate(ParentRunner.java:229)
	at org.junit.runners.ParentRunner.run(ParentRunner.java:309)
	at org.apache.maven.surefire.junit4.JUnit4Provider.execute(JUnit4Provider.java:365)
	at org.apache.maven.surefire.junit4.JUnit4Provider.executeWithRerun(JUnit4Provider.java:273)
	at org.apache.maven.surefire.junit4.JUnit4Provider.executeTestSet(JUnit4Provider.java:238)
	at org.apache.maven.surefire.junit4.JUnit4Provider.invoke(JUnit4Provider.java:159)
	at org.apache.maven.surefire.booter.ForkedBooter.invokeProviderInSameClassLoader(ForkedBooter.java:384)
	at org.apache.maven.surefire.booter.ForkedBooter.runSuitesInProcess(ForkedBooter.java:345)
	at org.apache.maven.surefire.booter.ForkedBooter.execute(ForkedBooter.java:126)
	at org.apache.maven.surefire.booter.ForkedBooter.main(ForkedBooter.java:418)

Sep 20, 2019 4:28:06 AM org.apache.ratis.thirdparty.io.grpc.internal.ManagedChannelOrphanWrapper$ManagedChannelReference cleanQueue
SEVERE: *~*~*~ Channel ManagedChannelImpl{logId=3029, target=192.168.36.117:41865} was not shutdown properly!!! ~*~*~*
    Make sure to call shutdown()/shutdownNow() and wait until awaitTermination() returns true.
java.lang.RuntimeException: ManagedChannel allocation site
	at org.apache.ratis.thirdparty.io.grpc.internal.ManagedChannelOrphanWrapper$ManagedChannelReference.<init>(ManagedChannelOrphanWrapper.java:103)
	at org.apache.ratis.thirdparty.io.grpc.internal.ManagedChannelOrphanWrapper.<init>(ManagedChannelOrphanWrapper.java:53)
	at org.apache.ratis.thirdparty.io.grpc.internal.ManagedChannelOrphanWrapper.<init>(ManagedChannelOrphanWrapper.java:44)
	at org.apache.ratis.thirdparty.io.grpc.internal.AbstractManagedChannelImplBuilder.build(AbstractManagedChannelImplBuilder.java:411)
	at org.apache.hadoop.hdds.scm.XceiverClientGrpc.connectToDatanode(XceiverClientGrpc.java:181)
	at org.apache.hadoop.hdds.scm.XceiverClientGrpc.reconnect(XceiverClientGrpc.java:429)
	at org.apache.hadoop.hdds.scm.XceiverClientGrpc.sendCommandAsync(XceiverClientGrpc.java:378)
	at org.apache.hadoop.hdds.scm.XceiverClientGrpc.sendCommandWithRetry(XceiverClientGrpc.java:291)
	at org.apache.hadoop.hdds.scm.XceiverClientGrpc.sendCommandWithTraceIDAndRetry(XceiverClientGrpc.java:257)
	at org.apache.hadoop.hdds.scm.XceiverClientGrpc.sendCommand(XceiverClientGrpc.java:240)
	at org.apache.hadoop.hdds.scm.storage.ContainerProtocolCalls.getBlock(ContainerProtocolCalls.java:118)
	at org.apache.hadoop.hdds.scm.storage.BlockInputStream.getChunkInfos(BlockInputStream.java:167)
	at org.apache.hadoop.hdds.scm.storage.BlockInputStream.initialize(BlockInputStream.java:118)
	at org.apache.hadoop.hdds.scm.storage.BlockInputStream.read(BlockInputStream.java:222)
	at org.apache.hadoop.ozone.client.io.KeyInputStream.read(KeyInputStream.java:171)
	at org.apache.hadoop.ozone.client.io.OzoneInputStream.read(OzoneInputStream.java:47)
	at java.io.InputStream.read(InputStream.java:101)
	at org.apache.hadoop.ozone.container.ContainerTestHelper.validateData(ContainerTestHelper.java:714)
	at org.apache.hadoop.ozone.client.rpc.TestBlockOutputStreamWithFailures.validateData(TestBlockOutputStreamWithFailures.java:1216)
	at org.apache.hadoop.ozone.client.rpc.TestBlockOutputStreamWithFailures.testWatchForCommitWithSingleNodeRatis(TestBlockOutputStreamWithFailures.java:918)
	at sun.reflect.NativeMethodAccessorImpl.invoke0(Native Method)
	at sun.reflect.NativeMethodAccessorImpl.invoke(NativeMethodAccessorImpl.java:62)
	at sun.reflect.DelegatingMethodAccessorImpl.invoke(DelegatingMethodAccessorImpl.java:43)
	at java.lang.reflect.Method.invoke(Method.java:498)
	at org.junit.runners.model.FrameworkMethod$1.runReflectiveCall(FrameworkMethod.java:47)
	at org.junit.internal.runners.model.ReflectiveCallable.run(ReflectiveCallable.java:12)
	at org.junit.runners.model.FrameworkMethod.invokeExplosively(FrameworkMethod.java:44)
	at org.junit.internal.runners.statements.InvokeMethod.evaluate(InvokeMethod.java:17)
	at org.junit.internal.runners.statements.RunBefores.evaluate(RunBefores.java:26)
	at org.junit.internal.runners.statements.RunAfters.evaluate(RunAfters.java:27)
	at org.junit.runners.ParentRunner.runLeaf(ParentRunner.java:271)
	at org.junit.runners.BlockJUnit4ClassRunner.runChild(BlockJUnit4ClassRunner.java:70)
	at org.junit.runners.BlockJUnit4ClassRunner.runChild(BlockJUnit4ClassRunner.java:50)
	at org.junit.runners.ParentRunner$3.run(ParentRunner.java:238)
	at org.junit.runners.ParentRunner$1.schedule(ParentRunner.java:63)
	at org.junit.runners.ParentRunner.runChildren(ParentRunner.java:236)
	at org.junit.runners.ParentRunner.access$000(ParentRunner.java:53)
	at org.junit.runners.ParentRunner$2.evaluate(ParentRunner.java:229)
	at org.junit.runners.ParentRunner.run(ParentRunner.java:309)
	at org.apache.maven.surefire.junit4.JUnit4Provider.execute(JUnit4Provider.java:365)
	at org.apache.maven.surefire.junit4.JUnit4Provider.executeWithRerun(JUnit4Provider.java:273)
	at org.apache.maven.surefire.junit4.JUnit4Provider.executeTestSet(JUnit4Provider.java:238)
	at org.apache.maven.surefire.junit4.JUnit4Provider.invoke(JUnit4Provider.java:159)
	at org.apache.maven.surefire.booter.ForkedBooter.invokeProviderInSameClassLoader(ForkedBooter.java:384)
	at org.apache.maven.surefire.booter.ForkedBooter.runSuitesInProcess(ForkedBooter.java:345)
	at org.apache.maven.surefire.booter.ForkedBooter.execute(ForkedBooter.java:126)
	at org.apache.maven.surefire.booter.ForkedBooter.main(ForkedBooter.java:418)

Sep 20, 2019 4:28:06 AM org.apache.ratis.thirdparty.io.grpc.internal.ManagedChannelOrphanWrapper$ManagedChannelReference cleanQueue
SEVERE: *~*~*~ Channel ManagedChannelImpl{logId=3019, target=192.168.36.117:45827} was not shutdown properly!!! ~*~*~*
    Make sure to call shutdown()/shutdownNow() and wait until awaitTermination() returns true.
java.lang.RuntimeException: ManagedChannel allocation site
	at org.apache.ratis.thirdparty.io.grpc.internal.ManagedChannelOrphanWrapper$ManagedChannelReference.<init>(ManagedChannelOrphanWrapper.java:103)
	at org.apache.ratis.thirdparty.io.grpc.internal.ManagedChannelOrphanWrapper.<init>(ManagedChannelOrphanWrapper.java:53)
	at org.apache.ratis.thirdparty.io.grpc.internal.ManagedChannelOrphanWrapper.<init>(ManagedChannelOrphanWrapper.java:44)
	at org.apache.ratis.thirdparty.io.grpc.internal.AbstractManagedChannelImplBuilder.build(AbstractManagedChannelImplBuilder.java:411)
	at org.apache.ratis.grpc.client.GrpcClientProtocolClient.<init>(GrpcClientProtocolClient.java:127)
	at org.apache.ratis.grpc.client.GrpcClientRpc.lambda$new$0(GrpcClientRpc.java:55)
	at org.apache.ratis.util.PeerProxyMap$PeerAndProxy.lambda$getProxy$0(PeerProxyMap.java:61)
	at org.apache.ratis.util.LifeCycle.startAndTransition(LifeCycle.java:202)
	at org.apache.ratis.util.PeerProxyMap$PeerAndProxy.getProxy(PeerProxyMap.java:60)
	at org.apache.ratis.util.PeerProxyMap.getProxy(PeerProxyMap.java:108)
	at org.apache.ratis.grpc.client.GrpcClientRpc.sendRequestAsync(GrpcClientRpc.java:66)
	at org.apache.ratis.client.impl.OrderedAsync.sendRequest(OrderedAsync.java:208)
	at org.apache.ratis.client.impl.OrderedAsync.sendRequestWithRetry(OrderedAsync.java:169)
	at org.apache.ratis.util.SlidingWindow$Client.sendOrDelayRequest(SlidingWindow.java:278)
	at org.apache.ratis.util.SlidingWindow$Client.submitNewRequest(SlidingWindow.java:257)
	at org.apache.ratis.client.impl.OrderedAsync.send(OrderedAsync.java:155)
	at org.apache.ratis.client.impl.RaftClientImpl.sendAsync(RaftClientImpl.java:144)
	at org.apache.ratis.client.impl.RaftClientImpl.sendAsync(RaftClientImpl.java:124)
	at org.apache.hadoop.hdds.scm.XceiverClientRatis.sendRequestAsync(XceiverClientRatis.java:234)
	at org.apache.hadoop.hdds.scm.XceiverClientRatis.sendCommandAsync(XceiverClientRatis.java:332)
	at org.apache.hadoop.hdds.scm.storage.ContainerProtocolCalls.writeChunkAsync(ContainerProtocolCalls.java:310)
	at org.apache.hadoop.hdds.scm.storage.BlockOutputStream.writeChunkToContainer(BlockOutputStream.java:601)
	at org.apache.hadoop.hdds.scm.storage.BlockOutputStream.writeChunk(BlockOutputStream.java:459)
	at org.apache.hadoop.hdds.scm.storage.BlockOutputStream.writeOnRetry(BlockOutputStream.java:285)
	at org.apache.hadoop.ozone.client.io.BlockOutputStreamEntry.writeOnRetry(BlockOutputStreamEntry.java:200)
	at org.apache.hadoop.ozone.client.io.KeyOutputStream.handleWrite(KeyOutputStream.java:206)
	at org.apache.hadoop.ozone.client.io.KeyOutputStream.handleRetry(KeyOutputStream.java:375)
	at org.apache.hadoop.ozone.client.io.KeyOutputStream.handleException(KeyOutputStream.java:324)
	at org.apache.hadoop.ozone.client.io.KeyOutputStream.handleFlushOrClose(KeyOutputStream.java:449)
	at org.apache.hadoop.ozone.client.io.KeyOutputStream.handleWrite(KeyOutputStream.java:232)
	at org.apache.hadoop.ozone.client.io.KeyOutputStream.write(KeyOutputStream.java:190)
	at org.apache.hadoop.ozone.client.io.OzoneOutputStream.write(OzoneOutputStream.java:49)
	at java.io.OutputStream.write(OutputStream.java:75)
	at org.apache.hadoop.ozone.client.rpc.TestBlockOutputStreamWithFailures.testWatchForCommitWithSingleNodeRatis(TestBlockOutputStreamWithFailures.java:885)
	at sun.reflect.NativeMethodAccessorImpl.invoke0(Native Method)
	at sun.reflect.NativeMethodAccessorImpl.invoke(NativeMethodAccessorImpl.java:62)
	at sun.reflect.DelegatingMethodAccessorImpl.invoke(DelegatingMethodAccessorImpl.java:43)
	at java.lang.reflect.Method.invoke(Method.java:498)
	at org.junit.runners.model.FrameworkMethod$1.runReflectiveCall(FrameworkMethod.java:47)
	at org.junit.internal.runners.model.ReflectiveCallable.run(ReflectiveCallable.java:12)
	at org.junit.runners.model.FrameworkMethod.invokeExplosively(FrameworkMethod.java:44)
	at org.junit.internal.runners.statements.InvokeMethod.evaluate(InvokeMethod.java:17)
	at org.junit.internal.runners.statements.RunBefores.evaluate(RunBefores.java:26)
	at org.junit.internal.runners.statements.RunAfters.evaluate(RunAfters.java:27)
	at org.junit.runners.ParentRunner.runLeaf(ParentRunner.java:271)
	at org.junit.runners.BlockJUnit4ClassRunner.runChild(BlockJUnit4ClassRunner.java:70)
	at org.junit.runners.BlockJUnit4ClassRunner.runChild(BlockJUnit4ClassRunner.java:50)
	at org.junit.runners.ParentRunner$3.run(ParentRunner.java:238)
	at org.junit.runners.ParentRunner$1.schedule(ParentRunner.java:63)
	at org.junit.runners.ParentRunner.runChildren(ParentRunner.java:236)
	at org.junit.runners.ParentRunner.access$000(ParentRunner.java:53)
	at org.junit.runners.ParentRunner$2.evaluate(ParentRunner.java:229)
	at org.junit.runners.ParentRunner.run(ParentRunner.java:309)
	at org.apache.maven.surefire.junit4.JUnit4Provider.execute(JUnit4Provider.java:365)
	at org.apache.maven.surefire.junit4.JUnit4Provider.executeWithRerun(JUnit4Provider.java:273)
	at org.apache.maven.surefire.junit4.JUnit4Provider.executeTestSet(JUnit4Provider.java:238)
	at org.apache.maven.surefire.junit4.JUnit4Provider.invoke(JUnit4Provider.java:159)
	at org.apache.maven.surefire.booter.ForkedBooter.invokeProviderInSameClassLoader(ForkedBooter.java:384)
	at org.apache.maven.surefire.booter.ForkedBooter.runSuitesInProcess(ForkedBooter.java:345)
	at org.apache.maven.surefire.booter.ForkedBooter.execute(ForkedBooter.java:126)
	at org.apache.maven.surefire.booter.ForkedBooter.main(ForkedBooter.java:418)

Sep 20, 2019 4:28:06 AM org.apache.ratis.thirdparty.io.grpc.internal.ManagedChannelOrphanWrapper$ManagedChannelReference cleanQueue
SEVERE: *~*~*~ Channel ManagedChannelImpl{logId=2841, target=192.168.36.117:34541} was not shutdown properly!!! ~*~*~*
    Make sure to call shutdown()/shutdownNow() and wait until awaitTermination() returns true.
java.lang.RuntimeException: ManagedChannel allocation site
	at org.apache.ratis.thirdparty.io.grpc.internal.ManagedChannelOrphanWrapper$ManagedChannelReference.<init>(ManagedChannelOrphanWrapper.java:103)
	at org.apache.ratis.thirdparty.io.grpc.internal.ManagedChannelOrphanWrapper.<init>(ManagedChannelOrphanWrapper.java:53)
	at org.apache.ratis.thirdparty.io.grpc.internal.ManagedChannelOrphanWrapper.<init>(ManagedChannelOrphanWrapper.java:44)
	at org.apache.ratis.thirdparty.io.grpc.internal.AbstractManagedChannelImplBuilder.build(AbstractManagedChannelImplBuilder.java:411)
	at org.apache.hadoop.hdds.scm.XceiverClientGrpc.connectToDatanode(XceiverClientGrpc.java:181)
	at org.apache.hadoop.hdds.scm.XceiverClientGrpc.reconnect(XceiverClientGrpc.java:429)
	at org.apache.hadoop.hdds.scm.XceiverClientGrpc.sendCommandAsync(XceiverClientGrpc.java:378)
	at org.apache.hadoop.hdds.scm.XceiverClientGrpc.sendCommandWithRetry(XceiverClientGrpc.java:291)
	at org.apache.hadoop.hdds.scm.XceiverClientGrpc.sendCommandWithTraceIDAndRetry(XceiverClientGrpc.java:257)
	at org.apache.hadoop.hdds.scm.XceiverClientGrpc.sendCommand(XceiverClientGrpc.java:240)
	at org.apache.hadoop.hdds.scm.storage.ContainerProtocolCalls.getBlock(ContainerProtocolCalls.java:118)
	at org.apache.hadoop.hdds.scm.storage.BlockInputStream.getChunkInfos(BlockInputStream.java:167)
	at org.apache.hadoop.hdds.scm.storage.BlockInputStream.initialize(BlockInputStream.java:118)
	at org.apache.hadoop.hdds.scm.storage.BlockInputStream.read(BlockInputStream.java:222)
	at org.apache.hadoop.ozone.client.io.KeyInputStream.read(KeyInputStream.java:171)
	at org.apache.hadoop.ozone.client.io.OzoneInputStream.read(OzoneInputStream.java:47)
	at java.io.InputStream.read(InputStream.java:101)
	at org.apache.hadoop.ozone.container.ContainerTestHelper.validateData(ContainerTestHelper.java:714)
	at org.apache.hadoop.ozone.client.rpc.TestBlockOutputStreamWithFailures.validateData(TestBlockOutputStreamWithFailures.java:1216)
	at org.apache.hadoop.ozone.client.rpc.TestBlockOutputStreamWithFailures.testDatanodeFailureWithSingleNodeRatis(TestBlockOutputStreamWithFailures.java:1058)
	at sun.reflect.NativeMethodAccessorImpl.invoke0(Native Method)
	at sun.reflect.NativeMethodAccessorImpl.invoke(NativeMethodAccessorImpl.java:62)
	at sun.reflect.DelegatingMethodAccessorImpl.invoke(DelegatingMethodAccessorImpl.java:43)
	at java.lang.reflect.Method.invoke(Method.java:498)
	at org.junit.runners.model.FrameworkMethod$1.runReflectiveCall(FrameworkMethod.java:47)
	at org.junit.internal.runners.model.ReflectiveCallable.run(ReflectiveCallable.java:12)
	at org.junit.runners.model.FrameworkMethod.invokeExplosively(FrameworkMethod.java:44)
	at org.junit.internal.runners.statements.InvokeMethod.evaluate(InvokeMethod.java:17)
	at org.junit.internal.runners.statements.RunBefores.evaluate(RunBefores.java:26)
	at org.junit.internal.runners.statements.RunAfters.evaluate(RunAfters.java:27)
	at org.junit.runners.ParentRunner.runLeaf(ParentRunner.java:271)
	at org.junit.runners.BlockJUnit4ClassRunner.runChild(BlockJUnit4ClassRunner.java:70)
	at org.junit.runners.BlockJUnit4ClassRunner.runChild(BlockJUnit4ClassRunner.java:50)
	at org.junit.runners.ParentRunner$3.run(ParentRunner.java:238)
	at org.junit.runners.ParentRunner$1.schedule(ParentRunner.java:63)
	at org.junit.runners.ParentRunner.runChildren(ParentRunner.java:236)
	at org.junit.runners.ParentRunner.access$000(ParentRunner.java:53)
	at org.junit.runners.ParentRunner$2.evaluate(ParentRunner.java:229)
	at org.junit.runners.ParentRunner.run(ParentRunner.java:309)
	at org.apache.maven.surefire.junit4.JUnit4Provider.execute(JUnit4Provider.java:365)
	at org.apache.maven.surefire.junit4.JUnit4Provider.executeWithRerun(JUnit4Provider.java:273)
	at org.apache.maven.surefire.junit4.JUnit4Provider.executeTestSet(JUnit4Provider.java:238)
	at org.apache.maven.surefire.junit4.JUnit4Provider.invoke(JUnit4Provider.java:159)
	at org.apache.maven.surefire.booter.ForkedBooter.invokeProviderInSameClassLoader(ForkedBooter.java:384)
	at org.apache.maven.surefire.booter.ForkedBooter.runSuitesInProcess(ForkedBooter.java:345)
	at org.apache.maven.surefire.booter.ForkedBooter.execute(ForkedBooter.java:126)
	at org.apache.maven.surefire.booter.ForkedBooter.main(ForkedBooter.java:418)

Sep 20, 2019 4:28:06 AM org.apache.ratis.thirdparty.io.grpc.internal.ManagedChannelOrphanWrapper$ManagedChannelReference cleanQueue
SEVERE: *~*~*~ Channel ManagedChannelImpl{logId=2807, target=192.168.36.117:38790} was not shutdown properly!!! ~*~*~*
    Make sure to call shutdown()/shutdownNow() and wait until awaitTermination() returns true.
java.lang.RuntimeException: ManagedChannel allocation site
	at org.apache.ratis.thirdparty.io.grpc.internal.ManagedChannelOrphanWrapper$ManagedChannelReference.<init>(ManagedChannelOrphanWrapper.java:103)
	at org.apache.ratis.thirdparty.io.grpc.internal.ManagedChannelOrphanWrapper.<init>(ManagedChannelOrphanWrapper.java:53)
	at org.apache.ratis.thirdparty.io.grpc.internal.ManagedChannelOrphanWrapper.<init>(ManagedChannelOrphanWrapper.java:44)
	at org.apache.ratis.thirdparty.io.grpc.internal.AbstractManagedChannelImplBuilder.build(AbstractManagedChannelImplBuilder.java:411)
	at org.apache.ratis.grpc.client.GrpcClientProtocolClient.<init>(GrpcClientProtocolClient.java:127)
	at org.apache.ratis.grpc.client.GrpcClientRpc.lambda$new$0(GrpcClientRpc.java:55)
	at org.apache.ratis.util.PeerProxyMap$PeerAndProxy.lambda$getProxy$0(PeerProxyMap.java:61)
	at org.apache.ratis.util.LifeCycle.startAndTransition(LifeCycle.java:202)
	at org.apache.ratis.util.PeerProxyMap$PeerAndProxy.getProxy(PeerProxyMap.java:60)
	at org.apache.ratis.util.PeerProxyMap.getProxy(PeerProxyMap.java:108)
	at org.apache.ratis.grpc.client.GrpcClientRpc.sendRequestAsync(GrpcClientRpc.java:66)
	at org.apache.ratis.client.impl.OrderedAsync.sendRequest(OrderedAsync.java:208)
	at org.apache.ratis.client.impl.OrderedAsync.sendRequestWithRetry(OrderedAsync.java:169)
	at org.apache.ratis.util.SlidingWindow$Client.sendOrDelayRequest(SlidingWindow.java:278)
	at org.apache.ratis.util.SlidingWindow$Client.submitNewRequest(SlidingWindow.java:257)
	at org.apache.ratis.client.impl.OrderedAsync.send(OrderedAsync.java:155)
	at org.apache.ratis.client.impl.RaftClientImpl.sendAsync(RaftClientImpl.java:144)
	at org.apache.ratis.client.impl.RaftClientImpl.sendAsync(RaftClientImpl.java:124)
	at org.apache.hadoop.hdds.scm.XceiverClientRatis.sendRequestAsync(XceiverClientRatis.java:234)
	at org.apache.hadoop.hdds.scm.XceiverClientRatis.sendCommandAsync(XceiverClientRatis.java:332)
	at org.apache.hadoop.hdds.scm.storage.ContainerProtocolCalls.writeChunkAsync(ContainerProtocolCalls.java:310)
	at org.apache.hadoop.hdds.scm.storage.BlockOutputStream.writeChunkToContainer(BlockOutputStream.java:601)
	at org.apache.hadoop.hdds.scm.storage.BlockOutputStream.writeChunk(BlockOutputStream.java:459)
	at org.apache.hadoop.hdds.scm.storage.BlockOutputStream.writeOnRetry(BlockOutputStream.java:285)
	at org.apache.hadoop.ozone.client.io.BlockOutputStreamEntry.writeOnRetry(BlockOutputStreamEntry.java:200)
	at org.apache.hadoop.ozone.client.io.KeyOutputStream.handleWrite(KeyOutputStream.java:206)
	at org.apache.hadoop.ozone.client.io.KeyOutputStream.handleRetry(KeyOutputStream.java:375)
	at org.apache.hadoop.ozone.client.io.KeyOutputStream.handleException(KeyOutputStream.java:324)
	at org.apache.hadoop.ozone.client.io.KeyOutputStream.handleFlushOrClose(KeyOutputStream.java:449)
	at org.apache.hadoop.ozone.client.io.KeyOutputStream.handleWrite(KeyOutputStream.java:232)
	at org.apache.hadoop.ozone.client.io.KeyOutputStream.write(KeyOutputStream.java:190)
	at org.apache.hadoop.ozone.client.io.OzoneOutputStream.write(OzoneOutputStream.java:49)
	at java.io.OutputStream.write(OutputStream.java:75)
	at org.apache.hadoop.ozone.client.rpc.TestBlockOutputStreamWithFailures.testDatanodeFailureWithSingleNodeRatis(TestBlockOutputStreamWithFailures.java:1021)
	at sun.reflect.NativeMethodAccessorImpl.invoke0(Native Method)
	at sun.reflect.NativeMethodAccessorImpl.invoke(NativeMethodAccessorImpl.java:62)
	at sun.reflect.DelegatingMethodAccessorImpl.invoke(DelegatingMethodAccessorImpl.java:43)
	at java.lang.reflect.Method.invoke(Method.java:498)
	at org.junit.runners.model.FrameworkMethod$1.runReflectiveCall(FrameworkMethod.java:47)
	at org.junit.internal.runners.model.ReflectiveCallable.run(ReflectiveCallable.java:12)
	at org.junit.runners.model.FrameworkMethod.invokeExplosively(FrameworkMethod.java:44)
	at org.junit.internal.runners.statements.InvokeMethod.evaluate(InvokeMethod.java:17)
	at org.junit.internal.runners.statements.RunBefores.evaluate(RunBefores.java:26)
	at org.junit.internal.runners.statements.RunAfters.evaluate(RunAfters.java:27)
	at org.junit.runners.ParentRunner.runLeaf(ParentRunner.java:271)
	at org.junit.runners.BlockJUnit4ClassRunner.runChild(BlockJUnit4ClassRunner.java:70)
	at org.junit.runners.BlockJUnit4ClassRunner.runChild(BlockJUnit4ClassRunner.java:50)
	at org.junit.runners.ParentRunner$3.run(ParentRunner.java:238)
	at org.junit.runners.ParentRunner$1.schedule(ParentRunner.java:63)
	at org.junit.runners.ParentRunner.runChildren(ParentRunner.java:236)
	at org.junit.runners.ParentRunner.access$000(ParentRunner.java:53)
	at org.junit.runners.ParentRunner$2.evaluate(ParentRunner.java:229)
	at org.junit.runners.ParentRunner.run(ParentRunner.java:309)
	at org.apache.maven.surefire.junit4.JUnit4Provider.execute(JUnit4Provider.java:365)
	at org.apache.maven.surefire.junit4.JUnit4Provider.executeWithRerun(JUnit4Provider.java:273)
	at org.apache.maven.surefire.junit4.JUnit4Provider.executeTestSet(JUnit4Provider.java:238)
	at org.apache.maven.surefire.junit4.JUnit4Provider.invoke(JUnit4Provider.java:159)
	at org.apache.maven.surefire.booter.ForkedBooter.invokeProviderInSameClassLoader(ForkedBooter.java:384)
	at org.apache.maven.surefire.booter.ForkedBooter.runSuitesInProcess(ForkedBooter.java:345)
	at org.apache.maven.surefire.booter.ForkedBooter.execute(ForkedBooter.java:126)
	at org.apache.maven.surefire.booter.ForkedBooter.main(ForkedBooter.java:418)

Sep 20, 2019 4:28:20 AM org.apache.ratis.thirdparty.io.grpc.internal.SerializingExecutor run
SEVERE: Exception while executing runnable org.apache.ratis.thirdparty.io.grpc.internal.ServerImpl$JumpToApplicationThreadServerStreamListener$1Closed@28bd1ecd
org.apache.ratis.thirdparty.io.grpc.StatusRuntimeException: CANCELLED: call already cancelled
	at org.apache.ratis.thirdparty.io.grpc.Status.asRuntimeException(Status.java:517)
	at org.apache.ratis.thirdparty.io.grpc.stub.ServerCalls$ServerCallStreamObserverImpl.onCompleted(ServerCalls.java:356)
	at org.apache.ratis.grpc.server.GrpcServerProtocolService$ServerRequestStreamObserver.onError(GrpcServerProtocolService.java:121)
	at org.apache.ratis.thirdparty.io.grpc.stub.ServerCalls$StreamingServerCallHandler$StreamingServerCallListener.onCancel(ServerCalls.java:269)
	at org.apache.ratis.thirdparty.io.grpc.internal.ServerCallImpl$ServerStreamListenerImpl.closed(ServerCallImpl.java:293)
	at org.apache.ratis.thirdparty.io.grpc.internal.ServerImpl$JumpToApplicationThreadServerStreamListener$1Closed.runInContext(ServerImpl.java:741)
	at org.apache.ratis.thirdparty.io.grpc.internal.ContextRunnable.run(ContextRunnable.java:37)
	at org.apache.ratis.thirdparty.io.grpc.internal.SerializingExecutor.run(SerializingExecutor.java:123)
	at java.util.concurrent.ThreadPoolExecutor.runWorker(ThreadPoolExecutor.java:1149)
	at java.util.concurrent.ThreadPoolExecutor$Worker.run(ThreadPoolExecutor.java:624)
	at java.lang.Thread.run(Thread.java:748)

]]></system-err>
  </testcase>
  <testcase name="testFailureWithPrimeSizedData" classname="org.apache.hadoop.ozone.client.rpc.TestBlockOutputStreamWithFailures" time="34.809"/>
  <testcase name="testWatchForCommitWithCloseContainerException" classname="org.apache.hadoop.ozone.client.rpc.TestBlockOutputStreamWithFailures" time="34.382"/>
  <testcase name="testExceptionDuringClose" classname="org.apache.hadoop.ozone.client.rpc.TestBlockOutputStreamWithFailures" time="36.095"/>
</testsuite>