<?xml version="1.0" encoding="UTF-8"?>
<testsuite xmlns:xsi="http://www.w3.org/2001/XMLSchema-instance" xsi:noNamespaceSchemaLocation="https://maven.apache.org/surefire/maven-surefire-plugin/xsd/surefire-test-report.xsd" name="org.apache.hadoop.ozone.client.rpc.TestWatchForCommit" time="253.415" tests="5" errors="1" skipped="0" failures="0">
  <properties>
    <property name="awt.toolkit" value="sun.awt.X11.XToolkit"/>
    <property name="file.encoding.pkg" value="sun.io"/>
    <property name="java.specification.version" value="1.8"/>
    <property name="sun.cpu.isalist" value=""/>
    <property name="sun.jnu.encoding" value="UTF-8"/>
    <property name="java.class.path" value="/workdir/hadoop-ozone/integration-test/target/test-classes:/workdir/hadoop-ozone/integration-test/target/classes:/home/user/.m2/repository/org/apache/hadoop/hadoop-ozone-common/0.5.0-SNAPSHOT/hadoop-ozone-common-0.5.0-SNAPSHOT.jar:/home/user/.m2/repository/org/apache/commons/commons-compress/1.4.1/commons-compress-1.4.1.jar:/home/user/.m2/repository/org/tukaani/xz/1.0/xz-1.0.jar:/home/user/.m2/repository/org/apache/hadoop/hadoop-common/3.2.0/hadoop-common-3.2.0.jar:/home/user/.m2/repository/org/apache/hadoop/hadoop-hdfs/3.2.0/hadoop-hdfs-3.2.0.jar:/home/user/.m2/repository/org/apache/hadoop/hadoop-hdfs-client/3.2.0/hadoop-hdfs-client-3.2.0.jar:/home/user/.m2/repository/com/fasterxml/jackson/core/jackson-annotations/2.9.9/jackson-annotations-2.9.9.jar:/home/user/.m2/repository/org/apache/hadoop/hadoop-hdds-common/0.5.0-SNAPSHOT/hadoop-hdds-common-0.5.0-SNAPSHOT.jar:/home/user/.m2/repository/javax/annotation/javax.annotation-api/1.2/javax.annotation-api-1.2.jar:/home/user/.m2/repository/org/apache/ratis/ratis-server/0.4.0-78e95b9-SNAPSHOT/ratis-server-0.4.0-78e95b9-SNAPSHOT.jar:/home/user/.m2/repository/org/apache/ratis/ratis-thirdparty-misc/0.2.0/ratis-thirdparty-misc-0.2.0.jar:/home/user/.m2/repository/org/apache/ratis/ratis-proto/0.4.0-78e95b9-SNAPSHOT/ratis-proto-0.4.0-78e95b9-SNAPSHOT.jar:/home/user/.m2/repository/org/apache/ratis/ratis-common/0.4.0-78e95b9-SNAPSHOT/ratis-common-0.4.0-78e95b9-SNAPSHOT.jar:/home/user/.m2/repository/org/apache/ratis/ratis-client/0.4.0-78e95b9-SNAPSHOT/ratis-client-0.4.0-78e95b9-SNAPSHOT.jar:/home/user/.m2/repository/org/apache/ratis/ratis-metrics/0.4.0-78e95b9-SNAPSHOT/ratis-metrics-0.4.0-78e95b9-SNAPSHOT.jar:/home/user/.m2/repository/com/github/joshelser/dropwizard-metrics-hadoop-metrics2-reporter/0.1.2/dropwizard-metrics-hadoop-metrics2-reporter-0.1.2.jar:/home/user/.m2/repository/io/dropwizard/metrics/metrics-jvm/3.2.5/metrics-jvm-3.2.5.jar:/home/user/.m2/repository/io/dropwizard/metrics/metrics-ganglia/3.2.5/metrics-ganglia-3.2.5.jar:/home/user/.m2/repository/info/ganglia/gmetric4j/gmetric4j/1.0.7/gmetric4j-1.0.7.jar:/home/user/.m2/repository/org/apache/ratis/ratis-netty/0.4.0-78e95b9-SNAPSHOT/ratis-netty-0.4.0-78e95b9-SNAPSHOT.jar:/home/user/.m2/repository/org/apache/ratis/ratis-grpc/0.4.0-78e95b9-SNAPSHOT/ratis-grpc-0.4.0-78e95b9-SNAPSHOT.jar:/home/user/.m2/repository/org/rocksdb/rocksdbjni/6.0.1/rocksdbjni-6.0.1.jar:/home/user/.m2/repository/org/apache/logging/log4j/log4j-api/2.11.0/log4j-api-2.11.0.jar:/home/user/.m2/repository/org/apache/logging/log4j/log4j-core/2.11.0/log4j-core-2.11.0.jar:/home/user/.m2/repository/com/lmax/disruptor/3.4.2/disruptor-3.4.2.jar:/home/user/.m2/repository/org/apache/commons/commons-pool2/2.6.0/commons-pool2-2.6.0.jar:/home/user/.m2/repository/org/bouncycastle/bcpkix-jdk15on/1.60/bcpkix-jdk15on-1.60.jar:/home/user/.m2/repository/commons-validator/commons-validator/1.6/commons-validator-1.6.jar:/home/user/.m2/repository/commons-digester/commons-digester/1.8.1/commons-digester-1.8.1.jar:/home/user/.m2/repository/io/jaegertracing/jaeger-client/0.33.1/jaeger-client-0.33.1.jar:/home/user/.m2/repository/io/jaegertracing/jaeger-thrift/0.33.1/jaeger-thrift-0.33.1.jar:/home/user/.m2/repository/org/apache/thrift/libthrift/0.11.0/libthrift-0.11.0.jar:/home/user/.m2/repository/com/squareup/okhttp3/okhttp/3.9.0/okhttp-3.9.0.jar:/home/user/.m2/repository/com/squareup/okio/okio/1.13.0/okio-1.13.0.jar:/home/user/.m2/repository/io/jaegertracing/jaeger-core/0.33.1/jaeger-core-0.33.1.jar:/home/user/.m2/repository/io/jaegertracing/jaeger-tracerresolver/0.33.1/jaeger-tracerresolver-0.33.1.jar:/home/user/.m2/repository/io/opentracing/contrib/opentracing-tracerresolver/0.1.5/opentracing-tracerresolver-0.1.5.jar:/home/user/.m2/repository/io/opentracing/opentracing-util/0.31.0/opentracing-util-0.31.0.jar:/home/user/.m2/repository/io/opentracing/opentracing-api/0.31.0/opentracing-api-0.31.0.jar:/home/user/.m2/repository/io/opentracing/opentracing-noop/0.31.0/opentracing-noop-0.31.0.jar:/home/user/.m2/repository/org/apache/hadoop/hadoop-hdds-server-framework/0.5.0-SNAPSHOT/hadoop-hdds-server-framework-0.5.0-SNAPSHOT.jar:/home/user/.m2/repository/org/apache/hadoop/hadoop-hdds-container-service/0.5.0-SNAPSHOT/hadoop-hdds-container-service-0.5.0-SNAPSHOT.jar:/home/user/.m2/repository/org/apache/hadoop/hadoop-hdds-client/0.5.0-SNAPSHOT/hadoop-hdds-client-0.5.0-SNAPSHOT.jar:/home/user/.m2/repository/org/apache/hadoop/hadoop-hdds-tools/0.5.0-SNAPSHOT/hadoop-hdds-tools-0.5.0-SNAPSHOT.jar:/home/user/.m2/repository/org/apache/hadoop/hadoop-hdds-server-scm/0.5.0-SNAPSHOT/hadoop-hdds-server-scm-0.5.0-SNAPSHOT.jar:/home/user/.m2/repository/org/apache/hadoop/hadoop-hdds-docs/0.5.0-SNAPSHOT/hadoop-hdds-docs-0.5.0-SNAPSHOT.jar:/home/user/.m2/repository/io/dropwizard/metrics/metrics-core/3.2.4/metrics-core-3.2.4.jar:/home/user/.m2/repository/org/hamcrest/hamcrest-all/1.3/hamcrest-all-1.3.jar:/home/user/.m2/repository/org/bouncycastle/bcprov-jdk15on/1.60/bcprov-jdk15on-1.60.jar:/home/user/.m2/repository/info/picocli/picocli/3.9.6/picocli-3.9.6.jar:/home/user/.m2/repository/com/google/protobuf/protobuf-java/2.5.0/protobuf-java-2.5.0.jar:/home/user/.m2/repository/com/google/guava/guava/11.0.2/guava-11.0.2.jar:/home/user/.m2/repository/org/apache/hadoop/hadoop-ozone-ozone-manager/0.5.0-SNAPSHOT/hadoop-ozone-ozone-manager-0.5.0-SNAPSHOT.jar:/home/user/.m2/repository/org/apache/hadoop/hadoop-minikdc/3.2.0/hadoop-minikdc-3.2.0.jar:/home/user/.m2/repository/commons-io/commons-io/2.5/commons-io-2.5.jar:/home/user/.m2/repository/org/apache/kerby/kerb-simplekdc/1.0.1/kerb-simplekdc-1.0.1.jar:/home/user/.m2/repository/org/apache/kerby/kerb-client/1.0.1/kerb-client-1.0.1.jar:/home/user/.m2/repository/org/apache/kerby/kerby-config/1.0.1/kerby-config-1.0.1.jar:/home/user/.m2/repository/org/apache/kerby/kerb-core/1.0.1/kerb-core-1.0.1.jar:/home/user/.m2/repository/org/apache/kerby/kerby-pkix/1.0.1/kerby-pkix-1.0.1.jar:/home/user/.m2/repository/org/apache/kerby/kerby-asn1/1.0.1/kerby-asn1-1.0.1.jar:/home/user/.m2/repository/org/apache/kerby/kerby-util/1.0.1/kerby-util-1.0.1.jar:/home/user/.m2/repository/org/apache/kerby/kerb-common/1.0.1/kerb-common-1.0.1.jar:/home/user/.m2/repository/org/apache/kerby/kerb-crypto/1.0.1/kerb-crypto-1.0.1.jar:/home/user/.m2/repository/org/apache/kerby/kerb-util/1.0.1/kerb-util-1.0.1.jar:/home/user/.m2/repository/org/apache/kerby/token-provider/1.0.1/token-provider-1.0.1.jar:/home/user/.m2/repository/org/apache/kerby/kerb-admin/1.0.1/kerb-admin-1.0.1.jar:/home/user/.m2/repository/org/apache/kerby/kerb-server/1.0.1/kerb-server-1.0.1.jar:/home/user/.m2/repository/org/apache/kerby/kerb-identity/1.0.1/kerb-identity-1.0.1.jar:/home/user/.m2/repository/org/apache/kerby/kerby-xdr/1.0.1/kerby-xdr-1.0.1.jar:/home/user/.m2/repository/org/slf4j/slf4j-log4j12/1.7.25/slf4j-log4j12-1.7.25.jar:/home/user/.m2/repository/org/apache/hadoop/hadoop-ozone-s3gateway/0.5.0-SNAPSHOT/hadoop-ozone-s3gateway-0.5.0-SNAPSHOT.jar:/home/user/.m2/repository/org/jboss/weld/servlet/weld-servlet/2.4.7.Final/weld-servlet-2.4.7.Final.jar:/home/user/.m2/repository/org/glassfish/jersey/containers/jersey-container-servlet-core/2.27/jersey-container-servlet-core-2.27.jar:/home/user/.m2/repository/org/glassfish/hk2/external/javax.inject/2.5.0-b42/javax.inject-2.5.0-b42.jar:/home/user/.m2/repository/org/glassfish/jersey/core/jersey-common/2.27/jersey-common-2.27.jar:/home/user/.m2/repository/org/glassfish/hk2/osgi-resource-locator/1.0.1/osgi-resource-locator-1.0.1.jar:/home/user/.m2/repository/javax/ws/rs/javax.ws.rs-api/2.1/javax.ws.rs-api-2.1.jar:/home/user/.m2/repository/org/glassfish/jersey/ext/cdi/jersey-cdi1x/2.27/jersey-cdi1x-2.27.jar:/home/user/.m2/repository/org/glassfish/jersey/inject/jersey-hk2/2.27/jersey-hk2-2.27.jar:/home/user/.m2/repository/org/glassfish/hk2/hk2-locator/2.5.0-b42/hk2-locator-2.5.0-b42.jar:/home/user/.m2/repository/org/javassist/javassist/3.22.0-CR2/javassist-3.22.0-CR2.jar:/home/user/.m2/repository/org/glassfish/hk2/hk2-api/2.5.0/hk2-api-2.5.0.jar:/home/user/.m2/repository/org/glassfish/hk2/external/jakarta.inject/2.5.0/jakarta.inject-2.5.0.jar:/home/user/.m2/repository/org/glassfish/hk2/hk2-utils/2.5.0/hk2-utils-2.5.0.jar:/home/user/.m2/repository/jakarta/annotation/jakarta.annotation-api/1.3.4/jakarta.annotation-api-1.3.4.jar:/home/user/.m2/repository/org/glassfish/hk2/external/aopalliance-repackaged/2.5.0/aopalliance-repackaged-2.5.0.jar:/home/user/.m2/repository/com/fasterxml/jackson/dataformat/jackson-dataformat-xml/2.9.0/jackson-dataformat-xml-2.9.0.jar:/home/user/.m2/repository/com/fasterxml/jackson/core/jackson-core/2.9.9/jackson-core-2.9.9.jar:/home/user/.m2/repository/com/fasterxml/jackson/module/jackson-module-jaxb-annotations/2.9.9/jackson-module-jaxb-annotations-2.9.9.jar:/home/user/.m2/repository/javax/enterprise/cdi-api/1.2/cdi-api-1.2.jar:/home/user/.m2/repository/javax/el/javax.el-api/3.0.0/javax.el-api-3.0.0.jar:/home/user/.m2/repository/javax/interceptor/javax.interceptor-api/1.2/javax.interceptor-api-1.2.jar:/home/user/.m2/repository/javax/inject/javax.inject/1/javax.inject-1.jar:/home/user/.m2/repository/com/sun/xml/bind/jaxb-impl/2.3.0.1/jaxb-impl-2.3.0.1.jar:/home/user/.m2/repository/com/sun/xml/bind/jaxb-core/2.3.0.1/jaxb-core-2.3.0.1.jar:/home/user/.m2/repository/javax/xml/bind/jaxb-api/2.3.0/jaxb-api-2.3.0.jar:/home/user/.m2/repository/javax/activation/activation/1.1.1/activation-1.1.1.jar:/home/user/.m2/repository/org/apache/hadoop/hadoop-ozone-csi/0.5.0-SNAPSHOT/hadoop-ozone-csi-0.5.0-SNAPSHOT.jar:/home/user/.m2/repository/com/google/protobuf/protobuf-java-util/3.5.1/protobuf-java-util-3.5.1.jar:/home/user/.m2/repository/org/apache/hadoop/hadoop-hdds-config/0.5.0-SNAPSHOT/hadoop-hdds-config-0.5.0-SNAPSHOT.jar:/home/user/.m2/repository/io/grpc/grpc-netty/1.17.1/grpc-netty-1.17.1.jar:/home/user/.m2/repository/io/grpc/grpc-core/1.17.1/grpc-core-1.17.1.jar:/home/user/.m2/repository/io/grpc/grpc-context/1.17.1/grpc-context-1.17.1.jar:/home/user/.m2/repository/com/google/errorprone/error_prone_annotations/2.2.0/error_prone_annotations-2.2.0.jar:/home/user/.m2/repository/org/codehaus/mojo/animal-sniffer-annotations/1.17/animal-sniffer-annotations-1.17.jar:/home/user/.m2/repository/io/opencensus/opencensus-api/0.17.0/opencensus-api-0.17.0.jar:/home/user/.m2/repository/io/opencensus/opencensus-contrib-grpc-metrics/0.17.0/opencensus-contrib-grpc-metrics-0.17.0.jar:/home/user/.m2/repository/io/netty/netty-codec-http2/4.1.30.Final/netty-codec-http2-4.1.30.Final.jar:/home/user/.m2/repository/io/netty/netty-codec-http/4.1.30.Final/netty-codec-http-4.1.30.Final.jar:/home/user/.m2/repository/io/netty/netty-codec/4.1.30.Final/netty-codec-4.1.30.Final.jar:/home/user/.m2/repository/io/netty/netty-handler/4.1.30.Final/netty-handler-4.1.30.Final.jar:/home/user/.m2/repository/io/netty/netty-handler-proxy/4.1.30.Final/netty-handler-proxy-4.1.30.Final.jar:/home/user/.m2/repository/io/netty/netty-codec-socks/4.1.30.Final/netty-codec-socks-4.1.30.Final.jar:/home/user/.m2/repository/io/netty/netty-transport-native-epoll/4.1.30.Final/netty-transport-native-epoll-4.1.30.Final.jar:/home/user/.m2/repository/io/netty/netty-common/4.1.30.Final/netty-common-4.1.30.Final.jar:/home/user/.m2/repository/io/netty/netty-buffer/4.1.30.Final/netty-buffer-4.1.30.Final.jar:/home/user/.m2/repository/io/netty/netty-transport/4.1.30.Final/netty-transport-4.1.30.Final.jar:/home/user/.m2/repository/io/netty/netty-resolver/4.1.30.Final/netty-resolver-4.1.30.Final.jar:/home/user/.m2/repository/io/netty/netty-transport-native-unix-common/4.1.30.Final/netty-transport-native-unix-common-4.1.30.Final.jar:/home/user/.m2/repository/io/grpc/grpc-protobuf/1.17.1/grpc-protobuf-1.17.1.jar:/home/user/.m2/repository/com/google/api/grpc/proto-google-common-protos/1.0.0/proto-google-common-protos-1.0.0.jar:/home/user/.m2/repository/io/grpc/grpc-protobuf-lite/1.17.1/grpc-protobuf-lite-1.17.1.jar:/home/user/.m2/repository/io/grpc/grpc-stub/1.17.1/grpc-stub-1.17.1.jar:/home/user/.m2/repository/org/apache/hadoop/hadoop-ozone-recon/0.5.0-SNAPSHOT/hadoop-ozone-recon-0.5.0-SNAPSHOT.jar:/home/user/.m2/repository/org/apache/hadoop/hadoop-ozone-reconcodegen/0.5.0-SNAPSHOT/hadoop-ozone-reconcodegen-0.5.0-SNAPSHOT.jar:/home/user/.m2/repository/com/google/inject/extensions/guice-multibindings/4.0/guice-multibindings-4.0.jar:/home/user/.m2/repository/com/google/inject/guice/4.0/guice-4.0.jar:/home/user/.m2/repository/aopalliance/aopalliance/1.0/aopalliance-1.0.jar:/home/user/.m2/repository/com/google/inject/extensions/guice-servlet/4.0/guice-servlet-4.0.jar:/home/user/.m2/repository/org/glassfish/jersey/containers/jersey-container-servlet/2.27/jersey-container-servlet-2.27.jar:/home/user/.m2/repository/org/glassfish/hk2/guice-bridge/2.5.0/guice-bridge-2.5.0.jar:/home/user/.m2/repository/org/glassfish/jersey/core/jersey-server/2.27/jersey-server-2.27.jar:/home/user/.m2/repository/org/glassfish/jersey/core/jersey-client/2.27/jersey-client-2.27.jar:/home/user/.m2/repository/org/glassfish/jersey/media/jersey-media-jaxb/2.27/jersey-media-jaxb-2.27.jar:/home/user/.m2/repository/javax/validation/validation-api/1.1.0.Final/validation-api-1.1.0.Final.jar:/home/user/.m2/repository/org/glassfish/jersey/media/jersey-media-json-jackson/2.27/jersey-media-json-jackson-2.27.jar:/home/user/.m2/repository/org/glassfish/jersey/ext/jersey-entity-filtering/2.27/jersey-entity-filtering-2.27.jar:/home/user/.m2/repository/com/google/inject/extensions/guice-assistedinject/4.0/guice-assistedinject-4.0.jar:/home/user/.m2/repository/org/jooq/jooq/3.11.10/jooq-3.11.10.jar:/home/user/.m2/repository/org/jooq/jooq-meta/3.11.10/jooq-meta-3.11.10.jar:/home/user/.m2/repository/org/jooq/jooq-codegen/3.11.10/jooq-codegen-3.11.10.jar:/home/user/.m2/repository/com/jolbox/bonecp/0.8.0.RELEASE/bonecp-0.8.0.RELEASE.jar:/home/user/.m2/repository/org/xerial/sqlite-jdbc/3.25.2/sqlite-jdbc-3.25.2.jar:/home/user/.m2/repository/org/springframework/spring-jdbc/5.1.3.RELEASE/spring-jdbc-5.1.3.RELEASE.jar:/home/user/.m2/repository/org/springframework/spring-beans/5.1.3.RELEASE/spring-beans-5.1.3.RELEASE.jar:/home/user/.m2/repository/org/springframework/spring-core/5.1.3.RELEASE/spring-core-5.1.3.RELEASE.jar:/home/user/.m2/repository/org/springframework/spring-jcl/5.1.3.RELEASE/spring-jcl-5.1.3.RELEASE.jar:/home/user/.m2/repository/org/springframework/spring-tx/5.1.3.RELEASE/spring-tx-5.1.3.RELEASE.jar:/home/user/.m2/repository/org/apache/hadoop/hadoop-ozone-client/0.5.0-SNAPSHOT/hadoop-ozone-client-0.5.0-SNAPSHOT.jar:/home/user/.m2/repository/commons-lang/commons-lang/2.6/commons-lang-2.6.jar:/home/user/.m2/repository/org/apache/hadoop/hadoop-ozone-ozone-manager/0.5.0-SNAPSHOT/hadoop-ozone-ozone-manager-0.5.0-SNAPSHOT-tests.jar:/home/user/.m2/repository/junit/junit/4.11/junit-4.11.jar:/home/user/.m2/repository/org/hamcrest/hamcrest-core/1.3/hamcrest-core-1.3.jar:/home/user/.m2/repository/org/openjdk/jmh/jmh-core/1.19/jmh-core-1.19.jar:/home/user/.m2/repository/net/sf/jopt-simple/jopt-simple/4.6/jopt-simple-4.6.jar:/home/user/.m2/repository/org/apache/commons/commons-math3/3.1.1/commons-math3-3.1.1.jar:/home/user/.m2/repository/org/openjdk/jmh/jmh-generator-annprocess/1.19/jmh-generator-annprocess-1.19.jar:/home/user/.m2/repository/org/mockito/mockito-all/1.8.5/mockito-all-1.8.5.jar:/home/user/.m2/repository/org/apache/hadoop/hadoop-kms/3.2.0/hadoop-kms-3.2.0.jar:/home/user/.m2/repository/org/apache/hadoop/hadoop-auth/3.2.0/hadoop-auth-3.2.0.jar:/home/user/.m2/repository/com/nimbusds/nimbus-jose-jwt/4.41.1/nimbus-jose-jwt-4.41.1.jar:/home/user/.m2/repository/com/github/stephenc/jcip/jcip-annotations/1.0-1/jcip-annotations-1.0-1.jar:/home/user/.m2/repository/net/minidev/json-smart/2.3/json-smart-2.3.jar:/home/user/.m2/repository/net/minidev/accessors-smart/1.2/accessors-smart-1.2.jar:/home/user/.m2/repository/org/ow2/asm/asm/5.0.4/asm-5.0.4.jar:/home/user/.m2/repository/org/apache/curator/curator-framework/2.12.0/curator-framework-2.12.0.jar:/home/user/.m2/repository/com/sun/jersey/jersey-core/1.19/jersey-core-1.19.jar:/home/user/.m2/repository/javax/ws/rs/jsr311-api/1.1.1/jsr311-api-1.1.1.jar:/home/user/.m2/repository/com/sun/jersey/jersey-server/1.19/jersey-server-1.19.jar:/home/user/.m2/repository/javax/servlet/javax.servlet-api/3.1.0/javax.servlet-api-3.1.0.jar:/home/user/.m2/repository/org/eclipse/jetty/jetty-server/9.3.24.v20180605/jetty-server-9.3.24.v20180605.jar:/home/user/.m2/repository/org/eclipse/jetty/jetty-http/9.3.24.v20180605/jetty-http-9.3.24.v20180605.jar:/home/user/.m2/repository/org/eclipse/jetty/jetty-io/9.3.24.v20180605/jetty-io-9.3.24.v20180605.jar:/home/user/.m2/repository/org/eclipse/jetty/jetty-webapp/9.3.24.v20180605/jetty-webapp-9.3.24.v20180605.jar:/home/user/.m2/repository/org/eclipse/jetty/jetty-xml/9.3.24.v20180605/jetty-xml-9.3.24.v20180605.jar:/home/user/.m2/repository/log4j/log4j/1.2.17/log4j-1.2.17.jar:/home/user/.m2/repository/org/slf4j/slf4j-api/1.7.25/slf4j-api-1.7.25.jar:/home/user/.m2/repository/org/slf4j/jul-to-slf4j/1.7.25/jul-to-slf4j-1.7.25.jar:/home/user/.m2/repository/org/eclipse/jetty/jetty-util/9.3.24.v20180605/jetty-util-9.3.24.v20180605.jar:/home/user/.m2/repository/com/fasterxml/jackson/core/jackson-databind/2.9.9/jackson-databind-2.9.9.jar:/home/user/.m2/repository/org/apache/hadoop/hadoop-kms/3.2.0/hadoop-kms-3.2.0-tests.jar:/home/user/.m2/repository/org/apache/hadoop/hadoop-hdds-server-scm/0.5.0-SNAPSHOT/hadoop-hdds-server-scm-0.5.0-SNAPSHOT-tests.jar:/home/user/.m2/repository/org/apache/hadoop/hadoop-hdds-container-service/0.5.0-SNAPSHOT/hadoop-hdds-container-service-0.5.0-SNAPSHOT-tests.jar:/home/user/.m2/repository/org/yaml/snakeyaml/1.16/snakeyaml-1.16.jar:/home/user/.m2/repository/org/apache/hadoop/hadoop-common/3.2.0/hadoop-common-3.2.0-tests.jar:/home/user/.m2/repository/org/apache/hadoop/hadoop-annotations/3.2.0/hadoop-annotations-3.2.0.jar:/usr/lib/jvm/java-1.8-openjdk/jre/../lib/tools.jar:/home/user/.m2/repository/commons-cli/commons-cli/1.2/commons-cli-1.2.jar:/home/user/.m2/repository/org/apache/httpcomponents/httpclient/4.5.2/httpclient-4.5.2.jar:/home/user/.m2/repository/org/apache/httpcomponents/httpcore/4.4.4/httpcore-4.4.4.jar:/home/user/.m2/repository/commons-codec/commons-codec/1.11/commons-codec-1.11.jar:/home/user/.m2/repository/commons-net/commons-net/3.6/commons-net-3.6.jar:/home/user/.m2/repository/commons-collections/commons-collections/3.2.2/commons-collections-3.2.2.jar:/home/user/.m2/repository/org/eclipse/jetty/jetty-servlet/9.3.24.v20180605/jetty-servlet-9.3.24.v20180605.jar:/home/user/.m2/repository/org/eclipse/jetty/jetty-security/9.3.24.v20180605/jetty-security-9.3.24.v20180605.jar:/home/user/.m2/repository/javax/servlet/jsp/jsp-api/2.1/jsp-api-2.1.jar:/home/user/.m2/repository/com/sun/jersey/jersey-servlet/1.19/jersey-servlet-1.19.jar:/home/user/.m2/repository/com/sun/jersey/jersey-json/1.19/jersey-json-1.19.jar:/home/user/.m2/repository/org/codehaus/jettison/jettison/1.1/jettison-1.1.jar:/home/user/.m2/repository/org/codehaus/jackson/jackson-core-asl/1.9.13/jackson-core-asl-1.9.13.jar:/home/user/.m2/repository/org/codehaus/jackson/jackson-mapper-asl/1.9.13/jackson-mapper-asl-1.9.13.jar:/home/user/.m2/repository/org/codehaus/jackson/jackson-jaxrs/1.9.13/jackson-jaxrs-1.9.13.jar:/home/user/.m2/repository/org/codehaus/jackson/jackson-xc/1.9.13/jackson-xc-1.9.13.jar:/home/user/.m2/repository/commons-logging/commons-logging/1.1.3/commons-logging-1.1.3.jar:/home/user/.m2/repository/commons-beanutils/commons-beanutils/1.9.4/commons-beanutils-1.9.4.jar:/home/user/.m2/repository/org/apache/commons/commons-configuration2/2.1.1/commons-configuration2-2.1.1.jar:/home/user/.m2/repository/org/apache/commons/commons-lang3/3.7/commons-lang3-3.7.jar:/home/user/.m2/repository/org/apache/commons/commons-text/1.4/commons-text-1.4.jar:/home/user/.m2/repository/org/apache/avro/avro/1.7.7/avro-1.7.7.jar:/home/user/.m2/repository/com/thoughtworks/paranamer/paranamer/2.3/paranamer-2.3.jar:/home/user/.m2/repository/org/xerial/snappy/snappy-java/1.0.5/snappy-java-1.0.5.jar:/home/user/.m2/repository/com/google/re2j/re2j/1.1/re2j-1.1.jar:/home/user/.m2/repository/com/google/code/gson/gson/2.2.4/gson-2.2.4.jar:/home/user/.m2/repository/com/jcraft/jsch/0.1.54/jsch-0.1.54.jar:/home/user/.m2/repository/org/apache/curator/curator-client/2.12.0/curator-client-2.12.0.jar:/home/user/.m2/repository/org/apache/curator/curator-recipes/2.12.0/curator-recipes-2.12.0.jar:/home/user/.m2/repository/com/google/code/findbugs/jsr305/3.0.0/jsr305-3.0.0.jar:/home/user/.m2/repository/org/apache/htrace/htrace-core4/4.1.0-incubating/htrace-core4-4.1.0-incubating.jar:/home/user/.m2/repository/org/apache/zookeeper/zookeeper/3.4.13/zookeeper-3.4.13.jar:/home/user/.m2/repository/org/apache/yetus/audience-annotations/0.5.0/audience-annotations-0.5.0.jar:/home/user/.m2/repository/org/codehaus/woodstox/stax2-api/3.1.4/stax2-api-3.1.4.jar:/home/user/.m2/repository/com/fasterxml/woodstox/woodstox-core/5.0.3/woodstox-core-5.0.3.jar:/home/user/.m2/repository/dnsjava/dnsjava/2.1.7/dnsjava-2.1.7.jar:/home/user/.m2/repository/org/apache/hadoop/hadoop-hdfs/3.2.0/hadoop-hdfs-3.2.0-tests.jar:/home/user/.m2/repository/org/eclipse/jetty/jetty-util-ajax/9.3.24.v20180605/jetty-util-ajax-9.3.24.v20180605.jar:/home/user/.m2/repository/commons-daemon/commons-daemon/1.0.13/commons-daemon-1.0.13.jar:/home/user/.m2/repository/io/netty/netty/3.10.5.Final/netty-3.10.5.Final.jar:/home/user/.m2/repository/io/netty/netty-all/4.0.52.Final/netty-all-4.0.52.Final.jar:/home/user/.m2/repository/org/fusesource/leveldbjni/leveldbjni-all/1.8/leveldbjni-all-1.8.jar:"/>
    <property name="java.vm.vendor" value="IcedTea"/>
    <property name="sun.arch.data.model" value="64"/>
    <property name="test.build.dir" value="/workdir/hadoop-ozone/integration-test/target/test-dir"/>
    <property name="test.cache.data" value=""/>
    <property name="java.vendor.url" value="https://icedtea.classpath.org"/>
    <property name="user.timezone" value=""/>
    <property name="java.vm.specification.version" value="1.8"/>
    <property name="os.name" value="Linux"/>
    <property name="test.build.data" value="/workdir/hadoop-ozone/integration-test/target/test-dir"/>
    <property name="user.country" value="US"/>
    <property name="sun.java.launcher" value="SUN_STANDARD"/>
    <property name="sun.boot.library.path" value="/usr/lib/jvm/java-1.8-openjdk/jre/lib/amd64"/>
    <property name="sun.java.command" value="/workdir/hadoop-ozone/integration-test/target/surefire/surefirebooter7311467780104205304.jar /workdir/hadoop-ozone/integration-test/target/surefire 2019-09-18T17-14-22_688-jvmRun1 surefire4608201633993769748tmp surefire_205406778191291082178tmp"/>
    <property name="test" value="!TestMiniChaosOzoneCluster"/>
    <property name="surefire.test.class.path" value="/workdir/hadoop-ozone/integration-test/target/test-classes:/workdir/hadoop-ozone/integration-test/target/classes:/home/user/.m2/repository/org/apache/hadoop/hadoop-ozone-common/0.5.0-SNAPSHOT/hadoop-ozone-common-0.5.0-SNAPSHOT.jar:/home/user/.m2/repository/org/apache/commons/commons-compress/1.4.1/commons-compress-1.4.1.jar:/home/user/.m2/repository/org/tukaani/xz/1.0/xz-1.0.jar:/home/user/.m2/repository/org/apache/hadoop/hadoop-common/3.2.0/hadoop-common-3.2.0.jar:/home/user/.m2/repository/org/apache/hadoop/hadoop-hdfs/3.2.0/hadoop-hdfs-3.2.0.jar:/home/user/.m2/repository/org/apache/hadoop/hadoop-hdfs-client/3.2.0/hadoop-hdfs-client-3.2.0.jar:/home/user/.m2/repository/com/fasterxml/jackson/core/jackson-annotations/2.9.9/jackson-annotations-2.9.9.jar:/home/user/.m2/repository/org/apache/hadoop/hadoop-hdds-common/0.5.0-SNAPSHOT/hadoop-hdds-common-0.5.0-SNAPSHOT.jar:/home/user/.m2/repository/javax/annotation/javax.annotation-api/1.2/javax.annotation-api-1.2.jar:/home/user/.m2/repository/org/apache/ratis/ratis-server/0.4.0-78e95b9-SNAPSHOT/ratis-server-0.4.0-78e95b9-SNAPSHOT.jar:/home/user/.m2/repository/org/apache/ratis/ratis-thirdparty-misc/0.2.0/ratis-thirdparty-misc-0.2.0.jar:/home/user/.m2/repository/org/apache/ratis/ratis-proto/0.4.0-78e95b9-SNAPSHOT/ratis-proto-0.4.0-78e95b9-SNAPSHOT.jar:/home/user/.m2/repository/org/apache/ratis/ratis-common/0.4.0-78e95b9-SNAPSHOT/ratis-common-0.4.0-78e95b9-SNAPSHOT.jar:/home/user/.m2/repository/org/apache/ratis/ratis-client/0.4.0-78e95b9-SNAPSHOT/ratis-client-0.4.0-78e95b9-SNAPSHOT.jar:/home/user/.m2/repository/org/apache/ratis/ratis-metrics/0.4.0-78e95b9-SNAPSHOT/ratis-metrics-0.4.0-78e95b9-SNAPSHOT.jar:/home/user/.m2/repository/com/github/joshelser/dropwizard-metrics-hadoop-metrics2-reporter/0.1.2/dropwizard-metrics-hadoop-metrics2-reporter-0.1.2.jar:/home/user/.m2/repository/io/dropwizard/metrics/metrics-jvm/3.2.5/metrics-jvm-3.2.5.jar:/home/user/.m2/repository/io/dropwizard/metrics/metrics-ganglia/3.2.5/metrics-ganglia-3.2.5.jar:/home/user/.m2/repository/info/ganglia/gmetric4j/gmetric4j/1.0.7/gmetric4j-1.0.7.jar:/home/user/.m2/repository/org/apache/ratis/ratis-netty/0.4.0-78e95b9-SNAPSHOT/ratis-netty-0.4.0-78e95b9-SNAPSHOT.jar:/home/user/.m2/repository/org/apache/ratis/ratis-grpc/0.4.0-78e95b9-SNAPSHOT/ratis-grpc-0.4.0-78e95b9-SNAPSHOT.jar:/home/user/.m2/repository/org/rocksdb/rocksdbjni/6.0.1/rocksdbjni-6.0.1.jar:/home/user/.m2/repository/org/apache/logging/log4j/log4j-api/2.11.0/log4j-api-2.11.0.jar:/home/user/.m2/repository/org/apache/logging/log4j/log4j-core/2.11.0/log4j-core-2.11.0.jar:/home/user/.m2/repository/com/lmax/disruptor/3.4.2/disruptor-3.4.2.jar:/home/user/.m2/repository/org/apache/commons/commons-pool2/2.6.0/commons-pool2-2.6.0.jar:/home/user/.m2/repository/org/bouncycastle/bcpkix-jdk15on/1.60/bcpkix-jdk15on-1.60.jar:/home/user/.m2/repository/commons-validator/commons-validator/1.6/commons-validator-1.6.jar:/home/user/.m2/repository/commons-digester/commons-digester/1.8.1/commons-digester-1.8.1.jar:/home/user/.m2/repository/io/jaegertracing/jaeger-client/0.33.1/jaeger-client-0.33.1.jar:/home/user/.m2/repository/io/jaegertracing/jaeger-thrift/0.33.1/jaeger-thrift-0.33.1.jar:/home/user/.m2/repository/org/apache/thrift/libthrift/0.11.0/libthrift-0.11.0.jar:/home/user/.m2/repository/com/squareup/okhttp3/okhttp/3.9.0/okhttp-3.9.0.jar:/home/user/.m2/repository/com/squareup/okio/okio/1.13.0/okio-1.13.0.jar:/home/user/.m2/repository/io/jaegertracing/jaeger-core/0.33.1/jaeger-core-0.33.1.jar:/home/user/.m2/repository/io/jaegertracing/jaeger-tracerresolver/0.33.1/jaeger-tracerresolver-0.33.1.jar:/home/user/.m2/repository/io/opentracing/contrib/opentracing-tracerresolver/0.1.5/opentracing-tracerresolver-0.1.5.jar:/home/user/.m2/repository/io/opentracing/opentracing-util/0.31.0/opentracing-util-0.31.0.jar:/home/user/.m2/repository/io/opentracing/opentracing-api/0.31.0/opentracing-api-0.31.0.jar:/home/user/.m2/repository/io/opentracing/opentracing-noop/0.31.0/opentracing-noop-0.31.0.jar:/home/user/.m2/repository/org/apache/hadoop/hadoop-hdds-server-framework/0.5.0-SNAPSHOT/hadoop-hdds-server-framework-0.5.0-SNAPSHOT.jar:/home/user/.m2/repository/org/apache/hadoop/hadoop-hdds-container-service/0.5.0-SNAPSHOT/hadoop-hdds-container-service-0.5.0-SNAPSHOT.jar:/home/user/.m2/repository/org/apache/hadoop/hadoop-hdds-client/0.5.0-SNAPSHOT/hadoop-hdds-client-0.5.0-SNAPSHOT.jar:/home/user/.m2/repository/org/apache/hadoop/hadoop-hdds-tools/0.5.0-SNAPSHOT/hadoop-hdds-tools-0.5.0-SNAPSHOT.jar:/home/user/.m2/repository/org/apache/hadoop/hadoop-hdds-server-scm/0.5.0-SNAPSHOT/hadoop-hdds-server-scm-0.5.0-SNAPSHOT.jar:/home/user/.m2/repository/org/apache/hadoop/hadoop-hdds-docs/0.5.0-SNAPSHOT/hadoop-hdds-docs-0.5.0-SNAPSHOT.jar:/home/user/.m2/repository/io/dropwizard/metrics/metrics-core/3.2.4/metrics-core-3.2.4.jar:/home/user/.m2/repository/org/hamcrest/hamcrest-all/1.3/hamcrest-all-1.3.jar:/home/user/.m2/repository/org/bouncycastle/bcprov-jdk15on/1.60/bcprov-jdk15on-1.60.jar:/home/user/.m2/repository/info/picocli/picocli/3.9.6/picocli-3.9.6.jar:/home/user/.m2/repository/com/google/protobuf/protobuf-java/2.5.0/protobuf-java-2.5.0.jar:/home/user/.m2/repository/com/google/guava/guava/11.0.2/guava-11.0.2.jar:/home/user/.m2/repository/org/apache/hadoop/hadoop-ozone-ozone-manager/0.5.0-SNAPSHOT/hadoop-ozone-ozone-manager-0.5.0-SNAPSHOT.jar:/home/user/.m2/repository/org/apache/hadoop/hadoop-minikdc/3.2.0/hadoop-minikdc-3.2.0.jar:/home/user/.m2/repository/commons-io/commons-io/2.5/commons-io-2.5.jar:/home/user/.m2/repository/org/apache/kerby/kerb-simplekdc/1.0.1/kerb-simplekdc-1.0.1.jar:/home/user/.m2/repository/org/apache/kerby/kerb-client/1.0.1/kerb-client-1.0.1.jar:/home/user/.m2/repository/org/apache/kerby/kerby-config/1.0.1/kerby-config-1.0.1.jar:/home/user/.m2/repository/org/apache/kerby/kerb-core/1.0.1/kerb-core-1.0.1.jar:/home/user/.m2/repository/org/apache/kerby/kerby-pkix/1.0.1/kerby-pkix-1.0.1.jar:/home/user/.m2/repository/org/apache/kerby/kerby-asn1/1.0.1/kerby-asn1-1.0.1.jar:/home/user/.m2/repository/org/apache/kerby/kerby-util/1.0.1/kerby-util-1.0.1.jar:/home/user/.m2/repository/org/apache/kerby/kerb-common/1.0.1/kerb-common-1.0.1.jar:/home/user/.m2/repository/org/apache/kerby/kerb-crypto/1.0.1/kerb-crypto-1.0.1.jar:/home/user/.m2/repository/org/apache/kerby/kerb-util/1.0.1/kerb-util-1.0.1.jar:/home/user/.m2/repository/org/apache/kerby/token-provider/1.0.1/token-provider-1.0.1.jar:/home/user/.m2/repository/org/apache/kerby/kerb-admin/1.0.1/kerb-admin-1.0.1.jar:/home/user/.m2/repository/org/apache/kerby/kerb-server/1.0.1/kerb-server-1.0.1.jar:/home/user/.m2/repository/org/apache/kerby/kerb-identity/1.0.1/kerb-identity-1.0.1.jar:/home/user/.m2/repository/org/apache/kerby/kerby-xdr/1.0.1/kerby-xdr-1.0.1.jar:/home/user/.m2/repository/org/slf4j/slf4j-log4j12/1.7.25/slf4j-log4j12-1.7.25.jar:/home/user/.m2/repository/org/apache/hadoop/hadoop-ozone-s3gateway/0.5.0-SNAPSHOT/hadoop-ozone-s3gateway-0.5.0-SNAPSHOT.jar:/home/user/.m2/repository/org/jboss/weld/servlet/weld-servlet/2.4.7.Final/weld-servlet-2.4.7.Final.jar:/home/user/.m2/repository/org/glassfish/jersey/containers/jersey-container-servlet-core/2.27/jersey-container-servlet-core-2.27.jar:/home/user/.m2/repository/org/glassfish/hk2/external/javax.inject/2.5.0-b42/javax.inject-2.5.0-b42.jar:/home/user/.m2/repository/org/glassfish/jersey/core/jersey-common/2.27/jersey-common-2.27.jar:/home/user/.m2/repository/org/glassfish/hk2/osgi-resource-locator/1.0.1/osgi-resource-locator-1.0.1.jar:/home/user/.m2/repository/javax/ws/rs/javax.ws.rs-api/2.1/javax.ws.rs-api-2.1.jar:/home/user/.m2/repository/org/glassfish/jersey/ext/cdi/jersey-cdi1x/2.27/jersey-cdi1x-2.27.jar:/home/user/.m2/repository/org/glassfish/jersey/inject/jersey-hk2/2.27/jersey-hk2-2.27.jar:/home/user/.m2/repository/org/glassfish/hk2/hk2-locator/2.5.0-b42/hk2-locator-2.5.0-b42.jar:/home/user/.m2/repository/org/javassist/javassist/3.22.0-CR2/javassist-3.22.0-CR2.jar:/home/user/.m2/repository/org/glassfish/hk2/hk2-api/2.5.0/hk2-api-2.5.0.jar:/home/user/.m2/repository/org/glassfish/hk2/external/jakarta.inject/2.5.0/jakarta.inject-2.5.0.jar:/home/user/.m2/repository/org/glassfish/hk2/hk2-utils/2.5.0/hk2-utils-2.5.0.jar:/home/user/.m2/repository/jakarta/annotation/jakarta.annotation-api/1.3.4/jakarta.annotation-api-1.3.4.jar:/home/user/.m2/repository/org/glassfish/hk2/external/aopalliance-repackaged/2.5.0/aopalliance-repackaged-2.5.0.jar:/home/user/.m2/repository/com/fasterxml/jackson/dataformat/jackson-dataformat-xml/2.9.0/jackson-dataformat-xml-2.9.0.jar:/home/user/.m2/repository/com/fasterxml/jackson/core/jackson-core/2.9.9/jackson-core-2.9.9.jar:/home/user/.m2/repository/com/fasterxml/jackson/module/jackson-module-jaxb-annotations/2.9.9/jackson-module-jaxb-annotations-2.9.9.jar:/home/user/.m2/repository/javax/enterprise/cdi-api/1.2/cdi-api-1.2.jar:/home/user/.m2/repository/javax/el/javax.el-api/3.0.0/javax.el-api-3.0.0.jar:/home/user/.m2/repository/javax/interceptor/javax.interceptor-api/1.2/javax.interceptor-api-1.2.jar:/home/user/.m2/repository/javax/inject/javax.inject/1/javax.inject-1.jar:/home/user/.m2/repository/com/sun/xml/bind/jaxb-impl/2.3.0.1/jaxb-impl-2.3.0.1.jar:/home/user/.m2/repository/com/sun/xml/bind/jaxb-core/2.3.0.1/jaxb-core-2.3.0.1.jar:/home/user/.m2/repository/javax/xml/bind/jaxb-api/2.3.0/jaxb-api-2.3.0.jar:/home/user/.m2/repository/javax/activation/activation/1.1.1/activation-1.1.1.jar:/home/user/.m2/repository/org/apache/hadoop/hadoop-ozone-csi/0.5.0-SNAPSHOT/hadoop-ozone-csi-0.5.0-SNAPSHOT.jar:/home/user/.m2/repository/com/google/protobuf/protobuf-java-util/3.5.1/protobuf-java-util-3.5.1.jar:/home/user/.m2/repository/org/apache/hadoop/hadoop-hdds-config/0.5.0-SNAPSHOT/hadoop-hdds-config-0.5.0-SNAPSHOT.jar:/home/user/.m2/repository/io/grpc/grpc-netty/1.17.1/grpc-netty-1.17.1.jar:/home/user/.m2/repository/io/grpc/grpc-core/1.17.1/grpc-core-1.17.1.jar:/home/user/.m2/repository/io/grpc/grpc-context/1.17.1/grpc-context-1.17.1.jar:/home/user/.m2/repository/com/google/errorprone/error_prone_annotations/2.2.0/error_prone_annotations-2.2.0.jar:/home/user/.m2/repository/org/codehaus/mojo/animal-sniffer-annotations/1.17/animal-sniffer-annotations-1.17.jar:/home/user/.m2/repository/io/opencensus/opencensus-api/0.17.0/opencensus-api-0.17.0.jar:/home/user/.m2/repository/io/opencensus/opencensus-contrib-grpc-metrics/0.17.0/opencensus-contrib-grpc-metrics-0.17.0.jar:/home/user/.m2/repository/io/netty/netty-codec-http2/4.1.30.Final/netty-codec-http2-4.1.30.Final.jar:/home/user/.m2/repository/io/netty/netty-codec-http/4.1.30.Final/netty-codec-http-4.1.30.Final.jar:/home/user/.m2/repository/io/netty/netty-codec/4.1.30.Final/netty-codec-4.1.30.Final.jar:/home/user/.m2/repository/io/netty/netty-handler/4.1.30.Final/netty-handler-4.1.30.Final.jar:/home/user/.m2/repository/io/netty/netty-handler-proxy/4.1.30.Final/netty-handler-proxy-4.1.30.Final.jar:/home/user/.m2/repository/io/netty/netty-codec-socks/4.1.30.Final/netty-codec-socks-4.1.30.Final.jar:/home/user/.m2/repository/io/netty/netty-transport-native-epoll/4.1.30.Final/netty-transport-native-epoll-4.1.30.Final.jar:/home/user/.m2/repository/io/netty/netty-common/4.1.30.Final/netty-common-4.1.30.Final.jar:/home/user/.m2/repository/io/netty/netty-buffer/4.1.30.Final/netty-buffer-4.1.30.Final.jar:/home/user/.m2/repository/io/netty/netty-transport/4.1.30.Final/netty-transport-4.1.30.Final.jar:/home/user/.m2/repository/io/netty/netty-resolver/4.1.30.Final/netty-resolver-4.1.30.Final.jar:/home/user/.m2/repository/io/netty/netty-transport-native-unix-common/4.1.30.Final/netty-transport-native-unix-common-4.1.30.Final.jar:/home/user/.m2/repository/io/grpc/grpc-protobuf/1.17.1/grpc-protobuf-1.17.1.jar:/home/user/.m2/repository/com/google/api/grpc/proto-google-common-protos/1.0.0/proto-google-common-protos-1.0.0.jar:/home/user/.m2/repository/io/grpc/grpc-protobuf-lite/1.17.1/grpc-protobuf-lite-1.17.1.jar:/home/user/.m2/repository/io/grpc/grpc-stub/1.17.1/grpc-stub-1.17.1.jar:/home/user/.m2/repository/org/apache/hadoop/hadoop-ozone-recon/0.5.0-SNAPSHOT/hadoop-ozone-recon-0.5.0-SNAPSHOT.jar:/home/user/.m2/repository/org/apache/hadoop/hadoop-ozone-reconcodegen/0.5.0-SNAPSHOT/hadoop-ozone-reconcodegen-0.5.0-SNAPSHOT.jar:/home/user/.m2/repository/com/google/inject/extensions/guice-multibindings/4.0/guice-multibindings-4.0.jar:/home/user/.m2/repository/com/google/inject/guice/4.0/guice-4.0.jar:/home/user/.m2/repository/aopalliance/aopalliance/1.0/aopalliance-1.0.jar:/home/user/.m2/repository/com/google/inject/extensions/guice-servlet/4.0/guice-servlet-4.0.jar:/home/user/.m2/repository/org/glassfish/jersey/containers/jersey-container-servlet/2.27/jersey-container-servlet-2.27.jar:/home/user/.m2/repository/org/glassfish/hk2/guice-bridge/2.5.0/guice-bridge-2.5.0.jar:/home/user/.m2/repository/org/glassfish/jersey/core/jersey-server/2.27/jersey-server-2.27.jar:/home/user/.m2/repository/org/glassfish/jersey/core/jersey-client/2.27/jersey-client-2.27.jar:/home/user/.m2/repository/org/glassfish/jersey/media/jersey-media-jaxb/2.27/jersey-media-jaxb-2.27.jar:/home/user/.m2/repository/javax/validation/validation-api/1.1.0.Final/validation-api-1.1.0.Final.jar:/home/user/.m2/repository/org/glassfish/jersey/media/jersey-media-json-jackson/2.27/jersey-media-json-jackson-2.27.jar:/home/user/.m2/repository/org/glassfish/jersey/ext/jersey-entity-filtering/2.27/jersey-entity-filtering-2.27.jar:/home/user/.m2/repository/com/google/inject/extensions/guice-assistedinject/4.0/guice-assistedinject-4.0.jar:/home/user/.m2/repository/org/jooq/jooq/3.11.10/jooq-3.11.10.jar:/home/user/.m2/repository/org/jooq/jooq-meta/3.11.10/jooq-meta-3.11.10.jar:/home/user/.m2/repository/org/jooq/jooq-codegen/3.11.10/jooq-codegen-3.11.10.jar:/home/user/.m2/repository/com/jolbox/bonecp/0.8.0.RELEASE/bonecp-0.8.0.RELEASE.jar:/home/user/.m2/repository/org/xerial/sqlite-jdbc/3.25.2/sqlite-jdbc-3.25.2.jar:/home/user/.m2/repository/org/springframework/spring-jdbc/5.1.3.RELEASE/spring-jdbc-5.1.3.RELEASE.jar:/home/user/.m2/repository/org/springframework/spring-beans/5.1.3.RELEASE/spring-beans-5.1.3.RELEASE.jar:/home/user/.m2/repository/org/springframework/spring-core/5.1.3.RELEASE/spring-core-5.1.3.RELEASE.jar:/home/user/.m2/repository/org/springframework/spring-jcl/5.1.3.RELEASE/spring-jcl-5.1.3.RELEASE.jar:/home/user/.m2/repository/org/springframework/spring-tx/5.1.3.RELEASE/spring-tx-5.1.3.RELEASE.jar:/home/user/.m2/repository/org/apache/hadoop/hadoop-ozone-client/0.5.0-SNAPSHOT/hadoop-ozone-client-0.5.0-SNAPSHOT.jar:/home/user/.m2/repository/commons-lang/commons-lang/2.6/commons-lang-2.6.jar:/home/user/.m2/repository/org/apache/hadoop/hadoop-ozone-ozone-manager/0.5.0-SNAPSHOT/hadoop-ozone-ozone-manager-0.5.0-SNAPSHOT-tests.jar:/home/user/.m2/repository/junit/junit/4.11/junit-4.11.jar:/home/user/.m2/repository/org/hamcrest/hamcrest-core/1.3/hamcrest-core-1.3.jar:/home/user/.m2/repository/org/openjdk/jmh/jmh-core/1.19/jmh-core-1.19.jar:/home/user/.m2/repository/net/sf/jopt-simple/jopt-simple/4.6/jopt-simple-4.6.jar:/home/user/.m2/repository/org/apache/commons/commons-math3/3.1.1/commons-math3-3.1.1.jar:/home/user/.m2/repository/org/openjdk/jmh/jmh-generator-annprocess/1.19/jmh-generator-annprocess-1.19.jar:/home/user/.m2/repository/org/mockito/mockito-all/1.8.5/mockito-all-1.8.5.jar:/home/user/.m2/repository/org/apache/hadoop/hadoop-kms/3.2.0/hadoop-kms-3.2.0.jar:/home/user/.m2/repository/org/apache/hadoop/hadoop-auth/3.2.0/hadoop-auth-3.2.0.jar:/home/user/.m2/repository/com/nimbusds/nimbus-jose-jwt/4.41.1/nimbus-jose-jwt-4.41.1.jar:/home/user/.m2/repository/com/github/stephenc/jcip/jcip-annotations/1.0-1/jcip-annotations-1.0-1.jar:/home/user/.m2/repository/net/minidev/json-smart/2.3/json-smart-2.3.jar:/home/user/.m2/repository/net/minidev/accessors-smart/1.2/accessors-smart-1.2.jar:/home/user/.m2/repository/org/ow2/asm/asm/5.0.4/asm-5.0.4.jar:/home/user/.m2/repository/org/apache/curator/curator-framework/2.12.0/curator-framework-2.12.0.jar:/home/user/.m2/repository/com/sun/jersey/jersey-core/1.19/jersey-core-1.19.jar:/home/user/.m2/repository/javax/ws/rs/jsr311-api/1.1.1/jsr311-api-1.1.1.jar:/home/user/.m2/repository/com/sun/jersey/jersey-server/1.19/jersey-server-1.19.jar:/home/user/.m2/repository/javax/servlet/javax.servlet-api/3.1.0/javax.servlet-api-3.1.0.jar:/home/user/.m2/repository/org/eclipse/jetty/jetty-server/9.3.24.v20180605/jetty-server-9.3.24.v20180605.jar:/home/user/.m2/repository/org/eclipse/jetty/jetty-http/9.3.24.v20180605/jetty-http-9.3.24.v20180605.jar:/home/user/.m2/repository/org/eclipse/jetty/jetty-io/9.3.24.v20180605/jetty-io-9.3.24.v20180605.jar:/home/user/.m2/repository/org/eclipse/jetty/jetty-webapp/9.3.24.v20180605/jetty-webapp-9.3.24.v20180605.jar:/home/user/.m2/repository/org/eclipse/jetty/jetty-xml/9.3.24.v20180605/jetty-xml-9.3.24.v20180605.jar:/home/user/.m2/repository/log4j/log4j/1.2.17/log4j-1.2.17.jar:/home/user/.m2/repository/org/slf4j/slf4j-api/1.7.25/slf4j-api-1.7.25.jar:/home/user/.m2/repository/org/slf4j/jul-to-slf4j/1.7.25/jul-to-slf4j-1.7.25.jar:/home/user/.m2/repository/org/eclipse/jetty/jetty-util/9.3.24.v20180605/jetty-util-9.3.24.v20180605.jar:/home/user/.m2/repository/com/fasterxml/jackson/core/jackson-databind/2.9.9/jackson-databind-2.9.9.jar:/home/user/.m2/repository/org/apache/hadoop/hadoop-kms/3.2.0/hadoop-kms-3.2.0-tests.jar:/home/user/.m2/repository/org/apache/hadoop/hadoop-hdds-server-scm/0.5.0-SNAPSHOT/hadoop-hdds-server-scm-0.5.0-SNAPSHOT-tests.jar:/home/user/.m2/repository/org/apache/hadoop/hadoop-hdds-container-service/0.5.0-SNAPSHOT/hadoop-hdds-container-service-0.5.0-SNAPSHOT-tests.jar:/home/user/.m2/repository/org/yaml/snakeyaml/1.16/snakeyaml-1.16.jar:/home/user/.m2/repository/org/apache/hadoop/hadoop-common/3.2.0/hadoop-common-3.2.0-tests.jar:/home/user/.m2/repository/org/apache/hadoop/hadoop-annotations/3.2.0/hadoop-annotations-3.2.0.jar:/usr/lib/jvm/java-1.8-openjdk/jre/../lib/tools.jar:/home/user/.m2/repository/commons-cli/commons-cli/1.2/commons-cli-1.2.jar:/home/user/.m2/repository/org/apache/httpcomponents/httpclient/4.5.2/httpclient-4.5.2.jar:/home/user/.m2/repository/org/apache/httpcomponents/httpcore/4.4.4/httpcore-4.4.4.jar:/home/user/.m2/repository/commons-codec/commons-codec/1.11/commons-codec-1.11.jar:/home/user/.m2/repository/commons-net/commons-net/3.6/commons-net-3.6.jar:/home/user/.m2/repository/commons-collections/commons-collections/3.2.2/commons-collections-3.2.2.jar:/home/user/.m2/repository/org/eclipse/jetty/jetty-servlet/9.3.24.v20180605/jetty-servlet-9.3.24.v20180605.jar:/home/user/.m2/repository/org/eclipse/jetty/jetty-security/9.3.24.v20180605/jetty-security-9.3.24.v20180605.jar:/home/user/.m2/repository/javax/servlet/jsp/jsp-api/2.1/jsp-api-2.1.jar:/home/user/.m2/repository/com/sun/jersey/jersey-servlet/1.19/jersey-servlet-1.19.jar:/home/user/.m2/repository/com/sun/jersey/jersey-json/1.19/jersey-json-1.19.jar:/home/user/.m2/repository/org/codehaus/jettison/jettison/1.1/jettison-1.1.jar:/home/user/.m2/repository/org/codehaus/jackson/jackson-core-asl/1.9.13/jackson-core-asl-1.9.13.jar:/home/user/.m2/repository/org/codehaus/jackson/jackson-mapper-asl/1.9.13/jackson-mapper-asl-1.9.13.jar:/home/user/.m2/repository/org/codehaus/jackson/jackson-jaxrs/1.9.13/jackson-jaxrs-1.9.13.jar:/home/user/.m2/repository/org/codehaus/jackson/jackson-xc/1.9.13/jackson-xc-1.9.13.jar:/home/user/.m2/repository/commons-logging/commons-logging/1.1.3/commons-logging-1.1.3.jar:/home/user/.m2/repository/commons-beanutils/commons-beanutils/1.9.4/commons-beanutils-1.9.4.jar:/home/user/.m2/repository/org/apache/commons/commons-configuration2/2.1.1/commons-configuration2-2.1.1.jar:/home/user/.m2/repository/org/apache/commons/commons-lang3/3.7/commons-lang3-3.7.jar:/home/user/.m2/repository/org/apache/commons/commons-text/1.4/commons-text-1.4.jar:/home/user/.m2/repository/org/apache/avro/avro/1.7.7/avro-1.7.7.jar:/home/user/.m2/repository/com/thoughtworks/paranamer/paranamer/2.3/paranamer-2.3.jar:/home/user/.m2/repository/org/xerial/snappy/snappy-java/1.0.5/snappy-java-1.0.5.jar:/home/user/.m2/repository/com/google/re2j/re2j/1.1/re2j-1.1.jar:/home/user/.m2/repository/com/google/code/gson/gson/2.2.4/gson-2.2.4.jar:/home/user/.m2/repository/com/jcraft/jsch/0.1.54/jsch-0.1.54.jar:/home/user/.m2/repository/org/apache/curator/curator-client/2.12.0/curator-client-2.12.0.jar:/home/user/.m2/repository/org/apache/curator/curator-recipes/2.12.0/curator-recipes-2.12.0.jar:/home/user/.m2/repository/com/google/code/findbugs/jsr305/3.0.0/jsr305-3.0.0.jar:/home/user/.m2/repository/org/apache/htrace/htrace-core4/4.1.0-incubating/htrace-core4-4.1.0-incubating.jar:/home/user/.m2/repository/org/apache/zookeeper/zookeeper/3.4.13/zookeeper-3.4.13.jar:/home/user/.m2/repository/org/apache/yetus/audience-annotations/0.5.0/audience-annotations-0.5.0.jar:/home/user/.m2/repository/org/codehaus/woodstox/stax2-api/3.1.4/stax2-api-3.1.4.jar:/home/user/.m2/repository/com/fasterxml/woodstox/woodstox-core/5.0.3/woodstox-core-5.0.3.jar:/home/user/.m2/repository/dnsjava/dnsjava/2.1.7/dnsjava-2.1.7.jar:/home/user/.m2/repository/org/apache/hadoop/hadoop-hdfs/3.2.0/hadoop-hdfs-3.2.0-tests.jar:/home/user/.m2/repository/org/eclipse/jetty/jetty-util-ajax/9.3.24.v20180605/jetty-util-ajax-9.3.24.v20180605.jar:/home/user/.m2/repository/commons-daemon/commons-daemon/1.0.13/commons-daemon-1.0.13.jar:/home/user/.m2/repository/io/netty/netty/3.10.5.Final/netty-3.10.5.Final.jar:/home/user/.m2/repository/io/netty/netty-all/4.0.52.Final/netty-all-4.0.52.Final.jar:/home/user/.m2/repository/org/fusesource/leveldbjni/leveldbjni-all/1.8/leveldbjni-all-1.8.jar:"/>
    <property name="sun.cpu.endian" value="little"/>
    <property name="user.home" value="/home/user"/>
    <property name="user.language" value="en"/>
    <property name="java.specification.vendor" value="Oracle Corporation"/>
    <property name="java.home" value="/usr/lib/jvm/java-1.8-openjdk/jre"/>
    <property name="java.security.krb5.conf" value="/workdir/hadoop-ozone/integration-test/target/test-classes/krb5.conf"/>
    <property name="basedir" value="/workdir/hadoop-ozone/integration-test"/>
    <property name="file.separator" value="/"/>
    <property name="line.separator" value="&#10;"/>
    <property name="java.vm.specification.vendor" value="Oracle Corporation"/>
    <property name="java.specification.name" value="Java Platform API Specification"/>
    <property name="java.awt.graphicsenv" value="sun.awt.X11GraphicsEnvironment"/>
    <property name="surefire.real.class.path" value="/workdir/hadoop-ozone/integration-test/target/surefire/surefirebooter7311467780104205304.jar"/>
    <property name="hadoop.log.dir" value="/workdir/hadoop-ozone/integration-test/target/log"/>
    <property name="sun.boot.class.path" value="/usr/lib/jvm/java-1.8-openjdk/jre/lib/resources.jar:/usr/lib/jvm/java-1.8-openjdk/jre/lib/rt.jar:/usr/lib/jvm/java-1.8-openjdk/jre/lib/sunrsasign.jar:/usr/lib/jvm/java-1.8-openjdk/jre/lib/jsse.jar:/usr/lib/jvm/java-1.8-openjdk/jre/lib/jce.jar:/usr/lib/jvm/java-1.8-openjdk/jre/lib/charsets.jar:/usr/lib/jvm/java-1.8-openjdk/jre/lib/jfr.jar:/usr/lib/jvm/java-1.8-openjdk/jre/classes"/>
    <property name="sun.management.compiler" value="HotSpot 64-Bit Tiered Compilers"/>
    <property name="java.runtime.version" value="1.8.0_212-b04"/>
    <property name="java.net.preferIPv4Stack" value="true"/>
    <property name="user.name" value="jenkins1000"/>
    <property name="path.separator" value=":"/>
    <property name="java.security.egd" value="file:///dev/urandom"/>
    <property name="os.version" value="3.10.0-957.12.2.el7.x86_64"/>
    <property name="java.endorsed.dirs" value="/usr/lib/jvm/java-1.8-openjdk/jre/lib/endorsed"/>
    <property name="java.runtime.name" value="OpenJDK Runtime Environment"/>
    <property name="file.encoding" value="UTF-8"/>
    <property name="java.vm.name" value="OpenJDK 64-Bit Server VM"/>
    <property name="test.build.webapps" value=""/>
    <property name="localRepository" value="/home/user/.m2/repository"/>
    <property name="java.vendor.url.bug" value="https://icedtea.classpath.org/bugzilla"/>
    <property name="java.io.tmpdir" value="/tmp"/>
    <property name="require.test.libhadoop" value=""/>
    <property name="java.version" value="1.8.0_212"/>
    <property name="user.dir" value="/workdir/hadoop-ozone/integration-test"/>
    <property name="os.arch" value="amd64"/>
    <property name="java.vm.specification.name" value="Java Virtual Machine Specification"/>
    <property name="test.build.classes" value="/workdir/hadoop-ozone/integration-test/target/test-classes"/>
    <property name="java.awt.printerjob" value="sun.print.PSPrinterJob"/>
    <property name="sun.os.patch.level" value="unknown"/>
    <property name="hadoop.tmp.dir" value="/workdir/hadoop-ozone/integration-test/target/tmp"/>
    <property name="java.library.path" value="/usr/lib/jvm/java-1.8-openjdk/jre/lib/amd64/server:/usr/lib/jvm/java-1.8-openjdk/jre/lib/amd64:/usr/lib/jvm/java-1.8-openjdk/jre/../lib/amd64:/workdir/hadoop-ozone/integration-test/target/native/target/usr/local/lib:/workdir/hadoop-ozone/integration-test/../../hadoop-common-project/hadoop-common/target/native/target/usr/local/lib:/usr/java/packages/lib/amd64:/usr/lib64:/lib64:/lib:/usr/lib"/>
    <property name="java.vm.info" value="mixed mode"/>
    <property name="java.vendor" value="IcedTea"/>
    <property name="java.vm.version" value="25.212-b04"/>
    <property name="java.ext.dirs" value="/usr/lib/jvm/java-1.8-openjdk/jre/lib/ext:/usr/java/packages/lib/ext"/>
    <property name="sun.io.unicode.encoding" value="UnicodeLittle"/>
    <property name="java.class.version" value="52.0"/>
  </properties>
  <testcase name="testWatchForCommitWithKeyWrite" classname="org.apache.hadoop.ozone.client.rpc.TestWatchForCommit" time="60.794"/>
  <testcase name="testWatchForCommitWithSmallerTimeoutValue" classname="org.apache.hadoop.ozone.client.rpc.TestWatchForCommit" time="44.982"/>
  <testcase name="testWatchForCommitForRetryfailure" classname="org.apache.hadoop.ozone.client.rpc.TestWatchForCommit" time="78.731"/>
  <testcase name="testWatchForCommitForGroupMismatchException" classname="org.apache.hadoop.ozone.client.rpc.TestWatchForCommit" time="38.927"/>
  <testcase name="test2WayCommitForTimeoutException" classname="org.apache.hadoop.ozone.client.rpc.TestWatchForCommit" time="29.922">
    <error message="org.apache.ratis.protocol.RaftRetryFailureException: Failed RaftClientRequest:client-31620CA72C66-&gt;b0d444e7-f95d-4287-9b32-254db5ea75d4@group-930CB84686E7, cid=104, seq=2*, RW, org.apache.hadoop.hdds.scm.XceiverClientRatis$$Lambda$548/875768717@fad17a9 for 20 attempts with RetryLimited(maxAttempts=20, sleepTime=1000ms)" type="java.util.concurrent.ExecutionException">java.util.concurrent.ExecutionException: org.apache.ratis.protocol.RaftRetryFailureException: Failed RaftClientRequest:client-31620CA72C66->b0d444e7-f95d-4287-9b32-254db5ea75d4@group-930CB84686E7, cid=104, seq=2*, RW, org.apache.hadoop.hdds.scm.XceiverClientRatis$$Lambda$548/875768717@fad17a9 for 20 attempts with RetryLimited(maxAttempts=20, sleepTime=1000ms)
	at java.util.concurrent.CompletableFuture.reportGet(CompletableFuture.java:357)
	at java.util.concurrent.CompletableFuture.get(CompletableFuture.java:1895)
	at org.apache.hadoop.ozone.client.rpc.TestWatchForCommit.test2WayCommitForTimeoutException(TestWatchForCommit.java:390)
	at sun.reflect.NativeMethodAccessorImpl.invoke0(Native Method)
	at sun.reflect.NativeMethodAccessorImpl.invoke(NativeMethodAccessorImpl.java:62)
	at sun.reflect.DelegatingMethodAccessorImpl.invoke(DelegatingMethodAccessorImpl.java:43)
	at java.lang.reflect.Method.invoke(Method.java:498)
	at org.junit.runners.model.FrameworkMethod$1.runReflectiveCall(FrameworkMethod.java:47)
	at org.junit.internal.runners.model.ReflectiveCallable.run(ReflectiveCallable.java:12)
	at org.junit.runners.model.FrameworkMethod.invokeExplosively(FrameworkMethod.java:44)
	at org.junit.internal.runners.statements.InvokeMethod.evaluate(InvokeMethod.java:17)
	at org.junit.runners.ParentRunner.runLeaf(ParentRunner.java:271)
	at org.junit.runners.BlockJUnit4ClassRunner.runChild(BlockJUnit4ClassRunner.java:70)
	at org.junit.runners.BlockJUnit4ClassRunner.runChild(BlockJUnit4ClassRunner.java:50)
	at org.junit.runners.ParentRunner$3.run(ParentRunner.java:238)
	at org.junit.runners.ParentRunner$1.schedule(ParentRunner.java:63)
	at org.junit.runners.ParentRunner.runChildren(ParentRunner.java:236)
	at org.junit.runners.ParentRunner.access$000(ParentRunner.java:53)
	at org.junit.runners.ParentRunner$2.evaluate(ParentRunner.java:229)
	at org.junit.runners.ParentRunner.run(ParentRunner.java:309)
	at org.apache.maven.surefire.junit4.JUnit4Provider.execute(JUnit4Provider.java:365)
	at org.apache.maven.surefire.junit4.JUnit4Provider.executeWithRerun(JUnit4Provider.java:273)
	at org.apache.maven.surefire.junit4.JUnit4Provider.executeTestSet(JUnit4Provider.java:238)
	at org.apache.maven.surefire.junit4.JUnit4Provider.invoke(JUnit4Provider.java:159)
	at org.apache.maven.surefire.booter.ForkedBooter.invokeProviderInSameClassLoader(ForkedBooter.java:384)
	at org.apache.maven.surefire.booter.ForkedBooter.runSuitesInProcess(ForkedBooter.java:345)
	at org.apache.maven.surefire.booter.ForkedBooter.execute(ForkedBooter.java:126)
	at org.apache.maven.surefire.booter.ForkedBooter.main(ForkedBooter.java:418)
Caused by: org.apache.ratis.protocol.RaftRetryFailureException: Failed RaftClientRequest:client-31620CA72C66->b0d444e7-f95d-4287-9b32-254db5ea75d4@group-930CB84686E7, cid=104, seq=2*, RW, org.apache.hadoop.hdds.scm.XceiverClientRatis$$Lambda$548/875768717@fad17a9 for 20 attempts with RetryLimited(maxAttempts=20, sleepTime=1000ms)
	at org.apache.ratis.client.impl.RaftClientImpl.noMoreRetries(RaftClientImpl.java:271)
	at org.apache.ratis.client.impl.OrderedAsync.handleAsyncRetryFailure(OrderedAsync.java:138)
	at org.apache.ratis.client.impl.OrderedAsync.lambda$sendRequest$10(OrderedAsync.java:230)
	at java.util.concurrent.CompletableFuture.uniExceptionally(CompletableFuture.java:870)
	at java.util.concurrent.CompletableFuture$UniExceptionally.tryFire(CompletableFuture.java:852)
	at java.util.concurrent.CompletableFuture.postComplete(CompletableFuture.java:474)
	at java.util.concurrent.CompletableFuture.completeExceptionally(CompletableFuture.java:1977)
	at org.apache.ratis.grpc.client.GrpcClientProtocolClient$AsyncStreamObservers.lambda$timeoutCheck$3(GrpcClientProtocolClient.java:318)
	at java.util.Optional.ifPresent(Optional.java:159)
	at org.apache.ratis.grpc.client.GrpcClientProtocolClient$AsyncStreamObservers.handleReplyFuture(GrpcClientProtocolClient.java:323)
	at org.apache.ratis.grpc.client.GrpcClientProtocolClient$AsyncStreamObservers.timeoutCheck(GrpcClientProtocolClient.java:318)
	at org.apache.ratis.grpc.client.GrpcClientProtocolClient$AsyncStreamObservers.lambda$onNext$1(GrpcClientProtocolClient.java:312)
	at org.apache.ratis.util.TimeoutScheduler.lambda$onTimeout$0(TimeoutScheduler.java:113)
	at org.apache.ratis.util.TimeoutScheduler.lambda$onTimeout$1(TimeoutScheduler.java:133)
	at org.apache.ratis.util.LogUtils.runAndLog(LogUtils.java:50)
	at org.apache.ratis.util.LogUtils$1.run(LogUtils.java:91)
	at java.util.concurrent.Executors$RunnableAdapter.call(Executors.java:511)
	at java.util.concurrent.FutureTask.run(FutureTask.java:266)
	at java.util.concurrent.ScheduledThreadPoolExecutor$ScheduledFutureTask.access$201(ScheduledThreadPoolExecutor.java:180)
	at java.util.concurrent.ScheduledThreadPoolExecutor$ScheduledFutureTask.run(ScheduledThreadPoolExecutor.java:293)
	at java.util.concurrent.ThreadPoolExecutor.runWorker(ThreadPoolExecutor.java:1149)
	at java.util.concurrent.ThreadPoolExecutor$Worker.run(ThreadPoolExecutor.java:624)
	at java.lang.Thread.run(Thread.java:748)
Caused by: org.apache.ratis.protocol.TimeoutIOException: Request timeout 3000ms: RaftClientRequest:client-31620CA72C66->b0d444e7-f95d-4287-9b32-254db5ea75d4@group-930CB84686E7, cid=104, seq=2*, RW, org.apache.hadoop.hdds.scm.XceiverClientRatis$$Lambda$548/875768717@fad17a9
	at org.apache.ratis.grpc.client.GrpcClientProtocolClient$AsyncStreamObservers.lambda$timeoutCheck$3(GrpcClientProtocolClient.java:319)
	... 15 more
</error>
    <system-out><![CDATA[2019-09-18 17:33:20,700 [main] WARN  server.ServerUtils (ServerUtils.java:getScmDbDir(145)) - ozone.scm.db.dirs is not configured. We recommend adding this setting. Falling back to ozone.metadata.dirs instead.
2019-09-18 17:33:20,711 [main] WARN  server.ServerUtils (ServerUtils.java:getScmDbDir(145)) - ozone.scm.db.dirs is not configured. We recommend adding this setting. Falling back to ozone.metadata.dirs instead.
2019-09-18 17:33:20,711 [main] WARN  server.ServerUtils (ServerUtils.java:getScmDbDir(145)) - ozone.scm.db.dirs is not configured. We recommend adding this setting. Falling back to ozone.metadata.dirs instead.
2019-09-18 17:33:20,711 [main] INFO  db.DBStoreBuilder (DBStoreBuilder.java:addTable(110)) - using custom profile for table: deletedBlocks
2019-09-18 17:33:20,712 [main] INFO  db.DBStoreBuilder (DBStoreBuilder.java:processTables(161)) - Using default column profile:DBProfile.DISK for Table:deletedBlocks
2019-09-18 17:33:20,712 [main] INFO  db.DBStoreBuilder (DBStoreBuilder.java:addTable(110)) - using custom profile for table: validCerts
2019-09-18 17:33:20,712 [main] INFO  db.DBStoreBuilder (DBStoreBuilder.java:processTables(161)) - Using default column profile:DBProfile.DISK for Table:validCerts
2019-09-18 17:33:20,712 [main] INFO  db.DBStoreBuilder (DBStoreBuilder.java:addTable(110)) - using custom profile for table: revokedCerts
2019-09-18 17:33:20,712 [main] INFO  db.DBStoreBuilder (DBStoreBuilder.java:processTables(161)) - Using default column profile:DBProfile.DISK for Table:revokedCerts
2019-09-18 17:33:20,713 [main] INFO  db.DBStoreBuilder (DBStoreBuilder.java:addTable(110)) - using custom profile for table: default
2019-09-18 17:33:20,713 [main] INFO  db.DBStoreBuilder (DBStoreBuilder.java:processTables(167)) - Using default column profile:DBProfile.DISK for Table:default
2019-09-18 17:33:20,713 [main] INFO  db.DBStoreBuilder (DBStoreBuilder.java:getDbProfile(198)) - Using default options. DBProfile.DISK
2019-09-18 17:33:20,925 [main] INFO  net.NodeSchemaLoader (NodeSchemaLoader.java:loadSchemaFromFile(125)) - Loading file from sun.misc.CompoundEnumeration@3554bdc0
2019-09-18 17:33:20,925 [main] INFO  net.NodeSchemaLoader (NodeSchemaLoader.java:loadSchema(171)) - Loading network topology layer schema file
2019-09-18 17:33:20,931 [main] WARN  server.ServerUtils (ServerUtils.java:sanitizeUserArgs(70)) - ozone.scm.stale.node.interval value = 300000 is larger than max = 100000 based on the key value of ozone.scm.heartbeat.thread.interval, reset to the max value 100000.
2019-09-18 17:33:20,931 [main] WARN  server.ServerUtils (ServerUtils.java:sanitizeUserArgs(70)) - ozone.scm.stale.node.interval value = 300000 is larger than max = 100000 based on the key value of ozone.scm.heartbeat.thread.interval, reset to the max value 100000.
2019-09-18 17:33:20,932 [main] INFO  node.SCMNodeManager (SCMNodeManager.java:<init>(114)) - Entering startup safe mode.
2019-09-18 17:33:20,933 [main] INFO  algorithms.ContainerPlacementPolicyFactory (ContainerPlacementPolicyFactory.java:getPolicy(57)) - Create container placement policy of type org.apache.hadoop.hdds.scm.container.placement.algorithms.SCMContainerPlacementRandom
2019-09-18 17:33:20,933 [main] WARN  server.ServerUtils (ServerUtils.java:getScmDbDir(145)) - ozone.scm.db.dirs is not configured. We recommend adding this setting. Falling back to ozone.metadata.dirs instead.
2019-09-18 17:33:21,035 [main] INFO  pipeline.SCMPipelineManager (SCMPipelineManager.java:initializePipelineState(128)) - No pipeline exists in current db
2019-09-18 17:33:21,036 [main] WARN  server.ServerUtils (ServerUtils.java:getScmDbDir(145)) - ozone.scm.db.dirs is not configured. We recommend adding this setting. Falling back to ozone.metadata.dirs instead.
2019-09-18 17:33:21,174 [main] WARN  events.EventQueue (EventQueue.java:fireEvent(183)) - No event handler registered for event TypedEvent{payloadType=SafeModeStatus, name='SafeModeStatus'}
2019-09-18 17:33:21,175 [main] INFO  ipc.CallQueueManager (CallQueueManager.java:<init>(84)) - Using callQueue: class java.util.concurrent.LinkedBlockingQueue, queueCapacity: 2000, scheduler: class org.apache.hadoop.ipc.DefaultRpcScheduler, ipcBackoff: false.
2019-09-18 17:33:21,176 [Socket Reader #1 for port 44968] INFO  ipc.Server (Server.java:run(1074)) - Starting Socket Reader #1 for port 44968
2019-09-18 17:33:21,179 [main] INFO  ipc.CallQueueManager (CallQueueManager.java:<init>(84)) - Using callQueue: class java.util.concurrent.LinkedBlockingQueue, queueCapacity: 2000, scheduler: class org.apache.hadoop.ipc.DefaultRpcScheduler, ipcBackoff: false.
2019-09-18 17:33:21,180 [Socket Reader #1 for port 36938] INFO  ipc.Server (Server.java:run(1074)) - Starting Socket Reader #1 for port 36938
2019-09-18 17:33:21,181 [main] INFO  ipc.CallQueueManager (CallQueueManager.java:<init>(84)) - Using callQueue: class java.util.concurrent.LinkedBlockingQueue, queueCapacity: 2000, scheduler: class org.apache.hadoop.ipc.DefaultRpcScheduler, ipcBackoff: false.
2019-09-18 17:33:21,182 [Socket Reader #1 for port 41698] INFO  ipc.Server (Server.java:run(1074)) - Starting Socket Reader #1 for port 41698
2019-09-18 17:33:21,185 [main] INFO  hdfs.DFSUtil (DFSUtil.java:httpServerTemplateForNNAndJN(1641)) - Starting Web-server for scm at: http://0.0.0.0:0
2019-09-18 17:33:21,187 [main] INFO  server.AuthenticationFilter (AuthenticationFilter.java:constructSecretProvider(240)) - Unable to initialize FileSignerSecretProvider, falling back to use random secrets.
2019-09-18 17:33:21,188 [main] WARN  http.HttpRequestLog (HttpRequestLog.java:getRequestLog(97)) - Jetty request log can only be enabled using Log4j
2019-09-18 17:33:21,190 [main] INFO  http.HttpServer2 (HttpServer2.java:addGlobalFilter(975)) - Added global filter 'safety' (class=org.apache.hadoop.http.HttpServer2$QuotingInputFilter)
2019-09-18 17:33:21,190 [main] INFO  http.HttpServer2 (HttpServer2.java:addFilter(948)) - Added filter static_user_filter (class=org.apache.hadoop.http.lib.StaticUserWebFilter$StaticUserFilter) to context scm
2019-09-18 17:33:21,190 [main] INFO  http.HttpServer2 (HttpServer2.java:addFilter(958)) - Added filter static_user_filter (class=org.apache.hadoop.http.lib.StaticUserWebFilter$StaticUserFilter) to context static
2019-09-18 17:33:21,191 [main] INFO  http.HttpServer2 (HttpServer2.java:addFilter(958)) - Added filter static_user_filter (class=org.apache.hadoop.http.lib.StaticUserWebFilter$StaticUserFilter) to context logs
2019-09-18 17:33:21,193 [main] INFO  server.StorageContainerManager (StorageContainerManager.java:start(763)) - StorageContainerLocationProtocol RPC server is listening at /0.0.0.0:41698
2019-09-18 17:33:21,195 [main] WARN  impl.MetricsConfig (MetricsConfig.java:loadFirst(134)) - Cannot locate configuration: tried hadoop-metrics2-storagecontainermanager.properties,hadoop-metrics2.properties
2019-09-18 17:33:21,196 [main] INFO  impl.MetricsSystemImpl (MetricsSystemImpl.java:startTimer(374)) - Scheduled Metric snapshot period at 10 second(s).
2019-09-18 17:33:21,196 [main] INFO  impl.MetricsSystemImpl (MetricsSystemImpl.java:start(191)) - StorageContainerManager metrics system started
2019-09-18 17:33:21,242 [main] WARN  impl.MetricsSystemImpl (MetricsSystemImpl.java:register(276)) - Sink prometheus already exists!
2019-09-18 17:33:21,322 [main] INFO  server.SCMClientProtocolServer (SCMClientProtocolServer.java:start(151)) - RPC server for Client  is listening at /0.0.0.0:41698
2019-09-18 17:33:21,323 [IPC Server Responder] INFO  ipc.Server (Server.java:run(1314)) - IPC Server Responder: starting
2019-09-18 17:33:21,323 [IPC Server listener on 41698] INFO  ipc.Server (Server.java:run(1153)) - IPC Server listener on 41698: starting
2019-09-18 17:33:21,326 [main] INFO  server.StorageContainerManager (StorageContainerManager.java:start(773)) - ScmBlockLocationProtocol RPC server is listening at /0.0.0.0:36938
2019-09-18 17:33:21,327 [main] INFO  server.SCMBlockProtocolServer (SCMBlockProtocolServer.java:start(146)) - RPC server for Block Protocol is listening at /0.0.0.0:36938
2019-09-18 17:33:21,327 [IPC Server Responder] INFO  ipc.Server (Server.java:run(1314)) - IPC Server Responder: starting
2019-09-18 17:33:21,328 [IPC Server listener on 36938] INFO  ipc.Server (Server.java:run(1153)) - IPC Server listener on 36938: starting
2019-09-18 17:33:21,332 [main] INFO  server.StorageContainerManager (StorageContainerManager.java:start(777)) - ScmDatanodeProtocl RPC server is listening at /0.0.0.0:44968
2019-09-18 17:33:21,332 [main] INFO  server.SCMDatanodeProtocolServer (SCMDatanodeProtocolServer.java:start(191)) - RPC server for DataNodes is listening at /0.0.0.0:44968
2019-09-18 17:33:21,333 [IPC Server Responder] INFO  ipc.Server (Server.java:run(1314)) - IPC Server Responder: starting
2019-09-18 17:33:21,333 [IPC Server listener on 44968] INFO  ipc.Server (Server.java:run(1153)) - IPC Server listener on 44968: starting
2019-09-18 17:33:21,336 [main] INFO  http.HttpServer2 (HttpServer2.java:bindListener(1191)) - Jetty bound to port 43637
2019-09-18 17:33:21,336 [main] INFO  server.Server (Server.java:doStart(351)) - jetty-9.3.24.v20180605, build timestamp: 2018-06-05T17:11:56Z, git hash: 84205aa28f11a4f31f2a3b86d1bba2cc8ab69827
2019-09-18 17:33:21,339 [main] INFO  handler.ContextHandler (ContextHandler.java:doStart(781)) - Started o.e.j.s.ServletContextHandler@14b275bd{/logs,file:///workdir/hadoop-ozone/integration-test/target/log,AVAILABLE}
2019-09-18 17:33:21,339 [main] INFO  handler.ContextHandler (ContextHandler.java:doStart(781)) - Started o.e.j.s.ServletContextHandler@4b03cbad{/static,file:///workdir/hadoop-ozone/integration-test/target/test-classes/webapps/static,AVAILABLE}
2019-09-18 17:33:21,345 [main] INFO  handler.ContextHandler (ContextHandler.java:doStart(781)) - Started o.e.j.w.WebAppContext@34045582{/,file:///workdir/hadoop-ozone/integration-test/target/test-classes/webapps/scm/,AVAILABLE}{/scm}
2019-09-18 17:33:21,345 [main] INFO  server.AbstractConnector (AbstractConnector.java:doStart(278)) - Started ServerConnector@3db65c0d{HTTP/1.1,[http/1.1]}{0.0.0.0:43637}
2019-09-18 17:33:21,346 [main] INFO  server.Server (Server.java:doStart(419)) - Started @224475ms
2019-09-18 17:33:21,346 [main] WARN  impl.MetricsSystemImpl (MetricsSystemImpl.java:register(276)) - Sink prometheus already exists!
2019-09-18 17:33:21,348 [main] INFO  server.BaseHttpServer (BaseHttpServer.java:updateConnectorAddress(215)) - HTTP server of SCM is listening at http://0.0.0.0:43637
2019-09-18 17:33:21,349 [main] WARN  server.ServerUtils (ServerUtils.java:getDBPath(222)) - ozone.om.db.dirs is not configured. We recommend adding this setting. Falling back to ozone.metadata.dirs instead.
2019-09-18 17:33:21,349 [org.apache.hadoop.util.JvmPauseMonitor$Monitor@8c43966] INFO  util.JvmPauseMonitor (JvmPauseMonitor.java:run(188)) - Starting JVM pause monitor
2019-09-18 17:33:21,366 [main] WARN  server.ServerUtils (ServerUtils.java:getDBPath(222)) - ozone.om.db.dirs is not configured. We recommend adding this setting. Falling back to ozone.metadata.dirs instead.
2019-09-18 17:33:21,366 [main] WARN  server.ServerUtils (ServerUtils.java:getDBPath(222)) - ozone.om.db.dirs is not configured. We recommend adding this setting. Falling back to ozone.metadata.dirs instead.
2019-09-18 17:33:21,366 [main] INFO  om.OzoneManager (OzoneManager.java:setOMNodeDetails(649)) - OM Service ID is not set. Setting it to the default ID: omServiceIdDefault
2019-09-18 17:33:21,366 [main] INFO  om.OzoneManager (OzoneManager.java:setOMNodeDetails(655)) - OM Node ID is not set. Setting it to the OmStorage's OmID: a36c4664-7d3f-4e7d-b398-ed88f488ce8a
2019-09-18 17:33:21,366 [main] INFO  om.OzoneManager (OzoneManager.java:loadOMHAConfigs(606)) - Found matching OM address with OMServiceId: null, OMNodeId: null, RPC Address: localhost:0 and Ratis port: 9872
2019-09-18 17:33:21,373 [main] WARN  server.ServerUtils (ServerUtils.java:getDBPath(222)) - ozone.om.db.dirs is not configured. We recommend adding this setting. Falling back to ozone.metadata.dirs instead.
2019-09-18 17:33:21,373 [main] INFO  db.DBStoreBuilder (DBStoreBuilder.java:addTable(110)) - using custom profile for table: userTable
2019-09-18 17:33:21,374 [main] INFO  db.DBStoreBuilder (DBStoreBuilder.java:processTables(161)) - Using default column profile:DBProfile.DISK for Table:userTable
2019-09-18 17:33:21,374 [main] INFO  db.DBStoreBuilder (DBStoreBuilder.java:addTable(110)) - using custom profile for table: volumeTable
2019-09-18 17:33:21,374 [main] INFO  db.DBStoreBuilder (DBStoreBuilder.java:processTables(161)) - Using default column profile:DBProfile.DISK for Table:volumeTable
2019-09-18 17:33:21,374 [main] INFO  db.DBStoreBuilder (DBStoreBuilder.java:addTable(110)) - using custom profile for table: bucketTable
2019-09-18 17:33:21,374 [main] INFO  db.DBStoreBuilder (DBStoreBuilder.java:processTables(161)) - Using default column profile:DBProfile.DISK for Table:bucketTable
2019-09-18 17:33:21,374 [main] INFO  db.DBStoreBuilder (DBStoreBuilder.java:addTable(110)) - using custom profile for table: keyTable
2019-09-18 17:33:21,375 [main] INFO  db.DBStoreBuilder (DBStoreBuilder.java:processTables(161)) - Using default column profile:DBProfile.DISK for Table:keyTable
2019-09-18 17:33:21,375 [main] INFO  db.DBStoreBuilder (DBStoreBuilder.java:addTable(110)) - using custom profile for table: deletedTable
2019-09-18 17:33:21,375 [main] INFO  db.DBStoreBuilder (DBStoreBuilder.java:processTables(161)) - Using default column profile:DBProfile.DISK for Table:deletedTable
2019-09-18 17:33:21,375 [main] INFO  db.DBStoreBuilder (DBStoreBuilder.java:addTable(110)) - using custom profile for table: openKeyTable
2019-09-18 17:33:21,375 [main] INFO  db.DBStoreBuilder (DBStoreBuilder.java:processTables(161)) - Using default column profile:DBProfile.DISK for Table:openKeyTable
2019-09-18 17:33:21,375 [main] INFO  db.DBStoreBuilder (DBStoreBuilder.java:addTable(110)) - using custom profile for table: s3Table
2019-09-18 17:33:21,376 [main] INFO  db.DBStoreBuilder (DBStoreBuilder.java:processTables(161)) - Using default column profile:DBProfile.DISK for Table:s3Table
2019-09-18 17:33:21,376 [main] INFO  db.DBStoreBuilder (DBStoreBuilder.java:addTable(110)) - using custom profile for table: multipartInfoTable
2019-09-18 17:33:21,376 [main] INFO  db.DBStoreBuilder (DBStoreBuilder.java:processTables(161)) - Using default column profile:DBProfile.DISK for Table:multipartInfoTable
2019-09-18 17:33:21,376 [main] INFO  db.DBStoreBuilder (DBStoreBuilder.java:addTable(110)) - using custom profile for table: dTokenTable
2019-09-18 17:33:21,376 [main] INFO  db.DBStoreBuilder (DBStoreBuilder.java:processTables(161)) - Using default column profile:DBProfile.DISK for Table:dTokenTable
2019-09-18 17:33:21,376 [main] INFO  db.DBStoreBuilder (DBStoreBuilder.java:addTable(110)) - using custom profile for table: s3SecretTable
2019-09-18 17:33:21,376 [main] INFO  db.DBStoreBuilder (DBStoreBuilder.java:processTables(161)) - Using default column profile:DBProfile.DISK for Table:s3SecretTable
2019-09-18 17:33:21,377 [main] INFO  db.DBStoreBuilder (DBStoreBuilder.java:addTable(110)) - using custom profile for table: prefixTable
2019-09-18 17:33:21,377 [main] INFO  db.DBStoreBuilder (DBStoreBuilder.java:processTables(161)) - Using default column profile:DBProfile.DISK for Table:prefixTable
2019-09-18 17:33:21,377 [main] INFO  db.DBStoreBuilder (DBStoreBuilder.java:addTable(110)) - using custom profile for table: default
2019-09-18 17:33:21,377 [main] INFO  db.DBStoreBuilder (DBStoreBuilder.java:processTables(167)) - Using default column profile:DBProfile.DISK for Table:default
2019-09-18 17:33:21,377 [main] INFO  db.DBStoreBuilder (DBStoreBuilder.java:getDbProfile(198)) - Using default options. DBProfile.DISK
2019-09-18 17:33:22,021 [main] INFO  ipc.CallQueueManager (CallQueueManager.java:<init>(84)) - Using callQueue: class java.util.concurrent.LinkedBlockingQueue, queueCapacity: 2000, scheduler: class org.apache.hadoop.ipc.DefaultRpcScheduler, ipcBackoff: false.
2019-09-18 17:33:22,022 [Socket Reader #1 for port 43708] INFO  ipc.Server (Server.java:run(1074)) - Starting Socket Reader #1 for port 43708
2019-09-18 17:33:22,041 [main] INFO  om.OzoneManager (OzoneManager.java:start(1240)) - OzoneManager RPC server is listening at localhost/127.0.0.1:43708
2019-09-18 17:33:22,041 [main] INFO  impl.MetricsSystemImpl (MetricsSystemImpl.java:init(158)) - OzoneManager metrics system started (again)
2019-09-18 17:33:22,042 [IPC Server Responder] INFO  ipc.Server (Server.java:run(1314)) - IPC Server Responder: starting
2019-09-18 17:33:22,044 [IPC Server listener on 43708] INFO  ipc.Server (Server.java:run(1153)) - IPC Server listener on 43708: starting
2019-09-18 17:33:22,049 [main] INFO  hdfs.DFSUtil (DFSUtil.java:httpServerTemplateForNNAndJN(1641)) - Starting Web-server for ozoneManager at: http://0.0.0.0:0
2019-09-18 17:33:22,050 [main] INFO  server.AuthenticationFilter (AuthenticationFilter.java:constructSecretProvider(240)) - Unable to initialize FileSignerSecretProvider, falling back to use random secrets.
2019-09-18 17:33:22,051 [main] WARN  http.HttpRequestLog (HttpRequestLog.java:getRequestLog(97)) - Jetty request log can only be enabled using Log4j
2019-09-18 17:33:22,053 [main] INFO  http.HttpServer2 (HttpServer2.java:addGlobalFilter(975)) - Added global filter 'safety' (class=org.apache.hadoop.http.HttpServer2$QuotingInputFilter)
2019-09-18 17:33:22,053 [main] INFO  http.HttpServer2 (HttpServer2.java:addFilter(948)) - Added filter static_user_filter (class=org.apache.hadoop.http.lib.StaticUserWebFilter$StaticUserFilter) to context ozoneManager
2019-09-18 17:33:22,054 [main] INFO  http.HttpServer2 (HttpServer2.java:addFilter(958)) - Added filter static_user_filter (class=org.apache.hadoop.http.lib.StaticUserWebFilter$StaticUserFilter) to context logs
2019-09-18 17:33:22,054 [main] INFO  http.HttpServer2 (HttpServer2.java:addFilter(958)) - Added filter static_user_filter (class=org.apache.hadoop.http.lib.StaticUserWebFilter$StaticUserFilter) to context static
2019-09-18 17:33:22,055 [main] INFO  http.HttpServer2 (HttpServer2.java:bindListener(1191)) - Jetty bound to port 44653
2019-09-18 17:33:22,055 [main] INFO  server.Server (Server.java:doStart(351)) - jetty-9.3.24.v20180605, build timestamp: 2018-06-05T17:11:56Z, git hash: 84205aa28f11a4f31f2a3b86d1bba2cc8ab69827
2019-09-18 17:33:22,057 [main] INFO  handler.ContextHandler (ContextHandler.java:doStart(781)) - Started o.e.j.s.ServletContextHandler@706f6d26{/logs,file:///workdir/hadoop-ozone/integration-test/target/log,AVAILABLE}
2019-09-18 17:33:22,057 [main] INFO  handler.ContextHandler (ContextHandler.java:doStart(781)) - Started o.e.j.s.ServletContextHandler@6af65f29{/static,file:///workdir/hadoop-ozone/integration-test/target/test-classes/webapps/static,AVAILABLE}
2019-09-18 17:33:22,061 [main] INFO  handler.ContextHandler (ContextHandler.java:doStart(781)) - Started o.e.j.w.WebAppContext@5287ba5f{/,file:///workdir/hadoop-ozone/integration-test/target/test-classes/webapps/ozoneManager/,AVAILABLE}{/ozoneManager}
2019-09-18 17:33:22,062 [main] INFO  server.AbstractConnector (AbstractConnector.java:doStart(278)) - Started ServerConnector@b768a65{HTTP/1.1,[http/1.1]}{0.0.0.0:44653}
2019-09-18 17:33:22,063 [main] INFO  server.Server (Server.java:doStart(419)) - Started @225192ms
2019-09-18 17:33:22,064 [main] WARN  impl.MetricsSystemImpl (MetricsSystemImpl.java:register(276)) - Sink prometheus already exists!
2019-09-18 17:33:22,064 [main] INFO  server.BaseHttpServer (BaseHttpServer.java:updateConnectorAddress(215)) - HTTP server of OZONEMANAGER is listening at http://0.0.0.0:44653
2019-09-18 17:33:22,080 [main] INFO  impl.MetricsSystemImpl (MetricsSystemImpl.java:init(158)) - HddsDatanode metrics system started (again)
2019-09-18 17:33:22,084 [main] INFO  ozone.HddsDatanodeService (HddsDatanodeService.java:start(184)) - HddsDatanodeService host:pr-hdds-2147-dpwbv-833026882 ip:192.168.5.155
2019-09-18 17:33:22,090 [main] INFO  volume.HddsVolume (HddsVolume.java:<init>(176)) - Creating Volume: /workdir/hadoop-ozone/integration-test/target/test-dir/MiniOzoneClusterImpl-37195201-b030-4955-b08c-e60a1205ff04/datanode-0/data/containers/hdds of  storage type : DISK and capacity : 1482555576320
2019-09-18 17:33:22,091 [main] INFO  volume.VolumeSet (VolumeSet.java:initializeVolumeSet(170)) - Added Volume : /workdir/hadoop-ozone/integration-test/target/test-dir/MiniOzoneClusterImpl-37195201-b030-4955-b08c-e60a1205ff04/datanode-0/data/containers/hdds to VolumeSet
2019-09-18 17:33:22,091 [main] INFO  volume.ThrottledAsyncChecker (ThrottledAsyncChecker.java:schedule(139)) - Scheduling a check for org.apache.hadoop.ozone.container.common.volume.HddsVolume@53dd42d6
2019-09-18 17:33:22,092 [main] INFO  volume.HddsVolumeChecker (HddsVolumeChecker.java:checkAllVolumes(202)) - Scheduled health check for volume org.apache.hadoop.ozone.container.common.volume.HddsVolume@53dd42d6
2019-09-18 17:33:22,112 [main] INFO  impl.RaftServerProxy (ConfUtils.java:logGet(43)) - raft.rpc.type = GRPC (default)
2019-09-18 17:33:22,112 [main] INFO  grpc.GrpcFactory (GrpcFactory.java:checkPooledByteBufAllocatorUseCacheForAllThreads(45)) - PERFORMANCE WARNING: useCacheForAllThreads is true that may cause Netty to create a lot garbage objects and, as a result, trigger GC.
	It is recommended to disable useCacheForAllThreads by setting -Dorg.apache.ratis.thirdparty.io.netty.allocator.useCacheForAllThreads=false in command line.
2019-09-18 17:33:22,113 [main] INFO  grpc.GrpcConfigKeys$Server (ConfUtils.java:logGet(43)) - raft.grpc.server.port = 0 (default)
2019-09-18 17:33:22,113 [main] INFO  server.GrpcService (ConfUtils.java:logGet(43)) - raft.grpc.message.size.max = 33570816 (custom)
2019-09-18 17:33:22,113 [main] INFO  server.RaftServerConfigKeys (ConfUtils.java:logGet(43)) - raft.server.log.appender.buffer.byte-limit = 33554432 (custom)
2019-09-18 17:33:22,113 [main] INFO  server.GrpcService (ConfUtils.java:logGet(43)) - raft.grpc.flow.control.window = 1MB (=1048576) (default)
2019-09-18 17:33:22,114 [main] INFO  server.RaftServerConfigKeys (ConfUtils.java:logGet(43)) - raft.server.rpc.request.timeout = 3000ms (default)
2019-09-18 17:33:22,115 [main] INFO  server.RaftServerConfigKeys (ConfUtils.java:logGet(43)) - raft.server.storage.dir = [/workdir/hadoop-ozone/integration-test/target/test-dir/MiniOzoneClusterImpl-37195201-b030-4955-b08c-e60a1205ff04/datanode-0/data/ratis] (custom)
2019-09-18 17:33:22,117 [main] INFO  hdfs.DFSUtil (DFSUtil.java:httpServerTemplateForNNAndJN(1641)) - Starting Web-server for hddsDatanode at: http://0.0.0.0:0
2019-09-18 17:33:22,118 [main] INFO  server.AuthenticationFilter (AuthenticationFilter.java:constructSecretProvider(240)) - Unable to initialize FileSignerSecretProvider, falling back to use random secrets.
2019-09-18 17:33:22,119 [main] WARN  http.HttpRequestLog (HttpRequestLog.java:getRequestLog(97)) - Jetty request log can only be enabled using Log4j
2019-09-18 17:33:22,120 [main] INFO  http.HttpServer2 (HttpServer2.java:addGlobalFilter(975)) - Added global filter 'safety' (class=org.apache.hadoop.http.HttpServer2$QuotingInputFilter)
2019-09-18 17:33:22,121 [main] INFO  http.HttpServer2 (HttpServer2.java:addFilter(948)) - Added filter static_user_filter (class=org.apache.hadoop.http.lib.StaticUserWebFilter$StaticUserFilter) to context hddsDatanode
2019-09-18 17:33:22,121 [main] INFO  http.HttpServer2 (HttpServer2.java:addFilter(958)) - Added filter static_user_filter (class=org.apache.hadoop.http.lib.StaticUserWebFilter$StaticUserFilter) to context static
2019-09-18 17:33:22,121 [main] INFO  http.HttpServer2 (HttpServer2.java:addFilter(958)) - Added filter static_user_filter (class=org.apache.hadoop.http.lib.StaticUserWebFilter$StaticUserFilter) to context logs
2019-09-18 17:33:22,122 [main] INFO  http.HttpServer2 (HttpServer2.java:bindListener(1191)) - Jetty bound to port 45332
2019-09-18 17:33:22,122 [main] INFO  server.Server (Server.java:doStart(351)) - jetty-9.3.24.v20180605, build timestamp: 2018-06-05T17:11:56Z, git hash: 84205aa28f11a4f31f2a3b86d1bba2cc8ab69827
2019-09-18 17:33:22,123 [main] INFO  handler.ContextHandler (ContextHandler.java:doStart(781)) - Started o.e.j.s.ServletContextHandler@299b9851{/logs,file:///workdir/hadoop-ozone/integration-test/target/log,AVAILABLE}
2019-09-18 17:33:22,124 [main] INFO  handler.ContextHandler (ContextHandler.java:doStart(781)) - Started o.e.j.s.ServletContextHandler@67328bcb{/static,jar:file:/home/user/.m2/repository/org/apache/hadoop/hadoop-hdds-container-service/0.5.0-SNAPSHOT/hadoop-hdds-container-service-0.5.0-SNAPSHOT.jar!/webapps/static,AVAILABLE}
2019-09-18 17:33:22,151 [main] INFO  handler.ContextHandler (ContextHandler.java:doStart(781)) - Started o.e.j.w.WebAppContext@281b2dfd{/,file:///tmp/jetty-0.0.0.0-45332-hddsDatanode-_-any-7033641062874548127.dir/webapp/,AVAILABLE}{/hddsDatanode}
2019-09-18 17:33:22,151 [main] INFO  server.AbstractConnector (AbstractConnector.java:doStart(278)) - Started ServerConnector@492be039{HTTP/1.1,[http/1.1]}{0.0.0.0:45332}
2019-09-18 17:33:22,153 [main] INFO  server.Server (Server.java:doStart(419)) - Started @225281ms
2019-09-18 17:33:22,153 [main] WARN  impl.MetricsSystemImpl (MetricsSystemImpl.java:register(276)) - Sink prometheus already exists!
2019-09-18 17:33:22,153 [main] INFO  server.BaseHttpServer (BaseHttpServer.java:updateConnectorAddress(215)) - HTTP server of HDDSDATANODE is listening at http://0.0.0.0:45332
2019-09-18 17:33:22,154 [main] INFO  impl.MetricsSystemImpl (MetricsSystemImpl.java:init(158)) - HddsDatanode metrics system started (again)
2019-09-18 17:33:22,157 [org.apache.hadoop.util.JvmPauseMonitor$Monitor@49e5ae0d] INFO  util.JvmPauseMonitor (JvmPauseMonitor.java:run(188)) - Starting JVM pause monitor
2019-09-18 17:33:22,157 [main] INFO  ozone.HddsDatanodeService (HddsDatanodeService.java:start(184)) - HddsDatanodeService host:pr-hdds-2147-dpwbv-833026882 ip:192.168.5.155
2019-09-18 17:33:22,159 [Datanode State Machine Thread - 0] INFO  datanode.InitDatanodeState (InitDatanodeState.java:persistContainerDatanodeDetails(140)) - DatanodeDetails is persisted to /workdir/hadoop-ozone/integration-test/target/test-dir/MiniOzoneClusterImpl-37195201-b030-4955-b08c-e60a1205ff04/datanode-0/meta/datanode.id
2019-09-18 17:33:22,162 [main] INFO  volume.HddsVolume (HddsVolume.java:<init>(176)) - Creating Volume: /workdir/hadoop-ozone/integration-test/target/test-dir/MiniOzoneClusterImpl-37195201-b030-4955-b08c-e60a1205ff04/datanode-1/data/containers/hdds of  storage type : DISK and capacity : 1482555576320
2019-09-18 17:33:22,163 [main] INFO  volume.VolumeSet (VolumeSet.java:initializeVolumeSet(170)) - Added Volume : /workdir/hadoop-ozone/integration-test/target/test-dir/MiniOzoneClusterImpl-37195201-b030-4955-b08c-e60a1205ff04/datanode-1/data/containers/hdds to VolumeSet
2019-09-18 17:33:22,163 [main] INFO  volume.ThrottledAsyncChecker (ThrottledAsyncChecker.java:schedule(139)) - Scheduling a check for org.apache.hadoop.ozone.container.common.volume.HddsVolume@4f114b
2019-09-18 17:33:22,163 [main] INFO  volume.HddsVolumeChecker (HddsVolumeChecker.java:checkAllVolumes(202)) - Scheduled health check for volume org.apache.hadoop.ozone.container.common.volume.HddsVolume@4f114b
2019-09-18 17:33:22,175 [main] INFO  impl.RaftServerProxy (ConfUtils.java:logGet(43)) - raft.rpc.type = GRPC (default)
2019-09-18 17:33:22,175 [main] INFO  grpc.GrpcFactory (GrpcFactory.java:checkPooledByteBufAllocatorUseCacheForAllThreads(45)) - PERFORMANCE WARNING: useCacheForAllThreads is true that may cause Netty to create a lot garbage objects and, as a result, trigger GC.
	It is recommended to disable useCacheForAllThreads by setting -Dorg.apache.ratis.thirdparty.io.netty.allocator.useCacheForAllThreads=false in command line.
2019-09-18 17:33:22,175 [main] INFO  grpc.GrpcConfigKeys$Server (ConfUtils.java:logGet(43)) - raft.grpc.server.port = 0 (default)
2019-09-18 17:33:22,176 [main] INFO  server.GrpcService (ConfUtils.java:logGet(43)) - raft.grpc.message.size.max = 33570816 (custom)
2019-09-18 17:33:22,176 [main] INFO  server.RaftServerConfigKeys (ConfUtils.java:logGet(43)) - raft.server.log.appender.buffer.byte-limit = 33554432 (custom)
2019-09-18 17:33:22,176 [main] INFO  server.GrpcService (ConfUtils.java:logGet(43)) - raft.grpc.flow.control.window = 1MB (=1048576) (default)
2019-09-18 17:33:22,176 [main] INFO  server.RaftServerConfigKeys (ConfUtils.java:logGet(43)) - raft.server.rpc.request.timeout = 3000ms (default)
2019-09-18 17:33:22,177 [main] INFO  server.RaftServerConfigKeys (ConfUtils.java:logGet(43)) - raft.server.storage.dir = [/workdir/hadoop-ozone/integration-test/target/test-dir/MiniOzoneClusterImpl-37195201-b030-4955-b08c-e60a1205ff04/datanode-1/data/ratis] (custom)
2019-09-18 17:33:22,178 [main] INFO  hdfs.DFSUtil (DFSUtil.java:httpServerTemplateForNNAndJN(1641)) - Starting Web-server for hddsDatanode at: http://0.0.0.0:0
2019-09-18 17:33:22,179 [main] INFO  server.AuthenticationFilter (AuthenticationFilter.java:constructSecretProvider(240)) - Unable to initialize FileSignerSecretProvider, falling back to use random secrets.
2019-09-18 17:33:22,179 [main] WARN  http.HttpRequestLog (HttpRequestLog.java:getRequestLog(97)) - Jetty request log can only be enabled using Log4j
2019-09-18 17:33:22,181 [main] INFO  http.HttpServer2 (HttpServer2.java:addGlobalFilter(975)) - Added global filter 'safety' (class=org.apache.hadoop.http.HttpServer2$QuotingInputFilter)
2019-09-18 17:33:22,182 [main] INFO  http.HttpServer2 (HttpServer2.java:addFilter(948)) - Added filter static_user_filter (class=org.apache.hadoop.http.lib.StaticUserWebFilter$StaticUserFilter) to context hddsDatanode
2019-09-18 17:33:22,182 [main] INFO  http.HttpServer2 (HttpServer2.java:addFilter(958)) - Added filter static_user_filter (class=org.apache.hadoop.http.lib.StaticUserWebFilter$StaticUserFilter) to context static
2019-09-18 17:33:22,182 [main] INFO  http.HttpServer2 (HttpServer2.java:addFilter(958)) - Added filter static_user_filter (class=org.apache.hadoop.http.lib.StaticUserWebFilter$StaticUserFilter) to context logs
2019-09-18 17:33:22,183 [main] INFO  http.HttpServer2 (HttpServer2.java:bindListener(1191)) - Jetty bound to port 34565
2019-09-18 17:33:22,183 [main] INFO  server.Server (Server.java:doStart(351)) - jetty-9.3.24.v20180605, build timestamp: 2018-06-05T17:11:56Z, git hash: 84205aa28f11a4f31f2a3b86d1bba2cc8ab69827
2019-09-18 17:33:22,184 [main] INFO  handler.ContextHandler (ContextHandler.java:doStart(781)) - Started o.e.j.s.ServletContextHandler@3e5beab5{/logs,file:///workdir/hadoop-ozone/integration-test/target/log,AVAILABLE}
2019-09-18 17:33:22,185 [main] INFO  handler.ContextHandler (ContextHandler.java:doStart(781)) - Started o.e.j.s.ServletContextHandler@33ec2c0c{/static,jar:file:/home/user/.m2/repository/org/apache/hadoop/hadoop-hdds-container-service/0.5.0-SNAPSHOT/hadoop-hdds-container-service-0.5.0-SNAPSHOT.jar!/webapps/static,AVAILABLE}
2019-09-18 17:33:22,210 [main] INFO  handler.ContextHandler (ContextHandler.java:doStart(781)) - Started o.e.j.w.WebAppContext@51ac12ac{/,file:///tmp/jetty-0.0.0.0-34565-hddsDatanode-_-any-6574356324475143660.dir/webapp/,AVAILABLE}{/hddsDatanode}
2019-09-18 17:33:22,211 [main] INFO  server.AbstractConnector (AbstractConnector.java:doStart(278)) - Started ServerConnector@463afa6e{HTTP/1.1,[http/1.1]}{0.0.0.0:34565}
2019-09-18 17:33:22,212 [main] INFO  server.Server (Server.java:doStart(419)) - Started @225340ms
2019-09-18 17:33:22,212 [main] WARN  impl.MetricsSystemImpl (MetricsSystemImpl.java:register(276)) - Sink prometheus already exists!
2019-09-18 17:33:22,213 [main] INFO  server.BaseHttpServer (BaseHttpServer.java:updateConnectorAddress(215)) - HTTP server of HDDSDATANODE is listening at http://0.0.0.0:34565
2019-09-18 17:33:22,213 [main] INFO  impl.MetricsSystemImpl (MetricsSystemImpl.java:init(158)) - HddsDatanode metrics system started (again)
2019-09-18 17:33:22,216 [org.apache.hadoop.util.JvmPauseMonitor$Monitor@1f8f6dff] INFO  util.JvmPauseMonitor (JvmPauseMonitor.java:run(188)) - Starting JVM pause monitor
2019-09-18 17:33:22,217 [main] INFO  ozone.HddsDatanodeService (HddsDatanodeService.java:start(184)) - HddsDatanodeService host:pr-hdds-2147-dpwbv-833026882 ip:192.168.5.155
2019-09-18 17:33:22,230 [main] INFO  volume.HddsVolume (HddsVolume.java:<init>(176)) - Creating Volume: /workdir/hadoop-ozone/integration-test/target/test-dir/MiniOzoneClusterImpl-37195201-b030-4955-b08c-e60a1205ff04/datanode-2/data/containers/hdds of  storage type : DISK and capacity : 1482555576320
2019-09-18 17:33:22,231 [Datanode State Machine Thread - 0] INFO  datanode.InitDatanodeState (InitDatanodeState.java:persistContainerDatanodeDetails(140)) - DatanodeDetails is persisted to /workdir/hadoop-ozone/integration-test/target/test-dir/MiniOzoneClusterImpl-37195201-b030-4955-b08c-e60a1205ff04/datanode-1/meta/datanode.id
2019-09-18 17:33:22,231 [main] INFO  volume.VolumeSet (VolumeSet.java:initializeVolumeSet(170)) - Added Volume : /workdir/hadoop-ozone/integration-test/target/test-dir/MiniOzoneClusterImpl-37195201-b030-4955-b08c-e60a1205ff04/datanode-2/data/containers/hdds to VolumeSet
2019-09-18 17:33:22,231 [main] INFO  volume.ThrottledAsyncChecker (ThrottledAsyncChecker.java:schedule(139)) - Scheduling a check for org.apache.hadoop.ozone.container.common.volume.HddsVolume@256bb5be
2019-09-18 17:33:22,231 [main] INFO  volume.HddsVolumeChecker (HddsVolumeChecker.java:checkAllVolumes(202)) - Scheduled health check for volume org.apache.hadoop.ozone.container.common.volume.HddsVolume@256bb5be
2019-09-18 17:33:22,242 [main] INFO  impl.RaftServerProxy (ConfUtils.java:logGet(43)) - raft.rpc.type = GRPC (default)
2019-09-18 17:33:22,242 [main] INFO  grpc.GrpcFactory (GrpcFactory.java:checkPooledByteBufAllocatorUseCacheForAllThreads(45)) - PERFORMANCE WARNING: useCacheForAllThreads is true that may cause Netty to create a lot garbage objects and, as a result, trigger GC.
	It is recommended to disable useCacheForAllThreads by setting -Dorg.apache.ratis.thirdparty.io.netty.allocator.useCacheForAllThreads=false in command line.
2019-09-18 17:33:22,243 [main] INFO  grpc.GrpcConfigKeys$Server (ConfUtils.java:logGet(43)) - raft.grpc.server.port = 0 (default)
2019-09-18 17:33:22,243 [main] INFO  server.GrpcService (ConfUtils.java:logGet(43)) - raft.grpc.message.size.max = 33570816 (custom)
2019-09-18 17:33:22,243 [main] INFO  server.RaftServerConfigKeys (ConfUtils.java:logGet(43)) - raft.server.log.appender.buffer.byte-limit = 33554432 (custom)
2019-09-18 17:33:22,243 [main] INFO  server.GrpcService (ConfUtils.java:logGet(43)) - raft.grpc.flow.control.window = 1MB (=1048576) (default)
2019-09-18 17:33:22,243 [main] INFO  server.RaftServerConfigKeys (ConfUtils.java:logGet(43)) - raft.server.rpc.request.timeout = 3000ms (default)
2019-09-18 17:33:22,244 [main] INFO  server.RaftServerConfigKeys (ConfUtils.java:logGet(43)) - raft.server.storage.dir = [/workdir/hadoop-ozone/integration-test/target/test-dir/MiniOzoneClusterImpl-37195201-b030-4955-b08c-e60a1205ff04/datanode-2/data/ratis] (custom)
2019-09-18 17:33:22,245 [main] INFO  hdfs.DFSUtil (DFSUtil.java:httpServerTemplateForNNAndJN(1641)) - Starting Web-server for hddsDatanode at: http://0.0.0.0:0
2019-09-18 17:33:22,246 [main] INFO  server.AuthenticationFilter (AuthenticationFilter.java:constructSecretProvider(240)) - Unable to initialize FileSignerSecretProvider, falling back to use random secrets.
2019-09-18 17:33:22,246 [main] WARN  http.HttpRequestLog (HttpRequestLog.java:getRequestLog(97)) - Jetty request log can only be enabled using Log4j
2019-09-18 17:33:22,247 [main] INFO  http.HttpServer2 (HttpServer2.java:addGlobalFilter(975)) - Added global filter 'safety' (class=org.apache.hadoop.http.HttpServer2$QuotingInputFilter)
2019-09-18 17:33:22,248 [main] INFO  http.HttpServer2 (HttpServer2.java:addFilter(948)) - Added filter static_user_filter (class=org.apache.hadoop.http.lib.StaticUserWebFilter$StaticUserFilter) to context hddsDatanode
2019-09-18 17:33:22,248 [main] INFO  http.HttpServer2 (HttpServer2.java:addFilter(958)) - Added filter static_user_filter (class=org.apache.hadoop.http.lib.StaticUserWebFilter$StaticUserFilter) to context logs
2019-09-18 17:33:22,248 [main] INFO  http.HttpServer2 (HttpServer2.java:addFilter(958)) - Added filter static_user_filter (class=org.apache.hadoop.http.lib.StaticUserWebFilter$StaticUserFilter) to context static
2019-09-18 17:33:22,249 [main] INFO  http.HttpServer2 (HttpServer2.java:bindListener(1191)) - Jetty bound to port 34022
2019-09-18 17:33:22,249 [main] INFO  server.Server (Server.java:doStart(351)) - jetty-9.3.24.v20180605, build timestamp: 2018-06-05T17:11:56Z, git hash: 84205aa28f11a4f31f2a3b86d1bba2cc8ab69827
2019-09-18 17:33:22,250 [main] INFO  handler.ContextHandler (ContextHandler.java:doStart(781)) - Started o.e.j.s.ServletContextHandler@11f23038{/logs,file:///workdir/hadoop-ozone/integration-test/target/log,AVAILABLE}
2019-09-18 17:33:22,251 [main] INFO  handler.ContextHandler (ContextHandler.java:doStart(781)) - Started o.e.j.s.ServletContextHandler@691567ea{/static,jar:file:/home/user/.m2/repository/org/apache/hadoop/hadoop-hdds-container-service/0.5.0-SNAPSHOT/hadoop-hdds-container-service-0.5.0-SNAPSHOT.jar!/webapps/static,AVAILABLE}
2019-09-18 17:33:22,278 [main] INFO  handler.ContextHandler (ContextHandler.java:doStart(781)) - Started o.e.j.w.WebAppContext@27a9f025{/,file:///tmp/jetty-0.0.0.0-34022-hddsDatanode-_-any-3527424083862130047.dir/webapp/,AVAILABLE}{/hddsDatanode}
2019-09-18 17:33:22,278 [main] INFO  server.AbstractConnector (AbstractConnector.java:doStart(278)) - Started ServerConnector@71936a92{HTTP/1.1,[http/1.1]}{0.0.0.0:34022}
2019-09-18 17:33:22,279 [main] INFO  server.Server (Server.java:doStart(419)) - Started @225408ms
2019-09-18 17:33:22,279 [main] WARN  impl.MetricsSystemImpl (MetricsSystemImpl.java:register(276)) - Sink prometheus already exists!
2019-09-18 17:33:22,280 [main] INFO  server.BaseHttpServer (BaseHttpServer.java:updateConnectorAddress(215)) - HTTP server of HDDSDATANODE is listening at http://0.0.0.0:34022
2019-09-18 17:33:22,281 [main] INFO  impl.MetricsSystemImpl (MetricsSystemImpl.java:init(158)) - HddsDatanode metrics system started (again)
2019-09-18 17:33:22,284 [org.apache.hadoop.util.JvmPauseMonitor$Monitor@489d0dd3] INFO  util.JvmPauseMonitor (JvmPauseMonitor.java:run(188)) - Starting JVM pause monitor
2019-09-18 17:33:22,285 [main] INFO  ozone.HddsDatanodeService (HddsDatanodeService.java:start(184)) - HddsDatanodeService host:pr-hdds-2147-dpwbv-833026882 ip:192.168.5.155
2019-09-18 17:33:22,285 [Datanode State Machine Thread - 0] INFO  datanode.InitDatanodeState (InitDatanodeState.java:persistContainerDatanodeDetails(140)) - DatanodeDetails is persisted to /workdir/hadoop-ozone/integration-test/target/test-dir/MiniOzoneClusterImpl-37195201-b030-4955-b08c-e60a1205ff04/datanode-2/meta/datanode.id
2019-09-18 17:33:22,290 [main] INFO  volume.HddsVolume (HddsVolume.java:<init>(176)) - Creating Volume: /workdir/hadoop-ozone/integration-test/target/test-dir/MiniOzoneClusterImpl-37195201-b030-4955-b08c-e60a1205ff04/datanode-3/data/containers/hdds of  storage type : DISK and capacity : 1482555576320
2019-09-18 17:33:22,290 [main] INFO  volume.VolumeSet (VolumeSet.java:initializeVolumeSet(170)) - Added Volume : /workdir/hadoop-ozone/integration-test/target/test-dir/MiniOzoneClusterImpl-37195201-b030-4955-b08c-e60a1205ff04/datanode-3/data/containers/hdds to VolumeSet
2019-09-18 17:33:22,290 [main] INFO  volume.ThrottledAsyncChecker (ThrottledAsyncChecker.java:schedule(139)) - Scheduling a check for org.apache.hadoop.ozone.container.common.volume.HddsVolume@6cbb7a7d
2019-09-18 17:33:22,291 [main] INFO  volume.HddsVolumeChecker (HddsVolumeChecker.java:checkAllVolumes(202)) - Scheduled health check for volume org.apache.hadoop.ozone.container.common.volume.HddsVolume@6cbb7a7d
2019-09-18 17:33:22,303 [main] INFO  impl.RaftServerProxy (ConfUtils.java:logGet(43)) - raft.rpc.type = GRPC (default)
2019-09-18 17:33:22,303 [main] INFO  grpc.GrpcFactory (GrpcFactory.java:checkPooledByteBufAllocatorUseCacheForAllThreads(45)) - PERFORMANCE WARNING: useCacheForAllThreads is true that may cause Netty to create a lot garbage objects and, as a result, trigger GC.
	It is recommended to disable useCacheForAllThreads by setting -Dorg.apache.ratis.thirdparty.io.netty.allocator.useCacheForAllThreads=false in command line.
2019-09-18 17:33:22,303 [main] INFO  grpc.GrpcConfigKeys$Server (ConfUtils.java:logGet(43)) - raft.grpc.server.port = 0 (default)
2019-09-18 17:33:22,304 [main] INFO  server.GrpcService (ConfUtils.java:logGet(43)) - raft.grpc.message.size.max = 33570816 (custom)
2019-09-18 17:33:22,304 [main] INFO  server.RaftServerConfigKeys (ConfUtils.java:logGet(43)) - raft.server.log.appender.buffer.byte-limit = 33554432 (custom)
2019-09-18 17:33:22,304 [main] INFO  server.GrpcService (ConfUtils.java:logGet(43)) - raft.grpc.flow.control.window = 1MB (=1048576) (default)
2019-09-18 17:33:22,304 [main] INFO  server.RaftServerConfigKeys (ConfUtils.java:logGet(43)) - raft.server.rpc.request.timeout = 3000ms (default)
2019-09-18 17:33:22,305 [main] INFO  server.RaftServerConfigKeys (ConfUtils.java:logGet(43)) - raft.server.storage.dir = [/workdir/hadoop-ozone/integration-test/target/test-dir/MiniOzoneClusterImpl-37195201-b030-4955-b08c-e60a1205ff04/datanode-3/data/ratis] (custom)
2019-09-18 17:33:22,306 [main] INFO  hdfs.DFSUtil (DFSUtil.java:httpServerTemplateForNNAndJN(1641)) - Starting Web-server for hddsDatanode at: http://0.0.0.0:0
2019-09-18 17:33:22,308 [main] INFO  server.AuthenticationFilter (AuthenticationFilter.java:constructSecretProvider(240)) - Unable to initialize FileSignerSecretProvider, falling back to use random secrets.
2019-09-18 17:33:22,308 [main] WARN  http.HttpRequestLog (HttpRequestLog.java:getRequestLog(97)) - Jetty request log can only be enabled using Log4j
2019-09-18 17:33:22,310 [main] INFO  http.HttpServer2 (HttpServer2.java:addGlobalFilter(975)) - Added global filter 'safety' (class=org.apache.hadoop.http.HttpServer2$QuotingInputFilter)
2019-09-18 17:33:22,310 [main] INFO  http.HttpServer2 (HttpServer2.java:addFilter(948)) - Added filter static_user_filter (class=org.apache.hadoop.http.lib.StaticUserWebFilter$StaticUserFilter) to context hddsDatanode
2019-09-18 17:33:22,311 [main] INFO  http.HttpServer2 (HttpServer2.java:addFilter(958)) - Added filter static_user_filter (class=org.apache.hadoop.http.lib.StaticUserWebFilter$StaticUserFilter) to context static
2019-09-18 17:33:22,311 [main] INFO  http.HttpServer2 (HttpServer2.java:addFilter(958)) - Added filter static_user_filter (class=org.apache.hadoop.http.lib.StaticUserWebFilter$StaticUserFilter) to context logs
2019-09-18 17:33:22,312 [main] INFO  http.HttpServer2 (HttpServer2.java:bindListener(1191)) - Jetty bound to port 41250
2019-09-18 17:33:22,312 [main] INFO  server.Server (Server.java:doStart(351)) - jetty-9.3.24.v20180605, build timestamp: 2018-06-05T17:11:56Z, git hash: 84205aa28f11a4f31f2a3b86d1bba2cc8ab69827
2019-09-18 17:33:22,314 [main] INFO  handler.ContextHandler (ContextHandler.java:doStart(781)) - Started o.e.j.s.ServletContextHandler@37c7766e{/logs,file:///workdir/hadoop-ozone/integration-test/target/log,AVAILABLE}
2019-09-18 17:33:22,314 [main] INFO  handler.ContextHandler (ContextHandler.java:doStart(781)) - Started o.e.j.s.ServletContextHandler@4b7ed03e{/static,jar:file:/home/user/.m2/repository/org/apache/hadoop/hadoop-hdds-container-service/0.5.0-SNAPSHOT/hadoop-hdds-container-service-0.5.0-SNAPSHOT.jar!/webapps/static,AVAILABLE}
2019-09-18 17:33:22,351 [main] INFO  handler.ContextHandler (ContextHandler.java:doStart(781)) - Started o.e.j.w.WebAppContext@2801827a{/,file:///tmp/jetty-0.0.0.0-41250-hddsDatanode-_-any-3663463347307662632.dir/webapp/,AVAILABLE}{/hddsDatanode}
2019-09-18 17:33:22,352 [main] INFO  server.AbstractConnector (AbstractConnector.java:doStart(278)) - Started ServerConnector@50bc3219{HTTP/1.1,[http/1.1]}{0.0.0.0:41250}
2019-09-18 17:33:22,354 [main] INFO  server.Server (Server.java:doStart(419)) - Started @225482ms
2019-09-18 17:33:22,354 [main] WARN  impl.MetricsSystemImpl (MetricsSystemImpl.java:register(276)) - Sink prometheus already exists!
2019-09-18 17:33:22,355 [main] INFO  server.BaseHttpServer (BaseHttpServer.java:updateConnectorAddress(215)) - HTTP server of HDDSDATANODE is listening at http://0.0.0.0:41250
2019-09-18 17:33:22,355 [main] INFO  impl.MetricsSystemImpl (MetricsSystemImpl.java:init(158)) - HddsDatanode metrics system started (again)
2019-09-18 17:33:22,359 [org.apache.hadoop.util.JvmPauseMonitor$Monitor@f36dc20] INFO  util.JvmPauseMonitor (JvmPauseMonitor.java:run(188)) - Starting JVM pause monitor
2019-09-18 17:33:22,359 [main] INFO  ozone.HddsDatanodeService (HddsDatanodeService.java:start(184)) - HddsDatanodeService host:pr-hdds-2147-dpwbv-833026882 ip:192.168.5.155
2019-09-18 17:33:22,359 [Datanode State Machine Thread - 0] INFO  datanode.InitDatanodeState (InitDatanodeState.java:persistContainerDatanodeDetails(140)) - DatanodeDetails is persisted to /workdir/hadoop-ozone/integration-test/target/test-dir/MiniOzoneClusterImpl-37195201-b030-4955-b08c-e60a1205ff04/datanode-3/meta/datanode.id
2019-09-18 17:33:22,366 [main] INFO  volume.HddsVolume (HddsVolume.java:<init>(176)) - Creating Volume: /workdir/hadoop-ozone/integration-test/target/test-dir/MiniOzoneClusterImpl-37195201-b030-4955-b08c-e60a1205ff04/datanode-4/data/containers/hdds of  storage type : DISK and capacity : 1482555576320
2019-09-18 17:33:22,366 [main] INFO  volume.VolumeSet (VolumeSet.java:initializeVolumeSet(170)) - Added Volume : /workdir/hadoop-ozone/integration-test/target/test-dir/MiniOzoneClusterImpl-37195201-b030-4955-b08c-e60a1205ff04/datanode-4/data/containers/hdds to VolumeSet
2019-09-18 17:33:22,366 [main] INFO  volume.ThrottledAsyncChecker (ThrottledAsyncChecker.java:schedule(139)) - Scheduling a check for org.apache.hadoop.ozone.container.common.volume.HddsVolume@2725ca05
2019-09-18 17:33:22,367 [main] INFO  volume.HddsVolumeChecker (HddsVolumeChecker.java:checkAllVolumes(202)) - Scheduled health check for volume org.apache.hadoop.ozone.container.common.volume.HddsVolume@2725ca05
2019-09-18 17:33:22,380 [main] INFO  impl.RaftServerProxy (ConfUtils.java:logGet(43)) - raft.rpc.type = GRPC (default)
2019-09-18 17:33:22,380 [main] INFO  grpc.GrpcFactory (GrpcFactory.java:checkPooledByteBufAllocatorUseCacheForAllThreads(45)) - PERFORMANCE WARNING: useCacheForAllThreads is true that may cause Netty to create a lot garbage objects and, as a result, trigger GC.
	It is recommended to disable useCacheForAllThreads by setting -Dorg.apache.ratis.thirdparty.io.netty.allocator.useCacheForAllThreads=false in command line.
2019-09-18 17:33:22,381 [main] INFO  grpc.GrpcConfigKeys$Server (ConfUtils.java:logGet(43)) - raft.grpc.server.port = 0 (default)
2019-09-18 17:33:22,381 [main] INFO  server.GrpcService (ConfUtils.java:logGet(43)) - raft.grpc.message.size.max = 33570816 (custom)
2019-09-18 17:33:22,381 [main] INFO  server.RaftServerConfigKeys (ConfUtils.java:logGet(43)) - raft.server.log.appender.buffer.byte-limit = 33554432 (custom)
2019-09-18 17:33:22,381 [main] INFO  server.GrpcService (ConfUtils.java:logGet(43)) - raft.grpc.flow.control.window = 1MB (=1048576) (default)
2019-09-18 17:33:22,381 [main] INFO  server.RaftServerConfigKeys (ConfUtils.java:logGet(43)) - raft.server.rpc.request.timeout = 3000ms (default)
2019-09-18 17:33:22,382 [main] INFO  server.RaftServerConfigKeys (ConfUtils.java:logGet(43)) - raft.server.storage.dir = [/workdir/hadoop-ozone/integration-test/target/test-dir/MiniOzoneClusterImpl-37195201-b030-4955-b08c-e60a1205ff04/datanode-4/data/ratis] (custom)
2019-09-18 17:33:22,383 [main] INFO  hdfs.DFSUtil (DFSUtil.java:httpServerTemplateForNNAndJN(1641)) - Starting Web-server for hddsDatanode at: http://0.0.0.0:0
2019-09-18 17:33:22,385 [main] INFO  server.AuthenticationFilter (AuthenticationFilter.java:constructSecretProvider(240)) - Unable to initialize FileSignerSecretProvider, falling back to use random secrets.
2019-09-18 17:33:22,385 [main] WARN  http.HttpRequestLog (HttpRequestLog.java:getRequestLog(97)) - Jetty request log can only be enabled using Log4j
2019-09-18 17:33:22,386 [main] INFO  http.HttpServer2 (HttpServer2.java:addGlobalFilter(975)) - Added global filter 'safety' (class=org.apache.hadoop.http.HttpServer2$QuotingInputFilter)
2019-09-18 17:33:22,387 [main] INFO  http.HttpServer2 (HttpServer2.java:addFilter(948)) - Added filter static_user_filter (class=org.apache.hadoop.http.lib.StaticUserWebFilter$StaticUserFilter) to context hddsDatanode
2019-09-18 17:33:22,387 [main] INFO  http.HttpServer2 (HttpServer2.java:addFilter(958)) - Added filter static_user_filter (class=org.apache.hadoop.http.lib.StaticUserWebFilter$StaticUserFilter) to context logs
2019-09-18 17:33:22,387 [main] INFO  http.HttpServer2 (HttpServer2.java:addFilter(958)) - Added filter static_user_filter (class=org.apache.hadoop.http.lib.StaticUserWebFilter$StaticUserFilter) to context static
2019-09-18 17:33:22,388 [main] INFO  http.HttpServer2 (HttpServer2.java:bindListener(1191)) - Jetty bound to port 39505
2019-09-18 17:33:22,388 [main] INFO  server.Server (Server.java:doStart(351)) - jetty-9.3.24.v20180605, build timestamp: 2018-06-05T17:11:56Z, git hash: 84205aa28f11a4f31f2a3b86d1bba2cc8ab69827
2019-09-18 17:33:22,389 [main] INFO  handler.ContextHandler (ContextHandler.java:doStart(781)) - Started o.e.j.s.ServletContextHandler@231cdda8{/logs,file:///workdir/hadoop-ozone/integration-test/target/log,AVAILABLE}
2019-09-18 17:33:22,390 [main] INFO  handler.ContextHandler (ContextHandler.java:doStart(781)) - Started o.e.j.s.ServletContextHandler@3002e397{/static,jar:file:/home/user/.m2/repository/org/apache/hadoop/hadoop-hdds-container-service/0.5.0-SNAPSHOT/hadoop-hdds-container-service-0.5.0-SNAPSHOT.jar!/webapps/static,AVAILABLE}
2019-09-18 17:33:22,415 [main] INFO  handler.ContextHandler (ContextHandler.java:doStart(781)) - Started o.e.j.w.WebAppContext@586cc15d{/,file:///tmp/jetty-0.0.0.0-39505-hddsDatanode-_-any-1764935358695762992.dir/webapp/,AVAILABLE}{/hddsDatanode}
2019-09-18 17:33:22,415 [main] INFO  server.AbstractConnector (AbstractConnector.java:doStart(278)) - Started ServerConnector@6c835217{HTTP/1.1,[http/1.1]}{0.0.0.0:39505}
2019-09-18 17:33:22,417 [main] INFO  server.Server (Server.java:doStart(419)) - Started @225545ms
2019-09-18 17:33:22,417 [main] WARN  impl.MetricsSystemImpl (MetricsSystemImpl.java:register(276)) - Sink prometheus already exists!
2019-09-18 17:33:22,418 [main] INFO  server.BaseHttpServer (BaseHttpServer.java:updateConnectorAddress(215)) - HTTP server of HDDSDATANODE is listening at http://0.0.0.0:39505
2019-09-18 17:33:22,418 [main] INFO  impl.MetricsSystemImpl (MetricsSystemImpl.java:init(158)) - HddsDatanode metrics system started (again)
2019-09-18 17:33:22,422 [org.apache.hadoop.util.JvmPauseMonitor$Monitor@22dfa2a1] INFO  util.JvmPauseMonitor (JvmPauseMonitor.java:run(188)) - Starting JVM pause monitor
2019-09-18 17:33:22,614 [main] INFO  ozone.HddsDatanodeService (HddsDatanodeService.java:start(184)) - HddsDatanodeService host:pr-hdds-2147-dpwbv-833026882 ip:192.168.5.155
2019-09-18 17:33:22,622 [Datanode State Machine Thread - 0] INFO  datanode.InitDatanodeState (InitDatanodeState.java:persistContainerDatanodeDetails(140)) - DatanodeDetails is persisted to /workdir/hadoop-ozone/integration-test/target/test-dir/MiniOzoneClusterImpl-37195201-b030-4955-b08c-e60a1205ff04/datanode-4/meta/datanode.id
2019-09-18 17:33:22,818 [main] INFO  volume.HddsVolume (HddsVolume.java:<init>(176)) - Creating Volume: /workdir/hadoop-ozone/integration-test/target/test-dir/MiniOzoneClusterImpl-37195201-b030-4955-b08c-e60a1205ff04/datanode-5/data/containers/hdds of  storage type : DISK and capacity : 1482555576320
2019-09-18 17:33:22,818 [main] INFO  volume.VolumeSet (VolumeSet.java:initializeVolumeSet(170)) - Added Volume : /workdir/hadoop-ozone/integration-test/target/test-dir/MiniOzoneClusterImpl-37195201-b030-4955-b08c-e60a1205ff04/datanode-5/data/containers/hdds to VolumeSet
2019-09-18 17:33:22,818 [main] INFO  volume.ThrottledAsyncChecker (ThrottledAsyncChecker.java:schedule(139)) - Scheduling a check for org.apache.hadoop.ozone.container.common.volume.HddsVolume@28b8f98a
2019-09-18 17:33:22,819 [main] INFO  volume.HddsVolumeChecker (HddsVolumeChecker.java:checkAllVolumes(202)) - Scheduled health check for volume org.apache.hadoop.ozone.container.common.volume.HddsVolume@28b8f98a
2019-09-18 17:33:22,831 [main] INFO  impl.RaftServerProxy (ConfUtils.java:logGet(43)) - raft.rpc.type = GRPC (default)
2019-09-18 17:33:22,831 [main] INFO  grpc.GrpcFactory (GrpcFactory.java:checkPooledByteBufAllocatorUseCacheForAllThreads(45)) - PERFORMANCE WARNING: useCacheForAllThreads is true that may cause Netty to create a lot garbage objects and, as a result, trigger GC.
	It is recommended to disable useCacheForAllThreads by setting -Dorg.apache.ratis.thirdparty.io.netty.allocator.useCacheForAllThreads=false in command line.
2019-09-18 17:33:22,831 [main] INFO  grpc.GrpcConfigKeys$Server (ConfUtils.java:logGet(43)) - raft.grpc.server.port = 0 (default)
2019-09-18 17:33:22,831 [main] INFO  server.GrpcService (ConfUtils.java:logGet(43)) - raft.grpc.message.size.max = 33570816 (custom)
2019-09-18 17:33:22,832 [main] INFO  server.RaftServerConfigKeys (ConfUtils.java:logGet(43)) - raft.server.log.appender.buffer.byte-limit = 33554432 (custom)
2019-09-18 17:33:22,832 [main] INFO  server.GrpcService (ConfUtils.java:logGet(43)) - raft.grpc.flow.control.window = 1MB (=1048576) (default)
2019-09-18 17:33:22,832 [main] INFO  server.RaftServerConfigKeys (ConfUtils.java:logGet(43)) - raft.server.rpc.request.timeout = 3000ms (default)
2019-09-18 17:33:22,832 [main] INFO  server.RaftServerConfigKeys (ConfUtils.java:logGet(43)) - raft.server.storage.dir = [/workdir/hadoop-ozone/integration-test/target/test-dir/MiniOzoneClusterImpl-37195201-b030-4955-b08c-e60a1205ff04/datanode-5/data/ratis] (custom)
2019-09-18 17:33:22,834 [main] INFO  hdfs.DFSUtil (DFSUtil.java:httpServerTemplateForNNAndJN(1641)) - Starting Web-server for hddsDatanode at: http://0.0.0.0:0
2019-09-18 17:33:22,836 [main] INFO  server.AuthenticationFilter (AuthenticationFilter.java:constructSecretProvider(240)) - Unable to initialize FileSignerSecretProvider, falling back to use random secrets.
2019-09-18 17:33:22,836 [main] WARN  http.HttpRequestLog (HttpRequestLog.java:getRequestLog(97)) - Jetty request log can only be enabled using Log4j
2019-09-18 17:33:22,838 [main] INFO  http.HttpServer2 (HttpServer2.java:addGlobalFilter(975)) - Added global filter 'safety' (class=org.apache.hadoop.http.HttpServer2$QuotingInputFilter)
2019-09-18 17:33:22,838 [main] INFO  http.HttpServer2 (HttpServer2.java:addFilter(948)) - Added filter static_user_filter (class=org.apache.hadoop.http.lib.StaticUserWebFilter$StaticUserFilter) to context hddsDatanode
2019-09-18 17:33:22,839 [main] INFO  http.HttpServer2 (HttpServer2.java:addFilter(958)) - Added filter static_user_filter (class=org.apache.hadoop.http.lib.StaticUserWebFilter$StaticUserFilter) to context static
2019-09-18 17:33:22,839 [main] INFO  http.HttpServer2 (HttpServer2.java:addFilter(958)) - Added filter static_user_filter (class=org.apache.hadoop.http.lib.StaticUserWebFilter$StaticUserFilter) to context logs
2019-09-18 17:33:22,839 [main] INFO  http.HttpServer2 (HttpServer2.java:bindListener(1191)) - Jetty bound to port 38090
2019-09-18 17:33:22,840 [main] INFO  server.Server (Server.java:doStart(351)) - jetty-9.3.24.v20180605, build timestamp: 2018-06-05T17:11:56Z, git hash: 84205aa28f11a4f31f2a3b86d1bba2cc8ab69827
2019-09-18 17:33:22,841 [main] INFO  handler.ContextHandler (ContextHandler.java:doStart(781)) - Started o.e.j.s.ServletContextHandler@29bbc391{/logs,file:///workdir/hadoop-ozone/integration-test/target/log,AVAILABLE}
2019-09-18 17:33:22,842 [main] INFO  handler.ContextHandler (ContextHandler.java:doStart(781)) - Started o.e.j.s.ServletContextHandler@530ee28b{/static,jar:file:/home/user/.m2/repository/org/apache/hadoop/hadoop-hdds-container-service/0.5.0-SNAPSHOT/hadoop-hdds-container-service-0.5.0-SNAPSHOT.jar!/webapps/static,AVAILABLE}
2019-09-18 17:33:22,875 [main] INFO  handler.ContextHandler (ContextHandler.java:doStart(781)) - Started o.e.j.w.WebAppContext@686cf8ad{/,file:///tmp/jetty-0.0.0.0-38090-hddsDatanode-_-any-4492779512986279530.dir/webapp/,AVAILABLE}{/hddsDatanode}
2019-09-18 17:33:22,876 [main] INFO  server.AbstractConnector (AbstractConnector.java:doStart(278)) - Started ServerConnector@747f6c5a{HTTP/1.1,[http/1.1]}{0.0.0.0:38090}
2019-09-18 17:33:22,877 [main] INFO  server.Server (Server.java:doStart(419)) - Started @226006ms
2019-09-18 17:33:22,877 [main] WARN  impl.MetricsSystemImpl (MetricsSystemImpl.java:register(276)) - Sink prometheus already exists!
2019-09-18 17:33:22,878 [main] INFO  server.BaseHttpServer (BaseHttpServer.java:updateConnectorAddress(215)) - HTTP server of HDDSDATANODE is listening at http://0.0.0.0:38090
2019-09-18 17:33:22,879 [main] INFO  impl.MetricsSystemImpl (MetricsSystemImpl.java:init(158)) - HddsDatanode metrics system started (again)
2019-09-18 17:33:22,883 [org.apache.hadoop.util.JvmPauseMonitor$Monitor@58ce7140] INFO  util.JvmPauseMonitor (JvmPauseMonitor.java:run(188)) - Starting JVM pause monitor
2019-09-18 17:33:22,884 [main] INFO  ozone.HddsDatanodeService (HddsDatanodeService.java:start(184)) - HddsDatanodeService host:pr-hdds-2147-dpwbv-833026882 ip:192.168.5.155
2019-09-18 17:33:22,885 [Datanode State Machine Thread - 0] INFO  datanode.InitDatanodeState (InitDatanodeState.java:persistContainerDatanodeDetails(140)) - DatanodeDetails is persisted to /workdir/hadoop-ozone/integration-test/target/test-dir/MiniOzoneClusterImpl-37195201-b030-4955-b08c-e60a1205ff04/datanode-5/meta/datanode.id
2019-09-18 17:33:22,891 [main] INFO  volume.HddsVolume (HddsVolume.java:<init>(176)) - Creating Volume: /workdir/hadoop-ozone/integration-test/target/test-dir/MiniOzoneClusterImpl-37195201-b030-4955-b08c-e60a1205ff04/datanode-6/data/containers/hdds of  storage type : DISK and capacity : 1482555576320
2019-09-18 17:33:22,891 [main] INFO  volume.VolumeSet (VolumeSet.java:initializeVolumeSet(170)) - Added Volume : /workdir/hadoop-ozone/integration-test/target/test-dir/MiniOzoneClusterImpl-37195201-b030-4955-b08c-e60a1205ff04/datanode-6/data/containers/hdds to VolumeSet
2019-09-18 17:33:22,892 [main] INFO  volume.ThrottledAsyncChecker (ThrottledAsyncChecker.java:schedule(139)) - Scheduling a check for org.apache.hadoop.ozone.container.common.volume.HddsVolume@7a606260
2019-09-18 17:33:22,892 [main] INFO  volume.HddsVolumeChecker (HddsVolumeChecker.java:checkAllVolumes(202)) - Scheduled health check for volume org.apache.hadoop.ozone.container.common.volume.HddsVolume@7a606260
2019-09-18 17:33:22,910 [main] INFO  impl.RaftServerProxy (ConfUtils.java:logGet(43)) - raft.rpc.type = GRPC (default)
2019-09-18 17:33:22,910 [main] INFO  grpc.GrpcFactory (GrpcFactory.java:checkPooledByteBufAllocatorUseCacheForAllThreads(45)) - PERFORMANCE WARNING: useCacheForAllThreads is true that may cause Netty to create a lot garbage objects and, as a result, trigger GC.
	It is recommended to disable useCacheForAllThreads by setting -Dorg.apache.ratis.thirdparty.io.netty.allocator.useCacheForAllThreads=false in command line.
2019-09-18 17:33:22,910 [main] INFO  grpc.GrpcConfigKeys$Server (ConfUtils.java:logGet(43)) - raft.grpc.server.port = 0 (default)
2019-09-18 17:33:22,910 [main] INFO  server.GrpcService (ConfUtils.java:logGet(43)) - raft.grpc.message.size.max = 33570816 (custom)
2019-09-18 17:33:22,910 [main] INFO  server.RaftServerConfigKeys (ConfUtils.java:logGet(43)) - raft.server.log.appender.buffer.byte-limit = 33554432 (custom)
2019-09-18 17:33:22,911 [main] INFO  server.GrpcService (ConfUtils.java:logGet(43)) - raft.grpc.flow.control.window = 1MB (=1048576) (default)
2019-09-18 17:33:22,911 [main] INFO  server.RaftServerConfigKeys (ConfUtils.java:logGet(43)) - raft.server.rpc.request.timeout = 3000ms (default)
2019-09-18 17:33:22,911 [main] INFO  server.RaftServerConfigKeys (ConfUtils.java:logGet(43)) - raft.server.storage.dir = [/workdir/hadoop-ozone/integration-test/target/test-dir/MiniOzoneClusterImpl-37195201-b030-4955-b08c-e60a1205ff04/datanode-6/data/ratis] (custom)
2019-09-18 17:33:22,913 [main] INFO  hdfs.DFSUtil (DFSUtil.java:httpServerTemplateForNNAndJN(1641)) - Starting Web-server for hddsDatanode at: http://0.0.0.0:0
2019-09-18 17:33:22,914 [main] INFO  server.AuthenticationFilter (AuthenticationFilter.java:constructSecretProvider(240)) - Unable to initialize FileSignerSecretProvider, falling back to use random secrets.
2019-09-18 17:33:22,915 [main] WARN  http.HttpRequestLog (HttpRequestLog.java:getRequestLog(97)) - Jetty request log can only be enabled using Log4j
2019-09-18 17:33:22,916 [main] INFO  http.HttpServer2 (HttpServer2.java:addGlobalFilter(975)) - Added global filter 'safety' (class=org.apache.hadoop.http.HttpServer2$QuotingInputFilter)
2019-09-18 17:33:22,917 [main] INFO  http.HttpServer2 (HttpServer2.java:addFilter(948)) - Added filter static_user_filter (class=org.apache.hadoop.http.lib.StaticUserWebFilter$StaticUserFilter) to context hddsDatanode
2019-09-18 17:33:22,917 [main] INFO  http.HttpServer2 (HttpServer2.java:addFilter(958)) - Added filter static_user_filter (class=org.apache.hadoop.http.lib.StaticUserWebFilter$StaticUserFilter) to context static
2019-09-18 17:33:22,917 [main] INFO  http.HttpServer2 (HttpServer2.java:addFilter(958)) - Added filter static_user_filter (class=org.apache.hadoop.http.lib.StaticUserWebFilter$StaticUserFilter) to context logs
2019-09-18 17:33:22,917 [main] INFO  http.HttpServer2 (HttpServer2.java:bindListener(1191)) - Jetty bound to port 37461
2019-09-18 17:33:22,918 [main] INFO  server.Server (Server.java:doStart(351)) - jetty-9.3.24.v20180605, build timestamp: 2018-06-05T17:11:56Z, git hash: 84205aa28f11a4f31f2a3b86d1bba2cc8ab69827
2019-09-18 17:33:22,919 [main] INFO  handler.ContextHandler (ContextHandler.java:doStart(781)) - Started o.e.j.s.ServletContextHandler@539c4830{/logs,file:///workdir/hadoop-ozone/integration-test/target/log,AVAILABLE}
2019-09-18 17:33:22,919 [main] INFO  handler.ContextHandler (ContextHandler.java:doStart(781)) - Started o.e.j.s.ServletContextHandler@28b523a{/static,jar:file:/home/user/.m2/repository/org/apache/hadoop/hadoop-hdds-container-service/0.5.0-SNAPSHOT/hadoop-hdds-container-service-0.5.0-SNAPSHOT.jar!/webapps/static,AVAILABLE}
2019-09-18 17:33:22,947 [main] INFO  handler.ContextHandler (ContextHandler.java:doStart(781)) - Started o.e.j.w.WebAppContext@2cccf134{/,file:///tmp/jetty-0.0.0.0-37461-hddsDatanode-_-any-4413914124384031571.dir/webapp/,AVAILABLE}{/hddsDatanode}
2019-09-18 17:33:22,947 [main] INFO  server.AbstractConnector (AbstractConnector.java:doStart(278)) - Started ServerConnector@3c18942{HTTP/1.1,[http/1.1]}{0.0.0.0:37461}
2019-09-18 17:33:22,949 [main] INFO  server.Server (Server.java:doStart(419)) - Started @226077ms
2019-09-18 17:33:22,949 [main] WARN  impl.MetricsSystemImpl (MetricsSystemImpl.java:register(276)) - Sink prometheus already exists!
2019-09-18 17:33:22,950 [main] INFO  server.BaseHttpServer (BaseHttpServer.java:updateConnectorAddress(215)) - HTTP server of HDDSDATANODE is listening at http://0.0.0.0:37461
2019-09-18 17:33:22,950 [main] INFO  ozone.MiniOzoneClusterImpl (MiniOzoneClusterImpl.java:lambda$waitForClusterToBeReady$0(145)) - Waiting for cluster to be ready. Got 0 of 7 DN Heartbeats.
2019-09-18 17:33:22,951 [org.apache.hadoop.util.JvmPauseMonitor$Monitor@e7dba00] INFO  util.JvmPauseMonitor (JvmPauseMonitor.java:run(188)) - Starting JVM pause monitor
2019-09-18 17:33:22,952 [Datanode State Machine Thread - 0] INFO  datanode.InitDatanodeState (InitDatanodeState.java:persistContainerDatanodeDetails(140)) - DatanodeDetails is persisted to /workdir/hadoop-ozone/integration-test/target/test-dir/MiniOzoneClusterImpl-37195201-b030-4955-b08c-e60a1205ff04/datanode-6/meta/datanode.id
2019-09-18 17:33:23,951 [main] INFO  ozone.MiniOzoneClusterImpl (MiniOzoneClusterImpl.java:lambda$waitForClusterToBeReady$0(145)) - Waiting for cluster to be ready. Got 0 of 7 DN Heartbeats.
2019-09-18 17:33:24,197 [Datanode State Machine Thread - 0] INFO  ozoneimpl.OzoneContainer (OzoneContainer.java:start(217)) - Attempting to start container services.
2019-09-18 17:33:24,197 [Datanode State Machine Thread - 0] INFO  ozoneimpl.OzoneContainer (OzoneContainer.java:startContainerScrub(179)) - Background container scanner has been disabled.
2019-09-18 17:33:24,197 [Datanode State Machine Thread - 0] INFO  ratis.XceiverServerRatis (XceiverServerRatis.java:start(411)) - Starting XceiverServerRatis 06886d8d-828f-4bd3-9da8-c3e3f0fe3bff at port 0
2019-09-18 17:33:24,204 [Datanode State Machine Thread - 0] INFO  impl.RaftServerProxy (RaftServerProxy.java:lambda$start$3(299)) - 06886d8d-828f-4bd3-9da8-c3e3f0fe3bff: start RPC server
2019-09-18 17:33:24,205 [Datanode State Machine Thread - 0] INFO  server.GrpcService (GrpcService.java:startImpl(158)) - 06886d8d-828f-4bd3-9da8-c3e3f0fe3bff: GrpcService started, listening on 0.0.0.0/0.0.0.0:45123
2019-09-18 17:33:24,206 [Datanode State Machine Thread - 0] INFO  ratis.XceiverServerRatis (XceiverServerRatis.java:start(421)) - XceiverServerRatis 06886d8d-828f-4bd3-9da8-c3e3f0fe3bff is started using port 45123
2019-09-18 17:33:24,206 [Datanode State Machine Thread - 0] INFO  server.XceiverServerGrpc (XceiverServerGrpc.java:start(163)) - XceiverServerGrpc 06886d8d-828f-4bd3-9da8-c3e3f0fe3bff is started using port 41639
2019-09-18 17:33:24,226 [Datanode State Machine Thread - 0] INFO  ozoneimpl.OzoneContainer (OzoneContainer.java:start(217)) - Attempting to start container services.
2019-09-18 17:33:24,226 [Datanode State Machine Thread - 0] INFO  ozoneimpl.OzoneContainer (OzoneContainer.java:startContainerScrub(179)) - Background container scanner has been disabled.
2019-09-18 17:33:24,226 [Datanode State Machine Thread - 0] INFO  ratis.XceiverServerRatis (XceiverServerRatis.java:start(411)) - Starting XceiverServerRatis 2525c4b5-e4bc-48e7-b2d0-7f865c9a09c8 at port 0
2019-09-18 17:33:24,232 [Datanode State Machine Thread - 0] INFO  impl.RaftServerProxy (RaftServerProxy.java:lambda$start$3(299)) - 2525c4b5-e4bc-48e7-b2d0-7f865c9a09c8: start RPC server
2019-09-18 17:33:24,238 [Datanode State Machine Thread - 0] INFO  server.GrpcService (GrpcService.java:startImpl(158)) - 2525c4b5-e4bc-48e7-b2d0-7f865c9a09c8: GrpcService started, listening on 0.0.0.0/0.0.0.0:44356
2019-09-18 17:33:24,238 [Datanode State Machine Thread - 0] INFO  ratis.XceiverServerRatis (XceiverServerRatis.java:start(421)) - XceiverServerRatis 2525c4b5-e4bc-48e7-b2d0-7f865c9a09c8 is started using port 44356
2019-09-18 17:33:24,238 [Datanode State Machine Thread - 0] INFO  server.XceiverServerGrpc (XceiverServerGrpc.java:start(163)) - XceiverServerGrpc 2525c4b5-e4bc-48e7-b2d0-7f865c9a09c8 is started using port 42310
2019-09-18 17:33:24,301 [Datanode State Machine Thread - 0] INFO  ozoneimpl.OzoneContainer (OzoneContainer.java:start(217)) - Attempting to start container services.
2019-09-18 17:33:24,301 [Datanode State Machine Thread - 0] INFO  ozoneimpl.OzoneContainer (OzoneContainer.java:startContainerScrub(179)) - Background container scanner has been disabled.
2019-09-18 17:33:24,301 [Datanode State Machine Thread - 0] INFO  ratis.XceiverServerRatis (XceiverServerRatis.java:start(411)) - Starting XceiverServerRatis b33e0b3d-30a4-48e1-8053-e6b4064212ed at port 0
2019-09-18 17:33:24,307 [Datanode State Machine Thread - 0] INFO  impl.RaftServerProxy (RaftServerProxy.java:lambda$start$3(299)) - b33e0b3d-30a4-48e1-8053-e6b4064212ed: start RPC server
2019-09-18 17:33:24,308 [Datanode State Machine Thread - 0] INFO  server.GrpcService (GrpcService.java:startImpl(158)) - b33e0b3d-30a4-48e1-8053-e6b4064212ed: GrpcService started, listening on 0.0.0.0/0.0.0.0:40438
2019-09-18 17:33:24,308 [Datanode State Machine Thread - 0] INFO  ratis.XceiverServerRatis (XceiverServerRatis.java:start(421)) - XceiverServerRatis b33e0b3d-30a4-48e1-8053-e6b4064212ed is started using port 40438
2019-09-18 17:33:24,308 [Datanode State Machine Thread - 0] INFO  server.XceiverServerGrpc (XceiverServerGrpc.java:start(163)) - XceiverServerGrpc b33e0b3d-30a4-48e1-8053-e6b4064212ed is started using port 38545
2019-09-18 17:33:24,375 [Datanode State Machine Thread - 0] INFO  ozoneimpl.OzoneContainer (OzoneContainer.java:start(217)) - Attempting to start container services.
2019-09-18 17:33:24,376 [Datanode State Machine Thread - 0] INFO  ozoneimpl.OzoneContainer (OzoneContainer.java:startContainerScrub(179)) - Background container scanner has been disabled.
2019-09-18 17:33:24,376 [Datanode State Machine Thread - 0] INFO  ratis.XceiverServerRatis (XceiverServerRatis.java:start(411)) - Starting XceiverServerRatis b0d444e7-f95d-4287-9b32-254db5ea75d4 at port 0
2019-09-18 17:33:24,380 [Datanode State Machine Thread - 0] INFO  impl.RaftServerProxy (RaftServerProxy.java:lambda$start$3(299)) - b0d444e7-f95d-4287-9b32-254db5ea75d4: start RPC server
2019-09-18 17:33:24,380 [Datanode State Machine Thread - 0] INFO  server.GrpcService (GrpcService.java:startImpl(158)) - b0d444e7-f95d-4287-9b32-254db5ea75d4: GrpcService started, listening on 0.0.0.0/0.0.0.0:45765
2019-09-18 17:33:24,381 [Datanode State Machine Thread - 0] INFO  ratis.XceiverServerRatis (XceiverServerRatis.java:start(421)) - XceiverServerRatis b0d444e7-f95d-4287-9b32-254db5ea75d4 is started using port 45765
2019-09-18 17:33:24,381 [Datanode State Machine Thread - 0] INFO  server.XceiverServerGrpc (XceiverServerGrpc.java:start(163)) - XceiverServerGrpc b0d444e7-f95d-4287-9b32-254db5ea75d4 is started using port 38907
2019-09-18 17:33:24,431 [Datanode State Machine Thread - 0] INFO  ozoneimpl.OzoneContainer (OzoneContainer.java:start(217)) - Attempting to start container services.
2019-09-18 17:33:24,431 [Datanode State Machine Thread - 0] INFO  ozoneimpl.OzoneContainer (OzoneContainer.java:startContainerScrub(179)) - Background container scanner has been disabled.
2019-09-18 17:33:24,431 [Datanode State Machine Thread - 0] INFO  ratis.XceiverServerRatis (XceiverServerRatis.java:start(411)) - Starting XceiverServerRatis 8129a35d-d27c-49f3-8eb9-6cbb80484c62 at port 0
2019-09-18 17:33:24,435 [Datanode State Machine Thread - 0] INFO  impl.RaftServerProxy (RaftServerProxy.java:lambda$start$3(299)) - 8129a35d-d27c-49f3-8eb9-6cbb80484c62: start RPC server
2019-09-18 17:33:24,436 [Datanode State Machine Thread - 0] INFO  server.GrpcService (GrpcService.java:startImpl(158)) - 8129a35d-d27c-49f3-8eb9-6cbb80484c62: GrpcService started, listening on 0.0.0.0/0.0.0.0:41395
2019-09-18 17:33:24,436 [Datanode State Machine Thread - 0] INFO  ratis.XceiverServerRatis (XceiverServerRatis.java:start(421)) - XceiverServerRatis 8129a35d-d27c-49f3-8eb9-6cbb80484c62 is started using port 41395
2019-09-18 17:33:24,436 [Datanode State Machine Thread - 0] INFO  server.XceiverServerGrpc (XceiverServerGrpc.java:start(163)) - XceiverServerGrpc 8129a35d-d27c-49f3-8eb9-6cbb80484c62 is started using port 46192
2019-09-18 17:33:24,892 [Datanode State Machine Thread - 0] INFO  ozoneimpl.OzoneContainer (OzoneContainer.java:start(217)) - Attempting to start container services.
2019-09-18 17:33:24,892 [Datanode State Machine Thread - 0] INFO  ozoneimpl.OzoneContainer (OzoneContainer.java:startContainerScrub(179)) - Background container scanner has been disabled.
2019-09-18 17:33:24,892 [Datanode State Machine Thread - 0] INFO  ratis.XceiverServerRatis (XceiverServerRatis.java:start(411)) - Starting XceiverServerRatis f7ded12f-b106-4311-ba8e-05cbcd2a9ba4 at port 0
2019-09-18 17:33:24,899 [Datanode State Machine Thread - 0] INFO  impl.RaftServerProxy (RaftServerProxy.java:lambda$start$3(299)) - f7ded12f-b106-4311-ba8e-05cbcd2a9ba4: start RPC server
2019-09-18 17:33:24,900 [Datanode State Machine Thread - 0] INFO  server.GrpcService (GrpcService.java:startImpl(158)) - f7ded12f-b106-4311-ba8e-05cbcd2a9ba4: GrpcService started, listening on 0.0.0.0/0.0.0.0:41909
2019-09-18 17:33:24,900 [Datanode State Machine Thread - 0] INFO  ratis.XceiverServerRatis (XceiverServerRatis.java:start(421)) - XceiverServerRatis f7ded12f-b106-4311-ba8e-05cbcd2a9ba4 is started using port 41909
2019-09-18 17:33:24,900 [Datanode State Machine Thread - 0] INFO  server.XceiverServerGrpc (XceiverServerGrpc.java:start(163)) - XceiverServerGrpc f7ded12f-b106-4311-ba8e-05cbcd2a9ba4 is started using port 36932
2019-09-18 17:33:24,951 [main] INFO  ozone.MiniOzoneClusterImpl (MiniOzoneClusterImpl.java:lambda$waitForClusterToBeReady$0(145)) - Waiting for cluster to be ready. Got 0 of 7 DN Heartbeats.
2019-09-18 17:33:24,999 [Datanode State Machine Thread - 0] INFO  ozoneimpl.OzoneContainer (OzoneContainer.java:start(217)) - Attempting to start container services.
2019-09-18 17:33:24,999 [Datanode State Machine Thread - 0] INFO  ozoneimpl.OzoneContainer (OzoneContainer.java:startContainerScrub(179)) - Background container scanner has been disabled.
2019-09-18 17:33:24,999 [Datanode State Machine Thread - 0] INFO  ratis.XceiverServerRatis (XceiverServerRatis.java:start(411)) - Starting XceiverServerRatis 7c40858b-12cf-41a9-a51d-322a119afb7c at port 0
2019-09-18 17:33:25,005 [Datanode State Machine Thread - 0] INFO  impl.RaftServerProxy (RaftServerProxy.java:lambda$start$3(299)) - 7c40858b-12cf-41a9-a51d-322a119afb7c: start RPC server
2019-09-18 17:33:25,006 [Datanode State Machine Thread - 0] INFO  server.GrpcService (GrpcService.java:startImpl(158)) - 7c40858b-12cf-41a9-a51d-322a119afb7c: GrpcService started, listening on 0.0.0.0/0.0.0.0:35699
2019-09-18 17:33:25,007 [Datanode State Machine Thread - 0] INFO  ratis.XceiverServerRatis (XceiverServerRatis.java:start(421)) - XceiverServerRatis 7c40858b-12cf-41a9-a51d-322a119afb7c is started using port 35699
2019-09-18 17:33:25,009 [Datanode State Machine Thread - 0] INFO  server.XceiverServerGrpc (XceiverServerGrpc.java:start(163)) - XceiverServerGrpc 7c40858b-12cf-41a9-a51d-322a119afb7c is started using port 43831
2019-09-18 17:33:25,951 [main] INFO  ozone.MiniOzoneClusterImpl (MiniOzoneClusterImpl.java:lambda$waitForClusterToBeReady$0(145)) - Waiting for cluster to be ready. Got 0 of 7 DN Heartbeats.
2019-09-18 17:33:26,163 [IPC Server handler 4 on 44968] INFO  net.NetworkTopology (NetworkTopologyImpl.java:add(111)) - Added a new node: /default-rack/06886d8d-828f-4bd3-9da8-c3e3f0fe3bff
2019-09-18 17:33:26,166 [IPC Server handler 4 on 44968] INFO  node.SCMNodeManager (SCMNodeManager.java:register(266)) - Registered Data node : 06886d8d-828f-4bd3-9da8-c3e3f0fe3bff{ip: 192.168.5.155, host: pr-hdds-2147-dpwbv-833026882, networkLocation: /default-rack, certSerialId: null}
2019-09-18 17:33:26,167 [EventQueue-NodeRegistrationContainerReportForDataNodeSafeModeRule] INFO  safemode.SCMSafeModeManager (DataNodeSafeModeRule.java:process(71)) - SCM in safe mode. 1 DataNodes registered, 1 required.
2019-09-18 17:33:26,169 [EventQueue-NodeRegistrationContainerReportForDataNodeSafeModeRule] INFO  safemode.SCMSafeModeManager (SCMSafeModeManager.java:validateSafeModeExitRules(177)) - ScmSafeModeManager, all rules are successfully validated
2019-09-18 17:33:26,169 [EventQueue-NodeRegistrationContainerReportForDataNodeSafeModeRule] INFO  safemode.SCMSafeModeManager (SCMSafeModeManager.java:exitSafeMode(193)) - SCM exiting safe mode.
2019-09-18 17:33:26,193 [grpc-default-executor-3] INFO  impl.RaftServerProxy (RaftServerProxy.java:addNew(89)) - 06886d8d-828f-4bd3-9da8-c3e3f0fe3bff: addNew group-2FA5C7A8159C:[06886d8d-828f-4bd3-9da8-c3e3f0fe3bff:192.168.5.155:45123] returns group-2FA5C7A8159C:java.util.concurrent.CompletableFuture@613236bd[Not completed]
2019-09-18 17:33:26,195 [pool-383-thread-1] INFO  impl.RaftServerImpl (RaftServerImpl.java:<init>(95)) - 06886d8d-828f-4bd3-9da8-c3e3f0fe3bff: new RaftServerImpl for group-2FA5C7A8159C:[06886d8d-828f-4bd3-9da8-c3e3f0fe3bff:192.168.5.155:45123] with ContainerStateMachine:uninitialized
2019-09-18 17:33:26,196 [pool-383-thread-1] INFO  server.RaftServerConfigKeys (ConfUtils.java:logGet(43)) - raft.server.rpc.timeout.min = 5s (custom)
2019-09-18 17:33:26,196 [pool-383-thread-1] INFO  server.RaftServerConfigKeys (ConfUtils.java:logGet(43)) - raft.server.rpc.timeout.max = 5200ms (custom)
2019-09-18 17:33:26,196 [pool-383-thread-1] INFO  server.RaftServerConfigKeys (ConfUtils.java:logGet(43)) - raft.server.rpcslowness.timeout = 120s (custom)
2019-09-18 17:33:26,196 [pool-383-thread-1] INFO  server.RaftServerConfigKeys (ConfUtils.java:logGet(43)) - raft.server.sleep.deviation.threshold = 300 (default)
2019-09-18 17:33:26,196 [pool-383-thread-1] INFO  server.RaftServerConfigKeys (ConfUtils.java:logGet(43)) - raft.server.log.appender.install.snapshot.enabled = false (custom)
2019-09-18 17:33:26,197 [pool-383-thread-1] INFO  impl.RaftServerImpl (ServerState.java:<init>(103)) - 06886d8d-828f-4bd3-9da8-c3e3f0fe3bff@group-2FA5C7A8159C: ConfigurationManager, init=-1: [06886d8d-828f-4bd3-9da8-c3e3f0fe3bff:192.168.5.155:45123], old=null, confs=<EMPTY_MAP>
2019-09-18 17:33:26,197 [pool-383-thread-1] INFO  server.RaftServerConfigKeys (ConfUtils.java:logGet(43)) - raft.server.storage.dir = [/workdir/hadoop-ozone/integration-test/target/test-dir/MiniOzoneClusterImpl-37195201-b030-4955-b08c-e60a1205ff04/datanode-0/data/ratis] (custom)
2019-09-18 17:33:26,197 [pool-383-thread-1] INFO  storage.RaftStorageDirectory (RaftStorageDirectory.java:analyzeStorage(246)) - The storage directory /workdir/hadoop-ozone/integration-test/target/test-dir/MiniOzoneClusterImpl-37195201-b030-4955-b08c-e60a1205ff04/datanode-0/data/ratis/7677768c-2207-4f6e-92e6-2fa5c7a8159c does not exist. Creating ...
2019-09-18 17:33:26,217 [IPC Server handler 5 on 44968] INFO  net.NetworkTopology (NetworkTopologyImpl.java:add(111)) - Added a new node: /default-rack/2525c4b5-e4bc-48e7-b2d0-7f865c9a09c8
2019-09-18 17:33:26,217 [IPC Server handler 5 on 44968] INFO  node.SCMNodeManager (SCMNodeManager.java:register(266)) - Registered Data node : 2525c4b5-e4bc-48e7-b2d0-7f865c9a09c8{ip: 192.168.5.155, host: pr-hdds-2147-dpwbv-833026882, networkLocation: /default-rack, certSerialId: null}
2019-09-18 17:33:26,222 [pool-383-thread-1] INFO  storage.RaftStorageDirectory (RaftStorageDirectory.java:tryLock(328)) - Lock on /workdir/hadoop-ozone/integration-test/target/test-dir/MiniOzoneClusterImpl-37195201-b030-4955-b08c-e60a1205ff04/datanode-0/data/ratis/7677768c-2207-4f6e-92e6-2fa5c7a8159c/in_use.lock acquired by nodename 23921@pr-hdds-2147-dpwbv-833026882
2019-09-18 17:33:26,247 [pool-383-thread-1] INFO  storage.RaftStorage (RaftStorage.java:format(72)) - Storage directory /workdir/hadoop-ozone/integration-test/target/test-dir/MiniOzoneClusterImpl-37195201-b030-4955-b08c-e60a1205ff04/datanode-0/data/ratis/7677768c-2207-4f6e-92e6-2fa5c7a8159c has been successfully formatted.
2019-09-18 17:33:26,248 [pool-383-thread-1] INFO  ratis.ContainerStateMachine (ContainerStateMachine.java:loadSnapshot(230)) - group-2FA5C7A8159C: The snapshot info is null. Setting the last applied indexto:(t:0, i:~)
2019-09-18 17:33:26,248 [pool-383-thread-1] INFO  server.RaftServerConfigKeys (ConfUtils.java:logGet(43)) - raft.server.notification.no-leader.timeout = 120s (custom)
2019-09-18 17:33:26,248 [pool-383-thread-1] INFO  server.RaftServerConfigKeys (ConfUtils.java:logGet(43)) - raft.server.log.use.memory = false (default)
2019-09-18 17:33:26,249 [pool-383-thread-1] INFO  server.RaftServerConfigKeys (ConfUtils.java:logGet(43)) - raft.server.log.purge.gap = 1000000 (custom)
2019-09-18 17:33:26,249 [pool-383-thread-1] INFO  server.RaftServerConfigKeys (ConfUtils.java:logGet(43)) - raft.server.log.appender.buffer.byte-limit = 33554432 (custom)
2019-09-18 17:33:26,249 [pool-383-thread-1] INFO  server.RaftServerConfigKeys (ConfUtils.java:logGet(43)) - raft.server.log.segment.size.max = 1048576 (custom)
2019-09-18 17:33:26,249 [pool-383-thread-1] INFO  server.RaftServerConfigKeys (ConfUtils.java:logGet(43)) - raft.server.log.segment.cache.num.max = 2 (custom)
2019-09-18 17:33:26,250 [pool-383-thread-1] INFO  segmented.SegmentedRaftLogWorker (SegmentedRaftLogWorker.java:<init>(172)) - new 06886d8d-828f-4bd3-9da8-c3e3f0fe3bff@group-2FA5C7A8159C-SegmentedRaftLogWorker for RaftStorage:Storage Directory /workdir/hadoop-ozone/integration-test/target/test-dir/MiniOzoneClusterImpl-37195201-b030-4955-b08c-e60a1205ff04/datanode-0/data/ratis/7677768c-2207-4f6e-92e6-2fa5c7a8159c
2019-09-18 17:33:26,252 [pool-383-thread-1] INFO  server.RaftServerConfigKeys (ConfUtils.java:logGet(43)) - raft.server.log.queue.byte-limit = 2147483647 (custom)
2019-09-18 17:33:26,252 [pool-383-thread-1] INFO  server.RaftServerConfigKeys (ConfUtils.java:logGet(43)) - raft.server.log.queue.element-limit = 1024 (custom)
2019-09-18 17:33:26,252 [pool-383-thread-1] INFO  server.RaftServerConfigKeys (ConfUtils.java:logGet(43)) - raft.server.log.segment.size.max = 1048576 (custom)
2019-09-18 17:33:26,252 [pool-383-thread-1] INFO  server.RaftServerConfigKeys (ConfUtils.java:logGet(43)) - raft.server.log.preallocated.size = 16384 (custom)
2019-09-18 17:33:26,253 [pool-383-thread-1] INFO  server.RaftServerConfigKeys (ConfUtils.java:logGet(43)) - raft.server.log.write.buffer.size = 33554432 (custom)
2019-09-18 17:33:26,253 [pool-383-thread-1] INFO  server.RaftServerConfigKeys (ConfUtils.java:logGet(43)) - raft.server.log.force.sync.num = 128 (default)
2019-09-18 17:33:26,253 [pool-383-thread-1] INFO  server.RaftServerConfigKeys (ConfUtils.java:logGet(43)) - raft.server.log.statemachine.data.sync = true (default)
2019-09-18 17:33:26,253 [pool-383-thread-1] INFO  server.RaftServerConfigKeys (ConfUtils.java:logGet(43)) - raft.server.log.statemachine.data.sync.timeout = 10s (default)
2019-09-18 17:33:26,253 [pool-383-thread-1] INFO  server.RaftServerConfigKeys (ConfUtils.java:logGet(43)) - raft.server.log.statemachine.data.sync.timeout.retry = -1 (default)
2019-09-18 17:33:26,253 [pool-383-thread-1] INFO  server.RaftServerConfigKeys (ConfUtils.java:logGet(43)) - raft.server.log.statemachine.data.caching.enabled = true (custom)
2019-09-18 17:33:26,254 [pool-383-thread-1] INFO  segmented.SegmentedRaftLogWorker (SegmentedRaftLogWorker.java:lambda$new$0(132)) - 06886d8d-828f-4bd3-9da8-c3e3f0fe3bff@group-2FA5C7A8159C-SegmentedRaftLogWorker: flushIndex: setUnconditionally 0 -> -1
2019-09-18 17:33:26,254 [pool-383-thread-1] INFO  server.RaftServerConfigKeys (ConfUtils.java:logGet(43)) - raft.server.snapshot.auto.trigger.enabled = true (custom)
2019-09-18 17:33:26,254 [pool-383-thread-1] INFO  server.RaftServerConfigKeys (ConfUtils.java:logGet(43)) - raft.server.snapshot.auto.trigger.threshold = 10000 (custom)
2019-09-18 17:33:26,254 [pool-383-thread-1] INFO  server.RaftServerConfigKeys (ConfUtils.java:logGet(43)) - raft.server.snapshot.retention.num.files = 5 (custom)
2019-09-18 17:33:26,254 [pool-383-thread-1] INFO  server.RaftServerConfigKeys (ConfUtils.java:logGet(43)) - raft.server.retrycache.expirytime = 600000ms (custom)
2019-09-18 17:33:26,256 [pool-383-thread-1] INFO  impl.RaftServerImpl (RaftServerImpl.java:start(185)) - 06886d8d-828f-4bd3-9da8-c3e3f0fe3bff@group-2FA5C7A8159C: start as a follower, conf=-1: [06886d8d-828f-4bd3-9da8-c3e3f0fe3bff:192.168.5.155:45123], old=null
2019-09-18 17:33:26,256 [pool-383-thread-1] INFO  impl.RaftServerImpl (RaftServerImpl.java:setRole(174)) - 06886d8d-828f-4bd3-9da8-c3e3f0fe3bff@group-2FA5C7A8159C: changes role from      null to FOLLOWER at term 0 for startAsFollower
2019-09-18 17:33:26,256 [pool-383-thread-1] INFO  impl.RoleInfo (RoleInfo.java:updateAndGet(143)) - 06886d8d-828f-4bd3-9da8-c3e3f0fe3bff: start FollowerState
2019-09-18 17:33:26,257 [pool-383-thread-1] INFO  util.JmxRegister (JmxRegister.java:tryRegister(44)) - Successfully registered JMX Bean with object name Ratis:service=RaftServer,group=group-2FA5C7A8159C,id=06886d8d-828f-4bd3-9da8-c3e3f0fe3bff
2019-09-18 17:33:26,259 [RatisPipelineUtilsThread] INFO  pipeline.PipelineStateManager (PipelineStateManager.java:addPipeline(56)) - Created pipeline Pipeline[ Id: 7677768c-2207-4f6e-92e6-2fa5c7a8159c, Nodes: 06886d8d-828f-4bd3-9da8-c3e3f0fe3bff{ip: 192.168.5.155, host: pr-hdds-2147-dpwbv-833026882, networkLocation: /default-rack, certSerialId: null}, Type:RATIS, Factor:ONE, State:OPEN]
2019-09-18 17:33:26,266 [grpc-default-executor-3] INFO  impl.RaftServerProxy (RaftServerProxy.java:addNew(89)) - 2525c4b5-e4bc-48e7-b2d0-7f865c9a09c8: addNew group-C2EA9E400192:[2525c4b5-e4bc-48e7-b2d0-7f865c9a09c8:192.168.5.155:44356] returns group-C2EA9E400192:java.util.concurrent.CompletableFuture@3f2594dd[Not completed]
2019-09-18 17:33:26,267 [pool-393-thread-1] INFO  impl.RaftServerImpl (RaftServerImpl.java:<init>(95)) - 2525c4b5-e4bc-48e7-b2d0-7f865c9a09c8: new RaftServerImpl for group-C2EA9E400192:[2525c4b5-e4bc-48e7-b2d0-7f865c9a09c8:192.168.5.155:44356] with ContainerStateMachine:uninitialized
2019-09-18 17:33:26,267 [pool-393-thread-1] INFO  server.RaftServerConfigKeys (ConfUtils.java:logGet(43)) - raft.server.rpc.timeout.min = 5s (custom)
2019-09-18 17:33:26,267 [pool-393-thread-1] INFO  server.RaftServerConfigKeys (ConfUtils.java:logGet(43)) - raft.server.rpc.timeout.max = 5200ms (custom)
2019-09-18 17:33:26,267 [pool-393-thread-1] INFO  server.RaftServerConfigKeys (ConfUtils.java:logGet(43)) - raft.server.rpcslowness.timeout = 120s (custom)
2019-09-18 17:33:26,267 [pool-393-thread-1] INFO  server.RaftServerConfigKeys (ConfUtils.java:logGet(43)) - raft.server.sleep.deviation.threshold = 300 (default)
2019-09-18 17:33:26,267 [pool-393-thread-1] INFO  server.RaftServerConfigKeys (ConfUtils.java:logGet(43)) - raft.server.log.appender.install.snapshot.enabled = false (custom)
2019-09-18 17:33:26,267 [pool-393-thread-1] INFO  impl.RaftServerImpl (ServerState.java:<init>(103)) - 2525c4b5-e4bc-48e7-b2d0-7f865c9a09c8@group-C2EA9E400192: ConfigurationManager, init=-1: [2525c4b5-e4bc-48e7-b2d0-7f865c9a09c8:192.168.5.155:44356], old=null, confs=<EMPTY_MAP>
2019-09-18 17:33:26,267 [pool-393-thread-1] INFO  server.RaftServerConfigKeys (ConfUtils.java:logGet(43)) - raft.server.storage.dir = [/workdir/hadoop-ozone/integration-test/target/test-dir/MiniOzoneClusterImpl-37195201-b030-4955-b08c-e60a1205ff04/datanode-1/data/ratis] (custom)
2019-09-18 17:33:26,268 [pool-393-thread-1] INFO  storage.RaftStorageDirectory (RaftStorageDirectory.java:analyzeStorage(246)) - The storage directory /workdir/hadoop-ozone/integration-test/target/test-dir/MiniOzoneClusterImpl-37195201-b030-4955-b08c-e60a1205ff04/datanode-1/data/ratis/3f4d5fa3-43ba-4089-88f0-c2ea9e400192 does not exist. Creating ...
2019-09-18 17:33:26,282 [pool-393-thread-1] INFO  storage.RaftStorageDirectory (RaftStorageDirectory.java:tryLock(328)) - Lock on /workdir/hadoop-ozone/integration-test/target/test-dir/MiniOzoneClusterImpl-37195201-b030-4955-b08c-e60a1205ff04/datanode-1/data/ratis/3f4d5fa3-43ba-4089-88f0-c2ea9e400192/in_use.lock acquired by nodename 23921@pr-hdds-2147-dpwbv-833026882
2019-09-18 17:33:26,285 [IPC Server handler 6 on 44968] INFO  net.NetworkTopology (NetworkTopologyImpl.java:add(111)) - Added a new node: /default-rack/b33e0b3d-30a4-48e1-8053-e6b4064212ed
2019-09-18 17:33:26,285 [IPC Server handler 6 on 44968] INFO  node.SCMNodeManager (SCMNodeManager.java:register(266)) - Registered Data node : b33e0b3d-30a4-48e1-8053-e6b4064212ed{ip: 192.168.5.155, host: pr-hdds-2147-dpwbv-833026882, networkLocation: /default-rack, certSerialId: null}
2019-09-18 17:33:26,307 [pool-393-thread-1] INFO  storage.RaftStorage (RaftStorage.java:format(72)) - Storage directory /workdir/hadoop-ozone/integration-test/target/test-dir/MiniOzoneClusterImpl-37195201-b030-4955-b08c-e60a1205ff04/datanode-1/data/ratis/3f4d5fa3-43ba-4089-88f0-c2ea9e400192 has been successfully formatted.
2019-09-18 17:33:26,307 [pool-393-thread-1] INFO  ratis.ContainerStateMachine (ContainerStateMachine.java:loadSnapshot(230)) - group-C2EA9E400192: The snapshot info is null. Setting the last applied indexto:(t:0, i:~)
2019-09-18 17:33:26,307 [pool-393-thread-1] INFO  server.RaftServerConfigKeys (ConfUtils.java:logGet(43)) - raft.server.notification.no-leader.timeout = 120s (custom)
2019-09-18 17:33:26,308 [pool-393-thread-1] INFO  server.RaftServerConfigKeys (ConfUtils.java:logGet(43)) - raft.server.log.use.memory = false (default)
2019-09-18 17:33:26,308 [pool-393-thread-1] INFO  server.RaftServerConfigKeys (ConfUtils.java:logGet(43)) - raft.server.log.purge.gap = 1000000 (custom)
2019-09-18 17:33:26,308 [pool-393-thread-1] INFO  server.RaftServerConfigKeys (ConfUtils.java:logGet(43)) - raft.server.log.appender.buffer.byte-limit = 33554432 (custom)
2019-09-18 17:33:26,308 [pool-393-thread-1] INFO  server.RaftServerConfigKeys (ConfUtils.java:logGet(43)) - raft.server.log.segment.size.max = 1048576 (custom)
2019-09-18 17:33:26,308 [pool-393-thread-1] INFO  server.RaftServerConfigKeys (ConfUtils.java:logGet(43)) - raft.server.log.segment.cache.num.max = 2 (custom)
2019-09-18 17:33:26,308 [pool-393-thread-1] INFO  segmented.SegmentedRaftLogWorker (SegmentedRaftLogWorker.java:<init>(172)) - new 2525c4b5-e4bc-48e7-b2d0-7f865c9a09c8@group-C2EA9E400192-SegmentedRaftLogWorker for RaftStorage:Storage Directory /workdir/hadoop-ozone/integration-test/target/test-dir/MiniOzoneClusterImpl-37195201-b030-4955-b08c-e60a1205ff04/datanode-1/data/ratis/3f4d5fa3-43ba-4089-88f0-c2ea9e400192
2019-09-18 17:33:26,309 [pool-393-thread-1] INFO  server.RaftServerConfigKeys (ConfUtils.java:logGet(43)) - raft.server.log.queue.byte-limit = 2147483647 (custom)
2019-09-18 17:33:26,309 [pool-393-thread-1] INFO  server.RaftServerConfigKeys (ConfUtils.java:logGet(43)) - raft.server.log.queue.element-limit = 1024 (custom)
2019-09-18 17:33:26,310 [pool-393-thread-1] INFO  server.RaftServerConfigKeys (ConfUtils.java:logGet(43)) - raft.server.log.segment.size.max = 1048576 (custom)
2019-09-18 17:33:26,310 [pool-393-thread-1] INFO  server.RaftServerConfigKeys (ConfUtils.java:logGet(43)) - raft.server.log.preallocated.size = 16384 (custom)
2019-09-18 17:33:26,310 [pool-393-thread-1] INFO  server.RaftServerConfigKeys (ConfUtils.java:logGet(43)) - raft.server.log.write.buffer.size = 33554432 (custom)
2019-09-18 17:33:26,310 [pool-393-thread-1] INFO  server.RaftServerConfigKeys (ConfUtils.java:logGet(43)) - raft.server.log.force.sync.num = 128 (default)
2019-09-18 17:33:26,310 [pool-393-thread-1] INFO  server.RaftServerConfigKeys (ConfUtils.java:logGet(43)) - raft.server.log.statemachine.data.sync = true (default)
2019-09-18 17:33:26,310 [pool-393-thread-1] INFO  server.RaftServerConfigKeys (ConfUtils.java:logGet(43)) - raft.server.log.statemachine.data.sync.timeout = 10s (default)
2019-09-18 17:33:26,310 [pool-393-thread-1] INFO  server.RaftServerConfigKeys (ConfUtils.java:logGet(43)) - raft.server.log.statemachine.data.sync.timeout.retry = -1 (default)
2019-09-18 17:33:26,310 [pool-393-thread-1] INFO  server.RaftServerConfigKeys (ConfUtils.java:logGet(43)) - raft.server.log.statemachine.data.caching.enabled = true (custom)
2019-09-18 17:33:26,310 [pool-393-thread-1] INFO  segmented.SegmentedRaftLogWorker (SegmentedRaftLogWorker.java:lambda$new$0(132)) - 2525c4b5-e4bc-48e7-b2d0-7f865c9a09c8@group-C2EA9E400192-SegmentedRaftLogWorker: flushIndex: setUnconditionally 0 -> -1
2019-09-18 17:33:26,311 [pool-393-thread-1] INFO  server.RaftServerConfigKeys (ConfUtils.java:logGet(43)) - raft.server.snapshot.auto.trigger.enabled = true (custom)
2019-09-18 17:33:26,311 [pool-393-thread-1] INFO  server.RaftServerConfigKeys (ConfUtils.java:logGet(43)) - raft.server.snapshot.auto.trigger.threshold = 10000 (custom)
2019-09-18 17:33:26,311 [pool-393-thread-1] INFO  server.RaftServerConfigKeys (ConfUtils.java:logGet(43)) - raft.server.snapshot.retention.num.files = 5 (custom)
2019-09-18 17:33:26,311 [pool-393-thread-1] INFO  server.RaftServerConfigKeys (ConfUtils.java:logGet(43)) - raft.server.retrycache.expirytime = 600000ms (custom)
2019-09-18 17:33:26,312 [pool-393-thread-1] INFO  impl.RaftServerImpl (RaftServerImpl.java:start(185)) - 2525c4b5-e4bc-48e7-b2d0-7f865c9a09c8@group-C2EA9E400192: start as a follower, conf=-1: [2525c4b5-e4bc-48e7-b2d0-7f865c9a09c8:192.168.5.155:44356], old=null
2019-09-18 17:33:26,313 [pool-393-thread-1] INFO  impl.RaftServerImpl (RaftServerImpl.java:setRole(174)) - 2525c4b5-e4bc-48e7-b2d0-7f865c9a09c8@group-C2EA9E400192: changes role from      null to FOLLOWER at term 0 for startAsFollower
2019-09-18 17:33:26,313 [pool-393-thread-1] INFO  impl.RoleInfo (RoleInfo.java:updateAndGet(143)) - 2525c4b5-e4bc-48e7-b2d0-7f865c9a09c8: start FollowerState
2019-09-18 17:33:26,313 [pool-393-thread-1] INFO  util.JmxRegister (JmxRegister.java:tryRegister(44)) - Successfully registered JMX Bean with object name Ratis:service=RaftServer,group=group-C2EA9E400192,id=2525c4b5-e4bc-48e7-b2d0-7f865c9a09c8
2019-09-18 17:33:26,315 [RatisPipelineUtilsThread] INFO  pipeline.PipelineStateManager (PipelineStateManager.java:addPipeline(56)) - Created pipeline Pipeline[ Id: 3f4d5fa3-43ba-4089-88f0-c2ea9e400192, Nodes: 2525c4b5-e4bc-48e7-b2d0-7f865c9a09c8{ip: 192.168.5.155, host: pr-hdds-2147-dpwbv-833026882, networkLocation: /default-rack, certSerialId: null}, Type:RATIS, Factor:ONE, State:OPEN]
2019-09-18 17:33:26,322 [grpc-default-executor-3] INFO  impl.RaftServerProxy (RaftServerProxy.java:addNew(89)) - b33e0b3d-30a4-48e1-8053-e6b4064212ed: addNew group-55C5CC990C40:[b33e0b3d-30a4-48e1-8053-e6b4064212ed:192.168.5.155:40438] returns group-55C5CC990C40:java.util.concurrent.CompletableFuture@1567eca2[Not completed]
2019-09-18 17:33:26,323 [pool-403-thread-1] INFO  impl.RaftServerImpl (RaftServerImpl.java:<init>(95)) - b33e0b3d-30a4-48e1-8053-e6b4064212ed: new RaftServerImpl for group-55C5CC990C40:[b33e0b3d-30a4-48e1-8053-e6b4064212ed:192.168.5.155:40438] with ContainerStateMachine:uninitialized
2019-09-18 17:33:26,323 [pool-403-thread-1] INFO  server.RaftServerConfigKeys (ConfUtils.java:logGet(43)) - raft.server.rpc.timeout.min = 5s (custom)
2019-09-18 17:33:26,324 [pool-403-thread-1] INFO  server.RaftServerConfigKeys (ConfUtils.java:logGet(43)) - raft.server.rpc.timeout.max = 5200ms (custom)
2019-09-18 17:33:26,324 [pool-403-thread-1] INFO  server.RaftServerConfigKeys (ConfUtils.java:logGet(43)) - raft.server.rpcslowness.timeout = 120s (custom)
2019-09-18 17:33:26,324 [pool-403-thread-1] INFO  server.RaftServerConfigKeys (ConfUtils.java:logGet(43)) - raft.server.sleep.deviation.threshold = 300 (default)
2019-09-18 17:33:26,324 [pool-403-thread-1] INFO  server.RaftServerConfigKeys (ConfUtils.java:logGet(43)) - raft.server.log.appender.install.snapshot.enabled = false (custom)
2019-09-18 17:33:26,324 [pool-403-thread-1] INFO  impl.RaftServerImpl (ServerState.java:<init>(103)) - b33e0b3d-30a4-48e1-8053-e6b4064212ed@group-55C5CC990C40: ConfigurationManager, init=-1: [b33e0b3d-30a4-48e1-8053-e6b4064212ed:192.168.5.155:40438], old=null, confs=<EMPTY_MAP>
2019-09-18 17:33:26,324 [pool-403-thread-1] INFO  server.RaftServerConfigKeys (ConfUtils.java:logGet(43)) - raft.server.storage.dir = [/workdir/hadoop-ozone/integration-test/target/test-dir/MiniOzoneClusterImpl-37195201-b030-4955-b08c-e60a1205ff04/datanode-2/data/ratis] (custom)
2019-09-18 17:33:26,324 [pool-403-thread-1] INFO  storage.RaftStorageDirectory (RaftStorageDirectory.java:analyzeStorage(246)) - The storage directory /workdir/hadoop-ozone/integration-test/target/test-dir/MiniOzoneClusterImpl-37195201-b030-4955-b08c-e60a1205ff04/datanode-2/data/ratis/d149c1b1-69b9-4d3b-b986-55c5cc990c40 does not exist. Creating ...
2019-09-18 17:33:26,347 [pool-403-thread-1] INFO  storage.RaftStorageDirectory (RaftStorageDirectory.java:tryLock(328)) - Lock on /workdir/hadoop-ozone/integration-test/target/test-dir/MiniOzoneClusterImpl-37195201-b030-4955-b08c-e60a1205ff04/datanode-2/data/ratis/d149c1b1-69b9-4d3b-b986-55c5cc990c40/in_use.lock acquired by nodename 23921@pr-hdds-2147-dpwbv-833026882
2019-09-18 17:33:26,360 [IPC Server handler 1 on 44968] INFO  net.NetworkTopology (NetworkTopologyImpl.java:add(111)) - Added a new node: /default-rack/b0d444e7-f95d-4287-9b32-254db5ea75d4
2019-09-18 17:33:26,361 [IPC Server handler 1 on 44968] INFO  node.SCMNodeManager (SCMNodeManager.java:register(266)) - Registered Data node : b0d444e7-f95d-4287-9b32-254db5ea75d4{ip: 192.168.5.155, host: pr-hdds-2147-dpwbv-833026882, networkLocation: /default-rack, certSerialId: null}
2019-09-18 17:33:26,362 [pool-403-thread-1] INFO  storage.RaftStorage (RaftStorage.java:format(72)) - Storage directory /workdir/hadoop-ozone/integration-test/target/test-dir/MiniOzoneClusterImpl-37195201-b030-4955-b08c-e60a1205ff04/datanode-2/data/ratis/d149c1b1-69b9-4d3b-b986-55c5cc990c40 has been successfully formatted.
2019-09-18 17:33:26,363 [pool-403-thread-1] INFO  ratis.ContainerStateMachine (ContainerStateMachine.java:loadSnapshot(230)) - group-55C5CC990C40: The snapshot info is null. Setting the last applied indexto:(t:0, i:~)
2019-09-18 17:33:26,363 [pool-403-thread-1] INFO  server.RaftServerConfigKeys (ConfUtils.java:logGet(43)) - raft.server.notification.no-leader.timeout = 120s (custom)
2019-09-18 17:33:26,363 [pool-403-thread-1] INFO  server.RaftServerConfigKeys (ConfUtils.java:logGet(43)) - raft.server.log.use.memory = false (default)
2019-09-18 17:33:26,363 [pool-403-thread-1] INFO  server.RaftServerConfigKeys (ConfUtils.java:logGet(43)) - raft.server.log.purge.gap = 1000000 (custom)
2019-09-18 17:33:26,363 [pool-403-thread-1] INFO  server.RaftServerConfigKeys (ConfUtils.java:logGet(43)) - raft.server.log.appender.buffer.byte-limit = 33554432 (custom)
2019-09-18 17:33:26,363 [pool-403-thread-1] INFO  server.RaftServerConfigKeys (ConfUtils.java:logGet(43)) - raft.server.log.segment.size.max = 1048576 (custom)
2019-09-18 17:33:26,364 [pool-403-thread-1] INFO  server.RaftServerConfigKeys (ConfUtils.java:logGet(43)) - raft.server.log.segment.cache.num.max = 2 (custom)
2019-09-18 17:33:26,364 [pool-403-thread-1] INFO  segmented.SegmentedRaftLogWorker (SegmentedRaftLogWorker.java:<init>(172)) - new b33e0b3d-30a4-48e1-8053-e6b4064212ed@group-55C5CC990C40-SegmentedRaftLogWorker for RaftStorage:Storage Directory /workdir/hadoop-ozone/integration-test/target/test-dir/MiniOzoneClusterImpl-37195201-b030-4955-b08c-e60a1205ff04/datanode-2/data/ratis/d149c1b1-69b9-4d3b-b986-55c5cc990c40
2019-09-18 17:33:26,365 [pool-403-thread-1] INFO  server.RaftServerConfigKeys (ConfUtils.java:logGet(43)) - raft.server.log.queue.byte-limit = 2147483647 (custom)
2019-09-18 17:33:26,366 [pool-403-thread-1] INFO  server.RaftServerConfigKeys (ConfUtils.java:logGet(43)) - raft.server.log.queue.element-limit = 1024 (custom)
2019-09-18 17:33:26,366 [pool-403-thread-1] INFO  server.RaftServerConfigKeys (ConfUtils.java:logGet(43)) - raft.server.log.segment.size.max = 1048576 (custom)
2019-09-18 17:33:26,366 [pool-403-thread-1] INFO  server.RaftServerConfigKeys (ConfUtils.java:logGet(43)) - raft.server.log.preallocated.size = 16384 (custom)
2019-09-18 17:33:26,366 [pool-403-thread-1] INFO  server.RaftServerConfigKeys (ConfUtils.java:logGet(43)) - raft.server.log.write.buffer.size = 33554432 (custom)
2019-09-18 17:33:26,366 [pool-403-thread-1] INFO  server.RaftServerConfigKeys (ConfUtils.java:logGet(43)) - raft.server.log.force.sync.num = 128 (default)
2019-09-18 17:33:26,366 [pool-403-thread-1] INFO  server.RaftServerConfigKeys (ConfUtils.java:logGet(43)) - raft.server.log.statemachine.data.sync = true (default)
2019-09-18 17:33:26,366 [pool-403-thread-1] INFO  server.RaftServerConfigKeys (ConfUtils.java:logGet(43)) - raft.server.log.statemachine.data.sync.timeout = 10s (default)
2019-09-18 17:33:26,367 [pool-403-thread-1] INFO  server.RaftServerConfigKeys (ConfUtils.java:logGet(43)) - raft.server.log.statemachine.data.sync.timeout.retry = -1 (default)
2019-09-18 17:33:26,367 [pool-403-thread-1] INFO  server.RaftServerConfigKeys (ConfUtils.java:logGet(43)) - raft.server.log.statemachine.data.caching.enabled = true (custom)
2019-09-18 17:33:26,367 [pool-403-thread-1] INFO  segmented.SegmentedRaftLogWorker (SegmentedRaftLogWorker.java:lambda$new$0(132)) - b33e0b3d-30a4-48e1-8053-e6b4064212ed@group-55C5CC990C40-SegmentedRaftLogWorker: flushIndex: setUnconditionally 0 -> -1
2019-09-18 17:33:26,367 [pool-403-thread-1] INFO  server.RaftServerConfigKeys (ConfUtils.java:logGet(43)) - raft.server.snapshot.auto.trigger.enabled = true (custom)
2019-09-18 17:33:26,368 [pool-403-thread-1] INFO  server.RaftServerConfigKeys (ConfUtils.java:logGet(43)) - raft.server.snapshot.auto.trigger.threshold = 10000 (custom)
2019-09-18 17:33:26,368 [pool-403-thread-1] INFO  server.RaftServerConfigKeys (ConfUtils.java:logGet(43)) - raft.server.snapshot.retention.num.files = 5 (custom)
2019-09-18 17:33:26,368 [pool-403-thread-1] INFO  server.RaftServerConfigKeys (ConfUtils.java:logGet(43)) - raft.server.retrycache.expirytime = 600000ms (custom)
2019-09-18 17:33:26,369 [pool-403-thread-1] INFO  impl.RaftServerImpl (RaftServerImpl.java:start(185)) - b33e0b3d-30a4-48e1-8053-e6b4064212ed@group-55C5CC990C40: start as a follower, conf=-1: [b33e0b3d-30a4-48e1-8053-e6b4064212ed:192.168.5.155:40438], old=null
2019-09-18 17:33:26,369 [pool-403-thread-1] INFO  impl.RaftServerImpl (RaftServerImpl.java:setRole(174)) - b33e0b3d-30a4-48e1-8053-e6b4064212ed@group-55C5CC990C40: changes role from      null to FOLLOWER at term 0 for startAsFollower
2019-09-18 17:33:26,369 [pool-403-thread-1] INFO  impl.RoleInfo (RoleInfo.java:updateAndGet(143)) - b33e0b3d-30a4-48e1-8053-e6b4064212ed: start FollowerState
2019-09-18 17:33:26,370 [pool-403-thread-1] INFO  util.JmxRegister (JmxRegister.java:tryRegister(44)) - Successfully registered JMX Bean with object name Ratis:service=RaftServer,group=group-55C5CC990C40,id=b33e0b3d-30a4-48e1-8053-e6b4064212ed
2019-09-18 17:33:26,372 [RatisPipelineUtilsThread] INFO  pipeline.PipelineStateManager (PipelineStateManager.java:addPipeline(56)) - Created pipeline Pipeline[ Id: d149c1b1-69b9-4d3b-b986-55c5cc990c40, Nodes: b33e0b3d-30a4-48e1-8053-e6b4064212ed{ip: 192.168.5.155, host: pr-hdds-2147-dpwbv-833026882, networkLocation: /default-rack, certSerialId: null}, Type:RATIS, Factor:ONE, State:OPEN]
2019-09-18 17:33:26,379 [grpc-default-executor-3] INFO  impl.RaftServerProxy (RaftServerProxy.java:addNew(89)) - b0d444e7-f95d-4287-9b32-254db5ea75d4: addNew group-4EB7BC42317B:[b0d444e7-f95d-4287-9b32-254db5ea75d4:192.168.5.155:45765] returns group-4EB7BC42317B:java.util.concurrent.CompletableFuture@267e1ef1[Not completed]
2019-09-18 17:33:26,380 [pool-413-thread-1] INFO  impl.RaftServerImpl (RaftServerImpl.java:<init>(95)) - b0d444e7-f95d-4287-9b32-254db5ea75d4: new RaftServerImpl for group-4EB7BC42317B:[b0d444e7-f95d-4287-9b32-254db5ea75d4:192.168.5.155:45765] with ContainerStateMachine:uninitialized
2019-09-18 17:33:26,380 [pool-413-thread-1] INFO  server.RaftServerConfigKeys (ConfUtils.java:logGet(43)) - raft.server.rpc.timeout.min = 5s (custom)
2019-09-18 17:33:26,381 [pool-413-thread-1] INFO  server.RaftServerConfigKeys (ConfUtils.java:logGet(43)) - raft.server.rpc.timeout.max = 5200ms (custom)
2019-09-18 17:33:26,381 [pool-413-thread-1] INFO  server.RaftServerConfigKeys (ConfUtils.java:logGet(43)) - raft.server.rpcslowness.timeout = 120s (custom)
2019-09-18 17:33:26,381 [pool-413-thread-1] INFO  server.RaftServerConfigKeys (ConfUtils.java:logGet(43)) - raft.server.sleep.deviation.threshold = 300 (default)
2019-09-18 17:33:26,381 [pool-413-thread-1] INFO  server.RaftServerConfigKeys (ConfUtils.java:logGet(43)) - raft.server.log.appender.install.snapshot.enabled = false (custom)
2019-09-18 17:33:26,381 [pool-413-thread-1] INFO  impl.RaftServerImpl (ServerState.java:<init>(103)) - b0d444e7-f95d-4287-9b32-254db5ea75d4@group-4EB7BC42317B: ConfigurationManager, init=-1: [b0d444e7-f95d-4287-9b32-254db5ea75d4:192.168.5.155:45765], old=null, confs=<EMPTY_MAP>
2019-09-18 17:33:26,381 [pool-413-thread-1] INFO  server.RaftServerConfigKeys (ConfUtils.java:logGet(43)) - raft.server.storage.dir = [/workdir/hadoop-ozone/integration-test/target/test-dir/MiniOzoneClusterImpl-37195201-b030-4955-b08c-e60a1205ff04/datanode-3/data/ratis] (custom)
2019-09-18 17:33:26,381 [pool-413-thread-1] INFO  storage.RaftStorageDirectory (RaftStorageDirectory.java:analyzeStorage(246)) - The storage directory /workdir/hadoop-ozone/integration-test/target/test-dir/MiniOzoneClusterImpl-37195201-b030-4955-b08c-e60a1205ff04/datanode-3/data/ratis/5851e7b6-9029-4d44-8f62-4eb7bc42317b does not exist. Creating ...
2019-09-18 17:33:26,404 [pool-413-thread-1] INFO  storage.RaftStorageDirectory (RaftStorageDirectory.java:tryLock(328)) - Lock on /workdir/hadoop-ozone/integration-test/target/test-dir/MiniOzoneClusterImpl-37195201-b030-4955-b08c-e60a1205ff04/datanode-3/data/ratis/5851e7b6-9029-4d44-8f62-4eb7bc42317b/in_use.lock acquired by nodename 23921@pr-hdds-2147-dpwbv-833026882
2019-09-18 17:33:26,420 [pool-413-thread-1] INFO  storage.RaftStorage (RaftStorage.java:format(72)) - Storage directory /workdir/hadoop-ozone/integration-test/target/test-dir/MiniOzoneClusterImpl-37195201-b030-4955-b08c-e60a1205ff04/datanode-3/data/ratis/5851e7b6-9029-4d44-8f62-4eb7bc42317b has been successfully formatted.
2019-09-18 17:33:26,421 [pool-413-thread-1] INFO  ratis.ContainerStateMachine (ContainerStateMachine.java:loadSnapshot(230)) - group-4EB7BC42317B: The snapshot info is null. Setting the last applied indexto:(t:0, i:~)
2019-09-18 17:33:26,421 [pool-413-thread-1] INFO  server.RaftServerConfigKeys (ConfUtils.java:logGet(43)) - raft.server.notification.no-leader.timeout = 120s (custom)
2019-09-18 17:33:26,421 [pool-413-thread-1] INFO  server.RaftServerConfigKeys (ConfUtils.java:logGet(43)) - raft.server.log.use.memory = false (default)
2019-09-18 17:33:26,421 [pool-413-thread-1] INFO  server.RaftServerConfigKeys (ConfUtils.java:logGet(43)) - raft.server.log.purge.gap = 1000000 (custom)
2019-09-18 17:33:26,421 [pool-413-thread-1] INFO  server.RaftServerConfigKeys (ConfUtils.java:logGet(43)) - raft.server.log.appender.buffer.byte-limit = 33554432 (custom)
2019-09-18 17:33:26,421 [pool-413-thread-1] INFO  server.RaftServerConfigKeys (ConfUtils.java:logGet(43)) - raft.server.log.segment.size.max = 1048576 (custom)
2019-09-18 17:33:26,421 [pool-413-thread-1] INFO  server.RaftServerConfigKeys (ConfUtils.java:logGet(43)) - raft.server.log.segment.cache.num.max = 2 (custom)
2019-09-18 17:33:26,421 [pool-413-thread-1] INFO  segmented.SegmentedRaftLogWorker (SegmentedRaftLogWorker.java:<init>(172)) - new b0d444e7-f95d-4287-9b32-254db5ea75d4@group-4EB7BC42317B-SegmentedRaftLogWorker for RaftStorage:Storage Directory /workdir/hadoop-ozone/integration-test/target/test-dir/MiniOzoneClusterImpl-37195201-b030-4955-b08c-e60a1205ff04/datanode-3/data/ratis/5851e7b6-9029-4d44-8f62-4eb7bc42317b
2019-09-18 17:33:26,423 [pool-413-thread-1] INFO  server.RaftServerConfigKeys (ConfUtils.java:logGet(43)) - raft.server.log.queue.byte-limit = 2147483647 (custom)
2019-09-18 17:33:26,423 [pool-413-thread-1] INFO  server.RaftServerConfigKeys (ConfUtils.java:logGet(43)) - raft.server.log.queue.element-limit = 1024 (custom)
2019-09-18 17:33:26,423 [pool-413-thread-1] INFO  server.RaftServerConfigKeys (ConfUtils.java:logGet(43)) - raft.server.log.segment.size.max = 1048576 (custom)
2019-09-18 17:33:26,423 [pool-413-thread-1] INFO  server.RaftServerConfigKeys (ConfUtils.java:logGet(43)) - raft.server.log.preallocated.size = 16384 (custom)
2019-09-18 17:33:26,424 [pool-413-thread-1] INFO  server.RaftServerConfigKeys (ConfUtils.java:logGet(43)) - raft.server.log.write.buffer.size = 33554432 (custom)
2019-09-18 17:33:26,424 [pool-413-thread-1] INFO  server.RaftServerConfigKeys (ConfUtils.java:logGet(43)) - raft.server.log.force.sync.num = 128 (default)
2019-09-18 17:33:26,424 [IPC Server handler 2 on 44968] INFO  net.NetworkTopology (NetworkTopologyImpl.java:add(111)) - Added a new node: /default-rack/8129a35d-d27c-49f3-8eb9-6cbb80484c62
2019-09-18 17:33:26,424 [pool-413-thread-1] INFO  server.RaftServerConfigKeys (ConfUtils.java:logGet(43)) - raft.server.log.statemachine.data.sync = true (default)
2019-09-18 17:33:26,424 [IPC Server handler 2 on 44968] INFO  node.SCMNodeManager (SCMNodeManager.java:register(266)) - Registered Data node : 8129a35d-d27c-49f3-8eb9-6cbb80484c62{ip: 192.168.5.155, host: pr-hdds-2147-dpwbv-833026882, networkLocation: /default-rack, certSerialId: null}
2019-09-18 17:33:26,424 [pool-413-thread-1] INFO  server.RaftServerConfigKeys (ConfUtils.java:logGet(43)) - raft.server.log.statemachine.data.sync.timeout = 10s (default)
2019-09-18 17:33:26,424 [pool-413-thread-1] INFO  server.RaftServerConfigKeys (ConfUtils.java:logGet(43)) - raft.server.log.statemachine.data.sync.timeout.retry = -1 (default)
2019-09-18 17:33:26,424 [pool-413-thread-1] INFO  server.RaftServerConfigKeys (ConfUtils.java:logGet(43)) - raft.server.log.statemachine.data.caching.enabled = true (custom)
2019-09-18 17:33:26,425 [pool-413-thread-1] INFO  segmented.SegmentedRaftLogWorker (SegmentedRaftLogWorker.java:lambda$new$0(132)) - b0d444e7-f95d-4287-9b32-254db5ea75d4@group-4EB7BC42317B-SegmentedRaftLogWorker: flushIndex: setUnconditionally 0 -> -1
2019-09-18 17:33:26,425 [pool-413-thread-1] INFO  server.RaftServerConfigKeys (ConfUtils.java:logGet(43)) - raft.server.snapshot.auto.trigger.enabled = true (custom)
2019-09-18 17:33:26,425 [pool-413-thread-1] INFO  server.RaftServerConfigKeys (ConfUtils.java:logGet(43)) - raft.server.snapshot.auto.trigger.threshold = 10000 (custom)
2019-09-18 17:33:26,425 [pool-413-thread-1] INFO  server.RaftServerConfigKeys (ConfUtils.java:logGet(43)) - raft.server.snapshot.retention.num.files = 5 (custom)
2019-09-18 17:33:26,425 [pool-413-thread-1] INFO  server.RaftServerConfigKeys (ConfUtils.java:logGet(43)) - raft.server.retrycache.expirytime = 600000ms (custom)
2019-09-18 17:33:26,427 [pool-413-thread-1] INFO  impl.RaftServerImpl (RaftServerImpl.java:start(185)) - b0d444e7-f95d-4287-9b32-254db5ea75d4@group-4EB7BC42317B: start as a follower, conf=-1: [b0d444e7-f95d-4287-9b32-254db5ea75d4:192.168.5.155:45765], old=null
2019-09-18 17:33:26,427 [pool-413-thread-1] INFO  impl.RaftServerImpl (RaftServerImpl.java:setRole(174)) - b0d444e7-f95d-4287-9b32-254db5ea75d4@group-4EB7BC42317B: changes role from      null to FOLLOWER at term 0 for startAsFollower
2019-09-18 17:33:26,427 [pool-413-thread-1] INFO  impl.RoleInfo (RoleInfo.java:updateAndGet(143)) - b0d444e7-f95d-4287-9b32-254db5ea75d4: start FollowerState
2019-09-18 17:33:26,427 [pool-413-thread-1] INFO  util.JmxRegister (JmxRegister.java:tryRegister(44)) - Successfully registered JMX Bean with object name Ratis:service=RaftServer,group=group-4EB7BC42317B,id=b0d444e7-f95d-4287-9b32-254db5ea75d4
2019-09-18 17:33:26,429 [RatisPipelineUtilsThread] INFO  pipeline.PipelineStateManager (PipelineStateManager.java:addPipeline(56)) - Created pipeline Pipeline[ Id: 5851e7b6-9029-4d44-8f62-4eb7bc42317b, Nodes: b0d444e7-f95d-4287-9b32-254db5ea75d4{ip: 192.168.5.155, host: pr-hdds-2147-dpwbv-833026882, networkLocation: /default-rack, certSerialId: null}, Type:RATIS, Factor:ONE, State:OPEN]
2019-09-18 17:33:26,435 [grpc-default-executor-3] INFO  impl.RaftServerProxy (RaftServerProxy.java:addNew(89)) - 8129a35d-d27c-49f3-8eb9-6cbb80484c62: addNew group-BCD7B41250C9:[8129a35d-d27c-49f3-8eb9-6cbb80484c62:192.168.5.155:41395] returns group-BCD7B41250C9:java.util.concurrent.CompletableFuture@19ce945c[Not completed]
2019-09-18 17:33:26,436 [pool-423-thread-1] INFO  impl.RaftServerImpl (RaftServerImpl.java:<init>(95)) - 8129a35d-d27c-49f3-8eb9-6cbb80484c62: new RaftServerImpl for group-BCD7B41250C9:[8129a35d-d27c-49f3-8eb9-6cbb80484c62:192.168.5.155:41395] with ContainerStateMachine:uninitialized
2019-09-18 17:33:26,437 [pool-423-thread-1] INFO  server.RaftServerConfigKeys (ConfUtils.java:logGet(43)) - raft.server.rpc.timeout.min = 5s (custom)
2019-09-18 17:33:26,437 [pool-423-thread-1] INFO  server.RaftServerConfigKeys (ConfUtils.java:logGet(43)) - raft.server.rpc.timeout.max = 5200ms (custom)
2019-09-18 17:33:26,437 [pool-423-thread-1] INFO  server.RaftServerConfigKeys (ConfUtils.java:logGet(43)) - raft.server.rpcslowness.timeout = 120s (custom)
2019-09-18 17:33:26,437 [pool-423-thread-1] INFO  server.RaftServerConfigKeys (ConfUtils.java:logGet(43)) - raft.server.sleep.deviation.threshold = 300 (default)
2019-09-18 17:33:26,437 [pool-423-thread-1] INFO  server.RaftServerConfigKeys (ConfUtils.java:logGet(43)) - raft.server.log.appender.install.snapshot.enabled = false (custom)
2019-09-18 17:33:26,437 [pool-423-thread-1] INFO  impl.RaftServerImpl (ServerState.java:<init>(103)) - 8129a35d-d27c-49f3-8eb9-6cbb80484c62@group-BCD7B41250C9: ConfigurationManager, init=-1: [8129a35d-d27c-49f3-8eb9-6cbb80484c62:192.168.5.155:41395], old=null, confs=<EMPTY_MAP>
2019-09-18 17:33:26,437 [pool-423-thread-1] INFO  server.RaftServerConfigKeys (ConfUtils.java:logGet(43)) - raft.server.storage.dir = [/workdir/hadoop-ozone/integration-test/target/test-dir/MiniOzoneClusterImpl-37195201-b030-4955-b08c-e60a1205ff04/datanode-4/data/ratis] (custom)
2019-09-18 17:33:26,438 [pool-423-thread-1] INFO  storage.RaftStorageDirectory (RaftStorageDirectory.java:analyzeStorage(246)) - The storage directory /workdir/hadoop-ozone/integration-test/target/test-dir/MiniOzoneClusterImpl-37195201-b030-4955-b08c-e60a1205ff04/datanode-4/data/ratis/2249dcec-c3fd-4259-b9dd-bcd7b41250c9 does not exist. Creating ...
2019-09-18 17:33:26,448 [pool-423-thread-1] INFO  storage.RaftStorageDirectory (RaftStorageDirectory.java:tryLock(328)) - Lock on /workdir/hadoop-ozone/integration-test/target/test-dir/MiniOzoneClusterImpl-37195201-b030-4955-b08c-e60a1205ff04/datanode-4/data/ratis/2249dcec-c3fd-4259-b9dd-bcd7b41250c9/in_use.lock acquired by nodename 23921@pr-hdds-2147-dpwbv-833026882
2019-09-18 17:33:26,458 [pool-423-thread-1] INFO  storage.RaftStorage (RaftStorage.java:format(72)) - Storage directory /workdir/hadoop-ozone/integration-test/target/test-dir/MiniOzoneClusterImpl-37195201-b030-4955-b08c-e60a1205ff04/datanode-4/data/ratis/2249dcec-c3fd-4259-b9dd-bcd7b41250c9 has been successfully formatted.
2019-09-18 17:33:26,459 [pool-423-thread-1] INFO  ratis.ContainerStateMachine (ContainerStateMachine.java:loadSnapshot(230)) - group-BCD7B41250C9: The snapshot info is null. Setting the last applied indexto:(t:0, i:~)
2019-09-18 17:33:26,459 [pool-423-thread-1] INFO  server.RaftServerConfigKeys (ConfUtils.java:logGet(43)) - raft.server.notification.no-leader.timeout = 120s (custom)
2019-09-18 17:33:26,459 [pool-423-thread-1] INFO  server.RaftServerConfigKeys (ConfUtils.java:logGet(43)) - raft.server.log.use.memory = false (default)
2019-09-18 17:33:26,459 [pool-423-thread-1] INFO  server.RaftServerConfigKeys (ConfUtils.java:logGet(43)) - raft.server.log.purge.gap = 1000000 (custom)
2019-09-18 17:33:26,459 [pool-423-thread-1] INFO  server.RaftServerConfigKeys (ConfUtils.java:logGet(43)) - raft.server.log.appender.buffer.byte-limit = 33554432 (custom)
2019-09-18 17:33:26,459 [pool-423-thread-1] INFO  server.RaftServerConfigKeys (ConfUtils.java:logGet(43)) - raft.server.log.segment.size.max = 1048576 (custom)
2019-09-18 17:33:26,459 [pool-423-thread-1] INFO  server.RaftServerConfigKeys (ConfUtils.java:logGet(43)) - raft.server.log.segment.cache.num.max = 2 (custom)
2019-09-18 17:33:26,459 [pool-423-thread-1] INFO  segmented.SegmentedRaftLogWorker (SegmentedRaftLogWorker.java:<init>(172)) - new 8129a35d-d27c-49f3-8eb9-6cbb80484c62@group-BCD7B41250C9-SegmentedRaftLogWorker for RaftStorage:Storage Directory /workdir/hadoop-ozone/integration-test/target/test-dir/MiniOzoneClusterImpl-37195201-b030-4955-b08c-e60a1205ff04/datanode-4/data/ratis/2249dcec-c3fd-4259-b9dd-bcd7b41250c9
2019-09-18 17:33:26,461 [pool-423-thread-1] INFO  server.RaftServerConfigKeys (ConfUtils.java:logGet(43)) - raft.server.log.queue.byte-limit = 2147483647 (custom)
2019-09-18 17:33:26,461 [pool-423-thread-1] INFO  server.RaftServerConfigKeys (ConfUtils.java:logGet(43)) - raft.server.log.queue.element-limit = 1024 (custom)
2019-09-18 17:33:26,461 [pool-423-thread-1] INFO  server.RaftServerConfigKeys (ConfUtils.java:logGet(43)) - raft.server.log.segment.size.max = 1048576 (custom)
2019-09-18 17:33:26,461 [pool-423-thread-1] INFO  server.RaftServerConfigKeys (ConfUtils.java:logGet(43)) - raft.server.log.preallocated.size = 16384 (custom)
2019-09-18 17:33:26,461 [pool-423-thread-1] INFO  server.RaftServerConfigKeys (ConfUtils.java:logGet(43)) - raft.server.log.write.buffer.size = 33554432 (custom)
2019-09-18 17:33:26,461 [pool-423-thread-1] INFO  server.RaftServerConfigKeys (ConfUtils.java:logGet(43)) - raft.server.log.force.sync.num = 128 (default)
2019-09-18 17:33:26,461 [pool-423-thread-1] INFO  server.RaftServerConfigKeys (ConfUtils.java:logGet(43)) - raft.server.log.statemachine.data.sync = true (default)
2019-09-18 17:33:26,461 [pool-423-thread-1] INFO  server.RaftServerConfigKeys (ConfUtils.java:logGet(43)) - raft.server.log.statemachine.data.sync.timeout = 10s (default)
2019-09-18 17:33:26,462 [pool-423-thread-1] INFO  server.RaftServerConfigKeys (ConfUtils.java:logGet(43)) - raft.server.log.statemachine.data.sync.timeout.retry = -1 (default)
2019-09-18 17:33:26,462 [pool-423-thread-1] INFO  server.RaftServerConfigKeys (ConfUtils.java:logGet(43)) - raft.server.log.statemachine.data.caching.enabled = true (custom)
2019-09-18 17:33:26,462 [pool-423-thread-1] INFO  segmented.SegmentedRaftLogWorker (SegmentedRaftLogWorker.java:lambda$new$0(132)) - 8129a35d-d27c-49f3-8eb9-6cbb80484c62@group-BCD7B41250C9-SegmentedRaftLogWorker: flushIndex: setUnconditionally 0 -> -1
2019-09-18 17:33:26,462 [pool-423-thread-1] INFO  server.RaftServerConfigKeys (ConfUtils.java:logGet(43)) - raft.server.snapshot.auto.trigger.enabled = true (custom)
2019-09-18 17:33:26,462 [pool-423-thread-1] INFO  server.RaftServerConfigKeys (ConfUtils.java:logGet(43)) - raft.server.snapshot.auto.trigger.threshold = 10000 (custom)
2019-09-18 17:33:26,462 [pool-423-thread-1] INFO  server.RaftServerConfigKeys (ConfUtils.java:logGet(43)) - raft.server.snapshot.retention.num.files = 5 (custom)
2019-09-18 17:33:26,462 [pool-423-thread-1] INFO  server.RaftServerConfigKeys (ConfUtils.java:logGet(43)) - raft.server.retrycache.expirytime = 600000ms (custom)
2019-09-18 17:33:26,463 [pool-423-thread-1] INFO  impl.RaftServerImpl (RaftServerImpl.java:start(185)) - 8129a35d-d27c-49f3-8eb9-6cbb80484c62@group-BCD7B41250C9: start as a follower, conf=-1: [8129a35d-d27c-49f3-8eb9-6cbb80484c62:192.168.5.155:41395], old=null
2019-09-18 17:33:26,463 [pool-423-thread-1] INFO  impl.RaftServerImpl (RaftServerImpl.java:setRole(174)) - 8129a35d-d27c-49f3-8eb9-6cbb80484c62@group-BCD7B41250C9: changes role from      null to FOLLOWER at term 0 for startAsFollower
2019-09-18 17:33:26,464 [pool-423-thread-1] INFO  impl.RoleInfo (RoleInfo.java:updateAndGet(143)) - 8129a35d-d27c-49f3-8eb9-6cbb80484c62: start FollowerState
2019-09-18 17:33:26,464 [pool-423-thread-1] INFO  util.JmxRegister (JmxRegister.java:tryRegister(44)) - Successfully registered JMX Bean with object name Ratis:service=RaftServer,group=group-BCD7B41250C9,id=8129a35d-d27c-49f3-8eb9-6cbb80484c62
2019-09-18 17:33:26,466 [RatisPipelineUtilsThread] INFO  pipeline.PipelineStateManager (PipelineStateManager.java:addPipeline(56)) - Created pipeline Pipeline[ Id: 2249dcec-c3fd-4259-b9dd-bcd7b41250c9, Nodes: 8129a35d-d27c-49f3-8eb9-6cbb80484c62{ip: 192.168.5.155, host: pr-hdds-2147-dpwbv-833026882, networkLocation: /default-rack, certSerialId: null}, Type:RATIS, Factor:ONE, State:OPEN]
2019-09-18 17:33:26,479 [grpc-default-executor-3] INFO  impl.RaftServerProxy (RaftServerProxy.java:addNew(89)) - 06886d8d-828f-4bd3-9da8-c3e3f0fe3bff: addNew group-930CB84686E7:[06886d8d-828f-4bd3-9da8-c3e3f0fe3bff:192.168.5.155:45123, b0d444e7-f95d-4287-9b32-254db5ea75d4:192.168.5.155:45765, 8129a35d-d27c-49f3-8eb9-6cbb80484c62:192.168.5.155:41395] returns group-930CB84686E7:java.util.concurrent.CompletableFuture@55dd3bc5[Not completed]
2019-09-18 17:33:26,479 [grpc-default-executor-9] INFO  impl.RaftServerProxy (RaftServerProxy.java:addNew(89)) - 8129a35d-d27c-49f3-8eb9-6cbb80484c62: addNew group-930CB84686E7:[06886d8d-828f-4bd3-9da8-c3e3f0fe3bff:192.168.5.155:45123, b0d444e7-f95d-4287-9b32-254db5ea75d4:192.168.5.155:45765, 8129a35d-d27c-49f3-8eb9-6cbb80484c62:192.168.5.155:41395] returns group-930CB84686E7:java.util.concurrent.CompletableFuture@375b261d[Not completed]
2019-09-18 17:33:26,480 [grpc-default-executor-9] INFO  impl.RaftServerProxy (RaftServerProxy.java:addNew(89)) - b0d444e7-f95d-4287-9b32-254db5ea75d4: addNew group-930CB84686E7:[06886d8d-828f-4bd3-9da8-c3e3f0fe3bff:192.168.5.155:45123, b0d444e7-f95d-4287-9b32-254db5ea75d4:192.168.5.155:45765, 8129a35d-d27c-49f3-8eb9-6cbb80484c62:192.168.5.155:41395] returns group-930CB84686E7:java.util.concurrent.CompletableFuture@2bc5171b[Not completed]
2019-09-18 17:33:26,480 [pool-423-thread-1] INFO  impl.RaftServerImpl (RaftServerImpl.java:<init>(95)) - 8129a35d-d27c-49f3-8eb9-6cbb80484c62: new RaftServerImpl for group-930CB84686E7:[06886d8d-828f-4bd3-9da8-c3e3f0fe3bff:192.168.5.155:45123, b0d444e7-f95d-4287-9b32-254db5ea75d4:192.168.5.155:45765, 8129a35d-d27c-49f3-8eb9-6cbb80484c62:192.168.5.155:41395] with ContainerStateMachine:uninitialized
2019-09-18 17:33:26,480 [pool-423-thread-1] INFO  server.RaftServerConfigKeys (ConfUtils.java:logGet(43)) - raft.server.rpc.timeout.min = 5s (custom)
2019-09-18 17:33:26,480 [pool-423-thread-1] INFO  server.RaftServerConfigKeys (ConfUtils.java:logGet(43)) - raft.server.rpc.timeout.max = 5200ms (custom)
2019-09-18 17:33:26,480 [pool-423-thread-1] INFO  server.RaftServerConfigKeys (ConfUtils.java:logGet(43)) - raft.server.rpcslowness.timeout = 120s (custom)
2019-09-18 17:33:26,480 [pool-423-thread-1] INFO  server.RaftServerConfigKeys (ConfUtils.java:logGet(43)) - raft.server.sleep.deviation.threshold = 300 (default)
2019-09-18 17:33:26,481 [pool-423-thread-1] INFO  server.RaftServerConfigKeys (ConfUtils.java:logGet(43)) - raft.server.log.appender.install.snapshot.enabled = false (custom)
2019-09-18 17:33:26,481 [pool-423-thread-1] INFO  impl.RaftServerImpl (ServerState.java:<init>(103)) - 8129a35d-d27c-49f3-8eb9-6cbb80484c62@group-930CB84686E7: ConfigurationManager, init=-1: [06886d8d-828f-4bd3-9da8-c3e3f0fe3bff:192.168.5.155:45123, b0d444e7-f95d-4287-9b32-254db5ea75d4:192.168.5.155:45765, 8129a35d-d27c-49f3-8eb9-6cbb80484c62:192.168.5.155:41395], old=null, confs=<EMPTY_MAP>
2019-09-18 17:33:26,481 [pool-383-thread-1] INFO  impl.RaftServerImpl (RaftServerImpl.java:<init>(95)) - 06886d8d-828f-4bd3-9da8-c3e3f0fe3bff: new RaftServerImpl for group-930CB84686E7:[06886d8d-828f-4bd3-9da8-c3e3f0fe3bff:192.168.5.155:45123, b0d444e7-f95d-4287-9b32-254db5ea75d4:192.168.5.155:45765, 8129a35d-d27c-49f3-8eb9-6cbb80484c62:192.168.5.155:41395] with ContainerStateMachine:uninitialized
2019-09-18 17:33:26,481 [pool-423-thread-1] INFO  server.RaftServerConfigKeys (ConfUtils.java:logGet(43)) - raft.server.storage.dir = [/workdir/hadoop-ozone/integration-test/target/test-dir/MiniOzoneClusterImpl-37195201-b030-4955-b08c-e60a1205ff04/datanode-4/data/ratis] (custom)
2019-09-18 17:33:26,481 [pool-383-thread-1] INFO  server.RaftServerConfigKeys (ConfUtils.java:logGet(43)) - raft.server.rpc.timeout.min = 5s (custom)
2019-09-18 17:33:26,481 [pool-383-thread-1] INFO  server.RaftServerConfigKeys (ConfUtils.java:logGet(43)) - raft.server.rpc.timeout.max = 5200ms (custom)
2019-09-18 17:33:26,481 [pool-423-thread-1] INFO  storage.RaftStorageDirectory (RaftStorageDirectory.java:analyzeStorage(246)) - The storage directory /workdir/hadoop-ozone/integration-test/target/test-dir/MiniOzoneClusterImpl-37195201-b030-4955-b08c-e60a1205ff04/datanode-4/data/ratis/0773c8a8-911a-4f2f-a99e-930cb84686e7 does not exist. Creating ...
2019-09-18 17:33:26,481 [pool-413-thread-1] INFO  impl.RaftServerImpl (RaftServerImpl.java:<init>(95)) - b0d444e7-f95d-4287-9b32-254db5ea75d4: new RaftServerImpl for group-930CB84686E7:[06886d8d-828f-4bd3-9da8-c3e3f0fe3bff:192.168.5.155:45123, b0d444e7-f95d-4287-9b32-254db5ea75d4:192.168.5.155:45765, 8129a35d-d27c-49f3-8eb9-6cbb80484c62:192.168.5.155:41395] with ContainerStateMachine:uninitialized
2019-09-18 17:33:26,481 [pool-383-thread-1] INFO  server.RaftServerConfigKeys (ConfUtils.java:logGet(43)) - raft.server.rpcslowness.timeout = 120s (custom)
2019-09-18 17:33:26,481 [pool-413-thread-1] INFO  server.RaftServerConfigKeys (ConfUtils.java:logGet(43)) - raft.server.rpc.timeout.min = 5s (custom)
2019-09-18 17:33:26,482 [pool-383-thread-1] INFO  server.RaftServerConfigKeys (ConfUtils.java:logGet(43)) - raft.server.sleep.deviation.threshold = 300 (default)
2019-09-18 17:33:26,482 [pool-413-thread-1] INFO  server.RaftServerConfigKeys (ConfUtils.java:logGet(43)) - raft.server.rpc.timeout.max = 5200ms (custom)
2019-09-18 17:33:26,482 [pool-383-thread-1] INFO  server.RaftServerConfigKeys (ConfUtils.java:logGet(43)) - raft.server.log.appender.install.snapshot.enabled = false (custom)
2019-09-18 17:33:26,482 [pool-413-thread-1] INFO  server.RaftServerConfigKeys (ConfUtils.java:logGet(43)) - raft.server.rpcslowness.timeout = 120s (custom)
2019-09-18 17:33:26,482 [pool-383-thread-1] INFO  impl.RaftServerImpl (ServerState.java:<init>(103)) - 06886d8d-828f-4bd3-9da8-c3e3f0fe3bff@group-930CB84686E7: ConfigurationManager, init=-1: [06886d8d-828f-4bd3-9da8-c3e3f0fe3bff:192.168.5.155:45123, b0d444e7-f95d-4287-9b32-254db5ea75d4:192.168.5.155:45765, 8129a35d-d27c-49f3-8eb9-6cbb80484c62:192.168.5.155:41395], old=null, confs=<EMPTY_MAP>
2019-09-18 17:33:26,482 [pool-413-thread-1] INFO  server.RaftServerConfigKeys (ConfUtils.java:logGet(43)) - raft.server.sleep.deviation.threshold = 300 (default)
2019-09-18 17:33:26,482 [pool-383-thread-1] INFO  server.RaftServerConfigKeys (ConfUtils.java:logGet(43)) - raft.server.storage.dir = [/workdir/hadoop-ozone/integration-test/target/test-dir/MiniOzoneClusterImpl-37195201-b030-4955-b08c-e60a1205ff04/datanode-0/data/ratis] (custom)
2019-09-18 17:33:26,482 [pool-413-thread-1] INFO  server.RaftServerConfigKeys (ConfUtils.java:logGet(43)) - raft.server.log.appender.install.snapshot.enabled = false (custom)
2019-09-18 17:33:26,482 [pool-413-thread-1] INFO  impl.RaftServerImpl (ServerState.java:<init>(103)) - b0d444e7-f95d-4287-9b32-254db5ea75d4@group-930CB84686E7: ConfigurationManager, init=-1: [06886d8d-828f-4bd3-9da8-c3e3f0fe3bff:192.168.5.155:45123, b0d444e7-f95d-4287-9b32-254db5ea75d4:192.168.5.155:45765, 8129a35d-d27c-49f3-8eb9-6cbb80484c62:192.168.5.155:41395], old=null, confs=<EMPTY_MAP>
2019-09-18 17:33:26,483 [pool-383-thread-1] INFO  storage.RaftStorageDirectory (RaftStorageDirectory.java:analyzeStorage(246)) - The storage directory /workdir/hadoop-ozone/integration-test/target/test-dir/MiniOzoneClusterImpl-37195201-b030-4955-b08c-e60a1205ff04/datanode-0/data/ratis/0773c8a8-911a-4f2f-a99e-930cb84686e7 does not exist. Creating ...
2019-09-18 17:33:26,483 [pool-413-thread-1] INFO  server.RaftServerConfigKeys (ConfUtils.java:logGet(43)) - raft.server.storage.dir = [/workdir/hadoop-ozone/integration-test/target/test-dir/MiniOzoneClusterImpl-37195201-b030-4955-b08c-e60a1205ff04/datanode-3/data/ratis] (custom)
2019-09-18 17:33:26,483 [pool-413-thread-1] INFO  storage.RaftStorageDirectory (RaftStorageDirectory.java:analyzeStorage(246)) - The storage directory /workdir/hadoop-ozone/integration-test/target/test-dir/MiniOzoneClusterImpl-37195201-b030-4955-b08c-e60a1205ff04/datanode-3/data/ratis/0773c8a8-911a-4f2f-a99e-930cb84686e7 does not exist. Creating ...
2019-09-18 17:33:26,485 [pool-423-thread-1] INFO  storage.RaftStorageDirectory (RaftStorageDirectory.java:tryLock(328)) - Lock on /workdir/hadoop-ozone/integration-test/target/test-dir/MiniOzoneClusterImpl-37195201-b030-4955-b08c-e60a1205ff04/datanode-4/data/ratis/0773c8a8-911a-4f2f-a99e-930cb84686e7/in_use.lock acquired by nodename 23921@pr-hdds-2147-dpwbv-833026882
2019-09-18 17:33:26,498 [pool-383-thread-1] INFO  storage.RaftStorageDirectory (RaftStorageDirectory.java:tryLock(328)) - Lock on /workdir/hadoop-ozone/integration-test/target/test-dir/MiniOzoneClusterImpl-37195201-b030-4955-b08c-e60a1205ff04/datanode-0/data/ratis/0773c8a8-911a-4f2f-a99e-930cb84686e7/in_use.lock acquired by nodename 23921@pr-hdds-2147-dpwbv-833026882
2019-09-18 17:33:26,499 [pool-423-thread-1] INFO  storage.RaftStorage (RaftStorage.java:format(72)) - Storage directory /workdir/hadoop-ozone/integration-test/target/test-dir/MiniOzoneClusterImpl-37195201-b030-4955-b08c-e60a1205ff04/datanode-4/data/ratis/0773c8a8-911a-4f2f-a99e-930cb84686e7 has been successfully formatted.
2019-09-18 17:33:26,498 [pool-413-thread-1] INFO  storage.RaftStorageDirectory (RaftStorageDirectory.java:tryLock(328)) - Lock on /workdir/hadoop-ozone/integration-test/target/test-dir/MiniOzoneClusterImpl-37195201-b030-4955-b08c-e60a1205ff04/datanode-3/data/ratis/0773c8a8-911a-4f2f-a99e-930cb84686e7/in_use.lock acquired by nodename 23921@pr-hdds-2147-dpwbv-833026882
2019-09-18 17:33:26,499 [pool-423-thread-1] INFO  ratis.ContainerStateMachine (ContainerStateMachine.java:loadSnapshot(230)) - group-930CB84686E7: The snapshot info is null. Setting the last applied indexto:(t:0, i:~)
2019-09-18 17:33:26,500 [pool-423-thread-1] INFO  server.RaftServerConfigKeys (ConfUtils.java:logGet(43)) - raft.server.notification.no-leader.timeout = 120s (custom)
2019-09-18 17:33:26,500 [pool-423-thread-1] INFO  server.RaftServerConfigKeys (ConfUtils.java:logGet(43)) - raft.server.log.use.memory = false (default)
2019-09-18 17:33:26,500 [pool-423-thread-1] INFO  server.RaftServerConfigKeys (ConfUtils.java:logGet(43)) - raft.server.log.purge.gap = 1000000 (custom)
2019-09-18 17:33:26,500 [pool-423-thread-1] INFO  server.RaftServerConfigKeys (ConfUtils.java:logGet(43)) - raft.server.log.appender.buffer.byte-limit = 33554432 (custom)
2019-09-18 17:33:26,500 [pool-423-thread-1] INFO  server.RaftServerConfigKeys (ConfUtils.java:logGet(43)) - raft.server.log.segment.size.max = 1048576 (custom)
2019-09-18 17:33:26,500 [pool-423-thread-1] INFO  server.RaftServerConfigKeys (ConfUtils.java:logGet(43)) - raft.server.log.segment.cache.num.max = 2 (custom)
2019-09-18 17:33:26,500 [pool-423-thread-1] INFO  segmented.SegmentedRaftLogWorker (SegmentedRaftLogWorker.java:<init>(172)) - new 8129a35d-d27c-49f3-8eb9-6cbb80484c62@group-930CB84686E7-SegmentedRaftLogWorker for RaftStorage:Storage Directory /workdir/hadoop-ozone/integration-test/target/test-dir/MiniOzoneClusterImpl-37195201-b030-4955-b08c-e60a1205ff04/datanode-4/data/ratis/0773c8a8-911a-4f2f-a99e-930cb84686e7
2019-09-18 17:33:26,501 [pool-423-thread-1] INFO  server.RaftServerConfigKeys (ConfUtils.java:logGet(43)) - raft.server.log.queue.byte-limit = 2147483647 (custom)
2019-09-18 17:33:26,501 [pool-423-thread-1] INFO  server.RaftServerConfigKeys (ConfUtils.java:logGet(43)) - raft.server.log.queue.element-limit = 1024 (custom)
2019-09-18 17:33:26,501 [pool-423-thread-1] INFO  server.RaftServerConfigKeys (ConfUtils.java:logGet(43)) - raft.server.log.segment.size.max = 1048576 (custom)
2019-09-18 17:33:26,501 [pool-423-thread-1] INFO  server.RaftServerConfigKeys (ConfUtils.java:logGet(43)) - raft.server.log.preallocated.size = 16384 (custom)
2019-09-18 17:33:26,501 [pool-423-thread-1] INFO  server.RaftServerConfigKeys (ConfUtils.java:logGet(43)) - raft.server.log.write.buffer.size = 33554432 (custom)
2019-09-18 17:33:26,501 [pool-423-thread-1] INFO  server.RaftServerConfigKeys (ConfUtils.java:logGet(43)) - raft.server.log.force.sync.num = 128 (default)
2019-09-18 17:33:26,501 [pool-423-thread-1] INFO  server.RaftServerConfigKeys (ConfUtils.java:logGet(43)) - raft.server.log.statemachine.data.sync = true (default)
2019-09-18 17:33:26,501 [pool-423-thread-1] INFO  server.RaftServerConfigKeys (ConfUtils.java:logGet(43)) - raft.server.log.statemachine.data.sync.timeout = 10s (default)
2019-09-18 17:33:26,501 [pool-423-thread-1] INFO  server.RaftServerConfigKeys (ConfUtils.java:logGet(43)) - raft.server.log.statemachine.data.sync.timeout.retry = -1 (default)
2019-09-18 17:33:26,501 [pool-423-thread-1] INFO  server.RaftServerConfigKeys (ConfUtils.java:logGet(43)) - raft.server.log.statemachine.data.caching.enabled = true (custom)
2019-09-18 17:33:26,502 [pool-423-thread-1] INFO  segmented.SegmentedRaftLogWorker (SegmentedRaftLogWorker.java:lambda$new$0(132)) - 8129a35d-d27c-49f3-8eb9-6cbb80484c62@group-930CB84686E7-SegmentedRaftLogWorker: flushIndex: setUnconditionally 0 -> -1
2019-09-18 17:33:26,502 [pool-423-thread-1] INFO  server.RaftServerConfigKeys (ConfUtils.java:logGet(43)) - raft.server.snapshot.auto.trigger.enabled = true (custom)
2019-09-18 17:33:26,502 [pool-423-thread-1] INFO  server.RaftServerConfigKeys (ConfUtils.java:logGet(43)) - raft.server.snapshot.auto.trigger.threshold = 10000 (custom)
2019-09-18 17:33:26,502 [pool-423-thread-1] INFO  server.RaftServerConfigKeys (ConfUtils.java:logGet(43)) - raft.server.snapshot.retention.num.files = 5 (custom)
2019-09-18 17:33:26,502 [pool-423-thread-1] INFO  server.RaftServerConfigKeys (ConfUtils.java:logGet(43)) - raft.server.retrycache.expirytime = 600000ms (custom)
2019-09-18 17:33:26,504 [pool-423-thread-1] INFO  impl.RaftServerImpl (RaftServerImpl.java:start(185)) - 8129a35d-d27c-49f3-8eb9-6cbb80484c62@group-930CB84686E7: start as a follower, conf=-1: [06886d8d-828f-4bd3-9da8-c3e3f0fe3bff:192.168.5.155:45123, b0d444e7-f95d-4287-9b32-254db5ea75d4:192.168.5.155:45765, 8129a35d-d27c-49f3-8eb9-6cbb80484c62:192.168.5.155:41395], old=null
2019-09-18 17:33:26,504 [pool-423-thread-1] INFO  impl.RaftServerImpl (RaftServerImpl.java:setRole(174)) - 8129a35d-d27c-49f3-8eb9-6cbb80484c62@group-930CB84686E7: changes role from      null to FOLLOWER at term 0 for startAsFollower
2019-09-18 17:33:26,504 [pool-423-thread-1] INFO  impl.RoleInfo (RoleInfo.java:updateAndGet(143)) - 8129a35d-d27c-49f3-8eb9-6cbb80484c62: start FollowerState
2019-09-18 17:33:26,504 [pool-423-thread-1] INFO  util.JmxRegister (JmxRegister.java:tryRegister(44)) - Successfully registered JMX Bean with object name Ratis:service=RaftServer,group=group-930CB84686E7,id=8129a35d-d27c-49f3-8eb9-6cbb80484c62
2019-09-18 17:33:26,512 [pool-413-thread-1] INFO  storage.RaftStorage (RaftStorage.java:format(72)) - Storage directory /workdir/hadoop-ozone/integration-test/target/test-dir/MiniOzoneClusterImpl-37195201-b030-4955-b08c-e60a1205ff04/datanode-3/data/ratis/0773c8a8-911a-4f2f-a99e-930cb84686e7 has been successfully formatted.
2019-09-18 17:33:26,512 [pool-383-thread-1] INFO  storage.RaftStorage (RaftStorage.java:format(72)) - Storage directory /workdir/hadoop-ozone/integration-test/target/test-dir/MiniOzoneClusterImpl-37195201-b030-4955-b08c-e60a1205ff04/datanode-0/data/ratis/0773c8a8-911a-4f2f-a99e-930cb84686e7 has been successfully formatted.
2019-09-18 17:33:26,512 [pool-413-thread-1] INFO  ratis.ContainerStateMachine (ContainerStateMachine.java:loadSnapshot(230)) - group-930CB84686E7: The snapshot info is null. Setting the last applied indexto:(t:0, i:~)
2019-09-18 17:33:26,512 [pool-383-thread-1] INFO  ratis.ContainerStateMachine (ContainerStateMachine.java:loadSnapshot(230)) - group-930CB84686E7: The snapshot info is null. Setting the last applied indexto:(t:0, i:~)
2019-09-18 17:33:26,512 [pool-413-thread-1] INFO  server.RaftServerConfigKeys (ConfUtils.java:logGet(43)) - raft.server.notification.no-leader.timeout = 120s (custom)
2019-09-18 17:33:26,512 [pool-383-thread-1] INFO  server.RaftServerConfigKeys (ConfUtils.java:logGet(43)) - raft.server.notification.no-leader.timeout = 120s (custom)
2019-09-18 17:33:26,512 [pool-413-thread-1] INFO  server.RaftServerConfigKeys (ConfUtils.java:logGet(43)) - raft.server.log.use.memory = false (default)
2019-09-18 17:33:26,512 [pool-383-thread-1] INFO  server.RaftServerConfigKeys (ConfUtils.java:logGet(43)) - raft.server.log.use.memory = false (default)
2019-09-18 17:33:26,513 [pool-413-thread-1] INFO  server.RaftServerConfigKeys (ConfUtils.java:logGet(43)) - raft.server.log.purge.gap = 1000000 (custom)
2019-09-18 17:33:26,513 [pool-383-thread-1] INFO  server.RaftServerConfigKeys (ConfUtils.java:logGet(43)) - raft.server.log.purge.gap = 1000000 (custom)
2019-09-18 17:33:26,513 [pool-413-thread-1] INFO  server.RaftServerConfigKeys (ConfUtils.java:logGet(43)) - raft.server.log.appender.buffer.byte-limit = 33554432 (custom)
2019-09-18 17:33:26,513 [pool-383-thread-1] INFO  server.RaftServerConfigKeys (ConfUtils.java:logGet(43)) - raft.server.log.appender.buffer.byte-limit = 33554432 (custom)
2019-09-18 17:33:26,513 [pool-413-thread-1] INFO  server.RaftServerConfigKeys (ConfUtils.java:logGet(43)) - raft.server.log.segment.size.max = 1048576 (custom)
2019-09-18 17:33:26,513 [pool-383-thread-1] INFO  server.RaftServerConfigKeys (ConfUtils.java:logGet(43)) - raft.server.log.segment.size.max = 1048576 (custom)
2019-09-18 17:33:26,513 [pool-413-thread-1] INFO  server.RaftServerConfigKeys (ConfUtils.java:logGet(43)) - raft.server.log.segment.cache.num.max = 2 (custom)
2019-09-18 17:33:26,513 [pool-383-thread-1] INFO  server.RaftServerConfigKeys (ConfUtils.java:logGet(43)) - raft.server.log.segment.cache.num.max = 2 (custom)
2019-09-18 17:33:26,513 [pool-413-thread-1] INFO  segmented.SegmentedRaftLogWorker (SegmentedRaftLogWorker.java:<init>(172)) - new b0d444e7-f95d-4287-9b32-254db5ea75d4@group-930CB84686E7-SegmentedRaftLogWorker for RaftStorage:Storage Directory /workdir/hadoop-ozone/integration-test/target/test-dir/MiniOzoneClusterImpl-37195201-b030-4955-b08c-e60a1205ff04/datanode-3/data/ratis/0773c8a8-911a-4f2f-a99e-930cb84686e7
2019-09-18 17:33:26,513 [pool-383-thread-1] INFO  segmented.SegmentedRaftLogWorker (SegmentedRaftLogWorker.java:<init>(172)) - new 06886d8d-828f-4bd3-9da8-c3e3f0fe3bff@group-930CB84686E7-SegmentedRaftLogWorker for RaftStorage:Storage Directory /workdir/hadoop-ozone/integration-test/target/test-dir/MiniOzoneClusterImpl-37195201-b030-4955-b08c-e60a1205ff04/datanode-0/data/ratis/0773c8a8-911a-4f2f-a99e-930cb84686e7
2019-09-18 17:33:26,513 [pool-413-thread-1] INFO  server.RaftServerConfigKeys (ConfUtils.java:logGet(43)) - raft.server.log.queue.byte-limit = 2147483647 (custom)
2019-09-18 17:33:26,513 [pool-383-thread-1] INFO  server.RaftServerConfigKeys (ConfUtils.java:logGet(43)) - raft.server.log.queue.byte-limit = 2147483647 (custom)
2019-09-18 17:33:26,514 [pool-413-thread-1] INFO  server.RaftServerConfigKeys (ConfUtils.java:logGet(43)) - raft.server.log.queue.element-limit = 1024 (custom)
2019-09-18 17:33:26,514 [pool-383-thread-1] INFO  server.RaftServerConfigKeys (ConfUtils.java:logGet(43)) - raft.server.log.queue.element-limit = 1024 (custom)
2019-09-18 17:33:26,514 [pool-413-thread-1] INFO  server.RaftServerConfigKeys (ConfUtils.java:logGet(43)) - raft.server.log.segment.size.max = 1048576 (custom)
2019-09-18 17:33:26,514 [pool-383-thread-1] INFO  server.RaftServerConfigKeys (ConfUtils.java:logGet(43)) - raft.server.log.segment.size.max = 1048576 (custom)
2019-09-18 17:33:26,514 [pool-413-thread-1] INFO  server.RaftServerConfigKeys (ConfUtils.java:logGet(43)) - raft.server.log.preallocated.size = 16384 (custom)
2019-09-18 17:33:26,514 [pool-383-thread-1] INFO  server.RaftServerConfigKeys (ConfUtils.java:logGet(43)) - raft.server.log.preallocated.size = 16384 (custom)
2019-09-18 17:33:26,514 [pool-413-thread-1] INFO  server.RaftServerConfigKeys (ConfUtils.java:logGet(43)) - raft.server.log.write.buffer.size = 33554432 (custom)
2019-09-18 17:33:26,514 [pool-383-thread-1] INFO  server.RaftServerConfigKeys (ConfUtils.java:logGet(43)) - raft.server.log.write.buffer.size = 33554432 (custom)
2019-09-18 17:33:26,514 [pool-413-thread-1] INFO  server.RaftServerConfigKeys (ConfUtils.java:logGet(43)) - raft.server.log.force.sync.num = 128 (default)
2019-09-18 17:33:26,514 [pool-383-thread-1] INFO  server.RaftServerConfigKeys (ConfUtils.java:logGet(43)) - raft.server.log.force.sync.num = 128 (default)
2019-09-18 17:33:26,514 [pool-413-thread-1] INFO  server.RaftServerConfigKeys (ConfUtils.java:logGet(43)) - raft.server.log.statemachine.data.sync = true (default)
2019-09-18 17:33:26,514 [pool-383-thread-1] INFO  server.RaftServerConfigKeys (ConfUtils.java:logGet(43)) - raft.server.log.statemachine.data.sync = true (default)
2019-09-18 17:33:26,515 [pool-413-thread-1] INFO  server.RaftServerConfigKeys (ConfUtils.java:logGet(43)) - raft.server.log.statemachine.data.sync.timeout = 10s (default)
2019-09-18 17:33:26,515 [pool-383-thread-1] INFO  server.RaftServerConfigKeys (ConfUtils.java:logGet(43)) - raft.server.log.statemachine.data.sync.timeout = 10s (default)
2019-09-18 17:33:26,515 [pool-413-thread-1] INFO  server.RaftServerConfigKeys (ConfUtils.java:logGet(43)) - raft.server.log.statemachine.data.sync.timeout.retry = -1 (default)
2019-09-18 17:33:26,515 [pool-383-thread-1] INFO  server.RaftServerConfigKeys (ConfUtils.java:logGet(43)) - raft.server.log.statemachine.data.sync.timeout.retry = -1 (default)
2019-09-18 17:33:26,515 [pool-413-thread-1] INFO  server.RaftServerConfigKeys (ConfUtils.java:logGet(43)) - raft.server.log.statemachine.data.caching.enabled = true (custom)
2019-09-18 17:33:26,515 [pool-383-thread-1] INFO  server.RaftServerConfigKeys (ConfUtils.java:logGet(43)) - raft.server.log.statemachine.data.caching.enabled = true (custom)
2019-09-18 17:33:26,515 [pool-413-thread-1] INFO  segmented.SegmentedRaftLogWorker (SegmentedRaftLogWorker.java:lambda$new$0(132)) - b0d444e7-f95d-4287-9b32-254db5ea75d4@group-930CB84686E7-SegmentedRaftLogWorker: flushIndex: setUnconditionally 0 -> -1
2019-09-18 17:33:26,515 [pool-383-thread-1] INFO  segmented.SegmentedRaftLogWorker (SegmentedRaftLogWorker.java:lambda$new$0(132)) - 06886d8d-828f-4bd3-9da8-c3e3f0fe3bff@group-930CB84686E7-SegmentedRaftLogWorker: flushIndex: setUnconditionally 0 -> -1
2019-09-18 17:33:26,515 [pool-413-thread-1] INFO  server.RaftServerConfigKeys (ConfUtils.java:logGet(43)) - raft.server.snapshot.auto.trigger.enabled = true (custom)
2019-09-18 17:33:26,515 [pool-383-thread-1] INFO  server.RaftServerConfigKeys (ConfUtils.java:logGet(43)) - raft.server.snapshot.auto.trigger.enabled = true (custom)
2019-09-18 17:33:26,515 [pool-413-thread-1] INFO  server.RaftServerConfigKeys (ConfUtils.java:logGet(43)) - raft.server.snapshot.auto.trigger.threshold = 10000 (custom)
2019-09-18 17:33:26,515 [pool-383-thread-1] INFO  server.RaftServerConfigKeys (ConfUtils.java:logGet(43)) - raft.server.snapshot.auto.trigger.threshold = 10000 (custom)
2019-09-18 17:33:26,516 [pool-413-thread-1] INFO  server.RaftServerConfigKeys (ConfUtils.java:logGet(43)) - raft.server.snapshot.retention.num.files = 5 (custom)
2019-09-18 17:33:26,516 [pool-383-thread-1] INFO  server.RaftServerConfigKeys (ConfUtils.java:logGet(43)) - raft.server.snapshot.retention.num.files = 5 (custom)
2019-09-18 17:33:26,516 [pool-413-thread-1] INFO  server.RaftServerConfigKeys (ConfUtils.java:logGet(43)) - raft.server.retrycache.expirytime = 600000ms (custom)
2019-09-18 17:33:26,516 [pool-383-thread-1] INFO  server.RaftServerConfigKeys (ConfUtils.java:logGet(43)) - raft.server.retrycache.expirytime = 600000ms (custom)
2019-09-18 17:33:26,517 [pool-413-thread-1] INFO  impl.RaftServerImpl (RaftServerImpl.java:start(185)) - b0d444e7-f95d-4287-9b32-254db5ea75d4@group-930CB84686E7: start as a follower, conf=-1: [06886d8d-828f-4bd3-9da8-c3e3f0fe3bff:192.168.5.155:45123, b0d444e7-f95d-4287-9b32-254db5ea75d4:192.168.5.155:45765, 8129a35d-d27c-49f3-8eb9-6cbb80484c62:192.168.5.155:41395], old=null
2019-09-18 17:33:26,517 [pool-413-thread-1] INFO  impl.RaftServerImpl (RaftServerImpl.java:setRole(174)) - b0d444e7-f95d-4287-9b32-254db5ea75d4@group-930CB84686E7: changes role from      null to FOLLOWER at term 0 for startAsFollower
2019-09-18 17:33:26,517 [pool-383-thread-1] INFO  impl.RaftServerImpl (RaftServerImpl.java:start(185)) - 06886d8d-828f-4bd3-9da8-c3e3f0fe3bff@group-930CB84686E7: start as a follower, conf=-1: [06886d8d-828f-4bd3-9da8-c3e3f0fe3bff:192.168.5.155:45123, b0d444e7-f95d-4287-9b32-254db5ea75d4:192.168.5.155:45765, 8129a35d-d27c-49f3-8eb9-6cbb80484c62:192.168.5.155:41395], old=null
2019-09-18 17:33:26,517 [pool-413-thread-1] INFO  impl.RoleInfo (RoleInfo.java:updateAndGet(143)) - b0d444e7-f95d-4287-9b32-254db5ea75d4: start FollowerState
2019-09-18 17:33:26,518 [pool-383-thread-1] INFO  impl.RaftServerImpl (RaftServerImpl.java:setRole(174)) - 06886d8d-828f-4bd3-9da8-c3e3f0fe3bff@group-930CB84686E7: changes role from      null to FOLLOWER at term 0 for startAsFollower
2019-09-18 17:33:26,518 [pool-383-thread-1] INFO  impl.RoleInfo (RoleInfo.java:updateAndGet(143)) - 06886d8d-828f-4bd3-9da8-c3e3f0fe3bff: start FollowerState
2019-09-18 17:33:26,518 [pool-413-thread-1] INFO  util.JmxRegister (JmxRegister.java:tryRegister(44)) - Successfully registered JMX Bean with object name Ratis:service=RaftServer,group=group-930CB84686E7,id=b0d444e7-f95d-4287-9b32-254db5ea75d4
2019-09-18 17:33:26,518 [pool-383-thread-1] INFO  util.JmxRegister (JmxRegister.java:tryRegister(44)) - Successfully registered JMX Bean with object name Ratis:service=RaftServer,group=group-930CB84686E7,id=06886d8d-828f-4bd3-9da8-c3e3f0fe3bff
2019-09-18 17:33:26,520 [RatisPipelineUtilsThread] INFO  pipeline.PipelineStateManager (PipelineStateManager.java:addPipeline(56)) - Created pipeline Pipeline[ Id: 0773c8a8-911a-4f2f-a99e-930cb84686e7, Nodes: 06886d8d-828f-4bd3-9da8-c3e3f0fe3bff{ip: 192.168.5.155, host: pr-hdds-2147-dpwbv-833026882, networkLocation: /default-rack, certSerialId: null}8129a35d-d27c-49f3-8eb9-6cbb80484c62{ip: 192.168.5.155, host: pr-hdds-2147-dpwbv-833026882, networkLocation: /default-rack, certSerialId: null}b0d444e7-f95d-4287-9b32-254db5ea75d4{ip: 192.168.5.155, host: pr-hdds-2147-dpwbv-833026882, networkLocation: /default-rack, certSerialId: null}, Type:RATIS, Factor:THREE, State:OPEN]
2019-09-18 17:33:26,888 [IPC Server handler 3 on 44968] INFO  net.NetworkTopology (NetworkTopologyImpl.java:add(111)) - Added a new node: /default-rack/f7ded12f-b106-4311-ba8e-05cbcd2a9ba4
2019-09-18 17:33:26,888 [IPC Server handler 3 on 44968] INFO  node.SCMNodeManager (SCMNodeManager.java:register(266)) - Registered Data node : f7ded12f-b106-4311-ba8e-05cbcd2a9ba4{ip: 192.168.5.155, host: pr-hdds-2147-dpwbv-833026882, networkLocation: /default-rack, certSerialId: null}
2019-09-18 17:33:26,900 [grpc-default-executor-9] INFO  impl.RaftServerProxy (RaftServerProxy.java:addNew(89)) - f7ded12f-b106-4311-ba8e-05cbcd2a9ba4: addNew group-E0D52E0F0C38:[f7ded12f-b106-4311-ba8e-05cbcd2a9ba4:192.168.5.155:41909] returns group-E0D52E0F0C38:java.util.concurrent.CompletableFuture@14bfaab8[Not completed]
2019-09-18 17:33:26,902 [pool-433-thread-1] INFO  impl.RaftServerImpl (RaftServerImpl.java:<init>(95)) - f7ded12f-b106-4311-ba8e-05cbcd2a9ba4: new RaftServerImpl for group-E0D52E0F0C38:[f7ded12f-b106-4311-ba8e-05cbcd2a9ba4:192.168.5.155:41909] with ContainerStateMachine:uninitialized
2019-09-18 17:33:26,902 [pool-433-thread-1] INFO  server.RaftServerConfigKeys (ConfUtils.java:logGet(43)) - raft.server.rpc.timeout.min = 5s (custom)
2019-09-18 17:33:26,902 [pool-433-thread-1] INFO  server.RaftServerConfigKeys (ConfUtils.java:logGet(43)) - raft.server.rpc.timeout.max = 5200ms (custom)
2019-09-18 17:33:26,902 [pool-433-thread-1] INFO  server.RaftServerConfigKeys (ConfUtils.java:logGet(43)) - raft.server.rpcslowness.timeout = 120s (custom)
2019-09-18 17:33:26,902 [pool-433-thread-1] INFO  server.RaftServerConfigKeys (ConfUtils.java:logGet(43)) - raft.server.sleep.deviation.threshold = 300 (default)
2019-09-18 17:33:26,903 [pool-433-thread-1] INFO  server.RaftServerConfigKeys (ConfUtils.java:logGet(43)) - raft.server.log.appender.install.snapshot.enabled = false (custom)
2019-09-18 17:33:26,903 [pool-433-thread-1] INFO  impl.RaftServerImpl (ServerState.java:<init>(103)) - f7ded12f-b106-4311-ba8e-05cbcd2a9ba4@group-E0D52E0F0C38: ConfigurationManager, init=-1: [f7ded12f-b106-4311-ba8e-05cbcd2a9ba4:192.168.5.155:41909], old=null, confs=<EMPTY_MAP>
2019-09-18 17:33:26,903 [pool-433-thread-1] INFO  server.RaftServerConfigKeys (ConfUtils.java:logGet(43)) - raft.server.storage.dir = [/workdir/hadoop-ozone/integration-test/target/test-dir/MiniOzoneClusterImpl-37195201-b030-4955-b08c-e60a1205ff04/datanode-5/data/ratis] (custom)
2019-09-18 17:33:26,903 [pool-433-thread-1] INFO  storage.RaftStorageDirectory (RaftStorageDirectory.java:analyzeStorage(246)) - The storage directory /workdir/hadoop-ozone/integration-test/target/test-dir/MiniOzoneClusterImpl-37195201-b030-4955-b08c-e60a1205ff04/datanode-5/data/ratis/1aeb9ddd-68d8-4ddf-aedb-e0d52e0f0c38 does not exist. Creating ...
2019-09-18 17:33:26,942 [pool-433-thread-1] INFO  storage.RaftStorageDirectory (RaftStorageDirectory.java:tryLock(328)) - Lock on /workdir/hadoop-ozone/integration-test/target/test-dir/MiniOzoneClusterImpl-37195201-b030-4955-b08c-e60a1205ff04/datanode-5/data/ratis/1aeb9ddd-68d8-4ddf-aedb-e0d52e0f0c38/in_use.lock acquired by nodename 23921@pr-hdds-2147-dpwbv-833026882
2019-09-18 17:33:26,952 [main] INFO  ozone.MiniOzoneClusterImpl (MiniOzoneClusterImpl.java:lambda$waitForClusterToBeReady$0(145)) - Waiting for cluster to be ready. Got 6 of 7 DN Heartbeats.
2019-09-18 17:33:26,953 [IPC Server handler 4 on 44968] INFO  net.NetworkTopology (NetworkTopologyImpl.java:add(111)) - Added a new node: /default-rack/7c40858b-12cf-41a9-a51d-322a119afb7c
2019-09-18 17:33:26,953 [IPC Server handler 4 on 44968] INFO  node.SCMNodeManager (SCMNodeManager.java:register(266)) - Registered Data node : 7c40858b-12cf-41a9-a51d-322a119afb7c{ip: 192.168.5.155, host: pr-hdds-2147-dpwbv-833026882, networkLocation: /default-rack, certSerialId: null}
2019-09-18 17:33:27,008 [pool-433-thread-1] INFO  storage.RaftStorage (RaftStorage.java:format(72)) - Storage directory /workdir/hadoop-ozone/integration-test/target/test-dir/MiniOzoneClusterImpl-37195201-b030-4955-b08c-e60a1205ff04/datanode-5/data/ratis/1aeb9ddd-68d8-4ddf-aedb-e0d52e0f0c38 has been successfully formatted.
2019-09-18 17:33:27,009 [pool-433-thread-1] INFO  ratis.ContainerStateMachine (ContainerStateMachine.java:loadSnapshot(230)) - group-E0D52E0F0C38: The snapshot info is null. Setting the last applied indexto:(t:0, i:~)
2019-09-18 17:33:27,009 [pool-433-thread-1] INFO  server.RaftServerConfigKeys (ConfUtils.java:logGet(43)) - raft.server.notification.no-leader.timeout = 120s (custom)
2019-09-18 17:33:27,009 [pool-433-thread-1] INFO  server.RaftServerConfigKeys (ConfUtils.java:logGet(43)) - raft.server.log.use.memory = false (default)
2019-09-18 17:33:27,009 [pool-433-thread-1] INFO  server.RaftServerConfigKeys (ConfUtils.java:logGet(43)) - raft.server.log.purge.gap = 1000000 (custom)
2019-09-18 17:33:27,010 [pool-433-thread-1] INFO  server.RaftServerConfigKeys (ConfUtils.java:logGet(43)) - raft.server.log.appender.buffer.byte-limit = 33554432 (custom)
2019-09-18 17:33:27,010 [pool-433-thread-1] INFO  server.RaftServerConfigKeys (ConfUtils.java:logGet(43)) - raft.server.log.segment.size.max = 1048576 (custom)
2019-09-18 17:33:27,010 [pool-433-thread-1] INFO  server.RaftServerConfigKeys (ConfUtils.java:logGet(43)) - raft.server.log.segment.cache.num.max = 2 (custom)
2019-09-18 17:33:27,010 [pool-433-thread-1] INFO  segmented.SegmentedRaftLogWorker (SegmentedRaftLogWorker.java:<init>(172)) - new f7ded12f-b106-4311-ba8e-05cbcd2a9ba4@group-E0D52E0F0C38-SegmentedRaftLogWorker for RaftStorage:Storage Directory /workdir/hadoop-ozone/integration-test/target/test-dir/MiniOzoneClusterImpl-37195201-b030-4955-b08c-e60a1205ff04/datanode-5/data/ratis/1aeb9ddd-68d8-4ddf-aedb-e0d52e0f0c38
2019-09-18 17:33:27,012 [pool-433-thread-1] INFO  server.RaftServerConfigKeys (ConfUtils.java:logGet(43)) - raft.server.log.queue.byte-limit = 2147483647 (custom)
2019-09-18 17:33:27,013 [pool-433-thread-1] INFO  server.RaftServerConfigKeys (ConfUtils.java:logGet(43)) - raft.server.log.queue.element-limit = 1024 (custom)
2019-09-18 17:33:27,013 [pool-433-thread-1] INFO  server.RaftServerConfigKeys (ConfUtils.java:logGet(43)) - raft.server.log.segment.size.max = 1048576 (custom)
2019-09-18 17:33:27,013 [pool-433-thread-1] INFO  server.RaftServerConfigKeys (ConfUtils.java:logGet(43)) - raft.server.log.preallocated.size = 16384 (custom)
2019-09-18 17:33:27,013 [pool-433-thread-1] INFO  server.RaftServerConfigKeys (ConfUtils.java:logGet(43)) - raft.server.log.write.buffer.size = 33554432 (custom)
2019-09-18 17:33:27,013 [pool-433-thread-1] INFO  server.RaftServerConfigKeys (ConfUtils.java:logGet(43)) - raft.server.log.force.sync.num = 128 (default)
2019-09-18 17:33:27,013 [pool-433-thread-1] INFO  server.RaftServerConfigKeys (ConfUtils.java:logGet(43)) - raft.server.log.statemachine.data.sync = true (default)
2019-09-18 17:33:27,014 [pool-433-thread-1] INFO  server.RaftServerConfigKeys (ConfUtils.java:logGet(43)) - raft.server.log.statemachine.data.sync.timeout = 10s (default)
2019-09-18 17:33:27,014 [pool-433-thread-1] INFO  server.RaftServerConfigKeys (ConfUtils.java:logGet(43)) - raft.server.log.statemachine.data.sync.timeout.retry = -1 (default)
2019-09-18 17:33:27,014 [pool-433-thread-1] INFO  server.RaftServerConfigKeys (ConfUtils.java:logGet(43)) - raft.server.log.statemachine.data.caching.enabled = true (custom)
2019-09-18 17:33:27,014 [pool-433-thread-1] INFO  segmented.SegmentedRaftLogWorker (SegmentedRaftLogWorker.java:lambda$new$0(132)) - f7ded12f-b106-4311-ba8e-05cbcd2a9ba4@group-E0D52E0F0C38-SegmentedRaftLogWorker: flushIndex: setUnconditionally 0 -> -1
2019-09-18 17:33:27,015 [pool-433-thread-1] INFO  server.RaftServerConfigKeys (ConfUtils.java:logGet(43)) - raft.server.snapshot.auto.trigger.enabled = true (custom)
2019-09-18 17:33:27,015 [pool-433-thread-1] INFO  server.RaftServerConfigKeys (ConfUtils.java:logGet(43)) - raft.server.snapshot.auto.trigger.threshold = 10000 (custom)
2019-09-18 17:33:27,015 [pool-433-thread-1] INFO  server.RaftServerConfigKeys (ConfUtils.java:logGet(43)) - raft.server.snapshot.retention.num.files = 5 (custom)
2019-09-18 17:33:27,015 [pool-433-thread-1] INFO  server.RaftServerConfigKeys (ConfUtils.java:logGet(43)) - raft.server.retrycache.expirytime = 600000ms (custom)
2019-09-18 17:33:27,017 [pool-433-thread-1] INFO  impl.RaftServerImpl (RaftServerImpl.java:start(185)) - f7ded12f-b106-4311-ba8e-05cbcd2a9ba4@group-E0D52E0F0C38: start as a follower, conf=-1: [f7ded12f-b106-4311-ba8e-05cbcd2a9ba4:192.168.5.155:41909], old=null
2019-09-18 17:33:27,017 [pool-433-thread-1] INFO  impl.RaftServerImpl (RaftServerImpl.java:setRole(174)) - f7ded12f-b106-4311-ba8e-05cbcd2a9ba4@group-E0D52E0F0C38: changes role from      null to FOLLOWER at term 0 for startAsFollower
2019-09-18 17:33:27,018 [pool-433-thread-1] INFO  impl.RoleInfo (RoleInfo.java:updateAndGet(143)) - f7ded12f-b106-4311-ba8e-05cbcd2a9ba4: start FollowerState
2019-09-18 17:33:27,018 [pool-433-thread-1] INFO  util.JmxRegister (JmxRegister.java:tryRegister(44)) - Successfully registered JMX Bean with object name Ratis:service=RaftServer,group=group-E0D52E0F0C38,id=f7ded12f-b106-4311-ba8e-05cbcd2a9ba4
2019-09-18 17:33:27,021 [RatisPipelineUtilsThread] INFO  pipeline.PipelineStateManager (PipelineStateManager.java:addPipeline(56)) - Created pipeline Pipeline[ Id: 1aeb9ddd-68d8-4ddf-aedb-e0d52e0f0c38, Nodes: f7ded12f-b106-4311-ba8e-05cbcd2a9ba4{ip: 192.168.5.155, host: pr-hdds-2147-dpwbv-833026882, networkLocation: /default-rack, certSerialId: null}, Type:RATIS, Factor:ONE, State:OPEN]
2019-09-18 17:33:27,028 [grpc-default-executor-9] INFO  impl.RaftServerProxy (RaftServerProxy.java:addNew(89)) - 7c40858b-12cf-41a9-a51d-322a119afb7c: addNew group-3832F3BBB6BA:[7c40858b-12cf-41a9-a51d-322a119afb7c:192.168.5.155:35699] returns group-3832F3BBB6BA:java.util.concurrent.CompletableFuture@7ef48e27[Not completed]
2019-09-18 17:33:27,030 [pool-443-thread-1] INFO  impl.RaftServerImpl (RaftServerImpl.java:<init>(95)) - 7c40858b-12cf-41a9-a51d-322a119afb7c: new RaftServerImpl for group-3832F3BBB6BA:[7c40858b-12cf-41a9-a51d-322a119afb7c:192.168.5.155:35699] with ContainerStateMachine:uninitialized
2019-09-18 17:33:27,030 [pool-443-thread-1] INFO  server.RaftServerConfigKeys (ConfUtils.java:logGet(43)) - raft.server.rpc.timeout.min = 5s (custom)
2019-09-18 17:33:27,030 [pool-443-thread-1] INFO  server.RaftServerConfigKeys (ConfUtils.java:logGet(43)) - raft.server.rpc.timeout.max = 5200ms (custom)
2019-09-18 17:33:27,030 [pool-443-thread-1] INFO  server.RaftServerConfigKeys (ConfUtils.java:logGet(43)) - raft.server.rpcslowness.timeout = 120s (custom)
2019-09-18 17:33:27,030 [pool-443-thread-1] INFO  server.RaftServerConfigKeys (ConfUtils.java:logGet(43)) - raft.server.sleep.deviation.threshold = 300 (default)
2019-09-18 17:33:27,031 [pool-443-thread-1] INFO  server.RaftServerConfigKeys (ConfUtils.java:logGet(43)) - raft.server.log.appender.install.snapshot.enabled = false (custom)
2019-09-18 17:33:27,031 [pool-443-thread-1] INFO  impl.RaftServerImpl (ServerState.java:<init>(103)) - 7c40858b-12cf-41a9-a51d-322a119afb7c@group-3832F3BBB6BA: ConfigurationManager, init=-1: [7c40858b-12cf-41a9-a51d-322a119afb7c:192.168.5.155:35699], old=null, confs=<EMPTY_MAP>
2019-09-18 17:33:27,031 [pool-443-thread-1] INFO  server.RaftServerConfigKeys (ConfUtils.java:logGet(43)) - raft.server.storage.dir = [/workdir/hadoop-ozone/integration-test/target/test-dir/MiniOzoneClusterImpl-37195201-b030-4955-b08c-e60a1205ff04/datanode-6/data/ratis] (custom)
2019-09-18 17:33:27,031 [pool-443-thread-1] INFO  storage.RaftStorageDirectory (RaftStorageDirectory.java:analyzeStorage(246)) - The storage directory /workdir/hadoop-ozone/integration-test/target/test-dir/MiniOzoneClusterImpl-37195201-b030-4955-b08c-e60a1205ff04/datanode-6/data/ratis/6df939f8-d3f8-456f-b611-3832f3bbb6ba does not exist. Creating ...
2019-09-18 17:33:27,044 [pool-443-thread-1] INFO  storage.RaftStorageDirectory (RaftStorageDirectory.java:tryLock(328)) - Lock on /workdir/hadoop-ozone/integration-test/target/test-dir/MiniOzoneClusterImpl-37195201-b030-4955-b08c-e60a1205ff04/datanode-6/data/ratis/6df939f8-d3f8-456f-b611-3832f3bbb6ba/in_use.lock acquired by nodename 23921@pr-hdds-2147-dpwbv-833026882
2019-09-18 17:33:27,060 [pool-443-thread-1] INFO  storage.RaftStorage (RaftStorage.java:format(72)) - Storage directory /workdir/hadoop-ozone/integration-test/target/test-dir/MiniOzoneClusterImpl-37195201-b030-4955-b08c-e60a1205ff04/datanode-6/data/ratis/6df939f8-d3f8-456f-b611-3832f3bbb6ba has been successfully formatted.
2019-09-18 17:33:27,060 [pool-443-thread-1] INFO  ratis.ContainerStateMachine (ContainerStateMachine.java:loadSnapshot(230)) - group-3832F3BBB6BA: The snapshot info is null. Setting the last applied indexto:(t:0, i:~)
2019-09-18 17:33:27,061 [pool-443-thread-1] INFO  server.RaftServerConfigKeys (ConfUtils.java:logGet(43)) - raft.server.notification.no-leader.timeout = 120s (custom)
2019-09-18 17:33:27,061 [pool-443-thread-1] INFO  server.RaftServerConfigKeys (ConfUtils.java:logGet(43)) - raft.server.log.use.memory = false (default)
2019-09-18 17:33:27,061 [pool-443-thread-1] INFO  server.RaftServerConfigKeys (ConfUtils.java:logGet(43)) - raft.server.log.purge.gap = 1000000 (custom)
2019-09-18 17:33:27,061 [pool-443-thread-1] INFO  server.RaftServerConfigKeys (ConfUtils.java:logGet(43)) - raft.server.log.appender.buffer.byte-limit = 33554432 (custom)
2019-09-18 17:33:27,061 [pool-443-thread-1] INFO  server.RaftServerConfigKeys (ConfUtils.java:logGet(43)) - raft.server.log.segment.size.max = 1048576 (custom)
2019-09-18 17:33:27,061 [pool-443-thread-1] INFO  server.RaftServerConfigKeys (ConfUtils.java:logGet(43)) - raft.server.log.segment.cache.num.max = 2 (custom)
2019-09-18 17:33:27,061 [pool-443-thread-1] INFO  segmented.SegmentedRaftLogWorker (SegmentedRaftLogWorker.java:<init>(172)) - new 7c40858b-12cf-41a9-a51d-322a119afb7c@group-3832F3BBB6BA-SegmentedRaftLogWorker for RaftStorage:Storage Directory /workdir/hadoop-ozone/integration-test/target/test-dir/MiniOzoneClusterImpl-37195201-b030-4955-b08c-e60a1205ff04/datanode-6/data/ratis/6df939f8-d3f8-456f-b611-3832f3bbb6ba
2019-09-18 17:33:27,063 [pool-443-thread-1] INFO  server.RaftServerConfigKeys (ConfUtils.java:logGet(43)) - raft.server.log.queue.byte-limit = 2147483647 (custom)
2019-09-18 17:33:27,063 [pool-443-thread-1] INFO  server.RaftServerConfigKeys (ConfUtils.java:logGet(43)) - raft.server.log.queue.element-limit = 1024 (custom)
2019-09-18 17:33:27,063 [pool-443-thread-1] INFO  server.RaftServerConfigKeys (ConfUtils.java:logGet(43)) - raft.server.log.segment.size.max = 1048576 (custom)
2019-09-18 17:33:27,063 [pool-443-thread-1] INFO  server.RaftServerConfigKeys (ConfUtils.java:logGet(43)) - raft.server.log.preallocated.size = 16384 (custom)
2019-09-18 17:33:27,064 [pool-443-thread-1] INFO  server.RaftServerConfigKeys (ConfUtils.java:logGet(43)) - raft.server.log.write.buffer.size = 33554432 (custom)
2019-09-18 17:33:27,064 [pool-443-thread-1] INFO  server.RaftServerConfigKeys (ConfUtils.java:logGet(43)) - raft.server.log.force.sync.num = 128 (default)
2019-09-18 17:33:27,064 [pool-443-thread-1] INFO  server.RaftServerConfigKeys (ConfUtils.java:logGet(43)) - raft.server.log.statemachine.data.sync = true (default)
2019-09-18 17:33:27,064 [pool-443-thread-1] INFO  server.RaftServerConfigKeys (ConfUtils.java:logGet(43)) - raft.server.log.statemachine.data.sync.timeout = 10s (default)
2019-09-18 17:33:27,064 [pool-443-thread-1] INFO  server.RaftServerConfigKeys (ConfUtils.java:logGet(43)) - raft.server.log.statemachine.data.sync.timeout.retry = -1 (default)
2019-09-18 17:33:27,064 [pool-443-thread-1] INFO  server.RaftServerConfigKeys (ConfUtils.java:logGet(43)) - raft.server.log.statemachine.data.caching.enabled = true (custom)
2019-09-18 17:33:27,065 [pool-443-thread-1] INFO  segmented.SegmentedRaftLogWorker (SegmentedRaftLogWorker.java:lambda$new$0(132)) - 7c40858b-12cf-41a9-a51d-322a119afb7c@group-3832F3BBB6BA-SegmentedRaftLogWorker: flushIndex: setUnconditionally 0 -> -1
2019-09-18 17:33:27,065 [pool-443-thread-1] INFO  server.RaftServerConfigKeys (ConfUtils.java:logGet(43)) - raft.server.snapshot.auto.trigger.enabled = true (custom)
2019-09-18 17:33:27,065 [pool-443-thread-1] INFO  server.RaftServerConfigKeys (ConfUtils.java:logGet(43)) - raft.server.snapshot.auto.trigger.threshold = 10000 (custom)
2019-09-18 17:33:27,065 [pool-443-thread-1] INFO  server.RaftServerConfigKeys (ConfUtils.java:logGet(43)) - raft.server.snapshot.retention.num.files = 5 (custom)
2019-09-18 17:33:27,065 [pool-443-thread-1] INFO  server.RaftServerConfigKeys (ConfUtils.java:logGet(43)) - raft.server.retrycache.expirytime = 600000ms (custom)
2019-09-18 17:33:27,067 [pool-443-thread-1] INFO  impl.RaftServerImpl (RaftServerImpl.java:start(185)) - 7c40858b-12cf-41a9-a51d-322a119afb7c@group-3832F3BBB6BA: start as a follower, conf=-1: [7c40858b-12cf-41a9-a51d-322a119afb7c:192.168.5.155:35699], old=null
2019-09-18 17:33:27,067 [pool-443-thread-1] INFO  impl.RaftServerImpl (RaftServerImpl.java:setRole(174)) - 7c40858b-12cf-41a9-a51d-322a119afb7c@group-3832F3BBB6BA: changes role from      null to FOLLOWER at term 0 for startAsFollower
2019-09-18 17:33:27,067 [pool-443-thread-1] INFO  impl.RoleInfo (RoleInfo.java:updateAndGet(143)) - 7c40858b-12cf-41a9-a51d-322a119afb7c: start FollowerState
2019-09-18 17:33:27,067 [pool-443-thread-1] INFO  util.JmxRegister (JmxRegister.java:tryRegister(44)) - Successfully registered JMX Bean with object name Ratis:service=RaftServer,group=group-3832F3BBB6BA,id=7c40858b-12cf-41a9-a51d-322a119afb7c
2019-09-18 17:33:27,069 [RatisPipelineUtilsThread] INFO  pipeline.PipelineStateManager (PipelineStateManager.java:addPipeline(56)) - Created pipeline Pipeline[ Id: 6df939f8-d3f8-456f-b611-3832f3bbb6ba, Nodes: 7c40858b-12cf-41a9-a51d-322a119afb7c{ip: 192.168.5.155, host: pr-hdds-2147-dpwbv-833026882, networkLocation: /default-rack, certSerialId: null}, Type:RATIS, Factor:ONE, State:OPEN]
2019-09-18 17:33:27,081 [grpc-default-executor-8] INFO  impl.RaftServerProxy (RaftServerProxy.java:addNew(89)) - 7c40858b-12cf-41a9-a51d-322a119afb7c: addNew group-B4D9B5EFE72E:[b33e0b3d-30a4-48e1-8053-e6b4064212ed:192.168.5.155:40438, f7ded12f-b106-4311-ba8e-05cbcd2a9ba4:192.168.5.155:41909, 7c40858b-12cf-41a9-a51d-322a119afb7c:192.168.5.155:35699] returns group-B4D9B5EFE72E:java.util.concurrent.CompletableFuture@20df6819[Not completed]
2019-09-18 17:33:27,081 [grpc-default-executor-9] INFO  impl.RaftServerProxy (RaftServerProxy.java:addNew(89)) - b33e0b3d-30a4-48e1-8053-e6b4064212ed: addNew group-B4D9B5EFE72E:[b33e0b3d-30a4-48e1-8053-e6b4064212ed:192.168.5.155:40438, f7ded12f-b106-4311-ba8e-05cbcd2a9ba4:192.168.5.155:41909, 7c40858b-12cf-41a9-a51d-322a119afb7c:192.168.5.155:35699] returns group-B4D9B5EFE72E:java.util.concurrent.CompletableFuture@87ec7ec[Not completed]
2019-09-18 17:33:27,081 [grpc-default-executor-3] INFO  impl.RaftServerProxy (RaftServerProxy.java:addNew(89)) - f7ded12f-b106-4311-ba8e-05cbcd2a9ba4: addNew group-B4D9B5EFE72E:[b33e0b3d-30a4-48e1-8053-e6b4064212ed:192.168.5.155:40438, f7ded12f-b106-4311-ba8e-05cbcd2a9ba4:192.168.5.155:41909, 7c40858b-12cf-41a9-a51d-322a119afb7c:192.168.5.155:35699] returns group-B4D9B5EFE72E:java.util.concurrent.CompletableFuture@7bcee7d7[Not completed]
2019-09-18 17:33:27,082 [pool-403-thread-1] INFO  impl.RaftServerImpl (RaftServerImpl.java:<init>(95)) - b33e0b3d-30a4-48e1-8053-e6b4064212ed: new RaftServerImpl for group-B4D9B5EFE72E:[b33e0b3d-30a4-48e1-8053-e6b4064212ed:192.168.5.155:40438, f7ded12f-b106-4311-ba8e-05cbcd2a9ba4:192.168.5.155:41909, 7c40858b-12cf-41a9-a51d-322a119afb7c:192.168.5.155:35699] with ContainerStateMachine:uninitialized
2019-09-18 17:33:27,083 [pool-403-thread-1] INFO  server.RaftServerConfigKeys (ConfUtils.java:logGet(43)) - raft.server.rpc.timeout.min = 5s (custom)
2019-09-18 17:33:27,083 [pool-403-thread-1] INFO  server.RaftServerConfigKeys (ConfUtils.java:logGet(43)) - raft.server.rpc.timeout.max = 5200ms (custom)
2019-09-18 17:33:27,083 [pool-403-thread-1] INFO  server.RaftServerConfigKeys (ConfUtils.java:logGet(43)) - raft.server.rpcslowness.timeout = 120s (custom)
2019-09-18 17:33:27,083 [pool-403-thread-1] INFO  server.RaftServerConfigKeys (ConfUtils.java:logGet(43)) - raft.server.sleep.deviation.threshold = 300 (default)
2019-09-18 17:33:27,083 [pool-403-thread-1] INFO  server.RaftServerConfigKeys (ConfUtils.java:logGet(43)) - raft.server.log.appender.install.snapshot.enabled = false (custom)
2019-09-18 17:33:27,083 [pool-403-thread-1] INFO  impl.RaftServerImpl (ServerState.java:<init>(103)) - b33e0b3d-30a4-48e1-8053-e6b4064212ed@group-B4D9B5EFE72E: ConfigurationManager, init=-1: [b33e0b3d-30a4-48e1-8053-e6b4064212ed:192.168.5.155:40438, f7ded12f-b106-4311-ba8e-05cbcd2a9ba4:192.168.5.155:41909, 7c40858b-12cf-41a9-a51d-322a119afb7c:192.168.5.155:35699], old=null, confs=<EMPTY_MAP>
2019-09-18 17:33:27,083 [pool-443-thread-1] INFO  impl.RaftServerImpl (RaftServerImpl.java:<init>(95)) - 7c40858b-12cf-41a9-a51d-322a119afb7c: new RaftServerImpl for group-B4D9B5EFE72E:[b33e0b3d-30a4-48e1-8053-e6b4064212ed:192.168.5.155:40438, f7ded12f-b106-4311-ba8e-05cbcd2a9ba4:192.168.5.155:41909, 7c40858b-12cf-41a9-a51d-322a119afb7c:192.168.5.155:35699] with ContainerStateMachine:uninitialized
2019-09-18 17:33:27,083 [pool-403-thread-1] INFO  server.RaftServerConfigKeys (ConfUtils.java:logGet(43)) - raft.server.storage.dir = [/workdir/hadoop-ozone/integration-test/target/test-dir/MiniOzoneClusterImpl-37195201-b030-4955-b08c-e60a1205ff04/datanode-2/data/ratis] (custom)
2019-09-18 17:33:27,083 [pool-443-thread-1] INFO  server.RaftServerConfigKeys (ConfUtils.java:logGet(43)) - raft.server.rpc.timeout.min = 5s (custom)
2019-09-18 17:33:27,083 [pool-433-thread-1] INFO  impl.RaftServerImpl (RaftServerImpl.java:<init>(95)) - f7ded12f-b106-4311-ba8e-05cbcd2a9ba4: new RaftServerImpl for group-B4D9B5EFE72E:[b33e0b3d-30a4-48e1-8053-e6b4064212ed:192.168.5.155:40438, f7ded12f-b106-4311-ba8e-05cbcd2a9ba4:192.168.5.155:41909, 7c40858b-12cf-41a9-a51d-322a119afb7c:192.168.5.155:35699] with ContainerStateMachine:uninitialized
2019-09-18 17:33:27,083 [pool-443-thread-1] INFO  server.RaftServerConfigKeys (ConfUtils.java:logGet(43)) - raft.server.rpc.timeout.max = 5200ms (custom)
2019-09-18 17:33:27,084 [pool-433-thread-1] INFO  server.RaftServerConfigKeys (ConfUtils.java:logGet(43)) - raft.server.rpc.timeout.min = 5s (custom)
2019-09-18 17:33:27,083 [pool-403-thread-1] INFO  storage.RaftStorageDirectory (RaftStorageDirectory.java:analyzeStorage(246)) - The storage directory /workdir/hadoop-ozone/integration-test/target/test-dir/MiniOzoneClusterImpl-37195201-b030-4955-b08c-e60a1205ff04/datanode-2/data/ratis/4db70355-94ae-4ca1-85c4-b4d9b5efe72e does not exist. Creating ...
2019-09-18 17:33:27,084 [pool-433-thread-1] INFO  server.RaftServerConfigKeys (ConfUtils.java:logGet(43)) - raft.server.rpc.timeout.max = 5200ms (custom)
2019-09-18 17:33:27,084 [pool-443-thread-1] INFO  server.RaftServerConfigKeys (ConfUtils.java:logGet(43)) - raft.server.rpcslowness.timeout = 120s (custom)
2019-09-18 17:33:27,084 [pool-433-thread-1] INFO  server.RaftServerConfigKeys (ConfUtils.java:logGet(43)) - raft.server.rpcslowness.timeout = 120s (custom)
2019-09-18 17:33:27,084 [pool-443-thread-1] INFO  server.RaftServerConfigKeys (ConfUtils.java:logGet(43)) - raft.server.sleep.deviation.threshold = 300 (default)
2019-09-18 17:33:27,084 [pool-433-thread-1] INFO  server.RaftServerConfigKeys (ConfUtils.java:logGet(43)) - raft.server.sleep.deviation.threshold = 300 (default)
2019-09-18 17:33:27,084 [pool-443-thread-1] INFO  server.RaftServerConfigKeys (ConfUtils.java:logGet(43)) - raft.server.log.appender.install.snapshot.enabled = false (custom)
2019-09-18 17:33:27,084 [pool-433-thread-1] INFO  server.RaftServerConfigKeys (ConfUtils.java:logGet(43)) - raft.server.log.appender.install.snapshot.enabled = false (custom)
2019-09-18 17:33:27,084 [pool-443-thread-1] INFO  impl.RaftServerImpl (ServerState.java:<init>(103)) - 7c40858b-12cf-41a9-a51d-322a119afb7c@group-B4D9B5EFE72E: ConfigurationManager, init=-1: [b33e0b3d-30a4-48e1-8053-e6b4064212ed:192.168.5.155:40438, f7ded12f-b106-4311-ba8e-05cbcd2a9ba4:192.168.5.155:41909, 7c40858b-12cf-41a9-a51d-322a119afb7c:192.168.5.155:35699], old=null, confs=<EMPTY_MAP>
2019-09-18 17:33:27,084 [pool-433-thread-1] INFO  impl.RaftServerImpl (ServerState.java:<init>(103)) - f7ded12f-b106-4311-ba8e-05cbcd2a9ba4@group-B4D9B5EFE72E: ConfigurationManager, init=-1: [b33e0b3d-30a4-48e1-8053-e6b4064212ed:192.168.5.155:40438, f7ded12f-b106-4311-ba8e-05cbcd2a9ba4:192.168.5.155:41909, 7c40858b-12cf-41a9-a51d-322a119afb7c:192.168.5.155:35699], old=null, confs=<EMPTY_MAP>
2019-09-18 17:33:27,085 [pool-443-thread-1] INFO  server.RaftServerConfigKeys (ConfUtils.java:logGet(43)) - raft.server.storage.dir = [/workdir/hadoop-ozone/integration-test/target/test-dir/MiniOzoneClusterImpl-37195201-b030-4955-b08c-e60a1205ff04/datanode-6/data/ratis] (custom)
2019-09-18 17:33:27,085 [pool-433-thread-1] INFO  server.RaftServerConfigKeys (ConfUtils.java:logGet(43)) - raft.server.storage.dir = [/workdir/hadoop-ozone/integration-test/target/test-dir/MiniOzoneClusterImpl-37195201-b030-4955-b08c-e60a1205ff04/datanode-5/data/ratis] (custom)
2019-09-18 17:33:27,085 [pool-443-thread-1] INFO  storage.RaftStorageDirectory (RaftStorageDirectory.java:analyzeStorage(246)) - The storage directory /workdir/hadoop-ozone/integration-test/target/test-dir/MiniOzoneClusterImpl-37195201-b030-4955-b08c-e60a1205ff04/datanode-6/data/ratis/4db70355-94ae-4ca1-85c4-b4d9b5efe72e does not exist. Creating ...
2019-09-18 17:33:27,085 [pool-433-thread-1] INFO  storage.RaftStorageDirectory (RaftStorageDirectory.java:analyzeStorage(246)) - The storage directory /workdir/hadoop-ozone/integration-test/target/test-dir/MiniOzoneClusterImpl-37195201-b030-4955-b08c-e60a1205ff04/datanode-5/data/ratis/4db70355-94ae-4ca1-85c4-b4d9b5efe72e does not exist. Creating ...
2019-09-18 17:33:27,106 [pool-443-thread-1] INFO  storage.RaftStorageDirectory (RaftStorageDirectory.java:tryLock(328)) - Lock on /workdir/hadoop-ozone/integration-test/target/test-dir/MiniOzoneClusterImpl-37195201-b030-4955-b08c-e60a1205ff04/datanode-6/data/ratis/4db70355-94ae-4ca1-85c4-b4d9b5efe72e/in_use.lock acquired by nodename 23921@pr-hdds-2147-dpwbv-833026882
2019-09-18 17:33:27,106 [pool-403-thread-1] INFO  storage.RaftStorageDirectory (RaftStorageDirectory.java:tryLock(328)) - Lock on /workdir/hadoop-ozone/integration-test/target/test-dir/MiniOzoneClusterImpl-37195201-b030-4955-b08c-e60a1205ff04/datanode-2/data/ratis/4db70355-94ae-4ca1-85c4-b4d9b5efe72e/in_use.lock acquired by nodename 23921@pr-hdds-2147-dpwbv-833026882
2019-09-18 17:33:27,106 [pool-433-thread-1] INFO  storage.RaftStorageDirectory (RaftStorageDirectory.java:tryLock(328)) - Lock on /workdir/hadoop-ozone/integration-test/target/test-dir/MiniOzoneClusterImpl-37195201-b030-4955-b08c-e60a1205ff04/datanode-5/data/ratis/4db70355-94ae-4ca1-85c4-b4d9b5efe72e/in_use.lock acquired by nodename 23921@pr-hdds-2147-dpwbv-833026882
2019-09-18 17:33:27,150 [pool-403-thread-1] INFO  storage.RaftStorage (RaftStorage.java:format(72)) - Storage directory /workdir/hadoop-ozone/integration-test/target/test-dir/MiniOzoneClusterImpl-37195201-b030-4955-b08c-e60a1205ff04/datanode-2/data/ratis/4db70355-94ae-4ca1-85c4-b4d9b5efe72e has been successfully formatted.
2019-09-18 17:33:27,150 [pool-443-thread-1] INFO  storage.RaftStorage (RaftStorage.java:format(72)) - Storage directory /workdir/hadoop-ozone/integration-test/target/test-dir/MiniOzoneClusterImpl-37195201-b030-4955-b08c-e60a1205ff04/datanode-6/data/ratis/4db70355-94ae-4ca1-85c4-b4d9b5efe72e has been successfully formatted.
2019-09-18 17:33:27,150 [pool-433-thread-1] INFO  storage.RaftStorage (RaftStorage.java:format(72)) - Storage directory /workdir/hadoop-ozone/integration-test/target/test-dir/MiniOzoneClusterImpl-37195201-b030-4955-b08c-e60a1205ff04/datanode-5/data/ratis/4db70355-94ae-4ca1-85c4-b4d9b5efe72e has been successfully formatted.
2019-09-18 17:33:27,150 [pool-403-thread-1] INFO  ratis.ContainerStateMachine (ContainerStateMachine.java:loadSnapshot(230)) - group-B4D9B5EFE72E: The snapshot info is null. Setting the last applied indexto:(t:0, i:~)
2019-09-18 17:33:27,150 [pool-433-thread-1] INFO  ratis.ContainerStateMachine (ContainerStateMachine.java:loadSnapshot(230)) - group-B4D9B5EFE72E: The snapshot info is null. Setting the last applied indexto:(t:0, i:~)
2019-09-18 17:33:27,150 [pool-443-thread-1] INFO  ratis.ContainerStateMachine (ContainerStateMachine.java:loadSnapshot(230)) - group-B4D9B5EFE72E: The snapshot info is null. Setting the last applied indexto:(t:0, i:~)
2019-09-18 17:33:27,150 [pool-433-thread-1] INFO  server.RaftServerConfigKeys (ConfUtils.java:logGet(43)) - raft.server.notification.no-leader.timeout = 120s (custom)
2019-09-18 17:33:27,150 [pool-403-thread-1] INFO  server.RaftServerConfigKeys (ConfUtils.java:logGet(43)) - raft.server.notification.no-leader.timeout = 120s (custom)
2019-09-18 17:33:27,151 [pool-433-thread-1] INFO  server.RaftServerConfigKeys (ConfUtils.java:logGet(43)) - raft.server.log.use.memory = false (default)
2019-09-18 17:33:27,151 [pool-443-thread-1] INFO  server.RaftServerConfigKeys (ConfUtils.java:logGet(43)) - raft.server.notification.no-leader.timeout = 120s (custom)
2019-09-18 17:33:27,151 [pool-433-thread-1] INFO  server.RaftServerConfigKeys (ConfUtils.java:logGet(43)) - raft.server.log.purge.gap = 1000000 (custom)
2019-09-18 17:33:27,151 [pool-403-thread-1] INFO  server.RaftServerConfigKeys (ConfUtils.java:logGet(43)) - raft.server.log.use.memory = false (default)
2019-09-18 17:33:27,151 [pool-433-thread-1] INFO  server.RaftServerConfigKeys (ConfUtils.java:logGet(43)) - raft.server.log.appender.buffer.byte-limit = 33554432 (custom)
2019-09-18 17:33:27,151 [pool-443-thread-1] INFO  server.RaftServerConfigKeys (ConfUtils.java:logGet(43)) - raft.server.log.use.memory = false (default)
2019-09-18 17:33:27,151 [pool-433-thread-1] INFO  server.RaftServerConfigKeys (ConfUtils.java:logGet(43)) - raft.server.log.segment.size.max = 1048576 (custom)
2019-09-18 17:33:27,151 [pool-403-thread-1] INFO  server.RaftServerConfigKeys (ConfUtils.java:logGet(43)) - raft.server.log.purge.gap = 1000000 (custom)
2019-09-18 17:33:27,151 [pool-433-thread-1] INFO  server.RaftServerConfigKeys (ConfUtils.java:logGet(43)) - raft.server.log.segment.cache.num.max = 2 (custom)
2019-09-18 17:33:27,151 [pool-443-thread-1] INFO  server.RaftServerConfigKeys (ConfUtils.java:logGet(43)) - raft.server.log.purge.gap = 1000000 (custom)
2019-09-18 17:33:27,152 [pool-443-thread-1] INFO  server.RaftServerConfigKeys (ConfUtils.java:logGet(43)) - raft.server.log.appender.buffer.byte-limit = 33554432 (custom)
2019-09-18 17:33:27,152 [pool-433-thread-1] INFO  segmented.SegmentedRaftLogWorker (SegmentedRaftLogWorker.java:<init>(172)) - new f7ded12f-b106-4311-ba8e-05cbcd2a9ba4@group-B4D9B5EFE72E-SegmentedRaftLogWorker for RaftStorage:Storage Directory /workdir/hadoop-ozone/integration-test/target/test-dir/MiniOzoneClusterImpl-37195201-b030-4955-b08c-e60a1205ff04/datanode-5/data/ratis/4db70355-94ae-4ca1-85c4-b4d9b5efe72e
2019-09-18 17:33:27,152 [pool-403-thread-1] INFO  server.RaftServerConfigKeys (ConfUtils.java:logGet(43)) - raft.server.log.appender.buffer.byte-limit = 33554432 (custom)
2019-09-18 17:33:27,152 [pool-433-thread-1] INFO  server.RaftServerConfigKeys (ConfUtils.java:logGet(43)) - raft.server.log.queue.byte-limit = 2147483647 (custom)
2019-09-18 17:33:27,152 [pool-443-thread-1] INFO  server.RaftServerConfigKeys (ConfUtils.java:logGet(43)) - raft.server.log.segment.size.max = 1048576 (custom)
2019-09-18 17:33:27,152 [pool-433-thread-1] INFO  server.RaftServerConfigKeys (ConfUtils.java:logGet(43)) - raft.server.log.queue.element-limit = 1024 (custom)
2019-09-18 17:33:27,152 [pool-403-thread-1] INFO  server.RaftServerConfigKeys (ConfUtils.java:logGet(43)) - raft.server.log.segment.size.max = 1048576 (custom)
2019-09-18 17:33:27,153 [pool-433-thread-1] INFO  server.RaftServerConfigKeys (ConfUtils.java:logGet(43)) - raft.server.log.segment.size.max = 1048576 (custom)
2019-09-18 17:33:27,153 [pool-443-thread-1] INFO  server.RaftServerConfigKeys (ConfUtils.java:logGet(43)) - raft.server.log.segment.cache.num.max = 2 (custom)
2019-09-18 17:33:27,153 [pool-433-thread-1] INFO  server.RaftServerConfigKeys (ConfUtils.java:logGet(43)) - raft.server.log.preallocated.size = 16384 (custom)
2019-09-18 17:33:27,153 [pool-433-thread-1] INFO  server.RaftServerConfigKeys (ConfUtils.java:logGet(43)) - raft.server.log.write.buffer.size = 33554432 (custom)
2019-09-18 17:33:27,153 [pool-403-thread-1] INFO  server.RaftServerConfigKeys (ConfUtils.java:logGet(43)) - raft.server.log.segment.cache.num.max = 2 (custom)
2019-09-18 17:33:27,153 [pool-433-thread-1] INFO  server.RaftServerConfigKeys (ConfUtils.java:logGet(43)) - raft.server.log.force.sync.num = 128 (default)
2019-09-18 17:33:27,153 [pool-443-thread-1] INFO  segmented.SegmentedRaftLogWorker (SegmentedRaftLogWorker.java:<init>(172)) - new 7c40858b-12cf-41a9-a51d-322a119afb7c@group-B4D9B5EFE72E-SegmentedRaftLogWorker for RaftStorage:Storage Directory /workdir/hadoop-ozone/integration-test/target/test-dir/MiniOzoneClusterImpl-37195201-b030-4955-b08c-e60a1205ff04/datanode-6/data/ratis/4db70355-94ae-4ca1-85c4-b4d9b5efe72e
2019-09-18 17:33:27,154 [pool-433-thread-1] INFO  server.RaftServerConfigKeys (ConfUtils.java:logGet(43)) - raft.server.log.statemachine.data.sync = true (default)
2019-09-18 17:33:27,153 [pool-403-thread-1] INFO  segmented.SegmentedRaftLogWorker (SegmentedRaftLogWorker.java:<init>(172)) - new b33e0b3d-30a4-48e1-8053-e6b4064212ed@group-B4D9B5EFE72E-SegmentedRaftLogWorker for RaftStorage:Storage Directory /workdir/hadoop-ozone/integration-test/target/test-dir/MiniOzoneClusterImpl-37195201-b030-4955-b08c-e60a1205ff04/datanode-2/data/ratis/4db70355-94ae-4ca1-85c4-b4d9b5efe72e
2019-09-18 17:33:27,154 [pool-433-thread-1] INFO  server.RaftServerConfigKeys (ConfUtils.java:logGet(43)) - raft.server.log.statemachine.data.sync.timeout = 10s (default)
2019-09-18 17:33:27,154 [pool-443-thread-1] INFO  server.RaftServerConfigKeys (ConfUtils.java:logGet(43)) - raft.server.log.queue.byte-limit = 2147483647 (custom)
2019-09-18 17:33:27,154 [pool-433-thread-1] INFO  server.RaftServerConfigKeys (ConfUtils.java:logGet(43)) - raft.server.log.statemachine.data.sync.timeout.retry = -1 (default)
2019-09-18 17:33:27,154 [pool-403-thread-1] INFO  server.RaftServerConfigKeys (ConfUtils.java:logGet(43)) - raft.server.log.queue.byte-limit = 2147483647 (custom)
2019-09-18 17:33:27,155 [pool-433-thread-1] INFO  server.RaftServerConfigKeys (ConfUtils.java:logGet(43)) - raft.server.log.statemachine.data.caching.enabled = true (custom)
2019-09-18 17:33:27,154 [pool-443-thread-1] INFO  server.RaftServerConfigKeys (ConfUtils.java:logGet(43)) - raft.server.log.queue.element-limit = 1024 (custom)
2019-09-18 17:33:27,155 [pool-403-thread-1] INFO  server.RaftServerConfigKeys (ConfUtils.java:logGet(43)) - raft.server.log.queue.element-limit = 1024 (custom)
2019-09-18 17:33:27,155 [pool-443-thread-1] INFO  server.RaftServerConfigKeys (ConfUtils.java:logGet(43)) - raft.server.log.segment.size.max = 1048576 (custom)
2019-09-18 17:33:27,155 [pool-433-thread-1] INFO  segmented.SegmentedRaftLogWorker (SegmentedRaftLogWorker.java:lambda$new$0(132)) - f7ded12f-b106-4311-ba8e-05cbcd2a9ba4@group-B4D9B5EFE72E-SegmentedRaftLogWorker: flushIndex: setUnconditionally 0 -> -1
2019-09-18 17:33:27,155 [pool-403-thread-1] INFO  server.RaftServerConfigKeys (ConfUtils.java:logGet(43)) - raft.server.log.segment.size.max = 1048576 (custom)
2019-09-18 17:33:27,155 [pool-443-thread-1] INFO  server.RaftServerConfigKeys (ConfUtils.java:logGet(43)) - raft.server.log.preallocated.size = 16384 (custom)
2019-09-18 17:33:27,155 [pool-433-thread-1] INFO  server.RaftServerConfigKeys (ConfUtils.java:logGet(43)) - raft.server.snapshot.auto.trigger.enabled = true (custom)
2019-09-18 17:33:27,155 [pool-403-thread-1] INFO  server.RaftServerConfigKeys (ConfUtils.java:logGet(43)) - raft.server.log.preallocated.size = 16384 (custom)
2019-09-18 17:33:27,156 [pool-433-thread-1] INFO  server.RaftServerConfigKeys (ConfUtils.java:logGet(43)) - raft.server.snapshot.auto.trigger.threshold = 10000 (custom)
2019-09-18 17:33:27,156 [pool-443-thread-1] INFO  server.RaftServerConfigKeys (ConfUtils.java:logGet(43)) - raft.server.log.write.buffer.size = 33554432 (custom)
2019-09-18 17:33:27,156 [pool-433-thread-1] INFO  server.RaftServerConfigKeys (ConfUtils.java:logGet(43)) - raft.server.snapshot.retention.num.files = 5 (custom)
2019-09-18 17:33:27,156 [pool-403-thread-1] INFO  server.RaftServerConfigKeys (ConfUtils.java:logGet(43)) - raft.server.log.write.buffer.size = 33554432 (custom)
2019-09-18 17:33:27,156 [pool-433-thread-1] INFO  server.RaftServerConfigKeys (ConfUtils.java:logGet(43)) - raft.server.retrycache.expirytime = 600000ms (custom)
2019-09-18 17:33:27,156 [pool-443-thread-1] INFO  server.RaftServerConfigKeys (ConfUtils.java:logGet(43)) - raft.server.log.force.sync.num = 128 (default)
2019-09-18 17:33:27,156 [pool-403-thread-1] INFO  server.RaftServerConfigKeys (ConfUtils.java:logGet(43)) - raft.server.log.force.sync.num = 128 (default)
2019-09-18 17:33:27,157 [pool-443-thread-1] INFO  server.RaftServerConfigKeys (ConfUtils.java:logGet(43)) - raft.server.log.statemachine.data.sync = true (default)
2019-09-18 17:33:27,157 [pool-403-thread-1] INFO  server.RaftServerConfigKeys (ConfUtils.java:logGet(43)) - raft.server.log.statemachine.data.sync = true (default)
2019-09-18 17:33:27,157 [pool-443-thread-1] INFO  server.RaftServerConfigKeys (ConfUtils.java:logGet(43)) - raft.server.log.statemachine.data.sync.timeout = 10s (default)
2019-09-18 17:33:27,157 [pool-403-thread-1] INFO  server.RaftServerConfigKeys (ConfUtils.java:logGet(43)) - raft.server.log.statemachine.data.sync.timeout = 10s (default)
2019-09-18 17:33:27,157 [pool-443-thread-1] INFO  server.RaftServerConfigKeys (ConfUtils.java:logGet(43)) - raft.server.log.statemachine.data.sync.timeout.retry = -1 (default)
2019-09-18 17:33:27,157 [pool-403-thread-1] INFO  server.RaftServerConfigKeys (ConfUtils.java:logGet(43)) - raft.server.log.statemachine.data.sync.timeout.retry = -1 (default)
2019-09-18 17:33:27,157 [pool-443-thread-1] INFO  server.RaftServerConfigKeys (ConfUtils.java:logGet(43)) - raft.server.log.statemachine.data.caching.enabled = true (custom)
2019-09-18 17:33:27,158 [pool-403-thread-1] INFO  server.RaftServerConfigKeys (ConfUtils.java:logGet(43)) - raft.server.log.statemachine.data.caching.enabled = true (custom)
2019-09-18 17:33:27,158 [pool-403-thread-1] INFO  segmented.SegmentedRaftLogWorker (SegmentedRaftLogWorker.java:lambda$new$0(132)) - b33e0b3d-30a4-48e1-8053-e6b4064212ed@group-B4D9B5EFE72E-SegmentedRaftLogWorker: flushIndex: setUnconditionally 0 -> -1
2019-09-18 17:33:27,158 [pool-443-thread-1] INFO  segmented.SegmentedRaftLogWorker (SegmentedRaftLogWorker.java:lambda$new$0(132)) - 7c40858b-12cf-41a9-a51d-322a119afb7c@group-B4D9B5EFE72E-SegmentedRaftLogWorker: flushIndex: setUnconditionally 0 -> -1
2019-09-18 17:33:27,158 [pool-403-thread-1] INFO  server.RaftServerConfigKeys (ConfUtils.java:logGet(43)) - raft.server.snapshot.auto.trigger.enabled = true (custom)
2019-09-18 17:33:27,158 [pool-403-thread-1] INFO  server.RaftServerConfigKeys (ConfUtils.java:logGet(43)) - raft.server.snapshot.auto.trigger.threshold = 10000 (custom)
2019-09-18 17:33:27,158 [pool-403-thread-1] INFO  server.RaftServerConfigKeys (ConfUtils.java:logGet(43)) - raft.server.snapshot.retention.num.files = 5 (custom)
2019-09-18 17:33:27,158 [pool-433-thread-1] INFO  impl.RaftServerImpl (RaftServerImpl.java:start(185)) - f7ded12f-b106-4311-ba8e-05cbcd2a9ba4@group-B4D9B5EFE72E: start as a follower, conf=-1: [b33e0b3d-30a4-48e1-8053-e6b4064212ed:192.168.5.155:40438, f7ded12f-b106-4311-ba8e-05cbcd2a9ba4:192.168.5.155:41909, 7c40858b-12cf-41a9-a51d-322a119afb7c:192.168.5.155:35699], old=null
2019-09-18 17:33:27,158 [pool-443-thread-1] INFO  server.RaftServerConfigKeys (ConfUtils.java:logGet(43)) - raft.server.snapshot.auto.trigger.enabled = true (custom)
2019-09-18 17:33:27,158 [pool-403-thread-1] INFO  server.RaftServerConfigKeys (ConfUtils.java:logGet(43)) - raft.server.retrycache.expirytime = 600000ms (custom)
2019-09-18 17:33:27,159 [pool-443-thread-1] INFO  server.RaftServerConfigKeys (ConfUtils.java:logGet(43)) - raft.server.snapshot.auto.trigger.threshold = 10000 (custom)
2019-09-18 17:33:27,159 [pool-433-thread-1] INFO  impl.RaftServerImpl (RaftServerImpl.java:setRole(174)) - f7ded12f-b106-4311-ba8e-05cbcd2a9ba4@group-B4D9B5EFE72E: changes role from      null to FOLLOWER at term 0 for startAsFollower
2019-09-18 17:33:27,159 [pool-443-thread-1] INFO  server.RaftServerConfigKeys (ConfUtils.java:logGet(43)) - raft.server.snapshot.retention.num.files = 5 (custom)
2019-09-18 17:33:27,159 [pool-433-thread-1] INFO  impl.RoleInfo (RoleInfo.java:updateAndGet(143)) - f7ded12f-b106-4311-ba8e-05cbcd2a9ba4: start FollowerState
2019-09-18 17:33:27,159 [pool-443-thread-1] INFO  server.RaftServerConfigKeys (ConfUtils.java:logGet(43)) - raft.server.retrycache.expirytime = 600000ms (custom)
2019-09-18 17:33:27,160 [pool-433-thread-1] INFO  util.JmxRegister (JmxRegister.java:tryRegister(44)) - Successfully registered JMX Bean with object name Ratis:service=RaftServer,group=group-B4D9B5EFE72E,id=f7ded12f-b106-4311-ba8e-05cbcd2a9ba4
2019-09-18 17:33:27,160 [pool-403-thread-1] INFO  impl.RaftServerImpl (RaftServerImpl.java:start(185)) - b33e0b3d-30a4-48e1-8053-e6b4064212ed@group-B4D9B5EFE72E: start as a follower, conf=-1: [b33e0b3d-30a4-48e1-8053-e6b4064212ed:192.168.5.155:40438, f7ded12f-b106-4311-ba8e-05cbcd2a9ba4:192.168.5.155:41909, 7c40858b-12cf-41a9-a51d-322a119afb7c:192.168.5.155:35699], old=null
2019-09-18 17:33:27,160 [pool-403-thread-1] INFO  impl.RaftServerImpl (RaftServerImpl.java:setRole(174)) - b33e0b3d-30a4-48e1-8053-e6b4064212ed@group-B4D9B5EFE72E: changes role from      null to FOLLOWER at term 0 for startAsFollower
2019-09-18 17:33:27,160 [pool-403-thread-1] INFO  impl.RoleInfo (RoleInfo.java:updateAndGet(143)) - b33e0b3d-30a4-48e1-8053-e6b4064212ed: start FollowerState
2019-09-18 17:33:27,161 [pool-403-thread-1] INFO  util.JmxRegister (JmxRegister.java:tryRegister(44)) - Successfully registered JMX Bean with object name Ratis:service=RaftServer,group=group-B4D9B5EFE72E,id=b33e0b3d-30a4-48e1-8053-e6b4064212ed
2019-09-18 17:33:27,162 [pool-443-thread-1] INFO  impl.RaftServerImpl (RaftServerImpl.java:start(185)) - 7c40858b-12cf-41a9-a51d-322a119afb7c@group-B4D9B5EFE72E: start as a follower, conf=-1: [b33e0b3d-30a4-48e1-8053-e6b4064212ed:192.168.5.155:40438, f7ded12f-b106-4311-ba8e-05cbcd2a9ba4:192.168.5.155:41909, 7c40858b-12cf-41a9-a51d-322a119afb7c:192.168.5.155:35699], old=null
2019-09-18 17:33:27,162 [pool-443-thread-1] INFO  impl.RaftServerImpl (RaftServerImpl.java:setRole(174)) - 7c40858b-12cf-41a9-a51d-322a119afb7c@group-B4D9B5EFE72E: changes role from      null to FOLLOWER at term 0 for startAsFollower
2019-09-18 17:33:27,162 [pool-443-thread-1] INFO  impl.RoleInfo (RoleInfo.java:updateAndGet(143)) - 7c40858b-12cf-41a9-a51d-322a119afb7c: start FollowerState
2019-09-18 17:33:27,163 [pool-443-thread-1] INFO  util.JmxRegister (JmxRegister.java:tryRegister(44)) - Successfully registered JMX Bean with object name Ratis:service=RaftServer,group=group-B4D9B5EFE72E,id=7c40858b-12cf-41a9-a51d-322a119afb7c
2019-09-18 17:33:27,165 [RatisPipelineUtilsThread] INFO  pipeline.PipelineStateManager (PipelineStateManager.java:addPipeline(56)) - Created pipeline Pipeline[ Id: 4db70355-94ae-4ca1-85c4-b4d9b5efe72e, Nodes: 7c40858b-12cf-41a9-a51d-322a119afb7c{ip: 192.168.5.155, host: pr-hdds-2147-dpwbv-833026882, networkLocation: /default-rack, certSerialId: null}f7ded12f-b106-4311-ba8e-05cbcd2a9ba4{ip: 192.168.5.155, host: pr-hdds-2147-dpwbv-833026882, networkLocation: /default-rack, certSerialId: null}b33e0b3d-30a4-48e1-8053-e6b4064212ed{ip: 192.168.5.155, host: pr-hdds-2147-dpwbv-833026882, networkLocation: /default-rack, certSerialId: null}, Type:RATIS, Factor:THREE, State:OPEN]
2019-09-18 17:33:27,952 [main] INFO  ozone.MiniOzoneClusterImpl (MiniOzoneClusterImpl.java:lambda$waitForClusterToBeReady$0(145)) - Cluster is ready. Got 7 of 7 DN Heartbeats.
2019-09-18 17:33:27,987 [main] INFO  rpc.RpcClient (RpcClient.java:createVolume(302)) - Creating Volume: watchforcommithandlingtest, with jenkins1000 as owner.
2019-09-18 17:33:27,990 [IPC Server handler 2 on 43708] INFO  volume.OMVolumeCreateRequest (OMVolumeCreateRequest.java:validateAndUpdateCache(189)) - created volume:watchforcommithandlingtest for user:jenkins1000
2019-09-18 17:33:28,006 [main] INFO  rpc.RpcClient (RpcClient.java:createBucket(441)) - Creating Bucket: watchforcommithandlingtest/watchforcommithandlingtest, with Versioning false and Storage Type set to DISK and Encryption set to false 
2019-09-18 17:33:28,011 [main] INFO  ozone.MiniOzoneClusterImpl (MiniOzoneClusterImpl.java:getStorageContainerLocationClient(232)) - Creating StorageContainerLocationProtocol RPC client with address /0.0.0.0:41698
2019-09-18 17:33:28,030 [grpc-default-executor-3] INFO  client.GrpcClientProtocolClient (GrpcClientProtocolClient.java:onNext(264)) - client-31620CA72C66->06886d8d-828f-4bd3-9da8-c3e3f0fe3bff: receive RaftClientReply:client-31620CA72C66->06886d8d-828f-4bd3-9da8-c3e3f0fe3bff@group-930CB84686E7, cid=103, FAILED org.apache.ratis.protocol.NotLeaderException: Server 06886d8d-828f-4bd3-9da8-c3e3f0fe3bff@group-930CB84686E7 is not the leader, logIndex=0, commits[06886d8d-828f-4bd3-9da8-c3e3f0fe3bff:c-1]
2019-09-18 17:33:29,045 [grpc-default-executor-3] INFO  client.GrpcClientProtocolClient (GrpcClientProtocolClient.java:onNext(264)) - client-31620CA72C66->b0d444e7-f95d-4287-9b32-254db5ea75d4: receive RaftClientReply:client-31620CA72C66->b0d444e7-f95d-4287-9b32-254db5ea75d4@group-930CB84686E7, cid=103, FAILED org.apache.ratis.protocol.NotLeaderException: Server b0d444e7-f95d-4287-9b32-254db5ea75d4@group-930CB84686E7 is not the leader, logIndex=0, commits[b0d444e7-f95d-4287-9b32-254db5ea75d4:c-1]
2019-09-18 17:33:29,171 [Thread-2382] INFO  container.ReplicationManager (ReplicationManager.java:start(162)) - Starting Replication Monitor Thread.
2019-09-18 17:33:29,174 [ReplicationMonitor] INFO  container.ReplicationManager (ReplicationManager.java:run(225)) - Replication Monitor Thread took 1 milliseconds for processing 1 containers.
2019-09-18 17:33:30,054 [grpc-default-executor-3] INFO  client.GrpcClientProtocolClient (GrpcClientProtocolClient.java:onNext(264)) - client-31620CA72C66->06886d8d-828f-4bd3-9da8-c3e3f0fe3bff: receive RaftClientReply:client-31620CA72C66->06886d8d-828f-4bd3-9da8-c3e3f0fe3bff@group-930CB84686E7, cid=103, FAILED org.apache.ratis.protocol.NotLeaderException: Server 06886d8d-828f-4bd3-9da8-c3e3f0fe3bff@group-930CB84686E7 is not the leader, logIndex=0, commits[06886d8d-828f-4bd3-9da8-c3e3f0fe3bff:c-1]
2019-09-18 17:33:31,074 [grpc-default-executor-3] INFO  client.GrpcClientProtocolClient (GrpcClientProtocolClient.java:onNext(264)) - client-31620CA72C66->8129a35d-d27c-49f3-8eb9-6cbb80484c62: receive RaftClientReply:client-31620CA72C66->8129a35d-d27c-49f3-8eb9-6cbb80484c62@group-930CB84686E7, cid=103, FAILED org.apache.ratis.protocol.NotLeaderException: Server 8129a35d-d27c-49f3-8eb9-6cbb80484c62@group-930CB84686E7 is not the leader, logIndex=0, commits[8129a35d-d27c-49f3-8eb9-6cbb80484c62:c-1]
2019-09-18 17:33:31,300 [Thread-2384] INFO  impl.FollowerState (FollowerState.java:run(106)) - 06886d8d-828f-4bd3-9da8-c3e3f0fe3bff:group-2FA5C7A8159C changes to CANDIDATE, lastRpcTime:5043, electionTimeout:5043ms
2019-09-18 17:33:31,300 [Thread-2384] INFO  impl.RoleInfo (RoleInfo.java:shutdownFollowerState(121)) - 06886d8d-828f-4bd3-9da8-c3e3f0fe3bff: shutdown FollowerState
2019-09-18 17:33:31,300 [Thread-2384] INFO  impl.RaftServerImpl (RaftServerImpl.java:setRole(174)) - 06886d8d-828f-4bd3-9da8-c3e3f0fe3bff@group-2FA5C7A8159C: changes role from  FOLLOWER to CANDIDATE at term 0 for changeToCandidate
2019-09-18 17:33:31,301 [Thread-2384] INFO  impl.RoleInfo (RoleInfo.java:updateAndGet(143)) - 06886d8d-828f-4bd3-9da8-c3e3f0fe3bff: start LeaderElection
2019-09-18 17:33:31,331 [06886d8d-828f-4bd3-9da8-c3e3f0fe3bff@group-2FA5C7A8159C:LeaderElection91] INFO  impl.LeaderElection (LeaderElection.java:askForVotes(182)) - 06886d8d-828f-4bd3-9da8-c3e3f0fe3bff@group-2FA5C7A8159C:LeaderElection91: begin an election at term 1 for -1: [06886d8d-828f-4bd3-9da8-c3e3f0fe3bff:192.168.5.155:45123], old=null
2019-09-18 17:33:31,331 [06886d8d-828f-4bd3-9da8-c3e3f0fe3bff@group-2FA5C7A8159C:LeaderElection91] INFO  impl.RoleInfo (RoleInfo.java:shutdownLeaderElection(134)) - 06886d8d-828f-4bd3-9da8-c3e3f0fe3bff: shutdown LeaderElection
2019-09-18 17:33:31,333 [06886d8d-828f-4bd3-9da8-c3e3f0fe3bff@group-2FA5C7A8159C:LeaderElection91] INFO  impl.RaftServerImpl (RaftServerImpl.java:setRole(174)) - 06886d8d-828f-4bd3-9da8-c3e3f0fe3bff@group-2FA5C7A8159C: changes role from CANDIDATE to LEADER at term 1 for changeToLeader
2019-09-18 17:33:31,333 [06886d8d-828f-4bd3-9da8-c3e3f0fe3bff@group-2FA5C7A8159C:LeaderElection91] INFO  impl.RaftServerImpl (ServerState.java:setLeader(253)) - 06886d8d-828f-4bd3-9da8-c3e3f0fe3bff@group-2FA5C7A8159C: change Leader from null to 06886d8d-828f-4bd3-9da8-c3e3f0fe3bff at term 1 for becomeLeader, leader elected after 5084ms
2019-09-18 17:33:31,333 [06886d8d-828f-4bd3-9da8-c3e3f0fe3bff@group-2FA5C7A8159C:LeaderElection91] INFO  server.RaftServerConfigKeys (ConfUtils.java:logGet(43)) - raft.server.staging.catchup.gap = 1000 (default)
2019-09-18 17:33:31,333 [06886d8d-828f-4bd3-9da8-c3e3f0fe3bff@group-2FA5C7A8159C:LeaderElection91] INFO  server.RaftServerConfigKeys (ConfUtils.java:logGet(43)) - raft.server.rpc.sleep.time = 25ms (default)
2019-09-18 17:33:31,333 [06886d8d-828f-4bd3-9da8-c3e3f0fe3bff@group-2FA5C7A8159C:LeaderElection91] INFO  server.RaftServerConfigKeys (ConfUtils.java:logGet(43)) - raft.server.write.element-limit = 4096 (default)
2019-09-18 17:33:31,333 [06886d8d-828f-4bd3-9da8-c3e3f0fe3bff@group-2FA5C7A8159C:LeaderElection91] INFO  server.RaftServerConfigKeys (ConfUtils.java:logGet(43)) - raft.server.watch.timeout = 10s (default)
2019-09-18 17:33:31,334 [06886d8d-828f-4bd3-9da8-c3e3f0fe3bff@group-2FA5C7A8159C:LeaderElection91] INFO  server.RaftServerConfigKeys (ConfUtils.java:logGet(43)) - raft.server.watch.timeout.denomination = 1s (default)
2019-09-18 17:33:31,334 [06886d8d-828f-4bd3-9da8-c3e3f0fe3bff@group-2FA5C7A8159C:LeaderElection91] INFO  server.RaftServerConfigKeys (ConfUtils.java:logGet(43)) - raft.server.watch.element-limit = 65536 (default)
2019-09-18 17:33:31,336 [06886d8d-828f-4bd3-9da8-c3e3f0fe3bff@group-2FA5C7A8159C:LeaderElection91] INFO  impl.RoleInfo (RoleInfo.java:updateAndGet(143)) - 06886d8d-828f-4bd3-9da8-c3e3f0fe3bff: start LeaderState
2019-09-18 17:33:31,336 [06886d8d-828f-4bd3-9da8-c3e3f0fe3bff@group-2FA5C7A8159C:LeaderElection91] INFO  segmented.SegmentedRaftLogWorker (SegmentedRaftLogWorker.java:startLogSegment(380)) - 06886d8d-828f-4bd3-9da8-c3e3f0fe3bff@group-2FA5C7A8159C-SegmentedRaftLogWorker: Starting segment from index:0
2019-09-18 17:33:31,337 [06886d8d-828f-4bd3-9da8-c3e3f0fe3bff@group-2FA5C7A8159C:LeaderElection91] INFO  impl.RaftServerImpl (ServerState.java:setRaftConf(354)) - 06886d8d-828f-4bd3-9da8-c3e3f0fe3bff@group-2FA5C7A8159C: set configuration 0: [06886d8d-828f-4bd3-9da8-c3e3f0fe3bff:192.168.5.155:45123], old=null at 0
2019-09-18 17:33:31,386 [06886d8d-828f-4bd3-9da8-c3e3f0fe3bff@group-2FA5C7A8159C-SegmentedRaftLogWorker] INFO  segmented.SegmentedRaftLogWorker (SegmentedRaftLogWorker.java:execute(569)) - 06886d8d-828f-4bd3-9da8-c3e3f0fe3bff@group-2FA5C7A8159C-SegmentedRaftLogWorker: created new log segment /workdir/hadoop-ozone/integration-test/target/test-dir/MiniOzoneClusterImpl-37195201-b030-4955-b08c-e60a1205ff04/datanode-0/data/ratis/7677768c-2207-4f6e-92e6-2fa5c7a8159c/current/log_inprogress_0
2019-09-18 17:33:31,399 [Thread-2387] INFO  impl.FollowerState (FollowerState.java:run(106)) - 2525c4b5-e4bc-48e7-b2d0-7f865c9a09c8:group-C2EA9E400192 changes to CANDIDATE, lastRpcTime:5086, electionTimeout:5086ms
2019-09-18 17:33:31,400 [Thread-2387] INFO  impl.RoleInfo (RoleInfo.java:shutdownFollowerState(121)) - 2525c4b5-e4bc-48e7-b2d0-7f865c9a09c8: shutdown FollowerState
2019-09-18 17:33:31,400 [Thread-2387] INFO  impl.RaftServerImpl (RaftServerImpl.java:setRole(174)) - 2525c4b5-e4bc-48e7-b2d0-7f865c9a09c8@group-C2EA9E400192: changes role from  FOLLOWER to CANDIDATE at term 0 for changeToCandidate
2019-09-18 17:33:31,400 [Thread-2387] INFO  impl.RoleInfo (RoleInfo.java:updateAndGet(143)) - 2525c4b5-e4bc-48e7-b2d0-7f865c9a09c8: start LeaderElection
2019-09-18 17:33:31,412 [Thread-2390] INFO  impl.FollowerState (FollowerState.java:run(106)) - b33e0b3d-30a4-48e1-8053-e6b4064212ed:group-55C5CC990C40 changes to CANDIDATE, lastRpcTime:5042, electionTimeout:5042ms
2019-09-18 17:33:31,412 [Thread-2390] INFO  impl.RoleInfo (RoleInfo.java:shutdownFollowerState(121)) - b33e0b3d-30a4-48e1-8053-e6b4064212ed: shutdown FollowerState
2019-09-18 17:33:31,412 [Thread-2390] INFO  impl.RaftServerImpl (RaftServerImpl.java:setRole(174)) - b33e0b3d-30a4-48e1-8053-e6b4064212ed@group-55C5CC990C40: changes role from  FOLLOWER to CANDIDATE at term 0 for changeToCandidate
2019-09-18 17:33:31,412 [Thread-2390] INFO  impl.RoleInfo (RoleInfo.java:updateAndGet(143)) - b33e0b3d-30a4-48e1-8053-e6b4064212ed: start LeaderElection
2019-09-18 17:33:31,417 [2525c4b5-e4bc-48e7-b2d0-7f865c9a09c8@group-C2EA9E400192:LeaderElection92] INFO  impl.LeaderElection (LeaderElection.java:askForVotes(182)) - 2525c4b5-e4bc-48e7-b2d0-7f865c9a09c8@group-C2EA9E400192:LeaderElection92: begin an election at term 1 for -1: [2525c4b5-e4bc-48e7-b2d0-7f865c9a09c8:192.168.5.155:44356], old=null
2019-09-18 17:33:31,417 [2525c4b5-e4bc-48e7-b2d0-7f865c9a09c8@group-C2EA9E400192:LeaderElection92] INFO  impl.RoleInfo (RoleInfo.java:shutdownLeaderElection(134)) - 2525c4b5-e4bc-48e7-b2d0-7f865c9a09c8: shutdown LeaderElection
2019-09-18 17:33:31,417 [2525c4b5-e4bc-48e7-b2d0-7f865c9a09c8@group-C2EA9E400192:LeaderElection92] INFO  impl.RaftServerImpl (RaftServerImpl.java:setRole(174)) - 2525c4b5-e4bc-48e7-b2d0-7f865c9a09c8@group-C2EA9E400192: changes role from CANDIDATE to LEADER at term 1 for changeToLeader
2019-09-18 17:33:31,417 [2525c4b5-e4bc-48e7-b2d0-7f865c9a09c8@group-C2EA9E400192:LeaderElection92] INFO  impl.RaftServerImpl (ServerState.java:setLeader(253)) - 2525c4b5-e4bc-48e7-b2d0-7f865c9a09c8@group-C2EA9E400192: change Leader from null to 2525c4b5-e4bc-48e7-b2d0-7f865c9a09c8 at term 1 for becomeLeader, leader elected after 5109ms
2019-09-18 17:33:31,417 [2525c4b5-e4bc-48e7-b2d0-7f865c9a09c8@group-C2EA9E400192:LeaderElection92] INFO  server.RaftServerConfigKeys (ConfUtils.java:logGet(43)) - raft.server.staging.catchup.gap = 1000 (default)
2019-09-18 17:33:31,417 [2525c4b5-e4bc-48e7-b2d0-7f865c9a09c8@group-C2EA9E400192:LeaderElection92] INFO  server.RaftServerConfigKeys (ConfUtils.java:logGet(43)) - raft.server.rpc.sleep.time = 25ms (default)
2019-09-18 17:33:31,418 [2525c4b5-e4bc-48e7-b2d0-7f865c9a09c8@group-C2EA9E400192:LeaderElection92] INFO  server.RaftServerConfigKeys (ConfUtils.java:logGet(43)) - raft.server.write.element-limit = 4096 (default)
2019-09-18 17:33:31,418 [2525c4b5-e4bc-48e7-b2d0-7f865c9a09c8@group-C2EA9E400192:LeaderElection92] INFO  server.RaftServerConfigKeys (ConfUtils.java:logGet(43)) - raft.server.watch.timeout = 10s (default)
2019-09-18 17:33:31,418 [2525c4b5-e4bc-48e7-b2d0-7f865c9a09c8@group-C2EA9E400192:LeaderElection92] INFO  server.RaftServerConfigKeys (ConfUtils.java:logGet(43)) - raft.server.watch.timeout.denomination = 1s (default)
2019-09-18 17:33:31,418 [2525c4b5-e4bc-48e7-b2d0-7f865c9a09c8@group-C2EA9E400192:LeaderElection92] INFO  server.RaftServerConfigKeys (ConfUtils.java:logGet(43)) - raft.server.watch.element-limit = 65536 (default)
2019-09-18 17:33:31,420 [2525c4b5-e4bc-48e7-b2d0-7f865c9a09c8@group-C2EA9E400192:LeaderElection92] INFO  impl.RoleInfo (RoleInfo.java:updateAndGet(143)) - 2525c4b5-e4bc-48e7-b2d0-7f865c9a09c8: start LeaderState
2019-09-18 17:33:31,420 [2525c4b5-e4bc-48e7-b2d0-7f865c9a09c8@group-C2EA9E400192:LeaderElection92] INFO  segmented.SegmentedRaftLogWorker (SegmentedRaftLogWorker.java:startLogSegment(380)) - 2525c4b5-e4bc-48e7-b2d0-7f865c9a09c8@group-C2EA9E400192-SegmentedRaftLogWorker: Starting segment from index:0
2019-09-18 17:33:31,421 [2525c4b5-e4bc-48e7-b2d0-7f865c9a09c8@group-C2EA9E400192:LeaderElection92] INFO  impl.RaftServerImpl (ServerState.java:setRaftConf(354)) - 2525c4b5-e4bc-48e7-b2d0-7f865c9a09c8@group-C2EA9E400192: set configuration 0: [2525c4b5-e4bc-48e7-b2d0-7f865c9a09c8:192.168.5.155:44356], old=null at 0
2019-09-18 17:33:31,432 [b33e0b3d-30a4-48e1-8053-e6b4064212ed@group-55C5CC990C40:LeaderElection93] INFO  impl.LeaderElection (LeaderElection.java:askForVotes(182)) - b33e0b3d-30a4-48e1-8053-e6b4064212ed@group-55C5CC990C40:LeaderElection93: begin an election at term 1 for -1: [b33e0b3d-30a4-48e1-8053-e6b4064212ed:192.168.5.155:40438], old=null
2019-09-18 17:33:31,432 [b33e0b3d-30a4-48e1-8053-e6b4064212ed@group-55C5CC990C40:LeaderElection93] INFO  impl.RoleInfo (RoleInfo.java:shutdownLeaderElection(134)) - b33e0b3d-30a4-48e1-8053-e6b4064212ed: shutdown LeaderElection
2019-09-18 17:33:31,432 [b33e0b3d-30a4-48e1-8053-e6b4064212ed@group-55C5CC990C40:LeaderElection93] INFO  impl.RaftServerImpl (RaftServerImpl.java:setRole(174)) - b33e0b3d-30a4-48e1-8053-e6b4064212ed@group-55C5CC990C40: changes role from CANDIDATE to LEADER at term 1 for changeToLeader
2019-09-18 17:33:31,432 [b33e0b3d-30a4-48e1-8053-e6b4064212ed@group-55C5CC990C40:LeaderElection93] INFO  impl.RaftServerImpl (ServerState.java:setLeader(253)) - b33e0b3d-30a4-48e1-8053-e6b4064212ed@group-55C5CC990C40: change Leader from null to b33e0b3d-30a4-48e1-8053-e6b4064212ed at term 1 for becomeLeader, leader elected after 5069ms
2019-09-18 17:33:31,432 [b33e0b3d-30a4-48e1-8053-e6b4064212ed@group-55C5CC990C40:LeaderElection93] INFO  server.RaftServerConfigKeys (ConfUtils.java:logGet(43)) - raft.server.staging.catchup.gap = 1000 (default)
2019-09-18 17:33:31,432 [b33e0b3d-30a4-48e1-8053-e6b4064212ed@group-55C5CC990C40:LeaderElection93] INFO  server.RaftServerConfigKeys (ConfUtils.java:logGet(43)) - raft.server.rpc.sleep.time = 25ms (default)
2019-09-18 17:33:31,432 [b33e0b3d-30a4-48e1-8053-e6b4064212ed@group-55C5CC990C40:LeaderElection93] INFO  server.RaftServerConfigKeys (ConfUtils.java:logGet(43)) - raft.server.write.element-limit = 4096 (default)
2019-09-18 17:33:31,433 [b33e0b3d-30a4-48e1-8053-e6b4064212ed@group-55C5CC990C40:LeaderElection93] INFO  server.RaftServerConfigKeys (ConfUtils.java:logGet(43)) - raft.server.watch.timeout = 10s (default)
2019-09-18 17:33:31,433 [b33e0b3d-30a4-48e1-8053-e6b4064212ed@group-55C5CC990C40:LeaderElection93] INFO  server.RaftServerConfigKeys (ConfUtils.java:logGet(43)) - raft.server.watch.timeout.denomination = 1s (default)
2019-09-18 17:33:31,433 [b33e0b3d-30a4-48e1-8053-e6b4064212ed@group-55C5CC990C40:LeaderElection93] INFO  server.RaftServerConfigKeys (ConfUtils.java:logGet(43)) - raft.server.watch.element-limit = 65536 (default)
2019-09-18 17:33:31,435 [b33e0b3d-30a4-48e1-8053-e6b4064212ed@group-55C5CC990C40:LeaderElection93] INFO  impl.RoleInfo (RoleInfo.java:updateAndGet(143)) - b33e0b3d-30a4-48e1-8053-e6b4064212ed: start LeaderState
2019-09-18 17:33:31,435 [b33e0b3d-30a4-48e1-8053-e6b4064212ed@group-55C5CC990C40:LeaderElection93] INFO  segmented.SegmentedRaftLogWorker (SegmentedRaftLogWorker.java:startLogSegment(380)) - b33e0b3d-30a4-48e1-8053-e6b4064212ed@group-55C5CC990C40-SegmentedRaftLogWorker: Starting segment from index:0
2019-09-18 17:33:31,435 [b33e0b3d-30a4-48e1-8053-e6b4064212ed@group-55C5CC990C40:LeaderElection93] INFO  impl.RaftServerImpl (ServerState.java:setRaftConf(354)) - b33e0b3d-30a4-48e1-8053-e6b4064212ed@group-55C5CC990C40: set configuration 0: [b33e0b3d-30a4-48e1-8053-e6b4064212ed:192.168.5.155:40438], old=null at 0
2019-09-18 17:33:31,484 [Thread-2393] INFO  impl.FollowerState (FollowerState.java:run(106)) - b0d444e7-f95d-4287-9b32-254db5ea75d4:group-4EB7BC42317B changes to CANDIDATE, lastRpcTime:5057, electionTimeout:5057ms
2019-09-18 17:33:31,485 [Thread-2393] INFO  impl.RoleInfo (RoleInfo.java:shutdownFollowerState(121)) - b0d444e7-f95d-4287-9b32-254db5ea75d4: shutdown FollowerState
2019-09-18 17:33:31,485 [b33e0b3d-30a4-48e1-8053-e6b4064212ed@group-55C5CC990C40-SegmentedRaftLogWorker] INFO  segmented.SegmentedRaftLogWorker (SegmentedRaftLogWorker.java:execute(569)) - b33e0b3d-30a4-48e1-8053-e6b4064212ed@group-55C5CC990C40-SegmentedRaftLogWorker: created new log segment /workdir/hadoop-ozone/integration-test/target/test-dir/MiniOzoneClusterImpl-37195201-b030-4955-b08c-e60a1205ff04/datanode-2/data/ratis/d149c1b1-69b9-4d3b-b986-55c5cc990c40/current/log_inprogress_0
2019-09-18 17:33:31,485 [Thread-2393] INFO  impl.RaftServerImpl (RaftServerImpl.java:setRole(174)) - b0d444e7-f95d-4287-9b32-254db5ea75d4@group-4EB7BC42317B: changes role from  FOLLOWER to CANDIDATE at term 0 for changeToCandidate
2019-09-18 17:33:31,485 [2525c4b5-e4bc-48e7-b2d0-7f865c9a09c8@group-C2EA9E400192-SegmentedRaftLogWorker] INFO  segmented.SegmentedRaftLogWorker (SegmentedRaftLogWorker.java:execute(569)) - 2525c4b5-e4bc-48e7-b2d0-7f865c9a09c8@group-C2EA9E400192-SegmentedRaftLogWorker: created new log segment /workdir/hadoop-ozone/integration-test/target/test-dir/MiniOzoneClusterImpl-37195201-b030-4955-b08c-e60a1205ff04/datanode-1/data/ratis/3f4d5fa3-43ba-4089-88f0-c2ea9e400192/current/log_inprogress_0
2019-09-18 17:33:31,485 [Thread-2393] INFO  impl.RoleInfo (RoleInfo.java:updateAndGet(143)) - b0d444e7-f95d-4287-9b32-254db5ea75d4: start LeaderElection
2019-09-18 17:33:31,500 [b0d444e7-f95d-4287-9b32-254db5ea75d4@group-4EB7BC42317B:LeaderElection94] INFO  impl.LeaderElection (LeaderElection.java:askForVotes(182)) - b0d444e7-f95d-4287-9b32-254db5ea75d4@group-4EB7BC42317B:LeaderElection94: begin an election at term 1 for -1: [b0d444e7-f95d-4287-9b32-254db5ea75d4:192.168.5.155:45765], old=null
2019-09-18 17:33:31,500 [b0d444e7-f95d-4287-9b32-254db5ea75d4@group-4EB7BC42317B:LeaderElection94] INFO  impl.RoleInfo (RoleInfo.java:shutdownLeaderElection(134)) - b0d444e7-f95d-4287-9b32-254db5ea75d4: shutdown LeaderElection
2019-09-18 17:33:31,500 [b0d444e7-f95d-4287-9b32-254db5ea75d4@group-4EB7BC42317B:LeaderElection94] INFO  impl.RaftServerImpl (RaftServerImpl.java:setRole(174)) - b0d444e7-f95d-4287-9b32-254db5ea75d4@group-4EB7BC42317B: changes role from CANDIDATE to LEADER at term 1 for changeToLeader
2019-09-18 17:33:31,500 [b0d444e7-f95d-4287-9b32-254db5ea75d4@group-4EB7BC42317B:LeaderElection94] INFO  impl.RaftServerImpl (ServerState.java:setLeader(253)) - b0d444e7-f95d-4287-9b32-254db5ea75d4@group-4EB7BC42317B: change Leader from null to b0d444e7-f95d-4287-9b32-254db5ea75d4 at term 1 for becomeLeader, leader elected after 5079ms
2019-09-18 17:33:31,501 [b0d444e7-f95d-4287-9b32-254db5ea75d4@group-4EB7BC42317B:LeaderElection94] INFO  server.RaftServerConfigKeys (ConfUtils.java:logGet(43)) - raft.server.staging.catchup.gap = 1000 (default)
2019-09-18 17:33:31,501 [b0d444e7-f95d-4287-9b32-254db5ea75d4@group-4EB7BC42317B:LeaderElection94] INFO  server.RaftServerConfigKeys (ConfUtils.java:logGet(43)) - raft.server.rpc.sleep.time = 25ms (default)
2019-09-18 17:33:31,501 [b0d444e7-f95d-4287-9b32-254db5ea75d4@group-4EB7BC42317B:LeaderElection94] INFO  server.RaftServerConfigKeys (ConfUtils.java:logGet(43)) - raft.server.write.element-limit = 4096 (default)
2019-09-18 17:33:31,501 [b0d444e7-f95d-4287-9b32-254db5ea75d4@group-4EB7BC42317B:LeaderElection94] INFO  server.RaftServerConfigKeys (ConfUtils.java:logGet(43)) - raft.server.watch.timeout = 10s (default)
2019-09-18 17:33:31,501 [b0d444e7-f95d-4287-9b32-254db5ea75d4@group-4EB7BC42317B:LeaderElection94] INFO  server.RaftServerConfigKeys (ConfUtils.java:logGet(43)) - raft.server.watch.timeout.denomination = 1s (default)
2019-09-18 17:33:31,501 [b0d444e7-f95d-4287-9b32-254db5ea75d4@group-4EB7BC42317B:LeaderElection94] INFO  server.RaftServerConfigKeys (ConfUtils.java:logGet(43)) - raft.server.watch.element-limit = 65536 (default)
2019-09-18 17:33:31,503 [b0d444e7-f95d-4287-9b32-254db5ea75d4@group-4EB7BC42317B:LeaderElection94] INFO  impl.RoleInfo (RoleInfo.java:updateAndGet(143)) - b0d444e7-f95d-4287-9b32-254db5ea75d4: start LeaderState
2019-09-18 17:33:31,503 [b0d444e7-f95d-4287-9b32-254db5ea75d4@group-4EB7BC42317B:LeaderElection94] INFO  segmented.SegmentedRaftLogWorker (SegmentedRaftLogWorker.java:startLogSegment(380)) - b0d444e7-f95d-4287-9b32-254db5ea75d4@group-4EB7BC42317B-SegmentedRaftLogWorker: Starting segment from index:0
2019-09-18 17:33:31,504 [b0d444e7-f95d-4287-9b32-254db5ea75d4@group-4EB7BC42317B:LeaderElection94] INFO  impl.RaftServerImpl (ServerState.java:setRaftConf(354)) - b0d444e7-f95d-4287-9b32-254db5ea75d4@group-4EB7BC42317B: set configuration 0: [b0d444e7-f95d-4287-9b32-254db5ea75d4:192.168.5.155:45765], old=null at 0
2019-09-18 17:33:31,548 [Thread-2404] INFO  impl.FollowerState (FollowerState.java:run(106)) - 06886d8d-828f-4bd3-9da8-c3e3f0fe3bff:group-930CB84686E7 changes to CANDIDATE, lastRpcTime:5030, electionTimeout:5030ms
2019-09-18 17:33:31,548 [Thread-2404] INFO  impl.RoleInfo (RoleInfo.java:shutdownFollowerState(121)) - 06886d8d-828f-4bd3-9da8-c3e3f0fe3bff: shutdown FollowerState
2019-09-18 17:33:31,548 [b0d444e7-f95d-4287-9b32-254db5ea75d4@group-4EB7BC42317B-SegmentedRaftLogWorker] INFO  segmented.SegmentedRaftLogWorker (SegmentedRaftLogWorker.java:execute(569)) - b0d444e7-f95d-4287-9b32-254db5ea75d4@group-4EB7BC42317B-SegmentedRaftLogWorker: created new log segment /workdir/hadoop-ozone/integration-test/target/test-dir/MiniOzoneClusterImpl-37195201-b030-4955-b08c-e60a1205ff04/datanode-3/data/ratis/5851e7b6-9029-4d44-8f62-4eb7bc42317b/current/log_inprogress_0
2019-09-18 17:33:31,549 [Thread-2404] INFO  impl.RaftServerImpl (RaftServerImpl.java:setRole(174)) - 06886d8d-828f-4bd3-9da8-c3e3f0fe3bff@group-930CB84686E7: changes role from  FOLLOWER to CANDIDATE at term 0 for changeToCandidate
2019-09-18 17:33:31,549 [Thread-2404] INFO  impl.RoleInfo (RoleInfo.java:updateAndGet(143)) - 06886d8d-828f-4bd3-9da8-c3e3f0fe3bff: start LeaderElection
2019-09-18 17:33:31,565 [Thread-2399] INFO  impl.FollowerState (FollowerState.java:run(106)) - 8129a35d-d27c-49f3-8eb9-6cbb80484c62:group-930CB84686E7 changes to CANDIDATE, lastRpcTime:5060, electionTimeout:5060ms
2019-09-18 17:33:31,565 [Thread-2399] INFO  impl.RoleInfo (RoleInfo.java:shutdownFollowerState(121)) - 8129a35d-d27c-49f3-8eb9-6cbb80484c62: shutdown FollowerState
2019-09-18 17:33:31,565 [Thread-2399] INFO  impl.RaftServerImpl (RaftServerImpl.java:setRole(174)) - 8129a35d-d27c-49f3-8eb9-6cbb80484c62@group-930CB84686E7: changes role from  FOLLOWER to CANDIDATE at term 0 for changeToCandidate
2019-09-18 17:33:31,565 [Thread-2399] INFO  impl.RoleInfo (RoleInfo.java:updateAndGet(143)) - 8129a35d-d27c-49f3-8eb9-6cbb80484c62: start LeaderElection
2019-09-18 17:33:31,570 [06886d8d-828f-4bd3-9da8-c3e3f0fe3bff@group-930CB84686E7:LeaderElection95] INFO  impl.LeaderElection (LeaderElection.java:askForVotes(182)) - 06886d8d-828f-4bd3-9da8-c3e3f0fe3bff@group-930CB84686E7:LeaderElection95: begin an election at term 1 for -1: [06886d8d-828f-4bd3-9da8-c3e3f0fe3bff:192.168.5.155:45123, b0d444e7-f95d-4287-9b32-254db5ea75d4:192.168.5.155:45765, 8129a35d-d27c-49f3-8eb9-6cbb80484c62:192.168.5.155:41395], old=null
2019-09-18 17:33:31,575 [grpc-default-executor-9] INFO  impl.RaftServerImpl (RaftServerImpl.java:setRole(174)) - b0d444e7-f95d-4287-9b32-254db5ea75d4@group-930CB84686E7: changes role from  FOLLOWER to FOLLOWER at term 1 for recognizeCandidate:06886d8d-828f-4bd3-9da8-c3e3f0fe3bff
2019-09-18 17:33:31,575 [grpc-default-executor-9] INFO  impl.RoleInfo (RoleInfo.java:shutdownFollowerState(121)) - b0d444e7-f95d-4287-9b32-254db5ea75d4: shutdown FollowerState
2019-09-18 17:33:31,575 [grpc-default-executor-9] INFO  impl.RoleInfo (RoleInfo.java:updateAndGet(143)) - b0d444e7-f95d-4287-9b32-254db5ea75d4: start FollowerState
2019-09-18 17:33:31,575 [Thread-2403] INFO  impl.FollowerState (FollowerState.java:run(115)) - b0d444e7-f95d-4287-9b32-254db5ea75d4: FollowerState was interrupted: java.lang.InterruptedException: sleep interrupted
2019-09-18 17:33:31,609 [8129a35d-d27c-49f3-8eb9-6cbb80484c62@group-930CB84686E7:LeaderElection96] INFO  impl.LeaderElection (LeaderElection.java:askForVotes(182)) - 8129a35d-d27c-49f3-8eb9-6cbb80484c62@group-930CB84686E7:LeaderElection96: begin an election at term 1 for -1: [06886d8d-828f-4bd3-9da8-c3e3f0fe3bff:192.168.5.155:45123, b0d444e7-f95d-4287-9b32-254db5ea75d4:192.168.5.155:45765, 8129a35d-d27c-49f3-8eb9-6cbb80484c62:192.168.5.155:41395], old=null
2019-09-18 17:33:31,610 [06886d8d-828f-4bd3-9da8-c3e3f0fe3bff@group-930CB84686E7:LeaderElection95] INFO  impl.LeaderElection (LeaderElection.java:logAndReturn(56)) - 06886d8d-828f-4bd3-9da8-c3e3f0fe3bff@group-930CB84686E7:LeaderElection95: Election PASSED; received 2 response(s) [06886d8d-828f-4bd3-9da8-c3e3f0fe3bff<-b0d444e7-f95d-4287-9b32-254db5ea75d4#0:OK-t1, 06886d8d-828f-4bd3-9da8-c3e3f0fe3bff<-8129a35d-d27c-49f3-8eb9-6cbb80484c62#0:FAIL-t1] and 0 exception(s); 06886d8d-828f-4bd3-9da8-c3e3f0fe3bff@group-930CB84686E7:t1, leader=null, voted=06886d8d-828f-4bd3-9da8-c3e3f0fe3bff, raftlog=06886d8d-828f-4bd3-9da8-c3e3f0fe3bff@group-930CB84686E7-SegmentedRaftLog:OPENED:c-1,f-1,i0, conf=-1: [06886d8d-828f-4bd3-9da8-c3e3f0fe3bff:192.168.5.155:45123, b0d444e7-f95d-4287-9b32-254db5ea75d4:192.168.5.155:45765, 8129a35d-d27c-49f3-8eb9-6cbb80484c62:192.168.5.155:41395], old=null
2019-09-18 17:33:31,611 [06886d8d-828f-4bd3-9da8-c3e3f0fe3bff@group-930CB84686E7:LeaderElection95] INFO  impl.RoleInfo (RoleInfo.java:shutdownLeaderElection(134)) - 06886d8d-828f-4bd3-9da8-c3e3f0fe3bff: shutdown LeaderElection
2019-09-18 17:33:31,611 [06886d8d-828f-4bd3-9da8-c3e3f0fe3bff@group-930CB84686E7:LeaderElection95] INFO  impl.RaftServerImpl (RaftServerImpl.java:setRole(174)) - 06886d8d-828f-4bd3-9da8-c3e3f0fe3bff@group-930CB84686E7: changes role from CANDIDATE to LEADER at term 1 for changeToLeader
2019-09-18 17:33:31,611 [06886d8d-828f-4bd3-9da8-c3e3f0fe3bff@group-930CB84686E7:LeaderElection95] INFO  impl.RaftServerImpl (ServerState.java:setLeader(253)) - 06886d8d-828f-4bd3-9da8-c3e3f0fe3bff@group-930CB84686E7: change Leader from null to 06886d8d-828f-4bd3-9da8-c3e3f0fe3bff at term 1 for becomeLeader, leader elected after 5098ms
2019-09-18 17:33:31,611 [06886d8d-828f-4bd3-9da8-c3e3f0fe3bff@group-930CB84686E7:LeaderElection95] INFO  server.RaftServerConfigKeys (ConfUtils.java:logGet(43)) - raft.server.staging.catchup.gap = 1000 (default)
2019-09-18 17:33:31,611 [06886d8d-828f-4bd3-9da8-c3e3f0fe3bff@group-930CB84686E7:LeaderElection95] INFO  server.RaftServerConfigKeys (ConfUtils.java:logGet(43)) - raft.server.rpc.sleep.time = 25ms (default)
2019-09-18 17:33:31,611 [06886d8d-828f-4bd3-9da8-c3e3f0fe3bff@group-930CB84686E7:LeaderElection95] INFO  server.RaftServerConfigKeys (ConfUtils.java:logGet(43)) - raft.server.write.element-limit = 4096 (default)
2019-09-18 17:33:31,611 [06886d8d-828f-4bd3-9da8-c3e3f0fe3bff@group-930CB84686E7:LeaderElection95] INFO  server.RaftServerConfigKeys (ConfUtils.java:logGet(43)) - raft.server.watch.timeout = 10s (default)
2019-09-18 17:33:31,612 [06886d8d-828f-4bd3-9da8-c3e3f0fe3bff@group-930CB84686E7:LeaderElection95] INFO  server.RaftServerConfigKeys (ConfUtils.java:logGet(43)) - raft.server.watch.timeout.denomination = 1s (default)
2019-09-18 17:33:31,612 [06886d8d-828f-4bd3-9da8-c3e3f0fe3bff@group-930CB84686E7:LeaderElection95] INFO  server.RaftServerConfigKeys (ConfUtils.java:logGet(43)) - raft.server.watch.element-limit = 65536 (default)
2019-09-18 17:33:31,614 [06886d8d-828f-4bd3-9da8-c3e3f0fe3bff@group-930CB84686E7:LeaderElection95] INFO  server.RaftServerConfigKeys (ConfUtils.java:logGet(43)) - raft.server.log.appender.snapshot.chunk.size.max = 16MB (=16777216) (default)
2019-09-18 17:33:31,614 [06886d8d-828f-4bd3-9da8-c3e3f0fe3bff@group-930CB84686E7:LeaderElection95] INFO  server.RaftServerConfigKeys (ConfUtils.java:logGet(43)) - raft.server.log.appender.buffer.byte-limit = 33554432 (custom)
2019-09-18 17:33:31,614 [06886d8d-828f-4bd3-9da8-c3e3f0fe3bff@group-930CB84686E7:LeaderElection95] INFO  server.RaftServerConfigKeys (ConfUtils.java:logGet(43)) - raft.server.log.appender.buffer.element-limit = 1 (custom)
2019-09-18 17:33:31,614 [06886d8d-828f-4bd3-9da8-c3e3f0fe3bff@group-930CB84686E7:LeaderElection95] INFO  grpc.GrpcConfigKeys$Server (ConfUtils.java:logGet(43)) - raft.grpc.server.leader.outstanding.appends.max = 128 (default)
2019-09-18 17:33:31,615 [06886d8d-828f-4bd3-9da8-c3e3f0fe3bff@group-930CB84686E7:LeaderElection95] INFO  server.RaftServerConfigKeys (ConfUtils.java:logGet(43)) - raft.server.rpc.request.timeout = 3000ms (default)
2019-09-18 17:33:31,615 [06886d8d-828f-4bd3-9da8-c3e3f0fe3bff@group-930CB84686E7:LeaderElection95] INFO  server.RaftServerConfigKeys (ConfUtils.java:logGet(43)) - raft.server.log.appender.install.snapshot.enabled = false (custom)
2019-09-18 17:33:31,615 [06886d8d-828f-4bd3-9da8-c3e3f0fe3bff@group-930CB84686E7:LeaderElection95] INFO  server.RaftServerConfigKeys (ConfUtils.java:logGet(43)) - raft.server.log.appender.snapshot.chunk.size.max = 16MB (=16777216) (default)
2019-09-18 17:33:31,615 [06886d8d-828f-4bd3-9da8-c3e3f0fe3bff@group-930CB84686E7:LeaderElection95] INFO  server.RaftServerConfigKeys (ConfUtils.java:logGet(43)) - raft.server.log.appender.buffer.byte-limit = 33554432 (custom)
2019-09-18 17:33:31,615 [06886d8d-828f-4bd3-9da8-c3e3f0fe3bff@group-930CB84686E7:LeaderElection95] INFO  server.RaftServerConfigKeys (ConfUtils.java:logGet(43)) - raft.server.log.appender.buffer.element-limit = 1 (custom)
2019-09-18 17:33:31,616 [06886d8d-828f-4bd3-9da8-c3e3f0fe3bff@group-930CB84686E7:LeaderElection95] INFO  grpc.GrpcConfigKeys$Server (ConfUtils.java:logGet(43)) - raft.grpc.server.leader.outstanding.appends.max = 128 (default)
2019-09-18 17:33:31,616 [06886d8d-828f-4bd3-9da8-c3e3f0fe3bff@group-930CB84686E7:LeaderElection95] INFO  server.RaftServerConfigKeys (ConfUtils.java:logGet(43)) - raft.server.rpc.request.timeout = 3000ms (default)
2019-09-18 17:33:31,616 [06886d8d-828f-4bd3-9da8-c3e3f0fe3bff@group-930CB84686E7:LeaderElection95] INFO  server.RaftServerConfigKeys (ConfUtils.java:logGet(43)) - raft.server.log.appender.install.snapshot.enabled = false (custom)
2019-09-18 17:33:31,616 [06886d8d-828f-4bd3-9da8-c3e3f0fe3bff@group-930CB84686E7:LeaderElection95] INFO  impl.RoleInfo (RoleInfo.java:updateAndGet(143)) - 06886d8d-828f-4bd3-9da8-c3e3f0fe3bff: start LeaderState
2019-09-18 17:33:31,616 [06886d8d-828f-4bd3-9da8-c3e3f0fe3bff@group-930CB84686E7:LeaderElection95] INFO  segmented.SegmentedRaftLogWorker (SegmentedRaftLogWorker.java:startLogSegment(380)) - 06886d8d-828f-4bd3-9da8-c3e3f0fe3bff@group-930CB84686E7-SegmentedRaftLogWorker: Starting segment from index:0
2019-09-18 17:33:31,617 [06886d8d-828f-4bd3-9da8-c3e3f0fe3bff@group-930CB84686E7:LeaderElection95] INFO  impl.RaftServerImpl (ServerState.java:setRaftConf(354)) - 06886d8d-828f-4bd3-9da8-c3e3f0fe3bff@group-930CB84686E7: set configuration 0: [06886d8d-828f-4bd3-9da8-c3e3f0fe3bff:192.168.5.155:45123, b0d444e7-f95d-4287-9b32-254db5ea75d4:192.168.5.155:45765, 8129a35d-d27c-49f3-8eb9-6cbb80484c62:192.168.5.155:41395], old=null at 0
2019-09-18 17:33:31,650 [grpc-default-executor-3] INFO  impl.RaftServerImpl (RaftServerImpl.java:requestVote(758)) - 06886d8d-828f-4bd3-9da8-c3e3f0fe3bff@group-930CB84686E7-   LEADER: Withhold vote from candidate 8129a35d-d27c-49f3-8eb9-6cbb80484c62 with term 1. State: leader=06886d8d-828f-4bd3-9da8-c3e3f0fe3bff, term=1, lastRpcElapsed=null
2019-09-18 17:33:31,663 [Thread-2396] INFO  impl.FollowerState (FollowerState.java:run(106)) - 8129a35d-d27c-49f3-8eb9-6cbb80484c62:group-BCD7B41250C9 changes to CANDIDATE, lastRpcTime:5198, electionTimeout:5197ms
2019-09-18 17:33:31,663 [Thread-2396] INFO  impl.RoleInfo (RoleInfo.java:shutdownFollowerState(121)) - 8129a35d-d27c-49f3-8eb9-6cbb80484c62: shutdown FollowerState
2019-09-18 17:33:31,665 [grpc-default-executor-3] INFO  impl.RaftServerImpl (ServerState.java:setLeader(253)) - b0d444e7-f95d-4287-9b32-254db5ea75d4@group-930CB84686E7: change Leader from null to 06886d8d-828f-4bd3-9da8-c3e3f0fe3bff at term 1 for appendEntries, leader elected after 5152ms
2019-09-18 17:33:31,665 [Thread-2396] INFO  impl.RaftServerImpl (RaftServerImpl.java:setRole(174)) - 8129a35d-d27c-49f3-8eb9-6cbb80484c62@group-BCD7B41250C9: changes role from  FOLLOWER to CANDIDATE at term 0 for changeToCandidate
2019-09-18 17:33:31,665 [grpc-default-executor-9] INFO  impl.RaftServerImpl (RaftServerImpl.java:setRole(174)) - 8129a35d-d27c-49f3-8eb9-6cbb80484c62@group-930CB84686E7: changes role from CANDIDATE to FOLLOWER at term 1 for appendEntries
2019-09-18 17:33:31,665 [Thread-2396] INFO  impl.RoleInfo (RoleInfo.java:updateAndGet(143)) - 8129a35d-d27c-49f3-8eb9-6cbb80484c62: start LeaderElection
2019-09-18 17:33:31,665 [8129a35d-d27c-49f3-8eb9-6cbb80484c62@group-930CB84686E7:LeaderElection96] INFO  impl.LeaderElection (LeaderElection.java:logAndReturn(56)) - 8129a35d-d27c-49f3-8eb9-6cbb80484c62@group-930CB84686E7:LeaderElection96: Election REJECTED; received 2 response(s) [8129a35d-d27c-49f3-8eb9-6cbb80484c62<-06886d8d-828f-4bd3-9da8-c3e3f0fe3bff#0:FAIL-t1, 8129a35d-d27c-49f3-8eb9-6cbb80484c62<-b0d444e7-f95d-4287-9b32-254db5ea75d4#0:FAIL-t1] and 0 exception(s); 8129a35d-d27c-49f3-8eb9-6cbb80484c62@group-930CB84686E7:t1, leader=null, voted=8129a35d-d27c-49f3-8eb9-6cbb80484c62, raftlog=8129a35d-d27c-49f3-8eb9-6cbb80484c62@group-930CB84686E7-SegmentedRaftLog:OPENED:c-1,f-1,i0, conf=-1: [06886d8d-828f-4bd3-9da8-c3e3f0fe3bff:192.168.5.155:45123, b0d444e7-f95d-4287-9b32-254db5ea75d4:192.168.5.155:45765, 8129a35d-d27c-49f3-8eb9-6cbb80484c62:192.168.5.155:41395], old=null
2019-09-18 17:33:31,666 [grpc-default-executor-9] INFO  impl.RoleInfo (RoleInfo.java:shutdownLeaderElection(134)) - 8129a35d-d27c-49f3-8eb9-6cbb80484c62: shutdown LeaderElection
2019-09-18 17:33:31,670 [06886d8d-828f-4bd3-9da8-c3e3f0fe3bff@group-930CB84686E7-SegmentedRaftLogWorker] INFO  segmented.SegmentedRaftLogWorker (SegmentedRaftLogWorker.java:execute(569)) - 06886d8d-828f-4bd3-9da8-c3e3f0fe3bff@group-930CB84686E7-SegmentedRaftLogWorker: created new log segment /workdir/hadoop-ozone/integration-test/target/test-dir/MiniOzoneClusterImpl-37195201-b030-4955-b08c-e60a1205ff04/datanode-0/data/ratis/0773c8a8-911a-4f2f-a99e-930cb84686e7/current/log_inprogress_0
2019-09-18 17:33:31,670 [grpc-default-executor-9] INFO  impl.RoleInfo (RoleInfo.java:updateAndGet(143)) - 8129a35d-d27c-49f3-8eb9-6cbb80484c62: start FollowerState
2019-09-18 17:33:31,671 [grpc-default-executor-9] INFO  impl.RaftServerImpl (ServerState.java:setLeader(253)) - 8129a35d-d27c-49f3-8eb9-6cbb80484c62@group-930CB84686E7: change Leader from null to 06886d8d-828f-4bd3-9da8-c3e3f0fe3bff at term 1 for appendEntries, leader elected after 5171ms
2019-09-18 17:33:31,672 [grpc-default-executor-3] INFO  impl.RaftServerImpl (ServerState.java:setRaftConf(354)) - b0d444e7-f95d-4287-9b32-254db5ea75d4@group-930CB84686E7: set configuration 0: [06886d8d-828f-4bd3-9da8-c3e3f0fe3bff:192.168.5.155:45123, b0d444e7-f95d-4287-9b32-254db5ea75d4:192.168.5.155:45765, 8129a35d-d27c-49f3-8eb9-6cbb80484c62:192.168.5.155:41395], old=null at 0
2019-09-18 17:33:31,673 [grpc-default-executor-3] INFO  segmented.SegmentedRaftLogWorker (SegmentedRaftLogWorker.java:startLogSegment(380)) - b0d444e7-f95d-4287-9b32-254db5ea75d4@group-930CB84686E7-SegmentedRaftLogWorker: Starting segment from index:0
2019-09-18 17:33:31,673 [grpc-default-executor-9] INFO  impl.RaftServerImpl (ServerState.java:setRaftConf(354)) - 8129a35d-d27c-49f3-8eb9-6cbb80484c62@group-930CB84686E7: set configuration 0: [06886d8d-828f-4bd3-9da8-c3e3f0fe3bff:192.168.5.155:45123, b0d444e7-f95d-4287-9b32-254db5ea75d4:192.168.5.155:45765, 8129a35d-d27c-49f3-8eb9-6cbb80484c62:192.168.5.155:41395], old=null at 0
2019-09-18 17:33:31,673 [grpc-default-executor-9] INFO  segmented.SegmentedRaftLogWorker (SegmentedRaftLogWorker.java:startLogSegment(380)) - 8129a35d-d27c-49f3-8eb9-6cbb80484c62@group-930CB84686E7-SegmentedRaftLogWorker: Starting segment from index:0
2019-09-18 17:33:31,696 [8129a35d-d27c-49f3-8eb9-6cbb80484c62@group-BCD7B41250C9:LeaderElection97] INFO  impl.LeaderElection (LeaderElection.java:askForVotes(182)) - 8129a35d-d27c-49f3-8eb9-6cbb80484c62@group-BCD7B41250C9:LeaderElection97: begin an election at term 1 for -1: [8129a35d-d27c-49f3-8eb9-6cbb80484c62:192.168.5.155:41395], old=null
2019-09-18 17:33:31,696 [8129a35d-d27c-49f3-8eb9-6cbb80484c62@group-BCD7B41250C9:LeaderElection97] INFO  impl.RoleInfo (RoleInfo.java:shutdownLeaderElection(134)) - 8129a35d-d27c-49f3-8eb9-6cbb80484c62: shutdown LeaderElection
2019-09-18 17:33:31,696 [8129a35d-d27c-49f3-8eb9-6cbb80484c62@group-BCD7B41250C9:LeaderElection97] INFO  impl.RaftServerImpl (RaftServerImpl.java:setRole(174)) - 8129a35d-d27c-49f3-8eb9-6cbb80484c62@group-BCD7B41250C9: changes role from CANDIDATE to LEADER at term 1 for changeToLeader
2019-09-18 17:33:31,696 [8129a35d-d27c-49f3-8eb9-6cbb80484c62@group-BCD7B41250C9:LeaderElection97] INFO  impl.RaftServerImpl (ServerState.java:setLeader(253)) - 8129a35d-d27c-49f3-8eb9-6cbb80484c62@group-BCD7B41250C9: change Leader from null to 8129a35d-d27c-49f3-8eb9-6cbb80484c62 at term 1 for becomeLeader, leader elected after 5237ms
2019-09-18 17:33:31,697 [8129a35d-d27c-49f3-8eb9-6cbb80484c62@group-BCD7B41250C9:LeaderElection97] INFO  server.RaftServerConfigKeys (ConfUtils.java:logGet(43)) - raft.server.staging.catchup.gap = 1000 (default)
2019-09-18 17:33:31,697 [8129a35d-d27c-49f3-8eb9-6cbb80484c62@group-BCD7B41250C9:LeaderElection97] INFO  server.RaftServerConfigKeys (ConfUtils.java:logGet(43)) - raft.server.rpc.sleep.time = 25ms (default)
2019-09-18 17:33:31,697 [8129a35d-d27c-49f3-8eb9-6cbb80484c62@group-BCD7B41250C9:LeaderElection97] INFO  server.RaftServerConfigKeys (ConfUtils.java:logGet(43)) - raft.server.write.element-limit = 4096 (default)
2019-09-18 17:33:31,697 [8129a35d-d27c-49f3-8eb9-6cbb80484c62@group-BCD7B41250C9:LeaderElection97] INFO  server.RaftServerConfigKeys (ConfUtils.java:logGet(43)) - raft.server.watch.timeout = 10s (default)
2019-09-18 17:33:31,697 [8129a35d-d27c-49f3-8eb9-6cbb80484c62@group-BCD7B41250C9:LeaderElection97] INFO  server.RaftServerConfigKeys (ConfUtils.java:logGet(43)) - raft.server.watch.timeout.denomination = 1s (default)
2019-09-18 17:33:31,698 [8129a35d-d27c-49f3-8eb9-6cbb80484c62@group-BCD7B41250C9:LeaderElection97] INFO  server.RaftServerConfigKeys (ConfUtils.java:logGet(43)) - raft.server.watch.element-limit = 65536 (default)
2019-09-18 17:33:31,701 [8129a35d-d27c-49f3-8eb9-6cbb80484c62@group-BCD7B41250C9:LeaderElection97] INFO  impl.RoleInfo (RoleInfo.java:updateAndGet(143)) - 8129a35d-d27c-49f3-8eb9-6cbb80484c62: start LeaderState
2019-09-18 17:33:31,701 [8129a35d-d27c-49f3-8eb9-6cbb80484c62@group-BCD7B41250C9:LeaderElection97] INFO  segmented.SegmentedRaftLogWorker (SegmentedRaftLogWorker.java:startLogSegment(380)) - 8129a35d-d27c-49f3-8eb9-6cbb80484c62@group-BCD7B41250C9-SegmentedRaftLogWorker: Starting segment from index:0
2019-09-18 17:33:31,702 [8129a35d-d27c-49f3-8eb9-6cbb80484c62@group-BCD7B41250C9:LeaderElection97] INFO  impl.RaftServerImpl (ServerState.java:setRaftConf(354)) - 8129a35d-d27c-49f3-8eb9-6cbb80484c62@group-BCD7B41250C9: set configuration 0: [8129a35d-d27c-49f3-8eb9-6cbb80484c62:192.168.5.155:41395], old=null at 0
2019-09-18 17:33:31,728 [b0d444e7-f95d-4287-9b32-254db5ea75d4@group-930CB84686E7-SegmentedRaftLogWorker] INFO  segmented.SegmentedRaftLogWorker (SegmentedRaftLogWorker.java:execute(569)) - b0d444e7-f95d-4287-9b32-254db5ea75d4@group-930CB84686E7-SegmentedRaftLogWorker: created new log segment /workdir/hadoop-ozone/integration-test/target/test-dir/MiniOzoneClusterImpl-37195201-b030-4955-b08c-e60a1205ff04/datanode-3/data/ratis/0773c8a8-911a-4f2f-a99e-930cb84686e7/current/log_inprogress_0
2019-09-18 17:33:31,728 [8129a35d-d27c-49f3-8eb9-6cbb80484c62@group-930CB84686E7-SegmentedRaftLogWorker] INFO  segmented.SegmentedRaftLogWorker (SegmentedRaftLogWorker.java:execute(569)) - 8129a35d-d27c-49f3-8eb9-6cbb80484c62@group-930CB84686E7-SegmentedRaftLogWorker: created new log segment /workdir/hadoop-ozone/integration-test/target/test-dir/MiniOzoneClusterImpl-37195201-b030-4955-b08c-e60a1205ff04/datanode-4/data/ratis/0773c8a8-911a-4f2f-a99e-930cb84686e7/current/log_inprogress_0
2019-09-18 17:33:31,756 [8129a35d-d27c-49f3-8eb9-6cbb80484c62@group-BCD7B41250C9-SegmentedRaftLogWorker] INFO  segmented.SegmentedRaftLogWorker (SegmentedRaftLogWorker.java:execute(569)) - 8129a35d-d27c-49f3-8eb9-6cbb80484c62@group-BCD7B41250C9-SegmentedRaftLogWorker: created new log segment /workdir/hadoop-ozone/integration-test/target/test-dir/MiniOzoneClusterImpl-37195201-b030-4955-b08c-e60a1205ff04/datanode-4/data/ratis/2249dcec-c3fd-4259-b9dd-bcd7b41250c9/current/log_inprogress_0
2019-09-18 17:33:32,083 [grpc-default-executor-9] INFO  client.GrpcClientProtocolClient (GrpcClientProtocolClient.java:onNext(264)) - client-31620CA72C66->b0d444e7-f95d-4287-9b32-254db5ea75d4: receive RaftClientReply:client-31620CA72C66->b0d444e7-f95d-4287-9b32-254db5ea75d4@group-930CB84686E7, cid=103, FAILED org.apache.ratis.protocol.NotLeaderException: Server b0d444e7-f95d-4287-9b32-254db5ea75d4@group-930CB84686E7 is not the leader 06886d8d-828f-4bd3-9da8-c3e3f0fe3bff:192.168.5.155:45123, logIndex=0, commits[b0d444e7-f95d-4287-9b32-254db5ea75d4:c-1, 06886d8d-828f-4bd3-9da8-c3e3f0fe3bff:c-1, 8129a35d-d27c-49f3-8eb9-6cbb80484c62:c-1]
2019-09-18 17:33:32,154 [Thread-2408] INFO  impl.FollowerState (FollowerState.java:run(106)) - f7ded12f-b106-4311-ba8e-05cbcd2a9ba4:group-E0D52E0F0C38 changes to CANDIDATE, lastRpcTime:5136, electionTimeout:5136ms
2019-09-18 17:33:32,154 [Thread-2408] INFO  impl.RoleInfo (RoleInfo.java:shutdownFollowerState(121)) - f7ded12f-b106-4311-ba8e-05cbcd2a9ba4: shutdown FollowerState
2019-09-18 17:33:32,154 [Thread-2408] INFO  impl.RaftServerImpl (RaftServerImpl.java:setRole(174)) - f7ded12f-b106-4311-ba8e-05cbcd2a9ba4@group-E0D52E0F0C38: changes role from  FOLLOWER to CANDIDATE at term 0 for changeToCandidate
2019-09-18 17:33:32,155 [Thread-2408] INFO  impl.RoleInfo (RoleInfo.java:updateAndGet(143)) - f7ded12f-b106-4311-ba8e-05cbcd2a9ba4: start LeaderElection
2019-09-18 17:33:32,186 [f7ded12f-b106-4311-ba8e-05cbcd2a9ba4@group-E0D52E0F0C38:LeaderElection98] INFO  impl.LeaderElection (LeaderElection.java:askForVotes(182)) - f7ded12f-b106-4311-ba8e-05cbcd2a9ba4@group-E0D52E0F0C38:LeaderElection98: begin an election at term 1 for -1: [f7ded12f-b106-4311-ba8e-05cbcd2a9ba4:192.168.5.155:41909], old=null
2019-09-18 17:33:32,186 [f7ded12f-b106-4311-ba8e-05cbcd2a9ba4@group-E0D52E0F0C38:LeaderElection98] INFO  impl.RoleInfo (RoleInfo.java:shutdownLeaderElection(134)) - f7ded12f-b106-4311-ba8e-05cbcd2a9ba4: shutdown LeaderElection
2019-09-18 17:33:32,186 [f7ded12f-b106-4311-ba8e-05cbcd2a9ba4@group-E0D52E0F0C38:LeaderElection98] INFO  impl.RaftServerImpl (RaftServerImpl.java:setRole(174)) - f7ded12f-b106-4311-ba8e-05cbcd2a9ba4@group-E0D52E0F0C38: changes role from CANDIDATE to LEADER at term 1 for changeToLeader
2019-09-18 17:33:32,186 [f7ded12f-b106-4311-ba8e-05cbcd2a9ba4@group-E0D52E0F0C38:LeaderElection98] INFO  impl.RaftServerImpl (ServerState.java:setLeader(253)) - f7ded12f-b106-4311-ba8e-05cbcd2a9ba4@group-E0D52E0F0C38: change Leader from null to f7ded12f-b106-4311-ba8e-05cbcd2a9ba4 at term 1 for becomeLeader, leader elected after 5177ms
2019-09-18 17:33:32,187 [f7ded12f-b106-4311-ba8e-05cbcd2a9ba4@group-E0D52E0F0C38:LeaderElection98] INFO  server.RaftServerConfigKeys (ConfUtils.java:logGet(43)) - raft.server.staging.catchup.gap = 1000 (default)
2019-09-18 17:33:32,187 [f7ded12f-b106-4311-ba8e-05cbcd2a9ba4@group-E0D52E0F0C38:LeaderElection98] INFO  server.RaftServerConfigKeys (ConfUtils.java:logGet(43)) - raft.server.rpc.sleep.time = 25ms (default)
2019-09-18 17:33:32,187 [f7ded12f-b106-4311-ba8e-05cbcd2a9ba4@group-E0D52E0F0C38:LeaderElection98] INFO  server.RaftServerConfigKeys (ConfUtils.java:logGet(43)) - raft.server.write.element-limit = 4096 (default)
2019-09-18 17:33:32,187 [f7ded12f-b106-4311-ba8e-05cbcd2a9ba4@group-E0D52E0F0C38:LeaderElection98] INFO  server.RaftServerConfigKeys (ConfUtils.java:logGet(43)) - raft.server.watch.timeout = 10s (default)
2019-09-18 17:33:32,187 [f7ded12f-b106-4311-ba8e-05cbcd2a9ba4@group-E0D52E0F0C38:LeaderElection98] INFO  server.RaftServerConfigKeys (ConfUtils.java:logGet(43)) - raft.server.watch.timeout.denomination = 1s (default)
2019-09-18 17:33:32,187 [f7ded12f-b106-4311-ba8e-05cbcd2a9ba4@group-E0D52E0F0C38:LeaderElection98] INFO  server.RaftServerConfigKeys (ConfUtils.java:logGet(43)) - raft.server.watch.element-limit = 65536 (default)
2019-09-18 17:33:32,188 [f7ded12f-b106-4311-ba8e-05cbcd2a9ba4@group-E0D52E0F0C38:LeaderElection98] INFO  impl.RoleInfo (RoleInfo.java:updateAndGet(143)) - f7ded12f-b106-4311-ba8e-05cbcd2a9ba4: start LeaderState
2019-09-18 17:33:32,188 [f7ded12f-b106-4311-ba8e-05cbcd2a9ba4@group-E0D52E0F0C38:LeaderElection98] INFO  segmented.SegmentedRaftLogWorker (SegmentedRaftLogWorker.java:startLogSegment(380)) - f7ded12f-b106-4311-ba8e-05cbcd2a9ba4@group-E0D52E0F0C38-SegmentedRaftLogWorker: Starting segment from index:0
2019-09-18 17:33:32,189 [f7ded12f-b106-4311-ba8e-05cbcd2a9ba4@group-E0D52E0F0C38:LeaderElection98] INFO  impl.RaftServerImpl (ServerState.java:setRaftConf(354)) - f7ded12f-b106-4311-ba8e-05cbcd2a9ba4@group-E0D52E0F0C38: set configuration 0: [f7ded12f-b106-4311-ba8e-05cbcd2a9ba4:192.168.5.155:41909], old=null at 0
2019-09-18 17:33:32,197 [Thread-2411] INFO  impl.FollowerState (FollowerState.java:run(106)) - 7c40858b-12cf-41a9-a51d-322a119afb7c:group-3832F3BBB6BA changes to CANDIDATE, lastRpcTime:5130, electionTimeout:5130ms
2019-09-18 17:33:32,198 [Thread-2411] INFO  impl.RoleInfo (RoleInfo.java:shutdownFollowerState(121)) - 7c40858b-12cf-41a9-a51d-322a119afb7c: shutdown FollowerState
2019-09-18 17:33:32,198 [Thread-2411] INFO  impl.RaftServerImpl (RaftServerImpl.java:setRole(174)) - 7c40858b-12cf-41a9-a51d-322a119afb7c@group-3832F3BBB6BA: changes role from  FOLLOWER to CANDIDATE at term 0 for changeToCandidate
2019-09-18 17:33:32,198 [Thread-2411] INFO  impl.RoleInfo (RoleInfo.java:updateAndGet(143)) - 7c40858b-12cf-41a9-a51d-322a119afb7c: start LeaderElection
2019-09-18 17:33:32,233 [Thread-2415] INFO  impl.FollowerState (FollowerState.java:run(106)) - f7ded12f-b106-4311-ba8e-05cbcd2a9ba4:group-B4D9B5EFE72E changes to CANDIDATE, lastRpcTime:5073, electionTimeout:5065ms
2019-09-18 17:33:32,233 [Thread-2415] INFO  impl.RoleInfo (RoleInfo.java:shutdownFollowerState(121)) - f7ded12f-b106-4311-ba8e-05cbcd2a9ba4: shutdown FollowerState
2019-09-18 17:33:32,233 [Thread-2415] INFO  impl.RaftServerImpl (RaftServerImpl.java:setRole(174)) - f7ded12f-b106-4311-ba8e-05cbcd2a9ba4@group-B4D9B5EFE72E: changes role from  FOLLOWER to CANDIDATE at term 0 for changeToCandidate
2019-09-18 17:33:32,235 [Thread-2415] INFO  impl.RoleInfo (RoleInfo.java:updateAndGet(143)) - f7ded12f-b106-4311-ba8e-05cbcd2a9ba4: start LeaderElection
2019-09-18 17:33:32,263 [f7ded12f-b106-4311-ba8e-05cbcd2a9ba4@group-E0D52E0F0C38-SegmentedRaftLogWorker] INFO  segmented.SegmentedRaftLogWorker (SegmentedRaftLogWorker.java:execute(569)) - f7ded12f-b106-4311-ba8e-05cbcd2a9ba4@group-E0D52E0F0C38-SegmentedRaftLogWorker: created new log segment /workdir/hadoop-ozone/integration-test/target/test-dir/MiniOzoneClusterImpl-37195201-b030-4955-b08c-e60a1205ff04/datanode-5/data/ratis/1aeb9ddd-68d8-4ddf-aedb-e0d52e0f0c38/current/log_inprogress_0
2019-09-18 17:33:32,263 [f7ded12f-b106-4311-ba8e-05cbcd2a9ba4@group-B4D9B5EFE72E:LeaderElection100] INFO  impl.LeaderElection (LeaderElection.java:askForVotes(182)) - f7ded12f-b106-4311-ba8e-05cbcd2a9ba4@group-B4D9B5EFE72E:LeaderElection100: begin an election at term 1 for -1: [b33e0b3d-30a4-48e1-8053-e6b4064212ed:192.168.5.155:40438, f7ded12f-b106-4311-ba8e-05cbcd2a9ba4:192.168.5.155:41909, 7c40858b-12cf-41a9-a51d-322a119afb7c:192.168.5.155:35699], old=null
2019-09-18 17:33:32,263 [7c40858b-12cf-41a9-a51d-322a119afb7c@group-3832F3BBB6BA:LeaderElection99] INFO  impl.LeaderElection (LeaderElection.java:askForVotes(182)) - 7c40858b-12cf-41a9-a51d-322a119afb7c@group-3832F3BBB6BA:LeaderElection99: begin an election at term 1 for -1: [7c40858b-12cf-41a9-a51d-322a119afb7c:192.168.5.155:35699], old=null
2019-09-18 17:33:32,263 [7c40858b-12cf-41a9-a51d-322a119afb7c@group-3832F3BBB6BA:LeaderElection99] INFO  impl.RoleInfo (RoleInfo.java:shutdownLeaderElection(134)) - 7c40858b-12cf-41a9-a51d-322a119afb7c: shutdown LeaderElection
2019-09-18 17:33:32,263 [7c40858b-12cf-41a9-a51d-322a119afb7c@group-3832F3BBB6BA:LeaderElection99] INFO  impl.RaftServerImpl (RaftServerImpl.java:setRole(174)) - 7c40858b-12cf-41a9-a51d-322a119afb7c@group-3832F3BBB6BA: changes role from CANDIDATE to LEADER at term 1 for changeToLeader
2019-09-18 17:33:32,264 [7c40858b-12cf-41a9-a51d-322a119afb7c@group-3832F3BBB6BA:LeaderElection99] INFO  impl.RaftServerImpl (ServerState.java:setLeader(253)) - 7c40858b-12cf-41a9-a51d-322a119afb7c@group-3832F3BBB6BA: change Leader from null to 7c40858b-12cf-41a9-a51d-322a119afb7c at term 1 for becomeLeader, leader elected after 5203ms
2019-09-18 17:33:32,264 [7c40858b-12cf-41a9-a51d-322a119afb7c@group-3832F3BBB6BA:LeaderElection99] INFO  server.RaftServerConfigKeys (ConfUtils.java:logGet(43)) - raft.server.staging.catchup.gap = 1000 (default)
2019-09-18 17:33:32,264 [7c40858b-12cf-41a9-a51d-322a119afb7c@group-3832F3BBB6BA:LeaderElection99] INFO  server.RaftServerConfigKeys (ConfUtils.java:logGet(43)) - raft.server.rpc.sleep.time = 25ms (default)
2019-09-18 17:33:32,264 [7c40858b-12cf-41a9-a51d-322a119afb7c@group-3832F3BBB6BA:LeaderElection99] INFO  server.RaftServerConfigKeys (ConfUtils.java:logGet(43)) - raft.server.write.element-limit = 4096 (default)
2019-09-18 17:33:32,264 [7c40858b-12cf-41a9-a51d-322a119afb7c@group-3832F3BBB6BA:LeaderElection99] INFO  server.RaftServerConfigKeys (ConfUtils.java:logGet(43)) - raft.server.watch.timeout = 10s (default)
2019-09-18 17:33:32,264 [7c40858b-12cf-41a9-a51d-322a119afb7c@group-3832F3BBB6BA:LeaderElection99] INFO  server.RaftServerConfigKeys (ConfUtils.java:logGet(43)) - raft.server.watch.timeout.denomination = 1s (default)
2019-09-18 17:33:32,265 [7c40858b-12cf-41a9-a51d-322a119afb7c@group-3832F3BBB6BA:LeaderElection99] INFO  server.RaftServerConfigKeys (ConfUtils.java:logGet(43)) - raft.server.watch.element-limit = 65536 (default)
2019-09-18 17:33:32,269 [grpc-default-executor-9] INFO  impl.RaftServerImpl (RaftServerImpl.java:setRole(174)) - b33e0b3d-30a4-48e1-8053-e6b4064212ed@group-B4D9B5EFE72E: changes role from  FOLLOWER to FOLLOWER at term 1 for recognizeCandidate:f7ded12f-b106-4311-ba8e-05cbcd2a9ba4
2019-09-18 17:33:32,272 [grpc-default-executor-9] INFO  impl.RoleInfo (RoleInfo.java:shutdownFollowerState(121)) - b33e0b3d-30a4-48e1-8053-e6b4064212ed: shutdown FollowerState
2019-09-18 17:33:32,272 [grpc-default-executor-3] INFO  impl.RaftServerImpl (RaftServerImpl.java:setRole(174)) - 7c40858b-12cf-41a9-a51d-322a119afb7c@group-B4D9B5EFE72E: changes role from  FOLLOWER to FOLLOWER at term 1 for recognizeCandidate:f7ded12f-b106-4311-ba8e-05cbcd2a9ba4
2019-09-18 17:33:32,273 [grpc-default-executor-9] INFO  impl.RoleInfo (RoleInfo.java:updateAndGet(143)) - b33e0b3d-30a4-48e1-8053-e6b4064212ed: start FollowerState
2019-09-18 17:33:32,273 [Thread-2418] INFO  impl.FollowerState (FollowerState.java:run(115)) - b33e0b3d-30a4-48e1-8053-e6b4064212ed: FollowerState was interrupted: java.lang.InterruptedException: sleep interrupted
2019-09-18 17:33:32,273 [grpc-default-executor-3] INFO  impl.RoleInfo (RoleInfo.java:shutdownFollowerState(121)) - 7c40858b-12cf-41a9-a51d-322a119afb7c: shutdown FollowerState
2019-09-18 17:33:32,273 [grpc-default-executor-3] INFO  impl.RoleInfo (RoleInfo.java:updateAndGet(143)) - 7c40858b-12cf-41a9-a51d-322a119afb7c: start FollowerState
2019-09-18 17:33:32,274 [7c40858b-12cf-41a9-a51d-322a119afb7c@group-3832F3BBB6BA:LeaderElection99] INFO  impl.RoleInfo (RoleInfo.java:updateAndGet(143)) - 7c40858b-12cf-41a9-a51d-322a119afb7c: start LeaderState
2019-09-18 17:33:32,274 [7c40858b-12cf-41a9-a51d-322a119afb7c@group-3832F3BBB6BA:LeaderElection99] INFO  segmented.SegmentedRaftLogWorker (SegmentedRaftLogWorker.java:startLogSegment(380)) - 7c40858b-12cf-41a9-a51d-322a119afb7c@group-3832F3BBB6BA-SegmentedRaftLogWorker: Starting segment from index:0
2019-09-18 17:33:32,274 [7c40858b-12cf-41a9-a51d-322a119afb7c@group-3832F3BBB6BA:LeaderElection99] INFO  impl.RaftServerImpl (ServerState.java:setRaftConf(354)) - 7c40858b-12cf-41a9-a51d-322a119afb7c@group-3832F3BBB6BA: set configuration 0: [7c40858b-12cf-41a9-a51d-322a119afb7c:192.168.5.155:35699], old=null at 0
2019-09-18 17:33:32,306 [f7ded12f-b106-4311-ba8e-05cbcd2a9ba4@group-B4D9B5EFE72E:LeaderElection100] INFO  impl.LeaderElection (LeaderElection.java:logAndReturn(56)) - f7ded12f-b106-4311-ba8e-05cbcd2a9ba4@group-B4D9B5EFE72E:LeaderElection100: Election PASSED; received 1 response(s) [f7ded12f-b106-4311-ba8e-05cbcd2a9ba4<-b33e0b3d-30a4-48e1-8053-e6b4064212ed#0:OK-t1] and 0 exception(s); f7ded12f-b106-4311-ba8e-05cbcd2a9ba4@group-B4D9B5EFE72E:t1, leader=null, voted=f7ded12f-b106-4311-ba8e-05cbcd2a9ba4, raftlog=f7ded12f-b106-4311-ba8e-05cbcd2a9ba4@group-B4D9B5EFE72E-SegmentedRaftLog:OPENED:c-1,f-1,i0, conf=-1: [b33e0b3d-30a4-48e1-8053-e6b4064212ed:192.168.5.155:40438, f7ded12f-b106-4311-ba8e-05cbcd2a9ba4:192.168.5.155:41909, 7c40858b-12cf-41a9-a51d-322a119afb7c:192.168.5.155:35699], old=null
2019-09-18 17:33:32,306 [f7ded12f-b106-4311-ba8e-05cbcd2a9ba4@group-B4D9B5EFE72E:LeaderElection100] INFO  impl.RoleInfo (RoleInfo.java:shutdownLeaderElection(134)) - f7ded12f-b106-4311-ba8e-05cbcd2a9ba4: shutdown LeaderElection
2019-09-18 17:33:32,306 [f7ded12f-b106-4311-ba8e-05cbcd2a9ba4@group-B4D9B5EFE72E:LeaderElection100] INFO  impl.RaftServerImpl (RaftServerImpl.java:setRole(174)) - f7ded12f-b106-4311-ba8e-05cbcd2a9ba4@group-B4D9B5EFE72E: changes role from CANDIDATE to LEADER at term 1 for changeToLeader
2019-09-18 17:33:32,306 [f7ded12f-b106-4311-ba8e-05cbcd2a9ba4@group-B4D9B5EFE72E:LeaderElection100] INFO  impl.RaftServerImpl (ServerState.java:setLeader(253)) - f7ded12f-b106-4311-ba8e-05cbcd2a9ba4@group-B4D9B5EFE72E: change Leader from null to f7ded12f-b106-4311-ba8e-05cbcd2a9ba4 at term 1 for becomeLeader, leader elected after 5155ms
2019-09-18 17:33:32,306 [f7ded12f-b106-4311-ba8e-05cbcd2a9ba4@group-B4D9B5EFE72E:LeaderElection100] INFO  server.RaftServerConfigKeys (ConfUtils.java:logGet(43)) - raft.server.staging.catchup.gap = 1000 (default)
2019-09-18 17:33:32,306 [f7ded12f-b106-4311-ba8e-05cbcd2a9ba4@group-B4D9B5EFE72E:LeaderElection100] INFO  server.RaftServerConfigKeys (ConfUtils.java:logGet(43)) - raft.server.rpc.sleep.time = 25ms (default)
2019-09-18 17:33:32,307 [f7ded12f-b106-4311-ba8e-05cbcd2a9ba4@group-B4D9B5EFE72E:LeaderElection100] INFO  server.RaftServerConfigKeys (ConfUtils.java:logGet(43)) - raft.server.write.element-limit = 4096 (default)
2019-09-18 17:33:32,307 [f7ded12f-b106-4311-ba8e-05cbcd2a9ba4@group-B4D9B5EFE72E:LeaderElection100] INFO  server.RaftServerConfigKeys (ConfUtils.java:logGet(43)) - raft.server.watch.timeout = 10s (default)
2019-09-18 17:33:32,307 [grpc-default-executor-3] INFO  client.GrpcClientProtocolClient (GrpcClientProtocolClient.java:onNext(264)) - client-31620CA72C66->06886d8d-828f-4bd3-9da8-c3e3f0fe3bff: receive RaftClientReply:client-31620CA72C66->06886d8d-828f-4bd3-9da8-c3e3f0fe3bff@group-930CB84686E7, cid=103, SUCCESS, logIndex=1, commits[06886d8d-828f-4bd3-9da8-c3e3f0fe3bff:c2, b0d444e7-f95d-4287-9b32-254db5ea75d4:c1, 8129a35d-d27c-49f3-8eb9-6cbb80484c62:c1]
2019-09-18 17:33:32,307 [f7ded12f-b106-4311-ba8e-05cbcd2a9ba4@group-B4D9B5EFE72E:LeaderElection100] INFO  server.RaftServerConfigKeys (ConfUtils.java:logGet(43)) - raft.server.watch.timeout.denomination = 1s (default)
2019-09-18 17:33:32,307 [f7ded12f-b106-4311-ba8e-05cbcd2a9ba4@group-B4D9B5EFE72E:LeaderElection100] INFO  server.RaftServerConfigKeys (ConfUtils.java:logGet(43)) - raft.server.watch.element-limit = 65536 (default)
2019-09-18 17:33:32,309 [f7ded12f-b106-4311-ba8e-05cbcd2a9ba4@group-B4D9B5EFE72E:LeaderElection100] INFO  server.RaftServerConfigKeys (ConfUtils.java:logGet(43)) - raft.server.log.appender.snapshot.chunk.size.max = 16MB (=16777216) (default)
2019-09-18 17:33:32,309 [f7ded12f-b106-4311-ba8e-05cbcd2a9ba4@group-B4D9B5EFE72E:LeaderElection100] INFO  server.RaftServerConfigKeys (ConfUtils.java:logGet(43)) - raft.server.log.appender.buffer.byte-limit = 33554432 (custom)
2019-09-18 17:33:32,309 [f7ded12f-b106-4311-ba8e-05cbcd2a9ba4@group-B4D9B5EFE72E:LeaderElection100] INFO  server.RaftServerConfigKeys (ConfUtils.java:logGet(43)) - raft.server.log.appender.buffer.element-limit = 1 (custom)
2019-09-18 17:33:32,309 [f7ded12f-b106-4311-ba8e-05cbcd2a9ba4@group-B4D9B5EFE72E:LeaderElection100] INFO  grpc.GrpcConfigKeys$Server (ConfUtils.java:logGet(43)) - raft.grpc.server.leader.outstanding.appends.max = 128 (default)
2019-09-18 17:33:32,309 [f7ded12f-b106-4311-ba8e-05cbcd2a9ba4@group-B4D9B5EFE72E:LeaderElection100] INFO  server.RaftServerConfigKeys (ConfUtils.java:logGet(43)) - raft.server.rpc.request.timeout = 3000ms (default)
2019-09-18 17:33:32,309 [f7ded12f-b106-4311-ba8e-05cbcd2a9ba4@group-B4D9B5EFE72E:LeaderElection100] INFO  server.RaftServerConfigKeys (ConfUtils.java:logGet(43)) - raft.server.log.appender.install.snapshot.enabled = false (custom)
2019-09-18 17:33:32,309 [f7ded12f-b106-4311-ba8e-05cbcd2a9ba4@group-B4D9B5EFE72E:LeaderElection100] INFO  server.RaftServerConfigKeys (ConfUtils.java:logGet(43)) - raft.server.log.appender.snapshot.chunk.size.max = 16MB (=16777216) (default)
2019-09-18 17:33:32,309 [f7ded12f-b106-4311-ba8e-05cbcd2a9ba4@group-B4D9B5EFE72E:LeaderElection100] INFO  server.RaftServerConfigKeys (ConfUtils.java:logGet(43)) - raft.server.log.appender.buffer.byte-limit = 33554432 (custom)
2019-09-18 17:33:32,310 [f7ded12f-b106-4311-ba8e-05cbcd2a9ba4@group-B4D9B5EFE72E:LeaderElection100] INFO  server.RaftServerConfigKeys (ConfUtils.java:logGet(43)) - raft.server.log.appender.buffer.element-limit = 1 (custom)
2019-09-18 17:33:32,310 [f7ded12f-b106-4311-ba8e-05cbcd2a9ba4@group-B4D9B5EFE72E:LeaderElection100] INFO  grpc.GrpcConfigKeys$Server (ConfUtils.java:logGet(43)) - raft.grpc.server.leader.outstanding.appends.max = 128 (default)
2019-09-18 17:33:32,310 [f7ded12f-b106-4311-ba8e-05cbcd2a9ba4@group-B4D9B5EFE72E:LeaderElection100] INFO  server.RaftServerConfigKeys (ConfUtils.java:logGet(43)) - raft.server.rpc.request.timeout = 3000ms (default)
2019-09-18 17:33:32,310 [f7ded12f-b106-4311-ba8e-05cbcd2a9ba4@group-B4D9B5EFE72E:LeaderElection100] INFO  server.RaftServerConfigKeys (ConfUtils.java:logGet(43)) - raft.server.log.appender.install.snapshot.enabled = false (custom)
2019-09-18 17:33:32,310 [f7ded12f-b106-4311-ba8e-05cbcd2a9ba4@group-B4D9B5EFE72E:LeaderElection100] INFO  impl.RoleInfo (RoleInfo.java:updateAndGet(143)) - f7ded12f-b106-4311-ba8e-05cbcd2a9ba4: start LeaderState
2019-09-18 17:33:32,310 [f7ded12f-b106-4311-ba8e-05cbcd2a9ba4@group-B4D9B5EFE72E:LeaderElection100] INFO  segmented.SegmentedRaftLogWorker (SegmentedRaftLogWorker.java:startLogSegment(380)) - f7ded12f-b106-4311-ba8e-05cbcd2a9ba4@group-B4D9B5EFE72E-SegmentedRaftLogWorker: Starting segment from index:0
2019-09-18 17:33:32,311 [f7ded12f-b106-4311-ba8e-05cbcd2a9ba4@group-B4D9B5EFE72E:LeaderElection100] INFO  impl.RaftServerImpl (ServerState.java:setRaftConf(354)) - f7ded12f-b106-4311-ba8e-05cbcd2a9ba4@group-B4D9B5EFE72E: set configuration 0: [b33e0b3d-30a4-48e1-8053-e6b4064212ed:192.168.5.155:40438, f7ded12f-b106-4311-ba8e-05cbcd2a9ba4:192.168.5.155:41909, 7c40858b-12cf-41a9-a51d-322a119afb7c:192.168.5.155:35699], old=null at 0
2019-09-18 17:33:32,336 [grpc-default-executor-3] INFO  impl.RaftServerImpl (ServerState.java:setLeader(253)) - b33e0b3d-30a4-48e1-8053-e6b4064212ed@group-B4D9B5EFE72E: change Leader from null to f7ded12f-b106-4311-ba8e-05cbcd2a9ba4 at term 1 for appendEntries, leader elected after 5186ms
2019-09-18 17:33:32,337 [7c40858b-12cf-41a9-a51d-322a119afb7c@group-3832F3BBB6BA-SegmentedRaftLogWorker] INFO  segmented.SegmentedRaftLogWorker (SegmentedRaftLogWorker.java:execute(569)) - 7c40858b-12cf-41a9-a51d-322a119afb7c@group-3832F3BBB6BA-SegmentedRaftLogWorker: created new log segment /workdir/hadoop-ozone/integration-test/target/test-dir/MiniOzoneClusterImpl-37195201-b030-4955-b08c-e60a1205ff04/datanode-6/data/ratis/6df939f8-d3f8-456f-b611-3832f3bbb6ba/current/log_inprogress_0
2019-09-18 17:33:32,338 [grpc-default-executor-3] INFO  impl.RaftServerImpl (ServerState.java:setLeader(253)) - 7c40858b-12cf-41a9-a51d-322a119afb7c@group-B4D9B5EFE72E: change Leader from null to f7ded12f-b106-4311-ba8e-05cbcd2a9ba4 at term 1 for appendEntries, leader elected after 5187ms
2019-09-18 17:33:32,339 [grpc-default-executor-3] INFO  impl.RaftServerImpl (ServerState.java:setRaftConf(354)) - b33e0b3d-30a4-48e1-8053-e6b4064212ed@group-B4D9B5EFE72E: set configuration 0: [b33e0b3d-30a4-48e1-8053-e6b4064212ed:192.168.5.155:40438, f7ded12f-b106-4311-ba8e-05cbcd2a9ba4:192.168.5.155:41909, 7c40858b-12cf-41a9-a51d-322a119afb7c:192.168.5.155:35699], old=null at 0
2019-09-18 17:33:32,339 [grpc-default-executor-3] INFO  segmented.SegmentedRaftLogWorker (SegmentedRaftLogWorker.java:startLogSegment(380)) - b33e0b3d-30a4-48e1-8053-e6b4064212ed@group-B4D9B5EFE72E-SegmentedRaftLogWorker: Starting segment from index:0
2019-09-18 17:33:32,340 [grpc-default-executor-9] INFO  impl.RaftServerImpl (ServerState.java:setRaftConf(354)) - 7c40858b-12cf-41a9-a51d-322a119afb7c@group-B4D9B5EFE72E: set configuration 0: [b33e0b3d-30a4-48e1-8053-e6b4064212ed:192.168.5.155:40438, f7ded12f-b106-4311-ba8e-05cbcd2a9ba4:192.168.5.155:41909, 7c40858b-12cf-41a9-a51d-322a119afb7c:192.168.5.155:35699], old=null at 0
2019-09-18 17:33:32,340 [grpc-default-executor-9] INFO  segmented.SegmentedRaftLogWorker (SegmentedRaftLogWorker.java:startLogSegment(380)) - 7c40858b-12cf-41a9-a51d-322a119afb7c@group-B4D9B5EFE72E-SegmentedRaftLogWorker: Starting segment from index:0
2019-09-18 17:33:32,364 [f7ded12f-b106-4311-ba8e-05cbcd2a9ba4@group-B4D9B5EFE72E-SegmentedRaftLogWorker] INFO  segmented.SegmentedRaftLogWorker (SegmentedRaftLogWorker.java:execute(569)) - f7ded12f-b106-4311-ba8e-05cbcd2a9ba4@group-B4D9B5EFE72E-SegmentedRaftLogWorker: created new log segment /workdir/hadoop-ozone/integration-test/target/test-dir/MiniOzoneClusterImpl-37195201-b030-4955-b08c-e60a1205ff04/datanode-5/data/ratis/4db70355-94ae-4ca1-85c4-b4d9b5efe72e/current/log_inprogress_0
2019-09-18 17:33:32,408 [7c40858b-12cf-41a9-a51d-322a119afb7c@group-B4D9B5EFE72E-SegmentedRaftLogWorker] INFO  segmented.SegmentedRaftLogWorker (SegmentedRaftLogWorker.java:execute(569)) - 7c40858b-12cf-41a9-a51d-322a119afb7c@group-B4D9B5EFE72E-SegmentedRaftLogWorker: created new log segment /workdir/hadoop-ozone/integration-test/target/test-dir/MiniOzoneClusterImpl-37195201-b030-4955-b08c-e60a1205ff04/datanode-6/data/ratis/4db70355-94ae-4ca1-85c4-b4d9b5efe72e/current/log_inprogress_0
2019-09-18 17:33:32,408 [b33e0b3d-30a4-48e1-8053-e6b4064212ed@group-B4D9B5EFE72E-SegmentedRaftLogWorker] INFO  segmented.SegmentedRaftLogWorker (SegmentedRaftLogWorker.java:execute(569)) - b33e0b3d-30a4-48e1-8053-e6b4064212ed@group-B4D9B5EFE72E-SegmentedRaftLogWorker: created new log segment /workdir/hadoop-ozone/integration-test/target/test-dir/MiniOzoneClusterImpl-37195201-b030-4955-b08c-e60a1205ff04/datanode-2/data/ratis/4db70355-94ae-4ca1-85c4-b4d9b5efe72e/current/log_inprogress_0
2019-09-18 17:33:33,303 [Datanode State Machine Thread - 0] INFO  statemachine.DatanodeStateMachine (DatanodeStateMachine.java:lambda$startDaemon$0(350)) - Ozone container server started.
2019-09-18 17:33:37,308 [main] INFO  ozoneimpl.OzoneContainer (OzoneContainer.java:stop(231)) - Attempting to stop container services.
2019-09-18 17:33:37,310 [main] INFO  impl.RaftServerProxy (RaftServerProxy.java:lambda$close$4(314)) - 06886d8d-828f-4bd3-9da8-c3e3f0fe3bff: close
2019-09-18 17:33:37,311 [main] INFO  impl.RaftServerImpl (RaftServerImpl.java:lambda$shutdown$3(251)) - 06886d8d-828f-4bd3-9da8-c3e3f0fe3bff@group-2FA5C7A8159C: shutdown
2019-09-18 17:33:37,311 [ForkJoinPool.commonPool-worker-0] INFO  impl.RaftServerImpl (RaftServerImpl.java:lambda$shutdown$3(251)) - 06886d8d-828f-4bd3-9da8-c3e3f0fe3bff@group-930CB84686E7: shutdown
2019-09-18 17:33:37,311 [main] INFO  util.JmxRegister (JmxRegister.java:unregister(73)) - Successfully un-registered JMX Bean with object name Ratis:service=RaftServer,group=group-2FA5C7A8159C,id=06886d8d-828f-4bd3-9da8-c3e3f0fe3bff
2019-09-18 17:33:37,311 [ForkJoinPool.commonPool-worker-0] INFO  util.JmxRegister (JmxRegister.java:unregister(73)) - Successfully un-registered JMX Bean with object name Ratis:service=RaftServer,group=group-930CB84686E7,id=06886d8d-828f-4bd3-9da8-c3e3f0fe3bff
2019-09-18 17:33:37,312 [main] INFO  impl.RoleInfo (RoleInfo.java:shutdownLeaderState(104)) - 06886d8d-828f-4bd3-9da8-c3e3f0fe3bff: shutdown LeaderState
2019-09-18 17:33:37,312 [ForkJoinPool.commonPool-worker-0] INFO  impl.RoleInfo (RoleInfo.java:shutdownLeaderState(104)) - 06886d8d-828f-4bd3-9da8-c3e3f0fe3bff: shutdown LeaderState
2019-09-18 17:33:37,312 [main] INFO  impl.PendingRequests (PendingRequests.java:sendNotLeaderResponses(202)) - 06886d8d-828f-4bd3-9da8-c3e3f0fe3bff-PendingRequests: sendNotLeaderResponses
2019-09-18 17:33:37,335 [org.apache.ratis.server.impl.LogAppender$AppenderDaemon$$Lambda$454/1043160365@2ce7fce1] WARN  server.GrpcLogAppender (GrpcLogAppender.java:mayWait(143)) - 06886d8d-828f-4bd3-9da8-c3e3f0fe3bff@group-930CB84686E7->b0d444e7-f95d-4287-9b32-254db5ea75d4-GrpcLogAppender: Wait interrupted by java.lang.InterruptedException
2019-09-18 17:33:37,332 [org.apache.ratis.server.impl.LogAppender$AppenderDaemon$$Lambda$454/1043160365@27571ee8] WARN  server.GrpcLogAppender (GrpcLogAppender.java:mayWait(143)) - 06886d8d-828f-4bd3-9da8-c3e3f0fe3bff@group-930CB84686E7->8129a35d-d27c-49f3-8eb9-6cbb80484c62-GrpcLogAppender: Wait interrupted by java.lang.InterruptedException
2019-09-18 17:33:37,332 [ForkJoinPool.commonPool-worker-0] INFO  impl.PendingRequests (PendingRequests.java:sendNotLeaderResponses(202)) - 06886d8d-828f-4bd3-9da8-c3e3f0fe3bff-PendingRequests: sendNotLeaderResponses
2019-09-18 17:33:37,336 [main] INFO  impl.StateMachineUpdater (StateMachineUpdater.java:stopAndJoin(125)) - 06886d8d-828f-4bd3-9da8-c3e3f0fe3bff@group-2FA5C7A8159C-StateMachineUpdater: set stopIndex = 0
2019-09-18 17:33:37,349 [grpc-default-executor-9] INFO  server.GrpcServerProtocolService (GrpcServerProtocolService.java:onCompleted(113)) - b0d444e7-f95d-4287-9b32-254db5ea75d4: Completed APPEND_ENTRIES, lastRequest: 06886d8d-828f-4bd3-9da8-c3e3f0fe3bff->b0d444e7-f95d-4287-9b32-254db5ea75d4#5-t1, previous=(t:1, i:2), leaderCommit=2, initializing? false, entries: <empty>
2019-09-18 17:33:37,349 [grpc-default-executor-3] INFO  server.GrpcServerProtocolService (GrpcServerProtocolService.java:onCompleted(113)) - 8129a35d-d27c-49f3-8eb9-6cbb80484c62: Completed APPEND_ENTRIES, lastRequest: 06886d8d-828f-4bd3-9da8-c3e3f0fe3bff->8129a35d-d27c-49f3-8eb9-6cbb80484c62#5-t1, previous=(t:1, i:2), leaderCommit=2, initializing? false, entries: <empty>
2019-09-18 17:33:37,349 [06886d8d-828f-4bd3-9da8-c3e3f0fe3bff@group-930CB84686E7-StateMachineUpdater] INFO  ratis.ContainerStateMachine (ContainerStateMachine.java:takeSnapshot(289)) - group-930CB84686E7: Taking a snapshot at:(t:1, i:2) file /workdir/hadoop-ozone/integration-test/target/test-dir/MiniOzoneClusterImpl-37195201-b030-4955-b08c-e60a1205ff04/datanode-0/data/ratis/0773c8a8-911a-4f2f-a99e-930cb84686e7/sm/snapshot.1_2
2019-09-18 17:33:37,349 [main] INFO  impl.RaftServerImpl (ServerState.java:close(385)) - 06886d8d-828f-4bd3-9da8-c3e3f0fe3bff@group-2FA5C7A8159C: closes. applyIndex: 0
2019-09-18 17:33:37,349 [ForkJoinPool.commonPool-worker-0] INFO  impl.StateMachineUpdater (StateMachineUpdater.java:stopAndJoin(125)) - 06886d8d-828f-4bd3-9da8-c3e3f0fe3bff@group-930CB84686E7-StateMachineUpdater: set stopIndex = 2
2019-09-18 17:33:37,351 [grpc-default-executor-3] INFO  server.GrpcLogAppender (GrpcLogAppender.java:onCompleted(293)) - 06886d8d-828f-4bd3-9da8-c3e3f0fe3bff@group-930CB84686E7->8129a35d-d27c-49f3-8eb9-6cbb80484c62-AppendLogResponseHandler: follower responses appendEntries COMPLETED
2019-09-18 17:33:37,350 [grpc-default-executor-9] INFO  server.GrpcLogAppender (GrpcLogAppender.java:onCompleted(293)) - 06886d8d-828f-4bd3-9da8-c3e3f0fe3bff@group-930CB84686E7->b0d444e7-f95d-4287-9b32-254db5ea75d4-AppendLogResponseHandler: follower responses appendEntries COMPLETED
2019-09-18 17:33:37,351 [06886d8d-828f-4bd3-9da8-c3e3f0fe3bff@group-2FA5C7A8159C-SegmentedRaftLogWorker] INFO  segmented.SegmentedRaftLogWorker (SegmentedRaftLogWorker.java:run(313)) - 06886d8d-828f-4bd3-9da8-c3e3f0fe3bff@group-2FA5C7A8159C-SegmentedRaftLogWorker was interrupted, exiting. There are 0 tasks remaining in the queue.
2019-09-18 17:33:37,353 [grpc-default-executor-3] INFO  impl.FollowerInfo (FollowerInfo.java:lambda$new$0(51)) - 06886d8d-828f-4bd3-9da8-c3e3f0fe3bff@group-930CB84686E7->8129a35d-d27c-49f3-8eb9-6cbb80484c62: nextIndex: updateUnconditionally 3 -> 2
2019-09-18 17:33:37,353 [main] INFO  segmented.SegmentedRaftLogWorker (SegmentedRaftLogWorker.java:close(228)) - 06886d8d-828f-4bd3-9da8-c3e3f0fe3bff@group-2FA5C7A8159C-SegmentedRaftLogWorker close()
2019-09-18 17:33:37,354 [grpc-default-executor-9] INFO  impl.FollowerInfo (FollowerInfo.java:lambda$new$0(51)) - 06886d8d-828f-4bd3-9da8-c3e3f0fe3bff@group-930CB84686E7->b0d444e7-f95d-4287-9b32-254db5ea75d4: nextIndex: updateUnconditionally 3 -> 2
2019-09-18 17:33:37,366 [06886d8d-828f-4bd3-9da8-c3e3f0fe3bff@group-930CB84686E7-StateMachineUpdater] INFO  ratis.ContainerStateMachine (ContainerStateMachine.java:takeSnapshot(300)) - group-930CB84686E7: Finished taking a snapshot at:(t:1, i:2) file:/workdir/hadoop-ozone/integration-test/target/test-dir/MiniOzoneClusterImpl-37195201-b030-4955-b08c-e60a1205ff04/datanode-0/data/ratis/0773c8a8-911a-4f2f-a99e-930cb84686e7/sm/snapshot.1_2 time:17
2019-09-18 17:33:37,367 [06886d8d-828f-4bd3-9da8-c3e3f0fe3bff@group-930CB84686E7-StateMachineUpdater] INFO  impl.StateMachineUpdater (StateMachineUpdater.java:takeSnapshot(258)) - 06886d8d-828f-4bd3-9da8-c3e3f0fe3bff@group-930CB84686E7-StateMachineUpdater: Took a snapshot at index 2
2019-09-18 17:33:37,367 [06886d8d-828f-4bd3-9da8-c3e3f0fe3bff@group-930CB84686E7-StateMachineUpdater] INFO  impl.StateMachineUpdater (StateMachineUpdater.java:lambda$new$0(83)) - 06886d8d-828f-4bd3-9da8-c3e3f0fe3bff@group-930CB84686E7-StateMachineUpdater: snapshotIndex: updateIncreasingly -1 -> 2
2019-09-18 17:33:37,367 [ForkJoinPool.commonPool-worker-0] INFO  impl.RaftServerImpl (ServerState.java:close(385)) - 06886d8d-828f-4bd3-9da8-c3e3f0fe3bff@group-930CB84686E7: closes. applyIndex: 2
2019-09-18 17:33:37,368 [06886d8d-828f-4bd3-9da8-c3e3f0fe3bff@group-930CB84686E7-SegmentedRaftLogWorker] INFO  segmented.SegmentedRaftLogWorker (SegmentedRaftLogWorker.java:run(313)) - 06886d8d-828f-4bd3-9da8-c3e3f0fe3bff@group-930CB84686E7-SegmentedRaftLogWorker was interrupted, exiting. There are 0 tasks remaining in the queue.
2019-09-18 17:33:37,375 [ForkJoinPool.commonPool-worker-0] INFO  segmented.SegmentedRaftLogWorker (SegmentedRaftLogWorker.java:close(228)) - 06886d8d-828f-4bd3-9da8-c3e3f0fe3bff@group-930CB84686E7-SegmentedRaftLogWorker close()
2019-09-18 17:33:37,378 [main] INFO  server.GrpcService (GrpcService.java:closeImpl(164)) - 06886d8d-828f-4bd3-9da8-c3e3f0fe3bff: shutdown server with port 45123 now
2019-09-18 17:33:37,378 [main] INFO  server.GrpcService (GrpcService.java:closeImpl(172)) - 06886d8d-828f-4bd3-9da8-c3e3f0fe3bff: shutdown server with port 45123 successfully
2019-09-18 17:33:37,382 [refreshUsed-/workdir/hadoop-ozone/integration-test/target/test-dir/MiniOzoneClusterImpl-37195201-b030-4955-b08c-e60a1205ff04/datanode-0/data/containers] WARN  fs.CachingGetSpaceUsed (CachingGetSpaceUsed.java:run(183)) - Thread Interrupted waiting to refresh disk information: sleep interrupted
2019-09-18 17:33:37,402 [main] INFO  utils.BackgroundService (BackgroundService.java:shutdown(148)) - Shutting down service BlockDeletingService
2019-09-18 17:33:37,408 [main] INFO  statemachine.DatanodeStateMachine (DatanodeStateMachine.java:stopDaemon(395)) - Ozone container server stopped.
2019-09-18 17:33:37,410 [main] INFO  handler.ContextHandler (ContextHandler.java:doStop(910)) - Stopped o.e.j.w.WebAppContext@281b2dfd{/,null,UNAVAILABLE}{/hddsDatanode}
2019-09-18 17:33:37,411 [main] INFO  server.AbstractConnector (AbstractConnector.java:doStop(318)) - Stopped ServerConnector@492be039{HTTP/1.1,[http/1.1]}{0.0.0.0:0}
2019-09-18 17:33:37,411 [main] INFO  handler.ContextHandler (ContextHandler.java:doStop(910)) - Stopped o.e.j.s.ServletContextHandler@67328bcb{/static,jar:file:/home/user/.m2/repository/org/apache/hadoop/hadoop-hdds-container-service/0.5.0-SNAPSHOT/hadoop-hdds-container-service-0.5.0-SNAPSHOT.jar!/webapps/static,UNAVAILABLE}
2019-09-18 17:33:37,412 [main] INFO  handler.ContextHandler (ContextHandler.java:doStop(910)) - Stopped o.e.j.s.ServletContextHandler@299b9851{/logs,file:///workdir/hadoop-ozone/integration-test/target/log,UNAVAILABLE}
2019-09-18 17:33:39,439 [grpc-default-executor-9] INFO  client.GrpcClientProtocolClient (GrpcClientProtocolClient.java:onNext(264)) - client-31620CA72C66->b0d444e7-f95d-4287-9b32-254db5ea75d4: receive RaftClientReply:client-31620CA72C66->b0d444e7-f95d-4287-9b32-254db5ea75d4@group-930CB84686E7, cid=104, FAILED org.apache.ratis.protocol.NotLeaderException: Server b0d444e7-f95d-4287-9b32-254db5ea75d4@group-930CB84686E7 is not the leader 06886d8d-828f-4bd3-9da8-c3e3f0fe3bff:192.168.5.155:45123, logIndex=0, commits[b0d444e7-f95d-4287-9b32-254db5ea75d4:c2, 06886d8d-828f-4bd3-9da8-c3e3f0fe3bff:c2, 8129a35d-d27c-49f3-8eb9-6cbb80484c62:c2]
2019-09-18 17:33:40,466 [grpc-default-executor-9] INFO  client.GrpcClientProtocolClient (GrpcClientProtocolClient.java:onNext(264)) - client-31620CA72C66->b0d444e7-f95d-4287-9b32-254db5ea75d4: receive RaftClientReply:client-31620CA72C66->b0d444e7-f95d-4287-9b32-254db5ea75d4@group-930CB84686E7, cid=104, FAILED org.apache.ratis.protocol.NotLeaderException: Server b0d444e7-f95d-4287-9b32-254db5ea75d4@group-930CB84686E7 is not the leader 06886d8d-828f-4bd3-9da8-c3e3f0fe3bff:192.168.5.155:45123, logIndex=0, commits[b0d444e7-f95d-4287-9b32-254db5ea75d4:c2, 06886d8d-828f-4bd3-9da8-c3e3f0fe3bff:c2, 8129a35d-d27c-49f3-8eb9-6cbb80484c62:c2]
2019-09-18 17:33:41,484 [grpc-default-executor-3] INFO  client.GrpcClientProtocolClient (GrpcClientProtocolClient.java:onNext(264)) - client-31620CA72C66->8129a35d-d27c-49f3-8eb9-6cbb80484c62: receive RaftClientReply:client-31620CA72C66->8129a35d-d27c-49f3-8eb9-6cbb80484c62@group-930CB84686E7, cid=104, FAILED org.apache.ratis.protocol.NotLeaderException: Server 8129a35d-d27c-49f3-8eb9-6cbb80484c62@group-930CB84686E7 is not the leader 06886d8d-828f-4bd3-9da8-c3e3f0fe3bff:192.168.5.155:45123, logIndex=0, commits[8129a35d-d27c-49f3-8eb9-6cbb80484c62:c2, 06886d8d-828f-4bd3-9da8-c3e3f0fe3bff:c2, b0d444e7-f95d-4287-9b32-254db5ea75d4:c2]
2019-09-18 17:33:42,502 [grpc-default-executor-3] INFO  client.GrpcClientProtocolClient (GrpcClientProtocolClient.java:onNext(264)) - client-31620CA72C66->8129a35d-d27c-49f3-8eb9-6cbb80484c62: receive RaftClientReply:client-31620CA72C66->8129a35d-d27c-49f3-8eb9-6cbb80484c62@group-930CB84686E7, cid=104, FAILED org.apache.ratis.protocol.NotLeaderException: Server 8129a35d-d27c-49f3-8eb9-6cbb80484c62@group-930CB84686E7 is not the leader 06886d8d-828f-4bd3-9da8-c3e3f0fe3bff:192.168.5.155:45123, logIndex=0, commits[8129a35d-d27c-49f3-8eb9-6cbb80484c62:c2, 06886d8d-828f-4bd3-9da8-c3e3f0fe3bff:c2, b0d444e7-f95d-4287-9b32-254db5ea75d4:c2]
2019-09-18 17:33:43,515 [grpc-default-executor-8] INFO  client.GrpcClientProtocolClient (GrpcClientProtocolClient.java:onNext(264)) - client-31620CA72C66->8129a35d-d27c-49f3-8eb9-6cbb80484c62: receive RaftClientReply:client-31620CA72C66->8129a35d-d27c-49f3-8eb9-6cbb80484c62@group-930CB84686E7, cid=104, FAILED org.apache.ratis.protocol.NotLeaderException: Server 8129a35d-d27c-49f3-8eb9-6cbb80484c62@group-930CB84686E7 is not the leader 06886d8d-828f-4bd3-9da8-c3e3f0fe3bff:192.168.5.155:45123, logIndex=0, commits[8129a35d-d27c-49f3-8eb9-6cbb80484c62:c2, 06886d8d-828f-4bd3-9da8-c3e3f0fe3bff:c2, b0d444e7-f95d-4287-9b32-254db5ea75d4:c2]
2019-09-18 17:33:44,529 [grpc-default-executor-3] INFO  client.GrpcClientProtocolClient (GrpcClientProtocolClient.java:onNext(264)) - client-31620CA72C66->8129a35d-d27c-49f3-8eb9-6cbb80484c62: receive RaftClientReply:client-31620CA72C66->8129a35d-d27c-49f3-8eb9-6cbb80484c62@group-930CB84686E7, cid=104, FAILED org.apache.ratis.protocol.NotLeaderException: Server 8129a35d-d27c-49f3-8eb9-6cbb80484c62@group-930CB84686E7 is not the leader 06886d8d-828f-4bd3-9da8-c3e3f0fe3bff:192.168.5.155:45123, logIndex=0, commits[8129a35d-d27c-49f3-8eb9-6cbb80484c62:c2, 06886d8d-828f-4bd3-9da8-c3e3f0fe3bff:c2, b0d444e7-f95d-4287-9b32-254db5ea75d4:c2]
2019-09-18 17:33:45,548 [grpc-default-executor-9] INFO  client.GrpcClientProtocolClient (GrpcClientProtocolClient.java:onNext(264)) - client-31620CA72C66->b0d444e7-f95d-4287-9b32-254db5ea75d4: receive RaftClientReply:client-31620CA72C66->b0d444e7-f95d-4287-9b32-254db5ea75d4@group-930CB84686E7, cid=104, FAILED org.apache.ratis.protocol.NotLeaderException: Server b0d444e7-f95d-4287-9b32-254db5ea75d4@group-930CB84686E7 is not the leader 06886d8d-828f-4bd3-9da8-c3e3f0fe3bff:192.168.5.155:45123, logIndex=0, commits[b0d444e7-f95d-4287-9b32-254db5ea75d4:c2, 06886d8d-828f-4bd3-9da8-c3e3f0fe3bff:c2, 8129a35d-d27c-49f3-8eb9-6cbb80484c62:c2]
2019-09-18 17:33:46,565 [grpc-default-executor-3] INFO  client.GrpcClientProtocolClient (GrpcClientProtocolClient.java:onNext(264)) - client-31620CA72C66->b0d444e7-f95d-4287-9b32-254db5ea75d4: receive RaftClientReply:client-31620CA72C66->b0d444e7-f95d-4287-9b32-254db5ea75d4@group-930CB84686E7, cid=104, FAILED org.apache.ratis.protocol.NotLeaderException: Server b0d444e7-f95d-4287-9b32-254db5ea75d4@group-930CB84686E7 is not the leader 06886d8d-828f-4bd3-9da8-c3e3f0fe3bff:192.168.5.155:45123, logIndex=0, commits[b0d444e7-f95d-4287-9b32-254db5ea75d4:c2, 06886d8d-828f-4bd3-9da8-c3e3f0fe3bff:c2, 8129a35d-d27c-49f3-8eb9-6cbb80484c62:c2]
2019-09-18 17:33:46,897 [Thread-2446] INFO  impl.FollowerState (FollowerState.java:run(106)) - b0d444e7-f95d-4287-9b32-254db5ea75d4:group-930CB84686E7 changes to CANDIDATE, lastRpcTime:9766, electionTimeout:5102ms
2019-09-18 17:33:46,898 [Thread-2446] INFO  impl.RoleInfo (RoleInfo.java:shutdownFollowerState(121)) - b0d444e7-f95d-4287-9b32-254db5ea75d4: shutdown FollowerState
2019-09-18 17:33:46,898 [Thread-2446] INFO  impl.RaftServerImpl (RaftServerImpl.java:setRole(174)) - b0d444e7-f95d-4287-9b32-254db5ea75d4@group-930CB84686E7: changes role from  FOLLOWER to CANDIDATE at term 1 for changeToCandidate
2019-09-18 17:33:46,898 [Thread-2446] INFO  impl.RoleInfo (RoleInfo.java:updateAndGet(143)) - b0d444e7-f95d-4287-9b32-254db5ea75d4: start LeaderElection
2019-09-18 17:33:46,899 [b0d444e7-f95d-4287-9b32-254db5ea75d4@group-930CB84686E7:LeaderElection101] INFO  impl.RaftServerImpl (ServerState.java:setLeader(253)) - b0d444e7-f95d-4287-9b32-254db5ea75d4@group-930CB84686E7: change Leader from 06886d8d-828f-4bd3-9da8-c3e3f0fe3bff to null at term 1 for initElection
2019-09-18 17:33:46,919 [b0d444e7-f95d-4287-9b32-254db5ea75d4@group-930CB84686E7:LeaderElection101] INFO  impl.LeaderElection (LeaderElection.java:askForVotes(182)) - b0d444e7-f95d-4287-9b32-254db5ea75d4@group-930CB84686E7:LeaderElection101: begin an election at term 2 for 0: [06886d8d-828f-4bd3-9da8-c3e3f0fe3bff:192.168.5.155:45123, b0d444e7-f95d-4287-9b32-254db5ea75d4:192.168.5.155:45765, 8129a35d-d27c-49f3-8eb9-6cbb80484c62:192.168.5.155:41395], old=null
2019-09-18 17:33:46,923 [b0d444e7-f95d-4287-9b32-254db5ea75d4@group-930CB84686E7:LeaderElection101] INFO  impl.LeaderElection (LogUtils.java:infoOrTrace(149)) - b0d444e7-f95d-4287-9b32-254db5ea75d4@group-930CB84686E7:LeaderElection101 got exception when requesting votes: {}
java.util.concurrent.ExecutionException: org.apache.ratis.thirdparty.io.grpc.StatusRuntimeException: UNAVAILABLE: io exception
	at java.util.concurrent.FutureTask.report(FutureTask.java:122)
	at java.util.concurrent.FutureTask.get(FutureTask.java:192)
	at org.apache.ratis.server.impl.LeaderElection.waitForResults(LeaderElection.java:263)
	at org.apache.ratis.server.impl.LeaderElection.askForVotes(LeaderElection.java:201)
	at org.apache.ratis.server.impl.LeaderElection.run(LeaderElection.java:133)
	at java.lang.Thread.run(Thread.java:748)
Caused by: org.apache.ratis.thirdparty.io.grpc.StatusRuntimeException: UNAVAILABLE: io exception
	at org.apache.ratis.thirdparty.io.grpc.stub.ClientCalls.toStatusRuntimeException(ClientCalls.java:233)
	at org.apache.ratis.thirdparty.io.grpc.stub.ClientCalls.getUnchecked(ClientCalls.java:214)
	at org.apache.ratis.thirdparty.io.grpc.stub.ClientCalls.blockingUnaryCall(ClientCalls.java:139)
	at org.apache.ratis.proto.grpc.RaftServerProtocolServiceGrpc$RaftServerProtocolServiceBlockingStub.requestVote(RaftServerProtocolServiceGrpc.java:265)
	at org.apache.ratis.grpc.server.GrpcServerProtocolClient.requestVote(GrpcServerProtocolClient.java:90)
	at org.apache.ratis.grpc.server.GrpcService.requestVote(GrpcService.java:204)
	at org.apache.ratis.server.impl.LeaderElection.lambda$submitRequests$1(LeaderElection.java:238)
	at java.util.concurrent.FutureTask.run(FutureTask.java:266)
	at java.util.concurrent.Executors$RunnableAdapter.call(Executors.java:511)
	at java.util.concurrent.FutureTask.run(FutureTask.java:266)
	at java.util.concurrent.ThreadPoolExecutor.runWorker(ThreadPoolExecutor.java:1149)
	at java.util.concurrent.ThreadPoolExecutor$Worker.run(ThreadPoolExecutor.java:624)
	... 1 more
Caused by: org.apache.ratis.thirdparty.io.netty.channel.AbstractChannel$AnnotatedConnectException: Connection refused: /192.168.5.155:45123
	at sun.nio.ch.SocketChannelImpl.checkConnect(Native Method)
	at sun.nio.ch.SocketChannelImpl.finishConnect(SocketChannelImpl.java:717)
	at org.apache.ratis.thirdparty.io.netty.channel.socket.nio.NioSocketChannel.doFinishConnect(NioSocketChannel.java:327)
	at org.apache.ratis.thirdparty.io.netty.channel.nio.AbstractNioChannel$AbstractNioUnsafe.finishConnect(AbstractNioChannel.java:340)
	at org.apache.ratis.thirdparty.io.netty.channel.nio.NioEventLoop.processSelectedKey(NioEventLoop.java:632)
	at org.apache.ratis.thirdparty.io.netty.channel.nio.NioEventLoop.processSelectedKeysOptimized(NioEventLoop.java:579)
	at org.apache.ratis.thirdparty.io.netty.channel.nio.NioEventLoop.processSelectedKeys(NioEventLoop.java:496)
	at org.apache.ratis.thirdparty.io.netty.channel.nio.NioEventLoop.run(NioEventLoop.java:458)
	at org.apache.ratis.thirdparty.io.netty.util.concurrent.SingleThreadEventExecutor$5.run(SingleThreadEventExecutor.java:897)
	at org.apache.ratis.thirdparty.io.netty.util.concurrent.FastThreadLocalRunnable.run(FastThreadLocalRunnable.java:30)
	... 1 more
Caused by: java.net.ConnectException: Connection refused
	... 11 more
2019-09-18 17:33:46,924 [grpc-default-executor-3] INFO  impl.RaftServerImpl (ServerState.java:setLeader(253)) - 8129a35d-d27c-49f3-8eb9-6cbb80484c62@group-930CB84686E7: change Leader from 06886d8d-828f-4bd3-9da8-c3e3f0fe3bff to null at term 2 for updateCurrentTerm
2019-09-18 17:33:46,924 [grpc-default-executor-3] INFO  impl.RaftServerImpl (RaftServerImpl.java:setRole(174)) - 8129a35d-d27c-49f3-8eb9-6cbb80484c62@group-930CB84686E7: changes role from  FOLLOWER to FOLLOWER at term 2 for recognizeCandidate:b0d444e7-f95d-4287-9b32-254db5ea75d4
2019-09-18 17:33:46,925 [grpc-default-executor-3] INFO  impl.RoleInfo (RoleInfo.java:shutdownFollowerState(121)) - 8129a35d-d27c-49f3-8eb9-6cbb80484c62: shutdown FollowerState
2019-09-18 17:33:46,925 [grpc-default-executor-3] INFO  impl.RoleInfo (RoleInfo.java:updateAndGet(143)) - 8129a35d-d27c-49f3-8eb9-6cbb80484c62: start FollowerState
2019-09-18 17:33:46,925 [Thread-2456] INFO  impl.FollowerState (FollowerState.java:run(115)) - 8129a35d-d27c-49f3-8eb9-6cbb80484c62: FollowerState was interrupted: java.lang.InterruptedException: sleep interrupted
2019-09-18 17:33:46,946 [b0d444e7-f95d-4287-9b32-254db5ea75d4@group-930CB84686E7:LeaderElection101] INFO  impl.LeaderElection (LeaderElection.java:logAndReturn(56)) - b0d444e7-f95d-4287-9b32-254db5ea75d4@group-930CB84686E7:LeaderElection101: Election PASSED; received 1 response(s) [b0d444e7-f95d-4287-9b32-254db5ea75d4<-8129a35d-d27c-49f3-8eb9-6cbb80484c62#0:OK-t2] and 1 exception(s); b0d444e7-f95d-4287-9b32-254db5ea75d4@group-930CB84686E7:t2, leader=null, voted=b0d444e7-f95d-4287-9b32-254db5ea75d4, raftlog=b0d444e7-f95d-4287-9b32-254db5ea75d4@group-930CB84686E7-SegmentedRaftLog:OPENED:c2,f2,i2, conf=0: [06886d8d-828f-4bd3-9da8-c3e3f0fe3bff:192.168.5.155:45123, b0d444e7-f95d-4287-9b32-254db5ea75d4:192.168.5.155:45765, 8129a35d-d27c-49f3-8eb9-6cbb80484c62:192.168.5.155:41395], old=null
2019-09-18 17:33:46,946 [b0d444e7-f95d-4287-9b32-254db5ea75d4@group-930CB84686E7:LeaderElection101] INFO  impl.LeaderElection (LogUtils.java:infoOrTrace(149)) -   Exception 0: {}
java.util.concurrent.ExecutionException: org.apache.ratis.thirdparty.io.grpc.StatusRuntimeException: UNAVAILABLE: io exception
	at java.util.concurrent.FutureTask.report(FutureTask.java:122)
	at java.util.concurrent.FutureTask.get(FutureTask.java:192)
	at org.apache.ratis.server.impl.LeaderElection.waitForResults(LeaderElection.java:263)
	at org.apache.ratis.server.impl.LeaderElection.askForVotes(LeaderElection.java:201)
	at org.apache.ratis.server.impl.LeaderElection.run(LeaderElection.java:133)
	at java.lang.Thread.run(Thread.java:748)
Caused by: org.apache.ratis.thirdparty.io.grpc.StatusRuntimeException: UNAVAILABLE: io exception
	at org.apache.ratis.thirdparty.io.grpc.stub.ClientCalls.toStatusRuntimeException(ClientCalls.java:233)
	at org.apache.ratis.thirdparty.io.grpc.stub.ClientCalls.getUnchecked(ClientCalls.java:214)
	at org.apache.ratis.thirdparty.io.grpc.stub.ClientCalls.blockingUnaryCall(ClientCalls.java:139)
	at org.apache.ratis.proto.grpc.RaftServerProtocolServiceGrpc$RaftServerProtocolServiceBlockingStub.requestVote(RaftServerProtocolServiceGrpc.java:265)
	at org.apache.ratis.grpc.server.GrpcServerProtocolClient.requestVote(GrpcServerProtocolClient.java:90)
	at org.apache.ratis.grpc.server.GrpcService.requestVote(GrpcService.java:204)
	at org.apache.ratis.server.impl.LeaderElection.lambda$submitRequests$1(LeaderElection.java:238)
	at java.util.concurrent.FutureTask.run(FutureTask.java:266)
	at java.util.concurrent.Executors$RunnableAdapter.call(Executors.java:511)
	at java.util.concurrent.FutureTask.run(FutureTask.java:266)
	at java.util.concurrent.ThreadPoolExecutor.runWorker(ThreadPoolExecutor.java:1149)
	at java.util.concurrent.ThreadPoolExecutor$Worker.run(ThreadPoolExecutor.java:624)
	... 1 more
Caused by: org.apache.ratis.thirdparty.io.netty.channel.AbstractChannel$AnnotatedConnectException: Connection refused: /192.168.5.155:45123
	at sun.nio.ch.SocketChannelImpl.checkConnect(Native Method)
	at sun.nio.ch.SocketChannelImpl.finishConnect(SocketChannelImpl.java:717)
	at org.apache.ratis.thirdparty.io.netty.channel.socket.nio.NioSocketChannel.doFinishConnect(NioSocketChannel.java:327)
	at org.apache.ratis.thirdparty.io.netty.channel.nio.AbstractNioChannel$AbstractNioUnsafe.finishConnect(AbstractNioChannel.java:340)
	at org.apache.ratis.thirdparty.io.netty.channel.nio.NioEventLoop.processSelectedKey(NioEventLoop.java:632)
	at org.apache.ratis.thirdparty.io.netty.channel.nio.NioEventLoop.processSelectedKeysOptimized(NioEventLoop.java:579)
	at org.apache.ratis.thirdparty.io.netty.channel.nio.NioEventLoop.processSelectedKeys(NioEventLoop.java:496)
	at org.apache.ratis.thirdparty.io.netty.channel.nio.NioEventLoop.run(NioEventLoop.java:458)
	at org.apache.ratis.thirdparty.io.netty.util.concurrent.SingleThreadEventExecutor$5.run(SingleThreadEventExecutor.java:897)
	at org.apache.ratis.thirdparty.io.netty.util.concurrent.FastThreadLocalRunnable.run(FastThreadLocalRunnable.java:30)
	... 1 more
Caused by: java.net.ConnectException: Connection refused
	... 11 more
2019-09-18 17:33:46,946 [b0d444e7-f95d-4287-9b32-254db5ea75d4@group-930CB84686E7:LeaderElection101] INFO  impl.RoleInfo (RoleInfo.java:shutdownLeaderElection(134)) - b0d444e7-f95d-4287-9b32-254db5ea75d4: shutdown LeaderElection
2019-09-18 17:33:46,946 [b0d444e7-f95d-4287-9b32-254db5ea75d4@group-930CB84686E7:LeaderElection101] INFO  impl.RaftServerImpl (RaftServerImpl.java:setRole(174)) - b0d444e7-f95d-4287-9b32-254db5ea75d4@group-930CB84686E7: changes role from CANDIDATE to LEADER at term 2 for changeToLeader
2019-09-18 17:33:46,947 [b0d444e7-f95d-4287-9b32-254db5ea75d4@group-930CB84686E7:LeaderElection101] INFO  impl.RaftServerImpl (ServerState.java:setLeader(253)) - b0d444e7-f95d-4287-9b32-254db5ea75d4@group-930CB84686E7: change Leader from null to b0d444e7-f95d-4287-9b32-254db5ea75d4 at term 2 for becomeLeader, leader elected after 48ms
2019-09-18 17:33:46,947 [b0d444e7-f95d-4287-9b32-254db5ea75d4@group-930CB84686E7:LeaderElection101] INFO  server.RaftServerConfigKeys (ConfUtils.java:logGet(43)) - raft.server.staging.catchup.gap = 1000 (default)
2019-09-18 17:33:46,947 [b0d444e7-f95d-4287-9b32-254db5ea75d4@group-930CB84686E7:LeaderElection101] INFO  server.RaftServerConfigKeys (ConfUtils.java:logGet(43)) - raft.server.rpc.sleep.time = 25ms (default)
2019-09-18 17:33:46,947 [b0d444e7-f95d-4287-9b32-254db5ea75d4@group-930CB84686E7:LeaderElection101] INFO  server.RaftServerConfigKeys (ConfUtils.java:logGet(43)) - raft.server.write.element-limit = 4096 (default)
2019-09-18 17:33:46,947 [b0d444e7-f95d-4287-9b32-254db5ea75d4@group-930CB84686E7:LeaderElection101] INFO  server.RaftServerConfigKeys (ConfUtils.java:logGet(43)) - raft.server.watch.timeout = 10s (default)
2019-09-18 17:33:46,947 [b0d444e7-f95d-4287-9b32-254db5ea75d4@group-930CB84686E7:LeaderElection101] INFO  server.RaftServerConfigKeys (ConfUtils.java:logGet(43)) - raft.server.watch.timeout.denomination = 1s (default)
2019-09-18 17:33:46,947 [b0d444e7-f95d-4287-9b32-254db5ea75d4@group-930CB84686E7:LeaderElection101] INFO  server.RaftServerConfigKeys (ConfUtils.java:logGet(43)) - raft.server.watch.element-limit = 65536 (default)
2019-09-18 17:33:46,949 [b0d444e7-f95d-4287-9b32-254db5ea75d4@group-930CB84686E7:LeaderElection101] INFO  server.RaftServerConfigKeys (ConfUtils.java:logGet(43)) - raft.server.log.appender.snapshot.chunk.size.max = 16MB (=16777216) (default)
2019-09-18 17:33:46,949 [b0d444e7-f95d-4287-9b32-254db5ea75d4@group-930CB84686E7:LeaderElection101] INFO  server.RaftServerConfigKeys (ConfUtils.java:logGet(43)) - raft.server.log.appender.buffer.byte-limit = 33554432 (custom)
2019-09-18 17:33:46,949 [b0d444e7-f95d-4287-9b32-254db5ea75d4@group-930CB84686E7:LeaderElection101] INFO  server.RaftServerConfigKeys (ConfUtils.java:logGet(43)) - raft.server.log.appender.buffer.element-limit = 1 (custom)
2019-09-18 17:33:46,950 [b0d444e7-f95d-4287-9b32-254db5ea75d4@group-930CB84686E7:LeaderElection101] INFO  grpc.GrpcConfigKeys$Server (ConfUtils.java:logGet(43)) - raft.grpc.server.leader.outstanding.appends.max = 128 (default)
2019-09-18 17:33:46,950 [b0d444e7-f95d-4287-9b32-254db5ea75d4@group-930CB84686E7:LeaderElection101] INFO  server.RaftServerConfigKeys (ConfUtils.java:logGet(43)) - raft.server.rpc.request.timeout = 3000ms (default)
2019-09-18 17:33:46,950 [b0d444e7-f95d-4287-9b32-254db5ea75d4@group-930CB84686E7:LeaderElection101] INFO  server.RaftServerConfigKeys (ConfUtils.java:logGet(43)) - raft.server.log.appender.install.snapshot.enabled = false (custom)
2019-09-18 17:33:46,950 [b0d444e7-f95d-4287-9b32-254db5ea75d4@group-930CB84686E7:LeaderElection101] INFO  server.RaftServerConfigKeys (ConfUtils.java:logGet(43)) - raft.server.log.appender.snapshot.chunk.size.max = 16MB (=16777216) (default)
2019-09-18 17:33:46,950 [b0d444e7-f95d-4287-9b32-254db5ea75d4@group-930CB84686E7:LeaderElection101] INFO  server.RaftServerConfigKeys (ConfUtils.java:logGet(43)) - raft.server.log.appender.buffer.byte-limit = 33554432 (custom)
2019-09-18 17:33:46,950 [b0d444e7-f95d-4287-9b32-254db5ea75d4@group-930CB84686E7:LeaderElection101] INFO  server.RaftServerConfigKeys (ConfUtils.java:logGet(43)) - raft.server.log.appender.buffer.element-limit = 1 (custom)
2019-09-18 17:33:46,950 [b0d444e7-f95d-4287-9b32-254db5ea75d4@group-930CB84686E7:LeaderElection101] INFO  grpc.GrpcConfigKeys$Server (ConfUtils.java:logGet(43)) - raft.grpc.server.leader.outstanding.appends.max = 128 (default)
2019-09-18 17:33:46,951 [b0d444e7-f95d-4287-9b32-254db5ea75d4@group-930CB84686E7:LeaderElection101] INFO  server.RaftServerConfigKeys (ConfUtils.java:logGet(43)) - raft.server.rpc.request.timeout = 3000ms (default)
2019-09-18 17:33:46,951 [b0d444e7-f95d-4287-9b32-254db5ea75d4@group-930CB84686E7:LeaderElection101] INFO  server.RaftServerConfigKeys (ConfUtils.java:logGet(43)) - raft.server.log.appender.install.snapshot.enabled = false (custom)
2019-09-18 17:33:46,951 [b0d444e7-f95d-4287-9b32-254db5ea75d4@group-930CB84686E7:LeaderElection101] INFO  impl.RoleInfo (RoleInfo.java:updateAndGet(143)) - b0d444e7-f95d-4287-9b32-254db5ea75d4: start LeaderState
2019-09-18 17:33:46,951 [b0d444e7-f95d-4287-9b32-254db5ea75d4@group-930CB84686E7:LeaderElection101] INFO  segmented.SegmentedRaftLogWorker (SegmentedRaftLogWorker.java:rollLogSegment(385)) - b0d444e7-f95d-4287-9b32-254db5ea75d4@group-930CB84686E7-SegmentedRaftLogWorker: Rolling segment log-0_2 to index:2
2019-09-18 17:33:46,954 [b0d444e7-f95d-4287-9b32-254db5ea75d4@group-930CB84686E7:LeaderElection101] INFO  impl.RaftServerImpl (ServerState.java:setRaftConf(354)) - b0d444e7-f95d-4287-9b32-254db5ea75d4@group-930CB84686E7: set configuration 3: [06886d8d-828f-4bd3-9da8-c3e3f0fe3bff:192.168.5.155:45123, b0d444e7-f95d-4287-9b32-254db5ea75d4:192.168.5.155:45765, 8129a35d-d27c-49f3-8eb9-6cbb80484c62:192.168.5.155:41395], old=null at 3
2019-09-18 17:33:46,954 [grpc-default-executor-3] WARN  server.GrpcLogAppender (LogUtils.java:warn(134)) - b0d444e7-f95d-4287-9b32-254db5ea75d4@group-930CB84686E7->06886d8d-828f-4bd3-9da8-c3e3f0fe3bff-AppendLogResponseHandler: Failed appendEntries: org.apache.ratis.thirdparty.io.grpc.StatusRuntimeException: UNAVAILABLE: io exception
2019-09-18 17:33:46,955 [b0d444e7-f95d-4287-9b32-254db5ea75d4@group-930CB84686E7-SegmentedRaftLogWorker] INFO  segmented.SegmentedRaftLogWorker (SegmentedRaftLogWorker.java:execute(526)) - b0d444e7-f95d-4287-9b32-254db5ea75d4@group-930CB84686E7-SegmentedRaftLogWorker: Rolled log segment from /workdir/hadoop-ozone/integration-test/target/test-dir/MiniOzoneClusterImpl-37195201-b030-4955-b08c-e60a1205ff04/datanode-3/data/ratis/0773c8a8-911a-4f2f-a99e-930cb84686e7/current/log_inprogress_0 to /workdir/hadoop-ozone/integration-test/target/test-dir/MiniOzoneClusterImpl-37195201-b030-4955-b08c-e60a1205ff04/datanode-3/data/ratis/0773c8a8-911a-4f2f-a99e-930cb84686e7/current/log_0-2
2019-09-18 17:33:46,955 [grpc-default-executor-3] INFO  impl.FollowerInfo (FollowerInfo.java:lambda$new$0(51)) - b0d444e7-f95d-4287-9b32-254db5ea75d4@group-930CB84686E7->06886d8d-828f-4bd3-9da8-c3e3f0fe3bff: nextIndex: updateUnconditionally 3 -> 1
2019-09-18 17:33:46,955 [grpc-default-executor-9] INFO  impl.RaftServerImpl (ServerState.java:setLeader(253)) - 8129a35d-d27c-49f3-8eb9-6cbb80484c62@group-930CB84686E7: change Leader from null to b0d444e7-f95d-4287-9b32-254db5ea75d4 at term 2 for appendEntries, leader elected after 31ms
2019-09-18 17:33:46,958 [grpc-default-executor-9] INFO  impl.RaftServerImpl (ServerState.java:setRaftConf(354)) - 8129a35d-d27c-49f3-8eb9-6cbb80484c62@group-930CB84686E7: set configuration 3: [06886d8d-828f-4bd3-9da8-c3e3f0fe3bff:192.168.5.155:45123, b0d444e7-f95d-4287-9b32-254db5ea75d4:192.168.5.155:45765, 8129a35d-d27c-49f3-8eb9-6cbb80484c62:192.168.5.155:41395], old=null at 3
2019-09-18 17:33:46,958 [grpc-default-executor-9] INFO  segmented.SegmentedRaftLogWorker (SegmentedRaftLogWorker.java:rollLogSegment(385)) - 8129a35d-d27c-49f3-8eb9-6cbb80484c62@group-930CB84686E7-SegmentedRaftLogWorker: Rolling segment log-0_2 to index:2
2019-09-18 17:33:46,959 [8129a35d-d27c-49f3-8eb9-6cbb80484c62@group-930CB84686E7-SegmentedRaftLogWorker] INFO  segmented.SegmentedRaftLogWorker (SegmentedRaftLogWorker.java:execute(526)) - 8129a35d-d27c-49f3-8eb9-6cbb80484c62@group-930CB84686E7-SegmentedRaftLogWorker: Rolled log segment from /workdir/hadoop-ozone/integration-test/target/test-dir/MiniOzoneClusterImpl-37195201-b030-4955-b08c-e60a1205ff04/datanode-4/data/ratis/0773c8a8-911a-4f2f-a99e-930cb84686e7/current/log_inprogress_0 to /workdir/hadoop-ozone/integration-test/target/test-dir/MiniOzoneClusterImpl-37195201-b030-4955-b08c-e60a1205ff04/datanode-4/data/ratis/0773c8a8-911a-4f2f-a99e-930cb84686e7/current/log_0-2
2019-09-18 17:33:47,004 [b0d444e7-f95d-4287-9b32-254db5ea75d4@group-930CB84686E7-SegmentedRaftLogWorker] INFO  segmented.SegmentedRaftLogWorker (SegmentedRaftLogWorker.java:execute(569)) - b0d444e7-f95d-4287-9b32-254db5ea75d4@group-930CB84686E7-SegmentedRaftLogWorker: created new log segment /workdir/hadoop-ozone/integration-test/target/test-dir/MiniOzoneClusterImpl-37195201-b030-4955-b08c-e60a1205ff04/datanode-3/data/ratis/0773c8a8-911a-4f2f-a99e-930cb84686e7/current/log_inprogress_3
2019-09-18 17:33:47,004 [8129a35d-d27c-49f3-8eb9-6cbb80484c62@group-930CB84686E7-SegmentedRaftLogWorker] INFO  segmented.SegmentedRaftLogWorker (SegmentedRaftLogWorker.java:execute(569)) - 8129a35d-d27c-49f3-8eb9-6cbb80484c62@group-930CB84686E7-SegmentedRaftLogWorker: created new log segment /workdir/hadoop-ozone/integration-test/target/test-dir/MiniOzoneClusterImpl-37195201-b030-4955-b08c-e60a1205ff04/datanode-4/data/ratis/0773c8a8-911a-4f2f-a99e-930cb84686e7/current/log_inprogress_3
2019-09-18 17:33:47,019 [grpc-default-executor-8] WARN  server.GrpcLogAppender (LogUtils.java:warn(134)) - b0d444e7-f95d-4287-9b32-254db5ea75d4@group-930CB84686E7->06886d8d-828f-4bd3-9da8-c3e3f0fe3bff-AppendLogResponseHandler: Failed appendEntries: org.apache.ratis.thirdparty.io.grpc.StatusRuntimeException: UNAVAILABLE: io exception
2019-09-18 17:33:47,019 [grpc-default-executor-8] INFO  impl.FollowerInfo (FollowerInfo.java:lambda$new$0(51)) - b0d444e7-f95d-4287-9b32-254db5ea75d4@group-930CB84686E7->06886d8d-828f-4bd3-9da8-c3e3f0fe3bff: nextIndex: updateUnconditionally 2 -> 1
2019-09-18 17:33:47,028 [grpc-default-executor-3] WARN  server.GrpcLogAppender (LogUtils.java:warn(134)) - b0d444e7-f95d-4287-9b32-254db5ea75d4@group-930CB84686E7->06886d8d-828f-4bd3-9da8-c3e3f0fe3bff-AppendLogResponseHandler: Failed appendEntries: org.apache.ratis.thirdparty.io.grpc.StatusRuntimeException: UNAVAILABLE: io exception
2019-09-18 17:33:47,028 [grpc-default-executor-3] INFO  impl.FollowerInfo (FollowerInfo.java:lambda$new$0(51)) - b0d444e7-f95d-4287-9b32-254db5ea75d4@group-930CB84686E7->06886d8d-828f-4bd3-9da8-c3e3f0fe3bff: nextIndex: updateUnconditionally 2 -> 1
2019-09-18 17:33:47,577 [grpc-default-executor-8] INFO  client.GrpcClientProtocolClient (GrpcClientProtocolClient.java:onNext(264)) - client-31620CA72C66->8129a35d-d27c-49f3-8eb9-6cbb80484c62: receive RaftClientReply:client-31620CA72C66->8129a35d-d27c-49f3-8eb9-6cbb80484c62@group-930CB84686E7, cid=104, FAILED org.apache.ratis.protocol.NotLeaderException: Server 8129a35d-d27c-49f3-8eb9-6cbb80484c62@group-930CB84686E7 is not the leader b0d444e7-f95d-4287-9b32-254db5ea75d4:192.168.5.155:45765, logIndex=0, commits[8129a35d-d27c-49f3-8eb9-6cbb80484c62:c3, 06886d8d-828f-4bd3-9da8-c3e3f0fe3bff:c2, b0d444e7-f95d-4287-9b32-254db5ea75d4:c3]
2019-09-18 17:33:47,584 [grpc-default-executor-9] WARN  server.GrpcLogAppender (LogUtils.java:warn(134)) - b0d444e7-f95d-4287-9b32-254db5ea75d4@group-930CB84686E7->06886d8d-828f-4bd3-9da8-c3e3f0fe3bff-AppendLogResponseHandler: Failed appendEntries: org.apache.ratis.thirdparty.io.grpc.StatusRuntimeException: UNAVAILABLE: io exception
2019-09-18 17:33:47,585 [grpc-default-executor-9] INFO  impl.FollowerInfo (FollowerInfo.java:lambda$new$0(51)) - b0d444e7-f95d-4287-9b32-254db5ea75d4@group-930CB84686E7->06886d8d-828f-4bd3-9da8-c3e3f0fe3bff: nextIndex: updateUnconditionally 2 -> 1
2019-09-18 17:33:49,908 [grpc-default-executor-3] WARN  server.GrpcLogAppender (LogUtils.java:warn(134)) - b0d444e7-f95d-4287-9b32-254db5ea75d4@group-930CB84686E7->06886d8d-828f-4bd3-9da8-c3e3f0fe3bff-AppendLogResponseHandler: Failed appendEntries: org.apache.ratis.thirdparty.io.grpc.StatusRuntimeException: UNAVAILABLE: io exception
2019-09-18 17:33:49,909 [grpc-default-executor-3] INFO  impl.FollowerInfo (FollowerInfo.java:lambda$new$0(51)) - b0d444e7-f95d-4287-9b32-254db5ea75d4@group-930CB84686E7->06886d8d-828f-4bd3-9da8-c3e3f0fe3bff: nextIndex: updateUnconditionally 2 -> 1
]]></system-out>
    <system-err><![CDATA[Sep 18, 2019 5:33:26 PM org.apache.ratis.thirdparty.io.grpc.internal.ManagedChannelOrphanWrapper$ManagedChannelReference cleanQueue
SEVERE: *~*~*~ Channel ManagedChannelImpl{logId=1314, target=192.168.5.155:36333} was not shutdown properly!!! ~*~*~*
    Make sure to call shutdown()/shutdownNow() and wait until awaitTermination() returns true.
java.lang.RuntimeException: ManagedChannel allocation site
	at org.apache.ratis.thirdparty.io.grpc.internal.ManagedChannelOrphanWrapper$ManagedChannelReference.<init>(ManagedChannelOrphanWrapper.java:103)
	at org.apache.ratis.thirdparty.io.grpc.internal.ManagedChannelOrphanWrapper.<init>(ManagedChannelOrphanWrapper.java:53)
	at org.apache.ratis.thirdparty.io.grpc.internal.ManagedChannelOrphanWrapper.<init>(ManagedChannelOrphanWrapper.java:44)
	at org.apache.ratis.thirdparty.io.grpc.internal.AbstractManagedChannelImplBuilder.build(AbstractManagedChannelImplBuilder.java:411)
	at org.apache.ratis.grpc.client.GrpcClientProtocolClient.<init>(GrpcClientProtocolClient.java:127)
	at org.apache.ratis.grpc.client.GrpcClientRpc.lambda$new$0(GrpcClientRpc.java:55)
	at org.apache.ratis.util.PeerProxyMap$PeerAndProxy.lambda$getProxy$0(PeerProxyMap.java:61)
	at org.apache.ratis.util.LifeCycle.startAndTransition(LifeCycle.java:202)
	at org.apache.ratis.util.PeerProxyMap$PeerAndProxy.getProxy(PeerProxyMap.java:60)
	at org.apache.ratis.util.PeerProxyMap.getProxy(PeerProxyMap.java:108)
	at org.apache.ratis.grpc.client.GrpcClientRpc.sendRequestAsync(GrpcClientRpc.java:66)
	at org.apache.ratis.client.impl.OrderedAsync.sendRequest(OrderedAsync.java:208)
	at org.apache.ratis.client.impl.OrderedAsync.sendRequestWithRetry(OrderedAsync.java:169)
	at org.apache.ratis.util.SlidingWindow$Client.sendOrDelayRequest(SlidingWindow.java:278)
	at org.apache.ratis.util.SlidingWindow$Client.retry(SlidingWindow.java:294)
	at org.apache.ratis.client.impl.OrderedAsync.lambda$scheduleWithTimeout$7(OrderedAsync.java:195)
	at org.apache.ratis.util.TimeoutScheduler.lambda$onTimeout$0(TimeoutScheduler.java:113)
	at org.apache.ratis.util.TimeoutScheduler.lambda$onTimeout$1(TimeoutScheduler.java:133)
	at org.apache.ratis.util.LogUtils.runAndLog(LogUtils.java:50)
	at org.apache.ratis.util.LogUtils$1.run(LogUtils.java:91)
	at java.util.concurrent.Executors$RunnableAdapter.call(Executors.java:511)
	at java.util.concurrent.FutureTask.run(FutureTask.java:266)
	at java.util.concurrent.ScheduledThreadPoolExecutor$ScheduledFutureTask.access$201(ScheduledThreadPoolExecutor.java:180)
	at java.util.concurrent.ScheduledThreadPoolExecutor$ScheduledFutureTask.run(ScheduledThreadPoolExecutor.java:293)
	at java.util.concurrent.ThreadPoolExecutor.runWorker(ThreadPoolExecutor.java:1149)
	at java.util.concurrent.ThreadPoolExecutor$Worker.run(ThreadPoolExecutor.java:624)
	at java.lang.Thread.run(Thread.java:748)

Sep 18, 2019 5:33:26 PM org.apache.ratis.thirdparty.io.grpc.internal.ManagedChannelOrphanWrapper$ManagedChannelReference cleanQueue
SEVERE: *~*~*~ Channel ManagedChannelImpl{logId=1066, target=192.168.5.155:41044} was not shutdown properly!!! ~*~*~*
    Make sure to call shutdown()/shutdownNow() and wait until awaitTermination() returns true.
java.lang.RuntimeException: ManagedChannel allocation site
	at org.apache.ratis.thirdparty.io.grpc.internal.ManagedChannelOrphanWrapper$ManagedChannelReference.<init>(ManagedChannelOrphanWrapper.java:103)
	at org.apache.ratis.thirdparty.io.grpc.internal.ManagedChannelOrphanWrapper.<init>(ManagedChannelOrphanWrapper.java:53)
	at org.apache.ratis.thirdparty.io.grpc.internal.ManagedChannelOrphanWrapper.<init>(ManagedChannelOrphanWrapper.java:44)
	at org.apache.ratis.thirdparty.io.grpc.internal.AbstractManagedChannelImplBuilder.build(AbstractManagedChannelImplBuilder.java:411)
	at org.apache.ratis.grpc.client.GrpcClientProtocolClient.<init>(GrpcClientProtocolClient.java:127)
	at org.apache.ratis.grpc.client.GrpcClientRpc.lambda$new$0(GrpcClientRpc.java:55)
	at org.apache.ratis.util.PeerProxyMap$PeerAndProxy.lambda$getProxy$0(PeerProxyMap.java:61)
	at org.apache.ratis.util.LifeCycle.startAndTransition(LifeCycle.java:202)
	at org.apache.ratis.util.PeerProxyMap$PeerAndProxy.getProxy(PeerProxyMap.java:60)
	at org.apache.ratis.util.PeerProxyMap.getProxy(PeerProxyMap.java:108)
	at org.apache.ratis.grpc.client.GrpcClientRpc.sendRequestAsyncUnordered(GrpcClientRpc.java:78)
	at org.apache.ratis.client.impl.UnorderedAsync.sendRequestWithRetry(UnorderedAsync.java:75)
	at org.apache.ratis.client.impl.UnorderedAsync.lambda$null$2(UnorderedAsync.java:120)
	at org.apache.ratis.util.TimeoutScheduler.lambda$onTimeout$0(TimeoutScheduler.java:113)
	at org.apache.ratis.util.TimeoutScheduler.lambda$onTimeout$1(TimeoutScheduler.java:133)
	at org.apache.ratis.util.LogUtils.runAndLog(LogUtils.java:50)
	at org.apache.ratis.util.LogUtils$1.run(LogUtils.java:91)
	at java.util.concurrent.Executors$RunnableAdapter.call(Executors.java:511)
	at java.util.concurrent.FutureTask.run(FutureTask.java:266)
	at java.util.concurrent.ScheduledThreadPoolExecutor$ScheduledFutureTask.access$201(ScheduledThreadPoolExecutor.java:180)
	at java.util.concurrent.ScheduledThreadPoolExecutor$ScheduledFutureTask.run(ScheduledThreadPoolExecutor.java:293)
	at java.util.concurrent.ThreadPoolExecutor.runWorker(ThreadPoolExecutor.java:1149)
	at java.util.concurrent.ThreadPoolExecutor$Worker.run(ThreadPoolExecutor.java:624)
	at java.lang.Thread.run(Thread.java:748)

Sep 18, 2019 5:33:26 PM org.apache.ratis.thirdparty.io.grpc.internal.ManagedChannelOrphanWrapper$ManagedChannelReference cleanQueue
SEVERE: *~*~*~ Channel ManagedChannelImpl{logId=650, target=192.168.5.155:42947} was not shutdown properly!!! ~*~*~*
    Make sure to call shutdown()/shutdownNow() and wait until awaitTermination() returns true.
java.lang.RuntimeException: ManagedChannel allocation site
	at org.apache.ratis.thirdparty.io.grpc.internal.ManagedChannelOrphanWrapper$ManagedChannelReference.<init>(ManagedChannelOrphanWrapper.java:103)
	at org.apache.ratis.thirdparty.io.grpc.internal.ManagedChannelOrphanWrapper.<init>(ManagedChannelOrphanWrapper.java:53)
	at org.apache.ratis.thirdparty.io.grpc.internal.ManagedChannelOrphanWrapper.<init>(ManagedChannelOrphanWrapper.java:44)
	at org.apache.ratis.thirdparty.io.grpc.internal.AbstractManagedChannelImplBuilder.build(AbstractManagedChannelImplBuilder.java:411)
	at org.apache.ratis.grpc.client.GrpcClientProtocolClient.<init>(GrpcClientProtocolClient.java:127)
	at org.apache.ratis.grpc.client.GrpcClientRpc.lambda$new$0(GrpcClientRpc.java:55)
	at org.apache.ratis.util.PeerProxyMap$PeerAndProxy.lambda$getProxy$0(PeerProxyMap.java:61)
	at org.apache.ratis.util.LifeCycle.startAndTransition(LifeCycle.java:202)
	at org.apache.ratis.util.PeerProxyMap$PeerAndProxy.getProxy(PeerProxyMap.java:60)
	at org.apache.ratis.util.PeerProxyMap.getProxy(PeerProxyMap.java:108)
	at org.apache.ratis.grpc.client.GrpcClientRpc.sendRequestAsyncUnordered(GrpcClientRpc.java:78)
	at org.apache.ratis.client.impl.UnorderedAsync.sendRequestWithRetry(UnorderedAsync.java:75)
	at org.apache.ratis.client.impl.UnorderedAsync.lambda$null$2(UnorderedAsync.java:120)
	at org.apache.ratis.util.TimeoutScheduler.lambda$onTimeout$0(TimeoutScheduler.java:113)
	at org.apache.ratis.util.TimeoutScheduler.lambda$onTimeout$1(TimeoutScheduler.java:133)
	at org.apache.ratis.util.LogUtils.runAndLog(LogUtils.java:50)
	at org.apache.ratis.util.LogUtils$1.run(LogUtils.java:91)
	at java.util.concurrent.Executors$RunnableAdapter.call(Executors.java:511)
	at java.util.concurrent.FutureTask.run(FutureTask.java:266)
	at java.util.concurrent.ScheduledThreadPoolExecutor$ScheduledFutureTask.access$201(ScheduledThreadPoolExecutor.java:180)
	at java.util.concurrent.ScheduledThreadPoolExecutor$ScheduledFutureTask.run(ScheduledThreadPoolExecutor.java:293)
	at java.util.concurrent.ThreadPoolExecutor.runWorker(ThreadPoolExecutor.java:1149)
	at java.util.concurrent.ThreadPoolExecutor$Worker.run(ThreadPoolExecutor.java:624)
	at java.lang.Thread.run(Thread.java:748)

]]></system-err>
  </testcase>
</testsuite>