<?xml version="1.0" encoding="UTF-8"?>
<testsuite xmlns:xsi="http://www.w3.org/2001/XMLSchema-instance" xsi:noNamespaceSchemaLocation="https://maven.apache.org/surefire/maven-surefire-plugin/xsd/surefire-test-report.xsd" name="org.apache.hadoop.ozone.client.rpc.TestCommitWatcher" time="58.956" tests="2" errors="0" skipped="0" failures="1">
  <properties>
    <property name="awt.toolkit" value="sun.awt.X11.XToolkit"/>
    <property name="file.encoding.pkg" value="sun.io"/>
    <property name="java.specification.version" value="1.8"/>
    <property name="sun.cpu.isalist" value=""/>
    <property name="sun.jnu.encoding" value="UTF-8"/>
    <property name="java.class.path" value="/workdir/hadoop-ozone/integration-test/target/test-classes:/workdir/hadoop-ozone/integration-test/target/classes:/home/user/.m2/repository/org/apache/hadoop/hadoop-ozone-common/0.4.1-SNAPSHOT/hadoop-ozone-common-0.4.1-SNAPSHOT.jar:/home/user/.m2/repository/org/apache/commons/commons-compress/1.4.1/commons-compress-1.4.1.jar:/home/user/.m2/repository/org/tukaani/xz/1.0/xz-1.0.jar:/home/user/.m2/repository/org/apache/hadoop/hadoop-common/3.2.0/hadoop-common-3.2.0.jar:/home/user/.m2/repository/org/apache/hadoop/hadoop-hdfs/3.2.0/hadoop-hdfs-3.2.0.jar:/home/user/.m2/repository/org/apache/hadoop/hadoop-hdfs-client/3.2.0/hadoop-hdfs-client-3.2.0.jar:/home/user/.m2/repository/com/fasterxml/jackson/core/jackson-annotations/2.9.5/jackson-annotations-2.9.5.jar:/home/user/.m2/repository/org/apache/hadoop/hadoop-hdds-common/0.4.1-SNAPSHOT/hadoop-hdds-common-0.4.1-SNAPSHOT.jar:/home/user/.m2/repository/javax/annotation/javax.annotation-api/1.2/javax.annotation-api-1.2.jar:/home/user/.m2/repository/org/apache/ratis/ratis-server/0.4.0-2337318-SNAPSHOT/ratis-server-0.4.0-2337318-SNAPSHOT.jar:/home/user/.m2/repository/org/apache/ratis/ratis-thirdparty-misc/0.2.0/ratis-thirdparty-misc-0.2.0.jar:/home/user/.m2/repository/org/apache/ratis/ratis-proto/0.4.0-2337318-SNAPSHOT/ratis-proto-0.4.0-2337318-SNAPSHOT.jar:/home/user/.m2/repository/org/apache/ratis/ratis-common/0.4.0-2337318-SNAPSHOT/ratis-common-0.4.0-2337318-SNAPSHOT.jar:/home/user/.m2/repository/org/apache/ratis/ratis-client/0.4.0-2337318-SNAPSHOT/ratis-client-0.4.0-2337318-SNAPSHOT.jar:/home/user/.m2/repository/org/apache/ratis/ratis-metrics/0.4.0-2337318-SNAPSHOT/ratis-metrics-0.4.0-2337318-SNAPSHOT.jar:/home/user/.m2/repository/org/apache/ratis/ratis-netty/0.4.0-2337318-SNAPSHOT/ratis-netty-0.4.0-2337318-SNAPSHOT.jar:/home/user/.m2/repository/org/apache/ratis/ratis-grpc/0.4.0-2337318-SNAPSHOT/ratis-grpc-0.4.0-2337318-SNAPSHOT.jar:/home/user/.m2/repository/org/rocksdb/rocksdbjni/6.0.1/rocksdbjni-6.0.1.jar:/home/user/.m2/repository/org/apache/logging/log4j/log4j-api/2.11.0/log4j-api-2.11.0.jar:/home/user/.m2/repository/org/apache/logging/log4j/log4j-core/2.11.0/log4j-core-2.11.0.jar:/home/user/.m2/repository/com/lmax/disruptor/3.4.2/disruptor-3.4.2.jar:/home/user/.m2/repository/org/apache/commons/commons-pool2/2.6.0/commons-pool2-2.6.0.jar:/home/user/.m2/repository/org/bouncycastle/bcpkix-jdk15on/1.60/bcpkix-jdk15on-1.60.jar:/home/user/.m2/repository/commons-validator/commons-validator/1.6/commons-validator-1.6.jar:/home/user/.m2/repository/commons-digester/commons-digester/1.8.1/commons-digester-1.8.1.jar:/home/user/.m2/repository/io/jaegertracing/jaeger-client/0.33.1/jaeger-client-0.33.1.jar:/home/user/.m2/repository/io/jaegertracing/jaeger-thrift/0.33.1/jaeger-thrift-0.33.1.jar:/home/user/.m2/repository/org/apache/thrift/libthrift/0.11.0/libthrift-0.11.0.jar:/home/user/.m2/repository/com/squareup/okhttp3/okhttp/3.9.0/okhttp-3.9.0.jar:/home/user/.m2/repository/com/squareup/okio/okio/1.13.0/okio-1.13.0.jar:/home/user/.m2/repository/io/jaegertracing/jaeger-core/0.33.1/jaeger-core-0.33.1.jar:/home/user/.m2/repository/io/jaegertracing/jaeger-tracerresolver/0.33.1/jaeger-tracerresolver-0.33.1.jar:/home/user/.m2/repository/io/opentracing/contrib/opentracing-tracerresolver/0.1.5/opentracing-tracerresolver-0.1.5.jar:/home/user/.m2/repository/io/opentracing/opentracing-util/0.31.0/opentracing-util-0.31.0.jar:/home/user/.m2/repository/io/opentracing/opentracing-api/0.31.0/opentracing-api-0.31.0.jar:/home/user/.m2/repository/io/opentracing/opentracing-noop/0.31.0/opentracing-noop-0.31.0.jar:/home/user/.m2/repository/org/apache/hadoop/hadoop-hdds-server-framework/0.4.1-SNAPSHOT/hadoop-hdds-server-framework-0.4.1-SNAPSHOT.jar:/home/user/.m2/repository/org/apache/hadoop/hadoop-hdds-container-service/0.4.1-SNAPSHOT/hadoop-hdds-container-service-0.4.1-SNAPSHOT.jar:/home/user/.m2/repository/org/apache/hadoop/hadoop-hdds-client/0.4.1-SNAPSHOT/hadoop-hdds-client-0.4.1-SNAPSHOT.jar:/home/user/.m2/repository/org/apache/hadoop/hadoop-hdds-tools/0.4.1-SNAPSHOT/hadoop-hdds-tools-0.4.1-SNAPSHOT.jar:/home/user/.m2/repository/org/apache/hadoop/hadoop-hdds-server-scm/0.4.1-SNAPSHOT/hadoop-hdds-server-scm-0.4.1-SNAPSHOT.jar:/home/user/.m2/repository/org/apache/hadoop/hadoop-hdds-docs/0.4.1-SNAPSHOT/hadoop-hdds-docs-0.4.1-SNAPSHOT.jar:/home/user/.m2/repository/io/dropwizard/metrics/metrics-core/3.2.4/metrics-core-3.2.4.jar:/home/user/.m2/repository/org/hamcrest/hamcrest-all/1.3/hamcrest-all-1.3.jar:/home/user/.m2/repository/org/bouncycastle/bcprov-jdk15on/1.60/bcprov-jdk15on-1.60.jar:/home/user/.m2/repository/info/picocli/picocli/3.9.6/picocli-3.9.6.jar:/home/user/.m2/repository/com/google/protobuf/protobuf-java/2.5.0/protobuf-java-2.5.0.jar:/home/user/.m2/repository/com/google/guava/guava/11.0.2/guava-11.0.2.jar:/home/user/.m2/repository/org/apache/hadoop/hadoop-ozone-ozone-manager/0.4.1-SNAPSHOT/hadoop-ozone-ozone-manager-0.4.1-SNAPSHOT.jar:/home/user/.m2/repository/org/apache/hadoop/hadoop-minikdc/3.2.0/hadoop-minikdc-3.2.0.jar:/home/user/.m2/repository/commons-io/commons-io/2.5/commons-io-2.5.jar:/home/user/.m2/repository/org/apache/kerby/kerb-simplekdc/1.0.1/kerb-simplekdc-1.0.1.jar:/home/user/.m2/repository/org/apache/kerby/kerb-client/1.0.1/kerb-client-1.0.1.jar:/home/user/.m2/repository/org/apache/kerby/kerby-config/1.0.1/kerby-config-1.0.1.jar:/home/user/.m2/repository/org/apache/kerby/kerb-core/1.0.1/kerb-core-1.0.1.jar:/home/user/.m2/repository/org/apache/kerby/kerby-pkix/1.0.1/kerby-pkix-1.0.1.jar:/home/user/.m2/repository/org/apache/kerby/kerby-asn1/1.0.1/kerby-asn1-1.0.1.jar:/home/user/.m2/repository/org/apache/kerby/kerby-util/1.0.1/kerby-util-1.0.1.jar:/home/user/.m2/repository/org/apache/kerby/kerb-common/1.0.1/kerb-common-1.0.1.jar:/home/user/.m2/repository/org/apache/kerby/kerb-crypto/1.0.1/kerb-crypto-1.0.1.jar:/home/user/.m2/repository/org/apache/kerby/kerb-util/1.0.1/kerb-util-1.0.1.jar:/home/user/.m2/repository/org/apache/kerby/token-provider/1.0.1/token-provider-1.0.1.jar:/home/user/.m2/repository/org/apache/kerby/kerb-admin/1.0.1/kerb-admin-1.0.1.jar:/home/user/.m2/repository/org/apache/kerby/kerb-server/1.0.1/kerb-server-1.0.1.jar:/home/user/.m2/repository/org/apache/kerby/kerb-identity/1.0.1/kerb-identity-1.0.1.jar:/home/user/.m2/repository/org/apache/kerby/kerby-xdr/1.0.1/kerby-xdr-1.0.1.jar:/home/user/.m2/repository/org/slf4j/slf4j-log4j12/1.7.25/slf4j-log4j12-1.7.25.jar:/home/user/.m2/repository/org/apache/hadoop/hadoop-ozone-objectstore-service/0.4.1-SNAPSHOT/hadoop-ozone-objectstore-service-0.4.1-SNAPSHOT.jar:/home/user/.m2/repository/org/apache/hadoop/hadoop-ozone-s3gateway/0.4.1-SNAPSHOT/hadoop-ozone-s3gateway-0.4.1-SNAPSHOT.jar:/home/user/.m2/repository/org/jboss/weld/servlet/weld-servlet/2.4.7.Final/weld-servlet-2.4.7.Final.jar:/home/user/.m2/repository/org/glassfish/jersey/containers/jersey-container-servlet-core/2.27/jersey-container-servlet-core-2.27.jar:/home/user/.m2/repository/org/glassfish/hk2/external/javax.inject/2.5.0-b42/javax.inject-2.5.0-b42.jar:/home/user/.m2/repository/org/glassfish/jersey/core/jersey-common/2.27/jersey-common-2.27.jar:/home/user/.m2/repository/org/glassfish/hk2/osgi-resource-locator/1.0.1/osgi-resource-locator-1.0.1.jar:/home/user/.m2/repository/javax/ws/rs/javax.ws.rs-api/2.1/javax.ws.rs-api-2.1.jar:/home/user/.m2/repository/org/glassfish/jersey/ext/cdi/jersey-cdi1x/2.27/jersey-cdi1x-2.27.jar:/home/user/.m2/repository/org/glassfish/jersey/inject/jersey-hk2/2.27/jersey-hk2-2.27.jar:/home/user/.m2/repository/org/glassfish/hk2/hk2-locator/2.5.0-b42/hk2-locator-2.5.0-b42.jar:/home/user/.m2/repository/org/javassist/javassist/3.22.0-CR2/javassist-3.22.0-CR2.jar:/home/user/.m2/repository/org/glassfish/hk2/hk2-api/2.5.0/hk2-api-2.5.0.jar:/home/user/.m2/repository/org/glassfish/hk2/external/jakarta.inject/2.5.0/jakarta.inject-2.5.0.jar:/home/user/.m2/repository/org/glassfish/hk2/hk2-utils/2.5.0/hk2-utils-2.5.0.jar:/home/user/.m2/repository/jakarta/annotation/jakarta.annotation-api/1.3.4/jakarta.annotation-api-1.3.4.jar:/home/user/.m2/repository/org/glassfish/hk2/external/aopalliance-repackaged/2.5.0/aopalliance-repackaged-2.5.0.jar:/home/user/.m2/repository/com/fasterxml/jackson/dataformat/jackson-dataformat-xml/2.9.0/jackson-dataformat-xml-2.9.0.jar:/home/user/.m2/repository/com/fasterxml/jackson/core/jackson-core/2.9.5/jackson-core-2.9.5.jar:/home/user/.m2/repository/com/fasterxml/jackson/module/jackson-module-jaxb-annotations/2.9.5/jackson-module-jaxb-annotations-2.9.5.jar:/home/user/.m2/repository/javax/enterprise/cdi-api/1.2/cdi-api-1.2.jar:/home/user/.m2/repository/javax/el/javax.el-api/3.0.0/javax.el-api-3.0.0.jar:/home/user/.m2/repository/javax/interceptor/javax.interceptor-api/1.2/javax.interceptor-api-1.2.jar:/home/user/.m2/repository/javax/inject/javax.inject/1/javax.inject-1.jar:/home/user/.m2/repository/com/sun/xml/bind/jaxb-impl/2.3.0.1/jaxb-impl-2.3.0.1.jar:/home/user/.m2/repository/com/sun/xml/bind/jaxb-core/2.3.0.1/jaxb-core-2.3.0.1.jar:/home/user/.m2/repository/javax/xml/bind/jaxb-api/2.3.0/jaxb-api-2.3.0.jar:/home/user/.m2/repository/javax/activation/activation/1.1.1/activation-1.1.1.jar:/home/user/.m2/repository/org/apache/hadoop/hadoop-ozone-csi/0.4.1-SNAPSHOT/hadoop-ozone-csi-0.4.1-SNAPSHOT.jar:/home/user/.m2/repository/com/google/protobuf/protobuf-java-util/3.5.1/protobuf-java-util-3.5.1.jar:/home/user/.m2/repository/org/apache/hadoop/hadoop-hdds-config/0.4.1-SNAPSHOT/hadoop-hdds-config-0.4.1-SNAPSHOT.jar:/home/user/.m2/repository/io/grpc/grpc-netty/1.17.1/grpc-netty-1.17.1.jar:/home/user/.m2/repository/io/grpc/grpc-core/1.17.1/grpc-core-1.17.1.jar:/home/user/.m2/repository/io/grpc/grpc-context/1.17.1/grpc-context-1.17.1.jar:/home/user/.m2/repository/com/google/errorprone/error_prone_annotations/2.2.0/error_prone_annotations-2.2.0.jar:/home/user/.m2/repository/org/codehaus/mojo/animal-sniffer-annotations/1.17/animal-sniffer-annotations-1.17.jar:/home/user/.m2/repository/io/opencensus/opencensus-api/0.17.0/opencensus-api-0.17.0.jar:/home/user/.m2/repository/io/opencensus/opencensus-contrib-grpc-metrics/0.17.0/opencensus-contrib-grpc-metrics-0.17.0.jar:/home/user/.m2/repository/io/netty/netty-codec-http2/4.1.30.Final/netty-codec-http2-4.1.30.Final.jar:/home/user/.m2/repository/io/netty/netty-codec-http/4.1.30.Final/netty-codec-http-4.1.30.Final.jar:/home/user/.m2/repository/io/netty/netty-codec/4.1.30.Final/netty-codec-4.1.30.Final.jar:/home/user/.m2/repository/io/netty/netty-handler/4.1.30.Final/netty-handler-4.1.30.Final.jar:/home/user/.m2/repository/io/netty/netty-handler-proxy/4.1.30.Final/netty-handler-proxy-4.1.30.Final.jar:/home/user/.m2/repository/io/netty/netty-codec-socks/4.1.30.Final/netty-codec-socks-4.1.30.Final.jar:/home/user/.m2/repository/io/netty/netty-transport-native-epoll/4.1.30.Final/netty-transport-native-epoll-4.1.30.Final.jar:/home/user/.m2/repository/io/netty/netty-common/4.1.30.Final/netty-common-4.1.30.Final.jar:/home/user/.m2/repository/io/netty/netty-buffer/4.1.30.Final/netty-buffer-4.1.30.Final.jar:/home/user/.m2/repository/io/netty/netty-transport/4.1.30.Final/netty-transport-4.1.30.Final.jar:/home/user/.m2/repository/io/netty/netty-resolver/4.1.30.Final/netty-resolver-4.1.30.Final.jar:/home/user/.m2/repository/io/netty/netty-transport-native-unix-common/4.1.30.Final/netty-transport-native-unix-common-4.1.30.Final.jar:/home/user/.m2/repository/io/grpc/grpc-protobuf/1.17.1/grpc-protobuf-1.17.1.jar:/home/user/.m2/repository/com/google/api/grpc/proto-google-common-protos/1.0.0/proto-google-common-protos-1.0.0.jar:/home/user/.m2/repository/io/grpc/grpc-protobuf-lite/1.17.1/grpc-protobuf-lite-1.17.1.jar:/home/user/.m2/repository/io/grpc/grpc-stub/1.17.1/grpc-stub-1.17.1.jar:/home/user/.m2/repository/org/apache/hadoop/hadoop-ozone-recon/0.4.1-SNAPSHOT/hadoop-ozone-recon-0.4.1-SNAPSHOT.jar:/home/user/.m2/repository/org/apache/hadoop/hadoop-ozone-reconcodegen/0.4.1-SNAPSHOT/hadoop-ozone-reconcodegen-0.4.1-SNAPSHOT.jar:/home/user/.m2/repository/com/google/inject/extensions/guice-multibindings/4.0/guice-multibindings-4.0.jar:/home/user/.m2/repository/com/google/inject/guice/4.0/guice-4.0.jar:/home/user/.m2/repository/aopalliance/aopalliance/1.0/aopalliance-1.0.jar:/home/user/.m2/repository/com/google/inject/extensions/guice-servlet/4.0/guice-servlet-4.0.jar:/home/user/.m2/repository/org/glassfish/jersey/containers/jersey-container-servlet/2.27/jersey-container-servlet-2.27.jar:/home/user/.m2/repository/org/glassfish/hk2/guice-bridge/2.5.0/guice-bridge-2.5.0.jar:/home/user/.m2/repository/org/glassfish/jersey/core/jersey-server/2.27/jersey-server-2.27.jar:/home/user/.m2/repository/org/glassfish/jersey/core/jersey-client/2.27/jersey-client-2.27.jar:/home/user/.m2/repository/org/glassfish/jersey/media/jersey-media-jaxb/2.27/jersey-media-jaxb-2.27.jar:/home/user/.m2/repository/javax/validation/validation-api/1.1.0.Final/validation-api-1.1.0.Final.jar:/home/user/.m2/repository/org/glassfish/jersey/media/jersey-media-json-jackson/2.27/jersey-media-json-jackson-2.27.jar:/home/user/.m2/repository/org/glassfish/jersey/ext/jersey-entity-filtering/2.27/jersey-entity-filtering-2.27.jar:/home/user/.m2/repository/com/google/inject/extensions/guice-assistedinject/4.0/guice-assistedinject-4.0.jar:/home/user/.m2/repository/org/jooq/jooq/3.11.10/jooq-3.11.10.jar:/home/user/.m2/repository/org/jooq/jooq-meta/3.11.10/jooq-meta-3.11.10.jar:/home/user/.m2/repository/org/jooq/jooq-codegen/3.11.10/jooq-codegen-3.11.10.jar:/home/user/.m2/repository/com/jolbox/bonecp/0.8.0.RELEASE/bonecp-0.8.0.RELEASE.jar:/home/user/.m2/repository/org/xerial/sqlite-jdbc/3.25.2/sqlite-jdbc-3.25.2.jar:/home/user/.m2/repository/org/springframework/spring-jdbc/5.1.3.RELEASE/spring-jdbc-5.1.3.RELEASE.jar:/home/user/.m2/repository/org/springframework/spring-beans/5.1.3.RELEASE/spring-beans-5.1.3.RELEASE.jar:/home/user/.m2/repository/org/springframework/spring-core/5.1.3.RELEASE/spring-core-5.1.3.RELEASE.jar:/home/user/.m2/repository/org/springframework/spring-jcl/5.1.3.RELEASE/spring-jcl-5.1.3.RELEASE.jar:/home/user/.m2/repository/org/springframework/spring-tx/5.1.3.RELEASE/spring-tx-5.1.3.RELEASE.jar:/home/user/.m2/repository/org/apache/hadoop/hadoop-ozone-client/0.4.1-SNAPSHOT/hadoop-ozone-client-0.4.1-SNAPSHOT.jar:/home/user/.m2/repository/commons-lang/commons-lang/2.6/commons-lang-2.6.jar:/home/user/.m2/repository/org/apache/hadoop/hadoop-ozone-ozone-manager/0.4.1-SNAPSHOT/hadoop-ozone-ozone-manager-0.4.1-SNAPSHOT-tests.jar:/home/user/.m2/repository/junit/junit/4.11/junit-4.11.jar:/home/user/.m2/repository/org/hamcrest/hamcrest-core/1.3/hamcrest-core-1.3.jar:/home/user/.m2/repository/org/openjdk/jmh/jmh-core/1.19/jmh-core-1.19.jar:/home/user/.m2/repository/net/sf/jopt-simple/jopt-simple/4.6/jopt-simple-4.6.jar:/home/user/.m2/repository/org/apache/commons/commons-math3/3.1.1/commons-math3-3.1.1.jar:/home/user/.m2/repository/org/openjdk/jmh/jmh-generator-annprocess/1.19/jmh-generator-annprocess-1.19.jar:/home/user/.m2/repository/org/mockito/mockito-all/1.8.5/mockito-all-1.8.5.jar:/home/user/.m2/repository/org/apache/hadoop/hadoop-kms/3.2.0/hadoop-kms-3.2.0.jar:/home/user/.m2/repository/org/apache/hadoop/hadoop-auth/3.2.0/hadoop-auth-3.2.0.jar:/home/user/.m2/repository/com/nimbusds/nimbus-jose-jwt/4.41.1/nimbus-jose-jwt-4.41.1.jar:/home/user/.m2/repository/com/github/stephenc/jcip/jcip-annotations/1.0-1/jcip-annotations-1.0-1.jar:/home/user/.m2/repository/net/minidev/json-smart/2.3/json-smart-2.3.jar:/home/user/.m2/repository/net/minidev/accessors-smart/1.2/accessors-smart-1.2.jar:/home/user/.m2/repository/org/ow2/asm/asm/5.0.4/asm-5.0.4.jar:/home/user/.m2/repository/org/apache/curator/curator-framework/2.12.0/curator-framework-2.12.0.jar:/home/user/.m2/repository/com/sun/jersey/jersey-core/1.19/jersey-core-1.19.jar:/home/user/.m2/repository/javax/ws/rs/jsr311-api/1.1.1/jsr311-api-1.1.1.jar:/home/user/.m2/repository/com/sun/jersey/jersey-server/1.19/jersey-server-1.19.jar:/home/user/.m2/repository/javax/servlet/javax.servlet-api/3.1.0/javax.servlet-api-3.1.0.jar:/home/user/.m2/repository/org/eclipse/jetty/jetty-server/9.3.24.v20180605/jetty-server-9.3.24.v20180605.jar:/home/user/.m2/repository/org/eclipse/jetty/jetty-http/9.3.24.v20180605/jetty-http-9.3.24.v20180605.jar:/home/user/.m2/repository/org/eclipse/jetty/jetty-io/9.3.24.v20180605/jetty-io-9.3.24.v20180605.jar:/home/user/.m2/repository/org/eclipse/jetty/jetty-webapp/9.3.24.v20180605/jetty-webapp-9.3.24.v20180605.jar:/home/user/.m2/repository/org/eclipse/jetty/jetty-xml/9.3.24.v20180605/jetty-xml-9.3.24.v20180605.jar:/home/user/.m2/repository/log4j/log4j/1.2.17/log4j-1.2.17.jar:/home/user/.m2/repository/org/slf4j/slf4j-api/1.7.25/slf4j-api-1.7.25.jar:/home/user/.m2/repository/org/slf4j/jul-to-slf4j/1.7.25/jul-to-slf4j-1.7.25.jar:/home/user/.m2/repository/org/eclipse/jetty/jetty-util/9.3.24.v20180605/jetty-util-9.3.24.v20180605.jar:/home/user/.m2/repository/com/fasterxml/jackson/core/jackson-databind/2.9.5/jackson-databind-2.9.5.jar:/home/user/.m2/repository/org/apache/hadoop/hadoop-kms/3.2.0/hadoop-kms-3.2.0-tests.jar:/home/user/.m2/repository/org/apache/hadoop/hadoop-hdds-server-scm/0.4.1-SNAPSHOT/hadoop-hdds-server-scm-0.4.1-SNAPSHOT-tests.jar:/home/user/.m2/repository/org/apache/hadoop/hadoop-hdds-container-service/0.4.1-SNAPSHOT/hadoop-hdds-container-service-0.4.1-SNAPSHOT-tests.jar:/home/user/.m2/repository/org/yaml/snakeyaml/1.16/snakeyaml-1.16.jar:/home/user/.m2/repository/org/apache/hadoop/hadoop-common/3.2.0/hadoop-common-3.2.0-tests.jar:/home/user/.m2/repository/org/apache/hadoop/hadoop-annotations/3.2.0/hadoop-annotations-3.2.0.jar:/usr/lib/jvm/java-1.8-openjdk/jre/../lib/tools.jar:/home/user/.m2/repository/commons-cli/commons-cli/1.2/commons-cli-1.2.jar:/home/user/.m2/repository/org/apache/httpcomponents/httpclient/4.5.2/httpclient-4.5.2.jar:/home/user/.m2/repository/org/apache/httpcomponents/httpcore/4.4.4/httpcore-4.4.4.jar:/home/user/.m2/repository/commons-codec/commons-codec/1.11/commons-codec-1.11.jar:/home/user/.m2/repository/commons-net/commons-net/3.6/commons-net-3.6.jar:/home/user/.m2/repository/commons-collections/commons-collections/3.2.2/commons-collections-3.2.2.jar:/home/user/.m2/repository/org/eclipse/jetty/jetty-servlet/9.3.24.v20180605/jetty-servlet-9.3.24.v20180605.jar:/home/user/.m2/repository/org/eclipse/jetty/jetty-security/9.3.24.v20180605/jetty-security-9.3.24.v20180605.jar:/home/user/.m2/repository/javax/servlet/jsp/jsp-api/2.1/jsp-api-2.1.jar:/home/user/.m2/repository/com/sun/jersey/jersey-servlet/1.19/jersey-servlet-1.19.jar:/home/user/.m2/repository/com/sun/jersey/jersey-json/1.19/jersey-json-1.19.jar:/home/user/.m2/repository/org/codehaus/jettison/jettison/1.1/jettison-1.1.jar:/home/user/.m2/repository/org/codehaus/jackson/jackson-core-asl/1.9.13/jackson-core-asl-1.9.13.jar:/home/user/.m2/repository/org/codehaus/jackson/jackson-mapper-asl/1.9.13/jackson-mapper-asl-1.9.13.jar:/home/user/.m2/repository/org/codehaus/jackson/jackson-jaxrs/1.9.13/jackson-jaxrs-1.9.13.jar:/home/user/.m2/repository/org/codehaus/jackson/jackson-xc/1.9.13/jackson-xc-1.9.13.jar:/home/user/.m2/repository/commons-logging/commons-logging/1.1.3/commons-logging-1.1.3.jar:/home/user/.m2/repository/commons-beanutils/commons-beanutils/1.9.3/commons-beanutils-1.9.3.jar:/home/user/.m2/repository/org/apache/commons/commons-configuration2/2.1.1/commons-configuration2-2.1.1.jar:/home/user/.m2/repository/org/apache/commons/commons-lang3/3.7/commons-lang3-3.7.jar:/home/user/.m2/repository/org/apache/commons/commons-text/1.4/commons-text-1.4.jar:/home/user/.m2/repository/org/apache/avro/avro/1.7.7/avro-1.7.7.jar:/home/user/.m2/repository/com/thoughtworks/paranamer/paranamer/2.3/paranamer-2.3.jar:/home/user/.m2/repository/org/xerial/snappy/snappy-java/1.0.5/snappy-java-1.0.5.jar:/home/user/.m2/repository/com/google/re2j/re2j/1.1/re2j-1.1.jar:/home/user/.m2/repository/com/google/code/gson/gson/2.2.4/gson-2.2.4.jar:/home/user/.m2/repository/com/jcraft/jsch/0.1.54/jsch-0.1.54.jar:/home/user/.m2/repository/org/apache/curator/curator-client/2.12.0/curator-client-2.12.0.jar:/home/user/.m2/repository/org/apache/curator/curator-recipes/2.12.0/curator-recipes-2.12.0.jar:/home/user/.m2/repository/com/google/code/findbugs/jsr305/3.0.0/jsr305-3.0.0.jar:/home/user/.m2/repository/org/apache/htrace/htrace-core4/4.1.0-incubating/htrace-core4-4.1.0-incubating.jar:/home/user/.m2/repository/org/apache/zookeeper/zookeeper/3.4.13/zookeeper-3.4.13.jar:/home/user/.m2/repository/org/apache/yetus/audience-annotations/0.5.0/audience-annotations-0.5.0.jar:/home/user/.m2/repository/org/codehaus/woodstox/stax2-api/3.1.4/stax2-api-3.1.4.jar:/home/user/.m2/repository/com/fasterxml/woodstox/woodstox-core/5.0.3/woodstox-core-5.0.3.jar:/home/user/.m2/repository/dnsjava/dnsjava/2.1.7/dnsjava-2.1.7.jar:/home/user/.m2/repository/org/apache/hadoop/hadoop-hdfs/3.2.0/hadoop-hdfs-3.2.0-tests.jar:/home/user/.m2/repository/org/eclipse/jetty/jetty-util-ajax/9.3.24.v20180605/jetty-util-ajax-9.3.24.v20180605.jar:/home/user/.m2/repository/commons-daemon/commons-daemon/1.0.13/commons-daemon-1.0.13.jar:/home/user/.m2/repository/io/netty/netty/3.10.5.Final/netty-3.10.5.Final.jar:/home/user/.m2/repository/io/netty/netty-all/4.0.52.Final/netty-all-4.0.52.Final.jar:/home/user/.m2/repository/org/fusesource/leveldbjni/leveldbjni-all/1.8/leveldbjni-all-1.8.jar:"/>
    <property name="java.vm.vendor" value="IcedTea"/>
    <property name="sun.arch.data.model" value="64"/>
    <property name="test.build.dir" value="/workdir/hadoop-ozone/integration-test/target/test-dir"/>
    <property name="test.cache.data" value=""/>
    <property name="java.vendor.url" value="https://icedtea.classpath.org"/>
    <property name="user.timezone" value=""/>
    <property name="java.vm.specification.version" value="1.8"/>
    <property name="os.name" value="Linux"/>
    <property name="test.build.data" value="/workdir/hadoop-ozone/integration-test/target/test-dir"/>
    <property name="user.country" value="US"/>
    <property name="sun.java.launcher" value="SUN_STANDARD"/>
    <property name="sun.boot.library.path" value="/usr/lib/jvm/java-1.8-openjdk/jre/lib/amd64"/>
    <property name="sun.java.command" value="/workdir/hadoop-ozone/integration-test/target/surefire/surefirebooter4009892120367748282.jar /workdir/hadoop-ozone/integration-test/target/surefire 2019-08-22T03-14-19_417-jvmRun1 surefire1955860350750566266tmp surefire_317739262720866314358tmp"/>
    <property name="test" value="!TestMiniChaosOzoneCluster"/>
    <property name="surefire.test.class.path" value="/workdir/hadoop-ozone/integration-test/target/test-classes:/workdir/hadoop-ozone/integration-test/target/classes:/home/user/.m2/repository/org/apache/hadoop/hadoop-ozone-common/0.4.1-SNAPSHOT/hadoop-ozone-common-0.4.1-SNAPSHOT.jar:/home/user/.m2/repository/org/apache/commons/commons-compress/1.4.1/commons-compress-1.4.1.jar:/home/user/.m2/repository/org/tukaani/xz/1.0/xz-1.0.jar:/home/user/.m2/repository/org/apache/hadoop/hadoop-common/3.2.0/hadoop-common-3.2.0.jar:/home/user/.m2/repository/org/apache/hadoop/hadoop-hdfs/3.2.0/hadoop-hdfs-3.2.0.jar:/home/user/.m2/repository/org/apache/hadoop/hadoop-hdfs-client/3.2.0/hadoop-hdfs-client-3.2.0.jar:/home/user/.m2/repository/com/fasterxml/jackson/core/jackson-annotations/2.9.5/jackson-annotations-2.9.5.jar:/home/user/.m2/repository/org/apache/hadoop/hadoop-hdds-common/0.4.1-SNAPSHOT/hadoop-hdds-common-0.4.1-SNAPSHOT.jar:/home/user/.m2/repository/javax/annotation/javax.annotation-api/1.2/javax.annotation-api-1.2.jar:/home/user/.m2/repository/org/apache/ratis/ratis-server/0.4.0-2337318-SNAPSHOT/ratis-server-0.4.0-2337318-SNAPSHOT.jar:/home/user/.m2/repository/org/apache/ratis/ratis-thirdparty-misc/0.2.0/ratis-thirdparty-misc-0.2.0.jar:/home/user/.m2/repository/org/apache/ratis/ratis-proto/0.4.0-2337318-SNAPSHOT/ratis-proto-0.4.0-2337318-SNAPSHOT.jar:/home/user/.m2/repository/org/apache/ratis/ratis-common/0.4.0-2337318-SNAPSHOT/ratis-common-0.4.0-2337318-SNAPSHOT.jar:/home/user/.m2/repository/org/apache/ratis/ratis-client/0.4.0-2337318-SNAPSHOT/ratis-client-0.4.0-2337318-SNAPSHOT.jar:/home/user/.m2/repository/org/apache/ratis/ratis-metrics/0.4.0-2337318-SNAPSHOT/ratis-metrics-0.4.0-2337318-SNAPSHOT.jar:/home/user/.m2/repository/org/apache/ratis/ratis-netty/0.4.0-2337318-SNAPSHOT/ratis-netty-0.4.0-2337318-SNAPSHOT.jar:/home/user/.m2/repository/org/apache/ratis/ratis-grpc/0.4.0-2337318-SNAPSHOT/ratis-grpc-0.4.0-2337318-SNAPSHOT.jar:/home/user/.m2/repository/org/rocksdb/rocksdbjni/6.0.1/rocksdbjni-6.0.1.jar:/home/user/.m2/repository/org/apache/logging/log4j/log4j-api/2.11.0/log4j-api-2.11.0.jar:/home/user/.m2/repository/org/apache/logging/log4j/log4j-core/2.11.0/log4j-core-2.11.0.jar:/home/user/.m2/repository/com/lmax/disruptor/3.4.2/disruptor-3.4.2.jar:/home/user/.m2/repository/org/apache/commons/commons-pool2/2.6.0/commons-pool2-2.6.0.jar:/home/user/.m2/repository/org/bouncycastle/bcpkix-jdk15on/1.60/bcpkix-jdk15on-1.60.jar:/home/user/.m2/repository/commons-validator/commons-validator/1.6/commons-validator-1.6.jar:/home/user/.m2/repository/commons-digester/commons-digester/1.8.1/commons-digester-1.8.1.jar:/home/user/.m2/repository/io/jaegertracing/jaeger-client/0.33.1/jaeger-client-0.33.1.jar:/home/user/.m2/repository/io/jaegertracing/jaeger-thrift/0.33.1/jaeger-thrift-0.33.1.jar:/home/user/.m2/repository/org/apache/thrift/libthrift/0.11.0/libthrift-0.11.0.jar:/home/user/.m2/repository/com/squareup/okhttp3/okhttp/3.9.0/okhttp-3.9.0.jar:/home/user/.m2/repository/com/squareup/okio/okio/1.13.0/okio-1.13.0.jar:/home/user/.m2/repository/io/jaegertracing/jaeger-core/0.33.1/jaeger-core-0.33.1.jar:/home/user/.m2/repository/io/jaegertracing/jaeger-tracerresolver/0.33.1/jaeger-tracerresolver-0.33.1.jar:/home/user/.m2/repository/io/opentracing/contrib/opentracing-tracerresolver/0.1.5/opentracing-tracerresolver-0.1.5.jar:/home/user/.m2/repository/io/opentracing/opentracing-util/0.31.0/opentracing-util-0.31.0.jar:/home/user/.m2/repository/io/opentracing/opentracing-api/0.31.0/opentracing-api-0.31.0.jar:/home/user/.m2/repository/io/opentracing/opentracing-noop/0.31.0/opentracing-noop-0.31.0.jar:/home/user/.m2/repository/org/apache/hadoop/hadoop-hdds-server-framework/0.4.1-SNAPSHOT/hadoop-hdds-server-framework-0.4.1-SNAPSHOT.jar:/home/user/.m2/repository/org/apache/hadoop/hadoop-hdds-container-service/0.4.1-SNAPSHOT/hadoop-hdds-container-service-0.4.1-SNAPSHOT.jar:/home/user/.m2/repository/org/apache/hadoop/hadoop-hdds-client/0.4.1-SNAPSHOT/hadoop-hdds-client-0.4.1-SNAPSHOT.jar:/home/user/.m2/repository/org/apache/hadoop/hadoop-hdds-tools/0.4.1-SNAPSHOT/hadoop-hdds-tools-0.4.1-SNAPSHOT.jar:/home/user/.m2/repository/org/apache/hadoop/hadoop-hdds-server-scm/0.4.1-SNAPSHOT/hadoop-hdds-server-scm-0.4.1-SNAPSHOT.jar:/home/user/.m2/repository/org/apache/hadoop/hadoop-hdds-docs/0.4.1-SNAPSHOT/hadoop-hdds-docs-0.4.1-SNAPSHOT.jar:/home/user/.m2/repository/io/dropwizard/metrics/metrics-core/3.2.4/metrics-core-3.2.4.jar:/home/user/.m2/repository/org/hamcrest/hamcrest-all/1.3/hamcrest-all-1.3.jar:/home/user/.m2/repository/org/bouncycastle/bcprov-jdk15on/1.60/bcprov-jdk15on-1.60.jar:/home/user/.m2/repository/info/picocli/picocli/3.9.6/picocli-3.9.6.jar:/home/user/.m2/repository/com/google/protobuf/protobuf-java/2.5.0/protobuf-java-2.5.0.jar:/home/user/.m2/repository/com/google/guava/guava/11.0.2/guava-11.0.2.jar:/home/user/.m2/repository/org/apache/hadoop/hadoop-ozone-ozone-manager/0.4.1-SNAPSHOT/hadoop-ozone-ozone-manager-0.4.1-SNAPSHOT.jar:/home/user/.m2/repository/org/apache/hadoop/hadoop-minikdc/3.2.0/hadoop-minikdc-3.2.0.jar:/home/user/.m2/repository/commons-io/commons-io/2.5/commons-io-2.5.jar:/home/user/.m2/repository/org/apache/kerby/kerb-simplekdc/1.0.1/kerb-simplekdc-1.0.1.jar:/home/user/.m2/repository/org/apache/kerby/kerb-client/1.0.1/kerb-client-1.0.1.jar:/home/user/.m2/repository/org/apache/kerby/kerby-config/1.0.1/kerby-config-1.0.1.jar:/home/user/.m2/repository/org/apache/kerby/kerb-core/1.0.1/kerb-core-1.0.1.jar:/home/user/.m2/repository/org/apache/kerby/kerby-pkix/1.0.1/kerby-pkix-1.0.1.jar:/home/user/.m2/repository/org/apache/kerby/kerby-asn1/1.0.1/kerby-asn1-1.0.1.jar:/home/user/.m2/repository/org/apache/kerby/kerby-util/1.0.1/kerby-util-1.0.1.jar:/home/user/.m2/repository/org/apache/kerby/kerb-common/1.0.1/kerb-common-1.0.1.jar:/home/user/.m2/repository/org/apache/kerby/kerb-crypto/1.0.1/kerb-crypto-1.0.1.jar:/home/user/.m2/repository/org/apache/kerby/kerb-util/1.0.1/kerb-util-1.0.1.jar:/home/user/.m2/repository/org/apache/kerby/token-provider/1.0.1/token-provider-1.0.1.jar:/home/user/.m2/repository/org/apache/kerby/kerb-admin/1.0.1/kerb-admin-1.0.1.jar:/home/user/.m2/repository/org/apache/kerby/kerb-server/1.0.1/kerb-server-1.0.1.jar:/home/user/.m2/repository/org/apache/kerby/kerb-identity/1.0.1/kerb-identity-1.0.1.jar:/home/user/.m2/repository/org/apache/kerby/kerby-xdr/1.0.1/kerby-xdr-1.0.1.jar:/home/user/.m2/repository/org/slf4j/slf4j-log4j12/1.7.25/slf4j-log4j12-1.7.25.jar:/home/user/.m2/repository/org/apache/hadoop/hadoop-ozone-objectstore-service/0.4.1-SNAPSHOT/hadoop-ozone-objectstore-service-0.4.1-SNAPSHOT.jar:/home/user/.m2/repository/org/apache/hadoop/hadoop-ozone-s3gateway/0.4.1-SNAPSHOT/hadoop-ozone-s3gateway-0.4.1-SNAPSHOT.jar:/home/user/.m2/repository/org/jboss/weld/servlet/weld-servlet/2.4.7.Final/weld-servlet-2.4.7.Final.jar:/home/user/.m2/repository/org/glassfish/jersey/containers/jersey-container-servlet-core/2.27/jersey-container-servlet-core-2.27.jar:/home/user/.m2/repository/org/glassfish/hk2/external/javax.inject/2.5.0-b42/javax.inject-2.5.0-b42.jar:/home/user/.m2/repository/org/glassfish/jersey/core/jersey-common/2.27/jersey-common-2.27.jar:/home/user/.m2/repository/org/glassfish/hk2/osgi-resource-locator/1.0.1/osgi-resource-locator-1.0.1.jar:/home/user/.m2/repository/javax/ws/rs/javax.ws.rs-api/2.1/javax.ws.rs-api-2.1.jar:/home/user/.m2/repository/org/glassfish/jersey/ext/cdi/jersey-cdi1x/2.27/jersey-cdi1x-2.27.jar:/home/user/.m2/repository/org/glassfish/jersey/inject/jersey-hk2/2.27/jersey-hk2-2.27.jar:/home/user/.m2/repository/org/glassfish/hk2/hk2-locator/2.5.0-b42/hk2-locator-2.5.0-b42.jar:/home/user/.m2/repository/org/javassist/javassist/3.22.0-CR2/javassist-3.22.0-CR2.jar:/home/user/.m2/repository/org/glassfish/hk2/hk2-api/2.5.0/hk2-api-2.5.0.jar:/home/user/.m2/repository/org/glassfish/hk2/external/jakarta.inject/2.5.0/jakarta.inject-2.5.0.jar:/home/user/.m2/repository/org/glassfish/hk2/hk2-utils/2.5.0/hk2-utils-2.5.0.jar:/home/user/.m2/repository/jakarta/annotation/jakarta.annotation-api/1.3.4/jakarta.annotation-api-1.3.4.jar:/home/user/.m2/repository/org/glassfish/hk2/external/aopalliance-repackaged/2.5.0/aopalliance-repackaged-2.5.0.jar:/home/user/.m2/repository/com/fasterxml/jackson/dataformat/jackson-dataformat-xml/2.9.0/jackson-dataformat-xml-2.9.0.jar:/home/user/.m2/repository/com/fasterxml/jackson/core/jackson-core/2.9.5/jackson-core-2.9.5.jar:/home/user/.m2/repository/com/fasterxml/jackson/module/jackson-module-jaxb-annotations/2.9.5/jackson-module-jaxb-annotations-2.9.5.jar:/home/user/.m2/repository/javax/enterprise/cdi-api/1.2/cdi-api-1.2.jar:/home/user/.m2/repository/javax/el/javax.el-api/3.0.0/javax.el-api-3.0.0.jar:/home/user/.m2/repository/javax/interceptor/javax.interceptor-api/1.2/javax.interceptor-api-1.2.jar:/home/user/.m2/repository/javax/inject/javax.inject/1/javax.inject-1.jar:/home/user/.m2/repository/com/sun/xml/bind/jaxb-impl/2.3.0.1/jaxb-impl-2.3.0.1.jar:/home/user/.m2/repository/com/sun/xml/bind/jaxb-core/2.3.0.1/jaxb-core-2.3.0.1.jar:/home/user/.m2/repository/javax/xml/bind/jaxb-api/2.3.0/jaxb-api-2.3.0.jar:/home/user/.m2/repository/javax/activation/activation/1.1.1/activation-1.1.1.jar:/home/user/.m2/repository/org/apache/hadoop/hadoop-ozone-csi/0.4.1-SNAPSHOT/hadoop-ozone-csi-0.4.1-SNAPSHOT.jar:/home/user/.m2/repository/com/google/protobuf/protobuf-java-util/3.5.1/protobuf-java-util-3.5.1.jar:/home/user/.m2/repository/org/apache/hadoop/hadoop-hdds-config/0.4.1-SNAPSHOT/hadoop-hdds-config-0.4.1-SNAPSHOT.jar:/home/user/.m2/repository/io/grpc/grpc-netty/1.17.1/grpc-netty-1.17.1.jar:/home/user/.m2/repository/io/grpc/grpc-core/1.17.1/grpc-core-1.17.1.jar:/home/user/.m2/repository/io/grpc/grpc-context/1.17.1/grpc-context-1.17.1.jar:/home/user/.m2/repository/com/google/errorprone/error_prone_annotations/2.2.0/error_prone_annotations-2.2.0.jar:/home/user/.m2/repository/org/codehaus/mojo/animal-sniffer-annotations/1.17/animal-sniffer-annotations-1.17.jar:/home/user/.m2/repository/io/opencensus/opencensus-api/0.17.0/opencensus-api-0.17.0.jar:/home/user/.m2/repository/io/opencensus/opencensus-contrib-grpc-metrics/0.17.0/opencensus-contrib-grpc-metrics-0.17.0.jar:/home/user/.m2/repository/io/netty/netty-codec-http2/4.1.30.Final/netty-codec-http2-4.1.30.Final.jar:/home/user/.m2/repository/io/netty/netty-codec-http/4.1.30.Final/netty-codec-http-4.1.30.Final.jar:/home/user/.m2/repository/io/netty/netty-codec/4.1.30.Final/netty-codec-4.1.30.Final.jar:/home/user/.m2/repository/io/netty/netty-handler/4.1.30.Final/netty-handler-4.1.30.Final.jar:/home/user/.m2/repository/io/netty/netty-handler-proxy/4.1.30.Final/netty-handler-proxy-4.1.30.Final.jar:/home/user/.m2/repository/io/netty/netty-codec-socks/4.1.30.Final/netty-codec-socks-4.1.30.Final.jar:/home/user/.m2/repository/io/netty/netty-transport-native-epoll/4.1.30.Final/netty-transport-native-epoll-4.1.30.Final.jar:/home/user/.m2/repository/io/netty/netty-common/4.1.30.Final/netty-common-4.1.30.Final.jar:/home/user/.m2/repository/io/netty/netty-buffer/4.1.30.Final/netty-buffer-4.1.30.Final.jar:/home/user/.m2/repository/io/netty/netty-transport/4.1.30.Final/netty-transport-4.1.30.Final.jar:/home/user/.m2/repository/io/netty/netty-resolver/4.1.30.Final/netty-resolver-4.1.30.Final.jar:/home/user/.m2/repository/io/netty/netty-transport-native-unix-common/4.1.30.Final/netty-transport-native-unix-common-4.1.30.Final.jar:/home/user/.m2/repository/io/grpc/grpc-protobuf/1.17.1/grpc-protobuf-1.17.1.jar:/home/user/.m2/repository/com/google/api/grpc/proto-google-common-protos/1.0.0/proto-google-common-protos-1.0.0.jar:/home/user/.m2/repository/io/grpc/grpc-protobuf-lite/1.17.1/grpc-protobuf-lite-1.17.1.jar:/home/user/.m2/repository/io/grpc/grpc-stub/1.17.1/grpc-stub-1.17.1.jar:/home/user/.m2/repository/org/apache/hadoop/hadoop-ozone-recon/0.4.1-SNAPSHOT/hadoop-ozone-recon-0.4.1-SNAPSHOT.jar:/home/user/.m2/repository/org/apache/hadoop/hadoop-ozone-reconcodegen/0.4.1-SNAPSHOT/hadoop-ozone-reconcodegen-0.4.1-SNAPSHOT.jar:/home/user/.m2/repository/com/google/inject/extensions/guice-multibindings/4.0/guice-multibindings-4.0.jar:/home/user/.m2/repository/com/google/inject/guice/4.0/guice-4.0.jar:/home/user/.m2/repository/aopalliance/aopalliance/1.0/aopalliance-1.0.jar:/home/user/.m2/repository/com/google/inject/extensions/guice-servlet/4.0/guice-servlet-4.0.jar:/home/user/.m2/repository/org/glassfish/jersey/containers/jersey-container-servlet/2.27/jersey-container-servlet-2.27.jar:/home/user/.m2/repository/org/glassfish/hk2/guice-bridge/2.5.0/guice-bridge-2.5.0.jar:/home/user/.m2/repository/org/glassfish/jersey/core/jersey-server/2.27/jersey-server-2.27.jar:/home/user/.m2/repository/org/glassfish/jersey/core/jersey-client/2.27/jersey-client-2.27.jar:/home/user/.m2/repository/org/glassfish/jersey/media/jersey-media-jaxb/2.27/jersey-media-jaxb-2.27.jar:/home/user/.m2/repository/javax/validation/validation-api/1.1.0.Final/validation-api-1.1.0.Final.jar:/home/user/.m2/repository/org/glassfish/jersey/media/jersey-media-json-jackson/2.27/jersey-media-json-jackson-2.27.jar:/home/user/.m2/repository/org/glassfish/jersey/ext/jersey-entity-filtering/2.27/jersey-entity-filtering-2.27.jar:/home/user/.m2/repository/com/google/inject/extensions/guice-assistedinject/4.0/guice-assistedinject-4.0.jar:/home/user/.m2/repository/org/jooq/jooq/3.11.10/jooq-3.11.10.jar:/home/user/.m2/repository/org/jooq/jooq-meta/3.11.10/jooq-meta-3.11.10.jar:/home/user/.m2/repository/org/jooq/jooq-codegen/3.11.10/jooq-codegen-3.11.10.jar:/home/user/.m2/repository/com/jolbox/bonecp/0.8.0.RELEASE/bonecp-0.8.0.RELEASE.jar:/home/user/.m2/repository/org/xerial/sqlite-jdbc/3.25.2/sqlite-jdbc-3.25.2.jar:/home/user/.m2/repository/org/springframework/spring-jdbc/5.1.3.RELEASE/spring-jdbc-5.1.3.RELEASE.jar:/home/user/.m2/repository/org/springframework/spring-beans/5.1.3.RELEASE/spring-beans-5.1.3.RELEASE.jar:/home/user/.m2/repository/org/springframework/spring-core/5.1.3.RELEASE/spring-core-5.1.3.RELEASE.jar:/home/user/.m2/repository/org/springframework/spring-jcl/5.1.3.RELEASE/spring-jcl-5.1.3.RELEASE.jar:/home/user/.m2/repository/org/springframework/spring-tx/5.1.3.RELEASE/spring-tx-5.1.3.RELEASE.jar:/home/user/.m2/repository/org/apache/hadoop/hadoop-ozone-client/0.4.1-SNAPSHOT/hadoop-ozone-client-0.4.1-SNAPSHOT.jar:/home/user/.m2/repository/commons-lang/commons-lang/2.6/commons-lang-2.6.jar:/home/user/.m2/repository/org/apache/hadoop/hadoop-ozone-ozone-manager/0.4.1-SNAPSHOT/hadoop-ozone-ozone-manager-0.4.1-SNAPSHOT-tests.jar:/home/user/.m2/repository/junit/junit/4.11/junit-4.11.jar:/home/user/.m2/repository/org/hamcrest/hamcrest-core/1.3/hamcrest-core-1.3.jar:/home/user/.m2/repository/org/openjdk/jmh/jmh-core/1.19/jmh-core-1.19.jar:/home/user/.m2/repository/net/sf/jopt-simple/jopt-simple/4.6/jopt-simple-4.6.jar:/home/user/.m2/repository/org/apache/commons/commons-math3/3.1.1/commons-math3-3.1.1.jar:/home/user/.m2/repository/org/openjdk/jmh/jmh-generator-annprocess/1.19/jmh-generator-annprocess-1.19.jar:/home/user/.m2/repository/org/mockito/mockito-all/1.8.5/mockito-all-1.8.5.jar:/home/user/.m2/repository/org/apache/hadoop/hadoop-kms/3.2.0/hadoop-kms-3.2.0.jar:/home/user/.m2/repository/org/apache/hadoop/hadoop-auth/3.2.0/hadoop-auth-3.2.0.jar:/home/user/.m2/repository/com/nimbusds/nimbus-jose-jwt/4.41.1/nimbus-jose-jwt-4.41.1.jar:/home/user/.m2/repository/com/github/stephenc/jcip/jcip-annotations/1.0-1/jcip-annotations-1.0-1.jar:/home/user/.m2/repository/net/minidev/json-smart/2.3/json-smart-2.3.jar:/home/user/.m2/repository/net/minidev/accessors-smart/1.2/accessors-smart-1.2.jar:/home/user/.m2/repository/org/ow2/asm/asm/5.0.4/asm-5.0.4.jar:/home/user/.m2/repository/org/apache/curator/curator-framework/2.12.0/curator-framework-2.12.0.jar:/home/user/.m2/repository/com/sun/jersey/jersey-core/1.19/jersey-core-1.19.jar:/home/user/.m2/repository/javax/ws/rs/jsr311-api/1.1.1/jsr311-api-1.1.1.jar:/home/user/.m2/repository/com/sun/jersey/jersey-server/1.19/jersey-server-1.19.jar:/home/user/.m2/repository/javax/servlet/javax.servlet-api/3.1.0/javax.servlet-api-3.1.0.jar:/home/user/.m2/repository/org/eclipse/jetty/jetty-server/9.3.24.v20180605/jetty-server-9.3.24.v20180605.jar:/home/user/.m2/repository/org/eclipse/jetty/jetty-http/9.3.24.v20180605/jetty-http-9.3.24.v20180605.jar:/home/user/.m2/repository/org/eclipse/jetty/jetty-io/9.3.24.v20180605/jetty-io-9.3.24.v20180605.jar:/home/user/.m2/repository/org/eclipse/jetty/jetty-webapp/9.3.24.v20180605/jetty-webapp-9.3.24.v20180605.jar:/home/user/.m2/repository/org/eclipse/jetty/jetty-xml/9.3.24.v20180605/jetty-xml-9.3.24.v20180605.jar:/home/user/.m2/repository/log4j/log4j/1.2.17/log4j-1.2.17.jar:/home/user/.m2/repository/org/slf4j/slf4j-api/1.7.25/slf4j-api-1.7.25.jar:/home/user/.m2/repository/org/slf4j/jul-to-slf4j/1.7.25/jul-to-slf4j-1.7.25.jar:/home/user/.m2/repository/org/eclipse/jetty/jetty-util/9.3.24.v20180605/jetty-util-9.3.24.v20180605.jar:/home/user/.m2/repository/com/fasterxml/jackson/core/jackson-databind/2.9.5/jackson-databind-2.9.5.jar:/home/user/.m2/repository/org/apache/hadoop/hadoop-kms/3.2.0/hadoop-kms-3.2.0-tests.jar:/home/user/.m2/repository/org/apache/hadoop/hadoop-hdds-server-scm/0.4.1-SNAPSHOT/hadoop-hdds-server-scm-0.4.1-SNAPSHOT-tests.jar:/home/user/.m2/repository/org/apache/hadoop/hadoop-hdds-container-service/0.4.1-SNAPSHOT/hadoop-hdds-container-service-0.4.1-SNAPSHOT-tests.jar:/home/user/.m2/repository/org/yaml/snakeyaml/1.16/snakeyaml-1.16.jar:/home/user/.m2/repository/org/apache/hadoop/hadoop-common/3.2.0/hadoop-common-3.2.0-tests.jar:/home/user/.m2/repository/org/apache/hadoop/hadoop-annotations/3.2.0/hadoop-annotations-3.2.0.jar:/usr/lib/jvm/java-1.8-openjdk/jre/../lib/tools.jar:/home/user/.m2/repository/commons-cli/commons-cli/1.2/commons-cli-1.2.jar:/home/user/.m2/repository/org/apache/httpcomponents/httpclient/4.5.2/httpclient-4.5.2.jar:/home/user/.m2/repository/org/apache/httpcomponents/httpcore/4.4.4/httpcore-4.4.4.jar:/home/user/.m2/repository/commons-codec/commons-codec/1.11/commons-codec-1.11.jar:/home/user/.m2/repository/commons-net/commons-net/3.6/commons-net-3.6.jar:/home/user/.m2/repository/commons-collections/commons-collections/3.2.2/commons-collections-3.2.2.jar:/home/user/.m2/repository/org/eclipse/jetty/jetty-servlet/9.3.24.v20180605/jetty-servlet-9.3.24.v20180605.jar:/home/user/.m2/repository/org/eclipse/jetty/jetty-security/9.3.24.v20180605/jetty-security-9.3.24.v20180605.jar:/home/user/.m2/repository/javax/servlet/jsp/jsp-api/2.1/jsp-api-2.1.jar:/home/user/.m2/repository/com/sun/jersey/jersey-servlet/1.19/jersey-servlet-1.19.jar:/home/user/.m2/repository/com/sun/jersey/jersey-json/1.19/jersey-json-1.19.jar:/home/user/.m2/repository/org/codehaus/jettison/jettison/1.1/jettison-1.1.jar:/home/user/.m2/repository/org/codehaus/jackson/jackson-core-asl/1.9.13/jackson-core-asl-1.9.13.jar:/home/user/.m2/repository/org/codehaus/jackson/jackson-mapper-asl/1.9.13/jackson-mapper-asl-1.9.13.jar:/home/user/.m2/repository/org/codehaus/jackson/jackson-jaxrs/1.9.13/jackson-jaxrs-1.9.13.jar:/home/user/.m2/repository/org/codehaus/jackson/jackson-xc/1.9.13/jackson-xc-1.9.13.jar:/home/user/.m2/repository/commons-logging/commons-logging/1.1.3/commons-logging-1.1.3.jar:/home/user/.m2/repository/commons-beanutils/commons-beanutils/1.9.3/commons-beanutils-1.9.3.jar:/home/user/.m2/repository/org/apache/commons/commons-configuration2/2.1.1/commons-configuration2-2.1.1.jar:/home/user/.m2/repository/org/apache/commons/commons-lang3/3.7/commons-lang3-3.7.jar:/home/user/.m2/repository/org/apache/commons/commons-text/1.4/commons-text-1.4.jar:/home/user/.m2/repository/org/apache/avro/avro/1.7.7/avro-1.7.7.jar:/home/user/.m2/repository/com/thoughtworks/paranamer/paranamer/2.3/paranamer-2.3.jar:/home/user/.m2/repository/org/xerial/snappy/snappy-java/1.0.5/snappy-java-1.0.5.jar:/home/user/.m2/repository/com/google/re2j/re2j/1.1/re2j-1.1.jar:/home/user/.m2/repository/com/google/code/gson/gson/2.2.4/gson-2.2.4.jar:/home/user/.m2/repository/com/jcraft/jsch/0.1.54/jsch-0.1.54.jar:/home/user/.m2/repository/org/apache/curator/curator-client/2.12.0/curator-client-2.12.0.jar:/home/user/.m2/repository/org/apache/curator/curator-recipes/2.12.0/curator-recipes-2.12.0.jar:/home/user/.m2/repository/com/google/code/findbugs/jsr305/3.0.0/jsr305-3.0.0.jar:/home/user/.m2/repository/org/apache/htrace/htrace-core4/4.1.0-incubating/htrace-core4-4.1.0-incubating.jar:/home/user/.m2/repository/org/apache/zookeeper/zookeeper/3.4.13/zookeeper-3.4.13.jar:/home/user/.m2/repository/org/apache/yetus/audience-annotations/0.5.0/audience-annotations-0.5.0.jar:/home/user/.m2/repository/org/codehaus/woodstox/stax2-api/3.1.4/stax2-api-3.1.4.jar:/home/user/.m2/repository/com/fasterxml/woodstox/woodstox-core/5.0.3/woodstox-core-5.0.3.jar:/home/user/.m2/repository/dnsjava/dnsjava/2.1.7/dnsjava-2.1.7.jar:/home/user/.m2/repository/org/apache/hadoop/hadoop-hdfs/3.2.0/hadoop-hdfs-3.2.0-tests.jar:/home/user/.m2/repository/org/eclipse/jetty/jetty-util-ajax/9.3.24.v20180605/jetty-util-ajax-9.3.24.v20180605.jar:/home/user/.m2/repository/commons-daemon/commons-daemon/1.0.13/commons-daemon-1.0.13.jar:/home/user/.m2/repository/io/netty/netty/3.10.5.Final/netty-3.10.5.Final.jar:/home/user/.m2/repository/io/netty/netty-all/4.0.52.Final/netty-all-4.0.52.Final.jar:/home/user/.m2/repository/org/fusesource/leveldbjni/leveldbjni-all/1.8/leveldbjni-all-1.8.jar:"/>
    <property name="sun.cpu.endian" value="little"/>
    <property name="user.home" value="/home/user"/>
    <property name="user.language" value="en"/>
    <property name="java.specification.vendor" value="Oracle Corporation"/>
    <property name="java.home" value="/usr/lib/jvm/java-1.8-openjdk/jre"/>
    <property name="java.security.krb5.conf" value="/workdir/hadoop-ozone/integration-test/target/test-classes/krb5.conf"/>
    <property name="basedir" value="/workdir/hadoop-ozone/integration-test"/>
    <property name="file.separator" value="/"/>
    <property name="line.separator" value="&#10;"/>
    <property name="java.vm.specification.vendor" value="Oracle Corporation"/>
    <property name="java.specification.name" value="Java Platform API Specification"/>
    <property name="java.awt.graphicsenv" value="sun.awt.X11GraphicsEnvironment"/>
    <property name="surefire.real.class.path" value="/workdir/hadoop-ozone/integration-test/target/surefire/surefirebooter4009892120367748282.jar"/>
    <property name="hadoop.log.dir" value="/workdir/hadoop-ozone/integration-test/target/log"/>
    <property name="sun.boot.class.path" value="/usr/lib/jvm/java-1.8-openjdk/jre/lib/resources.jar:/usr/lib/jvm/java-1.8-openjdk/jre/lib/rt.jar:/usr/lib/jvm/java-1.8-openjdk/jre/lib/sunrsasign.jar:/usr/lib/jvm/java-1.8-openjdk/jre/lib/jsse.jar:/usr/lib/jvm/java-1.8-openjdk/jre/lib/jce.jar:/usr/lib/jvm/java-1.8-openjdk/jre/lib/charsets.jar:/usr/lib/jvm/java-1.8-openjdk/jre/lib/jfr.jar:/usr/lib/jvm/java-1.8-openjdk/jre/classes"/>
    <property name="sun.management.compiler" value="HotSpot 64-Bit Tiered Compilers"/>
    <property name="java.runtime.version" value="1.8.0_212-b04"/>
    <property name="java.net.preferIPv4Stack" value="true"/>
    <property name="user.name" value="jenkins1000"/>
    <property name="path.separator" value=":"/>
    <property name="java.security.egd" value="file:///dev/urandom"/>
    <property name="os.version" value="3.10.0-957.12.2.el7.x86_64"/>
    <property name="java.endorsed.dirs" value="/usr/lib/jvm/java-1.8-openjdk/jre/lib/endorsed"/>
    <property name="java.runtime.name" value="OpenJDK Runtime Environment"/>
    <property name="file.encoding" value="UTF-8"/>
    <property name="java.vm.name" value="OpenJDK 64-Bit Server VM"/>
    <property name="test.build.webapps" value=""/>
    <property name="localRepository" value="/home/user/.m2/repository"/>
    <property name="java.vendor.url.bug" value="https://icedtea.classpath.org/bugzilla"/>
    <property name="java.io.tmpdir" value="/tmp"/>
    <property name="require.test.libhadoop" value=""/>
    <property name="java.version" value="1.8.0_212"/>
    <property name="user.dir" value="/workdir/hadoop-ozone/integration-test"/>
    <property name="os.arch" value="amd64"/>
    <property name="java.vm.specification.name" value="Java Virtual Machine Specification"/>
    <property name="test.build.classes" value="/workdir/hadoop-ozone/integration-test/target/test-classes"/>
    <property name="java.awt.printerjob" value="sun.print.PSPrinterJob"/>
    <property name="sun.os.patch.level" value="unknown"/>
    <property name="hadoop.tmp.dir" value="/workdir/hadoop-ozone/integration-test/target/tmp"/>
    <property name="java.library.path" value="/usr/lib/jvm/java-1.8-openjdk/jre/lib/amd64/server:/usr/lib/jvm/java-1.8-openjdk/jre/lib/amd64:/usr/lib/jvm/java-1.8-openjdk/jre/../lib/amd64:/workdir/hadoop-ozone/integration-test/target/native/target/usr/local/lib:/workdir/hadoop-ozone/integration-test/../../hadoop-common-project/hadoop-common/target/native/target/usr/local/lib:/usr/java/packages/lib/amd64:/usr/lib64:/lib64:/lib:/usr/lib"/>
    <property name="java.vm.info" value="mixed mode"/>
    <property name="java.vendor" value="IcedTea"/>
    <property name="java.vm.version" value="25.212-b04"/>
    <property name="java.ext.dirs" value="/usr/lib/jvm/java-1.8-openjdk/jre/lib/ext:/usr/java/packages/lib/ext"/>
    <property name="sun.io.unicode.encoding" value="UnicodeLittle"/>
    <property name="java.class.version" value="52.0"/>
  </properties>
  <testcase name="testReleaseBuffers" classname="org.apache.hadoop.ozone.client.rpc.TestCommitWatcher" time="5.926"/>
  <testcase name="testReleaseBuffersOnException" classname="org.apache.hadoop.ozone.client.rpc.TestCommitWatcher" time="20.42">
    <failure type="java.lang.AssertionError">java.lang.AssertionError
	at org.junit.Assert.fail(Assert.java:86)
	at org.junit.Assert.assertTrue(Assert.java:41)
	at org.junit.Assert.assertTrue(Assert.java:52)
	at org.apache.hadoop.ozone.client.rpc.TestCommitWatcher.testReleaseBuffersOnException(TestCommitWatcher.java:284)
	at sun.reflect.NativeMethodAccessorImpl.invoke0(Native Method)
	at sun.reflect.NativeMethodAccessorImpl.invoke(NativeMethodAccessorImpl.java:62)
	at sun.reflect.DelegatingMethodAccessorImpl.invoke(DelegatingMethodAccessorImpl.java:43)
	at java.lang.reflect.Method.invoke(Method.java:498)
	at org.junit.runners.model.FrameworkMethod$1.runReflectiveCall(FrameworkMethod.java:47)
	at org.junit.internal.runners.model.ReflectiveCallable.run(ReflectiveCallable.java:12)
	at org.junit.runners.model.FrameworkMethod.invokeExplosively(FrameworkMethod.java:44)
	at org.junit.internal.runners.statements.InvokeMethod.evaluate(InvokeMethod.java:17)
	at org.junit.runners.ParentRunner.runLeaf(ParentRunner.java:271)
	at org.junit.runners.BlockJUnit4ClassRunner.runChild(BlockJUnit4ClassRunner.java:70)
	at org.junit.runners.BlockJUnit4ClassRunner.runChild(BlockJUnit4ClassRunner.java:50)
	at org.junit.runners.ParentRunner$3.run(ParentRunner.java:238)
	at org.junit.runners.ParentRunner$1.schedule(ParentRunner.java:63)
	at org.junit.runners.ParentRunner.runChildren(ParentRunner.java:236)
	at org.junit.runners.ParentRunner.access$000(ParentRunner.java:53)
	at org.junit.runners.ParentRunner$2.evaluate(ParentRunner.java:229)
	at org.junit.internal.runners.statements.RunBefores.evaluate(RunBefores.java:26)
	at org.junit.internal.runners.statements.RunAfters.evaluate(RunAfters.java:27)
	at org.junit.runners.ParentRunner.run(ParentRunner.java:309)
	at org.apache.maven.surefire.junit4.JUnit4Provider.execute(JUnit4Provider.java:365)
	at org.apache.maven.surefire.junit4.JUnit4Provider.executeWithRerun(JUnit4Provider.java:273)
	at org.apache.maven.surefire.junit4.JUnit4Provider.executeTestSet(JUnit4Provider.java:238)
	at org.apache.maven.surefire.junit4.JUnit4Provider.invoke(JUnit4Provider.java:159)
	at org.apache.maven.surefire.booter.ForkedBooter.invokeProviderInSameClassLoader(ForkedBooter.java:384)
	at org.apache.maven.surefire.booter.ForkedBooter.runSuitesInProcess(ForkedBooter.java:345)
	at org.apache.maven.surefire.booter.ForkedBooter.execute(ForkedBooter.java:126)
	at org.apache.maven.surefire.booter.ForkedBooter.main(ForkedBooter.java:418)
</failure>
    <system-out><![CDATA[2019-08-22 03:52:08,154 INFO  client.GrpcClientProtocolClient (GrpcClientProtocolClient.java:onNext(255)) - client-9C4C58832F0D->13038f0e-7807-4313-bb5c-861eea26ea44: receive RaftClientReply:client-9C4C58832F0D->13038f0e-7807-4313-bb5c-861eea26ea44@group-00ED3BCDBB7D, cid=17, FAILED org.apache.ratis.protocol.NotLeaderException: Server 13038f0e-7807-4313-bb5c-861eea26ea44 is not the leader (null). Request must be sent to leader., logIndex=0, commits[13038f0e-7807-4313-bb5c-861eea26ea44:c-1]
2019-08-22 03:52:08,262 | INFO  | SCMAudit | user=jenkins1000 | ip=192.168.69.127 | op=SEND_HEARTBEAT {datanodeUUID=58341601-4dc9-4d4f-bde6-1f95ab507f59, command=[]} | ret=SUCCESS |  
2019-08-22 03:52:08,469 | INFO  | SCMAudit | user=jenkins1000 | ip=192.168.69.127 | op=SEND_HEARTBEAT {datanodeUUID=62ca953e-0868-4cb4-a350-3b0ba6272019, command=[]} | ret=SUCCESS |  
2019-08-22 03:52:08,761 | INFO  | SCMAudit | user=jenkins1000 | ip=192.168.69.127 | op=SEND_HEARTBEAT {datanodeUUID=0c706f81-1733-40dc-9ced-2ff17170c2a2, command=[]} | ret=SUCCESS |  
2019-08-22 03:52:08,801 | INFO  | SCMAudit | user=jenkins1000 | ip=192.168.69.127 | op=SEND_HEARTBEAT {datanodeUUID=8cce591f-406f-40e9-b184-f5450519b4f0, command=[]} | ret=SUCCESS |  
2019-08-22 03:52:08,808 | INFO  | SCMAudit | user=jenkins1000 | ip=192.168.69.127 | op=SEND_HEARTBEAT {datanodeUUID=7cf9cfae-dfa7-49dc-b4f8-a4e838b109d5, command=[]} | ret=SUCCESS |  
2019-08-22 03:52:08,809 | INFO  | SCMAudit | user=jenkins1000 | ip=192.168.69.127 | op=SEND_HEARTBEAT {datanodeUUID=4f45355e-0fac-4edb-b7c4-b60fa164fda0, command=[]} | ret=SUCCESS |  
2019-08-22 03:52:09,036 | INFO  | SCMAudit | user=jenkins1000 | ip=192.168.69.127 | op=SEND_HEARTBEAT {datanodeUUID=13038f0e-7807-4313-bb5c-861eea26ea44, command=[]} | ret=SUCCESS |  
2019-08-22 03:52:09,189 INFO  client.GrpcClientProtocolClient (GrpcClientProtocolClient.java:onNext(255)) - client-9C4C58832F0D->62ca953e-0868-4cb4-a350-3b0ba6272019: receive RaftClientReply:client-9C4C58832F0D->62ca953e-0868-4cb4-a350-3b0ba6272019@group-00ED3BCDBB7D, cid=17, FAILED org.apache.ratis.protocol.NotLeaderException: Server 62ca953e-0868-4cb4-a350-3b0ba6272019 is not the leader (null). Request must be sent to leader., logIndex=0, commits[62ca953e-0868-4cb4-a350-3b0ba6272019:c-1]
2019-08-22 03:52:09,263 | INFO  | SCMAudit | user=jenkins1000 | ip=192.168.69.127 | op=SEND_HEARTBEAT {datanodeUUID=58341601-4dc9-4d4f-bde6-1f95ab507f59, command=[]} | ret=SUCCESS |  
2019-08-22 03:52:09,468 | INFO  | SCMAudit | user=jenkins1000 | ip=192.168.69.127 | op=SEND_HEARTBEAT {datanodeUUID=62ca953e-0868-4cb4-a350-3b0ba6272019, command=[]} | ret=SUCCESS |  
2019-08-22 03:52:09,761 | INFO  | SCMAudit | user=jenkins1000 | ip=192.168.69.127 | op=SEND_HEARTBEAT {datanodeUUID=0c706f81-1733-40dc-9ced-2ff17170c2a2, command=[]} | ret=SUCCESS |  
2019-08-22 03:52:09,802 | INFO  | SCMAudit | user=jenkins1000 | ip=192.168.69.127 | op=SEND_HEARTBEAT {datanodeUUID=8cce591f-406f-40e9-b184-f5450519b4f0, command=[]} | ret=SUCCESS |  
2019-08-22 03:52:09,809 | INFO  | SCMAudit | user=jenkins1000 | ip=192.168.69.127 | op=SEND_HEARTBEAT {datanodeUUID=7cf9cfae-dfa7-49dc-b4f8-a4e838b109d5, command=[]} | ret=SUCCESS |  
2019-08-22 03:52:09,810 | INFO  | SCMAudit | user=jenkins1000 | ip=192.168.69.127 | op=SEND_HEARTBEAT {datanodeUUID=4f45355e-0fac-4edb-b7c4-b60fa164fda0, command=[]} | ret=SUCCESS |  
2019-08-22 03:52:10,036 | INFO  | SCMAudit | user=jenkins1000 | ip=192.168.69.127 | op=SEND_HEARTBEAT {datanodeUUID=13038f0e-7807-4313-bb5c-861eea26ea44, command=[]} | ret=SUCCESS |  
2019-08-22 03:52:10,217 INFO  client.GrpcClientProtocolClient (GrpcClientProtocolClient.java:onNext(255)) - client-9C4C58832F0D->58341601-4dc9-4d4f-bde6-1f95ab507f59: receive RaftClientReply:client-9C4C58832F0D->58341601-4dc9-4d4f-bde6-1f95ab507f59@group-00ED3BCDBB7D, cid=17, FAILED org.apache.ratis.protocol.NotLeaderException: Server 58341601-4dc9-4d4f-bde6-1f95ab507f59 is not the leader (null). Request must be sent to leader., logIndex=0, commits[58341601-4dc9-4d4f-bde6-1f95ab507f59:c-1]
2019-08-22 03:52:10,263 | INFO  | SCMAudit | user=jenkins1000 | ip=192.168.69.127 | op=SEND_HEARTBEAT {datanodeUUID=58341601-4dc9-4d4f-bde6-1f95ab507f59, command=[]} | ret=SUCCESS |  
2019-08-22 03:52:10,468 | INFO  | SCMAudit | user=jenkins1000 | ip=192.168.69.127 | op=SEND_HEARTBEAT {datanodeUUID=62ca953e-0868-4cb4-a350-3b0ba6272019, command=[]} | ret=SUCCESS |  
2019-08-22 03:52:10,761 | INFO  | SCMAudit | user=jenkins1000 | ip=192.168.69.127 | op=SEND_HEARTBEAT {datanodeUUID=0c706f81-1733-40dc-9ced-2ff17170c2a2, command=[]} | ret=SUCCESS |  
2019-08-22 03:52:10,802 | INFO  | SCMAudit | user=jenkins1000 | ip=192.168.69.127 | op=SEND_HEARTBEAT {datanodeUUID=8cce591f-406f-40e9-b184-f5450519b4f0, command=[]} | ret=SUCCESS |  
2019-08-22 03:52:10,808 | INFO  | SCMAudit | user=jenkins1000 | ip=192.168.69.127 | op=SEND_HEARTBEAT {datanodeUUID=7cf9cfae-dfa7-49dc-b4f8-a4e838b109d5, command=[]} | ret=SUCCESS |  
2019-08-22 03:52:10,809 | INFO  | SCMAudit | user=jenkins1000 | ip=192.168.69.127 | op=SEND_HEARTBEAT {datanodeUUID=4f45355e-0fac-4edb-b7c4-b60fa164fda0, command=[]} | ret=SUCCESS |  
2019-08-22 03:52:11,036 | INFO  | SCMAudit | user=jenkins1000 | ip=192.168.69.127 | op=SEND_HEARTBEAT {datanodeUUID=13038f0e-7807-4313-bb5c-861eea26ea44, command=[]} | ret=SUCCESS |  
2019-08-22 03:52:11,245 INFO  client.GrpcClientProtocolClient (GrpcClientProtocolClient.java:onNext(255)) - client-9C4C58832F0D->13038f0e-7807-4313-bb5c-861eea26ea44: receive RaftClientReply:client-9C4C58832F0D->13038f0e-7807-4313-bb5c-861eea26ea44@group-00ED3BCDBB7D, cid=17, FAILED org.apache.ratis.protocol.NotLeaderException: Server 13038f0e-7807-4313-bb5c-861eea26ea44 is not the leader (null). Request must be sent to leader., logIndex=0, commits[13038f0e-7807-4313-bb5c-861eea26ea44:c-1]
2019-08-22 03:52:11,263 | INFO  | SCMAudit | user=jenkins1000 | ip=192.168.69.127 | op=SEND_HEARTBEAT {datanodeUUID=58341601-4dc9-4d4f-bde6-1f95ab507f59, command=[]} | ret=SUCCESS |  
2019-08-22 03:52:11,469 | INFO  | SCMAudit | user=jenkins1000 | ip=192.168.69.127 | op=SEND_HEARTBEAT {datanodeUUID=62ca953e-0868-4cb4-a350-3b0ba6272019, command=[]} | ret=SUCCESS |  
2019-08-22 03:52:11,761 | INFO  | SCMAudit | user=jenkins1000 | ip=192.168.69.127 | op=SEND_HEARTBEAT {datanodeUUID=0c706f81-1733-40dc-9ced-2ff17170c2a2, command=[]} | ret=SUCCESS |  
2019-08-22 03:52:11,802 | INFO  | SCMAudit | user=jenkins1000 | ip=192.168.69.127 | op=SEND_HEARTBEAT {datanodeUUID=8cce591f-406f-40e9-b184-f5450519b4f0, command=[]} | ret=SUCCESS |  
2019-08-22 03:52:11,808 | INFO  | SCMAudit | user=jenkins1000 | ip=192.168.69.127 | op=SEND_HEARTBEAT {datanodeUUID=7cf9cfae-dfa7-49dc-b4f8-a4e838b109d5, command=[]} | ret=SUCCESS |  
2019-08-22 03:52:11,810 | INFO  | SCMAudit | user=jenkins1000 | ip=192.168.69.127 | op=SEND_HEARTBEAT {datanodeUUID=4f45355e-0fac-4edb-b7c4-b60fa164fda0, command=[]} | ret=SUCCESS |  
2019-08-22 03:52:12,036 | INFO  | SCMAudit | user=jenkins1000 | ip=192.168.69.127 | op=SEND_HEARTBEAT {datanodeUUID=13038f0e-7807-4313-bb5c-861eea26ea44, command=[]} | ret=SUCCESS |  
2019-08-22 03:52:12,174 INFO  impl.FollowerState (FollowerState.java:run(106)) - 62ca953e-0868-4cb4-a350-3b0ba6272019:group-00ED3BCDBB7D changes to CANDIDATE, lastRpcTime:5111, electionTimeout:5108ms
2019-08-22 03:52:12,174 INFO  impl.RoleInfo (RoleInfo.java:shutdownFollowerState(121)) - 62ca953e-0868-4cb4-a350-3b0ba6272019: shutdown FollowerState
2019-08-22 03:52:12,174 INFO  impl.RaftServerImpl (RaftServerImpl.java:setRole(171)) - 62ca953e-0868-4cb4-a350-3b0ba6272019:group-00ED3BCDBB7D changes role from FOLLOWER to CANDIDATE at term 1 for changeToCandidate
2019-08-22 03:52:12,175 INFO  impl.RoleInfo (RoleInfo.java:updateAndGet(143)) - 62ca953e-0868-4cb4-a350-3b0ba6272019: start LeaderElection
2019-08-22 03:52:12,210 INFO  impl.LeaderElection (LeaderElection.java:askForVotes(181)) - 62ca953e-0868-4cb4-a350-3b0ba6272019:group-00ED3BCDBB7D:LeaderElection12: begin an election at term 2 for -1: [62ca953e-0868-4cb4-a350-3b0ba6272019:192.168.69.127:46755, 13038f0e-7807-4313-bb5c-861eea26ea44:192.168.69.127:42694, 58341601-4dc9-4d4f-bde6-1f95ab507f59:192.168.69.127:39545], old=null
2019-08-22 03:52:12,217 INFO  impl.RaftServerImpl (RaftServerImpl.java:setRole(171)) - 58341601-4dc9-4d4f-bde6-1f95ab507f59:group-00ED3BCDBB7D changes role from FOLLOWER to FOLLOWER at term 2 for recognizeCandidate:62ca953e-0868-4cb4-a350-3b0ba6272019
2019-08-22 03:52:12,217 INFO  impl.RaftServerImpl (RaftServerImpl.java:setRole(171)) - 13038f0e-7807-4313-bb5c-861eea26ea44:group-00ED3BCDBB7D changes role from FOLLOWER to FOLLOWER at term 2 for recognizeCandidate:62ca953e-0868-4cb4-a350-3b0ba6272019
2019-08-22 03:52:12,217 INFO  impl.RoleInfo (RoleInfo.java:shutdownFollowerState(121)) - 58341601-4dc9-4d4f-bde6-1f95ab507f59: shutdown FollowerState
2019-08-22 03:52:12,218 INFO  impl.RoleInfo (RoleInfo.java:shutdownFollowerState(121)) - 13038f0e-7807-4313-bb5c-861eea26ea44: shutdown FollowerState
2019-08-22 03:52:12,218 INFO  impl.FollowerState (FollowerState.java:run(114)) - 58341601-4dc9-4d4f-bde6-1f95ab507f59: FollowerState was interrupted: java.lang.InterruptedException: sleep interrupted
2019-08-22 03:52:12,218 INFO  impl.RoleInfo (RoleInfo.java:updateAndGet(143)) - 58341601-4dc9-4d4f-bde6-1f95ab507f59: start FollowerState
2019-08-22 03:52:12,218 INFO  impl.FollowerState (FollowerState.java:run(114)) - 13038f0e-7807-4313-bb5c-861eea26ea44: FollowerState was interrupted: java.lang.InterruptedException: sleep interrupted
2019-08-22 03:52:12,218 INFO  impl.RoleInfo (RoleInfo.java:updateAndGet(143)) - 13038f0e-7807-4313-bb5c-861eea26ea44: start FollowerState
2019-08-22 03:52:12,241 INFO  impl.LeaderElection (LeaderElection.java:logAndReturn(56)) - 62ca953e-0868-4cb4-a350-3b0ba6272019:group-00ED3BCDBB7D:LeaderElection12: Election PASSED; received 1 response(s) [62ca953e-0868-4cb4-a350-3b0ba6272019<-13038f0e-7807-4313-bb5c-861eea26ea44#0:OK-t2] and 0 exception(s); 62ca953e-0868-4cb4-a350-3b0ba6272019:t2, leader=null, voted=62ca953e-0868-4cb4-a350-3b0ba6272019, raftlog=62ca953e-0868-4cb4-a350-3b0ba6272019-SegmentedRaftLog:OPENED:c-1,f-1,i0, conf=-1: [62ca953e-0868-4cb4-a350-3b0ba6272019:192.168.69.127:46755, 13038f0e-7807-4313-bb5c-861eea26ea44:192.168.69.127:42694, 58341601-4dc9-4d4f-bde6-1f95ab507f59:192.168.69.127:39545], old=null
2019-08-22 03:52:12,242 INFO  impl.RoleInfo (RoleInfo.java:shutdownLeaderElection(134)) - 62ca953e-0868-4cb4-a350-3b0ba6272019: shutdown LeaderElection
2019-08-22 03:52:12,254 INFO  impl.RaftServerImpl (RaftServerImpl.java:setRole(171)) - 62ca953e-0868-4cb4-a350-3b0ba6272019:group-00ED3BCDBB7D changes role from CANDIDATE to LEADER at term 2 for changeToLeader
2019-08-22 03:52:12,254 INFO  impl.RaftServerImpl (ServerState.java:setLeader(263)) - 62ca953e-0868-4cb4-a350-3b0ba6272019:group-00ED3BCDBB7D change Leader from null to 62ca953e-0868-4cb4-a350-3b0ba6272019 at term 2 for becomeLeader, leader elected after 10415ms
2019-08-22 03:52:12,254 INFO  server.RaftServerConfigKeys (ConfUtils.java:logGet(43)) - raft.server.staging.catchup.gap = 1000 (default)
2019-08-22 03:52:12,254 INFO  server.RaftServerConfigKeys (ConfUtils.java:logGet(43)) - raft.server.rpc.sleep.time = 25ms (default)
2019-08-22 03:52:12,257 INFO  server.RaftServerConfigKeys (ConfUtils.java:logGet(43)) - raft.server.write.element-limit = 4096 (default)
2019-08-22 03:52:12,257 INFO  server.RaftServerConfigKeys (ConfUtils.java:logGet(43)) - raft.server.watch.timeout = 10s (default)
2019-08-22 03:52:12,257 INFO  server.RaftServerConfigKeys (ConfUtils.java:logGet(43)) - raft.server.watch.timeout.denomination = 1s (default)
2019-08-22 03:52:12,258 INFO  server.RaftServerConfigKeys (ConfUtils.java:logGet(43)) - raft.server.watch.element-limit = 65536 (default)
2019-08-22 03:52:12,258 INFO  server.RaftServerConfigKeys (ConfUtils.java:logGet(43)) - raft.server.log.appender.snapshot.chunk.size.max = 16MB (=16777216) (default)
2019-08-22 03:52:12,258 INFO  server.RaftServerConfigKeys (ConfUtils.java:logGet(43)) - raft.server.log.appender.buffer.byte-limit = 33554432 (custom)
2019-08-22 03:52:12,259 INFO  server.RaftServerConfigKeys (ConfUtils.java:logGet(43)) - raft.server.log.appender.buffer.element-limit = 1 (custom)
2019-08-22 03:52:12,259 INFO  grpc.GrpcConfigKeys$Server (ConfUtils.java:logGet(43)) - raft.grpc.server.leader.outstanding.appends.max = 128 (default)
2019-08-22 03:52:12,260 INFO  server.RaftServerConfigKeys (ConfUtils.java:logGet(43)) - raft.server.rpc.request.timeout = 3000ms (default)
2019-08-22 03:52:12,260 INFO  server.RaftServerConfigKeys (ConfUtils.java:logGet(43)) - raft.server.log.appender.install.snapshot.enabled = false (custom)
2019-08-22 03:52:12,260 INFO  server.RaftServerConfigKeys (ConfUtils.java:logGet(43)) - raft.server.log.appender.snapshot.chunk.size.max = 16MB (=16777216) (default)
2019-08-22 03:52:12,261 INFO  server.RaftServerConfigKeys (ConfUtils.java:logGet(43)) - raft.server.log.appender.buffer.byte-limit = 33554432 (custom)
2019-08-22 03:52:12,261 INFO  server.RaftServerConfigKeys (ConfUtils.java:logGet(43)) - raft.server.log.appender.buffer.element-limit = 1 (custom)
2019-08-22 03:52:12,261 INFO  grpc.GrpcConfigKeys$Server (ConfUtils.java:logGet(43)) - raft.grpc.server.leader.outstanding.appends.max = 128 (default)
2019-08-22 03:52:12,262 INFO  server.RaftServerConfigKeys (ConfUtils.java:logGet(43)) - raft.server.rpc.request.timeout = 3000ms (default)
2019-08-22 03:52:12,262 INFO  server.RaftServerConfigKeys (ConfUtils.java:logGet(43)) - raft.server.log.appender.install.snapshot.enabled = false (custom)
2019-08-22 03:52:12,262 INFO  impl.RoleInfo (RoleInfo.java:updateAndGet(143)) - 62ca953e-0868-4cb4-a350-3b0ba6272019: start LeaderState
2019-08-22 03:52:12,263 | INFO  | SCMAudit | user=jenkins1000 | ip=192.168.69.127 | op=SEND_HEARTBEAT {datanodeUUID=58341601-4dc9-4d4f-bde6-1f95ab507f59, command=[]} | ret=SUCCESS |  
2019-08-22 03:52:12,263 INFO  segmented.SegmentedRaftLogWorker (SegmentedRaftLogWorker.java:startLogSegment(380)) - 62ca953e-0868-4cb4-a350-3b0ba6272019-SegmentedRaftLogWorker:Storage Directory /workdir/hadoop-ozone/integration-test/target/test-dir/MiniOzoneClusterImpl-fc235f17-d14d-406f-85a3-43dae2212500/datanode-6/data/ratis/6bde2b82-961d-4e33-bc78-00ed3bcdbb7d: Starting segment from index:0
2019-08-22 03:52:12,264 INFO  impl.RaftServerImpl (ServerState.java:setRaftConf(361)) - 62ca953e-0868-4cb4-a350-3b0ba6272019:group-00ED3BCDBB7D set configuration 0: [62ca953e-0868-4cb4-a350-3b0ba6272019:192.168.69.127:46755, 13038f0e-7807-4313-bb5c-861eea26ea44:192.168.69.127:42694, 58341601-4dc9-4d4f-bde6-1f95ab507f59:192.168.69.127:39545], old=null at 0
2019-08-22 03:52:12,267 INFO  impl.RaftServerImpl (ServerState.java:setLeader(263)) - 13038f0e-7807-4313-bb5c-861eea26ea44:group-00ED3BCDBB7D change Leader from null to 62ca953e-0868-4cb4-a350-3b0ba6272019 at term 2 for appendEntries, leader elected after 10428ms
2019-08-22 03:52:12,298 INFO  impl.RaftServerImpl (ServerState.java:setLeader(263)) - 58341601-4dc9-4d4f-bde6-1f95ab507f59:group-00ED3BCDBB7D change Leader from null to 62ca953e-0868-4cb4-a350-3b0ba6272019 at term 2 for appendEntries, leader elected after 10458ms
2019-08-22 03:52:12,305 INFO  impl.RaftServerImpl (ServerState.java:setRaftConf(361)) - 13038f0e-7807-4313-bb5c-861eea26ea44:group-00ED3BCDBB7D set configuration 0: [62ca953e-0868-4cb4-a350-3b0ba6272019:192.168.69.127:46755, 13038f0e-7807-4313-bb5c-861eea26ea44:192.168.69.127:42694, 58341601-4dc9-4d4f-bde6-1f95ab507f59:192.168.69.127:39545], old=null at 0
2019-08-22 03:52:12,305 INFO  impl.RaftServerImpl (ServerState.java:setRaftConf(361)) - 58341601-4dc9-4d4f-bde6-1f95ab507f59:group-00ED3BCDBB7D set configuration 0: [62ca953e-0868-4cb4-a350-3b0ba6272019:192.168.69.127:46755, 13038f0e-7807-4313-bb5c-861eea26ea44:192.168.69.127:42694, 58341601-4dc9-4d4f-bde6-1f95ab507f59:192.168.69.127:39545], old=null at 0
2019-08-22 03:52:12,305 INFO  segmented.SegmentedRaftLogWorker (SegmentedRaftLogWorker.java:startLogSegment(380)) - 13038f0e-7807-4313-bb5c-861eea26ea44-SegmentedRaftLogWorker:Storage Directory /workdir/hadoop-ozone/integration-test/target/test-dir/MiniOzoneClusterImpl-fc235f17-d14d-406f-85a3-43dae2212500/datanode-0/data/ratis/6bde2b82-961d-4e33-bc78-00ed3bcdbb7d: Starting segment from index:0
2019-08-22 03:52:12,305 INFO  segmented.SegmentedRaftLogWorker (SegmentedRaftLogWorker.java:startLogSegment(380)) - 58341601-4dc9-4d4f-bde6-1f95ab507f59-SegmentedRaftLogWorker:Storage Directory /workdir/hadoop-ozone/integration-test/target/test-dir/MiniOzoneClusterImpl-fc235f17-d14d-406f-85a3-43dae2212500/datanode-1/data/ratis/6bde2b82-961d-4e33-bc78-00ed3bcdbb7d: Starting segment from index:0
2019-08-22 03:52:12,353 INFO  segmented.SegmentedRaftLogWorker (SegmentedRaftLogWorker.java:execute(569)) - 62ca953e-0868-4cb4-a350-3b0ba6272019-SegmentedRaftLogWorker:Storage Directory /workdir/hadoop-ozone/integration-test/target/test-dir/MiniOzoneClusterImpl-fc235f17-d14d-406f-85a3-43dae2212500/datanode-6/data/ratis/6bde2b82-961d-4e33-bc78-00ed3bcdbb7d: created new log segment /workdir/hadoop-ozone/integration-test/target/test-dir/MiniOzoneClusterImpl-fc235f17-d14d-406f-85a3-43dae2212500/datanode-6/data/ratis/6bde2b82-961d-4e33-bc78-00ed3bcdbb7d/current/log_inprogress_0
2019-08-22 03:52:12,358 INFO  client.GrpcClientProtocolClient (GrpcClientProtocolClient.java:onNext(255)) - client-9C4C58832F0D->62ca953e-0868-4cb4-a350-3b0ba6272019: receive RaftClientReply:client-9C4C58832F0D->62ca953e-0868-4cb4-a350-3b0ba6272019@group-00ED3BCDBB7D, cid=17, FAILED org.apache.ratis.protocol.LeaderNotReadyException: 62ca953e-0868-4cb4-a350-3b0ba6272019 is in LEADER state but not ready yet., logIndex=0, commits[62ca953e-0868-4cb4-a350-3b0ba6272019:c-1, 13038f0e-7807-4313-bb5c-861eea26ea44:c-1, 58341601-4dc9-4d4f-bde6-1f95ab507f59:c-1]
2019-08-22 03:52:12,365 INFO  segmented.SegmentedRaftLogWorker (SegmentedRaftLogWorker.java:execute(569)) - 58341601-4dc9-4d4f-bde6-1f95ab507f59-SegmentedRaftLogWorker:Storage Directory /workdir/hadoop-ozone/integration-test/target/test-dir/MiniOzoneClusterImpl-fc235f17-d14d-406f-85a3-43dae2212500/datanode-1/data/ratis/6bde2b82-961d-4e33-bc78-00ed3bcdbb7d: created new log segment /workdir/hadoop-ozone/integration-test/target/test-dir/MiniOzoneClusterImpl-fc235f17-d14d-406f-85a3-43dae2212500/datanode-1/data/ratis/6bde2b82-961d-4e33-bc78-00ed3bcdbb7d/current/log_inprogress_0
2019-08-22 03:52:12,365 INFO  segmented.SegmentedRaftLogWorker (SegmentedRaftLogWorker.java:execute(569)) - 13038f0e-7807-4313-bb5c-861eea26ea44-SegmentedRaftLogWorker:Storage Directory /workdir/hadoop-ozone/integration-test/target/test-dir/MiniOzoneClusterImpl-fc235f17-d14d-406f-85a3-43dae2212500/datanode-0/data/ratis/6bde2b82-961d-4e33-bc78-00ed3bcdbb7d: created new log segment /workdir/hadoop-ozone/integration-test/target/test-dir/MiniOzoneClusterImpl-fc235f17-d14d-406f-85a3-43dae2212500/datanode-0/data/ratis/6bde2b82-961d-4e33-bc78-00ed3bcdbb7d/current/log_inprogress_0
2019-08-22 03:52:12,469 | INFO  | SCMAudit | user=jenkins1000 | ip=192.168.69.127 | op=SEND_HEARTBEAT {datanodeUUID=62ca953e-0868-4cb4-a350-3b0ba6272019, command=[]} | ret=SUCCESS |  
2019-08-22 03:52:12,761 | INFO  | SCMAudit | user=jenkins1000 | ip=192.168.69.127 | op=SEND_HEARTBEAT {datanodeUUID=0c706f81-1733-40dc-9ced-2ff17170c2a2, command=[]} | ret=SUCCESS |  
2019-08-22 03:52:12,802 | INFO  | SCMAudit | user=jenkins1000 | ip=192.168.69.127 | op=SEND_HEARTBEAT {datanodeUUID=8cce591f-406f-40e9-b184-f5450519b4f0, command=[]} | ret=SUCCESS |  
2019-08-22 03:52:12,809 | INFO  | SCMAudit | user=jenkins1000 | ip=192.168.69.127 | op=SEND_HEARTBEAT {datanodeUUID=7cf9cfae-dfa7-49dc-b4f8-a4e838b109d5, command=[]} | ret=SUCCESS |  
2019-08-22 03:52:12,811 | INFO  | SCMAudit | user=jenkins1000 | ip=192.168.69.127 | op=SEND_HEARTBEAT {datanodeUUID=4f45355e-0fac-4edb-b7c4-b60fa164fda0, command=[]} | ret=SUCCESS |  
2019-08-22 03:52:13,036 | INFO  | SCMAudit | user=jenkins1000 | ip=192.168.69.127 | op=SEND_HEARTBEAT {datanodeUUID=13038f0e-7807-4313-bb5c-861eea26ea44, command=[]} | ret=SUCCESS |  
2019-08-22 03:52:13,263 | INFO  | SCMAudit | user=jenkins1000 | ip=192.168.69.127 | op=SEND_HEARTBEAT {datanodeUUID=58341601-4dc9-4d4f-bde6-1f95ab507f59, command=[]} | ret=SUCCESS |  
2019-08-22 03:52:13,469 | INFO  | SCMAudit | user=jenkins1000 | ip=192.168.69.127 | op=SEND_HEARTBEAT {datanodeUUID=62ca953e-0868-4cb4-a350-3b0ba6272019, command=[]} | ret=SUCCESS |  
2019-08-22 03:52:13,761 | INFO  | SCMAudit | user=jenkins1000 | ip=192.168.69.127 | op=SEND_HEARTBEAT {datanodeUUID=0c706f81-1733-40dc-9ced-2ff17170c2a2, command=[]} | ret=SUCCESS |  
2019-08-22 03:52:13,801 | INFO  | SCMAudit | user=jenkins1000 | ip=192.168.69.127 | op=SEND_HEARTBEAT {datanodeUUID=8cce591f-406f-40e9-b184-f5450519b4f0, command=[]} | ret=SUCCESS |  
2019-08-22 03:52:13,808 | INFO  | SCMAudit | user=jenkins1000 | ip=192.168.69.127 | op=SEND_HEARTBEAT {datanodeUUID=7cf9cfae-dfa7-49dc-b4f8-a4e838b109d5, command=[]} | ret=SUCCESS |  
2019-08-22 03:52:13,812 | INFO  | SCMAudit | user=jenkins1000 | ip=192.168.69.127 | op=SEND_HEARTBEAT {datanodeUUID=4f45355e-0fac-4edb-b7c4-b60fa164fda0, command=[]} | ret=SUCCESS |  
2019-08-22 03:52:14,036 | INFO  | SCMAudit | user=jenkins1000 | ip=192.168.69.127 | op=SEND_HEARTBEAT {datanodeUUID=13038f0e-7807-4313-bb5c-861eea26ea44, command=[]} | ret=SUCCESS |  
2019-08-22 03:52:14,263 | INFO  | SCMAudit | user=jenkins1000 | ip=192.168.69.127 | op=SEND_HEARTBEAT {datanodeUUID=58341601-4dc9-4d4f-bde6-1f95ab507f59, command=[]} | ret=SUCCESS |  
2019-08-22 03:52:14,469 | INFO  | SCMAudit | user=jenkins1000 | ip=192.168.69.127 | op=SEND_HEARTBEAT {datanodeUUID=62ca953e-0868-4cb4-a350-3b0ba6272019, command=[]} | ret=SUCCESS |  
2019-08-22 03:52:14,559 | INFO  | SCMAudit | user=jenkins1000 | ip=192.168.69.127 | op=SEND_HEARTBEAT {datanodeUUID=58341601-4dc9-4d4f-bde6-1f95ab507f59, command=[]} | ret=SUCCESS |  
2019-08-22 03:52:14,559 | INFO  | SCMAudit | user=jenkins1000 | ip=192.168.69.127 | op=SEND_HEARTBEAT {datanodeUUID=62ca953e-0868-4cb4-a350-3b0ba6272019, command=[]} | ret=SUCCESS |  
2019-08-22 03:52:14,559 | INFO  | SCMAudit | user=jenkins1000 | ip=192.168.69.127 | op=SEND_HEARTBEAT {datanodeUUID=13038f0e-7807-4313-bb5c-861eea26ea44, command=[]} | ret=SUCCESS |  
2019-08-22 03:52:14,563 | INFO  | DNAudit | user=null | ip=null | op=WRITE_CHUNK {blockData=conID: 2 locID: 1566445928122 bcsId: 0} | ret=SUCCESS |  
2019-08-22 03:52:14,565 | INFO  | DNAudit | user=null | ip=null | op=WRITE_CHUNK {blockData=conID: 2 locID: 1566445928122 bcsId: 0} | ret=SUCCESS |  
2019-08-22 03:52:14,567 | INFO  | DNAudit | user=null | ip=null | op=WRITE_CHUNK {blockData=conID: 2 locID: 1566445928122 bcsId: 0} | ret=SUCCESS |  
2019-08-22 03:52:14,583 | INFO  | DNAudit | user=null | ip=null | op=WRITE_CHUNK {blockData=conID: 2 locID: 1566445928122 bcsId: 0} | ret=SUCCESS |  
2019-08-22 03:52:14,591 INFO  client.GrpcClientProtocolClient (GrpcClientProtocolClient.java:onNext(255)) - client-9C4C58832F0D->62ca953e-0868-4cb4-a350-3b0ba6272019: receive RaftClientReply:client-9C4C58832F0D->62ca953e-0868-4cb4-a350-3b0ba6272019@group-00ED3BCDBB7D, cid=17, SUCCESS, logIndex=1, commits[62ca953e-0868-4cb4-a350-3b0ba6272019:c1, 13038f0e-7807-4313-bb5c-861eea26ea44:c0, 58341601-4dc9-4d4f-bde6-1f95ab507f59:c0]
2019-08-22 03:52:14,600 | INFO  | DNAudit | user=null | ip=null | op=WRITE_CHUNK {blockData=conID: 2 locID: 1566445928122 bcsId: 0} | ret=SUCCESS |  
2019-08-22 03:52:14,600 | INFO  | DNAudit | user=null | ip=null | op=WRITE_CHUNK {blockData=conID: 2 locID: 1566445928122 bcsId: 0} | ret=SUCCESS |  
2019-08-22 03:52:14,610 WARN  impl.ChunkManagerImpl (ChunkUtils.java:validateChunkForOverwrite(218)) - Duplicate write chunk request. Chunk overwrite without explicit request. ChunkInfo{chunkName='1566445928122.data.0, offset=0, len=1048576}
2019-08-22 03:52:14,612 WARN  impl.ChunkManagerImpl (ChunkManagerImpl.java:writeChunk(111)) - ChunkFile already exists/workdir/hadoop-ozone/integration-test/target/test-dir/MiniOzoneClusterImpl-fc235f17-d14d-406f-85a3-43dae2212500/datanode-6/data/containers/hdds/4f200dba-eca7-434c-8fac-8a7ba35169b6/current/containerDir0/2/chunks/1566445928122.data.0.Deleting it.
2019-08-22 03:52:14,619 | INFO  | DNAudit | user=null | ip=null | op=WRITE_CHUNK {blockData=conID: 2 locID: 1566445928122 bcsId: 0} | ret=SUCCESS |  
2019-08-22 03:52:14,622 WARN  impl.ChunkManagerImpl (ChunkUtils.java:validateChunkForOverwrite(218)) - Duplicate write chunk request. Chunk overwrite without explicit request. ChunkInfo{chunkName='1566445928122.data.0, offset=0, len=1048576}
2019-08-22 03:52:14,622 WARN  impl.ChunkManagerImpl (ChunkManagerImpl.java:writeChunk(111)) - ChunkFile already exists/workdir/hadoop-ozone/integration-test/target/test-dir/MiniOzoneClusterImpl-fc235f17-d14d-406f-85a3-43dae2212500/datanode-0/data/containers/hdds/4f200dba-eca7-434c-8fac-8a7ba35169b6/current/containerDir0/2/chunks/1566445928122.data.0.Deleting it.
2019-08-22 03:52:14,623 WARN  impl.ChunkManagerImpl (ChunkUtils.java:validateChunkForOverwrite(218)) - Duplicate write chunk request. Chunk overwrite without explicit request. ChunkInfo{chunkName='1566445928122.data.0, offset=0, len=1048576}
2019-08-22 03:52:14,623 WARN  impl.ChunkManagerImpl (ChunkManagerImpl.java:writeChunk(111)) - ChunkFile already exists/workdir/hadoop-ozone/integration-test/target/test-dir/MiniOzoneClusterImpl-fc235f17-d14d-406f-85a3-43dae2212500/datanode-1/data/containers/hdds/4f200dba-eca7-434c-8fac-8a7ba35169b6/current/containerDir0/2/chunks/1566445928122.data.0.Deleting it.
2019-08-22 03:52:14,626 | INFO  | DNAudit | user=null | ip=null | op=WRITE_CHUNK {blockData=conID: 2 locID: 1566445928122 bcsId: 0} | ret=SUCCESS |  
2019-08-22 03:52:14,627 | INFO  | DNAudit | user=null | ip=null | op=WRITE_CHUNK {blockData=conID: 2 locID: 1566445928122 bcsId: 0} | ret=SUCCESS |  
2019-08-22 03:52:14,694 | INFO  | DNAudit | user=null | ip=null | op=PUT_BLOCK {blockData=[blockId=conID: 2 locID: 1566445928122 bcsId: 0,size=1048576]} | ret=SUCCESS |  
2019-08-22 03:52:14,712 | INFO  | DNAudit | user=null | ip=null | op=WRITE_CHUNK {blockData=conID: 2 locID: 1566445928122 bcsId: 0} | ret=SUCCESS |  
2019-08-22 03:52:14,713 INFO  client.GrpcClientProtocolClient (GrpcClientProtocolClient.java:onNext(255)) - client-9C4C58832F0D->62ca953e-0868-4cb4-a350-3b0ba6272019: receive RaftClientReply:client-9C4C58832F0D->62ca953e-0868-4cb4-a350-3b0ba6272019@group-00ED3BCDBB7D, cid=18, SUCCESS, logIndex=3, commits[62ca953e-0868-4cb4-a350-3b0ba6272019:c8, 13038f0e-7807-4313-bb5c-861eea26ea44:c6, 58341601-4dc9-4d4f-bde6-1f95ab507f59:c6]
2019-08-22 03:52:14,714 INFO  client.GrpcClientProtocolClient (GrpcClientProtocolClient.java:onNext(255)) - client-9C4C58832F0D->62ca953e-0868-4cb4-a350-3b0ba6272019: receive RaftClientReply:client-9C4C58832F0D->62ca953e-0868-4cb4-a350-3b0ba6272019@group-00ED3BCDBB7D, cid=19, SUCCESS, logIndex=4, commits[62ca953e-0868-4cb4-a350-3b0ba6272019:c8, 13038f0e-7807-4313-bb5c-861eea26ea44:c6, 58341601-4dc9-4d4f-bde6-1f95ab507f59:c6]
2019-08-22 03:52:14,761 | INFO  | SCMAudit | user=jenkins1000 | ip=192.168.69.127 | op=SEND_HEARTBEAT {datanodeUUID=0c706f81-1733-40dc-9ced-2ff17170c2a2, command=[]} | ret=SUCCESS |  
2019-08-22 03:52:14,765 | INFO  | DNAudit | user=null | ip=null | op=PUT_BLOCK {blockData=[blockId=conID: 2 locID: 1566445928122 bcsId: 0,size=1048576]} | ret=SUCCESS |  
2019-08-22 03:52:14,767 | INFO  | DNAudit | user=null | ip=null | op=WRITE_CHUNK {blockData=conID: 2 locID: 1566445928122 bcsId: 0} | ret=SUCCESS |  
2019-08-22 03:52:14,802 | INFO  | SCMAudit | user=jenkins1000 | ip=192.168.69.127 | op=SEND_HEARTBEAT {datanodeUUID=8cce591f-406f-40e9-b184-f5450519b4f0, command=[]} | ret=SUCCESS |  
2019-08-22 03:52:14,809 | INFO  | SCMAudit | user=jenkins1000 | ip=192.168.69.127 | op=SEND_HEARTBEAT {datanodeUUID=7cf9cfae-dfa7-49dc-b4f8-a4e838b109d5, command=[]} | ret=SUCCESS |  
2019-08-22 03:52:14,812 | INFO  | SCMAudit | user=jenkins1000 | ip=192.168.69.127 | op=SEND_HEARTBEAT {datanodeUUID=4f45355e-0fac-4edb-b7c4-b60fa164fda0, command=[]} | ret=SUCCESS |  
2019-08-22 03:52:14,844 | INFO  | DNAudit | user=null | ip=null | op=PUT_BLOCK {blockData=[blockId=conID: 2 locID: 1566445928122 bcsId: 0,size=1048576]} | ret=SUCCESS |  
2019-08-22 03:52:14,844 | INFO  | DNAudit | user=null | ip=null | op=PUT_BLOCK {blockData=[blockId=conID: 2 locID: 1566445928122 bcsId: 0,size=1048576]} | ret=SUCCESS |  
2019-08-22 03:52:14,844 | INFO  | DNAudit | user=null | ip=null | op=PUT_BLOCK {blockData=[blockId=conID: 2 locID: 1566445928122 bcsId: 0,size=1048576]} | ret=SUCCESS |  
2019-08-22 03:52:14,845 | INFO  | DNAudit | user=null | ip=null | op=WRITE_CHUNK {blockData=conID: 2 locID: 1566445928122 bcsId: 0} | ret=SUCCESS |  
2019-08-22 03:52:14,846 | INFO  | DNAudit | user=null | ip=null | op=PUT_BLOCK {blockData=[blockId=conID: 2 locID: 1566445928122 bcsId: 0,size=1048576]} | ret=SUCCESS |  
2019-08-22 03:52:14,847 INFO  client.GrpcClientProtocolClient (GrpcClientProtocolClient.java:onNext(255)) - client-9C4C58832F0D->62ca953e-0868-4cb4-a350-3b0ba6272019: receive RaftClientReply:client-9C4C58832F0D->62ca953e-0868-4cb4-a350-3b0ba6272019@group-00ED3BCDBB7D, cid=20, SUCCESS, logIndex=5, commits[62ca953e-0868-4cb4-a350-3b0ba6272019:c8, 13038f0e-7807-4313-bb5c-861eea26ea44:c6, 58341601-4dc9-4d4f-bde6-1f95ab507f59:c6]
2019-08-22 03:52:14,848 INFO  datanode.ObjectStoreHandler (ObjectStoreHandler.java:close(155)) - Closing ObjectStoreHandler.
2019-08-22 03:52:14,850 INFO  ozone.HddsDatanodeService (HddsDatanodeService.java:stop(451)) - Stopped plug-in org.apache.hadoop.ozone.web.OzoneHddsDatanodeService@ccd341d
2019-08-22 03:52:15,557 INFO  statemachine.DatanodeStateMachine (DatanodeStateMachine.java:lambda$startDaemon$0(350)) - Ozone container server started.
2019-08-22 03:52:15,558 | INFO  | SCMAudit | user=jenkins1000 | ip=192.168.69.127 | op=SEND_HEARTBEAT {datanodeUUID=62ca953e-0868-4cb4-a350-3b0ba6272019, command=[]} | ret=SUCCESS |  
2019-08-22 03:52:15,559 | INFO  | SCMAudit | user=jenkins1000 | ip=192.168.69.127 | op=SEND_HEARTBEAT {datanodeUUID=58341601-4dc9-4d4f-bde6-1f95ab507f59, command=[]} | ret=SUCCESS |  
2019-08-22 03:52:15,762 | INFO  | SCMAudit | user=jenkins1000 | ip=192.168.69.127 | op=SEND_HEARTBEAT {datanodeUUID=0c706f81-1733-40dc-9ced-2ff17170c2a2, command=[]} | ret=SUCCESS |  
2019-08-22 03:52:15,802 | INFO  | SCMAudit | user=jenkins1000 | ip=192.168.69.127 | op=SEND_HEARTBEAT {datanodeUUID=8cce591f-406f-40e9-b184-f5450519b4f0, command=[]} | ret=SUCCESS |  
2019-08-22 03:52:15,810 | INFO  | SCMAudit | user=jenkins1000 | ip=192.168.69.127 | op=SEND_HEARTBEAT {datanodeUUID=7cf9cfae-dfa7-49dc-b4f8-a4e838b109d5, command=[]} | ret=SUCCESS |  
2019-08-22 03:52:15,812 | INFO  | SCMAudit | user=jenkins1000 | ip=192.168.69.127 | op=SEND_HEARTBEAT {datanodeUUID=4f45355e-0fac-4edb-b7c4-b60fa164fda0, command=[]} | ret=SUCCESS |  
2019-08-22 03:52:16,559 | INFO  | SCMAudit | user=jenkins1000 | ip=192.168.69.127 | op=SEND_HEARTBEAT {datanodeUUID=58341601-4dc9-4d4f-bde6-1f95ab507f59, command=[]} | ret=SUCCESS |  
2019-08-22 03:52:16,559 | INFO  | SCMAudit | user=jenkins1000 | ip=192.168.69.127 | op=SEND_HEARTBEAT {datanodeUUID=62ca953e-0868-4cb4-a350-3b0ba6272019, command=[]} | ret=SUCCESS |  
2019-08-22 03:52:16,761 | INFO  | SCMAudit | user=jenkins1000 | ip=192.168.69.127 | op=SEND_HEARTBEAT {datanodeUUID=0c706f81-1733-40dc-9ced-2ff17170c2a2, command=[]} | ret=SUCCESS |  
2019-08-22 03:52:16,802 | INFO  | SCMAudit | user=jenkins1000 | ip=192.168.69.127 | op=SEND_HEARTBEAT {datanodeUUID=8cce591f-406f-40e9-b184-f5450519b4f0, command=[]} | ret=SUCCESS |  
2019-08-22 03:52:16,811 | INFO  | SCMAudit | user=jenkins1000 | ip=192.168.69.127 | op=SEND_HEARTBEAT {datanodeUUID=7cf9cfae-dfa7-49dc-b4f8-a4e838b109d5, command=[]} | ret=SUCCESS |  
2019-08-22 03:52:16,812 | INFO  | SCMAudit | user=jenkins1000 | ip=192.168.69.127 | op=SEND_HEARTBEAT {datanodeUUID=4f45355e-0fac-4edb-b7c4-b60fa164fda0, command=[]} | ret=SUCCESS |  
2019-08-22 03:52:17,559 | INFO  | SCMAudit | user=jenkins1000 | ip=192.168.69.127 | op=SEND_HEARTBEAT {datanodeUUID=62ca953e-0868-4cb4-a350-3b0ba6272019, command=[]} | ret=SUCCESS |  
2019-08-22 03:52:17,559 | INFO  | SCMAudit | user=jenkins1000 | ip=192.168.69.127 | op=SEND_HEARTBEAT {datanodeUUID=58341601-4dc9-4d4f-bde6-1f95ab507f59, command=[]} | ret=SUCCESS |  
2019-08-22 03:52:17,565 INFO  node.StaleNodeHandler (StaleNodeHandler.java:onMessage(58)) - Datanode 13038f0e-7807-4313-bb5c-861eea26ea44{ip: 192.168.69.127, host: byscane-nightly-ccbz9-4173835488, networkLocation: /default-rack, certSerialId: null} moved to stale state. Finalizing its pipelines [PipelineID=0c6351ce-3785-4ceb-9146-4dc0e897f893, PipelineID=6bde2b82-961d-4e33-bc78-00ed3bcdbb7d]
2019-08-22 03:52:17,566 INFO  pipeline.SCMPipelineManager (SCMPipelineManager.java:finalizeAndDestroyPipeline(309)) - destroying pipeline:Pipeline[ Id: 0c6351ce-3785-4ceb-9146-4dc0e897f893, Nodes: 13038f0e-7807-4313-bb5c-861eea26ea44{ip: 192.168.69.127, host: byscane-nightly-ccbz9-4173835488, networkLocation: /default-rack, certSerialId: null}, Type:RATIS, Factor:ONE, State:OPEN]
2019-08-22 03:52:17,567 INFO  pipeline.PipelineStateManager (PipelineStateManager.java:finalizePipeline(123)) - Pipeline Pipeline[ Id: 0c6351ce-3785-4ceb-9146-4dc0e897f893, Nodes: 13038f0e-7807-4313-bb5c-861eea26ea44{ip: 192.168.69.127, host: byscane-nightly-ccbz9-4173835488, networkLocation: /default-rack, certSerialId: null}, Type:RATIS, Factor:ONE, State:CLOSED] moved to CLOSED state
2019-08-22 03:52:17,569 INFO  pipeline.SCMPipelineManager (SCMPipelineManager.java:finalizeAndDestroyPipeline(309)) - destroying pipeline:Pipeline[ Id: 6bde2b82-961d-4e33-bc78-00ed3bcdbb7d, Nodes: 13038f0e-7807-4313-bb5c-861eea26ea44{ip: 192.168.69.127, host: byscane-nightly-ccbz9-4173835488, networkLocation: /default-rack, certSerialId: null}58341601-4dc9-4d4f-bde6-1f95ab507f59{ip: 192.168.69.127, host: byscane-nightly-ccbz9-4173835488, networkLocation: /default-rack, certSerialId: null}62ca953e-0868-4cb4-a350-3b0ba6272019{ip: 192.168.69.127, host: byscane-nightly-ccbz9-4173835488, networkLocation: /default-rack, certSerialId: null}, Type:RATIS, Factor:THREE, State:OPEN]
2019-08-22 03:52:17,569 INFO  pipeline.PipelineStateManager (PipelineStateManager.java:finalizePipeline(123)) - Pipeline Pipeline[ Id: 6bde2b82-961d-4e33-bc78-00ed3bcdbb7d, Nodes: 13038f0e-7807-4313-bb5c-861eea26ea44{ip: 192.168.69.127, host: byscane-nightly-ccbz9-4173835488, networkLocation: /default-rack, certSerialId: null}58341601-4dc9-4d4f-bde6-1f95ab507f59{ip: 192.168.69.127, host: byscane-nightly-ccbz9-4173835488, networkLocation: /default-rack, certSerialId: null}62ca953e-0868-4cb4-a350-3b0ba6272019{ip: 192.168.69.127, host: byscane-nightly-ccbz9-4173835488, networkLocation: /default-rack, certSerialId: null}, Type:RATIS, Factor:THREE, State:CLOSED] moved to CLOSED state
2019-08-22 03:52:17,570 INFO  container.CloseContainerEventHandler (CloseContainerEventHandler.java:onMessage(61)) - Close container Event triggered for container : #2
2019-08-22 03:52:17,761 | INFO  | SCMAudit | user=jenkins1000 | ip=192.168.69.127 | op=SEND_HEARTBEAT {datanodeUUID=0c706f81-1733-40dc-9ced-2ff17170c2a2, command=[]} | ret=SUCCESS |  
2019-08-22 03:52:17,802 | INFO  | SCMAudit | user=jenkins1000 | ip=192.168.69.127 | op=SEND_HEARTBEAT {datanodeUUID=8cce591f-406f-40e9-b184-f5450519b4f0, command=[]} | ret=SUCCESS |  
2019-08-22 03:52:17,811 | INFO  | SCMAudit | user=jenkins1000 | ip=192.168.69.127 | op=SEND_HEARTBEAT {datanodeUUID=7cf9cfae-dfa7-49dc-b4f8-a4e838b109d5, command=[]} | ret=SUCCESS |  
2019-08-22 03:52:17,811 | INFO  | SCMAudit | user=jenkins1000 | ip=192.168.69.127 | op=SEND_HEARTBEAT {datanodeUUID=4f45355e-0fac-4edb-b7c4-b60fa164fda0, command=[]} | ret=SUCCESS |  
2019-08-22 03:52:18,599 | INFO  | SCMAudit | user=jenkins1000 | ip=192.168.69.127 | op=SEND_HEARTBEAT {datanodeUUID=58341601-4dc9-4d4f-bde6-1f95ab507f59, command=[commandType: closeContainerCommand closeContainerCommandProto { containerID: 2 pipelineID { id: "6bde2b82-961d-4e33-bc78-00ed3bcdbb7d" } cmdId: 2 force: false } ]} | ret=SUCCESS |  
2019-08-22 03:52:18,599 | INFO  | SCMAudit | user=jenkins1000 | ip=192.168.69.127 | op=SEND_HEARTBEAT {datanodeUUID=62ca953e-0868-4cb4-a350-3b0ba6272019, command=[commandType: closeContainerCommand closeContainerCommandProto { containerID: 2 pipelineID { id: "6bde2b82-961d-4e33-bc78-00ed3bcdbb7d" } cmdId: 2 force: false } ]} | ret=SUCCESS |  
2019-08-22 03:52:18,761 | INFO  | SCMAudit | user=jenkins1000 | ip=192.168.69.127 | op=SEND_HEARTBEAT {datanodeUUID=0c706f81-1733-40dc-9ced-2ff17170c2a2, command=[]} | ret=SUCCESS |  
2019-08-22 03:52:18,801 | INFO  | SCMAudit | user=jenkins1000 | ip=192.168.69.127 | op=SEND_HEARTBEAT {datanodeUUID=8cce591f-406f-40e9-b184-f5450519b4f0, command=[]} | ret=SUCCESS |  
2019-08-22 03:52:18,811 | INFO  | SCMAudit | user=jenkins1000 | ip=192.168.69.127 | op=SEND_HEARTBEAT {datanodeUUID=4f45355e-0fac-4edb-b7c4-b60fa164fda0, command=[]} | ret=SUCCESS |  
2019-08-22 03:52:18,811 | INFO  | SCMAudit | user=jenkins1000 | ip=192.168.69.127 | op=SEND_HEARTBEAT {datanodeUUID=7cf9cfae-dfa7-49dc-b4f8-a4e838b109d5, command=[]} | ret=SUCCESS |  
2019-08-22 03:52:19,559 | INFO  | SCMAudit | user=jenkins1000 | ip=192.168.69.127 | op=SEND_HEARTBEAT {datanodeUUID=62ca953e-0868-4cb4-a350-3b0ba6272019, command=[]} | ret=SUCCESS |  
2019-08-22 03:52:19,559 | INFO  | SCMAudit | user=jenkins1000 | ip=192.168.69.127 | op=SEND_HEARTBEAT {datanodeUUID=58341601-4dc9-4d4f-bde6-1f95ab507f59, command=[]} | ret=SUCCESS |  
2019-08-22 03:52:19,762 | INFO  | SCMAudit | user=jenkins1000 | ip=192.168.69.127 | op=SEND_HEARTBEAT {datanodeUUID=0c706f81-1733-40dc-9ced-2ff17170c2a2, command=[]} | ret=SUCCESS |  
2019-08-22 03:52:19,802 | INFO  | SCMAudit | user=jenkins1000 | ip=192.168.69.127 | op=SEND_HEARTBEAT {datanodeUUID=8cce591f-406f-40e9-b184-f5450519b4f0, command=[]} | ret=SUCCESS |  
2019-08-22 03:52:19,811 | INFO  | SCMAudit | user=jenkins1000 | ip=192.168.69.127 | op=SEND_HEARTBEAT {datanodeUUID=7cf9cfae-dfa7-49dc-b4f8-a4e838b109d5, command=[]} | ret=SUCCESS |  
2019-08-22 03:52:19,812 | INFO  | SCMAudit | user=jenkins1000 | ip=192.168.69.127 | op=SEND_HEARTBEAT {datanodeUUID=4f45355e-0fac-4edb-b7c4-b60fa164fda0, command=[]} | ret=SUCCESS |  
2019-08-22 03:52:19,852 INFO  ozoneimpl.OzoneContainer (OzoneContainer.java:stop(199)) - Attempting to stop container services.
2019-08-22 03:52:19,857 INFO  impl.RaftServerProxy (RaftServerProxy.java:lambda$close$4(314)) - 13038f0e-7807-4313-bb5c-861eea26ea44: close
2019-08-22 03:52:19,859 INFO  impl.RaftServerImpl (RaftServerImpl.java:lambda$shutdown$3(245)) - 13038f0e-7807-4313-bb5c-861eea26ea44: shutdown group-4DC0E897F893
2019-08-22 03:52:19,859 INFO  util.JmxRegister (JmxRegister.java:unregister(73)) - Successfully un-registered JMX Bean with object name Ratis:service=RaftServer,group=group-4DC0E897F893,id=13038f0e-7807-4313-bb5c-861eea26ea44
2019-08-22 03:52:19,860 INFO  impl.RoleInfo (RoleInfo.java:shutdownLeaderState(104)) - 13038f0e-7807-4313-bb5c-861eea26ea44: shutdown LeaderState
2019-08-22 03:52:19,861 INFO  impl.PendingRequests (PendingRequests.java:sendNotLeaderResponses(202)) - 13038f0e-7807-4313-bb5c-861eea26ea44-PendingRequests: sendNotLeaderResponses
2019-08-22 03:52:19,863 INFO  impl.StateMachineUpdater (StateMachineUpdater.java:stopAndJoin(115)) - StateMachineUpdater:13038f0e-7807-4313-bb5c-861eea26ea44:group-4DC0E897F893: set stopIndex = 0
2019-08-22 03:52:19,863 INFO  impl.RaftServerImpl (ServerState.java:close(394)) - 13038f0e-7807-4313-bb5c-861eea26ea44:group-4DC0E897F893 closes. The last applied log index is 0
2019-08-22 03:52:19,866 INFO  segmented.SegmentedRaftLogWorker (SegmentedRaftLogWorker.java:run(313)) - 13038f0e-7807-4313-bb5c-861eea26ea44-SegmentedRaftLogWorker:Storage Directory /workdir/hadoop-ozone/integration-test/target/test-dir/MiniOzoneClusterImpl-fc235f17-d14d-406f-85a3-43dae2212500/datanode-0/data/ratis/0c6351ce-3785-4ceb-9146-4dc0e897f893 was interrupted, exiting. There are 0 tasks remaining in the queue.
2019-08-22 03:52:19,869 INFO  segmented.SegmentedRaftLogWorker (SegmentedRaftLogWorker.java:close(228)) - 13038f0e-7807-4313-bb5c-861eea26ea44-SegmentedRaftLogWorker:Storage Directory /workdir/hadoop-ozone/integration-test/target/test-dir/MiniOzoneClusterImpl-fc235f17-d14d-406f-85a3-43dae2212500/datanode-0/data/ratis/0c6351ce-3785-4ceb-9146-4dc0e897f893 close()
2019-08-22 03:52:19,873 INFO  impl.RaftServerImpl (RaftServerImpl.java:lambda$shutdown$3(245)) - 13038f0e-7807-4313-bb5c-861eea26ea44: shutdown group-00ED3BCDBB7D
2019-08-22 03:52:19,873 INFO  util.JmxRegister (JmxRegister.java:unregister(73)) - Successfully un-registered JMX Bean with object name Ratis:service=RaftServer,group=group-00ED3BCDBB7D,id=13038f0e-7807-4313-bb5c-861eea26ea44
2019-08-22 03:52:19,874 INFO  impl.RoleInfo (RoleInfo.java:shutdownFollowerState(121)) - 13038f0e-7807-4313-bb5c-861eea26ea44: shutdown FollowerState
2019-08-22 03:52:19,874 INFO  impl.StateMachineUpdater (StateMachineUpdater.java:stopAndJoin(115)) - StateMachineUpdater:13038f0e-7807-4313-bb5c-861eea26ea44:group-00ED3BCDBB7D: set stopIndex = 8
2019-08-22 03:52:19,874 INFO  ratis.ContainerStateMachine (ContainerStateMachine.java:takeSnapshot(262)) - group-00ED3BCDBB7D: Taking a snapshot at:(t:2, i:6) file /workdir/hadoop-ozone/integration-test/target/test-dir/MiniOzoneClusterImpl-fc235f17-d14d-406f-85a3-43dae2212500/datanode-0/data/ratis/6bde2b82-961d-4e33-bc78-00ed3bcdbb7d/sm/snapshot.2_6
2019-08-22 03:52:19,874 INFO  impl.FollowerState (FollowerState.java:run(114)) - 13038f0e-7807-4313-bb5c-861eea26ea44: FollowerState was interrupted: java.lang.InterruptedException: sleep interrupted
2019-08-22 03:52:20,559 | INFO  | SCMAudit | user=jenkins1000 | ip=192.168.69.127 | op=SEND_HEARTBEAT {datanodeUUID=58341601-4dc9-4d4f-bde6-1f95ab507f59, command=[]} | ret=SUCCESS |  
2019-08-22 03:52:20,559 | INFO  | SCMAudit | user=jenkins1000 | ip=192.168.69.127 | op=SEND_HEARTBEAT {datanodeUUID=62ca953e-0868-4cb4-a350-3b0ba6272019, command=[]} | ret=SUCCESS |  
2019-08-22 03:52:20,762 | INFO  | SCMAudit | user=jenkins1000 | ip=192.168.69.127 | op=SEND_HEARTBEAT {datanodeUUID=0c706f81-1733-40dc-9ced-2ff17170c2a2, command=[]} | ret=SUCCESS |  
2019-08-22 03:52:20,802 | INFO  | SCMAudit | user=jenkins1000 | ip=192.168.69.127 | op=SEND_HEARTBEAT {datanodeUUID=8cce591f-406f-40e9-b184-f5450519b4f0, command=[]} | ret=SUCCESS |  
2019-08-22 03:52:20,812 | INFO  | SCMAudit | user=jenkins1000 | ip=192.168.69.127 | op=SEND_HEARTBEAT {datanodeUUID=4f45355e-0fac-4edb-b7c4-b60fa164fda0, command=[]} | ret=SUCCESS |  
2019-08-22 03:52:20,812 | INFO  | SCMAudit | user=jenkins1000 | ip=192.168.69.127 | op=SEND_HEARTBEAT {datanodeUUID=7cf9cfae-dfa7-49dc-b4f8-a4e838b109d5, command=[]} | ret=SUCCESS |  
2019-08-22 03:52:21,560 | INFO  | SCMAudit | user=jenkins1000 | ip=192.168.69.127 | op=SEND_HEARTBEAT {datanodeUUID=62ca953e-0868-4cb4-a350-3b0ba6272019, command=[]} | ret=SUCCESS |  
2019-08-22 03:52:21,560 | INFO  | SCMAudit | user=jenkins1000 | ip=192.168.69.127 | op=SEND_HEARTBEAT {datanodeUUID=58341601-4dc9-4d4f-bde6-1f95ab507f59, command=[]} | ret=SUCCESS |  
2019-08-22 03:52:21,762 | INFO  | SCMAudit | user=jenkins1000 | ip=192.168.69.127 | op=SEND_HEARTBEAT {datanodeUUID=0c706f81-1733-40dc-9ced-2ff17170c2a2, command=[]} | ret=SUCCESS |  
2019-08-22 03:52:21,802 | INFO  | SCMAudit | user=jenkins1000 | ip=192.168.69.127 | op=SEND_HEARTBEAT {datanodeUUID=8cce591f-406f-40e9-b184-f5450519b4f0, command=[]} | ret=SUCCESS |  
2019-08-22 03:52:21,812 | INFO  | SCMAudit | user=jenkins1000 | ip=192.168.69.127 | op=SEND_HEARTBEAT {datanodeUUID=7cf9cfae-dfa7-49dc-b4f8-a4e838b109d5, command=[]} | ret=SUCCESS |  
2019-08-22 03:52:21,812 | INFO  | SCMAudit | user=jenkins1000 | ip=192.168.69.127 | op=SEND_HEARTBEAT {datanodeUUID=4f45355e-0fac-4edb-b7c4-b60fa164fda0, command=[]} | ret=SUCCESS |  
2019-08-22 03:52:22,559 | INFO  | SCMAudit | user=jenkins1000 | ip=192.168.69.127 | op=SEND_HEARTBEAT {datanodeUUID=58341601-4dc9-4d4f-bde6-1f95ab507f59, command=[]} | ret=SUCCESS |  
2019-08-22 03:52:22,560 | INFO  | SCMAudit | user=jenkins1000 | ip=192.168.69.127 | op=SEND_HEARTBEAT {datanodeUUID=62ca953e-0868-4cb4-a350-3b0ba6272019, command=[]} | ret=SUCCESS |  
2019-08-22 03:52:22,762 | INFO  | SCMAudit | user=jenkins1000 | ip=192.168.69.127 | op=SEND_HEARTBEAT {datanodeUUID=0c706f81-1733-40dc-9ced-2ff17170c2a2, command=[]} | ret=SUCCESS |  
2019-08-22 03:52:22,802 | INFO  | SCMAudit | user=jenkins1000 | ip=192.168.69.127 | op=SEND_HEARTBEAT {datanodeUUID=8cce591f-406f-40e9-b184-f5450519b4f0, command=[]} | ret=SUCCESS |  
2019-08-22 03:52:22,812 | INFO  | SCMAudit | user=jenkins1000 | ip=192.168.69.127 | op=SEND_HEARTBEAT {datanodeUUID=4f45355e-0fac-4edb-b7c4-b60fa164fda0, command=[]} | ret=SUCCESS |  
2019-08-22 03:52:22,812 | INFO  | SCMAudit | user=jenkins1000 | ip=192.168.69.127 | op=SEND_HEARTBEAT {datanodeUUID=7cf9cfae-dfa7-49dc-b4f8-a4e838b109d5, command=[]} | ret=SUCCESS |  
2019-08-22 03:52:23,326 INFO  ratis.ContainerStateMachine (ContainerStateMachine.java:takeSnapshot(273)) - group-00ED3BCDBB7D: Finished taking a snapshot at:(t:2, i:6) file:/workdir/hadoop-ozone/integration-test/target/test-dir/MiniOzoneClusterImpl-fc235f17-d14d-406f-85a3-43dae2212500/datanode-0/data/ratis/6bde2b82-961d-4e33-bc78-00ed3bcdbb7d/sm/snapshot.2_6 time:3452
2019-08-22 03:52:23,327 INFO  impl.StateMachineUpdater (StateMachineUpdater.java:takeSnapshot(242)) - StateMachineUpdater:13038f0e-7807-4313-bb5c-861eea26ea44:group-00ED3BCDBB7D: Took a snapshot at index 6
2019-08-22 03:52:23,338 INFO  impl.StateMachineUpdater (StateMachineUpdater.java:lambda$new$0(80)) - StateMachineUpdater:13038f0e-7807-4313-bb5c-861eea26ea44:group-00ED3BCDBB7D: snapshotIndex: updateIncreasingly -1 -> 6
2019-08-22 03:52:23,338 | INFO  | SCMAudit | user=jenkins1000 | ip=192.168.69.127 | op=SEND_HEARTBEAT {datanodeUUID=62ca953e-0868-4cb4-a350-3b0ba6272019, command=[]} | ret=SUCCESS |  
2019-08-22 03:52:23,338 | INFO  | SCMAudit | user=jenkins1000 | ip=192.168.69.127 | op=SEND_HEARTBEAT {datanodeUUID=58341601-4dc9-4d4f-bde6-1f95ab507f59, command=[]} | ret=SUCCESS |  
2019-08-22 03:52:23,345 INFO  impl.RaftServerImpl (ServerState.java:close(394)) - 13038f0e-7807-4313-bb5c-861eea26ea44:group-00ED3BCDBB7D closes. The last applied log index is 8
2019-08-22 03:52:23,346 INFO  segmented.SegmentedRaftLogWorker (SegmentedRaftLogWorker.java:run(313)) - 13038f0e-7807-4313-bb5c-861eea26ea44-SegmentedRaftLogWorker:Storage Directory /workdir/hadoop-ozone/integration-test/target/test-dir/MiniOzoneClusterImpl-fc235f17-d14d-406f-85a3-43dae2212500/datanode-0/data/ratis/6bde2b82-961d-4e33-bc78-00ed3bcdbb7d was interrupted, exiting. There are 0 tasks remaining in the queue.
2019-08-22 03:52:23,349 INFO  segmented.SegmentedRaftLogWorker (SegmentedRaftLogWorker.java:close(228)) - 13038f0e-7807-4313-bb5c-861eea26ea44-SegmentedRaftLogWorker:Storage Directory /workdir/hadoop-ozone/integration-test/target/test-dir/MiniOzoneClusterImpl-fc235f17-d14d-406f-85a3-43dae2212500/datanode-0/data/ratis/6bde2b82-961d-4e33-bc78-00ed3bcdbb7d close()
2019-08-22 03:52:23,354 INFO  server.GrpcService (GrpcService.java:closeImpl(155)) - 13038f0e-7807-4313-bb5c-861eea26ea44: shutdown server with port 42694 now
2019-08-22 03:52:23,367 INFO  server.GrpcService (GrpcService.java:closeImpl(163)) - 13038f0e-7807-4313-bb5c-861eea26ea44: shutdown server with port 42694 successfully
2019-08-22 03:52:23,367 WARN  server.GrpcServerProtocolService (LogUtils.java:warn(134)) - 13038f0e-7807-4313-bb5c-861eea26ea44: appendEntries onError: org.apache.ratis.thirdparty.io.grpc.StatusRuntimeException: CANCELLED: cancelled before receiving half close
2019-08-22 03:52:23,369 WARN  server.GrpcLogAppender (LogUtils.java:warn(134)) - 62ca953e-0868-4cb4-a350-3b0ba6272019->13038f0e-7807-4313-bb5c-861eea26ea44: Failed appendEntries: org.apache.ratis.thirdparty.io.grpc.StatusRuntimeException: CANCELLED: HTTP/2 error code: CANCEL
Received Rst Stream
2019-08-22 03:52:23,372 INFO  impl.FollowerInfo (FollowerInfo.java:lambda$new$0(50)) - 62ca953e-0868-4cb4-a350-3b0ba6272019->13038f0e-7807-4313-bb5c-861eea26ea44: nextIndex: updateUnconditionally 11 -> 9
2019-08-22 03:52:23,380 INFO  utils.BackgroundService (BackgroundService.java:shutdown(148)) - Shutting down service BlockDeletingService
2019-08-22 03:52:23,391 WARN  fs.CachingGetSpaceUsed (CachingGetSpaceUsed.java:run(183)) - Thread Interrupted waiting to refresh disk information: sleep interrupted
2019-08-22 03:52:23,419 INFO  statemachine.DatanodeStateMachine (DatanodeStateMachine.java:stopDaemon(395)) - Ozone container server stopped.
2019-08-22 03:52:23,423 INFO  handler.ContextHandler (ContextHandler.java:doStop(910)) - Stopped o.e.j.w.WebAppContext@44cffc25{/,null,UNAVAILABLE}{/hddsDatanode}
2019-08-22 03:52:23,428 INFO  interfaces.Container (KeyValueContainer.java:compactDB(356)) - Container 2 is closed with bcsId 5.
2019-08-22 03:52:23,428 INFO  interfaces.Container (KeyValueContainer.java:compactDB(356)) - Container 2 is closed with bcsId 5.
2019-08-22 03:52:23,430 | INFO  | DNAudit | user=null | ip=null | op=CLOSE_CONTAINER {containerID=2} | ret=SUCCESS |  
2019-08-22 03:52:23,430 | INFO  | DNAudit | user=null | ip=null | op=CLOSE_CONTAINER {containerID=2} | ret=SUCCESS |  
2019-08-22 03:52:23,432 | INFO  | SCMAudit | user=jenkins1000 | ip=192.168.69.127 | op=SEND_HEARTBEAT {datanodeUUID=62ca953e-0868-4cb4-a350-3b0ba6272019, command=[]} | ret=SUCCESS |  
2019-08-22 03:52:23,432 | INFO  | SCMAudit | user=jenkins1000 | ip=192.168.69.127 | op=SEND_HEARTBEAT {datanodeUUID=58341601-4dc9-4d4f-bde6-1f95ab507f59, command=[]} | ret=SUCCESS |  
2019-08-22 03:52:23,432 INFO  container.IncrementalContainerReportHandler (AbstractContainerReportHandler.java:updateContainerState(176)) - Moving container #2 to CLOSED state, datanode 62ca953e-0868-4cb4-a350-3b0ba6272019{ip: 192.168.69.127, host: byscane-nightly-ccbz9-4173835488, networkLocation: /default-rack, certSerialId: null} reported CLOSED replica.
2019-08-22 03:52:23,433 INFO  server.AbstractConnector (AbstractConnector.java:doStop(318)) - Stopped ServerConnector@2a369e14{HTTP/1.1,[http/1.1]}{0.0.0.0:0}
2019-08-22 03:52:23,433 INFO  handler.ContextHandler (ContextHandler.java:doStop(910)) - Stopped o.e.j.s.ServletContextHandler@242b6e1a{/static,jar:file:/home/user/.m2/repository/org/apache/hadoop/hadoop-hdds-container-service/0.4.1-SNAPSHOT/hadoop-hdds-container-service-0.4.1-SNAPSHOT.jar!/webapps/static,UNAVAILABLE}
2019-08-22 03:52:23,434 INFO  handler.ContextHandler (ContextHandler.java:doStop(910)) - Stopped o.e.j.s.ServletContextHandler@2f897dab{/logs,file:///workdir/hadoop-ozone/integration-test/target/log,UNAVAILABLE}
2019-08-22 03:52:23,436 INFO  datanode.ObjectStoreHandler (ObjectStoreHandler.java:close(155)) - Closing ObjectStoreHandler.
2019-08-22 03:52:23,436 INFO  ozone.HddsDatanodeService (HddsDatanodeService.java:stop(451)) - Stopped plug-in org.apache.hadoop.ozone.web.OzoneHddsDatanodeService@13cc0b90
2019-08-22 03:52:23,762 | INFO  | SCMAudit | user=jenkins1000 | ip=192.168.69.127 | op=SEND_HEARTBEAT {datanodeUUID=0c706f81-1733-40dc-9ced-2ff17170c2a2, command=[]} | ret=SUCCESS |  
2019-08-22 03:52:23,802 | INFO  | SCMAudit | user=jenkins1000 | ip=192.168.69.127 | op=SEND_HEARTBEAT {datanodeUUID=8cce591f-406f-40e9-b184-f5450519b4f0, command=[]} | ret=SUCCESS |  
2019-08-22 03:52:23,811 | INFO  | SCMAudit | user=jenkins1000 | ip=192.168.69.127 | op=SEND_HEARTBEAT {datanodeUUID=4f45355e-0fac-4edb-b7c4-b60fa164fda0, command=[]} | ret=SUCCESS |  
2019-08-22 03:52:23,812 | INFO  | SCMAudit | user=jenkins1000 | ip=192.168.69.127 | op=SEND_HEARTBEAT {datanodeUUID=7cf9cfae-dfa7-49dc-b4f8-a4e838b109d5, command=[]} | ret=SUCCESS |  
2019-08-22 03:52:24,433 INFO  statemachine.DatanodeStateMachine (DatanodeStateMachine.java:lambda$startDaemon$0(350)) - Ozone container server started.
2019-08-22 03:52:24,436 | INFO  | SCMAudit | user=jenkins1000 | ip=192.168.69.127 | op=SEND_HEARTBEAT {datanodeUUID=62ca953e-0868-4cb4-a350-3b0ba6272019, command=[]} | ret=SUCCESS |  
2019-08-22 03:52:24,762 | INFO  | SCMAudit | user=jenkins1000 | ip=192.168.69.127 | op=SEND_HEARTBEAT {datanodeUUID=0c706f81-1733-40dc-9ced-2ff17170c2a2, command=[]} | ret=SUCCESS |  
2019-08-22 03:52:24,802 | INFO  | SCMAudit | user=jenkins1000 | ip=192.168.69.127 | op=SEND_HEARTBEAT {datanodeUUID=8cce591f-406f-40e9-b184-f5450519b4f0, command=[]} | ret=SUCCESS |  
2019-08-22 03:52:24,811 | INFO  | SCMAudit | user=jenkins1000 | ip=192.168.69.127 | op=SEND_HEARTBEAT {datanodeUUID=4f45355e-0fac-4edb-b7c4-b60fa164fda0, command=[]} | ret=SUCCESS |  
2019-08-22 03:52:24,812 | INFO  | SCMAudit | user=jenkins1000 | ip=192.168.69.127 | op=SEND_HEARTBEAT {datanodeUUID=7cf9cfae-dfa7-49dc-b4f8-a4e838b109d5, command=[]} | ret=SUCCESS |  
2019-08-22 03:52:25,434 | INFO  | SCMAudit | user=jenkins1000 | ip=192.168.69.127 | op=SEND_HEARTBEAT {datanodeUUID=62ca953e-0868-4cb4-a350-3b0ba6272019, command=[]} | ret=SUCCESS |  
2019-08-22 03:52:25,762 | INFO  | SCMAudit | user=jenkins1000 | ip=192.168.69.127 | op=SEND_HEARTBEAT {datanodeUUID=0c706f81-1733-40dc-9ced-2ff17170c2a2, command=[]} | ret=SUCCESS |  
2019-08-22 03:52:25,802 | INFO  | SCMAudit | user=jenkins1000 | ip=192.168.69.127 | op=SEND_HEARTBEAT {datanodeUUID=8cce591f-406f-40e9-b184-f5450519b4f0, command=[]} | ret=SUCCESS |  
2019-08-22 03:52:25,812 | INFO  | SCMAudit | user=jenkins1000 | ip=192.168.69.127 | op=SEND_HEARTBEAT {datanodeUUID=7cf9cfae-dfa7-49dc-b4f8-a4e838b109d5, command=[]} | ret=SUCCESS |  
2019-08-22 03:52:25,812 | INFO  | SCMAudit | user=jenkins1000 | ip=192.168.69.127 | op=SEND_HEARTBEAT {datanodeUUID=4f45355e-0fac-4edb-b7c4-b60fa164fda0, command=[]} | ret=SUCCESS |  
2019-08-22 03:52:25,877 WARN  server.GrpcLogAppender (LogUtils.java:warn(134)) - 62ca953e-0868-4cb4-a350-3b0ba6272019->13038f0e-7807-4313-bb5c-861eea26ea44: Failed appendEntries: org.apache.ratis.thirdparty.io.grpc.StatusRuntimeException: UNAVAILABLE: io exception
2019-08-22 03:52:25,881 INFO  impl.FollowerInfo (FollowerInfo.java:lambda$new$0(50)) - 62ca953e-0868-4cb4-a350-3b0ba6272019->13038f0e-7807-4313-bb5c-861eea26ea44: nextIndex: updateUnconditionally 9 -> 8
2019-08-22 03:52:26,435 | INFO  | SCMAudit | user=jenkins1000 | ip=192.168.69.127 | op=SEND_HEARTBEAT {datanodeUUID=62ca953e-0868-4cb4-a350-3b0ba6272019, command=[]} | ret=SUCCESS |  
2019-08-22 03:52:26,482 INFO  node.StaleNodeHandler (StaleNodeHandler.java:onMessage(58)) - Datanode 58341601-4dc9-4d4f-bde6-1f95ab507f59{ip: 192.168.69.127, host: byscane-nightly-ccbz9-4173835488, networkLocation: /default-rack, certSerialId: null} moved to stale state. Finalizing its pipelines [PipelineID=6bde2b82-961d-4e33-bc78-00ed3bcdbb7d, PipelineID=7a824175-2846-48ec-9e4c-cfe6fc86a36a]
2019-08-22 03:52:26,482 INFO  pipeline.SCMPipelineManager (SCMPipelineManager.java:finalizeAndDestroyPipeline(309)) - destroying pipeline:Pipeline[ Id: 6bde2b82-961d-4e33-bc78-00ed3bcdbb7d, Nodes: 13038f0e-7807-4313-bb5c-861eea26ea44{ip: 192.168.69.127, host: byscane-nightly-ccbz9-4173835488, networkLocation: /default-rack, certSerialId: null}58341601-4dc9-4d4f-bde6-1f95ab507f59{ip: 192.168.69.127, host: byscane-nightly-ccbz9-4173835488, networkLocation: /default-rack, certSerialId: null}62ca953e-0868-4cb4-a350-3b0ba6272019{ip: 192.168.69.127, host: byscane-nightly-ccbz9-4173835488, networkLocation: /default-rack, certSerialId: null}, Type:RATIS, Factor:THREE, State:CLOSED]
2019-08-22 03:52:26,482 INFO  pipeline.SCMPipelineManager (SCMPipelineManager.java:finalizeAndDestroyPipeline(309)) - destroying pipeline:Pipeline[ Id: 7a824175-2846-48ec-9e4c-cfe6fc86a36a, Nodes: 58341601-4dc9-4d4f-bde6-1f95ab507f59{ip: 192.168.69.127, host: byscane-nightly-ccbz9-4173835488, networkLocation: /default-rack, certSerialId: null}, Type:RATIS, Factor:ONE, State:OPEN]
2019-08-22 03:52:26,483 INFO  pipeline.PipelineStateManager (PipelineStateManager.java:finalizePipeline(123)) - Pipeline Pipeline[ Id: 7a824175-2846-48ec-9e4c-cfe6fc86a36a, Nodes: 58341601-4dc9-4d4f-bde6-1f95ab507f59{ip: 192.168.69.127, host: byscane-nightly-ccbz9-4173835488, networkLocation: /default-rack, certSerialId: null}, Type:RATIS, Factor:ONE, State:CLOSED] moved to CLOSED state
2019-08-22 03:52:26,762 | INFO  | SCMAudit | user=jenkins1000 | ip=192.168.69.127 | op=SEND_HEARTBEAT {datanodeUUID=0c706f81-1733-40dc-9ced-2ff17170c2a2, command=[]} | ret=SUCCESS |  
2019-08-22 03:52:26,802 | INFO  | SCMAudit | user=jenkins1000 | ip=192.168.69.127 | op=SEND_HEARTBEAT {datanodeUUID=8cce591f-406f-40e9-b184-f5450519b4f0, command=[]} | ret=SUCCESS |  
2019-08-22 03:52:26,811 | INFO  | SCMAudit | user=jenkins1000 | ip=192.168.69.127 | op=SEND_HEARTBEAT {datanodeUUID=7cf9cfae-dfa7-49dc-b4f8-a4e838b109d5, command=[]} | ret=SUCCESS |  
2019-08-22 03:52:26,812 | INFO  | SCMAudit | user=jenkins1000 | ip=192.168.69.127 | op=SEND_HEARTBEAT {datanodeUUID=4f45355e-0fac-4edb-b7c4-b60fa164fda0, command=[]} | ret=SUCCESS |  
2019-08-22 03:52:27,435 | INFO  | SCMAudit | user=jenkins1000 | ip=192.168.69.127 | op=SEND_HEARTBEAT {datanodeUUID=62ca953e-0868-4cb4-a350-3b0ba6272019, command=[]} | ret=SUCCESS |  
2019-08-22 03:52:27,763 | INFO  | SCMAudit | user=jenkins1000 | ip=192.168.69.127 | op=SEND_HEARTBEAT {datanodeUUID=0c706f81-1733-40dc-9ced-2ff17170c2a2, command=[]} | ret=SUCCESS |  
2019-08-22 03:52:27,802 | INFO  | SCMAudit | user=jenkins1000 | ip=192.168.69.127 | op=SEND_HEARTBEAT {datanodeUUID=8cce591f-406f-40e9-b184-f5450519b4f0, command=[]} | ret=SUCCESS |  
2019-08-22 03:52:27,812 | INFO  | SCMAudit | user=jenkins1000 | ip=192.168.69.127 | op=SEND_HEARTBEAT {datanodeUUID=4f45355e-0fac-4edb-b7c4-b60fa164fda0, command=[]} | ret=SUCCESS |  
2019-08-22 03:52:27,812 | INFO  | SCMAudit | user=jenkins1000 | ip=192.168.69.127 | op=SEND_HEARTBEAT {datanodeUUID=7cf9cfae-dfa7-49dc-b4f8-a4e838b109d5, command=[]} | ret=SUCCESS |  
2019-08-22 03:52:28,373 WARN  server.GrpcLogAppender (LogUtils.java:warn(134)) - 62ca953e-0868-4cb4-a350-3b0ba6272019->13038f0e-7807-4313-bb5c-861eea26ea44: Failed appendEntries: org.apache.ratis.thirdparty.io.grpc.StatusRuntimeException: UNAVAILABLE: io exception
2019-08-22 03:52:28,380 INFO  impl.FollowerInfo (FollowerInfo.java:lambda$new$0(50)) - 62ca953e-0868-4cb4-a350-3b0ba6272019->13038f0e-7807-4313-bb5c-861eea26ea44: nextIndex: updateUnconditionally 8 -> 7
2019-08-22 03:52:28,436 | INFO  | SCMAudit | user=jenkins1000 | ip=192.168.69.127 | op=SEND_HEARTBEAT {datanodeUUID=62ca953e-0868-4cb4-a350-3b0ba6272019, command=[]} | ret=SUCCESS |  
2019-08-22 03:52:28,437 INFO  ozoneimpl.OzoneContainer (OzoneContainer.java:stop(199)) - Attempting to stop container services.
2019-08-22 03:52:28,438 INFO  impl.RaftServerProxy (RaftServerProxy.java:lambda$close$4(314)) - 58341601-4dc9-4d4f-bde6-1f95ab507f59: close
2019-08-22 03:52:28,439 INFO  impl.RaftServerImpl (RaftServerImpl.java:lambda$shutdown$3(245)) - 58341601-4dc9-4d4f-bde6-1f95ab507f59: shutdown group-00ED3BCDBB7D
2019-08-22 03:52:28,439 INFO  impl.RaftServerImpl (RaftServerImpl.java:lambda$shutdown$3(245)) - 58341601-4dc9-4d4f-bde6-1f95ab507f59: shutdown group-CFE6FC86A36A
2019-08-22 03:52:28,439 INFO  util.JmxRegister (JmxRegister.java:unregister(73)) - Successfully un-registered JMX Bean with object name Ratis:service=RaftServer,group=group-00ED3BCDBB7D,id=58341601-4dc9-4d4f-bde6-1f95ab507f59
2019-08-22 03:52:28,440 INFO  util.JmxRegister (JmxRegister.java:unregister(73)) - Successfully un-registered JMX Bean with object name Ratis:service=RaftServer,group=group-CFE6FC86A36A,id=58341601-4dc9-4d4f-bde6-1f95ab507f59
2019-08-22 03:52:28,440 INFO  impl.RoleInfo (RoleInfo.java:shutdownFollowerState(121)) - 58341601-4dc9-4d4f-bde6-1f95ab507f59: shutdown FollowerState
2019-08-22 03:52:28,440 INFO  impl.RoleInfo (RoleInfo.java:shutdownLeaderState(104)) - 58341601-4dc9-4d4f-bde6-1f95ab507f59: shutdown LeaderState
2019-08-22 03:52:28,443 INFO  impl.FollowerState (FollowerState.java:run(114)) - 58341601-4dc9-4d4f-bde6-1f95ab507f59: FollowerState was interrupted: java.lang.InterruptedException: sleep interrupted
2019-08-22 03:52:28,441 INFO  impl.StateMachineUpdater (StateMachineUpdater.java:stopAndJoin(115)) - StateMachineUpdater:58341601-4dc9-4d4f-bde6-1f95ab507f59:group-00ED3BCDBB7D: set stopIndex = 10
2019-08-22 03:52:28,443 INFO  impl.PendingRequests (PendingRequests.java:sendNotLeaderResponses(202)) - 58341601-4dc9-4d4f-bde6-1f95ab507f59-PendingRequests: sendNotLeaderResponses
2019-08-22 03:52:28,443 INFO  ratis.ContainerStateMachine (ContainerStateMachine.java:takeSnapshot(262)) - group-00ED3BCDBB7D: Taking a snapshot at:(t:2, i:9) file /workdir/hadoop-ozone/integration-test/target/test-dir/MiniOzoneClusterImpl-fc235f17-d14d-406f-85a3-43dae2212500/datanode-1/data/ratis/6bde2b82-961d-4e33-bc78-00ed3bcdbb7d/sm/snapshot.2_9
2019-08-22 03:52:28,446 INFO  impl.StateMachineUpdater (StateMachineUpdater.java:stopAndJoin(115)) - StateMachineUpdater:58341601-4dc9-4d4f-bde6-1f95ab507f59:group-CFE6FC86A36A: set stopIndex = 0
2019-08-22 03:52:28,447 INFO  impl.RaftServerImpl (ServerState.java:close(394)) - 58341601-4dc9-4d4f-bde6-1f95ab507f59:group-CFE6FC86A36A closes. The last applied log index is 0
2019-08-22 03:52:28,447 INFO  segmented.SegmentedRaftLogWorker (SegmentedRaftLogWorker.java:run(313)) - 58341601-4dc9-4d4f-bde6-1f95ab507f59-SegmentedRaftLogWorker:Storage Directory /workdir/hadoop-ozone/integration-test/target/test-dir/MiniOzoneClusterImpl-fc235f17-d14d-406f-85a3-43dae2212500/datanode-1/data/ratis/7a824175-2846-48ec-9e4c-cfe6fc86a36a was interrupted, exiting. There are 0 tasks remaining in the queue.
2019-08-22 03:52:28,450 INFO  segmented.SegmentedRaftLogWorker (SegmentedRaftLogWorker.java:close(228)) - 58341601-4dc9-4d4f-bde6-1f95ab507f59-SegmentedRaftLogWorker:Storage Directory /workdir/hadoop-ozone/integration-test/target/test-dir/MiniOzoneClusterImpl-fc235f17-d14d-406f-85a3-43dae2212500/datanode-1/data/ratis/7a824175-2846-48ec-9e4c-cfe6fc86a36a close()
2019-08-22 03:52:28,461 INFO  ratis.ContainerStateMachine (ContainerStateMachine.java:takeSnapshot(273)) - group-00ED3BCDBB7D: Finished taking a snapshot at:(t:2, i:9) file:/workdir/hadoop-ozone/integration-test/target/test-dir/MiniOzoneClusterImpl-fc235f17-d14d-406f-85a3-43dae2212500/datanode-1/data/ratis/6bde2b82-961d-4e33-bc78-00ed3bcdbb7d/sm/snapshot.2_9 time:20
2019-08-22 03:52:28,461 INFO  impl.StateMachineUpdater (StateMachineUpdater.java:takeSnapshot(242)) - StateMachineUpdater:58341601-4dc9-4d4f-bde6-1f95ab507f59:group-00ED3BCDBB7D: Took a snapshot at index 9
2019-08-22 03:52:28,461 INFO  impl.StateMachineUpdater (StateMachineUpdater.java:lambda$new$0(80)) - StateMachineUpdater:58341601-4dc9-4d4f-bde6-1f95ab507f59:group-00ED3BCDBB7D: snapshotIndex: updateIncreasingly -1 -> 9
2019-08-22 03:52:28,462 INFO  impl.RaftServerImpl (ServerState.java:close(394)) - 58341601-4dc9-4d4f-bde6-1f95ab507f59:group-00ED3BCDBB7D closes. The last applied log index is 10
2019-08-22 03:52:28,462 INFO  segmented.SegmentedRaftLogWorker (SegmentedRaftLogWorker.java:run(313)) - 58341601-4dc9-4d4f-bde6-1f95ab507f59-SegmentedRaftLogWorker:Storage Directory /workdir/hadoop-ozone/integration-test/target/test-dir/MiniOzoneClusterImpl-fc235f17-d14d-406f-85a3-43dae2212500/datanode-1/data/ratis/6bde2b82-961d-4e33-bc78-00ed3bcdbb7d was interrupted, exiting. There are 0 tasks remaining in the queue.
2019-08-22 03:52:28,465 INFO  segmented.SegmentedRaftLogWorker (SegmentedRaftLogWorker.java:close(228)) - 58341601-4dc9-4d4f-bde6-1f95ab507f59-SegmentedRaftLogWorker:Storage Directory /workdir/hadoop-ozone/integration-test/target/test-dir/MiniOzoneClusterImpl-fc235f17-d14d-406f-85a3-43dae2212500/datanode-1/data/ratis/6bde2b82-961d-4e33-bc78-00ed3bcdbb7d close()
2019-08-22 03:52:28,469 INFO  server.GrpcService (GrpcService.java:closeImpl(155)) - 58341601-4dc9-4d4f-bde6-1f95ab507f59: shutdown server with port 39545 now
2019-08-22 03:52:28,474 WARN  server.GrpcServerProtocolService (LogUtils.java:warn(134)) - 58341601-4dc9-4d4f-bde6-1f95ab507f59: appendEntries onError: org.apache.ratis.thirdparty.io.grpc.StatusRuntimeException: CANCELLED: cancelled before receiving half close
2019-08-22 03:52:28,474 INFO  server.GrpcService (GrpcService.java:closeImpl(163)) - 58341601-4dc9-4d4f-bde6-1f95ab507f59: shutdown server with port 39545 successfully
2019-08-22 03:52:28,476 WARN  server.GrpcLogAppender (LogUtils.java:warn(134)) - 62ca953e-0868-4cb4-a350-3b0ba6272019->58341601-4dc9-4d4f-bde6-1f95ab507f59: Failed appendEntries: org.apache.ratis.thirdparty.io.grpc.StatusRuntimeException: CANCELLED: HTTP/2 error code: CANCEL
Received Rst Stream
2019-08-22 03:52:28,479 INFO  impl.FollowerInfo (FollowerInfo.java:lambda$new$0(50)) - 62ca953e-0868-4cb4-a350-3b0ba6272019->58341601-4dc9-4d4f-bde6-1f95ab507f59: nextIndex: updateUnconditionally 11 -> 10
2019-08-22 03:52:28,480 INFO  utils.BackgroundService (BackgroundService.java:shutdown(148)) - Shutting down service BlockDeletingService
2019-08-22 03:52:28,481 WARN  fs.CachingGetSpaceUsed (CachingGetSpaceUsed.java:run(183)) - Thread Interrupted waiting to refresh disk information: sleep interrupted
2019-08-22 03:52:28,513 INFO  statemachine.DatanodeStateMachine (DatanodeStateMachine.java:stopDaemon(395)) - Ozone container server stopped.
2019-08-22 03:52:28,514 INFO  handler.ContextHandler (ContextHandler.java:doStop(910)) - Stopped o.e.j.w.WebAppContext@37e0056e{/,null,UNAVAILABLE}{/hddsDatanode}
2019-08-22 03:52:28,515 INFO  server.AbstractConnector (AbstractConnector.java:doStop(318)) - Stopped ServerConnector@415795f3{HTTP/1.1,[http/1.1]}{0.0.0.0:0}
2019-08-22 03:52:28,516 INFO  handler.ContextHandler (ContextHandler.java:doStop(910)) - Stopped o.e.j.s.ServletContextHandler@a1691c0{/static,jar:file:/home/user/.m2/repository/org/apache/hadoop/hadoop-hdds-container-service/0.4.1-SNAPSHOT/hadoop-hdds-container-service-0.4.1-SNAPSHOT.jar!/webapps/static,UNAVAILABLE}
2019-08-22 03:52:28,516 INFO  handler.ContextHandler (ContextHandler.java:doStop(910)) - Stopped o.e.j.s.ServletContextHandler@7b351446{/logs,file:///workdir/hadoop-ozone/integration-test/target/log,UNAVAILABLE}
]]></system-out>
  </testcase>
</testsuite>